<?xml version="1.0" encoding="UTF-8"?>
<testsuite xmlns:xsi="http://www.w3.org/2001/XMLSchema-instance" xsi:noNamespaceSchemaLocation="https://maven.apache.org/surefire/maven-surefire-plugin/xsd/surefire-test-report.xsd" name="org.apache.hadoop.ozone.freon.TestRandomKeyGenerator" time="146.799" tests="6" errors="1" skipped="0" failures="0">
  <properties>
    <property name="awt.toolkit" value="sun.awt.X11.XToolkit"/>
    <property name="file.encoding.pkg" value="sun.io"/>
    <property name="java.specification.version" value="1.8"/>
    <property name="sun.cpu.isalist" value=""/>
    <property name="sun.jnu.encoding" value="UTF-8"/>
    <property name="java.class.path" value="/workdir/hadoop-ozone/tools/target/test-classes:/workdir/hadoop-ozone/tools/target/classes:/home/user/.m2/repository/org/apache/hadoop/hadoop-ozone-ozone-manager/0.5.0-SNAPSHOT/hadoop-ozone-ozone-manager-0.5.0-SNAPSHOT.jar:/home/user/.m2/repository/org/apache/hadoop/hadoop-hdds-docs/0.5.0-SNAPSHOT/hadoop-hdds-docs-0.5.0-SNAPSHOT.jar:/home/user/.m2/repository/org/bouncycastle/bcprov-jdk15on/1.60/bcprov-jdk15on-1.60.jar:/home/user/.m2/repository/org/apache/hadoop/hadoop-ozone-common/0.5.0-SNAPSHOT/hadoop-ozone-common-0.5.0-SNAPSHOT.jar:/home/user/.m2/repository/org/apache/commons/commons-compress/1.4.1/commons-compress-1.4.1.jar:/home/user/.m2/repository/org/tukaani/xz/1.0/xz-1.0.jar:/home/user/.m2/repository/org/apache/hadoop/hadoop-hdfs-client/3.2.0/hadoop-hdfs-client-3.2.0.jar:/home/user/.m2/repository/com/fasterxml/jackson/core/jackson-annotations/2.9.5/jackson-annotations-2.9.5.jar:/home/user/.m2/repository/org/apache/hadoop/hadoop-hdds-common/0.5.0-SNAPSHOT/hadoop-hdds-common-0.5.0-SNAPSHOT.jar:/home/user/.m2/repository/org/apache/hadoop/hadoop-hdds-config/0.5.0-SNAPSHOT/hadoop-hdds-config-0.5.0-SNAPSHOT.jar:/home/user/.m2/repository/javax/annotation/javax.annotation-api/1.2/javax.annotation-api-1.2.jar:/home/user/.m2/repository/org/apache/ratis/ratis-server/0.4.0-2337318-SNAPSHOT/ratis-server-0.4.0-2337318-SNAPSHOT.jar:/home/user/.m2/repository/org/apache/ratis/ratis-thirdparty-misc/0.2.0/ratis-thirdparty-misc-0.2.0.jar:/home/user/.m2/repository/org/apache/ratis/ratis-proto/0.4.0-2337318-SNAPSHOT/ratis-proto-0.4.0-2337318-SNAPSHOT.jar:/home/user/.m2/repository/org/apache/ratis/ratis-common/0.4.0-2337318-SNAPSHOT/ratis-common-0.4.0-2337318-SNAPSHOT.jar:/home/user/.m2/repository/org/apache/ratis/ratis-client/0.4.0-2337318-SNAPSHOT/ratis-client-0.4.0-2337318-SNAPSHOT.jar:/home/user/.m2/repository/org/apache/ratis/ratis-metrics/0.4.0-2337318-SNAPSHOT/ratis-metrics-0.4.0-2337318-SNAPSHOT.jar:/home/user/.m2/repository/org/apache/ratis/ratis-netty/0.4.0-2337318-SNAPSHOT/ratis-netty-0.4.0-2337318-SNAPSHOT.jar:/home/user/.m2/repository/org/apache/ratis/ratis-grpc/0.4.0-2337318-SNAPSHOT/ratis-grpc-0.4.0-2337318-SNAPSHOT.jar:/home/user/.m2/repository/org/rocksdb/rocksdbjni/6.0.1/rocksdbjni-6.0.1.jar:/home/user/.m2/repository/org/apache/logging/log4j/log4j-api/2.11.0/log4j-api-2.11.0.jar:/home/user/.m2/repository/org/apache/logging/log4j/log4j-core/2.11.0/log4j-core-2.11.0.jar:/home/user/.m2/repository/com/lmax/disruptor/3.4.2/disruptor-3.4.2.jar:/home/user/.m2/repository/org/apache/commons/commons-pool2/2.6.0/commons-pool2-2.6.0.jar:/home/user/.m2/repository/org/bouncycastle/bcpkix-jdk15on/1.60/bcpkix-jdk15on-1.60.jar:/home/user/.m2/repository/commons-validator/commons-validator/1.6/commons-validator-1.6.jar:/home/user/.m2/repository/commons-digester/commons-digester/1.8.1/commons-digester-1.8.1.jar:/home/user/.m2/repository/io/jaegertracing/jaeger-client/0.33.1/jaeger-client-0.33.1.jar:/home/user/.m2/repository/io/jaegertracing/jaeger-thrift/0.33.1/jaeger-thrift-0.33.1.jar:/home/user/.m2/repository/org/apache/thrift/libthrift/0.11.0/libthrift-0.11.0.jar:/home/user/.m2/repository/com/squareup/okhttp3/okhttp/3.9.0/okhttp-3.9.0.jar:/home/user/.m2/repository/com/squareup/okio/okio/1.13.0/okio-1.13.0.jar:/home/user/.m2/repository/io/jaegertracing/jaeger-core/0.33.1/jaeger-core-0.33.1.jar:/home/user/.m2/repository/io/jaegertracing/jaeger-tracerresolver/0.33.1/jaeger-tracerresolver-0.33.1.jar:/home/user/.m2/repository/io/opentracing/contrib/opentracing-tracerresolver/0.1.5/opentracing-tracerresolver-0.1.5.jar:/home/user/.m2/repository/io/opentracing/opentracing-util/0.31.0/opentracing-util-0.31.0.jar:/home/user/.m2/repository/io/opentracing/opentracing-api/0.31.0/opentracing-api-0.31.0.jar:/home/user/.m2/repository/io/opentracing/opentracing-noop/0.31.0/opentracing-noop-0.31.0.jar:/home/user/.m2/repository/org/yaml/snakeyaml/1.16/snakeyaml-1.16.jar:/home/user/.m2/repository/org/apache/hadoop/hadoop-hdds-container-service/0.5.0-SNAPSHOT/hadoop-hdds-container-service-0.5.0-SNAPSHOT.jar:/home/user/.m2/repository/org/apache/hadoop/hadoop-hdds-client/0.5.0-SNAPSHOT/hadoop-hdds-client-0.5.0-SNAPSHOT.jar:/home/user/.m2/repository/org/apache/hadoop/hadoop-hdds-tools/0.5.0-SNAPSHOT/hadoop-hdds-tools-0.5.0-SNAPSHOT.jar:/home/user/.m2/repository/org/xerial/sqlite-jdbc/3.25.2/sqlite-jdbc-3.25.2.jar:/home/user/.m2/repository/org/apache/hadoop/hadoop-hdds-server-scm/0.5.0-SNAPSHOT/hadoop-hdds-server-scm-0.5.0-SNAPSHOT.jar:/home/user/.m2/repository/org/hamcrest/hamcrest-all/1.3/hamcrest-all-1.3.jar:/home/user/.m2/repository/info/picocli/picocli/3.9.6/picocli-3.9.6.jar:/home/user/.m2/repository/com/google/protobuf/protobuf-java/2.5.0/protobuf-java-2.5.0.jar:/home/user/.m2/repository/com/google/guava/guava/11.0.2/guava-11.0.2.jar:/home/user/.m2/repository/org/apache/hadoop/hadoop-ozone-client/0.5.0-SNAPSHOT/hadoop-ozone-client-0.5.0-SNAPSHOT.jar:/workdir/hadoop-ozone/ozonefs/target/classes:/home/user/.m2/repository/org/apache/hadoop/hadoop-hdds-server-framework/0.5.0-SNAPSHOT/hadoop-hdds-server-framework-0.5.0-SNAPSHOT.jar:/home/user/.m2/repository/org/apache/hadoop/hadoop-common/3.2.0/hadoop-common-3.2.0.jar:/home/user/.m2/repository/org/apache/hadoop/hadoop-annotations/3.2.0/hadoop-annotations-3.2.0.jar:/usr/lib/jvm/java-1.8-openjdk/jre/../lib/tools.jar:/home/user/.m2/repository/commons-cli/commons-cli/1.2/commons-cli-1.2.jar:/home/user/.m2/repository/org/apache/commons/commons-math3/3.1.1/commons-math3-3.1.1.jar:/home/user/.m2/repository/org/apache/httpcomponents/httpclient/4.5.2/httpclient-4.5.2.jar:/home/user/.m2/repository/org/apache/httpcomponents/httpcore/4.4.4/httpcore-4.4.4.jar:/home/user/.m2/repository/commons-codec/commons-codec/1.11/commons-codec-1.11.jar:/home/user/.m2/repository/commons-io/commons-io/2.5/commons-io-2.5.jar:/home/user/.m2/repository/commons-net/commons-net/3.6/commons-net-3.6.jar:/home/user/.m2/repository/commons-collections/commons-collections/3.2.2/commons-collections-3.2.2.jar:/home/user/.m2/repository/javax/servlet/javax.servlet-api/3.1.0/javax.servlet-api-3.1.0.jar:/home/user/.m2/repository/org/eclipse/jetty/jetty-server/9.3.24.v20180605/jetty-server-9.3.24.v20180605.jar:/home/user/.m2/repository/org/eclipse/jetty/jetty-http/9.3.24.v20180605/jetty-http-9.3.24.v20180605.jar:/home/user/.m2/repository/org/eclipse/jetty/jetty-io/9.3.24.v20180605/jetty-io-9.3.24.v20180605.jar:/home/user/.m2/repository/org/eclipse/jetty/jetty-util/9.3.24.v20180605/jetty-util-9.3.24.v20180605.jar:/home/user/.m2/repository/org/eclipse/jetty/jetty-servlet/9.3.24.v20180605/jetty-servlet-9.3.24.v20180605.jar:/home/user/.m2/repository/org/eclipse/jetty/jetty-security/9.3.24.v20180605/jetty-security-9.3.24.v20180605.jar:/home/user/.m2/repository/org/eclipse/jetty/jetty-webapp/9.3.24.v20180605/jetty-webapp-9.3.24.v20180605.jar:/home/user/.m2/repository/org/eclipse/jetty/jetty-xml/9.3.24.v20180605/jetty-xml-9.3.24.v20180605.jar:/home/user/.m2/repository/javax/servlet/jsp/jsp-api/2.1/jsp-api-2.1.jar:/home/user/.m2/repository/com/sun/jersey/jersey-core/1.19/jersey-core-1.19.jar:/home/user/.m2/repository/javax/ws/rs/jsr311-api/1.1.1/jsr311-api-1.1.1.jar:/home/user/.m2/repository/com/sun/jersey/jersey-servlet/1.19/jersey-servlet-1.19.jar:/home/user/.m2/repository/com/sun/jersey/jersey-json/1.19/jersey-json-1.19.jar:/home/user/.m2/repository/org/codehaus/jettison/jettison/1.1/jettison-1.1.jar:/home/user/.m2/repository/com/sun/xml/bind/jaxb-impl/2.3.0.1/jaxb-impl-2.3.0.1.jar:/home/user/.m2/repository/org/codehaus/jackson/jackson-core-asl/1.9.13/jackson-core-asl-1.9.13.jar:/home/user/.m2/repository/org/codehaus/jackson/jackson-mapper-asl/1.9.13/jackson-mapper-asl-1.9.13.jar:/home/user/.m2/repository/org/codehaus/jackson/jackson-jaxrs/1.9.13/jackson-jaxrs-1.9.13.jar:/home/user/.m2/repository/org/codehaus/jackson/jackson-xc/1.9.13/jackson-xc-1.9.13.jar:/home/user/.m2/repository/com/sun/jersey/jersey-server/1.19/jersey-server-1.19.jar:/home/user/.m2/repository/commons-logging/commons-logging/1.1.3/commons-logging-1.1.3.jar:/home/user/.m2/repository/log4j/log4j/1.2.17/log4j-1.2.17.jar:/home/user/.m2/repository/commons-beanutils/commons-beanutils/1.9.3/commons-beanutils-1.9.3.jar:/home/user/.m2/repository/org/apache/commons/commons-configuration2/2.1.1/commons-configuration2-2.1.1.jar:/home/user/.m2/repository/org/apache/commons/commons-lang3/3.7/commons-lang3-3.7.jar:/home/user/.m2/repository/org/apache/commons/commons-text/1.4/commons-text-1.4.jar:/home/user/.m2/repository/org/slf4j/slf4j-api/1.7.25/slf4j-api-1.7.25.jar:/home/user/.m2/repository/org/slf4j/slf4j-log4j12/1.7.25/slf4j-log4j12-1.7.25.jar:/home/user/.m2/repository/org/apache/avro/avro/1.7.7/avro-1.7.7.jar:/home/user/.m2/repository/com/thoughtworks/paranamer/paranamer/2.3/paranamer-2.3.jar:/home/user/.m2/repository/org/xerial/snappy/snappy-java/1.0.5/snappy-java-1.0.5.jar:/home/user/.m2/repository/com/google/re2j/re2j/1.1/re2j-1.1.jar:/home/user/.m2/repository/com/google/code/gson/gson/2.2.4/gson-2.2.4.jar:/home/user/.m2/repository/org/apache/hadoop/hadoop-auth/3.2.0/hadoop-auth-3.2.0.jar:/home/user/.m2/repository/com/nimbusds/nimbus-jose-jwt/4.41.1/nimbus-jose-jwt-4.41.1.jar:/home/user/.m2/repository/com/github/stephenc/jcip/jcip-annotations/1.0-1/jcip-annotations-1.0-1.jar:/home/user/.m2/repository/net/minidev/json-smart/2.3/json-smart-2.3.jar:/home/user/.m2/repository/net/minidev/accessors-smart/1.2/accessors-smart-1.2.jar:/home/user/.m2/repository/org/apache/curator/curator-framework/2.12.0/curator-framework-2.12.0.jar:/home/user/.m2/repository/com/jcraft/jsch/0.1.54/jsch-0.1.54.jar:/home/user/.m2/repository/org/apache/curator/curator-client/2.12.0/curator-client-2.12.0.jar:/home/user/.m2/repository/org/apache/curator/curator-recipes/2.12.0/curator-recipes-2.12.0.jar:/home/user/.m2/repository/com/google/code/findbugs/jsr305/3.0.0/jsr305-3.0.0.jar:/home/user/.m2/repository/org/apache/htrace/htrace-core4/4.1.0-incubating/htrace-core4-4.1.0-incubating.jar:/home/user/.m2/repository/org/apache/zookeeper/zookeeper/3.4.13/zookeeper-3.4.13.jar:/home/user/.m2/repository/org/apache/yetus/audience-annotations/0.5.0/audience-annotations-0.5.0.jar:/home/user/.m2/repository/org/apache/kerby/kerb-simplekdc/1.0.1/kerb-simplekdc-1.0.1.jar:/home/user/.m2/repository/org/apache/kerby/kerb-client/1.0.1/kerb-client-1.0.1.jar:/home/user/.m2/repository/org/apache/kerby/kerby-config/1.0.1/kerby-config-1.0.1.jar:/home/user/.m2/repository/org/apache/kerby/kerb-core/1.0.1/kerb-core-1.0.1.jar:/home/user/.m2/repository/org/apache/kerby/kerby-pkix/1.0.1/kerby-pkix-1.0.1.jar:/home/user/.m2/repository/org/apache/kerby/kerby-asn1/1.0.1/kerby-asn1-1.0.1.jar:/home/user/.m2/repository/org/apache/kerby/kerby-util/1.0.1/kerby-util-1.0.1.jar:/home/user/.m2/repository/org/apache/kerby/kerb-common/1.0.1/kerb-common-1.0.1.jar:/home/user/.m2/repository/org/apache/kerby/kerb-crypto/1.0.1/kerb-crypto-1.0.1.jar:/home/user/.m2/repository/org/apache/kerby/kerb-util/1.0.1/kerb-util-1.0.1.jar:/home/user/.m2/repository/org/apache/kerby/token-provider/1.0.1/token-provider-1.0.1.jar:/home/user/.m2/repository/org/apache/kerby/kerb-admin/1.0.1/kerb-admin-1.0.1.jar:/home/user/.m2/repository/org/apache/kerby/kerb-server/1.0.1/kerb-server-1.0.1.jar:/home/user/.m2/repository/org/apache/kerby/kerb-identity/1.0.1/kerb-identity-1.0.1.jar:/home/user/.m2/repository/org/apache/kerby/kerby-xdr/1.0.1/kerby-xdr-1.0.1.jar:/home/user/.m2/repository/com/fasterxml/jackson/core/jackson-databind/2.9.5/jackson-databind-2.9.5.jar:/home/user/.m2/repository/com/fasterxml/jackson/core/jackson-core/2.9.5/jackson-core-2.9.5.jar:/home/user/.m2/repository/org/codehaus/woodstox/stax2-api/3.1.4/stax2-api-3.1.4.jar:/home/user/.m2/repository/com/fasterxml/woodstox/woodstox-core/5.0.3/woodstox-core-5.0.3.jar:/home/user/.m2/repository/dnsjava/dnsjava/2.1.7/dnsjava-2.1.7.jar:/home/user/.m2/repository/org/apache/hadoop/hadoop-hdfs/3.2.0/hadoop-hdfs-3.2.0.jar:/home/user/.m2/repository/org/eclipse/jetty/jetty-util-ajax/9.3.24.v20180605/jetty-util-ajax-9.3.24.v20180605.jar:/home/user/.m2/repository/commons-daemon/commons-daemon/1.0.13/commons-daemon-1.0.13.jar:/home/user/.m2/repository/io/netty/netty/3.10.5.Final/netty-3.10.5.Final.jar:/home/user/.m2/repository/io/netty/netty-all/4.0.52.Final/netty-all-4.0.52.Final.jar:/home/user/.m2/repository/org/fusesource/leveldbjni/leveldbjni-all/1.8/leveldbjni-all-1.8.jar:/home/user/.m2/repository/com/sun/xml/bind/jaxb-core/2.3.0.1/jaxb-core-2.3.0.1.jar:/home/user/.m2/repository/javax/xml/bind/jaxb-api/2.3.0/jaxb-api-2.3.0.jar:/home/user/.m2/repository/javax/activation/activation/1.1.1/activation-1.1.1.jar:/home/user/.m2/repository/io/dropwizard/metrics/metrics-core/3.2.4/metrics-core-3.2.4.jar:/home/user/.m2/repository/org/openjdk/jmh/jmh-core/1.19/jmh-core-1.19.jar:/home/user/.m2/repository/net/sf/jopt-simple/jopt-simple/4.6/jopt-simple-4.6.jar:/home/user/.m2/repository/org/openjdk/jmh/jmh-generator-annprocess/1.19/jmh-generator-annprocess-1.19.jar:/home/user/.m2/repository/com/google/code/findbugs/findbugs/3.0.1/findbugs-3.0.1.jar:/home/user/.m2/repository/net/jcip/jcip-annotations/1.0/jcip-annotations-1.0.jar:/home/user/.m2/repository/com/google/code/findbugs/bcel-findbugs/6.0/bcel-findbugs-6.0.jar:/home/user/.m2/repository/com/google/code/findbugs/jFormatString/2.0.1/jFormatString-2.0.1.jar:/home/user/.m2/repository/dom4j/dom4j/1.6.1/dom4j-1.6.1.jar:/home/user/.m2/repository/xml-apis/xml-apis/1.0.b2/xml-apis-1.0.b2.jar:/home/user/.m2/repository/org/ow2/asm/asm-debug-all/5.0.2/asm-debug-all-5.0.2.jar:/home/user/.m2/repository/org/ow2/asm/asm-commons/5.0.2/asm-commons-5.0.2.jar:/home/user/.m2/repository/org/ow2/asm/asm-tree/5.0.2/asm-tree-5.0.2.jar:/home/user/.m2/repository/org/ow2/asm/asm/5.0.4/asm-5.0.4.jar:/home/user/.m2/repository/commons-lang/commons-lang/2.6/commons-lang-2.6.jar:/home/user/.m2/repository/com/apple/AppleJavaExtensions/1.4/AppleJavaExtensions-1.4.jar:/home/user/.m2/repository/jaxen/jaxen/1.1.6/jaxen-1.1.6.jar:/home/user/.m2/repository/junit/junit/4.11/junit-4.11.jar:/home/user/.m2/repository/org/hamcrest/hamcrest-core/1.3/hamcrest-core-1.3.jar:/home/user/.m2/repository/org/apache/hadoop/hadoop-common/3.2.0/hadoop-common-3.2.0-tests.jar:/workdir/hadoop-ozone/integration-test/target/test-classes:/home/user/.m2/repository/org/apache/hadoop/hadoop-ozone-objectstore-service/0.5.0-SNAPSHOT/hadoop-ozone-objectstore-service-0.5.0-SNAPSHOT.jar:/home/user/.m2/repository/org/apache/hadoop/hadoop-ozone-s3gateway/0.5.0-SNAPSHOT/hadoop-ozone-s3gateway-0.5.0-SNAPSHOT.jar:/home/user/.m2/repository/org/jboss/weld/servlet/weld-servlet/2.4.7.Final/weld-servlet-2.4.7.Final.jar:/home/user/.m2/repository/org/glassfish/jersey/containers/jersey-container-servlet-core/2.27/jersey-container-servlet-core-2.27.jar:/home/user/.m2/repository/org/glassfish/hk2/external/javax.inject/2.5.0-b42/javax.inject-2.5.0-b42.jar:/home/user/.m2/repository/org/glassfish/jersey/core/jersey-common/2.27/jersey-common-2.27.jar:/home/user/.m2/repository/org/glassfish/hk2/osgi-resource-locator/1.0.1/osgi-resource-locator-1.0.1.jar:/home/user/.m2/repository/javax/ws/rs/javax.ws.rs-api/2.1/javax.ws.rs-api-2.1.jar:/home/user/.m2/repository/org/glassfish/jersey/ext/cdi/jersey-cdi1x/2.27/jersey-cdi1x-2.27.jar:/home/user/.m2/repository/org/glassfish/jersey/inject/jersey-hk2/2.27/jersey-hk2-2.27.jar:/home/user/.m2/repository/org/glassfish/hk2/hk2-locator/2.5.0-b42/hk2-locator-2.5.0-b42.jar:/home/user/.m2/repository/org/javassist/javassist/3.22.0-CR2/javassist-3.22.0-CR2.jar:/home/user/.m2/repository/org/glassfish/hk2/hk2-api/2.5.0/hk2-api-2.5.0.jar:/home/user/.m2/repository/org/glassfish/hk2/external/jakarta.inject/2.5.0/jakarta.inject-2.5.0.jar:/home/user/.m2/repository/org/glassfish/hk2/hk2-utils/2.5.0/hk2-utils-2.5.0.jar:/home/user/.m2/repository/jakarta/annotation/jakarta.annotation-api/1.3.4/jakarta.annotation-api-1.3.4.jar:/home/user/.m2/repository/org/glassfish/hk2/external/aopalliance-repackaged/2.5.0/aopalliance-repackaged-2.5.0.jar:/home/user/.m2/repository/com/fasterxml/jackson/dataformat/jackson-dataformat-xml/2.9.0/jackson-dataformat-xml-2.9.0.jar:/home/user/.m2/repository/com/fasterxml/jackson/module/jackson-module-jaxb-annotations/2.9.5/jackson-module-jaxb-annotations-2.9.5.jar:/home/user/.m2/repository/javax/enterprise/cdi-api/1.2/cdi-api-1.2.jar:/home/user/.m2/repository/javax/el/javax.el-api/3.0.0/javax.el-api-3.0.0.jar:/home/user/.m2/repository/javax/interceptor/javax.interceptor-api/1.2/javax.interceptor-api-1.2.jar:/home/user/.m2/repository/javax/inject/javax.inject/1/javax.inject-1.jar:/home/user/.m2/repository/org/apache/hadoop/hadoop-ozone-csi/0.5.0-SNAPSHOT/hadoop-ozone-csi-0.5.0-SNAPSHOT.jar:/home/user/.m2/repository/com/google/protobuf/protobuf-java-util/3.5.1/protobuf-java-util-3.5.1.jar:/home/user/.m2/repository/io/grpc/grpc-netty/1.17.1/grpc-netty-1.17.1.jar:/home/user/.m2/repository/io/grpc/grpc-core/1.17.1/grpc-core-1.17.1.jar:/home/user/.m2/repository/io/grpc/grpc-context/1.17.1/grpc-context-1.17.1.jar:/home/user/.m2/repository/com/google/errorprone/error_prone_annotations/2.2.0/error_prone_annotations-2.2.0.jar:/home/user/.m2/repository/org/codehaus/mojo/animal-sniffer-annotations/1.17/animal-sniffer-annotations-1.17.jar:/home/user/.m2/repository/io/opencensus/opencensus-api/0.17.0/opencensus-api-0.17.0.jar:/home/user/.m2/repository/io/opencensus/opencensus-contrib-grpc-metrics/0.17.0/opencensus-contrib-grpc-metrics-0.17.0.jar:/home/user/.m2/repository/io/netty/netty-codec-http2/4.1.30.Final/netty-codec-http2-4.1.30.Final.jar:/home/user/.m2/repository/io/netty/netty-codec-http/4.1.30.Final/netty-codec-http-4.1.30.Final.jar:/home/user/.m2/repository/io/netty/netty-codec/4.1.30.Final/netty-codec-4.1.30.Final.jar:/home/user/.m2/repository/io/netty/netty-handler/4.1.30.Final/netty-handler-4.1.30.Final.jar:/home/user/.m2/repository/io/netty/netty-handler-proxy/4.1.30.Final/netty-handler-proxy-4.1.30.Final.jar:/home/user/.m2/repository/io/netty/netty-codec-socks/4.1.30.Final/netty-codec-socks-4.1.30.Final.jar:/home/user/.m2/repository/io/netty/netty-transport-native-epoll/4.1.30.Final/netty-transport-native-epoll-4.1.30.Final.jar:/home/user/.m2/repository/io/netty/netty-common/4.1.30.Final/netty-common-4.1.30.Final.jar:/home/user/.m2/repository/io/netty/netty-buffer/4.1.30.Final/netty-buffer-4.1.30.Final.jar:/home/user/.m2/repository/io/netty/netty-transport/4.1.30.Final/netty-transport-4.1.30.Final.jar:/home/user/.m2/repository/io/netty/netty-resolver/4.1.30.Final/netty-resolver-4.1.30.Final.jar:/home/user/.m2/repository/io/netty/netty-transport-native-unix-common/4.1.30.Final/netty-transport-native-unix-common-4.1.30.Final.jar:/home/user/.m2/repository/io/grpc/grpc-protobuf/1.17.1/grpc-protobuf-1.17.1.jar:/home/user/.m2/repository/com/google/api/grpc/proto-google-common-protos/1.0.0/proto-google-common-protos-1.0.0.jar:/home/user/.m2/repository/io/grpc/grpc-protobuf-lite/1.17.1/grpc-protobuf-lite-1.17.1.jar:/home/user/.m2/repository/io/grpc/grpc-stub/1.17.1/grpc-stub-1.17.1.jar:/home/user/.m2/repository/org/apache/hadoop/hadoop-ozone-recon/0.5.0-SNAPSHOT/hadoop-ozone-recon-0.5.0-SNAPSHOT.jar:/home/user/.m2/repository/org/apache/hadoop/hadoop-ozone-reconcodegen/0.5.0-SNAPSHOT/hadoop-ozone-reconcodegen-0.5.0-SNAPSHOT.jar:/home/user/.m2/repository/com/google/inject/extensions/guice-multibindings/4.0/guice-multibindings-4.0.jar:/home/user/.m2/repository/com/google/inject/guice/4.0/guice-4.0.jar:/home/user/.m2/repository/aopalliance/aopalliance/1.0/aopalliance-1.0.jar:/home/user/.m2/repository/com/google/inject/extensions/guice-servlet/4.0/guice-servlet-4.0.jar:/home/user/.m2/repository/org/glassfish/jersey/containers/jersey-container-servlet/2.27/jersey-container-servlet-2.27.jar:/home/user/.m2/repository/org/glassfish/hk2/guice-bridge/2.5.0/guice-bridge-2.5.0.jar:/home/user/.m2/repository/org/glassfish/jersey/core/jersey-server/2.27/jersey-server-2.27.jar:/home/user/.m2/repository/org/glassfish/jersey/core/jersey-client/2.27/jersey-client-2.27.jar:/home/user/.m2/repository/org/glassfish/jersey/media/jersey-media-jaxb/2.27/jersey-media-jaxb-2.27.jar:/home/user/.m2/repository/javax/validation/validation-api/1.1.0.Final/validation-api-1.1.0.Final.jar:/home/user/.m2/repository/org/glassfish/jersey/media/jersey-media-json-jackson/2.27/jersey-media-json-jackson-2.27.jar:/home/user/.m2/repository/org/glassfish/jersey/ext/jersey-entity-filtering/2.27/jersey-entity-filtering-2.27.jar:/home/user/.m2/repository/com/google/inject/extensions/guice-assistedinject/4.0/guice-assistedinject-4.0.jar:/home/user/.m2/repository/org/jooq/jooq/3.11.10/jooq-3.11.10.jar:/home/user/.m2/repository/org/jooq/jooq-meta/3.11.10/jooq-meta-3.11.10.jar:/home/user/.m2/repository/org/jooq/jooq-codegen/3.11.10/jooq-codegen-3.11.10.jar:/home/user/.m2/repository/com/jolbox/bonecp/0.8.0.RELEASE/bonecp-0.8.0.RELEASE.jar:/home/user/.m2/repository/org/springframework/spring-jdbc/5.1.3.RELEASE/spring-jdbc-5.1.3.RELEASE.jar:/home/user/.m2/repository/org/springframework/spring-beans/5.1.3.RELEASE/spring-beans-5.1.3.RELEASE.jar:/home/user/.m2/repository/org/springframework/spring-core/5.1.3.RELEASE/spring-core-5.1.3.RELEASE.jar:/home/user/.m2/repository/org/springframework/spring-jcl/5.1.3.RELEASE/spring-jcl-5.1.3.RELEASE.jar:/home/user/.m2/repository/org/springframework/spring-tx/5.1.3.RELEASE/spring-tx-5.1.3.RELEASE.jar:/home/user/.m2/repository/org/mockito/mockito-core/2.15.0/mockito-core-2.15.0.jar:/home/user/.m2/repository/net/bytebuddy/byte-buddy/1.7.9/byte-buddy-1.7.9.jar:/home/user/.m2/repository/net/bytebuddy/byte-buddy-agent/1.7.9/byte-buddy-agent-1.7.9.jar:/home/user/.m2/repository/org/objenesis/objenesis/1.0/objenesis-1.0.jar:"/>
    <property name="java.vm.vendor" value="IcedTea"/>
    <property name="sun.arch.data.model" value="64"/>
    <property name="test.build.dir" value="/workdir/hadoop-ozone/tools/target/test-dir"/>
    <property name="test.cache.data" value=""/>
    <property name="java.vendor.url" value="https://icedtea.classpath.org"/>
    <property name="user.timezone" value=""/>
    <property name="java.vm.specification.version" value="1.8"/>
    <property name="os.name" value="Linux"/>
    <property name="test.build.data" value="/workdir/hadoop-ozone/tools/target/test-dir"/>
    <property name="user.country" value="US"/>
    <property name="sun.java.launcher" value="SUN_STANDARD"/>
    <property name="sun.boot.library.path" value="/usr/lib/jvm/java-1.8-openjdk/jre/lib/amd64"/>
    <property name="sun.java.command" value="/workdir/hadoop-ozone/tools/target/surefire/surefirebooter3644402454546647953.jar /workdir/hadoop-ozone/tools/target/surefire 2019-09-04T09-53-11_836-jvmRun1 surefire4564278197047121553tmp surefire_1168843217285988032027tmp"/>
    <property name="test" value="!TestMiniChaosOzoneCluster"/>
    <property name="surefire.test.class.path" value="/workdir/hadoop-ozone/tools/target/test-classes:/workdir/hadoop-ozone/tools/target/classes:/home/user/.m2/repository/org/apache/hadoop/hadoop-ozone-ozone-manager/0.5.0-SNAPSHOT/hadoop-ozone-ozone-manager-0.5.0-SNAPSHOT.jar:/home/user/.m2/repository/org/apache/hadoop/hadoop-hdds-docs/0.5.0-SNAPSHOT/hadoop-hdds-docs-0.5.0-SNAPSHOT.jar:/home/user/.m2/repository/org/bouncycastle/bcprov-jdk15on/1.60/bcprov-jdk15on-1.60.jar:/home/user/.m2/repository/org/apache/hadoop/hadoop-ozone-common/0.5.0-SNAPSHOT/hadoop-ozone-common-0.5.0-SNAPSHOT.jar:/home/user/.m2/repository/org/apache/commons/commons-compress/1.4.1/commons-compress-1.4.1.jar:/home/user/.m2/repository/org/tukaani/xz/1.0/xz-1.0.jar:/home/user/.m2/repository/org/apache/hadoop/hadoop-hdfs-client/3.2.0/hadoop-hdfs-client-3.2.0.jar:/home/user/.m2/repository/com/fasterxml/jackson/core/jackson-annotations/2.9.5/jackson-annotations-2.9.5.jar:/home/user/.m2/repository/org/apache/hadoop/hadoop-hdds-common/0.5.0-SNAPSHOT/hadoop-hdds-common-0.5.0-SNAPSHOT.jar:/home/user/.m2/repository/org/apache/hadoop/hadoop-hdds-config/0.5.0-SNAPSHOT/hadoop-hdds-config-0.5.0-SNAPSHOT.jar:/home/user/.m2/repository/javax/annotation/javax.annotation-api/1.2/javax.annotation-api-1.2.jar:/home/user/.m2/repository/org/apache/ratis/ratis-server/0.4.0-2337318-SNAPSHOT/ratis-server-0.4.0-2337318-SNAPSHOT.jar:/home/user/.m2/repository/org/apache/ratis/ratis-thirdparty-misc/0.2.0/ratis-thirdparty-misc-0.2.0.jar:/home/user/.m2/repository/org/apache/ratis/ratis-proto/0.4.0-2337318-SNAPSHOT/ratis-proto-0.4.0-2337318-SNAPSHOT.jar:/home/user/.m2/repository/org/apache/ratis/ratis-common/0.4.0-2337318-SNAPSHOT/ratis-common-0.4.0-2337318-SNAPSHOT.jar:/home/user/.m2/repository/org/apache/ratis/ratis-client/0.4.0-2337318-SNAPSHOT/ratis-client-0.4.0-2337318-SNAPSHOT.jar:/home/user/.m2/repository/org/apache/ratis/ratis-metrics/0.4.0-2337318-SNAPSHOT/ratis-metrics-0.4.0-2337318-SNAPSHOT.jar:/home/user/.m2/repository/org/apache/ratis/ratis-netty/0.4.0-2337318-SNAPSHOT/ratis-netty-0.4.0-2337318-SNAPSHOT.jar:/home/user/.m2/repository/org/apache/ratis/ratis-grpc/0.4.0-2337318-SNAPSHOT/ratis-grpc-0.4.0-2337318-SNAPSHOT.jar:/home/user/.m2/repository/org/rocksdb/rocksdbjni/6.0.1/rocksdbjni-6.0.1.jar:/home/user/.m2/repository/org/apache/logging/log4j/log4j-api/2.11.0/log4j-api-2.11.0.jar:/home/user/.m2/repository/org/apache/logging/log4j/log4j-core/2.11.0/log4j-core-2.11.0.jar:/home/user/.m2/repository/com/lmax/disruptor/3.4.2/disruptor-3.4.2.jar:/home/user/.m2/repository/org/apache/commons/commons-pool2/2.6.0/commons-pool2-2.6.0.jar:/home/user/.m2/repository/org/bouncycastle/bcpkix-jdk15on/1.60/bcpkix-jdk15on-1.60.jar:/home/user/.m2/repository/commons-validator/commons-validator/1.6/commons-validator-1.6.jar:/home/user/.m2/repository/commons-digester/commons-digester/1.8.1/commons-digester-1.8.1.jar:/home/user/.m2/repository/io/jaegertracing/jaeger-client/0.33.1/jaeger-client-0.33.1.jar:/home/user/.m2/repository/io/jaegertracing/jaeger-thrift/0.33.1/jaeger-thrift-0.33.1.jar:/home/user/.m2/repository/org/apache/thrift/libthrift/0.11.0/libthrift-0.11.0.jar:/home/user/.m2/repository/com/squareup/okhttp3/okhttp/3.9.0/okhttp-3.9.0.jar:/home/user/.m2/repository/com/squareup/okio/okio/1.13.0/okio-1.13.0.jar:/home/user/.m2/repository/io/jaegertracing/jaeger-core/0.33.1/jaeger-core-0.33.1.jar:/home/user/.m2/repository/io/jaegertracing/jaeger-tracerresolver/0.33.1/jaeger-tracerresolver-0.33.1.jar:/home/user/.m2/repository/io/opentracing/contrib/opentracing-tracerresolver/0.1.5/opentracing-tracerresolver-0.1.5.jar:/home/user/.m2/repository/io/opentracing/opentracing-util/0.31.0/opentracing-util-0.31.0.jar:/home/user/.m2/repository/io/opentracing/opentracing-api/0.31.0/opentracing-api-0.31.0.jar:/home/user/.m2/repository/io/opentracing/opentracing-noop/0.31.0/opentracing-noop-0.31.0.jar:/home/user/.m2/repository/org/yaml/snakeyaml/1.16/snakeyaml-1.16.jar:/home/user/.m2/repository/org/apache/hadoop/hadoop-hdds-container-service/0.5.0-SNAPSHOT/hadoop-hdds-container-service-0.5.0-SNAPSHOT.jar:/home/user/.m2/repository/org/apache/hadoop/hadoop-hdds-client/0.5.0-SNAPSHOT/hadoop-hdds-client-0.5.0-SNAPSHOT.jar:/home/user/.m2/repository/org/apache/hadoop/hadoop-hdds-tools/0.5.0-SNAPSHOT/hadoop-hdds-tools-0.5.0-SNAPSHOT.jar:/home/user/.m2/repository/org/xerial/sqlite-jdbc/3.25.2/sqlite-jdbc-3.25.2.jar:/home/user/.m2/repository/org/apache/hadoop/hadoop-hdds-server-scm/0.5.0-SNAPSHOT/hadoop-hdds-server-scm-0.5.0-SNAPSHOT.jar:/home/user/.m2/repository/org/hamcrest/hamcrest-all/1.3/hamcrest-all-1.3.jar:/home/user/.m2/repository/info/picocli/picocli/3.9.6/picocli-3.9.6.jar:/home/user/.m2/repository/com/google/protobuf/protobuf-java/2.5.0/protobuf-java-2.5.0.jar:/home/user/.m2/repository/com/google/guava/guava/11.0.2/guava-11.0.2.jar:/home/user/.m2/repository/org/apache/hadoop/hadoop-ozone-client/0.5.0-SNAPSHOT/hadoop-ozone-client-0.5.0-SNAPSHOT.jar:/workdir/hadoop-ozone/ozonefs/target/classes:/home/user/.m2/repository/org/apache/hadoop/hadoop-hdds-server-framework/0.5.0-SNAPSHOT/hadoop-hdds-server-framework-0.5.0-SNAPSHOT.jar:/home/user/.m2/repository/org/apache/hadoop/hadoop-common/3.2.0/hadoop-common-3.2.0.jar:/home/user/.m2/repository/org/apache/hadoop/hadoop-annotations/3.2.0/hadoop-annotations-3.2.0.jar:/usr/lib/jvm/java-1.8-openjdk/jre/../lib/tools.jar:/home/user/.m2/repository/commons-cli/commons-cli/1.2/commons-cli-1.2.jar:/home/user/.m2/repository/org/apache/commons/commons-math3/3.1.1/commons-math3-3.1.1.jar:/home/user/.m2/repository/org/apache/httpcomponents/httpclient/4.5.2/httpclient-4.5.2.jar:/home/user/.m2/repository/org/apache/httpcomponents/httpcore/4.4.4/httpcore-4.4.4.jar:/home/user/.m2/repository/commons-codec/commons-codec/1.11/commons-codec-1.11.jar:/home/user/.m2/repository/commons-io/commons-io/2.5/commons-io-2.5.jar:/home/user/.m2/repository/commons-net/commons-net/3.6/commons-net-3.6.jar:/home/user/.m2/repository/commons-collections/commons-collections/3.2.2/commons-collections-3.2.2.jar:/home/user/.m2/repository/javax/servlet/javax.servlet-api/3.1.0/javax.servlet-api-3.1.0.jar:/home/user/.m2/repository/org/eclipse/jetty/jetty-server/9.3.24.v20180605/jetty-server-9.3.24.v20180605.jar:/home/user/.m2/repository/org/eclipse/jetty/jetty-http/9.3.24.v20180605/jetty-http-9.3.24.v20180605.jar:/home/user/.m2/repository/org/eclipse/jetty/jetty-io/9.3.24.v20180605/jetty-io-9.3.24.v20180605.jar:/home/user/.m2/repository/org/eclipse/jetty/jetty-util/9.3.24.v20180605/jetty-util-9.3.24.v20180605.jar:/home/user/.m2/repository/org/eclipse/jetty/jetty-servlet/9.3.24.v20180605/jetty-servlet-9.3.24.v20180605.jar:/home/user/.m2/repository/org/eclipse/jetty/jetty-security/9.3.24.v20180605/jetty-security-9.3.24.v20180605.jar:/home/user/.m2/repository/org/eclipse/jetty/jetty-webapp/9.3.24.v20180605/jetty-webapp-9.3.24.v20180605.jar:/home/user/.m2/repository/org/eclipse/jetty/jetty-xml/9.3.24.v20180605/jetty-xml-9.3.24.v20180605.jar:/home/user/.m2/repository/javax/servlet/jsp/jsp-api/2.1/jsp-api-2.1.jar:/home/user/.m2/repository/com/sun/jersey/jersey-core/1.19/jersey-core-1.19.jar:/home/user/.m2/repository/javax/ws/rs/jsr311-api/1.1.1/jsr311-api-1.1.1.jar:/home/user/.m2/repository/com/sun/jersey/jersey-servlet/1.19/jersey-servlet-1.19.jar:/home/user/.m2/repository/com/sun/jersey/jersey-json/1.19/jersey-json-1.19.jar:/home/user/.m2/repository/org/codehaus/jettison/jettison/1.1/jettison-1.1.jar:/home/user/.m2/repository/com/sun/xml/bind/jaxb-impl/2.3.0.1/jaxb-impl-2.3.0.1.jar:/home/user/.m2/repository/org/codehaus/jackson/jackson-core-asl/1.9.13/jackson-core-asl-1.9.13.jar:/home/user/.m2/repository/org/codehaus/jackson/jackson-mapper-asl/1.9.13/jackson-mapper-asl-1.9.13.jar:/home/user/.m2/repository/org/codehaus/jackson/jackson-jaxrs/1.9.13/jackson-jaxrs-1.9.13.jar:/home/user/.m2/repository/org/codehaus/jackson/jackson-xc/1.9.13/jackson-xc-1.9.13.jar:/home/user/.m2/repository/com/sun/jersey/jersey-server/1.19/jersey-server-1.19.jar:/home/user/.m2/repository/commons-logging/commons-logging/1.1.3/commons-logging-1.1.3.jar:/home/user/.m2/repository/log4j/log4j/1.2.17/log4j-1.2.17.jar:/home/user/.m2/repository/commons-beanutils/commons-beanutils/1.9.3/commons-beanutils-1.9.3.jar:/home/user/.m2/repository/org/apache/commons/commons-configuration2/2.1.1/commons-configuration2-2.1.1.jar:/home/user/.m2/repository/org/apache/commons/commons-lang3/3.7/commons-lang3-3.7.jar:/home/user/.m2/repository/org/apache/commons/commons-text/1.4/commons-text-1.4.jar:/home/user/.m2/repository/org/slf4j/slf4j-api/1.7.25/slf4j-api-1.7.25.jar:/home/user/.m2/repository/org/slf4j/slf4j-log4j12/1.7.25/slf4j-log4j12-1.7.25.jar:/home/user/.m2/repository/org/apache/avro/avro/1.7.7/avro-1.7.7.jar:/home/user/.m2/repository/com/thoughtworks/paranamer/paranamer/2.3/paranamer-2.3.jar:/home/user/.m2/repository/org/xerial/snappy/snappy-java/1.0.5/snappy-java-1.0.5.jar:/home/user/.m2/repository/com/google/re2j/re2j/1.1/re2j-1.1.jar:/home/user/.m2/repository/com/google/code/gson/gson/2.2.4/gson-2.2.4.jar:/home/user/.m2/repository/org/apache/hadoop/hadoop-auth/3.2.0/hadoop-auth-3.2.0.jar:/home/user/.m2/repository/com/nimbusds/nimbus-jose-jwt/4.41.1/nimbus-jose-jwt-4.41.1.jar:/home/user/.m2/repository/com/github/stephenc/jcip/jcip-annotations/1.0-1/jcip-annotations-1.0-1.jar:/home/user/.m2/repository/net/minidev/json-smart/2.3/json-smart-2.3.jar:/home/user/.m2/repository/net/minidev/accessors-smart/1.2/accessors-smart-1.2.jar:/home/user/.m2/repository/org/apache/curator/curator-framework/2.12.0/curator-framework-2.12.0.jar:/home/user/.m2/repository/com/jcraft/jsch/0.1.54/jsch-0.1.54.jar:/home/user/.m2/repository/org/apache/curator/curator-client/2.12.0/curator-client-2.12.0.jar:/home/user/.m2/repository/org/apache/curator/curator-recipes/2.12.0/curator-recipes-2.12.0.jar:/home/user/.m2/repository/com/google/code/findbugs/jsr305/3.0.0/jsr305-3.0.0.jar:/home/user/.m2/repository/org/apache/htrace/htrace-core4/4.1.0-incubating/htrace-core4-4.1.0-incubating.jar:/home/user/.m2/repository/org/apache/zookeeper/zookeeper/3.4.13/zookeeper-3.4.13.jar:/home/user/.m2/repository/org/apache/yetus/audience-annotations/0.5.0/audience-annotations-0.5.0.jar:/home/user/.m2/repository/org/apache/kerby/kerb-simplekdc/1.0.1/kerb-simplekdc-1.0.1.jar:/home/user/.m2/repository/org/apache/kerby/kerb-client/1.0.1/kerb-client-1.0.1.jar:/home/user/.m2/repository/org/apache/kerby/kerby-config/1.0.1/kerby-config-1.0.1.jar:/home/user/.m2/repository/org/apache/kerby/kerb-core/1.0.1/kerb-core-1.0.1.jar:/home/user/.m2/repository/org/apache/kerby/kerby-pkix/1.0.1/kerby-pkix-1.0.1.jar:/home/user/.m2/repository/org/apache/kerby/kerby-asn1/1.0.1/kerby-asn1-1.0.1.jar:/home/user/.m2/repository/org/apache/kerby/kerby-util/1.0.1/kerby-util-1.0.1.jar:/home/user/.m2/repository/org/apache/kerby/kerb-common/1.0.1/kerb-common-1.0.1.jar:/home/user/.m2/repository/org/apache/kerby/kerb-crypto/1.0.1/kerb-crypto-1.0.1.jar:/home/user/.m2/repository/org/apache/kerby/kerb-util/1.0.1/kerb-util-1.0.1.jar:/home/user/.m2/repository/org/apache/kerby/token-provider/1.0.1/token-provider-1.0.1.jar:/home/user/.m2/repository/org/apache/kerby/kerb-admin/1.0.1/kerb-admin-1.0.1.jar:/home/user/.m2/repository/org/apache/kerby/kerb-server/1.0.1/kerb-server-1.0.1.jar:/home/user/.m2/repository/org/apache/kerby/kerb-identity/1.0.1/kerb-identity-1.0.1.jar:/home/user/.m2/repository/org/apache/kerby/kerby-xdr/1.0.1/kerby-xdr-1.0.1.jar:/home/user/.m2/repository/com/fasterxml/jackson/core/jackson-databind/2.9.5/jackson-databind-2.9.5.jar:/home/user/.m2/repository/com/fasterxml/jackson/core/jackson-core/2.9.5/jackson-core-2.9.5.jar:/home/user/.m2/repository/org/codehaus/woodstox/stax2-api/3.1.4/stax2-api-3.1.4.jar:/home/user/.m2/repository/com/fasterxml/woodstox/woodstox-core/5.0.3/woodstox-core-5.0.3.jar:/home/user/.m2/repository/dnsjava/dnsjava/2.1.7/dnsjava-2.1.7.jar:/home/user/.m2/repository/org/apache/hadoop/hadoop-hdfs/3.2.0/hadoop-hdfs-3.2.0.jar:/home/user/.m2/repository/org/eclipse/jetty/jetty-util-ajax/9.3.24.v20180605/jetty-util-ajax-9.3.24.v20180605.jar:/home/user/.m2/repository/commons-daemon/commons-daemon/1.0.13/commons-daemon-1.0.13.jar:/home/user/.m2/repository/io/netty/netty/3.10.5.Final/netty-3.10.5.Final.jar:/home/user/.m2/repository/io/netty/netty-all/4.0.52.Final/netty-all-4.0.52.Final.jar:/home/user/.m2/repository/org/fusesource/leveldbjni/leveldbjni-all/1.8/leveldbjni-all-1.8.jar:/home/user/.m2/repository/com/sun/xml/bind/jaxb-core/2.3.0.1/jaxb-core-2.3.0.1.jar:/home/user/.m2/repository/javax/xml/bind/jaxb-api/2.3.0/jaxb-api-2.3.0.jar:/home/user/.m2/repository/javax/activation/activation/1.1.1/activation-1.1.1.jar:/home/user/.m2/repository/io/dropwizard/metrics/metrics-core/3.2.4/metrics-core-3.2.4.jar:/home/user/.m2/repository/org/openjdk/jmh/jmh-core/1.19/jmh-core-1.19.jar:/home/user/.m2/repository/net/sf/jopt-simple/jopt-simple/4.6/jopt-simple-4.6.jar:/home/user/.m2/repository/org/openjdk/jmh/jmh-generator-annprocess/1.19/jmh-generator-annprocess-1.19.jar:/home/user/.m2/repository/com/google/code/findbugs/findbugs/3.0.1/findbugs-3.0.1.jar:/home/user/.m2/repository/net/jcip/jcip-annotations/1.0/jcip-annotations-1.0.jar:/home/user/.m2/repository/com/google/code/findbugs/bcel-findbugs/6.0/bcel-findbugs-6.0.jar:/home/user/.m2/repository/com/google/code/findbugs/jFormatString/2.0.1/jFormatString-2.0.1.jar:/home/user/.m2/repository/dom4j/dom4j/1.6.1/dom4j-1.6.1.jar:/home/user/.m2/repository/xml-apis/xml-apis/1.0.b2/xml-apis-1.0.b2.jar:/home/user/.m2/repository/org/ow2/asm/asm-debug-all/5.0.2/asm-debug-all-5.0.2.jar:/home/user/.m2/repository/org/ow2/asm/asm-commons/5.0.2/asm-commons-5.0.2.jar:/home/user/.m2/repository/org/ow2/asm/asm-tree/5.0.2/asm-tree-5.0.2.jar:/home/user/.m2/repository/org/ow2/asm/asm/5.0.4/asm-5.0.4.jar:/home/user/.m2/repository/commons-lang/commons-lang/2.6/commons-lang-2.6.jar:/home/user/.m2/repository/com/apple/AppleJavaExtensions/1.4/AppleJavaExtensions-1.4.jar:/home/user/.m2/repository/jaxen/jaxen/1.1.6/jaxen-1.1.6.jar:/home/user/.m2/repository/junit/junit/4.11/junit-4.11.jar:/home/user/.m2/repository/org/hamcrest/hamcrest-core/1.3/hamcrest-core-1.3.jar:/home/user/.m2/repository/org/apache/hadoop/hadoop-common/3.2.0/hadoop-common-3.2.0-tests.jar:/workdir/hadoop-ozone/integration-test/target/test-classes:/home/user/.m2/repository/org/apache/hadoop/hadoop-ozone-objectstore-service/0.5.0-SNAPSHOT/hadoop-ozone-objectstore-service-0.5.0-SNAPSHOT.jar:/home/user/.m2/repository/org/apache/hadoop/hadoop-ozone-s3gateway/0.5.0-SNAPSHOT/hadoop-ozone-s3gateway-0.5.0-SNAPSHOT.jar:/home/user/.m2/repository/org/jboss/weld/servlet/weld-servlet/2.4.7.Final/weld-servlet-2.4.7.Final.jar:/home/user/.m2/repository/org/glassfish/jersey/containers/jersey-container-servlet-core/2.27/jersey-container-servlet-core-2.27.jar:/home/user/.m2/repository/org/glassfish/hk2/external/javax.inject/2.5.0-b42/javax.inject-2.5.0-b42.jar:/home/user/.m2/repository/org/glassfish/jersey/core/jersey-common/2.27/jersey-common-2.27.jar:/home/user/.m2/repository/org/glassfish/hk2/osgi-resource-locator/1.0.1/osgi-resource-locator-1.0.1.jar:/home/user/.m2/repository/javax/ws/rs/javax.ws.rs-api/2.1/javax.ws.rs-api-2.1.jar:/home/user/.m2/repository/org/glassfish/jersey/ext/cdi/jersey-cdi1x/2.27/jersey-cdi1x-2.27.jar:/home/user/.m2/repository/org/glassfish/jersey/inject/jersey-hk2/2.27/jersey-hk2-2.27.jar:/home/user/.m2/repository/org/glassfish/hk2/hk2-locator/2.5.0-b42/hk2-locator-2.5.0-b42.jar:/home/user/.m2/repository/org/javassist/javassist/3.22.0-CR2/javassist-3.22.0-CR2.jar:/home/user/.m2/repository/org/glassfish/hk2/hk2-api/2.5.0/hk2-api-2.5.0.jar:/home/user/.m2/repository/org/glassfish/hk2/external/jakarta.inject/2.5.0/jakarta.inject-2.5.0.jar:/home/user/.m2/repository/org/glassfish/hk2/hk2-utils/2.5.0/hk2-utils-2.5.0.jar:/home/user/.m2/repository/jakarta/annotation/jakarta.annotation-api/1.3.4/jakarta.annotation-api-1.3.4.jar:/home/user/.m2/repository/org/glassfish/hk2/external/aopalliance-repackaged/2.5.0/aopalliance-repackaged-2.5.0.jar:/home/user/.m2/repository/com/fasterxml/jackson/dataformat/jackson-dataformat-xml/2.9.0/jackson-dataformat-xml-2.9.0.jar:/home/user/.m2/repository/com/fasterxml/jackson/module/jackson-module-jaxb-annotations/2.9.5/jackson-module-jaxb-annotations-2.9.5.jar:/home/user/.m2/repository/javax/enterprise/cdi-api/1.2/cdi-api-1.2.jar:/home/user/.m2/repository/javax/el/javax.el-api/3.0.0/javax.el-api-3.0.0.jar:/home/user/.m2/repository/javax/interceptor/javax.interceptor-api/1.2/javax.interceptor-api-1.2.jar:/home/user/.m2/repository/javax/inject/javax.inject/1/javax.inject-1.jar:/home/user/.m2/repository/org/apache/hadoop/hadoop-ozone-csi/0.5.0-SNAPSHOT/hadoop-ozone-csi-0.5.0-SNAPSHOT.jar:/home/user/.m2/repository/com/google/protobuf/protobuf-java-util/3.5.1/protobuf-java-util-3.5.1.jar:/home/user/.m2/repository/io/grpc/grpc-netty/1.17.1/grpc-netty-1.17.1.jar:/home/user/.m2/repository/io/grpc/grpc-core/1.17.1/grpc-core-1.17.1.jar:/home/user/.m2/repository/io/grpc/grpc-context/1.17.1/grpc-context-1.17.1.jar:/home/user/.m2/repository/com/google/errorprone/error_prone_annotations/2.2.0/error_prone_annotations-2.2.0.jar:/home/user/.m2/repository/org/codehaus/mojo/animal-sniffer-annotations/1.17/animal-sniffer-annotations-1.17.jar:/home/user/.m2/repository/io/opencensus/opencensus-api/0.17.0/opencensus-api-0.17.0.jar:/home/user/.m2/repository/io/opencensus/opencensus-contrib-grpc-metrics/0.17.0/opencensus-contrib-grpc-metrics-0.17.0.jar:/home/user/.m2/repository/io/netty/netty-codec-http2/4.1.30.Final/netty-codec-http2-4.1.30.Final.jar:/home/user/.m2/repository/io/netty/netty-codec-http/4.1.30.Final/netty-codec-http-4.1.30.Final.jar:/home/user/.m2/repository/io/netty/netty-codec/4.1.30.Final/netty-codec-4.1.30.Final.jar:/home/user/.m2/repository/io/netty/netty-handler/4.1.30.Final/netty-handler-4.1.30.Final.jar:/home/user/.m2/repository/io/netty/netty-handler-proxy/4.1.30.Final/netty-handler-proxy-4.1.30.Final.jar:/home/user/.m2/repository/io/netty/netty-codec-socks/4.1.30.Final/netty-codec-socks-4.1.30.Final.jar:/home/user/.m2/repository/io/netty/netty-transport-native-epoll/4.1.30.Final/netty-transport-native-epoll-4.1.30.Final.jar:/home/user/.m2/repository/io/netty/netty-common/4.1.30.Final/netty-common-4.1.30.Final.jar:/home/user/.m2/repository/io/netty/netty-buffer/4.1.30.Final/netty-buffer-4.1.30.Final.jar:/home/user/.m2/repository/io/netty/netty-transport/4.1.30.Final/netty-transport-4.1.30.Final.jar:/home/user/.m2/repository/io/netty/netty-resolver/4.1.30.Final/netty-resolver-4.1.30.Final.jar:/home/user/.m2/repository/io/netty/netty-transport-native-unix-common/4.1.30.Final/netty-transport-native-unix-common-4.1.30.Final.jar:/home/user/.m2/repository/io/grpc/grpc-protobuf/1.17.1/grpc-protobuf-1.17.1.jar:/home/user/.m2/repository/com/google/api/grpc/proto-google-common-protos/1.0.0/proto-google-common-protos-1.0.0.jar:/home/user/.m2/repository/io/grpc/grpc-protobuf-lite/1.17.1/grpc-protobuf-lite-1.17.1.jar:/home/user/.m2/repository/io/grpc/grpc-stub/1.17.1/grpc-stub-1.17.1.jar:/home/user/.m2/repository/org/apache/hadoop/hadoop-ozone-recon/0.5.0-SNAPSHOT/hadoop-ozone-recon-0.5.0-SNAPSHOT.jar:/home/user/.m2/repository/org/apache/hadoop/hadoop-ozone-reconcodegen/0.5.0-SNAPSHOT/hadoop-ozone-reconcodegen-0.5.0-SNAPSHOT.jar:/home/user/.m2/repository/com/google/inject/extensions/guice-multibindings/4.0/guice-multibindings-4.0.jar:/home/user/.m2/repository/com/google/inject/guice/4.0/guice-4.0.jar:/home/user/.m2/repository/aopalliance/aopalliance/1.0/aopalliance-1.0.jar:/home/user/.m2/repository/com/google/inject/extensions/guice-servlet/4.0/guice-servlet-4.0.jar:/home/user/.m2/repository/org/glassfish/jersey/containers/jersey-container-servlet/2.27/jersey-container-servlet-2.27.jar:/home/user/.m2/repository/org/glassfish/hk2/guice-bridge/2.5.0/guice-bridge-2.5.0.jar:/home/user/.m2/repository/org/glassfish/jersey/core/jersey-server/2.27/jersey-server-2.27.jar:/home/user/.m2/repository/org/glassfish/jersey/core/jersey-client/2.27/jersey-client-2.27.jar:/home/user/.m2/repository/org/glassfish/jersey/media/jersey-media-jaxb/2.27/jersey-media-jaxb-2.27.jar:/home/user/.m2/repository/javax/validation/validation-api/1.1.0.Final/validation-api-1.1.0.Final.jar:/home/user/.m2/repository/org/glassfish/jersey/media/jersey-media-json-jackson/2.27/jersey-media-json-jackson-2.27.jar:/home/user/.m2/repository/org/glassfish/jersey/ext/jersey-entity-filtering/2.27/jersey-entity-filtering-2.27.jar:/home/user/.m2/repository/com/google/inject/extensions/guice-assistedinject/4.0/guice-assistedinject-4.0.jar:/home/user/.m2/repository/org/jooq/jooq/3.11.10/jooq-3.11.10.jar:/home/user/.m2/repository/org/jooq/jooq-meta/3.11.10/jooq-meta-3.11.10.jar:/home/user/.m2/repository/org/jooq/jooq-codegen/3.11.10/jooq-codegen-3.11.10.jar:/home/user/.m2/repository/com/jolbox/bonecp/0.8.0.RELEASE/bonecp-0.8.0.RELEASE.jar:/home/user/.m2/repository/org/springframework/spring-jdbc/5.1.3.RELEASE/spring-jdbc-5.1.3.RELEASE.jar:/home/user/.m2/repository/org/springframework/spring-beans/5.1.3.RELEASE/spring-beans-5.1.3.RELEASE.jar:/home/user/.m2/repository/org/springframework/spring-core/5.1.3.RELEASE/spring-core-5.1.3.RELEASE.jar:/home/user/.m2/repository/org/springframework/spring-jcl/5.1.3.RELEASE/spring-jcl-5.1.3.RELEASE.jar:/home/user/.m2/repository/org/springframework/spring-tx/5.1.3.RELEASE/spring-tx-5.1.3.RELEASE.jar:/home/user/.m2/repository/org/mockito/mockito-core/2.15.0/mockito-core-2.15.0.jar:/home/user/.m2/repository/net/bytebuddy/byte-buddy/1.7.9/byte-buddy-1.7.9.jar:/home/user/.m2/repository/net/bytebuddy/byte-buddy-agent/1.7.9/byte-buddy-agent-1.7.9.jar:/home/user/.m2/repository/org/objenesis/objenesis/1.0/objenesis-1.0.jar:"/>
    <property name="sun.cpu.endian" value="little"/>
    <property name="user.home" value="/home/user"/>
    <property name="user.language" value="en"/>
    <property name="java.specification.vendor" value="Oracle Corporation"/>
    <property name="java.home" value="/usr/lib/jvm/java-1.8-openjdk/jre"/>
    <property name="java.security.krb5.conf" value="/workdir/hadoop-ozone/tools/target/test-classes/krb5.conf"/>
    <property name="basedir" value="/workdir/hadoop-ozone/tools"/>
    <property name="file.separator" value="/"/>
    <property name="line.separator" value="&#10;"/>
    <property name="java.vm.specification.vendor" value="Oracle Corporation"/>
    <property name="java.specification.name" value="Java Platform API Specification"/>
    <property name="java.awt.graphicsenv" value="sun.awt.X11GraphicsEnvironment"/>
    <property name="surefire.real.class.path" value="/workdir/hadoop-ozone/tools/target/surefire/surefirebooter3644402454546647953.jar"/>
    <property name="hadoop.log.dir" value="/workdir/hadoop-ozone/tools/target/log"/>
    <property name="sun.boot.class.path" value="/usr/lib/jvm/java-1.8-openjdk/jre/lib/resources.jar:/usr/lib/jvm/java-1.8-openjdk/jre/lib/rt.jar:/usr/lib/jvm/java-1.8-openjdk/jre/lib/sunrsasign.jar:/usr/lib/jvm/java-1.8-openjdk/jre/lib/jsse.jar:/usr/lib/jvm/java-1.8-openjdk/jre/lib/jce.jar:/usr/lib/jvm/java-1.8-openjdk/jre/lib/charsets.jar:/usr/lib/jvm/java-1.8-openjdk/jre/lib/jfr.jar:/usr/lib/jvm/java-1.8-openjdk/jre/classes"/>
    <property name="sun.management.compiler" value="HotSpot 64-Bit Tiered Compilers"/>
    <property name="java.runtime.version" value="1.8.0_212-b04"/>
    <property name="java.net.preferIPv4Stack" value="true"/>
    <property name="user.name" value="jenkins1000"/>
    <property name="path.separator" value=":"/>
    <property name="java.security.egd" value="file:///dev/urandom"/>
    <property name="os.version" value="3.10.0-957.12.2.el7.x86_64"/>
    <property name="java.endorsed.dirs" value="/usr/lib/jvm/java-1.8-openjdk/jre/lib/endorsed"/>
    <property name="java.runtime.name" value="OpenJDK Runtime Environment"/>
    <property name="file.encoding" value="UTF-8"/>
    <property name="java.vm.name" value="OpenJDK 64-Bit Server VM"/>
    <property name="test.build.webapps" value=""/>
    <property name="localRepository" value="/home/user/.m2/repository"/>
    <property name="java.vendor.url.bug" value="https://icedtea.classpath.org/bugzilla"/>
    <property name="java.io.tmpdir" value="/tmp"/>
    <property name="require.test.libhadoop" value=""/>
    <property name="java.version" value="1.8.0_212"/>
    <property name="user.dir" value="/workdir/hadoop-ozone/tools"/>
    <property name="os.arch" value="amd64"/>
    <property name="java.vm.specification.name" value="Java Virtual Machine Specification"/>
    <property name="test.build.classes" value="/workdir/hadoop-ozone/tools/target/test-classes"/>
    <property name="java.awt.printerjob" value="sun.print.PSPrinterJob"/>
    <property name="sun.os.patch.level" value="unknown"/>
    <property name="hadoop.tmp.dir" value="/workdir/hadoop-ozone/tools/target/tmp"/>
    <property name="java.library.path" value="/usr/lib/jvm/java-1.8-openjdk/jre/lib/amd64/server:/usr/lib/jvm/java-1.8-openjdk/jre/lib/amd64:/usr/lib/jvm/java-1.8-openjdk/jre/../lib/amd64:/workdir/hadoop-ozone/tools/target/native/target/usr/local/lib:/workdir/hadoop-ozone/tools/../../hadoop-common-project/hadoop-common/target/native/target/usr/local/lib:/usr/java/packages/lib/amd64:/usr/lib64:/lib64:/lib:/usr/lib"/>
    <property name="java.vm.info" value="mixed mode"/>
    <property name="java.vendor" value="IcedTea"/>
    <property name="java.vm.version" value="25.212-b04"/>
    <property name="java.ext.dirs" value="/usr/lib/jvm/java-1.8-openjdk/jre/lib/ext:/usr/java/packages/lib/ext"/>
    <property name="sun.io.unicode.encoding" value="UnicodeLittle"/>
    <property name="java.class.version" value="52.0"/>
  </properties>
  <testcase name="ratisTest3" classname="org.apache.hadoop.ozone.freon.TestRandomKeyGenerator" time="15.33"/>
  <testcase name="testThreadPoolSize" classname="org.apache.hadoop.ozone.freon.TestRandomKeyGenerator" time="5.037"/>
  <testcase name="defaultTest" classname="org.apache.hadoop.ozone.freon.TestRandomKeyGenerator" time="5.039"/>
  <testcase name="bigFileThan2GB" classname="org.apache.hadoop.ozone.freon.TestRandomKeyGenerator" time="79.179">
    <error message="Allocated 0 blocks. Requested 1 blocks" type="INTERNAL_ERROR org.apache.hadoop.ozone.om.exceptions.OMException">INTERNAL_ERROR org.apache.hadoop.ozone.om.exceptions.OMException: Allocated 0 blocks. Requested 1 blocks
	at org.apache.hadoop.ozone.om.protocolPB.OzoneManagerProtocolClientSideTranslatorPB.handleError(OzoneManagerProtocolClientSideTranslatorPB.java:725)
	at org.apache.hadoop.ozone.om.protocolPB.OzoneManagerProtocolClientSideTranslatorPB.allocateBlock(OzoneManagerProtocolClientSideTranslatorPB.java:757)
	at org.apache.hadoop.ozone.client.io.BlockOutputStreamEntryPool.allocateNewBlock(BlockOutputStreamEntryPool.java:248)
	at org.apache.hadoop.ozone.client.io.BlockOutputStreamEntryPool.allocateBlockIfNeeded(BlockOutputStreamEntryPool.java:296)
	at org.apache.hadoop.ozone.client.io.KeyOutputStream.handleWrite(KeyOutputStream.java:201)
	at org.apache.hadoop.ozone.client.io.KeyOutputStream.write(KeyOutputStream.java:193)
	at org.apache.hadoop.ozone.client.io.OzoneOutputStream.write(OzoneOutputStream.java:49)
	at org.apache.hadoop.ozone.freon.RandomKeyGenerator.createKey(RandomKeyGenerator.java:699)
	at org.apache.hadoop.ozone.freon.RandomKeyGenerator.access$1100(RandomKeyGenerator.java:87)
	at org.apache.hadoop.ozone.freon.RandomKeyGenerator$ObjectCreator.run(RandomKeyGenerator.java:606)
	at java.util.concurrent.Executors$RunnableAdapter.call(Executors.java:511)
	at java.util.concurrent.FutureTask.run(FutureTask.java:266)
	at java.util.concurrent.ThreadPoolExecutor.runWorker(ThreadPoolExecutor.java:1149)
	at java.util.concurrent.ThreadPoolExecutor$Worker.run(ThreadPoolExecutor.java:624)
	at java.lang.Thread.run(Thread.java:748)
</error>
    <system-out><![CDATA[2019-09-04 11:45:46,319 [grpc-default-executor-1] WARN  client.GrpcClientProtocolService (LogUtils.java:warn(134)) - 14-UnorderedRequestStreamObserver14: onError: org.apache.ratis.thirdparty.io.grpc.StatusRuntimeException: CANCELLED: cancelled before receiving half close
2019-09-04 11:45:46,407 | INFO  | SCMAudit | user=jenkins1000 | ip=192.168.36.67 | op=SEND_HEARTBEAT {datanodeUUID=0b776101-1d39-4f23-96c0-6a8ead31197c, command=[]} | ret=SUCCESS |  
2019-09-04 11:45:46,660 | INFO  | SCMAudit | user=jenkins1000 | ip=192.168.36.67 | op=SEND_HEARTBEAT {datanodeUUID=6fae8b02-e804-4c0e-b729-a97b7404b7f6, command=[]} | ret=SUCCESS |  
2019-09-04 11:45:46,660 | INFO  | SCMAudit | user=jenkins1000 | ip=192.168.36.67 | op=SEND_HEARTBEAT {datanodeUUID=4c3e8a66-6975-4917-8225-d3efe707aaff, command=[]} | ret=SUCCESS |  
2019-09-04 11:45:46,660 | INFO  | SCMAudit | user=jenkins1000 | ip=192.168.36.67 | op=SEND_HEARTBEAT {datanodeUUID=efcb8ff8-f060-4d95-9215-d0f5eb4af037, command=[]} | ret=SUCCESS |  
2019-09-04 11:45:46,913 | INFO  | SCMAudit | user=jenkins1000 | ip=192.168.36.67 | op=SEND_HEARTBEAT {datanodeUUID=b68b188c-7f38-42ae-8403-46a39acd0731, command=[]} | ret=SUCCESS |  
2019-09-04 11:45:47,407 | INFO  | SCMAudit | user=jenkins1000 | ip=192.168.36.67 | op=SEND_HEARTBEAT {datanodeUUID=0b776101-1d39-4f23-96c0-6a8ead31197c, command=[]} | ret=SUCCESS |  
2019-09-04 11:45:47,656 | INFO  | SCMAudit | user=jenkins1000 | ip=192.168.36.67 | op=SEND_HEARTBEAT {datanodeUUID=4c3e8a66-6975-4917-8225-d3efe707aaff, command=[]} | ret=SUCCESS |  
2019-09-04 11:45:47,656 | INFO  | SCMAudit | user=jenkins1000 | ip=192.168.36.67 | op=SEND_HEARTBEAT {datanodeUUID=6fae8b02-e804-4c0e-b729-a97b7404b7f6, command=[]} | ret=SUCCESS |  
2019-09-04 11:45:47,656 | INFO  | SCMAudit | user=jenkins1000 | ip=192.168.36.67 | op=SEND_HEARTBEAT {datanodeUUID=efcb8ff8-f060-4d95-9215-d0f5eb4af037, command=[]} | ret=SUCCESS |  
2019-09-04 11:45:47,913 | INFO  | SCMAudit | user=jenkins1000 | ip=192.168.36.67 | op=SEND_HEARTBEAT {datanodeUUID=b68b188c-7f38-42ae-8403-46a39acd0731, command=[]} | ret=SUCCESS |  
2019-09-04 11:45:48,407 | INFO  | SCMAudit | user=jenkins1000 | ip=192.168.36.67 | op=SEND_HEARTBEAT {datanodeUUID=0b776101-1d39-4f23-96c0-6a8ead31197c, command=[]} | ret=SUCCESS |  
2019-09-04 11:45:48,656 | INFO  | SCMAudit | user=jenkins1000 | ip=192.168.36.67 | op=SEND_HEARTBEAT {datanodeUUID=4c3e8a66-6975-4917-8225-d3efe707aaff, command=[]} | ret=SUCCESS |  
2019-09-04 11:45:48,656 | INFO  | SCMAudit | user=jenkins1000 | ip=192.168.36.67 | op=SEND_HEARTBEAT {datanodeUUID=efcb8ff8-f060-4d95-9215-d0f5eb4af037, command=[]} | ret=SUCCESS |  
2019-09-04 11:45:48,656 | INFO  | SCMAudit | user=jenkins1000 | ip=192.168.36.67 | op=SEND_HEARTBEAT {datanodeUUID=6fae8b02-e804-4c0e-b729-a97b7404b7f6, command=[]} | ret=SUCCESS |  
2019-09-04 11:45:48,913 | INFO  | SCMAudit | user=jenkins1000 | ip=192.168.36.67 | op=SEND_HEARTBEAT {datanodeUUID=b68b188c-7f38-42ae-8403-46a39acd0731, command=[]} | ret=SUCCESS |  
2019-09-04 11:45:49,407 | INFO  | SCMAudit | user=jenkins1000 | ip=192.168.36.67 | op=SEND_HEARTBEAT {datanodeUUID=0b776101-1d39-4f23-96c0-6a8ead31197c, command=[]} | ret=SUCCESS |  
2019-09-04 11:45:49,657 | INFO  | SCMAudit | user=jenkins1000 | ip=192.168.36.67 | op=SEND_HEARTBEAT {datanodeUUID=efcb8ff8-f060-4d95-9215-d0f5eb4af037, command=[]} | ret=SUCCESS |  
2019-09-04 11:45:49,657 | INFO  | SCMAudit | user=jenkins1000 | ip=192.168.36.67 | op=SEND_HEARTBEAT {datanodeUUID=6fae8b02-e804-4c0e-b729-a97b7404b7f6, command=[]} | ret=SUCCESS |  
2019-09-04 11:45:49,657 | INFO  | SCMAudit | user=jenkins1000 | ip=192.168.36.67 | op=SEND_HEARTBEAT {datanodeUUID=4c3e8a66-6975-4917-8225-d3efe707aaff, command=[]} | ret=SUCCESS |  
2019-09-04 11:45:49,913 | INFO  | SCMAudit | user=jenkins1000 | ip=192.168.36.67 | op=SEND_HEARTBEAT {datanodeUUID=b68b188c-7f38-42ae-8403-46a39acd0731, command=[]} | ret=SUCCESS |  
2019-09-04 11:45:50,407 | INFO  | SCMAudit | user=jenkins1000 | ip=192.168.36.67 | op=SEND_HEARTBEAT {datanodeUUID=0b776101-1d39-4f23-96c0-6a8ead31197c, command=[]} | ret=SUCCESS |  
2019-09-04 11:45:50,657 | INFO  | SCMAudit | user=jenkins1000 | ip=192.168.36.67 | op=SEND_HEARTBEAT {datanodeUUID=4c3e8a66-6975-4917-8225-d3efe707aaff, command=[]} | ret=SUCCESS |  
2019-09-04 11:45:50,657 | INFO  | SCMAudit | user=jenkins1000 | ip=192.168.36.67 | op=SEND_HEARTBEAT {datanodeUUID=6fae8b02-e804-4c0e-b729-a97b7404b7f6, command=[]} | ret=SUCCESS |  
2019-09-04 11:45:50,657 | INFO  | SCMAudit | user=jenkins1000 | ip=192.168.36.67 | op=SEND_HEARTBEAT {datanodeUUID=efcb8ff8-f060-4d95-9215-d0f5eb4af037, command=[]} | ret=SUCCESS |  
2019-09-04 11:45:50,913 | INFO  | SCMAudit | user=jenkins1000 | ip=192.168.36.67 | op=SEND_HEARTBEAT {datanodeUUID=b68b188c-7f38-42ae-8403-46a39acd0731, command=[]} | ret=SUCCESS |  
2019-09-04 11:45:51,408 | INFO  | SCMAudit | user=jenkins1000 | ip=192.168.36.67 | op=SEND_HEARTBEAT {datanodeUUID=0b776101-1d39-4f23-96c0-6a8ead31197c, command=[]} | ret=SUCCESS |  
2019-09-04 11:45:51,658 | INFO  | SCMAudit | user=jenkins1000 | ip=192.168.36.67 | op=SEND_HEARTBEAT {datanodeUUID=4c3e8a66-6975-4917-8225-d3efe707aaff, command=[]} | ret=SUCCESS |  
2019-09-04 11:45:51,658 | INFO  | SCMAudit | user=jenkins1000 | ip=192.168.36.67 | op=SEND_HEARTBEAT {datanodeUUID=efcb8ff8-f060-4d95-9215-d0f5eb4af037, command=[]} | ret=SUCCESS |  
2019-09-04 11:45:51,658 | INFO  | SCMAudit | user=jenkins1000 | ip=192.168.36.67 | op=SEND_HEARTBEAT {datanodeUUID=6fae8b02-e804-4c0e-b729-a97b7404b7f6, command=[]} | ret=SUCCESS |  
2019-09-04 11:45:51,914 | INFO  | SCMAudit | user=jenkins1000 | ip=192.168.36.67 | op=SEND_HEARTBEAT {datanodeUUID=b68b188c-7f38-42ae-8403-46a39acd0731, command=[]} | ret=SUCCESS |  
2019-09-04 11:45:52,407 | INFO  | SCMAudit | user=jenkins1000 | ip=192.168.36.67 | op=SEND_HEARTBEAT {datanodeUUID=0b776101-1d39-4f23-96c0-6a8ead31197c, command=[]} | ret=SUCCESS |  
2019-09-04 11:45:52,658 | INFO  | SCMAudit | user=jenkins1000 | ip=192.168.36.67 | op=SEND_HEARTBEAT {datanodeUUID=6fae8b02-e804-4c0e-b729-a97b7404b7f6, command=[]} | ret=SUCCESS |  
2019-09-04 11:45:52,659 | INFO  | SCMAudit | user=jenkins1000 | ip=192.168.36.67 | op=SEND_HEARTBEAT {datanodeUUID=4c3e8a66-6975-4917-8225-d3efe707aaff, command=[]} | ret=SUCCESS |  
2019-09-04 11:45:52,659 | INFO  | SCMAudit | user=jenkins1000 | ip=192.168.36.67 | op=SEND_HEARTBEAT {datanodeUUID=efcb8ff8-f060-4d95-9215-d0f5eb4af037, command=[]} | ret=SUCCESS |  
2019-09-04 11:45:52,913 | INFO  | SCMAudit | user=jenkins1000 | ip=192.168.36.67 | op=SEND_HEARTBEAT {datanodeUUID=b68b188c-7f38-42ae-8403-46a39acd0731, command=[]} | ret=SUCCESS |  
2019-09-04 11:45:53,407 | INFO  | SCMAudit | user=jenkins1000 | ip=192.168.36.67 | op=SEND_HEARTBEAT {datanodeUUID=0b776101-1d39-4f23-96c0-6a8ead31197c, command=[]} | ret=SUCCESS |  
2019-09-04 11:45:53,658 | INFO  | SCMAudit | user=jenkins1000 | ip=192.168.36.67 | op=SEND_HEARTBEAT {datanodeUUID=efcb8ff8-f060-4d95-9215-d0f5eb4af037, command=[]} | ret=SUCCESS |  
2019-09-04 11:45:53,658 | INFO  | SCMAudit | user=jenkins1000 | ip=192.168.36.67 | op=SEND_HEARTBEAT {datanodeUUID=6fae8b02-e804-4c0e-b729-a97b7404b7f6, command=[]} | ret=SUCCESS |  
2019-09-04 11:45:53,658 | INFO  | SCMAudit | user=jenkins1000 | ip=192.168.36.67 | op=SEND_HEARTBEAT {datanodeUUID=4c3e8a66-6975-4917-8225-d3efe707aaff, command=[]} | ret=SUCCESS |  
2019-09-04 11:45:53,913 | INFO  | SCMAudit | user=jenkins1000 | ip=192.168.36.67 | op=SEND_HEARTBEAT {datanodeUUID=b68b188c-7f38-42ae-8403-46a39acd0731, command=[]} | ret=SUCCESS |  
2019-09-04 11:45:54,408 | INFO  | SCMAudit | user=jenkins1000 | ip=192.168.36.67 | op=SEND_HEARTBEAT {datanodeUUID=0b776101-1d39-4f23-96c0-6a8ead31197c, command=[]} | ret=SUCCESS |  
2019-09-04 11:45:54,658 | INFO  | SCMAudit | user=jenkins1000 | ip=192.168.36.67 | op=SEND_HEARTBEAT {datanodeUUID=6fae8b02-e804-4c0e-b729-a97b7404b7f6, command=[]} | ret=SUCCESS |  
2019-09-04 11:45:54,658 | INFO  | SCMAudit | user=jenkins1000 | ip=192.168.36.67 | op=SEND_HEARTBEAT {datanodeUUID=efcb8ff8-f060-4d95-9215-d0f5eb4af037, command=[]} | ret=SUCCESS |  
2019-09-04 11:45:54,658 | INFO  | SCMAudit | user=jenkins1000 | ip=192.168.36.67 | op=SEND_HEARTBEAT {datanodeUUID=4c3e8a66-6975-4917-8225-d3efe707aaff, command=[]} | ret=SUCCESS |  
2019-09-04 11:45:54,847 [main] INFO  freon.RandomKeyGenerator (RandomKeyGenerator.java:call(275)) - Number of Threads: 1
2019-09-04 11:45:54,848 [main] INFO  freon.RandomKeyGenerator (RandomKeyGenerator.java:call(280)) - Number of Volumes: 1.
2019-09-04 11:45:54,848 [main] INFO  freon.RandomKeyGenerator (RandomKeyGenerator.java:call(281)) - Number of Buckets per Volume: 1.
2019-09-04 11:45:54,848 [main] INFO  freon.RandomKeyGenerator (RandomKeyGenerator.java:call(282)) - Number of Keys per Bucket: 1.
2019-09-04 11:45:54,848 [main] INFO  freon.RandomKeyGenerator (RandomKeyGenerator.java:call(283)) - Key size: 2147483657 bytes
2019-09-04 11:45:54,848 [main] INFO  freon.RandomKeyGenerator (RandomKeyGenerator.java:call(284)) - Buffer size: 4096 bytes
2019-09-04 11:45:54,851 [main] INFO  freon.RandomKeyGenerator (RandomKeyGenerator.java:call(298)) - Data validation is enabled.
2019-09-04 11:45:54,851 [main] INFO  freon.RandomKeyGenerator (RandomKeyGenerator.java:call(304)) - Starting progress bar Thread.

2019-09-04 11:45:54,851 [pool-282-thread-1] INFO  rpc.RpcClient (RpcClient.java:createVolume(293)) - Creating Volume: vol-0-58699, with jenkins1000 as owner.
 0.00% |█                                                                                                    |  0/1 Time: 0:00:002019-09-04 11:45:54,861 | INFO  | OMAudit | user=jenkins1000 | ip=127.0.0.1 | op=CREATE_VOLUME {admin=jenkins1000, owner=jenkins1000, volume=vol-0-58699, creationTime=1567597554860, quotaInBytes=1152921504606846976} | ret=SUCCESS |  
2019-09-04 11:45:54,863 | INFO  | OMAudit | user=jenkins1000 | ip=127.0.0.1 | op=READ_VOLUME {volume=vol-0-58699} | ret=SUCCESS |  
2019-09-04 11:45:54,864 [pool-282-thread-1] INFO  rpc.RpcClient (RpcClient.java:createBucket(432)) - Creating Bucket: vol-0-58699/bucket-0-57464, with Versioning false and Storage Type set to DISK and Encryption set to false 
2019-09-04 11:45:54,866 | INFO  | OMAudit | user=jenkins1000 | ip=127.0.0.1 | op=CREATE_BUCKET {volume=vol-0-58699, bucket=bucket-0-57464, acls=[user:jenkins1000:a[ACCESS], group:default:a[ACCESS]], isVersionEnabled=false, storageType=DISK, creationTime=0} | ret=SUCCESS |  
2019-09-04 11:45:54,868 | INFO  | OMAudit | user=jenkins1000 | ip=127.0.0.1 | op=READ_BUCKET {volume=vol-0-58699, bucket=bucket-0-57464} | ret=SUCCESS |  
2019-09-04 11:45:54,884 | INFO  | SCMAudit | user=jenkins1000 | ip=192.168.36.67 | op=ALLOCATE_BLOCK {owner=8ab292a2-aaa7-4ad8-863a-d33994811155, size=4194304, type=RATIS, factor=THREE} | ret=SUCCESS |  
2019-09-04 11:45:54,901 | INFO  | OMAudit | user=jenkins1000 | ip=127.0.0.1 | op=ALLOCATE_KEY {volume=vol-0-58699, bucket=bucket-0-57464, key=key-0-37266, dataSize=2147483657, replicationType=RATIS, replicationFactor=THREE, keyLocationInfo=null} | ret=SUCCESS |  
2019-09-04 11:45:54,913 | INFO  | SCMAudit | user=jenkins1000 | ip=192.168.36.67 | op=SEND_HEARTBEAT {datanodeUUID=b68b188c-7f38-42ae-8403-46a39acd0731, command=[]} | ret=SUCCESS |  
2019-09-04 11:45:54,942 [grpc-default-executor-1] INFO  client.GrpcClientProtocolClient (GrpcClientProtocolClient.java:onNext(255)) - client-D5CE890D7D9E->6fae8b02-e804-4c0e-b729-a97b7404b7f6: receive RaftClientReply:client-D5CE890D7D9E->6fae8b02-e804-4c0e-b729-a97b7404b7f6@group-0959F8DF43ED, cid=598, FAILED org.apache.ratis.protocol.NotLeaderException: Server 6fae8b02-e804-4c0e-b729-a97b7404b7f6 is not the leader (efcb8ff8-f060-4d95-9215-d0f5eb4af037:192.168.36.67:41822). Request must be sent to leader., logIndex=0, commits[6fae8b02-e804-4c0e-b729-a97b7404b7f6:c718, efcb8ff8-f060-4d95-9215-d0f5eb4af037:c718, 4c3e8a66-6975-4917-8225-d3efe707aaff:c718]
2019-09-04 11:45:54,967 | INFO  | DNAudit | user=null | ip=null | op=WRITE_CHUNK {blockData=conID: 3 locID: 102734073356419475 bcsId: 0} | ret=SUCCESS |  
2019-09-04 11:45:54,976 | INFO  | DNAudit | user=null | ip=null | op=WRITE_CHUNK {blockData=conID: 3 locID: 102734073356419475 bcsId: 0} | ret=SUCCESS |  
2019-09-04 11:45:54,976 | INFO  | DNAudit | user=null | ip=null | op=WRITE_CHUNK {blockData=conID: 3 locID: 102734073356419475 bcsId: 0} | ret=SUCCESS |  
2019-09-04 11:45:54,989 | INFO  | DNAudit | user=null | ip=null | op=WRITE_CHUNK {blockData=conID: 3 locID: 102734073356419475 bcsId: 0} | ret=SUCCESS |  
2019-09-04 11:45:55,001 [grpc-default-executor-6] INFO  client.GrpcClientProtocolClient (GrpcClientProtocolClient.java:onNext(255)) - client-D5CE890D7D9E->efcb8ff8-f060-4d95-9215-d0f5eb4af037: receive RaftClientReply:client-D5CE890D7D9E->efcb8ff8-f060-4d95-9215-d0f5eb4af037@group-0959F8DF43ED, cid=598, SUCCESS, logIndex=719, commits[efcb8ff8-f060-4d95-9215-d0f5eb4af037:c719, 6fae8b02-e804-4c0e-b729-a97b7404b7f6:c718, 4c3e8a66-6975-4917-8225-d3efe707aaff:c718]
2019-09-04 11:45:55,008 | INFO  | DNAudit | user=null | ip=null | op=WRITE_CHUNK {blockData=conID: 3 locID: 102734073356419475 bcsId: 0} | ret=SUCCESS |  
2019-09-04 11:45:55,009 | INFO  | DNAudit | user=null | ip=null | op=WRITE_CHUNK {blockData=conID: 3 locID: 102734073356419475 bcsId: 0} | ret=SUCCESS |  
2019-09-04 11:45:55,017 | INFO  | DNAudit | user=null | ip=null | op=WRITE_CHUNK {blockData=conID: 3 locID: 102734073356419475 bcsId: 0} | ret=SUCCESS |  
2019-09-04 11:45:55,021 | INFO  | DNAudit | user=null | ip=null | op=WRITE_CHUNK {blockData=conID: 3 locID: 102734073356419475 bcsId: 0} | ret=SUCCESS |  
2019-09-04 11:45:55,021 | INFO  | DNAudit | user=null | ip=null | op=WRITE_CHUNK {blockData=conID: 3 locID: 102734073356419475 bcsId: 0} | ret=SUCCESS |  
2019-09-04 11:45:55,041 | INFO  | DNAudit | user=null | ip=null | op=PUT_BLOCK {blockData=[blockId=conID: 3 locID: 102734073356419475 bcsId: 0,size=1048576]} | ret=SUCCESS |  
2019-09-04 11:45:55,049 | INFO  | DNAudit | user=null | ip=null | op=WRITE_CHUNK {blockData=conID: 3 locID: 102734073356419475 bcsId: 0} | ret=SUCCESS |  
2019-09-04 11:45:55,052 | INFO  | DNAudit | user=null | ip=null | op=PUT_BLOCK {blockData=[blockId=conID: 3 locID: 102734073356419475 bcsId: 0,size=2097152]} | ret=SUCCESS |  
2019-09-04 11:45:55,052 [grpc-default-executor-0] INFO  client.GrpcClientProtocolClient (GrpcClientProtocolClient.java:onNext(255)) - client-D5CE890D7D9E->efcb8ff8-f060-4d95-9215-d0f5eb4af037: receive RaftClientReply:client-D5CE890D7D9E->efcb8ff8-f060-4d95-9215-d0f5eb4af037@group-0959F8DF43ED, cid=599, SUCCESS, logIndex=721, commits[efcb8ff8-f060-4d95-9215-d0f5eb4af037:c721, 6fae8b02-e804-4c0e-b729-a97b7404b7f6:c720, 4c3e8a66-6975-4917-8225-d3efe707aaff:c719]
2019-09-04 11:45:55,054 [grpc-default-executor-0] INFO  client.GrpcClientProtocolClient (GrpcClientProtocolClient.java:onNext(255)) - client-D5CE890D7D9E->efcb8ff8-f060-4d95-9215-d0f5eb4af037: receive RaftClientReply:client-D5CE890D7D9E->efcb8ff8-f060-4d95-9215-d0f5eb4af037@group-0959F8DF43ED, cid=600, SUCCESS, logIndex=722, commits[efcb8ff8-f060-4d95-9215-d0f5eb4af037:c723, 6fae8b02-e804-4c0e-b729-a97b7404b7f6:c720, 4c3e8a66-6975-4917-8225-d3efe707aaff:c720]
2019-09-04 11:45:55,054 [grpc-default-executor-0] INFO  client.GrpcClientProtocolClient (GrpcClientProtocolClient.java:onNext(255)) - client-D5CE890D7D9E->efcb8ff8-f060-4d95-9215-d0f5eb4af037: receive RaftClientReply:client-D5CE890D7D9E->efcb8ff8-f060-4d95-9215-d0f5eb4af037@group-0959F8DF43ED, cid=601, SUCCESS, logIndex=723, commits[efcb8ff8-f060-4d95-9215-d0f5eb4af037:c723, 6fae8b02-e804-4c0e-b729-a97b7404b7f6:c720, 4c3e8a66-6975-4917-8225-d3efe707aaff:c720]
2019-09-04 11:45:55,064 | INFO  | DNAudit | user=null | ip=null | op=PUT_BLOCK {blockData=[blockId=conID: 3 locID: 102734073356419475 bcsId: 0,size=1048576]} | ret=SUCCESS |  
2019-09-04 11:45:55,065 | INFO  | DNAudit | user=null | ip=null | op=PUT_BLOCK {blockData=[blockId=conID: 3 locID: 102734073356419475 bcsId: 0,size=1048576]} | ret=SUCCESS |  
2019-09-04 11:45:55,066 | INFO  | DNAudit | user=null | ip=null | op=WRITE_CHUNK {blockData=conID: 3 locID: 102734073356419475 bcsId: 0} | ret=SUCCESS |  
2019-09-04 11:45:55,066 | INFO  | DNAudit | user=null | ip=null | op=WRITE_CHUNK {blockData=conID: 3 locID: 102734073356419475 bcsId: 0} | ret=SUCCESS |  
2019-09-04 11:45:55,070 | INFO  | DNAudit | user=null | ip=null | op=PUT_BLOCK {blockData=[blockId=conID: 3 locID: 102734073356419475 bcsId: 0,size=2097152]} | ret=SUCCESS |  
2019-09-04 11:45:55,070 | INFO  | DNAudit | user=null | ip=null | op=PUT_BLOCK {blockData=[blockId=conID: 3 locID: 102734073356419475 bcsId: 0,size=2097152]} | ret=SUCCESS |  
2019-09-04 11:45:55,070 [grpc-default-executor-0] INFO  client.GrpcClientProtocolClient (GrpcClientProtocolClient.java:onNext(255)) - client-D5CE890D7D9E->efcb8ff8-f060-4d95-9215-d0f5eb4af037: receive RaftClientReply:client-D5CE890D7D9E->efcb8ff8-f060-4d95-9215-d0f5eb4af037@group-0959F8DF43ED, cid=602, SUCCESS, logIndex=0, commits[efcb8ff8-f060-4d95-9215-d0f5eb4af037:c724, 6fae8b02-e804-4c0e-b729-a97b7404b7f6:c721, 4c3e8a66-6975-4917-8225-d3efe707aaff:c721]
2019-09-04 11:45:55,084 | INFO  | DNAudit | user=null | ip=null | op=WRITE_CHUNK {blockData=conID: 3 locID: 102734073356419475 bcsId: 723} | ret=SUCCESS |  
2019-09-04 11:45:55,090 | INFO  | DNAudit | user=null | ip=null | op=WRITE_CHUNK {blockData=conID: 3 locID: 102734073356419475 bcsId: 723} | ret=SUCCESS |  
2019-09-04 11:45:55,091 | INFO  | DNAudit | user=null | ip=null | op=WRITE_CHUNK {blockData=conID: 3 locID: 102734073356419475 bcsId: 723} | ret=SUCCESS |  
2019-09-04 11:45:55,101 | INFO  | DNAudit | user=null | ip=null | op=WRITE_CHUNK {blockData=conID: 3 locID: 102734073356419475 bcsId: 723} | ret=SUCCESS |  
2019-09-04 11:45:55,102 | INFO  | DNAudit | user=null | ip=null | op=PUT_BLOCK {blockData=[blockId=conID: 3 locID: 102734073356419475 bcsId: 0,size=3145728]} | ret=SUCCESS |  
2019-09-04 11:45:55,102 [grpc-default-executor-6] INFO  client.GrpcClientProtocolClient (GrpcClientProtocolClient.java:onNext(255)) - client-D5CE890D7D9E->efcb8ff8-f060-4d95-9215-d0f5eb4af037: receive RaftClientReply:client-D5CE890D7D9E->efcb8ff8-f060-4d95-9215-d0f5eb4af037@group-0959F8DF43ED, cid=603, SUCCESS, logIndex=727, commits[efcb8ff8-f060-4d95-9215-d0f5eb4af037:c728, 6fae8b02-e804-4c0e-b729-a97b7404b7f6:c726, 4c3e8a66-6975-4917-8225-d3efe707aaff:c726]
2019-09-04 11:45:55,102 [grpc-default-executor-6] INFO  client.GrpcClientProtocolClient (GrpcClientProtocolClient.java:onNext(255)) - client-D5CE890D7D9E->efcb8ff8-f060-4d95-9215-d0f5eb4af037: receive RaftClientReply:client-D5CE890D7D9E->efcb8ff8-f060-4d95-9215-d0f5eb4af037@group-0959F8DF43ED, cid=604, SUCCESS, logIndex=728, commits[efcb8ff8-f060-4d95-9215-d0f5eb4af037:c728, 6fae8b02-e804-4c0e-b729-a97b7404b7f6:c726, 4c3e8a66-6975-4917-8225-d3efe707aaff:c726]
2019-09-04 11:45:55,113 | INFO  | DNAudit | user=null | ip=null | op=WRITE_CHUNK {blockData=conID: 3 locID: 102734073356419475 bcsId: 728} | ret=SUCCESS |  
2019-09-04 11:45:55,117 | INFO  | DNAudit | user=null | ip=null | op=WRITE_CHUNK {blockData=conID: 3 locID: 102734073356419475 bcsId: 723} | ret=SUCCESS |  
2019-09-04 11:45:55,117 | INFO  | DNAudit | user=null | ip=null | op=WRITE_CHUNK {blockData=conID: 3 locID: 102734073356419475 bcsId: 723} | ret=SUCCESS |  
2019-09-04 11:45:55,118 | INFO  | DNAudit | user=null | ip=null | op=PUT_BLOCK {blockData=[blockId=conID: 3 locID: 102734073356419475 bcsId: 0,size=3145728]} | ret=SUCCESS |  
2019-09-04 11:45:55,118 | INFO  | DNAudit | user=null | ip=null | op=PUT_BLOCK {blockData=[blockId=conID: 3 locID: 102734073356419475 bcsId: 0,size=3145728]} | ret=SUCCESS |  
2019-09-04 11:45:55,120 | INFO  | DNAudit | user=null | ip=null | op=WRITE_CHUNK {blockData=conID: 3 locID: 102734073356419475 bcsId: 728} | ret=SUCCESS |  
2019-09-04 11:45:55,122 | INFO  | DNAudit | user=null | ip=null | op=WRITE_CHUNK {blockData=conID: 3 locID: 102734073356419475 bcsId: 728} | ret=SUCCESS |  
2019-09-04 11:45:55,136 | INFO  | DNAudit | user=null | ip=null | op=WRITE_CHUNK {blockData=conID: 3 locID: 102734073356419475 bcsId: 728} | ret=SUCCESS |  
2019-09-04 11:45:55,137 | INFO  | DNAudit | user=null | ip=null | op=PUT_BLOCK {blockData=[blockId=conID: 3 locID: 102734073356419475 bcsId: 0,size=4194304]} | ret=SUCCESS |  
2019-09-04 11:45:55,137 [grpc-default-executor-0] INFO  client.GrpcClientProtocolClient (GrpcClientProtocolClient.java:onNext(255)) - client-D5CE890D7D9E->efcb8ff8-f060-4d95-9215-d0f5eb4af037: receive RaftClientReply:client-D5CE890D7D9E->efcb8ff8-f060-4d95-9215-d0f5eb4af037@group-0959F8DF43ED, cid=605, SUCCESS, logIndex=731, commits[efcb8ff8-f060-4d95-9215-d0f5eb4af037:c732, 6fae8b02-e804-4c0e-b729-a97b7404b7f6:c728, 4c3e8a66-6975-4917-8225-d3efe707aaff:c728]
2019-09-04 11:45:55,138 [grpc-default-executor-0] INFO  client.GrpcClientProtocolClient (GrpcClientProtocolClient.java:onNext(255)) - client-D5CE890D7D9E->efcb8ff8-f060-4d95-9215-d0f5eb4af037: receive RaftClientReply:client-D5CE890D7D9E->efcb8ff8-f060-4d95-9215-d0f5eb4af037@group-0959F8DF43ED, cid=606, SUCCESS, logIndex=732, commits[efcb8ff8-f060-4d95-9215-d0f5eb4af037:c732, 6fae8b02-e804-4c0e-b729-a97b7404b7f6:c728, 4c3e8a66-6975-4917-8225-d3efe707aaff:c728]
2019-09-04 11:45:55,152 | INFO  | DNAudit | user=null | ip=null | op=WRITE_CHUNK {blockData=conID: 3 locID: 102734073356419475 bcsId: 728} | ret=SUCCESS |  
2019-09-04 11:45:55,153 | INFO  | DNAudit | user=null | ip=null | op=WRITE_CHUNK {blockData=conID: 3 locID: 102734073356419475 bcsId: 728} | ret=SUCCESS |  
2019-09-04 11:45:55,153 | INFO  | DNAudit | user=null | ip=null | op=PUT_BLOCK {blockData=[blockId=conID: 3 locID: 102734073356419475 bcsId: 0,size=4194304]} | ret=SUCCESS |  
2019-09-04 11:45:55,153 | INFO  | DNAudit | user=null | ip=null | op=PUT_BLOCK {blockData=[blockId=conID: 3 locID: 102734073356419475 bcsId: 0,size=4194304]} | ret=SUCCESS |  
2019-09-04 11:45:55,154 [grpc-default-executor-0] INFO  client.GrpcClientProtocolClient (GrpcClientProtocolClient.java:onNext(255)) - client-D5CE890D7D9E->efcb8ff8-f060-4d95-9215-d0f5eb4af037: receive RaftClientReply:client-D5CE890D7D9E->efcb8ff8-f060-4d95-9215-d0f5eb4af037@group-0959F8DF43ED, cid=607, SUCCESS, logIndex=0, commits[efcb8ff8-f060-4d95-9215-d0f5eb4af037:c733, 6fae8b02-e804-4c0e-b729-a97b7404b7f6:c732, 4c3e8a66-6975-4917-8225-d3efe707aaff:c732]
2019-09-04 11:45:55,166 | INFO  | DNAudit | user=null | ip=null | op=WRITE_CHUNK {blockData=conID: 1 locID: 102734073356419476 bcsId: 0} | ret=SUCCESS |  
2019-09-04 11:45:55,171 | INFO  | DNAudit | user=null | ip=null | op=WRITE_CHUNK {blockData=conID: 1 locID: 102734073356419476 bcsId: 0} | ret=SUCCESS |  
2019-09-04 11:45:55,171 | INFO  | DNAudit | user=null | ip=null | op=WRITE_CHUNK {blockData=conID: 1 locID: 102734073356419476 bcsId: 0} | ret=SUCCESS |  
2019-09-04 11:45:55,173 | INFO  | DNAudit | user=null | ip=null | op=WRITE_CHUNK {blockData=conID: 1 locID: 102734073356419476 bcsId: 0} | ret=SUCCESS |  
2019-09-04 11:45:55,178 | INFO  | DNAudit | user=null | ip=null | op=WRITE_CHUNK {blockData=conID: 1 locID: 102734073356419476 bcsId: 0} | ret=SUCCESS |  
2019-09-04 11:45:55,179 | INFO  | DNAudit | user=null | ip=null | op=WRITE_CHUNK {blockData=conID: 1 locID: 102734073356419476 bcsId: 0} | ret=SUCCESS |  
2019-09-04 11:45:55,186 | INFO  | DNAudit | user=null | ip=null | op=WRITE_CHUNK {blockData=conID: 1 locID: 102734073356419476 bcsId: 0} | ret=SUCCESS |  
2019-09-04 11:45:55,187 | INFO  | DNAudit | user=null | ip=null | op=PUT_BLOCK {blockData=[blockId=conID: 1 locID: 102734073356419476 bcsId: 0,size=1048576]} | ret=SUCCESS |  
2019-09-04 11:45:55,187 [grpc-default-executor-6] INFO  client.GrpcClientProtocolClient (GrpcClientProtocolClient.java:onNext(255)) - client-D5CE890D7D9E->efcb8ff8-f060-4d95-9215-d0f5eb4af037: receive RaftClientReply:client-D5CE890D7D9E->efcb8ff8-f060-4d95-9215-d0f5eb4af037@group-0959F8DF43ED, cid=608, SUCCESS, logIndex=735, commits[efcb8ff8-f060-4d95-9215-d0f5eb4af037:c736, 6fae8b02-e804-4c0e-b729-a97b7404b7f6:c734, 4c3e8a66-6975-4917-8225-d3efe707aaff:c734]
2019-09-04 11:45:55,188 [grpc-default-executor-6] INFO  client.GrpcClientProtocolClient (GrpcClientProtocolClient.java:onNext(255)) - client-D5CE890D7D9E->efcb8ff8-f060-4d95-9215-d0f5eb4af037: receive RaftClientReply:client-D5CE890D7D9E->efcb8ff8-f060-4d95-9215-d0f5eb4af037@group-0959F8DF43ED, cid=609, SUCCESS, logIndex=736, commits[efcb8ff8-f060-4d95-9215-d0f5eb4af037:c736, 6fae8b02-e804-4c0e-b729-a97b7404b7f6:c734, 4c3e8a66-6975-4917-8225-d3efe707aaff:c734]
2019-09-04 11:45:55,207 | INFO  | DNAudit | user=null | ip=null | op=WRITE_CHUNK {blockData=conID: 1 locID: 102734073356419476 bcsId: 0} | ret=SUCCESS |  
2019-09-04 11:45:55,208 | INFO  | DNAudit | user=null | ip=null | op=PUT_BLOCK {blockData=[blockId=conID: 1 locID: 102734073356419476 bcsId: 0,size=2097152]} | ret=SUCCESS |  
2019-09-04 11:45:55,208 [grpc-default-executor-0] INFO  client.GrpcClientProtocolClient (GrpcClientProtocolClient.java:onNext(255)) - client-D5CE890D7D9E->efcb8ff8-f060-4d95-9215-d0f5eb4af037: receive RaftClientReply:client-D5CE890D7D9E->efcb8ff8-f060-4d95-9215-d0f5eb4af037@group-0959F8DF43ED, cid=610, SUCCESS, logIndex=737, commits[efcb8ff8-f060-4d95-9215-d0f5eb4af037:c738, 6fae8b02-e804-4c0e-b729-a97b7404b7f6:c734, 4c3e8a66-6975-4917-8225-d3efe707aaff:c734]
2019-09-04 11:45:55,209 [grpc-default-executor-0] INFO  client.GrpcClientProtocolClient (GrpcClientProtocolClient.java:onNext(255)) - client-D5CE890D7D9E->efcb8ff8-f060-4d95-9215-d0f5eb4af037: receive RaftClientReply:client-D5CE890D7D9E->efcb8ff8-f060-4d95-9215-d0f5eb4af037@group-0959F8DF43ED, cid=611, SUCCESS, logIndex=738, commits[efcb8ff8-f060-4d95-9215-d0f5eb4af037:c738, 6fae8b02-e804-4c0e-b729-a97b7404b7f6:c734, 4c3e8a66-6975-4917-8225-d3efe707aaff:c734]
2019-09-04 11:45:55,231 | INFO  | DNAudit | user=null | ip=null | op=WRITE_CHUNK {blockData=conID: 1 locID: 102734073356419476 bcsId: 0} | ret=SUCCESS |  
2019-09-04 11:45:55,231 | INFO  | DNAudit | user=null | ip=null | op=WRITE_CHUNK {blockData=conID: 1 locID: 102734073356419476 bcsId: 0} | ret=SUCCESS |  
2019-09-04 11:45:55,231 | INFO  | DNAudit | user=null | ip=null | op=PUT_BLOCK {blockData=[blockId=conID: 1 locID: 102734073356419476 bcsId: 0,size=1048576]} | ret=SUCCESS |  
2019-09-04 11:45:55,231 | INFO  | DNAudit | user=null | ip=null | op=PUT_BLOCK {blockData=[blockId=conID: 1 locID: 102734073356419476 bcsId: 0,size=1048576]} | ret=SUCCESS |  
2019-09-04 11:45:55,232 [grpc-default-executor-6] INFO  client.GrpcClientProtocolClient (GrpcClientProtocolClient.java:onNext(255)) - client-D5CE890D7D9E->efcb8ff8-f060-4d95-9215-d0f5eb4af037: receive RaftClientReply:client-D5CE890D7D9E->efcb8ff8-f060-4d95-9215-d0f5eb4af037@group-0959F8DF43ED, cid=612, SUCCESS, logIndex=0, commits[efcb8ff8-f060-4d95-9215-d0f5eb4af037:c738, 6fae8b02-e804-4c0e-b729-a97b7404b7f6:c736, 4c3e8a66-6975-4917-8225-d3efe707aaff:c736]
2019-09-04 11:45:55,244 | INFO  | DNAudit | user=null | ip=null | op=WRITE_CHUNK {blockData=conID: 1 locID: 102734073356419476 bcsId: 738} | ret=SUCCESS |  
2019-09-04 11:45:55,248 | INFO  | DNAudit | user=null | ip=null | op=WRITE_CHUNK {blockData=conID: 1 locID: 102734073356419476 bcsId: 0} | ret=SUCCESS |  
2019-09-04 11:45:55,248 | INFO  | DNAudit | user=null | ip=null | op=WRITE_CHUNK {blockData=conID: 1 locID: 102734073356419476 bcsId: 0} | ret=SUCCESS |  
2019-09-04 11:45:55,248 | INFO  | DNAudit | user=null | ip=null | op=WRITE_CHUNK {blockData=conID: 1 locID: 102734073356419476 bcsId: 738} | ret=SUCCESS |  
2019-09-04 11:45:55,248 | INFO  | DNAudit | user=null | ip=null | op=PUT_BLOCK {blockData=[blockId=conID: 1 locID: 102734073356419476 bcsId: 0,size=2097152]} | ret=SUCCESS |  
2019-09-04 11:45:55,248 | INFO  | DNAudit | user=null | ip=null | op=PUT_BLOCK {blockData=[blockId=conID: 1 locID: 102734073356419476 bcsId: 0,size=2097152]} | ret=SUCCESS |  
2019-09-04 11:45:55,249 | INFO  | DNAudit | user=null | ip=null | op=WRITE_CHUNK {blockData=conID: 1 locID: 102734073356419476 bcsId: 738} | ret=SUCCESS |  
2019-09-04 11:45:55,268 | INFO  | DNAudit | user=null | ip=null | op=WRITE_CHUNK {blockData=conID: 1 locID: 102734073356419476 bcsId: 738} | ret=SUCCESS |  
2019-09-04 11:45:55,269 | INFO  | DNAudit | user=null | ip=null | op=PUT_BLOCK {blockData=[blockId=conID: 1 locID: 102734073356419476 bcsId: 0,size=3145728]} | ret=SUCCESS |  
2019-09-04 11:45:55,269 [grpc-default-executor-6] INFO  client.GrpcClientProtocolClient (GrpcClientProtocolClient.java:onNext(255)) - client-D5CE890D7D9E->efcb8ff8-f060-4d95-9215-d0f5eb4af037: receive RaftClientReply:client-D5CE890D7D9E->efcb8ff8-f060-4d95-9215-d0f5eb4af037@group-0959F8DF43ED, cid=613, SUCCESS, logIndex=743, commits[efcb8ff8-f060-4d95-9215-d0f5eb4af037:c744, 6fae8b02-e804-4c0e-b729-a97b7404b7f6:c740, 4c3e8a66-6975-4917-8225-d3efe707aaff:c740]
2019-09-04 11:45:55,270 [grpc-default-executor-6] INFO  client.GrpcClientProtocolClient (GrpcClientProtocolClient.java:onNext(255)) - client-D5CE890D7D9E->efcb8ff8-f060-4d95-9215-d0f5eb4af037: receive RaftClientReply:client-D5CE890D7D9E->efcb8ff8-f060-4d95-9215-d0f5eb4af037@group-0959F8DF43ED, cid=614, SUCCESS, logIndex=744, commits[efcb8ff8-f060-4d95-9215-d0f5eb4af037:c744, 6fae8b02-e804-4c0e-b729-a97b7404b7f6:c740, 4c3e8a66-6975-4917-8225-d3efe707aaff:c740]
2019-09-04 11:45:55,283 | INFO  | DNAudit | user=null | ip=null | op=WRITE_CHUNK {blockData=conID: 1 locID: 102734073356419476 bcsId: 744} | ret=SUCCESS |  
2019-09-04 11:45:55,286 | INFO  | DNAudit | user=null | ip=null | op=WRITE_CHUNK {blockData=conID: 1 locID: 102734073356419476 bcsId: 744} | ret=SUCCESS |  
2019-09-04 11:45:55,287 | INFO  | DNAudit | user=null | ip=null | op=WRITE_CHUNK {blockData=conID: 1 locID: 102734073356419476 bcsId: 744} | ret=SUCCESS |  
2019-09-04 11:45:55,288 | INFO  | DNAudit | user=null | ip=null | op=WRITE_CHUNK {blockData=conID: 1 locID: 102734073356419476 bcsId: 738} | ret=SUCCESS |  
2019-09-04 11:45:55,288 | INFO  | DNAudit | user=null | ip=null | op=WRITE_CHUNK {blockData=conID: 1 locID: 102734073356419476 bcsId: 738} | ret=SUCCESS |  
2019-09-04 11:45:55,288 | INFO  | DNAudit | user=null | ip=null | op=PUT_BLOCK {blockData=[blockId=conID: 1 locID: 102734073356419476 bcsId: 0,size=3145728]} | ret=SUCCESS |  
2019-09-04 11:45:55,288 | INFO  | DNAudit | user=null | ip=null | op=PUT_BLOCK {blockData=[blockId=conID: 1 locID: 102734073356419476 bcsId: 0,size=3145728]} | ret=SUCCESS |  
2019-09-04 11:45:55,290 | INFO  | DNAudit | user=null | ip=null | op=WRITE_CHUNK {blockData=conID: 1 locID: 102734073356419476 bcsId: 744} | ret=SUCCESS |  
2019-09-04 11:45:55,291 | INFO  | DNAudit | user=null | ip=null | op=PUT_BLOCK {blockData=[blockId=conID: 1 locID: 102734073356419476 bcsId: 0,size=4194304]} | ret=SUCCESS |  
2019-09-04 11:45:55,291 [grpc-default-executor-6] INFO  client.GrpcClientProtocolClient (GrpcClientProtocolClient.java:onNext(255)) - client-D5CE890D7D9E->efcb8ff8-f060-4d95-9215-d0f5eb4af037: receive RaftClientReply:client-D5CE890D7D9E->efcb8ff8-f060-4d95-9215-d0f5eb4af037@group-0959F8DF43ED, cid=615, SUCCESS, logIndex=747, commits[efcb8ff8-f060-4d95-9215-d0f5eb4af037:c748, 6fae8b02-e804-4c0e-b729-a97b7404b7f6:c744, 4c3e8a66-6975-4917-8225-d3efe707aaff:c744]
2019-09-04 11:45:55,292 [grpc-default-executor-6] INFO  client.GrpcClientProtocolClient (GrpcClientProtocolClient.java:onNext(255)) - client-D5CE890D7D9E->efcb8ff8-f060-4d95-9215-d0f5eb4af037: receive RaftClientReply:client-D5CE890D7D9E->efcb8ff8-f060-4d95-9215-d0f5eb4af037@group-0959F8DF43ED, cid=616, SUCCESS, logIndex=748, commits[efcb8ff8-f060-4d95-9215-d0f5eb4af037:c748, 6fae8b02-e804-4c0e-b729-a97b7404b7f6:c744, 4c3e8a66-6975-4917-8225-d3efe707aaff:c744]
2019-09-04 11:45:55,311 | INFO  | DNAudit | user=null | ip=null | op=WRITE_CHUNK {blockData=conID: 1 locID: 102734073356419476 bcsId: 744} | ret=SUCCESS |  
2019-09-04 11:45:55,311 | INFO  | DNAudit | user=null | ip=null | op=WRITE_CHUNK {blockData=conID: 1 locID: 102734073356419476 bcsId: 744} | ret=SUCCESS |  
2019-09-04 11:45:55,311 | INFO  | DNAudit | user=null | ip=null | op=PUT_BLOCK {blockData=[blockId=conID: 1 locID: 102734073356419476 bcsId: 0,size=4194304]} | ret=SUCCESS |  
2019-09-04 11:45:55,311 | INFO  | DNAudit | user=null | ip=null | op=PUT_BLOCK {blockData=[blockId=conID: 1 locID: 102734073356419476 bcsId: 0,size=4194304]} | ret=SUCCESS |  
2019-09-04 11:45:55,312 [grpc-default-executor-6] INFO  client.GrpcClientProtocolClient (GrpcClientProtocolClient.java:onNext(255)) - client-D5CE890D7D9E->efcb8ff8-f060-4d95-9215-d0f5eb4af037: receive RaftClientReply:client-D5CE890D7D9E->efcb8ff8-f060-4d95-9215-d0f5eb4af037@group-0959F8DF43ED, cid=617, SUCCESS, logIndex=0, commits[efcb8ff8-f060-4d95-9215-d0f5eb4af037:c749, 6fae8b02-e804-4c0e-b729-a97b7404b7f6:c748, 4c3e8a66-6975-4917-8225-d3efe707aaff:c748]
2019-09-04 11:45:55,324 | INFO  | DNAudit | user=null | ip=null | op=WRITE_CHUNK {blockData=conID: 2 locID: 102734073356419477 bcsId: 0} | ret=SUCCESS |  
2019-09-04 11:45:55,327 | INFO  | DNAudit | user=null | ip=null | op=WRITE_CHUNK {blockData=conID: 2 locID: 102734073356419477 bcsId: 0} | ret=SUCCESS |  
2019-09-04 11:45:55,678 | INFO  | DNAudit | user=null | ip=null | op=WRITE_CHUNK {blockData=conID: 2 locID: 102734073356419477 bcsId: 0} | ret=SUCCESS |  
2019-09-04 11:45:55,682 | INFO  | SCMAudit | user=jenkins1000 | ip=192.168.36.67 | op=SEND_HEARTBEAT {datanodeUUID=efcb8ff8-f060-4d95-9215-d0f5eb4af037, command=[]} | ret=SUCCESS |  
2019-09-04 11:45:55,682 | INFO  | SCMAudit | user=jenkins1000 | ip=192.168.36.67 | op=SEND_HEARTBEAT {datanodeUUID=6fae8b02-e804-4c0e-b729-a97b7404b7f6, command=[]} | ret=SUCCESS |  
2019-09-04 11:45:55,682 | INFO  | SCMAudit | user=jenkins1000 | ip=192.168.36.67 | op=SEND_HEARTBEAT {datanodeUUID=4c3e8a66-6975-4917-8225-d3efe707aaff, command=[]} | ret=SUCCESS |  
2019-09-04 11:45:55,682 | INFO  | SCMAudit | user=jenkins1000 | ip=192.168.36.67 | op=SEND_HEARTBEAT {datanodeUUID=0b776101-1d39-4f23-96c0-6a8ead31197c, command=[]} | ret=SUCCESS |  
2019-09-04 11:45:55,685 | INFO  | DNAudit | user=null | ip=null | op=WRITE_CHUNK {blockData=conID: 2 locID: 102734073356419477 bcsId: 0} | ret=SUCCESS |  
2019-09-04 11:45:55,686 | INFO  | DNAudit | user=null | ip=null | op=PUT_BLOCK {blockData=[blockId=conID: 2 locID: 102734073356419477 bcsId: 0,size=1048576]} | ret=SUCCESS |  
2019-09-04 11:45:55,687 | INFO  | DNAudit | user=null | ip=null | op=WRITE_CHUNK {blockData=conID: 2 locID: 102734073356419477 bcsId: 0} | ret=SUCCESS |  
2019-09-04 11:45:55,687 [grpc-default-executor-4] INFO  client.GrpcClientProtocolClient (GrpcClientProtocolClient.java:onNext(255)) - client-D5CE890D7D9E->efcb8ff8-f060-4d95-9215-d0f5eb4af037: receive RaftClientReply:client-D5CE890D7D9E->efcb8ff8-f060-4d95-9215-d0f5eb4af037@group-0959F8DF43ED, cid=618, SUCCESS, logIndex=751, commits[efcb8ff8-f060-4d95-9215-d0f5eb4af037:c752, 6fae8b02-e804-4c0e-b729-a97b7404b7f6:c750, 4c3e8a66-6975-4917-8225-d3efe707aaff:c748]
2019-09-04 11:45:55,689 [grpc-default-executor-0] INFO  client.GrpcClientProtocolClient (GrpcClientProtocolClient.java:onNext(255)) - client-D5CE890D7D9E->efcb8ff8-f060-4d95-9215-d0f5eb4af037: receive RaftClientReply:client-D5CE890D7D9E->efcb8ff8-f060-4d95-9215-d0f5eb4af037@group-0959F8DF43ED, cid=619, SUCCESS, logIndex=752, commits[efcb8ff8-f060-4d95-9215-d0f5eb4af037:c752, 6fae8b02-e804-4c0e-b729-a97b7404b7f6:c750, 4c3e8a66-6975-4917-8225-d3efe707aaff:c748]
2019-09-04 11:45:55,694 | INFO  | DNAudit | user=null | ip=null | op=WRITE_CHUNK {blockData=conID: 2 locID: 102734073356419477 bcsId: 0} | ret=SUCCESS |  
2019-09-04 11:45:55,695 | INFO  | DNAudit | user=null | ip=null | op=WRITE_CHUNK {blockData=conID: 2 locID: 102734073356419477 bcsId: 0} | ret=SUCCESS |  
2019-09-04 11:45:55,707 | INFO  | DNAudit | user=null | ip=null | op=WRITE_CHUNK {blockData=conID: 2 locID: 102734073356419477 bcsId: 0} | ret=SUCCESS |  
2019-09-04 11:45:55,708 | INFO  | DNAudit | user=null | ip=null | op=WRITE_CHUNK {blockData=conID: 2 locID: 102734073356419477 bcsId: 0} | ret=SUCCESS |  
2019-09-04 11:45:55,708 | INFO  | DNAudit | user=null | ip=null | op=PUT_BLOCK {blockData=[blockId=conID: 2 locID: 102734073356419477 bcsId: 0,size=2097152]} | ret=SUCCESS |  
2019-09-04 11:45:55,708 | INFO  | DNAudit | user=null | ip=null | op=PUT_BLOCK {blockData=[blockId=conID: 2 locID: 102734073356419477 bcsId: 0,size=1048576]} | ret=SUCCESS |  
2019-09-04 11:45:55,709 [grpc-default-executor-6] INFO  client.GrpcClientProtocolClient (GrpcClientProtocolClient.java:onNext(255)) - client-D5CE890D7D9E->efcb8ff8-f060-4d95-9215-d0f5eb4af037: receive RaftClientReply:client-D5CE890D7D9E->efcb8ff8-f060-4d95-9215-d0f5eb4af037@group-0959F8DF43ED, cid=620, SUCCESS, logIndex=753, commits[efcb8ff8-f060-4d95-9215-d0f5eb4af037:c756, 6fae8b02-e804-4c0e-b729-a97b7404b7f6:c752, 4c3e8a66-6975-4917-8225-d3efe707aaff:c750]
2019-09-04 11:45:55,710 [grpc-default-executor-6] INFO  client.GrpcClientProtocolClient (GrpcClientProtocolClient.java:onNext(255)) - client-D5CE890D7D9E->efcb8ff8-f060-4d95-9215-d0f5eb4af037: receive RaftClientReply:client-D5CE890D7D9E->efcb8ff8-f060-4d95-9215-d0f5eb4af037@group-0959F8DF43ED, cid=621, SUCCESS, logIndex=754, commits[efcb8ff8-f060-4d95-9215-d0f5eb4af037:c756, 6fae8b02-e804-4c0e-b729-a97b7404b7f6:c752, 4c3e8a66-6975-4917-8225-d3efe707aaff:c750]
2019-09-04 11:45:55,731 | INFO  | DNAudit | user=null | ip=null | op=WRITE_CHUNK {blockData=conID: 2 locID: 102734073356419477 bcsId: 0} | ret=SUCCESS |  
2019-09-04 11:45:55,731 | INFO  | DNAudit | user=null | ip=null | op=WRITE_CHUNK {blockData=conID: 2 locID: 102734073356419477 bcsId: 0} | ret=SUCCESS |  
2019-09-04 11:45:55,732 | INFO  | DNAudit | user=null | ip=null | op=PUT_BLOCK {blockData=[blockId=conID: 2 locID: 102734073356419477 bcsId: 0,size=2097152]} | ret=SUCCESS |  
2019-09-04 11:45:55,732 | INFO  | DNAudit | user=null | ip=null | op=PUT_BLOCK {blockData=[blockId=conID: 2 locID: 102734073356419477 bcsId: 0,size=1048576]} | ret=SUCCESS |  
2019-09-04 11:45:55,733 [grpc-default-executor-6] INFO  client.GrpcClientProtocolClient (GrpcClientProtocolClient.java:onNext(255)) - client-D5CE890D7D9E->efcb8ff8-f060-4d95-9215-d0f5eb4af037: receive RaftClientReply:client-D5CE890D7D9E->efcb8ff8-f060-4d95-9215-d0f5eb4af037@group-0959F8DF43ED, cid=622, SUCCESS, logIndex=0, commits[efcb8ff8-f060-4d95-9215-d0f5eb4af037:c756, 6fae8b02-e804-4c0e-b729-a97b7404b7f6:c754, 4c3e8a66-6975-4917-8225-d3efe707aaff:c752]
2019-09-04 11:45:55,744 | INFO  | DNAudit | user=null | ip=null | op=WRITE_CHUNK {blockData=conID: 2 locID: 102734073356419477 bcsId: 754} | ret=SUCCESS |  
2019-09-04 11:45:55,749 | INFO  | DNAudit | user=null | ip=null | op=WRITE_CHUNK {blockData=conID: 2 locID: 102734073356419477 bcsId: 754} | ret=SUCCESS |  
2019-09-04 11:45:55,749 | INFO  | DNAudit | user=null | ip=null | op=WRITE_CHUNK {blockData=conID: 2 locID: 102734073356419477 bcsId: 754} | ret=SUCCESS |  
2019-09-04 11:45:55,753 | INFO  | DNAudit | user=null | ip=null | op=WRITE_CHUNK {blockData=conID: 2 locID: 102734073356419477 bcsId: 0} | ret=SUCCESS |  
2019-09-04 11:45:55,754 | INFO  | DNAudit | user=null | ip=null | op=PUT_BLOCK {blockData=[blockId=conID: 2 locID: 102734073356419477 bcsId: 0,size=2097152]} | ret=SUCCESS |  
2019-09-04 11:45:55,771 | INFO  | DNAudit | user=null | ip=null | op=WRITE_CHUNK {blockData=conID: 2 locID: 102734073356419477 bcsId: 754} | ret=SUCCESS |  
2019-09-04 11:45:55,772 | INFO  | DNAudit | user=null | ip=null | op=PUT_BLOCK {blockData=[blockId=conID: 2 locID: 102734073356419477 bcsId: 0,size=3145728]} | ret=SUCCESS |  
2019-09-04 11:45:55,772 [grpc-default-executor-6] INFO  client.GrpcClientProtocolClient (GrpcClientProtocolClient.java:onNext(255)) - client-D5CE890D7D9E->efcb8ff8-f060-4d95-9215-d0f5eb4af037: receive RaftClientReply:client-D5CE890D7D9E->efcb8ff8-f060-4d95-9215-d0f5eb4af037@group-0959F8DF43ED, cid=623, SUCCESS, logIndex=759, commits[efcb8ff8-f060-4d95-9215-d0f5eb4af037:c760, 6fae8b02-e804-4c0e-b729-a97b7404b7f6:c757, 4c3e8a66-6975-4917-8225-d3efe707aaff:c757]
2019-09-04 11:45:55,773 [grpc-default-executor-6] INFO  client.GrpcClientProtocolClient (GrpcClientProtocolClient.java:onNext(255)) - client-D5CE890D7D9E->efcb8ff8-f060-4d95-9215-d0f5eb4af037: receive RaftClientReply:client-D5CE890D7D9E->efcb8ff8-f060-4d95-9215-d0f5eb4af037@group-0959F8DF43ED, cid=624, SUCCESS, logIndex=760, commits[efcb8ff8-f060-4d95-9215-d0f5eb4af037:c760, 6fae8b02-e804-4c0e-b729-a97b7404b7f6:c757, 4c3e8a66-6975-4917-8225-d3efe707aaff:c757]
2019-09-04 11:45:55,783 | INFO  | DNAudit | user=null | ip=null | op=WRITE_CHUNK {blockData=conID: 2 locID: 102734073356419477 bcsId: 760} | ret=SUCCESS |  
2019-09-04 11:45:55,787 | INFO  | DNAudit | user=null | ip=null | op=WRITE_CHUNK {blockData=conID: 2 locID: 102734073356419477 bcsId: 760} | ret=SUCCESS |  
2019-09-04 11:45:55,787 | INFO  | DNAudit | user=null | ip=null | op=WRITE_CHUNK {blockData=conID: 2 locID: 102734073356419477 bcsId: 760} | ret=SUCCESS |  
2019-09-04 11:45:55,790 | INFO  | DNAudit | user=null | ip=null | op=WRITE_CHUNK {blockData=conID: 2 locID: 102734073356419477 bcsId: 754} | ret=SUCCESS |  
2019-09-04 11:45:55,790 | INFO  | DNAudit | user=null | ip=null | op=WRITE_CHUNK {blockData=conID: 2 locID: 102734073356419477 bcsId: 754} | ret=SUCCESS |  
2019-09-04 11:45:55,790 | INFO  | DNAudit | user=null | ip=null | op=PUT_BLOCK {blockData=[blockId=conID: 2 locID: 102734073356419477 bcsId: 0,size=3145728]} | ret=SUCCESS |  
2019-09-04 11:45:55,791 | INFO  | DNAudit | user=null | ip=null | op=PUT_BLOCK {blockData=[blockId=conID: 2 locID: 102734073356419477 bcsId: 0,size=3145728]} | ret=SUCCESS |  
2019-09-04 11:45:55,792 | INFO  | DNAudit | user=null | ip=null | op=WRITE_CHUNK {blockData=conID: 2 locID: 102734073356419477 bcsId: 760} | ret=SUCCESS |  
2019-09-04 11:45:55,792 | INFO  | DNAudit | user=null | ip=null | op=PUT_BLOCK {blockData=[blockId=conID: 2 locID: 102734073356419477 bcsId: 0,size=4194304]} | ret=SUCCESS |  
2019-09-04 11:45:55,793 [grpc-default-executor-4] INFO  client.GrpcClientProtocolClient (GrpcClientProtocolClient.java:onNext(255)) - client-D5CE890D7D9E->efcb8ff8-f060-4d95-9215-d0f5eb4af037: receive RaftClientReply:client-D5CE890D7D9E->efcb8ff8-f060-4d95-9215-d0f5eb4af037@group-0959F8DF43ED, cid=625, SUCCESS, logIndex=763, commits[efcb8ff8-f060-4d95-9215-d0f5eb4af037:c764, 6fae8b02-e804-4c0e-b729-a97b7404b7f6:c760, 4c3e8a66-6975-4917-8225-d3efe707aaff:c760]
2019-09-04 11:45:55,793 [grpc-default-executor-4] INFO  client.GrpcClientProtocolClient (GrpcClientProtocolClient.java:onNext(255)) - client-D5CE890D7D9E->efcb8ff8-f060-4d95-9215-d0f5eb4af037: receive RaftClientReply:client-D5CE890D7D9E->efcb8ff8-f060-4d95-9215-d0f5eb4af037@group-0959F8DF43ED, cid=626, SUCCESS, logIndex=764, commits[efcb8ff8-f060-4d95-9215-d0f5eb4af037:c764, 6fae8b02-e804-4c0e-b729-a97b7404b7f6:c760, 4c3e8a66-6975-4917-8225-d3efe707aaff:c760]
2019-09-04 11:45:55,814 | INFO  | DNAudit | user=null | ip=null | op=WRITE_CHUNK {blockData=conID: 2 locID: 102734073356419477 bcsId: 760} | ret=SUCCESS |  
2019-09-04 11:45:55,815 | INFO  | DNAudit | user=null | ip=null | op=PUT_BLOCK {blockData=[blockId=conID: 2 locID: 102734073356419477 bcsId: 0,size=4194304]} | ret=SUCCESS |  
2019-09-04 11:45:55,815 | INFO  | DNAudit | user=null | ip=null | op=WRITE_CHUNK {blockData=conID: 2 locID: 102734073356419477 bcsId: 760} | ret=SUCCESS |  
2019-09-04 11:45:55,816 | INFO  | DNAudit | user=null | ip=null | op=PUT_BLOCK {blockData=[blockId=conID: 2 locID: 102734073356419477 bcsId: 0,size=4194304]} | ret=SUCCESS |  
2019-09-04 11:45:55,816 [grpc-default-executor-4] INFO  client.GrpcClientProtocolClient (GrpcClientProtocolClient.java:onNext(255)) - client-D5CE890D7D9E->efcb8ff8-f060-4d95-9215-d0f5eb4af037: receive RaftClientReply:client-D5CE890D7D9E->efcb8ff8-f060-4d95-9215-d0f5eb4af037@group-0959F8DF43ED, cid=627, SUCCESS, logIndex=0, commits[efcb8ff8-f060-4d95-9215-d0f5eb4af037:c765, 6fae8b02-e804-4c0e-b729-a97b7404b7f6:c764, 4c3e8a66-6975-4917-8225-d3efe707aaff:c764]
2019-09-04 11:45:55,826 | INFO  | DNAudit | user=null | ip=null | op=WRITE_CHUNK {blockData=conID: 3 locID: 102734073356419478 bcsId: 0} | ret=SUCCESS |  
2019-09-04 11:45:55,830 | INFO  | DNAudit | user=null | ip=null | op=WRITE_CHUNK {blockData=conID: 3 locID: 102734073356419478 bcsId: 0} | ret=SUCCESS |  
2019-09-04 11:45:55,831 | INFO  | DNAudit | user=null | ip=null | op=WRITE_CHUNK {blockData=conID: 3 locID: 102734073356419478 bcsId: 0} | ret=SUCCESS |  
2019-09-04 11:45:55,832 | INFO  | DNAudit | user=null | ip=null | op=WRITE_CHUNK {blockData=conID: 3 locID: 102734073356419478 bcsId: 0} | ret=SUCCESS |  
2019-09-04 11:45:55,835 | INFO  | DNAudit | user=null | ip=null | op=WRITE_CHUNK {blockData=conID: 3 locID: 102734073356419478 bcsId: 0} | ret=SUCCESS |  
2019-09-04 11:45:55,836 | INFO  | DNAudit | user=null | ip=null | op=WRITE_CHUNK {blockData=conID: 3 locID: 102734073356419478 bcsId: 0} | ret=SUCCESS |  
2019-09-04 11:45:55,844 | INFO  | DNAudit | user=null | ip=null | op=WRITE_CHUNK {blockData=conID: 3 locID: 102734073356419478 bcsId: 0} | ret=SUCCESS |  
2019-09-04 11:45:55,844 | INFO  | DNAudit | user=null | ip=null | op=PUT_BLOCK {blockData=[blockId=conID: 3 locID: 102734073356419478 bcsId: 0,size=1048576]} | ret=SUCCESS |  
2019-09-04 11:45:55,845 | INFO  | DNAudit | user=null | ip=null | op=WRITE_CHUNK {blockData=conID: 3 locID: 102734073356419478 bcsId: 0} | ret=SUCCESS |  
2019-09-04 11:45:55,845 | INFO  | DNAudit | user=null | ip=null | op=PUT_BLOCK {blockData=[blockId=conID: 3 locID: 102734073356419478 bcsId: 0,size=2097152]} | ret=SUCCESS |  
2019-09-04 11:45:55,845 [grpc-default-executor-1] INFO  client.GrpcClientProtocolClient (GrpcClientProtocolClient.java:onNext(255)) - client-D5CE890D7D9E->efcb8ff8-f060-4d95-9215-d0f5eb4af037: receive RaftClientReply:client-D5CE890D7D9E->efcb8ff8-f060-4d95-9215-d0f5eb4af037@group-0959F8DF43ED, cid=628, SUCCESS, logIndex=767, commits[efcb8ff8-f060-4d95-9215-d0f5eb4af037:c768, 6fae8b02-e804-4c0e-b729-a97b7404b7f6:c766, 4c3e8a66-6975-4917-8225-d3efe707aaff:c766]
2019-09-04 11:45:55,846 | INFO  | DNAudit | user=null | ip=null | op=WRITE_CHUNK {blockData=conID: 3 locID: 102734073356419478 bcsId: 0} | ret=SUCCESS |  
2019-09-04 11:45:55,846 | INFO  | DNAudit | user=null | ip=null | op=WRITE_CHUNK {blockData=conID: 3 locID: 102734073356419478 bcsId: 0} | ret=SUCCESS |  
2019-09-04 11:45:55,846 [grpc-default-executor-1] INFO  client.GrpcClientProtocolClient (GrpcClientProtocolClient.java:onNext(255)) - client-D5CE890D7D9E->efcb8ff8-f060-4d95-9215-d0f5eb4af037: receive RaftClientReply:client-D5CE890D7D9E->efcb8ff8-f060-4d95-9215-d0f5eb4af037@group-0959F8DF43ED, cid=629, SUCCESS, logIndex=768, commits[efcb8ff8-f060-4d95-9215-d0f5eb4af037:c770, 6fae8b02-e804-4c0e-b729-a97b7404b7f6:c766, 4c3e8a66-6975-4917-8225-d3efe707aaff:c766]
2019-09-04 11:45:55,846 | INFO  | DNAudit | user=null | ip=null | op=PUT_BLOCK {blockData=[blockId=conID: 3 locID: 102734073356419478 bcsId: 0,size=1048576]} | ret=SUCCESS |  
2019-09-04 11:45:55,846 | INFO  | DNAudit | user=null | ip=null | op=PUT_BLOCK {blockData=[blockId=conID: 3 locID: 102734073356419478 bcsId: 0,size=1048576]} | ret=SUCCESS |  
2019-09-04 11:45:55,846 [grpc-default-executor-1] INFO  client.GrpcClientProtocolClient (GrpcClientProtocolClient.java:onNext(255)) - client-D5CE890D7D9E->efcb8ff8-f060-4d95-9215-d0f5eb4af037: receive RaftClientReply:client-D5CE890D7D9E->efcb8ff8-f060-4d95-9215-d0f5eb4af037@group-0959F8DF43ED, cid=630, SUCCESS, logIndex=769, commits[efcb8ff8-f060-4d95-9215-d0f5eb4af037:c770, 6fae8b02-e804-4c0e-b729-a97b7404b7f6:c766, 4c3e8a66-6975-4917-8225-d3efe707aaff:c766]
2019-09-04 11:45:55,847 [grpc-default-executor-0] INFO  client.GrpcClientProtocolClient (GrpcClientProtocolClient.java:onNext(255)) - client-D5CE890D7D9E->efcb8ff8-f060-4d95-9215-d0f5eb4af037: receive RaftClientReply:client-D5CE890D7D9E->efcb8ff8-f060-4d95-9215-d0f5eb4af037@group-0959F8DF43ED, cid=631, SUCCESS, logIndex=770, commits[efcb8ff8-f060-4d95-9215-d0f5eb4af037:c770, 6fae8b02-e804-4c0e-b729-a97b7404b7f6:c766, 4c3e8a66-6975-4917-8225-d3efe707aaff:c766]
2019-09-04 11:45:55,848 | INFO  | DNAudit | user=null | ip=null | op=WRITE_CHUNK {blockData=conID: 3 locID: 102734073356419478 bcsId: 0} | ret=SUCCESS |  
2019-09-04 11:45:55,848 | INFO  | DNAudit | user=null | ip=null | op=WRITE_CHUNK {blockData=conID: 3 locID: 102734073356419478 bcsId: 0} | ret=SUCCESS |  
2019-09-04 11:45:55,848 | INFO  | DNAudit | user=null | ip=null | op=PUT_BLOCK {blockData=[blockId=conID: 3 locID: 102734073356419478 bcsId: 0,size=2097152]} | ret=SUCCESS |  
2019-09-04 11:45:55,848 | INFO  | DNAudit | user=null | ip=null | op=PUT_BLOCK {blockData=[blockId=conID: 3 locID: 102734073356419478 bcsId: 0,size=2097152]} | ret=SUCCESS |  
2019-09-04 11:45:55,849 [grpc-default-executor-0] INFO  client.GrpcClientProtocolClient (GrpcClientProtocolClient.java:onNext(255)) - client-D5CE890D7D9E->efcb8ff8-f060-4d95-9215-d0f5eb4af037: receive RaftClientReply:client-D5CE890D7D9E->efcb8ff8-f060-4d95-9215-d0f5eb4af037@group-0959F8DF43ED, cid=632, SUCCESS, logIndex=0, commits[efcb8ff8-f060-4d95-9215-d0f5eb4af037:c772, 6fae8b02-e804-4c0e-b729-a97b7404b7f6:c768, 4c3e8a66-6975-4917-8225-d3efe707aaff:c768]
 0.00% |█                                                                                                    |  0/1 Time: 0:00:012019-09-04 11:45:55,858 | INFO  | DNAudit | user=null | ip=null | op=WRITE_CHUNK {blockData=conID: 3 locID: 102734073356419478 bcsId: 770} | ret=SUCCESS |  
2019-09-04 11:45:55,862 | INFO  | DNAudit | user=null | ip=null | op=WRITE_CHUNK {blockData=conID: 3 locID: 102734073356419478 bcsId: 770} | ret=SUCCESS |  
2019-09-04 11:45:55,863 | INFO  | DNAudit | user=null | ip=null | op=WRITE_CHUNK {blockData=conID: 3 locID: 102734073356419478 bcsId: 770} | ret=SUCCESS |  
2019-09-04 11:45:55,873 | INFO  | DNAudit | user=null | ip=null | op=WRITE_CHUNK {blockData=conID: 3 locID: 102734073356419478 bcsId: 770} | ret=SUCCESS |  
2019-09-04 11:45:55,876 | INFO  | DNAudit | user=null | ip=null | op=PUT_BLOCK {blockData=[blockId=conID: 3 locID: 102734073356419478 bcsId: 0,size=3145728]} | ret=SUCCESS |  
2019-09-04 11:45:55,877 [grpc-default-executor-1] INFO  client.GrpcClientProtocolClient (GrpcClientProtocolClient.java:onNext(255)) - client-D5CE890D7D9E->efcb8ff8-f060-4d95-9215-d0f5eb4af037: receive RaftClientReply:client-D5CE890D7D9E->efcb8ff8-f060-4d95-9215-d0f5eb4af037@group-0959F8DF43ED, cid=633, SUCCESS, logIndex=775, commits[efcb8ff8-f060-4d95-9215-d0f5eb4af037:c776, 6fae8b02-e804-4c0e-b729-a97b7404b7f6:c774, 4c3e8a66-6975-4917-8225-d3efe707aaff:c774]
2019-09-04 11:45:55,877 [grpc-default-executor-1] INFO  client.GrpcClientProtocolClient (GrpcClientProtocolClient.java:onNext(255)) - client-D5CE890D7D9E->efcb8ff8-f060-4d95-9215-d0f5eb4af037: receive RaftClientReply:client-D5CE890D7D9E->efcb8ff8-f060-4d95-9215-d0f5eb4af037@group-0959F8DF43ED, cid=634, SUCCESS, logIndex=776, commits[efcb8ff8-f060-4d95-9215-d0f5eb4af037:c776, 6fae8b02-e804-4c0e-b729-a97b7404b7f6:c774, 4c3e8a66-6975-4917-8225-d3efe707aaff:c774]
2019-09-04 11:45:55,888 | INFO  | DNAudit | user=null | ip=null | op=WRITE_CHUNK {blockData=conID: 3 locID: 102734073356419478 bcsId: 776} | ret=SUCCESS |  
2019-09-04 11:45:55,891 | INFO  | DNAudit | user=null | ip=null | op=WRITE_CHUNK {blockData=conID: 3 locID: 102734073356419478 bcsId: 776} | ret=SUCCESS |  
2019-09-04 11:45:55,892 | INFO  | DNAudit | user=null | ip=null | op=WRITE_CHUNK {blockData=conID: 3 locID: 102734073356419478 bcsId: 776} | ret=SUCCESS |  
2019-09-04 11:45:55,892 | INFO  | DNAudit | user=null | ip=null | op=WRITE_CHUNK {blockData=conID: 3 locID: 102734073356419478 bcsId: 770} | ret=SUCCESS |  
2019-09-04 11:45:55,892 | INFO  | DNAudit | user=null | ip=null | op=WRITE_CHUNK {blockData=conID: 3 locID: 102734073356419478 bcsId: 770} | ret=SUCCESS |  
2019-09-04 11:45:55,892 | INFO  | DNAudit | user=null | ip=null | op=PUT_BLOCK {blockData=[blockId=conID: 3 locID: 102734073356419478 bcsId: 0,size=3145728]} | ret=SUCCESS |  
2019-09-04 11:45:55,893 | INFO  | DNAudit | user=null | ip=null | op=PUT_BLOCK {blockData=[blockId=conID: 3 locID: 102734073356419478 bcsId: 0,size=3145728]} | ret=SUCCESS |  
2019-09-04 11:45:55,894 | INFO  | DNAudit | user=null | ip=null | op=WRITE_CHUNK {blockData=conID: 3 locID: 102734073356419478 bcsId: 776} | ret=SUCCESS |  
2019-09-04 11:45:55,894 | INFO  | DNAudit | user=null | ip=null | op=PUT_BLOCK {blockData=[blockId=conID: 3 locID: 102734073356419478 bcsId: 0,size=4194304]} | ret=SUCCESS |  
2019-09-04 11:45:55,895 [grpc-default-executor-4] INFO  client.GrpcClientProtocolClient (GrpcClientProtocolClient.java:onNext(255)) - client-D5CE890D7D9E->efcb8ff8-f060-4d95-9215-d0f5eb4af037: receive RaftClientReply:client-D5CE890D7D9E->efcb8ff8-f060-4d95-9215-d0f5eb4af037@group-0959F8DF43ED, cid=635, SUCCESS, logIndex=779, commits[efcb8ff8-f060-4d95-9215-d0f5eb4af037:c780, 6fae8b02-e804-4c0e-b729-a97b7404b7f6:c776, 4c3e8a66-6975-4917-8225-d3efe707aaff:c776]
2019-09-04 11:45:55,895 [grpc-default-executor-4] INFO  client.GrpcClientProtocolClient (GrpcClientProtocolClient.java:onNext(255)) - client-D5CE890D7D9E->efcb8ff8-f060-4d95-9215-d0f5eb4af037: receive RaftClientReply:client-D5CE890D7D9E->efcb8ff8-f060-4d95-9215-d0f5eb4af037@group-0959F8DF43ED, cid=636, SUCCESS, logIndex=780, commits[efcb8ff8-f060-4d95-9215-d0f5eb4af037:c780, 6fae8b02-e804-4c0e-b729-a97b7404b7f6:c776, 4c3e8a66-6975-4917-8225-d3efe707aaff:c776]
2019-09-04 11:45:55,912 | INFO  | SCMAudit | user=jenkins1000 | ip=192.168.36.67 | op=SEND_HEARTBEAT {datanodeUUID=b68b188c-7f38-42ae-8403-46a39acd0731, command=[]} | ret=SUCCESS |  
2019-09-04 11:45:55,914 | INFO  | DNAudit | user=null | ip=null | op=WRITE_CHUNK {blockData=conID: 3 locID: 102734073356419478 bcsId: 776} | ret=SUCCESS |  
2019-09-04 11:45:55,914 | INFO  | DNAudit | user=null | ip=null | op=WRITE_CHUNK {blockData=conID: 3 locID: 102734073356419478 bcsId: 776} | ret=SUCCESS |  
2019-09-04 11:45:55,915 | INFO  | DNAudit | user=null | ip=null | op=PUT_BLOCK {blockData=[blockId=conID: 3 locID: 102734073356419478 bcsId: 0,size=4194304]} | ret=SUCCESS |  
2019-09-04 11:45:55,915 | INFO  | DNAudit | user=null | ip=null | op=PUT_BLOCK {blockData=[blockId=conID: 3 locID: 102734073356419478 bcsId: 0,size=4194304]} | ret=SUCCESS |  
2019-09-04 11:45:55,916 [grpc-default-executor-4] INFO  client.GrpcClientProtocolClient (GrpcClientProtocolClient.java:onNext(255)) - client-D5CE890D7D9E->efcb8ff8-f060-4d95-9215-d0f5eb4af037: receive RaftClientReply:client-D5CE890D7D9E->efcb8ff8-f060-4d95-9215-d0f5eb4af037@group-0959F8DF43ED, cid=637, SUCCESS, logIndex=0, commits[efcb8ff8-f060-4d95-9215-d0f5eb4af037:c782, 6fae8b02-e804-4c0e-b729-a97b7404b7f6:c780, 4c3e8a66-6975-4917-8225-d3efe707aaff:c780]
2019-09-04 11:45:55,926 | INFO  | DNAudit | user=null | ip=null | op=WRITE_CHUNK {blockData=conID: 1 locID: 102734073356419479 bcsId: 0} | ret=SUCCESS |  
2019-09-04 11:45:55,928 | INFO  | DNAudit | user=null | ip=null | op=WRITE_CHUNK {blockData=conID: 1 locID: 102734073356419479 bcsId: 0} | ret=SUCCESS |  
2019-09-04 11:45:55,931 | INFO  | DNAudit | user=null | ip=null | op=WRITE_CHUNK {blockData=conID: 1 locID: 102734073356419479 bcsId: 0} | ret=SUCCESS |  
2019-09-04 11:45:55,932 | INFO  | DNAudit | user=null | ip=null | op=WRITE_CHUNK {blockData=conID: 1 locID: 102734073356419479 bcsId: 0} | ret=SUCCESS |  
2019-09-04 11:45:55,932 | INFO  | DNAudit | user=null | ip=null | op=WRITE_CHUNK {blockData=conID: 1 locID: 102734073356419479 bcsId: 0} | ret=SUCCESS |  
2019-09-04 11:45:55,934 | INFO  | DNAudit | user=null | ip=null | op=WRITE_CHUNK {blockData=conID: 1 locID: 102734073356419479 bcsId: 0} | ret=SUCCESS |  
2019-09-04 11:45:55,957 | INFO  | DNAudit | user=null | ip=null | op=WRITE_CHUNK {blockData=conID: 1 locID: 102734073356419479 bcsId: 0} | ret=SUCCESS |  
2019-09-04 11:45:55,958 | INFO  | DNAudit | user=null | ip=null | op=PUT_BLOCK {blockData=[blockId=conID: 1 locID: 102734073356419479 bcsId: 0,size=1048576]} | ret=SUCCESS |  
2019-09-04 11:45:55,958 | INFO  | DNAudit | user=null | ip=null | op=WRITE_CHUNK {blockData=conID: 1 locID: 102734073356419479 bcsId: 0} | ret=SUCCESS |  
2019-09-04 11:45:55,958 [grpc-default-executor-1] INFO  client.GrpcClientProtocolClient (GrpcClientProtocolClient.java:onNext(255)) - client-D5CE890D7D9E->efcb8ff8-f060-4d95-9215-d0f5eb4af037: receive RaftClientReply:client-D5CE890D7D9E->efcb8ff8-f060-4d95-9215-d0f5eb4af037@group-0959F8DF43ED, cid=638, SUCCESS, logIndex=783, commits[efcb8ff8-f060-4d95-9215-d0f5eb4af037:c785, 6fae8b02-e804-4c0e-b729-a97b7404b7f6:c782, 4c3e8a66-6975-4917-8225-d3efe707aaff:c782]
2019-09-04 11:45:55,959 | INFO  | DNAudit | user=null | ip=null | op=PUT_BLOCK {blockData=[blockId=conID: 1 locID: 102734073356419479 bcsId: 0,size=2097152]} | ret=SUCCESS |  
2019-09-04 11:45:55,959 [grpc-default-executor-1] INFO  client.GrpcClientProtocolClient (GrpcClientProtocolClient.java:onNext(255)) - client-D5CE890D7D9E->efcb8ff8-f060-4d95-9215-d0f5eb4af037: receive RaftClientReply:client-D5CE890D7D9E->efcb8ff8-f060-4d95-9215-d0f5eb4af037@group-0959F8DF43ED, cid=639, SUCCESS, logIndex=784, commits[efcb8ff8-f060-4d95-9215-d0f5eb4af037:c786, 6fae8b02-e804-4c0e-b729-a97b7404b7f6:c782, 4c3e8a66-6975-4917-8225-d3efe707aaff:c782]
2019-09-04 11:45:55,959 [grpc-default-executor-1] INFO  client.GrpcClientProtocolClient (GrpcClientProtocolClient.java:onNext(255)) - client-D5CE890D7D9E->efcb8ff8-f060-4d95-9215-d0f5eb4af037: receive RaftClientReply:client-D5CE890D7D9E->efcb8ff8-f060-4d95-9215-d0f5eb4af037@group-0959F8DF43ED, cid=640, SUCCESS, logIndex=785, commits[efcb8ff8-f060-4d95-9215-d0f5eb4af037:c786, 6fae8b02-e804-4c0e-b729-a97b7404b7f6:c782, 4c3e8a66-6975-4917-8225-d3efe707aaff:c782]
2019-09-04 11:45:55,959 [grpc-default-executor-1] INFO  client.GrpcClientProtocolClient (GrpcClientProtocolClient.java:onNext(255)) - client-D5CE890D7D9E->efcb8ff8-f060-4d95-9215-d0f5eb4af037: receive RaftClientReply:client-D5CE890D7D9E->efcb8ff8-f060-4d95-9215-d0f5eb4af037@group-0959F8DF43ED, cid=641, SUCCESS, logIndex=786, commits[efcb8ff8-f060-4d95-9215-d0f5eb4af037:c786, 6fae8b02-e804-4c0e-b729-a97b7404b7f6:c782, 4c3e8a66-6975-4917-8225-d3efe707aaff:c782]
2019-09-04 11:45:55,974 | INFO  | DNAudit | user=null | ip=null | op=WRITE_CHUNK {blockData=conID: 1 locID: 102734073356419479 bcsId: 0} | ret=SUCCESS |  
2019-09-04 11:45:55,974 | INFO  | DNAudit | user=null | ip=null | op=WRITE_CHUNK {blockData=conID: 1 locID: 102734073356419479 bcsId: 0} | ret=SUCCESS |  
2019-09-04 11:45:55,975 | INFO  | DNAudit | user=null | ip=null | op=PUT_BLOCK {blockData=[blockId=conID: 1 locID: 102734073356419479 bcsId: 0,size=1048576]} | ret=SUCCESS |  
2019-09-04 11:45:55,976 | INFO  | DNAudit | user=null | ip=null | op=PUT_BLOCK {blockData=[blockId=conID: 1 locID: 102734073356419479 bcsId: 0,size=1048576]} | ret=SUCCESS |  
2019-09-04 11:45:55,976 | INFO  | DNAudit | user=null | ip=null | op=WRITE_CHUNK {blockData=conID: 1 locID: 102734073356419479 bcsId: 0} | ret=SUCCESS |  
2019-09-04 11:45:55,976 | INFO  | DNAudit | user=null | ip=null | op=WRITE_CHUNK {blockData=conID: 1 locID: 102734073356419479 bcsId: 0} | ret=SUCCESS |  
2019-09-04 11:45:55,977 | INFO  | DNAudit | user=null | ip=null | op=PUT_BLOCK {blockData=[blockId=conID: 1 locID: 102734073356419479 bcsId: 0,size=2097152]} | ret=SUCCESS |  
2019-09-04 11:45:55,977 | INFO  | DNAudit | user=null | ip=null | op=PUT_BLOCK {blockData=[blockId=conID: 1 locID: 102734073356419479 bcsId: 0,size=2097152]} | ret=SUCCESS |  
2019-09-04 11:45:55,977 [grpc-default-executor-1] INFO  client.GrpcClientProtocolClient (GrpcClientProtocolClient.java:onNext(255)) - client-D5CE890D7D9E->efcb8ff8-f060-4d95-9215-d0f5eb4af037: receive RaftClientReply:client-D5CE890D7D9E->efcb8ff8-f060-4d95-9215-d0f5eb4af037@group-0959F8DF43ED, cid=642, SUCCESS, logIndex=0, commits[efcb8ff8-f060-4d95-9215-d0f5eb4af037:c787, 6fae8b02-e804-4c0e-b729-a97b7404b7f6:c784, 4c3e8a66-6975-4917-8225-d3efe707aaff:c784]
2019-09-04 11:45:55,987 | INFO  | DNAudit | user=null | ip=null | op=WRITE_CHUNK {blockData=conID: 1 locID: 102734073356419479 bcsId: 786} | ret=SUCCESS |  
2019-09-04 11:45:55,991 | INFO  | DNAudit | user=null | ip=null | op=WRITE_CHUNK {blockData=conID: 1 locID: 102734073356419479 bcsId: 786} | ret=SUCCESS |  
2019-09-04 11:45:55,991 | INFO  | DNAudit | user=null | ip=null | op=WRITE_CHUNK {blockData=conID: 1 locID: 102734073356419479 bcsId: 786} | ret=SUCCESS |  
2019-09-04 11:45:56,007 | INFO  | DNAudit | user=null | ip=null | op=WRITE_CHUNK {blockData=conID: 1 locID: 102734073356419479 bcsId: 786} | ret=SUCCESS |  
2019-09-04 11:45:56,008 | INFO  | DNAudit | user=null | ip=null | op=PUT_BLOCK {blockData=[blockId=conID: 1 locID: 102734073356419479 bcsId: 0,size=3145728]} | ret=SUCCESS |  
2019-09-04 11:45:56,008 [grpc-default-executor-1] INFO  client.GrpcClientProtocolClient (GrpcClientProtocolClient.java:onNext(255)) - client-D5CE890D7D9E->efcb8ff8-f060-4d95-9215-d0f5eb4af037: receive RaftClientReply:client-D5CE890D7D9E->efcb8ff8-f060-4d95-9215-d0f5eb4af037@group-0959F8DF43ED, cid=643, SUCCESS, logIndex=791, commits[efcb8ff8-f060-4d95-9215-d0f5eb4af037:c792, 6fae8b02-e804-4c0e-b729-a97b7404b7f6:c790, 4c3e8a66-6975-4917-8225-d3efe707aaff:c790]
2019-09-04 11:45:56,009 [grpc-default-executor-1] INFO  client.GrpcClientProtocolClient (GrpcClientProtocolClient.java:onNext(255)) - client-D5CE890D7D9E->efcb8ff8-f060-4d95-9215-d0f5eb4af037: receive RaftClientReply:client-D5CE890D7D9E->efcb8ff8-f060-4d95-9215-d0f5eb4af037@group-0959F8DF43ED, cid=644, SUCCESS, logIndex=792, commits[efcb8ff8-f060-4d95-9215-d0f5eb4af037:c792, 6fae8b02-e804-4c0e-b729-a97b7404b7f6:c790, 4c3e8a66-6975-4917-8225-d3efe707aaff:c790]
2019-09-04 11:45:56,018 | INFO  | DNAudit | user=null | ip=null | op=WRITE_CHUNK {blockData=conID: 1 locID: 102734073356419479 bcsId: 792} | ret=SUCCESS |  
2019-09-04 11:45:56,021 | INFO  | DNAudit | user=null | ip=null | op=WRITE_CHUNK {blockData=conID: 1 locID: 102734073356419479 bcsId: 792} | ret=SUCCESS |  
2019-09-04 11:45:56,021 | INFO  | DNAudit | user=null | ip=null | op=WRITE_CHUNK {blockData=conID: 1 locID: 102734073356419479 bcsId: 792} | ret=SUCCESS |  
2019-09-04 11:45:56,029 | INFO  | DNAudit | user=null | ip=null | op=WRITE_CHUNK {blockData=conID: 1 locID: 102734073356419479 bcsId: 786} | ret=SUCCESS |  
2019-09-04 11:45:56,029 | INFO  | DNAudit | user=null | ip=null | op=WRITE_CHUNK {blockData=conID: 1 locID: 102734073356419479 bcsId: 786} | ret=SUCCESS |  
2019-09-04 11:45:56,031 | INFO  | DNAudit | user=null | ip=null | op=PUT_BLOCK {blockData=[blockId=conID: 1 locID: 102734073356419479 bcsId: 0,size=3145728]} | ret=SUCCESS |  
2019-09-04 11:45:56,031 | INFO  | DNAudit | user=null | ip=null | op=PUT_BLOCK {blockData=[blockId=conID: 1 locID: 102734073356419479 bcsId: 0,size=3145728]} | ret=SUCCESS |  
2019-09-04 11:45:56,031 | INFO  | DNAudit | user=null | ip=null | op=WRITE_CHUNK {blockData=conID: 1 locID: 102734073356419479 bcsId: 792} | ret=SUCCESS |  
2019-09-04 11:45:56,032 | INFO  | DNAudit | user=null | ip=null | op=PUT_BLOCK {blockData=[blockId=conID: 1 locID: 102734073356419479 bcsId: 0,size=4194304]} | ret=SUCCESS |  
2019-09-04 11:45:56,032 [grpc-default-executor-0] INFO  client.GrpcClientProtocolClient (GrpcClientProtocolClient.java:onNext(255)) - client-D5CE890D7D9E->efcb8ff8-f060-4d95-9215-d0f5eb4af037: receive RaftClientReply:client-D5CE890D7D9E->efcb8ff8-f060-4d95-9215-d0f5eb4af037@group-0959F8DF43ED, cid=645, SUCCESS, logIndex=795, commits[efcb8ff8-f060-4d95-9215-d0f5eb4af037:c795, 6fae8b02-e804-4c0e-b729-a97b7404b7f6:c792, 4c3e8a66-6975-4917-8225-d3efe707aaff:c792]
2019-09-04 11:45:56,032 [grpc-default-executor-0] INFO  client.GrpcClientProtocolClient (GrpcClientProtocolClient.java:onNext(255)) - client-D5CE890D7D9E->efcb8ff8-f060-4d95-9215-d0f5eb4af037: receive RaftClientReply:client-D5CE890D7D9E->efcb8ff8-f060-4d95-9215-d0f5eb4af037@group-0959F8DF43ED, cid=646, SUCCESS, logIndex=796, commits[efcb8ff8-f060-4d95-9215-d0f5eb4af037:c796, 6fae8b02-e804-4c0e-b729-a97b7404b7f6:c792, 4c3e8a66-6975-4917-8225-d3efe707aaff:c792]
2019-09-04 11:45:56,049 | INFO  | DNAudit | user=null | ip=null | op=WRITE_CHUNK {blockData=conID: 1 locID: 102734073356419479 bcsId: 792} | ret=SUCCESS |  
2019-09-04 11:45:56,049 | INFO  | DNAudit | user=null | ip=null | op=WRITE_CHUNK {blockData=conID: 1 locID: 102734073356419479 bcsId: 792} | ret=SUCCESS |  
2019-09-04 11:45:56,050 | INFO  | DNAudit | user=null | ip=null | op=PUT_BLOCK {blockData=[blockId=conID: 1 locID: 102734073356419479 bcsId: 0,size=4194304]} | ret=SUCCESS |  
2019-09-04 11:45:56,050 | INFO  | DNAudit | user=null | ip=null | op=PUT_BLOCK {blockData=[blockId=conID: 1 locID: 102734073356419479 bcsId: 0,size=4194304]} | ret=SUCCESS |  
2019-09-04 11:45:56,051 [grpc-default-executor-0] INFO  client.GrpcClientProtocolClient (GrpcClientProtocolClient.java:onNext(255)) - client-D5CE890D7D9E->efcb8ff8-f060-4d95-9215-d0f5eb4af037: receive RaftClientReply:client-D5CE890D7D9E->efcb8ff8-f060-4d95-9215-d0f5eb4af037@group-0959F8DF43ED, cid=647, SUCCESS, logIndex=0, commits[efcb8ff8-f060-4d95-9215-d0f5eb4af037:c798, 6fae8b02-e804-4c0e-b729-a97b7404b7f6:c796, 4c3e8a66-6975-4917-8225-d3efe707aaff:c796]
2019-09-04 11:45:56,060 | INFO  | DNAudit | user=null | ip=null | op=WRITE_CHUNK {blockData=conID: 2 locID: 102734073356485016 bcsId: 0} | ret=SUCCESS |  
2019-09-04 11:45:56,063 | INFO  | DNAudit | user=null | ip=null | op=WRITE_CHUNK {blockData=conID: 2 locID: 102734073356485016 bcsId: 0} | ret=SUCCESS |  
2019-09-04 11:45:56,064 | INFO  | DNAudit | user=null | ip=null | op=WRITE_CHUNK {blockData=conID: 2 locID: 102734073356485016 bcsId: 0} | ret=SUCCESS |  
2019-09-04 11:45:56,064 | INFO  | DNAudit | user=null | ip=null | op=WRITE_CHUNK {blockData=conID: 2 locID: 102734073356485016 bcsId: 0} | ret=SUCCESS |  
2019-09-04 11:45:56,067 | INFO  | DNAudit | user=null | ip=null | op=WRITE_CHUNK {blockData=conID: 2 locID: 102734073356485016 bcsId: 0} | ret=SUCCESS |  
2019-09-04 11:45:56,067 | INFO  | DNAudit | user=null | ip=null | op=WRITE_CHUNK {blockData=conID: 2 locID: 102734073356485016 bcsId: 0} | ret=SUCCESS |  
2019-09-04 11:45:56,076 | INFO  | DNAudit | user=null | ip=null | op=WRITE_CHUNK {blockData=conID: 2 locID: 102734073356485016 bcsId: 0} | ret=SUCCESS |  
2019-09-04 11:45:56,077 | INFO  | DNAudit | user=null | ip=null | op=PUT_BLOCK {blockData=[blockId=conID: 2 locID: 102734073356485016 bcsId: 0,size=1048576]} | ret=SUCCESS |  
2019-09-04 11:45:56,077 | INFO  | DNAudit | user=null | ip=null | op=WRITE_CHUNK {blockData=conID: 2 locID: 102734073356485016 bcsId: 0} | ret=SUCCESS |  
2019-09-04 11:45:56,078 | INFO  | DNAudit | user=null | ip=null | op=WRITE_CHUNK {blockData=conID: 2 locID: 102734073356485016 bcsId: 0} | ret=SUCCESS |  
2019-09-04 11:45:56,078 [grpc-default-executor-0] INFO  client.GrpcClientProtocolClient (GrpcClientProtocolClient.java:onNext(255)) - client-D5CE890D7D9E->efcb8ff8-f060-4d95-9215-d0f5eb4af037: receive RaftClientReply:client-D5CE890D7D9E->efcb8ff8-f060-4d95-9215-d0f5eb4af037@group-0959F8DF43ED, cid=648, SUCCESS, logIndex=799, commits[efcb8ff8-f060-4d95-9215-d0f5eb4af037:c800, 6fae8b02-e804-4c0e-b729-a97b7404b7f6:c798, 4c3e8a66-6975-4917-8225-d3efe707aaff:c798]
2019-09-04 11:45:56,078 | INFO  | DNAudit | user=null | ip=null | op=WRITE_CHUNK {blockData=conID: 2 locID: 102734073356485016 bcsId: 0} | ret=SUCCESS |  
2019-09-04 11:45:56,078 | INFO  | DNAudit | user=null | ip=null | op=PUT_BLOCK {blockData=[blockId=conID: 2 locID: 102734073356485016 bcsId: 0,size=2097152]} | ret=SUCCESS |  
2019-09-04 11:45:56,078 | INFO  | DNAudit | user=null | ip=null | op=PUT_BLOCK {blockData=[blockId=conID: 2 locID: 102734073356485016 bcsId: 0,size=1048576]} | ret=SUCCESS |  
2019-09-04 11:45:56,078 | INFO  | DNAudit | user=null | ip=null | op=PUT_BLOCK {blockData=[blockId=conID: 2 locID: 102734073356485016 bcsId: 0,size=1048576]} | ret=SUCCESS |  
2019-09-04 11:45:56,079 [grpc-default-executor-1] INFO  client.GrpcClientProtocolClient (GrpcClientProtocolClient.java:onNext(255)) - client-D5CE890D7D9E->efcb8ff8-f060-4d95-9215-d0f5eb4af037: receive RaftClientReply:client-D5CE890D7D9E->efcb8ff8-f060-4d95-9215-d0f5eb4af037@group-0959F8DF43ED, cid=649, SUCCESS, logIndex=800, commits[efcb8ff8-f060-4d95-9215-d0f5eb4af037:c801, 6fae8b02-e804-4c0e-b729-a97b7404b7f6:c798, 4c3e8a66-6975-4917-8225-d3efe707aaff:c798]
2019-09-04 11:45:56,079 | INFO  | DNAudit | user=null | ip=null | op=WRITE_CHUNK {blockData=conID: 2 locID: 102734073356485016 bcsId: 0} | ret=SUCCESS |  
2019-09-04 11:45:56,080 | INFO  | DNAudit | user=null | ip=null | op=PUT_BLOCK {blockData=[blockId=conID: 2 locID: 102734073356485016 bcsId: 0,size=2097152]} | ret=SUCCESS |  
2019-09-04 11:45:56,080 | INFO  | DNAudit | user=null | ip=null | op=WRITE_CHUNK {blockData=conID: 2 locID: 102734073356485016 bcsId: 0} | ret=SUCCESS |  
2019-09-04 11:45:56,080 | INFO  | DNAudit | user=null | ip=null | op=PUT_BLOCK {blockData=[blockId=conID: 2 locID: 102734073356485016 bcsId: 0,size=2097152]} | ret=SUCCESS |  
2019-09-04 11:45:56,080 [grpc-default-executor-1] INFO  client.GrpcClientProtocolClient (GrpcClientProtocolClient.java:onNext(255)) - client-D5CE890D7D9E->efcb8ff8-f060-4d95-9215-d0f5eb4af037: receive RaftClientReply:client-D5CE890D7D9E->efcb8ff8-f060-4d95-9215-d0f5eb4af037@group-0959F8DF43ED, cid=650, SUCCESS, logIndex=801, commits[efcb8ff8-f060-4d95-9215-d0f5eb4af037:c802, 6fae8b02-e804-4c0e-b729-a97b7404b7f6:c798, 4c3e8a66-6975-4917-8225-d3efe707aaff:c798]
2019-09-04 11:45:56,080 [grpc-default-executor-1] INFO  client.GrpcClientProtocolClient (GrpcClientProtocolClient.java:onNext(255)) - client-D5CE890D7D9E->efcb8ff8-f060-4d95-9215-d0f5eb4af037: receive RaftClientReply:client-D5CE890D7D9E->efcb8ff8-f060-4d95-9215-d0f5eb4af037@group-0959F8DF43ED, cid=651, SUCCESS, logIndex=802, commits[efcb8ff8-f060-4d95-9215-d0f5eb4af037:c802, 6fae8b02-e804-4c0e-b729-a97b7404b7f6:c798, 4c3e8a66-6975-4917-8225-d3efe707aaff:c798]
2019-09-04 11:45:56,082 [grpc-default-executor-1] INFO  client.GrpcClientProtocolClient (GrpcClientProtocolClient.java:onNext(255)) - client-D5CE890D7D9E->efcb8ff8-f060-4d95-9215-d0f5eb4af037: receive RaftClientReply:client-D5CE890D7D9E->efcb8ff8-f060-4d95-9215-d0f5eb4af037@group-0959F8DF43ED, cid=652, SUCCESS, logIndex=0, commits[efcb8ff8-f060-4d95-9215-d0f5eb4af037:c806, 6fae8b02-e804-4c0e-b729-a97b7404b7f6:c802, 4c3e8a66-6975-4917-8225-d3efe707aaff:c802]
2019-09-04 11:45:56,090 | INFO  | DNAudit | user=null | ip=null | op=WRITE_CHUNK {blockData=conID: 2 locID: 102734073356485016 bcsId: 802} | ret=SUCCESS |  
2019-09-04 11:45:56,094 | INFO  | DNAudit | user=null | ip=null | op=WRITE_CHUNK {blockData=conID: 2 locID: 102734073356485016 bcsId: 802} | ret=SUCCESS |  
2019-09-04 11:45:56,094 | INFO  | DNAudit | user=null | ip=null | op=WRITE_CHUNK {blockData=conID: 2 locID: 102734073356485016 bcsId: 802} | ret=SUCCESS |  
2019-09-04 11:45:56,128 | INFO  | DNAudit | user=null | ip=null | op=WRITE_CHUNK {blockData=conID: 2 locID: 102734073356485016 bcsId: 802} | ret=SUCCESS |  
2019-09-04 11:45:56,129 | INFO  | DNAudit | user=null | ip=null | op=PUT_BLOCK {blockData=[blockId=conID: 2 locID: 102734073356485016 bcsId: 0,size=3145728]} | ret=SUCCESS |  
2019-09-04 11:45:56,129 [grpc-default-executor-0] INFO  client.GrpcClientProtocolClient (GrpcClientProtocolClient.java:onNext(255)) - client-D5CE890D7D9E->efcb8ff8-f060-4d95-9215-d0f5eb4af037: receive RaftClientReply:client-D5CE890D7D9E->efcb8ff8-f060-4d95-9215-d0f5eb4af037@group-0959F8DF43ED, cid=653, SUCCESS, logIndex=807, commits[efcb8ff8-f060-4d95-9215-d0f5eb4af037:c808, 6fae8b02-e804-4c0e-b729-a97b7404b7f6:c806, 4c3e8a66-6975-4917-8225-d3efe707aaff:c806]
2019-09-04 11:45:56,130 [grpc-default-executor-0] INFO  client.GrpcClientProtocolClient (GrpcClientProtocolClient.java:onNext(255)) - client-D5CE890D7D9E->efcb8ff8-f060-4d95-9215-d0f5eb4af037: receive RaftClientReply:client-D5CE890D7D9E->efcb8ff8-f060-4d95-9215-d0f5eb4af037@group-0959F8DF43ED, cid=654, SUCCESS, logIndex=808, commits[efcb8ff8-f060-4d95-9215-d0f5eb4af037:c808, 6fae8b02-e804-4c0e-b729-a97b7404b7f6:c806, 4c3e8a66-6975-4917-8225-d3efe707aaff:c806]
2019-09-04 11:45:56,139 | INFO  | DNAudit | user=null | ip=null | op=WRITE_CHUNK {blockData=conID: 2 locID: 102734073356485016 bcsId: 808} | ret=SUCCESS |  
2019-09-04 11:45:56,143 | INFO  | DNAudit | user=null | ip=null | op=WRITE_CHUNK {blockData=conID: 2 locID: 102734073356485016 bcsId: 808} | ret=SUCCESS |  
2019-09-04 11:45:56,143 | INFO  | DNAudit | user=null | ip=null | op=WRITE_CHUNK {blockData=conID: 2 locID: 102734073356485016 bcsId: 808} | ret=SUCCESS |  
2019-09-04 11:45:56,148 | INFO  | DNAudit | user=null | ip=null | op=WRITE_CHUNK {blockData=conID: 2 locID: 102734073356485016 bcsId: 802} | ret=SUCCESS |  
2019-09-04 11:45:56,148 | INFO  | DNAudit | user=null | ip=null | op=WRITE_CHUNK {blockData=conID: 2 locID: 102734073356485016 bcsId: 802} | ret=SUCCESS |  
2019-09-04 11:45:56,149 | INFO  | DNAudit | user=null | ip=null | op=PUT_BLOCK {blockData=[blockId=conID: 2 locID: 102734073356485016 bcsId: 0,size=3145728]} | ret=SUCCESS |  
2019-09-04 11:45:56,149 | INFO  | DNAudit | user=null | ip=null | op=PUT_BLOCK {blockData=[blockId=conID: 2 locID: 102734073356485016 bcsId: 0,size=3145728]} | ret=SUCCESS |  
2019-09-04 11:45:56,150 | INFO  | DNAudit | user=null | ip=null | op=WRITE_CHUNK {blockData=conID: 2 locID: 102734073356485016 bcsId: 808} | ret=SUCCESS |  
2019-09-04 11:45:56,151 | INFO  | DNAudit | user=null | ip=null | op=PUT_BLOCK {blockData=[blockId=conID: 2 locID: 102734073356485016 bcsId: 0,size=4194304]} | ret=SUCCESS |  
2019-09-04 11:45:56,151 [grpc-default-executor-1] INFO  client.GrpcClientProtocolClient (GrpcClientProtocolClient.java:onNext(255)) - client-D5CE890D7D9E->efcb8ff8-f060-4d95-9215-d0f5eb4af037: receive RaftClientReply:client-D5CE890D7D9E->efcb8ff8-f060-4d95-9215-d0f5eb4af037@group-0959F8DF43ED, cid=655, SUCCESS, logIndex=811, commits[efcb8ff8-f060-4d95-9215-d0f5eb4af037:c811, 6fae8b02-e804-4c0e-b729-a97b7404b7f6:c808, 4c3e8a66-6975-4917-8225-d3efe707aaff:c808]
2019-09-04 11:45:56,151 [grpc-default-executor-1] INFO  client.GrpcClientProtocolClient (GrpcClientProtocolClient.java:onNext(255)) - client-D5CE890D7D9E->efcb8ff8-f060-4d95-9215-d0f5eb4af037: receive RaftClientReply:client-D5CE890D7D9E->efcb8ff8-f060-4d95-9215-d0f5eb4af037@group-0959F8DF43ED, cid=656, SUCCESS, logIndex=812, commits[efcb8ff8-f060-4d95-9215-d0f5eb4af037:c812, 6fae8b02-e804-4c0e-b729-a97b7404b7f6:c808, 4c3e8a66-6975-4917-8225-d3efe707aaff:c808]
2019-09-04 11:45:56,180 | INFO  | DNAudit | user=null | ip=null | op=WRITE_CHUNK {blockData=conID: 2 locID: 102734073356485016 bcsId: 808} | ret=SUCCESS |  
2019-09-04 11:45:56,180 | INFO  | DNAudit | user=null | ip=null | op=WRITE_CHUNK {blockData=conID: 2 locID: 102734073356485016 bcsId: 808} | ret=SUCCESS |  
2019-09-04 11:45:56,182 | INFO  | DNAudit | user=null | ip=null | op=PUT_BLOCK {blockData=[blockId=conID: 2 locID: 102734073356485016 bcsId: 0,size=4194304]} | ret=SUCCESS |  
2019-09-04 11:45:56,182 | INFO  | DNAudit | user=null | ip=null | op=PUT_BLOCK {blockData=[blockId=conID: 2 locID: 102734073356485016 bcsId: 0,size=4194304]} | ret=SUCCESS |  
2019-09-04 11:45:56,183 [grpc-default-executor-1] INFO  client.GrpcClientProtocolClient (GrpcClientProtocolClient.java:onNext(255)) - client-D5CE890D7D9E->efcb8ff8-f060-4d95-9215-d0f5eb4af037: receive RaftClientReply:client-D5CE890D7D9E->efcb8ff8-f060-4d95-9215-d0f5eb4af037@group-0959F8DF43ED, cid=657, SUCCESS, logIndex=0, commits[efcb8ff8-f060-4d95-9215-d0f5eb4af037:c814, 6fae8b02-e804-4c0e-b729-a97b7404b7f6:c812, 4c3e8a66-6975-4917-8225-d3efe707aaff:c812]
2019-09-04 11:45:56,192 | INFO  | DNAudit | user=null | ip=null | op=WRITE_CHUNK {blockData=conID: 3 locID: 102734073356485017 bcsId: 0} | ret=SUCCESS |  
2019-09-04 11:45:56,196 | INFO  | DNAudit | user=null | ip=null | op=WRITE_CHUNK {blockData=conID: 3 locID: 102734073356485017 bcsId: 0} | ret=SUCCESS |  
2019-09-04 11:45:56,197 | INFO  | DNAudit | user=null | ip=null | op=WRITE_CHUNK {blockData=conID: 3 locID: 102734073356485017 bcsId: 0} | ret=SUCCESS |  
2019-09-04 11:45:56,197 | INFO  | DNAudit | user=null | ip=null | op=WRITE_CHUNK {blockData=conID: 3 locID: 102734073356485017 bcsId: 0} | ret=SUCCESS |  
2019-09-04 11:45:56,199 | INFO  | DNAudit | user=null | ip=null | op=WRITE_CHUNK {blockData=conID: 3 locID: 102734073356485017 bcsId: 0} | ret=SUCCESS |  
2019-09-04 11:45:56,199 | INFO  | DNAudit | user=null | ip=null | op=WRITE_CHUNK {blockData=conID: 3 locID: 102734073356485017 bcsId: 0} | ret=SUCCESS |  
2019-09-04 11:45:56,214 | INFO  | DNAudit | user=null | ip=null | op=WRITE_CHUNK {blockData=conID: 3 locID: 102734073356485017 bcsId: 0} | ret=SUCCESS |  
2019-09-04 11:45:56,215 | INFO  | DNAudit | user=null | ip=null | op=PUT_BLOCK {blockData=[blockId=conID: 3 locID: 102734073356485017 bcsId: 0,size=1048576]} | ret=SUCCESS |  
2019-09-04 11:45:56,215 | INFO  | DNAudit | user=null | ip=null | op=WRITE_CHUNK {blockData=conID: 3 locID: 102734073356485017 bcsId: 0} | ret=SUCCESS |  
2019-09-04 11:45:56,216 | INFO  | DNAudit | user=null | ip=null | op=PUT_BLOCK {blockData=[blockId=conID: 3 locID: 102734073356485017 bcsId: 0,size=2097152]} | ret=SUCCESS |  
2019-09-04 11:45:56,216 [grpc-default-executor-4] INFO  client.GrpcClientProtocolClient (GrpcClientProtocolClient.java:onNext(255)) - client-D5CE890D7D9E->efcb8ff8-f060-4d95-9215-d0f5eb4af037: receive RaftClientReply:client-D5CE890D7D9E->efcb8ff8-f060-4d95-9215-d0f5eb4af037@group-0959F8DF43ED, cid=658, SUCCESS, logIndex=815, commits[efcb8ff8-f060-4d95-9215-d0f5eb4af037:c817, 6fae8b02-e804-4c0e-b729-a97b7404b7f6:c814, 4c3e8a66-6975-4917-8225-d3efe707aaff:c814]
2019-09-04 11:45:56,216 [grpc-default-executor-4] INFO  client.GrpcClientProtocolClient (GrpcClientProtocolClient.java:onNext(255)) - client-D5CE890D7D9E->efcb8ff8-f060-4d95-9215-d0f5eb4af037: receive RaftClientReply:client-D5CE890D7D9E->efcb8ff8-f060-4d95-9215-d0f5eb4af037@group-0959F8DF43ED, cid=659, SUCCESS, logIndex=816, commits[efcb8ff8-f060-4d95-9215-d0f5eb4af037:c818, 6fae8b02-e804-4c0e-b729-a97b7404b7f6:c814, 4c3e8a66-6975-4917-8225-d3efe707aaff:c814]
2019-09-04 11:45:56,216 [grpc-default-executor-4] INFO  client.GrpcClientProtocolClient (GrpcClientProtocolClient.java:onNext(255)) - client-D5CE890D7D9E->efcb8ff8-f060-4d95-9215-d0f5eb4af037: receive RaftClientReply:client-D5CE890D7D9E->efcb8ff8-f060-4d95-9215-d0f5eb4af037@group-0959F8DF43ED, cid=660, SUCCESS, logIndex=817, commits[efcb8ff8-f060-4d95-9215-d0f5eb4af037:c818, 6fae8b02-e804-4c0e-b729-a97b7404b7f6:c814, 4c3e8a66-6975-4917-8225-d3efe707aaff:c814]
2019-09-04 11:45:56,217 [grpc-default-executor-4] INFO  client.GrpcClientProtocolClient (GrpcClientProtocolClient.java:onNext(255)) - client-D5CE890D7D9E->efcb8ff8-f060-4d95-9215-d0f5eb4af037: receive RaftClientReply:client-D5CE890D7D9E->efcb8ff8-f060-4d95-9215-d0f5eb4af037@group-0959F8DF43ED, cid=661, SUCCESS, logIndex=818, commits[efcb8ff8-f060-4d95-9215-d0f5eb4af037:c818, 6fae8b02-e804-4c0e-b729-a97b7404b7f6:c814, 4c3e8a66-6975-4917-8225-d3efe707aaff:c814]
2019-09-04 11:45:56,240 | INFO  | DNAudit | user=null | ip=null | op=WRITE_CHUNK {blockData=conID: 3 locID: 102734073356485017 bcsId: 0} | ret=SUCCESS |  
2019-09-04 11:45:56,240 | INFO  | DNAudit | user=null | ip=null | op=WRITE_CHUNK {blockData=conID: 3 locID: 102734073356485017 bcsId: 0} | ret=SUCCESS |  
2019-09-04 11:45:56,241 | INFO  | DNAudit | user=null | ip=null | op=PUT_BLOCK {blockData=[blockId=conID: 3 locID: 102734073356485017 bcsId: 0,size=1048576]} | ret=SUCCESS |  
2019-09-04 11:45:56,241 | INFO  | DNAudit | user=null | ip=null | op=PUT_BLOCK {blockData=[blockId=conID: 3 locID: 102734073356485017 bcsId: 0,size=1048576]} | ret=SUCCESS |  
2019-09-04 11:45:56,242 | INFO  | DNAudit | user=null | ip=null | op=WRITE_CHUNK {blockData=conID: 3 locID: 102734073356485017 bcsId: 0} | ret=SUCCESS |  
2019-09-04 11:45:56,242 | INFO  | DNAudit | user=null | ip=null | op=PUT_BLOCK {blockData=[blockId=conID: 3 locID: 102734073356485017 bcsId: 0,size=2097152]} | ret=SUCCESS |  
2019-09-04 11:45:56,242 | INFO  | DNAudit | user=null | ip=null | op=WRITE_CHUNK {blockData=conID: 3 locID: 102734073356485017 bcsId: 0} | ret=SUCCESS |  
2019-09-04 11:45:56,242 [grpc-default-executor-4] INFO  client.GrpcClientProtocolClient (GrpcClientProtocolClient.java:onNext(255)) - client-D5CE890D7D9E->efcb8ff8-f060-4d95-9215-d0f5eb4af037: receive RaftClientReply:client-D5CE890D7D9E->efcb8ff8-f060-4d95-9215-d0f5eb4af037@group-0959F8DF43ED, cid=662, SUCCESS, logIndex=0, commits[efcb8ff8-f060-4d95-9215-d0f5eb4af037:c819, 6fae8b02-e804-4c0e-b729-a97b7404b7f6:c816, 4c3e8a66-6975-4917-8225-d3efe707aaff:c816]
2019-09-04 11:45:56,248 | INFO  | DNAudit | user=null | ip=null | op=PUT_BLOCK {blockData=[blockId=conID: 3 locID: 102734073356485017 bcsId: 0,size=2097152]} | ret=SUCCESS |  
2019-09-04 11:45:56,255 | INFO  | DNAudit | user=null | ip=null | op=WRITE_CHUNK {blockData=conID: 3 locID: 102734073356485017 bcsId: 818} | ret=SUCCESS |  
2019-09-04 11:45:56,258 | INFO  | DNAudit | user=null | ip=null | op=WRITE_CHUNK {blockData=conID: 3 locID: 102734073356485017 bcsId: 818} | ret=SUCCESS |  
2019-09-04 11:45:56,260 | INFO  | DNAudit | user=null | ip=null | op=WRITE_CHUNK {blockData=conID: 3 locID: 102734073356485017 bcsId: 818} | ret=SUCCESS |  
2019-09-04 11:45:56,264 | INFO  | DNAudit | user=null | ip=null | op=WRITE_CHUNK {blockData=conID: 3 locID: 102734073356485017 bcsId: 818} | ret=SUCCESS |  
2019-09-04 11:45:56,265 | INFO  | DNAudit | user=null | ip=null | op=PUT_BLOCK {blockData=[blockId=conID: 3 locID: 102734073356485017 bcsId: 0,size=3145728]} | ret=SUCCESS |  
2019-09-04 11:45:56,265 [grpc-default-executor-4] INFO  client.GrpcClientProtocolClient (GrpcClientProtocolClient.java:onNext(255)) - client-D5CE890D7D9E->efcb8ff8-f060-4d95-9215-d0f5eb4af037: receive RaftClientReply:client-D5CE890D7D9E->efcb8ff8-f060-4d95-9215-d0f5eb4af037@group-0959F8DF43ED, cid=663, SUCCESS, logIndex=823, commits[efcb8ff8-f060-4d95-9215-d0f5eb4af037:c824, 6fae8b02-e804-4c0e-b729-a97b7404b7f6:c822, 4c3e8a66-6975-4917-8225-d3efe707aaff:c822]
2019-09-04 11:45:56,266 [grpc-default-executor-4] INFO  client.GrpcClientProtocolClient (GrpcClientProtocolClient.java:onNext(255)) - client-D5CE890D7D9E->efcb8ff8-f060-4d95-9215-d0f5eb4af037: receive RaftClientReply:client-D5CE890D7D9E->efcb8ff8-f060-4d95-9215-d0f5eb4af037@group-0959F8DF43ED, cid=664, SUCCESS, logIndex=824, commits[efcb8ff8-f060-4d95-9215-d0f5eb4af037:c824, 6fae8b02-e804-4c0e-b729-a97b7404b7f6:c822, 4c3e8a66-6975-4917-8225-d3efe707aaff:c822]
2019-09-04 11:45:56,274 | INFO  | DNAudit | user=null | ip=null | op=WRITE_CHUNK {blockData=conID: 3 locID: 102734073356485017 bcsId: 824} | ret=SUCCESS |  
2019-09-04 11:45:56,277 | INFO  | DNAudit | user=null | ip=null | op=WRITE_CHUNK {blockData=conID: 3 locID: 102734073356485017 bcsId: 824} | ret=SUCCESS |  
2019-09-04 11:45:56,278 | INFO  | DNAudit | user=null | ip=null | op=WRITE_CHUNK {blockData=conID: 3 locID: 102734073356485017 bcsId: 824} | ret=SUCCESS |  
2019-09-04 11:45:56,285 | INFO  | DNAudit | user=null | ip=null | op=WRITE_CHUNK {blockData=conID: 3 locID: 102734073356485017 bcsId: 818} | ret=SUCCESS |  
2019-09-04 11:45:56,285 | INFO  | DNAudit | user=null | ip=null | op=WRITE_CHUNK {blockData=conID: 3 locID: 102734073356485017 bcsId: 818} | ret=SUCCESS |  
2019-09-04 11:45:56,297 | INFO  | DNAudit | user=null | ip=null | op=PUT_BLOCK {blockData=[blockId=conID: 3 locID: 102734073356485017 bcsId: 0,size=3145728]} | ret=SUCCESS |  
2019-09-04 11:45:56,297 | INFO  | DNAudit | user=null | ip=null | op=PUT_BLOCK {blockData=[blockId=conID: 3 locID: 102734073356485017 bcsId: 0,size=3145728]} | ret=SUCCESS |  
2019-09-04 11:45:56,301 | INFO  | DNAudit | user=null | ip=null | op=WRITE_CHUNK {blockData=conID: 3 locID: 102734073356485017 bcsId: 824} | ret=SUCCESS |  
2019-09-04 11:45:56,302 | INFO  | DNAudit | user=null | ip=null | op=PUT_BLOCK {blockData=[blockId=conID: 3 locID: 102734073356485017 bcsId: 0,size=4194304]} | ret=SUCCESS |  
2019-09-04 11:45:56,302 [grpc-default-executor-6] INFO  client.GrpcClientProtocolClient (GrpcClientProtocolClient.java:onNext(255)) - client-D5CE890D7D9E->efcb8ff8-f060-4d95-9215-d0f5eb4af037: receive RaftClientReply:client-D5CE890D7D9E->efcb8ff8-f060-4d95-9215-d0f5eb4af037@group-0959F8DF43ED, cid=665, SUCCESS, logIndex=827, commits[efcb8ff8-f060-4d95-9215-d0f5eb4af037:c828, 6fae8b02-e804-4c0e-b729-a97b7404b7f6:c824, 4c3e8a66-6975-4917-8225-d3efe707aaff:c824]
2019-09-04 11:45:56,303 [grpc-default-executor-6] INFO  client.GrpcClientProtocolClient (GrpcClientProtocolClient.java:onNext(255)) - client-D5CE890D7D9E->efcb8ff8-f060-4d95-9215-d0f5eb4af037: receive RaftClientReply:client-D5CE890D7D9E->efcb8ff8-f060-4d95-9215-d0f5eb4af037@group-0959F8DF43ED, cid=666, SUCCESS, logIndex=828, commits[efcb8ff8-f060-4d95-9215-d0f5eb4af037:c828, 6fae8b02-e804-4c0e-b729-a97b7404b7f6:c824, 4c3e8a66-6975-4917-8225-d3efe707aaff:c824]
2019-09-04 11:45:56,313 | INFO  | DNAudit | user=null | ip=null | op=WRITE_CHUNK {blockData=conID: 3 locID: 102734073356485017 bcsId: 824} | ret=SUCCESS |  
2019-09-04 11:45:56,313 | INFO  | DNAudit | user=null | ip=null | op=WRITE_CHUNK {blockData=conID: 3 locID: 102734073356485017 bcsId: 824} | ret=SUCCESS |  
2019-09-04 11:45:56,314 | INFO  | DNAudit | user=null | ip=null | op=PUT_BLOCK {blockData=[blockId=conID: 3 locID: 102734073356485017 bcsId: 0,size=4194304]} | ret=SUCCESS |  
2019-09-04 11:45:56,314 | INFO  | DNAudit | user=null | ip=null | op=PUT_BLOCK {blockData=[blockId=conID: 3 locID: 102734073356485017 bcsId: 0,size=4194304]} | ret=SUCCESS |  
2019-09-04 11:45:56,315 [grpc-default-executor-6] INFO  client.GrpcClientProtocolClient (GrpcClientProtocolClient.java:onNext(255)) - client-D5CE890D7D9E->efcb8ff8-f060-4d95-9215-d0f5eb4af037: receive RaftClientReply:client-D5CE890D7D9E->efcb8ff8-f060-4d95-9215-d0f5eb4af037@group-0959F8DF43ED, cid=667, SUCCESS, logIndex=0, commits[efcb8ff8-f060-4d95-9215-d0f5eb4af037:c829, 6fae8b02-e804-4c0e-b729-a97b7404b7f6:c828, 4c3e8a66-6975-4917-8225-d3efe707aaff:c828]
2019-09-04 11:45:56,323 | INFO  | DNAudit | user=null | ip=null | op=WRITE_CHUNK {blockData=conID: 1 locID: 102734073356485018 bcsId: 0} | ret=SUCCESS |  
2019-09-04 11:45:56,326 | INFO  | DNAudit | user=null | ip=null | op=WRITE_CHUNK {blockData=conID: 1 locID: 102734073356485018 bcsId: 0} | ret=SUCCESS |  
2019-09-04 11:45:56,327 | INFO  | DNAudit | user=null | ip=null | op=WRITE_CHUNK {blockData=conID: 1 locID: 102734073356485018 bcsId: 0} | ret=SUCCESS |  
2019-09-04 11:45:56,327 | INFO  | DNAudit | user=null | ip=null | op=WRITE_CHUNK {blockData=conID: 1 locID: 102734073356485018 bcsId: 0} | ret=SUCCESS |  
2019-09-04 11:45:56,328 | INFO  | DNAudit | user=null | ip=null | op=WRITE_CHUNK {blockData=conID: 1 locID: 102734073356485018 bcsId: 0} | ret=SUCCESS |  
2019-09-04 11:45:56,329 | INFO  | DNAudit | user=null | ip=null | op=WRITE_CHUNK {blockData=conID: 1 locID: 102734073356485018 bcsId: 0} | ret=SUCCESS |  
2019-09-04 11:45:56,339 | INFO  | DNAudit | user=null | ip=null | op=WRITE_CHUNK {blockData=conID: 1 locID: 102734073356485018 bcsId: 0} | ret=SUCCESS |  
2019-09-04 11:45:56,339 | INFO  | DNAudit | user=null | ip=null | op=PUT_BLOCK {blockData=[blockId=conID: 1 locID: 102734073356485018 bcsId: 0,size=1048576]} | ret=SUCCESS |  
2019-09-04 11:45:56,340 | INFO  | DNAudit | user=null | ip=null | op=WRITE_CHUNK {blockData=conID: 1 locID: 102734073356485018 bcsId: 0} | ret=SUCCESS |  
2019-09-04 11:45:56,340 [grpc-default-executor-6] INFO  client.GrpcClientProtocolClient (GrpcClientProtocolClient.java:onNext(255)) - client-D5CE890D7D9E->efcb8ff8-f060-4d95-9215-d0f5eb4af037: receive RaftClientReply:client-D5CE890D7D9E->efcb8ff8-f060-4d95-9215-d0f5eb4af037@group-0959F8DF43ED, cid=668, SUCCESS, logIndex=831, commits[efcb8ff8-f060-4d95-9215-d0f5eb4af037:c833, 6fae8b02-e804-4c0e-b729-a97b7404b7f6:c830, 4c3e8a66-6975-4917-8225-d3efe707aaff:c830]
2019-09-04 11:45:56,340 | INFO  | DNAudit | user=null | ip=null | op=PUT_BLOCK {blockData=[blockId=conID: 1 locID: 102734073356485018 bcsId: 0,size=2097152]} | ret=SUCCESS |  
2019-09-04 11:45:56,340 [grpc-default-executor-6] INFO  client.GrpcClientProtocolClient (GrpcClientProtocolClient.java:onNext(255)) - client-D5CE890D7D9E->efcb8ff8-f060-4d95-9215-d0f5eb4af037: receive RaftClientReply:client-D5CE890D7D9E->efcb8ff8-f060-4d95-9215-d0f5eb4af037@group-0959F8DF43ED, cid=669, SUCCESS, logIndex=832, commits[efcb8ff8-f060-4d95-9215-d0f5eb4af037:c834, 6fae8b02-e804-4c0e-b729-a97b7404b7f6:c830, 4c3e8a66-6975-4917-8225-d3efe707aaff:c830]
2019-09-04 11:45:56,340 [grpc-default-executor-6] INFO  client.GrpcClientProtocolClient (GrpcClientProtocolClient.java:onNext(255)) - client-D5CE890D7D9E->efcb8ff8-f060-4d95-9215-d0f5eb4af037: receive RaftClientReply:client-D5CE890D7D9E->efcb8ff8-f060-4d95-9215-d0f5eb4af037@group-0959F8DF43ED, cid=670, SUCCESS, logIndex=833, commits[efcb8ff8-f060-4d95-9215-d0f5eb4af037:c834, 6fae8b02-e804-4c0e-b729-a97b7404b7f6:c830, 4c3e8a66-6975-4917-8225-d3efe707aaff:c830]
2019-09-04 11:45:56,341 [grpc-default-executor-6] INFO  client.GrpcClientProtocolClient (GrpcClientProtocolClient.java:onNext(255)) - client-D5CE890D7D9E->efcb8ff8-f060-4d95-9215-d0f5eb4af037: receive RaftClientReply:client-D5CE890D7D9E->efcb8ff8-f060-4d95-9215-d0f5eb4af037@group-0959F8DF43ED, cid=671, SUCCESS, logIndex=834, commits[efcb8ff8-f060-4d95-9215-d0f5eb4af037:c834, 6fae8b02-e804-4c0e-b729-a97b7404b7f6:c830, 4c3e8a66-6975-4917-8225-d3efe707aaff:c830]
2019-09-04 11:45:56,362 | INFO  | DNAudit | user=null | ip=null | op=WRITE_CHUNK {blockData=conID: 1 locID: 102734073356485018 bcsId: 0} | ret=SUCCESS |  
2019-09-04 11:45:56,362 | INFO  | DNAudit | user=null | ip=null | op=WRITE_CHUNK {blockData=conID: 1 locID: 102734073356485018 bcsId: 0} | ret=SUCCESS |  
2019-09-04 11:45:56,362 | INFO  | DNAudit | user=null | ip=null | op=PUT_BLOCK {blockData=[blockId=conID: 1 locID: 102734073356485018 bcsId: 0,size=1048576]} | ret=SUCCESS |  
2019-09-04 11:45:56,363 | INFO  | DNAudit | user=null | ip=null | op=PUT_BLOCK {blockData=[blockId=conID: 1 locID: 102734073356485018 bcsId: 0,size=1048576]} | ret=SUCCESS |  
2019-09-04 11:45:56,363 | INFO  | DNAudit | user=null | ip=null | op=WRITE_CHUNK {blockData=conID: 1 locID: 102734073356485018 bcsId: 0} | ret=SUCCESS |  
2019-09-04 11:45:56,363 | INFO  | DNAudit | user=null | ip=null | op=PUT_BLOCK {blockData=[blockId=conID: 1 locID: 102734073356485018 bcsId: 0,size=2097152]} | ret=SUCCESS |  
2019-09-04 11:45:56,363 [grpc-default-executor-6] INFO  client.GrpcClientProtocolClient (GrpcClientProtocolClient.java:onNext(255)) - client-D5CE890D7D9E->efcb8ff8-f060-4d95-9215-d0f5eb4af037: receive RaftClientReply:client-D5CE890D7D9E->efcb8ff8-f060-4d95-9215-d0f5eb4af037@group-0959F8DF43ED, cid=672, SUCCESS, logIndex=0, commits[efcb8ff8-f060-4d95-9215-d0f5eb4af037:c835, 6fae8b02-e804-4c0e-b729-a97b7404b7f6:c832, 4c3e8a66-6975-4917-8225-d3efe707aaff:c832]
2019-09-04 11:45:56,365 | INFO  | DNAudit | user=null | ip=null | op=WRITE_CHUNK {blockData=conID: 1 locID: 102734073356485018 bcsId: 0} | ret=SUCCESS |  
2019-09-04 11:45:56,365 | INFO  | DNAudit | user=null | ip=null | op=PUT_BLOCK {blockData=[blockId=conID: 1 locID: 102734073356485018 bcsId: 0,size=2097152]} | ret=SUCCESS |  
2019-09-04 11:45:56,372 | INFO  | DNAudit | user=null | ip=null | op=WRITE_CHUNK {blockData=conID: 1 locID: 102734073356485018 bcsId: 834} | ret=SUCCESS |  
2019-09-04 11:45:56,375 | INFO  | DNAudit | user=null | ip=null | op=WRITE_CHUNK {blockData=conID: 1 locID: 102734073356485018 bcsId: 834} | ret=SUCCESS |  
2019-09-04 11:45:56,377 | INFO  | DNAudit | user=null | ip=null | op=WRITE_CHUNK {blockData=conID: 1 locID: 102734073356485018 bcsId: 834} | ret=SUCCESS |  
2019-09-04 11:45:56,390 | INFO  | DNAudit | user=null | ip=null | op=WRITE_CHUNK {blockData=conID: 1 locID: 102734073356485018 bcsId: 834} | ret=SUCCESS |  
2019-09-04 11:45:56,391 | INFO  | DNAudit | user=null | ip=null | op=PUT_BLOCK {blockData=[blockId=conID: 1 locID: 102734073356485018 bcsId: 0,size=3145728]} | ret=SUCCESS |  
2019-09-04 11:45:56,391 [grpc-default-executor-6] INFO  client.GrpcClientProtocolClient (GrpcClientProtocolClient.java:onNext(255)) - client-D5CE890D7D9E->efcb8ff8-f060-4d95-9215-d0f5eb4af037: receive RaftClientReply:client-D5CE890D7D9E->efcb8ff8-f060-4d95-9215-d0f5eb4af037@group-0959F8DF43ED, cid=673, SUCCESS, logIndex=839, commits[efcb8ff8-f060-4d95-9215-d0f5eb4af037:c840, 6fae8b02-e804-4c0e-b729-a97b7404b7f6:c838, 4c3e8a66-6975-4917-8225-d3efe707aaff:c838]
2019-09-04 11:45:56,391 [grpc-default-executor-6] INFO  client.GrpcClientProtocolClient (GrpcClientProtocolClient.java:onNext(255)) - client-D5CE890D7D9E->efcb8ff8-f060-4d95-9215-d0f5eb4af037: receive RaftClientReply:client-D5CE890D7D9E->efcb8ff8-f060-4d95-9215-d0f5eb4af037@group-0959F8DF43ED, cid=674, SUCCESS, logIndex=840, commits[efcb8ff8-f060-4d95-9215-d0f5eb4af037:c840, 6fae8b02-e804-4c0e-b729-a97b7404b7f6:c838, 4c3e8a66-6975-4917-8225-d3efe707aaff:c838]
2019-09-04 11:45:56,401 | INFO  | DNAudit | user=null | ip=null | op=WRITE_CHUNK {blockData=conID: 1 locID: 102734073356485018 bcsId: 840} | ret=SUCCESS |  
2019-09-04 11:45:56,404 | INFO  | DNAudit | user=null | ip=null | op=WRITE_CHUNK {blockData=conID: 1 locID: 102734073356485018 bcsId: 840} | ret=SUCCESS |  
2019-09-04 11:45:56,404 | INFO  | DNAudit | user=null | ip=null | op=WRITE_CHUNK {blockData=conID: 1 locID: 102734073356485018 bcsId: 840} | ret=SUCCESS |  
2019-09-04 11:45:56,429 | INFO  | DNAudit | user=null | ip=null | op=WRITE_CHUNK {blockData=conID: 1 locID: 102734073356485018 bcsId: 834} | ret=SUCCESS |  
2019-09-04 11:45:56,429 | INFO  | DNAudit | user=null | ip=null | op=WRITE_CHUNK {blockData=conID: 1 locID: 102734073356485018 bcsId: 834} | ret=SUCCESS |  
2019-09-04 11:45:56,429 | INFO  | DNAudit | user=null | ip=null | op=PUT_BLOCK {blockData=[blockId=conID: 1 locID: 102734073356485018 bcsId: 0,size=3145728]} | ret=SUCCESS |  
2019-09-04 11:45:56,429 | INFO  | DNAudit | user=null | ip=null | op=PUT_BLOCK {blockData=[blockId=conID: 1 locID: 102734073356485018 bcsId: 0,size=3145728]} | ret=SUCCESS |  
2019-09-04 11:45:56,431 | INFO  | DNAudit | user=null | ip=null | op=WRITE_CHUNK {blockData=conID: 1 locID: 102734073356485018 bcsId: 840} | ret=SUCCESS |  
2019-09-04 11:45:56,432 | INFO  | DNAudit | user=null | ip=null | op=PUT_BLOCK {blockData=[blockId=conID: 1 locID: 102734073356485018 bcsId: 0,size=4194304]} | ret=SUCCESS |  
2019-09-04 11:45:56,432 [grpc-default-executor-1] INFO  client.GrpcClientProtocolClient (GrpcClientProtocolClient.java:onNext(255)) - client-D5CE890D7D9E->efcb8ff8-f060-4d95-9215-d0f5eb4af037: receive RaftClientReply:client-D5CE890D7D9E->efcb8ff8-f060-4d95-9215-d0f5eb4af037@group-0959F8DF43ED, cid=675, SUCCESS, logIndex=843, commits[efcb8ff8-f060-4d95-9215-d0f5eb4af037:c844, 6fae8b02-e804-4c0e-b729-a97b7404b7f6:c840, 4c3e8a66-6975-4917-8225-d3efe707aaff:c840]
2019-09-04 11:45:56,433 [grpc-default-executor-1] INFO  client.GrpcClientProtocolClient (GrpcClientProtocolClient.java:onNext(255)) - client-D5CE890D7D9E->efcb8ff8-f060-4d95-9215-d0f5eb4af037: receive RaftClientReply:client-D5CE890D7D9E->efcb8ff8-f060-4d95-9215-d0f5eb4af037@group-0959F8DF43ED, cid=676, SUCCESS, logIndex=844, commits[efcb8ff8-f060-4d95-9215-d0f5eb4af037:c844, 6fae8b02-e804-4c0e-b729-a97b7404b7f6:c840, 4c3e8a66-6975-4917-8225-d3efe707aaff:c840]
2019-09-04 11:45:56,440 | INFO  | DNAudit | user=null | ip=null | op=WRITE_CHUNK {blockData=conID: 1 locID: 102734073356485018 bcsId: 840} | ret=SUCCESS |  
2019-09-04 11:45:56,441 | INFO  | DNAudit | user=null | ip=null | op=WRITE_CHUNK {blockData=conID: 1 locID: 102734073356485018 bcsId: 840} | ret=SUCCESS |  
2019-09-04 11:45:56,441 | INFO  | DNAudit | user=null | ip=null | op=PUT_BLOCK {blockData=[blockId=conID: 1 locID: 102734073356485018 bcsId: 0,size=4194304]} | ret=SUCCESS |  
2019-09-04 11:45:56,442 | INFO  | DNAudit | user=null | ip=null | op=PUT_BLOCK {blockData=[blockId=conID: 1 locID: 102734073356485018 bcsId: 0,size=4194304]} | ret=SUCCESS |  
2019-09-04 11:45:56,442 [grpc-default-executor-1] INFO  client.GrpcClientProtocolClient (GrpcClientProtocolClient.java:onNext(255)) - client-D5CE890D7D9E->efcb8ff8-f060-4d95-9215-d0f5eb4af037: receive RaftClientReply:client-D5CE890D7D9E->efcb8ff8-f060-4d95-9215-d0f5eb4af037@group-0959F8DF43ED, cid=677, SUCCESS, logIndex=0, commits[efcb8ff8-f060-4d95-9215-d0f5eb4af037:c845, 6fae8b02-e804-4c0e-b729-a97b7404b7f6:c844, 4c3e8a66-6975-4917-8225-d3efe707aaff:c844]
2019-09-04 11:45:56,452 | INFO  | DNAudit | user=null | ip=null | op=WRITE_CHUNK {blockData=conID: 2 locID: 102734073356485019 bcsId: 0} | ret=SUCCESS |  
2019-09-04 11:45:56,456 | INFO  | DNAudit | user=null | ip=null | op=WRITE_CHUNK {blockData=conID: 2 locID: 102734073356485019 bcsId: 0} | ret=SUCCESS |  
2019-09-04 11:45:56,456 | INFO  | DNAudit | user=null | ip=null | op=WRITE_CHUNK {blockData=conID: 2 locID: 102734073356485019 bcsId: 0} | ret=SUCCESS |  
2019-09-04 11:45:56,456 | INFO  | DNAudit | user=null | ip=null | op=WRITE_CHUNK {blockData=conID: 2 locID: 102734073356485019 bcsId: 0} | ret=SUCCESS |  
2019-09-04 11:45:56,462 | INFO  | DNAudit | user=null | ip=null | op=WRITE_CHUNK {blockData=conID: 2 locID: 102734073356485019 bcsId: 0} | ret=SUCCESS |  
2019-09-04 11:45:56,462 | INFO  | DNAudit | user=null | ip=null | op=WRITE_CHUNK {blockData=conID: 2 locID: 102734073356485019 bcsId: 0} | ret=SUCCESS |  
2019-09-04 11:45:56,462 | INFO  | DNAudit | user=null | ip=null | op=WRITE_CHUNK {blockData=conID: 2 locID: 102734073356485019 bcsId: 0} | ret=SUCCESS |  
2019-09-04 11:45:56,463 | INFO  | DNAudit | user=null | ip=null | op=PUT_BLOCK {blockData=[blockId=conID: 2 locID: 102734073356485019 bcsId: 0,size=1048576]} | ret=SUCCESS |  
2019-09-04 11:45:56,463 [grpc-default-executor-4] INFO  client.GrpcClientProtocolClient (GrpcClientProtocolClient.java:onNext(255)) - client-D5CE890D7D9E->efcb8ff8-f060-4d95-9215-d0f5eb4af037: receive RaftClientReply:client-D5CE890D7D9E->efcb8ff8-f060-4d95-9215-d0f5eb4af037@group-0959F8DF43ED, cid=678, SUCCESS, logIndex=847, commits[efcb8ff8-f060-4d95-9215-d0f5eb4af037:c848, 6fae8b02-e804-4c0e-b729-a97b7404b7f6:c846, 4c3e8a66-6975-4917-8225-d3efe707aaff:c846]
2019-09-04 11:45:56,464 [grpc-default-executor-4] INFO  client.GrpcClientProtocolClient (GrpcClientProtocolClient.java:onNext(255)) - client-D5CE890D7D9E->efcb8ff8-f060-4d95-9215-d0f5eb4af037: receive RaftClientReply:client-D5CE890D7D9E->efcb8ff8-f060-4d95-9215-d0f5eb4af037@group-0959F8DF43ED, cid=679, SUCCESS, logIndex=848, commits[efcb8ff8-f060-4d95-9215-d0f5eb4af037:c848, 6fae8b02-e804-4c0e-b729-a97b7404b7f6:c846, 4c3e8a66-6975-4917-8225-d3efe707aaff:c846]
2019-09-04 11:45:56,477 | INFO  | DNAudit | user=null | ip=null | op=WRITE_CHUNK {blockData=conID: 2 locID: 102734073356485019 bcsId: 0} | ret=SUCCESS |  
2019-09-04 11:45:56,477 | INFO  | DNAudit | user=null | ip=null | op=WRITE_CHUNK {blockData=conID: 2 locID: 102734073356485019 bcsId: 0} | ret=SUCCESS |  
2019-09-04 11:45:56,477 | INFO  | DNAudit | user=null | ip=null | op=WRITE_CHUNK {blockData=conID: 2 locID: 102734073356485019 bcsId: 0} | ret=SUCCESS |  
2019-09-04 11:45:56,477 | INFO  | DNAudit | user=null | ip=null | op=PUT_BLOCK {blockData=[blockId=conID: 2 locID: 102734073356485019 bcsId: 0,size=2097152]} | ret=SUCCESS |  
2019-09-04 11:45:56,477 | INFO  | DNAudit | user=null | ip=null | op=PUT_BLOCK {blockData=[blockId=conID: 2 locID: 102734073356485019 bcsId: 0,size=1048576]} | ret=SUCCESS |  
2019-09-04 11:45:56,478 | INFO  | DNAudit | user=null | ip=null | op=PUT_BLOCK {blockData=[blockId=conID: 2 locID: 102734073356485019 bcsId: 0,size=1048576]} | ret=SUCCESS |  
2019-09-04 11:45:56,478 [grpc-default-executor-1] INFO  client.GrpcClientProtocolClient (GrpcClientProtocolClient.java:onNext(255)) - client-D5CE890D7D9E->efcb8ff8-f060-4d95-9215-d0f5eb4af037: receive RaftClientReply:client-D5CE890D7D9E->efcb8ff8-f060-4d95-9215-d0f5eb4af037@group-0959F8DF43ED, cid=680, SUCCESS, logIndex=849, commits[efcb8ff8-f060-4d95-9215-d0f5eb4af037:c850, 6fae8b02-e804-4c0e-b729-a97b7404b7f6:c846, 4c3e8a66-6975-4917-8225-d3efe707aaff:c846]
2019-09-04 11:45:56,479 [grpc-default-executor-0] INFO  client.GrpcClientProtocolClient (GrpcClientProtocolClient.java:onNext(255)) - client-D5CE890D7D9E->efcb8ff8-f060-4d95-9215-d0f5eb4af037: receive RaftClientReply:client-D5CE890D7D9E->efcb8ff8-f060-4d95-9215-d0f5eb4af037@group-0959F8DF43ED, cid=681, SUCCESS, logIndex=850, commits[efcb8ff8-f060-4d95-9215-d0f5eb4af037:c850, 6fae8b02-e804-4c0e-b729-a97b7404b7f6:c847, 4c3e8a66-6975-4917-8225-d3efe707aaff:c846]
2019-09-04 11:45:56,480 | INFO  | DNAudit | user=null | ip=null | op=WRITE_CHUNK {blockData=conID: 2 locID: 102734073356485019 bcsId: 0} | ret=SUCCESS |  
2019-09-04 11:45:56,480 | INFO  | DNAudit | user=null | ip=null | op=WRITE_CHUNK {blockData=conID: 2 locID: 102734073356485019 bcsId: 0} | ret=SUCCESS |  
2019-09-04 11:45:56,480 | INFO  | DNAudit | user=null | ip=null | op=PUT_BLOCK {blockData=[blockId=conID: 2 locID: 102734073356485019 bcsId: 0,size=2097152]} | ret=SUCCESS |  
2019-09-04 11:45:56,480 | INFO  | DNAudit | user=null | ip=null | op=PUT_BLOCK {blockData=[blockId=conID: 2 locID: 102734073356485019 bcsId: 0,size=2097152]} | ret=SUCCESS |  
2019-09-04 11:45:56,481 [grpc-default-executor-1] INFO  client.GrpcClientProtocolClient (GrpcClientProtocolClient.java:onNext(255)) - client-D5CE890D7D9E->efcb8ff8-f060-4d95-9215-d0f5eb4af037: receive RaftClientReply:client-D5CE890D7D9E->efcb8ff8-f060-4d95-9215-d0f5eb4af037@group-0959F8DF43ED, cid=682, SUCCESS, logIndex=0, commits[efcb8ff8-f060-4d95-9215-d0f5eb4af037:c853, 6fae8b02-e804-4c0e-b729-a97b7404b7f6:c850, 4c3e8a66-6975-4917-8225-d3efe707aaff:c848]
2019-09-04 11:45:56,490 | INFO  | DNAudit | user=null | ip=null | op=WRITE_CHUNK {blockData=conID: 2 locID: 102734073356485019 bcsId: 850} | ret=SUCCESS |  
2019-09-04 11:45:56,493 | INFO  | DNAudit | user=null | ip=null | op=WRITE_CHUNK {blockData=conID: 2 locID: 102734073356485019 bcsId: 850} | ret=SUCCESS |  
2019-09-04 11:45:56,493 | INFO  | DNAudit | user=null | ip=null | op=WRITE_CHUNK {blockData=conID: 2 locID: 102734073356485019 bcsId: 850} | ret=SUCCESS |  
2019-09-04 11:45:56,503 | INFO  | DNAudit | user=null | ip=null | op=WRITE_CHUNK {blockData=conID: 2 locID: 102734073356485019 bcsId: 850} | ret=SUCCESS |  
2019-09-04 11:45:56,503 | INFO  | DNAudit | user=null | ip=null | op=PUT_BLOCK {blockData=[blockId=conID: 2 locID: 102734073356485019 bcsId: 0,size=3145728]} | ret=SUCCESS |  
2019-09-04 11:45:56,504 [grpc-default-executor-1] INFO  client.GrpcClientProtocolClient (GrpcClientProtocolClient.java:onNext(255)) - client-D5CE890D7D9E->efcb8ff8-f060-4d95-9215-d0f5eb4af037: receive RaftClientReply:client-D5CE890D7D9E->efcb8ff8-f060-4d95-9215-d0f5eb4af037@group-0959F8DF43ED, cid=683, SUCCESS, logIndex=855, commits[efcb8ff8-f060-4d95-9215-d0f5eb4af037:c856, 6fae8b02-e804-4c0e-b729-a97b7404b7f6:c854, 4c3e8a66-6975-4917-8225-d3efe707aaff:c854]
2019-09-04 11:45:56,505 [grpc-default-executor-1] INFO  client.GrpcClientProtocolClient (GrpcClientProtocolClient.java:onNext(255)) - client-D5CE890D7D9E->efcb8ff8-f060-4d95-9215-d0f5eb4af037: receive RaftClientReply:client-D5CE890D7D9E->efcb8ff8-f060-4d95-9215-d0f5eb4af037@group-0959F8DF43ED, cid=684, SUCCESS, logIndex=856, commits[efcb8ff8-f060-4d95-9215-d0f5eb4af037:c856, 6fae8b02-e804-4c0e-b729-a97b7404b7f6:c854, 4c3e8a66-6975-4917-8225-d3efe707aaff:c854]
2019-09-04 11:45:56,513 | INFO  | DNAudit | user=null | ip=null | op=WRITE_CHUNK {blockData=conID: 2 locID: 102734073356485019 bcsId: 856} | ret=SUCCESS |  
2019-09-04 11:45:56,517 | INFO  | DNAudit | user=null | ip=null | op=WRITE_CHUNK {blockData=conID: 2 locID: 102734073356485019 bcsId: 856} | ret=SUCCESS |  
2019-09-04 11:45:56,517 | INFO  | DNAudit | user=null | ip=null | op=WRITE_CHUNK {blockData=conID: 2 locID: 102734073356485019 bcsId: 856} | ret=SUCCESS |  
2019-09-04 11:45:56,526 | INFO  | DNAudit | user=null | ip=null | op=WRITE_CHUNK {blockData=conID: 2 locID: 102734073356485019 bcsId: 850} | ret=SUCCESS |  
2019-09-04 11:45:56,526 | INFO  | DNAudit | user=null | ip=null | op=WRITE_CHUNK {blockData=conID: 2 locID: 102734073356485019 bcsId: 850} | ret=SUCCESS |  
2019-09-04 11:45:56,526 | INFO  | DNAudit | user=null | ip=null | op=PUT_BLOCK {blockData=[blockId=conID: 2 locID: 102734073356485019 bcsId: 0,size=3145728]} | ret=SUCCESS |  
2019-09-04 11:45:56,526 | INFO  | DNAudit | user=null | ip=null | op=PUT_BLOCK {blockData=[blockId=conID: 2 locID: 102734073356485019 bcsId: 0,size=3145728]} | ret=SUCCESS |  
2019-09-04 11:45:56,527 | INFO  | DNAudit | user=null | ip=null | op=WRITE_CHUNK {blockData=conID: 2 locID: 102734073356485019 bcsId: 856} | ret=SUCCESS |  
2019-09-04 11:45:56,528 | INFO  | DNAudit | user=null | ip=null | op=PUT_BLOCK {blockData=[blockId=conID: 2 locID: 102734073356485019 bcsId: 0,size=4194304]} | ret=SUCCESS |  
2019-09-04 11:45:56,528 [grpc-default-executor-6] INFO  client.GrpcClientProtocolClient (GrpcClientProtocolClient.java:onNext(255)) - client-D5CE890D7D9E->efcb8ff8-f060-4d95-9215-d0f5eb4af037: receive RaftClientReply:client-D5CE890D7D9E->efcb8ff8-f060-4d95-9215-d0f5eb4af037@group-0959F8DF43ED, cid=685, SUCCESS, logIndex=859, commits[efcb8ff8-f060-4d95-9215-d0f5eb4af037:c859, 6fae8b02-e804-4c0e-b729-a97b7404b7f6:c856, 4c3e8a66-6975-4917-8225-d3efe707aaff:c856]
2019-09-04 11:45:56,528 [grpc-default-executor-6] INFO  client.GrpcClientProtocolClient (GrpcClientProtocolClient.java:onNext(255)) - client-D5CE890D7D9E->efcb8ff8-f060-4d95-9215-d0f5eb4af037: receive RaftClientReply:client-D5CE890D7D9E->efcb8ff8-f060-4d95-9215-d0f5eb4af037@group-0959F8DF43ED, cid=686, SUCCESS, logIndex=860, commits[efcb8ff8-f060-4d95-9215-d0f5eb4af037:c860, 6fae8b02-e804-4c0e-b729-a97b7404b7f6:c856, 4c3e8a66-6975-4917-8225-d3efe707aaff:c856]
2019-09-04 11:45:56,544 | INFO  | DNAudit | user=null | ip=null | op=WRITE_CHUNK {blockData=conID: 2 locID: 102734073356485019 bcsId: 856} | ret=SUCCESS |  
2019-09-04 11:45:56,544 | INFO  | DNAudit | user=null | ip=null | op=WRITE_CHUNK {blockData=conID: 2 locID: 102734073356485019 bcsId: 856} | ret=SUCCESS |  
2019-09-04 11:45:56,545 | INFO  | DNAudit | user=null | ip=null | op=PUT_BLOCK {blockData=[blockId=conID: 2 locID: 102734073356485019 bcsId: 0,size=4194304]} | ret=SUCCESS |  
2019-09-04 11:45:56,545 | INFO  | DNAudit | user=null | ip=null | op=PUT_BLOCK {blockData=[blockId=conID: 2 locID: 102734073356485019 bcsId: 0,size=4194304]} | ret=SUCCESS |  
2019-09-04 11:45:56,546 [grpc-default-executor-1] INFO  client.GrpcClientProtocolClient (GrpcClientProtocolClient.java:onNext(255)) - client-D5CE890D7D9E->efcb8ff8-f060-4d95-9215-d0f5eb4af037: receive RaftClientReply:client-D5CE890D7D9E->efcb8ff8-f060-4d95-9215-d0f5eb4af037@group-0959F8DF43ED, cid=687, SUCCESS, logIndex=0, commits[efcb8ff8-f060-4d95-9215-d0f5eb4af037:c862, 6fae8b02-e804-4c0e-b729-a97b7404b7f6:c860, 4c3e8a66-6975-4917-8225-d3efe707aaff:c860]
2019-09-04 11:45:56,556 | INFO  | DNAudit | user=null | ip=null | op=WRITE_CHUNK {blockData=conID: 3 locID: 102734073356485020 bcsId: 0} | ret=SUCCESS |  
2019-09-04 11:45:56,559 | INFO  | DNAudit | user=null | ip=null | op=WRITE_CHUNK {blockData=conID: 3 locID: 102734073356485020 bcsId: 0} | ret=SUCCESS |  
2019-09-04 11:45:56,559 | INFO  | DNAudit | user=null | ip=null | op=WRITE_CHUNK {blockData=conID: 3 locID: 102734073356485020 bcsId: 0} | ret=SUCCESS |  
2019-09-04 11:45:56,561 | INFO  | DNAudit | user=null | ip=null | op=WRITE_CHUNK {blockData=conID: 3 locID: 102734073356485020 bcsId: 0} | ret=SUCCESS |  
2019-09-04 11:45:56,563 | INFO  | DNAudit | user=null | ip=null | op=WRITE_CHUNK {blockData=conID: 3 locID: 102734073356485020 bcsId: 0} | ret=SUCCESS |  
2019-09-04 11:45:56,563 | INFO  | DNAudit | user=null | ip=null | op=WRITE_CHUNK {blockData=conID: 3 locID: 102734073356485020 bcsId: 0} | ret=SUCCESS |  
2019-09-04 11:45:56,574 | INFO  | DNAudit | user=null | ip=null | op=WRITE_CHUNK {blockData=conID: 3 locID: 102734073356485020 bcsId: 0} | ret=SUCCESS |  
2019-09-04 11:45:56,574 | INFO  | DNAudit | user=null | ip=null | op=PUT_BLOCK {blockData=[blockId=conID: 3 locID: 102734073356485020 bcsId: 0,size=1048576]} | ret=SUCCESS |  
2019-09-04 11:45:56,574 [grpc-default-executor-6] INFO  client.GrpcClientProtocolClient (GrpcClientProtocolClient.java:onNext(255)) - client-D5CE890D7D9E->efcb8ff8-f060-4d95-9215-d0f5eb4af037: receive RaftClientReply:client-D5CE890D7D9E->efcb8ff8-f060-4d95-9215-d0f5eb4af037@group-0959F8DF43ED, cid=688, SUCCESS, logIndex=863, commits[efcb8ff8-f060-4d95-9215-d0f5eb4af037:c864, 6fae8b02-e804-4c0e-b729-a97b7404b7f6:c862, 4c3e8a66-6975-4917-8225-d3efe707aaff:c862]
2019-09-04 11:45:56,575 [grpc-default-executor-6] INFO  client.GrpcClientProtocolClient (GrpcClientProtocolClient.java:onNext(255)) - client-D5CE890D7D9E->efcb8ff8-f060-4d95-9215-d0f5eb4af037: receive RaftClientReply:client-D5CE890D7D9E->efcb8ff8-f060-4d95-9215-d0f5eb4af037@group-0959F8DF43ED, cid=689, SUCCESS, logIndex=864, commits[efcb8ff8-f060-4d95-9215-d0f5eb4af037:c864, 6fae8b02-e804-4c0e-b729-a97b7404b7f6:c862, 4c3e8a66-6975-4917-8225-d3efe707aaff:c862]
2019-09-04 11:45:56,596 | INFO  | DNAudit | user=null | ip=null | op=WRITE_CHUNK {blockData=conID: 3 locID: 102734073356485020 bcsId: 0} | ret=SUCCESS |  
2019-09-04 11:45:56,597 | INFO  | DNAudit | user=null | ip=null | op=PUT_BLOCK {blockData=[blockId=conID: 3 locID: 102734073356485020 bcsId: 0,size=2097152]} | ret=SUCCESS |  
2019-09-04 11:45:56,597 [grpc-default-executor-6] INFO  client.GrpcClientProtocolClient (GrpcClientProtocolClient.java:onNext(255)) - client-D5CE890D7D9E->efcb8ff8-f060-4d95-9215-d0f5eb4af037: receive RaftClientReply:client-D5CE890D7D9E->efcb8ff8-f060-4d95-9215-d0f5eb4af037@group-0959F8DF43ED, cid=690, SUCCESS, logIndex=865, commits[efcb8ff8-f060-4d95-9215-d0f5eb4af037:c866, 6fae8b02-e804-4c0e-b729-a97b7404b7f6:c862, 4c3e8a66-6975-4917-8225-d3efe707aaff:c862]
2019-09-04 11:45:56,597 [grpc-default-executor-6] INFO  client.GrpcClientProtocolClient (GrpcClientProtocolClient.java:onNext(255)) - client-D5CE890D7D9E->efcb8ff8-f060-4d95-9215-d0f5eb4af037: receive RaftClientReply:client-D5CE890D7D9E->efcb8ff8-f060-4d95-9215-d0f5eb4af037@group-0959F8DF43ED, cid=691, SUCCESS, logIndex=866, commits[efcb8ff8-f060-4d95-9215-d0f5eb4af037:c866, 6fae8b02-e804-4c0e-b729-a97b7404b7f6:c862, 4c3e8a66-6975-4917-8225-d3efe707aaff:c862]
2019-09-04 11:45:56,606 | INFO  | DNAudit | user=null | ip=null | op=WRITE_CHUNK {blockData=conID: 3 locID: 102734073356485020 bcsId: 0} | ret=SUCCESS |  
2019-09-04 11:45:56,606 | INFO  | DNAudit | user=null | ip=null | op=PUT_BLOCK {blockData=[blockId=conID: 3 locID: 102734073356485020 bcsId: 0,size=1048576]} | ret=SUCCESS |  
2019-09-04 11:45:56,606 | INFO  | DNAudit | user=null | ip=null | op=WRITE_CHUNK {blockData=conID: 3 locID: 102734073356485020 bcsId: 0} | ret=SUCCESS |  
2019-09-04 11:45:56,607 | INFO  | DNAudit | user=null | ip=null | op=PUT_BLOCK {blockData=[blockId=conID: 3 locID: 102734073356485020 bcsId: 0,size=1048576]} | ret=SUCCESS |  
2019-09-04 11:45:56,607 | INFO  | DNAudit | user=null | ip=null | op=WRITE_CHUNK {blockData=conID: 3 locID: 102734073356485020 bcsId: 0} | ret=SUCCESS |  
2019-09-04 11:45:56,607 | INFO  | DNAudit | user=null | ip=null | op=PUT_BLOCK {blockData=[blockId=conID: 3 locID: 102734073356485020 bcsId: 0,size=2097152]} | ret=SUCCESS |  
2019-09-04 11:45:56,608 | INFO  | DNAudit | user=null | ip=null | op=WRITE_CHUNK {blockData=conID: 3 locID: 102734073356485020 bcsId: 0} | ret=SUCCESS |  
2019-09-04 11:45:56,608 [grpc-default-executor-6] INFO  client.GrpcClientProtocolClient (GrpcClientProtocolClient.java:onNext(255)) - client-D5CE890D7D9E->efcb8ff8-f060-4d95-9215-d0f5eb4af037: receive RaftClientReply:client-D5CE890D7D9E->efcb8ff8-f060-4d95-9215-d0f5eb4af037@group-0959F8DF43ED, cid=692, SUCCESS, logIndex=0, commits[efcb8ff8-f060-4d95-9215-d0f5eb4af037:c868, 6fae8b02-e804-4c0e-b729-a97b7404b7f6:c864, 4c3e8a66-6975-4917-8225-d3efe707aaff:c864]
2019-09-04 11:45:56,608 | INFO  | DNAudit | user=null | ip=null | op=PUT_BLOCK {blockData=[blockId=conID: 3 locID: 102734073356485020 bcsId: 0,size=2097152]} | ret=SUCCESS |  
2019-09-04 11:45:56,618 | INFO  | DNAudit | user=null | ip=null | op=WRITE_CHUNK {blockData=conID: 3 locID: 102734073356485020 bcsId: 866} | ret=SUCCESS |  
2019-09-04 11:45:56,621 | INFO  | DNAudit | user=null | ip=null | op=WRITE_CHUNK {blockData=conID: 3 locID: 102734073356485020 bcsId: 866} | ret=SUCCESS |  
2019-09-04 11:45:56,622 | INFO  | DNAudit | user=null | ip=null | op=WRITE_CHUNK {blockData=conID: 3 locID: 102734073356485020 bcsId: 866} | ret=SUCCESS |  
2019-09-04 11:45:56,634 | INFO  | DNAudit | user=null | ip=null | op=WRITE_CHUNK {blockData=conID: 3 locID: 102734073356485020 bcsId: 866} | ret=SUCCESS |  
2019-09-04 11:45:56,635 | INFO  | DNAudit | user=null | ip=null | op=PUT_BLOCK {blockData=[blockId=conID: 3 locID: 102734073356485020 bcsId: 0,size=3145728]} | ret=SUCCESS |  
2019-09-04 11:45:56,635 [grpc-default-executor-0] INFO  client.GrpcClientProtocolClient (GrpcClientProtocolClient.java:onNext(255)) - client-D5CE890D7D9E->efcb8ff8-f060-4d95-9215-d0f5eb4af037: receive RaftClientReply:client-D5CE890D7D9E->efcb8ff8-f060-4d95-9215-d0f5eb4af037@group-0959F8DF43ED, cid=693, SUCCESS, logIndex=871, commits[efcb8ff8-f060-4d95-9215-d0f5eb4af037:c872, 6fae8b02-e804-4c0e-b729-a97b7404b7f6:c870, 4c3e8a66-6975-4917-8225-d3efe707aaff:c870]
2019-09-04 11:45:56,635 [grpc-default-executor-0] INFO  client.GrpcClientProtocolClient (GrpcClientProtocolClient.java:onNext(255)) - client-D5CE890D7D9E->efcb8ff8-f060-4d95-9215-d0f5eb4af037: receive RaftClientReply:client-D5CE890D7D9E->efcb8ff8-f060-4d95-9215-d0f5eb4af037@group-0959F8DF43ED, cid=694, SUCCESS, logIndex=872, commits[efcb8ff8-f060-4d95-9215-d0f5eb4af037:c872, 6fae8b02-e804-4c0e-b729-a97b7404b7f6:c870, 4c3e8a66-6975-4917-8225-d3efe707aaff:c870]
2019-09-04 11:45:56,646 | INFO  | DNAudit | user=null | ip=null | op=WRITE_CHUNK {blockData=conID: 3 locID: 102734073356485020 bcsId: 872} | ret=SUCCESS |  
2019-09-04 11:45:56,648 | INFO  | DNAudit | user=null | ip=null | op=WRITE_CHUNK {blockData=conID: 3 locID: 102734073356485020 bcsId: 872} | ret=SUCCESS |  
2019-09-04 11:45:56,648 | INFO  | DNAudit | user=null | ip=null | op=WRITE_CHUNK {blockData=conID: 3 locID: 102734073356485020 bcsId: 872} | ret=SUCCESS |  
2019-09-04 11:45:56,654 | INFO  | DNAudit | user=null | ip=null | op=WRITE_CHUNK {blockData=conID: 3 locID: 102734073356485020 bcsId: 866} | ret=SUCCESS |  
2019-09-04 11:45:56,654 | INFO  | DNAudit | user=null | ip=null | op=WRITE_CHUNK {blockData=conID: 3 locID: 102734073356485020 bcsId: 866} | ret=SUCCESS |  
2019-09-04 11:45:56,654 | INFO  | DNAudit | user=null | ip=null | op=PUT_BLOCK {blockData=[blockId=conID: 3 locID: 102734073356485020 bcsId: 0,size=3145728]} | ret=SUCCESS |  
2019-09-04 11:45:56,654 | INFO  | DNAudit | user=null | ip=null | op=PUT_BLOCK {blockData=[blockId=conID: 3 locID: 102734073356485020 bcsId: 0,size=3145728]} | ret=SUCCESS |  
2019-09-04 11:45:56,669 | INFO  | SCMAudit | user=jenkins1000 | ip=192.168.36.67 | op=SEND_HEARTBEAT {datanodeUUID=6fae8b02-e804-4c0e-b729-a97b7404b7f6, command=[]} | ret=SUCCESS |  
2019-09-04 11:45:56,669 | INFO  | SCMAudit | user=jenkins1000 | ip=192.168.36.67 | op=SEND_HEARTBEAT {datanodeUUID=efcb8ff8-f060-4d95-9215-d0f5eb4af037, command=[]} | ret=SUCCESS |  
2019-09-04 11:45:56,669 | INFO  | SCMAudit | user=jenkins1000 | ip=192.168.36.67 | op=SEND_HEARTBEAT {datanodeUUID=4c3e8a66-6975-4917-8225-d3efe707aaff, command=[]} | ret=SUCCESS |  
2019-09-04 11:45:56,675 | INFO  | DNAudit | user=null | ip=null | op=WRITE_CHUNK {blockData=conID: 3 locID: 102734073356485020 bcsId: 872} | ret=SUCCESS |  
2019-09-04 11:45:56,676 | INFO  | DNAudit | user=null | ip=null | op=WRITE_CHUNK {blockData=conID: 3 locID: 102734073356485020 bcsId: 872} | ret=SUCCESS |  
2019-09-04 11:45:56,676 | INFO  | SCMAudit | user=jenkins1000 | ip=192.168.36.67 | op=SEND_HEARTBEAT {datanodeUUID=0b776101-1d39-4f23-96c0-6a8ead31197c, command=[]} | ret=SUCCESS |  
2019-09-04 11:45:56,677 | INFO  | DNAudit | user=null | ip=null | op=PUT_BLOCK {blockData=[blockId=conID: 3 locID: 102734073356485020 bcsId: 0,size=4194304]} | ret=SUCCESS |  
2019-09-04 11:45:56,677 | INFO  | DNAudit | user=null | ip=null | op=PUT_BLOCK {blockData=[blockId=conID: 3 locID: 102734073356485020 bcsId: 0,size=4194304]} | ret=SUCCESS |  
2019-09-04 11:45:56,679 | INFO  | DNAudit | user=null | ip=null | op=WRITE_CHUNK {blockData=conID: 3 locID: 102734073356485020 bcsId: 872} | ret=SUCCESS |  
2019-09-04 11:45:56,679 | INFO  | DNAudit | user=null | ip=null | op=PUT_BLOCK {blockData=[blockId=conID: 3 locID: 102734073356485020 bcsId: 0,size=4194304]} | ret=SUCCESS |  
2019-09-04 11:45:56,680 [grpc-default-executor-0] INFO  client.GrpcClientProtocolClient (GrpcClientProtocolClient.java:onNext(255)) - client-D5CE890D7D9E->efcb8ff8-f060-4d95-9215-d0f5eb4af037: receive RaftClientReply:client-D5CE890D7D9E->efcb8ff8-f060-4d95-9215-d0f5eb4af037@group-0959F8DF43ED, cid=695, SUCCESS, logIndex=875, commits[efcb8ff8-f060-4d95-9215-d0f5eb4af037:c878, 6fae8b02-e804-4c0e-b729-a97b7404b7f6:c876, 4c3e8a66-6975-4917-8225-d3efe707aaff:c876]
2019-09-04 11:45:56,680 [grpc-default-executor-0] INFO  client.GrpcClientProtocolClient (GrpcClientProtocolClient.java:onNext(255)) - client-D5CE890D7D9E->efcb8ff8-f060-4d95-9215-d0f5eb4af037: receive RaftClientReply:client-D5CE890D7D9E->efcb8ff8-f060-4d95-9215-d0f5eb4af037@group-0959F8DF43ED, cid=696, SUCCESS, logIndex=876, commits[efcb8ff8-f060-4d95-9215-d0f5eb4af037:c878, 6fae8b02-e804-4c0e-b729-a97b7404b7f6:c876, 4c3e8a66-6975-4917-8225-d3efe707aaff:c876]
2019-09-04 11:45:56,689 | INFO  | DNAudit | user=null | ip=null | op=WRITE_CHUNK {blockData=conID: 1 locID: 102734073356485021 bcsId: 0} | ret=SUCCESS |  
2019-09-04 11:45:56,694 | INFO  | DNAudit | user=null | ip=null | op=WRITE_CHUNK {blockData=conID: 1 locID: 102734073356485021 bcsId: 0} | ret=SUCCESS |  
2019-09-04 11:45:56,695 | INFO  | DNAudit | user=null | ip=null | op=WRITE_CHUNK {blockData=conID: 1 locID: 102734073356485021 bcsId: 0} | ret=SUCCESS |  
2019-09-04 11:45:56,695 | INFO  | DNAudit | user=null | ip=null | op=WRITE_CHUNK {blockData=conID: 1 locID: 102734073356485021 bcsId: 0} | ret=SUCCESS |  
2019-09-04 11:45:56,698 | INFO  | DNAudit | user=null | ip=null | op=WRITE_CHUNK {blockData=conID: 1 locID: 102734073356485021 bcsId: 0} | ret=SUCCESS |  
2019-09-04 11:45:56,698 | INFO  | DNAudit | user=null | ip=null | op=WRITE_CHUNK {blockData=conID: 1 locID: 102734073356485021 bcsId: 0} | ret=SUCCESS |  
2019-09-04 11:45:56,699 | INFO  | DNAudit | user=null | ip=null | op=WRITE_CHUNK {blockData=conID: 1 locID: 102734073356485021 bcsId: 0} | ret=SUCCESS |  
2019-09-04 11:45:56,699 | INFO  | DNAudit | user=null | ip=null | op=PUT_BLOCK {blockData=[blockId=conID: 1 locID: 102734073356485021 bcsId: 0,size=1048576]} | ret=SUCCESS |  
2019-09-04 11:45:56,700 [grpc-default-executor-1] INFO  client.GrpcClientProtocolClient (GrpcClientProtocolClient.java:onNext(255)) - client-D5CE890D7D9E->efcb8ff8-f060-4d95-9215-d0f5eb4af037: receive RaftClientReply:client-D5CE890D7D9E->efcb8ff8-f060-4d95-9215-d0f5eb4af037@group-0959F8DF43ED, cid=697, SUCCESS, logIndex=879, commits[efcb8ff8-f060-4d95-9215-d0f5eb4af037:c880, 6fae8b02-e804-4c0e-b729-a97b7404b7f6:c876, 4c3e8a66-6975-4917-8225-d3efe707aaff:c878]
2019-09-04 11:45:56,700 [grpc-default-executor-1] INFO  client.GrpcClientProtocolClient (GrpcClientProtocolClient.java:onNext(255)) - client-D5CE890D7D9E->efcb8ff8-f060-4d95-9215-d0f5eb4af037: receive RaftClientReply:client-D5CE890D7D9E->efcb8ff8-f060-4d95-9215-d0f5eb4af037@group-0959F8DF43ED, cid=698, SUCCESS, logIndex=880, commits[efcb8ff8-f060-4d95-9215-d0f5eb4af037:c880, 6fae8b02-e804-4c0e-b729-a97b7404b7f6:c876, 4c3e8a66-6975-4917-8225-d3efe707aaff:c878]
2019-09-04 11:45:56,721 | INFO  | DNAudit | user=null | ip=null | op=WRITE_CHUNK {blockData=conID: 1 locID: 102734073356485021 bcsId: 0} | ret=SUCCESS |  
2019-09-04 11:45:56,721 | INFO  | DNAudit | user=null | ip=null | op=WRITE_CHUNK {blockData=conID: 1 locID: 102734073356485021 bcsId: 0} | ret=SUCCESS |  
2019-09-04 11:45:56,721 | INFO  | DNAudit | user=null | ip=null | op=PUT_BLOCK {blockData=[blockId=conID: 1 locID: 102734073356485021 bcsId: 0,size=2097152]} | ret=SUCCESS |  
2019-09-04 11:45:56,721 | INFO  | DNAudit | user=null | ip=null | op=PUT_BLOCK {blockData=[blockId=conID: 1 locID: 102734073356485021 bcsId: 0,size=1048576]} | ret=SUCCESS |  
2019-09-04 11:45:56,721 [grpc-default-executor-6] INFO  client.GrpcClientProtocolClient (GrpcClientProtocolClient.java:onNext(255)) - client-D5CE890D7D9E->efcb8ff8-f060-4d95-9215-d0f5eb4af037: receive RaftClientReply:client-D5CE890D7D9E->efcb8ff8-f060-4d95-9215-d0f5eb4af037@group-0959F8DF43ED, cid=699, SUCCESS, logIndex=881, commits[efcb8ff8-f060-4d95-9215-d0f5eb4af037:c882, 6fae8b02-e804-4c0e-b729-a97b7404b7f6:c878, 4c3e8a66-6975-4917-8225-d3efe707aaff:c878]
2019-09-04 11:45:56,722 | INFO  | DNAudit | user=null | ip=null | op=WRITE_CHUNK {blockData=conID: 1 locID: 102734073356485021 bcsId: 0} | ret=SUCCESS |  
2019-09-04 11:45:56,722 [grpc-default-executor-6] INFO  client.GrpcClientProtocolClient (GrpcClientProtocolClient.java:onNext(255)) - client-D5CE890D7D9E->efcb8ff8-f060-4d95-9215-d0f5eb4af037: receive RaftClientReply:client-D5CE890D7D9E->efcb8ff8-f060-4d95-9215-d0f5eb4af037@group-0959F8DF43ED, cid=700, SUCCESS, logIndex=882, commits[efcb8ff8-f060-4d95-9215-d0f5eb4af037:c884, 6fae8b02-e804-4c0e-b729-a97b7404b7f6:c878, 4c3e8a66-6975-4917-8225-d3efe707aaff:c880]
2019-09-04 11:45:56,722 | INFO  | DNAudit | user=null | ip=null | op=PUT_BLOCK {blockData=[blockId=conID: 1 locID: 102734073356485021 bcsId: 0,size=1048576]} | ret=SUCCESS |  
2019-09-04 11:45:56,723 | INFO  | DNAudit | user=null | ip=null | op=WRITE_CHUNK {blockData=conID: 1 locID: 102734073356485021 bcsId: 0} | ret=SUCCESS |  
2019-09-04 11:45:56,723 | INFO  | DNAudit | user=null | ip=null | op=PUT_BLOCK {blockData=[blockId=conID: 1 locID: 102734073356485021 bcsId: 0,size=2097152]} | ret=SUCCESS |  
2019-09-04 11:45:56,723 | INFO  | DNAudit | user=null | ip=null | op=WRITE_CHUNK {blockData=conID: 1 locID: 102734073356485021 bcsId: 0} | ret=SUCCESS |  
2019-09-04 11:45:56,723 | INFO  | DNAudit | user=null | ip=null | op=PUT_BLOCK {blockData=[blockId=conID: 1 locID: 102734073356485021 bcsId: 0,size=2097152]} | ret=SUCCESS |  
2019-09-04 11:45:56,724 [grpc-default-executor-6] INFO  client.GrpcClientProtocolClient (GrpcClientProtocolClient.java:onNext(255)) - client-D5CE890D7D9E->efcb8ff8-f060-4d95-9215-d0f5eb4af037: receive RaftClientReply:client-D5CE890D7D9E->efcb8ff8-f060-4d95-9215-d0f5eb4af037@group-0959F8DF43ED, cid=701, SUCCESS, logIndex=0, commits[efcb8ff8-f060-4d95-9215-d0f5eb4af037:c885, 6fae8b02-e804-4c0e-b729-a97b7404b7f6:c880, 4c3e8a66-6975-4917-8225-d3efe707aaff:c882]
2019-09-04 11:45:56,733 | INFO  | DNAudit | user=null | ip=null | op=WRITE_CHUNK {blockData=conID: 1 locID: 102734073356485021 bcsId: 882} | ret=SUCCESS |  
2019-09-04 11:45:56,736 | INFO  | DNAudit | user=null | ip=null | op=WRITE_CHUNK {blockData=conID: 1 locID: 102734073356485021 bcsId: 882} | ret=SUCCESS |  
2019-09-04 11:45:56,736 | INFO  | DNAudit | user=null | ip=null | op=WRITE_CHUNK {blockData=conID: 1 locID: 102734073356485021 bcsId: 882} | ret=SUCCESS |  
2019-09-04 11:45:56,739 | INFO  | DNAudit | user=null | ip=null | op=WRITE_CHUNK {blockData=conID: 1 locID: 102734073356485021 bcsId: 882} | ret=SUCCESS |  
2019-09-04 11:45:56,740 | INFO  | DNAudit | user=null | ip=null | op=PUT_BLOCK {blockData=[blockId=conID: 1 locID: 102734073356485021 bcsId: 0,size=3145728]} | ret=SUCCESS |  
2019-09-04 11:45:56,740 [grpc-default-executor-1] INFO  client.GrpcClientProtocolClient (GrpcClientProtocolClient.java:onNext(255)) - client-D5CE890D7D9E->efcb8ff8-f060-4d95-9215-d0f5eb4af037: receive RaftClientReply:client-D5CE890D7D9E->efcb8ff8-f060-4d95-9215-d0f5eb4af037@group-0959F8DF43ED, cid=702, SUCCESS, logIndex=887, commits[efcb8ff8-f060-4d95-9215-d0f5eb4af037:c888, 6fae8b02-e804-4c0e-b729-a97b7404b7f6:c886, 4c3e8a66-6975-4917-8225-d3efe707aaff:c886]
2019-09-04 11:45:56,740 [grpc-default-executor-1] INFO  client.GrpcClientProtocolClient (GrpcClientProtocolClient.java:onNext(255)) - client-D5CE890D7D9E->efcb8ff8-f060-4d95-9215-d0f5eb4af037: receive RaftClientReply:client-D5CE890D7D9E->efcb8ff8-f060-4d95-9215-d0f5eb4af037@group-0959F8DF43ED, cid=703, SUCCESS, logIndex=888, commits[efcb8ff8-f060-4d95-9215-d0f5eb4af037:c888, 6fae8b02-e804-4c0e-b729-a97b7404b7f6:c886, 4c3e8a66-6975-4917-8225-d3efe707aaff:c886]
2019-09-04 11:45:56,750 | INFO  | DNAudit | user=null | ip=null | op=WRITE_CHUNK {blockData=conID: 1 locID: 102734073356485021 bcsId: 888} | ret=SUCCESS |  
2019-09-04 11:45:56,755 | INFO  | DNAudit | user=null | ip=null | op=WRITE_CHUNK {blockData=conID: 1 locID: 102734073356485021 bcsId: 888} | ret=SUCCESS |  
2019-09-04 11:45:56,755 | INFO  | DNAudit | user=null | ip=null | op=WRITE_CHUNK {blockData=conID: 1 locID: 102734073356485021 bcsId: 888} | ret=SUCCESS |  
2019-09-04 11:45:56,758 | INFO  | DNAudit | user=null | ip=null | op=WRITE_CHUNK {blockData=conID: 1 locID: 102734073356485021 bcsId: 882} | ret=SUCCESS |  
2019-09-04 11:45:56,758 | INFO  | DNAudit | user=null | ip=null | op=WRITE_CHUNK {blockData=conID: 1 locID: 102734073356485021 bcsId: 882} | ret=SUCCESS |  
2019-09-04 11:45:56,758 | INFO  | DNAudit | user=null | ip=null | op=PUT_BLOCK {blockData=[blockId=conID: 1 locID: 102734073356485021 bcsId: 0,size=3145728]} | ret=SUCCESS |  
2019-09-04 11:45:56,758 | INFO  | DNAudit | user=null | ip=null | op=PUT_BLOCK {blockData=[blockId=conID: 1 locID: 102734073356485021 bcsId: 0,size=3145728]} | ret=SUCCESS |  
2019-09-04 11:45:56,776 | INFO  | DNAudit | user=null | ip=null | op=WRITE_CHUNK {blockData=conID: 1 locID: 102734073356485021 bcsId: 888} | ret=SUCCESS |  
2019-09-04 11:45:56,776 | INFO  | DNAudit | user=null | ip=null | op=PUT_BLOCK {blockData=[blockId=conID: 1 locID: 102734073356485021 bcsId: 0,size=4194304]} | ret=SUCCESS |  
2019-09-04 11:45:56,777 [grpc-default-executor-6] INFO  client.GrpcClientProtocolClient (GrpcClientProtocolClient.java:onNext(255)) - client-D5CE890D7D9E->efcb8ff8-f060-4d95-9215-d0f5eb4af037: receive RaftClientReply:client-D5CE890D7D9E->efcb8ff8-f060-4d95-9215-d0f5eb4af037@group-0959F8DF43ED, cid=704, SUCCESS, logIndex=891, commits[efcb8ff8-f060-4d95-9215-d0f5eb4af037:c892, 6fae8b02-e804-4c0e-b729-a97b7404b7f6:c888, 4c3e8a66-6975-4917-8225-d3efe707aaff:c888]
2019-09-04 11:45:56,777 [grpc-default-executor-6] INFO  client.GrpcClientProtocolClient (GrpcClientProtocolClient.java:onNext(255)) - client-D5CE890D7D9E->efcb8ff8-f060-4d95-9215-d0f5eb4af037: receive RaftClientReply:client-D5CE890D7D9E->efcb8ff8-f060-4d95-9215-d0f5eb4af037@group-0959F8DF43ED, cid=705, SUCCESS, logIndex=892, commits[efcb8ff8-f060-4d95-9215-d0f5eb4af037:c892, 6fae8b02-e804-4c0e-b729-a97b7404b7f6:c888, 4c3e8a66-6975-4917-8225-d3efe707aaff:c888]
2019-09-04 11:45:56,781 | INFO  | DNAudit | user=null | ip=null | op=WRITE_CHUNK {blockData=conID: 1 locID: 102734073356485021 bcsId: 888} | ret=SUCCESS |  
2019-09-04 11:45:56,781 | INFO  | DNAudit | user=null | ip=null | op=WRITE_CHUNK {blockData=conID: 1 locID: 102734073356485021 bcsId: 888} | ret=SUCCESS |  
2019-09-04 11:45:56,782 | INFO  | DNAudit | user=null | ip=null | op=PUT_BLOCK {blockData=[blockId=conID: 1 locID: 102734073356485021 bcsId: 0,size=4194304]} | ret=SUCCESS |  
2019-09-04 11:45:56,782 | INFO  | DNAudit | user=null | ip=null | op=PUT_BLOCK {blockData=[blockId=conID: 1 locID: 102734073356485021 bcsId: 0,size=4194304]} | ret=SUCCESS |  
2019-09-04 11:45:56,783 [grpc-default-executor-6] INFO  client.GrpcClientProtocolClient (GrpcClientProtocolClient.java:onNext(255)) - client-D5CE890D7D9E->efcb8ff8-f060-4d95-9215-d0f5eb4af037: receive RaftClientReply:client-D5CE890D7D9E->efcb8ff8-f060-4d95-9215-d0f5eb4af037@group-0959F8DF43ED, cid=706, SUCCESS, logIndex=0, commits[efcb8ff8-f060-4d95-9215-d0f5eb4af037:c894, 6fae8b02-e804-4c0e-b729-a97b7404b7f6:c892, 4c3e8a66-6975-4917-8225-d3efe707aaff:c892]
2019-09-04 11:45:56,791 | INFO  | DNAudit | user=null | ip=null | op=WRITE_CHUNK {blockData=conID: 2 locID: 102734073356485022 bcsId: 0} | ret=SUCCESS |  
2019-09-04 11:45:56,796 | INFO  | DNAudit | user=null | ip=null | op=WRITE_CHUNK {blockData=conID: 2 locID: 102734073356485022 bcsId: 0} | ret=SUCCESS |  
2019-09-04 11:45:56,796 | INFO  | DNAudit | user=null | ip=null | op=WRITE_CHUNK {blockData=conID: 2 locID: 102734073356485022 bcsId: 0} | ret=SUCCESS |  
2019-09-04 11:45:56,796 | INFO  | DNAudit | user=null | ip=null | op=WRITE_CHUNK {blockData=conID: 2 locID: 102734073356485022 bcsId: 0} | ret=SUCCESS |  
2019-09-04 11:45:56,799 | INFO  | DNAudit | user=null | ip=null | op=WRITE_CHUNK {blockData=conID: 2 locID: 102734073356485022 bcsId: 0} | ret=SUCCESS |  
2019-09-04 11:45:56,799 | INFO  | DNAudit | user=null | ip=null | op=WRITE_CHUNK {blockData=conID: 2 locID: 102734073356485022 bcsId: 0} | ret=SUCCESS |  
2019-09-04 11:45:56,808 | INFO  | DNAudit | user=null | ip=null | op=WRITE_CHUNK {blockData=conID: 2 locID: 102734073356485022 bcsId: 0} | ret=SUCCESS |  
2019-09-04 11:45:56,808 | INFO  | DNAudit | user=null | ip=null | op=PUT_BLOCK {blockData=[blockId=conID: 2 locID: 102734073356485022 bcsId: 0,size=1048576]} | ret=SUCCESS |  
2019-09-04 11:45:56,808 [grpc-default-executor-1] INFO  client.GrpcClientProtocolClient (GrpcClientProtocolClient.java:onNext(255)) - client-D5CE890D7D9E->efcb8ff8-f060-4d95-9215-d0f5eb4af037: receive RaftClientReply:client-D5CE890D7D9E->efcb8ff8-f060-4d95-9215-d0f5eb4af037@group-0959F8DF43ED, cid=707, SUCCESS, logIndex=895, commits[efcb8ff8-f060-4d95-9215-d0f5eb4af037:c896, 6fae8b02-e804-4c0e-b729-a97b7404b7f6:c894, 4c3e8a66-6975-4917-8225-d3efe707aaff:c894]
2019-09-04 11:45:56,809 [grpc-default-executor-1] INFO  client.GrpcClientProtocolClient (GrpcClientProtocolClient.java:onNext(255)) - client-D5CE890D7D9E->efcb8ff8-f060-4d95-9215-d0f5eb4af037: receive RaftClientReply:client-D5CE890D7D9E->efcb8ff8-f060-4d95-9215-d0f5eb4af037@group-0959F8DF43ED, cid=708, SUCCESS, logIndex=896, commits[efcb8ff8-f060-4d95-9215-d0f5eb4af037:c896, 6fae8b02-e804-4c0e-b729-a97b7404b7f6:c894, 4c3e8a66-6975-4917-8225-d3efe707aaff:c894]
2019-09-04 11:45:56,827 | INFO  | DNAudit | user=null | ip=null | op=WRITE_CHUNK {blockData=conID: 2 locID: 102734073356485022 bcsId: 0} | ret=SUCCESS |  
2019-09-04 11:45:56,827 | INFO  | DNAudit | user=null | ip=null | op=WRITE_CHUNK {blockData=conID: 2 locID: 102734073356485022 bcsId: 0} | ret=SUCCESS |  
2019-09-04 11:45:56,828 | INFO  | DNAudit | user=null | ip=null | op=PUT_BLOCK {blockData=[blockId=conID: 2 locID: 102734073356485022 bcsId: 0,size=2097152]} | ret=SUCCESS |  
2019-09-04 11:45:56,828 | INFO  | DNAudit | user=null | ip=null | op=PUT_BLOCK {blockData=[blockId=conID: 2 locID: 102734073356485022 bcsId: 0,size=1048576]} | ret=SUCCESS |  
2019-09-04 11:45:56,828 [grpc-default-executor-0] INFO  client.GrpcClientProtocolClient (GrpcClientProtocolClient.java:onNext(255)) - client-D5CE890D7D9E->efcb8ff8-f060-4d95-9215-d0f5eb4af037: receive RaftClientReply:client-D5CE890D7D9E->efcb8ff8-f060-4d95-9215-d0f5eb4af037@group-0959F8DF43ED, cid=709, SUCCESS, logIndex=897, commits[efcb8ff8-f060-4d95-9215-d0f5eb4af037:c898, 6fae8b02-e804-4c0e-b729-a97b7404b7f6:c894, 4c3e8a66-6975-4917-8225-d3efe707aaff:c894]
2019-09-04 11:45:56,829 | INFO  | DNAudit | user=null | ip=null | op=WRITE_CHUNK {blockData=conID: 2 locID: 102734073356485022 bcsId: 0} | ret=SUCCESS |  
2019-09-04 11:45:56,829 [grpc-default-executor-0] INFO  client.GrpcClientProtocolClient (GrpcClientProtocolClient.java:onNext(255)) - client-D5CE890D7D9E->efcb8ff8-f060-4d95-9215-d0f5eb4af037: receive RaftClientReply:client-D5CE890D7D9E->efcb8ff8-f060-4d95-9215-d0f5eb4af037@group-0959F8DF43ED, cid=710, SUCCESS, logIndex=898, commits[efcb8ff8-f060-4d95-9215-d0f5eb4af037:c900, 6fae8b02-e804-4c0e-b729-a97b7404b7f6:c896, 4c3e8a66-6975-4917-8225-d3efe707aaff:c894]
2019-09-04 11:45:56,829 | INFO  | DNAudit | user=null | ip=null | op=PUT_BLOCK {blockData=[blockId=conID: 2 locID: 102734073356485022 bcsId: 0,size=1048576]} | ret=SUCCESS |  
2019-09-04 11:45:56,830 [grpc-default-executor-0] INFO  client.GrpcClientProtocolClient (GrpcClientProtocolClient.java:onNext(255)) - client-D5CE890D7D9E->efcb8ff8-f060-4d95-9215-d0f5eb4af037: receive RaftClientReply:client-D5CE890D7D9E->efcb8ff8-f060-4d95-9215-d0f5eb4af037@group-0959F8DF43ED, cid=711, SUCCESS, logIndex=0, commits[efcb8ff8-f060-4d95-9215-d0f5eb4af037:c900, 6fae8b02-e804-4c0e-b729-a97b7404b7f6:c896, 4c3e8a66-6975-4917-8225-d3efe707aaff:c896]
2019-09-04 11:45:56,839 | INFO  | DNAudit | user=null | ip=null | op=WRITE_CHUNK {blockData=conID: 2 locID: 102734073356485022 bcsId: 898} | ret=SUCCESS |  
2019-09-04 11:45:56,842 | INFO  | DNAudit | user=null | ip=null | op=WRITE_CHUNK {blockData=conID: 2 locID: 102734073356485022 bcsId: 898} | ret=SUCCESS |  
2019-09-04 11:45:56,842 | INFO  | DNAudit | user=null | ip=null | op=WRITE_CHUNK {blockData=conID: 2 locID: 102734073356485022 bcsId: 898} | ret=SUCCESS |  
2019-09-04 11:45:56,849 | INFO  | DNAudit | user=null | ip=null | op=WRITE_CHUNK {blockData=conID: 2 locID: 102734073356485022 bcsId: 0} | ret=SUCCESS |  
2019-09-04 11:45:56,849 | INFO  | DNAudit | user=null | ip=null | op=PUT_BLOCK {blockData=[blockId=conID: 2 locID: 102734073356485022 bcsId: 0,size=2097152]} | ret=SUCCESS |  
2019-09-04 11:45:56,849 | INFO  | DNAudit | user=null | ip=null | op=WRITE_CHUNK {blockData=conID: 2 locID: 102734073356485022 bcsId: 0} | ret=SUCCESS |  
2019-09-04 11:45:56,850 | INFO  | DNAudit | user=null | ip=null | op=PUT_BLOCK {blockData=[blockId=conID: 2 locID: 102734073356485022 bcsId: 0,size=2097152]} | ret=SUCCESS |  
2019-09-04 11:45:56,851 | INFO  | DNAudit | user=null | ip=null | op=WRITE_CHUNK {blockData=conID: 2 locID: 102734073356485022 bcsId: 898} | ret=SUCCESS |  
2019-09-04 11:45:56,851 | INFO  | DNAudit | user=null | ip=null | op=PUT_BLOCK {blockData=[blockId=conID: 2 locID: 102734073356485022 bcsId: 0,size=3145728]} | ret=SUCCESS |  
2019-09-04 11:45:56,852 [grpc-default-executor-6] INFO  client.GrpcClientProtocolClient (GrpcClientProtocolClient.java:onNext(255)) - client-D5CE890D7D9E->efcb8ff8-f060-4d95-9215-d0f5eb4af037: receive RaftClientReply:client-D5CE890D7D9E->efcb8ff8-f060-4d95-9215-d0f5eb4af037@group-0959F8DF43ED, cid=712, SUCCESS, logIndex=903, commits[efcb8ff8-f060-4d95-9215-d0f5eb4af037:c904, 6fae8b02-e804-4c0e-b729-a97b7404b7f6:c900, 4c3e8a66-6975-4917-8225-d3efe707aaff:c898]
 0.00% |█                                                                                                    |  0/1 Time: 0:00:022019-09-04 11:45:56,852 [grpc-default-executor-6] INFO  client.GrpcClientProtocolClient (GrpcClientProtocolClient.java:onNext(255)) - client-D5CE890D7D9E->efcb8ff8-f060-4d95-9215-d0f5eb4af037: receive RaftClientReply:client-D5CE890D7D9E->efcb8ff8-f060-4d95-9215-d0f5eb4af037@group-0959F8DF43ED, cid=713, SUCCESS, logIndex=904, commits[efcb8ff8-f060-4d95-9215-d0f5eb4af037:c904, 6fae8b02-e804-4c0e-b729-a97b7404b7f6:c900, 4c3e8a66-6975-4917-8225-d3efe707aaff:c900]
2019-09-04 11:45:56,861 | INFO  | DNAudit | user=null | ip=null | op=WRITE_CHUNK {blockData=conID: 2 locID: 102734073356485022 bcsId: 904} | ret=SUCCESS |  
2019-09-04 11:45:56,864 | INFO  | DNAudit | user=null | ip=null | op=WRITE_CHUNK {blockData=conID: 2 locID: 102734073356485022 bcsId: 904} | ret=SUCCESS |  
2019-09-04 11:45:56,864 | INFO  | DNAudit | user=null | ip=null | op=WRITE_CHUNK {blockData=conID: 2 locID: 102734073356485022 bcsId: 904} | ret=SUCCESS |  
2019-09-04 11:45:56,868 | INFO  | DNAudit | user=null | ip=null | op=WRITE_CHUNK {blockData=conID: 2 locID: 102734073356485022 bcsId: 898} | ret=SUCCESS |  
2019-09-04 11:45:56,869 | INFO  | DNAudit | user=null | ip=null | op=WRITE_CHUNK {blockData=conID: 2 locID: 102734073356485022 bcsId: 898} | ret=SUCCESS |  
2019-09-04 11:45:56,869 | INFO  | DNAudit | user=null | ip=null | op=PUT_BLOCK {blockData=[blockId=conID: 2 locID: 102734073356485022 bcsId: 0,size=3145728]} | ret=SUCCESS |  
2019-09-04 11:45:56,869 | INFO  | DNAudit | user=null | ip=null | op=PUT_BLOCK {blockData=[blockId=conID: 2 locID: 102734073356485022 bcsId: 0,size=3145728]} | ret=SUCCESS |  
2019-09-04 11:45:56,870 | INFO  | DNAudit | user=null | ip=null | op=WRITE_CHUNK {blockData=conID: 2 locID: 102734073356485022 bcsId: 904} | ret=SUCCESS |  
2019-09-04 11:45:56,870 | INFO  | DNAudit | user=null | ip=null | op=PUT_BLOCK {blockData=[blockId=conID: 2 locID: 102734073356485022 bcsId: 0,size=4194304]} | ret=SUCCESS |  
2019-09-04 11:45:56,871 [grpc-default-executor-1] INFO  client.GrpcClientProtocolClient (GrpcClientProtocolClient.java:onNext(255)) - client-D5CE890D7D9E->efcb8ff8-f060-4d95-9215-d0f5eb4af037: receive RaftClientReply:client-D5CE890D7D9E->efcb8ff8-f060-4d95-9215-d0f5eb4af037@group-0959F8DF43ED, cid=714, SUCCESS, logIndex=906, commits[efcb8ff8-f060-4d95-9215-d0f5eb4af037:c907, 6fae8b02-e804-4c0e-b729-a97b7404b7f6:c904, 4c3e8a66-6975-4917-8225-d3efe707aaff:c904]
2019-09-04 11:45:56,871 [grpc-default-executor-1] INFO  client.GrpcClientProtocolClient (GrpcClientProtocolClient.java:onNext(255)) - client-D5CE890D7D9E->efcb8ff8-f060-4d95-9215-d0f5eb4af037: receive RaftClientReply:client-D5CE890D7D9E->efcb8ff8-f060-4d95-9215-d0f5eb4af037@group-0959F8DF43ED, cid=715, SUCCESS, logIndex=907, commits[efcb8ff8-f060-4d95-9215-d0f5eb4af037:c907, 6fae8b02-e804-4c0e-b729-a97b7404b7f6:c904, 4c3e8a66-6975-4917-8225-d3efe707aaff:c904]
2019-09-04 11:45:56,889 | INFO  | DNAudit | user=null | ip=null | op=WRITE_CHUNK {blockData=conID: 2 locID: 102734073356485022 bcsId: 904} | ret=SUCCESS |  
2019-09-04 11:45:56,889 | INFO  | DNAudit | user=null | ip=null | op=WRITE_CHUNK {blockData=conID: 2 locID: 102734073356485022 bcsId: 904} | ret=SUCCESS |  
2019-09-04 11:45:56,889 | INFO  | DNAudit | user=null | ip=null | op=PUT_BLOCK {blockData=[blockId=conID: 2 locID: 102734073356485022 bcsId: 0,size=4194304]} | ret=SUCCESS |  
2019-09-04 11:45:56,889 | INFO  | DNAudit | user=null | ip=null | op=PUT_BLOCK {blockData=[blockId=conID: 2 locID: 102734073356485022 bcsId: 0,size=4194304]} | ret=SUCCESS |  
2019-09-04 11:45:56,889 [grpc-default-executor-0] INFO  client.GrpcClientProtocolClient (GrpcClientProtocolClient.java:onNext(255)) - client-D5CE890D7D9E->efcb8ff8-f060-4d95-9215-d0f5eb4af037: receive RaftClientReply:client-D5CE890D7D9E->efcb8ff8-f060-4d95-9215-d0f5eb4af037@group-0959F8DF43ED, cid=716, SUCCESS, logIndex=0, commits[efcb8ff8-f060-4d95-9215-d0f5eb4af037:c908, 6fae8b02-e804-4c0e-b729-a97b7404b7f6:c907, 4c3e8a66-6975-4917-8225-d3efe707aaff:c907]
2019-09-04 11:45:56,898 | INFO  | DNAudit | user=null | ip=null | op=WRITE_CHUNK {blockData=conID: 3 locID: 102734073356485023 bcsId: 0} | ret=SUCCESS |  
2019-09-04 11:45:56,900 | INFO  | DNAudit | user=null | ip=null | op=WRITE_CHUNK {blockData=conID: 3 locID: 102734073356485023 bcsId: 0} | ret=SUCCESS |  
2019-09-04 11:45:57,085 | INFO  | DNAudit | user=null | ip=null | op=WRITE_CHUNK {blockData=conID: 3 locID: 102734073356485023 bcsId: 0} | ret=SUCCESS |  
2019-09-04 11:45:57,085 | INFO  | SCMAudit | user=jenkins1000 | ip=192.168.36.67 | op=SEND_HEARTBEAT {datanodeUUID=b68b188c-7f38-42ae-8403-46a39acd0731, command=[]} | ret=SUCCESS |  
2019-09-04 11:45:57,085 | INFO  | DNAudit | user=null | ip=null | op=WRITE_CHUNK {blockData=conID: 3 locID: 102734073356485023 bcsId: 0} | ret=SUCCESS |  
2019-09-04 11:45:57,087 | INFO  | DNAudit | user=null | ip=null | op=WRITE_CHUNK {blockData=conID: 3 locID: 102734073356485023 bcsId: 0} | ret=SUCCESS |  
2019-09-04 11:45:57,088 | INFO  | DNAudit | user=null | ip=null | op=WRITE_CHUNK {blockData=conID: 3 locID: 102734073356485023 bcsId: 0} | ret=SUCCESS |  
2019-09-04 11:45:57,091 | INFO  | DNAudit | user=null | ip=null | op=WRITE_CHUNK {blockData=conID: 3 locID: 102734073356485023 bcsId: 0} | ret=SUCCESS |  
2019-09-04 11:45:57,092 | INFO  | DNAudit | user=null | ip=null | op=PUT_BLOCK {blockData=[blockId=conID: 3 locID: 102734073356485023 bcsId: 0,size=1048576]} | ret=SUCCESS |  
2019-09-04 11:45:57,092 | INFO  | DNAudit | user=null | ip=null | op=WRITE_CHUNK {blockData=conID: 3 locID: 102734073356485023 bcsId: 0} | ret=SUCCESS |  
2019-09-04 11:45:57,092 [grpc-default-executor-0] INFO  client.GrpcClientProtocolClient (GrpcClientProtocolClient.java:onNext(255)) - client-D5CE890D7D9E->efcb8ff8-f060-4d95-9215-d0f5eb4af037: receive RaftClientReply:client-D5CE890D7D9E->efcb8ff8-f060-4d95-9215-d0f5eb4af037@group-0959F8DF43ED, cid=717, SUCCESS, logIndex=910, commits[efcb8ff8-f060-4d95-9215-d0f5eb4af037:c913, 6fae8b02-e804-4c0e-b729-a97b7404b7f6:c909, 4c3e8a66-6975-4917-8225-d3efe707aaff:c909]
2019-09-04 11:45:57,093 | INFO  | DNAudit | user=null | ip=null | op=PUT_BLOCK {blockData=[blockId=conID: 3 locID: 102734073356485023 bcsId: 0,size=2097152]} | ret=SUCCESS |  
2019-09-04 11:45:57,093 [grpc-default-executor-0] INFO  client.GrpcClientProtocolClient (GrpcClientProtocolClient.java:onNext(255)) - client-D5CE890D7D9E->efcb8ff8-f060-4d95-9215-d0f5eb4af037: receive RaftClientReply:client-D5CE890D7D9E->efcb8ff8-f060-4d95-9215-d0f5eb4af037@group-0959F8DF43ED, cid=718, SUCCESS, logIndex=911, commits[efcb8ff8-f060-4d95-9215-d0f5eb4af037:c913, 6fae8b02-e804-4c0e-b729-a97b7404b7f6:c909, 4c3e8a66-6975-4917-8225-d3efe707aaff:c909]
2019-09-04 11:45:57,094 [grpc-default-executor-0] INFO  client.GrpcClientProtocolClient (GrpcClientProtocolClient.java:onNext(255)) - client-D5CE890D7D9E->efcb8ff8-f060-4d95-9215-d0f5eb4af037: receive RaftClientReply:client-D5CE890D7D9E->efcb8ff8-f060-4d95-9215-d0f5eb4af037@group-0959F8DF43ED, cid=719, SUCCESS, logIndex=912, commits[efcb8ff8-f060-4d95-9215-d0f5eb4af037:c913, 6fae8b02-e804-4c0e-b729-a97b7404b7f6:c909, 4c3e8a66-6975-4917-8225-d3efe707aaff:c909]
2019-09-04 11:45:57,094 [grpc-default-executor-0] INFO  client.GrpcClientProtocolClient (GrpcClientProtocolClient.java:onNext(255)) - client-D5CE890D7D9E->efcb8ff8-f060-4d95-9215-d0f5eb4af037: receive RaftClientReply:client-D5CE890D7D9E->efcb8ff8-f060-4d95-9215-d0f5eb4af037@group-0959F8DF43ED, cid=720, SUCCESS, logIndex=913, commits[efcb8ff8-f060-4d95-9215-d0f5eb4af037:c913, 6fae8b02-e804-4c0e-b729-a97b7404b7f6:c909, 4c3e8a66-6975-4917-8225-d3efe707aaff:c909]
2019-09-04 11:45:57,110 | INFO  | DNAudit | user=null | ip=null | op=WRITE_CHUNK {blockData=conID: 3 locID: 102734073356485023 bcsId: 0} | ret=SUCCESS |  
2019-09-04 11:45:57,110 | INFO  | DNAudit | user=null | ip=null | op=WRITE_CHUNK {blockData=conID: 3 locID: 102734073356485023 bcsId: 0} | ret=SUCCESS |  
2019-09-04 11:45:57,111 | INFO  | DNAudit | user=null | ip=null | op=PUT_BLOCK {blockData=[blockId=conID: 3 locID: 102734073356485023 bcsId: 0,size=1048576]} | ret=SUCCESS |  
2019-09-04 11:45:57,111 | INFO  | DNAudit | user=null | ip=null | op=WRITE_CHUNK {blockData=conID: 3 locID: 102734073356485023 bcsId: 0} | ret=SUCCESS |  
2019-09-04 11:45:57,111 | INFO  | DNAudit | user=null | ip=null | op=PUT_BLOCK {blockData=[blockId=conID: 3 locID: 102734073356485023 bcsId: 0,size=1048576]} | ret=SUCCESS |  
2019-09-04 11:45:57,111 | INFO  | DNAudit | user=null | ip=null | op=PUT_BLOCK {blockData=[blockId=conID: 3 locID: 102734073356485023 bcsId: 0,size=2097152]} | ret=SUCCESS |  
2019-09-04 11:45:57,111 | INFO  | DNAudit | user=null | ip=null | op=WRITE_CHUNK {blockData=conID: 3 locID: 102734073356485023 bcsId: 0} | ret=SUCCESS |  
2019-09-04 11:45:57,112 | INFO  | DNAudit | user=null | ip=null | op=PUT_BLOCK {blockData=[blockId=conID: 3 locID: 102734073356485023 bcsId: 0,size=2097152]} | ret=SUCCESS |  
2019-09-04 11:45:57,112 [grpc-default-executor-0] INFO  client.GrpcClientProtocolClient (GrpcClientProtocolClient.java:onNext(255)) - client-D5CE890D7D9E->efcb8ff8-f060-4d95-9215-d0f5eb4af037: receive RaftClientReply:client-D5CE890D7D9E->efcb8ff8-f060-4d95-9215-d0f5eb4af037@group-0959F8DF43ED, cid=721, SUCCESS, logIndex=0, commits[efcb8ff8-f060-4d95-9215-d0f5eb4af037:c914, 6fae8b02-e804-4c0e-b729-a97b7404b7f6:c911, 4c3e8a66-6975-4917-8225-d3efe707aaff:c911]
2019-09-04 11:45:57,122 | INFO  | DNAudit | user=null | ip=null | op=WRITE_CHUNK {blockData=conID: 3 locID: 102734073356485023 bcsId: 913} | ret=SUCCESS |  
2019-09-04 11:45:57,126 | INFO  | DNAudit | user=null | ip=null | op=WRITE_CHUNK {blockData=conID: 3 locID: 102734073356485023 bcsId: 913} | ret=SUCCESS |  
2019-09-04 11:45:57,126 | INFO  | DNAudit | user=null | ip=null | op=WRITE_CHUNK {blockData=conID: 3 locID: 102734073356485023 bcsId: 913} | ret=SUCCESS |  
2019-09-04 11:45:57,145 | INFO  | DNAudit | user=null | ip=null | op=WRITE_CHUNK {blockData=conID: 3 locID: 102734073356485023 bcsId: 913} | ret=SUCCESS |  
2019-09-04 11:45:57,145 | INFO  | DNAudit | user=null | ip=null | op=PUT_BLOCK {blockData=[blockId=conID: 3 locID: 102734073356485023 bcsId: 0,size=3145728]} | ret=SUCCESS |  
2019-09-04 11:45:57,146 [grpc-default-executor-0] INFO  client.GrpcClientProtocolClient (GrpcClientProtocolClient.java:onNext(255)) - client-D5CE890D7D9E->efcb8ff8-f060-4d95-9215-d0f5eb4af037: receive RaftClientReply:client-D5CE890D7D9E->efcb8ff8-f060-4d95-9215-d0f5eb4af037@group-0959F8DF43ED, cid=722, SUCCESS, logIndex=917, commits[efcb8ff8-f060-4d95-9215-d0f5eb4af037:c918, 6fae8b02-e804-4c0e-b729-a97b7404b7f6:c916, 4c3e8a66-6975-4917-8225-d3efe707aaff:c916]
2019-09-04 11:45:57,146 [grpc-default-executor-0] INFO  client.GrpcClientProtocolClient (GrpcClientProtocolClient.java:onNext(255)) - client-D5CE890D7D9E->efcb8ff8-f060-4d95-9215-d0f5eb4af037: receive RaftClientReply:client-D5CE890D7D9E->efcb8ff8-f060-4d95-9215-d0f5eb4af037@group-0959F8DF43ED, cid=723, SUCCESS, logIndex=918, commits[efcb8ff8-f060-4d95-9215-d0f5eb4af037:c918, 6fae8b02-e804-4c0e-b729-a97b7404b7f6:c916, 4c3e8a66-6975-4917-8225-d3efe707aaff:c916]
2019-09-04 11:45:57,154 | INFO  | DNAudit | user=null | ip=null | op=WRITE_CHUNK {blockData=conID: 3 locID: 102734073356485023 bcsId: 918} | ret=SUCCESS |  
2019-09-04 11:45:57,159 | INFO  | DNAudit | user=null | ip=null | op=WRITE_CHUNK {blockData=conID: 3 locID: 102734073356485023 bcsId: 918} | ret=SUCCESS |  
2019-09-04 11:45:57,159 | INFO  | DNAudit | user=null | ip=null | op=WRITE_CHUNK {blockData=conID: 3 locID: 102734073356485023 bcsId: 918} | ret=SUCCESS |  
2019-09-04 11:45:57,162 | INFO  | DNAudit | user=null | ip=null | op=WRITE_CHUNK {blockData=conID: 3 locID: 102734073356485023 bcsId: 913} | ret=SUCCESS |  
2019-09-04 11:45:57,162 | INFO  | DNAudit | user=null | ip=null | op=WRITE_CHUNK {blockData=conID: 3 locID: 102734073356485023 bcsId: 913} | ret=SUCCESS |  
2019-09-04 11:45:57,162 | INFO  | DNAudit | user=null | ip=null | op=PUT_BLOCK {blockData=[blockId=conID: 3 locID: 102734073356485023 bcsId: 0,size=3145728]} | ret=SUCCESS |  
2019-09-04 11:45:57,162 | INFO  | DNAudit | user=null | ip=null | op=PUT_BLOCK {blockData=[blockId=conID: 3 locID: 102734073356485023 bcsId: 0,size=3145728]} | ret=SUCCESS |  
2019-09-04 11:45:57,164 | INFO  | DNAudit | user=null | ip=null | op=WRITE_CHUNK {blockData=conID: 3 locID: 102734073356485023 bcsId: 918} | ret=SUCCESS |  
2019-09-04 11:45:57,164 | INFO  | DNAudit | user=null | ip=null | op=PUT_BLOCK {blockData=[blockId=conID: 3 locID: 102734073356485023 bcsId: 0,size=4194304]} | ret=SUCCESS |  
2019-09-04 11:45:57,165 [grpc-default-executor-0] INFO  client.GrpcClientProtocolClient (GrpcClientProtocolClient.java:onNext(255)) - client-D5CE890D7D9E->efcb8ff8-f060-4d95-9215-d0f5eb4af037: receive RaftClientReply:client-D5CE890D7D9E->efcb8ff8-f060-4d95-9215-d0f5eb4af037@group-0959F8DF43ED, cid=724, SUCCESS, logIndex=921, commits[efcb8ff8-f060-4d95-9215-d0f5eb4af037:c922, 6fae8b02-e804-4c0e-b729-a97b7404b7f6:c918, 4c3e8a66-6975-4917-8225-d3efe707aaff:c918]
2019-09-04 11:45:57,165 [grpc-default-executor-0] INFO  client.GrpcClientProtocolClient (GrpcClientProtocolClient.java:onNext(255)) - client-D5CE890D7D9E->efcb8ff8-f060-4d95-9215-d0f5eb4af037: receive RaftClientReply:client-D5CE890D7D9E->efcb8ff8-f060-4d95-9215-d0f5eb4af037@group-0959F8DF43ED, cid=725, SUCCESS, logIndex=922, commits[efcb8ff8-f060-4d95-9215-d0f5eb4af037:c922, 6fae8b02-e804-4c0e-b729-a97b7404b7f6:c918, 4c3e8a66-6975-4917-8225-d3efe707aaff:c918]
2019-09-04 11:45:57,182 | INFO  | DNAudit | user=null | ip=null | op=WRITE_CHUNK {blockData=conID: 3 locID: 102734073356485023 bcsId: 918} | ret=SUCCESS |  
2019-09-04 11:45:57,182 | INFO  | DNAudit | user=null | ip=null | op=WRITE_CHUNK {blockData=conID: 3 locID: 102734073356485023 bcsId: 918} | ret=SUCCESS |  
2019-09-04 11:45:57,182 | INFO  | DNAudit | user=null | ip=null | op=PUT_BLOCK {blockData=[blockId=conID: 3 locID: 102734073356485023 bcsId: 0,size=4194304]} | ret=SUCCESS |  
2019-09-04 11:45:57,182 | INFO  | DNAudit | user=null | ip=null | op=PUT_BLOCK {blockData=[blockId=conID: 3 locID: 102734073356485023 bcsId: 0,size=4194304]} | ret=SUCCESS |  
2019-09-04 11:45:57,183 [grpc-default-executor-1] INFO  client.GrpcClientProtocolClient (GrpcClientProtocolClient.java:onNext(255)) - client-D5CE890D7D9E->efcb8ff8-f060-4d95-9215-d0f5eb4af037: receive RaftClientReply:client-D5CE890D7D9E->efcb8ff8-f060-4d95-9215-d0f5eb4af037@group-0959F8DF43ED, cid=726, SUCCESS, logIndex=0, commits[efcb8ff8-f060-4d95-9215-d0f5eb4af037:c923, 6fae8b02-e804-4c0e-b729-a97b7404b7f6:c922, 4c3e8a66-6975-4917-8225-d3efe707aaff:c922]
2019-09-04 11:45:57,194 | INFO  | DNAudit | user=null | ip=null | op=WRITE_CHUNK {blockData=conID: 1 locID: 102734073356485024 bcsId: 0} | ret=SUCCESS |  
2019-09-04 11:45:57,197 | INFO  | DNAudit | user=null | ip=null | op=WRITE_CHUNK {blockData=conID: 1 locID: 102734073356485024 bcsId: 0} | ret=SUCCESS |  
2019-09-04 11:45:57,197 | INFO  | DNAudit | user=null | ip=null | op=WRITE_CHUNK {blockData=conID: 1 locID: 102734073356485024 bcsId: 0} | ret=SUCCESS |  
2019-09-04 11:45:57,198 | INFO  | DNAudit | user=null | ip=null | op=WRITE_CHUNK {blockData=conID: 1 locID: 102734073356485024 bcsId: 0} | ret=SUCCESS |  
2019-09-04 11:45:57,199 | INFO  | DNAudit | user=null | ip=null | op=WRITE_CHUNK {blockData=conID: 1 locID: 102734073356485024 bcsId: 0} | ret=SUCCESS |  
2019-09-04 11:45:57,204 | INFO  | DNAudit | user=null | ip=null | op=WRITE_CHUNK {blockData=conID: 1 locID: 102734073356485024 bcsId: 0} | ret=SUCCESS |  
2019-09-04 11:45:57,219 | INFO  | DNAudit | user=null | ip=null | op=WRITE_CHUNK {blockData=conID: 1 locID: 102734073356485024 bcsId: 0} | ret=SUCCESS |  
2019-09-04 11:45:57,225 [grpc-default-executor-4] INFO  client.GrpcClientProtocolClient (GrpcClientProtocolClient.java:onNext(255)) - client-D5CE890D7D9E->efcb8ff8-f060-4d95-9215-d0f5eb4af037: receive RaftClientReply:client-D5CE890D7D9E->efcb8ff8-f060-4d95-9215-d0f5eb4af037@group-0959F8DF43ED, cid=727, SUCCESS, logIndex=925, commits[efcb8ff8-f060-4d95-9215-d0f5eb4af037:c925, 6fae8b02-e804-4c0e-b729-a97b7404b7f6:c922, 4c3e8a66-6975-4917-8225-d3efe707aaff:c924]
2019-09-04 11:45:57,228 | INFO  | DNAudit | user=null | ip=null | op=PUT_BLOCK {blockData=[blockId=conID: 1 locID: 102734073356485024 bcsId: 0,size=1048576]} | ret=SUCCESS |  
2019-09-04 11:45:57,232 [grpc-default-executor-0] INFO  client.GrpcClientProtocolClient (GrpcClientProtocolClient.java:onNext(255)) - client-D5CE890D7D9E->efcb8ff8-f060-4d95-9215-d0f5eb4af037: receive RaftClientReply:client-D5CE890D7D9E->efcb8ff8-f060-4d95-9215-d0f5eb4af037@group-0959F8DF43ED, cid=728, SUCCESS, logIndex=926, commits[efcb8ff8-f060-4d95-9215-d0f5eb4af037:c926, 6fae8b02-e804-4c0e-b729-a97b7404b7f6:c924, 4c3e8a66-6975-4917-8225-d3efe707aaff:c924]
2019-09-04 11:45:57,244 | INFO  | DNAudit | user=null | ip=null | op=WRITE_CHUNK {blockData=conID: 1 locID: 102734073356485024 bcsId: 0} | ret=SUCCESS |  
2019-09-04 11:45:57,245 | INFO  | DNAudit | user=null | ip=null | op=PUT_BLOCK {blockData=[blockId=conID: 1 locID: 102734073356485024 bcsId: 0,size=2097152]} | ret=SUCCESS |  
2019-09-04 11:45:57,246 [grpc-default-executor-4] INFO  client.GrpcClientProtocolClient (GrpcClientProtocolClient.java:onNext(255)) - client-D5CE890D7D9E->efcb8ff8-f060-4d95-9215-d0f5eb4af037: receive RaftClientReply:client-D5CE890D7D9E->efcb8ff8-f060-4d95-9215-d0f5eb4af037@group-0959F8DF43ED, cid=729, SUCCESS, logIndex=927, commits[efcb8ff8-f060-4d95-9215-d0f5eb4af037:c927, 6fae8b02-e804-4c0e-b729-a97b7404b7f6:c924, 4c3e8a66-6975-4917-8225-d3efe707aaff:c924]
2019-09-04 11:45:57,247 [grpc-default-executor-4] INFO  client.GrpcClientProtocolClient (GrpcClientProtocolClient.java:onNext(255)) - client-D5CE890D7D9E->efcb8ff8-f060-4d95-9215-d0f5eb4af037: receive RaftClientReply:client-D5CE890D7D9E->efcb8ff8-f060-4d95-9215-d0f5eb4af037@group-0959F8DF43ED, cid=730, SUCCESS, logIndex=928, commits[efcb8ff8-f060-4d95-9215-d0f5eb4af037:c928, 6fae8b02-e804-4c0e-b729-a97b7404b7f6:c924, 4c3e8a66-6975-4917-8225-d3efe707aaff:c924]
2019-09-04 11:45:57,261 | INFO  | DNAudit | user=null | ip=null | op=WRITE_CHUNK {blockData=conID: 1 locID: 102734073356485024 bcsId: 0} | ret=SUCCESS |  
2019-09-04 11:45:57,261 | INFO  | DNAudit | user=null | ip=null | op=WRITE_CHUNK {blockData=conID: 1 locID: 102734073356485024 bcsId: 0} | ret=SUCCESS |  
2019-09-04 11:45:57,262 | INFO  | DNAudit | user=null | ip=null | op=PUT_BLOCK {blockData=[blockId=conID: 1 locID: 102734073356485024 bcsId: 0,size=1048576]} | ret=SUCCESS |  
2019-09-04 11:45:57,262 | INFO  | DNAudit | user=null | ip=null | op=PUT_BLOCK {blockData=[blockId=conID: 1 locID: 102734073356485024 bcsId: 0,size=1048576]} | ret=SUCCESS |  
2019-09-04 11:45:57,262 [grpc-default-executor-1] INFO  client.GrpcClientProtocolClient (GrpcClientProtocolClient.java:onNext(255)) - client-D5CE890D7D9E->efcb8ff8-f060-4d95-9215-d0f5eb4af037: receive RaftClientReply:client-D5CE890D7D9E->efcb8ff8-f060-4d95-9215-d0f5eb4af037@group-0959F8DF43ED, cid=731, SUCCESS, logIndex=0, commits[efcb8ff8-f060-4d95-9215-d0f5eb4af037:c930, 6fae8b02-e804-4c0e-b729-a97b7404b7f6:c926, 4c3e8a66-6975-4917-8225-d3efe707aaff:c926]
2019-09-04 11:45:57,274 | INFO  | DNAudit | user=null | ip=null | op=WRITE_CHUNK {blockData=conID: 1 locID: 102734073356485024 bcsId: 928} | ret=SUCCESS |  
2019-09-04 11:45:57,276 | INFO  | DNAudit | user=null | ip=null | op=WRITE_CHUNK {blockData=conID: 1 locID: 102734073356485024 bcsId: 928} | ret=SUCCESS |  
2019-09-04 11:45:57,276 | INFO  | DNAudit | user=null | ip=null | op=WRITE_CHUNK {blockData=conID: 1 locID: 102734073356485024 bcsId: 928} | ret=SUCCESS |  
2019-09-04 11:45:57,277 | INFO  | DNAudit | user=null | ip=null | op=WRITE_CHUNK {blockData=conID: 1 locID: 102734073356485024 bcsId: 0} | ret=SUCCESS |  
2019-09-04 11:45:57,277 | INFO  | DNAudit | user=null | ip=null | op=PUT_BLOCK {blockData=[blockId=conID: 1 locID: 102734073356485024 bcsId: 0,size=2097152]} | ret=SUCCESS |  
2019-09-04 11:45:57,277 | INFO  | DNAudit | user=null | ip=null | op=WRITE_CHUNK {blockData=conID: 1 locID: 102734073356485024 bcsId: 0} | ret=SUCCESS |  
2019-09-04 11:45:57,278 | INFO  | DNAudit | user=null | ip=null | op=PUT_BLOCK {blockData=[blockId=conID: 1 locID: 102734073356485024 bcsId: 0,size=2097152]} | ret=SUCCESS |  
2019-09-04 11:45:57,278 | INFO  | DNAudit | user=null | ip=null | op=WRITE_CHUNK {blockData=conID: 1 locID: 102734073356485024 bcsId: 928} | ret=SUCCESS |  
2019-09-04 11:45:57,279 | INFO  | DNAudit | user=null | ip=null | op=PUT_BLOCK {blockData=[blockId=conID: 1 locID: 102734073356485024 bcsId: 0,size=3145728]} | ret=SUCCESS |  
2019-09-04 11:45:57,279 [grpc-default-executor-0] INFO  client.GrpcClientProtocolClient (GrpcClientProtocolClient.java:onNext(255)) - client-D5CE890D7D9E->efcb8ff8-f060-4d95-9215-d0f5eb4af037: receive RaftClientReply:client-D5CE890D7D9E->efcb8ff8-f060-4d95-9215-d0f5eb4af037@group-0959F8DF43ED, cid=732, SUCCESS, logIndex=933, commits[efcb8ff8-f060-4d95-9215-d0f5eb4af037:c934, 6fae8b02-e804-4c0e-b729-a97b7404b7f6:c928, 4c3e8a66-6975-4917-8225-d3efe707aaff:c930]
2019-09-04 11:45:57,279 [grpc-default-executor-0] INFO  client.GrpcClientProtocolClient (GrpcClientProtocolClient.java:onNext(255)) - client-D5CE890D7D9E->efcb8ff8-f060-4d95-9215-d0f5eb4af037: receive RaftClientReply:client-D5CE890D7D9E->efcb8ff8-f060-4d95-9215-d0f5eb4af037@group-0959F8DF43ED, cid=733, SUCCESS, logIndex=934, commits[efcb8ff8-f060-4d95-9215-d0f5eb4af037:c934, 6fae8b02-e804-4c0e-b729-a97b7404b7f6:c930, 4c3e8a66-6975-4917-8225-d3efe707aaff:c930]
2019-09-04 11:45:57,287 | INFO  | DNAudit | user=null | ip=null | op=WRITE_CHUNK {blockData=conID: 1 locID: 102734073356485024 bcsId: 934} | ret=SUCCESS |  
2019-09-04 11:45:57,289 | INFO  | DNAudit | user=null | ip=null | op=WRITE_CHUNK {blockData=conID: 1 locID: 102734073356485024 bcsId: 934} | ret=SUCCESS |  
2019-09-04 11:45:57,289 | INFO  | DNAudit | user=null | ip=null | op=WRITE_CHUNK {blockData=conID: 1 locID: 102734073356485024 bcsId: 934} | ret=SUCCESS |  
2019-09-04 11:45:57,296 | INFO  | DNAudit | user=null | ip=null | op=WRITE_CHUNK {blockData=conID: 1 locID: 102734073356485024 bcsId: 928} | ret=SUCCESS |  
2019-09-04 11:45:57,296 | INFO  | DNAudit | user=null | ip=null | op=WRITE_CHUNK {blockData=conID: 1 locID: 102734073356485024 bcsId: 928} | ret=SUCCESS |  
2019-09-04 11:45:57,296 | INFO  | DNAudit | user=null | ip=null | op=PUT_BLOCK {blockData=[blockId=conID: 1 locID: 102734073356485024 bcsId: 0,size=3145728]} | ret=SUCCESS |  
2019-09-04 11:45:57,297 | INFO  | DNAudit | user=null | ip=null | op=PUT_BLOCK {blockData=[blockId=conID: 1 locID: 102734073356485024 bcsId: 0,size=3145728]} | ret=SUCCESS |  
2019-09-04 11:45:57,670 | INFO  | SCMAudit | user=jenkins1000 | ip=192.168.36.67 | op=SEND_HEARTBEAT {datanodeUUID=4c3e8a66-6975-4917-8225-d3efe707aaff, command=[]} | ret=SUCCESS |  
2019-09-04 11:45:57,670 | INFO  | SCMAudit | user=jenkins1000 | ip=192.168.36.67 | op=SEND_HEARTBEAT {datanodeUUID=efcb8ff8-f060-4d95-9215-d0f5eb4af037, command=[]} | ret=SUCCESS |  
2019-09-04 11:45:57,670 | INFO  | SCMAudit | user=jenkins1000 | ip=192.168.36.67 | op=SEND_HEARTBEAT {datanodeUUID=6fae8b02-e804-4c0e-b729-a97b7404b7f6, command=[]} | ret=SUCCESS |  
2019-09-04 11:45:57,677 | INFO  | SCMAudit | user=jenkins1000 | ip=192.168.36.67 | op=SEND_HEARTBEAT {datanodeUUID=0b776101-1d39-4f23-96c0-6a8ead31197c, command=[]} | ret=SUCCESS |  
2019-09-04 11:45:57,707 | INFO  | DNAudit | user=null | ip=null | op=WRITE_CHUNK {blockData=conID: 1 locID: 102734073356485024 bcsId: 934} | ret=SUCCESS |  
2019-09-04 11:45:57,707 [grpc-default-executor-1] INFO  client.GrpcClientProtocolClient (GrpcClientProtocolClient.java:onNext(255)) - client-D5CE890D7D9E->efcb8ff8-f060-4d95-9215-d0f5eb4af037: receive RaftClientReply:client-D5CE890D7D9E->efcb8ff8-f060-4d95-9215-d0f5eb4af037@group-0959F8DF43ED, cid=734, SUCCESS, logIndex=937, commits[efcb8ff8-f060-4d95-9215-d0f5eb4af037:c938, 6fae8b02-e804-4c0e-b729-a97b7404b7f6:c934, 4c3e8a66-6975-4917-8225-d3efe707aaff:c934]
2019-09-04 11:45:57,710 | INFO  | DNAudit | user=null | ip=null | op=PUT_BLOCK {blockData=[blockId=conID: 1 locID: 102734073356485024 bcsId: 0,size=4194304]} | ret=SUCCESS |  
2019-09-04 11:45:57,711 [grpc-default-executor-1] INFO  client.GrpcClientProtocolClient (GrpcClientProtocolClient.java:onNext(255)) - client-D5CE890D7D9E->efcb8ff8-f060-4d95-9215-d0f5eb4af037: receive RaftClientReply:client-D5CE890D7D9E->efcb8ff8-f060-4d95-9215-d0f5eb4af037@group-0959F8DF43ED, cid=735, SUCCESS, logIndex=938, commits[efcb8ff8-f060-4d95-9215-d0f5eb4af037:c938, 6fae8b02-e804-4c0e-b729-a97b7404b7f6:c934, 4c3e8a66-6975-4917-8225-d3efe707aaff:c934]
2019-09-04 11:45:57,716 | INFO  | DNAudit | user=null | ip=null | op=WRITE_CHUNK {blockData=conID: 1 locID: 102734073356485024 bcsId: 934} | ret=SUCCESS |  
2019-09-04 11:45:57,716 | INFO  | DNAudit | user=null | ip=null | op=WRITE_CHUNK {blockData=conID: 1 locID: 102734073356485024 bcsId: 934} | ret=SUCCESS |  
2019-09-04 11:45:57,717 | INFO  | DNAudit | user=null | ip=null | op=PUT_BLOCK {blockData=[blockId=conID: 1 locID: 102734073356485024 bcsId: 0,size=4194304]} | ret=SUCCESS |  
2019-09-04 11:45:57,717 | INFO  | DNAudit | user=null | ip=null | op=PUT_BLOCK {blockData=[blockId=conID: 1 locID: 102734073356485024 bcsId: 0,size=4194304]} | ret=SUCCESS |  
2019-09-04 11:45:57,718 [grpc-default-executor-1] INFO  client.GrpcClientProtocolClient (GrpcClientProtocolClient.java:onNext(255)) - client-D5CE890D7D9E->efcb8ff8-f060-4d95-9215-d0f5eb4af037: receive RaftClientReply:client-D5CE890D7D9E->efcb8ff8-f060-4d95-9215-d0f5eb4af037@group-0959F8DF43ED, cid=736, SUCCESS, logIndex=0, commits[efcb8ff8-f060-4d95-9215-d0f5eb4af037:c940, 6fae8b02-e804-4c0e-b729-a97b7404b7f6:c938, 4c3e8a66-6975-4917-8225-d3efe707aaff:c938]
2019-09-04 11:45:57,729 | INFO  | DNAudit | user=null | ip=null | op=WRITE_CHUNK {blockData=conID: 2 locID: 102734073356550561 bcsId: 0} | ret=SUCCESS |  
2019-09-04 11:45:57,732 | INFO  | DNAudit | user=null | ip=null | op=WRITE_CHUNK {blockData=conID: 2 locID: 102734073356550561 bcsId: 0} | ret=SUCCESS |  
2019-09-04 11:45:57,732 | INFO  | DNAudit | user=null | ip=null | op=WRITE_CHUNK {blockData=conID: 2 locID: 102734073356550561 bcsId: 0} | ret=SUCCESS |  
2019-09-04 11:45:57,732 | INFO  | DNAudit | user=null | ip=null | op=WRITE_CHUNK {blockData=conID: 2 locID: 102734073356550561 bcsId: 0} | ret=SUCCESS |  
2019-09-04 11:45:57,733 | INFO  | DNAudit | user=null | ip=null | op=WRITE_CHUNK {blockData=conID: 2 locID: 102734073356550561 bcsId: 0} | ret=SUCCESS |  
2019-09-04 11:45:57,734 | INFO  | DNAudit | user=null | ip=null | op=WRITE_CHUNK {blockData=conID: 2 locID: 102734073356550561 bcsId: 0} | ret=SUCCESS |  
2019-09-04 11:45:57,739 | INFO  | DNAudit | user=null | ip=null | op=WRITE_CHUNK {blockData=conID: 2 locID: 102734073356550561 bcsId: 0} | ret=SUCCESS |  
2019-09-04 11:45:57,739 | INFO  | DNAudit | user=null | ip=null | op=PUT_BLOCK {blockData=[blockId=conID: 2 locID: 102734073356550561 bcsId: 0,size=1048576]} | ret=SUCCESS |  
2019-09-04 11:45:57,739 | INFO  | DNAudit | user=null | ip=null | op=WRITE_CHUNK {blockData=conID: 2 locID: 102734073356550561 bcsId: 0} | ret=SUCCESS |  
2019-09-04 11:45:57,739 [grpc-default-executor-4] INFO  client.GrpcClientProtocolClient (GrpcClientProtocolClient.java:onNext(255)) - client-D5CE890D7D9E->efcb8ff8-f060-4d95-9215-d0f5eb4af037: receive RaftClientReply:client-D5CE890D7D9E->efcb8ff8-f060-4d95-9215-d0f5eb4af037@group-0959F8DF43ED, cid=737, SUCCESS, logIndex=941, commits[efcb8ff8-f060-4d95-9215-d0f5eb4af037:c944, 6fae8b02-e804-4c0e-b729-a97b7404b7f6:c940, 4c3e8a66-6975-4917-8225-d3efe707aaff:c940]
2019-09-04 11:45:57,740 | INFO  | DNAudit | user=null | ip=null | op=PUT_BLOCK {blockData=[blockId=conID: 2 locID: 102734073356550561 bcsId: 0,size=2097152]} | ret=SUCCESS |  
2019-09-04 11:45:57,740 [grpc-default-executor-4] INFO  client.GrpcClientProtocolClient (GrpcClientProtocolClient.java:onNext(255)) - client-D5CE890D7D9E->efcb8ff8-f060-4d95-9215-d0f5eb4af037: receive RaftClientReply:client-D5CE890D7D9E->efcb8ff8-f060-4d95-9215-d0f5eb4af037@group-0959F8DF43ED, cid=738, SUCCESS, logIndex=942, commits[efcb8ff8-f060-4d95-9215-d0f5eb4af037:c944, 6fae8b02-e804-4c0e-b729-a97b7404b7f6:c940, 4c3e8a66-6975-4917-8225-d3efe707aaff:c940]
2019-09-04 11:45:57,740 [grpc-default-executor-4] INFO  client.GrpcClientProtocolClient (GrpcClientProtocolClient.java:onNext(255)) - client-D5CE890D7D9E->efcb8ff8-f060-4d95-9215-d0f5eb4af037: receive RaftClientReply:client-D5CE890D7D9E->efcb8ff8-f060-4d95-9215-d0f5eb4af037@group-0959F8DF43ED, cid=739, SUCCESS, logIndex=943, commits[efcb8ff8-f060-4d95-9215-d0f5eb4af037:c944, 6fae8b02-e804-4c0e-b729-a97b7404b7f6:c940, 4c3e8a66-6975-4917-8225-d3efe707aaff:c940]
2019-09-04 11:45:57,741 [grpc-default-executor-4] INFO  client.GrpcClientProtocolClient (GrpcClientProtocolClient.java:onNext(255)) - client-D5CE890D7D9E->efcb8ff8-f060-4d95-9215-d0f5eb4af037: receive RaftClientReply:client-D5CE890D7D9E->efcb8ff8-f060-4d95-9215-d0f5eb4af037@group-0959F8DF43ED, cid=740, SUCCESS, logIndex=944, commits[efcb8ff8-f060-4d95-9215-d0f5eb4af037:c944, 6fae8b02-e804-4c0e-b729-a97b7404b7f6:c940, 4c3e8a66-6975-4917-8225-d3efe707aaff:c940]
2019-09-04 11:45:57,744 | INFO  | DNAudit | user=null | ip=null | op=WRITE_CHUNK {blockData=conID: 2 locID: 102734073356550561 bcsId: 0} | ret=SUCCESS |  
2019-09-04 11:45:57,744 | INFO  | DNAudit | user=null | ip=null | op=WRITE_CHUNK {blockData=conID: 2 locID: 102734073356550561 bcsId: 0} | ret=SUCCESS |  
2019-09-04 11:45:57,745 | INFO  | DNAudit | user=null | ip=null | op=PUT_BLOCK {blockData=[blockId=conID: 2 locID: 102734073356550561 bcsId: 0,size=1048576]} | ret=SUCCESS |  
2019-09-04 11:45:57,745 | INFO  | DNAudit | user=null | ip=null | op=PUT_BLOCK {blockData=[blockId=conID: 2 locID: 102734073356550561 bcsId: 0,size=1048576]} | ret=SUCCESS |  
2019-09-04 11:45:57,745 | INFO  | DNAudit | user=null | ip=null | op=WRITE_CHUNK {blockData=conID: 2 locID: 102734073356550561 bcsId: 0} | ret=SUCCESS |  
2019-09-04 11:45:57,745 | INFO  | DNAudit | user=null | ip=null | op=WRITE_CHUNK {blockData=conID: 2 locID: 102734073356550561 bcsId: 0} | ret=SUCCESS |  
2019-09-04 11:45:57,745 [grpc-default-executor-0] INFO  client.GrpcClientProtocolClient (GrpcClientProtocolClient.java:onNext(255)) - client-D5CE890D7D9E->efcb8ff8-f060-4d95-9215-d0f5eb4af037: receive RaftClientReply:client-D5CE890D7D9E->efcb8ff8-f060-4d95-9215-d0f5eb4af037@group-0959F8DF43ED, cid=741, SUCCESS, logIndex=0, commits[efcb8ff8-f060-4d95-9215-d0f5eb4af037:c945, 6fae8b02-e804-4c0e-b729-a97b7404b7f6:c943, 4c3e8a66-6975-4917-8225-d3efe707aaff:c943]
2019-09-04 11:45:57,745 | INFO  | DNAudit | user=null | ip=null | op=PUT_BLOCK {blockData=[blockId=conID: 2 locID: 102734073356550561 bcsId: 0,size=2097152]} | ret=SUCCESS |  
2019-09-04 11:45:57,745 | INFO  | DNAudit | user=null | ip=null | op=PUT_BLOCK {blockData=[blockId=conID: 2 locID: 102734073356550561 bcsId: 0,size=2097152]} | ret=SUCCESS |  
2019-09-04 11:45:57,753 | INFO  | DNAudit | user=null | ip=null | op=WRITE_CHUNK {blockData=conID: 2 locID: 102734073356550561 bcsId: 944} | ret=SUCCESS |  
2019-09-04 11:45:57,760 | INFO  | DNAudit | user=null | ip=null | op=WRITE_CHUNK {blockData=conID: 2 locID: 102734073356550561 bcsId: 944} | ret=SUCCESS |  
2019-09-04 11:45:57,760 | INFO  | DNAudit | user=null | ip=null | op=WRITE_CHUNK {blockData=conID: 2 locID: 102734073356550561 bcsId: 944} | ret=SUCCESS |  
2019-09-04 11:45:57,770 | INFO  | DNAudit | user=null | ip=null | op=WRITE_CHUNK {blockData=conID: 2 locID: 102734073356550561 bcsId: 944} | ret=SUCCESS |  
2019-09-04 11:45:57,771 | INFO  | DNAudit | user=null | ip=null | op=PUT_BLOCK {blockData=[blockId=conID: 2 locID: 102734073356550561 bcsId: 0,size=3145728]} | ret=SUCCESS |  
2019-09-04 11:45:57,771 [grpc-default-executor-1] INFO  client.GrpcClientProtocolClient (GrpcClientProtocolClient.java:onNext(255)) - client-D5CE890D7D9E->efcb8ff8-f060-4d95-9215-d0f5eb4af037: receive RaftClientReply:client-D5CE890D7D9E->efcb8ff8-f060-4d95-9215-d0f5eb4af037@group-0959F8DF43ED, cid=742, SUCCESS, logIndex=948, commits[efcb8ff8-f060-4d95-9215-d0f5eb4af037:c949, 6fae8b02-e804-4c0e-b729-a97b7404b7f6:c944, 4c3e8a66-6975-4917-8225-d3efe707aaff:c947]
2019-09-04 11:45:57,772 [grpc-default-executor-1] INFO  client.GrpcClientProtocolClient (GrpcClientProtocolClient.java:onNext(255)) - client-D5CE890D7D9E->efcb8ff8-f060-4d95-9215-d0f5eb4af037: receive RaftClientReply:client-D5CE890D7D9E->efcb8ff8-f060-4d95-9215-d0f5eb4af037@group-0959F8DF43ED, cid=743, SUCCESS, logIndex=949, commits[efcb8ff8-f060-4d95-9215-d0f5eb4af037:c949, 6fae8b02-e804-4c0e-b729-a97b7404b7f6:c947, 4c3e8a66-6975-4917-8225-d3efe707aaff:c947]
2019-09-04 11:45:57,772 | INFO  | DNAudit | user=null | ip=null | op=WRITE_CHUNK {blockData=conID: 2 locID: 102734073356550561 bcsId: 944} | ret=SUCCESS |  
2019-09-04 11:45:57,772 | INFO  | DNAudit | user=null | ip=null | op=WRITE_CHUNK {blockData=conID: 2 locID: 102734073356550561 bcsId: 944} | ret=SUCCESS |  
2019-09-04 11:45:57,772 | INFO  | DNAudit | user=null | ip=null | op=PUT_BLOCK {blockData=[blockId=conID: 2 locID: 102734073356550561 bcsId: 0,size=3145728]} | ret=SUCCESS |  
2019-09-04 11:45:57,772 | INFO  | DNAudit | user=null | ip=null | op=PUT_BLOCK {blockData=[blockId=conID: 2 locID: 102734073356550561 bcsId: 0,size=3145728]} | ret=SUCCESS |  
2019-09-04 11:45:57,779 | INFO  | DNAudit | user=null | ip=null | op=WRITE_CHUNK {blockData=conID: 2 locID: 102734073356550561 bcsId: 949} | ret=SUCCESS |  
2019-09-04 11:45:57,783 | INFO  | DNAudit | user=null | ip=null | op=WRITE_CHUNK {blockData=conID: 2 locID: 102734073356550561 bcsId: 949} | ret=SUCCESS |  
2019-09-04 11:45:57,783 | INFO  | DNAudit | user=null | ip=null | op=WRITE_CHUNK {blockData=conID: 2 locID: 102734073356550561 bcsId: 949} | ret=SUCCESS |  
2019-09-04 11:45:57,787 | INFO  | DNAudit | user=null | ip=null | op=WRITE_CHUNK {blockData=conID: 2 locID: 102734073356550561 bcsId: 949} | ret=SUCCESS |  
2019-09-04 11:45:57,787 | INFO  | DNAudit | user=null | ip=null | op=PUT_BLOCK {blockData=[blockId=conID: 2 locID: 102734073356550561 bcsId: 0,size=4194304]} | ret=SUCCESS |  
2019-09-04 11:45:57,787 [grpc-default-executor-0] INFO  client.GrpcClientProtocolClient (GrpcClientProtocolClient.java:onNext(255)) - client-D5CE890D7D9E->efcb8ff8-f060-4d95-9215-d0f5eb4af037: receive RaftClientReply:client-D5CE890D7D9E->efcb8ff8-f060-4d95-9215-d0f5eb4af037@group-0959F8DF43ED, cid=744, SUCCESS, logIndex=952, commits[efcb8ff8-f060-4d95-9215-d0f5eb4af037:c953, 6fae8b02-e804-4c0e-b729-a97b7404b7f6:c951, 4c3e8a66-6975-4917-8225-d3efe707aaff:c951]
2019-09-04 11:45:57,788 [grpc-default-executor-0] INFO  client.GrpcClientProtocolClient (GrpcClientProtocolClient.java:onNext(255)) - client-D5CE890D7D9E->efcb8ff8-f060-4d95-9215-d0f5eb4af037: receive RaftClientReply:client-D5CE890D7D9E->efcb8ff8-f060-4d95-9215-d0f5eb4af037@group-0959F8DF43ED, cid=745, SUCCESS, logIndex=953, commits[efcb8ff8-f060-4d95-9215-d0f5eb4af037:c953, 6fae8b02-e804-4c0e-b729-a97b7404b7f6:c951, 4c3e8a66-6975-4917-8225-d3efe707aaff:c951]
2019-09-04 11:45:57,799 | INFO  | DNAudit | user=null | ip=null | op=WRITE_CHUNK {blockData=conID: 2 locID: 102734073356550561 bcsId: 949} | ret=SUCCESS |  
2019-09-04 11:45:57,799 | INFO  | DNAudit | user=null | ip=null | op=WRITE_CHUNK {blockData=conID: 2 locID: 102734073356550561 bcsId: 949} | ret=SUCCESS |  
2019-09-04 11:45:57,799 | INFO  | DNAudit | user=null | ip=null | op=PUT_BLOCK {blockData=[blockId=conID: 2 locID: 102734073356550561 bcsId: 0,size=4194304]} | ret=SUCCESS |  
2019-09-04 11:45:57,799 | INFO  | DNAudit | user=null | ip=null | op=PUT_BLOCK {blockData=[blockId=conID: 2 locID: 102734073356550561 bcsId: 0,size=4194304]} | ret=SUCCESS |  
2019-09-04 11:45:57,799 [grpc-default-executor-4] INFO  client.GrpcClientProtocolClient (GrpcClientProtocolClient.java:onNext(255)) - client-D5CE890D7D9E->efcb8ff8-f060-4d95-9215-d0f5eb4af037: receive RaftClientReply:client-D5CE890D7D9E->efcb8ff8-f060-4d95-9215-d0f5eb4af037@group-0959F8DF43ED, cid=746, SUCCESS, logIndex=0, commits[efcb8ff8-f060-4d95-9215-d0f5eb4af037:c954, 6fae8b02-e804-4c0e-b729-a97b7404b7f6:c953, 4c3e8a66-6975-4917-8225-d3efe707aaff:c953]
2019-09-04 11:45:57,808 | INFO  | DNAudit | user=null | ip=null | op=WRITE_CHUNK {blockData=conID: 3 locID: 102734073356550562 bcsId: 0} | ret=SUCCESS |  
2019-09-04 11:45:57,810 | INFO  | DNAudit | user=null | ip=null | op=WRITE_CHUNK {blockData=conID: 3 locID: 102734073356550562 bcsId: 0} | ret=SUCCESS |  
2019-09-04 11:45:57,810 | INFO  | DNAudit | user=null | ip=null | op=WRITE_CHUNK {blockData=conID: 3 locID: 102734073356550562 bcsId: 0} | ret=SUCCESS |  
2019-09-04 11:45:57,811 | INFO  | DNAudit | user=null | ip=null | op=WRITE_CHUNK {blockData=conID: 3 locID: 102734073356550562 bcsId: 0} | ret=SUCCESS |  
2019-09-04 11:45:57,812 | INFO  | DNAudit | user=null | ip=null | op=WRITE_CHUNK {blockData=conID: 3 locID: 102734073356550562 bcsId: 0} | ret=SUCCESS |  
2019-09-04 11:45:57,812 | INFO  | DNAudit | user=null | ip=null | op=WRITE_CHUNK {blockData=conID: 3 locID: 102734073356550562 bcsId: 0} | ret=SUCCESS |  
2019-09-04 11:45:57,836 | INFO  | DNAudit | user=null | ip=null | op=WRITE_CHUNK {blockData=conID: 3 locID: 102734073356550562 bcsId: 0} | ret=SUCCESS |  
2019-09-04 11:45:57,836 | INFO  | DNAudit | user=null | ip=null | op=PUT_BLOCK {blockData=[blockId=conID: 3 locID: 102734073356550562 bcsId: 0,size=1048576]} | ret=SUCCESS |  
2019-09-04 11:45:57,837 | INFO  | DNAudit | user=null | ip=null | op=WRITE_CHUNK {blockData=conID: 3 locID: 102734073356550562 bcsId: 0} | ret=SUCCESS |  
2019-09-04 11:45:57,837 [grpc-default-executor-4] INFO  client.GrpcClientProtocolClient (GrpcClientProtocolClient.java:onNext(255)) - client-D5CE890D7D9E->efcb8ff8-f060-4d95-9215-d0f5eb4af037: receive RaftClientReply:client-D5CE890D7D9E->efcb8ff8-f060-4d95-9215-d0f5eb4af037@group-0959F8DF43ED, cid=747, SUCCESS, logIndex=956, commits[efcb8ff8-f060-4d95-9215-d0f5eb4af037:c959, 6fae8b02-e804-4c0e-b729-a97b7404b7f6:c955, 4c3e8a66-6975-4917-8225-d3efe707aaff:c955]
2019-09-04 11:45:57,837 | INFO  | DNAudit | user=null | ip=null | op=PUT_BLOCK {blockData=[blockId=conID: 3 locID: 102734073356550562 bcsId: 0,size=2097152]} | ret=SUCCESS |  
2019-09-04 11:45:57,838 [grpc-default-executor-4] INFO  client.GrpcClientProtocolClient (GrpcClientProtocolClient.java:onNext(255)) - client-D5CE890D7D9E->efcb8ff8-f060-4d95-9215-d0f5eb4af037: receive RaftClientReply:client-D5CE890D7D9E->efcb8ff8-f060-4d95-9215-d0f5eb4af037@group-0959F8DF43ED, cid=748, SUCCESS, logIndex=957, commits[efcb8ff8-f060-4d95-9215-d0f5eb4af037:c959, 6fae8b02-e804-4c0e-b729-a97b7404b7f6:c955, 4c3e8a66-6975-4917-8225-d3efe707aaff:c955]
2019-09-04 11:45:57,838 [grpc-default-executor-4] INFO  client.GrpcClientProtocolClient (GrpcClientProtocolClient.java:onNext(255)) - client-D5CE890D7D9E->efcb8ff8-f060-4d95-9215-d0f5eb4af037: receive RaftClientReply:client-D5CE890D7D9E->efcb8ff8-f060-4d95-9215-d0f5eb4af037@group-0959F8DF43ED, cid=749, SUCCESS, logIndex=958, commits[efcb8ff8-f060-4d95-9215-d0f5eb4af037:c959, 6fae8b02-e804-4c0e-b729-a97b7404b7f6:c955, 4c3e8a66-6975-4917-8225-d3efe707aaff:c955]
2019-09-04 11:45:57,838 [grpc-default-executor-4] INFO  client.GrpcClientProtocolClient (GrpcClientProtocolClient.java:onNext(255)) - client-D5CE890D7D9E->efcb8ff8-f060-4d95-9215-d0f5eb4af037: receive RaftClientReply:client-D5CE890D7D9E->efcb8ff8-f060-4d95-9215-d0f5eb4af037@group-0959F8DF43ED, cid=750, SUCCESS, logIndex=959, commits[efcb8ff8-f060-4d95-9215-d0f5eb4af037:c959, 6fae8b02-e804-4c0e-b729-a97b7404b7f6:c955, 4c3e8a66-6975-4917-8225-d3efe707aaff:c955]
 0.00% |█                                                                                                    |  0/1 Time: 0:00:032019-09-04 11:45:57,857 | INFO  | DNAudit | user=null | ip=null | op=WRITE_CHUNK {blockData=conID: 3 locID: 102734073356550562 bcsId: 0} | ret=SUCCESS |  
2019-09-04 11:45:57,857 | INFO  | DNAudit | user=null | ip=null | op=WRITE_CHUNK {blockData=conID: 3 locID: 102734073356550562 bcsId: 0} | ret=SUCCESS |  
2019-09-04 11:45:57,857 | INFO  | DNAudit | user=null | ip=null | op=PUT_BLOCK {blockData=[blockId=conID: 3 locID: 102734073356550562 bcsId: 0,size=1048576]} | ret=SUCCESS |  
2019-09-04 11:45:57,858 | INFO  | DNAudit | user=null | ip=null | op=PUT_BLOCK {blockData=[blockId=conID: 3 locID: 102734073356550562 bcsId: 0,size=1048576]} | ret=SUCCESS |  
2019-09-04 11:45:57,858 [grpc-default-executor-0] INFO  client.GrpcClientProtocolClient (GrpcClientProtocolClient.java:onNext(255)) - client-D5CE890D7D9E->efcb8ff8-f060-4d95-9215-d0f5eb4af037: receive RaftClientReply:client-D5CE890D7D9E->efcb8ff8-f060-4d95-9215-d0f5eb4af037@group-0959F8DF43ED, cid=751, SUCCESS, logIndex=0, commits[efcb8ff8-f060-4d95-9215-d0f5eb4af037:c960, 6fae8b02-e804-4c0e-b729-a97b7404b7f6:c957, 4c3e8a66-6975-4917-8225-d3efe707aaff:c957]
2019-09-04 11:45:57,858 | INFO  | DNAudit | user=null | ip=null | op=WRITE_CHUNK {blockData=conID: 3 locID: 102734073356550562 bcsId: 0} | ret=SUCCESS |  
2019-09-04 11:45:57,859 | INFO  | DNAudit | user=null | ip=null | op=WRITE_CHUNK {blockData=conID: 3 locID: 102734073356550562 bcsId: 0} | ret=SUCCESS |  
2019-09-04 11:45:57,859 | INFO  | DNAudit | user=null | ip=null | op=PUT_BLOCK {blockData=[blockId=conID: 3 locID: 102734073356550562 bcsId: 0,size=2097152]} | ret=SUCCESS |  
2019-09-04 11:45:57,859 | INFO  | DNAudit | user=null | ip=null | op=PUT_BLOCK {blockData=[blockId=conID: 3 locID: 102734073356550562 bcsId: 0,size=2097152]} | ret=SUCCESS |  
2019-09-04 11:45:57,867 | INFO  | DNAudit | user=null | ip=null | op=WRITE_CHUNK {blockData=conID: 3 locID: 102734073356550562 bcsId: 959} | ret=SUCCESS |  
2019-09-04 11:45:57,870 | INFO  | DNAudit | user=null | ip=null | op=WRITE_CHUNK {blockData=conID: 3 locID: 102734073356550562 bcsId: 959} | ret=SUCCESS |  
2019-09-04 11:45:57,870 | INFO  | DNAudit | user=null | ip=null | op=WRITE_CHUNK {blockData=conID: 3 locID: 102734073356550562 bcsId: 959} | ret=SUCCESS |  
2019-09-04 11:45:57,888 | INFO  | DNAudit | user=null | ip=null | op=WRITE_CHUNK {blockData=conID: 3 locID: 102734073356550562 bcsId: 959} | ret=SUCCESS |  
2019-09-04 11:45:57,889 | INFO  | DNAudit | user=null | ip=null | op=PUT_BLOCK {blockData=[blockId=conID: 3 locID: 102734073356550562 bcsId: 0,size=3145728]} | ret=SUCCESS |  
2019-09-04 11:45:57,889 [grpc-default-executor-4] INFO  client.GrpcClientProtocolClient (GrpcClientProtocolClient.java:onNext(255)) - client-D5CE890D7D9E->efcb8ff8-f060-4d95-9215-d0f5eb4af037: receive RaftClientReply:client-D5CE890D7D9E->efcb8ff8-f060-4d95-9215-d0f5eb4af037@group-0959F8DF43ED, cid=752, SUCCESS, logIndex=963, commits[efcb8ff8-f060-4d95-9215-d0f5eb4af037:c964, 6fae8b02-e804-4c0e-b729-a97b7404b7f6:c962, 4c3e8a66-6975-4917-8225-d3efe707aaff:c962]
2019-09-04 11:45:57,890 [grpc-default-executor-4] INFO  client.GrpcClientProtocolClient (GrpcClientProtocolClient.java:onNext(255)) - client-D5CE890D7D9E->efcb8ff8-f060-4d95-9215-d0f5eb4af037: receive RaftClientReply:client-D5CE890D7D9E->efcb8ff8-f060-4d95-9215-d0f5eb4af037@group-0959F8DF43ED, cid=753, SUCCESS, logIndex=964, commits[efcb8ff8-f060-4d95-9215-d0f5eb4af037:c964, 6fae8b02-e804-4c0e-b729-a97b7404b7f6:c962, 4c3e8a66-6975-4917-8225-d3efe707aaff:c962]
2019-09-04 11:45:57,897 | INFO  | DNAudit | user=null | ip=null | op=WRITE_CHUNK {blockData=conID: 3 locID: 102734073356550562 bcsId: 959} | ret=SUCCESS |  
2019-09-04 11:45:57,897 | INFO  | DNAudit | user=null | ip=null | op=WRITE_CHUNK {blockData=conID: 3 locID: 102734073356550562 bcsId: 959} | ret=SUCCESS |  
2019-09-04 11:45:57,898 | INFO  | DNAudit | user=null | ip=null | op=PUT_BLOCK {blockData=[blockId=conID: 3 locID: 102734073356550562 bcsId: 0,size=3145728]} | ret=SUCCESS |  
2019-09-04 11:45:57,898 | INFO  | DNAudit | user=null | ip=null | op=PUT_BLOCK {blockData=[blockId=conID: 3 locID: 102734073356550562 bcsId: 0,size=3145728]} | ret=SUCCESS |  
2019-09-04 11:45:57,900 | INFO  | DNAudit | user=null | ip=null | op=WRITE_CHUNK {blockData=conID: 3 locID: 102734073356550562 bcsId: 964} | ret=SUCCESS |  
2019-09-04 11:45:57,902 | INFO  | DNAudit | user=null | ip=null | op=WRITE_CHUNK {blockData=conID: 3 locID: 102734073356550562 bcsId: 964} | ret=SUCCESS |  
2019-09-04 11:45:57,903 | INFO  | DNAudit | user=null | ip=null | op=WRITE_CHUNK {blockData=conID: 3 locID: 102734073356550562 bcsId: 964} | ret=SUCCESS |  
2019-09-04 11:45:57,933 | INFO  | DNAudit | user=null | ip=null | op=WRITE_CHUNK {blockData=conID: 3 locID: 102734073356550562 bcsId: 964} | ret=SUCCESS |  
2019-09-04 11:45:57,933 | INFO  | DNAudit | user=null | ip=null | op=PUT_BLOCK {blockData=[blockId=conID: 3 locID: 102734073356550562 bcsId: 0,size=4194304]} | ret=SUCCESS |  
2019-09-04 11:45:57,934 [grpc-default-executor-4] INFO  client.GrpcClientProtocolClient (GrpcClientProtocolClient.java:onNext(255)) - client-D5CE890D7D9E->efcb8ff8-f060-4d95-9215-d0f5eb4af037: receive RaftClientReply:client-D5CE890D7D9E->efcb8ff8-f060-4d95-9215-d0f5eb4af037@group-0959F8DF43ED, cid=754, SUCCESS, logIndex=967, commits[efcb8ff8-f060-4d95-9215-d0f5eb4af037:c968, 6fae8b02-e804-4c0e-b729-a97b7404b7f6:c965, 4c3e8a66-6975-4917-8225-d3efe707aaff:c965]
2019-09-04 11:45:57,935 [grpc-default-executor-4] INFO  client.GrpcClientProtocolClient (GrpcClientProtocolClient.java:onNext(255)) - client-D5CE890D7D9E->efcb8ff8-f060-4d95-9215-d0f5eb4af037: receive RaftClientReply:client-D5CE890D7D9E->efcb8ff8-f060-4d95-9215-d0f5eb4af037@group-0959F8DF43ED, cid=755, SUCCESS, logIndex=968, commits[efcb8ff8-f060-4d95-9215-d0f5eb4af037:c968, 6fae8b02-e804-4c0e-b729-a97b7404b7f6:c965, 4c3e8a66-6975-4917-8225-d3efe707aaff:c965]
2019-09-04 11:45:57,977 | INFO  | DNAudit | user=null | ip=null | op=WRITE_CHUNK {blockData=conID: 3 locID: 102734073356550562 bcsId: 964} | ret=SUCCESS |  
2019-09-04 11:45:57,977 | INFO  | DNAudit | user=null | ip=null | op=WRITE_CHUNK {blockData=conID: 3 locID: 102734073356550562 bcsId: 964} | ret=SUCCESS |  
2019-09-04 11:45:57,978 | INFO  | DNAudit | user=null | ip=null | op=PUT_BLOCK {blockData=[blockId=conID: 3 locID: 102734073356550562 bcsId: 0,size=4194304]} | ret=SUCCESS |  
2019-09-04 11:45:57,978 | INFO  | DNAudit | user=null | ip=null | op=PUT_BLOCK {blockData=[blockId=conID: 3 locID: 102734073356550562 bcsId: 0,size=4194304]} | ret=SUCCESS |  
2019-09-04 11:45:57,979 [grpc-default-executor-0] INFO  client.GrpcClientProtocolClient (GrpcClientProtocolClient.java:onNext(255)) - client-D5CE890D7D9E->efcb8ff8-f060-4d95-9215-d0f5eb4af037: receive RaftClientReply:client-D5CE890D7D9E->efcb8ff8-f060-4d95-9215-d0f5eb4af037@group-0959F8DF43ED, cid=756, SUCCESS, logIndex=0, commits[efcb8ff8-f060-4d95-9215-d0f5eb4af037:c969, 6fae8b02-e804-4c0e-b729-a97b7404b7f6:c968, 4c3e8a66-6975-4917-8225-d3efe707aaff:c968]
2019-09-04 11:45:57,991 | INFO  | DNAudit | user=null | ip=null | op=WRITE_CHUNK {blockData=conID: 1 locID: 102734073356550563 bcsId: 0} | ret=SUCCESS |  
2019-09-04 11:45:57,996 | INFO  | DNAudit | user=null | ip=null | op=WRITE_CHUNK {blockData=conID: 1 locID: 102734073356550563 bcsId: 0} | ret=SUCCESS |  
2019-09-04 11:45:57,996 | INFO  | DNAudit | user=null | ip=null | op=WRITE_CHUNK {blockData=conID: 1 locID: 102734073356550563 bcsId: 0} | ret=SUCCESS |  
2019-09-04 11:45:57,997 | INFO  | DNAudit | user=null | ip=null | op=WRITE_CHUNK {blockData=conID: 1 locID: 102734073356550563 bcsId: 0} | ret=SUCCESS |  
2019-09-04 11:45:57,998 | INFO  | DNAudit | user=null | ip=null | op=WRITE_CHUNK {blockData=conID: 1 locID: 102734073356550563 bcsId: 0} | ret=SUCCESS |  
2019-09-04 11:45:58,000 | INFO  | DNAudit | user=null | ip=null | op=WRITE_CHUNK {blockData=conID: 1 locID: 102734073356550563 bcsId: 0} | ret=SUCCESS |  
2019-09-04 11:45:58,009 | INFO  | DNAudit | user=null | ip=null | op=WRITE_CHUNK {blockData=conID: 1 locID: 102734073356550563 bcsId: 0} | ret=SUCCESS |  
2019-09-04 11:45:58,009 | INFO  | DNAudit | user=null | ip=null | op=PUT_BLOCK {blockData=[blockId=conID: 1 locID: 102734073356550563 bcsId: 0,size=1048576]} | ret=SUCCESS |  
2019-09-04 11:45:58,010 [grpc-default-executor-4] INFO  client.GrpcClientProtocolClient (GrpcClientProtocolClient.java:onNext(255)) - client-D5CE890D7D9E->efcb8ff8-f060-4d95-9215-d0f5eb4af037: receive RaftClientReply:client-D5CE890D7D9E->efcb8ff8-f060-4d95-9215-d0f5eb4af037@group-0959F8DF43ED, cid=757, SUCCESS, logIndex=971, commits[efcb8ff8-f060-4d95-9215-d0f5eb4af037:c974, 6fae8b02-e804-4c0e-b729-a97b7404b7f6:c970, 4c3e8a66-6975-4917-8225-d3efe707aaff:c970]
2019-09-04 11:45:58,010 | INFO  | DNAudit | user=null | ip=null | op=WRITE_CHUNK {blockData=conID: 1 locID: 102734073356550563 bcsId: 0} | ret=SUCCESS |  
2019-09-04 11:45:58,010 | INFO  | DNAudit | user=null | ip=null | op=WRITE_CHUNK {blockData=conID: 1 locID: 102734073356550563 bcsId: 0} | ret=SUCCESS |  
2019-09-04 11:45:58,010 | INFO  | DNAudit | user=null | ip=null | op=WRITE_CHUNK {blockData=conID: 1 locID: 102734073356550563 bcsId: 0} | ret=SUCCESS |  
2019-09-04 11:45:58,010 | INFO  | DNAudit | user=null | ip=null | op=PUT_BLOCK {blockData=[blockId=conID: 1 locID: 102734073356550563 bcsId: 0,size=2097152]} | ret=SUCCESS |  
2019-09-04 11:45:58,010 | INFO  | DNAudit | user=null | ip=null | op=PUT_BLOCK {blockData=[blockId=conID: 1 locID: 102734073356550563 bcsId: 0,size=1048576]} | ret=SUCCESS |  
2019-09-04 11:45:58,011 | INFO  | DNAudit | user=null | ip=null | op=PUT_BLOCK {blockData=[blockId=conID: 1 locID: 102734073356550563 bcsId: 0,size=1048576]} | ret=SUCCESS |  
2019-09-04 11:45:58,010 [grpc-default-executor-0] INFO  client.GrpcClientProtocolClient (GrpcClientProtocolClient.java:onNext(255)) - client-D5CE890D7D9E->efcb8ff8-f060-4d95-9215-d0f5eb4af037: receive RaftClientReply:client-D5CE890D7D9E->efcb8ff8-f060-4d95-9215-d0f5eb4af037@group-0959F8DF43ED, cid=758, SUCCESS, logIndex=972, commits[efcb8ff8-f060-4d95-9215-d0f5eb4af037:c974, 6fae8b02-e804-4c0e-b729-a97b7404b7f6:c970, 4c3e8a66-6975-4917-8225-d3efe707aaff:c970]
2019-09-04 11:45:58,011 [grpc-default-executor-0] INFO  client.GrpcClientProtocolClient (GrpcClientProtocolClient.java:onNext(255)) - client-D5CE890D7D9E->efcb8ff8-f060-4d95-9215-d0f5eb4af037: receive RaftClientReply:client-D5CE890D7D9E->efcb8ff8-f060-4d95-9215-d0f5eb4af037@group-0959F8DF43ED, cid=759, SUCCESS, logIndex=973, commits[efcb8ff8-f060-4d95-9215-d0f5eb4af037:c974, 6fae8b02-e804-4c0e-b729-a97b7404b7f6:c970, 4c3e8a66-6975-4917-8225-d3efe707aaff:c970]
2019-09-04 11:45:58,011 [grpc-default-executor-0] INFO  client.GrpcClientProtocolClient (GrpcClientProtocolClient.java:onNext(255)) - client-D5CE890D7D9E->efcb8ff8-f060-4d95-9215-d0f5eb4af037: receive RaftClientReply:client-D5CE890D7D9E->efcb8ff8-f060-4d95-9215-d0f5eb4af037@group-0959F8DF43ED, cid=760, SUCCESS, logIndex=974, commits[efcb8ff8-f060-4d95-9215-d0f5eb4af037:c975, 6fae8b02-e804-4c0e-b729-a97b7404b7f6:c972, 4c3e8a66-6975-4917-8225-d3efe707aaff:c972]
2019-09-04 11:45:58,012 | INFO  | DNAudit | user=null | ip=null | op=WRITE_CHUNK {blockData=conID: 1 locID: 102734073356550563 bcsId: 0} | ret=SUCCESS |  
2019-09-04 11:45:58,012 | INFO  | DNAudit | user=null | ip=null | op=WRITE_CHUNK {blockData=conID: 1 locID: 102734073356550563 bcsId: 0} | ret=SUCCESS |  
2019-09-04 11:45:58,012 | INFO  | DNAudit | user=null | ip=null | op=PUT_BLOCK {blockData=[blockId=conID: 1 locID: 102734073356550563 bcsId: 0,size=2097152]} | ret=SUCCESS |  
2019-09-04 11:45:58,012 | INFO  | DNAudit | user=null | ip=null | op=PUT_BLOCK {blockData=[blockId=conID: 1 locID: 102734073356550563 bcsId: 0,size=2097152]} | ret=SUCCESS |  
2019-09-04 11:45:58,019 | INFO  | DNAudit | user=null | ip=null | op=WRITE_CHUNK {blockData=conID: 1 locID: 102734073356550563 bcsId: 974} | ret=SUCCESS |  
2019-09-04 11:45:58,026 | INFO  | DNAudit | user=null | ip=null | op=WRITE_CHUNK {blockData=conID: 1 locID: 102734073356550563 bcsId: 974} | ret=SUCCESS |  
2019-09-04 11:45:58,026 | INFO  | DNAudit | user=null | ip=null | op=WRITE_CHUNK {blockData=conID: 1 locID: 102734073356550563 bcsId: 974} | ret=SUCCESS |  
2019-09-04 11:45:58,058 | INFO  | DNAudit | user=null | ip=null | op=WRITE_CHUNK {blockData=conID: 1 locID: 102734073356550563 bcsId: 974} | ret=SUCCESS |  
2019-09-04 11:45:58,058 | INFO  | DNAudit | user=null | ip=null | op=PUT_BLOCK {blockData=[blockId=conID: 1 locID: 102734073356550563 bcsId: 0,size=3145728]} | ret=SUCCESS |  
2019-09-04 11:45:58,059 [grpc-default-executor-6] INFO  client.GrpcClientProtocolClient (GrpcClientProtocolClient.java:onNext(255)) - client-D5CE890D7D9E->efcb8ff8-f060-4d95-9215-d0f5eb4af037: receive RaftClientReply:client-D5CE890D7D9E->efcb8ff8-f060-4d95-9215-d0f5eb4af037@group-0959F8DF43ED, cid=761, SUCCESS, logIndex=979, commits[efcb8ff8-f060-4d95-9215-d0f5eb4af037:c980, 6fae8b02-e804-4c0e-b729-a97b7404b7f6:c978, 4c3e8a66-6975-4917-8225-d3efe707aaff:c978]
2019-09-04 11:45:58,059 [grpc-default-executor-6] INFO  client.GrpcClientProtocolClient (GrpcClientProtocolClient.java:onNext(255)) - client-D5CE890D7D9E->efcb8ff8-f060-4d95-9215-d0f5eb4af037: receive RaftClientReply:client-D5CE890D7D9E->efcb8ff8-f060-4d95-9215-d0f5eb4af037@group-0959F8DF43ED, cid=762, SUCCESS, logIndex=980, commits[efcb8ff8-f060-4d95-9215-d0f5eb4af037:c980, 6fae8b02-e804-4c0e-b729-a97b7404b7f6:c978, 4c3e8a66-6975-4917-8225-d3efe707aaff:c978]
2019-09-04 11:45:58,070 | INFO  | DNAudit | user=null | ip=null | op=WRITE_CHUNK {blockData=conID: 1 locID: 102734073356550563 bcsId: 980} | ret=SUCCESS |  
2019-09-04 11:45:58,071 | INFO  | DNAudit | user=null | ip=null | op=WRITE_CHUNK {blockData=conID: 1 locID: 102734073356550563 bcsId: 980} | ret=SUCCESS |  
2019-09-04 11:45:58,072 | INFO  | DNAudit | user=null | ip=null | op=WRITE_CHUNK {blockData=conID: 1 locID: 102734073356550563 bcsId: 980} | ret=SUCCESS |  
2019-09-04 11:45:58,081 | INFO  | SCMAudit | user=jenkins1000 | ip=192.168.36.67 | op=SEND_HEARTBEAT {datanodeUUID=b68b188c-7f38-42ae-8403-46a39acd0731, command=[]} | ret=SUCCESS |  
2019-09-04 11:45:58,083 | INFO  | DNAudit | user=null | ip=null | op=WRITE_CHUNK {blockData=conID: 1 locID: 102734073356550563 bcsId: 974} | ret=SUCCESS |  
2019-09-04 11:45:58,084 | INFO  | DNAudit | user=null | ip=null | op=WRITE_CHUNK {blockData=conID: 1 locID: 102734073356550563 bcsId: 974} | ret=SUCCESS |  
2019-09-04 11:45:58,084 | INFO  | DNAudit | user=null | ip=null | op=PUT_BLOCK {blockData=[blockId=conID: 1 locID: 102734073356550563 bcsId: 0,size=3145728]} | ret=SUCCESS |  
2019-09-04 11:45:58,084 | INFO  | DNAudit | user=null | ip=null | op=PUT_BLOCK {blockData=[blockId=conID: 1 locID: 102734073356550563 bcsId: 0,size=3145728]} | ret=SUCCESS |  
2019-09-04 11:45:58,085 | INFO  | DNAudit | user=null | ip=null | op=WRITE_CHUNK {blockData=conID: 1 locID: 102734073356550563 bcsId: 980} | ret=SUCCESS |  
2019-09-04 11:45:58,086 | INFO  | DNAudit | user=null | ip=null | op=PUT_BLOCK {blockData=[blockId=conID: 1 locID: 102734073356550563 bcsId: 0,size=4194304]} | ret=SUCCESS |  
2019-09-04 11:45:58,086 [grpc-default-executor-4] INFO  client.GrpcClientProtocolClient (GrpcClientProtocolClient.java:onNext(255)) - client-D5CE890D7D9E->efcb8ff8-f060-4d95-9215-d0f5eb4af037: receive RaftClientReply:client-D5CE890D7D9E->efcb8ff8-f060-4d95-9215-d0f5eb4af037@group-0959F8DF43ED, cid=763, SUCCESS, logIndex=983, commits[efcb8ff8-f060-4d95-9215-d0f5eb4af037:c983, 6fae8b02-e804-4c0e-b729-a97b7404b7f6:c980, 4c3e8a66-6975-4917-8225-d3efe707aaff:c980]
2019-09-04 11:45:58,086 [grpc-default-executor-4] INFO  client.GrpcClientProtocolClient (GrpcClientProtocolClient.java:onNext(255)) - client-D5CE890D7D9E->efcb8ff8-f060-4d95-9215-d0f5eb4af037: receive RaftClientReply:client-D5CE890D7D9E->efcb8ff8-f060-4d95-9215-d0f5eb4af037@group-0959F8DF43ED, cid=764, SUCCESS, logIndex=984, commits[efcb8ff8-f060-4d95-9215-d0f5eb4af037:c984, 6fae8b02-e804-4c0e-b729-a97b7404b7f6:c980, 4c3e8a66-6975-4917-8225-d3efe707aaff:c980]
2019-09-04 11:45:58,104 | INFO  | DNAudit | user=null | ip=null | op=WRITE_CHUNK {blockData=conID: 1 locID: 102734073356550563 bcsId: 980} | ret=SUCCESS |  
2019-09-04 11:45:58,104 | INFO  | DNAudit | user=null | ip=null | op=WRITE_CHUNK {blockData=conID: 1 locID: 102734073356550563 bcsId: 980} | ret=SUCCESS |  
2019-09-04 11:45:58,105 | INFO  | DNAudit | user=null | ip=null | op=PUT_BLOCK {blockData=[blockId=conID: 1 locID: 102734073356550563 bcsId: 0,size=4194304]} | ret=SUCCESS |  
2019-09-04 11:45:58,105 | INFO  | DNAudit | user=null | ip=null | op=PUT_BLOCK {blockData=[blockId=conID: 1 locID: 102734073356550563 bcsId: 0,size=4194304]} | ret=SUCCESS |  
2019-09-04 11:45:58,105 [grpc-default-executor-4] INFO  client.GrpcClientProtocolClient (GrpcClientProtocolClient.java:onNext(255)) - client-D5CE890D7D9E->efcb8ff8-f060-4d95-9215-d0f5eb4af037: receive RaftClientReply:client-D5CE890D7D9E->efcb8ff8-f060-4d95-9215-d0f5eb4af037@group-0959F8DF43ED, cid=765, SUCCESS, logIndex=0, commits[efcb8ff8-f060-4d95-9215-d0f5eb4af037:c986, 6fae8b02-e804-4c0e-b729-a97b7404b7f6:c984, 4c3e8a66-6975-4917-8225-d3efe707aaff:c984]
2019-09-04 11:45:58,115 | INFO  | DNAudit | user=null | ip=null | op=WRITE_CHUNK {blockData=conID: 2 locID: 102734073356550564 bcsId: 0} | ret=SUCCESS |  
2019-09-04 11:45:58,117 | INFO  | DNAudit | user=null | ip=null | op=WRITE_CHUNK {blockData=conID: 2 locID: 102734073356550564 bcsId: 0} | ret=SUCCESS |  
2019-09-04 11:45:58,118 | INFO  | DNAudit | user=null | ip=null | op=WRITE_CHUNK {blockData=conID: 2 locID: 102734073356550564 bcsId: 0} | ret=SUCCESS |  
2019-09-04 11:45:58,119 | INFO  | DNAudit | user=null | ip=null | op=WRITE_CHUNK {blockData=conID: 2 locID: 102734073356550564 bcsId: 0} | ret=SUCCESS |  
2019-09-04 11:45:58,120 | INFO  | DNAudit | user=null | ip=null | op=WRITE_CHUNK {blockData=conID: 2 locID: 102734073356550564 bcsId: 0} | ret=SUCCESS |  
2019-09-04 11:45:58,121 | INFO  | DNAudit | user=null | ip=null | op=WRITE_CHUNK {blockData=conID: 2 locID: 102734073356550564 bcsId: 0} | ret=SUCCESS |  
2019-09-04 11:45:58,144 | INFO  | DNAudit | user=null | ip=null | op=WRITE_CHUNK {blockData=conID: 2 locID: 102734073356550564 bcsId: 0} | ret=SUCCESS |  
2019-09-04 11:45:58,144 | INFO  | DNAudit | user=null | ip=null | op=PUT_BLOCK {blockData=[blockId=conID: 2 locID: 102734073356550564 bcsId: 0,size=1048576]} | ret=SUCCESS |  
2019-09-04 11:45:58,144 [grpc-default-executor-0] INFO  client.GrpcClientProtocolClient (GrpcClientProtocolClient.java:onNext(255)) - client-D5CE890D7D9E->efcb8ff8-f060-4d95-9215-d0f5eb4af037: receive RaftClientReply:client-D5CE890D7D9E->efcb8ff8-f060-4d95-9215-d0f5eb4af037@group-0959F8DF43ED, cid=766, SUCCESS, logIndex=987, commits[efcb8ff8-f060-4d95-9215-d0f5eb4af037:c988, 6fae8b02-e804-4c0e-b729-a97b7404b7f6:c986, 4c3e8a66-6975-4917-8225-d3efe707aaff:c986]
2019-09-04 11:45:58,145 [grpc-default-executor-0] INFO  client.GrpcClientProtocolClient (GrpcClientProtocolClient.java:onNext(255)) - client-D5CE890D7D9E->efcb8ff8-f060-4d95-9215-d0f5eb4af037: receive RaftClientReply:client-D5CE890D7D9E->efcb8ff8-f060-4d95-9215-d0f5eb4af037@group-0959F8DF43ED, cid=767, SUCCESS, logIndex=988, commits[efcb8ff8-f060-4d95-9215-d0f5eb4af037:c988, 6fae8b02-e804-4c0e-b729-a97b7404b7f6:c986, 4c3e8a66-6975-4917-8225-d3efe707aaff:c986]
2019-09-04 11:45:58,179 | INFO  | DNAudit | user=null | ip=null | op=WRITE_CHUNK {blockData=conID: 2 locID: 102734073356550564 bcsId: 0} | ret=SUCCESS |  
2019-09-04 11:45:58,180 | INFO  | DNAudit | user=null | ip=null | op=PUT_BLOCK {blockData=[blockId=conID: 2 locID: 102734073356550564 bcsId: 0,size=2097152]} | ret=SUCCESS |  
2019-09-04 11:45:58,180 [grpc-default-executor-6] INFO  client.GrpcClientProtocolClient (GrpcClientProtocolClient.java:onNext(255)) - client-D5CE890D7D9E->efcb8ff8-f060-4d95-9215-d0f5eb4af037: receive RaftClientReply:client-D5CE890D7D9E->efcb8ff8-f060-4d95-9215-d0f5eb4af037@group-0959F8DF43ED, cid=768, SUCCESS, logIndex=989, commits[efcb8ff8-f060-4d95-9215-d0f5eb4af037:c990, 6fae8b02-e804-4c0e-b729-a97b7404b7f6:c986, 4c3e8a66-6975-4917-8225-d3efe707aaff:c986]
2019-09-04 11:45:58,181 [grpc-default-executor-6] INFO  client.GrpcClientProtocolClient (GrpcClientProtocolClient.java:onNext(255)) - client-D5CE890D7D9E->efcb8ff8-f060-4d95-9215-d0f5eb4af037: receive RaftClientReply:client-D5CE890D7D9E->efcb8ff8-f060-4d95-9215-d0f5eb4af037@group-0959F8DF43ED, cid=769, SUCCESS, logIndex=990, commits[efcb8ff8-f060-4d95-9215-d0f5eb4af037:c990, 6fae8b02-e804-4c0e-b729-a97b7404b7f6:c986, 4c3e8a66-6975-4917-8225-d3efe707aaff:c986]
2019-09-04 11:45:58,225 | INFO  | DNAudit | user=null | ip=null | op=WRITE_CHUNK {blockData=conID: 2 locID: 102734073356550564 bcsId: 0} | ret=SUCCESS |  
2019-09-04 11:45:58,225 | INFO  | DNAudit | user=null | ip=null | op=PUT_BLOCK {blockData=[blockId=conID: 2 locID: 102734073356550564 bcsId: 0,size=1048576]} | ret=SUCCESS |  
2019-09-04 11:45:58,225 | INFO  | DNAudit | user=null | ip=null | op=WRITE_CHUNK {blockData=conID: 2 locID: 102734073356550564 bcsId: 0} | ret=SUCCESS |  
2019-09-04 11:45:58,226 | INFO  | DNAudit | user=null | ip=null | op=PUT_BLOCK {blockData=[blockId=conID: 2 locID: 102734073356550564 bcsId: 0,size=1048576]} | ret=SUCCESS |  
2019-09-04 11:45:58,226 [grpc-default-executor-6] INFO  client.GrpcClientProtocolClient (GrpcClientProtocolClient.java:onNext(255)) - client-D5CE890D7D9E->efcb8ff8-f060-4d95-9215-d0f5eb4af037: receive RaftClientReply:client-D5CE890D7D9E->efcb8ff8-f060-4d95-9215-d0f5eb4af037@group-0959F8DF43ED, cid=770, SUCCESS, logIndex=0, commits[efcb8ff8-f060-4d95-9215-d0f5eb4af037:c992, 6fae8b02-e804-4c0e-b729-a97b7404b7f6:c988, 4c3e8a66-6975-4917-8225-d3efe707aaff:c988]
2019-09-04 11:45:58,235 | INFO  | DNAudit | user=null | ip=null | op=WRITE_CHUNK {blockData=conID: 2 locID: 102734073356550564 bcsId: 990} | ret=SUCCESS |  
2019-09-04 11:45:58,237 | INFO  | DNAudit | user=null | ip=null | op=WRITE_CHUNK {blockData=conID: 2 locID: 102734073356550564 bcsId: 990} | ret=SUCCESS |  
2019-09-04 11:45:58,239 | INFO  | DNAudit | user=null | ip=null | op=WRITE_CHUNK {blockData=conID: 2 locID: 102734073356550564 bcsId: 990} | ret=SUCCESS |  
2019-09-04 11:45:58,249 | INFO  | DNAudit | user=null | ip=null | op=WRITE_CHUNK {blockData=conID: 2 locID: 102734073356550564 bcsId: 0} | ret=SUCCESS |  
2019-09-04 11:45:58,249 | INFO  | DNAudit | user=null | ip=null | op=WRITE_CHUNK {blockData=conID: 2 locID: 102734073356550564 bcsId: 0} | ret=SUCCESS |  
2019-09-04 11:45:58,250 | INFO  | DNAudit | user=null | ip=null | op=PUT_BLOCK {blockData=[blockId=conID: 2 locID: 102734073356550564 bcsId: 0,size=2097152]} | ret=SUCCESS |  
2019-09-04 11:45:58,250 | INFO  | DNAudit | user=null | ip=null | op=PUT_BLOCK {blockData=[blockId=conID: 2 locID: 102734073356550564 bcsId: 0,size=2097152]} | ret=SUCCESS |  
2019-09-04 11:45:58,290 | INFO  | DNAudit | user=null | ip=null | op=WRITE_CHUNK {blockData=conID: 2 locID: 102734073356550564 bcsId: 990} | ret=SUCCESS |  
2019-09-04 11:45:58,290 | INFO  | DNAudit | user=null | ip=null | op=PUT_BLOCK {blockData=[blockId=conID: 2 locID: 102734073356550564 bcsId: 0,size=3145728]} | ret=SUCCESS |  
2019-09-04 11:45:58,291 [grpc-default-executor-6] INFO  client.GrpcClientProtocolClient (GrpcClientProtocolClient.java:onNext(255)) - client-D5CE890D7D9E->efcb8ff8-f060-4d95-9215-d0f5eb4af037: receive RaftClientReply:client-D5CE890D7D9E->efcb8ff8-f060-4d95-9215-d0f5eb4af037@group-0959F8DF43ED, cid=771, SUCCESS, logIndex=995, commits[efcb8ff8-f060-4d95-9215-d0f5eb4af037:c996, 6fae8b02-e804-4c0e-b729-a97b7404b7f6:c992, 4c3e8a66-6975-4917-8225-d3efe707aaff:c992]
2019-09-04 11:45:58,292 [grpc-default-executor-6] INFO  client.GrpcClientProtocolClient (GrpcClientProtocolClient.java:onNext(255)) - client-D5CE890D7D9E->efcb8ff8-f060-4d95-9215-d0f5eb4af037: receive RaftClientReply:client-D5CE890D7D9E->efcb8ff8-f060-4d95-9215-d0f5eb4af037@group-0959F8DF43ED, cid=772, SUCCESS, logIndex=996, commits[efcb8ff8-f060-4d95-9215-d0f5eb4af037:c996, 6fae8b02-e804-4c0e-b729-a97b7404b7f6:c992, 4c3e8a66-6975-4917-8225-d3efe707aaff:c992]
2019-09-04 11:45:58,299 | INFO  | DNAudit | user=null | ip=null | op=WRITE_CHUNK {blockData=conID: 2 locID: 102734073356550564 bcsId: 996} | ret=SUCCESS |  
2019-09-04 11:45:58,301 | INFO  | DNAudit | user=null | ip=null | op=WRITE_CHUNK {blockData=conID: 2 locID: 102734073356550564 bcsId: 996} | ret=SUCCESS |  
2019-09-04 11:45:58,302 | INFO  | DNAudit | user=null | ip=null | op=WRITE_CHUNK {blockData=conID: 2 locID: 102734073356550564 bcsId: 996} | ret=SUCCESS |  
2019-09-04 11:45:58,314 | INFO  | DNAudit | user=null | ip=null | op=WRITE_CHUNK {blockData=conID: 2 locID: 102734073356550564 bcsId: 990} | ret=SUCCESS |  
2019-09-04 11:45:58,314 | INFO  | DNAudit | user=null | ip=null | op=WRITE_CHUNK {blockData=conID: 2 locID: 102734073356550564 bcsId: 990} | ret=SUCCESS |  
2019-09-04 11:45:58,315 | INFO  | DNAudit | user=null | ip=null | op=PUT_BLOCK {blockData=[blockId=conID: 2 locID: 102734073356550564 bcsId: 0,size=3145728]} | ret=SUCCESS |  
2019-09-04 11:45:58,315 | INFO  | DNAudit | user=null | ip=null | op=PUT_BLOCK {blockData=[blockId=conID: 2 locID: 102734073356550564 bcsId: 0,size=3145728]} | ret=SUCCESS |  
2019-09-04 11:45:58,315 | INFO  | DNAudit | user=null | ip=null | op=WRITE_CHUNK {blockData=conID: 2 locID: 102734073356550564 bcsId: 996} | ret=SUCCESS |  
2019-09-04 11:45:58,315 | INFO  | DNAudit | user=null | ip=null | op=PUT_BLOCK {blockData=[blockId=conID: 2 locID: 102734073356550564 bcsId: 0,size=4194304]} | ret=SUCCESS |  
2019-09-04 11:45:58,316 [grpc-default-executor-0] INFO  client.GrpcClientProtocolClient (GrpcClientProtocolClient.java:onNext(255)) - client-D5CE890D7D9E->efcb8ff8-f060-4d95-9215-d0f5eb4af037: receive RaftClientReply:client-D5CE890D7D9E->efcb8ff8-f060-4d95-9215-d0f5eb4af037@group-0959F8DF43ED, cid=773, SUCCESS, logIndex=999, commits[efcb8ff8-f060-4d95-9215-d0f5eb4af037:c1000, 6fae8b02-e804-4c0e-b729-a97b7404b7f6:c996, 4c3e8a66-6975-4917-8225-d3efe707aaff:c996]
2019-09-04 11:45:58,316 [grpc-default-executor-0] INFO  client.GrpcClientProtocolClient (GrpcClientProtocolClient.java:onNext(255)) - client-D5CE890D7D9E->efcb8ff8-f060-4d95-9215-d0f5eb4af037: receive RaftClientReply:client-D5CE890D7D9E->efcb8ff8-f060-4d95-9215-d0f5eb4af037@group-0959F8DF43ED, cid=774, SUCCESS, logIndex=1000, commits[efcb8ff8-f060-4d95-9215-d0f5eb4af037:c1000, 6fae8b02-e804-4c0e-b729-a97b7404b7f6:c996, 4c3e8a66-6975-4917-8225-d3efe707aaff:c996]
2019-09-04 11:45:58,339 | INFO  | DNAudit | user=null | ip=null | op=WRITE_CHUNK {blockData=conID: 2 locID: 102734073356550564 bcsId: 996} | ret=SUCCESS |  
2019-09-04 11:45:58,339 | INFO  | DNAudit | user=null | ip=null | op=WRITE_CHUNK {blockData=conID: 2 locID: 102734073356550564 bcsId: 996} | ret=SUCCESS |  
2019-09-04 11:45:58,340 | INFO  | DNAudit | user=null | ip=null | op=PUT_BLOCK {blockData=[blockId=conID: 2 locID: 102734073356550564 bcsId: 0,size=4194304]} | ret=SUCCESS |  
2019-09-04 11:45:58,340 | INFO  | DNAudit | user=null | ip=null | op=PUT_BLOCK {blockData=[blockId=conID: 2 locID: 102734073356550564 bcsId: 0,size=4194304]} | ret=SUCCESS |  
2019-09-04 11:45:58,341 [grpc-default-executor-0] INFO  client.GrpcClientProtocolClient (GrpcClientProtocolClient.java:onNext(255)) - client-D5CE890D7D9E->efcb8ff8-f060-4d95-9215-d0f5eb4af037: receive RaftClientReply:client-D5CE890D7D9E->efcb8ff8-f060-4d95-9215-d0f5eb4af037@group-0959F8DF43ED, cid=775, SUCCESS, logIndex=0, commits[efcb8ff8-f060-4d95-9215-d0f5eb4af037:c1002, 6fae8b02-e804-4c0e-b729-a97b7404b7f6:c1000, 4c3e8a66-6975-4917-8225-d3efe707aaff:c1000]
2019-09-04 11:45:58,349 | INFO  | DNAudit | user=null | ip=null | op=WRITE_CHUNK {blockData=conID: 3 locID: 102734073356550565 bcsId: 0} | ret=SUCCESS |  
2019-09-04 11:45:58,356 | INFO  | DNAudit | user=null | ip=null | op=WRITE_CHUNK {blockData=conID: 3 locID: 102734073356550565 bcsId: 0} | ret=SUCCESS |  
2019-09-04 11:45:58,356 | INFO  | DNAudit | user=null | ip=null | op=WRITE_CHUNK {blockData=conID: 3 locID: 102734073356550565 bcsId: 0} | ret=SUCCESS |  
2019-09-04 11:45:58,357 | INFO  | DNAudit | user=null | ip=null | op=WRITE_CHUNK {blockData=conID: 3 locID: 102734073356550565 bcsId: 0} | ret=SUCCESS |  
2019-09-04 11:45:58,358 | INFO  | DNAudit | user=null | ip=null | op=WRITE_CHUNK {blockData=conID: 3 locID: 102734073356550565 bcsId: 0} | ret=SUCCESS |  
2019-09-04 11:45:58,358 | INFO  | DNAudit | user=null | ip=null | op=WRITE_CHUNK {blockData=conID: 3 locID: 102734073356550565 bcsId: 0} | ret=SUCCESS |  
2019-09-04 11:45:58,370 | INFO  | DNAudit | user=null | ip=null | op=WRITE_CHUNK {blockData=conID: 3 locID: 102734073356550565 bcsId: 0} | ret=SUCCESS |  
2019-09-04 11:45:58,371 | INFO  | DNAudit | user=null | ip=null | op=PUT_BLOCK {blockData=[blockId=conID: 3 locID: 102734073356550565 bcsId: 0,size=1048576]} | ret=SUCCESS |  
2019-09-04 11:45:58,371 [grpc-default-executor-4] INFO  client.GrpcClientProtocolClient (GrpcClientProtocolClient.java:onNext(255)) - client-D5CE890D7D9E->efcb8ff8-f060-4d95-9215-d0f5eb4af037: receive RaftClientReply:client-D5CE890D7D9E->efcb8ff8-f060-4d95-9215-d0f5eb4af037@group-0959F8DF43ED, cid=776, SUCCESS, logIndex=1003, commits[efcb8ff8-f060-4d95-9215-d0f5eb4af037:c1004, 6fae8b02-e804-4c0e-b729-a97b7404b7f6:c1002, 4c3e8a66-6975-4917-8225-d3efe707aaff:c1002]
2019-09-04 11:45:58,371 [grpc-default-executor-4] INFO  client.GrpcClientProtocolClient (GrpcClientProtocolClient.java:onNext(255)) - client-D5CE890D7D9E->efcb8ff8-f060-4d95-9215-d0f5eb4af037: receive RaftClientReply:client-D5CE890D7D9E->efcb8ff8-f060-4d95-9215-d0f5eb4af037@group-0959F8DF43ED, cid=777, SUCCESS, logIndex=1004, commits[efcb8ff8-f060-4d95-9215-d0f5eb4af037:c1004, 6fae8b02-e804-4c0e-b729-a97b7404b7f6:c1002, 4c3e8a66-6975-4917-8225-d3efe707aaff:c1002]
2019-09-04 11:45:58,396 | INFO  | DNAudit | user=null | ip=null | op=WRITE_CHUNK {blockData=conID: 3 locID: 102734073356550565 bcsId: 0} | ret=SUCCESS |  
2019-09-04 11:45:58,396 | INFO  | DNAudit | user=null | ip=null | op=WRITE_CHUNK {blockData=conID: 3 locID: 102734073356550565 bcsId: 0} | ret=SUCCESS |  
2019-09-04 11:45:58,397 | INFO  | DNAudit | user=null | ip=null | op=PUT_BLOCK {blockData=[blockId=conID: 3 locID: 102734073356550565 bcsId: 0,size=2097152]} | ret=SUCCESS |  
2019-09-04 11:45:58,397 | INFO  | DNAudit | user=null | ip=null | op=WRITE_CHUNK {blockData=conID: 3 locID: 102734073356550565 bcsId: 0} | ret=SUCCESS |  
2019-09-04 11:45:58,397 | INFO  | DNAudit | user=null | ip=null | op=PUT_BLOCK {blockData=[blockId=conID: 3 locID: 102734073356550565 bcsId: 0,size=1048576]} | ret=SUCCESS |  
2019-09-04 11:45:58,397 | INFO  | DNAudit | user=null | ip=null | op=PUT_BLOCK {blockData=[blockId=conID: 3 locID: 102734073356550565 bcsId: 0,size=1048576]} | ret=SUCCESS |  
2019-09-04 11:45:58,397 [grpc-default-executor-6] INFO  client.GrpcClientProtocolClient (GrpcClientProtocolClient.java:onNext(255)) - client-D5CE890D7D9E->efcb8ff8-f060-4d95-9215-d0f5eb4af037: receive RaftClientReply:client-D5CE890D7D9E->efcb8ff8-f060-4d95-9215-d0f5eb4af037@group-0959F8DF43ED, cid=778, SUCCESS, logIndex=1005, commits[efcb8ff8-f060-4d95-9215-d0f5eb4af037:c1006, 6fae8b02-e804-4c0e-b729-a97b7404b7f6:c1002, 4c3e8a66-6975-4917-8225-d3efe707aaff:c1002]
2019-09-04 11:45:58,397 [grpc-default-executor-6] INFO  client.GrpcClientProtocolClient (GrpcClientProtocolClient.java:onNext(255)) - client-D5CE890D7D9E->efcb8ff8-f060-4d95-9215-d0f5eb4af037: receive RaftClientReply:client-D5CE890D7D9E->efcb8ff8-f060-4d95-9215-d0f5eb4af037@group-0959F8DF43ED, cid=779, SUCCESS, logIndex=1006, commits[efcb8ff8-f060-4d95-9215-d0f5eb4af037:c1007, 6fae8b02-e804-4c0e-b729-a97b7404b7f6:c1002, 4c3e8a66-6975-4917-8225-d3efe707aaff:c1004]
2019-09-04 11:45:58,398 [grpc-default-executor-6] INFO  client.GrpcClientProtocolClient (GrpcClientProtocolClient.java:onNext(255)) - client-D5CE890D7D9E->efcb8ff8-f060-4d95-9215-d0f5eb4af037: receive RaftClientReply:client-D5CE890D7D9E->efcb8ff8-f060-4d95-9215-d0f5eb4af037@group-0959F8DF43ED, cid=780, SUCCESS, logIndex=0, commits[efcb8ff8-f060-4d95-9215-d0f5eb4af037:c1010, 6fae8b02-e804-4c0e-b729-a97b7404b7f6:c1004, 4c3e8a66-6975-4917-8225-d3efe707aaff:c1004]
2019-09-04 11:45:58,406 | INFO  | DNAudit | user=null | ip=null | op=WRITE_CHUNK {blockData=conID: 3 locID: 102734073356550565 bcsId: 1006} | ret=SUCCESS |  
2019-09-04 11:45:58,409 | INFO  | DNAudit | user=null | ip=null | op=WRITE_CHUNK {blockData=conID: 3 locID: 102734073356550565 bcsId: 1006} | ret=SUCCESS |  
2019-09-04 11:45:58,409 | INFO  | DNAudit | user=null | ip=null | op=WRITE_CHUNK {blockData=conID: 3 locID: 102734073356550565 bcsId: 1006} | ret=SUCCESS |  
2019-09-04 11:45:58,423 | INFO  | DNAudit | user=null | ip=null | op=WRITE_CHUNK {blockData=conID: 3 locID: 102734073356550565 bcsId: 0} | ret=SUCCESS |  
2019-09-04 11:45:58,423 | INFO  | DNAudit | user=null | ip=null | op=WRITE_CHUNK {blockData=conID: 3 locID: 102734073356550565 bcsId: 0} | ret=SUCCESS |  
2019-09-04 11:45:58,423 | INFO  | DNAudit | user=null | ip=null | op=PUT_BLOCK {blockData=[blockId=conID: 3 locID: 102734073356550565 bcsId: 0,size=2097152]} | ret=SUCCESS |  
2019-09-04 11:45:58,423 | INFO  | DNAudit | user=null | ip=null | op=WRITE_CHUNK {blockData=conID: 3 locID: 102734073356550565 bcsId: 1006} | ret=SUCCESS |  
2019-09-04 11:45:58,423 | INFO  | DNAudit | user=null | ip=null | op=PUT_BLOCK {blockData=[blockId=conID: 3 locID: 102734073356550565 bcsId: 0,size=2097152]} | ret=SUCCESS |  
2019-09-04 11:45:58,424 | INFO  | DNAudit | user=null | ip=null | op=PUT_BLOCK {blockData=[blockId=conID: 3 locID: 102734073356550565 bcsId: 0,size=3145728]} | ret=SUCCESS |  
2019-09-04 11:45:58,424 [grpc-default-executor-1] INFO  client.GrpcClientProtocolClient (GrpcClientProtocolClient.java:onNext(255)) - client-D5CE890D7D9E->efcb8ff8-f060-4d95-9215-d0f5eb4af037: receive RaftClientReply:client-D5CE890D7D9E->efcb8ff8-f060-4d95-9215-d0f5eb4af037@group-0959F8DF43ED, cid=781, SUCCESS, logIndex=1011, commits[efcb8ff8-f060-4d95-9215-d0f5eb4af037:c1012, 6fae8b02-e804-4c0e-b729-a97b7404b7f6:c1010, 4c3e8a66-6975-4917-8225-d3efe707aaff:c1010]
2019-09-04 11:45:58,424 [grpc-default-executor-1] INFO  client.GrpcClientProtocolClient (GrpcClientProtocolClient.java:onNext(255)) - client-D5CE890D7D9E->efcb8ff8-f060-4d95-9215-d0f5eb4af037: receive RaftClientReply:client-D5CE890D7D9E->efcb8ff8-f060-4d95-9215-d0f5eb4af037@group-0959F8DF43ED, cid=782, SUCCESS, logIndex=1012, commits[efcb8ff8-f060-4d95-9215-d0f5eb4af037:c1012, 6fae8b02-e804-4c0e-b729-a97b7404b7f6:c1010, 4c3e8a66-6975-4917-8225-d3efe707aaff:c1010]
2019-09-04 11:45:58,431 | INFO  | DNAudit | user=null | ip=null | op=WRITE_CHUNK {blockData=conID: 3 locID: 102734073356550565 bcsId: 1012} | ret=SUCCESS |  
2019-09-04 11:45:58,433 | INFO  | DNAudit | user=null | ip=null | op=WRITE_CHUNK {blockData=conID: 3 locID: 102734073356550565 bcsId: 1012} | ret=SUCCESS |  
2019-09-04 11:45:58,433 | INFO  | DNAudit | user=null | ip=null | op=WRITE_CHUNK {blockData=conID: 3 locID: 102734073356550565 bcsId: 1012} | ret=SUCCESS |  
2019-09-04 11:45:58,441 | INFO  | DNAudit | user=null | ip=null | op=WRITE_CHUNK {blockData=conID: 3 locID: 102734073356550565 bcsId: 1006} | ret=SUCCESS |  
2019-09-04 11:45:58,441 | INFO  | DNAudit | user=null | ip=null | op=WRITE_CHUNK {blockData=conID: 3 locID: 102734073356550565 bcsId: 1006} | ret=SUCCESS |  
2019-09-04 11:45:58,442 | INFO  | DNAudit | user=null | ip=null | op=PUT_BLOCK {blockData=[blockId=conID: 3 locID: 102734073356550565 bcsId: 0,size=3145728]} | ret=SUCCESS |  
2019-09-04 11:45:58,442 | INFO  | DNAudit | user=null | ip=null | op=PUT_BLOCK {blockData=[blockId=conID: 3 locID: 102734073356550565 bcsId: 0,size=3145728]} | ret=SUCCESS |  
2019-09-04 11:45:58,443 | INFO  | DNAudit | user=null | ip=null | op=WRITE_CHUNK {blockData=conID: 3 locID: 102734073356550565 bcsId: 1012} | ret=SUCCESS |  
2019-09-04 11:45:58,443 | INFO  | DNAudit | user=null | ip=null | op=PUT_BLOCK {blockData=[blockId=conID: 3 locID: 102734073356550565 bcsId: 0,size=4194304]} | ret=SUCCESS |  
2019-09-04 11:45:58,443 [grpc-default-executor-6] INFO  client.GrpcClientProtocolClient (GrpcClientProtocolClient.java:onNext(255)) - client-D5CE890D7D9E->efcb8ff8-f060-4d95-9215-d0f5eb4af037: receive RaftClientReply:client-D5CE890D7D9E->efcb8ff8-f060-4d95-9215-d0f5eb4af037@group-0959F8DF43ED, cid=783, SUCCESS, logIndex=1015, commits[efcb8ff8-f060-4d95-9215-d0f5eb4af037:c1016, 6fae8b02-e804-4c0e-b729-a97b7404b7f6:c1012, 4c3e8a66-6975-4917-8225-d3efe707aaff:c1012]
2019-09-04 11:45:58,444 [grpc-default-executor-6] INFO  client.GrpcClientProtocolClient (GrpcClientProtocolClient.java:onNext(255)) - client-D5CE890D7D9E->efcb8ff8-f060-4d95-9215-d0f5eb4af037: receive RaftClientReply:client-D5CE890D7D9E->efcb8ff8-f060-4d95-9215-d0f5eb4af037@group-0959F8DF43ED, cid=784, SUCCESS, logIndex=1016, commits[efcb8ff8-f060-4d95-9215-d0f5eb4af037:c1016, 6fae8b02-e804-4c0e-b729-a97b7404b7f6:c1012, 4c3e8a66-6975-4917-8225-d3efe707aaff:c1012]
2019-09-04 11:45:58,545 | INFO  | DNAudit | user=null | ip=null | op=WRITE_CHUNK {blockData=conID: 3 locID: 102734073356550565 bcsId: 1012} | ret=SUCCESS |  
2019-09-04 11:45:58,550 | INFO  | DNAudit | user=null | ip=null | op=WRITE_CHUNK {blockData=conID: 3 locID: 102734073356550565 bcsId: 1012} | ret=SUCCESS |  
2019-09-04 11:45:58,621 | INFO  | DNAudit | user=null | ip=null | op=PUT_BLOCK {blockData=[blockId=conID: 3 locID: 102734073356550565 bcsId: 0,size=4194304]} | ret=SUCCESS |  
2019-09-04 11:45:58,621 | INFO  | DNAudit | user=null | ip=null | op=PUT_BLOCK {blockData=[blockId=conID: 3 locID: 102734073356550565 bcsId: 0,size=4194304]} | ret=SUCCESS |  
2019-09-04 11:45:58,622 [grpc-default-executor-6] INFO  client.GrpcClientProtocolClient (GrpcClientProtocolClient.java:onNext(255)) - client-D5CE890D7D9E->efcb8ff8-f060-4d95-9215-d0f5eb4af037: receive RaftClientReply:client-D5CE890D7D9E->efcb8ff8-f060-4d95-9215-d0f5eb4af037@group-0959F8DF43ED, cid=785, SUCCESS, logIndex=0, commits[efcb8ff8-f060-4d95-9215-d0f5eb4af037:c1018, 6fae8b02-e804-4c0e-b729-a97b7404b7f6:c1016, 4c3e8a66-6975-4917-8225-d3efe707aaff:c1016]
2019-09-04 11:45:58,631 | INFO  | DNAudit | user=null | ip=null | op=WRITE_CHUNK {blockData=conID: 1 locID: 102734073356550566 bcsId: 0} | ret=SUCCESS |  
2019-09-04 11:45:58,634 | INFO  | DNAudit | user=null | ip=null | op=WRITE_CHUNK {blockData=conID: 1 locID: 102734073356550566 bcsId: 0} | ret=SUCCESS |  
2019-09-04 11:45:58,634 | INFO  | DNAudit | user=null | ip=null | op=WRITE_CHUNK {blockData=conID: 1 locID: 102734073356550566 bcsId: 0} | ret=SUCCESS |  
2019-09-04 11:45:58,634 | INFO  | DNAudit | user=null | ip=null | op=WRITE_CHUNK {blockData=conID: 1 locID: 102734073356550566 bcsId: 0} | ret=SUCCESS |  
2019-09-04 11:45:58,636 | INFO  | DNAudit | user=null | ip=null | op=WRITE_CHUNK {blockData=conID: 1 locID: 102734073356550566 bcsId: 0} | ret=SUCCESS |  
2019-09-04 11:45:58,636 | INFO  | DNAudit | user=null | ip=null | op=WRITE_CHUNK {blockData=conID: 1 locID: 102734073356550566 bcsId: 0} | ret=SUCCESS |  
2019-09-04 11:45:58,670 | INFO  | SCMAudit | user=jenkins1000 | ip=192.168.36.67 | op=SEND_HEARTBEAT {datanodeUUID=6fae8b02-e804-4c0e-b729-a97b7404b7f6, command=[]} | ret=SUCCESS |  
2019-09-04 11:45:58,670 | INFO  | SCMAudit | user=jenkins1000 | ip=192.168.36.67 | op=SEND_HEARTBEAT {datanodeUUID=efcb8ff8-f060-4d95-9215-d0f5eb4af037, command=[]} | ret=SUCCESS |  
2019-09-04 11:45:58,670 | INFO  | SCMAudit | user=jenkins1000 | ip=192.168.36.67 | op=SEND_HEARTBEAT {datanodeUUID=4c3e8a66-6975-4917-8225-d3efe707aaff, command=[]} | ret=SUCCESS |  
2019-09-04 11:45:58,677 | INFO  | SCMAudit | user=jenkins1000 | ip=192.168.36.67 | op=SEND_HEARTBEAT {datanodeUUID=0b776101-1d39-4f23-96c0-6a8ead31197c, command=[]} | ret=SUCCESS |  
2019-09-04 11:45:58,798 | INFO  | DNAudit | user=null | ip=null | op=WRITE_CHUNK {blockData=conID: 1 locID: 102734073356550566 bcsId: 0} | ret=SUCCESS |  
2019-09-04 11:45:58,799 | INFO  | DNAudit | user=null | ip=null | op=PUT_BLOCK {blockData=[blockId=conID: 1 locID: 102734073356550566 bcsId: 0,size=1048576]} | ret=SUCCESS |  
2019-09-04 11:45:58,799 | INFO  | DNAudit | user=null | ip=null | op=WRITE_CHUNK {blockData=conID: 1 locID: 102734073356550566 bcsId: 0} | ret=SUCCESS |  
2019-09-04 11:45:58,799 [grpc-default-executor-1] INFO  client.GrpcClientProtocolClient (GrpcClientProtocolClient.java:onNext(255)) - client-D5CE890D7D9E->efcb8ff8-f060-4d95-9215-d0f5eb4af037: receive RaftClientReply:client-D5CE890D7D9E->efcb8ff8-f060-4d95-9215-d0f5eb4af037@group-0959F8DF43ED, cid=786, SUCCESS, logIndex=1019, commits[efcb8ff8-f060-4d95-9215-d0f5eb4af037:c1022, 6fae8b02-e804-4c0e-b729-a97b7404b7f6:c1018, 4c3e8a66-6975-4917-8225-d3efe707aaff:c1018]
2019-09-04 11:45:58,800 | INFO  | DNAudit | user=null | ip=null | op=PUT_BLOCK {blockData=[blockId=conID: 1 locID: 102734073356550566 bcsId: 0,size=2097152]} | ret=SUCCESS |  
2019-09-04 11:45:58,800 [grpc-default-executor-1] INFO  client.GrpcClientProtocolClient (GrpcClientProtocolClient.java:onNext(255)) - client-D5CE890D7D9E->efcb8ff8-f060-4d95-9215-d0f5eb4af037: receive RaftClientReply:client-D5CE890D7D9E->efcb8ff8-f060-4d95-9215-d0f5eb4af037@group-0959F8DF43ED, cid=787, SUCCESS, logIndex=1020, commits[efcb8ff8-f060-4d95-9215-d0f5eb4af037:c1022, 6fae8b02-e804-4c0e-b729-a97b7404b7f6:c1018, 4c3e8a66-6975-4917-8225-d3efe707aaff:c1018]
2019-09-04 11:45:58,801 [grpc-default-executor-1] INFO  client.GrpcClientProtocolClient (GrpcClientProtocolClient.java:onNext(255)) - client-D5CE890D7D9E->efcb8ff8-f060-4d95-9215-d0f5eb4af037: receive RaftClientReply:client-D5CE890D7D9E->efcb8ff8-f060-4d95-9215-d0f5eb4af037@group-0959F8DF43ED, cid=788, SUCCESS, logIndex=1021, commits[efcb8ff8-f060-4d95-9215-d0f5eb4af037:c1022, 6fae8b02-e804-4c0e-b729-a97b7404b7f6:c1018, 4c3e8a66-6975-4917-8225-d3efe707aaff:c1018]
2019-09-04 11:45:58,801 [grpc-default-executor-1] INFO  client.GrpcClientProtocolClient (GrpcClientProtocolClient.java:onNext(255)) - client-D5CE890D7D9E->efcb8ff8-f060-4d95-9215-d0f5eb4af037: receive RaftClientReply:client-D5CE890D7D9E->efcb8ff8-f060-4d95-9215-d0f5eb4af037@group-0959F8DF43ED, cid=789, SUCCESS, logIndex=1022, commits[efcb8ff8-f060-4d95-9215-d0f5eb4af037:c1022, 6fae8b02-e804-4c0e-b729-a97b7404b7f6:c1018, 4c3e8a66-6975-4917-8225-d3efe707aaff:c1018]
2019-09-04 11:45:58,814 | INFO  | DNAudit | user=null | ip=null | op=WRITE_CHUNK {blockData=conID: 1 locID: 102734073356550566 bcsId: 0} | ret=SUCCESS |  
2019-09-04 11:45:58,815 | INFO  | DNAudit | user=null | ip=null | op=PUT_BLOCK {blockData=[blockId=conID: 1 locID: 102734073356550566 bcsId: 0,size=1048576]} | ret=SUCCESS |  
2019-09-04 11:45:58,823 | INFO  | DNAudit | user=null | ip=null | op=WRITE_CHUNK {blockData=conID: 1 locID: 102734073356550566 bcsId: 0} | ret=SUCCESS |  
2019-09-04 11:45:58,824 | INFO  | DNAudit | user=null | ip=null | op=PUT_BLOCK {blockData=[blockId=conID: 1 locID: 102734073356550566 bcsId: 0,size=1048576]} | ret=SUCCESS |  
2019-09-04 11:45:58,824 | INFO  | DNAudit | user=null | ip=null | op=WRITE_CHUNK {blockData=conID: 1 locID: 102734073356550566 bcsId: 0} | ret=SUCCESS |  
2019-09-04 11:45:58,824 | INFO  | DNAudit | user=null | ip=null | op=WRITE_CHUNK {blockData=conID: 1 locID: 102734073356550566 bcsId: 0} | ret=SUCCESS |  
2019-09-04 11:45:58,825 | INFO  | DNAudit | user=null | ip=null | op=PUT_BLOCK {blockData=[blockId=conID: 1 locID: 102734073356550566 bcsId: 0,size=2097152]} | ret=SUCCESS |  
2019-09-04 11:45:58,824 [grpc-default-executor-1] INFO  client.GrpcClientProtocolClient (GrpcClientProtocolClient.java:onNext(255)) - client-D5CE890D7D9E->efcb8ff8-f060-4d95-9215-d0f5eb4af037: receive RaftClientReply:client-D5CE890D7D9E->efcb8ff8-f060-4d95-9215-d0f5eb4af037@group-0959F8DF43ED, cid=790, SUCCESS, logIndex=0, commits[efcb8ff8-f060-4d95-9215-d0f5eb4af037:c1023, 6fae8b02-e804-4c0e-b729-a97b7404b7f6:c1020, 4c3e8a66-6975-4917-8225-d3efe707aaff:c1020]
2019-09-04 11:45:58,825 | INFO  | DNAudit | user=null | ip=null | op=PUT_BLOCK {blockData=[blockId=conID: 1 locID: 102734073356550566 bcsId: 0,size=2097152]} | ret=SUCCESS |  
2019-09-04 11:45:58,833 | INFO  | DNAudit | user=null | ip=null | op=WRITE_CHUNK {blockData=conID: 1 locID: 102734073356550566 bcsId: 1022} | ret=SUCCESS |  
2019-09-04 11:45:58,836 | INFO  | DNAudit | user=null | ip=null | op=WRITE_CHUNK {blockData=conID: 1 locID: 102734073356550566 bcsId: 1022} | ret=SUCCESS |  
2019-09-04 11:45:58,836 | INFO  | DNAudit | user=null | ip=null | op=WRITE_CHUNK {blockData=conID: 1 locID: 102734073356550566 bcsId: 1022} | ret=SUCCESS |  
 0.00% |█                                                                                                    |  0/1 Time: 0:00:042019-09-04 11:45:58,864 | INFO  | DNAudit | user=null | ip=null | op=WRITE_CHUNK {blockData=conID: 1 locID: 102734073356550566 bcsId: 1022} | ret=SUCCESS |  
2019-09-04 11:45:58,865 | INFO  | DNAudit | user=null | ip=null | op=PUT_BLOCK {blockData=[blockId=conID: 1 locID: 102734073356550566 bcsId: 0,size=3145728]} | ret=SUCCESS |  
2019-09-04 11:45:58,866 [grpc-default-executor-4] INFO  client.GrpcClientProtocolClient (GrpcClientProtocolClient.java:onNext(255)) - client-D5CE890D7D9E->efcb8ff8-f060-4d95-9215-d0f5eb4af037: receive RaftClientReply:client-D5CE890D7D9E->efcb8ff8-f060-4d95-9215-d0f5eb4af037@group-0959F8DF43ED, cid=791, SUCCESS, logIndex=1027, commits[efcb8ff8-f060-4d95-9215-d0f5eb4af037:c1028, 6fae8b02-e804-4c0e-b729-a97b7404b7f6:c1026, 4c3e8a66-6975-4917-8225-d3efe707aaff:c1022]
2019-09-04 11:45:58,866 [grpc-default-executor-4] INFO  client.GrpcClientProtocolClient (GrpcClientProtocolClient.java:onNext(255)) - client-D5CE890D7D9E->efcb8ff8-f060-4d95-9215-d0f5eb4af037: receive RaftClientReply:client-D5CE890D7D9E->efcb8ff8-f060-4d95-9215-d0f5eb4af037@group-0959F8DF43ED, cid=792, SUCCESS, logIndex=1028, commits[efcb8ff8-f060-4d95-9215-d0f5eb4af037:c1028, 6fae8b02-e804-4c0e-b729-a97b7404b7f6:c1026, 4c3e8a66-6975-4917-8225-d3efe707aaff:c1026]
2019-09-04 11:45:58,875 | INFO  | DNAudit | user=null | ip=null | op=WRITE_CHUNK {blockData=conID: 1 locID: 102734073356550566 bcsId: 1022} | ret=SUCCESS |  
2019-09-04 11:45:58,876 | INFO  | DNAudit | user=null | ip=null | op=WRITE_CHUNK {blockData=conID: 1 locID: 102734073356550566 bcsId: 1022} | ret=SUCCESS |  
2019-09-04 11:45:58,876 | INFO  | DNAudit | user=null | ip=null | op=PUT_BLOCK {blockData=[blockId=conID: 1 locID: 102734073356550566 bcsId: 0,size=3145728]} | ret=SUCCESS |  
2019-09-04 11:45:58,876 | INFO  | DNAudit | user=null | ip=null | op=PUT_BLOCK {blockData=[blockId=conID: 1 locID: 102734073356550566 bcsId: 0,size=3145728]} | ret=SUCCESS |  
2019-09-04 11:45:58,878 | INFO  | DNAudit | user=null | ip=null | op=WRITE_CHUNK {blockData=conID: 1 locID: 102734073356550566 bcsId: 1028} | ret=SUCCESS |  
2019-09-04 11:45:58,880 | INFO  | DNAudit | user=null | ip=null | op=WRITE_CHUNK {blockData=conID: 1 locID: 102734073356550566 bcsId: 1028} | ret=SUCCESS |  
2019-09-04 11:45:58,881 | INFO  | DNAudit | user=null | ip=null | op=WRITE_CHUNK {blockData=conID: 1 locID: 102734073356550566 bcsId: 1028} | ret=SUCCESS |  
2019-09-04 11:45:58,894 | INFO  | DNAudit | user=null | ip=null | op=WRITE_CHUNK {blockData=conID: 1 locID: 102734073356550566 bcsId: 1028} | ret=SUCCESS |  
2019-09-04 11:45:58,895 | INFO  | DNAudit | user=null | ip=null | op=PUT_BLOCK {blockData=[blockId=conID: 1 locID: 102734073356550566 bcsId: 0,size=4194304]} | ret=SUCCESS |  
2019-09-04 11:45:58,895 [grpc-default-executor-4] INFO  client.GrpcClientProtocolClient (GrpcClientProtocolClient.java:onNext(255)) - client-D5CE890D7D9E->efcb8ff8-f060-4d95-9215-d0f5eb4af037: receive RaftClientReply:client-D5CE890D7D9E->efcb8ff8-f060-4d95-9215-d0f5eb4af037@group-0959F8DF43ED, cid=793, SUCCESS, logIndex=1031, commits[efcb8ff8-f060-4d95-9215-d0f5eb4af037:c1032, 6fae8b02-e804-4c0e-b729-a97b7404b7f6:c1029, 4c3e8a66-6975-4917-8225-d3efe707aaff:c1029]
2019-09-04 11:45:58,895 [grpc-default-executor-4] INFO  client.GrpcClientProtocolClient (GrpcClientProtocolClient.java:onNext(255)) - client-D5CE890D7D9E->efcb8ff8-f060-4d95-9215-d0f5eb4af037: receive RaftClientReply:client-D5CE890D7D9E->efcb8ff8-f060-4d95-9215-d0f5eb4af037@group-0959F8DF43ED, cid=794, SUCCESS, logIndex=1032, commits[efcb8ff8-f060-4d95-9215-d0f5eb4af037:c1032, 6fae8b02-e804-4c0e-b729-a97b7404b7f6:c1029, 4c3e8a66-6975-4917-8225-d3efe707aaff:c1029]
2019-09-04 11:45:58,914 | INFO  | DNAudit | user=null | ip=null | op=WRITE_CHUNK {blockData=conID: 1 locID: 102734073356550566 bcsId: 1028} | ret=SUCCESS |  
2019-09-04 11:45:58,915 | INFO  | DNAudit | user=null | ip=null | op=WRITE_CHUNK {blockData=conID: 1 locID: 102734073356550566 bcsId: 1028} | ret=SUCCESS |  
2019-09-04 11:45:58,915 | INFO  | DNAudit | user=null | ip=null | op=PUT_BLOCK {blockData=[blockId=conID: 1 locID: 102734073356550566 bcsId: 0,size=4194304]} | ret=SUCCESS |  
2019-09-04 11:45:58,915 | INFO  | DNAudit | user=null | ip=null | op=PUT_BLOCK {blockData=[blockId=conID: 1 locID: 102734073356550566 bcsId: 0,size=4194304]} | ret=SUCCESS |  
2019-09-04 11:45:58,916 [grpc-default-executor-6] INFO  client.GrpcClientProtocolClient (GrpcClientProtocolClient.java:onNext(255)) - client-D5CE890D7D9E->efcb8ff8-f060-4d95-9215-d0f5eb4af037: receive RaftClientReply:client-D5CE890D7D9E->efcb8ff8-f060-4d95-9215-d0f5eb4af037@group-0959F8DF43ED, cid=795, SUCCESS, logIndex=0, commits[efcb8ff8-f060-4d95-9215-d0f5eb4af037:c1033, 6fae8b02-e804-4c0e-b729-a97b7404b7f6:c1032, 4c3e8a66-6975-4917-8225-d3efe707aaff:c1032]
2019-09-04 11:45:58,924 | INFO  | DNAudit | user=null | ip=null | op=WRITE_CHUNK {blockData=conID: 2 locID: 102734073356550567 bcsId: 0} | ret=SUCCESS |  
2019-09-04 11:45:58,926 | INFO  | DNAudit | user=null | ip=null | op=WRITE_CHUNK {blockData=conID: 2 locID: 102734073356550567 bcsId: 0} | ret=SUCCESS |  
2019-09-04 11:45:58,927 | INFO  | DNAudit | user=null | ip=null | op=WRITE_CHUNK {blockData=conID: 2 locID: 102734073356550567 bcsId: 0} | ret=SUCCESS |  
2019-09-04 11:45:58,927 | INFO  | DNAudit | user=null | ip=null | op=WRITE_CHUNK {blockData=conID: 2 locID: 102734073356550567 bcsId: 0} | ret=SUCCESS |  
2019-09-04 11:45:58,929 | INFO  | DNAudit | user=null | ip=null | op=WRITE_CHUNK {blockData=conID: 2 locID: 102734073356550567 bcsId: 0} | ret=SUCCESS |  
2019-09-04 11:45:58,929 | INFO  | DNAudit | user=null | ip=null | op=WRITE_CHUNK {blockData=conID: 2 locID: 102734073356550567 bcsId: 0} | ret=SUCCESS |  
2019-09-04 11:45:58,951 | INFO  | DNAudit | user=null | ip=null | op=WRITE_CHUNK {blockData=conID: 2 locID: 102734073356550567 bcsId: 0} | ret=SUCCESS |  
2019-09-04 11:45:58,951 | INFO  | DNAudit | user=null | ip=null | op=PUT_BLOCK {blockData=[blockId=conID: 2 locID: 102734073356550567 bcsId: 0,size=1048576]} | ret=SUCCESS |  
2019-09-04 11:45:58,951 [grpc-default-executor-4] INFO  client.GrpcClientProtocolClient (GrpcClientProtocolClient.java:onNext(255)) - client-D5CE890D7D9E->efcb8ff8-f060-4d95-9215-d0f5eb4af037: receive RaftClientReply:client-D5CE890D7D9E->efcb8ff8-f060-4d95-9215-d0f5eb4af037@group-0959F8DF43ED, cid=796, SUCCESS, logIndex=1035, commits[efcb8ff8-f060-4d95-9215-d0f5eb4af037:c1036, 6fae8b02-e804-4c0e-b729-a97b7404b7f6:c1034, 4c3e8a66-6975-4917-8225-d3efe707aaff:c1034]
2019-09-04 11:45:58,952 | INFO  | DNAudit | user=null | ip=null | op=WRITE_CHUNK {blockData=conID: 2 locID: 102734073356550567 bcsId: 0} | ret=SUCCESS |  
2019-09-04 11:45:58,952 | INFO  | DNAudit | user=null | ip=null | op=PUT_BLOCK {blockData=[blockId=conID: 2 locID: 102734073356550567 bcsId: 0,size=2097152]} | ret=SUCCESS |  
2019-09-04 11:45:58,952 [grpc-default-executor-4] INFO  client.GrpcClientProtocolClient (GrpcClientProtocolClient.java:onNext(255)) - client-D5CE890D7D9E->efcb8ff8-f060-4d95-9215-d0f5eb4af037: receive RaftClientReply:client-D5CE890D7D9E->efcb8ff8-f060-4d95-9215-d0f5eb4af037@group-0959F8DF43ED, cid=797, SUCCESS, logIndex=1036, commits[efcb8ff8-f060-4d95-9215-d0f5eb4af037:c1038, 6fae8b02-e804-4c0e-b729-a97b7404b7f6:c1034, 4c3e8a66-6975-4917-8225-d3efe707aaff:c1034]
2019-09-04 11:45:58,952 [grpc-default-executor-4] INFO  client.GrpcClientProtocolClient (GrpcClientProtocolClient.java:onNext(255)) - client-D5CE890D7D9E->efcb8ff8-f060-4d95-9215-d0f5eb4af037: receive RaftClientReply:client-D5CE890D7D9E->efcb8ff8-f060-4d95-9215-d0f5eb4af037@group-0959F8DF43ED, cid=798, SUCCESS, logIndex=1037, commits[efcb8ff8-f060-4d95-9215-d0f5eb4af037:c1038, 6fae8b02-e804-4c0e-b729-a97b7404b7f6:c1034, 4c3e8a66-6975-4917-8225-d3efe707aaff:c1034]
2019-09-04 11:45:58,953 [grpc-default-executor-4] INFO  client.GrpcClientProtocolClient (GrpcClientProtocolClient.java:onNext(255)) - client-D5CE890D7D9E->efcb8ff8-f060-4d95-9215-d0f5eb4af037: receive RaftClientReply:client-D5CE890D7D9E->efcb8ff8-f060-4d95-9215-d0f5eb4af037@group-0959F8DF43ED, cid=799, SUCCESS, logIndex=1038, commits[efcb8ff8-f060-4d95-9215-d0f5eb4af037:c1038, 6fae8b02-e804-4c0e-b729-a97b7404b7f6:c1034, 4c3e8a66-6975-4917-8225-d3efe707aaff:c1034]
2019-09-04 11:45:58,987 | INFO  | DNAudit | user=null | ip=null | op=WRITE_CHUNK {blockData=conID: 2 locID: 102734073356550567 bcsId: 0} | ret=SUCCESS |  
2019-09-04 11:45:58,987 | INFO  | DNAudit | user=null | ip=null | op=WRITE_CHUNK {blockData=conID: 2 locID: 102734073356550567 bcsId: 0} | ret=SUCCESS |  
2019-09-04 11:45:58,988 | INFO  | DNAudit | user=null | ip=null | op=PUT_BLOCK {blockData=[blockId=conID: 2 locID: 102734073356550567 bcsId: 0,size=1048576]} | ret=SUCCESS |  
2019-09-04 11:45:58,988 | INFO  | DNAudit | user=null | ip=null | op=PUT_BLOCK {blockData=[blockId=conID: 2 locID: 102734073356550567 bcsId: 0,size=1048576]} | ret=SUCCESS |  
2019-09-04 11:45:58,988 [grpc-default-executor-4] INFO  client.GrpcClientProtocolClient (GrpcClientProtocolClient.java:onNext(255)) - client-D5CE890D7D9E->efcb8ff8-f060-4d95-9215-d0f5eb4af037: receive RaftClientReply:client-D5CE890D7D9E->efcb8ff8-f060-4d95-9215-d0f5eb4af037@group-0959F8DF43ED, cid=800, SUCCESS, logIndex=0, commits[efcb8ff8-f060-4d95-9215-d0f5eb4af037:c1039, 6fae8b02-e804-4c0e-b729-a97b7404b7f6:c1036, 4c3e8a66-6975-4917-8225-d3efe707aaff:c1036]
2019-09-04 11:45:58,988 | INFO  | DNAudit | user=null | ip=null | op=WRITE_CHUNK {blockData=conID: 2 locID: 102734073356550567 bcsId: 0} | ret=SUCCESS |  
2019-09-04 11:45:58,989 | INFO  | DNAudit | user=null | ip=null | op=WRITE_CHUNK {blockData=conID: 2 locID: 102734073356550567 bcsId: 0} | ret=SUCCESS |  
2019-09-04 11:45:58,989 | INFO  | DNAudit | user=null | ip=null | op=PUT_BLOCK {blockData=[blockId=conID: 2 locID: 102734073356550567 bcsId: 0,size=2097152]} | ret=SUCCESS |  
2019-09-04 11:45:58,989 | INFO  | DNAudit | user=null | ip=null | op=PUT_BLOCK {blockData=[blockId=conID: 2 locID: 102734073356550567 bcsId: 0,size=2097152]} | ret=SUCCESS |  
2019-09-04 11:45:58,996 | INFO  | DNAudit | user=null | ip=null | op=WRITE_CHUNK {blockData=conID: 2 locID: 102734073356550567 bcsId: 1038} | ret=SUCCESS |  
2019-09-04 11:45:58,998 | INFO  | DNAudit | user=null | ip=null | op=WRITE_CHUNK {blockData=conID: 2 locID: 102734073356550567 bcsId: 1038} | ret=SUCCESS |  
2019-09-04 11:45:58,998 | INFO  | DNAudit | user=null | ip=null | op=WRITE_CHUNK {blockData=conID: 2 locID: 102734073356550567 bcsId: 1038} | ret=SUCCESS |  
2019-09-04 11:45:59,013 | INFO  | DNAudit | user=null | ip=null | op=WRITE_CHUNK {blockData=conID: 2 locID: 102734073356550567 bcsId: 1038} | ret=SUCCESS |  
2019-09-04 11:45:59,014 | INFO  | DNAudit | user=null | ip=null | op=PUT_BLOCK {blockData=[blockId=conID: 2 locID: 102734073356550567 bcsId: 0,size=3145728]} | ret=SUCCESS |  
2019-09-04 11:45:59,014 [grpc-default-executor-4] INFO  client.GrpcClientProtocolClient (GrpcClientProtocolClient.java:onNext(255)) - client-D5CE890D7D9E->efcb8ff8-f060-4d95-9215-d0f5eb4af037: receive RaftClientReply:client-D5CE890D7D9E->efcb8ff8-f060-4d95-9215-d0f5eb4af037@group-0959F8DF43ED, cid=801, SUCCESS, logIndex=1043, commits[efcb8ff8-f060-4d95-9215-d0f5eb4af037:c1044, 6fae8b02-e804-4c0e-b729-a97b7404b7f6:c1042, 4c3e8a66-6975-4917-8225-d3efe707aaff:c1042]
2019-09-04 11:45:59,015 [grpc-default-executor-4] INFO  client.GrpcClientProtocolClient (GrpcClientProtocolClient.java:onNext(255)) - client-D5CE890D7D9E->efcb8ff8-f060-4d95-9215-d0f5eb4af037: receive RaftClientReply:client-D5CE890D7D9E->efcb8ff8-f060-4d95-9215-d0f5eb4af037@group-0959F8DF43ED, cid=802, SUCCESS, logIndex=1044, commits[efcb8ff8-f060-4d95-9215-d0f5eb4af037:c1044, 6fae8b02-e804-4c0e-b729-a97b7404b7f6:c1042, 4c3e8a66-6975-4917-8225-d3efe707aaff:c1042]
2019-09-04 11:45:59,022 | INFO  | DNAudit | user=null | ip=null | op=WRITE_CHUNK {blockData=conID: 2 locID: 102734073356550567 bcsId: 1044} | ret=SUCCESS |  
2019-09-04 11:45:59,024 | INFO  | DNAudit | user=null | ip=null | op=WRITE_CHUNK {blockData=conID: 2 locID: 102734073356550567 bcsId: 1044} | ret=SUCCESS |  
2019-09-04 11:45:59,024 | INFO  | DNAudit | user=null | ip=null | op=WRITE_CHUNK {blockData=conID: 2 locID: 102734073356550567 bcsId: 1044} | ret=SUCCESS |  
2019-09-04 11:45:59,034 | INFO  | DNAudit | user=null | ip=null | op=WRITE_CHUNK {blockData=conID: 2 locID: 102734073356550567 bcsId: 1038} | ret=SUCCESS |  
2019-09-04 11:45:59,047 | INFO  | DNAudit | user=null | ip=null | op=WRITE_CHUNK {blockData=conID: 2 locID: 102734073356550567 bcsId: 1038} | ret=SUCCESS |  
2019-09-04 11:45:59,047 | INFO  | DNAudit | user=null | ip=null | op=PUT_BLOCK {blockData=[blockId=conID: 2 locID: 102734073356550567 bcsId: 0,size=3145728]} | ret=SUCCESS |  
2019-09-04 11:45:59,047 | INFO  | DNAudit | user=null | ip=null | op=PUT_BLOCK {blockData=[blockId=conID: 2 locID: 102734073356550567 bcsId: 0,size=3145728]} | ret=SUCCESS |  
2019-09-04 11:45:59,049 | INFO  | DNAudit | user=null | ip=null | op=WRITE_CHUNK {blockData=conID: 2 locID: 102734073356550567 bcsId: 1044} | ret=SUCCESS |  
2019-09-04 11:45:59,049 | INFO  | DNAudit | user=null | ip=null | op=PUT_BLOCK {blockData=[blockId=conID: 2 locID: 102734073356550567 bcsId: 0,size=4194304]} | ret=SUCCESS |  
2019-09-04 11:45:59,049 [grpc-default-executor-4] INFO  client.GrpcClientProtocolClient (GrpcClientProtocolClient.java:onNext(255)) - client-D5CE890D7D9E->efcb8ff8-f060-4d95-9215-d0f5eb4af037: receive RaftClientReply:client-D5CE890D7D9E->efcb8ff8-f060-4d95-9215-d0f5eb4af037@group-0959F8DF43ED, cid=803, SUCCESS, logIndex=1047, commits[efcb8ff8-f060-4d95-9215-d0f5eb4af037:c1048, 6fae8b02-e804-4c0e-b729-a97b7404b7f6:c1044, 4c3e8a66-6975-4917-8225-d3efe707aaff:c1044]
2019-09-04 11:45:59,050 [grpc-default-executor-4] INFO  client.GrpcClientProtocolClient (GrpcClientProtocolClient.java:onNext(255)) - client-D5CE890D7D9E->efcb8ff8-f060-4d95-9215-d0f5eb4af037: receive RaftClientReply:client-D5CE890D7D9E->efcb8ff8-f060-4d95-9215-d0f5eb4af037@group-0959F8DF43ED, cid=804, SUCCESS, logIndex=1048, commits[efcb8ff8-f060-4d95-9215-d0f5eb4af037:c1048, 6fae8b02-e804-4c0e-b729-a97b7404b7f6:c1044, 4c3e8a66-6975-4917-8225-d3efe707aaff:c1044]
2019-09-04 11:45:59,065 | INFO  | DNAudit | user=null | ip=null | op=WRITE_CHUNK {blockData=conID: 2 locID: 102734073356550567 bcsId: 1044} | ret=SUCCESS |  
2019-09-04 11:45:59,065 | INFO  | DNAudit | user=null | ip=null | op=WRITE_CHUNK {blockData=conID: 2 locID: 102734073356550567 bcsId: 1044} | ret=SUCCESS |  
2019-09-04 11:45:59,067 | INFO  | DNAudit | user=null | ip=null | op=PUT_BLOCK {blockData=[blockId=conID: 2 locID: 102734073356550567 bcsId: 0,size=4194304]} | ret=SUCCESS |  
2019-09-04 11:45:59,068 | INFO  | DNAudit | user=null | ip=null | op=PUT_BLOCK {blockData=[blockId=conID: 2 locID: 102734073356550567 bcsId: 0,size=4194304]} | ret=SUCCESS |  
2019-09-04 11:45:59,071 [grpc-default-executor-1] INFO  client.GrpcClientProtocolClient (GrpcClientProtocolClient.java:onNext(255)) - client-D5CE890D7D9E->efcb8ff8-f060-4d95-9215-d0f5eb4af037: receive RaftClientReply:client-D5CE890D7D9E->efcb8ff8-f060-4d95-9215-d0f5eb4af037@group-0959F8DF43ED, cid=805, SUCCESS, logIndex=0, commits[efcb8ff8-f060-4d95-9215-d0f5eb4af037:c1050, 6fae8b02-e804-4c0e-b729-a97b7404b7f6:c1048, 4c3e8a66-6975-4917-8225-d3efe707aaff:c1048]
2019-09-04 11:45:59,078 | INFO  | DNAudit | user=null | ip=null | op=WRITE_CHUNK {blockData=conID: 3 locID: 102734073356550568 bcsId: 0} | ret=SUCCESS |  
2019-09-04 11:45:59,079 | INFO  | DNAudit | user=null | ip=null | op=WRITE_CHUNK {blockData=conID: 3 locID: 102734073356550568 bcsId: 0} | ret=SUCCESS |  
2019-09-04 11:45:59,081 | INFO  | SCMAudit | user=jenkins1000 | ip=192.168.36.67 | op=SEND_HEARTBEAT {datanodeUUID=b68b188c-7f38-42ae-8403-46a39acd0731, command=[]} | ret=SUCCESS |  
2019-09-04 11:45:59,081 | INFO  | DNAudit | user=null | ip=null | op=WRITE_CHUNK {blockData=conID: 3 locID: 102734073356550568 bcsId: 0} | ret=SUCCESS |  
2019-09-04 11:45:59,081 | INFO  | DNAudit | user=null | ip=null | op=WRITE_CHUNK {blockData=conID: 3 locID: 102734073356550568 bcsId: 0} | ret=SUCCESS |  
2019-09-04 11:45:59,082 | INFO  | DNAudit | user=null | ip=null | op=WRITE_CHUNK {blockData=conID: 3 locID: 102734073356550568 bcsId: 0} | ret=SUCCESS |  
2019-09-04 11:45:59,082 | INFO  | DNAudit | user=null | ip=null | op=WRITE_CHUNK {blockData=conID: 3 locID: 102734073356550568 bcsId: 0} | ret=SUCCESS |  
2019-09-04 11:45:59,098 | INFO  | DNAudit | user=null | ip=null | op=WRITE_CHUNK {blockData=conID: 3 locID: 102734073356550568 bcsId: 0} | ret=SUCCESS |  
2019-09-04 11:45:59,099 | INFO  | DNAudit | user=null | ip=null | op=PUT_BLOCK {blockData=[blockId=conID: 3 locID: 102734073356550568 bcsId: 0,size=1048576]} | ret=SUCCESS |  
2019-09-04 11:45:59,099 | INFO  | DNAudit | user=null | ip=null | op=WRITE_CHUNK {blockData=conID: 3 locID: 102734073356550568 bcsId: 0} | ret=SUCCESS |  
2019-09-04 11:45:59,099 [grpc-default-executor-0] INFO  client.GrpcClientProtocolClient (GrpcClientProtocolClient.java:onNext(255)) - client-D5CE890D7D9E->efcb8ff8-f060-4d95-9215-d0f5eb4af037: receive RaftClientReply:client-D5CE890D7D9E->efcb8ff8-f060-4d95-9215-d0f5eb4af037@group-0959F8DF43ED, cid=806, SUCCESS, logIndex=1051, commits[efcb8ff8-f060-4d95-9215-d0f5eb4af037:c1054, 6fae8b02-e804-4c0e-b729-a97b7404b7f6:c1048, 4c3e8a66-6975-4917-8225-d3efe707aaff:c1050]
2019-09-04 11:45:59,099 | INFO  | DNAudit | user=null | ip=null | op=PUT_BLOCK {blockData=[blockId=conID: 3 locID: 102734073356550568 bcsId: 0,size=2097152]} | ret=SUCCESS |  
2019-09-04 11:45:59,099 [grpc-default-executor-0] INFO  client.GrpcClientProtocolClient (GrpcClientProtocolClient.java:onNext(255)) - client-D5CE890D7D9E->efcb8ff8-f060-4d95-9215-d0f5eb4af037: receive RaftClientReply:client-D5CE890D7D9E->efcb8ff8-f060-4d95-9215-d0f5eb4af037@group-0959F8DF43ED, cid=807, SUCCESS, logIndex=1052, commits[efcb8ff8-f060-4d95-9215-d0f5eb4af037:c1054, 6fae8b02-e804-4c0e-b729-a97b7404b7f6:c1050, 4c3e8a66-6975-4917-8225-d3efe707aaff:c1050]
2019-09-04 11:45:59,100 [grpc-default-executor-0] INFO  client.GrpcClientProtocolClient (GrpcClientProtocolClient.java:onNext(255)) - client-D5CE890D7D9E->efcb8ff8-f060-4d95-9215-d0f5eb4af037: receive RaftClientReply:client-D5CE890D7D9E->efcb8ff8-f060-4d95-9215-d0f5eb4af037@group-0959F8DF43ED, cid=808, SUCCESS, logIndex=1053, commits[efcb8ff8-f060-4d95-9215-d0f5eb4af037:c1054, 6fae8b02-e804-4c0e-b729-a97b7404b7f6:c1050, 4c3e8a66-6975-4917-8225-d3efe707aaff:c1050]
2019-09-04 11:45:59,100 [grpc-default-executor-0] INFO  client.GrpcClientProtocolClient (GrpcClientProtocolClient.java:onNext(255)) - client-D5CE890D7D9E->efcb8ff8-f060-4d95-9215-d0f5eb4af037: receive RaftClientReply:client-D5CE890D7D9E->efcb8ff8-f060-4d95-9215-d0f5eb4af037@group-0959F8DF43ED, cid=809, SUCCESS, logIndex=1054, commits[efcb8ff8-f060-4d95-9215-d0f5eb4af037:c1054, 6fae8b02-e804-4c0e-b729-a97b7404b7f6:c1050, 4c3e8a66-6975-4917-8225-d3efe707aaff:c1050]
2019-09-04 11:45:59,120 | INFO  | DNAudit | user=null | ip=null | op=WRITE_CHUNK {blockData=conID: 3 locID: 102734073356550568 bcsId: 0} | ret=SUCCESS |  
2019-09-04 11:45:59,120 | INFO  | DNAudit | user=null | ip=null | op=WRITE_CHUNK {blockData=conID: 3 locID: 102734073356550568 bcsId: 0} | ret=SUCCESS |  
2019-09-04 11:45:59,121 | INFO  | DNAudit | user=null | ip=null | op=PUT_BLOCK {blockData=[blockId=conID: 3 locID: 102734073356550568 bcsId: 0,size=1048576]} | ret=SUCCESS |  
2019-09-04 11:45:59,144 | INFO  | DNAudit | user=null | ip=null | op=WRITE_CHUNK {blockData=conID: 3 locID: 102734073356550568 bcsId: 0} | ret=SUCCESS |  
2019-09-04 11:45:59,144 | INFO  | DNAudit | user=null | ip=null | op=PUT_BLOCK {blockData=[blockId=conID: 3 locID: 102734073356550568 bcsId: 0,size=1048576]} | ret=SUCCESS |  
2019-09-04 11:45:59,144 | INFO  | DNAudit | user=null | ip=null | op=PUT_BLOCK {blockData=[blockId=conID: 3 locID: 102734073356550568 bcsId: 0,size=2097152]} | ret=SUCCESS |  
2019-09-04 11:45:59,144 | INFO  | DNAudit | user=null | ip=null | op=WRITE_CHUNK {blockData=conID: 3 locID: 102734073356550568 bcsId: 0} | ret=SUCCESS |  
2019-09-04 11:45:59,145 | INFO  | DNAudit | user=null | ip=null | op=PUT_BLOCK {blockData=[blockId=conID: 3 locID: 102734073356550568 bcsId: 0,size=2097152]} | ret=SUCCESS |  
2019-09-04 11:45:59,145 [grpc-default-executor-4] INFO  client.GrpcClientProtocolClient (GrpcClientProtocolClient.java:onNext(255)) - client-D5CE890D7D9E->efcb8ff8-f060-4d95-9215-d0f5eb4af037: receive RaftClientReply:client-D5CE890D7D9E->efcb8ff8-f060-4d95-9215-d0f5eb4af037@group-0959F8DF43ED, cid=810, SUCCESS, logIndex=0, commits[efcb8ff8-f060-4d95-9215-d0f5eb4af037:c1058, 6fae8b02-e804-4c0e-b729-a97b7404b7f6:c1054, 4c3e8a66-6975-4917-8225-d3efe707aaff:c1054]
2019-09-04 11:45:59,153 | INFO  | DNAudit | user=null | ip=null | op=WRITE_CHUNK {blockData=conID: 3 locID: 102734073356550568 bcsId: 1054} | ret=SUCCESS |  
2019-09-04 11:45:59,155 | INFO  | DNAudit | user=null | ip=null | op=WRITE_CHUNK {blockData=conID: 3 locID: 102734073356550568 bcsId: 1054} | ret=SUCCESS |  
2019-09-04 11:45:59,155 | INFO  | DNAudit | user=null | ip=null | op=WRITE_CHUNK {blockData=conID: 3 locID: 102734073356550568 bcsId: 1054} | ret=SUCCESS |  
2019-09-04 11:45:59,167 | INFO  | DNAudit | user=null | ip=null | op=WRITE_CHUNK {blockData=conID: 3 locID: 102734073356550568 bcsId: 1054} | ret=SUCCESS |  
2019-09-04 11:45:59,168 | INFO  | DNAudit | user=null | ip=null | op=PUT_BLOCK {blockData=[blockId=conID: 3 locID: 102734073356550568 bcsId: 0,size=3145728]} | ret=SUCCESS |  
2019-09-04 11:45:59,168 [grpc-default-executor-4] INFO  client.GrpcClientProtocolClient (GrpcClientProtocolClient.java:onNext(255)) - client-D5CE890D7D9E->efcb8ff8-f060-4d95-9215-d0f5eb4af037: receive RaftClientReply:client-D5CE890D7D9E->efcb8ff8-f060-4d95-9215-d0f5eb4af037@group-0959F8DF43ED, cid=811, SUCCESS, logIndex=1059, commits[efcb8ff8-f060-4d95-9215-d0f5eb4af037:c1060, 6fae8b02-e804-4c0e-b729-a97b7404b7f6:c1058, 4c3e8a66-6975-4917-8225-d3efe707aaff:c1058]
2019-09-04 11:45:59,169 [grpc-default-executor-4] INFO  client.GrpcClientProtocolClient (GrpcClientProtocolClient.java:onNext(255)) - client-D5CE890D7D9E->efcb8ff8-f060-4d95-9215-d0f5eb4af037: receive RaftClientReply:client-D5CE890D7D9E->efcb8ff8-f060-4d95-9215-d0f5eb4af037@group-0959F8DF43ED, cid=812, SUCCESS, logIndex=1060, commits[efcb8ff8-f060-4d95-9215-d0f5eb4af037:c1060, 6fae8b02-e804-4c0e-b729-a97b7404b7f6:c1058, 4c3e8a66-6975-4917-8225-d3efe707aaff:c1058]
2019-09-04 11:45:59,178 | INFO  | DNAudit | user=null | ip=null | op=WRITE_CHUNK {blockData=conID: 3 locID: 102734073356550568 bcsId: 1060} | ret=SUCCESS |  
2019-09-04 11:45:59,180 | INFO  | DNAudit | user=null | ip=null | op=WRITE_CHUNK {blockData=conID: 3 locID: 102734073356550568 bcsId: 1060} | ret=SUCCESS |  
2019-09-04 11:45:59,180 | INFO  | DNAudit | user=null | ip=null | op=WRITE_CHUNK {blockData=conID: 3 locID: 102734073356550568 bcsId: 1060} | ret=SUCCESS |  
2019-09-04 11:45:59,186 | INFO  | DNAudit | user=null | ip=null | op=WRITE_CHUNK {blockData=conID: 3 locID: 102734073356550568 bcsId: 1054} | ret=SUCCESS |  
2019-09-04 11:45:59,186 | INFO  | DNAudit | user=null | ip=null | op=WRITE_CHUNK {blockData=conID: 3 locID: 102734073356550568 bcsId: 1054} | ret=SUCCESS |  
2019-09-04 11:45:59,187 | INFO  | DNAudit | user=null | ip=null | op=PUT_BLOCK {blockData=[blockId=conID: 3 locID: 102734073356550568 bcsId: 0,size=3145728]} | ret=SUCCESS |  
2019-09-04 11:45:59,187 | INFO  | DNAudit | user=null | ip=null | op=PUT_BLOCK {blockData=[blockId=conID: 3 locID: 102734073356550568 bcsId: 0,size=3145728]} | ret=SUCCESS |  
2019-09-04 11:45:59,188 | INFO  | DNAudit | user=null | ip=null | op=WRITE_CHUNK {blockData=conID: 3 locID: 102734073356550568 bcsId: 1060} | ret=SUCCESS |  
2019-09-04 11:45:59,189 | INFO  | DNAudit | user=null | ip=null | op=PUT_BLOCK {blockData=[blockId=conID: 3 locID: 102734073356550568 bcsId: 0,size=4194304]} | ret=SUCCESS |  
2019-09-04 11:45:59,189 [grpc-default-executor-1] INFO  client.GrpcClientProtocolClient (GrpcClientProtocolClient.java:onNext(255)) - client-D5CE890D7D9E->efcb8ff8-f060-4d95-9215-d0f5eb4af037: receive RaftClientReply:client-D5CE890D7D9E->efcb8ff8-f060-4d95-9215-d0f5eb4af037@group-0959F8DF43ED, cid=813, SUCCESS, logIndex=1063, commits[efcb8ff8-f060-4d95-9215-d0f5eb4af037:c1064, 6fae8b02-e804-4c0e-b729-a97b7404b7f6:c1060, 4c3e8a66-6975-4917-8225-d3efe707aaff:c1060]
2019-09-04 11:45:59,189 [grpc-default-executor-1] INFO  client.GrpcClientProtocolClient (GrpcClientProtocolClient.java:onNext(255)) - client-D5CE890D7D9E->efcb8ff8-f060-4d95-9215-d0f5eb4af037: receive RaftClientReply:client-D5CE890D7D9E->efcb8ff8-f060-4d95-9215-d0f5eb4af037@group-0959F8DF43ED, cid=814, SUCCESS, logIndex=1064, commits[efcb8ff8-f060-4d95-9215-d0f5eb4af037:c1064, 6fae8b02-e804-4c0e-b729-a97b7404b7f6:c1060, 4c3e8a66-6975-4917-8225-d3efe707aaff:c1060]
2019-09-04 11:45:59,212 | INFO  | DNAudit | user=null | ip=null | op=WRITE_CHUNK {blockData=conID: 3 locID: 102734073356550568 bcsId: 1060} | ret=SUCCESS |  
2019-09-04 11:45:59,212 | INFO  | DNAudit | user=null | ip=null | op=WRITE_CHUNK {blockData=conID: 3 locID: 102734073356550568 bcsId: 1060} | ret=SUCCESS |  
2019-09-04 11:45:59,212 | INFO  | DNAudit | user=null | ip=null | op=PUT_BLOCK {blockData=[blockId=conID: 3 locID: 102734073356550568 bcsId: 0,size=4194304]} | ret=SUCCESS |  
2019-09-04 11:45:59,212 | INFO  | DNAudit | user=null | ip=null | op=PUT_BLOCK {blockData=[blockId=conID: 3 locID: 102734073356550568 bcsId: 0,size=4194304]} | ret=SUCCESS |  
2019-09-04 11:45:59,213 [grpc-default-executor-0] INFO  client.GrpcClientProtocolClient (GrpcClientProtocolClient.java:onNext(255)) - client-D5CE890D7D9E->efcb8ff8-f060-4d95-9215-d0f5eb4af037: receive RaftClientReply:client-D5CE890D7D9E->efcb8ff8-f060-4d95-9215-d0f5eb4af037@group-0959F8DF43ED, cid=815, SUCCESS, logIndex=0, commits[efcb8ff8-f060-4d95-9215-d0f5eb4af037:c1065, 6fae8b02-e804-4c0e-b729-a97b7404b7f6:c1064, 4c3e8a66-6975-4917-8225-d3efe707aaff:c1064]
2019-09-04 11:45:59,220 | INFO  | DNAudit | user=null | ip=null | op=WRITE_CHUNK {blockData=conID: 1 locID: 102734073356550569 bcsId: 0} | ret=SUCCESS |  
2019-09-04 11:45:59,223 | INFO  | DNAudit | user=null | ip=null | op=WRITE_CHUNK {blockData=conID: 1 locID: 102734073356550569 bcsId: 0} | ret=SUCCESS |  
2019-09-04 11:45:59,223 | INFO  | DNAudit | user=null | ip=null | op=WRITE_CHUNK {blockData=conID: 1 locID: 102734073356550569 bcsId: 0} | ret=SUCCESS |  
2019-09-04 11:45:59,223 | INFO  | DNAudit | user=null | ip=null | op=WRITE_CHUNK {blockData=conID: 1 locID: 102734073356550569 bcsId: 0} | ret=SUCCESS |  
2019-09-04 11:45:59,225 | INFO  | DNAudit | user=null | ip=null | op=WRITE_CHUNK {blockData=conID: 1 locID: 102734073356550569 bcsId: 0} | ret=SUCCESS |  
2019-09-04 11:45:59,225 | INFO  | DNAudit | user=null | ip=null | op=WRITE_CHUNK {blockData=conID: 1 locID: 102734073356550569 bcsId: 0} | ret=SUCCESS |  
2019-09-04 11:45:59,254 | INFO  | DNAudit | user=null | ip=null | op=WRITE_CHUNK {blockData=conID: 1 locID: 102734073356550569 bcsId: 0} | ret=SUCCESS |  
2019-09-04 11:45:59,255 | INFO  | DNAudit | user=null | ip=null | op=PUT_BLOCK {blockData=[blockId=conID: 1 locID: 102734073356550569 bcsId: 0,size=1048576]} | ret=SUCCESS |  
2019-09-04 11:45:59,255 | INFO  | DNAudit | user=null | ip=null | op=WRITE_CHUNK {blockData=conID: 1 locID: 102734073356550569 bcsId: 0} | ret=SUCCESS |  
2019-09-04 11:45:59,255 [grpc-default-executor-1] INFO  client.GrpcClientProtocolClient (GrpcClientProtocolClient.java:onNext(255)) - client-D5CE890D7D9E->efcb8ff8-f060-4d95-9215-d0f5eb4af037: receive RaftClientReply:client-D5CE890D7D9E->efcb8ff8-f060-4d95-9215-d0f5eb4af037@group-0959F8DF43ED, cid=816, SUCCESS, logIndex=1067, commits[efcb8ff8-f060-4d95-9215-d0f5eb4af037:c1070, 6fae8b02-e804-4c0e-b729-a97b7404b7f6:c1066, 4c3e8a66-6975-4917-8225-d3efe707aaff:c1066]
2019-09-04 11:45:59,255 | INFO  | DNAudit | user=null | ip=null | op=PUT_BLOCK {blockData=[blockId=conID: 1 locID: 102734073356550569 bcsId: 0,size=2097152]} | ret=SUCCESS |  
2019-09-04 11:45:59,255 [grpc-default-executor-1] INFO  client.GrpcClientProtocolClient (GrpcClientProtocolClient.java:onNext(255)) - client-D5CE890D7D9E->efcb8ff8-f060-4d95-9215-d0f5eb4af037: receive RaftClientReply:client-D5CE890D7D9E->efcb8ff8-f060-4d95-9215-d0f5eb4af037@group-0959F8DF43ED, cid=817, SUCCESS, logIndex=1068, commits[efcb8ff8-f060-4d95-9215-d0f5eb4af037:c1070, 6fae8b02-e804-4c0e-b729-a97b7404b7f6:c1066, 4c3e8a66-6975-4917-8225-d3efe707aaff:c1066]
2019-09-04 11:45:59,256 [grpc-default-executor-1] INFO  client.GrpcClientProtocolClient (GrpcClientProtocolClient.java:onNext(255)) - client-D5CE890D7D9E->efcb8ff8-f060-4d95-9215-d0f5eb4af037: receive RaftClientReply:client-D5CE890D7D9E->efcb8ff8-f060-4d95-9215-d0f5eb4af037@group-0959F8DF43ED, cid=818, SUCCESS, logIndex=1069, commits[efcb8ff8-f060-4d95-9215-d0f5eb4af037:c1070, 6fae8b02-e804-4c0e-b729-a97b7404b7f6:c1066, 4c3e8a66-6975-4917-8225-d3efe707aaff:c1066]
2019-09-04 11:45:59,256 [grpc-default-executor-1] INFO  client.GrpcClientProtocolClient (GrpcClientProtocolClient.java:onNext(255)) - client-D5CE890D7D9E->efcb8ff8-f060-4d95-9215-d0f5eb4af037: receive RaftClientReply:client-D5CE890D7D9E->efcb8ff8-f060-4d95-9215-d0f5eb4af037@group-0959F8DF43ED, cid=819, SUCCESS, logIndex=1070, commits[efcb8ff8-f060-4d95-9215-d0f5eb4af037:c1070, 6fae8b02-e804-4c0e-b729-a97b7404b7f6:c1066, 4c3e8a66-6975-4917-8225-d3efe707aaff:c1066]
2019-09-04 11:45:59,279 | INFO  | DNAudit | user=null | ip=null | op=WRITE_CHUNK {blockData=conID: 1 locID: 102734073356550569 bcsId: 0} | ret=SUCCESS |  
2019-09-04 11:45:59,279 | INFO  | DNAudit | user=null | ip=null | op=WRITE_CHUNK {blockData=conID: 1 locID: 102734073356550569 bcsId: 0} | ret=SUCCESS |  
2019-09-04 11:45:59,280 | INFO  | DNAudit | user=null | ip=null | op=PUT_BLOCK {blockData=[blockId=conID: 1 locID: 102734073356550569 bcsId: 0,size=1048576]} | ret=SUCCESS |  
2019-09-04 11:45:59,280 | INFO  | DNAudit | user=null | ip=null | op=PUT_BLOCK {blockData=[blockId=conID: 1 locID: 102734073356550569 bcsId: 0,size=1048576]} | ret=SUCCESS |  
2019-09-04 11:45:59,280 | INFO  | DNAudit | user=null | ip=null | op=WRITE_CHUNK {blockData=conID: 1 locID: 102734073356550569 bcsId: 0} | ret=SUCCESS |  
2019-09-04 11:45:59,280 | INFO  | DNAudit | user=null | ip=null | op=WRITE_CHUNK {blockData=conID: 1 locID: 102734073356550569 bcsId: 0} | ret=SUCCESS |  
2019-09-04 11:45:59,280 | INFO  | DNAudit | user=null | ip=null | op=PUT_BLOCK {blockData=[blockId=conID: 1 locID: 102734073356550569 bcsId: 0,size=2097152]} | ret=SUCCESS |  
2019-09-04 11:45:59,280 | INFO  | DNAudit | user=null | ip=null | op=PUT_BLOCK {blockData=[blockId=conID: 1 locID: 102734073356550569 bcsId: 0,size=2097152]} | ret=SUCCESS |  
2019-09-04 11:45:59,280 [grpc-default-executor-1] INFO  client.GrpcClientProtocolClient (GrpcClientProtocolClient.java:onNext(255)) - client-D5CE890D7D9E->efcb8ff8-f060-4d95-9215-d0f5eb4af037: receive RaftClientReply:client-D5CE890D7D9E->efcb8ff8-f060-4d95-9215-d0f5eb4af037@group-0959F8DF43ED, cid=820, SUCCESS, logIndex=0, commits[efcb8ff8-f060-4d95-9215-d0f5eb4af037:c1074, 6fae8b02-e804-4c0e-b729-a97b7404b7f6:c1068, 4c3e8a66-6975-4917-8225-d3efe707aaff:c1070]
2019-09-04 11:45:59,669 | INFO  | SCMAudit | user=jenkins1000 | ip=192.168.36.67 | op=SEND_HEARTBEAT {datanodeUUID=4c3e8a66-6975-4917-8225-d3efe707aaff, command=[]} | ret=SUCCESS |  
2019-09-04 11:45:59,669 | INFO  | SCMAudit | user=jenkins1000 | ip=192.168.36.67 | op=SEND_HEARTBEAT {datanodeUUID=efcb8ff8-f060-4d95-9215-d0f5eb4af037, command=[]} | ret=SUCCESS |  
2019-09-04 11:45:59,670 | INFO  | SCMAudit | user=jenkins1000 | ip=192.168.36.67 | op=SEND_HEARTBEAT {datanodeUUID=6fae8b02-e804-4c0e-b729-a97b7404b7f6, command=[]} | ret=SUCCESS |  
2019-09-04 11:45:59,677 | INFO  | SCMAudit | user=jenkins1000 | ip=192.168.36.67 | op=SEND_HEARTBEAT {datanodeUUID=0b776101-1d39-4f23-96c0-6a8ead31197c, command=[]} | ret=SUCCESS |  
 0.00% |█                                                                                                    |  0/1 Time: 0:00:052019-09-04 11:45:59,928 | INFO  | DNAudit | user=null | ip=null | op=WRITE_CHUNK {blockData=conID: 1 locID: 102734073356550569 bcsId: 1070} | ret=SUCCESS |  
2019-09-04 11:45:59,928 | INFO  | DNAudit | user=null | ip=null | op=WRITE_CHUNK {blockData=conID: 1 locID: 102734073356550569 bcsId: 1070} | ret=SUCCESS |  
2019-09-04 11:45:59,928 | INFO  | DNAudit | user=null | ip=null | op=WRITE_CHUNK {blockData=conID: 1 locID: 102734073356550569 bcsId: 1070} | ret=SUCCESS |  
2019-09-04 11:45:59,942 | INFO  | DNAudit | user=null | ip=null | op=WRITE_CHUNK {blockData=conID: 1 locID: 102734073356550569 bcsId: 1070} | ret=SUCCESS |  
2019-09-04 11:45:59,942 | INFO  | DNAudit | user=null | ip=null | op=PUT_BLOCK {blockData=[blockId=conID: 1 locID: 102734073356550569 bcsId: 0,size=3145728]} | ret=SUCCESS |  
2019-09-04 11:45:59,944 [grpc-default-executor-1] INFO  client.GrpcClientProtocolClient (GrpcClientProtocolClient.java:onNext(255)) - client-D5CE890D7D9E->efcb8ff8-f060-4d95-9215-d0f5eb4af037: receive RaftClientReply:client-D5CE890D7D9E->efcb8ff8-f060-4d95-9215-d0f5eb4af037@group-0959F8DF43ED, cid=821, SUCCESS, logIndex=1075, commits[efcb8ff8-f060-4d95-9215-d0f5eb4af037:c1076, 6fae8b02-e804-4c0e-b729-a97b7404b7f6:c1074, 4c3e8a66-6975-4917-8225-d3efe707aaff:c1074]
2019-09-04 11:45:59,945 [grpc-default-executor-1] INFO  client.GrpcClientProtocolClient (GrpcClientProtocolClient.java:onNext(255)) - client-D5CE890D7D9E->efcb8ff8-f060-4d95-9215-d0f5eb4af037: receive RaftClientReply:client-D5CE890D7D9E->efcb8ff8-f060-4d95-9215-d0f5eb4af037@group-0959F8DF43ED, cid=822, SUCCESS, logIndex=1076, commits[efcb8ff8-f060-4d95-9215-d0f5eb4af037:c1076, 6fae8b02-e804-4c0e-b729-a97b7404b7f6:c1074, 4c3e8a66-6975-4917-8225-d3efe707aaff:c1074]
2019-09-04 11:45:59,951 | INFO  | DNAudit | user=null | ip=null | op=WRITE_CHUNK {blockData=conID: 1 locID: 102734073356550569 bcsId: 1076} | ret=SUCCESS |  
2019-09-04 11:45:59,954 | INFO  | DNAudit | user=null | ip=null | op=WRITE_CHUNK {blockData=conID: 1 locID: 102734073356550569 bcsId: 1076} | ret=SUCCESS |  
2019-09-04 11:45:59,954 | INFO  | DNAudit | user=null | ip=null | op=WRITE_CHUNK {blockData=conID: 1 locID: 102734073356550569 bcsId: 1076} | ret=SUCCESS |  
2019-09-04 11:45:59,964 | INFO  | DNAudit | user=null | ip=null | op=WRITE_CHUNK {blockData=conID: 1 locID: 102734073356550569 bcsId: 1070} | ret=SUCCESS |  
2019-09-04 11:45:59,965 | INFO  | DNAudit | user=null | ip=null | op=WRITE_CHUNK {blockData=conID: 1 locID: 102734073356550569 bcsId: 1070} | ret=SUCCESS |  
2019-09-04 11:45:59,965 | INFO  | DNAudit | user=null | ip=null | op=PUT_BLOCK {blockData=[blockId=conID: 1 locID: 102734073356550569 bcsId: 0,size=3145728]} | ret=SUCCESS |  
2019-09-04 11:45:59,965 | INFO  | DNAudit | user=null | ip=null | op=PUT_BLOCK {blockData=[blockId=conID: 1 locID: 102734073356550569 bcsId: 0,size=3145728]} | ret=SUCCESS |  
2019-09-04 11:45:59,966 | INFO  | DNAudit | user=null | ip=null | op=WRITE_CHUNK {blockData=conID: 1 locID: 102734073356550569 bcsId: 1076} | ret=SUCCESS |  
2019-09-04 11:45:59,968 | INFO  | DNAudit | user=null | ip=null | op=PUT_BLOCK {blockData=[blockId=conID: 1 locID: 102734073356550569 bcsId: 0,size=4194304]} | ret=SUCCESS |  
2019-09-04 11:45:59,968 [grpc-default-executor-1] INFO  client.GrpcClientProtocolClient (GrpcClientProtocolClient.java:onNext(255)) - client-D5CE890D7D9E->efcb8ff8-f060-4d95-9215-d0f5eb4af037: receive RaftClientReply:client-D5CE890D7D9E->efcb8ff8-f060-4d95-9215-d0f5eb4af037@group-0959F8DF43ED, cid=823, SUCCESS, logIndex=1079, commits[efcb8ff8-f060-4d95-9215-d0f5eb4af037:c1079, 6fae8b02-e804-4c0e-b729-a97b7404b7f6:c1076, 4c3e8a66-6975-4917-8225-d3efe707aaff:c1076]
2019-09-04 11:45:59,968 [grpc-default-executor-1] INFO  client.GrpcClientProtocolClient (GrpcClientProtocolClient.java:onNext(255)) - client-D5CE890D7D9E->efcb8ff8-f060-4d95-9215-d0f5eb4af037: receive RaftClientReply:client-D5CE890D7D9E->efcb8ff8-f060-4d95-9215-d0f5eb4af037@group-0959F8DF43ED, cid=824, SUCCESS, logIndex=1080, commits[efcb8ff8-f060-4d95-9215-d0f5eb4af037:c1080, 6fae8b02-e804-4c0e-b729-a97b7404b7f6:c1076, 4c3e8a66-6975-4917-8225-d3efe707aaff:c1076]
2019-09-04 11:45:59,984 | INFO  | DNAudit | user=null | ip=null | op=WRITE_CHUNK {blockData=conID: 1 locID: 102734073356550569 bcsId: 1076} | ret=SUCCESS |  
2019-09-04 11:45:59,984 | INFO  | DNAudit | user=null | ip=null | op=WRITE_CHUNK {blockData=conID: 1 locID: 102734073356550569 bcsId: 1076} | ret=SUCCESS |  
2019-09-04 11:45:59,985 | INFO  | DNAudit | user=null | ip=null | op=PUT_BLOCK {blockData=[blockId=conID: 1 locID: 102734073356550569 bcsId: 0,size=4194304]} | ret=SUCCESS |  
2019-09-04 11:45:59,985 | INFO  | DNAudit | user=null | ip=null | op=PUT_BLOCK {blockData=[blockId=conID: 1 locID: 102734073356550569 bcsId: 0,size=4194304]} | ret=SUCCESS |  
2019-09-04 11:45:59,986 [grpc-default-executor-1] INFO  client.GrpcClientProtocolClient (GrpcClientProtocolClient.java:onNext(255)) - client-D5CE890D7D9E->efcb8ff8-f060-4d95-9215-d0f5eb4af037: receive RaftClientReply:client-D5CE890D7D9E->efcb8ff8-f060-4d95-9215-d0f5eb4af037@group-0959F8DF43ED, cid=825, SUCCESS, logIndex=0, commits[efcb8ff8-f060-4d95-9215-d0f5eb4af037:c1082, 6fae8b02-e804-4c0e-b729-a97b7404b7f6:c1080, 4c3e8a66-6975-4917-8225-d3efe707aaff:c1080]
2019-09-04 11:45:59,992 | INFO  | DNAudit | user=null | ip=null | op=WRITE_CHUNK {blockData=conID: 2 locID: 102734073356550570 bcsId: 0} | ret=SUCCESS |  
2019-09-04 11:45:59,995 | INFO  | DNAudit | user=null | ip=null | op=WRITE_CHUNK {blockData=conID: 2 locID: 102734073356550570 bcsId: 0} | ret=SUCCESS |  
2019-09-04 11:45:59,996 | INFO  | DNAudit | user=null | ip=null | op=WRITE_CHUNK {blockData=conID: 2 locID: 102734073356550570 bcsId: 0} | ret=SUCCESS |  
2019-09-04 11:45:59,996 | INFO  | DNAudit | user=null | ip=null | op=WRITE_CHUNK {blockData=conID: 2 locID: 102734073356550570 bcsId: 0} | ret=SUCCESS |  
2019-09-04 11:45:59,999 | INFO  | DNAudit | user=null | ip=null | op=WRITE_CHUNK {blockData=conID: 2 locID: 102734073356550570 bcsId: 0} | ret=SUCCESS |  
2019-09-04 11:45:59,999 | INFO  | DNAudit | user=null | ip=null | op=WRITE_CHUNK {blockData=conID: 2 locID: 102734073356550570 bcsId: 0} | ret=SUCCESS |  
2019-09-04 11:46:00,005 | INFO  | DNAudit | user=null | ip=null | op=WRITE_CHUNK {blockData=conID: 2 locID: 102734073356550570 bcsId: 0} | ret=SUCCESS |  
2019-09-04 11:46:00,006 | INFO  | DNAudit | user=null | ip=null | op=PUT_BLOCK {blockData=[blockId=conID: 2 locID: 102734073356550570 bcsId: 0,size=1048576]} | ret=SUCCESS |  
2019-09-04 11:46:00,006 [grpc-default-executor-0] INFO  client.GrpcClientProtocolClient (GrpcClientProtocolClient.java:onNext(255)) - client-D5CE890D7D9E->efcb8ff8-f060-4d95-9215-d0f5eb4af037: receive RaftClientReply:client-D5CE890D7D9E->efcb8ff8-f060-4d95-9215-d0f5eb4af037@group-0959F8DF43ED, cid=826, SUCCESS, logIndex=1083, commits[efcb8ff8-f060-4d95-9215-d0f5eb4af037:c1084, 6fae8b02-e804-4c0e-b729-a97b7404b7f6:c1082, 4c3e8a66-6975-4917-8225-d3efe707aaff:c1082]
2019-09-04 11:46:00,006 | INFO  | DNAudit | user=null | ip=null | op=WRITE_CHUNK {blockData=conID: 2 locID: 102734073356550570 bcsId: 0} | ret=SUCCESS |  
2019-09-04 11:46:00,007 [grpc-default-executor-0] INFO  client.GrpcClientProtocolClient (GrpcClientProtocolClient.java:onNext(255)) - client-D5CE890D7D9E->efcb8ff8-f060-4d95-9215-d0f5eb4af037: receive RaftClientReply:client-D5CE890D7D9E->efcb8ff8-f060-4d95-9215-d0f5eb4af037@group-0959F8DF43ED, cid=827, SUCCESS, logIndex=1084, commits[efcb8ff8-f060-4d95-9215-d0f5eb4af037:c1084, 6fae8b02-e804-4c0e-b729-a97b7404b7f6:c1082, 4c3e8a66-6975-4917-8225-d3efe707aaff:c1082]
2019-09-04 11:46:00,007 | INFO  | DNAudit | user=null | ip=null | op=PUT_BLOCK {blockData=[blockId=conID: 2 locID: 102734073356550570 bcsId: 0,size=2097152]} | ret=SUCCESS |  
2019-09-04 11:46:00,007 [grpc-default-executor-0] INFO  client.GrpcClientProtocolClient (GrpcClientProtocolClient.java:onNext(255)) - client-D5CE890D7D9E->efcb8ff8-f060-4d95-9215-d0f5eb4af037: receive RaftClientReply:client-D5CE890D7D9E->efcb8ff8-f060-4d95-9215-d0f5eb4af037@group-0959F8DF43ED, cid=828, SUCCESS, logIndex=1085, commits[efcb8ff8-f060-4d95-9215-d0f5eb4af037:c1086, 6fae8b02-e804-4c0e-b729-a97b7404b7f6:c1082, 4c3e8a66-6975-4917-8225-d3efe707aaff:c1082]
2019-09-04 11:46:00,007 | INFO  | DNAudit | user=null | ip=null | op=WRITE_CHUNK {blockData=conID: 2 locID: 102734073356550570 bcsId: 0} | ret=SUCCESS |  
2019-09-04 11:46:00,007 | INFO  | DNAudit | user=null | ip=null | op=PUT_BLOCK {blockData=[blockId=conID: 2 locID: 102734073356550570 bcsId: 0,size=1048576]} | ret=SUCCESS |  
2019-09-04 11:46:00,008 [grpc-default-executor-0] INFO  client.GrpcClientProtocolClient (GrpcClientProtocolClient.java:onNext(255)) - client-D5CE890D7D9E->efcb8ff8-f060-4d95-9215-d0f5eb4af037: receive RaftClientReply:client-D5CE890D7D9E->efcb8ff8-f060-4d95-9215-d0f5eb4af037@group-0959F8DF43ED, cid=829, SUCCESS, logIndex=1086, commits[efcb8ff8-f060-4d95-9215-d0f5eb4af037:c1086, 6fae8b02-e804-4c0e-b729-a97b7404b7f6:c1082, 4c3e8a66-6975-4917-8225-d3efe707aaff:c1082]
2019-09-04 11:46:00,008 | INFO  | DNAudit | user=null | ip=null | op=WRITE_CHUNK {blockData=conID: 2 locID: 102734073356550570 bcsId: 0} | ret=SUCCESS |  
2019-09-04 11:46:00,008 | INFO  | DNAudit | user=null | ip=null | op=PUT_BLOCK {blockData=[blockId=conID: 2 locID: 102734073356550570 bcsId: 0,size=1048576]} | ret=SUCCESS |  
2019-09-04 11:46:00,008 | INFO  | DNAudit | user=null | ip=null | op=WRITE_CHUNK {blockData=conID: 2 locID: 102734073356550570 bcsId: 0} | ret=SUCCESS |  
2019-09-04 11:46:00,009 | INFO  | DNAudit | user=null | ip=null | op=PUT_BLOCK {blockData=[blockId=conID: 2 locID: 102734073356550570 bcsId: 0,size=2097152]} | ret=SUCCESS |  
2019-09-04 11:46:00,009 [grpc-default-executor-1] INFO  client.GrpcClientProtocolClient (GrpcClientProtocolClient.java:onNext(255)) - client-D5CE890D7D9E->efcb8ff8-f060-4d95-9215-d0f5eb4af037: receive RaftClientReply:client-D5CE890D7D9E->efcb8ff8-f060-4d95-9215-d0f5eb4af037@group-0959F8DF43ED, cid=830, SUCCESS, logIndex=0, commits[efcb8ff8-f060-4d95-9215-d0f5eb4af037:c1088, 6fae8b02-e804-4c0e-b729-a97b7404b7f6:c1084, 4c3e8a66-6975-4917-8225-d3efe707aaff:c1084]
2019-09-04 11:46:00,009 | INFO  | DNAudit | user=null | ip=null | op=WRITE_CHUNK {blockData=conID: 2 locID: 102734073356550570 bcsId: 0} | ret=SUCCESS |  
2019-09-04 11:46:00,009 | INFO  | DNAudit | user=null | ip=null | op=PUT_BLOCK {blockData=[blockId=conID: 2 locID: 102734073356550570 bcsId: 0,size=2097152]} | ret=SUCCESS |  
2019-09-04 11:46:00,015 | INFO  | DNAudit | user=null | ip=null | op=WRITE_CHUNK {blockData=conID: 2 locID: 102734073356550570 bcsId: 1086} | ret=SUCCESS |  
2019-09-04 11:46:00,018 | INFO  | DNAudit | user=null | ip=null | op=WRITE_CHUNK {blockData=conID: 2 locID: 102734073356550570 bcsId: 1086} | ret=SUCCESS |  
2019-09-04 11:46:00,018 | INFO  | DNAudit | user=null | ip=null | op=WRITE_CHUNK {blockData=conID: 2 locID: 102734073356550570 bcsId: 1086} | ret=SUCCESS |  
2019-09-04 11:46:00,034 | INFO  | DNAudit | user=null | ip=null | op=WRITE_CHUNK {blockData=conID: 2 locID: 102734073356550570 bcsId: 1086} | ret=SUCCESS |  
2019-09-04 11:46:00,034 | INFO  | DNAudit | user=null | ip=null | op=PUT_BLOCK {blockData=[blockId=conID: 2 locID: 102734073356550570 bcsId: 0,size=3145728]} | ret=SUCCESS |  
2019-09-04 11:46:00,035 [grpc-default-executor-0] INFO  client.GrpcClientProtocolClient (GrpcClientProtocolClient.java:onNext(255)) - client-D5CE890D7D9E->efcb8ff8-f060-4d95-9215-d0f5eb4af037: receive RaftClientReply:client-D5CE890D7D9E->efcb8ff8-f060-4d95-9215-d0f5eb4af037@group-0959F8DF43ED, cid=831, SUCCESS, logIndex=1091, commits[efcb8ff8-f060-4d95-9215-d0f5eb4af037:c1092, 6fae8b02-e804-4c0e-b729-a97b7404b7f6:c1090, 4c3e8a66-6975-4917-8225-d3efe707aaff:c1090]
2019-09-04 11:46:00,035 [grpc-default-executor-0] INFO  client.GrpcClientProtocolClient (GrpcClientProtocolClient.java:onNext(255)) - client-D5CE890D7D9E->efcb8ff8-f060-4d95-9215-d0f5eb4af037: receive RaftClientReply:client-D5CE890D7D9E->efcb8ff8-f060-4d95-9215-d0f5eb4af037@group-0959F8DF43ED, cid=832, SUCCESS, logIndex=1092, commits[efcb8ff8-f060-4d95-9215-d0f5eb4af037:c1092, 6fae8b02-e804-4c0e-b729-a97b7404b7f6:c1090, 4c3e8a66-6975-4917-8225-d3efe707aaff:c1090]
2019-09-04 11:46:00,043 | INFO  | DNAudit | user=null | ip=null | op=WRITE_CHUNK {blockData=conID: 2 locID: 102734073356550570 bcsId: 1092} | ret=SUCCESS |  
2019-09-04 11:46:00,046 | INFO  | DNAudit | user=null | ip=null | op=WRITE_CHUNK {blockData=conID: 2 locID: 102734073356550570 bcsId: 1092} | ret=SUCCESS |  
2019-09-04 11:46:00,046 | INFO  | DNAudit | user=null | ip=null | op=WRITE_CHUNK {blockData=conID: 2 locID: 102734073356550570 bcsId: 1092} | ret=SUCCESS |  
2019-09-04 11:46:00,051 | INFO  | DNAudit | user=null | ip=null | op=WRITE_CHUNK {blockData=conID: 2 locID: 102734073356550570 bcsId: 1086} | ret=SUCCESS |  
2019-09-04 11:46:00,051 | INFO  | DNAudit | user=null | ip=null | op=WRITE_CHUNK {blockData=conID: 2 locID: 102734073356550570 bcsId: 1086} | ret=SUCCESS |  
2019-09-04 11:46:00,051 | INFO  | DNAudit | user=null | ip=null | op=PUT_BLOCK {blockData=[blockId=conID: 2 locID: 102734073356550570 bcsId: 0,size=3145728]} | ret=SUCCESS |  
2019-09-04 11:46:00,051 | INFO  | DNAudit | user=null | ip=null | op=PUT_BLOCK {blockData=[blockId=conID: 2 locID: 102734073356550570 bcsId: 0,size=3145728]} | ret=SUCCESS |  
2019-09-04 11:46:00,052 | INFO  | DNAudit | user=null | ip=null | op=WRITE_CHUNK {blockData=conID: 2 locID: 102734073356550570 bcsId: 1092} | ret=SUCCESS |  
2019-09-04 11:46:00,053 | INFO  | DNAudit | user=null | ip=null | op=PUT_BLOCK {blockData=[blockId=conID: 2 locID: 102734073356550570 bcsId: 0,size=4194304]} | ret=SUCCESS |  
2019-09-04 11:46:00,053 [grpc-default-executor-1] INFO  client.GrpcClientProtocolClient (GrpcClientProtocolClient.java:onNext(255)) - client-D5CE890D7D9E->efcb8ff8-f060-4d95-9215-d0f5eb4af037: receive RaftClientReply:client-D5CE890D7D9E->efcb8ff8-f060-4d95-9215-d0f5eb4af037@group-0959F8DF43ED, cid=833, SUCCESS, logIndex=1094, commits[efcb8ff8-f060-4d95-9215-d0f5eb4af037:c1095, 6fae8b02-e804-4c0e-b729-a97b7404b7f6:c1092, 4c3e8a66-6975-4917-8225-d3efe707aaff:c1092]
2019-09-04 11:46:00,053 [grpc-default-executor-1] INFO  client.GrpcClientProtocolClient (GrpcClientProtocolClient.java:onNext(255)) - client-D5CE890D7D9E->efcb8ff8-f060-4d95-9215-d0f5eb4af037: receive RaftClientReply:client-D5CE890D7D9E->efcb8ff8-f060-4d95-9215-d0f5eb4af037@group-0959F8DF43ED, cid=834, SUCCESS, logIndex=1095, commits[efcb8ff8-f060-4d95-9215-d0f5eb4af037:c1095, 6fae8b02-e804-4c0e-b729-a97b7404b7f6:c1092, 4c3e8a66-6975-4917-8225-d3efe707aaff:c1092]
2019-09-04 11:46:00,061 | INFO  | DNAudit | user=null | ip=null | op=WRITE_CHUNK {blockData=conID: 2 locID: 102734073356550570 bcsId: 1092} | ret=SUCCESS |  
2019-09-04 11:46:00,061 | INFO  | DNAudit | user=null | ip=null | op=WRITE_CHUNK {blockData=conID: 2 locID: 102734073356550570 bcsId: 1092} | ret=SUCCESS |  
2019-09-04 11:46:00,063 | INFO  | DNAudit | user=null | ip=null | op=PUT_BLOCK {blockData=[blockId=conID: 2 locID: 102734073356550570 bcsId: 0,size=4194304]} | ret=SUCCESS |  
2019-09-04 11:46:00,063 | INFO  | DNAudit | user=null | ip=null | op=PUT_BLOCK {blockData=[blockId=conID: 2 locID: 102734073356550570 bcsId: 0,size=4194304]} | ret=SUCCESS |  
2019-09-04 11:46:00,063 [grpc-default-executor-1] INFO  client.GrpcClientProtocolClient (GrpcClientProtocolClient.java:onNext(255)) - client-D5CE890D7D9E->efcb8ff8-f060-4d95-9215-d0f5eb4af037: receive RaftClientReply:client-D5CE890D7D9E->efcb8ff8-f060-4d95-9215-d0f5eb4af037@group-0959F8DF43ED, cid=835, SUCCESS, logIndex=0, commits[efcb8ff8-f060-4d95-9215-d0f5eb4af037:c1097, 6fae8b02-e804-4c0e-b729-a97b7404b7f6:c1095, 4c3e8a66-6975-4917-8225-d3efe707aaff:c1095]
2019-09-04 11:46:00,070 | INFO  | DNAudit | user=null | ip=null | op=WRITE_CHUNK {blockData=conID: 3 locID: 102734073356616107 bcsId: 0} | ret=SUCCESS |  
2019-09-04 11:46:00,072 | INFO  | DNAudit | user=null | ip=null | op=WRITE_CHUNK {blockData=conID: 3 locID: 102734073356616107 bcsId: 0} | ret=SUCCESS |  
2019-09-04 11:46:00,072 | INFO  | DNAudit | user=null | ip=null | op=WRITE_CHUNK {blockData=conID: 3 locID: 102734073356616107 bcsId: 0} | ret=SUCCESS |  
2019-09-04 11:46:00,073 | INFO  | DNAudit | user=null | ip=null | op=WRITE_CHUNK {blockData=conID: 3 locID: 102734073356616107 bcsId: 0} | ret=SUCCESS |  
2019-09-04 11:46:00,074 | INFO  | DNAudit | user=null | ip=null | op=WRITE_CHUNK {blockData=conID: 3 locID: 102734073356616107 bcsId: 0} | ret=SUCCESS |  
2019-09-04 11:46:00,075 | INFO  | DNAudit | user=null | ip=null | op=WRITE_CHUNK {blockData=conID: 3 locID: 102734073356616107 bcsId: 0} | ret=SUCCESS |  
2019-09-04 11:46:00,082 | INFO  | SCMAudit | user=jenkins1000 | ip=192.168.36.67 | op=SEND_HEARTBEAT {datanodeUUID=b68b188c-7f38-42ae-8403-46a39acd0731, command=[]} | ret=SUCCESS |  
2019-09-04 11:46:00,089 | INFO  | DNAudit | user=null | ip=null | op=WRITE_CHUNK {blockData=conID: 3 locID: 102734073356616107 bcsId: 0} | ret=SUCCESS |  
2019-09-04 11:46:00,089 | INFO  | DNAudit | user=null | ip=null | op=PUT_BLOCK {blockData=[blockId=conID: 3 locID: 102734073356616107 bcsId: 0,size=1048576]} | ret=SUCCESS |  
2019-09-04 11:46:00,090 [grpc-default-executor-1] INFO  client.GrpcClientProtocolClient (GrpcClientProtocolClient.java:onNext(255)) - client-D5CE890D7D9E->efcb8ff8-f060-4d95-9215-d0f5eb4af037: receive RaftClientReply:client-D5CE890D7D9E->efcb8ff8-f060-4d95-9215-d0f5eb4af037@group-0959F8DF43ED, cid=836, SUCCESS, logIndex=1098, commits[efcb8ff8-f060-4d95-9215-d0f5eb4af037:c1099, 6fae8b02-e804-4c0e-b729-a97b7404b7f6:c1097, 4c3e8a66-6975-4917-8225-d3efe707aaff:c1097]
2019-09-04 11:46:00,090 | INFO  | DNAudit | user=null | ip=null | op=WRITE_CHUNK {blockData=conID: 3 locID: 102734073356616107 bcsId: 0} | ret=SUCCESS |  
2019-09-04 11:46:00,090 | INFO  | DNAudit | user=null | ip=null | op=PUT_BLOCK {blockData=[blockId=conID: 3 locID: 102734073356616107 bcsId: 0,size=2097152]} | ret=SUCCESS |  
2019-09-04 11:46:00,090 [grpc-default-executor-1] INFO  client.GrpcClientProtocolClient (GrpcClientProtocolClient.java:onNext(255)) - client-D5CE890D7D9E->efcb8ff8-f060-4d95-9215-d0f5eb4af037: receive RaftClientReply:client-D5CE890D7D9E->efcb8ff8-f060-4d95-9215-d0f5eb4af037@group-0959F8DF43ED, cid=837, SUCCESS, logIndex=1099, commits[efcb8ff8-f060-4d95-9215-d0f5eb4af037:c1099, 6fae8b02-e804-4c0e-b729-a97b7404b7f6:c1097, 4c3e8a66-6975-4917-8225-d3efe707aaff:c1097]
2019-09-04 11:46:00,091 [grpc-default-executor-1] INFO  client.GrpcClientProtocolClient (GrpcClientProtocolClient.java:onNext(255)) - client-D5CE890D7D9E->efcb8ff8-f060-4d95-9215-d0f5eb4af037: receive RaftClientReply:client-D5CE890D7D9E->efcb8ff8-f060-4d95-9215-d0f5eb4af037@group-0959F8DF43ED, cid=838, SUCCESS, logIndex=1100, commits[efcb8ff8-f060-4d95-9215-d0f5eb4af037:c1101, 6fae8b02-e804-4c0e-b729-a97b7404b7f6:c1097, 4c3e8a66-6975-4917-8225-d3efe707aaff:c1097]
2019-09-04 11:46:00,091 | INFO  | DNAudit | user=null | ip=null | op=WRITE_CHUNK {blockData=conID: 3 locID: 102734073356616107 bcsId: 0} | ret=SUCCESS |  
2019-09-04 11:46:00,091 | INFO  | DNAudit | user=null | ip=null | op=PUT_BLOCK {blockData=[blockId=conID: 3 locID: 102734073356616107 bcsId: 0,size=1048576]} | ret=SUCCESS |  
2019-09-04 11:46:00,091 [grpc-default-executor-6] INFO  client.GrpcClientProtocolClient (GrpcClientProtocolClient.java:onNext(255)) - client-D5CE890D7D9E->efcb8ff8-f060-4d95-9215-d0f5eb4af037: receive RaftClientReply:client-D5CE890D7D9E->efcb8ff8-f060-4d95-9215-d0f5eb4af037@group-0959F8DF43ED, cid=839, SUCCESS, logIndex=1101, commits[efcb8ff8-f060-4d95-9215-d0f5eb4af037:c1101, 6fae8b02-e804-4c0e-b729-a97b7404b7f6:c1097, 4c3e8a66-6975-4917-8225-d3efe707aaff:c1097]
2019-09-04 11:46:00,091 | INFO  | DNAudit | user=null | ip=null | op=WRITE_CHUNK {blockData=conID: 3 locID: 102734073356616107 bcsId: 0} | ret=SUCCESS |  
2019-09-04 11:46:00,092 | INFO  | DNAudit | user=null | ip=null | op=PUT_BLOCK {blockData=[blockId=conID: 3 locID: 102734073356616107 bcsId: 0,size=1048576]} | ret=SUCCESS |  
2019-09-04 11:46:00,092 | INFO  | DNAudit | user=null | ip=null | op=WRITE_CHUNK {blockData=conID: 3 locID: 102734073356616107 bcsId: 0} | ret=SUCCESS |  
2019-09-04 11:46:00,092 [grpc-default-executor-1] INFO  client.GrpcClientProtocolClient (GrpcClientProtocolClient.java:onNext(255)) - client-D5CE890D7D9E->efcb8ff8-f060-4d95-9215-d0f5eb4af037: receive RaftClientReply:client-D5CE890D7D9E->efcb8ff8-f060-4d95-9215-d0f5eb4af037@group-0959F8DF43ED, cid=840, SUCCESS, logIndex=0, commits[efcb8ff8-f060-4d95-9215-d0f5eb4af037:c1103, 6fae8b02-e804-4c0e-b729-a97b7404b7f6:c1099, 4c3e8a66-6975-4917-8225-d3efe707aaff:c1099]
2019-09-04 11:46:00,092 | INFO  | DNAudit | user=null | ip=null | op=PUT_BLOCK {blockData=[blockId=conID: 3 locID: 102734073356616107 bcsId: 0,size=2097152]} | ret=SUCCESS |  
2019-09-04 11:46:00,093 | INFO  | DNAudit | user=null | ip=null | op=WRITE_CHUNK {blockData=conID: 3 locID: 102734073356616107 bcsId: 0} | ret=SUCCESS |  
2019-09-04 11:46:00,093 | INFO  | DNAudit | user=null | ip=null | op=PUT_BLOCK {blockData=[blockId=conID: 3 locID: 102734073356616107 bcsId: 0,size=2097152]} | ret=SUCCESS |  
2019-09-04 11:46:00,098 | INFO  | DNAudit | user=null | ip=null | op=WRITE_CHUNK {blockData=conID: 3 locID: 102734073356616107 bcsId: 1101} | ret=SUCCESS |  
2019-09-04 11:46:00,101 | INFO  | DNAudit | user=null | ip=null | op=WRITE_CHUNK {blockData=conID: 3 locID: 102734073356616107 bcsId: 1101} | ret=SUCCESS |  
2019-09-04 11:46:00,101 | INFO  | DNAudit | user=null | ip=null | op=WRITE_CHUNK {blockData=conID: 3 locID: 102734073356616107 bcsId: 1101} | ret=SUCCESS |  
2019-09-04 11:46:00,155 | INFO  | DNAudit | user=null | ip=null | op=WRITE_CHUNK {blockData=conID: 3 locID: 102734073356616107 bcsId: 1101} | ret=SUCCESS |  
2019-09-04 11:46:00,156 | INFO  | DNAudit | user=null | ip=null | op=PUT_BLOCK {blockData=[blockId=conID: 3 locID: 102734073356616107 bcsId: 0,size=3145728]} | ret=SUCCESS |  
2019-09-04 11:46:00,156 [grpc-default-executor-6] INFO  client.GrpcClientProtocolClient (GrpcClientProtocolClient.java:onNext(255)) - client-D5CE890D7D9E->efcb8ff8-f060-4d95-9215-d0f5eb4af037: receive RaftClientReply:client-D5CE890D7D9E->efcb8ff8-f060-4d95-9215-d0f5eb4af037@group-0959F8DF43ED, cid=841, SUCCESS, logIndex=1106, commits[efcb8ff8-f060-4d95-9215-d0f5eb4af037:c1107, 6fae8b02-e804-4c0e-b729-a97b7404b7f6:c1105, 4c3e8a66-6975-4917-8225-d3efe707aaff:c1105]
2019-09-04 11:46:00,157 [grpc-default-executor-6] INFO  client.GrpcClientProtocolClient (GrpcClientProtocolClient.java:onNext(255)) - client-D5CE890D7D9E->efcb8ff8-f060-4d95-9215-d0f5eb4af037: receive RaftClientReply:client-D5CE890D7D9E->efcb8ff8-f060-4d95-9215-d0f5eb4af037@group-0959F8DF43ED, cid=842, SUCCESS, logIndex=1107, commits[efcb8ff8-f060-4d95-9215-d0f5eb4af037:c1107, 6fae8b02-e804-4c0e-b729-a97b7404b7f6:c1105, 4c3e8a66-6975-4917-8225-d3efe707aaff:c1105]
2019-09-04 11:46:00,166 | INFO  | DNAudit | user=null | ip=null | op=WRITE_CHUNK {blockData=conID: 3 locID: 102734073356616107 bcsId: 1107} | ret=SUCCESS |  
2019-09-04 11:46:00,170 | INFO  | DNAudit | user=null | ip=null | op=WRITE_CHUNK {blockData=conID: 3 locID: 102734073356616107 bcsId: 1107} | ret=SUCCESS |  
2019-09-04 11:46:00,170 | INFO  | DNAudit | user=null | ip=null | op=WRITE_CHUNK {blockData=conID: 3 locID: 102734073356616107 bcsId: 1107} | ret=SUCCESS |  
2019-09-04 11:46:00,180 | INFO  | DNAudit | user=null | ip=null | op=WRITE_CHUNK {blockData=conID: 3 locID: 102734073356616107 bcsId: 1101} | ret=SUCCESS |  
2019-09-04 11:46:00,180 | INFO  | DNAudit | user=null | ip=null | op=WRITE_CHUNK {blockData=conID: 3 locID: 102734073356616107 bcsId: 1101} | ret=SUCCESS |  
2019-09-04 11:46:00,182 | INFO  | DNAudit | user=null | ip=null | op=PUT_BLOCK {blockData=[blockId=conID: 3 locID: 102734073356616107 bcsId: 0,size=3145728]} | ret=SUCCESS |  
2019-09-04 11:46:00,182 | INFO  | DNAudit | user=null | ip=null | op=PUT_BLOCK {blockData=[blockId=conID: 3 locID: 102734073356616107 bcsId: 0,size=3145728]} | ret=SUCCESS |  
2019-09-04 11:46:00,182 | INFO  | DNAudit | user=null | ip=null | op=WRITE_CHUNK {blockData=conID: 3 locID: 102734073356616107 bcsId: 1107} | ret=SUCCESS |  
2019-09-04 11:46:00,183 | INFO  | DNAudit | user=null | ip=null | op=PUT_BLOCK {blockData=[blockId=conID: 3 locID: 102734073356616107 bcsId: 0,size=4194304]} | ret=SUCCESS |  
2019-09-04 11:46:00,183 [grpc-default-executor-1] INFO  client.GrpcClientProtocolClient (GrpcClientProtocolClient.java:onNext(255)) - client-D5CE890D7D9E->efcb8ff8-f060-4d95-9215-d0f5eb4af037: receive RaftClientReply:client-D5CE890D7D9E->efcb8ff8-f060-4d95-9215-d0f5eb4af037@group-0959F8DF43ED, cid=843, SUCCESS, logIndex=1110, commits[efcb8ff8-f060-4d95-9215-d0f5eb4af037:c1111, 6fae8b02-e804-4c0e-b729-a97b7404b7f6:c1107, 4c3e8a66-6975-4917-8225-d3efe707aaff:c1107]
2019-09-04 11:46:00,183 [grpc-default-executor-1] INFO  client.GrpcClientProtocolClient (GrpcClientProtocolClient.java:onNext(255)) - client-D5CE890D7D9E->efcb8ff8-f060-4d95-9215-d0f5eb4af037: receive RaftClientReply:client-D5CE890D7D9E->efcb8ff8-f060-4d95-9215-d0f5eb4af037@group-0959F8DF43ED, cid=844, SUCCESS, logIndex=1111, commits[efcb8ff8-f060-4d95-9215-d0f5eb4af037:c1111, 6fae8b02-e804-4c0e-b729-a97b7404b7f6:c1107, 4c3e8a66-6975-4917-8225-d3efe707aaff:c1107]
2019-09-04 11:46:00,210 | INFO  | DNAudit | user=null | ip=null | op=WRITE_CHUNK {blockData=conID: 3 locID: 102734073356616107 bcsId: 1107} | ret=SUCCESS |  
2019-09-04 11:46:00,211 | INFO  | DNAudit | user=null | ip=null | op=WRITE_CHUNK {blockData=conID: 3 locID: 102734073356616107 bcsId: 1107} | ret=SUCCESS |  
2019-09-04 11:46:00,212 | INFO  | DNAudit | user=null | ip=null | op=PUT_BLOCK {blockData=[blockId=conID: 3 locID: 102734073356616107 bcsId: 0,size=4194304]} | ret=SUCCESS |  
2019-09-04 11:46:00,213 | INFO  | DNAudit | user=null | ip=null | op=PUT_BLOCK {blockData=[blockId=conID: 3 locID: 102734073356616107 bcsId: 0,size=4194304]} | ret=SUCCESS |  
2019-09-04 11:46:00,213 [grpc-default-executor-0] INFO  client.GrpcClientProtocolClient (GrpcClientProtocolClient.java:onNext(255)) - client-D5CE890D7D9E->efcb8ff8-f060-4d95-9215-d0f5eb4af037: receive RaftClientReply:client-D5CE890D7D9E->efcb8ff8-f060-4d95-9215-d0f5eb4af037@group-0959F8DF43ED, cid=845, SUCCESS, logIndex=0, commits[efcb8ff8-f060-4d95-9215-d0f5eb4af037:c1113, 6fae8b02-e804-4c0e-b729-a97b7404b7f6:c1111, 4c3e8a66-6975-4917-8225-d3efe707aaff:c1111]
2019-09-04 11:46:00,223 | INFO  | DNAudit | user=null | ip=null | op=WRITE_CHUNK {blockData=conID: 1 locID: 102734073356616108 bcsId: 0} | ret=SUCCESS |  
2019-09-04 11:46:00,226 | INFO  | DNAudit | user=null | ip=null | op=WRITE_CHUNK {blockData=conID: 1 locID: 102734073356616108 bcsId: 0} | ret=SUCCESS |  
2019-09-04 11:46:00,227 | INFO  | DNAudit | user=null | ip=null | op=WRITE_CHUNK {blockData=conID: 1 locID: 102734073356616108 bcsId: 0} | ret=SUCCESS |  
2019-09-04 11:46:00,227 | INFO  | DNAudit | user=null | ip=null | op=WRITE_CHUNK {blockData=conID: 1 locID: 102734073356616108 bcsId: 0} | ret=SUCCESS |  
2019-09-04 11:46:00,231 | INFO  | DNAudit | user=null | ip=null | op=WRITE_CHUNK {blockData=conID: 1 locID: 102734073356616108 bcsId: 0} | ret=SUCCESS |  
2019-09-04 11:46:00,231 | INFO  | DNAudit | user=null | ip=null | op=WRITE_CHUNK {blockData=conID: 1 locID: 102734073356616108 bcsId: 0} | ret=SUCCESS |  
2019-09-04 11:46:00,237 | INFO  | DNAudit | user=null | ip=null | op=WRITE_CHUNK {blockData=conID: 1 locID: 102734073356616108 bcsId: 0} | ret=SUCCESS |  
2019-09-04 11:46:00,237 | INFO  | DNAudit | user=null | ip=null | op=PUT_BLOCK {blockData=[blockId=conID: 1 locID: 102734073356616108 bcsId: 0,size=1048576]} | ret=SUCCESS |  
2019-09-04 11:46:00,238 [grpc-default-executor-6] INFO  client.GrpcClientProtocolClient (GrpcClientProtocolClient.java:onNext(255)) - client-D5CE890D7D9E->efcb8ff8-f060-4d95-9215-d0f5eb4af037: receive RaftClientReply:client-D5CE890D7D9E->efcb8ff8-f060-4d95-9215-d0f5eb4af037@group-0959F8DF43ED, cid=846, SUCCESS, logIndex=1114, commits[efcb8ff8-f060-4d95-9215-d0f5eb4af037:c1115, 6fae8b02-e804-4c0e-b729-a97b7404b7f6:c1113, 4c3e8a66-6975-4917-8225-d3efe707aaff:c1113]
2019-09-04 11:46:00,238 | INFO  | DNAudit | user=null | ip=null | op=WRITE_CHUNK {blockData=conID: 1 locID: 102734073356616108 bcsId: 0} | ret=SUCCESS |  
2019-09-04 11:46:00,238 | INFO  | DNAudit | user=null | ip=null | op=PUT_BLOCK {blockData=[blockId=conID: 1 locID: 102734073356616108 bcsId: 0,size=2097152]} | ret=SUCCESS |  
2019-09-04 11:46:00,238 [grpc-default-executor-0] INFO  client.GrpcClientProtocolClient (GrpcClientProtocolClient.java:onNext(255)) - client-D5CE890D7D9E->efcb8ff8-f060-4d95-9215-d0f5eb4af037: receive RaftClientReply:client-D5CE890D7D9E->efcb8ff8-f060-4d95-9215-d0f5eb4af037@group-0959F8DF43ED, cid=847, SUCCESS, logIndex=1115, commits[efcb8ff8-f060-4d95-9215-d0f5eb4af037:c1115, 6fae8b02-e804-4c0e-b729-a97b7404b7f6:c1113, 4c3e8a66-6975-4917-8225-d3efe707aaff:c1113]
2019-09-04 11:46:00,239 [grpc-default-executor-0] INFO  client.GrpcClientProtocolClient (GrpcClientProtocolClient.java:onNext(255)) - client-D5CE890D7D9E->efcb8ff8-f060-4d95-9215-d0f5eb4af037: receive RaftClientReply:client-D5CE890D7D9E->efcb8ff8-f060-4d95-9215-d0f5eb4af037@group-0959F8DF43ED, cid=848, SUCCESS, logIndex=1116, commits[efcb8ff8-f060-4d95-9215-d0f5eb4af037:c1117, 6fae8b02-e804-4c0e-b729-a97b7404b7f6:c1113, 4c3e8a66-6975-4917-8225-d3efe707aaff:c1113]
2019-09-04 11:46:00,239 [grpc-default-executor-0] INFO  client.GrpcClientProtocolClient (GrpcClientProtocolClient.java:onNext(255)) - client-D5CE890D7D9E->efcb8ff8-f060-4d95-9215-d0f5eb4af037: receive RaftClientReply:client-D5CE890D7D9E->efcb8ff8-f060-4d95-9215-d0f5eb4af037@group-0959F8DF43ED, cid=849, SUCCESS, logIndex=1117, commits[efcb8ff8-f060-4d95-9215-d0f5eb4af037:c1117, 6fae8b02-e804-4c0e-b729-a97b7404b7f6:c1113, 4c3e8a66-6975-4917-8225-d3efe707aaff:c1113]
2019-09-04 11:46:00,256 | INFO  | DNAudit | user=null | ip=null | op=WRITE_CHUNK {blockData=conID: 1 locID: 102734073356616108 bcsId: 0} | ret=SUCCESS |  
2019-09-04 11:46:00,256 | INFO  | DNAudit | user=null | ip=null | op=WRITE_CHUNK {blockData=conID: 1 locID: 102734073356616108 bcsId: 0} | ret=SUCCESS |  
2019-09-04 11:46:00,256 | INFO  | DNAudit | user=null | ip=null | op=PUT_BLOCK {blockData=[blockId=conID: 1 locID: 102734073356616108 bcsId: 0,size=1048576]} | ret=SUCCESS |  
2019-09-04 11:46:00,256 | INFO  | DNAudit | user=null | ip=null | op=PUT_BLOCK {blockData=[blockId=conID: 1 locID: 102734073356616108 bcsId: 0,size=1048576]} | ret=SUCCESS |  
2019-09-04 11:46:00,257 [grpc-default-executor-0] INFO  client.GrpcClientProtocolClient (GrpcClientProtocolClient.java:onNext(255)) - client-D5CE890D7D9E->efcb8ff8-f060-4d95-9215-d0f5eb4af037: receive RaftClientReply:client-D5CE890D7D9E->efcb8ff8-f060-4d95-9215-d0f5eb4af037@group-0959F8DF43ED, cid=850, SUCCESS, logIndex=0, commits[efcb8ff8-f060-4d95-9215-d0f5eb4af037:c1119, 6fae8b02-e804-4c0e-b729-a97b7404b7f6:c1115, 4c3e8a66-6975-4917-8225-d3efe707aaff:c1115]
2019-09-04 11:46:00,264 | INFO  | DNAudit | user=null | ip=null | op=WRITE_CHUNK {blockData=conID: 1 locID: 102734073356616108 bcsId: 1117} | ret=SUCCESS |  
2019-09-04 11:46:00,267 | INFO  | DNAudit | user=null | ip=null | op=WRITE_CHUNK {blockData=conID: 1 locID: 102734073356616108 bcsId: 1117} | ret=SUCCESS |  
2019-09-04 11:46:00,267 | INFO  | DNAudit | user=null | ip=null | op=WRITE_CHUNK {blockData=conID: 1 locID: 102734073356616108 bcsId: 1117} | ret=SUCCESS |  
2019-09-04 11:46:00,277 | INFO  | DNAudit | user=null | ip=null | op=WRITE_CHUNK {blockData=conID: 1 locID: 102734073356616108 bcsId: 0} | ret=SUCCESS |  
2019-09-04 11:46:00,278 | INFO  | DNAudit | user=null | ip=null | op=PUT_BLOCK {blockData=[blockId=conID: 1 locID: 102734073356616108 bcsId: 0,size=2097152]} | ret=SUCCESS |  
2019-09-04 11:46:00,278 | INFO  | DNAudit | user=null | ip=null | op=WRITE_CHUNK {blockData=conID: 1 locID: 102734073356616108 bcsId: 0} | ret=SUCCESS |  
2019-09-04 11:46:00,278 | INFO  | DNAudit | user=null | ip=null | op=PUT_BLOCK {blockData=[blockId=conID: 1 locID: 102734073356616108 bcsId: 0,size=2097152]} | ret=SUCCESS |  
2019-09-04 11:46:00,279 | INFO  | DNAudit | user=null | ip=null | op=WRITE_CHUNK {blockData=conID: 1 locID: 102734073356616108 bcsId: 1117} | ret=SUCCESS |  
2019-09-04 11:46:00,279 | INFO  | DNAudit | user=null | ip=null | op=PUT_BLOCK {blockData=[blockId=conID: 1 locID: 102734073356616108 bcsId: 0,size=3145728]} | ret=SUCCESS |  
2019-09-04 11:46:00,280 [grpc-default-executor-0] INFO  client.GrpcClientProtocolClient (GrpcClientProtocolClient.java:onNext(255)) - client-D5CE890D7D9E->efcb8ff8-f060-4d95-9215-d0f5eb4af037: receive RaftClientReply:client-D5CE890D7D9E->efcb8ff8-f060-4d95-9215-d0f5eb4af037@group-0959F8DF43ED, cid=851, SUCCESS, logIndex=1121, commits[efcb8ff8-f060-4d95-9215-d0f5eb4af037:c1122, 6fae8b02-e804-4c0e-b729-a97b7404b7f6:c1119, 4c3e8a66-6975-4917-8225-d3efe707aaff:c1119]
2019-09-04 11:46:00,280 [grpc-default-executor-0] INFO  client.GrpcClientProtocolClient (GrpcClientProtocolClient.java:onNext(255)) - client-D5CE890D7D9E->efcb8ff8-f060-4d95-9215-d0f5eb4af037: receive RaftClientReply:client-D5CE890D7D9E->efcb8ff8-f060-4d95-9215-d0f5eb4af037@group-0959F8DF43ED, cid=852, SUCCESS, logIndex=1122, commits[efcb8ff8-f060-4d95-9215-d0f5eb4af037:c1122, 6fae8b02-e804-4c0e-b729-a97b7404b7f6:c1119, 4c3e8a66-6975-4917-8225-d3efe707aaff:c1119]
2019-09-04 11:46:00,287 | INFO  | DNAudit | user=null | ip=null | op=WRITE_CHUNK {blockData=conID: 1 locID: 102734073356616108 bcsId: 1122} | ret=SUCCESS |  
2019-09-04 11:46:00,289 | INFO  | DNAudit | user=null | ip=null | op=WRITE_CHUNK {blockData=conID: 1 locID: 102734073356616108 bcsId: 1122} | ret=SUCCESS |  
2019-09-04 11:46:00,289 | INFO  | DNAudit | user=null | ip=null | op=WRITE_CHUNK {blockData=conID: 1 locID: 102734073356616108 bcsId: 1122} | ret=SUCCESS |  
2019-09-04 11:46:00,301 | INFO  | DNAudit | user=null | ip=null | op=WRITE_CHUNK {blockData=conID: 1 locID: 102734073356616108 bcsId: 1117} | ret=SUCCESS |  
2019-09-04 11:46:00,301 | INFO  | DNAudit | user=null | ip=null | op=WRITE_CHUNK {blockData=conID: 1 locID: 102734073356616108 bcsId: 1117} | ret=SUCCESS |  
2019-09-04 11:46:00,302 | INFO  | DNAudit | user=null | ip=null | op=PUT_BLOCK {blockData=[blockId=conID: 1 locID: 102734073356616108 bcsId: 0,size=3145728]} | ret=SUCCESS |  
2019-09-04 11:46:00,303 | INFO  | DNAudit | user=null | ip=null | op=PUT_BLOCK {blockData=[blockId=conID: 1 locID: 102734073356616108 bcsId: 0,size=3145728]} | ret=SUCCESS |  
2019-09-04 11:46:00,303 | INFO  | DNAudit | user=null | ip=null | op=WRITE_CHUNK {blockData=conID: 1 locID: 102734073356616108 bcsId: 1122} | ret=SUCCESS |  
2019-09-04 11:46:00,303 | INFO  | DNAudit | user=null | ip=null | op=PUT_BLOCK {blockData=[blockId=conID: 1 locID: 102734073356616108 bcsId: 0,size=4194304]} | ret=SUCCESS |  
2019-09-04 11:46:00,304 [grpc-default-executor-6] INFO  client.GrpcClientProtocolClient (GrpcClientProtocolClient.java:onNext(255)) - client-D5CE890D7D9E->efcb8ff8-f060-4d95-9215-d0f5eb4af037: receive RaftClientReply:client-D5CE890D7D9E->efcb8ff8-f060-4d95-9215-d0f5eb4af037@group-0959F8DF43ED, cid=853, SUCCESS, logIndex=1125, commits[efcb8ff8-f060-4d95-9215-d0f5eb4af037:c1126, 6fae8b02-e804-4c0e-b729-a97b7404b7f6:c1122, 4c3e8a66-6975-4917-8225-d3efe707aaff:c1122]
2019-09-04 11:46:00,304 [grpc-default-executor-6] INFO  client.GrpcClientProtocolClient (GrpcClientProtocolClient.java:onNext(255)) - client-D5CE890D7D9E->efcb8ff8-f060-4d95-9215-d0f5eb4af037: receive RaftClientReply:client-D5CE890D7D9E->efcb8ff8-f060-4d95-9215-d0f5eb4af037@group-0959F8DF43ED, cid=854, SUCCESS, logIndex=1126, commits[efcb8ff8-f060-4d95-9215-d0f5eb4af037:c1126, 6fae8b02-e804-4c0e-b729-a97b7404b7f6:c1122, 4c3e8a66-6975-4917-8225-d3efe707aaff:c1122]
2019-09-04 11:46:00,324 | INFO  | DNAudit | user=null | ip=null | op=WRITE_CHUNK {blockData=conID: 1 locID: 102734073356616108 bcsId: 1122} | ret=SUCCESS |  
2019-09-04 11:46:00,324 | INFO  | DNAudit | user=null | ip=null | op=WRITE_CHUNK {blockData=conID: 1 locID: 102734073356616108 bcsId: 1122} | ret=SUCCESS |  
2019-09-04 11:46:00,325 | INFO  | DNAudit | user=null | ip=null | op=PUT_BLOCK {blockData=[blockId=conID: 1 locID: 102734073356616108 bcsId: 0,size=4194304]} | ret=SUCCESS |  
2019-09-04 11:46:00,325 | INFO  | DNAudit | user=null | ip=null | op=PUT_BLOCK {blockData=[blockId=conID: 1 locID: 102734073356616108 bcsId: 0,size=4194304]} | ret=SUCCESS |  
2019-09-04 11:46:00,325 [grpc-default-executor-6] INFO  client.GrpcClientProtocolClient (GrpcClientProtocolClient.java:onNext(255)) - client-D5CE890D7D9E->efcb8ff8-f060-4d95-9215-d0f5eb4af037: receive RaftClientReply:client-D5CE890D7D9E->efcb8ff8-f060-4d95-9215-d0f5eb4af037@group-0959F8DF43ED, cid=855, SUCCESS, logIndex=0, commits[efcb8ff8-f060-4d95-9215-d0f5eb4af037:c1128, 6fae8b02-e804-4c0e-b729-a97b7404b7f6:c1126, 4c3e8a66-6975-4917-8225-d3efe707aaff:c1126]
2019-09-04 11:46:00,335 | INFO  | DNAudit | user=null | ip=null | op=WRITE_CHUNK {blockData=conID: 2 locID: 102734073356616109 bcsId: 0} | ret=SUCCESS |  
2019-09-04 11:46:00,336 | INFO  | DNAudit | user=null | ip=null | op=WRITE_CHUNK {blockData=conID: 2 locID: 102734073356616109 bcsId: 0} | ret=SUCCESS |  
2019-09-04 11:46:00,337 | INFO  | DNAudit | user=null | ip=null | op=WRITE_CHUNK {blockData=conID: 2 locID: 102734073356616109 bcsId: 0} | ret=SUCCESS |  
2019-09-04 11:46:00,337 | INFO  | DNAudit | user=null | ip=null | op=WRITE_CHUNK {blockData=conID: 2 locID: 102734073356616109 bcsId: 0} | ret=SUCCESS |  
2019-09-04 11:46:00,338 | INFO  | DNAudit | user=null | ip=null | op=WRITE_CHUNK {blockData=conID: 2 locID: 102734073356616109 bcsId: 0} | ret=SUCCESS |  
2019-09-04 11:46:00,339 | INFO  | DNAudit | user=null | ip=null | op=WRITE_CHUNK {blockData=conID: 2 locID: 102734073356616109 bcsId: 0} | ret=SUCCESS |  
2019-09-04 11:46:00,364 | INFO  | DNAudit | user=null | ip=null | op=WRITE_CHUNK {blockData=conID: 2 locID: 102734073356616109 bcsId: 0} | ret=SUCCESS |  
2019-09-04 11:46:00,364 | INFO  | DNAudit | user=null | ip=null | op=PUT_BLOCK {blockData=[blockId=conID: 2 locID: 102734073356616109 bcsId: 0,size=1048576]} | ret=SUCCESS |  
2019-09-04 11:46:00,364 | INFO  | DNAudit | user=null | ip=null | op=WRITE_CHUNK {blockData=conID: 2 locID: 102734073356616109 bcsId: 0} | ret=SUCCESS |  
2019-09-04 11:46:00,364 [grpc-default-executor-4] INFO  client.GrpcClientProtocolClient (GrpcClientProtocolClient.java:onNext(255)) - client-D5CE890D7D9E->efcb8ff8-f060-4d95-9215-d0f5eb4af037: receive RaftClientReply:client-D5CE890D7D9E->efcb8ff8-f060-4d95-9215-d0f5eb4af037@group-0959F8DF43ED, cid=856, SUCCESS, logIndex=1129, commits[efcb8ff8-f060-4d95-9215-d0f5eb4af037:c1132, 6fae8b02-e804-4c0e-b729-a97b7404b7f6:c1128, 4c3e8a66-6975-4917-8225-d3efe707aaff:c1128]
2019-09-04 11:46:00,365 | INFO  | DNAudit | user=null | ip=null | op=PUT_BLOCK {blockData=[blockId=conID: 2 locID: 102734073356616109 bcsId: 0,size=2097152]} | ret=SUCCESS |  
2019-09-04 11:46:00,365 [grpc-default-executor-4] INFO  client.GrpcClientProtocolClient (GrpcClientProtocolClient.java:onNext(255)) - client-D5CE890D7D9E->efcb8ff8-f060-4d95-9215-d0f5eb4af037: receive RaftClientReply:client-D5CE890D7D9E->efcb8ff8-f060-4d95-9215-d0f5eb4af037@group-0959F8DF43ED, cid=857, SUCCESS, logIndex=1130, commits[efcb8ff8-f060-4d95-9215-d0f5eb4af037:c1132, 6fae8b02-e804-4c0e-b729-a97b7404b7f6:c1128, 4c3e8a66-6975-4917-8225-d3efe707aaff:c1128]
2019-09-04 11:46:00,365 [grpc-default-executor-4] INFO  client.GrpcClientProtocolClient (GrpcClientProtocolClient.java:onNext(255)) - client-D5CE890D7D9E->efcb8ff8-f060-4d95-9215-d0f5eb4af037: receive RaftClientReply:client-D5CE890D7D9E->efcb8ff8-f060-4d95-9215-d0f5eb4af037@group-0959F8DF43ED, cid=858, SUCCESS, logIndex=1131, commits[efcb8ff8-f060-4d95-9215-d0f5eb4af037:c1132, 6fae8b02-e804-4c0e-b729-a97b7404b7f6:c1128, 4c3e8a66-6975-4917-8225-d3efe707aaff:c1128]
2019-09-04 11:46:00,366 [grpc-default-executor-4] INFO  client.GrpcClientProtocolClient (GrpcClientProtocolClient.java:onNext(255)) - client-D5CE890D7D9E->efcb8ff8-f060-4d95-9215-d0f5eb4af037: receive RaftClientReply:client-D5CE890D7D9E->efcb8ff8-f060-4d95-9215-d0f5eb4af037@group-0959F8DF43ED, cid=859, SUCCESS, logIndex=1132, commits[efcb8ff8-f060-4d95-9215-d0f5eb4af037:c1132, 6fae8b02-e804-4c0e-b729-a97b7404b7f6:c1128, 4c3e8a66-6975-4917-8225-d3efe707aaff:c1128]
2019-09-04 11:46:00,396 | INFO  | DNAudit | user=null | ip=null | op=WRITE_CHUNK {blockData=conID: 2 locID: 102734073356616109 bcsId: 0} | ret=SUCCESS |  
2019-09-04 11:46:00,396 | INFO  | DNAudit | user=null | ip=null | op=PUT_BLOCK {blockData=[blockId=conID: 2 locID: 102734073356616109 bcsId: 0,size=1048576]} | ret=SUCCESS |  
2019-09-04 11:46:00,396 | INFO  | DNAudit | user=null | ip=null | op=WRITE_CHUNK {blockData=conID: 2 locID: 102734073356616109 bcsId: 0} | ret=SUCCESS |  
2019-09-04 11:46:00,397 | INFO  | DNAudit | user=null | ip=null | op=PUT_BLOCK {blockData=[blockId=conID: 2 locID: 102734073356616109 bcsId: 0,size=1048576]} | ret=SUCCESS |  
2019-09-04 11:46:00,397 | INFO  | DNAudit | user=null | ip=null | op=WRITE_CHUNK {blockData=conID: 2 locID: 102734073356616109 bcsId: 0} | ret=SUCCESS |  
2019-09-04 11:46:00,397 | INFO  | DNAudit | user=null | ip=null | op=WRITE_CHUNK {blockData=conID: 2 locID: 102734073356616109 bcsId: 0} | ret=SUCCESS |  
2019-09-04 11:46:00,397 | INFO  | DNAudit | user=null | ip=null | op=PUT_BLOCK {blockData=[blockId=conID: 2 locID: 102734073356616109 bcsId: 0,size=2097152]} | ret=SUCCESS |  
2019-09-04 11:46:00,397 | INFO  | DNAudit | user=null | ip=null | op=PUT_BLOCK {blockData=[blockId=conID: 2 locID: 102734073356616109 bcsId: 0,size=2097152]} | ret=SUCCESS |  
2019-09-04 11:46:00,397 [grpc-default-executor-0] INFO  client.GrpcClientProtocolClient (GrpcClientProtocolClient.java:onNext(255)) - client-D5CE890D7D9E->efcb8ff8-f060-4d95-9215-d0f5eb4af037: receive RaftClientReply:client-D5CE890D7D9E->efcb8ff8-f060-4d95-9215-d0f5eb4af037@group-0959F8DF43ED, cid=860, SUCCESS, logIndex=0, commits[efcb8ff8-f060-4d95-9215-d0f5eb4af037:c1133, 6fae8b02-e804-4c0e-b729-a97b7404b7f6:c1130, 4c3e8a66-6975-4917-8225-d3efe707aaff:c1130]
2019-09-04 11:46:00,406 | INFO  | DNAudit | user=null | ip=null | op=WRITE_CHUNK {blockData=conID: 2 locID: 102734073356616109 bcsId: 1132} | ret=SUCCESS |  
2019-09-04 11:46:00,408 | INFO  | DNAudit | user=null | ip=null | op=WRITE_CHUNK {blockData=conID: 2 locID: 102734073356616109 bcsId: 1132} | ret=SUCCESS |  
2019-09-04 11:46:00,409 | INFO  | DNAudit | user=null | ip=null | op=WRITE_CHUNK {blockData=conID: 2 locID: 102734073356616109 bcsId: 1132} | ret=SUCCESS |  
2019-09-04 11:46:00,419 | INFO  | DNAudit | user=null | ip=null | op=WRITE_CHUNK {blockData=conID: 2 locID: 102734073356616109 bcsId: 1132} | ret=SUCCESS |  
2019-09-04 11:46:00,419 | INFO  | DNAudit | user=null | ip=null | op=PUT_BLOCK {blockData=[blockId=conID: 2 locID: 102734073356616109 bcsId: 0,size=3145728]} | ret=SUCCESS |  
2019-09-04 11:46:00,419 [grpc-default-executor-0] INFO  client.GrpcClientProtocolClient (GrpcClientProtocolClient.java:onNext(255)) - client-D5CE890D7D9E->efcb8ff8-f060-4d95-9215-d0f5eb4af037: receive RaftClientReply:client-D5CE890D7D9E->efcb8ff8-f060-4d95-9215-d0f5eb4af037@group-0959F8DF43ED, cid=861, SUCCESS, logIndex=1137, commits[efcb8ff8-f060-4d95-9215-d0f5eb4af037:c1138, 6fae8b02-e804-4c0e-b729-a97b7404b7f6:c1136, 4c3e8a66-6975-4917-8225-d3efe707aaff:c1136]
2019-09-04 11:46:00,420 [grpc-default-executor-0] INFO  client.GrpcClientProtocolClient (GrpcClientProtocolClient.java:onNext(255)) - client-D5CE890D7D9E->efcb8ff8-f060-4d95-9215-d0f5eb4af037: receive RaftClientReply:client-D5CE890D7D9E->efcb8ff8-f060-4d95-9215-d0f5eb4af037@group-0959F8DF43ED, cid=862, SUCCESS, logIndex=1138, commits[efcb8ff8-f060-4d95-9215-d0f5eb4af037:c1138, 6fae8b02-e804-4c0e-b729-a97b7404b7f6:c1136, 4c3e8a66-6975-4917-8225-d3efe707aaff:c1136]
2019-09-04 11:46:00,427 | INFO  | DNAudit | user=null | ip=null | op=WRITE_CHUNK {blockData=conID: 2 locID: 102734073356616109 bcsId: 1138} | ret=SUCCESS |  
2019-09-04 11:46:00,430 | INFO  | DNAudit | user=null | ip=null | op=WRITE_CHUNK {blockData=conID: 2 locID: 102734073356616109 bcsId: 1138} | ret=SUCCESS |  
2019-09-04 11:46:00,430 | INFO  | DNAudit | user=null | ip=null | op=WRITE_CHUNK {blockData=conID: 2 locID: 102734073356616109 bcsId: 1138} | ret=SUCCESS |  
2019-09-04 11:46:00,436 | INFO  | DNAudit | user=null | ip=null | op=WRITE_CHUNK {blockData=conID: 2 locID: 102734073356616109 bcsId: 1132} | ret=SUCCESS |  
2019-09-04 11:46:00,436 | INFO  | DNAudit | user=null | ip=null | op=WRITE_CHUNK {blockData=conID: 2 locID: 102734073356616109 bcsId: 1132} | ret=SUCCESS |  
2019-09-04 11:46:00,437 | INFO  | DNAudit | user=null | ip=null | op=PUT_BLOCK {blockData=[blockId=conID: 2 locID: 102734073356616109 bcsId: 0,size=3145728]} | ret=SUCCESS |  
2019-09-04 11:46:00,438 | INFO  | DNAudit | user=null | ip=null | op=PUT_BLOCK {blockData=[blockId=conID: 2 locID: 102734073356616109 bcsId: 0,size=3145728]} | ret=SUCCESS |  
2019-09-04 11:46:00,438 | INFO  | DNAudit | user=null | ip=null | op=WRITE_CHUNK {blockData=conID: 2 locID: 102734073356616109 bcsId: 1138} | ret=SUCCESS |  
2019-09-04 11:46:00,438 | INFO  | DNAudit | user=null | ip=null | op=PUT_BLOCK {blockData=[blockId=conID: 2 locID: 102734073356616109 bcsId: 0,size=4194304]} | ret=SUCCESS |  
2019-09-04 11:46:00,439 [grpc-default-executor-1] INFO  client.GrpcClientProtocolClient (GrpcClientProtocolClient.java:onNext(255)) - client-D5CE890D7D9E->efcb8ff8-f060-4d95-9215-d0f5eb4af037: receive RaftClientReply:client-D5CE890D7D9E->efcb8ff8-f060-4d95-9215-d0f5eb4af037@group-0959F8DF43ED, cid=863, SUCCESS, logIndex=1141, commits[efcb8ff8-f060-4d95-9215-d0f5eb4af037:c1141, 6fae8b02-e804-4c0e-b729-a97b7404b7f6:c1138, 4c3e8a66-6975-4917-8225-d3efe707aaff:c1138]
2019-09-04 11:46:00,439 [grpc-default-executor-1] INFO  client.GrpcClientProtocolClient (GrpcClientProtocolClient.java:onNext(255)) - client-D5CE890D7D9E->efcb8ff8-f060-4d95-9215-d0f5eb4af037: receive RaftClientReply:client-D5CE890D7D9E->efcb8ff8-f060-4d95-9215-d0f5eb4af037@group-0959F8DF43ED, cid=864, SUCCESS, logIndex=1142, commits[efcb8ff8-f060-4d95-9215-d0f5eb4af037:c1142, 6fae8b02-e804-4c0e-b729-a97b7404b7f6:c1138, 4c3e8a66-6975-4917-8225-d3efe707aaff:c1138]
2019-09-04 11:46:00,455 | INFO  | DNAudit | user=null | ip=null | op=WRITE_CHUNK {blockData=conID: 2 locID: 102734073356616109 bcsId: 1138} | ret=SUCCESS |  
2019-09-04 11:46:00,455 | INFO  | DNAudit | user=null | ip=null | op=WRITE_CHUNK {blockData=conID: 2 locID: 102734073356616109 bcsId: 1138} | ret=SUCCESS |  
2019-09-04 11:46:00,456 | INFO  | DNAudit | user=null | ip=null | op=PUT_BLOCK {blockData=[blockId=conID: 2 locID: 102734073356616109 bcsId: 0,size=4194304]} | ret=SUCCESS |  
2019-09-04 11:46:00,456 | INFO  | DNAudit | user=null | ip=null | op=PUT_BLOCK {blockData=[blockId=conID: 2 locID: 102734073356616109 bcsId: 0,size=4194304]} | ret=SUCCESS |  
2019-09-04 11:46:00,457 [grpc-default-executor-1] INFO  client.GrpcClientProtocolClient (GrpcClientProtocolClient.java:onNext(255)) - client-D5CE890D7D9E->efcb8ff8-f060-4d95-9215-d0f5eb4af037: receive RaftClientReply:client-D5CE890D7D9E->efcb8ff8-f060-4d95-9215-d0f5eb4af037@group-0959F8DF43ED, cid=865, SUCCESS, logIndex=0, commits[efcb8ff8-f060-4d95-9215-d0f5eb4af037:c1144, 6fae8b02-e804-4c0e-b729-a97b7404b7f6:c1142, 4c3e8a66-6975-4917-8225-d3efe707aaff:c1142]
2019-09-04 11:46:00,466 | INFO  | DNAudit | user=null | ip=null | op=WRITE_CHUNK {blockData=conID: 3 locID: 102734073356616110 bcsId: 0} | ret=SUCCESS |  
2019-09-04 11:46:00,468 | INFO  | DNAudit | user=null | ip=null | op=WRITE_CHUNK {blockData=conID: 3 locID: 102734073356616110 bcsId: 0} | ret=SUCCESS |  
2019-09-04 11:46:00,468 | INFO  | DNAudit | user=null | ip=null | op=WRITE_CHUNK {blockData=conID: 3 locID: 102734073356616110 bcsId: 0} | ret=SUCCESS |  
2019-09-04 11:46:00,469 | INFO  | DNAudit | user=null | ip=null | op=WRITE_CHUNK {blockData=conID: 3 locID: 102734073356616110 bcsId: 0} | ret=SUCCESS |  
2019-09-04 11:46:00,471 | INFO  | DNAudit | user=null | ip=null | op=WRITE_CHUNK {blockData=conID: 3 locID: 102734073356616110 bcsId: 0} | ret=SUCCESS |  
2019-09-04 11:46:00,472 | INFO  | DNAudit | user=null | ip=null | op=WRITE_CHUNK {blockData=conID: 3 locID: 102734073356616110 bcsId: 0} | ret=SUCCESS |  
2019-09-04 11:46:00,485 | INFO  | DNAudit | user=null | ip=null | op=WRITE_CHUNK {blockData=conID: 3 locID: 102734073356616110 bcsId: 0} | ret=SUCCESS |  
2019-09-04 11:46:00,485 | INFO  | DNAudit | user=null | ip=null | op=PUT_BLOCK {blockData=[blockId=conID: 3 locID: 102734073356616110 bcsId: 0,size=1048576]} | ret=SUCCESS |  
2019-09-04 11:46:00,486 | INFO  | DNAudit | user=null | ip=null | op=WRITE_CHUNK {blockData=conID: 3 locID: 102734073356616110 bcsId: 0} | ret=SUCCESS |  
2019-09-04 11:46:00,486 [grpc-default-executor-4] INFO  client.GrpcClientProtocolClient (GrpcClientProtocolClient.java:onNext(255)) - client-D5CE890D7D9E->efcb8ff8-f060-4d95-9215-d0f5eb4af037: receive RaftClientReply:client-D5CE890D7D9E->efcb8ff8-f060-4d95-9215-d0f5eb4af037@group-0959F8DF43ED, cid=866, SUCCESS, logIndex=1145, commits[efcb8ff8-f060-4d95-9215-d0f5eb4af037:c1146, 6fae8b02-e804-4c0e-b729-a97b7404b7f6:c1144, 4c3e8a66-6975-4917-8225-d3efe707aaff:c1144]
2019-09-04 11:46:00,486 | INFO  | DNAudit | user=null | ip=null | op=PUT_BLOCK {blockData=[blockId=conID: 3 locID: 102734073356616110 bcsId: 0,size=2097152]} | ret=SUCCESS |  
2019-09-04 11:46:00,486 [grpc-default-executor-4] INFO  client.GrpcClientProtocolClient (GrpcClientProtocolClient.java:onNext(255)) - client-D5CE890D7D9E->efcb8ff8-f060-4d95-9215-d0f5eb4af037: receive RaftClientReply:client-D5CE890D7D9E->efcb8ff8-f060-4d95-9215-d0f5eb4af037@group-0959F8DF43ED, cid=867, SUCCESS, logIndex=1146, commits[efcb8ff8-f060-4d95-9215-d0f5eb4af037:c1148, 6fae8b02-e804-4c0e-b729-a97b7404b7f6:c1144, 4c3e8a66-6975-4917-8225-d3efe707aaff:c1144]
2019-09-04 11:46:00,487 [grpc-default-executor-4] INFO  client.GrpcClientProtocolClient (GrpcClientProtocolClient.java:onNext(255)) - client-D5CE890D7D9E->efcb8ff8-f060-4d95-9215-d0f5eb4af037: receive RaftClientReply:client-D5CE890D7D9E->efcb8ff8-f060-4d95-9215-d0f5eb4af037@group-0959F8DF43ED, cid=868, SUCCESS, logIndex=1147, commits[efcb8ff8-f060-4d95-9215-d0f5eb4af037:c1148, 6fae8b02-e804-4c0e-b729-a97b7404b7f6:c1144, 4c3e8a66-6975-4917-8225-d3efe707aaff:c1144]
2019-09-04 11:46:00,487 [grpc-default-executor-4] INFO  client.GrpcClientProtocolClient (GrpcClientProtocolClient.java:onNext(255)) - client-D5CE890D7D9E->efcb8ff8-f060-4d95-9215-d0f5eb4af037: receive RaftClientReply:client-D5CE890D7D9E->efcb8ff8-f060-4d95-9215-d0f5eb4af037@group-0959F8DF43ED, cid=869, SUCCESS, logIndex=1148, commits[efcb8ff8-f060-4d95-9215-d0f5eb4af037:c1148, 6fae8b02-e804-4c0e-b729-a97b7404b7f6:c1144, 4c3e8a66-6975-4917-8225-d3efe707aaff:c1144]
2019-09-04 11:46:00,504 | INFO  | DNAudit | user=null | ip=null | op=WRITE_CHUNK {blockData=conID: 3 locID: 102734073356616110 bcsId: 0} | ret=SUCCESS |  
2019-09-04 11:46:00,504 | INFO  | DNAudit | user=null | ip=null | op=PUT_BLOCK {blockData=[blockId=conID: 3 locID: 102734073356616110 bcsId: 0,size=1048576]} | ret=SUCCESS |  
2019-09-04 11:46:00,504 | INFO  | DNAudit | user=null | ip=null | op=WRITE_CHUNK {blockData=conID: 3 locID: 102734073356616110 bcsId: 0} | ret=SUCCESS |  
2019-09-04 11:46:00,505 | INFO  | DNAudit | user=null | ip=null | op=PUT_BLOCK {blockData=[blockId=conID: 3 locID: 102734073356616110 bcsId: 0,size=1048576]} | ret=SUCCESS |  
2019-09-04 11:46:00,505 | INFO  | DNAudit | user=null | ip=null | op=WRITE_CHUNK {blockData=conID: 3 locID: 102734073356616110 bcsId: 0} | ret=SUCCESS |  
2019-09-04 11:46:00,505 | INFO  | DNAudit | user=null | ip=null | op=PUT_BLOCK {blockData=[blockId=conID: 3 locID: 102734073356616110 bcsId: 0,size=2097152]} | ret=SUCCESS |  
2019-09-04 11:46:00,505 | INFO  | DNAudit | user=null | ip=null | op=WRITE_CHUNK {blockData=conID: 3 locID: 102734073356616110 bcsId: 0} | ret=SUCCESS |  
2019-09-04 11:46:00,505 [grpc-default-executor-4] INFO  client.GrpcClientProtocolClient (GrpcClientProtocolClient.java:onNext(255)) - client-D5CE890D7D9E->efcb8ff8-f060-4d95-9215-d0f5eb4af037: receive RaftClientReply:client-D5CE890D7D9E->efcb8ff8-f060-4d95-9215-d0f5eb4af037@group-0959F8DF43ED, cid=870, SUCCESS, logIndex=0, commits[efcb8ff8-f060-4d95-9215-d0f5eb4af037:c1149, 6fae8b02-e804-4c0e-b729-a97b7404b7f6:c1146, 4c3e8a66-6975-4917-8225-d3efe707aaff:c1146]
2019-09-04 11:46:00,506 | INFO  | DNAudit | user=null | ip=null | op=PUT_BLOCK {blockData=[blockId=conID: 3 locID: 102734073356616110 bcsId: 0,size=2097152]} | ret=SUCCESS |  
2019-09-04 11:46:00,513 | INFO  | DNAudit | user=null | ip=null | op=WRITE_CHUNK {blockData=conID: 3 locID: 102734073356616110 bcsId: 1148} | ret=SUCCESS |  
2019-09-04 11:46:00,516 | INFO  | DNAudit | user=null | ip=null | op=WRITE_CHUNK {blockData=conID: 3 locID: 102734073356616110 bcsId: 1148} | ret=SUCCESS |  
2019-09-04 11:46:00,517 | INFO  | DNAudit | user=null | ip=null | op=WRITE_CHUNK {blockData=conID: 3 locID: 102734073356616110 bcsId: 1148} | ret=SUCCESS |  
2019-09-04 11:46:00,531 | INFO  | DNAudit | user=null | ip=null | op=WRITE_CHUNK {blockData=conID: 3 locID: 102734073356616110 bcsId: 1148} | ret=SUCCESS |  
2019-09-04 11:46:00,531 | INFO  | DNAudit | user=null | ip=null | op=PUT_BLOCK {blockData=[blockId=conID: 3 locID: 102734073356616110 bcsId: 0,size=3145728]} | ret=SUCCESS |  
2019-09-04 11:46:00,532 [grpc-default-executor-1] INFO  client.GrpcClientProtocolClient (GrpcClientProtocolClient.java:onNext(255)) - client-D5CE890D7D9E->efcb8ff8-f060-4d95-9215-d0f5eb4af037: receive RaftClientReply:client-D5CE890D7D9E->efcb8ff8-f060-4d95-9215-d0f5eb4af037@group-0959F8DF43ED, cid=871, SUCCESS, logIndex=1153, commits[efcb8ff8-f060-4d95-9215-d0f5eb4af037:c1154, 6fae8b02-e804-4c0e-b729-a97b7404b7f6:c1152, 4c3e8a66-6975-4917-8225-d3efe707aaff:c1152]
2019-09-04 11:46:00,532 [grpc-default-executor-1] INFO  client.GrpcClientProtocolClient (GrpcClientProtocolClient.java:onNext(255)) - client-D5CE890D7D9E->efcb8ff8-f060-4d95-9215-d0f5eb4af037: receive RaftClientReply:client-D5CE890D7D9E->efcb8ff8-f060-4d95-9215-d0f5eb4af037@group-0959F8DF43ED, cid=872, SUCCESS, logIndex=1154, commits[efcb8ff8-f060-4d95-9215-d0f5eb4af037:c1154, 6fae8b02-e804-4c0e-b729-a97b7404b7f6:c1152, 4c3e8a66-6975-4917-8225-d3efe707aaff:c1152]
2019-09-04 11:46:00,541 | INFO  | DNAudit | user=null | ip=null | op=WRITE_CHUNK {blockData=conID: 3 locID: 102734073356616110 bcsId: 1154} | ret=SUCCESS |  
2019-09-04 11:46:00,545 | INFO  | DNAudit | user=null | ip=null | op=WRITE_CHUNK {blockData=conID: 3 locID: 102734073356616110 bcsId: 1154} | ret=SUCCESS |  
2019-09-04 11:46:00,545 | INFO  | DNAudit | user=null | ip=null | op=WRITE_CHUNK {blockData=conID: 3 locID: 102734073356616110 bcsId: 1154} | ret=SUCCESS |  
2019-09-04 11:46:00,550 | INFO  | DNAudit | user=null | ip=null | op=WRITE_CHUNK {blockData=conID: 3 locID: 102734073356616110 bcsId: 1148} | ret=SUCCESS |  
2019-09-04 11:46:00,562 | INFO  | DNAudit | user=null | ip=null | op=WRITE_CHUNK {blockData=conID: 3 locID: 102734073356616110 bcsId: 1148} | ret=SUCCESS |  
2019-09-04 11:46:00,562 | INFO  | DNAudit | user=null | ip=null | op=PUT_BLOCK {blockData=[blockId=conID: 3 locID: 102734073356616110 bcsId: 0,size=3145728]} | ret=SUCCESS |  
2019-09-04 11:46:00,562 | INFO  | DNAudit | user=null | ip=null | op=PUT_BLOCK {blockData=[blockId=conID: 3 locID: 102734073356616110 bcsId: 0,size=3145728]} | ret=SUCCESS |  
2019-09-04 11:46:00,564 | INFO  | DNAudit | user=null | ip=null | op=WRITE_CHUNK {blockData=conID: 3 locID: 102734073356616110 bcsId: 1154} | ret=SUCCESS |  
2019-09-04 11:46:00,564 | INFO  | DNAudit | user=null | ip=null | op=PUT_BLOCK {blockData=[blockId=conID: 3 locID: 102734073356616110 bcsId: 0,size=4194304]} | ret=SUCCESS |  
2019-09-04 11:46:00,565 [grpc-default-executor-1] INFO  client.GrpcClientProtocolClient (GrpcClientProtocolClient.java:onNext(255)) - client-D5CE890D7D9E->efcb8ff8-f060-4d95-9215-d0f5eb4af037: receive RaftClientReply:client-D5CE890D7D9E->efcb8ff8-f060-4d95-9215-d0f5eb4af037@group-0959F8DF43ED, cid=873, SUCCESS, logIndex=1157, commits[efcb8ff8-f060-4d95-9215-d0f5eb4af037:c1158, 6fae8b02-e804-4c0e-b729-a97b7404b7f6:c1154, 4c3e8a66-6975-4917-8225-d3efe707aaff:c1154]
2019-09-04 11:46:00,565 [grpc-default-executor-1] INFO  client.GrpcClientProtocolClient (GrpcClientProtocolClient.java:onNext(255)) - client-D5CE890D7D9E->efcb8ff8-f060-4d95-9215-d0f5eb4af037: receive RaftClientReply:client-D5CE890D7D9E->efcb8ff8-f060-4d95-9215-d0f5eb4af037@group-0959F8DF43ED, cid=874, SUCCESS, logIndex=1158, commits[efcb8ff8-f060-4d95-9215-d0f5eb4af037:c1158, 6fae8b02-e804-4c0e-b729-a97b7404b7f6:c1154, 4c3e8a66-6975-4917-8225-d3efe707aaff:c1154]
2019-09-04 11:46:00,582 | INFO  | DNAudit | user=null | ip=null | op=WRITE_CHUNK {blockData=conID: 3 locID: 102734073356616110 bcsId: 1154} | ret=SUCCESS |  
2019-09-04 11:46:00,582 | INFO  | DNAudit | user=null | ip=null | op=WRITE_CHUNK {blockData=conID: 3 locID: 102734073356616110 bcsId: 1154} | ret=SUCCESS |  
2019-09-04 11:46:00,583 | INFO  | DNAudit | user=null | ip=null | op=PUT_BLOCK {blockData=[blockId=conID: 3 locID: 102734073356616110 bcsId: 0,size=4194304]} | ret=SUCCESS |  
2019-09-04 11:46:00,583 | INFO  | DNAudit | user=null | ip=null | op=PUT_BLOCK {blockData=[blockId=conID: 3 locID: 102734073356616110 bcsId: 0,size=4194304]} | ret=SUCCESS |  
2019-09-04 11:46:00,583 [grpc-default-executor-4] INFO  client.GrpcClientProtocolClient (GrpcClientProtocolClient.java:onNext(255)) - client-D5CE890D7D9E->efcb8ff8-f060-4d95-9215-d0f5eb4af037: receive RaftClientReply:client-D5CE890D7D9E->efcb8ff8-f060-4d95-9215-d0f5eb4af037@group-0959F8DF43ED, cid=875, SUCCESS, logIndex=0, commits[efcb8ff8-f060-4d95-9215-d0f5eb4af037:c1159, 6fae8b02-e804-4c0e-b729-a97b7404b7f6:c1158, 4c3e8a66-6975-4917-8225-d3efe707aaff:c1158]
2019-09-04 11:46:00,592 | INFO  | DNAudit | user=null | ip=null | op=WRITE_CHUNK {blockData=conID: 1 locID: 102734073356616111 bcsId: 0} | ret=SUCCESS |  
2019-09-04 11:46:00,595 | INFO  | DNAudit | user=null | ip=null | op=WRITE_CHUNK {blockData=conID: 1 locID: 102734073356616111 bcsId: 0} | ret=SUCCESS |  
2019-09-04 11:46:00,596 | INFO  | DNAudit | user=null | ip=null | op=WRITE_CHUNK {blockData=conID: 1 locID: 102734073356616111 bcsId: 0} | ret=SUCCESS |  
2019-09-04 11:46:00,596 | INFO  | DNAudit | user=null | ip=null | op=WRITE_CHUNK {blockData=conID: 1 locID: 102734073356616111 bcsId: 0} | ret=SUCCESS |  
2019-09-04 11:46:00,598 | INFO  | DNAudit | user=null | ip=null | op=WRITE_CHUNK {blockData=conID: 1 locID: 102734073356616111 bcsId: 0} | ret=SUCCESS |  
2019-09-04 11:46:00,599 | INFO  | DNAudit | user=null | ip=null | op=WRITE_CHUNK {blockData=conID: 1 locID: 102734073356616111 bcsId: 0} | ret=SUCCESS |  
2019-09-04 11:46:00,604 | INFO  | DNAudit | user=null | ip=null | op=WRITE_CHUNK {blockData=conID: 1 locID: 102734073356616111 bcsId: 0} | ret=SUCCESS |  
2019-09-04 11:46:00,605 | INFO  | DNAudit | user=null | ip=null | op=PUT_BLOCK {blockData=[blockId=conID: 1 locID: 102734073356616111 bcsId: 0,size=1048576]} | ret=SUCCESS |  
2019-09-04 11:46:00,605 [grpc-default-executor-4] INFO  client.GrpcClientProtocolClient (GrpcClientProtocolClient.java:onNext(255)) - client-D5CE890D7D9E->efcb8ff8-f060-4d95-9215-d0f5eb4af037: receive RaftClientReply:client-D5CE890D7D9E->efcb8ff8-f060-4d95-9215-d0f5eb4af037@group-0959F8DF43ED, cid=876, SUCCESS, logIndex=1161, commits[efcb8ff8-f060-4d95-9215-d0f5eb4af037:c1162, 6fae8b02-e804-4c0e-b729-a97b7404b7f6:c1160, 4c3e8a66-6975-4917-8225-d3efe707aaff:c1160]
2019-09-04 11:46:00,606 [grpc-default-executor-4] INFO  client.GrpcClientProtocolClient (GrpcClientProtocolClient.java:onNext(255)) - client-D5CE890D7D9E->efcb8ff8-f060-4d95-9215-d0f5eb4af037: receive RaftClientReply:client-D5CE890D7D9E->efcb8ff8-f060-4d95-9215-d0f5eb4af037@group-0959F8DF43ED, cid=877, SUCCESS, logIndex=1162, commits[efcb8ff8-f060-4d95-9215-d0f5eb4af037:c1162, 6fae8b02-e804-4c0e-b729-a97b7404b7f6:c1160, 4c3e8a66-6975-4917-8225-d3efe707aaff:c1160]
2019-09-04 11:46:00,628 | INFO  | DNAudit | user=null | ip=null | op=WRITE_CHUNK {blockData=conID: 1 locID: 102734073356616111 bcsId: 0} | ret=SUCCESS |  
2019-09-04 11:46:00,628 | INFO  | DNAudit | user=null | ip=null | op=PUT_BLOCK {blockData=[blockId=conID: 1 locID: 102734073356616111 bcsId: 0,size=2097152]} | ret=SUCCESS |  
2019-09-04 11:46:00,628 [grpc-default-executor-4] INFO  client.GrpcClientProtocolClient (GrpcClientProtocolClient.java:onNext(255)) - client-D5CE890D7D9E->efcb8ff8-f060-4d95-9215-d0f5eb4af037: receive RaftClientReply:client-D5CE890D7D9E->efcb8ff8-f060-4d95-9215-d0f5eb4af037@group-0959F8DF43ED, cid=878, SUCCESS, logIndex=1163, commits[efcb8ff8-f060-4d95-9215-d0f5eb4af037:c1164, 6fae8b02-e804-4c0e-b729-a97b7404b7f6:c1160, 4c3e8a66-6975-4917-8225-d3efe707aaff:c1160]
2019-09-04 11:46:00,629 | INFO  | DNAudit | user=null | ip=null | op=WRITE_CHUNK {blockData=conID: 1 locID: 102734073356616111 bcsId: 0} | ret=SUCCESS |  
2019-09-04 11:46:00,629 | INFO  | DNAudit | user=null | ip=null | op=WRITE_CHUNK {blockData=conID: 1 locID: 102734073356616111 bcsId: 0} | ret=SUCCESS |  
2019-09-04 11:46:00,629 | INFO  | DNAudit | user=null | ip=null | op=PUT_BLOCK {blockData=[blockId=conID: 1 locID: 102734073356616111 bcsId: 0,size=1048576]} | ret=SUCCESS |  
2019-09-04 11:46:00,629 | INFO  | DNAudit | user=null | ip=null | op=PUT_BLOCK {blockData=[blockId=conID: 1 locID: 102734073356616111 bcsId: 0,size=1048576]} | ret=SUCCESS |  
2019-09-04 11:46:00,629 [grpc-default-executor-6] INFO  client.GrpcClientProtocolClient (GrpcClientProtocolClient.java:onNext(255)) - client-D5CE890D7D9E->efcb8ff8-f060-4d95-9215-d0f5eb4af037: receive RaftClientReply:client-D5CE890D7D9E->efcb8ff8-f060-4d95-9215-d0f5eb4af037@group-0959F8DF43ED, cid=879, SUCCESS, logIndex=1164, commits[efcb8ff8-f060-4d95-9215-d0f5eb4af037:c1164, 6fae8b02-e804-4c0e-b729-a97b7404b7f6:c1160, 4c3e8a66-6975-4917-8225-d3efe707aaff:c1160]
2019-09-04 11:46:00,630 | INFO  | DNAudit | user=null | ip=null | op=WRITE_CHUNK {blockData=conID: 1 locID: 102734073356616111 bcsId: 0} | ret=SUCCESS |  
2019-09-04 11:46:00,630 | INFO  | DNAudit | user=null | ip=null | op=PUT_BLOCK {blockData=[blockId=conID: 1 locID: 102734073356616111 bcsId: 0,size=2097152]} | ret=SUCCESS |  
2019-09-04 11:46:00,630 | INFO  | DNAudit | user=null | ip=null | op=WRITE_CHUNK {blockData=conID: 1 locID: 102734073356616111 bcsId: 0} | ret=SUCCESS |  
2019-09-04 11:46:00,630 | INFO  | DNAudit | user=null | ip=null | op=PUT_BLOCK {blockData=[blockId=conID: 1 locID: 102734073356616111 bcsId: 0,size=2097152]} | ret=SUCCESS |  
2019-09-04 11:46:00,631 [grpc-default-executor-6] INFO  client.GrpcClientProtocolClient (GrpcClientProtocolClient.java:onNext(255)) - client-D5CE890D7D9E->efcb8ff8-f060-4d95-9215-d0f5eb4af037: receive RaftClientReply:client-D5CE890D7D9E->efcb8ff8-f060-4d95-9215-d0f5eb4af037@group-0959F8DF43ED, cid=880, SUCCESS, logIndex=0, commits[efcb8ff8-f060-4d95-9215-d0f5eb4af037:c1168, 6fae8b02-e804-4c0e-b729-a97b7404b7f6:c1162, 4c3e8a66-6975-4917-8225-d3efe707aaff:c1164]
2019-09-04 11:46:00,639 | INFO  | DNAudit | user=null | ip=null | op=WRITE_CHUNK {blockData=conID: 1 locID: 102734073356616111 bcsId: 1164} | ret=SUCCESS |  
2019-09-04 11:46:00,642 | INFO  | DNAudit | user=null | ip=null | op=WRITE_CHUNK {blockData=conID: 1 locID: 102734073356616111 bcsId: 1164} | ret=SUCCESS |  
2019-09-04 11:46:00,642 | INFO  | DNAudit | user=null | ip=null | op=WRITE_CHUNK {blockData=conID: 1 locID: 102734073356616111 bcsId: 1164} | ret=SUCCESS |  
2019-09-04 11:46:00,662 | INFO  | DNAudit | user=null | ip=null | op=WRITE_CHUNK {blockData=conID: 1 locID: 102734073356616111 bcsId: 1164} | ret=SUCCESS |  
2019-09-04 11:46:00,662 | INFO  | DNAudit | user=null | ip=null | op=PUT_BLOCK {blockData=[blockId=conID: 1 locID: 102734073356616111 bcsId: 0,size=3145728]} | ret=SUCCESS |  
2019-09-04 11:46:00,663 [grpc-default-executor-6] INFO  client.GrpcClientProtocolClient (GrpcClientProtocolClient.java:onNext(255)) - client-D5CE890D7D9E->efcb8ff8-f060-4d95-9215-d0f5eb4af037: receive RaftClientReply:client-D5CE890D7D9E->efcb8ff8-f060-4d95-9215-d0f5eb4af037@group-0959F8DF43ED, cid=881, SUCCESS, logIndex=1169, commits[efcb8ff8-f060-4d95-9215-d0f5eb4af037:c1170, 6fae8b02-e804-4c0e-b729-a97b7404b7f6:c1168, 4c3e8a66-6975-4917-8225-d3efe707aaff:c1168]
2019-09-04 11:46:00,664 [grpc-default-executor-6] INFO  client.GrpcClientProtocolClient (GrpcClientProtocolClient.java:onNext(255)) - client-D5CE890D7D9E->efcb8ff8-f060-4d95-9215-d0f5eb4af037: receive RaftClientReply:client-D5CE890D7D9E->efcb8ff8-f060-4d95-9215-d0f5eb4af037@group-0959F8DF43ED, cid=882, SUCCESS, logIndex=1170, commits[efcb8ff8-f060-4d95-9215-d0f5eb4af037:c1170, 6fae8b02-e804-4c0e-b729-a97b7404b7f6:c1168, 4c3e8a66-6975-4917-8225-d3efe707aaff:c1168]
2019-09-04 11:46:00,672 | INFO  | SCMAudit | user=jenkins1000 | ip=192.168.36.67 | op=SEND_HEARTBEAT {datanodeUUID=efcb8ff8-f060-4d95-9215-d0f5eb4af037, command=[]} | ret=SUCCESS |  
2019-09-04 11:46:00,672 | INFO  | SCMAudit | user=jenkins1000 | ip=192.168.36.67 | op=SEND_HEARTBEAT {datanodeUUID=4c3e8a66-6975-4917-8225-d3efe707aaff, command=[]} | ret=SUCCESS |  
2019-09-04 11:46:00,672 | INFO  | SCMAudit | user=jenkins1000 | ip=192.168.36.67 | op=SEND_HEARTBEAT {datanodeUUID=6fae8b02-e804-4c0e-b729-a97b7404b7f6, command=[]} | ret=SUCCESS |  
2019-09-04 11:46:00,672 | INFO  | DNAudit | user=null | ip=null | op=WRITE_CHUNK {blockData=conID: 1 locID: 102734073356616111 bcsId: 1170} | ret=SUCCESS |  
2019-09-04 11:46:00,675 | INFO  | DNAudit | user=null | ip=null | op=WRITE_CHUNK {blockData=conID: 1 locID: 102734073356616111 bcsId: 1170} | ret=SUCCESS |  
2019-09-04 11:46:00,676 | INFO  | DNAudit | user=null | ip=null | op=WRITE_CHUNK {blockData=conID: 1 locID: 102734073356616111 bcsId: 1170} | ret=SUCCESS |  
2019-09-04 11:46:00,677 | INFO  | SCMAudit | user=jenkins1000 | ip=192.168.36.67 | op=SEND_HEARTBEAT {datanodeUUID=0b776101-1d39-4f23-96c0-6a8ead31197c, command=[]} | ret=SUCCESS |  
2019-09-04 11:46:00,697 | INFO  | DNAudit | user=null | ip=null | op=WRITE_CHUNK {blockData=conID: 1 locID: 102734073356616111 bcsId: 1164} | ret=SUCCESS |  
2019-09-04 11:46:00,697 | INFO  | DNAudit | user=null | ip=null | op=WRITE_CHUNK {blockData=conID: 1 locID: 102734073356616111 bcsId: 1164} | ret=SUCCESS |  
2019-09-04 11:46:00,699 | INFO  | DNAudit | user=null | ip=null | op=PUT_BLOCK {blockData=[blockId=conID: 1 locID: 102734073356616111 bcsId: 0,size=3145728]} | ret=SUCCESS |  
2019-09-04 11:46:00,699 | INFO  | DNAudit | user=null | ip=null | op=WRITE_CHUNK {blockData=conID: 1 locID: 102734073356616111 bcsId: 1170} | ret=SUCCESS |  
2019-09-04 11:46:00,699 | INFO  | DNAudit | user=null | ip=null | op=PUT_BLOCK {blockData=[blockId=conID: 1 locID: 102734073356616111 bcsId: 0,size=3145728]} | ret=SUCCESS |  
2019-09-04 11:46:00,699 | INFO  | DNAudit | user=null | ip=null | op=PUT_BLOCK {blockData=[blockId=conID: 1 locID: 102734073356616111 bcsId: 0,size=4194304]} | ret=SUCCESS |  
2019-09-04 11:46:00,700 [grpc-default-executor-4] INFO  client.GrpcClientProtocolClient (GrpcClientProtocolClient.java:onNext(255)) - client-D5CE890D7D9E->efcb8ff8-f060-4d95-9215-d0f5eb4af037: receive RaftClientReply:client-D5CE890D7D9E->efcb8ff8-f060-4d95-9215-d0f5eb4af037@group-0959F8DF43ED, cid=883, SUCCESS, logIndex=1173, commits[efcb8ff8-f060-4d95-9215-d0f5eb4af037:c1174, 6fae8b02-e804-4c0e-b729-a97b7404b7f6:c1170, 4c3e8a66-6975-4917-8225-d3efe707aaff:c1170]
2019-09-04 11:46:00,700 [grpc-default-executor-4] INFO  client.GrpcClientProtocolClient (GrpcClientProtocolClient.java:onNext(255)) - client-D5CE890D7D9E->efcb8ff8-f060-4d95-9215-d0f5eb4af037: receive RaftClientReply:client-D5CE890D7D9E->efcb8ff8-f060-4d95-9215-d0f5eb4af037@group-0959F8DF43ED, cid=884, SUCCESS, logIndex=1174, commits[efcb8ff8-f060-4d95-9215-d0f5eb4af037:c1174, 6fae8b02-e804-4c0e-b729-a97b7404b7f6:c1170, 4c3e8a66-6975-4917-8225-d3efe707aaff:c1170]
2019-09-04 11:46:00,718 | INFO  | DNAudit | user=null | ip=null | op=WRITE_CHUNK {blockData=conID: 1 locID: 102734073356616111 bcsId: 1170} | ret=SUCCESS |  
2019-09-04 11:46:00,718 | INFO  | DNAudit | user=null | ip=null | op=WRITE_CHUNK {blockData=conID: 1 locID: 102734073356616111 bcsId: 1170} | ret=SUCCESS |  
2019-09-04 11:46:00,719 | INFO  | DNAudit | user=null | ip=null | op=PUT_BLOCK {blockData=[blockId=conID: 1 locID: 102734073356616111 bcsId: 0,size=4194304]} | ret=SUCCESS |  
2019-09-04 11:46:00,720 | INFO  | DNAudit | user=null | ip=null | op=PUT_BLOCK {blockData=[blockId=conID: 1 locID: 102734073356616111 bcsId: 0,size=4194304]} | ret=SUCCESS |  
2019-09-04 11:46:00,720 [grpc-default-executor-4] INFO  client.GrpcClientProtocolClient (GrpcClientProtocolClient.java:onNext(255)) - client-D5CE890D7D9E->efcb8ff8-f060-4d95-9215-d0f5eb4af037: receive RaftClientReply:client-D5CE890D7D9E->efcb8ff8-f060-4d95-9215-d0f5eb4af037@group-0959F8DF43ED, cid=885, SUCCESS, logIndex=0, commits[efcb8ff8-f060-4d95-9215-d0f5eb4af037:c1176, 6fae8b02-e804-4c0e-b729-a97b7404b7f6:c1174, 4c3e8a66-6975-4917-8225-d3efe707aaff:c1174]
2019-09-04 11:46:00,730 | INFO  | DNAudit | user=null | ip=null | op=WRITE_CHUNK {blockData=conID: 2 locID: 102734073356616112 bcsId: 0} | ret=SUCCESS |  
2019-09-04 11:46:00,731 | INFO  | DNAudit | user=null | ip=null | op=WRITE_CHUNK {blockData=conID: 2 locID: 102734073356616112 bcsId: 0} | ret=SUCCESS |  
2019-09-04 11:46:00,732 | INFO  | DNAudit | user=null | ip=null | op=WRITE_CHUNK {blockData=conID: 2 locID: 102734073356616112 bcsId: 0} | ret=SUCCESS |  
2019-09-04 11:46:00,733 | INFO  | DNAudit | user=null | ip=null | op=WRITE_CHUNK {blockData=conID: 2 locID: 102734073356616112 bcsId: 0} | ret=SUCCESS |  
2019-09-04 11:46:00,735 | INFO  | DNAudit | user=null | ip=null | op=WRITE_CHUNK {blockData=conID: 2 locID: 102734073356616112 bcsId: 0} | ret=SUCCESS |  
2019-09-04 11:46:00,735 | INFO  | DNAudit | user=null | ip=null | op=WRITE_CHUNK {blockData=conID: 2 locID: 102734073356616112 bcsId: 0} | ret=SUCCESS |  
2019-09-04 11:46:00,754 | INFO  | DNAudit | user=null | ip=null | op=WRITE_CHUNK {blockData=conID: 2 locID: 102734073356616112 bcsId: 0} | ret=SUCCESS |  
2019-09-04 11:46:00,754 | INFO  | DNAudit | user=null | ip=null | op=PUT_BLOCK {blockData=[blockId=conID: 2 locID: 102734073356616112 bcsId: 0,size=1048576]} | ret=SUCCESS |  
2019-09-04 11:46:00,754 [grpc-default-executor-6] INFO  client.GrpcClientProtocolClient (GrpcClientProtocolClient.java:onNext(255)) - client-D5CE890D7D9E->efcb8ff8-f060-4d95-9215-d0f5eb4af037: receive RaftClientReply:client-D5CE890D7D9E->efcb8ff8-f060-4d95-9215-d0f5eb4af037@group-0959F8DF43ED, cid=886, SUCCESS, logIndex=1177, commits[efcb8ff8-f060-4d95-9215-d0f5eb4af037:c1180, 6fae8b02-e804-4c0e-b729-a97b7404b7f6:c1176, 4c3e8a66-6975-4917-8225-d3efe707aaff:c1176]
2019-09-04 11:46:00,755 | INFO  | DNAudit | user=null | ip=null | op=WRITE_CHUNK {blockData=conID: 2 locID: 102734073356616112 bcsId: 0} | ret=SUCCESS |  
2019-09-04 11:46:00,755 [grpc-default-executor-6] INFO  client.GrpcClientProtocolClient (GrpcClientProtocolClient.java:onNext(255)) - client-D5CE890D7D9E->efcb8ff8-f060-4d95-9215-d0f5eb4af037: receive RaftClientReply:client-D5CE890D7D9E->efcb8ff8-f060-4d95-9215-d0f5eb4af037@group-0959F8DF43ED, cid=887, SUCCESS, logIndex=1178, commits[efcb8ff8-f060-4d95-9215-d0f5eb4af037:c1180, 6fae8b02-e804-4c0e-b729-a97b7404b7f6:c1176, 4c3e8a66-6975-4917-8225-d3efe707aaff:c1176]
2019-09-04 11:46:00,755 | INFO  | DNAudit | user=null | ip=null | op=PUT_BLOCK {blockData=[blockId=conID: 2 locID: 102734073356616112 bcsId: 0,size=2097152]} | ret=SUCCESS |  
2019-09-04 11:46:00,755 [grpc-default-executor-6] INFO  client.GrpcClientProtocolClient (GrpcClientProtocolClient.java:onNext(255)) - client-D5CE890D7D9E->efcb8ff8-f060-4d95-9215-d0f5eb4af037: receive RaftClientReply:client-D5CE890D7D9E->efcb8ff8-f060-4d95-9215-d0f5eb4af037@group-0959F8DF43ED, cid=888, SUCCESS, logIndex=1179, commits[efcb8ff8-f060-4d95-9215-d0f5eb4af037:c1180, 6fae8b02-e804-4c0e-b729-a97b7404b7f6:c1176, 4c3e8a66-6975-4917-8225-d3efe707aaff:c1176]
2019-09-04 11:46:00,756 [grpc-default-executor-6] INFO  client.GrpcClientProtocolClient (GrpcClientProtocolClient.java:onNext(255)) - client-D5CE890D7D9E->efcb8ff8-f060-4d95-9215-d0f5eb4af037: receive RaftClientReply:client-D5CE890D7D9E->efcb8ff8-f060-4d95-9215-d0f5eb4af037@group-0959F8DF43ED, cid=889, SUCCESS, logIndex=1180, commits[efcb8ff8-f060-4d95-9215-d0f5eb4af037:c1180, 6fae8b02-e804-4c0e-b729-a97b7404b7f6:c1176, 4c3e8a66-6975-4917-8225-d3efe707aaff:c1176]
2019-09-04 11:46:00,771 | INFO  | DNAudit | user=null | ip=null | op=WRITE_CHUNK {blockData=conID: 2 locID: 102734073356616112 bcsId: 0} | ret=SUCCESS |  
2019-09-04 11:46:00,771 | INFO  | DNAudit | user=null | ip=null | op=PUT_BLOCK {blockData=[blockId=conID: 2 locID: 102734073356616112 bcsId: 0,size=1048576]} | ret=SUCCESS |  
2019-09-04 11:46:00,771 | INFO  | DNAudit | user=null | ip=null | op=WRITE_CHUNK {blockData=conID: 2 locID: 102734073356616112 bcsId: 0} | ret=SUCCESS |  
2019-09-04 11:46:00,772 | INFO  | DNAudit | user=null | ip=null | op=PUT_BLOCK {blockData=[blockId=conID: 2 locID: 102734073356616112 bcsId: 0,size=1048576]} | ret=SUCCESS |  
2019-09-04 11:46:00,772 | INFO  | DNAudit | user=null | ip=null | op=WRITE_CHUNK {blockData=conID: 2 locID: 102734073356616112 bcsId: 0} | ret=SUCCESS |  
2019-09-04 11:46:00,772 | INFO  | DNAudit | user=null | ip=null | op=PUT_BLOCK {blockData=[blockId=conID: 2 locID: 102734073356616112 bcsId: 0,size=2097152]} | ret=SUCCESS |  
2019-09-04 11:46:00,772 | INFO  | DNAudit | user=null | ip=null | op=WRITE_CHUNK {blockData=conID: 2 locID: 102734073356616112 bcsId: 0} | ret=SUCCESS |  
2019-09-04 11:46:00,772 [grpc-default-executor-0] INFO  client.GrpcClientProtocolClient (GrpcClientProtocolClient.java:onNext(255)) - client-D5CE890D7D9E->efcb8ff8-f060-4d95-9215-d0f5eb4af037: receive RaftClientReply:client-D5CE890D7D9E->efcb8ff8-f060-4d95-9215-d0f5eb4af037@group-0959F8DF43ED, cid=890, SUCCESS, logIndex=0, commits[efcb8ff8-f060-4d95-9215-d0f5eb4af037:c1181, 6fae8b02-e804-4c0e-b729-a97b7404b7f6:c1178, 4c3e8a66-6975-4917-8225-d3efe707aaff:c1178]
2019-09-04 11:46:00,773 | INFO  | DNAudit | user=null | ip=null | op=PUT_BLOCK {blockData=[blockId=conID: 2 locID: 102734073356616112 bcsId: 0,size=2097152]} | ret=SUCCESS |  
 0.00% |█                                                                                                    |  0/1 Time: 0:00:062019-09-04 11:46:00,907 | INFO  | DNAudit | user=null | ip=null | op=WRITE_CHUNK {blockData=conID: 2 locID: 102734073356616112 bcsId: 1180} | ret=SUCCESS |  
2019-09-04 11:46:00,909 | INFO  | DNAudit | user=null | ip=null | op=WRITE_CHUNK {blockData=conID: 2 locID: 102734073356616112 bcsId: 1180} | ret=SUCCESS |  
2019-09-04 11:46:00,909 | INFO  | DNAudit | user=null | ip=null | op=WRITE_CHUNK {blockData=conID: 2 locID: 102734073356616112 bcsId: 1180} | ret=SUCCESS |  
2019-09-04 11:46:00,917 | INFO  | DNAudit | user=null | ip=null | op=WRITE_CHUNK {blockData=conID: 2 locID: 102734073356616112 bcsId: 1180} | ret=SUCCESS |  
2019-09-04 11:46:00,917 | INFO  | DNAudit | user=null | ip=null | op=PUT_BLOCK {blockData=[blockId=conID: 2 locID: 102734073356616112 bcsId: 0,size=3145728]} | ret=SUCCESS |  
2019-09-04 11:46:00,918 [grpc-default-executor-4] INFO  client.GrpcClientProtocolClient (GrpcClientProtocolClient.java:onNext(255)) - client-D5CE890D7D9E->efcb8ff8-f060-4d95-9215-d0f5eb4af037: receive RaftClientReply:client-D5CE890D7D9E->efcb8ff8-f060-4d95-9215-d0f5eb4af037@group-0959F8DF43ED, cid=891, SUCCESS, logIndex=1185, commits[efcb8ff8-f060-4d95-9215-d0f5eb4af037:c1186, 6fae8b02-e804-4c0e-b729-a97b7404b7f6:c1184, 4c3e8a66-6975-4917-8225-d3efe707aaff:c1184]
2019-09-04 11:46:00,919 [grpc-default-executor-4] INFO  client.GrpcClientProtocolClient (GrpcClientProtocolClient.java:onNext(255)) - client-D5CE890D7D9E->efcb8ff8-f060-4d95-9215-d0f5eb4af037: receive RaftClientReply:client-D5CE890D7D9E->efcb8ff8-f060-4d95-9215-d0f5eb4af037@group-0959F8DF43ED, cid=892, SUCCESS, logIndex=1186, commits[efcb8ff8-f060-4d95-9215-d0f5eb4af037:c1186, 6fae8b02-e804-4c0e-b729-a97b7404b7f6:c1184, 4c3e8a66-6975-4917-8225-d3efe707aaff:c1184]
2019-09-04 11:46:00,928 | INFO  | DNAudit | user=null | ip=null | op=WRITE_CHUNK {blockData=conID: 2 locID: 102734073356616112 bcsId: 1186} | ret=SUCCESS |  
2019-09-04 11:46:00,931 | INFO  | DNAudit | user=null | ip=null | op=WRITE_CHUNK {blockData=conID: 2 locID: 102734073356616112 bcsId: 1186} | ret=SUCCESS |  
2019-09-04 11:46:00,931 | INFO  | DNAudit | user=null | ip=null | op=WRITE_CHUNK {blockData=conID: 2 locID: 102734073356616112 bcsId: 1186} | ret=SUCCESS |  
2019-09-04 11:46:00,936 | INFO  | DNAudit | user=null | ip=null | op=WRITE_CHUNK {blockData=conID: 2 locID: 102734073356616112 bcsId: 1180} | ret=SUCCESS |  
2019-09-04 11:46:00,936 | INFO  | DNAudit | user=null | ip=null | op=WRITE_CHUNK {blockData=conID: 2 locID: 102734073356616112 bcsId: 1180} | ret=SUCCESS |  
2019-09-04 11:46:00,950 | INFO  | DNAudit | user=null | ip=null | op=PUT_BLOCK {blockData=[blockId=conID: 2 locID: 102734073356616112 bcsId: 0,size=3145728]} | ret=SUCCESS |  
2019-09-04 11:46:00,950 | INFO  | DNAudit | user=null | ip=null | op=PUT_BLOCK {blockData=[blockId=conID: 2 locID: 102734073356616112 bcsId: 0,size=3145728]} | ret=SUCCESS |  
2019-09-04 11:46:00,951 | INFO  | DNAudit | user=null | ip=null | op=WRITE_CHUNK {blockData=conID: 2 locID: 102734073356616112 bcsId: 1186} | ret=SUCCESS |  
2019-09-04 11:46:00,952 | INFO  | DNAudit | user=null | ip=null | op=PUT_BLOCK {blockData=[blockId=conID: 2 locID: 102734073356616112 bcsId: 0,size=4194304]} | ret=SUCCESS |  
2019-09-04 11:46:00,952 [grpc-default-executor-6] INFO  client.GrpcClientProtocolClient (GrpcClientProtocolClient.java:onNext(255)) - client-D5CE890D7D9E->efcb8ff8-f060-4d95-9215-d0f5eb4af037: receive RaftClientReply:client-D5CE890D7D9E->efcb8ff8-f060-4d95-9215-d0f5eb4af037@group-0959F8DF43ED, cid=893, SUCCESS, logIndex=1189, commits[efcb8ff8-f060-4d95-9215-d0f5eb4af037:c1190, 6fae8b02-e804-4c0e-b729-a97b7404b7f6:c1186, 4c3e8a66-6975-4917-8225-d3efe707aaff:c1186]
2019-09-04 11:46:00,953 [grpc-default-executor-6] INFO  client.GrpcClientProtocolClient (GrpcClientProtocolClient.java:onNext(255)) - client-D5CE890D7D9E->efcb8ff8-f060-4d95-9215-d0f5eb4af037: receive RaftClientReply:client-D5CE890D7D9E->efcb8ff8-f060-4d95-9215-d0f5eb4af037@group-0959F8DF43ED, cid=894, SUCCESS, logIndex=1190, commits[efcb8ff8-f060-4d95-9215-d0f5eb4af037:c1190, 6fae8b02-e804-4c0e-b729-a97b7404b7f6:c1186, 4c3e8a66-6975-4917-8225-d3efe707aaff:c1186]
2019-09-04 11:46:00,968 | INFO  | DNAudit | user=null | ip=null | op=WRITE_CHUNK {blockData=conID: 2 locID: 102734073356616112 bcsId: 1186} | ret=SUCCESS |  
2019-09-04 11:46:00,968 | INFO  | DNAudit | user=null | ip=null | op=WRITE_CHUNK {blockData=conID: 2 locID: 102734073356616112 bcsId: 1186} | ret=SUCCESS |  
2019-09-04 11:46:00,969 | INFO  | DNAudit | user=null | ip=null | op=PUT_BLOCK {blockData=[blockId=conID: 2 locID: 102734073356616112 bcsId: 0,size=4194304]} | ret=SUCCESS |  
2019-09-04 11:46:00,969 | INFO  | DNAudit | user=null | ip=null | op=PUT_BLOCK {blockData=[blockId=conID: 2 locID: 102734073356616112 bcsId: 0,size=4194304]} | ret=SUCCESS |  
2019-09-04 11:46:00,970 [grpc-default-executor-0] INFO  client.GrpcClientProtocolClient (GrpcClientProtocolClient.java:onNext(255)) - client-D5CE890D7D9E->efcb8ff8-f060-4d95-9215-d0f5eb4af037: receive RaftClientReply:client-D5CE890D7D9E->efcb8ff8-f060-4d95-9215-d0f5eb4af037@group-0959F8DF43ED, cid=895, SUCCESS, logIndex=0, commits[efcb8ff8-f060-4d95-9215-d0f5eb4af037:c1192, 6fae8b02-e804-4c0e-b729-a97b7404b7f6:c1190, 4c3e8a66-6975-4917-8225-d3efe707aaff:c1190]
2019-09-04 11:46:00,979 | INFO  | DNAudit | user=null | ip=null | op=WRITE_CHUNK {blockData=conID: 3 locID: 102734073356681649 bcsId: 0} | ret=SUCCESS |  
2019-09-04 11:46:00,981 | INFO  | DNAudit | user=null | ip=null | op=WRITE_CHUNK {blockData=conID: 3 locID: 102734073356681649 bcsId: 0} | ret=SUCCESS |  
2019-09-04 11:46:00,982 | INFO  | DNAudit | user=null | ip=null | op=WRITE_CHUNK {blockData=conID: 3 locID: 102734073356681649 bcsId: 0} | ret=SUCCESS |  
2019-09-04 11:46:00,982 | INFO  | DNAudit | user=null | ip=null | op=WRITE_CHUNK {blockData=conID: 3 locID: 102734073356681649 bcsId: 0} | ret=SUCCESS |  
2019-09-04 11:46:00,986 | INFO  | DNAudit | user=null | ip=null | op=WRITE_CHUNK {blockData=conID: 3 locID: 102734073356681649 bcsId: 0} | ret=SUCCESS |  
2019-09-04 11:46:00,986 | INFO  | DNAudit | user=null | ip=null | op=WRITE_CHUNK {blockData=conID: 3 locID: 102734073356681649 bcsId: 0} | ret=SUCCESS |  
2019-09-04 11:46:01,000 | INFO  | DNAudit | user=null | ip=null | op=WRITE_CHUNK {blockData=conID: 3 locID: 102734073356681649 bcsId: 0} | ret=SUCCESS |  
2019-09-04 11:46:01,001 | INFO  | DNAudit | user=null | ip=null | op=PUT_BLOCK {blockData=[blockId=conID: 3 locID: 102734073356681649 bcsId: 0,size=1048576]} | ret=SUCCESS |  
2019-09-04 11:46:01,001 [grpc-default-executor-0] INFO  client.GrpcClientProtocolClient (GrpcClientProtocolClient.java:onNext(255)) - client-D5CE890D7D9E->efcb8ff8-f060-4d95-9215-d0f5eb4af037: receive RaftClientReply:client-D5CE890D7D9E->efcb8ff8-f060-4d95-9215-d0f5eb4af037@group-0959F8DF43ED, cid=896, SUCCESS, logIndex=1193, commits[efcb8ff8-f060-4d95-9215-d0f5eb4af037:c1194, 6fae8b02-e804-4c0e-b729-a97b7404b7f6:c1192, 4c3e8a66-6975-4917-8225-d3efe707aaff:c1192]
2019-09-04 11:46:01,002 [grpc-default-executor-0] INFO  client.GrpcClientProtocolClient (GrpcClientProtocolClient.java:onNext(255)) - client-D5CE890D7D9E->efcb8ff8-f060-4d95-9215-d0f5eb4af037: receive RaftClientReply:client-D5CE890D7D9E->efcb8ff8-f060-4d95-9215-d0f5eb4af037@group-0959F8DF43ED, cid=897, SUCCESS, logIndex=1194, commits[efcb8ff8-f060-4d95-9215-d0f5eb4af037:c1194, 6fae8b02-e804-4c0e-b729-a97b7404b7f6:c1192, 4c3e8a66-6975-4917-8225-d3efe707aaff:c1192]
2019-09-04 11:46:01,016 | INFO  | DNAudit | user=null | ip=null | op=WRITE_CHUNK {blockData=conID: 3 locID: 102734073356681649 bcsId: 0} | ret=SUCCESS |  
2019-09-04 11:46:01,016 | INFO  | DNAudit | user=null | ip=null | op=PUT_BLOCK {blockData=[blockId=conID: 3 locID: 102734073356681649 bcsId: 0,size=2097152]} | ret=SUCCESS |  
2019-09-04 11:46:01,017 | INFO  | DNAudit | user=null | ip=null | op=WRITE_CHUNK {blockData=conID: 3 locID: 102734073356681649 bcsId: 0} | ret=SUCCESS |  
2019-09-04 11:46:01,017 [grpc-default-executor-6] INFO  client.GrpcClientProtocolClient (GrpcClientProtocolClient.java:onNext(255)) - client-D5CE890D7D9E->efcb8ff8-f060-4d95-9215-d0f5eb4af037: receive RaftClientReply:client-D5CE890D7D9E->efcb8ff8-f060-4d95-9215-d0f5eb4af037@group-0959F8DF43ED, cid=898, SUCCESS, logIndex=1195, commits[efcb8ff8-f060-4d95-9215-d0f5eb4af037:c1196, 6fae8b02-e804-4c0e-b729-a97b7404b7f6:c1192, 4c3e8a66-6975-4917-8225-d3efe707aaff:c1192]
2019-09-04 11:46:01,017 | INFO  | DNAudit | user=null | ip=null | op=PUT_BLOCK {blockData=[blockId=conID: 3 locID: 102734073356681649 bcsId: 0,size=1048576]} | ret=SUCCESS |  
2019-09-04 11:46:01,017 [grpc-default-executor-6] INFO  client.GrpcClientProtocolClient (GrpcClientProtocolClient.java:onNext(255)) - client-D5CE890D7D9E->efcb8ff8-f060-4d95-9215-d0f5eb4af037: receive RaftClientReply:client-D5CE890D7D9E->efcb8ff8-f060-4d95-9215-d0f5eb4af037@group-0959F8DF43ED, cid=899, SUCCESS, logIndex=1196, commits[efcb8ff8-f060-4d95-9215-d0f5eb4af037:c1196, 6fae8b02-e804-4c0e-b729-a97b7404b7f6:c1192, 4c3e8a66-6975-4917-8225-d3efe707aaff:c1192]
2019-09-04 11:46:01,017 | INFO  | DNAudit | user=null | ip=null | op=WRITE_CHUNK {blockData=conID: 3 locID: 102734073356681649 bcsId: 0} | ret=SUCCESS |  
2019-09-04 11:46:01,018 | INFO  | DNAudit | user=null | ip=null | op=PUT_BLOCK {blockData=[blockId=conID: 3 locID: 102734073356681649 bcsId: 0,size=1048576]} | ret=SUCCESS |  
2019-09-04 11:46:01,018 | INFO  | DNAudit | user=null | ip=null | op=WRITE_CHUNK {blockData=conID: 3 locID: 102734073356681649 bcsId: 0} | ret=SUCCESS |  
2019-09-04 11:46:01,018 | INFO  | DNAudit | user=null | ip=null | op=PUT_BLOCK {blockData=[blockId=conID: 3 locID: 102734073356681649 bcsId: 0,size=2097152]} | ret=SUCCESS |  
2019-09-04 11:46:01,019 | INFO  | DNAudit | user=null | ip=null | op=WRITE_CHUNK {blockData=conID: 3 locID: 102734073356681649 bcsId: 0} | ret=SUCCESS |  
2019-09-04 11:46:01,019 [grpc-default-executor-0] INFO  client.GrpcClientProtocolClient (GrpcClientProtocolClient.java:onNext(255)) - client-D5CE890D7D9E->efcb8ff8-f060-4d95-9215-d0f5eb4af037: receive RaftClientReply:client-D5CE890D7D9E->efcb8ff8-f060-4d95-9215-d0f5eb4af037@group-0959F8DF43ED, cid=900, SUCCESS, logIndex=0, commits[efcb8ff8-f060-4d95-9215-d0f5eb4af037:c1198, 6fae8b02-e804-4c0e-b729-a97b7404b7f6:c1194, 4c3e8a66-6975-4917-8225-d3efe707aaff:c1196]
2019-09-04 11:46:01,019 | INFO  | DNAudit | user=null | ip=null | op=PUT_BLOCK {blockData=[blockId=conID: 3 locID: 102734073356681649 bcsId: 0,size=2097152]} | ret=SUCCESS |  
2019-09-04 11:46:01,026 | INFO  | DNAudit | user=null | ip=null | op=WRITE_CHUNK {blockData=conID: 3 locID: 102734073356681649 bcsId: 1196} | ret=SUCCESS |  
2019-09-04 11:46:01,028 | INFO  | DNAudit | user=null | ip=null | op=WRITE_CHUNK {blockData=conID: 3 locID: 102734073356681649 bcsId: 1196} | ret=SUCCESS |  
2019-09-04 11:46:01,029 | INFO  | DNAudit | user=null | ip=null | op=WRITE_CHUNK {blockData=conID: 3 locID: 102734073356681649 bcsId: 1196} | ret=SUCCESS |  
2019-09-04 11:46:01,040 | INFO  | DNAudit | user=null | ip=null | op=WRITE_CHUNK {blockData=conID: 3 locID: 102734073356681649 bcsId: 1196} | ret=SUCCESS |  
2019-09-04 11:46:01,040 | INFO  | DNAudit | user=null | ip=null | op=PUT_BLOCK {blockData=[blockId=conID: 3 locID: 102734073356681649 bcsId: 0,size=3145728]} | ret=SUCCESS |  
2019-09-04 11:46:01,041 [grpc-default-executor-0] INFO  client.GrpcClientProtocolClient (GrpcClientProtocolClient.java:onNext(255)) - client-D5CE890D7D9E->efcb8ff8-f060-4d95-9215-d0f5eb4af037: receive RaftClientReply:client-D5CE890D7D9E->efcb8ff8-f060-4d95-9215-d0f5eb4af037@group-0959F8DF43ED, cid=901, SUCCESS, logIndex=1201, commits[efcb8ff8-f060-4d95-9215-d0f5eb4af037:c1202, 6fae8b02-e804-4c0e-b729-a97b7404b7f6:c1200, 4c3e8a66-6975-4917-8225-d3efe707aaff:c1200]
2019-09-04 11:46:01,041 [grpc-default-executor-0] INFO  client.GrpcClientProtocolClient (GrpcClientProtocolClient.java:onNext(255)) - client-D5CE890D7D9E->efcb8ff8-f060-4d95-9215-d0f5eb4af037: receive RaftClientReply:client-D5CE890D7D9E->efcb8ff8-f060-4d95-9215-d0f5eb4af037@group-0959F8DF43ED, cid=902, SUCCESS, logIndex=1202, commits[efcb8ff8-f060-4d95-9215-d0f5eb4af037:c1202, 6fae8b02-e804-4c0e-b729-a97b7404b7f6:c1200, 4c3e8a66-6975-4917-8225-d3efe707aaff:c1200]
2019-09-04 11:46:01,049 | INFO  | DNAudit | user=null | ip=null | op=WRITE_CHUNK {blockData=conID: 3 locID: 102734073356681649 bcsId: 1202} | ret=SUCCESS |  
2019-09-04 11:46:01,051 | INFO  | DNAudit | user=null | ip=null | op=WRITE_CHUNK {blockData=conID: 3 locID: 102734073356681649 bcsId: 1202} | ret=SUCCESS |  
2019-09-04 11:46:01,051 | INFO  | DNAudit | user=null | ip=null | op=WRITE_CHUNK {blockData=conID: 3 locID: 102734073356681649 bcsId: 1196} | ret=SUCCESS |  
2019-09-04 11:46:01,051 | INFO  | DNAudit | user=null | ip=null | op=WRITE_CHUNK {blockData=conID: 3 locID: 102734073356681649 bcsId: 1196} | ret=SUCCESS |  
2019-09-04 11:46:01,051 | INFO  | DNAudit | user=null | ip=null | op=WRITE_CHUNK {blockData=conID: 3 locID: 102734073356681649 bcsId: 1202} | ret=SUCCESS |  
2019-09-04 11:46:01,069 | INFO  | DNAudit | user=null | ip=null | op=PUT_BLOCK {blockData=[blockId=conID: 3 locID: 102734073356681649 bcsId: 0,size=3145728]} | ret=SUCCESS |  
2019-09-04 11:46:01,069 | INFO  | DNAudit | user=null | ip=null | op=WRITE_CHUNK {blockData=conID: 3 locID: 102734073356681649 bcsId: 1202} | ret=SUCCESS |  
2019-09-04 11:46:01,069 | INFO  | DNAudit | user=null | ip=null | op=PUT_BLOCK {blockData=[blockId=conID: 3 locID: 102734073356681649 bcsId: 0,size=3145728]} | ret=SUCCESS |  
2019-09-04 11:46:01,070 | INFO  | DNAudit | user=null | ip=null | op=PUT_BLOCK {blockData=[blockId=conID: 3 locID: 102734073356681649 bcsId: 0,size=4194304]} | ret=SUCCESS |  
2019-09-04 11:46:01,070 [grpc-default-executor-4] INFO  client.GrpcClientProtocolClient (GrpcClientProtocolClient.java:onNext(255)) - client-D5CE890D7D9E->efcb8ff8-f060-4d95-9215-d0f5eb4af037: receive RaftClientReply:client-D5CE890D7D9E->efcb8ff8-f060-4d95-9215-d0f5eb4af037@group-0959F8DF43ED, cid=903, SUCCESS, logIndex=1205, commits[efcb8ff8-f060-4d95-9215-d0f5eb4af037:c1206, 6fae8b02-e804-4c0e-b729-a97b7404b7f6:c1202, 4c3e8a66-6975-4917-8225-d3efe707aaff:c1202]
2019-09-04 11:46:01,070 [grpc-default-executor-4] INFO  client.GrpcClientProtocolClient (GrpcClientProtocolClient.java:onNext(255)) - client-D5CE890D7D9E->efcb8ff8-f060-4d95-9215-d0f5eb4af037: receive RaftClientReply:client-D5CE890D7D9E->efcb8ff8-f060-4d95-9215-d0f5eb4af037@group-0959F8DF43ED, cid=904, SUCCESS, logIndex=1206, commits[efcb8ff8-f060-4d95-9215-d0f5eb4af037:c1206, 6fae8b02-e804-4c0e-b729-a97b7404b7f6:c1202, 4c3e8a66-6975-4917-8225-d3efe707aaff:c1202]
2019-09-04 11:46:01,082 | INFO  | SCMAudit | user=jenkins1000 | ip=192.168.36.67 | op=SEND_HEARTBEAT {datanodeUUID=b68b188c-7f38-42ae-8403-46a39acd0731, command=[]} | ret=SUCCESS |  
2019-09-04 11:46:01,087 | INFO  | DNAudit | user=null | ip=null | op=WRITE_CHUNK {blockData=conID: 3 locID: 102734073356681649 bcsId: 1202} | ret=SUCCESS |  
2019-09-04 11:46:01,087 | INFO  | DNAudit | user=null | ip=null | op=WRITE_CHUNK {blockData=conID: 3 locID: 102734073356681649 bcsId: 1202} | ret=SUCCESS |  
2019-09-04 11:46:01,088 | INFO  | DNAudit | user=null | ip=null | op=PUT_BLOCK {blockData=[blockId=conID: 3 locID: 102734073356681649 bcsId: 0,size=4194304]} | ret=SUCCESS |  
2019-09-04 11:46:01,089 | INFO  | DNAudit | user=null | ip=null | op=PUT_BLOCK {blockData=[blockId=conID: 3 locID: 102734073356681649 bcsId: 0,size=4194304]} | ret=SUCCESS |  
2019-09-04 11:46:01,089 [grpc-default-executor-6] INFO  client.GrpcClientProtocolClient (GrpcClientProtocolClient.java:onNext(255)) - client-D5CE890D7D9E->efcb8ff8-f060-4d95-9215-d0f5eb4af037: receive RaftClientReply:client-D5CE890D7D9E->efcb8ff8-f060-4d95-9215-d0f5eb4af037@group-0959F8DF43ED, cid=905, SUCCESS, logIndex=0, commits[efcb8ff8-f060-4d95-9215-d0f5eb4af037:c1208, 6fae8b02-e804-4c0e-b729-a97b7404b7f6:c1206, 4c3e8a66-6975-4917-8225-d3efe707aaff:c1206]
2019-09-04 11:46:01,100 | INFO  | DNAudit | user=null | ip=null | op=WRITE_CHUNK {blockData=conID: 1 locID: 102734073356681650 bcsId: 0} | ret=SUCCESS |  
2019-09-04 11:46:01,103 | INFO  | DNAudit | user=null | ip=null | op=WRITE_CHUNK {blockData=conID: 1 locID: 102734073356681650 bcsId: 0} | ret=SUCCESS |  
2019-09-04 11:46:01,111 | INFO  | DNAudit | user=null | ip=null | op=WRITE_CHUNK {blockData=conID: 1 locID: 102734073356681650 bcsId: 0} | ret=SUCCESS |  
2019-09-04 11:46:01,111 | INFO  | DNAudit | user=null | ip=null | op=WRITE_CHUNK {blockData=conID: 1 locID: 102734073356681650 bcsId: 0} | ret=SUCCESS |  
2019-09-04 11:46:01,114 | INFO  | DNAudit | user=null | ip=null | op=WRITE_CHUNK {blockData=conID: 1 locID: 102734073356681650 bcsId: 0} | ret=SUCCESS |  
2019-09-04 11:46:01,115 | INFO  | DNAudit | user=null | ip=null | op=WRITE_CHUNK {blockData=conID: 1 locID: 102734073356681650 bcsId: 0} | ret=SUCCESS |  
2019-09-04 11:46:01,133 | INFO  | DNAudit | user=null | ip=null | op=WRITE_CHUNK {blockData=conID: 1 locID: 102734073356681650 bcsId: 0} | ret=SUCCESS |  
2019-09-04 11:46:01,133 | INFO  | DNAudit | user=null | ip=null | op=PUT_BLOCK {blockData=[blockId=conID: 1 locID: 102734073356681650 bcsId: 0,size=1048576]} | ret=SUCCESS |  
2019-09-04 11:46:01,133 [grpc-default-executor-6] INFO  client.GrpcClientProtocolClient (GrpcClientProtocolClient.java:onNext(255)) - client-D5CE890D7D9E->efcb8ff8-f060-4d95-9215-d0f5eb4af037: receive RaftClientReply:client-D5CE890D7D9E->efcb8ff8-f060-4d95-9215-d0f5eb4af037@group-0959F8DF43ED, cid=906, SUCCESS, logIndex=1209, commits[efcb8ff8-f060-4d95-9215-d0f5eb4af037:c1210, 6fae8b02-e804-4c0e-b729-a97b7404b7f6:c1208, 4c3e8a66-6975-4917-8225-d3efe707aaff:c1208]
2019-09-04 11:46:01,134 [grpc-default-executor-6] INFO  client.GrpcClientProtocolClient (GrpcClientProtocolClient.java:onNext(255)) - client-D5CE890D7D9E->efcb8ff8-f060-4d95-9215-d0f5eb4af037: receive RaftClientReply:client-D5CE890D7D9E->efcb8ff8-f060-4d95-9215-d0f5eb4af037@group-0959F8DF43ED, cid=907, SUCCESS, logIndex=1210, commits[efcb8ff8-f060-4d95-9215-d0f5eb4af037:c1210, 6fae8b02-e804-4c0e-b729-a97b7404b7f6:c1208, 4c3e8a66-6975-4917-8225-d3efe707aaff:c1208]
2019-09-04 11:46:01,155 | INFO  | DNAudit | user=null | ip=null | op=WRITE_CHUNK {blockData=conID: 1 locID: 102734073356681650 bcsId: 0} | ret=SUCCESS |  
2019-09-04 11:46:01,155 | INFO  | DNAudit | user=null | ip=null | op=WRITE_CHUNK {blockData=conID: 1 locID: 102734073356681650 bcsId: 0} | ret=SUCCESS |  
2019-09-04 11:46:01,155 | INFO  | DNAudit | user=null | ip=null | op=PUT_BLOCK {blockData=[blockId=conID: 1 locID: 102734073356681650 bcsId: 0,size=1048576]} | ret=SUCCESS |  
2019-09-04 11:46:01,155 | INFO  | DNAudit | user=null | ip=null | op=PUT_BLOCK {blockData=[blockId=conID: 1 locID: 102734073356681650 bcsId: 0,size=2097152]} | ret=SUCCESS |  
2019-09-04 11:46:01,155 | INFO  | DNAudit | user=null | ip=null | op=WRITE_CHUNK {blockData=conID: 1 locID: 102734073356681650 bcsId: 0} | ret=SUCCESS |  
2019-09-04 11:46:01,156 | INFO  | DNAudit | user=null | ip=null | op=PUT_BLOCK {blockData=[blockId=conID: 1 locID: 102734073356681650 bcsId: 0,size=1048576]} | ret=SUCCESS |  
2019-09-04 11:46:01,156 [grpc-default-executor-4] INFO  client.GrpcClientProtocolClient (GrpcClientProtocolClient.java:onNext(255)) - client-D5CE890D7D9E->efcb8ff8-f060-4d95-9215-d0f5eb4af037: receive RaftClientReply:client-D5CE890D7D9E->efcb8ff8-f060-4d95-9215-d0f5eb4af037@group-0959F8DF43ED, cid=908, SUCCESS, logIndex=1211, commits[efcb8ff8-f060-4d95-9215-d0f5eb4af037:c1212, 6fae8b02-e804-4c0e-b729-a97b7404b7f6:c1208, 4c3e8a66-6975-4917-8225-d3efe707aaff:c1208]
2019-09-04 11:46:01,156 [grpc-default-executor-4] INFO  client.GrpcClientProtocolClient (GrpcClientProtocolClient.java:onNext(255)) - client-D5CE890D7D9E->efcb8ff8-f060-4d95-9215-d0f5eb4af037: receive RaftClientReply:client-D5CE890D7D9E->efcb8ff8-f060-4d95-9215-d0f5eb4af037@group-0959F8DF43ED, cid=909, SUCCESS, logIndex=1212, commits[efcb8ff8-f060-4d95-9215-d0f5eb4af037:c1214, 6fae8b02-e804-4c0e-b729-a97b7404b7f6:c1208, 4c3e8a66-6975-4917-8225-d3efe707aaff:c1210]
2019-09-04 11:46:01,156 | INFO  | DNAudit | user=null | ip=null | op=WRITE_CHUNK {blockData=conID: 1 locID: 102734073356681650 bcsId: 0} | ret=SUCCESS |  
2019-09-04 11:46:01,157 | INFO  | DNAudit | user=null | ip=null | op=WRITE_CHUNK {blockData=conID: 1 locID: 102734073356681650 bcsId: 0} | ret=SUCCESS |  
2019-09-04 11:46:01,157 | INFO  | DNAudit | user=null | ip=null | op=PUT_BLOCK {blockData=[blockId=conID: 1 locID: 102734073356681650 bcsId: 0,size=2097152]} | ret=SUCCESS |  
2019-09-04 11:46:01,157 [grpc-default-executor-4] INFO  client.GrpcClientProtocolClient (GrpcClientProtocolClient.java:onNext(255)) - client-D5CE890D7D9E->efcb8ff8-f060-4d95-9215-d0f5eb4af037: receive RaftClientReply:client-D5CE890D7D9E->efcb8ff8-f060-4d95-9215-d0f5eb4af037@group-0959F8DF43ED, cid=910, SUCCESS, logIndex=0, commits[efcb8ff8-f060-4d95-9215-d0f5eb4af037:c1215, 6fae8b02-e804-4c0e-b729-a97b7404b7f6:c1210, 4c3e8a66-6975-4917-8225-d3efe707aaff:c1211]
2019-09-04 11:46:01,157 | INFO  | DNAudit | user=null | ip=null | op=PUT_BLOCK {blockData=[blockId=conID: 1 locID: 102734073356681650 bcsId: 0,size=2097152]} | ret=SUCCESS |  
2019-09-04 11:46:01,164 | INFO  | DNAudit | user=null | ip=null | op=WRITE_CHUNK {blockData=conID: 1 locID: 102734073356681650 bcsId: 1212} | ret=SUCCESS |  
2019-09-04 11:46:01,167 | INFO  | DNAudit | user=null | ip=null | op=WRITE_CHUNK {blockData=conID: 1 locID: 102734073356681650 bcsId: 1212} | ret=SUCCESS |  
2019-09-04 11:46:01,167 | INFO  | DNAudit | user=null | ip=null | op=WRITE_CHUNK {blockData=conID: 1 locID: 102734073356681650 bcsId: 1212} | ret=SUCCESS |  
2019-09-04 11:46:01,194 | INFO  | DNAudit | user=null | ip=null | op=WRITE_CHUNK {blockData=conID: 1 locID: 102734073356681650 bcsId: 1212} | ret=SUCCESS |  
2019-09-04 11:46:01,195 | INFO  | DNAudit | user=null | ip=null | op=PUT_BLOCK {blockData=[blockId=conID: 1 locID: 102734073356681650 bcsId: 0,size=3145728]} | ret=SUCCESS |  
2019-09-04 11:46:01,195 [grpc-default-executor-4] INFO  client.GrpcClientProtocolClient (GrpcClientProtocolClient.java:onNext(255)) - client-D5CE890D7D9E->efcb8ff8-f060-4d95-9215-d0f5eb4af037: receive RaftClientReply:client-D5CE890D7D9E->efcb8ff8-f060-4d95-9215-d0f5eb4af037@group-0959F8DF43ED, cid=911, SUCCESS, logIndex=1217, commits[efcb8ff8-f060-4d95-9215-d0f5eb4af037:c1218, 6fae8b02-e804-4c0e-b729-a97b7404b7f6:c1216, 4c3e8a66-6975-4917-8225-d3efe707aaff:c1216]
2019-09-04 11:46:01,195 [grpc-default-executor-4] INFO  client.GrpcClientProtocolClient (GrpcClientProtocolClient.java:onNext(255)) - client-D5CE890D7D9E->efcb8ff8-f060-4d95-9215-d0f5eb4af037: receive RaftClientReply:client-D5CE890D7D9E->efcb8ff8-f060-4d95-9215-d0f5eb4af037@group-0959F8DF43ED, cid=912, SUCCESS, logIndex=1218, commits[efcb8ff8-f060-4d95-9215-d0f5eb4af037:c1218, 6fae8b02-e804-4c0e-b729-a97b7404b7f6:c1216, 4c3e8a66-6975-4917-8225-d3efe707aaff:c1216]
2019-09-04 11:46:01,202 | INFO  | DNAudit | user=null | ip=null | op=WRITE_CHUNK {blockData=conID: 1 locID: 102734073356681650 bcsId: 1218} | ret=SUCCESS |  
2019-09-04 11:46:01,205 | INFO  | DNAudit | user=null | ip=null | op=WRITE_CHUNK {blockData=conID: 1 locID: 102734073356681650 bcsId: 1218} | ret=SUCCESS |  
2019-09-04 11:46:01,205 | INFO  | DNAudit | user=null | ip=null | op=WRITE_CHUNK {blockData=conID: 1 locID: 102734073356681650 bcsId: 1218} | ret=SUCCESS |  
2019-09-04 11:46:01,217 | INFO  | DNAudit | user=null | ip=null | op=WRITE_CHUNK {blockData=conID: 1 locID: 102734073356681650 bcsId: 1212} | ret=SUCCESS |  
2019-09-04 11:46:01,217 | INFO  | DNAudit | user=null | ip=null | op=WRITE_CHUNK {blockData=conID: 1 locID: 102734073356681650 bcsId: 1212} | ret=SUCCESS |  
2019-09-04 11:46:01,218 | INFO  | DNAudit | user=null | ip=null | op=PUT_BLOCK {blockData=[blockId=conID: 1 locID: 102734073356681650 bcsId: 0,size=3145728]} | ret=SUCCESS |  
2019-09-04 11:46:01,218 | INFO  | DNAudit | user=null | ip=null | op=PUT_BLOCK {blockData=[blockId=conID: 1 locID: 102734073356681650 bcsId: 0,size=3145728]} | ret=SUCCESS |  
2019-09-04 11:46:01,219 | INFO  | DNAudit | user=null | ip=null | op=WRITE_CHUNK {blockData=conID: 1 locID: 102734073356681650 bcsId: 1218} | ret=SUCCESS |  
2019-09-04 11:46:01,220 | INFO  | DNAudit | user=null | ip=null | op=PUT_BLOCK {blockData=[blockId=conID: 1 locID: 102734073356681650 bcsId: 0,size=4194304]} | ret=SUCCESS |  
2019-09-04 11:46:01,220 [grpc-default-executor-6] INFO  client.GrpcClientProtocolClient (GrpcClientProtocolClient.java:onNext(255)) - client-D5CE890D7D9E->efcb8ff8-f060-4d95-9215-d0f5eb4af037: receive RaftClientReply:client-D5CE890D7D9E->efcb8ff8-f060-4d95-9215-d0f5eb4af037@group-0959F8DF43ED, cid=913, SUCCESS, logIndex=1221, commits[efcb8ff8-f060-4d95-9215-d0f5eb4af037:c1222, 6fae8b02-e804-4c0e-b729-a97b7404b7f6:c1218, 4c3e8a66-6975-4917-8225-d3efe707aaff:c1218]
2019-09-04 11:46:01,221 [grpc-default-executor-6] INFO  client.GrpcClientProtocolClient (GrpcClientProtocolClient.java:onNext(255)) - client-D5CE890D7D9E->efcb8ff8-f060-4d95-9215-d0f5eb4af037: receive RaftClientReply:client-D5CE890D7D9E->efcb8ff8-f060-4d95-9215-d0f5eb4af037@group-0959F8DF43ED, cid=914, SUCCESS, logIndex=1222, commits[efcb8ff8-f060-4d95-9215-d0f5eb4af037:c1222, 6fae8b02-e804-4c0e-b729-a97b7404b7f6:c1218, 4c3e8a66-6975-4917-8225-d3efe707aaff:c1218]
2019-09-04 11:46:01,247 | INFO  | DNAudit | user=null | ip=null | op=WRITE_CHUNK {blockData=conID: 1 locID: 102734073356681650 bcsId: 1218} | ret=SUCCESS |  
2019-09-04 11:46:01,247 | INFO  | DNAudit | user=null | ip=null | op=WRITE_CHUNK {blockData=conID: 1 locID: 102734073356681650 bcsId: 1218} | ret=SUCCESS |  
2019-09-04 11:46:01,248 | INFO  | DNAudit | user=null | ip=null | op=PUT_BLOCK {blockData=[blockId=conID: 1 locID: 102734073356681650 bcsId: 0,size=4194304]} | ret=SUCCESS |  
2019-09-04 11:46:01,248 | INFO  | DNAudit | user=null | ip=null | op=PUT_BLOCK {blockData=[blockId=conID: 1 locID: 102734073356681650 bcsId: 0,size=4194304]} | ret=SUCCESS |  
2019-09-04 11:46:01,249 [grpc-default-executor-4] INFO  client.GrpcClientProtocolClient (GrpcClientProtocolClient.java:onNext(255)) - client-D5CE890D7D9E->efcb8ff8-f060-4d95-9215-d0f5eb4af037: receive RaftClientReply:client-D5CE890D7D9E->efcb8ff8-f060-4d95-9215-d0f5eb4af037@group-0959F8DF43ED, cid=915, SUCCESS, logIndex=0, commits[efcb8ff8-f060-4d95-9215-d0f5eb4af037:c1224, 6fae8b02-e804-4c0e-b729-a97b7404b7f6:c1222, 4c3e8a66-6975-4917-8225-d3efe707aaff:c1222]
2019-09-04 11:46:01,255 | INFO  | DNAudit | user=null | ip=null | op=WRITE_CHUNK {blockData=conID: 2 locID: 102734073356681651 bcsId: 0} | ret=SUCCESS |  
2019-09-04 11:46:01,259 | INFO  | DNAudit | user=null | ip=null | op=WRITE_CHUNK {blockData=conID: 2 locID: 102734073356681651 bcsId: 0} | ret=SUCCESS |  
2019-09-04 11:46:01,259 | INFO  | DNAudit | user=null | ip=null | op=WRITE_CHUNK {blockData=conID: 2 locID: 102734073356681651 bcsId: 0} | ret=SUCCESS |  
2019-09-04 11:46:01,259 | INFO  | DNAudit | user=null | ip=null | op=WRITE_CHUNK {blockData=conID: 2 locID: 102734073356681651 bcsId: 0} | ret=SUCCESS |  
2019-09-04 11:46:01,261 | INFO  | DNAudit | user=null | ip=null | op=WRITE_CHUNK {blockData=conID: 2 locID: 102734073356681651 bcsId: 0} | ret=SUCCESS |  
2019-09-04 11:46:01,261 | INFO  | DNAudit | user=null | ip=null | op=WRITE_CHUNK {blockData=conID: 2 locID: 102734073356681651 bcsId: 0} | ret=SUCCESS |  
2019-09-04 11:46:01,270 | INFO  | DNAudit | user=null | ip=null | op=WRITE_CHUNK {blockData=conID: 2 locID: 102734073356681651 bcsId: 0} | ret=SUCCESS |  
2019-09-04 11:46:01,271 | INFO  | DNAudit | user=null | ip=null | op=PUT_BLOCK {blockData=[blockId=conID: 2 locID: 102734073356681651 bcsId: 0,size=1048576]} | ret=SUCCESS |  
2019-09-04 11:46:01,271 [grpc-default-executor-6] INFO  client.GrpcClientProtocolClient (GrpcClientProtocolClient.java:onNext(255)) - client-D5CE890D7D9E->efcb8ff8-f060-4d95-9215-d0f5eb4af037: receive RaftClientReply:client-D5CE890D7D9E->efcb8ff8-f060-4d95-9215-d0f5eb4af037@group-0959F8DF43ED, cid=916, SUCCESS, logIndex=1225, commits[efcb8ff8-f060-4d95-9215-d0f5eb4af037:c1226, 6fae8b02-e804-4c0e-b729-a97b7404b7f6:c1224, 4c3e8a66-6975-4917-8225-d3efe707aaff:c1224]
2019-09-04 11:46:01,271 | INFO  | DNAudit | user=null | ip=null | op=WRITE_CHUNK {blockData=conID: 2 locID: 102734073356681651 bcsId: 0} | ret=SUCCESS |  
2019-09-04 11:46:01,272 [grpc-default-executor-6] INFO  client.GrpcClientProtocolClient (GrpcClientProtocolClient.java:onNext(255)) - client-D5CE890D7D9E->efcb8ff8-f060-4d95-9215-d0f5eb4af037: receive RaftClientReply:client-D5CE890D7D9E->efcb8ff8-f060-4d95-9215-d0f5eb4af037@group-0959F8DF43ED, cid=917, SUCCESS, logIndex=1226, commits[efcb8ff8-f060-4d95-9215-d0f5eb4af037:c1226, 6fae8b02-e804-4c0e-b729-a97b7404b7f6:c1224, 4c3e8a66-6975-4917-8225-d3efe707aaff:c1224]
2019-09-04 11:46:01,272 | INFO  | DNAudit | user=null | ip=null | op=PUT_BLOCK {blockData=[blockId=conID: 2 locID: 102734073356681651 bcsId: 0,size=2097152]} | ret=SUCCESS |  
2019-09-04 11:46:01,272 [grpc-default-executor-6] INFO  client.GrpcClientProtocolClient (GrpcClientProtocolClient.java:onNext(255)) - client-D5CE890D7D9E->efcb8ff8-f060-4d95-9215-d0f5eb4af037: receive RaftClientReply:client-D5CE890D7D9E->efcb8ff8-f060-4d95-9215-d0f5eb4af037@group-0959F8DF43ED, cid=918, SUCCESS, logIndex=1227, commits[efcb8ff8-f060-4d95-9215-d0f5eb4af037:c1227, 6fae8b02-e804-4c0e-b729-a97b7404b7f6:c1224, 4c3e8a66-6975-4917-8225-d3efe707aaff:c1224]
2019-09-04 11:46:01,272 [grpc-default-executor-6] INFO  client.GrpcClientProtocolClient (GrpcClientProtocolClient.java:onNext(255)) - client-D5CE890D7D9E->efcb8ff8-f060-4d95-9215-d0f5eb4af037: receive RaftClientReply:client-D5CE890D7D9E->efcb8ff8-f060-4d95-9215-d0f5eb4af037@group-0959F8DF43ED, cid=919, SUCCESS, logIndex=1228, commits[efcb8ff8-f060-4d95-9215-d0f5eb4af037:c1228, 6fae8b02-e804-4c0e-b729-a97b7404b7f6:c1224, 4c3e8a66-6975-4917-8225-d3efe707aaff:c1224]
2019-09-04 11:46:01,273 | INFO  | DNAudit | user=null | ip=null | op=WRITE_CHUNK {blockData=conID: 2 locID: 102734073356681651 bcsId: 0} | ret=SUCCESS |  
2019-09-04 11:46:01,274 | INFO  | DNAudit | user=null | ip=null | op=PUT_BLOCK {blockData=[blockId=conID: 2 locID: 102734073356681651 bcsId: 0,size=1048576]} | ret=SUCCESS |  
2019-09-04 11:46:01,274 | INFO  | DNAudit | user=null | ip=null | op=WRITE_CHUNK {blockData=conID: 2 locID: 102734073356681651 bcsId: 0} | ret=SUCCESS |  
2019-09-04 11:46:01,274 | INFO  | DNAudit | user=null | ip=null | op=PUT_BLOCK {blockData=[blockId=conID: 2 locID: 102734073356681651 bcsId: 0,size=1048576]} | ret=SUCCESS |  
2019-09-04 11:46:01,275 | INFO  | DNAudit | user=null | ip=null | op=WRITE_CHUNK {blockData=conID: 2 locID: 102734073356681651 bcsId: 0} | ret=SUCCESS |  
2019-09-04 11:46:01,275 | INFO  | DNAudit | user=null | ip=null | op=WRITE_CHUNK {blockData=conID: 2 locID: 102734073356681651 bcsId: 0} | ret=SUCCESS |  
2019-09-04 11:46:01,275 [grpc-default-executor-1] INFO  client.GrpcClientProtocolClient (GrpcClientProtocolClient.java:onNext(255)) - client-D5CE890D7D9E->efcb8ff8-f060-4d95-9215-d0f5eb4af037: receive RaftClientReply:client-D5CE890D7D9E->efcb8ff8-f060-4d95-9215-d0f5eb4af037@group-0959F8DF43ED, cid=920, SUCCESS, logIndex=0, commits[efcb8ff8-f060-4d95-9215-d0f5eb4af037:c1230, 6fae8b02-e804-4c0e-b729-a97b7404b7f6:c1226, 4c3e8a66-6975-4917-8225-d3efe707aaff:c1226]
2019-09-04 11:46:01,275 | INFO  | DNAudit | user=null | ip=null | op=PUT_BLOCK {blockData=[blockId=conID: 2 locID: 102734073356681651 bcsId: 0,size=2097152]} | ret=SUCCESS |  
2019-09-04 11:46:01,275 | INFO  | DNAudit | user=null | ip=null | op=PUT_BLOCK {blockData=[blockId=conID: 2 locID: 102734073356681651 bcsId: 0,size=2097152]} | ret=SUCCESS |  
2019-09-04 11:46:01,281 | INFO  | DNAudit | user=null | ip=null | op=WRITE_CHUNK {blockData=conID: 2 locID: 102734073356681651 bcsId: 1228} | ret=SUCCESS |  
2019-09-04 11:46:01,284 | INFO  | DNAudit | user=null | ip=null | op=WRITE_CHUNK {blockData=conID: 2 locID: 102734073356681651 bcsId: 1228} | ret=SUCCESS |  
2019-09-04 11:46:01,284 | INFO  | DNAudit | user=null | ip=null | op=WRITE_CHUNK {blockData=conID: 2 locID: 102734073356681651 bcsId: 1228} | ret=SUCCESS |  
2019-09-04 11:46:01,300 | INFO  | DNAudit | user=null | ip=null | op=WRITE_CHUNK {blockData=conID: 2 locID: 102734073356681651 bcsId: 1228} | ret=SUCCESS |  
2019-09-04 11:46:01,300 | INFO  | DNAudit | user=null | ip=null | op=PUT_BLOCK {blockData=[blockId=conID: 2 locID: 102734073356681651 bcsId: 0,size=3145728]} | ret=SUCCESS |  
2019-09-04 11:46:01,300 [grpc-default-executor-0] INFO  client.GrpcClientProtocolClient (GrpcClientProtocolClient.java:onNext(255)) - client-D5CE890D7D9E->efcb8ff8-f060-4d95-9215-d0f5eb4af037: receive RaftClientReply:client-D5CE890D7D9E->efcb8ff8-f060-4d95-9215-d0f5eb4af037@group-0959F8DF43ED, cid=921, SUCCESS, logIndex=1233, commits[efcb8ff8-f060-4d95-9215-d0f5eb4af037:c1234, 6fae8b02-e804-4c0e-b729-a97b7404b7f6:c1232, 4c3e8a66-6975-4917-8225-d3efe707aaff:c1232]
2019-09-04 11:46:01,301 [grpc-default-executor-0] INFO  client.GrpcClientProtocolClient (GrpcClientProtocolClient.java:onNext(255)) - client-D5CE890D7D9E->efcb8ff8-f060-4d95-9215-d0f5eb4af037: receive RaftClientReply:client-D5CE890D7D9E->efcb8ff8-f060-4d95-9215-d0f5eb4af037@group-0959F8DF43ED, cid=922, SUCCESS, logIndex=1234, commits[efcb8ff8-f060-4d95-9215-d0f5eb4af037:c1234, 6fae8b02-e804-4c0e-b729-a97b7404b7f6:c1232, 4c3e8a66-6975-4917-8225-d3efe707aaff:c1232]
2019-09-04 11:46:01,307 | INFO  | DNAudit | user=null | ip=null | op=WRITE_CHUNK {blockData=conID: 2 locID: 102734073356681651 bcsId: 1234} | ret=SUCCESS |  
2019-09-04 11:46:01,308 | INFO  | DNAudit | user=null | ip=null | op=WRITE_CHUNK {blockData=conID: 2 locID: 102734073356681651 bcsId: 1228} | ret=SUCCESS |  
2019-09-04 11:46:01,308 | INFO  | DNAudit | user=null | ip=null | op=WRITE_CHUNK {blockData=conID: 2 locID: 102734073356681651 bcsId: 1228} | ret=SUCCESS |  
2019-09-04 11:46:01,309 | INFO  | DNAudit | user=null | ip=null | op=PUT_BLOCK {blockData=[blockId=conID: 2 locID: 102734073356681651 bcsId: 0,size=3145728]} | ret=SUCCESS |  
2019-09-04 11:46:01,309 | INFO  | DNAudit | user=null | ip=null | op=PUT_BLOCK {blockData=[blockId=conID: 2 locID: 102734073356681651 bcsId: 0,size=3145728]} | ret=SUCCESS |  
2019-09-04 11:46:01,310 | INFO  | DNAudit | user=null | ip=null | op=WRITE_CHUNK {blockData=conID: 2 locID: 102734073356681651 bcsId: 1234} | ret=SUCCESS |  
2019-09-04 11:46:01,310 | INFO  | DNAudit | user=null | ip=null | op=WRITE_CHUNK {blockData=conID: 2 locID: 102734073356681651 bcsId: 1234} | ret=SUCCESS |  
2019-09-04 11:46:01,348 | INFO  | DNAudit | user=null | ip=null | op=WRITE_CHUNK {blockData=conID: 2 locID: 102734073356681651 bcsId: 1234} | ret=SUCCESS |  
2019-09-04 11:46:01,349 | INFO  | DNAudit | user=null | ip=null | op=PUT_BLOCK {blockData=[blockId=conID: 2 locID: 102734073356681651 bcsId: 0,size=4194304]} | ret=SUCCESS |  
2019-09-04 11:46:01,349 [grpc-default-executor-0] INFO  client.GrpcClientProtocolClient (GrpcClientProtocolClient.java:onNext(255)) - client-D5CE890D7D9E->efcb8ff8-f060-4d95-9215-d0f5eb4af037: receive RaftClientReply:client-D5CE890D7D9E->efcb8ff8-f060-4d95-9215-d0f5eb4af037@group-0959F8DF43ED, cid=923, SUCCESS, logIndex=1237, commits[efcb8ff8-f060-4d95-9215-d0f5eb4af037:c1238, 6fae8b02-e804-4c0e-b729-a97b7404b7f6:c1234, 4c3e8a66-6975-4917-8225-d3efe707aaff:c1234]
2019-09-04 11:46:01,350 [grpc-default-executor-0] INFO  client.GrpcClientProtocolClient (GrpcClientProtocolClient.java:onNext(255)) - client-D5CE890D7D9E->efcb8ff8-f060-4d95-9215-d0f5eb4af037: receive RaftClientReply:client-D5CE890D7D9E->efcb8ff8-f060-4d95-9215-d0f5eb4af037@group-0959F8DF43ED, cid=924, SUCCESS, logIndex=1238, commits[efcb8ff8-f060-4d95-9215-d0f5eb4af037:c1238, 6fae8b02-e804-4c0e-b729-a97b7404b7f6:c1234, 4c3e8a66-6975-4917-8225-d3efe707aaff:c1234]
2019-09-04 11:46:01,372 | INFO  | DNAudit | user=null | ip=null | op=WRITE_CHUNK {blockData=conID: 2 locID: 102734073356681651 bcsId: 1234} | ret=SUCCESS |  
2019-09-04 11:46:01,372 | INFO  | DNAudit | user=null | ip=null | op=WRITE_CHUNK {blockData=conID: 2 locID: 102734073356681651 bcsId: 1234} | ret=SUCCESS |  
2019-09-04 11:46:01,373 | INFO  | DNAudit | user=null | ip=null | op=PUT_BLOCK {blockData=[blockId=conID: 2 locID: 102734073356681651 bcsId: 0,size=4194304]} | ret=SUCCESS |  
2019-09-04 11:46:01,373 | INFO  | DNAudit | user=null | ip=null | op=PUT_BLOCK {blockData=[blockId=conID: 2 locID: 102734073356681651 bcsId: 0,size=4194304]} | ret=SUCCESS |  
2019-09-04 11:46:01,373 [grpc-default-executor-4] INFO  client.GrpcClientProtocolClient (GrpcClientProtocolClient.java:onNext(255)) - client-D5CE890D7D9E->efcb8ff8-f060-4d95-9215-d0f5eb4af037: receive RaftClientReply:client-D5CE890D7D9E->efcb8ff8-f060-4d95-9215-d0f5eb4af037@group-0959F8DF43ED, cid=925, SUCCESS, logIndex=0, commits[efcb8ff8-f060-4d95-9215-d0f5eb4af037:c1239, 6fae8b02-e804-4c0e-b729-a97b7404b7f6:c1238, 4c3e8a66-6975-4917-8225-d3efe707aaff:c1238]
2019-09-04 11:46:01,380 | INFO  | DNAudit | user=null | ip=null | op=WRITE_CHUNK {blockData=conID: 3 locID: 102734073356681652 bcsId: 0} | ret=SUCCESS |  
2019-09-04 11:46:01,382 | INFO  | DNAudit | user=null | ip=null | op=WRITE_CHUNK {blockData=conID: 3 locID: 102734073356681652 bcsId: 0} | ret=SUCCESS |  
2019-09-04 11:46:01,382 | INFO  | DNAudit | user=null | ip=null | op=WRITE_CHUNK {blockData=conID: 3 locID: 102734073356681652 bcsId: 0} | ret=SUCCESS |  
2019-09-04 11:46:01,383 | INFO  | DNAudit | user=null | ip=null | op=WRITE_CHUNK {blockData=conID: 3 locID: 102734073356681652 bcsId: 0} | ret=SUCCESS |  
2019-09-04 11:46:01,385 | INFO  | DNAudit | user=null | ip=null | op=WRITE_CHUNK {blockData=conID: 3 locID: 102734073356681652 bcsId: 0} | ret=SUCCESS |  
2019-09-04 11:46:01,385 | INFO  | DNAudit | user=null | ip=null | op=WRITE_CHUNK {blockData=conID: 3 locID: 102734073356681652 bcsId: 0} | ret=SUCCESS |  
2019-09-04 11:46:01,399 | INFO  | DNAudit | user=null | ip=null | op=WRITE_CHUNK {blockData=conID: 3 locID: 102734073356681652 bcsId: 0} | ret=SUCCESS |  
2019-09-04 11:46:01,399 | INFO  | DNAudit | user=null | ip=null | op=PUT_BLOCK {blockData=[blockId=conID: 3 locID: 102734073356681652 bcsId: 0,size=1048576]} | ret=SUCCESS |  
2019-09-04 11:46:01,400 [grpc-default-executor-6] INFO  client.GrpcClientProtocolClient (GrpcClientProtocolClient.java:onNext(255)) - client-D5CE890D7D9E->efcb8ff8-f060-4d95-9215-d0f5eb4af037: receive RaftClientReply:client-D5CE890D7D9E->efcb8ff8-f060-4d95-9215-d0f5eb4af037@group-0959F8DF43ED, cid=926, SUCCESS, logIndex=1241, commits[efcb8ff8-f060-4d95-9215-d0f5eb4af037:c1244, 6fae8b02-e804-4c0e-b729-a97b7404b7f6:c1239, 4c3e8a66-6975-4917-8225-d3efe707aaff:c1239]
2019-09-04 11:46:01,400 | INFO  | DNAudit | user=null | ip=null | op=WRITE_CHUNK {blockData=conID: 3 locID: 102734073356681652 bcsId: 0} | ret=SUCCESS |  
2019-09-04 11:46:01,400 | INFO  | DNAudit | user=null | ip=null | op=PUT_BLOCK {blockData=[blockId=conID: 3 locID: 102734073356681652 bcsId: 0,size=2097152]} | ret=SUCCESS |  
2019-09-04 11:46:01,400 [grpc-default-executor-6] INFO  client.GrpcClientProtocolClient (GrpcClientProtocolClient.java:onNext(255)) - client-D5CE890D7D9E->efcb8ff8-f060-4d95-9215-d0f5eb4af037: receive RaftClientReply:client-D5CE890D7D9E->efcb8ff8-f060-4d95-9215-d0f5eb4af037@group-0959F8DF43ED, cid=927, SUCCESS, logIndex=1242, commits[efcb8ff8-f060-4d95-9215-d0f5eb4af037:c1244, 6fae8b02-e804-4c0e-b729-a97b7404b7f6:c1239, 4c3e8a66-6975-4917-8225-d3efe707aaff:c1239]
2019-09-04 11:46:01,400 [grpc-default-executor-6] INFO  client.GrpcClientProtocolClient (GrpcClientProtocolClient.java:onNext(255)) - client-D5CE890D7D9E->efcb8ff8-f060-4d95-9215-d0f5eb4af037: receive RaftClientReply:client-D5CE890D7D9E->efcb8ff8-f060-4d95-9215-d0f5eb4af037@group-0959F8DF43ED, cid=928, SUCCESS, logIndex=1243, commits[efcb8ff8-f060-4d95-9215-d0f5eb4af037:c1244, 6fae8b02-e804-4c0e-b729-a97b7404b7f6:c1239, 4c3e8a66-6975-4917-8225-d3efe707aaff:c1239]
2019-09-04 11:46:01,401 [grpc-default-executor-6] INFO  client.GrpcClientProtocolClient (GrpcClientProtocolClient.java:onNext(255)) - client-D5CE890D7D9E->efcb8ff8-f060-4d95-9215-d0f5eb4af037: receive RaftClientReply:client-D5CE890D7D9E->efcb8ff8-f060-4d95-9215-d0f5eb4af037@group-0959F8DF43ED, cid=929, SUCCESS, logIndex=1244, commits[efcb8ff8-f060-4d95-9215-d0f5eb4af037:c1244, 6fae8b02-e804-4c0e-b729-a97b7404b7f6:c1239, 4c3e8a66-6975-4917-8225-d3efe707aaff:c1239]
2019-09-04 11:46:01,416 | INFO  | DNAudit | user=null | ip=null | op=WRITE_CHUNK {blockData=conID: 3 locID: 102734073356681652 bcsId: 0} | ret=SUCCESS |  
2019-09-04 11:46:01,416 | INFO  | DNAudit | user=null | ip=null | op=PUT_BLOCK {blockData=[blockId=conID: 3 locID: 102734073356681652 bcsId: 0,size=1048576]} | ret=SUCCESS |  
2019-09-04 11:46:01,416 | INFO  | DNAudit | user=null | ip=null | op=WRITE_CHUNK {blockData=conID: 3 locID: 102734073356681652 bcsId: 0} | ret=SUCCESS |  
2019-09-04 11:46:01,417 | INFO  | DNAudit | user=null | ip=null | op=PUT_BLOCK {blockData=[blockId=conID: 3 locID: 102734073356681652 bcsId: 0,size=1048576]} | ret=SUCCESS |  
2019-09-04 11:46:01,418 | INFO  | DNAudit | user=null | ip=null | op=WRITE_CHUNK {blockData=conID: 3 locID: 102734073356681652 bcsId: 0} | ret=SUCCESS |  
2019-09-04 11:46:01,418 | INFO  | DNAudit | user=null | ip=null | op=WRITE_CHUNK {blockData=conID: 3 locID: 102734073356681652 bcsId: 0} | ret=SUCCESS |  
2019-09-04 11:46:01,418 | INFO  | DNAudit | user=null | ip=null | op=PUT_BLOCK {blockData=[blockId=conID: 3 locID: 102734073356681652 bcsId: 0,size=2097152]} | ret=SUCCESS |  
2019-09-04 11:46:01,418 | INFO  | DNAudit | user=null | ip=null | op=PUT_BLOCK {blockData=[blockId=conID: 3 locID: 102734073356681652 bcsId: 0,size=2097152]} | ret=SUCCESS |  
2019-09-04 11:46:01,418 [grpc-default-executor-6] INFO  client.GrpcClientProtocolClient (GrpcClientProtocolClient.java:onNext(255)) - client-D5CE890D7D9E->efcb8ff8-f060-4d95-9215-d0f5eb4af037: receive RaftClientReply:client-D5CE890D7D9E->efcb8ff8-f060-4d95-9215-d0f5eb4af037@group-0959F8DF43ED, cid=930, SUCCESS, logIndex=0, commits[efcb8ff8-f060-4d95-9215-d0f5eb4af037:c1245, 6fae8b02-e804-4c0e-b729-a97b7404b7f6:c1242, 4c3e8a66-6975-4917-8225-d3efe707aaff:c1242]
2019-09-04 11:46:01,425 | INFO  | DNAudit | user=null | ip=null | op=WRITE_CHUNK {blockData=conID: 3 locID: 102734073356681652 bcsId: 1244} | ret=SUCCESS |  
2019-09-04 11:46:01,427 | INFO  | DNAudit | user=null | ip=null | op=WRITE_CHUNK {blockData=conID: 3 locID: 102734073356681652 bcsId: 1244} | ret=SUCCESS |  
2019-09-04 11:46:01,427 | INFO  | DNAudit | user=null | ip=null | op=WRITE_CHUNK {blockData=conID: 3 locID: 102734073356681652 bcsId: 1244} | ret=SUCCESS |  
2019-09-04 11:46:01,439 | INFO  | DNAudit | user=null | ip=null | op=WRITE_CHUNK {blockData=conID: 3 locID: 102734073356681652 bcsId: 1244} | ret=SUCCESS |  
2019-09-04 11:46:01,440 | INFO  | DNAudit | user=null | ip=null | op=PUT_BLOCK {blockData=[blockId=conID: 3 locID: 102734073356681652 bcsId: 0,size=3145728]} | ret=SUCCESS |  
2019-09-04 11:46:01,440 [grpc-default-executor-4] INFO  client.GrpcClientProtocolClient (GrpcClientProtocolClient.java:onNext(255)) - client-D5CE890D7D9E->efcb8ff8-f060-4d95-9215-d0f5eb4af037: receive RaftClientReply:client-D5CE890D7D9E->efcb8ff8-f060-4d95-9215-d0f5eb4af037@group-0959F8DF43ED, cid=931, SUCCESS, logIndex=1249, commits[efcb8ff8-f060-4d95-9215-d0f5eb4af037:c1250, 6fae8b02-e804-4c0e-b729-a97b7404b7f6:c1248, 4c3e8a66-6975-4917-8225-d3efe707aaff:c1248]
2019-09-04 11:46:01,440 [grpc-default-executor-4] INFO  client.GrpcClientProtocolClient (GrpcClientProtocolClient.java:onNext(255)) - client-D5CE890D7D9E->efcb8ff8-f060-4d95-9215-d0f5eb4af037: receive RaftClientReply:client-D5CE890D7D9E->efcb8ff8-f060-4d95-9215-d0f5eb4af037@group-0959F8DF43ED, cid=932, SUCCESS, logIndex=1250, commits[efcb8ff8-f060-4d95-9215-d0f5eb4af037:c1250, 6fae8b02-e804-4c0e-b729-a97b7404b7f6:c1248, 4c3e8a66-6975-4917-8225-d3efe707aaff:c1248]
2019-09-04 11:46:01,447 | INFO  | DNAudit | user=null | ip=null | op=WRITE_CHUNK {blockData=conID: 3 locID: 102734073356681652 bcsId: 1250} | ret=SUCCESS |  
2019-09-04 11:46:01,449 | INFO  | DNAudit | user=null | ip=null | op=WRITE_CHUNK {blockData=conID: 3 locID: 102734073356681652 bcsId: 1250} | ret=SUCCESS |  
2019-09-04 11:46:01,450 | INFO  | DNAudit | user=null | ip=null | op=WRITE_CHUNK {blockData=conID: 3 locID: 102734073356681652 bcsId: 1250} | ret=SUCCESS |  
2019-09-04 11:46:01,462 | INFO  | DNAudit | user=null | ip=null | op=WRITE_CHUNK {blockData=conID: 3 locID: 102734073356681652 bcsId: 1244} | ret=SUCCESS |  
2019-09-04 11:46:01,462 | INFO  | DNAudit | user=null | ip=null | op=WRITE_CHUNK {blockData=conID: 3 locID: 102734073356681652 bcsId: 1244} | ret=SUCCESS |  
2019-09-04 11:46:01,462 | INFO  | DNAudit | user=null | ip=null | op=PUT_BLOCK {blockData=[blockId=conID: 3 locID: 102734073356681652 bcsId: 0,size=3145728]} | ret=SUCCESS |  
2019-09-04 11:46:01,463 | INFO  | DNAudit | user=null | ip=null | op=PUT_BLOCK {blockData=[blockId=conID: 3 locID: 102734073356681652 bcsId: 0,size=3145728]} | ret=SUCCESS |  
2019-09-04 11:46:01,464 | INFO  | DNAudit | user=null | ip=null | op=WRITE_CHUNK {blockData=conID: 3 locID: 102734073356681652 bcsId: 1250} | ret=SUCCESS |  
2019-09-04 11:46:01,464 | INFO  | DNAudit | user=null | ip=null | op=PUT_BLOCK {blockData=[blockId=conID: 3 locID: 102734073356681652 bcsId: 0,size=4194304]} | ret=SUCCESS |  
2019-09-04 11:46:01,464 [grpc-default-executor-1] INFO  client.GrpcClientProtocolClient (GrpcClientProtocolClient.java:onNext(255)) - client-D5CE890D7D9E->efcb8ff8-f060-4d95-9215-d0f5eb4af037: receive RaftClientReply:client-D5CE890D7D9E->efcb8ff8-f060-4d95-9215-d0f5eb4af037@group-0959F8DF43ED, cid=933, SUCCESS, logIndex=1253, commits[efcb8ff8-f060-4d95-9215-d0f5eb4af037:c1254, 6fae8b02-e804-4c0e-b729-a97b7404b7f6:c1250, 4c3e8a66-6975-4917-8225-d3efe707aaff:c1250]
2019-09-04 11:46:01,465 [grpc-default-executor-1] INFO  client.GrpcClientProtocolClient (GrpcClientProtocolClient.java:onNext(255)) - client-D5CE890D7D9E->efcb8ff8-f060-4d95-9215-d0f5eb4af037: receive RaftClientReply:client-D5CE890D7D9E->efcb8ff8-f060-4d95-9215-d0f5eb4af037@group-0959F8DF43ED, cid=934, SUCCESS, logIndex=1254, commits[efcb8ff8-f060-4d95-9215-d0f5eb4af037:c1254, 6fae8b02-e804-4c0e-b729-a97b7404b7f6:c1250, 4c3e8a66-6975-4917-8225-d3efe707aaff:c1250]
2019-09-04 11:46:01,476 | INFO  | DNAudit | user=null | ip=null | op=WRITE_CHUNK {blockData=conID: 3 locID: 102734073356681652 bcsId: 1250} | ret=SUCCESS |  
2019-09-04 11:46:01,476 | INFO  | DNAudit | user=null | ip=null | op=WRITE_CHUNK {blockData=conID: 3 locID: 102734073356681652 bcsId: 1250} | ret=SUCCESS |  
2019-09-04 11:46:01,477 | INFO  | DNAudit | user=null | ip=null | op=PUT_BLOCK {blockData=[blockId=conID: 3 locID: 102734073356681652 bcsId: 0,size=4194304]} | ret=SUCCESS |  
2019-09-04 11:46:01,477 | INFO  | DNAudit | user=null | ip=null | op=PUT_BLOCK {blockData=[blockId=conID: 3 locID: 102734073356681652 bcsId: 0,size=4194304]} | ret=SUCCESS |  
2019-09-04 11:46:01,477 [grpc-default-executor-6] INFO  client.GrpcClientProtocolClient (GrpcClientProtocolClient.java:onNext(255)) - client-D5CE890D7D9E->efcb8ff8-f060-4d95-9215-d0f5eb4af037: receive RaftClientReply:client-D5CE890D7D9E->efcb8ff8-f060-4d95-9215-d0f5eb4af037@group-0959F8DF43ED, cid=935, SUCCESS, logIndex=0, commits[efcb8ff8-f060-4d95-9215-d0f5eb4af037:c1256, 6fae8b02-e804-4c0e-b729-a97b7404b7f6:c1254, 4c3e8a66-6975-4917-8225-d3efe707aaff:c1254]
2019-09-04 11:46:01,484 | INFO  | DNAudit | user=null | ip=null | op=WRITE_CHUNK {blockData=conID: 1 locID: 102734073356681653 bcsId: 0} | ret=SUCCESS |  
2019-09-04 11:46:01,486 | INFO  | DNAudit | user=null | ip=null | op=WRITE_CHUNK {blockData=conID: 1 locID: 102734073356681653 bcsId: 0} | ret=SUCCESS |  
2019-09-04 11:46:01,487 | INFO  | DNAudit | user=null | ip=null | op=WRITE_CHUNK {blockData=conID: 1 locID: 102734073356681653 bcsId: 0} | ret=SUCCESS |  
2019-09-04 11:46:01,487 | INFO  | DNAudit | user=null | ip=null | op=WRITE_CHUNK {blockData=conID: 1 locID: 102734073356681653 bcsId: 0} | ret=SUCCESS |  
2019-09-04 11:46:01,488 | INFO  | DNAudit | user=null | ip=null | op=WRITE_CHUNK {blockData=conID: 1 locID: 102734073356681653 bcsId: 0} | ret=SUCCESS |  
2019-09-04 11:46:01,489 | INFO  | DNAudit | user=null | ip=null | op=WRITE_CHUNK {blockData=conID: 1 locID: 102734073356681653 bcsId: 0} | ret=SUCCESS |  
2019-09-04 11:46:01,501 | INFO  | DNAudit | user=null | ip=null | op=WRITE_CHUNK {blockData=conID: 1 locID: 102734073356681653 bcsId: 0} | ret=SUCCESS |  
2019-09-04 11:46:01,501 | INFO  | DNAudit | user=null | ip=null | op=PUT_BLOCK {blockData=[blockId=conID: 1 locID: 102734073356681653 bcsId: 0,size=1048576]} | ret=SUCCESS |  
2019-09-04 11:46:01,501 | INFO  | DNAudit | user=null | ip=null | op=WRITE_CHUNK {blockData=conID: 1 locID: 102734073356681653 bcsId: 0} | ret=SUCCESS |  
2019-09-04 11:46:01,501 [grpc-default-executor-1] INFO  client.GrpcClientProtocolClient (GrpcClientProtocolClient.java:onNext(255)) - client-D5CE890D7D9E->efcb8ff8-f060-4d95-9215-d0f5eb4af037: receive RaftClientReply:client-D5CE890D7D9E->efcb8ff8-f060-4d95-9215-d0f5eb4af037@group-0959F8DF43ED, cid=936, SUCCESS, logIndex=1257, commits[efcb8ff8-f060-4d95-9215-d0f5eb4af037:c1260, 6fae8b02-e804-4c0e-b729-a97b7404b7f6:c1256, 4c3e8a66-6975-4917-8225-d3efe707aaff:c1256]
2019-09-04 11:46:01,532 | INFO  | DNAudit | user=null | ip=null | op=PUT_BLOCK {blockData=[blockId=conID: 1 locID: 102734073356681653 bcsId: 0,size=2097152]} | ret=SUCCESS |  
2019-09-04 11:46:01,532 [grpc-default-executor-1] INFO  client.GrpcClientProtocolClient (GrpcClientProtocolClient.java:onNext(255)) - client-D5CE890D7D9E->efcb8ff8-f060-4d95-9215-d0f5eb4af037: receive RaftClientReply:client-D5CE890D7D9E->efcb8ff8-f060-4d95-9215-d0f5eb4af037@group-0959F8DF43ED, cid=937, SUCCESS, logIndex=1258, commits[efcb8ff8-f060-4d95-9215-d0f5eb4af037:c1260, 6fae8b02-e804-4c0e-b729-a97b7404b7f6:c1256, 4c3e8a66-6975-4917-8225-d3efe707aaff:c1256]
2019-09-04 11:46:01,532 | INFO  | DNAudit | user=null | ip=null | op=WRITE_CHUNK {blockData=conID: 1 locID: 102734073356681653 bcsId: 0} | ret=SUCCESS |  
2019-09-04 11:46:01,532 | INFO  | DNAudit | user=null | ip=null | op=WRITE_CHUNK {blockData=conID: 1 locID: 102734073356681653 bcsId: 0} | ret=SUCCESS |  
2019-09-04 11:46:01,532 [grpc-default-executor-4] INFO  client.GrpcClientProtocolClient (GrpcClientProtocolClient.java:onNext(255)) - client-D5CE890D7D9E->efcb8ff8-f060-4d95-9215-d0f5eb4af037: receive RaftClientReply:client-D5CE890D7D9E->efcb8ff8-f060-4d95-9215-d0f5eb4af037@group-0959F8DF43ED, cid=938, SUCCESS, logIndex=1259, commits[efcb8ff8-f060-4d95-9215-d0f5eb4af037:c1260, 6fae8b02-e804-4c0e-b729-a97b7404b7f6:c1256, 4c3e8a66-6975-4917-8225-d3efe707aaff:c1256]
2019-09-04 11:46:01,532 | INFO  | DNAudit | user=null | ip=null | op=PUT_BLOCK {blockData=[blockId=conID: 1 locID: 102734073356681653 bcsId: 0,size=1048576]} | ret=SUCCESS |  
2019-09-04 11:46:01,532 [grpc-default-executor-4] INFO  client.GrpcClientProtocolClient (GrpcClientProtocolClient.java:onNext(255)) - client-D5CE890D7D9E->efcb8ff8-f060-4d95-9215-d0f5eb4af037: receive RaftClientReply:client-D5CE890D7D9E->efcb8ff8-f060-4d95-9215-d0f5eb4af037@group-0959F8DF43ED, cid=939, SUCCESS, logIndex=1260, commits[efcb8ff8-f060-4d95-9215-d0f5eb4af037:c1260, 6fae8b02-e804-4c0e-b729-a97b7404b7f6:c1256, 4c3e8a66-6975-4917-8225-d3efe707aaff:c1256]
2019-09-04 11:46:01,533 | INFO  | DNAudit | user=null | ip=null | op=PUT_BLOCK {blockData=[blockId=conID: 1 locID: 102734073356681653 bcsId: 0,size=1048576]} | ret=SUCCESS |  
2019-09-04 11:46:01,533 [grpc-default-executor-4] INFO  client.GrpcClientProtocolClient (GrpcClientProtocolClient.java:onNext(255)) - client-D5CE890D7D9E->efcb8ff8-f060-4d95-9215-d0f5eb4af037: receive RaftClientReply:client-D5CE890D7D9E->efcb8ff8-f060-4d95-9215-d0f5eb4af037@group-0959F8DF43ED, cid=940, SUCCESS, logIndex=0, commits[efcb8ff8-f060-4d95-9215-d0f5eb4af037:c1261, 6fae8b02-e804-4c0e-b729-a97b7404b7f6:c1258, 4c3e8a66-6975-4917-8225-d3efe707aaff:c1258]
2019-09-04 11:46:01,539 | INFO  | DNAudit | user=null | ip=null | op=WRITE_CHUNK {blockData=conID: 1 locID: 102734073356681653 bcsId: 1260} | ret=SUCCESS |  
2019-09-04 11:46:01,542 | INFO  | DNAudit | user=null | ip=null | op=WRITE_CHUNK {blockData=conID: 1 locID: 102734073356681653 bcsId: 1260} | ret=SUCCESS |  
2019-09-04 11:46:01,542 | INFO  | DNAudit | user=null | ip=null | op=WRITE_CHUNK {blockData=conID: 1 locID: 102734073356681653 bcsId: 1260} | ret=SUCCESS |  
2019-09-04 11:46:01,543 | INFO  | DNAudit | user=null | ip=null | op=WRITE_CHUNK {blockData=conID: 1 locID: 102734073356681653 bcsId: 0} | ret=SUCCESS |  
2019-09-04 11:46:01,543 | INFO  | DNAudit | user=null | ip=null | op=PUT_BLOCK {blockData=[blockId=conID: 1 locID: 102734073356681653 bcsId: 0,size=2097152]} | ret=SUCCESS |  
2019-09-04 11:46:01,543 | INFO  | DNAudit | user=null | ip=null | op=WRITE_CHUNK {blockData=conID: 1 locID: 102734073356681653 bcsId: 0} | ret=SUCCESS |  
2019-09-04 11:46:01,544 | INFO  | DNAudit | user=null | ip=null | op=PUT_BLOCK {blockData=[blockId=conID: 1 locID: 102734073356681653 bcsId: 0,size=2097152]} | ret=SUCCESS |  
2019-09-04 11:46:01,544 | INFO  | DNAudit | user=null | ip=null | op=WRITE_CHUNK {blockData=conID: 1 locID: 102734073356681653 bcsId: 1260} | ret=SUCCESS |  
2019-09-04 11:46:01,544 | INFO  | DNAudit | user=null | ip=null | op=PUT_BLOCK {blockData=[blockId=conID: 1 locID: 102734073356681653 bcsId: 0,size=3145728]} | ret=SUCCESS |  
2019-09-04 11:46:01,545 [grpc-default-executor-6] INFO  client.GrpcClientProtocolClient (GrpcClientProtocolClient.java:onNext(255)) - client-D5CE890D7D9E->efcb8ff8-f060-4d95-9215-d0f5eb4af037: receive RaftClientReply:client-D5CE890D7D9E->efcb8ff8-f060-4d95-9215-d0f5eb4af037@group-0959F8DF43ED, cid=941, SUCCESS, logIndex=1265, commits[efcb8ff8-f060-4d95-9215-d0f5eb4af037:c1266, 6fae8b02-e804-4c0e-b729-a97b7404b7f6:c1261, 4c3e8a66-6975-4917-8225-d3efe707aaff:c1260]
2019-09-04 11:46:01,545 [grpc-default-executor-6] INFO  client.GrpcClientProtocolClient (GrpcClientProtocolClient.java:onNext(255)) - client-D5CE890D7D9E->efcb8ff8-f060-4d95-9215-d0f5eb4af037: receive RaftClientReply:client-D5CE890D7D9E->efcb8ff8-f060-4d95-9215-d0f5eb4af037@group-0959F8DF43ED, cid=942, SUCCESS, logIndex=1266, commits[efcb8ff8-f060-4d95-9215-d0f5eb4af037:c1266, 6fae8b02-e804-4c0e-b729-a97b7404b7f6:c1261, 4c3e8a66-6975-4917-8225-d3efe707aaff:c1261]
2019-09-04 11:46:01,546 | INFO  | DNAudit | user=null | ip=null | op=WRITE_CHUNK {blockData=conID: 1 locID: 102734073356681653 bcsId: 1260} | ret=SUCCESS |  
2019-09-04 11:46:01,546 | INFO  | DNAudit | user=null | ip=null | op=WRITE_CHUNK {blockData=conID: 1 locID: 102734073356681653 bcsId: 1260} | ret=SUCCESS |  
2019-09-04 11:46:01,546 | INFO  | DNAudit | user=null | ip=null | op=PUT_BLOCK {blockData=[blockId=conID: 1 locID: 102734073356681653 bcsId: 0,size=3145728]} | ret=SUCCESS |  
2019-09-04 11:46:01,546 | INFO  | DNAudit | user=null | ip=null | op=PUT_BLOCK {blockData=[blockId=conID: 1 locID: 102734073356681653 bcsId: 0,size=3145728]} | ret=SUCCESS |  
2019-09-04 11:46:01,551 | INFO  | DNAudit | user=null | ip=null | op=WRITE_CHUNK {blockData=conID: 1 locID: 102734073356681653 bcsId: 1266} | ret=SUCCESS |  
2019-09-04 11:46:01,553 | INFO  | DNAudit | user=null | ip=null | op=WRITE_CHUNK {blockData=conID: 1 locID: 102734073356681653 bcsId: 1266} | ret=SUCCESS |  
2019-09-04 11:46:01,553 | INFO  | DNAudit | user=null | ip=null | op=WRITE_CHUNK {blockData=conID: 1 locID: 102734073356681653 bcsId: 1266} | ret=SUCCESS |  
2019-09-04 11:46:01,585 | INFO  | DNAudit | user=null | ip=null | op=WRITE_CHUNK {blockData=conID: 1 locID: 102734073356681653 bcsId: 1266} | ret=SUCCESS |  
2019-09-04 11:46:01,585 | INFO  | DNAudit | user=null | ip=null | op=PUT_BLOCK {blockData=[blockId=conID: 1 locID: 102734073356681653 bcsId: 0,size=4194304]} | ret=SUCCESS |  
2019-09-04 11:46:01,585 [grpc-default-executor-1] INFO  client.GrpcClientProtocolClient (GrpcClientProtocolClient.java:onNext(255)) - client-D5CE890D7D9E->efcb8ff8-f060-4d95-9215-d0f5eb4af037: receive RaftClientReply:client-D5CE890D7D9E->efcb8ff8-f060-4d95-9215-d0f5eb4af037@group-0959F8DF43ED, cid=943, SUCCESS, logIndex=1268, commits[efcb8ff8-f060-4d95-9215-d0f5eb4af037:c1269, 6fae8b02-e804-4c0e-b729-a97b7404b7f6:c1267, 4c3e8a66-6975-4917-8225-d3efe707aaff:c1267]
2019-09-04 11:46:01,586 [grpc-default-executor-1] INFO  client.GrpcClientProtocolClient (GrpcClientProtocolClient.java:onNext(255)) - client-D5CE890D7D9E->efcb8ff8-f060-4d95-9215-d0f5eb4af037: receive RaftClientReply:client-D5CE890D7D9E->efcb8ff8-f060-4d95-9215-d0f5eb4af037@group-0959F8DF43ED, cid=944, SUCCESS, logIndex=1269, commits[efcb8ff8-f060-4d95-9215-d0f5eb4af037:c1269, 6fae8b02-e804-4c0e-b729-a97b7404b7f6:c1267, 4c3e8a66-6975-4917-8225-d3efe707aaff:c1267]
2019-09-04 11:46:01,600 | INFO  | DNAudit | user=null | ip=null | op=WRITE_CHUNK {blockData=conID: 1 locID: 102734073356681653 bcsId: 1266} | ret=SUCCESS |  
2019-09-04 11:46:01,600 | INFO  | DNAudit | user=null | ip=null | op=WRITE_CHUNK {blockData=conID: 1 locID: 102734073356681653 bcsId: 1266} | ret=SUCCESS |  
2019-09-04 11:46:01,601 | INFO  | DNAudit | user=null | ip=null | op=PUT_BLOCK {blockData=[blockId=conID: 1 locID: 102734073356681653 bcsId: 0,size=4194304]} | ret=SUCCESS |  
2019-09-04 11:46:01,601 | INFO  | DNAudit | user=null | ip=null | op=PUT_BLOCK {blockData=[blockId=conID: 1 locID: 102734073356681653 bcsId: 0,size=4194304]} | ret=SUCCESS |  
2019-09-04 11:46:01,601 [grpc-default-executor-4] INFO  client.GrpcClientProtocolClient (GrpcClientProtocolClient.java:onNext(255)) - client-D5CE890D7D9E->efcb8ff8-f060-4d95-9215-d0f5eb4af037: receive RaftClientReply:client-D5CE890D7D9E->efcb8ff8-f060-4d95-9215-d0f5eb4af037@group-0959F8DF43ED, cid=945, SUCCESS, logIndex=0, commits[efcb8ff8-f060-4d95-9215-d0f5eb4af037:c1270, 6fae8b02-e804-4c0e-b729-a97b7404b7f6:c1269, 4c3e8a66-6975-4917-8225-d3efe707aaff:c1269]
2019-09-04 11:46:01,609 | INFO  | DNAudit | user=null | ip=null | op=WRITE_CHUNK {blockData=conID: 2 locID: 102734073356681654 bcsId: 0} | ret=SUCCESS |  
2019-09-04 11:46:01,612 | INFO  | DNAudit | user=null | ip=null | op=WRITE_CHUNK {blockData=conID: 2 locID: 102734073356681654 bcsId: 0} | ret=SUCCESS |  
2019-09-04 11:46:01,612 | INFO  | DNAudit | user=null | ip=null | op=WRITE_CHUNK {blockData=conID: 2 locID: 102734073356681654 bcsId: 0} | ret=SUCCESS |  
2019-09-04 11:46:01,613 | INFO  | DNAudit | user=null | ip=null | op=WRITE_CHUNK {blockData=conID: 2 locID: 102734073356681654 bcsId: 0} | ret=SUCCESS |  
2019-09-04 11:46:01,615 | INFO  | DNAudit | user=null | ip=null | op=WRITE_CHUNK {blockData=conID: 2 locID: 102734073356681654 bcsId: 0} | ret=SUCCESS |  
2019-09-04 11:46:01,615 | INFO  | DNAudit | user=null | ip=null | op=WRITE_CHUNK {blockData=conID: 2 locID: 102734073356681654 bcsId: 0} | ret=SUCCESS |  
2019-09-04 11:46:01,626 | INFO  | DNAudit | user=null | ip=null | op=WRITE_CHUNK {blockData=conID: 2 locID: 102734073356681654 bcsId: 0} | ret=SUCCESS |  
2019-09-04 11:46:01,627 | INFO  | DNAudit | user=null | ip=null | op=PUT_BLOCK {blockData=[blockId=conID: 2 locID: 102734073356681654 bcsId: 0,size=1048576]} | ret=SUCCESS |  
2019-09-04 11:46:01,627 | INFO  | DNAudit | user=null | ip=null | op=WRITE_CHUNK {blockData=conID: 2 locID: 102734073356681654 bcsId: 0} | ret=SUCCESS |  
2019-09-04 11:46:01,627 | INFO  | DNAudit | user=null | ip=null | op=PUT_BLOCK {blockData=[blockId=conID: 2 locID: 102734073356681654 bcsId: 0,size=2097152]} | ret=SUCCESS |  
2019-09-04 11:46:01,627 [grpc-default-executor-1] INFO  client.GrpcClientProtocolClient (GrpcClientProtocolClient.java:onNext(255)) - client-D5CE890D7D9E->efcb8ff8-f060-4d95-9215-d0f5eb4af037: receive RaftClientReply:client-D5CE890D7D9E->efcb8ff8-f060-4d95-9215-d0f5eb4af037@group-0959F8DF43ED, cid=946, SUCCESS, logIndex=1272, commits[efcb8ff8-f060-4d95-9215-d0f5eb4af037:c1273, 6fae8b02-e804-4c0e-b729-a97b7404b7f6:c1271, 4c3e8a66-6975-4917-8225-d3efe707aaff:c1271]
2019-09-04 11:46:01,628 [grpc-default-executor-1] INFO  client.GrpcClientProtocolClient (GrpcClientProtocolClient.java:onNext(255)) - client-D5CE890D7D9E->efcb8ff8-f060-4d95-9215-d0f5eb4af037: receive RaftClientReply:client-D5CE890D7D9E->efcb8ff8-f060-4d95-9215-d0f5eb4af037@group-0959F8DF43ED, cid=947, SUCCESS, logIndex=1273, commits[efcb8ff8-f060-4d95-9215-d0f5eb4af037:c1274, 6fae8b02-e804-4c0e-b729-a97b7404b7f6:c1271, 4c3e8a66-6975-4917-8225-d3efe707aaff:c1271]
2019-09-04 11:46:01,628 [grpc-default-executor-1] INFO  client.GrpcClientProtocolClient (GrpcClientProtocolClient.java:onNext(255)) - client-D5CE890D7D9E->efcb8ff8-f060-4d95-9215-d0f5eb4af037: receive RaftClientReply:client-D5CE890D7D9E->efcb8ff8-f060-4d95-9215-d0f5eb4af037@group-0959F8DF43ED, cid=948, SUCCESS, logIndex=1274, commits[efcb8ff8-f060-4d95-9215-d0f5eb4af037:c1275, 6fae8b02-e804-4c0e-b729-a97b7404b7f6:c1271, 4c3e8a66-6975-4917-8225-d3efe707aaff:c1271]
2019-09-04 11:46:01,628 | INFO  | DNAudit | user=null | ip=null | op=WRITE_CHUNK {blockData=conID: 2 locID: 102734073356681654 bcsId: 0} | ret=SUCCESS |  
2019-09-04 11:46:01,628 [grpc-default-executor-4] INFO  client.GrpcClientProtocolClient (GrpcClientProtocolClient.java:onNext(255)) - client-D5CE890D7D9E->efcb8ff8-f060-4d95-9215-d0f5eb4af037: receive RaftClientReply:client-D5CE890D7D9E->efcb8ff8-f060-4d95-9215-d0f5eb4af037@group-0959F8DF43ED, cid=949, SUCCESS, logIndex=1275, commits[efcb8ff8-f060-4d95-9215-d0f5eb4af037:c1275, 6fae8b02-e804-4c0e-b729-a97b7404b7f6:c1271, 4c3e8a66-6975-4917-8225-d3efe707aaff:c1271]
2019-09-04 11:46:01,629 | INFO  | DNAudit | user=null | ip=null | op=PUT_BLOCK {blockData=[blockId=conID: 2 locID: 102734073356681654 bcsId: 0,size=1048576]} | ret=SUCCESS |  
2019-09-04 11:46:01,629 | INFO  | DNAudit | user=null | ip=null | op=WRITE_CHUNK {blockData=conID: 2 locID: 102734073356681654 bcsId: 0} | ret=SUCCESS |  
2019-09-04 11:46:01,629 | INFO  | DNAudit | user=null | ip=null | op=PUT_BLOCK {blockData=[blockId=conID: 2 locID: 102734073356681654 bcsId: 0,size=1048576]} | ret=SUCCESS |  
2019-09-04 11:46:01,629 | INFO  | DNAudit | user=null | ip=null | op=WRITE_CHUNK {blockData=conID: 2 locID: 102734073356681654 bcsId: 0} | ret=SUCCESS |  
2019-09-04 11:46:01,630 [grpc-default-executor-1] INFO  client.GrpcClientProtocolClient (GrpcClientProtocolClient.java:onNext(255)) - client-D5CE890D7D9E->efcb8ff8-f060-4d95-9215-d0f5eb4af037: receive RaftClientReply:client-D5CE890D7D9E->efcb8ff8-f060-4d95-9215-d0f5eb4af037@group-0959F8DF43ED, cid=950, SUCCESS, logIndex=0, commits[efcb8ff8-f060-4d95-9215-d0f5eb4af037:c1277, 6fae8b02-e804-4c0e-b729-a97b7404b7f6:c1273, 4c3e8a66-6975-4917-8225-d3efe707aaff:c1273]
2019-09-04 11:46:01,630 | INFO  | DNAudit | user=null | ip=null | op=PUT_BLOCK {blockData=[blockId=conID: 2 locID: 102734073356681654 bcsId: 0,size=2097152]} | ret=SUCCESS |  
2019-09-04 11:46:01,630 | INFO  | DNAudit | user=null | ip=null | op=WRITE_CHUNK {blockData=conID: 2 locID: 102734073356681654 bcsId: 0} | ret=SUCCESS |  
2019-09-04 11:46:01,630 | INFO  | DNAudit | user=null | ip=null | op=PUT_BLOCK {blockData=[blockId=conID: 2 locID: 102734073356681654 bcsId: 0,size=2097152]} | ret=SUCCESS |  
2019-09-04 11:46:01,635 | INFO  | DNAudit | user=null | ip=null | op=WRITE_CHUNK {blockData=conID: 2 locID: 102734073356681654 bcsId: 1275} | ret=SUCCESS |  
2019-09-04 11:46:01,637 | INFO  | DNAudit | user=null | ip=null | op=WRITE_CHUNK {blockData=conID: 2 locID: 102734073356681654 bcsId: 1275} | ret=SUCCESS |  
2019-09-04 11:46:01,638 | INFO  | DNAudit | user=null | ip=null | op=WRITE_CHUNK {blockData=conID: 2 locID: 102734073356681654 bcsId: 1275} | ret=SUCCESS |  
2019-09-04 11:46:01,656 | INFO  | DNAudit | user=null | ip=null | op=WRITE_CHUNK {blockData=conID: 2 locID: 102734073356681654 bcsId: 1275} | ret=SUCCESS |  
2019-09-04 11:46:01,656 | INFO  | DNAudit | user=null | ip=null | op=PUT_BLOCK {blockData=[blockId=conID: 2 locID: 102734073356681654 bcsId: 0,size=3145728]} | ret=SUCCESS |  
2019-09-04 11:46:01,657 [grpc-default-executor-1] INFO  client.GrpcClientProtocolClient (GrpcClientProtocolClient.java:onNext(255)) - client-D5CE890D7D9E->efcb8ff8-f060-4d95-9215-d0f5eb4af037: receive RaftClientReply:client-D5CE890D7D9E->efcb8ff8-f060-4d95-9215-d0f5eb4af037@group-0959F8DF43ED, cid=951, SUCCESS, logIndex=1280, commits[efcb8ff8-f060-4d95-9215-d0f5eb4af037:c1281, 6fae8b02-e804-4c0e-b729-a97b7404b7f6:c1279, 4c3e8a66-6975-4917-8225-d3efe707aaff:c1279]
2019-09-04 11:46:01,657 [grpc-default-executor-1] INFO  client.GrpcClientProtocolClient (GrpcClientProtocolClient.java:onNext(255)) - client-D5CE890D7D9E->efcb8ff8-f060-4d95-9215-d0f5eb4af037: receive RaftClientReply:client-D5CE890D7D9E->efcb8ff8-f060-4d95-9215-d0f5eb4af037@group-0959F8DF43ED, cid=952, SUCCESS, logIndex=1281, commits[efcb8ff8-f060-4d95-9215-d0f5eb4af037:c1281, 6fae8b02-e804-4c0e-b729-a97b7404b7f6:c1279, 4c3e8a66-6975-4917-8225-d3efe707aaff:c1279]
2019-09-04 11:46:01,663 | INFO  | DNAudit | user=null | ip=null | op=WRITE_CHUNK {blockData=conID: 2 locID: 102734073356681654 bcsId: 1281} | ret=SUCCESS |  
2019-09-04 11:46:01,664 | INFO  | DNAudit | user=null | ip=null | op=WRITE_CHUNK {blockData=conID: 2 locID: 102734073356681654 bcsId: 1275} | ret=SUCCESS |  
2019-09-04 11:46:01,664 | INFO  | DNAudit | user=null | ip=null | op=WRITE_CHUNK {blockData=conID: 2 locID: 102734073356681654 bcsId: 1275} | ret=SUCCESS |  
2019-09-04 11:46:01,665 | INFO  | DNAudit | user=null | ip=null | op=PUT_BLOCK {blockData=[blockId=conID: 2 locID: 102734073356681654 bcsId: 0,size=3145728]} | ret=SUCCESS |  
2019-09-04 11:46:01,665 | INFO  | DNAudit | user=null | ip=null | op=PUT_BLOCK {blockData=[blockId=conID: 2 locID: 102734073356681654 bcsId: 0,size=3145728]} | ret=SUCCESS |  
2019-09-04 11:46:01,665 | INFO  | DNAudit | user=null | ip=null | op=WRITE_CHUNK {blockData=conID: 2 locID: 102734073356681654 bcsId: 1281} | ret=SUCCESS |  
2019-09-04 11:46:01,666 | INFO  | DNAudit | user=null | ip=null | op=WRITE_CHUNK {blockData=conID: 2 locID: 102734073356681654 bcsId: 1281} | ret=SUCCESS |  
2019-09-04 11:46:01,670 | INFO  | SCMAudit | user=jenkins1000 | ip=192.168.36.67 | op=SEND_HEARTBEAT {datanodeUUID=6fae8b02-e804-4c0e-b729-a97b7404b7f6, command=[]} | ret=SUCCESS |  
2019-09-04 11:46:01,670 | INFO  | SCMAudit | user=jenkins1000 | ip=192.168.36.67 | op=SEND_HEARTBEAT {datanodeUUID=efcb8ff8-f060-4d95-9215-d0f5eb4af037, command=[]} | ret=SUCCESS |  
2019-09-04 11:46:01,670 | INFO  | SCMAudit | user=jenkins1000 | ip=192.168.36.67 | op=SEND_HEARTBEAT {datanodeUUID=4c3e8a66-6975-4917-8225-d3efe707aaff, command=[]} | ret=SUCCESS |  
2019-09-04 11:46:01,677 | INFO  | SCMAudit | user=jenkins1000 | ip=192.168.36.67 | op=SEND_HEARTBEAT {datanodeUUID=0b776101-1d39-4f23-96c0-6a8ead31197c, command=[]} | ret=SUCCESS |  
2019-09-04 11:46:01,687 | INFO  | DNAudit | user=null | ip=null | op=WRITE_CHUNK {blockData=conID: 2 locID: 102734073356681654 bcsId: 1281} | ret=SUCCESS |  
2019-09-04 11:46:01,687 | INFO  | DNAudit | user=null | ip=null | op=PUT_BLOCK {blockData=[blockId=conID: 2 locID: 102734073356681654 bcsId: 0,size=4194304]} | ret=SUCCESS |  
2019-09-04 11:46:01,688 [grpc-default-executor-0] INFO  client.GrpcClientProtocolClient (GrpcClientProtocolClient.java:onNext(255)) - client-D5CE890D7D9E->efcb8ff8-f060-4d95-9215-d0f5eb4af037: receive RaftClientReply:client-D5CE890D7D9E->efcb8ff8-f060-4d95-9215-d0f5eb4af037@group-0959F8DF43ED, cid=953, SUCCESS, logIndex=1284, commits[efcb8ff8-f060-4d95-9215-d0f5eb4af037:c1285, 6fae8b02-e804-4c0e-b729-a97b7404b7f6:c1281, 4c3e8a66-6975-4917-8225-d3efe707aaff:c1281]
2019-09-04 11:46:01,688 | INFO  | DNAudit | user=null | ip=null | op=WRITE_CHUNK {blockData=conID: 2 locID: 102734073356681654 bcsId: 1281} | ret=SUCCESS |  
2019-09-04 11:46:01,688 [grpc-default-executor-0] INFO  client.GrpcClientProtocolClient (GrpcClientProtocolClient.java:onNext(255)) - client-D5CE890D7D9E->efcb8ff8-f060-4d95-9215-d0f5eb4af037: receive RaftClientReply:client-D5CE890D7D9E->efcb8ff8-f060-4d95-9215-d0f5eb4af037@group-0959F8DF43ED, cid=954, SUCCESS, logIndex=1285, commits[efcb8ff8-f060-4d95-9215-d0f5eb4af037:c1285, 6fae8b02-e804-4c0e-b729-a97b7404b7f6:c1281, 4c3e8a66-6975-4917-8225-d3efe707aaff:c1281]
2019-09-04 11:46:01,688 | INFO  | DNAudit | user=null | ip=null | op=PUT_BLOCK {blockData=[blockId=conID: 2 locID: 102734073356681654 bcsId: 0,size=4194304]} | ret=SUCCESS |  
2019-09-04 11:46:01,689 | INFO  | DNAudit | user=null | ip=null | op=WRITE_CHUNK {blockData=conID: 2 locID: 102734073356681654 bcsId: 1281} | ret=SUCCESS |  
2019-09-04 11:46:01,689 | INFO  | DNAudit | user=null | ip=null | op=PUT_BLOCK {blockData=[blockId=conID: 2 locID: 102734073356681654 bcsId: 0,size=4194304]} | ret=SUCCESS |  
2019-09-04 11:46:01,689 [grpc-default-executor-4] INFO  client.GrpcClientProtocolClient (GrpcClientProtocolClient.java:onNext(255)) - client-D5CE890D7D9E->efcb8ff8-f060-4d95-9215-d0f5eb4af037: receive RaftClientReply:client-D5CE890D7D9E->efcb8ff8-f060-4d95-9215-d0f5eb4af037@group-0959F8DF43ED, cid=955, SUCCESS, logIndex=0, commits[efcb8ff8-f060-4d95-9215-d0f5eb4af037:c1286, 6fae8b02-e804-4c0e-b729-a97b7404b7f6:c1285, 4c3e8a66-6975-4917-8225-d3efe707aaff:c1285]
2019-09-04 11:46:01,696 | INFO  | DNAudit | user=null | ip=null | op=WRITE_CHUNK {blockData=conID: 3 locID: 102734073356681655 bcsId: 0} | ret=SUCCESS |  
2019-09-04 11:46:01,698 | INFO  | DNAudit | user=null | ip=null | op=WRITE_CHUNK {blockData=conID: 3 locID: 102734073356681655 bcsId: 0} | ret=SUCCESS |  
2019-09-04 11:46:01,698 | INFO  | DNAudit | user=null | ip=null | op=WRITE_CHUNK {blockData=conID: 3 locID: 102734073356681655 bcsId: 0} | ret=SUCCESS |  
2019-09-04 11:46:01,698 | INFO  | DNAudit | user=null | ip=null | op=WRITE_CHUNK {blockData=conID: 3 locID: 102734073356681655 bcsId: 0} | ret=SUCCESS |  
2019-09-04 11:46:01,700 | INFO  | DNAudit | user=null | ip=null | op=WRITE_CHUNK {blockData=conID: 3 locID: 102734073356681655 bcsId: 0} | ret=SUCCESS |  
2019-09-04 11:46:01,700 | INFO  | DNAudit | user=null | ip=null | op=WRITE_CHUNK {blockData=conID: 3 locID: 102734073356681655 bcsId: 0} | ret=SUCCESS |  
2019-09-04 11:46:01,711 | INFO  | DNAudit | user=null | ip=null | op=WRITE_CHUNK {blockData=conID: 3 locID: 102734073356681655 bcsId: 0} | ret=SUCCESS |  
2019-09-04 11:46:01,711 | INFO  | DNAudit | user=null | ip=null | op=PUT_BLOCK {blockData=[blockId=conID: 3 locID: 102734073356681655 bcsId: 0,size=1048576]} | ret=SUCCESS |  
2019-09-04 11:46:01,711 [grpc-default-executor-0] INFO  client.GrpcClientProtocolClient (GrpcClientProtocolClient.java:onNext(255)) - client-D5CE890D7D9E->efcb8ff8-f060-4d95-9215-d0f5eb4af037: receive RaftClientReply:client-D5CE890D7D9E->efcb8ff8-f060-4d95-9215-d0f5eb4af037@group-0959F8DF43ED, cid=956, SUCCESS, logIndex=1288, commits[efcb8ff8-f060-4d95-9215-d0f5eb4af037:c1289, 6fae8b02-e804-4c0e-b729-a97b7404b7f6:c1287, 4c3e8a66-6975-4917-8225-d3efe707aaff:c1287]
2019-09-04 11:46:01,712 | INFO  | DNAudit | user=null | ip=null | op=WRITE_CHUNK {blockData=conID: 3 locID: 102734073356681655 bcsId: 0} | ret=SUCCESS |  
2019-09-04 11:46:01,712 [grpc-default-executor-0] INFO  client.GrpcClientProtocolClient (GrpcClientProtocolClient.java:onNext(255)) - client-D5CE890D7D9E->efcb8ff8-f060-4d95-9215-d0f5eb4af037: receive RaftClientReply:client-D5CE890D7D9E->efcb8ff8-f060-4d95-9215-d0f5eb4af037@group-0959F8DF43ED, cid=957, SUCCESS, logIndex=1289, commits[efcb8ff8-f060-4d95-9215-d0f5eb4af037:c1289, 6fae8b02-e804-4c0e-b729-a97b7404b7f6:c1287, 4c3e8a66-6975-4917-8225-d3efe707aaff:c1287]
2019-09-04 11:46:01,712 | INFO  | DNAudit | user=null | ip=null | op=PUT_BLOCK {blockData=[blockId=conID: 3 locID: 102734073356681655 bcsId: 0,size=2097152]} | ret=SUCCESS |  
2019-09-04 11:46:01,712 [grpc-default-executor-1] INFO  client.GrpcClientProtocolClient (GrpcClientProtocolClient.java:onNext(255)) - client-D5CE890D7D9E->efcb8ff8-f060-4d95-9215-d0f5eb4af037: receive RaftClientReply:client-D5CE890D7D9E->efcb8ff8-f060-4d95-9215-d0f5eb4af037@group-0959F8DF43ED, cid=958, SUCCESS, logIndex=1290, commits[efcb8ff8-f060-4d95-9215-d0f5eb4af037:c1290, 6fae8b02-e804-4c0e-b729-a97b7404b7f6:c1287, 4c3e8a66-6975-4917-8225-d3efe707aaff:c1287]
2019-09-04 11:46:01,712 | INFO  | DNAudit | user=null | ip=null | op=WRITE_CHUNK {blockData=conID: 3 locID: 102734073356681655 bcsId: 0} | ret=SUCCESS |  
2019-09-04 11:46:01,713 | INFO  | DNAudit | user=null | ip=null | op=PUT_BLOCK {blockData=[blockId=conID: 3 locID: 102734073356681655 bcsId: 0,size=1048576]} | ret=SUCCESS |  
2019-09-04 11:46:01,713 [grpc-default-executor-1] INFO  client.GrpcClientProtocolClient (GrpcClientProtocolClient.java:onNext(255)) - client-D5CE890D7D9E->efcb8ff8-f060-4d95-9215-d0f5eb4af037: receive RaftClientReply:client-D5CE890D7D9E->efcb8ff8-f060-4d95-9215-d0f5eb4af037@group-0959F8DF43ED, cid=959, SUCCESS, logIndex=1291, commits[efcb8ff8-f060-4d95-9215-d0f5eb4af037:c1291, 6fae8b02-e804-4c0e-b729-a97b7404b7f6:c1287, 4c3e8a66-6975-4917-8225-d3efe707aaff:c1287]
2019-09-04 11:46:01,714 | INFO  | DNAudit | user=null | ip=null | op=WRITE_CHUNK {blockData=conID: 3 locID: 102734073356681655 bcsId: 0} | ret=SUCCESS |  
2019-09-04 11:46:01,714 | INFO  | DNAudit | user=null | ip=null | op=WRITE_CHUNK {blockData=conID: 3 locID: 102734073356681655 bcsId: 0} | ret=SUCCESS |  
2019-09-04 11:46:01,714 | INFO  | DNAudit | user=null | ip=null | op=PUT_BLOCK {blockData=[blockId=conID: 3 locID: 102734073356681655 bcsId: 0,size=2097152]} | ret=SUCCESS |  
2019-09-04 11:46:01,714 | INFO  | DNAudit | user=null | ip=null | op=PUT_BLOCK {blockData=[blockId=conID: 3 locID: 102734073356681655 bcsId: 0,size=1048576]} | ret=SUCCESS |  
2019-09-04 11:46:01,715 | INFO  | DNAudit | user=null | ip=null | op=WRITE_CHUNK {blockData=conID: 3 locID: 102734073356681655 bcsId: 0} | ret=SUCCESS |  
2019-09-04 11:46:01,715 [grpc-default-executor-0] INFO  client.GrpcClientProtocolClient (GrpcClientProtocolClient.java:onNext(255)) - client-D5CE890D7D9E->efcb8ff8-f060-4d95-9215-d0f5eb4af037: receive RaftClientReply:client-D5CE890D7D9E->efcb8ff8-f060-4d95-9215-d0f5eb4af037@group-0959F8DF43ED, cid=960, SUCCESS, logIndex=0, commits[efcb8ff8-f060-4d95-9215-d0f5eb4af037:c1293, 6fae8b02-e804-4c0e-b729-a97b7404b7f6:c1289, 4c3e8a66-6975-4917-8225-d3efe707aaff:c1289]
2019-09-04 11:46:01,716 | INFO  | DNAudit | user=null | ip=null | op=PUT_BLOCK {blockData=[blockId=conID: 3 locID: 102734073356681655 bcsId: 0,size=2097152]} | ret=SUCCESS |  
2019-09-04 11:46:01,817 | INFO  | DNAudit | user=null | ip=null | op=WRITE_CHUNK {blockData=conID: 3 locID: 102734073356681655 bcsId: 1291} | ret=SUCCESS |  
2019-09-04 11:46:01,819 | INFO  | DNAudit | user=null | ip=null | op=WRITE_CHUNK {blockData=conID: 3 locID: 102734073356681655 bcsId: 1291} | ret=SUCCESS |  
2019-09-04 11:46:01,819 | INFO  | DNAudit | user=null | ip=null | op=WRITE_CHUNK {blockData=conID: 3 locID: 102734073356681655 bcsId: 1291} | ret=SUCCESS |  
2019-09-04 11:46:01,830 | INFO  | DNAudit | user=null | ip=null | op=WRITE_CHUNK {blockData=conID: 3 locID: 102734073356681655 bcsId: 1291} | ret=SUCCESS |  
2019-09-04 11:46:01,830 | INFO  | DNAudit | user=null | ip=null | op=PUT_BLOCK {blockData=[blockId=conID: 3 locID: 102734073356681655 bcsId: 0,size=3145728]} | ret=SUCCESS |  
2019-09-04 11:46:01,830 [grpc-default-executor-1] INFO  client.GrpcClientProtocolClient (GrpcClientProtocolClient.java:onNext(255)) - client-D5CE890D7D9E->efcb8ff8-f060-4d95-9215-d0f5eb4af037: receive RaftClientReply:client-D5CE890D7D9E->efcb8ff8-f060-4d95-9215-d0f5eb4af037@group-0959F8DF43ED, cid=961, SUCCESS, logIndex=1296, commits[efcb8ff8-f060-4d95-9215-d0f5eb4af037:c1297, 6fae8b02-e804-4c0e-b729-a97b7404b7f6:c1295, 4c3e8a66-6975-4917-8225-d3efe707aaff:c1295]
2019-09-04 11:46:01,831 [grpc-default-executor-1] INFO  client.GrpcClientProtocolClient (GrpcClientProtocolClient.java:onNext(255)) - client-D5CE890D7D9E->efcb8ff8-f060-4d95-9215-d0f5eb4af037: receive RaftClientReply:client-D5CE890D7D9E->efcb8ff8-f060-4d95-9215-d0f5eb4af037@group-0959F8DF43ED, cid=962, SUCCESS, logIndex=1297, commits[efcb8ff8-f060-4d95-9215-d0f5eb4af037:c1297, 6fae8b02-e804-4c0e-b729-a97b7404b7f6:c1295, 4c3e8a66-6975-4917-8225-d3efe707aaff:c1295]
2019-09-04 11:46:01,837 | INFO  | DNAudit | user=null | ip=null | op=WRITE_CHUNK {blockData=conID: 3 locID: 102734073356681655 bcsId: 1297} | ret=SUCCESS |  
2019-09-04 11:46:01,839 | INFO  | DNAudit | user=null | ip=null | op=WRITE_CHUNK {blockData=conID: 3 locID: 102734073356681655 bcsId: 1297} | ret=SUCCESS |  
2019-09-04 11:46:01,840 | INFO  | DNAudit | user=null | ip=null | op=WRITE_CHUNK {blockData=conID: 3 locID: 102734073356681655 bcsId: 1297} | ret=SUCCESS |  
2019-09-04 11:46:01,852 | INFO  | DNAudit | user=null | ip=null | op=WRITE_CHUNK {blockData=conID: 3 locID: 102734073356681655 bcsId: 1291} | ret=SUCCESS |  
2019-09-04 11:46:01,852 | INFO  | DNAudit | user=null | ip=null | op=WRITE_CHUNK {blockData=conID: 3 locID: 102734073356681655 bcsId: 1291} | ret=SUCCESS |  
2019-09-04 11:46:01,852 | INFO  | DNAudit | user=null | ip=null | op=PUT_BLOCK {blockData=[blockId=conID: 3 locID: 102734073356681655 bcsId: 0,size=3145728]} | ret=SUCCESS |  
2019-09-04 11:46:01,853 | INFO  | DNAudit | user=null | ip=null | op=PUT_BLOCK {blockData=[blockId=conID: 3 locID: 102734073356681655 bcsId: 0,size=3145728]} | ret=SUCCESS |  
2019-09-04 11:46:01,854 | INFO  | DNAudit | user=null | ip=null | op=WRITE_CHUNK {blockData=conID: 3 locID: 102734073356681655 bcsId: 1297} | ret=SUCCESS |  
2019-09-04 11:46:01,854 | INFO  | DNAudit | user=null | ip=null | op=PUT_BLOCK {blockData=[blockId=conID: 3 locID: 102734073356681655 bcsId: 0,size=4194304]} | ret=SUCCESS |  
2019-09-04 11:46:01,854 [grpc-default-executor-1] INFO  client.GrpcClientProtocolClient (GrpcClientProtocolClient.java:onNext(255)) - client-D5CE890D7D9E->efcb8ff8-f060-4d95-9215-d0f5eb4af037: receive RaftClientReply:client-D5CE890D7D9E->efcb8ff8-f060-4d95-9215-d0f5eb4af037@group-0959F8DF43ED, cid=963, SUCCESS, logIndex=1300, commits[efcb8ff8-f060-4d95-9215-d0f5eb4af037:c1301, 6fae8b02-e804-4c0e-b729-a97b7404b7f6:c1297, 4c3e8a66-6975-4917-8225-d3efe707aaff:c1297]
2019-09-04 11:46:01,855 [grpc-default-executor-1] INFO  client.GrpcClientProtocolClient (GrpcClientProtocolClient.java:onNext(255)) - client-D5CE890D7D9E->efcb8ff8-f060-4d95-9215-d0f5eb4af037: receive RaftClientReply:client-D5CE890D7D9E->efcb8ff8-f060-4d95-9215-d0f5eb4af037@group-0959F8DF43ED, cid=964, SUCCESS, logIndex=1301, commits[efcb8ff8-f060-4d95-9215-d0f5eb4af037:c1301, 6fae8b02-e804-4c0e-b729-a97b7404b7f6:c1297, 4c3e8a66-6975-4917-8225-d3efe707aaff:c1297]
2019-09-04 11:46:01,871 | INFO  | DNAudit | user=null | ip=null | op=WRITE_CHUNK {blockData=conID: 3 locID: 102734073356681655 bcsId: 1297} | ret=SUCCESS |  
2019-09-04 11:46:01,871 | INFO  | DNAudit | user=null | ip=null | op=WRITE_CHUNK {blockData=conID: 3 locID: 102734073356681655 bcsId: 1297} | ret=SUCCESS |  
2019-09-04 11:46:01,872 | INFO  | DNAudit | user=null | ip=null | op=PUT_BLOCK {blockData=[blockId=conID: 3 locID: 102734073356681655 bcsId: 0,size=4194304]} | ret=SUCCESS |  
2019-09-04 11:46:01,872 | INFO  | DNAudit | user=null | ip=null | op=PUT_BLOCK {blockData=[blockId=conID: 3 locID: 102734073356681655 bcsId: 0,size=4194304]} | ret=SUCCESS |  
2019-09-04 11:46:01,872 [grpc-default-executor-0] INFO  client.GrpcClientProtocolClient (GrpcClientProtocolClient.java:onNext(255)) - client-D5CE890D7D9E->efcb8ff8-f060-4d95-9215-d0f5eb4af037: receive RaftClientReply:client-D5CE890D7D9E->efcb8ff8-f060-4d95-9215-d0f5eb4af037@group-0959F8DF43ED, cid=965, SUCCESS, logIndex=0, commits[efcb8ff8-f060-4d95-9215-d0f5eb4af037:c1301, 6fae8b02-e804-4c0e-b729-a97b7404b7f6:c1301, 4c3e8a66-6975-4917-8225-d3efe707aaff:c1301]
2019-09-04 11:46:01,879 | INFO  | DNAudit | user=null | ip=null | op=WRITE_CHUNK {blockData=conID: 1 locID: 102734073356681656 bcsId: 0} | ret=SUCCESS |  
2019-09-04 11:46:01,882 | INFO  | DNAudit | user=null | ip=null | op=WRITE_CHUNK {blockData=conID: 1 locID: 102734073356681656 bcsId: 0} | ret=SUCCESS |  
2019-09-04 11:46:01,883 | INFO  | DNAudit | user=null | ip=null | op=WRITE_CHUNK {blockData=conID: 1 locID: 102734073356681656 bcsId: 0} | ret=SUCCESS |  
2019-09-04 11:46:01,884 | INFO  | DNAudit | user=null | ip=null | op=WRITE_CHUNK {blockData=conID: 1 locID: 102734073356681656 bcsId: 0} | ret=SUCCESS |  
2019-09-04 11:46:01,886 | INFO  | DNAudit | user=null | ip=null | op=WRITE_CHUNK {blockData=conID: 1 locID: 102734073356681656 bcsId: 0} | ret=SUCCESS |  
2019-09-04 11:46:01,886 | INFO  | DNAudit | user=null | ip=null | op=WRITE_CHUNK {blockData=conID: 1 locID: 102734073356681656 bcsId: 0} | ret=SUCCESS |  
2019-09-04 11:46:01,894 | INFO  | DNAudit | user=null | ip=null | op=WRITE_CHUNK {blockData=conID: 1 locID: 102734073356681656 bcsId: 0} | ret=SUCCESS |  
2019-09-04 11:46:01,895 | INFO  | DNAudit | user=null | ip=null | op=PUT_BLOCK {blockData=[blockId=conID: 1 locID: 102734073356681656 bcsId: 0,size=1048576]} | ret=SUCCESS |  
2019-09-04 11:46:01,895 [grpc-default-executor-4] INFO  client.GrpcClientProtocolClient (GrpcClientProtocolClient.java:onNext(255)) - client-D5CE890D7D9E->efcb8ff8-f060-4d95-9215-d0f5eb4af037: receive RaftClientReply:client-D5CE890D7D9E->efcb8ff8-f060-4d95-9215-d0f5eb4af037@group-0959F8DF43ED, cid=966, SUCCESS, logIndex=1304, commits[efcb8ff8-f060-4d95-9215-d0f5eb4af037:c1305, 6fae8b02-e804-4c0e-b729-a97b7404b7f6:c1303, 4c3e8a66-6975-4917-8225-d3efe707aaff:c1303]
2019-09-04 11:46:01,895 [grpc-default-executor-4] INFO  client.GrpcClientProtocolClient (GrpcClientProtocolClient.java:onNext(255)) - client-D5CE890D7D9E->efcb8ff8-f060-4d95-9215-d0f5eb4af037: receive RaftClientReply:client-D5CE890D7D9E->efcb8ff8-f060-4d95-9215-d0f5eb4af037@group-0959F8DF43ED, cid=967, SUCCESS, logIndex=1305, commits[efcb8ff8-f060-4d95-9215-d0f5eb4af037:c1305, 6fae8b02-e804-4c0e-b729-a97b7404b7f6:c1303, 4c3e8a66-6975-4917-8225-d3efe707aaff:c1303]
 0.00% |█                                                                                                    |  0/1 Time: 0:00:072019-09-04 11:46:01,911 | INFO  | DNAudit | user=null | ip=null | op=WRITE_CHUNK {blockData=conID: 1 locID: 102734073356681656 bcsId: 0} | ret=SUCCESS |  
2019-09-04 11:46:01,911 | INFO  | DNAudit | user=null | ip=null | op=PUT_BLOCK {blockData=[blockId=conID: 1 locID: 102734073356681656 bcsId: 0,size=2097152]} | ret=SUCCESS |  
2019-09-04 11:46:01,911 [grpc-default-executor-6] INFO  client.GrpcClientProtocolClient (GrpcClientProtocolClient.java:onNext(255)) - client-D5CE890D7D9E->efcb8ff8-f060-4d95-9215-d0f5eb4af037: receive RaftClientReply:client-D5CE890D7D9E->efcb8ff8-f060-4d95-9215-d0f5eb4af037@group-0959F8DF43ED, cid=968, SUCCESS, logIndex=1306, commits[efcb8ff8-f060-4d95-9215-d0f5eb4af037:c1307, 6fae8b02-e804-4c0e-b729-a97b7404b7f6:c1303, 4c3e8a66-6975-4917-8225-d3efe707aaff:c1303]
2019-09-04 11:46:01,911 | INFO  | DNAudit | user=null | ip=null | op=WRITE_CHUNK {blockData=conID: 1 locID: 102734073356681656 bcsId: 0} | ret=SUCCESS |  
2019-09-04 11:46:01,912 | INFO  | DNAudit | user=null | ip=null | op=PUT_BLOCK {blockData=[blockId=conID: 1 locID: 102734073356681656 bcsId: 0,size=1048576]} | ret=SUCCESS |  
2019-09-04 11:46:01,912 [grpc-default-executor-6] INFO  client.GrpcClientProtocolClient (GrpcClientProtocolClient.java:onNext(255)) - client-D5CE890D7D9E->efcb8ff8-f060-4d95-9215-d0f5eb4af037: receive RaftClientReply:client-D5CE890D7D9E->efcb8ff8-f060-4d95-9215-d0f5eb4af037@group-0959F8DF43ED, cid=969, SUCCESS, logIndex=1307, commits[efcb8ff8-f060-4d95-9215-d0f5eb4af037:c1307, 6fae8b02-e804-4c0e-b729-a97b7404b7f6:c1303, 4c3e8a66-6975-4917-8225-d3efe707aaff:c1303]
2019-09-04 11:46:01,931 | INFO  | DNAudit | user=null | ip=null | op=WRITE_CHUNK {blockData=conID: 1 locID: 102734073356681656 bcsId: 0} | ret=SUCCESS |  
2019-09-04 11:46:01,931 | INFO  | DNAudit | user=null | ip=null | op=PUT_BLOCK {blockData=[blockId=conID: 1 locID: 102734073356681656 bcsId: 0,size=2097152]} | ret=SUCCESS |  
2019-09-04 11:46:01,931 | INFO  | DNAudit | user=null | ip=null | op=WRITE_CHUNK {blockData=conID: 1 locID: 102734073356681656 bcsId: 0} | ret=SUCCESS |  
2019-09-04 11:46:01,931 | INFO  | DNAudit | user=null | ip=null | op=PUT_BLOCK {blockData=[blockId=conID: 1 locID: 102734073356681656 bcsId: 0,size=1048576]} | ret=SUCCESS |  
2019-09-04 11:46:01,932 | INFO  | DNAudit | user=null | ip=null | op=WRITE_CHUNK {blockData=conID: 1 locID: 102734073356681656 bcsId: 0} | ret=SUCCESS |  
2019-09-04 11:46:01,932 [grpc-default-executor-6] INFO  client.GrpcClientProtocolClient (GrpcClientProtocolClient.java:onNext(255)) - client-D5CE890D7D9E->efcb8ff8-f060-4d95-9215-d0f5eb4af037: receive RaftClientReply:client-D5CE890D7D9E->efcb8ff8-f060-4d95-9215-d0f5eb4af037@group-0959F8DF43ED, cid=970, SUCCESS, logIndex=0, commits[efcb8ff8-f060-4d95-9215-d0f5eb4af037:c1310, 6fae8b02-e804-4c0e-b729-a97b7404b7f6:c1305, 4c3e8a66-6975-4917-8225-d3efe707aaff:c1307]
2019-09-04 11:46:01,932 | INFO  | DNAudit | user=null | ip=null | op=PUT_BLOCK {blockData=[blockId=conID: 1 locID: 102734073356681656 bcsId: 0,size=2097152]} | ret=SUCCESS |  
2019-09-04 11:46:01,937 | INFO  | DNAudit | user=null | ip=null | op=WRITE_CHUNK {blockData=conID: 1 locID: 102734073356681656 bcsId: 1307} | ret=SUCCESS |  
2019-09-04 11:46:01,940 | INFO  | DNAudit | user=null | ip=null | op=WRITE_CHUNK {blockData=conID: 1 locID: 102734073356681656 bcsId: 1307} | ret=SUCCESS |  
2019-09-04 11:46:01,940 | INFO  | DNAudit | user=null | ip=null | op=WRITE_CHUNK {blockData=conID: 1 locID: 102734073356681656 bcsId: 1307} | ret=SUCCESS |  
2019-09-04 11:46:01,953 | INFO  | DNAudit | user=null | ip=null | op=WRITE_CHUNK {blockData=conID: 1 locID: 102734073356681656 bcsId: 1307} | ret=SUCCESS |  
2019-09-04 11:46:01,953 | INFO  | DNAudit | user=null | ip=null | op=PUT_BLOCK {blockData=[blockId=conID: 1 locID: 102734073356681656 bcsId: 0,size=3145728]} | ret=SUCCESS |  
2019-09-04 11:46:01,953 [grpc-default-executor-6] INFO  client.GrpcClientProtocolClient (GrpcClientProtocolClient.java:onNext(255)) - client-D5CE890D7D9E->efcb8ff8-f060-4d95-9215-d0f5eb4af037: receive RaftClientReply:client-D5CE890D7D9E->efcb8ff8-f060-4d95-9215-d0f5eb4af037@group-0959F8DF43ED, cid=971, SUCCESS, logIndex=1311, commits[efcb8ff8-f060-4d95-9215-d0f5eb4af037:c1312, 6fae8b02-e804-4c0e-b729-a97b7404b7f6:c1310, 4c3e8a66-6975-4917-8225-d3efe707aaff:c1310]
2019-09-04 11:46:01,954 [grpc-default-executor-6] INFO  client.GrpcClientProtocolClient (GrpcClientProtocolClient.java:onNext(255)) - client-D5CE890D7D9E->efcb8ff8-f060-4d95-9215-d0f5eb4af037: receive RaftClientReply:client-D5CE890D7D9E->efcb8ff8-f060-4d95-9215-d0f5eb4af037@group-0959F8DF43ED, cid=972, SUCCESS, logIndex=1312, commits[efcb8ff8-f060-4d95-9215-d0f5eb4af037:c1312, 6fae8b02-e804-4c0e-b729-a97b7404b7f6:c1310, 4c3e8a66-6975-4917-8225-d3efe707aaff:c1310]
2019-09-04 11:46:01,960 | INFO  | DNAudit | user=null | ip=null | op=WRITE_CHUNK {blockData=conID: 1 locID: 102734073356681656 bcsId: 1312} | ret=SUCCESS |  
2019-09-04 11:46:01,961 | INFO  | DNAudit | user=null | ip=null | op=WRITE_CHUNK {blockData=conID: 1 locID: 102734073356681656 bcsId: 1312} | ret=SUCCESS |  
2019-09-04 11:46:01,962 | INFO  | DNAudit | user=null | ip=null | op=WRITE_CHUNK {blockData=conID: 1 locID: 102734073356681656 bcsId: 1312} | ret=SUCCESS |  
2019-09-04 11:46:01,977 | INFO  | DNAudit | user=null | ip=null | op=WRITE_CHUNK {blockData=conID: 1 locID: 102734073356681656 bcsId: 1307} | ret=SUCCESS |  
2019-09-04 11:46:01,977 | INFO  | DNAudit | user=null | ip=null | op=WRITE_CHUNK {blockData=conID: 1 locID: 102734073356681656 bcsId: 1307} | ret=SUCCESS |  
2019-09-04 11:46:01,977 | INFO  | DNAudit | user=null | ip=null | op=PUT_BLOCK {blockData=[blockId=conID: 1 locID: 102734073356681656 bcsId: 0,size=3145728]} | ret=SUCCESS |  
2019-09-04 11:46:01,977 | INFO  | DNAudit | user=null | ip=null | op=PUT_BLOCK {blockData=[blockId=conID: 1 locID: 102734073356681656 bcsId: 0,size=3145728]} | ret=SUCCESS |  
2019-09-04 11:46:01,979 | INFO  | DNAudit | user=null | ip=null | op=WRITE_CHUNK {blockData=conID: 1 locID: 102734073356681656 bcsId: 1312} | ret=SUCCESS |  
2019-09-04 11:46:01,979 | INFO  | DNAudit | user=null | ip=null | op=PUT_BLOCK {blockData=[blockId=conID: 1 locID: 102734073356681656 bcsId: 0,size=4194304]} | ret=SUCCESS |  
2019-09-04 11:46:01,979 [grpc-default-executor-1] INFO  client.GrpcClientProtocolClient (GrpcClientProtocolClient.java:onNext(255)) - client-D5CE890D7D9E->efcb8ff8-f060-4d95-9215-d0f5eb4af037: receive RaftClientReply:client-D5CE890D7D9E->efcb8ff8-f060-4d95-9215-d0f5eb4af037@group-0959F8DF43ED, cid=973, SUCCESS, logIndex=1315, commits[efcb8ff8-f060-4d95-9215-d0f5eb4af037:c1316, 6fae8b02-e804-4c0e-b729-a97b7404b7f6:c1312, 4c3e8a66-6975-4917-8225-d3efe707aaff:c1312]
2019-09-04 11:46:01,980 [grpc-default-executor-1] INFO  client.GrpcClientProtocolClient (GrpcClientProtocolClient.java:onNext(255)) - client-D5CE890D7D9E->efcb8ff8-f060-4d95-9215-d0f5eb4af037: receive RaftClientReply:client-D5CE890D7D9E->efcb8ff8-f060-4d95-9215-d0f5eb4af037@group-0959F8DF43ED, cid=974, SUCCESS, logIndex=1316, commits[efcb8ff8-f060-4d95-9215-d0f5eb4af037:c1316, 6fae8b02-e804-4c0e-b729-a97b7404b7f6:c1312, 4c3e8a66-6975-4917-8225-d3efe707aaff:c1312]
2019-09-04 11:46:01,996 | INFO  | DNAudit | user=null | ip=null | op=WRITE_CHUNK {blockData=conID: 1 locID: 102734073356681656 bcsId: 1312} | ret=SUCCESS |  
2019-09-04 11:46:01,996 | INFO  | DNAudit | user=null | ip=null | op=PUT_BLOCK {blockData=[blockId=conID: 1 locID: 102734073356681656 bcsId: 0,size=4194304]} | ret=SUCCESS |  
2019-09-04 11:46:01,996 | INFO  | DNAudit | user=null | ip=null | op=WRITE_CHUNK {blockData=conID: 1 locID: 102734073356681656 bcsId: 1312} | ret=SUCCESS |  
2019-09-04 11:46:01,996 | INFO  | DNAudit | user=null | ip=null | op=PUT_BLOCK {blockData=[blockId=conID: 1 locID: 102734073356681656 bcsId: 0,size=4194304]} | ret=SUCCESS |  
2019-09-04 11:46:01,997 [grpc-default-executor-6] INFO  client.GrpcClientProtocolClient (GrpcClientProtocolClient.java:onNext(255)) - client-D5CE890D7D9E->efcb8ff8-f060-4d95-9215-d0f5eb4af037: receive RaftClientReply:client-D5CE890D7D9E->efcb8ff8-f060-4d95-9215-d0f5eb4af037@group-0959F8DF43ED, cid=975, SUCCESS, logIndex=0, commits[efcb8ff8-f060-4d95-9215-d0f5eb4af037:c1317, 6fae8b02-e804-4c0e-b729-a97b7404b7f6:c1316, 4c3e8a66-6975-4917-8225-d3efe707aaff:c1316]
2019-09-04 11:46:02,002 | INFO  | DNAudit | user=null | ip=null | op=WRITE_CHUNK {blockData=conID: 2 locID: 102734073356681657 bcsId: 0} | ret=SUCCESS |  
2019-09-04 11:46:02,004 | INFO  | DNAudit | user=null | ip=null | op=WRITE_CHUNK {blockData=conID: 2 locID: 102734073356681657 bcsId: 0} | ret=SUCCESS |  
2019-09-04 11:46:02,005 | INFO  | DNAudit | user=null | ip=null | op=WRITE_CHUNK {blockData=conID: 2 locID: 102734073356681657 bcsId: 0} | ret=SUCCESS |  
2019-09-04 11:46:02,005 | INFO  | DNAudit | user=null | ip=null | op=WRITE_CHUNK {blockData=conID: 2 locID: 102734073356681657 bcsId: 0} | ret=SUCCESS |  
2019-09-04 11:46:02,008 | INFO  | DNAudit | user=null | ip=null | op=WRITE_CHUNK {blockData=conID: 2 locID: 102734073356681657 bcsId: 0} | ret=SUCCESS |  
2019-09-04 11:46:02,008 | INFO  | DNAudit | user=null | ip=null | op=WRITE_CHUNK {blockData=conID: 2 locID: 102734073356681657 bcsId: 0} | ret=SUCCESS |  
2019-09-04 11:46:02,022 | INFO  | DNAudit | user=null | ip=null | op=WRITE_CHUNK {blockData=conID: 2 locID: 102734073356681657 bcsId: 0} | ret=SUCCESS |  
2019-09-04 11:46:02,022 | INFO  | DNAudit | user=null | ip=null | op=PUT_BLOCK {blockData=[blockId=conID: 2 locID: 102734073356681657 bcsId: 0,size=1048576]} | ret=SUCCESS |  
2019-09-04 11:46:02,023 | INFO  | DNAudit | user=null | ip=null | op=WRITE_CHUNK {blockData=conID: 2 locID: 102734073356681657 bcsId: 0} | ret=SUCCESS |  
2019-09-04 11:46:02,023 [grpc-default-executor-6] INFO  client.GrpcClientProtocolClient (GrpcClientProtocolClient.java:onNext(255)) - client-D5CE890D7D9E->efcb8ff8-f060-4d95-9215-d0f5eb4af037: receive RaftClientReply:client-D5CE890D7D9E->efcb8ff8-f060-4d95-9215-d0f5eb4af037@group-0959F8DF43ED, cid=976, SUCCESS, logIndex=1319, commits[efcb8ff8-f060-4d95-9215-d0f5eb4af037:c1320, 6fae8b02-e804-4c0e-b729-a97b7404b7f6:c1318, 4c3e8a66-6975-4917-8225-d3efe707aaff:c1318]
2019-09-04 11:46:02,023 | INFO  | DNAudit | user=null | ip=null | op=PUT_BLOCK {blockData=[blockId=conID: 2 locID: 102734073356681657 bcsId: 0,size=2097152]} | ret=SUCCESS |  
2019-09-04 11:46:02,023 [grpc-default-executor-6] INFO  client.GrpcClientProtocolClient (GrpcClientProtocolClient.java:onNext(255)) - client-D5CE890D7D9E->efcb8ff8-f060-4d95-9215-d0f5eb4af037: receive RaftClientReply:client-D5CE890D7D9E->efcb8ff8-f060-4d95-9215-d0f5eb4af037@group-0959F8DF43ED, cid=977, SUCCESS, logIndex=1320, commits[efcb8ff8-f060-4d95-9215-d0f5eb4af037:c1320, 6fae8b02-e804-4c0e-b729-a97b7404b7f6:c1318, 4c3e8a66-6975-4917-8225-d3efe707aaff:c1318]
2019-09-04 11:46:02,024 [grpc-default-executor-6] INFO  client.GrpcClientProtocolClient (GrpcClientProtocolClient.java:onNext(255)) - client-D5CE890D7D9E->efcb8ff8-f060-4d95-9215-d0f5eb4af037: receive RaftClientReply:client-D5CE890D7D9E->efcb8ff8-f060-4d95-9215-d0f5eb4af037@group-0959F8DF43ED, cid=978, SUCCESS, logIndex=1321, commits[efcb8ff8-f060-4d95-9215-d0f5eb4af037:c1322, 6fae8b02-e804-4c0e-b729-a97b7404b7f6:c1318, 4c3e8a66-6975-4917-8225-d3efe707aaff:c1318]
2019-09-04 11:46:02,024 | INFO  | DNAudit | user=null | ip=null | op=WRITE_CHUNK {blockData=conID: 2 locID: 102734073356681657 bcsId: 0} | ret=SUCCESS |  
2019-09-04 11:46:02,024 | INFO  | DNAudit | user=null | ip=null | op=PUT_BLOCK {blockData=[blockId=conID: 2 locID: 102734073356681657 bcsId: 0,size=1048576]} | ret=SUCCESS |  
2019-09-04 11:46:02,024 [grpc-default-executor-1] INFO  client.GrpcClientProtocolClient (GrpcClientProtocolClient.java:onNext(255)) - client-D5CE890D7D9E->efcb8ff8-f060-4d95-9215-d0f5eb4af037: receive RaftClientReply:client-D5CE890D7D9E->efcb8ff8-f060-4d95-9215-d0f5eb4af037@group-0959F8DF43ED, cid=979, SUCCESS, logIndex=1322, commits[efcb8ff8-f060-4d95-9215-d0f5eb4af037:c1322, 6fae8b02-e804-4c0e-b729-a97b7404b7f6:c1318, 4c3e8a66-6975-4917-8225-d3efe707aaff:c1318]
2019-09-04 11:46:02,025 | INFO  | DNAudit | user=null | ip=null | op=WRITE_CHUNK {blockData=conID: 2 locID: 102734073356681657 bcsId: 0} | ret=SUCCESS |  
2019-09-04 11:46:02,025 | INFO  | DNAudit | user=null | ip=null | op=PUT_BLOCK {blockData=[blockId=conID: 2 locID: 102734073356681657 bcsId: 0,size=1048576]} | ret=SUCCESS |  
2019-09-04 11:46:02,025 | INFO  | DNAudit | user=null | ip=null | op=WRITE_CHUNK {blockData=conID: 2 locID: 102734073356681657 bcsId: 0} | ret=SUCCESS |  
2019-09-04 11:46:02,025 | INFO  | DNAudit | user=null | ip=null | op=WRITE_CHUNK {blockData=conID: 2 locID: 102734073356681657 bcsId: 0} | ret=SUCCESS |  
2019-09-04 11:46:02,025 [grpc-default-executor-1] INFO  client.GrpcClientProtocolClient (GrpcClientProtocolClient.java:onNext(255)) - client-D5CE890D7D9E->efcb8ff8-f060-4d95-9215-d0f5eb4af037: receive RaftClientReply:client-D5CE890D7D9E->efcb8ff8-f060-4d95-9215-d0f5eb4af037@group-0959F8DF43ED, cid=980, SUCCESS, logIndex=0, commits[efcb8ff8-f060-4d95-9215-d0f5eb4af037:c1325, 6fae8b02-e804-4c0e-b729-a97b7404b7f6:c1321, 4c3e8a66-6975-4917-8225-d3efe707aaff:c1320]
2019-09-04 11:46:02,026 | INFO  | DNAudit | user=null | ip=null | op=PUT_BLOCK {blockData=[blockId=conID: 2 locID: 102734073356681657 bcsId: 0,size=2097152]} | ret=SUCCESS |  
2019-09-04 11:46:02,026 | INFO  | DNAudit | user=null | ip=null | op=PUT_BLOCK {blockData=[blockId=conID: 2 locID: 102734073356681657 bcsId: 0,size=2097152]} | ret=SUCCESS |  
2019-09-04 11:46:02,031 | INFO  | DNAudit | user=null | ip=null | op=WRITE_CHUNK {blockData=conID: 2 locID: 102734073356681657 bcsId: 1322} | ret=SUCCESS |  
2019-09-04 11:46:02,033 | INFO  | DNAudit | user=null | ip=null | op=WRITE_CHUNK {blockData=conID: 2 locID: 102734073356681657 bcsId: 1322} | ret=SUCCESS |  
2019-09-04 11:46:02,034 | INFO  | DNAudit | user=null | ip=null | op=WRITE_CHUNK {blockData=conID: 2 locID: 102734073356681657 bcsId: 1322} | ret=SUCCESS |  
2019-09-04 11:46:02,054 | INFO  | DNAudit | user=null | ip=null | op=WRITE_CHUNK {blockData=conID: 2 locID: 102734073356681657 bcsId: 1322} | ret=SUCCESS |  
2019-09-04 11:46:02,054 | INFO  | DNAudit | user=null | ip=null | op=PUT_BLOCK {blockData=[blockId=conID: 2 locID: 102734073356681657 bcsId: 0,size=3145728]} | ret=SUCCESS |  
2019-09-04 11:46:02,054 [grpc-default-executor-4] INFO  client.GrpcClientProtocolClient (GrpcClientProtocolClient.java:onNext(255)) - client-D5CE890D7D9E->efcb8ff8-f060-4d95-9215-d0f5eb4af037: receive RaftClientReply:client-D5CE890D7D9E->efcb8ff8-f060-4d95-9215-d0f5eb4af037@group-0959F8DF43ED, cid=981, SUCCESS, logIndex=1327, commits[efcb8ff8-f060-4d95-9215-d0f5eb4af037:c1328, 6fae8b02-e804-4c0e-b729-a97b7404b7f6:c1326, 4c3e8a66-6975-4917-8225-d3efe707aaff:c1326]
2019-09-04 11:46:02,055 [grpc-default-executor-4] INFO  client.GrpcClientProtocolClient (GrpcClientProtocolClient.java:onNext(255)) - client-D5CE890D7D9E->efcb8ff8-f060-4d95-9215-d0f5eb4af037: receive RaftClientReply:client-D5CE890D7D9E->efcb8ff8-f060-4d95-9215-d0f5eb4af037@group-0959F8DF43ED, cid=982, SUCCESS, logIndex=1328, commits[efcb8ff8-f060-4d95-9215-d0f5eb4af037:c1328, 6fae8b02-e804-4c0e-b729-a97b7404b7f6:c1326, 4c3e8a66-6975-4917-8225-d3efe707aaff:c1326]
2019-09-04 11:46:02,063 | INFO  | DNAudit | user=null | ip=null | op=WRITE_CHUNK {blockData=conID: 2 locID: 102734073356681657 bcsId: 1328} | ret=SUCCESS |  
2019-09-04 11:46:02,065 | INFO  | DNAudit | user=null | ip=null | op=WRITE_CHUNK {blockData=conID: 2 locID: 102734073356681657 bcsId: 1328} | ret=SUCCESS |  
2019-09-04 11:46:02,066 | INFO  | DNAudit | user=null | ip=null | op=WRITE_CHUNK {blockData=conID: 2 locID: 102734073356681657 bcsId: 1328} | ret=SUCCESS |  
2019-09-04 11:46:02,073 | INFO  | DNAudit | user=null | ip=null | op=WRITE_CHUNK {blockData=conID: 2 locID: 102734073356681657 bcsId: 1322} | ret=SUCCESS |  
2019-09-04 11:46:02,073 | INFO  | DNAudit | user=null | ip=null | op=WRITE_CHUNK {blockData=conID: 2 locID: 102734073356681657 bcsId: 1322} | ret=SUCCESS |  
2019-09-04 11:46:02,074 | INFO  | DNAudit | user=null | ip=null | op=PUT_BLOCK {blockData=[blockId=conID: 2 locID: 102734073356681657 bcsId: 0,size=3145728]} | ret=SUCCESS |  
2019-09-04 11:46:02,074 | INFO  | DNAudit | user=null | ip=null | op=PUT_BLOCK {blockData=[blockId=conID: 2 locID: 102734073356681657 bcsId: 0,size=3145728]} | ret=SUCCESS |  
2019-09-04 11:46:02,075 | INFO  | DNAudit | user=null | ip=null | op=WRITE_CHUNK {blockData=conID: 2 locID: 102734073356681657 bcsId: 1328} | ret=SUCCESS |  
2019-09-04 11:46:02,075 | INFO  | DNAudit | user=null | ip=null | op=PUT_BLOCK {blockData=[blockId=conID: 2 locID: 102734073356681657 bcsId: 0,size=4194304]} | ret=SUCCESS |  
2019-09-04 11:46:02,075 [grpc-default-executor-1] INFO  client.GrpcClientProtocolClient (GrpcClientProtocolClient.java:onNext(255)) - client-D5CE890D7D9E->efcb8ff8-f060-4d95-9215-d0f5eb4af037: receive RaftClientReply:client-D5CE890D7D9E->efcb8ff8-f060-4d95-9215-d0f5eb4af037@group-0959F8DF43ED, cid=983, SUCCESS, logIndex=1331, commits[efcb8ff8-f060-4d95-9215-d0f5eb4af037:c1332, 6fae8b02-e804-4c0e-b729-a97b7404b7f6:c1328, 4c3e8a66-6975-4917-8225-d3efe707aaff:c1328]
2019-09-04 11:46:02,076 [grpc-default-executor-1] INFO  client.GrpcClientProtocolClient (GrpcClientProtocolClient.java:onNext(255)) - client-D5CE890D7D9E->efcb8ff8-f060-4d95-9215-d0f5eb4af037: receive RaftClientReply:client-D5CE890D7D9E->efcb8ff8-f060-4d95-9215-d0f5eb4af037@group-0959F8DF43ED, cid=984, SUCCESS, logIndex=1332, commits[efcb8ff8-f060-4d95-9215-d0f5eb4af037:c1332, 6fae8b02-e804-4c0e-b729-a97b7404b7f6:c1328, 4c3e8a66-6975-4917-8225-d3efe707aaff:c1328]
2019-09-04 11:46:02,083 | INFO  | SCMAudit | user=jenkins1000 | ip=192.168.36.67 | op=SEND_HEARTBEAT {datanodeUUID=b68b188c-7f38-42ae-8403-46a39acd0731, command=[]} | ret=SUCCESS |  
2019-09-04 11:46:02,104 | INFO  | DNAudit | user=null | ip=null | op=WRITE_CHUNK {blockData=conID: 2 locID: 102734073356681657 bcsId: 1328} | ret=SUCCESS |  
2019-09-04 11:46:02,104 | INFO  | DNAudit | user=null | ip=null | op=WRITE_CHUNK {blockData=conID: 2 locID: 102734073356681657 bcsId: 1328} | ret=SUCCESS |  
2019-09-04 11:46:02,105 | INFO  | DNAudit | user=null | ip=null | op=PUT_BLOCK {blockData=[blockId=conID: 2 locID: 102734073356681657 bcsId: 0,size=4194304]} | ret=SUCCESS |  
2019-09-04 11:46:02,105 | INFO  | DNAudit | user=null | ip=null | op=PUT_BLOCK {blockData=[blockId=conID: 2 locID: 102734073356681657 bcsId: 0,size=4194304]} | ret=SUCCESS |  
2019-09-04 11:46:02,106 [grpc-default-executor-1] INFO  client.GrpcClientProtocolClient (GrpcClientProtocolClient.java:onNext(255)) - client-D5CE890D7D9E->efcb8ff8-f060-4d95-9215-d0f5eb4af037: receive RaftClientReply:client-D5CE890D7D9E->efcb8ff8-f060-4d95-9215-d0f5eb4af037@group-0959F8DF43ED, cid=985, SUCCESS, logIndex=0, commits[efcb8ff8-f060-4d95-9215-d0f5eb4af037:c1334, 6fae8b02-e804-4c0e-b729-a97b7404b7f6:c1332, 4c3e8a66-6975-4917-8225-d3efe707aaff:c1332]
2019-09-04 11:46:02,112 | INFO  | DNAudit | user=null | ip=null | op=WRITE_CHUNK {blockData=conID: 3 locID: 102734073356681658 bcsId: 0} | ret=SUCCESS |  
2019-09-04 11:46:02,115 | INFO  | DNAudit | user=null | ip=null | op=WRITE_CHUNK {blockData=conID: 3 locID: 102734073356681658 bcsId: 0} | ret=SUCCESS |  
2019-09-04 11:46:02,116 | INFO  | DNAudit | user=null | ip=null | op=WRITE_CHUNK {blockData=conID: 3 locID: 102734073356681658 bcsId: 0} | ret=SUCCESS |  
2019-09-04 11:46:02,116 | INFO  | DNAudit | user=null | ip=null | op=WRITE_CHUNK {blockData=conID: 3 locID: 102734073356681658 bcsId: 0} | ret=SUCCESS |  
2019-09-04 11:46:02,118 | INFO  | DNAudit | user=null | ip=null | op=WRITE_CHUNK {blockData=conID: 3 locID: 102734073356681658 bcsId: 0} | ret=SUCCESS |  
2019-09-04 11:46:02,118 | INFO  | DNAudit | user=null | ip=null | op=WRITE_CHUNK {blockData=conID: 3 locID: 102734073356681658 bcsId: 0} | ret=SUCCESS |  
2019-09-04 11:46:02,125 | INFO  | DNAudit | user=null | ip=null | op=WRITE_CHUNK {blockData=conID: 3 locID: 102734073356681658 bcsId: 0} | ret=SUCCESS |  
2019-09-04 11:46:02,126 | INFO  | DNAudit | user=null | ip=null | op=PUT_BLOCK {blockData=[blockId=conID: 3 locID: 102734073356681658 bcsId: 0,size=1048576]} | ret=SUCCESS |  
2019-09-04 11:46:02,126 | INFO  | DNAudit | user=null | ip=null | op=WRITE_CHUNK {blockData=conID: 3 locID: 102734073356681658 bcsId: 0} | ret=SUCCESS |  
2019-09-04 11:46:02,126 [grpc-default-executor-4] INFO  client.GrpcClientProtocolClient (GrpcClientProtocolClient.java:onNext(255)) - client-D5CE890D7D9E->efcb8ff8-f060-4d95-9215-d0f5eb4af037: receive RaftClientReply:client-D5CE890D7D9E->efcb8ff8-f060-4d95-9215-d0f5eb4af037@group-0959F8DF43ED, cid=986, SUCCESS, logIndex=1335, commits[efcb8ff8-f060-4d95-9215-d0f5eb4af037:c1336, 6fae8b02-e804-4c0e-b729-a97b7404b7f6:c1334, 4c3e8a66-6975-4917-8225-d3efe707aaff:c1334]
2019-09-04 11:46:02,127 | INFO  | DNAudit | user=null | ip=null | op=PUT_BLOCK {blockData=[blockId=conID: 3 locID: 102734073356681658 bcsId: 0,size=2097152]} | ret=SUCCESS |  
2019-09-04 11:46:02,127 [grpc-default-executor-4] INFO  client.GrpcClientProtocolClient (GrpcClientProtocolClient.java:onNext(255)) - client-D5CE890D7D9E->efcb8ff8-f060-4d95-9215-d0f5eb4af037: receive RaftClientReply:client-D5CE890D7D9E->efcb8ff8-f060-4d95-9215-d0f5eb4af037@group-0959F8DF43ED, cid=987, SUCCESS, logIndex=1336, commits[efcb8ff8-f060-4d95-9215-d0f5eb4af037:c1338, 6fae8b02-e804-4c0e-b729-a97b7404b7f6:c1334, 4c3e8a66-6975-4917-8225-d3efe707aaff:c1334]
2019-09-04 11:46:02,127 | INFO  | DNAudit | user=null | ip=null | op=WRITE_CHUNK {blockData=conID: 3 locID: 102734073356681658 bcsId: 0} | ret=SUCCESS |  
2019-09-04 11:46:02,127 [grpc-default-executor-4] INFO  client.GrpcClientProtocolClient (GrpcClientProtocolClient.java:onNext(255)) - client-D5CE890D7D9E->efcb8ff8-f060-4d95-9215-d0f5eb4af037: receive RaftClientReply:client-D5CE890D7D9E->efcb8ff8-f060-4d95-9215-d0f5eb4af037@group-0959F8DF43ED, cid=988, SUCCESS, logIndex=1337, commits[efcb8ff8-f060-4d95-9215-d0f5eb4af037:c1338, 6fae8b02-e804-4c0e-b729-a97b7404b7f6:c1334, 4c3e8a66-6975-4917-8225-d3efe707aaff:c1334]
2019-09-04 11:46:02,127 | INFO  | DNAudit | user=null | ip=null | op=PUT_BLOCK {blockData=[blockId=conID: 3 locID: 102734073356681658 bcsId: 0,size=1048576]} | ret=SUCCESS |  
2019-09-04 11:46:02,127 [grpc-default-executor-4] INFO  client.GrpcClientProtocolClient (GrpcClientProtocolClient.java:onNext(255)) - client-D5CE890D7D9E->efcb8ff8-f060-4d95-9215-d0f5eb4af037: receive RaftClientReply:client-D5CE890D7D9E->efcb8ff8-f060-4d95-9215-d0f5eb4af037@group-0959F8DF43ED, cid=989, SUCCESS, logIndex=1338, commits[efcb8ff8-f060-4d95-9215-d0f5eb4af037:c1338, 6fae8b02-e804-4c0e-b729-a97b7404b7f6:c1334, 4c3e8a66-6975-4917-8225-d3efe707aaff:c1334]
2019-09-04 11:46:02,128 | INFO  | DNAudit | user=null | ip=null | op=WRITE_CHUNK {blockData=conID: 3 locID: 102734073356681658 bcsId: 0} | ret=SUCCESS |  
2019-09-04 11:46:02,128 | INFO  | DNAudit | user=null | ip=null | op=PUT_BLOCK {blockData=[blockId=conID: 3 locID: 102734073356681658 bcsId: 0,size=1048576]} | ret=SUCCESS |  
2019-09-04 11:46:02,128 | INFO  | DNAudit | user=null | ip=null | op=WRITE_CHUNK {blockData=conID: 3 locID: 102734073356681658 bcsId: 0} | ret=SUCCESS |  
2019-09-04 11:46:02,128 | INFO  | DNAudit | user=null | ip=null | op=PUT_BLOCK {blockData=[blockId=conID: 3 locID: 102734073356681658 bcsId: 0,size=2097152]} | ret=SUCCESS |  
2019-09-04 11:46:02,128 [grpc-default-executor-4] INFO  client.GrpcClientProtocolClient (GrpcClientProtocolClient.java:onNext(255)) - client-D5CE890D7D9E->efcb8ff8-f060-4d95-9215-d0f5eb4af037: receive RaftClientReply:client-D5CE890D7D9E->efcb8ff8-f060-4d95-9215-d0f5eb4af037@group-0959F8DF43ED, cid=990, SUCCESS, logIndex=0, commits[efcb8ff8-f060-4d95-9215-d0f5eb4af037:c1341, 6fae8b02-e804-4c0e-b729-a97b7404b7f6:c1338, 4c3e8a66-6975-4917-8225-d3efe707aaff:c1336]
2019-09-04 11:46:02,129 | INFO  | DNAudit | user=null | ip=null | op=WRITE_CHUNK {blockData=conID: 3 locID: 102734073356681658 bcsId: 0} | ret=SUCCESS |  
2019-09-04 11:46:02,129 | INFO  | DNAudit | user=null | ip=null | op=PUT_BLOCK {blockData=[blockId=conID: 3 locID: 102734073356681658 bcsId: 0,size=2097152]} | ret=SUCCESS |  
2019-09-04 11:46:02,135 | INFO  | DNAudit | user=null | ip=null | op=WRITE_CHUNK {blockData=conID: 3 locID: 102734073356681658 bcsId: 1338} | ret=SUCCESS |  
2019-09-04 11:46:02,137 | INFO  | DNAudit | user=null | ip=null | op=WRITE_CHUNK {blockData=conID: 3 locID: 102734073356681658 bcsId: 1338} | ret=SUCCESS |  
2019-09-04 11:46:02,137 | INFO  | DNAudit | user=null | ip=null | op=WRITE_CHUNK {blockData=conID: 3 locID: 102734073356681658 bcsId: 1338} | ret=SUCCESS |  
2019-09-04 11:46:02,156 | INFO  | DNAudit | user=null | ip=null | op=WRITE_CHUNK {blockData=conID: 3 locID: 102734073356681658 bcsId: 1338} | ret=SUCCESS |  
2019-09-04 11:46:02,156 | INFO  | DNAudit | user=null | ip=null | op=PUT_BLOCK {blockData=[blockId=conID: 3 locID: 102734073356681658 bcsId: 0,size=3145728]} | ret=SUCCESS |  
2019-09-04 11:46:02,157 [grpc-default-executor-6] INFO  client.GrpcClientProtocolClient (GrpcClientProtocolClient.java:onNext(255)) - client-D5CE890D7D9E->efcb8ff8-f060-4d95-9215-d0f5eb4af037: receive RaftClientReply:client-D5CE890D7D9E->efcb8ff8-f060-4d95-9215-d0f5eb4af037@group-0959F8DF43ED, cid=991, SUCCESS, logIndex=1343, commits[efcb8ff8-f060-4d95-9215-d0f5eb4af037:c1344, 6fae8b02-e804-4c0e-b729-a97b7404b7f6:c1342, 4c3e8a66-6975-4917-8225-d3efe707aaff:c1342]
2019-09-04 11:46:02,157 [grpc-default-executor-6] INFO  client.GrpcClientProtocolClient (GrpcClientProtocolClient.java:onNext(255)) - client-D5CE890D7D9E->efcb8ff8-f060-4d95-9215-d0f5eb4af037: receive RaftClientReply:client-D5CE890D7D9E->efcb8ff8-f060-4d95-9215-d0f5eb4af037@group-0959F8DF43ED, cid=992, SUCCESS, logIndex=1344, commits[efcb8ff8-f060-4d95-9215-d0f5eb4af037:c1344, 6fae8b02-e804-4c0e-b729-a97b7404b7f6:c1342, 4c3e8a66-6975-4917-8225-d3efe707aaff:c1342]
2019-09-04 11:46:02,163 | INFO  | DNAudit | user=null | ip=null | op=WRITE_CHUNK {blockData=conID: 3 locID: 102734073356681658 bcsId: 1344} | ret=SUCCESS |  
2019-09-04 11:46:02,165 | INFO  | DNAudit | user=null | ip=null | op=WRITE_CHUNK {blockData=conID: 3 locID: 102734073356681658 bcsId: 1344} | ret=SUCCESS |  
2019-09-04 11:46:02,165 | INFO  | DNAudit | user=null | ip=null | op=WRITE_CHUNK {blockData=conID: 3 locID: 102734073356681658 bcsId: 1344} | ret=SUCCESS |  
2019-09-04 11:46:02,174 | INFO  | DNAudit | user=null | ip=null | op=WRITE_CHUNK {blockData=conID: 3 locID: 102734073356681658 bcsId: 1338} | ret=SUCCESS |  
2019-09-04 11:46:02,174 | INFO  | DNAudit | user=null | ip=null | op=WRITE_CHUNK {blockData=conID: 3 locID: 102734073356681658 bcsId: 1338} | ret=SUCCESS |  
2019-09-04 11:46:02,174 | INFO  | DNAudit | user=null | ip=null | op=PUT_BLOCK {blockData=[blockId=conID: 3 locID: 102734073356681658 bcsId: 0,size=3145728]} | ret=SUCCESS |  
2019-09-04 11:46:02,174 | INFO  | DNAudit | user=null | ip=null | op=PUT_BLOCK {blockData=[blockId=conID: 3 locID: 102734073356681658 bcsId: 0,size=3145728]} | ret=SUCCESS |  
2019-09-04 11:46:02,175 | INFO  | DNAudit | user=null | ip=null | op=WRITE_CHUNK {blockData=conID: 3 locID: 102734073356681658 bcsId: 1344} | ret=SUCCESS |  
2019-09-04 11:46:02,176 | INFO  | DNAudit | user=null | ip=null | op=PUT_BLOCK {blockData=[blockId=conID: 3 locID: 102734073356681658 bcsId: 0,size=4194304]} | ret=SUCCESS |  
2019-09-04 11:46:02,176 [grpc-default-executor-1] INFO  client.GrpcClientProtocolClient (GrpcClientProtocolClient.java:onNext(255)) - client-D5CE890D7D9E->efcb8ff8-f060-4d95-9215-d0f5eb4af037: receive RaftClientReply:client-D5CE890D7D9E->efcb8ff8-f060-4d95-9215-d0f5eb4af037@group-0959F8DF43ED, cid=993, SUCCESS, logIndex=1347, commits[efcb8ff8-f060-4d95-9215-d0f5eb4af037:c1348, 6fae8b02-e804-4c0e-b729-a97b7404b7f6:c1344, 4c3e8a66-6975-4917-8225-d3efe707aaff:c1344]
2019-09-04 11:46:02,177 [grpc-default-executor-1] INFO  client.GrpcClientProtocolClient (GrpcClientProtocolClient.java:onNext(255)) - client-D5CE890D7D9E->efcb8ff8-f060-4d95-9215-d0f5eb4af037: receive RaftClientReply:client-D5CE890D7D9E->efcb8ff8-f060-4d95-9215-d0f5eb4af037@group-0959F8DF43ED, cid=994, SUCCESS, logIndex=1348, commits[efcb8ff8-f060-4d95-9215-d0f5eb4af037:c1348, 6fae8b02-e804-4c0e-b729-a97b7404b7f6:c1344, 4c3e8a66-6975-4917-8225-d3efe707aaff:c1344]
2019-09-04 11:46:02,192 | INFO  | DNAudit | user=null | ip=null | op=WRITE_CHUNK {blockData=conID: 3 locID: 102734073356681658 bcsId: 1344} | ret=SUCCESS |  
2019-09-04 11:46:02,192 | INFO  | DNAudit | user=null | ip=null | op=WRITE_CHUNK {blockData=conID: 3 locID: 102734073356681658 bcsId: 1344} | ret=SUCCESS |  
2019-09-04 11:46:02,193 | INFO  | DNAudit | user=null | ip=null | op=PUT_BLOCK {blockData=[blockId=conID: 3 locID: 102734073356681658 bcsId: 0,size=4194304]} | ret=SUCCESS |  
2019-09-04 11:46:02,193 | INFO  | DNAudit | user=null | ip=null | op=PUT_BLOCK {blockData=[blockId=conID: 3 locID: 102734073356681658 bcsId: 0,size=4194304]} | ret=SUCCESS |  
2019-09-04 11:46:02,193 [grpc-default-executor-6] INFO  client.GrpcClientProtocolClient (GrpcClientProtocolClient.java:onNext(255)) - client-D5CE890D7D9E->efcb8ff8-f060-4d95-9215-d0f5eb4af037: receive RaftClientReply:client-D5CE890D7D9E->efcb8ff8-f060-4d95-9215-d0f5eb4af037@group-0959F8DF43ED, cid=995, SUCCESS, logIndex=0, commits[efcb8ff8-f060-4d95-9215-d0f5eb4af037:c1348, 6fae8b02-e804-4c0e-b729-a97b7404b7f6:c1348, 4c3e8a66-6975-4917-8225-d3efe707aaff:c1348]
2019-09-04 11:46:02,199 | INFO  | DNAudit | user=null | ip=null | op=WRITE_CHUNK {blockData=conID: 1 locID: 102734073356747195 bcsId: 0} | ret=SUCCESS |  
2019-09-04 11:46:02,202 | INFO  | DNAudit | user=null | ip=null | op=WRITE_CHUNK {blockData=conID: 1 locID: 102734073356747195 bcsId: 0} | ret=SUCCESS |  
2019-09-04 11:46:02,203 | INFO  | DNAudit | user=null | ip=null | op=WRITE_CHUNK {blockData=conID: 1 locID: 102734073356747195 bcsId: 0} | ret=SUCCESS |  
2019-09-04 11:46:02,203 | INFO  | DNAudit | user=null | ip=null | op=WRITE_CHUNK {blockData=conID: 1 locID: 102734073356747195 bcsId: 0} | ret=SUCCESS |  
2019-09-04 11:46:02,205 | INFO  | DNAudit | user=null | ip=null | op=WRITE_CHUNK {blockData=conID: 1 locID: 102734073356747195 bcsId: 0} | ret=SUCCESS |  
2019-09-04 11:46:02,205 | INFO  | DNAudit | user=null | ip=null | op=WRITE_CHUNK {blockData=conID: 1 locID: 102734073356747195 bcsId: 0} | ret=SUCCESS |  
2019-09-04 11:46:02,215 | INFO  | DNAudit | user=null | ip=null | op=WRITE_CHUNK {blockData=conID: 1 locID: 102734073356747195 bcsId: 0} | ret=SUCCESS |  
2019-09-04 11:46:02,215 | INFO  | DNAudit | user=null | ip=null | op=PUT_BLOCK {blockData=[blockId=conID: 1 locID: 102734073356747195 bcsId: 0,size=1048576]} | ret=SUCCESS |  
2019-09-04 11:46:02,215 | INFO  | DNAudit | user=null | ip=null | op=WRITE_CHUNK {blockData=conID: 1 locID: 102734073356747195 bcsId: 0} | ret=SUCCESS |  
2019-09-04 11:46:02,216 | INFO  | DNAudit | user=null | ip=null | op=PUT_BLOCK {blockData=[blockId=conID: 1 locID: 102734073356747195 bcsId: 0,size=2097152]} | ret=SUCCESS |  
2019-09-04 11:46:02,215 [grpc-default-executor-0] INFO  client.GrpcClientProtocolClient (GrpcClientProtocolClient.java:onNext(255)) - client-D5CE890D7D9E->efcb8ff8-f060-4d95-9215-d0f5eb4af037: receive RaftClientReply:client-D5CE890D7D9E->efcb8ff8-f060-4d95-9215-d0f5eb4af037@group-0959F8DF43ED, cid=996, SUCCESS, logIndex=1351, commits[efcb8ff8-f060-4d95-9215-d0f5eb4af037:c1353, 6fae8b02-e804-4c0e-b729-a97b7404b7f6:c1350, 4c3e8a66-6975-4917-8225-d3efe707aaff:c1350]
2019-09-04 11:46:02,216 | INFO  | DNAudit | user=null | ip=null | op=WRITE_CHUNK {blockData=conID: 1 locID: 102734073356747195 bcsId: 0} | ret=SUCCESS |  
2019-09-04 11:46:02,216 | INFO  | DNAudit | user=null | ip=null | op=WRITE_CHUNK {blockData=conID: 1 locID: 102734073356747195 bcsId: 0} | ret=SUCCESS |  
2019-09-04 11:46:02,216 [grpc-default-executor-0] INFO  client.GrpcClientProtocolClient (GrpcClientProtocolClient.java:onNext(255)) - client-D5CE890D7D9E->efcb8ff8-f060-4d95-9215-d0f5eb4af037: receive RaftClientReply:client-D5CE890D7D9E->efcb8ff8-f060-4d95-9215-d0f5eb4af037@group-0959F8DF43ED, cid=997, SUCCESS, logIndex=1352, commits[efcb8ff8-f060-4d95-9215-d0f5eb4af037:c1354, 6fae8b02-e804-4c0e-b729-a97b7404b7f6:c1350, 4c3e8a66-6975-4917-8225-d3efe707aaff:c1350]
2019-09-04 11:46:02,217 | INFO  | DNAudit | user=null | ip=null | op=PUT_BLOCK {blockData=[blockId=conID: 1 locID: 102734073356747195 bcsId: 0,size=1048576]} | ret=SUCCESS |  
2019-09-04 11:46:02,217 [grpc-default-executor-0] INFO  client.GrpcClientProtocolClient (GrpcClientProtocolClient.java:onNext(255)) - client-D5CE890D7D9E->efcb8ff8-f060-4d95-9215-d0f5eb4af037: receive RaftClientReply:client-D5CE890D7D9E->efcb8ff8-f060-4d95-9215-d0f5eb4af037@group-0959F8DF43ED, cid=998, SUCCESS, logIndex=1353, commits[efcb8ff8-f060-4d95-9215-d0f5eb4af037:c1354, 6fae8b02-e804-4c0e-b729-a97b7404b7f6:c1350, 4c3e8a66-6975-4917-8225-d3efe707aaff:c1350]
2019-09-04 11:46:02,217 | INFO  | DNAudit | user=null | ip=null | op=WRITE_CHUNK {blockData=conID: 1 locID: 102734073356747195 bcsId: 0} | ret=SUCCESS |  
2019-09-04 11:46:02,217 [grpc-default-executor-0] INFO  client.GrpcClientProtocolClient (GrpcClientProtocolClient.java:onNext(255)) - client-D5CE890D7D9E->efcb8ff8-f060-4d95-9215-d0f5eb4af037: receive RaftClientReply:client-D5CE890D7D9E->efcb8ff8-f060-4d95-9215-d0f5eb4af037@group-0959F8DF43ED, cid=999, SUCCESS, logIndex=1354, commits[efcb8ff8-f060-4d95-9215-d0f5eb4af037:c1354, 6fae8b02-e804-4c0e-b729-a97b7404b7f6:c1350, 4c3e8a66-6975-4917-8225-d3efe707aaff:c1350]
2019-09-04 11:46:02,217 | INFO  | DNAudit | user=null | ip=null | op=PUT_BLOCK {blockData=[blockId=conID: 1 locID: 102734073356747195 bcsId: 0,size=1048576]} | ret=SUCCESS |  
2019-09-04 11:46:02,217 | INFO  | DNAudit | user=null | ip=null | op=WRITE_CHUNK {blockData=conID: 1 locID: 102734073356747195 bcsId: 0} | ret=SUCCESS |  
2019-09-04 11:46:02,217 | INFO  | DNAudit | user=null | ip=null | op=PUT_BLOCK {blockData=[blockId=conID: 1 locID: 102734073356747195 bcsId: 0,size=2097152]} | ret=SUCCESS |  
2019-09-04 11:46:02,218 | INFO  | DNAudit | user=null | ip=null | op=PUT_BLOCK {blockData=[blockId=conID: 1 locID: 102734073356747195 bcsId: 0,size=2097152]} | ret=SUCCESS |  
2019-09-04 11:46:02,218 [grpc-default-executor-0] INFO  client.GrpcClientProtocolClient (GrpcClientProtocolClient.java:onNext(255)) - client-D5CE890D7D9E->efcb8ff8-f060-4d95-9215-d0f5eb4af037: receive RaftClientReply:client-D5CE890D7D9E->efcb8ff8-f060-4d95-9215-d0f5eb4af037@group-0959F8DF43ED, cid=1000, SUCCESS, logIndex=0, commits[efcb8ff8-f060-4d95-9215-d0f5eb4af037:c1357, 6fae8b02-e804-4c0e-b729-a97b7404b7f6:c1354, 4c3e8a66-6975-4917-8225-d3efe707aaff:c1353]
2019-09-04 11:46:02,224 | INFO  | DNAudit | user=null | ip=null | op=WRITE_CHUNK {blockData=conID: 1 locID: 102734073356747195 bcsId: 1354} | ret=SUCCESS |  
2019-09-04 11:46:02,226 | INFO  | DNAudit | user=null | ip=null | op=WRITE_CHUNK {blockData=conID: 1 locID: 102734073356747195 bcsId: 1354} | ret=SUCCESS |  
2019-09-04 11:46:02,226 | INFO  | DNAudit | user=null | ip=null | op=WRITE_CHUNK {blockData=conID: 1 locID: 102734073356747195 bcsId: 1354} | ret=SUCCESS |  
2019-09-04 11:46:02,246 | INFO  | DNAudit | user=null | ip=null | op=WRITE_CHUNK {blockData=conID: 1 locID: 102734073356747195 bcsId: 1354} | ret=SUCCESS |  
2019-09-04 11:46:02,246 | INFO  | DNAudit | user=null | ip=null | op=PUT_BLOCK {blockData=[blockId=conID: 1 locID: 102734073356747195 bcsId: 0,size=3145728]} | ret=SUCCESS |  
2019-09-04 11:46:02,246 [grpc-default-executor-0] INFO  client.GrpcClientProtocolClient (GrpcClientProtocolClient.java:onNext(255)) - client-D5CE890D7D9E->efcb8ff8-f060-4d95-9215-d0f5eb4af037: receive RaftClientReply:client-D5CE890D7D9E->efcb8ff8-f060-4d95-9215-d0f5eb4af037@group-0959F8DF43ED, cid=1001, SUCCESS, logIndex=1358, commits[efcb8ff8-f060-4d95-9215-d0f5eb4af037:c1359, 6fae8b02-e804-4c0e-b729-a97b7404b7f6:c1357, 4c3e8a66-6975-4917-8225-d3efe707aaff:c1357]
2019-09-04 11:46:02,246 [grpc-default-executor-0] INFO  client.GrpcClientProtocolClient (GrpcClientProtocolClient.java:onNext(255)) - client-D5CE890D7D9E->efcb8ff8-f060-4d95-9215-d0f5eb4af037: receive RaftClientReply:client-D5CE890D7D9E->efcb8ff8-f060-4d95-9215-d0f5eb4af037@group-0959F8DF43ED, cid=1002, SUCCESS, logIndex=1359, commits[efcb8ff8-f060-4d95-9215-d0f5eb4af037:c1359, 6fae8b02-e804-4c0e-b729-a97b7404b7f6:c1357, 4c3e8a66-6975-4917-8225-d3efe707aaff:c1357]
2019-09-04 11:46:02,252 | INFO  | DNAudit | user=null | ip=null | op=WRITE_CHUNK {blockData=conID: 1 locID: 102734073356747195 bcsId: 1359} | ret=SUCCESS |  
2019-09-04 11:46:02,255 | INFO  | DNAudit | user=null | ip=null | op=WRITE_CHUNK {blockData=conID: 1 locID: 102734073356747195 bcsId: 1359} | ret=SUCCESS |  
2019-09-04 11:46:02,255 | INFO  | DNAudit | user=null | ip=null | op=WRITE_CHUNK {blockData=conID: 1 locID: 102734073356747195 bcsId: 1359} | ret=SUCCESS |  
2019-09-04 11:46:02,271 | INFO  | DNAudit | user=null | ip=null | op=WRITE_CHUNK {blockData=conID: 1 locID: 102734073356747195 bcsId: 1354} | ret=SUCCESS |  
2019-09-04 11:46:02,271 | INFO  | DNAudit | user=null | ip=null | op=PUT_BLOCK {blockData=[blockId=conID: 1 locID: 102734073356747195 bcsId: 0,size=3145728]} | ret=SUCCESS |  
2019-09-04 11:46:02,271 | INFO  | DNAudit | user=null | ip=null | op=WRITE_CHUNK {blockData=conID: 1 locID: 102734073356747195 bcsId: 1354} | ret=SUCCESS |  
2019-09-04 11:46:02,272 | INFO  | DNAudit | user=null | ip=null | op=PUT_BLOCK {blockData=[blockId=conID: 1 locID: 102734073356747195 bcsId: 0,size=3145728]} | ret=SUCCESS |  
2019-09-04 11:46:02,272 | INFO  | DNAudit | user=null | ip=null | op=WRITE_CHUNK {blockData=conID: 1 locID: 102734073356747195 bcsId: 1359} | ret=SUCCESS |  
2019-09-04 11:46:02,273 | INFO  | DNAudit | user=null | ip=null | op=PUT_BLOCK {blockData=[blockId=conID: 1 locID: 102734073356747195 bcsId: 0,size=4194304]} | ret=SUCCESS |  
2019-09-04 11:46:02,273 [grpc-default-executor-0] INFO  client.GrpcClientProtocolClient (GrpcClientProtocolClient.java:onNext(255)) - client-D5CE890D7D9E->efcb8ff8-f060-4d95-9215-d0f5eb4af037: receive RaftClientReply:client-D5CE890D7D9E->efcb8ff8-f060-4d95-9215-d0f5eb4af037@group-0959F8DF43ED, cid=1003, SUCCESS, logIndex=1362, commits[efcb8ff8-f060-4d95-9215-d0f5eb4af037:c1363, 6fae8b02-e804-4c0e-b729-a97b7404b7f6:c1359, 4c3e8a66-6975-4917-8225-d3efe707aaff:c1359]
2019-09-04 11:46:02,273 [grpc-default-executor-0] INFO  client.GrpcClientProtocolClient (GrpcClientProtocolClient.java:onNext(255)) - client-D5CE890D7D9E->efcb8ff8-f060-4d95-9215-d0f5eb4af037: receive RaftClientReply:client-D5CE890D7D9E->efcb8ff8-f060-4d95-9215-d0f5eb4af037@group-0959F8DF43ED, cid=1004, SUCCESS, logIndex=1363, commits[efcb8ff8-f060-4d95-9215-d0f5eb4af037:c1363, 6fae8b02-e804-4c0e-b729-a97b7404b7f6:c1359, 4c3e8a66-6975-4917-8225-d3efe707aaff:c1359]
2019-09-04 11:46:02,295 | INFO  | DNAudit | user=null | ip=null | op=WRITE_CHUNK {blockData=conID: 1 locID: 102734073356747195 bcsId: 1359} | ret=SUCCESS |  
2019-09-04 11:46:02,295 | INFO  | DNAudit | user=null | ip=null | op=WRITE_CHUNK {blockData=conID: 1 locID: 102734073356747195 bcsId: 1359} | ret=SUCCESS |  
2019-09-04 11:46:02,296 | INFO  | DNAudit | user=null | ip=null | op=PUT_BLOCK {blockData=[blockId=conID: 1 locID: 102734073356747195 bcsId: 0,size=4194304]} | ret=SUCCESS |  
2019-09-04 11:46:02,297 | INFO  | DNAudit | user=null | ip=null | op=PUT_BLOCK {blockData=[blockId=conID: 1 locID: 102734073356747195 bcsId: 0,size=4194304]} | ret=SUCCESS |  
2019-09-04 11:46:02,297 [grpc-default-executor-6] INFO  client.GrpcClientProtocolClient (GrpcClientProtocolClient.java:onNext(255)) - client-D5CE890D7D9E->efcb8ff8-f060-4d95-9215-d0f5eb4af037: receive RaftClientReply:client-D5CE890D7D9E->efcb8ff8-f060-4d95-9215-d0f5eb4af037@group-0959F8DF43ED, cid=1005, SUCCESS, logIndex=0, commits[efcb8ff8-f060-4d95-9215-d0f5eb4af037:c1365, 6fae8b02-e804-4c0e-b729-a97b7404b7f6:c1363, 4c3e8a66-6975-4917-8225-d3efe707aaff:c1363]
2019-09-04 11:46:02,303 | INFO  | DNAudit | user=null | ip=null | op=WRITE_CHUNK {blockData=conID: 2 locID: 102734073356747196 bcsId: 0} | ret=SUCCESS |  
2019-09-04 11:46:02,305 | INFO  | DNAudit | user=null | ip=null | op=WRITE_CHUNK {blockData=conID: 2 locID: 102734073356747196 bcsId: 0} | ret=SUCCESS |  
2019-09-04 11:46:02,305 | INFO  | DNAudit | user=null | ip=null | op=WRITE_CHUNK {blockData=conID: 2 locID: 102734073356747196 bcsId: 0} | ret=SUCCESS |  
2019-09-04 11:46:02,306 | INFO  | DNAudit | user=null | ip=null | op=WRITE_CHUNK {blockData=conID: 2 locID: 102734073356747196 bcsId: 0} | ret=SUCCESS |  
2019-09-04 11:46:02,306 | INFO  | DNAudit | user=null | ip=null | op=WRITE_CHUNK {blockData=conID: 2 locID: 102734073356747196 bcsId: 0} | ret=SUCCESS |  
2019-09-04 11:46:02,307 | INFO  | DNAudit | user=null | ip=null | op=WRITE_CHUNK {blockData=conID: 2 locID: 102734073356747196 bcsId: 0} | ret=SUCCESS |  
2019-09-04 11:46:02,320 | INFO  | DNAudit | user=null | ip=null | op=WRITE_CHUNK {blockData=conID: 2 locID: 102734073356747196 bcsId: 0} | ret=SUCCESS |  
2019-09-04 11:46:02,320 | INFO  | DNAudit | user=null | ip=null | op=PUT_BLOCK {blockData=[blockId=conID: 2 locID: 102734073356747196 bcsId: 0,size=1048576]} | ret=SUCCESS |  
2019-09-04 11:46:02,320 | INFO  | DNAudit | user=null | ip=null | op=WRITE_CHUNK {blockData=conID: 2 locID: 102734073356747196 bcsId: 0} | ret=SUCCESS |  
2019-09-04 11:46:02,320 [grpc-default-executor-0] INFO  client.GrpcClientProtocolClient (GrpcClientProtocolClient.java:onNext(255)) - client-D5CE890D7D9E->efcb8ff8-f060-4d95-9215-d0f5eb4af037: receive RaftClientReply:client-D5CE890D7D9E->efcb8ff8-f060-4d95-9215-d0f5eb4af037@group-0959F8DF43ED, cid=1006, SUCCESS, logIndex=1366, commits[efcb8ff8-f060-4d95-9215-d0f5eb4af037:c1369, 6fae8b02-e804-4c0e-b729-a97b7404b7f6:c1365, 4c3e8a66-6975-4917-8225-d3efe707aaff:c1365]
2019-09-04 11:46:02,321 | INFO  | DNAudit | user=null | ip=null | op=PUT_BLOCK {blockData=[blockId=conID: 2 locID: 102734073356747196 bcsId: 0,size=2097152]} | ret=SUCCESS |  
2019-09-04 11:46:02,321 [grpc-default-executor-0] INFO  client.GrpcClientProtocolClient (GrpcClientProtocolClient.java:onNext(255)) - client-D5CE890D7D9E->efcb8ff8-f060-4d95-9215-d0f5eb4af037: receive RaftClientReply:client-D5CE890D7D9E->efcb8ff8-f060-4d95-9215-d0f5eb4af037@group-0959F8DF43ED, cid=1007, SUCCESS, logIndex=1367, commits[efcb8ff8-f060-4d95-9215-d0f5eb4af037:c1369, 6fae8b02-e804-4c0e-b729-a97b7404b7f6:c1365, 4c3e8a66-6975-4917-8225-d3efe707aaff:c1365]
2019-09-04 11:46:02,321 [grpc-default-executor-0] INFO  client.GrpcClientProtocolClient (GrpcClientProtocolClient.java:onNext(255)) - client-D5CE890D7D9E->efcb8ff8-f060-4d95-9215-d0f5eb4af037: receive RaftClientReply:client-D5CE890D7D9E->efcb8ff8-f060-4d95-9215-d0f5eb4af037@group-0959F8DF43ED, cid=1008, SUCCESS, logIndex=1368, commits[efcb8ff8-f060-4d95-9215-d0f5eb4af037:c1369, 6fae8b02-e804-4c0e-b729-a97b7404b7f6:c1365, 4c3e8a66-6975-4917-8225-d3efe707aaff:c1365]
2019-09-04 11:46:02,321 [grpc-default-executor-0] INFO  client.GrpcClientProtocolClient (GrpcClientProtocolClient.java:onNext(255)) - client-D5CE890D7D9E->efcb8ff8-f060-4d95-9215-d0f5eb4af037: receive RaftClientReply:client-D5CE890D7D9E->efcb8ff8-f060-4d95-9215-d0f5eb4af037@group-0959F8DF43ED, cid=1009, SUCCESS, logIndex=1369, commits[efcb8ff8-f060-4d95-9215-d0f5eb4af037:c1369, 6fae8b02-e804-4c0e-b729-a97b7404b7f6:c1365, 4c3e8a66-6975-4917-8225-d3efe707aaff:c1365]
2019-09-04 11:46:02,339 | INFO  | DNAudit | user=null | ip=null | op=WRITE_CHUNK {blockData=conID: 2 locID: 102734073356747196 bcsId: 0} | ret=SUCCESS |  
2019-09-04 11:46:02,339 | INFO  | DNAudit | user=null | ip=null | op=WRITE_CHUNK {blockData=conID: 2 locID: 102734073356747196 bcsId: 0} | ret=SUCCESS |  
2019-09-04 11:46:02,339 | INFO  | DNAudit | user=null | ip=null | op=PUT_BLOCK {blockData=[blockId=conID: 2 locID: 102734073356747196 bcsId: 0,size=1048576]} | ret=SUCCESS |  
2019-09-04 11:46:02,339 | INFO  | DNAudit | user=null | ip=null | op=PUT_BLOCK {blockData=[blockId=conID: 2 locID: 102734073356747196 bcsId: 0,size=1048576]} | ret=SUCCESS |  
2019-09-04 11:46:02,339 [grpc-default-executor-4] INFO  client.GrpcClientProtocolClient (GrpcClientProtocolClient.java:onNext(255)) - client-D5CE890D7D9E->efcb8ff8-f060-4d95-9215-d0f5eb4af037: receive RaftClientReply:client-D5CE890D7D9E->efcb8ff8-f060-4d95-9215-d0f5eb4af037@group-0959F8DF43ED, cid=1010, SUCCESS, logIndex=0, commits[efcb8ff8-f060-4d95-9215-d0f5eb4af037:c1370, 6fae8b02-e804-4c0e-b729-a97b7404b7f6:c1367, 4c3e8a66-6975-4917-8225-d3efe707aaff:c1367]
2019-09-04 11:46:02,340 | INFO  | DNAudit | user=null | ip=null | op=WRITE_CHUNK {blockData=conID: 2 locID: 102734073356747196 bcsId: 0} | ret=SUCCESS |  
2019-09-04 11:46:02,340 | INFO  | DNAudit | user=null | ip=null | op=WRITE_CHUNK {blockData=conID: 2 locID: 102734073356747196 bcsId: 0} | ret=SUCCESS |  
2019-09-04 11:46:02,341 | INFO  | DNAudit | user=null | ip=null | op=PUT_BLOCK {blockData=[blockId=conID: 2 locID: 102734073356747196 bcsId: 0,size=2097152]} | ret=SUCCESS |  
2019-09-04 11:46:02,341 | INFO  | DNAudit | user=null | ip=null | op=PUT_BLOCK {blockData=[blockId=conID: 2 locID: 102734073356747196 bcsId: 0,size=2097152]} | ret=SUCCESS |  
2019-09-04 11:46:02,346 | INFO  | DNAudit | user=null | ip=null | op=WRITE_CHUNK {blockData=conID: 2 locID: 102734073356747196 bcsId: 1369} | ret=SUCCESS |  
2019-09-04 11:46:02,348 | INFO  | DNAudit | user=null | ip=null | op=WRITE_CHUNK {blockData=conID: 2 locID: 102734073356747196 bcsId: 1369} | ret=SUCCESS |  
2019-09-04 11:46:02,348 | INFO  | DNAudit | user=null | ip=null | op=WRITE_CHUNK {blockData=conID: 2 locID: 102734073356747196 bcsId: 1369} | ret=SUCCESS |  
2019-09-04 11:46:02,363 | INFO  | DNAudit | user=null | ip=null | op=WRITE_CHUNK {blockData=conID: 2 locID: 102734073356747196 bcsId: 1369} | ret=SUCCESS |  
2019-09-04 11:46:02,363 | INFO  | DNAudit | user=null | ip=null | op=PUT_BLOCK {blockData=[blockId=conID: 2 locID: 102734073356747196 bcsId: 0,size=3145728]} | ret=SUCCESS |  
2019-09-04 11:46:02,363 [grpc-default-executor-1] INFO  client.GrpcClientProtocolClient (GrpcClientProtocolClient.java:onNext(255)) - client-D5CE890D7D9E->efcb8ff8-f060-4d95-9215-d0f5eb4af037: receive RaftClientReply:client-D5CE890D7D9E->efcb8ff8-f060-4d95-9215-d0f5eb4af037@group-0959F8DF43ED, cid=1011, SUCCESS, logIndex=1374, commits[efcb8ff8-f060-4d95-9215-d0f5eb4af037:c1375, 6fae8b02-e804-4c0e-b729-a97b7404b7f6:c1373, 4c3e8a66-6975-4917-8225-d3efe707aaff:c1373]
2019-09-04 11:46:02,364 [grpc-default-executor-1] INFO  client.GrpcClientProtocolClient (GrpcClientProtocolClient.java:onNext(255)) - client-D5CE890D7D9E->efcb8ff8-f060-4d95-9215-d0f5eb4af037: receive RaftClientReply:client-D5CE890D7D9E->efcb8ff8-f060-4d95-9215-d0f5eb4af037@group-0959F8DF43ED, cid=1012, SUCCESS, logIndex=1375, commits[efcb8ff8-f060-4d95-9215-d0f5eb4af037:c1375, 6fae8b02-e804-4c0e-b729-a97b7404b7f6:c1373, 4c3e8a66-6975-4917-8225-d3efe707aaff:c1373]
2019-09-04 11:46:02,369 | INFO  | DNAudit | user=null | ip=null | op=WRITE_CHUNK {blockData=conID: 2 locID: 102734073356747196 bcsId: 1375} | ret=SUCCESS |  
2019-09-04 11:46:02,372 | INFO  | DNAudit | user=null | ip=null | op=WRITE_CHUNK {blockData=conID: 2 locID: 102734073356747196 bcsId: 1375} | ret=SUCCESS |  
2019-09-04 11:46:02,372 | INFO  | DNAudit | user=null | ip=null | op=WRITE_CHUNK {blockData=conID: 2 locID: 102734073356747196 bcsId: 1375} | ret=SUCCESS |  
2019-09-04 11:46:02,381 | INFO  | DNAudit | user=null | ip=null | op=WRITE_CHUNK {blockData=conID: 2 locID: 102734073356747196 bcsId: 1369} | ret=SUCCESS |  
2019-09-04 11:46:02,381 | INFO  | DNAudit | user=null | ip=null | op=WRITE_CHUNK {blockData=conID: 2 locID: 102734073356747196 bcsId: 1369} | ret=SUCCESS |  
2019-09-04 11:46:02,381 | INFO  | DNAudit | user=null | ip=null | op=PUT_BLOCK {blockData=[blockId=conID: 2 locID: 102734073356747196 bcsId: 0,size=3145728]} | ret=SUCCESS |  
2019-09-04 11:46:02,382 | INFO  | DNAudit | user=null | ip=null | op=PUT_BLOCK {blockData=[blockId=conID: 2 locID: 102734073356747196 bcsId: 0,size=3145728]} | ret=SUCCESS |  
2019-09-04 11:46:02,416 | INFO  | DNAudit | user=null | ip=null | op=WRITE_CHUNK {blockData=conID: 2 locID: 102734073356747196 bcsId: 1375} | ret=SUCCESS |  
2019-09-04 11:46:02,417 | INFO  | DNAudit | user=null | ip=null | op=PUT_BLOCK {blockData=[blockId=conID: 2 locID: 102734073356747196 bcsId: 0,size=4194304]} | ret=SUCCESS |  
2019-09-04 11:46:02,417 [grpc-default-executor-4] INFO  client.GrpcClientProtocolClient (GrpcClientProtocolClient.java:onNext(255)) - client-D5CE890D7D9E->efcb8ff8-f060-4d95-9215-d0f5eb4af037: receive RaftClientReply:client-D5CE890D7D9E->efcb8ff8-f060-4d95-9215-d0f5eb4af037@group-0959F8DF43ED, cid=1013, SUCCESS, logIndex=1378, commits[efcb8ff8-f060-4d95-9215-d0f5eb4af037:c1378, 6fae8b02-e804-4c0e-b729-a97b7404b7f6:c1375, 4c3e8a66-6975-4917-8225-d3efe707aaff:c1375]
2019-09-04 11:46:02,417 [grpc-default-executor-4] INFO  client.GrpcClientProtocolClient (GrpcClientProtocolClient.java:onNext(255)) - client-D5CE890D7D9E->efcb8ff8-f060-4d95-9215-d0f5eb4af037: receive RaftClientReply:client-D5CE890D7D9E->efcb8ff8-f060-4d95-9215-d0f5eb4af037@group-0959F8DF43ED, cid=1014, SUCCESS, logIndex=1379, commits[efcb8ff8-f060-4d95-9215-d0f5eb4af037:c1379, 6fae8b02-e804-4c0e-b729-a97b7404b7f6:c1375, 4c3e8a66-6975-4917-8225-d3efe707aaff:c1375]
2019-09-04 11:46:02,429 | INFO  | DNAudit | user=null | ip=null | op=WRITE_CHUNK {blockData=conID: 2 locID: 102734073356747196 bcsId: 1375} | ret=SUCCESS |  
2019-09-04 11:46:02,429 | INFO  | DNAudit | user=null | ip=null | op=WRITE_CHUNK {blockData=conID: 2 locID: 102734073356747196 bcsId: 1375} | ret=SUCCESS |  
2019-09-04 11:46:02,430 | INFO  | DNAudit | user=null | ip=null | op=PUT_BLOCK {blockData=[blockId=conID: 2 locID: 102734073356747196 bcsId: 0,size=4194304]} | ret=SUCCESS |  
2019-09-04 11:46:02,430 | INFO  | DNAudit | user=null | ip=null | op=PUT_BLOCK {blockData=[blockId=conID: 2 locID: 102734073356747196 bcsId: 0,size=4194304]} | ret=SUCCESS |  
2019-09-04 11:46:02,430 [grpc-default-executor-6] INFO  client.GrpcClientProtocolClient (GrpcClientProtocolClient.java:onNext(255)) - client-D5CE890D7D9E->efcb8ff8-f060-4d95-9215-d0f5eb4af037: receive RaftClientReply:client-D5CE890D7D9E->efcb8ff8-f060-4d95-9215-d0f5eb4af037@group-0959F8DF43ED, cid=1015, SUCCESS, logIndex=0, commits[efcb8ff8-f060-4d95-9215-d0f5eb4af037:c1381, 6fae8b02-e804-4c0e-b729-a97b7404b7f6:c1379, 4c3e8a66-6975-4917-8225-d3efe707aaff:c1379]
2019-09-04 11:46:02,439 | INFO  | DNAudit | user=null | ip=null | op=WRITE_CHUNK {blockData=conID: 3 locID: 102734073356747197 bcsId: 0} | ret=SUCCESS |  
2019-09-04 11:46:02,442 | INFO  | DNAudit | user=null | ip=null | op=WRITE_CHUNK {blockData=conID: 3 locID: 102734073356747197 bcsId: 0} | ret=SUCCESS |  
2019-09-04 11:46:02,442 | INFO  | DNAudit | user=null | ip=null | op=WRITE_CHUNK {blockData=conID: 3 locID: 102734073356747197 bcsId: 0} | ret=SUCCESS |  
2019-09-04 11:46:02,444 | INFO  | DNAudit | user=null | ip=null | op=WRITE_CHUNK {blockData=conID: 3 locID: 102734073356747197 bcsId: 0} | ret=SUCCESS |  
2019-09-04 11:46:02,446 | INFO  | DNAudit | user=null | ip=null | op=WRITE_CHUNK {blockData=conID: 3 locID: 102734073356747197 bcsId: 0} | ret=SUCCESS |  
2019-09-04 11:46:02,447 | INFO  | DNAudit | user=null | ip=null | op=WRITE_CHUNK {blockData=conID: 3 locID: 102734073356747197 bcsId: 0} | ret=SUCCESS |  
2019-09-04 11:46:02,454 | INFO  | DNAudit | user=null | ip=null | op=WRITE_CHUNK {blockData=conID: 3 locID: 102734073356747197 bcsId: 0} | ret=SUCCESS |  
2019-09-04 11:46:02,455 | INFO  | DNAudit | user=null | ip=null | op=PUT_BLOCK {blockData=[blockId=conID: 3 locID: 102734073356747197 bcsId: 0,size=1048576]} | ret=SUCCESS |  
2019-09-04 11:46:02,455 | INFO  | DNAudit | user=null | ip=null | op=WRITE_CHUNK {blockData=conID: 3 locID: 102734073356747197 bcsId: 0} | ret=SUCCESS |  
2019-09-04 11:46:02,455 [grpc-default-executor-4] INFO  client.GrpcClientProtocolClient (GrpcClientProtocolClient.java:onNext(255)) - client-D5CE890D7D9E->efcb8ff8-f060-4d95-9215-d0f5eb4af037: receive RaftClientReply:client-D5CE890D7D9E->efcb8ff8-f060-4d95-9215-d0f5eb4af037@group-0959F8DF43ED, cid=1016, SUCCESS, logIndex=1382, commits[efcb8ff8-f060-4d95-9215-d0f5eb4af037:c1383, 6fae8b02-e804-4c0e-b729-a97b7404b7f6:c1381, 4c3e8a66-6975-4917-8225-d3efe707aaff:c1381]
2019-09-04 11:46:02,456 | INFO  | DNAudit | user=null | ip=null | op=PUT_BLOCK {blockData=[blockId=conID: 3 locID: 102734073356747197 bcsId: 0,size=2097152]} | ret=SUCCESS |  
2019-09-04 11:46:02,456 [grpc-default-executor-4] INFO  client.GrpcClientProtocolClient (GrpcClientProtocolClient.java:onNext(255)) - client-D5CE890D7D9E->efcb8ff8-f060-4d95-9215-d0f5eb4af037: receive RaftClientReply:client-D5CE890D7D9E->efcb8ff8-f060-4d95-9215-d0f5eb4af037@group-0959F8DF43ED, cid=1017, SUCCESS, logIndex=1383, commits[efcb8ff8-f060-4d95-9215-d0f5eb4af037:c1384, 6fae8b02-e804-4c0e-b729-a97b7404b7f6:c1381, 4c3e8a66-6975-4917-8225-d3efe707aaff:c1381]
2019-09-04 11:46:02,456 | INFO  | DNAudit | user=null | ip=null | op=WRITE_CHUNK {blockData=conID: 3 locID: 102734073356747197 bcsId: 0} | ret=SUCCESS |  
2019-09-04 11:46:02,456 [grpc-default-executor-4] INFO  client.GrpcClientProtocolClient (GrpcClientProtocolClient.java:onNext(255)) - client-D5CE890D7D9E->efcb8ff8-f060-4d95-9215-d0f5eb4af037: receive RaftClientReply:client-D5CE890D7D9E->efcb8ff8-f060-4d95-9215-d0f5eb4af037@group-0959F8DF43ED, cid=1018, SUCCESS, logIndex=1384, commits[efcb8ff8-f060-4d95-9215-d0f5eb4af037:c1385, 6fae8b02-e804-4c0e-b729-a97b7404b7f6:c1381, 4c3e8a66-6975-4917-8225-d3efe707aaff:c1381]
2019-09-04 11:46:02,457 | INFO  | DNAudit | user=null | ip=null | op=PUT_BLOCK {blockData=[blockId=conID: 3 locID: 102734073356747197 bcsId: 0,size=1048576]} | ret=SUCCESS |  
2019-09-04 11:46:02,457 | INFO  | DNAudit | user=null | ip=null | op=WRITE_CHUNK {blockData=conID: 3 locID: 102734073356747197 bcsId: 0} | ret=SUCCESS |  
2019-09-04 11:46:02,457 | INFO  | DNAudit | user=null | ip=null | op=PUT_BLOCK {blockData=[blockId=conID: 3 locID: 102734073356747197 bcsId: 0,size=1048576]} | ret=SUCCESS |  
2019-09-04 11:46:02,458 | INFO  | DNAudit | user=null | ip=null | op=WRITE_CHUNK {blockData=conID: 3 locID: 102734073356747197 bcsId: 0} | ret=SUCCESS |  
2019-09-04 11:46:02,458 [grpc-default-executor-0] INFO  client.GrpcClientProtocolClient (GrpcClientProtocolClient.java:onNext(255)) - client-D5CE890D7D9E->efcb8ff8-f060-4d95-9215-d0f5eb4af037: receive RaftClientReply:client-D5CE890D7D9E->efcb8ff8-f060-4d95-9215-d0f5eb4af037@group-0959F8DF43ED, cid=1019, SUCCESS, logIndex=1385, commits[efcb8ff8-f060-4d95-9215-d0f5eb4af037:c1385, 6fae8b02-e804-4c0e-b729-a97b7404b7f6:c1381, 4c3e8a66-6975-4917-8225-d3efe707aaff:c1381]
2019-09-04 11:46:02,459 [grpc-default-executor-0] INFO  client.GrpcClientProtocolClient (GrpcClientProtocolClient.java:onNext(255)) - client-D5CE890D7D9E->efcb8ff8-f060-4d95-9215-d0f5eb4af037: receive RaftClientReply:client-D5CE890D7D9E->efcb8ff8-f060-4d95-9215-d0f5eb4af037@group-0959F8DF43ED, cid=1020, SUCCESS, logIndex=0, commits[efcb8ff8-f060-4d95-9215-d0f5eb4af037:c1388, 6fae8b02-e804-4c0e-b729-a97b7404b7f6:c1383, 4c3e8a66-6975-4917-8225-d3efe707aaff:c1384]
2019-09-04 11:46:02,466 | INFO  | DNAudit | user=null | ip=null | op=WRITE_CHUNK {blockData=conID: 3 locID: 102734073356747197 bcsId: 1385} | ret=SUCCESS |  
2019-09-04 11:46:02,469 | INFO  | DNAudit | user=null | ip=null | op=WRITE_CHUNK {blockData=conID: 3 locID: 102734073356747197 bcsId: 1385} | ret=SUCCESS |  
2019-09-04 11:46:02,469 | INFO  | DNAudit | user=null | ip=null | op=WRITE_CHUNK {blockData=conID: 3 locID: 102734073356747197 bcsId: 1385} | ret=SUCCESS |  
2019-09-04 11:46:02,475 | INFO  | DNAudit | user=null | ip=null | op=WRITE_CHUNK {blockData=conID: 3 locID: 102734073356747197 bcsId: 0} | ret=SUCCESS |  
2019-09-04 11:46:02,475 | INFO  | DNAudit | user=null | ip=null | op=PUT_BLOCK {blockData=[blockId=conID: 3 locID: 102734073356747197 bcsId: 0,size=2097152]} | ret=SUCCESS |  
2019-09-04 11:46:02,475 | INFO  | DNAudit | user=null | ip=null | op=PUT_BLOCK {blockData=[blockId=conID: 3 locID: 102734073356747197 bcsId: 0,size=2097152]} | ret=SUCCESS |  
2019-09-04 11:46:02,476 | INFO  | DNAudit | user=null | ip=null | op=WRITE_CHUNK {blockData=conID: 3 locID: 102734073356747197 bcsId: 1385} | ret=SUCCESS |  
2019-09-04 11:46:02,477 | INFO  | DNAudit | user=null | ip=null | op=PUT_BLOCK {blockData=[blockId=conID: 3 locID: 102734073356747197 bcsId: 0,size=3145728]} | ret=SUCCESS |  
2019-09-04 11:46:02,477 [grpc-default-executor-4] INFO  client.GrpcClientProtocolClient (GrpcClientProtocolClient.java:onNext(255)) - client-D5CE890D7D9E->efcb8ff8-f060-4d95-9215-d0f5eb4af037: receive RaftClientReply:client-D5CE890D7D9E->efcb8ff8-f060-4d95-9215-d0f5eb4af037@group-0959F8DF43ED, cid=1021, SUCCESS, logIndex=1390, commits[efcb8ff8-f060-4d95-9215-d0f5eb4af037:c1391, 6fae8b02-e804-4c0e-b729-a97b7404b7f6:c1388, 4c3e8a66-6975-4917-8225-d3efe707aaff:c1385]
2019-09-04 11:46:02,477 [grpc-default-executor-4] INFO  client.GrpcClientProtocolClient (GrpcClientProtocolClient.java:onNext(255)) - client-D5CE890D7D9E->efcb8ff8-f060-4d95-9215-d0f5eb4af037: receive RaftClientReply:client-D5CE890D7D9E->efcb8ff8-f060-4d95-9215-d0f5eb4af037@group-0959F8DF43ED, cid=1022, SUCCESS, logIndex=1391, commits[efcb8ff8-f060-4d95-9215-d0f5eb4af037:c1391, 6fae8b02-e804-4c0e-b729-a97b7404b7f6:c1388, 4c3e8a66-6975-4917-8225-d3efe707aaff:c1388]
2019-09-04 11:46:02,484 | INFO  | DNAudit | user=null | ip=null | op=WRITE_CHUNK {blockData=conID: 3 locID: 102734073356747197 bcsId: 1391} | ret=SUCCESS |  
2019-09-04 11:46:02,486 | INFO  | DNAudit | user=null | ip=null | op=WRITE_CHUNK {blockData=conID: 3 locID: 102734073356747197 bcsId: 1391} | ret=SUCCESS |  
2019-09-04 11:46:02,487 | INFO  | DNAudit | user=null | ip=null | op=WRITE_CHUNK {blockData=conID: 3 locID: 102734073356747197 bcsId: 1391} | ret=SUCCESS |  
2019-09-04 11:46:02,496 | INFO  | DNAudit | user=null | ip=null | op=WRITE_CHUNK {blockData=conID: 3 locID: 102734073356747197 bcsId: 1385} | ret=SUCCESS |  
2019-09-04 11:46:02,496 | INFO  | DNAudit | user=null | ip=null | op=WRITE_CHUNK {blockData=conID: 3 locID: 102734073356747197 bcsId: 1385} | ret=SUCCESS |  
2019-09-04 11:46:02,496 | INFO  | DNAudit | user=null | ip=null | op=PUT_BLOCK {blockData=[blockId=conID: 3 locID: 102734073356747197 bcsId: 0,size=3145728]} | ret=SUCCESS |  
2019-09-04 11:46:02,496 | INFO  | DNAudit | user=null | ip=null | op=PUT_BLOCK {blockData=[blockId=conID: 3 locID: 102734073356747197 bcsId: 0,size=3145728]} | ret=SUCCESS |  
2019-09-04 11:46:02,497 | INFO  | DNAudit | user=null | ip=null | op=WRITE_CHUNK {blockData=conID: 3 locID: 102734073356747197 bcsId: 1391} | ret=SUCCESS |  
2019-09-04 11:46:02,498 | INFO  | DNAudit | user=null | ip=null | op=PUT_BLOCK {blockData=[blockId=conID: 3 locID: 102734073356747197 bcsId: 0,size=4194304]} | ret=SUCCESS |  
2019-09-04 11:46:02,498 [grpc-default-executor-4] INFO  client.GrpcClientProtocolClient (GrpcClientProtocolClient.java:onNext(255)) - client-D5CE890D7D9E->efcb8ff8-f060-4d95-9215-d0f5eb4af037: receive RaftClientReply:client-D5CE890D7D9E->efcb8ff8-f060-4d95-9215-d0f5eb4af037@group-0959F8DF43ED, cid=1023, SUCCESS, logIndex=1393, commits[efcb8ff8-f060-4d95-9215-d0f5eb4af037:c1394, 6fae8b02-e804-4c0e-b729-a97b7404b7f6:c1391, 4c3e8a66-6975-4917-8225-d3efe707aaff:c1391]
2019-09-04 11:46:02,498 [grpc-default-executor-4] INFO  client.GrpcClientProtocolClient (GrpcClientProtocolClient.java:onNext(255)) - client-D5CE890D7D9E->efcb8ff8-f060-4d95-9215-d0f5eb4af037: receive RaftClientReply:client-D5CE890D7D9E->efcb8ff8-f060-4d95-9215-d0f5eb4af037@group-0959F8DF43ED, cid=1024, SUCCESS, logIndex=1394, commits[efcb8ff8-f060-4d95-9215-d0f5eb4af037:c1394, 6fae8b02-e804-4c0e-b729-a97b7404b7f6:c1391, 4c3e8a66-6975-4917-8225-d3efe707aaff:c1391]
2019-09-04 11:46:02,519 | INFO  | DNAudit | user=null | ip=null | op=WRITE_CHUNK {blockData=conID: 3 locID: 102734073356747197 bcsId: 1391} | ret=SUCCESS |  
2019-09-04 11:46:02,519 | INFO  | DNAudit | user=null | ip=null | op=WRITE_CHUNK {blockData=conID: 3 locID: 102734073356747197 bcsId: 1391} | ret=SUCCESS |  
2019-09-04 11:46:02,520 | INFO  | DNAudit | user=null | ip=null | op=PUT_BLOCK {blockData=[blockId=conID: 3 locID: 102734073356747197 bcsId: 0,size=4194304]} | ret=SUCCESS |  
2019-09-04 11:46:02,520 | INFO  | DNAudit | user=null | ip=null | op=PUT_BLOCK {blockData=[blockId=conID: 3 locID: 102734073356747197 bcsId: 0,size=4194304]} | ret=SUCCESS |  
2019-09-04 11:46:02,521 [grpc-default-executor-4] INFO  client.GrpcClientProtocolClient (GrpcClientProtocolClient.java:onNext(255)) - client-D5CE890D7D9E->efcb8ff8-f060-4d95-9215-d0f5eb4af037: receive RaftClientReply:client-D5CE890D7D9E->efcb8ff8-f060-4d95-9215-d0f5eb4af037@group-0959F8DF43ED, cid=1025, SUCCESS, logIndex=0, commits[efcb8ff8-f060-4d95-9215-d0f5eb4af037:c1395, 6fae8b02-e804-4c0e-b729-a97b7404b7f6:c1394, 4c3e8a66-6975-4917-8225-d3efe707aaff:c1394]
2019-09-04 11:46:02,528 | INFO  | DNAudit | user=null | ip=null | op=WRITE_CHUNK {blockData=conID: 1 locID: 102734073356747198 bcsId: 0} | ret=SUCCESS |  
2019-09-04 11:46:02,531 | INFO  | DNAudit | user=null | ip=null | op=WRITE_CHUNK {blockData=conID: 1 locID: 102734073356747198 bcsId: 0} | ret=SUCCESS |  
2019-09-04 11:46:02,531 | INFO  | DNAudit | user=null | ip=null | op=WRITE_CHUNK {blockData=conID: 1 locID: 102734073356747198 bcsId: 0} | ret=SUCCESS |  
2019-09-04 11:46:02,532 | INFO  | DNAudit | user=null | ip=null | op=WRITE_CHUNK {blockData=conID: 1 locID: 102734073356747198 bcsId: 0} | ret=SUCCESS |  
2019-09-04 11:46:02,533 | INFO  | DNAudit | user=null | ip=null | op=WRITE_CHUNK {blockData=conID: 1 locID: 102734073356747198 bcsId: 0} | ret=SUCCESS |  
2019-09-04 11:46:02,534 | INFO  | DNAudit | user=null | ip=null | op=WRITE_CHUNK {blockData=conID: 1 locID: 102734073356747198 bcsId: 0} | ret=SUCCESS |  
2019-09-04 11:46:02,541 | INFO  | DNAudit | user=null | ip=null | op=WRITE_CHUNK {blockData=conID: 1 locID: 102734073356747198 bcsId: 0} | ret=SUCCESS |  
2019-09-04 11:46:02,541 | INFO  | DNAudit | user=null | ip=null | op=PUT_BLOCK {blockData=[blockId=conID: 1 locID: 102734073356747198 bcsId: 0,size=1048576]} | ret=SUCCESS |  
2019-09-04 11:46:02,542 [grpc-default-executor-0] INFO  client.GrpcClientProtocolClient (GrpcClientProtocolClient.java:onNext(255)) - client-D5CE890D7D9E->efcb8ff8-f060-4d95-9215-d0f5eb4af037: receive RaftClientReply:client-D5CE890D7D9E->efcb8ff8-f060-4d95-9215-d0f5eb4af037@group-0959F8DF43ED, cid=1026, SUCCESS, logIndex=1397, commits[efcb8ff8-f060-4d95-9215-d0f5eb4af037:c1398, 6fae8b02-e804-4c0e-b729-a97b7404b7f6:c1396, 4c3e8a66-6975-4917-8225-d3efe707aaff:c1396]
2019-09-04 11:46:02,542 | INFO  | DNAudit | user=null | ip=null | op=WRITE_CHUNK {blockData=conID: 1 locID: 102734073356747198 bcsId: 0} | ret=SUCCESS |  
2019-09-04 11:46:02,542 | INFO  | DNAudit | user=null | ip=null | op=PUT_BLOCK {blockData=[blockId=conID: 1 locID: 102734073356747198 bcsId: 0,size=2097152]} | ret=SUCCESS |  
2019-09-04 11:46:02,543 [grpc-default-executor-0] INFO  client.GrpcClientProtocolClient (GrpcClientProtocolClient.java:onNext(255)) - client-D5CE890D7D9E->efcb8ff8-f060-4d95-9215-d0f5eb4af037: receive RaftClientReply:client-D5CE890D7D9E->efcb8ff8-f060-4d95-9215-d0f5eb4af037@group-0959F8DF43ED, cid=1027, SUCCESS, logIndex=1398, commits[efcb8ff8-f060-4d95-9215-d0f5eb4af037:c1398, 6fae8b02-e804-4c0e-b729-a97b7404b7f6:c1396, 4c3e8a66-6975-4917-8225-d3efe707aaff:c1396]
2019-09-04 11:46:02,543 [grpc-default-executor-0] INFO  client.GrpcClientProtocolClient (GrpcClientProtocolClient.java:onNext(255)) - client-D5CE890D7D9E->efcb8ff8-f060-4d95-9215-d0f5eb4af037: receive RaftClientReply:client-D5CE890D7D9E->efcb8ff8-f060-4d95-9215-d0f5eb4af037@group-0959F8DF43ED, cid=1028, SUCCESS, logIndex=1399, commits[efcb8ff8-f060-4d95-9215-d0f5eb4af037:c1400, 6fae8b02-e804-4c0e-b729-a97b7404b7f6:c1396, 4c3e8a66-6975-4917-8225-d3efe707aaff:c1396]
2019-09-04 11:46:02,543 [grpc-default-executor-0] INFO  client.GrpcClientProtocolClient (GrpcClientProtocolClient.java:onNext(255)) - client-D5CE890D7D9E->efcb8ff8-f060-4d95-9215-d0f5eb4af037: receive RaftClientReply:client-D5CE890D7D9E->efcb8ff8-f060-4d95-9215-d0f5eb4af037@group-0959F8DF43ED, cid=1029, SUCCESS, logIndex=1400, commits[efcb8ff8-f060-4d95-9215-d0f5eb4af037:c1400, 6fae8b02-e804-4c0e-b729-a97b7404b7f6:c1396, 4c3e8a66-6975-4917-8225-d3efe707aaff:c1396]
2019-09-04 11:46:02,569 | INFO  | DNAudit | user=null | ip=null | op=WRITE_CHUNK {blockData=conID: 1 locID: 102734073356747198 bcsId: 0} | ret=SUCCESS |  
2019-09-04 11:46:02,569 | INFO  | DNAudit | user=null | ip=null | op=PUT_BLOCK {blockData=[blockId=conID: 1 locID: 102734073356747198 bcsId: 0,size=1048576]} | ret=SUCCESS |  
2019-09-04 11:46:02,569 | INFO  | DNAudit | user=null | ip=null | op=WRITE_CHUNK {blockData=conID: 1 locID: 102734073356747198 bcsId: 0} | ret=SUCCESS |  
2019-09-04 11:46:02,570 | INFO  | DNAudit | user=null | ip=null | op=PUT_BLOCK {blockData=[blockId=conID: 1 locID: 102734073356747198 bcsId: 0,size=1048576]} | ret=SUCCESS |  
2019-09-04 11:46:02,570 | INFO  | DNAudit | user=null | ip=null | op=WRITE_CHUNK {blockData=conID: 1 locID: 102734073356747198 bcsId: 0} | ret=SUCCESS |  
2019-09-04 11:46:02,570 | INFO  | DNAudit | user=null | ip=null | op=WRITE_CHUNK {blockData=conID: 1 locID: 102734073356747198 bcsId: 0} | ret=SUCCESS |  
2019-09-04 11:46:02,570 | INFO  | DNAudit | user=null | ip=null | op=PUT_BLOCK {blockData=[blockId=conID: 1 locID: 102734073356747198 bcsId: 0,size=2097152]} | ret=SUCCESS |  
2019-09-04 11:46:02,570 [grpc-default-executor-0] INFO  client.GrpcClientProtocolClient (GrpcClientProtocolClient.java:onNext(255)) - client-D5CE890D7D9E->efcb8ff8-f060-4d95-9215-d0f5eb4af037: receive RaftClientReply:client-D5CE890D7D9E->efcb8ff8-f060-4d95-9215-d0f5eb4af037@group-0959F8DF43ED, cid=1030, SUCCESS, logIndex=0, commits[efcb8ff8-f060-4d95-9215-d0f5eb4af037:c1402, 6fae8b02-e804-4c0e-b729-a97b7404b7f6:c1398, 4c3e8a66-6975-4917-8225-d3efe707aaff:c1398]
2019-09-04 11:46:02,570 | INFO  | DNAudit | user=null | ip=null | op=PUT_BLOCK {blockData=[blockId=conID: 1 locID: 102734073356747198 bcsId: 0,size=2097152]} | ret=SUCCESS |  
2019-09-04 11:46:02,683 | INFO  | SCMAudit | user=jenkins1000 | ip=192.168.36.67 | op=SEND_HEARTBEAT {datanodeUUID=4c3e8a66-6975-4917-8225-d3efe707aaff, command=[]} | ret=SUCCESS |  
2019-09-04 11:46:02,683 | INFO  | SCMAudit | user=jenkins1000 | ip=192.168.36.67 | op=SEND_HEARTBEAT {datanodeUUID=efcb8ff8-f060-4d95-9215-d0f5eb4af037, command=[]} | ret=SUCCESS |  
2019-09-04 11:46:02,683 | INFO  | SCMAudit | user=jenkins1000 | ip=192.168.36.67 | op=SEND_HEARTBEAT {datanodeUUID=6fae8b02-e804-4c0e-b729-a97b7404b7f6, command=[]} | ret=SUCCESS |  
2019-09-04 11:46:02,683 | INFO  | SCMAudit | user=jenkins1000 | ip=192.168.36.67 | op=SEND_HEARTBEAT {datanodeUUID=0b776101-1d39-4f23-96c0-6a8ead31197c, command=[]} | ret=SUCCESS |  
2019-09-04 11:46:02,684 | INFO  | DNAudit | user=null | ip=null | op=WRITE_CHUNK {blockData=conID: 1 locID: 102734073356747198 bcsId: 1400} | ret=SUCCESS |  
2019-09-04 11:46:02,687 | INFO  | DNAudit | user=null | ip=null | op=WRITE_CHUNK {blockData=conID: 1 locID: 102734073356747198 bcsId: 1400} | ret=SUCCESS |  
2019-09-04 11:46:02,687 | INFO  | DNAudit | user=null | ip=null | op=WRITE_CHUNK {blockData=conID: 1 locID: 102734073356747198 bcsId: 1400} | ret=SUCCESS |  
2019-09-04 11:46:02,705 | INFO  | DNAudit | user=null | ip=null | op=WRITE_CHUNK {blockData=conID: 1 locID: 102734073356747198 bcsId: 1400} | ret=SUCCESS |  
2019-09-04 11:46:02,705 | INFO  | DNAudit | user=null | ip=null | op=PUT_BLOCK {blockData=[blockId=conID: 1 locID: 102734073356747198 bcsId: 0,size=3145728]} | ret=SUCCESS |  
2019-09-04 11:46:02,705 [grpc-default-executor-1] INFO  client.GrpcClientProtocolClient (GrpcClientProtocolClient.java:onNext(255)) - client-D5CE890D7D9E->efcb8ff8-f060-4d95-9215-d0f5eb4af037: receive RaftClientReply:client-D5CE890D7D9E->efcb8ff8-f060-4d95-9215-d0f5eb4af037@group-0959F8DF43ED, cid=1031, SUCCESS, logIndex=1405, commits[efcb8ff8-f060-4d95-9215-d0f5eb4af037:c1406, 6fae8b02-e804-4c0e-b729-a97b7404b7f6:c1404, 4c3e8a66-6975-4917-8225-d3efe707aaff:c1404]
2019-09-04 11:46:02,706 [grpc-default-executor-1] INFO  client.GrpcClientProtocolClient (GrpcClientProtocolClient.java:onNext(255)) - client-D5CE890D7D9E->efcb8ff8-f060-4d95-9215-d0f5eb4af037: receive RaftClientReply:client-D5CE890D7D9E->efcb8ff8-f060-4d95-9215-d0f5eb4af037@group-0959F8DF43ED, cid=1032, SUCCESS, logIndex=1406, commits[efcb8ff8-f060-4d95-9215-d0f5eb4af037:c1406, 6fae8b02-e804-4c0e-b729-a97b7404b7f6:c1404, 4c3e8a66-6975-4917-8225-d3efe707aaff:c1404]
2019-09-04 11:46:02,713 | INFO  | DNAudit | user=null | ip=null | op=WRITE_CHUNK {blockData=conID: 1 locID: 102734073356747198 bcsId: 1406} | ret=SUCCESS |  
2019-09-04 11:46:02,715 | INFO  | DNAudit | user=null | ip=null | op=WRITE_CHUNK {blockData=conID: 1 locID: 102734073356747198 bcsId: 1406} | ret=SUCCESS |  
2019-09-04 11:46:02,715 | INFO  | DNAudit | user=null | ip=null | op=WRITE_CHUNK {blockData=conID: 1 locID: 102734073356747198 bcsId: 1406} | ret=SUCCESS |  
2019-09-04 11:46:02,726 | INFO  | DNAudit | user=null | ip=null | op=WRITE_CHUNK {blockData=conID: 1 locID: 102734073356747198 bcsId: 1400} | ret=SUCCESS |  
2019-09-04 11:46:02,726 | INFO  | DNAudit | user=null | ip=null | op=WRITE_CHUNK {blockData=conID: 1 locID: 102734073356747198 bcsId: 1400} | ret=SUCCESS |  
2019-09-04 11:46:02,726 | INFO  | DNAudit | user=null | ip=null | op=PUT_BLOCK {blockData=[blockId=conID: 1 locID: 102734073356747198 bcsId: 0,size=3145728]} | ret=SUCCESS |  
2019-09-04 11:46:02,726 | INFO  | DNAudit | user=null | ip=null | op=PUT_BLOCK {blockData=[blockId=conID: 1 locID: 102734073356747198 bcsId: 0,size=3145728]} | ret=SUCCESS |  
2019-09-04 11:46:02,728 | INFO  | DNAudit | user=null | ip=null | op=WRITE_CHUNK {blockData=conID: 1 locID: 102734073356747198 bcsId: 1406} | ret=SUCCESS |  
2019-09-04 11:46:02,728 | INFO  | DNAudit | user=null | ip=null | op=PUT_BLOCK {blockData=[blockId=conID: 1 locID: 102734073356747198 bcsId: 0,size=4194304]} | ret=SUCCESS |  
2019-09-04 11:46:02,729 [grpc-default-executor-0] INFO  client.GrpcClientProtocolClient (GrpcClientProtocolClient.java:onNext(255)) - client-D5CE890D7D9E->efcb8ff8-f060-4d95-9215-d0f5eb4af037: receive RaftClientReply:client-D5CE890D7D9E->efcb8ff8-f060-4d95-9215-d0f5eb4af037@group-0959F8DF43ED, cid=1033, SUCCESS, logIndex=1409, commits[efcb8ff8-f060-4d95-9215-d0f5eb4af037:c1410, 6fae8b02-e804-4c0e-b729-a97b7404b7f6:c1406, 4c3e8a66-6975-4917-8225-d3efe707aaff:c1406]
2019-09-04 11:46:02,729 [grpc-default-executor-0] INFO  client.GrpcClientProtocolClient (GrpcClientProtocolClient.java:onNext(255)) - client-D5CE890D7D9E->efcb8ff8-f060-4d95-9215-d0f5eb4af037: receive RaftClientReply:client-D5CE890D7D9E->efcb8ff8-f060-4d95-9215-d0f5eb4af037@group-0959F8DF43ED, cid=1034, SUCCESS, logIndex=1410, commits[efcb8ff8-f060-4d95-9215-d0f5eb4af037:c1410, 6fae8b02-e804-4c0e-b729-a97b7404b7f6:c1406, 4c3e8a66-6975-4917-8225-d3efe707aaff:c1406]
2019-09-04 11:46:02,745 | INFO  | DNAudit | user=null | ip=null | op=WRITE_CHUNK {blockData=conID: 1 locID: 102734073356747198 bcsId: 1406} | ret=SUCCESS |  
2019-09-04 11:46:02,745 | INFO  | DNAudit | user=null | ip=null | op=WRITE_CHUNK {blockData=conID: 1 locID: 102734073356747198 bcsId: 1406} | ret=SUCCESS |  
2019-09-04 11:46:02,745 | INFO  | DNAudit | user=null | ip=null | op=PUT_BLOCK {blockData=[blockId=conID: 1 locID: 102734073356747198 bcsId: 0,size=4194304]} | ret=SUCCESS |  
2019-09-04 11:46:02,746 | INFO  | DNAudit | user=null | ip=null | op=PUT_BLOCK {blockData=[blockId=conID: 1 locID: 102734073356747198 bcsId: 0,size=4194304]} | ret=SUCCESS |  
2019-09-04 11:46:02,747 [grpc-default-executor-0] INFO  client.GrpcClientProtocolClient (GrpcClientProtocolClient.java:onNext(255)) - client-D5CE890D7D9E->efcb8ff8-f060-4d95-9215-d0f5eb4af037: receive RaftClientReply:client-D5CE890D7D9E->efcb8ff8-f060-4d95-9215-d0f5eb4af037@group-0959F8DF43ED, cid=1035, SUCCESS, logIndex=0, commits[efcb8ff8-f060-4d95-9215-d0f5eb4af037:c1411, 6fae8b02-e804-4c0e-b729-a97b7404b7f6:c1410, 4c3e8a66-6975-4917-8225-d3efe707aaff:c1410]
2019-09-04 11:46:02,755 | INFO  | DNAudit | user=null | ip=null | op=WRITE_CHUNK {blockData=conID: 2 locID: 102734073356747199 bcsId: 0} | ret=SUCCESS |  
2019-09-04 11:46:02,757 | INFO  | DNAudit | user=null | ip=null | op=WRITE_CHUNK {blockData=conID: 2 locID: 102734073356747199 bcsId: 0} | ret=SUCCESS |  
2019-09-04 11:46:02,759 | INFO  | DNAudit | user=null | ip=null | op=WRITE_CHUNK {blockData=conID: 2 locID: 102734073356747199 bcsId: 0} | ret=SUCCESS |  
2019-09-04 11:46:02,759 | INFO  | DNAudit | user=null | ip=null | op=WRITE_CHUNK {blockData=conID: 2 locID: 102734073356747199 bcsId: 0} | ret=SUCCESS |  
2019-09-04 11:46:02,762 | INFO  | DNAudit | user=null | ip=null | op=WRITE_CHUNK {blockData=conID: 2 locID: 102734073356747199 bcsId: 0} | ret=SUCCESS |  
2019-09-04 11:46:02,762 | INFO  | DNAudit | user=null | ip=null | op=WRITE_CHUNK {blockData=conID: 2 locID: 102734073356747199 bcsId: 0} | ret=SUCCESS |  
2019-09-04 11:46:02,770 | INFO  | DNAudit | user=null | ip=null | op=WRITE_CHUNK {blockData=conID: 2 locID: 102734073356747199 bcsId: 0} | ret=SUCCESS |  
2019-09-04 11:46:02,771 | INFO  | DNAudit | user=null | ip=null | op=PUT_BLOCK {blockData=[blockId=conID: 2 locID: 102734073356747199 bcsId: 0,size=1048576]} | ret=SUCCESS |  
2019-09-04 11:46:02,771 [grpc-default-executor-0] INFO  client.GrpcClientProtocolClient (GrpcClientProtocolClient.java:onNext(255)) - client-D5CE890D7D9E->efcb8ff8-f060-4d95-9215-d0f5eb4af037: receive RaftClientReply:client-D5CE890D7D9E->efcb8ff8-f060-4d95-9215-d0f5eb4af037@group-0959F8DF43ED, cid=1036, SUCCESS, logIndex=1413, commits[efcb8ff8-f060-4d95-9215-d0f5eb4af037:c1414, 6fae8b02-e804-4c0e-b729-a97b7404b7f6:c1412, 4c3e8a66-6975-4917-8225-d3efe707aaff:c1412]
2019-09-04 11:46:02,771 | INFO  | DNAudit | user=null | ip=null | op=WRITE_CHUNK {blockData=conID: 2 locID: 102734073356747199 bcsId: 0} | ret=SUCCESS |  
2019-09-04 11:46:02,772 | INFO  | DNAudit | user=null | ip=null | op=WRITE_CHUNK {blockData=conID: 2 locID: 102734073356747199 bcsId: 0} | ret=SUCCESS |  
2019-09-04 11:46:02,772 | INFO  | DNAudit | user=null | ip=null | op=PUT_BLOCK {blockData=[blockId=conID: 2 locID: 102734073356747199 bcsId: 0,size=2097152]} | ret=SUCCESS |  
2019-09-04 11:46:02,772 [grpc-default-executor-0] INFO  client.GrpcClientProtocolClient (GrpcClientProtocolClient.java:onNext(255)) - client-D5CE890D7D9E->efcb8ff8-f060-4d95-9215-d0f5eb4af037: receive RaftClientReply:client-D5CE890D7D9E->efcb8ff8-f060-4d95-9215-d0f5eb4af037@group-0959F8DF43ED, cid=1037, SUCCESS, logIndex=1414, commits[efcb8ff8-f060-4d95-9215-d0f5eb4af037:c1415, 6fae8b02-e804-4c0e-b729-a97b7404b7f6:c1412, 4c3e8a66-6975-4917-8225-d3efe707aaff:c1412]
2019-09-04 11:46:02,772 | INFO  | DNAudit | user=null | ip=null | op=PUT_BLOCK {blockData=[blockId=conID: 2 locID: 102734073356747199 bcsId: 0,size=1048576]} | ret=SUCCESS |  
2019-09-04 11:46:02,772 [grpc-default-executor-0] INFO  client.GrpcClientProtocolClient (GrpcClientProtocolClient.java:onNext(255)) - client-D5CE890D7D9E->efcb8ff8-f060-4d95-9215-d0f5eb4af037: receive RaftClientReply:client-D5CE890D7D9E->efcb8ff8-f060-4d95-9215-d0f5eb4af037@group-0959F8DF43ED, cid=1038, SUCCESS, logIndex=1415, commits[efcb8ff8-f060-4d95-9215-d0f5eb4af037:c1416, 6fae8b02-e804-4c0e-b729-a97b7404b7f6:c1412, 4c3e8a66-6975-4917-8225-d3efe707aaff:c1412]
2019-09-04 11:46:02,773 | INFO  | DNAudit | user=null | ip=null | op=WRITE_CHUNK {blockData=conID: 2 locID: 102734073356747199 bcsId: 0} | ret=SUCCESS |  
2019-09-04 11:46:02,773 [grpc-default-executor-0] INFO  client.GrpcClientProtocolClient (GrpcClientProtocolClient.java:onNext(255)) - client-D5CE890D7D9E->efcb8ff8-f060-4d95-9215-d0f5eb4af037: receive RaftClientReply:client-D5CE890D7D9E->efcb8ff8-f060-4d95-9215-d0f5eb4af037@group-0959F8DF43ED, cid=1039, SUCCESS, logIndex=1416, commits[efcb8ff8-f060-4d95-9215-d0f5eb4af037:c1418, 6fae8b02-e804-4c0e-b729-a97b7404b7f6:c1412, 4c3e8a66-6975-4917-8225-d3efe707aaff:c1414]
2019-09-04 11:46:02,773 | INFO  | DNAudit | user=null | ip=null | op=PUT_BLOCK {blockData=[blockId=conID: 2 locID: 102734073356747199 bcsId: 0,size=1048576]} | ret=SUCCESS |  
2019-09-04 11:46:02,773 | INFO  | DNAudit | user=null | ip=null | op=WRITE_CHUNK {blockData=conID: 2 locID: 102734073356747199 bcsId: 0} | ret=SUCCESS |  
2019-09-04 11:46:02,773 | INFO  | DNAudit | user=null | ip=null | op=WRITE_CHUNK {blockData=conID: 2 locID: 102734073356747199 bcsId: 0} | ret=SUCCESS |  
2019-09-04 11:46:02,773 | INFO  | DNAudit | user=null | ip=null | op=PUT_BLOCK {blockData=[blockId=conID: 2 locID: 102734073356747199 bcsId: 0,size=2097152]} | ret=SUCCESS |  
2019-09-04 11:46:02,774 | INFO  | DNAudit | user=null | ip=null | op=PUT_BLOCK {blockData=[blockId=conID: 2 locID: 102734073356747199 bcsId: 0,size=2097152]} | ret=SUCCESS |  
2019-09-04 11:46:02,774 [grpc-default-executor-0] INFO  client.GrpcClientProtocolClient (GrpcClientProtocolClient.java:onNext(255)) - client-D5CE890D7D9E->efcb8ff8-f060-4d95-9215-d0f5eb4af037: receive RaftClientReply:client-D5CE890D7D9E->efcb8ff8-f060-4d95-9215-d0f5eb4af037@group-0959F8DF43ED, cid=1040, SUCCESS, logIndex=0, commits[efcb8ff8-f060-4d95-9215-d0f5eb4af037:c1420, 6fae8b02-e804-4c0e-b729-a97b7404b7f6:c1415, 4c3e8a66-6975-4917-8225-d3efe707aaff:c1416]
2019-09-04 11:46:02,781 | INFO  | DNAudit | user=null | ip=null | op=WRITE_CHUNK {blockData=conID: 2 locID: 102734073356747199 bcsId: 1416} | ret=SUCCESS |  
2019-09-04 11:46:02,783 | INFO  | DNAudit | user=null | ip=null | op=WRITE_CHUNK {blockData=conID: 2 locID: 102734073356747199 bcsId: 1416} | ret=SUCCESS |  
2019-09-04 11:46:02,783 | INFO  | DNAudit | user=null | ip=null | op=WRITE_CHUNK {blockData=conID: 2 locID: 102734073356747199 bcsId: 1416} | ret=SUCCESS |  
2019-09-04 11:46:02,803 | INFO  | DNAudit | user=null | ip=null | op=WRITE_CHUNK {blockData=conID: 2 locID: 102734073356747199 bcsId: 1416} | ret=SUCCESS |  
2019-09-04 11:46:02,803 | INFO  | DNAudit | user=null | ip=null | op=PUT_BLOCK {blockData=[blockId=conID: 2 locID: 102734073356747199 bcsId: 0,size=3145728]} | ret=SUCCESS |  
2019-09-04 11:46:02,803 [grpc-default-executor-1] INFO  client.GrpcClientProtocolClient (GrpcClientProtocolClient.java:onNext(255)) - client-D5CE890D7D9E->efcb8ff8-f060-4d95-9215-d0f5eb4af037: receive RaftClientReply:client-D5CE890D7D9E->efcb8ff8-f060-4d95-9215-d0f5eb4af037@group-0959F8DF43ED, cid=1041, SUCCESS, logIndex=1421, commits[efcb8ff8-f060-4d95-9215-d0f5eb4af037:c1422, 6fae8b02-e804-4c0e-b729-a97b7404b7f6:c1416, 4c3e8a66-6975-4917-8225-d3efe707aaff:c1420]
2019-09-04 11:46:02,804 [grpc-default-executor-1] INFO  client.GrpcClientProtocolClient (GrpcClientProtocolClient.java:onNext(255)) - client-D5CE890D7D9E->efcb8ff8-f060-4d95-9215-d0f5eb4af037: receive RaftClientReply:client-D5CE890D7D9E->efcb8ff8-f060-4d95-9215-d0f5eb4af037@group-0959F8DF43ED, cid=1042, SUCCESS, logIndex=1422, commits[efcb8ff8-f060-4d95-9215-d0f5eb4af037:c1422, 6fae8b02-e804-4c0e-b729-a97b7404b7f6:c1420, 4c3e8a66-6975-4917-8225-d3efe707aaff:c1420]
2019-09-04 11:46:02,811 | INFO  | DNAudit | user=null | ip=null | op=WRITE_CHUNK {blockData=conID: 2 locID: 102734073356747199 bcsId: 1422} | ret=SUCCESS |  
2019-09-04 11:46:02,813 | INFO  | DNAudit | user=null | ip=null | op=WRITE_CHUNK {blockData=conID: 2 locID: 102734073356747199 bcsId: 1422} | ret=SUCCESS |  
2019-09-04 11:46:02,814 | INFO  | DNAudit | user=null | ip=null | op=WRITE_CHUNK {blockData=conID: 2 locID: 102734073356747199 bcsId: 1422} | ret=SUCCESS |  
2019-09-04 11:46:02,822 | INFO  | DNAudit | user=null | ip=null | op=WRITE_CHUNK {blockData=conID: 2 locID: 102734073356747199 bcsId: 1416} | ret=SUCCESS |  
2019-09-04 11:46:02,822 | INFO  | DNAudit | user=null | ip=null | op=WRITE_CHUNK {blockData=conID: 2 locID: 102734073356747199 bcsId: 1416} | ret=SUCCESS |  
2019-09-04 11:46:02,845 | INFO  | DNAudit | user=null | ip=null | op=PUT_BLOCK {blockData=[blockId=conID: 2 locID: 102734073356747199 bcsId: 0,size=3145728]} | ret=SUCCESS |  
2019-09-04 11:46:02,845 | INFO  | DNAudit | user=null | ip=null | op=PUT_BLOCK {blockData=[blockId=conID: 2 locID: 102734073356747199 bcsId: 0,size=3145728]} | ret=SUCCESS |  
2019-09-04 11:46:02,845 | INFO  | DNAudit | user=null | ip=null | op=WRITE_CHUNK {blockData=conID: 2 locID: 102734073356747199 bcsId: 1422} | ret=SUCCESS |  
2019-09-04 11:46:02,846 | INFO  | DNAudit | user=null | ip=null | op=PUT_BLOCK {blockData=[blockId=conID: 2 locID: 102734073356747199 bcsId: 0,size=4194304]} | ret=SUCCESS |  
2019-09-04 11:46:02,846 [grpc-default-executor-0] INFO  client.GrpcClientProtocolClient (GrpcClientProtocolClient.java:onNext(255)) - client-D5CE890D7D9E->efcb8ff8-f060-4d95-9215-d0f5eb4af037: receive RaftClientReply:client-D5CE890D7D9E->efcb8ff8-f060-4d95-9215-d0f5eb4af037@group-0959F8DF43ED, cid=1043, SUCCESS, logIndex=1425, commits[efcb8ff8-f060-4d95-9215-d0f5eb4af037:c1425, 6fae8b02-e804-4c0e-b729-a97b7404b7f6:c1422, 4c3e8a66-6975-4917-8225-d3efe707aaff:c1422]
2019-09-04 11:46:02,847 [grpc-default-executor-0] INFO  client.GrpcClientProtocolClient (GrpcClientProtocolClient.java:onNext(255)) - client-D5CE890D7D9E->efcb8ff8-f060-4d95-9215-d0f5eb4af037: receive RaftClientReply:client-D5CE890D7D9E->efcb8ff8-f060-4d95-9215-d0f5eb4af037@group-0959F8DF43ED, cid=1044, SUCCESS, logIndex=1426, commits[efcb8ff8-f060-4d95-9215-d0f5eb4af037:c1426, 6fae8b02-e804-4c0e-b729-a97b7404b7f6:c1422, 4c3e8a66-6975-4917-8225-d3efe707aaff:c1422]
2019-09-04 11:46:02,866 | INFO  | DNAudit | user=null | ip=null | op=WRITE_CHUNK {blockData=conID: 2 locID: 102734073356747199 bcsId: 1422} | ret=SUCCESS |  
2019-09-04 11:46:02,866 | INFO  | DNAudit | user=null | ip=null | op=WRITE_CHUNK {blockData=conID: 2 locID: 102734073356747199 bcsId: 1422} | ret=SUCCESS |  
2019-09-04 11:46:02,867 | INFO  | DNAudit | user=null | ip=null | op=PUT_BLOCK {blockData=[blockId=conID: 2 locID: 102734073356747199 bcsId: 0,size=4194304]} | ret=SUCCESS |  
2019-09-04 11:46:02,867 | INFO  | DNAudit | user=null | ip=null | op=PUT_BLOCK {blockData=[blockId=conID: 2 locID: 102734073356747199 bcsId: 0,size=4194304]} | ret=SUCCESS |  
2019-09-04 11:46:02,868 [grpc-default-executor-0] INFO  client.GrpcClientProtocolClient (GrpcClientProtocolClient.java:onNext(255)) - client-D5CE890D7D9E->efcb8ff8-f060-4d95-9215-d0f5eb4af037: receive RaftClientReply:client-D5CE890D7D9E->efcb8ff8-f060-4d95-9215-d0f5eb4af037@group-0959F8DF43ED, cid=1045, SUCCESS, logIndex=0, commits[efcb8ff8-f060-4d95-9215-d0f5eb4af037:c1428, 6fae8b02-e804-4c0e-b729-a97b7404b7f6:c1426, 4c3e8a66-6975-4917-8225-d3efe707aaff:c1426]
2019-09-04 11:46:02,875 | INFO  | DNAudit | user=null | ip=null | op=WRITE_CHUNK {blockData=conID: 3 locID: 102734073356747200 bcsId: 0} | ret=SUCCESS |  
2019-09-04 11:46:02,879 | INFO  | DNAudit | user=null | ip=null | op=WRITE_CHUNK {blockData=conID: 3 locID: 102734073356747200 bcsId: 0} | ret=SUCCESS |  
2019-09-04 11:46:02,879 | INFO  | DNAudit | user=null | ip=null | op=WRITE_CHUNK {blockData=conID: 3 locID: 102734073356747200 bcsId: 0} | ret=SUCCESS |  
2019-09-04 11:46:02,880 | INFO  | DNAudit | user=null | ip=null | op=WRITE_CHUNK {blockData=conID: 3 locID: 102734073356747200 bcsId: 0} | ret=SUCCESS |  
2019-09-04 11:46:02,883 | INFO  | DNAudit | user=null | ip=null | op=WRITE_CHUNK {blockData=conID: 3 locID: 102734073356747200 bcsId: 0} | ret=SUCCESS |  
2019-09-04 11:46:02,883 | INFO  | DNAudit | user=null | ip=null | op=WRITE_CHUNK {blockData=conID: 3 locID: 102734073356747200 bcsId: 0} | ret=SUCCESS |  
2019-09-04 11:46:02,897 | INFO  | DNAudit | user=null | ip=null | op=WRITE_CHUNK {blockData=conID: 3 locID: 102734073356747200 bcsId: 0} | ret=SUCCESS |  
2019-09-04 11:46:02,898 | INFO  | DNAudit | user=null | ip=null | op=PUT_BLOCK {blockData=[blockId=conID: 3 locID: 102734073356747200 bcsId: 0,size=1048576]} | ret=SUCCESS |  
2019-09-04 11:46:02,898 | INFO  | DNAudit | user=null | ip=null | op=WRITE_CHUNK {blockData=conID: 3 locID: 102734073356747200 bcsId: 0} | ret=SUCCESS |  
2019-09-04 11:46:02,898 [grpc-default-executor-1] INFO  client.GrpcClientProtocolClient (GrpcClientProtocolClient.java:onNext(255)) - client-D5CE890D7D9E->efcb8ff8-f060-4d95-9215-d0f5eb4af037: receive RaftClientReply:client-D5CE890D7D9E->efcb8ff8-f060-4d95-9215-d0f5eb4af037@group-0959F8DF43ED, cid=1046, SUCCESS, logIndex=1429, commits[efcb8ff8-f060-4d95-9215-d0f5eb4af037:c1430, 6fae8b02-e804-4c0e-b729-a97b7404b7f6:c1428, 4c3e8a66-6975-4917-8225-d3efe707aaff:c1428]
2019-09-04 11:46:02,898 | INFO  | DNAudit | user=null | ip=null | op=PUT_BLOCK {blockData=[blockId=conID: 3 locID: 102734073356747200 bcsId: 0,size=2097152]} | ret=SUCCESS |  
2019-09-04 11:46:02,899 [grpc-default-executor-1] INFO  client.GrpcClientProtocolClient (GrpcClientProtocolClient.java:onNext(255)) - client-D5CE890D7D9E->efcb8ff8-f060-4d95-9215-d0f5eb4af037: receive RaftClientReply:client-D5CE890D7D9E->efcb8ff8-f060-4d95-9215-d0f5eb4af037@group-0959F8DF43ED, cid=1047, SUCCESS, logIndex=1430, commits[efcb8ff8-f060-4d95-9215-d0f5eb4af037:c1430, 6fae8b02-e804-4c0e-b729-a97b7404b7f6:c1428, 4c3e8a66-6975-4917-8225-d3efe707aaff:c1428]
2019-09-04 11:46:02,900 | INFO  | DNAudit | user=null | ip=null | op=WRITE_CHUNK {blockData=conID: 3 locID: 102734073356747200 bcsId: 0} | ret=SUCCESS |  
2019-09-04 11:46:02,899 [grpc-default-executor-1] INFO  client.GrpcClientProtocolClient (GrpcClientProtocolClient.java:onNext(255)) - client-D5CE890D7D9E->efcb8ff8-f060-4d95-9215-d0f5eb4af037: receive RaftClientReply:client-D5CE890D7D9E->efcb8ff8-f060-4d95-9215-d0f5eb4af037@group-0959F8DF43ED, cid=1048, SUCCESS, logIndex=1431, commits[efcb8ff8-f060-4d95-9215-d0f5eb4af037:c1432, 6fae8b02-e804-4c0e-b729-a97b7404b7f6:c1428, 4c3e8a66-6975-4917-8225-d3efe707aaff:c1428]
2019-09-04 11:46:02,900 [grpc-default-executor-1] INFO  client.GrpcClientProtocolClient (GrpcClientProtocolClient.java:onNext(255)) - client-D5CE890D7D9E->efcb8ff8-f060-4d95-9215-d0f5eb4af037: receive RaftClientReply:client-D5CE890D7D9E->efcb8ff8-f060-4d95-9215-d0f5eb4af037@group-0959F8DF43ED, cid=1049, SUCCESS, logIndex=1432, commits[efcb8ff8-f060-4d95-9215-d0f5eb4af037:c1432, 6fae8b02-e804-4c0e-b729-a97b7404b7f6:c1428, 4c3e8a66-6975-4917-8225-d3efe707aaff:c1428]
2019-09-04 11:46:02,900 | INFO  | DNAudit | user=null | ip=null | op=PUT_BLOCK {blockData=[blockId=conID: 3 locID: 102734073356747200 bcsId: 0,size=1048576]} | ret=SUCCESS |  
 0.00% |█                                                                                                    |  0/1 Time: 0:00:082019-09-04 11:46:02,900 | INFO  | DNAudit | user=null | ip=null | op=WRITE_CHUNK {blockData=conID: 3 locID: 102734073356747200 bcsId: 0} | ret=SUCCESS |  
2019-09-04 11:46:02,900 | INFO  | DNAudit | user=null | ip=null | op=WRITE_CHUNK {blockData=conID: 3 locID: 102734073356747200 bcsId: 0} | ret=SUCCESS |  
2019-09-04 11:46:02,901 | INFO  | DNAudit | user=null | ip=null | op=PUT_BLOCK {blockData=[blockId=conID: 3 locID: 102734073356747200 bcsId: 0,size=2097152]} | ret=SUCCESS |  
2019-09-04 11:46:02,901 | INFO  | DNAudit | user=null | ip=null | op=PUT_BLOCK {blockData=[blockId=conID: 3 locID: 102734073356747200 bcsId: 0,size=1048576]} | ret=SUCCESS |  
2019-09-04 11:46:02,901 | INFO  | DNAudit | user=null | ip=null | op=WRITE_CHUNK {blockData=conID: 3 locID: 102734073356747200 bcsId: 0} | ret=SUCCESS |  
2019-09-04 11:46:02,901 | INFO  | DNAudit | user=null | ip=null | op=PUT_BLOCK {blockData=[blockId=conID: 3 locID: 102734073356747200 bcsId: 0,size=2097152]} | ret=SUCCESS |  
2019-09-04 11:46:02,902 [grpc-default-executor-1] INFO  client.GrpcClientProtocolClient (GrpcClientProtocolClient.java:onNext(255)) - client-D5CE890D7D9E->efcb8ff8-f060-4d95-9215-d0f5eb4af037: receive RaftClientReply:client-D5CE890D7D9E->efcb8ff8-f060-4d95-9215-d0f5eb4af037@group-0959F8DF43ED, cid=1050, SUCCESS, logIndex=0, commits[efcb8ff8-f060-4d95-9215-d0f5eb4af037:c1435, 6fae8b02-e804-4c0e-b729-a97b7404b7f6:c1430, 4c3e8a66-6975-4917-8225-d3efe707aaff:c1432]
2019-09-04 11:46:02,909 | INFO  | DNAudit | user=null | ip=null | op=WRITE_CHUNK {blockData=conID: 3 locID: 102734073356747200 bcsId: 1432} | ret=SUCCESS |  
2019-09-04 11:46:02,912 | INFO  | DNAudit | user=null | ip=null | op=WRITE_CHUNK {blockData=conID: 3 locID: 102734073356747200 bcsId: 1432} | ret=SUCCESS |  
2019-09-04 11:46:02,912 | INFO  | DNAudit | user=null | ip=null | op=WRITE_CHUNK {blockData=conID: 3 locID: 102734073356747200 bcsId: 1432} | ret=SUCCESS |  
2019-09-04 11:46:02,927 | INFO  | DNAudit | user=null | ip=null | op=WRITE_CHUNK {blockData=conID: 3 locID: 102734073356747200 bcsId: 1432} | ret=SUCCESS |  
2019-09-04 11:46:02,927 | INFO  | DNAudit | user=null | ip=null | op=PUT_BLOCK {blockData=[blockId=conID: 3 locID: 102734073356747200 bcsId: 0,size=3145728]} | ret=SUCCESS |  
2019-09-04 11:46:02,928 [grpc-default-executor-1] INFO  client.GrpcClientProtocolClient (GrpcClientProtocolClient.java:onNext(255)) - client-D5CE890D7D9E->efcb8ff8-f060-4d95-9215-d0f5eb4af037: receive RaftClientReply:client-D5CE890D7D9E->efcb8ff8-f060-4d95-9215-d0f5eb4af037@group-0959F8DF43ED, cid=1051, SUCCESS, logIndex=1437, commits[efcb8ff8-f060-4d95-9215-d0f5eb4af037:c1438, 6fae8b02-e804-4c0e-b729-a97b7404b7f6:c1436, 4c3e8a66-6975-4917-8225-d3efe707aaff:c1436]
2019-09-04 11:46:02,928 [grpc-default-executor-1] INFO  client.GrpcClientProtocolClient (GrpcClientProtocolClient.java:onNext(255)) - client-D5CE890D7D9E->efcb8ff8-f060-4d95-9215-d0f5eb4af037: receive RaftClientReply:client-D5CE890D7D9E->efcb8ff8-f060-4d95-9215-d0f5eb4af037@group-0959F8DF43ED, cid=1052, SUCCESS, logIndex=1438, commits[efcb8ff8-f060-4d95-9215-d0f5eb4af037:c1438, 6fae8b02-e804-4c0e-b729-a97b7404b7f6:c1436, 4c3e8a66-6975-4917-8225-d3efe707aaff:c1436]
2019-09-04 11:46:02,936 | INFO  | DNAudit | user=null | ip=null | op=WRITE_CHUNK {blockData=conID: 3 locID: 102734073356747200 bcsId: 1438} | ret=SUCCESS |  
2019-09-04 11:46:02,939 | INFO  | DNAudit | user=null | ip=null | op=WRITE_CHUNK {blockData=conID: 3 locID: 102734073356747200 bcsId: 1438} | ret=SUCCESS |  
2019-09-04 11:46:02,939 | INFO  | DNAudit | user=null | ip=null | op=WRITE_CHUNK {blockData=conID: 3 locID: 102734073356747200 bcsId: 1438} | ret=SUCCESS |  
2019-09-04 11:46:02,956 | INFO  | DNAudit | user=null | ip=null | op=WRITE_CHUNK {blockData=conID: 3 locID: 102734073356747200 bcsId: 1432} | ret=SUCCESS |  
2019-09-04 11:46:02,956 | INFO  | DNAudit | user=null | ip=null | op=WRITE_CHUNK {blockData=conID: 3 locID: 102734073356747200 bcsId: 1432} | ret=SUCCESS |  
2019-09-04 11:46:02,956 | INFO  | DNAudit | user=null | ip=null | op=PUT_BLOCK {blockData=[blockId=conID: 3 locID: 102734073356747200 bcsId: 0,size=3145728]} | ret=SUCCESS |  
2019-09-04 11:46:02,956 | INFO  | DNAudit | user=null | ip=null | op=PUT_BLOCK {blockData=[blockId=conID: 3 locID: 102734073356747200 bcsId: 0,size=3145728]} | ret=SUCCESS |  
2019-09-04 11:46:02,957 | INFO  | DNAudit | user=null | ip=null | op=WRITE_CHUNK {blockData=conID: 3 locID: 102734073356747200 bcsId: 1438} | ret=SUCCESS |  
2019-09-04 11:46:02,958 | INFO  | DNAudit | user=null | ip=null | op=PUT_BLOCK {blockData=[blockId=conID: 3 locID: 102734073356747200 bcsId: 0,size=4194304]} | ret=SUCCESS |  
2019-09-04 11:46:02,958 [grpc-default-executor-4] INFO  client.GrpcClientProtocolClient (GrpcClientProtocolClient.java:onNext(255)) - client-D5CE890D7D9E->efcb8ff8-f060-4d95-9215-d0f5eb4af037: receive RaftClientReply:client-D5CE890D7D9E->efcb8ff8-f060-4d95-9215-d0f5eb4af037@group-0959F8DF43ED, cid=1053, SUCCESS, logIndex=1441, commits[efcb8ff8-f060-4d95-9215-d0f5eb4af037:c1442, 6fae8b02-e804-4c0e-b729-a97b7404b7f6:c1438, 4c3e8a66-6975-4917-8225-d3efe707aaff:c1438]
2019-09-04 11:46:02,959 [grpc-default-executor-4] INFO  client.GrpcClientProtocolClient (GrpcClientProtocolClient.java:onNext(255)) - client-D5CE890D7D9E->efcb8ff8-f060-4d95-9215-d0f5eb4af037: receive RaftClientReply:client-D5CE890D7D9E->efcb8ff8-f060-4d95-9215-d0f5eb4af037@group-0959F8DF43ED, cid=1054, SUCCESS, logIndex=1442, commits[efcb8ff8-f060-4d95-9215-d0f5eb4af037:c1442, 6fae8b02-e804-4c0e-b729-a97b7404b7f6:c1438, 4c3e8a66-6975-4917-8225-d3efe707aaff:c1438]
2019-09-04 11:46:03,049 | INFO  | DNAudit | user=null | ip=null | op=WRITE_CHUNK {blockData=conID: 3 locID: 102734073356747200 bcsId: 1438} | ret=SUCCESS |  
2019-09-04 11:46:03,049 | INFO  | DNAudit | user=null | ip=null | op=WRITE_CHUNK {blockData=conID: 3 locID: 102734073356747200 bcsId: 1438} | ret=SUCCESS |  
2019-09-04 11:46:03,050 | INFO  | DNAudit | user=null | ip=null | op=PUT_BLOCK {blockData=[blockId=conID: 3 locID: 102734073356747200 bcsId: 0,size=4194304]} | ret=SUCCESS |  
2019-09-04 11:46:03,050 | INFO  | DNAudit | user=null | ip=null | op=PUT_BLOCK {blockData=[blockId=conID: 3 locID: 102734073356747200 bcsId: 0,size=4194304]} | ret=SUCCESS |  
2019-09-04 11:46:03,051 [grpc-default-executor-4] INFO  client.GrpcClientProtocolClient (GrpcClientProtocolClient.java:onNext(255)) - client-D5CE890D7D9E->efcb8ff8-f060-4d95-9215-d0f5eb4af037: receive RaftClientReply:client-D5CE890D7D9E->efcb8ff8-f060-4d95-9215-d0f5eb4af037@group-0959F8DF43ED, cid=1055, SUCCESS, logIndex=0, commits[efcb8ff8-f060-4d95-9215-d0f5eb4af037:c1444, 6fae8b02-e804-4c0e-b729-a97b7404b7f6:c1442, 4c3e8a66-6975-4917-8225-d3efe707aaff:c1442]
2019-09-04 11:46:03,060 | INFO  | DNAudit | user=null | ip=null | op=WRITE_CHUNK {blockData=conID: 1 locID: 102734073356747201 bcsId: 0} | ret=SUCCESS |  
2019-09-04 11:46:03,065 | INFO  | DNAudit | user=null | ip=null | op=WRITE_CHUNK {blockData=conID: 1 locID: 102734073356747201 bcsId: 0} | ret=SUCCESS |  
2019-09-04 11:46:03,065 | INFO  | DNAudit | user=null | ip=null | op=WRITE_CHUNK {blockData=conID: 1 locID: 102734073356747201 bcsId: 0} | ret=SUCCESS |  
2019-09-04 11:46:03,065 | INFO  | DNAudit | user=null | ip=null | op=WRITE_CHUNK {blockData=conID: 1 locID: 102734073356747201 bcsId: 0} | ret=SUCCESS |  
2019-09-04 11:46:03,069 | INFO  | DNAudit | user=null | ip=null | op=WRITE_CHUNK {blockData=conID: 1 locID: 102734073356747201 bcsId: 0} | ret=SUCCESS |  
2019-09-04 11:46:03,069 | INFO  | DNAudit | user=null | ip=null | op=WRITE_CHUNK {blockData=conID: 1 locID: 102734073356747201 bcsId: 0} | ret=SUCCESS |  
2019-09-04 11:46:03,083 | INFO  | SCMAudit | user=jenkins1000 | ip=192.168.36.67 | op=SEND_HEARTBEAT {datanodeUUID=b68b188c-7f38-42ae-8403-46a39acd0731, command=[]} | ret=SUCCESS |  
2019-09-04 11:46:03,119 | INFO  | DNAudit | user=null | ip=null | op=WRITE_CHUNK {blockData=conID: 1 locID: 102734073356747201 bcsId: 0} | ret=SUCCESS |  
2019-09-04 11:46:03,119 | INFO  | DNAudit | user=null | ip=null | op=PUT_BLOCK {blockData=[blockId=conID: 1 locID: 102734073356747201 bcsId: 0,size=1048576]} | ret=SUCCESS |  
2019-09-04 11:46:03,119 [grpc-default-executor-4] INFO  client.GrpcClientProtocolClient (GrpcClientProtocolClient.java:onNext(255)) - client-D5CE890D7D9E->efcb8ff8-f060-4d95-9215-d0f5eb4af037: receive RaftClientReply:client-D5CE890D7D9E->efcb8ff8-f060-4d95-9215-d0f5eb4af037@group-0959F8DF43ED, cid=1056, SUCCESS, logIndex=1445, commits[efcb8ff8-f060-4d95-9215-d0f5eb4af037:c1446, 6fae8b02-e804-4c0e-b729-a97b7404b7f6:c1444, 4c3e8a66-6975-4917-8225-d3efe707aaff:c1444]
2019-09-04 11:46:03,120 [grpc-default-executor-4] INFO  client.GrpcClientProtocolClient (GrpcClientProtocolClient.java:onNext(255)) - client-D5CE890D7D9E->efcb8ff8-f060-4d95-9215-d0f5eb4af037: receive RaftClientReply:client-D5CE890D7D9E->efcb8ff8-f060-4d95-9215-d0f5eb4af037@group-0959F8DF43ED, cid=1057, SUCCESS, logIndex=1446, commits[efcb8ff8-f060-4d95-9215-d0f5eb4af037:c1446, 6fae8b02-e804-4c0e-b729-a97b7404b7f6:c1444, 4c3e8a66-6975-4917-8225-d3efe707aaff:c1444]
2019-09-04 11:46:03,140 | INFO  | DNAudit | user=null | ip=null | op=WRITE_CHUNK {blockData=conID: 1 locID: 102734073356747201 bcsId: 0} | ret=SUCCESS |  
2019-09-04 11:46:03,140 | INFO  | DNAudit | user=null | ip=null | op=PUT_BLOCK {blockData=[blockId=conID: 1 locID: 102734073356747201 bcsId: 0,size=2097152]} | ret=SUCCESS |  
2019-09-04 11:46:03,140 [grpc-default-executor-4] INFO  client.GrpcClientProtocolClient (GrpcClientProtocolClient.java:onNext(255)) - client-D5CE890D7D9E->efcb8ff8-f060-4d95-9215-d0f5eb4af037: receive RaftClientReply:client-D5CE890D7D9E->efcb8ff8-f060-4d95-9215-d0f5eb4af037@group-0959F8DF43ED, cid=1058, SUCCESS, logIndex=1447, commits[efcb8ff8-f060-4d95-9215-d0f5eb4af037:c1448, 6fae8b02-e804-4c0e-b729-a97b7404b7f6:c1444, 4c3e8a66-6975-4917-8225-d3efe707aaff:c1444]
2019-09-04 11:46:03,141 [grpc-default-executor-4] INFO  client.GrpcClientProtocolClient (GrpcClientProtocolClient.java:onNext(255)) - client-D5CE890D7D9E->efcb8ff8-f060-4d95-9215-d0f5eb4af037: receive RaftClientReply:client-D5CE890D7D9E->efcb8ff8-f060-4d95-9215-d0f5eb4af037@group-0959F8DF43ED, cid=1059, SUCCESS, logIndex=1448, commits[efcb8ff8-f060-4d95-9215-d0f5eb4af037:c1448, 6fae8b02-e804-4c0e-b729-a97b7404b7f6:c1444, 4c3e8a66-6975-4917-8225-d3efe707aaff:c1444]
2019-09-04 11:46:03,190 | INFO  | DNAudit | user=null | ip=null | op=WRITE_CHUNK {blockData=conID: 1 locID: 102734073356747201 bcsId: 0} | ret=SUCCESS |  
2019-09-04 11:46:03,190 | INFO  | DNAudit | user=null | ip=null | op=WRITE_CHUNK {blockData=conID: 1 locID: 102734073356747201 bcsId: 0} | ret=SUCCESS |  
2019-09-04 11:46:03,190 | INFO  | DNAudit | user=null | ip=null | op=PUT_BLOCK {blockData=[blockId=conID: 1 locID: 102734073356747201 bcsId: 0,size=1048576]} | ret=SUCCESS |  
2019-09-04 11:46:03,190 | INFO  | DNAudit | user=null | ip=null | op=PUT_BLOCK {blockData=[blockId=conID: 1 locID: 102734073356747201 bcsId: 0,size=1048576]} | ret=SUCCESS |  
2019-09-04 11:46:03,190 [grpc-default-executor-4] INFO  client.GrpcClientProtocolClient (GrpcClientProtocolClient.java:onNext(255)) - client-D5CE890D7D9E->efcb8ff8-f060-4d95-9215-d0f5eb4af037: receive RaftClientReply:client-D5CE890D7D9E->efcb8ff8-f060-4d95-9215-d0f5eb4af037@group-0959F8DF43ED, cid=1060, SUCCESS, logIndex=0, commits[efcb8ff8-f060-4d95-9215-d0f5eb4af037:c1450, 6fae8b02-e804-4c0e-b729-a97b7404b7f6:c1446, 4c3e8a66-6975-4917-8225-d3efe707aaff:c1446]
2019-09-04 11:46:03,198 | INFO  | DNAudit | user=null | ip=null | op=WRITE_CHUNK {blockData=conID: 1 locID: 102734073356747201 bcsId: 1448} | ret=SUCCESS |  
2019-09-04 11:46:03,201 | INFO  | DNAudit | user=null | ip=null | op=WRITE_CHUNK {blockData=conID: 1 locID: 102734073356747201 bcsId: 1448} | ret=SUCCESS |  
2019-09-04 11:46:03,201 | INFO  | DNAudit | user=null | ip=null | op=WRITE_CHUNK {blockData=conID: 1 locID: 102734073356747201 bcsId: 1448} | ret=SUCCESS |  
2019-09-04 11:46:03,222 | INFO  | DNAudit | user=null | ip=null | op=WRITE_CHUNK {blockData=conID: 1 locID: 102734073356747201 bcsId: 0} | ret=SUCCESS |  
2019-09-04 11:46:03,223 | INFO  | DNAudit | user=null | ip=null | op=WRITE_CHUNK {blockData=conID: 1 locID: 102734073356747201 bcsId: 0} | ret=SUCCESS |  
2019-09-04 11:46:03,223 | INFO  | DNAudit | user=null | ip=null | op=PUT_BLOCK {blockData=[blockId=conID: 1 locID: 102734073356747201 bcsId: 0,size=2097152]} | ret=SUCCESS |  
2019-09-04 11:46:03,223 | INFO  | DNAudit | user=null | ip=null | op=PUT_BLOCK {blockData=[blockId=conID: 1 locID: 102734073356747201 bcsId: 0,size=2097152]} | ret=SUCCESS |  
2019-09-04 11:46:03,224 | INFO  | DNAudit | user=null | ip=null | op=WRITE_CHUNK {blockData=conID: 1 locID: 102734073356747201 bcsId: 1448} | ret=SUCCESS |  
2019-09-04 11:46:03,224 | INFO  | DNAudit | user=null | ip=null | op=PUT_BLOCK {blockData=[blockId=conID: 1 locID: 102734073356747201 bcsId: 0,size=3145728]} | ret=SUCCESS |  
2019-09-04 11:46:03,225 [grpc-default-executor-4] INFO  client.GrpcClientProtocolClient (GrpcClientProtocolClient.java:onNext(255)) - client-D5CE890D7D9E->efcb8ff8-f060-4d95-9215-d0f5eb4af037: receive RaftClientReply:client-D5CE890D7D9E->efcb8ff8-f060-4d95-9215-d0f5eb4af037@group-0959F8DF43ED, cid=1061, SUCCESS, logIndex=1453, commits[efcb8ff8-f060-4d95-9215-d0f5eb4af037:c1454, 6fae8b02-e804-4c0e-b729-a97b7404b7f6:c1448, 4c3e8a66-6975-4917-8225-d3efe707aaff:c1450]
2019-09-04 11:46:03,225 [grpc-default-executor-4] INFO  client.GrpcClientProtocolClient (GrpcClientProtocolClient.java:onNext(255)) - client-D5CE890D7D9E->efcb8ff8-f060-4d95-9215-d0f5eb4af037: receive RaftClientReply:client-D5CE890D7D9E->efcb8ff8-f060-4d95-9215-d0f5eb4af037@group-0959F8DF43ED, cid=1062, SUCCESS, logIndex=1454, commits[efcb8ff8-f060-4d95-9215-d0f5eb4af037:c1454, 6fae8b02-e804-4c0e-b729-a97b7404b7f6:c1450, 4c3e8a66-6975-4917-8225-d3efe707aaff:c1450]
2019-09-04 11:46:03,233 | INFO  | DNAudit | user=null | ip=null | op=WRITE_CHUNK {blockData=conID: 1 locID: 102734073356747201 bcsId: 1454} | ret=SUCCESS |  
2019-09-04 11:46:03,235 | INFO  | DNAudit | user=null | ip=null | op=WRITE_CHUNK {blockData=conID: 1 locID: 102734073356747201 bcsId: 1454} | ret=SUCCESS |  
2019-09-04 11:46:03,236 | INFO  | DNAudit | user=null | ip=null | op=WRITE_CHUNK {blockData=conID: 1 locID: 102734073356747201 bcsId: 1454} | ret=SUCCESS |  
2019-09-04 11:46:03,253 | INFO  | DNAudit | user=null | ip=null | op=WRITE_CHUNK {blockData=conID: 1 locID: 102734073356747201 bcsId: 1448} | ret=SUCCESS |  
2019-09-04 11:46:03,253 | INFO  | DNAudit | user=null | ip=null | op=WRITE_CHUNK {blockData=conID: 1 locID: 102734073356747201 bcsId: 1448} | ret=SUCCESS |  
2019-09-04 11:46:03,254 | INFO  | DNAudit | user=null | ip=null | op=PUT_BLOCK {blockData=[blockId=conID: 1 locID: 102734073356747201 bcsId: 0,size=3145728]} | ret=SUCCESS |  
2019-09-04 11:46:03,254 | INFO  | DNAudit | user=null | ip=null | op=PUT_BLOCK {blockData=[blockId=conID: 1 locID: 102734073356747201 bcsId: 0,size=3145728]} | ret=SUCCESS |  
2019-09-04 11:46:03,254 | INFO  | DNAudit | user=null | ip=null | op=WRITE_CHUNK {blockData=conID: 1 locID: 102734073356747201 bcsId: 1454} | ret=SUCCESS |  
2019-09-04 11:46:03,255 | INFO  | DNAudit | user=null | ip=null | op=PUT_BLOCK {blockData=[blockId=conID: 1 locID: 102734073356747201 bcsId: 0,size=4194304]} | ret=SUCCESS |  
2019-09-04 11:46:03,255 [grpc-default-executor-0] INFO  client.GrpcClientProtocolClient (GrpcClientProtocolClient.java:onNext(255)) - client-D5CE890D7D9E->efcb8ff8-f060-4d95-9215-d0f5eb4af037: receive RaftClientReply:client-D5CE890D7D9E->efcb8ff8-f060-4d95-9215-d0f5eb4af037@group-0959F8DF43ED, cid=1063, SUCCESS, logIndex=1457, commits[efcb8ff8-f060-4d95-9215-d0f5eb4af037:c1458, 6fae8b02-e804-4c0e-b729-a97b7404b7f6:c1454, 4c3e8a66-6975-4917-8225-d3efe707aaff:c1454]
2019-09-04 11:46:03,256 [grpc-default-executor-0] INFO  client.GrpcClientProtocolClient (GrpcClientProtocolClient.java:onNext(255)) - client-D5CE890D7D9E->efcb8ff8-f060-4d95-9215-d0f5eb4af037: receive RaftClientReply:client-D5CE890D7D9E->efcb8ff8-f060-4d95-9215-d0f5eb4af037@group-0959F8DF43ED, cid=1064, SUCCESS, logIndex=1458, commits[efcb8ff8-f060-4d95-9215-d0f5eb4af037:c1458, 6fae8b02-e804-4c0e-b729-a97b7404b7f6:c1454, 4c3e8a66-6975-4917-8225-d3efe707aaff:c1454]
2019-09-04 11:46:03,282 | INFO  | DNAudit | user=null | ip=null | op=WRITE_CHUNK {blockData=conID: 1 locID: 102734073356747201 bcsId: 1454} | ret=SUCCESS |  
2019-09-04 11:46:03,282 | INFO  | DNAudit | user=null | ip=null | op=WRITE_CHUNK {blockData=conID: 1 locID: 102734073356747201 bcsId: 1454} | ret=SUCCESS |  
2019-09-04 11:46:03,283 | INFO  | DNAudit | user=null | ip=null | op=PUT_BLOCK {blockData=[blockId=conID: 1 locID: 102734073356747201 bcsId: 0,size=4194304]} | ret=SUCCESS |  
2019-09-04 11:46:03,283 | INFO  | DNAudit | user=null | ip=null | op=PUT_BLOCK {blockData=[blockId=conID: 1 locID: 102734073356747201 bcsId: 0,size=4194304]} | ret=SUCCESS |  
2019-09-04 11:46:03,284 [grpc-default-executor-0] INFO  client.GrpcClientProtocolClient (GrpcClientProtocolClient.java:onNext(255)) - client-D5CE890D7D9E->efcb8ff8-f060-4d95-9215-d0f5eb4af037: receive RaftClientReply:client-D5CE890D7D9E->efcb8ff8-f060-4d95-9215-d0f5eb4af037@group-0959F8DF43ED, cid=1065, SUCCESS, logIndex=0, commits[efcb8ff8-f060-4d95-9215-d0f5eb4af037:c1460, 6fae8b02-e804-4c0e-b729-a97b7404b7f6:c1458, 4c3e8a66-6975-4917-8225-d3efe707aaff:c1458]
2019-09-04 11:46:03,291 | INFO  | DNAudit | user=null | ip=null | op=WRITE_CHUNK {blockData=conID: 2 locID: 102734073356747202 bcsId: 0} | ret=SUCCESS |  
2019-09-04 11:46:03,293 | INFO  | DNAudit | user=null | ip=null | op=WRITE_CHUNK {blockData=conID: 2 locID: 102734073356747202 bcsId: 0} | ret=SUCCESS |  
2019-09-04 11:46:03,294 | INFO  | DNAudit | user=null | ip=null | op=WRITE_CHUNK {blockData=conID: 2 locID: 102734073356747202 bcsId: 0} | ret=SUCCESS |  
2019-09-04 11:46:03,294 | INFO  | DNAudit | user=null | ip=null | op=WRITE_CHUNK {blockData=conID: 2 locID: 102734073356747202 bcsId: 0} | ret=SUCCESS |  
2019-09-04 11:46:03,296 | INFO  | DNAudit | user=null | ip=null | op=WRITE_CHUNK {blockData=conID: 2 locID: 102734073356747202 bcsId: 0} | ret=SUCCESS |  
2019-09-04 11:46:03,296 | INFO  | DNAudit | user=null | ip=null | op=WRITE_CHUNK {blockData=conID: 2 locID: 102734073356747202 bcsId: 0} | ret=SUCCESS |  
2019-09-04 11:46:03,316 | INFO  | DNAudit | user=null | ip=null | op=WRITE_CHUNK {blockData=conID: 2 locID: 102734073356747202 bcsId: 0} | ret=SUCCESS |  
2019-09-04 11:46:03,316 | INFO  | DNAudit | user=null | ip=null | op=PUT_BLOCK {blockData=[blockId=conID: 2 locID: 102734073356747202 bcsId: 0,size=1048576]} | ret=SUCCESS |  
2019-09-04 11:46:03,316 [grpc-default-executor-0] INFO  client.GrpcClientProtocolClient (GrpcClientProtocolClient.java:onNext(255)) - client-D5CE890D7D9E->efcb8ff8-f060-4d95-9215-d0f5eb4af037: receive RaftClientReply:client-D5CE890D7D9E->efcb8ff8-f060-4d95-9215-d0f5eb4af037@group-0959F8DF43ED, cid=1066, SUCCESS, logIndex=1461, commits[efcb8ff8-f060-4d95-9215-d0f5eb4af037:c1462, 6fae8b02-e804-4c0e-b729-a97b7404b7f6:c1460, 4c3e8a66-6975-4917-8225-d3efe707aaff:c1460]
2019-09-04 11:46:03,317 [grpc-default-executor-0] INFO  client.GrpcClientProtocolClient (GrpcClientProtocolClient.java:onNext(255)) - client-D5CE890D7D9E->efcb8ff8-f060-4d95-9215-d0f5eb4af037: receive RaftClientReply:client-D5CE890D7D9E->efcb8ff8-f060-4d95-9215-d0f5eb4af037@group-0959F8DF43ED, cid=1067, SUCCESS, logIndex=1462, commits[efcb8ff8-f060-4d95-9215-d0f5eb4af037:c1462, 6fae8b02-e804-4c0e-b729-a97b7404b7f6:c1460, 4c3e8a66-6975-4917-8225-d3efe707aaff:c1460]
2019-09-04 11:46:03,342 | INFO  | DNAudit | user=null | ip=null | op=WRITE_CHUNK {blockData=conID: 2 locID: 102734073356747202 bcsId: 0} | ret=SUCCESS |  
2019-09-04 11:46:03,342 | INFO  | DNAudit | user=null | ip=null | op=PUT_BLOCK {blockData=[blockId=conID: 2 locID: 102734073356747202 bcsId: 0,size=2097152]} | ret=SUCCESS |  
2019-09-04 11:46:03,342 [grpc-default-executor-6] INFO  client.GrpcClientProtocolClient (GrpcClientProtocolClient.java:onNext(255)) - client-D5CE890D7D9E->efcb8ff8-f060-4d95-9215-d0f5eb4af037: receive RaftClientReply:client-D5CE890D7D9E->efcb8ff8-f060-4d95-9215-d0f5eb4af037@group-0959F8DF43ED, cid=1068, SUCCESS, logIndex=1463, commits[efcb8ff8-f060-4d95-9215-d0f5eb4af037:c1464, 6fae8b02-e804-4c0e-b729-a97b7404b7f6:c1460, 4c3e8a66-6975-4917-8225-d3efe707aaff:c1460]
2019-09-04 11:46:03,343 [grpc-default-executor-6] INFO  client.GrpcClientProtocolClient (GrpcClientProtocolClient.java:onNext(255)) - client-D5CE890D7D9E->efcb8ff8-f060-4d95-9215-d0f5eb4af037: receive RaftClientReply:client-D5CE890D7D9E->efcb8ff8-f060-4d95-9215-d0f5eb4af037@group-0959F8DF43ED, cid=1069, SUCCESS, logIndex=1464, commits[efcb8ff8-f060-4d95-9215-d0f5eb4af037:c1464, 6fae8b02-e804-4c0e-b729-a97b7404b7f6:c1460, 4c3e8a66-6975-4917-8225-d3efe707aaff:c1460]
2019-09-04 11:46:03,398 | INFO  | DNAudit | user=null | ip=null | op=WRITE_CHUNK {blockData=conID: 2 locID: 102734073356747202 bcsId: 0} | ret=SUCCESS |  
2019-09-04 11:46:03,399 | INFO  | DNAudit | user=null | ip=null | op=PUT_BLOCK {blockData=[blockId=conID: 2 locID: 102734073356747202 bcsId: 0,size=1048576]} | ret=SUCCESS |  
2019-09-04 11:46:03,399 | INFO  | DNAudit | user=null | ip=null | op=WRITE_CHUNK {blockData=conID: 2 locID: 102734073356747202 bcsId: 0} | ret=SUCCESS |  
2019-09-04 11:46:03,399 | INFO  | DNAudit | user=null | ip=null | op=PUT_BLOCK {blockData=[blockId=conID: 2 locID: 102734073356747202 bcsId: 0,size=1048576]} | ret=SUCCESS |  
2019-09-04 11:46:03,400 | INFO  | DNAudit | user=null | ip=null | op=WRITE_CHUNK {blockData=conID: 2 locID: 102734073356747202 bcsId: 0} | ret=SUCCESS |  
2019-09-04 11:46:03,400 | INFO  | DNAudit | user=null | ip=null | op=PUT_BLOCK {blockData=[blockId=conID: 2 locID: 102734073356747202 bcsId: 0,size=2097152]} | ret=SUCCESS |  
2019-09-04 11:46:03,400 | INFO  | DNAudit | user=null | ip=null | op=WRITE_CHUNK {blockData=conID: 2 locID: 102734073356747202 bcsId: 0} | ret=SUCCESS |  
2019-09-04 11:46:03,400 [grpc-default-executor-4] INFO  client.GrpcClientProtocolClient (GrpcClientProtocolClient.java:onNext(255)) - client-D5CE890D7D9E->efcb8ff8-f060-4d95-9215-d0f5eb4af037: receive RaftClientReply:client-D5CE890D7D9E->efcb8ff8-f060-4d95-9215-d0f5eb4af037@group-0959F8DF43ED, cid=1070, SUCCESS, logIndex=0, commits[efcb8ff8-f060-4d95-9215-d0f5eb4af037:c1466, 6fae8b02-e804-4c0e-b729-a97b7404b7f6:c1462, 4c3e8a66-6975-4917-8225-d3efe707aaff:c1462]
2019-09-04 11:46:03,401 | INFO  | DNAudit | user=null | ip=null | op=PUT_BLOCK {blockData=[blockId=conID: 2 locID: 102734073356747202 bcsId: 0,size=2097152]} | ret=SUCCESS |  
2019-09-04 11:46:03,409 | INFO  | DNAudit | user=null | ip=null | op=WRITE_CHUNK {blockData=conID: 2 locID: 102734073356747202 bcsId: 1464} | ret=SUCCESS |  
2019-09-04 11:46:03,413 | INFO  | DNAudit | user=null | ip=null | op=WRITE_CHUNK {blockData=conID: 2 locID: 102734073356747202 bcsId: 1464} | ret=SUCCESS |  
2019-09-04 11:46:03,413 | INFO  | DNAudit | user=null | ip=null | op=WRITE_CHUNK {blockData=conID: 2 locID: 102734073356747202 bcsId: 1464} | ret=SUCCESS |  
2019-09-04 11:46:03,424 | INFO  | DNAudit | user=null | ip=null | op=WRITE_CHUNK {blockData=conID: 2 locID: 102734073356747202 bcsId: 1464} | ret=SUCCESS |  
2019-09-04 11:46:03,424 | INFO  | DNAudit | user=null | ip=null | op=PUT_BLOCK {blockData=[blockId=conID: 2 locID: 102734073356747202 bcsId: 0,size=3145728]} | ret=SUCCESS |  
2019-09-04 11:46:03,425 [grpc-default-executor-6] INFO  client.GrpcClientProtocolClient (GrpcClientProtocolClient.java:onNext(255)) - client-D5CE890D7D9E->efcb8ff8-f060-4d95-9215-d0f5eb4af037: receive RaftClientReply:client-D5CE890D7D9E->efcb8ff8-f060-4d95-9215-d0f5eb4af037@group-0959F8DF43ED, cid=1071, SUCCESS, logIndex=1469, commits[efcb8ff8-f060-4d95-9215-d0f5eb4af037:c1470, 6fae8b02-e804-4c0e-b729-a97b7404b7f6:c1468, 4c3e8a66-6975-4917-8225-d3efe707aaff:c1468]
2019-09-04 11:46:03,425 [grpc-default-executor-6] INFO  client.GrpcClientProtocolClient (GrpcClientProtocolClient.java:onNext(255)) - client-D5CE890D7D9E->efcb8ff8-f060-4d95-9215-d0f5eb4af037: receive RaftClientReply:client-D5CE890D7D9E->efcb8ff8-f060-4d95-9215-d0f5eb4af037@group-0959F8DF43ED, cid=1072, SUCCESS, logIndex=1470, commits[efcb8ff8-f060-4d95-9215-d0f5eb4af037:c1470, 6fae8b02-e804-4c0e-b729-a97b7404b7f6:c1468, 4c3e8a66-6975-4917-8225-d3efe707aaff:c1468]
2019-09-04 11:46:03,433 | INFO  | DNAudit | user=null | ip=null | op=WRITE_CHUNK {blockData=conID: 2 locID: 102734073356747202 bcsId: 1470} | ret=SUCCESS |  
2019-09-04 11:46:03,436 | INFO  | DNAudit | user=null | ip=null | op=WRITE_CHUNK {blockData=conID: 2 locID: 102734073356747202 bcsId: 1470} | ret=SUCCESS |  
2019-09-04 11:46:03,438 | INFO  | DNAudit | user=null | ip=null | op=WRITE_CHUNK {blockData=conID: 2 locID: 102734073356747202 bcsId: 1470} | ret=SUCCESS |  
2019-09-04 11:46:03,458 | INFO  | DNAudit | user=null | ip=null | op=WRITE_CHUNK {blockData=conID: 2 locID: 102734073356747202 bcsId: 1464} | ret=SUCCESS |  
2019-09-04 11:46:03,458 | INFO  | DNAudit | user=null | ip=null | op=WRITE_CHUNK {blockData=conID: 2 locID: 102734073356747202 bcsId: 1464} | ret=SUCCESS |  
2019-09-04 11:46:03,459 | INFO  | DNAudit | user=null | ip=null | op=PUT_BLOCK {blockData=[blockId=conID: 2 locID: 102734073356747202 bcsId: 0,size=3145728]} | ret=SUCCESS |  
2019-09-04 11:46:03,460 | INFO  | DNAudit | user=null | ip=null | op=PUT_BLOCK {blockData=[blockId=conID: 2 locID: 102734073356747202 bcsId: 0,size=3145728]} | ret=SUCCESS |  
2019-09-04 11:46:03,460 | INFO  | DNAudit | user=null | ip=null | op=WRITE_CHUNK {blockData=conID: 2 locID: 102734073356747202 bcsId: 1470} | ret=SUCCESS |  
2019-09-04 11:46:03,461 | INFO  | DNAudit | user=null | ip=null | op=PUT_BLOCK {blockData=[blockId=conID: 2 locID: 102734073356747202 bcsId: 0,size=4194304]} | ret=SUCCESS |  
2019-09-04 11:46:03,461 [grpc-default-executor-4] INFO  client.GrpcClientProtocolClient (GrpcClientProtocolClient.java:onNext(255)) - client-D5CE890D7D9E->efcb8ff8-f060-4d95-9215-d0f5eb4af037: receive RaftClientReply:client-D5CE890D7D9E->efcb8ff8-f060-4d95-9215-d0f5eb4af037@group-0959F8DF43ED, cid=1073, SUCCESS, logIndex=1473, commits[efcb8ff8-f060-4d95-9215-d0f5eb4af037:c1474, 6fae8b02-e804-4c0e-b729-a97b7404b7f6:c1470, 4c3e8a66-6975-4917-8225-d3efe707aaff:c1470]
2019-09-04 11:46:03,461 [grpc-default-executor-4] INFO  client.GrpcClientProtocolClient (GrpcClientProtocolClient.java:onNext(255)) - client-D5CE890D7D9E->efcb8ff8-f060-4d95-9215-d0f5eb4af037: receive RaftClientReply:client-D5CE890D7D9E->efcb8ff8-f060-4d95-9215-d0f5eb4af037@group-0959F8DF43ED, cid=1074, SUCCESS, logIndex=1474, commits[efcb8ff8-f060-4d95-9215-d0f5eb4af037:c1474, 6fae8b02-e804-4c0e-b729-a97b7404b7f6:c1470, 4c3e8a66-6975-4917-8225-d3efe707aaff:c1470]
2019-09-04 11:46:03,506 | INFO  | DNAudit | user=null | ip=null | op=WRITE_CHUNK {blockData=conID: 2 locID: 102734073356747202 bcsId: 1470} | ret=SUCCESS |  
2019-09-04 11:46:03,506 | INFO  | DNAudit | user=null | ip=null | op=WRITE_CHUNK {blockData=conID: 2 locID: 102734073356747202 bcsId: 1470} | ret=SUCCESS |  
2019-09-04 11:46:03,507 | INFO  | DNAudit | user=null | ip=null | op=PUT_BLOCK {blockData=[blockId=conID: 2 locID: 102734073356747202 bcsId: 0,size=4194304]} | ret=SUCCESS |  
2019-09-04 11:46:03,507 | INFO  | DNAudit | user=null | ip=null | op=PUT_BLOCK {blockData=[blockId=conID: 2 locID: 102734073356747202 bcsId: 0,size=4194304]} | ret=SUCCESS |  
2019-09-04 11:46:03,508 [grpc-default-executor-6] INFO  client.GrpcClientProtocolClient (GrpcClientProtocolClient.java:onNext(255)) - client-D5CE890D7D9E->efcb8ff8-f060-4d95-9215-d0f5eb4af037: receive RaftClientReply:client-D5CE890D7D9E->efcb8ff8-f060-4d95-9215-d0f5eb4af037@group-0959F8DF43ED, cid=1075, SUCCESS, logIndex=0, commits[efcb8ff8-f060-4d95-9215-d0f5eb4af037:c1476, 6fae8b02-e804-4c0e-b729-a97b7404b7f6:c1474, 4c3e8a66-6975-4917-8225-d3efe707aaff:c1474]
2019-09-04 11:46:03,516 | INFO  | DNAudit | user=null | ip=null | op=WRITE_CHUNK {blockData=conID: 3 locID: 102734073356747203 bcsId: 0} | ret=SUCCESS |  
2019-09-04 11:46:03,519 | INFO  | DNAudit | user=null | ip=null | op=WRITE_CHUNK {blockData=conID: 3 locID: 102734073356747203 bcsId: 0} | ret=SUCCESS |  
2019-09-04 11:46:03,519 | INFO  | DNAudit | user=null | ip=null | op=WRITE_CHUNK {blockData=conID: 3 locID: 102734073356747203 bcsId: 0} | ret=SUCCESS |  
2019-09-04 11:46:03,519 | INFO  | DNAudit | user=null | ip=null | op=WRITE_CHUNK {blockData=conID: 3 locID: 102734073356747203 bcsId: 0} | ret=SUCCESS |  
2019-09-04 11:46:03,521 | INFO  | DNAudit | user=null | ip=null | op=WRITE_CHUNK {blockData=conID: 3 locID: 102734073356747203 bcsId: 0} | ret=SUCCESS |  
2019-09-04 11:46:03,522 | INFO  | DNAudit | user=null | ip=null | op=WRITE_CHUNK {blockData=conID: 3 locID: 102734073356747203 bcsId: 0} | ret=SUCCESS |  
2019-09-04 11:46:03,561 | INFO  | DNAudit | user=null | ip=null | op=WRITE_CHUNK {blockData=conID: 3 locID: 102734073356747203 bcsId: 0} | ret=SUCCESS |  
2019-09-04 11:46:03,561 | INFO  | DNAudit | user=null | ip=null | op=PUT_BLOCK {blockData=[blockId=conID: 3 locID: 102734073356747203 bcsId: 0,size=1048576]} | ret=SUCCESS |  
2019-09-04 11:46:03,562 [grpc-default-executor-0] INFO  client.GrpcClientProtocolClient (GrpcClientProtocolClient.java:onNext(255)) - client-D5CE890D7D9E->efcb8ff8-f060-4d95-9215-d0f5eb4af037: receive RaftClientReply:client-D5CE890D7D9E->efcb8ff8-f060-4d95-9215-d0f5eb4af037@group-0959F8DF43ED, cid=1076, SUCCESS, logIndex=1477, commits[efcb8ff8-f060-4d95-9215-d0f5eb4af037:c1478, 6fae8b02-e804-4c0e-b729-a97b7404b7f6:c1476, 4c3e8a66-6975-4917-8225-d3efe707aaff:c1476]
2019-09-04 11:46:03,562 [grpc-default-executor-0] INFO  client.GrpcClientProtocolClient (GrpcClientProtocolClient.java:onNext(255)) - client-D5CE890D7D9E->efcb8ff8-f060-4d95-9215-d0f5eb4af037: receive RaftClientReply:client-D5CE890D7D9E->efcb8ff8-f060-4d95-9215-d0f5eb4af037@group-0959F8DF43ED, cid=1077, SUCCESS, logIndex=1478, commits[efcb8ff8-f060-4d95-9215-d0f5eb4af037:c1478, 6fae8b02-e804-4c0e-b729-a97b7404b7f6:c1476, 4c3e8a66-6975-4917-8225-d3efe707aaff:c1476]
2019-09-04 11:46:03,579 | INFO  | DNAudit | user=null | ip=null | op=WRITE_CHUNK {blockData=conID: 3 locID: 102734073356747203 bcsId: 0} | ret=SUCCESS |  
2019-09-04 11:46:03,579 | INFO  | DNAudit | user=null | ip=null | op=PUT_BLOCK {blockData=[blockId=conID: 3 locID: 102734073356747203 bcsId: 0,size=2097152]} | ret=SUCCESS |  
2019-09-04 11:46:03,580 [grpc-default-executor-4] INFO  client.GrpcClientProtocolClient (GrpcClientProtocolClient.java:onNext(255)) - client-D5CE890D7D9E->efcb8ff8-f060-4d95-9215-d0f5eb4af037: receive RaftClientReply:client-D5CE890D7D9E->efcb8ff8-f060-4d95-9215-d0f5eb4af037@group-0959F8DF43ED, cid=1078, SUCCESS, logIndex=1479, commits[efcb8ff8-f060-4d95-9215-d0f5eb4af037:c1480, 6fae8b02-e804-4c0e-b729-a97b7404b7f6:c1476, 4c3e8a66-6975-4917-8225-d3efe707aaff:c1476]
2019-09-04 11:46:03,580 | INFO  | DNAudit | user=null | ip=null | op=WRITE_CHUNK {blockData=conID: 3 locID: 102734073356747203 bcsId: 0} | ret=SUCCESS |  
2019-09-04 11:46:03,580 [grpc-default-executor-4] INFO  client.GrpcClientProtocolClient (GrpcClientProtocolClient.java:onNext(255)) - client-D5CE890D7D9E->efcb8ff8-f060-4d95-9215-d0f5eb4af037: receive RaftClientReply:client-D5CE890D7D9E->efcb8ff8-f060-4d95-9215-d0f5eb4af037@group-0959F8DF43ED, cid=1079, SUCCESS, logIndex=1480, commits[efcb8ff8-f060-4d95-9215-d0f5eb4af037:c1480, 6fae8b02-e804-4c0e-b729-a97b7404b7f6:c1476, 4c3e8a66-6975-4917-8225-d3efe707aaff:c1476]
2019-09-04 11:46:03,580 | INFO  | DNAudit | user=null | ip=null | op=WRITE_CHUNK {blockData=conID: 3 locID: 102734073356747203 bcsId: 0} | ret=SUCCESS |  
2019-09-04 11:46:03,580 | INFO  | DNAudit | user=null | ip=null | op=PUT_BLOCK {blockData=[blockId=conID: 3 locID: 102734073356747203 bcsId: 0,size=1048576]} | ret=SUCCESS |  
2019-09-04 11:46:03,581 | INFO  | DNAudit | user=null | ip=null | op=PUT_BLOCK {blockData=[blockId=conID: 3 locID: 102734073356747203 bcsId: 0,size=1048576]} | ret=SUCCESS |  
2019-09-04 11:46:03,581 | INFO  | DNAudit | user=null | ip=null | op=WRITE_CHUNK {blockData=conID: 3 locID: 102734073356747203 bcsId: 0} | ret=SUCCESS |  
2019-09-04 11:46:03,581 | INFO  | DNAudit | user=null | ip=null | op=PUT_BLOCK {blockData=[blockId=conID: 3 locID: 102734073356747203 bcsId: 0,size=2097152]} | ret=SUCCESS |  
2019-09-04 11:46:03,582 | INFO  | DNAudit | user=null | ip=null | op=WRITE_CHUNK {blockData=conID: 3 locID: 102734073356747203 bcsId: 0} | ret=SUCCESS |  
2019-09-04 11:46:03,582 | INFO  | DNAudit | user=null | ip=null | op=PUT_BLOCK {blockData=[blockId=conID: 3 locID: 102734073356747203 bcsId: 0,size=2097152]} | ret=SUCCESS |  
2019-09-04 11:46:03,582 [grpc-default-executor-4] INFO  client.GrpcClientProtocolClient (GrpcClientProtocolClient.java:onNext(255)) - client-D5CE890D7D9E->efcb8ff8-f060-4d95-9215-d0f5eb4af037: receive RaftClientReply:client-D5CE890D7D9E->efcb8ff8-f060-4d95-9215-d0f5eb4af037@group-0959F8DF43ED, cid=1080, SUCCESS, logIndex=0, commits[efcb8ff8-f060-4d95-9215-d0f5eb4af037:c1482, 6fae8b02-e804-4c0e-b729-a97b7404b7f6:c1478, 4c3e8a66-6975-4917-8225-d3efe707aaff:c1480]
2019-09-04 11:46:03,589 | INFO  | DNAudit | user=null | ip=null | op=WRITE_CHUNK {blockData=conID: 3 locID: 102734073356747203 bcsId: 1480} | ret=SUCCESS |  
2019-09-04 11:46:03,592 | INFO  | DNAudit | user=null | ip=null | op=WRITE_CHUNK {blockData=conID: 3 locID: 102734073356747203 bcsId: 1480} | ret=SUCCESS |  
2019-09-04 11:46:03,592 | INFO  | DNAudit | user=null | ip=null | op=WRITE_CHUNK {blockData=conID: 3 locID: 102734073356747203 bcsId: 1480} | ret=SUCCESS |  
2019-09-04 11:46:03,608 | INFO  | DNAudit | user=null | ip=null | op=WRITE_CHUNK {blockData=conID: 3 locID: 102734073356747203 bcsId: 1480} | ret=SUCCESS |  
2019-09-04 11:46:03,609 | INFO  | DNAudit | user=null | ip=null | op=PUT_BLOCK {blockData=[blockId=conID: 3 locID: 102734073356747203 bcsId: 0,size=3145728]} | ret=SUCCESS |  
2019-09-04 11:46:03,609 [grpc-default-executor-0] INFO  client.GrpcClientProtocolClient (GrpcClientProtocolClient.java:onNext(255)) - client-D5CE890D7D9E->efcb8ff8-f060-4d95-9215-d0f5eb4af037: receive RaftClientReply:client-D5CE890D7D9E->efcb8ff8-f060-4d95-9215-d0f5eb4af037@group-0959F8DF43ED, cid=1081, SUCCESS, logIndex=1485, commits[efcb8ff8-f060-4d95-9215-d0f5eb4af037:c1486, 6fae8b02-e804-4c0e-b729-a97b7404b7f6:c1484, 4c3e8a66-6975-4917-8225-d3efe707aaff:c1484]
2019-09-04 11:46:03,610 [grpc-default-executor-0] INFO  client.GrpcClientProtocolClient (GrpcClientProtocolClient.java:onNext(255)) - client-D5CE890D7D9E->efcb8ff8-f060-4d95-9215-d0f5eb4af037: receive RaftClientReply:client-D5CE890D7D9E->efcb8ff8-f060-4d95-9215-d0f5eb4af037@group-0959F8DF43ED, cid=1082, SUCCESS, logIndex=1486, commits[efcb8ff8-f060-4d95-9215-d0f5eb4af037:c1486, 6fae8b02-e804-4c0e-b729-a97b7404b7f6:c1484, 4c3e8a66-6975-4917-8225-d3efe707aaff:c1484]
2019-09-04 11:46:03,617 | INFO  | DNAudit | user=null | ip=null | op=WRITE_CHUNK {blockData=conID: 3 locID: 102734073356747203 bcsId: 1486} | ret=SUCCESS |  
2019-09-04 11:46:03,620 | INFO  | DNAudit | user=null | ip=null | op=WRITE_CHUNK {blockData=conID: 3 locID: 102734073356747203 bcsId: 1486} | ret=SUCCESS |  
2019-09-04 11:46:03,620 | INFO  | DNAudit | user=null | ip=null | op=WRITE_CHUNK {blockData=conID: 3 locID: 102734073356747203 bcsId: 1486} | ret=SUCCESS |  
2019-09-04 11:46:03,636 | INFO  | DNAudit | user=null | ip=null | op=WRITE_CHUNK {blockData=conID: 3 locID: 102734073356747203 bcsId: 1480} | ret=SUCCESS |  
2019-09-04 11:46:03,636 | INFO  | DNAudit | user=null | ip=null | op=WRITE_CHUNK {blockData=conID: 3 locID: 102734073356747203 bcsId: 1480} | ret=SUCCESS |  
2019-09-04 11:46:03,643 | INFO  | DNAudit | user=null | ip=null | op=PUT_BLOCK {blockData=[blockId=conID: 3 locID: 102734073356747203 bcsId: 0,size=3145728]} | ret=SUCCESS |  
2019-09-04 11:46:03,643 | INFO  | DNAudit | user=null | ip=null | op=PUT_BLOCK {blockData=[blockId=conID: 3 locID: 102734073356747203 bcsId: 0,size=3145728]} | ret=SUCCESS |  
2019-09-04 11:46:03,655 | INFO  | DNAudit | user=null | ip=null | op=WRITE_CHUNK {blockData=conID: 3 locID: 102734073356747203 bcsId: 1486} | ret=SUCCESS |  
2019-09-04 11:46:03,656 [grpc-default-executor-6] INFO  client.GrpcClientProtocolClient (GrpcClientProtocolClient.java:onNext(255)) - client-D5CE890D7D9E->efcb8ff8-f060-4d95-9215-d0f5eb4af037: receive RaftClientReply:client-D5CE890D7D9E->efcb8ff8-f060-4d95-9215-d0f5eb4af037@group-0959F8DF43ED, cid=1083, SUCCESS, logIndex=1489, commits[efcb8ff8-f060-4d95-9215-d0f5eb4af037:c1490, 6fae8b02-e804-4c0e-b729-a97b7404b7f6:c1486, 4c3e8a66-6975-4917-8225-d3efe707aaff:c1486]
2019-09-04 11:46:03,656 | INFO  | DNAudit | user=null | ip=null | op=PUT_BLOCK {blockData=[blockId=conID: 3 locID: 102734073356747203 bcsId: 0,size=4194304]} | ret=SUCCESS |  
2019-09-04 11:46:03,657 [grpc-default-executor-6] INFO  client.GrpcClientProtocolClient (GrpcClientProtocolClient.java:onNext(255)) - client-D5CE890D7D9E->efcb8ff8-f060-4d95-9215-d0f5eb4af037: receive RaftClientReply:client-D5CE890D7D9E->efcb8ff8-f060-4d95-9215-d0f5eb4af037@group-0959F8DF43ED, cid=1084, SUCCESS, logIndex=1490, commits[efcb8ff8-f060-4d95-9215-d0f5eb4af037:c1490, 6fae8b02-e804-4c0e-b729-a97b7404b7f6:c1486, 4c3e8a66-6975-4917-8225-d3efe707aaff:c1486]
2019-09-04 11:46:03,686 | INFO  | SCMAudit | user=jenkins1000 | ip=192.168.36.67 | op=SEND_HEARTBEAT {datanodeUUID=6fae8b02-e804-4c0e-b729-a97b7404b7f6, command=[]} | ret=SUCCESS |  
2019-09-04 11:46:03,686 | INFO  | SCMAudit | user=jenkins1000 | ip=192.168.36.67 | op=SEND_HEARTBEAT {datanodeUUID=efcb8ff8-f060-4d95-9215-d0f5eb4af037, command=[]} | ret=SUCCESS |  
2019-09-04 11:46:03,686 | INFO  | SCMAudit | user=jenkins1000 | ip=192.168.36.67 | op=SEND_HEARTBEAT {datanodeUUID=4c3e8a66-6975-4917-8225-d3efe707aaff, command=[]} | ret=SUCCESS |  
2019-09-04 11:46:03,686 | INFO  | SCMAudit | user=jenkins1000 | ip=192.168.36.67 | op=SEND_HEARTBEAT {datanodeUUID=0b776101-1d39-4f23-96c0-6a8ead31197c, command=[]} | ret=SUCCESS |  
2019-09-04 11:46:03,718 | INFO  | DNAudit | user=null | ip=null | op=WRITE_CHUNK {blockData=conID: 3 locID: 102734073356747203 bcsId: 1486} | ret=SUCCESS |  
2019-09-04 11:46:03,718 | INFO  | DNAudit | user=null | ip=null | op=WRITE_CHUNK {blockData=conID: 3 locID: 102734073356747203 bcsId: 1486} | ret=SUCCESS |  
2019-09-04 11:46:03,719 | INFO  | DNAudit | user=null | ip=null | op=PUT_BLOCK {blockData=[blockId=conID: 3 locID: 102734073356747203 bcsId: 0,size=4194304]} | ret=SUCCESS |  
2019-09-04 11:46:03,719 | INFO  | DNAudit | user=null | ip=null | op=PUT_BLOCK {blockData=[blockId=conID: 3 locID: 102734073356747203 bcsId: 0,size=4194304]} | ret=SUCCESS |  
2019-09-04 11:46:03,721 [grpc-default-executor-6] INFO  client.GrpcClientProtocolClient (GrpcClientProtocolClient.java:onNext(255)) - client-D5CE890D7D9E->efcb8ff8-f060-4d95-9215-d0f5eb4af037: receive RaftClientReply:client-D5CE890D7D9E->efcb8ff8-f060-4d95-9215-d0f5eb4af037@group-0959F8DF43ED, cid=1085, SUCCESS, logIndex=0, commits[efcb8ff8-f060-4d95-9215-d0f5eb4af037:c1492, 6fae8b02-e804-4c0e-b729-a97b7404b7f6:c1490, 4c3e8a66-6975-4917-8225-d3efe707aaff:c1490]
2019-09-04 11:46:03,730 | INFO  | DNAudit | user=null | ip=null | op=WRITE_CHUNK {blockData=conID: 1 locID: 102734073356747204 bcsId: 0} | ret=SUCCESS |  
2019-09-04 11:46:03,733 | INFO  | DNAudit | user=null | ip=null | op=WRITE_CHUNK {blockData=conID: 1 locID: 102734073356747204 bcsId: 0} | ret=SUCCESS |  
2019-09-04 11:46:03,734 | INFO  | DNAudit | user=null | ip=null | op=WRITE_CHUNK {blockData=conID: 1 locID: 102734073356747204 bcsId: 0} | ret=SUCCESS |  
2019-09-04 11:46:03,734 | INFO  | DNAudit | user=null | ip=null | op=WRITE_CHUNK {blockData=conID: 1 locID: 102734073356747204 bcsId: 0} | ret=SUCCESS |  
2019-09-04 11:46:03,737 | INFO  | DNAudit | user=null | ip=null | op=WRITE_CHUNK {blockData=conID: 1 locID: 102734073356747204 bcsId: 0} | ret=SUCCESS |  
2019-09-04 11:46:03,737 | INFO  | DNAudit | user=null | ip=null | op=WRITE_CHUNK {blockData=conID: 1 locID: 102734073356747204 bcsId: 0} | ret=SUCCESS |  
2019-09-04 11:46:03,743 | INFO  | DNAudit | user=null | ip=null | op=WRITE_CHUNK {blockData=conID: 1 locID: 102734073356747204 bcsId: 0} | ret=SUCCESS |  
2019-09-04 11:46:03,743 | INFO  | DNAudit | user=null | ip=null | op=PUT_BLOCK {blockData=[blockId=conID: 1 locID: 102734073356747204 bcsId: 0,size=1048576]} | ret=SUCCESS |  
2019-09-04 11:46:03,744 [grpc-default-executor-0] INFO  client.GrpcClientProtocolClient (GrpcClientProtocolClient.java:onNext(255)) - client-D5CE890D7D9E->efcb8ff8-f060-4d95-9215-d0f5eb4af037: receive RaftClientReply:client-D5CE890D7D9E->efcb8ff8-f060-4d95-9215-d0f5eb4af037@group-0959F8DF43ED, cid=1086, SUCCESS, logIndex=1493, commits[efcb8ff8-f060-4d95-9215-d0f5eb4af037:c1494, 6fae8b02-e804-4c0e-b729-a97b7404b7f6:c1492, 4c3e8a66-6975-4917-8225-d3efe707aaff:c1492]
2019-09-04 11:46:03,744 [grpc-default-executor-0] INFO  client.GrpcClientProtocolClient (GrpcClientProtocolClient.java:onNext(255)) - client-D5CE890D7D9E->efcb8ff8-f060-4d95-9215-d0f5eb4af037: receive RaftClientReply:client-D5CE890D7D9E->efcb8ff8-f060-4d95-9215-d0f5eb4af037@group-0959F8DF43ED, cid=1087, SUCCESS, logIndex=1494, commits[efcb8ff8-f060-4d95-9215-d0f5eb4af037:c1494, 6fae8b02-e804-4c0e-b729-a97b7404b7f6:c1492, 4c3e8a66-6975-4917-8225-d3efe707aaff:c1492]
2019-09-04 11:46:03,761 | INFO  | DNAudit | user=null | ip=null | op=WRITE_CHUNK {blockData=conID: 1 locID: 102734073356747204 bcsId: 0} | ret=SUCCESS |  
2019-09-04 11:46:03,762 | INFO  | DNAudit | user=null | ip=null | op=PUT_BLOCK {blockData=[blockId=conID: 1 locID: 102734073356747204 bcsId: 0,size=2097152]} | ret=SUCCESS |  
2019-09-04 11:46:03,762 | INFO  | DNAudit | user=null | ip=null | op=WRITE_CHUNK {blockData=conID: 1 locID: 102734073356747204 bcsId: 0} | ret=SUCCESS |  
2019-09-04 11:46:03,762 | INFO  | DNAudit | user=null | ip=null | op=PUT_BLOCK {blockData=[blockId=conID: 1 locID: 102734073356747204 bcsId: 0,size=1048576]} | ret=SUCCESS |  
2019-09-04 11:46:03,762 [grpc-default-executor-0] INFO  client.GrpcClientProtocolClient (GrpcClientProtocolClient.java:onNext(255)) - client-D5CE890D7D9E->efcb8ff8-f060-4d95-9215-d0f5eb4af037: receive RaftClientReply:client-D5CE890D7D9E->efcb8ff8-f060-4d95-9215-d0f5eb4af037@group-0959F8DF43ED, cid=1088, SUCCESS, logIndex=1495, commits[efcb8ff8-f060-4d95-9215-d0f5eb4af037:c1496, 6fae8b02-e804-4c0e-b729-a97b7404b7f6:c1492, 4c3e8a66-6975-4917-8225-d3efe707aaff:c1492]
2019-09-04 11:46:03,763 | INFO  | DNAudit | user=null | ip=null | op=WRITE_CHUNK {blockData=conID: 1 locID: 102734073356747204 bcsId: 0} | ret=SUCCESS |  
2019-09-04 11:46:03,763 [grpc-default-executor-0] INFO  client.GrpcClientProtocolClient (GrpcClientProtocolClient.java:onNext(255)) - client-D5CE890D7D9E->efcb8ff8-f060-4d95-9215-d0f5eb4af037: receive RaftClientReply:client-D5CE890D7D9E->efcb8ff8-f060-4d95-9215-d0f5eb4af037@group-0959F8DF43ED, cid=1089, SUCCESS, logIndex=1496, commits[efcb8ff8-f060-4d95-9215-d0f5eb4af037:c1498, 6fae8b02-e804-4c0e-b729-a97b7404b7f6:c1492, 4c3e8a66-6975-4917-8225-d3efe707aaff:c1494]
2019-09-04 11:46:03,763 | INFO  | DNAudit | user=null | ip=null | op=PUT_BLOCK {blockData=[blockId=conID: 1 locID: 102734073356747204 bcsId: 0,size=1048576]} | ret=SUCCESS |  
2019-09-04 11:46:03,763 | INFO  | DNAudit | user=null | ip=null | op=WRITE_CHUNK {blockData=conID: 1 locID: 102734073356747204 bcsId: 0} | ret=SUCCESS |  
2019-09-04 11:46:03,763 | INFO  | DNAudit | user=null | ip=null | op=PUT_BLOCK {blockData=[blockId=conID: 1 locID: 102734073356747204 bcsId: 0,size=2097152]} | ret=SUCCESS |  
2019-09-04 11:46:03,764 | INFO  | DNAudit | user=null | ip=null | op=WRITE_CHUNK {blockData=conID: 1 locID: 102734073356747204 bcsId: 0} | ret=SUCCESS |  
2019-09-04 11:46:03,764 [grpc-default-executor-0] INFO  client.GrpcClientProtocolClient (GrpcClientProtocolClient.java:onNext(255)) - client-D5CE890D7D9E->efcb8ff8-f060-4d95-9215-d0f5eb4af037: receive RaftClientReply:client-D5CE890D7D9E->efcb8ff8-f060-4d95-9215-d0f5eb4af037@group-0959F8DF43ED, cid=1090, SUCCESS, logIndex=0, commits[efcb8ff8-f060-4d95-9215-d0f5eb4af037:c1498, 6fae8b02-e804-4c0e-b729-a97b7404b7f6:c1494, 4c3e8a66-6975-4917-8225-d3efe707aaff:c1496]
2019-09-04 11:46:03,764 | INFO  | DNAudit | user=null | ip=null | op=PUT_BLOCK {blockData=[blockId=conID: 1 locID: 102734073356747204 bcsId: 0,size=2097152]} | ret=SUCCESS |  
2019-09-04 11:46:03,771 | INFO  | DNAudit | user=null | ip=null | op=WRITE_CHUNK {blockData=conID: 1 locID: 102734073356747204 bcsId: 1496} | ret=SUCCESS |  
2019-09-04 11:46:03,774 | INFO  | DNAudit | user=null | ip=null | op=WRITE_CHUNK {blockData=conID: 1 locID: 102734073356747204 bcsId: 1496} | ret=SUCCESS |  
2019-09-04 11:46:03,774 | INFO  | DNAudit | user=null | ip=null | op=WRITE_CHUNK {blockData=conID: 1 locID: 102734073356747204 bcsId: 1496} | ret=SUCCESS |  
2019-09-04 11:46:03,788 | INFO  | DNAudit | user=null | ip=null | op=WRITE_CHUNK {blockData=conID: 1 locID: 102734073356747204 bcsId: 1496} | ret=SUCCESS |  
2019-09-04 11:46:03,788 | INFO  | DNAudit | user=null | ip=null | op=PUT_BLOCK {blockData=[blockId=conID: 1 locID: 102734073356747204 bcsId: 0,size=3145728]} | ret=SUCCESS |  
2019-09-04 11:46:03,789 [grpc-default-executor-4] INFO  client.GrpcClientProtocolClient (GrpcClientProtocolClient.java:onNext(255)) - client-D5CE890D7D9E->efcb8ff8-f060-4d95-9215-d0f5eb4af037: receive RaftClientReply:client-D5CE890D7D9E->efcb8ff8-f060-4d95-9215-d0f5eb4af037@group-0959F8DF43ED, cid=1091, SUCCESS, logIndex=1501, commits[efcb8ff8-f060-4d95-9215-d0f5eb4af037:c1502, 6fae8b02-e804-4c0e-b729-a97b7404b7f6:c1500, 4c3e8a66-6975-4917-8225-d3efe707aaff:c1500]
2019-09-04 11:46:03,789 [grpc-default-executor-4] INFO  client.GrpcClientProtocolClient (GrpcClientProtocolClient.java:onNext(255)) - client-D5CE890D7D9E->efcb8ff8-f060-4d95-9215-d0f5eb4af037: receive RaftClientReply:client-D5CE890D7D9E->efcb8ff8-f060-4d95-9215-d0f5eb4af037@group-0959F8DF43ED, cid=1092, SUCCESS, logIndex=1502, commits[efcb8ff8-f060-4d95-9215-d0f5eb4af037:c1502, 6fae8b02-e804-4c0e-b729-a97b7404b7f6:c1500, 4c3e8a66-6975-4917-8225-d3efe707aaff:c1500]
2019-09-04 11:46:03,796 | INFO  | DNAudit | user=null | ip=null | op=WRITE_CHUNK {blockData=conID: 1 locID: 102734073356747204 bcsId: 1502} | ret=SUCCESS |  
2019-09-04 11:46:03,798 | INFO  | DNAudit | user=null | ip=null | op=WRITE_CHUNK {blockData=conID: 1 locID: 102734073356747204 bcsId: 1502} | ret=SUCCESS |  
2019-09-04 11:46:03,798 | INFO  | DNAudit | user=null | ip=null | op=WRITE_CHUNK {blockData=conID: 1 locID: 102734073356747204 bcsId: 1502} | ret=SUCCESS |  
2019-09-04 11:46:03,838 | INFO  | DNAudit | user=null | ip=null | op=WRITE_CHUNK {blockData=conID: 1 locID: 102734073356747204 bcsId: 1496} | ret=SUCCESS |  
2019-09-04 11:46:03,838 | INFO  | DNAudit | user=null | ip=null | op=WRITE_CHUNK {blockData=conID: 1 locID: 102734073356747204 bcsId: 1496} | ret=SUCCESS |  
2019-09-04 11:46:03,839 | INFO  | DNAudit | user=null | ip=null | op=PUT_BLOCK {blockData=[blockId=conID: 1 locID: 102734073356747204 bcsId: 0,size=3145728]} | ret=SUCCESS |  
2019-09-04 11:46:03,839 | INFO  | DNAudit | user=null | ip=null | op=PUT_BLOCK {blockData=[blockId=conID: 1 locID: 102734073356747204 bcsId: 0,size=3145728]} | ret=SUCCESS |  
2019-09-04 11:46:03,839 | INFO  | DNAudit | user=null | ip=null | op=WRITE_CHUNK {blockData=conID: 1 locID: 102734073356747204 bcsId: 1502} | ret=SUCCESS |  
2019-09-04 11:46:03,840 | INFO  | DNAudit | user=null | ip=null | op=PUT_BLOCK {blockData=[blockId=conID: 1 locID: 102734073356747204 bcsId: 0,size=4194304]} | ret=SUCCESS |  
2019-09-04 11:46:03,840 [grpc-default-executor-4] INFO  client.GrpcClientProtocolClient (GrpcClientProtocolClient.java:onNext(255)) - client-D5CE890D7D9E->efcb8ff8-f060-4d95-9215-d0f5eb4af037: receive RaftClientReply:client-D5CE890D7D9E->efcb8ff8-f060-4d95-9215-d0f5eb4af037@group-0959F8DF43ED, cid=1093, SUCCESS, logIndex=1505, commits[efcb8ff8-f060-4d95-9215-d0f5eb4af037:c1506, 6fae8b02-e804-4c0e-b729-a97b7404b7f6:c1502, 4c3e8a66-6975-4917-8225-d3efe707aaff:c1502]
2019-09-04 11:46:03,840 [grpc-default-executor-4] INFO  client.GrpcClientProtocolClient (GrpcClientProtocolClient.java:onNext(255)) - client-D5CE890D7D9E->efcb8ff8-f060-4d95-9215-d0f5eb4af037: receive RaftClientReply:client-D5CE890D7D9E->efcb8ff8-f060-4d95-9215-d0f5eb4af037@group-0959F8DF43ED, cid=1094, SUCCESS, logIndex=1506, commits[efcb8ff8-f060-4d95-9215-d0f5eb4af037:c1506, 6fae8b02-e804-4c0e-b729-a97b7404b7f6:c1502, 4c3e8a66-6975-4917-8225-d3efe707aaff:c1502]
2019-09-04 11:46:03,860 | INFO  | DNAudit | user=null | ip=null | op=WRITE_CHUNK {blockData=conID: 1 locID: 102734073356747204 bcsId: 1502} | ret=SUCCESS |  
2019-09-04 11:46:03,860 | INFO  | DNAudit | user=null | ip=null | op=WRITE_CHUNK {blockData=conID: 1 locID: 102734073356747204 bcsId: 1502} | ret=SUCCESS |  
2019-09-04 11:46:03,880 | INFO  | DNAudit | user=null | ip=null | op=PUT_BLOCK {blockData=[blockId=conID: 1 locID: 102734073356747204 bcsId: 0,size=4194304]} | ret=SUCCESS |  
2019-09-04 11:46:03,880 | INFO  | DNAudit | user=null | ip=null | op=PUT_BLOCK {blockData=[blockId=conID: 1 locID: 102734073356747204 bcsId: 0,size=4194304]} | ret=SUCCESS |  
2019-09-04 11:46:03,880 [grpc-default-executor-4] INFO  client.GrpcClientProtocolClient (GrpcClientProtocolClient.java:onNext(255)) - client-D5CE890D7D9E->efcb8ff8-f060-4d95-9215-d0f5eb4af037: receive RaftClientReply:client-D5CE890D7D9E->efcb8ff8-f060-4d95-9215-d0f5eb4af037@group-0959F8DF43ED, cid=1095, SUCCESS, logIndex=0, commits[efcb8ff8-f060-4d95-9215-d0f5eb4af037:c1508, 6fae8b02-e804-4c0e-b729-a97b7404b7f6:c1506, 4c3e8a66-6975-4917-8225-d3efe707aaff:c1506]
2019-09-04 11:46:03,887 | INFO  | DNAudit | user=null | ip=null | op=WRITE_CHUNK {blockData=conID: 2 locID: 102734073356812741 bcsId: 0} | ret=SUCCESS |  
2019-09-04 11:46:03,888 | INFO  | DNAudit | user=null | ip=null | op=WRITE_CHUNK {blockData=conID: 2 locID: 102734073356812741 bcsId: 0} | ret=SUCCESS |  
2019-09-04 11:46:03,890 | INFO  | DNAudit | user=null | ip=null | op=WRITE_CHUNK {blockData=conID: 2 locID: 102734073356812741 bcsId: 0} | ret=SUCCESS |  
2019-09-04 11:46:03,890 | INFO  | DNAudit | user=null | ip=null | op=WRITE_CHUNK {blockData=conID: 2 locID: 102734073356812741 bcsId: 0} | ret=SUCCESS |  
2019-09-04 11:46:03,891 | INFO  | DNAudit | user=null | ip=null | op=WRITE_CHUNK {blockData=conID: 2 locID: 102734073356812741 bcsId: 0} | ret=SUCCESS |  
2019-09-04 11:46:03,892 | INFO  | DNAudit | user=null | ip=null | op=WRITE_CHUNK {blockData=conID: 2 locID: 102734073356812741 bcsId: 0} | ret=SUCCESS |  
 0.00% |█                                                                                                    |  0/1 Time: 0:00:092019-09-04 11:46:03,905 | INFO  | DNAudit | user=null | ip=null | op=WRITE_CHUNK {blockData=conID: 2 locID: 102734073356812741 bcsId: 0} | ret=SUCCESS |  
2019-09-04 11:46:03,906 | INFO  | DNAudit | user=null | ip=null | op=PUT_BLOCK {blockData=[blockId=conID: 2 locID: 102734073356812741 bcsId: 0,size=1048576]} | ret=SUCCESS |  
2019-09-04 11:46:03,906 | INFO  | DNAudit | user=null | ip=null | op=WRITE_CHUNK {blockData=conID: 2 locID: 102734073356812741 bcsId: 0} | ret=SUCCESS |  
2019-09-04 11:46:03,906 [grpc-default-executor-6] INFO  client.GrpcClientProtocolClient (GrpcClientProtocolClient.java:onNext(255)) - client-D5CE890D7D9E->efcb8ff8-f060-4d95-9215-d0f5eb4af037: receive RaftClientReply:client-D5CE890D7D9E->efcb8ff8-f060-4d95-9215-d0f5eb4af037@group-0959F8DF43ED, cid=1096, SUCCESS, logIndex=1509, commits[efcb8ff8-f060-4d95-9215-d0f5eb4af037:c1512, 6fae8b02-e804-4c0e-b729-a97b7404b7f6:c1508, 4c3e8a66-6975-4917-8225-d3efe707aaff:c1508]
2019-09-04 11:46:03,907 | INFO  | DNAudit | user=null | ip=null | op=PUT_BLOCK {blockData=[blockId=conID: 2 locID: 102734073356812741 bcsId: 0,size=2097152]} | ret=SUCCESS |  
2019-09-04 11:46:03,907 [grpc-default-executor-6] INFO  client.GrpcClientProtocolClient (GrpcClientProtocolClient.java:onNext(255)) - client-D5CE890D7D9E->efcb8ff8-f060-4d95-9215-d0f5eb4af037: receive RaftClientReply:client-D5CE890D7D9E->efcb8ff8-f060-4d95-9215-d0f5eb4af037@group-0959F8DF43ED, cid=1097, SUCCESS, logIndex=1510, commits[efcb8ff8-f060-4d95-9215-d0f5eb4af037:c1512, 6fae8b02-e804-4c0e-b729-a97b7404b7f6:c1508, 4c3e8a66-6975-4917-8225-d3efe707aaff:c1508]
2019-09-04 11:46:03,907 [grpc-default-executor-6] INFO  client.GrpcClientProtocolClient (GrpcClientProtocolClient.java:onNext(255)) - client-D5CE890D7D9E->efcb8ff8-f060-4d95-9215-d0f5eb4af037: receive RaftClientReply:client-D5CE890D7D9E->efcb8ff8-f060-4d95-9215-d0f5eb4af037@group-0959F8DF43ED, cid=1098, SUCCESS, logIndex=1511, commits[efcb8ff8-f060-4d95-9215-d0f5eb4af037:c1512, 6fae8b02-e804-4c0e-b729-a97b7404b7f6:c1508, 4c3e8a66-6975-4917-8225-d3efe707aaff:c1508]
2019-09-04 11:46:03,907 [grpc-default-executor-6] INFO  client.GrpcClientProtocolClient (GrpcClientProtocolClient.java:onNext(255)) - client-D5CE890D7D9E->efcb8ff8-f060-4d95-9215-d0f5eb4af037: receive RaftClientReply:client-D5CE890D7D9E->efcb8ff8-f060-4d95-9215-d0f5eb4af037@group-0959F8DF43ED, cid=1099, SUCCESS, logIndex=1512, commits[efcb8ff8-f060-4d95-9215-d0f5eb4af037:c1512, 6fae8b02-e804-4c0e-b729-a97b7404b7f6:c1508, 4c3e8a66-6975-4917-8225-d3efe707aaff:c1508]
2019-09-04 11:46:03,941 | INFO  | DNAudit | user=null | ip=null | op=WRITE_CHUNK {blockData=conID: 2 locID: 102734073356812741 bcsId: 0} | ret=SUCCESS |  
2019-09-04 11:46:03,941 | INFO  | DNAudit | user=null | ip=null | op=PUT_BLOCK {blockData=[blockId=conID: 2 locID: 102734073356812741 bcsId: 0,size=1048576]} | ret=SUCCESS |  
2019-09-04 11:46:03,975 | INFO  | DNAudit | user=null | ip=null | op=WRITE_CHUNK {blockData=conID: 2 locID: 102734073356812741 bcsId: 0} | ret=SUCCESS |  
2019-09-04 11:46:03,976 | INFO  | DNAudit | user=null | ip=null | op=PUT_BLOCK {blockData=[blockId=conID: 2 locID: 102734073356812741 bcsId: 0,size=1048576]} | ret=SUCCESS |  
2019-09-04 11:46:03,976 [grpc-default-executor-6] INFO  client.GrpcClientProtocolClient (GrpcClientProtocolClient.java:onNext(255)) - client-D5CE890D7D9E->efcb8ff8-f060-4d95-9215-d0f5eb4af037: receive RaftClientReply:client-D5CE890D7D9E->efcb8ff8-f060-4d95-9215-d0f5eb4af037@group-0959F8DF43ED, cid=1100, SUCCESS, logIndex=0, commits[efcb8ff8-f060-4d95-9215-d0f5eb4af037:c1513, 6fae8b02-e804-4c0e-b729-a97b7404b7f6:c1510, 4c3e8a66-6975-4917-8225-d3efe707aaff:c1510]
2019-09-04 11:46:03,976 | INFO  | DNAudit | user=null | ip=null | op=WRITE_CHUNK {blockData=conID: 2 locID: 102734073356812741 bcsId: 0} | ret=SUCCESS |  
2019-09-04 11:46:03,976 | INFO  | DNAudit | user=null | ip=null | op=WRITE_CHUNK {blockData=conID: 2 locID: 102734073356812741 bcsId: 0} | ret=SUCCESS |  
2019-09-04 11:46:03,977 | INFO  | DNAudit | user=null | ip=null | op=PUT_BLOCK {blockData=[blockId=conID: 2 locID: 102734073356812741 bcsId: 0,size=2097152]} | ret=SUCCESS |  
2019-09-04 11:46:03,977 | INFO  | DNAudit | user=null | ip=null | op=PUT_BLOCK {blockData=[blockId=conID: 2 locID: 102734073356812741 bcsId: 0,size=2097152]} | ret=SUCCESS |  
2019-09-04 11:46:03,985 | INFO  | DNAudit | user=null | ip=null | op=WRITE_CHUNK {blockData=conID: 2 locID: 102734073356812741 bcsId: 1512} | ret=SUCCESS |  
2019-09-04 11:46:04,092 | INFO  | SCMAudit | user=jenkins1000 | ip=192.168.36.67 | op=SEND_HEARTBEAT {datanodeUUID=b68b188c-7f38-42ae-8403-46a39acd0731, command=[]} | ret=SUCCESS |  
2019-09-04 11:46:04,093 | INFO  | DNAudit | user=null | ip=null | op=WRITE_CHUNK {blockData=conID: 2 locID: 102734073356812741 bcsId: 1512} | ret=SUCCESS |  
2019-09-04 11:46:04,094 | INFO  | DNAudit | user=null | ip=null | op=WRITE_CHUNK {blockData=conID: 2 locID: 102734073356812741 bcsId: 1512} | ret=SUCCESS |  
2019-09-04 11:46:04,125 | INFO  | DNAudit | user=null | ip=null | op=WRITE_CHUNK {blockData=conID: 2 locID: 102734073356812741 bcsId: 1512} | ret=SUCCESS |  
2019-09-04 11:46:04,126 | INFO  | DNAudit | user=null | ip=null | op=PUT_BLOCK {blockData=[blockId=conID: 2 locID: 102734073356812741 bcsId: 0,size=3145728]} | ret=SUCCESS |  
2019-09-04 11:46:04,126 [grpc-default-executor-4] INFO  client.GrpcClientProtocolClient (GrpcClientProtocolClient.java:onNext(255)) - client-D5CE890D7D9E->efcb8ff8-f060-4d95-9215-d0f5eb4af037: receive RaftClientReply:client-D5CE890D7D9E->efcb8ff8-f060-4d95-9215-d0f5eb4af037@group-0959F8DF43ED, cid=1101, SUCCESS, logIndex=1517, commits[efcb8ff8-f060-4d95-9215-d0f5eb4af037:c1518, 6fae8b02-e804-4c0e-b729-a97b7404b7f6:c1512, 4c3e8a66-6975-4917-8225-d3efe707aaff:c1516]
2019-09-04 11:46:04,127 [grpc-default-executor-4] INFO  client.GrpcClientProtocolClient (GrpcClientProtocolClient.java:onNext(255)) - client-D5CE890D7D9E->efcb8ff8-f060-4d95-9215-d0f5eb4af037: receive RaftClientReply:client-D5CE890D7D9E->efcb8ff8-f060-4d95-9215-d0f5eb4af037@group-0959F8DF43ED, cid=1102, SUCCESS, logIndex=1518, commits[efcb8ff8-f060-4d95-9215-d0f5eb4af037:c1518, 6fae8b02-e804-4c0e-b729-a97b7404b7f6:c1516, 4c3e8a66-6975-4917-8225-d3efe707aaff:c1516]
2019-09-04 11:46:04,127 | INFO  | DNAudit | user=null | ip=null | op=WRITE_CHUNK {blockData=conID: 2 locID: 102734073356812741 bcsId: 1512} | ret=SUCCESS |  
2019-09-04 11:46:04,128 | INFO  | DNAudit | user=null | ip=null | op=WRITE_CHUNK {blockData=conID: 2 locID: 102734073356812741 bcsId: 1512} | ret=SUCCESS |  
2019-09-04 11:46:04,128 | INFO  | DNAudit | user=null | ip=null | op=PUT_BLOCK {blockData=[blockId=conID: 2 locID: 102734073356812741 bcsId: 0,size=3145728]} | ret=SUCCESS |  
2019-09-04 11:46:04,128 | INFO  | DNAudit | user=null | ip=null | op=PUT_BLOCK {blockData=[blockId=conID: 2 locID: 102734073356812741 bcsId: 0,size=3145728]} | ret=SUCCESS |  
2019-09-04 11:46:04,139 | INFO  | DNAudit | user=null | ip=null | op=WRITE_CHUNK {blockData=conID: 2 locID: 102734073356812741 bcsId: 1518} | ret=SUCCESS |  
2019-09-04 11:46:04,145 | INFO  | DNAudit | user=null | ip=null | op=WRITE_CHUNK {blockData=conID: 2 locID: 102734073356812741 bcsId: 1518} | ret=SUCCESS |  
2019-09-04 11:46:04,146 | INFO  | DNAudit | user=null | ip=null | op=WRITE_CHUNK {blockData=conID: 2 locID: 102734073356812741 bcsId: 1518} | ret=SUCCESS |  
2019-09-04 11:46:04,160 | INFO  | DNAudit | user=null | ip=null | op=WRITE_CHUNK {blockData=conID: 2 locID: 102734073356812741 bcsId: 1518} | ret=SUCCESS |  
2019-09-04 11:46:04,161 | INFO  | DNAudit | user=null | ip=null | op=PUT_BLOCK {blockData=[blockId=conID: 2 locID: 102734073356812741 bcsId: 0,size=4194304]} | ret=SUCCESS |  
2019-09-04 11:46:04,161 [grpc-default-executor-4] INFO  client.GrpcClientProtocolClient (GrpcClientProtocolClient.java:onNext(255)) - client-D5CE890D7D9E->efcb8ff8-f060-4d95-9215-d0f5eb4af037: receive RaftClientReply:client-D5CE890D7D9E->efcb8ff8-f060-4d95-9215-d0f5eb4af037@group-0959F8DF43ED, cid=1103, SUCCESS, logIndex=1521, commits[efcb8ff8-f060-4d95-9215-d0f5eb4af037:c1522, 6fae8b02-e804-4c0e-b729-a97b7404b7f6:c1520, 4c3e8a66-6975-4917-8225-d3efe707aaff:c1520]
2019-09-04 11:46:04,161 [grpc-default-executor-4] INFO  client.GrpcClientProtocolClient (GrpcClientProtocolClient.java:onNext(255)) - client-D5CE890D7D9E->efcb8ff8-f060-4d95-9215-d0f5eb4af037: receive RaftClientReply:client-D5CE890D7D9E->efcb8ff8-f060-4d95-9215-d0f5eb4af037@group-0959F8DF43ED, cid=1104, SUCCESS, logIndex=1522, commits[efcb8ff8-f060-4d95-9215-d0f5eb4af037:c1522, 6fae8b02-e804-4c0e-b729-a97b7404b7f6:c1520, 4c3e8a66-6975-4917-8225-d3efe707aaff:c1520]
2019-09-04 11:46:04,178 | INFO  | DNAudit | user=null | ip=null | op=WRITE_CHUNK {blockData=conID: 2 locID: 102734073356812741 bcsId: 1518} | ret=SUCCESS |  
2019-09-04 11:46:04,178 | INFO  | DNAudit | user=null | ip=null | op=WRITE_CHUNK {blockData=conID: 2 locID: 102734073356812741 bcsId: 1518} | ret=SUCCESS |  
2019-09-04 11:46:04,179 | INFO  | DNAudit | user=null | ip=null | op=PUT_BLOCK {blockData=[blockId=conID: 2 locID: 102734073356812741 bcsId: 0,size=4194304]} | ret=SUCCESS |  
2019-09-04 11:46:04,179 | INFO  | DNAudit | user=null | ip=null | op=PUT_BLOCK {blockData=[blockId=conID: 2 locID: 102734073356812741 bcsId: 0,size=4194304]} | ret=SUCCESS |  
2019-09-04 11:46:04,180 [grpc-default-executor-4] INFO  client.GrpcClientProtocolClient (GrpcClientProtocolClient.java:onNext(255)) - client-D5CE890D7D9E->efcb8ff8-f060-4d95-9215-d0f5eb4af037: receive RaftClientReply:client-D5CE890D7D9E->efcb8ff8-f060-4d95-9215-d0f5eb4af037@group-0959F8DF43ED, cid=1105, SUCCESS, logIndex=0, commits[efcb8ff8-f060-4d95-9215-d0f5eb4af037:c1524, 6fae8b02-e804-4c0e-b729-a97b7404b7f6:c1522, 4c3e8a66-6975-4917-8225-d3efe707aaff:c1522]
2019-09-04 11:46:04,187 | INFO  | DNAudit | user=null | ip=null | op=WRITE_CHUNK {blockData=conID: 3 locID: 102734073356812742 bcsId: 0} | ret=SUCCESS |  
2019-09-04 11:46:04,189 | INFO  | DNAudit | user=null | ip=null | op=WRITE_CHUNK {blockData=conID: 3 locID: 102734073356812742 bcsId: 0} | ret=SUCCESS |  
2019-09-04 11:46:04,190 | INFO  | DNAudit | user=null | ip=null | op=WRITE_CHUNK {blockData=conID: 3 locID: 102734073356812742 bcsId: 0} | ret=SUCCESS |  
2019-09-04 11:46:04,190 | INFO  | DNAudit | user=null | ip=null | op=WRITE_CHUNK {blockData=conID: 3 locID: 102734073356812742 bcsId: 0} | ret=SUCCESS |  
2019-09-04 11:46:04,191 | INFO  | DNAudit | user=null | ip=null | op=WRITE_CHUNK {blockData=conID: 3 locID: 102734073356812742 bcsId: 0} | ret=SUCCESS |  
2019-09-04 11:46:04,192 | INFO  | DNAudit | user=null | ip=null | op=WRITE_CHUNK {blockData=conID: 3 locID: 102734073356812742 bcsId: 0} | ret=SUCCESS |  
2019-09-04 11:46:04,221 | INFO  | DNAudit | user=null | ip=null | op=WRITE_CHUNK {blockData=conID: 3 locID: 102734073356812742 bcsId: 0} | ret=SUCCESS |  
2019-09-04 11:46:04,222 | INFO  | DNAudit | user=null | ip=null | op=PUT_BLOCK {blockData=[blockId=conID: 3 locID: 102734073356812742 bcsId: 0,size=1048576]} | ret=SUCCESS |  
2019-09-04 11:46:04,222 | INFO  | DNAudit | user=null | ip=null | op=WRITE_CHUNK {blockData=conID: 3 locID: 102734073356812742 bcsId: 0} | ret=SUCCESS |  
2019-09-04 11:46:04,222 [grpc-default-executor-6] INFO  client.GrpcClientProtocolClient (GrpcClientProtocolClient.java:onNext(255)) - client-D5CE890D7D9E->efcb8ff8-f060-4d95-9215-d0f5eb4af037: receive RaftClientReply:client-D5CE890D7D9E->efcb8ff8-f060-4d95-9215-d0f5eb4af037@group-0959F8DF43ED, cid=1106, SUCCESS, logIndex=1525, commits[efcb8ff8-f060-4d95-9215-d0f5eb4af037:c1528, 6fae8b02-e804-4c0e-b729-a97b7404b7f6:c1524, 4c3e8a66-6975-4917-8225-d3efe707aaff:c1524]
2019-09-04 11:46:04,222 | INFO  | DNAudit | user=null | ip=null | op=PUT_BLOCK {blockData=[blockId=conID: 3 locID: 102734073356812742 bcsId: 0,size=2097152]} | ret=SUCCESS |  
2019-09-04 11:46:04,222 [grpc-default-executor-6] INFO  client.GrpcClientProtocolClient (GrpcClientProtocolClient.java:onNext(255)) - client-D5CE890D7D9E->efcb8ff8-f060-4d95-9215-d0f5eb4af037: receive RaftClientReply:client-D5CE890D7D9E->efcb8ff8-f060-4d95-9215-d0f5eb4af037@group-0959F8DF43ED, cid=1107, SUCCESS, logIndex=1526, commits[efcb8ff8-f060-4d95-9215-d0f5eb4af037:c1528, 6fae8b02-e804-4c0e-b729-a97b7404b7f6:c1524, 4c3e8a66-6975-4917-8225-d3efe707aaff:c1524]
2019-09-04 11:46:04,223 [grpc-default-executor-6] INFO  client.GrpcClientProtocolClient (GrpcClientProtocolClient.java:onNext(255)) - client-D5CE890D7D9E->efcb8ff8-f060-4d95-9215-d0f5eb4af037: receive RaftClientReply:client-D5CE890D7D9E->efcb8ff8-f060-4d95-9215-d0f5eb4af037@group-0959F8DF43ED, cid=1108, SUCCESS, logIndex=1527, commits[efcb8ff8-f060-4d95-9215-d0f5eb4af037:c1528, 6fae8b02-e804-4c0e-b729-a97b7404b7f6:c1524, 4c3e8a66-6975-4917-8225-d3efe707aaff:c1524]
2019-09-04 11:46:04,223 [grpc-default-executor-6] INFO  client.GrpcClientProtocolClient (GrpcClientProtocolClient.java:onNext(255)) - client-D5CE890D7D9E->efcb8ff8-f060-4d95-9215-d0f5eb4af037: receive RaftClientReply:client-D5CE890D7D9E->efcb8ff8-f060-4d95-9215-d0f5eb4af037@group-0959F8DF43ED, cid=1109, SUCCESS, logIndex=1528, commits[efcb8ff8-f060-4d95-9215-d0f5eb4af037:c1528, 6fae8b02-e804-4c0e-b729-a97b7404b7f6:c1524, 4c3e8a66-6975-4917-8225-d3efe707aaff:c1524]
2019-09-04 11:46:04,259 | INFO  | DNAudit | user=null | ip=null | op=WRITE_CHUNK {blockData=conID: 3 locID: 102734073356812742 bcsId: 0} | ret=SUCCESS |  
2019-09-04 11:46:04,259 | INFO  | DNAudit | user=null | ip=null | op=WRITE_CHUNK {blockData=conID: 3 locID: 102734073356812742 bcsId: 0} | ret=SUCCESS |  
2019-09-04 11:46:04,259 | INFO  | DNAudit | user=null | ip=null | op=PUT_BLOCK {blockData=[blockId=conID: 3 locID: 102734073356812742 bcsId: 0,size=1048576]} | ret=SUCCESS |  
2019-09-04 11:46:04,259 | INFO  | DNAudit | user=null | ip=null | op=PUT_BLOCK {blockData=[blockId=conID: 3 locID: 102734073356812742 bcsId: 0,size=1048576]} | ret=SUCCESS |  
2019-09-04 11:46:04,259 [grpc-default-executor-4] INFO  client.GrpcClientProtocolClient (GrpcClientProtocolClient.java:onNext(255)) - client-D5CE890D7D9E->efcb8ff8-f060-4d95-9215-d0f5eb4af037: receive RaftClientReply:client-D5CE890D7D9E->efcb8ff8-f060-4d95-9215-d0f5eb4af037@group-0959F8DF43ED, cid=1110, SUCCESS, logIndex=0, commits[efcb8ff8-f060-4d95-9215-d0f5eb4af037:c1529, 6fae8b02-e804-4c0e-b729-a97b7404b7f6:c1526, 4c3e8a66-6975-4917-8225-d3efe707aaff:c1526]
2019-09-04 11:46:04,260 | INFO  | DNAudit | user=null | ip=null | op=WRITE_CHUNK {blockData=conID: 3 locID: 102734073356812742 bcsId: 0} | ret=SUCCESS |  
2019-09-04 11:46:04,260 | INFO  | DNAudit | user=null | ip=null | op=WRITE_CHUNK {blockData=conID: 3 locID: 102734073356812742 bcsId: 0} | ret=SUCCESS |  
2019-09-04 11:46:04,261 | INFO  | DNAudit | user=null | ip=null | op=PUT_BLOCK {blockData=[blockId=conID: 3 locID: 102734073356812742 bcsId: 0,size=2097152]} | ret=SUCCESS |  
2019-09-04 11:46:04,261 | INFO  | DNAudit | user=null | ip=null | op=PUT_BLOCK {blockData=[blockId=conID: 3 locID: 102734073356812742 bcsId: 0,size=2097152]} | ret=SUCCESS |  
2019-09-04 11:46:04,267 | INFO  | DNAudit | user=null | ip=null | op=WRITE_CHUNK {blockData=conID: 3 locID: 102734073356812742 bcsId: 1528} | ret=SUCCESS |  
2019-09-04 11:46:04,270 | INFO  | DNAudit | user=null | ip=null | op=WRITE_CHUNK {blockData=conID: 3 locID: 102734073356812742 bcsId: 1528} | ret=SUCCESS |  
2019-09-04 11:46:04,270 | INFO  | DNAudit | user=null | ip=null | op=WRITE_CHUNK {blockData=conID: 3 locID: 102734073356812742 bcsId: 1528} | ret=SUCCESS |  
2019-09-04 11:46:04,295 | INFO  | DNAudit | user=null | ip=null | op=WRITE_CHUNK {blockData=conID: 3 locID: 102734073356812742 bcsId: 1528} | ret=SUCCESS |  
2019-09-04 11:46:04,296 | INFO  | DNAudit | user=null | ip=null | op=PUT_BLOCK {blockData=[blockId=conID: 3 locID: 102734073356812742 bcsId: 0,size=3145728]} | ret=SUCCESS |  
2019-09-04 11:46:04,296 [grpc-default-executor-6] INFO  client.GrpcClientProtocolClient (GrpcClientProtocolClient.java:onNext(255)) - client-D5CE890D7D9E->efcb8ff8-f060-4d95-9215-d0f5eb4af037: receive RaftClientReply:client-D5CE890D7D9E->efcb8ff8-f060-4d95-9215-d0f5eb4af037@group-0959F8DF43ED, cid=1111, SUCCESS, logIndex=1533, commits[efcb8ff8-f060-4d95-9215-d0f5eb4af037:c1534, 6fae8b02-e804-4c0e-b729-a97b7404b7f6:c1532, 4c3e8a66-6975-4917-8225-d3efe707aaff:c1532]
2019-09-04 11:46:04,296 [grpc-default-executor-6] INFO  client.GrpcClientProtocolClient (GrpcClientProtocolClient.java:onNext(255)) - client-D5CE890D7D9E->efcb8ff8-f060-4d95-9215-d0f5eb4af037: receive RaftClientReply:client-D5CE890D7D9E->efcb8ff8-f060-4d95-9215-d0f5eb4af037@group-0959F8DF43ED, cid=1112, SUCCESS, logIndex=1534, commits[efcb8ff8-f060-4d95-9215-d0f5eb4af037:c1534, 6fae8b02-e804-4c0e-b729-a97b7404b7f6:c1532, 4c3e8a66-6975-4917-8225-d3efe707aaff:c1532]
2019-09-04 11:46:04,303 | INFO  | DNAudit | user=null | ip=null | op=WRITE_CHUNK {blockData=conID: 3 locID: 102734073356812742 bcsId: 1534} | ret=SUCCESS |  
2019-09-04 11:46:04,305 | INFO  | DNAudit | user=null | ip=null | op=WRITE_CHUNK {blockData=conID: 3 locID: 102734073356812742 bcsId: 1534} | ret=SUCCESS |  
2019-09-04 11:46:04,305 | INFO  | DNAudit | user=null | ip=null | op=WRITE_CHUNK {blockData=conID: 3 locID: 102734073356812742 bcsId: 1534} | ret=SUCCESS |  
2019-09-04 11:46:04,336 | INFO  | DNAudit | user=null | ip=null | op=WRITE_CHUNK {blockData=conID: 3 locID: 102734073356812742 bcsId: 1528} | ret=SUCCESS |  
2019-09-04 11:46:04,336 | INFO  | DNAudit | user=null | ip=null | op=WRITE_CHUNK {blockData=conID: 3 locID: 102734073356812742 bcsId: 1528} | ret=SUCCESS |  
2019-09-04 11:46:04,336 | INFO  | DNAudit | user=null | ip=null | op=PUT_BLOCK {blockData=[blockId=conID: 3 locID: 102734073356812742 bcsId: 0,size=3145728]} | ret=SUCCESS |  
2019-09-04 11:46:04,336 | INFO  | DNAudit | user=null | ip=null | op=PUT_BLOCK {blockData=[blockId=conID: 3 locID: 102734073356812742 bcsId: 0,size=3145728]} | ret=SUCCESS |  
2019-09-04 11:46:04,337 | INFO  | DNAudit | user=null | ip=null | op=WRITE_CHUNK {blockData=conID: 3 locID: 102734073356812742 bcsId: 1534} | ret=SUCCESS |  
2019-09-04 11:46:04,338 | INFO  | DNAudit | user=null | ip=null | op=PUT_BLOCK {blockData=[blockId=conID: 3 locID: 102734073356812742 bcsId: 0,size=4194304]} | ret=SUCCESS |  
2019-09-04 11:46:04,338 [grpc-default-executor-4] INFO  client.GrpcClientProtocolClient (GrpcClientProtocolClient.java:onNext(255)) - client-D5CE890D7D9E->efcb8ff8-f060-4d95-9215-d0f5eb4af037: receive RaftClientReply:client-D5CE890D7D9E->efcb8ff8-f060-4d95-9215-d0f5eb4af037@group-0959F8DF43ED, cid=1113, SUCCESS, logIndex=1537, commits[efcb8ff8-f060-4d95-9215-d0f5eb4af037:c1538, 6fae8b02-e804-4c0e-b729-a97b7404b7f6:c1534, 4c3e8a66-6975-4917-8225-d3efe707aaff:c1534]
2019-09-04 11:46:04,338 [grpc-default-executor-4] INFO  client.GrpcClientProtocolClient (GrpcClientProtocolClient.java:onNext(255)) - client-D5CE890D7D9E->efcb8ff8-f060-4d95-9215-d0f5eb4af037: receive RaftClientReply:client-D5CE890D7D9E->efcb8ff8-f060-4d95-9215-d0f5eb4af037@group-0959F8DF43ED, cid=1114, SUCCESS, logIndex=1538, commits[efcb8ff8-f060-4d95-9215-d0f5eb4af037:c1538, 6fae8b02-e804-4c0e-b729-a97b7404b7f6:c1534, 4c3e8a66-6975-4917-8225-d3efe707aaff:c1534]
2019-09-04 11:46:04,354 | INFO  | DNAudit | user=null | ip=null | op=WRITE_CHUNK {blockData=conID: 3 locID: 102734073356812742 bcsId: 1534} | ret=SUCCESS |  
2019-09-04 11:46:04,354 | INFO  | DNAudit | user=null | ip=null | op=WRITE_CHUNK {blockData=conID: 3 locID: 102734073356812742 bcsId: 1534} | ret=SUCCESS |  
2019-09-04 11:46:04,355 | INFO  | DNAudit | user=null | ip=null | op=PUT_BLOCK {blockData=[blockId=conID: 3 locID: 102734073356812742 bcsId: 0,size=4194304]} | ret=SUCCESS |  
2019-09-04 11:46:04,355 | INFO  | DNAudit | user=null | ip=null | op=PUT_BLOCK {blockData=[blockId=conID: 3 locID: 102734073356812742 bcsId: 0,size=4194304]} | ret=SUCCESS |  
2019-09-04 11:46:04,356 [grpc-default-executor-0] INFO  client.GrpcClientProtocolClient (GrpcClientProtocolClient.java:onNext(255)) - client-D5CE890D7D9E->efcb8ff8-f060-4d95-9215-d0f5eb4af037: receive RaftClientReply:client-D5CE890D7D9E->efcb8ff8-f060-4d95-9215-d0f5eb4af037@group-0959F8DF43ED, cid=1115, SUCCESS, logIndex=0, commits[efcb8ff8-f060-4d95-9215-d0f5eb4af037:c1540, 6fae8b02-e804-4c0e-b729-a97b7404b7f6:c1538, 4c3e8a66-6975-4917-8225-d3efe707aaff:c1538]
2019-09-04 11:46:04,363 | INFO  | DNAudit | user=null | ip=null | op=WRITE_CHUNK {blockData=conID: 1 locID: 102734073356812743 bcsId: 0} | ret=SUCCESS |  
2019-09-04 11:46:04,365 | INFO  | DNAudit | user=null | ip=null | op=WRITE_CHUNK {blockData=conID: 1 locID: 102734073356812743 bcsId: 0} | ret=SUCCESS |  
2019-09-04 11:46:04,365 | INFO  | DNAudit | user=null | ip=null | op=WRITE_CHUNK {blockData=conID: 1 locID: 102734073356812743 bcsId: 0} | ret=SUCCESS |  
2019-09-04 11:46:04,365 | INFO  | DNAudit | user=null | ip=null | op=WRITE_CHUNK {blockData=conID: 1 locID: 102734073356812743 bcsId: 0} | ret=SUCCESS |  
2019-09-04 11:46:04,366 | INFO  | DNAudit | user=null | ip=null | op=WRITE_CHUNK {blockData=conID: 1 locID: 102734073356812743 bcsId: 0} | ret=SUCCESS |  
2019-09-04 11:46:04,366 | INFO  | DNAudit | user=null | ip=null | op=WRITE_CHUNK {blockData=conID: 1 locID: 102734073356812743 bcsId: 0} | ret=SUCCESS |  
2019-09-04 11:46:04,396 | INFO  | DNAudit | user=null | ip=null | op=WRITE_CHUNK {blockData=conID: 1 locID: 102734073356812743 bcsId: 0} | ret=SUCCESS |  
2019-09-04 11:46:04,397 [grpc-default-executor-0] INFO  client.GrpcClientProtocolClient (GrpcClientProtocolClient.java:onNext(255)) - client-D5CE890D7D9E->efcb8ff8-f060-4d95-9215-d0f5eb4af037: receive RaftClientReply:client-D5CE890D7D9E->efcb8ff8-f060-4d95-9215-d0f5eb4af037@group-0959F8DF43ED, cid=1116, SUCCESS, logIndex=1541, commits[efcb8ff8-f060-4d95-9215-d0f5eb4af037:c1544, 6fae8b02-e804-4c0e-b729-a97b7404b7f6:c1540, 4c3e8a66-6975-4917-8225-d3efe707aaff:c1540]
2019-09-04 11:46:04,397 | INFO  | DNAudit | user=null | ip=null | op=PUT_BLOCK {blockData=[blockId=conID: 1 locID: 102734073356812743 bcsId: 0,size=1048576]} | ret=SUCCESS |  
2019-09-04 11:46:04,398 | INFO  | DNAudit | user=null | ip=null | op=WRITE_CHUNK {blockData=conID: 1 locID: 102734073356812743 bcsId: 0} | ret=SUCCESS |  
2019-09-04 11:46:04,397 [grpc-default-executor-0] INFO  client.GrpcClientProtocolClient (GrpcClientProtocolClient.java:onNext(255)) - client-D5CE890D7D9E->efcb8ff8-f060-4d95-9215-d0f5eb4af037: receive RaftClientReply:client-D5CE890D7D9E->efcb8ff8-f060-4d95-9215-d0f5eb4af037@group-0959F8DF43ED, cid=1117, SUCCESS, logIndex=1542, commits[efcb8ff8-f060-4d95-9215-d0f5eb4af037:c1544, 6fae8b02-e804-4c0e-b729-a97b7404b7f6:c1540, 4c3e8a66-6975-4917-8225-d3efe707aaff:c1540]
2019-09-04 11:46:04,398 | INFO  | DNAudit | user=null | ip=null | op=PUT_BLOCK {blockData=[blockId=conID: 1 locID: 102734073356812743 bcsId: 0,size=2097152]} | ret=SUCCESS |  
2019-09-04 11:46:04,398 [grpc-default-executor-0] INFO  client.GrpcClientProtocolClient (GrpcClientProtocolClient.java:onNext(255)) - client-D5CE890D7D9E->efcb8ff8-f060-4d95-9215-d0f5eb4af037: receive RaftClientReply:client-D5CE890D7D9E->efcb8ff8-f060-4d95-9215-d0f5eb4af037@group-0959F8DF43ED, cid=1118, SUCCESS, logIndex=1543, commits[efcb8ff8-f060-4d95-9215-d0f5eb4af037:c1544, 6fae8b02-e804-4c0e-b729-a97b7404b7f6:c1540, 4c3e8a66-6975-4917-8225-d3efe707aaff:c1540]
2019-09-04 11:46:04,399 [grpc-default-executor-0] INFO  client.GrpcClientProtocolClient (GrpcClientProtocolClient.java:onNext(255)) - client-D5CE890D7D9E->efcb8ff8-f060-4d95-9215-d0f5eb4af037: receive RaftClientReply:client-D5CE890D7D9E->efcb8ff8-f060-4d95-9215-d0f5eb4af037@group-0959F8DF43ED, cid=1119, SUCCESS, logIndex=1544, commits[efcb8ff8-f060-4d95-9215-d0f5eb4af037:c1544, 6fae8b02-e804-4c0e-b729-a97b7404b7f6:c1540, 4c3e8a66-6975-4917-8225-d3efe707aaff:c1540]
2019-09-04 11:46:04,421 | INFO  | DNAudit | user=null | ip=null | op=WRITE_CHUNK {blockData=conID: 1 locID: 102734073356812743 bcsId: 0} | ret=SUCCESS |  
2019-09-04 11:46:04,421 | INFO  | DNAudit | user=null | ip=null | op=WRITE_CHUNK {blockData=conID: 1 locID: 102734073356812743 bcsId: 0} | ret=SUCCESS |  
2019-09-04 11:46:04,422 | INFO  | DNAudit | user=null | ip=null | op=PUT_BLOCK {blockData=[blockId=conID: 1 locID: 102734073356812743 bcsId: 0,size=1048576]} | ret=SUCCESS |  
2019-09-04 11:46:04,422 | INFO  | DNAudit | user=null | ip=null | op=PUT_BLOCK {blockData=[blockId=conID: 1 locID: 102734073356812743 bcsId: 0,size=1048576]} | ret=SUCCESS |  
2019-09-04 11:46:04,422 [grpc-default-executor-0] INFO  client.GrpcClientProtocolClient (GrpcClientProtocolClient.java:onNext(255)) - client-D5CE890D7D9E->efcb8ff8-f060-4d95-9215-d0f5eb4af037: receive RaftClientReply:client-D5CE890D7D9E->efcb8ff8-f060-4d95-9215-d0f5eb4af037@group-0959F8DF43ED, cid=1120, SUCCESS, logIndex=0, commits[efcb8ff8-f060-4d95-9215-d0f5eb4af037:c1544, 6fae8b02-e804-4c0e-b729-a97b7404b7f6:c1542, 4c3e8a66-6975-4917-8225-d3efe707aaff:c1542]
2019-09-04 11:46:04,422 | INFO  | DNAudit | user=null | ip=null | op=WRITE_CHUNK {blockData=conID: 1 locID: 102734073356812743 bcsId: 0} | ret=SUCCESS |  
2019-09-04 11:46:04,422 | INFO  | DNAudit | user=null | ip=null | op=WRITE_CHUNK {blockData=conID: 1 locID: 102734073356812743 bcsId: 0} | ret=SUCCESS |  
2019-09-04 11:46:04,422 | INFO  | DNAudit | user=null | ip=null | op=PUT_BLOCK {blockData=[blockId=conID: 1 locID: 102734073356812743 bcsId: 0,size=2097152]} | ret=SUCCESS |  
2019-09-04 11:46:04,423 | INFO  | DNAudit | user=null | ip=null | op=PUT_BLOCK {blockData=[blockId=conID: 1 locID: 102734073356812743 bcsId: 0,size=2097152]} | ret=SUCCESS |  
2019-09-04 11:46:04,429 | INFO  | DNAudit | user=null | ip=null | op=WRITE_CHUNK {blockData=conID: 1 locID: 102734073356812743 bcsId: 1544} | ret=SUCCESS |  
2019-09-04 11:46:04,431 | INFO  | DNAudit | user=null | ip=null | op=WRITE_CHUNK {blockData=conID: 1 locID: 102734073356812743 bcsId: 1544} | ret=SUCCESS |  
2019-09-04 11:46:04,431 | INFO  | DNAudit | user=null | ip=null | op=WRITE_CHUNK {blockData=conID: 1 locID: 102734073356812743 bcsId: 1544} | ret=SUCCESS |  
2019-09-04 11:46:04,476 | INFO  | DNAudit | user=null | ip=null | op=WRITE_CHUNK {blockData=conID: 1 locID: 102734073356812743 bcsId: 1544} | ret=SUCCESS |  
2019-09-04 11:46:04,477 | INFO  | DNAudit | user=null | ip=null | op=PUT_BLOCK {blockData=[blockId=conID: 1 locID: 102734073356812743 bcsId: 0,size=3145728]} | ret=SUCCESS |  
2019-09-04 11:46:04,477 [grpc-default-executor-4] INFO  client.GrpcClientProtocolClient (GrpcClientProtocolClient.java:onNext(255)) - client-D5CE890D7D9E->efcb8ff8-f060-4d95-9215-d0f5eb4af037: receive RaftClientReply:client-D5CE890D7D9E->efcb8ff8-f060-4d95-9215-d0f5eb4af037@group-0959F8DF43ED, cid=1121, SUCCESS, logIndex=1549, commits[efcb8ff8-f060-4d95-9215-d0f5eb4af037:c1550, 6fae8b02-e804-4c0e-b729-a97b7404b7f6:c1548, 4c3e8a66-6975-4917-8225-d3efe707aaff:c1548]
2019-09-04 11:46:04,477 [grpc-default-executor-4] INFO  client.GrpcClientProtocolClient (GrpcClientProtocolClient.java:onNext(255)) - client-D5CE890D7D9E->efcb8ff8-f060-4d95-9215-d0f5eb4af037: receive RaftClientReply:client-D5CE890D7D9E->efcb8ff8-f060-4d95-9215-d0f5eb4af037@group-0959F8DF43ED, cid=1122, SUCCESS, logIndex=1550, commits[efcb8ff8-f060-4d95-9215-d0f5eb4af037:c1550, 6fae8b02-e804-4c0e-b729-a97b7404b7f6:c1548, 4c3e8a66-6975-4917-8225-d3efe707aaff:c1548]
2019-09-04 11:46:04,484 | INFO  | DNAudit | user=null | ip=null | op=WRITE_CHUNK {blockData=conID: 1 locID: 102734073356812743 bcsId: 1550} | ret=SUCCESS |  
2019-09-04 11:46:04,487 | INFO  | DNAudit | user=null | ip=null | op=WRITE_CHUNK {blockData=conID: 1 locID: 102734073356812743 bcsId: 1550} | ret=SUCCESS |  
2019-09-04 11:46:04,487 | INFO  | DNAudit | user=null | ip=null | op=WRITE_CHUNK {blockData=conID: 1 locID: 102734073356812743 bcsId: 1550} | ret=SUCCESS |  
2019-09-04 11:46:04,508 | INFO  | DNAudit | user=null | ip=null | op=WRITE_CHUNK {blockData=conID: 1 locID: 102734073356812743 bcsId: 1544} | ret=SUCCESS |  
2019-09-04 11:46:04,508 | INFO  | DNAudit | user=null | ip=null | op=WRITE_CHUNK {blockData=conID: 1 locID: 102734073356812743 bcsId: 1544} | ret=SUCCESS |  
2019-09-04 11:46:04,508 | INFO  | DNAudit | user=null | ip=null | op=PUT_BLOCK {blockData=[blockId=conID: 1 locID: 102734073356812743 bcsId: 0,size=3145728]} | ret=SUCCESS |  
2019-09-04 11:46:04,508 | INFO  | DNAudit | user=null | ip=null | op=PUT_BLOCK {blockData=[blockId=conID: 1 locID: 102734073356812743 bcsId: 0,size=3145728]} | ret=SUCCESS |  
2019-09-04 11:46:04,510 | INFO  | DNAudit | user=null | ip=null | op=WRITE_CHUNK {blockData=conID: 1 locID: 102734073356812743 bcsId: 1550} | ret=SUCCESS |  
2019-09-04 11:46:04,511 | INFO  | DNAudit | user=null | ip=null | op=PUT_BLOCK {blockData=[blockId=conID: 1 locID: 102734073356812743 bcsId: 0,size=4194304]} | ret=SUCCESS |  
2019-09-04 11:46:04,511 [grpc-default-executor-4] INFO  client.GrpcClientProtocolClient (GrpcClientProtocolClient.java:onNext(255)) - client-D5CE890D7D9E->efcb8ff8-f060-4d95-9215-d0f5eb4af037: receive RaftClientReply:client-D5CE890D7D9E->efcb8ff8-f060-4d95-9215-d0f5eb4af037@group-0959F8DF43ED, cid=1123, SUCCESS, logIndex=1553, commits[efcb8ff8-f060-4d95-9215-d0f5eb4af037:c1554, 6fae8b02-e804-4c0e-b729-a97b7404b7f6:c1550, 4c3e8a66-6975-4917-8225-d3efe707aaff:c1550]
2019-09-04 11:46:04,511 [grpc-default-executor-4] INFO  client.GrpcClientProtocolClient (GrpcClientProtocolClient.java:onNext(255)) - client-D5CE890D7D9E->efcb8ff8-f060-4d95-9215-d0f5eb4af037: receive RaftClientReply:client-D5CE890D7D9E->efcb8ff8-f060-4d95-9215-d0f5eb4af037@group-0959F8DF43ED, cid=1124, SUCCESS, logIndex=1554, commits[efcb8ff8-f060-4d95-9215-d0f5eb4af037:c1554, 6fae8b02-e804-4c0e-b729-a97b7404b7f6:c1550, 4c3e8a66-6975-4917-8225-d3efe707aaff:c1550]
2019-09-04 11:46:04,537 | INFO  | DNAudit | user=null | ip=null | op=WRITE_CHUNK {blockData=conID: 1 locID: 102734073356812743 bcsId: 1550} | ret=SUCCESS |  
2019-09-04 11:46:04,537 | INFO  | DNAudit | user=null | ip=null | op=WRITE_CHUNK {blockData=conID: 1 locID: 102734073356812743 bcsId: 1550} | ret=SUCCESS |  
2019-09-04 11:46:04,538 | INFO  | DNAudit | user=null | ip=null | op=PUT_BLOCK {blockData=[blockId=conID: 1 locID: 102734073356812743 bcsId: 0,size=4194304]} | ret=SUCCESS |  
2019-09-04 11:46:04,538 | INFO  | DNAudit | user=null | ip=null | op=PUT_BLOCK {blockData=[blockId=conID: 1 locID: 102734073356812743 bcsId: 0,size=4194304]} | ret=SUCCESS |  
2019-09-04 11:46:04,539 [grpc-default-executor-4] INFO  client.GrpcClientProtocolClient (GrpcClientProtocolClient.java:onNext(255)) - client-D5CE890D7D9E->efcb8ff8-f060-4d95-9215-d0f5eb4af037: receive RaftClientReply:client-D5CE890D7D9E->efcb8ff8-f060-4d95-9215-d0f5eb4af037@group-0959F8DF43ED, cid=1125, SUCCESS, logIndex=0, commits[efcb8ff8-f060-4d95-9215-d0f5eb4af037:c1556, 6fae8b02-e804-4c0e-b729-a97b7404b7f6:c1554, 4c3e8a66-6975-4917-8225-d3efe707aaff:c1554]
2019-09-04 11:46:04,546 | INFO  | DNAudit | user=null | ip=null | op=WRITE_CHUNK {blockData=conID: 2 locID: 102734073356812744 bcsId: 0} | ret=SUCCESS |  
2019-09-04 11:46:04,549 | INFO  | DNAudit | user=null | ip=null | op=WRITE_CHUNK {blockData=conID: 2 locID: 102734073356812744 bcsId: 0} | ret=SUCCESS |  
2019-09-04 11:46:04,549 | INFO  | DNAudit | user=null | ip=null | op=WRITE_CHUNK {blockData=conID: 2 locID: 102734073356812744 bcsId: 0} | ret=SUCCESS |  
2019-09-04 11:46:04,550 | INFO  | DNAudit | user=null | ip=null | op=WRITE_CHUNK {blockData=conID: 2 locID: 102734073356812744 bcsId: 0} | ret=SUCCESS |  
2019-09-04 11:46:04,551 | INFO  | DNAudit | user=null | ip=null | op=WRITE_CHUNK {blockData=conID: 2 locID: 102734073356812744 bcsId: 0} | ret=SUCCESS |  
2019-09-04 11:46:04,552 | INFO  | DNAudit | user=null | ip=null | op=WRITE_CHUNK {blockData=conID: 2 locID: 102734073356812744 bcsId: 0} | ret=SUCCESS |  
2019-09-04 11:46:04,609 | INFO  | DNAudit | user=null | ip=null | op=WRITE_CHUNK {blockData=conID: 2 locID: 102734073356812744 bcsId: 0} | ret=SUCCESS |  
2019-09-04 11:46:04,609 | INFO  | DNAudit | user=null | ip=null | op=PUT_BLOCK {blockData=[blockId=conID: 2 locID: 102734073356812744 bcsId: 0,size=1048576]} | ret=SUCCESS |  
2019-09-04 11:46:04,609 [grpc-default-executor-0] INFO  client.GrpcClientProtocolClient (GrpcClientProtocolClient.java:onNext(255)) - client-D5CE890D7D9E->efcb8ff8-f060-4d95-9215-d0f5eb4af037: receive RaftClientReply:client-D5CE890D7D9E->efcb8ff8-f060-4d95-9215-d0f5eb4af037@group-0959F8DF43ED, cid=1126, SUCCESS, logIndex=1557, commits[efcb8ff8-f060-4d95-9215-d0f5eb4af037:c1558, 6fae8b02-e804-4c0e-b729-a97b7404b7f6:c1556, 4c3e8a66-6975-4917-8225-d3efe707aaff:c1556]
2019-09-04 11:46:04,610 [grpc-default-executor-0] INFO  client.GrpcClientProtocolClient (GrpcClientProtocolClient.java:onNext(255)) - client-D5CE890D7D9E->efcb8ff8-f060-4d95-9215-d0f5eb4af037: receive RaftClientReply:client-D5CE890D7D9E->efcb8ff8-f060-4d95-9215-d0f5eb4af037@group-0959F8DF43ED, cid=1127, SUCCESS, logIndex=1558, commits[efcb8ff8-f060-4d95-9215-d0f5eb4af037:c1558, 6fae8b02-e804-4c0e-b729-a97b7404b7f6:c1556, 4c3e8a66-6975-4917-8225-d3efe707aaff:c1556]
2019-09-04 11:46:04,647 | INFO  | DNAudit | user=null | ip=null | op=WRITE_CHUNK {blockData=conID: 2 locID: 102734073356812744 bcsId: 0} | ret=SUCCESS |  
2019-09-04 11:46:04,648 | INFO  | DNAudit | user=null | ip=null | op=WRITE_CHUNK {blockData=conID: 2 locID: 102734073356812744 bcsId: 0} | ret=SUCCESS |  
2019-09-04 11:46:04,648 | INFO  | DNAudit | user=null | ip=null | op=PUT_BLOCK {blockData=[blockId=conID: 2 locID: 102734073356812744 bcsId: 0,size=2097152]} | ret=SUCCESS |  
2019-09-04 11:46:04,648 [grpc-default-executor-4] INFO  client.GrpcClientProtocolClient (GrpcClientProtocolClient.java:onNext(255)) - client-D5CE890D7D9E->efcb8ff8-f060-4d95-9215-d0f5eb4af037: receive RaftClientReply:client-D5CE890D7D9E->efcb8ff8-f060-4d95-9215-d0f5eb4af037@group-0959F8DF43ED, cid=1128, SUCCESS, logIndex=1559, commits[efcb8ff8-f060-4d95-9215-d0f5eb4af037:c1560, 6fae8b02-e804-4c0e-b729-a97b7404b7f6:c1556, 4c3e8a66-6975-4917-8225-d3efe707aaff:c1556]
2019-09-04 11:46:04,648 | INFO  | DNAudit | user=null | ip=null | op=PUT_BLOCK {blockData=[blockId=conID: 2 locID: 102734073356812744 bcsId: 0,size=1048576]} | ret=SUCCESS |  
2019-09-04 11:46:04,648 [grpc-default-executor-4] INFO  client.GrpcClientProtocolClient (GrpcClientProtocolClient.java:onNext(255)) - client-D5CE890D7D9E->efcb8ff8-f060-4d95-9215-d0f5eb4af037: receive RaftClientReply:client-D5CE890D7D9E->efcb8ff8-f060-4d95-9215-d0f5eb4af037@group-0959F8DF43ED, cid=1129, SUCCESS, logIndex=1560, commits[efcb8ff8-f060-4d95-9215-d0f5eb4af037:c1562, 6fae8b02-e804-4c0e-b729-a97b7404b7f6:c1558, 4c3e8a66-6975-4917-8225-d3efe707aaff:c1556]
2019-09-04 11:46:04,649 | INFO  | DNAudit | user=null | ip=null | op=WRITE_CHUNK {blockData=conID: 2 locID: 102734073356812744 bcsId: 0} | ret=SUCCESS |  
2019-09-04 11:46:04,649 | INFO  | DNAudit | user=null | ip=null | op=WRITE_CHUNK {blockData=conID: 2 locID: 102734073356812744 bcsId: 0} | ret=SUCCESS |  
2019-09-04 11:46:04,649 | INFO  | DNAudit | user=null | ip=null | op=PUT_BLOCK {blockData=[blockId=conID: 2 locID: 102734073356812744 bcsId: 0,size=1048576]} | ret=SUCCESS |  
2019-09-04 11:46:04,649 | INFO  | DNAudit | user=null | ip=null | op=PUT_BLOCK {blockData=[blockId=conID: 2 locID: 102734073356812744 bcsId: 0,size=2097152]} | ret=SUCCESS |  
2019-09-04 11:46:04,649 [grpc-default-executor-0] INFO  client.GrpcClientProtocolClient (GrpcClientProtocolClient.java:onNext(255)) - client-D5CE890D7D9E->efcb8ff8-f060-4d95-9215-d0f5eb4af037: receive RaftClientReply:client-D5CE890D7D9E->efcb8ff8-f060-4d95-9215-d0f5eb4af037@group-0959F8DF43ED, cid=1130, SUCCESS, logIndex=0, commits[efcb8ff8-f060-4d95-9215-d0f5eb4af037:c1563, 6fae8b02-e804-4c0e-b729-a97b7404b7f6:c1560, 4c3e8a66-6975-4917-8225-d3efe707aaff:c1558]
2019-09-04 11:46:04,655 | INFO  | DNAudit | user=null | ip=null | op=WRITE_CHUNK {blockData=conID: 2 locID: 102734073356812744 bcsId: 1560} | ret=SUCCESS |  
2019-09-04 11:46:04,658 | INFO  | DNAudit | user=null | ip=null | op=WRITE_CHUNK {blockData=conID: 2 locID: 102734073356812744 bcsId: 1560} | ret=SUCCESS |  
2019-09-04 11:46:04,659 | INFO  | DNAudit | user=null | ip=null | op=WRITE_CHUNK {blockData=conID: 2 locID: 102734073356812744 bcsId: 1560} | ret=SUCCESS |  
2019-09-04 11:46:04,669 | INFO  | DNAudit | user=null | ip=null | op=WRITE_CHUNK {blockData=conID: 2 locID: 102734073356812744 bcsId: 0} | ret=SUCCESS |  
2019-09-04 11:46:04,669 | INFO  | DNAudit | user=null | ip=null | op=PUT_BLOCK {blockData=[blockId=conID: 2 locID: 102734073356812744 bcsId: 0,size=2097152]} | ret=SUCCESS |  
2019-09-04 11:46:04,669 | INFO  | DNAudit | user=null | ip=null | op=WRITE_CHUNK {blockData=conID: 2 locID: 102734073356812744 bcsId: 1560} | ret=SUCCESS |  
2019-09-04 11:46:04,670 | INFO  | DNAudit | user=null | ip=null | op=PUT_BLOCK {blockData=[blockId=conID: 2 locID: 102734073356812744 bcsId: 0,size=3145728]} | ret=SUCCESS |  
2019-09-04 11:46:04,670 [grpc-default-executor-6] INFO  client.GrpcClientProtocolClient (GrpcClientProtocolClient.java:onNext(255)) - client-D5CE890D7D9E->efcb8ff8-f060-4d95-9215-d0f5eb4af037: receive RaftClientReply:client-D5CE890D7D9E->efcb8ff8-f060-4d95-9215-d0f5eb4af037@group-0959F8DF43ED, cid=1131, SUCCESS, logIndex=1565, commits[efcb8ff8-f060-4d95-9215-d0f5eb4af037:c1566, 6fae8b02-e804-4c0e-b729-a97b7404b7f6:c1564, 4c3e8a66-6975-4917-8225-d3efe707aaff:c1560]
2019-09-04 11:46:04,671 [grpc-default-executor-6] INFO  client.GrpcClientProtocolClient (GrpcClientProtocolClient.java:onNext(255)) - client-D5CE890D7D9E->efcb8ff8-f060-4d95-9215-d0f5eb4af037: receive RaftClientReply:client-D5CE890D7D9E->efcb8ff8-f060-4d95-9215-d0f5eb4af037@group-0959F8DF43ED, cid=1132, SUCCESS, logIndex=1566, commits[efcb8ff8-f060-4d95-9215-d0f5eb4af037:c1566, 6fae8b02-e804-4c0e-b729-a97b7404b7f6:c1564, 4c3e8a66-6975-4917-8225-d3efe707aaff:c1560]
2019-09-04 11:46:04,677 | INFO  | DNAudit | user=null | ip=null | op=WRITE_CHUNK {blockData=conID: 2 locID: 102734073356812744 bcsId: 1566} | ret=SUCCESS |  
2019-09-04 11:46:04,680 | INFO  | DNAudit | user=null | ip=null | op=WRITE_CHUNK {blockData=conID: 2 locID: 102734073356812744 bcsId: 1566} | ret=SUCCESS |  
2019-09-04 11:46:04,680 | INFO  | DNAudit | user=null | ip=null | op=WRITE_CHUNK {blockData=conID: 2 locID: 102734073356812744 bcsId: 1566} | ret=SUCCESS |  
2019-09-04 11:46:04,683 | INFO  | SCMAudit | user=jenkins1000 | ip=192.168.36.67 | op=SEND_HEARTBEAT {datanodeUUID=0b776101-1d39-4f23-96c0-6a8ead31197c, command=[]} | ret=SUCCESS |  
2019-09-04 11:46:04,686 | INFO  | SCMAudit | user=jenkins1000 | ip=192.168.36.67 | op=SEND_HEARTBEAT {datanodeUUID=efcb8ff8-f060-4d95-9215-d0f5eb4af037, command=[]} | ret=SUCCESS |  
2019-09-04 11:46:04,686 | INFO  | SCMAudit | user=jenkins1000 | ip=192.168.36.67 | op=SEND_HEARTBEAT {datanodeUUID=6fae8b02-e804-4c0e-b729-a97b7404b7f6, command=[]} | ret=SUCCESS |  
2019-09-04 11:46:04,686 | INFO  | SCMAudit | user=jenkins1000 | ip=192.168.36.67 | op=SEND_HEARTBEAT {datanodeUUID=4c3e8a66-6975-4917-8225-d3efe707aaff, command=[]} | ret=SUCCESS |  
2019-09-04 11:46:04,692 | INFO  | DNAudit | user=null | ip=null | op=WRITE_CHUNK {blockData=conID: 2 locID: 102734073356812744 bcsId: 1560} | ret=SUCCESS |  
2019-09-04 11:46:04,692 | INFO  | DNAudit | user=null | ip=null | op=PUT_BLOCK {blockData=[blockId=conID: 2 locID: 102734073356812744 bcsId: 0,size=3145728]} | ret=SUCCESS |  
2019-09-04 11:46:04,693 | INFO  | DNAudit | user=null | ip=null | op=WRITE_CHUNK {blockData=conID: 2 locID: 102734073356812744 bcsId: 1560} | ret=SUCCESS |  
2019-09-04 11:46:04,693 | INFO  | DNAudit | user=null | ip=null | op=PUT_BLOCK {blockData=[blockId=conID: 2 locID: 102734073356812744 bcsId: 0,size=3145728]} | ret=SUCCESS |  
2019-09-04 11:46:04,693 | INFO  | DNAudit | user=null | ip=null | op=WRITE_CHUNK {blockData=conID: 2 locID: 102734073356812744 bcsId: 1566} | ret=SUCCESS |  
2019-09-04 11:46:04,694 | INFO  | DNAudit | user=null | ip=null | op=PUT_BLOCK {blockData=[blockId=conID: 2 locID: 102734073356812744 bcsId: 0,size=4194304]} | ret=SUCCESS |  
2019-09-04 11:46:04,694 [grpc-default-executor-4] INFO  client.GrpcClientProtocolClient (GrpcClientProtocolClient.java:onNext(255)) - client-D5CE890D7D9E->efcb8ff8-f060-4d95-9215-d0f5eb4af037: receive RaftClientReply:client-D5CE890D7D9E->efcb8ff8-f060-4d95-9215-d0f5eb4af037@group-0959F8DF43ED, cid=1133, SUCCESS, logIndex=1569, commits[efcb8ff8-f060-4d95-9215-d0f5eb4af037:c1570, 6fae8b02-e804-4c0e-b729-a97b7404b7f6:c1566, 4c3e8a66-6975-4917-8225-d3efe707aaff:c1566]
2019-09-04 11:46:04,695 [grpc-default-executor-4] INFO  client.GrpcClientProtocolClient (GrpcClientProtocolClient.java:onNext(255)) - client-D5CE890D7D9E->efcb8ff8-f060-4d95-9215-d0f5eb4af037: receive RaftClientReply:client-D5CE890D7D9E->efcb8ff8-f060-4d95-9215-d0f5eb4af037@group-0959F8DF43ED, cid=1134, SUCCESS, logIndex=1570, commits[efcb8ff8-f060-4d95-9215-d0f5eb4af037:c1570, 6fae8b02-e804-4c0e-b729-a97b7404b7f6:c1566, 4c3e8a66-6975-4917-8225-d3efe707aaff:c1566]
2019-09-04 11:46:04,704 | INFO  | DNAudit | user=null | ip=null | op=WRITE_CHUNK {blockData=conID: 2 locID: 102734073356812744 bcsId: 1566} | ret=SUCCESS |  
2019-09-04 11:46:04,704 | INFO  | DNAudit | user=null | ip=null | op=PUT_BLOCK {blockData=[blockId=conID: 2 locID: 102734073356812744 bcsId: 0,size=4194304]} | ret=SUCCESS |  
2019-09-04 11:46:04,726 | INFO  | DNAudit | user=null | ip=null | op=WRITE_CHUNK {blockData=conID: 2 locID: 102734073356812744 bcsId: 1566} | ret=SUCCESS |  
2019-09-04 11:46:04,726 | INFO  | DNAudit | user=null | ip=null | op=PUT_BLOCK {blockData=[blockId=conID: 2 locID: 102734073356812744 bcsId: 0,size=4194304]} | ret=SUCCESS |  
2019-09-04 11:46:04,726 [grpc-default-executor-6] INFO  client.GrpcClientProtocolClient (GrpcClientProtocolClient.java:onNext(255)) - client-D5CE890D7D9E->efcb8ff8-f060-4d95-9215-d0f5eb4af037: receive RaftClientReply:client-D5CE890D7D9E->efcb8ff8-f060-4d95-9215-d0f5eb4af037@group-0959F8DF43ED, cid=1135, SUCCESS, logIndex=0, commits[efcb8ff8-f060-4d95-9215-d0f5eb4af037:c1572, 6fae8b02-e804-4c0e-b729-a97b7404b7f6:c1570, 4c3e8a66-6975-4917-8225-d3efe707aaff:c1570]
2019-09-04 11:46:04,733 | INFO  | DNAudit | user=null | ip=null | op=WRITE_CHUNK {blockData=conID: 3 locID: 102734073356812745 bcsId: 0} | ret=SUCCESS |  
2019-09-04 11:46:04,736 | INFO  | DNAudit | user=null | ip=null | op=WRITE_CHUNK {blockData=conID: 3 locID: 102734073356812745 bcsId: 0} | ret=SUCCESS |  
2019-09-04 11:46:04,736 | INFO  | DNAudit | user=null | ip=null | op=WRITE_CHUNK {blockData=conID: 3 locID: 102734073356812745 bcsId: 0} | ret=SUCCESS |  
2019-09-04 11:46:04,736 | INFO  | DNAudit | user=null | ip=null | op=WRITE_CHUNK {blockData=conID: 3 locID: 102734073356812745 bcsId: 0} | ret=SUCCESS |  
2019-09-04 11:46:04,738 | INFO  | DNAudit | user=null | ip=null | op=WRITE_CHUNK {blockData=conID: 3 locID: 102734073356812745 bcsId: 0} | ret=SUCCESS |  
2019-09-04 11:46:04,739 | INFO  | DNAudit | user=null | ip=null | op=WRITE_CHUNK {blockData=conID: 3 locID: 102734073356812745 bcsId: 0} | ret=SUCCESS |  
2019-09-04 11:46:04,745 | INFO  | DNAudit | user=null | ip=null | op=WRITE_CHUNK {blockData=conID: 3 locID: 102734073356812745 bcsId: 0} | ret=SUCCESS |  
2019-09-04 11:46:04,745 | INFO  | DNAudit | user=null | ip=null | op=PUT_BLOCK {blockData=[blockId=conID: 3 locID: 102734073356812745 bcsId: 0,size=1048576]} | ret=SUCCESS |  
2019-09-04 11:46:04,746 [grpc-default-executor-0] INFO  client.GrpcClientProtocolClient (GrpcClientProtocolClient.java:onNext(255)) - client-D5CE890D7D9E->efcb8ff8-f060-4d95-9215-d0f5eb4af037: receive RaftClientReply:client-D5CE890D7D9E->efcb8ff8-f060-4d95-9215-d0f5eb4af037@group-0959F8DF43ED, cid=1136, SUCCESS, logIndex=1573, commits[efcb8ff8-f060-4d95-9215-d0f5eb4af037:c1575, 6fae8b02-e804-4c0e-b729-a97b7404b7f6:c1572, 4c3e8a66-6975-4917-8225-d3efe707aaff:c1572]
2019-09-04 11:46:04,746 | INFO  | DNAudit | user=null | ip=null | op=WRITE_CHUNK {blockData=conID: 3 locID: 102734073356812745 bcsId: 0} | ret=SUCCESS |  
2019-09-04 11:46:04,746 [grpc-default-executor-0] INFO  client.GrpcClientProtocolClient (GrpcClientProtocolClient.java:onNext(255)) - client-D5CE890D7D9E->efcb8ff8-f060-4d95-9215-d0f5eb4af037: receive RaftClientReply:client-D5CE890D7D9E->efcb8ff8-f060-4d95-9215-d0f5eb4af037@group-0959F8DF43ED, cid=1137, SUCCESS, logIndex=1574, commits[efcb8ff8-f060-4d95-9215-d0f5eb4af037:c1576, 6fae8b02-e804-4c0e-b729-a97b7404b7f6:c1572, 4c3e8a66-6975-4917-8225-d3efe707aaff:c1572]
2019-09-04 11:46:04,746 | INFO  | DNAudit | user=null | ip=null | op=PUT_BLOCK {blockData=[blockId=conID: 3 locID: 102734073356812745 bcsId: 0,size=2097152]} | ret=SUCCESS |  
2019-09-04 11:46:04,746 [grpc-default-executor-0] INFO  client.GrpcClientProtocolClient (GrpcClientProtocolClient.java:onNext(255)) - client-D5CE890D7D9E->efcb8ff8-f060-4d95-9215-d0f5eb4af037: receive RaftClientReply:client-D5CE890D7D9E->efcb8ff8-f060-4d95-9215-d0f5eb4af037@group-0959F8DF43ED, cid=1138, SUCCESS, logIndex=1575, commits[efcb8ff8-f060-4d95-9215-d0f5eb4af037:c1576, 6fae8b02-e804-4c0e-b729-a97b7404b7f6:c1572, 4c3e8a66-6975-4917-8225-d3efe707aaff:c1572]
2019-09-04 11:46:04,747 [grpc-default-executor-0] INFO  client.GrpcClientProtocolClient (GrpcClientProtocolClient.java:onNext(255)) - client-D5CE890D7D9E->efcb8ff8-f060-4d95-9215-d0f5eb4af037: receive RaftClientReply:client-D5CE890D7D9E->efcb8ff8-f060-4d95-9215-d0f5eb4af037@group-0959F8DF43ED, cid=1139, SUCCESS, logIndex=1576, commits[efcb8ff8-f060-4d95-9215-d0f5eb4af037:c1576, 6fae8b02-e804-4c0e-b729-a97b7404b7f6:c1572, 4c3e8a66-6975-4917-8225-d3efe707aaff:c1572]
2019-09-04 11:46:04,778 | INFO  | DNAudit | user=null | ip=null | op=WRITE_CHUNK {blockData=conID: 3 locID: 102734073356812745 bcsId: 0} | ret=SUCCESS |  
2019-09-04 11:46:04,778 | INFO  | DNAudit | user=null | ip=null | op=PUT_BLOCK {blockData=[blockId=conID: 3 locID: 102734073356812745 bcsId: 0,size=1048576]} | ret=SUCCESS |  
2019-09-04 11:46:04,779 | INFO  | DNAudit | user=null | ip=null | op=WRITE_CHUNK {blockData=conID: 3 locID: 102734073356812745 bcsId: 0} | ret=SUCCESS |  
2019-09-04 11:46:04,779 | INFO  | DNAudit | user=null | ip=null | op=PUT_BLOCK {blockData=[blockId=conID: 3 locID: 102734073356812745 bcsId: 0,size=1048576]} | ret=SUCCESS |  
2019-09-04 11:46:04,779 | INFO  | DNAudit | user=null | ip=null | op=WRITE_CHUNK {blockData=conID: 3 locID: 102734073356812745 bcsId: 0} | ret=SUCCESS |  
2019-09-04 11:46:04,779 | INFO  | DNAudit | user=null | ip=null | op=PUT_BLOCK {blockData=[blockId=conID: 3 locID: 102734073356812745 bcsId: 0,size=2097152]} | ret=SUCCESS |  
2019-09-04 11:46:04,779 [grpc-default-executor-0] INFO  client.GrpcClientProtocolClient (GrpcClientProtocolClient.java:onNext(255)) - client-D5CE890D7D9E->efcb8ff8-f060-4d95-9215-d0f5eb4af037: receive RaftClientReply:client-D5CE890D7D9E->efcb8ff8-f060-4d95-9215-d0f5eb4af037@group-0959F8DF43ED, cid=1140, SUCCESS, logIndex=0, commits[efcb8ff8-f060-4d95-9215-d0f5eb4af037:c1577, 6fae8b02-e804-4c0e-b729-a97b7404b7f6:c1574, 4c3e8a66-6975-4917-8225-d3efe707aaff:c1574]
2019-09-04 11:46:04,779 | INFO  | DNAudit | user=null | ip=null | op=WRITE_CHUNK {blockData=conID: 3 locID: 102734073356812745 bcsId: 0} | ret=SUCCESS |  
2019-09-04 11:46:04,779 | INFO  | DNAudit | user=null | ip=null | op=PUT_BLOCK {blockData=[blockId=conID: 3 locID: 102734073356812745 bcsId: 0,size=2097152]} | ret=SUCCESS |  
2019-09-04 11:46:04,785 | INFO  | DNAudit | user=null | ip=null | op=WRITE_CHUNK {blockData=conID: 3 locID: 102734073356812745 bcsId: 1576} | ret=SUCCESS |  
2019-09-04 11:46:04,787 | INFO  | DNAudit | user=null | ip=null | op=WRITE_CHUNK {blockData=conID: 3 locID: 102734073356812745 bcsId: 1576} | ret=SUCCESS |  
2019-09-04 11:46:04,787 | INFO  | DNAudit | user=null | ip=null | op=WRITE_CHUNK {blockData=conID: 3 locID: 102734073356812745 bcsId: 1576} | ret=SUCCESS |  
2019-09-04 11:46:04,790 | INFO  | DNAudit | user=null | ip=null | op=WRITE_CHUNK {blockData=conID: 3 locID: 102734073356812745 bcsId: 1576} | ret=SUCCESS |  
2019-09-04 11:46:04,790 | INFO  | DNAudit | user=null | ip=null | op=PUT_BLOCK {blockData=[blockId=conID: 3 locID: 102734073356812745 bcsId: 0,size=3145728]} | ret=SUCCESS |  
2019-09-04 11:46:04,791 [grpc-default-executor-6] INFO  client.GrpcClientProtocolClient (GrpcClientProtocolClient.java:onNext(255)) - client-D5CE890D7D9E->efcb8ff8-f060-4d95-9215-d0f5eb4af037: receive RaftClientReply:client-D5CE890D7D9E->efcb8ff8-f060-4d95-9215-d0f5eb4af037@group-0959F8DF43ED, cid=1141, SUCCESS, logIndex=1581, commits[efcb8ff8-f060-4d95-9215-d0f5eb4af037:c1582, 6fae8b02-e804-4c0e-b729-a97b7404b7f6:c1580, 4c3e8a66-6975-4917-8225-d3efe707aaff:c1580]
2019-09-04 11:46:04,791 [grpc-default-executor-6] INFO  client.GrpcClientProtocolClient (GrpcClientProtocolClient.java:onNext(255)) - client-D5CE890D7D9E->efcb8ff8-f060-4d95-9215-d0f5eb4af037: receive RaftClientReply:client-D5CE890D7D9E->efcb8ff8-f060-4d95-9215-d0f5eb4af037@group-0959F8DF43ED, cid=1142, SUCCESS, logIndex=1582, commits[efcb8ff8-f060-4d95-9215-d0f5eb4af037:c1582, 6fae8b02-e804-4c0e-b729-a97b7404b7f6:c1580, 4c3e8a66-6975-4917-8225-d3efe707aaff:c1580]
2019-09-04 11:46:04,797 | INFO  | DNAudit | user=null | ip=null | op=WRITE_CHUNK {blockData=conID: 3 locID: 102734073356812745 bcsId: 1582} | ret=SUCCESS |  
2019-09-04 11:46:04,799 | INFO  | DNAudit | user=null | ip=null | op=WRITE_CHUNK {blockData=conID: 3 locID: 102734073356812745 bcsId: 1582} | ret=SUCCESS |  
2019-09-04 11:46:04,799 | INFO  | DNAudit | user=null | ip=null | op=WRITE_CHUNK {blockData=conID: 3 locID: 102734073356812745 bcsId: 1582} | ret=SUCCESS |  
2019-09-04 11:46:04,802 | INFO  | DNAudit | user=null | ip=null | op=WRITE_CHUNK {blockData=conID: 3 locID: 102734073356812745 bcsId: 1576} | ret=SUCCESS |  
2019-09-04 11:46:04,802 | INFO  | DNAudit | user=null | ip=null | op=WRITE_CHUNK {blockData=conID: 3 locID: 102734073356812745 bcsId: 1576} | ret=SUCCESS |  
2019-09-04 11:46:04,804 | INFO  | DNAudit | user=null | ip=null | op=PUT_BLOCK {blockData=[blockId=conID: 3 locID: 102734073356812745 bcsId: 0,size=3145728]} | ret=SUCCESS |  
2019-09-04 11:46:04,804 | INFO  | DNAudit | user=null | ip=null | op=PUT_BLOCK {blockData=[blockId=conID: 3 locID: 102734073356812745 bcsId: 0,size=3145728]} | ret=SUCCESS |  
2019-09-04 11:46:04,804 | INFO  | DNAudit | user=null | ip=null | op=WRITE_CHUNK {blockData=conID: 3 locID: 102734073356812745 bcsId: 1582} | ret=SUCCESS |  
2019-09-04 11:46:04,804 | INFO  | DNAudit | user=null | ip=null | op=PUT_BLOCK {blockData=[blockId=conID: 3 locID: 102734073356812745 bcsId: 0,size=4194304]} | ret=SUCCESS |  
2019-09-04 11:46:04,805 [grpc-default-executor-6] INFO  client.GrpcClientProtocolClient (GrpcClientProtocolClient.java:onNext(255)) - client-D5CE890D7D9E->efcb8ff8-f060-4d95-9215-d0f5eb4af037: receive RaftClientReply:client-D5CE890D7D9E->efcb8ff8-f060-4d95-9215-d0f5eb4af037@group-0959F8DF43ED, cid=1143, SUCCESS, logIndex=1585, commits[efcb8ff8-f060-4d95-9215-d0f5eb4af037:c1586, 6fae8b02-e804-4c0e-b729-a97b7404b7f6:c1582, 4c3e8a66-6975-4917-8225-d3efe707aaff:c1582]
2019-09-04 11:46:04,805 [grpc-default-executor-6] INFO  client.GrpcClientProtocolClient (GrpcClientProtocolClient.java:onNext(255)) - client-D5CE890D7D9E->efcb8ff8-f060-4d95-9215-d0f5eb4af037: receive RaftClientReply:client-D5CE890D7D9E->efcb8ff8-f060-4d95-9215-d0f5eb4af037@group-0959F8DF43ED, cid=1144, SUCCESS, logIndex=1586, commits[efcb8ff8-f060-4d95-9215-d0f5eb4af037:c1586, 6fae8b02-e804-4c0e-b729-a97b7404b7f6:c1582, 4c3e8a66-6975-4917-8225-d3efe707aaff:c1582]
2019-09-04 11:46:04,828 | INFO  | DNAudit | user=null | ip=null | op=WRITE_CHUNK {blockData=conID: 3 locID: 102734073356812745 bcsId: 1582} | ret=SUCCESS |  
2019-09-04 11:46:04,828 | INFO  | DNAudit | user=null | ip=null | op=WRITE_CHUNK {blockData=conID: 3 locID: 102734073356812745 bcsId: 1582} | ret=SUCCESS |  
2019-09-04 11:46:04,828 | INFO  | DNAudit | user=null | ip=null | op=PUT_BLOCK {blockData=[blockId=conID: 3 locID: 102734073356812745 bcsId: 0,size=4194304]} | ret=SUCCESS |  
2019-09-04 11:46:04,828 | INFO  | DNAudit | user=null | ip=null | op=PUT_BLOCK {blockData=[blockId=conID: 3 locID: 102734073356812745 bcsId: 0,size=4194304]} | ret=SUCCESS |  
2019-09-04 11:46:04,829 [grpc-default-executor-6] INFO  client.GrpcClientProtocolClient (GrpcClientProtocolClient.java:onNext(255)) - client-D5CE890D7D9E->efcb8ff8-f060-4d95-9215-d0f5eb4af037: receive RaftClientReply:client-D5CE890D7D9E->efcb8ff8-f060-4d95-9215-d0f5eb4af037@group-0959F8DF43ED, cid=1145, SUCCESS, logIndex=0, commits[efcb8ff8-f060-4d95-9215-d0f5eb4af037:c1587, 6fae8b02-e804-4c0e-b729-a97b7404b7f6:c1586, 4c3e8a66-6975-4917-8225-d3efe707aaff:c1586]
2019-09-04 11:46:04,836 | INFO  | DNAudit | user=null | ip=null | op=WRITE_CHUNK {blockData=conID: 1 locID: 102734073356812746 bcsId: 0} | ret=SUCCESS |  
2019-09-04 11:46:04,837 | INFO  | DNAudit | user=null | ip=null | op=WRITE_CHUNK {blockData=conID: 1 locID: 102734073356812746 bcsId: 0} | ret=SUCCESS |  
2019-09-04 11:46:04,837 | INFO  | DNAudit | user=null | ip=null | op=WRITE_CHUNK {blockData=conID: 1 locID: 102734073356812746 bcsId: 0} | ret=SUCCESS |  
2019-09-04 11:46:04,838 | INFO  | DNAudit | user=null | ip=null | op=WRITE_CHUNK {blockData=conID: 1 locID: 102734073356812746 bcsId: 0} | ret=SUCCESS |  
2019-09-04 11:46:04,839 | INFO  | DNAudit | user=null | ip=null | op=WRITE_CHUNK {blockData=conID: 1 locID: 102734073356812746 bcsId: 0} | ret=SUCCESS |  
2019-09-04 11:46:04,839 | INFO  | DNAudit | user=null | ip=null | op=WRITE_CHUNK {blockData=conID: 1 locID: 102734073356812746 bcsId: 0} | ret=SUCCESS |  
2019-09-04 11:46:04,866 | INFO  | DNAudit | user=null | ip=null | op=WRITE_CHUNK {blockData=conID: 1 locID: 102734073356812746 bcsId: 0} | ret=SUCCESS |  
2019-09-04 11:46:04,867 | INFO  | DNAudit | user=null | ip=null | op=PUT_BLOCK {blockData=[blockId=conID: 1 locID: 102734073356812746 bcsId: 0,size=1048576]} | ret=SUCCESS |  
2019-09-04 11:46:04,867 | INFO  | DNAudit | user=null | ip=null | op=WRITE_CHUNK {blockData=conID: 1 locID: 102734073356812746 bcsId: 0} | ret=SUCCESS |  
2019-09-04 11:46:04,867 [grpc-default-executor-4] INFO  client.GrpcClientProtocolClient (GrpcClientProtocolClient.java:onNext(255)) - client-D5CE890D7D9E->efcb8ff8-f060-4d95-9215-d0f5eb4af037: receive RaftClientReply:client-D5CE890D7D9E->efcb8ff8-f060-4d95-9215-d0f5eb4af037@group-0959F8DF43ED, cid=1146, SUCCESS, logIndex=1589, commits[efcb8ff8-f060-4d95-9215-d0f5eb4af037:c1591, 6fae8b02-e804-4c0e-b729-a97b7404b7f6:c1588, 4c3e8a66-6975-4917-8225-d3efe707aaff:c1588]
2019-09-04 11:46:04,868 | INFO  | DNAudit | user=null | ip=null | op=PUT_BLOCK {blockData=[blockId=conID: 1 locID: 102734073356812746 bcsId: 0,size=2097152]} | ret=SUCCESS |  
2019-09-04 11:46:04,868 [grpc-default-executor-4] INFO  client.GrpcClientProtocolClient (GrpcClientProtocolClient.java:onNext(255)) - client-D5CE890D7D9E->efcb8ff8-f060-4d95-9215-d0f5eb4af037: receive RaftClientReply:client-D5CE890D7D9E->efcb8ff8-f060-4d95-9215-d0f5eb4af037@group-0959F8DF43ED, cid=1147, SUCCESS, logIndex=1590, commits[efcb8ff8-f060-4d95-9215-d0f5eb4af037:c1592, 6fae8b02-e804-4c0e-b729-a97b7404b7f6:c1588, 4c3e8a66-6975-4917-8225-d3efe707aaff:c1588]
2019-09-04 11:46:04,868 [grpc-default-executor-4] INFO  client.GrpcClientProtocolClient (GrpcClientProtocolClient.java:onNext(255)) - client-D5CE890D7D9E->efcb8ff8-f060-4d95-9215-d0f5eb4af037: receive RaftClientReply:client-D5CE890D7D9E->efcb8ff8-f060-4d95-9215-d0f5eb4af037@group-0959F8DF43ED, cid=1148, SUCCESS, logIndex=1591, commits[efcb8ff8-f060-4d95-9215-d0f5eb4af037:c1592, 6fae8b02-e804-4c0e-b729-a97b7404b7f6:c1588, 4c3e8a66-6975-4917-8225-d3efe707aaff:c1588]
2019-09-04 11:46:04,868 [grpc-default-executor-4] INFO  client.GrpcClientProtocolClient (GrpcClientProtocolClient.java:onNext(255)) - client-D5CE890D7D9E->efcb8ff8-f060-4d95-9215-d0f5eb4af037: receive RaftClientReply:client-D5CE890D7D9E->efcb8ff8-f060-4d95-9215-d0f5eb4af037@group-0959F8DF43ED, cid=1149, SUCCESS, logIndex=1592, commits[efcb8ff8-f060-4d95-9215-d0f5eb4af037:c1592, 6fae8b02-e804-4c0e-b729-a97b7404b7f6:c1588, 4c3e8a66-6975-4917-8225-d3efe707aaff:c1588]
2019-09-04 11:46:04,895 | INFO  | DNAudit | user=null | ip=null | op=WRITE_CHUNK {blockData=conID: 1 locID: 102734073356812746 bcsId: 0} | ret=SUCCESS |  
2019-09-04 11:46:04,895 | INFO  | DNAudit | user=null | ip=null | op=WRITE_CHUNK {blockData=conID: 1 locID: 102734073356812746 bcsId: 0} | ret=SUCCESS |  
2019-09-04 11:46:04,896 | INFO  | DNAudit | user=null | ip=null | op=PUT_BLOCK {blockData=[blockId=conID: 1 locID: 102734073356812746 bcsId: 0,size=1048576]} | ret=SUCCESS |  
2019-09-04 11:46:04,896 | INFO  | DNAudit | user=null | ip=null | op=PUT_BLOCK {blockData=[blockId=conID: 1 locID: 102734073356812746 bcsId: 0,size=1048576]} | ret=SUCCESS |  
2019-09-04 11:46:04,896 [grpc-default-executor-6] INFO  client.GrpcClientProtocolClient (GrpcClientProtocolClient.java:onNext(255)) - client-D5CE890D7D9E->efcb8ff8-f060-4d95-9215-d0f5eb4af037: receive RaftClientReply:client-D5CE890D7D9E->efcb8ff8-f060-4d95-9215-d0f5eb4af037@group-0959F8DF43ED, cid=1150, SUCCESS, logIndex=0, commits[efcb8ff8-f060-4d95-9215-d0f5eb4af037:c1593, 6fae8b02-e804-4c0e-b729-a97b7404b7f6:c1590, 4c3e8a66-6975-4917-8225-d3efe707aaff:c1590]
2019-09-04 11:46:04,896 | INFO  | DNAudit | user=null | ip=null | op=WRITE_CHUNK {blockData=conID: 1 locID: 102734073356812746 bcsId: 0} | ret=SUCCESS |  
2019-09-04 11:46:04,897 | INFO  | DNAudit | user=null | ip=null | op=PUT_BLOCK {blockData=[blockId=conID: 1 locID: 102734073356812746 bcsId: 0,size=2097152]} | ret=SUCCESS |  
2019-09-04 11:46:04,897 | INFO  | DNAudit | user=null | ip=null | op=WRITE_CHUNK {blockData=conID: 1 locID: 102734073356812746 bcsId: 0} | ret=SUCCESS |  
2019-09-04 11:46:04,897 | INFO  | DNAudit | user=null | ip=null | op=PUT_BLOCK {blockData=[blockId=conID: 1 locID: 102734073356812746 bcsId: 0,size=2097152]} | ret=SUCCESS |  
 0.00% |█                                                                                                    |  0/1 Time: 0:00:102019-09-04 11:46:04,903 | INFO  | DNAudit | user=null | ip=null | op=WRITE_CHUNK {blockData=conID: 1 locID: 102734073356812746 bcsId: 1592} | ret=SUCCESS |  
2019-09-04 11:46:04,905 | INFO  | DNAudit | user=null | ip=null | op=WRITE_CHUNK {blockData=conID: 1 locID: 102734073356812746 bcsId: 1592} | ret=SUCCESS |  
2019-09-04 11:46:04,905 | INFO  | DNAudit | user=null | ip=null | op=WRITE_CHUNK {blockData=conID: 1 locID: 102734073356812746 bcsId: 1592} | ret=SUCCESS |  
2019-09-04 11:46:04,948 | INFO  | DNAudit | user=null | ip=null | op=WRITE_CHUNK {blockData=conID: 1 locID: 102734073356812746 bcsId: 1592} | ret=SUCCESS |  
2019-09-04 11:46:04,948 | INFO  | DNAudit | user=null | ip=null | op=PUT_BLOCK {blockData=[blockId=conID: 1 locID: 102734073356812746 bcsId: 0,size=3145728]} | ret=SUCCESS |  
2019-09-04 11:46:04,948 [grpc-default-executor-6] INFO  client.GrpcClientProtocolClient (GrpcClientProtocolClient.java:onNext(255)) - client-D5CE890D7D9E->efcb8ff8-f060-4d95-9215-d0f5eb4af037: receive RaftClientReply:client-D5CE890D7D9E->efcb8ff8-f060-4d95-9215-d0f5eb4af037@group-0959F8DF43ED, cid=1151, SUCCESS, logIndex=1597, commits[efcb8ff8-f060-4d95-9215-d0f5eb4af037:c1598, 6fae8b02-e804-4c0e-b729-a97b7404b7f6:c1596, 4c3e8a66-6975-4917-8225-d3efe707aaff:c1596]
2019-09-04 11:46:04,949 [grpc-default-executor-6] INFO  client.GrpcClientProtocolClient (GrpcClientProtocolClient.java:onNext(255)) - client-D5CE890D7D9E->efcb8ff8-f060-4d95-9215-d0f5eb4af037: receive RaftClientReply:client-D5CE890D7D9E->efcb8ff8-f060-4d95-9215-d0f5eb4af037@group-0959F8DF43ED, cid=1152, SUCCESS, logIndex=1598, commits[efcb8ff8-f060-4d95-9215-d0f5eb4af037:c1598, 6fae8b02-e804-4c0e-b729-a97b7404b7f6:c1596, 4c3e8a66-6975-4917-8225-d3efe707aaff:c1596]
2019-09-04 11:46:04,955 | INFO  | DNAudit | user=null | ip=null | op=WRITE_CHUNK {blockData=conID: 1 locID: 102734073356812746 bcsId: 1598} | ret=SUCCESS |  
2019-09-04 11:46:04,957 | INFO  | DNAudit | user=null | ip=null | op=WRITE_CHUNK {blockData=conID: 1 locID: 102734073356812746 bcsId: 1598} | ret=SUCCESS |  
2019-09-04 11:46:04,957 | INFO  | DNAudit | user=null | ip=null | op=WRITE_CHUNK {blockData=conID: 1 locID: 102734073356812746 bcsId: 1598} | ret=SUCCESS |  
2019-09-04 11:46:04,969 | INFO  | DNAudit | user=null | ip=null | op=WRITE_CHUNK {blockData=conID: 1 locID: 102734073356812746 bcsId: 1592} | ret=SUCCESS |  
2019-09-04 11:46:04,969 | INFO  | DNAudit | user=null | ip=null | op=WRITE_CHUNK {blockData=conID: 1 locID: 102734073356812746 bcsId: 1592} | ret=SUCCESS |  
2019-09-04 11:46:04,985 | INFO  | DNAudit | user=null | ip=null | op=PUT_BLOCK {blockData=[blockId=conID: 1 locID: 102734073356812746 bcsId: 0,size=3145728]} | ret=SUCCESS |  
2019-09-04 11:46:04,985 | INFO  | DNAudit | user=null | ip=null | op=PUT_BLOCK {blockData=[blockId=conID: 1 locID: 102734073356812746 bcsId: 0,size=3145728]} | ret=SUCCESS |  
2019-09-04 11:46:04,986 | INFO  | DNAudit | user=null | ip=null | op=WRITE_CHUNK {blockData=conID: 1 locID: 102734073356812746 bcsId: 1598} | ret=SUCCESS |  
2019-09-04 11:46:04,986 | INFO  | DNAudit | user=null | ip=null | op=PUT_BLOCK {blockData=[blockId=conID: 1 locID: 102734073356812746 bcsId: 0,size=4194304]} | ret=SUCCESS |  
2019-09-04 11:46:04,986 [grpc-default-executor-1] INFO  client.GrpcClientProtocolClient (GrpcClientProtocolClient.java:onNext(255)) - client-D5CE890D7D9E->efcb8ff8-f060-4d95-9215-d0f5eb4af037: receive RaftClientReply:client-D5CE890D7D9E->efcb8ff8-f060-4d95-9215-d0f5eb4af037@group-0959F8DF43ED, cid=1153, SUCCESS, logIndex=1601, commits[efcb8ff8-f060-4d95-9215-d0f5eb4af037:c1602, 6fae8b02-e804-4c0e-b729-a97b7404b7f6:c1598, 4c3e8a66-6975-4917-8225-d3efe707aaff:c1598]
2019-09-04 11:46:04,987 [grpc-default-executor-1] INFO  client.GrpcClientProtocolClient (GrpcClientProtocolClient.java:onNext(255)) - client-D5CE890D7D9E->efcb8ff8-f060-4d95-9215-d0f5eb4af037: receive RaftClientReply:client-D5CE890D7D9E->efcb8ff8-f060-4d95-9215-d0f5eb4af037@group-0959F8DF43ED, cid=1154, SUCCESS, logIndex=1602, commits[efcb8ff8-f060-4d95-9215-d0f5eb4af037:c1602, 6fae8b02-e804-4c0e-b729-a97b7404b7f6:c1598, 4c3e8a66-6975-4917-8225-d3efe707aaff:c1598]
2019-09-04 11:46:05,002 | INFO  | DNAudit | user=null | ip=null | op=WRITE_CHUNK {blockData=conID: 1 locID: 102734073356812746 bcsId: 1598} | ret=SUCCESS |  
2019-09-04 11:46:05,002 | INFO  | DNAudit | user=null | ip=null | op=WRITE_CHUNK {blockData=conID: 1 locID: 102734073356812746 bcsId: 1598} | ret=SUCCESS |  
2019-09-04 11:46:05,002 | INFO  | DNAudit | user=null | ip=null | op=PUT_BLOCK {blockData=[blockId=conID: 1 locID: 102734073356812746 bcsId: 0,size=4194304]} | ret=SUCCESS |  
2019-09-04 11:46:05,002 | INFO  | DNAudit | user=null | ip=null | op=PUT_BLOCK {blockData=[blockId=conID: 1 locID: 102734073356812746 bcsId: 0,size=4194304]} | ret=SUCCESS |  
2019-09-04 11:46:05,003 [grpc-default-executor-4] INFO  client.GrpcClientProtocolClient (GrpcClientProtocolClient.java:onNext(255)) - client-D5CE890D7D9E->efcb8ff8-f060-4d95-9215-d0f5eb4af037: receive RaftClientReply:client-D5CE890D7D9E->efcb8ff8-f060-4d95-9215-d0f5eb4af037@group-0959F8DF43ED, cid=1155, SUCCESS, logIndex=0, commits[efcb8ff8-f060-4d95-9215-d0f5eb4af037:c1603, 6fae8b02-e804-4c0e-b729-a97b7404b7f6:c1602, 4c3e8a66-6975-4917-8225-d3efe707aaff:c1602]
2019-09-04 11:46:05,009 | INFO  | DNAudit | user=null | ip=null | op=WRITE_CHUNK {blockData=conID: 2 locID: 102734073356812747 bcsId: 0} | ret=SUCCESS |  
2019-09-04 11:46:05,011 | INFO  | DNAudit | user=null | ip=null | op=WRITE_CHUNK {blockData=conID: 2 locID: 102734073356812747 bcsId: 0} | ret=SUCCESS |  
2019-09-04 11:46:05,011 | INFO  | DNAudit | user=null | ip=null | op=WRITE_CHUNK {blockData=conID: 2 locID: 102734073356812747 bcsId: 0} | ret=SUCCESS |  
2019-09-04 11:46:05,012 | INFO  | DNAudit | user=null | ip=null | op=WRITE_CHUNK {blockData=conID: 2 locID: 102734073356812747 bcsId: 0} | ret=SUCCESS |  
2019-09-04 11:46:05,014 | INFO  | DNAudit | user=null | ip=null | op=WRITE_CHUNK {blockData=conID: 2 locID: 102734073356812747 bcsId: 0} | ret=SUCCESS |  
2019-09-04 11:46:05,015 | INFO  | DNAudit | user=null | ip=null | op=WRITE_CHUNK {blockData=conID: 2 locID: 102734073356812747 bcsId: 0} | ret=SUCCESS |  
2019-09-04 11:46:05,022 | INFO  | DNAudit | user=null | ip=null | op=WRITE_CHUNK {blockData=conID: 2 locID: 102734073356812747 bcsId: 0} | ret=SUCCESS |  
2019-09-04 11:46:05,023 | INFO  | DNAudit | user=null | ip=null | op=PUT_BLOCK {blockData=[blockId=conID: 2 locID: 102734073356812747 bcsId: 0,size=1048576]} | ret=SUCCESS |  
2019-09-04 11:46:05,023 [grpc-default-executor-6] INFO  client.GrpcClientProtocolClient (GrpcClientProtocolClient.java:onNext(255)) - client-D5CE890D7D9E->efcb8ff8-f060-4d95-9215-d0f5eb4af037: receive RaftClientReply:client-D5CE890D7D9E->efcb8ff8-f060-4d95-9215-d0f5eb4af037@group-0959F8DF43ED, cid=1156, SUCCESS, logIndex=1605, commits[efcb8ff8-f060-4d95-9215-d0f5eb4af037:c1606, 6fae8b02-e804-4c0e-b729-a97b7404b7f6:c1604, 4c3e8a66-6975-4917-8225-d3efe707aaff:c1604]
2019-09-04 11:46:05,023 | INFO  | DNAudit | user=null | ip=null | op=WRITE_CHUNK {blockData=conID: 2 locID: 102734073356812747 bcsId: 0} | ret=SUCCESS |  
2019-09-04 11:46:05,023 [grpc-default-executor-1] INFO  client.GrpcClientProtocolClient (GrpcClientProtocolClient.java:onNext(255)) - client-D5CE890D7D9E->efcb8ff8-f060-4d95-9215-d0f5eb4af037: receive RaftClientReply:client-D5CE890D7D9E->efcb8ff8-f060-4d95-9215-d0f5eb4af037@group-0959F8DF43ED, cid=1157, SUCCESS, logIndex=1606, commits[efcb8ff8-f060-4d95-9215-d0f5eb4af037:c1606, 6fae8b02-e804-4c0e-b729-a97b7404b7f6:c1604, 4c3e8a66-6975-4917-8225-d3efe707aaff:c1604]
2019-09-04 11:46:05,024 | INFO  | DNAudit | user=null | ip=null | op=PUT_BLOCK {blockData=[blockId=conID: 2 locID: 102734073356812747 bcsId: 0,size=2097152]} | ret=SUCCESS |  
2019-09-04 11:46:05,024 [grpc-default-executor-1] INFO  client.GrpcClientProtocolClient (GrpcClientProtocolClient.java:onNext(255)) - client-D5CE890D7D9E->efcb8ff8-f060-4d95-9215-d0f5eb4af037: receive RaftClientReply:client-D5CE890D7D9E->efcb8ff8-f060-4d95-9215-d0f5eb4af037@group-0959F8DF43ED, cid=1158, SUCCESS, logIndex=1607, commits[efcb8ff8-f060-4d95-9215-d0f5eb4af037:c1608, 6fae8b02-e804-4c0e-b729-a97b7404b7f6:c1604, 4c3e8a66-6975-4917-8225-d3efe707aaff:c1604]
2019-09-04 11:46:05,024 [grpc-default-executor-1] INFO  client.GrpcClientProtocolClient (GrpcClientProtocolClient.java:onNext(255)) - client-D5CE890D7D9E->efcb8ff8-f060-4d95-9215-d0f5eb4af037: receive RaftClientReply:client-D5CE890D7D9E->efcb8ff8-f060-4d95-9215-d0f5eb4af037@group-0959F8DF43ED, cid=1159, SUCCESS, logIndex=1608, commits[efcb8ff8-f060-4d95-9215-d0f5eb4af037:c1608, 6fae8b02-e804-4c0e-b729-a97b7404b7f6:c1604, 4c3e8a66-6975-4917-8225-d3efe707aaff:c1604]
2019-09-04 11:46:05,024 | INFO  | DNAudit | user=null | ip=null | op=WRITE_CHUNK {blockData=conID: 2 locID: 102734073356812747 bcsId: 0} | ret=SUCCESS |  
2019-09-04 11:46:05,025 | INFO  | DNAudit | user=null | ip=null | op=PUT_BLOCK {blockData=[blockId=conID: 2 locID: 102734073356812747 bcsId: 0,size=1048576]} | ret=SUCCESS |  
2019-09-04 11:46:05,025 | INFO  | DNAudit | user=null | ip=null | op=WRITE_CHUNK {blockData=conID: 2 locID: 102734073356812747 bcsId: 0} | ret=SUCCESS |  
2019-09-04 11:46:05,025 | INFO  | DNAudit | user=null | ip=null | op=PUT_BLOCK {blockData=[blockId=conID: 2 locID: 102734073356812747 bcsId: 0,size=1048576]} | ret=SUCCESS |  
2019-09-04 11:46:05,026 | INFO  | DNAudit | user=null | ip=null | op=WRITE_CHUNK {blockData=conID: 2 locID: 102734073356812747 bcsId: 0} | ret=SUCCESS |  
2019-09-04 11:46:05,026 [grpc-default-executor-1] INFO  client.GrpcClientProtocolClient (GrpcClientProtocolClient.java:onNext(255)) - client-D5CE890D7D9E->efcb8ff8-f060-4d95-9215-d0f5eb4af037: receive RaftClientReply:client-D5CE890D7D9E->efcb8ff8-f060-4d95-9215-d0f5eb4af037@group-0959F8DF43ED, cid=1160, SUCCESS, logIndex=0, commits[efcb8ff8-f060-4d95-9215-d0f5eb4af037:c1610, 6fae8b02-e804-4c0e-b729-a97b7404b7f6:c1606, 4c3e8a66-6975-4917-8225-d3efe707aaff:c1606]
2019-09-04 11:46:05,026 | INFO  | DNAudit | user=null | ip=null | op=WRITE_CHUNK {blockData=conID: 2 locID: 102734073356812747 bcsId: 0} | ret=SUCCESS |  
2019-09-04 11:46:05,026 | INFO  | DNAudit | user=null | ip=null | op=PUT_BLOCK {blockData=[blockId=conID: 2 locID: 102734073356812747 bcsId: 0,size=2097152]} | ret=SUCCESS |  
2019-09-04 11:46:05,026 | INFO  | DNAudit | user=null | ip=null | op=PUT_BLOCK {blockData=[blockId=conID: 2 locID: 102734073356812747 bcsId: 0,size=2097152]} | ret=SUCCESS |  
2019-09-04 11:46:05,031 | INFO  | DNAudit | user=null | ip=null | op=WRITE_CHUNK {blockData=conID: 2 locID: 102734073356812747 bcsId: 1608} | ret=SUCCESS |  
2019-09-04 11:46:05,033 | INFO  | DNAudit | user=null | ip=null | op=WRITE_CHUNK {blockData=conID: 2 locID: 102734073356812747 bcsId: 1608} | ret=SUCCESS |  
2019-09-04 11:46:05,034 | INFO  | DNAudit | user=null | ip=null | op=WRITE_CHUNK {blockData=conID: 2 locID: 102734073356812747 bcsId: 1608} | ret=SUCCESS |  
2019-09-04 11:46:05,049 | INFO  | DNAudit | user=null | ip=null | op=WRITE_CHUNK {blockData=conID: 2 locID: 102734073356812747 bcsId: 1608} | ret=SUCCESS |  
2019-09-04 11:46:05,050 | INFO  | DNAudit | user=null | ip=null | op=PUT_BLOCK {blockData=[blockId=conID: 2 locID: 102734073356812747 bcsId: 0,size=3145728]} | ret=SUCCESS |  
2019-09-04 11:46:05,050 [grpc-default-executor-4] INFO  client.GrpcClientProtocolClient (GrpcClientProtocolClient.java:onNext(255)) - client-D5CE890D7D9E->efcb8ff8-f060-4d95-9215-d0f5eb4af037: receive RaftClientReply:client-D5CE890D7D9E->efcb8ff8-f060-4d95-9215-d0f5eb4af037@group-0959F8DF43ED, cid=1161, SUCCESS, logIndex=1613, commits[efcb8ff8-f060-4d95-9215-d0f5eb4af037:c1614, 6fae8b02-e804-4c0e-b729-a97b7404b7f6:c1612, 4c3e8a66-6975-4917-8225-d3efe707aaff:c1612]
2019-09-04 11:46:05,050 [grpc-default-executor-4] INFO  client.GrpcClientProtocolClient (GrpcClientProtocolClient.java:onNext(255)) - client-D5CE890D7D9E->efcb8ff8-f060-4d95-9215-d0f5eb4af037: receive RaftClientReply:client-D5CE890D7D9E->efcb8ff8-f060-4d95-9215-d0f5eb4af037@group-0959F8DF43ED, cid=1162, SUCCESS, logIndex=1614, commits[efcb8ff8-f060-4d95-9215-d0f5eb4af037:c1614, 6fae8b02-e804-4c0e-b729-a97b7404b7f6:c1612, 4c3e8a66-6975-4917-8225-d3efe707aaff:c1612]
2019-09-04 11:46:05,055 | INFO  | DNAudit | user=null | ip=null | op=WRITE_CHUNK {blockData=conID: 2 locID: 102734073356812747 bcsId: 1614} | ret=SUCCESS |  
2019-09-04 11:46:05,057 | INFO  | DNAudit | user=null | ip=null | op=WRITE_CHUNK {blockData=conID: 2 locID: 102734073356812747 bcsId: 1614} | ret=SUCCESS |  
2019-09-04 11:46:05,057 | INFO  | DNAudit | user=null | ip=null | op=WRITE_CHUNK {blockData=conID: 2 locID: 102734073356812747 bcsId: 1614} | ret=SUCCESS |  
2019-09-04 11:46:05,080 | INFO  | DNAudit | user=null | ip=null | op=WRITE_CHUNK {blockData=conID: 2 locID: 102734073356812747 bcsId: 1608} | ret=SUCCESS |  
2019-09-04 11:46:05,080 | INFO  | DNAudit | user=null | ip=null | op=WRITE_CHUNK {blockData=conID: 2 locID: 102734073356812747 bcsId: 1608} | ret=SUCCESS |  
2019-09-04 11:46:05,081 | INFO  | DNAudit | user=null | ip=null | op=PUT_BLOCK {blockData=[blockId=conID: 2 locID: 102734073356812747 bcsId: 0,size=3145728]} | ret=SUCCESS |  
2019-09-04 11:46:05,081 | INFO  | DNAudit | user=null | ip=null | op=PUT_BLOCK {blockData=[blockId=conID: 2 locID: 102734073356812747 bcsId: 0,size=3145728]} | ret=SUCCESS |  
2019-09-04 11:46:05,082 | INFO  | DNAudit | user=null | ip=null | op=WRITE_CHUNK {blockData=conID: 2 locID: 102734073356812747 bcsId: 1614} | ret=SUCCESS |  
2019-09-04 11:46:05,082 | INFO  | DNAudit | user=null | ip=null | op=PUT_BLOCK {blockData=[blockId=conID: 2 locID: 102734073356812747 bcsId: 0,size=4194304]} | ret=SUCCESS |  
2019-09-04 11:46:05,082 [grpc-default-executor-4] INFO  client.GrpcClientProtocolClient (GrpcClientProtocolClient.java:onNext(255)) - client-D5CE890D7D9E->efcb8ff8-f060-4d95-9215-d0f5eb4af037: receive RaftClientReply:client-D5CE890D7D9E->efcb8ff8-f060-4d95-9215-d0f5eb4af037@group-0959F8DF43ED, cid=1163, SUCCESS, logIndex=1617, commits[efcb8ff8-f060-4d95-9215-d0f5eb4af037:c1618, 6fae8b02-e804-4c0e-b729-a97b7404b7f6:c1614, 4c3e8a66-6975-4917-8225-d3efe707aaff:c1614]
2019-09-04 11:46:05,082 [grpc-default-executor-4] INFO  client.GrpcClientProtocolClient (GrpcClientProtocolClient.java:onNext(255)) - client-D5CE890D7D9E->efcb8ff8-f060-4d95-9215-d0f5eb4af037: receive RaftClientReply:client-D5CE890D7D9E->efcb8ff8-f060-4d95-9215-d0f5eb4af037@group-0959F8DF43ED, cid=1164, SUCCESS, logIndex=1618, commits[efcb8ff8-f060-4d95-9215-d0f5eb4af037:c1618, 6fae8b02-e804-4c0e-b729-a97b7404b7f6:c1614, 4c3e8a66-6975-4917-8225-d3efe707aaff:c1614]
2019-09-04 11:46:05,094 | INFO  | SCMAudit | user=jenkins1000 | ip=192.168.36.67 | op=SEND_HEARTBEAT {datanodeUUID=b68b188c-7f38-42ae-8403-46a39acd0731, command=[]} | ret=SUCCESS |  
2019-09-04 11:46:05,117 | INFO  | DNAudit | user=null | ip=null | op=WRITE_CHUNK {blockData=conID: 2 locID: 102734073356812747 bcsId: 1614} | ret=SUCCESS |  
2019-09-04 11:46:05,117 | INFO  | DNAudit | user=null | ip=null | op=WRITE_CHUNK {blockData=conID: 2 locID: 102734073356812747 bcsId: 1614} | ret=SUCCESS |  
2019-09-04 11:46:05,118 | INFO  | DNAudit | user=null | ip=null | op=PUT_BLOCK {blockData=[blockId=conID: 2 locID: 102734073356812747 bcsId: 0,size=4194304]} | ret=SUCCESS |  
2019-09-04 11:46:05,118 | INFO  | DNAudit | user=null | ip=null | op=PUT_BLOCK {blockData=[blockId=conID: 2 locID: 102734073356812747 bcsId: 0,size=4194304]} | ret=SUCCESS |  
2019-09-04 11:46:05,119 [grpc-default-executor-4] INFO  client.GrpcClientProtocolClient (GrpcClientProtocolClient.java:onNext(255)) - client-D5CE890D7D9E->efcb8ff8-f060-4d95-9215-d0f5eb4af037: receive RaftClientReply:client-D5CE890D7D9E->efcb8ff8-f060-4d95-9215-d0f5eb4af037@group-0959F8DF43ED, cid=1165, SUCCESS, logIndex=0, commits[efcb8ff8-f060-4d95-9215-d0f5eb4af037:c1620, 6fae8b02-e804-4c0e-b729-a97b7404b7f6:c1618, 4c3e8a66-6975-4917-8225-d3efe707aaff:c1618]
2019-09-04 11:46:05,126 | INFO  | DNAudit | user=null | ip=null | op=WRITE_CHUNK {blockData=conID: 3 locID: 102734073356812748 bcsId: 0} | ret=SUCCESS |  
2019-09-04 11:46:05,127 | INFO  | DNAudit | user=null | ip=null | op=WRITE_CHUNK {blockData=conID: 3 locID: 102734073356812748 bcsId: 0} | ret=SUCCESS |  
2019-09-04 11:46:05,128 | INFO  | DNAudit | user=null | ip=null | op=WRITE_CHUNK {blockData=conID: 3 locID: 102734073356812748 bcsId: 0} | ret=SUCCESS |  
2019-09-04 11:46:05,128 | INFO  | DNAudit | user=null | ip=null | op=WRITE_CHUNK {blockData=conID: 3 locID: 102734073356812748 bcsId: 0} | ret=SUCCESS |  
2019-09-04 11:46:05,129 | INFO  | DNAudit | user=null | ip=null | op=WRITE_CHUNK {blockData=conID: 3 locID: 102734073356812748 bcsId: 0} | ret=SUCCESS |  
2019-09-04 11:46:05,130 | INFO  | DNAudit | user=null | ip=null | op=WRITE_CHUNK {blockData=conID: 3 locID: 102734073356812748 bcsId: 0} | ret=SUCCESS |  
2019-09-04 11:46:05,145 | INFO  | DNAudit | user=null | ip=null | op=WRITE_CHUNK {blockData=conID: 3 locID: 102734073356812748 bcsId: 0} | ret=SUCCESS |  
2019-09-04 11:46:05,146 | INFO  | DNAudit | user=null | ip=null | op=PUT_BLOCK {blockData=[blockId=conID: 3 locID: 102734073356812748 bcsId: 0,size=1048576]} | ret=SUCCESS |  
2019-09-04 11:46:05,146 [grpc-default-executor-4] INFO  client.GrpcClientProtocolClient (GrpcClientProtocolClient.java:onNext(255)) - client-D5CE890D7D9E->efcb8ff8-f060-4d95-9215-d0f5eb4af037: receive RaftClientReply:client-D5CE890D7D9E->efcb8ff8-f060-4d95-9215-d0f5eb4af037@group-0959F8DF43ED, cid=1166, SUCCESS, logIndex=1621, commits[efcb8ff8-f060-4d95-9215-d0f5eb4af037:c1622, 6fae8b02-e804-4c0e-b729-a97b7404b7f6:c1620, 4c3e8a66-6975-4917-8225-d3efe707aaff:c1620]
2019-09-04 11:46:05,148 [grpc-default-executor-4] INFO  client.GrpcClientProtocolClient (GrpcClientProtocolClient.java:onNext(255)) - client-D5CE890D7D9E->efcb8ff8-f060-4d95-9215-d0f5eb4af037: receive RaftClientReply:client-D5CE890D7D9E->efcb8ff8-f060-4d95-9215-d0f5eb4af037@group-0959F8DF43ED, cid=1167, SUCCESS, logIndex=1622, commits[efcb8ff8-f060-4d95-9215-d0f5eb4af037:c1622, 6fae8b02-e804-4c0e-b729-a97b7404b7f6:c1620, 4c3e8a66-6975-4917-8225-d3efe707aaff:c1620]
2019-09-04 11:46:05,156 | INFO  | DNAudit | user=null | ip=null | op=WRITE_CHUNK {blockData=conID: 3 locID: 102734073356812748 bcsId: 0} | ret=SUCCESS |  
2019-09-04 11:46:05,156 | INFO  | DNAudit | user=null | ip=null | op=PUT_BLOCK {blockData=[blockId=conID: 3 locID: 102734073356812748 bcsId: 0,size=2097152]} | ret=SUCCESS |  
2019-09-04 11:46:05,157 [grpc-default-executor-4] INFO  client.GrpcClientProtocolClient (GrpcClientProtocolClient.java:onNext(255)) - client-D5CE890D7D9E->efcb8ff8-f060-4d95-9215-d0f5eb4af037: receive RaftClientReply:client-D5CE890D7D9E->efcb8ff8-f060-4d95-9215-d0f5eb4af037@group-0959F8DF43ED, cid=1168, SUCCESS, logIndex=1623, commits[efcb8ff8-f060-4d95-9215-d0f5eb4af037:c1624, 6fae8b02-e804-4c0e-b729-a97b7404b7f6:c1620, 4c3e8a66-6975-4917-8225-d3efe707aaff:c1620]
2019-09-04 11:46:05,157 | INFO  | DNAudit | user=null | ip=null | op=WRITE_CHUNK {blockData=conID: 3 locID: 102734073356812748 bcsId: 0} | ret=SUCCESS |  
2019-09-04 11:46:05,157 [grpc-default-executor-4] INFO  client.GrpcClientProtocolClient (GrpcClientProtocolClient.java:onNext(255)) - client-D5CE890D7D9E->efcb8ff8-f060-4d95-9215-d0f5eb4af037: receive RaftClientReply:client-D5CE890D7D9E->efcb8ff8-f060-4d95-9215-d0f5eb4af037@group-0959F8DF43ED, cid=1169, SUCCESS, logIndex=1624, commits[efcb8ff8-f060-4d95-9215-d0f5eb4af037:c1624, 6fae8b02-e804-4c0e-b729-a97b7404b7f6:c1620, 4c3e8a66-6975-4917-8225-d3efe707aaff:c1620]
2019-09-04 11:46:05,157 | INFO  | DNAudit | user=null | ip=null | op=PUT_BLOCK {blockData=[blockId=conID: 3 locID: 102734073356812748 bcsId: 0,size=1048576]} | ret=SUCCESS |  
2019-09-04 11:46:05,157 | INFO  | DNAudit | user=null | ip=null | op=WRITE_CHUNK {blockData=conID: 3 locID: 102734073356812748 bcsId: 0} | ret=SUCCESS |  
2019-09-04 11:46:05,157 | INFO  | DNAudit | user=null | ip=null | op=PUT_BLOCK {blockData=[blockId=conID: 3 locID: 102734073356812748 bcsId: 0,size=1048576]} | ret=SUCCESS |  
2019-09-04 11:46:05,158 [grpc-default-executor-6] INFO  client.GrpcClientProtocolClient (GrpcClientProtocolClient.java:onNext(255)) - client-D5CE890D7D9E->efcb8ff8-f060-4d95-9215-d0f5eb4af037: receive RaftClientReply:client-D5CE890D7D9E->efcb8ff8-f060-4d95-9215-d0f5eb4af037@group-0959F8DF43ED, cid=1170, SUCCESS, logIndex=0, commits[efcb8ff8-f060-4d95-9215-d0f5eb4af037:c1626, 6fae8b02-e804-4c0e-b729-a97b7404b7f6:c1622, 4c3e8a66-6975-4917-8225-d3efe707aaff:c1622]
2019-09-04 11:46:05,158 | INFO  | DNAudit | user=null | ip=null | op=WRITE_CHUNK {blockData=conID: 3 locID: 102734073356812748 bcsId: 0} | ret=SUCCESS |  
2019-09-04 11:46:05,158 | INFO  | DNAudit | user=null | ip=null | op=PUT_BLOCK {blockData=[blockId=conID: 3 locID: 102734073356812748 bcsId: 0,size=2097152]} | ret=SUCCESS |  
2019-09-04 11:46:05,158 | INFO  | DNAudit | user=null | ip=null | op=WRITE_CHUNK {blockData=conID: 3 locID: 102734073356812748 bcsId: 0} | ret=SUCCESS |  
2019-09-04 11:46:05,159 | INFO  | DNAudit | user=null | ip=null | op=PUT_BLOCK {blockData=[blockId=conID: 3 locID: 102734073356812748 bcsId: 0,size=2097152]} | ret=SUCCESS |  
2019-09-04 11:46:05,164 | INFO  | DNAudit | user=null | ip=null | op=WRITE_CHUNK {blockData=conID: 3 locID: 102734073356812748 bcsId: 1624} | ret=SUCCESS |  
2019-09-04 11:46:05,165 | INFO  | DNAudit | user=null | ip=null | op=WRITE_CHUNK {blockData=conID: 3 locID: 102734073356812748 bcsId: 1624} | ret=SUCCESS |  
2019-09-04 11:46:05,165 | INFO  | DNAudit | user=null | ip=null | op=WRITE_CHUNK {blockData=conID: 3 locID: 102734073356812748 bcsId: 1624} | ret=SUCCESS |  
2019-09-04 11:46:05,189 | INFO  | DNAudit | user=null | ip=null | op=WRITE_CHUNK {blockData=conID: 3 locID: 102734073356812748 bcsId: 1624} | ret=SUCCESS |  
2019-09-04 11:46:05,190 | INFO  | DNAudit | user=null | ip=null | op=PUT_BLOCK {blockData=[blockId=conID: 3 locID: 102734073356812748 bcsId: 0,size=3145728]} | ret=SUCCESS |  
2019-09-04 11:46:05,190 [grpc-default-executor-6] INFO  client.GrpcClientProtocolClient (GrpcClientProtocolClient.java:onNext(255)) - client-D5CE890D7D9E->efcb8ff8-f060-4d95-9215-d0f5eb4af037: receive RaftClientReply:client-D5CE890D7D9E->efcb8ff8-f060-4d95-9215-d0f5eb4af037@group-0959F8DF43ED, cid=1171, SUCCESS, logIndex=1629, commits[efcb8ff8-f060-4d95-9215-d0f5eb4af037:c1630, 6fae8b02-e804-4c0e-b729-a97b7404b7f6:c1628, 4c3e8a66-6975-4917-8225-d3efe707aaff:c1628]
2019-09-04 11:46:05,190 [grpc-default-executor-6] INFO  client.GrpcClientProtocolClient (GrpcClientProtocolClient.java:onNext(255)) - client-D5CE890D7D9E->efcb8ff8-f060-4d95-9215-d0f5eb4af037: receive RaftClientReply:client-D5CE890D7D9E->efcb8ff8-f060-4d95-9215-d0f5eb4af037@group-0959F8DF43ED, cid=1172, SUCCESS, logIndex=1630, commits[efcb8ff8-f060-4d95-9215-d0f5eb4af037:c1630, 6fae8b02-e804-4c0e-b729-a97b7404b7f6:c1628, 4c3e8a66-6975-4917-8225-d3efe707aaff:c1628]
2019-09-04 11:46:05,291 | INFO  | DNAudit | user=null | ip=null | op=WRITE_CHUNK {blockData=conID: 3 locID: 102734073356812748 bcsId: 1630} | ret=SUCCESS |  
2019-09-04 11:46:05,292 | INFO  | DNAudit | user=null | ip=null | op=WRITE_CHUNK {blockData=conID: 3 locID: 102734073356812748 bcsId: 1624} | ret=SUCCESS |  
2019-09-04 11:46:05,292 | INFO  | DNAudit | user=null | ip=null | op=WRITE_CHUNK {blockData=conID: 3 locID: 102734073356812748 bcsId: 1624} | ret=SUCCESS |  
2019-09-04 11:46:05,292 | INFO  | DNAudit | user=null | ip=null | op=PUT_BLOCK {blockData=[blockId=conID: 3 locID: 102734073356812748 bcsId: 0,size=3145728]} | ret=SUCCESS |  
2019-09-04 11:46:05,292 | INFO  | DNAudit | user=null | ip=null | op=PUT_BLOCK {blockData=[blockId=conID: 3 locID: 102734073356812748 bcsId: 0,size=3145728]} | ret=SUCCESS |  
2019-09-04 11:46:05,294 | INFO  | DNAudit | user=null | ip=null | op=WRITE_CHUNK {blockData=conID: 3 locID: 102734073356812748 bcsId: 1630} | ret=SUCCESS |  
2019-09-04 11:46:05,294 | INFO  | DNAudit | user=null | ip=null | op=WRITE_CHUNK {blockData=conID: 3 locID: 102734073356812748 bcsId: 1630} | ret=SUCCESS |  
2019-09-04 11:46:05,322 | INFO  | DNAudit | user=null | ip=null | op=WRITE_CHUNK {blockData=conID: 3 locID: 102734073356812748 bcsId: 1630} | ret=SUCCESS |  
2019-09-04 11:46:05,323 | INFO  | DNAudit | user=null | ip=null | op=PUT_BLOCK {blockData=[blockId=conID: 3 locID: 102734073356812748 bcsId: 0,size=4194304]} | ret=SUCCESS |  
2019-09-04 11:46:05,323 [grpc-default-executor-1] INFO  client.GrpcClientProtocolClient (GrpcClientProtocolClient.java:onNext(255)) - client-D5CE890D7D9E->efcb8ff8-f060-4d95-9215-d0f5eb4af037: receive RaftClientReply:client-D5CE890D7D9E->efcb8ff8-f060-4d95-9215-d0f5eb4af037@group-0959F8DF43ED, cid=1173, SUCCESS, logIndex=1633, commits[efcb8ff8-f060-4d95-9215-d0f5eb4af037:c1634, 6fae8b02-e804-4c0e-b729-a97b7404b7f6:c1630, 4c3e8a66-6975-4917-8225-d3efe707aaff:c1630]
2019-09-04 11:46:05,323 [grpc-default-executor-1] INFO  client.GrpcClientProtocolClient (GrpcClientProtocolClient.java:onNext(255)) - client-D5CE890D7D9E->efcb8ff8-f060-4d95-9215-d0f5eb4af037: receive RaftClientReply:client-D5CE890D7D9E->efcb8ff8-f060-4d95-9215-d0f5eb4af037@group-0959F8DF43ED, cid=1174, SUCCESS, logIndex=1634, commits[efcb8ff8-f060-4d95-9215-d0f5eb4af037:c1634, 6fae8b02-e804-4c0e-b729-a97b7404b7f6:c1630, 4c3e8a66-6975-4917-8225-d3efe707aaff:c1630]
2019-09-04 11:46:05,359 | INFO  | DNAudit | user=null | ip=null | op=WRITE_CHUNK {blockData=conID: 3 locID: 102734073356812748 bcsId: 1630} | ret=SUCCESS |  
2019-09-04 11:46:05,360 | INFO  | DNAudit | user=null | ip=null | op=WRITE_CHUNK {blockData=conID: 3 locID: 102734073356812748 bcsId: 1630} | ret=SUCCESS |  
2019-09-04 11:46:05,360 | INFO  | DNAudit | user=null | ip=null | op=PUT_BLOCK {blockData=[blockId=conID: 3 locID: 102734073356812748 bcsId: 0,size=4194304]} | ret=SUCCESS |  
2019-09-04 11:46:05,361 | INFO  | DNAudit | user=null | ip=null | op=PUT_BLOCK {blockData=[blockId=conID: 3 locID: 102734073356812748 bcsId: 0,size=4194304]} | ret=SUCCESS |  
2019-09-04 11:46:05,362 [grpc-default-executor-1] INFO  client.GrpcClientProtocolClient (GrpcClientProtocolClient.java:onNext(255)) - client-D5CE890D7D9E->efcb8ff8-f060-4d95-9215-d0f5eb4af037: receive RaftClientReply:client-D5CE890D7D9E->efcb8ff8-f060-4d95-9215-d0f5eb4af037@group-0959F8DF43ED, cid=1175, SUCCESS, logIndex=0, commits[efcb8ff8-f060-4d95-9215-d0f5eb4af037:c1636, 6fae8b02-e804-4c0e-b729-a97b7404b7f6:c1634, 4c3e8a66-6975-4917-8225-d3efe707aaff:c1634]
2019-09-04 11:46:05,370 | INFO  | DNAudit | user=null | ip=null | op=WRITE_CHUNK {blockData=conID: 1 locID: 102734073356812749 bcsId: 0} | ret=SUCCESS |  
2019-09-04 11:46:05,374 | INFO  | DNAudit | user=null | ip=null | op=WRITE_CHUNK {blockData=conID: 1 locID: 102734073356812749 bcsId: 0} | ret=SUCCESS |  
2019-09-04 11:46:05,375 | INFO  | DNAudit | user=null | ip=null | op=WRITE_CHUNK {blockData=conID: 1 locID: 102734073356812749 bcsId: 0} | ret=SUCCESS |  
2019-09-04 11:46:05,375 | INFO  | DNAudit | user=null | ip=null | op=WRITE_CHUNK {blockData=conID: 1 locID: 102734073356812749 bcsId: 0} | ret=SUCCESS |  
2019-09-04 11:46:05,378 | INFO  | DNAudit | user=null | ip=null | op=WRITE_CHUNK {blockData=conID: 1 locID: 102734073356812749 bcsId: 0} | ret=SUCCESS |  
2019-09-04 11:46:05,378 | INFO  | DNAudit | user=null | ip=null | op=WRITE_CHUNK {blockData=conID: 1 locID: 102734073356812749 bcsId: 0} | ret=SUCCESS |  
2019-09-04 11:46:05,384 | INFO  | DNAudit | user=null | ip=null | op=WRITE_CHUNK {blockData=conID: 1 locID: 102734073356812749 bcsId: 0} | ret=SUCCESS |  
2019-09-04 11:46:05,384 | INFO  | DNAudit | user=null | ip=null | op=PUT_BLOCK {blockData=[blockId=conID: 1 locID: 102734073356812749 bcsId: 0,size=1048576]} | ret=SUCCESS |  
2019-09-04 11:46:05,384 [grpc-default-executor-1] INFO  client.GrpcClientProtocolClient (GrpcClientProtocolClient.java:onNext(255)) - client-D5CE890D7D9E->efcb8ff8-f060-4d95-9215-d0f5eb4af037: receive RaftClientReply:client-D5CE890D7D9E->efcb8ff8-f060-4d95-9215-d0f5eb4af037@group-0959F8DF43ED, cid=1176, SUCCESS, logIndex=1637, commits[efcb8ff8-f060-4d95-9215-d0f5eb4af037:c1638, 6fae8b02-e804-4c0e-b729-a97b7404b7f6:c1636, 4c3e8a66-6975-4917-8225-d3efe707aaff:c1636]
2019-09-04 11:46:05,385 [grpc-default-executor-1] INFO  client.GrpcClientProtocolClient (GrpcClientProtocolClient.java:onNext(255)) - client-D5CE890D7D9E->efcb8ff8-f060-4d95-9215-d0f5eb4af037: receive RaftClientReply:client-D5CE890D7D9E->efcb8ff8-f060-4d95-9215-d0f5eb4af037@group-0959F8DF43ED, cid=1177, SUCCESS, logIndex=1638, commits[efcb8ff8-f060-4d95-9215-d0f5eb4af037:c1638, 6fae8b02-e804-4c0e-b729-a97b7404b7f6:c1636, 4c3e8a66-6975-4917-8225-d3efe707aaff:c1636]
2019-09-04 11:46:05,421 | INFO  | DNAudit | user=null | ip=null | op=WRITE_CHUNK {blockData=conID: 1 locID: 102734073356812749 bcsId: 0} | ret=SUCCESS |  
2019-09-04 11:46:05,421 | INFO  | DNAudit | user=null | ip=null | op=PUT_BLOCK {blockData=[blockId=conID: 1 locID: 102734073356812749 bcsId: 0,size=2097152]} | ret=SUCCESS |  
2019-09-04 11:46:05,421 | INFO  | DNAudit | user=null | ip=null | op=WRITE_CHUNK {blockData=conID: 1 locID: 102734073356812749 bcsId: 0} | ret=SUCCESS |  
2019-09-04 11:46:05,421 [grpc-default-executor-6] INFO  client.GrpcClientProtocolClient (GrpcClientProtocolClient.java:onNext(255)) - client-D5CE890D7D9E->efcb8ff8-f060-4d95-9215-d0f5eb4af037: receive RaftClientReply:client-D5CE890D7D9E->efcb8ff8-f060-4d95-9215-d0f5eb4af037@group-0959F8DF43ED, cid=1178, SUCCESS, logIndex=1639, commits[efcb8ff8-f060-4d95-9215-d0f5eb4af037:c1640, 6fae8b02-e804-4c0e-b729-a97b7404b7f6:c1636, 4c3e8a66-6975-4917-8225-d3efe707aaff:c1636]
2019-09-04 11:46:05,422 [grpc-default-executor-6] INFO  client.GrpcClientProtocolClient (GrpcClientProtocolClient.java:onNext(255)) - client-D5CE890D7D9E->efcb8ff8-f060-4d95-9215-d0f5eb4af037: receive RaftClientReply:client-D5CE890D7D9E->efcb8ff8-f060-4d95-9215-d0f5eb4af037@group-0959F8DF43ED, cid=1179, SUCCESS, logIndex=1640, commits[efcb8ff8-f060-4d95-9215-d0f5eb4af037:c1641, 6fae8b02-e804-4c0e-b729-a97b7404b7f6:c1637, 4c3e8a66-6975-4917-8225-d3efe707aaff:c1636]
2019-09-04 11:46:05,452 | INFO  | DNAudit | user=null | ip=null | op=WRITE_CHUNK {blockData=conID: 1 locID: 102734073356812749 bcsId: 0} | ret=SUCCESS |  
2019-09-04 11:46:05,452 | INFO  | DNAudit | user=null | ip=null | op=PUT_BLOCK {blockData=[blockId=conID: 1 locID: 102734073356812749 bcsId: 0,size=1048576]} | ret=SUCCESS |  
2019-09-04 11:46:05,452 | INFO  | DNAudit | user=null | ip=null | op=PUT_BLOCK {blockData=[blockId=conID: 1 locID: 102734073356812749 bcsId: 0,size=1048576]} | ret=SUCCESS |  
2019-09-04 11:46:05,453 [grpc-default-executor-6] INFO  client.GrpcClientProtocolClient (GrpcClientProtocolClient.java:onNext(255)) - client-D5CE890D7D9E->efcb8ff8-f060-4d95-9215-d0f5eb4af037: receive RaftClientReply:client-D5CE890D7D9E->efcb8ff8-f060-4d95-9215-d0f5eb4af037@group-0959F8DF43ED, cid=1180, SUCCESS, logIndex=0, commits[efcb8ff8-f060-4d95-9215-d0f5eb4af037:c1642, 6fae8b02-e804-4c0e-b729-a97b7404b7f6:c1638, 4c3e8a66-6975-4917-8225-d3efe707aaff:c1638]
2019-09-04 11:46:05,453 | INFO  | DNAudit | user=null | ip=null | op=WRITE_CHUNK {blockData=conID: 1 locID: 102734073356812749 bcsId: 0} | ret=SUCCESS |  
2019-09-04 11:46:05,453 | INFO  | DNAudit | user=null | ip=null | op=PUT_BLOCK {blockData=[blockId=conID: 1 locID: 102734073356812749 bcsId: 0,size=2097152]} | ret=SUCCESS |  
2019-09-04 11:46:05,454 | INFO  | DNAudit | user=null | ip=null | op=WRITE_CHUNK {blockData=conID: 1 locID: 102734073356812749 bcsId: 0} | ret=SUCCESS |  
2019-09-04 11:46:05,454 | INFO  | DNAudit | user=null | ip=null | op=PUT_BLOCK {blockData=[blockId=conID: 1 locID: 102734073356812749 bcsId: 0,size=2097152]} | ret=SUCCESS |  
2019-09-04 11:46:05,462 | INFO  | DNAudit | user=null | ip=null | op=WRITE_CHUNK {blockData=conID: 1 locID: 102734073356812749 bcsId: 1640} | ret=SUCCESS |  
2019-09-04 11:46:05,465 | INFO  | DNAudit | user=null | ip=null | op=WRITE_CHUNK {blockData=conID: 1 locID: 102734073356812749 bcsId: 1640} | ret=SUCCESS |  
2019-09-04 11:46:05,465 | INFO  | DNAudit | user=null | ip=null | op=WRITE_CHUNK {blockData=conID: 1 locID: 102734073356812749 bcsId: 1640} | ret=SUCCESS |  
2019-09-04 11:46:05,483 | INFO  | DNAudit | user=null | ip=null | op=WRITE_CHUNK {blockData=conID: 1 locID: 102734073356812749 bcsId: 1640} | ret=SUCCESS |  
2019-09-04 11:46:05,483 | INFO  | DNAudit | user=null | ip=null | op=PUT_BLOCK {blockData=[blockId=conID: 1 locID: 102734073356812749 bcsId: 0,size=3145728]} | ret=SUCCESS |  
2019-09-04 11:46:05,484 [grpc-default-executor-4] INFO  client.GrpcClientProtocolClient (GrpcClientProtocolClient.java:onNext(255)) - client-D5CE890D7D9E->efcb8ff8-f060-4d95-9215-d0f5eb4af037: receive RaftClientReply:client-D5CE890D7D9E->efcb8ff8-f060-4d95-9215-d0f5eb4af037@group-0959F8DF43ED, cid=1181, SUCCESS, logIndex=1645, commits[efcb8ff8-f060-4d95-9215-d0f5eb4af037:c1646, 6fae8b02-e804-4c0e-b729-a97b7404b7f6:c1644, 4c3e8a66-6975-4917-8225-d3efe707aaff:c1644]
2019-09-04 11:46:05,484 [grpc-default-executor-4] INFO  client.GrpcClientProtocolClient (GrpcClientProtocolClient.java:onNext(255)) - client-D5CE890D7D9E->efcb8ff8-f060-4d95-9215-d0f5eb4af037: receive RaftClientReply:client-D5CE890D7D9E->efcb8ff8-f060-4d95-9215-d0f5eb4af037@group-0959F8DF43ED, cid=1182, SUCCESS, logIndex=1646, commits[efcb8ff8-f060-4d95-9215-d0f5eb4af037:c1646, 6fae8b02-e804-4c0e-b729-a97b7404b7f6:c1644, 4c3e8a66-6975-4917-8225-d3efe707aaff:c1644]
2019-09-04 11:46:05,492 | INFO  | DNAudit | user=null | ip=null | op=WRITE_CHUNK {blockData=conID: 1 locID: 102734073356812749 bcsId: 1646} | ret=SUCCESS |  
2019-09-04 11:46:05,492 | INFO  | DNAudit | user=null | ip=null | op=WRITE_CHUNK {blockData=conID: 1 locID: 102734073356812749 bcsId: 1640} | ret=SUCCESS |  
2019-09-04 11:46:05,492 | INFO  | DNAudit | user=null | ip=null | op=WRITE_CHUNK {blockData=conID: 1 locID: 102734073356812749 bcsId: 1640} | ret=SUCCESS |  
2019-09-04 11:46:05,492 | INFO  | DNAudit | user=null | ip=null | op=PUT_BLOCK {blockData=[blockId=conID: 1 locID: 102734073356812749 bcsId: 0,size=3145728]} | ret=SUCCESS |  
2019-09-04 11:46:05,492 | INFO  | DNAudit | user=null | ip=null | op=PUT_BLOCK {blockData=[blockId=conID: 1 locID: 102734073356812749 bcsId: 0,size=3145728]} | ret=SUCCESS |  
2019-09-04 11:46:05,495 | INFO  | DNAudit | user=null | ip=null | op=WRITE_CHUNK {blockData=conID: 1 locID: 102734073356812749 bcsId: 1646} | ret=SUCCESS |  
2019-09-04 11:46:05,495 | INFO  | DNAudit | user=null | ip=null | op=WRITE_CHUNK {blockData=conID: 1 locID: 102734073356812749 bcsId: 1646} | ret=SUCCESS |  
2019-09-04 11:46:05,514 | INFO  | DNAudit | user=null | ip=null | op=WRITE_CHUNK {blockData=conID: 1 locID: 102734073356812749 bcsId: 1646} | ret=SUCCESS |  
2019-09-04 11:46:05,515 | INFO  | DNAudit | user=null | ip=null | op=PUT_BLOCK {blockData=[blockId=conID: 1 locID: 102734073356812749 bcsId: 0,size=4194304]} | ret=SUCCESS |  
2019-09-04 11:46:05,515 [grpc-default-executor-6] INFO  client.GrpcClientProtocolClient (GrpcClientProtocolClient.java:onNext(255)) - client-D5CE890D7D9E->efcb8ff8-f060-4d95-9215-d0f5eb4af037: receive RaftClientReply:client-D5CE890D7D9E->efcb8ff8-f060-4d95-9215-d0f5eb4af037@group-0959F8DF43ED, cid=1183, SUCCESS, logIndex=1649, commits[efcb8ff8-f060-4d95-9215-d0f5eb4af037:c1650, 6fae8b02-e804-4c0e-b729-a97b7404b7f6:c1646, 4c3e8a66-6975-4917-8225-d3efe707aaff:c1646]
2019-09-04 11:46:05,516 [grpc-default-executor-6] INFO  client.GrpcClientProtocolClient (GrpcClientProtocolClient.java:onNext(255)) - client-D5CE890D7D9E->efcb8ff8-f060-4d95-9215-d0f5eb4af037: receive RaftClientReply:client-D5CE890D7D9E->efcb8ff8-f060-4d95-9215-d0f5eb4af037@group-0959F8DF43ED, cid=1184, SUCCESS, logIndex=1650, commits[efcb8ff8-f060-4d95-9215-d0f5eb4af037:c1650, 6fae8b02-e804-4c0e-b729-a97b7404b7f6:c1646, 4c3e8a66-6975-4917-8225-d3efe707aaff:c1646]
2019-09-04 11:46:05,539 | INFO  | DNAudit | user=null | ip=null | op=WRITE_CHUNK {blockData=conID: 1 locID: 102734073356812749 bcsId: 1646} | ret=SUCCESS |  
2019-09-04 11:46:05,540 | INFO  | DNAudit | user=null | ip=null | op=WRITE_CHUNK {blockData=conID: 1 locID: 102734073356812749 bcsId: 1646} | ret=SUCCESS |  
2019-09-04 11:46:05,540 | INFO  | DNAudit | user=null | ip=null | op=PUT_BLOCK {blockData=[blockId=conID: 1 locID: 102734073356812749 bcsId: 0,size=4194304]} | ret=SUCCESS |  
2019-09-04 11:46:05,540 | INFO  | DNAudit | user=null | ip=null | op=PUT_BLOCK {blockData=[blockId=conID: 1 locID: 102734073356812749 bcsId: 0,size=4194304]} | ret=SUCCESS |  
2019-09-04 11:46:05,540 [grpc-default-executor-6] INFO  client.GrpcClientProtocolClient (GrpcClientProtocolClient.java:onNext(255)) - client-D5CE890D7D9E->efcb8ff8-f060-4d95-9215-d0f5eb4af037: receive RaftClientReply:client-D5CE890D7D9E->efcb8ff8-f060-4d95-9215-d0f5eb4af037@group-0959F8DF43ED, cid=1185, SUCCESS, logIndex=0, commits[efcb8ff8-f060-4d95-9215-d0f5eb4af037:c1651, 6fae8b02-e804-4c0e-b729-a97b7404b7f6:c1650, 4c3e8a66-6975-4917-8225-d3efe707aaff:c1650]
2019-09-04 11:46:05,548 | INFO  | DNAudit | user=null | ip=null | op=WRITE_CHUNK {blockData=conID: 2 locID: 102734073356878286 bcsId: 0} | ret=SUCCESS |  
2019-09-04 11:46:05,551 | INFO  | DNAudit | user=null | ip=null | op=WRITE_CHUNK {blockData=conID: 2 locID: 102734073356878286 bcsId: 0} | ret=SUCCESS |  
2019-09-04 11:46:05,551 | INFO  | DNAudit | user=null | ip=null | op=WRITE_CHUNK {blockData=conID: 2 locID: 102734073356878286 bcsId: 0} | ret=SUCCESS |  
2019-09-04 11:46:05,552 | INFO  | DNAudit | user=null | ip=null | op=WRITE_CHUNK {blockData=conID: 2 locID: 102734073356878286 bcsId: 0} | ret=SUCCESS |  
2019-09-04 11:46:05,553 | INFO  | DNAudit | user=null | ip=null | op=WRITE_CHUNK {blockData=conID: 2 locID: 102734073356878286 bcsId: 0} | ret=SUCCESS |  
2019-09-04 11:46:05,554 | INFO  | DNAudit | user=null | ip=null | op=WRITE_CHUNK {blockData=conID: 2 locID: 102734073356878286 bcsId: 0} | ret=SUCCESS |  
2019-09-04 11:46:05,568 | INFO  | DNAudit | user=null | ip=null | op=WRITE_CHUNK {blockData=conID: 2 locID: 102734073356878286 bcsId: 0} | ret=SUCCESS |  
2019-09-04 11:46:05,568 | INFO  | DNAudit | user=null | ip=null | op=PUT_BLOCK {blockData=[blockId=conID: 2 locID: 102734073356878286 bcsId: 0,size=1048576]} | ret=SUCCESS |  
2019-09-04 11:46:05,568 [grpc-default-executor-4] INFO  client.GrpcClientProtocolClient (GrpcClientProtocolClient.java:onNext(255)) - client-D5CE890D7D9E->efcb8ff8-f060-4d95-9215-d0f5eb4af037: receive RaftClientReply:client-D5CE890D7D9E->efcb8ff8-f060-4d95-9215-d0f5eb4af037@group-0959F8DF43ED, cid=1186, SUCCESS, logIndex=1653, commits[efcb8ff8-f060-4d95-9215-d0f5eb4af037:c1656, 6fae8b02-e804-4c0e-b729-a97b7404b7f6:c1652, 4c3e8a66-6975-4917-8225-d3efe707aaff:c1652]
2019-09-04 11:46:05,569 | INFO  | DNAudit | user=null | ip=null | op=WRITE_CHUNK {blockData=conID: 2 locID: 102734073356878286 bcsId: 0} | ret=SUCCESS |  
2019-09-04 11:46:05,569 [grpc-default-executor-4] INFO  client.GrpcClientProtocolClient (GrpcClientProtocolClient.java:onNext(255)) - client-D5CE890D7D9E->efcb8ff8-f060-4d95-9215-d0f5eb4af037: receive RaftClientReply:client-D5CE890D7D9E->efcb8ff8-f060-4d95-9215-d0f5eb4af037@group-0959F8DF43ED, cid=1187, SUCCESS, logIndex=1654, commits[efcb8ff8-f060-4d95-9215-d0f5eb4af037:c1656, 6fae8b02-e804-4c0e-b729-a97b7404b7f6:c1652, 4c3e8a66-6975-4917-8225-d3efe707aaff:c1652]
2019-09-04 11:46:05,569 | INFO  | DNAudit | user=null | ip=null | op=PUT_BLOCK {blockData=[blockId=conID: 2 locID: 102734073356878286 bcsId: 0,size=2097152]} | ret=SUCCESS |  
2019-09-04 11:46:05,569 [grpc-default-executor-4] INFO  client.GrpcClientProtocolClient (GrpcClientProtocolClient.java:onNext(255)) - client-D5CE890D7D9E->efcb8ff8-f060-4d95-9215-d0f5eb4af037: receive RaftClientReply:client-D5CE890D7D9E->efcb8ff8-f060-4d95-9215-d0f5eb4af037@group-0959F8DF43ED, cid=1188, SUCCESS, logIndex=1655, commits[efcb8ff8-f060-4d95-9215-d0f5eb4af037:c1656, 6fae8b02-e804-4c0e-b729-a97b7404b7f6:c1652, 4c3e8a66-6975-4917-8225-d3efe707aaff:c1652]
2019-09-04 11:46:05,570 [grpc-default-executor-4] INFO  client.GrpcClientProtocolClient (GrpcClientProtocolClient.java:onNext(255)) - client-D5CE890D7D9E->efcb8ff8-f060-4d95-9215-d0f5eb4af037: receive RaftClientReply:client-D5CE890D7D9E->efcb8ff8-f060-4d95-9215-d0f5eb4af037@group-0959F8DF43ED, cid=1189, SUCCESS, logIndex=1656, commits[efcb8ff8-f060-4d95-9215-d0f5eb4af037:c1656, 6fae8b02-e804-4c0e-b729-a97b7404b7f6:c1652, 4c3e8a66-6975-4917-8225-d3efe707aaff:c1652]
2019-09-04 11:46:05,584 | INFO  | DNAudit | user=null | ip=null | op=WRITE_CHUNK {blockData=conID: 2 locID: 102734073356878286 bcsId: 0} | ret=SUCCESS |  
2019-09-04 11:46:05,584 | INFO  | DNAudit | user=null | ip=null | op=WRITE_CHUNK {blockData=conID: 2 locID: 102734073356878286 bcsId: 0} | ret=SUCCESS |  
2019-09-04 11:46:05,585 | INFO  | DNAudit | user=null | ip=null | op=PUT_BLOCK {blockData=[blockId=conID: 2 locID: 102734073356878286 bcsId: 0,size=1048576]} | ret=SUCCESS |  
2019-09-04 11:46:05,585 | INFO  | DNAudit | user=null | ip=null | op=PUT_BLOCK {blockData=[blockId=conID: 2 locID: 102734073356878286 bcsId: 0,size=1048576]} | ret=SUCCESS |  
2019-09-04 11:46:05,586 | INFO  | DNAudit | user=null | ip=null | op=WRITE_CHUNK {blockData=conID: 2 locID: 102734073356878286 bcsId: 0} | ret=SUCCESS |  
2019-09-04 11:46:05,586 | INFO  | DNAudit | user=null | ip=null | op=WRITE_CHUNK {blockData=conID: 2 locID: 102734073356878286 bcsId: 0} | ret=SUCCESS |  
2019-09-04 11:46:05,586 | INFO  | DNAudit | user=null | ip=null | op=PUT_BLOCK {blockData=[blockId=conID: 2 locID: 102734073356878286 bcsId: 0,size=2097152]} | ret=SUCCESS |  
2019-09-04 11:46:05,586 | INFO  | DNAudit | user=null | ip=null | op=PUT_BLOCK {blockData=[blockId=conID: 2 locID: 102734073356878286 bcsId: 0,size=2097152]} | ret=SUCCESS |  
2019-09-04 11:46:05,586 [grpc-default-executor-4] INFO  client.GrpcClientProtocolClient (GrpcClientProtocolClient.java:onNext(255)) - client-D5CE890D7D9E->efcb8ff8-f060-4d95-9215-d0f5eb4af037: receive RaftClientReply:client-D5CE890D7D9E->efcb8ff8-f060-4d95-9215-d0f5eb4af037@group-0959F8DF43ED, cid=1190, SUCCESS, logIndex=0, commits[efcb8ff8-f060-4d95-9215-d0f5eb4af037:c1658, 6fae8b02-e804-4c0e-b729-a97b7404b7f6:c1656, 4c3e8a66-6975-4917-8225-d3efe707aaff:c1656]
2019-09-04 11:46:05,594 | INFO  | DNAudit | user=null | ip=null | op=WRITE_CHUNK {blockData=conID: 2 locID: 102734073356878286 bcsId: 1656} | ret=SUCCESS |  
2019-09-04 11:46:05,597 | INFO  | DNAudit | user=null | ip=null | op=WRITE_CHUNK {blockData=conID: 2 locID: 102734073356878286 bcsId: 1656} | ret=SUCCESS |  
2019-09-04 11:46:05,597 | INFO  | DNAudit | user=null | ip=null | op=WRITE_CHUNK {blockData=conID: 2 locID: 102734073356878286 bcsId: 1656} | ret=SUCCESS |  
2019-09-04 11:46:05,608 | INFO  | DNAudit | user=null | ip=null | op=WRITE_CHUNK {blockData=conID: 2 locID: 102734073356878286 bcsId: 1656} | ret=SUCCESS |  
2019-09-04 11:46:05,609 | INFO  | DNAudit | user=null | ip=null | op=PUT_BLOCK {blockData=[blockId=conID: 2 locID: 102734073356878286 bcsId: 0,size=3145728]} | ret=SUCCESS |  
2019-09-04 11:46:05,609 [grpc-default-executor-6] INFO  client.GrpcClientProtocolClient (GrpcClientProtocolClient.java:onNext(255)) - client-D5CE890D7D9E->efcb8ff8-f060-4d95-9215-d0f5eb4af037: receive RaftClientReply:client-D5CE890D7D9E->efcb8ff8-f060-4d95-9215-d0f5eb4af037@group-0959F8DF43ED, cid=1191, SUCCESS, logIndex=1661, commits[efcb8ff8-f060-4d95-9215-d0f5eb4af037:c1662, 6fae8b02-e804-4c0e-b729-a97b7404b7f6:c1660, 4c3e8a66-6975-4917-8225-d3efe707aaff:c1660]
2019-09-04 11:46:05,609 [grpc-default-executor-6] INFO  client.GrpcClientProtocolClient (GrpcClientProtocolClient.java:onNext(255)) - client-D5CE890D7D9E->efcb8ff8-f060-4d95-9215-d0f5eb4af037: receive RaftClientReply:client-D5CE890D7D9E->efcb8ff8-f060-4d95-9215-d0f5eb4af037@group-0959F8DF43ED, cid=1192, SUCCESS, logIndex=1662, commits[efcb8ff8-f060-4d95-9215-d0f5eb4af037:c1662, 6fae8b02-e804-4c0e-b729-a97b7404b7f6:c1660, 4c3e8a66-6975-4917-8225-d3efe707aaff:c1660]
2019-09-04 11:46:05,616 | INFO  | DNAudit | user=null | ip=null | op=WRITE_CHUNK {blockData=conID: 2 locID: 102734073356878286 bcsId: 1662} | ret=SUCCESS |  
2019-09-04 11:46:05,619 | INFO  | DNAudit | user=null | ip=null | op=WRITE_CHUNK {blockData=conID: 2 locID: 102734073356878286 bcsId: 1662} | ret=SUCCESS |  
2019-09-04 11:46:05,619 | INFO  | DNAudit | user=null | ip=null | op=WRITE_CHUNK {blockData=conID: 2 locID: 102734073356878286 bcsId: 1662} | ret=SUCCESS |  
2019-09-04 11:46:05,631 | INFO  | DNAudit | user=null | ip=null | op=WRITE_CHUNK {blockData=conID: 2 locID: 102734073356878286 bcsId: 1656} | ret=SUCCESS |  
2019-09-04 11:46:05,631 | INFO  | DNAudit | user=null | ip=null | op=WRITE_CHUNK {blockData=conID: 2 locID: 102734073356878286 bcsId: 1656} | ret=SUCCESS |  
2019-09-04 11:46:05,632 | INFO  | DNAudit | user=null | ip=null | op=PUT_BLOCK {blockData=[blockId=conID: 2 locID: 102734073356878286 bcsId: 0,size=3145728]} | ret=SUCCESS |  
2019-09-04 11:46:05,632 | INFO  | DNAudit | user=null | ip=null | op=PUT_BLOCK {blockData=[blockId=conID: 2 locID: 102734073356878286 bcsId: 0,size=3145728]} | ret=SUCCESS |  
2019-09-04 11:46:05,634 | INFO  | DNAudit | user=null | ip=null | op=WRITE_CHUNK {blockData=conID: 2 locID: 102734073356878286 bcsId: 1662} | ret=SUCCESS |  
2019-09-04 11:46:05,634 | INFO  | DNAudit | user=null | ip=null | op=PUT_BLOCK {blockData=[blockId=conID: 2 locID: 102734073356878286 bcsId: 0,size=4194304]} | ret=SUCCESS |  
2019-09-04 11:46:05,634 [grpc-default-executor-1] INFO  client.GrpcClientProtocolClient (GrpcClientProtocolClient.java:onNext(255)) - client-D5CE890D7D9E->efcb8ff8-f060-4d95-9215-d0f5eb4af037: receive RaftClientReply:client-D5CE890D7D9E->efcb8ff8-f060-4d95-9215-d0f5eb4af037@group-0959F8DF43ED, cid=1193, SUCCESS, logIndex=1665, commits[efcb8ff8-f060-4d95-9215-d0f5eb4af037:c1666, 6fae8b02-e804-4c0e-b729-a97b7404b7f6:c1662, 4c3e8a66-6975-4917-8225-d3efe707aaff:c1662]
2019-09-04 11:46:05,635 [grpc-default-executor-1] INFO  client.GrpcClientProtocolClient (GrpcClientProtocolClient.java:onNext(255)) - client-D5CE890D7D9E->efcb8ff8-f060-4d95-9215-d0f5eb4af037: receive RaftClientReply:client-D5CE890D7D9E->efcb8ff8-f060-4d95-9215-d0f5eb4af037@group-0959F8DF43ED, cid=1194, SUCCESS, logIndex=1666, commits[efcb8ff8-f060-4d95-9215-d0f5eb4af037:c1666, 6fae8b02-e804-4c0e-b729-a97b7404b7f6:c1662, 4c3e8a66-6975-4917-8225-d3efe707aaff:c1662]
2019-09-04 11:46:05,642 | INFO  | DNAudit | user=null | ip=null | op=WRITE_CHUNK {blockData=conID: 2 locID: 102734073356878286 bcsId: 1662} | ret=SUCCESS |  
2019-09-04 11:46:05,642 | INFO  | DNAudit | user=null | ip=null | op=WRITE_CHUNK {blockData=conID: 2 locID: 102734073356878286 bcsId: 1662} | ret=SUCCESS |  
2019-09-04 11:46:05,643 | INFO  | DNAudit | user=null | ip=null | op=PUT_BLOCK {blockData=[blockId=conID: 2 locID: 102734073356878286 bcsId: 0,size=4194304]} | ret=SUCCESS |  
2019-09-04 11:46:05,644 | INFO  | DNAudit | user=null | ip=null | op=PUT_BLOCK {blockData=[blockId=conID: 2 locID: 102734073356878286 bcsId: 0,size=4194304]} | ret=SUCCESS |  
2019-09-04 11:46:05,644 [grpc-default-executor-1] INFO  client.GrpcClientProtocolClient (GrpcClientProtocolClient.java:onNext(255)) - client-D5CE890D7D9E->efcb8ff8-f060-4d95-9215-d0f5eb4af037: receive RaftClientReply:client-D5CE890D7D9E->efcb8ff8-f060-4d95-9215-d0f5eb4af037@group-0959F8DF43ED, cid=1195, SUCCESS, logIndex=0, commits[efcb8ff8-f060-4d95-9215-d0f5eb4af037:c1668, 6fae8b02-e804-4c0e-b729-a97b7404b7f6:c1666, 4c3e8a66-6975-4917-8225-d3efe707aaff:c1666]
2019-09-04 11:46:05,652 | INFO  | DNAudit | user=null | ip=null | op=WRITE_CHUNK {blockData=conID: 3 locID: 102734073356878287 bcsId: 0} | ret=SUCCESS |  
2019-09-04 11:46:05,655 | INFO  | DNAudit | user=null | ip=null | op=WRITE_CHUNK {blockData=conID: 3 locID: 102734073356878287 bcsId: 0} | ret=SUCCESS |  
2019-09-04 11:46:05,655 | INFO  | DNAudit | user=null | ip=null | op=WRITE_CHUNK {blockData=conID: 3 locID: 102734073356878287 bcsId: 0} | ret=SUCCESS |  
2019-09-04 11:46:05,655 | INFO  | DNAudit | user=null | ip=null | op=WRITE_CHUNK {blockData=conID: 3 locID: 102734073356878287 bcsId: 0} | ret=SUCCESS |  
2019-09-04 11:46:05,656 | INFO  | DNAudit | user=null | ip=null | op=WRITE_CHUNK {blockData=conID: 3 locID: 102734073356878287 bcsId: 0} | ret=SUCCESS |  
2019-09-04 11:46:05,657 | INFO  | DNAudit | user=null | ip=null | op=WRITE_CHUNK {blockData=conID: 3 locID: 102734073356878287 bcsId: 0} | ret=SUCCESS |  
2019-09-04 11:46:05,669 | INFO  | DNAudit | user=null | ip=null | op=WRITE_CHUNK {blockData=conID: 3 locID: 102734073356878287 bcsId: 0} | ret=SUCCESS |  
2019-09-04 11:46:05,669 | INFO  | DNAudit | user=null | ip=null | op=PUT_BLOCK {blockData=[blockId=conID: 3 locID: 102734073356878287 bcsId: 0,size=1048576]} | ret=SUCCESS |  
2019-09-04 11:46:05,669 [grpc-default-executor-4] INFO  client.GrpcClientProtocolClient (GrpcClientProtocolClient.java:onNext(255)) - client-D5CE890D7D9E->efcb8ff8-f060-4d95-9215-d0f5eb4af037: receive RaftClientReply:client-D5CE890D7D9E->efcb8ff8-f060-4d95-9215-d0f5eb4af037@group-0959F8DF43ED, cid=1196, SUCCESS, logIndex=1669, commits[efcb8ff8-f060-4d95-9215-d0f5eb4af037:c1671, 6fae8b02-e804-4c0e-b729-a97b7404b7f6:c1668, 4c3e8a66-6975-4917-8225-d3efe707aaff:c1668]
2019-09-04 11:46:05,670 | INFO  | DNAudit | user=null | ip=null | op=WRITE_CHUNK {blockData=conID: 3 locID: 102734073356878287 bcsId: 0} | ret=SUCCESS |  
2019-09-04 11:46:05,670 | INFO  | DNAudit | user=null | ip=null | op=PUT_BLOCK {blockData=[blockId=conID: 3 locID: 102734073356878287 bcsId: 0,size=2097152]} | ret=SUCCESS |  
2019-09-04 11:46:05,670 [grpc-default-executor-4] INFO  client.GrpcClientProtocolClient (GrpcClientProtocolClient.java:onNext(255)) - client-D5CE890D7D9E->efcb8ff8-f060-4d95-9215-d0f5eb4af037: receive RaftClientReply:client-D5CE890D7D9E->efcb8ff8-f060-4d95-9215-d0f5eb4af037@group-0959F8DF43ED, cid=1197, SUCCESS, logIndex=1670, commits[efcb8ff8-f060-4d95-9215-d0f5eb4af037:c1672, 6fae8b02-e804-4c0e-b729-a97b7404b7f6:c1668, 4c3e8a66-6975-4917-8225-d3efe707aaff:c1668]
2019-09-04 11:46:05,670 [grpc-default-executor-4] INFO  client.GrpcClientProtocolClient (GrpcClientProtocolClient.java:onNext(255)) - client-D5CE890D7D9E->efcb8ff8-f060-4d95-9215-d0f5eb4af037: receive RaftClientReply:client-D5CE890D7D9E->efcb8ff8-f060-4d95-9215-d0f5eb4af037@group-0959F8DF43ED, cid=1198, SUCCESS, logIndex=1671, commits[efcb8ff8-f060-4d95-9215-d0f5eb4af037:c1672, 6fae8b02-e804-4c0e-b729-a97b7404b7f6:c1668, 4c3e8a66-6975-4917-8225-d3efe707aaff:c1668]
2019-09-04 11:46:05,670 [grpc-default-executor-4] INFO  client.GrpcClientProtocolClient (GrpcClientProtocolClient.java:onNext(255)) - client-D5CE890D7D9E->efcb8ff8-f060-4d95-9215-d0f5eb4af037: receive RaftClientReply:client-D5CE890D7D9E->efcb8ff8-f060-4d95-9215-d0f5eb4af037@group-0959F8DF43ED, cid=1199, SUCCESS, logIndex=1672, commits[efcb8ff8-f060-4d95-9215-d0f5eb4af037:c1672, 6fae8b02-e804-4c0e-b729-a97b7404b7f6:c1668, 4c3e8a66-6975-4917-8225-d3efe707aaff:c1668]
2019-09-04 11:46:05,683 | INFO  | SCMAudit | user=jenkins1000 | ip=192.168.36.67 | op=SEND_HEARTBEAT {datanodeUUID=0b776101-1d39-4f23-96c0-6a8ead31197c, command=[]} | ret=SUCCESS |  
2019-09-04 11:46:05,685 | INFO  | SCMAudit | user=jenkins1000 | ip=192.168.36.67 | op=SEND_HEARTBEAT {datanodeUUID=efcb8ff8-f060-4d95-9215-d0f5eb4af037, command=[]} | ret=SUCCESS |  
2019-09-04 11:46:05,686 | INFO  | SCMAudit | user=jenkins1000 | ip=192.168.36.67 | op=SEND_HEARTBEAT {datanodeUUID=4c3e8a66-6975-4917-8225-d3efe707aaff, command=[]} | ret=SUCCESS |  
2019-09-04 11:46:05,686 | INFO  | SCMAudit | user=jenkins1000 | ip=192.168.36.67 | op=SEND_HEARTBEAT {datanodeUUID=6fae8b02-e804-4c0e-b729-a97b7404b7f6, command=[]} | ret=SUCCESS |  
2019-09-04 11:46:05,690 | INFO  | DNAudit | user=null | ip=null | op=WRITE_CHUNK {blockData=conID: 3 locID: 102734073356878287 bcsId: 0} | ret=SUCCESS |  
2019-09-04 11:46:05,707 | INFO  | DNAudit | user=null | ip=null | op=WRITE_CHUNK {blockData=conID: 3 locID: 102734073356878287 bcsId: 0} | ret=SUCCESS |  
2019-09-04 11:46:05,708 | INFO  | DNAudit | user=null | ip=null | op=PUT_BLOCK {blockData=[blockId=conID: 3 locID: 102734073356878287 bcsId: 0,size=1048576]} | ret=SUCCESS |  
2019-09-04 11:46:05,708 | INFO  | DNAudit | user=null | ip=null | op=PUT_BLOCK {blockData=[blockId=conID: 3 locID: 102734073356878287 bcsId: 0,size=1048576]} | ret=SUCCESS |  
2019-09-04 11:46:05,708 | INFO  | DNAudit | user=null | ip=null | op=WRITE_CHUNK {blockData=conID: 3 locID: 102734073356878287 bcsId: 0} | ret=SUCCESS |  
2019-09-04 11:46:05,709 | INFO  | DNAudit | user=null | ip=null | op=WRITE_CHUNK {blockData=conID: 3 locID: 102734073356878287 bcsId: 0} | ret=SUCCESS |  
2019-09-04 11:46:05,709 | INFO  | DNAudit | user=null | ip=null | op=PUT_BLOCK {blockData=[blockId=conID: 3 locID: 102734073356878287 bcsId: 0,size=2097152]} | ret=SUCCESS |  
2019-09-04 11:46:05,709 | INFO  | DNAudit | user=null | ip=null | op=PUT_BLOCK {blockData=[blockId=conID: 3 locID: 102734073356878287 bcsId: 0,size=2097152]} | ret=SUCCESS |  
2019-09-04 11:46:05,709 [grpc-default-executor-4] INFO  client.GrpcClientProtocolClient (GrpcClientProtocolClient.java:onNext(255)) - client-D5CE890D7D9E->efcb8ff8-f060-4d95-9215-d0f5eb4af037: receive RaftClientReply:client-D5CE890D7D9E->efcb8ff8-f060-4d95-9215-d0f5eb4af037@group-0959F8DF43ED, cid=1200, SUCCESS, logIndex=0, commits[efcb8ff8-f060-4d95-9215-d0f5eb4af037:c1676, 6fae8b02-e804-4c0e-b729-a97b7404b7f6:c1672, 4c3e8a66-6975-4917-8225-d3efe707aaff:c1670]
2019-09-04 11:46:05,716 | INFO  | DNAudit | user=null | ip=null | op=WRITE_CHUNK {blockData=conID: 3 locID: 102734073356878287 bcsId: 1672} | ret=SUCCESS |  
2019-09-04 11:46:05,719 | INFO  | DNAudit | user=null | ip=null | op=WRITE_CHUNK {blockData=conID: 3 locID: 102734073356878287 bcsId: 1672} | ret=SUCCESS |  
2019-09-04 11:46:05,719 | INFO  | DNAudit | user=null | ip=null | op=WRITE_CHUNK {blockData=conID: 3 locID: 102734073356878287 bcsId: 1672} | ret=SUCCESS |  
2019-09-04 11:46:05,748 | INFO  | DNAudit | user=null | ip=null | op=WRITE_CHUNK {blockData=conID: 3 locID: 102734073356878287 bcsId: 1672} | ret=SUCCESS |  
2019-09-04 11:46:05,748 | INFO  | DNAudit | user=null | ip=null | op=PUT_BLOCK {blockData=[blockId=conID: 3 locID: 102734073356878287 bcsId: 0,size=3145728]} | ret=SUCCESS |  
2019-09-04 11:46:05,748 [grpc-default-executor-4] INFO  client.GrpcClientProtocolClient (GrpcClientProtocolClient.java:onNext(255)) - client-D5CE890D7D9E->efcb8ff8-f060-4d95-9215-d0f5eb4af037: receive RaftClientReply:client-D5CE890D7D9E->efcb8ff8-f060-4d95-9215-d0f5eb4af037@group-0959F8DF43ED, cid=1201, SUCCESS, logIndex=1677, commits[efcb8ff8-f060-4d95-9215-d0f5eb4af037:c1678, 6fae8b02-e804-4c0e-b729-a97b7404b7f6:c1676, 4c3e8a66-6975-4917-8225-d3efe707aaff:c1676]
2019-09-04 11:46:05,749 [grpc-default-executor-4] INFO  client.GrpcClientProtocolClient (GrpcClientProtocolClient.java:onNext(255)) - client-D5CE890D7D9E->efcb8ff8-f060-4d95-9215-d0f5eb4af037: receive RaftClientReply:client-D5CE890D7D9E->efcb8ff8-f060-4d95-9215-d0f5eb4af037@group-0959F8DF43ED, cid=1202, SUCCESS, logIndex=1678, commits[efcb8ff8-f060-4d95-9215-d0f5eb4af037:c1678, 6fae8b02-e804-4c0e-b729-a97b7404b7f6:c1676, 4c3e8a66-6975-4917-8225-d3efe707aaff:c1676]
2019-09-04 11:46:05,755 | INFO  | DNAudit | user=null | ip=null | op=WRITE_CHUNK {blockData=conID: 3 locID: 102734073356878287 bcsId: 1678} | ret=SUCCESS |  
2019-09-04 11:46:05,757 | INFO  | DNAudit | user=null | ip=null | op=WRITE_CHUNK {blockData=conID: 3 locID: 102734073356878287 bcsId: 1672} | ret=SUCCESS |  
2019-09-04 11:46:05,757 | INFO  | DNAudit | user=null | ip=null | op=WRITE_CHUNK {blockData=conID: 3 locID: 102734073356878287 bcsId: 1672} | ret=SUCCESS |  
2019-09-04 11:46:05,757 | INFO  | DNAudit | user=null | ip=null | op=WRITE_CHUNK {blockData=conID: 3 locID: 102734073356878287 bcsId: 1678} | ret=SUCCESS |  
2019-09-04 11:46:05,757 | INFO  | DNAudit | user=null | ip=null | op=WRITE_CHUNK {blockData=conID: 3 locID: 102734073356878287 bcsId: 1678} | ret=SUCCESS |  
2019-09-04 11:46:05,758 | INFO  | DNAudit | user=null | ip=null | op=PUT_BLOCK {blockData=[blockId=conID: 3 locID: 102734073356878287 bcsId: 0,size=3145728]} | ret=SUCCESS |  
2019-09-04 11:46:05,776 | INFO  | DNAudit | user=null | ip=null | op=PUT_BLOCK {blockData=[blockId=conID: 3 locID: 102734073356878287 bcsId: 0,size=3145728]} | ret=SUCCESS |  
2019-09-04 11:46:05,777 | INFO  | DNAudit | user=null | ip=null | op=WRITE_CHUNK {blockData=conID: 3 locID: 102734073356878287 bcsId: 1678} | ret=SUCCESS |  
2019-09-04 11:46:05,777 | INFO  | DNAudit | user=null | ip=null | op=PUT_BLOCK {blockData=[blockId=conID: 3 locID: 102734073356878287 bcsId: 0,size=4194304]} | ret=SUCCESS |  
2019-09-04 11:46:05,777 [grpc-default-executor-4] INFO  client.GrpcClientProtocolClient (GrpcClientProtocolClient.java:onNext(255)) - client-D5CE890D7D9E->efcb8ff8-f060-4d95-9215-d0f5eb4af037: receive RaftClientReply:client-D5CE890D7D9E->efcb8ff8-f060-4d95-9215-d0f5eb4af037@group-0959F8DF43ED, cid=1203, SUCCESS, logIndex=1681, commits[efcb8ff8-f060-4d95-9215-d0f5eb4af037:c1682, 6fae8b02-e804-4c0e-b729-a97b7404b7f6:c1678, 4c3e8a66-6975-4917-8225-d3efe707aaff:c1678]
2019-09-04 11:46:05,778 [grpc-default-executor-4] INFO  client.GrpcClientProtocolClient (GrpcClientProtocolClient.java:onNext(255)) - client-D5CE890D7D9E->efcb8ff8-f060-4d95-9215-d0f5eb4af037: receive RaftClientReply:client-D5CE890D7D9E->efcb8ff8-f060-4d95-9215-d0f5eb4af037@group-0959F8DF43ED, cid=1204, SUCCESS, logIndex=1682, commits[efcb8ff8-f060-4d95-9215-d0f5eb4af037:c1682, 6fae8b02-e804-4c0e-b729-a97b7404b7f6:c1678, 4c3e8a66-6975-4917-8225-d3efe707aaff:c1678]
2019-09-04 11:46:05,795 | INFO  | DNAudit | user=null | ip=null | op=WRITE_CHUNK {blockData=conID: 3 locID: 102734073356878287 bcsId: 1678} | ret=SUCCESS |  
2019-09-04 11:46:05,795 | INFO  | DNAudit | user=null | ip=null | op=WRITE_CHUNK {blockData=conID: 3 locID: 102734073356878287 bcsId: 1678} | ret=SUCCESS |  
2019-09-04 11:46:05,796 | INFO  | DNAudit | user=null | ip=null | op=PUT_BLOCK {blockData=[blockId=conID: 3 locID: 102734073356878287 bcsId: 0,size=4194304]} | ret=SUCCESS |  
2019-09-04 11:46:05,796 | INFO  | DNAudit | user=null | ip=null | op=PUT_BLOCK {blockData=[blockId=conID: 3 locID: 102734073356878287 bcsId: 0,size=4194304]} | ret=SUCCESS |  
2019-09-04 11:46:05,797 [grpc-default-executor-6] INFO  client.GrpcClientProtocolClient (GrpcClientProtocolClient.java:onNext(255)) - client-D5CE890D7D9E->efcb8ff8-f060-4d95-9215-d0f5eb4af037: receive RaftClientReply:client-D5CE890D7D9E->efcb8ff8-f060-4d95-9215-d0f5eb4af037@group-0959F8DF43ED, cid=1205, SUCCESS, logIndex=0, commits[efcb8ff8-f060-4d95-9215-d0f5eb4af037:c1684, 6fae8b02-e804-4c0e-b729-a97b7404b7f6:c1682, 4c3e8a66-6975-4917-8225-d3efe707aaff:c1682]
2019-09-04 11:46:05,803 | INFO  | DNAudit | user=null | ip=null | op=WRITE_CHUNK {blockData=conID: 1 locID: 102734073356878288 bcsId: 0} | ret=SUCCESS |  
2019-09-04 11:46:05,806 | INFO  | DNAudit | user=null | ip=null | op=WRITE_CHUNK {blockData=conID: 1 locID: 102734073356878288 bcsId: 0} | ret=SUCCESS |  
2019-09-04 11:46:05,806 | INFO  | DNAudit | user=null | ip=null | op=WRITE_CHUNK {blockData=conID: 1 locID: 102734073356878288 bcsId: 0} | ret=SUCCESS |  
2019-09-04 11:46:05,807 | INFO  | DNAudit | user=null | ip=null | op=WRITE_CHUNK {blockData=conID: 1 locID: 102734073356878288 bcsId: 0} | ret=SUCCESS |  
2019-09-04 11:46:05,809 | INFO  | DNAudit | user=null | ip=null | op=WRITE_CHUNK {blockData=conID: 1 locID: 102734073356878288 bcsId: 0} | ret=SUCCESS |  
2019-09-04 11:46:05,809 | INFO  | DNAudit | user=null | ip=null | op=WRITE_CHUNK {blockData=conID: 1 locID: 102734073356878288 bcsId: 0} | ret=SUCCESS |  
2019-09-04 11:46:05,811 | INFO  | DNAudit | user=null | ip=null | op=WRITE_CHUNK {blockData=conID: 1 locID: 102734073356878288 bcsId: 0} | ret=SUCCESS |  
2019-09-04 11:46:05,811 | INFO  | DNAudit | user=null | ip=null | op=PUT_BLOCK {blockData=[blockId=conID: 1 locID: 102734073356878288 bcsId: 0,size=1048576]} | ret=SUCCESS |  
2019-09-04 11:46:05,812 [grpc-default-executor-4] INFO  client.GrpcClientProtocolClient (GrpcClientProtocolClient.java:onNext(255)) - client-D5CE890D7D9E->efcb8ff8-f060-4d95-9215-d0f5eb4af037: receive RaftClientReply:client-D5CE890D7D9E->efcb8ff8-f060-4d95-9215-d0f5eb4af037@group-0959F8DF43ED, cid=1206, SUCCESS, logIndex=1685, commits[efcb8ff8-f060-4d95-9215-d0f5eb4af037:c1686, 6fae8b02-e804-4c0e-b729-a97b7404b7f6:c1684, 4c3e8a66-6975-4917-8225-d3efe707aaff:c1684]
2019-09-04 11:46:05,812 [grpc-default-executor-4] INFO  client.GrpcClientProtocolClient (GrpcClientProtocolClient.java:onNext(255)) - client-D5CE890D7D9E->efcb8ff8-f060-4d95-9215-d0f5eb4af037: receive RaftClientReply:client-D5CE890D7D9E->efcb8ff8-f060-4d95-9215-d0f5eb4af037@group-0959F8DF43ED, cid=1207, SUCCESS, logIndex=1686, commits[efcb8ff8-f060-4d95-9215-d0f5eb4af037:c1686, 6fae8b02-e804-4c0e-b729-a97b7404b7f6:c1684, 4c3e8a66-6975-4917-8225-d3efe707aaff:c1684]
2019-09-04 11:46:05,829 | INFO  | DNAudit | user=null | ip=null | op=WRITE_CHUNK {blockData=conID: 1 locID: 102734073356878288 bcsId: 0} | ret=SUCCESS |  
2019-09-04 11:46:05,830 | INFO  | DNAudit | user=null | ip=null | op=PUT_BLOCK {blockData=[blockId=conID: 1 locID: 102734073356878288 bcsId: 0,size=2097152]} | ret=SUCCESS |  
2019-09-04 11:46:05,830 [grpc-default-executor-6] INFO  client.GrpcClientProtocolClient (GrpcClientProtocolClient.java:onNext(255)) - client-D5CE890D7D9E->efcb8ff8-f060-4d95-9215-d0f5eb4af037: receive RaftClientReply:client-D5CE890D7D9E->efcb8ff8-f060-4d95-9215-d0f5eb4af037@group-0959F8DF43ED, cid=1208, SUCCESS, logIndex=1687, commits[efcb8ff8-f060-4d95-9215-d0f5eb4af037:c1688, 6fae8b02-e804-4c0e-b729-a97b7404b7f6:c1684, 4c3e8a66-6975-4917-8225-d3efe707aaff:c1684]
2019-09-04 11:46:05,830 [grpc-default-executor-6] INFO  client.GrpcClientProtocolClient (GrpcClientProtocolClient.java:onNext(255)) - client-D5CE890D7D9E->efcb8ff8-f060-4d95-9215-d0f5eb4af037: receive RaftClientReply:client-D5CE890D7D9E->efcb8ff8-f060-4d95-9215-d0f5eb4af037@group-0959F8DF43ED, cid=1209, SUCCESS, logIndex=1688, commits[efcb8ff8-f060-4d95-9215-d0f5eb4af037:c1688, 6fae8b02-e804-4c0e-b729-a97b7404b7f6:c1684, 4c3e8a66-6975-4917-8225-d3efe707aaff:c1684]
2019-09-04 11:46:05,865 | INFO  | DNAudit | user=null | ip=null | op=WRITE_CHUNK {blockData=conID: 1 locID: 102734073356878288 bcsId: 0} | ret=SUCCESS |  
2019-09-04 11:46:05,865 | INFO  | DNAudit | user=null | ip=null | op=PUT_BLOCK {blockData=[blockId=conID: 1 locID: 102734073356878288 bcsId: 0,size=1048576]} | ret=SUCCESS |  
2019-09-04 11:46:05,865 | INFO  | DNAudit | user=null | ip=null | op=WRITE_CHUNK {blockData=conID: 1 locID: 102734073356878288 bcsId: 0} | ret=SUCCESS |  
2019-09-04 11:46:05,866 | INFO  | DNAudit | user=null | ip=null | op=PUT_BLOCK {blockData=[blockId=conID: 1 locID: 102734073356878288 bcsId: 0,size=1048576]} | ret=SUCCESS |  
2019-09-04 11:46:05,866 | INFO  | DNAudit | user=null | ip=null | op=WRITE_CHUNK {blockData=conID: 1 locID: 102734073356878288 bcsId: 0} | ret=SUCCESS |  
2019-09-04 11:46:05,866 [grpc-default-executor-6] INFO  client.GrpcClientProtocolClient (GrpcClientProtocolClient.java:onNext(255)) - client-D5CE890D7D9E->efcb8ff8-f060-4d95-9215-d0f5eb4af037: receive RaftClientReply:client-D5CE890D7D9E->efcb8ff8-f060-4d95-9215-d0f5eb4af037@group-0959F8DF43ED, cid=1210, SUCCESS, logIndex=0, commits[efcb8ff8-f060-4d95-9215-d0f5eb4af037:c1690, 6fae8b02-e804-4c0e-b729-a97b7404b7f6:c1686, 4c3e8a66-6975-4917-8225-d3efe707aaff:c1686]
2019-09-04 11:46:05,867 | INFO  | DNAudit | user=null | ip=null | op=WRITE_CHUNK {blockData=conID: 1 locID: 102734073356878288 bcsId: 0} | ret=SUCCESS |  
2019-09-04 11:46:05,867 | INFO  | DNAudit | user=null | ip=null | op=PUT_BLOCK {blockData=[blockId=conID: 1 locID: 102734073356878288 bcsId: 0,size=2097152]} | ret=SUCCESS |  
2019-09-04 11:46:05,867 | INFO  | DNAudit | user=null | ip=null | op=PUT_BLOCK {blockData=[blockId=conID: 1 locID: 102734073356878288 bcsId: 0,size=2097152]} | ret=SUCCESS |  
2019-09-04 11:46:05,873 | INFO  | DNAudit | user=null | ip=null | op=WRITE_CHUNK {blockData=conID: 1 locID: 102734073356878288 bcsId: 1688} | ret=SUCCESS |  
2019-09-04 11:46:05,875 | INFO  | DNAudit | user=null | ip=null | op=WRITE_CHUNK {blockData=conID: 1 locID: 102734073356878288 bcsId: 1688} | ret=SUCCESS |  
2019-09-04 11:46:05,876 | INFO  | DNAudit | user=null | ip=null | op=WRITE_CHUNK {blockData=conID: 1 locID: 102734073356878288 bcsId: 1688} | ret=SUCCESS |  
2019-09-04 11:46:05,889 | INFO  | DNAudit | user=null | ip=null | op=WRITE_CHUNK {blockData=conID: 1 locID: 102734073356878288 bcsId: 1688} | ret=SUCCESS |  
2019-09-04 11:46:05,890 | INFO  | DNAudit | user=null | ip=null | op=PUT_BLOCK {blockData=[blockId=conID: 1 locID: 102734073356878288 bcsId: 0,size=3145728]} | ret=SUCCESS |  
2019-09-04 11:46:05,890 [grpc-default-executor-4] INFO  client.GrpcClientProtocolClient (GrpcClientProtocolClient.java:onNext(255)) - client-D5CE890D7D9E->efcb8ff8-f060-4d95-9215-d0f5eb4af037: receive RaftClientReply:client-D5CE890D7D9E->efcb8ff8-f060-4d95-9215-d0f5eb4af037@group-0959F8DF43ED, cid=1211, SUCCESS, logIndex=1693, commits[efcb8ff8-f060-4d95-9215-d0f5eb4af037:c1694, 6fae8b02-e804-4c0e-b729-a97b7404b7f6:c1692, 4c3e8a66-6975-4917-8225-d3efe707aaff:c1692]
2019-09-04 11:46:05,890 [grpc-default-executor-4] INFO  client.GrpcClientProtocolClient (GrpcClientProtocolClient.java:onNext(255)) - client-D5CE890D7D9E->efcb8ff8-f060-4d95-9215-d0f5eb4af037: receive RaftClientReply:client-D5CE890D7D9E->efcb8ff8-f060-4d95-9215-d0f5eb4af037@group-0959F8DF43ED, cid=1212, SUCCESS, logIndex=1694, commits[efcb8ff8-f060-4d95-9215-d0f5eb4af037:c1694, 6fae8b02-e804-4c0e-b729-a97b7404b7f6:c1692, 4c3e8a66-6975-4917-8225-d3efe707aaff:c1692]
2019-09-04 11:46:05,896 | INFO  | DNAudit | user=null | ip=null | op=WRITE_CHUNK {blockData=conID: 1 locID: 102734073356878288 bcsId: 1694} | ret=SUCCESS |  
2019-09-04 11:46:05,899 | INFO  | DNAudit | user=null | ip=null | op=WRITE_CHUNK {blockData=conID: 1 locID: 102734073356878288 bcsId: 1694} | ret=SUCCESS |  
2019-09-04 11:46:05,899 | INFO  | DNAudit | user=null | ip=null | op=WRITE_CHUNK {blockData=conID: 1 locID: 102734073356878288 bcsId: 1694} | ret=SUCCESS |  
 0.00% |█                                                                                                    |  0/1 Time: 0:00:112019-09-04 11:46:05,906 | INFO  | DNAudit | user=null | ip=null | op=WRITE_CHUNK {blockData=conID: 1 locID: 102734073356878288 bcsId: 1688} | ret=SUCCESS |  
2019-09-04 11:46:05,906 | INFO  | DNAudit | user=null | ip=null | op=WRITE_CHUNK {blockData=conID: 1 locID: 102734073356878288 bcsId: 1688} | ret=SUCCESS |  
2019-09-04 11:46:05,907 | INFO  | DNAudit | user=null | ip=null | op=PUT_BLOCK {blockData=[blockId=conID: 1 locID: 102734073356878288 bcsId: 0,size=3145728]} | ret=SUCCESS |  
2019-09-04 11:46:05,907 | INFO  | DNAudit | user=null | ip=null | op=PUT_BLOCK {blockData=[blockId=conID: 1 locID: 102734073356878288 bcsId: 0,size=3145728]} | ret=SUCCESS |  
2019-09-04 11:46:05,925 | INFO  | DNAudit | user=null | ip=null | op=WRITE_CHUNK {blockData=conID: 1 locID: 102734073356878288 bcsId: 1694} | ret=SUCCESS |  
2019-09-04 11:46:05,926 | INFO  | DNAudit | user=null | ip=null | op=PUT_BLOCK {blockData=[blockId=conID: 1 locID: 102734073356878288 bcsId: 0,size=4194304]} | ret=SUCCESS |  
2019-09-04 11:46:05,926 [grpc-default-executor-6] INFO  client.GrpcClientProtocolClient (GrpcClientProtocolClient.java:onNext(255)) - client-D5CE890D7D9E->efcb8ff8-f060-4d95-9215-d0f5eb4af037: receive RaftClientReply:client-D5CE890D7D9E->efcb8ff8-f060-4d95-9215-d0f5eb4af037@group-0959F8DF43ED, cid=1213, SUCCESS, logIndex=1697, commits[efcb8ff8-f060-4d95-9215-d0f5eb4af037:c1698, 6fae8b02-e804-4c0e-b729-a97b7404b7f6:c1694, 4c3e8a66-6975-4917-8225-d3efe707aaff:c1694]
2019-09-04 11:46:05,926 [grpc-default-executor-6] INFO  client.GrpcClientProtocolClient (GrpcClientProtocolClient.java:onNext(255)) - client-D5CE890D7D9E->efcb8ff8-f060-4d95-9215-d0f5eb4af037: receive RaftClientReply:client-D5CE890D7D9E->efcb8ff8-f060-4d95-9215-d0f5eb4af037@group-0959F8DF43ED, cid=1214, SUCCESS, logIndex=1698, commits[efcb8ff8-f060-4d95-9215-d0f5eb4af037:c1698, 6fae8b02-e804-4c0e-b729-a97b7404b7f6:c1694, 4c3e8a66-6975-4917-8225-d3efe707aaff:c1694]
2019-09-04 11:46:05,945 | INFO  | DNAudit | user=null | ip=null | op=WRITE_CHUNK {blockData=conID: 1 locID: 102734073356878288 bcsId: 1694} | ret=SUCCESS |  
2019-09-04 11:46:05,945 | INFO  | DNAudit | user=null | ip=null | op=WRITE_CHUNK {blockData=conID: 1 locID: 102734073356878288 bcsId: 1694} | ret=SUCCESS |  
2019-09-04 11:46:05,947 | INFO  | DNAudit | user=null | ip=null | op=PUT_BLOCK {blockData=[blockId=conID: 1 locID: 102734073356878288 bcsId: 0,size=4194304]} | ret=SUCCESS |  
2019-09-04 11:46:05,947 | INFO  | DNAudit | user=null | ip=null | op=PUT_BLOCK {blockData=[blockId=conID: 1 locID: 102734073356878288 bcsId: 0,size=4194304]} | ret=SUCCESS |  
2019-09-04 11:46:05,947 [grpc-default-executor-6] INFO  client.GrpcClientProtocolClient (GrpcClientProtocolClient.java:onNext(255)) - client-D5CE890D7D9E->efcb8ff8-f060-4d95-9215-d0f5eb4af037: receive RaftClientReply:client-D5CE890D7D9E->efcb8ff8-f060-4d95-9215-d0f5eb4af037@group-0959F8DF43ED, cid=1215, SUCCESS, logIndex=0, commits[efcb8ff8-f060-4d95-9215-d0f5eb4af037:c1699, 6fae8b02-e804-4c0e-b729-a97b7404b7f6:c1698, 4c3e8a66-6975-4917-8225-d3efe707aaff:c1698]
2019-09-04 11:46:05,954 | INFO  | DNAudit | user=null | ip=null | op=WRITE_CHUNK {blockData=conID: 2 locID: 102734073356878289 bcsId: 0} | ret=SUCCESS |  
2019-09-04 11:46:05,957 | INFO  | DNAudit | user=null | ip=null | op=WRITE_CHUNK {blockData=conID: 2 locID: 102734073356878289 bcsId: 0} | ret=SUCCESS |  
2019-09-04 11:46:05,958 | INFO  | DNAudit | user=null | ip=null | op=WRITE_CHUNK {blockData=conID: 2 locID: 102734073356878289 bcsId: 0} | ret=SUCCESS |  
2019-09-04 11:46:05,958 | INFO  | DNAudit | user=null | ip=null | op=WRITE_CHUNK {blockData=conID: 2 locID: 102734073356878289 bcsId: 0} | ret=SUCCESS |  
2019-09-04 11:46:05,959 | INFO  | DNAudit | user=null | ip=null | op=WRITE_CHUNK {blockData=conID: 2 locID: 102734073356878289 bcsId: 0} | ret=SUCCESS |  
2019-09-04 11:46:05,960 | INFO  | DNAudit | user=null | ip=null | op=WRITE_CHUNK {blockData=conID: 2 locID: 102734073356878289 bcsId: 0} | ret=SUCCESS |  
2019-09-04 11:46:05,969 | INFO  | DNAudit | user=null | ip=null | op=WRITE_CHUNK {blockData=conID: 2 locID: 102734073356878289 bcsId: 0} | ret=SUCCESS |  
2019-09-04 11:46:05,970 | INFO  | DNAudit | user=null | ip=null | op=PUT_BLOCK {blockData=[blockId=conID: 2 locID: 102734073356878289 bcsId: 0,size=1048576]} | ret=SUCCESS |  
2019-09-04 11:46:05,970 [grpc-default-executor-1] INFO  client.GrpcClientProtocolClient (GrpcClientProtocolClient.java:onNext(255)) - client-D5CE890D7D9E->efcb8ff8-f060-4d95-9215-d0f5eb4af037: receive RaftClientReply:client-D5CE890D7D9E->efcb8ff8-f060-4d95-9215-d0f5eb4af037@group-0959F8DF43ED, cid=1216, SUCCESS, logIndex=1701, commits[efcb8ff8-f060-4d95-9215-d0f5eb4af037:c1704, 6fae8b02-e804-4c0e-b729-a97b7404b7f6:c1700, 4c3e8a66-6975-4917-8225-d3efe707aaff:c1700]
2019-09-04 11:46:05,970 | INFO  | DNAudit | user=null | ip=null | op=WRITE_CHUNK {blockData=conID: 2 locID: 102734073356878289 bcsId: 0} | ret=SUCCESS |  
2019-09-04 11:46:05,971 [grpc-default-executor-1] INFO  client.GrpcClientProtocolClient (GrpcClientProtocolClient.java:onNext(255)) - client-D5CE890D7D9E->efcb8ff8-f060-4d95-9215-d0f5eb4af037: receive RaftClientReply:client-D5CE890D7D9E->efcb8ff8-f060-4d95-9215-d0f5eb4af037@group-0959F8DF43ED, cid=1217, SUCCESS, logIndex=1702, commits[efcb8ff8-f060-4d95-9215-d0f5eb4af037:c1704, 6fae8b02-e804-4c0e-b729-a97b7404b7f6:c1700, 4c3e8a66-6975-4917-8225-d3efe707aaff:c1700]
2019-09-04 11:46:05,971 | INFO  | DNAudit | user=null | ip=null | op=PUT_BLOCK {blockData=[blockId=conID: 2 locID: 102734073356878289 bcsId: 0,size=2097152]} | ret=SUCCESS |  
2019-09-04 11:46:05,971 [grpc-default-executor-1] INFO  client.GrpcClientProtocolClient (GrpcClientProtocolClient.java:onNext(255)) - client-D5CE890D7D9E->efcb8ff8-f060-4d95-9215-d0f5eb4af037: receive RaftClientReply:client-D5CE890D7D9E->efcb8ff8-f060-4d95-9215-d0f5eb4af037@group-0959F8DF43ED, cid=1218, SUCCESS, logIndex=1703, commits[efcb8ff8-f060-4d95-9215-d0f5eb4af037:c1704, 6fae8b02-e804-4c0e-b729-a97b7404b7f6:c1700, 4c3e8a66-6975-4917-8225-d3efe707aaff:c1700]
2019-09-04 11:46:05,971 | INFO  | DNAudit | user=null | ip=null | op=WRITE_CHUNK {blockData=conID: 2 locID: 102734073356878289 bcsId: 0} | ret=SUCCESS |  
2019-09-04 11:46:05,971 [grpc-default-executor-1] INFO  client.GrpcClientProtocolClient (GrpcClientProtocolClient.java:onNext(255)) - client-D5CE890D7D9E->efcb8ff8-f060-4d95-9215-d0f5eb4af037: receive RaftClientReply:client-D5CE890D7D9E->efcb8ff8-f060-4d95-9215-d0f5eb4af037@group-0959F8DF43ED, cid=1219, SUCCESS, logIndex=1704, commits[efcb8ff8-f060-4d95-9215-d0f5eb4af037:c1704, 6fae8b02-e804-4c0e-b729-a97b7404b7f6:c1700, 4c3e8a66-6975-4917-8225-d3efe707aaff:c1700]
2019-09-04 11:46:05,971 | INFO  | DNAudit | user=null | ip=null | op=PUT_BLOCK {blockData=[blockId=conID: 2 locID: 102734073356878289 bcsId: 0,size=1048576]} | ret=SUCCESS |  
2019-09-04 11:46:05,972 | INFO  | DNAudit | user=null | ip=null | op=WRITE_CHUNK {blockData=conID: 2 locID: 102734073356878289 bcsId: 0} | ret=SUCCESS |  
2019-09-04 11:46:05,972 | INFO  | DNAudit | user=null | ip=null | op=PUT_BLOCK {blockData=[blockId=conID: 2 locID: 102734073356878289 bcsId: 0,size=1048576]} | ret=SUCCESS |  
2019-09-04 11:46:05,972 | INFO  | DNAudit | user=null | ip=null | op=WRITE_CHUNK {blockData=conID: 2 locID: 102734073356878289 bcsId: 0} | ret=SUCCESS |  
2019-09-04 11:46:05,972 | INFO  | DNAudit | user=null | ip=null | op=PUT_BLOCK {blockData=[blockId=conID: 2 locID: 102734073356878289 bcsId: 0,size=2097152]} | ret=SUCCESS |  
2019-09-04 11:46:05,972 [grpc-default-executor-1] INFO  client.GrpcClientProtocolClient (GrpcClientProtocolClient.java:onNext(255)) - client-D5CE890D7D9E->efcb8ff8-f060-4d95-9215-d0f5eb4af037: receive RaftClientReply:client-D5CE890D7D9E->efcb8ff8-f060-4d95-9215-d0f5eb4af037@group-0959F8DF43ED, cid=1220, SUCCESS, logIndex=0, commits[efcb8ff8-f060-4d95-9215-d0f5eb4af037:c1706, 6fae8b02-e804-4c0e-b729-a97b7404b7f6:c1704, 4c3e8a66-6975-4917-8225-d3efe707aaff:c1702]
2019-09-04 11:46:05,973 | INFO  | DNAudit | user=null | ip=null | op=WRITE_CHUNK {blockData=conID: 2 locID: 102734073356878289 bcsId: 0} | ret=SUCCESS |  
2019-09-04 11:46:05,973 | INFO  | DNAudit | user=null | ip=null | op=PUT_BLOCK {blockData=[blockId=conID: 2 locID: 102734073356878289 bcsId: 0,size=2097152]} | ret=SUCCESS |  
2019-09-04 11:46:05,979 | INFO  | DNAudit | user=null | ip=null | op=WRITE_CHUNK {blockData=conID: 2 locID: 102734073356878289 bcsId: 1704} | ret=SUCCESS |  
2019-09-04 11:46:05,981 | INFO  | DNAudit | user=null | ip=null | op=WRITE_CHUNK {blockData=conID: 2 locID: 102734073356878289 bcsId: 1704} | ret=SUCCESS |  
2019-09-04 11:46:05,981 | INFO  | DNAudit | user=null | ip=null | op=WRITE_CHUNK {blockData=conID: 2 locID: 102734073356878289 bcsId: 1704} | ret=SUCCESS |  
2019-09-04 11:46:05,994 | INFO  | DNAudit | user=null | ip=null | op=WRITE_CHUNK {blockData=conID: 2 locID: 102734073356878289 bcsId: 1704} | ret=SUCCESS |  
2019-09-04 11:46:05,994 | INFO  | DNAudit | user=null | ip=null | op=PUT_BLOCK {blockData=[blockId=conID: 2 locID: 102734073356878289 bcsId: 0,size=3145728]} | ret=SUCCESS |  
2019-09-04 11:46:05,994 [grpc-default-executor-1] INFO  client.GrpcClientProtocolClient (GrpcClientProtocolClient.java:onNext(255)) - client-D5CE890D7D9E->efcb8ff8-f060-4d95-9215-d0f5eb4af037: receive RaftClientReply:client-D5CE890D7D9E->efcb8ff8-f060-4d95-9215-d0f5eb4af037@group-0959F8DF43ED, cid=1221, SUCCESS, logIndex=1709, commits[efcb8ff8-f060-4d95-9215-d0f5eb4af037:c1710, 6fae8b02-e804-4c0e-b729-a97b7404b7f6:c1708, 4c3e8a66-6975-4917-8225-d3efe707aaff:c1708]
2019-09-04 11:46:05,995 [grpc-default-executor-1] INFO  client.GrpcClientProtocolClient (GrpcClientProtocolClient.java:onNext(255)) - client-D5CE890D7D9E->efcb8ff8-f060-4d95-9215-d0f5eb4af037: receive RaftClientReply:client-D5CE890D7D9E->efcb8ff8-f060-4d95-9215-d0f5eb4af037@group-0959F8DF43ED, cid=1222, SUCCESS, logIndex=1710, commits[efcb8ff8-f060-4d95-9215-d0f5eb4af037:c1710, 6fae8b02-e804-4c0e-b729-a97b7404b7f6:c1708, 4c3e8a66-6975-4917-8225-d3efe707aaff:c1708]
2019-09-04 11:46:06,001 | INFO  | DNAudit | user=null | ip=null | op=WRITE_CHUNK {blockData=conID: 2 locID: 102734073356878289 bcsId: 1710} | ret=SUCCESS |  
2019-09-04 11:46:06,003 | INFO  | DNAudit | user=null | ip=null | op=WRITE_CHUNK {blockData=conID: 2 locID: 102734073356878289 bcsId: 1710} | ret=SUCCESS |  
2019-09-04 11:46:06,004 | INFO  | DNAudit | user=null | ip=null | op=WRITE_CHUNK {blockData=conID: 2 locID: 102734073356878289 bcsId: 1710} | ret=SUCCESS |  
2019-09-04 11:46:06,012 | INFO  | DNAudit | user=null | ip=null | op=WRITE_CHUNK {blockData=conID: 2 locID: 102734073356878289 bcsId: 1704} | ret=SUCCESS |  
2019-09-04 11:46:06,012 | INFO  | DNAudit | user=null | ip=null | op=WRITE_CHUNK {blockData=conID: 2 locID: 102734073356878289 bcsId: 1704} | ret=SUCCESS |  
2019-09-04 11:46:06,025 | INFO  | DNAudit | user=null | ip=null | op=PUT_BLOCK {blockData=[blockId=conID: 2 locID: 102734073356878289 bcsId: 0,size=3145728]} | ret=SUCCESS |  
2019-09-04 11:46:06,026 | INFO  | DNAudit | user=null | ip=null | op=PUT_BLOCK {blockData=[blockId=conID: 2 locID: 102734073356878289 bcsId: 0,size=3145728]} | ret=SUCCESS |  
2019-09-04 11:46:06,026 | INFO  | DNAudit | user=null | ip=null | op=WRITE_CHUNK {blockData=conID: 2 locID: 102734073356878289 bcsId: 1710} | ret=SUCCESS |  
2019-09-04 11:46:06,026 | INFO  | DNAudit | user=null | ip=null | op=PUT_BLOCK {blockData=[blockId=conID: 2 locID: 102734073356878289 bcsId: 0,size=4194304]} | ret=SUCCESS |  
2019-09-04 11:46:06,026 [grpc-default-executor-1] INFO  client.GrpcClientProtocolClient (GrpcClientProtocolClient.java:onNext(255)) - client-D5CE890D7D9E->efcb8ff8-f060-4d95-9215-d0f5eb4af037: receive RaftClientReply:client-D5CE890D7D9E->efcb8ff8-f060-4d95-9215-d0f5eb4af037@group-0959F8DF43ED, cid=1223, SUCCESS, logIndex=1713, commits[efcb8ff8-f060-4d95-9215-d0f5eb4af037:c1714, 6fae8b02-e804-4c0e-b729-a97b7404b7f6:c1710, 4c3e8a66-6975-4917-8225-d3efe707aaff:c1709]
2019-09-04 11:46:06,027 [grpc-default-executor-1] INFO  client.GrpcClientProtocolClient (GrpcClientProtocolClient.java:onNext(255)) - client-D5CE890D7D9E->efcb8ff8-f060-4d95-9215-d0f5eb4af037: receive RaftClientReply:client-D5CE890D7D9E->efcb8ff8-f060-4d95-9215-d0f5eb4af037@group-0959F8DF43ED, cid=1224, SUCCESS, logIndex=1714, commits[efcb8ff8-f060-4d95-9215-d0f5eb4af037:c1714, 6fae8b02-e804-4c0e-b729-a97b7404b7f6:c1710, 4c3e8a66-6975-4917-8225-d3efe707aaff:c1710]
2019-09-04 11:46:06,030 | INFO  | DNAudit | user=null | ip=null | op=WRITE_CHUNK {blockData=conID: 2 locID: 102734073356878289 bcsId: 1710} | ret=SUCCESS |  
2019-09-04 11:46:06,030 | INFO  | DNAudit | user=null | ip=null | op=WRITE_CHUNK {blockData=conID: 2 locID: 102734073356878289 bcsId: 1710} | ret=SUCCESS |  
2019-09-04 11:46:06,031 | INFO  | DNAudit | user=null | ip=null | op=PUT_BLOCK {blockData=[blockId=conID: 2 locID: 102734073356878289 bcsId: 0,size=4194304]} | ret=SUCCESS |  
2019-09-04 11:46:06,031 | INFO  | DNAudit | user=null | ip=null | op=PUT_BLOCK {blockData=[blockId=conID: 2 locID: 102734073356878289 bcsId: 0,size=4194304]} | ret=SUCCESS |  
2019-09-04 11:46:06,032 [grpc-default-executor-6] INFO  client.GrpcClientProtocolClient (GrpcClientProtocolClient.java:onNext(255)) - client-D5CE890D7D9E->efcb8ff8-f060-4d95-9215-d0f5eb4af037: receive RaftClientReply:client-D5CE890D7D9E->efcb8ff8-f060-4d95-9215-d0f5eb4af037@group-0959F8DF43ED, cid=1225, SUCCESS, logIndex=0, commits[efcb8ff8-f060-4d95-9215-d0f5eb4af037:c1716, 6fae8b02-e804-4c0e-b729-a97b7404b7f6:c1714, 4c3e8a66-6975-4917-8225-d3efe707aaff:c1714]
2019-09-04 11:46:06,038 | INFO  | DNAudit | user=null | ip=null | op=WRITE_CHUNK {blockData=conID: 3 locID: 102734073356878290 bcsId: 0} | ret=SUCCESS |  
2019-09-04 11:46:06,041 | INFO  | DNAudit | user=null | ip=null | op=WRITE_CHUNK {blockData=conID: 3 locID: 102734073356878290 bcsId: 0} | ret=SUCCESS |  
2019-09-04 11:46:06,041 | INFO  | DNAudit | user=null | ip=null | op=WRITE_CHUNK {blockData=conID: 3 locID: 102734073356878290 bcsId: 0} | ret=SUCCESS |  
2019-09-04 11:46:06,042 | INFO  | DNAudit | user=null | ip=null | op=WRITE_CHUNK {blockData=conID: 3 locID: 102734073356878290 bcsId: 0} | ret=SUCCESS |  
2019-09-04 11:46:06,044 | INFO  | DNAudit | user=null | ip=null | op=WRITE_CHUNK {blockData=conID: 3 locID: 102734073356878290 bcsId: 0} | ret=SUCCESS |  
2019-09-04 11:46:06,044 | INFO  | DNAudit | user=null | ip=null | op=WRITE_CHUNK {blockData=conID: 3 locID: 102734073356878290 bcsId: 0} | ret=SUCCESS |  
2019-09-04 11:46:06,053 | INFO  | DNAudit | user=null | ip=null | op=WRITE_CHUNK {blockData=conID: 3 locID: 102734073356878290 bcsId: 0} | ret=SUCCESS |  
2019-09-04 11:46:06,054 | INFO  | DNAudit | user=null | ip=null | op=PUT_BLOCK {blockData=[blockId=conID: 3 locID: 102734073356878290 bcsId: 0,size=1048576]} | ret=SUCCESS |  
2019-09-04 11:46:06,054 [grpc-default-executor-6] INFO  client.GrpcClientProtocolClient (GrpcClientProtocolClient.java:onNext(255)) - client-D5CE890D7D9E->efcb8ff8-f060-4d95-9215-d0f5eb4af037: receive RaftClientReply:client-D5CE890D7D9E->efcb8ff8-f060-4d95-9215-d0f5eb4af037@group-0959F8DF43ED, cid=1226, SUCCESS, logIndex=1717, commits[efcb8ff8-f060-4d95-9215-d0f5eb4af037:c1718, 6fae8b02-e804-4c0e-b729-a97b7404b7f6:c1716, 4c3e8a66-6975-4917-8225-d3efe707aaff:c1716]
2019-09-04 11:46:06,054 | INFO  | DNAudit | user=null | ip=null | op=WRITE_CHUNK {blockData=conID: 3 locID: 102734073356878290 bcsId: 0} | ret=SUCCESS |  
2019-09-04 11:46:06,055 | INFO  | DNAudit | user=null | ip=null | op=PUT_BLOCK {blockData=[blockId=conID: 3 locID: 102734073356878290 bcsId: 0,size=2097152]} | ret=SUCCESS |  
2019-09-04 11:46:06,055 [grpc-default-executor-6] INFO  client.GrpcClientProtocolClient (GrpcClientProtocolClient.java:onNext(255)) - client-D5CE890D7D9E->efcb8ff8-f060-4d95-9215-d0f5eb4af037: receive RaftClientReply:client-D5CE890D7D9E->efcb8ff8-f060-4d95-9215-d0f5eb4af037@group-0959F8DF43ED, cid=1227, SUCCESS, logIndex=1718, commits[efcb8ff8-f060-4d95-9215-d0f5eb4af037:c1719, 6fae8b02-e804-4c0e-b729-a97b7404b7f6:c1716, 4c3e8a66-6975-4917-8225-d3efe707aaff:c1716]
2019-09-04 11:46:06,055 [grpc-default-executor-6] INFO  client.GrpcClientProtocolClient (GrpcClientProtocolClient.java:onNext(255)) - client-D5CE890D7D9E->efcb8ff8-f060-4d95-9215-d0f5eb4af037: receive RaftClientReply:client-D5CE890D7D9E->efcb8ff8-f060-4d95-9215-d0f5eb4af037@group-0959F8DF43ED, cid=1228, SUCCESS, logIndex=1719, commits[efcb8ff8-f060-4d95-9215-d0f5eb4af037:c1720, 6fae8b02-e804-4c0e-b729-a97b7404b7f6:c1716, 4c3e8a66-6975-4917-8225-d3efe707aaff:c1716]
2019-09-04 11:46:06,055 | INFO  | DNAudit | user=null | ip=null | op=WRITE_CHUNK {blockData=conID: 3 locID: 102734073356878290 bcsId: 0} | ret=SUCCESS |  
2019-09-04 11:46:06,055 [grpc-default-executor-6] INFO  client.GrpcClientProtocolClient (GrpcClientProtocolClient.java:onNext(255)) - client-D5CE890D7D9E->efcb8ff8-f060-4d95-9215-d0f5eb4af037: receive RaftClientReply:client-D5CE890D7D9E->efcb8ff8-f060-4d95-9215-d0f5eb4af037@group-0959F8DF43ED, cid=1229, SUCCESS, logIndex=1720, commits[efcb8ff8-f060-4d95-9215-d0f5eb4af037:c1720, 6fae8b02-e804-4c0e-b729-a97b7404b7f6:c1716, 4c3e8a66-6975-4917-8225-d3efe707aaff:c1716]
2019-09-04 11:46:06,055 | INFO  | DNAudit | user=null | ip=null | op=PUT_BLOCK {blockData=[blockId=conID: 3 locID: 102734073356878290 bcsId: 0,size=1048576]} | ret=SUCCESS |  
2019-09-04 11:46:06,056 | INFO  | DNAudit | user=null | ip=null | op=WRITE_CHUNK {blockData=conID: 3 locID: 102734073356878290 bcsId: 0} | ret=SUCCESS |  
2019-09-04 11:46:06,056 | INFO  | DNAudit | user=null | ip=null | op=PUT_BLOCK {blockData=[blockId=conID: 3 locID: 102734073356878290 bcsId: 0,size=1048576]} | ret=SUCCESS |  
2019-09-04 11:46:06,056 | INFO  | DNAudit | user=null | ip=null | op=WRITE_CHUNK {blockData=conID: 3 locID: 102734073356878290 bcsId: 0} | ret=SUCCESS |  
2019-09-04 11:46:06,056 [grpc-default-executor-1] INFO  client.GrpcClientProtocolClient (GrpcClientProtocolClient.java:onNext(255)) - client-D5CE890D7D9E->efcb8ff8-f060-4d95-9215-d0f5eb4af037: receive RaftClientReply:client-D5CE890D7D9E->efcb8ff8-f060-4d95-9215-d0f5eb4af037@group-0959F8DF43ED, cid=1230, SUCCESS, logIndex=0, commits[efcb8ff8-f060-4d95-9215-d0f5eb4af037:c1722, 6fae8b02-e804-4c0e-b729-a97b7404b7f6:c1718, 4c3e8a66-6975-4917-8225-d3efe707aaff:c1718]
2019-09-04 11:46:06,057 | INFO  | DNAudit | user=null | ip=null | op=WRITE_CHUNK {blockData=conID: 3 locID: 102734073356878290 bcsId: 0} | ret=SUCCESS |  
2019-09-04 11:46:06,057 | INFO  | DNAudit | user=null | ip=null | op=PUT_BLOCK {blockData=[blockId=conID: 3 locID: 102734073356878290 bcsId: 0,size=2097152]} | ret=SUCCESS |  
2019-09-04 11:46:06,057 | INFO  | DNAudit | user=null | ip=null | op=PUT_BLOCK {blockData=[blockId=conID: 3 locID: 102734073356878290 bcsId: 0,size=2097152]} | ret=SUCCESS |  
2019-09-04 11:46:06,062 | INFO  | DNAudit | user=null | ip=null | op=WRITE_CHUNK {blockData=conID: 3 locID: 102734073356878290 bcsId: 1720} | ret=SUCCESS |  
2019-09-04 11:46:06,065 | INFO  | DNAudit | user=null | ip=null | op=WRITE_CHUNK {blockData=conID: 3 locID: 102734073356878290 bcsId: 1720} | ret=SUCCESS |  
2019-09-04 11:46:06,065 | INFO  | DNAudit | user=null | ip=null | op=WRITE_CHUNK {blockData=conID: 3 locID: 102734073356878290 bcsId: 1720} | ret=SUCCESS |  
2019-09-04 11:46:06,084 | INFO  | DNAudit | user=null | ip=null | op=WRITE_CHUNK {blockData=conID: 3 locID: 102734073356878290 bcsId: 1720} | ret=SUCCESS |  
2019-09-04 11:46:06,084 | INFO  | DNAudit | user=null | ip=null | op=PUT_BLOCK {blockData=[blockId=conID: 3 locID: 102734073356878290 bcsId: 0,size=3145728]} | ret=SUCCESS |  
2019-09-04 11:46:06,084 [grpc-default-executor-1] INFO  client.GrpcClientProtocolClient (GrpcClientProtocolClient.java:onNext(255)) - client-D5CE890D7D9E->efcb8ff8-f060-4d95-9215-d0f5eb4af037: receive RaftClientReply:client-D5CE890D7D9E->efcb8ff8-f060-4d95-9215-d0f5eb4af037@group-0959F8DF43ED, cid=1231, SUCCESS, logIndex=1725, commits[efcb8ff8-f060-4d95-9215-d0f5eb4af037:c1726, 6fae8b02-e804-4c0e-b729-a97b7404b7f6:c1724, 4c3e8a66-6975-4917-8225-d3efe707aaff:c1724]
2019-09-04 11:46:06,084 [grpc-default-executor-1] INFO  client.GrpcClientProtocolClient (GrpcClientProtocolClient.java:onNext(255)) - client-D5CE890D7D9E->efcb8ff8-f060-4d95-9215-d0f5eb4af037: receive RaftClientReply:client-D5CE890D7D9E->efcb8ff8-f060-4d95-9215-d0f5eb4af037@group-0959F8DF43ED, cid=1232, SUCCESS, logIndex=1726, commits[efcb8ff8-f060-4d95-9215-d0f5eb4af037:c1726, 6fae8b02-e804-4c0e-b729-a97b7404b7f6:c1724, 4c3e8a66-6975-4917-8225-d3efe707aaff:c1724]
2019-09-04 11:46:06,090 | INFO  | DNAudit | user=null | ip=null | op=WRITE_CHUNK {blockData=conID: 3 locID: 102734073356878290 bcsId: 1726} | ret=SUCCESS |  
2019-09-04 11:46:06,093 | INFO  | DNAudit | user=null | ip=null | op=WRITE_CHUNK {blockData=conID: 3 locID: 102734073356878290 bcsId: 1726} | ret=SUCCESS |  
2019-09-04 11:46:06,093 | INFO  | DNAudit | user=null | ip=null | op=WRITE_CHUNK {blockData=conID: 3 locID: 102734073356878290 bcsId: 1726} | ret=SUCCESS |  
2019-09-04 11:46:06,094 | INFO  | SCMAudit | user=jenkins1000 | ip=192.168.36.67 | op=SEND_HEARTBEAT {datanodeUUID=b68b188c-7f38-42ae-8403-46a39acd0731, command=[]} | ret=SUCCESS |  
2019-09-04 11:46:06,104 | INFO  | DNAudit | user=null | ip=null | op=WRITE_CHUNK {blockData=conID: 3 locID: 102734073356878290 bcsId: 1720} | ret=SUCCESS |  
2019-09-04 11:46:06,104 | INFO  | DNAudit | user=null | ip=null | op=WRITE_CHUNK {blockData=conID: 3 locID: 102734073356878290 bcsId: 1720} | ret=SUCCESS |  
2019-09-04 11:46:06,104 | INFO  | DNAudit | user=null | ip=null | op=PUT_BLOCK {blockData=[blockId=conID: 3 locID: 102734073356878290 bcsId: 0,size=3145728]} | ret=SUCCESS |  
2019-09-04 11:46:06,104 | INFO  | DNAudit | user=null | ip=null | op=PUT_BLOCK {blockData=[blockId=conID: 3 locID: 102734073356878290 bcsId: 0,size=3145728]} | ret=SUCCESS |  
2019-09-04 11:46:06,113 | INFO  | DNAudit | user=null | ip=null | op=WRITE_CHUNK {blockData=conID: 3 locID: 102734073356878290 bcsId: 1726} | ret=SUCCESS |  
2019-09-04 11:46:06,128 | INFO  | DNAudit | user=null | ip=null | op=PUT_BLOCK {blockData=[blockId=conID: 3 locID: 102734073356878290 bcsId: 0,size=4194304]} | ret=SUCCESS |  
2019-09-04 11:46:06,128 [grpc-default-executor-6] INFO  client.GrpcClientProtocolClient (GrpcClientProtocolClient.java:onNext(255)) - client-D5CE890D7D9E->efcb8ff8-f060-4d95-9215-d0f5eb4af037: receive RaftClientReply:client-D5CE890D7D9E->efcb8ff8-f060-4d95-9215-d0f5eb4af037@group-0959F8DF43ED, cid=1233, SUCCESS, logIndex=1729, commits[efcb8ff8-f060-4d95-9215-d0f5eb4af037:c1729, 6fae8b02-e804-4c0e-b729-a97b7404b7f6:c1726, 4c3e8a66-6975-4917-8225-d3efe707aaff:c1726]
2019-09-04 11:46:06,142 [grpc-default-executor-6] INFO  client.GrpcClientProtocolClient (GrpcClientProtocolClient.java:onNext(255)) - client-D5CE890D7D9E->efcb8ff8-f060-4d95-9215-d0f5eb4af037: receive RaftClientReply:client-D5CE890D7D9E->efcb8ff8-f060-4d95-9215-d0f5eb4af037@group-0959F8DF43ED, cid=1234, SUCCESS, logIndex=1730, commits[efcb8ff8-f060-4d95-9215-d0f5eb4af037:c1730, 6fae8b02-e804-4c0e-b729-a97b7404b7f6:c1726, 4c3e8a66-6975-4917-8225-d3efe707aaff:c1726]
2019-09-04 11:46:06,225 | INFO  | DNAudit | user=null | ip=null | op=WRITE_CHUNK {blockData=conID: 3 locID: 102734073356878290 bcsId: 1726} | ret=SUCCESS |  
2019-09-04 11:46:06,225 | INFO  | DNAudit | user=null | ip=null | op=WRITE_CHUNK {blockData=conID: 3 locID: 102734073356878290 bcsId: 1726} | ret=SUCCESS |  
2019-09-04 11:46:06,226 | INFO  | DNAudit | user=null | ip=null | op=PUT_BLOCK {blockData=[blockId=conID: 3 locID: 102734073356878290 bcsId: 0,size=4194304]} | ret=SUCCESS |  
2019-09-04 11:46:06,247 | INFO  | DNAudit | user=null | ip=null | op=PUT_BLOCK {blockData=[blockId=conID: 3 locID: 102734073356878290 bcsId: 0,size=4194304]} | ret=SUCCESS |  
2019-09-04 11:46:06,248 [grpc-default-executor-6] INFO  client.GrpcClientProtocolClient (GrpcClientProtocolClient.java:onNext(255)) - client-D5CE890D7D9E->efcb8ff8-f060-4d95-9215-d0f5eb4af037: receive RaftClientReply:client-D5CE890D7D9E->efcb8ff8-f060-4d95-9215-d0f5eb4af037@group-0959F8DF43ED, cid=1235, SUCCESS, logIndex=0, commits[efcb8ff8-f060-4d95-9215-d0f5eb4af037:c1732, 6fae8b02-e804-4c0e-b729-a97b7404b7f6:c1730, 4c3e8a66-6975-4917-8225-d3efe707aaff:c1730]
2019-09-04 11:46:06,272 | INFO  | SCMAudit | user=jenkins1000 | ip=192.168.36.67 | op=ALLOCATE_BLOCK {owner=8ab292a2-aaa7-4ad8-863a-d33994811155, size=4194304, type=RATIS, factor=THREE} | ret=SUCCESS |  
2019-09-04 11:46:06,276 | INFO  | OMAudit | user=jenkins1000 | ip=127.0.0.1 | op=ALLOCATE_BLOCK {volume=vol-0-58699, bucket=bucket-0-57464, key=key-0-37266, dataSize=0, replicationType=null, replicationFactor=null, keyLocationInfo=null, clientID=102734073355960722} | ret=SUCCESS |  
2019-09-04 11:46:06,283 | INFO  | DNAudit | user=null | ip=null | op=WRITE_CHUNK {blockData=conID: 1 locID: 102734074103202259 bcsId: 0} | ret=SUCCESS |  
2019-09-04 11:46:06,286 | INFO  | DNAudit | user=null | ip=null | op=WRITE_CHUNK {blockData=conID: 1 locID: 102734074103202259 bcsId: 0} | ret=SUCCESS |  
2019-09-04 11:46:06,286 | INFO  | DNAudit | user=null | ip=null | op=WRITE_CHUNK {blockData=conID: 1 locID: 102734074103202259 bcsId: 0} | ret=SUCCESS |  
2019-09-04 11:46:06,286 | INFO  | DNAudit | user=null | ip=null | op=WRITE_CHUNK {blockData=conID: 1 locID: 102734074103202259 bcsId: 0} | ret=SUCCESS |  
2019-09-04 11:46:06,288 | INFO  | DNAudit | user=null | ip=null | op=WRITE_CHUNK {blockData=conID: 1 locID: 102734074103202259 bcsId: 0} | ret=SUCCESS |  
2019-09-04 11:46:06,288 | INFO  | DNAudit | user=null | ip=null | op=WRITE_CHUNK {blockData=conID: 1 locID: 102734074103202259 bcsId: 0} | ret=SUCCESS |  
2019-09-04 11:46:06,305 | INFO  | DNAudit | user=null | ip=null | op=WRITE_CHUNK {blockData=conID: 1 locID: 102734074103202259 bcsId: 0} | ret=SUCCESS |  
2019-09-04 11:46:06,305 | INFO  | DNAudit | user=null | ip=null | op=PUT_BLOCK {blockData=[blockId=conID: 1 locID: 102734074103202259 bcsId: 0,size=1048576]} | ret=SUCCESS |  
2019-09-04 11:46:06,305 [grpc-default-executor-4] INFO  client.GrpcClientProtocolClient (GrpcClientProtocolClient.java:onNext(255)) - client-D5CE890D7D9E->efcb8ff8-f060-4d95-9215-d0f5eb4af037: receive RaftClientReply:client-D5CE890D7D9E->efcb8ff8-f060-4d95-9215-d0f5eb4af037@group-0959F8DF43ED, cid=1236, SUCCESS, logIndex=1733, commits[efcb8ff8-f060-4d95-9215-d0f5eb4af037:c1736, 6fae8b02-e804-4c0e-b729-a97b7404b7f6:c1732, 4c3e8a66-6975-4917-8225-d3efe707aaff:c1732]
2019-09-04 11:46:06,306 | INFO  | DNAudit | user=null | ip=null | op=WRITE_CHUNK {blockData=conID: 1 locID: 102734074103202259 bcsId: 0} | ret=SUCCESS |  
2019-09-04 11:46:06,306 [grpc-default-executor-4] INFO  client.GrpcClientProtocolClient (GrpcClientProtocolClient.java:onNext(255)) - client-D5CE890D7D9E->efcb8ff8-f060-4d95-9215-d0f5eb4af037: receive RaftClientReply:client-D5CE890D7D9E->efcb8ff8-f060-4d95-9215-d0f5eb4af037@group-0959F8DF43ED, cid=1237, SUCCESS, logIndex=1734, commits[efcb8ff8-f060-4d95-9215-d0f5eb4af037:c1736, 6fae8b02-e804-4c0e-b729-a97b7404b7f6:c1732, 4c3e8a66-6975-4917-8225-d3efe707aaff:c1732]
2019-09-04 11:46:06,306 | INFO  | DNAudit | user=null | ip=null | op=PUT_BLOCK {blockData=[blockId=conID: 1 locID: 102734074103202259 bcsId: 0,size=2097152]} | ret=SUCCESS |  
2019-09-04 11:46:06,306 [grpc-default-executor-4] INFO  client.GrpcClientProtocolClient (GrpcClientProtocolClient.java:onNext(255)) - client-D5CE890D7D9E->efcb8ff8-f060-4d95-9215-d0f5eb4af037: receive RaftClientReply:client-D5CE890D7D9E->efcb8ff8-f060-4d95-9215-d0f5eb4af037@group-0959F8DF43ED, cid=1238, SUCCESS, logIndex=1735, commits[efcb8ff8-f060-4d95-9215-d0f5eb4af037:c1736, 6fae8b02-e804-4c0e-b729-a97b7404b7f6:c1732, 4c3e8a66-6975-4917-8225-d3efe707aaff:c1732]
2019-09-04 11:46:06,307 [grpc-default-executor-4] INFO  client.GrpcClientProtocolClient (GrpcClientProtocolClient.java:onNext(255)) - client-D5CE890D7D9E->efcb8ff8-f060-4d95-9215-d0f5eb4af037: receive RaftClientReply:client-D5CE890D7D9E->efcb8ff8-f060-4d95-9215-d0f5eb4af037@group-0959F8DF43ED, cid=1239, SUCCESS, logIndex=1736, commits[efcb8ff8-f060-4d95-9215-d0f5eb4af037:c1736, 6fae8b02-e804-4c0e-b729-a97b7404b7f6:c1732, 4c3e8a66-6975-4917-8225-d3efe707aaff:c1732]
2019-09-04 11:46:06,323 | INFO  | DNAudit | user=null | ip=null | op=WRITE_CHUNK {blockData=conID: 1 locID: 102734074103202259 bcsId: 0} | ret=SUCCESS |  
2019-09-04 11:46:06,347 | INFO  | DNAudit | user=null | ip=null | op=WRITE_CHUNK {blockData=conID: 1 locID: 102734074103202259 bcsId: 0} | ret=SUCCESS |  
2019-09-04 11:46:06,347 | INFO  | DNAudit | user=null | ip=null | op=PUT_BLOCK {blockData=[blockId=conID: 1 locID: 102734074103202259 bcsId: 0,size=1048576]} | ret=SUCCESS |  
2019-09-04 11:46:06,347 | INFO  | DNAudit | user=null | ip=null | op=WRITE_CHUNK {blockData=conID: 1 locID: 102734074103202259 bcsId: 0} | ret=SUCCESS |  
2019-09-04 11:46:06,347 | INFO  | DNAudit | user=null | ip=null | op=PUT_BLOCK {blockData=[blockId=conID: 1 locID: 102734074103202259 bcsId: 0,size=1048576]} | ret=SUCCESS |  
2019-09-04 11:46:06,347 | INFO  | DNAudit | user=null | ip=null | op=PUT_BLOCK {blockData=[blockId=conID: 1 locID: 102734074103202259 bcsId: 0,size=2097152]} | ret=SUCCESS |  
2019-09-04 11:46:06,347 | INFO  | DNAudit | user=null | ip=null | op=WRITE_CHUNK {blockData=conID: 1 locID: 102734074103202259 bcsId: 0} | ret=SUCCESS |  
2019-09-04 11:46:06,348 | INFO  | DNAudit | user=null | ip=null | op=PUT_BLOCK {blockData=[blockId=conID: 1 locID: 102734074103202259 bcsId: 0,size=2097152]} | ret=SUCCESS |  
2019-09-04 11:46:06,348 [grpc-default-executor-4] INFO  client.GrpcClientProtocolClient (GrpcClientProtocolClient.java:onNext(255)) - client-D5CE890D7D9E->efcb8ff8-f060-4d95-9215-d0f5eb4af037: receive RaftClientReply:client-D5CE890D7D9E->efcb8ff8-f060-4d95-9215-d0f5eb4af037@group-0959F8DF43ED, cid=1240, SUCCESS, logIndex=0, commits[efcb8ff8-f060-4d95-9215-d0f5eb4af037:c1740, 6fae8b02-e804-4c0e-b729-a97b7404b7f6:c1736, 4c3e8a66-6975-4917-8225-d3efe707aaff:c1734]
2019-09-04 11:46:06,354 | INFO  | DNAudit | user=null | ip=null | op=WRITE_CHUNK {blockData=conID: 1 locID: 102734074103202259 bcsId: 1736} | ret=SUCCESS |  
2019-09-04 11:46:06,357 | INFO  | DNAudit | user=null | ip=null | op=WRITE_CHUNK {blockData=conID: 1 locID: 102734074103202259 bcsId: 1736} | ret=SUCCESS |  
2019-09-04 11:46:06,357 | INFO  | DNAudit | user=null | ip=null | op=WRITE_CHUNK {blockData=conID: 1 locID: 102734074103202259 bcsId: 1736} | ret=SUCCESS |  
2019-09-04 11:46:06,371 | INFO  | DNAudit | user=null | ip=null | op=WRITE_CHUNK {blockData=conID: 1 locID: 102734074103202259 bcsId: 1736} | ret=SUCCESS |  
2019-09-04 11:46:06,372 | INFO  | DNAudit | user=null | ip=null | op=PUT_BLOCK {blockData=[blockId=conID: 1 locID: 102734074103202259 bcsId: 0,size=3145728]} | ret=SUCCESS |  
2019-09-04 11:46:06,372 [grpc-default-executor-4] INFO  client.GrpcClientProtocolClient (GrpcClientProtocolClient.java:onNext(255)) - client-D5CE890D7D9E->efcb8ff8-f060-4d95-9215-d0f5eb4af037: receive RaftClientReply:client-D5CE890D7D9E->efcb8ff8-f060-4d95-9215-d0f5eb4af037@group-0959F8DF43ED, cid=1241, SUCCESS, logIndex=1741, commits[efcb8ff8-f060-4d95-9215-d0f5eb4af037:c1742, 6fae8b02-e804-4c0e-b729-a97b7404b7f6:c1740, 4c3e8a66-6975-4917-8225-d3efe707aaff:c1740]
2019-09-04 11:46:06,372 [grpc-default-executor-4] INFO  client.GrpcClientProtocolClient (GrpcClientProtocolClient.java:onNext(255)) - client-D5CE890D7D9E->efcb8ff8-f060-4d95-9215-d0f5eb4af037: receive RaftClientReply:client-D5CE890D7D9E->efcb8ff8-f060-4d95-9215-d0f5eb4af037@group-0959F8DF43ED, cid=1242, SUCCESS, logIndex=1742, commits[efcb8ff8-f060-4d95-9215-d0f5eb4af037:c1742, 6fae8b02-e804-4c0e-b729-a97b7404b7f6:c1740, 4c3e8a66-6975-4917-8225-d3efe707aaff:c1740]
2019-09-04 11:46:06,379 | INFO  | DNAudit | user=null | ip=null | op=WRITE_CHUNK {blockData=conID: 1 locID: 102734074103202259 bcsId: 1742} | ret=SUCCESS |  
2019-09-04 11:46:06,381 | INFO  | DNAudit | user=null | ip=null | op=WRITE_CHUNK {blockData=conID: 1 locID: 102734074103202259 bcsId: 1742} | ret=SUCCESS |  
2019-09-04 11:46:06,381 | INFO  | DNAudit | user=null | ip=null | op=WRITE_CHUNK {blockData=conID: 1 locID: 102734074103202259 bcsId: 1742} | ret=SUCCESS |  
2019-09-04 11:46:06,392 | INFO  | DNAudit | user=null | ip=null | op=WRITE_CHUNK {blockData=conID: 1 locID: 102734074103202259 bcsId: 1736} | ret=SUCCESS |  
2019-09-04 11:46:06,392 | INFO  | DNAudit | user=null | ip=null | op=WRITE_CHUNK {blockData=conID: 1 locID: 102734074103202259 bcsId: 1736} | ret=SUCCESS |  
2019-09-04 11:46:06,393 | INFO  | DNAudit | user=null | ip=null | op=PUT_BLOCK {blockData=[blockId=conID: 1 locID: 102734074103202259 bcsId: 0,size=3145728]} | ret=SUCCESS |  
2019-09-04 11:46:06,394 | INFO  | DNAudit | user=null | ip=null | op=WRITE_CHUNK {blockData=conID: 1 locID: 102734074103202259 bcsId: 1742} | ret=SUCCESS |  
2019-09-04 11:46:06,394 | INFO  | DNAudit | user=null | ip=null | op=PUT_BLOCK {blockData=[blockId=conID: 1 locID: 102734074103202259 bcsId: 0,size=3145728]} | ret=SUCCESS |  
2019-09-04 11:46:06,394 | INFO  | DNAudit | user=null | ip=null | op=PUT_BLOCK {blockData=[blockId=conID: 1 locID: 102734074103202259 bcsId: 0,size=4194304]} | ret=SUCCESS |  
2019-09-04 11:46:06,395 [grpc-default-executor-4] INFO  client.GrpcClientProtocolClient (GrpcClientProtocolClient.java:onNext(255)) - client-D5CE890D7D9E->efcb8ff8-f060-4d95-9215-d0f5eb4af037: receive RaftClientReply:client-D5CE890D7D9E->efcb8ff8-f060-4d95-9215-d0f5eb4af037@group-0959F8DF43ED, cid=1243, SUCCESS, logIndex=1745, commits[efcb8ff8-f060-4d95-9215-d0f5eb4af037:c1746, 6fae8b02-e804-4c0e-b729-a97b7404b7f6:c1741, 4c3e8a66-6975-4917-8225-d3efe707aaff:c1742]
2019-09-04 11:46:06,395 [grpc-default-executor-4] INFO  client.GrpcClientProtocolClient (GrpcClientProtocolClient.java:onNext(255)) - client-D5CE890D7D9E->efcb8ff8-f060-4d95-9215-d0f5eb4af037: receive RaftClientReply:client-D5CE890D7D9E->efcb8ff8-f060-4d95-9215-d0f5eb4af037@group-0959F8DF43ED, cid=1244, SUCCESS, logIndex=1746, commits[efcb8ff8-f060-4d95-9215-d0f5eb4af037:c1746, 6fae8b02-e804-4c0e-b729-a97b7404b7f6:c1742, 4c3e8a66-6975-4917-8225-d3efe707aaff:c1742]
2019-09-04 11:46:06,426 | INFO  | DNAudit | user=null | ip=null | op=WRITE_CHUNK {blockData=conID: 1 locID: 102734074103202259 bcsId: 1742} | ret=SUCCESS |  
2019-09-04 11:46:06,426 | INFO  | DNAudit | user=null | ip=null | op=WRITE_CHUNK {blockData=conID: 1 locID: 102734074103202259 bcsId: 1742} | ret=SUCCESS |  
2019-09-04 11:46:06,426 | INFO  | DNAudit | user=null | ip=null | op=PUT_BLOCK {blockData=[blockId=conID: 1 locID: 102734074103202259 bcsId: 0,size=4194304]} | ret=SUCCESS |  
2019-09-04 11:46:06,427 | INFO  | DNAudit | user=null | ip=null | op=PUT_BLOCK {blockData=[blockId=conID: 1 locID: 102734074103202259 bcsId: 0,size=4194304]} | ret=SUCCESS |  
2019-09-04 11:46:06,428 [grpc-default-executor-4] INFO  client.GrpcClientProtocolClient (GrpcClientProtocolClient.java:onNext(255)) - client-D5CE890D7D9E->efcb8ff8-f060-4d95-9215-d0f5eb4af037: receive RaftClientReply:client-D5CE890D7D9E->efcb8ff8-f060-4d95-9215-d0f5eb4af037@group-0959F8DF43ED, cid=1245, SUCCESS, logIndex=0, commits[efcb8ff8-f060-4d95-9215-d0f5eb4af037:c1748, 6fae8b02-e804-4c0e-b729-a97b7404b7f6:c1746, 4c3e8a66-6975-4917-8225-d3efe707aaff:c1746]
2019-09-04 11:46:06,433 | INFO  | SCMAudit | user=jenkins1000 | ip=192.168.36.67 | op=ALLOCATE_BLOCK {owner=8ab292a2-aaa7-4ad8-863a-d33994811155, size=4194304, type=RATIS, factor=THREE} | ret=SUCCESS |  
2019-09-04 11:46:06,438 | INFO  | OMAudit | user=jenkins1000 | ip=127.0.0.1 | op=ALLOCATE_BLOCK {volume=vol-0-58699, bucket=bucket-0-57464, key=key-0-37266, dataSize=0, replicationType=null, replicationFactor=null, keyLocationInfo=null, clientID=102734073355960722} | ret=SUCCESS |  
2019-09-04 11:46:06,557 | INFO  | DNAudit | user=null | ip=null | op=WRITE_CHUNK {blockData=conID: 2 locID: 102734074113753556 bcsId: 0} | ret=SUCCESS |  
2019-09-04 11:46:06,560 | INFO  | DNAudit | user=null | ip=null | op=WRITE_CHUNK {blockData=conID: 2 locID: 102734074113753556 bcsId: 0} | ret=SUCCESS |  
2019-09-04 11:46:06,562 | INFO  | DNAudit | user=null | ip=null | op=WRITE_CHUNK {blockData=conID: 2 locID: 102734074113753556 bcsId: 0} | ret=SUCCESS |  
2019-09-04 11:46:06,562 | INFO  | DNAudit | user=null | ip=null | op=WRITE_CHUNK {blockData=conID: 2 locID: 102734074113753556 bcsId: 0} | ret=SUCCESS |  
2019-09-04 11:46:06,565 | INFO  | DNAudit | user=null | ip=null | op=WRITE_CHUNK {blockData=conID: 2 locID: 102734074113753556 bcsId: 0} | ret=SUCCESS |  
2019-09-04 11:46:06,565 | INFO  | DNAudit | user=null | ip=null | op=WRITE_CHUNK {blockData=conID: 2 locID: 102734074113753556 bcsId: 0} | ret=SUCCESS |  
2019-09-04 11:46:06,581 | INFO  | DNAudit | user=null | ip=null | op=WRITE_CHUNK {blockData=conID: 2 locID: 102734074113753556 bcsId: 0} | ret=SUCCESS |  
2019-09-04 11:46:06,582 | INFO  | DNAudit | user=null | ip=null | op=PUT_BLOCK {blockData=[blockId=conID: 2 locID: 102734074113753556 bcsId: 0,size=1048576]} | ret=SUCCESS |  
2019-09-04 11:46:06,582 [grpc-default-executor-4] INFO  client.GrpcClientProtocolClient (GrpcClientProtocolClient.java:onNext(255)) - client-D5CE890D7D9E->efcb8ff8-f060-4d95-9215-d0f5eb4af037: receive RaftClientReply:client-D5CE890D7D9E->efcb8ff8-f060-4d95-9215-d0f5eb4af037@group-0959F8DF43ED, cid=1246, SUCCESS, logIndex=1749, commits[efcb8ff8-f060-4d95-9215-d0f5eb4af037:c1750, 6fae8b02-e804-4c0e-b729-a97b7404b7f6:c1748, 4c3e8a66-6975-4917-8225-d3efe707aaff:c1748]
2019-09-04 11:46:06,583 [grpc-default-executor-4] INFO  client.GrpcClientProtocolClient (GrpcClientProtocolClient.java:onNext(255)) - client-D5CE890D7D9E->efcb8ff8-f060-4d95-9215-d0f5eb4af037: receive RaftClientReply:client-D5CE890D7D9E->efcb8ff8-f060-4d95-9215-d0f5eb4af037@group-0959F8DF43ED, cid=1247, SUCCESS, logIndex=1750, commits[efcb8ff8-f060-4d95-9215-d0f5eb4af037:c1750, 6fae8b02-e804-4c0e-b729-a97b7404b7f6:c1748, 4c3e8a66-6975-4917-8225-d3efe707aaff:c1748]
2019-09-04 11:46:06,594 | INFO  | DNAudit | user=null | ip=null | op=WRITE_CHUNK {blockData=conID: 2 locID: 102734074113753556 bcsId: 0} | ret=SUCCESS |  
2019-09-04 11:46:06,594 | INFO  | DNAudit | user=null | ip=null | op=PUT_BLOCK {blockData=[blockId=conID: 2 locID: 102734074113753556 bcsId: 0,size=2097152]} | ret=SUCCESS |  
2019-09-04 11:46:06,594 [grpc-default-executor-6] INFO  client.GrpcClientProtocolClient (GrpcClientProtocolClient.java:onNext(255)) - client-D5CE890D7D9E->efcb8ff8-f060-4d95-9215-d0f5eb4af037: receive RaftClientReply:client-D5CE890D7D9E->efcb8ff8-f060-4d95-9215-d0f5eb4af037@group-0959F8DF43ED, cid=1248, SUCCESS, logIndex=1751, commits[efcb8ff8-f060-4d95-9215-d0f5eb4af037:c1752, 6fae8b02-e804-4c0e-b729-a97b7404b7f6:c1748, 4c3e8a66-6975-4917-8225-d3efe707aaff:c1748]
2019-09-04 11:46:06,595 [grpc-default-executor-6] INFO  client.GrpcClientProtocolClient (GrpcClientProtocolClient.java:onNext(255)) - client-D5CE890D7D9E->efcb8ff8-f060-4d95-9215-d0f5eb4af037: receive RaftClientReply:client-D5CE890D7D9E->efcb8ff8-f060-4d95-9215-d0f5eb4af037@group-0959F8DF43ED, cid=1249, SUCCESS, logIndex=1752, commits[efcb8ff8-f060-4d95-9215-d0f5eb4af037:c1752, 6fae8b02-e804-4c0e-b729-a97b7404b7f6:c1748, 4c3e8a66-6975-4917-8225-d3efe707aaff:c1748]
2019-09-04 11:46:06,595 | INFO  | DNAudit | user=null | ip=null | op=WRITE_CHUNK {blockData=conID: 2 locID: 102734074113753556 bcsId: 0} | ret=SUCCESS |  
2019-09-04 11:46:06,595 | INFO  | DNAudit | user=null | ip=null | op=WRITE_CHUNK {blockData=conID: 2 locID: 102734074113753556 bcsId: 0} | ret=SUCCESS |  
2019-09-04 11:46:06,595 | INFO  | DNAudit | user=null | ip=null | op=PUT_BLOCK {blockData=[blockId=conID: 2 locID: 102734074113753556 bcsId: 0,size=1048576]} | ret=SUCCESS |  
2019-09-04 11:46:06,595 | INFO  | DNAudit | user=null | ip=null | op=PUT_BLOCK {blockData=[blockId=conID: 2 locID: 102734074113753556 bcsId: 0,size=1048576]} | ret=SUCCESS |  
2019-09-04 11:46:06,596 [grpc-default-executor-6] INFO  client.GrpcClientProtocolClient (GrpcClientProtocolClient.java:onNext(255)) - client-D5CE890D7D9E->efcb8ff8-f060-4d95-9215-d0f5eb4af037: receive RaftClientReply:client-D5CE890D7D9E->efcb8ff8-f060-4d95-9215-d0f5eb4af037@group-0959F8DF43ED, cid=1250, SUCCESS, logIndex=0, commits[efcb8ff8-f060-4d95-9215-d0f5eb4af037:c1754, 6fae8b02-e804-4c0e-b729-a97b7404b7f6:c1750, 4c3e8a66-6975-4917-8225-d3efe707aaff:c1750]
2019-09-04 11:46:06,596 | INFO  | DNAudit | user=null | ip=null | op=WRITE_CHUNK {blockData=conID: 2 locID: 102734074113753556 bcsId: 0} | ret=SUCCESS |  
2019-09-04 11:46:06,596 | INFO  | DNAudit | user=null | ip=null | op=PUT_BLOCK {blockData=[blockId=conID: 2 locID: 102734074113753556 bcsId: 0,size=2097152]} | ret=SUCCESS |  
2019-09-04 11:46:06,597 | INFO  | DNAudit | user=null | ip=null | op=WRITE_CHUNK {blockData=conID: 2 locID: 102734074113753556 bcsId: 0} | ret=SUCCESS |  
2019-09-04 11:46:06,597 | INFO  | DNAudit | user=null | ip=null | op=PUT_BLOCK {blockData=[blockId=conID: 2 locID: 102734074113753556 bcsId: 0,size=2097152]} | ret=SUCCESS |  
2019-09-04 11:46:06,603 | INFO  | DNAudit | user=null | ip=null | op=WRITE_CHUNK {blockData=conID: 2 locID: 102734074113753556 bcsId: 1752} | ret=SUCCESS |  
2019-09-04 11:46:06,606 | INFO  | DNAudit | user=null | ip=null | op=WRITE_CHUNK {blockData=conID: 2 locID: 102734074113753556 bcsId: 1752} | ret=SUCCESS |  
2019-09-04 11:46:06,606 | INFO  | DNAudit | user=null | ip=null | op=WRITE_CHUNK {blockData=conID: 2 locID: 102734074113753556 bcsId: 1752} | ret=SUCCESS |  
2019-09-04 11:46:06,624 | INFO  | DNAudit | user=null | ip=null | op=WRITE_CHUNK {blockData=conID: 2 locID: 102734074113753556 bcsId: 1752} | ret=SUCCESS |  
2019-09-04 11:46:06,624 | INFO  | DNAudit | user=null | ip=null | op=PUT_BLOCK {blockData=[blockId=conID: 2 locID: 102734074113753556 bcsId: 0,size=3145728]} | ret=SUCCESS |  
2019-09-04 11:46:06,624 [grpc-default-executor-4] INFO  client.GrpcClientProtocolClient (GrpcClientProtocolClient.java:onNext(255)) - client-D5CE890D7D9E->efcb8ff8-f060-4d95-9215-d0f5eb4af037: receive RaftClientReply:client-D5CE890D7D9E->efcb8ff8-f060-4d95-9215-d0f5eb4af037@group-0959F8DF43ED, cid=1251, SUCCESS, logIndex=1757, commits[efcb8ff8-f060-4d95-9215-d0f5eb4af037:c1758, 6fae8b02-e804-4c0e-b729-a97b7404b7f6:c1756, 4c3e8a66-6975-4917-8225-d3efe707aaff:c1756]
2019-09-04 11:46:06,625 [grpc-default-executor-4] INFO  client.GrpcClientProtocolClient (GrpcClientProtocolClient.java:onNext(255)) - client-D5CE890D7D9E->efcb8ff8-f060-4d95-9215-d0f5eb4af037: receive RaftClientReply:client-D5CE890D7D9E->efcb8ff8-f060-4d95-9215-d0f5eb4af037@group-0959F8DF43ED, cid=1252, SUCCESS, logIndex=1758, commits[efcb8ff8-f060-4d95-9215-d0f5eb4af037:c1758, 6fae8b02-e804-4c0e-b729-a97b7404b7f6:c1756, 4c3e8a66-6975-4917-8225-d3efe707aaff:c1756]
2019-09-04 11:46:06,632 | INFO  | DNAudit | user=null | ip=null | op=WRITE_CHUNK {blockData=conID: 2 locID: 102734074113753556 bcsId: 1758} | ret=SUCCESS |  
2019-09-04 11:46:06,635 | INFO  | DNAudit | user=null | ip=null | op=WRITE_CHUNK {blockData=conID: 2 locID: 102734074113753556 bcsId: 1758} | ret=SUCCESS |  
2019-09-04 11:46:06,635 | INFO  | DNAudit | user=null | ip=null | op=WRITE_CHUNK {blockData=conID: 2 locID: 102734074113753556 bcsId: 1758} | ret=SUCCESS |  
2019-09-04 11:46:06,654 | INFO  | DNAudit | user=null | ip=null | op=WRITE_CHUNK {blockData=conID: 2 locID: 102734074113753556 bcsId: 1752} | ret=SUCCESS |  
2019-09-04 11:46:06,654 | INFO  | DNAudit | user=null | ip=null | op=WRITE_CHUNK {blockData=conID: 2 locID: 102734074113753556 bcsId: 1752} | ret=SUCCESS |  
2019-09-04 11:46:06,655 | INFO  | DNAudit | user=null | ip=null | op=PUT_BLOCK {blockData=[blockId=conID: 2 locID: 102734074113753556 bcsId: 0,size=3145728]} | ret=SUCCESS |  
2019-09-04 11:46:06,655 | INFO  | DNAudit | user=null | ip=null | op=PUT_BLOCK {blockData=[blockId=conID: 2 locID: 102734074113753556 bcsId: 0,size=3145728]} | ret=SUCCESS |  
2019-09-04 11:46:06,656 | INFO  | DNAudit | user=null | ip=null | op=WRITE_CHUNK {blockData=conID: 2 locID: 102734074113753556 bcsId: 1758} | ret=SUCCESS |  
2019-09-04 11:46:06,657 | INFO  | DNAudit | user=null | ip=null | op=PUT_BLOCK {blockData=[blockId=conID: 2 locID: 102734074113753556 bcsId: 0,size=4194304]} | ret=SUCCESS |  
2019-09-04 11:46:06,657 [grpc-default-executor-0] INFO  client.GrpcClientProtocolClient (GrpcClientProtocolClient.java:onNext(255)) - client-D5CE890D7D9E->efcb8ff8-f060-4d95-9215-d0f5eb4af037: receive RaftClientReply:client-D5CE890D7D9E->efcb8ff8-f060-4d95-9215-d0f5eb4af037@group-0959F8DF43ED, cid=1253, SUCCESS, logIndex=1761, commits[efcb8ff8-f060-4d95-9215-d0f5eb4af037:c1762, 6fae8b02-e804-4c0e-b729-a97b7404b7f6:c1758, 4c3e8a66-6975-4917-8225-d3efe707aaff:c1758]
2019-09-04 11:46:06,657 [grpc-default-executor-0] INFO  client.GrpcClientProtocolClient (GrpcClientProtocolClient.java:onNext(255)) - client-D5CE890D7D9E->efcb8ff8-f060-4d95-9215-d0f5eb4af037: receive RaftClientReply:client-D5CE890D7D9E->efcb8ff8-f060-4d95-9215-d0f5eb4af037@group-0959F8DF43ED, cid=1254, SUCCESS, logIndex=1762, commits[efcb8ff8-f060-4d95-9215-d0f5eb4af037:c1762, 6fae8b02-e804-4c0e-b729-a97b7404b7f6:c1758, 4c3e8a66-6975-4917-8225-d3efe707aaff:c1758]
2019-09-04 11:46:06,676 | INFO  | DNAudit | user=null | ip=null | op=WRITE_CHUNK {blockData=conID: 2 locID: 102734074113753556 bcsId: 1758} | ret=SUCCESS |  
2019-09-04 11:46:06,676 | INFO  | DNAudit | user=null | ip=null | op=WRITE_CHUNK {blockData=conID: 2 locID: 102734074113753556 bcsId: 1758} | ret=SUCCESS |  
2019-09-04 11:46:06,676 | INFO  | DNAudit | user=null | ip=null | op=PUT_BLOCK {blockData=[blockId=conID: 2 locID: 102734074113753556 bcsId: 0,size=4194304]} | ret=SUCCESS |  
2019-09-04 11:46:06,677 | INFO  | DNAudit | user=null | ip=null | op=PUT_BLOCK {blockData=[blockId=conID: 2 locID: 102734074113753556 bcsId: 0,size=4194304]} | ret=SUCCESS |  
2019-09-04 11:46:06,677 [grpc-default-executor-0] INFO  client.GrpcClientProtocolClient (GrpcClientProtocolClient.java:onNext(255)) - client-D5CE890D7D9E->efcb8ff8-f060-4d95-9215-d0f5eb4af037: receive RaftClientReply:client-D5CE890D7D9E->efcb8ff8-f060-4d95-9215-d0f5eb4af037@group-0959F8DF43ED, cid=1255, SUCCESS, logIndex=0, commits[efcb8ff8-f060-4d95-9215-d0f5eb4af037:c1763, 6fae8b02-e804-4c0e-b729-a97b7404b7f6:c1762, 4c3e8a66-6975-4917-8225-d3efe707aaff:c1762]
2019-09-04 11:46:06,682 | INFO  | SCMAudit | user=jenkins1000 | ip=192.168.36.67 | op=SEND_HEARTBEAT {datanodeUUID=0b776101-1d39-4f23-96c0-6a8ead31197c, command=[]} | ret=SUCCESS |  
2019-09-04 11:46:06,683 | INFO  | SCMAudit | user=jenkins1000 | ip=192.168.36.67 | op=ALLOCATE_BLOCK {owner=8ab292a2-aaa7-4ad8-863a-d33994811155, size=4194304, type=RATIS, factor=THREE} | ret=SUCCESS |  
2019-09-04 11:46:06,692 | INFO  | SCMAudit | user=jenkins1000 | ip=192.168.36.67 | op=SEND_HEARTBEAT {datanodeUUID=efcb8ff8-f060-4d95-9215-d0f5eb4af037, command=[]} | ret=SUCCESS |  
2019-09-04 11:46:06,693 | INFO  | OMAudit | user=jenkins1000 | ip=127.0.0.1 | op=ALLOCATE_BLOCK {volume=vol-0-58699, bucket=bucket-0-57464, key=key-0-37266, dataSize=0, replicationType=null, replicationFactor=null, keyLocationInfo=null, clientID=102734073355960722} | ret=SUCCESS |  
2019-09-04 11:46:06,693 | INFO  | SCMAudit | user=jenkins1000 | ip=192.168.36.67 | op=SEND_HEARTBEAT {datanodeUUID=6fae8b02-e804-4c0e-b729-a97b7404b7f6, command=[]} | ret=SUCCESS |  
2019-09-04 11:46:06,693 | INFO  | SCMAudit | user=jenkins1000 | ip=192.168.36.67 | op=SEND_HEARTBEAT {datanodeUUID=4c3e8a66-6975-4917-8225-d3efe707aaff, command=[]} | ret=SUCCESS |  
2019-09-04 11:46:06,699 | INFO  | DNAudit | user=null | ip=null | op=WRITE_CHUNK {blockData=conID: 3 locID: 102734074130137557 bcsId: 0} | ret=SUCCESS |  
2019-09-04 11:46:06,702 | INFO  | DNAudit | user=null | ip=null | op=WRITE_CHUNK {blockData=conID: 3 locID: 102734074130137557 bcsId: 0} | ret=SUCCESS |  
2019-09-04 11:46:06,702 | INFO  | DNAudit | user=null | ip=null | op=WRITE_CHUNK {blockData=conID: 3 locID: 102734074130137557 bcsId: 0} | ret=SUCCESS |  
2019-09-04 11:46:06,703 | INFO  | DNAudit | user=null | ip=null | op=WRITE_CHUNK {blockData=conID: 3 locID: 102734074130137557 bcsId: 0} | ret=SUCCESS |  
2019-09-04 11:46:06,704 | INFO  | DNAudit | user=null | ip=null | op=WRITE_CHUNK {blockData=conID: 3 locID: 102734074130137557 bcsId: 0} | ret=SUCCESS |  
2019-09-04 11:46:06,708 | INFO  | DNAudit | user=null | ip=null | op=WRITE_CHUNK {blockData=conID: 3 locID: 102734074130137557 bcsId: 0} | ret=SUCCESS |  
2019-09-04 11:46:06,744 | INFO  | DNAudit | user=null | ip=null | op=WRITE_CHUNK {blockData=conID: 3 locID: 102734074130137557 bcsId: 0} | ret=SUCCESS |  
2019-09-04 11:46:06,744 | INFO  | DNAudit | user=null | ip=null | op=PUT_BLOCK {blockData=[blockId=conID: 3 locID: 102734074130137557 bcsId: 0,size=1048576]} | ret=SUCCESS |  
2019-09-04 11:46:06,744 [grpc-default-executor-6] INFO  client.GrpcClientProtocolClient (GrpcClientProtocolClient.java:onNext(255)) - client-D5CE890D7D9E->efcb8ff8-f060-4d95-9215-d0f5eb4af037: receive RaftClientReply:client-D5CE890D7D9E->efcb8ff8-f060-4d95-9215-d0f5eb4af037@group-0959F8DF43ED, cid=1256, SUCCESS, logIndex=1765, commits[efcb8ff8-f060-4d95-9215-d0f5eb4af037:c1766, 6fae8b02-e804-4c0e-b729-a97b7404b7f6:c1764, 4c3e8a66-6975-4917-8225-d3efe707aaff:c1764]
2019-09-04 11:46:06,745 [grpc-default-executor-6] INFO  client.GrpcClientProtocolClient (GrpcClientProtocolClient.java:onNext(255)) - client-D5CE890D7D9E->efcb8ff8-f060-4d95-9215-d0f5eb4af037: receive RaftClientReply:client-D5CE890D7D9E->efcb8ff8-f060-4d95-9215-d0f5eb4af037@group-0959F8DF43ED, cid=1257, SUCCESS, logIndex=1766, commits[efcb8ff8-f060-4d95-9215-d0f5eb4af037:c1766, 6fae8b02-e804-4c0e-b729-a97b7404b7f6:c1764, 4c3e8a66-6975-4917-8225-d3efe707aaff:c1764]
2019-09-04 11:46:06,755 | INFO  | DNAudit | user=null | ip=null | op=WRITE_CHUNK {blockData=conID: 3 locID: 102734074130137557 bcsId: 0} | ret=SUCCESS |  
2019-09-04 11:46:06,755 | INFO  | DNAudit | user=null | ip=null | op=PUT_BLOCK {blockData=[blockId=conID: 3 locID: 102734074130137557 bcsId: 0,size=2097152]} | ret=SUCCESS |  
2019-09-04 11:46:06,755 | INFO  | DNAudit | user=null | ip=null | op=WRITE_CHUNK {blockData=conID: 3 locID: 102734074130137557 bcsId: 0} | ret=SUCCESS |  
2019-09-04 11:46:06,756 | INFO  | DNAudit | user=null | ip=null | op=PUT_BLOCK {blockData=[blockId=conID: 3 locID: 102734074130137557 bcsId: 0,size=1048576]} | ret=SUCCESS |  
2019-09-04 11:46:06,756 [grpc-default-executor-4] INFO  client.GrpcClientProtocolClient (GrpcClientProtocolClient.java:onNext(255)) - client-D5CE890D7D9E->efcb8ff8-f060-4d95-9215-d0f5eb4af037: receive RaftClientReply:client-D5CE890D7D9E->efcb8ff8-f060-4d95-9215-d0f5eb4af037@group-0959F8DF43ED, cid=1258, SUCCESS, logIndex=1767, commits[efcb8ff8-f060-4d95-9215-d0f5eb4af037:c1768, 6fae8b02-e804-4c0e-b729-a97b7404b7f6:c1764, 4c3e8a66-6975-4917-8225-d3efe707aaff:c1764]
2019-09-04 11:46:06,756 [grpc-default-executor-4] INFO  client.GrpcClientProtocolClient (GrpcClientProtocolClient.java:onNext(255)) - client-D5CE890D7D9E->efcb8ff8-f060-4d95-9215-d0f5eb4af037: receive RaftClientReply:client-D5CE890D7D9E->efcb8ff8-f060-4d95-9215-d0f5eb4af037@group-0959F8DF43ED, cid=1259, SUCCESS, logIndex=1768, commits[efcb8ff8-f060-4d95-9215-d0f5eb4af037:c1769, 6fae8b02-e804-4c0e-b729-a97b7404b7f6:c1764, 4c3e8a66-6975-4917-8225-d3efe707aaff:c1766]
2019-09-04 11:46:06,757 | INFO  | DNAudit | user=null | ip=null | op=WRITE_CHUNK {blockData=conID: 3 locID: 102734074130137557 bcsId: 0} | ret=SUCCESS |  
2019-09-04 11:46:06,757 | INFO  | DNAudit | user=null | ip=null | op=PUT_BLOCK {blockData=[blockId=conID: 3 locID: 102734074130137557 bcsId: 0,size=2097152]} | ret=SUCCESS |  
2019-09-04 11:46:06,757 | INFO  | DNAudit | user=null | ip=null | op=WRITE_CHUNK {blockData=conID: 3 locID: 102734074130137557 bcsId: 0} | ret=SUCCESS |  
2019-09-04 11:46:06,757 | INFO  | DNAudit | user=null | ip=null | op=PUT_BLOCK {blockData=[blockId=conID: 3 locID: 102734074130137557 bcsId: 0,size=1048576]} | ret=SUCCESS |  
2019-09-04 11:46:06,757 [grpc-default-executor-4] INFO  client.GrpcClientProtocolClient (GrpcClientProtocolClient.java:onNext(255)) - client-D5CE890D7D9E->efcb8ff8-f060-4d95-9215-d0f5eb4af037: receive RaftClientReply:client-D5CE890D7D9E->efcb8ff8-f060-4d95-9215-d0f5eb4af037@group-0959F8DF43ED, cid=1260, SUCCESS, logIndex=0, commits[efcb8ff8-f060-4d95-9215-d0f5eb4af037:c1771, 6fae8b02-e804-4c0e-b729-a97b7404b7f6:c1766, 4c3e8a66-6975-4917-8225-d3efe707aaff:c1768]
2019-09-04 11:46:06,764 | INFO  | DNAudit | user=null | ip=null | op=WRITE_CHUNK {blockData=conID: 3 locID: 102734074130137557 bcsId: 1768} | ret=SUCCESS |  
2019-09-04 11:46:06,767 | INFO  | DNAudit | user=null | ip=null | op=WRITE_CHUNK {blockData=conID: 3 locID: 102734074130137557 bcsId: 1768} | ret=SUCCESS |  
2019-09-04 11:46:06,767 | INFO  | DNAudit | user=null | ip=null | op=WRITE_CHUNK {blockData=conID: 3 locID: 102734074130137557 bcsId: 1768} | ret=SUCCESS |  
2019-09-04 11:46:06,776 | INFO  | DNAudit | user=null | ip=null | op=WRITE_CHUNK {blockData=conID: 3 locID: 102734074130137557 bcsId: 0} | ret=SUCCESS |  
2019-09-04 11:46:06,776 | INFO  | DNAudit | user=null | ip=null | op=PUT_BLOCK {blockData=[blockId=conID: 3 locID: 102734074130137557 bcsId: 0,size=2097152]} | ret=SUCCESS |  
2019-09-04 11:46:06,777 | INFO  | DNAudit | user=null | ip=null | op=WRITE_CHUNK {blockData=conID: 3 locID: 102734074130137557 bcsId: 1768} | ret=SUCCESS |  
2019-09-04 11:46:06,777 | INFO  | DNAudit | user=null | ip=null | op=PUT_BLOCK {blockData=[blockId=conID: 3 locID: 102734074130137557 bcsId: 0,size=3145728]} | ret=SUCCESS |  
2019-09-04 11:46:06,777 [grpc-default-executor-0] INFO  client.GrpcClientProtocolClient (GrpcClientProtocolClient.java:onNext(255)) - client-D5CE890D7D9E->efcb8ff8-f060-4d95-9215-d0f5eb4af037: receive RaftClientReply:client-D5CE890D7D9E->efcb8ff8-f060-4d95-9215-d0f5eb4af037@group-0959F8DF43ED, cid=1261, SUCCESS, logIndex=1773, commits[efcb8ff8-f060-4d95-9215-d0f5eb4af037:c1774, 6fae8b02-e804-4c0e-b729-a97b7404b7f6:c1772, 4c3e8a66-6975-4917-8225-d3efe707aaff:c1772]
2019-09-04 11:46:06,778 [grpc-default-executor-0] INFO  client.GrpcClientProtocolClient (GrpcClientProtocolClient.java:onNext(255)) - client-D5CE890D7D9E->efcb8ff8-f060-4d95-9215-d0f5eb4af037: receive RaftClientReply:client-D5CE890D7D9E->efcb8ff8-f060-4d95-9215-d0f5eb4af037@group-0959F8DF43ED, cid=1262, SUCCESS, logIndex=1774, commits[efcb8ff8-f060-4d95-9215-d0f5eb4af037:c1774, 6fae8b02-e804-4c0e-b729-a97b7404b7f6:c1772, 4c3e8a66-6975-4917-8225-d3efe707aaff:c1772]
2019-09-04 11:46:06,778 | INFO  | DNAudit | user=null | ip=null | op=WRITE_CHUNK {blockData=conID: 3 locID: 102734074130137557 bcsId: 1768} | ret=SUCCESS |  
2019-09-04 11:46:06,778 | INFO  | DNAudit | user=null | ip=null | op=PUT_BLOCK {blockData=[blockId=conID: 3 locID: 102734074130137557 bcsId: 0,size=3145728]} | ret=SUCCESS |  
2019-09-04 11:46:06,779 | INFO  | DNAudit | user=null | ip=null | op=WRITE_CHUNK {blockData=conID: 3 locID: 102734074130137557 bcsId: 1768} | ret=SUCCESS |  
2019-09-04 11:46:06,779 | INFO  | DNAudit | user=null | ip=null | op=PUT_BLOCK {blockData=[blockId=conID: 3 locID: 102734074130137557 bcsId: 0,size=3145728]} | ret=SUCCESS |  
2019-09-04 11:46:06,783 | INFO  | DNAudit | user=null | ip=null | op=WRITE_CHUNK {blockData=conID: 3 locID: 102734074130137557 bcsId: 1774} | ret=SUCCESS |  
2019-09-04 11:46:06,786 | INFO  | DNAudit | user=null | ip=null | op=WRITE_CHUNK {blockData=conID: 3 locID: 102734074130137557 bcsId: 1774} | ret=SUCCESS |  
2019-09-04 11:46:06,786 | INFO  | DNAudit | user=null | ip=null | op=WRITE_CHUNK {blockData=conID: 3 locID: 102734074130137557 bcsId: 1774} | ret=SUCCESS |  
2019-09-04 11:46:06,793 | INFO  | DNAudit | user=null | ip=null | op=WRITE_CHUNK {blockData=conID: 3 locID: 102734074130137557 bcsId: 1774} | ret=SUCCESS |  
2019-09-04 11:46:06,794 | INFO  | DNAudit | user=null | ip=null | op=PUT_BLOCK {blockData=[blockId=conID: 3 locID: 102734074130137557 bcsId: 0,size=4194304]} | ret=SUCCESS |  
2019-09-04 11:46:06,794 [grpc-default-executor-0] INFO  client.GrpcClientProtocolClient (GrpcClientProtocolClient.java:onNext(255)) - client-D5CE890D7D9E->efcb8ff8-f060-4d95-9215-d0f5eb4af037: receive RaftClientReply:client-D5CE890D7D9E->efcb8ff8-f060-4d95-9215-d0f5eb4af037@group-0959F8DF43ED, cid=1263, SUCCESS, logIndex=1777, commits[efcb8ff8-f060-4d95-9215-d0f5eb4af037:c1778, 6fae8b02-e804-4c0e-b729-a97b7404b7f6:c1776, 4c3e8a66-6975-4917-8225-d3efe707aaff:c1776]
2019-09-04 11:46:06,794 [grpc-default-executor-0] INFO  client.GrpcClientProtocolClient (GrpcClientProtocolClient.java:onNext(255)) - client-D5CE890D7D9E->efcb8ff8-f060-4d95-9215-d0f5eb4af037: receive RaftClientReply:client-D5CE890D7D9E->efcb8ff8-f060-4d95-9215-d0f5eb4af037@group-0959F8DF43ED, cid=1264, SUCCESS, logIndex=1778, commits[efcb8ff8-f060-4d95-9215-d0f5eb4af037:c1778, 6fae8b02-e804-4c0e-b729-a97b7404b7f6:c1776, 4c3e8a66-6975-4917-8225-d3efe707aaff:c1776]
2019-09-04 11:46:06,813 | INFO  | DNAudit | user=null | ip=null | op=WRITE_CHUNK {blockData=conID: 3 locID: 102734074130137557 bcsId: 1774} | ret=SUCCESS |  
2019-09-04 11:46:06,813 | INFO  | DNAudit | user=null | ip=null | op=WRITE_CHUNK {blockData=conID: 3 locID: 102734074130137557 bcsId: 1774} | ret=SUCCESS |  
2019-09-04 11:46:06,814 | INFO  | DNAudit | user=null | ip=null | op=PUT_BLOCK {blockData=[blockId=conID: 3 locID: 102734074130137557 bcsId: 0,size=4194304]} | ret=SUCCESS |  
2019-09-04 11:46:06,814 | INFO  | DNAudit | user=null | ip=null | op=PUT_BLOCK {blockData=[blockId=conID: 3 locID: 102734074130137557 bcsId: 0,size=4194304]} | ret=SUCCESS |  
2019-09-04 11:46:06,814 [grpc-default-executor-6] INFO  client.GrpcClientProtocolClient (GrpcClientProtocolClient.java:onNext(255)) - client-D5CE890D7D9E->efcb8ff8-f060-4d95-9215-d0f5eb4af037: receive RaftClientReply:client-D5CE890D7D9E->efcb8ff8-f060-4d95-9215-d0f5eb4af037@group-0959F8DF43ED, cid=1265, SUCCESS, logIndex=0, commits[efcb8ff8-f060-4d95-9215-d0f5eb4af037:c1779, 6fae8b02-e804-4c0e-b729-a97b7404b7f6:c1778, 4c3e8a66-6975-4917-8225-d3efe707aaff:c1778]
2019-09-04 11:46:06,820 | INFO  | SCMAudit | user=jenkins1000 | ip=192.168.36.67 | op=ALLOCATE_BLOCK {owner=8ab292a2-aaa7-4ad8-863a-d33994811155, size=4194304, type=RATIS, factor=THREE} | ret=SUCCESS |  
2019-09-04 11:46:06,823 | INFO  | OMAudit | user=jenkins1000 | ip=127.0.0.1 | op=ALLOCATE_BLOCK {volume=vol-0-58699, bucket=bucket-0-57464, key=key-0-37266, dataSize=0, replicationType=null, replicationFactor=null, keyLocationInfo=null, clientID=102734073355960722} | ret=SUCCESS |  
2019-09-04 11:46:06,831 | INFO  | DNAudit | user=null | ip=null | op=WRITE_CHUNK {blockData=conID: 1 locID: 102734074139115990 bcsId: 0} | ret=SUCCESS |  
2019-09-04 11:46:06,834 | INFO  | DNAudit | user=null | ip=null | op=WRITE_CHUNK {blockData=conID: 1 locID: 102734074139115990 bcsId: 0} | ret=SUCCESS |  
2019-09-04 11:46:06,834 | INFO  | DNAudit | user=null | ip=null | op=WRITE_CHUNK {blockData=conID: 1 locID: 102734074139115990 bcsId: 0} | ret=SUCCESS |  
2019-09-04 11:46:06,835 | INFO  | DNAudit | user=null | ip=null | op=WRITE_CHUNK {blockData=conID: 1 locID: 102734074139115990 bcsId: 0} | ret=SUCCESS |  
2019-09-04 11:46:06,837 | INFO  | DNAudit | user=null | ip=null | op=WRITE_CHUNK {blockData=conID: 1 locID: 102734074139115990 bcsId: 0} | ret=SUCCESS |  
2019-09-04 11:46:06,837 | INFO  | DNAudit | user=null | ip=null | op=WRITE_CHUNK {blockData=conID: 1 locID: 102734074139115990 bcsId: 0} | ret=SUCCESS |  
2019-09-04 11:46:06,849 | INFO  | DNAudit | user=null | ip=null | op=WRITE_CHUNK {blockData=conID: 1 locID: 102734074139115990 bcsId: 0} | ret=SUCCESS |  
2019-09-04 11:46:06,849 | INFO  | DNAudit | user=null | ip=null | op=PUT_BLOCK {blockData=[blockId=conID: 1 locID: 102734074139115990 bcsId: 0,size=1048576]} | ret=SUCCESS |  
2019-09-04 11:46:06,850 [grpc-default-executor-6] INFO  client.GrpcClientProtocolClient (GrpcClientProtocolClient.java:onNext(255)) - client-D5CE890D7D9E->efcb8ff8-f060-4d95-9215-d0f5eb4af037: receive RaftClientReply:client-D5CE890D7D9E->efcb8ff8-f060-4d95-9215-d0f5eb4af037@group-0959F8DF43ED, cid=1266, SUCCESS, logIndex=1781, commits[efcb8ff8-f060-4d95-9215-d0f5eb4af037:c1782, 6fae8b02-e804-4c0e-b729-a97b7404b7f6:c1780, 4c3e8a66-6975-4917-8225-d3efe707aaff:c1780]
2019-09-04 11:46:06,850 [grpc-default-executor-6] INFO  client.GrpcClientProtocolClient (GrpcClientProtocolClient.java:onNext(255)) - client-D5CE890D7D9E->efcb8ff8-f060-4d95-9215-d0f5eb4af037: receive RaftClientReply:client-D5CE890D7D9E->efcb8ff8-f060-4d95-9215-d0f5eb4af037@group-0959F8DF43ED, cid=1267, SUCCESS, logIndex=1782, commits[efcb8ff8-f060-4d95-9215-d0f5eb4af037:c1782, 6fae8b02-e804-4c0e-b729-a97b7404b7f6:c1780, 4c3e8a66-6975-4917-8225-d3efe707aaff:c1780]
2019-09-04 11:46:06,872 | INFO  | DNAudit | user=null | ip=null | op=WRITE_CHUNK {blockData=conID: 1 locID: 102734074139115990 bcsId: 0} | ret=SUCCESS |  
2019-09-04 11:46:06,872 | INFO  | DNAudit | user=null | ip=null | op=PUT_BLOCK {blockData=[blockId=conID: 1 locID: 102734074139115990 bcsId: 0,size=2097152]} | ret=SUCCESS |  
2019-09-04 11:46:06,872 | INFO  | DNAudit | user=null | ip=null | op=WRITE_CHUNK {blockData=conID: 1 locID: 102734074139115990 bcsId: 0} | ret=SUCCESS |  
2019-09-04 11:46:06,873 | INFO  | DNAudit | user=null | ip=null | op=PUT_BLOCK {blockData=[blockId=conID: 1 locID: 102734074139115990 bcsId: 0,size=1048576]} | ret=SUCCESS |  
2019-09-04 11:46:06,873 [grpc-default-executor-0] INFO  client.GrpcClientProtocolClient (GrpcClientProtocolClient.java:onNext(255)) - client-D5CE890D7D9E->efcb8ff8-f060-4d95-9215-d0f5eb4af037: receive RaftClientReply:client-D5CE890D7D9E->efcb8ff8-f060-4d95-9215-d0f5eb4af037@group-0959F8DF43ED, cid=1268, SUCCESS, logIndex=1783, commits[efcb8ff8-f060-4d95-9215-d0f5eb4af037:c1784, 6fae8b02-e804-4c0e-b729-a97b7404b7f6:c1780, 4c3e8a66-6975-4917-8225-d3efe707aaff:c1780]
2019-09-04 11:46:06,873 [grpc-default-executor-0] INFO  client.GrpcClientProtocolClient (GrpcClientProtocolClient.java:onNext(255)) - client-D5CE890D7D9E->efcb8ff8-f060-4d95-9215-d0f5eb4af037: receive RaftClientReply:client-D5CE890D7D9E->efcb8ff8-f060-4d95-9215-d0f5eb4af037@group-0959F8DF43ED, cid=1269, SUCCESS, logIndex=1784, commits[efcb8ff8-f060-4d95-9215-d0f5eb4af037:c1785, 6fae8b02-e804-4c0e-b729-a97b7404b7f6:c1780, 4c3e8a66-6975-4917-8225-d3efe707aaff:c1781]
2019-09-04 11:46:06,873 | INFO  | DNAudit | user=null | ip=null | op=WRITE_CHUNK {blockData=conID: 1 locID: 102734074139115990 bcsId: 0} | ret=SUCCESS |  
2019-09-04 11:46:06,873 | INFO  | DNAudit | user=null | ip=null | op=PUT_BLOCK {blockData=[blockId=conID: 1 locID: 102734074139115990 bcsId: 0,size=1048576]} | ret=SUCCESS |  
2019-09-04 11:46:06,874 | INFO  | DNAudit | user=null | ip=null | op=WRITE_CHUNK {blockData=conID: 1 locID: 102734074139115990 bcsId: 0} | ret=SUCCESS |  
2019-09-04 11:46:06,874 | INFO  | DNAudit | user=null | ip=null | op=PUT_BLOCK {blockData=[blockId=conID: 1 locID: 102734074139115990 bcsId: 0,size=2097152]} | ret=SUCCESS |  
2019-09-04 11:46:06,874 [grpc-default-executor-0] INFO  client.GrpcClientProtocolClient (GrpcClientProtocolClient.java:onNext(255)) - client-D5CE890D7D9E->efcb8ff8-f060-4d95-9215-d0f5eb4af037: receive RaftClientReply:client-D5CE890D7D9E->efcb8ff8-f060-4d95-9215-d0f5eb4af037@group-0959F8DF43ED, cid=1270, SUCCESS, logIndex=0, commits[efcb8ff8-f060-4d95-9215-d0f5eb4af037:c1786, 6fae8b02-e804-4c0e-b729-a97b7404b7f6:c1782, 4c3e8a66-6975-4917-8225-d3efe707aaff:c1784]
2019-09-04 11:46:06,874 | INFO  | DNAudit | user=null | ip=null | op=WRITE_CHUNK {blockData=conID: 1 locID: 102734074139115990 bcsId: 0} | ret=SUCCESS |  
2019-09-04 11:46:06,874 | INFO  | DNAudit | user=null | ip=null | op=PUT_BLOCK {blockData=[blockId=conID: 1 locID: 102734074139115990 bcsId: 0,size=2097152]} | ret=SUCCESS |  
2019-09-04 11:46:06,881 | INFO  | DNAudit | user=null | ip=null | op=WRITE_CHUNK {blockData=conID: 1 locID: 102734074139115990 bcsId: 1784} | ret=SUCCESS |  
2019-09-04 11:46:06,883 | INFO  | DNAudit | user=null | ip=null | op=WRITE_CHUNK {blockData=conID: 1 locID: 102734074139115990 bcsId: 1784} | ret=SUCCESS |  
2019-09-04 11:46:06,883 | INFO  | DNAudit | user=null | ip=null | op=WRITE_CHUNK {blockData=conID: 1 locID: 102734074139115990 bcsId: 1784} | ret=SUCCESS |  
2019-09-04 11:46:06,887 | INFO  | DNAudit | user=null | ip=null | op=WRITE_CHUNK {blockData=conID: 1 locID: 102734074139115990 bcsId: 1784} | ret=SUCCESS |  
2019-09-04 11:46:06,887 | INFO  | DNAudit | user=null | ip=null | op=PUT_BLOCK {blockData=[blockId=conID: 1 locID: 102734074139115990 bcsId: 0,size=3145728]} | ret=SUCCESS |  
2019-09-04 11:46:06,888 [grpc-default-executor-4] INFO  client.GrpcClientProtocolClient (GrpcClientProtocolClient.java:onNext(255)) - client-D5CE890D7D9E->efcb8ff8-f060-4d95-9215-d0f5eb4af037: receive RaftClientReply:client-D5CE890D7D9E->efcb8ff8-f060-4d95-9215-d0f5eb4af037@group-0959F8DF43ED, cid=1271, SUCCESS, logIndex=1789, commits[efcb8ff8-f060-4d95-9215-d0f5eb4af037:c1790, 6fae8b02-e804-4c0e-b729-a97b7404b7f6:c1788, 4c3e8a66-6975-4917-8225-d3efe707aaff:c1788]
2019-09-04 11:46:06,888 [grpc-default-executor-4] INFO  client.GrpcClientProtocolClient (GrpcClientProtocolClient.java:onNext(255)) - client-D5CE890D7D9E->efcb8ff8-f060-4d95-9215-d0f5eb4af037: receive RaftClientReply:client-D5CE890D7D9E->efcb8ff8-f060-4d95-9215-d0f5eb4af037@group-0959F8DF43ED, cid=1272, SUCCESS, logIndex=1790, commits[efcb8ff8-f060-4d95-9215-d0f5eb4af037:c1790, 6fae8b02-e804-4c0e-b729-a97b7404b7f6:c1788, 4c3e8a66-6975-4917-8225-d3efe707aaff:c1788]
2019-09-04 11:46:06,895 | INFO  | DNAudit | user=null | ip=null | op=WRITE_CHUNK {blockData=conID: 1 locID: 102734074139115990 bcsId: 1790} | ret=SUCCESS |  
2019-09-04 11:46:06,897 | INFO  | DNAudit | user=null | ip=null | op=WRITE_CHUNK {blockData=conID: 1 locID: 102734074139115990 bcsId: 1790} | ret=SUCCESS |  
2019-09-04 11:46:06,897 | INFO  | DNAudit | user=null | ip=null | op=WRITE_CHUNK {blockData=conID: 1 locID: 102734074139115990 bcsId: 1790} | ret=SUCCESS |  
2019-09-04 11:46:06,901 | INFO  | DNAudit | user=null | ip=null | op=WRITE_CHUNK {blockData=conID: 1 locID: 102734074139115990 bcsId: 1784} | ret=SUCCESS |  
2019-09-04 11:46:06,901 | INFO  | DNAudit | user=null | ip=null | op=WRITE_CHUNK {blockData=conID: 1 locID: 102734074139115990 bcsId: 1784} | ret=SUCCESS |  
 0.00% |█                                                                                                    |  0/1 Time: 0:00:122019-09-04 11:46:06,901 | INFO  | DNAudit | user=null | ip=null | op=PUT_BLOCK {blockData=[blockId=conID: 1 locID: 102734074139115990 bcsId: 0,size=3145728]} | ret=SUCCESS |  
2019-09-04 11:46:06,901 | INFO  | DNAudit | user=null | ip=null | op=PUT_BLOCK {blockData=[blockId=conID: 1 locID: 102734074139115990 bcsId: 0,size=3145728]} | ret=SUCCESS |  
2019-09-04 11:46:06,902 | INFO  | DNAudit | user=null | ip=null | op=WRITE_CHUNK {blockData=conID: 1 locID: 102734074139115990 bcsId: 1790} | ret=SUCCESS |  
2019-09-04 11:46:06,903 | INFO  | DNAudit | user=null | ip=null | op=PUT_BLOCK {blockData=[blockId=conID: 1 locID: 102734074139115990 bcsId: 0,size=4194304]} | ret=SUCCESS |  
2019-09-04 11:46:06,903 [grpc-default-executor-0] INFO  client.GrpcClientProtocolClient (GrpcClientProtocolClient.java:onNext(255)) - client-D5CE890D7D9E->efcb8ff8-f060-4d95-9215-d0f5eb4af037: receive RaftClientReply:client-D5CE890D7D9E->efcb8ff8-f060-4d95-9215-d0f5eb4af037@group-0959F8DF43ED, cid=1273, SUCCESS, logIndex=1793, commits[efcb8ff8-f060-4d95-9215-d0f5eb4af037:c1794, 6fae8b02-e804-4c0e-b729-a97b7404b7f6:c1790, 4c3e8a66-6975-4917-8225-d3efe707aaff:c1790]
2019-09-04 11:46:06,903 [grpc-default-executor-0] INFO  client.GrpcClientProtocolClient (GrpcClientProtocolClient.java:onNext(255)) - client-D5CE890D7D9E->efcb8ff8-f060-4d95-9215-d0f5eb4af037: receive RaftClientReply:client-D5CE890D7D9E->efcb8ff8-f060-4d95-9215-d0f5eb4af037@group-0959F8DF43ED, cid=1274, SUCCESS, logIndex=1794, commits[efcb8ff8-f060-4d95-9215-d0f5eb4af037:c1794, 6fae8b02-e804-4c0e-b729-a97b7404b7f6:c1790, 4c3e8a66-6975-4917-8225-d3efe707aaff:c1790]
2019-09-04 11:46:06,935 | INFO  | DNAudit | user=null | ip=null | op=WRITE_CHUNK {blockData=conID: 1 locID: 102734074139115990 bcsId: 1790} | ret=SUCCESS |  
2019-09-04 11:46:06,935 | INFO  | DNAudit | user=null | ip=null | op=WRITE_CHUNK {blockData=conID: 1 locID: 102734074139115990 bcsId: 1790} | ret=SUCCESS |  
2019-09-04 11:46:06,936 | INFO  | DNAudit | user=null | ip=null | op=PUT_BLOCK {blockData=[blockId=conID: 1 locID: 102734074139115990 bcsId: 0,size=4194304]} | ret=SUCCESS |  
2019-09-04 11:46:06,936 | INFO  | DNAudit | user=null | ip=null | op=PUT_BLOCK {blockData=[blockId=conID: 1 locID: 102734074139115990 bcsId: 0,size=4194304]} | ret=SUCCESS |  
2019-09-04 11:46:06,937 [grpc-default-executor-4] INFO  client.GrpcClientProtocolClient (GrpcClientProtocolClient.java:onNext(255)) - client-D5CE890D7D9E->efcb8ff8-f060-4d95-9215-d0f5eb4af037: receive RaftClientReply:client-D5CE890D7D9E->efcb8ff8-f060-4d95-9215-d0f5eb4af037@group-0959F8DF43ED, cid=1275, SUCCESS, logIndex=0, commits[efcb8ff8-f060-4d95-9215-d0f5eb4af037:c1796, 6fae8b02-e804-4c0e-b729-a97b7404b7f6:c1794, 4c3e8a66-6975-4917-8225-d3efe707aaff:c1794]
2019-09-04 11:46:06,942 | INFO  | SCMAudit | user=jenkins1000 | ip=192.168.36.67 | op=ALLOCATE_BLOCK {owner=8ab292a2-aaa7-4ad8-863a-d33994811155, size=4194304, type=RATIS, factor=THREE} | ret=SUCCESS |  
2019-09-04 11:46:06,947 | INFO  | OMAudit | user=jenkins1000 | ip=127.0.0.1 | op=ALLOCATE_BLOCK {volume=vol-0-58699, bucket=bucket-0-57464, key=key-0-37266, dataSize=0, replicationType=null, replicationFactor=null, keyLocationInfo=null, clientID=102734073355960722} | ret=SUCCESS |  
2019-09-04 11:46:06,955 | INFO  | DNAudit | user=null | ip=null | op=WRITE_CHUNK {blockData=conID: 2 locID: 102734074147111383 bcsId: 0} | ret=SUCCESS |  
2019-09-04 11:46:06,957 | INFO  | DNAudit | user=null | ip=null | op=WRITE_CHUNK {blockData=conID: 2 locID: 102734074147111383 bcsId: 0} | ret=SUCCESS |  
2019-09-04 11:46:06,957 | INFO  | DNAudit | user=null | ip=null | op=WRITE_CHUNK {blockData=conID: 2 locID: 102734074147111383 bcsId: 0} | ret=SUCCESS |  
2019-09-04 11:46:06,957 | INFO  | DNAudit | user=null | ip=null | op=WRITE_CHUNK {blockData=conID: 2 locID: 102734074147111383 bcsId: 0} | ret=SUCCESS |  
2019-09-04 11:46:06,959 | INFO  | DNAudit | user=null | ip=null | op=WRITE_CHUNK {blockData=conID: 2 locID: 102734074147111383 bcsId: 0} | ret=SUCCESS |  
2019-09-04 11:46:06,960 | INFO  | DNAudit | user=null | ip=null | op=WRITE_CHUNK {blockData=conID: 2 locID: 102734074147111383 bcsId: 0} | ret=SUCCESS |  
2019-09-04 11:46:06,973 | INFO  | DNAudit | user=null | ip=null | op=WRITE_CHUNK {blockData=conID: 2 locID: 102734074147111383 bcsId: 0} | ret=SUCCESS |  
2019-09-04 11:46:06,973 | INFO  | DNAudit | user=null | ip=null | op=PUT_BLOCK {blockData=[blockId=conID: 2 locID: 102734074147111383 bcsId: 0,size=1048576]} | ret=SUCCESS |  
2019-09-04 11:46:06,973 [grpc-default-executor-6] INFO  client.GrpcClientProtocolClient (GrpcClientProtocolClient.java:onNext(255)) - client-D5CE890D7D9E->efcb8ff8-f060-4d95-9215-d0f5eb4af037: receive RaftClientReply:client-D5CE890D7D9E->efcb8ff8-f060-4d95-9215-d0f5eb4af037@group-0959F8DF43ED, cid=1276, SUCCESS, logIndex=1797, commits[efcb8ff8-f060-4d95-9215-d0f5eb4af037:c1798, 6fae8b02-e804-4c0e-b729-a97b7404b7f6:c1796, 4c3e8a66-6975-4917-8225-d3efe707aaff:c1796]
2019-09-04 11:46:06,974 | INFO  | DNAudit | user=null | ip=null | op=WRITE_CHUNK {blockData=conID: 2 locID: 102734074147111383 bcsId: 0} | ret=SUCCESS |  
2019-09-04 11:46:06,974 [grpc-default-executor-0] INFO  client.GrpcClientProtocolClient (GrpcClientProtocolClient.java:onNext(255)) - client-D5CE890D7D9E->efcb8ff8-f060-4d95-9215-d0f5eb4af037: receive RaftClientReply:client-D5CE890D7D9E->efcb8ff8-f060-4d95-9215-d0f5eb4af037@group-0959F8DF43ED, cid=1277, SUCCESS, logIndex=1798, commits[efcb8ff8-f060-4d95-9215-d0f5eb4af037:c1798, 6fae8b02-e804-4c0e-b729-a97b7404b7f6:c1796, 4c3e8a66-6975-4917-8225-d3efe707aaff:c1796]
2019-09-04 11:46:06,974 | INFO  | DNAudit | user=null | ip=null | op=PUT_BLOCK {blockData=[blockId=conID: 2 locID: 102734074147111383 bcsId: 0,size=2097152]} | ret=SUCCESS |  
2019-09-04 11:46:06,975 [grpc-default-executor-4] INFO  client.GrpcClientProtocolClient (GrpcClientProtocolClient.java:onNext(255)) - client-D5CE890D7D9E->efcb8ff8-f060-4d95-9215-d0f5eb4af037: receive RaftClientReply:client-D5CE890D7D9E->efcb8ff8-f060-4d95-9215-d0f5eb4af037@group-0959F8DF43ED, cid=1278, SUCCESS, logIndex=1799, commits[efcb8ff8-f060-4d95-9215-d0f5eb4af037:c1800, 6fae8b02-e804-4c0e-b729-a97b7404b7f6:c1796, 4c3e8a66-6975-4917-8225-d3efe707aaff:c1796]
2019-09-04 11:46:06,975 [grpc-default-executor-4] INFO  client.GrpcClientProtocolClient (GrpcClientProtocolClient.java:onNext(255)) - client-D5CE890D7D9E->efcb8ff8-f060-4d95-9215-d0f5eb4af037: receive RaftClientReply:client-D5CE890D7D9E->efcb8ff8-f060-4d95-9215-d0f5eb4af037@group-0959F8DF43ED, cid=1279, SUCCESS, logIndex=1800, commits[efcb8ff8-f060-4d95-9215-d0f5eb4af037:c1800, 6fae8b02-e804-4c0e-b729-a97b7404b7f6:c1796, 4c3e8a66-6975-4917-8225-d3efe707aaff:c1796]
2019-09-04 11:46:06,976 | INFO  | DNAudit | user=null | ip=null | op=WRITE_CHUNK {blockData=conID: 2 locID: 102734074147111383 bcsId: 0} | ret=SUCCESS |  
2019-09-04 11:46:06,976 | INFO  | DNAudit | user=null | ip=null | op=PUT_BLOCK {blockData=[blockId=conID: 2 locID: 102734074147111383 bcsId: 0,size=1048576]} | ret=SUCCESS |  
2019-09-04 11:46:06,976 | INFO  | DNAudit | user=null | ip=null | op=WRITE_CHUNK {blockData=conID: 2 locID: 102734074147111383 bcsId: 0} | ret=SUCCESS |  
2019-09-04 11:46:06,976 | INFO  | DNAudit | user=null | ip=null | op=PUT_BLOCK {blockData=[blockId=conID: 2 locID: 102734074147111383 bcsId: 0,size=1048576]} | ret=SUCCESS |  
2019-09-04 11:46:06,977 [grpc-default-executor-4] INFO  client.GrpcClientProtocolClient (GrpcClientProtocolClient.java:onNext(255)) - client-D5CE890D7D9E->efcb8ff8-f060-4d95-9215-d0f5eb4af037: receive RaftClientReply:client-D5CE890D7D9E->efcb8ff8-f060-4d95-9215-d0f5eb4af037@group-0959F8DF43ED, cid=1280, SUCCESS, logIndex=0, commits[efcb8ff8-f060-4d95-9215-d0f5eb4af037:c1802, 6fae8b02-e804-4c0e-b729-a97b7404b7f6:c1798, 4c3e8a66-6975-4917-8225-d3efe707aaff:c1798]
2019-09-04 11:46:06,977 | INFO  | DNAudit | user=null | ip=null | op=WRITE_CHUNK {blockData=conID: 2 locID: 102734074147111383 bcsId: 0} | ret=SUCCESS |  
2019-09-04 11:46:06,977 | INFO  | DNAudit | user=null | ip=null | op=PUT_BLOCK {blockData=[blockId=conID: 2 locID: 102734074147111383 bcsId: 0,size=2097152]} | ret=SUCCESS |  
2019-09-04 11:46:06,977 | INFO  | DNAudit | user=null | ip=null | op=WRITE_CHUNK {blockData=conID: 2 locID: 102734074147111383 bcsId: 0} | ret=SUCCESS |  
2019-09-04 11:46:06,978 | INFO  | DNAudit | user=null | ip=null | op=PUT_BLOCK {blockData=[blockId=conID: 2 locID: 102734074147111383 bcsId: 0,size=2097152]} | ret=SUCCESS |  
2019-09-04 11:46:06,984 | INFO  | DNAudit | user=null | ip=null | op=WRITE_CHUNK {blockData=conID: 2 locID: 102734074147111383 bcsId: 1800} | ret=SUCCESS |  
2019-09-04 11:46:06,986 | INFO  | DNAudit | user=null | ip=null | op=WRITE_CHUNK {blockData=conID: 2 locID: 102734074147111383 bcsId: 1800} | ret=SUCCESS |  
2019-09-04 11:46:06,987 | INFO  | DNAudit | user=null | ip=null | op=WRITE_CHUNK {blockData=conID: 2 locID: 102734074147111383 bcsId: 1800} | ret=SUCCESS |  
2019-09-04 11:46:07,009 | INFO  | DNAudit | user=null | ip=null | op=WRITE_CHUNK {blockData=conID: 2 locID: 102734074147111383 bcsId: 1800} | ret=SUCCESS |  
2019-09-04 11:46:07,009 | INFO  | DNAudit | user=null | ip=null | op=PUT_BLOCK {blockData=[blockId=conID: 2 locID: 102734074147111383 bcsId: 0,size=3145728]} | ret=SUCCESS |  
2019-09-04 11:46:07,009 [grpc-default-executor-4] INFO  client.GrpcClientProtocolClient (GrpcClientProtocolClient.java:onNext(255)) - client-D5CE890D7D9E->efcb8ff8-f060-4d95-9215-d0f5eb4af037: receive RaftClientReply:client-D5CE890D7D9E->efcb8ff8-f060-4d95-9215-d0f5eb4af037@group-0959F8DF43ED, cid=1281, SUCCESS, logIndex=1805, commits[efcb8ff8-f060-4d95-9215-d0f5eb4af037:c1806, 6fae8b02-e804-4c0e-b729-a97b7404b7f6:c1804, 4c3e8a66-6975-4917-8225-d3efe707aaff:c1804]
2019-09-04 11:46:07,010 [grpc-default-executor-4] INFO  client.GrpcClientProtocolClient (GrpcClientProtocolClient.java:onNext(255)) - client-D5CE890D7D9E->efcb8ff8-f060-4d95-9215-d0f5eb4af037: receive RaftClientReply:client-D5CE890D7D9E->efcb8ff8-f060-4d95-9215-d0f5eb4af037@group-0959F8DF43ED, cid=1282, SUCCESS, logIndex=1806, commits[efcb8ff8-f060-4d95-9215-d0f5eb4af037:c1806, 6fae8b02-e804-4c0e-b729-a97b7404b7f6:c1804, 4c3e8a66-6975-4917-8225-d3efe707aaff:c1804]
2019-09-04 11:46:07,016 | INFO  | DNAudit | user=null | ip=null | op=WRITE_CHUNK {blockData=conID: 2 locID: 102734074147111383 bcsId: 1806} | ret=SUCCESS |  
2019-09-04 11:46:07,018 | INFO  | DNAudit | user=null | ip=null | op=WRITE_CHUNK {blockData=conID: 2 locID: 102734074147111383 bcsId: 1806} | ret=SUCCESS |  
2019-09-04 11:46:07,019 | INFO  | DNAudit | user=null | ip=null | op=WRITE_CHUNK {blockData=conID: 2 locID: 102734074147111383 bcsId: 1806} | ret=SUCCESS |  
2019-09-04 11:46:07,042 | INFO  | DNAudit | user=null | ip=null | op=WRITE_CHUNK {blockData=conID: 2 locID: 102734074147111383 bcsId: 1800} | ret=SUCCESS |  
2019-09-04 11:46:07,043 | INFO  | DNAudit | user=null | ip=null | op=WRITE_CHUNK {blockData=conID: 2 locID: 102734074147111383 bcsId: 1800} | ret=SUCCESS |  
2019-09-04 11:46:07,043 | INFO  | DNAudit | user=null | ip=null | op=PUT_BLOCK {blockData=[blockId=conID: 2 locID: 102734074147111383 bcsId: 0,size=3145728]} | ret=SUCCESS |  
2019-09-04 11:46:07,043 | INFO  | DNAudit | user=null | ip=null | op=PUT_BLOCK {blockData=[blockId=conID: 2 locID: 102734074147111383 bcsId: 0,size=3145728]} | ret=SUCCESS |  
2019-09-04 11:46:07,044 | INFO  | DNAudit | user=null | ip=null | op=WRITE_CHUNK {blockData=conID: 2 locID: 102734074147111383 bcsId: 1806} | ret=SUCCESS |  
2019-09-04 11:46:07,044 | INFO  | DNAudit | user=null | ip=null | op=PUT_BLOCK {blockData=[blockId=conID: 2 locID: 102734074147111383 bcsId: 0,size=4194304]} | ret=SUCCESS |  
2019-09-04 11:46:07,044 [grpc-default-executor-6] INFO  client.GrpcClientProtocolClient (GrpcClientProtocolClient.java:onNext(255)) - client-D5CE890D7D9E->efcb8ff8-f060-4d95-9215-d0f5eb4af037: receive RaftClientReply:client-D5CE890D7D9E->efcb8ff8-f060-4d95-9215-d0f5eb4af037@group-0959F8DF43ED, cid=1283, SUCCESS, logIndex=1809, commits[efcb8ff8-f060-4d95-9215-d0f5eb4af037:c1810, 6fae8b02-e804-4c0e-b729-a97b7404b7f6:c1806, 4c3e8a66-6975-4917-8225-d3efe707aaff:c1806]
2019-09-04 11:46:07,045 [grpc-default-executor-6] INFO  client.GrpcClientProtocolClient (GrpcClientProtocolClient.java:onNext(255)) - client-D5CE890D7D9E->efcb8ff8-f060-4d95-9215-d0f5eb4af037: receive RaftClientReply:client-D5CE890D7D9E->efcb8ff8-f060-4d95-9215-d0f5eb4af037@group-0959F8DF43ED, cid=1284, SUCCESS, logIndex=1810, commits[efcb8ff8-f060-4d95-9215-d0f5eb4af037:c1810, 6fae8b02-e804-4c0e-b729-a97b7404b7f6:c1806, 4c3e8a66-6975-4917-8225-d3efe707aaff:c1806]
2019-09-04 11:46:07,065 | INFO  | DNAudit | user=null | ip=null | op=WRITE_CHUNK {blockData=conID: 2 locID: 102734074147111383 bcsId: 1806} | ret=SUCCESS |  
2019-09-04 11:46:07,066 | INFO  | DNAudit | user=null | ip=null | op=WRITE_CHUNK {blockData=conID: 2 locID: 102734074147111383 bcsId: 1806} | ret=SUCCESS |  
2019-09-04 11:46:07,067 | INFO  | DNAudit | user=null | ip=null | op=PUT_BLOCK {blockData=[blockId=conID: 2 locID: 102734074147111383 bcsId: 0,size=4194304]} | ret=SUCCESS |  
2019-09-04 11:46:07,067 | INFO  | DNAudit | user=null | ip=null | op=PUT_BLOCK {blockData=[blockId=conID: 2 locID: 102734074147111383 bcsId: 0,size=4194304]} | ret=SUCCESS |  
2019-09-04 11:46:07,068 [grpc-default-executor-6] INFO  client.GrpcClientProtocolClient (GrpcClientProtocolClient.java:onNext(255)) - client-D5CE890D7D9E->efcb8ff8-f060-4d95-9215-d0f5eb4af037: receive RaftClientReply:client-D5CE890D7D9E->efcb8ff8-f060-4d95-9215-d0f5eb4af037@group-0959F8DF43ED, cid=1285, SUCCESS, logIndex=0, commits[efcb8ff8-f060-4d95-9215-d0f5eb4af037:c1812, 6fae8b02-e804-4c0e-b729-a97b7404b7f6:c1810, 4c3e8a66-6975-4917-8225-d3efe707aaff:c1810]
2019-09-04 11:46:07,073 | INFO  | SCMAudit | user=jenkins1000 | ip=192.168.36.67 | op=ALLOCATE_BLOCK {owner=8ab292a2-aaa7-4ad8-863a-d33994811155, size=4194304, type=RATIS, factor=THREE} | ret=SUCCESS |  
2019-09-04 11:46:07,078 | INFO  | OMAudit | user=jenkins1000 | ip=127.0.0.1 | op=ALLOCATE_BLOCK {volume=vol-0-58699, bucket=bucket-0-57464, key=key-0-37266, dataSize=0, replicationType=null, replicationFactor=null, keyLocationInfo=null, clientID=102734073355960722} | ret=SUCCESS |  
2019-09-04 11:46:07,083 | INFO  | DNAudit | user=null | ip=null | op=WRITE_CHUNK {blockData=conID: 3 locID: 102734074155696600 bcsId: 0} | ret=SUCCESS |  
2019-09-04 11:46:07,086 | INFO  | DNAudit | user=null | ip=null | op=WRITE_CHUNK {blockData=conID: 3 locID: 102734074155696600 bcsId: 0} | ret=SUCCESS |  
2019-09-04 11:46:07,086 | INFO  | DNAudit | user=null | ip=null | op=WRITE_CHUNK {blockData=conID: 3 locID: 102734074155696600 bcsId: 0} | ret=SUCCESS |  
2019-09-04 11:46:07,086 | INFO  | DNAudit | user=null | ip=null | op=WRITE_CHUNK {blockData=conID: 3 locID: 102734074155696600 bcsId: 0} | ret=SUCCESS |  
2019-09-04 11:46:07,087 | INFO  | DNAudit | user=null | ip=null | op=WRITE_CHUNK {blockData=conID: 3 locID: 102734074155696600 bcsId: 0} | ret=SUCCESS |  
2019-09-04 11:46:07,087 | INFO  | DNAudit | user=null | ip=null | op=WRITE_CHUNK {blockData=conID: 3 locID: 102734074155696600 bcsId: 0} | ret=SUCCESS |  
2019-09-04 11:46:07,093 | INFO  | SCMAudit | user=jenkins1000 | ip=192.168.36.67 | op=SEND_HEARTBEAT {datanodeUUID=b68b188c-7f38-42ae-8403-46a39acd0731, command=[]} | ret=SUCCESS |  
2019-09-04 11:46:07,115 | INFO  | DNAudit | user=null | ip=null | op=WRITE_CHUNK {blockData=conID: 3 locID: 102734074155696600 bcsId: 0} | ret=SUCCESS |  
2019-09-04 11:46:07,116 | INFO  | DNAudit | user=null | ip=null | op=PUT_BLOCK {blockData=[blockId=conID: 3 locID: 102734074155696600 bcsId: 0,size=1048576]} | ret=SUCCESS |  
2019-09-04 11:46:07,116 | INFO  | DNAudit | user=null | ip=null | op=WRITE_CHUNK {blockData=conID: 3 locID: 102734074155696600 bcsId: 0} | ret=SUCCESS |  
2019-09-04 11:46:07,116 [grpc-default-executor-6] INFO  client.GrpcClientProtocolClient (GrpcClientProtocolClient.java:onNext(255)) - client-D5CE890D7D9E->efcb8ff8-f060-4d95-9215-d0f5eb4af037: receive RaftClientReply:client-D5CE890D7D9E->efcb8ff8-f060-4d95-9215-d0f5eb4af037@group-0959F8DF43ED, cid=1286, SUCCESS, logIndex=1813, commits[efcb8ff8-f060-4d95-9215-d0f5eb4af037:c1815, 6fae8b02-e804-4c0e-b729-a97b7404b7f6:c1812, 4c3e8a66-6975-4917-8225-d3efe707aaff:c1812]
2019-09-04 11:46:07,116 | INFO  | DNAudit | user=null | ip=null | op=PUT_BLOCK {blockData=[blockId=conID: 3 locID: 102734074155696600 bcsId: 0,size=2097152]} | ret=SUCCESS |  
2019-09-04 11:46:07,116 [grpc-default-executor-6] INFO  client.GrpcClientProtocolClient (GrpcClientProtocolClient.java:onNext(255)) - client-D5CE890D7D9E->efcb8ff8-f060-4d95-9215-d0f5eb4af037: receive RaftClientReply:client-D5CE890D7D9E->efcb8ff8-f060-4d95-9215-d0f5eb4af037@group-0959F8DF43ED, cid=1287, SUCCESS, logIndex=1814, commits[efcb8ff8-f060-4d95-9215-d0f5eb4af037:c1816, 6fae8b02-e804-4c0e-b729-a97b7404b7f6:c1812, 4c3e8a66-6975-4917-8225-d3efe707aaff:c1812]
2019-09-04 11:46:07,117 [grpc-default-executor-6] INFO  client.GrpcClientProtocolClient (GrpcClientProtocolClient.java:onNext(255)) - client-D5CE890D7D9E->efcb8ff8-f060-4d95-9215-d0f5eb4af037: receive RaftClientReply:client-D5CE890D7D9E->efcb8ff8-f060-4d95-9215-d0f5eb4af037@group-0959F8DF43ED, cid=1288, SUCCESS, logIndex=1815, commits[efcb8ff8-f060-4d95-9215-d0f5eb4af037:c1816, 6fae8b02-e804-4c0e-b729-a97b7404b7f6:c1812, 4c3e8a66-6975-4917-8225-d3efe707aaff:c1812]
2019-09-04 11:46:07,117 [grpc-default-executor-6] INFO  client.GrpcClientProtocolClient (GrpcClientProtocolClient.java:onNext(255)) - client-D5CE890D7D9E->efcb8ff8-f060-4d95-9215-d0f5eb4af037: receive RaftClientReply:client-D5CE890D7D9E->efcb8ff8-f060-4d95-9215-d0f5eb4af037@group-0959F8DF43ED, cid=1289, SUCCESS, logIndex=1816, commits[efcb8ff8-f060-4d95-9215-d0f5eb4af037:c1816, 6fae8b02-e804-4c0e-b729-a97b7404b7f6:c1812, 4c3e8a66-6975-4917-8225-d3efe707aaff:c1812]
2019-09-04 11:46:07,139 | INFO  | DNAudit | user=null | ip=null | op=WRITE_CHUNK {blockData=conID: 3 locID: 102734074155696600 bcsId: 0} | ret=SUCCESS |  
2019-09-04 11:46:07,139 | INFO  | DNAudit | user=null | ip=null | op=WRITE_CHUNK {blockData=conID: 3 locID: 102734074155696600 bcsId: 0} | ret=SUCCESS |  
2019-09-04 11:46:07,139 | INFO  | DNAudit | user=null | ip=null | op=PUT_BLOCK {blockData=[blockId=conID: 3 locID: 102734074155696600 bcsId: 0,size=1048576]} | ret=SUCCESS |  
2019-09-04 11:46:07,139 | INFO  | DNAudit | user=null | ip=null | op=PUT_BLOCK {blockData=[blockId=conID: 3 locID: 102734074155696600 bcsId: 0,size=1048576]} | ret=SUCCESS |  
2019-09-04 11:46:07,139 [grpc-default-executor-6] INFO  client.GrpcClientProtocolClient (GrpcClientProtocolClient.java:onNext(255)) - client-D5CE890D7D9E->efcb8ff8-f060-4d95-9215-d0f5eb4af037: receive RaftClientReply:client-D5CE890D7D9E->efcb8ff8-f060-4d95-9215-d0f5eb4af037@group-0959F8DF43ED, cid=1290, SUCCESS, logIndex=0, commits[efcb8ff8-f060-4d95-9215-d0f5eb4af037:c1816, 6fae8b02-e804-4c0e-b729-a97b7404b7f6:c1814, 4c3e8a66-6975-4917-8225-d3efe707aaff:c1814]
2019-09-04 11:46:07,140 | INFO  | DNAudit | user=null | ip=null | op=WRITE_CHUNK {blockData=conID: 3 locID: 102734074155696600 bcsId: 0} | ret=SUCCESS |  
2019-09-04 11:46:07,140 | INFO  | DNAudit | user=null | ip=null | op=WRITE_CHUNK {blockData=conID: 3 locID: 102734074155696600 bcsId: 0} | ret=SUCCESS |  
2019-09-04 11:46:07,140 | INFO  | DNAudit | user=null | ip=null | op=PUT_BLOCK {blockData=[blockId=conID: 3 locID: 102734074155696600 bcsId: 0,size=2097152]} | ret=SUCCESS |  
2019-09-04 11:46:07,141 | INFO  | DNAudit | user=null | ip=null | op=PUT_BLOCK {blockData=[blockId=conID: 3 locID: 102734074155696600 bcsId: 0,size=2097152]} | ret=SUCCESS |  
2019-09-04 11:46:07,148 | INFO  | DNAudit | user=null | ip=null | op=WRITE_CHUNK {blockData=conID: 3 locID: 102734074155696600 bcsId: 1816} | ret=SUCCESS |  
2019-09-04 11:46:07,150 | INFO  | DNAudit | user=null | ip=null | op=WRITE_CHUNK {blockData=conID: 3 locID: 102734074155696600 bcsId: 1816} | ret=SUCCESS |  
2019-09-04 11:46:07,150 | INFO  | DNAudit | user=null | ip=null | op=WRITE_CHUNK {blockData=conID: 3 locID: 102734074155696600 bcsId: 1816} | ret=SUCCESS |  
2019-09-04 11:46:07,175 | INFO  | DNAudit | user=null | ip=null | op=WRITE_CHUNK {blockData=conID: 3 locID: 102734074155696600 bcsId: 1816} | ret=SUCCESS |  
2019-09-04 11:46:07,176 | INFO  | DNAudit | user=null | ip=null | op=PUT_BLOCK {blockData=[blockId=conID: 3 locID: 102734074155696600 bcsId: 0,size=3145728]} | ret=SUCCESS |  
2019-09-04 11:46:07,176 [grpc-default-executor-6] INFO  client.GrpcClientProtocolClient (GrpcClientProtocolClient.java:onNext(255)) - client-D5CE890D7D9E->efcb8ff8-f060-4d95-9215-d0f5eb4af037: receive RaftClientReply:client-D5CE890D7D9E->efcb8ff8-f060-4d95-9215-d0f5eb4af037@group-0959F8DF43ED, cid=1291, SUCCESS, logIndex=1821, commits[efcb8ff8-f060-4d95-9215-d0f5eb4af037:c1822, 6fae8b02-e804-4c0e-b729-a97b7404b7f6:c1820, 4c3e8a66-6975-4917-8225-d3efe707aaff:c1820]
2019-09-04 11:46:07,177 [grpc-default-executor-6] INFO  client.GrpcClientProtocolClient (GrpcClientProtocolClient.java:onNext(255)) - client-D5CE890D7D9E->efcb8ff8-f060-4d95-9215-d0f5eb4af037: receive RaftClientReply:client-D5CE890D7D9E->efcb8ff8-f060-4d95-9215-d0f5eb4af037@group-0959F8DF43ED, cid=1292, SUCCESS, logIndex=1822, commits[efcb8ff8-f060-4d95-9215-d0f5eb4af037:c1822, 6fae8b02-e804-4c0e-b729-a97b7404b7f6:c1820, 4c3e8a66-6975-4917-8225-d3efe707aaff:c1820]
2019-09-04 11:46:07,185 | INFO  | DNAudit | user=null | ip=null | op=WRITE_CHUNK {blockData=conID: 3 locID: 102734074155696600 bcsId: 1822} | ret=SUCCESS |  
2019-09-04 11:46:07,186 | INFO  | DNAudit | user=null | ip=null | op=WRITE_CHUNK {blockData=conID: 3 locID: 102734074155696600 bcsId: 1822} | ret=SUCCESS |  
2019-09-04 11:46:07,187 | INFO  | DNAudit | user=null | ip=null | op=WRITE_CHUNK {blockData=conID: 3 locID: 102734074155696600 bcsId: 1822} | ret=SUCCESS |  
2019-09-04 11:46:07,216 | INFO  | DNAudit | user=null | ip=null | op=WRITE_CHUNK {blockData=conID: 3 locID: 102734074155696600 bcsId: 1816} | ret=SUCCESS |  
2019-09-04 11:46:07,216 | INFO  | DNAudit | user=null | ip=null | op=WRITE_CHUNK {blockData=conID: 3 locID: 102734074155696600 bcsId: 1816} | ret=SUCCESS |  
2019-09-04 11:46:07,216 | INFO  | DNAudit | user=null | ip=null | op=PUT_BLOCK {blockData=[blockId=conID: 3 locID: 102734074155696600 bcsId: 0,size=3145728]} | ret=SUCCESS |  
2019-09-04 11:46:07,219 | INFO  | DNAudit | user=null | ip=null | op=PUT_BLOCK {blockData=[blockId=conID: 3 locID: 102734074155696600 bcsId: 0,size=3145728]} | ret=SUCCESS |  
2019-09-04 11:46:07,227 | INFO  | DNAudit | user=null | ip=null | op=WRITE_CHUNK {blockData=conID: 3 locID: 102734074155696600 bcsId: 1822} | ret=SUCCESS |  
2019-09-04 11:46:07,227 | INFO  | DNAudit | user=null | ip=null | op=PUT_BLOCK {blockData=[blockId=conID: 3 locID: 102734074155696600 bcsId: 0,size=4194304]} | ret=SUCCESS |  
2019-09-04 11:46:07,228 [grpc-default-executor-0] INFO  client.GrpcClientProtocolClient (GrpcClientProtocolClient.java:onNext(255)) - client-D5CE890D7D9E->efcb8ff8-f060-4d95-9215-d0f5eb4af037: receive RaftClientReply:client-D5CE890D7D9E->efcb8ff8-f060-4d95-9215-d0f5eb4af037@group-0959F8DF43ED, cid=1293, SUCCESS, logIndex=1825, commits[efcb8ff8-f060-4d95-9215-d0f5eb4af037:c1826, 6fae8b02-e804-4c0e-b729-a97b7404b7f6:c1822, 4c3e8a66-6975-4917-8225-d3efe707aaff:c1822]
2019-09-04 11:46:07,229 [grpc-default-executor-0] INFO  client.GrpcClientProtocolClient (GrpcClientProtocolClient.java:onNext(255)) - client-D5CE890D7D9E->efcb8ff8-f060-4d95-9215-d0f5eb4af037: receive RaftClientReply:client-D5CE890D7D9E->efcb8ff8-f060-4d95-9215-d0f5eb4af037@group-0959F8DF43ED, cid=1294, SUCCESS, logIndex=1826, commits[efcb8ff8-f060-4d95-9215-d0f5eb4af037:c1826, 6fae8b02-e804-4c0e-b729-a97b7404b7f6:c1822, 4c3e8a66-6975-4917-8225-d3efe707aaff:c1822]
2019-09-04 11:46:07,244 | INFO  | DNAudit | user=null | ip=null | op=WRITE_CHUNK {blockData=conID: 3 locID: 102734074155696600 bcsId: 1822} | ret=SUCCESS |  
2019-09-04 11:46:07,244 | INFO  | DNAudit | user=null | ip=null | op=WRITE_CHUNK {blockData=conID: 3 locID: 102734074155696600 bcsId: 1822} | ret=SUCCESS |  
2019-09-04 11:46:07,244 | INFO  | DNAudit | user=null | ip=null | op=PUT_BLOCK {blockData=[blockId=conID: 3 locID: 102734074155696600 bcsId: 0,size=4194304]} | ret=SUCCESS |  
2019-09-04 11:46:07,244 | INFO  | DNAudit | user=null | ip=null | op=PUT_BLOCK {blockData=[blockId=conID: 3 locID: 102734074155696600 bcsId: 0,size=4194304]} | ret=SUCCESS |  
2019-09-04 11:46:07,245 [grpc-default-executor-0] INFO  client.GrpcClientProtocolClient (GrpcClientProtocolClient.java:onNext(255)) - client-D5CE890D7D9E->efcb8ff8-f060-4d95-9215-d0f5eb4af037: receive RaftClientReply:client-D5CE890D7D9E->efcb8ff8-f060-4d95-9215-d0f5eb4af037@group-0959F8DF43ED, cid=1295, SUCCESS, logIndex=0, commits[efcb8ff8-f060-4d95-9215-d0f5eb4af037:c1827, 6fae8b02-e804-4c0e-b729-a97b7404b7f6:c1826, 4c3e8a66-6975-4917-8225-d3efe707aaff:c1826]
2019-09-04 11:46:07,249 | INFO  | SCMAudit | user=jenkins1000 | ip=192.168.36.67 | op=ALLOCATE_BLOCK {owner=8ab292a2-aaa7-4ad8-863a-d33994811155, size=4194304, type=RATIS, factor=THREE} | ret=SUCCESS |  
2019-09-04 11:46:07,251 | INFO  | OMAudit | user=jenkins1000 | ip=127.0.0.1 | op=ALLOCATE_BLOCK {volume=vol-0-58699, bucket=bucket-0-57464, key=key-0-37266, dataSize=0, replicationType=null, replicationFactor=null, keyLocationInfo=null, clientID=102734073355960722} | ret=SUCCESS |  
2019-09-04 11:46:07,260 | INFO  | DNAudit | user=null | ip=null | op=WRITE_CHUNK {blockData=conID: 1 locID: 102734074167230937 bcsId: 0} | ret=SUCCESS |  
2019-09-04 11:46:07,264 | INFO  | DNAudit | user=null | ip=null | op=WRITE_CHUNK {blockData=conID: 1 locID: 102734074167230937 bcsId: 0} | ret=SUCCESS |  
2019-09-04 11:46:07,264 | INFO  | DNAudit | user=null | ip=null | op=WRITE_CHUNK {blockData=conID: 1 locID: 102734074167230937 bcsId: 0} | ret=SUCCESS |  
2019-09-04 11:46:07,265 | INFO  | DNAudit | user=null | ip=null | op=WRITE_CHUNK {blockData=conID: 1 locID: 102734074167230937 bcsId: 0} | ret=SUCCESS |  
2019-09-04 11:46:07,266 | INFO  | DNAudit | user=null | ip=null | op=WRITE_CHUNK {blockData=conID: 1 locID: 102734074167230937 bcsId: 0} | ret=SUCCESS |  
2019-09-04 11:46:07,267 | INFO  | DNAudit | user=null | ip=null | op=WRITE_CHUNK {blockData=conID: 1 locID: 102734074167230937 bcsId: 0} | ret=SUCCESS |  
2019-09-04 11:46:07,279 | INFO  | DNAudit | user=null | ip=null | op=WRITE_CHUNK {blockData=conID: 1 locID: 102734074167230937 bcsId: 0} | ret=SUCCESS |  
2019-09-04 11:46:07,279 | INFO  | DNAudit | user=null | ip=null | op=PUT_BLOCK {blockData=[blockId=conID: 1 locID: 102734074167230937 bcsId: 0,size=1048576]} | ret=SUCCESS |  
2019-09-04 11:46:07,279 | INFO  | DNAudit | user=null | ip=null | op=WRITE_CHUNK {blockData=conID: 1 locID: 102734074167230937 bcsId: 0} | ret=SUCCESS |  
2019-09-04 11:46:07,279 [grpc-default-executor-4] INFO  client.GrpcClientProtocolClient (GrpcClientProtocolClient.java:onNext(255)) - client-D5CE890D7D9E->efcb8ff8-f060-4d95-9215-d0f5eb4af037: receive RaftClientReply:client-D5CE890D7D9E->efcb8ff8-f060-4d95-9215-d0f5eb4af037@group-0959F8DF43ED, cid=1296, SUCCESS, logIndex=1829, commits[efcb8ff8-f060-4d95-9215-d0f5eb4af037:c1832, 6fae8b02-e804-4c0e-b729-a97b7404b7f6:c1828, 4c3e8a66-6975-4917-8225-d3efe707aaff:c1828]
2019-09-04 11:46:07,280 | INFO  | DNAudit | user=null | ip=null | op=PUT_BLOCK {blockData=[blockId=conID: 1 locID: 102734074167230937 bcsId: 0,size=2097152]} | ret=SUCCESS |  
2019-09-04 11:46:07,280 | INFO  | DNAudit | user=null | ip=null | op=WRITE_CHUNK {blockData=conID: 1 locID: 102734074167230937 bcsId: 0} | ret=SUCCESS |  
2019-09-04 11:46:07,280 [grpc-default-executor-4] INFO  client.GrpcClientProtocolClient (GrpcClientProtocolClient.java:onNext(255)) - client-D5CE890D7D9E->efcb8ff8-f060-4d95-9215-d0f5eb4af037: receive RaftClientReply:client-D5CE890D7D9E->efcb8ff8-f060-4d95-9215-d0f5eb4af037@group-0959F8DF43ED, cid=1297, SUCCESS, logIndex=1830, commits[efcb8ff8-f060-4d95-9215-d0f5eb4af037:c1832, 6fae8b02-e804-4c0e-b729-a97b7404b7f6:c1828, 4c3e8a66-6975-4917-8225-d3efe707aaff:c1828]
2019-09-04 11:46:07,280 | INFO  | DNAudit | user=null | ip=null | op=PUT_BLOCK {blockData=[blockId=conID: 1 locID: 102734074167230937 bcsId: 0,size=1048576]} | ret=SUCCESS |  
2019-09-04 11:46:07,280 [grpc-default-executor-4] INFO  client.GrpcClientProtocolClient (GrpcClientProtocolClient.java:onNext(255)) - client-D5CE890D7D9E->efcb8ff8-f060-4d95-9215-d0f5eb4af037: receive RaftClientReply:client-D5CE890D7D9E->efcb8ff8-f060-4d95-9215-d0f5eb4af037@group-0959F8DF43ED, cid=1298, SUCCESS, logIndex=1831, commits[efcb8ff8-f060-4d95-9215-d0f5eb4af037:c1832, 6fae8b02-e804-4c0e-b729-a97b7404b7f6:c1828, 4c3e8a66-6975-4917-8225-d3efe707aaff:c1828]
2019-09-04 11:46:07,281 | INFO  | DNAudit | user=null | ip=null | op=WRITE_CHUNK {blockData=conID: 1 locID: 102734074167230937 bcsId: 0} | ret=SUCCESS |  
2019-09-04 11:46:07,281 [grpc-default-executor-6] INFO  client.GrpcClientProtocolClient (GrpcClientProtocolClient.java:onNext(255)) - client-D5CE890D7D9E->efcb8ff8-f060-4d95-9215-d0f5eb4af037: receive RaftClientReply:client-D5CE890D7D9E->efcb8ff8-f060-4d95-9215-d0f5eb4af037@group-0959F8DF43ED, cid=1299, SUCCESS, logIndex=1832, commits[efcb8ff8-f060-4d95-9215-d0f5eb4af037:c1832, 6fae8b02-e804-4c0e-b729-a97b7404b7f6:c1828, 4c3e8a66-6975-4917-8225-d3efe707aaff:c1830]
2019-09-04 11:46:07,281 | INFO  | DNAudit | user=null | ip=null | op=PUT_BLOCK {blockData=[blockId=conID: 1 locID: 102734074167230937 bcsId: 0,size=1048576]} | ret=SUCCESS |  
2019-09-04 11:46:07,281 | INFO  | DNAudit | user=null | ip=null | op=WRITE_CHUNK {blockData=conID: 1 locID: 102734074167230937 bcsId: 0} | ret=SUCCESS |  
2019-09-04 11:46:07,281 | INFO  | DNAudit | user=null | ip=null | op=WRITE_CHUNK {blockData=conID: 1 locID: 102734074167230937 bcsId: 0} | ret=SUCCESS |  
2019-09-04 11:46:07,281 | INFO  | DNAudit | user=null | ip=null | op=PUT_BLOCK {blockData=[blockId=conID: 1 locID: 102734074167230937 bcsId: 0,size=2097152]} | ret=SUCCESS |  
2019-09-04 11:46:07,281 | INFO  | DNAudit | user=null | ip=null | op=PUT_BLOCK {blockData=[blockId=conID: 1 locID: 102734074167230937 bcsId: 0,size=2097152]} | ret=SUCCESS |  
2019-09-04 11:46:07,282 [grpc-default-executor-6] INFO  client.GrpcClientProtocolClient (GrpcClientProtocolClient.java:onNext(255)) - client-D5CE890D7D9E->efcb8ff8-f060-4d95-9215-d0f5eb4af037: receive RaftClientReply:client-D5CE890D7D9E->efcb8ff8-f060-4d95-9215-d0f5eb4af037@group-0959F8DF43ED, cid=1300, SUCCESS, logIndex=0, commits[efcb8ff8-f060-4d95-9215-d0f5eb4af037:c1836, 6fae8b02-e804-4c0e-b729-a97b7404b7f6:c1832, 4c3e8a66-6975-4917-8225-d3efe707aaff:c1831]
2019-09-04 11:46:07,288 | INFO  | DNAudit | user=null | ip=null | op=WRITE_CHUNK {blockData=conID: 1 locID: 102734074167230937 bcsId: 1832} | ret=SUCCESS |  
2019-09-04 11:46:07,290 | INFO  | DNAudit | user=null | ip=null | op=WRITE_CHUNK {blockData=conID: 1 locID: 102734074167230937 bcsId: 1832} | ret=SUCCESS |  
2019-09-04 11:46:07,290 | INFO  | DNAudit | user=null | ip=null | op=WRITE_CHUNK {blockData=conID: 1 locID: 102734074167230937 bcsId: 1832} | ret=SUCCESS |  
2019-09-04 11:46:07,304 | INFO  | DNAudit | user=null | ip=null | op=WRITE_CHUNK {blockData=conID: 1 locID: 102734074167230937 bcsId: 1832} | ret=SUCCESS |  
2019-09-04 11:46:07,304 | INFO  | DNAudit | user=null | ip=null | op=PUT_BLOCK {blockData=[blockId=conID: 1 locID: 102734074167230937 bcsId: 0,size=3145728]} | ret=SUCCESS |  
2019-09-04 11:46:07,304 [grpc-default-executor-4] INFO  client.GrpcClientProtocolClient (GrpcClientProtocolClient.java:onNext(255)) - client-D5CE890D7D9E->efcb8ff8-f060-4d95-9215-d0f5eb4af037: receive RaftClientReply:client-D5CE890D7D9E->efcb8ff8-f060-4d95-9215-d0f5eb4af037@group-0959F8DF43ED, cid=1301, SUCCESS, logIndex=1837, commits[efcb8ff8-f060-4d95-9215-d0f5eb4af037:c1838, 6fae8b02-e804-4c0e-b729-a97b7404b7f6:c1836, 4c3e8a66-6975-4917-8225-d3efe707aaff:c1836]
2019-09-04 11:46:07,305 [grpc-default-executor-4] INFO  client.GrpcClientProtocolClient (GrpcClientProtocolClient.java:onNext(255)) - client-D5CE890D7D9E->efcb8ff8-f060-4d95-9215-d0f5eb4af037: receive RaftClientReply:client-D5CE890D7D9E->efcb8ff8-f060-4d95-9215-d0f5eb4af037@group-0959F8DF43ED, cid=1302, SUCCESS, logIndex=1838, commits[efcb8ff8-f060-4d95-9215-d0f5eb4af037:c1838, 6fae8b02-e804-4c0e-b729-a97b7404b7f6:c1836, 4c3e8a66-6975-4917-8225-d3efe707aaff:c1836]
2019-09-04 11:46:07,311 | INFO  | DNAudit | user=null | ip=null | op=WRITE_CHUNK {blockData=conID: 1 locID: 102734074167230937 bcsId: 1838} | ret=SUCCESS |  
2019-09-04 11:46:07,312 | INFO  | DNAudit | user=null | ip=null | op=WRITE_CHUNK {blockData=conID: 1 locID: 102734074167230937 bcsId: 1838} | ret=SUCCESS |  
2019-09-04 11:46:07,313 | INFO  | DNAudit | user=null | ip=null | op=WRITE_CHUNK {blockData=conID: 1 locID: 102734074167230937 bcsId: 1838} | ret=SUCCESS |  
2019-09-04 11:46:07,360 | INFO  | DNAudit | user=null | ip=null | op=WRITE_CHUNK {blockData=conID: 1 locID: 102734074167230937 bcsId: 1832} | ret=SUCCESS |  
2019-09-04 11:46:07,360 | INFO  | DNAudit | user=null | ip=null | op=WRITE_CHUNK {blockData=conID: 1 locID: 102734074167230937 bcsId: 1832} | ret=SUCCESS |  
2019-09-04 11:46:07,361 | INFO  | DNAudit | user=null | ip=null | op=PUT_BLOCK {blockData=[blockId=conID: 1 locID: 102734074167230937 bcsId: 0,size=3145728]} | ret=SUCCESS |  
2019-09-04 11:46:07,362 | INFO  | DNAudit | user=null | ip=null | op=WRITE_CHUNK {blockData=conID: 1 locID: 102734074167230937 bcsId: 1838} | ret=SUCCESS |  
2019-09-04 11:46:07,362 | INFO  | DNAudit | user=null | ip=null | op=PUT_BLOCK {blockData=[blockId=conID: 1 locID: 102734074167230937 bcsId: 0,size=3145728]} | ret=SUCCESS |  
2019-09-04 11:46:07,362 | INFO  | DNAudit | user=null | ip=null | op=PUT_BLOCK {blockData=[blockId=conID: 1 locID: 102734074167230937 bcsId: 0,size=4194304]} | ret=SUCCESS |  
2019-09-04 11:46:07,362 [grpc-default-executor-1] INFO  client.GrpcClientProtocolClient (GrpcClientProtocolClient.java:onNext(255)) - client-D5CE890D7D9E->efcb8ff8-f060-4d95-9215-d0f5eb4af037: receive RaftClientReply:client-D5CE890D7D9E->efcb8ff8-f060-4d95-9215-d0f5eb4af037@group-0959F8DF43ED, cid=1303, SUCCESS, logIndex=1841, commits[efcb8ff8-f060-4d95-9215-d0f5eb4af037:c1842, 6fae8b02-e804-4c0e-b729-a97b7404b7f6:c1838, 4c3e8a66-6975-4917-8225-d3efe707aaff:c1838]
2019-09-04 11:46:07,363 [grpc-default-executor-1] INFO  client.GrpcClientProtocolClient (GrpcClientProtocolClient.java:onNext(255)) - client-D5CE890D7D9E->efcb8ff8-f060-4d95-9215-d0f5eb4af037: receive RaftClientReply:client-D5CE890D7D9E->efcb8ff8-f060-4d95-9215-d0f5eb4af037@group-0959F8DF43ED, cid=1304, SUCCESS, logIndex=1842, commits[efcb8ff8-f060-4d95-9215-d0f5eb4af037:c1842, 6fae8b02-e804-4c0e-b729-a97b7404b7f6:c1838, 4c3e8a66-6975-4917-8225-d3efe707aaff:c1838]
2019-09-04 11:46:07,381 | INFO  | DNAudit | user=null | ip=null | op=WRITE_CHUNK {blockData=conID: 1 locID: 102734074167230937 bcsId: 1838} | ret=SUCCESS |  
2019-09-04 11:46:07,381 | INFO  | DNAudit | user=null | ip=null | op=WRITE_CHUNK {blockData=conID: 1 locID: 102734074167230937 bcsId: 1838} | ret=SUCCESS |  
2019-09-04 11:46:07,381 | INFO  | DNAudit | user=null | ip=null | op=PUT_BLOCK {blockData=[blockId=conID: 1 locID: 102734074167230937 bcsId: 0,size=4194304]} | ret=SUCCESS |  
2019-09-04 11:46:07,382 | INFO  | DNAudit | user=null | ip=null | op=PUT_BLOCK {blockData=[blockId=conID: 1 locID: 102734074167230937 bcsId: 0,size=4194304]} | ret=SUCCESS |  
2019-09-04 11:46:07,382 [grpc-default-executor-6] INFO  client.GrpcClientProtocolClient (GrpcClientProtocolClient.java:onNext(255)) - client-D5CE890D7D9E->efcb8ff8-f060-4d95-9215-d0f5eb4af037: receive RaftClientReply:client-D5CE890D7D9E->efcb8ff8-f060-4d95-9215-d0f5eb4af037@group-0959F8DF43ED, cid=1305, SUCCESS, logIndex=0, commits[efcb8ff8-f060-4d95-9215-d0f5eb4af037:c1842, 6fae8b02-e804-4c0e-b729-a97b7404b7f6:c1842, 4c3e8a66-6975-4917-8225-d3efe707aaff:c1842]
2019-09-04 11:46:07,386 | INFO  | SCMAudit | user=jenkins1000 | ip=192.168.36.67 | op=ALLOCATE_BLOCK {owner=8ab292a2-aaa7-4ad8-863a-d33994811155, size=4194304, type=RATIS, factor=THREE} | ret=SUCCESS |  
2019-09-04 11:46:07,389 | INFO  | OMAudit | user=jenkins1000 | ip=127.0.0.1 | op=ALLOCATE_BLOCK {volume=vol-0-58699, bucket=bucket-0-57464, key=key-0-37266, dataSize=0, replicationType=null, replicationFactor=null, keyLocationInfo=null, clientID=102734073355960722} | ret=SUCCESS |  
2019-09-04 11:46:07,396 | INFO  | DNAudit | user=null | ip=null | op=WRITE_CHUNK {blockData=conID: 2 locID: 102734074176209370 bcsId: 0} | ret=SUCCESS |  
2019-09-04 11:46:07,398 | INFO  | DNAudit | user=null | ip=null | op=WRITE_CHUNK {blockData=conID: 2 locID: 102734074176209370 bcsId: 0} | ret=SUCCESS |  
2019-09-04 11:46:07,399 | INFO  | DNAudit | user=null | ip=null | op=WRITE_CHUNK {blockData=conID: 2 locID: 102734074176209370 bcsId: 0} | ret=SUCCESS |  
2019-09-04 11:46:07,399 | INFO  | DNAudit | user=null | ip=null | op=WRITE_CHUNK {blockData=conID: 2 locID: 102734074176209370 bcsId: 0} | ret=SUCCESS |  
2019-09-04 11:46:07,400 | INFO  | DNAudit | user=null | ip=null | op=WRITE_CHUNK {blockData=conID: 2 locID: 102734074176209370 bcsId: 0} | ret=SUCCESS |  
2019-09-04 11:46:07,400 | INFO  | DNAudit | user=null | ip=null | op=WRITE_CHUNK {blockData=conID: 2 locID: 102734074176209370 bcsId: 0} | ret=SUCCESS |  
2019-09-04 11:46:07,412 | INFO  | DNAudit | user=null | ip=null | op=WRITE_CHUNK {blockData=conID: 2 locID: 102734074176209370 bcsId: 0} | ret=SUCCESS |  
2019-09-04 11:46:07,413 | INFO  | DNAudit | user=null | ip=null | op=PUT_BLOCK {blockData=[blockId=conID: 2 locID: 102734074176209370 bcsId: 0,size=1048576]} | ret=SUCCESS |  
2019-09-04 11:46:07,413 [grpc-default-executor-1] INFO  client.GrpcClientProtocolClient (GrpcClientProtocolClient.java:onNext(255)) - client-D5CE890D7D9E->efcb8ff8-f060-4d95-9215-d0f5eb4af037: receive RaftClientReply:client-D5CE890D7D9E->efcb8ff8-f060-4d95-9215-d0f5eb4af037@group-0959F8DF43ED, cid=1306, SUCCESS, logIndex=1845, commits[efcb8ff8-f060-4d95-9215-d0f5eb4af037:c1846, 6fae8b02-e804-4c0e-b729-a97b7404b7f6:c1844, 4c3e8a66-6975-4917-8225-d3efe707aaff:c1844]
2019-09-04 11:46:07,413 [grpc-default-executor-1] INFO  client.GrpcClientProtocolClient (GrpcClientProtocolClient.java:onNext(255)) - client-D5CE890D7D9E->efcb8ff8-f060-4d95-9215-d0f5eb4af037: receive RaftClientReply:client-D5CE890D7D9E->efcb8ff8-f060-4d95-9215-d0f5eb4af037@group-0959F8DF43ED, cid=1307, SUCCESS, logIndex=1846, commits[efcb8ff8-f060-4d95-9215-d0f5eb4af037:c1846, 6fae8b02-e804-4c0e-b729-a97b7404b7f6:c1844, 4c3e8a66-6975-4917-8225-d3efe707aaff:c1844]
2019-09-04 11:46:07,435 | INFO  | DNAudit | user=null | ip=null | op=WRITE_CHUNK {blockData=conID: 2 locID: 102734074176209370 bcsId: 0} | ret=SUCCESS |  
2019-09-04 11:46:07,436 | INFO  | DNAudit | user=null | ip=null | op=WRITE_CHUNK {blockData=conID: 2 locID: 102734074176209370 bcsId: 0} | ret=SUCCESS |  
2019-09-04 11:46:07,436 | INFO  | DNAudit | user=null | ip=null | op=WRITE_CHUNK {blockData=conID: 2 locID: 102734074176209370 bcsId: 0} | ret=SUCCESS |  
2019-09-04 11:46:07,436 | INFO  | DNAudit | user=null | ip=null | op=PUT_BLOCK {blockData=[blockId=conID: 2 locID: 102734074176209370 bcsId: 0,size=2097152]} | ret=SUCCESS |  
2019-09-04 11:46:07,437 | INFO  | DNAudit | user=null | ip=null | op=PUT_BLOCK {blockData=[blockId=conID: 2 locID: 102734074176209370 bcsId: 0,size=1048576]} | ret=SUCCESS |  
2019-09-04 11:46:07,437 [grpc-default-executor-1] INFO  client.GrpcClientProtocolClient (GrpcClientProtocolClient.java:onNext(255)) - client-D5CE890D7D9E->efcb8ff8-f060-4d95-9215-d0f5eb4af037: receive RaftClientReply:client-D5CE890D7D9E->efcb8ff8-f060-4d95-9215-d0f5eb4af037@group-0959F8DF43ED, cid=1308, SUCCESS, logIndex=1847, commits[efcb8ff8-f060-4d95-9215-d0f5eb4af037:c1848, 6fae8b02-e804-4c0e-b729-a97b7404b7f6:c1844, 4c3e8a66-6975-4917-8225-d3efe707aaff:c1844]
2019-09-04 11:46:07,437 | INFO  | DNAudit | user=null | ip=null | op=PUT_BLOCK {blockData=[blockId=conID: 2 locID: 102734074176209370 bcsId: 0,size=1048576]} | ret=SUCCESS |  
2019-09-04 11:46:07,438 [grpc-default-executor-1] INFO  client.GrpcClientProtocolClient (GrpcClientProtocolClient.java:onNext(255)) - client-D5CE890D7D9E->efcb8ff8-f060-4d95-9215-d0f5eb4af037: receive RaftClientReply:client-D5CE890D7D9E->efcb8ff8-f060-4d95-9215-d0f5eb4af037@group-0959F8DF43ED, cid=1309, SUCCESS, logIndex=1848, commits[efcb8ff8-f060-4d95-9215-d0f5eb4af037:c1849, 6fae8b02-e804-4c0e-b729-a97b7404b7f6:c1845, 4c3e8a66-6975-4917-8225-d3efe707aaff:c1844]
2019-09-04 11:46:07,439 [grpc-default-executor-0] INFO  client.GrpcClientProtocolClient (GrpcClientProtocolClient.java:onNext(255)) - client-D5CE890D7D9E->efcb8ff8-f060-4d95-9215-d0f5eb4af037: receive RaftClientReply:client-D5CE890D7D9E->efcb8ff8-f060-4d95-9215-d0f5eb4af037@group-0959F8DF43ED, cid=1310, SUCCESS, logIndex=0, commits[efcb8ff8-f060-4d95-9215-d0f5eb4af037:c1852, 6fae8b02-e804-4c0e-b729-a97b7404b7f6:c1846, 4c3e8a66-6975-4917-8225-d3efe707aaff:c1846]
2019-09-04 11:46:07,447 | INFO  | DNAudit | user=null | ip=null | op=WRITE_CHUNK {blockData=conID: 2 locID: 102734074176209370 bcsId: 1848} | ret=SUCCESS |  
2019-09-04 11:46:07,450 | INFO  | DNAudit | user=null | ip=null | op=WRITE_CHUNK {blockData=conID: 2 locID: 102734074176209370 bcsId: 1848} | ret=SUCCESS |  
2019-09-04 11:46:07,451 | INFO  | DNAudit | user=null | ip=null | op=WRITE_CHUNK {blockData=conID: 2 locID: 102734074176209370 bcsId: 1848} | ret=SUCCESS |  
2019-09-04 11:46:07,460 | INFO  | DNAudit | user=null | ip=null | op=WRITE_CHUNK {blockData=conID: 2 locID: 102734074176209370 bcsId: 0} | ret=SUCCESS |  
2019-09-04 11:46:07,460 | INFO  | DNAudit | user=null | ip=null | op=WRITE_CHUNK {blockData=conID: 2 locID: 102734074176209370 bcsId: 0} | ret=SUCCESS |  
2019-09-04 11:46:07,460 | INFO  | DNAudit | user=null | ip=null | op=PUT_BLOCK {blockData=[blockId=conID: 2 locID: 102734074176209370 bcsId: 0,size=2097152]} | ret=SUCCESS |  
2019-09-04 11:46:07,461 | INFO  | DNAudit | user=null | ip=null | op=PUT_BLOCK {blockData=[blockId=conID: 2 locID: 102734074176209370 bcsId: 0,size=2097152]} | ret=SUCCESS |  
2019-09-04 11:46:07,461 | INFO  | DNAudit | user=null | ip=null | op=WRITE_CHUNK {blockData=conID: 2 locID: 102734074176209370 bcsId: 1848} | ret=SUCCESS |  
2019-09-04 11:46:07,461 | INFO  | DNAudit | user=null | ip=null | op=PUT_BLOCK {blockData=[blockId=conID: 2 locID: 102734074176209370 bcsId: 0,size=3145728]} | ret=SUCCESS |  
2019-09-04 11:46:07,461 [grpc-default-executor-1] INFO  client.GrpcClientProtocolClient (GrpcClientProtocolClient.java:onNext(255)) - client-D5CE890D7D9E->efcb8ff8-f060-4d95-9215-d0f5eb4af037: receive RaftClientReply:client-D5CE890D7D9E->efcb8ff8-f060-4d95-9215-d0f5eb4af037@group-0959F8DF43ED, cid=1311, SUCCESS, logIndex=1853, commits[efcb8ff8-f060-4d95-9215-d0f5eb4af037:c1854, 6fae8b02-e804-4c0e-b729-a97b7404b7f6:c1852, 4c3e8a66-6975-4917-8225-d3efe707aaff:c1852]
2019-09-04 11:46:07,462 [grpc-default-executor-1] INFO  client.GrpcClientProtocolClient (GrpcClientProtocolClient.java:onNext(255)) - client-D5CE890D7D9E->efcb8ff8-f060-4d95-9215-d0f5eb4af037: receive RaftClientReply:client-D5CE890D7D9E->efcb8ff8-f060-4d95-9215-d0f5eb4af037@group-0959F8DF43ED, cid=1312, SUCCESS, logIndex=1854, commits[efcb8ff8-f060-4d95-9215-d0f5eb4af037:c1854, 6fae8b02-e804-4c0e-b729-a97b7404b7f6:c1852, 4c3e8a66-6975-4917-8225-d3efe707aaff:c1852]
2019-09-04 11:46:07,468 | INFO  | DNAudit | user=null | ip=null | op=WRITE_CHUNK {blockData=conID: 2 locID: 102734074176209370 bcsId: 1854} | ret=SUCCESS |  
2019-09-04 11:46:07,470 | INFO  | DNAudit | user=null | ip=null | op=WRITE_CHUNK {blockData=conID: 2 locID: 102734074176209370 bcsId: 1848} | ret=SUCCESS |  
2019-09-04 11:46:07,470 | INFO  | DNAudit | user=null | ip=null | op=WRITE_CHUNK {blockData=conID: 2 locID: 102734074176209370 bcsId: 1848} | ret=SUCCESS |  
2019-09-04 11:46:07,470 | INFO  | DNAudit | user=null | ip=null | op=PUT_BLOCK {blockData=[blockId=conID: 2 locID: 102734074176209370 bcsId: 0,size=3145728]} | ret=SUCCESS |  
2019-09-04 11:46:07,470 | INFO  | DNAudit | user=null | ip=null | op=PUT_BLOCK {blockData=[blockId=conID: 2 locID: 102734074176209370 bcsId: 0,size=3145728]} | ret=SUCCESS |  
2019-09-04 11:46:07,471 | INFO  | DNAudit | user=null | ip=null | op=WRITE_CHUNK {blockData=conID: 2 locID: 102734074176209370 bcsId: 1854} | ret=SUCCESS |  
2019-09-04 11:46:07,472 | INFO  | DNAudit | user=null | ip=null | op=WRITE_CHUNK {blockData=conID: 2 locID: 102734074176209370 bcsId: 1854} | ret=SUCCESS |  
2019-09-04 11:46:07,488 | INFO  | DNAudit | user=null | ip=null | op=WRITE_CHUNK {blockData=conID: 2 locID: 102734074176209370 bcsId: 1854} | ret=SUCCESS |  
2019-09-04 11:46:07,488 | INFO  | DNAudit | user=null | ip=null | op=PUT_BLOCK {blockData=[blockId=conID: 2 locID: 102734074176209370 bcsId: 0,size=4194304]} | ret=SUCCESS |  
2019-09-04 11:46:07,488 [grpc-default-executor-1] INFO  client.GrpcClientProtocolClient (GrpcClientProtocolClient.java:onNext(255)) - client-D5CE890D7D9E->efcb8ff8-f060-4d95-9215-d0f5eb4af037: receive RaftClientReply:client-D5CE890D7D9E->efcb8ff8-f060-4d95-9215-d0f5eb4af037@group-0959F8DF43ED, cid=1313, SUCCESS, logIndex=1857, commits[efcb8ff8-f060-4d95-9215-d0f5eb4af037:c1858, 6fae8b02-e804-4c0e-b729-a97b7404b7f6:c1854, 4c3e8a66-6975-4917-8225-d3efe707aaff:c1854]
2019-09-04 11:46:07,489 [grpc-default-executor-1] INFO  client.GrpcClientProtocolClient (GrpcClientProtocolClient.java:onNext(255)) - client-D5CE890D7D9E->efcb8ff8-f060-4d95-9215-d0f5eb4af037: receive RaftClientReply:client-D5CE890D7D9E->efcb8ff8-f060-4d95-9215-d0f5eb4af037@group-0959F8DF43ED, cid=1314, SUCCESS, logIndex=1858, commits[efcb8ff8-f060-4d95-9215-d0f5eb4af037:c1858, 6fae8b02-e804-4c0e-b729-a97b7404b7f6:c1854, 4c3e8a66-6975-4917-8225-d3efe707aaff:c1854]
2019-09-04 11:46:07,497 | INFO  | DNAudit | user=null | ip=null | op=WRITE_CHUNK {blockData=conID: 2 locID: 102734074176209370 bcsId: 1854} | ret=SUCCESS |  
2019-09-04 11:46:07,497 | INFO  | DNAudit | user=null | ip=null | op=WRITE_CHUNK {blockData=conID: 2 locID: 102734074176209370 bcsId: 1854} | ret=SUCCESS |  
2019-09-04 11:46:07,497 | INFO  | DNAudit | user=null | ip=null | op=PUT_BLOCK {blockData=[blockId=conID: 2 locID: 102734074176209370 bcsId: 0,size=4194304]} | ret=SUCCESS |  
2019-09-04 11:46:07,497 | INFO  | DNAudit | user=null | ip=null | op=PUT_BLOCK {blockData=[blockId=conID: 2 locID: 102734074176209370 bcsId: 0,size=4194304]} | ret=SUCCESS |  
2019-09-04 11:46:07,497 [grpc-default-executor-1] INFO  client.GrpcClientProtocolClient (GrpcClientProtocolClient.java:onNext(255)) - client-D5CE890D7D9E->efcb8ff8-f060-4d95-9215-d0f5eb4af037: receive RaftClientReply:client-D5CE890D7D9E->efcb8ff8-f060-4d95-9215-d0f5eb4af037@group-0959F8DF43ED, cid=1315, SUCCESS, logIndex=0, commits[efcb8ff8-f060-4d95-9215-d0f5eb4af037:c1859, 6fae8b02-e804-4c0e-b729-a97b7404b7f6:c1858, 4c3e8a66-6975-4917-8225-d3efe707aaff:c1858]
2019-09-04 11:46:07,502 | INFO  | SCMAudit | user=jenkins1000 | ip=192.168.36.67 | op=ALLOCATE_BLOCK {owner=8ab292a2-aaa7-4ad8-863a-d33994811155, size=4194304, type=RATIS, factor=THREE} | ret=SUCCESS |  
2019-09-04 11:46:07,505 | INFO  | OMAudit | user=jenkins1000 | ip=127.0.0.1 | op=ALLOCATE_BLOCK {volume=vol-0-58699, bucket=bucket-0-57464, key=key-0-37266, dataSize=0, replicationType=null, replicationFactor=null, keyLocationInfo=null, clientID=102734073355960722} | ret=SUCCESS |  
2019-09-04 11:46:07,659 | INFO  | DNAudit | user=null | ip=null | op=WRITE_CHUNK {blockData=conID: 3 locID: 102734074183811547 bcsId: 0} | ret=SUCCESS |  
2019-09-04 11:46:07,662 | INFO  | DNAudit | user=null | ip=null | op=WRITE_CHUNK {blockData=conID: 3 locID: 102734074183811547 bcsId: 0} | ret=SUCCESS |  
2019-09-04 11:46:07,663 | INFO  | DNAudit | user=null | ip=null | op=WRITE_CHUNK {blockData=conID: 3 locID: 102734074183811547 bcsId: 0} | ret=SUCCESS |  
2019-09-04 11:46:07,664 | INFO  | DNAudit | user=null | ip=null | op=WRITE_CHUNK {blockData=conID: 3 locID: 102734074183811547 bcsId: 0} | ret=SUCCESS |  
2019-09-04 11:46:07,666 | INFO  | DNAudit | user=null | ip=null | op=WRITE_CHUNK {blockData=conID: 3 locID: 102734074183811547 bcsId: 0} | ret=SUCCESS |  
2019-09-04 11:46:07,666 | INFO  | DNAudit | user=null | ip=null | op=WRITE_CHUNK {blockData=conID: 3 locID: 102734074183811547 bcsId: 0} | ret=SUCCESS |  
2019-09-04 11:46:07,669 | INFO  | DNAudit | user=null | ip=null | op=WRITE_CHUNK {blockData=conID: 3 locID: 102734074183811547 bcsId: 0} | ret=SUCCESS |  
2019-09-04 11:46:07,669 | INFO  | DNAudit | user=null | ip=null | op=PUT_BLOCK {blockData=[blockId=conID: 3 locID: 102734074183811547 bcsId: 0,size=1048576]} | ret=SUCCESS |  
2019-09-04 11:46:07,669 [grpc-default-executor-4] INFO  client.GrpcClientProtocolClient (GrpcClientProtocolClient.java:onNext(255)) - client-D5CE890D7D9E->efcb8ff8-f060-4d95-9215-d0f5eb4af037: receive RaftClientReply:client-D5CE890D7D9E->efcb8ff8-f060-4d95-9215-d0f5eb4af037@group-0959F8DF43ED, cid=1316, SUCCESS, logIndex=1861, commits[efcb8ff8-f060-4d95-9215-d0f5eb4af037:c1862, 6fae8b02-e804-4c0e-b729-a97b7404b7f6:c1860, 4c3e8a66-6975-4917-8225-d3efe707aaff:c1860]
2019-09-04 11:46:07,670 [grpc-default-executor-4] INFO  client.GrpcClientProtocolClient (GrpcClientProtocolClient.java:onNext(255)) - client-D5CE890D7D9E->efcb8ff8-f060-4d95-9215-d0f5eb4af037: receive RaftClientReply:client-D5CE890D7D9E->efcb8ff8-f060-4d95-9215-d0f5eb4af037@group-0959F8DF43ED, cid=1317, SUCCESS, logIndex=1862, commits[efcb8ff8-f060-4d95-9215-d0f5eb4af037:c1862, 6fae8b02-e804-4c0e-b729-a97b7404b7f6:c1860, 4c3e8a66-6975-4917-8225-d3efe707aaff:c1860]
2019-09-04 11:46:07,683 | INFO  | DNAudit | user=null | ip=null | op=WRITE_CHUNK {blockData=conID: 3 locID: 102734074183811547 bcsId: 0} | ret=SUCCESS |  
2019-09-04 11:46:07,683 | INFO  | SCMAudit | user=jenkins1000 | ip=192.168.36.67 | op=SEND_HEARTBEAT {datanodeUUID=0b776101-1d39-4f23-96c0-6a8ead31197c, command=[]} | ret=SUCCESS |  
2019-09-04 11:46:07,683 | INFO  | DNAudit | user=null | ip=null | op=PUT_BLOCK {blockData=[blockId=conID: 3 locID: 102734074183811547 bcsId: 0,size=2097152]} | ret=SUCCESS |  
2019-09-04 11:46:07,684 | INFO  | DNAudit | user=null | ip=null | op=WRITE_CHUNK {blockData=conID: 3 locID: 102734074183811547 bcsId: 0} | ret=SUCCESS |  
2019-09-04 11:46:07,684 [grpc-default-executor-6] INFO  client.GrpcClientProtocolClient (GrpcClientProtocolClient.java:onNext(255)) - client-D5CE890D7D9E->efcb8ff8-f060-4d95-9215-d0f5eb4af037: receive RaftClientReply:client-D5CE890D7D9E->efcb8ff8-f060-4d95-9215-d0f5eb4af037@group-0959F8DF43ED, cid=1318, SUCCESS, logIndex=1863, commits[efcb8ff8-f060-4d95-9215-d0f5eb4af037:c1864, 6fae8b02-e804-4c0e-b729-a97b7404b7f6:c1860, 4c3e8a66-6975-4917-8225-d3efe707aaff:c1860]
2019-09-04 11:46:07,684 | INFO  | DNAudit | user=null | ip=null | op=PUT_BLOCK {blockData=[blockId=conID: 3 locID: 102734074183811547 bcsId: 0,size=1048576]} | ret=SUCCESS |  
2019-09-04 11:46:07,684 | INFO  | DNAudit | user=null | ip=null | op=WRITE_CHUNK {blockData=conID: 3 locID: 102734074183811547 bcsId: 0} | ret=SUCCESS |  
2019-09-04 11:46:07,684 [grpc-default-executor-6] INFO  client.GrpcClientProtocolClient (GrpcClientProtocolClient.java:onNext(255)) - client-D5CE890D7D9E->efcb8ff8-f060-4d95-9215-d0f5eb4af037: receive RaftClientReply:client-D5CE890D7D9E->efcb8ff8-f060-4d95-9215-d0f5eb4af037@group-0959F8DF43ED, cid=1319, SUCCESS, logIndex=1864, commits[efcb8ff8-f060-4d95-9215-d0f5eb4af037:c1864, 6fae8b02-e804-4c0e-b729-a97b7404b7f6:c1860, 4c3e8a66-6975-4917-8225-d3efe707aaff:c1860]
2019-09-04 11:46:07,685 | INFO  | DNAudit | user=null | ip=null | op=PUT_BLOCK {blockData=[blockId=conID: 3 locID: 102734074183811547 bcsId: 0,size=1048576]} | ret=SUCCESS |  
2019-09-04 11:46:07,685 | INFO  | SCMAudit | user=jenkins1000 | ip=192.168.36.67 | op=SEND_HEARTBEAT {datanodeUUID=efcb8ff8-f060-4d95-9215-d0f5eb4af037, command=[]} | ret=SUCCESS |  
2019-09-04 11:46:07,686 | INFO  | DNAudit | user=null | ip=null | op=WRITE_CHUNK {blockData=conID: 3 locID: 102734074183811547 bcsId: 0} | ret=SUCCESS |  
2019-09-04 11:46:07,686 | INFO  | DNAudit | user=null | ip=null | op=WRITE_CHUNK {blockData=conID: 3 locID: 102734074183811547 bcsId: 0} | ret=SUCCESS |  
2019-09-04 11:46:07,686 | INFO  | DNAudit | user=null | ip=null | op=PUT_BLOCK {blockData=[blockId=conID: 3 locID: 102734074183811547 bcsId: 0,size=2097152]} | ret=SUCCESS |  
2019-09-04 11:46:07,686 | INFO  | DNAudit | user=null | ip=null | op=PUT_BLOCK {blockData=[blockId=conID: 3 locID: 102734074183811547 bcsId: 0,size=2097152]} | ret=SUCCESS |  
2019-09-04 11:46:07,688 [grpc-default-executor-4] INFO  client.GrpcClientProtocolClient (GrpcClientProtocolClient.java:onNext(255)) - client-D5CE890D7D9E->efcb8ff8-f060-4d95-9215-d0f5eb4af037: receive RaftClientReply:client-D5CE890D7D9E->efcb8ff8-f060-4d95-9215-d0f5eb4af037@group-0959F8DF43ED, cid=1320, SUCCESS, logIndex=0, commits[efcb8ff8-f060-4d95-9215-d0f5eb4af037:c1868, 6fae8b02-e804-4c0e-b729-a97b7404b7f6:c1862, 4c3e8a66-6975-4917-8225-d3efe707aaff:c1864]
2019-09-04 11:46:07,695 | INFO  | SCMAudit | user=jenkins1000 | ip=192.168.36.67 | op=SEND_HEARTBEAT {datanodeUUID=4c3e8a66-6975-4917-8225-d3efe707aaff, command=[]} | ret=SUCCESS |  
2019-09-04 11:46:07,695 | INFO  | SCMAudit | user=jenkins1000 | ip=192.168.36.67 | op=SEND_HEARTBEAT {datanodeUUID=6fae8b02-e804-4c0e-b729-a97b7404b7f6, command=[]} | ret=SUCCESS |  
2019-09-04 11:46:07,696 | INFO  | DNAudit | user=null | ip=null | op=WRITE_CHUNK {blockData=conID: 3 locID: 102734074183811547 bcsId: 1864} | ret=SUCCESS |  
2019-09-04 11:46:07,700 | INFO  | DNAudit | user=null | ip=null | op=WRITE_CHUNK {blockData=conID: 3 locID: 102734074183811547 bcsId: 1864} | ret=SUCCESS |  
2019-09-04 11:46:07,701 | INFO  | DNAudit | user=null | ip=null | op=WRITE_CHUNK {blockData=conID: 3 locID: 102734074183811547 bcsId: 1864} | ret=SUCCESS |  
2019-09-04 11:46:07,726 | INFO  | DNAudit | user=null | ip=null | op=WRITE_CHUNK {blockData=conID: 3 locID: 102734074183811547 bcsId: 1864} | ret=SUCCESS |  
2019-09-04 11:46:07,728 | INFO  | DNAudit | user=null | ip=null | op=PUT_BLOCK {blockData=[blockId=conID: 3 locID: 102734074183811547 bcsId: 0,size=3145728]} | ret=SUCCESS |  
2019-09-04 11:46:07,729 [grpc-default-executor-4] INFO  client.GrpcClientProtocolClient (GrpcClientProtocolClient.java:onNext(255)) - client-D5CE890D7D9E->efcb8ff8-f060-4d95-9215-d0f5eb4af037: receive RaftClientReply:client-D5CE890D7D9E->efcb8ff8-f060-4d95-9215-d0f5eb4af037@group-0959F8DF43ED, cid=1321, SUCCESS, logIndex=1869, commits[efcb8ff8-f060-4d95-9215-d0f5eb4af037:c1869, 6fae8b02-e804-4c0e-b729-a97b7404b7f6:c1864, 4c3e8a66-6975-4917-8225-d3efe707aaff:c1868]
2019-09-04 11:46:07,731 [grpc-default-executor-4] INFO  client.GrpcClientProtocolClient (GrpcClientProtocolClient.java:onNext(255)) - client-D5CE890D7D9E->efcb8ff8-f060-4d95-9215-d0f5eb4af037: receive RaftClientReply:client-D5CE890D7D9E->efcb8ff8-f060-4d95-9215-d0f5eb4af037@group-0959F8DF43ED, cid=1322, SUCCESS, logIndex=1870, commits[efcb8ff8-f060-4d95-9215-d0f5eb4af037:c1870, 6fae8b02-e804-4c0e-b729-a97b7404b7f6:c1868, 4c3e8a66-6975-4917-8225-d3efe707aaff:c1868]
2019-09-04 11:46:07,732 | INFO  | DNAudit | user=null | ip=null | op=WRITE_CHUNK {blockData=conID: 3 locID: 102734074183811547 bcsId: 1864} | ret=SUCCESS |  
2019-09-04 11:46:07,732 | INFO  | DNAudit | user=null | ip=null | op=WRITE_CHUNK {blockData=conID: 3 locID: 102734074183811547 bcsId: 1864} | ret=SUCCESS |  
2019-09-04 11:46:07,738 | INFO  | DNAudit | user=null | ip=null | op=WRITE_CHUNK {blockData=conID: 3 locID: 102734074183811547 bcsId: 1870} | ret=SUCCESS |  
2019-09-04 11:46:07,738 | INFO  | DNAudit | user=null | ip=null | op=PUT_BLOCK {blockData=[blockId=conID: 3 locID: 102734074183811547 bcsId: 0,size=3145728]} | ret=SUCCESS |  
2019-09-04 11:46:07,738 | INFO  | DNAudit | user=null | ip=null | op=PUT_BLOCK {blockData=[blockId=conID: 3 locID: 102734074183811547 bcsId: 0,size=3145728]} | ret=SUCCESS |  
2019-09-04 11:46:07,740 | INFO  | DNAudit | user=null | ip=null | op=WRITE_CHUNK {blockData=conID: 3 locID: 102734074183811547 bcsId: 1870} | ret=SUCCESS |  
2019-09-04 11:46:07,741 | INFO  | DNAudit | user=null | ip=null | op=WRITE_CHUNK {blockData=conID: 3 locID: 102734074183811547 bcsId: 1870} | ret=SUCCESS |  
2019-09-04 11:46:07,746 | INFO  | DNAudit | user=null | ip=null | op=WRITE_CHUNK {blockData=conID: 3 locID: 102734074183811547 bcsId: 1870} | ret=SUCCESS |  
2019-09-04 11:46:07,746 | INFO  | DNAudit | user=null | ip=null | op=PUT_BLOCK {blockData=[blockId=conID: 3 locID: 102734074183811547 bcsId: 0,size=4194304]} | ret=SUCCESS |  
2019-09-04 11:46:07,746 [grpc-default-executor-1] INFO  client.GrpcClientProtocolClient (GrpcClientProtocolClient.java:onNext(255)) - client-D5CE890D7D9E->efcb8ff8-f060-4d95-9215-d0f5eb4af037: receive RaftClientReply:client-D5CE890D7D9E->efcb8ff8-f060-4d95-9215-d0f5eb4af037@group-0959F8DF43ED, cid=1323, SUCCESS, logIndex=1873, commits[efcb8ff8-f060-4d95-9215-d0f5eb4af037:c1874, 6fae8b02-e804-4c0e-b729-a97b7404b7f6:c1871, 4c3e8a66-6975-4917-8225-d3efe707aaff:c1871]
2019-09-04 11:46:07,747 [grpc-default-executor-1] INFO  client.GrpcClientProtocolClient (GrpcClientProtocolClient.java:onNext(255)) - client-D5CE890D7D9E->efcb8ff8-f060-4d95-9215-d0f5eb4af037: receive RaftClientReply:client-D5CE890D7D9E->efcb8ff8-f060-4d95-9215-d0f5eb4af037@group-0959F8DF43ED, cid=1324, SUCCESS, logIndex=1874, commits[efcb8ff8-f060-4d95-9215-d0f5eb4af037:c1874, 6fae8b02-e804-4c0e-b729-a97b7404b7f6:c1871, 4c3e8a66-6975-4917-8225-d3efe707aaff:c1871]
2019-09-04 11:46:07,748 | INFO  | DNAudit | user=null | ip=null | op=WRITE_CHUNK {blockData=conID: 3 locID: 102734074183811547 bcsId: 1870} | ret=SUCCESS |  
2019-09-04 11:46:07,748 | INFO  | DNAudit | user=null | ip=null | op=WRITE_CHUNK {blockData=conID: 3 locID: 102734074183811547 bcsId: 1870} | ret=SUCCESS |  
2019-09-04 11:46:07,750 | INFO  | DNAudit | user=null | ip=null | op=PUT_BLOCK {blockData=[blockId=conID: 3 locID: 102734074183811547 bcsId: 0,size=4194304]} | ret=SUCCESS |  
2019-09-04 11:46:07,750 | INFO  | DNAudit | user=null | ip=null | op=PUT_BLOCK {blockData=[blockId=conID: 3 locID: 102734074183811547 bcsId: 0,size=4194304]} | ret=SUCCESS |  
2019-09-04 11:46:07,751 [grpc-default-executor-1] INFO  client.GrpcClientProtocolClient (GrpcClientProtocolClient.java:onNext(255)) - client-D5CE890D7D9E->efcb8ff8-f060-4d95-9215-d0f5eb4af037: receive RaftClientReply:client-D5CE890D7D9E->efcb8ff8-f060-4d95-9215-d0f5eb4af037@group-0959F8DF43ED, cid=1325, SUCCESS, logIndex=0, commits[efcb8ff8-f060-4d95-9215-d0f5eb4af037:c1876, 6fae8b02-e804-4c0e-b729-a97b7404b7f6:c1874, 4c3e8a66-6975-4917-8225-d3efe707aaff:c1874]
2019-09-04 11:46:07,755 | INFO  | SCMAudit | user=jenkins1000 | ip=192.168.36.67 | op=ALLOCATE_BLOCK {owner=8ab292a2-aaa7-4ad8-863a-d33994811155, size=4194304, type=RATIS, factor=THREE} | ret=SUCCESS |  
2019-09-04 11:46:07,758 | INFO  | OMAudit | user=jenkins1000 | ip=127.0.0.1 | op=ALLOCATE_BLOCK {volume=vol-0-58699, bucket=bucket-0-57464, key=key-0-37266, dataSize=0, replicationType=null, replicationFactor=null, keyLocationInfo=null, clientID=102734073355960722} | ret=SUCCESS |  
2019-09-04 11:46:07,764 | INFO  | DNAudit | user=null | ip=null | op=WRITE_CHUNK {blockData=conID: 1 locID: 102734074200392156 bcsId: 0} | ret=SUCCESS |  
2019-09-04 11:46:07,767 | INFO  | DNAudit | user=null | ip=null | op=WRITE_CHUNK {blockData=conID: 1 locID: 102734074200392156 bcsId: 0} | ret=SUCCESS |  
2019-09-04 11:46:07,767 | INFO  | DNAudit | user=null | ip=null | op=WRITE_CHUNK {blockData=conID: 1 locID: 102734074200392156 bcsId: 0} | ret=SUCCESS |  
2019-09-04 11:46:07,767 | INFO  | DNAudit | user=null | ip=null | op=WRITE_CHUNK {blockData=conID: 1 locID: 102734074200392156 bcsId: 0} | ret=SUCCESS |  
2019-09-04 11:46:07,769 | INFO  | DNAudit | user=null | ip=null | op=WRITE_CHUNK {blockData=conID: 1 locID: 102734074200392156 bcsId: 0} | ret=SUCCESS |  
2019-09-04 11:46:07,769 | INFO  | DNAudit | user=null | ip=null | op=WRITE_CHUNK {blockData=conID: 1 locID: 102734074200392156 bcsId: 0} | ret=SUCCESS |  
2019-09-04 11:46:07,770 | INFO  | DNAudit | user=null | ip=null | op=WRITE_CHUNK {blockData=conID: 1 locID: 102734074200392156 bcsId: 0} | ret=SUCCESS |  
2019-09-04 11:46:07,770 | INFO  | DNAudit | user=null | ip=null | op=PUT_BLOCK {blockData=[blockId=conID: 1 locID: 102734074200392156 bcsId: 0,size=1048576]} | ret=SUCCESS |  
2019-09-04 11:46:07,771 [grpc-default-executor-4] INFO  client.GrpcClientProtocolClient (GrpcClientProtocolClient.java:onNext(255)) - client-D5CE890D7D9E->efcb8ff8-f060-4d95-9215-d0f5eb4af037: receive RaftClientReply:client-D5CE890D7D9E->efcb8ff8-f060-4d95-9215-d0f5eb4af037@group-0959F8DF43ED, cid=1326, SUCCESS, logIndex=1877, commits[efcb8ff8-f060-4d95-9215-d0f5eb4af037:c1878, 6fae8b02-e804-4c0e-b729-a97b7404b7f6:c1876, 4c3e8a66-6975-4917-8225-d3efe707aaff:c1876]
2019-09-04 11:46:07,771 | INFO  | DNAudit | user=null | ip=null | op=WRITE_CHUNK {blockData=conID: 1 locID: 102734074200392156 bcsId: 0} | ret=SUCCESS |  
2019-09-04 11:46:07,771 [grpc-default-executor-4] INFO  client.GrpcClientProtocolClient (GrpcClientProtocolClient.java:onNext(255)) - client-D5CE890D7D9E->efcb8ff8-f060-4d95-9215-d0f5eb4af037: receive RaftClientReply:client-D5CE890D7D9E->efcb8ff8-f060-4d95-9215-d0f5eb4af037@group-0959F8DF43ED, cid=1327, SUCCESS, logIndex=1878, commits[efcb8ff8-f060-4d95-9215-d0f5eb4af037:c1878, 6fae8b02-e804-4c0e-b729-a97b7404b7f6:c1876, 4c3e8a66-6975-4917-8225-d3efe707aaff:c1876]
2019-09-04 11:46:07,771 | INFO  | DNAudit | user=null | ip=null | op=PUT_BLOCK {blockData=[blockId=conID: 1 locID: 102734074200392156 bcsId: 0,size=2097152]} | ret=SUCCESS |  
2019-09-04 11:46:07,771 [grpc-default-executor-4] INFO  client.GrpcClientProtocolClient (GrpcClientProtocolClient.java:onNext(255)) - client-D5CE890D7D9E->efcb8ff8-f060-4d95-9215-d0f5eb4af037: receive RaftClientReply:client-D5CE890D7D9E->efcb8ff8-f060-4d95-9215-d0f5eb4af037@group-0959F8DF43ED, cid=1328, SUCCESS, logIndex=1879, commits[efcb8ff8-f060-4d95-9215-d0f5eb4af037:c1880, 6fae8b02-e804-4c0e-b729-a97b7404b7f6:c1876, 4c3e8a66-6975-4917-8225-d3efe707aaff:c1876]
2019-09-04 11:46:07,772 [grpc-default-executor-4] INFO  client.GrpcClientProtocolClient (GrpcClientProtocolClient.java:onNext(255)) - client-D5CE890D7D9E->efcb8ff8-f060-4d95-9215-d0f5eb4af037: receive RaftClientReply:client-D5CE890D7D9E->efcb8ff8-f060-4d95-9215-d0f5eb4af037@group-0959F8DF43ED, cid=1329, SUCCESS, logIndex=1880, commits[efcb8ff8-f060-4d95-9215-d0f5eb4af037:c1880, 6fae8b02-e804-4c0e-b729-a97b7404b7f6:c1876, 4c3e8a66-6975-4917-8225-d3efe707aaff:c1876]
2019-09-04 11:46:07,772 | INFO  | DNAudit | user=null | ip=null | op=WRITE_CHUNK {blockData=conID: 1 locID: 102734074200392156 bcsId: 0} | ret=SUCCESS |  
2019-09-04 11:46:07,772 | INFO  | DNAudit | user=null | ip=null | op=PUT_BLOCK {blockData=[blockId=conID: 1 locID: 102734074200392156 bcsId: 0,size=1048576]} | ret=SUCCESS |  
2019-09-04 11:46:07,772 | INFO  | DNAudit | user=null | ip=null | op=WRITE_CHUNK {blockData=conID: 1 locID: 102734074200392156 bcsId: 0} | ret=SUCCESS |  
2019-09-04 11:46:07,773 | INFO  | DNAudit | user=null | ip=null | op=PUT_BLOCK {blockData=[blockId=conID: 1 locID: 102734074200392156 bcsId: 0,size=1048576]} | ret=SUCCESS |  
2019-09-04 11:46:07,773 | INFO  | DNAudit | user=null | ip=null | op=WRITE_CHUNK {blockData=conID: 1 locID: 102734074200392156 bcsId: 0} | ret=SUCCESS |  
2019-09-04 11:46:07,773 [grpc-default-executor-6] INFO  client.GrpcClientProtocolClient (GrpcClientProtocolClient.java:onNext(255)) - client-D5CE890D7D9E->efcb8ff8-f060-4d95-9215-d0f5eb4af037: receive RaftClientReply:client-D5CE890D7D9E->efcb8ff8-f060-4d95-9215-d0f5eb4af037@group-0959F8DF43ED, cid=1330, SUCCESS, logIndex=0, commits[efcb8ff8-f060-4d95-9215-d0f5eb4af037:c1882, 6fae8b02-e804-4c0e-b729-a97b7404b7f6:c1878, 4c3e8a66-6975-4917-8225-d3efe707aaff:c1878]
2019-09-04 11:46:07,773 | INFO  | DNAudit | user=null | ip=null | op=PUT_BLOCK {blockData=[blockId=conID: 1 locID: 102734074200392156 bcsId: 0,size=2097152]} | ret=SUCCESS |  
2019-09-04 11:46:07,773 | INFO  | DNAudit | user=null | ip=null | op=WRITE_CHUNK {blockData=conID: 1 locID: 102734074200392156 bcsId: 0} | ret=SUCCESS |  
2019-09-04 11:46:07,773 | INFO  | DNAudit | user=null | ip=null | op=PUT_BLOCK {blockData=[blockId=conID: 1 locID: 102734074200392156 bcsId: 0,size=2097152]} | ret=SUCCESS |  
2019-09-04 11:46:07,779 | INFO  | DNAudit | user=null | ip=null | op=WRITE_CHUNK {blockData=conID: 1 locID: 102734074200392156 bcsId: 1880} | ret=SUCCESS |  
2019-09-04 11:46:07,782 | INFO  | DNAudit | user=null | ip=null | op=WRITE_CHUNK {blockData=conID: 1 locID: 102734074200392156 bcsId: 1880} | ret=SUCCESS |  
2019-09-04 11:46:07,782 | INFO  | DNAudit | user=null | ip=null | op=WRITE_CHUNK {blockData=conID: 1 locID: 102734074200392156 bcsId: 1880} | ret=SUCCESS |  
2019-09-04 11:46:07,787 | INFO  | DNAudit | user=null | ip=null | op=WRITE_CHUNK {blockData=conID: 1 locID: 102734074200392156 bcsId: 1880} | ret=SUCCESS |  
2019-09-04 11:46:07,788 | INFO  | DNAudit | user=null | ip=null | op=PUT_BLOCK {blockData=[blockId=conID: 1 locID: 102734074200392156 bcsId: 0,size=3145728]} | ret=SUCCESS |  
2019-09-04 11:46:07,788 [grpc-default-executor-6] INFO  client.GrpcClientProtocolClient (GrpcClientProtocolClient.java:onNext(255)) - client-D5CE890D7D9E->efcb8ff8-f060-4d95-9215-d0f5eb4af037: receive RaftClientReply:client-D5CE890D7D9E->efcb8ff8-f060-4d95-9215-d0f5eb4af037@group-0959F8DF43ED, cid=1331, SUCCESS, logIndex=1885, commits[efcb8ff8-f060-4d95-9215-d0f5eb4af037:c1886, 6fae8b02-e804-4c0e-b729-a97b7404b7f6:c1884, 4c3e8a66-6975-4917-8225-d3efe707aaff:c1884]
2019-09-04 11:46:07,788 [grpc-default-executor-6] INFO  client.GrpcClientProtocolClient (GrpcClientProtocolClient.java:onNext(255)) - client-D5CE890D7D9E->efcb8ff8-f060-4d95-9215-d0f5eb4af037: receive RaftClientReply:client-D5CE890D7D9E->efcb8ff8-f060-4d95-9215-d0f5eb4af037@group-0959F8DF43ED, cid=1332, SUCCESS, logIndex=1886, commits[efcb8ff8-f060-4d95-9215-d0f5eb4af037:c1886, 6fae8b02-e804-4c0e-b729-a97b7404b7f6:c1884, 4c3e8a66-6975-4917-8225-d3efe707aaff:c1884]
2019-09-04 11:46:07,794 | INFO  | DNAudit | user=null | ip=null | op=WRITE_CHUNK {blockData=conID: 1 locID: 102734074200392156 bcsId: 1886} | ret=SUCCESS |  
2019-09-04 11:46:07,797 | INFO  | DNAudit | user=null | ip=null | op=WRITE_CHUNK {blockData=conID: 1 locID: 102734074200392156 bcsId: 1886} | ret=SUCCESS |  
2019-09-04 11:46:07,797 | INFO  | DNAudit | user=null | ip=null | op=WRITE_CHUNK {blockData=conID: 1 locID: 102734074200392156 bcsId: 1886} | ret=SUCCESS |  
2019-09-04 11:46:07,807 | INFO  | DNAudit | user=null | ip=null | op=WRITE_CHUNK {blockData=conID: 1 locID: 102734074200392156 bcsId: 1880} | ret=SUCCESS |  
2019-09-04 11:46:07,807 | INFO  | DNAudit | user=null | ip=null | op=WRITE_CHUNK {blockData=conID: 1 locID: 102734074200392156 bcsId: 1880} | ret=SUCCESS |  
2019-09-04 11:46:07,807 | INFO  | DNAudit | user=null | ip=null | op=PUT_BLOCK {blockData=[blockId=conID: 1 locID: 102734074200392156 bcsId: 0,size=3145728]} | ret=SUCCESS |  
2019-09-04 11:46:07,808 | INFO  | DNAudit | user=null | ip=null | op=PUT_BLOCK {blockData=[blockId=conID: 1 locID: 102734074200392156 bcsId: 0,size=3145728]} | ret=SUCCESS |  
2019-09-04 11:46:07,829 | INFO  | DNAudit | user=null | ip=null | op=WRITE_CHUNK {blockData=conID: 1 locID: 102734074200392156 bcsId: 1886} | ret=SUCCESS |  
2019-09-04 11:46:07,830 | INFO  | DNAudit | user=null | ip=null | op=PUT_BLOCK {blockData=[blockId=conID: 1 locID: 102734074200392156 bcsId: 0,size=4194304]} | ret=SUCCESS |  
2019-09-04 11:46:07,830 [grpc-default-executor-6] INFO  client.GrpcClientProtocolClient (GrpcClientProtocolClient.java:onNext(255)) - client-D5CE890D7D9E->efcb8ff8-f060-4d95-9215-d0f5eb4af037: receive RaftClientReply:client-D5CE890D7D9E->efcb8ff8-f060-4d95-9215-d0f5eb4af037@group-0959F8DF43ED, cid=1333, SUCCESS, logIndex=1889, commits[efcb8ff8-f060-4d95-9215-d0f5eb4af037:c1890, 6fae8b02-e804-4c0e-b729-a97b7404b7f6:c1886, 4c3e8a66-6975-4917-8225-d3efe707aaff:c1886]
2019-09-04 11:46:07,831 [grpc-default-executor-6] INFO  client.GrpcClientProtocolClient (GrpcClientProtocolClient.java:onNext(255)) - client-D5CE890D7D9E->efcb8ff8-f060-4d95-9215-d0f5eb4af037: receive RaftClientReply:client-D5CE890D7D9E->efcb8ff8-f060-4d95-9215-d0f5eb4af037@group-0959F8DF43ED, cid=1334, SUCCESS, logIndex=1890, commits[efcb8ff8-f060-4d95-9215-d0f5eb4af037:c1890, 6fae8b02-e804-4c0e-b729-a97b7404b7f6:c1886, 4c3e8a66-6975-4917-8225-d3efe707aaff:c1886]
2019-09-04 11:46:07,867 | INFO  | DNAudit | user=null | ip=null | op=WRITE_CHUNK {blockData=conID: 1 locID: 102734074200392156 bcsId: 1886} | ret=SUCCESS |  
2019-09-04 11:46:07,867 | INFO  | DNAudit | user=null | ip=null | op=WRITE_CHUNK {blockData=conID: 1 locID: 102734074200392156 bcsId: 1886} | ret=SUCCESS |  
2019-09-04 11:46:07,867 | INFO  | DNAudit | user=null | ip=null | op=PUT_BLOCK {blockData=[blockId=conID: 1 locID: 102734074200392156 bcsId: 0,size=4194304]} | ret=SUCCESS |  
2019-09-04 11:46:07,867 | INFO  | DNAudit | user=null | ip=null | op=PUT_BLOCK {blockData=[blockId=conID: 1 locID: 102734074200392156 bcsId: 0,size=4194304]} | ret=SUCCESS |  
2019-09-04 11:46:07,867 [grpc-default-executor-6] INFO  client.GrpcClientProtocolClient (GrpcClientProtocolClient.java:onNext(255)) - client-D5CE890D7D9E->efcb8ff8-f060-4d95-9215-d0f5eb4af037: receive RaftClientReply:client-D5CE890D7D9E->efcb8ff8-f060-4d95-9215-d0f5eb4af037@group-0959F8DF43ED, cid=1335, SUCCESS, logIndex=0, commits[efcb8ff8-f060-4d95-9215-d0f5eb4af037:c1890, 6fae8b02-e804-4c0e-b729-a97b7404b7f6:c1890, 4c3e8a66-6975-4917-8225-d3efe707aaff:c1890]
2019-09-04 11:46:07,871 | INFO  | SCMAudit | user=jenkins1000 | ip=192.168.36.67 | op=ALLOCATE_BLOCK {owner=8ab292a2-aaa7-4ad8-863a-d33994811155, size=4194304, type=RATIS, factor=THREE} | ret=SUCCESS |  
2019-09-04 11:46:07,873 | INFO  | OMAudit | user=jenkins1000 | ip=127.0.0.1 | op=ALLOCATE_BLOCK {volume=vol-0-58699, bucket=bucket-0-57464, key=key-0-37266, dataSize=0, replicationType=null, replicationFactor=null, keyLocationInfo=null, clientID=102734073355960722} | ret=SUCCESS |  
2019-09-04 11:46:07,881 | INFO  | DNAudit | user=null | ip=null | op=WRITE_CHUNK {blockData=conID: 2 locID: 102734074207994333 bcsId: 0} | ret=SUCCESS |  
2019-09-04 11:46:07,884 | INFO  | DNAudit | user=null | ip=null | op=WRITE_CHUNK {blockData=conID: 2 locID: 102734074207994333 bcsId: 0} | ret=SUCCESS |  
2019-09-04 11:46:07,885 | INFO  | DNAudit | user=null | ip=null | op=WRITE_CHUNK {blockData=conID: 2 locID: 102734074207994333 bcsId: 0} | ret=SUCCESS |  
2019-09-04 11:46:07,885 | INFO  | DNAudit | user=null | ip=null | op=WRITE_CHUNK {blockData=conID: 2 locID: 102734074207994333 bcsId: 0} | ret=SUCCESS |  
2019-09-04 11:46:07,888 | INFO  | DNAudit | user=null | ip=null | op=WRITE_CHUNK {blockData=conID: 2 locID: 102734074207994333 bcsId: 0} | ret=SUCCESS |  
2019-09-04 11:46:07,888 | INFO  | DNAudit | user=null | ip=null | op=WRITE_CHUNK {blockData=conID: 2 locID: 102734074207994333 bcsId: 0} | ret=SUCCESS |  
 0.00% |█                                                                                                    |  0/1 Time: 0:00:132019-09-04 11:46:07,903 | INFO  | DNAudit | user=null | ip=null | op=WRITE_CHUNK {blockData=conID: 2 locID: 102734074207994333 bcsId: 0} | ret=SUCCESS |  
2019-09-04 11:46:07,904 | INFO  | DNAudit | user=null | ip=null | op=PUT_BLOCK {blockData=[blockId=conID: 2 locID: 102734074207994333 bcsId: 0,size=1048576]} | ret=SUCCESS |  
2019-09-04 11:46:07,905 [grpc-default-executor-6] INFO  client.GrpcClientProtocolClient (GrpcClientProtocolClient.java:onNext(255)) - client-D5CE890D7D9E->efcb8ff8-f060-4d95-9215-d0f5eb4af037: receive RaftClientReply:client-D5CE890D7D9E->efcb8ff8-f060-4d95-9215-d0f5eb4af037@group-0959F8DF43ED, cid=1336, SUCCESS, logIndex=1893, commits[efcb8ff8-f060-4d95-9215-d0f5eb4af037:c1894, 6fae8b02-e804-4c0e-b729-a97b7404b7f6:c1892, 4c3e8a66-6975-4917-8225-d3efe707aaff:c1892]
2019-09-04 11:46:07,905 [grpc-default-executor-6] INFO  client.GrpcClientProtocolClient (GrpcClientProtocolClient.java:onNext(255)) - client-D5CE890D7D9E->efcb8ff8-f060-4d95-9215-d0f5eb4af037: receive RaftClientReply:client-D5CE890D7D9E->efcb8ff8-f060-4d95-9215-d0f5eb4af037@group-0959F8DF43ED, cid=1337, SUCCESS, logIndex=1894, commits[efcb8ff8-f060-4d95-9215-d0f5eb4af037:c1894, 6fae8b02-e804-4c0e-b729-a97b7404b7f6:c1892, 4c3e8a66-6975-4917-8225-d3efe707aaff:c1892]
2019-09-04 11:46:07,921 | INFO  | DNAudit | user=null | ip=null | op=WRITE_CHUNK {blockData=conID: 2 locID: 102734074207994333 bcsId: 0} | ret=SUCCESS |  
2019-09-04 11:46:07,921 | INFO  | DNAudit | user=null | ip=null | op=WRITE_CHUNK {blockData=conID: 2 locID: 102734074207994333 bcsId: 0} | ret=SUCCESS |  
2019-09-04 11:46:07,921 | INFO  | DNAudit | user=null | ip=null | op=PUT_BLOCK {blockData=[blockId=conID: 2 locID: 102734074207994333 bcsId: 0,size=2097152]} | ret=SUCCESS |  
2019-09-04 11:46:07,921 | INFO  | DNAudit | user=null | ip=null | op=PUT_BLOCK {blockData=[blockId=conID: 2 locID: 102734074207994333 bcsId: 0,size=1048576]} | ret=SUCCESS |  
2019-09-04 11:46:07,921 [grpc-default-executor-6] INFO  client.GrpcClientProtocolClient (GrpcClientProtocolClient.java:onNext(255)) - client-D5CE890D7D9E->efcb8ff8-f060-4d95-9215-d0f5eb4af037: receive RaftClientReply:client-D5CE890D7D9E->efcb8ff8-f060-4d95-9215-d0f5eb4af037@group-0959F8DF43ED, cid=1338, SUCCESS, logIndex=1895, commits[efcb8ff8-f060-4d95-9215-d0f5eb4af037:c1896, 6fae8b02-e804-4c0e-b729-a97b7404b7f6:c1892, 4c3e8a66-6975-4917-8225-d3efe707aaff:c1892]
2019-09-04 11:46:07,922 | INFO  | DNAudit | user=null | ip=null | op=WRITE_CHUNK {blockData=conID: 2 locID: 102734074207994333 bcsId: 0} | ret=SUCCESS |  
2019-09-04 11:46:07,922 [grpc-default-executor-6] INFO  client.GrpcClientProtocolClient (GrpcClientProtocolClient.java:onNext(255)) - client-D5CE890D7D9E->efcb8ff8-f060-4d95-9215-d0f5eb4af037: receive RaftClientReply:client-D5CE890D7D9E->efcb8ff8-f060-4d95-9215-d0f5eb4af037@group-0959F8DF43ED, cid=1339, SUCCESS, logIndex=1896, commits[efcb8ff8-f060-4d95-9215-d0f5eb4af037:c1898, 6fae8b02-e804-4c0e-b729-a97b7404b7f6:c1892, 4c3e8a66-6975-4917-8225-d3efe707aaff:c1894]
2019-09-04 11:46:07,922 | INFO  | DNAudit | user=null | ip=null | op=PUT_BLOCK {blockData=[blockId=conID: 2 locID: 102734074207994333 bcsId: 0,size=1048576]} | ret=SUCCESS |  
2019-09-04 11:46:07,922 | INFO  | DNAudit | user=null | ip=null | op=WRITE_CHUNK {blockData=conID: 2 locID: 102734074207994333 bcsId: 0} | ret=SUCCESS |  
2019-09-04 11:46:07,922 | INFO  | DNAudit | user=null | ip=null | op=PUT_BLOCK {blockData=[blockId=conID: 2 locID: 102734074207994333 bcsId: 0,size=2097152]} | ret=SUCCESS |  
2019-09-04 11:46:07,923 [grpc-default-executor-6] INFO  client.GrpcClientProtocolClient (GrpcClientProtocolClient.java:onNext(255)) - client-D5CE890D7D9E->efcb8ff8-f060-4d95-9215-d0f5eb4af037: receive RaftClientReply:client-D5CE890D7D9E->efcb8ff8-f060-4d95-9215-d0f5eb4af037@group-0959F8DF43ED, cid=1340, SUCCESS, logIndex=0, commits[efcb8ff8-f060-4d95-9215-d0f5eb4af037:c1899, 6fae8b02-e804-4c0e-b729-a97b7404b7f6:c1894, 4c3e8a66-6975-4917-8225-d3efe707aaff:c1896]
2019-09-04 11:46:07,930 | INFO  | DNAudit | user=null | ip=null | op=WRITE_CHUNK {blockData=conID: 2 locID: 102734074207994333 bcsId: 1896} | ret=SUCCESS |  
2019-09-04 11:46:07,932 | INFO  | DNAudit | user=null | ip=null | op=WRITE_CHUNK {blockData=conID: 2 locID: 102734074207994333 bcsId: 1896} | ret=SUCCESS |  
2019-09-04 11:46:07,932 | INFO  | DNAudit | user=null | ip=null | op=WRITE_CHUNK {blockData=conID: 2 locID: 102734074207994333 bcsId: 1896} | ret=SUCCESS |  
2019-09-04 11:46:07,934 | INFO  | DNAudit | user=null | ip=null | op=WRITE_CHUNK {blockData=conID: 2 locID: 102734074207994333 bcsId: 0} | ret=SUCCESS |  
2019-09-04 11:46:07,934 | INFO  | DNAudit | user=null | ip=null | op=PUT_BLOCK {blockData=[blockId=conID: 2 locID: 102734074207994333 bcsId: 0,size=2097152]} | ret=SUCCESS |  
2019-09-04 11:46:07,935 | INFO  | DNAudit | user=null | ip=null | op=WRITE_CHUNK {blockData=conID: 2 locID: 102734074207994333 bcsId: 1896} | ret=SUCCESS |  
2019-09-04 11:46:07,936 | INFO  | DNAudit | user=null | ip=null | op=PUT_BLOCK {blockData=[blockId=conID: 2 locID: 102734074207994333 bcsId: 0,size=3145728]} | ret=SUCCESS |  
2019-09-04 11:46:07,936 [grpc-default-executor-1] INFO  client.GrpcClientProtocolClient (GrpcClientProtocolClient.java:onNext(255)) - client-D5CE890D7D9E->efcb8ff8-f060-4d95-9215-d0f5eb4af037: receive RaftClientReply:client-D5CE890D7D9E->efcb8ff8-f060-4d95-9215-d0f5eb4af037@group-0959F8DF43ED, cid=1341, SUCCESS, logIndex=1901, commits[efcb8ff8-f060-4d95-9215-d0f5eb4af037:c1902, 6fae8b02-e804-4c0e-b729-a97b7404b7f6:c1899, 4c3e8a66-6975-4917-8225-d3efe707aaff:c1896]
2019-09-04 11:46:07,937 [grpc-default-executor-1] INFO  client.GrpcClientProtocolClient (GrpcClientProtocolClient.java:onNext(255)) - client-D5CE890D7D9E->efcb8ff8-f060-4d95-9215-d0f5eb4af037: receive RaftClientReply:client-D5CE890D7D9E->efcb8ff8-f060-4d95-9215-d0f5eb4af037@group-0959F8DF43ED, cid=1342, SUCCESS, logIndex=1902, commits[efcb8ff8-f060-4d95-9215-d0f5eb4af037:c1902, 6fae8b02-e804-4c0e-b729-a97b7404b7f6:c1899, 4c3e8a66-6975-4917-8225-d3efe707aaff:c1899]
2019-09-04 11:46:07,943 | INFO  | DNAudit | user=null | ip=null | op=WRITE_CHUNK {blockData=conID: 2 locID: 102734074207994333 bcsId: 1902} | ret=SUCCESS |  
2019-09-04 11:46:07,945 | INFO  | DNAudit | user=null | ip=null | op=WRITE_CHUNK {blockData=conID: 2 locID: 102734074207994333 bcsId: 1902} | ret=SUCCESS |  
2019-09-04 11:46:07,945 | INFO  | DNAudit | user=null | ip=null | op=WRITE_CHUNK {blockData=conID: 2 locID: 102734074207994333 bcsId: 1902} | ret=SUCCESS |  
2019-09-04 11:46:07,974 | INFO  | DNAudit | user=null | ip=null | op=WRITE_CHUNK {blockData=conID: 2 locID: 102734074207994333 bcsId: 1896} | ret=SUCCESS |  
2019-09-04 11:46:07,974 | INFO  | DNAudit | user=null | ip=null | op=WRITE_CHUNK {blockData=conID: 2 locID: 102734074207994333 bcsId: 1896} | ret=SUCCESS |  
2019-09-04 11:46:07,974 | INFO  | DNAudit | user=null | ip=null | op=PUT_BLOCK {blockData=[blockId=conID: 2 locID: 102734074207994333 bcsId: 0,size=3145728]} | ret=SUCCESS |  
2019-09-04 11:46:07,974 | INFO  | DNAudit | user=null | ip=null | op=PUT_BLOCK {blockData=[blockId=conID: 2 locID: 102734074207994333 bcsId: 0,size=3145728]} | ret=SUCCESS |  
2019-09-04 11:46:07,976 | INFO  | DNAudit | user=null | ip=null | op=WRITE_CHUNK {blockData=conID: 2 locID: 102734074207994333 bcsId: 1902} | ret=SUCCESS |  
2019-09-04 11:46:07,976 | INFO  | DNAudit | user=null | ip=null | op=PUT_BLOCK {blockData=[blockId=conID: 2 locID: 102734074207994333 bcsId: 0,size=4194304]} | ret=SUCCESS |  
2019-09-04 11:46:07,976 [grpc-default-executor-6] INFO  client.GrpcClientProtocolClient (GrpcClientProtocolClient.java:onNext(255)) - client-D5CE890D7D9E->efcb8ff8-f060-4d95-9215-d0f5eb4af037: receive RaftClientReply:client-D5CE890D7D9E->efcb8ff8-f060-4d95-9215-d0f5eb4af037@group-0959F8DF43ED, cid=1343, SUCCESS, logIndex=1905, commits[efcb8ff8-f060-4d95-9215-d0f5eb4af037:c1906, 6fae8b02-e804-4c0e-b729-a97b7404b7f6:c1902, 4c3e8a66-6975-4917-8225-d3efe707aaff:c1902]
2019-09-04 11:46:07,977 [grpc-default-executor-6] INFO  client.GrpcClientProtocolClient (GrpcClientProtocolClient.java:onNext(255)) - client-D5CE890D7D9E->efcb8ff8-f060-4d95-9215-d0f5eb4af037: receive RaftClientReply:client-D5CE890D7D9E->efcb8ff8-f060-4d95-9215-d0f5eb4af037@group-0959F8DF43ED, cid=1344, SUCCESS, logIndex=1906, commits[efcb8ff8-f060-4d95-9215-d0f5eb4af037:c1906, 6fae8b02-e804-4c0e-b729-a97b7404b7f6:c1902, 4c3e8a66-6975-4917-8225-d3efe707aaff:c1902]
2019-09-04 11:46:07,993 | INFO  | DNAudit | user=null | ip=null | op=WRITE_CHUNK {blockData=conID: 2 locID: 102734074207994333 bcsId: 1902} | ret=SUCCESS |  
2019-09-04 11:46:07,993 | INFO  | DNAudit | user=null | ip=null | op=WRITE_CHUNK {blockData=conID: 2 locID: 102734074207994333 bcsId: 1902} | ret=SUCCESS |  
2019-09-04 11:46:07,993 | INFO  | DNAudit | user=null | ip=null | op=PUT_BLOCK {blockData=[blockId=conID: 2 locID: 102734074207994333 bcsId: 0,size=4194304]} | ret=SUCCESS |  
2019-09-04 11:46:07,993 | INFO  | DNAudit | user=null | ip=null | op=PUT_BLOCK {blockData=[blockId=conID: 2 locID: 102734074207994333 bcsId: 0,size=4194304]} | ret=SUCCESS |  
2019-09-04 11:46:07,994 [grpc-default-executor-6] INFO  client.GrpcClientProtocolClient (GrpcClientProtocolClient.java:onNext(255)) - client-D5CE890D7D9E->efcb8ff8-f060-4d95-9215-d0f5eb4af037: receive RaftClientReply:client-D5CE890D7D9E->efcb8ff8-f060-4d95-9215-d0f5eb4af037@group-0959F8DF43ED, cid=1345, SUCCESS, logIndex=0, commits[efcb8ff8-f060-4d95-9215-d0f5eb4af037:c1907, 6fae8b02-e804-4c0e-b729-a97b7404b7f6:c1906, 4c3e8a66-6975-4917-8225-d3efe707aaff:c1906]
2019-09-04 11:46:07,998 | INFO  | SCMAudit | user=jenkins1000 | ip=192.168.36.67 | op=ALLOCATE_BLOCK {owner=8ab292a2-aaa7-4ad8-863a-d33994811155, size=4194304, type=RATIS, factor=THREE} | ret=SUCCESS |  
2019-09-04 11:46:08,000 | INFO  | OMAudit | user=jenkins1000 | ip=127.0.0.1 | op=ALLOCATE_BLOCK {volume=vol-0-58699, bucket=bucket-0-57464, key=key-0-37266, dataSize=0, replicationType=null, replicationFactor=null, keyLocationInfo=null, clientID=102734073355960722} | ret=SUCCESS |  
2019-09-04 11:46:08,007 | INFO  | DNAudit | user=null | ip=null | op=WRITE_CHUNK {blockData=conID: 3 locID: 102734074216317406 bcsId: 0} | ret=SUCCESS |  
2019-09-04 11:46:08,009 | INFO  | DNAudit | user=null | ip=null | op=WRITE_CHUNK {blockData=conID: 3 locID: 102734074216317406 bcsId: 0} | ret=SUCCESS |  
2019-09-04 11:46:08,011 | INFO  | DNAudit | user=null | ip=null | op=WRITE_CHUNK {blockData=conID: 3 locID: 102734074216317406 bcsId: 0} | ret=SUCCESS |  
2019-09-04 11:46:08,011 | INFO  | DNAudit | user=null | ip=null | op=WRITE_CHUNK {blockData=conID: 3 locID: 102734074216317406 bcsId: 0} | ret=SUCCESS |  
2019-09-04 11:46:08,011 | INFO  | DNAudit | user=null | ip=null | op=WRITE_CHUNK {blockData=conID: 3 locID: 102734074216317406 bcsId: 0} | ret=SUCCESS |  
2019-09-04 11:46:08,013 | INFO  | DNAudit | user=null | ip=null | op=WRITE_CHUNK {blockData=conID: 3 locID: 102734074216317406 bcsId: 0} | ret=SUCCESS |  
2019-09-04 11:46:08,026 | INFO  | DNAudit | user=null | ip=null | op=WRITE_CHUNK {blockData=conID: 3 locID: 102734074216317406 bcsId: 0} | ret=SUCCESS |  
2019-09-04 11:46:08,027 | INFO  | DNAudit | user=null | ip=null | op=PUT_BLOCK {blockData=[blockId=conID: 3 locID: 102734074216317406 bcsId: 0,size=1048576]} | ret=SUCCESS |  
2019-09-04 11:46:08,027 | INFO  | DNAudit | user=null | ip=null | op=WRITE_CHUNK {blockData=conID: 3 locID: 102734074216317406 bcsId: 0} | ret=SUCCESS |  
2019-09-04 11:46:08,028 | INFO  | DNAudit | user=null | ip=null | op=PUT_BLOCK {blockData=[blockId=conID: 3 locID: 102734074216317406 bcsId: 0,size=2097152]} | ret=SUCCESS |  
2019-09-04 11:46:08,028 [grpc-default-executor-1] INFO  client.GrpcClientProtocolClient (GrpcClientProtocolClient.java:onNext(255)) - client-D5CE890D7D9E->efcb8ff8-f060-4d95-9215-d0f5eb4af037: receive RaftClientReply:client-D5CE890D7D9E->efcb8ff8-f060-4d95-9215-d0f5eb4af037@group-0959F8DF43ED, cid=1346, SUCCESS, logIndex=1909, commits[efcb8ff8-f060-4d95-9215-d0f5eb4af037:c1910, 6fae8b02-e804-4c0e-b729-a97b7404b7f6:c1908, 4c3e8a66-6975-4917-8225-d3efe707aaff:c1908]
2019-09-04 11:46:08,028 [grpc-default-executor-1] INFO  client.GrpcClientProtocolClient (GrpcClientProtocolClient.java:onNext(255)) - client-D5CE890D7D9E->efcb8ff8-f060-4d95-9215-d0f5eb4af037: receive RaftClientReply:client-D5CE890D7D9E->efcb8ff8-f060-4d95-9215-d0f5eb4af037@group-0959F8DF43ED, cid=1347, SUCCESS, logIndex=1910, commits[efcb8ff8-f060-4d95-9215-d0f5eb4af037:c1910, 6fae8b02-e804-4c0e-b729-a97b7404b7f6:c1908, 4c3e8a66-6975-4917-8225-d3efe707aaff:c1908]
2019-09-04 11:46:08,029 [grpc-default-executor-1] INFO  client.GrpcClientProtocolClient (GrpcClientProtocolClient.java:onNext(255)) - client-D5CE890D7D9E->efcb8ff8-f060-4d95-9215-d0f5eb4af037: receive RaftClientReply:client-D5CE890D7D9E->efcb8ff8-f060-4d95-9215-d0f5eb4af037@group-0959F8DF43ED, cid=1348, SUCCESS, logIndex=1911, commits[efcb8ff8-f060-4d95-9215-d0f5eb4af037:c1912, 6fae8b02-e804-4c0e-b729-a97b7404b7f6:c1908, 4c3e8a66-6975-4917-8225-d3efe707aaff:c1908]
2019-09-04 11:46:08,029 [grpc-default-executor-1] INFO  client.GrpcClientProtocolClient (GrpcClientProtocolClient.java:onNext(255)) - client-D5CE890D7D9E->efcb8ff8-f060-4d95-9215-d0f5eb4af037: receive RaftClientReply:client-D5CE890D7D9E->efcb8ff8-f060-4d95-9215-d0f5eb4af037@group-0959F8DF43ED, cid=1349, SUCCESS, logIndex=1912, commits[efcb8ff8-f060-4d95-9215-d0f5eb4af037:c1912, 6fae8b02-e804-4c0e-b729-a97b7404b7f6:c1908, 4c3e8a66-6975-4917-8225-d3efe707aaff:c1908]
2019-09-04 11:46:08,048 | INFO  | DNAudit | user=null | ip=null | op=WRITE_CHUNK {blockData=conID: 3 locID: 102734074216317406 bcsId: 0} | ret=SUCCESS |  
2019-09-04 11:46:08,048 | INFO  | DNAudit | user=null | ip=null | op=PUT_BLOCK {blockData=[blockId=conID: 3 locID: 102734074216317406 bcsId: 0,size=1048576]} | ret=SUCCESS |  
2019-09-04 11:46:08,049 | INFO  | DNAudit | user=null | ip=null | op=WRITE_CHUNK {blockData=conID: 3 locID: 102734074216317406 bcsId: 0} | ret=SUCCESS |  
2019-09-04 11:46:08,049 | INFO  | DNAudit | user=null | ip=null | op=PUT_BLOCK {blockData=[blockId=conID: 3 locID: 102734074216317406 bcsId: 0,size=1048576]} | ret=SUCCESS |  
2019-09-04 11:46:08,049 [grpc-default-executor-1] INFO  client.GrpcClientProtocolClient (GrpcClientProtocolClient.java:onNext(255)) - client-D5CE890D7D9E->efcb8ff8-f060-4d95-9215-d0f5eb4af037: receive RaftClientReply:client-D5CE890D7D9E->efcb8ff8-f060-4d95-9215-d0f5eb4af037@group-0959F8DF43ED, cid=1350, SUCCESS, logIndex=0, commits[efcb8ff8-f060-4d95-9215-d0f5eb4af037:c1913, 6fae8b02-e804-4c0e-b729-a97b7404b7f6:c1910, 4c3e8a66-6975-4917-8225-d3efe707aaff:c1910]
2019-09-04 11:46:08,049 | INFO  | DNAudit | user=null | ip=null | op=WRITE_CHUNK {blockData=conID: 3 locID: 102734074216317406 bcsId: 0} | ret=SUCCESS |  
2019-09-04 11:46:08,049 | INFO  | DNAudit | user=null | ip=null | op=WRITE_CHUNK {blockData=conID: 3 locID: 102734074216317406 bcsId: 0} | ret=SUCCESS |  
2019-09-04 11:46:08,050 | INFO  | DNAudit | user=null | ip=null | op=PUT_BLOCK {blockData=[blockId=conID: 3 locID: 102734074216317406 bcsId: 0,size=2097152]} | ret=SUCCESS |  
2019-09-04 11:46:08,050 | INFO  | DNAudit | user=null | ip=null | op=PUT_BLOCK {blockData=[blockId=conID: 3 locID: 102734074216317406 bcsId: 0,size=2097152]} | ret=SUCCESS |  
2019-09-04 11:46:08,056 | INFO  | DNAudit | user=null | ip=null | op=WRITE_CHUNK {blockData=conID: 3 locID: 102734074216317406 bcsId: 1912} | ret=SUCCESS |  
2019-09-04 11:46:08,059 | INFO  | DNAudit | user=null | ip=null | op=WRITE_CHUNK {blockData=conID: 3 locID: 102734074216317406 bcsId: 1912} | ret=SUCCESS |  
2019-09-04 11:46:08,059 | INFO  | DNAudit | user=null | ip=null | op=WRITE_CHUNK {blockData=conID: 3 locID: 102734074216317406 bcsId: 1912} | ret=SUCCESS |  
2019-09-04 11:46:08,074 | INFO  | DNAudit | user=null | ip=null | op=WRITE_CHUNK {blockData=conID: 3 locID: 102734074216317406 bcsId: 1912} | ret=SUCCESS |  
2019-09-04 11:46:08,075 | INFO  | DNAudit | user=null | ip=null | op=PUT_BLOCK {blockData=[blockId=conID: 3 locID: 102734074216317406 bcsId: 0,size=3145728]} | ret=SUCCESS |  
2019-09-04 11:46:08,075 [grpc-default-executor-4] INFO  client.GrpcClientProtocolClient (GrpcClientProtocolClient.java:onNext(255)) - client-D5CE890D7D9E->efcb8ff8-f060-4d95-9215-d0f5eb4af037: receive RaftClientReply:client-D5CE890D7D9E->efcb8ff8-f060-4d95-9215-d0f5eb4af037@group-0959F8DF43ED, cid=1351, SUCCESS, logIndex=1916, commits[efcb8ff8-f060-4d95-9215-d0f5eb4af037:c1917, 6fae8b02-e804-4c0e-b729-a97b7404b7f6:c1915, 4c3e8a66-6975-4917-8225-d3efe707aaff:c1915]
2019-09-04 11:46:08,075 [grpc-default-executor-4] INFO  client.GrpcClientProtocolClient (GrpcClientProtocolClient.java:onNext(255)) - client-D5CE890D7D9E->efcb8ff8-f060-4d95-9215-d0f5eb4af037: receive RaftClientReply:client-D5CE890D7D9E->efcb8ff8-f060-4d95-9215-d0f5eb4af037@group-0959F8DF43ED, cid=1352, SUCCESS, logIndex=1917, commits[efcb8ff8-f060-4d95-9215-d0f5eb4af037:c1917, 6fae8b02-e804-4c0e-b729-a97b7404b7f6:c1915, 4c3e8a66-6975-4917-8225-d3efe707aaff:c1915]
2019-09-04 11:46:08,083 | INFO  | DNAudit | user=null | ip=null | op=WRITE_CHUNK {blockData=conID: 3 locID: 102734074216317406 bcsId: 1917} | ret=SUCCESS |  
2019-09-04 11:46:08,085 | INFO  | DNAudit | user=null | ip=null | op=WRITE_CHUNK {blockData=conID: 3 locID: 102734074216317406 bcsId: 1917} | ret=SUCCESS |  
2019-09-04 11:46:08,086 | INFO  | DNAudit | user=null | ip=null | op=WRITE_CHUNK {blockData=conID: 3 locID: 102734074216317406 bcsId: 1917} | ret=SUCCESS |  
2019-09-04 11:46:08,093 | INFO  | SCMAudit | user=jenkins1000 | ip=192.168.36.67 | op=SEND_HEARTBEAT {datanodeUUID=b68b188c-7f38-42ae-8403-46a39acd0731, command=[]} | ret=SUCCESS |  
2019-09-04 11:46:08,104 | INFO  | DNAudit | user=null | ip=null | op=WRITE_CHUNK {blockData=conID: 3 locID: 102734074216317406 bcsId: 1912} | ret=SUCCESS |  
2019-09-04 11:46:08,104 | INFO  | DNAudit | user=null | ip=null | op=WRITE_CHUNK {blockData=conID: 3 locID: 102734074216317406 bcsId: 1912} | ret=SUCCESS |  
2019-09-04 11:46:08,104 | INFO  | DNAudit | user=null | ip=null | op=PUT_BLOCK {blockData=[blockId=conID: 3 locID: 102734074216317406 bcsId: 0,size=3145728]} | ret=SUCCESS |  
2019-09-04 11:46:08,104 | INFO  | DNAudit | user=null | ip=null | op=PUT_BLOCK {blockData=[blockId=conID: 3 locID: 102734074216317406 bcsId: 0,size=3145728]} | ret=SUCCESS |  
2019-09-04 11:46:08,106 | INFO  | DNAudit | user=null | ip=null | op=WRITE_CHUNK {blockData=conID: 3 locID: 102734074216317406 bcsId: 1917} | ret=SUCCESS |  
2019-09-04 11:46:08,106 | INFO  | DNAudit | user=null | ip=null | op=PUT_BLOCK {blockData=[blockId=conID: 3 locID: 102734074216317406 bcsId: 0,size=4194304]} | ret=SUCCESS |  
2019-09-04 11:46:08,106 [grpc-default-executor-4] INFO  client.GrpcClientProtocolClient (GrpcClientProtocolClient.java:onNext(255)) - client-D5CE890D7D9E->efcb8ff8-f060-4d95-9215-d0f5eb4af037: receive RaftClientReply:client-D5CE890D7D9E->efcb8ff8-f060-4d95-9215-d0f5eb4af037@group-0959F8DF43ED, cid=1353, SUCCESS, logIndex=1920, commits[efcb8ff8-f060-4d95-9215-d0f5eb4af037:c1921, 6fae8b02-e804-4c0e-b729-a97b7404b7f6:c1917, 4c3e8a66-6975-4917-8225-d3efe707aaff:c1917]
2019-09-04 11:46:08,106 [grpc-default-executor-4] INFO  client.GrpcClientProtocolClient (GrpcClientProtocolClient.java:onNext(255)) - client-D5CE890D7D9E->efcb8ff8-f060-4d95-9215-d0f5eb4af037: receive RaftClientReply:client-D5CE890D7D9E->efcb8ff8-f060-4d95-9215-d0f5eb4af037@group-0959F8DF43ED, cid=1354, SUCCESS, logIndex=1921, commits[efcb8ff8-f060-4d95-9215-d0f5eb4af037:c1921, 6fae8b02-e804-4c0e-b729-a97b7404b7f6:c1917, 4c3e8a66-6975-4917-8225-d3efe707aaff:c1917]
2019-09-04 11:46:08,127 | INFO  | DNAudit | user=null | ip=null | op=WRITE_CHUNK {blockData=conID: 3 locID: 102734074216317406 bcsId: 1917} | ret=SUCCESS |  
2019-09-04 11:46:08,127 | INFO  | DNAudit | user=null | ip=null | op=WRITE_CHUNK {blockData=conID: 3 locID: 102734074216317406 bcsId: 1917} | ret=SUCCESS |  
2019-09-04 11:46:08,128 | INFO  | DNAudit | user=null | ip=null | op=PUT_BLOCK {blockData=[blockId=conID: 3 locID: 102734074216317406 bcsId: 0,size=4194304]} | ret=SUCCESS |  
2019-09-04 11:46:08,128 | INFO  | DNAudit | user=null | ip=null | op=PUT_BLOCK {blockData=[blockId=conID: 3 locID: 102734074216317406 bcsId: 0,size=4194304]} | ret=SUCCESS |  
2019-09-04 11:46:08,129 [grpc-default-executor-4] INFO  client.GrpcClientProtocolClient (GrpcClientProtocolClient.java:onNext(255)) - client-D5CE890D7D9E->efcb8ff8-f060-4d95-9215-d0f5eb4af037: receive RaftClientReply:client-D5CE890D7D9E->efcb8ff8-f060-4d95-9215-d0f5eb4af037@group-0959F8DF43ED, cid=1355, SUCCESS, logIndex=0, commits[efcb8ff8-f060-4d95-9215-d0f5eb4af037:c1922, 6fae8b02-e804-4c0e-b729-a97b7404b7f6:c1921, 4c3e8a66-6975-4917-8225-d3efe707aaff:c1921]
2019-09-04 11:46:08,133 | INFO  | SCMAudit | user=jenkins1000 | ip=192.168.36.67 | op=ALLOCATE_BLOCK {owner=8ab292a2-aaa7-4ad8-863a-d33994811155, size=4194304, type=RATIS, factor=THREE} | ret=SUCCESS |  
2019-09-04 11:46:08,136 | INFO  | OMAudit | user=jenkins1000 | ip=127.0.0.1 | op=ALLOCATE_BLOCK {volume=vol-0-58699, bucket=bucket-0-57464, key=key-0-37266, dataSize=0, replicationType=null, replicationFactor=null, keyLocationInfo=null, clientID=102734073355960722} | ret=SUCCESS |  
2019-09-04 11:46:08,144 | INFO  | DNAudit | user=null | ip=null | op=WRITE_CHUNK {blockData=conID: 1 locID: 102734074225164767 bcsId: 0} | ret=SUCCESS |  
2019-09-04 11:46:08,146 | INFO  | DNAudit | user=null | ip=null | op=WRITE_CHUNK {blockData=conID: 1 locID: 102734074225164767 bcsId: 0} | ret=SUCCESS |  
2019-09-04 11:46:08,146 | INFO  | DNAudit | user=null | ip=null | op=WRITE_CHUNK {blockData=conID: 1 locID: 102734074225164767 bcsId: 0} | ret=SUCCESS |  
2019-09-04 11:46:08,147 | INFO  | DNAudit | user=null | ip=null | op=WRITE_CHUNK {blockData=conID: 1 locID: 102734074225164767 bcsId: 0} | ret=SUCCESS |  
2019-09-04 11:46:08,150 | INFO  | DNAudit | user=null | ip=null | op=WRITE_CHUNK {blockData=conID: 1 locID: 102734074225164767 bcsId: 0} | ret=SUCCESS |  
2019-09-04 11:46:08,151 | INFO  | DNAudit | user=null | ip=null | op=WRITE_CHUNK {blockData=conID: 1 locID: 102734074225164767 bcsId: 0} | ret=SUCCESS |  
2019-09-04 11:46:08,151 | INFO  | DNAudit | user=null | ip=null | op=WRITE_CHUNK {blockData=conID: 1 locID: 102734074225164767 bcsId: 0} | ret=SUCCESS |  
2019-09-04 11:46:08,151 | INFO  | DNAudit | user=null | ip=null | op=PUT_BLOCK {blockData=[blockId=conID: 1 locID: 102734074225164767 bcsId: 0,size=1048576]} | ret=SUCCESS |  
2019-09-04 11:46:08,151 [grpc-default-executor-1] INFO  client.GrpcClientProtocolClient (GrpcClientProtocolClient.java:onNext(255)) - client-D5CE890D7D9E->efcb8ff8-f060-4d95-9215-d0f5eb4af037: receive RaftClientReply:client-D5CE890D7D9E->efcb8ff8-f060-4d95-9215-d0f5eb4af037@group-0959F8DF43ED, cid=1356, SUCCESS, logIndex=1924, commits[efcb8ff8-f060-4d95-9215-d0f5eb4af037:c1925, 6fae8b02-e804-4c0e-b729-a97b7404b7f6:c1923, 4c3e8a66-6975-4917-8225-d3efe707aaff:c1923]
2019-09-04 11:46:08,152 [grpc-default-executor-1] INFO  client.GrpcClientProtocolClient (GrpcClientProtocolClient.java:onNext(255)) - client-D5CE890D7D9E->efcb8ff8-f060-4d95-9215-d0f5eb4af037: receive RaftClientReply:client-D5CE890D7D9E->efcb8ff8-f060-4d95-9215-d0f5eb4af037@group-0959F8DF43ED, cid=1357, SUCCESS, logIndex=1925, commits[efcb8ff8-f060-4d95-9215-d0f5eb4af037:c1925, 6fae8b02-e804-4c0e-b729-a97b7404b7f6:c1923, 4c3e8a66-6975-4917-8225-d3efe707aaff:c1923]
2019-09-04 11:46:08,177 | INFO  | DNAudit | user=null | ip=null | op=WRITE_CHUNK {blockData=conID: 1 locID: 102734074225164767 bcsId: 0} | ret=SUCCESS |  
2019-09-04 11:46:08,178 | INFO  | DNAudit | user=null | ip=null | op=WRITE_CHUNK {blockData=conID: 1 locID: 102734074225164767 bcsId: 0} | ret=SUCCESS |  
2019-09-04 11:46:08,178 | INFO  | DNAudit | user=null | ip=null | op=PUT_BLOCK {blockData=[blockId=conID: 1 locID: 102734074225164767 bcsId: 0,size=2097152]} | ret=SUCCESS |  
2019-09-04 11:46:08,178 | INFO  | DNAudit | user=null | ip=null | op=PUT_BLOCK {blockData=[blockId=conID: 1 locID: 102734074225164767 bcsId: 0,size=1048576]} | ret=SUCCESS |  
2019-09-04 11:46:08,178 [grpc-default-executor-0] INFO  client.GrpcClientProtocolClient (GrpcClientProtocolClient.java:onNext(255)) - client-D5CE890D7D9E->efcb8ff8-f060-4d95-9215-d0f5eb4af037: receive RaftClientReply:client-D5CE890D7D9E->efcb8ff8-f060-4d95-9215-d0f5eb4af037@group-0959F8DF43ED, cid=1358, SUCCESS, logIndex=1926, commits[efcb8ff8-f060-4d95-9215-d0f5eb4af037:c1927, 6fae8b02-e804-4c0e-b729-a97b7404b7f6:c1923, 4c3e8a66-6975-4917-8225-d3efe707aaff:c1923]
2019-09-04 11:46:08,178 [grpc-default-executor-0] INFO  client.GrpcClientProtocolClient (GrpcClientProtocolClient.java:onNext(255)) - client-D5CE890D7D9E->efcb8ff8-f060-4d95-9215-d0f5eb4af037: receive RaftClientReply:client-D5CE890D7D9E->efcb8ff8-f060-4d95-9215-d0f5eb4af037@group-0959F8DF43ED, cid=1359, SUCCESS, logIndex=1927, commits[efcb8ff8-f060-4d95-9215-d0f5eb4af037:c1929, 6fae8b02-e804-4c0e-b729-a97b7404b7f6:c1925, 4c3e8a66-6975-4917-8225-d3efe707aaff:c1923]
2019-09-04 11:46:08,195 | INFO  | DNAudit | user=null | ip=null | op=WRITE_CHUNK {blockData=conID: 1 locID: 102734074225164767 bcsId: 0} | ret=SUCCESS |  
2019-09-04 11:46:08,195 | INFO  | DNAudit | user=null | ip=null | op=WRITE_CHUNK {blockData=conID: 1 locID: 102734074225164767 bcsId: 0} | ret=SUCCESS |  
2019-09-04 11:46:08,195 | INFO  | DNAudit | user=null | ip=null | op=PUT_BLOCK {blockData=[blockId=conID: 1 locID: 102734074225164767 bcsId: 0,size=1048576]} | ret=SUCCESS |  
2019-09-04 11:46:08,196 | INFO  | DNAudit | user=null | ip=null | op=WRITE_CHUNK {blockData=conID: 1 locID: 102734074225164767 bcsId: 0} | ret=SUCCESS |  
2019-09-04 11:46:08,196 [grpc-default-executor-0] INFO  client.GrpcClientProtocolClient (GrpcClientProtocolClient.java:onNext(255)) - client-D5CE890D7D9E->efcb8ff8-f060-4d95-9215-d0f5eb4af037: receive RaftClientReply:client-D5CE890D7D9E->efcb8ff8-f060-4d95-9215-d0f5eb4af037@group-0959F8DF43ED, cid=1360, SUCCESS, logIndex=0, commits[efcb8ff8-f060-4d95-9215-d0f5eb4af037:c1930, 6fae8b02-e804-4c0e-b729-a97b7404b7f6:c1926, 4c3e8a66-6975-4917-8225-d3efe707aaff:c1925]
2019-09-04 11:46:08,196 | INFO  | DNAudit | user=null | ip=null | op=PUT_BLOCK {blockData=[blockId=conID: 1 locID: 102734074225164767 bcsId: 0,size=2097152]} | ret=SUCCESS |  
2019-09-04 11:46:08,196 | INFO  | DNAudit | user=null | ip=null | op=PUT_BLOCK {blockData=[blockId=conID: 1 locID: 102734074225164767 bcsId: 0,size=2097152]} | ret=SUCCESS |  
2019-09-04 11:46:08,202 | INFO  | DNAudit | user=null | ip=null | op=WRITE_CHUNK {blockData=conID: 1 locID: 102734074225164767 bcsId: 1927} | ret=SUCCESS |  
2019-09-04 11:46:08,205 | INFO  | DNAudit | user=null | ip=null | op=WRITE_CHUNK {blockData=conID: 1 locID: 102734074225164767 bcsId: 1927} | ret=SUCCESS |  
2019-09-04 11:46:08,207 | INFO  | DNAudit | user=null | ip=null | op=WRITE_CHUNK {blockData=conID: 1 locID: 102734074225164767 bcsId: 1927} | ret=SUCCESS |  
2019-09-04 11:46:08,208 | INFO  | DNAudit | user=null | ip=null | op=WRITE_CHUNK {blockData=conID: 1 locID: 102734074225164767 bcsId: 1927} | ret=SUCCESS |  
2019-09-04 11:46:08,209 | INFO  | DNAudit | user=null | ip=null | op=PUT_BLOCK {blockData=[blockId=conID: 1 locID: 102734074225164767 bcsId: 0,size=3145728]} | ret=SUCCESS |  
2019-09-04 11:46:08,209 [grpc-default-executor-1] INFO  client.GrpcClientProtocolClient (GrpcClientProtocolClient.java:onNext(255)) - client-D5CE890D7D9E->efcb8ff8-f060-4d95-9215-d0f5eb4af037: receive RaftClientReply:client-D5CE890D7D9E->efcb8ff8-f060-4d95-9215-d0f5eb4af037@group-0959F8DF43ED, cid=1361, SUCCESS, logIndex=1932, commits[efcb8ff8-f060-4d95-9215-d0f5eb4af037:c1933, 6fae8b02-e804-4c0e-b729-a97b7404b7f6:c1931, 4c3e8a66-6975-4917-8225-d3efe707aaff:c1931]
2019-09-04 11:46:08,209 [grpc-default-executor-1] INFO  client.GrpcClientProtocolClient (GrpcClientProtocolClient.java:onNext(255)) - client-D5CE890D7D9E->efcb8ff8-f060-4d95-9215-d0f5eb4af037: receive RaftClientReply:client-D5CE890D7D9E->efcb8ff8-f060-4d95-9215-d0f5eb4af037@group-0959F8DF43ED, cid=1362, SUCCESS, logIndex=1933, commits[efcb8ff8-f060-4d95-9215-d0f5eb4af037:c1933, 6fae8b02-e804-4c0e-b729-a97b7404b7f6:c1931, 4c3e8a66-6975-4917-8225-d3efe707aaff:c1931]
2019-09-04 11:46:08,216 | INFO  | DNAudit | user=null | ip=null | op=WRITE_CHUNK {blockData=conID: 1 locID: 102734074225164767 bcsId: 1933} | ret=SUCCESS |  
2019-09-04 11:46:08,218 | INFO  | DNAudit | user=null | ip=null | op=WRITE_CHUNK {blockData=conID: 1 locID: 102734074225164767 bcsId: 1933} | ret=SUCCESS |  
2019-09-04 11:46:08,219 | INFO  | DNAudit | user=null | ip=null | op=WRITE_CHUNK {blockData=conID: 1 locID: 102734074225164767 bcsId: 1933} | ret=SUCCESS |  
2019-09-04 11:46:08,227 | INFO  | DNAudit | user=null | ip=null | op=WRITE_CHUNK {blockData=conID: 1 locID: 102734074225164767 bcsId: 1927} | ret=SUCCESS |  
2019-09-04 11:46:08,228 | INFO  | DNAudit | user=null | ip=null | op=WRITE_CHUNK {blockData=conID: 1 locID: 102734074225164767 bcsId: 1927} | ret=SUCCESS |  
2019-09-04 11:46:08,240 | INFO  | DNAudit | user=null | ip=null | op=PUT_BLOCK {blockData=[blockId=conID: 1 locID: 102734074225164767 bcsId: 0,size=3145728]} | ret=SUCCESS |  
2019-09-04 11:46:08,240 | INFO  | DNAudit | user=null | ip=null | op=PUT_BLOCK {blockData=[blockId=conID: 1 locID: 102734074225164767 bcsId: 0,size=3145728]} | ret=SUCCESS |  
2019-09-04 11:46:08,242 | INFO  | DNAudit | user=null | ip=null | op=WRITE_CHUNK {blockData=conID: 1 locID: 102734074225164767 bcsId: 1933} | ret=SUCCESS |  
2019-09-04 11:46:08,242 | INFO  | DNAudit | user=null | ip=null | op=PUT_BLOCK {blockData=[blockId=conID: 1 locID: 102734074225164767 bcsId: 0,size=4194304]} | ret=SUCCESS |  
2019-09-04 11:46:08,242 [grpc-default-executor-1] INFO  client.GrpcClientProtocolClient (GrpcClientProtocolClient.java:onNext(255)) - client-D5CE890D7D9E->efcb8ff8-f060-4d95-9215-d0f5eb4af037: receive RaftClientReply:client-D5CE890D7D9E->efcb8ff8-f060-4d95-9215-d0f5eb4af037@group-0959F8DF43ED, cid=1363, SUCCESS, logIndex=1936, commits[efcb8ff8-f060-4d95-9215-d0f5eb4af037:c1937, 6fae8b02-e804-4c0e-b729-a97b7404b7f6:c1933, 4c3e8a66-6975-4917-8225-d3efe707aaff:c1933]
2019-09-04 11:46:08,243 [grpc-default-executor-1] INFO  client.GrpcClientProtocolClient (GrpcClientProtocolClient.java:onNext(255)) - client-D5CE890D7D9E->efcb8ff8-f060-4d95-9215-d0f5eb4af037: receive RaftClientReply:client-D5CE890D7D9E->efcb8ff8-f060-4d95-9215-d0f5eb4af037@group-0959F8DF43ED, cid=1364, SUCCESS, logIndex=1937, commits[efcb8ff8-f060-4d95-9215-d0f5eb4af037:c1937, 6fae8b02-e804-4c0e-b729-a97b7404b7f6:c1933, 4c3e8a66-6975-4917-8225-d3efe707aaff:c1933]
2019-09-04 11:46:08,258 | INFO  | DNAudit | user=null | ip=null | op=WRITE_CHUNK {blockData=conID: 1 locID: 102734074225164767 bcsId: 1933} | ret=SUCCESS |  
2019-09-04 11:46:08,258 | INFO  | DNAudit | user=null | ip=null | op=WRITE_CHUNK {blockData=conID: 1 locID: 102734074225164767 bcsId: 1933} | ret=SUCCESS |  
2019-09-04 11:46:08,259 | INFO  | DNAudit | user=null | ip=null | op=PUT_BLOCK {blockData=[blockId=conID: 1 locID: 102734074225164767 bcsId: 0,size=4194304]} | ret=SUCCESS |  
2019-09-04 11:46:08,259 | INFO  | DNAudit | user=null | ip=null | op=PUT_BLOCK {blockData=[blockId=conID: 1 locID: 102734074225164767 bcsId: 0,size=4194304]} | ret=SUCCESS |  
2019-09-04 11:46:08,260 [grpc-default-executor-1] INFO  client.GrpcClientProtocolClient (GrpcClientProtocolClient.java:onNext(255)) - client-D5CE890D7D9E->efcb8ff8-f060-4d95-9215-d0f5eb4af037: receive RaftClientReply:client-D5CE890D7D9E->efcb8ff8-f060-4d95-9215-d0f5eb4af037@group-0959F8DF43ED, cid=1365, SUCCESS, logIndex=0, commits[efcb8ff8-f060-4d95-9215-d0f5eb4af037:c1939, 6fae8b02-e804-4c0e-b729-a97b7404b7f6:c1937, 4c3e8a66-6975-4917-8225-d3efe707aaff:c1937]
2019-09-04 11:46:08,266 | INFO  | SCMAudit | user=jenkins1000 | ip=192.168.36.67 | op=ALLOCATE_BLOCK {owner=8ab292a2-aaa7-4ad8-863a-d33994811155, size=4194304, type=RATIS, factor=THREE} | ret=SUCCESS |  
2019-09-04 11:46:08,268 | INFO  | OMAudit | user=jenkins1000 | ip=127.0.0.1 | op=ALLOCATE_BLOCK {volume=vol-0-58699, bucket=bucket-0-57464, key=key-0-37266, dataSize=0, replicationType=null, replicationFactor=null, keyLocationInfo=null, clientID=102734073355960722} | ret=SUCCESS |  
2019-09-04 11:46:08,276 | INFO  | DNAudit | user=null | ip=null | op=WRITE_CHUNK {blockData=conID: 2 locID: 102734074233881056 bcsId: 0} | ret=SUCCESS |  
2019-09-04 11:46:08,278 | INFO  | DNAudit | user=null | ip=null | op=WRITE_CHUNK {blockData=conID: 2 locID: 102734074233881056 bcsId: 0} | ret=SUCCESS |  
2019-09-04 11:46:08,279 | INFO  | DNAudit | user=null | ip=null | op=WRITE_CHUNK {blockData=conID: 2 locID: 102734074233881056 bcsId: 0} | ret=SUCCESS |  
2019-09-04 11:46:08,280 | INFO  | DNAudit | user=null | ip=null | op=WRITE_CHUNK {blockData=conID: 2 locID: 102734074233881056 bcsId: 0} | ret=SUCCESS |  
2019-09-04 11:46:08,282 | INFO  | DNAudit | user=null | ip=null | op=WRITE_CHUNK {blockData=conID: 2 locID: 102734074233881056 bcsId: 0} | ret=SUCCESS |  
2019-09-04 11:46:08,282 | INFO  | DNAudit | user=null | ip=null | op=WRITE_CHUNK {blockData=conID: 2 locID: 102734074233881056 bcsId: 0} | ret=SUCCESS |  
2019-09-04 11:46:08,295 | INFO  | DNAudit | user=null | ip=null | op=WRITE_CHUNK {blockData=conID: 2 locID: 102734074233881056 bcsId: 0} | ret=SUCCESS |  
2019-09-04 11:46:08,296 | INFO  | DNAudit | user=null | ip=null | op=PUT_BLOCK {blockData=[blockId=conID: 2 locID: 102734074233881056 bcsId: 0,size=1048576]} | ret=SUCCESS |  
2019-09-04 11:46:08,296 [grpc-default-executor-1] INFO  client.GrpcClientProtocolClient (GrpcClientProtocolClient.java:onNext(255)) - client-D5CE890D7D9E->efcb8ff8-f060-4d95-9215-d0f5eb4af037: receive RaftClientReply:client-D5CE890D7D9E->efcb8ff8-f060-4d95-9215-d0f5eb4af037@group-0959F8DF43ED, cid=1366, SUCCESS, logIndex=1940, commits[efcb8ff8-f060-4d95-9215-d0f5eb4af037:c1941, 6fae8b02-e804-4c0e-b729-a97b7404b7f6:c1939, 4c3e8a66-6975-4917-8225-d3efe707aaff:c1939]
2019-09-04 11:46:08,297 [grpc-default-executor-1] INFO  client.GrpcClientProtocolClient (GrpcClientProtocolClient.java:onNext(255)) - client-D5CE890D7D9E->efcb8ff8-f060-4d95-9215-d0f5eb4af037: receive RaftClientReply:client-D5CE890D7D9E->efcb8ff8-f060-4d95-9215-d0f5eb4af037@group-0959F8DF43ED, cid=1367, SUCCESS, logIndex=1941, commits[efcb8ff8-f060-4d95-9215-d0f5eb4af037:c1941, 6fae8b02-e804-4c0e-b729-a97b7404b7f6:c1939, 4c3e8a66-6975-4917-8225-d3efe707aaff:c1939]
2019-09-04 11:46:08,315 | INFO  | DNAudit | user=null | ip=null | op=WRITE_CHUNK {blockData=conID: 2 locID: 102734074233881056 bcsId: 0} | ret=SUCCESS |  
2019-09-04 11:46:08,315 | INFO  | DNAudit | user=null | ip=null | op=WRITE_CHUNK {blockData=conID: 2 locID: 102734074233881056 bcsId: 0} | ret=SUCCESS |  
2019-09-04 11:46:08,316 | INFO  | DNAudit | user=null | ip=null | op=PUT_BLOCK {blockData=[blockId=conID: 2 locID: 102734074233881056 bcsId: 0,size=2097152]} | ret=SUCCESS |  
2019-09-04 11:46:08,316 | INFO  | DNAudit | user=null | ip=null | op=PUT_BLOCK {blockData=[blockId=conID: 2 locID: 102734074233881056 bcsId: 0,size=1048576]} | ret=SUCCESS |  
2019-09-04 11:46:08,316 | INFO  | DNAudit | user=null | ip=null | op=WRITE_CHUNK {blockData=conID: 2 locID: 102734074233881056 bcsId: 0} | ret=SUCCESS |  
2019-09-04 11:46:08,316 | INFO  | DNAudit | user=null | ip=null | op=PUT_BLOCK {blockData=[blockId=conID: 2 locID: 102734074233881056 bcsId: 0,size=1048576]} | ret=SUCCESS |  
2019-09-04 11:46:08,316 [grpc-default-executor-0] INFO  client.GrpcClientProtocolClient (GrpcClientProtocolClient.java:onNext(255)) - client-D5CE890D7D9E->efcb8ff8-f060-4d95-9215-d0f5eb4af037: receive RaftClientReply:client-D5CE890D7D9E->efcb8ff8-f060-4d95-9215-d0f5eb4af037@group-0959F8DF43ED, cid=1368, SUCCESS, logIndex=1942, commits[efcb8ff8-f060-4d95-9215-d0f5eb4af037:c1943, 6fae8b02-e804-4c0e-b729-a97b7404b7f6:c1939, 4c3e8a66-6975-4917-8225-d3efe707aaff:c1939]
2019-09-04 11:46:08,316 | INFO  | DNAudit | user=null | ip=null | op=WRITE_CHUNK {blockData=conID: 2 locID: 102734074233881056 bcsId: 0} | ret=SUCCESS |  
2019-09-04 11:46:08,317 | INFO  | DNAudit | user=null | ip=null | op=PUT_BLOCK {blockData=[blockId=conID: 2 locID: 102734074233881056 bcsId: 0,size=2097152]} | ret=SUCCESS |  
2019-09-04 11:46:08,317 | INFO  | DNAudit | user=null | ip=null | op=WRITE_CHUNK {blockData=conID: 2 locID: 102734074233881056 bcsId: 0} | ret=SUCCESS |  
2019-09-04 11:46:08,317 | INFO  | DNAudit | user=null | ip=null | op=PUT_BLOCK {blockData=[blockId=conID: 2 locID: 102734074233881056 bcsId: 0,size=2097152]} | ret=SUCCESS |  
2019-09-04 11:46:08,318 [grpc-default-executor-6] INFO  client.GrpcClientProtocolClient (GrpcClientProtocolClient.java:onNext(255)) - client-D5CE890D7D9E->efcb8ff8-f060-4d95-9215-d0f5eb4af037: receive RaftClientReply:client-D5CE890D7D9E->efcb8ff8-f060-4d95-9215-d0f5eb4af037@group-0959F8DF43ED, cid=1369, SUCCESS, logIndex=1943, commits[efcb8ff8-f060-4d95-9215-d0f5eb4af037:c1945, 6fae8b02-e804-4c0e-b729-a97b7404b7f6:c1939, 4c3e8a66-6975-4917-8225-d3efe707aaff:c1941]
2019-09-04 11:46:08,319 [grpc-default-executor-6] INFO  client.GrpcClientProtocolClient (GrpcClientProtocolClient.java:onNext(255)) - client-D5CE890D7D9E->efcb8ff8-f060-4d95-9215-d0f5eb4af037: receive RaftClientReply:client-D5CE890D7D9E->efcb8ff8-f060-4d95-9215-d0f5eb4af037@group-0959F8DF43ED, cid=1370, SUCCESS, logIndex=0, commits[efcb8ff8-f060-4d95-9215-d0f5eb4af037:c1947, 6fae8b02-e804-4c0e-b729-a97b7404b7f6:c1943, 4c3e8a66-6975-4917-8225-d3efe707aaff:c1943]
2019-09-04 11:46:08,325 | INFO  | DNAudit | user=null | ip=null | op=WRITE_CHUNK {blockData=conID: 2 locID: 102734074233881056 bcsId: 1943} | ret=SUCCESS |  
2019-09-04 11:46:08,327 | INFO  | DNAudit | user=null | ip=null | op=WRITE_CHUNK {blockData=conID: 2 locID: 102734074233881056 bcsId: 1943} | ret=SUCCESS |  
2019-09-04 11:46:08,328 | INFO  | DNAudit | user=null | ip=null | op=WRITE_CHUNK {blockData=conID: 2 locID: 102734074233881056 bcsId: 1943} | ret=SUCCESS |  
2019-09-04 11:46:08,355 | INFO  | DNAudit | user=null | ip=null | op=WRITE_CHUNK {blockData=conID: 2 locID: 102734074233881056 bcsId: 1943} | ret=SUCCESS |  
2019-09-04 11:46:08,355 | INFO  | DNAudit | user=null | ip=null | op=PUT_BLOCK {blockData=[blockId=conID: 2 locID: 102734074233881056 bcsId: 0,size=3145728]} | ret=SUCCESS |  
2019-09-04 11:46:08,355 [grpc-default-executor-6] INFO  client.GrpcClientProtocolClient (GrpcClientProtocolClient.java:onNext(255)) - client-D5CE890D7D9E->efcb8ff8-f060-4d95-9215-d0f5eb4af037: receive RaftClientReply:client-D5CE890D7D9E->efcb8ff8-f060-4d95-9215-d0f5eb4af037@group-0959F8DF43ED, cid=1371, SUCCESS, logIndex=1948, commits[efcb8ff8-f060-4d95-9215-d0f5eb4af037:c1949, 6fae8b02-e804-4c0e-b729-a97b7404b7f6:c1947, 4c3e8a66-6975-4917-8225-d3efe707aaff:c1947]
2019-09-04 11:46:08,355 [grpc-default-executor-6] INFO  client.GrpcClientProtocolClient (GrpcClientProtocolClient.java:onNext(255)) - client-D5CE890D7D9E->efcb8ff8-f060-4d95-9215-d0f5eb4af037: receive RaftClientReply:client-D5CE890D7D9E->efcb8ff8-f060-4d95-9215-d0f5eb4af037@group-0959F8DF43ED, cid=1372, SUCCESS, logIndex=1949, commits[efcb8ff8-f060-4d95-9215-d0f5eb4af037:c1949, 6fae8b02-e804-4c0e-b729-a97b7404b7f6:c1947, 4c3e8a66-6975-4917-8225-d3efe707aaff:c1947]
2019-09-04 11:46:08,363 | INFO  | DNAudit | user=null | ip=null | op=WRITE_CHUNK {blockData=conID: 2 locID: 102734074233881056 bcsId: 1949} | ret=SUCCESS |  
2019-09-04 11:46:08,365 | INFO  | DNAudit | user=null | ip=null | op=WRITE_CHUNK {blockData=conID: 2 locID: 102734074233881056 bcsId: 1949} | ret=SUCCESS |  
2019-09-04 11:46:08,366 | INFO  | DNAudit | user=null | ip=null | op=WRITE_CHUNK {blockData=conID: 2 locID: 102734074233881056 bcsId: 1949} | ret=SUCCESS |  
2019-09-04 11:46:08,375 | INFO  | DNAudit | user=null | ip=null | op=WRITE_CHUNK {blockData=conID: 2 locID: 102734074233881056 bcsId: 1943} | ret=SUCCESS |  
2019-09-04 11:46:08,375 | INFO  | DNAudit | user=null | ip=null | op=WRITE_CHUNK {blockData=conID: 2 locID: 102734074233881056 bcsId: 1943} | ret=SUCCESS |  
2019-09-04 11:46:08,375 | INFO  | DNAudit | user=null | ip=null | op=PUT_BLOCK {blockData=[blockId=conID: 2 locID: 102734074233881056 bcsId: 0,size=3145728]} | ret=SUCCESS |  
2019-09-04 11:46:08,375 | INFO  | DNAudit | user=null | ip=null | op=PUT_BLOCK {blockData=[blockId=conID: 2 locID: 102734074233881056 bcsId: 0,size=3145728]} | ret=SUCCESS |  
2019-09-04 11:46:08,376 | INFO  | DNAudit | user=null | ip=null | op=WRITE_CHUNK {blockData=conID: 2 locID: 102734074233881056 bcsId: 1949} | ret=SUCCESS |  
2019-09-04 11:46:08,377 | INFO  | DNAudit | user=null | ip=null | op=PUT_BLOCK {blockData=[blockId=conID: 2 locID: 102734074233881056 bcsId: 0,size=4194304]} | ret=SUCCESS |  
2019-09-04 11:46:08,377 [grpc-default-executor-1] INFO  client.GrpcClientProtocolClient (GrpcClientProtocolClient.java:onNext(255)) - client-D5CE890D7D9E->efcb8ff8-f060-4d95-9215-d0f5eb4af037: receive RaftClientReply:client-D5CE890D7D9E->efcb8ff8-f060-4d95-9215-d0f5eb4af037@group-0959F8DF43ED, cid=1373, SUCCESS, logIndex=1952, commits[efcb8ff8-f060-4d95-9215-d0f5eb4af037:c1953, 6fae8b02-e804-4c0e-b729-a97b7404b7f6:c1949, 4c3e8a66-6975-4917-8225-d3efe707aaff:c1949]
2019-09-04 11:46:08,377 [grpc-default-executor-1] INFO  client.GrpcClientProtocolClient (GrpcClientProtocolClient.java:onNext(255)) - client-D5CE890D7D9E->efcb8ff8-f060-4d95-9215-d0f5eb4af037: receive RaftClientReply:client-D5CE890D7D9E->efcb8ff8-f060-4d95-9215-d0f5eb4af037@group-0959F8DF43ED, cid=1374, SUCCESS, logIndex=1953, commits[efcb8ff8-f060-4d95-9215-d0f5eb4af037:c1953, 6fae8b02-e804-4c0e-b729-a97b7404b7f6:c1949, 4c3e8a66-6975-4917-8225-d3efe707aaff:c1949]
2019-09-04 11:46:08,399 | INFO  | DNAudit | user=null | ip=null | op=WRITE_CHUNK {blockData=conID: 2 locID: 102734074233881056 bcsId: 1949} | ret=SUCCESS |  
2019-09-04 11:46:08,399 | INFO  | DNAudit | user=null | ip=null | op=WRITE_CHUNK {blockData=conID: 2 locID: 102734074233881056 bcsId: 1949} | ret=SUCCESS |  
2019-09-04 11:46:08,400 | INFO  | DNAudit | user=null | ip=null | op=PUT_BLOCK {blockData=[blockId=conID: 2 locID: 102734074233881056 bcsId: 0,size=4194304]} | ret=SUCCESS |  
2019-09-04 11:46:08,400 | INFO  | DNAudit | user=null | ip=null | op=PUT_BLOCK {blockData=[blockId=conID: 2 locID: 102734074233881056 bcsId: 0,size=4194304]} | ret=SUCCESS |  
2019-09-04 11:46:08,401 [grpc-default-executor-6] INFO  client.GrpcClientProtocolClient (GrpcClientProtocolClient.java:onNext(255)) - client-D5CE890D7D9E->efcb8ff8-f060-4d95-9215-d0f5eb4af037: receive RaftClientReply:client-D5CE890D7D9E->efcb8ff8-f060-4d95-9215-d0f5eb4af037@group-0959F8DF43ED, cid=1375, SUCCESS, logIndex=0, commits[efcb8ff8-f060-4d95-9215-d0f5eb4af037:c1955, 6fae8b02-e804-4c0e-b729-a97b7404b7f6:c1953, 4c3e8a66-6975-4917-8225-d3efe707aaff:c1953]
2019-09-04 11:46:08,405 | INFO  | SCMAudit | user=jenkins1000 | ip=192.168.36.67 | op=ALLOCATE_BLOCK {owner=8ab292a2-aaa7-4ad8-863a-d33994811155, size=4194304, type=RATIS, factor=THREE} | ret=SUCCESS |  
2019-09-04 11:46:08,407 | INFO  | OMAudit | user=jenkins1000 | ip=127.0.0.1 | op=ALLOCATE_BLOCK {volume=vol-0-58699, bucket=bucket-0-57464, key=key-0-37266, dataSize=0, replicationType=null, replicationFactor=null, keyLocationInfo=null, clientID=102734073355960722} | ret=SUCCESS |  
2019-09-04 11:46:08,415 | INFO  | DNAudit | user=null | ip=null | op=WRITE_CHUNK {blockData=conID: 3 locID: 102734074242990561 bcsId: 0} | ret=SUCCESS |  
2019-09-04 11:46:08,417 | INFO  | DNAudit | user=null | ip=null | op=WRITE_CHUNK {blockData=conID: 3 locID: 102734074242990561 bcsId: 0} | ret=SUCCESS |  
2019-09-04 11:46:08,417 | INFO  | DNAudit | user=null | ip=null | op=WRITE_CHUNK {blockData=conID: 3 locID: 102734074242990561 bcsId: 0} | ret=SUCCESS |  
2019-09-04 11:46:08,418 | INFO  | DNAudit | user=null | ip=null | op=WRITE_CHUNK {blockData=conID: 3 locID: 102734074242990561 bcsId: 0} | ret=SUCCESS |  
2019-09-04 11:46:08,419 | INFO  | DNAudit | user=null | ip=null | op=WRITE_CHUNK {blockData=conID: 3 locID: 102734074242990561 bcsId: 0} | ret=SUCCESS |  
2019-09-04 11:46:08,419 | INFO  | DNAudit | user=null | ip=null | op=WRITE_CHUNK {blockData=conID: 3 locID: 102734074242990561 bcsId: 0} | ret=SUCCESS |  
2019-09-04 11:46:08,428 | INFO  | DNAudit | user=null | ip=null | op=WRITE_CHUNK {blockData=conID: 3 locID: 102734074242990561 bcsId: 0} | ret=SUCCESS |  
2019-09-04 11:46:08,428 | INFO  | DNAudit | user=null | ip=null | op=PUT_BLOCK {blockData=[blockId=conID: 3 locID: 102734074242990561 bcsId: 0,size=1048576]} | ret=SUCCESS |  
2019-09-04 11:46:08,429 | INFO  | DNAudit | user=null | ip=null | op=WRITE_CHUNK {blockData=conID: 3 locID: 102734074242990561 bcsId: 0} | ret=SUCCESS |  
2019-09-04 11:46:08,429 | INFO  | DNAudit | user=null | ip=null | op=PUT_BLOCK {blockData=[blockId=conID: 3 locID: 102734074242990561 bcsId: 0,size=2097152]} | ret=SUCCESS |  
2019-09-04 11:46:08,429 [grpc-default-executor-6] INFO  client.GrpcClientProtocolClient (GrpcClientProtocolClient.java:onNext(255)) - client-D5CE890D7D9E->efcb8ff8-f060-4d95-9215-d0f5eb4af037: receive RaftClientReply:client-D5CE890D7D9E->efcb8ff8-f060-4d95-9215-d0f5eb4af037@group-0959F8DF43ED, cid=1376, SUCCESS, logIndex=1956, commits[efcb8ff8-f060-4d95-9215-d0f5eb4af037:c1959, 6fae8b02-e804-4c0e-b729-a97b7404b7f6:c1955, 4c3e8a66-6975-4917-8225-d3efe707aaff:c1953]
2019-09-04 11:46:08,430 [grpc-default-executor-6] INFO  client.GrpcClientProtocolClient (GrpcClientProtocolClient.java:onNext(255)) - client-D5CE890D7D9E->efcb8ff8-f060-4d95-9215-d0f5eb4af037: receive RaftClientReply:client-D5CE890D7D9E->efcb8ff8-f060-4d95-9215-d0f5eb4af037@group-0959F8DF43ED, cid=1377, SUCCESS, logIndex=1957, commits[efcb8ff8-f060-4d95-9215-d0f5eb4af037:c1959, 6fae8b02-e804-4c0e-b729-a97b7404b7f6:c1955, 4c3e8a66-6975-4917-8225-d3efe707aaff:c1955]
2019-09-04 11:46:08,430 [grpc-default-executor-6] INFO  client.GrpcClientProtocolClient (GrpcClientProtocolClient.java:onNext(255)) - client-D5CE890D7D9E->efcb8ff8-f060-4d95-9215-d0f5eb4af037: receive RaftClientReply:client-D5CE890D7D9E->efcb8ff8-f060-4d95-9215-d0f5eb4af037@group-0959F8DF43ED, cid=1378, SUCCESS, logIndex=1958, commits[efcb8ff8-f060-4d95-9215-d0f5eb4af037:c1959, 6fae8b02-e804-4c0e-b729-a97b7404b7f6:c1955, 4c3e8a66-6975-4917-8225-d3efe707aaff:c1955]
2019-09-04 11:46:08,430 [grpc-default-executor-6] INFO  client.GrpcClientProtocolClient (GrpcClientProtocolClient.java:onNext(255)) - client-D5CE890D7D9E->efcb8ff8-f060-4d95-9215-d0f5eb4af037: receive RaftClientReply:client-D5CE890D7D9E->efcb8ff8-f060-4d95-9215-d0f5eb4af037@group-0959F8DF43ED, cid=1379, SUCCESS, logIndex=1959, commits[efcb8ff8-f060-4d95-9215-d0f5eb4af037:c1959, 6fae8b02-e804-4c0e-b729-a97b7404b7f6:c1955, 4c3e8a66-6975-4917-8225-d3efe707aaff:c1955]
2019-09-04 11:46:08,452 | INFO  | DNAudit | user=null | ip=null | op=WRITE_CHUNK {blockData=conID: 3 locID: 102734074242990561 bcsId: 0} | ret=SUCCESS |  
2019-09-04 11:46:08,452 | INFO  | DNAudit | user=null | ip=null | op=WRITE_CHUNK {blockData=conID: 3 locID: 102734074242990561 bcsId: 0} | ret=SUCCESS |  
2019-09-04 11:46:08,452 | INFO  | DNAudit | user=null | ip=null | op=PUT_BLOCK {blockData=[blockId=conID: 3 locID: 102734074242990561 bcsId: 0,size=1048576]} | ret=SUCCESS |  
2019-09-04 11:46:08,452 | INFO  | DNAudit | user=null | ip=null | op=PUT_BLOCK {blockData=[blockId=conID: 3 locID: 102734074242990561 bcsId: 0,size=1048576]} | ret=SUCCESS |  
2019-09-04 11:46:08,452 [grpc-default-executor-6] INFO  client.GrpcClientProtocolClient (GrpcClientProtocolClient.java:onNext(255)) - client-D5CE890D7D9E->efcb8ff8-f060-4d95-9215-d0f5eb4af037: receive RaftClientReply:client-D5CE890D7D9E->efcb8ff8-f060-4d95-9215-d0f5eb4af037@group-0959F8DF43ED, cid=1380, SUCCESS, logIndex=0, commits[efcb8ff8-f060-4d95-9215-d0f5eb4af037:c1960, 6fae8b02-e804-4c0e-b729-a97b7404b7f6:c1958, 4c3e8a66-6975-4917-8225-d3efe707aaff:c1958]
2019-09-04 11:46:08,453 | INFO  | DNAudit | user=null | ip=null | op=WRITE_CHUNK {blockData=conID: 3 locID: 102734074242990561 bcsId: 0} | ret=SUCCESS |  
2019-09-04 11:46:08,453 | INFO  | DNAudit | user=null | ip=null | op=WRITE_CHUNK {blockData=conID: 3 locID: 102734074242990561 bcsId: 0} | ret=SUCCESS |  
2019-09-04 11:46:08,453 | INFO  | DNAudit | user=null | ip=null | op=PUT_BLOCK {blockData=[blockId=conID: 3 locID: 102734074242990561 bcsId: 0,size=2097152]} | ret=SUCCESS |  
2019-09-04 11:46:08,453 | INFO  | DNAudit | user=null | ip=null | op=PUT_BLOCK {blockData=[blockId=conID: 3 locID: 102734074242990561 bcsId: 0,size=2097152]} | ret=SUCCESS |  
2019-09-04 11:46:08,459 | INFO  | DNAudit | user=null | ip=null | op=WRITE_CHUNK {blockData=conID: 3 locID: 102734074242990561 bcsId: 1959} | ret=SUCCESS |  
2019-09-04 11:46:08,461 | INFO  | DNAudit | user=null | ip=null | op=WRITE_CHUNK {blockData=conID: 3 locID: 102734074242990561 bcsId: 1959} | ret=SUCCESS |  
2019-09-04 11:46:08,462 | INFO  | DNAudit | user=null | ip=null | op=WRITE_CHUNK {blockData=conID: 3 locID: 102734074242990561 bcsId: 1959} | ret=SUCCESS |  
2019-09-04 11:46:08,470 | INFO  | DNAudit | user=null | ip=null | op=WRITE_CHUNK {blockData=conID: 3 locID: 102734074242990561 bcsId: 1959} | ret=SUCCESS |  
2019-09-04 11:46:08,471 | INFO  | DNAudit | user=null | ip=null | op=PUT_BLOCK {blockData=[blockId=conID: 3 locID: 102734074242990561 bcsId: 0,size=3145728]} | ret=SUCCESS |  
2019-09-04 11:46:08,471 [grpc-default-executor-1] INFO  client.GrpcClientProtocolClient (GrpcClientProtocolClient.java:onNext(255)) - client-D5CE890D7D9E->efcb8ff8-f060-4d95-9215-d0f5eb4af037: receive RaftClientReply:client-D5CE890D7D9E->efcb8ff8-f060-4d95-9215-d0f5eb4af037@group-0959F8DF43ED, cid=1381, SUCCESS, logIndex=1963, commits[efcb8ff8-f060-4d95-9215-d0f5eb4af037:c1964, 6fae8b02-e804-4c0e-b729-a97b7404b7f6:c1962, 4c3e8a66-6975-4917-8225-d3efe707aaff:c1962]
2019-09-04 11:46:08,471 [grpc-default-executor-1] INFO  client.GrpcClientProtocolClient (GrpcClientProtocolClient.java:onNext(255)) - client-D5CE890D7D9E->efcb8ff8-f060-4d95-9215-d0f5eb4af037: receive RaftClientReply:client-D5CE890D7D9E->efcb8ff8-f060-4d95-9215-d0f5eb4af037@group-0959F8DF43ED, cid=1382, SUCCESS, logIndex=1964, commits[efcb8ff8-f060-4d95-9215-d0f5eb4af037:c1964, 6fae8b02-e804-4c0e-b729-a97b7404b7f6:c1962, 4c3e8a66-6975-4917-8225-d3efe707aaff:c1962]
2019-09-04 11:46:08,478 | INFO  | DNAudit | user=null | ip=null | op=WRITE_CHUNK {blockData=conID: 3 locID: 102734074242990561 bcsId: 1964} | ret=SUCCESS |  
2019-09-04 11:46:08,481 | INFO  | DNAudit | user=null | ip=null | op=WRITE_CHUNK {blockData=conID: 3 locID: 102734074242990561 bcsId: 1964} | ret=SUCCESS |  
2019-09-04 11:46:08,481 | INFO  | DNAudit | user=null | ip=null | op=WRITE_CHUNK {blockData=conID: 3 locID: 102734074242990561 bcsId: 1964} | ret=SUCCESS |  
2019-09-04 11:46:08,481 | INFO  | DNAudit | user=null | ip=null | op=WRITE_CHUNK {blockData=conID: 3 locID: 102734074242990561 bcsId: 1959} | ret=SUCCESS |  
2019-09-04 11:46:08,481 | INFO  | DNAudit | user=null | ip=null | op=WRITE_CHUNK {blockData=conID: 3 locID: 102734074242990561 bcsId: 1959} | ret=SUCCESS |  
2019-09-04 11:46:08,482 | INFO  | DNAudit | user=null | ip=null | op=PUT_BLOCK {blockData=[blockId=conID: 3 locID: 102734074242990561 bcsId: 0,size=3145728]} | ret=SUCCESS |  
2019-09-04 11:46:08,482 | INFO  | DNAudit | user=null | ip=null | op=PUT_BLOCK {blockData=[blockId=conID: 3 locID: 102734074242990561 bcsId: 0,size=3145728]} | ret=SUCCESS |  
2019-09-04 11:46:08,483 | INFO  | DNAudit | user=null | ip=null | op=WRITE_CHUNK {blockData=conID: 3 locID: 102734074242990561 bcsId: 1964} | ret=SUCCESS |  
2019-09-04 11:46:08,483 | INFO  | DNAudit | user=null | ip=null | op=PUT_BLOCK {blockData=[blockId=conID: 3 locID: 102734074242990561 bcsId: 0,size=4194304]} | ret=SUCCESS |  
2019-09-04 11:46:08,484 [grpc-default-executor-0] INFO  client.GrpcClientProtocolClient (GrpcClientProtocolClient.java:onNext(255)) - client-D5CE890D7D9E->efcb8ff8-f060-4d95-9215-d0f5eb4af037: receive RaftClientReply:client-D5CE890D7D9E->efcb8ff8-f060-4d95-9215-d0f5eb4af037@group-0959F8DF43ED, cid=1383, SUCCESS, logIndex=1967, commits[efcb8ff8-f060-4d95-9215-d0f5eb4af037:c1968, 6fae8b02-e804-4c0e-b729-a97b7404b7f6:c1964, 4c3e8a66-6975-4917-8225-d3efe707aaff:c1964]
2019-09-04 11:46:08,484 [grpc-default-executor-0] INFO  client.GrpcClientProtocolClient (GrpcClientProtocolClient.java:onNext(255)) - client-D5CE890D7D9E->efcb8ff8-f060-4d95-9215-d0f5eb4af037: receive RaftClientReply:client-D5CE890D7D9E->efcb8ff8-f060-4d95-9215-d0f5eb4af037@group-0959F8DF43ED, cid=1384, SUCCESS, logIndex=1968, commits[efcb8ff8-f060-4d95-9215-d0f5eb4af037:c1968, 6fae8b02-e804-4c0e-b729-a97b7404b7f6:c1964, 4c3e8a66-6975-4917-8225-d3efe707aaff:c1964]
2019-09-04 11:46:08,494 | INFO  | DNAudit | user=null | ip=null | op=WRITE_CHUNK {blockData=conID: 3 locID: 102734074242990561 bcsId: 1964} | ret=SUCCESS |  
2019-09-04 11:46:08,494 | INFO  | DNAudit | user=null | ip=null | op=WRITE_CHUNK {blockData=conID: 3 locID: 102734074242990561 bcsId: 1964} | ret=SUCCESS |  
2019-09-04 11:46:08,495 | INFO  | DNAudit | user=null | ip=null | op=PUT_BLOCK {blockData=[blockId=conID: 3 locID: 102734074242990561 bcsId: 0,size=4194304]} | ret=SUCCESS |  
2019-09-04 11:46:08,495 | INFO  | DNAudit | user=null | ip=null | op=PUT_BLOCK {blockData=[blockId=conID: 3 locID: 102734074242990561 bcsId: 0,size=4194304]} | ret=SUCCESS |  
2019-09-04 11:46:08,495 [grpc-default-executor-0] INFO  client.GrpcClientProtocolClient (GrpcClientProtocolClient.java:onNext(255)) - client-D5CE890D7D9E->efcb8ff8-f060-4d95-9215-d0f5eb4af037: receive RaftClientReply:client-D5CE890D7D9E->efcb8ff8-f060-4d95-9215-d0f5eb4af037@group-0959F8DF43ED, cid=1385, SUCCESS, logIndex=0, commits[efcb8ff8-f060-4d95-9215-d0f5eb4af037:c1970, 6fae8b02-e804-4c0e-b729-a97b7404b7f6:c1968, 4c3e8a66-6975-4917-8225-d3efe707aaff:c1968]
2019-09-04 11:46:08,499 | INFO  | SCMAudit | user=jenkins1000 | ip=192.168.36.67 | op=ALLOCATE_BLOCK {owner=8ab292a2-aaa7-4ad8-863a-d33994811155, size=4194304, type=RATIS, factor=THREE} | ret=SUCCESS |  
2019-09-04 11:46:08,501 | INFO  | OMAudit | user=jenkins1000 | ip=127.0.0.1 | op=ALLOCATE_BLOCK {volume=vol-0-58699, bucket=bucket-0-57464, key=key-0-37266, dataSize=0, replicationType=null, replicationFactor=null, keyLocationInfo=null, clientID=102734073355960722} | ret=SUCCESS |  
2019-09-04 11:46:08,648 | INFO  | DNAudit | user=null | ip=null | op=WRITE_CHUNK {blockData=conID: 1 locID: 102734074249150946 bcsId: 0} | ret=SUCCESS |  
2019-09-04 11:46:08,652 | INFO  | DNAudit | user=null | ip=null | op=WRITE_CHUNK {blockData=conID: 1 locID: 102734074249150946 bcsId: 0} | ret=SUCCESS |  
2019-09-04 11:46:08,652 | INFO  | DNAudit | user=null | ip=null | op=WRITE_CHUNK {blockData=conID: 1 locID: 102734074249150946 bcsId: 0} | ret=SUCCESS |  
2019-09-04 11:46:08,652 | INFO  | DNAudit | user=null | ip=null | op=WRITE_CHUNK {blockData=conID: 1 locID: 102734074249150946 bcsId: 0} | ret=SUCCESS |  
2019-09-04 11:46:08,653 | INFO  | DNAudit | user=null | ip=null | op=WRITE_CHUNK {blockData=conID: 1 locID: 102734074249150946 bcsId: 0} | ret=SUCCESS |  
2019-09-04 11:46:08,653 | INFO  | DNAudit | user=null | ip=null | op=WRITE_CHUNK {blockData=conID: 1 locID: 102734074249150946 bcsId: 0} | ret=SUCCESS |  
2019-09-04 11:46:08,683 | INFO  | SCMAudit | user=jenkins1000 | ip=192.168.36.67 | op=SEND_HEARTBEAT {datanodeUUID=0b776101-1d39-4f23-96c0-6a8ead31197c, command=[]} | ret=SUCCESS |  
2019-09-04 11:46:08,685 | INFO  | SCMAudit | user=jenkins1000 | ip=192.168.36.67 | op=SEND_HEARTBEAT {datanodeUUID=efcb8ff8-f060-4d95-9215-d0f5eb4af037, command=[]} | ret=SUCCESS |  
2019-09-04 11:46:08,693 | INFO  | SCMAudit | user=jenkins1000 | ip=192.168.36.67 | op=SEND_HEARTBEAT {datanodeUUID=4c3e8a66-6975-4917-8225-d3efe707aaff, command=[]} | ret=SUCCESS |  
2019-09-04 11:46:08,693 | INFO  | SCMAudit | user=jenkins1000 | ip=192.168.36.67 | op=SEND_HEARTBEAT {datanodeUUID=6fae8b02-e804-4c0e-b729-a97b7404b7f6, command=[]} | ret=SUCCESS |  
2019-09-04 11:46:08,745 | INFO  | DNAudit | user=null | ip=null | op=WRITE_CHUNK {blockData=conID: 1 locID: 102734074249150946 bcsId: 0} | ret=SUCCESS |  
2019-09-04 11:46:08,746 | INFO  | DNAudit | user=null | ip=null | op=PUT_BLOCK {blockData=[blockId=conID: 1 locID: 102734074249150946 bcsId: 0,size=1048576]} | ret=SUCCESS |  
2019-09-04 11:46:08,746 [grpc-default-executor-4] INFO  client.GrpcClientProtocolClient (GrpcClientProtocolClient.java:onNext(255)) - client-D5CE890D7D9E->efcb8ff8-f060-4d95-9215-d0f5eb4af037: receive RaftClientReply:client-D5CE890D7D9E->efcb8ff8-f060-4d95-9215-d0f5eb4af037@group-0959F8DF43ED, cid=1386, SUCCESS, logIndex=1971, commits[efcb8ff8-f060-4d95-9215-d0f5eb4af037:c1974, 6fae8b02-e804-4c0e-b729-a97b7404b7f6:c1970, 4c3e8a66-6975-4917-8225-d3efe707aaff:c1970]
2019-09-04 11:46:08,746 | INFO  | DNAudit | user=null | ip=null | op=WRITE_CHUNK {blockData=conID: 1 locID: 102734074249150946 bcsId: 0} | ret=SUCCESS |  
2019-09-04 11:46:08,746 [grpc-default-executor-4] INFO  client.GrpcClientProtocolClient (GrpcClientProtocolClient.java:onNext(255)) - client-D5CE890D7D9E->efcb8ff8-f060-4d95-9215-d0f5eb4af037: receive RaftClientReply:client-D5CE890D7D9E->efcb8ff8-f060-4d95-9215-d0f5eb4af037@group-0959F8DF43ED, cid=1387, SUCCESS, logIndex=1972, commits[efcb8ff8-f060-4d95-9215-d0f5eb4af037:c1974, 6fae8b02-e804-4c0e-b729-a97b7404b7f6:c1970, 4c3e8a66-6975-4917-8225-d3efe707aaff:c1970]
2019-09-04 11:46:08,747 | INFO  | DNAudit | user=null | ip=null | op=PUT_BLOCK {blockData=[blockId=conID: 1 locID: 102734074249150946 bcsId: 0,size=2097152]} | ret=SUCCESS |  
2019-09-04 11:46:08,747 [grpc-default-executor-4] INFO  client.GrpcClientProtocolClient (GrpcClientProtocolClient.java:onNext(255)) - client-D5CE890D7D9E->efcb8ff8-f060-4d95-9215-d0f5eb4af037: receive RaftClientReply:client-D5CE890D7D9E->efcb8ff8-f060-4d95-9215-d0f5eb4af037@group-0959F8DF43ED, cid=1388, SUCCESS, logIndex=1973, commits[efcb8ff8-f060-4d95-9215-d0f5eb4af037:c1974, 6fae8b02-e804-4c0e-b729-a97b7404b7f6:c1970, 4c3e8a66-6975-4917-8225-d3efe707aaff:c1970]
2019-09-04 11:46:08,747 [grpc-default-executor-4] INFO  client.GrpcClientProtocolClient (GrpcClientProtocolClient.java:onNext(255)) - client-D5CE890D7D9E->efcb8ff8-f060-4d95-9215-d0f5eb4af037: receive RaftClientReply:client-D5CE890D7D9E->efcb8ff8-f060-4d95-9215-d0f5eb4af037@group-0959F8DF43ED, cid=1389, SUCCESS, logIndex=1974, commits[efcb8ff8-f060-4d95-9215-d0f5eb4af037:c1974, 6fae8b02-e804-4c0e-b729-a97b7404b7f6:c1970, 4c3e8a66-6975-4917-8225-d3efe707aaff:c1970]
2019-09-04 11:46:08,829 | INFO  | DNAudit | user=null | ip=null | op=WRITE_CHUNK {blockData=conID: 1 locID: 102734074249150946 bcsId: 0} | ret=SUCCESS |  
2019-09-04 11:46:08,830 | INFO  | DNAudit | user=null | ip=null | op=PUT_BLOCK {blockData=[blockId=conID: 1 locID: 102734074249150946 bcsId: 0,size=1048576]} | ret=SUCCESS |  
2019-09-04 11:46:08,832 | INFO  | DNAudit | user=null | ip=null | op=WRITE_CHUNK {blockData=conID: 1 locID: 102734074249150946 bcsId: 0} | ret=SUCCESS |  
2019-09-04 11:46:08,833 | INFO  | DNAudit | user=null | ip=null | op=PUT_BLOCK {blockData=[blockId=conID: 1 locID: 102734074249150946 bcsId: 0,size=1048576]} | ret=SUCCESS |  
2019-09-04 11:46:08,833 [grpc-default-executor-4] INFO  client.GrpcClientProtocolClient (GrpcClientProtocolClient.java:onNext(255)) - client-D5CE890D7D9E->efcb8ff8-f060-4d95-9215-d0f5eb4af037: receive RaftClientReply:client-D5CE890D7D9E->efcb8ff8-f060-4d95-9215-d0f5eb4af037@group-0959F8DF43ED, cid=1390, SUCCESS, logIndex=0, commits[efcb8ff8-f060-4d95-9215-d0f5eb4af037:c1975, 6fae8b02-e804-4c0e-b729-a97b7404b7f6:c1972, 4c3e8a66-6975-4917-8225-d3efe707aaff:c1972]
2019-09-04 11:46:08,839 | INFO  | DNAudit | user=null | ip=null | op=WRITE_CHUNK {blockData=conID: 1 locID: 102734074249150946 bcsId: 1974} | ret=SUCCESS |  
2019-09-04 11:46:08,841 | INFO  | DNAudit | user=null | ip=null | op=WRITE_CHUNK {blockData=conID: 1 locID: 102734074249150946 bcsId: 1974} | ret=SUCCESS |  
2019-09-04 11:46:08,841 | INFO  | DNAudit | user=null | ip=null | op=WRITE_CHUNK {blockData=conID: 1 locID: 102734074249150946 bcsId: 1974} | ret=SUCCESS |  
 0.00% |█                                                                                                    |  0/1 Time: 0:00:142019-09-04 11:46:08,972 | INFO  | DNAudit | user=null | ip=null | op=WRITE_CHUNK {blockData=conID: 1 locID: 102734074249150946 bcsId: 0} | ret=SUCCESS |  
2019-09-04 11:46:08,973 | INFO  | DNAudit | user=null | ip=null | op=WRITE_CHUNK {blockData=conID: 1 locID: 102734074249150946 bcsId: 0} | ret=SUCCESS |  
2019-09-04 11:46:08,973 | INFO  | DNAudit | user=null | ip=null | op=PUT_BLOCK {blockData=[blockId=conID: 1 locID: 102734074249150946 bcsId: 0,size=2097152]} | ret=SUCCESS |  
2019-09-04 11:46:08,973 | INFO  | DNAudit | user=null | ip=null | op=PUT_BLOCK {blockData=[blockId=conID: 1 locID: 102734074249150946 bcsId: 0,size=2097152]} | ret=SUCCESS |  
2019-09-04 11:46:08,984 | INFO  | DNAudit | user=null | ip=null | op=WRITE_CHUNK {blockData=conID: 1 locID: 102734074249150946 bcsId: 1974} | ret=SUCCESS |  
2019-09-04 11:46:08,985 | INFO  | DNAudit | user=null | ip=null | op=PUT_BLOCK {blockData=[blockId=conID: 1 locID: 102734074249150946 bcsId: 0,size=3145728]} | ret=SUCCESS |  
2019-09-04 11:46:08,985 [grpc-default-executor-1] INFO  client.GrpcClientProtocolClient (GrpcClientProtocolClient.java:onNext(255)) - client-D5CE890D7D9E->efcb8ff8-f060-4d95-9215-d0f5eb4af037: receive RaftClientReply:client-D5CE890D7D9E->efcb8ff8-f060-4d95-9215-d0f5eb4af037@group-0959F8DF43ED, cid=1391, SUCCESS, logIndex=1979, commits[efcb8ff8-f060-4d95-9215-d0f5eb4af037:c1980, 6fae8b02-e804-4c0e-b729-a97b7404b7f6:c1975, 4c3e8a66-6975-4917-8225-d3efe707aaff:c1975]
2019-09-04 11:46:08,985 [grpc-default-executor-1] INFO  client.GrpcClientProtocolClient (GrpcClientProtocolClient.java:onNext(255)) - client-D5CE890D7D9E->efcb8ff8-f060-4d95-9215-d0f5eb4af037: receive RaftClientReply:client-D5CE890D7D9E->efcb8ff8-f060-4d95-9215-d0f5eb4af037@group-0959F8DF43ED, cid=1392, SUCCESS, logIndex=1980, commits[efcb8ff8-f060-4d95-9215-d0f5eb4af037:c1980, 6fae8b02-e804-4c0e-b729-a97b7404b7f6:c1975, 4c3e8a66-6975-4917-8225-d3efe707aaff:c1975]
2019-09-04 11:46:08,993 | INFO  | DNAudit | user=null | ip=null | op=WRITE_CHUNK {blockData=conID: 1 locID: 102734074249150946 bcsId: 1980} | ret=SUCCESS |  
2019-09-04 11:46:08,996 | INFO  | DNAudit | user=null | ip=null | op=WRITE_CHUNK {blockData=conID: 1 locID: 102734074249150946 bcsId: 1980} | ret=SUCCESS |  
2019-09-04 11:46:08,998 | INFO  | DNAudit | user=null | ip=null | op=WRITE_CHUNK {blockData=conID: 1 locID: 102734074249150946 bcsId: 1974} | ret=SUCCESS |  
2019-09-04 11:46:08,998 | INFO  | DNAudit | user=null | ip=null | op=WRITE_CHUNK {blockData=conID: 1 locID: 102734074249150946 bcsId: 1974} | ret=SUCCESS |  
2019-09-04 11:46:08,999 | INFO  | DNAudit | user=null | ip=null | op=PUT_BLOCK {blockData=[blockId=conID: 1 locID: 102734074249150946 bcsId: 0,size=3145728]} | ret=SUCCESS |  
2019-09-04 11:46:08,999 | INFO  | DNAudit | user=null | ip=null | op=WRITE_CHUNK {blockData=conID: 1 locID: 102734074249150946 bcsId: 1980} | ret=SUCCESS |  
2019-09-04 11:46:09,000 | INFO  | DNAudit | user=null | ip=null | op=WRITE_CHUNK {blockData=conID: 1 locID: 102734074249150946 bcsId: 1980} | ret=SUCCESS |  
2019-09-04 11:46:09,000 | INFO  | DNAudit | user=null | ip=null | op=PUT_BLOCK {blockData=[blockId=conID: 1 locID: 102734074249150946 bcsId: 0,size=4194304]} | ret=SUCCESS |  
2019-09-04 11:46:09,000 [grpc-default-executor-1] INFO  client.GrpcClientProtocolClient (GrpcClientProtocolClient.java:onNext(255)) - client-D5CE890D7D9E->efcb8ff8-f060-4d95-9215-d0f5eb4af037: receive RaftClientReply:client-D5CE890D7D9E->efcb8ff8-f060-4d95-9215-d0f5eb4af037@group-0959F8DF43ED, cid=1393, SUCCESS, logIndex=1983, commits[efcb8ff8-f060-4d95-9215-d0f5eb4af037:c1984, 6fae8b02-e804-4c0e-b729-a97b7404b7f6:c1980, 4c3e8a66-6975-4917-8225-d3efe707aaff:c1979]
2019-09-04 11:46:09,001 [grpc-default-executor-1] INFO  client.GrpcClientProtocolClient (GrpcClientProtocolClient.java:onNext(255)) - client-D5CE890D7D9E->efcb8ff8-f060-4d95-9215-d0f5eb4af037: receive RaftClientReply:client-D5CE890D7D9E->efcb8ff8-f060-4d95-9215-d0f5eb4af037@group-0959F8DF43ED, cid=1394, SUCCESS, logIndex=1984, commits[efcb8ff8-f060-4d95-9215-d0f5eb4af037:c1984, 6fae8b02-e804-4c0e-b729-a97b7404b7f6:c1980, 4c3e8a66-6975-4917-8225-d3efe707aaff:c1979]
2019-09-04 11:46:09,009 | INFO  | DNAudit | user=null | ip=null | op=PUT_BLOCK {blockData=[blockId=conID: 1 locID: 102734074249150946 bcsId: 0,size=3145728]} | ret=SUCCESS |  
2019-09-04 11:46:09,009 | INFO  | DNAudit | user=null | ip=null | op=WRITE_CHUNK {blockData=conID: 1 locID: 102734074249150946 bcsId: 1980} | ret=SUCCESS |  
2019-09-04 11:46:09,010 [grpc-default-executor-1] INFO  client.GrpcClientProtocolClient (GrpcClientProtocolClient.java:onNext(255)) - client-D5CE890D7D9E->efcb8ff8-f060-4d95-9215-d0f5eb4af037: receive RaftClientReply:client-D5CE890D7D9E->efcb8ff8-f060-4d95-9215-d0f5eb4af037@group-0959F8DF43ED, cid=1395, SUCCESS, logIndex=0, commits[efcb8ff8-f060-4d95-9215-d0f5eb4af037:c1984, 6fae8b02-e804-4c0e-b729-a97b7404b7f6:c1980, 4c3e8a66-6975-4917-8225-d3efe707aaff:c1980]
2019-09-04 11:46:09,010 | INFO  | DNAudit | user=null | ip=null | op=PUT_BLOCK {blockData=[blockId=conID: 1 locID: 102734074249150946 bcsId: 0,size=4194304]} | ret=SUCCESS |  
2019-09-04 11:46:09,011 | INFO  | DNAudit | user=null | ip=null | op=WRITE_CHUNK {blockData=conID: 1 locID: 102734074249150946 bcsId: 1980} | ret=SUCCESS |  
2019-09-04 11:46:09,011 | INFO  | DNAudit | user=null | ip=null | op=PUT_BLOCK {blockData=[blockId=conID: 1 locID: 102734074249150946 bcsId: 0,size=4194304]} | ret=SUCCESS |  
2019-09-04 11:46:09,011 [grpc-default-executor-4] INFO  client.GrpcClientProtocolClient (GrpcClientProtocolClient.java:onNext(255)) - client-D5CE890D7D9E->efcb8ff8-f060-4d95-9215-d0f5eb4af037: receive RaftClientReply:client-D5CE890D7D9E->efcb8ff8-f060-4d95-9215-d0f5eb4af037@group-0959F8DF43ED, cid=1396, SUCCESS, logIndex=0, commits[efcb8ff8-f060-4d95-9215-d0f5eb4af037:c1986, 6fae8b02-e804-4c0e-b729-a97b7404b7f6:c1984, 4c3e8a66-6975-4917-8225-d3efe707aaff:c1984]
2019-09-04 11:46:09,017 | INFO  | SCMAudit | user=jenkins1000 | ip=192.168.36.67 | op=ALLOCATE_BLOCK {owner=8ab292a2-aaa7-4ad8-863a-d33994811155, size=4194304, type=RATIS, factor=THREE} | ret=SUCCESS |  
2019-09-04 11:46:09,020 | INFO  | OMAudit | user=jenkins1000 | ip=127.0.0.1 | op=ALLOCATE_BLOCK {volume=vol-0-58699, bucket=bucket-0-57464, key=key-0-37266, dataSize=0, replicationType=null, replicationFactor=null, keyLocationInfo=null, clientID=102734073355960722} | ret=SUCCESS |  
2019-09-04 11:46:09,028 | INFO  | DNAudit | user=null | ip=null | op=WRITE_CHUNK {blockData=conID: 2 locID: 102734074283098595 bcsId: 0} | ret=SUCCESS |  
2019-09-04 11:46:09,030 | INFO  | DNAudit | user=null | ip=null | op=WRITE_CHUNK {blockData=conID: 2 locID: 102734074283098595 bcsId: 0} | ret=SUCCESS |  
2019-09-04 11:46:09,030 | INFO  | DNAudit | user=null | ip=null | op=WRITE_CHUNK {blockData=conID: 2 locID: 102734074283098595 bcsId: 0} | ret=SUCCESS |  
2019-09-04 11:46:09,030 | INFO  | DNAudit | user=null | ip=null | op=WRITE_CHUNK {blockData=conID: 2 locID: 102734074283098595 bcsId: 0} | ret=SUCCESS |  
2019-09-04 11:46:09,031 | INFO  | DNAudit | user=null | ip=null | op=WRITE_CHUNK {blockData=conID: 2 locID: 102734074283098595 bcsId: 0} | ret=SUCCESS |  
2019-09-04 11:46:09,032 | INFO  | DNAudit | user=null | ip=null | op=WRITE_CHUNK {blockData=conID: 2 locID: 102734074283098595 bcsId: 0} | ret=SUCCESS |  
2019-09-04 11:46:09,036 | INFO  | DNAudit | user=null | ip=null | op=WRITE_CHUNK {blockData=conID: 2 locID: 102734074283098595 bcsId: 0} | ret=SUCCESS |  
2019-09-04 11:46:09,037 | INFO  | DNAudit | user=null | ip=null | op=PUT_BLOCK {blockData=[blockId=conID: 2 locID: 102734074283098595 bcsId: 0,size=1048576]} | ret=SUCCESS |  
2019-09-04 11:46:09,037 | INFO  | DNAudit | user=null | ip=null | op=WRITE_CHUNK {blockData=conID: 2 locID: 102734074283098595 bcsId: 0} | ret=SUCCESS |  
2019-09-04 11:46:09,037 [grpc-default-executor-4] INFO  client.GrpcClientProtocolClient (GrpcClientProtocolClient.java:onNext(255)) - client-D5CE890D7D9E->efcb8ff8-f060-4d95-9215-d0f5eb4af037: receive RaftClientReply:client-D5CE890D7D9E->efcb8ff8-f060-4d95-9215-d0f5eb4af037@group-0959F8DF43ED, cid=1397, SUCCESS, logIndex=1987, commits[efcb8ff8-f060-4d95-9215-d0f5eb4af037:c1988, 6fae8b02-e804-4c0e-b729-a97b7404b7f6:c1986, 4c3e8a66-6975-4917-8225-d3efe707aaff:c1986]
2019-09-04 11:46:09,037 | INFO  | DNAudit | user=null | ip=null | op=PUT_BLOCK {blockData=[blockId=conID: 2 locID: 102734074283098595 bcsId: 0,size=2097152]} | ret=SUCCESS |  
2019-09-04 11:46:09,037 [grpc-default-executor-4] INFO  client.GrpcClientProtocolClient (GrpcClientProtocolClient.java:onNext(255)) - client-D5CE890D7D9E->efcb8ff8-f060-4d95-9215-d0f5eb4af037: receive RaftClientReply:client-D5CE890D7D9E->efcb8ff8-f060-4d95-9215-d0f5eb4af037@group-0959F8DF43ED, cid=1398, SUCCESS, logIndex=1988, commits[efcb8ff8-f060-4d95-9215-d0f5eb4af037:c1990, 6fae8b02-e804-4c0e-b729-a97b7404b7f6:c1986, 4c3e8a66-6975-4917-8225-d3efe707aaff:c1986]
2019-09-04 11:46:09,038 [grpc-default-executor-4] INFO  client.GrpcClientProtocolClient (GrpcClientProtocolClient.java:onNext(255)) - client-D5CE890D7D9E->efcb8ff8-f060-4d95-9215-d0f5eb4af037: receive RaftClientReply:client-D5CE890D7D9E->efcb8ff8-f060-4d95-9215-d0f5eb4af037@group-0959F8DF43ED, cid=1399, SUCCESS, logIndex=1989, commits[efcb8ff8-f060-4d95-9215-d0f5eb4af037:c1990, 6fae8b02-e804-4c0e-b729-a97b7404b7f6:c1986, 4c3e8a66-6975-4917-8225-d3efe707aaff:c1986]
2019-09-04 11:46:09,038 [grpc-default-executor-4] INFO  client.GrpcClientProtocolClient (GrpcClientProtocolClient.java:onNext(255)) - client-D5CE890D7D9E->efcb8ff8-f060-4d95-9215-d0f5eb4af037: receive RaftClientReply:client-D5CE890D7D9E->efcb8ff8-f060-4d95-9215-d0f5eb4af037@group-0959F8DF43ED, cid=1400, SUCCESS, logIndex=1990, commits[efcb8ff8-f060-4d95-9215-d0f5eb4af037:c1990, 6fae8b02-e804-4c0e-b729-a97b7404b7f6:c1986, 4c3e8a66-6975-4917-8225-d3efe707aaff:c1986]
2019-09-04 11:46:09,049 | INFO  | DNAudit | user=null | ip=null | op=WRITE_CHUNK {blockData=conID: 2 locID: 102734074283098595 bcsId: 0} | ret=SUCCESS |  
2019-09-04 11:46:09,050 | INFO  | DNAudit | user=null | ip=null | op=PUT_BLOCK {blockData=[blockId=conID: 2 locID: 102734074283098595 bcsId: 0,size=1048576]} | ret=SUCCESS |  
2019-09-04 11:46:09,055 | INFO  | DNAudit | user=null | ip=null | op=WRITE_CHUNK {blockData=conID: 2 locID: 102734074283098595 bcsId: 0} | ret=SUCCESS |  
2019-09-04 11:46:09,055 | INFO  | DNAudit | user=null | ip=null | op=WRITE_CHUNK {blockData=conID: 2 locID: 102734074283098595 bcsId: 0} | ret=SUCCESS |  
2019-09-04 11:46:09,056 | INFO  | DNAudit | user=null | ip=null | op=PUT_BLOCK {blockData=[blockId=conID: 2 locID: 102734074283098595 bcsId: 0,size=1048576]} | ret=SUCCESS |  
2019-09-04 11:46:09,056 | INFO  | DNAudit | user=null | ip=null | op=PUT_BLOCK {blockData=[blockId=conID: 2 locID: 102734074283098595 bcsId: 0,size=2097152]} | ret=SUCCESS |  
2019-09-04 11:46:09,056 | INFO  | DNAudit | user=null | ip=null | op=WRITE_CHUNK {blockData=conID: 2 locID: 102734074283098595 bcsId: 0} | ret=SUCCESS |  
2019-09-04 11:46:09,056 | INFO  | DNAudit | user=null | ip=null | op=PUT_BLOCK {blockData=[blockId=conID: 2 locID: 102734074283098595 bcsId: 0,size=2097152]} | ret=SUCCESS |  
2019-09-04 11:46:09,057 [grpc-default-executor-4] INFO  client.GrpcClientProtocolClient (GrpcClientProtocolClient.java:onNext(255)) - client-D5CE890D7D9E->efcb8ff8-f060-4d95-9215-d0f5eb4af037: receive RaftClientReply:client-D5CE890D7D9E->efcb8ff8-f060-4d95-9215-d0f5eb4af037@group-0959F8DF43ED, cid=1401, SUCCESS, logIndex=0, commits[efcb8ff8-f060-4d95-9215-d0f5eb4af037:c1993, 6fae8b02-e804-4c0e-b729-a97b7404b7f6:c1988, 4c3e8a66-6975-4917-8225-d3efe707aaff:c1990]
2019-09-04 11:46:09,064 | INFO  | DNAudit | user=null | ip=null | op=WRITE_CHUNK {blockData=conID: 2 locID: 102734074283098595 bcsId: 1990} | ret=SUCCESS |  
2019-09-04 11:46:09,066 | INFO  | DNAudit | user=null | ip=null | op=WRITE_CHUNK {blockData=conID: 2 locID: 102734074283098595 bcsId: 1990} | ret=SUCCESS |  
2019-09-04 11:46:09,067 | INFO  | DNAudit | user=null | ip=null | op=WRITE_CHUNK {blockData=conID: 2 locID: 102734074283098595 bcsId: 1990} | ret=SUCCESS |  
2019-09-04 11:46:09,094 | INFO  | DNAudit | user=null | ip=null | op=WRITE_CHUNK {blockData=conID: 2 locID: 102734074283098595 bcsId: 1990} | ret=SUCCESS |  
2019-09-04 11:46:09,094 | INFO  | SCMAudit | user=jenkins1000 | ip=192.168.36.67 | op=SEND_HEARTBEAT {datanodeUUID=b68b188c-7f38-42ae-8403-46a39acd0731, command=[]} | ret=SUCCESS |  
2019-09-04 11:46:09,094 | INFO  | DNAudit | user=null | ip=null | op=PUT_BLOCK {blockData=[blockId=conID: 2 locID: 102734074283098595 bcsId: 0,size=3145728]} | ret=SUCCESS |  
2019-09-04 11:46:09,095 [grpc-default-executor-4] INFO  client.GrpcClientProtocolClient (GrpcClientProtocolClient.java:onNext(255)) - client-D5CE890D7D9E->efcb8ff8-f060-4d95-9215-d0f5eb4af037: receive RaftClientReply:client-D5CE890D7D9E->efcb8ff8-f060-4d95-9215-d0f5eb4af037@group-0959F8DF43ED, cid=1402, SUCCESS, logIndex=1995, commits[efcb8ff8-f060-4d95-9215-d0f5eb4af037:c1996, 6fae8b02-e804-4c0e-b729-a97b7404b7f6:c1994, 4c3e8a66-6975-4917-8225-d3efe707aaff:c1994]
2019-09-04 11:46:09,095 [grpc-default-executor-4] INFO  client.GrpcClientProtocolClient (GrpcClientProtocolClient.java:onNext(255)) - client-D5CE890D7D9E->efcb8ff8-f060-4d95-9215-d0f5eb4af037: receive RaftClientReply:client-D5CE890D7D9E->efcb8ff8-f060-4d95-9215-d0f5eb4af037@group-0959F8DF43ED, cid=1403, SUCCESS, logIndex=1996, commits[efcb8ff8-f060-4d95-9215-d0f5eb4af037:c1996, 6fae8b02-e804-4c0e-b729-a97b7404b7f6:c1994, 4c3e8a66-6975-4917-8225-d3efe707aaff:c1994]
2019-09-04 11:46:09,101 | INFO  | DNAudit | user=null | ip=null | op=WRITE_CHUNK {blockData=conID: 2 locID: 102734074283098595 bcsId: 1996} | ret=SUCCESS |  
2019-09-04 11:46:09,104 | INFO  | DNAudit | user=null | ip=null | op=WRITE_CHUNK {blockData=conID: 2 locID: 102734074283098595 bcsId: 1996} | ret=SUCCESS |  
2019-09-04 11:46:09,104 | INFO  | DNAudit | user=null | ip=null | op=WRITE_CHUNK {blockData=conID: 2 locID: 102734074283098595 bcsId: 1996} | ret=SUCCESS |  
2019-09-04 11:46:09,111 | INFO  | DNAudit | user=null | ip=null | op=WRITE_CHUNK {blockData=conID: 2 locID: 102734074283098595 bcsId: 1990} | ret=SUCCESS |  
2019-09-04 11:46:09,111 | INFO  | DNAudit | user=null | ip=null | op=WRITE_CHUNK {blockData=conID: 2 locID: 102734074283098595 bcsId: 1990} | ret=SUCCESS |  
2019-09-04 11:46:09,111 | INFO  | DNAudit | user=null | ip=null | op=PUT_BLOCK {blockData=[blockId=conID: 2 locID: 102734074283098595 bcsId: 0,size=3145728]} | ret=SUCCESS |  
2019-09-04 11:46:09,111 | INFO  | DNAudit | user=null | ip=null | op=PUT_BLOCK {blockData=[blockId=conID: 2 locID: 102734074283098595 bcsId: 0,size=3145728]} | ret=SUCCESS |  
2019-09-04 11:46:09,113 | INFO  | DNAudit | user=null | ip=null | op=WRITE_CHUNK {blockData=conID: 2 locID: 102734074283098595 bcsId: 1996} | ret=SUCCESS |  
2019-09-04 11:46:09,113 | INFO  | DNAudit | user=null | ip=null | op=PUT_BLOCK {blockData=[blockId=conID: 2 locID: 102734074283098595 bcsId: 0,size=4194304]} | ret=SUCCESS |  
2019-09-04 11:46:09,113 [grpc-default-executor-0] INFO  client.GrpcClientProtocolClient (GrpcClientProtocolClient.java:onNext(255)) - client-D5CE890D7D9E->efcb8ff8-f060-4d95-9215-d0f5eb4af037: receive RaftClientReply:client-D5CE890D7D9E->efcb8ff8-f060-4d95-9215-d0f5eb4af037@group-0959F8DF43ED, cid=1404, SUCCESS, logIndex=1999, commits[efcb8ff8-f060-4d95-9215-d0f5eb4af037:c2000, 6fae8b02-e804-4c0e-b729-a97b7404b7f6:c1996, 4c3e8a66-6975-4917-8225-d3efe707aaff:c1996]
2019-09-04 11:46:09,114 [grpc-default-executor-0] INFO  client.GrpcClientProtocolClient (GrpcClientProtocolClient.java:onNext(255)) - client-D5CE890D7D9E->efcb8ff8-f060-4d95-9215-d0f5eb4af037: receive RaftClientReply:client-D5CE890D7D9E->efcb8ff8-f060-4d95-9215-d0f5eb4af037@group-0959F8DF43ED, cid=1405, SUCCESS, logIndex=2000, commits[efcb8ff8-f060-4d95-9215-d0f5eb4af037:c2000, 6fae8b02-e804-4c0e-b729-a97b7404b7f6:c1996, 4c3e8a66-6975-4917-8225-d3efe707aaff:c1996]
2019-09-04 11:46:09,121 | INFO  | DNAudit | user=null | ip=null | op=WRITE_CHUNK {blockData=conID: 2 locID: 102734074283098595 bcsId: 1996} | ret=SUCCESS |  
2019-09-04 11:46:09,121 | INFO  | DNAudit | user=null | ip=null | op=WRITE_CHUNK {blockData=conID: 2 locID: 102734074283098595 bcsId: 1996} | ret=SUCCESS |  
2019-09-04 11:46:09,122 | INFO  | DNAudit | user=null | ip=null | op=PUT_BLOCK {blockData=[blockId=conID: 2 locID: 102734074283098595 bcsId: 0,size=4194304]} | ret=SUCCESS |  
2019-09-04 11:46:09,122 | INFO  | DNAudit | user=null | ip=null | op=PUT_BLOCK {blockData=[blockId=conID: 2 locID: 102734074283098595 bcsId: 0,size=4194304]} | ret=SUCCESS |  
2019-09-04 11:46:09,123 [grpc-default-executor-0] INFO  client.GrpcClientProtocolClient (GrpcClientProtocolClient.java:onNext(255)) - client-D5CE890D7D9E->efcb8ff8-f060-4d95-9215-d0f5eb4af037: receive RaftClientReply:client-D5CE890D7D9E->efcb8ff8-f060-4d95-9215-d0f5eb4af037@group-0959F8DF43ED, cid=1406, SUCCESS, logIndex=0, commits[efcb8ff8-f060-4d95-9215-d0f5eb4af037:c2002, 6fae8b02-e804-4c0e-b729-a97b7404b7f6:c2000, 4c3e8a66-6975-4917-8225-d3efe707aaff:c2000]
2019-09-04 11:46:09,126 | INFO  | SCMAudit | user=jenkins1000 | ip=192.168.36.67 | op=ALLOCATE_BLOCK {owner=8ab292a2-aaa7-4ad8-863a-d33994811155, size=4194304, type=RATIS, factor=THREE} | ret=SUCCESS |  
2019-09-04 11:46:09,128 | INFO  | OMAudit | user=jenkins1000 | ip=127.0.0.1 | op=ALLOCATE_BLOCK {volume=vol-0-58699, bucket=bucket-0-57464, key=key-0-37266, dataSize=0, replicationType=null, replicationFactor=null, keyLocationInfo=null, clientID=102734073355960722} | ret=SUCCESS |  
2019-09-04 11:46:09,135 | INFO  | DNAudit | user=null | ip=null | op=WRITE_CHUNK {blockData=conID: 3 locID: 102734074290242020 bcsId: 0} | ret=SUCCESS |  
2019-09-04 11:46:09,137 | INFO  | DNAudit | user=null | ip=null | op=WRITE_CHUNK {blockData=conID: 3 locID: 102734074290242020 bcsId: 0} | ret=SUCCESS |  
2019-09-04 11:46:09,137 | INFO  | DNAudit | user=null | ip=null | op=WRITE_CHUNK {blockData=conID: 3 locID: 102734074290242020 bcsId: 0} | ret=SUCCESS |  
2019-09-04 11:46:09,138 | INFO  | DNAudit | user=null | ip=null | op=WRITE_CHUNK {blockData=conID: 3 locID: 102734074290242020 bcsId: 0} | ret=SUCCESS |  
2019-09-04 11:46:09,139 | INFO  | DNAudit | user=null | ip=null | op=WRITE_CHUNK {blockData=conID: 3 locID: 102734074290242020 bcsId: 0} | ret=SUCCESS |  
2019-09-04 11:46:09,139 | INFO  | DNAudit | user=null | ip=null | op=WRITE_CHUNK {blockData=conID: 3 locID: 102734074290242020 bcsId: 0} | ret=SUCCESS |  
2019-09-04 11:46:09,141 | INFO  | DNAudit | user=null | ip=null | op=WRITE_CHUNK {blockData=conID: 3 locID: 102734074290242020 bcsId: 0} | ret=SUCCESS |  
2019-09-04 11:46:09,141 | INFO  | DNAudit | user=null | ip=null | op=PUT_BLOCK {blockData=[blockId=conID: 3 locID: 102734074290242020 bcsId: 0,size=1048576]} | ret=SUCCESS |  
2019-09-04 11:46:09,141 [grpc-default-executor-0] INFO  client.GrpcClientProtocolClient (GrpcClientProtocolClient.java:onNext(255)) - client-D5CE890D7D9E->efcb8ff8-f060-4d95-9215-d0f5eb4af037: receive RaftClientReply:client-D5CE890D7D9E->efcb8ff8-f060-4d95-9215-d0f5eb4af037@group-0959F8DF43ED, cid=1407, SUCCESS, logIndex=2003, commits[efcb8ff8-f060-4d95-9215-d0f5eb4af037:c2003, 6fae8b02-e804-4c0e-b729-a97b7404b7f6:c2000, 4c3e8a66-6975-4917-8225-d3efe707aaff:c2002]
2019-09-04 11:46:09,142 | INFO  | DNAudit | user=null | ip=null | op=WRITE_CHUNK {blockData=conID: 3 locID: 102734074290242020 bcsId: 0} | ret=SUCCESS |  
2019-09-04 11:46:09,142 [grpc-default-executor-0] INFO  client.GrpcClientProtocolClient (GrpcClientProtocolClient.java:onNext(255)) - client-D5CE890D7D9E->efcb8ff8-f060-4d95-9215-d0f5eb4af037: receive RaftClientReply:client-D5CE890D7D9E->efcb8ff8-f060-4d95-9215-d0f5eb4af037@group-0959F8DF43ED, cid=1408, SUCCESS, logIndex=2004, commits[efcb8ff8-f060-4d95-9215-d0f5eb4af037:c2006, 6fae8b02-e804-4c0e-b729-a97b7404b7f6:c2002, 4c3e8a66-6975-4917-8225-d3efe707aaff:c2002]
2019-09-04 11:46:09,142 | INFO  | DNAudit | user=null | ip=null | op=PUT_BLOCK {blockData=[blockId=conID: 3 locID: 102734074290242020 bcsId: 0,size=2097152]} | ret=SUCCESS |  
2019-09-04 11:46:09,142 [grpc-default-executor-0] INFO  client.GrpcClientProtocolClient (GrpcClientProtocolClient.java:onNext(255)) - client-D5CE890D7D9E->efcb8ff8-f060-4d95-9215-d0f5eb4af037: receive RaftClientReply:client-D5CE890D7D9E->efcb8ff8-f060-4d95-9215-d0f5eb4af037@group-0959F8DF43ED, cid=1409, SUCCESS, logIndex=2005, commits[efcb8ff8-f060-4d95-9215-d0f5eb4af037:c2006, 6fae8b02-e804-4c0e-b729-a97b7404b7f6:c2002, 4c3e8a66-6975-4917-8225-d3efe707aaff:c2002]
2019-09-04 11:46:09,142 | INFO  | DNAudit | user=null | ip=null | op=WRITE_CHUNK {blockData=conID: 3 locID: 102734074290242020 bcsId: 0} | ret=SUCCESS |  
2019-09-04 11:46:09,142 [grpc-default-executor-0] INFO  client.GrpcClientProtocolClient (GrpcClientProtocolClient.java:onNext(255)) - client-D5CE890D7D9E->efcb8ff8-f060-4d95-9215-d0f5eb4af037: receive RaftClientReply:client-D5CE890D7D9E->efcb8ff8-f060-4d95-9215-d0f5eb4af037@group-0959F8DF43ED, cid=1410, SUCCESS, logIndex=2006, commits[efcb8ff8-f060-4d95-9215-d0f5eb4af037:c2006, 6fae8b02-e804-4c0e-b729-a97b7404b7f6:c2002, 4c3e8a66-6975-4917-8225-d3efe707aaff:c2002]
2019-09-04 11:46:09,143 | INFO  | DNAudit | user=null | ip=null | op=WRITE_CHUNK {blockData=conID: 3 locID: 102734074290242020 bcsId: 0} | ret=SUCCESS |  
2019-09-04 11:46:09,143 | INFO  | DNAudit | user=null | ip=null | op=PUT_BLOCK {blockData=[blockId=conID: 3 locID: 102734074290242020 bcsId: 0,size=1048576]} | ret=SUCCESS |  
2019-09-04 11:46:09,143 | INFO  | DNAudit | user=null | ip=null | op=WRITE_CHUNK {blockData=conID: 3 locID: 102734074290242020 bcsId: 0} | ret=SUCCESS |  
2019-09-04 11:46:09,144 | INFO  | DNAudit | user=null | ip=null | op=PUT_BLOCK {blockData=[blockId=conID: 3 locID: 102734074290242020 bcsId: 0,size=2097152]} | ret=SUCCESS |  
2019-09-04 11:46:09,144 | INFO  | DNAudit | user=null | ip=null | op=PUT_BLOCK {blockData=[blockId=conID: 3 locID: 102734074290242020 bcsId: 0,size=1048576]} | ret=SUCCESS |  
2019-09-04 11:46:09,144 | INFO  | DNAudit | user=null | ip=null | op=WRITE_CHUNK {blockData=conID: 3 locID: 102734074290242020 bcsId: 0} | ret=SUCCESS |  
2019-09-04 11:46:09,144 | INFO  | DNAudit | user=null | ip=null | op=PUT_BLOCK {blockData=[blockId=conID: 3 locID: 102734074290242020 bcsId: 0,size=2097152]} | ret=SUCCESS |  
2019-09-04 11:46:09,144 [grpc-default-executor-0] INFO  client.GrpcClientProtocolClient (GrpcClientProtocolClient.java:onNext(255)) - client-D5CE890D7D9E->efcb8ff8-f060-4d95-9215-d0f5eb4af037: receive RaftClientReply:client-D5CE890D7D9E->efcb8ff8-f060-4d95-9215-d0f5eb4af037@group-0959F8DF43ED, cid=1411, SUCCESS, logIndex=0, commits[efcb8ff8-f060-4d95-9215-d0f5eb4af037:c2010, 6fae8b02-e804-4c0e-b729-a97b7404b7f6:c2004, 4c3e8a66-6975-4917-8225-d3efe707aaff:c2006]
2019-09-04 11:46:09,150 | INFO  | DNAudit | user=null | ip=null | op=WRITE_CHUNK {blockData=conID: 3 locID: 102734074290242020 bcsId: 2006} | ret=SUCCESS |  
2019-09-04 11:46:09,152 | INFO  | DNAudit | user=null | ip=null | op=WRITE_CHUNK {blockData=conID: 3 locID: 102734074290242020 bcsId: 2006} | ret=SUCCESS |  
2019-09-04 11:46:09,152 | INFO  | DNAudit | user=null | ip=null | op=WRITE_CHUNK {blockData=conID: 3 locID: 102734074290242020 bcsId: 2006} | ret=SUCCESS |  
2019-09-04 11:46:09,164 | INFO  | DNAudit | user=null | ip=null | op=WRITE_CHUNK {blockData=conID: 3 locID: 102734074290242020 bcsId: 2006} | ret=SUCCESS |  
2019-09-04 11:46:09,165 | INFO  | DNAudit | user=null | ip=null | op=PUT_BLOCK {blockData=[blockId=conID: 3 locID: 102734074290242020 bcsId: 0,size=3145728]} | ret=SUCCESS |  
2019-09-04 11:46:09,165 [grpc-default-executor-0] INFO  client.GrpcClientProtocolClient (GrpcClientProtocolClient.java:onNext(255)) - client-D5CE890D7D9E->efcb8ff8-f060-4d95-9215-d0f5eb4af037: receive RaftClientReply:client-D5CE890D7D9E->efcb8ff8-f060-4d95-9215-d0f5eb4af037@group-0959F8DF43ED, cid=1412, SUCCESS, logIndex=2011, commits[efcb8ff8-f060-4d95-9215-d0f5eb4af037:c2012, 6fae8b02-e804-4c0e-b729-a97b7404b7f6:c2010, 4c3e8a66-6975-4917-8225-d3efe707aaff:c2010]
2019-09-04 11:46:09,165 [grpc-default-executor-0] INFO  client.GrpcClientProtocolClient (GrpcClientProtocolClient.java:onNext(255)) - client-D5CE890D7D9E->efcb8ff8-f060-4d95-9215-d0f5eb4af037: receive RaftClientReply:client-D5CE890D7D9E->efcb8ff8-f060-4d95-9215-d0f5eb4af037@group-0959F8DF43ED, cid=1413, SUCCESS, logIndex=2012, commits[efcb8ff8-f060-4d95-9215-d0f5eb4af037:c2012, 6fae8b02-e804-4c0e-b729-a97b7404b7f6:c2010, 4c3e8a66-6975-4917-8225-d3efe707aaff:c2010]
2019-09-04 11:46:09,171 | INFO  | DNAudit | user=null | ip=null | op=WRITE_CHUNK {blockData=conID: 3 locID: 102734074290242020 bcsId: 2012} | ret=SUCCESS |  
2019-09-04 11:46:09,173 | INFO  | DNAudit | user=null | ip=null | op=WRITE_CHUNK {blockData=conID: 3 locID: 102734074290242020 bcsId: 2012} | ret=SUCCESS |  
2019-09-04 11:46:09,173 | INFO  | DNAudit | user=null | ip=null | op=WRITE_CHUNK {blockData=conID: 3 locID: 102734074290242020 bcsId: 2012} | ret=SUCCESS |  
2019-09-04 11:46:09,176 | INFO  | DNAudit | user=null | ip=null | op=WRITE_CHUNK {blockData=conID: 3 locID: 102734074290242020 bcsId: 2006} | ret=SUCCESS |  
2019-09-04 11:46:09,176 | INFO  | DNAudit | user=null | ip=null | op=WRITE_CHUNK {blockData=conID: 3 locID: 102734074290242020 bcsId: 2006} | ret=SUCCESS |  
2019-09-04 11:46:09,177 | INFO  | DNAudit | user=null | ip=null | op=PUT_BLOCK {blockData=[blockId=conID: 3 locID: 102734074290242020 bcsId: 0,size=3145728]} | ret=SUCCESS |  
2019-09-04 11:46:09,178 | INFO  | DNAudit | user=null | ip=null | op=WRITE_CHUNK {blockData=conID: 3 locID: 102734074290242020 bcsId: 2012} | ret=SUCCESS |  
2019-09-04 11:46:09,178 | INFO  | DNAudit | user=null | ip=null | op=PUT_BLOCK {blockData=[blockId=conID: 3 locID: 102734074290242020 bcsId: 0,size=4194304]} | ret=SUCCESS |  
2019-09-04 11:46:09,178 | INFO  | DNAudit | user=null | ip=null | op=PUT_BLOCK {blockData=[blockId=conID: 3 locID: 102734074290242020 bcsId: 0,size=3145728]} | ret=SUCCESS |  
2019-09-04 11:46:09,179 [grpc-default-executor-4] INFO  client.GrpcClientProtocolClient (GrpcClientProtocolClient.java:onNext(255)) - client-D5CE890D7D9E->efcb8ff8-f060-4d95-9215-d0f5eb4af037: receive RaftClientReply:client-D5CE890D7D9E->efcb8ff8-f060-4d95-9215-d0f5eb4af037@group-0959F8DF43ED, cid=1414, SUCCESS, logIndex=2015, commits[efcb8ff8-f060-4d95-9215-d0f5eb4af037:c2016, 6fae8b02-e804-4c0e-b729-a97b7404b7f6:c2012, 4c3e8a66-6975-4917-8225-d3efe707aaff:c2011]
2019-09-04 11:46:09,179 [grpc-default-executor-4] INFO  client.GrpcClientProtocolClient (GrpcClientProtocolClient.java:onNext(255)) - client-D5CE890D7D9E->efcb8ff8-f060-4d95-9215-d0f5eb4af037: receive RaftClientReply:client-D5CE890D7D9E->efcb8ff8-f060-4d95-9215-d0f5eb4af037@group-0959F8DF43ED, cid=1415, SUCCESS, logIndex=2016, commits[efcb8ff8-f060-4d95-9215-d0f5eb4af037:c2016, 6fae8b02-e804-4c0e-b729-a97b7404b7f6:c2012, 4c3e8a66-6975-4917-8225-d3efe707aaff:c2012]
2019-09-04 11:46:09,184 | INFO  | DNAudit | user=null | ip=null | op=WRITE_CHUNK {blockData=conID: 3 locID: 102734074290242020 bcsId: 2012} | ret=SUCCESS |  
2019-09-04 11:46:09,184 | INFO  | DNAudit | user=null | ip=null | op=WRITE_CHUNK {blockData=conID: 3 locID: 102734074290242020 bcsId: 2012} | ret=SUCCESS |  
2019-09-04 11:46:09,184 | INFO  | DNAudit | user=null | ip=null | op=PUT_BLOCK {blockData=[blockId=conID: 3 locID: 102734074290242020 bcsId: 0,size=4194304]} | ret=SUCCESS |  
2019-09-04 11:46:09,184 | INFO  | DNAudit | user=null | ip=null | op=PUT_BLOCK {blockData=[blockId=conID: 3 locID: 102734074290242020 bcsId: 0,size=4194304]} | ret=SUCCESS |  
2019-09-04 11:46:09,185 [grpc-default-executor-1] INFO  client.GrpcClientProtocolClient (GrpcClientProtocolClient.java:onNext(255)) - client-D5CE890D7D9E->efcb8ff8-f060-4d95-9215-d0f5eb4af037: receive RaftClientReply:client-D5CE890D7D9E->efcb8ff8-f060-4d95-9215-d0f5eb4af037@group-0959F8DF43ED, cid=1416, SUCCESS, logIndex=0, commits[efcb8ff8-f060-4d95-9215-d0f5eb4af037:c2017, 6fae8b02-e804-4c0e-b729-a97b7404b7f6:c2016, 4c3e8a66-6975-4917-8225-d3efe707aaff:c2016]
2019-09-04 11:46:09,189 | INFO  | SCMAudit | user=jenkins1000 | ip=192.168.36.67 | op=ALLOCATE_BLOCK {owner=8ab292a2-aaa7-4ad8-863a-d33994811155, size=4194304, type=RATIS, factor=THREE} | ret=SUCCESS |  
2019-09-04 11:46:09,191 | INFO  | OMAudit | user=jenkins1000 | ip=127.0.0.1 | op=ALLOCATE_BLOCK {volume=vol-0-58699, bucket=bucket-0-57464, key=key-0-37266, dataSize=0, replicationType=null, replicationFactor=null, keyLocationInfo=null, clientID=102734073355960722} | ret=SUCCESS |  
2019-09-04 11:46:09,197 | INFO  | DNAudit | user=null | ip=null | op=WRITE_CHUNK {blockData=conID: 1 locID: 102734074294305253 bcsId: 0} | ret=SUCCESS |  
2019-09-04 11:46:09,199 | INFO  | DNAudit | user=null | ip=null | op=WRITE_CHUNK {blockData=conID: 1 locID: 102734074294305253 bcsId: 0} | ret=SUCCESS |  
2019-09-04 11:46:09,199 | INFO  | DNAudit | user=null | ip=null | op=WRITE_CHUNK {blockData=conID: 1 locID: 102734074294305253 bcsId: 0} | ret=SUCCESS |  
2019-09-04 11:46:09,200 | INFO  | DNAudit | user=null | ip=null | op=WRITE_CHUNK {blockData=conID: 1 locID: 102734074294305253 bcsId: 0} | ret=SUCCESS |  
2019-09-04 11:46:09,201 | INFO  | DNAudit | user=null | ip=null | op=WRITE_CHUNK {blockData=conID: 1 locID: 102734074294305253 bcsId: 0} | ret=SUCCESS |  
2019-09-04 11:46:09,201 | INFO  | DNAudit | user=null | ip=null | op=WRITE_CHUNK {blockData=conID: 1 locID: 102734074294305253 bcsId: 0} | ret=SUCCESS |  
2019-09-04 11:46:09,218 | INFO  | DNAudit | user=null | ip=null | op=WRITE_CHUNK {blockData=conID: 1 locID: 102734074294305253 bcsId: 0} | ret=SUCCESS |  
2019-09-04 11:46:09,218 | INFO  | DNAudit | user=null | ip=null | op=PUT_BLOCK {blockData=[blockId=conID: 1 locID: 102734074294305253 bcsId: 0,size=1048576]} | ret=SUCCESS |  
2019-09-04 11:46:09,218 [grpc-default-executor-0] INFO  client.GrpcClientProtocolClient (GrpcClientProtocolClient.java:onNext(255)) - client-D5CE890D7D9E->efcb8ff8-f060-4d95-9215-d0f5eb4af037: receive RaftClientReply:client-D5CE890D7D9E->efcb8ff8-f060-4d95-9215-d0f5eb4af037@group-0959F8DF43ED, cid=1417, SUCCESS, logIndex=2019, commits[efcb8ff8-f060-4d95-9215-d0f5eb4af037:c2022, 6fae8b02-e804-4c0e-b729-a97b7404b7f6:c2018, 4c3e8a66-6975-4917-8225-d3efe707aaff:c2018]
2019-09-04 11:46:09,218 | INFO  | DNAudit | user=null | ip=null | op=WRITE_CHUNK {blockData=conID: 1 locID: 102734074294305253 bcsId: 0} | ret=SUCCESS |  
2019-09-04 11:46:09,219 [grpc-default-executor-0] INFO  client.GrpcClientProtocolClient (GrpcClientProtocolClient.java:onNext(255)) - client-D5CE890D7D9E->efcb8ff8-f060-4d95-9215-d0f5eb4af037: receive RaftClientReply:client-D5CE890D7D9E->efcb8ff8-f060-4d95-9215-d0f5eb4af037@group-0959F8DF43ED, cid=1418, SUCCESS, logIndex=2020, commits[efcb8ff8-f060-4d95-9215-d0f5eb4af037:c2022, 6fae8b02-e804-4c0e-b729-a97b7404b7f6:c2018, 4c3e8a66-6975-4917-8225-d3efe707aaff:c2018]
2019-09-04 11:46:09,219 | INFO  | DNAudit | user=null | ip=null | op=PUT_BLOCK {blockData=[blockId=conID: 1 locID: 102734074294305253 bcsId: 0,size=2097152]} | ret=SUCCESS |  
2019-09-04 11:46:09,219 [grpc-default-executor-0] INFO  client.GrpcClientProtocolClient (GrpcClientProtocolClient.java:onNext(255)) - client-D5CE890D7D9E->efcb8ff8-f060-4d95-9215-d0f5eb4af037: receive RaftClientReply:client-D5CE890D7D9E->efcb8ff8-f060-4d95-9215-d0f5eb4af037@group-0959F8DF43ED, cid=1419, SUCCESS, logIndex=2021, commits[efcb8ff8-f060-4d95-9215-d0f5eb4af037:c2022, 6fae8b02-e804-4c0e-b729-a97b7404b7f6:c2018, 4c3e8a66-6975-4917-8225-d3efe707aaff:c2018]
2019-09-04 11:46:09,219 [grpc-default-executor-0] INFO  client.GrpcClientProtocolClient (GrpcClientProtocolClient.java:onNext(255)) - client-D5CE890D7D9E->efcb8ff8-f060-4d95-9215-d0f5eb4af037: receive RaftClientReply:client-D5CE890D7D9E->efcb8ff8-f060-4d95-9215-d0f5eb4af037@group-0959F8DF43ED, cid=1420, SUCCESS, logIndex=2022, commits[efcb8ff8-f060-4d95-9215-d0f5eb4af037:c2022, 6fae8b02-e804-4c0e-b729-a97b7404b7f6:c2018, 4c3e8a66-6975-4917-8225-d3efe707aaff:c2018]
2019-09-04 11:46:09,226 | INFO  | DNAudit | user=null | ip=null | op=WRITE_CHUNK {blockData=conID: 1 locID: 102734074294305253 bcsId: 0} | ret=SUCCESS |  
2019-09-04 11:46:09,226 | INFO  | DNAudit | user=null | ip=null | op=WRITE_CHUNK {blockData=conID: 1 locID: 102734074294305253 bcsId: 0} | ret=SUCCESS |  
2019-09-04 11:46:09,226 | INFO  | DNAudit | user=null | ip=null | op=PUT_BLOCK {blockData=[blockId=conID: 1 locID: 102734074294305253 bcsId: 0,size=1048576]} | ret=SUCCESS |  
2019-09-04 11:46:09,226 | INFO  | DNAudit | user=null | ip=null | op=PUT_BLOCK {blockData=[blockId=conID: 1 locID: 102734074294305253 bcsId: 0,size=1048576]} | ret=SUCCESS |  
2019-09-04 11:46:09,226 | INFO  | DNAudit | user=null | ip=null | op=WRITE_CHUNK {blockData=conID: 1 locID: 102734074294305253 bcsId: 0} | ret=SUCCESS |  
2019-09-04 11:46:09,226 | INFO  | DNAudit | user=null | ip=null | op=WRITE_CHUNK {blockData=conID: 1 locID: 102734074294305253 bcsId: 0} | ret=SUCCESS |  
2019-09-04 11:46:09,226 [grpc-default-executor-0] INFO  client.GrpcClientProtocolClient (GrpcClientProtocolClient.java:onNext(255)) - client-D5CE890D7D9E->efcb8ff8-f060-4d95-9215-d0f5eb4af037: receive RaftClientReply:client-D5CE890D7D9E->efcb8ff8-f060-4d95-9215-d0f5eb4af037@group-0959F8DF43ED, cid=1421, SUCCESS, logIndex=0, commits[efcb8ff8-f060-4d95-9215-d0f5eb4af037:c2023, 6fae8b02-e804-4c0e-b729-a97b7404b7f6:c2021, 4c3e8a66-6975-4917-8225-d3efe707aaff:c2021]
2019-09-04 11:46:09,227 | INFO  | DNAudit | user=null | ip=null | op=PUT_BLOCK {blockData=[blockId=conID: 1 locID: 102734074294305253 bcsId: 0,size=2097152]} | ret=SUCCESS |  
2019-09-04 11:46:09,227 | INFO  | DNAudit | user=null | ip=null | op=PUT_BLOCK {blockData=[blockId=conID: 1 locID: 102734074294305253 bcsId: 0,size=2097152]} | ret=SUCCESS |  
2019-09-04 11:46:09,233 | INFO  | DNAudit | user=null | ip=null | op=WRITE_CHUNK {blockData=conID: 1 locID: 102734074294305253 bcsId: 2022} | ret=SUCCESS |  
2019-09-04 11:46:09,235 | INFO  | DNAudit | user=null | ip=null | op=WRITE_CHUNK {blockData=conID: 1 locID: 102734074294305253 bcsId: 2022} | ret=SUCCESS |  
2019-09-04 11:46:09,236 | INFO  | DNAudit | user=null | ip=null | op=WRITE_CHUNK {blockData=conID: 1 locID: 102734074294305253 bcsId: 2022} | ret=SUCCESS |  
2019-09-04 11:46:09,239 | INFO  | DNAudit | user=null | ip=null | op=WRITE_CHUNK {blockData=conID: 1 locID: 102734074294305253 bcsId: 2022} | ret=SUCCESS |  
2019-09-04 11:46:09,240 | INFO  | DNAudit | user=null | ip=null | op=PUT_BLOCK {blockData=[blockId=conID: 1 locID: 102734074294305253 bcsId: 0,size=3145728]} | ret=SUCCESS |  
2019-09-04 11:46:09,240 [grpc-default-executor-1] INFO  client.GrpcClientProtocolClient (GrpcClientProtocolClient.java:onNext(255)) - client-D5CE890D7D9E->efcb8ff8-f060-4d95-9215-d0f5eb4af037: receive RaftClientReply:client-D5CE890D7D9E->efcb8ff8-f060-4d95-9215-d0f5eb4af037@group-0959F8DF43ED, cid=1422, SUCCESS, logIndex=2026, commits[efcb8ff8-f060-4d95-9215-d0f5eb4af037:c2027, 6fae8b02-e804-4c0e-b729-a97b7404b7f6:c2025, 4c3e8a66-6975-4917-8225-d3efe707aaff:c2025]
2019-09-04 11:46:09,240 [grpc-default-executor-1] INFO  client.GrpcClientProtocolClient (GrpcClientProtocolClient.java:onNext(255)) - client-D5CE890D7D9E->efcb8ff8-f060-4d95-9215-d0f5eb4af037: receive RaftClientReply:client-D5CE890D7D9E->efcb8ff8-f060-4d95-9215-d0f5eb4af037@group-0959F8DF43ED, cid=1423, SUCCESS, logIndex=2027, commits[efcb8ff8-f060-4d95-9215-d0f5eb4af037:c2027, 6fae8b02-e804-4c0e-b729-a97b7404b7f6:c2025, 4c3e8a66-6975-4917-8225-d3efe707aaff:c2025]
2019-09-04 11:46:09,245 | INFO  | DNAudit | user=null | ip=null | op=WRITE_CHUNK {blockData=conID: 1 locID: 102734074294305253 bcsId: 2027} | ret=SUCCESS |  
2019-09-04 11:46:09,247 | INFO  | DNAudit | user=null | ip=null | op=WRITE_CHUNK {blockData=conID: 1 locID: 102734074294305253 bcsId: 2027} | ret=SUCCESS |  
2019-09-04 11:46:09,247 | INFO  | DNAudit | user=null | ip=null | op=WRITE_CHUNK {blockData=conID: 1 locID: 102734074294305253 bcsId: 2027} | ret=SUCCESS |  
2019-09-04 11:46:09,252 | INFO  | DNAudit | user=null | ip=null | op=WRITE_CHUNK {blockData=conID: 1 locID: 102734074294305253 bcsId: 2022} | ret=SUCCESS |  
2019-09-04 11:46:09,252 | INFO  | DNAudit | user=null | ip=null | op=WRITE_CHUNK {blockData=conID: 1 locID: 102734074294305253 bcsId: 2022} | ret=SUCCESS |  
2019-09-04 11:46:09,253 | INFO  | DNAudit | user=null | ip=null | op=PUT_BLOCK {blockData=[blockId=conID: 1 locID: 102734074294305253 bcsId: 0,size=3145728]} | ret=SUCCESS |  
2019-09-04 11:46:09,254 | INFO  | DNAudit | user=null | ip=null | op=PUT_BLOCK {blockData=[blockId=conID: 1 locID: 102734074294305253 bcsId: 0,size=3145728]} | ret=SUCCESS |  
2019-09-04 11:46:09,254 | INFO  | DNAudit | user=null | ip=null | op=WRITE_CHUNK {blockData=conID: 1 locID: 102734074294305253 bcsId: 2027} | ret=SUCCESS |  
2019-09-04 11:46:09,255 | INFO  | DNAudit | user=null | ip=null | op=PUT_BLOCK {blockData=[blockId=conID: 1 locID: 102734074294305253 bcsId: 0,size=4194304]} | ret=SUCCESS |  
2019-09-04 11:46:09,255 [grpc-default-executor-0] INFO  client.GrpcClientProtocolClient (GrpcClientProtocolClient.java:onNext(255)) - client-D5CE890D7D9E->efcb8ff8-f060-4d95-9215-d0f5eb4af037: receive RaftClientReply:client-D5CE890D7D9E->efcb8ff8-f060-4d95-9215-d0f5eb4af037@group-0959F8DF43ED, cid=1424, SUCCESS, logIndex=2030, commits[efcb8ff8-f060-4d95-9215-d0f5eb4af037:c2031, 6fae8b02-e804-4c0e-b729-a97b7404b7f6:c2027, 4c3e8a66-6975-4917-8225-d3efe707aaff:c2027]
2019-09-04 11:46:09,255 [grpc-default-executor-0] INFO  client.GrpcClientProtocolClient (GrpcClientProtocolClient.java:onNext(255)) - client-D5CE890D7D9E->efcb8ff8-f060-4d95-9215-d0f5eb4af037: receive RaftClientReply:client-D5CE890D7D9E->efcb8ff8-f060-4d95-9215-d0f5eb4af037@group-0959F8DF43ED, cid=1425, SUCCESS, logIndex=2031, commits[efcb8ff8-f060-4d95-9215-d0f5eb4af037:c2031, 6fae8b02-e804-4c0e-b729-a97b7404b7f6:c2027, 4c3e8a66-6975-4917-8225-d3efe707aaff:c2027]
2019-09-04 11:46:09,262 | INFO  | DNAudit | user=null | ip=null | op=WRITE_CHUNK {blockData=conID: 1 locID: 102734074294305253 bcsId: 2027} | ret=SUCCESS |  
2019-09-04 11:46:09,262 | INFO  | DNAudit | user=null | ip=null | op=WRITE_CHUNK {blockData=conID: 1 locID: 102734074294305253 bcsId: 2027} | ret=SUCCESS |  
2019-09-04 11:46:09,264 | INFO  | DNAudit | user=null | ip=null | op=PUT_BLOCK {blockData=[blockId=conID: 1 locID: 102734074294305253 bcsId: 0,size=4194304]} | ret=SUCCESS |  
2019-09-04 11:46:09,264 | INFO  | DNAudit | user=null | ip=null | op=PUT_BLOCK {blockData=[blockId=conID: 1 locID: 102734074294305253 bcsId: 0,size=4194304]} | ret=SUCCESS |  
2019-09-04 11:46:09,264 [grpc-default-executor-0] INFO  client.GrpcClientProtocolClient (GrpcClientProtocolClient.java:onNext(255)) - client-D5CE890D7D9E->efcb8ff8-f060-4d95-9215-d0f5eb4af037: receive RaftClientReply:client-D5CE890D7D9E->efcb8ff8-f060-4d95-9215-d0f5eb4af037@group-0959F8DF43ED, cid=1426, SUCCESS, logIndex=0, commits[efcb8ff8-f060-4d95-9215-d0f5eb4af037:c2033, 6fae8b02-e804-4c0e-b729-a97b7404b7f6:c2031, 4c3e8a66-6975-4917-8225-d3efe707aaff:c2031]
2019-09-04 11:46:09,267 | INFO  | SCMAudit | user=jenkins1000 | ip=192.168.36.67 | op=ALLOCATE_BLOCK {owner=8ab292a2-aaa7-4ad8-863a-d33994811155, size=4194304, type=RATIS, factor=THREE} | ret=SUCCESS |  
2019-09-04 11:46:09,269 | INFO  | OMAudit | user=jenkins1000 | ip=127.0.0.1 | op=ALLOCATE_BLOCK {volume=vol-0-58699, bucket=bucket-0-57464, key=key-0-37266, dataSize=0, replicationType=null, replicationFactor=null, keyLocationInfo=null, clientID=102734073355960722} | ret=SUCCESS |  
2019-09-04 11:46:09,276 | INFO  | DNAudit | user=null | ip=null | op=WRITE_CHUNK {blockData=conID: 2 locID: 102734074299482598 bcsId: 0} | ret=SUCCESS |  
2019-09-04 11:46:09,278 | INFO  | DNAudit | user=null | ip=null | op=WRITE_CHUNK {blockData=conID: 2 locID: 102734074299482598 bcsId: 0} | ret=SUCCESS |  
2019-09-04 11:46:09,278 | INFO  | DNAudit | user=null | ip=null | op=WRITE_CHUNK {blockData=conID: 2 locID: 102734074299482598 bcsId: 0} | ret=SUCCESS |  
2019-09-04 11:46:09,278 | INFO  | DNAudit | user=null | ip=null | op=WRITE_CHUNK {blockData=conID: 2 locID: 102734074299482598 bcsId: 0} | ret=SUCCESS |  
2019-09-04 11:46:09,280 | INFO  | DNAudit | user=null | ip=null | op=WRITE_CHUNK {blockData=conID: 2 locID: 102734074299482598 bcsId: 0} | ret=SUCCESS |  
2019-09-04 11:46:09,280 | INFO  | DNAudit | user=null | ip=null | op=WRITE_CHUNK {blockData=conID: 2 locID: 102734074299482598 bcsId: 0} | ret=SUCCESS |  
2019-09-04 11:46:09,295 | INFO  | DNAudit | user=null | ip=null | op=WRITE_CHUNK {blockData=conID: 2 locID: 102734074299482598 bcsId: 0} | ret=SUCCESS |  
2019-09-04 11:46:09,296 | INFO  | DNAudit | user=null | ip=null | op=PUT_BLOCK {blockData=[blockId=conID: 2 locID: 102734074299482598 bcsId: 0,size=1048576]} | ret=SUCCESS |  
2019-09-04 11:46:09,296 [grpc-default-executor-4] INFO  client.GrpcClientProtocolClient (GrpcClientProtocolClient.java:onNext(255)) - client-D5CE890D7D9E->efcb8ff8-f060-4d95-9215-d0f5eb4af037: receive RaftClientReply:client-D5CE890D7D9E->efcb8ff8-f060-4d95-9215-d0f5eb4af037@group-0959F8DF43ED, cid=1427, SUCCESS, logIndex=2034, commits[efcb8ff8-f060-4d95-9215-d0f5eb4af037:c2035, 6fae8b02-e804-4c0e-b729-a97b7404b7f6:c2033, 4c3e8a66-6975-4917-8225-d3efe707aaff:c2033]
2019-09-04 11:46:09,296 | INFO  | DNAudit | user=null | ip=null | op=WRITE_CHUNK {blockData=conID: 2 locID: 102734074299482598 bcsId: 0} | ret=SUCCESS |  
2019-09-04 11:46:09,297 [grpc-default-executor-4] INFO  client.GrpcClientProtocolClient (GrpcClientProtocolClient.java:onNext(255)) - client-D5CE890D7D9E->efcb8ff8-f060-4d95-9215-d0f5eb4af037: receive RaftClientReply:client-D5CE890D7D9E->efcb8ff8-f060-4d95-9215-d0f5eb4af037@group-0959F8DF43ED, cid=1428, SUCCESS, logIndex=2035, commits[efcb8ff8-f060-4d95-9215-d0f5eb4af037:c2037, 6fae8b02-e804-4c0e-b729-a97b7404b7f6:c2033, 4c3e8a66-6975-4917-8225-d3efe707aaff:c2033]
2019-09-04 11:46:09,297 | INFO  | DNAudit | user=null | ip=null | op=PUT_BLOCK {blockData=[blockId=conID: 2 locID: 102734074299482598 bcsId: 0,size=2097152]} | ret=SUCCESS |  
2019-09-04 11:46:09,297 [grpc-default-executor-4] INFO  client.GrpcClientProtocolClient (GrpcClientProtocolClient.java:onNext(255)) - client-D5CE890D7D9E->efcb8ff8-f060-4d95-9215-d0f5eb4af037: receive RaftClientReply:client-D5CE890D7D9E->efcb8ff8-f060-4d95-9215-d0f5eb4af037@group-0959F8DF43ED, cid=1429, SUCCESS, logIndex=2036, commits[efcb8ff8-f060-4d95-9215-d0f5eb4af037:c2037, 6fae8b02-e804-4c0e-b729-a97b7404b7f6:c2033, 4c3e8a66-6975-4917-8225-d3efe707aaff:c2033]
2019-09-04 11:46:09,297 [grpc-default-executor-4] INFO  client.GrpcClientProtocolClient (GrpcClientProtocolClient.java:onNext(255)) - client-D5CE890D7D9E->efcb8ff8-f060-4d95-9215-d0f5eb4af037: receive RaftClientReply:client-D5CE890D7D9E->efcb8ff8-f060-4d95-9215-d0f5eb4af037@group-0959F8DF43ED, cid=1430, SUCCESS, logIndex=2037, commits[efcb8ff8-f060-4d95-9215-d0f5eb4af037:c2037, 6fae8b02-e804-4c0e-b729-a97b7404b7f6:c2033, 4c3e8a66-6975-4917-8225-d3efe707aaff:c2033]
2019-09-04 11:46:09,306 | INFO  | DNAudit | user=null | ip=null | op=WRITE_CHUNK {blockData=conID: 2 locID: 102734074299482598 bcsId: 0} | ret=SUCCESS |  
2019-09-04 11:46:09,307 | INFO  | DNAudit | user=null | ip=null | op=PUT_BLOCK {blockData=[blockId=conID: 2 locID: 102734074299482598 bcsId: 0,size=1048576]} | ret=SUCCESS |  
2019-09-04 11:46:09,307 | INFO  | DNAudit | user=null | ip=null | op=WRITE_CHUNK {blockData=conID: 2 locID: 102734074299482598 bcsId: 0} | ret=SUCCESS |  
2019-09-04 11:46:09,307 | INFO  | DNAudit | user=null | ip=null | op=PUT_BLOCK {blockData=[blockId=conID: 2 locID: 102734074299482598 bcsId: 0,size=2097152]} | ret=SUCCESS |  
2019-09-04 11:46:09,307 | INFO  | DNAudit | user=null | ip=null | op=WRITE_CHUNK {blockData=conID: 2 locID: 102734074299482598 bcsId: 0} | ret=SUCCESS |  
2019-09-04 11:46:09,308 | INFO  | DNAudit | user=null | ip=null | op=PUT_BLOCK {blockData=[blockId=conID: 2 locID: 102734074299482598 bcsId: 0,size=1048576]} | ret=SUCCESS |  
2019-09-04 11:46:09,308 | INFO  | DNAudit | user=null | ip=null | op=WRITE_CHUNK {blockData=conID: 2 locID: 102734074299482598 bcsId: 0} | ret=SUCCESS |  
2019-09-04 11:46:09,308 | INFO  | DNAudit | user=null | ip=null | op=PUT_BLOCK {blockData=[blockId=conID: 2 locID: 102734074299482598 bcsId: 0,size=2097152]} | ret=SUCCESS |  
2019-09-04 11:46:09,308 [grpc-default-executor-4] INFO  client.GrpcClientProtocolClient (GrpcClientProtocolClient.java:onNext(255)) - client-D5CE890D7D9E->efcb8ff8-f060-4d95-9215-d0f5eb4af037: receive RaftClientReply:client-D5CE890D7D9E->efcb8ff8-f060-4d95-9215-d0f5eb4af037@group-0959F8DF43ED, cid=1431, SUCCESS, logIndex=0, commits[efcb8ff8-f060-4d95-9215-d0f5eb4af037:c2040, 6fae8b02-e804-4c0e-b729-a97b7404b7f6:c2035, 4c3e8a66-6975-4917-8225-d3efe707aaff:c2037]
2019-09-04 11:46:09,314 | INFO  | DNAudit | user=null | ip=null | op=WRITE_CHUNK {blockData=conID: 2 locID: 102734074299482598 bcsId: 2037} | ret=SUCCESS |  
2019-09-04 11:46:09,316 | INFO  | DNAudit | user=null | ip=null | op=WRITE_CHUNK {blockData=conID: 2 locID: 102734074299482598 bcsId: 2037} | ret=SUCCESS |  
2019-09-04 11:46:09,317 | INFO  | DNAudit | user=null | ip=null | op=WRITE_CHUNK {blockData=conID: 2 locID: 102734074299482598 bcsId: 2037} | ret=SUCCESS |  
2019-09-04 11:46:09,321 | INFO  | DNAudit | user=null | ip=null | op=WRITE_CHUNK {blockData=conID: 2 locID: 102734074299482598 bcsId: 2037} | ret=SUCCESS |  
2019-09-04 11:46:09,321 | INFO  | DNAudit | user=null | ip=null | op=PUT_BLOCK {blockData=[blockId=conID: 2 locID: 102734074299482598 bcsId: 0,size=3145728]} | ret=SUCCESS |  
2019-09-04 11:46:09,321 [grpc-default-executor-1] INFO  client.GrpcClientProtocolClient (GrpcClientProtocolClient.java:onNext(255)) - client-D5CE890D7D9E->efcb8ff8-f060-4d95-9215-d0f5eb4af037: receive RaftClientReply:client-D5CE890D7D9E->efcb8ff8-f060-4d95-9215-d0f5eb4af037@group-0959F8DF43ED, cid=1432, SUCCESS, logIndex=2041, commits[efcb8ff8-f060-4d95-9215-d0f5eb4af037:c2042, 6fae8b02-e804-4c0e-b729-a97b7404b7f6:c2040, 4c3e8a66-6975-4917-8225-d3efe707aaff:c2040]
2019-09-04 11:46:09,322 [grpc-default-executor-1] INFO  client.GrpcClientProtocolClient (GrpcClientProtocolClient.java:onNext(255)) - client-D5CE890D7D9E->efcb8ff8-f060-4d95-9215-d0f5eb4af037: receive RaftClientReply:client-D5CE890D7D9E->efcb8ff8-f060-4d95-9215-d0f5eb4af037@group-0959F8DF43ED, cid=1433, SUCCESS, logIndex=2042, commits[efcb8ff8-f060-4d95-9215-d0f5eb4af037:c2042, 6fae8b02-e804-4c0e-b729-a97b7404b7f6:c2040, 4c3e8a66-6975-4917-8225-d3efe707aaff:c2040]
2019-09-04 11:46:09,327 | INFO  | DNAudit | user=null | ip=null | op=WRITE_CHUNK {blockData=conID: 2 locID: 102734074299482598 bcsId: 2037} | ret=SUCCESS |  
2019-09-04 11:46:09,327 | INFO  | DNAudit | user=null | ip=null | op=WRITE_CHUNK {blockData=conID: 2 locID: 102734074299482598 bcsId: 2037} | ret=SUCCESS |  
2019-09-04 11:46:09,327 | INFO  | DNAudit | user=null | ip=null | op=WRITE_CHUNK {blockData=conID: 2 locID: 102734074299482598 bcsId: 2042} | ret=SUCCESS |  
2019-09-04 11:46:09,329 | INFO  | DNAudit | user=null | ip=null | op=WRITE_CHUNK {blockData=conID: 2 locID: 102734074299482598 bcsId: 2042} | ret=SUCCESS |  
2019-09-04 11:46:09,330 | INFO  | DNAudit | user=null | ip=null | op=WRITE_CHUNK {blockData=conID: 2 locID: 102734074299482598 bcsId: 2042} | ret=SUCCESS |  
2019-09-04 11:46:09,339 | INFO  | DNAudit | user=null | ip=null | op=PUT_BLOCK {blockData=[blockId=conID: 2 locID: 102734074299482598 bcsId: 0,size=3145728]} | ret=SUCCESS |  
2019-09-04 11:46:09,352 | INFO  | DNAudit | user=null | ip=null | op=PUT_BLOCK {blockData=[blockId=conID: 2 locID: 102734074299482598 bcsId: 0,size=3145728]} | ret=SUCCESS |  
2019-09-04 11:46:09,354 | INFO  | DNAudit | user=null | ip=null | op=WRITE_CHUNK {blockData=conID: 2 locID: 102734074299482598 bcsId: 2042} | ret=SUCCESS |  
2019-09-04 11:46:09,354 | INFO  | DNAudit | user=null | ip=null | op=PUT_BLOCK {blockData=[blockId=conID: 2 locID: 102734074299482598 bcsId: 0,size=4194304]} | ret=SUCCESS |  
2019-09-04 11:46:09,354 [grpc-default-executor-1] INFO  client.GrpcClientProtocolClient (GrpcClientProtocolClient.java:onNext(255)) - client-D5CE890D7D9E->efcb8ff8-f060-4d95-9215-d0f5eb4af037: receive RaftClientReply:client-D5CE890D7D9E->efcb8ff8-f060-4d95-9215-d0f5eb4af037@group-0959F8DF43ED, cid=1434, SUCCESS, logIndex=2045, commits[efcb8ff8-f060-4d95-9215-d0f5eb4af037:c2046, 6fae8b02-e804-4c0e-b729-a97b7404b7f6:c2042, 4c3e8a66-6975-4917-8225-d3efe707aaff:c2042]
2019-09-04 11:46:09,354 [grpc-default-executor-1] INFO  client.GrpcClientProtocolClient (GrpcClientProtocolClient.java:onNext(255)) - client-D5CE890D7D9E->efcb8ff8-f060-4d95-9215-d0f5eb4af037: receive RaftClientReply:client-D5CE890D7D9E->efcb8ff8-f060-4d95-9215-d0f5eb4af037@group-0959F8DF43ED, cid=1435, SUCCESS, logIndex=2046, commits[efcb8ff8-f060-4d95-9215-d0f5eb4af037:c2046, 6fae8b02-e804-4c0e-b729-a97b7404b7f6:c2042, 4c3e8a66-6975-4917-8225-d3efe707aaff:c2042]
2019-09-04 11:46:09,374 | INFO  | DNAudit | user=null | ip=null | op=WRITE_CHUNK {blockData=conID: 2 locID: 102734074299482598 bcsId: 2042} | ret=SUCCESS |  
2019-09-04 11:46:09,375 | INFO  | DNAudit | user=null | ip=null | op=PUT_BLOCK {blockData=[blockId=conID: 2 locID: 102734074299482598 bcsId: 0,size=4194304]} | ret=SUCCESS |  
2019-09-04 11:46:09,392 | INFO  | DNAudit | user=null | ip=null | op=WRITE_CHUNK {blockData=conID: 2 locID: 102734074299482598 bcsId: 2042} | ret=SUCCESS |  
2019-09-04 11:46:09,393 | INFO  | DNAudit | user=null | ip=null | op=PUT_BLOCK {blockData=[blockId=conID: 2 locID: 102734074299482598 bcsId: 0,size=4194304]} | ret=SUCCESS |  
2019-09-04 11:46:09,393 [grpc-default-executor-1] INFO  client.GrpcClientProtocolClient (GrpcClientProtocolClient.java:onNext(255)) - client-D5CE890D7D9E->efcb8ff8-f060-4d95-9215-d0f5eb4af037: receive RaftClientReply:client-D5CE890D7D9E->efcb8ff8-f060-4d95-9215-d0f5eb4af037@group-0959F8DF43ED, cid=1436, SUCCESS, logIndex=0, commits[efcb8ff8-f060-4d95-9215-d0f5eb4af037:c2048, 6fae8b02-e804-4c0e-b729-a97b7404b7f6:c2046, 4c3e8a66-6975-4917-8225-d3efe707aaff:c2046]
2019-09-04 11:46:09,398 | INFO  | SCMAudit | user=jenkins1000 | ip=192.168.36.67 | op=ALLOCATE_BLOCK {owner=8ab292a2-aaa7-4ad8-863a-d33994811155, size=4194304, type=RATIS, factor=THREE} | ret=SUCCESS |  
2019-09-04 11:46:09,401 | INFO  | OMAudit | user=jenkins1000 | ip=127.0.0.1 | op=ALLOCATE_BLOCK {volume=vol-0-58699, bucket=bucket-0-57464, key=key-0-37266, dataSize=0, replicationType=null, replicationFactor=null, keyLocationInfo=null, clientID=102734073355960722} | ret=SUCCESS |  
2019-09-04 11:46:09,410 | INFO  | DNAudit | user=null | ip=null | op=WRITE_CHUNK {blockData=conID: 3 locID: 102734074308002279 bcsId: 0} | ret=SUCCESS |  
2019-09-04 11:46:09,413 | INFO  | DNAudit | user=null | ip=null | op=WRITE_CHUNK {blockData=conID: 3 locID: 102734074308002279 bcsId: 0} | ret=SUCCESS |  
2019-09-04 11:46:09,413 | INFO  | DNAudit | user=null | ip=null | op=WRITE_CHUNK {blockData=conID: 3 locID: 102734074308002279 bcsId: 0} | ret=SUCCESS |  
2019-09-04 11:46:09,415 | INFO  | DNAudit | user=null | ip=null | op=WRITE_CHUNK {blockData=conID: 3 locID: 102734074308002279 bcsId: 0} | ret=SUCCESS |  
2019-09-04 11:46:09,416 | INFO  | DNAudit | user=null | ip=null | op=WRITE_CHUNK {blockData=conID: 3 locID: 102734074308002279 bcsId: 0} | ret=SUCCESS |  
2019-09-04 11:46:09,416 | INFO  | DNAudit | user=null | ip=null | op=WRITE_CHUNK {blockData=conID: 3 locID: 102734074308002279 bcsId: 0} | ret=SUCCESS |  
2019-09-04 11:46:09,418 | INFO  | DNAudit | user=null | ip=null | op=WRITE_CHUNK {blockData=conID: 3 locID: 102734074308002279 bcsId: 0} | ret=SUCCESS |  
2019-09-04 11:46:09,419 | INFO  | DNAudit | user=null | ip=null | op=PUT_BLOCK {blockData=[blockId=conID: 3 locID: 102734074308002279 bcsId: 0,size=1048576]} | ret=SUCCESS |  
2019-09-04 11:46:09,419 [grpc-default-executor-0] INFO  client.GrpcClientProtocolClient (GrpcClientProtocolClient.java:onNext(255)) - client-D5CE890D7D9E->efcb8ff8-f060-4d95-9215-d0f5eb4af037: receive RaftClientReply:client-D5CE890D7D9E->efcb8ff8-f060-4d95-9215-d0f5eb4af037@group-0959F8DF43ED, cid=1437, SUCCESS, logIndex=2049, commits[efcb8ff8-f060-4d95-9215-d0f5eb4af037:c2050, 6fae8b02-e804-4c0e-b729-a97b7404b7f6:c2046, 4c3e8a66-6975-4917-8225-d3efe707aaff:c2048]
2019-09-04 11:46:09,420 | INFO  | DNAudit | user=null | ip=null | op=WRITE_CHUNK {blockData=conID: 3 locID: 102734074308002279 bcsId: 0} | ret=SUCCESS |  
2019-09-04 11:46:09,420 [grpc-default-executor-0] INFO  client.GrpcClientProtocolClient (GrpcClientProtocolClient.java:onNext(255)) - client-D5CE890D7D9E->efcb8ff8-f060-4d95-9215-d0f5eb4af037: receive RaftClientReply:client-D5CE890D7D9E->efcb8ff8-f060-4d95-9215-d0f5eb4af037@group-0959F8DF43ED, cid=1438, SUCCESS, logIndex=2050, commits[efcb8ff8-f060-4d95-9215-d0f5eb4af037:c2050, 6fae8b02-e804-4c0e-b729-a97b7404b7f6:c2046, 4c3e8a66-6975-4917-8225-d3efe707aaff:c2048]
2019-09-04 11:46:09,420 | INFO  | DNAudit | user=null | ip=null | op=PUT_BLOCK {blockData=[blockId=conID: 3 locID: 102734074308002279 bcsId: 0,size=2097152]} | ret=SUCCESS |  
2019-09-04 11:46:09,420 [grpc-default-executor-1] INFO  client.GrpcClientProtocolClient (GrpcClientProtocolClient.java:onNext(255)) - client-D5CE890D7D9E->efcb8ff8-f060-4d95-9215-d0f5eb4af037: receive RaftClientReply:client-D5CE890D7D9E->efcb8ff8-f060-4d95-9215-d0f5eb4af037@group-0959F8DF43ED, cid=1439, SUCCESS, logIndex=2051, commits[efcb8ff8-f060-4d95-9215-d0f5eb4af037:c2051, 6fae8b02-e804-4c0e-b729-a97b7404b7f6:c2048, 4c3e8a66-6975-4917-8225-d3efe707aaff:c2048]
2019-09-04 11:46:09,421 [grpc-default-executor-1] INFO  client.GrpcClientProtocolClient (GrpcClientProtocolClient.java:onNext(255)) - client-D5CE890D7D9E->efcb8ff8-f060-4d95-9215-d0f5eb4af037: receive RaftClientReply:client-D5CE890D7D9E->efcb8ff8-f060-4d95-9215-d0f5eb4af037@group-0959F8DF43ED, cid=1440, SUCCESS, logIndex=2052, commits[efcb8ff8-f060-4d95-9215-d0f5eb4af037:c2052, 6fae8b02-e804-4c0e-b729-a97b7404b7f6:c2048, 4c3e8a66-6975-4917-8225-d3efe707aaff:c2048]
2019-09-04 11:46:09,427 | INFO  | DNAudit | user=null | ip=null | op=WRITE_CHUNK {blockData=conID: 3 locID: 102734074308002279 bcsId: 0} | ret=SUCCESS |  
2019-09-04 11:46:09,428 | INFO  | DNAudit | user=null | ip=null | op=WRITE_CHUNK {blockData=conID: 3 locID: 102734074308002279 bcsId: 0} | ret=SUCCESS |  
2019-09-04 11:46:09,428 | INFO  | DNAudit | user=null | ip=null | op=PUT_BLOCK {blockData=[blockId=conID: 3 locID: 102734074308002279 bcsId: 0,size=1048576]} | ret=SUCCESS |  
2019-09-04 11:46:09,428 | INFO  | DNAudit | user=null | ip=null | op=PUT_BLOCK {blockData=[blockId=conID: 3 locID: 102734074308002279 bcsId: 0,size=1048576]} | ret=SUCCESS |  
2019-09-04 11:46:09,428 [grpc-default-executor-1] INFO  client.GrpcClientProtocolClient (GrpcClientProtocolClient.java:onNext(255)) - client-D5CE890D7D9E->efcb8ff8-f060-4d95-9215-d0f5eb4af037: receive RaftClientReply:client-D5CE890D7D9E->efcb8ff8-f060-4d95-9215-d0f5eb4af037@group-0959F8DF43ED, cid=1441, SUCCESS, logIndex=0, commits[efcb8ff8-f060-4d95-9215-d0f5eb4af037:c2054, 6fae8b02-e804-4c0e-b729-a97b7404b7f6:c2050, 4c3e8a66-6975-4917-8225-d3efe707aaff:c2050]
2019-09-04 11:46:09,434 | INFO  | DNAudit | user=null | ip=null | op=WRITE_CHUNK {blockData=conID: 3 locID: 102734074308002279 bcsId: 0} | ret=SUCCESS |  
2019-09-04 11:46:09,434 | INFO  | DNAudit | user=null | ip=null | op=PUT_BLOCK {blockData=[blockId=conID: 3 locID: 102734074308002279 bcsId: 0,size=2097152]} | ret=SUCCESS |  
2019-09-04 11:46:09,434 | INFO  | DNAudit | user=null | ip=null | op=WRITE_CHUNK {blockData=conID: 3 locID: 102734074308002279 bcsId: 0} | ret=SUCCESS |  
2019-09-04 11:46:09,435 | INFO  | DNAudit | user=null | ip=null | op=PUT_BLOCK {blockData=[blockId=conID: 3 locID: 102734074308002279 bcsId: 0,size=2097152]} | ret=SUCCESS |  
2019-09-04 11:46:09,436 | INFO  | DNAudit | user=null | ip=null | op=WRITE_CHUNK {blockData=conID: 3 locID: 102734074308002279 bcsId: 2052} | ret=SUCCESS |  
2019-09-04 11:46:09,439 | INFO  | DNAudit | user=null | ip=null | op=WRITE_CHUNK {blockData=conID: 3 locID: 102734074308002279 bcsId: 2052} | ret=SUCCESS |  
2019-09-04 11:46:09,439 | INFO  | DNAudit | user=null | ip=null | op=WRITE_CHUNK {blockData=conID: 3 locID: 102734074308002279 bcsId: 2052} | ret=SUCCESS |  
2019-09-04 11:46:09,446 | INFO  | DNAudit | user=null | ip=null | op=WRITE_CHUNK {blockData=conID: 3 locID: 102734074308002279 bcsId: 2052} | ret=SUCCESS |  
2019-09-04 11:46:09,446 | INFO  | DNAudit | user=null | ip=null | op=PUT_BLOCK {blockData=[blockId=conID: 3 locID: 102734074308002279 bcsId: 0,size=3145728]} | ret=SUCCESS |  
2019-09-04 11:46:09,447 [grpc-default-executor-4] INFO  client.GrpcClientProtocolClient (GrpcClientProtocolClient.java:onNext(255)) - client-D5CE890D7D9E->efcb8ff8-f060-4d95-9215-d0f5eb4af037: receive RaftClientReply:client-D5CE890D7D9E->efcb8ff8-f060-4d95-9215-d0f5eb4af037@group-0959F8DF43ED, cid=1442, SUCCESS, logIndex=2057, commits[efcb8ff8-f060-4d95-9215-d0f5eb4af037:c2058, 6fae8b02-e804-4c0e-b729-a97b7404b7f6:c2056, 4c3e8a66-6975-4917-8225-d3efe707aaff:c2056]
2019-09-04 11:46:09,447 [grpc-default-executor-0] INFO  client.GrpcClientProtocolClient (GrpcClientProtocolClient.java:onNext(255)) - client-D5CE890D7D9E->efcb8ff8-f060-4d95-9215-d0f5eb4af037: receive RaftClientReply:client-D5CE890D7D9E->efcb8ff8-f060-4d95-9215-d0f5eb4af037@group-0959F8DF43ED, cid=1443, SUCCESS, logIndex=2058, commits[efcb8ff8-f060-4d95-9215-d0f5eb4af037:c2058, 6fae8b02-e804-4c0e-b729-a97b7404b7f6:c2056, 4c3e8a66-6975-4917-8225-d3efe707aaff:c2056]
2019-09-04 11:46:09,453 | INFO  | DNAudit | user=null | ip=null | op=WRITE_CHUNK {blockData=conID: 3 locID: 102734074308002279 bcsId: 2052} | ret=SUCCESS |  
2019-09-04 11:46:09,453 | INFO  | DNAudit | user=null | ip=null | op=WRITE_CHUNK {blockData=conID: 3 locID: 102734074308002279 bcsId: 2052} | ret=SUCCESS |  
2019-09-04 11:46:09,453 | INFO  | DNAudit | user=null | ip=null | op=PUT_BLOCK {blockData=[blockId=conID: 3 locID: 102734074308002279 bcsId: 0,size=3145728]} | ret=SUCCESS |  
2019-09-04 11:46:09,453 | INFO  | DNAudit | user=null | ip=null | op=PUT_BLOCK {blockData=[blockId=conID: 3 locID: 102734074308002279 bcsId: 0,size=3145728]} | ret=SUCCESS |  
2019-09-04 11:46:09,454 | INFO  | DNAudit | user=null | ip=null | op=WRITE_CHUNK {blockData=conID: 3 locID: 102734074308002279 bcsId: 2058} | ret=SUCCESS |  
2019-09-04 11:46:09,457 | INFO  | DNAudit | user=null | ip=null | op=WRITE_CHUNK {blockData=conID: 3 locID: 102734074308002279 bcsId: 2058} | ret=SUCCESS |  
2019-09-04 11:46:09,457 | INFO  | DNAudit | user=null | ip=null | op=WRITE_CHUNK {blockData=conID: 3 locID: 102734074308002279 bcsId: 2058} | ret=SUCCESS |  
2019-09-04 11:46:09,476 | INFO  | DNAudit | user=null | ip=null | op=WRITE_CHUNK {blockData=conID: 3 locID: 102734074308002279 bcsId: 2058} | ret=SUCCESS |  
2019-09-04 11:46:09,476 | INFO  | DNAudit | user=null | ip=null | op=PUT_BLOCK {blockData=[blockId=conID: 3 locID: 102734074308002279 bcsId: 0,size=4194304]} | ret=SUCCESS |  
2019-09-04 11:46:09,476 [grpc-default-executor-0] INFO  client.GrpcClientProtocolClient (GrpcClientProtocolClient.java:onNext(255)) - client-D5CE890D7D9E->efcb8ff8-f060-4d95-9215-d0f5eb4af037: receive RaftClientReply:client-D5CE890D7D9E->efcb8ff8-f060-4d95-9215-d0f5eb4af037@group-0959F8DF43ED, cid=1444, SUCCESS, logIndex=2061, commits[efcb8ff8-f060-4d95-9215-d0f5eb4af037:c2062, 6fae8b02-e804-4c0e-b729-a97b7404b7f6:c2058, 4c3e8a66-6975-4917-8225-d3efe707aaff:c2058]
2019-09-04 11:46:09,477 [grpc-default-executor-0] INFO  client.GrpcClientProtocolClient (GrpcClientProtocolClient.java:onNext(255)) - client-D5CE890D7D9E->efcb8ff8-f060-4d95-9215-d0f5eb4af037: receive RaftClientReply:client-D5CE890D7D9E->efcb8ff8-f060-4d95-9215-d0f5eb4af037@group-0959F8DF43ED, cid=1445, SUCCESS, logIndex=2062, commits[efcb8ff8-f060-4d95-9215-d0f5eb4af037:c2062, 6fae8b02-e804-4c0e-b729-a97b7404b7f6:c2058, 4c3e8a66-6975-4917-8225-d3efe707aaff:c2058]
2019-09-04 11:46:09,487 | INFO  | DNAudit | user=null | ip=null | op=WRITE_CHUNK {blockData=conID: 3 locID: 102734074308002279 bcsId: 2058} | ret=SUCCESS |  
2019-09-04 11:46:09,487 | INFO  | DNAudit | user=null | ip=null | op=WRITE_CHUNK {blockData=conID: 3 locID: 102734074308002279 bcsId: 2058} | ret=SUCCESS |  
2019-09-04 11:46:09,488 | INFO  | DNAudit | user=null | ip=null | op=PUT_BLOCK {blockData=[blockId=conID: 3 locID: 102734074308002279 bcsId: 0,size=4194304]} | ret=SUCCESS |  
2019-09-04 11:46:09,488 | INFO  | DNAudit | user=null | ip=null | op=PUT_BLOCK {blockData=[blockId=conID: 3 locID: 102734074308002279 bcsId: 0,size=4194304]} | ret=SUCCESS |  
2019-09-04 11:46:09,489 [grpc-default-executor-1] INFO  client.GrpcClientProtocolClient (GrpcClientProtocolClient.java:onNext(255)) - client-D5CE890D7D9E->efcb8ff8-f060-4d95-9215-d0f5eb4af037: receive RaftClientReply:client-D5CE890D7D9E->efcb8ff8-f060-4d95-9215-d0f5eb4af037@group-0959F8DF43ED, cid=1446, SUCCESS, logIndex=0, commits[efcb8ff8-f060-4d95-9215-d0f5eb4af037:c2064, 6fae8b02-e804-4c0e-b729-a97b7404b7f6:c2062, 4c3e8a66-6975-4917-8225-d3efe707aaff:c2062]
2019-09-04 11:46:09,493 | INFO  | SCMAudit | user=jenkins1000 | ip=192.168.36.67 | op=ALLOCATE_BLOCK {owner=8ab292a2-aaa7-4ad8-863a-d33994811155, size=4194304, type=RATIS, factor=THREE} | ret=SUCCESS |  
2019-09-04 11:46:09,495 | INFO  | OMAudit | user=jenkins1000 | ip=127.0.0.1 | op=ALLOCATE_BLOCK {volume=vol-0-58699, bucket=bucket-0-57464, key=key-0-37266, dataSize=0, replicationType=null, replicationFactor=null, keyLocationInfo=null, clientID=102734073355960722} | ret=SUCCESS |  
2019-09-04 11:46:09,503 | INFO  | DNAudit | user=null | ip=null | op=WRITE_CHUNK {blockData=conID: 1 locID: 102734074314228200 bcsId: 0} | ret=SUCCESS |  
2019-09-04 11:46:09,506 | INFO  | DNAudit | user=null | ip=null | op=WRITE_CHUNK {blockData=conID: 1 locID: 102734074314228200 bcsId: 0} | ret=SUCCESS |  
2019-09-04 11:46:09,506 | INFO  | DNAudit | user=null | ip=null | op=WRITE_CHUNK {blockData=conID: 1 locID: 102734074314228200 bcsId: 0} | ret=SUCCESS |  
2019-09-04 11:46:09,506 | INFO  | DNAudit | user=null | ip=null | op=WRITE_CHUNK {blockData=conID: 1 locID: 102734074314228200 bcsId: 0} | ret=SUCCESS |  
2019-09-04 11:46:09,509 | INFO  | DNAudit | user=null | ip=null | op=WRITE_CHUNK {blockData=conID: 1 locID: 102734074314228200 bcsId: 0} | ret=SUCCESS |  
2019-09-04 11:46:09,509 | INFO  | DNAudit | user=null | ip=null | op=WRITE_CHUNK {blockData=conID: 1 locID: 102734074314228200 bcsId: 0} | ret=SUCCESS |  
2019-09-04 11:46:09,509 | INFO  | DNAudit | user=null | ip=null | op=PUT_BLOCK {blockData=[blockId=conID: 1 locID: 102734074314228200 bcsId: 0,size=1048576]} | ret=SUCCESS |  
2019-09-04 11:46:09,510 [grpc-default-executor-1] INFO  client.GrpcClientProtocolClient (GrpcClientProtocolClient.java:onNext(255)) - client-D5CE890D7D9E->efcb8ff8-f060-4d95-9215-d0f5eb4af037: receive RaftClientReply:client-D5CE890D7D9E->efcb8ff8-f060-4d95-9215-d0f5eb4af037@group-0959F8DF43ED, cid=1447, SUCCESS, logIndex=2065, commits[efcb8ff8-f060-4d95-9215-d0f5eb4af037:c2066, 6fae8b02-e804-4c0e-b729-a97b7404b7f6:c2064, 4c3e8a66-6975-4917-8225-d3efe707aaff:c2062]
2019-09-04 11:46:09,510 | INFO  | DNAudit | user=null | ip=null | op=WRITE_CHUNK {blockData=conID: 1 locID: 102734074314228200 bcsId: 0} | ret=SUCCESS |  
2019-09-04 11:46:09,510 [grpc-default-executor-1] INFO  client.GrpcClientProtocolClient (GrpcClientProtocolClient.java:onNext(255)) - client-D5CE890D7D9E->efcb8ff8-f060-4d95-9215-d0f5eb4af037: receive RaftClientReply:client-D5CE890D7D9E->efcb8ff8-f060-4d95-9215-d0f5eb4af037@group-0959F8DF43ED, cid=1448, SUCCESS, logIndex=2066, commits[efcb8ff8-f060-4d95-9215-d0f5eb4af037:c2066, 6fae8b02-e804-4c0e-b729-a97b7404b7f6:c2064, 4c3e8a66-6975-4917-8225-d3efe707aaff:c2062]
2019-09-04 11:46:09,515 | INFO  | DNAudit | user=null | ip=null | op=WRITE_CHUNK {blockData=conID: 1 locID: 102734074314228200 bcsId: 0} | ret=SUCCESS |  
2019-09-04 11:46:09,516 | INFO  | DNAudit | user=null | ip=null | op=WRITE_CHUNK {blockData=conID: 1 locID: 102734074314228200 bcsId: 0} | ret=SUCCESS |  
2019-09-04 11:46:09,516 | INFO  | DNAudit | user=null | ip=null | op=PUT_BLOCK {blockData=[blockId=conID: 1 locID: 102734074314228200 bcsId: 0,size=2097152]} | ret=SUCCESS |  
2019-09-04 11:46:09,516 | INFO  | DNAudit | user=null | ip=null | op=PUT_BLOCK {blockData=[blockId=conID: 1 locID: 102734074314228200 bcsId: 0,size=1048576]} | ret=SUCCESS |  
2019-09-04 11:46:09,516 | INFO  | DNAudit | user=null | ip=null | op=WRITE_CHUNK {blockData=conID: 1 locID: 102734074314228200 bcsId: 0} | ret=SUCCESS |  
2019-09-04 11:46:09,516 [grpc-default-executor-6] INFO  client.GrpcClientProtocolClient (GrpcClientProtocolClient.java:onNext(255)) - client-D5CE890D7D9E->efcb8ff8-f060-4d95-9215-d0f5eb4af037: receive RaftClientReply:client-D5CE890D7D9E->efcb8ff8-f060-4d95-9215-d0f5eb4af037@group-0959F8DF43ED, cid=1449, SUCCESS, logIndex=2067, commits[efcb8ff8-f060-4d95-9215-d0f5eb4af037:c2068, 6fae8b02-e804-4c0e-b729-a97b7404b7f6:c2064, 4c3e8a66-6975-4917-8225-d3efe707aaff:c2064]
2019-09-04 11:46:09,516 | INFO  | DNAudit | user=null | ip=null | op=PUT_BLOCK {blockData=[blockId=conID: 1 locID: 102734074314228200 bcsId: 0,size=1048576]} | ret=SUCCESS |  
2019-09-04 11:46:09,517 [grpc-default-executor-6] INFO  client.GrpcClientProtocolClient (GrpcClientProtocolClient.java:onNext(255)) - client-D5CE890D7D9E->efcb8ff8-f060-4d95-9215-d0f5eb4af037: receive RaftClientReply:client-D5CE890D7D9E->efcb8ff8-f060-4d95-9215-d0f5eb4af037@group-0959F8DF43ED, cid=1450, SUCCESS, logIndex=2068, commits[efcb8ff8-f060-4d95-9215-d0f5eb4af037:c2069, 6fae8b02-e804-4c0e-b729-a97b7404b7f6:c2065, 4c3e8a66-6975-4917-8225-d3efe707aaff:c2066]
2019-09-04 11:46:09,518 [grpc-default-executor-6] INFO  client.GrpcClientProtocolClient (GrpcClientProtocolClient.java:onNext(255)) - client-D5CE890D7D9E->efcb8ff8-f060-4d95-9215-d0f5eb4af037: receive RaftClientReply:client-D5CE890D7D9E->efcb8ff8-f060-4d95-9215-d0f5eb4af037@group-0959F8DF43ED, cid=1451, SUCCESS, logIndex=0, commits[efcb8ff8-f060-4d95-9215-d0f5eb4af037:c2070, 6fae8b02-e804-4c0e-b729-a97b7404b7f6:c2066, 4c3e8a66-6975-4917-8225-d3efe707aaff:c2066]
2019-09-04 11:46:09,525 | INFO  | DNAudit | user=null | ip=null | op=WRITE_CHUNK {blockData=conID: 1 locID: 102734074314228200 bcsId: 2068} | ret=SUCCESS |  
2019-09-04 11:46:09,527 | INFO  | DNAudit | user=null | ip=null | op=WRITE_CHUNK {blockData=conID: 1 locID: 102734074314228200 bcsId: 2068} | ret=SUCCESS |  
2019-09-04 11:46:09,527 | INFO  | DNAudit | user=null | ip=null | op=WRITE_CHUNK {blockData=conID: 1 locID: 102734074314228200 bcsId: 2068} | ret=SUCCESS |  
2019-09-04 11:46:09,527 | INFO  | DNAudit | user=null | ip=null | op=WRITE_CHUNK {blockData=conID: 1 locID: 102734074314228200 bcsId: 0} | ret=SUCCESS |  
2019-09-04 11:46:09,527 | INFO  | DNAudit | user=null | ip=null | op=WRITE_CHUNK {blockData=conID: 1 locID: 102734074314228200 bcsId: 0} | ret=SUCCESS |  
2019-09-04 11:46:09,528 | INFO  | DNAudit | user=null | ip=null | op=PUT_BLOCK {blockData=[blockId=conID: 1 locID: 102734074314228200 bcsId: 0,size=2097152]} | ret=SUCCESS |  
2019-09-04 11:46:09,528 | INFO  | DNAudit | user=null | ip=null | op=PUT_BLOCK {blockData=[blockId=conID: 1 locID: 102734074314228200 bcsId: 0,size=2097152]} | ret=SUCCESS |  
2019-09-04 11:46:09,541 | INFO  | DNAudit | user=null | ip=null | op=WRITE_CHUNK {blockData=conID: 1 locID: 102734074314228200 bcsId: 2068} | ret=SUCCESS |  
2019-09-04 11:46:09,541 | INFO  | DNAudit | user=null | ip=null | op=PUT_BLOCK {blockData=[blockId=conID: 1 locID: 102734074314228200 bcsId: 0,size=3145728]} | ret=SUCCESS |  
2019-09-04 11:46:09,541 [grpc-default-executor-6] INFO  client.GrpcClientProtocolClient (GrpcClientProtocolClient.java:onNext(255)) - client-D5CE890D7D9E->efcb8ff8-f060-4d95-9215-d0f5eb4af037: receive RaftClientReply:client-D5CE890D7D9E->efcb8ff8-f060-4d95-9215-d0f5eb4af037@group-0959F8DF43ED, cid=1452, SUCCESS, logIndex=2073, commits[efcb8ff8-f060-4d95-9215-d0f5eb4af037:c2074, 6fae8b02-e804-4c0e-b729-a97b7404b7f6:c2070, 4c3e8a66-6975-4917-8225-d3efe707aaff:c2070]
2019-09-04 11:46:09,542 [grpc-default-executor-6] INFO  client.GrpcClientProtocolClient (GrpcClientProtocolClient.java:onNext(255)) - client-D5CE890D7D9E->efcb8ff8-f060-4d95-9215-d0f5eb4af037: receive RaftClientReply:client-D5CE890D7D9E->efcb8ff8-f060-4d95-9215-d0f5eb4af037@group-0959F8DF43ED, cid=1453, SUCCESS, logIndex=2074, commits[efcb8ff8-f060-4d95-9215-d0f5eb4af037:c2074, 6fae8b02-e804-4c0e-b729-a97b7404b7f6:c2070, 4c3e8a66-6975-4917-8225-d3efe707aaff:c2070]
2019-09-04 11:46:09,548 | INFO  | DNAudit | user=null | ip=null | op=WRITE_CHUNK {blockData=conID: 1 locID: 102734074314228200 bcsId: 2068} | ret=SUCCESS |  
2019-09-04 11:46:09,548 | INFO  | DNAudit | user=null | ip=null | op=WRITE_CHUNK {blockData=conID: 1 locID: 102734074314228200 bcsId: 2068} | ret=SUCCESS |  
2019-09-04 11:46:09,548 | INFO  | DNAudit | user=null | ip=null | op=PUT_BLOCK {blockData=[blockId=conID: 1 locID: 102734074314228200 bcsId: 0,size=3145728]} | ret=SUCCESS |  
2019-09-04 11:46:09,548 | INFO  | DNAudit | user=null | ip=null | op=PUT_BLOCK {blockData=[blockId=conID: 1 locID: 102734074314228200 bcsId: 0,size=3145728]} | ret=SUCCESS |  
2019-09-04 11:46:09,549 | INFO  | DNAudit | user=null | ip=null | op=WRITE_CHUNK {blockData=conID: 1 locID: 102734074314228200 bcsId: 2074} | ret=SUCCESS |  
2019-09-04 11:46:09,552 | INFO  | DNAudit | user=null | ip=null | op=WRITE_CHUNK {blockData=conID: 1 locID: 102734074314228200 bcsId: 2074} | ret=SUCCESS |  
2019-09-04 11:46:09,552 | INFO  | DNAudit | user=null | ip=null | op=WRITE_CHUNK {blockData=conID: 1 locID: 102734074314228200 bcsId: 2074} | ret=SUCCESS |  
2019-09-04 11:46:09,565 | INFO  | DNAudit | user=null | ip=null | op=WRITE_CHUNK {blockData=conID: 1 locID: 102734074314228200 bcsId: 2074} | ret=SUCCESS |  
2019-09-04 11:46:09,565 | INFO  | DNAudit | user=null | ip=null | op=PUT_BLOCK {blockData=[blockId=conID: 1 locID: 102734074314228200 bcsId: 0,size=4194304]} | ret=SUCCESS |  
2019-09-04 11:46:09,565 [grpc-default-executor-0] INFO  client.GrpcClientProtocolClient (GrpcClientProtocolClient.java:onNext(255)) - client-D5CE890D7D9E->efcb8ff8-f060-4d95-9215-d0f5eb4af037: receive RaftClientReply:client-D5CE890D7D9E->efcb8ff8-f060-4d95-9215-d0f5eb4af037@group-0959F8DF43ED, cid=1454, SUCCESS, logIndex=2077, commits[efcb8ff8-f060-4d95-9215-d0f5eb4af037:c2078, 6fae8b02-e804-4c0e-b729-a97b7404b7f6:c2075, 4c3e8a66-6975-4917-8225-d3efe707aaff:c2075]
2019-09-04 11:46:09,566 [grpc-default-executor-0] INFO  client.GrpcClientProtocolClient (GrpcClientProtocolClient.java:onNext(255)) - client-D5CE890D7D9E->efcb8ff8-f060-4d95-9215-d0f5eb4af037: receive RaftClientReply:client-D5CE890D7D9E->efcb8ff8-f060-4d95-9215-d0f5eb4af037@group-0959F8DF43ED, cid=1455, SUCCESS, logIndex=2078, commits[efcb8ff8-f060-4d95-9215-d0f5eb4af037:c2078, 6fae8b02-e804-4c0e-b729-a97b7404b7f6:c2075, 4c3e8a66-6975-4917-8225-d3efe707aaff:c2075]
2019-09-04 11:46:09,568 | INFO  | DNAudit | user=null | ip=null | op=WRITE_CHUNK {blockData=conID: 1 locID: 102734074314228200 bcsId: 2074} | ret=SUCCESS |  
2019-09-04 11:46:09,568 | INFO  | DNAudit | user=null | ip=null | op=WRITE_CHUNK {blockData=conID: 1 locID: 102734074314228200 bcsId: 2074} | ret=SUCCESS |  
2019-09-04 11:46:09,569 | INFO  | DNAudit | user=null | ip=null | op=PUT_BLOCK {blockData=[blockId=conID: 1 locID: 102734074314228200 bcsId: 0,size=4194304]} | ret=SUCCESS |  
2019-09-04 11:46:09,569 | INFO  | DNAudit | user=null | ip=null | op=PUT_BLOCK {blockData=[blockId=conID: 1 locID: 102734074314228200 bcsId: 0,size=4194304]} | ret=SUCCESS |  
2019-09-04 11:46:09,569 [grpc-default-executor-0] INFO  client.GrpcClientProtocolClient (GrpcClientProtocolClient.java:onNext(255)) - client-D5CE890D7D9E->efcb8ff8-f060-4d95-9215-d0f5eb4af037: receive RaftClientReply:client-D5CE890D7D9E->efcb8ff8-f060-4d95-9215-d0f5eb4af037@group-0959F8DF43ED, cid=1456, SUCCESS, logIndex=0, commits[efcb8ff8-f060-4d95-9215-d0f5eb4af037:c2079, 6fae8b02-e804-4c0e-b729-a97b7404b7f6:c2078, 4c3e8a66-6975-4917-8225-d3efe707aaff:c2078]
2019-09-04 11:46:09,574 | INFO  | SCMAudit | user=jenkins1000 | ip=192.168.36.67 | op=ALLOCATE_BLOCK {owner=8ab292a2-aaa7-4ad8-863a-d33994811155, size=4194304, type=RATIS, factor=THREE} | ret=SUCCESS |  
2019-09-04 11:46:09,577 | INFO  | OMAudit | user=jenkins1000 | ip=127.0.0.1 | op=ALLOCATE_BLOCK {volume=vol-0-58699, bucket=bucket-0-57464, key=key-0-37266, dataSize=0, replicationType=null, replicationFactor=null, keyLocationInfo=null, clientID=102734073355960722} | ret=SUCCESS |  
2019-09-04 11:46:09,584 | INFO  | DNAudit | user=null | ip=null | op=WRITE_CHUNK {blockData=conID: 2 locID: 102734074319602153 bcsId: 0} | ret=SUCCESS |  
2019-09-04 11:46:09,586 | INFO  | DNAudit | user=null | ip=null | op=WRITE_CHUNK {blockData=conID: 2 locID: 102734074319602153 bcsId: 0} | ret=SUCCESS |  
2019-09-04 11:46:09,587 | INFO  | DNAudit | user=null | ip=null | op=WRITE_CHUNK {blockData=conID: 2 locID: 102734074319602153 bcsId: 0} | ret=SUCCESS |  
2019-09-04 11:46:09,587 | INFO  | DNAudit | user=null | ip=null | op=WRITE_CHUNK {blockData=conID: 2 locID: 102734074319602153 bcsId: 0} | ret=SUCCESS |  
2019-09-04 11:46:09,588 | INFO  | DNAudit | user=null | ip=null | op=WRITE_CHUNK {blockData=conID: 2 locID: 102734074319602153 bcsId: 0} | ret=SUCCESS |  
2019-09-04 11:46:09,588 | INFO  | DNAudit | user=null | ip=null | op=WRITE_CHUNK {blockData=conID: 2 locID: 102734074319602153 bcsId: 0} | ret=SUCCESS |  
2019-09-04 11:46:09,595 | INFO  | DNAudit | user=null | ip=null | op=WRITE_CHUNK {blockData=conID: 2 locID: 102734074319602153 bcsId: 0} | ret=SUCCESS |  
2019-09-04 11:46:09,596 | INFO  | DNAudit | user=null | ip=null | op=PUT_BLOCK {blockData=[blockId=conID: 2 locID: 102734074319602153 bcsId: 0,size=1048576]} | ret=SUCCESS |  
2019-09-04 11:46:09,596 [grpc-default-executor-0] INFO  client.GrpcClientProtocolClient (GrpcClientProtocolClient.java:onNext(255)) - client-D5CE890D7D9E->efcb8ff8-f060-4d95-9215-d0f5eb4af037: receive RaftClientReply:client-D5CE890D7D9E->efcb8ff8-f060-4d95-9215-d0f5eb4af037@group-0959F8DF43ED, cid=1457, SUCCESS, logIndex=2081, commits[efcb8ff8-f060-4d95-9215-d0f5eb4af037:c2082, 6fae8b02-e804-4c0e-b729-a97b7404b7f6:c2080, 4c3e8a66-6975-4917-8225-d3efe707aaff:c2080]
2019-09-04 11:46:09,596 | INFO  | DNAudit | user=null | ip=null | op=WRITE_CHUNK {blockData=conID: 2 locID: 102734074319602153 bcsId: 0} | ret=SUCCESS |  
2019-09-04 11:46:09,596 [grpc-default-executor-0] INFO  client.GrpcClientProtocolClient (GrpcClientProtocolClient.java:onNext(255)) - client-D5CE890D7D9E->efcb8ff8-f060-4d95-9215-d0f5eb4af037: receive RaftClientReply:client-D5CE890D7D9E->efcb8ff8-f060-4d95-9215-d0f5eb4af037@group-0959F8DF43ED, cid=1458, SUCCESS, logIndex=2082, commits[efcb8ff8-f060-4d95-9215-d0f5eb4af037:c2084, 6fae8b02-e804-4c0e-b729-a97b7404b7f6:c2080, 4c3e8a66-6975-4917-8225-d3efe707aaff:c2080]
2019-09-04 11:46:09,597 | INFO  | DNAudit | user=null | ip=null | op=PUT_BLOCK {blockData=[blockId=conID: 2 locID: 102734074319602153 bcsId: 0,size=2097152]} | ret=SUCCESS |  
2019-09-04 11:46:09,597 [grpc-default-executor-0] INFO  client.GrpcClientProtocolClient (GrpcClientProtocolClient.java:onNext(255)) - client-D5CE890D7D9E->efcb8ff8-f060-4d95-9215-d0f5eb4af037: receive RaftClientReply:client-D5CE890D7D9E->efcb8ff8-f060-4d95-9215-d0f5eb4af037@group-0959F8DF43ED, cid=1459, SUCCESS, logIndex=2083, commits[efcb8ff8-f060-4d95-9215-d0f5eb4af037:c2084, 6fae8b02-e804-4c0e-b729-a97b7404b7f6:c2080, 4c3e8a66-6975-4917-8225-d3efe707aaff:c2080]
2019-09-04 11:46:09,597 [grpc-default-executor-0] INFO  client.GrpcClientProtocolClient (GrpcClientProtocolClient.java:onNext(255)) - client-D5CE890D7D9E->efcb8ff8-f060-4d95-9215-d0f5eb4af037: receive RaftClientReply:client-D5CE890D7D9E->efcb8ff8-f060-4d95-9215-d0f5eb4af037@group-0959F8DF43ED, cid=1460, SUCCESS, logIndex=2084, commits[efcb8ff8-f060-4d95-9215-d0f5eb4af037:c2084, 6fae8b02-e804-4c0e-b729-a97b7404b7f6:c2080, 4c3e8a66-6975-4917-8225-d3efe707aaff:c2080]
2019-09-04 11:46:09,603 | INFO  | DNAudit | user=null | ip=null | op=WRITE_CHUNK {blockData=conID: 2 locID: 102734074319602153 bcsId: 0} | ret=SUCCESS |  
2019-09-04 11:46:09,603 | INFO  | DNAudit | user=null | ip=null | op=WRITE_CHUNK {blockData=conID: 2 locID: 102734074319602153 bcsId: 0} | ret=SUCCESS |  
2019-09-04 11:46:09,603 | INFO  | DNAudit | user=null | ip=null | op=PUT_BLOCK {blockData=[blockId=conID: 2 locID: 102734074319602153 bcsId: 0,size=1048576]} | ret=SUCCESS |  
2019-09-04 11:46:09,604 | INFO  | DNAudit | user=null | ip=null | op=WRITE_CHUNK {blockData=conID: 2 locID: 102734074319602153 bcsId: 0} | ret=SUCCESS |  
2019-09-04 11:46:09,604 | INFO  | DNAudit | user=null | ip=null | op=PUT_BLOCK {blockData=[blockId=conID: 2 locID: 102734074319602153 bcsId: 0,size=1048576]} | ret=SUCCESS |  
2019-09-04 11:46:09,604 | INFO  | DNAudit | user=null | ip=null | op=PUT_BLOCK {blockData=[blockId=conID: 2 locID: 102734074319602153 bcsId: 0,size=2097152]} | ret=SUCCESS |  
2019-09-04 11:46:09,605 | INFO  | DNAudit | user=null | ip=null | op=WRITE_CHUNK {blockData=conID: 2 locID: 102734074319602153 bcsId: 0} | ret=SUCCESS |  
2019-09-04 11:46:09,605 | INFO  | DNAudit | user=null | ip=null | op=PUT_BLOCK {blockData=[blockId=conID: 2 locID: 102734074319602153 bcsId: 0,size=2097152]} | ret=SUCCESS |  
2019-09-04 11:46:09,605 [grpc-default-executor-4] INFO  client.GrpcClientProtocolClient (GrpcClientProtocolClient.java:onNext(255)) - client-D5CE890D7D9E->efcb8ff8-f060-4d95-9215-d0f5eb4af037: receive RaftClientReply:client-D5CE890D7D9E->efcb8ff8-f060-4d95-9215-d0f5eb4af037@group-0959F8DF43ED, cid=1461, SUCCESS, logIndex=0, commits[efcb8ff8-f060-4d95-9215-d0f5eb4af037:c2088, 6fae8b02-e804-4c0e-b729-a97b7404b7f6:c2084, 4c3e8a66-6975-4917-8225-d3efe707aaff:c2082]
2019-09-04 11:46:09,736 | INFO  | DNAudit | user=null | ip=null | op=WRITE_CHUNK {blockData=conID: 2 locID: 102734074319602153 bcsId: 2084} | ret=SUCCESS |  
2019-09-04 11:46:09,736 | INFO  | SCMAudit | user=jenkins1000 | ip=192.168.36.67 | op=SEND_HEARTBEAT {datanodeUUID=0b776101-1d39-4f23-96c0-6a8ead31197c, command=[]} | ret=SUCCESS |  
2019-09-04 11:46:09,736 | INFO  | SCMAudit | user=jenkins1000 | ip=192.168.36.67 | op=SEND_HEARTBEAT {datanodeUUID=4c3e8a66-6975-4917-8225-d3efe707aaff, command=[]} | ret=SUCCESS |  
2019-09-04 11:46:09,736 | INFO  | SCMAudit | user=jenkins1000 | ip=192.168.36.67 | op=SEND_HEARTBEAT {datanodeUUID=efcb8ff8-f060-4d95-9215-d0f5eb4af037, command=[]} | ret=SUCCESS |  
2019-09-04 11:46:09,736 | INFO  | SCMAudit | user=jenkins1000 | ip=192.168.36.67 | op=SEND_HEARTBEAT {datanodeUUID=6fae8b02-e804-4c0e-b729-a97b7404b7f6, command=[]} | ret=SUCCESS |  
2019-09-04 11:46:09,738 | INFO  | DNAudit | user=null | ip=null | op=WRITE_CHUNK {blockData=conID: 2 locID: 102734074319602153 bcsId: 2084} | ret=SUCCESS |  
2019-09-04 11:46:09,738 | INFO  | DNAudit | user=null | ip=null | op=WRITE_CHUNK {blockData=conID: 2 locID: 102734074319602153 bcsId: 2084} | ret=SUCCESS |  
2019-09-04 11:46:09,748 | INFO  | DNAudit | user=null | ip=null | op=WRITE_CHUNK {blockData=conID: 2 locID: 102734074319602153 bcsId: 2084} | ret=SUCCESS |  
2019-09-04 11:46:09,749 | INFO  | DNAudit | user=null | ip=null | op=PUT_BLOCK {blockData=[blockId=conID: 2 locID: 102734074319602153 bcsId: 0,size=3145728]} | ret=SUCCESS |  
2019-09-04 11:46:09,749 [grpc-default-executor-6] INFO  client.GrpcClientProtocolClient (GrpcClientProtocolClient.java:onNext(255)) - client-D5CE890D7D9E->efcb8ff8-f060-4d95-9215-d0f5eb4af037: receive RaftClientReply:client-D5CE890D7D9E->efcb8ff8-f060-4d95-9215-d0f5eb4af037@group-0959F8DF43ED, cid=1462, SUCCESS, logIndex=2089, commits[efcb8ff8-f060-4d95-9215-d0f5eb4af037:c2090, 6fae8b02-e804-4c0e-b729-a97b7404b7f6:c2088, 4c3e8a66-6975-4917-8225-d3efe707aaff:c2088]
2019-09-04 11:46:09,750 [grpc-default-executor-6] INFO  client.GrpcClientProtocolClient (GrpcClientProtocolClient.java:onNext(255)) - client-D5CE890D7D9E->efcb8ff8-f060-4d95-9215-d0f5eb4af037: receive RaftClientReply:client-D5CE890D7D9E->efcb8ff8-f060-4d95-9215-d0f5eb4af037@group-0959F8DF43ED, cid=1463, SUCCESS, logIndex=2090, commits[efcb8ff8-f060-4d95-9215-d0f5eb4af037:c2090, 6fae8b02-e804-4c0e-b729-a97b7404b7f6:c2088, 4c3e8a66-6975-4917-8225-d3efe707aaff:c2088]
2019-09-04 11:46:09,757 | INFO  | DNAudit | user=null | ip=null | op=WRITE_CHUNK {blockData=conID: 2 locID: 102734074319602153 bcsId: 2084} | ret=SUCCESS |  
2019-09-04 11:46:09,757 | INFO  | DNAudit | user=null | ip=null | op=WRITE_CHUNK {blockData=conID: 2 locID: 102734074319602153 bcsId: 2084} | ret=SUCCESS |  
2019-09-04 11:46:09,758 | INFO  | DNAudit | user=null | ip=null | op=WRITE_CHUNK {blockData=conID: 2 locID: 102734074319602153 bcsId: 2090} | ret=SUCCESS |  
2019-09-04 11:46:09,759 | INFO  | DNAudit | user=null | ip=null | op=PUT_BLOCK {blockData=[blockId=conID: 2 locID: 102734074319602153 bcsId: 0,size=3145728]} | ret=SUCCESS |  
2019-09-04 11:46:09,759 | INFO  | DNAudit | user=null | ip=null | op=PUT_BLOCK {blockData=[blockId=conID: 2 locID: 102734074319602153 bcsId: 0,size=3145728]} | ret=SUCCESS |  
2019-09-04 11:46:09,762 | INFO  | DNAudit | user=null | ip=null | op=WRITE_CHUNK {blockData=conID: 2 locID: 102734074319602153 bcsId: 2090} | ret=SUCCESS |  
2019-09-04 11:46:09,762 | INFO  | DNAudit | user=null | ip=null | op=WRITE_CHUNK {blockData=conID: 2 locID: 102734074319602153 bcsId: 2090} | ret=SUCCESS |  
2019-09-04 11:46:09,767 | INFO  | DNAudit | user=null | ip=null | op=WRITE_CHUNK {blockData=conID: 2 locID: 102734074319602153 bcsId: 2090} | ret=SUCCESS |  
2019-09-04 11:46:09,768 | INFO  | DNAudit | user=null | ip=null | op=PUT_BLOCK {blockData=[blockId=conID: 2 locID: 102734074319602153 bcsId: 0,size=4194304]} | ret=SUCCESS |  
2019-09-04 11:46:09,768 [grpc-default-executor-0] INFO  client.GrpcClientProtocolClient (GrpcClientProtocolClient.java:onNext(255)) - client-D5CE890D7D9E->efcb8ff8-f060-4d95-9215-d0f5eb4af037: receive RaftClientReply:client-D5CE890D7D9E->efcb8ff8-f060-4d95-9215-d0f5eb4af037@group-0959F8DF43ED, cid=1464, SUCCESS, logIndex=2093, commits[efcb8ff8-f060-4d95-9215-d0f5eb4af037:c2094, 6fae8b02-e804-4c0e-b729-a97b7404b7f6:c2090, 4c3e8a66-6975-4917-8225-d3efe707aaff:c2090]
2019-09-04 11:46:09,769 [grpc-default-executor-0] INFO  client.GrpcClientProtocolClient (GrpcClientProtocolClient.java:onNext(255)) - client-D5CE890D7D9E->efcb8ff8-f060-4d95-9215-d0f5eb4af037: receive RaftClientReply:client-D5CE890D7D9E->efcb8ff8-f060-4d95-9215-d0f5eb4af037@group-0959F8DF43ED, cid=1465, SUCCESS, logIndex=2094, commits[efcb8ff8-f060-4d95-9215-d0f5eb4af037:c2094, 6fae8b02-e804-4c0e-b729-a97b7404b7f6:c2090, 4c3e8a66-6975-4917-8225-d3efe707aaff:c2090]
2019-09-04 11:46:09,776 | INFO  | DNAudit | user=null | ip=null | op=WRITE_CHUNK {blockData=conID: 2 locID: 102734074319602153 bcsId: 2090} | ret=SUCCESS |  
2019-09-04 11:46:09,776 | INFO  | DNAudit | user=null | ip=null | op=WRITE_CHUNK {blockData=conID: 2 locID: 102734074319602153 bcsId: 2090} | ret=SUCCESS |  
2019-09-04 11:46:09,777 | INFO  | DNAudit | user=null | ip=null | op=PUT_BLOCK {blockData=[blockId=conID: 2 locID: 102734074319602153 bcsId: 0,size=4194304]} | ret=SUCCESS |  
2019-09-04 11:46:09,777 | INFO  | DNAudit | user=null | ip=null | op=PUT_BLOCK {blockData=[blockId=conID: 2 locID: 102734074319602153 bcsId: 0,size=4194304]} | ret=SUCCESS |  
2019-09-04 11:46:09,777 [grpc-default-executor-0] INFO  client.GrpcClientProtocolClient (GrpcClientProtocolClient.java:onNext(255)) - client-D5CE890D7D9E->efcb8ff8-f060-4d95-9215-d0f5eb4af037: receive RaftClientReply:client-D5CE890D7D9E->efcb8ff8-f060-4d95-9215-d0f5eb4af037@group-0959F8DF43ED, cid=1466, SUCCESS, logIndex=0, commits[efcb8ff8-f060-4d95-9215-d0f5eb4af037:c2096, 6fae8b02-e804-4c0e-b729-a97b7404b7f6:c2094, 4c3e8a66-6975-4917-8225-d3efe707aaff:c2094]
2019-09-04 11:46:09,783 | INFO  | SCMAudit | user=jenkins1000 | ip=192.168.36.67 | op=ALLOCATE_BLOCK {owner=8ab292a2-aaa7-4ad8-863a-d33994811155, size=4194304, type=RATIS, factor=THREE} | ret=SUCCESS |  
2019-09-04 11:46:09,788 | INFO  | OMAudit | user=jenkins1000 | ip=127.0.0.1 | op=ALLOCATE_BLOCK {volume=vol-0-58699, bucket=bucket-0-57464, key=key-0-37266, dataSize=0, replicationType=null, replicationFactor=null, keyLocationInfo=null, clientID=102734073355960722} | ret=SUCCESS |  
2019-09-04 11:46:09,802 | INFO  | DNAudit | user=null | ip=null | op=WRITE_CHUNK {blockData=conID: 3 locID: 102734074333299178 bcsId: 0} | ret=SUCCESS |  
2019-09-04 11:46:09,804 | INFO  | DNAudit | user=null | ip=null | op=WRITE_CHUNK {blockData=conID: 3 locID: 102734074333299178 bcsId: 0} | ret=SUCCESS |  
2019-09-04 11:46:09,807 | INFO  | DNAudit | user=null | ip=null | op=WRITE_CHUNK {blockData=conID: 3 locID: 102734074333299178 bcsId: 0} | ret=SUCCESS |  
2019-09-04 11:46:09,807 | INFO  | DNAudit | user=null | ip=null | op=WRITE_CHUNK {blockData=conID: 3 locID: 102734074333299178 bcsId: 0} | ret=SUCCESS |  
2019-09-04 11:46:09,808 | INFO  | DNAudit | user=null | ip=null | op=WRITE_CHUNK {blockData=conID: 3 locID: 102734074333299178 bcsId: 0} | ret=SUCCESS |  
2019-09-04 11:46:09,808 | INFO  | DNAudit | user=null | ip=null | op=WRITE_CHUNK {blockData=conID: 3 locID: 102734074333299178 bcsId: 0} | ret=SUCCESS |  
2019-09-04 11:46:09,814 | INFO  | DNAudit | user=null | ip=null | op=WRITE_CHUNK {blockData=conID: 3 locID: 102734074333299178 bcsId: 0} | ret=SUCCESS |  
2019-09-04 11:46:09,815 | INFO  | DNAudit | user=null | ip=null | op=PUT_BLOCK {blockData=[blockId=conID: 3 locID: 102734074333299178 bcsId: 0,size=1048576]} | ret=SUCCESS |  
2019-09-04 11:46:09,815 | INFO  | DNAudit | user=null | ip=null | op=WRITE_CHUNK {blockData=conID: 3 locID: 102734074333299178 bcsId: 0} | ret=SUCCESS |  
2019-09-04 11:46:09,816 | INFO  | DNAudit | user=null | ip=null | op=PUT_BLOCK {blockData=[blockId=conID: 3 locID: 102734074333299178 bcsId: 0,size=2097152]} | ret=SUCCESS |  
2019-09-04 11:46:09,816 [grpc-default-executor-6] INFO  client.GrpcClientProtocolClient (GrpcClientProtocolClient.java:onNext(255)) - client-D5CE890D7D9E->efcb8ff8-f060-4d95-9215-d0f5eb4af037: receive RaftClientReply:client-D5CE890D7D9E->efcb8ff8-f060-4d95-9215-d0f5eb4af037@group-0959F8DF43ED, cid=1467, SUCCESS, logIndex=2097, commits[efcb8ff8-f060-4d95-9215-d0f5eb4af037:c2100, 6fae8b02-e804-4c0e-b729-a97b7404b7f6:c2096, 4c3e8a66-6975-4917-8225-d3efe707aaff:c2096]
2019-09-04 11:46:09,817 [grpc-default-executor-6] INFO  client.GrpcClientProtocolClient (GrpcClientProtocolClient.java:onNext(255)) - client-D5CE890D7D9E->efcb8ff8-f060-4d95-9215-d0f5eb4af037: receive RaftClientReply:client-D5CE890D7D9E->efcb8ff8-f060-4d95-9215-d0f5eb4af037@group-0959F8DF43ED, cid=1468, SUCCESS, logIndex=2098, commits[efcb8ff8-f060-4d95-9215-d0f5eb4af037:c2100, 6fae8b02-e804-4c0e-b729-a97b7404b7f6:c2096, 4c3e8a66-6975-4917-8225-d3efe707aaff:c2096]
2019-09-04 11:46:09,817 [grpc-default-executor-6] INFO  client.GrpcClientProtocolClient (GrpcClientProtocolClient.java:onNext(255)) - client-D5CE890D7D9E->efcb8ff8-f060-4d95-9215-d0f5eb4af037: receive RaftClientReply:client-D5CE890D7D9E->efcb8ff8-f060-4d95-9215-d0f5eb4af037@group-0959F8DF43ED, cid=1469, SUCCESS, logIndex=2099, commits[efcb8ff8-f060-4d95-9215-d0f5eb4af037:c2100, 6fae8b02-e804-4c0e-b729-a97b7404b7f6:c2096, 4c3e8a66-6975-4917-8225-d3efe707aaff:c2096]
2019-09-04 11:46:09,817 [grpc-default-executor-6] INFO  client.GrpcClientProtocolClient (GrpcClientProtocolClient.java:onNext(255)) - client-D5CE890D7D9E->efcb8ff8-f060-4d95-9215-d0f5eb4af037: receive RaftClientReply:client-D5CE890D7D9E->efcb8ff8-f060-4d95-9215-d0f5eb4af037@group-0959F8DF43ED, cid=1470, SUCCESS, logIndex=2100, commits[efcb8ff8-f060-4d95-9215-d0f5eb4af037:c2100, 6fae8b02-e804-4c0e-b729-a97b7404b7f6:c2096, 4c3e8a66-6975-4917-8225-d3efe707aaff:c2096]
2019-09-04 11:46:09,822 | INFO  | DNAudit | user=null | ip=null | op=WRITE_CHUNK {blockData=conID: 3 locID: 102734074333299178 bcsId: 0} | ret=SUCCESS |  
2019-09-04 11:46:09,822 | INFO  | DNAudit | user=null | ip=null | op=WRITE_CHUNK {blockData=conID: 3 locID: 102734074333299178 bcsId: 0} | ret=SUCCESS |  
2019-09-04 11:46:09,822 | INFO  | DNAudit | user=null | ip=null | op=PUT_BLOCK {blockData=[blockId=conID: 3 locID: 102734074333299178 bcsId: 0,size=1048576]} | ret=SUCCESS |  
2019-09-04 11:46:09,822 | INFO  | DNAudit | user=null | ip=null | op=PUT_BLOCK {blockData=[blockId=conID: 3 locID: 102734074333299178 bcsId: 0,size=1048576]} | ret=SUCCESS |  
2019-09-04 11:46:09,823 | INFO  | DNAudit | user=null | ip=null | op=WRITE_CHUNK {blockData=conID: 3 locID: 102734074333299178 bcsId: 0} | ret=SUCCESS |  
2019-09-04 11:46:09,823 | INFO  | DNAudit | user=null | ip=null | op=WRITE_CHUNK {blockData=conID: 3 locID: 102734074333299178 bcsId: 0} | ret=SUCCESS |  
2019-09-04 11:46:09,823 | INFO  | DNAudit | user=null | ip=null | op=PUT_BLOCK {blockData=[blockId=conID: 3 locID: 102734074333299178 bcsId: 0,size=2097152]} | ret=SUCCESS |  
2019-09-04 11:46:09,823 [grpc-default-executor-6] INFO  client.GrpcClientProtocolClient (GrpcClientProtocolClient.java:onNext(255)) - client-D5CE890D7D9E->efcb8ff8-f060-4d95-9215-d0f5eb4af037: receive RaftClientReply:client-D5CE890D7D9E->efcb8ff8-f060-4d95-9215-d0f5eb4af037@group-0959F8DF43ED, cid=1471, SUCCESS, logIndex=0, commits[efcb8ff8-f060-4d95-9215-d0f5eb4af037:c2101, 6fae8b02-e804-4c0e-b729-a97b7404b7f6:c2100, 4c3e8a66-6975-4917-8225-d3efe707aaff:c2100]
2019-09-04 11:46:09,823 | INFO  | DNAudit | user=null | ip=null | op=PUT_BLOCK {blockData=[blockId=conID: 3 locID: 102734074333299178 bcsId: 0,size=2097152]} | ret=SUCCESS |  
2019-09-04 11:46:09,831 | INFO  | DNAudit | user=null | ip=null | op=WRITE_CHUNK {blockData=conID: 3 locID: 102734074333299178 bcsId: 2100} | ret=SUCCESS |  
2019-09-04 11:46:09,833 | INFO  | DNAudit | user=null | ip=null | op=WRITE_CHUNK {blockData=conID: 3 locID: 102734074333299178 bcsId: 2100} | ret=SUCCESS |  
2019-09-04 11:46:09,833 | INFO  | DNAudit | user=null | ip=null | op=WRITE_CHUNK {blockData=conID: 3 locID: 102734074333299178 bcsId: 2100} | ret=SUCCESS |  
2019-09-04 11:46:09,840 | INFO  | DNAudit | user=null | ip=null | op=WRITE_CHUNK {blockData=conID: 3 locID: 102734074333299178 bcsId: 2100} | ret=SUCCESS |  
2019-09-04 11:46:09,840 | INFO  | DNAudit | user=null | ip=null | op=PUT_BLOCK {blockData=[blockId=conID: 3 locID: 102734074333299178 bcsId: 0,size=3145728]} | ret=SUCCESS |  
2019-09-04 11:46:09,840 [grpc-default-executor-6] INFO  client.GrpcClientProtocolClient (GrpcClientProtocolClient.java:onNext(255)) - client-D5CE890D7D9E->efcb8ff8-f060-4d95-9215-d0f5eb4af037: receive RaftClientReply:client-D5CE890D7D9E->efcb8ff8-f060-4d95-9215-d0f5eb4af037@group-0959F8DF43ED, cid=1472, SUCCESS, logIndex=2103, commits[efcb8ff8-f060-4d95-9215-d0f5eb4af037:c2104, 6fae8b02-e804-4c0e-b729-a97b7404b7f6:c2101, 4c3e8a66-6975-4917-8225-d3efe707aaff:c2100]
2019-09-04 11:46:09,841 [grpc-default-executor-6] INFO  client.GrpcClientProtocolClient (GrpcClientProtocolClient.java:onNext(255)) - client-D5CE890D7D9E->efcb8ff8-f060-4d95-9215-d0f5eb4af037: receive RaftClientReply:client-D5CE890D7D9E->efcb8ff8-f060-4d95-9215-d0f5eb4af037@group-0959F8DF43ED, cid=1473, SUCCESS, logIndex=2104, commits[efcb8ff8-f060-4d95-9215-d0f5eb4af037:c2104, 6fae8b02-e804-4c0e-b729-a97b7404b7f6:c2101, 4c3e8a66-6975-4917-8225-d3efe707aaff:c2101]
2019-09-04 11:46:09,847 | INFO  | DNAudit | user=null | ip=null | op=WRITE_CHUNK {blockData=conID: 3 locID: 102734074333299178 bcsId: 2104} | ret=SUCCESS |  
2019-09-04 11:46:09,848 | INFO  | DNAudit | user=null | ip=null | op=WRITE_CHUNK {blockData=conID: 3 locID: 102734074333299178 bcsId: 2100} | ret=SUCCESS |  
2019-09-04 11:46:09,848 | INFO  | DNAudit | user=null | ip=null | op=WRITE_CHUNK {blockData=conID: 3 locID: 102734074333299178 bcsId: 2100} | ret=SUCCESS |  
2019-09-04 11:46:09,848 | INFO  | DNAudit | user=null | ip=null | op=PUT_BLOCK {blockData=[blockId=conID: 3 locID: 102734074333299178 bcsId: 0,size=3145728]} | ret=SUCCESS |  
2019-09-04 11:46:09,848 | INFO  | DNAudit | user=null | ip=null | op=PUT_BLOCK {blockData=[blockId=conID: 3 locID: 102734074333299178 bcsId: 0,size=3145728]} | ret=SUCCESS |  
2019-09-04 11:46:09,851 | INFO  | DNAudit | user=null | ip=null | op=WRITE_CHUNK {blockData=conID: 3 locID: 102734074333299178 bcsId: 2104} | ret=SUCCESS |  
2019-09-04 11:46:09,851 | INFO  | DNAudit | user=null | ip=null | op=WRITE_CHUNK {blockData=conID: 3 locID: 102734074333299178 bcsId: 2104} | ret=SUCCESS |  
2019-09-04 11:46:09,858 | INFO  | DNAudit | user=null | ip=null | op=WRITE_CHUNK {blockData=conID: 3 locID: 102734074333299178 bcsId: 2104} | ret=SUCCESS |  
2019-09-04 11:46:09,858 | INFO  | DNAudit | user=null | ip=null | op=PUT_BLOCK {blockData=[blockId=conID: 3 locID: 102734074333299178 bcsId: 0,size=4194304]} | ret=SUCCESS |  
2019-09-04 11:46:09,859 [grpc-default-executor-4] INFO  client.GrpcClientProtocolClient (GrpcClientProtocolClient.java:onNext(255)) - client-D5CE890D7D9E->efcb8ff8-f060-4d95-9215-d0f5eb4af037: receive RaftClientReply:client-D5CE890D7D9E->efcb8ff8-f060-4d95-9215-d0f5eb4af037@group-0959F8DF43ED, cid=1474, SUCCESS, logIndex=2107, commits[efcb8ff8-f060-4d95-9215-d0f5eb4af037:c2108, 6fae8b02-e804-4c0e-b729-a97b7404b7f6:c2104, 4c3e8a66-6975-4917-8225-d3efe707aaff:c2104]
2019-09-04 11:46:09,859 [grpc-default-executor-4] INFO  client.GrpcClientProtocolClient (GrpcClientProtocolClient.java:onNext(255)) - client-D5CE890D7D9E->efcb8ff8-f060-4d95-9215-d0f5eb4af037: receive RaftClientReply:client-D5CE890D7D9E->efcb8ff8-f060-4d95-9215-d0f5eb4af037@group-0959F8DF43ED, cid=1475, SUCCESS, logIndex=2108, commits[efcb8ff8-f060-4d95-9215-d0f5eb4af037:c2108, 6fae8b02-e804-4c0e-b729-a97b7404b7f6:c2104, 4c3e8a66-6975-4917-8225-d3efe707aaff:c2104]
2019-09-04 11:46:09,866 | INFO  | DNAudit | user=null | ip=null | op=WRITE_CHUNK {blockData=conID: 3 locID: 102734074333299178 bcsId: 2104} | ret=SUCCESS |  
2019-09-04 11:46:09,866 | INFO  | DNAudit | user=null | ip=null | op=WRITE_CHUNK {blockData=conID: 3 locID: 102734074333299178 bcsId: 2104} | ret=SUCCESS |  
2019-09-04 11:46:09,866 | INFO  | DNAudit | user=null | ip=null | op=PUT_BLOCK {blockData=[blockId=conID: 3 locID: 102734074333299178 bcsId: 0,size=4194304]} | ret=SUCCESS |  
2019-09-04 11:46:09,867 | INFO  | DNAudit | user=null | ip=null | op=PUT_BLOCK {blockData=[blockId=conID: 3 locID: 102734074333299178 bcsId: 0,size=4194304]} | ret=SUCCESS |  
2019-09-04 11:46:09,867 [grpc-default-executor-4] INFO  client.GrpcClientProtocolClient (GrpcClientProtocolClient.java:onNext(255)) - client-D5CE890D7D9E->efcb8ff8-f060-4d95-9215-d0f5eb4af037: receive RaftClientReply:client-D5CE890D7D9E->efcb8ff8-f060-4d95-9215-d0f5eb4af037@group-0959F8DF43ED, cid=1476, SUCCESS, logIndex=0, commits[efcb8ff8-f060-4d95-9215-d0f5eb4af037:c2109, 6fae8b02-e804-4c0e-b729-a97b7404b7f6:c2108, 4c3e8a66-6975-4917-8225-d3efe707aaff:c2108]
2019-09-04 11:46:09,873 | INFO  | SCMAudit | user=jenkins1000 | ip=192.168.36.67 | op=ALLOCATE_BLOCK {owner=8ab292a2-aaa7-4ad8-863a-d33994811155, size=4194304, type=RATIS, factor=THREE} | ret=SUCCESS |  
2019-09-04 11:46:09,875 | INFO  | OMAudit | user=jenkins1000 | ip=127.0.0.1 | op=ALLOCATE_BLOCK {volume=vol-0-58699, bucket=bucket-0-57464, key=key-0-37266, dataSize=0, replicationType=null, replicationFactor=null, keyLocationInfo=null, clientID=102734073355960722} | ret=SUCCESS |  
2019-09-04 11:46:09,882 | INFO  | DNAudit | user=null | ip=null | op=WRITE_CHUNK {blockData=conID: 1 locID: 102734074339131883 bcsId: 0} | ret=SUCCESS |  
2019-09-04 11:46:09,884 | INFO  | DNAudit | user=null | ip=null | op=WRITE_CHUNK {blockData=conID: 1 locID: 102734074339131883 bcsId: 0} | ret=SUCCESS |  
2019-09-04 11:46:09,885 | INFO  | DNAudit | user=null | ip=null | op=WRITE_CHUNK {blockData=conID: 1 locID: 102734074339131883 bcsId: 0} | ret=SUCCESS |  
2019-09-04 11:46:09,887 | INFO  | DNAudit | user=null | ip=null | op=WRITE_CHUNK {blockData=conID: 1 locID: 102734074339131883 bcsId: 0} | ret=SUCCESS |  
2019-09-04 11:46:09,887 | INFO  | DNAudit | user=null | ip=null | op=WRITE_CHUNK {blockData=conID: 1 locID: 102734074339131883 bcsId: 0} | ret=SUCCESS |  
2019-09-04 11:46:09,887 | INFO  | DNAudit | user=null | ip=null | op=WRITE_CHUNK {blockData=conID: 1 locID: 102734074339131883 bcsId: 0} | ret=SUCCESS |  
2019-09-04 11:46:09,892 | INFO  | DNAudit | user=null | ip=null | op=WRITE_CHUNK {blockData=conID: 1 locID: 102734074339131883 bcsId: 0} | ret=SUCCESS |  
2019-09-04 11:46:09,893 | INFO  | DNAudit | user=null | ip=null | op=PUT_BLOCK {blockData=[blockId=conID: 1 locID: 102734074339131883 bcsId: 0,size=1048576]} | ret=SUCCESS |  
2019-09-04 11:46:09,893 [grpc-default-executor-0] INFO  client.GrpcClientProtocolClient (GrpcClientProtocolClient.java:onNext(255)) - client-D5CE890D7D9E->efcb8ff8-f060-4d95-9215-d0f5eb4af037: receive RaftClientReply:client-D5CE890D7D9E->efcb8ff8-f060-4d95-9215-d0f5eb4af037@group-0959F8DF43ED, cid=1477, SUCCESS, logIndex=2111, commits[efcb8ff8-f060-4d95-9215-d0f5eb4af037:c2113, 6fae8b02-e804-4c0e-b729-a97b7404b7f6:c2110, 4c3e8a66-6975-4917-8225-d3efe707aaff:c2110]
2019-09-04 11:46:09,893 | INFO  | DNAudit | user=null | ip=null | op=WRITE_CHUNK {blockData=conID: 1 locID: 102734074339131883 bcsId: 0} | ret=SUCCESS |  
2019-09-04 11:46:09,894 [grpc-default-executor-0] INFO  client.GrpcClientProtocolClient (GrpcClientProtocolClient.java:onNext(255)) - client-D5CE890D7D9E->efcb8ff8-f060-4d95-9215-d0f5eb4af037: receive RaftClientReply:client-D5CE890D7D9E->efcb8ff8-f060-4d95-9215-d0f5eb4af037@group-0959F8DF43ED, cid=1478, SUCCESS, logIndex=2112, commits[efcb8ff8-f060-4d95-9215-d0f5eb4af037:c2114, 6fae8b02-e804-4c0e-b729-a97b7404b7f6:c2110, 4c3e8a66-6975-4917-8225-d3efe707aaff:c2110]
2019-09-04 11:46:09,894 | INFO  | DNAudit | user=null | ip=null | op=PUT_BLOCK {blockData=[blockId=conID: 1 locID: 102734074339131883 bcsId: 0,size=2097152]} | ret=SUCCESS |  
2019-09-04 11:46:09,894 [grpc-default-executor-0] INFO  client.GrpcClientProtocolClient (GrpcClientProtocolClient.java:onNext(255)) - client-D5CE890D7D9E->efcb8ff8-f060-4d95-9215-d0f5eb4af037: receive RaftClientReply:client-D5CE890D7D9E->efcb8ff8-f060-4d95-9215-d0f5eb4af037@group-0959F8DF43ED, cid=1479, SUCCESS, logIndex=2113, commits[efcb8ff8-f060-4d95-9215-d0f5eb4af037:c2114, 6fae8b02-e804-4c0e-b729-a97b7404b7f6:c2110, 4c3e8a66-6975-4917-8225-d3efe707aaff:c2110]
2019-09-04 11:46:09,894 [grpc-default-executor-0] INFO  client.GrpcClientProtocolClient (GrpcClientProtocolClient.java:onNext(255)) - client-D5CE890D7D9E->efcb8ff8-f060-4d95-9215-d0f5eb4af037: receive RaftClientReply:client-D5CE890D7D9E->efcb8ff8-f060-4d95-9215-d0f5eb4af037@group-0959F8DF43ED, cid=1480, SUCCESS, logIndex=2114, commits[efcb8ff8-f060-4d95-9215-d0f5eb4af037:c2114, 6fae8b02-e804-4c0e-b729-a97b7404b7f6:c2110, 4c3e8a66-6975-4917-8225-d3efe707aaff:c2110]
2019-09-04 11:46:09,899 | INFO  | DNAudit | user=null | ip=null | op=WRITE_CHUNK {blockData=conID: 1 locID: 102734074339131883 bcsId: 0} | ret=SUCCESS |  
2019-09-04 11:46:09,899 | INFO  | DNAudit | user=null | ip=null | op=WRITE_CHUNK {blockData=conID: 1 locID: 102734074339131883 bcsId: 0} | ret=SUCCESS |  
2019-09-04 11:46:09,899 | INFO  | DNAudit | user=null | ip=null | op=PUT_BLOCK {blockData=[blockId=conID: 1 locID: 102734074339131883 bcsId: 0,size=1048576]} | ret=SUCCESS |  
2019-09-04 11:46:09,899 | INFO  | DNAudit | user=null | ip=null | op=PUT_BLOCK {blockData=[blockId=conID: 1 locID: 102734074339131883 bcsId: 0,size=1048576]} | ret=SUCCESS |  
2019-09-04 11:46:09,899 [grpc-default-executor-0] INFO  client.GrpcClientProtocolClient (GrpcClientProtocolClient.java:onNext(255)) - client-D5CE890D7D9E->efcb8ff8-f060-4d95-9215-d0f5eb4af037: receive RaftClientReply:client-D5CE890D7D9E->efcb8ff8-f060-4d95-9215-d0f5eb4af037@group-0959F8DF43ED, cid=1481, SUCCESS, logIndex=0, commits[efcb8ff8-f060-4d95-9215-d0f5eb4af037:c2115, 6fae8b02-e804-4c0e-b729-a97b7404b7f6:c2112, 4c3e8a66-6975-4917-8225-d3efe707aaff:c2112]
2019-09-04 11:46:09,900 | INFO  | DNAudit | user=null | ip=null | op=WRITE_CHUNK {blockData=conID: 1 locID: 102734074339131883 bcsId: 0} | ret=SUCCESS |  
2019-09-04 11:46:09,900 | INFO  | DNAudit | user=null | ip=null | op=WRITE_CHUNK {blockData=conID: 1 locID: 102734074339131883 bcsId: 0} | ret=SUCCESS |  
2019-09-04 11:46:09,900 | INFO  | DNAudit | user=null | ip=null | op=PUT_BLOCK {blockData=[blockId=conID: 1 locID: 102734074339131883 bcsId: 0,size=2097152]} | ret=SUCCESS |  
2019-09-04 11:46:09,901 | INFO  | DNAudit | user=null | ip=null | op=PUT_BLOCK {blockData=[blockId=conID: 1 locID: 102734074339131883 bcsId: 0,size=2097152]} | ret=SUCCESS |  
 0.00% |█                                                                                                    |  0/1 Time: 0:00:152019-09-04 11:46:09,907 | INFO  | DNAudit | user=null | ip=null | op=WRITE_CHUNK {blockData=conID: 1 locID: 102734074339131883 bcsId: 2114} | ret=SUCCESS |  
2019-09-04 11:46:09,908 | INFO  | DNAudit | user=null | ip=null | op=WRITE_CHUNK {blockData=conID: 1 locID: 102734074339131883 bcsId: 2114} | ret=SUCCESS |  
2019-09-04 11:46:09,909 | INFO  | DNAudit | user=null | ip=null | op=WRITE_CHUNK {blockData=conID: 1 locID: 102734074339131883 bcsId: 2114} | ret=SUCCESS |  
2019-09-04 11:46:09,914 | INFO  | DNAudit | user=null | ip=null | op=WRITE_CHUNK {blockData=conID: 1 locID: 102734074339131883 bcsId: 2114} | ret=SUCCESS |  
2019-09-04 11:46:09,914 | INFO  | DNAudit | user=null | ip=null | op=PUT_BLOCK {blockData=[blockId=conID: 1 locID: 102734074339131883 bcsId: 0,size=3145728]} | ret=SUCCESS |  
2019-09-04 11:46:09,914 [grpc-default-executor-6] INFO  client.GrpcClientProtocolClient (GrpcClientProtocolClient.java:onNext(255)) - client-D5CE890D7D9E->efcb8ff8-f060-4d95-9215-d0f5eb4af037: receive RaftClientReply:client-D5CE890D7D9E->efcb8ff8-f060-4d95-9215-d0f5eb4af037@group-0959F8DF43ED, cid=1482, SUCCESS, logIndex=2119, commits[efcb8ff8-f060-4d95-9215-d0f5eb4af037:c2120, 6fae8b02-e804-4c0e-b729-a97b7404b7f6:c2118, 4c3e8a66-6975-4917-8225-d3efe707aaff:c2118]
2019-09-04 11:46:09,915 [grpc-default-executor-6] INFO  client.GrpcClientProtocolClient (GrpcClientProtocolClient.java:onNext(255)) - client-D5CE890D7D9E->efcb8ff8-f060-4d95-9215-d0f5eb4af037: receive RaftClientReply:client-D5CE890D7D9E->efcb8ff8-f060-4d95-9215-d0f5eb4af037@group-0959F8DF43ED, cid=1483, SUCCESS, logIndex=2120, commits[efcb8ff8-f060-4d95-9215-d0f5eb4af037:c2120, 6fae8b02-e804-4c0e-b729-a97b7404b7f6:c2118, 4c3e8a66-6975-4917-8225-d3efe707aaff:c2118]
2019-09-04 11:46:09,919 | INFO  | DNAudit | user=null | ip=null | op=WRITE_CHUNK {blockData=conID: 1 locID: 102734074339131883 bcsId: 2114} | ret=SUCCESS |  
2019-09-04 11:46:09,919 | INFO  | DNAudit | user=null | ip=null | op=WRITE_CHUNK {blockData=conID: 1 locID: 102734074339131883 bcsId: 2114} | ret=SUCCESS |  
2019-09-04 11:46:09,920 | INFO  | DNAudit | user=null | ip=null | op=PUT_BLOCK {blockData=[blockId=conID: 1 locID: 102734074339131883 bcsId: 0,size=3145728]} | ret=SUCCESS |  
2019-09-04 11:46:09,920 | INFO  | DNAudit | user=null | ip=null | op=PUT_BLOCK {blockData=[blockId=conID: 1 locID: 102734074339131883 bcsId: 0,size=3145728]} | ret=SUCCESS |  
2019-09-04 11:46:09,921 | INFO  | DNAudit | user=null | ip=null | op=WRITE_CHUNK {blockData=conID: 1 locID: 102734074339131883 bcsId: 2120} | ret=SUCCESS |  
2019-09-04 11:46:09,924 | INFO  | DNAudit | user=null | ip=null | op=WRITE_CHUNK {blockData=conID: 1 locID: 102734074339131883 bcsId: 2120} | ret=SUCCESS |  
2019-09-04 11:46:09,924 | INFO  | DNAudit | user=null | ip=null | op=WRITE_CHUNK {blockData=conID: 1 locID: 102734074339131883 bcsId: 2120} | ret=SUCCESS |  
2019-09-04 11:46:09,931 | INFO  | DNAudit | user=null | ip=null | op=WRITE_CHUNK {blockData=conID: 1 locID: 102734074339131883 bcsId: 2120} | ret=SUCCESS |  
2019-09-04 11:46:09,931 | INFO  | DNAudit | user=null | ip=null | op=PUT_BLOCK {blockData=[blockId=conID: 1 locID: 102734074339131883 bcsId: 0,size=4194304]} | ret=SUCCESS |  
2019-09-04 11:46:09,931 [grpc-default-executor-0] INFO  client.GrpcClientProtocolClient (GrpcClientProtocolClient.java:onNext(255)) - client-D5CE890D7D9E->efcb8ff8-f060-4d95-9215-d0f5eb4af037: receive RaftClientReply:client-D5CE890D7D9E->efcb8ff8-f060-4d95-9215-d0f5eb4af037@group-0959F8DF43ED, cid=1484, SUCCESS, logIndex=2123, commits[efcb8ff8-f060-4d95-9215-d0f5eb4af037:c2124, 6fae8b02-e804-4c0e-b729-a97b7404b7f6:c2121, 4c3e8a66-6975-4917-8225-d3efe707aaff:c2121]
2019-09-04 11:46:09,932 [grpc-default-executor-0] INFO  client.GrpcClientProtocolClient (GrpcClientProtocolClient.java:onNext(255)) - client-D5CE890D7D9E->efcb8ff8-f060-4d95-9215-d0f5eb4af037: receive RaftClientReply:client-D5CE890D7D9E->efcb8ff8-f060-4d95-9215-d0f5eb4af037@group-0959F8DF43ED, cid=1485, SUCCESS, logIndex=2124, commits[efcb8ff8-f060-4d95-9215-d0f5eb4af037:c2124, 6fae8b02-e804-4c0e-b729-a97b7404b7f6:c2121, 4c3e8a66-6975-4917-8225-d3efe707aaff:c2121]
2019-09-04 11:46:09,940 | INFO  | DNAudit | user=null | ip=null | op=WRITE_CHUNK {blockData=conID: 1 locID: 102734074339131883 bcsId: 2120} | ret=SUCCESS |  
2019-09-04 11:46:09,940 | INFO  | DNAudit | user=null | ip=null | op=WRITE_CHUNK {blockData=conID: 1 locID: 102734074339131883 bcsId: 2120} | ret=SUCCESS |  
2019-09-04 11:46:09,941 | INFO  | DNAudit | user=null | ip=null | op=PUT_BLOCK {blockData=[blockId=conID: 1 locID: 102734074339131883 bcsId: 0,size=4194304]} | ret=SUCCESS |  
2019-09-04 11:46:09,941 | INFO  | DNAudit | user=null | ip=null | op=PUT_BLOCK {blockData=[blockId=conID: 1 locID: 102734074339131883 bcsId: 0,size=4194304]} | ret=SUCCESS |  
2019-09-04 11:46:09,942 [grpc-default-executor-4] INFO  client.GrpcClientProtocolClient (GrpcClientProtocolClient.java:onNext(255)) - client-D5CE890D7D9E->efcb8ff8-f060-4d95-9215-d0f5eb4af037: receive RaftClientReply:client-D5CE890D7D9E->efcb8ff8-f060-4d95-9215-d0f5eb4af037@group-0959F8DF43ED, cid=1486, SUCCESS, logIndex=0, commits[efcb8ff8-f060-4d95-9215-d0f5eb4af037:c2126, 6fae8b02-e804-4c0e-b729-a97b7404b7f6:c2124, 4c3e8a66-6975-4917-8225-d3efe707aaff:c2124]
2019-09-04 11:46:09,946 | INFO  | SCMAudit | user=jenkins1000 | ip=192.168.36.67 | op=ALLOCATE_BLOCK {owner=8ab292a2-aaa7-4ad8-863a-d33994811155, size=4194304, type=RATIS, factor=THREE} | ret=SUCCESS |  
2019-09-04 11:46:09,948 | INFO  | OMAudit | user=jenkins1000 | ip=127.0.0.1 | op=ALLOCATE_BLOCK {volume=vol-0-58699, bucket=bucket-0-57464, key=key-0-37266, dataSize=0, replicationType=null, replicationFactor=null, keyLocationInfo=null, clientID=102734073355960722} | ret=SUCCESS |  
2019-09-04 11:46:09,955 | INFO  | DNAudit | user=null | ip=null | op=WRITE_CHUNK {blockData=conID: 2 locID: 102734074343981548 bcsId: 0} | ret=SUCCESS |  
2019-09-04 11:46:09,959 | INFO  | DNAudit | user=null | ip=null | op=WRITE_CHUNK {blockData=conID: 2 locID: 102734074343981548 bcsId: 0} | ret=SUCCESS |  
2019-09-04 11:46:09,959 | INFO  | DNAudit | user=null | ip=null | op=WRITE_CHUNK {blockData=conID: 2 locID: 102734074343981548 bcsId: 0} | ret=SUCCESS |  
2019-09-04 11:46:09,960 | INFO  | DNAudit | user=null | ip=null | op=WRITE_CHUNK {blockData=conID: 2 locID: 102734074343981548 bcsId: 0} | ret=SUCCESS |  
2019-09-04 11:46:09,961 | INFO  | DNAudit | user=null | ip=null | op=WRITE_CHUNK {blockData=conID: 2 locID: 102734074343981548 bcsId: 0} | ret=SUCCESS |  
2019-09-04 11:46:09,961 | INFO  | DNAudit | user=null | ip=null | op=WRITE_CHUNK {blockData=conID: 2 locID: 102734074343981548 bcsId: 0} | ret=SUCCESS |  
2019-09-04 11:46:09,991 | INFO  | DNAudit | user=null | ip=null | op=WRITE_CHUNK {blockData=conID: 2 locID: 102734074343981548 bcsId: 0} | ret=SUCCESS |  
2019-09-04 11:46:09,991 | INFO  | DNAudit | user=null | ip=null | op=PUT_BLOCK {blockData=[blockId=conID: 2 locID: 102734074343981548 bcsId: 0,size=1048576]} | ret=SUCCESS |  
2019-09-04 11:46:09,991 [grpc-default-executor-0] INFO  client.GrpcClientProtocolClient (GrpcClientProtocolClient.java:onNext(255)) - client-D5CE890D7D9E->efcb8ff8-f060-4d95-9215-d0f5eb4af037: receive RaftClientReply:client-D5CE890D7D9E->efcb8ff8-f060-4d95-9215-d0f5eb4af037@group-0959F8DF43ED, cid=1487, SUCCESS, logIndex=2127, commits[efcb8ff8-f060-4d95-9215-d0f5eb4af037:c2128, 6fae8b02-e804-4c0e-b729-a97b7404b7f6:c2126, 4c3e8a66-6975-4917-8225-d3efe707aaff:c2126]
2019-09-04 11:46:09,992 [grpc-default-executor-0] INFO  client.GrpcClientProtocolClient (GrpcClientProtocolClient.java:onNext(255)) - client-D5CE890D7D9E->efcb8ff8-f060-4d95-9215-d0f5eb4af037: receive RaftClientReply:client-D5CE890D7D9E->efcb8ff8-f060-4d95-9215-d0f5eb4af037@group-0959F8DF43ED, cid=1488, SUCCESS, logIndex=2128, commits[efcb8ff8-f060-4d95-9215-d0f5eb4af037:c2128, 6fae8b02-e804-4c0e-b729-a97b7404b7f6:c2126, 4c3e8a66-6975-4917-8225-d3efe707aaff:c2126]
2019-09-04 11:46:09,997 | INFO  | DNAudit | user=null | ip=null | op=WRITE_CHUNK {blockData=conID: 2 locID: 102734074343981548 bcsId: 0} | ret=SUCCESS |  
2019-09-04 11:46:09,998 | INFO  | DNAudit | user=null | ip=null | op=PUT_BLOCK {blockData=[blockId=conID: 2 locID: 102734074343981548 bcsId: 0,size=2097152]} | ret=SUCCESS |  
2019-09-04 11:46:09,998 [grpc-default-executor-4] INFO  client.GrpcClientProtocolClient (GrpcClientProtocolClient.java:onNext(255)) - client-D5CE890D7D9E->efcb8ff8-f060-4d95-9215-d0f5eb4af037: receive RaftClientReply:client-D5CE890D7D9E->efcb8ff8-f060-4d95-9215-d0f5eb4af037@group-0959F8DF43ED, cid=1489, SUCCESS, logIndex=2129, commits[efcb8ff8-f060-4d95-9215-d0f5eb4af037:c2130, 6fae8b02-e804-4c0e-b729-a97b7404b7f6:c2126, 4c3e8a66-6975-4917-8225-d3efe707aaff:c2126]
2019-09-04 11:46:09,998 [grpc-default-executor-4] INFO  client.GrpcClientProtocolClient (GrpcClientProtocolClient.java:onNext(255)) - client-D5CE890D7D9E->efcb8ff8-f060-4d95-9215-d0f5eb4af037: receive RaftClientReply:client-D5CE890D7D9E->efcb8ff8-f060-4d95-9215-d0f5eb4af037@group-0959F8DF43ED, cid=1490, SUCCESS, logIndex=2130, commits[efcb8ff8-f060-4d95-9215-d0f5eb4af037:c2130, 6fae8b02-e804-4c0e-b729-a97b7404b7f6:c2126, 4c3e8a66-6975-4917-8225-d3efe707aaff:c2126]
2019-09-04 11:46:09,998 | INFO  | DNAudit | user=null | ip=null | op=WRITE_CHUNK {blockData=conID: 2 locID: 102734074343981548 bcsId: 0} | ret=SUCCESS |  
2019-09-04 11:46:09,998 | INFO  | DNAudit | user=null | ip=null | op=PUT_BLOCK {blockData=[blockId=conID: 2 locID: 102734074343981548 bcsId: 0,size=1048576]} | ret=SUCCESS |  
2019-09-04 11:46:09,999 | INFO  | DNAudit | user=null | ip=null | op=WRITE_CHUNK {blockData=conID: 2 locID: 102734074343981548 bcsId: 0} | ret=SUCCESS |  
2019-09-04 11:46:09,999 | INFO  | DNAudit | user=null | ip=null | op=WRITE_CHUNK {blockData=conID: 2 locID: 102734074343981548 bcsId: 0} | ret=SUCCESS |  
2019-09-04 11:46:09,999 | INFO  | DNAudit | user=null | ip=null | op=PUT_BLOCK {blockData=[blockId=conID: 2 locID: 102734074343981548 bcsId: 0,size=1048576]} | ret=SUCCESS |  
2019-09-04 11:46:10,000 | INFO  | DNAudit | user=null | ip=null | op=PUT_BLOCK {blockData=[blockId=conID: 2 locID: 102734074343981548 bcsId: 0,size=2097152]} | ret=SUCCESS |  
2019-09-04 11:46:10,000 [grpc-default-executor-4] INFO  client.GrpcClientProtocolClient (GrpcClientProtocolClient.java:onNext(255)) - client-D5CE890D7D9E->efcb8ff8-f060-4d95-9215-d0f5eb4af037: receive RaftClientReply:client-D5CE890D7D9E->efcb8ff8-f060-4d95-9215-d0f5eb4af037@group-0959F8DF43ED, cid=1491, SUCCESS, logIndex=0, commits[efcb8ff8-f060-4d95-9215-d0f5eb4af037:c2132, 6fae8b02-e804-4c0e-b729-a97b7404b7f6:c2128, 4c3e8a66-6975-4917-8225-d3efe707aaff:c2128]
2019-09-04 11:46:10,000 | INFO  | DNAudit | user=null | ip=null | op=WRITE_CHUNK {blockData=conID: 2 locID: 102734074343981548 bcsId: 0} | ret=SUCCESS |  
2019-09-04 11:46:10,000 | INFO  | DNAudit | user=null | ip=null | op=PUT_BLOCK {blockData=[blockId=conID: 2 locID: 102734074343981548 bcsId: 0,size=2097152]} | ret=SUCCESS |  
2019-09-04 11:46:10,009 | INFO  | DNAudit | user=null | ip=null | op=WRITE_CHUNK {blockData=conID: 2 locID: 102734074343981548 bcsId: 2130} | ret=SUCCESS |  
2019-09-04 11:46:10,012 | INFO  | DNAudit | user=null | ip=null | op=WRITE_CHUNK {blockData=conID: 2 locID: 102734074343981548 bcsId: 2130} | ret=SUCCESS |  
2019-09-04 11:46:10,012 | INFO  | DNAudit | user=null | ip=null | op=WRITE_CHUNK {blockData=conID: 2 locID: 102734074343981548 bcsId: 2130} | ret=SUCCESS |  
2019-09-04 11:46:10,023 | INFO  | DNAudit | user=null | ip=null | op=WRITE_CHUNK {blockData=conID: 2 locID: 102734074343981548 bcsId: 2130} | ret=SUCCESS |  
2019-09-04 11:46:10,023 | INFO  | DNAudit | user=null | ip=null | op=PUT_BLOCK {blockData=[blockId=conID: 2 locID: 102734074343981548 bcsId: 0,size=3145728]} | ret=SUCCESS |  
2019-09-04 11:46:10,023 [grpc-default-executor-4] INFO  client.GrpcClientProtocolClient (GrpcClientProtocolClient.java:onNext(255)) - client-D5CE890D7D9E->efcb8ff8-f060-4d95-9215-d0f5eb4af037: receive RaftClientReply:client-D5CE890D7D9E->efcb8ff8-f060-4d95-9215-d0f5eb4af037@group-0959F8DF43ED, cid=1492, SUCCESS, logIndex=2135, commits[efcb8ff8-f060-4d95-9215-d0f5eb4af037:c2136, 6fae8b02-e804-4c0e-b729-a97b7404b7f6:c2134, 4c3e8a66-6975-4917-8225-d3efe707aaff:c2134]
2019-09-04 11:46:10,024 [grpc-default-executor-4] INFO  client.GrpcClientProtocolClient (GrpcClientProtocolClient.java:onNext(255)) - client-D5CE890D7D9E->efcb8ff8-f060-4d95-9215-d0f5eb4af037: receive RaftClientReply:client-D5CE890D7D9E->efcb8ff8-f060-4d95-9215-d0f5eb4af037@group-0959F8DF43ED, cid=1493, SUCCESS, logIndex=2136, commits[efcb8ff8-f060-4d95-9215-d0f5eb4af037:c2136, 6fae8b02-e804-4c0e-b729-a97b7404b7f6:c2134, 4c3e8a66-6975-4917-8225-d3efe707aaff:c2134]
2019-09-04 11:46:10,031 | INFO  | DNAudit | user=null | ip=null | op=WRITE_CHUNK {blockData=conID: 2 locID: 102734074343981548 bcsId: 2130} | ret=SUCCESS |  
2019-09-04 11:46:10,031 | INFO  | DNAudit | user=null | ip=null | op=WRITE_CHUNK {blockData=conID: 2 locID: 102734074343981548 bcsId: 2130} | ret=SUCCESS |  
2019-09-04 11:46:10,031 | INFO  | DNAudit | user=null | ip=null | op=PUT_BLOCK {blockData=[blockId=conID: 2 locID: 102734074343981548 bcsId: 0,size=3145728]} | ret=SUCCESS |  
2019-09-04 11:46:10,031 | INFO  | DNAudit | user=null | ip=null | op=PUT_BLOCK {blockData=[blockId=conID: 2 locID: 102734074343981548 bcsId: 0,size=3145728]} | ret=SUCCESS |  
2019-09-04 11:46:10,033 | INFO  | DNAudit | user=null | ip=null | op=WRITE_CHUNK {blockData=conID: 2 locID: 102734074343981548 bcsId: 2136} | ret=SUCCESS |  
2019-09-04 11:46:10,035 | INFO  | DNAudit | user=null | ip=null | op=WRITE_CHUNK {blockData=conID: 2 locID: 102734074343981548 bcsId: 2136} | ret=SUCCESS |  
2019-09-04 11:46:10,036 | INFO  | DNAudit | user=null | ip=null | op=WRITE_CHUNK {blockData=conID: 2 locID: 102734074343981548 bcsId: 2136} | ret=SUCCESS |  
2019-09-04 11:46:10,040 | INFO  | DNAudit | user=null | ip=null | op=WRITE_CHUNK {blockData=conID: 2 locID: 102734074343981548 bcsId: 2136} | ret=SUCCESS |  
2019-09-04 11:46:10,041 | INFO  | DNAudit | user=null | ip=null | op=PUT_BLOCK {blockData=[blockId=conID: 2 locID: 102734074343981548 bcsId: 0,size=4194304]} | ret=SUCCESS |  
2019-09-04 11:46:10,041 [grpc-default-executor-6] INFO  client.GrpcClientProtocolClient (GrpcClientProtocolClient.java:onNext(255)) - client-D5CE890D7D9E->efcb8ff8-f060-4d95-9215-d0f5eb4af037: receive RaftClientReply:client-D5CE890D7D9E->efcb8ff8-f060-4d95-9215-d0f5eb4af037@group-0959F8DF43ED, cid=1494, SUCCESS, logIndex=2139, commits[efcb8ff8-f060-4d95-9215-d0f5eb4af037:c2140, 6fae8b02-e804-4c0e-b729-a97b7404b7f6:c2136, 4c3e8a66-6975-4917-8225-d3efe707aaff:c2137]
2019-09-04 11:46:10,041 [grpc-default-executor-6] INFO  client.GrpcClientProtocolClient (GrpcClientProtocolClient.java:onNext(255)) - client-D5CE890D7D9E->efcb8ff8-f060-4d95-9215-d0f5eb4af037: receive RaftClientReply:client-D5CE890D7D9E->efcb8ff8-f060-4d95-9215-d0f5eb4af037@group-0959F8DF43ED, cid=1495, SUCCESS, logIndex=2140, commits[efcb8ff8-f060-4d95-9215-d0f5eb4af037:c2140, 6fae8b02-e804-4c0e-b729-a97b7404b7f6:c2136, 4c3e8a66-6975-4917-8225-d3efe707aaff:c2137]
2019-09-04 11:46:10,049 | INFO  | DNAudit | user=null | ip=null | op=WRITE_CHUNK {blockData=conID: 2 locID: 102734074343981548 bcsId: 2136} | ret=SUCCESS |  
2019-09-04 11:46:10,049 | INFO  | DNAudit | user=null | ip=null | op=WRITE_CHUNK {blockData=conID: 2 locID: 102734074343981548 bcsId: 2136} | ret=SUCCESS |  
2019-09-04 11:46:10,051 | INFO  | DNAudit | user=null | ip=null | op=PUT_BLOCK {blockData=[blockId=conID: 2 locID: 102734074343981548 bcsId: 0,size=4194304]} | ret=SUCCESS |  
2019-09-04 11:46:10,051 | INFO  | DNAudit | user=null | ip=null | op=PUT_BLOCK {blockData=[blockId=conID: 2 locID: 102734074343981548 bcsId: 0,size=4194304]} | ret=SUCCESS |  
2019-09-04 11:46:10,051 [grpc-default-executor-0] INFO  client.GrpcClientProtocolClient (GrpcClientProtocolClient.java:onNext(255)) - client-D5CE890D7D9E->efcb8ff8-f060-4d95-9215-d0f5eb4af037: receive RaftClientReply:client-D5CE890D7D9E->efcb8ff8-f060-4d95-9215-d0f5eb4af037@group-0959F8DF43ED, cid=1496, SUCCESS, logIndex=0, commits[efcb8ff8-f060-4d95-9215-d0f5eb4af037:c2142, 6fae8b02-e804-4c0e-b729-a97b7404b7f6:c2140, 4c3e8a66-6975-4917-8225-d3efe707aaff:c2140]
2019-09-04 11:46:10,057 | INFO  | SCMAudit | user=jenkins1000 | ip=192.168.36.67 | op=ALLOCATE_BLOCK {owner=8ab292a2-aaa7-4ad8-863a-d33994811155, size=4194304, type=RATIS, factor=THREE} | ret=SUCCESS |  
2019-09-04 11:46:10,060 | INFO  | OMAudit | user=jenkins1000 | ip=127.0.0.1 | op=ALLOCATE_BLOCK {volume=vol-0-58699, bucket=bucket-0-57464, key=key-0-37266, dataSize=0, replicationType=null, replicationFactor=null, keyLocationInfo=null, clientID=102734073355960722} | ret=SUCCESS |  
2019-09-04 11:46:10,067 | INFO  | DNAudit | user=null | ip=null | op=WRITE_CHUNK {blockData=conID: 3 locID: 102734074351256045 bcsId: 0} | ret=SUCCESS |  
2019-09-04 11:46:10,069 | INFO  | DNAudit | user=null | ip=null | op=WRITE_CHUNK {blockData=conID: 3 locID: 102734074351256045 bcsId: 0} | ret=SUCCESS |  
2019-09-04 11:46:10,070 | INFO  | DNAudit | user=null | ip=null | op=WRITE_CHUNK {blockData=conID: 3 locID: 102734074351256045 bcsId: 0} | ret=SUCCESS |  
2019-09-04 11:46:10,070 | INFO  | DNAudit | user=null | ip=null | op=WRITE_CHUNK {blockData=conID: 3 locID: 102734074351256045 bcsId: 0} | ret=SUCCESS |  
2019-09-04 11:46:10,071 | INFO  | DNAudit | user=null | ip=null | op=WRITE_CHUNK {blockData=conID: 3 locID: 102734074351256045 bcsId: 0} | ret=SUCCESS |  
2019-09-04 11:46:10,072 | INFO  | DNAudit | user=null | ip=null | op=WRITE_CHUNK {blockData=conID: 3 locID: 102734074351256045 bcsId: 0} | ret=SUCCESS |  
2019-09-04 11:46:10,075 | INFO  | DNAudit | user=null | ip=null | op=WRITE_CHUNK {blockData=conID: 3 locID: 102734074351256045 bcsId: 0} | ret=SUCCESS |  
2019-09-04 11:46:10,075 | INFO  | DNAudit | user=null | ip=null | op=PUT_BLOCK {blockData=[blockId=conID: 3 locID: 102734074351256045 bcsId: 0,size=1048576]} | ret=SUCCESS |  
2019-09-04 11:46:10,076 | INFO  | DNAudit | user=null | ip=null | op=WRITE_CHUNK {blockData=conID: 3 locID: 102734074351256045 bcsId: 0} | ret=SUCCESS |  
2019-09-04 11:46:10,076 [grpc-default-executor-4] INFO  client.GrpcClientProtocolClient (GrpcClientProtocolClient.java:onNext(255)) - client-D5CE890D7D9E->efcb8ff8-f060-4d95-9215-d0f5eb4af037: receive RaftClientReply:client-D5CE890D7D9E->efcb8ff8-f060-4d95-9215-d0f5eb4af037@group-0959F8DF43ED, cid=1497, SUCCESS, logIndex=2143, commits[efcb8ff8-f060-4d95-9215-d0f5eb4af037:c2144, 6fae8b02-e804-4c0e-b729-a97b7404b7f6:c2142, 4c3e8a66-6975-4917-8225-d3efe707aaff:c2142]
2019-09-04 11:46:10,076 | INFO  | DNAudit | user=null | ip=null | op=PUT_BLOCK {blockData=[blockId=conID: 3 locID: 102734074351256045 bcsId: 0,size=2097152]} | ret=SUCCESS |  
2019-09-04 11:46:10,076 [grpc-default-executor-4] INFO  client.GrpcClientProtocolClient (GrpcClientProtocolClient.java:onNext(255)) - client-D5CE890D7D9E->efcb8ff8-f060-4d95-9215-d0f5eb4af037: receive RaftClientReply:client-D5CE890D7D9E->efcb8ff8-f060-4d95-9215-d0f5eb4af037@group-0959F8DF43ED, cid=1498, SUCCESS, logIndex=2144, commits[efcb8ff8-f060-4d95-9215-d0f5eb4af037:c2146, 6fae8b02-e804-4c0e-b729-a97b7404b7f6:c2142, 4c3e8a66-6975-4917-8225-d3efe707aaff:c2142]
2019-09-04 11:46:10,076 [grpc-default-executor-4] INFO  client.GrpcClientProtocolClient (GrpcClientProtocolClient.java:onNext(255)) - client-D5CE890D7D9E->efcb8ff8-f060-4d95-9215-d0f5eb4af037: receive RaftClientReply:client-D5CE890D7D9E->efcb8ff8-f060-4d95-9215-d0f5eb4af037@group-0959F8DF43ED, cid=1499, SUCCESS, logIndex=2145, commits[efcb8ff8-f060-4d95-9215-d0f5eb4af037:c2146, 6fae8b02-e804-4c0e-b729-a97b7404b7f6:c2142, 4c3e8a66-6975-4917-8225-d3efe707aaff:c2142]
2019-09-04 11:46:10,077 [grpc-default-executor-4] INFO  client.GrpcClientProtocolClient (GrpcClientProtocolClient.java:onNext(255)) - client-D5CE890D7D9E->efcb8ff8-f060-4d95-9215-d0f5eb4af037: receive RaftClientReply:client-D5CE890D7D9E->efcb8ff8-f060-4d95-9215-d0f5eb4af037@group-0959F8DF43ED, cid=1500, SUCCESS, logIndex=2146, commits[efcb8ff8-f060-4d95-9215-d0f5eb4af037:c2146, 6fae8b02-e804-4c0e-b729-a97b7404b7f6:c2142, 4c3e8a66-6975-4917-8225-d3efe707aaff:c2142]
2019-09-04 11:46:10,082 | INFO  | DNAudit | user=null | ip=null | op=WRITE_CHUNK {blockData=conID: 3 locID: 102734074351256045 bcsId: 0} | ret=SUCCESS |  
2019-09-04 11:46:10,082 | INFO  | DNAudit | user=null | ip=null | op=WRITE_CHUNK {blockData=conID: 3 locID: 102734074351256045 bcsId: 0} | ret=SUCCESS |  
2019-09-04 11:46:10,082 | INFO  | DNAudit | user=null | ip=null | op=PUT_BLOCK {blockData=[blockId=conID: 3 locID: 102734074351256045 bcsId: 0,size=1048576]} | ret=SUCCESS |  
2019-09-04 11:46:10,082 | INFO  | DNAudit | user=null | ip=null | op=PUT_BLOCK {blockData=[blockId=conID: 3 locID: 102734074351256045 bcsId: 0,size=1048576]} | ret=SUCCESS |  
2019-09-04 11:46:10,082 [grpc-default-executor-4] INFO  client.GrpcClientProtocolClient (GrpcClientProtocolClient.java:onNext(255)) - client-D5CE890D7D9E->efcb8ff8-f060-4d95-9215-d0f5eb4af037: receive RaftClientReply:client-D5CE890D7D9E->efcb8ff8-f060-4d95-9215-d0f5eb4af037@group-0959F8DF43ED, cid=1501, SUCCESS, logIndex=0, commits[efcb8ff8-f060-4d95-9215-d0f5eb4af037:c2147, 6fae8b02-e804-4c0e-b729-a97b7404b7f6:c2144, 4c3e8a66-6975-4917-8225-d3efe707aaff:c2144]
2019-09-04 11:46:10,083 | INFO  | DNAudit | user=null | ip=null | op=WRITE_CHUNK {blockData=conID: 3 locID: 102734074351256045 bcsId: 0} | ret=SUCCESS |  
2019-09-04 11:46:10,083 | INFO  | DNAudit | user=null | ip=null | op=PUT_BLOCK {blockData=[blockId=conID: 3 locID: 102734074351256045 bcsId: 0,size=2097152]} | ret=SUCCESS |  
2019-09-04 11:46:10,084 | INFO  | DNAudit | user=null | ip=null | op=WRITE_CHUNK {blockData=conID: 3 locID: 102734074351256045 bcsId: 0} | ret=SUCCESS |  
2019-09-04 11:46:10,084 | INFO  | DNAudit | user=null | ip=null | op=PUT_BLOCK {blockData=[blockId=conID: 3 locID: 102734074351256045 bcsId: 0,size=2097152]} | ret=SUCCESS |  
2019-09-04 11:46:10,088 | INFO  | DNAudit | user=null | ip=null | op=WRITE_CHUNK {blockData=conID: 3 locID: 102734074351256045 bcsId: 2146} | ret=SUCCESS |  
2019-09-04 11:46:10,092 | INFO  | DNAudit | user=null | ip=null | op=WRITE_CHUNK {blockData=conID: 3 locID: 102734074351256045 bcsId: 2146} | ret=SUCCESS |  
2019-09-04 11:46:10,092 | INFO  | DNAudit | user=null | ip=null | op=WRITE_CHUNK {blockData=conID: 3 locID: 102734074351256045 bcsId: 2146} | ret=SUCCESS |  
2019-09-04 11:46:10,094 | INFO  | SCMAudit | user=jenkins1000 | ip=192.168.36.67 | op=SEND_HEARTBEAT {datanodeUUID=b68b188c-7f38-42ae-8403-46a39acd0731, command=[]} | ret=SUCCESS |  
2019-09-04 11:46:10,098 | INFO  | DNAudit | user=null | ip=null | op=WRITE_CHUNK {blockData=conID: 3 locID: 102734074351256045 bcsId: 2146} | ret=SUCCESS |  
2019-09-04 11:46:10,098 | INFO  | DNAudit | user=null | ip=null | op=PUT_BLOCK {blockData=[blockId=conID: 3 locID: 102734074351256045 bcsId: 0,size=3145728]} | ret=SUCCESS |  
2019-09-04 11:46:10,098 [grpc-default-executor-6] INFO  client.GrpcClientProtocolClient (GrpcClientProtocolClient.java:onNext(255)) - client-D5CE890D7D9E->efcb8ff8-f060-4d95-9215-d0f5eb4af037: receive RaftClientReply:client-D5CE890D7D9E->efcb8ff8-f060-4d95-9215-d0f5eb4af037@group-0959F8DF43ED, cid=1502, SUCCESS, logIndex=2150, commits[efcb8ff8-f060-4d95-9215-d0f5eb4af037:c2151, 6fae8b02-e804-4c0e-b729-a97b7404b7f6:c2149, 4c3e8a66-6975-4917-8225-d3efe707aaff:c2149]
2019-09-04 11:46:10,099 [grpc-default-executor-6] INFO  client.GrpcClientProtocolClient (GrpcClientProtocolClient.java:onNext(255)) - client-D5CE890D7D9E->efcb8ff8-f060-4d95-9215-d0f5eb4af037: receive RaftClientReply:client-D5CE890D7D9E->efcb8ff8-f060-4d95-9215-d0f5eb4af037@group-0959F8DF43ED, cid=1503, SUCCESS, logIndex=2151, commits[efcb8ff8-f060-4d95-9215-d0f5eb4af037:c2151, 6fae8b02-e804-4c0e-b729-a97b7404b7f6:c2149, 4c3e8a66-6975-4917-8225-d3efe707aaff:c2149]
2019-09-04 11:46:10,103 | INFO  | DNAudit | user=null | ip=null | op=WRITE_CHUNK {blockData=conID: 3 locID: 102734074351256045 bcsId: 2146} | ret=SUCCESS |  
2019-09-04 11:46:10,103 | INFO  | DNAudit | user=null | ip=null | op=WRITE_CHUNK {blockData=conID: 3 locID: 102734074351256045 bcsId: 2146} | ret=SUCCESS |  
2019-09-04 11:46:10,103 | INFO  | DNAudit | user=null | ip=null | op=PUT_BLOCK {blockData=[blockId=conID: 3 locID: 102734074351256045 bcsId: 0,size=3145728]} | ret=SUCCESS |  
2019-09-04 11:46:10,103 | INFO  | DNAudit | user=null | ip=null | op=PUT_BLOCK {blockData=[blockId=conID: 3 locID: 102734074351256045 bcsId: 0,size=3145728]} | ret=SUCCESS |  
2019-09-04 11:46:10,105 | INFO  | DNAudit | user=null | ip=null | op=WRITE_CHUNK {blockData=conID: 3 locID: 102734074351256045 bcsId: 2151} | ret=SUCCESS |  
2019-09-04 11:46:10,108 | INFO  | DNAudit | user=null | ip=null | op=WRITE_CHUNK {blockData=conID: 3 locID: 102734074351256045 bcsId: 2151} | ret=SUCCESS |  
2019-09-04 11:46:10,108 | INFO  | DNAudit | user=null | ip=null | op=WRITE_CHUNK {blockData=conID: 3 locID: 102734074351256045 bcsId: 2151} | ret=SUCCESS |  
2019-09-04 11:46:10,139 | INFO  | DNAudit | user=null | ip=null | op=WRITE_CHUNK {blockData=conID: 3 locID: 102734074351256045 bcsId: 2151} | ret=SUCCESS |  
2019-09-04 11:46:10,139 | INFO  | DNAudit | user=null | ip=null | op=PUT_BLOCK {blockData=[blockId=conID: 3 locID: 102734074351256045 bcsId: 0,size=4194304]} | ret=SUCCESS |  
2019-09-04 11:46:10,140 [grpc-default-executor-6] INFO  client.GrpcClientProtocolClient (GrpcClientProtocolClient.java:onNext(255)) - client-D5CE890D7D9E->efcb8ff8-f060-4d95-9215-d0f5eb4af037: receive RaftClientReply:client-D5CE890D7D9E->efcb8ff8-f060-4d95-9215-d0f5eb4af037@group-0959F8DF43ED, cid=1504, SUCCESS, logIndex=2154, commits[efcb8ff8-f060-4d95-9215-d0f5eb4af037:c2155, 6fae8b02-e804-4c0e-b729-a97b7404b7f6:c2152, 4c3e8a66-6975-4917-8225-d3efe707aaff:c2152]
2019-09-04 11:46:10,140 [grpc-default-executor-6] INFO  client.GrpcClientProtocolClient (GrpcClientProtocolClient.java:onNext(255)) - client-D5CE890D7D9E->efcb8ff8-f060-4d95-9215-d0f5eb4af037: receive RaftClientReply:client-D5CE890D7D9E->efcb8ff8-f060-4d95-9215-d0f5eb4af037@group-0959F8DF43ED, cid=1505, SUCCESS, logIndex=2155, commits[efcb8ff8-f060-4d95-9215-d0f5eb4af037:c2155, 6fae8b02-e804-4c0e-b729-a97b7404b7f6:c2152, 4c3e8a66-6975-4917-8225-d3efe707aaff:c2152]
2019-09-04 11:46:10,149 | INFO  | DNAudit | user=null | ip=null | op=WRITE_CHUNK {blockData=conID: 3 locID: 102734074351256045 bcsId: 2151} | ret=SUCCESS |  
2019-09-04 11:46:10,149 | INFO  | DNAudit | user=null | ip=null | op=WRITE_CHUNK {blockData=conID: 3 locID: 102734074351256045 bcsId: 2151} | ret=SUCCESS |  
2019-09-04 11:46:10,149 | INFO  | DNAudit | user=null | ip=null | op=PUT_BLOCK {blockData=[blockId=conID: 3 locID: 102734074351256045 bcsId: 0,size=4194304]} | ret=SUCCESS |  
2019-09-04 11:46:10,149 | INFO  | DNAudit | user=null | ip=null | op=PUT_BLOCK {blockData=[blockId=conID: 3 locID: 102734074351256045 bcsId: 0,size=4194304]} | ret=SUCCESS |  
2019-09-04 11:46:10,150 [grpc-default-executor-6] INFO  client.GrpcClientProtocolClient (GrpcClientProtocolClient.java:onNext(255)) - client-D5CE890D7D9E->efcb8ff8-f060-4d95-9215-d0f5eb4af037: receive RaftClientReply:client-D5CE890D7D9E->efcb8ff8-f060-4d95-9215-d0f5eb4af037@group-0959F8DF43ED, cid=1506, SUCCESS, logIndex=0, commits[efcb8ff8-f060-4d95-9215-d0f5eb4af037:c2156, 6fae8b02-e804-4c0e-b729-a97b7404b7f6:c2155, 4c3e8a66-6975-4917-8225-d3efe707aaff:c2155]
2019-09-04 11:46:10,154 | INFO  | SCMAudit | user=jenkins1000 | ip=192.168.36.67 | op=ALLOCATE_BLOCK {owner=8ab292a2-aaa7-4ad8-863a-d33994811155, size=4194304, type=RATIS, factor=THREE} | ret=SUCCESS |  
2019-09-04 11:46:10,157 | INFO  | OMAudit | user=jenkins1000 | ip=127.0.0.1 | op=ALLOCATE_BLOCK {volume=vol-0-58699, bucket=bucket-0-57464, key=key-0-37266, dataSize=0, replicationType=null, replicationFactor=null, keyLocationInfo=null, clientID=102734073355960722} | ret=SUCCESS |  
2019-09-04 11:46:10,165 | INFO  | DNAudit | user=null | ip=null | op=WRITE_CHUNK {blockData=conID: 1 locID: 102734074357613038 bcsId: 0} | ret=SUCCESS |  
2019-09-04 11:46:10,169 | INFO  | DNAudit | user=null | ip=null | op=WRITE_CHUNK {blockData=conID: 1 locID: 102734074357613038 bcsId: 0} | ret=SUCCESS |  
2019-09-04 11:46:10,169 | INFO  | DNAudit | user=null | ip=null | op=WRITE_CHUNK {blockData=conID: 1 locID: 102734074357613038 bcsId: 0} | ret=SUCCESS |  
2019-09-04 11:46:10,170 | INFO  | DNAudit | user=null | ip=null | op=WRITE_CHUNK {blockData=conID: 1 locID: 102734074357613038 bcsId: 0} | ret=SUCCESS |  
2019-09-04 11:46:10,172 | INFO  | DNAudit | user=null | ip=null | op=WRITE_CHUNK {blockData=conID: 1 locID: 102734074357613038 bcsId: 0} | ret=SUCCESS |  
2019-09-04 11:46:10,173 | INFO  | DNAudit | user=null | ip=null | op=WRITE_CHUNK {blockData=conID: 1 locID: 102734074357613038 bcsId: 0} | ret=SUCCESS |  
2019-09-04 11:46:10,177 | INFO  | DNAudit | user=null | ip=null | op=WRITE_CHUNK {blockData=conID: 1 locID: 102734074357613038 bcsId: 0} | ret=SUCCESS |  
2019-09-04 11:46:10,178 | INFO  | DNAudit | user=null | ip=null | op=PUT_BLOCK {blockData=[blockId=conID: 1 locID: 102734074357613038 bcsId: 0,size=1048576]} | ret=SUCCESS |  
2019-09-04 11:46:10,178 [grpc-default-executor-6] INFO  client.GrpcClientProtocolClient (GrpcClientProtocolClient.java:onNext(255)) - client-D5CE890D7D9E->efcb8ff8-f060-4d95-9215-d0f5eb4af037: receive RaftClientReply:client-D5CE890D7D9E->efcb8ff8-f060-4d95-9215-d0f5eb4af037@group-0959F8DF43ED, cid=1507, SUCCESS, logIndex=2158, commits[efcb8ff8-f060-4d95-9215-d0f5eb4af037:c2159, 6fae8b02-e804-4c0e-b729-a97b7404b7f6:c2157, 4c3e8a66-6975-4917-8225-d3efe707aaff:c2157]
2019-09-04 11:46:10,179 [grpc-default-executor-6] INFO  client.GrpcClientProtocolClient (GrpcClientProtocolClient.java:onNext(255)) - client-D5CE890D7D9E->efcb8ff8-f060-4d95-9215-d0f5eb4af037: receive RaftClientReply:client-D5CE890D7D9E->efcb8ff8-f060-4d95-9215-d0f5eb4af037@group-0959F8DF43ED, cid=1508, SUCCESS, logIndex=2159, commits[efcb8ff8-f060-4d95-9215-d0f5eb4af037:c2159, 6fae8b02-e804-4c0e-b729-a97b7404b7f6:c2157, 4c3e8a66-6975-4917-8225-d3efe707aaff:c2157]
2019-09-04 11:46:10,184 | INFO  | DNAudit | user=null | ip=null | op=WRITE_CHUNK {blockData=conID: 1 locID: 102734074357613038 bcsId: 0} | ret=SUCCESS |  
2019-09-04 11:46:10,185 | INFO  | DNAudit | user=null | ip=null | op=PUT_BLOCK {blockData=[blockId=conID: 1 locID: 102734074357613038 bcsId: 0,size=2097152]} | ret=SUCCESS |  
2019-09-04 11:46:10,185 [grpc-default-executor-1] INFO  client.GrpcClientProtocolClient (GrpcClientProtocolClient.java:onNext(255)) - client-D5CE890D7D9E->efcb8ff8-f060-4d95-9215-d0f5eb4af037: receive RaftClientReply:client-D5CE890D7D9E->efcb8ff8-f060-4d95-9215-d0f5eb4af037@group-0959F8DF43ED, cid=1509, SUCCESS, logIndex=2160, commits[efcb8ff8-f060-4d95-9215-d0f5eb4af037:c2161, 6fae8b02-e804-4c0e-b729-a97b7404b7f6:c2157, 4c3e8a66-6975-4917-8225-d3efe707aaff:c2157]
2019-09-04 11:46:10,185 [grpc-default-executor-1] INFO  client.GrpcClientProtocolClient (GrpcClientProtocolClient.java:onNext(255)) - client-D5CE890D7D9E->efcb8ff8-f060-4d95-9215-d0f5eb4af037: receive RaftClientReply:client-D5CE890D7D9E->efcb8ff8-f060-4d95-9215-d0f5eb4af037@group-0959F8DF43ED, cid=1510, SUCCESS, logIndex=2161, commits[efcb8ff8-f060-4d95-9215-d0f5eb4af037:c2161, 6fae8b02-e804-4c0e-b729-a97b7404b7f6:c2157, 4c3e8a66-6975-4917-8225-d3efe707aaff:c2157]
2019-09-04 11:46:10,192 | INFO  | DNAudit | user=null | ip=null | op=WRITE_CHUNK {blockData=conID: 1 locID: 102734074357613038 bcsId: 0} | ret=SUCCESS |  
2019-09-04 11:46:10,192 | INFO  | DNAudit | user=null | ip=null | op=PUT_BLOCK {blockData=[blockId=conID: 1 locID: 102734074357613038 bcsId: 0,size=1048576]} | ret=SUCCESS |  
2019-09-04 11:46:10,192 | INFO  | DNAudit | user=null | ip=null | op=WRITE_CHUNK {blockData=conID: 1 locID: 102734074357613038 bcsId: 0} | ret=SUCCESS |  
2019-09-04 11:46:10,193 | INFO  | DNAudit | user=null | ip=null | op=PUT_BLOCK {blockData=[blockId=conID: 1 locID: 102734074357613038 bcsId: 0,size=1048576]} | ret=SUCCESS |  
2019-09-04 11:46:10,193 | INFO  | DNAudit | user=null | ip=null | op=WRITE_CHUNK {blockData=conID: 1 locID: 102734074357613038 bcsId: 0} | ret=SUCCESS |  
2019-09-04 11:46:10,193 | INFO  | DNAudit | user=null | ip=null | op=PUT_BLOCK {blockData=[blockId=conID: 1 locID: 102734074357613038 bcsId: 0,size=2097152]} | ret=SUCCESS |  
2019-09-04 11:46:10,193 [grpc-default-executor-6] INFO  client.GrpcClientProtocolClient (GrpcClientProtocolClient.java:onNext(255)) - client-D5CE890D7D9E->efcb8ff8-f060-4d95-9215-d0f5eb4af037: receive RaftClientReply:client-D5CE890D7D9E->efcb8ff8-f060-4d95-9215-d0f5eb4af037@group-0959F8DF43ED, cid=1511, SUCCESS, logIndex=0, commits[efcb8ff8-f060-4d95-9215-d0f5eb4af037:c2163, 6fae8b02-e804-4c0e-b729-a97b7404b7f6:c2159, 4c3e8a66-6975-4917-8225-d3efe707aaff:c2159]
2019-09-04 11:46:10,194 | INFO  | DNAudit | user=null | ip=null | op=WRITE_CHUNK {blockData=conID: 1 locID: 102734074357613038 bcsId: 0} | ret=SUCCESS |  
2019-09-04 11:46:10,194 | INFO  | DNAudit | user=null | ip=null | op=PUT_BLOCK {blockData=[blockId=conID: 1 locID: 102734074357613038 bcsId: 0,size=2097152]} | ret=SUCCESS |  
2019-09-04 11:46:10,201 | INFO  | DNAudit | user=null | ip=null | op=WRITE_CHUNK {blockData=conID: 1 locID: 102734074357613038 bcsId: 2161} | ret=SUCCESS |  
2019-09-04 11:46:10,204 | INFO  | DNAudit | user=null | ip=null | op=WRITE_CHUNK {blockData=conID: 1 locID: 102734074357613038 bcsId: 2161} | ret=SUCCESS |  
2019-09-04 11:46:10,204 | INFO  | DNAudit | user=null | ip=null | op=WRITE_CHUNK {blockData=conID: 1 locID: 102734074357613038 bcsId: 2161} | ret=SUCCESS |  
2019-09-04 11:46:10,207 | INFO  | DNAudit | user=null | ip=null | op=WRITE_CHUNK {blockData=conID: 1 locID: 102734074357613038 bcsId: 2161} | ret=SUCCESS |  
2019-09-04 11:46:10,208 | INFO  | DNAudit | user=null | ip=null | op=PUT_BLOCK {blockData=[blockId=conID: 1 locID: 102734074357613038 bcsId: 0,size=3145728]} | ret=SUCCESS |  
2019-09-04 11:46:10,208 [grpc-default-executor-6] INFO  client.GrpcClientProtocolClient (GrpcClientProtocolClient.java:onNext(255)) - client-D5CE890D7D9E->efcb8ff8-f060-4d95-9215-d0f5eb4af037: receive RaftClientReply:client-D5CE890D7D9E->efcb8ff8-f060-4d95-9215-d0f5eb4af037@group-0959F8DF43ED, cid=1512, SUCCESS, logIndex=2166, commits[efcb8ff8-f060-4d95-9215-d0f5eb4af037:c2167, 6fae8b02-e804-4c0e-b729-a97b7404b7f6:c2165, 4c3e8a66-6975-4917-8225-d3efe707aaff:c2165]
2019-09-04 11:46:10,208 [grpc-default-executor-6] INFO  client.GrpcClientProtocolClient (GrpcClientProtocolClient.java:onNext(255)) - client-D5CE890D7D9E->efcb8ff8-f060-4d95-9215-d0f5eb4af037: receive RaftClientReply:client-D5CE890D7D9E->efcb8ff8-f060-4d95-9215-d0f5eb4af037@group-0959F8DF43ED, cid=1513, SUCCESS, logIndex=2167, commits[efcb8ff8-f060-4d95-9215-d0f5eb4af037:c2167, 6fae8b02-e804-4c0e-b729-a97b7404b7f6:c2165, 4c3e8a66-6975-4917-8225-d3efe707aaff:c2165]
2019-09-04 11:46:10,216 | INFO  | DNAudit | user=null | ip=null | op=WRITE_CHUNK {blockData=conID: 1 locID: 102734074357613038 bcsId: 2167} | ret=SUCCESS |  
2019-09-04 11:46:10,218 | INFO  | DNAudit | user=null | ip=null | op=WRITE_CHUNK {blockData=conID: 1 locID: 102734074357613038 bcsId: 2167} | ret=SUCCESS |  
2019-09-04 11:46:10,219 | INFO  | DNAudit | user=null | ip=null | op=WRITE_CHUNK {blockData=conID: 1 locID: 102734074357613038 bcsId: 2167} | ret=SUCCESS |  
2019-09-04 11:46:10,220 | INFO  | DNAudit | user=null | ip=null | op=WRITE_CHUNK {blockData=conID: 1 locID: 102734074357613038 bcsId: 2161} | ret=SUCCESS |  
2019-09-04 11:46:10,220 | INFO  | DNAudit | user=null | ip=null | op=WRITE_CHUNK {blockData=conID: 1 locID: 102734074357613038 bcsId: 2161} | ret=SUCCESS |  
2019-09-04 11:46:10,234 | INFO  | DNAudit | user=null | ip=null | op=PUT_BLOCK {blockData=[blockId=conID: 1 locID: 102734074357613038 bcsId: 0,size=3145728]} | ret=SUCCESS |  
2019-09-04 11:46:10,235 | INFO  | DNAudit | user=null | ip=null | op=PUT_BLOCK {blockData=[blockId=conID: 1 locID: 102734074357613038 bcsId: 0,size=3145728]} | ret=SUCCESS |  
2019-09-04 11:46:10,235 | INFO  | DNAudit | user=null | ip=null | op=WRITE_CHUNK {blockData=conID: 1 locID: 102734074357613038 bcsId: 2167} | ret=SUCCESS |  
2019-09-04 11:46:10,235 | INFO  | DNAudit | user=null | ip=null | op=PUT_BLOCK {blockData=[blockId=conID: 1 locID: 102734074357613038 bcsId: 0,size=4194304]} | ret=SUCCESS |  
2019-09-04 11:46:10,236 [grpc-default-executor-6] INFO  client.GrpcClientProtocolClient (GrpcClientProtocolClient.java:onNext(255)) - client-D5CE890D7D9E->efcb8ff8-f060-4d95-9215-d0f5eb4af037: receive RaftClientReply:client-D5CE890D7D9E->efcb8ff8-f060-4d95-9215-d0f5eb4af037@group-0959F8DF43ED, cid=1514, SUCCESS, logIndex=2170, commits[efcb8ff8-f060-4d95-9215-d0f5eb4af037:c2171, 6fae8b02-e804-4c0e-b729-a97b7404b7f6:c2167, 4c3e8a66-6975-4917-8225-d3efe707aaff:c2167]
2019-09-04 11:46:10,236 [grpc-default-executor-6] INFO  client.GrpcClientProtocolClient (GrpcClientProtocolClient.java:onNext(255)) - client-D5CE890D7D9E->efcb8ff8-f060-4d95-9215-d0f5eb4af037: receive RaftClientReply:client-D5CE890D7D9E->efcb8ff8-f060-4d95-9215-d0f5eb4af037@group-0959F8DF43ED, cid=1515, SUCCESS, logIndex=2171, commits[efcb8ff8-f060-4d95-9215-d0f5eb4af037:c2171, 6fae8b02-e804-4c0e-b729-a97b7404b7f6:c2167, 4c3e8a66-6975-4917-8225-d3efe707aaff:c2167]
2019-09-04 11:46:10,244 | INFO  | DNAudit | user=null | ip=null | op=WRITE_CHUNK {blockData=conID: 1 locID: 102734074357613038 bcsId: 2167} | ret=SUCCESS |  
2019-09-04 11:46:10,244 | INFO  | DNAudit | user=null | ip=null | op=WRITE_CHUNK {blockData=conID: 1 locID: 102734074357613038 bcsId: 2167} | ret=SUCCESS |  
2019-09-04 11:46:10,244 | INFO  | DNAudit | user=null | ip=null | op=PUT_BLOCK {blockData=[blockId=conID: 1 locID: 102734074357613038 bcsId: 0,size=4194304]} | ret=SUCCESS |  
2019-09-04 11:46:10,244 | INFO  | DNAudit | user=null | ip=null | op=PUT_BLOCK {blockData=[blockId=conID: 1 locID: 102734074357613038 bcsId: 0,size=4194304]} | ret=SUCCESS |  
2019-09-04 11:46:10,245 [grpc-default-executor-6] INFO  client.GrpcClientProtocolClient (GrpcClientProtocolClient.java:onNext(255)) - client-D5CE890D7D9E->efcb8ff8-f060-4d95-9215-d0f5eb4af037: receive RaftClientReply:client-D5CE890D7D9E->efcb8ff8-f060-4d95-9215-d0f5eb4af037@group-0959F8DF43ED, cid=1516, SUCCESS, logIndex=0, commits[efcb8ff8-f060-4d95-9215-d0f5eb4af037:c2172, 6fae8b02-e804-4c0e-b729-a97b7404b7f6:c2171, 4c3e8a66-6975-4917-8225-d3efe707aaff:c2171]
2019-09-04 11:46:10,249 | INFO  | SCMAudit | user=jenkins1000 | ip=192.168.36.67 | op=ALLOCATE_BLOCK {owner=8ab292a2-aaa7-4ad8-863a-d33994811155, size=4194304, type=RATIS, factor=THREE} | ret=SUCCESS |  
2019-09-04 11:46:10,252 | INFO  | OMAudit | user=jenkins1000 | ip=127.0.0.1 | op=ALLOCATE_BLOCK {volume=vol-0-58699, bucket=bucket-0-57464, key=key-0-37266, dataSize=0, replicationType=null, replicationFactor=null, keyLocationInfo=null, clientID=102734073355960722} | ret=SUCCESS |  
2019-09-04 11:46:10,260 | INFO  | DNAudit | user=null | ip=null | op=WRITE_CHUNK {blockData=conID: 2 locID: 102734074363838959 bcsId: 0} | ret=SUCCESS |  
2019-09-04 11:46:10,263 | INFO  | DNAudit | user=null | ip=null | op=WRITE_CHUNK {blockData=conID: 2 locID: 102734074363838959 bcsId: 0} | ret=SUCCESS |  
2019-09-04 11:46:10,264 | INFO  | DNAudit | user=null | ip=null | op=WRITE_CHUNK {blockData=conID: 2 locID: 102734074363838959 bcsId: 0} | ret=SUCCESS |  
2019-09-04 11:46:10,264 | INFO  | DNAudit | user=null | ip=null | op=WRITE_CHUNK {blockData=conID: 2 locID: 102734074363838959 bcsId: 0} | ret=SUCCESS |  
2019-09-04 11:46:10,266 | INFO  | DNAudit | user=null | ip=null | op=WRITE_CHUNK {blockData=conID: 2 locID: 102734074363838959 bcsId: 0} | ret=SUCCESS |  
2019-09-04 11:46:10,266 | INFO  | DNAudit | user=null | ip=null | op=WRITE_CHUNK {blockData=conID: 2 locID: 102734074363838959 bcsId: 0} | ret=SUCCESS |  
2019-09-04 11:46:10,267 | INFO  | DNAudit | user=null | ip=null | op=WRITE_CHUNK {blockData=conID: 2 locID: 102734074363838959 bcsId: 0} | ret=SUCCESS |  
2019-09-04 11:46:10,267 | INFO  | DNAudit | user=null | ip=null | op=PUT_BLOCK {blockData=[blockId=conID: 2 locID: 102734074363838959 bcsId: 0,size=1048576]} | ret=SUCCESS |  
2019-09-04 11:46:10,268 [grpc-default-executor-6] INFO  client.GrpcClientProtocolClient (GrpcClientProtocolClient.java:onNext(255)) - client-D5CE890D7D9E->efcb8ff8-f060-4d95-9215-d0f5eb4af037: receive RaftClientReply:client-D5CE890D7D9E->efcb8ff8-f060-4d95-9215-d0f5eb4af037@group-0959F8DF43ED, cid=1517, SUCCESS, logIndex=2174, commits[efcb8ff8-f060-4d95-9215-d0f5eb4af037:c2175, 6fae8b02-e804-4c0e-b729-a97b7404b7f6:c2173, 4c3e8a66-6975-4917-8225-d3efe707aaff:c2173]
2019-09-04 11:46:10,268 [grpc-default-executor-6] INFO  client.GrpcClientProtocolClient (GrpcClientProtocolClient.java:onNext(255)) - client-D5CE890D7D9E->efcb8ff8-f060-4d95-9215-d0f5eb4af037: receive RaftClientReply:client-D5CE890D7D9E->efcb8ff8-f060-4d95-9215-d0f5eb4af037@group-0959F8DF43ED, cid=1518, SUCCESS, logIndex=2175, commits[efcb8ff8-f060-4d95-9215-d0f5eb4af037:c2175, 6fae8b02-e804-4c0e-b729-a97b7404b7f6:c2173, 4c3e8a66-6975-4917-8225-d3efe707aaff:c2173]
2019-09-04 11:46:10,269 | INFO  | DNAudit | user=null | ip=null | op=WRITE_CHUNK {blockData=conID: 2 locID: 102734074363838959 bcsId: 0} | ret=SUCCESS |  
2019-09-04 11:46:10,269 | INFO  | DNAudit | user=null | ip=null | op=PUT_BLOCK {blockData=[blockId=conID: 2 locID: 102734074363838959 bcsId: 0,size=2097152]} | ret=SUCCESS |  
2019-09-04 11:46:10,270 [grpc-default-executor-6] INFO  client.GrpcClientProtocolClient (GrpcClientProtocolClient.java:onNext(255)) - client-D5CE890D7D9E->efcb8ff8-f060-4d95-9215-d0f5eb4af037: receive RaftClientReply:client-D5CE890D7D9E->efcb8ff8-f060-4d95-9215-d0f5eb4af037@group-0959F8DF43ED, cid=1519, SUCCESS, logIndex=2176, commits[efcb8ff8-f060-4d95-9215-d0f5eb4af037:c2176, 6fae8b02-e804-4c0e-b729-a97b7404b7f6:c2173, 4c3e8a66-6975-4917-8225-d3efe707aaff:c2173]
2019-09-04 11:46:10,270 [grpc-default-executor-6] INFO  client.GrpcClientProtocolClient (GrpcClientProtocolClient.java:onNext(255)) - client-D5CE890D7D9E->efcb8ff8-f060-4d95-9215-d0f5eb4af037: receive RaftClientReply:client-D5CE890D7D9E->efcb8ff8-f060-4d95-9215-d0f5eb4af037@group-0959F8DF43ED, cid=1520, SUCCESS, logIndex=2177, commits[efcb8ff8-f060-4d95-9215-d0f5eb4af037:c2177, 6fae8b02-e804-4c0e-b729-a97b7404b7f6:c2173, 4c3e8a66-6975-4917-8225-d3efe707aaff:c2173]
2019-09-04 11:46:10,271 | INFO  | DNAudit | user=null | ip=null | op=WRITE_CHUNK {blockData=conID: 2 locID: 102734074363838959 bcsId: 0} | ret=SUCCESS |  
2019-09-04 11:46:10,271 | INFO  | DNAudit | user=null | ip=null | op=WRITE_CHUNK {blockData=conID: 2 locID: 102734074363838959 bcsId: 0} | ret=SUCCESS |  
2019-09-04 11:46:10,271 | INFO  | DNAudit | user=null | ip=null | op=PUT_BLOCK {blockData=[blockId=conID: 2 locID: 102734074363838959 bcsId: 0,size=1048576]} | ret=SUCCESS |  
2019-09-04 11:46:10,271 | INFO  | DNAudit | user=null | ip=null | op=PUT_BLOCK {blockData=[blockId=conID: 2 locID: 102734074363838959 bcsId: 0,size=1048576]} | ret=SUCCESS |  
2019-09-04 11:46:10,271 [grpc-default-executor-1] INFO  client.GrpcClientProtocolClient (GrpcClientProtocolClient.java:onNext(255)) - client-D5CE890D7D9E->efcb8ff8-f060-4d95-9215-d0f5eb4af037: receive RaftClientReply:client-D5CE890D7D9E->efcb8ff8-f060-4d95-9215-d0f5eb4af037@group-0959F8DF43ED, cid=1521, SUCCESS, logIndex=0, commits[efcb8ff8-f060-4d95-9215-d0f5eb4af037:c2179, 6fae8b02-e804-4c0e-b729-a97b7404b7f6:c2175, 4c3e8a66-6975-4917-8225-d3efe707aaff:c2175]
2019-09-04 11:46:10,272 | INFO  | DNAudit | user=null | ip=null | op=WRITE_CHUNK {blockData=conID: 2 locID: 102734074363838959 bcsId: 0} | ret=SUCCESS |  
2019-09-04 11:46:10,272 | INFO  | DNAudit | user=null | ip=null | op=WRITE_CHUNK {blockData=conID: 2 locID: 102734074363838959 bcsId: 0} | ret=SUCCESS |  
2019-09-04 11:46:10,272 | INFO  | DNAudit | user=null | ip=null | op=PUT_BLOCK {blockData=[blockId=conID: 2 locID: 102734074363838959 bcsId: 0,size=2097152]} | ret=SUCCESS |  
2019-09-04 11:46:10,272 | INFO  | DNAudit | user=null | ip=null | op=PUT_BLOCK {blockData=[blockId=conID: 2 locID: 102734074363838959 bcsId: 0,size=2097152]} | ret=SUCCESS |  
2019-09-04 11:46:10,279 | INFO  | DNAudit | user=null | ip=null | op=WRITE_CHUNK {blockData=conID: 2 locID: 102734074363838959 bcsId: 2177} | ret=SUCCESS |  
2019-09-04 11:46:10,281 | INFO  | DNAudit | user=null | ip=null | op=WRITE_CHUNK {blockData=conID: 2 locID: 102734074363838959 bcsId: 2177} | ret=SUCCESS |  
2019-09-04 11:46:10,281 | INFO  | DNAudit | user=null | ip=null | op=WRITE_CHUNK {blockData=conID: 2 locID: 102734074363838959 bcsId: 2177} | ret=SUCCESS |  
2019-09-04 11:46:10,286 | INFO  | DNAudit | user=null | ip=null | op=WRITE_CHUNK {blockData=conID: 2 locID: 102734074363838959 bcsId: 2177} | ret=SUCCESS |  
2019-09-04 11:46:10,287 | INFO  | DNAudit | user=null | ip=null | op=PUT_BLOCK {blockData=[blockId=conID: 2 locID: 102734074363838959 bcsId: 0,size=3145728]} | ret=SUCCESS |  
2019-09-04 11:46:10,287 [grpc-default-executor-6] INFO  client.GrpcClientProtocolClient (GrpcClientProtocolClient.java:onNext(255)) - client-D5CE890D7D9E->efcb8ff8-f060-4d95-9215-d0f5eb4af037: receive RaftClientReply:client-D5CE890D7D9E->efcb8ff8-f060-4d95-9215-d0f5eb4af037@group-0959F8DF43ED, cid=1522, SUCCESS, logIndex=2182, commits[efcb8ff8-f060-4d95-9215-d0f5eb4af037:c2183, 6fae8b02-e804-4c0e-b729-a97b7404b7f6:c2181, 4c3e8a66-6975-4917-8225-d3efe707aaff:c2181]
2019-09-04 11:46:10,287 [grpc-default-executor-6] INFO  client.GrpcClientProtocolClient (GrpcClientProtocolClient.java:onNext(255)) - client-D5CE890D7D9E->efcb8ff8-f060-4d95-9215-d0f5eb4af037: receive RaftClientReply:client-D5CE890D7D9E->efcb8ff8-f060-4d95-9215-d0f5eb4af037@group-0959F8DF43ED, cid=1523, SUCCESS, logIndex=2183, commits[efcb8ff8-f060-4d95-9215-d0f5eb4af037:c2183, 6fae8b02-e804-4c0e-b729-a97b7404b7f6:c2181, 4c3e8a66-6975-4917-8225-d3efe707aaff:c2181]
2019-09-04 11:46:10,294 | INFO  | DNAudit | user=null | ip=null | op=WRITE_CHUNK {blockData=conID: 2 locID: 102734074363838959 bcsId: 2183} | ret=SUCCESS |  
2019-09-04 11:46:10,296 | INFO  | DNAudit | user=null | ip=null | op=WRITE_CHUNK {blockData=conID: 2 locID: 102734074363838959 bcsId: 2177} | ret=SUCCESS |  
2019-09-04 11:46:10,296 | INFO  | DNAudit | user=null | ip=null | op=WRITE_CHUNK {blockData=conID: 2 locID: 102734074363838959 bcsId: 2177} | ret=SUCCESS |  
2019-09-04 11:46:10,296 | INFO  | DNAudit | user=null | ip=null | op=WRITE_CHUNK {blockData=conID: 2 locID: 102734074363838959 bcsId: 2183} | ret=SUCCESS |  
2019-09-04 11:46:10,296 | INFO  | DNAudit | user=null | ip=null | op=PUT_BLOCK {blockData=[blockId=conID: 2 locID: 102734074363838959 bcsId: 0,size=3145728]} | ret=SUCCESS |  
2019-09-04 11:46:10,296 | INFO  | DNAudit | user=null | ip=null | op=WRITE_CHUNK {blockData=conID: 2 locID: 102734074363838959 bcsId: 2183} | ret=SUCCESS |  
2019-09-04 11:46:10,296 | INFO  | DNAudit | user=null | ip=null | op=PUT_BLOCK {blockData=[blockId=conID: 2 locID: 102734074363838959 bcsId: 0,size=3145728]} | ret=SUCCESS |  
2019-09-04 11:46:10,309 | INFO  | DNAudit | user=null | ip=null | op=WRITE_CHUNK {blockData=conID: 2 locID: 102734074363838959 bcsId: 2183} | ret=SUCCESS |  
2019-09-04 11:46:10,309 | INFO  | DNAudit | user=null | ip=null | op=PUT_BLOCK {blockData=[blockId=conID: 2 locID: 102734074363838959 bcsId: 0,size=4194304]} | ret=SUCCESS |  
2019-09-04 11:46:10,310 [grpc-default-executor-1] INFO  client.GrpcClientProtocolClient (GrpcClientProtocolClient.java:onNext(255)) - client-D5CE890D7D9E->efcb8ff8-f060-4d95-9215-d0f5eb4af037: receive RaftClientReply:client-D5CE890D7D9E->efcb8ff8-f060-4d95-9215-d0f5eb4af037@group-0959F8DF43ED, cid=1524, SUCCESS, logIndex=2186, commits[efcb8ff8-f060-4d95-9215-d0f5eb4af037:c2187, 6fae8b02-e804-4c0e-b729-a97b7404b7f6:c2183, 4c3e8a66-6975-4917-8225-d3efe707aaff:c2183]
2019-09-04 11:46:10,310 [grpc-default-executor-1] INFO  client.GrpcClientProtocolClient (GrpcClientProtocolClient.java:onNext(255)) - client-D5CE890D7D9E->efcb8ff8-f060-4d95-9215-d0f5eb4af037: receive RaftClientReply:client-D5CE890D7D9E->efcb8ff8-f060-4d95-9215-d0f5eb4af037@group-0959F8DF43ED, cid=1525, SUCCESS, logIndex=2187, commits[efcb8ff8-f060-4d95-9215-d0f5eb4af037:c2187, 6fae8b02-e804-4c0e-b729-a97b7404b7f6:c2183, 4c3e8a66-6975-4917-8225-d3efe707aaff:c2183]
2019-09-04 11:46:10,326 | INFO  | DNAudit | user=null | ip=null | op=WRITE_CHUNK {blockData=conID: 2 locID: 102734074363838959 bcsId: 2183} | ret=SUCCESS |  
2019-09-04 11:46:10,326 | INFO  | DNAudit | user=null | ip=null | op=WRITE_CHUNK {blockData=conID: 2 locID: 102734074363838959 bcsId: 2183} | ret=SUCCESS |  
2019-09-04 11:46:10,326 | INFO  | DNAudit | user=null | ip=null | op=PUT_BLOCK {blockData=[blockId=conID: 2 locID: 102734074363838959 bcsId: 0,size=4194304]} | ret=SUCCESS |  
2019-09-04 11:46:10,326 | INFO  | DNAudit | user=null | ip=null | op=PUT_BLOCK {blockData=[blockId=conID: 2 locID: 102734074363838959 bcsId: 0,size=4194304]} | ret=SUCCESS |  
2019-09-04 11:46:10,327 [grpc-default-executor-1] INFO  client.GrpcClientProtocolClient (GrpcClientProtocolClient.java:onNext(255)) - client-D5CE890D7D9E->efcb8ff8-f060-4d95-9215-d0f5eb4af037: receive RaftClientReply:client-D5CE890D7D9E->efcb8ff8-f060-4d95-9215-d0f5eb4af037@group-0959F8DF43ED, cid=1526, SUCCESS, logIndex=0, commits[efcb8ff8-f060-4d95-9215-d0f5eb4af037:c2188, 6fae8b02-e804-4c0e-b729-a97b7404b7f6:c2187, 4c3e8a66-6975-4917-8225-d3efe707aaff:c2187]
2019-09-04 11:46:10,331 | INFO  | SCMAudit | user=jenkins1000 | ip=192.168.36.67 | op=ALLOCATE_BLOCK {owner=8ab292a2-aaa7-4ad8-863a-d33994811155, size=4194304, type=RATIS, factor=THREE} | ret=SUCCESS |  
2019-09-04 11:46:10,334 | INFO  | OMAudit | user=jenkins1000 | ip=127.0.0.1 | op=ALLOCATE_BLOCK {volume=vol-0-58699, bucket=bucket-0-57464, key=key-0-37266, dataSize=0, replicationType=null, replicationFactor=null, keyLocationInfo=null, clientID=102734073355960722} | ret=SUCCESS |  
2019-09-04 11:46:10,341 | INFO  | DNAudit | user=null | ip=null | op=WRITE_CHUNK {blockData=conID: 3 locID: 102734074369212912 bcsId: 0} | ret=SUCCESS |  
2019-09-04 11:46:10,343 | INFO  | DNAudit | user=null | ip=null | op=WRITE_CHUNK {blockData=conID: 3 locID: 102734074369212912 bcsId: 0} | ret=SUCCESS |  
2019-09-04 11:46:10,344 | INFO  | DNAudit | user=null | ip=null | op=WRITE_CHUNK {blockData=conID: 3 locID: 102734074369212912 bcsId: 0} | ret=SUCCESS |  
2019-09-04 11:46:10,344 | INFO  | DNAudit | user=null | ip=null | op=WRITE_CHUNK {blockData=conID: 3 locID: 102734074369212912 bcsId: 0} | ret=SUCCESS |  
2019-09-04 11:46:10,347 | INFO  | DNAudit | user=null | ip=null | op=WRITE_CHUNK {blockData=conID: 3 locID: 102734074369212912 bcsId: 0} | ret=SUCCESS |  
2019-09-04 11:46:10,347 | INFO  | DNAudit | user=null | ip=null | op=WRITE_CHUNK {blockData=conID: 3 locID: 102734074369212912 bcsId: 0} | ret=SUCCESS |  
2019-09-04 11:46:10,350 | INFO  | DNAudit | user=null | ip=null | op=WRITE_CHUNK {blockData=conID: 3 locID: 102734074369212912 bcsId: 0} | ret=SUCCESS |  
2019-09-04 11:46:10,351 | INFO  | DNAudit | user=null | ip=null | op=PUT_BLOCK {blockData=[blockId=conID: 3 locID: 102734074369212912 bcsId: 0,size=1048576]} | ret=SUCCESS |  
2019-09-04 11:46:10,351 [grpc-default-executor-1] INFO  client.GrpcClientProtocolClient (GrpcClientProtocolClient.java:onNext(255)) - client-D5CE890D7D9E->efcb8ff8-f060-4d95-9215-d0f5eb4af037: receive RaftClientReply:client-D5CE890D7D9E->efcb8ff8-f060-4d95-9215-d0f5eb4af037@group-0959F8DF43ED, cid=1527, SUCCESS, logIndex=2190, commits[efcb8ff8-f060-4d95-9215-d0f5eb4af037:c2191, 6fae8b02-e804-4c0e-b729-a97b7404b7f6:c2189, 4c3e8a66-6975-4917-8225-d3efe707aaff:c2189]
2019-09-04 11:46:10,351 [grpc-default-executor-1] INFO  client.GrpcClientProtocolClient (GrpcClientProtocolClient.java:onNext(255)) - client-D5CE890D7D9E->efcb8ff8-f060-4d95-9215-d0f5eb4af037: receive RaftClientReply:client-D5CE890D7D9E->efcb8ff8-f060-4d95-9215-d0f5eb4af037@group-0959F8DF43ED, cid=1528, SUCCESS, logIndex=2191, commits[efcb8ff8-f060-4d95-9215-d0f5eb4af037:c2191, 6fae8b02-e804-4c0e-b729-a97b7404b7f6:c2189, 4c3e8a66-6975-4917-8225-d3efe707aaff:c2189]
2019-09-04 11:46:10,385 | INFO  | DNAudit | user=null | ip=null | op=WRITE_CHUNK {blockData=conID: 3 locID: 102734074369212912 bcsId: 0} | ret=SUCCESS |  
2019-09-04 11:46:10,386 | INFO  | DNAudit | user=null | ip=null | op=PUT_BLOCK {blockData=[blockId=conID: 3 locID: 102734074369212912 bcsId: 0,size=2097152]} | ret=SUCCESS |  
2019-09-04 11:46:10,386 [grpc-default-executor-6] INFO  client.GrpcClientProtocolClient (GrpcClientProtocolClient.java:onNext(255)) - client-D5CE890D7D9E->efcb8ff8-f060-4d95-9215-d0f5eb4af037: receive RaftClientReply:client-D5CE890D7D9E->efcb8ff8-f060-4d95-9215-d0f5eb4af037@group-0959F8DF43ED, cid=1529, SUCCESS, logIndex=2192, commits[efcb8ff8-f060-4d95-9215-d0f5eb4af037:c2193, 6fae8b02-e804-4c0e-b729-a97b7404b7f6:c2189, 4c3e8a66-6975-4917-8225-d3efe707aaff:c2189]
2019-09-04 11:46:10,386 [grpc-default-executor-6] INFO  client.GrpcClientProtocolClient (GrpcClientProtocolClient.java:onNext(255)) - client-D5CE890D7D9E->efcb8ff8-f060-4d95-9215-d0f5eb4af037: receive RaftClientReply:client-D5CE890D7D9E->efcb8ff8-f060-4d95-9215-d0f5eb4af037@group-0959F8DF43ED, cid=1530, SUCCESS, logIndex=2193, commits[efcb8ff8-f060-4d95-9215-d0f5eb4af037:c2193, 6fae8b02-e804-4c0e-b729-a97b7404b7f6:c2189, 4c3e8a66-6975-4917-8225-d3efe707aaff:c2189]
2019-09-04 11:46:10,393 | INFO  | DNAudit | user=null | ip=null | op=WRITE_CHUNK {blockData=conID: 3 locID: 102734074369212912 bcsId: 0} | ret=SUCCESS |  
2019-09-04 11:46:10,393 | INFO  | DNAudit | user=null | ip=null | op=PUT_BLOCK {blockData=[blockId=conID: 3 locID: 102734074369212912 bcsId: 0,size=1048576]} | ret=SUCCESS |  
2019-09-04 11:46:10,393 | INFO  | DNAudit | user=null | ip=null | op=WRITE_CHUNK {blockData=conID: 3 locID: 102734074369212912 bcsId: 0} | ret=SUCCESS |  
2019-09-04 11:46:10,394 | INFO  | DNAudit | user=null | ip=null | op=PUT_BLOCK {blockData=[blockId=conID: 3 locID: 102734074369212912 bcsId: 0,size=1048576]} | ret=SUCCESS |  
2019-09-04 11:46:10,394 | INFO  | DNAudit | user=null | ip=null | op=WRITE_CHUNK {blockData=conID: 3 locID: 102734074369212912 bcsId: 0} | ret=SUCCESS |  
2019-09-04 11:46:10,394 | INFO  | DNAudit | user=null | ip=null | op=PUT_BLOCK {blockData=[blockId=conID: 3 locID: 102734074369212912 bcsId: 0,size=2097152]} | ret=SUCCESS |  
2019-09-04 11:46:10,394 [grpc-default-executor-0] INFO  client.GrpcClientProtocolClient (GrpcClientProtocolClient.java:onNext(255)) - client-D5CE890D7D9E->efcb8ff8-f060-4d95-9215-d0f5eb4af037: receive RaftClientReply:client-D5CE890D7D9E->efcb8ff8-f060-4d95-9215-d0f5eb4af037@group-0959F8DF43ED, cid=1531, SUCCESS, logIndex=0, commits[efcb8ff8-f060-4d95-9215-d0f5eb4af037:c2195, 6fae8b02-e804-4c0e-b729-a97b7404b7f6:c2191, 4c3e8a66-6975-4917-8225-d3efe707aaff:c2191]
2019-09-04 11:46:10,395 | INFO  | DNAudit | user=null | ip=null | op=WRITE_CHUNK {blockData=conID: 3 locID: 102734074369212912 bcsId: 0} | ret=SUCCESS |  
2019-09-04 11:46:10,395 | INFO  | DNAudit | user=null | ip=null | op=PUT_BLOCK {blockData=[blockId=conID: 3 locID: 102734074369212912 bcsId: 0,size=2097152]} | ret=SUCCESS |  
2019-09-04 11:46:10,402 | INFO  | DNAudit | user=null | ip=null | op=WRITE_CHUNK {blockData=conID: 3 locID: 102734074369212912 bcsId: 2193} | ret=SUCCESS |  
2019-09-04 11:46:10,404 | INFO  | DNAudit | user=null | ip=null | op=WRITE_CHUNK {blockData=conID: 3 locID: 102734074369212912 bcsId: 2193} | ret=SUCCESS |  
2019-09-04 11:46:10,405 | INFO  | DNAudit | user=null | ip=null | op=WRITE_CHUNK {blockData=conID: 3 locID: 102734074369212912 bcsId: 2193} | ret=SUCCESS |  
2019-09-04 11:46:10,414 | INFO  | DNAudit | user=null | ip=null | op=WRITE_CHUNK {blockData=conID: 3 locID: 102734074369212912 bcsId: 2193} | ret=SUCCESS |  
2019-09-04 11:46:10,414 | INFO  | DNAudit | user=null | ip=null | op=PUT_BLOCK {blockData=[blockId=conID: 3 locID: 102734074369212912 bcsId: 0,size=3145728]} | ret=SUCCESS |  
2019-09-04 11:46:10,414 [grpc-default-executor-0] INFO  client.GrpcClientProtocolClient (GrpcClientProtocolClient.java:onNext(255)) - client-D5CE890D7D9E->efcb8ff8-f060-4d95-9215-d0f5eb4af037: receive RaftClientReply:client-D5CE890D7D9E->efcb8ff8-f060-4d95-9215-d0f5eb4af037@group-0959F8DF43ED, cid=1532, SUCCESS, logIndex=2198, commits[efcb8ff8-f060-4d95-9215-d0f5eb4af037:c2199, 6fae8b02-e804-4c0e-b729-a97b7404b7f6:c2197, 4c3e8a66-6975-4917-8225-d3efe707aaff:c2197]
2019-09-04 11:46:10,414 [grpc-default-executor-0] INFO  client.GrpcClientProtocolClient (GrpcClientProtocolClient.java:onNext(255)) - client-D5CE890D7D9E->efcb8ff8-f060-4d95-9215-d0f5eb4af037: receive RaftClientReply:client-D5CE890D7D9E->efcb8ff8-f060-4d95-9215-d0f5eb4af037@group-0959F8DF43ED, cid=1533, SUCCESS, logIndex=2199, commits[efcb8ff8-f060-4d95-9215-d0f5eb4af037:c2199, 6fae8b02-e804-4c0e-b729-a97b7404b7f6:c2197, 4c3e8a66-6975-4917-8225-d3efe707aaff:c2197]
2019-09-04 11:46:10,422 | INFO  | DNAudit | user=null | ip=null | op=WRITE_CHUNK {blockData=conID: 3 locID: 102734074369212912 bcsId: 2199} | ret=SUCCESS |  
2019-09-04 11:46:10,424 | INFO  | DNAudit | user=null | ip=null | op=WRITE_CHUNK {blockData=conID: 3 locID: 102734074369212912 bcsId: 2199} | ret=SUCCESS |  
2019-09-04 11:46:10,425 | INFO  | DNAudit | user=null | ip=null | op=WRITE_CHUNK {blockData=conID: 3 locID: 102734074369212912 bcsId: 2199} | ret=SUCCESS |  
2019-09-04 11:46:10,427 | INFO  | DNAudit | user=null | ip=null | op=WRITE_CHUNK {blockData=conID: 3 locID: 102734074369212912 bcsId: 2193} | ret=SUCCESS |  
2019-09-04 11:46:10,427 | INFO  | DNAudit | user=null | ip=null | op=WRITE_CHUNK {blockData=conID: 3 locID: 102734074369212912 bcsId: 2193} | ret=SUCCESS |  
2019-09-04 11:46:10,428 | INFO  | DNAudit | user=null | ip=null | op=PUT_BLOCK {blockData=[blockId=conID: 3 locID: 102734074369212912 bcsId: 0,size=3145728]} | ret=SUCCESS |  
2019-09-04 11:46:10,428 | INFO  | DNAudit | user=null | ip=null | op=PUT_BLOCK {blockData=[blockId=conID: 3 locID: 102734074369212912 bcsId: 0,size=3145728]} | ret=SUCCESS |  
2019-09-04 11:46:10,428 | INFO  | DNAudit | user=null | ip=null | op=WRITE_CHUNK {blockData=conID: 3 locID: 102734074369212912 bcsId: 2199} | ret=SUCCESS |  
2019-09-04 11:46:10,429 | INFO  | DNAudit | user=null | ip=null | op=PUT_BLOCK {blockData=[blockId=conID: 3 locID: 102734074369212912 bcsId: 0,size=4194304]} | ret=SUCCESS |  
2019-09-04 11:46:10,429 [grpc-default-executor-1] INFO  client.GrpcClientProtocolClient (GrpcClientProtocolClient.java:onNext(255)) - client-D5CE890D7D9E->efcb8ff8-f060-4d95-9215-d0f5eb4af037: receive RaftClientReply:client-D5CE890D7D9E->efcb8ff8-f060-4d95-9215-d0f5eb4af037@group-0959F8DF43ED, cid=1534, SUCCESS, logIndex=2202, commits[efcb8ff8-f060-4d95-9215-d0f5eb4af037:c2203, 6fae8b02-e804-4c0e-b729-a97b7404b7f6:c2199, 4c3e8a66-6975-4917-8225-d3efe707aaff:c2199]
2019-09-04 11:46:10,429 [grpc-default-executor-1] INFO  client.GrpcClientProtocolClient (GrpcClientProtocolClient.java:onNext(255)) - client-D5CE890D7D9E->efcb8ff8-f060-4d95-9215-d0f5eb4af037: receive RaftClientReply:client-D5CE890D7D9E->efcb8ff8-f060-4d95-9215-d0f5eb4af037@group-0959F8DF43ED, cid=1535, SUCCESS, logIndex=2203, commits[efcb8ff8-f060-4d95-9215-d0f5eb4af037:c2203, 6fae8b02-e804-4c0e-b729-a97b7404b7f6:c2199, 4c3e8a66-6975-4917-8225-d3efe707aaff:c2199]
2019-09-04 11:46:10,435 | INFO  | DNAudit | user=null | ip=null | op=WRITE_CHUNK {blockData=conID: 3 locID: 102734074369212912 bcsId: 2199} | ret=SUCCESS |  
2019-09-04 11:46:10,435 | INFO  | DNAudit | user=null | ip=null | op=WRITE_CHUNK {blockData=conID: 3 locID: 102734074369212912 bcsId: 2199} | ret=SUCCESS |  
2019-09-04 11:46:10,436 | INFO  | DNAudit | user=null | ip=null | op=PUT_BLOCK {blockData=[blockId=conID: 3 locID: 102734074369212912 bcsId: 0,size=4194304]} | ret=SUCCESS |  
2019-09-04 11:46:10,436 | INFO  | DNAudit | user=null | ip=null | op=PUT_BLOCK {blockData=[blockId=conID: 3 locID: 102734074369212912 bcsId: 0,size=4194304]} | ret=SUCCESS |  
2019-09-04 11:46:10,437 [grpc-default-executor-1] INFO  client.GrpcClientProtocolClient (GrpcClientProtocolClient.java:onNext(255)) - client-D5CE890D7D9E->efcb8ff8-f060-4d95-9215-d0f5eb4af037: receive RaftClientReply:client-D5CE890D7D9E->efcb8ff8-f060-4d95-9215-d0f5eb4af037@group-0959F8DF43ED, cid=1536, SUCCESS, logIndex=0, commits[efcb8ff8-f060-4d95-9215-d0f5eb4af037:c2205, 6fae8b02-e804-4c0e-b729-a97b7404b7f6:c2203, 4c3e8a66-6975-4917-8225-d3efe707aaff:c2203]
2019-09-04 11:46:10,440 | INFO  | SCMAudit | user=jenkins1000 | ip=192.168.36.67 | op=ALLOCATE_BLOCK {owner=8ab292a2-aaa7-4ad8-863a-d33994811155, size=4194304, type=RATIS, factor=THREE} | ret=SUCCESS |  
2019-09-04 11:46:10,443 | INFO  | OMAudit | user=jenkins1000 | ip=127.0.0.1 | op=ALLOCATE_BLOCK {volume=vol-0-58699, bucket=bucket-0-57464, key=key-0-37266, dataSize=0, replicationType=null, replicationFactor=null, keyLocationInfo=null, clientID=102734073355960722} | ret=SUCCESS |  
2019-09-04 11:46:10,565 | INFO  | DNAudit | user=null | ip=null | op=WRITE_CHUNK {blockData=conID: 1 locID: 102734074376356337 bcsId: 0} | ret=SUCCESS |  
2019-09-04 11:46:10,567 | INFO  | DNAudit | user=null | ip=null | op=WRITE_CHUNK {blockData=conID: 1 locID: 102734074376356337 bcsId: 0} | ret=SUCCESS |  
2019-09-04 11:46:10,567 | INFO  | DNAudit | user=null | ip=null | op=WRITE_CHUNK {blockData=conID: 1 locID: 102734074376356337 bcsId: 0} | ret=SUCCESS |  
2019-09-04 11:46:10,569 | INFO  | DNAudit | user=null | ip=null | op=WRITE_CHUNK {blockData=conID: 1 locID: 102734074376356337 bcsId: 0} | ret=SUCCESS |  
2019-09-04 11:46:10,571 | INFO  | DNAudit | user=null | ip=null | op=WRITE_CHUNK {blockData=conID: 1 locID: 102734074376356337 bcsId: 0} | ret=SUCCESS |  
2019-09-04 11:46:10,571 | INFO  | DNAudit | user=null | ip=null | op=WRITE_CHUNK {blockData=conID: 1 locID: 102734074376356337 bcsId: 0} | ret=SUCCESS |  
2019-09-04 11:46:10,578 | INFO  | DNAudit | user=null | ip=null | op=WRITE_CHUNK {blockData=conID: 1 locID: 102734074376356337 bcsId: 0} | ret=SUCCESS |  
2019-09-04 11:46:10,578 | INFO  | DNAudit | user=null | ip=null | op=PUT_BLOCK {blockData=[blockId=conID: 1 locID: 102734074376356337 bcsId: 0,size=1048576]} | ret=SUCCESS |  
2019-09-04 11:46:10,578 [grpc-default-executor-1] INFO  client.GrpcClientProtocolClient (GrpcClientProtocolClient.java:onNext(255)) - client-D5CE890D7D9E->efcb8ff8-f060-4d95-9215-d0f5eb4af037: receive RaftClientReply:client-D5CE890D7D9E->efcb8ff8-f060-4d95-9215-d0f5eb4af037@group-0959F8DF43ED, cid=1537, SUCCESS, logIndex=2206, commits[efcb8ff8-f060-4d95-9215-d0f5eb4af037:c2207, 6fae8b02-e804-4c0e-b729-a97b7404b7f6:c2205, 4c3e8a66-6975-4917-8225-d3efe707aaff:c2205]
2019-09-04 11:46:10,579 [grpc-default-executor-1] INFO  client.GrpcClientProtocolClient (GrpcClientProtocolClient.java:onNext(255)) - client-D5CE890D7D9E->efcb8ff8-f060-4d95-9215-d0f5eb4af037: receive RaftClientReply:client-D5CE890D7D9E->efcb8ff8-f060-4d95-9215-d0f5eb4af037@group-0959F8DF43ED, cid=1538, SUCCESS, logIndex=2207, commits[efcb8ff8-f060-4d95-9215-d0f5eb4af037:c2207, 6fae8b02-e804-4c0e-b729-a97b7404b7f6:c2205, 4c3e8a66-6975-4917-8225-d3efe707aaff:c2205]
2019-09-04 11:46:10,590 | INFO  | DNAudit | user=null | ip=null | op=WRITE_CHUNK {blockData=conID: 1 locID: 102734074376356337 bcsId: 0} | ret=SUCCESS |  
2019-09-04 11:46:10,590 | INFO  | DNAudit | user=null | ip=null | op=WRITE_CHUNK {blockData=conID: 1 locID: 102734074376356337 bcsId: 0} | ret=SUCCESS |  
2019-09-04 11:46:10,590 | INFO  | DNAudit | user=null | ip=null | op=PUT_BLOCK {blockData=[blockId=conID: 1 locID: 102734074376356337 bcsId: 0,size=2097152]} | ret=SUCCESS |  
2019-09-04 11:46:10,590 | INFO  | DNAudit | user=null | ip=null | op=PUT_BLOCK {blockData=[blockId=conID: 1 locID: 102734074376356337 bcsId: 0,size=1048576]} | ret=SUCCESS |  
2019-09-04 11:46:10,591 [grpc-default-executor-1] INFO  client.GrpcClientProtocolClient (GrpcClientProtocolClient.java:onNext(255)) - client-D5CE890D7D9E->efcb8ff8-f060-4d95-9215-d0f5eb4af037: receive RaftClientReply:client-D5CE890D7D9E->efcb8ff8-f060-4d95-9215-d0f5eb4af037@group-0959F8DF43ED, cid=1539, SUCCESS, logIndex=2208, commits[efcb8ff8-f060-4d95-9215-d0f5eb4af037:c2209, 6fae8b02-e804-4c0e-b729-a97b7404b7f6:c2205, 4c3e8a66-6975-4917-8225-d3efe707aaff:c2205]
2019-09-04 11:46:10,591 [grpc-default-executor-1] INFO  client.GrpcClientProtocolClient (GrpcClientProtocolClient.java:onNext(255)) - client-D5CE890D7D9E->efcb8ff8-f060-4d95-9215-d0f5eb4af037: receive RaftClientReply:client-D5CE890D7D9E->efcb8ff8-f060-4d95-9215-d0f5eb4af037@group-0959F8DF43ED, cid=1540, SUCCESS, logIndex=2209, commits[efcb8ff8-f060-4d95-9215-d0f5eb4af037:c2211, 6fae8b02-e804-4c0e-b729-a97b7404b7f6:c2205, 4c3e8a66-6975-4917-8225-d3efe707aaff:c2207]
2019-09-04 11:46:10,591 | INFO  | DNAudit | user=null | ip=null | op=WRITE_CHUNK {blockData=conID: 1 locID: 102734074376356337 bcsId: 0} | ret=SUCCESS |  
2019-09-04 11:46:10,591 | INFO  | DNAudit | user=null | ip=null | op=PUT_BLOCK {blockData=[blockId=conID: 1 locID: 102734074376356337 bcsId: 0,size=2097152]} | ret=SUCCESS |  
2019-09-04 11:46:10,592 | INFO  | DNAudit | user=null | ip=null | op=WRITE_CHUNK {blockData=conID: 1 locID: 102734074376356337 bcsId: 0} | ret=SUCCESS |  
2019-09-04 11:46:10,592 | INFO  | DNAudit | user=null | ip=null | op=PUT_BLOCK {blockData=[blockId=conID: 1 locID: 102734074376356337 bcsId: 0,size=1048576]} | ret=SUCCESS |  
2019-09-04 11:46:10,592 [grpc-default-executor-0] INFO  client.GrpcClientProtocolClient (GrpcClientProtocolClient.java:onNext(255)) - client-D5CE890D7D9E->efcb8ff8-f060-4d95-9215-d0f5eb4af037: receive RaftClientReply:client-D5CE890D7D9E->efcb8ff8-f060-4d95-9215-d0f5eb4af037@group-0959F8DF43ED, cid=1541, SUCCESS, logIndex=0, commits[efcb8ff8-f060-4d95-9215-d0f5eb4af037:c2212, 6fae8b02-e804-4c0e-b729-a97b7404b7f6:c2207, 4c3e8a66-6975-4917-8225-d3efe707aaff:c2209]
2019-09-04 11:46:10,594 | INFO  | DNAudit | user=null | ip=null | op=WRITE_CHUNK {blockData=conID: 1 locID: 102734074376356337 bcsId: 0} | ret=SUCCESS |  
2019-09-04 11:46:10,594 | INFO  | DNAudit | user=null | ip=null | op=PUT_BLOCK {blockData=[blockId=conID: 1 locID: 102734074376356337 bcsId: 0,size=2097152]} | ret=SUCCESS |  
2019-09-04 11:46:10,601 | INFO  | DNAudit | user=null | ip=null | op=WRITE_CHUNK {blockData=conID: 1 locID: 102734074376356337 bcsId: 2209} | ret=SUCCESS |  
2019-09-04 11:46:10,604 | INFO  | DNAudit | user=null | ip=null | op=WRITE_CHUNK {blockData=conID: 1 locID: 102734074376356337 bcsId: 2209} | ret=SUCCESS |  
2019-09-04 11:46:10,605 | INFO  | DNAudit | user=null | ip=null | op=WRITE_CHUNK {blockData=conID: 1 locID: 102734074376356337 bcsId: 2209} | ret=SUCCESS |  
2019-09-04 11:46:10,616 | INFO  | DNAudit | user=null | ip=null | op=WRITE_CHUNK {blockData=conID: 1 locID: 102734074376356337 bcsId: 2209} | ret=SUCCESS |  
2019-09-04 11:46:10,617 | INFO  | DNAudit | user=null | ip=null | op=PUT_BLOCK {blockData=[blockId=conID: 1 locID: 102734074376356337 bcsId: 0,size=3145728]} | ret=SUCCESS |  
2019-09-04 11:46:10,617 [grpc-default-executor-1] INFO  client.GrpcClientProtocolClient (GrpcClientProtocolClient.java:onNext(255)) - client-D5CE890D7D9E->efcb8ff8-f060-4d95-9215-d0f5eb4af037: receive RaftClientReply:client-D5CE890D7D9E->efcb8ff8-f060-4d95-9215-d0f5eb4af037@group-0959F8DF43ED, cid=1542, SUCCESS, logIndex=2214, commits[efcb8ff8-f060-4d95-9215-d0f5eb4af037:c2215, 6fae8b02-e804-4c0e-b729-a97b7404b7f6:c2213, 4c3e8a66-6975-4917-8225-d3efe707aaff:c2213]
2019-09-04 11:46:10,617 [grpc-default-executor-1] INFO  client.GrpcClientProtocolClient (GrpcClientProtocolClient.java:onNext(255)) - client-D5CE890D7D9E->efcb8ff8-f060-4d95-9215-d0f5eb4af037: receive RaftClientReply:client-D5CE890D7D9E->efcb8ff8-f060-4d95-9215-d0f5eb4af037@group-0959F8DF43ED, cid=1543, SUCCESS, logIndex=2215, commits[efcb8ff8-f060-4d95-9215-d0f5eb4af037:c2215, 6fae8b02-e804-4c0e-b729-a97b7404b7f6:c2213, 4c3e8a66-6975-4917-8225-d3efe707aaff:c2213]
2019-09-04 11:46:10,624 | INFO  | DNAudit | user=null | ip=null | op=WRITE_CHUNK {blockData=conID: 1 locID: 102734074376356337 bcsId: 2215} | ret=SUCCESS |  
2019-09-04 11:46:10,625 | INFO  | DNAudit | user=null | ip=null | op=WRITE_CHUNK {blockData=conID: 1 locID: 102734074376356337 bcsId: 2209} | ret=SUCCESS |  
2019-09-04 11:46:10,625 | INFO  | DNAudit | user=null | ip=null | op=WRITE_CHUNK {blockData=conID: 1 locID: 102734074376356337 bcsId: 2209} | ret=SUCCESS |  
2019-09-04 11:46:10,626 | INFO  | DNAudit | user=null | ip=null | op=PUT_BLOCK {blockData=[blockId=conID: 1 locID: 102734074376356337 bcsId: 0,size=3145728]} | ret=SUCCESS |  
2019-09-04 11:46:10,626 | INFO  | DNAudit | user=null | ip=null | op=PUT_BLOCK {blockData=[blockId=conID: 1 locID: 102734074376356337 bcsId: 0,size=3145728]} | ret=SUCCESS |  
2019-09-04 11:46:10,627 | INFO  | DNAudit | user=null | ip=null | op=WRITE_CHUNK {blockData=conID: 1 locID: 102734074376356337 bcsId: 2215} | ret=SUCCESS |  
2019-09-04 11:46:10,627 | INFO  | DNAudit | user=null | ip=null | op=WRITE_CHUNK {blockData=conID: 1 locID: 102734074376356337 bcsId: 2215} | ret=SUCCESS |  
2019-09-04 11:46:10,636 | INFO  | DNAudit | user=null | ip=null | op=WRITE_CHUNK {blockData=conID: 1 locID: 102734074376356337 bcsId: 2215} | ret=SUCCESS |  
2019-09-04 11:46:10,636 | INFO  | DNAudit | user=null | ip=null | op=PUT_BLOCK {blockData=[blockId=conID: 1 locID: 102734074376356337 bcsId: 0,size=4194304]} | ret=SUCCESS |  
2019-09-04 11:46:10,636 [grpc-default-executor-0] INFO  client.GrpcClientProtocolClient (GrpcClientProtocolClient.java:onNext(255)) - client-D5CE890D7D9E->efcb8ff8-f060-4d95-9215-d0f5eb4af037: receive RaftClientReply:client-D5CE890D7D9E->efcb8ff8-f060-4d95-9215-d0f5eb4af037@group-0959F8DF43ED, cid=1544, SUCCESS, logIndex=2218, commits[efcb8ff8-f060-4d95-9215-d0f5eb4af037:c2219, 6fae8b02-e804-4c0e-b729-a97b7404b7f6:c2215, 4c3e8a66-6975-4917-8225-d3efe707aaff:c2215]
2019-09-04 11:46:10,637 [grpc-default-executor-0] INFO  client.GrpcClientProtocolClient (GrpcClientProtocolClient.java:onNext(255)) - client-D5CE890D7D9E->efcb8ff8-f060-4d95-9215-d0f5eb4af037: receive RaftClientReply:client-D5CE890D7D9E->efcb8ff8-f060-4d95-9215-d0f5eb4af037@group-0959F8DF43ED, cid=1545, SUCCESS, logIndex=2219, commits[efcb8ff8-f060-4d95-9215-d0f5eb4af037:c2219, 6fae8b02-e804-4c0e-b729-a97b7404b7f6:c2215, 4c3e8a66-6975-4917-8225-d3efe707aaff:c2215]
2019-09-04 11:46:10,637 | INFO  | DNAudit | user=null | ip=null | op=WRITE_CHUNK {blockData=conID: 1 locID: 102734074376356337 bcsId: 2215} | ret=SUCCESS |  
2019-09-04 11:46:10,637 | INFO  | DNAudit | user=null | ip=null | op=PUT_BLOCK {blockData=[blockId=conID: 1 locID: 102734074376356337 bcsId: 0,size=4194304]} | ret=SUCCESS |  
2019-09-04 11:46:10,638 | INFO  | DNAudit | user=null | ip=null | op=WRITE_CHUNK {blockData=conID: 1 locID: 102734074376356337 bcsId: 2215} | ret=SUCCESS |  
2019-09-04 11:46:10,638 | INFO  | DNAudit | user=null | ip=null | op=PUT_BLOCK {blockData=[blockId=conID: 1 locID: 102734074376356337 bcsId: 0,size=4194304]} | ret=SUCCESS |  
2019-09-04 11:46:10,638 [grpc-default-executor-1] INFO  client.GrpcClientProtocolClient (GrpcClientProtocolClient.java:onNext(255)) - client-D5CE890D7D9E->efcb8ff8-f060-4d95-9215-d0f5eb4af037: receive RaftClientReply:client-D5CE890D7D9E->efcb8ff8-f060-4d95-9215-d0f5eb4af037@group-0959F8DF43ED, cid=1546, SUCCESS, logIndex=0, commits[efcb8ff8-f060-4d95-9215-d0f5eb4af037:c2220, 6fae8b02-e804-4c0e-b729-a97b7404b7f6:c2219, 4c3e8a66-6975-4917-8225-d3efe707aaff:c2219]
2019-09-04 11:46:10,643 | INFO  | SCMAudit | user=jenkins1000 | ip=192.168.36.67 | op=ALLOCATE_BLOCK {owner=8ab292a2-aaa7-4ad8-863a-d33994811155, size=4194304, type=RATIS, factor=THREE} | ret=SUCCESS |  
2019-09-04 11:46:10,646 | INFO  | OMAudit | user=jenkins1000 | ip=127.0.0.1 | op=ALLOCATE_BLOCK {volume=vol-0-58699, bucket=bucket-0-57464, key=key-0-37266, dataSize=0, replicationType=null, replicationFactor=null, keyLocationInfo=null, clientID=102734073355960722} | ret=SUCCESS |  
2019-09-04 11:46:10,653 | INFO  | DNAudit | user=null | ip=null | op=WRITE_CHUNK {blockData=conID: 2 locID: 102734074389660146 bcsId: 0} | ret=SUCCESS |  
2019-09-04 11:46:10,655 | INFO  | DNAudit | user=null | ip=null | op=WRITE_CHUNK {blockData=conID: 2 locID: 102734074389660146 bcsId: 0} | ret=SUCCESS |  
2019-09-04 11:46:10,655 | INFO  | DNAudit | user=null | ip=null | op=WRITE_CHUNK {blockData=conID: 2 locID: 102734074389660146 bcsId: 0} | ret=SUCCESS |  
2019-09-04 11:46:10,656 | INFO  | DNAudit | user=null | ip=null | op=WRITE_CHUNK {blockData=conID: 2 locID: 102734074389660146 bcsId: 0} | ret=SUCCESS |  
2019-09-04 11:46:10,657 | INFO  | DNAudit | user=null | ip=null | op=WRITE_CHUNK {blockData=conID: 2 locID: 102734074389660146 bcsId: 0} | ret=SUCCESS |  
2019-09-04 11:46:10,658 | INFO  | DNAudit | user=null | ip=null | op=WRITE_CHUNK {blockData=conID: 2 locID: 102734074389660146 bcsId: 0} | ret=SUCCESS |  
2019-09-04 11:46:10,659 | INFO  | DNAudit | user=null | ip=null | op=WRITE_CHUNK {blockData=conID: 2 locID: 102734074389660146 bcsId: 0} | ret=SUCCESS |  
2019-09-04 11:46:10,659 | INFO  | DNAudit | user=null | ip=null | op=PUT_BLOCK {blockData=[blockId=conID: 2 locID: 102734074389660146 bcsId: 0,size=1048576]} | ret=SUCCESS |  
2019-09-04 11:46:10,659 [grpc-default-executor-1] INFO  client.GrpcClientProtocolClient (GrpcClientProtocolClient.java:onNext(255)) - client-D5CE890D7D9E->efcb8ff8-f060-4d95-9215-d0f5eb4af037: receive RaftClientReply:client-D5CE890D7D9E->efcb8ff8-f060-4d95-9215-d0f5eb4af037@group-0959F8DF43ED, cid=1547, SUCCESS, logIndex=2222, commits[efcb8ff8-f060-4d95-9215-d0f5eb4af037:c2223, 6fae8b02-e804-4c0e-b729-a97b7404b7f6:c2221, 4c3e8a66-6975-4917-8225-d3efe707aaff:c2219]
2019-09-04 11:46:10,660 | INFO  | DNAudit | user=null | ip=null | op=WRITE_CHUNK {blockData=conID: 2 locID: 102734074389660146 bcsId: 0} | ret=SUCCESS |  
2019-09-04 11:46:10,660 [grpc-default-executor-1] INFO  client.GrpcClientProtocolClient (GrpcClientProtocolClient.java:onNext(255)) - client-D5CE890D7D9E->efcb8ff8-f060-4d95-9215-d0f5eb4af037: receive RaftClientReply:client-D5CE890D7D9E->efcb8ff8-f060-4d95-9215-d0f5eb4af037@group-0959F8DF43ED, cid=1548, SUCCESS, logIndex=2223, commits[efcb8ff8-f060-4d95-9215-d0f5eb4af037:c2225, 6fae8b02-e804-4c0e-b729-a97b7404b7f6:c2221, 4c3e8a66-6975-4917-8225-d3efe707aaff:c2221]
2019-09-04 11:46:10,660 | INFO  | DNAudit | user=null | ip=null | op=PUT_BLOCK {blockData=[blockId=conID: 2 locID: 102734074389660146 bcsId: 0,size=2097152]} | ret=SUCCESS |  
2019-09-04 11:46:10,660 [grpc-default-executor-1] INFO  client.GrpcClientProtocolClient (GrpcClientProtocolClient.java:onNext(255)) - client-D5CE890D7D9E->efcb8ff8-f060-4d95-9215-d0f5eb4af037: receive RaftClientReply:client-D5CE890D7D9E->efcb8ff8-f060-4d95-9215-d0f5eb4af037@group-0959F8DF43ED, cid=1549, SUCCESS, logIndex=2224, commits[efcb8ff8-f060-4d95-9215-d0f5eb4af037:c2225, 6fae8b02-e804-4c0e-b729-a97b7404b7f6:c2221, 4c3e8a66-6975-4917-8225-d3efe707aaff:c2221]
2019-09-04 11:46:10,661 | INFO  | DNAudit | user=null | ip=null | op=WRITE_CHUNK {blockData=conID: 2 locID: 102734074389660146 bcsId: 0} | ret=SUCCESS |  
2019-09-04 11:46:10,661 | INFO  | DNAudit | user=null | ip=null | op=PUT_BLOCK {blockData=[blockId=conID: 2 locID: 102734074389660146 bcsId: 0,size=1048576]} | ret=SUCCESS |  
2019-09-04 11:46:10,661 [grpc-default-executor-1] INFO  client.GrpcClientProtocolClient (GrpcClientProtocolClient.java:onNext(255)) - client-D5CE890D7D9E->efcb8ff8-f060-4d95-9215-d0f5eb4af037: receive RaftClientReply:client-D5CE890D7D9E->efcb8ff8-f060-4d95-9215-d0f5eb4af037@group-0959F8DF43ED, cid=1550, SUCCESS, logIndex=2225, commits[efcb8ff8-f060-4d95-9215-d0f5eb4af037:c2225, 6fae8b02-e804-4c0e-b729-a97b7404b7f6:c2221, 4c3e8a66-6975-4917-8225-d3efe707aaff:c2221]
2019-09-04 11:46:10,661 | INFO  | DNAudit | user=null | ip=null | op=WRITE_CHUNK {blockData=conID: 2 locID: 102734074389660146 bcsId: 0} | ret=SUCCESS |  
2019-09-04 11:46:10,662 | INFO  | DNAudit | user=null | ip=null | op=PUT_BLOCK {blockData=[blockId=conID: 2 locID: 102734074389660146 bcsId: 0,size=1048576]} | ret=SUCCESS |  
2019-09-04 11:46:10,662 | INFO  | DNAudit | user=null | ip=null | op=WRITE_CHUNK {blockData=conID: 2 locID: 102734074389660146 bcsId: 0} | ret=SUCCESS |  
2019-09-04 11:46:10,662 | INFO  | DNAudit | user=null | ip=null | op=PUT_BLOCK {blockData=[blockId=conID: 2 locID: 102734074389660146 bcsId: 0,size=2097152]} | ret=SUCCESS |  
2019-09-04 11:46:10,662 | INFO  | DNAudit | user=null | ip=null | op=WRITE_CHUNK {blockData=conID: 2 locID: 102734074389660146 bcsId: 0} | ret=SUCCESS |  
2019-09-04 11:46:10,662 | INFO  | DNAudit | user=null | ip=null | op=PUT_BLOCK {blockData=[blockId=conID: 2 locID: 102734074389660146 bcsId: 0,size=2097152]} | ret=SUCCESS |  
2019-09-04 11:46:10,666 [grpc-default-executor-6] INFO  client.GrpcClientProtocolClient (GrpcClientProtocolClient.java:onNext(255)) - client-D5CE890D7D9E->efcb8ff8-f060-4d95-9215-d0f5eb4af037: receive RaftClientReply:client-D5CE890D7D9E->efcb8ff8-f060-4d95-9215-d0f5eb4af037@group-0959F8DF43ED, cid=1551, SUCCESS, logIndex=0, commits[efcb8ff8-f060-4d95-9215-d0f5eb4af037:c2227, 6fae8b02-e804-4c0e-b729-a97b7404b7f6:c2224, 4c3e8a66-6975-4917-8225-d3efe707aaff:c2223]
2019-09-04 11:46:10,674 | INFO  | DNAudit | user=null | ip=null | op=WRITE_CHUNK {blockData=conID: 2 locID: 102734074389660146 bcsId: 2225} | ret=SUCCESS |  
2019-09-04 11:46:10,676 | INFO  | DNAudit | user=null | ip=null | op=WRITE_CHUNK {blockData=conID: 2 locID: 102734074389660146 bcsId: 2225} | ret=SUCCESS |  
2019-09-04 11:46:10,676 | INFO  | DNAudit | user=null | ip=null | op=WRITE_CHUNK {blockData=conID: 2 locID: 102734074389660146 bcsId: 2225} | ret=SUCCESS |  
2019-09-04 11:46:10,681 | INFO  | DNAudit | user=null | ip=null | op=WRITE_CHUNK {blockData=conID: 2 locID: 102734074389660146 bcsId: 2225} | ret=SUCCESS |  
2019-09-04 11:46:10,681 | INFO  | DNAudit | user=null | ip=null | op=PUT_BLOCK {blockData=[blockId=conID: 2 locID: 102734074389660146 bcsId: 0,size=3145728]} | ret=SUCCESS |  
2019-09-04 11:46:10,681 [grpc-default-executor-0] INFO  client.GrpcClientProtocolClient (GrpcClientProtocolClient.java:onNext(255)) - client-D5CE890D7D9E->efcb8ff8-f060-4d95-9215-d0f5eb4af037: receive RaftClientReply:client-D5CE890D7D9E->efcb8ff8-f060-4d95-9215-d0f5eb4af037@group-0959F8DF43ED, cid=1552, SUCCESS, logIndex=2230, commits[efcb8ff8-f060-4d95-9215-d0f5eb4af037:c2231, 6fae8b02-e804-4c0e-b729-a97b7404b7f6:c2229, 4c3e8a66-6975-4917-8225-d3efe707aaff:c2229]
2019-09-04 11:46:10,681 [grpc-default-executor-0] INFO  client.GrpcClientProtocolClient (GrpcClientProtocolClient.java:onNext(255)) - client-D5CE890D7D9E->efcb8ff8-f060-4d95-9215-d0f5eb4af037: receive RaftClientReply:client-D5CE890D7D9E->efcb8ff8-f060-4d95-9215-d0f5eb4af037@group-0959F8DF43ED, cid=1553, SUCCESS, logIndex=2231, commits[efcb8ff8-f060-4d95-9215-d0f5eb4af037:c2231, 6fae8b02-e804-4c0e-b729-a97b7404b7f6:c2229, 4c3e8a66-6975-4917-8225-d3efe707aaff:c2229]
2019-09-04 11:46:10,687 | INFO  | DNAudit | user=null | ip=null | op=WRITE_CHUNK {blockData=conID: 2 locID: 102734074389660146 bcsId: 2225} | ret=SUCCESS |  
2019-09-04 11:46:10,687 | INFO  | DNAudit | user=null | ip=null | op=WRITE_CHUNK {blockData=conID: 2 locID: 102734074389660146 bcsId: 2225} | ret=SUCCESS |  
2019-09-04 11:46:10,687 | INFO  | DNAudit | user=null | ip=null | op=PUT_BLOCK {blockData=[blockId=conID: 2 locID: 102734074389660146 bcsId: 0,size=3145728]} | ret=SUCCESS |  
2019-09-04 11:46:10,688 | INFO  | DNAudit | user=null | ip=null | op=PUT_BLOCK {blockData=[blockId=conID: 2 locID: 102734074389660146 bcsId: 0,size=3145728]} | ret=SUCCESS |  
2019-09-04 11:46:10,688 | INFO  | DNAudit | user=null | ip=null | op=WRITE_CHUNK {blockData=conID: 2 locID: 102734074389660146 bcsId: 2231} | ret=SUCCESS |  
2019-09-04 11:46:10,692 | INFO  | DNAudit | user=null | ip=null | op=WRITE_CHUNK {blockData=conID: 2 locID: 102734074389660146 bcsId: 2231} | ret=SUCCESS |  
2019-09-04 11:46:10,692 | INFO  | DNAudit | user=null | ip=null | op=WRITE_CHUNK {blockData=conID: 2 locID: 102734074389660146 bcsId: 2231} | ret=SUCCESS |  
2019-09-04 11:46:10,701 | INFO  | DNAudit | user=null | ip=null | op=WRITE_CHUNK {blockData=conID: 2 locID: 102734074389660146 bcsId: 2231} | ret=SUCCESS |  
2019-09-04 11:46:10,701 | INFO  | DNAudit | user=null | ip=null | op=PUT_BLOCK {blockData=[blockId=conID: 2 locID: 102734074389660146 bcsId: 0,size=4194304]} | ret=SUCCESS |  
2019-09-04 11:46:10,701 [grpc-default-executor-6] INFO  client.GrpcClientProtocolClient (GrpcClientProtocolClient.java:onNext(255)) - client-D5CE890D7D9E->efcb8ff8-f060-4d95-9215-d0f5eb4af037: receive RaftClientReply:client-D5CE890D7D9E->efcb8ff8-f060-4d95-9215-d0f5eb4af037@group-0959F8DF43ED, cid=1554, SUCCESS, logIndex=2234, commits[efcb8ff8-f060-4d95-9215-d0f5eb4af037:c2235, 6fae8b02-e804-4c0e-b729-a97b7404b7f6:c2232, 4c3e8a66-6975-4917-8225-d3efe707aaff:c2232]
2019-09-04 11:46:10,702 [grpc-default-executor-6] INFO  client.GrpcClientProtocolClient (GrpcClientProtocolClient.java:onNext(255)) - client-D5CE890D7D9E->efcb8ff8-f060-4d95-9215-d0f5eb4af037: receive RaftClientReply:client-D5CE890D7D9E->efcb8ff8-f060-4d95-9215-d0f5eb4af037@group-0959F8DF43ED, cid=1555, SUCCESS, logIndex=2235, commits[efcb8ff8-f060-4d95-9215-d0f5eb4af037:c2235, 6fae8b02-e804-4c0e-b729-a97b7404b7f6:c2232, 4c3e8a66-6975-4917-8225-d3efe707aaff:c2232]
2019-09-04 11:46:10,709 | INFO  | DNAudit | user=null | ip=null | op=WRITE_CHUNK {blockData=conID: 2 locID: 102734074389660146 bcsId: 2231} | ret=SUCCESS |  
2019-09-04 11:46:10,709 | INFO  | DNAudit | user=null | ip=null | op=PUT_BLOCK {blockData=[blockId=conID: 2 locID: 102734074389660146 bcsId: 0,size=4194304]} | ret=SUCCESS |  
2019-09-04 11:46:10,709 | INFO  | DNAudit | user=null | ip=null | op=WRITE_CHUNK {blockData=conID: 2 locID: 102734074389660146 bcsId: 2231} | ret=SUCCESS |  
2019-09-04 11:46:10,710 | INFO  | DNAudit | user=null | ip=null | op=PUT_BLOCK {blockData=[blockId=conID: 2 locID: 102734074389660146 bcsId: 0,size=4194304]} | ret=SUCCESS |  
2019-09-04 11:46:10,710 [grpc-default-executor-4] INFO  client.GrpcClientProtocolClient (GrpcClientProtocolClient.java:onNext(255)) - client-D5CE890D7D9E->efcb8ff8-f060-4d95-9215-d0f5eb4af037: receive RaftClientReply:client-D5CE890D7D9E->efcb8ff8-f060-4d95-9215-d0f5eb4af037@group-0959F8DF43ED, cid=1556, SUCCESS, logIndex=0, commits[efcb8ff8-f060-4d95-9215-d0f5eb4af037:c2235, 6fae8b02-e804-4c0e-b729-a97b7404b7f6:c2235, 4c3e8a66-6975-4917-8225-d3efe707aaff:c2235]
2019-09-04 11:46:10,715 | INFO  | SCMAudit | user=jenkins1000 | ip=192.168.36.67 | op=ALLOCATE_BLOCK {owner=8ab292a2-aaa7-4ad8-863a-d33994811155, size=4194304, type=RATIS, factor=THREE} | ret=SUCCESS |  
2019-09-04 11:46:10,718 | INFO  | OMAudit | user=jenkins1000 | ip=127.0.0.1 | op=ALLOCATE_BLOCK {volume=vol-0-58699, bucket=bucket-0-57464, key=key-0-37266, dataSize=0, replicationType=null, replicationFactor=null, keyLocationInfo=null, clientID=102734073355960722} | ret=SUCCESS |  
2019-09-04 11:46:10,726 | INFO  | DNAudit | user=null | ip=null | op=WRITE_CHUNK {blockData=conID: 3 locID: 102734074394378739 bcsId: 0} | ret=SUCCESS |  
2019-09-04 11:46:10,728 | INFO  | DNAudit | user=null | ip=null | op=WRITE_CHUNK {blockData=conID: 3 locID: 102734074394378739 bcsId: 0} | ret=SUCCESS |  
2019-09-04 11:46:10,729 | INFO  | DNAudit | user=null | ip=null | op=WRITE_CHUNK {blockData=conID: 3 locID: 102734074394378739 bcsId: 0} | ret=SUCCESS |  
2019-09-04 11:46:10,729 | INFO  | DNAudit | user=null | ip=null | op=WRITE_CHUNK {blockData=conID: 3 locID: 102734074394378739 bcsId: 0} | ret=SUCCESS |  
2019-09-04 11:46:10,730 | INFO  | DNAudit | user=null | ip=null | op=WRITE_CHUNK {blockData=conID: 3 locID: 102734074394378739 bcsId: 0} | ret=SUCCESS |  
2019-09-04 11:46:10,730 | INFO  | DNAudit | user=null | ip=null | op=WRITE_CHUNK {blockData=conID: 3 locID: 102734074394378739 bcsId: 0} | ret=SUCCESS |  
2019-09-04 11:46:10,735 | INFO  | SCMAudit | user=jenkins1000 | ip=192.168.36.67 | op=SEND_HEARTBEAT {datanodeUUID=6fae8b02-e804-4c0e-b729-a97b7404b7f6, command=[]} | ret=SUCCESS |  
2019-09-04 11:46:10,735 | INFO  | SCMAudit | user=jenkins1000 | ip=192.168.36.67 | op=SEND_HEARTBEAT {datanodeUUID=4c3e8a66-6975-4917-8225-d3efe707aaff, command=[]} | ret=SUCCESS |  
2019-09-04 11:46:10,736 | INFO  | SCMAudit | user=jenkins1000 | ip=192.168.36.67 | op=SEND_HEARTBEAT {datanodeUUID=0b776101-1d39-4f23-96c0-6a8ead31197c, command=[]} | ret=SUCCESS |  
2019-09-04 11:46:10,736 | INFO  | SCMAudit | user=jenkins1000 | ip=192.168.36.67 | op=SEND_HEARTBEAT {datanodeUUID=efcb8ff8-f060-4d95-9215-d0f5eb4af037, command=[]} | ret=SUCCESS |  
2019-09-04 11:46:10,737 | INFO  | DNAudit | user=null | ip=null | op=WRITE_CHUNK {blockData=conID: 3 locID: 102734074394378739 bcsId: 0} | ret=SUCCESS |  
2019-09-04 11:46:10,738 [grpc-default-executor-6] INFO  client.GrpcClientProtocolClient (GrpcClientProtocolClient.java:onNext(255)) - client-D5CE890D7D9E->efcb8ff8-f060-4d95-9215-d0f5eb4af037: receive RaftClientReply:client-D5CE890D7D9E->efcb8ff8-f060-4d95-9215-d0f5eb4af037@group-0959F8DF43ED, cid=1557, SUCCESS, logIndex=2238, commits[efcb8ff8-f060-4d95-9215-d0f5eb4af037:c2238, 6fae8b02-e804-4c0e-b729-a97b7404b7f6:c2237, 4c3e8a66-6975-4917-8225-d3efe707aaff:c2237]
2019-09-04 11:46:10,738 | INFO  | DNAudit | user=null | ip=null | op=PUT_BLOCK {blockData=[blockId=conID: 3 locID: 102734074394378739 bcsId: 0,size=1048576]} | ret=SUCCESS |  
2019-09-04 11:46:10,739 | INFO  | DNAudit | user=null | ip=null | op=WRITE_CHUNK {blockData=conID: 3 locID: 102734074394378739 bcsId: 0} | ret=SUCCESS |  
2019-09-04 11:46:10,739 [grpc-default-executor-1] INFO  client.GrpcClientProtocolClient (GrpcClientProtocolClient.java:onNext(255)) - client-D5CE890D7D9E->efcb8ff8-f060-4d95-9215-d0f5eb4af037: receive RaftClientReply:client-D5CE890D7D9E->efcb8ff8-f060-4d95-9215-d0f5eb4af037@group-0959F8DF43ED, cid=1558, SUCCESS, logIndex=2239, commits[efcb8ff8-f060-4d95-9215-d0f5eb4af037:c2240, 6fae8b02-e804-4c0e-b729-a97b7404b7f6:c2237, 4c3e8a66-6975-4917-8225-d3efe707aaff:c2237]
2019-09-04 11:46:10,739 | INFO  | DNAudit | user=null | ip=null | op=PUT_BLOCK {blockData=[blockId=conID: 3 locID: 102734074394378739 bcsId: 0,size=2097152]} | ret=SUCCESS |  
2019-09-04 11:46:10,739 [grpc-default-executor-1] INFO  client.GrpcClientProtocolClient (GrpcClientProtocolClient.java:onNext(255)) - client-D5CE890D7D9E->efcb8ff8-f060-4d95-9215-d0f5eb4af037: receive RaftClientReply:client-D5CE890D7D9E->efcb8ff8-f060-4d95-9215-d0f5eb4af037@group-0959F8DF43ED, cid=1559, SUCCESS, logIndex=2240, commits[efcb8ff8-f060-4d95-9215-d0f5eb4af037:c2241, 6fae8b02-e804-4c0e-b729-a97b7404b7f6:c2237, 4c3e8a66-6975-4917-8225-d3efe707aaff:c2237]
2019-09-04 11:46:10,739 [grpc-default-executor-1] INFO  client.GrpcClientProtocolClient (GrpcClientProtocolClient.java:onNext(255)) - client-D5CE890D7D9E->efcb8ff8-f060-4d95-9215-d0f5eb4af037: receive RaftClientReply:client-D5CE890D7D9E->efcb8ff8-f060-4d95-9215-d0f5eb4af037@group-0959F8DF43ED, cid=1560, SUCCESS, logIndex=2241, commits[efcb8ff8-f060-4d95-9215-d0f5eb4af037:c2241, 6fae8b02-e804-4c0e-b729-a97b7404b7f6:c2237, 4c3e8a66-6975-4917-8225-d3efe707aaff:c2237]
2019-09-04 11:46:10,751 | INFO  | DNAudit | user=null | ip=null | op=WRITE_CHUNK {blockData=conID: 3 locID: 102734074394378739 bcsId: 0} | ret=SUCCESS |  
2019-09-04 11:46:10,751 | INFO  | DNAudit | user=null | ip=null | op=WRITE_CHUNK {blockData=conID: 3 locID: 102734074394378739 bcsId: 0} | ret=SUCCESS |  
2019-09-04 11:46:10,751 | INFO  | DNAudit | user=null | ip=null | op=PUT_BLOCK {blockData=[blockId=conID: 3 locID: 102734074394378739 bcsId: 0,size=1048576]} | ret=SUCCESS |  
2019-09-04 11:46:10,751 | INFO  | DNAudit | user=null | ip=null | op=PUT_BLOCK {blockData=[blockId=conID: 3 locID: 102734074394378739 bcsId: 0,size=1048576]} | ret=SUCCESS |  
2019-09-04 11:46:10,752 | INFO  | DNAudit | user=null | ip=null | op=WRITE_CHUNK {blockData=conID: 3 locID: 102734074394378739 bcsId: 0} | ret=SUCCESS |  
2019-09-04 11:46:10,752 [grpc-default-executor-1] INFO  client.GrpcClientProtocolClient (GrpcClientProtocolClient.java:onNext(255)) - client-D5CE890D7D9E->efcb8ff8-f060-4d95-9215-d0f5eb4af037: receive RaftClientReply:client-D5CE890D7D9E->efcb8ff8-f060-4d95-9215-d0f5eb4af037@group-0959F8DF43ED, cid=1561, SUCCESS, logIndex=0, commits[efcb8ff8-f060-4d95-9215-d0f5eb4af037:c2243, 6fae8b02-e804-4c0e-b729-a97b7404b7f6:c2239, 4c3e8a66-6975-4917-8225-d3efe707aaff:c2239]
2019-09-04 11:46:10,752 | INFO  | DNAudit | user=null | ip=null | op=PUT_BLOCK {blockData=[blockId=conID: 3 locID: 102734074394378739 bcsId: 0,size=2097152]} | ret=SUCCESS |  
2019-09-04 11:46:10,752 | INFO  | DNAudit | user=null | ip=null | op=WRITE_CHUNK {blockData=conID: 3 locID: 102734074394378739 bcsId: 0} | ret=SUCCESS |  
2019-09-04 11:46:10,752 | INFO  | DNAudit | user=null | ip=null | op=PUT_BLOCK {blockData=[blockId=conID: 3 locID: 102734074394378739 bcsId: 0,size=2097152]} | ret=SUCCESS |  
2019-09-04 11:46:10,758 | INFO  | DNAudit | user=null | ip=null | op=WRITE_CHUNK {blockData=conID: 3 locID: 102734074394378739 bcsId: 2241} | ret=SUCCESS |  
2019-09-04 11:46:10,761 | INFO  | DNAudit | user=null | ip=null | op=WRITE_CHUNK {blockData=conID: 3 locID: 102734074394378739 bcsId: 2241} | ret=SUCCESS |  
2019-09-04 11:46:10,761 | INFO  | DNAudit | user=null | ip=null | op=WRITE_CHUNK {blockData=conID: 3 locID: 102734074394378739 bcsId: 2241} | ret=SUCCESS |  
2019-09-04 11:46:10,766 | INFO  | DNAudit | user=null | ip=null | op=WRITE_CHUNK {blockData=conID: 3 locID: 102734074394378739 bcsId: 2241} | ret=SUCCESS |  
2019-09-04 11:46:10,767 | INFO  | DNAudit | user=null | ip=null | op=PUT_BLOCK {blockData=[blockId=conID: 3 locID: 102734074394378739 bcsId: 0,size=3145728]} | ret=SUCCESS |  
2019-09-04 11:46:10,767 [grpc-default-executor-1] INFO  client.GrpcClientProtocolClient (GrpcClientProtocolClient.java:onNext(255)) - client-D5CE890D7D9E->efcb8ff8-f060-4d95-9215-d0f5eb4af037: receive RaftClientReply:client-D5CE890D7D9E->efcb8ff8-f060-4d95-9215-d0f5eb4af037@group-0959F8DF43ED, cid=1562, SUCCESS, logIndex=2246, commits[efcb8ff8-f060-4d95-9215-d0f5eb4af037:c2247, 6fae8b02-e804-4c0e-b729-a97b7404b7f6:c2245, 4c3e8a66-6975-4917-8225-d3efe707aaff:c2245]
2019-09-04 11:46:10,767 [grpc-default-executor-1] INFO  client.GrpcClientProtocolClient (GrpcClientProtocolClient.java:onNext(255)) - client-D5CE890D7D9E->efcb8ff8-f060-4d95-9215-d0f5eb4af037: receive RaftClientReply:client-D5CE890D7D9E->efcb8ff8-f060-4d95-9215-d0f5eb4af037@group-0959F8DF43ED, cid=1563, SUCCESS, logIndex=2247, commits[efcb8ff8-f060-4d95-9215-d0f5eb4af037:c2247, 6fae8b02-e804-4c0e-b729-a97b7404b7f6:c2245, 4c3e8a66-6975-4917-8225-d3efe707aaff:c2245]
2019-09-04 11:46:10,774 | INFO  | DNAudit | user=null | ip=null | op=WRITE_CHUNK {blockData=conID: 3 locID: 102734074394378739 bcsId: 2247} | ret=SUCCESS |  
2019-09-04 11:46:10,774 | INFO  | DNAudit | user=null | ip=null | op=WRITE_CHUNK {blockData=conID: 3 locID: 102734074394378739 bcsId: 2241} | ret=SUCCESS |  
2019-09-04 11:46:10,774 | INFO  | DNAudit | user=null | ip=null | op=WRITE_CHUNK {blockData=conID: 3 locID: 102734074394378739 bcsId: 2241} | ret=SUCCESS |  
2019-09-04 11:46:10,775 | INFO  | DNAudit | user=null | ip=null | op=PUT_BLOCK {blockData=[blockId=conID: 3 locID: 102734074394378739 bcsId: 0,size=3145728]} | ret=SUCCESS |  
2019-09-04 11:46:10,775 | INFO  | DNAudit | user=null | ip=null | op=WRITE_CHUNK {blockData=conID: 3 locID: 102734074394378739 bcsId: 2247} | ret=SUCCESS |  
2019-09-04 11:46:10,776 | INFO  | DNAudit | user=null | ip=null | op=WRITE_CHUNK {blockData=conID: 3 locID: 102734074394378739 bcsId: 2247} | ret=SUCCESS |  
2019-09-04 11:46:10,784 | INFO  | DNAudit | user=null | ip=null | op=PUT_BLOCK {blockData=[blockId=conID: 3 locID: 102734074394378739 bcsId: 0,size=3145728]} | ret=SUCCESS |  
2019-09-04 11:46:10,785 | INFO  | DNAudit | user=null | ip=null | op=WRITE_CHUNK {blockData=conID: 3 locID: 102734074394378739 bcsId: 2247} | ret=SUCCESS |  
2019-09-04 11:46:10,785 | INFO  | DNAudit | user=null | ip=null | op=PUT_BLOCK {blockData=[blockId=conID: 3 locID: 102734074394378739 bcsId: 0,size=4194304]} | ret=SUCCESS |  
2019-09-04 11:46:10,785 [grpc-default-executor-4] INFO  client.GrpcClientProtocolClient (GrpcClientProtocolClient.java:onNext(255)) - client-D5CE890D7D9E->efcb8ff8-f060-4d95-9215-d0f5eb4af037: receive RaftClientReply:client-D5CE890D7D9E->efcb8ff8-f060-4d95-9215-d0f5eb4af037@group-0959F8DF43ED, cid=1564, SUCCESS, logIndex=2250, commits[efcb8ff8-f060-4d95-9215-d0f5eb4af037:c2251, 6fae8b02-e804-4c0e-b729-a97b7404b7f6:c2247, 4c3e8a66-6975-4917-8225-d3efe707aaff:c2247]
2019-09-04 11:46:10,786 [grpc-default-executor-4] INFO  client.GrpcClientProtocolClient (GrpcClientProtocolClient.java:onNext(255)) - client-D5CE890D7D9E->efcb8ff8-f060-4d95-9215-d0f5eb4af037: receive RaftClientReply:client-D5CE890D7D9E->efcb8ff8-f060-4d95-9215-d0f5eb4af037@group-0959F8DF43ED, cid=1565, SUCCESS, logIndex=2251, commits[efcb8ff8-f060-4d95-9215-d0f5eb4af037:c2251, 6fae8b02-e804-4c0e-b729-a97b7404b7f6:c2247, 4c3e8a66-6975-4917-8225-d3efe707aaff:c2247]
2019-09-04 11:46:10,797 | INFO  | DNAudit | user=null | ip=null | op=WRITE_CHUNK {blockData=conID: 3 locID: 102734074394378739 bcsId: 2247} | ret=SUCCESS |  
2019-09-04 11:46:10,797 | INFO  | DNAudit | user=null | ip=null | op=PUT_BLOCK {blockData=[blockId=conID: 3 locID: 102734074394378739 bcsId: 0,size=4194304]} | ret=SUCCESS |  
2019-09-04 11:46:10,805 | INFO  | DNAudit | user=null | ip=null | op=WRITE_CHUNK {blockData=conID: 3 locID: 102734074394378739 bcsId: 2247} | ret=SUCCESS |  
2019-09-04 11:46:10,805 | INFO  | DNAudit | user=null | ip=null | op=PUT_BLOCK {blockData=[blockId=conID: 3 locID: 102734074394378739 bcsId: 0,size=4194304]} | ret=SUCCESS |  
2019-09-04 11:46:10,805 [grpc-default-executor-4] INFO  client.GrpcClientProtocolClient (GrpcClientProtocolClient.java:onNext(255)) - client-D5CE890D7D9E->efcb8ff8-f060-4d95-9215-d0f5eb4af037: receive RaftClientReply:client-D5CE890D7D9E->efcb8ff8-f060-4d95-9215-d0f5eb4af037@group-0959F8DF43ED, cid=1566, SUCCESS, logIndex=0, commits[efcb8ff8-f060-4d95-9215-d0f5eb4af037:c2252, 6fae8b02-e804-4c0e-b729-a97b7404b7f6:c2251, 4c3e8a66-6975-4917-8225-d3efe707aaff:c2251]
2019-09-04 11:46:10,809 | INFO  | SCMAudit | user=jenkins1000 | ip=192.168.36.67 | op=ALLOCATE_BLOCK {owner=8ab292a2-aaa7-4ad8-863a-d33994811155, size=4194304, type=RATIS, factor=THREE} | ret=SUCCESS |  
2019-09-04 11:46:10,811 | INFO  | OMAudit | user=jenkins1000 | ip=127.0.0.1 | op=ALLOCATE_BLOCK {volume=vol-0-58699, bucket=bucket-0-57464, key=key-0-37266, dataSize=0, replicationType=null, replicationFactor=null, keyLocationInfo=null, clientID=102734073355960722} | ret=SUCCESS |  
2019-09-04 11:46:10,819 | INFO  | DNAudit | user=null | ip=null | op=WRITE_CHUNK {blockData=conID: 1 locID: 102734074400539124 bcsId: 0} | ret=SUCCESS |  
2019-09-04 11:46:10,821 | INFO  | DNAudit | user=null | ip=null | op=WRITE_CHUNK {blockData=conID: 1 locID: 102734074400539124 bcsId: 0} | ret=SUCCESS |  
2019-09-04 11:46:10,822 | INFO  | DNAudit | user=null | ip=null | op=WRITE_CHUNK {blockData=conID: 1 locID: 102734074400539124 bcsId: 0} | ret=SUCCESS |  
2019-09-04 11:46:10,822 | INFO  | DNAudit | user=null | ip=null | op=WRITE_CHUNK {blockData=conID: 1 locID: 102734074400539124 bcsId: 0} | ret=SUCCESS |  
2019-09-04 11:46:10,823 | INFO  | DNAudit | user=null | ip=null | op=WRITE_CHUNK {blockData=conID: 1 locID: 102734074400539124 bcsId: 0} | ret=SUCCESS |  
2019-09-04 11:46:10,823 | INFO  | DNAudit | user=null | ip=null | op=WRITE_CHUNK {blockData=conID: 1 locID: 102734074400539124 bcsId: 0} | ret=SUCCESS |  
2019-09-04 11:46:10,843 | INFO  | DNAudit | user=null | ip=null | op=WRITE_CHUNK {blockData=conID: 1 locID: 102734074400539124 bcsId: 0} | ret=SUCCESS |  
2019-09-04 11:46:10,844 | INFO  | DNAudit | user=null | ip=null | op=PUT_BLOCK {blockData=[blockId=conID: 1 locID: 102734074400539124 bcsId: 0,size=1048576]} | ret=SUCCESS |  
2019-09-04 11:46:10,844 [grpc-default-executor-1] INFO  client.GrpcClientProtocolClient (GrpcClientProtocolClient.java:onNext(255)) - client-D5CE890D7D9E->efcb8ff8-f060-4d95-9215-d0f5eb4af037: receive RaftClientReply:client-D5CE890D7D9E->efcb8ff8-f060-4d95-9215-d0f5eb4af037@group-0959F8DF43ED, cid=1567, SUCCESS, logIndex=2253, commits[efcb8ff8-f060-4d95-9215-d0f5eb4af037:c2256, 6fae8b02-e804-4c0e-b729-a97b7404b7f6:c2252, 4c3e8a66-6975-4917-8225-d3efe707aaff:c2252]
2019-09-04 11:46:10,844 | INFO  | DNAudit | user=null | ip=null | op=WRITE_CHUNK {blockData=conID: 1 locID: 102734074400539124 bcsId: 0} | ret=SUCCESS |  
2019-09-04 11:46:10,844 [grpc-default-executor-1] INFO  client.GrpcClientProtocolClient (GrpcClientProtocolClient.java:onNext(255)) - client-D5CE890D7D9E->efcb8ff8-f060-4d95-9215-d0f5eb4af037: receive RaftClientReply:client-D5CE890D7D9E->efcb8ff8-f060-4d95-9215-d0f5eb4af037@group-0959F8DF43ED, cid=1568, SUCCESS, logIndex=2254, commits[efcb8ff8-f060-4d95-9215-d0f5eb4af037:c2256, 6fae8b02-e804-4c0e-b729-a97b7404b7f6:c2252, 4c3e8a66-6975-4917-8225-d3efe707aaff:c2252]
2019-09-04 11:46:10,845 | INFO  | DNAudit | user=null | ip=null | op=PUT_BLOCK {blockData=[blockId=conID: 1 locID: 102734074400539124 bcsId: 0,size=2097152]} | ret=SUCCESS |  
2019-09-04 11:46:10,845 [grpc-default-executor-1] INFO  client.GrpcClientProtocolClient (GrpcClientProtocolClient.java:onNext(255)) - client-D5CE890D7D9E->efcb8ff8-f060-4d95-9215-d0f5eb4af037: receive RaftClientReply:client-D5CE890D7D9E->efcb8ff8-f060-4d95-9215-d0f5eb4af037@group-0959F8DF43ED, cid=1569, SUCCESS, logIndex=2255, commits[efcb8ff8-f060-4d95-9215-d0f5eb4af037:c2256, 6fae8b02-e804-4c0e-b729-a97b7404b7f6:c2252, 4c3e8a66-6975-4917-8225-d3efe707aaff:c2252]
2019-09-04 11:46:10,845 [grpc-default-executor-1] INFO  client.GrpcClientProtocolClient (GrpcClientProtocolClient.java:onNext(255)) - client-D5CE890D7D9E->efcb8ff8-f060-4d95-9215-d0f5eb4af037: receive RaftClientReply:client-D5CE890D7D9E->efcb8ff8-f060-4d95-9215-d0f5eb4af037@group-0959F8DF43ED, cid=1570, SUCCESS, logIndex=2256, commits[efcb8ff8-f060-4d95-9215-d0f5eb4af037:c2256, 6fae8b02-e804-4c0e-b729-a97b7404b7f6:c2252, 4c3e8a66-6975-4917-8225-d3efe707aaff:c2252]
2019-09-04 11:46:10,849 | INFO  | DNAudit | user=null | ip=null | op=WRITE_CHUNK {blockData=conID: 1 locID: 102734074400539124 bcsId: 0} | ret=SUCCESS |  
2019-09-04 11:46:10,849 | INFO  | DNAudit | user=null | ip=null | op=PUT_BLOCK {blockData=[blockId=conID: 1 locID: 102734074400539124 bcsId: 0,size=1048576]} | ret=SUCCESS |  
2019-09-04 11:46:10,849 | INFO  | DNAudit | user=null | ip=null | op=WRITE_CHUNK {blockData=conID: 1 locID: 102734074400539124 bcsId: 0} | ret=SUCCESS |  
2019-09-04 11:46:10,849 | INFO  | DNAudit | user=null | ip=null | op=PUT_BLOCK {blockData=[blockId=conID: 1 locID: 102734074400539124 bcsId: 0,size=1048576]} | ret=SUCCESS |  
2019-09-04 11:46:10,850 [grpc-default-executor-6] INFO  client.GrpcClientProtocolClient (GrpcClientProtocolClient.java:onNext(255)) - client-D5CE890D7D9E->efcb8ff8-f060-4d95-9215-d0f5eb4af037: receive RaftClientReply:client-D5CE890D7D9E->efcb8ff8-f060-4d95-9215-d0f5eb4af037@group-0959F8DF43ED, cid=1571, SUCCESS, logIndex=0, commits[efcb8ff8-f060-4d95-9215-d0f5eb4af037:c2256, 6fae8b02-e804-4c0e-b729-a97b7404b7f6:c2254, 4c3e8a66-6975-4917-8225-d3efe707aaff:c2254]
2019-09-04 11:46:10,851 | INFO  | DNAudit | user=null | ip=null | op=WRITE_CHUNK {blockData=conID: 1 locID: 102734074400539124 bcsId: 0} | ret=SUCCESS |  
2019-09-04 11:46:10,851 | INFO  | DNAudit | user=null | ip=null | op=WRITE_CHUNK {blockData=conID: 1 locID: 102734074400539124 bcsId: 0} | ret=SUCCESS |  
2019-09-04 11:46:10,851 | INFO  | DNAudit | user=null | ip=null | op=PUT_BLOCK {blockData=[blockId=conID: 1 locID: 102734074400539124 bcsId: 0,size=2097152]} | ret=SUCCESS |  
2019-09-04 11:46:10,851 | INFO  | DNAudit | user=null | ip=null | op=PUT_BLOCK {blockData=[blockId=conID: 1 locID: 102734074400539124 bcsId: 0,size=2097152]} | ret=SUCCESS |  
2019-09-04 11:46:10,855 | INFO  | DNAudit | user=null | ip=null | op=WRITE_CHUNK {blockData=conID: 1 locID: 102734074400539124 bcsId: 2256} | ret=SUCCESS |  
2019-09-04 11:46:10,858 | INFO  | DNAudit | user=null | ip=null | op=WRITE_CHUNK {blockData=conID: 1 locID: 102734074400539124 bcsId: 2256} | ret=SUCCESS |  
2019-09-04 11:46:10,858 | INFO  | DNAudit | user=null | ip=null | op=WRITE_CHUNK {blockData=conID: 1 locID: 102734074400539124 bcsId: 2256} | ret=SUCCESS |  
2019-09-04 11:46:10,872 | INFO  | DNAudit | user=null | ip=null | op=WRITE_CHUNK {blockData=conID: 1 locID: 102734074400539124 bcsId: 2256} | ret=SUCCESS |  
2019-09-04 11:46:10,873 | INFO  | DNAudit | user=null | ip=null | op=PUT_BLOCK {blockData=[blockId=conID: 1 locID: 102734074400539124 bcsId: 0,size=3145728]} | ret=SUCCESS |  
2019-09-04 11:46:10,873 [grpc-default-executor-6] INFO  client.GrpcClientProtocolClient (GrpcClientProtocolClient.java:onNext(255)) - client-D5CE890D7D9E->efcb8ff8-f060-4d95-9215-d0f5eb4af037: receive RaftClientReply:client-D5CE890D7D9E->efcb8ff8-f060-4d95-9215-d0f5eb4af037@group-0959F8DF43ED, cid=1572, SUCCESS, logIndex=2260, commits[efcb8ff8-f060-4d95-9215-d0f5eb4af037:c2261, 6fae8b02-e804-4c0e-b729-a97b7404b7f6:c2259, 4c3e8a66-6975-4917-8225-d3efe707aaff:c2259]
2019-09-04 11:46:10,873 [grpc-default-executor-6] INFO  client.GrpcClientProtocolClient (GrpcClientProtocolClient.java:onNext(255)) - client-D5CE890D7D9E->efcb8ff8-f060-4d95-9215-d0f5eb4af037: receive RaftClientReply:client-D5CE890D7D9E->efcb8ff8-f060-4d95-9215-d0f5eb4af037@group-0959F8DF43ED, cid=1573, SUCCESS, logIndex=2261, commits[efcb8ff8-f060-4d95-9215-d0f5eb4af037:c2261, 6fae8b02-e804-4c0e-b729-a97b7404b7f6:c2259, 4c3e8a66-6975-4917-8225-d3efe707aaff:c2259]
2019-09-04 11:46:10,879 | INFO  | DNAudit | user=null | ip=null | op=WRITE_CHUNK {blockData=conID: 1 locID: 102734074400539124 bcsId: 2261} | ret=SUCCESS |  
2019-09-04 11:46:10,881 | INFO  | DNAudit | user=null | ip=null | op=WRITE_CHUNK {blockData=conID: 1 locID: 102734074400539124 bcsId: 2261} | ret=SUCCESS |  
2019-09-04 11:46:10,881 | INFO  | DNAudit | user=null | ip=null | op=WRITE_CHUNK {blockData=conID: 1 locID: 102734074400539124 bcsId: 2256} | ret=SUCCESS |  
2019-09-04 11:46:10,881 | INFO  | DNAudit | user=null | ip=null | op=WRITE_CHUNK {blockData=conID: 1 locID: 102734074400539124 bcsId: 2261} | ret=SUCCESS |  
2019-09-04 11:46:10,881 | INFO  | DNAudit | user=null | ip=null | op=WRITE_CHUNK {blockData=conID: 1 locID: 102734074400539124 bcsId: 2256} | ret=SUCCESS |  
2019-09-04 11:46:10,881 | INFO  | DNAudit | user=null | ip=null | op=PUT_BLOCK {blockData=[blockId=conID: 1 locID: 102734074400539124 bcsId: 0,size=3145728]} | ret=SUCCESS |  
2019-09-04 11:46:10,894 | INFO  | DNAudit | user=null | ip=null | op=PUT_BLOCK {blockData=[blockId=conID: 1 locID: 102734074400539124 bcsId: 0,size=3145728]} | ret=SUCCESS |  
2019-09-04 11:46:10,897 | INFO  | DNAudit | user=null | ip=null | op=WRITE_CHUNK {blockData=conID: 1 locID: 102734074400539124 bcsId: 2261} | ret=SUCCESS |  
2019-09-04 11:46:10,897 | INFO  | DNAudit | user=null | ip=null | op=PUT_BLOCK {blockData=[blockId=conID: 1 locID: 102734074400539124 bcsId: 0,size=4194304]} | ret=SUCCESS |  
2019-09-04 11:46:10,897 [grpc-default-executor-1] INFO  client.GrpcClientProtocolClient (GrpcClientProtocolClient.java:onNext(255)) - client-D5CE890D7D9E->efcb8ff8-f060-4d95-9215-d0f5eb4af037: receive RaftClientReply:client-D5CE890D7D9E->efcb8ff8-f060-4d95-9215-d0f5eb4af037@group-0959F8DF43ED, cid=1574, SUCCESS, logIndex=2264, commits[efcb8ff8-f060-4d95-9215-d0f5eb4af037:c2265, 6fae8b02-e804-4c0e-b729-a97b7404b7f6:c2261, 4c3e8a66-6975-4917-8225-d3efe707aaff:c2261]
2019-09-04 11:46:10,898 [grpc-default-executor-1] INFO  client.GrpcClientProtocolClient (GrpcClientProtocolClient.java:onNext(255)) - client-D5CE890D7D9E->efcb8ff8-f060-4d95-9215-d0f5eb4af037: receive RaftClientReply:client-D5CE890D7D9E->efcb8ff8-f060-4d95-9215-d0f5eb4af037@group-0959F8DF43ED, cid=1575, SUCCESS, logIndex=2265, commits[efcb8ff8-f060-4d95-9215-d0f5eb4af037:c2265, 6fae8b02-e804-4c0e-b729-a97b7404b7f6:c2261, 4c3e8a66-6975-4917-8225-d3efe707aaff:c2261]
 0.00% |█                                                                                                    |  0/1 Time: 0:00:162019-09-04 11:46:10,909 | INFO  | DNAudit | user=null | ip=null | op=WRITE_CHUNK {blockData=conID: 1 locID: 102734074400539124 bcsId: 2261} | ret=SUCCESS |  
2019-09-04 11:46:10,919 | INFO  | DNAudit | user=null | ip=null | op=PUT_BLOCK {blockData=[blockId=conID: 1 locID: 102734074400539124 bcsId: 0,size=4194304]} | ret=SUCCESS |  
2019-09-04 11:46:10,920 | INFO  | DNAudit | user=null | ip=null | op=WRITE_CHUNK {blockData=conID: 1 locID: 102734074400539124 bcsId: 2261} | ret=SUCCESS |  
2019-09-04 11:46:10,920 [grpc-default-executor-1] INFO  client.GrpcClientProtocolClient (GrpcClientProtocolClient.java:onNext(255)) - client-D5CE890D7D9E->efcb8ff8-f060-4d95-9215-d0f5eb4af037: receive RaftClientReply:client-D5CE890D7D9E->efcb8ff8-f060-4d95-9215-d0f5eb4af037@group-0959F8DF43ED, cid=1576, SUCCESS, logIndex=0, commits[efcb8ff8-f060-4d95-9215-d0f5eb4af037:c2267, 6fae8b02-e804-4c0e-b729-a97b7404b7f6:c2265, 4c3e8a66-6975-4917-8225-d3efe707aaff:c2265]
2019-09-04 11:46:10,920 | INFO  | DNAudit | user=null | ip=null | op=PUT_BLOCK {blockData=[blockId=conID: 1 locID: 102734074400539124 bcsId: 0,size=4194304]} | ret=SUCCESS |  
2019-09-04 11:46:10,924 | INFO  | SCMAudit | user=jenkins1000 | ip=192.168.36.67 | op=ALLOCATE_BLOCK {owner=8ab292a2-aaa7-4ad8-863a-d33994811155, size=4194304, type=RATIS, factor=THREE} | ret=SUCCESS |  
2019-09-04 11:46:10,926 | INFO  | OMAudit | user=jenkins1000 | ip=127.0.0.1 | op=ALLOCATE_BLOCK {volume=vol-0-58699, bucket=bucket-0-57464, key=key-0-37266, dataSize=0, replicationType=null, replicationFactor=null, keyLocationInfo=null, clientID=102734073355960722} | ret=SUCCESS |  
2019-09-04 11:46:10,932 | INFO  | DNAudit | user=null | ip=null | op=WRITE_CHUNK {blockData=conID: 2 locID: 102734074408075765 bcsId: 0} | ret=SUCCESS |  
2019-09-04 11:46:10,935 | INFO  | DNAudit | user=null | ip=null | op=WRITE_CHUNK {blockData=conID: 2 locID: 102734074408075765 bcsId: 0} | ret=SUCCESS |  
2019-09-04 11:46:10,935 | INFO  | DNAudit | user=null | ip=null | op=WRITE_CHUNK {blockData=conID: 2 locID: 102734074408075765 bcsId: 0} | ret=SUCCESS |  
2019-09-04 11:46:10,935 | INFO  | DNAudit | user=null | ip=null | op=WRITE_CHUNK {blockData=conID: 2 locID: 102734074408075765 bcsId: 0} | ret=SUCCESS |  
2019-09-04 11:46:10,937 | INFO  | DNAudit | user=null | ip=null | op=WRITE_CHUNK {blockData=conID: 2 locID: 102734074408075765 bcsId: 0} | ret=SUCCESS |  
2019-09-04 11:46:10,937 | INFO  | DNAudit | user=null | ip=null | op=WRITE_CHUNK {blockData=conID: 2 locID: 102734074408075765 bcsId: 0} | ret=SUCCESS |  
2019-09-04 11:46:10,937 | INFO  | DNAudit | user=null | ip=null | op=WRITE_CHUNK {blockData=conID: 2 locID: 102734074408075765 bcsId: 0} | ret=SUCCESS |  
2019-09-04 11:46:10,938 | INFO  | DNAudit | user=null | ip=null | op=PUT_BLOCK {blockData=[blockId=conID: 2 locID: 102734074408075765 bcsId: 0,size=1048576]} | ret=SUCCESS |  
2019-09-04 11:46:10,938 [grpc-default-executor-4] INFO  client.GrpcClientProtocolClient (GrpcClientProtocolClient.java:onNext(255)) - client-D5CE890D7D9E->efcb8ff8-f060-4d95-9215-d0f5eb4af037: receive RaftClientReply:client-D5CE890D7D9E->efcb8ff8-f060-4d95-9215-d0f5eb4af037@group-0959F8DF43ED, cid=1577, SUCCESS, logIndex=2268, commits[efcb8ff8-f060-4d95-9215-d0f5eb4af037:c2269, 6fae8b02-e804-4c0e-b729-a97b7404b7f6:c2267, 4c3e8a66-6975-4917-8225-d3efe707aaff:c2267]
2019-09-04 11:46:10,938 [grpc-default-executor-4] INFO  client.GrpcClientProtocolClient (GrpcClientProtocolClient.java:onNext(255)) - client-D5CE890D7D9E->efcb8ff8-f060-4d95-9215-d0f5eb4af037: receive RaftClientReply:client-D5CE890D7D9E->efcb8ff8-f060-4d95-9215-d0f5eb4af037@group-0959F8DF43ED, cid=1578, SUCCESS, logIndex=2269, commits[efcb8ff8-f060-4d95-9215-d0f5eb4af037:c2269, 6fae8b02-e804-4c0e-b729-a97b7404b7f6:c2267, 4c3e8a66-6975-4917-8225-d3efe707aaff:c2267]
2019-09-04 11:46:10,950 | INFO  | DNAudit | user=null | ip=null | op=WRITE_CHUNK {blockData=conID: 2 locID: 102734074408075765 bcsId: 0} | ret=SUCCESS |  
2019-09-04 11:46:10,950 | INFO  | DNAudit | user=null | ip=null | op=PUT_BLOCK {blockData=[blockId=conID: 2 locID: 102734074408075765 bcsId: 0,size=2097152]} | ret=SUCCESS |  
2019-09-04 11:46:10,950 [grpc-default-executor-1] INFO  client.GrpcClientProtocolClient (GrpcClientProtocolClient.java:onNext(255)) - client-D5CE890D7D9E->efcb8ff8-f060-4d95-9215-d0f5eb4af037: receive RaftClientReply:client-D5CE890D7D9E->efcb8ff8-f060-4d95-9215-d0f5eb4af037@group-0959F8DF43ED, cid=1579, SUCCESS, logIndex=2270, commits[efcb8ff8-f060-4d95-9215-d0f5eb4af037:c2271, 6fae8b02-e804-4c0e-b729-a97b7404b7f6:c2267, 4c3e8a66-6975-4917-8225-d3efe707aaff:c2267]
2019-09-04 11:46:10,951 | INFO  | DNAudit | user=null | ip=null | op=WRITE_CHUNK {blockData=conID: 2 locID: 102734074408075765 bcsId: 0} | ret=SUCCESS |  
2019-09-04 11:46:10,951 [grpc-default-executor-1] INFO  client.GrpcClientProtocolClient (GrpcClientProtocolClient.java:onNext(255)) - client-D5CE890D7D9E->efcb8ff8-f060-4d95-9215-d0f5eb4af037: receive RaftClientReply:client-D5CE890D7D9E->efcb8ff8-f060-4d95-9215-d0f5eb4af037@group-0959F8DF43ED, cid=1580, SUCCESS, logIndex=2271, commits[efcb8ff8-f060-4d95-9215-d0f5eb4af037:c2271, 6fae8b02-e804-4c0e-b729-a97b7404b7f6:c2267, 4c3e8a66-6975-4917-8225-d3efe707aaff:c2267]
2019-09-04 11:46:10,951 | INFO  | DNAudit | user=null | ip=null | op=PUT_BLOCK {blockData=[blockId=conID: 2 locID: 102734074408075765 bcsId: 0,size=1048576]} | ret=SUCCESS |  
2019-09-04 11:46:10,951 | INFO  | DNAudit | user=null | ip=null | op=WRITE_CHUNK {blockData=conID: 2 locID: 102734074408075765 bcsId: 0} | ret=SUCCESS |  
2019-09-04 11:46:10,952 | INFO  | DNAudit | user=null | ip=null | op=PUT_BLOCK {blockData=[blockId=conID: 2 locID: 102734074408075765 bcsId: 0,size=1048576]} | ret=SUCCESS |  
2019-09-04 11:46:10,952 | INFO  | DNAudit | user=null | ip=null | op=WRITE_CHUNK {blockData=conID: 2 locID: 102734074408075765 bcsId: 0} | ret=SUCCESS |  
2019-09-04 11:46:10,952 | INFO  | DNAudit | user=null | ip=null | op=PUT_BLOCK {blockData=[blockId=conID: 2 locID: 102734074408075765 bcsId: 0,size=2097152]} | ret=SUCCESS |  
2019-09-04 11:46:10,952 [grpc-default-executor-1] INFO  client.GrpcClientProtocolClient (GrpcClientProtocolClient.java:onNext(255)) - client-D5CE890D7D9E->efcb8ff8-f060-4d95-9215-d0f5eb4af037: receive RaftClientReply:client-D5CE890D7D9E->efcb8ff8-f060-4d95-9215-d0f5eb4af037@group-0959F8DF43ED, cid=1581, SUCCESS, logIndex=0, commits[efcb8ff8-f060-4d95-9215-d0f5eb4af037:c2273, 6fae8b02-e804-4c0e-b729-a97b7404b7f6:c2269, 4c3e8a66-6975-4917-8225-d3efe707aaff:c2269]
2019-09-04 11:46:10,952 | INFO  | DNAudit | user=null | ip=null | op=WRITE_CHUNK {blockData=conID: 2 locID: 102734074408075765 bcsId: 0} | ret=SUCCESS |  
2019-09-04 11:46:10,953 | INFO  | DNAudit | user=null | ip=null | op=PUT_BLOCK {blockData=[blockId=conID: 2 locID: 102734074408075765 bcsId: 0,size=2097152]} | ret=SUCCESS |  
2019-09-04 11:46:10,958 | INFO  | DNAudit | user=null | ip=null | op=WRITE_CHUNK {blockData=conID: 2 locID: 102734074408075765 bcsId: 2271} | ret=SUCCESS |  
2019-09-04 11:46:10,960 | INFO  | DNAudit | user=null | ip=null | op=WRITE_CHUNK {blockData=conID: 2 locID: 102734074408075765 bcsId: 2271} | ret=SUCCESS |  
2019-09-04 11:46:10,960 | INFO  | DNAudit | user=null | ip=null | op=WRITE_CHUNK {blockData=conID: 2 locID: 102734074408075765 bcsId: 2271} | ret=SUCCESS |  
2019-09-04 11:46:10,968 | INFO  | DNAudit | user=null | ip=null | op=WRITE_CHUNK {blockData=conID: 2 locID: 102734074408075765 bcsId: 2271} | ret=SUCCESS |  
2019-09-04 11:46:10,969 | INFO  | DNAudit | user=null | ip=null | op=PUT_BLOCK {blockData=[blockId=conID: 2 locID: 102734074408075765 bcsId: 0,size=3145728]} | ret=SUCCESS |  
2019-09-04 11:46:10,969 [grpc-default-executor-6] INFO  client.GrpcClientProtocolClient (GrpcClientProtocolClient.java:onNext(255)) - client-D5CE890D7D9E->efcb8ff8-f060-4d95-9215-d0f5eb4af037: receive RaftClientReply:client-D5CE890D7D9E->efcb8ff8-f060-4d95-9215-d0f5eb4af037@group-0959F8DF43ED, cid=1582, SUCCESS, logIndex=2276, commits[efcb8ff8-f060-4d95-9215-d0f5eb4af037:c2277, 6fae8b02-e804-4c0e-b729-a97b7404b7f6:c2275, 4c3e8a66-6975-4917-8225-d3efe707aaff:c2275]
2019-09-04 11:46:10,969 [grpc-default-executor-6] INFO  client.GrpcClientProtocolClient (GrpcClientProtocolClient.java:onNext(255)) - client-D5CE890D7D9E->efcb8ff8-f060-4d95-9215-d0f5eb4af037: receive RaftClientReply:client-D5CE890D7D9E->efcb8ff8-f060-4d95-9215-d0f5eb4af037@group-0959F8DF43ED, cid=1583, SUCCESS, logIndex=2277, commits[efcb8ff8-f060-4d95-9215-d0f5eb4af037:c2277, 6fae8b02-e804-4c0e-b729-a97b7404b7f6:c2275, 4c3e8a66-6975-4917-8225-d3efe707aaff:c2275]
2019-09-04 11:46:10,976 | INFO  | DNAudit | user=null | ip=null | op=WRITE_CHUNK {blockData=conID: 2 locID: 102734074408075765 bcsId: 2277} | ret=SUCCESS |  
2019-09-04 11:46:10,978 | INFO  | DNAudit | user=null | ip=null | op=WRITE_CHUNK {blockData=conID: 2 locID: 102734074408075765 bcsId: 2277} | ret=SUCCESS |  
2019-09-04 11:46:10,978 | INFO  | DNAudit | user=null | ip=null | op=WRITE_CHUNK {blockData=conID: 2 locID: 102734074408075765 bcsId: 2271} | ret=SUCCESS |  
2019-09-04 11:46:10,978 | INFO  | DNAudit | user=null | ip=null | op=WRITE_CHUNK {blockData=conID: 2 locID: 102734074408075765 bcsId: 2271} | ret=SUCCESS |  
2019-09-04 11:46:10,978 | INFO  | DNAudit | user=null | ip=null | op=PUT_BLOCK {blockData=[blockId=conID: 2 locID: 102734074408075765 bcsId: 0,size=3145728]} | ret=SUCCESS |  
2019-09-04 11:46:10,979 | INFO  | DNAudit | user=null | ip=null | op=PUT_BLOCK {blockData=[blockId=conID: 2 locID: 102734074408075765 bcsId: 0,size=3145728]} | ret=SUCCESS |  
2019-09-04 11:46:10,979 | INFO  | DNAudit | user=null | ip=null | op=WRITE_CHUNK {blockData=conID: 2 locID: 102734074408075765 bcsId: 2277} | ret=SUCCESS |  
2019-09-04 11:46:10,985 | INFO  | DNAudit | user=null | ip=null | op=WRITE_CHUNK {blockData=conID: 2 locID: 102734074408075765 bcsId: 2277} | ret=SUCCESS |  
2019-09-04 11:46:10,986 | INFO  | DNAudit | user=null | ip=null | op=PUT_BLOCK {blockData=[blockId=conID: 2 locID: 102734074408075765 bcsId: 0,size=4194304]} | ret=SUCCESS |  
2019-09-04 11:46:10,986 [grpc-default-executor-1] INFO  client.GrpcClientProtocolClient (GrpcClientProtocolClient.java:onNext(255)) - client-D5CE890D7D9E->efcb8ff8-f060-4d95-9215-d0f5eb4af037: receive RaftClientReply:client-D5CE890D7D9E->efcb8ff8-f060-4d95-9215-d0f5eb4af037@group-0959F8DF43ED, cid=1584, SUCCESS, logIndex=2280, commits[efcb8ff8-f060-4d95-9215-d0f5eb4af037:c2281, 6fae8b02-e804-4c0e-b729-a97b7404b7f6:c2277, 4c3e8a66-6975-4917-8225-d3efe707aaff:c2277]
2019-09-04 11:46:10,986 [grpc-default-executor-1] INFO  client.GrpcClientProtocolClient (GrpcClientProtocolClient.java:onNext(255)) - client-D5CE890D7D9E->efcb8ff8-f060-4d95-9215-d0f5eb4af037: receive RaftClientReply:client-D5CE890D7D9E->efcb8ff8-f060-4d95-9215-d0f5eb4af037@group-0959F8DF43ED, cid=1585, SUCCESS, logIndex=2281, commits[efcb8ff8-f060-4d95-9215-d0f5eb4af037:c2281, 6fae8b02-e804-4c0e-b729-a97b7404b7f6:c2277, 4c3e8a66-6975-4917-8225-d3efe707aaff:c2277]
2019-09-04 11:46:10,987 | INFO  | DNAudit | user=null | ip=null | op=WRITE_CHUNK {blockData=conID: 2 locID: 102734074408075765 bcsId: 2277} | ret=SUCCESS |  
2019-09-04 11:46:10,987 | INFO  | DNAudit | user=null | ip=null | op=PUT_BLOCK {blockData=[blockId=conID: 2 locID: 102734074408075765 bcsId: 0,size=4194304]} | ret=SUCCESS |  
2019-09-04 11:46:10,988 | INFO  | DNAudit | user=null | ip=null | op=WRITE_CHUNK {blockData=conID: 2 locID: 102734074408075765 bcsId: 2277} | ret=SUCCESS |  
2019-09-04 11:46:10,988 | INFO  | DNAudit | user=null | ip=null | op=PUT_BLOCK {blockData=[blockId=conID: 2 locID: 102734074408075765 bcsId: 0,size=4194304]} | ret=SUCCESS |  
2019-09-04 11:46:10,988 [grpc-default-executor-6] INFO  client.GrpcClientProtocolClient (GrpcClientProtocolClient.java:onNext(255)) - client-D5CE890D7D9E->efcb8ff8-f060-4d95-9215-d0f5eb4af037: receive RaftClientReply:client-D5CE890D7D9E->efcb8ff8-f060-4d95-9215-d0f5eb4af037@group-0959F8DF43ED, cid=1586, SUCCESS, logIndex=0, commits[efcb8ff8-f060-4d95-9215-d0f5eb4af037:c2282, 6fae8b02-e804-4c0e-b729-a97b7404b7f6:c2281, 4c3e8a66-6975-4917-8225-d3efe707aaff:c2281]
2019-09-04 11:46:10,991 | INFO  | SCMAudit | user=jenkins1000 | ip=192.168.36.67 | op=ALLOCATE_BLOCK {owner=8ab292a2-aaa7-4ad8-863a-d33994811155, size=4194304, type=RATIS, factor=THREE} | ret=SUCCESS |  
2019-09-04 11:46:10,994 | INFO  | OMAudit | user=jenkins1000 | ip=127.0.0.1 | op=ALLOCATE_BLOCK {volume=vol-0-58699, bucket=bucket-0-57464, key=key-0-37266, dataSize=0, replicationType=null, replicationFactor=null, keyLocationInfo=null, clientID=102734073355960722} | ret=SUCCESS |  
2019-09-04 11:46:11,000 | INFO  | DNAudit | user=null | ip=null | op=WRITE_CHUNK {blockData=conID: 3 locID: 102734074412466678 bcsId: 0} | ret=SUCCESS |  
2019-09-04 11:46:11,003 | INFO  | DNAudit | user=null | ip=null | op=WRITE_CHUNK {blockData=conID: 3 locID: 102734074412466678 bcsId: 0} | ret=SUCCESS |  
2019-09-04 11:46:11,003 | INFO  | DNAudit | user=null | ip=null | op=WRITE_CHUNK {blockData=conID: 3 locID: 102734074412466678 bcsId: 0} | ret=SUCCESS |  
2019-09-04 11:46:11,003 | INFO  | DNAudit | user=null | ip=null | op=WRITE_CHUNK {blockData=conID: 3 locID: 102734074412466678 bcsId: 0} | ret=SUCCESS |  
2019-09-04 11:46:11,004 | INFO  | DNAudit | user=null | ip=null | op=WRITE_CHUNK {blockData=conID: 3 locID: 102734074412466678 bcsId: 0} | ret=SUCCESS |  
2019-09-04 11:46:11,005 | INFO  | DNAudit | user=null | ip=null | op=WRITE_CHUNK {blockData=conID: 3 locID: 102734074412466678 bcsId: 0} | ret=SUCCESS |  
2019-09-04 11:46:11,018 | INFO  | DNAudit | user=null | ip=null | op=WRITE_CHUNK {blockData=conID: 3 locID: 102734074412466678 bcsId: 0} | ret=SUCCESS |  
2019-09-04 11:46:11,018 | INFO  | DNAudit | user=null | ip=null | op=PUT_BLOCK {blockData=[blockId=conID: 3 locID: 102734074412466678 bcsId: 0,size=1048576]} | ret=SUCCESS |  
2019-09-04 11:46:11,019 | INFO  | DNAudit | user=null | ip=null | op=WRITE_CHUNK {blockData=conID: 3 locID: 102734074412466678 bcsId: 0} | ret=SUCCESS |  
2019-09-04 11:46:11,018 [grpc-default-executor-4] INFO  client.GrpcClientProtocolClient (GrpcClientProtocolClient.java:onNext(255)) - client-D5CE890D7D9E->efcb8ff8-f060-4d95-9215-d0f5eb4af037: receive RaftClientReply:client-D5CE890D7D9E->efcb8ff8-f060-4d95-9215-d0f5eb4af037@group-0959F8DF43ED, cid=1587, SUCCESS, logIndex=2284, commits[efcb8ff8-f060-4d95-9215-d0f5eb4af037:c2287, 6fae8b02-e804-4c0e-b729-a97b7404b7f6:c2283, 4c3e8a66-6975-4917-8225-d3efe707aaff:c2283]
2019-09-04 11:46:11,019 | INFO  | DNAudit | user=null | ip=null | op=PUT_BLOCK {blockData=[blockId=conID: 3 locID: 102734074412466678 bcsId: 0,size=2097152]} | ret=SUCCESS |  
2019-09-04 11:46:11,019 [grpc-default-executor-4] INFO  client.GrpcClientProtocolClient (GrpcClientProtocolClient.java:onNext(255)) - client-D5CE890D7D9E->efcb8ff8-f060-4d95-9215-d0f5eb4af037: receive RaftClientReply:client-D5CE890D7D9E->efcb8ff8-f060-4d95-9215-d0f5eb4af037@group-0959F8DF43ED, cid=1588, SUCCESS, logIndex=2285, commits[efcb8ff8-f060-4d95-9215-d0f5eb4af037:c2287, 6fae8b02-e804-4c0e-b729-a97b7404b7f6:c2283, 4c3e8a66-6975-4917-8225-d3efe707aaff:c2283]
2019-09-04 11:46:11,019 [grpc-default-executor-4] INFO  client.GrpcClientProtocolClient (GrpcClientProtocolClient.java:onNext(255)) - client-D5CE890D7D9E->efcb8ff8-f060-4d95-9215-d0f5eb4af037: receive RaftClientReply:client-D5CE890D7D9E->efcb8ff8-f060-4d95-9215-d0f5eb4af037@group-0959F8DF43ED, cid=1589, SUCCESS, logIndex=2286, commits[efcb8ff8-f060-4d95-9215-d0f5eb4af037:c2287, 6fae8b02-e804-4c0e-b729-a97b7404b7f6:c2283, 4c3e8a66-6975-4917-8225-d3efe707aaff:c2283]
2019-09-04 11:46:11,019 [grpc-default-executor-4] INFO  client.GrpcClientProtocolClient (GrpcClientProtocolClient.java:onNext(255)) - client-D5CE890D7D9E->efcb8ff8-f060-4d95-9215-d0f5eb4af037: receive RaftClientReply:client-D5CE890D7D9E->efcb8ff8-f060-4d95-9215-d0f5eb4af037@group-0959F8DF43ED, cid=1590, SUCCESS, logIndex=2287, commits[efcb8ff8-f060-4d95-9215-d0f5eb4af037:c2287, 6fae8b02-e804-4c0e-b729-a97b7404b7f6:c2283, 4c3e8a66-6975-4917-8225-d3efe707aaff:c2283]
2019-09-04 11:46:11,020 | INFO  | DNAudit | user=null | ip=null | op=WRITE_CHUNK {blockData=conID: 3 locID: 102734074412466678 bcsId: 0} | ret=SUCCESS |  
2019-09-04 11:46:11,020 | INFO  | DNAudit | user=null | ip=null | op=PUT_BLOCK {blockData=[blockId=conID: 3 locID: 102734074412466678 bcsId: 0,size=1048576]} | ret=SUCCESS |  
2019-09-04 11:46:11,020 | INFO  | DNAudit | user=null | ip=null | op=WRITE_CHUNK {blockData=conID: 3 locID: 102734074412466678 bcsId: 0} | ret=SUCCESS |  
2019-09-04 11:46:11,020 | INFO  | DNAudit | user=null | ip=null | op=PUT_BLOCK {blockData=[blockId=conID: 3 locID: 102734074412466678 bcsId: 0,size=1048576]} | ret=SUCCESS |  
2019-09-04 11:46:11,020 | INFO  | DNAudit | user=null | ip=null | op=WRITE_CHUNK {blockData=conID: 3 locID: 102734074412466678 bcsId: 0} | ret=SUCCESS |  
2019-09-04 11:46:11,021 | INFO  | DNAudit | user=null | ip=null | op=PUT_BLOCK {blockData=[blockId=conID: 3 locID: 102734074412466678 bcsId: 0,size=2097152]} | ret=SUCCESS |  
2019-09-04 11:46:11,021 | INFO  | DNAudit | user=null | ip=null | op=WRITE_CHUNK {blockData=conID: 3 locID: 102734074412466678 bcsId: 0} | ret=SUCCESS |  
2019-09-04 11:46:11,021 | INFO  | DNAudit | user=null | ip=null | op=PUT_BLOCK {blockData=[blockId=conID: 3 locID: 102734074412466678 bcsId: 0,size=2097152]} | ret=SUCCESS |  
2019-09-04 11:46:11,021 [grpc-default-executor-0] INFO  client.GrpcClientProtocolClient (GrpcClientProtocolClient.java:onNext(255)) - client-D5CE890D7D9E->efcb8ff8-f060-4d95-9215-d0f5eb4af037: receive RaftClientReply:client-D5CE890D7D9E->efcb8ff8-f060-4d95-9215-d0f5eb4af037@group-0959F8DF43ED, cid=1591, SUCCESS, logIndex=0, commits[efcb8ff8-f060-4d95-9215-d0f5eb4af037:c2288, 6fae8b02-e804-4c0e-b729-a97b7404b7f6:c2285, 4c3e8a66-6975-4917-8225-d3efe707aaff:c2285]
2019-09-04 11:46:11,027 | INFO  | DNAudit | user=null | ip=null | op=WRITE_CHUNK {blockData=conID: 3 locID: 102734074412466678 bcsId: 2287} | ret=SUCCESS |  
2019-09-04 11:46:11,029 | INFO  | DNAudit | user=null | ip=null | op=WRITE_CHUNK {blockData=conID: 3 locID: 102734074412466678 bcsId: 2287} | ret=SUCCESS |  
2019-09-04 11:46:11,029 | INFO  | DNAudit | user=null | ip=null | op=WRITE_CHUNK {blockData=conID: 3 locID: 102734074412466678 bcsId: 2287} | ret=SUCCESS |  
2019-09-04 11:46:11,034 | INFO  | DNAudit | user=null | ip=null | op=WRITE_CHUNK {blockData=conID: 3 locID: 102734074412466678 bcsId: 2287} | ret=SUCCESS |  
2019-09-04 11:46:11,034 | INFO  | DNAudit | user=null | ip=null | op=PUT_BLOCK {blockData=[blockId=conID: 3 locID: 102734074412466678 bcsId: 0,size=3145728]} | ret=SUCCESS |  
2019-09-04 11:46:11,035 [grpc-default-executor-4] INFO  client.GrpcClientProtocolClient (GrpcClientProtocolClient.java:onNext(255)) - client-D5CE890D7D9E->efcb8ff8-f060-4d95-9215-d0f5eb4af037: receive RaftClientReply:client-D5CE890D7D9E->efcb8ff8-f060-4d95-9215-d0f5eb4af037@group-0959F8DF43ED, cid=1592, SUCCESS, logIndex=2292, commits[efcb8ff8-f060-4d95-9215-d0f5eb4af037:c2293, 6fae8b02-e804-4c0e-b729-a97b7404b7f6:c2291, 4c3e8a66-6975-4917-8225-d3efe707aaff:c2291]
2019-09-04 11:46:11,035 [grpc-default-executor-4] INFO  client.GrpcClientProtocolClient (GrpcClientProtocolClient.java:onNext(255)) - client-D5CE890D7D9E->efcb8ff8-f060-4d95-9215-d0f5eb4af037: receive RaftClientReply:client-D5CE890D7D9E->efcb8ff8-f060-4d95-9215-d0f5eb4af037@group-0959F8DF43ED, cid=1593, SUCCESS, logIndex=2293, commits[efcb8ff8-f060-4d95-9215-d0f5eb4af037:c2293, 6fae8b02-e804-4c0e-b729-a97b7404b7f6:c2291, 4c3e8a66-6975-4917-8225-d3efe707aaff:c2291]
2019-09-04 11:46:11,041 | INFO  | DNAudit | user=null | ip=null | op=WRITE_CHUNK {blockData=conID: 3 locID: 102734074412466678 bcsId: 2293} | ret=SUCCESS |  
2019-09-04 11:46:11,044 | INFO  | DNAudit | user=null | ip=null | op=WRITE_CHUNK {blockData=conID: 3 locID: 102734074412466678 bcsId: 2287} | ret=SUCCESS |  
2019-09-04 11:46:11,044 | INFO  | DNAudit | user=null | ip=null | op=WRITE_CHUNK {blockData=conID: 3 locID: 102734074412466678 bcsId: 2287} | ret=SUCCESS |  
2019-09-04 11:46:11,044 | INFO  | DNAudit | user=null | ip=null | op=PUT_BLOCK {blockData=[blockId=conID: 3 locID: 102734074412466678 bcsId: 0,size=3145728]} | ret=SUCCESS |  
2019-09-04 11:46:11,044 | INFO  | DNAudit | user=null | ip=null | op=PUT_BLOCK {blockData=[blockId=conID: 3 locID: 102734074412466678 bcsId: 0,size=3145728]} | ret=SUCCESS |  
2019-09-04 11:46:11,047 | INFO  | DNAudit | user=null | ip=null | op=WRITE_CHUNK {blockData=conID: 3 locID: 102734074412466678 bcsId: 2293} | ret=SUCCESS |  
2019-09-04 11:46:11,047 | INFO  | DNAudit | user=null | ip=null | op=WRITE_CHUNK {blockData=conID: 3 locID: 102734074412466678 bcsId: 2293} | ret=SUCCESS |  
2019-09-04 11:46:11,057 | INFO  | DNAudit | user=null | ip=null | op=WRITE_CHUNK {blockData=conID: 3 locID: 102734074412466678 bcsId: 2293} | ret=SUCCESS |  
2019-09-04 11:46:11,058 | INFO  | DNAudit | user=null | ip=null | op=PUT_BLOCK {blockData=[blockId=conID: 3 locID: 102734074412466678 bcsId: 0,size=4194304]} | ret=SUCCESS |  
2019-09-04 11:46:11,058 [grpc-default-executor-0] INFO  client.GrpcClientProtocolClient (GrpcClientProtocolClient.java:onNext(255)) - client-D5CE890D7D9E->efcb8ff8-f060-4d95-9215-d0f5eb4af037: receive RaftClientReply:client-D5CE890D7D9E->efcb8ff8-f060-4d95-9215-d0f5eb4af037@group-0959F8DF43ED, cid=1594, SUCCESS, logIndex=2296, commits[efcb8ff8-f060-4d95-9215-d0f5eb4af037:c2297, 6fae8b02-e804-4c0e-b729-a97b7404b7f6:c2294, 4c3e8a66-6975-4917-8225-d3efe707aaff:c2293]
2019-09-04 11:46:11,058 [grpc-default-executor-0] INFO  client.GrpcClientProtocolClient (GrpcClientProtocolClient.java:onNext(255)) - client-D5CE890D7D9E->efcb8ff8-f060-4d95-9215-d0f5eb4af037: receive RaftClientReply:client-D5CE890D7D9E->efcb8ff8-f060-4d95-9215-d0f5eb4af037@group-0959F8DF43ED, cid=1595, SUCCESS, logIndex=2297, commits[efcb8ff8-f060-4d95-9215-d0f5eb4af037:c2297, 6fae8b02-e804-4c0e-b729-a97b7404b7f6:c2294, 4c3e8a66-6975-4917-8225-d3efe707aaff:c2293]
2019-09-04 11:46:11,066 | INFO  | DNAudit | user=null | ip=null | op=WRITE_CHUNK {blockData=conID: 3 locID: 102734074412466678 bcsId: 2293} | ret=SUCCESS |  
2019-09-04 11:46:11,066 | INFO  | DNAudit | user=null | ip=null | op=WRITE_CHUNK {blockData=conID: 3 locID: 102734074412466678 bcsId: 2293} | ret=SUCCESS |  
2019-09-04 11:46:11,067 | INFO  | DNAudit | user=null | ip=null | op=PUT_BLOCK {blockData=[blockId=conID: 3 locID: 102734074412466678 bcsId: 0,size=4194304]} | ret=SUCCESS |  
2019-09-04 11:46:11,067 | INFO  | DNAudit | user=null | ip=null | op=PUT_BLOCK {blockData=[blockId=conID: 3 locID: 102734074412466678 bcsId: 0,size=4194304]} | ret=SUCCESS |  
2019-09-04 11:46:11,067 [grpc-default-executor-1] INFO  client.GrpcClientProtocolClient (GrpcClientProtocolClient.java:onNext(255)) - client-D5CE890D7D9E->efcb8ff8-f060-4d95-9215-d0f5eb4af037: receive RaftClientReply:client-D5CE890D7D9E->efcb8ff8-f060-4d95-9215-d0f5eb4af037@group-0959F8DF43ED, cid=1596, SUCCESS, logIndex=0, commits[efcb8ff8-f060-4d95-9215-d0f5eb4af037:c2298, 6fae8b02-e804-4c0e-b729-a97b7404b7f6:c2297, 4c3e8a66-6975-4917-8225-d3efe707aaff:c2297]
2019-09-04 11:46:11,071 | INFO  | SCMAudit | user=jenkins1000 | ip=192.168.36.67 | op=ALLOCATE_BLOCK {owner=8ab292a2-aaa7-4ad8-863a-d33994811155, size=4194304, type=RATIS, factor=THREE} | ret=SUCCESS |  
2019-09-04 11:46:11,073 | INFO  | OMAudit | user=jenkins1000 | ip=127.0.0.1 | op=ALLOCATE_BLOCK {volume=vol-0-58699, bucket=bucket-0-57464, key=key-0-37266, dataSize=0, replicationType=null, replicationFactor=null, keyLocationInfo=null, clientID=102734073355960722} | ret=SUCCESS |  
2019-09-04 11:46:11,079 | INFO  | DNAudit | user=null | ip=null | op=WRITE_CHUNK {blockData=conID: 1 locID: 102734074417709559 bcsId: 0} | ret=SUCCESS |  
2019-09-04 11:46:11,081 | INFO  | DNAudit | user=null | ip=null | op=WRITE_CHUNK {blockData=conID: 1 locID: 102734074417709559 bcsId: 0} | ret=SUCCESS |  
2019-09-04 11:46:11,081 | INFO  | DNAudit | user=null | ip=null | op=WRITE_CHUNK {blockData=conID: 1 locID: 102734074417709559 bcsId: 0} | ret=SUCCESS |  
2019-09-04 11:46:11,082 | INFO  | DNAudit | user=null | ip=null | op=WRITE_CHUNK {blockData=conID: 1 locID: 102734074417709559 bcsId: 0} | ret=SUCCESS |  
2019-09-04 11:46:11,083 | INFO  | DNAudit | user=null | ip=null | op=WRITE_CHUNK {blockData=conID: 1 locID: 102734074417709559 bcsId: 0} | ret=SUCCESS |  
2019-09-04 11:46:11,084 | INFO  | DNAudit | user=null | ip=null | op=WRITE_CHUNK {blockData=conID: 1 locID: 102734074417709559 bcsId: 0} | ret=SUCCESS |  
2019-09-04 11:46:11,086 | INFO  | DNAudit | user=null | ip=null | op=WRITE_CHUNK {blockData=conID: 1 locID: 102734074417709559 bcsId: 0} | ret=SUCCESS |  
2019-09-04 11:46:11,086 | INFO  | DNAudit | user=null | ip=null | op=PUT_BLOCK {blockData=[blockId=conID: 1 locID: 102734074417709559 bcsId: 0,size=1048576]} | ret=SUCCESS |  
2019-09-04 11:46:11,087 [grpc-default-executor-4] INFO  client.GrpcClientProtocolClient (GrpcClientProtocolClient.java:onNext(255)) - client-D5CE890D7D9E->efcb8ff8-f060-4d95-9215-d0f5eb4af037: receive RaftClientReply:client-D5CE890D7D9E->efcb8ff8-f060-4d95-9215-d0f5eb4af037@group-0959F8DF43ED, cid=1597, SUCCESS, logIndex=2300, commits[efcb8ff8-f060-4d95-9215-d0f5eb4af037:c2301, 6fae8b02-e804-4c0e-b729-a97b7404b7f6:c2299, 4c3e8a66-6975-4917-8225-d3efe707aaff:c2299]
2019-09-04 11:46:11,087 | INFO  | DNAudit | user=null | ip=null | op=WRITE_CHUNK {blockData=conID: 1 locID: 102734074417709559 bcsId: 0} | ret=SUCCESS |  
2019-09-04 11:46:11,087 [grpc-default-executor-4] INFO  client.GrpcClientProtocolClient (GrpcClientProtocolClient.java:onNext(255)) - client-D5CE890D7D9E->efcb8ff8-f060-4d95-9215-d0f5eb4af037: receive RaftClientReply:client-D5CE890D7D9E->efcb8ff8-f060-4d95-9215-d0f5eb4af037@group-0959F8DF43ED, cid=1598, SUCCESS, logIndex=2301, commits[efcb8ff8-f060-4d95-9215-d0f5eb4af037:c2301, 6fae8b02-e804-4c0e-b729-a97b7404b7f6:c2299, 4c3e8a66-6975-4917-8225-d3efe707aaff:c2299]
2019-09-04 11:46:11,088 | INFO  | DNAudit | user=null | ip=null | op=PUT_BLOCK {blockData=[blockId=conID: 1 locID: 102734074417709559 bcsId: 0,size=2097152]} | ret=SUCCESS |  
2019-09-04 11:46:11,088 [grpc-default-executor-4] INFO  client.GrpcClientProtocolClient (GrpcClientProtocolClient.java:onNext(255)) - client-D5CE890D7D9E->efcb8ff8-f060-4d95-9215-d0f5eb4af037: receive RaftClientReply:client-D5CE890D7D9E->efcb8ff8-f060-4d95-9215-d0f5eb4af037@group-0959F8DF43ED, cid=1599, SUCCESS, logIndex=2302, commits[efcb8ff8-f060-4d95-9215-d0f5eb4af037:c2303, 6fae8b02-e804-4c0e-b729-a97b7404b7f6:c2299, 4c3e8a66-6975-4917-8225-d3efe707aaff:c2299]
2019-09-04 11:46:11,088 | INFO  | DNAudit | user=null | ip=null | op=WRITE_CHUNK {blockData=conID: 1 locID: 102734074417709559 bcsId: 0} | ret=SUCCESS |  
2019-09-04 11:46:11,088 | INFO  | DNAudit | user=null | ip=null | op=PUT_BLOCK {blockData=[blockId=conID: 1 locID: 102734074417709559 bcsId: 0,size=1048576]} | ret=SUCCESS |  
2019-09-04 11:46:11,088 [grpc-default-executor-4] INFO  client.GrpcClientProtocolClient (GrpcClientProtocolClient.java:onNext(255)) - client-D5CE890D7D9E->efcb8ff8-f060-4d95-9215-d0f5eb4af037: receive RaftClientReply:client-D5CE890D7D9E->efcb8ff8-f060-4d95-9215-d0f5eb4af037@group-0959F8DF43ED, cid=1600, SUCCESS, logIndex=2303, commits[efcb8ff8-f060-4d95-9215-d0f5eb4af037:c2303, 6fae8b02-e804-4c0e-b729-a97b7404b7f6:c2299, 4c3e8a66-6975-4917-8225-d3efe707aaff:c2299]
2019-09-04 11:46:11,089 | INFO  | DNAudit | user=null | ip=null | op=WRITE_CHUNK {blockData=conID: 1 locID: 102734074417709559 bcsId: 0} | ret=SUCCESS |  
2019-09-04 11:46:11,089 | INFO  | DNAudit | user=null | ip=null | op=WRITE_CHUNK {blockData=conID: 1 locID: 102734074417709559 bcsId: 0} | ret=SUCCESS |  
2019-09-04 11:46:11,089 | INFO  | DNAudit | user=null | ip=null | op=PUT_BLOCK {blockData=[blockId=conID: 1 locID: 102734074417709559 bcsId: 0,size=2097152]} | ret=SUCCESS |  
2019-09-04 11:46:11,090 | INFO  | DNAudit | user=null | ip=null | op=PUT_BLOCK {blockData=[blockId=conID: 1 locID: 102734074417709559 bcsId: 0,size=1048576]} | ret=SUCCESS |  
2019-09-04 11:46:11,090 | INFO  | DNAudit | user=null | ip=null | op=WRITE_CHUNK {blockData=conID: 1 locID: 102734074417709559 bcsId: 0} | ret=SUCCESS |  
2019-09-04 11:46:11,090 [grpc-default-executor-4] INFO  client.GrpcClientProtocolClient (GrpcClientProtocolClient.java:onNext(255)) - client-D5CE890D7D9E->efcb8ff8-f060-4d95-9215-d0f5eb4af037: receive RaftClientReply:client-D5CE890D7D9E->efcb8ff8-f060-4d95-9215-d0f5eb4af037@group-0959F8DF43ED, cid=1601, SUCCESS, logIndex=0, commits[efcb8ff8-f060-4d95-9215-d0f5eb4af037:c2306, 6fae8b02-e804-4c0e-b729-a97b7404b7f6:c2301, 4c3e8a66-6975-4917-8225-d3efe707aaff:c2302]
2019-09-04 11:46:11,090 | INFO  | DNAudit | user=null | ip=null | op=PUT_BLOCK {blockData=[blockId=conID: 1 locID: 102734074417709559 bcsId: 0,size=2097152]} | ret=SUCCESS |  
2019-09-04 11:46:11,094 | INFO  | SCMAudit | user=jenkins1000 | ip=192.168.36.67 | op=SEND_HEARTBEAT {datanodeUUID=b68b188c-7f38-42ae-8403-46a39acd0731, command=[]} | ret=SUCCESS |  
2019-09-04 11:46:11,097 | INFO  | DNAudit | user=null | ip=null | op=WRITE_CHUNK {blockData=conID: 1 locID: 102734074417709559 bcsId: 2303} | ret=SUCCESS |  
2019-09-04 11:46:11,098 | INFO  | DNAudit | user=null | ip=null | op=WRITE_CHUNK {blockData=conID: 1 locID: 102734074417709559 bcsId: 2303} | ret=SUCCESS |  
2019-09-04 11:46:11,098 | INFO  | DNAudit | user=null | ip=null | op=WRITE_CHUNK {blockData=conID: 1 locID: 102734074417709559 bcsId: 2303} | ret=SUCCESS |  
2019-09-04 11:46:11,126 | INFO  | DNAudit | user=null | ip=null | op=WRITE_CHUNK {blockData=conID: 1 locID: 102734074417709559 bcsId: 2303} | ret=SUCCESS |  
2019-09-04 11:46:11,126 | INFO  | DNAudit | user=null | ip=null | op=PUT_BLOCK {blockData=[blockId=conID: 1 locID: 102734074417709559 bcsId: 0,size=3145728]} | ret=SUCCESS |  
2019-09-04 11:46:11,127 [grpc-default-executor-0] INFO  client.GrpcClientProtocolClient (GrpcClientProtocolClient.java:onNext(255)) - client-D5CE890D7D9E->efcb8ff8-f060-4d95-9215-d0f5eb4af037: receive RaftClientReply:client-D5CE890D7D9E->efcb8ff8-f060-4d95-9215-d0f5eb4af037@group-0959F8DF43ED, cid=1602, SUCCESS, logIndex=2308, commits[efcb8ff8-f060-4d95-9215-d0f5eb4af037:c2309, 6fae8b02-e804-4c0e-b729-a97b7404b7f6:c2307, 4c3e8a66-6975-4917-8225-d3efe707aaff:c2307]
2019-09-04 11:46:11,127 [grpc-default-executor-0] INFO  client.GrpcClientProtocolClient (GrpcClientProtocolClient.java:onNext(255)) - client-D5CE890D7D9E->efcb8ff8-f060-4d95-9215-d0f5eb4af037: receive RaftClientReply:client-D5CE890D7D9E->efcb8ff8-f060-4d95-9215-d0f5eb4af037@group-0959F8DF43ED, cid=1603, SUCCESS, logIndex=2309, commits[efcb8ff8-f060-4d95-9215-d0f5eb4af037:c2309, 6fae8b02-e804-4c0e-b729-a97b7404b7f6:c2307, 4c3e8a66-6975-4917-8225-d3efe707aaff:c2307]
2019-09-04 11:46:11,132 | INFO  | DNAudit | user=null | ip=null | op=WRITE_CHUNK {blockData=conID: 1 locID: 102734074417709559 bcsId: 2303} | ret=SUCCESS |  
2019-09-04 11:46:11,132 | INFO  | DNAudit | user=null | ip=null | op=WRITE_CHUNK {blockData=conID: 1 locID: 102734074417709559 bcsId: 2303} | ret=SUCCESS |  
2019-09-04 11:46:11,133 | INFO  | DNAudit | user=null | ip=null | op=PUT_BLOCK {blockData=[blockId=conID: 1 locID: 102734074417709559 bcsId: 0,size=3145728]} | ret=SUCCESS |  
2019-09-04 11:46:11,133 | INFO  | DNAudit | user=null | ip=null | op=PUT_BLOCK {blockData=[blockId=conID: 1 locID: 102734074417709559 bcsId: 0,size=3145728]} | ret=SUCCESS |  
2019-09-04 11:46:11,133 | INFO  | DNAudit | user=null | ip=null | op=WRITE_CHUNK {blockData=conID: 1 locID: 102734074417709559 bcsId: 2309} | ret=SUCCESS |  
2019-09-04 11:46:11,135 | INFO  | DNAudit | user=null | ip=null | op=WRITE_CHUNK {blockData=conID: 1 locID: 102734074417709559 bcsId: 2309} | ret=SUCCESS |  
2019-09-04 11:46:11,135 | INFO  | DNAudit | user=null | ip=null | op=WRITE_CHUNK {blockData=conID: 1 locID: 102734074417709559 bcsId: 2309} | ret=SUCCESS |  
2019-09-04 11:46:11,143 | INFO  | DNAudit | user=null | ip=null | op=WRITE_CHUNK {blockData=conID: 1 locID: 102734074417709559 bcsId: 2309} | ret=SUCCESS |  
2019-09-04 11:46:11,143 | INFO  | DNAudit | user=null | ip=null | op=PUT_BLOCK {blockData=[blockId=conID: 1 locID: 102734074417709559 bcsId: 0,size=4194304]} | ret=SUCCESS |  
2019-09-04 11:46:11,144 [grpc-default-executor-1] INFO  client.GrpcClientProtocolClient (GrpcClientProtocolClient.java:onNext(255)) - client-D5CE890D7D9E->efcb8ff8-f060-4d95-9215-d0f5eb4af037: receive RaftClientReply:client-D5CE890D7D9E->efcb8ff8-f060-4d95-9215-d0f5eb4af037@group-0959F8DF43ED, cid=1604, SUCCESS, logIndex=2312, commits[efcb8ff8-f060-4d95-9215-d0f5eb4af037:c2313, 6fae8b02-e804-4c0e-b729-a97b7404b7f6:c2309, 4c3e8a66-6975-4917-8225-d3efe707aaff:c2309]
2019-09-04 11:46:11,144 [grpc-default-executor-1] INFO  client.GrpcClientProtocolClient (GrpcClientProtocolClient.java:onNext(255)) - client-D5CE890D7D9E->efcb8ff8-f060-4d95-9215-d0f5eb4af037: receive RaftClientReply:client-D5CE890D7D9E->efcb8ff8-f060-4d95-9215-d0f5eb4af037@group-0959F8DF43ED, cid=1605, SUCCESS, logIndex=2313, commits[efcb8ff8-f060-4d95-9215-d0f5eb4af037:c2313, 6fae8b02-e804-4c0e-b729-a97b7404b7f6:c2309, 4c3e8a66-6975-4917-8225-d3efe707aaff:c2309]
2019-09-04 11:46:11,151 | INFO  | DNAudit | user=null | ip=null | op=WRITE_CHUNK {blockData=conID: 1 locID: 102734074417709559 bcsId: 2309} | ret=SUCCESS |  
2019-09-04 11:46:11,151 | INFO  | DNAudit | user=null | ip=null | op=WRITE_CHUNK {blockData=conID: 1 locID: 102734074417709559 bcsId: 2309} | ret=SUCCESS |  
2019-09-04 11:46:11,153 | INFO  | DNAudit | user=null | ip=null | op=PUT_BLOCK {blockData=[blockId=conID: 1 locID: 102734074417709559 bcsId: 0,size=4194304]} | ret=SUCCESS |  
2019-09-04 11:46:11,153 | INFO  | DNAudit | user=null | ip=null | op=PUT_BLOCK {blockData=[blockId=conID: 1 locID: 102734074417709559 bcsId: 0,size=4194304]} | ret=SUCCESS |  
2019-09-04 11:46:11,153 [grpc-default-executor-1] INFO  client.GrpcClientProtocolClient (GrpcClientProtocolClient.java:onNext(255)) - client-D5CE890D7D9E->efcb8ff8-f060-4d95-9215-d0f5eb4af037: receive RaftClientReply:client-D5CE890D7D9E->efcb8ff8-f060-4d95-9215-d0f5eb4af037@group-0959F8DF43ED, cid=1606, SUCCESS, logIndex=0, commits[efcb8ff8-f060-4d95-9215-d0f5eb4af037:c2315, 6fae8b02-e804-4c0e-b729-a97b7404b7f6:c2313, 4c3e8a66-6975-4917-8225-d3efe707aaff:c2313]
2019-09-04 11:46:11,157 | INFO  | SCMAudit | user=jenkins1000 | ip=192.168.36.67 | op=ALLOCATE_BLOCK {owner=8ab292a2-aaa7-4ad8-863a-d33994811155, size=4194304, type=RATIS, factor=THREE} | ret=SUCCESS |  
2019-09-04 11:46:11,159 | INFO  | OMAudit | user=jenkins1000 | ip=127.0.0.1 | op=ALLOCATE_BLOCK {volume=vol-0-58699, bucket=bucket-0-57464, key=key-0-37266, dataSize=0, replicationType=null, replicationFactor=null, keyLocationInfo=null, clientID=102734073355960722} | ret=SUCCESS |  
2019-09-04 11:46:11,165 | INFO  | DNAudit | user=null | ip=null | op=WRITE_CHUNK {blockData=conID: 2 locID: 102734074423280120 bcsId: 0} | ret=SUCCESS |  
2019-09-04 11:46:11,167 | INFO  | DNAudit | user=null | ip=null | op=WRITE_CHUNK {blockData=conID: 2 locID: 102734074423280120 bcsId: 0} | ret=SUCCESS |  
2019-09-04 11:46:11,168 | INFO  | DNAudit | user=null | ip=null | op=WRITE_CHUNK {blockData=conID: 2 locID: 102734074423280120 bcsId: 0} | ret=SUCCESS |  
2019-09-04 11:46:11,168 | INFO  | DNAudit | user=null | ip=null | op=WRITE_CHUNK {blockData=conID: 2 locID: 102734074423280120 bcsId: 0} | ret=SUCCESS |  
2019-09-04 11:46:11,169 | INFO  | DNAudit | user=null | ip=null | op=WRITE_CHUNK {blockData=conID: 2 locID: 102734074423280120 bcsId: 0} | ret=SUCCESS |  
2019-09-04 11:46:11,169 | INFO  | DNAudit | user=null | ip=null | op=WRITE_CHUNK {blockData=conID: 2 locID: 102734074423280120 bcsId: 0} | ret=SUCCESS |  
2019-09-04 11:46:11,173 | INFO  | DNAudit | user=null | ip=null | op=WRITE_CHUNK {blockData=conID: 2 locID: 102734074423280120 bcsId: 0} | ret=SUCCESS |  
2019-09-04 11:46:11,174 | INFO  | DNAudit | user=null | ip=null | op=PUT_BLOCK {blockData=[blockId=conID: 2 locID: 102734074423280120 bcsId: 0,size=1048576]} | ret=SUCCESS |  
2019-09-04 11:46:11,174 [grpc-default-executor-0] INFO  client.GrpcClientProtocolClient (GrpcClientProtocolClient.java:onNext(255)) - client-D5CE890D7D9E->efcb8ff8-f060-4d95-9215-d0f5eb4af037: receive RaftClientReply:client-D5CE890D7D9E->efcb8ff8-f060-4d95-9215-d0f5eb4af037@group-0959F8DF43ED, cid=1607, SUCCESS, logIndex=2316, commits[efcb8ff8-f060-4d95-9215-d0f5eb4af037:c2319, 6fae8b02-e804-4c0e-b729-a97b7404b7f6:c2315, 4c3e8a66-6975-4917-8225-d3efe707aaff:c2315]
2019-09-04 11:46:11,174 | INFO  | DNAudit | user=null | ip=null | op=WRITE_CHUNK {blockData=conID: 2 locID: 102734074423280120 bcsId: 0} | ret=SUCCESS |  
2019-09-04 11:46:11,174 | INFO  | DNAudit | user=null | ip=null | op=PUT_BLOCK {blockData=[blockId=conID: 2 locID: 102734074423280120 bcsId: 0,size=2097152]} | ret=SUCCESS |  
2019-09-04 11:46:11,174 [grpc-default-executor-0] INFO  client.GrpcClientProtocolClient (GrpcClientProtocolClient.java:onNext(255)) - client-D5CE890D7D9E->efcb8ff8-f060-4d95-9215-d0f5eb4af037: receive RaftClientReply:client-D5CE890D7D9E->efcb8ff8-f060-4d95-9215-d0f5eb4af037@group-0959F8DF43ED, cid=1608, SUCCESS, logIndex=2317, commits[efcb8ff8-f060-4d95-9215-d0f5eb4af037:c2319, 6fae8b02-e804-4c0e-b729-a97b7404b7f6:c2315, 4c3e8a66-6975-4917-8225-d3efe707aaff:c2315]
2019-09-04 11:46:11,175 [grpc-default-executor-0] INFO  client.GrpcClientProtocolClient (GrpcClientProtocolClient.java:onNext(255)) - client-D5CE890D7D9E->efcb8ff8-f060-4d95-9215-d0f5eb4af037: receive RaftClientReply:client-D5CE890D7D9E->efcb8ff8-f060-4d95-9215-d0f5eb4af037@group-0959F8DF43ED, cid=1609, SUCCESS, logIndex=2318, commits[efcb8ff8-f060-4d95-9215-d0f5eb4af037:c2319, 6fae8b02-e804-4c0e-b729-a97b7404b7f6:c2315, 4c3e8a66-6975-4917-8225-d3efe707aaff:c2315]
2019-09-04 11:46:11,175 [grpc-default-executor-0] INFO  client.GrpcClientProtocolClient (GrpcClientProtocolClient.java:onNext(255)) - client-D5CE890D7D9E->efcb8ff8-f060-4d95-9215-d0f5eb4af037: receive RaftClientReply:client-D5CE890D7D9E->efcb8ff8-f060-4d95-9215-d0f5eb4af037@group-0959F8DF43ED, cid=1610, SUCCESS, logIndex=2319, commits[efcb8ff8-f060-4d95-9215-d0f5eb4af037:c2319, 6fae8b02-e804-4c0e-b729-a97b7404b7f6:c2315, 4c3e8a66-6975-4917-8225-d3efe707aaff:c2315]
2019-09-04 11:46:11,183 | INFO  | DNAudit | user=null | ip=null | op=WRITE_CHUNK {blockData=conID: 2 locID: 102734074423280120 bcsId: 0} | ret=SUCCESS |  
2019-09-04 11:46:11,183 | INFO  | DNAudit | user=null | ip=null | op=WRITE_CHUNK {blockData=conID: 2 locID: 102734074423280120 bcsId: 0} | ret=SUCCESS |  
2019-09-04 11:46:11,184 | INFO  | DNAudit | user=null | ip=null | op=PUT_BLOCK {blockData=[blockId=conID: 2 locID: 102734074423280120 bcsId: 0,size=1048576]} | ret=SUCCESS |  
2019-09-04 11:46:11,184 | INFO  | DNAudit | user=null | ip=null | op=PUT_BLOCK {blockData=[blockId=conID: 2 locID: 102734074423280120 bcsId: 0,size=1048576]} | ret=SUCCESS |  
2019-09-04 11:46:11,184 [grpc-default-executor-0] INFO  client.GrpcClientProtocolClient (GrpcClientProtocolClient.java:onNext(255)) - client-D5CE890D7D9E->efcb8ff8-f060-4d95-9215-d0f5eb4af037: receive RaftClientReply:client-D5CE890D7D9E->efcb8ff8-f060-4d95-9215-d0f5eb4af037@group-0959F8DF43ED, cid=1611, SUCCESS, logIndex=0, commits[efcb8ff8-f060-4d95-9215-d0f5eb4af037:c2320, 6fae8b02-e804-4c0e-b729-a97b7404b7f6:c2317, 4c3e8a66-6975-4917-8225-d3efe707aaff:c2317]
2019-09-04 11:46:11,185 | INFO  | DNAudit | user=null | ip=null | op=WRITE_CHUNK {blockData=conID: 2 locID: 102734074423280120 bcsId: 0} | ret=SUCCESS |  
2019-09-04 11:46:11,185 | INFO  | DNAudit | user=null | ip=null | op=WRITE_CHUNK {blockData=conID: 2 locID: 102734074423280120 bcsId: 0} | ret=SUCCESS |  
2019-09-04 11:46:11,185 | INFO  | DNAudit | user=null | ip=null | op=PUT_BLOCK {blockData=[blockId=conID: 2 locID: 102734074423280120 bcsId: 0,size=2097152]} | ret=SUCCESS |  
2019-09-04 11:46:11,185 | INFO  | DNAudit | user=null | ip=null | op=PUT_BLOCK {blockData=[blockId=conID: 2 locID: 102734074423280120 bcsId: 0,size=2097152]} | ret=SUCCESS |  
2019-09-04 11:46:11,189 | INFO  | DNAudit | user=null | ip=null | op=WRITE_CHUNK {blockData=conID: 2 locID: 102734074423280120 bcsId: 2319} | ret=SUCCESS |  
2019-09-04 11:46:11,191 | INFO  | DNAudit | user=null | ip=null | op=WRITE_CHUNK {blockData=conID: 2 locID: 102734074423280120 bcsId: 2319} | ret=SUCCESS |  
2019-09-04 11:46:11,192 | INFO  | DNAudit | user=null | ip=null | op=WRITE_CHUNK {blockData=conID: 2 locID: 102734074423280120 bcsId: 2319} | ret=SUCCESS |  
2019-09-04 11:46:11,196 | INFO  | DNAudit | user=null | ip=null | op=WRITE_CHUNK {blockData=conID: 2 locID: 102734074423280120 bcsId: 2319} | ret=SUCCESS |  
2019-09-04 11:46:11,196 | INFO  | DNAudit | user=null | ip=null | op=PUT_BLOCK {blockData=[blockId=conID: 2 locID: 102734074423280120 bcsId: 0,size=3145728]} | ret=SUCCESS |  
2019-09-04 11:46:11,196 [grpc-default-executor-6] INFO  client.GrpcClientProtocolClient (GrpcClientProtocolClient.java:onNext(255)) - client-D5CE890D7D9E->efcb8ff8-f060-4d95-9215-d0f5eb4af037: receive RaftClientReply:client-D5CE890D7D9E->efcb8ff8-f060-4d95-9215-d0f5eb4af037@group-0959F8DF43ED, cid=1612, SUCCESS, logIndex=2324, commits[efcb8ff8-f060-4d95-9215-d0f5eb4af037:c2325, 6fae8b02-e804-4c0e-b729-a97b7404b7f6:c2323, 4c3e8a66-6975-4917-8225-d3efe707aaff:c2323]
2019-09-04 11:46:11,197 [grpc-default-executor-6] INFO  client.GrpcClientProtocolClient (GrpcClientProtocolClient.java:onNext(255)) - client-D5CE890D7D9E->efcb8ff8-f060-4d95-9215-d0f5eb4af037: receive RaftClientReply:client-D5CE890D7D9E->efcb8ff8-f060-4d95-9215-d0f5eb4af037@group-0959F8DF43ED, cid=1613, SUCCESS, logIndex=2325, commits[efcb8ff8-f060-4d95-9215-d0f5eb4af037:c2325, 6fae8b02-e804-4c0e-b729-a97b7404b7f6:c2323, 4c3e8a66-6975-4917-8225-d3efe707aaff:c2323]
2019-09-04 11:46:11,202 | INFO  | DNAudit | user=null | ip=null | op=WRITE_CHUNK {blockData=conID: 2 locID: 102734074423280120 bcsId: 2325} | ret=SUCCESS |  
2019-09-04 11:46:11,204 | INFO  | DNAudit | user=null | ip=null | op=WRITE_CHUNK {blockData=conID: 2 locID: 102734074423280120 bcsId: 2325} | ret=SUCCESS |  
2019-09-04 11:46:11,204 | INFO  | DNAudit | user=null | ip=null | op=WRITE_CHUNK {blockData=conID: 2 locID: 102734074423280120 bcsId: 2325} | ret=SUCCESS |  
2019-09-04 11:46:11,206 | INFO  | DNAudit | user=null | ip=null | op=WRITE_CHUNK {blockData=conID: 2 locID: 102734074423280120 bcsId: 2319} | ret=SUCCESS |  
2019-09-04 11:46:11,206 | INFO  | DNAudit | user=null | ip=null | op=WRITE_CHUNK {blockData=conID: 2 locID: 102734074423280120 bcsId: 2319} | ret=SUCCESS |  
2019-09-04 11:46:11,207 | INFO  | DNAudit | user=null | ip=null | op=PUT_BLOCK {blockData=[blockId=conID: 2 locID: 102734074423280120 bcsId: 0,size=3145728]} | ret=SUCCESS |  
2019-09-04 11:46:11,207 | INFO  | DNAudit | user=null | ip=null | op=PUT_BLOCK {blockData=[blockId=conID: 2 locID: 102734074423280120 bcsId: 0,size=3145728]} | ret=SUCCESS |  
2019-09-04 11:46:11,208 | INFO  | DNAudit | user=null | ip=null | op=WRITE_CHUNK {blockData=conID: 2 locID: 102734074423280120 bcsId: 2325} | ret=SUCCESS |  
2019-09-04 11:46:11,208 | INFO  | DNAudit | user=null | ip=null | op=PUT_BLOCK {blockData=[blockId=conID: 2 locID: 102734074423280120 bcsId: 0,size=4194304]} | ret=SUCCESS |  
2019-09-04 11:46:11,208 [grpc-default-executor-0] INFO  client.GrpcClientProtocolClient (GrpcClientProtocolClient.java:onNext(255)) - client-D5CE890D7D9E->efcb8ff8-f060-4d95-9215-d0f5eb4af037: receive RaftClientReply:client-D5CE890D7D9E->efcb8ff8-f060-4d95-9215-d0f5eb4af037@group-0959F8DF43ED, cid=1614, SUCCESS, logIndex=2328, commits[efcb8ff8-f060-4d95-9215-d0f5eb4af037:c2329, 6fae8b02-e804-4c0e-b729-a97b7404b7f6:c2325, 4c3e8a66-6975-4917-8225-d3efe707aaff:c2325]
2019-09-04 11:46:11,208 [grpc-default-executor-0] INFO  client.GrpcClientProtocolClient (GrpcClientProtocolClient.java:onNext(255)) - client-D5CE890D7D9E->efcb8ff8-f060-4d95-9215-d0f5eb4af037: receive RaftClientReply:client-D5CE890D7D9E->efcb8ff8-f060-4d95-9215-d0f5eb4af037@group-0959F8DF43ED, cid=1615, SUCCESS, logIndex=2329, commits[efcb8ff8-f060-4d95-9215-d0f5eb4af037:c2329, 6fae8b02-e804-4c0e-b729-a97b7404b7f6:c2325, 4c3e8a66-6975-4917-8225-d3efe707aaff:c2325]
2019-09-04 11:46:11,221 | INFO  | DNAudit | user=null | ip=null | op=WRITE_CHUNK {blockData=conID: 2 locID: 102734074423280120 bcsId: 2325} | ret=SUCCESS |  
2019-09-04 11:46:11,221 | INFO  | DNAudit | user=null | ip=null | op=WRITE_CHUNK {blockData=conID: 2 locID: 102734074423280120 bcsId: 2325} | ret=SUCCESS |  
2019-09-04 11:46:11,231 | INFO  | DNAudit | user=null | ip=null | op=PUT_BLOCK {blockData=[blockId=conID: 2 locID: 102734074423280120 bcsId: 0,size=4194304]} | ret=SUCCESS |  
2019-09-04 11:46:11,232 | INFO  | DNAudit | user=null | ip=null | op=PUT_BLOCK {blockData=[blockId=conID: 2 locID: 102734074423280120 bcsId: 0,size=4194304]} | ret=SUCCESS |  
2019-09-04 11:46:11,232 [grpc-default-executor-0] INFO  client.GrpcClientProtocolClient (GrpcClientProtocolClient.java:onNext(255)) - client-D5CE890D7D9E->efcb8ff8-f060-4d95-9215-d0f5eb4af037: receive RaftClientReply:client-D5CE890D7D9E->efcb8ff8-f060-4d95-9215-d0f5eb4af037@group-0959F8DF43ED, cid=1616, SUCCESS, logIndex=0, commits[efcb8ff8-f060-4d95-9215-d0f5eb4af037:c2331, 6fae8b02-e804-4c0e-b729-a97b7404b7f6:c2329, 4c3e8a66-6975-4917-8225-d3efe707aaff:c2329]
2019-09-04 11:46:11,236 | INFO  | SCMAudit | user=jenkins1000 | ip=192.168.36.67 | op=ALLOCATE_BLOCK {owner=8ab292a2-aaa7-4ad8-863a-d33994811155, size=4194304, type=RATIS, factor=THREE} | ret=SUCCESS |  
2019-09-04 11:46:11,239 | INFO  | OMAudit | user=jenkins1000 | ip=127.0.0.1 | op=ALLOCATE_BLOCK {volume=vol-0-58699, bucket=bucket-0-57464, key=key-0-37266, dataSize=0, replicationType=null, replicationFactor=null, keyLocationInfo=null, clientID=102734073355960722} | ret=SUCCESS |  
2019-09-04 11:46:11,245 | INFO  | DNAudit | user=null | ip=null | op=WRITE_CHUNK {blockData=conID: 3 locID: 102734074428523001 bcsId: 0} | ret=SUCCESS |  
2019-09-04 11:46:11,363 | INFO  | DNAudit | user=null | ip=null | op=WRITE_CHUNK {blockData=conID: 3 locID: 102734074428523001 bcsId: 0} | ret=SUCCESS |  
2019-09-04 11:46:11,364 | INFO  | DNAudit | user=null | ip=null | op=WRITE_CHUNK {blockData=conID: 3 locID: 102734074428523001 bcsId: 0} | ret=SUCCESS |  
2019-09-04 11:46:11,364 | INFO  | DNAudit | user=null | ip=null | op=WRITE_CHUNK {blockData=conID: 3 locID: 102734074428523001 bcsId: 0} | ret=SUCCESS |  
2019-09-04 11:46:11,367 | INFO  | DNAudit | user=null | ip=null | op=WRITE_CHUNK {blockData=conID: 3 locID: 102734074428523001 bcsId: 0} | ret=SUCCESS |  
2019-09-04 11:46:11,367 | INFO  | DNAudit | user=null | ip=null | op=WRITE_CHUNK {blockData=conID: 3 locID: 102734074428523001 bcsId: 0} | ret=SUCCESS |  
2019-09-04 11:46:11,369 | INFO  | DNAudit | user=null | ip=null | op=WRITE_CHUNK {blockData=conID: 3 locID: 102734074428523001 bcsId: 0} | ret=SUCCESS |  
2019-09-04 11:46:11,370 | INFO  | DNAudit | user=null | ip=null | op=PUT_BLOCK {blockData=[blockId=conID: 3 locID: 102734074428523001 bcsId: 0,size=1048576]} | ret=SUCCESS |  
2019-09-04 11:46:11,370 | INFO  | DNAudit | user=null | ip=null | op=WRITE_CHUNK {blockData=conID: 3 locID: 102734074428523001 bcsId: 0} | ret=SUCCESS |  
2019-09-04 11:46:11,370 [grpc-default-executor-1] INFO  client.GrpcClientProtocolClient (GrpcClientProtocolClient.java:onNext(255)) - client-D5CE890D7D9E->efcb8ff8-f060-4d95-9215-d0f5eb4af037: receive RaftClientReply:client-D5CE890D7D9E->efcb8ff8-f060-4d95-9215-d0f5eb4af037@group-0959F8DF43ED, cid=1617, SUCCESS, logIndex=2332, commits[efcb8ff8-f060-4d95-9215-d0f5eb4af037:c2333, 6fae8b02-e804-4c0e-b729-a97b7404b7f6:c2331, 4c3e8a66-6975-4917-8225-d3efe707aaff:c2331]
2019-09-04 11:46:11,370 | INFO  | DNAudit | user=null | ip=null | op=PUT_BLOCK {blockData=[blockId=conID: 3 locID: 102734074428523001 bcsId: 0,size=2097152]} | ret=SUCCESS |  
2019-09-04 11:46:11,371 | INFO  | DNAudit | user=null | ip=null | op=WRITE_CHUNK {blockData=conID: 3 locID: 102734074428523001 bcsId: 0} | ret=SUCCESS |  
2019-09-04 11:46:11,371 | INFO  | DNAudit | user=null | ip=null | op=PUT_BLOCK {blockData=[blockId=conID: 3 locID: 102734074428523001 bcsId: 0,size=1048576]} | ret=SUCCESS |  
2019-09-04 11:46:11,371 [grpc-default-executor-1] INFO  client.GrpcClientProtocolClient (GrpcClientProtocolClient.java:onNext(255)) - client-D5CE890D7D9E->efcb8ff8-f060-4d95-9215-d0f5eb4af037: receive RaftClientReply:client-D5CE890D7D9E->efcb8ff8-f060-4d95-9215-d0f5eb4af037@group-0959F8DF43ED, cid=1618, SUCCESS, logIndex=2333, commits[efcb8ff8-f060-4d95-9215-d0f5eb4af037:c2334, 6fae8b02-e804-4c0e-b729-a97b7404b7f6:c2331, 4c3e8a66-6975-4917-8225-d3efe707aaff:c2331]
2019-09-04 11:46:11,371 [grpc-default-executor-1] INFO  client.GrpcClientProtocolClient (GrpcClientProtocolClient.java:onNext(255)) - client-D5CE890D7D9E->efcb8ff8-f060-4d95-9215-d0f5eb4af037: receive RaftClientReply:client-D5CE890D7D9E->efcb8ff8-f060-4d95-9215-d0f5eb4af037@group-0959F8DF43ED, cid=1619, SUCCESS, logIndex=2334, commits[efcb8ff8-f060-4d95-9215-d0f5eb4af037:c2335, 6fae8b02-e804-4c0e-b729-a97b7404b7f6:c2331, 4c3e8a66-6975-4917-8225-d3efe707aaff:c2331]
2019-09-04 11:46:11,372 [grpc-default-executor-1] INFO  client.GrpcClientProtocolClient (GrpcClientProtocolClient.java:onNext(255)) - client-D5CE890D7D9E->efcb8ff8-f060-4d95-9215-d0f5eb4af037: receive RaftClientReply:client-D5CE890D7D9E->efcb8ff8-f060-4d95-9215-d0f5eb4af037@group-0959F8DF43ED, cid=1620, SUCCESS, logIndex=2335, commits[efcb8ff8-f060-4d95-9215-d0f5eb4af037:c2335, 6fae8b02-e804-4c0e-b729-a97b7404b7f6:c2331, 4c3e8a66-6975-4917-8225-d3efe707aaff:c2331]
2019-09-04 11:46:11,372 | INFO  | DNAudit | user=null | ip=null | op=WRITE_CHUNK {blockData=conID: 3 locID: 102734074428523001 bcsId: 0} | ret=SUCCESS |  
2019-09-04 11:46:11,372 | INFO  | DNAudit | user=null | ip=null | op=WRITE_CHUNK {blockData=conID: 3 locID: 102734074428523001 bcsId: 0} | ret=SUCCESS |  
2019-09-04 11:46:11,372 | INFO  | DNAudit | user=null | ip=null | op=PUT_BLOCK {blockData=[blockId=conID: 3 locID: 102734074428523001 bcsId: 0,size=1048576]} | ret=SUCCESS |  
2019-09-04 11:46:11,372 | INFO  | DNAudit | user=null | ip=null | op=WRITE_CHUNK {blockData=conID: 3 locID: 102734074428523001 bcsId: 0} | ret=SUCCESS |  
2019-09-04 11:46:11,372 | INFO  | DNAudit | user=null | ip=null | op=PUT_BLOCK {blockData=[blockId=conID: 3 locID: 102734074428523001 bcsId: 0,size=2097152]} | ret=SUCCESS |  
2019-09-04 11:46:11,373 [grpc-default-executor-0] INFO  client.GrpcClientProtocolClient (GrpcClientProtocolClient.java:onNext(255)) - client-D5CE890D7D9E->efcb8ff8-f060-4d95-9215-d0f5eb4af037: receive RaftClientReply:client-D5CE890D7D9E->efcb8ff8-f060-4d95-9215-d0f5eb4af037@group-0959F8DF43ED, cid=1621, SUCCESS, logIndex=0, commits[efcb8ff8-f060-4d95-9215-d0f5eb4af037:c2338, 6fae8b02-e804-4c0e-b729-a97b7404b7f6:c2334, 4c3e8a66-6975-4917-8225-d3efe707aaff:c2333]
2019-09-04 11:46:11,381 | INFO  | DNAudit | user=null | ip=null | op=WRITE_CHUNK {blockData=conID: 3 locID: 102734074428523001 bcsId: 2335} | ret=SUCCESS |  
2019-09-04 11:46:11,383 | INFO  | DNAudit | user=null | ip=null | op=WRITE_CHUNK {blockData=conID: 3 locID: 102734074428523001 bcsId: 2335} | ret=SUCCESS |  
2019-09-04 11:46:11,383 | INFO  | DNAudit | user=null | ip=null | op=WRITE_CHUNK {blockData=conID: 3 locID: 102734074428523001 bcsId: 2335} | ret=SUCCESS |  
2019-09-04 11:46:11,385 | INFO  | DNAudit | user=null | ip=null | op=PUT_BLOCK {blockData=[blockId=conID: 3 locID: 102734074428523001 bcsId: 0,size=2097152]} | ret=SUCCESS |  
2019-09-04 11:46:11,386 | INFO  | DNAudit | user=null | ip=null | op=WRITE_CHUNK {blockData=conID: 3 locID: 102734074428523001 bcsId: 2335} | ret=SUCCESS |  
2019-09-04 11:46:11,386 | INFO  | DNAudit | user=null | ip=null | op=PUT_BLOCK {blockData=[blockId=conID: 3 locID: 102734074428523001 bcsId: 0,size=3145728]} | ret=SUCCESS |  
2019-09-04 11:46:11,386 [grpc-default-executor-1] INFO  client.GrpcClientProtocolClient (GrpcClientProtocolClient.java:onNext(255)) - client-D5CE890D7D9E->efcb8ff8-f060-4d95-9215-d0f5eb4af037: receive RaftClientReply:client-D5CE890D7D9E->efcb8ff8-f060-4d95-9215-d0f5eb4af037@group-0959F8DF43ED, cid=1622, SUCCESS, logIndex=2340, commits[efcb8ff8-f060-4d95-9215-d0f5eb4af037:c2341, 6fae8b02-e804-4c0e-b729-a97b7404b7f6:c2339, 4c3e8a66-6975-4917-8225-d3efe707aaff:c2335]
2019-09-04 11:46:11,386 [grpc-default-executor-1] INFO  client.GrpcClientProtocolClient (GrpcClientProtocolClient.java:onNext(255)) - client-D5CE890D7D9E->efcb8ff8-f060-4d95-9215-d0f5eb4af037: receive RaftClientReply:client-D5CE890D7D9E->efcb8ff8-f060-4d95-9215-d0f5eb4af037@group-0959F8DF43ED, cid=1623, SUCCESS, logIndex=2341, commits[efcb8ff8-f060-4d95-9215-d0f5eb4af037:c2341, 6fae8b02-e804-4c0e-b729-a97b7404b7f6:c2339, 4c3e8a66-6975-4917-8225-d3efe707aaff:c2339]
2019-09-04 11:46:11,393 | INFO  | DNAudit | user=null | ip=null | op=WRITE_CHUNK {blockData=conID: 3 locID: 102734074428523001 bcsId: 2341} | ret=SUCCESS |  
2019-09-04 11:46:11,394 | INFO  | DNAudit | user=null | ip=null | op=WRITE_CHUNK {blockData=conID: 3 locID: 102734074428523001 bcsId: 2335} | ret=SUCCESS |  
2019-09-04 11:46:11,395 | INFO  | DNAudit | user=null | ip=null | op=WRITE_CHUNK {blockData=conID: 3 locID: 102734074428523001 bcsId: 2335} | ret=SUCCESS |  
2019-09-04 11:46:11,395 | INFO  | DNAudit | user=null | ip=null | op=PUT_BLOCK {blockData=[blockId=conID: 3 locID: 102734074428523001 bcsId: 0,size=3145728]} | ret=SUCCESS |  
2019-09-04 11:46:11,396 | INFO  | DNAudit | user=null | ip=null | op=PUT_BLOCK {blockData=[blockId=conID: 3 locID: 102734074428523001 bcsId: 0,size=3145728]} | ret=SUCCESS |  
2019-09-04 11:46:11,396 | INFO  | DNAudit | user=null | ip=null | op=WRITE_CHUNK {blockData=conID: 3 locID: 102734074428523001 bcsId: 2341} | ret=SUCCESS |  
2019-09-04 11:46:11,398 | INFO  | DNAudit | user=null | ip=null | op=WRITE_CHUNK {blockData=conID: 3 locID: 102734074428523001 bcsId: 2341} | ret=SUCCESS |  
2019-09-04 11:46:11,406 | INFO  | DNAudit | user=null | ip=null | op=WRITE_CHUNK {blockData=conID: 3 locID: 102734074428523001 bcsId: 2341} | ret=SUCCESS |  
2019-09-04 11:46:11,406 | INFO  | DNAudit | user=null | ip=null | op=PUT_BLOCK {blockData=[blockId=conID: 3 locID: 102734074428523001 bcsId: 0,size=4194304]} | ret=SUCCESS |  
2019-09-04 11:46:11,406 [grpc-default-executor-0] INFO  client.GrpcClientProtocolClient (GrpcClientProtocolClient.java:onNext(255)) - client-D5CE890D7D9E->efcb8ff8-f060-4d95-9215-d0f5eb4af037: receive RaftClientReply:client-D5CE890D7D9E->efcb8ff8-f060-4d95-9215-d0f5eb4af037@group-0959F8DF43ED, cid=1624, SUCCESS, logIndex=2344, commits[efcb8ff8-f060-4d95-9215-d0f5eb4af037:c2345, 6fae8b02-e804-4c0e-b729-a97b7404b7f6:c2341, 4c3e8a66-6975-4917-8225-d3efe707aaff:c2341]
2019-09-04 11:46:11,407 [grpc-default-executor-0] INFO  client.GrpcClientProtocolClient (GrpcClientProtocolClient.java:onNext(255)) - client-D5CE890D7D9E->efcb8ff8-f060-4d95-9215-d0f5eb4af037: receive RaftClientReply:client-D5CE890D7D9E->efcb8ff8-f060-4d95-9215-d0f5eb4af037@group-0959F8DF43ED, cid=1625, SUCCESS, logIndex=2345, commits[efcb8ff8-f060-4d95-9215-d0f5eb4af037:c2345, 6fae8b02-e804-4c0e-b729-a97b7404b7f6:c2341, 4c3e8a66-6975-4917-8225-d3efe707aaff:c2341]
2019-09-04 11:46:11,412 | INFO  | DNAudit | user=null | ip=null | op=WRITE_CHUNK {blockData=conID: 3 locID: 102734074428523001 bcsId: 2341} | ret=SUCCESS |  
2019-09-04 11:46:11,412 | INFO  | DNAudit | user=null | ip=null | op=WRITE_CHUNK {blockData=conID: 3 locID: 102734074428523001 bcsId: 2341} | ret=SUCCESS |  
2019-09-04 11:46:11,412 | INFO  | DNAudit | user=null | ip=null | op=PUT_BLOCK {blockData=[blockId=conID: 3 locID: 102734074428523001 bcsId: 0,size=4194304]} | ret=SUCCESS |  
2019-09-04 11:46:11,413 | INFO  | DNAudit | user=null | ip=null | op=PUT_BLOCK {blockData=[blockId=conID: 3 locID: 102734074428523001 bcsId: 0,size=4194304]} | ret=SUCCESS |  
2019-09-04 11:46:11,413 [grpc-default-executor-0] INFO  client.GrpcClientProtocolClient (GrpcClientProtocolClient.java:onNext(255)) - client-D5CE890D7D9E->efcb8ff8-f060-4d95-9215-d0f5eb4af037: receive RaftClientReply:client-D5CE890D7D9E->efcb8ff8-f060-4d95-9215-d0f5eb4af037@group-0959F8DF43ED, cid=1626, SUCCESS, logIndex=0, commits[efcb8ff8-f060-4d95-9215-d0f5eb4af037:c2346, 6fae8b02-e804-4c0e-b729-a97b7404b7f6:c2345, 4c3e8a66-6975-4917-8225-d3efe707aaff:c2345]
2019-09-04 11:46:11,417 | INFO  | SCMAudit | user=jenkins1000 | ip=192.168.36.67 | op=ALLOCATE_BLOCK {owner=8ab292a2-aaa7-4ad8-863a-d33994811155, size=4194304, type=RATIS, factor=THREE} | ret=SUCCESS |  
2019-09-04 11:46:11,420 | INFO  | OMAudit | user=jenkins1000 | ip=127.0.0.1 | op=ALLOCATE_BLOCK {volume=vol-0-58699, bucket=bucket-0-57464, key=key-0-37266, dataSize=0, replicationType=null, replicationFactor=null, keyLocationInfo=null, clientID=102734073355960722} | ret=SUCCESS |  
2019-09-04 11:46:11,427 | INFO  | DNAudit | user=null | ip=null | op=WRITE_CHUNK {blockData=conID: 1 locID: 102734074440385018 bcsId: 0} | ret=SUCCESS |  
2019-09-04 11:46:11,430 | INFO  | DNAudit | user=null | ip=null | op=WRITE_CHUNK {blockData=conID: 1 locID: 102734074440385018 bcsId: 0} | ret=SUCCESS |  
2019-09-04 11:46:11,431 | INFO  | DNAudit | user=null | ip=null | op=WRITE_CHUNK {blockData=conID: 1 locID: 102734074440385018 bcsId: 0} | ret=SUCCESS |  
2019-09-04 11:46:11,431 | INFO  | DNAudit | user=null | ip=null | op=WRITE_CHUNK {blockData=conID: 1 locID: 102734074440385018 bcsId: 0} | ret=SUCCESS |  
2019-09-04 11:46:11,432 | INFO  | DNAudit | user=null | ip=null | op=WRITE_CHUNK {blockData=conID: 1 locID: 102734074440385018 bcsId: 0} | ret=SUCCESS |  
2019-09-04 11:46:11,433 | INFO  | DNAudit | user=null | ip=null | op=WRITE_CHUNK {blockData=conID: 1 locID: 102734074440385018 bcsId: 0} | ret=SUCCESS |  
2019-09-04 11:46:11,435 | INFO  | DNAudit | user=null | ip=null | op=WRITE_CHUNK {blockData=conID: 1 locID: 102734074440385018 bcsId: 0} | ret=SUCCESS |  
2019-09-04 11:46:11,435 | INFO  | DNAudit | user=null | ip=null | op=PUT_BLOCK {blockData=[blockId=conID: 1 locID: 102734074440385018 bcsId: 0,size=1048576]} | ret=SUCCESS |  
2019-09-04 11:46:11,435 | INFO  | DNAudit | user=null | ip=null | op=WRITE_CHUNK {blockData=conID: 1 locID: 102734074440385018 bcsId: 0} | ret=SUCCESS |  
2019-09-04 11:46:11,435 [grpc-default-executor-1] INFO  client.GrpcClientProtocolClient (GrpcClientProtocolClient.java:onNext(255)) - client-D5CE890D7D9E->efcb8ff8-f060-4d95-9215-d0f5eb4af037: receive RaftClientReply:client-D5CE890D7D9E->efcb8ff8-f060-4d95-9215-d0f5eb4af037@group-0959F8DF43ED, cid=1627, SUCCESS, logIndex=2347, commits[efcb8ff8-f060-4d95-9215-d0f5eb4af037:c2348, 6fae8b02-e804-4c0e-b729-a97b7404b7f6:c2346, 4c3e8a66-6975-4917-8225-d3efe707aaff:c2346]
2019-09-04 11:46:11,436 | INFO  | DNAudit | user=null | ip=null | op=PUT_BLOCK {blockData=[blockId=conID: 1 locID: 102734074440385018 bcsId: 0,size=2097152]} | ret=SUCCESS |  
2019-09-04 11:46:11,436 [grpc-default-executor-1] INFO  client.GrpcClientProtocolClient (GrpcClientProtocolClient.java:onNext(255)) - client-D5CE890D7D9E->efcb8ff8-f060-4d95-9215-d0f5eb4af037: receive RaftClientReply:client-D5CE890D7D9E->efcb8ff8-f060-4d95-9215-d0f5eb4af037@group-0959F8DF43ED, cid=1628, SUCCESS, logIndex=2348, commits[efcb8ff8-f060-4d95-9215-d0f5eb4af037:c2350, 6fae8b02-e804-4c0e-b729-a97b7404b7f6:c2346, 4c3e8a66-6975-4917-8225-d3efe707aaff:c2346]
2019-09-04 11:46:11,436 [grpc-default-executor-0] INFO  client.GrpcClientProtocolClient (GrpcClientProtocolClient.java:onNext(255)) - client-D5CE890D7D9E->efcb8ff8-f060-4d95-9215-d0f5eb4af037: receive RaftClientReply:client-D5CE890D7D9E->efcb8ff8-f060-4d95-9215-d0f5eb4af037@group-0959F8DF43ED, cid=1629, SUCCESS, logIndex=2349, commits[efcb8ff8-f060-4d95-9215-d0f5eb4af037:c2350, 6fae8b02-e804-4c0e-b729-a97b7404b7f6:c2346, 4c3e8a66-6975-4917-8225-d3efe707aaff:c2346]
2019-09-04 11:46:11,436 [grpc-default-executor-0] INFO  client.GrpcClientProtocolClient (GrpcClientProtocolClient.java:onNext(255)) - client-D5CE890D7D9E->efcb8ff8-f060-4d95-9215-d0f5eb4af037: receive RaftClientReply:client-D5CE890D7D9E->efcb8ff8-f060-4d95-9215-d0f5eb4af037@group-0959F8DF43ED, cid=1630, SUCCESS, logIndex=2350, commits[efcb8ff8-f060-4d95-9215-d0f5eb4af037:c2350, 6fae8b02-e804-4c0e-b729-a97b7404b7f6:c2346, 4c3e8a66-6975-4917-8225-d3efe707aaff:c2346]
2019-09-04 11:46:11,437 | INFO  | DNAudit | user=null | ip=null | op=WRITE_CHUNK {blockData=conID: 1 locID: 102734074440385018 bcsId: 0} | ret=SUCCESS |  
2019-09-04 11:46:11,437 | INFO  | DNAudit | user=null | ip=null | op=PUT_BLOCK {blockData=[blockId=conID: 1 locID: 102734074440385018 bcsId: 0,size=1048576]} | ret=SUCCESS |  
2019-09-04 11:46:11,437 | INFO  | DNAudit | user=null | ip=null | op=WRITE_CHUNK {blockData=conID: 1 locID: 102734074440385018 bcsId: 0} | ret=SUCCESS |  
2019-09-04 11:46:11,437 | INFO  | DNAudit | user=null | ip=null | op=PUT_BLOCK {blockData=[blockId=conID: 1 locID: 102734074440385018 bcsId: 0,size=1048576]} | ret=SUCCESS |  
2019-09-04 11:46:11,438 | INFO  | DNAudit | user=null | ip=null | op=WRITE_CHUNK {blockData=conID: 1 locID: 102734074440385018 bcsId: 0} | ret=SUCCESS |  
2019-09-04 11:46:11,438 [grpc-default-executor-0] INFO  client.GrpcClientProtocolClient (GrpcClientProtocolClient.java:onNext(255)) - client-D5CE890D7D9E->efcb8ff8-f060-4d95-9215-d0f5eb4af037: receive RaftClientReply:client-D5CE890D7D9E->efcb8ff8-f060-4d95-9215-d0f5eb4af037@group-0959F8DF43ED, cid=1631, SUCCESS, logIndex=0, commits[efcb8ff8-f060-4d95-9215-d0f5eb4af037:c2351, 6fae8b02-e804-4c0e-b729-a97b7404b7f6:c2348, 4c3e8a66-6975-4917-8225-d3efe707aaff:c2348]
2019-09-04 11:46:11,438 | INFO  | DNAudit | user=null | ip=null | op=WRITE_CHUNK {blockData=conID: 1 locID: 102734074440385018 bcsId: 0} | ret=SUCCESS |  
2019-09-04 11:46:11,438 | INFO  | DNAudit | user=null | ip=null | op=PUT_BLOCK {blockData=[blockId=conID: 1 locID: 102734074440385018 bcsId: 0,size=2097152]} | ret=SUCCESS |  
2019-09-04 11:46:11,438 | INFO  | DNAudit | user=null | ip=null | op=PUT_BLOCK {blockData=[blockId=conID: 1 locID: 102734074440385018 bcsId: 0,size=2097152]} | ret=SUCCESS |  
2019-09-04 11:46:11,444 | INFO  | DNAudit | user=null | ip=null | op=WRITE_CHUNK {blockData=conID: 1 locID: 102734074440385018 bcsId: 2350} | ret=SUCCESS |  
2019-09-04 11:46:11,446 | INFO  | DNAudit | user=null | ip=null | op=WRITE_CHUNK {blockData=conID: 1 locID: 102734074440385018 bcsId: 2350} | ret=SUCCESS |  
2019-09-04 11:46:11,447 | INFO  | DNAudit | user=null | ip=null | op=WRITE_CHUNK {blockData=conID: 1 locID: 102734074440385018 bcsId: 2350} | ret=SUCCESS |  
2019-09-04 11:46:11,454 | INFO  | DNAudit | user=null | ip=null | op=WRITE_CHUNK {blockData=conID: 1 locID: 102734074440385018 bcsId: 2350} | ret=SUCCESS |  
2019-09-04 11:46:11,454 | INFO  | DNAudit | user=null | ip=null | op=PUT_BLOCK {blockData=[blockId=conID: 1 locID: 102734074440385018 bcsId: 0,size=3145728]} | ret=SUCCESS |  
2019-09-04 11:46:11,455 [grpc-default-executor-1] INFO  client.GrpcClientProtocolClient (GrpcClientProtocolClient.java:onNext(255)) - client-D5CE890D7D9E->efcb8ff8-f060-4d95-9215-d0f5eb4af037: receive RaftClientReply:client-D5CE890D7D9E->efcb8ff8-f060-4d95-9215-d0f5eb4af037@group-0959F8DF43ED, cid=1632, SUCCESS, logIndex=2354, commits[efcb8ff8-f060-4d95-9215-d0f5eb4af037:c2355, 6fae8b02-e804-4c0e-b729-a97b7404b7f6:c2353, 4c3e8a66-6975-4917-8225-d3efe707aaff:c2353]
2019-09-04 11:46:11,455 [grpc-default-executor-1] INFO  client.GrpcClientProtocolClient (GrpcClientProtocolClient.java:onNext(255)) - client-D5CE890D7D9E->efcb8ff8-f060-4d95-9215-d0f5eb4af037: receive RaftClientReply:client-D5CE890D7D9E->efcb8ff8-f060-4d95-9215-d0f5eb4af037@group-0959F8DF43ED, cid=1633, SUCCESS, logIndex=2355, commits[efcb8ff8-f060-4d95-9215-d0f5eb4af037:c2355, 6fae8b02-e804-4c0e-b729-a97b7404b7f6:c2353, 4c3e8a66-6975-4917-8225-d3efe707aaff:c2353]
2019-09-04 11:46:11,461 | INFO  | DNAudit | user=null | ip=null | op=WRITE_CHUNK {blockData=conID: 1 locID: 102734074440385018 bcsId: 2355} | ret=SUCCESS |  
2019-09-04 11:46:11,463 | INFO  | DNAudit | user=null | ip=null | op=WRITE_CHUNK {blockData=conID: 1 locID: 102734074440385018 bcsId: 2350} | ret=SUCCESS |  
2019-09-04 11:46:11,463 | INFO  | DNAudit | user=null | ip=null | op=WRITE_CHUNK {blockData=conID: 1 locID: 102734074440385018 bcsId: 2350} | ret=SUCCESS |  
2019-09-04 11:46:11,463 | INFO  | DNAudit | user=null | ip=null | op=WRITE_CHUNK {blockData=conID: 1 locID: 102734074440385018 bcsId: 2355} | ret=SUCCESS |  
2019-09-04 11:46:11,463 | INFO  | DNAudit | user=null | ip=null | op=WRITE_CHUNK {blockData=conID: 1 locID: 102734074440385018 bcsId: 2355} | ret=SUCCESS |  
2019-09-04 11:46:11,471 | INFO  | DNAudit | user=null | ip=null | op=PUT_BLOCK {blockData=[blockId=conID: 1 locID: 102734074440385018 bcsId: 0,size=3145728]} | ret=SUCCESS |  
2019-09-04 11:46:11,471 | INFO  | DNAudit | user=null | ip=null | op=WRITE_CHUNK {blockData=conID: 1 locID: 102734074440385018 bcsId: 2355} | ret=SUCCESS |  
2019-09-04 11:46:11,472 | INFO  | DNAudit | user=null | ip=null | op=PUT_BLOCK {blockData=[blockId=conID: 1 locID: 102734074440385018 bcsId: 0,size=3145728]} | ret=SUCCESS |  
2019-09-04 11:46:11,472 | INFO  | DNAudit | user=null | ip=null | op=PUT_BLOCK {blockData=[blockId=conID: 1 locID: 102734074440385018 bcsId: 0,size=4194304]} | ret=SUCCESS |  
2019-09-04 11:46:11,472 [grpc-default-executor-1] INFO  client.GrpcClientProtocolClient (GrpcClientProtocolClient.java:onNext(255)) - client-D5CE890D7D9E->efcb8ff8-f060-4d95-9215-d0f5eb4af037: receive RaftClientReply:client-D5CE890D7D9E->efcb8ff8-f060-4d95-9215-d0f5eb4af037@group-0959F8DF43ED, cid=1634, SUCCESS, logIndex=2358, commits[efcb8ff8-f060-4d95-9215-d0f5eb4af037:c2359, 6fae8b02-e804-4c0e-b729-a97b7404b7f6:c2354, 4c3e8a66-6975-4917-8225-d3efe707aaff:c2355]
2019-09-04 11:46:11,472 [grpc-default-executor-1] INFO  client.GrpcClientProtocolClient (GrpcClientProtocolClient.java:onNext(255)) - client-D5CE890D7D9E->efcb8ff8-f060-4d95-9215-d0f5eb4af037: receive RaftClientReply:client-D5CE890D7D9E->efcb8ff8-f060-4d95-9215-d0f5eb4af037@group-0959F8DF43ED, cid=1635, SUCCESS, logIndex=2359, commits[efcb8ff8-f060-4d95-9215-d0f5eb4af037:c2359, 6fae8b02-e804-4c0e-b729-a97b7404b7f6:c2355, 4c3e8a66-6975-4917-8225-d3efe707aaff:c2355]
2019-09-04 11:46:11,481 | INFO  | DNAudit | user=null | ip=null | op=WRITE_CHUNK {blockData=conID: 1 locID: 102734074440385018 bcsId: 2355} | ret=SUCCESS |  
2019-09-04 11:46:11,481 | INFO  | DNAudit | user=null | ip=null | op=WRITE_CHUNK {blockData=conID: 1 locID: 102734074440385018 bcsId: 2355} | ret=SUCCESS |  
2019-09-04 11:46:11,482 | INFO  | DNAudit | user=null | ip=null | op=PUT_BLOCK {blockData=[blockId=conID: 1 locID: 102734074440385018 bcsId: 0,size=4194304]} | ret=SUCCESS |  
2019-09-04 11:46:11,482 | INFO  | DNAudit | user=null | ip=null | op=PUT_BLOCK {blockData=[blockId=conID: 1 locID: 102734074440385018 bcsId: 0,size=4194304]} | ret=SUCCESS |  
2019-09-04 11:46:11,483 [grpc-default-executor-1] INFO  client.GrpcClientProtocolClient (GrpcClientProtocolClient.java:onNext(255)) - client-D5CE890D7D9E->efcb8ff8-f060-4d95-9215-d0f5eb4af037: receive RaftClientReply:client-D5CE890D7D9E->efcb8ff8-f060-4d95-9215-d0f5eb4af037@group-0959F8DF43ED, cid=1636, SUCCESS, logIndex=0, commits[efcb8ff8-f060-4d95-9215-d0f5eb4af037:c2361, 6fae8b02-e804-4c0e-b729-a97b7404b7f6:c2359, 4c3e8a66-6975-4917-8225-d3efe707aaff:c2359]
2019-09-04 11:46:11,488 | INFO  | SCMAudit | user=jenkins1000 | ip=192.168.36.67 | op=ALLOCATE_BLOCK {owner=8ab292a2-aaa7-4ad8-863a-d33994811155, size=4194304, type=RATIS, factor=THREE} | ret=SUCCESS |  
2019-09-04 11:46:11,490 | INFO  | OMAudit | user=jenkins1000 | ip=127.0.0.1 | op=ALLOCATE_BLOCK {volume=vol-0-58699, bucket=bucket-0-57464, key=key-0-37266, dataSize=0, replicationType=null, replicationFactor=null, keyLocationInfo=null, clientID=102734073355960722} | ret=SUCCESS |  
2019-09-04 11:46:11,497 | INFO  | DNAudit | user=null | ip=null | op=WRITE_CHUNK {blockData=conID: 2 locID: 102734074444972539 bcsId: 0} | ret=SUCCESS |  
2019-09-04 11:46:11,499 | INFO  | DNAudit | user=null | ip=null | op=WRITE_CHUNK {blockData=conID: 2 locID: 102734074444972539 bcsId: 0} | ret=SUCCESS |  
2019-09-04 11:46:11,500 | INFO  | DNAudit | user=null | ip=null | op=WRITE_CHUNK {blockData=conID: 2 locID: 102734074444972539 bcsId: 0} | ret=SUCCESS |  
2019-09-04 11:46:11,501 | INFO  | DNAudit | user=null | ip=null | op=WRITE_CHUNK {blockData=conID: 2 locID: 102734074444972539 bcsId: 0} | ret=SUCCESS |  
2019-09-04 11:46:11,502 | INFO  | DNAudit | user=null | ip=null | op=WRITE_CHUNK {blockData=conID: 2 locID: 102734074444972539 bcsId: 0} | ret=SUCCESS |  
2019-09-04 11:46:11,503 | INFO  | DNAudit | user=null | ip=null | op=WRITE_CHUNK {blockData=conID: 2 locID: 102734074444972539 bcsId: 0} | ret=SUCCESS |  
2019-09-04 11:46:11,508 | INFO  | DNAudit | user=null | ip=null | op=WRITE_CHUNK {blockData=conID: 2 locID: 102734074444972539 bcsId: 0} | ret=SUCCESS |  
2019-09-04 11:46:11,509 | INFO  | DNAudit | user=null | ip=null | op=PUT_BLOCK {blockData=[blockId=conID: 2 locID: 102734074444972539 bcsId: 0,size=1048576]} | ret=SUCCESS |  
2019-09-04 11:46:11,509 [grpc-default-executor-1] INFO  client.GrpcClientProtocolClient (GrpcClientProtocolClient.java:onNext(255)) - client-D5CE890D7D9E->efcb8ff8-f060-4d95-9215-d0f5eb4af037: receive RaftClientReply:client-D5CE890D7D9E->efcb8ff8-f060-4d95-9215-d0f5eb4af037@group-0959F8DF43ED, cid=1637, SUCCESS, logIndex=2362, commits[efcb8ff8-f060-4d95-9215-d0f5eb4af037:c2363, 6fae8b02-e804-4c0e-b729-a97b7404b7f6:c2361, 4c3e8a66-6975-4917-8225-d3efe707aaff:c2361]
2019-09-04 11:46:11,509 | INFO  | DNAudit | user=null | ip=null | op=WRITE_CHUNK {blockData=conID: 2 locID: 102734074444972539 bcsId: 0} | ret=SUCCESS |  
2019-09-04 11:46:11,509 | INFO  | DNAudit | user=null | ip=null | op=PUT_BLOCK {blockData=[blockId=conID: 2 locID: 102734074444972539 bcsId: 0,size=2097152]} | ret=SUCCESS |  
2019-09-04 11:46:11,509 [grpc-default-executor-1] INFO  client.GrpcClientProtocolClient (GrpcClientProtocolClient.java:onNext(255)) - client-D5CE890D7D9E->efcb8ff8-f060-4d95-9215-d0f5eb4af037: receive RaftClientReply:client-D5CE890D7D9E->efcb8ff8-f060-4d95-9215-d0f5eb4af037@group-0959F8DF43ED, cid=1638, SUCCESS, logIndex=2363, commits[efcb8ff8-f060-4d95-9215-d0f5eb4af037:c2365, 6fae8b02-e804-4c0e-b729-a97b7404b7f6:c2361, 4c3e8a66-6975-4917-8225-d3efe707aaff:c2361]
2019-09-04 11:46:11,510 [grpc-default-executor-1] INFO  client.GrpcClientProtocolClient (GrpcClientProtocolClient.java:onNext(255)) - client-D5CE890D7D9E->efcb8ff8-f060-4d95-9215-d0f5eb4af037: receive RaftClientReply:client-D5CE890D7D9E->efcb8ff8-f060-4d95-9215-d0f5eb4af037@group-0959F8DF43ED, cid=1639, SUCCESS, logIndex=2364, commits[efcb8ff8-f060-4d95-9215-d0f5eb4af037:c2365, 6fae8b02-e804-4c0e-b729-a97b7404b7f6:c2361, 4c3e8a66-6975-4917-8225-d3efe707aaff:c2361]
2019-09-04 11:46:11,510 [grpc-default-executor-1] INFO  client.GrpcClientProtocolClient (GrpcClientProtocolClient.java:onNext(255)) - client-D5CE890D7D9E->efcb8ff8-f060-4d95-9215-d0f5eb4af037: receive RaftClientReply:client-D5CE890D7D9E->efcb8ff8-f060-4d95-9215-d0f5eb4af037@group-0959F8DF43ED, cid=1640, SUCCESS, logIndex=2365, commits[efcb8ff8-f060-4d95-9215-d0f5eb4af037:c2365, 6fae8b02-e804-4c0e-b729-a97b7404b7f6:c2361, 4c3e8a66-6975-4917-8225-d3efe707aaff:c2361]
2019-09-04 11:46:11,510 | INFO  | DNAudit | user=null | ip=null | op=WRITE_CHUNK {blockData=conID: 2 locID: 102734074444972539 bcsId: 0} | ret=SUCCESS |  
2019-09-04 11:46:11,510 | INFO  | DNAudit | user=null | ip=null | op=WRITE_CHUNK {blockData=conID: 2 locID: 102734074444972539 bcsId: 0} | ret=SUCCESS |  
2019-09-04 11:46:11,510 | INFO  | DNAudit | user=null | ip=null | op=PUT_BLOCK {blockData=[blockId=conID: 2 locID: 102734074444972539 bcsId: 0,size=1048576]} | ret=SUCCESS |  
2019-09-04 11:46:11,510 | INFO  | DNAudit | user=null | ip=null | op=PUT_BLOCK {blockData=[blockId=conID: 2 locID: 102734074444972539 bcsId: 0,size=1048576]} | ret=SUCCESS |  
2019-09-04 11:46:11,511 [grpc-default-executor-6] INFO  client.GrpcClientProtocolClient (GrpcClientProtocolClient.java:onNext(255)) - client-D5CE890D7D9E->efcb8ff8-f060-4d95-9215-d0f5eb4af037: receive RaftClientReply:client-D5CE890D7D9E->efcb8ff8-f060-4d95-9215-d0f5eb4af037@group-0959F8DF43ED, cid=1641, SUCCESS, logIndex=0, commits[efcb8ff8-f060-4d95-9215-d0f5eb4af037:c2366, 6fae8b02-e804-4c0e-b729-a97b7404b7f6:c2363, 4c3e8a66-6975-4917-8225-d3efe707aaff:c2363]
2019-09-04 11:46:11,511 | INFO  | DNAudit | user=null | ip=null | op=WRITE_CHUNK {blockData=conID: 2 locID: 102734074444972539 bcsId: 0} | ret=SUCCESS |  
2019-09-04 11:46:11,511 | INFO  | DNAudit | user=null | ip=null | op=WRITE_CHUNK {blockData=conID: 2 locID: 102734074444972539 bcsId: 0} | ret=SUCCESS |  
2019-09-04 11:46:11,511 | INFO  | DNAudit | user=null | ip=null | op=PUT_BLOCK {blockData=[blockId=conID: 2 locID: 102734074444972539 bcsId: 0,size=2097152]} | ret=SUCCESS |  
2019-09-04 11:46:11,512 | INFO  | DNAudit | user=null | ip=null | op=PUT_BLOCK {blockData=[blockId=conID: 2 locID: 102734074444972539 bcsId: 0,size=2097152]} | ret=SUCCESS |  
2019-09-04 11:46:11,517 | INFO  | DNAudit | user=null | ip=null | op=WRITE_CHUNK {blockData=conID: 2 locID: 102734074444972539 bcsId: 2365} | ret=SUCCESS |  
2019-09-04 11:46:11,520 | INFO  | DNAudit | user=null | ip=null | op=WRITE_CHUNK {blockData=conID: 2 locID: 102734074444972539 bcsId: 2365} | ret=SUCCESS |  
2019-09-04 11:46:11,520 | INFO  | DNAudit | user=null | ip=null | op=WRITE_CHUNK {blockData=conID: 2 locID: 102734074444972539 bcsId: 2365} | ret=SUCCESS |  
2019-09-04 11:46:11,526 | INFO  | DNAudit | user=null | ip=null | op=WRITE_CHUNK {blockData=conID: 2 locID: 102734074444972539 bcsId: 2365} | ret=SUCCESS |  
2019-09-04 11:46:11,526 | INFO  | DNAudit | user=null | ip=null | op=PUT_BLOCK {blockData=[blockId=conID: 2 locID: 102734074444972539 bcsId: 0,size=3145728]} | ret=SUCCESS |  
2019-09-04 11:46:11,526 [grpc-default-executor-6] INFO  client.GrpcClientProtocolClient (GrpcClientProtocolClient.java:onNext(255)) - client-D5CE890D7D9E->efcb8ff8-f060-4d95-9215-d0f5eb4af037: receive RaftClientReply:client-D5CE890D7D9E->efcb8ff8-f060-4d95-9215-d0f5eb4af037@group-0959F8DF43ED, cid=1642, SUCCESS, logIndex=2369, commits[efcb8ff8-f060-4d95-9215-d0f5eb4af037:c2370, 6fae8b02-e804-4c0e-b729-a97b7404b7f6:c2368, 4c3e8a66-6975-4917-8225-d3efe707aaff:c2368]
2019-09-04 11:46:11,527 [grpc-default-executor-6] INFO  client.GrpcClientProtocolClient (GrpcClientProtocolClient.java:onNext(255)) - client-D5CE890D7D9E->efcb8ff8-f060-4d95-9215-d0f5eb4af037: receive RaftClientReply:client-D5CE890D7D9E->efcb8ff8-f060-4d95-9215-d0f5eb4af037@group-0959F8DF43ED, cid=1643, SUCCESS, logIndex=2370, commits[efcb8ff8-f060-4d95-9215-d0f5eb4af037:c2370, 6fae8b02-e804-4c0e-b729-a97b7404b7f6:c2368, 4c3e8a66-6975-4917-8225-d3efe707aaff:c2368]
2019-09-04 11:46:11,533 | INFO  | DNAudit | user=null | ip=null | op=WRITE_CHUNK {blockData=conID: 2 locID: 102734074444972539 bcsId: 2370} | ret=SUCCESS |  
2019-09-04 11:46:11,536 | INFO  | DNAudit | user=null | ip=null | op=WRITE_CHUNK {blockData=conID: 2 locID: 102734074444972539 bcsId: 2370} | ret=SUCCESS |  
2019-09-04 11:46:11,536 | INFO  | DNAudit | user=null | ip=null | op=WRITE_CHUNK {blockData=conID: 2 locID: 102734074444972539 bcsId: 2370} | ret=SUCCESS |  
2019-09-04 11:46:11,538 | INFO  | DNAudit | user=null | ip=null | op=WRITE_CHUNK {blockData=conID: 2 locID: 102734074444972539 bcsId: 2365} | ret=SUCCESS |  
2019-09-04 11:46:11,538 | INFO  | DNAudit | user=null | ip=null | op=WRITE_CHUNK {blockData=conID: 2 locID: 102734074444972539 bcsId: 2365} | ret=SUCCESS |  
2019-09-04 11:46:11,551 | INFO  | DNAudit | user=null | ip=null | op=PUT_BLOCK {blockData=[blockId=conID: 2 locID: 102734074444972539 bcsId: 0,size=3145728]} | ret=SUCCESS |  
2019-09-04 11:46:11,551 | INFO  | DNAudit | user=null | ip=null | op=PUT_BLOCK {blockData=[blockId=conID: 2 locID: 102734074444972539 bcsId: 0,size=3145728]} | ret=SUCCESS |  
2019-09-04 11:46:11,551 | INFO  | DNAudit | user=null | ip=null | op=WRITE_CHUNK {blockData=conID: 2 locID: 102734074444972539 bcsId: 2370} | ret=SUCCESS |  
2019-09-04 11:46:11,552 | INFO  | DNAudit | user=null | ip=null | op=PUT_BLOCK {blockData=[blockId=conID: 2 locID: 102734074444972539 bcsId: 0,size=4194304]} | ret=SUCCESS |  
2019-09-04 11:46:11,552 [grpc-default-executor-1] INFO  client.GrpcClientProtocolClient (GrpcClientProtocolClient.java:onNext(255)) - client-D5CE890D7D9E->efcb8ff8-f060-4d95-9215-d0f5eb4af037: receive RaftClientReply:client-D5CE890D7D9E->efcb8ff8-f060-4d95-9215-d0f5eb4af037@group-0959F8DF43ED, cid=1644, SUCCESS, logIndex=2373, commits[efcb8ff8-f060-4d95-9215-d0f5eb4af037:c2374, 6fae8b02-e804-4c0e-b729-a97b7404b7f6:c2370, 4c3e8a66-6975-4917-8225-d3efe707aaff:c2370]
2019-09-04 11:46:11,552 [grpc-default-executor-1] INFO  client.GrpcClientProtocolClient (GrpcClientProtocolClient.java:onNext(255)) - client-D5CE890D7D9E->efcb8ff8-f060-4d95-9215-d0f5eb4af037: receive RaftClientReply:client-D5CE890D7D9E->efcb8ff8-f060-4d95-9215-d0f5eb4af037@group-0959F8DF43ED, cid=1645, SUCCESS, logIndex=2374, commits[efcb8ff8-f060-4d95-9215-d0f5eb4af037:c2374, 6fae8b02-e804-4c0e-b729-a97b7404b7f6:c2370, 4c3e8a66-6975-4917-8225-d3efe707aaff:c2370]
2019-09-04 11:46:11,565 | INFO  | DNAudit | user=null | ip=null | op=WRITE_CHUNK {blockData=conID: 2 locID: 102734074444972539 bcsId: 2370} | ret=SUCCESS |  
2019-09-04 11:46:11,566 | INFO  | DNAudit | user=null | ip=null | op=WRITE_CHUNK {blockData=conID: 2 locID: 102734074444972539 bcsId: 2370} | ret=SUCCESS |  
2019-09-04 11:46:11,567 | INFO  | DNAudit | user=null | ip=null | op=PUT_BLOCK {blockData=[blockId=conID: 2 locID: 102734074444972539 bcsId: 0,size=4194304]} | ret=SUCCESS |  
2019-09-04 11:46:11,567 | INFO  | DNAudit | user=null | ip=null | op=PUT_BLOCK {blockData=[blockId=conID: 2 locID: 102734074444972539 bcsId: 0,size=4194304]} | ret=SUCCESS |  
2019-09-04 11:46:11,567 [grpc-default-executor-1] INFO  client.GrpcClientProtocolClient (GrpcClientProtocolClient.java:onNext(255)) - client-D5CE890D7D9E->efcb8ff8-f060-4d95-9215-d0f5eb4af037: receive RaftClientReply:client-D5CE890D7D9E->efcb8ff8-f060-4d95-9215-d0f5eb4af037@group-0959F8DF43ED, cid=1646, SUCCESS, logIndex=0, commits[efcb8ff8-f060-4d95-9215-d0f5eb4af037:c2376, 6fae8b02-e804-4c0e-b729-a97b7404b7f6:c2374, 4c3e8a66-6975-4917-8225-d3efe707aaff:c2374]
2019-09-04 11:46:11,571 | INFO  | SCMAudit | user=jenkins1000 | ip=192.168.36.67 | op=ALLOCATE_BLOCK {owner=8ab292a2-aaa7-4ad8-863a-d33994811155, size=4194304, type=RATIS, factor=THREE} | ret=SUCCESS |  
2019-09-04 11:46:11,574 | INFO  | OMAudit | user=jenkins1000 | ip=127.0.0.1 | op=ALLOCATE_BLOCK {volume=vol-0-58699, bucket=bucket-0-57464, key=key-0-37266, dataSize=0, replicationType=null, replicationFactor=null, keyLocationInfo=null, clientID=102734073355960722} | ret=SUCCESS |  
2019-09-04 11:46:11,581 | INFO  | DNAudit | user=null | ip=null | op=WRITE_CHUNK {blockData=conID: 3 locID: 102734074450477564 bcsId: 0} | ret=SUCCESS |  
2019-09-04 11:46:11,582 | INFO  | DNAudit | user=null | ip=null | op=WRITE_CHUNK {blockData=conID: 3 locID: 102734074450477564 bcsId: 0} | ret=SUCCESS |  
2019-09-04 11:46:11,583 | INFO  | DNAudit | user=null | ip=null | op=WRITE_CHUNK {blockData=conID: 3 locID: 102734074450477564 bcsId: 0} | ret=SUCCESS |  
2019-09-04 11:46:11,584 | INFO  | DNAudit | user=null | ip=null | op=WRITE_CHUNK {blockData=conID: 3 locID: 102734074450477564 bcsId: 0} | ret=SUCCESS |  
2019-09-04 11:46:11,585 | INFO  | DNAudit | user=null | ip=null | op=WRITE_CHUNK {blockData=conID: 3 locID: 102734074450477564 bcsId: 0} | ret=SUCCESS |  
2019-09-04 11:46:11,585 | INFO  | DNAudit | user=null | ip=null | op=WRITE_CHUNK {blockData=conID: 3 locID: 102734074450477564 bcsId: 0} | ret=SUCCESS |  
2019-09-04 11:46:11,600 | INFO  | DNAudit | user=null | ip=null | op=WRITE_CHUNK {blockData=conID: 3 locID: 102734074450477564 bcsId: 0} | ret=SUCCESS |  
2019-09-04 11:46:11,601 | INFO  | DNAudit | user=null | ip=null | op=PUT_BLOCK {blockData=[blockId=conID: 3 locID: 102734074450477564 bcsId: 0,size=1048576]} | ret=SUCCESS |  
2019-09-04 11:46:11,601 | INFO  | DNAudit | user=null | ip=null | op=WRITE_CHUNK {blockData=conID: 3 locID: 102734074450477564 bcsId: 0} | ret=SUCCESS |  
2019-09-04 11:46:11,601 [grpc-default-executor-1] INFO  client.GrpcClientProtocolClient (GrpcClientProtocolClient.java:onNext(255)) - client-D5CE890D7D9E->efcb8ff8-f060-4d95-9215-d0f5eb4af037: receive RaftClientReply:client-D5CE890D7D9E->efcb8ff8-f060-4d95-9215-d0f5eb4af037@group-0959F8DF43ED, cid=1647, SUCCESS, logIndex=2377, commits[efcb8ff8-f060-4d95-9215-d0f5eb4af037:c2378, 6fae8b02-e804-4c0e-b729-a97b7404b7f6:c2376, 4c3e8a66-6975-4917-8225-d3efe707aaff:c2376]
2019-09-04 11:46:11,601 | INFO  | DNAudit | user=null | ip=null | op=PUT_BLOCK {blockData=[blockId=conID: 3 locID: 102734074450477564 bcsId: 0,size=2097152]} | ret=SUCCESS |  
2019-09-04 11:46:11,602 [grpc-default-executor-1] INFO  client.GrpcClientProtocolClient (GrpcClientProtocolClient.java:onNext(255)) - client-D5CE890D7D9E->efcb8ff8-f060-4d95-9215-d0f5eb4af037: receive RaftClientReply:client-D5CE890D7D9E->efcb8ff8-f060-4d95-9215-d0f5eb4af037@group-0959F8DF43ED, cid=1648, SUCCESS, logIndex=2378, commits[efcb8ff8-f060-4d95-9215-d0f5eb4af037:c2380, 6fae8b02-e804-4c0e-b729-a97b7404b7f6:c2376, 4c3e8a66-6975-4917-8225-d3efe707aaff:c2376]
2019-09-04 11:46:11,602 [grpc-default-executor-1] INFO  client.GrpcClientProtocolClient (GrpcClientProtocolClient.java:onNext(255)) - client-D5CE890D7D9E->efcb8ff8-f060-4d95-9215-d0f5eb4af037: receive RaftClientReply:client-D5CE890D7D9E->efcb8ff8-f060-4d95-9215-d0f5eb4af037@group-0959F8DF43ED, cid=1649, SUCCESS, logIndex=2379, commits[efcb8ff8-f060-4d95-9215-d0f5eb4af037:c2380, 6fae8b02-e804-4c0e-b729-a97b7404b7f6:c2376, 4c3e8a66-6975-4917-8225-d3efe707aaff:c2376]
2019-09-04 11:46:11,602 [grpc-default-executor-1] INFO  client.GrpcClientProtocolClient (GrpcClientProtocolClient.java:onNext(255)) - client-D5CE890D7D9E->efcb8ff8-f060-4d95-9215-d0f5eb4af037: receive RaftClientReply:client-D5CE890D7D9E->efcb8ff8-f060-4d95-9215-d0f5eb4af037@group-0959F8DF43ED, cid=1650, SUCCESS, logIndex=2380, commits[efcb8ff8-f060-4d95-9215-d0f5eb4af037:c2380, 6fae8b02-e804-4c0e-b729-a97b7404b7f6:c2376, 4c3e8a66-6975-4917-8225-d3efe707aaff:c2376]
2019-09-04 11:46:11,607 | INFO  | DNAudit | user=null | ip=null | op=WRITE_CHUNK {blockData=conID: 3 locID: 102734074450477564 bcsId: 0} | ret=SUCCESS |  
2019-09-04 11:46:11,607 | INFO  | DNAudit | user=null | ip=null | op=WRITE_CHUNK {blockData=conID: 3 locID: 102734074450477564 bcsId: 0} | ret=SUCCESS |  
2019-09-04 11:46:11,607 | INFO  | DNAudit | user=null | ip=null | op=PUT_BLOCK {blockData=[blockId=conID: 3 locID: 102734074450477564 bcsId: 0,size=1048576]} | ret=SUCCESS |  
2019-09-04 11:46:11,607 | INFO  | DNAudit | user=null | ip=null | op=PUT_BLOCK {blockData=[blockId=conID: 3 locID: 102734074450477564 bcsId: 0,size=1048576]} | ret=SUCCESS |  
2019-09-04 11:46:11,607 [grpc-default-executor-1] INFO  client.GrpcClientProtocolClient (GrpcClientProtocolClient.java:onNext(255)) - client-D5CE890D7D9E->efcb8ff8-f060-4d95-9215-d0f5eb4af037: receive RaftClientReply:client-D5CE890D7D9E->efcb8ff8-f060-4d95-9215-d0f5eb4af037@group-0959F8DF43ED, cid=1651, SUCCESS, logIndex=0, commits[efcb8ff8-f060-4d95-9215-d0f5eb4af037:c2381, 6fae8b02-e804-4c0e-b729-a97b7404b7f6:c2378, 4c3e8a66-6975-4917-8225-d3efe707aaff:c2378]
2019-09-04 11:46:11,608 | INFO  | DNAudit | user=null | ip=null | op=WRITE_CHUNK {blockData=conID: 3 locID: 102734074450477564 bcsId: 0} | ret=SUCCESS |  
2019-09-04 11:46:11,609 | INFO  | DNAudit | user=null | ip=null | op=WRITE_CHUNK {blockData=conID: 3 locID: 102734074450477564 bcsId: 0} | ret=SUCCESS |  
2019-09-04 11:46:11,609 | INFO  | DNAudit | user=null | ip=null | op=PUT_BLOCK {blockData=[blockId=conID: 3 locID: 102734074450477564 bcsId: 0,size=2097152]} | ret=SUCCESS |  
2019-09-04 11:46:11,609 | INFO  | DNAudit | user=null | ip=null | op=PUT_BLOCK {blockData=[blockId=conID: 3 locID: 102734074450477564 bcsId: 0,size=2097152]} | ret=SUCCESS |  
2019-09-04 11:46:11,614 | INFO  | DNAudit | user=null | ip=null | op=WRITE_CHUNK {blockData=conID: 3 locID: 102734074450477564 bcsId: 2380} | ret=SUCCESS |  
2019-09-04 11:46:11,617 | INFO  | DNAudit | user=null | ip=null | op=WRITE_CHUNK {blockData=conID: 3 locID: 102734074450477564 bcsId: 2380} | ret=SUCCESS |  
2019-09-04 11:46:11,617 | INFO  | DNAudit | user=null | ip=null | op=WRITE_CHUNK {blockData=conID: 3 locID: 102734074450477564 bcsId: 2380} | ret=SUCCESS |  
2019-09-04 11:46:11,630 | INFO  | DNAudit | user=null | ip=null | op=WRITE_CHUNK {blockData=conID: 3 locID: 102734074450477564 bcsId: 2380} | ret=SUCCESS |  
2019-09-04 11:46:11,630 | INFO  | DNAudit | user=null | ip=null | op=PUT_BLOCK {blockData=[blockId=conID: 3 locID: 102734074450477564 bcsId: 0,size=3145728]} | ret=SUCCESS |  
2019-09-04 11:46:11,631 [grpc-default-executor-6] INFO  client.GrpcClientProtocolClient (GrpcClientProtocolClient.java:onNext(255)) - client-D5CE890D7D9E->efcb8ff8-f060-4d95-9215-d0f5eb4af037: receive RaftClientReply:client-D5CE890D7D9E->efcb8ff8-f060-4d95-9215-d0f5eb4af037@group-0959F8DF43ED, cid=1652, SUCCESS, logIndex=2384, commits[efcb8ff8-f060-4d95-9215-d0f5eb4af037:c2385, 6fae8b02-e804-4c0e-b729-a97b7404b7f6:c2383, 4c3e8a66-6975-4917-8225-d3efe707aaff:c2383]
2019-09-04 11:46:11,631 [grpc-default-executor-6] INFO  client.GrpcClientProtocolClient (GrpcClientProtocolClient.java:onNext(255)) - client-D5CE890D7D9E->efcb8ff8-f060-4d95-9215-d0f5eb4af037: receive RaftClientReply:client-D5CE890D7D9E->efcb8ff8-f060-4d95-9215-d0f5eb4af037@group-0959F8DF43ED, cid=1653, SUCCESS, logIndex=2385, commits[efcb8ff8-f060-4d95-9215-d0f5eb4af037:c2385, 6fae8b02-e804-4c0e-b729-a97b7404b7f6:c2383, 4c3e8a66-6975-4917-8225-d3efe707aaff:c2383]
2019-09-04 11:46:11,635 | INFO  | DNAudit | user=null | ip=null | op=WRITE_CHUNK {blockData=conID: 3 locID: 102734074450477564 bcsId: 2380} | ret=SUCCESS |  
2019-09-04 11:46:11,635 | INFO  | DNAudit | user=null | ip=null | op=WRITE_CHUNK {blockData=conID: 3 locID: 102734074450477564 bcsId: 2380} | ret=SUCCESS |  
2019-09-04 11:46:11,635 | INFO  | DNAudit | user=null | ip=null | op=PUT_BLOCK {blockData=[blockId=conID: 3 locID: 102734074450477564 bcsId: 0,size=3145728]} | ret=SUCCESS |  
2019-09-04 11:46:11,635 | INFO  | DNAudit | user=null | ip=null | op=PUT_BLOCK {blockData=[blockId=conID: 3 locID: 102734074450477564 bcsId: 0,size=3145728]} | ret=SUCCESS |  
2019-09-04 11:46:11,639 | INFO  | DNAudit | user=null | ip=null | op=WRITE_CHUNK {blockData=conID: 3 locID: 102734074450477564 bcsId: 2385} | ret=SUCCESS |  
2019-09-04 11:46:11,640 | INFO  | DNAudit | user=null | ip=null | op=WRITE_CHUNK {blockData=conID: 3 locID: 102734074450477564 bcsId: 2385} | ret=SUCCESS |  
2019-09-04 11:46:11,641 | INFO  | DNAudit | user=null | ip=null | op=WRITE_CHUNK {blockData=conID: 3 locID: 102734074450477564 bcsId: 2385} | ret=SUCCESS |  
2019-09-04 11:46:11,647 | INFO  | DNAudit | user=null | ip=null | op=WRITE_CHUNK {blockData=conID: 3 locID: 102734074450477564 bcsId: 2385} | ret=SUCCESS |  
2019-09-04 11:46:11,648 | INFO  | DNAudit | user=null | ip=null | op=PUT_BLOCK {blockData=[blockId=conID: 3 locID: 102734074450477564 bcsId: 0,size=4194304]} | ret=SUCCESS |  
2019-09-04 11:46:11,648 [grpc-default-executor-0] INFO  client.GrpcClientProtocolClient (GrpcClientProtocolClient.java:onNext(255)) - client-D5CE890D7D9E->efcb8ff8-f060-4d95-9215-d0f5eb4af037: receive RaftClientReply:client-D5CE890D7D9E->efcb8ff8-f060-4d95-9215-d0f5eb4af037@group-0959F8DF43ED, cid=1654, SUCCESS, logIndex=2388, commits[efcb8ff8-f060-4d95-9215-d0f5eb4af037:c2389, 6fae8b02-e804-4c0e-b729-a97b7404b7f6:c2387, 4c3e8a66-6975-4917-8225-d3efe707aaff:c2387]
2019-09-04 11:46:11,648 [grpc-default-executor-0] INFO  client.GrpcClientProtocolClient (GrpcClientProtocolClient.java:onNext(255)) - client-D5CE890D7D9E->efcb8ff8-f060-4d95-9215-d0f5eb4af037: receive RaftClientReply:client-D5CE890D7D9E->efcb8ff8-f060-4d95-9215-d0f5eb4af037@group-0959F8DF43ED, cid=1655, SUCCESS, logIndex=2389, commits[efcb8ff8-f060-4d95-9215-d0f5eb4af037:c2389, 6fae8b02-e804-4c0e-b729-a97b7404b7f6:c2387, 4c3e8a66-6975-4917-8225-d3efe707aaff:c2387]
2019-09-04 11:46:11,661 | INFO  | DNAudit | user=null | ip=null | op=WRITE_CHUNK {blockData=conID: 3 locID: 102734074450477564 bcsId: 2385} | ret=SUCCESS |  
2019-09-04 11:46:11,661 | INFO  | DNAudit | user=null | ip=null | op=WRITE_CHUNK {blockData=conID: 3 locID: 102734074450477564 bcsId: 2385} | ret=SUCCESS |  
2019-09-04 11:46:11,661 | INFO  | DNAudit | user=null | ip=null | op=PUT_BLOCK {blockData=[blockId=conID: 3 locID: 102734074450477564 bcsId: 0,size=4194304]} | ret=SUCCESS |  
2019-09-04 11:46:11,661 | INFO  | DNAudit | user=null | ip=null | op=PUT_BLOCK {blockData=[blockId=conID: 3 locID: 102734074450477564 bcsId: 0,size=4194304]} | ret=SUCCESS |  
2019-09-04 11:46:11,661 [grpc-default-executor-1] INFO  client.GrpcClientProtocolClient (GrpcClientProtocolClient.java:onNext(255)) - client-D5CE890D7D9E->efcb8ff8-f060-4d95-9215-d0f5eb4af037: receive RaftClientReply:client-D5CE890D7D9E->efcb8ff8-f060-4d95-9215-d0f5eb4af037@group-0959F8DF43ED, cid=1656, SUCCESS, logIndex=0, commits[efcb8ff8-f060-4d95-9215-d0f5eb4af037:c2389, 6fae8b02-e804-4c0e-b729-a97b7404b7f6:c2389, 4c3e8a66-6975-4917-8225-d3efe707aaff:c2389]
2019-09-04 11:46:11,665 | INFO  | SCMAudit | user=jenkins1000 | ip=192.168.36.67 | op=ALLOCATE_BLOCK {owner=8ab292a2-aaa7-4ad8-863a-d33994811155, size=4194304, type=RATIS, factor=THREE} | ret=SUCCESS |  
2019-09-04 11:46:11,668 | INFO  | OMAudit | user=jenkins1000 | ip=127.0.0.1 | op=ALLOCATE_BLOCK {volume=vol-0-58699, bucket=bucket-0-57464, key=key-0-37266, dataSize=0, replicationType=null, replicationFactor=null, keyLocationInfo=null, clientID=102734073355960722} | ret=SUCCESS |  
2019-09-04 11:46:11,675 | INFO  | DNAudit | user=null | ip=null | op=WRITE_CHUNK {blockData=conID: 1 locID: 102734074456637949 bcsId: 0} | ret=SUCCESS |  
2019-09-04 11:46:11,677 | INFO  | DNAudit | user=null | ip=null | op=WRITE_CHUNK {blockData=conID: 1 locID: 102734074456637949 bcsId: 0} | ret=SUCCESS |  
2019-09-04 11:46:11,678 | INFO  | DNAudit | user=null | ip=null | op=WRITE_CHUNK {blockData=conID: 1 locID: 102734074456637949 bcsId: 0} | ret=SUCCESS |  
2019-09-04 11:46:11,678 | INFO  | DNAudit | user=null | ip=null | op=WRITE_CHUNK {blockData=conID: 1 locID: 102734074456637949 bcsId: 0} | ret=SUCCESS |  
2019-09-04 11:46:11,679 | INFO  | DNAudit | user=null | ip=null | op=WRITE_CHUNK {blockData=conID: 1 locID: 102734074456637949 bcsId: 0} | ret=SUCCESS |  
2019-09-04 11:46:11,680 | INFO  | DNAudit | user=null | ip=null | op=WRITE_CHUNK {blockData=conID: 1 locID: 102734074456637949 bcsId: 0} | ret=SUCCESS |  
2019-09-04 11:46:11,688 | INFO  | DNAudit | user=null | ip=null | op=WRITE_CHUNK {blockData=conID: 1 locID: 102734074456637949 bcsId: 0} | ret=SUCCESS |  
2019-09-04 11:46:11,688 | INFO  | DNAudit | user=null | ip=null | op=PUT_BLOCK {blockData=[blockId=conID: 1 locID: 102734074456637949 bcsId: 0,size=1048576]} | ret=SUCCESS |  
2019-09-04 11:46:11,688 | INFO  | DNAudit | user=null | ip=null | op=WRITE_CHUNK {blockData=conID: 1 locID: 102734074456637949 bcsId: 0} | ret=SUCCESS |  
2019-09-04 11:46:11,688 [grpc-default-executor-6] INFO  client.GrpcClientProtocolClient (GrpcClientProtocolClient.java:onNext(255)) - client-D5CE890D7D9E->efcb8ff8-f060-4d95-9215-d0f5eb4af037: receive RaftClientReply:client-D5CE890D7D9E->efcb8ff8-f060-4d95-9215-d0f5eb4af037@group-0959F8DF43ED, cid=1657, SUCCESS, logIndex=2392, commits[efcb8ff8-f060-4d95-9215-d0f5eb4af037:c2393, 6fae8b02-e804-4c0e-b729-a97b7404b7f6:c2391, 4c3e8a66-6975-4917-8225-d3efe707aaff:c2391]
2019-09-04 11:46:11,688 | INFO  | DNAudit | user=null | ip=null | op=PUT_BLOCK {blockData=[blockId=conID: 1 locID: 102734074456637949 bcsId: 0,size=2097152]} | ret=SUCCESS |  
2019-09-04 11:46:11,689 [grpc-default-executor-6] INFO  client.GrpcClientProtocolClient (GrpcClientProtocolClient.java:onNext(255)) - client-D5CE890D7D9E->efcb8ff8-f060-4d95-9215-d0f5eb4af037: receive RaftClientReply:client-D5CE890D7D9E->efcb8ff8-f060-4d95-9215-d0f5eb4af037@group-0959F8DF43ED, cid=1658, SUCCESS, logIndex=2393, commits[efcb8ff8-f060-4d95-9215-d0f5eb4af037:c2395, 6fae8b02-e804-4c0e-b729-a97b7404b7f6:c2391, 4c3e8a66-6975-4917-8225-d3efe707aaff:c2391]
2019-09-04 11:46:11,689 [grpc-default-executor-6] INFO  client.GrpcClientProtocolClient (GrpcClientProtocolClient.java:onNext(255)) - client-D5CE890D7D9E->efcb8ff8-f060-4d95-9215-d0f5eb4af037: receive RaftClientReply:client-D5CE890D7D9E->efcb8ff8-f060-4d95-9215-d0f5eb4af037@group-0959F8DF43ED, cid=1659, SUCCESS, logIndex=2394, commits[efcb8ff8-f060-4d95-9215-d0f5eb4af037:c2395, 6fae8b02-e804-4c0e-b729-a97b7404b7f6:c2391, 4c3e8a66-6975-4917-8225-d3efe707aaff:c2391]
2019-09-04 11:46:11,689 [grpc-default-executor-6] INFO  client.GrpcClientProtocolClient (GrpcClientProtocolClient.java:onNext(255)) - client-D5CE890D7D9E->efcb8ff8-f060-4d95-9215-d0f5eb4af037: receive RaftClientReply:client-D5CE890D7D9E->efcb8ff8-f060-4d95-9215-d0f5eb4af037@group-0959F8DF43ED, cid=1660, SUCCESS, logIndex=2395, commits[efcb8ff8-f060-4d95-9215-d0f5eb4af037:c2395, 6fae8b02-e804-4c0e-b729-a97b7404b7f6:c2391, 4c3e8a66-6975-4917-8225-d3efe707aaff:c2391]
2019-09-04 11:46:11,697 | INFO  | DNAudit | user=null | ip=null | op=WRITE_CHUNK {blockData=conID: 1 locID: 102734074456637949 bcsId: 0} | ret=SUCCESS |  
2019-09-04 11:46:11,704 | INFO  | DNAudit | user=null | ip=null | op=PUT_BLOCK {blockData=[blockId=conID: 1 locID: 102734074456637949 bcsId: 0,size=1048576]} | ret=SUCCESS |  
2019-09-04 11:46:11,705 | INFO  | DNAudit | user=null | ip=null | op=WRITE_CHUNK {blockData=conID: 1 locID: 102734074456637949 bcsId: 0} | ret=SUCCESS |  
2019-09-04 11:46:11,705 | INFO  | DNAudit | user=null | ip=null | op=WRITE_CHUNK {blockData=conID: 1 locID: 102734074456637949 bcsId: 0} | ret=SUCCESS |  
2019-09-04 11:46:11,705 | INFO  | DNAudit | user=null | ip=null | op=PUT_BLOCK {blockData=[blockId=conID: 1 locID: 102734074456637949 bcsId: 0,size=2097152]} | ret=SUCCESS |  
2019-09-04 11:46:11,705 | INFO  | DNAudit | user=null | ip=null | op=PUT_BLOCK {blockData=[blockId=conID: 1 locID: 102734074456637949 bcsId: 0,size=1048576]} | ret=SUCCESS |  
2019-09-04 11:46:11,705 | INFO  | DNAudit | user=null | ip=null | op=WRITE_CHUNK {blockData=conID: 1 locID: 102734074456637949 bcsId: 0} | ret=SUCCESS |  
2019-09-04 11:46:11,705 [grpc-default-executor-4] INFO  client.GrpcClientProtocolClient (GrpcClientProtocolClient.java:onNext(255)) - client-D5CE890D7D9E->efcb8ff8-f060-4d95-9215-d0f5eb4af037: receive RaftClientReply:client-D5CE890D7D9E->efcb8ff8-f060-4d95-9215-d0f5eb4af037@group-0959F8DF43ED, cid=1661, SUCCESS, logIndex=0, commits[efcb8ff8-f060-4d95-9215-d0f5eb4af037:c2396, 6fae8b02-e804-4c0e-b729-a97b7404b7f6:c2393, 4c3e8a66-6975-4917-8225-d3efe707aaff:c2393]
2019-09-04 11:46:11,706 | INFO  | DNAudit | user=null | ip=null | op=PUT_BLOCK {blockData=[blockId=conID: 1 locID: 102734074456637949 bcsId: 0,size=2097152]} | ret=SUCCESS |  
2019-09-04 11:46:11,712 | INFO  | DNAudit | user=null | ip=null | op=WRITE_CHUNK {blockData=conID: 1 locID: 102734074456637949 bcsId: 2395} | ret=SUCCESS |  
2019-09-04 11:46:11,714 | INFO  | DNAudit | user=null | ip=null | op=WRITE_CHUNK {blockData=conID: 1 locID: 102734074456637949 bcsId: 2395} | ret=SUCCESS |  
2019-09-04 11:46:11,714 | INFO  | DNAudit | user=null | ip=null | op=WRITE_CHUNK {blockData=conID: 1 locID: 102734074456637949 bcsId: 2395} | ret=SUCCESS |  
2019-09-04 11:46:11,723 | INFO  | DNAudit | user=null | ip=null | op=WRITE_CHUNK {blockData=conID: 1 locID: 102734074456637949 bcsId: 2395} | ret=SUCCESS |  
2019-09-04 11:46:11,723 | INFO  | DNAudit | user=null | ip=null | op=PUT_BLOCK {blockData=[blockId=conID: 1 locID: 102734074456637949 bcsId: 0,size=3145728]} | ret=SUCCESS |  
2019-09-04 11:46:11,723 [grpc-default-executor-1] INFO  client.GrpcClientProtocolClient (GrpcClientProtocolClient.java:onNext(255)) - client-D5CE890D7D9E->efcb8ff8-f060-4d95-9215-d0f5eb4af037: receive RaftClientReply:client-D5CE890D7D9E->efcb8ff8-f060-4d95-9215-d0f5eb4af037@group-0959F8DF43ED, cid=1662, SUCCESS, logIndex=2400, commits[efcb8ff8-f060-4d95-9215-d0f5eb4af037:c2401, 6fae8b02-e804-4c0e-b729-a97b7404b7f6:c2399, 4c3e8a66-6975-4917-8225-d3efe707aaff:c2399]
2019-09-04 11:46:11,724 [grpc-default-executor-1] INFO  client.GrpcClientProtocolClient (GrpcClientProtocolClient.java:onNext(255)) - client-D5CE890D7D9E->efcb8ff8-f060-4d95-9215-d0f5eb4af037: receive RaftClientReply:client-D5CE890D7D9E->efcb8ff8-f060-4d95-9215-d0f5eb4af037@group-0959F8DF43ED, cid=1663, SUCCESS, logIndex=2401, commits[efcb8ff8-f060-4d95-9215-d0f5eb4af037:c2401, 6fae8b02-e804-4c0e-b729-a97b7404b7f6:c2399, 4c3e8a66-6975-4917-8225-d3efe707aaff:c2399]
2019-09-04 11:46:11,731 | INFO  | DNAudit | user=null | ip=null | op=WRITE_CHUNK {blockData=conID: 1 locID: 102734074456637949 bcsId: 2401} | ret=SUCCESS |  
2019-09-04 11:46:11,731 | INFO  | DNAudit | user=null | ip=null | op=WRITE_CHUNK {blockData=conID: 1 locID: 102734074456637949 bcsId: 2395} | ret=SUCCESS |  
2019-09-04 11:46:11,731 | INFO  | DNAudit | user=null | ip=null | op=WRITE_CHUNK {blockData=conID: 1 locID: 102734074456637949 bcsId: 2395} | ret=SUCCESS |  
2019-09-04 11:46:11,731 | INFO  | DNAudit | user=null | ip=null | op=PUT_BLOCK {blockData=[blockId=conID: 1 locID: 102734074456637949 bcsId: 0,size=3145728]} | ret=SUCCESS |  
2019-09-04 11:46:11,731 | INFO  | DNAudit | user=null | ip=null | op=PUT_BLOCK {blockData=[blockId=conID: 1 locID: 102734074456637949 bcsId: 0,size=3145728]} | ret=SUCCESS |  
2019-09-04 11:46:11,732 | INFO  | DNAudit | user=null | ip=null | op=WRITE_CHUNK {blockData=conID: 1 locID: 102734074456637949 bcsId: 2401} | ret=SUCCESS |  
2019-09-04 11:46:11,733 | INFO  | DNAudit | user=null | ip=null | op=WRITE_CHUNK {blockData=conID: 1 locID: 102734074456637949 bcsId: 2401} | ret=SUCCESS |  
2019-09-04 11:46:11,736 | INFO  | SCMAudit | user=jenkins1000 | ip=192.168.36.67 | op=SEND_HEARTBEAT {datanodeUUID=4c3e8a66-6975-4917-8225-d3efe707aaff, command=[]} | ret=SUCCESS |  
2019-09-04 11:46:11,736 | INFO  | SCMAudit | user=jenkins1000 | ip=192.168.36.67 | op=SEND_HEARTBEAT {datanodeUUID=6fae8b02-e804-4c0e-b729-a97b7404b7f6, command=[]} | ret=SUCCESS |  
2019-09-04 11:46:11,736 | INFO  | SCMAudit | user=jenkins1000 | ip=192.168.36.67 | op=SEND_HEARTBEAT {datanodeUUID=0b776101-1d39-4f23-96c0-6a8ead31197c, command=[]} | ret=SUCCESS |  
2019-09-04 11:46:11,737 | INFO  | SCMAudit | user=jenkins1000 | ip=192.168.36.67 | op=SEND_HEARTBEAT {datanodeUUID=efcb8ff8-f060-4d95-9215-d0f5eb4af037, command=[]} | ret=SUCCESS |  
2019-09-04 11:46:11,738 | INFO  | DNAudit | user=null | ip=null | op=WRITE_CHUNK {blockData=conID: 1 locID: 102734074456637949 bcsId: 2401} | ret=SUCCESS |  
2019-09-04 11:46:11,739 | INFO  | DNAudit | user=null | ip=null | op=PUT_BLOCK {blockData=[blockId=conID: 1 locID: 102734074456637949 bcsId: 0,size=4194304]} | ret=SUCCESS |  
2019-09-04 11:46:11,739 [grpc-default-executor-6] INFO  client.GrpcClientProtocolClient (GrpcClientProtocolClient.java:onNext(255)) - client-D5CE890D7D9E->efcb8ff8-f060-4d95-9215-d0f5eb4af037: receive RaftClientReply:client-D5CE890D7D9E->efcb8ff8-f060-4d95-9215-d0f5eb4af037@group-0959F8DF43ED, cid=1664, SUCCESS, logIndex=2404, commits[efcb8ff8-f060-4d95-9215-d0f5eb4af037:c2405, 6fae8b02-e804-4c0e-b729-a97b7404b7f6:c2401, 4c3e8a66-6975-4917-8225-d3efe707aaff:c2401]
2019-09-04 11:46:11,739 [grpc-default-executor-6] INFO  client.GrpcClientProtocolClient (GrpcClientProtocolClient.java:onNext(255)) - client-D5CE890D7D9E->efcb8ff8-f060-4d95-9215-d0f5eb4af037: receive RaftClientReply:client-D5CE890D7D9E->efcb8ff8-f060-4d95-9215-d0f5eb4af037@group-0959F8DF43ED, cid=1665, SUCCESS, logIndex=2405, commits[efcb8ff8-f060-4d95-9215-d0f5eb4af037:c2405, 6fae8b02-e804-4c0e-b729-a97b7404b7f6:c2401, 4c3e8a66-6975-4917-8225-d3efe707aaff:c2401]
2019-09-04 11:46:11,740 | INFO  | DNAudit | user=null | ip=null | op=WRITE_CHUNK {blockData=conID: 1 locID: 102734074456637949 bcsId: 2401} | ret=SUCCESS |  
2019-09-04 11:46:11,740 | INFO  | DNAudit | user=null | ip=null | op=PUT_BLOCK {blockData=[blockId=conID: 1 locID: 102734074456637949 bcsId: 0,size=4194304]} | ret=SUCCESS |  
2019-09-04 11:46:11,740 | INFO  | DNAudit | user=null | ip=null | op=WRITE_CHUNK {blockData=conID: 1 locID: 102734074456637949 bcsId: 2401} | ret=SUCCESS |  
2019-09-04 11:46:11,742 | INFO  | DNAudit | user=null | ip=null | op=PUT_BLOCK {blockData=[blockId=conID: 1 locID: 102734074456637949 bcsId: 0,size=4194304]} | ret=SUCCESS |  
2019-09-04 11:46:11,743 [grpc-default-executor-6] INFO  client.GrpcClientProtocolClient (GrpcClientProtocolClient.java:onNext(255)) - client-D5CE890D7D9E->efcb8ff8-f060-4d95-9215-d0f5eb4af037: receive RaftClientReply:client-D5CE890D7D9E->efcb8ff8-f060-4d95-9215-d0f5eb4af037@group-0959F8DF43ED, cid=1666, SUCCESS, logIndex=0, commits[efcb8ff8-f060-4d95-9215-d0f5eb4af037:c2407, 6fae8b02-e804-4c0e-b729-a97b7404b7f6:c2405, 4c3e8a66-6975-4917-8225-d3efe707aaff:c2405]
2019-09-04 11:46:11,746 | INFO  | SCMAudit | user=jenkins1000 | ip=192.168.36.67 | op=ALLOCATE_BLOCK {owner=8ab292a2-aaa7-4ad8-863a-d33994811155, size=4194304, type=RATIS, factor=THREE} | ret=SUCCESS |  
2019-09-04 11:46:11,749 | INFO  | OMAudit | user=jenkins1000 | ip=127.0.0.1 | op=ALLOCATE_BLOCK {volume=vol-0-58699, bucket=bucket-0-57464, key=key-0-37266, dataSize=0, replicationType=null, replicationFactor=null, keyLocationInfo=null, clientID=102734073355960722} | ret=SUCCESS |  
2019-09-04 11:46:11,755 | INFO  | DNAudit | user=null | ip=null | op=WRITE_CHUNK {blockData=conID: 2 locID: 102734074461946366 bcsId: 0} | ret=SUCCESS |  
2019-09-04 11:46:11,757 | INFO  | DNAudit | user=null | ip=null | op=WRITE_CHUNK {blockData=conID: 2 locID: 102734074461946366 bcsId: 0} | ret=SUCCESS |  
2019-09-04 11:46:11,757 | INFO  | DNAudit | user=null | ip=null | op=WRITE_CHUNK {blockData=conID: 2 locID: 102734074461946366 bcsId: 0} | ret=SUCCESS |  
2019-09-04 11:46:11,758 | INFO  | DNAudit | user=null | ip=null | op=WRITE_CHUNK {blockData=conID: 2 locID: 102734074461946366 bcsId: 0} | ret=SUCCESS |  
2019-09-04 11:46:11,759 | INFO  | DNAudit | user=null | ip=null | op=WRITE_CHUNK {blockData=conID: 2 locID: 102734074461946366 bcsId: 0} | ret=SUCCESS |  
2019-09-04 11:46:11,759 | INFO  | DNAudit | user=null | ip=null | op=WRITE_CHUNK {blockData=conID: 2 locID: 102734074461946366 bcsId: 0} | ret=SUCCESS |  
2019-09-04 11:46:11,761 | INFO  | DNAudit | user=null | ip=null | op=WRITE_CHUNK {blockData=conID: 2 locID: 102734074461946366 bcsId: 0} | ret=SUCCESS |  
2019-09-04 11:46:11,761 | INFO  | DNAudit | user=null | ip=null | op=PUT_BLOCK {blockData=[blockId=conID: 2 locID: 102734074461946366 bcsId: 0,size=1048576]} | ret=SUCCESS |  
2019-09-04 11:46:11,761 | INFO  | DNAudit | user=null | ip=null | op=WRITE_CHUNK {blockData=conID: 2 locID: 102734074461946366 bcsId: 0} | ret=SUCCESS |  
2019-09-04 11:46:11,761 [grpc-default-executor-6] INFO  client.GrpcClientProtocolClient (GrpcClientProtocolClient.java:onNext(255)) - client-D5CE890D7D9E->efcb8ff8-f060-4d95-9215-d0f5eb4af037: receive RaftClientReply:client-D5CE890D7D9E->efcb8ff8-f060-4d95-9215-d0f5eb4af037@group-0959F8DF43ED, cid=1667, SUCCESS, logIndex=2408, commits[efcb8ff8-f060-4d95-9215-d0f5eb4af037:c2409, 6fae8b02-e804-4c0e-b729-a97b7404b7f6:c2405, 4c3e8a66-6975-4917-8225-d3efe707aaff:c2407]
2019-09-04 11:46:11,762 | INFO  | DNAudit | user=null | ip=null | op=PUT_BLOCK {blockData=[blockId=conID: 2 locID: 102734074461946366 bcsId: 0,size=2097152]} | ret=SUCCESS |  
2019-09-04 11:46:11,762 [grpc-default-executor-6] INFO  client.GrpcClientProtocolClient (GrpcClientProtocolClient.java:onNext(255)) - client-D5CE890D7D9E->efcb8ff8-f060-4d95-9215-d0f5eb4af037: receive RaftClientReply:client-D5CE890D7D9E->efcb8ff8-f060-4d95-9215-d0f5eb4af037@group-0959F8DF43ED, cid=1668, SUCCESS, logIndex=2409, commits[efcb8ff8-f060-4d95-9215-d0f5eb4af037:c2411, 6fae8b02-e804-4c0e-b729-a97b7404b7f6:c2407, 4c3e8a66-6975-4917-8225-d3efe707aaff:c2407]
2019-09-04 11:46:11,762 [grpc-default-executor-6] INFO  client.GrpcClientProtocolClient (GrpcClientProtocolClient.java:onNext(255)) - client-D5CE890D7D9E->efcb8ff8-f060-4d95-9215-d0f5eb4af037: receive RaftClientReply:client-D5CE890D7D9E->efcb8ff8-f060-4d95-9215-d0f5eb4af037@group-0959F8DF43ED, cid=1669, SUCCESS, logIndex=2410, commits[efcb8ff8-f060-4d95-9215-d0f5eb4af037:c2411, 6fae8b02-e804-4c0e-b729-a97b7404b7f6:c2407, 4c3e8a66-6975-4917-8225-d3efe707aaff:c2407]
2019-09-04 11:46:11,762 [grpc-default-executor-6] INFO  client.GrpcClientProtocolClient (GrpcClientProtocolClient.java:onNext(255)) - client-D5CE890D7D9E->efcb8ff8-f060-4d95-9215-d0f5eb4af037: receive RaftClientReply:client-D5CE890D7D9E->efcb8ff8-f060-4d95-9215-d0f5eb4af037@group-0959F8DF43ED, cid=1670, SUCCESS, logIndex=2411, commits[efcb8ff8-f060-4d95-9215-d0f5eb4af037:c2411, 6fae8b02-e804-4c0e-b729-a97b7404b7f6:c2407, 4c3e8a66-6975-4917-8225-d3efe707aaff:c2407]
2019-09-04 11:46:11,762 | INFO  | DNAudit | user=null | ip=null | op=WRITE_CHUNK {blockData=conID: 2 locID: 102734074461946366 bcsId: 0} | ret=SUCCESS |  
2019-09-04 11:46:11,762 | INFO  | DNAudit | user=null | ip=null | op=WRITE_CHUNK {blockData=conID: 2 locID: 102734074461946366 bcsId: 0} | ret=SUCCESS |  
2019-09-04 11:46:11,766 | INFO  | DNAudit | user=null | ip=null | op=PUT_BLOCK {blockData=[blockId=conID: 2 locID: 102734074461946366 bcsId: 0,size=1048576]} | ret=SUCCESS |  
2019-09-04 11:46:11,766 | INFO  | DNAudit | user=null | ip=null | op=WRITE_CHUNK {blockData=conID: 2 locID: 102734074461946366 bcsId: 0} | ret=SUCCESS |  
2019-09-04 11:46:11,766 | INFO  | DNAudit | user=null | ip=null | op=PUT_BLOCK {blockData=[blockId=conID: 2 locID: 102734074461946366 bcsId: 0,size=1048576]} | ret=SUCCESS |  
2019-09-04 11:46:11,766 | INFO  | DNAudit | user=null | ip=null | op=PUT_BLOCK {blockData=[blockId=conID: 2 locID: 102734074461946366 bcsId: 0,size=2097152]} | ret=SUCCESS |  
2019-09-04 11:46:11,766 [grpc-default-executor-6] INFO  client.GrpcClientProtocolClient (GrpcClientProtocolClient.java:onNext(255)) - client-D5CE890D7D9E->efcb8ff8-f060-4d95-9215-d0f5eb4af037: receive RaftClientReply:client-D5CE890D7D9E->efcb8ff8-f060-4d95-9215-d0f5eb4af037@group-0959F8DF43ED, cid=1671, SUCCESS, logIndex=0, commits[efcb8ff8-f060-4d95-9215-d0f5eb4af037:c2412, 6fae8b02-e804-4c0e-b729-a97b7404b7f6:c2409, 4c3e8a66-6975-4917-8225-d3efe707aaff:c2409]
2019-09-04 11:46:11,766 | INFO  | DNAudit | user=null | ip=null | op=WRITE_CHUNK {blockData=conID: 2 locID: 102734074461946366 bcsId: 0} | ret=SUCCESS |  
2019-09-04 11:46:11,767 | INFO  | DNAudit | user=null | ip=null | op=PUT_BLOCK {blockData=[blockId=conID: 2 locID: 102734074461946366 bcsId: 0,size=2097152]} | ret=SUCCESS |  
2019-09-04 11:46:11,772 | INFO  | DNAudit | user=null | ip=null | op=WRITE_CHUNK {blockData=conID: 2 locID: 102734074461946366 bcsId: 2411} | ret=SUCCESS |  
2019-09-04 11:46:11,774 | INFO  | DNAudit | user=null | ip=null | op=WRITE_CHUNK {blockData=conID: 2 locID: 102734074461946366 bcsId: 2411} | ret=SUCCESS |  
2019-09-04 11:46:11,774 | INFO  | DNAudit | user=null | ip=null | op=WRITE_CHUNK {blockData=conID: 2 locID: 102734074461946366 bcsId: 2411} | ret=SUCCESS |  
2019-09-04 11:46:11,781 | INFO  | DNAudit | user=null | ip=null | op=WRITE_CHUNK {blockData=conID: 2 locID: 102734074461946366 bcsId: 2411} | ret=SUCCESS |  
2019-09-04 11:46:11,782 | INFO  | DNAudit | user=null | ip=null | op=PUT_BLOCK {blockData=[blockId=conID: 2 locID: 102734074461946366 bcsId: 0,size=3145728]} | ret=SUCCESS |  
2019-09-04 11:46:11,782 [grpc-default-executor-6] INFO  client.GrpcClientProtocolClient (GrpcClientProtocolClient.java:onNext(255)) - client-D5CE890D7D9E->efcb8ff8-f060-4d95-9215-d0f5eb4af037: receive RaftClientReply:client-D5CE890D7D9E->efcb8ff8-f060-4d95-9215-d0f5eb4af037@group-0959F8DF43ED, cid=1672, SUCCESS, logIndex=2416, commits[efcb8ff8-f060-4d95-9215-d0f5eb4af037:c2417, 6fae8b02-e804-4c0e-b729-a97b7404b7f6:c2415, 4c3e8a66-6975-4917-8225-d3efe707aaff:c2415]
2019-09-04 11:46:11,782 [grpc-default-executor-6] INFO  client.GrpcClientProtocolClient (GrpcClientProtocolClient.java:onNext(255)) - client-D5CE890D7D9E->efcb8ff8-f060-4d95-9215-d0f5eb4af037: receive RaftClientReply:client-D5CE890D7D9E->efcb8ff8-f060-4d95-9215-d0f5eb4af037@group-0959F8DF43ED, cid=1673, SUCCESS, logIndex=2417, commits[efcb8ff8-f060-4d95-9215-d0f5eb4af037:c2417, 6fae8b02-e804-4c0e-b729-a97b7404b7f6:c2415, 4c3e8a66-6975-4917-8225-d3efe707aaff:c2415]
2019-09-04 11:46:11,788 | INFO  | DNAudit | user=null | ip=null | op=WRITE_CHUNK {blockData=conID: 2 locID: 102734074461946366 bcsId: 2417} | ret=SUCCESS |  
2019-09-04 11:46:11,789 | INFO  | DNAudit | user=null | ip=null | op=WRITE_CHUNK {blockData=conID: 2 locID: 102734074461946366 bcsId: 2417} | ret=SUCCESS |  
2019-09-04 11:46:11,790 | INFO  | DNAudit | user=null | ip=null | op=WRITE_CHUNK {blockData=conID: 2 locID: 102734074461946366 bcsId: 2417} | ret=SUCCESS |  
2019-09-04 11:46:11,790 | INFO  | DNAudit | user=null | ip=null | op=WRITE_CHUNK {blockData=conID: 2 locID: 102734074461946366 bcsId: 2411} | ret=SUCCESS |  
2019-09-04 11:46:11,790 | INFO  | DNAudit | user=null | ip=null | op=WRITE_CHUNK {blockData=conID: 2 locID: 102734074461946366 bcsId: 2411} | ret=SUCCESS |  
2019-09-04 11:46:11,790 | INFO  | DNAudit | user=null | ip=null | op=PUT_BLOCK {blockData=[blockId=conID: 2 locID: 102734074461946366 bcsId: 0,size=3145728]} | ret=SUCCESS |  
2019-09-04 11:46:11,790 | INFO  | DNAudit | user=null | ip=null | op=PUT_BLOCK {blockData=[blockId=conID: 2 locID: 102734074461946366 bcsId: 0,size=3145728]} | ret=SUCCESS |  
2019-09-04 11:46:11,792 | INFO  | DNAudit | user=null | ip=null | op=WRITE_CHUNK {blockData=conID: 2 locID: 102734074461946366 bcsId: 2417} | ret=SUCCESS |  
2019-09-04 11:46:11,792 | INFO  | DNAudit | user=null | ip=null | op=PUT_BLOCK {blockData=[blockId=conID: 2 locID: 102734074461946366 bcsId: 0,size=4194304]} | ret=SUCCESS |  
2019-09-04 11:46:11,792 [grpc-default-executor-6] INFO  client.GrpcClientProtocolClient (GrpcClientProtocolClient.java:onNext(255)) - client-D5CE890D7D9E->efcb8ff8-f060-4d95-9215-d0f5eb4af037: receive RaftClientReply:client-D5CE890D7D9E->efcb8ff8-f060-4d95-9215-d0f5eb4af037@group-0959F8DF43ED, cid=1674, SUCCESS, logIndex=2420, commits[efcb8ff8-f060-4d95-9215-d0f5eb4af037:c2421, 6fae8b02-e804-4c0e-b729-a97b7404b7f6:c2417, 4c3e8a66-6975-4917-8225-d3efe707aaff:c2417]
2019-09-04 11:46:11,792 [grpc-default-executor-6] INFO  client.GrpcClientProtocolClient (GrpcClientProtocolClient.java:onNext(255)) - client-D5CE890D7D9E->efcb8ff8-f060-4d95-9215-d0f5eb4af037: receive RaftClientReply:client-D5CE890D7D9E->efcb8ff8-f060-4d95-9215-d0f5eb4af037@group-0959F8DF43ED, cid=1675, SUCCESS, logIndex=2421, commits[efcb8ff8-f060-4d95-9215-d0f5eb4af037:c2421, 6fae8b02-e804-4c0e-b729-a97b7404b7f6:c2417, 4c3e8a66-6975-4917-8225-d3efe707aaff:c2417]
2019-09-04 11:46:11,812 | INFO  | DNAudit | user=null | ip=null | op=WRITE_CHUNK {blockData=conID: 2 locID: 102734074461946366 bcsId: 2417} | ret=SUCCESS |  
2019-09-04 11:46:11,812 | INFO  | DNAudit | user=null | ip=null | op=WRITE_CHUNK {blockData=conID: 2 locID: 102734074461946366 bcsId: 2417} | ret=SUCCESS |  
2019-09-04 11:46:11,813 | INFO  | DNAudit | user=null | ip=null | op=PUT_BLOCK {blockData=[blockId=conID: 2 locID: 102734074461946366 bcsId: 0,size=4194304]} | ret=SUCCESS |  
2019-09-04 11:46:11,813 | INFO  | DNAudit | user=null | ip=null | op=PUT_BLOCK {blockData=[blockId=conID: 2 locID: 102734074461946366 bcsId: 0,size=4194304]} | ret=SUCCESS |  
2019-09-04 11:46:11,814 [grpc-default-executor-0] INFO  client.GrpcClientProtocolClient (GrpcClientProtocolClient.java:onNext(255)) - client-D5CE890D7D9E->efcb8ff8-f060-4d95-9215-d0f5eb4af037: receive RaftClientReply:client-D5CE890D7D9E->efcb8ff8-f060-4d95-9215-d0f5eb4af037@group-0959F8DF43ED, cid=1676, SUCCESS, logIndex=0, commits[efcb8ff8-f060-4d95-9215-d0f5eb4af037:c2423, 6fae8b02-e804-4c0e-b729-a97b7404b7f6:c2421, 4c3e8a66-6975-4917-8225-d3efe707aaff:c2421]
2019-09-04 11:46:11,817 | INFO  | SCMAudit | user=jenkins1000 | ip=192.168.36.67 | op=ALLOCATE_BLOCK {owner=8ab292a2-aaa7-4ad8-863a-d33994811155, size=4194304, type=RATIS, factor=THREE} | ret=SUCCESS |  
2019-09-04 11:46:11,819 | INFO  | OMAudit | user=jenkins1000 | ip=127.0.0.1 | op=ALLOCATE_BLOCK {volume=vol-0-58699, bucket=bucket-0-57464, key=key-0-37266, dataSize=0, replicationType=null, replicationFactor=null, keyLocationInfo=null, clientID=102734073355960722} | ret=SUCCESS |  
2019-09-04 11:46:11,826 | INFO  | DNAudit | user=null | ip=null | op=WRITE_CHUNK {blockData=conID: 3 locID: 102734074466599423 bcsId: 0} | ret=SUCCESS |  
2019-09-04 11:46:11,827 | INFO  | DNAudit | user=null | ip=null | op=WRITE_CHUNK {blockData=conID: 3 locID: 102734074466599423 bcsId: 0} | ret=SUCCESS |  
2019-09-04 11:46:11,828 | INFO  | DNAudit | user=null | ip=null | op=WRITE_CHUNK {blockData=conID: 3 locID: 102734074466599423 bcsId: 0} | ret=SUCCESS |  
2019-09-04 11:46:11,828 | INFO  | DNAudit | user=null | ip=null | op=WRITE_CHUNK {blockData=conID: 3 locID: 102734074466599423 bcsId: 0} | ret=SUCCESS |  
2019-09-04 11:46:11,830 | INFO  | DNAudit | user=null | ip=null | op=WRITE_CHUNK {blockData=conID: 3 locID: 102734074466599423 bcsId: 0} | ret=SUCCESS |  
2019-09-04 11:46:11,830 | INFO  | DNAudit | user=null | ip=null | op=WRITE_CHUNK {blockData=conID: 3 locID: 102734074466599423 bcsId: 0} | ret=SUCCESS |  
2019-09-04 11:46:11,839 | INFO  | DNAudit | user=null | ip=null | op=WRITE_CHUNK {blockData=conID: 3 locID: 102734074466599423 bcsId: 0} | ret=SUCCESS |  
2019-09-04 11:46:11,839 | INFO  | DNAudit | user=null | ip=null | op=PUT_BLOCK {blockData=[blockId=conID: 3 locID: 102734074466599423 bcsId: 0,size=1048576]} | ret=SUCCESS |  
2019-09-04 11:46:11,840 [grpc-default-executor-0] INFO  client.GrpcClientProtocolClient (GrpcClientProtocolClient.java:onNext(255)) - client-D5CE890D7D9E->efcb8ff8-f060-4d95-9215-d0f5eb4af037: receive RaftClientReply:client-D5CE890D7D9E->efcb8ff8-f060-4d95-9215-d0f5eb4af037@group-0959F8DF43ED, cid=1677, SUCCESS, logIndex=2424, commits[efcb8ff8-f060-4d95-9215-d0f5eb4af037:c2425, 6fae8b02-e804-4c0e-b729-a97b7404b7f6:c2423, 4c3e8a66-6975-4917-8225-d3efe707aaff:c2421]
2019-09-04 11:46:11,840 [grpc-default-executor-0] INFO  client.GrpcClientProtocolClient (GrpcClientProtocolClient.java:onNext(255)) - client-D5CE890D7D9E->efcb8ff8-f060-4d95-9215-d0f5eb4af037: receive RaftClientReply:client-D5CE890D7D9E->efcb8ff8-f060-4d95-9215-d0f5eb4af037@group-0959F8DF43ED, cid=1678, SUCCESS, logIndex=2425, commits[efcb8ff8-f060-4d95-9215-d0f5eb4af037:c2425, 6fae8b02-e804-4c0e-b729-a97b7404b7f6:c2423, 4c3e8a66-6975-4917-8225-d3efe707aaff:c2421]
2019-09-04 11:46:11,841 | INFO  | DNAudit | user=null | ip=null | op=WRITE_CHUNK {blockData=conID: 3 locID: 102734074466599423 bcsId: 0} | ret=SUCCESS |  
2019-09-04 11:46:11,841 | INFO  | DNAudit | user=null | ip=null | op=WRITE_CHUNK {blockData=conID: 3 locID: 102734074466599423 bcsId: 0} | ret=SUCCESS |  
2019-09-04 11:46:11,842 | INFO  | DNAudit | user=null | ip=null | op=PUT_BLOCK {blockData=[blockId=conID: 3 locID: 102734074466599423 bcsId: 0,size=1048576]} | ret=SUCCESS |  
2019-09-04 11:46:11,842 | INFO  | DNAudit | user=null | ip=null | op=PUT_BLOCK {blockData=[blockId=conID: 3 locID: 102734074466599423 bcsId: 0,size=2097152]} | ret=SUCCESS |  
2019-09-04 11:46:11,842 | INFO  | DNAudit | user=null | ip=null | op=WRITE_CHUNK {blockData=conID: 3 locID: 102734074466599423 bcsId: 0} | ret=SUCCESS |  
2019-09-04 11:46:11,842 [grpc-default-executor-0] INFO  client.GrpcClientProtocolClient (GrpcClientProtocolClient.java:onNext(255)) - client-D5CE890D7D9E->efcb8ff8-f060-4d95-9215-d0f5eb4af037: receive RaftClientReply:client-D5CE890D7D9E->efcb8ff8-f060-4d95-9215-d0f5eb4af037@group-0959F8DF43ED, cid=1679, SUCCESS, logIndex=2426, commits[efcb8ff8-f060-4d95-9215-d0f5eb4af037:c2427, 6fae8b02-e804-4c0e-b729-a97b7404b7f6:c2423, 4c3e8a66-6975-4917-8225-d3efe707aaff:c2425]
2019-09-04 11:46:11,842 | INFO  | DNAudit | user=null | ip=null | op=PUT_BLOCK {blockData=[blockId=conID: 3 locID: 102734074466599423 bcsId: 0,size=1048576]} | ret=SUCCESS |  
2019-09-04 11:46:11,842 | INFO  | DNAudit | user=null | ip=null | op=WRITE_CHUNK {blockData=conID: 3 locID: 102734074466599423 bcsId: 0} | ret=SUCCESS |  
2019-09-04 11:46:11,843 [grpc-default-executor-0] INFO  client.GrpcClientProtocolClient (GrpcClientProtocolClient.java:onNext(255)) - client-D5CE890D7D9E->efcb8ff8-f060-4d95-9215-d0f5eb4af037: receive RaftClientReply:client-D5CE890D7D9E->efcb8ff8-f060-4d95-9215-d0f5eb4af037@group-0959F8DF43ED, cid=1680, SUCCESS, logIndex=2427, commits[efcb8ff8-f060-4d95-9215-d0f5eb4af037:c2429, 6fae8b02-e804-4c0e-b729-a97b7404b7f6:c2423, 4c3e8a66-6975-4917-8225-d3efe707aaff:c2425]
2019-09-04 11:46:11,843 | INFO  | DNAudit | user=null | ip=null | op=PUT_BLOCK {blockData=[blockId=conID: 3 locID: 102734074466599423 bcsId: 0,size=2097152]} | ret=SUCCESS |  
2019-09-04 11:46:11,843 [grpc-default-executor-0] INFO  client.GrpcClientProtocolClient (GrpcClientProtocolClient.java:onNext(255)) - client-D5CE890D7D9E->efcb8ff8-f060-4d95-9215-d0f5eb4af037: receive RaftClientReply:client-D5CE890D7D9E->efcb8ff8-f060-4d95-9215-d0f5eb4af037@group-0959F8DF43ED, cid=1681, SUCCESS, logIndex=0, commits[efcb8ff8-f060-4d95-9215-d0f5eb4af037:c2431, 6fae8b02-e804-4c0e-b729-a97b7404b7f6:c2425, 4c3e8a66-6975-4917-8225-d3efe707aaff:c2427]
2019-09-04 11:46:11,849 | INFO  | DNAudit | user=null | ip=null | op=WRITE_CHUNK {blockData=conID: 3 locID: 102734074466599423 bcsId: 2427} | ret=SUCCESS |  
2019-09-04 11:46:11,851 | INFO  | DNAudit | user=null | ip=null | op=WRITE_CHUNK {blockData=conID: 3 locID: 102734074466599423 bcsId: 2427} | ret=SUCCESS |  
2019-09-04 11:46:11,851 | INFO  | DNAudit | user=null | ip=null | op=WRITE_CHUNK {blockData=conID: 3 locID: 102734074466599423 bcsId: 2427} | ret=SUCCESS |  
2019-09-04 11:46:11,854 | INFO  | DNAudit | user=null | ip=null | op=WRITE_CHUNK {blockData=conID: 3 locID: 102734074466599423 bcsId: 0} | ret=SUCCESS |  
2019-09-04 11:46:11,855 | INFO  | DNAudit | user=null | ip=null | op=PUT_BLOCK {blockData=[blockId=conID: 3 locID: 102734074466599423 bcsId: 0,size=2097152]} | ret=SUCCESS |  
2019-09-04 11:46:11,855 | INFO  | DNAudit | user=null | ip=null | op=WRITE_CHUNK {blockData=conID: 3 locID: 102734074466599423 bcsId: 2427} | ret=SUCCESS |  
2019-09-04 11:46:11,856 | INFO  | DNAudit | user=null | ip=null | op=PUT_BLOCK {blockData=[blockId=conID: 3 locID: 102734074466599423 bcsId: 0,size=3145728]} | ret=SUCCESS |  
2019-09-04 11:46:11,856 [grpc-default-executor-0] INFO  client.GrpcClientProtocolClient (GrpcClientProtocolClient.java:onNext(255)) - client-D5CE890D7D9E->efcb8ff8-f060-4d95-9215-d0f5eb4af037: receive RaftClientReply:client-D5CE890D7D9E->efcb8ff8-f060-4d95-9215-d0f5eb4af037@group-0959F8DF43ED, cid=1682, SUCCESS, logIndex=2432, commits[efcb8ff8-f060-4d95-9215-d0f5eb4af037:c2433, 6fae8b02-e804-4c0e-b729-a97b7404b7f6:c2427, 4c3e8a66-6975-4917-8225-d3efe707aaff:c2431]
2019-09-04 11:46:11,856 [grpc-default-executor-0] INFO  client.GrpcClientProtocolClient (GrpcClientProtocolClient.java:onNext(255)) - client-D5CE890D7D9E->efcb8ff8-f060-4d95-9215-d0f5eb4af037: receive RaftClientReply:client-D5CE890D7D9E->efcb8ff8-f060-4d95-9215-d0f5eb4af037@group-0959F8DF43ED, cid=1683, SUCCESS, logIndex=2433, commits[efcb8ff8-f060-4d95-9215-d0f5eb4af037:c2433, 6fae8b02-e804-4c0e-b729-a97b7404b7f6:c2427, 4c3e8a66-6975-4917-8225-d3efe707aaff:c2431]
2019-09-04 11:46:11,858 | INFO  | DNAudit | user=null | ip=null | op=WRITE_CHUNK {blockData=conID: 3 locID: 102734074466599423 bcsId: 2427} | ret=SUCCESS |  
2019-09-04 11:46:11,858 | INFO  | DNAudit | user=null | ip=null | op=WRITE_CHUNK {blockData=conID: 3 locID: 102734074466599423 bcsId: 2427} | ret=SUCCESS |  
2019-09-04 11:46:11,858 | INFO  | DNAudit | user=null | ip=null | op=PUT_BLOCK {blockData=[blockId=conID: 3 locID: 102734074466599423 bcsId: 0,size=3145728]} | ret=SUCCESS |  
2019-09-04 11:46:11,858 | INFO  | DNAudit | user=null | ip=null | op=PUT_BLOCK {blockData=[blockId=conID: 3 locID: 102734074466599423 bcsId: 0,size=3145728]} | ret=SUCCESS |  
2019-09-04 11:46:11,861 | INFO  | DNAudit | user=null | ip=null | op=WRITE_CHUNK {blockData=conID: 3 locID: 102734074466599423 bcsId: 2433} | ret=SUCCESS |  
2019-09-04 11:46:11,863 | INFO  | DNAudit | user=null | ip=null | op=WRITE_CHUNK {blockData=conID: 3 locID: 102734074466599423 bcsId: 2433} | ret=SUCCESS |  
2019-09-04 11:46:11,863 | INFO  | DNAudit | user=null | ip=null | op=WRITE_CHUNK {blockData=conID: 3 locID: 102734074466599423 bcsId: 2433} | ret=SUCCESS |  
2019-09-04 11:46:11,879 | INFO  | DNAudit | user=null | ip=null | op=WRITE_CHUNK {blockData=conID: 3 locID: 102734074466599423 bcsId: 2433} | ret=SUCCESS |  
2019-09-04 11:46:11,880 | INFO  | DNAudit | user=null | ip=null | op=PUT_BLOCK {blockData=[blockId=conID: 3 locID: 102734074466599423 bcsId: 0,size=4194304]} | ret=SUCCESS |  
2019-09-04 11:46:11,880 [grpc-default-executor-4] INFO  client.GrpcClientProtocolClient (GrpcClientProtocolClient.java:onNext(255)) - client-D5CE890D7D9E->efcb8ff8-f060-4d95-9215-d0f5eb4af037: receive RaftClientReply:client-D5CE890D7D9E->efcb8ff8-f060-4d95-9215-d0f5eb4af037@group-0959F8DF43ED, cid=1684, SUCCESS, logIndex=2436, commits[efcb8ff8-f060-4d95-9215-d0f5eb4af037:c2437, 6fae8b02-e804-4c0e-b729-a97b7404b7f6:c2435, 4c3e8a66-6975-4917-8225-d3efe707aaff:c2435]
2019-09-04 11:46:11,880 [grpc-default-executor-4] INFO  client.GrpcClientProtocolClient (GrpcClientProtocolClient.java:onNext(255)) - client-D5CE890D7D9E->efcb8ff8-f060-4d95-9215-d0f5eb4af037: receive RaftClientReply:client-D5CE890D7D9E->efcb8ff8-f060-4d95-9215-d0f5eb4af037@group-0959F8DF43ED, cid=1685, SUCCESS, logIndex=2437, commits[efcb8ff8-f060-4d95-9215-d0f5eb4af037:c2437, 6fae8b02-e804-4c0e-b729-a97b7404b7f6:c2435, 4c3e8a66-6975-4917-8225-d3efe707aaff:c2435]
2019-09-04 11:46:11,886 | INFO  | DNAudit | user=null | ip=null | op=WRITE_CHUNK {blockData=conID: 3 locID: 102734074466599423 bcsId: 2433} | ret=SUCCESS |  
2019-09-04 11:46:11,886 | INFO  | DNAudit | user=null | ip=null | op=WRITE_CHUNK {blockData=conID: 3 locID: 102734074466599423 bcsId: 2433} | ret=SUCCESS |  
2019-09-04 11:46:11,886 [grpc-default-executor-4] INFO  client.GrpcClientProtocolClient (GrpcClientProtocolClient.java:onNext(255)) - client-D5CE890D7D9E->efcb8ff8-f060-4d95-9215-d0f5eb4af037: receive RaftClientReply:client-D5CE890D7D9E->efcb8ff8-f060-4d95-9215-d0f5eb4af037@group-0959F8DF43ED, cid=1686, SUCCESS, logIndex=0, commits[efcb8ff8-f060-4d95-9215-d0f5eb4af037:c2438, 6fae8b02-e804-4c0e-b729-a97b7404b7f6:c2437, 4c3e8a66-6975-4917-8225-d3efe707aaff:c2437]
2019-09-04 11:46:11,886 | INFO  | DNAudit | user=null | ip=null | op=PUT_BLOCK {blockData=[blockId=conID: 3 locID: 102734074466599423 bcsId: 0,size=4194304]} | ret=SUCCESS |  
2019-09-04 11:46:11,886 | INFO  | DNAudit | user=null | ip=null | op=PUT_BLOCK {blockData=[blockId=conID: 3 locID: 102734074466599423 bcsId: 0,size=4194304]} | ret=SUCCESS |  
2019-09-04 11:46:11,889 | INFO  | SCMAudit | user=jenkins1000 | ip=192.168.36.67 | op=ALLOCATE_BLOCK {owner=8ab292a2-aaa7-4ad8-863a-d33994811155, size=4194304, type=RATIS, factor=THREE} | ret=SUCCESS |  
2019-09-04 11:46:11,891 | INFO  | OMAudit | user=jenkins1000 | ip=127.0.0.1 | op=ALLOCATE_BLOCK {volume=vol-0-58699, bucket=bucket-0-57464, key=key-0-37266, dataSize=0, replicationType=null, replicationFactor=null, keyLocationInfo=null, clientID=102734073355960722} | ret=SUCCESS |  
2019-09-04 11:46:11,897 | INFO  | DNAudit | user=null | ip=null | op=WRITE_CHUNK {blockData=conID: 1 locID: 102734074471318016 bcsId: 0} | ret=SUCCESS |  
2019-09-04 11:46:11,899 | INFO  | DNAudit | user=null | ip=null | op=WRITE_CHUNK {blockData=conID: 1 locID: 102734074471318016 bcsId: 0} | ret=SUCCESS |  
2019-09-04 11:46:11,899 | INFO  | DNAudit | user=null | ip=null | op=WRITE_CHUNK {blockData=conID: 1 locID: 102734074471318016 bcsId: 0} | ret=SUCCESS |  
2019-09-04 11:46:11,900 | INFO  | DNAudit | user=null | ip=null | op=WRITE_CHUNK {blockData=conID: 1 locID: 102734074471318016 bcsId: 0} | ret=SUCCESS |  
2019-09-04 11:46:11,901 | INFO  | DNAudit | user=null | ip=null | op=WRITE_CHUNK {blockData=conID: 1 locID: 102734074471318016 bcsId: 0} | ret=SUCCESS |  
2019-09-04 11:46:11,901 | INFO  | DNAudit | user=null | ip=null | op=WRITE_CHUNK {blockData=conID: 1 locID: 102734074471318016 bcsId: 0} | ret=SUCCESS |  
 0.00% |█                                                                                                    |  0/1 Time: 0:00:172019-09-04 11:46:11,909 | INFO  | DNAudit | user=null | ip=null | op=WRITE_CHUNK {blockData=conID: 1 locID: 102734074471318016 bcsId: 0} | ret=SUCCESS |  
2019-09-04 11:46:11,910 | INFO  | DNAudit | user=null | ip=null | op=PUT_BLOCK {blockData=[blockId=conID: 1 locID: 102734074471318016 bcsId: 0,size=1048576]} | ret=SUCCESS |  
2019-09-04 11:46:11,910 [grpc-default-executor-0] INFO  client.GrpcClientProtocolClient (GrpcClientProtocolClient.java:onNext(255)) - client-D5CE890D7D9E->efcb8ff8-f060-4d95-9215-d0f5eb4af037: receive RaftClientReply:client-D5CE890D7D9E->efcb8ff8-f060-4d95-9215-d0f5eb4af037@group-0959F8DF43ED, cid=1687, SUCCESS, logIndex=2440, commits[efcb8ff8-f060-4d95-9215-d0f5eb4af037:c2441, 6fae8b02-e804-4c0e-b729-a97b7404b7f6:c2439, 4c3e8a66-6975-4917-8225-d3efe707aaff:c2439]
2019-09-04 11:46:11,910 | INFO  | DNAudit | user=null | ip=null | op=WRITE_CHUNK {blockData=conID: 1 locID: 102734074471318016 bcsId: 0} | ret=SUCCESS |  
2019-09-04 11:46:11,910 [grpc-default-executor-0] INFO  client.GrpcClientProtocolClient (GrpcClientProtocolClient.java:onNext(255)) - client-D5CE890D7D9E->efcb8ff8-f060-4d95-9215-d0f5eb4af037: receive RaftClientReply:client-D5CE890D7D9E->efcb8ff8-f060-4d95-9215-d0f5eb4af037@group-0959F8DF43ED, cid=1688, SUCCESS, logIndex=2441, commits[efcb8ff8-f060-4d95-9215-d0f5eb4af037:c2441, 6fae8b02-e804-4c0e-b729-a97b7404b7f6:c2439, 4c3e8a66-6975-4917-8225-d3efe707aaff:c2439]
2019-09-04 11:46:11,911 [grpc-default-executor-5] INFO  client.GrpcClientProtocolClient (GrpcClientProtocolClient.java:onNext(255)) - client-D5CE890D7D9E->efcb8ff8-f060-4d95-9215-d0f5eb4af037: receive RaftClientReply:client-D5CE890D7D9E->efcb8ff8-f060-4d95-9215-d0f5eb4af037@group-0959F8DF43ED, cid=1689, SUCCESS, logIndex=2442, commits[efcb8ff8-f060-4d95-9215-d0f5eb4af037:c2442, 6fae8b02-e804-4c0e-b729-a97b7404b7f6:c2439, 4c3e8a66-6975-4917-8225-d3efe707aaff:c2439]
2019-09-04 11:46:11,911 | INFO  | DNAudit | user=null | ip=null | op=WRITE_CHUNK {blockData=conID: 1 locID: 102734074471318016 bcsId: 0} | ret=SUCCESS |  
2019-09-04 11:46:11,912 | INFO  | DNAudit | user=null | ip=null | op=PUT_BLOCK {blockData=[blockId=conID: 1 locID: 102734074471318016 bcsId: 0,size=1048576]} | ret=SUCCESS |  
2019-09-04 11:46:11,912 | INFO  | DNAudit | user=null | ip=null | op=PUT_BLOCK {blockData=[blockId=conID: 1 locID: 102734074471318016 bcsId: 0,size=2097152]} | ret=SUCCESS |  
2019-09-04 11:46:11,912 | INFO  | DNAudit | user=null | ip=null | op=WRITE_CHUNK {blockData=conID: 1 locID: 102734074471318016 bcsId: 0} | ret=SUCCESS |  
2019-09-04 11:46:11,912 | INFO  | DNAudit | user=null | ip=null | op=PUT_BLOCK {blockData=[blockId=conID: 1 locID: 102734074471318016 bcsId: 0,size=1048576]} | ret=SUCCESS |  
2019-09-04 11:46:11,912 [grpc-default-executor-5] INFO  client.GrpcClientProtocolClient (GrpcClientProtocolClient.java:onNext(255)) - client-D5CE890D7D9E->efcb8ff8-f060-4d95-9215-d0f5eb4af037: receive RaftClientReply:client-D5CE890D7D9E->efcb8ff8-f060-4d95-9215-d0f5eb4af037@group-0959F8DF43ED, cid=1690, SUCCESS, logIndex=2443, commits[efcb8ff8-f060-4d95-9215-d0f5eb4af037:c2445, 6fae8b02-e804-4c0e-b729-a97b7404b7f6:c2441, 4c3e8a66-6975-4917-8225-d3efe707aaff:c2441]
2019-09-04 11:46:11,913 | INFO  | DNAudit | user=null | ip=null | op=WRITE_CHUNK {blockData=conID: 1 locID: 102734074471318016 bcsId: 0} | ret=SUCCESS |  
2019-09-04 11:46:11,913 | INFO  | DNAudit | user=null | ip=null | op=WRITE_CHUNK {blockData=conID: 1 locID: 102734074471318016 bcsId: 0} | ret=SUCCESS |  
2019-09-04 11:46:11,917 | INFO  | DNAudit | user=null | ip=null | op=WRITE_CHUNK {blockData=conID: 1 locID: 102734074471318016 bcsId: 2443} | ret=SUCCESS |  
2019-09-04 11:46:11,919 | INFO  | DNAudit | user=null | ip=null | op=WRITE_CHUNK {blockData=conID: 1 locID: 102734074471318016 bcsId: 2443} | ret=SUCCESS |  
2019-09-04 11:46:11,919 | INFO  | DNAudit | user=null | ip=null | op=WRITE_CHUNK {blockData=conID: 1 locID: 102734074471318016 bcsId: 2443} | ret=SUCCESS |  
2019-09-04 11:46:11,924 | INFO  | DNAudit | user=null | ip=null | op=PUT_BLOCK {blockData=[blockId=conID: 1 locID: 102734074471318016 bcsId: 0,size=2097152]} | ret=SUCCESS |  
2019-09-04 11:46:11,924 | INFO  | DNAudit | user=null | ip=null | op=PUT_BLOCK {blockData=[blockId=conID: 1 locID: 102734074471318016 bcsId: 0,size=2097152]} | ret=SUCCESS |  
2019-09-04 11:46:11,924 | INFO  | DNAudit | user=null | ip=null | op=WRITE_CHUNK {blockData=conID: 1 locID: 102734074471318016 bcsId: 2443} | ret=SUCCESS |  
2019-09-04 11:46:11,924 | INFO  | DNAudit | user=null | ip=null | op=PUT_BLOCK {blockData=[blockId=conID: 1 locID: 102734074471318016 bcsId: 0,size=3145728]} | ret=SUCCESS |  
2019-09-04 11:46:11,924 [grpc-default-executor-1] INFO  client.GrpcClientProtocolClient (GrpcClientProtocolClient.java:onNext(255)) - client-D5CE890D7D9E->efcb8ff8-f060-4d95-9215-d0f5eb4af037: receive RaftClientReply:client-D5CE890D7D9E->efcb8ff8-f060-4d95-9215-d0f5eb4af037@group-0959F8DF43ED, cid=1691, SUCCESS, logIndex=2447, commits[efcb8ff8-f060-4d95-9215-d0f5eb4af037:c2448, 6fae8b02-e804-4c0e-b729-a97b7404b7f6:c2446, 4c3e8a66-6975-4917-8225-d3efe707aaff:c2446]
2019-09-04 11:46:11,925 [grpc-default-executor-1] INFO  client.GrpcClientProtocolClient (GrpcClientProtocolClient.java:onNext(255)) - client-D5CE890D7D9E->efcb8ff8-f060-4d95-9215-d0f5eb4af037: receive RaftClientReply:client-D5CE890D7D9E->efcb8ff8-f060-4d95-9215-d0f5eb4af037@group-0959F8DF43ED, cid=1692, SUCCESS, logIndex=2448, commits[efcb8ff8-f060-4d95-9215-d0f5eb4af037:c2448, 6fae8b02-e804-4c0e-b729-a97b7404b7f6:c2446, 4c3e8a66-6975-4917-8225-d3efe707aaff:c2446]
2019-09-04 11:46:11,929 | INFO  | DNAudit | user=null | ip=null | op=WRITE_CHUNK {blockData=conID: 1 locID: 102734074471318016 bcsId: 2448} | ret=SUCCESS |  
2019-09-04 11:46:11,931 | INFO  | DNAudit | user=null | ip=null | op=WRITE_CHUNK {blockData=conID: 1 locID: 102734074471318016 bcsId: 2448} | ret=SUCCESS |  
2019-09-04 11:46:11,931 | INFO  | DNAudit | user=null | ip=null | op=WRITE_CHUNK {blockData=conID: 1 locID: 102734074471318016 bcsId: 2448} | ret=SUCCESS |  
2019-09-04 11:46:11,932 | INFO  | DNAudit | user=null | ip=null | op=WRITE_CHUNK {blockData=conID: 1 locID: 102734074471318016 bcsId: 2443} | ret=SUCCESS |  
2019-09-04 11:46:11,932 | INFO  | DNAudit | user=null | ip=null | op=WRITE_CHUNK {blockData=conID: 1 locID: 102734074471318016 bcsId: 2443} | ret=SUCCESS |  
2019-09-04 11:46:11,934 | INFO  | DNAudit | user=null | ip=null | op=PUT_BLOCK {blockData=[blockId=conID: 1 locID: 102734074471318016 bcsId: 0,size=3145728]} | ret=SUCCESS |  
2019-09-04 11:46:11,934 | INFO  | DNAudit | user=null | ip=null | op=PUT_BLOCK {blockData=[blockId=conID: 1 locID: 102734074471318016 bcsId: 0,size=3145728]} | ret=SUCCESS |  
2019-09-04 11:46:11,934 | INFO  | DNAudit | user=null | ip=null | op=WRITE_CHUNK {blockData=conID: 1 locID: 102734074471318016 bcsId: 2448} | ret=SUCCESS |  
2019-09-04 11:46:11,935 | INFO  | DNAudit | user=null | ip=null | op=PUT_BLOCK {blockData=[blockId=conID: 1 locID: 102734074471318016 bcsId: 0,size=4194304]} | ret=SUCCESS |  
2019-09-04 11:46:11,935 [grpc-default-executor-1] INFO  client.GrpcClientProtocolClient (GrpcClientProtocolClient.java:onNext(255)) - client-D5CE890D7D9E->efcb8ff8-f060-4d95-9215-d0f5eb4af037: receive RaftClientReply:client-D5CE890D7D9E->efcb8ff8-f060-4d95-9215-d0f5eb4af037@group-0959F8DF43ED, cid=1693, SUCCESS, logIndex=2451, commits[efcb8ff8-f060-4d95-9215-d0f5eb4af037:c2452, 6fae8b02-e804-4c0e-b729-a97b7404b7f6:c2448, 4c3e8a66-6975-4917-8225-d3efe707aaff:c2448]
2019-09-04 11:46:11,935 [grpc-default-executor-1] INFO  client.GrpcClientProtocolClient (GrpcClientProtocolClient.java:onNext(255)) - client-D5CE890D7D9E->efcb8ff8-f060-4d95-9215-d0f5eb4af037: receive RaftClientReply:client-D5CE890D7D9E->efcb8ff8-f060-4d95-9215-d0f5eb4af037@group-0959F8DF43ED, cid=1694, SUCCESS, logIndex=2452, commits[efcb8ff8-f060-4d95-9215-d0f5eb4af037:c2452, 6fae8b02-e804-4c0e-b729-a97b7404b7f6:c2448, 4c3e8a66-6975-4917-8225-d3efe707aaff:c2448]
2019-09-04 11:46:11,947 | INFO  | DNAudit | user=null | ip=null | op=WRITE_CHUNK {blockData=conID: 1 locID: 102734074471318016 bcsId: 2448} | ret=SUCCESS |  
2019-09-04 11:46:11,947 | INFO  | DNAudit | user=null | ip=null | op=WRITE_CHUNK {blockData=conID: 1 locID: 102734074471318016 bcsId: 2448} | ret=SUCCESS |  
2019-09-04 11:46:11,947 | INFO  | DNAudit | user=null | ip=null | op=PUT_BLOCK {blockData=[blockId=conID: 1 locID: 102734074471318016 bcsId: 0,size=4194304]} | ret=SUCCESS |  
2019-09-04 11:46:11,947 | INFO  | DNAudit | user=null | ip=null | op=PUT_BLOCK {blockData=[blockId=conID: 1 locID: 102734074471318016 bcsId: 0,size=4194304]} | ret=SUCCESS |  
2019-09-04 11:46:11,948 [grpc-default-executor-1] INFO  client.GrpcClientProtocolClient (GrpcClientProtocolClient.java:onNext(255)) - client-D5CE890D7D9E->efcb8ff8-f060-4d95-9215-d0f5eb4af037: receive RaftClientReply:client-D5CE890D7D9E->efcb8ff8-f060-4d95-9215-d0f5eb4af037@group-0959F8DF43ED, cid=1695, SUCCESS, logIndex=0, commits[efcb8ff8-f060-4d95-9215-d0f5eb4af037:c2453, 6fae8b02-e804-4c0e-b729-a97b7404b7f6:c2452, 4c3e8a66-6975-4917-8225-d3efe707aaff:c2452]
2019-09-04 11:46:11,951 | INFO  | SCMAudit | user=jenkins1000 | ip=192.168.36.67 | op=ALLOCATE_BLOCK {owner=8ab292a2-aaa7-4ad8-863a-d33994811155, size=4194304, type=RATIS, factor=THREE} | ret=SUCCESS |  
2019-09-04 11:46:11,954 | INFO  | OMAudit | user=jenkins1000 | ip=127.0.0.1 | op=ALLOCATE_BLOCK {volume=vol-0-58699, bucket=bucket-0-57464, key=key-0-37266, dataSize=0, replicationType=null, replicationFactor=null, keyLocationInfo=null, clientID=102734073355960722} | ret=SUCCESS |  
2019-09-04 11:46:11,959 | INFO  | DNAudit | user=null | ip=null | op=WRITE_CHUNK {blockData=conID: 2 locID: 102734074475381249 bcsId: 0} | ret=SUCCESS |  
2019-09-04 11:46:11,962 | INFO  | DNAudit | user=null | ip=null | op=WRITE_CHUNK {blockData=conID: 2 locID: 102734074475381249 bcsId: 0} | ret=SUCCESS |  
2019-09-04 11:46:11,962 | INFO  | DNAudit | user=null | ip=null | op=WRITE_CHUNK {blockData=conID: 2 locID: 102734074475381249 bcsId: 0} | ret=SUCCESS |  
2019-09-04 11:46:11,962 | INFO  | DNAudit | user=null | ip=null | op=WRITE_CHUNK {blockData=conID: 2 locID: 102734074475381249 bcsId: 0} | ret=SUCCESS |  
2019-09-04 11:46:11,963 | INFO  | DNAudit | user=null | ip=null | op=WRITE_CHUNK {blockData=conID: 2 locID: 102734074475381249 bcsId: 0} | ret=SUCCESS |  
2019-09-04 11:46:11,963 | INFO  | DNAudit | user=null | ip=null | op=WRITE_CHUNK {blockData=conID: 2 locID: 102734074475381249 bcsId: 0} | ret=SUCCESS |  
2019-09-04 11:46:11,970 | INFO  | DNAudit | user=null | ip=null | op=WRITE_CHUNK {blockData=conID: 2 locID: 102734074475381249 bcsId: 0} | ret=SUCCESS |  
2019-09-04 11:46:11,970 | INFO  | DNAudit | user=null | ip=null | op=PUT_BLOCK {blockData=[blockId=conID: 2 locID: 102734074475381249 bcsId: 0,size=1048576]} | ret=SUCCESS |  
2019-09-04 11:46:11,970 | INFO  | DNAudit | user=null | ip=null | op=WRITE_CHUNK {blockData=conID: 2 locID: 102734074475381249 bcsId: 0} | ret=SUCCESS |  
2019-09-04 11:46:11,970 [grpc-default-executor-5] INFO  client.GrpcClientProtocolClient (GrpcClientProtocolClient.java:onNext(255)) - client-D5CE890D7D9E->efcb8ff8-f060-4d95-9215-d0f5eb4af037: receive RaftClientReply:client-D5CE890D7D9E->efcb8ff8-f060-4d95-9215-d0f5eb4af037@group-0959F8DF43ED, cid=1696, SUCCESS, logIndex=2455, commits[efcb8ff8-f060-4d95-9215-d0f5eb4af037:c2458, 6fae8b02-e804-4c0e-b729-a97b7404b7f6:c2454, 4c3e8a66-6975-4917-8225-d3efe707aaff:c2454]
2019-09-04 11:46:11,970 | INFO  | DNAudit | user=null | ip=null | op=PUT_BLOCK {blockData=[blockId=conID: 2 locID: 102734074475381249 bcsId: 0,size=2097152]} | ret=SUCCESS |  
2019-09-04 11:46:11,971 [grpc-default-executor-5] INFO  client.GrpcClientProtocolClient (GrpcClientProtocolClient.java:onNext(255)) - client-D5CE890D7D9E->efcb8ff8-f060-4d95-9215-d0f5eb4af037: receive RaftClientReply:client-D5CE890D7D9E->efcb8ff8-f060-4d95-9215-d0f5eb4af037@group-0959F8DF43ED, cid=1697, SUCCESS, logIndex=2456, commits[efcb8ff8-f060-4d95-9215-d0f5eb4af037:c2458, 6fae8b02-e804-4c0e-b729-a97b7404b7f6:c2454, 4c3e8a66-6975-4917-8225-d3efe707aaff:c2454]
2019-09-04 11:46:11,971 [grpc-default-executor-5] INFO  client.GrpcClientProtocolClient (GrpcClientProtocolClient.java:onNext(255)) - client-D5CE890D7D9E->efcb8ff8-f060-4d95-9215-d0f5eb4af037: receive RaftClientReply:client-D5CE890D7D9E->efcb8ff8-f060-4d95-9215-d0f5eb4af037@group-0959F8DF43ED, cid=1698, SUCCESS, logIndex=2457, commits[efcb8ff8-f060-4d95-9215-d0f5eb4af037:c2458, 6fae8b02-e804-4c0e-b729-a97b7404b7f6:c2454, 4c3e8a66-6975-4917-8225-d3efe707aaff:c2454]
2019-09-04 11:46:11,971 [grpc-default-executor-5] INFO  client.GrpcClientProtocolClient (GrpcClientProtocolClient.java:onNext(255)) - client-D5CE890D7D9E->efcb8ff8-f060-4d95-9215-d0f5eb4af037: receive RaftClientReply:client-D5CE890D7D9E->efcb8ff8-f060-4d95-9215-d0f5eb4af037@group-0959F8DF43ED, cid=1699, SUCCESS, logIndex=2458, commits[efcb8ff8-f060-4d95-9215-d0f5eb4af037:c2458, 6fae8b02-e804-4c0e-b729-a97b7404b7f6:c2454, 4c3e8a66-6975-4917-8225-d3efe707aaff:c2454]
2019-09-04 11:46:11,980 | INFO  | DNAudit | user=null | ip=null | op=WRITE_CHUNK {blockData=conID: 2 locID: 102734074475381249 bcsId: 0} | ret=SUCCESS |  
2019-09-04 11:46:11,980 | INFO  | DNAudit | user=null | ip=null | op=WRITE_CHUNK {blockData=conID: 2 locID: 102734074475381249 bcsId: 0} | ret=SUCCESS |  
2019-09-04 11:46:11,980 | INFO  | DNAudit | user=null | ip=null | op=PUT_BLOCK {blockData=[blockId=conID: 2 locID: 102734074475381249 bcsId: 0,size=1048576]} | ret=SUCCESS |  
2019-09-04 11:46:11,980 | INFO  | DNAudit | user=null | ip=null | op=PUT_BLOCK {blockData=[blockId=conID: 2 locID: 102734074475381249 bcsId: 0,size=1048576]} | ret=SUCCESS |  
2019-09-04 11:46:11,980 [grpc-default-executor-5] INFO  client.GrpcClientProtocolClient (GrpcClientProtocolClient.java:onNext(255)) - client-D5CE890D7D9E->efcb8ff8-f060-4d95-9215-d0f5eb4af037: receive RaftClientReply:client-D5CE890D7D9E->efcb8ff8-f060-4d95-9215-d0f5eb4af037@group-0959F8DF43ED, cid=1700, SUCCESS, logIndex=0, commits[efcb8ff8-f060-4d95-9215-d0f5eb4af037:c2459, 6fae8b02-e804-4c0e-b729-a97b7404b7f6:c2456, 4c3e8a66-6975-4917-8225-d3efe707aaff:c2456]
2019-09-04 11:46:11,981 | INFO  | DNAudit | user=null | ip=null | op=WRITE_CHUNK {blockData=conID: 2 locID: 102734074475381249 bcsId: 0} | ret=SUCCESS |  
2019-09-04 11:46:11,981 | INFO  | DNAudit | user=null | ip=null | op=WRITE_CHUNK {blockData=conID: 2 locID: 102734074475381249 bcsId: 0} | ret=SUCCESS |  
2019-09-04 11:46:11,981 | INFO  | DNAudit | user=null | ip=null | op=PUT_BLOCK {blockData=[blockId=conID: 2 locID: 102734074475381249 bcsId: 0,size=2097152]} | ret=SUCCESS |  
2019-09-04 11:46:11,981 | INFO  | DNAudit | user=null | ip=null | op=PUT_BLOCK {blockData=[blockId=conID: 2 locID: 102734074475381249 bcsId: 0,size=2097152]} | ret=SUCCESS |  
2019-09-04 11:46:11,985 | INFO  | DNAudit | user=null | ip=null | op=WRITE_CHUNK {blockData=conID: 2 locID: 102734074475381249 bcsId: 2458} | ret=SUCCESS |  
2019-09-04 11:46:12,122 | INFO  | SCMAudit | user=jenkins1000 | ip=192.168.36.67 | op=SEND_HEARTBEAT {datanodeUUID=b68b188c-7f38-42ae-8403-46a39acd0731, command=[]} | ret=SUCCESS |  
2019-09-04 11:46:12,123 | INFO  | DNAudit | user=null | ip=null | op=WRITE_CHUNK {blockData=conID: 2 locID: 102734074475381249 bcsId: 2458} | ret=SUCCESS |  
2019-09-04 11:46:12,124 | INFO  | DNAudit | user=null | ip=null | op=WRITE_CHUNK {blockData=conID: 2 locID: 102734074475381249 bcsId: 2458} | ret=SUCCESS |  
2019-09-04 11:46:12,129 | INFO  | DNAudit | user=null | ip=null | op=WRITE_CHUNK {blockData=conID: 2 locID: 102734074475381249 bcsId: 2458} | ret=SUCCESS |  
2019-09-04 11:46:12,129 | INFO  | DNAudit | user=null | ip=null | op=PUT_BLOCK {blockData=[blockId=conID: 2 locID: 102734074475381249 bcsId: 0,size=3145728]} | ret=SUCCESS |  
2019-09-04 11:46:12,129 [grpc-default-executor-5] INFO  client.GrpcClientProtocolClient (GrpcClientProtocolClient.java:onNext(255)) - client-D5CE890D7D9E->efcb8ff8-f060-4d95-9215-d0f5eb4af037: receive RaftClientReply:client-D5CE890D7D9E->efcb8ff8-f060-4d95-9215-d0f5eb4af037@group-0959F8DF43ED, cid=1701, SUCCESS, logIndex=2462, commits[efcb8ff8-f060-4d95-9215-d0f5eb4af037:c2463, 6fae8b02-e804-4c0e-b729-a97b7404b7f6:c2461, 4c3e8a66-6975-4917-8225-d3efe707aaff:c2461]
2019-09-04 11:46:12,130 [grpc-default-executor-5] INFO  client.GrpcClientProtocolClient (GrpcClientProtocolClient.java:onNext(255)) - client-D5CE890D7D9E->efcb8ff8-f060-4d95-9215-d0f5eb4af037: receive RaftClientReply:client-D5CE890D7D9E->efcb8ff8-f060-4d95-9215-d0f5eb4af037@group-0959F8DF43ED, cid=1702, SUCCESS, logIndex=2463, commits[efcb8ff8-f060-4d95-9215-d0f5eb4af037:c2463, 6fae8b02-e804-4c0e-b729-a97b7404b7f6:c2461, 4c3e8a66-6975-4917-8225-d3efe707aaff:c2461]
2019-09-04 11:46:12,138 | INFO  | DNAudit | user=null | ip=null | op=WRITE_CHUNK {blockData=conID: 2 locID: 102734074475381249 bcsId: 2463} | ret=SUCCESS |  
2019-09-04 11:46:12,138 | INFO  | DNAudit | user=null | ip=null | op=WRITE_CHUNK {blockData=conID: 2 locID: 102734074475381249 bcsId: 2458} | ret=SUCCESS |  
2019-09-04 11:46:12,138 | INFO  | DNAudit | user=null | ip=null | op=WRITE_CHUNK {blockData=conID: 2 locID: 102734074475381249 bcsId: 2458} | ret=SUCCESS |  
2019-09-04 11:46:12,141 | INFO  | DNAudit | user=null | ip=null | op=WRITE_CHUNK {blockData=conID: 2 locID: 102734074475381249 bcsId: 2463} | ret=SUCCESS |  
2019-09-04 11:46:12,141 | INFO  | DNAudit | user=null | ip=null | op=WRITE_CHUNK {blockData=conID: 2 locID: 102734074475381249 bcsId: 2463} | ret=SUCCESS |  
2019-09-04 11:46:12,145 | INFO  | DNAudit | user=null | ip=null | op=PUT_BLOCK {blockData=[blockId=conID: 2 locID: 102734074475381249 bcsId: 0,size=3145728]} | ret=SUCCESS |  
2019-09-04 11:46:12,145 | INFO  | DNAudit | user=null | ip=null | op=PUT_BLOCK {blockData=[blockId=conID: 2 locID: 102734074475381249 bcsId: 0,size=3145728]} | ret=SUCCESS |  
2019-09-04 11:46:12,147 | INFO  | DNAudit | user=null | ip=null | op=WRITE_CHUNK {blockData=conID: 2 locID: 102734074475381249 bcsId: 2463} | ret=SUCCESS |  
2019-09-04 11:46:12,147 | INFO  | DNAudit | user=null | ip=null | op=PUT_BLOCK {blockData=[blockId=conID: 2 locID: 102734074475381249 bcsId: 0,size=4194304]} | ret=SUCCESS |  
2019-09-04 11:46:12,147 [grpc-default-executor-5] INFO  client.GrpcClientProtocolClient (GrpcClientProtocolClient.java:onNext(255)) - client-D5CE890D7D9E->efcb8ff8-f060-4d95-9215-d0f5eb4af037: receive RaftClientReply:client-D5CE890D7D9E->efcb8ff8-f060-4d95-9215-d0f5eb4af037@group-0959F8DF43ED, cid=1703, SUCCESS, logIndex=2466, commits[efcb8ff8-f060-4d95-9215-d0f5eb4af037:c2467, 6fae8b02-e804-4c0e-b729-a97b7404b7f6:c2463, 4c3e8a66-6975-4917-8225-d3efe707aaff:c2463]
2019-09-04 11:46:12,148 [grpc-default-executor-5] INFO  client.GrpcClientProtocolClient (GrpcClientProtocolClient.java:onNext(255)) - client-D5CE890D7D9E->efcb8ff8-f060-4d95-9215-d0f5eb4af037: receive RaftClientReply:client-D5CE890D7D9E->efcb8ff8-f060-4d95-9215-d0f5eb4af037@group-0959F8DF43ED, cid=1704, SUCCESS, logIndex=2467, commits[efcb8ff8-f060-4d95-9215-d0f5eb4af037:c2467, 6fae8b02-e804-4c0e-b729-a97b7404b7f6:c2463, 4c3e8a66-6975-4917-8225-d3efe707aaff:c2463]
2019-09-04 11:46:12,160 | INFO  | DNAudit | user=null | ip=null | op=WRITE_CHUNK {blockData=conID: 2 locID: 102734074475381249 bcsId: 2463} | ret=SUCCESS |  
2019-09-04 11:46:12,160 | INFO  | DNAudit | user=null | ip=null | op=WRITE_CHUNK {blockData=conID: 2 locID: 102734074475381249 bcsId: 2463} | ret=SUCCESS |  
2019-09-04 11:46:12,161 | INFO  | DNAudit | user=null | ip=null | op=PUT_BLOCK {blockData=[blockId=conID: 2 locID: 102734074475381249 bcsId: 0,size=4194304]} | ret=SUCCESS |  
2019-09-04 11:46:12,161 | INFO  | DNAudit | user=null | ip=null | op=PUT_BLOCK {blockData=[blockId=conID: 2 locID: 102734074475381249 bcsId: 0,size=4194304]} | ret=SUCCESS |  
2019-09-04 11:46:12,162 [grpc-default-executor-5] INFO  client.GrpcClientProtocolClient (GrpcClientProtocolClient.java:onNext(255)) - client-D5CE890D7D9E->efcb8ff8-f060-4d95-9215-d0f5eb4af037: receive RaftClientReply:client-D5CE890D7D9E->efcb8ff8-f060-4d95-9215-d0f5eb4af037@group-0959F8DF43ED, cid=1705, SUCCESS, logIndex=0, commits[efcb8ff8-f060-4d95-9215-d0f5eb4af037:c2468, 6fae8b02-e804-4c0e-b729-a97b7404b7f6:c2467, 4c3e8a66-6975-4917-8225-d3efe707aaff:c2467]
2019-09-04 11:46:12,168 | INFO  | SCMAudit | user=jenkins1000 | ip=192.168.36.67 | op=ALLOCATE_BLOCK {owner=8ab292a2-aaa7-4ad8-863a-d33994811155, size=4194304, type=RATIS, factor=THREE} | ret=SUCCESS |  
2019-09-04 11:46:12,171 | INFO  | OMAudit | user=jenkins1000 | ip=127.0.0.1 | op=ALLOCATE_BLOCK {volume=vol-0-58699, bucket=bucket-0-57464, key=key-0-37266, dataSize=0, replicationType=null, replicationFactor=null, keyLocationInfo=null, clientID=102734073355960722} | ret=SUCCESS |  
2019-09-04 11:46:12,179 | INFO  | DNAudit | user=null | ip=null | op=WRITE_CHUNK {blockData=conID: 3 locID: 102734074489602562 bcsId: 0} | ret=SUCCESS |  
2019-09-04 11:46:12,184 | INFO  | DNAudit | user=null | ip=null | op=WRITE_CHUNK {blockData=conID: 3 locID: 102734074489602562 bcsId: 0} | ret=SUCCESS |  
2019-09-04 11:46:12,184 | INFO  | DNAudit | user=null | ip=null | op=WRITE_CHUNK {blockData=conID: 3 locID: 102734074489602562 bcsId: 0} | ret=SUCCESS |  
2019-09-04 11:46:12,184 | INFO  | DNAudit | user=null | ip=null | op=WRITE_CHUNK {blockData=conID: 3 locID: 102734074489602562 bcsId: 0} | ret=SUCCESS |  
2019-09-04 11:46:12,187 | INFO  | DNAudit | user=null | ip=null | op=WRITE_CHUNK {blockData=conID: 3 locID: 102734074489602562 bcsId: 0} | ret=SUCCESS |  
2019-09-04 11:46:12,187 | INFO  | DNAudit | user=null | ip=null | op=WRITE_CHUNK {blockData=conID: 3 locID: 102734074489602562 bcsId: 0} | ret=SUCCESS |  
2019-09-04 11:46:12,190 | INFO  | DNAudit | user=null | ip=null | op=WRITE_CHUNK {blockData=conID: 3 locID: 102734074489602562 bcsId: 0} | ret=SUCCESS |  
2019-09-04 11:46:12,190 | INFO  | DNAudit | user=null | ip=null | op=PUT_BLOCK {blockData=[blockId=conID: 3 locID: 102734074489602562 bcsId: 0,size=1048576]} | ret=SUCCESS |  
2019-09-04 11:46:12,191 [grpc-default-executor-6] INFO  client.GrpcClientProtocolClient (GrpcClientProtocolClient.java:onNext(255)) - client-D5CE890D7D9E->efcb8ff8-f060-4d95-9215-d0f5eb4af037: receive RaftClientReply:client-D5CE890D7D9E->efcb8ff8-f060-4d95-9215-d0f5eb4af037@group-0959F8DF43ED, cid=1706, SUCCESS, logIndex=2470, commits[efcb8ff8-f060-4d95-9215-d0f5eb4af037:c2470, 6fae8b02-e804-4c0e-b729-a97b7404b7f6:c2469, 4c3e8a66-6975-4917-8225-d3efe707aaff:c2469]
2019-09-04 11:46:12,191 [grpc-default-executor-6] INFO  client.GrpcClientProtocolClient (GrpcClientProtocolClient.java:onNext(255)) - client-D5CE890D7D9E->efcb8ff8-f060-4d95-9215-d0f5eb4af037: receive RaftClientReply:client-D5CE890D7D9E->efcb8ff8-f060-4d95-9215-d0f5eb4af037@group-0959F8DF43ED, cid=1707, SUCCESS, logIndex=2471, commits[efcb8ff8-f060-4d95-9215-d0f5eb4af037:c2471, 6fae8b02-e804-4c0e-b729-a97b7404b7f6:c2469, 4c3e8a66-6975-4917-8225-d3efe707aaff:c2469]
2019-09-04 11:46:12,197 | INFO  | DNAudit | user=null | ip=null | op=WRITE_CHUNK {blockData=conID: 3 locID: 102734074489602562 bcsId: 0} | ret=SUCCESS |  
2019-09-04 11:46:12,197 | INFO  | DNAudit | user=null | ip=null | op=PUT_BLOCK {blockData=[blockId=conID: 3 locID: 102734074489602562 bcsId: 0,size=2097152]} | ret=SUCCESS |  
2019-09-04 11:46:12,197 [grpc-default-executor-0] INFO  client.GrpcClientProtocolClient (GrpcClientProtocolClient.java:onNext(255)) - client-D5CE890D7D9E->efcb8ff8-f060-4d95-9215-d0f5eb4af037: receive RaftClientReply:client-D5CE890D7D9E->efcb8ff8-f060-4d95-9215-d0f5eb4af037@group-0959F8DF43ED, cid=1708, SUCCESS, logIndex=2472, commits[efcb8ff8-f060-4d95-9215-d0f5eb4af037:c2473, 6fae8b02-e804-4c0e-b729-a97b7404b7f6:c2469, 4c3e8a66-6975-4917-8225-d3efe707aaff:c2469]
2019-09-04 11:46:12,198 [grpc-default-executor-0] INFO  client.GrpcClientProtocolClient (GrpcClientProtocolClient.java:onNext(255)) - client-D5CE890D7D9E->efcb8ff8-f060-4d95-9215-d0f5eb4af037: receive RaftClientReply:client-D5CE890D7D9E->efcb8ff8-f060-4d95-9215-d0f5eb4af037@group-0959F8DF43ED, cid=1709, SUCCESS, logIndex=2473, commits[efcb8ff8-f060-4d95-9215-d0f5eb4af037:c2473, 6fae8b02-e804-4c0e-b729-a97b7404b7f6:c2469, 4c3e8a66-6975-4917-8225-d3efe707aaff:c2469]
2019-09-04 11:46:12,198 | INFO  | DNAudit | user=null | ip=null | op=WRITE_CHUNK {blockData=conID: 3 locID: 102734074489602562 bcsId: 0} | ret=SUCCESS |  
2019-09-04 11:46:12,198 | INFO  | DNAudit | user=null | ip=null | op=PUT_BLOCK {blockData=[blockId=conID: 3 locID: 102734074489602562 bcsId: 0,size=1048576]} | ret=SUCCESS |  
2019-09-04 11:46:12,199 | INFO  | DNAudit | user=null | ip=null | op=WRITE_CHUNK {blockData=conID: 3 locID: 102734074489602562 bcsId: 0} | ret=SUCCESS |  
2019-09-04 11:46:12,199 | INFO  | DNAudit | user=null | ip=null | op=WRITE_CHUNK {blockData=conID: 3 locID: 102734074489602562 bcsId: 0} | ret=SUCCESS |  
2019-09-04 11:46:12,199 | INFO  | DNAudit | user=null | ip=null | op=PUT_BLOCK {blockData=[blockId=conID: 3 locID: 102734074489602562 bcsId: 0,size=2097152]} | ret=SUCCESS |  
2019-09-04 11:46:12,199 | INFO  | DNAudit | user=null | ip=null | op=PUT_BLOCK {blockData=[blockId=conID: 3 locID: 102734074489602562 bcsId: 0,size=1048576]} | ret=SUCCESS |  
2019-09-04 11:46:12,200 | INFO  | DNAudit | user=null | ip=null | op=WRITE_CHUNK {blockData=conID: 3 locID: 102734074489602562 bcsId: 0} | ret=SUCCESS |  
2019-09-04 11:46:12,200 | INFO  | DNAudit | user=null | ip=null | op=PUT_BLOCK {blockData=[blockId=conID: 3 locID: 102734074489602562 bcsId: 0,size=2097152]} | ret=SUCCESS |  
2019-09-04 11:46:12,200 [grpc-default-executor-6] INFO  client.GrpcClientProtocolClient (GrpcClientProtocolClient.java:onNext(255)) - client-D5CE890D7D9E->efcb8ff8-f060-4d95-9215-d0f5eb4af037: receive RaftClientReply:client-D5CE890D7D9E->efcb8ff8-f060-4d95-9215-d0f5eb4af037@group-0959F8DF43ED, cid=1710, SUCCESS, logIndex=0, commits[efcb8ff8-f060-4d95-9215-d0f5eb4af037:c2477, 6fae8b02-e804-4c0e-b729-a97b7404b7f6:c2471, 4c3e8a66-6975-4917-8225-d3efe707aaff:c2473]
2019-09-04 11:46:12,207 | INFO  | DNAudit | user=null | ip=null | op=WRITE_CHUNK {blockData=conID: 3 locID: 102734074489602562 bcsId: 2473} | ret=SUCCESS |  
2019-09-04 11:46:12,209 | INFO  | DNAudit | user=null | ip=null | op=WRITE_CHUNK {blockData=conID: 3 locID: 102734074489602562 bcsId: 2473} | ret=SUCCESS |  
2019-09-04 11:46:12,210 | INFO  | DNAudit | user=null | ip=null | op=WRITE_CHUNK {blockData=conID: 3 locID: 102734074489602562 bcsId: 2473} | ret=SUCCESS |  
2019-09-04 11:46:12,216 | INFO  | DNAudit | user=null | ip=null | op=WRITE_CHUNK {blockData=conID: 3 locID: 102734074489602562 bcsId: 2473} | ret=SUCCESS |  
2019-09-04 11:46:12,217 | INFO  | DNAudit | user=null | ip=null | op=PUT_BLOCK {blockData=[blockId=conID: 3 locID: 102734074489602562 bcsId: 0,size=3145728]} | ret=SUCCESS |  
2019-09-04 11:46:12,217 [grpc-default-executor-0] INFO  client.GrpcClientProtocolClient (GrpcClientProtocolClient.java:onNext(255)) - client-D5CE890D7D9E->efcb8ff8-f060-4d95-9215-d0f5eb4af037: receive RaftClientReply:client-D5CE890D7D9E->efcb8ff8-f060-4d95-9215-d0f5eb4af037@group-0959F8DF43ED, cid=1711, SUCCESS, logIndex=2478, commits[efcb8ff8-f060-4d95-9215-d0f5eb4af037:c2479, 6fae8b02-e804-4c0e-b729-a97b7404b7f6:c2477, 4c3e8a66-6975-4917-8225-d3efe707aaff:c2477]
2019-09-04 11:46:12,217 [grpc-default-executor-0] INFO  client.GrpcClientProtocolClient (GrpcClientProtocolClient.java:onNext(255)) - client-D5CE890D7D9E->efcb8ff8-f060-4d95-9215-d0f5eb4af037: receive RaftClientReply:client-D5CE890D7D9E->efcb8ff8-f060-4d95-9215-d0f5eb4af037@group-0959F8DF43ED, cid=1712, SUCCESS, logIndex=2479, commits[efcb8ff8-f060-4d95-9215-d0f5eb4af037:c2479, 6fae8b02-e804-4c0e-b729-a97b7404b7f6:c2477, 4c3e8a66-6975-4917-8225-d3efe707aaff:c2477]
2019-09-04 11:46:12,224 | INFO  | DNAudit | user=null | ip=null | op=WRITE_CHUNK {blockData=conID: 3 locID: 102734074489602562 bcsId: 2479} | ret=SUCCESS |  
2019-09-04 11:46:12,227 | INFO  | DNAudit | user=null | ip=null | op=WRITE_CHUNK {blockData=conID: 3 locID: 102734074489602562 bcsId: 2479} | ret=SUCCESS |  
2019-09-04 11:46:12,228 | INFO  | DNAudit | user=null | ip=null | op=WRITE_CHUNK {blockData=conID: 3 locID: 102734074489602562 bcsId: 2479} | ret=SUCCESS |  
2019-09-04 11:46:12,229 | INFO  | DNAudit | user=null | ip=null | op=WRITE_CHUNK {blockData=conID: 3 locID: 102734074489602562 bcsId: 2473} | ret=SUCCESS |  
2019-09-04 11:46:12,229 | INFO  | DNAudit | user=null | ip=null | op=WRITE_CHUNK {blockData=conID: 3 locID: 102734074489602562 bcsId: 2473} | ret=SUCCESS |  
2019-09-04 11:46:12,242 | INFO  | DNAudit | user=null | ip=null | op=PUT_BLOCK {blockData=[blockId=conID: 3 locID: 102734074489602562 bcsId: 0,size=3145728]} | ret=SUCCESS |  
2019-09-04 11:46:12,242 | INFO  | DNAudit | user=null | ip=null | op=PUT_BLOCK {blockData=[blockId=conID: 3 locID: 102734074489602562 bcsId: 0,size=3145728]} | ret=SUCCESS |  
2019-09-04 11:46:12,243 | INFO  | DNAudit | user=null | ip=null | op=WRITE_CHUNK {blockData=conID: 3 locID: 102734074489602562 bcsId: 2479} | ret=SUCCESS |  
2019-09-04 11:46:12,243 | INFO  | DNAudit | user=null | ip=null | op=PUT_BLOCK {blockData=[blockId=conID: 3 locID: 102734074489602562 bcsId: 0,size=4194304]} | ret=SUCCESS |  
2019-09-04 11:46:12,243 [grpc-default-executor-6] INFO  client.GrpcClientProtocolClient (GrpcClientProtocolClient.java:onNext(255)) - client-D5CE890D7D9E->efcb8ff8-f060-4d95-9215-d0f5eb4af037: receive RaftClientReply:client-D5CE890D7D9E->efcb8ff8-f060-4d95-9215-d0f5eb4af037@group-0959F8DF43ED, cid=1713, SUCCESS, logIndex=2482, commits[efcb8ff8-f060-4d95-9215-d0f5eb4af037:c2483, 6fae8b02-e804-4c0e-b729-a97b7404b7f6:c2479, 4c3e8a66-6975-4917-8225-d3efe707aaff:c2479]
2019-09-04 11:46:12,244 [grpc-default-executor-6] INFO  client.GrpcClientProtocolClient (GrpcClientProtocolClient.java:onNext(255)) - client-D5CE890D7D9E->efcb8ff8-f060-4d95-9215-d0f5eb4af037: receive RaftClientReply:client-D5CE890D7D9E->efcb8ff8-f060-4d95-9215-d0f5eb4af037@group-0959F8DF43ED, cid=1714, SUCCESS, logIndex=2483, commits[efcb8ff8-f060-4d95-9215-d0f5eb4af037:c2483, 6fae8b02-e804-4c0e-b729-a97b7404b7f6:c2479, 4c3e8a66-6975-4917-8225-d3efe707aaff:c2479]
2019-09-04 11:46:12,250 | INFO  | DNAudit | user=null | ip=null | op=WRITE_CHUNK {blockData=conID: 3 locID: 102734074489602562 bcsId: 2479} | ret=SUCCESS |  
2019-09-04 11:46:12,250 | INFO  | DNAudit | user=null | ip=null | op=WRITE_CHUNK {blockData=conID: 3 locID: 102734074489602562 bcsId: 2479} | ret=SUCCESS |  
2019-09-04 11:46:12,251 | INFO  | DNAudit | user=null | ip=null | op=PUT_BLOCK {blockData=[blockId=conID: 3 locID: 102734074489602562 bcsId: 0,size=4194304]} | ret=SUCCESS |  
2019-09-04 11:46:12,251 | INFO  | DNAudit | user=null | ip=null | op=PUT_BLOCK {blockData=[blockId=conID: 3 locID: 102734074489602562 bcsId: 0,size=4194304]} | ret=SUCCESS |  
2019-09-04 11:46:12,251 [grpc-default-executor-6] INFO  client.GrpcClientProtocolClient (GrpcClientProtocolClient.java:onNext(255)) - client-D5CE890D7D9E->efcb8ff8-f060-4d95-9215-d0f5eb4af037: receive RaftClientReply:client-D5CE890D7D9E->efcb8ff8-f060-4d95-9215-d0f5eb4af037@group-0959F8DF43ED, cid=1715, SUCCESS, logIndex=0, commits[efcb8ff8-f060-4d95-9215-d0f5eb4af037:c2485, 6fae8b02-e804-4c0e-b729-a97b7404b7f6:c2483, 4c3e8a66-6975-4917-8225-d3efe707aaff:c2483]
2019-09-04 11:46:12,255 | INFO  | SCMAudit | user=jenkins1000 | ip=192.168.36.67 | op=ALLOCATE_BLOCK {owner=8ab292a2-aaa7-4ad8-863a-d33994811155, size=4194304, type=RATIS, factor=THREE} | ret=SUCCESS |  
2019-09-04 11:46:12,258 | INFO  | OMAudit | user=jenkins1000 | ip=127.0.0.1 | op=ALLOCATE_BLOCK {volume=vol-0-58699, bucket=bucket-0-57464, key=key-0-37266, dataSize=0, replicationType=null, replicationFactor=null, keyLocationInfo=null, clientID=102734073355960722} | ret=SUCCESS |  
2019-09-04 11:46:12,264 | INFO  | DNAudit | user=null | ip=null | op=WRITE_CHUNK {blockData=conID: 1 locID: 102734074495304195 bcsId: 0} | ret=SUCCESS |  
2019-09-04 11:46:12,267 | INFO  | DNAudit | user=null | ip=null | op=WRITE_CHUNK {blockData=conID: 1 locID: 102734074495304195 bcsId: 0} | ret=SUCCESS |  
2019-09-04 11:46:12,268 | INFO  | DNAudit | user=null | ip=null | op=WRITE_CHUNK {blockData=conID: 1 locID: 102734074495304195 bcsId: 0} | ret=SUCCESS |  
2019-09-04 11:46:12,268 | INFO  | DNAudit | user=null | ip=null | op=WRITE_CHUNK {blockData=conID: 1 locID: 102734074495304195 bcsId: 0} | ret=SUCCESS |  
2019-09-04 11:46:12,269 | INFO  | DNAudit | user=null | ip=null | op=WRITE_CHUNK {blockData=conID: 1 locID: 102734074495304195 bcsId: 0} | ret=SUCCESS |  
2019-09-04 11:46:12,270 | INFO  | DNAudit | user=null | ip=null | op=WRITE_CHUNK {blockData=conID: 1 locID: 102734074495304195 bcsId: 0} | ret=SUCCESS |  
2019-09-04 11:46:12,272 | INFO  | DNAudit | user=null | ip=null | op=WRITE_CHUNK {blockData=conID: 1 locID: 102734074495304195 bcsId: 0} | ret=SUCCESS |  
2019-09-04 11:46:12,273 | INFO  | DNAudit | user=null | ip=null | op=PUT_BLOCK {blockData=[blockId=conID: 1 locID: 102734074495304195 bcsId: 0,size=1048576]} | ret=SUCCESS |  
2019-09-04 11:46:12,273 [grpc-default-executor-1] INFO  client.GrpcClientProtocolClient (GrpcClientProtocolClient.java:onNext(255)) - client-D5CE890D7D9E->efcb8ff8-f060-4d95-9215-d0f5eb4af037: receive RaftClientReply:client-D5CE890D7D9E->efcb8ff8-f060-4d95-9215-d0f5eb4af037@group-0959F8DF43ED, cid=1716, SUCCESS, logIndex=2486, commits[efcb8ff8-f060-4d95-9215-d0f5eb4af037:c2488, 6fae8b02-e804-4c0e-b729-a97b7404b7f6:c2485, 4c3e8a66-6975-4917-8225-d3efe707aaff:c2485]
2019-09-04 11:46:12,273 | INFO  | DNAudit | user=null | ip=null | op=WRITE_CHUNK {blockData=conID: 1 locID: 102734074495304195 bcsId: 0} | ret=SUCCESS |  
2019-09-04 11:46:12,273 [grpc-default-executor-1] INFO  client.GrpcClientProtocolClient (GrpcClientProtocolClient.java:onNext(255)) - client-D5CE890D7D9E->efcb8ff8-f060-4d95-9215-d0f5eb4af037: receive RaftClientReply:client-D5CE890D7D9E->efcb8ff8-f060-4d95-9215-d0f5eb4af037@group-0959F8DF43ED, cid=1717, SUCCESS, logIndex=2487, commits[efcb8ff8-f060-4d95-9215-d0f5eb4af037:c2489, 6fae8b02-e804-4c0e-b729-a97b7404b7f6:c2485, 4c3e8a66-6975-4917-8225-d3efe707aaff:c2485]
2019-09-04 11:46:12,274 | INFO  | DNAudit | user=null | ip=null | op=PUT_BLOCK {blockData=[blockId=conID: 1 locID: 102734074495304195 bcsId: 0,size=2097152]} | ret=SUCCESS |  
2019-09-04 11:46:12,274 [grpc-default-executor-1] INFO  client.GrpcClientProtocolClient (GrpcClientProtocolClient.java:onNext(255)) - client-D5CE890D7D9E->efcb8ff8-f060-4d95-9215-d0f5eb4af037: receive RaftClientReply:client-D5CE890D7D9E->efcb8ff8-f060-4d95-9215-d0f5eb4af037@group-0959F8DF43ED, cid=1718, SUCCESS, logIndex=2488, commits[efcb8ff8-f060-4d95-9215-d0f5eb4af037:c2489, 6fae8b02-e804-4c0e-b729-a97b7404b7f6:c2485, 4c3e8a66-6975-4917-8225-d3efe707aaff:c2485]
2019-09-04 11:46:12,274 [grpc-default-executor-1] INFO  client.GrpcClientProtocolClient (GrpcClientProtocolClient.java:onNext(255)) - client-D5CE890D7D9E->efcb8ff8-f060-4d95-9215-d0f5eb4af037: receive RaftClientReply:client-D5CE890D7D9E->efcb8ff8-f060-4d95-9215-d0f5eb4af037@group-0959F8DF43ED, cid=1719, SUCCESS, logIndex=2489, commits[efcb8ff8-f060-4d95-9215-d0f5eb4af037:c2489, 6fae8b02-e804-4c0e-b729-a97b7404b7f6:c2485, 4c3e8a66-6975-4917-8225-d3efe707aaff:c2485]
2019-09-04 11:46:12,281 | INFO  | DNAudit | user=null | ip=null | op=WRITE_CHUNK {blockData=conID: 1 locID: 102734074495304195 bcsId: 0} | ret=SUCCESS |  
2019-09-04 11:46:12,282 | INFO  | DNAudit | user=null | ip=null | op=WRITE_CHUNK {blockData=conID: 1 locID: 102734074495304195 bcsId: 0} | ret=SUCCESS |  
2019-09-04 11:46:12,282 | INFO  | DNAudit | user=null | ip=null | op=PUT_BLOCK {blockData=[blockId=conID: 1 locID: 102734074495304195 bcsId: 0,size=1048576]} | ret=SUCCESS |  
2019-09-04 11:46:12,282 | INFO  | DNAudit | user=null | ip=null | op=PUT_BLOCK {blockData=[blockId=conID: 1 locID: 102734074495304195 bcsId: 0,size=1048576]} | ret=SUCCESS |  
2019-09-04 11:46:12,283 | INFO  | DNAudit | user=null | ip=null | op=WRITE_CHUNK {blockData=conID: 1 locID: 102734074495304195 bcsId: 0} | ret=SUCCESS |  
2019-09-04 11:46:12,283 | INFO  | DNAudit | user=null | ip=null | op=WRITE_CHUNK {blockData=conID: 1 locID: 102734074495304195 bcsId: 0} | ret=SUCCESS |  
2019-09-04 11:46:12,283 | INFO  | DNAudit | user=null | ip=null | op=PUT_BLOCK {blockData=[blockId=conID: 1 locID: 102734074495304195 bcsId: 0,size=2097152]} | ret=SUCCESS |  
2019-09-04 11:46:12,283 | INFO  | DNAudit | user=null | ip=null | op=PUT_BLOCK {blockData=[blockId=conID: 1 locID: 102734074495304195 bcsId: 0,size=2097152]} | ret=SUCCESS |  
2019-09-04 11:46:12,283 [grpc-default-executor-1] INFO  client.GrpcClientProtocolClient (GrpcClientProtocolClient.java:onNext(255)) - client-D5CE890D7D9E->efcb8ff8-f060-4d95-9215-d0f5eb4af037: receive RaftClientReply:client-D5CE890D7D9E->efcb8ff8-f060-4d95-9215-d0f5eb4af037@group-0959F8DF43ED, cid=1720, SUCCESS, logIndex=0, commits[efcb8ff8-f060-4d95-9215-d0f5eb4af037:c2493, 6fae8b02-e804-4c0e-b729-a97b7404b7f6:c2489, 4c3e8a66-6975-4917-8225-d3efe707aaff:c2487]
2019-09-04 11:46:12,289 | INFO  | DNAudit | user=null | ip=null | op=WRITE_CHUNK {blockData=conID: 1 locID: 102734074495304195 bcsId: 2489} | ret=SUCCESS |  
2019-09-04 11:46:12,292 | INFO  | DNAudit | user=null | ip=null | op=WRITE_CHUNK {blockData=conID: 1 locID: 102734074495304195 bcsId: 2489} | ret=SUCCESS |  
2019-09-04 11:46:12,292 | INFO  | DNAudit | user=null | ip=null | op=WRITE_CHUNK {blockData=conID: 1 locID: 102734074495304195 bcsId: 2489} | ret=SUCCESS |  
2019-09-04 11:46:12,304 | INFO  | DNAudit | user=null | ip=null | op=WRITE_CHUNK {blockData=conID: 1 locID: 102734074495304195 bcsId: 2489} | ret=SUCCESS |  
2019-09-04 11:46:12,305 | INFO  | DNAudit | user=null | ip=null | op=PUT_BLOCK {blockData=[blockId=conID: 1 locID: 102734074495304195 bcsId: 0,size=3145728]} | ret=SUCCESS |  
2019-09-04 11:46:12,305 [grpc-default-executor-1] INFO  client.GrpcClientProtocolClient (GrpcClientProtocolClient.java:onNext(255)) - client-D5CE890D7D9E->efcb8ff8-f060-4d95-9215-d0f5eb4af037: receive RaftClientReply:client-D5CE890D7D9E->efcb8ff8-f060-4d95-9215-d0f5eb4af037@group-0959F8DF43ED, cid=1721, SUCCESS, logIndex=2494, commits[efcb8ff8-f060-4d95-9215-d0f5eb4af037:c2495, 6fae8b02-e804-4c0e-b729-a97b7404b7f6:c2493, 4c3e8a66-6975-4917-8225-d3efe707aaff:c2493]
2019-09-04 11:46:12,306 [grpc-default-executor-1] INFO  client.GrpcClientProtocolClient (GrpcClientProtocolClient.java:onNext(255)) - client-D5CE890D7D9E->efcb8ff8-f060-4d95-9215-d0f5eb4af037: receive RaftClientReply:client-D5CE890D7D9E->efcb8ff8-f060-4d95-9215-d0f5eb4af037@group-0959F8DF43ED, cid=1722, SUCCESS, logIndex=2495, commits[efcb8ff8-f060-4d95-9215-d0f5eb4af037:c2495, 6fae8b02-e804-4c0e-b729-a97b7404b7f6:c2493, 4c3e8a66-6975-4917-8225-d3efe707aaff:c2493]
2019-09-04 11:46:12,312 | INFO  | DNAudit | user=null | ip=null | op=WRITE_CHUNK {blockData=conID: 1 locID: 102734074495304195 bcsId: 2495} | ret=SUCCESS |  
2019-09-04 11:46:12,314 | INFO  | DNAudit | user=null | ip=null | op=WRITE_CHUNK {blockData=conID: 1 locID: 102734074495304195 bcsId: 2495} | ret=SUCCESS |  
2019-09-04 11:46:12,314 | INFO  | DNAudit | user=null | ip=null | op=WRITE_CHUNK {blockData=conID: 1 locID: 102734074495304195 bcsId: 2495} | ret=SUCCESS |  
2019-09-04 11:46:12,325 | INFO  | DNAudit | user=null | ip=null | op=WRITE_CHUNK {blockData=conID: 1 locID: 102734074495304195 bcsId: 2489} | ret=SUCCESS |  
2019-09-04 11:46:12,325 | INFO  | DNAudit | user=null | ip=null | op=WRITE_CHUNK {blockData=conID: 1 locID: 102734074495304195 bcsId: 2489} | ret=SUCCESS |  
2019-09-04 11:46:12,326 | INFO  | DNAudit | user=null | ip=null | op=PUT_BLOCK {blockData=[blockId=conID: 1 locID: 102734074495304195 bcsId: 0,size=3145728]} | ret=SUCCESS |  
2019-09-04 11:46:12,327 | INFO  | DNAudit | user=null | ip=null | op=PUT_BLOCK {blockData=[blockId=conID: 1 locID: 102734074495304195 bcsId: 0,size=3145728]} | ret=SUCCESS |  
2019-09-04 11:46:12,327 | INFO  | DNAudit | user=null | ip=null | op=WRITE_CHUNK {blockData=conID: 1 locID: 102734074495304195 bcsId: 2495} | ret=SUCCESS |  
2019-09-04 11:46:12,328 | INFO  | DNAudit | user=null | ip=null | op=PUT_BLOCK {blockData=[blockId=conID: 1 locID: 102734074495304195 bcsId: 0,size=4194304]} | ret=SUCCESS |  
2019-09-04 11:46:12,328 [grpc-default-executor-1] INFO  client.GrpcClientProtocolClient (GrpcClientProtocolClient.java:onNext(255)) - client-D5CE890D7D9E->efcb8ff8-f060-4d95-9215-d0f5eb4af037: receive RaftClientReply:client-D5CE890D7D9E->efcb8ff8-f060-4d95-9215-d0f5eb4af037@group-0959F8DF43ED, cid=1723, SUCCESS, logIndex=2498, commits[efcb8ff8-f060-4d95-9215-d0f5eb4af037:c2499, 6fae8b02-e804-4c0e-b729-a97b7404b7f6:c2495, 4c3e8a66-6975-4917-8225-d3efe707aaff:c2495]
2019-09-04 11:46:12,328 [grpc-default-executor-1] INFO  client.GrpcClientProtocolClient (GrpcClientProtocolClient.java:onNext(255)) - client-D5CE890D7D9E->efcb8ff8-f060-4d95-9215-d0f5eb4af037: receive RaftClientReply:client-D5CE890D7D9E->efcb8ff8-f060-4d95-9215-d0f5eb4af037@group-0959F8DF43ED, cid=1724, SUCCESS, logIndex=2499, commits[efcb8ff8-f060-4d95-9215-d0f5eb4af037:c2499, 6fae8b02-e804-4c0e-b729-a97b7404b7f6:c2495, 4c3e8a66-6975-4917-8225-d3efe707aaff:c2495]
2019-09-04 11:46:12,350 | INFO  | DNAudit | user=null | ip=null | op=WRITE_CHUNK {blockData=conID: 1 locID: 102734074495304195 bcsId: 2495} | ret=SUCCESS |  
2019-09-04 11:46:12,351 | INFO  | DNAudit | user=null | ip=null | op=WRITE_CHUNK {blockData=conID: 1 locID: 102734074495304195 bcsId: 2495} | ret=SUCCESS |  
2019-09-04 11:46:12,351 | INFO  | DNAudit | user=null | ip=null | op=PUT_BLOCK {blockData=[blockId=conID: 1 locID: 102734074495304195 bcsId: 0,size=4194304]} | ret=SUCCESS |  
2019-09-04 11:46:12,352 | INFO  | DNAudit | user=null | ip=null | op=PUT_BLOCK {blockData=[blockId=conID: 1 locID: 102734074495304195 bcsId: 0,size=4194304]} | ret=SUCCESS |  
2019-09-04 11:46:12,352 [grpc-default-executor-1] INFO  client.GrpcClientProtocolClient (GrpcClientProtocolClient.java:onNext(255)) - client-D5CE890D7D9E->efcb8ff8-f060-4d95-9215-d0f5eb4af037: receive RaftClientReply:client-D5CE890D7D9E->efcb8ff8-f060-4d95-9215-d0f5eb4af037@group-0959F8DF43ED, cid=1725, SUCCESS, logIndex=0, commits[efcb8ff8-f060-4d95-9215-d0f5eb4af037:c2501, 6fae8b02-e804-4c0e-b729-a97b7404b7f6:c2499, 4c3e8a66-6975-4917-8225-d3efe707aaff:c2499]
2019-09-04 11:46:12,358 | INFO  | SCMAudit | user=jenkins1000 | ip=192.168.36.67 | op=ALLOCATE_BLOCK {owner=8ab292a2-aaa7-4ad8-863a-d33994811155, size=4194304, type=RATIS, factor=THREE} | ret=SUCCESS |  
2019-09-04 11:46:12,362 | INFO  | OMAudit | user=jenkins1000 | ip=127.0.0.1 | op=ALLOCATE_BLOCK {volume=vol-0-58699, bucket=bucket-0-57464, key=key-0-37266, dataSize=0, replicationType=null, replicationFactor=null, keyLocationInfo=null, clientID=102734073355960722} | ret=SUCCESS |  
2019-09-04 11:46:12,369 | INFO  | DNAudit | user=null | ip=null | op=WRITE_CHUNK {blockData=conID: 2 locID: 102734074502054404 bcsId: 0} | ret=SUCCESS |  
2019-09-04 11:46:12,373 | INFO  | DNAudit | user=null | ip=null | op=WRITE_CHUNK {blockData=conID: 2 locID: 102734074502054404 bcsId: 0} | ret=SUCCESS |  
2019-09-04 11:46:12,373 | INFO  | DNAudit | user=null | ip=null | op=WRITE_CHUNK {blockData=conID: 2 locID: 102734074502054404 bcsId: 0} | ret=SUCCESS |  
2019-09-04 11:46:12,373 | INFO  | DNAudit | user=null | ip=null | op=WRITE_CHUNK {blockData=conID: 2 locID: 102734074502054404 bcsId: 0} | ret=SUCCESS |  
2019-09-04 11:46:12,375 | INFO  | DNAudit | user=null | ip=null | op=WRITE_CHUNK {blockData=conID: 2 locID: 102734074502054404 bcsId: 0} | ret=SUCCESS |  
2019-09-04 11:46:12,376 | INFO  | DNAudit | user=null | ip=null | op=WRITE_CHUNK {blockData=conID: 2 locID: 102734074502054404 bcsId: 0} | ret=SUCCESS |  
2019-09-04 11:46:12,384 | INFO  | DNAudit | user=null | ip=null | op=WRITE_CHUNK {blockData=conID: 2 locID: 102734074502054404 bcsId: 0} | ret=SUCCESS |  
2019-09-04 11:46:12,385 | INFO  | DNAudit | user=null | ip=null | op=PUT_BLOCK {blockData=[blockId=conID: 2 locID: 102734074502054404 bcsId: 0,size=1048576]} | ret=SUCCESS |  
2019-09-04 11:46:12,385 [grpc-default-executor-5] INFO  client.GrpcClientProtocolClient (GrpcClientProtocolClient.java:onNext(255)) - client-D5CE890D7D9E->efcb8ff8-f060-4d95-9215-d0f5eb4af037: receive RaftClientReply:client-D5CE890D7D9E->efcb8ff8-f060-4d95-9215-d0f5eb4af037@group-0959F8DF43ED, cid=1726, SUCCESS, logIndex=2502, commits[efcb8ff8-f060-4d95-9215-d0f5eb4af037:c2503, 6fae8b02-e804-4c0e-b729-a97b7404b7f6:c2501, 4c3e8a66-6975-4917-8225-d3efe707aaff:c2501]
2019-09-04 11:46:12,385 | INFO  | DNAudit | user=null | ip=null | op=WRITE_CHUNK {blockData=conID: 2 locID: 102734074502054404 bcsId: 0} | ret=SUCCESS |  
2019-09-04 11:46:12,385 [grpc-default-executor-5] INFO  client.GrpcClientProtocolClient (GrpcClientProtocolClient.java:onNext(255)) - client-D5CE890D7D9E->efcb8ff8-f060-4d95-9215-d0f5eb4af037: receive RaftClientReply:client-D5CE890D7D9E->efcb8ff8-f060-4d95-9215-d0f5eb4af037@group-0959F8DF43ED, cid=1727, SUCCESS, logIndex=2503, commits[efcb8ff8-f060-4d95-9215-d0f5eb4af037:c2505, 6fae8b02-e804-4c0e-b729-a97b7404b7f6:c2501, 4c3e8a66-6975-4917-8225-d3efe707aaff:c2501]
2019-09-04 11:46:12,386 | INFO  | DNAudit | user=null | ip=null | op=PUT_BLOCK {blockData=[blockId=conID: 2 locID: 102734074502054404 bcsId: 0,size=2097152]} | ret=SUCCESS |  
2019-09-04 11:46:12,386 | INFO  | DNAudit | user=null | ip=null | op=WRITE_CHUNK {blockData=conID: 2 locID: 102734074502054404 bcsId: 0} | ret=SUCCESS |  
2019-09-04 11:46:12,386 [grpc-default-executor-5] INFO  client.GrpcClientProtocolClient (GrpcClientProtocolClient.java:onNext(255)) - client-D5CE890D7D9E->efcb8ff8-f060-4d95-9215-d0f5eb4af037: receive RaftClientReply:client-D5CE890D7D9E->efcb8ff8-f060-4d95-9215-d0f5eb4af037@group-0959F8DF43ED, cid=1728, SUCCESS, logIndex=2504, commits[efcb8ff8-f060-4d95-9215-d0f5eb4af037:c2505, 6fae8b02-e804-4c0e-b729-a97b7404b7f6:c2501, 4c3e8a66-6975-4917-8225-d3efe707aaff:c2501]
2019-09-04 11:46:12,386 | INFO  | DNAudit | user=null | ip=null | op=PUT_BLOCK {blockData=[blockId=conID: 2 locID: 102734074502054404 bcsId: 0,size=1048576]} | ret=SUCCESS |  
2019-09-04 11:46:12,386 [grpc-default-executor-5] INFO  client.GrpcClientProtocolClient (GrpcClientProtocolClient.java:onNext(255)) - client-D5CE890D7D9E->efcb8ff8-f060-4d95-9215-d0f5eb4af037: receive RaftClientReply:client-D5CE890D7D9E->efcb8ff8-f060-4d95-9215-d0f5eb4af037@group-0959F8DF43ED, cid=1729, SUCCESS, logIndex=2505, commits[efcb8ff8-f060-4d95-9215-d0f5eb4af037:c2505, 6fae8b02-e804-4c0e-b729-a97b7404b7f6:c2501, 4c3e8a66-6975-4917-8225-d3efe707aaff:c2501]
2019-09-04 11:46:12,387 | INFO  | DNAudit | user=null | ip=null | op=WRITE_CHUNK {blockData=conID: 2 locID: 102734074502054404 bcsId: 0} | ret=SUCCESS |  
2019-09-04 11:46:12,387 | INFO  | DNAudit | user=null | ip=null | op=WRITE_CHUNK {blockData=conID: 2 locID: 102734074502054404 bcsId: 0} | ret=SUCCESS |  
2019-09-04 11:46:12,387 | INFO  | DNAudit | user=null | ip=null | op=PUT_BLOCK {blockData=[blockId=conID: 2 locID: 102734074502054404 bcsId: 0,size=2097152]} | ret=SUCCESS |  
2019-09-04 11:46:12,387 | INFO  | DNAudit | user=null | ip=null | op=PUT_BLOCK {blockData=[blockId=conID: 2 locID: 102734074502054404 bcsId: 0,size=1048576]} | ret=SUCCESS |  
2019-09-04 11:46:12,387 | INFO  | DNAudit | user=null | ip=null | op=WRITE_CHUNK {blockData=conID: 2 locID: 102734074502054404 bcsId: 0} | ret=SUCCESS |  
2019-09-04 11:46:12,387 [grpc-default-executor-1] INFO  client.GrpcClientProtocolClient (GrpcClientProtocolClient.java:onNext(255)) - client-D5CE890D7D9E->efcb8ff8-f060-4d95-9215-d0f5eb4af037: receive RaftClientReply:client-D5CE890D7D9E->efcb8ff8-f060-4d95-9215-d0f5eb4af037@group-0959F8DF43ED, cid=1730, SUCCESS, logIndex=0, commits[efcb8ff8-f060-4d95-9215-d0f5eb4af037:c2509, 6fae8b02-e804-4c0e-b729-a97b7404b7f6:c2503, 4c3e8a66-6975-4917-8225-d3efe707aaff:c2505]
2019-09-04 11:46:12,388 | INFO  | DNAudit | user=null | ip=null | op=PUT_BLOCK {blockData=[blockId=conID: 2 locID: 102734074502054404 bcsId: 0,size=2097152]} | ret=SUCCESS |  
2019-09-04 11:46:12,393 | INFO  | DNAudit | user=null | ip=null | op=WRITE_CHUNK {blockData=conID: 2 locID: 102734074502054404 bcsId: 2505} | ret=SUCCESS |  
2019-09-04 11:46:12,396 | INFO  | DNAudit | user=null | ip=null | op=WRITE_CHUNK {blockData=conID: 2 locID: 102734074502054404 bcsId: 2505} | ret=SUCCESS |  
2019-09-04 11:46:12,397 | INFO  | DNAudit | user=null | ip=null | op=WRITE_CHUNK {blockData=conID: 2 locID: 102734074502054404 bcsId: 2505} | ret=SUCCESS |  
2019-09-04 11:46:12,399 | INFO  | DNAudit | user=null | ip=null | op=WRITE_CHUNK {blockData=conID: 2 locID: 102734074502054404 bcsId: 2505} | ret=SUCCESS |  
2019-09-04 11:46:12,400 | INFO  | DNAudit | user=null | ip=null | op=PUT_BLOCK {blockData=[blockId=conID: 2 locID: 102734074502054404 bcsId: 0,size=3145728]} | ret=SUCCESS |  
2019-09-04 11:46:12,400 [grpc-default-executor-1] INFO  client.GrpcClientProtocolClient (GrpcClientProtocolClient.java:onNext(255)) - client-D5CE890D7D9E->efcb8ff8-f060-4d95-9215-d0f5eb4af037: receive RaftClientReply:client-D5CE890D7D9E->efcb8ff8-f060-4d95-9215-d0f5eb4af037@group-0959F8DF43ED, cid=1731, SUCCESS, logIndex=2510, commits[efcb8ff8-f060-4d95-9215-d0f5eb4af037:c2511, 6fae8b02-e804-4c0e-b729-a97b7404b7f6:c2509, 4c3e8a66-6975-4917-8225-d3efe707aaff:c2509]
2019-09-04 11:46:12,400 [grpc-default-executor-1] INFO  client.GrpcClientProtocolClient (GrpcClientProtocolClient.java:onNext(255)) - client-D5CE890D7D9E->efcb8ff8-f060-4d95-9215-d0f5eb4af037: receive RaftClientReply:client-D5CE890D7D9E->efcb8ff8-f060-4d95-9215-d0f5eb4af037@group-0959F8DF43ED, cid=1732, SUCCESS, logIndex=2511, commits[efcb8ff8-f060-4d95-9215-d0f5eb4af037:c2511, 6fae8b02-e804-4c0e-b729-a97b7404b7f6:c2509, 4c3e8a66-6975-4917-8225-d3efe707aaff:c2509]
2019-09-04 11:46:12,406 | INFO  | DNAudit | user=null | ip=null | op=WRITE_CHUNK {blockData=conID: 2 locID: 102734074502054404 bcsId: 2511} | ret=SUCCESS |  
2019-09-04 11:46:12,409 | INFO  | DNAudit | user=null | ip=null | op=WRITE_CHUNK {blockData=conID: 2 locID: 102734074502054404 bcsId: 2511} | ret=SUCCESS |  
2019-09-04 11:46:12,410 | INFO  | DNAudit | user=null | ip=null | op=WRITE_CHUNK {blockData=conID: 2 locID: 102734074502054404 bcsId: 2511} | ret=SUCCESS |  
2019-09-04 11:46:12,410 | INFO  | DNAudit | user=null | ip=null | op=WRITE_CHUNK {blockData=conID: 2 locID: 102734074502054404 bcsId: 2505} | ret=SUCCESS |  
2019-09-04 11:46:12,410 | INFO  | DNAudit | user=null | ip=null | op=WRITE_CHUNK {blockData=conID: 2 locID: 102734074502054404 bcsId: 2505} | ret=SUCCESS |  
2019-09-04 11:46:12,410 | INFO  | DNAudit | user=null | ip=null | op=PUT_BLOCK {blockData=[blockId=conID: 2 locID: 102734074502054404 bcsId: 0,size=3145728]} | ret=SUCCESS |  
2019-09-04 11:46:12,410 | INFO  | DNAudit | user=null | ip=null | op=PUT_BLOCK {blockData=[blockId=conID: 2 locID: 102734074502054404 bcsId: 0,size=3145728]} | ret=SUCCESS |  
2019-09-04 11:46:12,411 | INFO  | DNAudit | user=null | ip=null | op=WRITE_CHUNK {blockData=conID: 2 locID: 102734074502054404 bcsId: 2511} | ret=SUCCESS |  
2019-09-04 11:46:12,412 | INFO  | DNAudit | user=null | ip=null | op=PUT_BLOCK {blockData=[blockId=conID: 2 locID: 102734074502054404 bcsId: 0,size=4194304]} | ret=SUCCESS |  
2019-09-04 11:46:12,412 [grpc-default-executor-1] INFO  client.GrpcClientProtocolClient (GrpcClientProtocolClient.java:onNext(255)) - client-D5CE890D7D9E->efcb8ff8-f060-4d95-9215-d0f5eb4af037: receive RaftClientReply:client-D5CE890D7D9E->efcb8ff8-f060-4d95-9215-d0f5eb4af037@group-0959F8DF43ED, cid=1733, SUCCESS, logIndex=2514, commits[efcb8ff8-f060-4d95-9215-d0f5eb4af037:c2515, 6fae8b02-e804-4c0e-b729-a97b7404b7f6:c2511, 4c3e8a66-6975-4917-8225-d3efe707aaff:c2511]
2019-09-04 11:46:12,412 [grpc-default-executor-1] INFO  client.GrpcClientProtocolClient (GrpcClientProtocolClient.java:onNext(255)) - client-D5CE890D7D9E->efcb8ff8-f060-4d95-9215-d0f5eb4af037: receive RaftClientReply:client-D5CE890D7D9E->efcb8ff8-f060-4d95-9215-d0f5eb4af037@group-0959F8DF43ED, cid=1734, SUCCESS, logIndex=2515, commits[efcb8ff8-f060-4d95-9215-d0f5eb4af037:c2515, 6fae8b02-e804-4c0e-b729-a97b7404b7f6:c2511, 4c3e8a66-6975-4917-8225-d3efe707aaff:c2511]
2019-09-04 11:46:12,417 | INFO  | DNAudit | user=null | ip=null | op=WRITE_CHUNK {blockData=conID: 2 locID: 102734074502054404 bcsId: 2511} | ret=SUCCESS |  
2019-09-04 11:46:12,418 | INFO  | DNAudit | user=null | ip=null | op=WRITE_CHUNK {blockData=conID: 2 locID: 102734074502054404 bcsId: 2511} | ret=SUCCESS |  
2019-09-04 11:46:12,418 | INFO  | DNAudit | user=null | ip=null | op=PUT_BLOCK {blockData=[blockId=conID: 2 locID: 102734074502054404 bcsId: 0,size=4194304]} | ret=SUCCESS |  
2019-09-04 11:46:12,418 | INFO  | DNAudit | user=null | ip=null | op=PUT_BLOCK {blockData=[blockId=conID: 2 locID: 102734074502054404 bcsId: 0,size=4194304]} | ret=SUCCESS |  
2019-09-04 11:46:12,418 [grpc-default-executor-1] INFO  client.GrpcClientProtocolClient (GrpcClientProtocolClient.java:onNext(255)) - client-D5CE890D7D9E->efcb8ff8-f060-4d95-9215-d0f5eb4af037: receive RaftClientReply:client-D5CE890D7D9E->efcb8ff8-f060-4d95-9215-d0f5eb4af037@group-0959F8DF43ED, cid=1735, SUCCESS, logIndex=0, commits[efcb8ff8-f060-4d95-9215-d0f5eb4af037:c2516, 6fae8b02-e804-4c0e-b729-a97b7404b7f6:c2515, 4c3e8a66-6975-4917-8225-d3efe707aaff:c2515]
2019-09-04 11:46:12,422 | INFO  | SCMAudit | user=jenkins1000 | ip=192.168.36.67 | op=ALLOCATE_BLOCK {owner=8ab292a2-aaa7-4ad8-863a-d33994811155, size=4194304, type=RATIS, factor=THREE} | ret=SUCCESS |  
2019-09-04 11:46:12,425 | INFO  | OMAudit | user=jenkins1000 | ip=127.0.0.1 | op=ALLOCATE_BLOCK {volume=vol-0-58699, bucket=bucket-0-57464, key=key-0-37266, dataSize=0, replicationType=null, replicationFactor=null, keyLocationInfo=null, clientID=102734073355960722} | ret=SUCCESS |  
2019-09-04 11:46:12,431 | INFO  | DNAudit | user=null | ip=null | op=WRITE_CHUNK {blockData=conID: 3 locID: 102734074506248709 bcsId: 0} | ret=SUCCESS |  
2019-09-04 11:46:12,434 | INFO  | DNAudit | user=null | ip=null | op=WRITE_CHUNK {blockData=conID: 3 locID: 102734074506248709 bcsId: 0} | ret=SUCCESS |  
2019-09-04 11:46:12,435 | INFO  | DNAudit | user=null | ip=null | op=WRITE_CHUNK {blockData=conID: 3 locID: 102734074506248709 bcsId: 0} | ret=SUCCESS |  
2019-09-04 11:46:12,435 | INFO  | DNAudit | user=null | ip=null | op=WRITE_CHUNK {blockData=conID: 3 locID: 102734074506248709 bcsId: 0} | ret=SUCCESS |  
2019-09-04 11:46:12,436 | INFO  | DNAudit | user=null | ip=null | op=WRITE_CHUNK {blockData=conID: 3 locID: 102734074506248709 bcsId: 0} | ret=SUCCESS |  
2019-09-04 11:46:12,436 | INFO  | DNAudit | user=null | ip=null | op=WRITE_CHUNK {blockData=conID: 3 locID: 102734074506248709 bcsId: 0} | ret=SUCCESS |  
2019-09-04 11:46:12,445 | INFO  | DNAudit | user=null | ip=null | op=WRITE_CHUNK {blockData=conID: 3 locID: 102734074506248709 bcsId: 0} | ret=SUCCESS |  
2019-09-04 11:46:12,446 | INFO  | DNAudit | user=null | ip=null | op=PUT_BLOCK {blockData=[blockId=conID: 3 locID: 102734074506248709 bcsId: 0,size=1048576]} | ret=SUCCESS |  
2019-09-04 11:46:12,446 [grpc-default-executor-5] INFO  client.GrpcClientProtocolClient (GrpcClientProtocolClient.java:onNext(255)) - client-D5CE890D7D9E->efcb8ff8-f060-4d95-9215-d0f5eb4af037: receive RaftClientReply:client-D5CE890D7D9E->efcb8ff8-f060-4d95-9215-d0f5eb4af037@group-0959F8DF43ED, cid=1736, SUCCESS, logIndex=2518, commits[efcb8ff8-f060-4d95-9215-d0f5eb4af037:c2520, 6fae8b02-e804-4c0e-b729-a97b7404b7f6:c2517, 4c3e8a66-6975-4917-8225-d3efe707aaff:c2517]
2019-09-04 11:46:12,446 | INFO  | DNAudit | user=null | ip=null | op=WRITE_CHUNK {blockData=conID: 3 locID: 102734074506248709 bcsId: 0} | ret=SUCCESS |  
2019-09-04 11:46:12,446 [grpc-default-executor-5] INFO  client.GrpcClientProtocolClient (GrpcClientProtocolClient.java:onNext(255)) - client-D5CE890D7D9E->efcb8ff8-f060-4d95-9215-d0f5eb4af037: receive RaftClientReply:client-D5CE890D7D9E->efcb8ff8-f060-4d95-9215-d0f5eb4af037@group-0959F8DF43ED, cid=1737, SUCCESS, logIndex=2519, commits[efcb8ff8-f060-4d95-9215-d0f5eb4af037:c2521, 6fae8b02-e804-4c0e-b729-a97b7404b7f6:c2517, 4c3e8a66-6975-4917-8225-d3efe707aaff:c2517]
2019-09-04 11:46:12,447 | INFO  | DNAudit | user=null | ip=null | op=PUT_BLOCK {blockData=[blockId=conID: 3 locID: 102734074506248709 bcsId: 0,size=2097152]} | ret=SUCCESS |  
2019-09-04 11:46:12,447 [grpc-default-executor-5] INFO  client.GrpcClientProtocolClient (GrpcClientProtocolClient.java:onNext(255)) - client-D5CE890D7D9E->efcb8ff8-f060-4d95-9215-d0f5eb4af037: receive RaftClientReply:client-D5CE890D7D9E->efcb8ff8-f060-4d95-9215-d0f5eb4af037@group-0959F8DF43ED, cid=1738, SUCCESS, logIndex=2520, commits[efcb8ff8-f060-4d95-9215-d0f5eb4af037:c2521, 6fae8b02-e804-4c0e-b729-a97b7404b7f6:c2517, 4c3e8a66-6975-4917-8225-d3efe707aaff:c2517]
2019-09-04 11:46:12,447 [grpc-default-executor-5] INFO  client.GrpcClientProtocolClient (GrpcClientProtocolClient.java:onNext(255)) - client-D5CE890D7D9E->efcb8ff8-f060-4d95-9215-d0f5eb4af037: receive RaftClientReply:client-D5CE890D7D9E->efcb8ff8-f060-4d95-9215-d0f5eb4af037@group-0959F8DF43ED, cid=1739, SUCCESS, logIndex=2521, commits[efcb8ff8-f060-4d95-9215-d0f5eb4af037:c2521, 6fae8b02-e804-4c0e-b729-a97b7404b7f6:c2517, 4c3e8a66-6975-4917-8225-d3efe707aaff:c2517]
2019-09-04 11:46:12,470 | INFO  | DNAudit | user=null | ip=null | op=WRITE_CHUNK {blockData=conID: 3 locID: 102734074506248709 bcsId: 0} | ret=SUCCESS |  
2019-09-04 11:46:12,470 | INFO  | DNAudit | user=null | ip=null | op=WRITE_CHUNK {blockData=conID: 3 locID: 102734074506248709 bcsId: 0} | ret=SUCCESS |  
2019-09-04 11:46:12,471 | INFO  | DNAudit | user=null | ip=null | op=PUT_BLOCK {blockData=[blockId=conID: 3 locID: 102734074506248709 bcsId: 0,size=1048576]} | ret=SUCCESS |  
2019-09-04 11:46:12,471 | INFO  | DNAudit | user=null | ip=null | op=WRITE_CHUNK {blockData=conID: 3 locID: 102734074506248709 bcsId: 0} | ret=SUCCESS |  
2019-09-04 11:46:12,471 | INFO  | DNAudit | user=null | ip=null | op=PUT_BLOCK {blockData=[blockId=conID: 3 locID: 102734074506248709 bcsId: 0,size=2097152]} | ret=SUCCESS |  
2019-09-04 11:46:12,472 | INFO  | DNAudit | user=null | ip=null | op=PUT_BLOCK {blockData=[blockId=conID: 3 locID: 102734074506248709 bcsId: 0,size=1048576]} | ret=SUCCESS |  
2019-09-04 11:46:12,472 | INFO  | DNAudit | user=null | ip=null | op=WRITE_CHUNK {blockData=conID: 3 locID: 102734074506248709 bcsId: 0} | ret=SUCCESS |  
2019-09-04 11:46:12,472 | INFO  | DNAudit | user=null | ip=null | op=PUT_BLOCK {blockData=[blockId=conID: 3 locID: 102734074506248709 bcsId: 0,size=2097152]} | ret=SUCCESS |  
2019-09-04 11:46:12,472 [grpc-default-executor-5] INFO  client.GrpcClientProtocolClient (GrpcClientProtocolClient.java:onNext(255)) - client-D5CE890D7D9E->efcb8ff8-f060-4d95-9215-d0f5eb4af037: receive RaftClientReply:client-D5CE890D7D9E->efcb8ff8-f060-4d95-9215-d0f5eb4af037@group-0959F8DF43ED, cid=1740, SUCCESS, logIndex=0, commits[efcb8ff8-f060-4d95-9215-d0f5eb4af037:c2525, 6fae8b02-e804-4c0e-b729-a97b7404b7f6:c2519, 4c3e8a66-6975-4917-8225-d3efe707aaff:c2521]
2019-09-04 11:46:12,478 | INFO  | DNAudit | user=null | ip=null | op=WRITE_CHUNK {blockData=conID: 3 locID: 102734074506248709 bcsId: 2521} | ret=SUCCESS |  
2019-09-04 11:46:12,482 | INFO  | DNAudit | user=null | ip=null | op=WRITE_CHUNK {blockData=conID: 3 locID: 102734074506248709 bcsId: 2521} | ret=SUCCESS |  
2019-09-04 11:46:12,482 | INFO  | DNAudit | user=null | ip=null | op=WRITE_CHUNK {blockData=conID: 3 locID: 102734074506248709 bcsId: 2521} | ret=SUCCESS |  
2019-09-04 11:46:12,493 | INFO  | DNAudit | user=null | ip=null | op=WRITE_CHUNK {blockData=conID: 3 locID: 102734074506248709 bcsId: 2521} | ret=SUCCESS |  
2019-09-04 11:46:12,493 | INFO  | DNAudit | user=null | ip=null | op=PUT_BLOCK {blockData=[blockId=conID: 3 locID: 102734074506248709 bcsId: 0,size=3145728]} | ret=SUCCESS |  
2019-09-04 11:46:12,493 [grpc-default-executor-1] INFO  client.GrpcClientProtocolClient (GrpcClientProtocolClient.java:onNext(255)) - client-D5CE890D7D9E->efcb8ff8-f060-4d95-9215-d0f5eb4af037: receive RaftClientReply:client-D5CE890D7D9E->efcb8ff8-f060-4d95-9215-d0f5eb4af037@group-0959F8DF43ED, cid=1741, SUCCESS, logIndex=2526, commits[efcb8ff8-f060-4d95-9215-d0f5eb4af037:c2527, 6fae8b02-e804-4c0e-b729-a97b7404b7f6:c2525, 4c3e8a66-6975-4917-8225-d3efe707aaff:c2525]
2019-09-04 11:46:12,494 [grpc-default-executor-1] INFO  client.GrpcClientProtocolClient (GrpcClientProtocolClient.java:onNext(255)) - client-D5CE890D7D9E->efcb8ff8-f060-4d95-9215-d0f5eb4af037: receive RaftClientReply:client-D5CE890D7D9E->efcb8ff8-f060-4d95-9215-d0f5eb4af037@group-0959F8DF43ED, cid=1742, SUCCESS, logIndex=2527, commits[efcb8ff8-f060-4d95-9215-d0f5eb4af037:c2527, 6fae8b02-e804-4c0e-b729-a97b7404b7f6:c2525, 4c3e8a66-6975-4917-8225-d3efe707aaff:c2525]
2019-09-04 11:46:12,499 | INFO  | DNAudit | user=null | ip=null | op=WRITE_CHUNK {blockData=conID: 3 locID: 102734074506248709 bcsId: 2527} | ret=SUCCESS |  
2019-09-04 11:46:12,502 | INFO  | DNAudit | user=null | ip=null | op=WRITE_CHUNK {blockData=conID: 3 locID: 102734074506248709 bcsId: 2527} | ret=SUCCESS |  
2019-09-04 11:46:12,502 | INFO  | DNAudit | user=null | ip=null | op=WRITE_CHUNK {blockData=conID: 3 locID: 102734074506248709 bcsId: 2527} | ret=SUCCESS |  
2019-09-04 11:46:12,503 | INFO  | DNAudit | user=null | ip=null | op=WRITE_CHUNK {blockData=conID: 3 locID: 102734074506248709 bcsId: 2521} | ret=SUCCESS |  
2019-09-04 11:46:12,504 | INFO  | DNAudit | user=null | ip=null | op=WRITE_CHUNK {blockData=conID: 3 locID: 102734074506248709 bcsId: 2521} | ret=SUCCESS |  
2019-09-04 11:46:12,505 | INFO  | DNAudit | user=null | ip=null | op=PUT_BLOCK {blockData=[blockId=conID: 3 locID: 102734074506248709 bcsId: 0,size=3145728]} | ret=SUCCESS |  
2019-09-04 11:46:12,505 | INFO  | DNAudit | user=null | ip=null | op=PUT_BLOCK {blockData=[blockId=conID: 3 locID: 102734074506248709 bcsId: 0,size=3145728]} | ret=SUCCESS |  
2019-09-04 11:46:12,505 | INFO  | DNAudit | user=null | ip=null | op=WRITE_CHUNK {blockData=conID: 3 locID: 102734074506248709 bcsId: 2527} | ret=SUCCESS |  
2019-09-04 11:46:12,505 | INFO  | DNAudit | user=null | ip=null | op=PUT_BLOCK {blockData=[blockId=conID: 3 locID: 102734074506248709 bcsId: 0,size=4194304]} | ret=SUCCESS |  
2019-09-04 11:46:12,506 [grpc-default-executor-5] INFO  client.GrpcClientProtocolClient (GrpcClientProtocolClient.java:onNext(255)) - client-D5CE890D7D9E->efcb8ff8-f060-4d95-9215-d0f5eb4af037: receive RaftClientReply:client-D5CE890D7D9E->efcb8ff8-f060-4d95-9215-d0f5eb4af037@group-0959F8DF43ED, cid=1743, SUCCESS, logIndex=2530, commits[efcb8ff8-f060-4d95-9215-d0f5eb4af037:c2531, 6fae8b02-e804-4c0e-b729-a97b7404b7f6:c2527, 4c3e8a66-6975-4917-8225-d3efe707aaff:c2527]
2019-09-04 11:46:12,506 [grpc-default-executor-5] INFO  client.GrpcClientProtocolClient (GrpcClientProtocolClient.java:onNext(255)) - client-D5CE890D7D9E->efcb8ff8-f060-4d95-9215-d0f5eb4af037: receive RaftClientReply:client-D5CE890D7D9E->efcb8ff8-f060-4d95-9215-d0f5eb4af037@group-0959F8DF43ED, cid=1744, SUCCESS, logIndex=2531, commits[efcb8ff8-f060-4d95-9215-d0f5eb4af037:c2531, 6fae8b02-e804-4c0e-b729-a97b7404b7f6:c2527, 4c3e8a66-6975-4917-8225-d3efe707aaff:c2527]
2019-09-04 11:46:12,517 | INFO  | DNAudit | user=null | ip=null | op=WRITE_CHUNK {blockData=conID: 3 locID: 102734074506248709 bcsId: 2527} | ret=SUCCESS |  
2019-09-04 11:46:12,517 | INFO  | DNAudit | user=null | ip=null | op=WRITE_CHUNK {blockData=conID: 3 locID: 102734074506248709 bcsId: 2527} | ret=SUCCESS |  
2019-09-04 11:46:12,518 | INFO  | DNAudit | user=null | ip=null | op=PUT_BLOCK {blockData=[blockId=conID: 3 locID: 102734074506248709 bcsId: 0,size=4194304]} | ret=SUCCESS |  
2019-09-04 11:46:12,518 | INFO  | DNAudit | user=null | ip=null | op=PUT_BLOCK {blockData=[blockId=conID: 3 locID: 102734074506248709 bcsId: 0,size=4194304]} | ret=SUCCESS |  
2019-09-04 11:46:12,519 [grpc-default-executor-5] INFO  client.GrpcClientProtocolClient (GrpcClientProtocolClient.java:onNext(255)) - client-D5CE890D7D9E->efcb8ff8-f060-4d95-9215-d0f5eb4af037: receive RaftClientReply:client-D5CE890D7D9E->efcb8ff8-f060-4d95-9215-d0f5eb4af037@group-0959F8DF43ED, cid=1745, SUCCESS, logIndex=0, commits[efcb8ff8-f060-4d95-9215-d0f5eb4af037:c2533, 6fae8b02-e804-4c0e-b729-a97b7404b7f6:c2531, 4c3e8a66-6975-4917-8225-d3efe707aaff:c2531]
2019-09-04 11:46:12,522 | INFO  | SCMAudit | user=jenkins1000 | ip=192.168.36.67 | op=ALLOCATE_BLOCK {owner=8ab292a2-aaa7-4ad8-863a-d33994811155, size=4194304, type=RATIS, factor=THREE} | ret=SUCCESS |  
2019-09-04 11:46:12,525 | INFO  | OMAudit | user=jenkins1000 | ip=127.0.0.1 | op=ALLOCATE_BLOCK {volume=vol-0-58699, bucket=bucket-0-57464, key=key-0-37266, dataSize=0, replicationType=null, replicationFactor=null, keyLocationInfo=null, clientID=102734073355960722} | ret=SUCCESS |  
2019-09-04 11:46:12,532 | INFO  | DNAudit | user=null | ip=null | op=WRITE_CHUNK {blockData=conID: 1 locID: 102734074512802310 bcsId: 0} | ret=SUCCESS |  
2019-09-04 11:46:12,534 | INFO  | DNAudit | user=null | ip=null | op=WRITE_CHUNK {blockData=conID: 1 locID: 102734074512802310 bcsId: 0} | ret=SUCCESS |  
2019-09-04 11:46:12,535 | INFO  | DNAudit | user=null | ip=null | op=WRITE_CHUNK {blockData=conID: 1 locID: 102734074512802310 bcsId: 0} | ret=SUCCESS |  
2019-09-04 11:46:12,536 | INFO  | DNAudit | user=null | ip=null | op=WRITE_CHUNK {blockData=conID: 1 locID: 102734074512802310 bcsId: 0} | ret=SUCCESS |  
2019-09-04 11:46:12,536 | INFO  | DNAudit | user=null | ip=null | op=WRITE_CHUNK {blockData=conID: 1 locID: 102734074512802310 bcsId: 0} | ret=SUCCESS |  
2019-09-04 11:46:12,537 | INFO  | DNAudit | user=null | ip=null | op=WRITE_CHUNK {blockData=conID: 1 locID: 102734074512802310 bcsId: 0} | ret=SUCCESS |  
2019-09-04 11:46:12,539 | INFO  | DNAudit | user=null | ip=null | op=WRITE_CHUNK {blockData=conID: 1 locID: 102734074512802310 bcsId: 0} | ret=SUCCESS |  
2019-09-04 11:46:12,539 | INFO  | DNAudit | user=null | ip=null | op=PUT_BLOCK {blockData=[blockId=conID: 1 locID: 102734074512802310 bcsId: 0,size=1048576]} | ret=SUCCESS |  
2019-09-04 11:46:12,539 [grpc-default-executor-5] INFO  client.GrpcClientProtocolClient (GrpcClientProtocolClient.java:onNext(255)) - client-D5CE890D7D9E->efcb8ff8-f060-4d95-9215-d0f5eb4af037: receive RaftClientReply:client-D5CE890D7D9E->efcb8ff8-f060-4d95-9215-d0f5eb4af037@group-0959F8DF43ED, cid=1746, SUCCESS, logIndex=2534, commits[efcb8ff8-f060-4d95-9215-d0f5eb4af037:c2537, 6fae8b02-e804-4c0e-b729-a97b7404b7f6:c2533, 4c3e8a66-6975-4917-8225-d3efe707aaff:c2533]
2019-09-04 11:46:12,540 | INFO  | DNAudit | user=null | ip=null | op=WRITE_CHUNK {blockData=conID: 1 locID: 102734074512802310 bcsId: 0} | ret=SUCCESS |  
2019-09-04 11:46:12,540 | INFO  | DNAudit | user=null | ip=null | op=PUT_BLOCK {blockData=[blockId=conID: 1 locID: 102734074512802310 bcsId: 0,size=2097152]} | ret=SUCCESS |  
2019-09-04 11:46:12,540 [grpc-default-executor-5] INFO  client.GrpcClientProtocolClient (GrpcClientProtocolClient.java:onNext(255)) - client-D5CE890D7D9E->efcb8ff8-f060-4d95-9215-d0f5eb4af037: receive RaftClientReply:client-D5CE890D7D9E->efcb8ff8-f060-4d95-9215-d0f5eb4af037@group-0959F8DF43ED, cid=1747, SUCCESS, logIndex=2535, commits[efcb8ff8-f060-4d95-9215-d0f5eb4af037:c2537, 6fae8b02-e804-4c0e-b729-a97b7404b7f6:c2533, 4c3e8a66-6975-4917-8225-d3efe707aaff:c2533]
2019-09-04 11:46:12,540 [grpc-default-executor-5] INFO  client.GrpcClientProtocolClient (GrpcClientProtocolClient.java:onNext(255)) - client-D5CE890D7D9E->efcb8ff8-f060-4d95-9215-d0f5eb4af037: receive RaftClientReply:client-D5CE890D7D9E->efcb8ff8-f060-4d95-9215-d0f5eb4af037@group-0959F8DF43ED, cid=1748, SUCCESS, logIndex=2536, commits[efcb8ff8-f060-4d95-9215-d0f5eb4af037:c2537, 6fae8b02-e804-4c0e-b729-a97b7404b7f6:c2533, 4c3e8a66-6975-4917-8225-d3efe707aaff:c2533]
2019-09-04 11:46:12,541 | INFO  | DNAudit | user=null | ip=null | op=WRITE_CHUNK {blockData=conID: 1 locID: 102734074512802310 bcsId: 0} | ret=SUCCESS |  
2019-09-04 11:46:12,541 [grpc-default-executor-5] INFO  client.GrpcClientProtocolClient (GrpcClientProtocolClient.java:onNext(255)) - client-D5CE890D7D9E->efcb8ff8-f060-4d95-9215-d0f5eb4af037: receive RaftClientReply:client-D5CE890D7D9E->efcb8ff8-f060-4d95-9215-d0f5eb4af037@group-0959F8DF43ED, cid=1749, SUCCESS, logIndex=2537, commits[efcb8ff8-f060-4d95-9215-d0f5eb4af037:c2537, 6fae8b02-e804-4c0e-b729-a97b7404b7f6:c2533, 4c3e8a66-6975-4917-8225-d3efe707aaff:c2533]
2019-09-04 11:46:12,541 | INFO  | DNAudit | user=null | ip=null | op=WRITE_CHUNK {blockData=conID: 1 locID: 102734074512802310 bcsId: 0} | ret=SUCCESS |  
2019-09-04 11:46:12,541 | INFO  | DNAudit | user=null | ip=null | op=PUT_BLOCK {blockData=[blockId=conID: 1 locID: 102734074512802310 bcsId: 0,size=1048576]} | ret=SUCCESS |  
2019-09-04 11:46:12,541 | INFO  | DNAudit | user=null | ip=null | op=WRITE_CHUNK {blockData=conID: 1 locID: 102734074512802310 bcsId: 0} | ret=SUCCESS |  
2019-09-04 11:46:12,542 | INFO  | DNAudit | user=null | ip=null | op=PUT_BLOCK {blockData=[blockId=conID: 1 locID: 102734074512802310 bcsId: 0,size=2097152]} | ret=SUCCESS |  
2019-09-04 11:46:12,542 | INFO  | DNAudit | user=null | ip=null | op=PUT_BLOCK {blockData=[blockId=conID: 1 locID: 102734074512802310 bcsId: 0,size=1048576]} | ret=SUCCESS |  
2019-09-04 11:46:12,542 | INFO  | DNAudit | user=null | ip=null | op=WRITE_CHUNK {blockData=conID: 1 locID: 102734074512802310 bcsId: 0} | ret=SUCCESS |  
2019-09-04 11:46:12,543 | INFO  | DNAudit | user=null | ip=null | op=PUT_BLOCK {blockData=[blockId=conID: 1 locID: 102734074512802310 bcsId: 0,size=2097152]} | ret=SUCCESS |  
2019-09-04 11:46:12,543 [grpc-default-executor-5] INFO  client.GrpcClientProtocolClient (GrpcClientProtocolClient.java:onNext(255)) - client-D5CE890D7D9E->efcb8ff8-f060-4d95-9215-d0f5eb4af037: receive RaftClientReply:client-D5CE890D7D9E->efcb8ff8-f060-4d95-9215-d0f5eb4af037@group-0959F8DF43ED, cid=1750, SUCCESS, logIndex=0, commits[efcb8ff8-f060-4d95-9215-d0f5eb4af037:c2539, 6fae8b02-e804-4c0e-b729-a97b7404b7f6:c2537, 4c3e8a66-6975-4917-8225-d3efe707aaff:c2537]
2019-09-04 11:46:12,549 | INFO  | DNAudit | user=null | ip=null | op=WRITE_CHUNK {blockData=conID: 1 locID: 102734074512802310 bcsId: 2537} | ret=SUCCESS |  
2019-09-04 11:46:12,551 | INFO  | DNAudit | user=null | ip=null | op=WRITE_CHUNK {blockData=conID: 1 locID: 102734074512802310 bcsId: 2537} | ret=SUCCESS |  
2019-09-04 11:46:12,551 | INFO  | DNAudit | user=null | ip=null | op=WRITE_CHUNK {blockData=conID: 1 locID: 102734074512802310 bcsId: 2537} | ret=SUCCESS |  
2019-09-04 11:46:12,568 | INFO  | DNAudit | user=null | ip=null | op=WRITE_CHUNK {blockData=conID: 1 locID: 102734074512802310 bcsId: 2537} | ret=SUCCESS |  
2019-09-04 11:46:12,568 | INFO  | DNAudit | user=null | ip=null | op=PUT_BLOCK {blockData=[blockId=conID: 1 locID: 102734074512802310 bcsId: 0,size=3145728]} | ret=SUCCESS |  
2019-09-04 11:46:12,568 [grpc-default-executor-1] INFO  client.GrpcClientProtocolClient (GrpcClientProtocolClient.java:onNext(255)) - client-D5CE890D7D9E->efcb8ff8-f060-4d95-9215-d0f5eb4af037: receive RaftClientReply:client-D5CE890D7D9E->efcb8ff8-f060-4d95-9215-d0f5eb4af037@group-0959F8DF43ED, cid=1751, SUCCESS, logIndex=2541, commits[efcb8ff8-f060-4d95-9215-d0f5eb4af037:c2542, 6fae8b02-e804-4c0e-b729-a97b7404b7f6:c2540, 4c3e8a66-6975-4917-8225-d3efe707aaff:c2540]
2019-09-04 11:46:12,568 [grpc-default-executor-1] INFO  client.GrpcClientProtocolClient (GrpcClientProtocolClient.java:onNext(255)) - client-D5CE890D7D9E->efcb8ff8-f060-4d95-9215-d0f5eb4af037: receive RaftClientReply:client-D5CE890D7D9E->efcb8ff8-f060-4d95-9215-d0f5eb4af037@group-0959F8DF43ED, cid=1752, SUCCESS, logIndex=2542, commits[efcb8ff8-f060-4d95-9215-d0f5eb4af037:c2542, 6fae8b02-e804-4c0e-b729-a97b7404b7f6:c2540, 4c3e8a66-6975-4917-8225-d3efe707aaff:c2540]
2019-09-04 11:46:12,575 | INFO  | DNAudit | user=null | ip=null | op=WRITE_CHUNK {blockData=conID: 1 locID: 102734074512802310 bcsId: 2542} | ret=SUCCESS |  
2019-09-04 11:46:12,577 | INFO  | DNAudit | user=null | ip=null | op=WRITE_CHUNK {blockData=conID: 1 locID: 102734074512802310 bcsId: 2542} | ret=SUCCESS |  
2019-09-04 11:46:12,577 | INFO  | DNAudit | user=null | ip=null | op=WRITE_CHUNK {blockData=conID: 1 locID: 102734074512802310 bcsId: 2542} | ret=SUCCESS |  
2019-09-04 11:46:12,581 | INFO  | DNAudit | user=null | ip=null | op=WRITE_CHUNK {blockData=conID: 1 locID: 102734074512802310 bcsId: 2537} | ret=SUCCESS |  
2019-09-04 11:46:12,581 | INFO  | DNAudit | user=null | ip=null | op=WRITE_CHUNK {blockData=conID: 1 locID: 102734074512802310 bcsId: 2537} | ret=SUCCESS |  
2019-09-04 11:46:12,581 | INFO  | DNAudit | user=null | ip=null | op=PUT_BLOCK {blockData=[blockId=conID: 1 locID: 102734074512802310 bcsId: 0,size=3145728]} | ret=SUCCESS |  
2019-09-04 11:46:12,581 | INFO  | DNAudit | user=null | ip=null | op=PUT_BLOCK {blockData=[blockId=conID: 1 locID: 102734074512802310 bcsId: 0,size=3145728]} | ret=SUCCESS |  
2019-09-04 11:46:12,582 | INFO  | DNAudit | user=null | ip=null | op=WRITE_CHUNK {blockData=conID: 1 locID: 102734074512802310 bcsId: 2542} | ret=SUCCESS |  
2019-09-04 11:46:12,583 | INFO  | DNAudit | user=null | ip=null | op=PUT_BLOCK {blockData=[blockId=conID: 1 locID: 102734074512802310 bcsId: 0,size=4194304]} | ret=SUCCESS |  
2019-09-04 11:46:12,583 [grpc-default-executor-0] INFO  client.GrpcClientProtocolClient (GrpcClientProtocolClient.java:onNext(255)) - client-D5CE890D7D9E->efcb8ff8-f060-4d95-9215-d0f5eb4af037: receive RaftClientReply:client-D5CE890D7D9E->efcb8ff8-f060-4d95-9215-d0f5eb4af037@group-0959F8DF43ED, cid=1753, SUCCESS, logIndex=2545, commits[efcb8ff8-f060-4d95-9215-d0f5eb4af037:c2546, 6fae8b02-e804-4c0e-b729-a97b7404b7f6:c2542, 4c3e8a66-6975-4917-8225-d3efe707aaff:c2542]
2019-09-04 11:46:12,583 [grpc-default-executor-0] INFO  client.GrpcClientProtocolClient (GrpcClientProtocolClient.java:onNext(255)) - client-D5CE890D7D9E->efcb8ff8-f060-4d95-9215-d0f5eb4af037: receive RaftClientReply:client-D5CE890D7D9E->efcb8ff8-f060-4d95-9215-d0f5eb4af037@group-0959F8DF43ED, cid=1754, SUCCESS, logIndex=2546, commits[efcb8ff8-f060-4d95-9215-d0f5eb4af037:c2546, 6fae8b02-e804-4c0e-b729-a97b7404b7f6:c2542, 4c3e8a66-6975-4917-8225-d3efe707aaff:c2542]
2019-09-04 11:46:12,592 | INFO  | DNAudit | user=null | ip=null | op=WRITE_CHUNK {blockData=conID: 1 locID: 102734074512802310 bcsId: 2542} | ret=SUCCESS |  
2019-09-04 11:46:12,592 | INFO  | DNAudit | user=null | ip=null | op=WRITE_CHUNK {blockData=conID: 1 locID: 102734074512802310 bcsId: 2542} | ret=SUCCESS |  
2019-09-04 11:46:12,593 | INFO  | DNAudit | user=null | ip=null | op=PUT_BLOCK {blockData=[blockId=conID: 1 locID: 102734074512802310 bcsId: 0,size=4194304]} | ret=SUCCESS |  
2019-09-04 11:46:12,593 | INFO  | DNAudit | user=null | ip=null | op=PUT_BLOCK {blockData=[blockId=conID: 1 locID: 102734074512802310 bcsId: 0,size=4194304]} | ret=SUCCESS |  
2019-09-04 11:46:12,594 [grpc-default-executor-1] INFO  client.GrpcClientProtocolClient (GrpcClientProtocolClient.java:onNext(255)) - client-D5CE890D7D9E->efcb8ff8-f060-4d95-9215-d0f5eb4af037: receive RaftClientReply:client-D5CE890D7D9E->efcb8ff8-f060-4d95-9215-d0f5eb4af037@group-0959F8DF43ED, cid=1755, SUCCESS, logIndex=0, commits[efcb8ff8-f060-4d95-9215-d0f5eb4af037:c2548, 6fae8b02-e804-4c0e-b729-a97b7404b7f6:c2546, 4c3e8a66-6975-4917-8225-d3efe707aaff:c2546]
2019-09-04 11:46:12,598 | INFO  | SCMAudit | user=jenkins1000 | ip=192.168.36.67 | op=ALLOCATE_BLOCK {owner=8ab292a2-aaa7-4ad8-863a-d33994811155, size=4194304, type=RATIS, factor=THREE} | ret=SUCCESS |  
2019-09-04 11:46:12,601 | INFO  | OMAudit | user=jenkins1000 | ip=127.0.0.1 | op=ALLOCATE_BLOCK {volume=vol-0-58699, bucket=bucket-0-57464, key=key-0-37266, dataSize=0, replicationType=null, replicationFactor=null, keyLocationInfo=null, clientID=102734073355960722} | ret=SUCCESS |  
2019-09-04 11:46:12,608 | INFO  | DNAudit | user=null | ip=null | op=WRITE_CHUNK {blockData=conID: 2 locID: 102734074517783047 bcsId: 0} | ret=SUCCESS |  
2019-09-04 11:46:12,611 | INFO  | DNAudit | user=null | ip=null | op=WRITE_CHUNK {blockData=conID: 2 locID: 102734074517783047 bcsId: 0} | ret=SUCCESS |  
2019-09-04 11:46:12,611 | INFO  | DNAudit | user=null | ip=null | op=WRITE_CHUNK {blockData=conID: 2 locID: 102734074517783047 bcsId: 0} | ret=SUCCESS |  
2019-09-04 11:46:12,611 | INFO  | DNAudit | user=null | ip=null | op=WRITE_CHUNK {blockData=conID: 2 locID: 102734074517783047 bcsId: 0} | ret=SUCCESS |  
2019-09-04 11:46:12,613 | INFO  | DNAudit | user=null | ip=null | op=WRITE_CHUNK {blockData=conID: 2 locID: 102734074517783047 bcsId: 0} | ret=SUCCESS |  
2019-09-04 11:46:12,613 | INFO  | DNAudit | user=null | ip=null | op=WRITE_CHUNK {blockData=conID: 2 locID: 102734074517783047 bcsId: 0} | ret=SUCCESS |  
2019-09-04 11:46:12,626 | INFO  | DNAudit | user=null | ip=null | op=WRITE_CHUNK {blockData=conID: 2 locID: 102734074517783047 bcsId: 0} | ret=SUCCESS |  
2019-09-04 11:46:12,626 | INFO  | DNAudit | user=null | ip=null | op=PUT_BLOCK {blockData=[blockId=conID: 2 locID: 102734074517783047 bcsId: 0,size=1048576]} | ret=SUCCESS |  
2019-09-04 11:46:12,626 [grpc-default-executor-1] INFO  client.GrpcClientProtocolClient (GrpcClientProtocolClient.java:onNext(255)) - client-D5CE890D7D9E->efcb8ff8-f060-4d95-9215-d0f5eb4af037: receive RaftClientReply:client-D5CE890D7D9E->efcb8ff8-f060-4d95-9215-d0f5eb4af037@group-0959F8DF43ED, cid=1756, SUCCESS, logIndex=2549, commits[efcb8ff8-f060-4d95-9215-d0f5eb4af037:c2550, 6fae8b02-e804-4c0e-b729-a97b7404b7f6:c2548, 4c3e8a66-6975-4917-8225-d3efe707aaff:c2548]
2019-09-04 11:46:12,627 | INFO  | DNAudit | user=null | ip=null | op=WRITE_CHUNK {blockData=conID: 2 locID: 102734074517783047 bcsId: 0} | ret=SUCCESS |  
2019-09-04 11:46:12,627 [grpc-default-executor-1] INFO  client.GrpcClientProtocolClient (GrpcClientProtocolClient.java:onNext(255)) - client-D5CE890D7D9E->efcb8ff8-f060-4d95-9215-d0f5eb4af037: receive RaftClientReply:client-D5CE890D7D9E->efcb8ff8-f060-4d95-9215-d0f5eb4af037@group-0959F8DF43ED, cid=1757, SUCCESS, logIndex=2550, commits[efcb8ff8-f060-4d95-9215-d0f5eb4af037:c2552, 6fae8b02-e804-4c0e-b729-a97b7404b7f6:c2548, 4c3e8a66-6975-4917-8225-d3efe707aaff:c2548]
2019-09-04 11:46:12,627 | INFO  | DNAudit | user=null | ip=null | op=PUT_BLOCK {blockData=[blockId=conID: 2 locID: 102734074517783047 bcsId: 0,size=2097152]} | ret=SUCCESS |  
2019-09-04 11:46:12,627 [grpc-default-executor-1] INFO  client.GrpcClientProtocolClient (GrpcClientProtocolClient.java:onNext(255)) - client-D5CE890D7D9E->efcb8ff8-f060-4d95-9215-d0f5eb4af037: receive RaftClientReply:client-D5CE890D7D9E->efcb8ff8-f060-4d95-9215-d0f5eb4af037@group-0959F8DF43ED, cid=1758, SUCCESS, logIndex=2551, commits[efcb8ff8-f060-4d95-9215-d0f5eb4af037:c2552, 6fae8b02-e804-4c0e-b729-a97b7404b7f6:c2548, 4c3e8a66-6975-4917-8225-d3efe707aaff:c2548]
2019-09-04 11:46:12,628 [grpc-default-executor-1] INFO  client.GrpcClientProtocolClient (GrpcClientProtocolClient.java:onNext(255)) - client-D5CE890D7D9E->efcb8ff8-f060-4d95-9215-d0f5eb4af037: receive RaftClientReply:client-D5CE890D7D9E->efcb8ff8-f060-4d95-9215-d0f5eb4af037@group-0959F8DF43ED, cid=1759, SUCCESS, logIndex=2552, commits[efcb8ff8-f060-4d95-9215-d0f5eb4af037:c2552, 6fae8b02-e804-4c0e-b729-a97b7404b7f6:c2548, 4c3e8a66-6975-4917-8225-d3efe707aaff:c2548]
2019-09-04 11:46:12,639 | INFO  | DNAudit | user=null | ip=null | op=WRITE_CHUNK {blockData=conID: 2 locID: 102734074517783047 bcsId: 0} | ret=SUCCESS |  
2019-09-04 11:46:12,640 | INFO  | DNAudit | user=null | ip=null | op=PUT_BLOCK {blockData=[blockId=conID: 2 locID: 102734074517783047 bcsId: 0,size=1048576]} | ret=SUCCESS |  
2019-09-04 11:46:12,641 | INFO  | DNAudit | user=null | ip=null | op=WRITE_CHUNK {blockData=conID: 2 locID: 102734074517783047 bcsId: 0} | ret=SUCCESS |  
2019-09-04 11:46:12,641 | INFO  | DNAudit | user=null | ip=null | op=PUT_BLOCK {blockData=[blockId=conID: 2 locID: 102734074517783047 bcsId: 0,size=1048576]} | ret=SUCCESS |  
2019-09-04 11:46:12,641 | INFO  | DNAudit | user=null | ip=null | op=WRITE_CHUNK {blockData=conID: 2 locID: 102734074517783047 bcsId: 0} | ret=SUCCESS |  
2019-09-04 11:46:12,641 | INFO  | DNAudit | user=null | ip=null | op=WRITE_CHUNK {blockData=conID: 2 locID: 102734074517783047 bcsId: 0} | ret=SUCCESS |  
2019-09-04 11:46:12,641 [grpc-default-executor-1] INFO  client.GrpcClientProtocolClient (GrpcClientProtocolClient.java:onNext(255)) - client-D5CE890D7D9E->efcb8ff8-f060-4d95-9215-d0f5eb4af037: receive RaftClientReply:client-D5CE890D7D9E->efcb8ff8-f060-4d95-9215-d0f5eb4af037@group-0959F8DF43ED, cid=1760, SUCCESS, logIndex=0, commits[efcb8ff8-f060-4d95-9215-d0f5eb4af037:c2553, 6fae8b02-e804-4c0e-b729-a97b7404b7f6:c2550, 4c3e8a66-6975-4917-8225-d3efe707aaff:c2550]
2019-09-04 11:46:12,642 | INFO  | DNAudit | user=null | ip=null | op=PUT_BLOCK {blockData=[blockId=conID: 2 locID: 102734074517783047 bcsId: 0,size=2097152]} | ret=SUCCESS |  
2019-09-04 11:46:12,642 | INFO  | DNAudit | user=null | ip=null | op=PUT_BLOCK {blockData=[blockId=conID: 2 locID: 102734074517783047 bcsId: 0,size=2097152]} | ret=SUCCESS |  
2019-09-04 11:46:12,648 | INFO  | DNAudit | user=null | ip=null | op=WRITE_CHUNK {blockData=conID: 2 locID: 102734074517783047 bcsId: 2552} | ret=SUCCESS |  
2019-09-04 11:46:12,650 | INFO  | DNAudit | user=null | ip=null | op=WRITE_CHUNK {blockData=conID: 2 locID: 102734074517783047 bcsId: 2552} | ret=SUCCESS |  
2019-09-04 11:46:12,650 | INFO  | DNAudit | user=null | ip=null | op=WRITE_CHUNK {blockData=conID: 2 locID: 102734074517783047 bcsId: 2552} | ret=SUCCESS |  
2019-09-04 11:46:12,665 | INFO  | DNAudit | user=null | ip=null | op=WRITE_CHUNK {blockData=conID: 2 locID: 102734074517783047 bcsId: 2552} | ret=SUCCESS |  
2019-09-04 11:46:12,665 | INFO  | DNAudit | user=null | ip=null | op=PUT_BLOCK {blockData=[blockId=conID: 2 locID: 102734074517783047 bcsId: 0,size=3145728]} | ret=SUCCESS |  
2019-09-04 11:46:12,666 [grpc-default-executor-5] INFO  client.GrpcClientProtocolClient (GrpcClientProtocolClient.java:onNext(255)) - client-D5CE890D7D9E->efcb8ff8-f060-4d95-9215-d0f5eb4af037: receive RaftClientReply:client-D5CE890D7D9E->efcb8ff8-f060-4d95-9215-d0f5eb4af037@group-0959F8DF43ED, cid=1761, SUCCESS, logIndex=2556, commits[efcb8ff8-f060-4d95-9215-d0f5eb4af037:c2557, 6fae8b02-e804-4c0e-b729-a97b7404b7f6:c2555, 4c3e8a66-6975-4917-8225-d3efe707aaff:c2555]
2019-09-04 11:46:12,666 [grpc-default-executor-5] INFO  client.GrpcClientProtocolClient (GrpcClientProtocolClient.java:onNext(255)) - client-D5CE890D7D9E->efcb8ff8-f060-4d95-9215-d0f5eb4af037: receive RaftClientReply:client-D5CE890D7D9E->efcb8ff8-f060-4d95-9215-d0f5eb4af037@group-0959F8DF43ED, cid=1762, SUCCESS, logIndex=2557, commits[efcb8ff8-f060-4d95-9215-d0f5eb4af037:c2557, 6fae8b02-e804-4c0e-b729-a97b7404b7f6:c2555, 4c3e8a66-6975-4917-8225-d3efe707aaff:c2555]
2019-09-04 11:46:12,672 | INFO  | DNAudit | user=null | ip=null | op=WRITE_CHUNK {blockData=conID: 2 locID: 102734074517783047 bcsId: 2557} | ret=SUCCESS |  
2019-09-04 11:46:12,674 | INFO  | DNAudit | user=null | ip=null | op=WRITE_CHUNK {blockData=conID: 2 locID: 102734074517783047 bcsId: 2552} | ret=SUCCESS |  
2019-09-04 11:46:12,674 | INFO  | DNAudit | user=null | ip=null | op=WRITE_CHUNK {blockData=conID: 2 locID: 102734074517783047 bcsId: 2552} | ret=SUCCESS |  
2019-09-04 11:46:12,675 | INFO  | DNAudit | user=null | ip=null | op=WRITE_CHUNK {blockData=conID: 2 locID: 102734074517783047 bcsId: 2557} | ret=SUCCESS |  
2019-09-04 11:46:12,676 | INFO  | DNAudit | user=null | ip=null | op=WRITE_CHUNK {blockData=conID: 2 locID: 102734074517783047 bcsId: 2557} | ret=SUCCESS |  
2019-09-04 11:46:12,688 | INFO  | DNAudit | user=null | ip=null | op=PUT_BLOCK {blockData=[blockId=conID: 2 locID: 102734074517783047 bcsId: 0,size=3145728]} | ret=SUCCESS |  
2019-09-04 11:46:12,688 | INFO  | DNAudit | user=null | ip=null | op=PUT_BLOCK {blockData=[blockId=conID: 2 locID: 102734074517783047 bcsId: 0,size=3145728]} | ret=SUCCESS |  
2019-09-04 11:46:12,688 | INFO  | DNAudit | user=null | ip=null | op=WRITE_CHUNK {blockData=conID: 2 locID: 102734074517783047 bcsId: 2557} | ret=SUCCESS |  
2019-09-04 11:46:12,689 | INFO  | DNAudit | user=null | ip=null | op=PUT_BLOCK {blockData=[blockId=conID: 2 locID: 102734074517783047 bcsId: 0,size=4194304]} | ret=SUCCESS |  
2019-09-04 11:46:12,689 [grpc-default-executor-0] INFO  client.GrpcClientProtocolClient (GrpcClientProtocolClient.java:onNext(255)) - client-D5CE890D7D9E->efcb8ff8-f060-4d95-9215-d0f5eb4af037: receive RaftClientReply:client-D5CE890D7D9E->efcb8ff8-f060-4d95-9215-d0f5eb4af037@group-0959F8DF43ED, cid=1763, SUCCESS, logIndex=2560, commits[efcb8ff8-f060-4d95-9215-d0f5eb4af037:c2561, 6fae8b02-e804-4c0e-b729-a97b7404b7f6:c2557, 4c3e8a66-6975-4917-8225-d3efe707aaff:c2557]
2019-09-04 11:46:12,689 [grpc-default-executor-0] INFO  client.GrpcClientProtocolClient (GrpcClientProtocolClient.java:onNext(255)) - client-D5CE890D7D9E->efcb8ff8-f060-4d95-9215-d0f5eb4af037: receive RaftClientReply:client-D5CE890D7D9E->efcb8ff8-f060-4d95-9215-d0f5eb4af037@group-0959F8DF43ED, cid=1764, SUCCESS, logIndex=2561, commits[efcb8ff8-f060-4d95-9215-d0f5eb4af037:c2561, 6fae8b02-e804-4c0e-b729-a97b7404b7f6:c2557, 4c3e8a66-6975-4917-8225-d3efe707aaff:c2557]
2019-09-04 11:46:12,702 | INFO  | DNAudit | user=null | ip=null | op=WRITE_CHUNK {blockData=conID: 2 locID: 102734074517783047 bcsId: 2557} | ret=SUCCESS |  
2019-09-04 11:46:12,703 | INFO  | DNAudit | user=null | ip=null | op=WRITE_CHUNK {blockData=conID: 2 locID: 102734074517783047 bcsId: 2557} | ret=SUCCESS |  
2019-09-04 11:46:12,703 | INFO  | DNAudit | user=null | ip=null | op=PUT_BLOCK {blockData=[blockId=conID: 2 locID: 102734074517783047 bcsId: 0,size=4194304]} | ret=SUCCESS |  
2019-09-04 11:46:12,703 | INFO  | DNAudit | user=null | ip=null | op=PUT_BLOCK {blockData=[blockId=conID: 2 locID: 102734074517783047 bcsId: 0,size=4194304]} | ret=SUCCESS |  
2019-09-04 11:46:12,703 [grpc-default-executor-0] INFO  client.GrpcClientProtocolClient (GrpcClientProtocolClient.java:onNext(255)) - client-D5CE890D7D9E->efcb8ff8-f060-4d95-9215-d0f5eb4af037: receive RaftClientReply:client-D5CE890D7D9E->efcb8ff8-f060-4d95-9215-d0f5eb4af037@group-0959F8DF43ED, cid=1765, SUCCESS, logIndex=0, commits[efcb8ff8-f060-4d95-9215-d0f5eb4af037:c2562, 6fae8b02-e804-4c0e-b729-a97b7404b7f6:c2561, 4c3e8a66-6975-4917-8225-d3efe707aaff:c2561]
2019-09-04 11:46:12,707 | INFO  | SCMAudit | user=jenkins1000 | ip=192.168.36.67 | op=ALLOCATE_BLOCK {owner=8ab292a2-aaa7-4ad8-863a-d33994811155, size=4194304, type=RATIS, factor=THREE} | ret=SUCCESS |  
2019-09-04 11:46:12,710 | INFO  | OMAudit | user=jenkins1000 | ip=127.0.0.1 | op=ALLOCATE_BLOCK {volume=vol-0-58699, bucket=bucket-0-57464, key=key-0-37266, dataSize=0, replicationType=null, replicationFactor=null, keyLocationInfo=null, clientID=102734073355960722} | ret=SUCCESS |  
2019-09-04 11:46:12,717 | INFO  | DNAudit | user=null | ip=null | op=WRITE_CHUNK {blockData=conID: 3 locID: 102734074524926472 bcsId: 0} | ret=SUCCESS |  
2019-09-04 11:46:12,718 | INFO  | DNAudit | user=null | ip=null | op=WRITE_CHUNK {blockData=conID: 3 locID: 102734074524926472 bcsId: 0} | ret=SUCCESS |  
2019-09-04 11:46:12,719 | INFO  | DNAudit | user=null | ip=null | op=WRITE_CHUNK {blockData=conID: 3 locID: 102734074524926472 bcsId: 0} | ret=SUCCESS |  
2019-09-04 11:46:12,719 | INFO  | DNAudit | user=null | ip=null | op=WRITE_CHUNK {blockData=conID: 3 locID: 102734074524926472 bcsId: 0} | ret=SUCCESS |  
2019-09-04 11:46:12,720 | INFO  | DNAudit | user=null | ip=null | op=WRITE_CHUNK {blockData=conID: 3 locID: 102734074524926472 bcsId: 0} | ret=SUCCESS |  
2019-09-04 11:46:12,721 | INFO  | DNAudit | user=null | ip=null | op=WRITE_CHUNK {blockData=conID: 3 locID: 102734074524926472 bcsId: 0} | ret=SUCCESS |  
2019-09-04 11:46:12,723 | INFO  | DNAudit | user=null | ip=null | op=WRITE_CHUNK {blockData=conID: 3 locID: 102734074524926472 bcsId: 0} | ret=SUCCESS |  
2019-09-04 11:46:12,724 | INFO  | DNAudit | user=null | ip=null | op=PUT_BLOCK {blockData=[blockId=conID: 3 locID: 102734074524926472 bcsId: 0,size=1048576]} | ret=SUCCESS |  
2019-09-04 11:46:12,724 | INFO  | DNAudit | user=null | ip=null | op=WRITE_CHUNK {blockData=conID: 3 locID: 102734074524926472 bcsId: 0} | ret=SUCCESS |  
2019-09-04 11:46:12,724 [grpc-default-executor-0] INFO  client.GrpcClientProtocolClient (GrpcClientProtocolClient.java:onNext(255)) - client-D5CE890D7D9E->efcb8ff8-f060-4d95-9215-d0f5eb4af037: receive RaftClientReply:client-D5CE890D7D9E->efcb8ff8-f060-4d95-9215-d0f5eb4af037@group-0959F8DF43ED, cid=1766, SUCCESS, logIndex=2564, commits[efcb8ff8-f060-4d95-9215-d0f5eb4af037:c2565, 6fae8b02-e804-4c0e-b729-a97b7404b7f6:c2563, 4c3e8a66-6975-4917-8225-d3efe707aaff:c2563]
2019-09-04 11:46:12,725 | INFO  | DNAudit | user=null | ip=null | op=PUT_BLOCK {blockData=[blockId=conID: 3 locID: 102734074524926472 bcsId: 0,size=2097152]} | ret=SUCCESS |  
2019-09-04 11:46:12,725 [grpc-default-executor-0] INFO  client.GrpcClientProtocolClient (GrpcClientProtocolClient.java:onNext(255)) - client-D5CE890D7D9E->efcb8ff8-f060-4d95-9215-d0f5eb4af037: receive RaftClientReply:client-D5CE890D7D9E->efcb8ff8-f060-4d95-9215-d0f5eb4af037@group-0959F8DF43ED, cid=1767, SUCCESS, logIndex=2565, commits[efcb8ff8-f060-4d95-9215-d0f5eb4af037:c2567, 6fae8b02-e804-4c0e-b729-a97b7404b7f6:c2563, 4c3e8a66-6975-4917-8225-d3efe707aaff:c2563]
2019-09-04 11:46:12,725 [grpc-default-executor-0] INFO  client.GrpcClientProtocolClient (GrpcClientProtocolClient.java:onNext(255)) - client-D5CE890D7D9E->efcb8ff8-f060-4d95-9215-d0f5eb4af037: receive RaftClientReply:client-D5CE890D7D9E->efcb8ff8-f060-4d95-9215-d0f5eb4af037@group-0959F8DF43ED, cid=1768, SUCCESS, logIndex=2566, commits[efcb8ff8-f060-4d95-9215-d0f5eb4af037:c2567, 6fae8b02-e804-4c0e-b729-a97b7404b7f6:c2563, 4c3e8a66-6975-4917-8225-d3efe707aaff:c2563]
2019-09-04 11:46:12,725 [grpc-default-executor-0] INFO  client.GrpcClientProtocolClient (GrpcClientProtocolClient.java:onNext(255)) - client-D5CE890D7D9E->efcb8ff8-f060-4d95-9215-d0f5eb4af037: receive RaftClientReply:client-D5CE890D7D9E->efcb8ff8-f060-4d95-9215-d0f5eb4af037@group-0959F8DF43ED, cid=1769, SUCCESS, logIndex=2567, commits[efcb8ff8-f060-4d95-9215-d0f5eb4af037:c2567, 6fae8b02-e804-4c0e-b729-a97b7404b7f6:c2563, 4c3e8a66-6975-4917-8225-d3efe707aaff:c2563]
2019-09-04 11:46:12,734 | INFO  | DNAudit | user=null | ip=null | op=WRITE_CHUNK {blockData=conID: 3 locID: 102734074524926472 bcsId: 0} | ret=SUCCESS |  
2019-09-04 11:46:12,734 | INFO  | DNAudit | user=null | ip=null | op=WRITE_CHUNK {blockData=conID: 3 locID: 102734074524926472 bcsId: 0} | ret=SUCCESS |  
2019-09-04 11:46:12,735 | INFO  | DNAudit | user=null | ip=null | op=PUT_BLOCK {blockData=[blockId=conID: 3 locID: 102734074524926472 bcsId: 0,size=1048576]} | ret=SUCCESS |  
2019-09-04 11:46:12,735 | INFO  | DNAudit | user=null | ip=null | op=WRITE_CHUNK {blockData=conID: 3 locID: 102734074524926472 bcsId: 0} | ret=SUCCESS |  
2019-09-04 11:46:12,735 | INFO  | DNAudit | user=null | ip=null | op=PUT_BLOCK {blockData=[blockId=conID: 3 locID: 102734074524926472 bcsId: 0,size=1048576]} | ret=SUCCESS |  
2019-09-04 11:46:12,735 | INFO  | DNAudit | user=null | ip=null | op=PUT_BLOCK {blockData=[blockId=conID: 3 locID: 102734074524926472 bcsId: 0,size=2097152]} | ret=SUCCESS |  
2019-09-04 11:46:12,736 | INFO  | DNAudit | user=null | ip=null | op=WRITE_CHUNK {blockData=conID: 3 locID: 102734074524926472 bcsId: 0} | ret=SUCCESS |  
2019-09-04 11:46:12,736 | INFO  | DNAudit | user=null | ip=null | op=PUT_BLOCK {blockData=[blockId=conID: 3 locID: 102734074524926472 bcsId: 0,size=2097152]} | ret=SUCCESS |  
2019-09-04 11:46:12,736 | INFO  | SCMAudit | user=jenkins1000 | ip=192.168.36.67 | op=SEND_HEARTBEAT {datanodeUUID=4c3e8a66-6975-4917-8225-d3efe707aaff, command=[]} | ret=SUCCESS |  
2019-09-04 11:46:12,736 | INFO  | SCMAudit | user=jenkins1000 | ip=192.168.36.67 | op=SEND_HEARTBEAT {datanodeUUID=6fae8b02-e804-4c0e-b729-a97b7404b7f6, command=[]} | ret=SUCCESS |  
2019-09-04 11:46:12,736 | INFO  | SCMAudit | user=jenkins1000 | ip=192.168.36.67 | op=SEND_HEARTBEAT {datanodeUUID=0b776101-1d39-4f23-96c0-6a8ead31197c, command=[]} | ret=SUCCESS |  
2019-09-04 11:46:12,736 | INFO  | SCMAudit | user=jenkins1000 | ip=192.168.36.67 | op=SEND_HEARTBEAT {datanodeUUID=efcb8ff8-f060-4d95-9215-d0f5eb4af037, command=[]} | ret=SUCCESS |  
2019-09-04 11:46:12,736 [grpc-default-executor-0] INFO  client.GrpcClientProtocolClient (GrpcClientProtocolClient.java:onNext(255)) - client-D5CE890D7D9E->efcb8ff8-f060-4d95-9215-d0f5eb4af037: receive RaftClientReply:client-D5CE890D7D9E->efcb8ff8-f060-4d95-9215-d0f5eb4af037@group-0959F8DF43ED, cid=1770, SUCCESS, logIndex=0, commits[efcb8ff8-f060-4d95-9215-d0f5eb4af037:c2571, 6fae8b02-e804-4c0e-b729-a97b7404b7f6:c2567, 4c3e8a66-6975-4917-8225-d3efe707aaff:c2565]
2019-09-04 11:46:12,746 | INFO  | DNAudit | user=null | ip=null | op=WRITE_CHUNK {blockData=conID: 3 locID: 102734074524926472 bcsId: 2567} | ret=SUCCESS |  
2019-09-04 11:46:12,749 | INFO  | DNAudit | user=null | ip=null | op=WRITE_CHUNK {blockData=conID: 3 locID: 102734074524926472 bcsId: 2567} | ret=SUCCESS |  
2019-09-04 11:46:12,749 | INFO  | DNAudit | user=null | ip=null | op=WRITE_CHUNK {blockData=conID: 3 locID: 102734074524926472 bcsId: 2567} | ret=SUCCESS |  
2019-09-04 11:46:12,758 | INFO  | DNAudit | user=null | ip=null | op=WRITE_CHUNK {blockData=conID: 3 locID: 102734074524926472 bcsId: 2567} | ret=SUCCESS |  
2019-09-04 11:46:12,758 | INFO  | DNAudit | user=null | ip=null | op=PUT_BLOCK {blockData=[blockId=conID: 3 locID: 102734074524926472 bcsId: 0,size=3145728]} | ret=SUCCESS |  
2019-09-04 11:46:12,758 [grpc-default-executor-1] INFO  client.GrpcClientProtocolClient (GrpcClientProtocolClient.java:onNext(255)) - client-D5CE890D7D9E->efcb8ff8-f060-4d95-9215-d0f5eb4af037: receive RaftClientReply:client-D5CE890D7D9E->efcb8ff8-f060-4d95-9215-d0f5eb4af037@group-0959F8DF43ED, cid=1771, SUCCESS, logIndex=2572, commits[efcb8ff8-f060-4d95-9215-d0f5eb4af037:c2573, 6fae8b02-e804-4c0e-b729-a97b7404b7f6:c2571, 4c3e8a66-6975-4917-8225-d3efe707aaff:c2571]
2019-09-04 11:46:12,759 [grpc-default-executor-1] INFO  client.GrpcClientProtocolClient (GrpcClientProtocolClient.java:onNext(255)) - client-D5CE890D7D9E->efcb8ff8-f060-4d95-9215-d0f5eb4af037: receive RaftClientReply:client-D5CE890D7D9E->efcb8ff8-f060-4d95-9215-d0f5eb4af037@group-0959F8DF43ED, cid=1772, SUCCESS, logIndex=2573, commits[efcb8ff8-f060-4d95-9215-d0f5eb4af037:c2573, 6fae8b02-e804-4c0e-b729-a97b7404b7f6:c2571, 4c3e8a66-6975-4917-8225-d3efe707aaff:c2571]
2019-09-04 11:46:12,765 | INFO  | DNAudit | user=null | ip=null | op=WRITE_CHUNK {blockData=conID: 3 locID: 102734074524926472 bcsId: 2573} | ret=SUCCESS |  
2019-09-04 11:46:12,768 | INFO  | DNAudit | user=null | ip=null | op=WRITE_CHUNK {blockData=conID: 3 locID: 102734074524926472 bcsId: 2573} | ret=SUCCESS |  
2019-09-04 11:46:12,768 | INFO  | DNAudit | user=null | ip=null | op=WRITE_CHUNK {blockData=conID: 3 locID: 102734074524926472 bcsId: 2573} | ret=SUCCESS |  
2019-09-04 11:46:12,769 | INFO  | DNAudit | user=null | ip=null | op=WRITE_CHUNK {blockData=conID: 3 locID: 102734074524926472 bcsId: 2567} | ret=SUCCESS |  
2019-09-04 11:46:12,769 | INFO  | DNAudit | user=null | ip=null | op=WRITE_CHUNK {blockData=conID: 3 locID: 102734074524926472 bcsId: 2567} | ret=SUCCESS |  
2019-09-04 11:46:12,770 | INFO  | DNAudit | user=null | ip=null | op=PUT_BLOCK {blockData=[blockId=conID: 3 locID: 102734074524926472 bcsId: 0,size=3145728]} | ret=SUCCESS |  
2019-09-04 11:46:12,770 | INFO  | DNAudit | user=null | ip=null | op=PUT_BLOCK {blockData=[blockId=conID: 3 locID: 102734074524926472 bcsId: 0,size=3145728]} | ret=SUCCESS |  
2019-09-04 11:46:12,771 | INFO  | DNAudit | user=null | ip=null | op=WRITE_CHUNK {blockData=conID: 3 locID: 102734074524926472 bcsId: 2573} | ret=SUCCESS |  
2019-09-04 11:46:12,771 | INFO  | DNAudit | user=null | ip=null | op=PUT_BLOCK {blockData=[blockId=conID: 3 locID: 102734074524926472 bcsId: 0,size=4194304]} | ret=SUCCESS |  
2019-09-04 11:46:12,771 [grpc-default-executor-6] INFO  client.GrpcClientProtocolClient (GrpcClientProtocolClient.java:onNext(255)) - client-D5CE890D7D9E->efcb8ff8-f060-4d95-9215-d0f5eb4af037: receive RaftClientReply:client-D5CE890D7D9E->efcb8ff8-f060-4d95-9215-d0f5eb4af037@group-0959F8DF43ED, cid=1773, SUCCESS, logIndex=2576, commits[efcb8ff8-f060-4d95-9215-d0f5eb4af037:c2577, 6fae8b02-e804-4c0e-b729-a97b7404b7f6:c2573, 4c3e8a66-6975-4917-8225-d3efe707aaff:c2573]
2019-09-04 11:46:12,772 [grpc-default-executor-6] INFO  client.GrpcClientProtocolClient (GrpcClientProtocolClient.java:onNext(255)) - client-D5CE890D7D9E->efcb8ff8-f060-4d95-9215-d0f5eb4af037: receive RaftClientReply:client-D5CE890D7D9E->efcb8ff8-f060-4d95-9215-d0f5eb4af037@group-0959F8DF43ED, cid=1774, SUCCESS, logIndex=2577, commits[efcb8ff8-f060-4d95-9215-d0f5eb4af037:c2577, 6fae8b02-e804-4c0e-b729-a97b7404b7f6:c2573, 4c3e8a66-6975-4917-8225-d3efe707aaff:c2573]
2019-09-04 11:46:12,776 | INFO  | DNAudit | user=null | ip=null | op=WRITE_CHUNK {blockData=conID: 3 locID: 102734074524926472 bcsId: 2573} | ret=SUCCESS |  
2019-09-04 11:46:12,776 | INFO  | DNAudit | user=null | ip=null | op=WRITE_CHUNK {blockData=conID: 3 locID: 102734074524926472 bcsId: 2573} | ret=SUCCESS |  
2019-09-04 11:46:12,777 | INFO  | DNAudit | user=null | ip=null | op=PUT_BLOCK {blockData=[blockId=conID: 3 locID: 102734074524926472 bcsId: 0,size=4194304]} | ret=SUCCESS |  
2019-09-04 11:46:12,777 | INFO  | DNAudit | user=null | ip=null | op=PUT_BLOCK {blockData=[blockId=conID: 3 locID: 102734074524926472 bcsId: 0,size=4194304]} | ret=SUCCESS |  
2019-09-04 11:46:12,778 [grpc-default-executor-6] INFO  client.GrpcClientProtocolClient (GrpcClientProtocolClient.java:onNext(255)) - client-D5CE890D7D9E->efcb8ff8-f060-4d95-9215-d0f5eb4af037: receive RaftClientReply:client-D5CE890D7D9E->efcb8ff8-f060-4d95-9215-d0f5eb4af037@group-0959F8DF43ED, cid=1775, SUCCESS, logIndex=0, commits[efcb8ff8-f060-4d95-9215-d0f5eb4af037:c2579, 6fae8b02-e804-4c0e-b729-a97b7404b7f6:c2577, 4c3e8a66-6975-4917-8225-d3efe707aaff:c2577]
2019-09-04 11:46:12,783 | INFO  | SCMAudit | user=jenkins1000 | ip=192.168.36.67 | op=ALLOCATE_BLOCK {owner=8ab292a2-aaa7-4ad8-863a-d33994811155, size=4194304, type=RATIS, factor=THREE} | ret=SUCCESS |  
2019-09-04 11:46:12,786 | INFO  | OMAudit | user=jenkins1000 | ip=127.0.0.1 | op=ALLOCATE_BLOCK {volume=vol-0-58699, bucket=bucket-0-57464, key=key-0-37266, dataSize=0, replicationType=null, replicationFactor=null, keyLocationInfo=null, clientID=102734073355960722} | ret=SUCCESS |  
2019-09-04 11:46:12,793 | INFO  | DNAudit | user=null | ip=null | op=WRITE_CHUNK {blockData=conID: 1 locID: 102734074529907209 bcsId: 0} | ret=SUCCESS |  
2019-09-04 11:46:12,795 | INFO  | DNAudit | user=null | ip=null | op=WRITE_CHUNK {blockData=conID: 1 locID: 102734074529907209 bcsId: 0} | ret=SUCCESS |  
2019-09-04 11:46:12,796 | INFO  | DNAudit | user=null | ip=null | op=WRITE_CHUNK {blockData=conID: 1 locID: 102734074529907209 bcsId: 0} | ret=SUCCESS |  
2019-09-04 11:46:12,796 | INFO  | DNAudit | user=null | ip=null | op=WRITE_CHUNK {blockData=conID: 1 locID: 102734074529907209 bcsId: 0} | ret=SUCCESS |  
2019-09-04 11:46:12,797 | INFO  | DNAudit | user=null | ip=null | op=WRITE_CHUNK {blockData=conID: 1 locID: 102734074529907209 bcsId: 0} | ret=SUCCESS |  
2019-09-04 11:46:12,798 | INFO  | DNAudit | user=null | ip=null | op=WRITE_CHUNK {blockData=conID: 1 locID: 102734074529907209 bcsId: 0} | ret=SUCCESS |  
2019-09-04 11:46:12,804 | INFO  | DNAudit | user=null | ip=null | op=WRITE_CHUNK {blockData=conID: 1 locID: 102734074529907209 bcsId: 0} | ret=SUCCESS |  
2019-09-04 11:46:12,804 | INFO  | DNAudit | user=null | ip=null | op=PUT_BLOCK {blockData=[blockId=conID: 1 locID: 102734074529907209 bcsId: 0,size=1048576]} | ret=SUCCESS |  
2019-09-04 11:46:12,804 | INFO  | DNAudit | user=null | ip=null | op=WRITE_CHUNK {blockData=conID: 1 locID: 102734074529907209 bcsId: 0} | ret=SUCCESS |  
2019-09-04 11:46:12,804 [grpc-default-executor-6] INFO  client.GrpcClientProtocolClient (GrpcClientProtocolClient.java:onNext(255)) - client-D5CE890D7D9E->efcb8ff8-f060-4d95-9215-d0f5eb4af037: receive RaftClientReply:client-D5CE890D7D9E->efcb8ff8-f060-4d95-9215-d0f5eb4af037@group-0959F8DF43ED, cid=1776, SUCCESS, logIndex=2580, commits[efcb8ff8-f060-4d95-9215-d0f5eb4af037:c2583, 6fae8b02-e804-4c0e-b729-a97b7404b7f6:c2579, 4c3e8a66-6975-4917-8225-d3efe707aaff:c2579]
2019-09-04 11:46:12,805 | INFO  | DNAudit | user=null | ip=null | op=PUT_BLOCK {blockData=[blockId=conID: 1 locID: 102734074529907209 bcsId: 0,size=2097152]} | ret=SUCCESS |  
2019-09-04 11:46:12,805 [grpc-default-executor-6] INFO  client.GrpcClientProtocolClient (GrpcClientProtocolClient.java:onNext(255)) - client-D5CE890D7D9E->efcb8ff8-f060-4d95-9215-d0f5eb4af037: receive RaftClientReply:client-D5CE890D7D9E->efcb8ff8-f060-4d95-9215-d0f5eb4af037@group-0959F8DF43ED, cid=1777, SUCCESS, logIndex=2581, commits[efcb8ff8-f060-4d95-9215-d0f5eb4af037:c2583, 6fae8b02-e804-4c0e-b729-a97b7404b7f6:c2579, 4c3e8a66-6975-4917-8225-d3efe707aaff:c2579]
2019-09-04 11:46:12,805 [grpc-default-executor-6] INFO  client.GrpcClientProtocolClient (GrpcClientProtocolClient.java:onNext(255)) - client-D5CE890D7D9E->efcb8ff8-f060-4d95-9215-d0f5eb4af037: receive RaftClientReply:client-D5CE890D7D9E->efcb8ff8-f060-4d95-9215-d0f5eb4af037@group-0959F8DF43ED, cid=1778, SUCCESS, logIndex=2582, commits[efcb8ff8-f060-4d95-9215-d0f5eb4af037:c2583, 6fae8b02-e804-4c0e-b729-a97b7404b7f6:c2579, 4c3e8a66-6975-4917-8225-d3efe707aaff:c2579]
2019-09-04 11:46:12,805 [grpc-default-executor-6] INFO  client.GrpcClientProtocolClient (GrpcClientProtocolClient.java:onNext(255)) - client-D5CE890D7D9E->efcb8ff8-f060-4d95-9215-d0f5eb4af037: receive RaftClientReply:client-D5CE890D7D9E->efcb8ff8-f060-4d95-9215-d0f5eb4af037@group-0959F8DF43ED, cid=1779, SUCCESS, logIndex=2583, commits[efcb8ff8-f060-4d95-9215-d0f5eb4af037:c2583, 6fae8b02-e804-4c0e-b729-a97b7404b7f6:c2579, 4c3e8a66-6975-4917-8225-d3efe707aaff:c2579]
2019-09-04 11:46:12,813 | INFO  | DNAudit | user=null | ip=null | op=WRITE_CHUNK {blockData=conID: 1 locID: 102734074529907209 bcsId: 0} | ret=SUCCESS |  
2019-09-04 11:46:12,814 | INFO  | DNAudit | user=null | ip=null | op=WRITE_CHUNK {blockData=conID: 1 locID: 102734074529907209 bcsId: 0} | ret=SUCCESS |  
2019-09-04 11:46:12,814 | INFO  | DNAudit | user=null | ip=null | op=PUT_BLOCK {blockData=[blockId=conID: 1 locID: 102734074529907209 bcsId: 0,size=1048576]} | ret=SUCCESS |  
2019-09-04 11:46:12,815 | INFO  | DNAudit | user=null | ip=null | op=PUT_BLOCK {blockData=[blockId=conID: 1 locID: 102734074529907209 bcsId: 0,size=1048576]} | ret=SUCCESS |  
2019-09-04 11:46:12,815 | INFO  | DNAudit | user=null | ip=null | op=WRITE_CHUNK {blockData=conID: 1 locID: 102734074529907209 bcsId: 0} | ret=SUCCESS |  
2019-09-04 11:46:12,815 | INFO  | DNAudit | user=null | ip=null | op=WRITE_CHUNK {blockData=conID: 1 locID: 102734074529907209 bcsId: 0} | ret=SUCCESS |  
2019-09-04 11:46:12,815 | INFO  | DNAudit | user=null | ip=null | op=PUT_BLOCK {blockData=[blockId=conID: 1 locID: 102734074529907209 bcsId: 0,size=2097152]} | ret=SUCCESS |  
2019-09-04 11:46:12,815 | INFO  | DNAudit | user=null | ip=null | op=PUT_BLOCK {blockData=[blockId=conID: 1 locID: 102734074529907209 bcsId: 0,size=2097152]} | ret=SUCCESS |  
2019-09-04 11:46:12,816 [grpc-default-executor-1] INFO  client.GrpcClientProtocolClient (GrpcClientProtocolClient.java:onNext(255)) - client-D5CE890D7D9E->efcb8ff8-f060-4d95-9215-d0f5eb4af037: receive RaftClientReply:client-D5CE890D7D9E->efcb8ff8-f060-4d95-9215-d0f5eb4af037@group-0959F8DF43ED, cid=1780, SUCCESS, logIndex=0, commits[efcb8ff8-f060-4d95-9215-d0f5eb4af037:c2585, 6fae8b02-e804-4c0e-b729-a97b7404b7f6:c2581, 4c3e8a66-6975-4917-8225-d3efe707aaff:c2581]
2019-09-04 11:46:12,822 | INFO  | DNAudit | user=null | ip=null | op=WRITE_CHUNK {blockData=conID: 1 locID: 102734074529907209 bcsId: 2583} | ret=SUCCESS |  
2019-09-04 11:46:12,825 | INFO  | DNAudit | user=null | ip=null | op=WRITE_CHUNK {blockData=conID: 1 locID: 102734074529907209 bcsId: 2583} | ret=SUCCESS |  
2019-09-04 11:46:12,825 | INFO  | DNAudit | user=null | ip=null | op=WRITE_CHUNK {blockData=conID: 1 locID: 102734074529907209 bcsId: 2583} | ret=SUCCESS |  
2019-09-04 11:46:12,845 | INFO  | DNAudit | user=null | ip=null | op=WRITE_CHUNK {blockData=conID: 1 locID: 102734074529907209 bcsId: 2583} | ret=SUCCESS |  
2019-09-04 11:46:12,845 | INFO  | DNAudit | user=null | ip=null | op=PUT_BLOCK {blockData=[blockId=conID: 1 locID: 102734074529907209 bcsId: 0,size=3145728]} | ret=SUCCESS |  
2019-09-04 11:46:12,845 [grpc-default-executor-1] INFO  client.GrpcClientProtocolClient (GrpcClientProtocolClient.java:onNext(255)) - client-D5CE890D7D9E->efcb8ff8-f060-4d95-9215-d0f5eb4af037: receive RaftClientReply:client-D5CE890D7D9E->efcb8ff8-f060-4d95-9215-d0f5eb4af037@group-0959F8DF43ED, cid=1781, SUCCESS, logIndex=2588, commits[efcb8ff8-f060-4d95-9215-d0f5eb4af037:c2589, 6fae8b02-e804-4c0e-b729-a97b7404b7f6:c2587, 4c3e8a66-6975-4917-8225-d3efe707aaff:c2587]
2019-09-04 11:46:12,845 [grpc-default-executor-1] INFO  client.GrpcClientProtocolClient (GrpcClientProtocolClient.java:onNext(255)) - client-D5CE890D7D9E->efcb8ff8-f060-4d95-9215-d0f5eb4af037: receive RaftClientReply:client-D5CE890D7D9E->efcb8ff8-f060-4d95-9215-d0f5eb4af037@group-0959F8DF43ED, cid=1782, SUCCESS, logIndex=2589, commits[efcb8ff8-f060-4d95-9215-d0f5eb4af037:c2589, 6fae8b02-e804-4c0e-b729-a97b7404b7f6:c2587, 4c3e8a66-6975-4917-8225-d3efe707aaff:c2587]
2019-09-04 11:46:12,853 | INFO  | DNAudit | user=null | ip=null | op=WRITE_CHUNK {blockData=conID: 1 locID: 102734074529907209 bcsId: 2589} | ret=SUCCESS |  
2019-09-04 11:46:12,855 | INFO  | DNAudit | user=null | ip=null | op=WRITE_CHUNK {blockData=conID: 1 locID: 102734074529907209 bcsId: 2589} | ret=SUCCESS |  
2019-09-04 11:46:12,856 | INFO  | DNAudit | user=null | ip=null | op=WRITE_CHUNK {blockData=conID: 1 locID: 102734074529907209 bcsId: 2589} | ret=SUCCESS |  
2019-09-04 11:46:12,859 | INFO  | DNAudit | user=null | ip=null | op=WRITE_CHUNK {blockData=conID: 1 locID: 102734074529907209 bcsId: 2583} | ret=SUCCESS |  
2019-09-04 11:46:12,860 | INFO  | DNAudit | user=null | ip=null | op=WRITE_CHUNK {blockData=conID: 1 locID: 102734074529907209 bcsId: 2583} | ret=SUCCESS |  
2019-09-04 11:46:12,860 | INFO  | DNAudit | user=null | ip=null | op=PUT_BLOCK {blockData=[blockId=conID: 1 locID: 102734074529907209 bcsId: 0,size=3145728]} | ret=SUCCESS |  
2019-09-04 11:46:12,860 | INFO  | DNAudit | user=null | ip=null | op=PUT_BLOCK {blockData=[blockId=conID: 1 locID: 102734074529907209 bcsId: 0,size=3145728]} | ret=SUCCESS |  
2019-09-04 11:46:12,861 | INFO  | DNAudit | user=null | ip=null | op=WRITE_CHUNK {blockData=conID: 1 locID: 102734074529907209 bcsId: 2589} | ret=SUCCESS |  
2019-09-04 11:46:12,862 | INFO  | DNAudit | user=null | ip=null | op=PUT_BLOCK {blockData=[blockId=conID: 1 locID: 102734074529907209 bcsId: 0,size=4194304]} | ret=SUCCESS |  
2019-09-04 11:46:12,862 [grpc-default-executor-6] INFO  client.GrpcClientProtocolClient (GrpcClientProtocolClient.java:onNext(255)) - client-D5CE890D7D9E->efcb8ff8-f060-4d95-9215-d0f5eb4af037: receive RaftClientReply:client-D5CE890D7D9E->efcb8ff8-f060-4d95-9215-d0f5eb4af037@group-0959F8DF43ED, cid=1783, SUCCESS, logIndex=2592, commits[efcb8ff8-f060-4d95-9215-d0f5eb4af037:c2593, 6fae8b02-e804-4c0e-b729-a97b7404b7f6:c2589, 4c3e8a66-6975-4917-8225-d3efe707aaff:c2589]
2019-09-04 11:46:12,862 [grpc-default-executor-6] INFO  client.GrpcClientProtocolClient (GrpcClientProtocolClient.java:onNext(255)) - client-D5CE890D7D9E->efcb8ff8-f060-4d95-9215-d0f5eb4af037: receive RaftClientReply:client-D5CE890D7D9E->efcb8ff8-f060-4d95-9215-d0f5eb4af037@group-0959F8DF43ED, cid=1784, SUCCESS, logIndex=2593, commits[efcb8ff8-f060-4d95-9215-d0f5eb4af037:c2593, 6fae8b02-e804-4c0e-b729-a97b7404b7f6:c2589, 4c3e8a66-6975-4917-8225-d3efe707aaff:c2589]
2019-09-04 11:46:12,872 | INFO  | DNAudit | user=null | ip=null | op=WRITE_CHUNK {blockData=conID: 1 locID: 102734074529907209 bcsId: 2589} | ret=SUCCESS |  
2019-09-04 11:46:12,872 | INFO  | DNAudit | user=null | ip=null | op=WRITE_CHUNK {blockData=conID: 1 locID: 102734074529907209 bcsId: 2589} | ret=SUCCESS |  
2019-09-04 11:46:12,873 | INFO  | DNAudit | user=null | ip=null | op=PUT_BLOCK {blockData=[blockId=conID: 1 locID: 102734074529907209 bcsId: 0,size=4194304]} | ret=SUCCESS |  
2019-09-04 11:46:12,873 | INFO  | DNAudit | user=null | ip=null | op=PUT_BLOCK {blockData=[blockId=conID: 1 locID: 102734074529907209 bcsId: 0,size=4194304]} | ret=SUCCESS |  
2019-09-04 11:46:12,874 [grpc-default-executor-6] INFO  client.GrpcClientProtocolClient (GrpcClientProtocolClient.java:onNext(255)) - client-D5CE890D7D9E->efcb8ff8-f060-4d95-9215-d0f5eb4af037: receive RaftClientReply:client-D5CE890D7D9E->efcb8ff8-f060-4d95-9215-d0f5eb4af037@group-0959F8DF43ED, cid=1785, SUCCESS, logIndex=0, commits[efcb8ff8-f060-4d95-9215-d0f5eb4af037:c2595, 6fae8b02-e804-4c0e-b729-a97b7404b7f6:c2593, 4c3e8a66-6975-4917-8225-d3efe707aaff:c2593]
2019-09-04 11:46:12,878 | INFO  | SCMAudit | user=jenkins1000 | ip=192.168.36.67 | op=ALLOCATE_BLOCK {owner=8ab292a2-aaa7-4ad8-863a-d33994811155, size=4194304, type=RATIS, factor=THREE} | ret=SUCCESS |  
2019-09-04 11:46:12,881 | INFO  | OMAudit | user=jenkins1000 | ip=127.0.0.1 | op=ALLOCATE_BLOCK {volume=vol-0-58699, bucket=bucket-0-57464, key=key-0-37266, dataSize=0, replicationType=null, replicationFactor=null, keyLocationInfo=null, clientID=102734073355960722} | ret=SUCCESS |  
2019-09-04 11:46:12,889 | INFO  | DNAudit | user=null | ip=null | op=WRITE_CHUNK {blockData=conID: 2 locID: 102734074536133130 bcsId: 0} | ret=SUCCESS |  
2019-09-04 11:46:12,892 | INFO  | DNAudit | user=null | ip=null | op=WRITE_CHUNK {blockData=conID: 2 locID: 102734074536133130 bcsId: 0} | ret=SUCCESS |  
2019-09-04 11:46:12,892 | INFO  | DNAudit | user=null | ip=null | op=WRITE_CHUNK {blockData=conID: 2 locID: 102734074536133130 bcsId: 0} | ret=SUCCESS |  
2019-09-04 11:46:12,893 | INFO  | DNAudit | user=null | ip=null | op=WRITE_CHUNK {blockData=conID: 2 locID: 102734074536133130 bcsId: 0} | ret=SUCCESS |  
2019-09-04 11:46:12,896 | INFO  | DNAudit | user=null | ip=null | op=WRITE_CHUNK {blockData=conID: 2 locID: 102734074536133130 bcsId: 0} | ret=SUCCESS |  
2019-09-04 11:46:12,896 | INFO  | DNAudit | user=null | ip=null | op=WRITE_CHUNK {blockData=conID: 2 locID: 102734074536133130 bcsId: 0} | ret=SUCCESS |  
 0.00% |█                                                                                                    |  0/1 Time: 0:00:182019-09-04 11:46:12,916 | INFO  | DNAudit | user=null | ip=null | op=WRITE_CHUNK {blockData=conID: 2 locID: 102734074536133130 bcsId: 0} | ret=SUCCESS |  
2019-09-04 11:46:12,917 | INFO  | DNAudit | user=null | ip=null | op=PUT_BLOCK {blockData=[blockId=conID: 2 locID: 102734074536133130 bcsId: 0,size=1048576]} | ret=SUCCESS |  
2019-09-04 11:46:12,917 [grpc-default-executor-5] INFO  client.GrpcClientProtocolClient (GrpcClientProtocolClient.java:onNext(255)) - client-D5CE890D7D9E->efcb8ff8-f060-4d95-9215-d0f5eb4af037: receive RaftClientReply:client-D5CE890D7D9E->efcb8ff8-f060-4d95-9215-d0f5eb4af037@group-0959F8DF43ED, cid=1786, SUCCESS, logIndex=2596, commits[efcb8ff8-f060-4d95-9215-d0f5eb4af037:c2597, 6fae8b02-e804-4c0e-b729-a97b7404b7f6:c2595, 4c3e8a66-6975-4917-8225-d3efe707aaff:c2595]
2019-09-04 11:46:12,917 [grpc-default-executor-5] INFO  client.GrpcClientProtocolClient (GrpcClientProtocolClient.java:onNext(255)) - client-D5CE890D7D9E->efcb8ff8-f060-4d95-9215-d0f5eb4af037: receive RaftClientReply:client-D5CE890D7D9E->efcb8ff8-f060-4d95-9215-d0f5eb4af037@group-0959F8DF43ED, cid=1787, SUCCESS, logIndex=2597, commits[efcb8ff8-f060-4d95-9215-d0f5eb4af037:c2597, 6fae8b02-e804-4c0e-b729-a97b7404b7f6:c2595, 4c3e8a66-6975-4917-8225-d3efe707aaff:c2595]
2019-09-04 11:46:12,924 | INFO  | DNAudit | user=null | ip=null | op=WRITE_CHUNK {blockData=conID: 2 locID: 102734074536133130 bcsId: 0} | ret=SUCCESS |  
2019-09-04 11:46:12,925 | INFO  | DNAudit | user=null | ip=null | op=PUT_BLOCK {blockData=[blockId=conID: 2 locID: 102734074536133130 bcsId: 0,size=2097152]} | ret=SUCCESS |  
2019-09-04 11:46:12,925 [grpc-default-executor-5] INFO  client.GrpcClientProtocolClient (GrpcClientProtocolClient.java:onNext(255)) - client-D5CE890D7D9E->efcb8ff8-f060-4d95-9215-d0f5eb4af037: receive RaftClientReply:client-D5CE890D7D9E->efcb8ff8-f060-4d95-9215-d0f5eb4af037@group-0959F8DF43ED, cid=1788, SUCCESS, logIndex=2598, commits[efcb8ff8-f060-4d95-9215-d0f5eb4af037:c2599, 6fae8b02-e804-4c0e-b729-a97b7404b7f6:c2595, 4c3e8a66-6975-4917-8225-d3efe707aaff:c2595]
2019-09-04 11:46:12,925 [grpc-default-executor-5] INFO  client.GrpcClientProtocolClient (GrpcClientProtocolClient.java:onNext(255)) - client-D5CE890D7D9E->efcb8ff8-f060-4d95-9215-d0f5eb4af037: receive RaftClientReply:client-D5CE890D7D9E->efcb8ff8-f060-4d95-9215-d0f5eb4af037@group-0959F8DF43ED, cid=1789, SUCCESS, logIndex=2599, commits[efcb8ff8-f060-4d95-9215-d0f5eb4af037:c2599, 6fae8b02-e804-4c0e-b729-a97b7404b7f6:c2595, 4c3e8a66-6975-4917-8225-d3efe707aaff:c2595]
2019-09-04 11:46:12,925 | INFO  | DNAudit | user=null | ip=null | op=WRITE_CHUNK {blockData=conID: 2 locID: 102734074536133130 bcsId: 0} | ret=SUCCESS |  
2019-09-04 11:46:12,926 | INFO  | DNAudit | user=null | ip=null | op=PUT_BLOCK {blockData=[blockId=conID: 2 locID: 102734074536133130 bcsId: 0,size=1048576]} | ret=SUCCESS |  
2019-09-04 11:46:12,926 | INFO  | DNAudit | user=null | ip=null | op=WRITE_CHUNK {blockData=conID: 2 locID: 102734074536133130 bcsId: 0} | ret=SUCCESS |  
2019-09-04 11:46:12,926 | INFO  | DNAudit | user=null | ip=null | op=PUT_BLOCK {blockData=[blockId=conID: 2 locID: 102734074536133130 bcsId: 0,size=1048576]} | ret=SUCCESS |  
2019-09-04 11:46:12,926 [grpc-default-executor-1] INFO  client.GrpcClientProtocolClient (GrpcClientProtocolClient.java:onNext(255)) - client-D5CE890D7D9E->efcb8ff8-f060-4d95-9215-d0f5eb4af037: receive RaftClientReply:client-D5CE890D7D9E->efcb8ff8-f060-4d95-9215-d0f5eb4af037@group-0959F8DF43ED, cid=1790, SUCCESS, logIndex=0, commits[efcb8ff8-f060-4d95-9215-d0f5eb4af037:c2601, 6fae8b02-e804-4c0e-b729-a97b7404b7f6:c2597, 4c3e8a66-6975-4917-8225-d3efe707aaff:c2597]
2019-09-04 11:46:12,927 | INFO  | DNAudit | user=null | ip=null | op=WRITE_CHUNK {blockData=conID: 2 locID: 102734074536133130 bcsId: 0} | ret=SUCCESS |  
2019-09-04 11:46:12,927 | INFO  | DNAudit | user=null | ip=null | op=PUT_BLOCK {blockData=[blockId=conID: 2 locID: 102734074536133130 bcsId: 0,size=2097152]} | ret=SUCCESS |  
2019-09-04 11:46:12,927 | INFO  | DNAudit | user=null | ip=null | op=WRITE_CHUNK {blockData=conID: 2 locID: 102734074536133130 bcsId: 0} | ret=SUCCESS |  
2019-09-04 11:46:12,928 | INFO  | DNAudit | user=null | ip=null | op=PUT_BLOCK {blockData=[blockId=conID: 2 locID: 102734074536133130 bcsId: 0,size=2097152]} | ret=SUCCESS |  
2019-09-04 11:46:13,088 | INFO  | DNAudit | user=null | ip=null | op=WRITE_CHUNK {blockData=conID: 2 locID: 102734074536133130 bcsId: 2599} | ret=SUCCESS |  
2019-09-04 11:46:13,090 | INFO  | DNAudit | user=null | ip=null | op=WRITE_CHUNK {blockData=conID: 2 locID: 102734074536133130 bcsId: 2599} | ret=SUCCESS |  
2019-09-04 11:46:13,091 | INFO  | DNAudit | user=null | ip=null | op=WRITE_CHUNK {blockData=conID: 2 locID: 102734074536133130 bcsId: 2599} | ret=SUCCESS |  
2019-09-04 11:46:13,098 | INFO  | DNAudit | user=null | ip=null | op=WRITE_CHUNK {blockData=conID: 2 locID: 102734074536133130 bcsId: 2599} | ret=SUCCESS |  
2019-09-04 11:46:13,098 | INFO  | DNAudit | user=null | ip=null | op=PUT_BLOCK {blockData=[blockId=conID: 2 locID: 102734074536133130 bcsId: 0,size=3145728]} | ret=SUCCESS |  
2019-09-04 11:46:13,098 [grpc-default-executor-1] INFO  client.GrpcClientProtocolClient (GrpcClientProtocolClient.java:onNext(255)) - client-D5CE890D7D9E->efcb8ff8-f060-4d95-9215-d0f5eb4af037: receive RaftClientReply:client-D5CE890D7D9E->efcb8ff8-f060-4d95-9215-d0f5eb4af037@group-0959F8DF43ED, cid=1791, SUCCESS, logIndex=2604, commits[efcb8ff8-f060-4d95-9215-d0f5eb4af037:c2605, 6fae8b02-e804-4c0e-b729-a97b7404b7f6:c2603, 4c3e8a66-6975-4917-8225-d3efe707aaff:c2603]
2019-09-04 11:46:13,099 [grpc-default-executor-1] INFO  client.GrpcClientProtocolClient (GrpcClientProtocolClient.java:onNext(255)) - client-D5CE890D7D9E->efcb8ff8-f060-4d95-9215-d0f5eb4af037: receive RaftClientReply:client-D5CE890D7D9E->efcb8ff8-f060-4d95-9215-d0f5eb4af037@group-0959F8DF43ED, cid=1792, SUCCESS, logIndex=2605, commits[efcb8ff8-f060-4d95-9215-d0f5eb4af037:c2605, 6fae8b02-e804-4c0e-b729-a97b7404b7f6:c2603, 4c3e8a66-6975-4917-8225-d3efe707aaff:c2603]
2019-09-04 11:46:13,106 | INFO  | DNAudit | user=null | ip=null | op=WRITE_CHUNK {blockData=conID: 2 locID: 102734074536133130 bcsId: 2605} | ret=SUCCESS |  
2019-09-04 11:46:13,109 | INFO  | DNAudit | user=null | ip=null | op=WRITE_CHUNK {blockData=conID: 2 locID: 102734074536133130 bcsId: 2599} | ret=SUCCESS |  
2019-09-04 11:46:13,109 | INFO  | DNAudit | user=null | ip=null | op=WRITE_CHUNK {blockData=conID: 2 locID: 102734074536133130 bcsId: 2605} | ret=SUCCESS |  
2019-09-04 11:46:13,109 | INFO  | DNAudit | user=null | ip=null | op=WRITE_CHUNK {blockData=conID: 2 locID: 102734074536133130 bcsId: 2599} | ret=SUCCESS |  
2019-09-04 11:46:13,109 | INFO  | DNAudit | user=null | ip=null | op=PUT_BLOCK {blockData=[blockId=conID: 2 locID: 102734074536133130 bcsId: 0,size=3145728]} | ret=SUCCESS |  
2019-09-04 11:46:13,109 | INFO  | DNAudit | user=null | ip=null | op=PUT_BLOCK {blockData=[blockId=conID: 2 locID: 102734074536133130 bcsId: 0,size=3145728]} | ret=SUCCESS |  
2019-09-04 11:46:13,109 | INFO  | DNAudit | user=null | ip=null | op=WRITE_CHUNK {blockData=conID: 2 locID: 102734074536133130 bcsId: 2605} | ret=SUCCESS |  
2019-09-04 11:46:13,117 | INFO  | DNAudit | user=null | ip=null | op=WRITE_CHUNK {blockData=conID: 2 locID: 102734074536133130 bcsId: 2605} | ret=SUCCESS |  
2019-09-04 11:46:13,118 | INFO  | DNAudit | user=null | ip=null | op=PUT_BLOCK {blockData=[blockId=conID: 2 locID: 102734074536133130 bcsId: 0,size=4194304]} | ret=SUCCESS |  
2019-09-04 11:46:13,118 [grpc-default-executor-6] INFO  client.GrpcClientProtocolClient (GrpcClientProtocolClient.java:onNext(255)) - client-D5CE890D7D9E->efcb8ff8-f060-4d95-9215-d0f5eb4af037: receive RaftClientReply:client-D5CE890D7D9E->efcb8ff8-f060-4d95-9215-d0f5eb4af037@group-0959F8DF43ED, cid=1793, SUCCESS, logIndex=2608, commits[efcb8ff8-f060-4d95-9215-d0f5eb4af037:c2609, 6fae8b02-e804-4c0e-b729-a97b7404b7f6:c2605, 4c3e8a66-6975-4917-8225-d3efe707aaff:c2605]
2019-09-04 11:46:13,119 [grpc-default-executor-6] INFO  client.GrpcClientProtocolClient (GrpcClientProtocolClient.java:onNext(255)) - client-D5CE890D7D9E->efcb8ff8-f060-4d95-9215-d0f5eb4af037: receive RaftClientReply:client-D5CE890D7D9E->efcb8ff8-f060-4d95-9215-d0f5eb4af037@group-0959F8DF43ED, cid=1794, SUCCESS, logIndex=2609, commits[efcb8ff8-f060-4d95-9215-d0f5eb4af037:c2609, 6fae8b02-e804-4c0e-b729-a97b7404b7f6:c2605, 4c3e8a66-6975-4917-8225-d3efe707aaff:c2605]
2019-09-04 11:46:13,121 | INFO  | SCMAudit | user=jenkins1000 | ip=192.168.36.67 | op=SEND_HEARTBEAT {datanodeUUID=b68b188c-7f38-42ae-8403-46a39acd0731, command=[]} | ret=SUCCESS |  
2019-09-04 11:46:13,126 | INFO  | DNAudit | user=null | ip=null | op=WRITE_CHUNK {blockData=conID: 2 locID: 102734074536133130 bcsId: 2605} | ret=SUCCESS |  
2019-09-04 11:46:13,127 | INFO  | DNAudit | user=null | ip=null | op=WRITE_CHUNK {blockData=conID: 2 locID: 102734074536133130 bcsId: 2605} | ret=SUCCESS |  
2019-09-04 11:46:13,127 | INFO  | DNAudit | user=null | ip=null | op=PUT_BLOCK {blockData=[blockId=conID: 2 locID: 102734074536133130 bcsId: 0,size=4194304]} | ret=SUCCESS |  
2019-09-04 11:46:13,127 | INFO  | DNAudit | user=null | ip=null | op=PUT_BLOCK {blockData=[blockId=conID: 2 locID: 102734074536133130 bcsId: 0,size=4194304]} | ret=SUCCESS |  
2019-09-04 11:46:13,127 [grpc-default-executor-6] INFO  client.GrpcClientProtocolClient (GrpcClientProtocolClient.java:onNext(255)) - client-D5CE890D7D9E->efcb8ff8-f060-4d95-9215-d0f5eb4af037: receive RaftClientReply:client-D5CE890D7D9E->efcb8ff8-f060-4d95-9215-d0f5eb4af037@group-0959F8DF43ED, cid=1795, SUCCESS, logIndex=0, commits[efcb8ff8-f060-4d95-9215-d0f5eb4af037:c2610, 6fae8b02-e804-4c0e-b729-a97b7404b7f6:c2609, 4c3e8a66-6975-4917-8225-d3efe707aaff:c2609]
2019-09-04 11:46:13,132 | INFO  | SCMAudit | user=jenkins1000 | ip=192.168.36.67 | op=ALLOCATE_BLOCK {owner=8ab292a2-aaa7-4ad8-863a-d33994811155, size=4194304, type=RATIS, factor=THREE} | ret=SUCCESS |  
2019-09-04 11:46:13,134 | INFO  | OMAudit | user=jenkins1000 | ip=127.0.0.1 | op=ALLOCATE_BLOCK {volume=vol-0-58699, bucket=bucket-0-57464, key=key-0-37266, dataSize=0, replicationType=null, replicationFactor=null, keyLocationInfo=null, clientID=102734073355960722} | ret=SUCCESS |  
2019-09-04 11:46:13,141 | INFO  | DNAudit | user=null | ip=null | op=WRITE_CHUNK {blockData=conID: 3 locID: 102734074552779275 bcsId: 0} | ret=SUCCESS |  
2019-09-04 11:46:13,144 | INFO  | DNAudit | user=null | ip=null | op=WRITE_CHUNK {blockData=conID: 3 locID: 102734074552779275 bcsId: 0} | ret=SUCCESS |  
2019-09-04 11:46:13,145 | INFO  | DNAudit | user=null | ip=null | op=WRITE_CHUNK {blockData=conID: 3 locID: 102734074552779275 bcsId: 0} | ret=SUCCESS |  
2019-09-04 11:46:13,145 | INFO  | DNAudit | user=null | ip=null | op=WRITE_CHUNK {blockData=conID: 3 locID: 102734074552779275 bcsId: 0} | ret=SUCCESS |  
2019-09-04 11:46:13,147 | INFO  | DNAudit | user=null | ip=null | op=WRITE_CHUNK {blockData=conID: 3 locID: 102734074552779275 bcsId: 0} | ret=SUCCESS |  
2019-09-04 11:46:13,147 | INFO  | DNAudit | user=null | ip=null | op=WRITE_CHUNK {blockData=conID: 3 locID: 102734074552779275 bcsId: 0} | ret=SUCCESS |  
2019-09-04 11:46:13,150 | INFO  | DNAudit | user=null | ip=null | op=WRITE_CHUNK {blockData=conID: 3 locID: 102734074552779275 bcsId: 0} | ret=SUCCESS |  
2019-09-04 11:46:13,150 | INFO  | DNAudit | user=null | ip=null | op=PUT_BLOCK {blockData=[blockId=conID: 3 locID: 102734074552779275 bcsId: 0,size=1048576]} | ret=SUCCESS |  
2019-09-04 11:46:13,150 [grpc-default-executor-5] INFO  client.GrpcClientProtocolClient (GrpcClientProtocolClient.java:onNext(255)) - client-D5CE890D7D9E->efcb8ff8-f060-4d95-9215-d0f5eb4af037: receive RaftClientReply:client-D5CE890D7D9E->efcb8ff8-f060-4d95-9215-d0f5eb4af037@group-0959F8DF43ED, cid=1796, SUCCESS, logIndex=2612, commits[efcb8ff8-f060-4d95-9215-d0f5eb4af037:c2613, 6fae8b02-e804-4c0e-b729-a97b7404b7f6:c2611, 4c3e8a66-6975-4917-8225-d3efe707aaff:c2611]
2019-09-04 11:46:13,151 | INFO  | DNAudit | user=null | ip=null | op=WRITE_CHUNK {blockData=conID: 3 locID: 102734074552779275 bcsId: 0} | ret=SUCCESS |  
2019-09-04 11:46:13,151 [grpc-default-executor-0] INFO  client.GrpcClientProtocolClient (GrpcClientProtocolClient.java:onNext(255)) - client-D5CE890D7D9E->efcb8ff8-f060-4d95-9215-d0f5eb4af037: receive RaftClientReply:client-D5CE890D7D9E->efcb8ff8-f060-4d95-9215-d0f5eb4af037@group-0959F8DF43ED, cid=1797, SUCCESS, logIndex=2613, commits[efcb8ff8-f060-4d95-9215-d0f5eb4af037:c2613, 6fae8b02-e804-4c0e-b729-a97b7404b7f6:c2611, 4c3e8a66-6975-4917-8225-d3efe707aaff:c2611]
2019-09-04 11:46:13,151 | INFO  | DNAudit | user=null | ip=null | op=PUT_BLOCK {blockData=[blockId=conID: 3 locID: 102734074552779275 bcsId: 0,size=2097152]} | ret=SUCCESS |  
2019-09-04 11:46:13,151 [grpc-default-executor-0] INFO  client.GrpcClientProtocolClient (GrpcClientProtocolClient.java:onNext(255)) - client-D5CE890D7D9E->efcb8ff8-f060-4d95-9215-d0f5eb4af037: receive RaftClientReply:client-D5CE890D7D9E->efcb8ff8-f060-4d95-9215-d0f5eb4af037@group-0959F8DF43ED, cid=1798, SUCCESS, logIndex=2614, commits[efcb8ff8-f060-4d95-9215-d0f5eb4af037:c2615, 6fae8b02-e804-4c0e-b729-a97b7404b7f6:c2611, 4c3e8a66-6975-4917-8225-d3efe707aaff:c2611]
2019-09-04 11:46:13,152 | INFO  | DNAudit | user=null | ip=null | op=WRITE_CHUNK {blockData=conID: 3 locID: 102734074552779275 bcsId: 0} | ret=SUCCESS |  
2019-09-04 11:46:13,152 [grpc-default-executor-5] INFO  client.GrpcClientProtocolClient (GrpcClientProtocolClient.java:onNext(255)) - client-D5CE890D7D9E->efcb8ff8-f060-4d95-9215-d0f5eb4af037: receive RaftClientReply:client-D5CE890D7D9E->efcb8ff8-f060-4d95-9215-d0f5eb4af037@group-0959F8DF43ED, cid=1799, SUCCESS, logIndex=2615, commits[efcb8ff8-f060-4d95-9215-d0f5eb4af037:c2615, 6fae8b02-e804-4c0e-b729-a97b7404b7f6:c2611, 4c3e8a66-6975-4917-8225-d3efe707aaff:c2611]
2019-09-04 11:46:13,152 | INFO  | DNAudit | user=null | ip=null | op=PUT_BLOCK {blockData=[blockId=conID: 3 locID: 102734074552779275 bcsId: 0,size=1048576]} | ret=SUCCESS |  
2019-09-04 11:46:13,153 | INFO  | DNAudit | user=null | ip=null | op=WRITE_CHUNK {blockData=conID: 3 locID: 102734074552779275 bcsId: 0} | ret=SUCCESS |  
2019-09-04 11:46:13,153 | INFO  | DNAudit | user=null | ip=null | op=WRITE_CHUNK {blockData=conID: 3 locID: 102734074552779275 bcsId: 0} | ret=SUCCESS |  
2019-09-04 11:46:13,153 | INFO  | DNAudit | user=null | ip=null | op=PUT_BLOCK {blockData=[blockId=conID: 3 locID: 102734074552779275 bcsId: 0,size=2097152]} | ret=SUCCESS |  
2019-09-04 11:46:13,153 | INFO  | DNAudit | user=null | ip=null | op=PUT_BLOCK {blockData=[blockId=conID: 3 locID: 102734074552779275 bcsId: 0,size=1048576]} | ret=SUCCESS |  
2019-09-04 11:46:13,154 | INFO  | DNAudit | user=null | ip=null | op=WRITE_CHUNK {blockData=conID: 3 locID: 102734074552779275 bcsId: 0} | ret=SUCCESS |  
2019-09-04 11:46:13,154 | INFO  | DNAudit | user=null | ip=null | op=PUT_BLOCK {blockData=[blockId=conID: 3 locID: 102734074552779275 bcsId: 0,size=2097152]} | ret=SUCCESS |  
2019-09-04 11:46:13,154 [grpc-default-executor-5] INFO  client.GrpcClientProtocolClient (GrpcClientProtocolClient.java:onNext(255)) - client-D5CE890D7D9E->efcb8ff8-f060-4d95-9215-d0f5eb4af037: receive RaftClientReply:client-D5CE890D7D9E->efcb8ff8-f060-4d95-9215-d0f5eb4af037@group-0959F8DF43ED, cid=1800, SUCCESS, logIndex=0, commits[efcb8ff8-f060-4d95-9215-d0f5eb4af037:c2619, 6fae8b02-e804-4c0e-b729-a97b7404b7f6:c2613, 4c3e8a66-6975-4917-8225-d3efe707aaff:c2615]
2019-09-04 11:46:13,160 | INFO  | DNAudit | user=null | ip=null | op=WRITE_CHUNK {blockData=conID: 3 locID: 102734074552779275 bcsId: 2615} | ret=SUCCESS |  
2019-09-04 11:46:13,162 | INFO  | DNAudit | user=null | ip=null | op=WRITE_CHUNK {blockData=conID: 3 locID: 102734074552779275 bcsId: 2615} | ret=SUCCESS |  
2019-09-04 11:46:13,162 | INFO  | DNAudit | user=null | ip=null | op=WRITE_CHUNK {blockData=conID: 3 locID: 102734074552779275 bcsId: 2615} | ret=SUCCESS |  
2019-09-04 11:46:13,177 | INFO  | DNAudit | user=null | ip=null | op=WRITE_CHUNK {blockData=conID: 3 locID: 102734074552779275 bcsId: 2615} | ret=SUCCESS |  
2019-09-04 11:46:13,178 | INFO  | DNAudit | user=null | ip=null | op=PUT_BLOCK {blockData=[blockId=conID: 3 locID: 102734074552779275 bcsId: 0,size=3145728]} | ret=SUCCESS |  
2019-09-04 11:46:13,178 [grpc-default-executor-0] INFO  client.GrpcClientProtocolClient (GrpcClientProtocolClient.java:onNext(255)) - client-D5CE890D7D9E->efcb8ff8-f060-4d95-9215-d0f5eb4af037: receive RaftClientReply:client-D5CE890D7D9E->efcb8ff8-f060-4d95-9215-d0f5eb4af037@group-0959F8DF43ED, cid=1801, SUCCESS, logIndex=2620, commits[efcb8ff8-f060-4d95-9215-d0f5eb4af037:c2621, 6fae8b02-e804-4c0e-b729-a97b7404b7f6:c2619, 4c3e8a66-6975-4917-8225-d3efe707aaff:c2619]
2019-09-04 11:46:13,178 [grpc-default-executor-0] INFO  client.GrpcClientProtocolClient (GrpcClientProtocolClient.java:onNext(255)) - client-D5CE890D7D9E->efcb8ff8-f060-4d95-9215-d0f5eb4af037: receive RaftClientReply:client-D5CE890D7D9E->efcb8ff8-f060-4d95-9215-d0f5eb4af037@group-0959F8DF43ED, cid=1802, SUCCESS, logIndex=2621, commits[efcb8ff8-f060-4d95-9215-d0f5eb4af037:c2621, 6fae8b02-e804-4c0e-b729-a97b7404b7f6:c2619, 4c3e8a66-6975-4917-8225-d3efe707aaff:c2619]
2019-09-04 11:46:13,184 | INFO  | DNAudit | user=null | ip=null | op=WRITE_CHUNK {blockData=conID: 3 locID: 102734074552779275 bcsId: 2615} | ret=SUCCESS |  
2019-09-04 11:46:13,184 | INFO  | DNAudit | user=null | ip=null | op=WRITE_CHUNK {blockData=conID: 3 locID: 102734074552779275 bcsId: 2615} | ret=SUCCESS |  
2019-09-04 11:46:13,185 | INFO  | DNAudit | user=null | ip=null | op=PUT_BLOCK {blockData=[blockId=conID: 3 locID: 102734074552779275 bcsId: 0,size=3145728]} | ret=SUCCESS |  
2019-09-04 11:46:13,187 | INFO  | DNAudit | user=null | ip=null | op=WRITE_CHUNK {blockData=conID: 3 locID: 102734074552779275 bcsId: 2621} | ret=SUCCESS |  
2019-09-04 11:46:13,190 | INFO  | DNAudit | user=null | ip=null | op=WRITE_CHUNK {blockData=conID: 3 locID: 102734074552779275 bcsId: 2621} | ret=SUCCESS |  
2019-09-04 11:46:13,191 | INFO  | DNAudit | user=null | ip=null | op=WRITE_CHUNK {blockData=conID: 3 locID: 102734074552779275 bcsId: 2621} | ret=SUCCESS |  
2019-09-04 11:46:13,193 | INFO  | DNAudit | user=null | ip=null | op=PUT_BLOCK {blockData=[blockId=conID: 3 locID: 102734074552779275 bcsId: 0,size=3145728]} | ret=SUCCESS |  
2019-09-04 11:46:13,194 | INFO  | DNAudit | user=null | ip=null | op=WRITE_CHUNK {blockData=conID: 3 locID: 102734074552779275 bcsId: 2621} | ret=SUCCESS |  
2019-09-04 11:46:13,195 | INFO  | DNAudit | user=null | ip=null | op=PUT_BLOCK {blockData=[blockId=conID: 3 locID: 102734074552779275 bcsId: 0,size=4194304]} | ret=SUCCESS |  
2019-09-04 11:46:13,195 [grpc-default-executor-6] INFO  client.GrpcClientProtocolClient (GrpcClientProtocolClient.java:onNext(255)) - client-D5CE890D7D9E->efcb8ff8-f060-4d95-9215-d0f5eb4af037: receive RaftClientReply:client-D5CE890D7D9E->efcb8ff8-f060-4d95-9215-d0f5eb4af037@group-0959F8DF43ED, cid=1803, SUCCESS, logIndex=2624, commits[efcb8ff8-f060-4d95-9215-d0f5eb4af037:c2625, 6fae8b02-e804-4c0e-b729-a97b7404b7f6:c2621, 4c3e8a66-6975-4917-8225-d3efe707aaff:c2623]
2019-09-04 11:46:13,195 [grpc-default-executor-6] INFO  client.GrpcClientProtocolClient (GrpcClientProtocolClient.java:onNext(255)) - client-D5CE890D7D9E->efcb8ff8-f060-4d95-9215-d0f5eb4af037: receive RaftClientReply:client-D5CE890D7D9E->efcb8ff8-f060-4d95-9215-d0f5eb4af037@group-0959F8DF43ED, cid=1804, SUCCESS, logIndex=2625, commits[efcb8ff8-f060-4d95-9215-d0f5eb4af037:c2625, 6fae8b02-e804-4c0e-b729-a97b7404b7f6:c2623, 4c3e8a66-6975-4917-8225-d3efe707aaff:c2623]
2019-09-04 11:46:13,203 | INFO  | DNAudit | user=null | ip=null | op=WRITE_CHUNK {blockData=conID: 3 locID: 102734074552779275 bcsId: 2621} | ret=SUCCESS |  
2019-09-04 11:46:13,203 | INFO  | DNAudit | user=null | ip=null | op=WRITE_CHUNK {blockData=conID: 3 locID: 102734074552779275 bcsId: 2621} | ret=SUCCESS |  
2019-09-04 11:46:13,205 | INFO  | DNAudit | user=null | ip=null | op=PUT_BLOCK {blockData=[blockId=conID: 3 locID: 102734074552779275 bcsId: 0,size=4194304]} | ret=SUCCESS |  
2019-09-04 11:46:13,205 | INFO  | DNAudit | user=null | ip=null | op=PUT_BLOCK {blockData=[blockId=conID: 3 locID: 102734074552779275 bcsId: 0,size=4194304]} | ret=SUCCESS |  
2019-09-04 11:46:13,205 [grpc-default-executor-0] INFO  client.GrpcClientProtocolClient (GrpcClientProtocolClient.java:onNext(255)) - client-D5CE890D7D9E->efcb8ff8-f060-4d95-9215-d0f5eb4af037: receive RaftClientReply:client-D5CE890D7D9E->efcb8ff8-f060-4d95-9215-d0f5eb4af037@group-0959F8DF43ED, cid=1805, SUCCESS, logIndex=0, commits[efcb8ff8-f060-4d95-9215-d0f5eb4af037:c2627, 6fae8b02-e804-4c0e-b729-a97b7404b7f6:c2625, 4c3e8a66-6975-4917-8225-d3efe707aaff:c2625]
2019-09-04 11:46:13,209 | INFO  | SCMAudit | user=jenkins1000 | ip=192.168.36.67 | op=ALLOCATE_BLOCK {owner=8ab292a2-aaa7-4ad8-863a-d33994811155, size=4194304, type=RATIS, factor=THREE} | ret=SUCCESS |  
2019-09-04 11:46:13,212 | INFO  | OMAudit | user=jenkins1000 | ip=127.0.0.1 | op=ALLOCATE_BLOCK {volume=vol-0-58699, bucket=bucket-0-57464, key=key-0-37266, dataSize=0, replicationType=null, replicationFactor=null, keyLocationInfo=null, clientID=102734073355960722} | ret=SUCCESS |  
2019-09-04 11:46:13,220 | INFO  | DNAudit | user=null | ip=null | op=WRITE_CHUNK {blockData=conID: 1 locID: 102734074557825548 bcsId: 0} | ret=SUCCESS |  
2019-09-04 11:46:13,223 | INFO  | DNAudit | user=null | ip=null | op=WRITE_CHUNK {blockData=conID: 1 locID: 102734074557825548 bcsId: 0} | ret=SUCCESS |  
2019-09-04 11:46:13,224 | INFO  | DNAudit | user=null | ip=null | op=WRITE_CHUNK {blockData=conID: 1 locID: 102734074557825548 bcsId: 0} | ret=SUCCESS |  
2019-09-04 11:46:13,224 | INFO  | DNAudit | user=null | ip=null | op=WRITE_CHUNK {blockData=conID: 1 locID: 102734074557825548 bcsId: 0} | ret=SUCCESS |  
2019-09-04 11:46:13,226 | INFO  | DNAudit | user=null | ip=null | op=WRITE_CHUNK {blockData=conID: 1 locID: 102734074557825548 bcsId: 0} | ret=SUCCESS |  
2019-09-04 11:46:13,226 | INFO  | DNAudit | user=null | ip=null | op=PUT_BLOCK {blockData=[blockId=conID: 1 locID: 102734074557825548 bcsId: 0,size=1048576]} | ret=SUCCESS |  
2019-09-04 11:46:13,226 [grpc-default-executor-6] INFO  client.GrpcClientProtocolClient (GrpcClientProtocolClient.java:onNext(255)) - client-D5CE890D7D9E->efcb8ff8-f060-4d95-9215-d0f5eb4af037: receive RaftClientReply:client-D5CE890D7D9E->efcb8ff8-f060-4d95-9215-d0f5eb4af037@group-0959F8DF43ED, cid=1806, SUCCESS, logIndex=2628, commits[efcb8ff8-f060-4d95-9215-d0f5eb4af037:c2629, 6fae8b02-e804-4c0e-b729-a97b7404b7f6:c2627, 4c3e8a66-6975-4917-8225-d3efe707aaff:c2625]
2019-09-04 11:46:13,226 | INFO  | DNAudit | user=null | ip=null | op=WRITE_CHUNK {blockData=conID: 1 locID: 102734074557825548 bcsId: 0} | ret=SUCCESS |  
2019-09-04 11:46:13,227 [grpc-default-executor-6] INFO  client.GrpcClientProtocolClient (GrpcClientProtocolClient.java:onNext(255)) - client-D5CE890D7D9E->efcb8ff8-f060-4d95-9215-d0f5eb4af037: receive RaftClientReply:client-D5CE890D7D9E->efcb8ff8-f060-4d95-9215-d0f5eb4af037@group-0959F8DF43ED, cid=1807, SUCCESS, logIndex=2629, commits[efcb8ff8-f060-4d95-9215-d0f5eb4af037:c2629, 6fae8b02-e804-4c0e-b729-a97b7404b7f6:c2627, 4c3e8a66-6975-4917-8225-d3efe707aaff:c2627]
2019-09-04 11:46:13,227 | INFO  | DNAudit | user=null | ip=null | op=WRITE_CHUNK {blockData=conID: 1 locID: 102734074557825548 bcsId: 0} | ret=SUCCESS |  
2019-09-04 11:46:13,238 | INFO  | DNAudit | user=null | ip=null | op=WRITE_CHUNK {blockData=conID: 1 locID: 102734074557825548 bcsId: 0} | ret=SUCCESS |  
2019-09-04 11:46:13,238 | INFO  | DNAudit | user=null | ip=null | op=WRITE_CHUNK {blockData=conID: 1 locID: 102734074557825548 bcsId: 0} | ret=SUCCESS |  
2019-09-04 11:46:13,238 | INFO  | DNAudit | user=null | ip=null | op=PUT_BLOCK {blockData=[blockId=conID: 1 locID: 102734074557825548 bcsId: 0,size=2097152]} | ret=SUCCESS |  
2019-09-04 11:46:13,238 | INFO  | DNAudit | user=null | ip=null | op=WRITE_CHUNK {blockData=conID: 1 locID: 102734074557825548 bcsId: 0} | ret=SUCCESS |  
2019-09-04 11:46:13,238 | INFO  | DNAudit | user=null | ip=null | op=PUT_BLOCK {blockData=[blockId=conID: 1 locID: 102734074557825548 bcsId: 0,size=1048576]} | ret=SUCCESS |  
2019-09-04 11:46:13,238 | INFO  | DNAudit | user=null | ip=null | op=PUT_BLOCK {blockData=[blockId=conID: 1 locID: 102734074557825548 bcsId: 0,size=1048576]} | ret=SUCCESS |  
2019-09-04 11:46:13,238 [grpc-default-executor-5] INFO  client.GrpcClientProtocolClient (GrpcClientProtocolClient.java:onNext(255)) - client-D5CE890D7D9E->efcb8ff8-f060-4d95-9215-d0f5eb4af037: receive RaftClientReply:client-D5CE890D7D9E->efcb8ff8-f060-4d95-9215-d0f5eb4af037@group-0959F8DF43ED, cid=1808, SUCCESS, logIndex=2630, commits[efcb8ff8-f060-4d95-9215-d0f5eb4af037:c2632, 6fae8b02-e804-4c0e-b729-a97b7404b7f6:c2629, 4c3e8a66-6975-4917-8225-d3efe707aaff:c2627]
2019-09-04 11:46:13,238 [grpc-default-executor-5] INFO  client.GrpcClientProtocolClient (GrpcClientProtocolClient.java:onNext(255)) - client-D5CE890D7D9E->efcb8ff8-f060-4d95-9215-d0f5eb4af037: receive RaftClientReply:client-D5CE890D7D9E->efcb8ff8-f060-4d95-9215-d0f5eb4af037@group-0959F8DF43ED, cid=1809, SUCCESS, logIndex=2631, commits[efcb8ff8-f060-4d95-9215-d0f5eb4af037:c2633, 6fae8b02-e804-4c0e-b729-a97b7404b7f6:c2629, 4c3e8a66-6975-4917-8225-d3efe707aaff:c2629]
2019-09-04 11:46:13,245 | INFO  | DNAudit | user=null | ip=null | op=WRITE_CHUNK {blockData=conID: 1 locID: 102734074557825548 bcsId: 2631} | ret=SUCCESS |  
2019-09-04 11:46:13,248 | INFO  | DNAudit | user=null | ip=null | op=WRITE_CHUNK {blockData=conID: 1 locID: 102734074557825548 bcsId: 2631} | ret=SUCCESS |  
2019-09-04 11:46:13,248 | INFO  | DNAudit | user=null | ip=null | op=WRITE_CHUNK {blockData=conID: 1 locID: 102734074557825548 bcsId: 2631} | ret=SUCCESS |  
2019-09-04 11:46:13,248 | INFO  | DNAudit | user=null | ip=null | op=WRITE_CHUNK {blockData=conID: 1 locID: 102734074557825548 bcsId: 0} | ret=SUCCESS |  
2019-09-04 11:46:13,249 | INFO  | DNAudit | user=null | ip=null | op=WRITE_CHUNK {blockData=conID: 1 locID: 102734074557825548 bcsId: 0} | ret=SUCCESS |  
2019-09-04 11:46:13,249 | INFO  | DNAudit | user=null | ip=null | op=PUT_BLOCK {blockData=[blockId=conID: 1 locID: 102734074557825548 bcsId: 0,size=2097152]} | ret=SUCCESS |  
2019-09-04 11:46:13,250 | INFO  | DNAudit | user=null | ip=null | op=PUT_BLOCK {blockData=[blockId=conID: 1 locID: 102734074557825548 bcsId: 0,size=2097152]} | ret=SUCCESS |  
2019-09-04 11:46:13,250 | INFO  | DNAudit | user=null | ip=null | op=WRITE_CHUNK {blockData=conID: 1 locID: 102734074557825548 bcsId: 2631} | ret=SUCCESS |  
2019-09-04 11:46:13,251 | INFO  | DNAudit | user=null | ip=null | op=PUT_BLOCK {blockData=[blockId=conID: 1 locID: 102734074557825548 bcsId: 0,size=3145728]} | ret=SUCCESS |  
2019-09-04 11:46:13,251 [grpc-default-executor-5] INFO  client.GrpcClientProtocolClient (GrpcClientProtocolClient.java:onNext(255)) - client-D5CE890D7D9E->efcb8ff8-f060-4d95-9215-d0f5eb4af037: receive RaftClientReply:client-D5CE890D7D9E->efcb8ff8-f060-4d95-9215-d0f5eb4af037@group-0959F8DF43ED, cid=1810, SUCCESS, logIndex=2636, commits[efcb8ff8-f060-4d95-9215-d0f5eb4af037:c2637, 6fae8b02-e804-4c0e-b729-a97b7404b7f6:c2633, 4c3e8a66-6975-4917-8225-d3efe707aaff:c2631]
2019-09-04 11:46:13,251 [grpc-default-executor-5] INFO  client.GrpcClientProtocolClient (GrpcClientProtocolClient.java:onNext(255)) - client-D5CE890D7D9E->efcb8ff8-f060-4d95-9215-d0f5eb4af037: receive RaftClientReply:client-D5CE890D7D9E->efcb8ff8-f060-4d95-9215-d0f5eb4af037@group-0959F8DF43ED, cid=1811, SUCCESS, logIndex=2637, commits[efcb8ff8-f060-4d95-9215-d0f5eb4af037:c2637, 6fae8b02-e804-4c0e-b729-a97b7404b7f6:c2633, 4c3e8a66-6975-4917-8225-d3efe707aaff:c2633]
2019-09-04 11:46:13,257 | INFO  | DNAudit | user=null | ip=null | op=WRITE_CHUNK {blockData=conID: 1 locID: 102734074557825548 bcsId: 2631} | ret=SUCCESS |  
2019-09-04 11:46:13,257 | INFO  | DNAudit | user=null | ip=null | op=PUT_BLOCK {blockData=[blockId=conID: 1 locID: 102734074557825548 bcsId: 0,size=3145728]} | ret=SUCCESS |  
2019-09-04 11:46:13,257 | INFO  | DNAudit | user=null | ip=null | op=WRITE_CHUNK {blockData=conID: 1 locID: 102734074557825548 bcsId: 2631} | ret=SUCCESS |  
2019-09-04 11:46:13,258 | INFO  | DNAudit | user=null | ip=null | op=PUT_BLOCK {blockData=[blockId=conID: 1 locID: 102734074557825548 bcsId: 0,size=3145728]} | ret=SUCCESS |  
2019-09-04 11:46:13,258 | INFO  | DNAudit | user=null | ip=null | op=WRITE_CHUNK {blockData=conID: 1 locID: 102734074557825548 bcsId: 2637} | ret=SUCCESS |  
2019-09-04 11:46:13,260 | INFO  | DNAudit | user=null | ip=null | op=WRITE_CHUNK {blockData=conID: 1 locID: 102734074557825548 bcsId: 2637} | ret=SUCCESS |  
2019-09-04 11:46:13,260 | INFO  | DNAudit | user=null | ip=null | op=WRITE_CHUNK {blockData=conID: 1 locID: 102734074557825548 bcsId: 2637} | ret=SUCCESS |  
2019-09-04 11:46:13,270 | INFO  | DNAudit | user=null | ip=null | op=WRITE_CHUNK {blockData=conID: 1 locID: 102734074557825548 bcsId: 2637} | ret=SUCCESS |  
2019-09-04 11:46:13,271 | INFO  | DNAudit | user=null | ip=null | op=PUT_BLOCK {blockData=[blockId=conID: 1 locID: 102734074557825548 bcsId: 0,size=4194304]} | ret=SUCCESS |  
2019-09-04 11:46:13,271 [grpc-default-executor-6] INFO  client.GrpcClientProtocolClient (GrpcClientProtocolClient.java:onNext(255)) - client-D5CE890D7D9E->efcb8ff8-f060-4d95-9215-d0f5eb4af037: receive RaftClientReply:client-D5CE890D7D9E->efcb8ff8-f060-4d95-9215-d0f5eb4af037@group-0959F8DF43ED, cid=1812, SUCCESS, logIndex=2639, commits[efcb8ff8-f060-4d95-9215-d0f5eb4af037:c2640, 6fae8b02-e804-4c0e-b729-a97b7404b7f6:c2637, 4c3e8a66-6975-4917-8225-d3efe707aaff:c2637]
2019-09-04 11:46:13,271 [grpc-default-executor-6] INFO  client.GrpcClientProtocolClient (GrpcClientProtocolClient.java:onNext(255)) - client-D5CE890D7D9E->efcb8ff8-f060-4d95-9215-d0f5eb4af037: receive RaftClientReply:client-D5CE890D7D9E->efcb8ff8-f060-4d95-9215-d0f5eb4af037@group-0959F8DF43ED, cid=1813, SUCCESS, logIndex=2640, commits[efcb8ff8-f060-4d95-9215-d0f5eb4af037:c2640, 6fae8b02-e804-4c0e-b729-a97b7404b7f6:c2637, 4c3e8a66-6975-4917-8225-d3efe707aaff:c2637]
2019-09-04 11:46:13,276 | INFO  | DNAudit | user=null | ip=null | op=WRITE_CHUNK {blockData=conID: 1 locID: 102734074557825548 bcsId: 2637} | ret=SUCCESS |  
2019-09-04 11:46:13,276 | INFO  | DNAudit | user=null | ip=null | op=PUT_BLOCK {blockData=[blockId=conID: 1 locID: 102734074557825548 bcsId: 0,size=4194304]} | ret=SUCCESS |  
2019-09-04 11:46:13,276 | INFO  | DNAudit | user=null | ip=null | op=WRITE_CHUNK {blockData=conID: 1 locID: 102734074557825548 bcsId: 2637} | ret=SUCCESS |  
2019-09-04 11:46:13,276 | INFO  | DNAudit | user=null | ip=null | op=PUT_BLOCK {blockData=[blockId=conID: 1 locID: 102734074557825548 bcsId: 0,size=4194304]} | ret=SUCCESS |  
2019-09-04 11:46:13,276 [grpc-default-executor-5] INFO  client.GrpcClientProtocolClient (GrpcClientProtocolClient.java:onNext(255)) - client-D5CE890D7D9E->efcb8ff8-f060-4d95-9215-d0f5eb4af037: receive RaftClientReply:client-D5CE890D7D9E->efcb8ff8-f060-4d95-9215-d0f5eb4af037@group-0959F8DF43ED, cid=1814, SUCCESS, logIndex=0, commits[efcb8ff8-f060-4d95-9215-d0f5eb4af037:c2640, 6fae8b02-e804-4c0e-b729-a97b7404b7f6:c2640, 4c3e8a66-6975-4917-8225-d3efe707aaff:c2640]
2019-09-04 11:46:13,282 | INFO  | SCMAudit | user=jenkins1000 | ip=192.168.36.67 | op=ALLOCATE_BLOCK {owner=8ab292a2-aaa7-4ad8-863a-d33994811155, size=4194304, type=RATIS, factor=THREE} | ret=SUCCESS |  
2019-09-04 11:46:13,286 | INFO  | OMAudit | user=jenkins1000 | ip=127.0.0.1 | op=ALLOCATE_BLOCK {volume=vol-0-58699, bucket=bucket-0-57464, key=key-0-37266, dataSize=0, replicationType=null, replicationFactor=null, keyLocationInfo=null, clientID=102734073355960722} | ret=SUCCESS |  
2019-09-04 11:46:13,293 | INFO  | DNAudit | user=null | ip=null | op=WRITE_CHUNK {blockData=conID: 2 locID: 102734074562609677 bcsId: 0} | ret=SUCCESS |  
2019-09-04 11:46:13,296 | INFO  | DNAudit | user=null | ip=null | op=WRITE_CHUNK {blockData=conID: 2 locID: 102734074562609677 bcsId: 0} | ret=SUCCESS |  
2019-09-04 11:46:13,296 | INFO  | DNAudit | user=null | ip=null | op=WRITE_CHUNK {blockData=conID: 2 locID: 102734074562609677 bcsId: 0} | ret=SUCCESS |  
2019-09-04 11:46:13,297 | INFO  | DNAudit | user=null | ip=null | op=WRITE_CHUNK {blockData=conID: 2 locID: 102734074562609677 bcsId: 0} | ret=SUCCESS |  
2019-09-04 11:46:13,298 | INFO  | DNAudit | user=null | ip=null | op=WRITE_CHUNK {blockData=conID: 2 locID: 102734074562609677 bcsId: 0} | ret=SUCCESS |  
2019-09-04 11:46:13,298 | INFO  | DNAudit | user=null | ip=null | op=WRITE_CHUNK {blockData=conID: 2 locID: 102734074562609677 bcsId: 0} | ret=SUCCESS |  
2019-09-04 11:46:13,306 | INFO  | DNAudit | user=null | ip=null | op=WRITE_CHUNK {blockData=conID: 2 locID: 102734074562609677 bcsId: 0} | ret=SUCCESS |  
2019-09-04 11:46:13,307 | INFO  | DNAudit | user=null | ip=null | op=PUT_BLOCK {blockData=[blockId=conID: 2 locID: 102734074562609677 bcsId: 0,size=1048576]} | ret=SUCCESS |  
2019-09-04 11:46:13,307 [grpc-default-executor-6] INFO  client.GrpcClientProtocolClient (GrpcClientProtocolClient.java:onNext(255)) - client-D5CE890D7D9E->efcb8ff8-f060-4d95-9215-d0f5eb4af037: receive RaftClientReply:client-D5CE890D7D9E->efcb8ff8-f060-4d95-9215-d0f5eb4af037@group-0959F8DF43ED, cid=1815, SUCCESS, logIndex=2643, commits[efcb8ff8-f060-4d95-9215-d0f5eb4af037:c2646, 6fae8b02-e804-4c0e-b729-a97b7404b7f6:c2642, 4c3e8a66-6975-4917-8225-d3efe707aaff:c2642]
2019-09-04 11:46:13,308 | INFO  | DNAudit | user=null | ip=null | op=WRITE_CHUNK {blockData=conID: 2 locID: 102734074562609677 bcsId: 0} | ret=SUCCESS |  
2019-09-04 11:46:13,308 [grpc-default-executor-6] INFO  client.GrpcClientProtocolClient (GrpcClientProtocolClient.java:onNext(255)) - client-D5CE890D7D9E->efcb8ff8-f060-4d95-9215-d0f5eb4af037: receive RaftClientReply:client-D5CE890D7D9E->efcb8ff8-f060-4d95-9215-d0f5eb4af037@group-0959F8DF43ED, cid=1816, SUCCESS, logIndex=2644, commits[efcb8ff8-f060-4d95-9215-d0f5eb4af037:c2646, 6fae8b02-e804-4c0e-b729-a97b7404b7f6:c2642, 4c3e8a66-6975-4917-8225-d3efe707aaff:c2642]
2019-09-04 11:46:13,308 | INFO  | DNAudit | user=null | ip=null | op=PUT_BLOCK {blockData=[blockId=conID: 2 locID: 102734074562609677 bcsId: 0,size=2097152]} | ret=SUCCESS |  
2019-09-04 11:46:13,308 [grpc-default-executor-6] INFO  client.GrpcClientProtocolClient (GrpcClientProtocolClient.java:onNext(255)) - client-D5CE890D7D9E->efcb8ff8-f060-4d95-9215-d0f5eb4af037: receive RaftClientReply:client-D5CE890D7D9E->efcb8ff8-f060-4d95-9215-d0f5eb4af037@group-0959F8DF43ED, cid=1817, SUCCESS, logIndex=2645, commits[efcb8ff8-f060-4d95-9215-d0f5eb4af037:c2646, 6fae8b02-e804-4c0e-b729-a97b7404b7f6:c2642, 4c3e8a66-6975-4917-8225-d3efe707aaff:c2642]
2019-09-04 11:46:13,308 | INFO  | DNAudit | user=null | ip=null | op=WRITE_CHUNK {blockData=conID: 2 locID: 102734074562609677 bcsId: 0} | ret=SUCCESS |  
2019-09-04 11:46:13,308 | INFO  | DNAudit | user=null | ip=null | op=PUT_BLOCK {blockData=[blockId=conID: 2 locID: 102734074562609677 bcsId: 0,size=1048576]} | ret=SUCCESS |  
2019-09-04 11:46:13,308 [grpc-default-executor-6] INFO  client.GrpcClientProtocolClient (GrpcClientProtocolClient.java:onNext(255)) - client-D5CE890D7D9E->efcb8ff8-f060-4d95-9215-d0f5eb4af037: receive RaftClientReply:client-D5CE890D7D9E->efcb8ff8-f060-4d95-9215-d0f5eb4af037@group-0959F8DF43ED, cid=1818, SUCCESS, logIndex=2646, commits[efcb8ff8-f060-4d95-9215-d0f5eb4af037:c2646, 6fae8b02-e804-4c0e-b729-a97b7404b7f6:c2642, 4c3e8a66-6975-4917-8225-d3efe707aaff:c2642]
2019-09-04 11:46:13,309 | INFO  | DNAudit | user=null | ip=null | op=WRITE_CHUNK {blockData=conID: 2 locID: 102734074562609677 bcsId: 0} | ret=SUCCESS |  
2019-09-04 11:46:13,309 | INFO  | DNAudit | user=null | ip=null | op=PUT_BLOCK {blockData=[blockId=conID: 2 locID: 102734074562609677 bcsId: 0,size=1048576]} | ret=SUCCESS |  
2019-09-04 11:46:13,309 | INFO  | DNAudit | user=null | ip=null | op=WRITE_CHUNK {blockData=conID: 2 locID: 102734074562609677 bcsId: 0} | ret=SUCCESS |  
2019-09-04 11:46:13,309 [grpc-default-executor-6] INFO  client.GrpcClientProtocolClient (GrpcClientProtocolClient.java:onNext(255)) - client-D5CE890D7D9E->efcb8ff8-f060-4d95-9215-d0f5eb4af037: receive RaftClientReply:client-D5CE890D7D9E->efcb8ff8-f060-4d95-9215-d0f5eb4af037@group-0959F8DF43ED, cid=1819, SUCCESS, logIndex=0, commits[efcb8ff8-f060-4d95-9215-d0f5eb4af037:c2647, 6fae8b02-e804-4c0e-b729-a97b7404b7f6:c2644, 4c3e8a66-6975-4917-8225-d3efe707aaff:c2644]
2019-09-04 11:46:13,310 | INFO  | DNAudit | user=null | ip=null | op=PUT_BLOCK {blockData=[blockId=conID: 2 locID: 102734074562609677 bcsId: 0,size=2097152]} | ret=SUCCESS |  
2019-09-04 11:46:13,310 | INFO  | DNAudit | user=null | ip=null | op=WRITE_CHUNK {blockData=conID: 2 locID: 102734074562609677 bcsId: 0} | ret=SUCCESS |  
2019-09-04 11:46:13,310 | INFO  | DNAudit | user=null | ip=null | op=PUT_BLOCK {blockData=[blockId=conID: 2 locID: 102734074562609677 bcsId: 0,size=2097152]} | ret=SUCCESS |  
2019-09-04 11:46:13,316 | INFO  | DNAudit | user=null | ip=null | op=WRITE_CHUNK {blockData=conID: 2 locID: 102734074562609677 bcsId: 2646} | ret=SUCCESS |  
2019-09-04 11:46:13,319 | INFO  | DNAudit | user=null | ip=null | op=WRITE_CHUNK {blockData=conID: 2 locID: 102734074562609677 bcsId: 2646} | ret=SUCCESS |  
2019-09-04 11:46:13,319 | INFO  | DNAudit | user=null | ip=null | op=WRITE_CHUNK {blockData=conID: 2 locID: 102734074562609677 bcsId: 2646} | ret=SUCCESS |  
2019-09-04 11:46:13,329 | INFO  | DNAudit | user=null | ip=null | op=WRITE_CHUNK {blockData=conID: 2 locID: 102734074562609677 bcsId: 2646} | ret=SUCCESS |  
2019-09-04 11:46:13,330 | INFO  | DNAudit | user=null | ip=null | op=PUT_BLOCK {blockData=[blockId=conID: 2 locID: 102734074562609677 bcsId: 0,size=3145728]} | ret=SUCCESS |  
2019-09-04 11:46:13,330 [grpc-default-executor-1] INFO  client.GrpcClientProtocolClient (GrpcClientProtocolClient.java:onNext(255)) - client-D5CE890D7D9E->efcb8ff8-f060-4d95-9215-d0f5eb4af037: receive RaftClientReply:client-D5CE890D7D9E->efcb8ff8-f060-4d95-9215-d0f5eb4af037@group-0959F8DF43ED, cid=1820, SUCCESS, logIndex=2649, commits[efcb8ff8-f060-4d95-9215-d0f5eb4af037:c2650, 6fae8b02-e804-4c0e-b729-a97b7404b7f6:c2648, 4c3e8a66-6975-4917-8225-d3efe707aaff:c2648]
2019-09-04 11:46:13,330 [grpc-default-executor-1] INFO  client.GrpcClientProtocolClient (GrpcClientProtocolClient.java:onNext(255)) - client-D5CE890D7D9E->efcb8ff8-f060-4d95-9215-d0f5eb4af037: receive RaftClientReply:client-D5CE890D7D9E->efcb8ff8-f060-4d95-9215-d0f5eb4af037@group-0959F8DF43ED, cid=1821, SUCCESS, logIndex=2650, commits[efcb8ff8-f060-4d95-9215-d0f5eb4af037:c2650, 6fae8b02-e804-4c0e-b729-a97b7404b7f6:c2648, 4c3e8a66-6975-4917-8225-d3efe707aaff:c2648]
2019-09-04 11:46:13,336 | INFO  | DNAudit | user=null | ip=null | op=WRITE_CHUNK {blockData=conID: 2 locID: 102734074562609677 bcsId: 2646} | ret=SUCCESS |  
2019-09-04 11:46:13,336 | INFO  | DNAudit | user=null | ip=null | op=WRITE_CHUNK {blockData=conID: 2 locID: 102734074562609677 bcsId: 2646} | ret=SUCCESS |  
2019-09-04 11:46:13,336 | INFO  | DNAudit | user=null | ip=null | op=PUT_BLOCK {blockData=[blockId=conID: 2 locID: 102734074562609677 bcsId: 0,size=3145728]} | ret=SUCCESS |  
2019-09-04 11:46:13,336 | INFO  | DNAudit | user=null | ip=null | op=PUT_BLOCK {blockData=[blockId=conID: 2 locID: 102734074562609677 bcsId: 0,size=3145728]} | ret=SUCCESS |  
2019-09-04 11:46:13,338 | INFO  | DNAudit | user=null | ip=null | op=WRITE_CHUNK {blockData=conID: 2 locID: 102734074562609677 bcsId: 2650} | ret=SUCCESS |  
2019-09-04 11:46:13,340 | INFO  | DNAudit | user=null | ip=null | op=WRITE_CHUNK {blockData=conID: 2 locID: 102734074562609677 bcsId: 2650} | ret=SUCCESS |  
2019-09-04 11:46:13,340 | INFO  | DNAudit | user=null | ip=null | op=WRITE_CHUNK {blockData=conID: 2 locID: 102734074562609677 bcsId: 2650} | ret=SUCCESS |  
2019-09-04 11:46:13,349 | INFO  | DNAudit | user=null | ip=null | op=WRITE_CHUNK {blockData=conID: 2 locID: 102734074562609677 bcsId: 2650} | ret=SUCCESS |  
2019-09-04 11:46:13,349 | INFO  | DNAudit | user=null | ip=null | op=PUT_BLOCK {blockData=[blockId=conID: 2 locID: 102734074562609677 bcsId: 0,size=4194304]} | ret=SUCCESS |  
2019-09-04 11:46:13,349 [grpc-default-executor-5] INFO  client.GrpcClientProtocolClient (GrpcClientProtocolClient.java:onNext(255)) - client-D5CE890D7D9E->efcb8ff8-f060-4d95-9215-d0f5eb4af037: receive RaftClientReply:client-D5CE890D7D9E->efcb8ff8-f060-4d95-9215-d0f5eb4af037@group-0959F8DF43ED, cid=1822, SUCCESS, logIndex=2653, commits[efcb8ff8-f060-4d95-9215-d0f5eb4af037:c2654, 6fae8b02-e804-4c0e-b729-a97b7404b7f6:c2651, 4c3e8a66-6975-4917-8225-d3efe707aaff:c2651]
2019-09-04 11:46:13,350 [grpc-default-executor-5] INFO  client.GrpcClientProtocolClient (GrpcClientProtocolClient.java:onNext(255)) - client-D5CE890D7D9E->efcb8ff8-f060-4d95-9215-d0f5eb4af037: receive RaftClientReply:client-D5CE890D7D9E->efcb8ff8-f060-4d95-9215-d0f5eb4af037@group-0959F8DF43ED, cid=1823, SUCCESS, logIndex=2654, commits[efcb8ff8-f060-4d95-9215-d0f5eb4af037:c2654, 6fae8b02-e804-4c0e-b729-a97b7404b7f6:c2651, 4c3e8a66-6975-4917-8225-d3efe707aaff:c2651]
2019-09-04 11:46:13,354 | INFO  | DNAudit | user=null | ip=null | op=WRITE_CHUNK {blockData=conID: 2 locID: 102734074562609677 bcsId: 2650} | ret=SUCCESS |  
2019-09-04 11:46:13,354 | INFO  | DNAudit | user=null | ip=null | op=WRITE_CHUNK {blockData=conID: 2 locID: 102734074562609677 bcsId: 2650} | ret=SUCCESS |  
2019-09-04 11:46:13,354 | INFO  | DNAudit | user=null | ip=null | op=PUT_BLOCK {blockData=[blockId=conID: 2 locID: 102734074562609677 bcsId: 0,size=4194304]} | ret=SUCCESS |  
2019-09-04 11:46:13,355 | INFO  | DNAudit | user=null | ip=null | op=PUT_BLOCK {blockData=[blockId=conID: 2 locID: 102734074562609677 bcsId: 0,size=4194304]} | ret=SUCCESS |  
2019-09-04 11:46:13,355 [grpc-default-executor-6] INFO  client.GrpcClientProtocolClient (GrpcClientProtocolClient.java:onNext(255)) - client-D5CE890D7D9E->efcb8ff8-f060-4d95-9215-d0f5eb4af037: receive RaftClientReply:client-D5CE890D7D9E->efcb8ff8-f060-4d95-9215-d0f5eb4af037@group-0959F8DF43ED, cid=1824, SUCCESS, logIndex=0, commits[efcb8ff8-f060-4d95-9215-d0f5eb4af037:c2654, 6fae8b02-e804-4c0e-b729-a97b7404b7f6:c2654, 4c3e8a66-6975-4917-8225-d3efe707aaff:c2654]
2019-09-04 11:46:13,359 | INFO  | SCMAudit | user=jenkins1000 | ip=192.168.36.67 | op=ALLOCATE_BLOCK {owner=8ab292a2-aaa7-4ad8-863a-d33994811155, size=4194304, type=RATIS, factor=THREE} | ret=SUCCESS |  
2019-09-04 11:46:13,361 | INFO  | OMAudit | user=jenkins1000 | ip=127.0.0.1 | op=ALLOCATE_BLOCK {volume=vol-0-58699, bucket=bucket-0-57464, key=key-0-37266, dataSize=0, replicationType=null, replicationFactor=null, keyLocationInfo=null, clientID=102734073355960722} | ret=SUCCESS |  
2019-09-04 11:46:13,369 | INFO  | DNAudit | user=null | ip=null | op=WRITE_CHUNK {blockData=conID: 3 locID: 102734074567655950 bcsId: 0} | ret=SUCCESS |  
2019-09-04 11:46:13,371 | INFO  | DNAudit | user=null | ip=null | op=WRITE_CHUNK {blockData=conID: 3 locID: 102734074567655950 bcsId: 0} | ret=SUCCESS |  
2019-09-04 11:46:13,371 | INFO  | DNAudit | user=null | ip=null | op=WRITE_CHUNK {blockData=conID: 3 locID: 102734074567655950 bcsId: 0} | ret=SUCCESS |  
2019-09-04 11:46:13,372 | INFO  | DNAudit | user=null | ip=null | op=WRITE_CHUNK {blockData=conID: 3 locID: 102734074567655950 bcsId: 0} | ret=SUCCESS |  
2019-09-04 11:46:13,375 | INFO  | DNAudit | user=null | ip=null | op=WRITE_CHUNK {blockData=conID: 3 locID: 102734074567655950 bcsId: 0} | ret=SUCCESS |  
2019-09-04 11:46:13,375 | INFO  | DNAudit | user=null | ip=null | op=WRITE_CHUNK {blockData=conID: 3 locID: 102734074567655950 bcsId: 0} | ret=SUCCESS |  
2019-09-04 11:46:13,379 | INFO  | DNAudit | user=null | ip=null | op=WRITE_CHUNK {blockData=conID: 3 locID: 102734074567655950 bcsId: 0} | ret=SUCCESS |  
2019-09-04 11:46:13,379 | INFO  | DNAudit | user=null | ip=null | op=PUT_BLOCK {blockData=[blockId=conID: 3 locID: 102734074567655950 bcsId: 0,size=1048576]} | ret=SUCCESS |  
2019-09-04 11:46:13,379 [grpc-default-executor-6] INFO  client.GrpcClientProtocolClient (GrpcClientProtocolClient.java:onNext(255)) - client-D5CE890D7D9E->efcb8ff8-f060-4d95-9215-d0f5eb4af037: receive RaftClientReply:client-D5CE890D7D9E->efcb8ff8-f060-4d95-9215-d0f5eb4af037@group-0959F8DF43ED, cid=1825, SUCCESS, logIndex=2657, commits[efcb8ff8-f060-4d95-9215-d0f5eb4af037:c2658, 6fae8b02-e804-4c0e-b729-a97b7404b7f6:c2656, 4c3e8a66-6975-4917-8225-d3efe707aaff:c2656]
2019-09-04 11:46:13,380 [grpc-default-executor-6] INFO  client.GrpcClientProtocolClient (GrpcClientProtocolClient.java:onNext(255)) - client-D5CE890D7D9E->efcb8ff8-f060-4d95-9215-d0f5eb4af037: receive RaftClientReply:client-D5CE890D7D9E->efcb8ff8-f060-4d95-9215-d0f5eb4af037@group-0959F8DF43ED, cid=1826, SUCCESS, logIndex=2658, commits[efcb8ff8-f060-4d95-9215-d0f5eb4af037:c2658, 6fae8b02-e804-4c0e-b729-a97b7404b7f6:c2656, 4c3e8a66-6975-4917-8225-d3efe707aaff:c2656]
2019-09-04 11:46:13,392 | INFO  | DNAudit | user=null | ip=null | op=WRITE_CHUNK {blockData=conID: 3 locID: 102734074567655950 bcsId: 0} | ret=SUCCESS |  
2019-09-04 11:46:13,392 | INFO  | DNAudit | user=null | ip=null | op=PUT_BLOCK {blockData=[blockId=conID: 3 locID: 102734074567655950 bcsId: 0,size=1048576]} | ret=SUCCESS |  
2019-09-04 11:46:13,393 | INFO  | DNAudit | user=null | ip=null | op=WRITE_CHUNK {blockData=conID: 3 locID: 102734074567655950 bcsId: 0} | ret=SUCCESS |  
2019-09-04 11:46:13,393 | INFO  | DNAudit | user=null | ip=null | op=PUT_BLOCK {blockData=[blockId=conID: 3 locID: 102734074567655950 bcsId: 0,size=1048576]} | ret=SUCCESS |  
2019-09-04 11:46:13,393 | INFO  | DNAudit | user=null | ip=null | op=WRITE_CHUNK {blockData=conID: 3 locID: 102734074567655950 bcsId: 0} | ret=SUCCESS |  
2019-09-04 11:46:13,393 | INFO  | DNAudit | user=null | ip=null | op=PUT_BLOCK {blockData=[blockId=conID: 3 locID: 102734074567655950 bcsId: 0,size=2097152]} | ret=SUCCESS |  
2019-09-04 11:46:13,399 [grpc-default-executor-6] INFO  client.GrpcClientProtocolClient (GrpcClientProtocolClient.java:onNext(255)) - client-D5CE890D7D9E->efcb8ff8-f060-4d95-9215-d0f5eb4af037: receive RaftClientReply:client-D5CE890D7D9E->efcb8ff8-f060-4d95-9215-d0f5eb4af037@group-0959F8DF43ED, cid=1827, SUCCESS, logIndex=2659, commits[efcb8ff8-f060-4d95-9215-d0f5eb4af037:c2662, 6fae8b02-e804-4c0e-b729-a97b7404b7f6:c2658, 4c3e8a66-6975-4917-8225-d3efe707aaff:c2656]
2019-09-04 11:46:13,400 [grpc-default-executor-5] INFO  client.GrpcClientProtocolClient (GrpcClientProtocolClient.java:onNext(255)) - client-D5CE890D7D9E->efcb8ff8-f060-4d95-9215-d0f5eb4af037: receive RaftClientReply:client-D5CE890D7D9E->efcb8ff8-f060-4d95-9215-d0f5eb4af037@group-0959F8DF43ED, cid=1828, SUCCESS, logIndex=2660, commits[efcb8ff8-f060-4d95-9215-d0f5eb4af037:c2662, 6fae8b02-e804-4c0e-b729-a97b7404b7f6:c2658, 4c3e8a66-6975-4917-8225-d3efe707aaff:c2656]
2019-09-04 11:46:13,401 [grpc-default-executor-5] INFO  client.GrpcClientProtocolClient (GrpcClientProtocolClient.java:onNext(255)) - client-D5CE890D7D9E->efcb8ff8-f060-4d95-9215-d0f5eb4af037: receive RaftClientReply:client-D5CE890D7D9E->efcb8ff8-f060-4d95-9215-d0f5eb4af037@group-0959F8DF43ED, cid=1829, SUCCESS, logIndex=0, commits[efcb8ff8-f060-4d95-9215-d0f5eb4af037:c2662, 6fae8b02-e804-4c0e-b729-a97b7404b7f6:c2658, 4c3e8a66-6975-4917-8225-d3efe707aaff:c2658]
2019-09-04 11:46:13,405 | INFO  | DNAudit | user=null | ip=null | op=WRITE_CHUNK {blockData=conID: 3 locID: 102734074567655950 bcsId: 0} | ret=SUCCESS |  
2019-09-04 11:46:13,405 | INFO  | DNAudit | user=null | ip=null | op=WRITE_CHUNK {blockData=conID: 3 locID: 102734074567655950 bcsId: 0} | ret=SUCCESS |  
2019-09-04 11:46:13,405 | INFO  | DNAudit | user=null | ip=null | op=PUT_BLOCK {blockData=[blockId=conID: 3 locID: 102734074567655950 bcsId: 0,size=2097152]} | ret=SUCCESS |  
2019-09-04 11:46:13,405 | INFO  | DNAudit | user=null | ip=null | op=PUT_BLOCK {blockData=[blockId=conID: 3 locID: 102734074567655950 bcsId: 0,size=2097152]} | ret=SUCCESS |  
2019-09-04 11:46:13,409 | INFO  | DNAudit | user=null | ip=null | op=WRITE_CHUNK {blockData=conID: 3 locID: 102734074567655950 bcsId: 2660} | ret=SUCCESS |  
2019-09-04 11:46:13,411 | INFO  | DNAudit | user=null | ip=null | op=WRITE_CHUNK {blockData=conID: 3 locID: 102734074567655950 bcsId: 2660} | ret=SUCCESS |  
2019-09-04 11:46:13,411 | INFO  | DNAudit | user=null | ip=null | op=WRITE_CHUNK {blockData=conID: 3 locID: 102734074567655950 bcsId: 2660} | ret=SUCCESS |  
2019-09-04 11:46:13,413 | INFO  | DNAudit | user=null | ip=null | op=WRITE_CHUNK {blockData=conID: 3 locID: 102734074567655950 bcsId: 2660} | ret=SUCCESS |  
2019-09-04 11:46:13,414 | INFO  | DNAudit | user=null | ip=null | op=PUT_BLOCK {blockData=[blockId=conID: 3 locID: 102734074567655950 bcsId: 0,size=3145728]} | ret=SUCCESS |  
2019-09-04 11:46:13,414 [grpc-default-executor-1] INFO  client.GrpcClientProtocolClient (GrpcClientProtocolClient.java:onNext(255)) - client-D5CE890D7D9E->efcb8ff8-f060-4d95-9215-d0f5eb4af037: receive RaftClientReply:client-D5CE890D7D9E->efcb8ff8-f060-4d95-9215-d0f5eb4af037@group-0959F8DF43ED, cid=1830, SUCCESS, logIndex=2665, commits[efcb8ff8-f060-4d95-9215-d0f5eb4af037:c2666, 6fae8b02-e804-4c0e-b729-a97b7404b7f6:c2664, 4c3e8a66-6975-4917-8225-d3efe707aaff:c2660]
2019-09-04 11:46:13,414 [grpc-default-executor-1] INFO  client.GrpcClientProtocolClient (GrpcClientProtocolClient.java:onNext(255)) - client-D5CE890D7D9E->efcb8ff8-f060-4d95-9215-d0f5eb4af037: receive RaftClientReply:client-D5CE890D7D9E->efcb8ff8-f060-4d95-9215-d0f5eb4af037@group-0959F8DF43ED, cid=1831, SUCCESS, logIndex=2666, commits[efcb8ff8-f060-4d95-9215-d0f5eb4af037:c2666, 6fae8b02-e804-4c0e-b729-a97b7404b7f6:c2664, 4c3e8a66-6975-4917-8225-d3efe707aaff:c2664]
2019-09-04 11:46:13,420 | INFO  | DNAudit | user=null | ip=null | op=WRITE_CHUNK {blockData=conID: 3 locID: 102734074567655950 bcsId: 2666} | ret=SUCCESS |  
2019-09-04 11:46:13,420 | INFO  | DNAudit | user=null | ip=null | op=WRITE_CHUNK {blockData=conID: 3 locID: 102734074567655950 bcsId: 2660} | ret=SUCCESS |  
2019-09-04 11:46:13,420 | INFO  | DNAudit | user=null | ip=null | op=WRITE_CHUNK {blockData=conID: 3 locID: 102734074567655950 bcsId: 2660} | ret=SUCCESS |  
2019-09-04 11:46:13,420 | INFO  | DNAudit | user=null | ip=null | op=PUT_BLOCK {blockData=[blockId=conID: 3 locID: 102734074567655950 bcsId: 0,size=3145728]} | ret=SUCCESS |  
2019-09-04 11:46:13,421 | INFO  | DNAudit | user=null | ip=null | op=PUT_BLOCK {blockData=[blockId=conID: 3 locID: 102734074567655950 bcsId: 0,size=3145728]} | ret=SUCCESS |  
2019-09-04 11:46:13,422 | INFO  | DNAudit | user=null | ip=null | op=WRITE_CHUNK {blockData=conID: 3 locID: 102734074567655950 bcsId: 2666} | ret=SUCCESS |  
2019-09-04 11:46:13,422 | INFO  | DNAudit | user=null | ip=null | op=WRITE_CHUNK {blockData=conID: 3 locID: 102734074567655950 bcsId: 2666} | ret=SUCCESS |  
2019-09-04 11:46:13,435 | INFO  | DNAudit | user=null | ip=null | op=WRITE_CHUNK {blockData=conID: 3 locID: 102734074567655950 bcsId: 2666} | ret=SUCCESS |  
2019-09-04 11:46:13,436 | INFO  | DNAudit | user=null | ip=null | op=PUT_BLOCK {blockData=[blockId=conID: 3 locID: 102734074567655950 bcsId: 0,size=4194304]} | ret=SUCCESS |  
2019-09-04 11:46:13,436 [grpc-default-executor-5] INFO  client.GrpcClientProtocolClient (GrpcClientProtocolClient.java:onNext(255)) - client-D5CE890D7D9E->efcb8ff8-f060-4d95-9215-d0f5eb4af037: receive RaftClientReply:client-D5CE890D7D9E->efcb8ff8-f060-4d95-9215-d0f5eb4af037@group-0959F8DF43ED, cid=1832, SUCCESS, logIndex=2669, commits[efcb8ff8-f060-4d95-9215-d0f5eb4af037:c2670, 6fae8b02-e804-4c0e-b729-a97b7404b7f6:c2666, 4c3e8a66-6975-4917-8225-d3efe707aaff:c2666]
2019-09-04 11:46:13,436 [grpc-default-executor-5] INFO  client.GrpcClientProtocolClient (GrpcClientProtocolClient.java:onNext(255)) - client-D5CE890D7D9E->efcb8ff8-f060-4d95-9215-d0f5eb4af037: receive RaftClientReply:client-D5CE890D7D9E->efcb8ff8-f060-4d95-9215-d0f5eb4af037@group-0959F8DF43ED, cid=1833, SUCCESS, logIndex=2670, commits[efcb8ff8-f060-4d95-9215-d0f5eb4af037:c2670, 6fae8b02-e804-4c0e-b729-a97b7404b7f6:c2666, 4c3e8a66-6975-4917-8225-d3efe707aaff:c2666]
2019-09-04 11:46:13,446 | INFO  | DNAudit | user=null | ip=null | op=WRITE_CHUNK {blockData=conID: 3 locID: 102734074567655950 bcsId: 2666} | ret=SUCCESS |  
2019-09-04 11:46:13,446 | INFO  | DNAudit | user=null | ip=null | op=WRITE_CHUNK {blockData=conID: 3 locID: 102734074567655950 bcsId: 2666} | ret=SUCCESS |  
2019-09-04 11:46:13,447 | INFO  | DNAudit | user=null | ip=null | op=PUT_BLOCK {blockData=[blockId=conID: 3 locID: 102734074567655950 bcsId: 0,size=4194304]} | ret=SUCCESS |  
2019-09-04 11:46:13,447 | INFO  | DNAudit | user=null | ip=null | op=PUT_BLOCK {blockData=[blockId=conID: 3 locID: 102734074567655950 bcsId: 0,size=4194304]} | ret=SUCCESS |  
2019-09-04 11:46:13,448 [grpc-default-executor-5] INFO  client.GrpcClientProtocolClient (GrpcClientProtocolClient.java:onNext(255)) - client-D5CE890D7D9E->efcb8ff8-f060-4d95-9215-d0f5eb4af037: receive RaftClientReply:client-D5CE890D7D9E->efcb8ff8-f060-4d95-9215-d0f5eb4af037@group-0959F8DF43ED, cid=1834, SUCCESS, logIndex=0, commits[efcb8ff8-f060-4d95-9215-d0f5eb4af037:c2672, 6fae8b02-e804-4c0e-b729-a97b7404b7f6:c2670, 4c3e8a66-6975-4917-8225-d3efe707aaff:c2670]
2019-09-04 11:46:13,452 | INFO  | SCMAudit | user=jenkins1000 | ip=192.168.36.67 | op=ALLOCATE_BLOCK {owner=8ab292a2-aaa7-4ad8-863a-d33994811155, size=4194304, type=RATIS, factor=THREE} | ret=SUCCESS |  
2019-09-04 11:46:13,455 | INFO  | OMAudit | user=jenkins1000 | ip=127.0.0.1 | op=ALLOCATE_BLOCK {volume=vol-0-58699, bucket=bucket-0-57464, key=key-0-37266, dataSize=0, replicationType=null, replicationFactor=null, keyLocationInfo=null, clientID=102734073355960722} | ret=SUCCESS |  
2019-09-04 11:46:13,463 | INFO  | DNAudit | user=null | ip=null | op=WRITE_CHUNK {blockData=conID: 1 locID: 102734074573750799 bcsId: 0} | ret=SUCCESS |  
2019-09-04 11:46:13,465 | INFO  | DNAudit | user=null | ip=null | op=WRITE_CHUNK {blockData=conID: 1 locID: 102734074573750799 bcsId: 0} | ret=SUCCESS |  
2019-09-04 11:46:13,465 | INFO  | DNAudit | user=null | ip=null | op=WRITE_CHUNK {blockData=conID: 1 locID: 102734074573750799 bcsId: 0} | ret=SUCCESS |  
2019-09-04 11:46:13,465 | INFO  | DNAudit | user=null | ip=null | op=WRITE_CHUNK {blockData=conID: 1 locID: 102734074573750799 bcsId: 0} | ret=SUCCESS |  
2019-09-04 11:46:13,467 | INFO  | DNAudit | user=null | ip=null | op=WRITE_CHUNK {blockData=conID: 1 locID: 102734074573750799 bcsId: 0} | ret=SUCCESS |  
2019-09-04 11:46:13,467 | INFO  | DNAudit | user=null | ip=null | op=WRITE_CHUNK {blockData=conID: 1 locID: 102734074573750799 bcsId: 0} | ret=SUCCESS |  
2019-09-04 11:46:13,469 | INFO  | DNAudit | user=null | ip=null | op=WRITE_CHUNK {blockData=conID: 1 locID: 102734074573750799 bcsId: 0} | ret=SUCCESS |  
2019-09-04 11:46:13,469 | INFO  | DNAudit | user=null | ip=null | op=PUT_BLOCK {blockData=[blockId=conID: 1 locID: 102734074573750799 bcsId: 0,size=1048576]} | ret=SUCCESS |  
2019-09-04 11:46:13,469 [grpc-default-executor-5] INFO  client.GrpcClientProtocolClient (GrpcClientProtocolClient.java:onNext(255)) - client-D5CE890D7D9E->efcb8ff8-f060-4d95-9215-d0f5eb4af037: receive RaftClientReply:client-D5CE890D7D9E->efcb8ff8-f060-4d95-9215-d0f5eb4af037@group-0959F8DF43ED, cid=1835, SUCCESS, logIndex=2673, commits[efcb8ff8-f060-4d95-9215-d0f5eb4af037:c2674, 6fae8b02-e804-4c0e-b729-a97b7404b7f6:c2672, 4c3e8a66-6975-4917-8225-d3efe707aaff:c2672]
2019-09-04 11:46:13,470 [grpc-default-executor-5] INFO  client.GrpcClientProtocolClient (GrpcClientProtocolClient.java:onNext(255)) - client-D5CE890D7D9E->efcb8ff8-f060-4d95-9215-d0f5eb4af037: receive RaftClientReply:client-D5CE890D7D9E->efcb8ff8-f060-4d95-9215-d0f5eb4af037@group-0959F8DF43ED, cid=1836, SUCCESS, logIndex=2674, commits[efcb8ff8-f060-4d95-9215-d0f5eb4af037:c2674, 6fae8b02-e804-4c0e-b729-a97b7404b7f6:c2672, 4c3e8a66-6975-4917-8225-d3efe707aaff:c2672]
2019-09-04 11:46:13,478 | INFO  | DNAudit | user=null | ip=null | op=WRITE_CHUNK {blockData=conID: 1 locID: 102734074573750799 bcsId: 0} | ret=SUCCESS |  
2019-09-04 11:46:13,479 | INFO  | DNAudit | user=null | ip=null | op=PUT_BLOCK {blockData=[blockId=conID: 1 locID: 102734074573750799 bcsId: 0,size=2097152]} | ret=SUCCESS |  
2019-09-04 11:46:13,479 [grpc-default-executor-1] INFO  client.GrpcClientProtocolClient (GrpcClientProtocolClient.java:onNext(255)) - client-D5CE890D7D9E->efcb8ff8-f060-4d95-9215-d0f5eb4af037: receive RaftClientReply:client-D5CE890D7D9E->efcb8ff8-f060-4d95-9215-d0f5eb4af037@group-0959F8DF43ED, cid=1837, SUCCESS, logIndex=2675, commits[efcb8ff8-f060-4d95-9215-d0f5eb4af037:c2676, 6fae8b02-e804-4c0e-b729-a97b7404b7f6:c2672, 4c3e8a66-6975-4917-8225-d3efe707aaff:c2672]
2019-09-04 11:46:13,479 | INFO  | DNAudit | user=null | ip=null | op=WRITE_CHUNK {blockData=conID: 1 locID: 102734074573750799 bcsId: 0} | ret=SUCCESS |  
2019-09-04 11:46:13,479 [grpc-default-executor-1] INFO  client.GrpcClientProtocolClient (GrpcClientProtocolClient.java:onNext(255)) - client-D5CE890D7D9E->efcb8ff8-f060-4d95-9215-d0f5eb4af037: receive RaftClientReply:client-D5CE890D7D9E->efcb8ff8-f060-4d95-9215-d0f5eb4af037@group-0959F8DF43ED, cid=1838, SUCCESS, logIndex=2676, commits[efcb8ff8-f060-4d95-9215-d0f5eb4af037:c2676, 6fae8b02-e804-4c0e-b729-a97b7404b7f6:c2672, 4c3e8a66-6975-4917-8225-d3efe707aaff:c2672]
2019-09-04 11:46:13,480 | INFO  | DNAudit | user=null | ip=null | op=PUT_BLOCK {blockData=[blockId=conID: 1 locID: 102734074573750799 bcsId: 0,size=1048576]} | ret=SUCCESS |  
2019-09-04 11:46:13,480 | INFO  | DNAudit | user=null | ip=null | op=WRITE_CHUNK {blockData=conID: 1 locID: 102734074573750799 bcsId: 0} | ret=SUCCESS |  
2019-09-04 11:46:13,480 | INFO  | DNAudit | user=null | ip=null | op=PUT_BLOCK {blockData=[blockId=conID: 1 locID: 102734074573750799 bcsId: 0,size=1048576]} | ret=SUCCESS |  
2019-09-04 11:46:13,480 | INFO  | DNAudit | user=null | ip=null | op=WRITE_CHUNK {blockData=conID: 1 locID: 102734074573750799 bcsId: 0} | ret=SUCCESS |  
2019-09-04 11:46:13,481 [grpc-default-executor-1] INFO  client.GrpcClientProtocolClient (GrpcClientProtocolClient.java:onNext(255)) - client-D5CE890D7D9E->efcb8ff8-f060-4d95-9215-d0f5eb4af037: receive RaftClientReply:client-D5CE890D7D9E->efcb8ff8-f060-4d95-9215-d0f5eb4af037@group-0959F8DF43ED, cid=1839, SUCCESS, logIndex=0, commits[efcb8ff8-f060-4d95-9215-d0f5eb4af037:c2678, 6fae8b02-e804-4c0e-b729-a97b7404b7f6:c2674, 4c3e8a66-6975-4917-8225-d3efe707aaff:c2674]
2019-09-04 11:46:13,481 | INFO  | DNAudit | user=null | ip=null | op=PUT_BLOCK {blockData=[blockId=conID: 1 locID: 102734074573750799 bcsId: 0,size=2097152]} | ret=SUCCESS |  
2019-09-04 11:46:13,481 | INFO  | DNAudit | user=null | ip=null | op=WRITE_CHUNK {blockData=conID: 1 locID: 102734074573750799 bcsId: 0} | ret=SUCCESS |  
2019-09-04 11:46:13,481 | INFO  | DNAudit | user=null | ip=null | op=PUT_BLOCK {blockData=[blockId=conID: 1 locID: 102734074573750799 bcsId: 0,size=2097152]} | ret=SUCCESS |  
2019-09-04 11:46:13,487 | INFO  | DNAudit | user=null | ip=null | op=WRITE_CHUNK {blockData=conID: 1 locID: 102734074573750799 bcsId: 2676} | ret=SUCCESS |  
2019-09-04 11:46:13,489 | INFO  | DNAudit | user=null | ip=null | op=WRITE_CHUNK {blockData=conID: 1 locID: 102734074573750799 bcsId: 2676} | ret=SUCCESS |  
2019-09-04 11:46:13,489 | INFO  | DNAudit | user=null | ip=null | op=WRITE_CHUNK {blockData=conID: 1 locID: 102734074573750799 bcsId: 2676} | ret=SUCCESS |  
2019-09-04 11:46:13,502 | INFO  | DNAudit | user=null | ip=null | op=WRITE_CHUNK {blockData=conID: 1 locID: 102734074573750799 bcsId: 2676} | ret=SUCCESS |  
2019-09-04 11:46:13,502 | INFO  | DNAudit | user=null | ip=null | op=PUT_BLOCK {blockData=[blockId=conID: 1 locID: 102734074573750799 bcsId: 0,size=3145728]} | ret=SUCCESS |  
2019-09-04 11:46:13,502 [grpc-default-executor-1] INFO  client.GrpcClientProtocolClient (GrpcClientProtocolClient.java:onNext(255)) - client-D5CE890D7D9E->efcb8ff8-f060-4d95-9215-d0f5eb4af037: receive RaftClientReply:client-D5CE890D7D9E->efcb8ff8-f060-4d95-9215-d0f5eb4af037@group-0959F8DF43ED, cid=1840, SUCCESS, logIndex=2681, commits[efcb8ff8-f060-4d95-9215-d0f5eb4af037:c2682, 6fae8b02-e804-4c0e-b729-a97b7404b7f6:c2680, 4c3e8a66-6975-4917-8225-d3efe707aaff:c2680]
2019-09-04 11:46:13,503 [grpc-default-executor-1] INFO  client.GrpcClientProtocolClient (GrpcClientProtocolClient.java:onNext(255)) - client-D5CE890D7D9E->efcb8ff8-f060-4d95-9215-d0f5eb4af037: receive RaftClientReply:client-D5CE890D7D9E->efcb8ff8-f060-4d95-9215-d0f5eb4af037@group-0959F8DF43ED, cid=1841, SUCCESS, logIndex=2682, commits[efcb8ff8-f060-4d95-9215-d0f5eb4af037:c2682, 6fae8b02-e804-4c0e-b729-a97b7404b7f6:c2680, 4c3e8a66-6975-4917-8225-d3efe707aaff:c2680]
2019-09-04 11:46:13,508 | INFO  | DNAudit | user=null | ip=null | op=WRITE_CHUNK {blockData=conID: 1 locID: 102734074573750799 bcsId: 2682} | ret=SUCCESS |  
2019-09-04 11:46:13,510 | INFO  | DNAudit | user=null | ip=null | op=WRITE_CHUNK {blockData=conID: 1 locID: 102734074573750799 bcsId: 2682} | ret=SUCCESS |  
2019-09-04 11:46:13,510 | INFO  | DNAudit | user=null | ip=null | op=WRITE_CHUNK {blockData=conID: 1 locID: 102734074573750799 bcsId: 2682} | ret=SUCCESS |  
2019-09-04 11:46:13,511 | INFO  | DNAudit | user=null | ip=null | op=WRITE_CHUNK {blockData=conID: 1 locID: 102734074573750799 bcsId: 2676} | ret=SUCCESS |  
2019-09-04 11:46:13,511 | INFO  | DNAudit | user=null | ip=null | op=WRITE_CHUNK {blockData=conID: 1 locID: 102734074573750799 bcsId: 2676} | ret=SUCCESS |  
2019-09-04 11:46:13,512 | INFO  | DNAudit | user=null | ip=null | op=PUT_BLOCK {blockData=[blockId=conID: 1 locID: 102734074573750799 bcsId: 0,size=3145728]} | ret=SUCCESS |  
2019-09-04 11:46:13,513 | INFO  | DNAudit | user=null | ip=null | op=PUT_BLOCK {blockData=[blockId=conID: 1 locID: 102734074573750799 bcsId: 0,size=3145728]} | ret=SUCCESS |  
2019-09-04 11:46:13,513 | INFO  | DNAudit | user=null | ip=null | op=WRITE_CHUNK {blockData=conID: 1 locID: 102734074573750799 bcsId: 2682} | ret=SUCCESS |  
2019-09-04 11:46:13,513 | INFO  | DNAudit | user=null | ip=null | op=PUT_BLOCK {blockData=[blockId=conID: 1 locID: 102734074573750799 bcsId: 0,size=4194304]} | ret=SUCCESS |  
2019-09-04 11:46:13,513 [grpc-default-executor-6] INFO  client.GrpcClientProtocolClient (GrpcClientProtocolClient.java:onNext(255)) - client-D5CE890D7D9E->efcb8ff8-f060-4d95-9215-d0f5eb4af037: receive RaftClientReply:client-D5CE890D7D9E->efcb8ff8-f060-4d95-9215-d0f5eb4af037@group-0959F8DF43ED, cid=1842, SUCCESS, logIndex=2685, commits[efcb8ff8-f060-4d95-9215-d0f5eb4af037:c2686, 6fae8b02-e804-4c0e-b729-a97b7404b7f6:c2682, 4c3e8a66-6975-4917-8225-d3efe707aaff:c2682]
2019-09-04 11:46:13,514 [grpc-default-executor-6] INFO  client.GrpcClientProtocolClient (GrpcClientProtocolClient.java:onNext(255)) - client-D5CE890D7D9E->efcb8ff8-f060-4d95-9215-d0f5eb4af037: receive RaftClientReply:client-D5CE890D7D9E->efcb8ff8-f060-4d95-9215-d0f5eb4af037@group-0959F8DF43ED, cid=1843, SUCCESS, logIndex=2686, commits[efcb8ff8-f060-4d95-9215-d0f5eb4af037:c2686, 6fae8b02-e804-4c0e-b729-a97b7404b7f6:c2682, 4c3e8a66-6975-4917-8225-d3efe707aaff:c2682]
2019-09-04 11:46:13,519 | INFO  | DNAudit | user=null | ip=null | op=WRITE_CHUNK {blockData=conID: 1 locID: 102734074573750799 bcsId: 2682} | ret=SUCCESS |  
2019-09-04 11:46:13,519 | INFO  | DNAudit | user=null | ip=null | op=WRITE_CHUNK {blockData=conID: 1 locID: 102734074573750799 bcsId: 2682} | ret=SUCCESS |  
2019-09-04 11:46:13,520 | INFO  | DNAudit | user=null | ip=null | op=PUT_BLOCK {blockData=[blockId=conID: 1 locID: 102734074573750799 bcsId: 0,size=4194304]} | ret=SUCCESS |  
2019-09-04 11:46:13,520 | INFO  | DNAudit | user=null | ip=null | op=PUT_BLOCK {blockData=[blockId=conID: 1 locID: 102734074573750799 bcsId: 0,size=4194304]} | ret=SUCCESS |  
2019-09-04 11:46:13,521 [grpc-default-executor-6] INFO  client.GrpcClientProtocolClient (GrpcClientProtocolClient.java:onNext(255)) - client-D5CE890D7D9E->efcb8ff8-f060-4d95-9215-d0f5eb4af037: receive RaftClientReply:client-D5CE890D7D9E->efcb8ff8-f060-4d95-9215-d0f5eb4af037@group-0959F8DF43ED, cid=1844, SUCCESS, logIndex=0, commits[efcb8ff8-f060-4d95-9215-d0f5eb4af037:c2688, 6fae8b02-e804-4c0e-b729-a97b7404b7f6:c2686, 4c3e8a66-6975-4917-8225-d3efe707aaff:c2686]
2019-09-04 11:46:13,524 | INFO  | SCMAudit | user=jenkins1000 | ip=192.168.36.67 | op=ALLOCATE_BLOCK {owner=8ab292a2-aaa7-4ad8-863a-d33994811155, size=4194304, type=RATIS, factor=THREE} | ret=SUCCESS |  
2019-09-04 11:46:13,526 | INFO  | OMAudit | user=jenkins1000 | ip=127.0.0.1 | op=ALLOCATE_BLOCK {volume=vol-0-58699, bucket=bucket-0-57464, key=key-0-37266, dataSize=0, replicationType=null, replicationFactor=null, keyLocationInfo=null, clientID=102734073355960722} | ret=SUCCESS |  
2019-09-04 11:46:13,532 | INFO  | DNAudit | user=null | ip=null | op=WRITE_CHUNK {blockData=conID: 2 locID: 102734074578469392 bcsId: 0} | ret=SUCCESS |  
2019-09-04 11:46:13,535 | INFO  | DNAudit | user=null | ip=null | op=WRITE_CHUNK {blockData=conID: 2 locID: 102734074578469392 bcsId: 0} | ret=SUCCESS |  
2019-09-04 11:46:13,535 | INFO  | DNAudit | user=null | ip=null | op=WRITE_CHUNK {blockData=conID: 2 locID: 102734074578469392 bcsId: 0} | ret=SUCCESS |  
2019-09-04 11:46:13,535 | INFO  | DNAudit | user=null | ip=null | op=WRITE_CHUNK {blockData=conID: 2 locID: 102734074578469392 bcsId: 0} | ret=SUCCESS |  
2019-09-04 11:46:13,537 | INFO  | DNAudit | user=null | ip=null | op=WRITE_CHUNK {blockData=conID: 2 locID: 102734074578469392 bcsId: 0} | ret=SUCCESS |  
2019-09-04 11:46:13,537 | INFO  | DNAudit | user=null | ip=null | op=WRITE_CHUNK {blockData=conID: 2 locID: 102734074578469392 bcsId: 0} | ret=SUCCESS |  
2019-09-04 11:46:13,539 | INFO  | DNAudit | user=null | ip=null | op=WRITE_CHUNK {blockData=conID: 2 locID: 102734074578469392 bcsId: 0} | ret=SUCCESS |  
2019-09-04 11:46:13,539 | INFO  | DNAudit | user=null | ip=null | op=PUT_BLOCK {blockData=[blockId=conID: 2 locID: 102734074578469392 bcsId: 0,size=1048576]} | ret=SUCCESS |  
2019-09-04 11:46:13,539 [grpc-default-executor-5] INFO  client.GrpcClientProtocolClient (GrpcClientProtocolClient.java:onNext(255)) - client-D5CE890D7D9E->efcb8ff8-f060-4d95-9215-d0f5eb4af037: receive RaftClientReply:client-D5CE890D7D9E->efcb8ff8-f060-4d95-9215-d0f5eb4af037@group-0959F8DF43ED, cid=1845, SUCCESS, logIndex=2689, commits[efcb8ff8-f060-4d95-9215-d0f5eb4af037:c2690, 6fae8b02-e804-4c0e-b729-a97b7404b7f6:c2688, 4c3e8a66-6975-4917-8225-d3efe707aaff:c2688]
2019-09-04 11:46:13,540 | INFO  | DNAudit | user=null | ip=null | op=WRITE_CHUNK {blockData=conID: 2 locID: 102734074578469392 bcsId: 0} | ret=SUCCESS |  
2019-09-04 11:46:13,540 | INFO  | DNAudit | user=null | ip=null | op=PUT_BLOCK {blockData=[blockId=conID: 2 locID: 102734074578469392 bcsId: 0,size=2097152]} | ret=SUCCESS |  
2019-09-04 11:46:13,540 [grpc-default-executor-6] INFO  client.GrpcClientProtocolClient (GrpcClientProtocolClient.java:onNext(255)) - client-D5CE890D7D9E->efcb8ff8-f060-4d95-9215-d0f5eb4af037: receive RaftClientReply:client-D5CE890D7D9E->efcb8ff8-f060-4d95-9215-d0f5eb4af037@group-0959F8DF43ED, cid=1846, SUCCESS, logIndex=2690, commits[efcb8ff8-f060-4d95-9215-d0f5eb4af037:c2690, 6fae8b02-e804-4c0e-b729-a97b7404b7f6:c2688, 4c3e8a66-6975-4917-8225-d3efe707aaff:c2688]
2019-09-04 11:46:13,541 [grpc-default-executor-6] INFO  client.GrpcClientProtocolClient (GrpcClientProtocolClient.java:onNext(255)) - client-D5CE890D7D9E->efcb8ff8-f060-4d95-9215-d0f5eb4af037: receive RaftClientReply:client-D5CE890D7D9E->efcb8ff8-f060-4d95-9215-d0f5eb4af037@group-0959F8DF43ED, cid=1847, SUCCESS, logIndex=2691, commits[efcb8ff8-f060-4d95-9215-d0f5eb4af037:c2692, 6fae8b02-e804-4c0e-b729-a97b7404b7f6:c2688, 4c3e8a66-6975-4917-8225-d3efe707aaff:c2688]
2019-09-04 11:46:13,541 | INFO  | DNAudit | user=null | ip=null | op=WRITE_CHUNK {blockData=conID: 2 locID: 102734074578469392 bcsId: 0} | ret=SUCCESS |  
2019-09-04 11:46:13,541 [grpc-default-executor-5] INFO  client.GrpcClientProtocolClient (GrpcClientProtocolClient.java:onNext(255)) - client-D5CE890D7D9E->efcb8ff8-f060-4d95-9215-d0f5eb4af037: receive RaftClientReply:client-D5CE890D7D9E->efcb8ff8-f060-4d95-9215-d0f5eb4af037@group-0959F8DF43ED, cid=1848, SUCCESS, logIndex=2692, commits[efcb8ff8-f060-4d95-9215-d0f5eb4af037:c2692, 6fae8b02-e804-4c0e-b729-a97b7404b7f6:c2688, 4c3e8a66-6975-4917-8225-d3efe707aaff:c2688]
2019-09-04 11:46:13,541 | INFO  | DNAudit | user=null | ip=null | op=PUT_BLOCK {blockData=[blockId=conID: 2 locID: 102734074578469392 bcsId: 0,size=1048576]} | ret=SUCCESS |  
2019-09-04 11:46:13,542 | INFO  | DNAudit | user=null | ip=null | op=WRITE_CHUNK {blockData=conID: 2 locID: 102734074578469392 bcsId: 0} | ret=SUCCESS |  
2019-09-04 11:46:13,543 | INFO  | DNAudit | user=null | ip=null | op=WRITE_CHUNK {blockData=conID: 2 locID: 102734074578469392 bcsId: 0} | ret=SUCCESS |  
2019-09-04 11:46:13,543 | INFO  | DNAudit | user=null | ip=null | op=PUT_BLOCK {blockData=[blockId=conID: 2 locID: 102734074578469392 bcsId: 0,size=2097152]} | ret=SUCCESS |  
2019-09-04 11:46:13,543 | INFO  | DNAudit | user=null | ip=null | op=PUT_BLOCK {blockData=[blockId=conID: 2 locID: 102734074578469392 bcsId: 0,size=1048576]} | ret=SUCCESS |  
2019-09-04 11:46:13,543 | INFO  | DNAudit | user=null | ip=null | op=WRITE_CHUNK {blockData=conID: 2 locID: 102734074578469392 bcsId: 0} | ret=SUCCESS |  
2019-09-04 11:46:13,543 [grpc-default-executor-6] INFO  client.GrpcClientProtocolClient (GrpcClientProtocolClient.java:onNext(255)) - client-D5CE890D7D9E->efcb8ff8-f060-4d95-9215-d0f5eb4af037: receive RaftClientReply:client-D5CE890D7D9E->efcb8ff8-f060-4d95-9215-d0f5eb4af037@group-0959F8DF43ED, cid=1849, SUCCESS, logIndex=0, commits[efcb8ff8-f060-4d95-9215-d0f5eb4af037:c2695, 6fae8b02-e804-4c0e-b729-a97b7404b7f6:c2690, 4c3e8a66-6975-4917-8225-d3efe707aaff:c2691]
2019-09-04 11:46:13,543 | INFO  | DNAudit | user=null | ip=null | op=PUT_BLOCK {blockData=[blockId=conID: 2 locID: 102734074578469392 bcsId: 0,size=2097152]} | ret=SUCCESS |  
2019-09-04 11:46:13,548 | INFO  | DNAudit | user=null | ip=null | op=WRITE_CHUNK {blockData=conID: 2 locID: 102734074578469392 bcsId: 2692} | ret=SUCCESS |  
2019-09-04 11:46:13,550 | INFO  | DNAudit | user=null | ip=null | op=WRITE_CHUNK {blockData=conID: 2 locID: 102734074578469392 bcsId: 2692} | ret=SUCCESS |  
2019-09-04 11:46:13,552 | INFO  | DNAudit | user=null | ip=null | op=WRITE_CHUNK {blockData=conID: 2 locID: 102734074578469392 bcsId: 2692} | ret=SUCCESS |  
2019-09-04 11:46:13,562 | INFO  | DNAudit | user=null | ip=null | op=WRITE_CHUNK {blockData=conID: 2 locID: 102734074578469392 bcsId: 2692} | ret=SUCCESS |  
2019-09-04 11:46:13,562 | INFO  | DNAudit | user=null | ip=null | op=PUT_BLOCK {blockData=[blockId=conID: 2 locID: 102734074578469392 bcsId: 0,size=3145728]} | ret=SUCCESS |  
2019-09-04 11:46:13,562 [grpc-default-executor-1] INFO  client.GrpcClientProtocolClient (GrpcClientProtocolClient.java:onNext(255)) - client-D5CE890D7D9E->efcb8ff8-f060-4d95-9215-d0f5eb4af037: receive RaftClientReply:client-D5CE890D7D9E->efcb8ff8-f060-4d95-9215-d0f5eb4af037@group-0959F8DF43ED, cid=1850, SUCCESS, logIndex=2697, commits[efcb8ff8-f060-4d95-9215-d0f5eb4af037:c2698, 6fae8b02-e804-4c0e-b729-a97b7404b7f6:c2696, 4c3e8a66-6975-4917-8225-d3efe707aaff:c2696]
2019-09-04 11:46:13,563 [grpc-default-executor-1] INFO  client.GrpcClientProtocolClient (GrpcClientProtocolClient.java:onNext(255)) - client-D5CE890D7D9E->efcb8ff8-f060-4d95-9215-d0f5eb4af037: receive RaftClientReply:client-D5CE890D7D9E->efcb8ff8-f060-4d95-9215-d0f5eb4af037@group-0959F8DF43ED, cid=1851, SUCCESS, logIndex=2698, commits[efcb8ff8-f060-4d95-9215-d0f5eb4af037:c2698, 6fae8b02-e804-4c0e-b729-a97b7404b7f6:c2696, 4c3e8a66-6975-4917-8225-d3efe707aaff:c2696]
2019-09-04 11:46:13,568 | INFO  | DNAudit | user=null | ip=null | op=WRITE_CHUNK {blockData=conID: 2 locID: 102734074578469392 bcsId: 2698} | ret=SUCCESS |  
2019-09-04 11:46:13,570 | INFO  | DNAudit | user=null | ip=null | op=WRITE_CHUNK {blockData=conID: 2 locID: 102734074578469392 bcsId: 2692} | ret=SUCCESS |  
2019-09-04 11:46:13,570 | INFO  | DNAudit | user=null | ip=null | op=WRITE_CHUNK {blockData=conID: 2 locID: 102734074578469392 bcsId: 2698} | ret=SUCCESS |  
2019-09-04 11:46:13,570 | INFO  | DNAudit | user=null | ip=null | op=WRITE_CHUNK {blockData=conID: 2 locID: 102734074578469392 bcsId: 2692} | ret=SUCCESS |  
2019-09-04 11:46:13,570 | INFO  | DNAudit | user=null | ip=null | op=WRITE_CHUNK {blockData=conID: 2 locID: 102734074578469392 bcsId: 2698} | ret=SUCCESS |  
2019-09-04 11:46:13,571 | INFO  | DNAudit | user=null | ip=null | op=PUT_BLOCK {blockData=[blockId=conID: 2 locID: 102734074578469392 bcsId: 0,size=3145728]} | ret=SUCCESS |  
2019-09-04 11:46:13,571 | INFO  | DNAudit | user=null | ip=null | op=PUT_BLOCK {blockData=[blockId=conID: 2 locID: 102734074578469392 bcsId: 0,size=3145728]} | ret=SUCCESS |  
2019-09-04 11:46:13,572 | INFO  | DNAudit | user=null | ip=null | op=WRITE_CHUNK {blockData=conID: 2 locID: 102734074578469392 bcsId: 2698} | ret=SUCCESS |  
2019-09-04 11:46:13,573 | INFO  | DNAudit | user=null | ip=null | op=PUT_BLOCK {blockData=[blockId=conID: 2 locID: 102734074578469392 bcsId: 0,size=4194304]} | ret=SUCCESS |  
2019-09-04 11:46:13,573 [grpc-default-executor-1] INFO  client.GrpcClientProtocolClient (GrpcClientProtocolClient.java:onNext(255)) - client-D5CE890D7D9E->efcb8ff8-f060-4d95-9215-d0f5eb4af037: receive RaftClientReply:client-D5CE890D7D9E->efcb8ff8-f060-4d95-9215-d0f5eb4af037@group-0959F8DF43ED, cid=1852, SUCCESS, logIndex=2701, commits[efcb8ff8-f060-4d95-9215-d0f5eb4af037:c2702, 6fae8b02-e804-4c0e-b729-a97b7404b7f6:c2698, 4c3e8a66-6975-4917-8225-d3efe707aaff:c2698]
2019-09-04 11:46:13,573 [grpc-default-executor-1] INFO  client.GrpcClientProtocolClient (GrpcClientProtocolClient.java:onNext(255)) - client-D5CE890D7D9E->efcb8ff8-f060-4d95-9215-d0f5eb4af037: receive RaftClientReply:client-D5CE890D7D9E->efcb8ff8-f060-4d95-9215-d0f5eb4af037@group-0959F8DF43ED, cid=1853, SUCCESS, logIndex=2702, commits[efcb8ff8-f060-4d95-9215-d0f5eb4af037:c2702, 6fae8b02-e804-4c0e-b729-a97b7404b7f6:c2698, 4c3e8a66-6975-4917-8225-d3efe707aaff:c2698]
2019-09-04 11:46:13,581 | INFO  | DNAudit | user=null | ip=null | op=WRITE_CHUNK {blockData=conID: 2 locID: 102734074578469392 bcsId: 2698} | ret=SUCCESS |  
2019-09-04 11:46:13,581 | INFO  | DNAudit | user=null | ip=null | op=WRITE_CHUNK {blockData=conID: 2 locID: 102734074578469392 bcsId: 2698} | ret=SUCCESS |  
2019-09-04 11:46:13,583 | INFO  | DNAudit | user=null | ip=null | op=PUT_BLOCK {blockData=[blockId=conID: 2 locID: 102734074578469392 bcsId: 0,size=4194304]} | ret=SUCCESS |  
2019-09-04 11:46:13,583 | INFO  | DNAudit | user=null | ip=null | op=PUT_BLOCK {blockData=[blockId=conID: 2 locID: 102734074578469392 bcsId: 0,size=4194304]} | ret=SUCCESS |  
2019-09-04 11:46:13,583 [grpc-default-executor-1] INFO  client.GrpcClientProtocolClient (GrpcClientProtocolClient.java:onNext(255)) - client-D5CE890D7D9E->efcb8ff8-f060-4d95-9215-d0f5eb4af037: receive RaftClientReply:client-D5CE890D7D9E->efcb8ff8-f060-4d95-9215-d0f5eb4af037@group-0959F8DF43ED, cid=1854, SUCCESS, logIndex=0, commits[efcb8ff8-f060-4d95-9215-d0f5eb4af037:c2704, 6fae8b02-e804-4c0e-b729-a97b7404b7f6:c2702, 4c3e8a66-6975-4917-8225-d3efe707aaff:c2702]
2019-09-04 11:46:13,587 | INFO  | SCMAudit | user=jenkins1000 | ip=192.168.36.67 | op=ALLOCATE_BLOCK {owner=8ab292a2-aaa7-4ad8-863a-d33994811155, size=4194304, type=RATIS, factor=THREE} | ret=SUCCESS |  
2019-09-04 11:46:13,589 | INFO  | OMAudit | user=jenkins1000 | ip=127.0.0.1 | op=ALLOCATE_BLOCK {volume=vol-0-58699, bucket=bucket-0-57464, key=key-0-37266, dataSize=0, replicationType=null, replicationFactor=null, keyLocationInfo=null, clientID=102734073355960722} | ret=SUCCESS |  
2019-09-04 11:46:13,595 | INFO  | DNAudit | user=null | ip=null | op=WRITE_CHUNK {blockData=conID: 3 locID: 102734074582598161 bcsId: 0} | ret=SUCCESS |  
2019-09-04 11:46:13,597 | INFO  | DNAudit | user=null | ip=null | op=WRITE_CHUNK {blockData=conID: 3 locID: 102734074582598161 bcsId: 0} | ret=SUCCESS |  
2019-09-04 11:46:13,597 | INFO  | DNAudit | user=null | ip=null | op=WRITE_CHUNK {blockData=conID: 3 locID: 102734074582598161 bcsId: 0} | ret=SUCCESS |  
2019-09-04 11:46:13,598 | INFO  | DNAudit | user=null | ip=null | op=WRITE_CHUNK {blockData=conID: 3 locID: 102734074582598161 bcsId: 0} | ret=SUCCESS |  
2019-09-04 11:46:13,599 | INFO  | DNAudit | user=null | ip=null | op=WRITE_CHUNK {blockData=conID: 3 locID: 102734074582598161 bcsId: 0} | ret=SUCCESS |  
2019-09-04 11:46:13,599 | INFO  | DNAudit | user=null | ip=null | op=WRITE_CHUNK {blockData=conID: 3 locID: 102734074582598161 bcsId: 0} | ret=SUCCESS |  
2019-09-04 11:46:13,637 | INFO  | DNAudit | user=null | ip=null | op=WRITE_CHUNK {blockData=conID: 3 locID: 102734074582598161 bcsId: 0} | ret=SUCCESS |  
2019-09-04 11:46:13,638 | INFO  | DNAudit | user=null | ip=null | op=PUT_BLOCK {blockData=[blockId=conID: 3 locID: 102734074582598161 bcsId: 0,size=1048576]} | ret=SUCCESS |  
2019-09-04 11:46:13,638 [grpc-default-executor-1] INFO  client.GrpcClientProtocolClient (GrpcClientProtocolClient.java:onNext(255)) - client-D5CE890D7D9E->efcb8ff8-f060-4d95-9215-d0f5eb4af037: receive RaftClientReply:client-D5CE890D7D9E->efcb8ff8-f060-4d95-9215-d0f5eb4af037@group-0959F8DF43ED, cid=1855, SUCCESS, logIndex=2705, commits[efcb8ff8-f060-4d95-9215-d0f5eb4af037:c2706, 6fae8b02-e804-4c0e-b729-a97b7404b7f6:c2704, 4c3e8a66-6975-4917-8225-d3efe707aaff:c2704]
2019-09-04 11:46:13,638 [grpc-default-executor-1] INFO  client.GrpcClientProtocolClient (GrpcClientProtocolClient.java:onNext(255)) - client-D5CE890D7D9E->efcb8ff8-f060-4d95-9215-d0f5eb4af037: receive RaftClientReply:client-D5CE890D7D9E->efcb8ff8-f060-4d95-9215-d0f5eb4af037@group-0959F8DF43ED, cid=1856, SUCCESS, logIndex=2706, commits[efcb8ff8-f060-4d95-9215-d0f5eb4af037:c2706, 6fae8b02-e804-4c0e-b729-a97b7404b7f6:c2704, 4c3e8a66-6975-4917-8225-d3efe707aaff:c2704]
2019-09-04 11:46:13,642 | INFO  | DNAudit | user=null | ip=null | op=WRITE_CHUNK {blockData=conID: 3 locID: 102734074582598161 bcsId: 0} | ret=SUCCESS |  
2019-09-04 11:46:13,642 | INFO  | DNAudit | user=null | ip=null | op=PUT_BLOCK {blockData=[blockId=conID: 3 locID: 102734074582598161 bcsId: 0,size=2097152]} | ret=SUCCESS |  
2019-09-04 11:46:13,643 [grpc-default-executor-1] INFO  client.GrpcClientProtocolClient (GrpcClientProtocolClient.java:onNext(255)) - client-D5CE890D7D9E->efcb8ff8-f060-4d95-9215-d0f5eb4af037: receive RaftClientReply:client-D5CE890D7D9E->efcb8ff8-f060-4d95-9215-d0f5eb4af037@group-0959F8DF43ED, cid=1857, SUCCESS, logIndex=2707, commits[efcb8ff8-f060-4d95-9215-d0f5eb4af037:c2708, 6fae8b02-e804-4c0e-b729-a97b7404b7f6:c2704, 4c3e8a66-6975-4917-8225-d3efe707aaff:c2704]
2019-09-04 11:46:13,643 | INFO  | DNAudit | user=null | ip=null | op=WRITE_CHUNK {blockData=conID: 3 locID: 102734074582598161 bcsId: 0} | ret=SUCCESS |  
2019-09-04 11:46:13,643 [grpc-default-executor-1] INFO  client.GrpcClientProtocolClient (GrpcClientProtocolClient.java:onNext(255)) - client-D5CE890D7D9E->efcb8ff8-f060-4d95-9215-d0f5eb4af037: receive RaftClientReply:client-D5CE890D7D9E->efcb8ff8-f060-4d95-9215-d0f5eb4af037@group-0959F8DF43ED, cid=1858, SUCCESS, logIndex=2708, commits[efcb8ff8-f060-4d95-9215-d0f5eb4af037:c2708, 6fae8b02-e804-4c0e-b729-a97b7404b7f6:c2704, 4c3e8a66-6975-4917-8225-d3efe707aaff:c2704]
2019-09-04 11:46:13,644 | INFO  | DNAudit | user=null | ip=null | op=PUT_BLOCK {blockData=[blockId=conID: 3 locID: 102734074582598161 bcsId: 0,size=1048576]} | ret=SUCCESS |  
2019-09-04 11:46:13,645 | INFO  | DNAudit | user=null | ip=null | op=WRITE_CHUNK {blockData=conID: 3 locID: 102734074582598161 bcsId: 0} | ret=SUCCESS |  
2019-09-04 11:46:13,645 | INFO  | DNAudit | user=null | ip=null | op=PUT_BLOCK {blockData=[blockId=conID: 3 locID: 102734074582598161 bcsId: 0,size=2097152]} | ret=SUCCESS |  
2019-09-04 11:46:13,645 | INFO  | DNAudit | user=null | ip=null | op=WRITE_CHUNK {blockData=conID: 3 locID: 102734074582598161 bcsId: 0} | ret=SUCCESS |  
2019-09-04 11:46:13,645 | INFO  | DNAudit | user=null | ip=null | op=PUT_BLOCK {blockData=[blockId=conID: 3 locID: 102734074582598161 bcsId: 0,size=1048576]} | ret=SUCCESS |  
2019-09-04 11:46:13,645 | INFO  | DNAudit | user=null | ip=null | op=WRITE_CHUNK {blockData=conID: 3 locID: 102734074582598161 bcsId: 0} | ret=SUCCESS |  
2019-09-04 11:46:13,645 | INFO  | DNAudit | user=null | ip=null | op=PUT_BLOCK {blockData=[blockId=conID: 3 locID: 102734074582598161 bcsId: 0,size=2097152]} | ret=SUCCESS |  
2019-09-04 11:46:13,646 [grpc-default-executor-1] INFO  client.GrpcClientProtocolClient (GrpcClientProtocolClient.java:onNext(255)) - client-D5CE890D7D9E->efcb8ff8-f060-4d95-9215-d0f5eb4af037: receive RaftClientReply:client-D5CE890D7D9E->efcb8ff8-f060-4d95-9215-d0f5eb4af037@group-0959F8DF43ED, cid=1859, SUCCESS, logIndex=0, commits[efcb8ff8-f060-4d95-9215-d0f5eb4af037:c2711, 6fae8b02-e804-4c0e-b729-a97b7404b7f6:c2706, 4c3e8a66-6975-4917-8225-d3efe707aaff:c2708]
2019-09-04 11:46:13,652 | INFO  | DNAudit | user=null | ip=null | op=WRITE_CHUNK {blockData=conID: 3 locID: 102734074582598161 bcsId: 2708} | ret=SUCCESS |  
2019-09-04 11:46:13,654 | INFO  | DNAudit | user=null | ip=null | op=WRITE_CHUNK {blockData=conID: 3 locID: 102734074582598161 bcsId: 2708} | ret=SUCCESS |  
2019-09-04 11:46:13,654 | INFO  | DNAudit | user=null | ip=null | op=WRITE_CHUNK {blockData=conID: 3 locID: 102734074582598161 bcsId: 2708} | ret=SUCCESS |  
2019-09-04 11:46:13,663 | INFO  | DNAudit | user=null | ip=null | op=WRITE_CHUNK {blockData=conID: 3 locID: 102734074582598161 bcsId: 2708} | ret=SUCCESS |  
2019-09-04 11:46:13,663 | INFO  | DNAudit | user=null | ip=null | op=PUT_BLOCK {blockData=[blockId=conID: 3 locID: 102734074582598161 bcsId: 0,size=3145728]} | ret=SUCCESS |  
2019-09-04 11:46:13,663 [grpc-default-executor-6] INFO  client.GrpcClientProtocolClient (GrpcClientProtocolClient.java:onNext(255)) - client-D5CE890D7D9E->efcb8ff8-f060-4d95-9215-d0f5eb4af037: receive RaftClientReply:client-D5CE890D7D9E->efcb8ff8-f060-4d95-9215-d0f5eb4af037@group-0959F8DF43ED, cid=1860, SUCCESS, logIndex=2712, commits[efcb8ff8-f060-4d95-9215-d0f5eb4af037:c2713, 6fae8b02-e804-4c0e-b729-a97b7404b7f6:c2711, 4c3e8a66-6975-4917-8225-d3efe707aaff:c2711]
2019-09-04 11:46:13,664 [grpc-default-executor-6] INFO  client.GrpcClientProtocolClient (GrpcClientProtocolClient.java:onNext(255)) - client-D5CE890D7D9E->efcb8ff8-f060-4d95-9215-d0f5eb4af037: receive RaftClientReply:client-D5CE890D7D9E->efcb8ff8-f060-4d95-9215-d0f5eb4af037@group-0959F8DF43ED, cid=1861, SUCCESS, logIndex=2713, commits[efcb8ff8-f060-4d95-9215-d0f5eb4af037:c2713, 6fae8b02-e804-4c0e-b729-a97b7404b7f6:c2711, 4c3e8a66-6975-4917-8225-d3efe707aaff:c2711]
2019-09-04 11:46:13,670 | INFO  | DNAudit | user=null | ip=null | op=WRITE_CHUNK {blockData=conID: 3 locID: 102734074582598161 bcsId: 2713} | ret=SUCCESS |  
2019-09-04 11:46:13,671 | INFO  | DNAudit | user=null | ip=null | op=WRITE_CHUNK {blockData=conID: 3 locID: 102734074582598161 bcsId: 2713} | ret=SUCCESS |  
2019-09-04 11:46:13,671 | INFO  | DNAudit | user=null | ip=null | op=WRITE_CHUNK {blockData=conID: 3 locID: 102734074582598161 bcsId: 2713} | ret=SUCCESS |  
2019-09-04 11:46:13,675 | INFO  | DNAudit | user=null | ip=null | op=WRITE_CHUNK {blockData=conID: 3 locID: 102734074582598161 bcsId: 2708} | ret=SUCCESS |  
2019-09-04 11:46:13,675 | INFO  | DNAudit | user=null | ip=null | op=WRITE_CHUNK {blockData=conID: 3 locID: 102734074582598161 bcsId: 2708} | ret=SUCCESS |  
2019-09-04 11:46:13,675 | INFO  | DNAudit | user=null | ip=null | op=PUT_BLOCK {blockData=[blockId=conID: 3 locID: 102734074582598161 bcsId: 0,size=3145728]} | ret=SUCCESS |  
2019-09-04 11:46:13,676 | INFO  | DNAudit | user=null | ip=null | op=PUT_BLOCK {blockData=[blockId=conID: 3 locID: 102734074582598161 bcsId: 0,size=3145728]} | ret=SUCCESS |  
2019-09-04 11:46:13,677 | INFO  | DNAudit | user=null | ip=null | op=WRITE_CHUNK {blockData=conID: 3 locID: 102734074582598161 bcsId: 2713} | ret=SUCCESS |  
2019-09-04 11:46:13,677 | INFO  | DNAudit | user=null | ip=null | op=PUT_BLOCK {blockData=[blockId=conID: 3 locID: 102734074582598161 bcsId: 0,size=4194304]} | ret=SUCCESS |  
2019-09-04 11:46:13,678 [grpc-default-executor-1] INFO  client.GrpcClientProtocolClient (GrpcClientProtocolClient.java:onNext(255)) - client-D5CE890D7D9E->efcb8ff8-f060-4d95-9215-d0f5eb4af037: receive RaftClientReply:client-D5CE890D7D9E->efcb8ff8-f060-4d95-9215-d0f5eb4af037@group-0959F8DF43ED, cid=1862, SUCCESS, logIndex=2716, commits[efcb8ff8-f060-4d95-9215-d0f5eb4af037:c2717, 6fae8b02-e804-4c0e-b729-a97b7404b7f6:c2713, 4c3e8a66-6975-4917-8225-d3efe707aaff:c2713]
2019-09-04 11:46:13,678 [grpc-default-executor-1] INFO  client.GrpcClientProtocolClient (GrpcClientProtocolClient.java:onNext(255)) - client-D5CE890D7D9E->efcb8ff8-f060-4d95-9215-d0f5eb4af037: receive RaftClientReply:client-D5CE890D7D9E->efcb8ff8-f060-4d95-9215-d0f5eb4af037@group-0959F8DF43ED, cid=1863, SUCCESS, logIndex=2717, commits[efcb8ff8-f060-4d95-9215-d0f5eb4af037:c2717, 6fae8b02-e804-4c0e-b729-a97b7404b7f6:c2713, 4c3e8a66-6975-4917-8225-d3efe707aaff:c2713]
2019-09-04 11:46:13,689 | INFO  | DNAudit | user=null | ip=null | op=WRITE_CHUNK {blockData=conID: 3 locID: 102734074582598161 bcsId: 2713} | ret=SUCCESS |  
2019-09-04 11:46:13,689 | INFO  | DNAudit | user=null | ip=null | op=WRITE_CHUNK {blockData=conID: 3 locID: 102734074582598161 bcsId: 2713} | ret=SUCCESS |  
2019-09-04 11:46:13,689 | INFO  | DNAudit | user=null | ip=null | op=PUT_BLOCK {blockData=[blockId=conID: 3 locID: 102734074582598161 bcsId: 0,size=4194304]} | ret=SUCCESS |  
2019-09-04 11:46:13,689 | INFO  | DNAudit | user=null | ip=null | op=PUT_BLOCK {blockData=[blockId=conID: 3 locID: 102734074582598161 bcsId: 0,size=4194304]} | ret=SUCCESS |  
2019-09-04 11:46:13,689 [grpc-default-executor-1] INFO  client.GrpcClientProtocolClient (GrpcClientProtocolClient.java:onNext(255)) - client-D5CE890D7D9E->efcb8ff8-f060-4d95-9215-d0f5eb4af037: receive RaftClientReply:client-D5CE890D7D9E->efcb8ff8-f060-4d95-9215-d0f5eb4af037@group-0959F8DF43ED, cid=1864, SUCCESS, logIndex=0, commits[efcb8ff8-f060-4d95-9215-d0f5eb4af037:c2717, 6fae8b02-e804-4c0e-b729-a97b7404b7f6:c2717, 4c3e8a66-6975-4917-8225-d3efe707aaff:c2717]
2019-09-04 11:46:13,693 | INFO  | SCMAudit | user=jenkins1000 | ip=192.168.36.67 | op=ALLOCATE_BLOCK {owner=8ab292a2-aaa7-4ad8-863a-d33994811155, size=4194304, type=RATIS, factor=THREE} | ret=SUCCESS |  
2019-09-04 11:46:13,695 | INFO  | OMAudit | user=jenkins1000 | ip=127.0.0.1 | op=ALLOCATE_BLOCK {volume=vol-0-58699, bucket=bucket-0-57464, key=key-0-37266, dataSize=0, replicationType=null, replicationFactor=null, keyLocationInfo=null, clientID=102734073355960722} | ret=SUCCESS |  
2019-09-04 11:46:13,702 | INFO  | DNAudit | user=null | ip=null | op=WRITE_CHUNK {blockData=conID: 1 locID: 102734074589544978 bcsId: 0} | ret=SUCCESS |  
2019-09-04 11:46:13,703 | INFO  | DNAudit | user=null | ip=null | op=WRITE_CHUNK {blockData=conID: 1 locID: 102734074589544978 bcsId: 0} | ret=SUCCESS |  
2019-09-04 11:46:13,704 | INFO  | DNAudit | user=null | ip=null | op=WRITE_CHUNK {blockData=conID: 1 locID: 102734074589544978 bcsId: 0} | ret=SUCCESS |  
2019-09-04 11:46:13,704 | INFO  | DNAudit | user=null | ip=null | op=WRITE_CHUNK {blockData=conID: 1 locID: 102734074589544978 bcsId: 0} | ret=SUCCESS |  
2019-09-04 11:46:13,706 | INFO  | DNAudit | user=null | ip=null | op=WRITE_CHUNK {blockData=conID: 1 locID: 102734074589544978 bcsId: 0} | ret=SUCCESS |  
2019-09-04 11:46:13,706 | INFO  | DNAudit | user=null | ip=null | op=WRITE_CHUNK {blockData=conID: 1 locID: 102734074589544978 bcsId: 0} | ret=SUCCESS |  
2019-09-04 11:46:13,735 | INFO  | SCMAudit | user=jenkins1000 | ip=192.168.36.67 | op=SEND_HEARTBEAT {datanodeUUID=6fae8b02-e804-4c0e-b729-a97b7404b7f6, command=[]} | ret=SUCCESS |  
2019-09-04 11:46:13,735 | INFO  | SCMAudit | user=jenkins1000 | ip=192.168.36.67 | op=SEND_HEARTBEAT {datanodeUUID=4c3e8a66-6975-4917-8225-d3efe707aaff, command=[]} | ret=SUCCESS |  
2019-09-04 11:46:13,736 | INFO  | SCMAudit | user=jenkins1000 | ip=192.168.36.67 | op=SEND_HEARTBEAT {datanodeUUID=0b776101-1d39-4f23-96c0-6a8ead31197c, command=[]} | ret=SUCCESS |  
2019-09-04 11:46:13,736 | INFO  | SCMAudit | user=jenkins1000 | ip=192.168.36.67 | op=SEND_HEARTBEAT {datanodeUUID=efcb8ff8-f060-4d95-9215-d0f5eb4af037, command=[]} | ret=SUCCESS |  
2019-09-04 11:46:13,797 | INFO  | DNAudit | user=null | ip=null | op=WRITE_CHUNK {blockData=conID: 1 locID: 102734074589544978 bcsId: 0} | ret=SUCCESS |  
2019-09-04 11:46:13,798 | INFO  | DNAudit | user=null | ip=null | op=PUT_BLOCK {blockData=[blockId=conID: 1 locID: 102734074589544978 bcsId: 0,size=1048576]} | ret=SUCCESS |  
2019-09-04 11:46:13,798 [grpc-default-executor-6] INFO  client.GrpcClientProtocolClient (GrpcClientProtocolClient.java:onNext(255)) - client-D5CE890D7D9E->efcb8ff8-f060-4d95-9215-d0f5eb4af037: receive RaftClientReply:client-D5CE890D7D9E->efcb8ff8-f060-4d95-9215-d0f5eb4af037@group-0959F8DF43ED, cid=1865, SUCCESS, logIndex=2720, commits[efcb8ff8-f060-4d95-9215-d0f5eb4af037:c2722, 6fae8b02-e804-4c0e-b729-a97b7404b7f6:c2719, 4c3e8a66-6975-4917-8225-d3efe707aaff:c2719]
2019-09-04 11:46:13,798 | INFO  | DNAudit | user=null | ip=null | op=WRITE_CHUNK {blockData=conID: 1 locID: 102734074589544978 bcsId: 0} | ret=SUCCESS |  
2019-09-04 11:46:13,799 [grpc-default-executor-6] INFO  client.GrpcClientProtocolClient (GrpcClientProtocolClient.java:onNext(255)) - client-D5CE890D7D9E->efcb8ff8-f060-4d95-9215-d0f5eb4af037: receive RaftClientReply:client-D5CE890D7D9E->efcb8ff8-f060-4d95-9215-d0f5eb4af037@group-0959F8DF43ED, cid=1866, SUCCESS, logIndex=2721, commits[efcb8ff8-f060-4d95-9215-d0f5eb4af037:c2723, 6fae8b02-e804-4c0e-b729-a97b7404b7f6:c2719, 4c3e8a66-6975-4917-8225-d3efe707aaff:c2719]
2019-09-04 11:46:13,799 | INFO  | DNAudit | user=null | ip=null | op=PUT_BLOCK {blockData=[blockId=conID: 1 locID: 102734074589544978 bcsId: 0,size=2097152]} | ret=SUCCESS |  
2019-09-04 11:46:13,799 [grpc-default-executor-6] INFO  client.GrpcClientProtocolClient (GrpcClientProtocolClient.java:onNext(255)) - client-D5CE890D7D9E->efcb8ff8-f060-4d95-9215-d0f5eb4af037: receive RaftClientReply:client-D5CE890D7D9E->efcb8ff8-f060-4d95-9215-d0f5eb4af037@group-0959F8DF43ED, cid=1867, SUCCESS, logIndex=2722, commits[efcb8ff8-f060-4d95-9215-d0f5eb4af037:c2723, 6fae8b02-e804-4c0e-b729-a97b7404b7f6:c2719, 4c3e8a66-6975-4917-8225-d3efe707aaff:c2719]
2019-09-04 11:46:13,799 [grpc-default-executor-6] INFO  client.GrpcClientProtocolClient (GrpcClientProtocolClient.java:onNext(255)) - client-D5CE890D7D9E->efcb8ff8-f060-4d95-9215-d0f5eb4af037: receive RaftClientReply:client-D5CE890D7D9E->efcb8ff8-f060-4d95-9215-d0f5eb4af037@group-0959F8DF43ED, cid=1868, SUCCESS, logIndex=2723, commits[efcb8ff8-f060-4d95-9215-d0f5eb4af037:c2723, 6fae8b02-e804-4c0e-b729-a97b7404b7f6:c2719, 4c3e8a66-6975-4917-8225-d3efe707aaff:c2719]
2019-09-04 11:46:13,817 | INFO  | DNAudit | user=null | ip=null | op=WRITE_CHUNK {blockData=conID: 1 locID: 102734074589544978 bcsId: 0} | ret=SUCCESS |  
2019-09-04 11:46:13,817 | INFO  | DNAudit | user=null | ip=null | op=PUT_BLOCK {blockData=[blockId=conID: 1 locID: 102734074589544978 bcsId: 0,size=1048576]} | ret=SUCCESS |  
2019-09-04 11:46:13,827 | INFO  | DNAudit | user=null | ip=null | op=WRITE_CHUNK {blockData=conID: 1 locID: 102734074589544978 bcsId: 0} | ret=SUCCESS |  
2019-09-04 11:46:13,827 | INFO  | DNAudit | user=null | ip=null | op=WRITE_CHUNK {blockData=conID: 1 locID: 102734074589544978 bcsId: 0} | ret=SUCCESS |  
2019-09-04 11:46:13,828 | INFO  | DNAudit | user=null | ip=null | op=PUT_BLOCK {blockData=[blockId=conID: 1 locID: 102734074589544978 bcsId: 0,size=2097152]} | ret=SUCCESS |  
2019-09-04 11:46:13,828 | INFO  | DNAudit | user=null | ip=null | op=PUT_BLOCK {blockData=[blockId=conID: 1 locID: 102734074589544978 bcsId: 0,size=1048576]} | ret=SUCCESS |  
2019-09-04 11:46:13,828 | INFO  | DNAudit | user=null | ip=null | op=WRITE_CHUNK {blockData=conID: 1 locID: 102734074589544978 bcsId: 0} | ret=SUCCESS |  
2019-09-04 11:46:13,828 [grpc-default-executor-1] INFO  client.GrpcClientProtocolClient (GrpcClientProtocolClient.java:onNext(255)) - client-D5CE890D7D9E->efcb8ff8-f060-4d95-9215-d0f5eb4af037: receive RaftClientReply:client-D5CE890D7D9E->efcb8ff8-f060-4d95-9215-d0f5eb4af037@group-0959F8DF43ED, cid=1869, SUCCESS, logIndex=0, commits[efcb8ff8-f060-4d95-9215-d0f5eb4af037:c2725, 6fae8b02-e804-4c0e-b729-a97b7404b7f6:c2721, 4c3e8a66-6975-4917-8225-d3efe707aaff:c2721]
2019-09-04 11:46:13,828 | INFO  | DNAudit | user=null | ip=null | op=PUT_BLOCK {blockData=[blockId=conID: 1 locID: 102734074589544978 bcsId: 0,size=2097152]} | ret=SUCCESS |  
2019-09-04 11:46:13,836 | INFO  | DNAudit | user=null | ip=null | op=WRITE_CHUNK {blockData=conID: 1 locID: 102734074589544978 bcsId: 2723} | ret=SUCCESS |  
2019-09-04 11:46:13,839 | INFO  | DNAudit | user=null | ip=null | op=WRITE_CHUNK {blockData=conID: 1 locID: 102734074589544978 bcsId: 2723} | ret=SUCCESS |  
2019-09-04 11:46:13,840 | INFO  | DNAudit | user=null | ip=null | op=WRITE_CHUNK {blockData=conID: 1 locID: 102734074589544978 bcsId: 2723} | ret=SUCCESS |  
2019-09-04 11:46:13,856 | INFO  | DNAudit | user=null | ip=null | op=WRITE_CHUNK {blockData=conID: 1 locID: 102734074589544978 bcsId: 2723} | ret=SUCCESS |  
2019-09-04 11:46:13,856 | INFO  | DNAudit | user=null | ip=null | op=PUT_BLOCK {blockData=[blockId=conID: 1 locID: 102734074589544978 bcsId: 0,size=3145728]} | ret=SUCCESS |  
2019-09-04 11:46:13,857 [grpc-default-executor-0] INFO  client.GrpcClientProtocolClient (GrpcClientProtocolClient.java:onNext(255)) - client-D5CE890D7D9E->efcb8ff8-f060-4d95-9215-d0f5eb4af037: receive RaftClientReply:client-D5CE890D7D9E->efcb8ff8-f060-4d95-9215-d0f5eb4af037@group-0959F8DF43ED, cid=1870, SUCCESS, logIndex=2728, commits[efcb8ff8-f060-4d95-9215-d0f5eb4af037:c2729, 6fae8b02-e804-4c0e-b729-a97b7404b7f6:c2727, 4c3e8a66-6975-4917-8225-d3efe707aaff:c2727]
2019-09-04 11:46:13,857 [grpc-default-executor-0] INFO  client.GrpcClientProtocolClient (GrpcClientProtocolClient.java:onNext(255)) - client-D5CE890D7D9E->efcb8ff8-f060-4d95-9215-d0f5eb4af037: receive RaftClientReply:client-D5CE890D7D9E->efcb8ff8-f060-4d95-9215-d0f5eb4af037@group-0959F8DF43ED, cid=1871, SUCCESS, logIndex=2729, commits[efcb8ff8-f060-4d95-9215-d0f5eb4af037:c2729, 6fae8b02-e804-4c0e-b729-a97b7404b7f6:c2727, 4c3e8a66-6975-4917-8225-d3efe707aaff:c2727]
2019-09-04 11:46:13,864 | INFO  | DNAudit | user=null | ip=null | op=WRITE_CHUNK {blockData=conID: 1 locID: 102734074589544978 bcsId: 2729} | ret=SUCCESS |  
2019-09-04 11:46:13,866 | INFO  | DNAudit | user=null | ip=null | op=WRITE_CHUNK {blockData=conID: 1 locID: 102734074589544978 bcsId: 2723} | ret=SUCCESS |  
2019-09-04 11:46:13,866 | INFO  | DNAudit | user=null | ip=null | op=WRITE_CHUNK {blockData=conID: 1 locID: 102734074589544978 bcsId: 2723} | ret=SUCCESS |  
2019-09-04 11:46:13,866 | INFO  | DNAudit | user=null | ip=null | op=WRITE_CHUNK {blockData=conID: 1 locID: 102734074589544978 bcsId: 2729} | ret=SUCCESS |  
2019-09-04 11:46:13,866 | INFO  | DNAudit | user=null | ip=null | op=WRITE_CHUNK {blockData=conID: 1 locID: 102734074589544978 bcsId: 2729} | ret=SUCCESS |  
2019-09-04 11:46:13,874 | INFO  | DNAudit | user=null | ip=null | op=PUT_BLOCK {blockData=[blockId=conID: 1 locID: 102734074589544978 bcsId: 0,size=3145728]} | ret=SUCCESS |  
2019-09-04 11:46:13,875 | INFO  | DNAudit | user=null | ip=null | op=PUT_BLOCK {blockData=[blockId=conID: 1 locID: 102734074589544978 bcsId: 0,size=3145728]} | ret=SUCCESS |  
2019-09-04 11:46:13,875 | INFO  | DNAudit | user=null | ip=null | op=WRITE_CHUNK {blockData=conID: 1 locID: 102734074589544978 bcsId: 2729} | ret=SUCCESS |  
2019-09-04 11:46:13,875 | INFO  | DNAudit | user=null | ip=null | op=PUT_BLOCK {blockData=[blockId=conID: 1 locID: 102734074589544978 bcsId: 0,size=4194304]} | ret=SUCCESS |  
2019-09-04 11:46:13,875 [grpc-default-executor-0] INFO  client.GrpcClientProtocolClient (GrpcClientProtocolClient.java:onNext(255)) - client-D5CE890D7D9E->efcb8ff8-f060-4d95-9215-d0f5eb4af037: receive RaftClientReply:client-D5CE890D7D9E->efcb8ff8-f060-4d95-9215-d0f5eb4af037@group-0959F8DF43ED, cid=1872, SUCCESS, logIndex=2732, commits[efcb8ff8-f060-4d95-9215-d0f5eb4af037:c2733, 6fae8b02-e804-4c0e-b729-a97b7404b7f6:c2729, 4c3e8a66-6975-4917-8225-d3efe707aaff:c2729]
2019-09-04 11:46:13,876 [grpc-default-executor-0] INFO  client.GrpcClientProtocolClient (GrpcClientProtocolClient.java:onNext(255)) - client-D5CE890D7D9E->efcb8ff8-f060-4d95-9215-d0f5eb4af037: receive RaftClientReply:client-D5CE890D7D9E->efcb8ff8-f060-4d95-9215-d0f5eb4af037@group-0959F8DF43ED, cid=1873, SUCCESS, logIndex=2733, commits[efcb8ff8-f060-4d95-9215-d0f5eb4af037:c2733, 6fae8b02-e804-4c0e-b729-a97b7404b7f6:c2729, 4c3e8a66-6975-4917-8225-d3efe707aaff:c2729]
2019-09-04 11:46:13,888 | INFO  | DNAudit | user=null | ip=null | op=WRITE_CHUNK {blockData=conID: 1 locID: 102734074589544978 bcsId: 2729} | ret=SUCCESS |  
2019-09-04 11:46:13,888 | INFO  | DNAudit | user=null | ip=null | op=WRITE_CHUNK {blockData=conID: 1 locID: 102734074589544978 bcsId: 2729} | ret=SUCCESS |  
2019-09-04 11:46:13,888 | INFO  | DNAudit | user=null | ip=null | op=PUT_BLOCK {blockData=[blockId=conID: 1 locID: 102734074589544978 bcsId: 0,size=4194304]} | ret=SUCCESS |  
2019-09-04 11:46:13,888 | INFO  | DNAudit | user=null | ip=null | op=PUT_BLOCK {blockData=[blockId=conID: 1 locID: 102734074589544978 bcsId: 0,size=4194304]} | ret=SUCCESS |  
2019-09-04 11:46:13,888 [grpc-default-executor-0] INFO  client.GrpcClientProtocolClient (GrpcClientProtocolClient.java:onNext(255)) - client-D5CE890D7D9E->efcb8ff8-f060-4d95-9215-d0f5eb4af037: receive RaftClientReply:client-D5CE890D7D9E->efcb8ff8-f060-4d95-9215-d0f5eb4af037@group-0959F8DF43ED, cid=1874, SUCCESS, logIndex=0, commits[efcb8ff8-f060-4d95-9215-d0f5eb4af037:c2734, 6fae8b02-e804-4c0e-b729-a97b7404b7f6:c2733, 4c3e8a66-6975-4917-8225-d3efe707aaff:c2733]
2019-09-04 11:46:13,893 | INFO  | SCMAudit | user=jenkins1000 | ip=192.168.36.67 | op=ALLOCATE_BLOCK {owner=8ab292a2-aaa7-4ad8-863a-d33994811155, size=4194304, type=RATIS, factor=THREE} | ret=SUCCESS |  
2019-09-04 11:46:13,896 | INFO  | OMAudit | user=jenkins1000 | ip=127.0.0.1 | op=ALLOCATE_BLOCK {volume=vol-0-58699, bucket=bucket-0-57464, key=key-0-37266, dataSize=0, replicationType=null, replicationFactor=null, keyLocationInfo=null, clientID=102734073355960722} | ret=SUCCESS |  
2019-09-04 11:46:13,904 | INFO  | DNAudit | user=null | ip=null | op=WRITE_CHUNK {blockData=conID: 2 locID: 102734074602652179 bcsId: 0} | ret=SUCCESS |  
 0.00% |█                                                                                                    |  0/1 Time: 0:00:192019-09-04 11:46:13,907 | INFO  | DNAudit | user=null | ip=null | op=WRITE_CHUNK {blockData=conID: 2 locID: 102734074602652179 bcsId: 0} | ret=SUCCESS |  
2019-09-04 11:46:13,907 | INFO  | DNAudit | user=null | ip=null | op=WRITE_CHUNK {blockData=conID: 2 locID: 102734074602652179 bcsId: 0} | ret=SUCCESS |  
2019-09-04 11:46:13,907 | INFO  | DNAudit | user=null | ip=null | op=WRITE_CHUNK {blockData=conID: 2 locID: 102734074602652179 bcsId: 0} | ret=SUCCESS |  
2019-09-04 11:46:13,909 | INFO  | DNAudit | user=null | ip=null | op=WRITE_CHUNK {blockData=conID: 2 locID: 102734074602652179 bcsId: 0} | ret=SUCCESS |  
2019-09-04 11:46:13,909 | INFO  | DNAudit | user=null | ip=null | op=WRITE_CHUNK {blockData=conID: 2 locID: 102734074602652179 bcsId: 0} | ret=SUCCESS |  
2019-09-04 11:46:13,910 | INFO  | DNAudit | user=null | ip=null | op=WRITE_CHUNK {blockData=conID: 2 locID: 102734074602652179 bcsId: 0} | ret=SUCCESS |  
2019-09-04 11:46:13,910 | INFO  | DNAudit | user=null | ip=null | op=PUT_BLOCK {blockData=[blockId=conID: 2 locID: 102734074602652179 bcsId: 0,size=1048576]} | ret=SUCCESS |  
2019-09-04 11:46:13,910 [grpc-default-executor-6] INFO  client.GrpcClientProtocolClient (GrpcClientProtocolClient.java:onNext(255)) - client-D5CE890D7D9E->efcb8ff8-f060-4d95-9215-d0f5eb4af037: receive RaftClientReply:client-D5CE890D7D9E->efcb8ff8-f060-4d95-9215-d0f5eb4af037@group-0959F8DF43ED, cid=1875, SUCCESS, logIndex=2735, commits[efcb8ff8-f060-4d95-9215-d0f5eb4af037:c2736, 6fae8b02-e804-4c0e-b729-a97b7404b7f6:c2734, 4c3e8a66-6975-4917-8225-d3efe707aaff:c2734]
2019-09-04 11:46:13,911 [grpc-default-executor-6] INFO  client.GrpcClientProtocolClient (GrpcClientProtocolClient.java:onNext(255)) - client-D5CE890D7D9E->efcb8ff8-f060-4d95-9215-d0f5eb4af037: receive RaftClientReply:client-D5CE890D7D9E->efcb8ff8-f060-4d95-9215-d0f5eb4af037@group-0959F8DF43ED, cid=1876, SUCCESS, logIndex=2736, commits[efcb8ff8-f060-4d95-9215-d0f5eb4af037:c2736, 6fae8b02-e804-4c0e-b729-a97b7404b7f6:c2734, 4c3e8a66-6975-4917-8225-d3efe707aaff:c2734]
2019-09-04 11:46:13,918 | INFO  | DNAudit | user=null | ip=null | op=WRITE_CHUNK {blockData=conID: 2 locID: 102734074602652179 bcsId: 0} | ret=SUCCESS |  
2019-09-04 11:46:13,918 | INFO  | DNAudit | user=null | ip=null | op=WRITE_CHUNK {blockData=conID: 2 locID: 102734074602652179 bcsId: 0} | ret=SUCCESS |  
2019-09-04 11:46:13,918 | INFO  | DNAudit | user=null | ip=null | op=PUT_BLOCK {blockData=[blockId=conID: 2 locID: 102734074602652179 bcsId: 0,size=1048576]} | ret=SUCCESS |  
2019-09-04 11:46:13,918 | INFO  | DNAudit | user=null | ip=null | op=WRITE_CHUNK {blockData=conID: 2 locID: 102734074602652179 bcsId: 0} | ret=SUCCESS |  
2019-09-04 11:46:13,918 | INFO  | DNAudit | user=null | ip=null | op=PUT_BLOCK {blockData=[blockId=conID: 2 locID: 102734074602652179 bcsId: 0,size=2097152]} | ret=SUCCESS |  
2019-09-04 11:46:13,918 | INFO  | DNAudit | user=null | ip=null | op=PUT_BLOCK {blockData=[blockId=conID: 2 locID: 102734074602652179 bcsId: 0,size=1048576]} | ret=SUCCESS |  
2019-09-04 11:46:13,918 [grpc-default-executor-6] INFO  client.GrpcClientProtocolClient (GrpcClientProtocolClient.java:onNext(255)) - client-D5CE890D7D9E->efcb8ff8-f060-4d95-9215-d0f5eb4af037: receive RaftClientReply:client-D5CE890D7D9E->efcb8ff8-f060-4d95-9215-d0f5eb4af037@group-0959F8DF43ED, cid=1877, SUCCESS, logIndex=2737, commits[efcb8ff8-f060-4d95-9215-d0f5eb4af037:c2740, 6fae8b02-e804-4c0e-b729-a97b7404b7f6:c2734, 4c3e8a66-6975-4917-8225-d3efe707aaff:c2736]
2019-09-04 11:46:13,919 [grpc-default-executor-6] INFO  client.GrpcClientProtocolClient (GrpcClientProtocolClient.java:onNext(255)) - client-D5CE890D7D9E->efcb8ff8-f060-4d95-9215-d0f5eb4af037: receive RaftClientReply:client-D5CE890D7D9E->efcb8ff8-f060-4d95-9215-d0f5eb4af037@group-0959F8DF43ED, cid=1878, SUCCESS, logIndex=2738, commits[efcb8ff8-f060-4d95-9215-d0f5eb4af037:c2740, 6fae8b02-e804-4c0e-b729-a97b7404b7f6:c2736, 4c3e8a66-6975-4917-8225-d3efe707aaff:c2736]
2019-09-04 11:46:13,925 | INFO  | DNAudit | user=null | ip=null | op=WRITE_CHUNK {blockData=conID: 2 locID: 102734074602652179 bcsId: 2738} | ret=SUCCESS |  
2019-09-04 11:46:13,929 | INFO  | DNAudit | user=null | ip=null | op=WRITE_CHUNK {blockData=conID: 2 locID: 102734074602652179 bcsId: 2738} | ret=SUCCESS |  
2019-09-04 11:46:13,929 | INFO  | DNAudit | user=null | ip=null | op=WRITE_CHUNK {blockData=conID: 2 locID: 102734074602652179 bcsId: 2738} | ret=SUCCESS |  
2019-09-04 11:46:14,063 | INFO  | DNAudit | user=null | ip=null | op=WRITE_CHUNK {blockData=conID: 2 locID: 102734074602652179 bcsId: 0} | ret=SUCCESS |  
2019-09-04 11:46:14,063 | INFO  | DNAudit | user=null | ip=null | op=WRITE_CHUNK {blockData=conID: 2 locID: 102734074602652179 bcsId: 0} | ret=SUCCESS |  
2019-09-04 11:46:14,063 | INFO  | DNAudit | user=null | ip=null | op=PUT_BLOCK {blockData=[blockId=conID: 2 locID: 102734074602652179 bcsId: 0,size=2097152]} | ret=SUCCESS |  
2019-09-04 11:46:14,063 | INFO  | DNAudit | user=null | ip=null | op=WRITE_CHUNK {blockData=conID: 2 locID: 102734074602652179 bcsId: 2738} | ret=SUCCESS |  
2019-09-04 11:46:14,063 | INFO  | DNAudit | user=null | ip=null | op=PUT_BLOCK {blockData=[blockId=conID: 2 locID: 102734074602652179 bcsId: 0,size=2097152]} | ret=SUCCESS |  
2019-09-04 11:46:14,064 | INFO  | DNAudit | user=null | ip=null | op=PUT_BLOCK {blockData=[blockId=conID: 2 locID: 102734074602652179 bcsId: 0,size=3145728]} | ret=SUCCESS |  
2019-09-04 11:46:14,064 [grpc-default-executor-1] INFO  client.GrpcClientProtocolClient (GrpcClientProtocolClient.java:onNext(255)) - client-D5CE890D7D9E->efcb8ff8-f060-4d95-9215-d0f5eb4af037: receive RaftClientReply:client-D5CE890D7D9E->efcb8ff8-f060-4d95-9215-d0f5eb4af037@group-0959F8DF43ED, cid=1879, SUCCESS, logIndex=2741, commits[efcb8ff8-f060-4d95-9215-d0f5eb4af037:c2742, 6fae8b02-e804-4c0e-b729-a97b7404b7f6:c2740, 4c3e8a66-6975-4917-8225-d3efe707aaff:c2740]
2019-09-04 11:46:14,064 [grpc-default-executor-1] INFO  client.GrpcClientProtocolClient (GrpcClientProtocolClient.java:onNext(255)) - client-D5CE890D7D9E->efcb8ff8-f060-4d95-9215-d0f5eb4af037: receive RaftClientReply:client-D5CE890D7D9E->efcb8ff8-f060-4d95-9215-d0f5eb4af037@group-0959F8DF43ED, cid=1880, SUCCESS, logIndex=2742, commits[efcb8ff8-f060-4d95-9215-d0f5eb4af037:c2742, 6fae8b02-e804-4c0e-b729-a97b7404b7f6:c2740, 4c3e8a66-6975-4917-8225-d3efe707aaff:c2740]
2019-09-04 11:46:14,072 | INFO  | DNAudit | user=null | ip=null | op=WRITE_CHUNK {blockData=conID: 2 locID: 102734074602652179 bcsId: 2742} | ret=SUCCESS |  
2019-09-04 11:46:14,074 | INFO  | DNAudit | user=null | ip=null | op=WRITE_CHUNK {blockData=conID: 2 locID: 102734074602652179 bcsId: 2742} | ret=SUCCESS |  
2019-09-04 11:46:14,075 | INFO  | DNAudit | user=null | ip=null | op=WRITE_CHUNK {blockData=conID: 2 locID: 102734074602652179 bcsId: 2742} | ret=SUCCESS |  
2019-09-04 11:46:14,083 | INFO  | DNAudit | user=null | ip=null | op=WRITE_CHUNK {blockData=conID: 2 locID: 102734074602652179 bcsId: 2738} | ret=SUCCESS |  
2019-09-04 11:46:14,083 | INFO  | DNAudit | user=null | ip=null | op=WRITE_CHUNK {blockData=conID: 2 locID: 102734074602652179 bcsId: 2738} | ret=SUCCESS |  
2019-09-04 11:46:14,084 | INFO  | DNAudit | user=null | ip=null | op=PUT_BLOCK {blockData=[blockId=conID: 2 locID: 102734074602652179 bcsId: 0,size=3145728]} | ret=SUCCESS |  
2019-09-04 11:46:14,084 | INFO  | DNAudit | user=null | ip=null | op=PUT_BLOCK {blockData=[blockId=conID: 2 locID: 102734074602652179 bcsId: 0,size=3145728]} | ret=SUCCESS |  
2019-09-04 11:46:14,098 | INFO  | DNAudit | user=null | ip=null | op=WRITE_CHUNK {blockData=conID: 2 locID: 102734074602652179 bcsId: 2742} | ret=SUCCESS |  
2019-09-04 11:46:14,099 | INFO  | DNAudit | user=null | ip=null | op=PUT_BLOCK {blockData=[blockId=conID: 2 locID: 102734074602652179 bcsId: 0,size=4194304]} | ret=SUCCESS |  
2019-09-04 11:46:14,099 [grpc-default-executor-6] INFO  client.GrpcClientProtocolClient (GrpcClientProtocolClient.java:onNext(255)) - client-D5CE890D7D9E->efcb8ff8-f060-4d95-9215-d0f5eb4af037: receive RaftClientReply:client-D5CE890D7D9E->efcb8ff8-f060-4d95-9215-d0f5eb4af037@group-0959F8DF43ED, cid=1881, SUCCESS, logIndex=2745, commits[efcb8ff8-f060-4d95-9215-d0f5eb4af037:c2746, 6fae8b02-e804-4c0e-b729-a97b7404b7f6:c2742, 4c3e8a66-6975-4917-8225-d3efe707aaff:c2742]
2019-09-04 11:46:14,099 [grpc-default-executor-6] INFO  client.GrpcClientProtocolClient (GrpcClientProtocolClient.java:onNext(255)) - client-D5CE890D7D9E->efcb8ff8-f060-4d95-9215-d0f5eb4af037: receive RaftClientReply:client-D5CE890D7D9E->efcb8ff8-f060-4d95-9215-d0f5eb4af037@group-0959F8DF43ED, cid=1882, SUCCESS, logIndex=2746, commits[efcb8ff8-f060-4d95-9215-d0f5eb4af037:c2746, 6fae8b02-e804-4c0e-b729-a97b7404b7f6:c2742, 4c3e8a66-6975-4917-8225-d3efe707aaff:c2742]
2019-09-04 11:46:14,118 | INFO  | DNAudit | user=null | ip=null | op=WRITE_CHUNK {blockData=conID: 2 locID: 102734074602652179 bcsId: 2742} | ret=SUCCESS |  
2019-09-04 11:46:14,118 | INFO  | DNAudit | user=null | ip=null | op=WRITE_CHUNK {blockData=conID: 2 locID: 102734074602652179 bcsId: 2742} | ret=SUCCESS |  
2019-09-04 11:46:14,122 | INFO  | SCMAudit | user=jenkins1000 | ip=192.168.36.67 | op=SEND_HEARTBEAT {datanodeUUID=b68b188c-7f38-42ae-8403-46a39acd0731, command=[]} | ret=SUCCESS |  
2019-09-04 11:46:14,151 | INFO  | DNAudit | user=null | ip=null | op=PUT_BLOCK {blockData=[blockId=conID: 2 locID: 102734074602652179 bcsId: 0,size=4194304]} | ret=SUCCESS |  
2019-09-04 11:46:14,151 | INFO  | DNAudit | user=null | ip=null | op=PUT_BLOCK {blockData=[blockId=conID: 2 locID: 102734074602652179 bcsId: 0,size=4194304]} | ret=SUCCESS |  
2019-09-04 11:46:14,152 [grpc-default-executor-6] INFO  client.GrpcClientProtocolClient (GrpcClientProtocolClient.java:onNext(255)) - client-D5CE890D7D9E->efcb8ff8-f060-4d95-9215-d0f5eb4af037: receive RaftClientReply:client-D5CE890D7D9E->efcb8ff8-f060-4d95-9215-d0f5eb4af037@group-0959F8DF43ED, cid=1883, SUCCESS, logIndex=0, commits[efcb8ff8-f060-4d95-9215-d0f5eb4af037:c2748, 6fae8b02-e804-4c0e-b729-a97b7404b7f6:c2746, 4c3e8a66-6975-4917-8225-d3efe707aaff:c2746]
2019-09-04 11:46:14,155 | INFO  | SCMAudit | user=jenkins1000 | ip=192.168.36.67 | op=ALLOCATE_BLOCK {owner=8ab292a2-aaa7-4ad8-863a-d33994811155, size=4194304, type=RATIS, factor=THREE} | ret=SUCCESS |  
2019-09-04 11:46:14,158 | INFO  | OMAudit | user=jenkins1000 | ip=127.0.0.1 | op=ALLOCATE_BLOCK {volume=vol-0-58699, bucket=bucket-0-57464, key=key-0-37266, dataSize=0, replicationType=null, replicationFactor=null, keyLocationInfo=null, clientID=102734073355960722} | ret=SUCCESS |  
2019-09-04 11:46:14,165 | INFO  | DNAudit | user=null | ip=null | op=WRITE_CHUNK {blockData=conID: 3 locID: 102734074619822612 bcsId: 0} | ret=SUCCESS |  
2019-09-04 11:46:14,167 | INFO  | DNAudit | user=null | ip=null | op=WRITE_CHUNK {blockData=conID: 3 locID: 102734074619822612 bcsId: 0} | ret=SUCCESS |  
2019-09-04 11:46:14,167 | INFO  | DNAudit | user=null | ip=null | op=WRITE_CHUNK {blockData=conID: 3 locID: 102734074619822612 bcsId: 0} | ret=SUCCESS |  
2019-09-04 11:46:14,169 | INFO  | DNAudit | user=null | ip=null | op=WRITE_CHUNK {blockData=conID: 3 locID: 102734074619822612 bcsId: 0} | ret=SUCCESS |  
2019-09-04 11:46:14,169 | INFO  | DNAudit | user=null | ip=null | op=WRITE_CHUNK {blockData=conID: 3 locID: 102734074619822612 bcsId: 0} | ret=SUCCESS |  
2019-09-04 11:46:14,170 | INFO  | DNAudit | user=null | ip=null | op=WRITE_CHUNK {blockData=conID: 3 locID: 102734074619822612 bcsId: 0} | ret=SUCCESS |  
2019-09-04 11:46:14,193 | INFO  | DNAudit | user=null | ip=null | op=WRITE_CHUNK {blockData=conID: 3 locID: 102734074619822612 bcsId: 0} | ret=SUCCESS |  
2019-09-04 11:46:14,193 | INFO  | DNAudit | user=null | ip=null | op=PUT_BLOCK {blockData=[blockId=conID: 3 locID: 102734074619822612 bcsId: 0,size=1048576]} | ret=SUCCESS |  
2019-09-04 11:46:14,193 [grpc-default-executor-1] INFO  client.GrpcClientProtocolClient (GrpcClientProtocolClient.java:onNext(255)) - client-D5CE890D7D9E->efcb8ff8-f060-4d95-9215-d0f5eb4af037: receive RaftClientReply:client-D5CE890D7D9E->efcb8ff8-f060-4d95-9215-d0f5eb4af037@group-0959F8DF43ED, cid=1884, SUCCESS, logIndex=2749, commits[efcb8ff8-f060-4d95-9215-d0f5eb4af037:c2751, 6fae8b02-e804-4c0e-b729-a97b7404b7f6:c2748, 4c3e8a66-6975-4917-8225-d3efe707aaff:c2748]
2019-09-04 11:46:14,194 | INFO  | DNAudit | user=null | ip=null | op=WRITE_CHUNK {blockData=conID: 3 locID: 102734074619822612 bcsId: 0} | ret=SUCCESS |  
2019-09-04 11:46:14,194 | INFO  | DNAudit | user=null | ip=null | op=PUT_BLOCK {blockData=[blockId=conID: 3 locID: 102734074619822612 bcsId: 0,size=2097152]} | ret=SUCCESS |  
2019-09-04 11:46:14,194 [grpc-default-executor-1] INFO  client.GrpcClientProtocolClient (GrpcClientProtocolClient.java:onNext(255)) - client-D5CE890D7D9E->efcb8ff8-f060-4d95-9215-d0f5eb4af037: receive RaftClientReply:client-D5CE890D7D9E->efcb8ff8-f060-4d95-9215-d0f5eb4af037@group-0959F8DF43ED, cid=1885, SUCCESS, logIndex=2750, commits[efcb8ff8-f060-4d95-9215-d0f5eb4af037:c2752, 6fae8b02-e804-4c0e-b729-a97b7404b7f6:c2748, 4c3e8a66-6975-4917-8225-d3efe707aaff:c2748]
2019-09-04 11:46:14,194 [grpc-default-executor-1] INFO  client.GrpcClientProtocolClient (GrpcClientProtocolClient.java:onNext(255)) - client-D5CE890D7D9E->efcb8ff8-f060-4d95-9215-d0f5eb4af037: receive RaftClientReply:client-D5CE890D7D9E->efcb8ff8-f060-4d95-9215-d0f5eb4af037@group-0959F8DF43ED, cid=1886, SUCCESS, logIndex=2751, commits[efcb8ff8-f060-4d95-9215-d0f5eb4af037:c2752, 6fae8b02-e804-4c0e-b729-a97b7404b7f6:c2748, 4c3e8a66-6975-4917-8225-d3efe707aaff:c2748]
2019-09-04 11:46:14,195 [grpc-default-executor-1] INFO  client.GrpcClientProtocolClient (GrpcClientProtocolClient.java:onNext(255)) - client-D5CE890D7D9E->efcb8ff8-f060-4d95-9215-d0f5eb4af037: receive RaftClientReply:client-D5CE890D7D9E->efcb8ff8-f060-4d95-9215-d0f5eb4af037@group-0959F8DF43ED, cid=1887, SUCCESS, logIndex=2752, commits[efcb8ff8-f060-4d95-9215-d0f5eb4af037:c2752, 6fae8b02-e804-4c0e-b729-a97b7404b7f6:c2748, 4c3e8a66-6975-4917-8225-d3efe707aaff:c2748]
2019-09-04 11:46:14,214 | INFO  | DNAudit | user=null | ip=null | op=WRITE_CHUNK {blockData=conID: 3 locID: 102734074619822612 bcsId: 0} | ret=SUCCESS |  
2019-09-04 11:46:14,214 | INFO  | DNAudit | user=null | ip=null | op=PUT_BLOCK {blockData=[blockId=conID: 3 locID: 102734074619822612 bcsId: 0,size=1048576]} | ret=SUCCESS |  
2019-09-04 11:46:14,246 | INFO  | DNAudit | user=null | ip=null | op=WRITE_CHUNK {blockData=conID: 3 locID: 102734074619822612 bcsId: 0} | ret=SUCCESS |  
2019-09-04 11:46:14,247 | INFO  | DNAudit | user=null | ip=null | op=PUT_BLOCK {blockData=[blockId=conID: 3 locID: 102734074619822612 bcsId: 0,size=1048576]} | ret=SUCCESS |  
2019-09-04 11:46:14,247 | INFO  | DNAudit | user=null | ip=null | op=WRITE_CHUNK {blockData=conID: 3 locID: 102734074619822612 bcsId: 0} | ret=SUCCESS |  
2019-09-04 11:46:14,247 [grpc-default-executor-1] INFO  client.GrpcClientProtocolClient (GrpcClientProtocolClient.java:onNext(255)) - client-D5CE890D7D9E->efcb8ff8-f060-4d95-9215-d0f5eb4af037: receive RaftClientReply:client-D5CE890D7D9E->efcb8ff8-f060-4d95-9215-d0f5eb4af037@group-0959F8DF43ED, cid=1888, SUCCESS, logIndex=0, commits[efcb8ff8-f060-4d95-9215-d0f5eb4af037:c2753, 6fae8b02-e804-4c0e-b729-a97b7404b7f6:c2750, 4c3e8a66-6975-4917-8225-d3efe707aaff:c2750]
2019-09-04 11:46:14,247 | INFO  | DNAudit | user=null | ip=null | op=WRITE_CHUNK {blockData=conID: 3 locID: 102734074619822612 bcsId: 0} | ret=SUCCESS |  
2019-09-04 11:46:14,247 | INFO  | DNAudit | user=null | ip=null | op=PUT_BLOCK {blockData=[blockId=conID: 3 locID: 102734074619822612 bcsId: 0,size=2097152]} | ret=SUCCESS |  
2019-09-04 11:46:14,247 | INFO  | DNAudit | user=null | ip=null | op=PUT_BLOCK {blockData=[blockId=conID: 3 locID: 102734074619822612 bcsId: 0,size=2097152]} | ret=SUCCESS |  
2019-09-04 11:46:14,255 | INFO  | DNAudit | user=null | ip=null | op=WRITE_CHUNK {blockData=conID: 3 locID: 102734074619822612 bcsId: 2752} | ret=SUCCESS |  
2019-09-04 11:46:14,257 | INFO  | DNAudit | user=null | ip=null | op=WRITE_CHUNK {blockData=conID: 3 locID: 102734074619822612 bcsId: 2752} | ret=SUCCESS |  
2019-09-04 11:46:14,258 | INFO  | DNAudit | user=null | ip=null | op=WRITE_CHUNK {blockData=conID: 3 locID: 102734074619822612 bcsId: 2752} | ret=SUCCESS |  
2019-09-04 11:46:14,280 | INFO  | DNAudit | user=null | ip=null | op=WRITE_CHUNK {blockData=conID: 3 locID: 102734074619822612 bcsId: 2752} | ret=SUCCESS |  
2019-09-04 11:46:14,281 | INFO  | DNAudit | user=null | ip=null | op=PUT_BLOCK {blockData=[blockId=conID: 3 locID: 102734074619822612 bcsId: 0,size=3145728]} | ret=SUCCESS |  
2019-09-04 11:46:14,281 [grpc-default-executor-1] INFO  client.GrpcClientProtocolClient (GrpcClientProtocolClient.java:onNext(255)) - client-D5CE890D7D9E->efcb8ff8-f060-4d95-9215-d0f5eb4af037: receive RaftClientReply:client-D5CE890D7D9E->efcb8ff8-f060-4d95-9215-d0f5eb4af037@group-0959F8DF43ED, cid=1889, SUCCESS, logIndex=2757, commits[efcb8ff8-f060-4d95-9215-d0f5eb4af037:c2758, 6fae8b02-e804-4c0e-b729-a97b7404b7f6:c2756, 4c3e8a66-6975-4917-8225-d3efe707aaff:c2756]
2019-09-04 11:46:14,281 [grpc-default-executor-1] INFO  client.GrpcClientProtocolClient (GrpcClientProtocolClient.java:onNext(255)) - client-D5CE890D7D9E->efcb8ff8-f060-4d95-9215-d0f5eb4af037: receive RaftClientReply:client-D5CE890D7D9E->efcb8ff8-f060-4d95-9215-d0f5eb4af037@group-0959F8DF43ED, cid=1890, SUCCESS, logIndex=2758, commits[efcb8ff8-f060-4d95-9215-d0f5eb4af037:c2758, 6fae8b02-e804-4c0e-b729-a97b7404b7f6:c2756, 4c3e8a66-6975-4917-8225-d3efe707aaff:c2756]
2019-09-04 11:46:14,288 | INFO  | DNAudit | user=null | ip=null | op=WRITE_CHUNK {blockData=conID: 3 locID: 102734074619822612 bcsId: 2758} | ret=SUCCESS |  
2019-09-04 11:46:14,291 | INFO  | DNAudit | user=null | ip=null | op=WRITE_CHUNK {blockData=conID: 3 locID: 102734074619822612 bcsId: 2758} | ret=SUCCESS |  
2019-09-04 11:46:14,291 | INFO  | DNAudit | user=null | ip=null | op=WRITE_CHUNK {blockData=conID: 3 locID: 102734074619822612 bcsId: 2758} | ret=SUCCESS |  
2019-09-04 11:46:14,306 | INFO  | DNAudit | user=null | ip=null | op=WRITE_CHUNK {blockData=conID: 3 locID: 102734074619822612 bcsId: 2752} | ret=SUCCESS |  
2019-09-04 11:46:14,306 | INFO  | DNAudit | user=null | ip=null | op=WRITE_CHUNK {blockData=conID: 3 locID: 102734074619822612 bcsId: 2752} | ret=SUCCESS |  
2019-09-04 11:46:14,306 | INFO  | DNAudit | user=null | ip=null | op=PUT_BLOCK {blockData=[blockId=conID: 3 locID: 102734074619822612 bcsId: 0,size=3145728]} | ret=SUCCESS |  
2019-09-04 11:46:14,306 | INFO  | DNAudit | user=null | ip=null | op=PUT_BLOCK {blockData=[blockId=conID: 3 locID: 102734074619822612 bcsId: 0,size=3145728]} | ret=SUCCESS |  
2019-09-04 11:46:14,307 | INFO  | DNAudit | user=null | ip=null | op=WRITE_CHUNK {blockData=conID: 3 locID: 102734074619822612 bcsId: 2758} | ret=SUCCESS |  
2019-09-04 11:46:14,307 | INFO  | DNAudit | user=null | ip=null | op=PUT_BLOCK {blockData=[blockId=conID: 3 locID: 102734074619822612 bcsId: 0,size=4194304]} | ret=SUCCESS |  
2019-09-04 11:46:14,308 [grpc-default-executor-1] INFO  client.GrpcClientProtocolClient (GrpcClientProtocolClient.java:onNext(255)) - client-D5CE890D7D9E->efcb8ff8-f060-4d95-9215-d0f5eb4af037: receive RaftClientReply:client-D5CE890D7D9E->efcb8ff8-f060-4d95-9215-d0f5eb4af037@group-0959F8DF43ED, cid=1891, SUCCESS, logIndex=2761, commits[efcb8ff8-f060-4d95-9215-d0f5eb4af037:c2761, 6fae8b02-e804-4c0e-b729-a97b7404b7f6:c2758, 4c3e8a66-6975-4917-8225-d3efe707aaff:c2758]
2019-09-04 11:46:14,308 [grpc-default-executor-1] INFO  client.GrpcClientProtocolClient (GrpcClientProtocolClient.java:onNext(255)) - client-D5CE890D7D9E->efcb8ff8-f060-4d95-9215-d0f5eb4af037: receive RaftClientReply:client-D5CE890D7D9E->efcb8ff8-f060-4d95-9215-d0f5eb4af037@group-0959F8DF43ED, cid=1892, SUCCESS, logIndex=2762, commits[efcb8ff8-f060-4d95-9215-d0f5eb4af037:c2762, 6fae8b02-e804-4c0e-b729-a97b7404b7f6:c2758, 4c3e8a66-6975-4917-8225-d3efe707aaff:c2758]
2019-09-04 11:46:14,323 | INFO  | DNAudit | user=null | ip=null | op=WRITE_CHUNK {blockData=conID: 3 locID: 102734074619822612 bcsId: 2758} | ret=SUCCESS |  
2019-09-04 11:46:14,324 | INFO  | DNAudit | user=null | ip=null | op=WRITE_CHUNK {blockData=conID: 3 locID: 102734074619822612 bcsId: 2758} | ret=SUCCESS |  
2019-09-04 11:46:14,325 | INFO  | DNAudit | user=null | ip=null | op=PUT_BLOCK {blockData=[blockId=conID: 3 locID: 102734074619822612 bcsId: 0,size=4194304]} | ret=SUCCESS |  
2019-09-04 11:46:14,325 | INFO  | DNAudit | user=null | ip=null | op=PUT_BLOCK {blockData=[blockId=conID: 3 locID: 102734074619822612 bcsId: 0,size=4194304]} | ret=SUCCESS |  
2019-09-04 11:46:14,325 [grpc-default-executor-1] INFO  client.GrpcClientProtocolClient (GrpcClientProtocolClient.java:onNext(255)) - client-D5CE890D7D9E->efcb8ff8-f060-4d95-9215-d0f5eb4af037: receive RaftClientReply:client-D5CE890D7D9E->efcb8ff8-f060-4d95-9215-d0f5eb4af037@group-0959F8DF43ED, cid=1893, SUCCESS, logIndex=0, commits[efcb8ff8-f060-4d95-9215-d0f5eb4af037:c2764, 6fae8b02-e804-4c0e-b729-a97b7404b7f6:c2762, 4c3e8a66-6975-4917-8225-d3efe707aaff:c2762]
2019-09-04 11:46:14,329 | INFO  | SCMAudit | user=jenkins1000 | ip=192.168.36.67 | op=ALLOCATE_BLOCK {owner=8ab292a2-aaa7-4ad8-863a-d33994811155, size=4194304, type=RATIS, factor=THREE} | ret=SUCCESS |  
2019-09-04 11:46:14,332 | INFO  | OMAudit | user=jenkins1000 | ip=127.0.0.1 | op=ALLOCATE_BLOCK {volume=vol-0-58699, bucket=bucket-0-57464, key=key-0-37266, dataSize=0, replicationType=null, replicationFactor=null, keyLocationInfo=null, clientID=102734073355960722} | ret=SUCCESS |  
2019-09-04 11:46:14,338 | INFO  | DNAudit | user=null | ip=null | op=WRITE_CHUNK {blockData=conID: 1 locID: 102734074631225877 bcsId: 0} | ret=SUCCESS |  
2019-09-04 11:46:14,342 | INFO  | DNAudit | user=null | ip=null | op=WRITE_CHUNK {blockData=conID: 1 locID: 102734074631225877 bcsId: 0} | ret=SUCCESS |  
2019-09-04 11:46:14,342 | INFO  | DNAudit | user=null | ip=null | op=WRITE_CHUNK {blockData=conID: 1 locID: 102734074631225877 bcsId: 0} | ret=SUCCESS |  
2019-09-04 11:46:14,342 | INFO  | DNAudit | user=null | ip=null | op=WRITE_CHUNK {blockData=conID: 1 locID: 102734074631225877 bcsId: 0} | ret=SUCCESS |  
2019-09-04 11:46:14,343 | INFO  | DNAudit | user=null | ip=null | op=WRITE_CHUNK {blockData=conID: 1 locID: 102734074631225877 bcsId: 0} | ret=SUCCESS |  
2019-09-04 11:46:14,344 | INFO  | DNAudit | user=null | ip=null | op=WRITE_CHUNK {blockData=conID: 1 locID: 102734074631225877 bcsId: 0} | ret=SUCCESS |  
2019-09-04 11:46:14,344 | INFO  | DNAudit | user=null | ip=null | op=WRITE_CHUNK {blockData=conID: 1 locID: 102734074631225877 bcsId: 0} | ret=SUCCESS |  
2019-09-04 11:46:14,345 | INFO  | DNAudit | user=null | ip=null | op=PUT_BLOCK {blockData=[blockId=conID: 1 locID: 102734074631225877 bcsId: 0,size=1048576]} | ret=SUCCESS |  
2019-09-04 11:46:14,345 [grpc-default-executor-1] INFO  client.GrpcClientProtocolClient (GrpcClientProtocolClient.java:onNext(255)) - client-D5CE890D7D9E->efcb8ff8-f060-4d95-9215-d0f5eb4af037: receive RaftClientReply:client-D5CE890D7D9E->efcb8ff8-f060-4d95-9215-d0f5eb4af037@group-0959F8DF43ED, cid=1894, SUCCESS, logIndex=2765, commits[efcb8ff8-f060-4d95-9215-d0f5eb4af037:c2766, 6fae8b02-e804-4c0e-b729-a97b7404b7f6:c2764, 4c3e8a66-6975-4917-8225-d3efe707aaff:c2762]
2019-09-04 11:46:14,345 | INFO  | DNAudit | user=null | ip=null | op=WRITE_CHUNK {blockData=conID: 1 locID: 102734074631225877 bcsId: 0} | ret=SUCCESS |  
2019-09-04 11:46:14,346 [grpc-default-executor-1] INFO  client.GrpcClientProtocolClient (GrpcClientProtocolClient.java:onNext(255)) - client-D5CE890D7D9E->efcb8ff8-f060-4d95-9215-d0f5eb4af037: receive RaftClientReply:client-D5CE890D7D9E->efcb8ff8-f060-4d95-9215-d0f5eb4af037@group-0959F8DF43ED, cid=1895, SUCCESS, logIndex=2766, commits[efcb8ff8-f060-4d95-9215-d0f5eb4af037:c2766, 6fae8b02-e804-4c0e-b729-a97b7404b7f6:c2764, 4c3e8a66-6975-4917-8225-d3efe707aaff:c2762]
2019-09-04 11:46:14,346 | INFO  | DNAudit | user=null | ip=null | op=PUT_BLOCK {blockData=[blockId=conID: 1 locID: 102734074631225877 bcsId: 0,size=2097152]} | ret=SUCCESS |  
2019-09-04 11:46:14,346 [grpc-default-executor-1] INFO  client.GrpcClientProtocolClient (GrpcClientProtocolClient.java:onNext(255)) - client-D5CE890D7D9E->efcb8ff8-f060-4d95-9215-d0f5eb4af037: receive RaftClientReply:client-D5CE890D7D9E->efcb8ff8-f060-4d95-9215-d0f5eb4af037@group-0959F8DF43ED, cid=1896, SUCCESS, logIndex=2767, commits[efcb8ff8-f060-4d95-9215-d0f5eb4af037:c2768, 6fae8b02-e804-4c0e-b729-a97b7404b7f6:c2764, 4c3e8a66-6975-4917-8225-d3efe707aaff:c2764]
2019-09-04 11:46:14,346 [grpc-default-executor-1] INFO  client.GrpcClientProtocolClient (GrpcClientProtocolClient.java:onNext(255)) - client-D5CE890D7D9E->efcb8ff8-f060-4d95-9215-d0f5eb4af037: receive RaftClientReply:client-D5CE890D7D9E->efcb8ff8-f060-4d95-9215-d0f5eb4af037@group-0959F8DF43ED, cid=1897, SUCCESS, logIndex=2768, commits[efcb8ff8-f060-4d95-9215-d0f5eb4af037:c2768, 6fae8b02-e804-4c0e-b729-a97b7404b7f6:c2764, 4c3e8a66-6975-4917-8225-d3efe707aaff:c2764]
2019-09-04 11:46:14,366 | INFO  | DNAudit | user=null | ip=null | op=WRITE_CHUNK {blockData=conID: 1 locID: 102734074631225877 bcsId: 0} | ret=SUCCESS |  
2019-09-04 11:46:14,366 | INFO  | DNAudit | user=null | ip=null | op=PUT_BLOCK {blockData=[blockId=conID: 1 locID: 102734074631225877 bcsId: 0,size=1048576]} | ret=SUCCESS |  
2019-09-04 11:46:14,366 | INFO  | DNAudit | user=null | ip=null | op=WRITE_CHUNK {blockData=conID: 1 locID: 102734074631225877 bcsId: 0} | ret=SUCCESS |  
2019-09-04 11:46:14,367 | INFO  | DNAudit | user=null | ip=null | op=PUT_BLOCK {blockData=[blockId=conID: 1 locID: 102734074631225877 bcsId: 0,size=1048576]} | ret=SUCCESS |  
2019-09-04 11:46:14,367 | INFO  | DNAudit | user=null | ip=null | op=WRITE_CHUNK {blockData=conID: 1 locID: 102734074631225877 bcsId: 0} | ret=SUCCESS |  
2019-09-04 11:46:14,367 [grpc-default-executor-1] INFO  client.GrpcClientProtocolClient (GrpcClientProtocolClient.java:onNext(255)) - client-D5CE890D7D9E->efcb8ff8-f060-4d95-9215-d0f5eb4af037: receive RaftClientReply:client-D5CE890D7D9E->efcb8ff8-f060-4d95-9215-d0f5eb4af037@group-0959F8DF43ED, cid=1898, SUCCESS, logIndex=0, commits[efcb8ff8-f060-4d95-9215-d0f5eb4af037:c2770, 6fae8b02-e804-4c0e-b729-a97b7404b7f6:c2766, 4c3e8a66-6975-4917-8225-d3efe707aaff:c2766]
2019-09-04 11:46:14,373 | INFO  | DNAudit | user=null | ip=null | op=WRITE_CHUNK {blockData=conID: 1 locID: 102734074631225877 bcsId: 2768} | ret=SUCCESS |  
2019-09-04 11:46:14,375 | INFO  | DNAudit | user=null | ip=null | op=WRITE_CHUNK {blockData=conID: 1 locID: 102734074631225877 bcsId: 2768} | ret=SUCCESS |  
2019-09-04 11:46:14,375 | INFO  | DNAudit | user=null | ip=null | op=WRITE_CHUNK {blockData=conID: 1 locID: 102734074631225877 bcsId: 2768} | ret=SUCCESS |  
2019-09-04 11:46:14,393 | INFO  | DNAudit | user=null | ip=null | op=WRITE_CHUNK {blockData=conID: 1 locID: 102734074631225877 bcsId: 0} | ret=SUCCESS |  
2019-09-04 11:46:14,394 | INFO  | DNAudit | user=null | ip=null | op=PUT_BLOCK {blockData=[blockId=conID: 1 locID: 102734074631225877 bcsId: 0,size=2097152]} | ret=SUCCESS |  
2019-09-04 11:46:14,394 | INFO  | DNAudit | user=null | ip=null | op=PUT_BLOCK {blockData=[blockId=conID: 1 locID: 102734074631225877 bcsId: 0,size=2097152]} | ret=SUCCESS |  
2019-09-04 11:46:14,395 | INFO  | DNAudit | user=null | ip=null | op=WRITE_CHUNK {blockData=conID: 1 locID: 102734074631225877 bcsId: 2768} | ret=SUCCESS |  
2019-09-04 11:46:14,395 | INFO  | DNAudit | user=null | ip=null | op=PUT_BLOCK {blockData=[blockId=conID: 1 locID: 102734074631225877 bcsId: 0,size=3145728]} | ret=SUCCESS |  
2019-09-04 11:46:14,395 [grpc-default-executor-5] INFO  client.GrpcClientProtocolClient (GrpcClientProtocolClient.java:onNext(255)) - client-D5CE890D7D9E->efcb8ff8-f060-4d95-9215-d0f5eb4af037: receive RaftClientReply:client-D5CE890D7D9E->efcb8ff8-f060-4d95-9215-d0f5eb4af037@group-0959F8DF43ED, cid=1899, SUCCESS, logIndex=2773, commits[efcb8ff8-f060-4d95-9215-d0f5eb4af037:c2774, 6fae8b02-e804-4c0e-b729-a97b7404b7f6:c2768, 4c3e8a66-6975-4917-8225-d3efe707aaff:c2770]
2019-09-04 11:46:14,396 [grpc-default-executor-5] INFO  client.GrpcClientProtocolClient (GrpcClientProtocolClient.java:onNext(255)) - client-D5CE890D7D9E->efcb8ff8-f060-4d95-9215-d0f5eb4af037: receive RaftClientReply:client-D5CE890D7D9E->efcb8ff8-f060-4d95-9215-d0f5eb4af037@group-0959F8DF43ED, cid=1900, SUCCESS, logIndex=2774, commits[efcb8ff8-f060-4d95-9215-d0f5eb4af037:c2774, 6fae8b02-e804-4c0e-b729-a97b7404b7f6:c2770, 4c3e8a66-6975-4917-8225-d3efe707aaff:c2770]
2019-09-04 11:46:14,402 | INFO  | DNAudit | user=null | ip=null | op=WRITE_CHUNK {blockData=conID: 1 locID: 102734074631225877 bcsId: 2774} | ret=SUCCESS |  
2019-09-04 11:46:14,403 | INFO  | DNAudit | user=null | ip=null | op=WRITE_CHUNK {blockData=conID: 1 locID: 102734074631225877 bcsId: 2774} | ret=SUCCESS |  
2019-09-04 11:46:14,404 | INFO  | DNAudit | user=null | ip=null | op=WRITE_CHUNK {blockData=conID: 1 locID: 102734074631225877 bcsId: 2774} | ret=SUCCESS |  
2019-09-04 11:46:14,454 | INFO  | DNAudit | user=null | ip=null | op=WRITE_CHUNK {blockData=conID: 1 locID: 102734074631225877 bcsId: 2768} | ret=SUCCESS |  
2019-09-04 11:46:14,454 | INFO  | DNAudit | user=null | ip=null | op=WRITE_CHUNK {blockData=conID: 1 locID: 102734074631225877 bcsId: 2768} | ret=SUCCESS |  
2019-09-04 11:46:14,454 | INFO  | DNAudit | user=null | ip=null | op=PUT_BLOCK {blockData=[blockId=conID: 1 locID: 102734074631225877 bcsId: 0,size=3145728]} | ret=SUCCESS |  
2019-09-04 11:46:14,455 | INFO  | DNAudit | user=null | ip=null | op=PUT_BLOCK {blockData=[blockId=conID: 1 locID: 102734074631225877 bcsId: 0,size=3145728]} | ret=SUCCESS |  
2019-09-04 11:46:14,456 | INFO  | DNAudit | user=null | ip=null | op=WRITE_CHUNK {blockData=conID: 1 locID: 102734074631225877 bcsId: 2774} | ret=SUCCESS |  
2019-09-04 11:46:14,457 | INFO  | DNAudit | user=null | ip=null | op=PUT_BLOCK {blockData=[blockId=conID: 1 locID: 102734074631225877 bcsId: 0,size=4194304]} | ret=SUCCESS |  
2019-09-04 11:46:14,457 [grpc-default-executor-1] INFO  client.GrpcClientProtocolClient (GrpcClientProtocolClient.java:onNext(255)) - client-D5CE890D7D9E->efcb8ff8-f060-4d95-9215-d0f5eb4af037: receive RaftClientReply:client-D5CE890D7D9E->efcb8ff8-f060-4d95-9215-d0f5eb4af037@group-0959F8DF43ED, cid=1901, SUCCESS, logIndex=2776, commits[efcb8ff8-f060-4d95-9215-d0f5eb4af037:c2777, 6fae8b02-e804-4c0e-b729-a97b7404b7f6:c2774, 4c3e8a66-6975-4917-8225-d3efe707aaff:c2774]
2019-09-04 11:46:14,458 [grpc-default-executor-1] INFO  client.GrpcClientProtocolClient (GrpcClientProtocolClient.java:onNext(255)) - client-D5CE890D7D9E->efcb8ff8-f060-4d95-9215-d0f5eb4af037: receive RaftClientReply:client-D5CE890D7D9E->efcb8ff8-f060-4d95-9215-d0f5eb4af037@group-0959F8DF43ED, cid=1902, SUCCESS, logIndex=2777, commits[efcb8ff8-f060-4d95-9215-d0f5eb4af037:c2777, 6fae8b02-e804-4c0e-b729-a97b7404b7f6:c2774, 4c3e8a66-6975-4917-8225-d3efe707aaff:c2774]
2019-09-04 11:46:14,484 | INFO  | DNAudit | user=null | ip=null | op=WRITE_CHUNK {blockData=conID: 1 locID: 102734074631225877 bcsId: 2774} | ret=SUCCESS |  
2019-09-04 11:46:14,484 | INFO  | DNAudit | user=null | ip=null | op=WRITE_CHUNK {blockData=conID: 1 locID: 102734074631225877 bcsId: 2774} | ret=SUCCESS |  
2019-09-04 11:46:14,485 | INFO  | DNAudit | user=null | ip=null | op=PUT_BLOCK {blockData=[blockId=conID: 1 locID: 102734074631225877 bcsId: 0,size=4194304]} | ret=SUCCESS |  
2019-09-04 11:46:14,485 | INFO  | DNAudit | user=null | ip=null | op=PUT_BLOCK {blockData=[blockId=conID: 1 locID: 102734074631225877 bcsId: 0,size=4194304]} | ret=SUCCESS |  
2019-09-04 11:46:14,486 [grpc-default-executor-1] INFO  client.GrpcClientProtocolClient (GrpcClientProtocolClient.java:onNext(255)) - client-D5CE890D7D9E->efcb8ff8-f060-4d95-9215-d0f5eb4af037: receive RaftClientReply:client-D5CE890D7D9E->efcb8ff8-f060-4d95-9215-d0f5eb4af037@group-0959F8DF43ED, cid=1903, SUCCESS, logIndex=0, commits[efcb8ff8-f060-4d95-9215-d0f5eb4af037:c2779, 6fae8b02-e804-4c0e-b729-a97b7404b7f6:c2777, 4c3e8a66-6975-4917-8225-d3efe707aaff:c2777]
2019-09-04 11:46:14,490 | INFO  | SCMAudit | user=jenkins1000 | ip=192.168.36.67 | op=ALLOCATE_BLOCK {owner=8ab292a2-aaa7-4ad8-863a-d33994811155, size=4194304, type=RATIS, factor=THREE} | ret=SUCCESS |  
2019-09-04 11:46:14,494 | INFO  | OMAudit | user=jenkins1000 | ip=127.0.0.1 | op=ALLOCATE_BLOCK {volume=vol-0-58699, bucket=bucket-0-57464, key=key-0-37266, dataSize=0, replicationType=null, replicationFactor=null, keyLocationInfo=null, clientID=102734073355960722} | ret=SUCCESS |  
2019-09-04 11:46:14,502 | INFO  | DNAudit | user=null | ip=null | op=WRITE_CHUNK {blockData=conID: 2 locID: 102734074641777174 bcsId: 0} | ret=SUCCESS |  
2019-09-04 11:46:14,505 | INFO  | DNAudit | user=null | ip=null | op=WRITE_CHUNK {blockData=conID: 2 locID: 102734074641777174 bcsId: 0} | ret=SUCCESS |  
2019-09-04 11:46:14,505 | INFO  | DNAudit | user=null | ip=null | op=WRITE_CHUNK {blockData=conID: 2 locID: 102734074641777174 bcsId: 0} | ret=SUCCESS |  
2019-09-04 11:46:14,505 | INFO  | DNAudit | user=null | ip=null | op=WRITE_CHUNK {blockData=conID: 2 locID: 102734074641777174 bcsId: 0} | ret=SUCCESS |  
2019-09-04 11:46:14,507 | INFO  | DNAudit | user=null | ip=null | op=WRITE_CHUNK {blockData=conID: 2 locID: 102734074641777174 bcsId: 0} | ret=SUCCESS |  
2019-09-04 11:46:14,508 | INFO  | DNAudit | user=null | ip=null | op=WRITE_CHUNK {blockData=conID: 2 locID: 102734074641777174 bcsId: 0} | ret=SUCCESS |  
2019-09-04 11:46:14,548 | INFO  | DNAudit | user=null | ip=null | op=WRITE_CHUNK {blockData=conID: 2 locID: 102734074641777174 bcsId: 0} | ret=SUCCESS |  
2019-09-04 11:46:14,549 | INFO  | DNAudit | user=null | ip=null | op=PUT_BLOCK {blockData=[blockId=conID: 2 locID: 102734074641777174 bcsId: 0,size=1048576]} | ret=SUCCESS |  
2019-09-04 11:46:14,549 [grpc-default-executor-1] INFO  client.GrpcClientProtocolClient (GrpcClientProtocolClient.java:onNext(255)) - client-D5CE890D7D9E->efcb8ff8-f060-4d95-9215-d0f5eb4af037: receive RaftClientReply:client-D5CE890D7D9E->efcb8ff8-f060-4d95-9215-d0f5eb4af037@group-0959F8DF43ED, cid=1904, SUCCESS, logIndex=2780, commits[efcb8ff8-f060-4d95-9215-d0f5eb4af037:c2781, 6fae8b02-e804-4c0e-b729-a97b7404b7f6:c2779, 4c3e8a66-6975-4917-8225-d3efe707aaff:c2779]
2019-09-04 11:46:14,549 | INFO  | DNAudit | user=null | ip=null | op=WRITE_CHUNK {blockData=conID: 2 locID: 102734074641777174 bcsId: 0} | ret=SUCCESS |  
2019-09-04 11:46:14,550 [grpc-default-executor-5] INFO  client.GrpcClientProtocolClient (GrpcClientProtocolClient.java:onNext(255)) - client-D5CE890D7D9E->efcb8ff8-f060-4d95-9215-d0f5eb4af037: receive RaftClientReply:client-D5CE890D7D9E->efcb8ff8-f060-4d95-9215-d0f5eb4af037@group-0959F8DF43ED, cid=1905, SUCCESS, logIndex=2781, commits[efcb8ff8-f060-4d95-9215-d0f5eb4af037:c2783, 6fae8b02-e804-4c0e-b729-a97b7404b7f6:c2779, 4c3e8a66-6975-4917-8225-d3efe707aaff:c2779]
2019-09-04 11:46:14,550 | INFO  | DNAudit | user=null | ip=null | op=PUT_BLOCK {blockData=[blockId=conID: 2 locID: 102734074641777174 bcsId: 0,size=2097152]} | ret=SUCCESS |  
2019-09-04 11:46:14,550 [grpc-default-executor-5] INFO  client.GrpcClientProtocolClient (GrpcClientProtocolClient.java:onNext(255)) - client-D5CE890D7D9E->efcb8ff8-f060-4d95-9215-d0f5eb4af037: receive RaftClientReply:client-D5CE890D7D9E->efcb8ff8-f060-4d95-9215-d0f5eb4af037@group-0959F8DF43ED, cid=1906, SUCCESS, logIndex=2782, commits[efcb8ff8-f060-4d95-9215-d0f5eb4af037:c2783, 6fae8b02-e804-4c0e-b729-a97b7404b7f6:c2779, 4c3e8a66-6975-4917-8225-d3efe707aaff:c2779]
2019-09-04 11:46:14,551 [grpc-default-executor-5] INFO  client.GrpcClientProtocolClient (GrpcClientProtocolClient.java:onNext(255)) - client-D5CE890D7D9E->efcb8ff8-f060-4d95-9215-d0f5eb4af037: receive RaftClientReply:client-D5CE890D7D9E->efcb8ff8-f060-4d95-9215-d0f5eb4af037@group-0959F8DF43ED, cid=1907, SUCCESS, logIndex=2783, commits[efcb8ff8-f060-4d95-9215-d0f5eb4af037:c2783, 6fae8b02-e804-4c0e-b729-a97b7404b7f6:c2779, 4c3e8a66-6975-4917-8225-d3efe707aaff:c2779]
2019-09-04 11:46:14,578 | INFO  | DNAudit | user=null | ip=null | op=WRITE_CHUNK {blockData=conID: 2 locID: 102734074641777174 bcsId: 0} | ret=SUCCESS |  
2019-09-04 11:46:14,579 | INFO  | DNAudit | user=null | ip=null | op=PUT_BLOCK {blockData=[blockId=conID: 2 locID: 102734074641777174 bcsId: 0,size=1048576]} | ret=SUCCESS |  
2019-09-04 11:46:14,579 | INFO  | DNAudit | user=null | ip=null | op=WRITE_CHUNK {blockData=conID: 2 locID: 102734074641777174 bcsId: 0} | ret=SUCCESS |  
2019-09-04 11:46:14,579 | INFO  | DNAudit | user=null | ip=null | op=PUT_BLOCK {blockData=[blockId=conID: 2 locID: 102734074641777174 bcsId: 0,size=1048576]} | ret=SUCCESS |  
2019-09-04 11:46:14,580 | INFO  | DNAudit | user=null | ip=null | op=WRITE_CHUNK {blockData=conID: 2 locID: 102734074641777174 bcsId: 0} | ret=SUCCESS |  
2019-09-04 11:46:14,580 [grpc-default-executor-5] INFO  client.GrpcClientProtocolClient (GrpcClientProtocolClient.java:onNext(255)) - client-D5CE890D7D9E->efcb8ff8-f060-4d95-9215-d0f5eb4af037: receive RaftClientReply:client-D5CE890D7D9E->efcb8ff8-f060-4d95-9215-d0f5eb4af037@group-0959F8DF43ED, cid=1908, SUCCESS, logIndex=0, commits[efcb8ff8-f060-4d95-9215-d0f5eb4af037:c2785, 6fae8b02-e804-4c0e-b729-a97b7404b7f6:c2781, 4c3e8a66-6975-4917-8225-d3efe707aaff:c2781]
2019-09-04 11:46:14,580 | INFO  | DNAudit | user=null | ip=null | op=PUT_BLOCK {blockData=[blockId=conID: 2 locID: 102734074641777174 bcsId: 0,size=2097152]} | ret=SUCCESS |  
2019-09-04 11:46:14,580 | INFO  | DNAudit | user=null | ip=null | op=WRITE_CHUNK {blockData=conID: 2 locID: 102734074641777174 bcsId: 0} | ret=SUCCESS |  
2019-09-04 11:46:14,581 | INFO  | DNAudit | user=null | ip=null | op=PUT_BLOCK {blockData=[blockId=conID: 2 locID: 102734074641777174 bcsId: 0,size=2097152]} | ret=SUCCESS |  
2019-09-04 11:46:14,589 | INFO  | DNAudit | user=null | ip=null | op=WRITE_CHUNK {blockData=conID: 2 locID: 102734074641777174 bcsId: 2783} | ret=SUCCESS |  
2019-09-04 11:46:14,592 | INFO  | DNAudit | user=null | ip=null | op=WRITE_CHUNK {blockData=conID: 2 locID: 102734074641777174 bcsId: 2783} | ret=SUCCESS |  
2019-09-04 11:46:14,593 | INFO  | DNAudit | user=null | ip=null | op=WRITE_CHUNK {blockData=conID: 2 locID: 102734074641777174 bcsId: 2783} | ret=SUCCESS |  
2019-09-04 11:46:14,618 | INFO  | DNAudit | user=null | ip=null | op=WRITE_CHUNK {blockData=conID: 2 locID: 102734074641777174 bcsId: 2783} | ret=SUCCESS |  
2019-09-04 11:46:14,619 [grpc-default-executor-6] INFO  client.GrpcClientProtocolClient (GrpcClientProtocolClient.java:onNext(255)) - client-D5CE890D7D9E->efcb8ff8-f060-4d95-9215-d0f5eb4af037: receive RaftClientReply:client-D5CE890D7D9E->efcb8ff8-f060-4d95-9215-d0f5eb4af037@group-0959F8DF43ED, cid=1909, SUCCESS, logIndex=2788, commits[efcb8ff8-f060-4d95-9215-d0f5eb4af037:c2789, 6fae8b02-e804-4c0e-b729-a97b7404b7f6:c2787, 4c3e8a66-6975-4917-8225-d3efe707aaff:c2787]
2019-09-04 11:46:14,619 | INFO  | DNAudit | user=null | ip=null | op=PUT_BLOCK {blockData=[blockId=conID: 2 locID: 102734074641777174 bcsId: 0,size=3145728]} | ret=SUCCESS |  
2019-09-04 11:46:14,620 [grpc-default-executor-6] INFO  client.GrpcClientProtocolClient (GrpcClientProtocolClient.java:onNext(255)) - client-D5CE890D7D9E->efcb8ff8-f060-4d95-9215-d0f5eb4af037: receive RaftClientReply:client-D5CE890D7D9E->efcb8ff8-f060-4d95-9215-d0f5eb4af037@group-0959F8DF43ED, cid=1910, SUCCESS, logIndex=2789, commits[efcb8ff8-f060-4d95-9215-d0f5eb4af037:c2789, 6fae8b02-e804-4c0e-b729-a97b7404b7f6:c2787, 4c3e8a66-6975-4917-8225-d3efe707aaff:c2787]
2019-09-04 11:46:14,628 | INFO  | DNAudit | user=null | ip=null | op=WRITE_CHUNK {blockData=conID: 2 locID: 102734074641777174 bcsId: 2789} | ret=SUCCESS |  
2019-09-04 11:46:14,630 | INFO  | DNAudit | user=null | ip=null | op=WRITE_CHUNK {blockData=conID: 2 locID: 102734074641777174 bcsId: 2789} | ret=SUCCESS |  
2019-09-04 11:46:14,630 | INFO  | DNAudit | user=null | ip=null | op=WRITE_CHUNK {blockData=conID: 2 locID: 102734074641777174 bcsId: 2789} | ret=SUCCESS |  
2019-09-04 11:46:14,634 | INFO  | DNAudit | user=null | ip=null | op=WRITE_CHUNK {blockData=conID: 2 locID: 102734074641777174 bcsId: 2783} | ret=SUCCESS |  
2019-09-04 11:46:14,634 | INFO  | DNAudit | user=null | ip=null | op=WRITE_CHUNK {blockData=conID: 2 locID: 102734074641777174 bcsId: 2783} | ret=SUCCESS |  
2019-09-04 11:46:14,634 | INFO  | DNAudit | user=null | ip=null | op=PUT_BLOCK {blockData=[blockId=conID: 2 locID: 102734074641777174 bcsId: 0,size=3145728]} | ret=SUCCESS |  
2019-09-04 11:46:14,634 | INFO  | DNAudit | user=null | ip=null | op=PUT_BLOCK {blockData=[blockId=conID: 2 locID: 102734074641777174 bcsId: 0,size=3145728]} | ret=SUCCESS |  
2019-09-04 11:46:14,636 | INFO  | DNAudit | user=null | ip=null | op=WRITE_CHUNK {blockData=conID: 2 locID: 102734074641777174 bcsId: 2789} | ret=SUCCESS |  
2019-09-04 11:46:14,636 | INFO  | DNAudit | user=null | ip=null | op=PUT_BLOCK {blockData=[blockId=conID: 2 locID: 102734074641777174 bcsId: 0,size=4194304]} | ret=SUCCESS |  
2019-09-04 11:46:14,636 [grpc-default-executor-1] INFO  client.GrpcClientProtocolClient (GrpcClientProtocolClient.java:onNext(255)) - client-D5CE890D7D9E->efcb8ff8-f060-4d95-9215-d0f5eb4af037: receive RaftClientReply:client-D5CE890D7D9E->efcb8ff8-f060-4d95-9215-d0f5eb4af037@group-0959F8DF43ED, cid=1911, SUCCESS, logIndex=2792, commits[efcb8ff8-f060-4d95-9215-d0f5eb4af037:c2793, 6fae8b02-e804-4c0e-b729-a97b7404b7f6:c2789, 4c3e8a66-6975-4917-8225-d3efe707aaff:c2789]
2019-09-04 11:46:14,637 [grpc-default-executor-1] INFO  client.GrpcClientProtocolClient (GrpcClientProtocolClient.java:onNext(255)) - client-D5CE890D7D9E->efcb8ff8-f060-4d95-9215-d0f5eb4af037: receive RaftClientReply:client-D5CE890D7D9E->efcb8ff8-f060-4d95-9215-d0f5eb4af037@group-0959F8DF43ED, cid=1912, SUCCESS, logIndex=2793, commits[efcb8ff8-f060-4d95-9215-d0f5eb4af037:c2793, 6fae8b02-e804-4c0e-b729-a97b7404b7f6:c2789, 4c3e8a66-6975-4917-8225-d3efe707aaff:c2789]
2019-09-04 11:46:14,667 | INFO  | DNAudit | user=null | ip=null | op=WRITE_CHUNK {blockData=conID: 2 locID: 102734074641777174 bcsId: 2789} | ret=SUCCESS |  
2019-09-04 11:46:14,668 | INFO  | DNAudit | user=null | ip=null | op=WRITE_CHUNK {blockData=conID: 2 locID: 102734074641777174 bcsId: 2789} | ret=SUCCESS |  
2019-09-04 11:46:14,669 | INFO  | DNAudit | user=null | ip=null | op=PUT_BLOCK {blockData=[blockId=conID: 2 locID: 102734074641777174 bcsId: 0,size=4194304]} | ret=SUCCESS |  
2019-09-04 11:46:14,669 | INFO  | DNAudit | user=null | ip=null | op=PUT_BLOCK {blockData=[blockId=conID: 2 locID: 102734074641777174 bcsId: 0,size=4194304]} | ret=SUCCESS |  
2019-09-04 11:46:14,670 [grpc-default-executor-1] INFO  client.GrpcClientProtocolClient (GrpcClientProtocolClient.java:onNext(255)) - client-D5CE890D7D9E->efcb8ff8-f060-4d95-9215-d0f5eb4af037: receive RaftClientReply:client-D5CE890D7D9E->efcb8ff8-f060-4d95-9215-d0f5eb4af037@group-0959F8DF43ED, cid=1913, SUCCESS, logIndex=0, commits[efcb8ff8-f060-4d95-9215-d0f5eb4af037:c2795, 6fae8b02-e804-4c0e-b729-a97b7404b7f6:c2793, 4c3e8a66-6975-4917-8225-d3efe707aaff:c2793]
2019-09-04 11:46:14,675 | INFO  | SCMAudit | user=jenkins1000 | ip=192.168.36.67 | op=ALLOCATE_BLOCK {owner=8ab292a2-aaa7-4ad8-863a-d33994811155, size=4194304, type=RATIS, factor=THREE} | ret=SUCCESS |  
2019-09-04 11:46:14,679 | INFO  | OMAudit | user=jenkins1000 | ip=127.0.0.1 | op=ALLOCATE_BLOCK {volume=vol-0-58699, bucket=bucket-0-57464, key=key-0-37266, dataSize=0, replicationType=null, replicationFactor=null, keyLocationInfo=null, clientID=102734073355960722} | ret=SUCCESS |  
2019-09-04 11:46:14,687 | INFO  | DNAudit | user=null | ip=null | op=WRITE_CHUNK {blockData=conID: 3 locID: 102734074653901335 bcsId: 0} | ret=SUCCESS |  
2019-09-04 11:46:14,690 | INFO  | DNAudit | user=null | ip=null | op=WRITE_CHUNK {blockData=conID: 3 locID: 102734074653901335 bcsId: 0} | ret=SUCCESS |  
2019-09-04 11:46:14,691 | INFO  | DNAudit | user=null | ip=null | op=WRITE_CHUNK {blockData=conID: 3 locID: 102734074653901335 bcsId: 0} | ret=SUCCESS |  
2019-09-04 11:46:14,691 | INFO  | DNAudit | user=null | ip=null | op=WRITE_CHUNK {blockData=conID: 3 locID: 102734074653901335 bcsId: 0} | ret=SUCCESS |  
2019-09-04 11:46:14,693 | INFO  | DNAudit | user=null | ip=null | op=WRITE_CHUNK {blockData=conID: 3 locID: 102734074653901335 bcsId: 0} | ret=SUCCESS |  
2019-09-04 11:46:14,694 | INFO  | DNAudit | user=null | ip=null | op=WRITE_CHUNK {blockData=conID: 3 locID: 102734074653901335 bcsId: 0} | ret=SUCCESS |  
2019-09-04 11:46:14,708 | INFO  | DNAudit | user=null | ip=null | op=WRITE_CHUNK {blockData=conID: 3 locID: 102734074653901335 bcsId: 0} | ret=SUCCESS |  
2019-09-04 11:46:14,709 | INFO  | DNAudit | user=null | ip=null | op=PUT_BLOCK {blockData=[blockId=conID: 3 locID: 102734074653901335 bcsId: 0,size=1048576]} | ret=SUCCESS |  
2019-09-04 11:46:14,709 [grpc-default-executor-5] INFO  client.GrpcClientProtocolClient (GrpcClientProtocolClient.java:onNext(255)) - client-D5CE890D7D9E->efcb8ff8-f060-4d95-9215-d0f5eb4af037: receive RaftClientReply:client-D5CE890D7D9E->efcb8ff8-f060-4d95-9215-d0f5eb4af037@group-0959F8DF43ED, cid=1914, SUCCESS, logIndex=2796, commits[efcb8ff8-f060-4d95-9215-d0f5eb4af037:c2799, 6fae8b02-e804-4c0e-b729-a97b7404b7f6:c2795, 4c3e8a66-6975-4917-8225-d3efe707aaff:c2795]
2019-09-04 11:46:14,709 | INFO  | DNAudit | user=null | ip=null | op=WRITE_CHUNK {blockData=conID: 3 locID: 102734074653901335 bcsId: 0} | ret=SUCCESS |  
2019-09-04 11:46:14,709 [grpc-default-executor-5] INFO  client.GrpcClientProtocolClient (GrpcClientProtocolClient.java:onNext(255)) - client-D5CE890D7D9E->efcb8ff8-f060-4d95-9215-d0f5eb4af037: receive RaftClientReply:client-D5CE890D7D9E->efcb8ff8-f060-4d95-9215-d0f5eb4af037@group-0959F8DF43ED, cid=1915, SUCCESS, logIndex=2797, commits[efcb8ff8-f060-4d95-9215-d0f5eb4af037:c2799, 6fae8b02-e804-4c0e-b729-a97b7404b7f6:c2795, 4c3e8a66-6975-4917-8225-d3efe707aaff:c2795]
2019-09-04 11:46:14,710 | INFO  | DNAudit | user=null | ip=null | op=PUT_BLOCK {blockData=[blockId=conID: 3 locID: 102734074653901335 bcsId: 0,size=2097152]} | ret=SUCCESS |  
2019-09-04 11:46:14,710 [grpc-default-executor-5] INFO  client.GrpcClientProtocolClient (GrpcClientProtocolClient.java:onNext(255)) - client-D5CE890D7D9E->efcb8ff8-f060-4d95-9215-d0f5eb4af037: receive RaftClientReply:client-D5CE890D7D9E->efcb8ff8-f060-4d95-9215-d0f5eb4af037@group-0959F8DF43ED, cid=1916, SUCCESS, logIndex=2798, commits[efcb8ff8-f060-4d95-9215-d0f5eb4af037:c2799, 6fae8b02-e804-4c0e-b729-a97b7404b7f6:c2795, 4c3e8a66-6975-4917-8225-d3efe707aaff:c2795]
2019-09-04 11:46:14,710 [grpc-default-executor-5] INFO  client.GrpcClientProtocolClient (GrpcClientProtocolClient.java:onNext(255)) - client-D5CE890D7D9E->efcb8ff8-f060-4d95-9215-d0f5eb4af037: receive RaftClientReply:client-D5CE890D7D9E->efcb8ff8-f060-4d95-9215-d0f5eb4af037@group-0959F8DF43ED, cid=1917, SUCCESS, logIndex=2799, commits[efcb8ff8-f060-4d95-9215-d0f5eb4af037:c2799, 6fae8b02-e804-4c0e-b729-a97b7404b7f6:c2795, 4c3e8a66-6975-4917-8225-d3efe707aaff:c2795]
2019-09-04 11:46:14,736 | INFO  | SCMAudit | user=jenkins1000 | ip=192.168.36.67 | op=SEND_HEARTBEAT {datanodeUUID=4c3e8a66-6975-4917-8225-d3efe707aaff, command=[]} | ret=SUCCESS |  
2019-09-04 11:46:14,736 | INFO  | SCMAudit | user=jenkins1000 | ip=192.168.36.67 | op=SEND_HEARTBEAT {datanodeUUID=6fae8b02-e804-4c0e-b729-a97b7404b7f6, command=[]} | ret=SUCCESS |  
2019-09-04 11:46:14,737 | INFO  | SCMAudit | user=jenkins1000 | ip=192.168.36.67 | op=SEND_HEARTBEAT {datanodeUUID=0b776101-1d39-4f23-96c0-6a8ead31197c, command=[]} | ret=SUCCESS |  
2019-09-04 11:46:14,737 | INFO  | SCMAudit | user=jenkins1000 | ip=192.168.36.67 | op=SEND_HEARTBEAT {datanodeUUID=efcb8ff8-f060-4d95-9215-d0f5eb4af037, command=[]} | ret=SUCCESS |  
2019-09-04 11:46:14,757 | INFO  | DNAudit | user=null | ip=null | op=WRITE_CHUNK {blockData=conID: 3 locID: 102734074653901335 bcsId: 0} | ret=SUCCESS |  
2019-09-04 11:46:14,758 | INFO  | DNAudit | user=null | ip=null | op=PUT_BLOCK {blockData=[blockId=conID: 3 locID: 102734074653901335 bcsId: 0,size=1048576]} | ret=SUCCESS |  
2019-09-04 11:46:14,758 | INFO  | DNAudit | user=null | ip=null | op=WRITE_CHUNK {blockData=conID: 3 locID: 102734074653901335 bcsId: 0} | ret=SUCCESS |  
2019-09-04 11:46:14,759 | INFO  | DNAudit | user=null | ip=null | op=WRITE_CHUNK {blockData=conID: 3 locID: 102734074653901335 bcsId: 0} | ret=SUCCESS |  
2019-09-04 11:46:14,759 | INFO  | DNAudit | user=null | ip=null | op=PUT_BLOCK {blockData=[blockId=conID: 3 locID: 102734074653901335 bcsId: 0,size=1048576]} | ret=SUCCESS |  
2019-09-04 11:46:14,759 | INFO  | DNAudit | user=null | ip=null | op=PUT_BLOCK {blockData=[blockId=conID: 3 locID: 102734074653901335 bcsId: 0,size=2097152]} | ret=SUCCESS |  
2019-09-04 11:46:14,760 | INFO  | DNAudit | user=null | ip=null | op=WRITE_CHUNK {blockData=conID: 3 locID: 102734074653901335 bcsId: 0} | ret=SUCCESS |  
2019-09-04 11:46:14,760 | INFO  | DNAudit | user=null | ip=null | op=PUT_BLOCK {blockData=[blockId=conID: 3 locID: 102734074653901335 bcsId: 0,size=2097152]} | ret=SUCCESS |  
2019-09-04 11:46:14,760 [grpc-default-executor-5] INFO  client.GrpcClientProtocolClient (GrpcClientProtocolClient.java:onNext(255)) - client-D5CE890D7D9E->efcb8ff8-f060-4d95-9215-d0f5eb4af037: receive RaftClientReply:client-D5CE890D7D9E->efcb8ff8-f060-4d95-9215-d0f5eb4af037@group-0959F8DF43ED, cid=1918, SUCCESS, logIndex=0, commits[efcb8ff8-f060-4d95-9215-d0f5eb4af037:c2803, 6fae8b02-e804-4c0e-b729-a97b7404b7f6:c2797, 4c3e8a66-6975-4917-8225-d3efe707aaff:c2799]
2019-09-04 11:46:14,768 | INFO  | DNAudit | user=null | ip=null | op=WRITE_CHUNK {blockData=conID: 3 locID: 102734074653901335 bcsId: 2799} | ret=SUCCESS |  
2019-09-04 11:46:14,772 | INFO  | DNAudit | user=null | ip=null | op=WRITE_CHUNK {blockData=conID: 3 locID: 102734074653901335 bcsId: 2799} | ret=SUCCESS |  
2019-09-04 11:46:14,772 | INFO  | DNAudit | user=null | ip=null | op=WRITE_CHUNK {blockData=conID: 3 locID: 102734074653901335 bcsId: 2799} | ret=SUCCESS |  
2019-09-04 11:46:14,784 | INFO  | DNAudit | user=null | ip=null | op=WRITE_CHUNK {blockData=conID: 3 locID: 102734074653901335 bcsId: 2799} | ret=SUCCESS |  
2019-09-04 11:46:14,785 | INFO  | DNAudit | user=null | ip=null | op=PUT_BLOCK {blockData=[blockId=conID: 3 locID: 102734074653901335 bcsId: 0,size=3145728]} | ret=SUCCESS |  
2019-09-04 11:46:14,785 [grpc-default-executor-1] INFO  client.GrpcClientProtocolClient (GrpcClientProtocolClient.java:onNext(255)) - client-D5CE890D7D9E->efcb8ff8-f060-4d95-9215-d0f5eb4af037: receive RaftClientReply:client-D5CE890D7D9E->efcb8ff8-f060-4d95-9215-d0f5eb4af037@group-0959F8DF43ED, cid=1919, SUCCESS, logIndex=2804, commits[efcb8ff8-f060-4d95-9215-d0f5eb4af037:c2805, 6fae8b02-e804-4c0e-b729-a97b7404b7f6:c2803, 4c3e8a66-6975-4917-8225-d3efe707aaff:c2803]
2019-09-04 11:46:14,786 [grpc-default-executor-1] INFO  client.GrpcClientProtocolClient (GrpcClientProtocolClient.java:onNext(255)) - client-D5CE890D7D9E->efcb8ff8-f060-4d95-9215-d0f5eb4af037: receive RaftClientReply:client-D5CE890D7D9E->efcb8ff8-f060-4d95-9215-d0f5eb4af037@group-0959F8DF43ED, cid=1920, SUCCESS, logIndex=2805, commits[efcb8ff8-f060-4d95-9215-d0f5eb4af037:c2805, 6fae8b02-e804-4c0e-b729-a97b7404b7f6:c2803, 4c3e8a66-6975-4917-8225-d3efe707aaff:c2803]
2019-09-04 11:46:14,793 | INFO  | DNAudit | user=null | ip=null | op=WRITE_CHUNK {blockData=conID: 3 locID: 102734074653901335 bcsId: 2805} | ret=SUCCESS |  
2019-09-04 11:46:14,796 | INFO  | DNAudit | user=null | ip=null | op=WRITE_CHUNK {blockData=conID: 3 locID: 102734074653901335 bcsId: 2805} | ret=SUCCESS |  
2019-09-04 11:46:14,796 | INFO  | DNAudit | user=null | ip=null | op=WRITE_CHUNK {blockData=conID: 3 locID: 102734074653901335 bcsId: 2805} | ret=SUCCESS |  
2019-09-04 11:46:14,808 | INFO  | DNAudit | user=null | ip=null | op=WRITE_CHUNK {blockData=conID: 3 locID: 102734074653901335 bcsId: 2799} | ret=SUCCESS |  
2019-09-04 11:46:14,808 | INFO  | DNAudit | user=null | ip=null | op=WRITE_CHUNK {blockData=conID: 3 locID: 102734074653901335 bcsId: 2799} | ret=SUCCESS |  
2019-09-04 11:46:14,809 | INFO  | DNAudit | user=null | ip=null | op=PUT_BLOCK {blockData=[blockId=conID: 3 locID: 102734074653901335 bcsId: 0,size=3145728]} | ret=SUCCESS |  
2019-09-04 11:46:14,809 | INFO  | DNAudit | user=null | ip=null | op=PUT_BLOCK {blockData=[blockId=conID: 3 locID: 102734074653901335 bcsId: 0,size=3145728]} | ret=SUCCESS |  
2019-09-04 11:46:14,810 | INFO  | DNAudit | user=null | ip=null | op=WRITE_CHUNK {blockData=conID: 3 locID: 102734074653901335 bcsId: 2805} | ret=SUCCESS |  
2019-09-04 11:46:14,810 | INFO  | DNAudit | user=null | ip=null | op=PUT_BLOCK {blockData=[blockId=conID: 3 locID: 102734074653901335 bcsId: 0,size=4194304]} | ret=SUCCESS |  
2019-09-04 11:46:14,810 [grpc-default-executor-1] INFO  client.GrpcClientProtocolClient (GrpcClientProtocolClient.java:onNext(255)) - client-D5CE890D7D9E->efcb8ff8-f060-4d95-9215-d0f5eb4af037: receive RaftClientReply:client-D5CE890D7D9E->efcb8ff8-f060-4d95-9215-d0f5eb4af037@group-0959F8DF43ED, cid=1921, SUCCESS, logIndex=2808, commits[efcb8ff8-f060-4d95-9215-d0f5eb4af037:c2809, 6fae8b02-e804-4c0e-b729-a97b7404b7f6:c2805, 4c3e8a66-6975-4917-8225-d3efe707aaff:c2805]
2019-09-04 11:46:14,811 [grpc-default-executor-1] INFO  client.GrpcClientProtocolClient (GrpcClientProtocolClient.java:onNext(255)) - client-D5CE890D7D9E->efcb8ff8-f060-4d95-9215-d0f5eb4af037: receive RaftClientReply:client-D5CE890D7D9E->efcb8ff8-f060-4d95-9215-d0f5eb4af037@group-0959F8DF43ED, cid=1922, SUCCESS, logIndex=2809, commits[efcb8ff8-f060-4d95-9215-d0f5eb4af037:c2809, 6fae8b02-e804-4c0e-b729-a97b7404b7f6:c2805, 4c3e8a66-6975-4917-8225-d3efe707aaff:c2805]
2019-09-04 11:46:14,886 | INFO  | DNAudit | user=null | ip=null | op=WRITE_CHUNK {blockData=conID: 3 locID: 102734074653901335 bcsId: 2805} | ret=SUCCESS |  
2019-09-04 11:46:14,888 | INFO  | DNAudit | user=null | ip=null | op=WRITE_CHUNK {blockData=conID: 3 locID: 102734074653901335 bcsId: 2805} | ret=SUCCESS |  
2019-09-04 11:46:14,889 | INFO  | DNAudit | user=null | ip=null | op=PUT_BLOCK {blockData=[blockId=conID: 3 locID: 102734074653901335 bcsId: 0,size=4194304]} | ret=SUCCESS |  
2019-09-04 11:46:14,889 | INFO  | DNAudit | user=null | ip=null | op=PUT_BLOCK {blockData=[blockId=conID: 3 locID: 102734074653901335 bcsId: 0,size=4194304]} | ret=SUCCESS |  
2019-09-04 11:46:14,890 [grpc-default-executor-1] INFO  client.GrpcClientProtocolClient (GrpcClientProtocolClient.java:onNext(255)) - client-D5CE890D7D9E->efcb8ff8-f060-4d95-9215-d0f5eb4af037: receive RaftClientReply:client-D5CE890D7D9E->efcb8ff8-f060-4d95-9215-d0f5eb4af037@group-0959F8DF43ED, cid=1923, SUCCESS, logIndex=0, commits[efcb8ff8-f060-4d95-9215-d0f5eb4af037:c2811, 6fae8b02-e804-4c0e-b729-a97b7404b7f6:c2809, 4c3e8a66-6975-4917-8225-d3efe707aaff:c2809]
2019-09-04 11:46:14,895 | INFO  | SCMAudit | user=jenkins1000 | ip=192.168.36.67 | op=ALLOCATE_BLOCK {owner=8ab292a2-aaa7-4ad8-863a-d33994811155, size=4194304, type=RATIS, factor=THREE} | ret=SUCCESS |  
2019-09-04 11:46:14,897 | INFO  | OMAudit | user=jenkins1000 | ip=127.0.0.1 | op=ALLOCATE_BLOCK {volume=vol-0-58699, bucket=bucket-0-57464, key=key-0-37266, dataSize=0, replicationType=null, replicationFactor=null, keyLocationInfo=null, clientID=102734073355960722} | ret=SUCCESS |  
 0.00% |█                                                                                                    |  0/1 Time: 0:00:202019-09-04 11:46:14,906 | INFO  | DNAudit | user=null | ip=null | op=WRITE_CHUNK {blockData=conID: 1 locID: 102734074668253720 bcsId: 0} | ret=SUCCESS |  
2019-09-04 11:46:14,908 | INFO  | DNAudit | user=null | ip=null | op=WRITE_CHUNK {blockData=conID: 1 locID: 102734074668253720 bcsId: 0} | ret=SUCCESS |  
2019-09-04 11:46:14,909 | INFO  | DNAudit | user=null | ip=null | op=WRITE_CHUNK {blockData=conID: 1 locID: 102734074668253720 bcsId: 0} | ret=SUCCESS |  
2019-09-04 11:46:14,910 | INFO  | DNAudit | user=null | ip=null | op=WRITE_CHUNK {blockData=conID: 1 locID: 102734074668253720 bcsId: 0} | ret=SUCCESS |  
2019-09-04 11:46:14,910 | INFO  | DNAudit | user=null | ip=null | op=WRITE_CHUNK {blockData=conID: 1 locID: 102734074668253720 bcsId: 0} | ret=SUCCESS |  
2019-09-04 11:46:14,911 | INFO  | DNAudit | user=null | ip=null | op=WRITE_CHUNK {blockData=conID: 1 locID: 102734074668253720 bcsId: 0} | ret=SUCCESS |  
2019-09-04 11:46:14,939 | INFO  | DNAudit | user=null | ip=null | op=WRITE_CHUNK {blockData=conID: 1 locID: 102734074668253720 bcsId: 0} | ret=SUCCESS |  
2019-09-04 11:46:14,940 | INFO  | DNAudit | user=null | ip=null | op=PUT_BLOCK {blockData=[blockId=conID: 1 locID: 102734074668253720 bcsId: 0,size=1048576]} | ret=SUCCESS |  
2019-09-04 11:46:14,940 [grpc-default-executor-5] INFO  client.GrpcClientProtocolClient (GrpcClientProtocolClient.java:onNext(255)) - client-D5CE890D7D9E->efcb8ff8-f060-4d95-9215-d0f5eb4af037: receive RaftClientReply:client-D5CE890D7D9E->efcb8ff8-f060-4d95-9215-d0f5eb4af037@group-0959F8DF43ED, cid=1924, SUCCESS, logIndex=2812, commits[efcb8ff8-f060-4d95-9215-d0f5eb4af037:c2814, 6fae8b02-e804-4c0e-b729-a97b7404b7f6:c2811, 4c3e8a66-6975-4917-8225-d3efe707aaff:c2811]
2019-09-04 11:46:14,940 | INFO  | DNAudit | user=null | ip=null | op=WRITE_CHUNK {blockData=conID: 1 locID: 102734074668253720 bcsId: 0} | ret=SUCCESS |  
2019-09-04 11:46:14,941 [grpc-default-executor-5] INFO  client.GrpcClientProtocolClient (GrpcClientProtocolClient.java:onNext(255)) - client-D5CE890D7D9E->efcb8ff8-f060-4d95-9215-d0f5eb4af037: receive RaftClientReply:client-D5CE890D7D9E->efcb8ff8-f060-4d95-9215-d0f5eb4af037@group-0959F8DF43ED, cid=1925, SUCCESS, logIndex=2813, commits[efcb8ff8-f060-4d95-9215-d0f5eb4af037:c2815, 6fae8b02-e804-4c0e-b729-a97b7404b7f6:c2811, 4c3e8a66-6975-4917-8225-d3efe707aaff:c2811]
2019-09-04 11:46:14,941 | INFO  | DNAudit | user=null | ip=null | op=PUT_BLOCK {blockData=[blockId=conID: 1 locID: 102734074668253720 bcsId: 0,size=2097152]} | ret=SUCCESS |  
2019-09-04 11:46:14,941 [grpc-default-executor-5] INFO  client.GrpcClientProtocolClient (GrpcClientProtocolClient.java:onNext(255)) - client-D5CE890D7D9E->efcb8ff8-f060-4d95-9215-d0f5eb4af037: receive RaftClientReply:client-D5CE890D7D9E->efcb8ff8-f060-4d95-9215-d0f5eb4af037@group-0959F8DF43ED, cid=1926, SUCCESS, logIndex=2814, commits[efcb8ff8-f060-4d95-9215-d0f5eb4af037:c2815, 6fae8b02-e804-4c0e-b729-a97b7404b7f6:c2811, 4c3e8a66-6975-4917-8225-d3efe707aaff:c2811]
2019-09-04 11:46:14,941 [grpc-default-executor-5] INFO  client.GrpcClientProtocolClient (GrpcClientProtocolClient.java:onNext(255)) - client-D5CE890D7D9E->efcb8ff8-f060-4d95-9215-d0f5eb4af037: receive RaftClientReply:client-D5CE890D7D9E->efcb8ff8-f060-4d95-9215-d0f5eb4af037@group-0959F8DF43ED, cid=1927, SUCCESS, logIndex=2815, commits[efcb8ff8-f060-4d95-9215-d0f5eb4af037:c2815, 6fae8b02-e804-4c0e-b729-a97b7404b7f6:c2811, 4c3e8a66-6975-4917-8225-d3efe707aaff:c2811]
2019-09-04 11:46:14,960 | INFO  | DNAudit | user=null | ip=null | op=WRITE_CHUNK {blockData=conID: 1 locID: 102734074668253720 bcsId: 0} | ret=SUCCESS |  
2019-09-04 11:46:14,960 | INFO  | DNAudit | user=null | ip=null | op=WRITE_CHUNK {blockData=conID: 1 locID: 102734074668253720 bcsId: 0} | ret=SUCCESS |  
2019-09-04 11:46:14,960 | INFO  | DNAudit | user=null | ip=null | op=PUT_BLOCK {blockData=[blockId=conID: 1 locID: 102734074668253720 bcsId: 0,size=1048576]} | ret=SUCCESS |  
2019-09-04 11:46:14,961 | INFO  | DNAudit | user=null | ip=null | op=PUT_BLOCK {blockData=[blockId=conID: 1 locID: 102734074668253720 bcsId: 0,size=1048576]} | ret=SUCCESS |  
2019-09-04 11:46:14,961 [grpc-default-executor-5] INFO  client.GrpcClientProtocolClient (GrpcClientProtocolClient.java:onNext(255)) - client-D5CE890D7D9E->efcb8ff8-f060-4d95-9215-d0f5eb4af037: receive RaftClientReply:client-D5CE890D7D9E->efcb8ff8-f060-4d95-9215-d0f5eb4af037@group-0959F8DF43ED, cid=1928, SUCCESS, logIndex=0, commits[efcb8ff8-f060-4d95-9215-d0f5eb4af037:c2816, 6fae8b02-e804-4c0e-b729-a97b7404b7f6:c2813, 4c3e8a66-6975-4917-8225-d3efe707aaff:c2813]
2019-09-04 11:46:14,968 | INFO  | DNAudit | user=null | ip=null | op=WRITE_CHUNK {blockData=conID: 1 locID: 102734074668253720 bcsId: 2815} | ret=SUCCESS |  
2019-09-04 11:46:14,970 | INFO  | DNAudit | user=null | ip=null | op=WRITE_CHUNK {blockData=conID: 1 locID: 102734074668253720 bcsId: 2815} | ret=SUCCESS |  
2019-09-04 11:46:14,971 | INFO  | DNAudit | user=null | ip=null | op=WRITE_CHUNK {blockData=conID: 1 locID: 102734074668253720 bcsId: 2815} | ret=SUCCESS |  
2019-09-04 11:46:15,015 | INFO  | DNAudit | user=null | ip=null | op=WRITE_CHUNK {blockData=conID: 1 locID: 102734074668253720 bcsId: 0} | ret=SUCCESS |  
2019-09-04 11:46:15,015 | INFO  | DNAudit | user=null | ip=null | op=WRITE_CHUNK {blockData=conID: 1 locID: 102734074668253720 bcsId: 0} | ret=SUCCESS |  
2019-09-04 11:46:15,015 | INFO  | DNAudit | user=null | ip=null | op=PUT_BLOCK {blockData=[blockId=conID: 1 locID: 102734074668253720 bcsId: 0,size=2097152]} | ret=SUCCESS |  
2019-09-04 11:46:15,015 | INFO  | DNAudit | user=null | ip=null | op=PUT_BLOCK {blockData=[blockId=conID: 1 locID: 102734074668253720 bcsId: 0,size=2097152]} | ret=SUCCESS |  
2019-09-04 11:46:15,017 | INFO  | DNAudit | user=null | ip=null | op=WRITE_CHUNK {blockData=conID: 1 locID: 102734074668253720 bcsId: 2815} | ret=SUCCESS |  
2019-09-04 11:46:15,017 | INFO  | DNAudit | user=null | ip=null | op=PUT_BLOCK {blockData=[blockId=conID: 1 locID: 102734074668253720 bcsId: 0,size=3145728]} | ret=SUCCESS |  
2019-09-04 11:46:15,017 [grpc-default-executor-6] INFO  client.GrpcClientProtocolClient (GrpcClientProtocolClient.java:onNext(255)) - client-D5CE890D7D9E->efcb8ff8-f060-4d95-9215-d0f5eb4af037: receive RaftClientReply:client-D5CE890D7D9E->efcb8ff8-f060-4d95-9215-d0f5eb4af037@group-0959F8DF43ED, cid=1929, SUCCESS, logIndex=2820, commits[efcb8ff8-f060-4d95-9215-d0f5eb4af037:c2821, 6fae8b02-e804-4c0e-b729-a97b7404b7f6:c2815, 4c3e8a66-6975-4917-8225-d3efe707aaff:c2816]
2019-09-04 11:46:15,018 [grpc-default-executor-6] INFO  client.GrpcClientProtocolClient (GrpcClientProtocolClient.java:onNext(255)) - client-D5CE890D7D9E->efcb8ff8-f060-4d95-9215-d0f5eb4af037: receive RaftClientReply:client-D5CE890D7D9E->efcb8ff8-f060-4d95-9215-d0f5eb4af037@group-0959F8DF43ED, cid=1930, SUCCESS, logIndex=2821, commits[efcb8ff8-f060-4d95-9215-d0f5eb4af037:c2821, 6fae8b02-e804-4c0e-b729-a97b7404b7f6:c2816, 4c3e8a66-6975-4917-8225-d3efe707aaff:c2816]
2019-09-04 11:46:15,025 | INFO  | DNAudit | user=null | ip=null | op=WRITE_CHUNK {blockData=conID: 1 locID: 102734074668253720 bcsId: 2821} | ret=SUCCESS |  
2019-09-04 11:46:15,027 | INFO  | DNAudit | user=null | ip=null | op=WRITE_CHUNK {blockData=conID: 1 locID: 102734074668253720 bcsId: 2821} | ret=SUCCESS |  
2019-09-04 11:46:15,028 | INFO  | DNAudit | user=null | ip=null | op=WRITE_CHUNK {blockData=conID: 1 locID: 102734074668253720 bcsId: 2821} | ret=SUCCESS |  
2019-09-04 11:46:15,040 | INFO  | DNAudit | user=null | ip=null | op=WRITE_CHUNK {blockData=conID: 1 locID: 102734074668253720 bcsId: 2815} | ret=SUCCESS |  
2019-09-04 11:46:15,040 | INFO  | DNAudit | user=null | ip=null | op=WRITE_CHUNK {blockData=conID: 1 locID: 102734074668253720 bcsId: 2815} | ret=SUCCESS |  
2019-09-04 11:46:15,041 | INFO  | DNAudit | user=null | ip=null | op=PUT_BLOCK {blockData=[blockId=conID: 1 locID: 102734074668253720 bcsId: 0,size=3145728]} | ret=SUCCESS |  
2019-09-04 11:46:15,041 | INFO  | DNAudit | user=null | ip=null | op=PUT_BLOCK {blockData=[blockId=conID: 1 locID: 102734074668253720 bcsId: 0,size=3145728]} | ret=SUCCESS |  
2019-09-04 11:46:15,042 | INFO  | DNAudit | user=null | ip=null | op=WRITE_CHUNK {blockData=conID: 1 locID: 102734074668253720 bcsId: 2821} | ret=SUCCESS |  
2019-09-04 11:46:15,042 | INFO  | DNAudit | user=null | ip=null | op=PUT_BLOCK {blockData=[blockId=conID: 1 locID: 102734074668253720 bcsId: 0,size=4194304]} | ret=SUCCESS |  
2019-09-04 11:46:15,043 [grpc-default-executor-6] INFO  client.GrpcClientProtocolClient (GrpcClientProtocolClient.java:onNext(255)) - client-D5CE890D7D9E->efcb8ff8-f060-4d95-9215-d0f5eb4af037: receive RaftClientReply:client-D5CE890D7D9E->efcb8ff8-f060-4d95-9215-d0f5eb4af037@group-0959F8DF43ED, cid=1931, SUCCESS, logIndex=2824, commits[efcb8ff8-f060-4d95-9215-d0f5eb4af037:c2825, 6fae8b02-e804-4c0e-b729-a97b7404b7f6:c2821, 4c3e8a66-6975-4917-8225-d3efe707aaff:c2821]
2019-09-04 11:46:15,043 [grpc-default-executor-6] INFO  client.GrpcClientProtocolClient (GrpcClientProtocolClient.java:onNext(255)) - client-D5CE890D7D9E->efcb8ff8-f060-4d95-9215-d0f5eb4af037: receive RaftClientReply:client-D5CE890D7D9E->efcb8ff8-f060-4d95-9215-d0f5eb4af037@group-0959F8DF43ED, cid=1932, SUCCESS, logIndex=2825, commits[efcb8ff8-f060-4d95-9215-d0f5eb4af037:c2825, 6fae8b02-e804-4c0e-b729-a97b7404b7f6:c2821, 4c3e8a66-6975-4917-8225-d3efe707aaff:c2821]
2019-09-04 11:46:15,051 | INFO  | DNAudit | user=null | ip=null | op=WRITE_CHUNK {blockData=conID: 1 locID: 102734074668253720 bcsId: 2821} | ret=SUCCESS |  
2019-09-04 11:46:15,051 | INFO  | DNAudit | user=null | ip=null | op=WRITE_CHUNK {blockData=conID: 1 locID: 102734074668253720 bcsId: 2821} | ret=SUCCESS |  
2019-09-04 11:46:15,052 | INFO  | DNAudit | user=null | ip=null | op=PUT_BLOCK {blockData=[blockId=conID: 1 locID: 102734074668253720 bcsId: 0,size=4194304]} | ret=SUCCESS |  
2019-09-04 11:46:15,052 | INFO  | DNAudit | user=null | ip=null | op=PUT_BLOCK {blockData=[blockId=conID: 1 locID: 102734074668253720 bcsId: 0,size=4194304]} | ret=SUCCESS |  
2019-09-04 11:46:15,053 [grpc-default-executor-6] INFO  client.GrpcClientProtocolClient (GrpcClientProtocolClient.java:onNext(255)) - client-D5CE890D7D9E->efcb8ff8-f060-4d95-9215-d0f5eb4af037: receive RaftClientReply:client-D5CE890D7D9E->efcb8ff8-f060-4d95-9215-d0f5eb4af037@group-0959F8DF43ED, cid=1933, SUCCESS, logIndex=0, commits[efcb8ff8-f060-4d95-9215-d0f5eb4af037:c2827, 6fae8b02-e804-4c0e-b729-a97b7404b7f6:c2825, 4c3e8a66-6975-4917-8225-d3efe707aaff:c2825]
2019-09-04 11:46:15,057 | INFO  | SCMAudit | user=jenkins1000 | ip=192.168.36.67 | op=ALLOCATE_BLOCK {owner=8ab292a2-aaa7-4ad8-863a-d33994811155, size=4194304, type=RATIS, factor=THREE} | ret=SUCCESS |  
2019-09-04 11:46:15,060 | INFO  | OMAudit | user=jenkins1000 | ip=127.0.0.1 | op=ALLOCATE_BLOCK {volume=vol-0-58699, bucket=bucket-0-57464, key=key-0-37266, dataSize=0, replicationType=null, replicationFactor=null, keyLocationInfo=null, clientID=102734073355960722} | ret=SUCCESS |  
2019-09-04 11:46:15,072 | INFO  | DNAudit | user=null | ip=null | op=WRITE_CHUNK {blockData=conID: 2 locID: 102734074678936089 bcsId: 0} | ret=SUCCESS |  
2019-09-04 11:46:15,078 | INFO  | DNAudit | user=null | ip=null | op=WRITE_CHUNK {blockData=conID: 2 locID: 102734074678936089 bcsId: 0} | ret=SUCCESS |  
2019-09-04 11:46:15,079 | INFO  | DNAudit | user=null | ip=null | op=WRITE_CHUNK {blockData=conID: 2 locID: 102734074678936089 bcsId: 0} | ret=SUCCESS |  
2019-09-04 11:46:15,079 | INFO  | DNAudit | user=null | ip=null | op=WRITE_CHUNK {blockData=conID: 2 locID: 102734074678936089 bcsId: 0} | ret=SUCCESS |  
2019-09-04 11:46:15,081 | INFO  | DNAudit | user=null | ip=null | op=WRITE_CHUNK {blockData=conID: 2 locID: 102734074678936089 bcsId: 0} | ret=SUCCESS |  
2019-09-04 11:46:15,081 | INFO  | DNAudit | user=null | ip=null | op=WRITE_CHUNK {blockData=conID: 2 locID: 102734074678936089 bcsId: 0} | ret=SUCCESS |  
2019-09-04 11:46:15,110 | INFO  | DNAudit | user=null | ip=null | op=WRITE_CHUNK {blockData=conID: 2 locID: 102734074678936089 bcsId: 0} | ret=SUCCESS |  
2019-09-04 11:46:15,111 | INFO  | DNAudit | user=null | ip=null | op=PUT_BLOCK {blockData=[blockId=conID: 2 locID: 102734074678936089 bcsId: 0,size=1048576]} | ret=SUCCESS |  
2019-09-04 11:46:15,111 [grpc-default-executor-0] INFO  client.GrpcClientProtocolClient (GrpcClientProtocolClient.java:onNext(255)) - client-D5CE890D7D9E->efcb8ff8-f060-4d95-9215-d0f5eb4af037: receive RaftClientReply:client-D5CE890D7D9E->efcb8ff8-f060-4d95-9215-d0f5eb4af037@group-0959F8DF43ED, cid=1934, SUCCESS, logIndex=2828, commits[efcb8ff8-f060-4d95-9215-d0f5eb4af037:c2829, 6fae8b02-e804-4c0e-b729-a97b7404b7f6:c2827, 4c3e8a66-6975-4917-8225-d3efe707aaff:c2827]
2019-09-04 11:46:15,111 [grpc-default-executor-0] INFO  client.GrpcClientProtocolClient (GrpcClientProtocolClient.java:onNext(255)) - client-D5CE890D7D9E->efcb8ff8-f060-4d95-9215-d0f5eb4af037: receive RaftClientReply:client-D5CE890D7D9E->efcb8ff8-f060-4d95-9215-d0f5eb4af037@group-0959F8DF43ED, cid=1935, SUCCESS, logIndex=2829, commits[efcb8ff8-f060-4d95-9215-d0f5eb4af037:c2829, 6fae8b02-e804-4c0e-b729-a97b7404b7f6:c2827, 4c3e8a66-6975-4917-8225-d3efe707aaff:c2827]
2019-09-04 11:46:15,122 | INFO  | SCMAudit | user=jenkins1000 | ip=192.168.36.67 | op=SEND_HEARTBEAT {datanodeUUID=b68b188c-7f38-42ae-8403-46a39acd0731, command=[]} | ret=SUCCESS |  
2019-09-04 11:46:15,130 | INFO  | DNAudit | user=null | ip=null | op=WRITE_CHUNK {blockData=conID: 2 locID: 102734074678936089 bcsId: 0} | ret=SUCCESS |  
2019-09-04 11:46:15,130 | INFO  | DNAudit | user=null | ip=null | op=PUT_BLOCK {blockData=[blockId=conID: 2 locID: 102734074678936089 bcsId: 0,size=2097152]} | ret=SUCCESS |  
2019-09-04 11:46:15,131 | INFO  | DNAudit | user=null | ip=null | op=WRITE_CHUNK {blockData=conID: 2 locID: 102734074678936089 bcsId: 0} | ret=SUCCESS |  
2019-09-04 11:46:15,131 [grpc-default-executor-6] INFO  client.GrpcClientProtocolClient (GrpcClientProtocolClient.java:onNext(255)) - client-D5CE890D7D9E->efcb8ff8-f060-4d95-9215-d0f5eb4af037: receive RaftClientReply:client-D5CE890D7D9E->efcb8ff8-f060-4d95-9215-d0f5eb4af037@group-0959F8DF43ED, cid=1936, SUCCESS, logIndex=2830, commits[efcb8ff8-f060-4d95-9215-d0f5eb4af037:c2831, 6fae8b02-e804-4c0e-b729-a97b7404b7f6:c2827, 4c3e8a66-6975-4917-8225-d3efe707aaff:c2827]
2019-09-04 11:46:15,131 | INFO  | DNAudit | user=null | ip=null | op=PUT_BLOCK {blockData=[blockId=conID: 2 locID: 102734074678936089 bcsId: 0,size=1048576]} | ret=SUCCESS |  
2019-09-04 11:46:15,131 [grpc-default-executor-6] INFO  client.GrpcClientProtocolClient (GrpcClientProtocolClient.java:onNext(255)) - client-D5CE890D7D9E->efcb8ff8-f060-4d95-9215-d0f5eb4af037: receive RaftClientReply:client-D5CE890D7D9E->efcb8ff8-f060-4d95-9215-d0f5eb4af037@group-0959F8DF43ED, cid=1937, SUCCESS, logIndex=2831, commits[efcb8ff8-f060-4d95-9215-d0f5eb4af037:c2831, 6fae8b02-e804-4c0e-b729-a97b7404b7f6:c2827, 4c3e8a66-6975-4917-8225-d3efe707aaff:c2827]
2019-09-04 11:46:15,131 | INFO  | DNAudit | user=null | ip=null | op=WRITE_CHUNK {blockData=conID: 2 locID: 102734074678936089 bcsId: 0} | ret=SUCCESS |  
2019-09-04 11:46:15,132 | INFO  | DNAudit | user=null | ip=null | op=PUT_BLOCK {blockData=[blockId=conID: 2 locID: 102734074678936089 bcsId: 0,size=1048576]} | ret=SUCCESS |  
2019-09-04 11:46:15,132 | INFO  | DNAudit | user=null | ip=null | op=WRITE_CHUNK {blockData=conID: 2 locID: 102734074678936089 bcsId: 0} | ret=SUCCESS |  
2019-09-04 11:46:15,132 | INFO  | DNAudit | user=null | ip=null | op=PUT_BLOCK {blockData=[blockId=conID: 2 locID: 102734074678936089 bcsId: 0,size=2097152]} | ret=SUCCESS |  
2019-09-04 11:46:15,132 [grpc-default-executor-5] INFO  client.GrpcClientProtocolClient (GrpcClientProtocolClient.java:onNext(255)) - client-D5CE890D7D9E->efcb8ff8-f060-4d95-9215-d0f5eb4af037: receive RaftClientReply:client-D5CE890D7D9E->efcb8ff8-f060-4d95-9215-d0f5eb4af037@group-0959F8DF43ED, cid=1938, SUCCESS, logIndex=0, commits[efcb8ff8-f060-4d95-9215-d0f5eb4af037:c2833, 6fae8b02-e804-4c0e-b729-a97b7404b7f6:c2829, 4c3e8a66-6975-4917-8225-d3efe707aaff:c2829]
2019-09-04 11:46:15,132 | INFO  | DNAudit | user=null | ip=null | op=WRITE_CHUNK {blockData=conID: 2 locID: 102734074678936089 bcsId: 0} | ret=SUCCESS |  
2019-09-04 11:46:15,133 | INFO  | DNAudit | user=null | ip=null | op=PUT_BLOCK {blockData=[blockId=conID: 2 locID: 102734074678936089 bcsId: 0,size=2097152]} | ret=SUCCESS |  
2019-09-04 11:46:15,139 | INFO  | DNAudit | user=null | ip=null | op=WRITE_CHUNK {blockData=conID: 2 locID: 102734074678936089 bcsId: 2831} | ret=SUCCESS |  
2019-09-04 11:46:15,141 | INFO  | DNAudit | user=null | ip=null | op=WRITE_CHUNK {blockData=conID: 2 locID: 102734074678936089 bcsId: 2831} | ret=SUCCESS |  
2019-09-04 11:46:15,141 | INFO  | DNAudit | user=null | ip=null | op=WRITE_CHUNK {blockData=conID: 2 locID: 102734074678936089 bcsId: 2831} | ret=SUCCESS |  
2019-09-04 11:46:15,153 | INFO  | DNAudit | user=null | ip=null | op=WRITE_CHUNK {blockData=conID: 2 locID: 102734074678936089 bcsId: 2831} | ret=SUCCESS |  
2019-09-04 11:46:15,153 | INFO  | DNAudit | user=null | ip=null | op=PUT_BLOCK {blockData=[blockId=conID: 2 locID: 102734074678936089 bcsId: 0,size=3145728]} | ret=SUCCESS |  
2019-09-04 11:46:15,153 [grpc-default-executor-6] INFO  client.GrpcClientProtocolClient (GrpcClientProtocolClient.java:onNext(255)) - client-D5CE890D7D9E->efcb8ff8-f060-4d95-9215-d0f5eb4af037: receive RaftClientReply:client-D5CE890D7D9E->efcb8ff8-f060-4d95-9215-d0f5eb4af037@group-0959F8DF43ED, cid=1939, SUCCESS, logIndex=2836, commits[efcb8ff8-f060-4d95-9215-d0f5eb4af037:c2837, 6fae8b02-e804-4c0e-b729-a97b7404b7f6:c2835, 4c3e8a66-6975-4917-8225-d3efe707aaff:c2835]
2019-09-04 11:46:15,154 [grpc-default-executor-6] INFO  client.GrpcClientProtocolClient (GrpcClientProtocolClient.java:onNext(255)) - client-D5CE890D7D9E->efcb8ff8-f060-4d95-9215-d0f5eb4af037: receive RaftClientReply:client-D5CE890D7D9E->efcb8ff8-f060-4d95-9215-d0f5eb4af037@group-0959F8DF43ED, cid=1940, SUCCESS, logIndex=2837, commits[efcb8ff8-f060-4d95-9215-d0f5eb4af037:c2837, 6fae8b02-e804-4c0e-b729-a97b7404b7f6:c2835, 4c3e8a66-6975-4917-8225-d3efe707aaff:c2835]
2019-09-04 11:46:15,160 | INFO  | DNAudit | user=null | ip=null | op=WRITE_CHUNK {blockData=conID: 2 locID: 102734074678936089 bcsId: 2837} | ret=SUCCESS |  
2019-09-04 11:46:15,161 | INFO  | DNAudit | user=null | ip=null | op=WRITE_CHUNK {blockData=conID: 2 locID: 102734074678936089 bcsId: 2837} | ret=SUCCESS |  
2019-09-04 11:46:15,162 | INFO  | DNAudit | user=null | ip=null | op=WRITE_CHUNK {blockData=conID: 2 locID: 102734074678936089 bcsId: 2837} | ret=SUCCESS |  
2019-09-04 11:46:15,170 | INFO  | DNAudit | user=null | ip=null | op=WRITE_CHUNK {blockData=conID: 2 locID: 102734074678936089 bcsId: 2831} | ret=SUCCESS |  
2019-09-04 11:46:15,170 | INFO  | DNAudit | user=null | ip=null | op=WRITE_CHUNK {blockData=conID: 2 locID: 102734074678936089 bcsId: 2831} | ret=SUCCESS |  
2019-09-04 11:46:15,170 | INFO  | DNAudit | user=null | ip=null | op=PUT_BLOCK {blockData=[blockId=conID: 2 locID: 102734074678936089 bcsId: 0,size=3145728]} | ret=SUCCESS |  
2019-09-04 11:46:15,170 | INFO  | DNAudit | user=null | ip=null | op=PUT_BLOCK {blockData=[blockId=conID: 2 locID: 102734074678936089 bcsId: 0,size=3145728]} | ret=SUCCESS |  
2019-09-04 11:46:15,172 | INFO  | DNAudit | user=null | ip=null | op=WRITE_CHUNK {blockData=conID: 2 locID: 102734074678936089 bcsId: 2837} | ret=SUCCESS |  
2019-09-04 11:46:15,172 | INFO  | DNAudit | user=null | ip=null | op=PUT_BLOCK {blockData=[blockId=conID: 2 locID: 102734074678936089 bcsId: 0,size=4194304]} | ret=SUCCESS |  
2019-09-04 11:46:15,172 [grpc-default-executor-5] INFO  client.GrpcClientProtocolClient (GrpcClientProtocolClient.java:onNext(255)) - client-D5CE890D7D9E->efcb8ff8-f060-4d95-9215-d0f5eb4af037: receive RaftClientReply:client-D5CE890D7D9E->efcb8ff8-f060-4d95-9215-d0f5eb4af037@group-0959F8DF43ED, cid=1941, SUCCESS, logIndex=2840, commits[efcb8ff8-f060-4d95-9215-d0f5eb4af037:c2841, 6fae8b02-e804-4c0e-b729-a97b7404b7f6:c2837, 4c3e8a66-6975-4917-8225-d3efe707aaff:c2837]
2019-09-04 11:46:15,173 [grpc-default-executor-5] INFO  client.GrpcClientProtocolClient (GrpcClientProtocolClient.java:onNext(255)) - client-D5CE890D7D9E->efcb8ff8-f060-4d95-9215-d0f5eb4af037: receive RaftClientReply:client-D5CE890D7D9E->efcb8ff8-f060-4d95-9215-d0f5eb4af037@group-0959F8DF43ED, cid=1942, SUCCESS, logIndex=2841, commits[efcb8ff8-f060-4d95-9215-d0f5eb4af037:c2841, 6fae8b02-e804-4c0e-b729-a97b7404b7f6:c2837, 4c3e8a66-6975-4917-8225-d3efe707aaff:c2837]
2019-09-04 11:46:15,195 | INFO  | DNAudit | user=null | ip=null | op=WRITE_CHUNK {blockData=conID: 2 locID: 102734074678936089 bcsId: 2837} | ret=SUCCESS |  
2019-09-04 11:46:15,195 | INFO  | DNAudit | user=null | ip=null | op=WRITE_CHUNK {blockData=conID: 2 locID: 102734074678936089 bcsId: 2837} | ret=SUCCESS |  
2019-09-04 11:46:15,195 | INFO  | DNAudit | user=null | ip=null | op=PUT_BLOCK {blockData=[blockId=conID: 2 locID: 102734074678936089 bcsId: 0,size=4194304]} | ret=SUCCESS |  
2019-09-04 11:46:15,195 | INFO  | DNAudit | user=null | ip=null | op=PUT_BLOCK {blockData=[blockId=conID: 2 locID: 102734074678936089 bcsId: 0,size=4194304]} | ret=SUCCESS |  
2019-09-04 11:46:15,196 [grpc-default-executor-5] INFO  client.GrpcClientProtocolClient (GrpcClientProtocolClient.java:onNext(255)) - client-D5CE890D7D9E->efcb8ff8-f060-4d95-9215-d0f5eb4af037: receive RaftClientReply:client-D5CE890D7D9E->efcb8ff8-f060-4d95-9215-d0f5eb4af037@group-0959F8DF43ED, cid=1943, SUCCESS, logIndex=0, commits[efcb8ff8-f060-4d95-9215-d0f5eb4af037:c2842, 6fae8b02-e804-4c0e-b729-a97b7404b7f6:c2841, 4c3e8a66-6975-4917-8225-d3efe707aaff:c2841]
2019-09-04 11:46:15,201 | INFO  | SCMAudit | user=jenkins1000 | ip=192.168.36.67 | op=ALLOCATE_BLOCK {owner=8ab292a2-aaa7-4ad8-863a-d33994811155, size=4194304, type=RATIS, factor=THREE} | ret=SUCCESS |  
2019-09-04 11:46:15,204 | INFO  | OMAudit | user=jenkins1000 | ip=127.0.0.1 | op=ALLOCATE_BLOCK {volume=vol-0-58699, bucket=bucket-0-57464, key=key-0-37266, dataSize=0, replicationType=null, replicationFactor=null, keyLocationInfo=null, clientID=102734073355960722} | ret=SUCCESS |  
2019-09-04 11:46:15,210 | INFO  | DNAudit | user=null | ip=null | op=WRITE_CHUNK {blockData=conID: 3 locID: 102734074688307738 bcsId: 0} | ret=SUCCESS |  
2019-09-04 11:46:15,213 | INFO  | DNAudit | user=null | ip=null | op=WRITE_CHUNK {blockData=conID: 3 locID: 102734074688307738 bcsId: 0} | ret=SUCCESS |  
2019-09-04 11:46:15,213 | INFO  | DNAudit | user=null | ip=null | op=WRITE_CHUNK {blockData=conID: 3 locID: 102734074688307738 bcsId: 0} | ret=SUCCESS |  
2019-09-04 11:46:15,213 | INFO  | DNAudit | user=null | ip=null | op=WRITE_CHUNK {blockData=conID: 3 locID: 102734074688307738 bcsId: 0} | ret=SUCCESS |  
2019-09-04 11:46:15,214 | INFO  | DNAudit | user=null | ip=null | op=WRITE_CHUNK {blockData=conID: 3 locID: 102734074688307738 bcsId: 0} | ret=SUCCESS |  
2019-09-04 11:46:15,216 | INFO  | DNAudit | user=null | ip=null | op=WRITE_CHUNK {blockData=conID: 3 locID: 102734074688307738 bcsId: 0} | ret=SUCCESS |  
2019-09-04 11:46:15,220 | INFO  | DNAudit | user=null | ip=null | op=WRITE_CHUNK {blockData=conID: 3 locID: 102734074688307738 bcsId: 0} | ret=SUCCESS |  
2019-09-04 11:46:15,220 | INFO  | DNAudit | user=null | ip=null | op=PUT_BLOCK {blockData=[blockId=conID: 3 locID: 102734074688307738 bcsId: 0,size=1048576]} | ret=SUCCESS |  
2019-09-04 11:46:15,220 [grpc-default-executor-5] INFO  client.GrpcClientProtocolClient (GrpcClientProtocolClient.java:onNext(255)) - client-D5CE890D7D9E->efcb8ff8-f060-4d95-9215-d0f5eb4af037: receive RaftClientReply:client-D5CE890D7D9E->efcb8ff8-f060-4d95-9215-d0f5eb4af037@group-0959F8DF43ED, cid=1944, SUCCESS, logIndex=2844, commits[efcb8ff8-f060-4d95-9215-d0f5eb4af037:c2845, 6fae8b02-e804-4c0e-b729-a97b7404b7f6:c2843, 4c3e8a66-6975-4917-8225-d3efe707aaff:c2843]
2019-09-04 11:46:15,221 [grpc-default-executor-5] INFO  client.GrpcClientProtocolClient (GrpcClientProtocolClient.java:onNext(255)) - client-D5CE890D7D9E->efcb8ff8-f060-4d95-9215-d0f5eb4af037: receive RaftClientReply:client-D5CE890D7D9E->efcb8ff8-f060-4d95-9215-d0f5eb4af037@group-0959F8DF43ED, cid=1945, SUCCESS, logIndex=2845, commits[efcb8ff8-f060-4d95-9215-d0f5eb4af037:c2845, 6fae8b02-e804-4c0e-b729-a97b7404b7f6:c2843, 4c3e8a66-6975-4917-8225-d3efe707aaff:c2843]
2019-09-04 11:46:15,253 | INFO  | DNAudit | user=null | ip=null | op=WRITE_CHUNK {blockData=conID: 3 locID: 102734074688307738 bcsId: 0} | ret=SUCCESS |  
2019-09-04 11:46:15,254 | INFO  | DNAudit | user=null | ip=null | op=PUT_BLOCK {blockData=[blockId=conID: 3 locID: 102734074688307738 bcsId: 0,size=2097152]} | ret=SUCCESS |  
2019-09-04 11:46:15,254 | INFO  | DNAudit | user=null | ip=null | op=WRITE_CHUNK {blockData=conID: 3 locID: 102734074688307738 bcsId: 0} | ret=SUCCESS |  
2019-09-04 11:46:15,254 [grpc-default-executor-6] INFO  client.GrpcClientProtocolClient (GrpcClientProtocolClient.java:onNext(255)) - client-D5CE890D7D9E->efcb8ff8-f060-4d95-9215-d0f5eb4af037: receive RaftClientReply:client-D5CE890D7D9E->efcb8ff8-f060-4d95-9215-d0f5eb4af037@group-0959F8DF43ED, cid=1946, SUCCESS, logIndex=2846, commits[efcb8ff8-f060-4d95-9215-d0f5eb4af037:c2847, 6fae8b02-e804-4c0e-b729-a97b7404b7f6:c2843, 4c3e8a66-6975-4917-8225-d3efe707aaff:c2843]
2019-09-04 11:46:15,255 [grpc-default-executor-6] INFO  client.GrpcClientProtocolClient (GrpcClientProtocolClient.java:onNext(255)) - client-D5CE890D7D9E->efcb8ff8-f060-4d95-9215-d0f5eb4af037: receive RaftClientReply:client-D5CE890D7D9E->efcb8ff8-f060-4d95-9215-d0f5eb4af037@group-0959F8DF43ED, cid=1947, SUCCESS, logIndex=2847, commits[efcb8ff8-f060-4d95-9215-d0f5eb4af037:c2847, 6fae8b02-e804-4c0e-b729-a97b7404b7f6:c2844, 4c3e8a66-6975-4917-8225-d3efe707aaff:c2843]
2019-09-04 11:46:15,255 | INFO  | DNAudit | user=null | ip=null | op=PUT_BLOCK {blockData=[blockId=conID: 3 locID: 102734074688307738 bcsId: 0,size=1048576]} | ret=SUCCESS |  
2019-09-04 11:46:15,255 | INFO  | DNAudit | user=null | ip=null | op=WRITE_CHUNK {blockData=conID: 3 locID: 102734074688307738 bcsId: 0} | ret=SUCCESS |  
2019-09-04 11:46:15,255 | INFO  | DNAudit | user=null | ip=null | op=PUT_BLOCK {blockData=[blockId=conID: 3 locID: 102734074688307738 bcsId: 0,size=2097152]} | ret=SUCCESS |  
2019-09-04 11:46:15,256 | INFO  | DNAudit | user=null | ip=null | op=WRITE_CHUNK {blockData=conID: 3 locID: 102734074688307738 bcsId: 0} | ret=SUCCESS |  
2019-09-04 11:46:15,256 | INFO  | DNAudit | user=null | ip=null | op=PUT_BLOCK {blockData=[blockId=conID: 3 locID: 102734074688307738 bcsId: 0,size=1048576]} | ret=SUCCESS |  
2019-09-04 11:46:15,256 | INFO  | DNAudit | user=null | ip=null | op=WRITE_CHUNK {blockData=conID: 3 locID: 102734074688307738 bcsId: 0} | ret=SUCCESS |  
2019-09-04 11:46:15,256 | INFO  | DNAudit | user=null | ip=null | op=PUT_BLOCK {blockData=[blockId=conID: 3 locID: 102734074688307738 bcsId: 0,size=2097152]} | ret=SUCCESS |  
2019-09-04 11:46:15,256 [grpc-default-executor-6] INFO  client.GrpcClientProtocolClient (GrpcClientProtocolClient.java:onNext(255)) - client-D5CE890D7D9E->efcb8ff8-f060-4d95-9215-d0f5eb4af037: receive RaftClientReply:client-D5CE890D7D9E->efcb8ff8-f060-4d95-9215-d0f5eb4af037@group-0959F8DF43ED, cid=1948, SUCCESS, logIndex=0, commits[efcb8ff8-f060-4d95-9215-d0f5eb4af037:c2850, 6fae8b02-e804-4c0e-b729-a97b7404b7f6:c2847, 4c3e8a66-6975-4917-8225-d3efe707aaff:c2845]
2019-09-04 11:46:15,265 | INFO  | DNAudit | user=null | ip=null | op=WRITE_CHUNK {blockData=conID: 3 locID: 102734074688307738 bcsId: 2847} | ret=SUCCESS |  
2019-09-04 11:46:15,267 | INFO  | DNAudit | user=null | ip=null | op=WRITE_CHUNK {blockData=conID: 3 locID: 102734074688307738 bcsId: 2847} | ret=SUCCESS |  
2019-09-04 11:46:15,268 | INFO  | DNAudit | user=null | ip=null | op=WRITE_CHUNK {blockData=conID: 3 locID: 102734074688307738 bcsId: 2847} | ret=SUCCESS |  
2019-09-04 11:46:15,289 | INFO  | DNAudit | user=null | ip=null | op=WRITE_CHUNK {blockData=conID: 3 locID: 102734074688307738 bcsId: 2847} | ret=SUCCESS |  
2019-09-04 11:46:15,290 | INFO  | DNAudit | user=null | ip=null | op=PUT_BLOCK {blockData=[blockId=conID: 3 locID: 102734074688307738 bcsId: 0,size=3145728]} | ret=SUCCESS |  
2019-09-04 11:46:15,290 [grpc-default-executor-5] INFO  client.GrpcClientProtocolClient (GrpcClientProtocolClient.java:onNext(255)) - client-D5CE890D7D9E->efcb8ff8-f060-4d95-9215-d0f5eb4af037: receive RaftClientReply:client-D5CE890D7D9E->efcb8ff8-f060-4d95-9215-d0f5eb4af037@group-0959F8DF43ED, cid=1949, SUCCESS, logIndex=2851, commits[efcb8ff8-f060-4d95-9215-d0f5eb4af037:c2852, 6fae8b02-e804-4c0e-b729-a97b7404b7f6:c2850, 4c3e8a66-6975-4917-8225-d3efe707aaff:c2850]
2019-09-04 11:46:15,290 [grpc-default-executor-5] INFO  client.GrpcClientProtocolClient (GrpcClientProtocolClient.java:onNext(255)) - client-D5CE890D7D9E->efcb8ff8-f060-4d95-9215-d0f5eb4af037: receive RaftClientReply:client-D5CE890D7D9E->efcb8ff8-f060-4d95-9215-d0f5eb4af037@group-0959F8DF43ED, cid=1950, SUCCESS, logIndex=2852, commits[efcb8ff8-f060-4d95-9215-d0f5eb4af037:c2852, 6fae8b02-e804-4c0e-b729-a97b7404b7f6:c2850, 4c3e8a66-6975-4917-8225-d3efe707aaff:c2850]
2019-09-04 11:46:15,298 | INFO  | DNAudit | user=null | ip=null | op=WRITE_CHUNK {blockData=conID: 3 locID: 102734074688307738 bcsId: 2852} | ret=SUCCESS |  
2019-09-04 11:46:15,300 | INFO  | DNAudit | user=null | ip=null | op=WRITE_CHUNK {blockData=conID: 3 locID: 102734074688307738 bcsId: 2852} | ret=SUCCESS |  
2019-09-04 11:46:15,300 | INFO  | DNAudit | user=null | ip=null | op=WRITE_CHUNK {blockData=conID: 3 locID: 102734074688307738 bcsId: 2852} | ret=SUCCESS |  
2019-09-04 11:46:15,313 | INFO  | DNAudit | user=null | ip=null | op=WRITE_CHUNK {blockData=conID: 3 locID: 102734074688307738 bcsId: 2847} | ret=SUCCESS |  
2019-09-04 11:46:15,313 | INFO  | DNAudit | user=null | ip=null | op=WRITE_CHUNK {blockData=conID: 3 locID: 102734074688307738 bcsId: 2847} | ret=SUCCESS |  
2019-09-04 11:46:15,313 | INFO  | DNAudit | user=null | ip=null | op=PUT_BLOCK {blockData=[blockId=conID: 3 locID: 102734074688307738 bcsId: 0,size=3145728]} | ret=SUCCESS |  
2019-09-04 11:46:15,314 | INFO  | DNAudit | user=null | ip=null | op=PUT_BLOCK {blockData=[blockId=conID: 3 locID: 102734074688307738 bcsId: 0,size=3145728]} | ret=SUCCESS |  
2019-09-04 11:46:15,314 | INFO  | DNAudit | user=null | ip=null | op=WRITE_CHUNK {blockData=conID: 3 locID: 102734074688307738 bcsId: 2852} | ret=SUCCESS |  
2019-09-04 11:46:15,315 | INFO  | DNAudit | user=null | ip=null | op=PUT_BLOCK {blockData=[blockId=conID: 3 locID: 102734074688307738 bcsId: 0,size=4194304]} | ret=SUCCESS |  
2019-09-04 11:46:15,315 [grpc-default-executor-5] INFO  client.GrpcClientProtocolClient (GrpcClientProtocolClient.java:onNext(255)) - client-D5CE890D7D9E->efcb8ff8-f060-4d95-9215-d0f5eb4af037: receive RaftClientReply:client-D5CE890D7D9E->efcb8ff8-f060-4d95-9215-d0f5eb4af037@group-0959F8DF43ED, cid=1951, SUCCESS, logIndex=2855, commits[efcb8ff8-f060-4d95-9215-d0f5eb4af037:c2856, 6fae8b02-e804-4c0e-b729-a97b7404b7f6:c2852, 4c3e8a66-6975-4917-8225-d3efe707aaff:c2852]
2019-09-04 11:46:15,315 [grpc-default-executor-5] INFO  client.GrpcClientProtocolClient (GrpcClientProtocolClient.java:onNext(255)) - client-D5CE890D7D9E->efcb8ff8-f060-4d95-9215-d0f5eb4af037: receive RaftClientReply:client-D5CE890D7D9E->efcb8ff8-f060-4d95-9215-d0f5eb4af037@group-0959F8DF43ED, cid=1952, SUCCESS, logIndex=2856, commits[efcb8ff8-f060-4d95-9215-d0f5eb4af037:c2856, 6fae8b02-e804-4c0e-b729-a97b7404b7f6:c2852, 4c3e8a66-6975-4917-8225-d3efe707aaff:c2852]
2019-09-04 11:46:15,322 | INFO  | DNAudit | user=null | ip=null | op=WRITE_CHUNK {blockData=conID: 3 locID: 102734074688307738 bcsId: 2852} | ret=SUCCESS |  
2019-09-04 11:46:15,322 | INFO  | DNAudit | user=null | ip=null | op=WRITE_CHUNK {blockData=conID: 3 locID: 102734074688307738 bcsId: 2852} | ret=SUCCESS |  
2019-09-04 11:46:15,322 | INFO  | DNAudit | user=null | ip=null | op=PUT_BLOCK {blockData=[blockId=conID: 3 locID: 102734074688307738 bcsId: 0,size=4194304]} | ret=SUCCESS |  
2019-09-04 11:46:15,322 | INFO  | DNAudit | user=null | ip=null | op=PUT_BLOCK {blockData=[blockId=conID: 3 locID: 102734074688307738 bcsId: 0,size=4194304]} | ret=SUCCESS |  
2019-09-04 11:46:15,323 [grpc-default-executor-5] INFO  client.GrpcClientProtocolClient (GrpcClientProtocolClient.java:onNext(255)) - client-D5CE890D7D9E->efcb8ff8-f060-4d95-9215-d0f5eb4af037: receive RaftClientReply:client-D5CE890D7D9E->efcb8ff8-f060-4d95-9215-d0f5eb4af037@group-0959F8DF43ED, cid=1953, SUCCESS, logIndex=0, commits[efcb8ff8-f060-4d95-9215-d0f5eb4af037:c2857, 6fae8b02-e804-4c0e-b729-a97b7404b7f6:c2856, 4c3e8a66-6975-4917-8225-d3efe707aaff:c2856]
2019-09-04 11:46:15,329 | INFO  | SCMAudit | user=jenkins1000 | ip=192.168.36.67 | op=ALLOCATE_BLOCK {owner=8ab292a2-aaa7-4ad8-863a-d33994811155, size=4194304, type=RATIS, factor=THREE} | ret=SUCCESS |  
2019-09-04 11:46:15,332 | INFO  | OMAudit | user=jenkins1000 | ip=127.0.0.1 | op=ALLOCATE_BLOCK {volume=vol-0-58699, bucket=bucket-0-57464, key=key-0-37266, dataSize=0, replicationType=null, replicationFactor=null, keyLocationInfo=null, clientID=102734073355960722} | ret=SUCCESS |  
2019-09-04 11:46:15,340 | INFO  | DNAudit | user=null | ip=null | op=WRITE_CHUNK {blockData=conID: 1 locID: 102734074696696347 bcsId: 0} | ret=SUCCESS |  
2019-09-04 11:46:15,343 | INFO  | DNAudit | user=null | ip=null | op=WRITE_CHUNK {blockData=conID: 1 locID: 102734074696696347 bcsId: 0} | ret=SUCCESS |  
2019-09-04 11:46:15,343 | INFO  | DNAudit | user=null | ip=null | op=WRITE_CHUNK {blockData=conID: 1 locID: 102734074696696347 bcsId: 0} | ret=SUCCESS |  
2019-09-04 11:46:15,343 | INFO  | DNAudit | user=null | ip=null | op=WRITE_CHUNK {blockData=conID: 1 locID: 102734074696696347 bcsId: 0} | ret=SUCCESS |  
2019-09-04 11:46:15,346 | INFO  | DNAudit | user=null | ip=null | op=WRITE_CHUNK {blockData=conID: 1 locID: 102734074696696347 bcsId: 0} | ret=SUCCESS |  
2019-09-04 11:46:15,347 | INFO  | DNAudit | user=null | ip=null | op=WRITE_CHUNK {blockData=conID: 1 locID: 102734074696696347 bcsId: 0} | ret=SUCCESS |  
2019-09-04 11:46:15,350 | INFO  | DNAudit | user=null | ip=null | op=WRITE_CHUNK {blockData=conID: 1 locID: 102734074696696347 bcsId: 0} | ret=SUCCESS |  
2019-09-04 11:46:15,350 | INFO  | DNAudit | user=null | ip=null | op=PUT_BLOCK {blockData=[blockId=conID: 1 locID: 102734074696696347 bcsId: 0,size=1048576]} | ret=SUCCESS |  
2019-09-04 11:46:15,350 [grpc-default-executor-0] INFO  client.GrpcClientProtocolClient (GrpcClientProtocolClient.java:onNext(255)) - client-D5CE890D7D9E->efcb8ff8-f060-4d95-9215-d0f5eb4af037: receive RaftClientReply:client-D5CE890D7D9E->efcb8ff8-f060-4d95-9215-d0f5eb4af037@group-0959F8DF43ED, cid=1954, SUCCESS, logIndex=2859, commits[efcb8ff8-f060-4d95-9215-d0f5eb4af037:c2860, 6fae8b02-e804-4c0e-b729-a97b7404b7f6:c2858, 4c3e8a66-6975-4917-8225-d3efe707aaff:c2858]
2019-09-04 11:46:15,351 [grpc-default-executor-0] INFO  client.GrpcClientProtocolClient (GrpcClientProtocolClient.java:onNext(255)) - client-D5CE890D7D9E->efcb8ff8-f060-4d95-9215-d0f5eb4af037: receive RaftClientReply:client-D5CE890D7D9E->efcb8ff8-f060-4d95-9215-d0f5eb4af037@group-0959F8DF43ED, cid=1955, SUCCESS, logIndex=2860, commits[efcb8ff8-f060-4d95-9215-d0f5eb4af037:c2860, 6fae8b02-e804-4c0e-b729-a97b7404b7f6:c2858, 4c3e8a66-6975-4917-8225-d3efe707aaff:c2858]
2019-09-04 11:46:15,370 | INFO  | DNAudit | user=null | ip=null | op=WRITE_CHUNK {blockData=conID: 1 locID: 102734074696696347 bcsId: 0} | ret=SUCCESS |  
2019-09-04 11:46:15,371 | INFO  | DNAudit | user=null | ip=null | op=PUT_BLOCK {blockData=[blockId=conID: 1 locID: 102734074696696347 bcsId: 0,size=2097152]} | ret=SUCCESS |  
2019-09-04 11:46:15,371 [grpc-default-executor-5] INFO  client.GrpcClientProtocolClient (GrpcClientProtocolClient.java:onNext(255)) - client-D5CE890D7D9E->efcb8ff8-f060-4d95-9215-d0f5eb4af037: receive RaftClientReply:client-D5CE890D7D9E->efcb8ff8-f060-4d95-9215-d0f5eb4af037@group-0959F8DF43ED, cid=1956, SUCCESS, logIndex=2861, commits[efcb8ff8-f060-4d95-9215-d0f5eb4af037:c2862, 6fae8b02-e804-4c0e-b729-a97b7404b7f6:c2858, 4c3e8a66-6975-4917-8225-d3efe707aaff:c2858]
2019-09-04 11:46:15,371 | INFO  | DNAudit | user=null | ip=null | op=WRITE_CHUNK {blockData=conID: 1 locID: 102734074696696347 bcsId: 0} | ret=SUCCESS |  
2019-09-04 11:46:15,371 [grpc-default-executor-5] INFO  client.GrpcClientProtocolClient (GrpcClientProtocolClient.java:onNext(255)) - client-D5CE890D7D9E->efcb8ff8-f060-4d95-9215-d0f5eb4af037: receive RaftClientReply:client-D5CE890D7D9E->efcb8ff8-f060-4d95-9215-d0f5eb4af037@group-0959F8DF43ED, cid=1957, SUCCESS, logIndex=2862, commits[efcb8ff8-f060-4d95-9215-d0f5eb4af037:c2862, 6fae8b02-e804-4c0e-b729-a97b7404b7f6:c2858, 4c3e8a66-6975-4917-8225-d3efe707aaff:c2858]
2019-09-04 11:46:15,372 | INFO  | DNAudit | user=null | ip=null | op=PUT_BLOCK {blockData=[blockId=conID: 1 locID: 102734074696696347 bcsId: 0,size=1048576]} | ret=SUCCESS |  
2019-09-04 11:46:15,373 | INFO  | DNAudit | user=null | ip=null | op=WRITE_CHUNK {blockData=conID: 1 locID: 102734074696696347 bcsId: 0} | ret=SUCCESS |  
2019-09-04 11:46:15,373 | INFO  | DNAudit | user=null | ip=null | op=WRITE_CHUNK {blockData=conID: 1 locID: 102734074696696347 bcsId: 0} | ret=SUCCESS |  
2019-09-04 11:46:15,373 | INFO  | DNAudit | user=null | ip=null | op=PUT_BLOCK {blockData=[blockId=conID: 1 locID: 102734074696696347 bcsId: 0,size=1048576]} | ret=SUCCESS |  
2019-09-04 11:46:15,373 | INFO  | DNAudit | user=null | ip=null | op=PUT_BLOCK {blockData=[blockId=conID: 1 locID: 102734074696696347 bcsId: 0,size=2097152]} | ret=SUCCESS |  
2019-09-04 11:46:15,374 [grpc-default-executor-5] INFO  client.GrpcClientProtocolClient (GrpcClientProtocolClient.java:onNext(255)) - client-D5CE890D7D9E->efcb8ff8-f060-4d95-9215-d0f5eb4af037: receive RaftClientReply:client-D5CE890D7D9E->efcb8ff8-f060-4d95-9215-d0f5eb4af037@group-0959F8DF43ED, cid=1958, SUCCESS, logIndex=0, commits[efcb8ff8-f060-4d95-9215-d0f5eb4af037:c2864, 6fae8b02-e804-4c0e-b729-a97b7404b7f6:c2860, 4c3e8a66-6975-4917-8225-d3efe707aaff:c2860]
2019-09-04 11:46:15,374 | INFO  | DNAudit | user=null | ip=null | op=WRITE_CHUNK {blockData=conID: 1 locID: 102734074696696347 bcsId: 0} | ret=SUCCESS |  
2019-09-04 11:46:15,374 | INFO  | DNAudit | user=null | ip=null | op=PUT_BLOCK {blockData=[blockId=conID: 1 locID: 102734074696696347 bcsId: 0,size=2097152]} | ret=SUCCESS |  
2019-09-04 11:46:15,381 | INFO  | DNAudit | user=null | ip=null | op=WRITE_CHUNK {blockData=conID: 1 locID: 102734074696696347 bcsId: 2862} | ret=SUCCESS |  
2019-09-04 11:46:15,383 | INFO  | DNAudit | user=null | ip=null | op=WRITE_CHUNK {blockData=conID: 1 locID: 102734074696696347 bcsId: 2862} | ret=SUCCESS |  
2019-09-04 11:46:15,383 | INFO  | DNAudit | user=null | ip=null | op=WRITE_CHUNK {blockData=conID: 1 locID: 102734074696696347 bcsId: 2862} | ret=SUCCESS |  
2019-09-04 11:46:15,408 | INFO  | DNAudit | user=null | ip=null | op=WRITE_CHUNK {blockData=conID: 1 locID: 102734074696696347 bcsId: 2862} | ret=SUCCESS |  
2019-09-04 11:46:15,408 | INFO  | DNAudit | user=null | ip=null | op=PUT_BLOCK {blockData=[blockId=conID: 1 locID: 102734074696696347 bcsId: 0,size=3145728]} | ret=SUCCESS |  
2019-09-04 11:46:15,409 [grpc-default-executor-5] INFO  client.GrpcClientProtocolClient (GrpcClientProtocolClient.java:onNext(255)) - client-D5CE890D7D9E->efcb8ff8-f060-4d95-9215-d0f5eb4af037: receive RaftClientReply:client-D5CE890D7D9E->efcb8ff8-f060-4d95-9215-d0f5eb4af037@group-0959F8DF43ED, cid=1959, SUCCESS, logIndex=2867, commits[efcb8ff8-f060-4d95-9215-d0f5eb4af037:c2868, 6fae8b02-e804-4c0e-b729-a97b7404b7f6:c2866, 4c3e8a66-6975-4917-8225-d3efe707aaff:c2866]
2019-09-04 11:46:15,409 [grpc-default-executor-5] INFO  client.GrpcClientProtocolClient (GrpcClientProtocolClient.java:onNext(255)) - client-D5CE890D7D9E->efcb8ff8-f060-4d95-9215-d0f5eb4af037: receive RaftClientReply:client-D5CE890D7D9E->efcb8ff8-f060-4d95-9215-d0f5eb4af037@group-0959F8DF43ED, cid=1960, SUCCESS, logIndex=2868, commits[efcb8ff8-f060-4d95-9215-d0f5eb4af037:c2868, 6fae8b02-e804-4c0e-b729-a97b7404b7f6:c2866, 4c3e8a66-6975-4917-8225-d3efe707aaff:c2866]
2019-09-04 11:46:15,413 | INFO  | DNAudit | user=null | ip=null | op=WRITE_CHUNK {blockData=conID: 1 locID: 102734074696696347 bcsId: 2862} | ret=SUCCESS |  
2019-09-04 11:46:15,414 | INFO  | DNAudit | user=null | ip=null | op=WRITE_CHUNK {blockData=conID: 1 locID: 102734074696696347 bcsId: 2862} | ret=SUCCESS |  
2019-09-04 11:46:15,414 | INFO  | DNAudit | user=null | ip=null | op=PUT_BLOCK {blockData=[blockId=conID: 1 locID: 102734074696696347 bcsId: 0,size=3145728]} | ret=SUCCESS |  
2019-09-04 11:46:15,416 | INFO  | DNAudit | user=null | ip=null | op=PUT_BLOCK {blockData=[blockId=conID: 1 locID: 102734074696696347 bcsId: 0,size=3145728]} | ret=SUCCESS |  
2019-09-04 11:46:15,416 | INFO  | DNAudit | user=null | ip=null | op=WRITE_CHUNK {blockData=conID: 1 locID: 102734074696696347 bcsId: 2868} | ret=SUCCESS |  
2019-09-04 11:46:15,418 | INFO  | DNAudit | user=null | ip=null | op=WRITE_CHUNK {blockData=conID: 1 locID: 102734074696696347 bcsId: 2868} | ret=SUCCESS |  
2019-09-04 11:46:15,419 | INFO  | DNAudit | user=null | ip=null | op=WRITE_CHUNK {blockData=conID: 1 locID: 102734074696696347 bcsId: 2868} | ret=SUCCESS |  
2019-09-04 11:46:15,425 | INFO  | DNAudit | user=null | ip=null | op=WRITE_CHUNK {blockData=conID: 1 locID: 102734074696696347 bcsId: 2868} | ret=SUCCESS |  
2019-09-04 11:46:15,426 | INFO  | DNAudit | user=null | ip=null | op=PUT_BLOCK {blockData=[blockId=conID: 1 locID: 102734074696696347 bcsId: 0,size=4194304]} | ret=SUCCESS |  
2019-09-04 11:46:15,426 [grpc-default-executor-0] INFO  client.GrpcClientProtocolClient (GrpcClientProtocolClient.java:onNext(255)) - client-D5CE890D7D9E->efcb8ff8-f060-4d95-9215-d0f5eb4af037: receive RaftClientReply:client-D5CE890D7D9E->efcb8ff8-f060-4d95-9215-d0f5eb4af037@group-0959F8DF43ED, cid=1961, SUCCESS, logIndex=2871, commits[efcb8ff8-f060-4d95-9215-d0f5eb4af037:c2872, 6fae8b02-e804-4c0e-b729-a97b7404b7f6:c2870, 4c3e8a66-6975-4917-8225-d3efe707aaff:c2870]
2019-09-04 11:46:15,426 [grpc-default-executor-0] INFO  client.GrpcClientProtocolClient (GrpcClientProtocolClient.java:onNext(255)) - client-D5CE890D7D9E->efcb8ff8-f060-4d95-9215-d0f5eb4af037: receive RaftClientReply:client-D5CE890D7D9E->efcb8ff8-f060-4d95-9215-d0f5eb4af037@group-0959F8DF43ED, cid=1962, SUCCESS, logIndex=2872, commits[efcb8ff8-f060-4d95-9215-d0f5eb4af037:c2872, 6fae8b02-e804-4c0e-b729-a97b7404b7f6:c2870, 4c3e8a66-6975-4917-8225-d3efe707aaff:c2870]
2019-09-04 11:46:15,436 | INFO  | DNAudit | user=null | ip=null | op=WRITE_CHUNK {blockData=conID: 1 locID: 102734074696696347 bcsId: 2868} | ret=SUCCESS |  
2019-09-04 11:46:15,436 | INFO  | DNAudit | user=null | ip=null | op=PUT_BLOCK {blockData=[blockId=conID: 1 locID: 102734074696696347 bcsId: 0,size=4194304]} | ret=SUCCESS |  
2019-09-04 11:46:15,436 | INFO  | DNAudit | user=null | ip=null | op=WRITE_CHUNK {blockData=conID: 1 locID: 102734074696696347 bcsId: 2868} | ret=SUCCESS |  
2019-09-04 11:46:15,437 | INFO  | DNAudit | user=null | ip=null | op=PUT_BLOCK {blockData=[blockId=conID: 1 locID: 102734074696696347 bcsId: 0,size=4194304]} | ret=SUCCESS |  
2019-09-04 11:46:15,437 [grpc-default-executor-0] INFO  client.GrpcClientProtocolClient (GrpcClientProtocolClient.java:onNext(255)) - client-D5CE890D7D9E->efcb8ff8-f060-4d95-9215-d0f5eb4af037: receive RaftClientReply:client-D5CE890D7D9E->efcb8ff8-f060-4d95-9215-d0f5eb4af037@group-0959F8DF43ED, cid=1963, SUCCESS, logIndex=0, commits[efcb8ff8-f060-4d95-9215-d0f5eb4af037:c2873, 6fae8b02-e804-4c0e-b729-a97b7404b7f6:c2872, 4c3e8a66-6975-4917-8225-d3efe707aaff:c2872]
2019-09-04 11:46:15,441 | INFO  | SCMAudit | user=jenkins1000 | ip=192.168.36.67 | op=ALLOCATE_BLOCK {owner=8ab292a2-aaa7-4ad8-863a-d33994811155, size=4194304, type=RATIS, factor=THREE} | ret=SUCCESS |  
2019-09-04 11:46:15,444 | INFO  | OMAudit | user=jenkins1000 | ip=127.0.0.1 | op=ALLOCATE_BLOCK {volume=vol-0-58699, bucket=bucket-0-57464, key=key-0-37266, dataSize=0, replicationType=null, replicationFactor=null, keyLocationInfo=null, clientID=102734073355960722} | ret=SUCCESS |  
2019-09-04 11:46:15,450 | INFO  | DNAudit | user=null | ip=null | op=WRITE_CHUNK {blockData=conID: 2 locID: 102734074704101916 bcsId: 0} | ret=SUCCESS |  
2019-09-04 11:46:15,453 | INFO  | DNAudit | user=null | ip=null | op=WRITE_CHUNK {blockData=conID: 2 locID: 102734074704101916 bcsId: 0} | ret=SUCCESS |  
2019-09-04 11:46:15,453 | INFO  | DNAudit | user=null | ip=null | op=WRITE_CHUNK {blockData=conID: 2 locID: 102734074704101916 bcsId: 0} | ret=SUCCESS |  
2019-09-04 11:46:15,454 | INFO  | DNAudit | user=null | ip=null | op=WRITE_CHUNK {blockData=conID: 2 locID: 102734074704101916 bcsId: 0} | ret=SUCCESS |  
2019-09-04 11:46:15,455 | INFO  | DNAudit | user=null | ip=null | op=WRITE_CHUNK {blockData=conID: 2 locID: 102734074704101916 bcsId: 0} | ret=SUCCESS |  
2019-09-04 11:46:15,456 | INFO  | DNAudit | user=null | ip=null | op=WRITE_CHUNK {blockData=conID: 2 locID: 102734074704101916 bcsId: 0} | ret=SUCCESS |  
2019-09-04 11:46:15,467 | INFO  | DNAudit | user=null | ip=null | op=WRITE_CHUNK {blockData=conID: 2 locID: 102734074704101916 bcsId: 0} | ret=SUCCESS |  
2019-09-04 11:46:15,467 | INFO  | DNAudit | user=null | ip=null | op=PUT_BLOCK {blockData=[blockId=conID: 2 locID: 102734074704101916 bcsId: 0,size=1048576]} | ret=SUCCESS |  
2019-09-04 11:46:15,468 | INFO  | DNAudit | user=null | ip=null | op=WRITE_CHUNK {blockData=conID: 2 locID: 102734074704101916 bcsId: 0} | ret=SUCCESS |  
2019-09-04 11:46:15,468 [grpc-default-executor-6] INFO  client.GrpcClientProtocolClient (GrpcClientProtocolClient.java:onNext(255)) - client-D5CE890D7D9E->efcb8ff8-f060-4d95-9215-d0f5eb4af037: receive RaftClientReply:client-D5CE890D7D9E->efcb8ff8-f060-4d95-9215-d0f5eb4af037@group-0959F8DF43ED, cid=1964, SUCCESS, logIndex=2875, commits[efcb8ff8-f060-4d95-9215-d0f5eb4af037:c2876, 6fae8b02-e804-4c0e-b729-a97b7404b7f6:c2873, 4c3e8a66-6975-4917-8225-d3efe707aaff:c2873]
2019-09-04 11:46:15,468 | INFO  | DNAudit | user=null | ip=null | op=PUT_BLOCK {blockData=[blockId=conID: 2 locID: 102734074704101916 bcsId: 0,size=2097152]} | ret=SUCCESS |  
2019-09-04 11:46:15,468 [grpc-default-executor-6] INFO  client.GrpcClientProtocolClient (GrpcClientProtocolClient.java:onNext(255)) - client-D5CE890D7D9E->efcb8ff8-f060-4d95-9215-d0f5eb4af037: receive RaftClientReply:client-D5CE890D7D9E->efcb8ff8-f060-4d95-9215-d0f5eb4af037@group-0959F8DF43ED, cid=1965, SUCCESS, logIndex=2876, commits[efcb8ff8-f060-4d95-9215-d0f5eb4af037:c2878, 6fae8b02-e804-4c0e-b729-a97b7404b7f6:c2873, 4c3e8a66-6975-4917-8225-d3efe707aaff:c2873]
2019-09-04 11:46:15,468 [grpc-default-executor-6] INFO  client.GrpcClientProtocolClient (GrpcClientProtocolClient.java:onNext(255)) - client-D5CE890D7D9E->efcb8ff8-f060-4d95-9215-d0f5eb4af037: receive RaftClientReply:client-D5CE890D7D9E->efcb8ff8-f060-4d95-9215-d0f5eb4af037@group-0959F8DF43ED, cid=1966, SUCCESS, logIndex=2877, commits[efcb8ff8-f060-4d95-9215-d0f5eb4af037:c2878, 6fae8b02-e804-4c0e-b729-a97b7404b7f6:c2873, 4c3e8a66-6975-4917-8225-d3efe707aaff:c2873]
2019-09-04 11:46:15,469 [grpc-default-executor-6] INFO  client.GrpcClientProtocolClient (GrpcClientProtocolClient.java:onNext(255)) - client-D5CE890D7D9E->efcb8ff8-f060-4d95-9215-d0f5eb4af037: receive RaftClientReply:client-D5CE890D7D9E->efcb8ff8-f060-4d95-9215-d0f5eb4af037@group-0959F8DF43ED, cid=1967, SUCCESS, logIndex=2878, commits[efcb8ff8-f060-4d95-9215-d0f5eb4af037:c2878, 6fae8b02-e804-4c0e-b729-a97b7404b7f6:c2873, 4c3e8a66-6975-4917-8225-d3efe707aaff:c2873]
2019-09-04 11:46:15,486 | INFO  | DNAudit | user=null | ip=null | op=WRITE_CHUNK {blockData=conID: 2 locID: 102734074704101916 bcsId: 0} | ret=SUCCESS |  
2019-09-04 11:46:15,486 | INFO  | DNAudit | user=null | ip=null | op=WRITE_CHUNK {blockData=conID: 2 locID: 102734074704101916 bcsId: 0} | ret=SUCCESS |  
2019-09-04 11:46:15,487 | INFO  | DNAudit | user=null | ip=null | op=PUT_BLOCK {blockData=[blockId=conID: 2 locID: 102734074704101916 bcsId: 0,size=1048576]} | ret=SUCCESS |  
2019-09-04 11:46:15,487 | INFO  | DNAudit | user=null | ip=null | op=PUT_BLOCK {blockData=[blockId=conID: 2 locID: 102734074704101916 bcsId: 0,size=1048576]} | ret=SUCCESS |  
2019-09-04 11:46:15,487 | INFO  | DNAudit | user=null | ip=null | op=WRITE_CHUNK {blockData=conID: 2 locID: 102734074704101916 bcsId: 0} | ret=SUCCESS |  
2019-09-04 11:46:15,487 | INFO  | DNAudit | user=null | ip=null | op=WRITE_CHUNK {blockData=conID: 2 locID: 102734074704101916 bcsId: 0} | ret=SUCCESS |  
2019-09-04 11:46:15,488 | INFO  | DNAudit | user=null | ip=null | op=PUT_BLOCK {blockData=[blockId=conID: 2 locID: 102734074704101916 bcsId: 0,size=2097152]} | ret=SUCCESS |  
2019-09-04 11:46:15,625 | INFO  | DNAudit | user=null | ip=null | op=PUT_BLOCK {blockData=[blockId=conID: 2 locID: 102734074704101916 bcsId: 0,size=2097152]} | ret=SUCCESS |  
2019-09-04 11:46:15,626 [grpc-default-executor-6] INFO  client.GrpcClientProtocolClient (GrpcClientProtocolClient.java:onNext(255)) - client-D5CE890D7D9E->efcb8ff8-f060-4d95-9215-d0f5eb4af037: receive RaftClientReply:client-D5CE890D7D9E->efcb8ff8-f060-4d95-9215-d0f5eb4af037@group-0959F8DF43ED, cid=1968, SUCCESS, logIndex=0, commits[efcb8ff8-f060-4d95-9215-d0f5eb4af037:c2879, 6fae8b02-e804-4c0e-b729-a97b7404b7f6:c2876, 4c3e8a66-6975-4917-8225-d3efe707aaff:c2876]
2019-09-04 11:46:15,633 | INFO  | DNAudit | user=null | ip=null | op=WRITE_CHUNK {blockData=conID: 2 locID: 102734074704101916 bcsId: 2878} | ret=SUCCESS |  
2019-09-04 11:46:15,635 | INFO  | DNAudit | user=null | ip=null | op=WRITE_CHUNK {blockData=conID: 2 locID: 102734074704101916 bcsId: 2878} | ret=SUCCESS |  
2019-09-04 11:46:15,635 | INFO  | DNAudit | user=null | ip=null | op=WRITE_CHUNK {blockData=conID: 2 locID: 102734074704101916 bcsId: 2878} | ret=SUCCESS |  
2019-09-04 11:46:15,650 | INFO  | DNAudit | user=null | ip=null | op=WRITE_CHUNK {blockData=conID: 2 locID: 102734074704101916 bcsId: 2878} | ret=SUCCESS |  
2019-09-04 11:46:15,650 | INFO  | DNAudit | user=null | ip=null | op=PUT_BLOCK {blockData=[blockId=conID: 2 locID: 102734074704101916 bcsId: 0,size=3145728]} | ret=SUCCESS |  
2019-09-04 11:46:15,650 [grpc-default-executor-0] INFO  client.GrpcClientProtocolClient (GrpcClientProtocolClient.java:onNext(255)) - client-D5CE890D7D9E->efcb8ff8-f060-4d95-9215-d0f5eb4af037: receive RaftClientReply:client-D5CE890D7D9E->efcb8ff8-f060-4d95-9215-d0f5eb4af037@group-0959F8DF43ED, cid=1969, SUCCESS, logIndex=2883, commits[efcb8ff8-f060-4d95-9215-d0f5eb4af037:c2884, 6fae8b02-e804-4c0e-b729-a97b7404b7f6:c2882, 4c3e8a66-6975-4917-8225-d3efe707aaff:c2882]
2019-09-04 11:46:15,651 [grpc-default-executor-0] INFO  client.GrpcClientProtocolClient (GrpcClientProtocolClient.java:onNext(255)) - client-D5CE890D7D9E->efcb8ff8-f060-4d95-9215-d0f5eb4af037: receive RaftClientReply:client-D5CE890D7D9E->efcb8ff8-f060-4d95-9215-d0f5eb4af037@group-0959F8DF43ED, cid=1970, SUCCESS, logIndex=2884, commits[efcb8ff8-f060-4d95-9215-d0f5eb4af037:c2884, 6fae8b02-e804-4c0e-b729-a97b7404b7f6:c2882, 4c3e8a66-6975-4917-8225-d3efe707aaff:c2882]
2019-09-04 11:46:15,658 | INFO  | DNAudit | user=null | ip=null | op=WRITE_CHUNK {blockData=conID: 2 locID: 102734074704101916 bcsId: 2884} | ret=SUCCESS |  
2019-09-04 11:46:15,660 | INFO  | DNAudit | user=null | ip=null | op=WRITE_CHUNK {blockData=conID: 2 locID: 102734074704101916 bcsId: 2884} | ret=SUCCESS |  
2019-09-04 11:46:15,660 | INFO  | DNAudit | user=null | ip=null | op=WRITE_CHUNK {blockData=conID: 2 locID: 102734074704101916 bcsId: 2884} | ret=SUCCESS |  
2019-09-04 11:46:15,671 | INFO  | DNAudit | user=null | ip=null | op=WRITE_CHUNK {blockData=conID: 2 locID: 102734074704101916 bcsId: 2878} | ret=SUCCESS |  
2019-09-04 11:46:15,671 | INFO  | DNAudit | user=null | ip=null | op=WRITE_CHUNK {blockData=conID: 2 locID: 102734074704101916 bcsId: 2878} | ret=SUCCESS |  
2019-09-04 11:46:15,671 | INFO  | DNAudit | user=null | ip=null | op=PUT_BLOCK {blockData=[blockId=conID: 2 locID: 102734074704101916 bcsId: 0,size=3145728]} | ret=SUCCESS |  
2019-09-04 11:46:15,671 | INFO  | DNAudit | user=null | ip=null | op=PUT_BLOCK {blockData=[blockId=conID: 2 locID: 102734074704101916 bcsId: 0,size=3145728]} | ret=SUCCESS |  
2019-09-04 11:46:15,672 | INFO  | DNAudit | user=null | ip=null | op=WRITE_CHUNK {blockData=conID: 2 locID: 102734074704101916 bcsId: 2884} | ret=SUCCESS |  
2019-09-04 11:46:15,673 | INFO  | DNAudit | user=null | ip=null | op=PUT_BLOCK {blockData=[blockId=conID: 2 locID: 102734074704101916 bcsId: 0,size=4194304]} | ret=SUCCESS |  
2019-09-04 11:46:15,673 [grpc-default-executor-5] INFO  client.GrpcClientProtocolClient (GrpcClientProtocolClient.java:onNext(255)) - client-D5CE890D7D9E->efcb8ff8-f060-4d95-9215-d0f5eb4af037: receive RaftClientReply:client-D5CE890D7D9E->efcb8ff8-f060-4d95-9215-d0f5eb4af037@group-0959F8DF43ED, cid=1971, SUCCESS, logIndex=2887, commits[efcb8ff8-f060-4d95-9215-d0f5eb4af037:c2888, 6fae8b02-e804-4c0e-b729-a97b7404b7f6:c2884, 4c3e8a66-6975-4917-8225-d3efe707aaff:c2884]
2019-09-04 11:46:15,673 [grpc-default-executor-5] INFO  client.GrpcClientProtocolClient (GrpcClientProtocolClient.java:onNext(255)) - client-D5CE890D7D9E->efcb8ff8-f060-4d95-9215-d0f5eb4af037: receive RaftClientReply:client-D5CE890D7D9E->efcb8ff8-f060-4d95-9215-d0f5eb4af037@group-0959F8DF43ED, cid=1972, SUCCESS, logIndex=2888, commits[efcb8ff8-f060-4d95-9215-d0f5eb4af037:c2888, 6fae8b02-e804-4c0e-b729-a97b7404b7f6:c2884, 4c3e8a66-6975-4917-8225-d3efe707aaff:c2884]
2019-09-04 11:46:15,694 | INFO  | DNAudit | user=null | ip=null | op=WRITE_CHUNK {blockData=conID: 2 locID: 102734074704101916 bcsId: 2884} | ret=SUCCESS |  
2019-09-04 11:46:15,694 | INFO  | DNAudit | user=null | ip=null | op=WRITE_CHUNK {blockData=conID: 2 locID: 102734074704101916 bcsId: 2884} | ret=SUCCESS |  
2019-09-04 11:46:15,694 | INFO  | DNAudit | user=null | ip=null | op=PUT_BLOCK {blockData=[blockId=conID: 2 locID: 102734074704101916 bcsId: 0,size=4194304]} | ret=SUCCESS |  
2019-09-04 11:46:15,695 [grpc-default-executor-5] INFO  client.GrpcClientProtocolClient (GrpcClientProtocolClient.java:onNext(255)) - client-D5CE890D7D9E->efcb8ff8-f060-4d95-9215-d0f5eb4af037: receive RaftClientReply:client-D5CE890D7D9E->efcb8ff8-f060-4d95-9215-d0f5eb4af037@group-0959F8DF43ED, cid=1973, SUCCESS, logIndex=0, commits[efcb8ff8-f060-4d95-9215-d0f5eb4af037:c2889, 6fae8b02-e804-4c0e-b729-a97b7404b7f6:c2888, 4c3e8a66-6975-4917-8225-d3efe707aaff:c2888]
2019-09-04 11:46:15,696 | INFO  | DNAudit | user=null | ip=null | op=PUT_BLOCK {blockData=[blockId=conID: 2 locID: 102734074704101916 bcsId: 0,size=4194304]} | ret=SUCCESS |  
2019-09-04 11:46:15,701 | INFO  | SCMAudit | user=jenkins1000 | ip=192.168.36.67 | op=ALLOCATE_BLOCK {owner=8ab292a2-aaa7-4ad8-863a-d33994811155, size=4194304, type=RATIS, factor=THREE} | ret=SUCCESS |  
2019-09-04 11:46:15,705 | INFO  | OMAudit | user=jenkins1000 | ip=127.0.0.1 | op=ALLOCATE_BLOCK {volume=vol-0-58699, bucket=bucket-0-57464, key=key-0-37266, dataSize=0, replicationType=null, replicationFactor=null, keyLocationInfo=null, clientID=102734073355960722} | ret=SUCCESS |  
2019-09-04 11:46:15,711 | INFO  | DNAudit | user=null | ip=null | op=WRITE_CHUNK {blockData=conID: 3 locID: 102734074721141277 bcsId: 0} | ret=SUCCESS |  
2019-09-04 11:46:15,713 | INFO  | DNAudit | user=null | ip=null | op=WRITE_CHUNK {blockData=conID: 3 locID: 102734074721141277 bcsId: 0} | ret=SUCCESS |  
2019-09-04 11:46:15,714 | INFO  | DNAudit | user=null | ip=null | op=WRITE_CHUNK {blockData=conID: 3 locID: 102734074721141277 bcsId: 0} | ret=SUCCESS |  
2019-09-04 11:46:15,715 | INFO  | DNAudit | user=null | ip=null | op=WRITE_CHUNK {blockData=conID: 3 locID: 102734074721141277 bcsId: 0} | ret=SUCCESS |  
2019-09-04 11:46:15,715 | INFO  | DNAudit | user=null | ip=null | op=WRITE_CHUNK {blockData=conID: 3 locID: 102734074721141277 bcsId: 0} | ret=SUCCESS |  
2019-09-04 11:46:15,716 | INFO  | DNAudit | user=null | ip=null | op=WRITE_CHUNK {blockData=conID: 3 locID: 102734074721141277 bcsId: 0} | ret=SUCCESS |  
2019-09-04 11:46:15,728 | INFO  | DNAudit | user=null | ip=null | op=WRITE_CHUNK {blockData=conID: 3 locID: 102734074721141277 bcsId: 0} | ret=SUCCESS |  
2019-09-04 11:46:15,729 | INFO  | DNAudit | user=null | ip=null | op=PUT_BLOCK {blockData=[blockId=conID: 3 locID: 102734074721141277 bcsId: 0,size=1048576]} | ret=SUCCESS |  
2019-09-04 11:46:15,729 | INFO  | DNAudit | user=null | ip=null | op=WRITE_CHUNK {blockData=conID: 3 locID: 102734074721141277 bcsId: 0} | ret=SUCCESS |  
2019-09-04 11:46:15,729 [grpc-default-executor-1] INFO  client.GrpcClientProtocolClient (GrpcClientProtocolClient.java:onNext(255)) - client-D5CE890D7D9E->efcb8ff8-f060-4d95-9215-d0f5eb4af037: receive RaftClientReply:client-D5CE890D7D9E->efcb8ff8-f060-4d95-9215-d0f5eb4af037@group-0959F8DF43ED, cid=1974, SUCCESS, logIndex=2891, commits[efcb8ff8-f060-4d95-9215-d0f5eb4af037:c2893, 6fae8b02-e804-4c0e-b729-a97b7404b7f6:c2890, 4c3e8a66-6975-4917-8225-d3efe707aaff:c2890]
2019-09-04 11:46:15,730 | INFO  | DNAudit | user=null | ip=null | op=PUT_BLOCK {blockData=[blockId=conID: 3 locID: 102734074721141277 bcsId: 0,size=2097152]} | ret=SUCCESS |  
2019-09-04 11:46:15,730 [grpc-default-executor-1] INFO  client.GrpcClientProtocolClient (GrpcClientProtocolClient.java:onNext(255)) - client-D5CE890D7D9E->efcb8ff8-f060-4d95-9215-d0f5eb4af037: receive RaftClientReply:client-D5CE890D7D9E->efcb8ff8-f060-4d95-9215-d0f5eb4af037@group-0959F8DF43ED, cid=1975, SUCCESS, logIndex=2892, commits[efcb8ff8-f060-4d95-9215-d0f5eb4af037:c2894, 6fae8b02-e804-4c0e-b729-a97b7404b7f6:c2890, 4c3e8a66-6975-4917-8225-d3efe707aaff:c2890]
2019-09-04 11:46:15,730 [grpc-default-executor-1] INFO  client.GrpcClientProtocolClient (GrpcClientProtocolClient.java:onNext(255)) - client-D5CE890D7D9E->efcb8ff8-f060-4d95-9215-d0f5eb4af037: receive RaftClientReply:client-D5CE890D7D9E->efcb8ff8-f060-4d95-9215-d0f5eb4af037@group-0959F8DF43ED, cid=1976, SUCCESS, logIndex=2893, commits[efcb8ff8-f060-4d95-9215-d0f5eb4af037:c2894, 6fae8b02-e804-4c0e-b729-a97b7404b7f6:c2890, 4c3e8a66-6975-4917-8225-d3efe707aaff:c2890]
2019-09-04 11:46:15,730 [grpc-default-executor-1] INFO  client.GrpcClientProtocolClient (GrpcClientProtocolClient.java:onNext(255)) - client-D5CE890D7D9E->efcb8ff8-f060-4d95-9215-d0f5eb4af037: receive RaftClientReply:client-D5CE890D7D9E->efcb8ff8-f060-4d95-9215-d0f5eb4af037@group-0959F8DF43ED, cid=1977, SUCCESS, logIndex=2894, commits[efcb8ff8-f060-4d95-9215-d0f5eb4af037:c2894, 6fae8b02-e804-4c0e-b729-a97b7404b7f6:c2890, 4c3e8a66-6975-4917-8225-d3efe707aaff:c2890]
2019-09-04 11:46:15,735 | INFO  | DNAudit | user=null | ip=null | op=WRITE_CHUNK {blockData=conID: 3 locID: 102734074721141277 bcsId: 0} | ret=SUCCESS |  
2019-09-04 11:46:15,735 | INFO  | DNAudit | user=null | ip=null | op=WRITE_CHUNK {blockData=conID: 3 locID: 102734074721141277 bcsId: 0} | ret=SUCCESS |  
2019-09-04 11:46:15,738 | INFO  | DNAudit | user=null | ip=null | op=PUT_BLOCK {blockData=[blockId=conID: 3 locID: 102734074721141277 bcsId: 0,size=1048576]} | ret=SUCCESS |  
2019-09-04 11:46:15,739 | INFO  | DNAudit | user=null | ip=null | op=PUT_BLOCK {blockData=[blockId=conID: 3 locID: 102734074721141277 bcsId: 0,size=1048576]} | ret=SUCCESS |  
2019-09-04 11:46:15,739 | INFO  | DNAudit | user=null | ip=null | op=WRITE_CHUNK {blockData=conID: 3 locID: 102734074721141277 bcsId: 0} | ret=SUCCESS |  
2019-09-04 11:46:15,739 | INFO  | DNAudit | user=null | ip=null | op=PUT_BLOCK {blockData=[blockId=conID: 3 locID: 102734074721141277 bcsId: 0,size=2097152]} | ret=SUCCESS |  
2019-09-04 11:46:15,739 [grpc-default-executor-5] INFO  client.GrpcClientProtocolClient (GrpcClientProtocolClient.java:onNext(255)) - client-D5CE890D7D9E->efcb8ff8-f060-4d95-9215-d0f5eb4af037: receive RaftClientReply:client-D5CE890D7D9E->efcb8ff8-f060-4d95-9215-d0f5eb4af037@group-0959F8DF43ED, cid=1978, SUCCESS, logIndex=0, commits[efcb8ff8-f060-4d95-9215-d0f5eb4af037:c2895, 6fae8b02-e804-4c0e-b729-a97b7404b7f6:c2892, 4c3e8a66-6975-4917-8225-d3efe707aaff:c2892]
2019-09-04 11:46:15,739 | INFO  | DNAudit | user=null | ip=null | op=WRITE_CHUNK {blockData=conID: 3 locID: 102734074721141277 bcsId: 0} | ret=SUCCESS |  
2019-09-04 11:46:15,739 | INFO  | DNAudit | user=null | ip=null | op=PUT_BLOCK {blockData=[blockId=conID: 3 locID: 102734074721141277 bcsId: 0,size=2097152]} | ret=SUCCESS |  
2019-09-04 11:46:15,740 | INFO  | SCMAudit | user=jenkins1000 | ip=192.168.36.67 | op=SEND_HEARTBEAT {datanodeUUID=4c3e8a66-6975-4917-8225-d3efe707aaff, command=[]} | ret=SUCCESS |  
2019-09-04 11:46:15,740 | INFO  | SCMAudit | user=jenkins1000 | ip=192.168.36.67 | op=SEND_HEARTBEAT {datanodeUUID=6fae8b02-e804-4c0e-b729-a97b7404b7f6, command=[]} | ret=SUCCESS |  
2019-09-04 11:46:15,740 | INFO  | SCMAudit | user=jenkins1000 | ip=192.168.36.67 | op=SEND_HEARTBEAT {datanodeUUID=efcb8ff8-f060-4d95-9215-d0f5eb4af037, command=[]} | ret=SUCCESS |  
2019-09-04 11:46:15,740 | INFO  | SCMAudit | user=jenkins1000 | ip=192.168.36.67 | op=SEND_HEARTBEAT {datanodeUUID=0b776101-1d39-4f23-96c0-6a8ead31197c, command=[]} | ret=SUCCESS |  
2019-09-04 11:46:15,746 | INFO  | DNAudit | user=null | ip=null | op=WRITE_CHUNK {blockData=conID: 3 locID: 102734074721141277 bcsId: 2894} | ret=SUCCESS |  
2019-09-04 11:46:15,748 | INFO  | DNAudit | user=null | ip=null | op=WRITE_CHUNK {blockData=conID: 3 locID: 102734074721141277 bcsId: 2894} | ret=SUCCESS |  
2019-09-04 11:46:15,748 | INFO  | DNAudit | user=null | ip=null | op=WRITE_CHUNK {blockData=conID: 3 locID: 102734074721141277 bcsId: 2894} | ret=SUCCESS |  
2019-09-04 11:46:15,763 | INFO  | DNAudit | user=null | ip=null | op=WRITE_CHUNK {blockData=conID: 3 locID: 102734074721141277 bcsId: 2894} | ret=SUCCESS |  
2019-09-04 11:46:15,763 | INFO  | DNAudit | user=null | ip=null | op=PUT_BLOCK {blockData=[blockId=conID: 3 locID: 102734074721141277 bcsId: 0,size=3145728]} | ret=SUCCESS |  
2019-09-04 11:46:15,764 [grpc-default-executor-5] INFO  client.GrpcClientProtocolClient (GrpcClientProtocolClient.java:onNext(255)) - client-D5CE890D7D9E->efcb8ff8-f060-4d95-9215-d0f5eb4af037: receive RaftClientReply:client-D5CE890D7D9E->efcb8ff8-f060-4d95-9215-d0f5eb4af037@group-0959F8DF43ED, cid=1979, SUCCESS, logIndex=2899, commits[efcb8ff8-f060-4d95-9215-d0f5eb4af037:c2900, 6fae8b02-e804-4c0e-b729-a97b7404b7f6:c2898, 4c3e8a66-6975-4917-8225-d3efe707aaff:c2898]
2019-09-04 11:46:15,764 [grpc-default-executor-5] INFO  client.GrpcClientProtocolClient (GrpcClientProtocolClient.java:onNext(255)) - client-D5CE890D7D9E->efcb8ff8-f060-4d95-9215-d0f5eb4af037: receive RaftClientReply:client-D5CE890D7D9E->efcb8ff8-f060-4d95-9215-d0f5eb4af037@group-0959F8DF43ED, cid=1980, SUCCESS, logIndex=2900, commits[efcb8ff8-f060-4d95-9215-d0f5eb4af037:c2900, 6fae8b02-e804-4c0e-b729-a97b7404b7f6:c2898, 4c3e8a66-6975-4917-8225-d3efe707aaff:c2898]
2019-09-04 11:46:15,770 | INFO  | DNAudit | user=null | ip=null | op=WRITE_CHUNK {blockData=conID: 3 locID: 102734074721141277 bcsId: 2900} | ret=SUCCESS |  
2019-09-04 11:46:15,772 | INFO  | DNAudit | user=null | ip=null | op=WRITE_CHUNK {blockData=conID: 3 locID: 102734074721141277 bcsId: 2900} | ret=SUCCESS |  
2019-09-04 11:46:15,773 | INFO  | DNAudit | user=null | ip=null | op=WRITE_CHUNK {blockData=conID: 3 locID: 102734074721141277 bcsId: 2900} | ret=SUCCESS |  
2019-09-04 11:46:15,785 | INFO  | DNAudit | user=null | ip=null | op=WRITE_CHUNK {blockData=conID: 3 locID: 102734074721141277 bcsId: 2894} | ret=SUCCESS |  
2019-09-04 11:46:15,785 | INFO  | DNAudit | user=null | ip=null | op=WRITE_CHUNK {blockData=conID: 3 locID: 102734074721141277 bcsId: 2894} | ret=SUCCESS |  
2019-09-04 11:46:15,786 | INFO  | DNAudit | user=null | ip=null | op=PUT_BLOCK {blockData=[blockId=conID: 3 locID: 102734074721141277 bcsId: 0,size=3145728]} | ret=SUCCESS |  
2019-09-04 11:46:15,786 | INFO  | DNAudit | user=null | ip=null | op=PUT_BLOCK {blockData=[blockId=conID: 3 locID: 102734074721141277 bcsId: 0,size=3145728]} | ret=SUCCESS |  
2019-09-04 11:46:15,787 | INFO  | DNAudit | user=null | ip=null | op=WRITE_CHUNK {blockData=conID: 3 locID: 102734074721141277 bcsId: 2900} | ret=SUCCESS |  
2019-09-04 11:46:15,787 | INFO  | DNAudit | user=null | ip=null | op=PUT_BLOCK {blockData=[blockId=conID: 3 locID: 102734074721141277 bcsId: 0,size=4194304]} | ret=SUCCESS |  
2019-09-04 11:46:15,787 [grpc-default-executor-6] INFO  client.GrpcClientProtocolClient (GrpcClientProtocolClient.java:onNext(255)) - client-D5CE890D7D9E->efcb8ff8-f060-4d95-9215-d0f5eb4af037: receive RaftClientReply:client-D5CE890D7D9E->efcb8ff8-f060-4d95-9215-d0f5eb4af037@group-0959F8DF43ED, cid=1981, SUCCESS, logIndex=2903, commits[efcb8ff8-f060-4d95-9215-d0f5eb4af037:c2904, 6fae8b02-e804-4c0e-b729-a97b7404b7f6:c2900, 4c3e8a66-6975-4917-8225-d3efe707aaff:c2900]
2019-09-04 11:46:15,788 [grpc-default-executor-6] INFO  client.GrpcClientProtocolClient (GrpcClientProtocolClient.java:onNext(255)) - client-D5CE890D7D9E->efcb8ff8-f060-4d95-9215-d0f5eb4af037: receive RaftClientReply:client-D5CE890D7D9E->efcb8ff8-f060-4d95-9215-d0f5eb4af037@group-0959F8DF43ED, cid=1982, SUCCESS, logIndex=2904, commits[efcb8ff8-f060-4d95-9215-d0f5eb4af037:c2904, 6fae8b02-e804-4c0e-b729-a97b7404b7f6:c2900, 4c3e8a66-6975-4917-8225-d3efe707aaff:c2900]
2019-09-04 11:46:15,796 | INFO  | DNAudit | user=null | ip=null | op=WRITE_CHUNK {blockData=conID: 3 locID: 102734074721141277 bcsId: 2900} | ret=SUCCESS |  
2019-09-04 11:46:15,796 | INFO  | DNAudit | user=null | ip=null | op=WRITE_CHUNK {blockData=conID: 3 locID: 102734074721141277 bcsId: 2900} | ret=SUCCESS |  
2019-09-04 11:46:15,797 | INFO  | DNAudit | user=null | ip=null | op=PUT_BLOCK {blockData=[blockId=conID: 3 locID: 102734074721141277 bcsId: 0,size=4194304]} | ret=SUCCESS |  
2019-09-04 11:46:15,798 | INFO  | DNAudit | user=null | ip=null | op=PUT_BLOCK {blockData=[blockId=conID: 3 locID: 102734074721141277 bcsId: 0,size=4194304]} | ret=SUCCESS |  
2019-09-04 11:46:15,798 [grpc-default-executor-6] INFO  client.GrpcClientProtocolClient (GrpcClientProtocolClient.java:onNext(255)) - client-D5CE890D7D9E->efcb8ff8-f060-4d95-9215-d0f5eb4af037: receive RaftClientReply:client-D5CE890D7D9E->efcb8ff8-f060-4d95-9215-d0f5eb4af037@group-0959F8DF43ED, cid=1983, SUCCESS, logIndex=0, commits[efcb8ff8-f060-4d95-9215-d0f5eb4af037:c2906, 6fae8b02-e804-4c0e-b729-a97b7404b7f6:c2904, 4c3e8a66-6975-4917-8225-d3efe707aaff:c2904]
2019-09-04 11:46:15,802 | INFO  | SCMAudit | user=jenkins1000 | ip=192.168.36.67 | op=ALLOCATE_BLOCK {owner=8ab292a2-aaa7-4ad8-863a-d33994811155, size=4194304, type=RATIS, factor=THREE} | ret=SUCCESS |  
2019-09-04 11:46:15,805 | INFO  | OMAudit | user=jenkins1000 | ip=127.0.0.1 | op=ALLOCATE_BLOCK {volume=vol-0-58699, bucket=bucket-0-57464, key=key-0-37266, dataSize=0, replicationType=null, replicationFactor=null, keyLocationInfo=null, clientID=102734073355960722} | ret=SUCCESS |  
2019-09-04 11:46:15,810 | INFO  | DNAudit | user=null | ip=null | op=WRITE_CHUNK {blockData=conID: 1 locID: 102734074727760414 bcsId: 0} | ret=SUCCESS |  
2019-09-04 11:46:15,813 | INFO  | DNAudit | user=null | ip=null | op=WRITE_CHUNK {blockData=conID: 1 locID: 102734074727760414 bcsId: 0} | ret=SUCCESS |  
2019-09-04 11:46:15,814 | INFO  | DNAudit | user=null | ip=null | op=WRITE_CHUNK {blockData=conID: 1 locID: 102734074727760414 bcsId: 0} | ret=SUCCESS |  
2019-09-04 11:46:15,814 | INFO  | DNAudit | user=null | ip=null | op=WRITE_CHUNK {blockData=conID: 1 locID: 102734074727760414 bcsId: 0} | ret=SUCCESS |  
2019-09-04 11:46:15,815 | INFO  | DNAudit | user=null | ip=null | op=WRITE_CHUNK {blockData=conID: 1 locID: 102734074727760414 bcsId: 0} | ret=SUCCESS |  
2019-09-04 11:46:15,815 | INFO  | DNAudit | user=null | ip=null | op=WRITE_CHUNK {blockData=conID: 1 locID: 102734074727760414 bcsId: 0} | ret=SUCCESS |  
2019-09-04 11:46:15,839 | INFO  | DNAudit | user=null | ip=null | op=WRITE_CHUNK {blockData=conID: 1 locID: 102734074727760414 bcsId: 0} | ret=SUCCESS |  
2019-09-04 11:46:15,839 | INFO  | DNAudit | user=null | ip=null | op=PUT_BLOCK {blockData=[blockId=conID: 1 locID: 102734074727760414 bcsId: 0,size=1048576]} | ret=SUCCESS |  
2019-09-04 11:46:15,840 [grpc-default-executor-0] INFO  client.GrpcClientProtocolClient (GrpcClientProtocolClient.java:onNext(255)) - client-D5CE890D7D9E->efcb8ff8-f060-4d95-9215-d0f5eb4af037: receive RaftClientReply:client-D5CE890D7D9E->efcb8ff8-f060-4d95-9215-d0f5eb4af037@group-0959F8DF43ED, cid=1984, SUCCESS, logIndex=2907, commits[efcb8ff8-f060-4d95-9215-d0f5eb4af037:c2910, 6fae8b02-e804-4c0e-b729-a97b7404b7f6:c2906, 4c3e8a66-6975-4917-8225-d3efe707aaff:c2906]
2019-09-04 11:46:15,840 | INFO  | DNAudit | user=null | ip=null | op=WRITE_CHUNK {blockData=conID: 1 locID: 102734074727760414 bcsId: 0} | ret=SUCCESS |  
2019-09-04 11:46:15,840 | INFO  | DNAudit | user=null | ip=null | op=PUT_BLOCK {blockData=[blockId=conID: 1 locID: 102734074727760414 bcsId: 0,size=2097152]} | ret=SUCCESS |  
2019-09-04 11:46:15,840 [grpc-default-executor-0] INFO  client.GrpcClientProtocolClient (GrpcClientProtocolClient.java:onNext(255)) - client-D5CE890D7D9E->efcb8ff8-f060-4d95-9215-d0f5eb4af037: receive RaftClientReply:client-D5CE890D7D9E->efcb8ff8-f060-4d95-9215-d0f5eb4af037@group-0959F8DF43ED, cid=1985, SUCCESS, logIndex=2908, commits[efcb8ff8-f060-4d95-9215-d0f5eb4af037:c2910, 6fae8b02-e804-4c0e-b729-a97b7404b7f6:c2906, 4c3e8a66-6975-4917-8225-d3efe707aaff:c2906]
2019-09-04 11:46:15,841 [grpc-default-executor-0] INFO  client.GrpcClientProtocolClient (GrpcClientProtocolClient.java:onNext(255)) - client-D5CE890D7D9E->efcb8ff8-f060-4d95-9215-d0f5eb4af037: receive RaftClientReply:client-D5CE890D7D9E->efcb8ff8-f060-4d95-9215-d0f5eb4af037@group-0959F8DF43ED, cid=1986, SUCCESS, logIndex=2909, commits[efcb8ff8-f060-4d95-9215-d0f5eb4af037:c2910, 6fae8b02-e804-4c0e-b729-a97b7404b7f6:c2906, 4c3e8a66-6975-4917-8225-d3efe707aaff:c2906]
2019-09-04 11:46:15,841 [grpc-default-executor-0] INFO  client.GrpcClientProtocolClient (GrpcClientProtocolClient.java:onNext(255)) - client-D5CE890D7D9E->efcb8ff8-f060-4d95-9215-d0f5eb4af037: receive RaftClientReply:client-D5CE890D7D9E->efcb8ff8-f060-4d95-9215-d0f5eb4af037@group-0959F8DF43ED, cid=1987, SUCCESS, logIndex=2910, commits[efcb8ff8-f060-4d95-9215-d0f5eb4af037:c2910, 6fae8b02-e804-4c0e-b729-a97b7404b7f6:c2906, 4c3e8a66-6975-4917-8225-d3efe707aaff:c2906]
2019-09-04 11:46:15,860 | INFO  | DNAudit | user=null | ip=null | op=WRITE_CHUNK {blockData=conID: 1 locID: 102734074727760414 bcsId: 0} | ret=SUCCESS |  
2019-09-04 11:46:15,860 | INFO  | DNAudit | user=null | ip=null | op=WRITE_CHUNK {blockData=conID: 1 locID: 102734074727760414 bcsId: 0} | ret=SUCCESS |  
2019-09-04 11:46:15,861 | INFO  | DNAudit | user=null | ip=null | op=PUT_BLOCK {blockData=[blockId=conID: 1 locID: 102734074727760414 bcsId: 0,size=1048576]} | ret=SUCCESS |  
2019-09-04 11:46:15,861 | INFO  | DNAudit | user=null | ip=null | op=PUT_BLOCK {blockData=[blockId=conID: 1 locID: 102734074727760414 bcsId: 0,size=1048576]} | ret=SUCCESS |  
2019-09-04 11:46:15,862 | INFO  | DNAudit | user=null | ip=null | op=WRITE_CHUNK {blockData=conID: 1 locID: 102734074727760414 bcsId: 0} | ret=SUCCESS |  
2019-09-04 11:46:15,862 [grpc-default-executor-0] INFO  client.GrpcClientProtocolClient (GrpcClientProtocolClient.java:onNext(255)) - client-D5CE890D7D9E->efcb8ff8-f060-4d95-9215-d0f5eb4af037: receive RaftClientReply:client-D5CE890D7D9E->efcb8ff8-f060-4d95-9215-d0f5eb4af037@group-0959F8DF43ED, cid=1988, SUCCESS, logIndex=0, commits[efcb8ff8-f060-4d95-9215-d0f5eb4af037:c2912, 6fae8b02-e804-4c0e-b729-a97b7404b7f6:c2908, 4c3e8a66-6975-4917-8225-d3efe707aaff:c2908]
2019-09-04 11:46:15,862 | INFO  | DNAudit | user=null | ip=null | op=PUT_BLOCK {blockData=[blockId=conID: 1 locID: 102734074727760414 bcsId: 0,size=2097152]} | ret=SUCCESS |  
2019-09-04 11:46:15,862 | INFO  | DNAudit | user=null | ip=null | op=WRITE_CHUNK {blockData=conID: 1 locID: 102734074727760414 bcsId: 0} | ret=SUCCESS |  
2019-09-04 11:46:15,862 | INFO  | DNAudit | user=null | ip=null | op=PUT_BLOCK {blockData=[blockId=conID: 1 locID: 102734074727760414 bcsId: 0,size=2097152]} | ret=SUCCESS |  
2019-09-04 11:46:15,869 | INFO  | DNAudit | user=null | ip=null | op=WRITE_CHUNK {blockData=conID: 1 locID: 102734074727760414 bcsId: 2910} | ret=SUCCESS |  
2019-09-04 11:46:15,871 | INFO  | DNAudit | user=null | ip=null | op=WRITE_CHUNK {blockData=conID: 1 locID: 102734074727760414 bcsId: 2910} | ret=SUCCESS |  
2019-09-04 11:46:15,871 | INFO  | DNAudit | user=null | ip=null | op=WRITE_CHUNK {blockData=conID: 1 locID: 102734074727760414 bcsId: 2910} | ret=SUCCESS |  
2019-09-04 11:46:15,877 | INFO  | DNAudit | user=null | ip=null | op=WRITE_CHUNK {blockData=conID: 1 locID: 102734074727760414 bcsId: 2910} | ret=SUCCESS |  
2019-09-04 11:46:15,878 | INFO  | DNAudit | user=null | ip=null | op=PUT_BLOCK {blockData=[blockId=conID: 1 locID: 102734074727760414 bcsId: 0,size=3145728]} | ret=SUCCESS |  
2019-09-04 11:46:15,878 [grpc-default-executor-5] INFO  client.GrpcClientProtocolClient (GrpcClientProtocolClient.java:onNext(255)) - client-D5CE890D7D9E->efcb8ff8-f060-4d95-9215-d0f5eb4af037: receive RaftClientReply:client-D5CE890D7D9E->efcb8ff8-f060-4d95-9215-d0f5eb4af037@group-0959F8DF43ED, cid=1989, SUCCESS, logIndex=2915, commits[efcb8ff8-f060-4d95-9215-d0f5eb4af037:c2916, 6fae8b02-e804-4c0e-b729-a97b7404b7f6:c2914, 4c3e8a66-6975-4917-8225-d3efe707aaff:c2914]
2019-09-04 11:46:15,878 [grpc-default-executor-5] INFO  client.GrpcClientProtocolClient (GrpcClientProtocolClient.java:onNext(255)) - client-D5CE890D7D9E->efcb8ff8-f060-4d95-9215-d0f5eb4af037: receive RaftClientReply:client-D5CE890D7D9E->efcb8ff8-f060-4d95-9215-d0f5eb4af037@group-0959F8DF43ED, cid=1990, SUCCESS, logIndex=2916, commits[efcb8ff8-f060-4d95-9215-d0f5eb4af037:c2916, 6fae8b02-e804-4c0e-b729-a97b7404b7f6:c2914, 4c3e8a66-6975-4917-8225-d3efe707aaff:c2914]
2019-09-04 11:46:15,885 | INFO  | DNAudit | user=null | ip=null | op=WRITE_CHUNK {blockData=conID: 1 locID: 102734074727760414 bcsId: 2916} | ret=SUCCESS |  
2019-09-04 11:46:15,887 | INFO  | DNAudit | user=null | ip=null | op=WRITE_CHUNK {blockData=conID: 1 locID: 102734074727760414 bcsId: 2916} | ret=SUCCESS |  
2019-09-04 11:46:15,888 | INFO  | DNAudit | user=null | ip=null | op=WRITE_CHUNK {blockData=conID: 1 locID: 102734074727760414 bcsId: 2916} | ret=SUCCESS |  
2019-09-04 11:46:15,888 | INFO  | DNAudit | user=null | ip=null | op=WRITE_CHUNK {blockData=conID: 1 locID: 102734074727760414 bcsId: 2910} | ret=SUCCESS |  
2019-09-04 11:46:15,888 | INFO  | DNAudit | user=null | ip=null | op=WRITE_CHUNK {blockData=conID: 1 locID: 102734074727760414 bcsId: 2910} | ret=SUCCESS |  
2019-09-04 11:46:15,889 | INFO  | DNAudit | user=null | ip=null | op=PUT_BLOCK {blockData=[blockId=conID: 1 locID: 102734074727760414 bcsId: 0,size=3145728]} | ret=SUCCESS |  
2019-09-04 11:46:15,889 | INFO  | DNAudit | user=null | ip=null | op=WRITE_CHUNK {blockData=conID: 1 locID: 102734074727760414 bcsId: 2916} | ret=SUCCESS |  
2019-09-04 11:46:15,889 | INFO  | DNAudit | user=null | ip=null | op=PUT_BLOCK {blockData=[blockId=conID: 1 locID: 102734074727760414 bcsId: 0,size=3145728]} | ret=SUCCESS |  
2019-09-04 11:46:15,890 | INFO  | DNAudit | user=null | ip=null | op=PUT_BLOCK {blockData=[blockId=conID: 1 locID: 102734074727760414 bcsId: 0,size=4194304]} | ret=SUCCESS |  
2019-09-04 11:46:15,890 [grpc-default-executor-0] INFO  client.GrpcClientProtocolClient (GrpcClientProtocolClient.java:onNext(255)) - client-D5CE890D7D9E->efcb8ff8-f060-4d95-9215-d0f5eb4af037: receive RaftClientReply:client-D5CE890D7D9E->efcb8ff8-f060-4d95-9215-d0f5eb4af037@group-0959F8DF43ED, cid=1991, SUCCESS, logIndex=2919, commits[efcb8ff8-f060-4d95-9215-d0f5eb4af037:c2920, 6fae8b02-e804-4c0e-b729-a97b7404b7f6:c2916, 4c3e8a66-6975-4917-8225-d3efe707aaff:c2916]
2019-09-04 11:46:15,890 [grpc-default-executor-0] INFO  client.GrpcClientProtocolClient (GrpcClientProtocolClient.java:onNext(255)) - client-D5CE890D7D9E->efcb8ff8-f060-4d95-9215-d0f5eb4af037: receive RaftClientReply:client-D5CE890D7D9E->efcb8ff8-f060-4d95-9215-d0f5eb4af037@group-0959F8DF43ED, cid=1992, SUCCESS, logIndex=2920, commits[efcb8ff8-f060-4d95-9215-d0f5eb4af037:c2920, 6fae8b02-e804-4c0e-b729-a97b7404b7f6:c2916, 4c3e8a66-6975-4917-8225-d3efe707aaff:c2916]
 0.00% |█                                                                                                    |  0/1 Time: 0:00:212019-09-04 11:46:15,907 | INFO  | DNAudit | user=null | ip=null | op=WRITE_CHUNK {blockData=conID: 1 locID: 102734074727760414 bcsId: 2916} | ret=SUCCESS |  
2019-09-04 11:46:15,908 | INFO  | DNAudit | user=null | ip=null | op=PUT_BLOCK {blockData=[blockId=conID: 1 locID: 102734074727760414 bcsId: 0,size=4194304]} | ret=SUCCESS |  
2019-09-04 11:46:15,908 | INFO  | DNAudit | user=null | ip=null | op=WRITE_CHUNK {blockData=conID: 1 locID: 102734074727760414 bcsId: 2916} | ret=SUCCESS |  
2019-09-04 11:46:15,909 | INFO  | DNAudit | user=null | ip=null | op=PUT_BLOCK {blockData=[blockId=conID: 1 locID: 102734074727760414 bcsId: 0,size=4194304]} | ret=SUCCESS |  
2019-09-04 11:46:15,909 [grpc-default-executor-0] INFO  client.GrpcClientProtocolClient (GrpcClientProtocolClient.java:onNext(255)) - client-D5CE890D7D9E->efcb8ff8-f060-4d95-9215-d0f5eb4af037: receive RaftClientReply:client-D5CE890D7D9E->efcb8ff8-f060-4d95-9215-d0f5eb4af037@group-0959F8DF43ED, cid=1993, SUCCESS, logIndex=0, commits[efcb8ff8-f060-4d95-9215-d0f5eb4af037:c2921, 6fae8b02-e804-4c0e-b729-a97b7404b7f6:c2920, 4c3e8a66-6975-4917-8225-d3efe707aaff:c2920]
2019-09-04 11:46:15,916 | INFO  | SCMAudit | user=jenkins1000 | ip=192.168.36.67 | op=ALLOCATE_BLOCK {owner=8ab292a2-aaa7-4ad8-863a-d33994811155, size=4194304, type=RATIS, factor=THREE} | ret=SUCCESS |  
2019-09-04 11:46:15,920 | INFO  | OMAudit | user=jenkins1000 | ip=127.0.0.1 | op=ALLOCATE_BLOCK {volume=vol-0-58699, bucket=bucket-0-57464, key=key-0-37266, dataSize=0, replicationType=null, replicationFactor=null, keyLocationInfo=null, clientID=102734073355960722} | ret=SUCCESS |  
2019-09-04 11:46:15,927 | INFO  | DNAudit | user=null | ip=null | op=WRITE_CHUNK {blockData=conID: 2 locID: 102734074735231519 bcsId: 0} | ret=SUCCESS |  
2019-09-04 11:46:15,930 | INFO  | DNAudit | user=null | ip=null | op=WRITE_CHUNK {blockData=conID: 2 locID: 102734074735231519 bcsId: 0} | ret=SUCCESS |  
2019-09-04 11:46:15,930 | INFO  | DNAudit | user=null | ip=null | op=WRITE_CHUNK {blockData=conID: 2 locID: 102734074735231519 bcsId: 0} | ret=SUCCESS |  
2019-09-04 11:46:15,931 | INFO  | DNAudit | user=null | ip=null | op=WRITE_CHUNK {blockData=conID: 2 locID: 102734074735231519 bcsId: 0} | ret=SUCCESS |  
2019-09-04 11:46:15,931 | INFO  | DNAudit | user=null | ip=null | op=WRITE_CHUNK {blockData=conID: 2 locID: 102734074735231519 bcsId: 0} | ret=SUCCESS |  
2019-09-04 11:46:15,931 | INFO  | DNAudit | user=null | ip=null | op=WRITE_CHUNK {blockData=conID: 2 locID: 102734074735231519 bcsId: 0} | ret=SUCCESS |  
2019-09-04 11:46:15,958 | INFO  | DNAudit | user=null | ip=null | op=WRITE_CHUNK {blockData=conID: 2 locID: 102734074735231519 bcsId: 0} | ret=SUCCESS |  
2019-09-04 11:46:15,958 | INFO  | DNAudit | user=null | ip=null | op=PUT_BLOCK {blockData=[blockId=conID: 2 locID: 102734074735231519 bcsId: 0,size=1048576]} | ret=SUCCESS |  
2019-09-04 11:46:15,958 [grpc-default-executor-1] INFO  client.GrpcClientProtocolClient (GrpcClientProtocolClient.java:onNext(255)) - client-D5CE890D7D9E->efcb8ff8-f060-4d95-9215-d0f5eb4af037: receive RaftClientReply:client-D5CE890D7D9E->efcb8ff8-f060-4d95-9215-d0f5eb4af037@group-0959F8DF43ED, cid=1994, SUCCESS, logIndex=2923, commits[efcb8ff8-f060-4d95-9215-d0f5eb4af037:c2924, 6fae8b02-e804-4c0e-b729-a97b7404b7f6:c2922, 4c3e8a66-6975-4917-8225-d3efe707aaff:c2922]
2019-09-04 11:46:15,959 [grpc-default-executor-1] INFO  client.GrpcClientProtocolClient (GrpcClientProtocolClient.java:onNext(255)) - client-D5CE890D7D9E->efcb8ff8-f060-4d95-9215-d0f5eb4af037: receive RaftClientReply:client-D5CE890D7D9E->efcb8ff8-f060-4d95-9215-d0f5eb4af037@group-0959F8DF43ED, cid=1995, SUCCESS, logIndex=2924, commits[efcb8ff8-f060-4d95-9215-d0f5eb4af037:c2924, 6fae8b02-e804-4c0e-b729-a97b7404b7f6:c2922, 4c3e8a66-6975-4917-8225-d3efe707aaff:c2922]
2019-09-04 11:46:15,970 | INFO  | DNAudit | user=null | ip=null | op=WRITE_CHUNK {blockData=conID: 2 locID: 102734074735231519 bcsId: 0} | ret=SUCCESS |  
2019-09-04 11:46:15,971 | INFO  | DNAudit | user=null | ip=null | op=WRITE_CHUNK {blockData=conID: 2 locID: 102734074735231519 bcsId: 0} | ret=SUCCESS |  
2019-09-04 11:46:15,971 | INFO  | DNAudit | user=null | ip=null | op=WRITE_CHUNK {blockData=conID: 2 locID: 102734074735231519 bcsId: 0} | ret=SUCCESS |  
2019-09-04 11:46:15,971 | INFO  | DNAudit | user=null | ip=null | op=PUT_BLOCK {blockData=[blockId=conID: 2 locID: 102734074735231519 bcsId: 0,size=2097152]} | ret=SUCCESS |  
2019-09-04 11:46:15,971 [grpc-default-executor-1] INFO  client.GrpcClientProtocolClient (GrpcClientProtocolClient.java:onNext(255)) - client-D5CE890D7D9E->efcb8ff8-f060-4d95-9215-d0f5eb4af037: receive RaftClientReply:client-D5CE890D7D9E->efcb8ff8-f060-4d95-9215-d0f5eb4af037@group-0959F8DF43ED, cid=1996, SUCCESS, logIndex=2925, commits[efcb8ff8-f060-4d95-9215-d0f5eb4af037:c2926, 6fae8b02-e804-4c0e-b729-a97b7404b7f6:c2922, 4c3e8a66-6975-4917-8225-d3efe707aaff:c2922]
2019-09-04 11:46:15,971 [grpc-default-executor-1] INFO  client.GrpcClientProtocolClient (GrpcClientProtocolClient.java:onNext(255)) - client-D5CE890D7D9E->efcb8ff8-f060-4d95-9215-d0f5eb4af037: receive RaftClientReply:client-D5CE890D7D9E->efcb8ff8-f060-4d95-9215-d0f5eb4af037@group-0959F8DF43ED, cid=1997, SUCCESS, logIndex=2926, commits[efcb8ff8-f060-4d95-9215-d0f5eb4af037:c2926, 6fae8b02-e804-4c0e-b729-a97b7404b7f6:c2923, 4c3e8a66-6975-4917-8225-d3efe707aaff:c2923]
2019-09-04 11:46:15,972 | INFO  | DNAudit | user=null | ip=null | op=PUT_BLOCK {blockData=[blockId=conID: 2 locID: 102734074735231519 bcsId: 0,size=1048576]} | ret=SUCCESS |  
2019-09-04 11:46:15,972 | INFO  | DNAudit | user=null | ip=null | op=PUT_BLOCK {blockData=[blockId=conID: 2 locID: 102734074735231519 bcsId: 0,size=1048576]} | ret=SUCCESS |  
2019-09-04 11:46:15,973 [grpc-default-executor-5] INFO  client.GrpcClientProtocolClient (GrpcClientProtocolClient.java:onNext(255)) - client-D5CE890D7D9E->efcb8ff8-f060-4d95-9215-d0f5eb4af037: receive RaftClientReply:client-D5CE890D7D9E->efcb8ff8-f060-4d95-9215-d0f5eb4af037@group-0959F8DF43ED, cid=1998, SUCCESS, logIndex=0, commits[efcb8ff8-f060-4d95-9215-d0f5eb4af037:c2930, 6fae8b02-e804-4c0e-b729-a97b7404b7f6:c2924, 4c3e8a66-6975-4917-8225-d3efe707aaff:c2924]
2019-09-04 11:46:15,980 | INFO  | DNAudit | user=null | ip=null | op=WRITE_CHUNK {blockData=conID: 2 locID: 102734074735231519 bcsId: 2926} | ret=SUCCESS |  
2019-09-04 11:46:15,982 | INFO  | DNAudit | user=null | ip=null | op=WRITE_CHUNK {blockData=conID: 2 locID: 102734074735231519 bcsId: 2926} | ret=SUCCESS |  
2019-09-04 11:46:15,982 | INFO  | DNAudit | user=null | ip=null | op=WRITE_CHUNK {blockData=conID: 2 locID: 102734074735231519 bcsId: 2926} | ret=SUCCESS |  
2019-09-04 11:46:15,999 | INFO  | DNAudit | user=null | ip=null | op=WRITE_CHUNK {blockData=conID: 2 locID: 102734074735231519 bcsId: 0} | ret=SUCCESS |  
2019-09-04 11:46:15,999 | INFO  | DNAudit | user=null | ip=null | op=WRITE_CHUNK {blockData=conID: 2 locID: 102734074735231519 bcsId: 0} | ret=SUCCESS |  
2019-09-04 11:46:16,000 | INFO  | DNAudit | user=null | ip=null | op=WRITE_CHUNK {blockData=conID: 2 locID: 102734074735231519 bcsId: 2926} | ret=SUCCESS |  
2019-09-04 11:46:16,000 | INFO  | DNAudit | user=null | ip=null | op=PUT_BLOCK {blockData=[blockId=conID: 2 locID: 102734074735231519 bcsId: 0,size=2097152]} | ret=SUCCESS |  
2019-09-04 11:46:16,000 | INFO  | DNAudit | user=null | ip=null | op=PUT_BLOCK {blockData=[blockId=conID: 2 locID: 102734074735231519 bcsId: 0,size=2097152]} | ret=SUCCESS |  
2019-09-04 11:46:16,000 | INFO  | DNAudit | user=null | ip=null | op=PUT_BLOCK {blockData=[blockId=conID: 2 locID: 102734074735231519 bcsId: 0,size=3145728]} | ret=SUCCESS |  
2019-09-04 11:46:16,000 [grpc-default-executor-5] INFO  client.GrpcClientProtocolClient (GrpcClientProtocolClient.java:onNext(255)) - client-D5CE890D7D9E->efcb8ff8-f060-4d95-9215-d0f5eb4af037: receive RaftClientReply:client-D5CE890D7D9E->efcb8ff8-f060-4d95-9215-d0f5eb4af037@group-0959F8DF43ED, cid=1999, SUCCESS, logIndex=2931, commits[efcb8ff8-f060-4d95-9215-d0f5eb4af037:c2932, 6fae8b02-e804-4c0e-b729-a97b7404b7f6:c2930, 4c3e8a66-6975-4917-8225-d3efe707aaff:c2930]
2019-09-04 11:46:16,000 [grpc-default-executor-5] INFO  client.GrpcClientProtocolClient (GrpcClientProtocolClient.java:onNext(255)) - client-D5CE890D7D9E->efcb8ff8-f060-4d95-9215-d0f5eb4af037: receive RaftClientReply:client-D5CE890D7D9E->efcb8ff8-f060-4d95-9215-d0f5eb4af037@group-0959F8DF43ED, cid=2000, SUCCESS, logIndex=2932, commits[efcb8ff8-f060-4d95-9215-d0f5eb4af037:c2932, 6fae8b02-e804-4c0e-b729-a97b7404b7f6:c2930, 4c3e8a66-6975-4917-8225-d3efe707aaff:c2930]
2019-09-04 11:46:16,006 | INFO  | DNAudit | user=null | ip=null | op=WRITE_CHUNK {blockData=conID: 2 locID: 102734074735231519 bcsId: 2932} | ret=SUCCESS |  
2019-09-04 11:46:16,008 | INFO  | DNAudit | user=null | ip=null | op=WRITE_CHUNK {blockData=conID: 2 locID: 102734074735231519 bcsId: 2932} | ret=SUCCESS |  
2019-09-04 11:46:16,008 | INFO  | DNAudit | user=null | ip=null | op=WRITE_CHUNK {blockData=conID: 2 locID: 102734074735231519 bcsId: 2932} | ret=SUCCESS |  
2019-09-04 11:46:16,010 | INFO  | DNAudit | user=null | ip=null | op=WRITE_CHUNK {blockData=conID: 2 locID: 102734074735231519 bcsId: 2926} | ret=SUCCESS |  
2019-09-04 11:46:16,010 | INFO  | DNAudit | user=null | ip=null | op=WRITE_CHUNK {blockData=conID: 2 locID: 102734074735231519 bcsId: 2926} | ret=SUCCESS |  
2019-09-04 11:46:16,011 | INFO  | DNAudit | user=null | ip=null | op=PUT_BLOCK {blockData=[blockId=conID: 2 locID: 102734074735231519 bcsId: 0,size=3145728]} | ret=SUCCESS |  
2019-09-04 11:46:16,011 | INFO  | DNAudit | user=null | ip=null | op=PUT_BLOCK {blockData=[blockId=conID: 2 locID: 102734074735231519 bcsId: 0,size=3145728]} | ret=SUCCESS |  
2019-09-04 11:46:16,012 | INFO  | DNAudit | user=null | ip=null | op=WRITE_CHUNK {blockData=conID: 2 locID: 102734074735231519 bcsId: 2932} | ret=SUCCESS |  
2019-09-04 11:46:16,012 | INFO  | DNAudit | user=null | ip=null | op=PUT_BLOCK {blockData=[blockId=conID: 2 locID: 102734074735231519 bcsId: 0,size=4194304]} | ret=SUCCESS |  
2019-09-04 11:46:16,013 [grpc-default-executor-5] INFO  client.GrpcClientProtocolClient (GrpcClientProtocolClient.java:onNext(255)) - client-D5CE890D7D9E->efcb8ff8-f060-4d95-9215-d0f5eb4af037: receive RaftClientReply:client-D5CE890D7D9E->efcb8ff8-f060-4d95-9215-d0f5eb4af037@group-0959F8DF43ED, cid=2001, SUCCESS, logIndex=2935, commits[efcb8ff8-f060-4d95-9215-d0f5eb4af037:c2936, 6fae8b02-e804-4c0e-b729-a97b7404b7f6:c2932, 4c3e8a66-6975-4917-8225-d3efe707aaff:c2932]
2019-09-04 11:46:16,013 [grpc-default-executor-5] INFO  client.GrpcClientProtocolClient (GrpcClientProtocolClient.java:onNext(255)) - client-D5CE890D7D9E->efcb8ff8-f060-4d95-9215-d0f5eb4af037: receive RaftClientReply:client-D5CE890D7D9E->efcb8ff8-f060-4d95-9215-d0f5eb4af037@group-0959F8DF43ED, cid=2002, SUCCESS, logIndex=2936, commits[efcb8ff8-f060-4d95-9215-d0f5eb4af037:c2936, 6fae8b02-e804-4c0e-b729-a97b7404b7f6:c2932, 4c3e8a66-6975-4917-8225-d3efe707aaff:c2932]
2019-09-04 11:46:16,022 | INFO  | DNAudit | user=null | ip=null | op=WRITE_CHUNK {blockData=conID: 2 locID: 102734074735231519 bcsId: 2932} | ret=SUCCESS |  
2019-09-04 11:46:16,022 | INFO  | DNAudit | user=null | ip=null | op=WRITE_CHUNK {blockData=conID: 2 locID: 102734074735231519 bcsId: 2932} | ret=SUCCESS |  
2019-09-04 11:46:16,023 | INFO  | DNAudit | user=null | ip=null | op=PUT_BLOCK {blockData=[blockId=conID: 2 locID: 102734074735231519 bcsId: 0,size=4194304]} | ret=SUCCESS |  
2019-09-04 11:46:16,023 | INFO  | DNAudit | user=null | ip=null | op=PUT_BLOCK {blockData=[blockId=conID: 2 locID: 102734074735231519 bcsId: 0,size=4194304]} | ret=SUCCESS |  
2019-09-04 11:46:16,023 [grpc-default-executor-1] INFO  client.GrpcClientProtocolClient (GrpcClientProtocolClient.java:onNext(255)) - client-D5CE890D7D9E->efcb8ff8-f060-4d95-9215-d0f5eb4af037: receive RaftClientReply:client-D5CE890D7D9E->efcb8ff8-f060-4d95-9215-d0f5eb4af037@group-0959F8DF43ED, cid=2003, SUCCESS, logIndex=0, commits[efcb8ff8-f060-4d95-9215-d0f5eb4af037:c2938, 6fae8b02-e804-4c0e-b729-a97b7404b7f6:c2936, 4c3e8a66-6975-4917-8225-d3efe707aaff:c2936]
2019-09-04 11:46:16,028 | INFO  | SCMAudit | user=jenkins1000 | ip=192.168.36.67 | op=ALLOCATE_BLOCK {owner=8ab292a2-aaa7-4ad8-863a-d33994811155, size=4194304, type=RATIS, factor=THREE} | ret=SUCCESS |  
2019-09-04 11:46:16,031 | INFO  | OMAudit | user=jenkins1000 | ip=127.0.0.1 | op=ALLOCATE_BLOCK {volume=vol-0-58699, bucket=bucket-0-57464, key=key-0-37266, dataSize=0, replicationType=null, replicationFactor=null, keyLocationInfo=null, clientID=102734073355960722} | ret=SUCCESS |  
2019-09-04 11:46:16,038 | INFO  | DNAudit | user=null | ip=null | op=WRITE_CHUNK {blockData=conID: 3 locID: 102734074742571552 bcsId: 0} | ret=SUCCESS |  
2019-09-04 11:46:16,039 | INFO  | DNAudit | user=null | ip=null | op=WRITE_CHUNK {blockData=conID: 3 locID: 102734074742571552 bcsId: 0} | ret=SUCCESS |  
2019-09-04 11:46:16,039 | INFO  | DNAudit | user=null | ip=null | op=WRITE_CHUNK {blockData=conID: 3 locID: 102734074742571552 bcsId: 0} | ret=SUCCESS |  
2019-09-04 11:46:16,040 | INFO  | DNAudit | user=null | ip=null | op=WRITE_CHUNK {blockData=conID: 3 locID: 102734074742571552 bcsId: 0} | ret=SUCCESS |  
2019-09-04 11:46:16,040 | INFO  | DNAudit | user=null | ip=null | op=WRITE_CHUNK {blockData=conID: 3 locID: 102734074742571552 bcsId: 0} | ret=SUCCESS |  
2019-09-04 11:46:16,041 | INFO  | DNAudit | user=null | ip=null | op=WRITE_CHUNK {blockData=conID: 3 locID: 102734074742571552 bcsId: 0} | ret=SUCCESS |  
2019-09-04 11:46:16,058 | INFO  | DNAudit | user=null | ip=null | op=WRITE_CHUNK {blockData=conID: 3 locID: 102734074742571552 bcsId: 0} | ret=SUCCESS |  
2019-09-04 11:46:16,059 | INFO  | DNAudit | user=null | ip=null | op=PUT_BLOCK {blockData=[blockId=conID: 3 locID: 102734074742571552 bcsId: 0,size=1048576]} | ret=SUCCESS |  
2019-09-04 11:46:16,059 [grpc-default-executor-5] INFO  client.GrpcClientProtocolClient (GrpcClientProtocolClient.java:onNext(255)) - client-D5CE890D7D9E->efcb8ff8-f060-4d95-9215-d0f5eb4af037: receive RaftClientReply:client-D5CE890D7D9E->efcb8ff8-f060-4d95-9215-d0f5eb4af037@group-0959F8DF43ED, cid=2004, SUCCESS, logIndex=2939, commits[efcb8ff8-f060-4d95-9215-d0f5eb4af037:c2942, 6fae8b02-e804-4c0e-b729-a97b7404b7f6:c2938, 4c3e8a66-6975-4917-8225-d3efe707aaff:c2938]
2019-09-04 11:46:16,059 | INFO  | DNAudit | user=null | ip=null | op=WRITE_CHUNK {blockData=conID: 3 locID: 102734074742571552 bcsId: 0} | ret=SUCCESS |  
2019-09-04 11:46:16,060 | INFO  | DNAudit | user=null | ip=null | op=PUT_BLOCK {blockData=[blockId=conID: 3 locID: 102734074742571552 bcsId: 0,size=2097152]} | ret=SUCCESS |  
2019-09-04 11:46:16,060 [grpc-default-executor-5] INFO  client.GrpcClientProtocolClient (GrpcClientProtocolClient.java:onNext(255)) - client-D5CE890D7D9E->efcb8ff8-f060-4d95-9215-d0f5eb4af037: receive RaftClientReply:client-D5CE890D7D9E->efcb8ff8-f060-4d95-9215-d0f5eb4af037@group-0959F8DF43ED, cid=2005, SUCCESS, logIndex=2940, commits[efcb8ff8-f060-4d95-9215-d0f5eb4af037:c2942, 6fae8b02-e804-4c0e-b729-a97b7404b7f6:c2938, 4c3e8a66-6975-4917-8225-d3efe707aaff:c2938]
2019-09-04 11:46:16,060 [grpc-default-executor-5] INFO  client.GrpcClientProtocolClient (GrpcClientProtocolClient.java:onNext(255)) - client-D5CE890D7D9E->efcb8ff8-f060-4d95-9215-d0f5eb4af037: receive RaftClientReply:client-D5CE890D7D9E->efcb8ff8-f060-4d95-9215-d0f5eb4af037@group-0959F8DF43ED, cid=2006, SUCCESS, logIndex=2941, commits[efcb8ff8-f060-4d95-9215-d0f5eb4af037:c2942, 6fae8b02-e804-4c0e-b729-a97b7404b7f6:c2938, 4c3e8a66-6975-4917-8225-d3efe707aaff:c2938]
2019-09-04 11:46:16,060 [grpc-default-executor-5] INFO  client.GrpcClientProtocolClient (GrpcClientProtocolClient.java:onNext(255)) - client-D5CE890D7D9E->efcb8ff8-f060-4d95-9215-d0f5eb4af037: receive RaftClientReply:client-D5CE890D7D9E->efcb8ff8-f060-4d95-9215-d0f5eb4af037@group-0959F8DF43ED, cid=2007, SUCCESS, logIndex=2942, commits[efcb8ff8-f060-4d95-9215-d0f5eb4af037:c2942, 6fae8b02-e804-4c0e-b729-a97b7404b7f6:c2938, 4c3e8a66-6975-4917-8225-d3efe707aaff:c2938]
2019-09-04 11:46:16,071 | INFO  | DNAudit | user=null | ip=null | op=WRITE_CHUNK {blockData=conID: 3 locID: 102734074742571552 bcsId: 0} | ret=SUCCESS |  
2019-09-04 11:46:16,071 | INFO  | DNAudit | user=null | ip=null | op=WRITE_CHUNK {blockData=conID: 3 locID: 102734074742571552 bcsId: 0} | ret=SUCCESS |  
2019-09-04 11:46:16,072 | INFO  | DNAudit | user=null | ip=null | op=PUT_BLOCK {blockData=[blockId=conID: 3 locID: 102734074742571552 bcsId: 0,size=1048576]} | ret=SUCCESS |  
2019-09-04 11:46:16,072 | INFO  | DNAudit | user=null | ip=null | op=PUT_BLOCK {blockData=[blockId=conID: 3 locID: 102734074742571552 bcsId: 0,size=1048576]} | ret=SUCCESS |  
2019-09-04 11:46:16,072 [grpc-default-executor-5] INFO  client.GrpcClientProtocolClient (GrpcClientProtocolClient.java:onNext(255)) - client-D5CE890D7D9E->efcb8ff8-f060-4d95-9215-d0f5eb4af037: receive RaftClientReply:client-D5CE890D7D9E->efcb8ff8-f060-4d95-9215-d0f5eb4af037@group-0959F8DF43ED, cid=2008, SUCCESS, logIndex=0, commits[efcb8ff8-f060-4d95-9215-d0f5eb4af037:c2942, 6fae8b02-e804-4c0e-b729-a97b7404b7f6:c2940, 4c3e8a66-6975-4917-8225-d3efe707aaff:c2940]
2019-09-04 11:46:16,073 | INFO  | DNAudit | user=null | ip=null | op=WRITE_CHUNK {blockData=conID: 3 locID: 102734074742571552 bcsId: 0} | ret=SUCCESS |  
2019-09-04 11:46:16,073 | INFO  | DNAudit | user=null | ip=null | op=PUT_BLOCK {blockData=[blockId=conID: 3 locID: 102734074742571552 bcsId: 0,size=2097152]} | ret=SUCCESS |  
2019-09-04 11:46:16,073 | INFO  | DNAudit | user=null | ip=null | op=WRITE_CHUNK {blockData=conID: 3 locID: 102734074742571552 bcsId: 0} | ret=SUCCESS |  
2019-09-04 11:46:16,074 | INFO  | DNAudit | user=null | ip=null | op=PUT_BLOCK {blockData=[blockId=conID: 3 locID: 102734074742571552 bcsId: 0,size=2097152]} | ret=SUCCESS |  
2019-09-04 11:46:16,081 | INFO  | DNAudit | user=null | ip=null | op=WRITE_CHUNK {blockData=conID: 3 locID: 102734074742571552 bcsId: 2942} | ret=SUCCESS |  
2019-09-04 11:46:16,083 | INFO  | DNAudit | user=null | ip=null | op=WRITE_CHUNK {blockData=conID: 3 locID: 102734074742571552 bcsId: 2942} | ret=SUCCESS |  
2019-09-04 11:46:16,083 | INFO  | DNAudit | user=null | ip=null | op=WRITE_CHUNK {blockData=conID: 3 locID: 102734074742571552 bcsId: 2942} | ret=SUCCESS |  
2019-09-04 11:46:16,090 | INFO  | DNAudit | user=null | ip=null | op=WRITE_CHUNK {blockData=conID: 3 locID: 102734074742571552 bcsId: 2942} | ret=SUCCESS |  
2019-09-04 11:46:16,091 | INFO  | DNAudit | user=null | ip=null | op=PUT_BLOCK {blockData=[blockId=conID: 3 locID: 102734074742571552 bcsId: 0,size=3145728]} | ret=SUCCESS |  
2019-09-04 11:46:16,091 [grpc-default-executor-5] INFO  client.GrpcClientProtocolClient (GrpcClientProtocolClient.java:onNext(255)) - client-D5CE890D7D9E->efcb8ff8-f060-4d95-9215-d0f5eb4af037: receive RaftClientReply:client-D5CE890D7D9E->efcb8ff8-f060-4d95-9215-d0f5eb4af037@group-0959F8DF43ED, cid=2009, SUCCESS, logIndex=2947, commits[efcb8ff8-f060-4d95-9215-d0f5eb4af037:c2948, 6fae8b02-e804-4c0e-b729-a97b7404b7f6:c2946, 4c3e8a66-6975-4917-8225-d3efe707aaff:c2942]
2019-09-04 11:46:16,091 [grpc-default-executor-5] INFO  client.GrpcClientProtocolClient (GrpcClientProtocolClient.java:onNext(255)) - client-D5CE890D7D9E->efcb8ff8-f060-4d95-9215-d0f5eb4af037: receive RaftClientReply:client-D5CE890D7D9E->efcb8ff8-f060-4d95-9215-d0f5eb4af037@group-0959F8DF43ED, cid=2010, SUCCESS, logIndex=2948, commits[efcb8ff8-f060-4d95-9215-d0f5eb4af037:c2948, 6fae8b02-e804-4c0e-b729-a97b7404b7f6:c2946, 4c3e8a66-6975-4917-8225-d3efe707aaff:c2946]
2019-09-04 11:46:16,098 | INFO  | DNAudit | user=null | ip=null | op=WRITE_CHUNK {blockData=conID: 3 locID: 102734074742571552 bcsId: 2948} | ret=SUCCESS |  
2019-09-04 11:46:16,101 | INFO  | DNAudit | user=null | ip=null | op=WRITE_CHUNK {blockData=conID: 3 locID: 102734074742571552 bcsId: 2948} | ret=SUCCESS |  
2019-09-04 11:46:16,101 | INFO  | DNAudit | user=null | ip=null | op=WRITE_CHUNK {blockData=conID: 3 locID: 102734074742571552 bcsId: 2948} | ret=SUCCESS |  
2019-09-04 11:46:16,121 | INFO  | SCMAudit | user=jenkins1000 | ip=192.168.36.67 | op=SEND_HEARTBEAT {datanodeUUID=b68b188c-7f38-42ae-8403-46a39acd0731, command=[]} | ret=SUCCESS |  
2019-09-04 11:46:16,131 | INFO  | DNAudit | user=null | ip=null | op=WRITE_CHUNK {blockData=conID: 3 locID: 102734074742571552 bcsId: 2942} | ret=SUCCESS |  
2019-09-04 11:46:16,131 | INFO  | DNAudit | user=null | ip=null | op=WRITE_CHUNK {blockData=conID: 3 locID: 102734074742571552 bcsId: 2942} | ret=SUCCESS |  
2019-09-04 11:46:16,131 | INFO  | DNAudit | user=null | ip=null | op=PUT_BLOCK {blockData=[blockId=conID: 3 locID: 102734074742571552 bcsId: 0,size=3145728]} | ret=SUCCESS |  
2019-09-04 11:46:16,131 | INFO  | DNAudit | user=null | ip=null | op=PUT_BLOCK {blockData=[blockId=conID: 3 locID: 102734074742571552 bcsId: 0,size=3145728]} | ret=SUCCESS |  
2019-09-04 11:46:16,133 | INFO  | DNAudit | user=null | ip=null | op=WRITE_CHUNK {blockData=conID: 3 locID: 102734074742571552 bcsId: 2948} | ret=SUCCESS |  
2019-09-04 11:46:16,134 | INFO  | DNAudit | user=null | ip=null | op=PUT_BLOCK {blockData=[blockId=conID: 3 locID: 102734074742571552 bcsId: 0,size=4194304]} | ret=SUCCESS |  
2019-09-04 11:46:16,135 [grpc-default-executor-5] INFO  client.GrpcClientProtocolClient (GrpcClientProtocolClient.java:onNext(255)) - client-D5CE890D7D9E->efcb8ff8-f060-4d95-9215-d0f5eb4af037: receive RaftClientReply:client-D5CE890D7D9E->efcb8ff8-f060-4d95-9215-d0f5eb4af037@group-0959F8DF43ED, cid=2011, SUCCESS, logIndex=2951, commits[efcb8ff8-f060-4d95-9215-d0f5eb4af037:c2951, 6fae8b02-e804-4c0e-b729-a97b7404b7f6:c2948, 4c3e8a66-6975-4917-8225-d3efe707aaff:c2948]
2019-09-04 11:46:16,135 [grpc-default-executor-5] INFO  client.GrpcClientProtocolClient (GrpcClientProtocolClient.java:onNext(255)) - client-D5CE890D7D9E->efcb8ff8-f060-4d95-9215-d0f5eb4af037: receive RaftClientReply:client-D5CE890D7D9E->efcb8ff8-f060-4d95-9215-d0f5eb4af037@group-0959F8DF43ED, cid=2012, SUCCESS, logIndex=2952, commits[efcb8ff8-f060-4d95-9215-d0f5eb4af037:c2952, 6fae8b02-e804-4c0e-b729-a97b7404b7f6:c2948, 4c3e8a66-6975-4917-8225-d3efe707aaff:c2948]
2019-09-04 11:46:16,183 | INFO  | DNAudit | user=null | ip=null | op=WRITE_CHUNK {blockData=conID: 3 locID: 102734074742571552 bcsId: 2948} | ret=SUCCESS |  
2019-09-04 11:46:16,183 | INFO  | DNAudit | user=null | ip=null | op=WRITE_CHUNK {blockData=conID: 3 locID: 102734074742571552 bcsId: 2948} | ret=SUCCESS |  
2019-09-04 11:46:16,184 | INFO  | DNAudit | user=null | ip=null | op=PUT_BLOCK {blockData=[blockId=conID: 3 locID: 102734074742571552 bcsId: 0,size=4194304]} | ret=SUCCESS |  
2019-09-04 11:46:16,184 | INFO  | DNAudit | user=null | ip=null | op=PUT_BLOCK {blockData=[blockId=conID: 3 locID: 102734074742571552 bcsId: 0,size=4194304]} | ret=SUCCESS |  
2019-09-04 11:46:16,184 [grpc-default-executor-0] INFO  client.GrpcClientProtocolClient (GrpcClientProtocolClient.java:onNext(255)) - client-D5CE890D7D9E->efcb8ff8-f060-4d95-9215-d0f5eb4af037: receive RaftClientReply:client-D5CE890D7D9E->efcb8ff8-f060-4d95-9215-d0f5eb4af037@group-0959F8DF43ED, cid=2013, SUCCESS, logIndex=0, commits[efcb8ff8-f060-4d95-9215-d0f5eb4af037:c2954, 6fae8b02-e804-4c0e-b729-a97b7404b7f6:c2952, 4c3e8a66-6975-4917-8225-d3efe707aaff:c2952]
2019-09-04 11:46:16,189 | INFO  | SCMAudit | user=jenkins1000 | ip=192.168.36.67 | op=ALLOCATE_BLOCK {owner=8ab292a2-aaa7-4ad8-863a-d33994811155, size=4194304, type=RATIS, factor=THREE} | ret=SUCCESS |  
2019-09-04 11:46:16,192 | INFO  | OMAudit | user=jenkins1000 | ip=127.0.0.1 | op=ALLOCATE_BLOCK {volume=vol-0-58699, bucket=bucket-0-57464, key=key-0-37266, dataSize=0, replicationType=null, replicationFactor=null, keyLocationInfo=null, clientID=102734073355960722} | ret=SUCCESS |  
2019-09-04 11:46:16,200 | INFO  | DNAudit | user=null | ip=null | op=WRITE_CHUNK {blockData=conID: 1 locID: 102734074753122849 bcsId: 0} | ret=SUCCESS |  
2019-09-04 11:46:16,202 | INFO  | DNAudit | user=null | ip=null | op=WRITE_CHUNK {blockData=conID: 1 locID: 102734074753122849 bcsId: 0} | ret=SUCCESS |  
2019-09-04 11:46:16,202 | INFO  | DNAudit | user=null | ip=null | op=WRITE_CHUNK {blockData=conID: 1 locID: 102734074753122849 bcsId: 0} | ret=SUCCESS |  
2019-09-04 11:46:16,203 | INFO  | DNAudit | user=null | ip=null | op=WRITE_CHUNK {blockData=conID: 1 locID: 102734074753122849 bcsId: 0} | ret=SUCCESS |  
2019-09-04 11:46:16,204 | INFO  | DNAudit | user=null | ip=null | op=WRITE_CHUNK {blockData=conID: 1 locID: 102734074753122849 bcsId: 0} | ret=SUCCESS |  
2019-09-04 11:46:16,205 | INFO  | DNAudit | user=null | ip=null | op=WRITE_CHUNK {blockData=conID: 1 locID: 102734074753122849 bcsId: 0} | ret=SUCCESS |  
2019-09-04 11:46:16,244 | INFO  | DNAudit | user=null | ip=null | op=WRITE_CHUNK {blockData=conID: 1 locID: 102734074753122849 bcsId: 0} | ret=SUCCESS |  
2019-09-04 11:46:16,244 | INFO  | DNAudit | user=null | ip=null | op=PUT_BLOCK {blockData=[blockId=conID: 1 locID: 102734074753122849 bcsId: 0,size=1048576]} | ret=SUCCESS |  
2019-09-04 11:46:16,244 [grpc-default-executor-6] INFO  client.GrpcClientProtocolClient (GrpcClientProtocolClient.java:onNext(255)) - client-D5CE890D7D9E->efcb8ff8-f060-4d95-9215-d0f5eb4af037: receive RaftClientReply:client-D5CE890D7D9E->efcb8ff8-f060-4d95-9215-d0f5eb4af037@group-0959F8DF43ED, cid=2014, SUCCESS, logIndex=2955, commits[efcb8ff8-f060-4d95-9215-d0f5eb4af037:c2956, 6fae8b02-e804-4c0e-b729-a97b7404b7f6:c2954, 4c3e8a66-6975-4917-8225-d3efe707aaff:c2954]
2019-09-04 11:46:16,245 [grpc-default-executor-6] INFO  client.GrpcClientProtocolClient (GrpcClientProtocolClient.java:onNext(255)) - client-D5CE890D7D9E->efcb8ff8-f060-4d95-9215-d0f5eb4af037: receive RaftClientReply:client-D5CE890D7D9E->efcb8ff8-f060-4d95-9215-d0f5eb4af037@group-0959F8DF43ED, cid=2015, SUCCESS, logIndex=2956, commits[efcb8ff8-f060-4d95-9215-d0f5eb4af037:c2956, 6fae8b02-e804-4c0e-b729-a97b7404b7f6:c2954, 4c3e8a66-6975-4917-8225-d3efe707aaff:c2954]
2019-09-04 11:46:16,254 | INFO  | DNAudit | user=null | ip=null | op=WRITE_CHUNK {blockData=conID: 1 locID: 102734074753122849 bcsId: 0} | ret=SUCCESS |  
2019-09-04 11:46:16,255 | INFO  | DNAudit | user=null | ip=null | op=PUT_BLOCK {blockData=[blockId=conID: 1 locID: 102734074753122849 bcsId: 0,size=2097152]} | ret=SUCCESS |  
2019-09-04 11:46:16,255 [grpc-default-executor-6] INFO  client.GrpcClientProtocolClient (GrpcClientProtocolClient.java:onNext(255)) - client-D5CE890D7D9E->efcb8ff8-f060-4d95-9215-d0f5eb4af037: receive RaftClientReply:client-D5CE890D7D9E->efcb8ff8-f060-4d95-9215-d0f5eb4af037@group-0959F8DF43ED, cid=2016, SUCCESS, logIndex=2957, commits[efcb8ff8-f060-4d95-9215-d0f5eb4af037:c2958, 6fae8b02-e804-4c0e-b729-a97b7404b7f6:c2954, 4c3e8a66-6975-4917-8225-d3efe707aaff:c2954]
2019-09-04 11:46:16,255 | INFO  | DNAudit | user=null | ip=null | op=WRITE_CHUNK {blockData=conID: 1 locID: 102734074753122849 bcsId: 0} | ret=SUCCESS |  
2019-09-04 11:46:16,255 [grpc-default-executor-6] INFO  client.GrpcClientProtocolClient (GrpcClientProtocolClient.java:onNext(255)) - client-D5CE890D7D9E->efcb8ff8-f060-4d95-9215-d0f5eb4af037: receive RaftClientReply:client-D5CE890D7D9E->efcb8ff8-f060-4d95-9215-d0f5eb4af037@group-0959F8DF43ED, cid=2017, SUCCESS, logIndex=2958, commits[efcb8ff8-f060-4d95-9215-d0f5eb4af037:c2958, 6fae8b02-e804-4c0e-b729-a97b7404b7f6:c2954, 4c3e8a66-6975-4917-8225-d3efe707aaff:c2954]
2019-09-04 11:46:16,256 | INFO  | DNAudit | user=null | ip=null | op=PUT_BLOCK {blockData=[blockId=conID: 1 locID: 102734074753122849 bcsId: 0,size=1048576]} | ret=SUCCESS |  
2019-09-04 11:46:16,257 | INFO  | DNAudit | user=null | ip=null | op=WRITE_CHUNK {blockData=conID: 1 locID: 102734074753122849 bcsId: 0} | ret=SUCCESS |  
2019-09-04 11:46:16,257 | INFO  | DNAudit | user=null | ip=null | op=PUT_BLOCK {blockData=[blockId=conID: 1 locID: 102734074753122849 bcsId: 0,size=1048576]} | ret=SUCCESS |  
2019-09-04 11:46:16,257 | INFO  | DNAudit | user=null | ip=null | op=WRITE_CHUNK {blockData=conID: 1 locID: 102734074753122849 bcsId: 0} | ret=SUCCESS |  
2019-09-04 11:46:16,257 [grpc-default-executor-6] INFO  client.GrpcClientProtocolClient (GrpcClientProtocolClient.java:onNext(255)) - client-D5CE890D7D9E->efcb8ff8-f060-4d95-9215-d0f5eb4af037: receive RaftClientReply:client-D5CE890D7D9E->efcb8ff8-f060-4d95-9215-d0f5eb4af037@group-0959F8DF43ED, cid=2018, SUCCESS, logIndex=0, commits[efcb8ff8-f060-4d95-9215-d0f5eb4af037:c2960, 6fae8b02-e804-4c0e-b729-a97b7404b7f6:c2956, 4c3e8a66-6975-4917-8225-d3efe707aaff:c2956]
2019-09-04 11:46:16,258 | INFO  | DNAudit | user=null | ip=null | op=PUT_BLOCK {blockData=[blockId=conID: 1 locID: 102734074753122849 bcsId: 0,size=2097152]} | ret=SUCCESS |  
2019-09-04 11:46:16,258 | INFO  | DNAudit | user=null | ip=null | op=WRITE_CHUNK {blockData=conID: 1 locID: 102734074753122849 bcsId: 0} | ret=SUCCESS |  
2019-09-04 11:46:16,258 | INFO  | DNAudit | user=null | ip=null | op=PUT_BLOCK {blockData=[blockId=conID: 1 locID: 102734074753122849 bcsId: 0,size=2097152]} | ret=SUCCESS |  
2019-09-04 11:46:16,265 | INFO  | DNAudit | user=null | ip=null | op=WRITE_CHUNK {blockData=conID: 1 locID: 102734074753122849 bcsId: 2958} | ret=SUCCESS |  
2019-09-04 11:46:16,267 | INFO  | DNAudit | user=null | ip=null | op=WRITE_CHUNK {blockData=conID: 1 locID: 102734074753122849 bcsId: 2958} | ret=SUCCESS |  
2019-09-04 11:46:16,268 | INFO  | DNAudit | user=null | ip=null | op=WRITE_CHUNK {blockData=conID: 1 locID: 102734074753122849 bcsId: 2958} | ret=SUCCESS |  
2019-09-04 11:46:16,285 | INFO  | DNAudit | user=null | ip=null | op=WRITE_CHUNK {blockData=conID: 1 locID: 102734074753122849 bcsId: 2958} | ret=SUCCESS |  
2019-09-04 11:46:16,285 | INFO  | DNAudit | user=null | ip=null | op=PUT_BLOCK {blockData=[blockId=conID: 1 locID: 102734074753122849 bcsId: 0,size=3145728]} | ret=SUCCESS |  
2019-09-04 11:46:16,285 [grpc-default-executor-6] INFO  client.GrpcClientProtocolClient (GrpcClientProtocolClient.java:onNext(255)) - client-D5CE890D7D9E->efcb8ff8-f060-4d95-9215-d0f5eb4af037: receive RaftClientReply:client-D5CE890D7D9E->efcb8ff8-f060-4d95-9215-d0f5eb4af037@group-0959F8DF43ED, cid=2019, SUCCESS, logIndex=2963, commits[efcb8ff8-f060-4d95-9215-d0f5eb4af037:c2964, 6fae8b02-e804-4c0e-b729-a97b7404b7f6:c2962, 4c3e8a66-6975-4917-8225-d3efe707aaff:c2962]
2019-09-04 11:46:16,286 [grpc-default-executor-6] INFO  client.GrpcClientProtocolClient (GrpcClientProtocolClient.java:onNext(255)) - client-D5CE890D7D9E->efcb8ff8-f060-4d95-9215-d0f5eb4af037: receive RaftClientReply:client-D5CE890D7D9E->efcb8ff8-f060-4d95-9215-d0f5eb4af037@group-0959F8DF43ED, cid=2020, SUCCESS, logIndex=2964, commits[efcb8ff8-f060-4d95-9215-d0f5eb4af037:c2964, 6fae8b02-e804-4c0e-b729-a97b7404b7f6:c2962, 4c3e8a66-6975-4917-8225-d3efe707aaff:c2962]
2019-09-04 11:46:16,292 | INFO  | DNAudit | user=null | ip=null | op=WRITE_CHUNK {blockData=conID: 1 locID: 102734074753122849 bcsId: 2964} | ret=SUCCESS |  
2019-09-04 11:46:16,293 | INFO  | DNAudit | user=null | ip=null | op=WRITE_CHUNK {blockData=conID: 1 locID: 102734074753122849 bcsId: 2964} | ret=SUCCESS |  
2019-09-04 11:46:16,293 | INFO  | DNAudit | user=null | ip=null | op=WRITE_CHUNK {blockData=conID: 1 locID: 102734074753122849 bcsId: 2964} | ret=SUCCESS |  
2019-09-04 11:46:16,346 | INFO  | DNAudit | user=null | ip=null | op=WRITE_CHUNK {blockData=conID: 1 locID: 102734074753122849 bcsId: 2958} | ret=SUCCESS |  
2019-09-04 11:46:16,346 | INFO  | DNAudit | user=null | ip=null | op=WRITE_CHUNK {blockData=conID: 1 locID: 102734074753122849 bcsId: 2958} | ret=SUCCESS |  
2019-09-04 11:46:16,346 | INFO  | DNAudit | user=null | ip=null | op=PUT_BLOCK {blockData=[blockId=conID: 1 locID: 102734074753122849 bcsId: 0,size=3145728]} | ret=SUCCESS |  
2019-09-04 11:46:16,346 | INFO  | DNAudit | user=null | ip=null | op=PUT_BLOCK {blockData=[blockId=conID: 1 locID: 102734074753122849 bcsId: 0,size=3145728]} | ret=SUCCESS |  
2019-09-04 11:46:16,347 | INFO  | DNAudit | user=null | ip=null | op=WRITE_CHUNK {blockData=conID: 1 locID: 102734074753122849 bcsId: 2964} | ret=SUCCESS |  
2019-09-04 11:46:16,348 | INFO  | DNAudit | user=null | ip=null | op=PUT_BLOCK {blockData=[blockId=conID: 1 locID: 102734074753122849 bcsId: 0,size=4194304]} | ret=SUCCESS |  
2019-09-04 11:46:16,348 [grpc-default-executor-6] INFO  client.GrpcClientProtocolClient (GrpcClientProtocolClient.java:onNext(255)) - client-D5CE890D7D9E->efcb8ff8-f060-4d95-9215-d0f5eb4af037: receive RaftClientReply:client-D5CE890D7D9E->efcb8ff8-f060-4d95-9215-d0f5eb4af037@group-0959F8DF43ED, cid=2021, SUCCESS, logIndex=2967, commits[efcb8ff8-f060-4d95-9215-d0f5eb4af037:c2968, 6fae8b02-e804-4c0e-b729-a97b7404b7f6:c2964, 4c3e8a66-6975-4917-8225-d3efe707aaff:c2964]
2019-09-04 11:46:16,348 [grpc-default-executor-6] INFO  client.GrpcClientProtocolClient (GrpcClientProtocolClient.java:onNext(255)) - client-D5CE890D7D9E->efcb8ff8-f060-4d95-9215-d0f5eb4af037: receive RaftClientReply:client-D5CE890D7D9E->efcb8ff8-f060-4d95-9215-d0f5eb4af037@group-0959F8DF43ED, cid=2022, SUCCESS, logIndex=2968, commits[efcb8ff8-f060-4d95-9215-d0f5eb4af037:c2968, 6fae8b02-e804-4c0e-b729-a97b7404b7f6:c2964, 4c3e8a66-6975-4917-8225-d3efe707aaff:c2964]
2019-09-04 11:46:16,362 | INFO  | DNAudit | user=null | ip=null | op=WRITE_CHUNK {blockData=conID: 1 locID: 102734074753122849 bcsId: 2964} | ret=SUCCESS |  
2019-09-04 11:46:16,362 | INFO  | DNAudit | user=null | ip=null | op=WRITE_CHUNK {blockData=conID: 1 locID: 102734074753122849 bcsId: 2964} | ret=SUCCESS |  
2019-09-04 11:46:16,363 | INFO  | DNAudit | user=null | ip=null | op=PUT_BLOCK {blockData=[blockId=conID: 1 locID: 102734074753122849 bcsId: 0,size=4194304]} | ret=SUCCESS |  
2019-09-04 11:46:16,363 | INFO  | DNAudit | user=null | ip=null | op=PUT_BLOCK {blockData=[blockId=conID: 1 locID: 102734074753122849 bcsId: 0,size=4194304]} | ret=SUCCESS |  
2019-09-04 11:46:16,364 [grpc-default-executor-6] INFO  client.GrpcClientProtocolClient (GrpcClientProtocolClient.java:onNext(255)) - client-D5CE890D7D9E->efcb8ff8-f060-4d95-9215-d0f5eb4af037: receive RaftClientReply:client-D5CE890D7D9E->efcb8ff8-f060-4d95-9215-d0f5eb4af037@group-0959F8DF43ED, cid=2023, SUCCESS, logIndex=0, commits[efcb8ff8-f060-4d95-9215-d0f5eb4af037:c2970, 6fae8b02-e804-4c0e-b729-a97b7404b7f6:c2968, 4c3e8a66-6975-4917-8225-d3efe707aaff:c2968]
2019-09-04 11:46:16,368 | INFO  | SCMAudit | user=jenkins1000 | ip=192.168.36.67 | op=ALLOCATE_BLOCK {owner=8ab292a2-aaa7-4ad8-863a-d33994811155, size=4194304, type=RATIS, factor=THREE} | ret=SUCCESS |  
2019-09-04 11:46:16,371 | INFO  | OMAudit | user=jenkins1000 | ip=127.0.0.1 | op=ALLOCATE_BLOCK {volume=vol-0-58699, bucket=bucket-0-57464, key=key-0-37266, dataSize=0, replicationType=null, replicationFactor=null, keyLocationInfo=null, clientID=102734073355960722} | ret=SUCCESS |  
2019-09-04 11:46:16,378 | INFO  | DNAudit | user=null | ip=null | op=WRITE_CHUNK {blockData=conID: 2 locID: 102734074764853794 bcsId: 0} | ret=SUCCESS |  
2019-09-04 11:46:16,380 | INFO  | DNAudit | user=null | ip=null | op=WRITE_CHUNK {blockData=conID: 2 locID: 102734074764853794 bcsId: 0} | ret=SUCCESS |  
2019-09-04 11:46:16,380 | INFO  | DNAudit | user=null | ip=null | op=WRITE_CHUNK {blockData=conID: 2 locID: 102734074764853794 bcsId: 0} | ret=SUCCESS |  
2019-09-04 11:46:16,381 | INFO  | DNAudit | user=null | ip=null | op=WRITE_CHUNK {blockData=conID: 2 locID: 102734074764853794 bcsId: 0} | ret=SUCCESS |  
2019-09-04 11:46:16,383 | INFO  | DNAudit | user=null | ip=null | op=WRITE_CHUNK {blockData=conID: 2 locID: 102734074764853794 bcsId: 0} | ret=SUCCESS |  
2019-09-04 11:46:16,383 | INFO  | DNAudit | user=null | ip=null | op=WRITE_CHUNK {blockData=conID: 2 locID: 102734074764853794 bcsId: 0} | ret=SUCCESS |  
2019-09-04 11:46:16,407 | INFO  | DNAudit | user=null | ip=null | op=WRITE_CHUNK {blockData=conID: 2 locID: 102734074764853794 bcsId: 0} | ret=SUCCESS |  
2019-09-04 11:46:16,408 | INFO  | DNAudit | user=null | ip=null | op=PUT_BLOCK {blockData=[blockId=conID: 2 locID: 102734074764853794 bcsId: 0,size=1048576]} | ret=SUCCESS |  
2019-09-04 11:46:16,408 [grpc-default-executor-0] INFO  client.GrpcClientProtocolClient (GrpcClientProtocolClient.java:onNext(255)) - client-D5CE890D7D9E->efcb8ff8-f060-4d95-9215-d0f5eb4af037: receive RaftClientReply:client-D5CE890D7D9E->efcb8ff8-f060-4d95-9215-d0f5eb4af037@group-0959F8DF43ED, cid=2024, SUCCESS, logIndex=2971, commits[efcb8ff8-f060-4d95-9215-d0f5eb4af037:c2972, 6fae8b02-e804-4c0e-b729-a97b7404b7f6:c2970, 4c3e8a66-6975-4917-8225-d3efe707aaff:c2970]
2019-09-04 11:46:16,409 [grpc-default-executor-0] INFO  client.GrpcClientProtocolClient (GrpcClientProtocolClient.java:onNext(255)) - client-D5CE890D7D9E->efcb8ff8-f060-4d95-9215-d0f5eb4af037: receive RaftClientReply:client-D5CE890D7D9E->efcb8ff8-f060-4d95-9215-d0f5eb4af037@group-0959F8DF43ED, cid=2025, SUCCESS, logIndex=2972, commits[efcb8ff8-f060-4d95-9215-d0f5eb4af037:c2972, 6fae8b02-e804-4c0e-b729-a97b7404b7f6:c2970, 4c3e8a66-6975-4917-8225-d3efe707aaff:c2970]
2019-09-04 11:46:16,440 | INFO  | DNAudit | user=null | ip=null | op=WRITE_CHUNK {blockData=conID: 2 locID: 102734074764853794 bcsId: 0} | ret=SUCCESS |  
2019-09-04 11:46:16,440 | INFO  | DNAudit | user=null | ip=null | op=PUT_BLOCK {blockData=[blockId=conID: 2 locID: 102734074764853794 bcsId: 0,size=2097152]} | ret=SUCCESS |  
2019-09-04 11:46:16,440 [grpc-default-executor-6] INFO  client.GrpcClientProtocolClient (GrpcClientProtocolClient.java:onNext(255)) - client-D5CE890D7D9E->efcb8ff8-f060-4d95-9215-d0f5eb4af037: receive RaftClientReply:client-D5CE890D7D9E->efcb8ff8-f060-4d95-9215-d0f5eb4af037@group-0959F8DF43ED, cid=2026, SUCCESS, logIndex=2973, commits[efcb8ff8-f060-4d95-9215-d0f5eb4af037:c2974, 6fae8b02-e804-4c0e-b729-a97b7404b7f6:c2970, 4c3e8a66-6975-4917-8225-d3efe707aaff:c2970]
2019-09-04 11:46:16,441 [grpc-default-executor-6] INFO  client.GrpcClientProtocolClient (GrpcClientProtocolClient.java:onNext(255)) - client-D5CE890D7D9E->efcb8ff8-f060-4d95-9215-d0f5eb4af037: receive RaftClientReply:client-D5CE890D7D9E->efcb8ff8-f060-4d95-9215-d0f5eb4af037@group-0959F8DF43ED, cid=2027, SUCCESS, logIndex=2974, commits[efcb8ff8-f060-4d95-9215-d0f5eb4af037:c2974, 6fae8b02-e804-4c0e-b729-a97b7404b7f6:c2970, 4c3e8a66-6975-4917-8225-d3efe707aaff:c2970]
2019-09-04 11:46:16,457 | INFO  | DNAudit | user=null | ip=null | op=WRITE_CHUNK {blockData=conID: 2 locID: 102734074764853794 bcsId: 0} | ret=SUCCESS |  
2019-09-04 11:46:16,457 | INFO  | DNAudit | user=null | ip=null | op=PUT_BLOCK {blockData=[blockId=conID: 2 locID: 102734074764853794 bcsId: 0,size=1048576]} | ret=SUCCESS |  
2019-09-04 11:46:16,457 | INFO  | DNAudit | user=null | ip=null | op=WRITE_CHUNK {blockData=conID: 2 locID: 102734074764853794 bcsId: 0} | ret=SUCCESS |  
2019-09-04 11:46:16,457 | INFO  | DNAudit | user=null | ip=null | op=PUT_BLOCK {blockData=[blockId=conID: 2 locID: 102734074764853794 bcsId: 0,size=1048576]} | ret=SUCCESS |  
2019-09-04 11:46:16,458 [grpc-default-executor-6] INFO  client.GrpcClientProtocolClient (GrpcClientProtocolClient.java:onNext(255)) - client-D5CE890D7D9E->efcb8ff8-f060-4d95-9215-d0f5eb4af037: receive RaftClientReply:client-D5CE890D7D9E->efcb8ff8-f060-4d95-9215-d0f5eb4af037@group-0959F8DF43ED, cid=2028, SUCCESS, logIndex=0, commits[efcb8ff8-f060-4d95-9215-d0f5eb4af037:c2976, 6fae8b02-e804-4c0e-b729-a97b7404b7f6:c2972, 4c3e8a66-6975-4917-8225-d3efe707aaff:c2972]
2019-09-04 11:46:16,465 | INFO  | DNAudit | user=null | ip=null | op=WRITE_CHUNK {blockData=conID: 2 locID: 102734074764853794 bcsId: 2974} | ret=SUCCESS |  
2019-09-04 11:46:16,468 | INFO  | DNAudit | user=null | ip=null | op=WRITE_CHUNK {blockData=conID: 2 locID: 102734074764853794 bcsId: 2974} | ret=SUCCESS |  
2019-09-04 11:46:16,468 | INFO  | DNAudit | user=null | ip=null | op=WRITE_CHUNK {blockData=conID: 2 locID: 102734074764853794 bcsId: 2974} | ret=SUCCESS |  
2019-09-04 11:46:16,468 | INFO  | DNAudit | user=null | ip=null | op=WRITE_CHUNK {blockData=conID: 2 locID: 102734074764853794 bcsId: 0} | ret=SUCCESS |  
2019-09-04 11:46:16,469 | INFO  | DNAudit | user=null | ip=null | op=PUT_BLOCK {blockData=[blockId=conID: 2 locID: 102734074764853794 bcsId: 0,size=2097152]} | ret=SUCCESS |  
2019-09-04 11:46:16,469 | INFO  | DNAudit | user=null | ip=null | op=WRITE_CHUNK {blockData=conID: 2 locID: 102734074764853794 bcsId: 0} | ret=SUCCESS |  
2019-09-04 11:46:16,469 | INFO  | DNAudit | user=null | ip=null | op=PUT_BLOCK {blockData=[blockId=conID: 2 locID: 102734074764853794 bcsId: 0,size=2097152]} | ret=SUCCESS |  
2019-09-04 11:46:16,470 | INFO  | DNAudit | user=null | ip=null | op=WRITE_CHUNK {blockData=conID: 2 locID: 102734074764853794 bcsId: 2974} | ret=SUCCESS |  
2019-09-04 11:46:16,470 | INFO  | DNAudit | user=null | ip=null | op=PUT_BLOCK {blockData=[blockId=conID: 2 locID: 102734074764853794 bcsId: 0,size=3145728]} | ret=SUCCESS |  
2019-09-04 11:46:16,471 [grpc-default-executor-5] INFO  client.GrpcClientProtocolClient (GrpcClientProtocolClient.java:onNext(255)) - client-D5CE890D7D9E->efcb8ff8-f060-4d95-9215-d0f5eb4af037: receive RaftClientReply:client-D5CE890D7D9E->efcb8ff8-f060-4d95-9215-d0f5eb4af037@group-0959F8DF43ED, cid=2029, SUCCESS, logIndex=2979, commits[efcb8ff8-f060-4d95-9215-d0f5eb4af037:c2980, 6fae8b02-e804-4c0e-b729-a97b7404b7f6:c2974, 4c3e8a66-6975-4917-8225-d3efe707aaff:c2976]
2019-09-04 11:46:16,471 [grpc-default-executor-5] INFO  client.GrpcClientProtocolClient (GrpcClientProtocolClient.java:onNext(255)) - client-D5CE890D7D9E->efcb8ff8-f060-4d95-9215-d0f5eb4af037: receive RaftClientReply:client-D5CE890D7D9E->efcb8ff8-f060-4d95-9215-d0f5eb4af037@group-0959F8DF43ED, cid=2030, SUCCESS, logIndex=2980, commits[efcb8ff8-f060-4d95-9215-d0f5eb4af037:c2980, 6fae8b02-e804-4c0e-b729-a97b7404b7f6:c2976, 4c3e8a66-6975-4917-8225-d3efe707aaff:c2976]
2019-09-04 11:46:16,472 | INFO  | DNAudit | user=null | ip=null | op=WRITE_CHUNK {blockData=conID: 2 locID: 102734074764853794 bcsId: 2974} | ret=SUCCESS |  
2019-09-04 11:46:16,472 | INFO  | DNAudit | user=null | ip=null | op=WRITE_CHUNK {blockData=conID: 2 locID: 102734074764853794 bcsId: 2974} | ret=SUCCESS |  
2019-09-04 11:46:16,472 | INFO  | DNAudit | user=null | ip=null | op=PUT_BLOCK {blockData=[blockId=conID: 2 locID: 102734074764853794 bcsId: 0,size=3145728]} | ret=SUCCESS |  
2019-09-04 11:46:16,472 | INFO  | DNAudit | user=null | ip=null | op=PUT_BLOCK {blockData=[blockId=conID: 2 locID: 102734074764853794 bcsId: 0,size=3145728]} | ret=SUCCESS |  
2019-09-04 11:46:16,478 | INFO  | DNAudit | user=null | ip=null | op=WRITE_CHUNK {blockData=conID: 2 locID: 102734074764853794 bcsId: 2980} | ret=SUCCESS |  
2019-09-04 11:46:16,480 | INFO  | DNAudit | user=null | ip=null | op=WRITE_CHUNK {blockData=conID: 2 locID: 102734074764853794 bcsId: 2980} | ret=SUCCESS |  
2019-09-04 11:46:16,481 | INFO  | DNAudit | user=null | ip=null | op=WRITE_CHUNK {blockData=conID: 2 locID: 102734074764853794 bcsId: 2980} | ret=SUCCESS |  
2019-09-04 11:46:16,504 | INFO  | DNAudit | user=null | ip=null | op=WRITE_CHUNK {blockData=conID: 2 locID: 102734074764853794 bcsId: 2980} | ret=SUCCESS |  
2019-09-04 11:46:16,504 | INFO  | DNAudit | user=null | ip=null | op=PUT_BLOCK {blockData=[blockId=conID: 2 locID: 102734074764853794 bcsId: 0,size=4194304]} | ret=SUCCESS |  
2019-09-04 11:46:16,505 [grpc-default-executor-5] INFO  client.GrpcClientProtocolClient (GrpcClientProtocolClient.java:onNext(255)) - client-D5CE890D7D9E->efcb8ff8-f060-4d95-9215-d0f5eb4af037: receive RaftClientReply:client-D5CE890D7D9E->efcb8ff8-f060-4d95-9215-d0f5eb4af037@group-0959F8DF43ED, cid=2031, SUCCESS, logIndex=2983, commits[efcb8ff8-f060-4d95-9215-d0f5eb4af037:c2984, 6fae8b02-e804-4c0e-b729-a97b7404b7f6:c2982, 4c3e8a66-6975-4917-8225-d3efe707aaff:c2982]
2019-09-04 11:46:16,505 [grpc-default-executor-5] INFO  client.GrpcClientProtocolClient (GrpcClientProtocolClient.java:onNext(255)) - client-D5CE890D7D9E->efcb8ff8-f060-4d95-9215-d0f5eb4af037: receive RaftClientReply:client-D5CE890D7D9E->efcb8ff8-f060-4d95-9215-d0f5eb4af037@group-0959F8DF43ED, cid=2032, SUCCESS, logIndex=2984, commits[efcb8ff8-f060-4d95-9215-d0f5eb4af037:c2984, 6fae8b02-e804-4c0e-b729-a97b7404b7f6:c2982, 4c3e8a66-6975-4917-8225-d3efe707aaff:c2982]
2019-09-04 11:46:16,534 | INFO  | DNAudit | user=null | ip=null | op=WRITE_CHUNK {blockData=conID: 2 locID: 102734074764853794 bcsId: 2980} | ret=SUCCESS |  
2019-09-04 11:46:16,534 | INFO  | DNAudit | user=null | ip=null | op=WRITE_CHUNK {blockData=conID: 2 locID: 102734074764853794 bcsId: 2980} | ret=SUCCESS |  
2019-09-04 11:46:16,535 | INFO  | DNAudit | user=null | ip=null | op=PUT_BLOCK {blockData=[blockId=conID: 2 locID: 102734074764853794 bcsId: 0,size=4194304]} | ret=SUCCESS |  
2019-09-04 11:46:16,535 | INFO  | DNAudit | user=null | ip=null | op=PUT_BLOCK {blockData=[blockId=conID: 2 locID: 102734074764853794 bcsId: 0,size=4194304]} | ret=SUCCESS |  
2019-09-04 11:46:16,536 [grpc-default-executor-5] INFO  client.GrpcClientProtocolClient (GrpcClientProtocolClient.java:onNext(255)) - client-D5CE890D7D9E->efcb8ff8-f060-4d95-9215-d0f5eb4af037: receive RaftClientReply:client-D5CE890D7D9E->efcb8ff8-f060-4d95-9215-d0f5eb4af037@group-0959F8DF43ED, cid=2033, SUCCESS, logIndex=0, commits[efcb8ff8-f060-4d95-9215-d0f5eb4af037:c2986, 6fae8b02-e804-4c0e-b729-a97b7404b7f6:c2984, 4c3e8a66-6975-4917-8225-d3efe707aaff:c2984]
2019-09-04 11:46:16,540 | INFO  | SCMAudit | user=jenkins1000 | ip=192.168.36.67 | op=ALLOCATE_BLOCK {owner=8ab292a2-aaa7-4ad8-863a-d33994811155, size=4194304, type=RATIS, factor=THREE} | ret=SUCCESS |  
2019-09-04 11:46:16,542 | INFO  | OMAudit | user=jenkins1000 | ip=127.0.0.1 | op=ALLOCATE_BLOCK {volume=vol-0-58699, bucket=bucket-0-57464, key=key-0-37266, dataSize=0, replicationType=null, replicationFactor=null, keyLocationInfo=null, clientID=102734073355960722} | ret=SUCCESS |  
2019-09-04 11:46:16,550 | INFO  | DNAudit | user=null | ip=null | op=WRITE_CHUNK {blockData=conID: 3 locID: 102734074776125987 bcsId: 0} | ret=SUCCESS |  
2019-09-04 11:46:16,552 | INFO  | DNAudit | user=null | ip=null | op=WRITE_CHUNK {blockData=conID: 3 locID: 102734074776125987 bcsId: 0} | ret=SUCCESS |  
2019-09-04 11:46:16,553 | INFO  | DNAudit | user=null | ip=null | op=WRITE_CHUNK {blockData=conID: 3 locID: 102734074776125987 bcsId: 0} | ret=SUCCESS |  
2019-09-04 11:46:16,553 | INFO  | DNAudit | user=null | ip=null | op=WRITE_CHUNK {blockData=conID: 3 locID: 102734074776125987 bcsId: 0} | ret=SUCCESS |  
2019-09-04 11:46:16,555 | INFO  | DNAudit | user=null | ip=null | op=WRITE_CHUNK {blockData=conID: 3 locID: 102734074776125987 bcsId: 0} | ret=SUCCESS |  
2019-09-04 11:46:16,556 | INFO  | DNAudit | user=null | ip=null | op=WRITE_CHUNK {blockData=conID: 3 locID: 102734074776125987 bcsId: 0} | ret=SUCCESS |  
2019-09-04 11:46:16,566 | INFO  | DNAudit | user=null | ip=null | op=WRITE_CHUNK {blockData=conID: 3 locID: 102734074776125987 bcsId: 0} | ret=SUCCESS |  
2019-09-04 11:46:16,567 | INFO  | DNAudit | user=null | ip=null | op=PUT_BLOCK {blockData=[blockId=conID: 3 locID: 102734074776125987 bcsId: 0,size=1048576]} | ret=SUCCESS |  
2019-09-04 11:46:16,567 [grpc-default-executor-0] INFO  client.GrpcClientProtocolClient (GrpcClientProtocolClient.java:onNext(255)) - client-D5CE890D7D9E->efcb8ff8-f060-4d95-9215-d0f5eb4af037: receive RaftClientReply:client-D5CE890D7D9E->efcb8ff8-f060-4d95-9215-d0f5eb4af037@group-0959F8DF43ED, cid=2034, SUCCESS, logIndex=2987, commits[efcb8ff8-f060-4d95-9215-d0f5eb4af037:c2988, 6fae8b02-e804-4c0e-b729-a97b7404b7f6:c2986, 4c3e8a66-6975-4917-8225-d3efe707aaff:c2986]
2019-09-04 11:46:16,567 [grpc-default-executor-0] INFO  client.GrpcClientProtocolClient (GrpcClientProtocolClient.java:onNext(255)) - client-D5CE890D7D9E->efcb8ff8-f060-4d95-9215-d0f5eb4af037: receive RaftClientReply:client-D5CE890D7D9E->efcb8ff8-f060-4d95-9215-d0f5eb4af037@group-0959F8DF43ED, cid=2035, SUCCESS, logIndex=2988, commits[efcb8ff8-f060-4d95-9215-d0f5eb4af037:c2988, 6fae8b02-e804-4c0e-b729-a97b7404b7f6:c2986, 4c3e8a66-6975-4917-8225-d3efe707aaff:c2986]
2019-09-04 11:46:16,576 | INFO  | DNAudit | user=null | ip=null | op=WRITE_CHUNK {blockData=conID: 3 locID: 102734074776125987 bcsId: 0} | ret=SUCCESS |  
2019-09-04 11:46:16,577 | INFO  | DNAudit | user=null | ip=null | op=PUT_BLOCK {blockData=[blockId=conID: 3 locID: 102734074776125987 bcsId: 0,size=2097152]} | ret=SUCCESS |  
2019-09-04 11:46:16,577 [grpc-default-executor-0] INFO  client.GrpcClientProtocolClient (GrpcClientProtocolClient.java:onNext(255)) - client-D5CE890D7D9E->efcb8ff8-f060-4d95-9215-d0f5eb4af037: receive RaftClientReply:client-D5CE890D7D9E->efcb8ff8-f060-4d95-9215-d0f5eb4af037@group-0959F8DF43ED, cid=2036, SUCCESS, logIndex=2989, commits[efcb8ff8-f060-4d95-9215-d0f5eb4af037:c2990, 6fae8b02-e804-4c0e-b729-a97b7404b7f6:c2986, 4c3e8a66-6975-4917-8225-d3efe707aaff:c2986]
2019-09-04 11:46:16,578 [grpc-default-executor-0] INFO  client.GrpcClientProtocolClient (GrpcClientProtocolClient.java:onNext(255)) - client-D5CE890D7D9E->efcb8ff8-f060-4d95-9215-d0f5eb4af037: receive RaftClientReply:client-D5CE890D7D9E->efcb8ff8-f060-4d95-9215-d0f5eb4af037@group-0959F8DF43ED, cid=2037, SUCCESS, logIndex=2990, commits[efcb8ff8-f060-4d95-9215-d0f5eb4af037:c2990, 6fae8b02-e804-4c0e-b729-a97b7404b7f6:c2986, 4c3e8a66-6975-4917-8225-d3efe707aaff:c2986]
2019-09-04 11:46:16,578 | INFO  | DNAudit | user=null | ip=null | op=WRITE_CHUNK {blockData=conID: 3 locID: 102734074776125987 bcsId: 0} | ret=SUCCESS |  
2019-09-04 11:46:16,578 | INFO  | DNAudit | user=null | ip=null | op=PUT_BLOCK {blockData=[blockId=conID: 3 locID: 102734074776125987 bcsId: 0,size=1048576]} | ret=SUCCESS |  
2019-09-04 11:46:16,578 | INFO  | DNAudit | user=null | ip=null | op=WRITE_CHUNK {blockData=conID: 3 locID: 102734074776125987 bcsId: 0} | ret=SUCCESS |  
2019-09-04 11:46:16,578 | INFO  | DNAudit | user=null | ip=null | op=PUT_BLOCK {blockData=[blockId=conID: 3 locID: 102734074776125987 bcsId: 0,size=1048576]} | ret=SUCCESS |  
2019-09-04 11:46:16,579 | INFO  | DNAudit | user=null | ip=null | op=WRITE_CHUNK {blockData=conID: 3 locID: 102734074776125987 bcsId: 0} | ret=SUCCESS |  
2019-09-04 11:46:16,579 | INFO  | DNAudit | user=null | ip=null | op=PUT_BLOCK {blockData=[blockId=conID: 3 locID: 102734074776125987 bcsId: 0,size=2097152]} | ret=SUCCESS |  
2019-09-04 11:46:16,579 | INFO  | DNAudit | user=null | ip=null | op=WRITE_CHUNK {blockData=conID: 3 locID: 102734074776125987 bcsId: 0} | ret=SUCCESS |  
2019-09-04 11:46:16,579 [grpc-default-executor-5] INFO  client.GrpcClientProtocolClient (GrpcClientProtocolClient.java:onNext(255)) - client-D5CE890D7D9E->efcb8ff8-f060-4d95-9215-d0f5eb4af037: receive RaftClientReply:client-D5CE890D7D9E->efcb8ff8-f060-4d95-9215-d0f5eb4af037@group-0959F8DF43ED, cid=2038, SUCCESS, logIndex=0, commits[efcb8ff8-f060-4d95-9215-d0f5eb4af037:c2992, 6fae8b02-e804-4c0e-b729-a97b7404b7f6:c2988, 4c3e8a66-6975-4917-8225-d3efe707aaff:c2988]
2019-09-04 11:46:16,580 | INFO  | DNAudit | user=null | ip=null | op=PUT_BLOCK {blockData=[blockId=conID: 3 locID: 102734074776125987 bcsId: 0,size=2097152]} | ret=SUCCESS |  
2019-09-04 11:46:16,587 | INFO  | DNAudit | user=null | ip=null | op=WRITE_CHUNK {blockData=conID: 3 locID: 102734074776125987 bcsId: 2990} | ret=SUCCESS |  
2019-09-04 11:46:16,590 | INFO  | DNAudit | user=null | ip=null | op=WRITE_CHUNK {blockData=conID: 3 locID: 102734074776125987 bcsId: 2990} | ret=SUCCESS |  
2019-09-04 11:46:16,590 | INFO  | DNAudit | user=null | ip=null | op=WRITE_CHUNK {blockData=conID: 3 locID: 102734074776125987 bcsId: 2990} | ret=SUCCESS |  
2019-09-04 11:46:16,610 | INFO  | DNAudit | user=null | ip=null | op=WRITE_CHUNK {blockData=conID: 3 locID: 102734074776125987 bcsId: 2990} | ret=SUCCESS |  
2019-09-04 11:46:16,611 | INFO  | DNAudit | user=null | ip=null | op=PUT_BLOCK {blockData=[blockId=conID: 3 locID: 102734074776125987 bcsId: 0,size=3145728]} | ret=SUCCESS |  
2019-09-04 11:46:16,611 [grpc-default-executor-6] INFO  client.GrpcClientProtocolClient (GrpcClientProtocolClient.java:onNext(255)) - client-D5CE890D7D9E->efcb8ff8-f060-4d95-9215-d0f5eb4af037: receive RaftClientReply:client-D5CE890D7D9E->efcb8ff8-f060-4d95-9215-d0f5eb4af037@group-0959F8DF43ED, cid=2039, SUCCESS, logIndex=2995, commits[efcb8ff8-f060-4d95-9215-d0f5eb4af037:c2996, 6fae8b02-e804-4c0e-b729-a97b7404b7f6:c2994, 4c3e8a66-6975-4917-8225-d3efe707aaff:c2994]
2019-09-04 11:46:16,611 [grpc-default-executor-6] INFO  client.GrpcClientProtocolClient (GrpcClientProtocolClient.java:onNext(255)) - client-D5CE890D7D9E->efcb8ff8-f060-4d95-9215-d0f5eb4af037: receive RaftClientReply:client-D5CE890D7D9E->efcb8ff8-f060-4d95-9215-d0f5eb4af037@group-0959F8DF43ED, cid=2040, SUCCESS, logIndex=2996, commits[efcb8ff8-f060-4d95-9215-d0f5eb4af037:c2996, 6fae8b02-e804-4c0e-b729-a97b7404b7f6:c2994, 4c3e8a66-6975-4917-8225-d3efe707aaff:c2994]
2019-09-04 11:46:16,618 | INFO  | DNAudit | user=null | ip=null | op=WRITE_CHUNK {blockData=conID: 3 locID: 102734074776125987 bcsId: 2996} | ret=SUCCESS |  
2019-09-04 11:46:16,622 | INFO  | DNAudit | user=null | ip=null | op=WRITE_CHUNK {blockData=conID: 3 locID: 102734074776125987 bcsId: 2996} | ret=SUCCESS |  
2019-09-04 11:46:16,622 | INFO  | DNAudit | user=null | ip=null | op=WRITE_CHUNK {blockData=conID: 3 locID: 102734074776125987 bcsId: 2996} | ret=SUCCESS |  
2019-09-04 11:46:16,633 | INFO  | DNAudit | user=null | ip=null | op=WRITE_CHUNK {blockData=conID: 3 locID: 102734074776125987 bcsId: 2990} | ret=SUCCESS |  
2019-09-04 11:46:16,633 | INFO  | DNAudit | user=null | ip=null | op=WRITE_CHUNK {blockData=conID: 3 locID: 102734074776125987 bcsId: 2990} | ret=SUCCESS |  
2019-09-04 11:46:16,649 | INFO  | DNAudit | user=null | ip=null | op=PUT_BLOCK {blockData=[blockId=conID: 3 locID: 102734074776125987 bcsId: 0,size=3145728]} | ret=SUCCESS |  
2019-09-04 11:46:16,649 | INFO  | DNAudit | user=null | ip=null | op=PUT_BLOCK {blockData=[blockId=conID: 3 locID: 102734074776125987 bcsId: 0,size=3145728]} | ret=SUCCESS |  
2019-09-04 11:46:16,649 | INFO  | DNAudit | user=null | ip=null | op=WRITE_CHUNK {blockData=conID: 3 locID: 102734074776125987 bcsId: 2996} | ret=SUCCESS |  
2019-09-04 11:46:16,650 | INFO  | DNAudit | user=null | ip=null | op=PUT_BLOCK {blockData=[blockId=conID: 3 locID: 102734074776125987 bcsId: 0,size=4194304]} | ret=SUCCESS |  
2019-09-04 11:46:16,650 [grpc-default-executor-6] INFO  client.GrpcClientProtocolClient (GrpcClientProtocolClient.java:onNext(255)) - client-D5CE890D7D9E->efcb8ff8-f060-4d95-9215-d0f5eb4af037: receive RaftClientReply:client-D5CE890D7D9E->efcb8ff8-f060-4d95-9215-d0f5eb4af037@group-0959F8DF43ED, cid=2041, SUCCESS, logIndex=2999, commits[efcb8ff8-f060-4d95-9215-d0f5eb4af037:c2999, 6fae8b02-e804-4c0e-b729-a97b7404b7f6:c2996, 4c3e8a66-6975-4917-8225-d3efe707aaff:c2996]
2019-09-04 11:46:16,650 [grpc-default-executor-6] INFO  client.GrpcClientProtocolClient (GrpcClientProtocolClient.java:onNext(255)) - client-D5CE890D7D9E->efcb8ff8-f060-4d95-9215-d0f5eb4af037: receive RaftClientReply:client-D5CE890D7D9E->efcb8ff8-f060-4d95-9215-d0f5eb4af037@group-0959F8DF43ED, cid=2042, SUCCESS, logIndex=3000, commits[efcb8ff8-f060-4d95-9215-d0f5eb4af037:c3000, 6fae8b02-e804-4c0e-b729-a97b7404b7f6:c2996, 4c3e8a66-6975-4917-8225-d3efe707aaff:c2996]
2019-09-04 11:46:16,661 | INFO  | DNAudit | user=null | ip=null | op=WRITE_CHUNK {blockData=conID: 3 locID: 102734074776125987 bcsId: 2996} | ret=SUCCESS |  
2019-09-04 11:46:16,661 | INFO  | DNAudit | user=null | ip=null | op=WRITE_CHUNK {blockData=conID: 3 locID: 102734074776125987 bcsId: 2996} | ret=SUCCESS |  
2019-09-04 11:46:16,662 | INFO  | DNAudit | user=null | ip=null | op=PUT_BLOCK {blockData=[blockId=conID: 3 locID: 102734074776125987 bcsId: 0,size=4194304]} | ret=SUCCESS |  
2019-09-04 11:46:16,662 | INFO  | DNAudit | user=null | ip=null | op=PUT_BLOCK {blockData=[blockId=conID: 3 locID: 102734074776125987 bcsId: 0,size=4194304]} | ret=SUCCESS |  
2019-09-04 11:46:16,663 [grpc-default-executor-6] INFO  client.GrpcClientProtocolClient (GrpcClientProtocolClient.java:onNext(255)) - client-D5CE890D7D9E->efcb8ff8-f060-4d95-9215-d0f5eb4af037: receive RaftClientReply:client-D5CE890D7D9E->efcb8ff8-f060-4d95-9215-d0f5eb4af037@group-0959F8DF43ED, cid=2043, SUCCESS, logIndex=0, commits[efcb8ff8-f060-4d95-9215-d0f5eb4af037:c3002, 6fae8b02-e804-4c0e-b729-a97b7404b7f6:c3000, 4c3e8a66-6975-4917-8225-d3efe707aaff:c3000]
2019-09-04 11:46:16,668 | INFO  | SCMAudit | user=jenkins1000 | ip=192.168.36.67 | op=ALLOCATE_BLOCK {owner=8ab292a2-aaa7-4ad8-863a-d33994811155, size=4194304, type=RATIS, factor=THREE} | ret=SUCCESS |  
2019-09-04 11:46:16,672 | INFO  | OMAudit | user=jenkins1000 | ip=127.0.0.1 | op=ALLOCATE_BLOCK {volume=vol-0-58699, bucket=bucket-0-57464, key=key-0-37266, dataSize=0, replicationType=null, replicationFactor=null, keyLocationInfo=null, clientID=102734073355960722} | ret=SUCCESS |  
2019-09-04 11:46:16,680 | INFO  | DNAudit | user=null | ip=null | op=WRITE_CHUNK {blockData=conID: 1 locID: 102734074784514596 bcsId: 0} | ret=SUCCESS |  
2019-09-04 11:46:16,683 | INFO  | DNAudit | user=null | ip=null | op=WRITE_CHUNK {blockData=conID: 1 locID: 102734074784514596 bcsId: 0} | ret=SUCCESS |  
2019-09-04 11:46:16,683 | INFO  | DNAudit | user=null | ip=null | op=WRITE_CHUNK {blockData=conID: 1 locID: 102734074784514596 bcsId: 0} | ret=SUCCESS |  
2019-09-04 11:46:16,684 | INFO  | DNAudit | user=null | ip=null | op=WRITE_CHUNK {blockData=conID: 1 locID: 102734074784514596 bcsId: 0} | ret=SUCCESS |  
2019-09-04 11:46:16,687 | INFO  | DNAudit | user=null | ip=null | op=WRITE_CHUNK {blockData=conID: 1 locID: 102734074784514596 bcsId: 0} | ret=SUCCESS |  
2019-09-04 11:46:16,687 | INFO  | DNAudit | user=null | ip=null | op=WRITE_CHUNK {blockData=conID: 1 locID: 102734074784514596 bcsId: 0} | ret=SUCCESS |  
2019-09-04 11:46:16,689 | INFO  | DNAudit | user=null | ip=null | op=WRITE_CHUNK {blockData=conID: 1 locID: 102734074784514596 bcsId: 0} | ret=SUCCESS |  
2019-09-04 11:46:16,689 | INFO  | DNAudit | user=null | ip=null | op=PUT_BLOCK {blockData=[blockId=conID: 1 locID: 102734074784514596 bcsId: 0,size=1048576]} | ret=SUCCESS |  
2019-09-04 11:46:16,690 [grpc-default-executor-5] INFO  client.GrpcClientProtocolClient (GrpcClientProtocolClient.java:onNext(255)) - client-D5CE890D7D9E->efcb8ff8-f060-4d95-9215-d0f5eb4af037: receive RaftClientReply:client-D5CE890D7D9E->efcb8ff8-f060-4d95-9215-d0f5eb4af037@group-0959F8DF43ED, cid=2044, SUCCESS, logIndex=3003, commits[efcb8ff8-f060-4d95-9215-d0f5eb4af037:c3004, 6fae8b02-e804-4c0e-b729-a97b7404b7f6:c3002, 4c3e8a66-6975-4917-8225-d3efe707aaff:c3002]
2019-09-04 11:46:16,690 [grpc-default-executor-5] INFO  client.GrpcClientProtocolClient (GrpcClientProtocolClient.java:onNext(255)) - client-D5CE890D7D9E->efcb8ff8-f060-4d95-9215-d0f5eb4af037: receive RaftClientReply:client-D5CE890D7D9E->efcb8ff8-f060-4d95-9215-d0f5eb4af037@group-0959F8DF43ED, cid=2045, SUCCESS, logIndex=3004, commits[efcb8ff8-f060-4d95-9215-d0f5eb4af037:c3004, 6fae8b02-e804-4c0e-b729-a97b7404b7f6:c3002, 4c3e8a66-6975-4917-8225-d3efe707aaff:c3002]
2019-09-04 11:46:16,699 | INFO  | DNAudit | user=null | ip=null | op=WRITE_CHUNK {blockData=conID: 1 locID: 102734074784514596 bcsId: 0} | ret=SUCCESS |  
2019-09-04 11:46:16,699 | INFO  | DNAudit | user=null | ip=null | op=PUT_BLOCK {blockData=[blockId=conID: 1 locID: 102734074784514596 bcsId: 0,size=2097152]} | ret=SUCCESS |  
2019-09-04 11:46:16,699 [grpc-default-executor-5] INFO  client.GrpcClientProtocolClient (GrpcClientProtocolClient.java:onNext(255)) - client-D5CE890D7D9E->efcb8ff8-f060-4d95-9215-d0f5eb4af037: receive RaftClientReply:client-D5CE890D7D9E->efcb8ff8-f060-4d95-9215-d0f5eb4af037@group-0959F8DF43ED, cid=2046, SUCCESS, logIndex=3005, commits[efcb8ff8-f060-4d95-9215-d0f5eb4af037:c3006, 6fae8b02-e804-4c0e-b729-a97b7404b7f6:c3002, 4c3e8a66-6975-4917-8225-d3efe707aaff:c3002]
2019-09-04 11:46:16,700 [grpc-default-executor-5] INFO  client.GrpcClientProtocolClient (GrpcClientProtocolClient.java:onNext(255)) - client-D5CE890D7D9E->efcb8ff8-f060-4d95-9215-d0f5eb4af037: receive RaftClientReply:client-D5CE890D7D9E->efcb8ff8-f060-4d95-9215-d0f5eb4af037@group-0959F8DF43ED, cid=2047, SUCCESS, logIndex=3006, commits[efcb8ff8-f060-4d95-9215-d0f5eb4af037:c3006, 6fae8b02-e804-4c0e-b729-a97b7404b7f6:c3002, 4c3e8a66-6975-4917-8225-d3efe707aaff:c3002]
2019-09-04 11:46:16,708 | INFO  | DNAudit | user=null | ip=null | op=WRITE_CHUNK {blockData=conID: 1 locID: 102734074784514596 bcsId: 0} | ret=SUCCESS |  
2019-09-04 11:46:16,708 | INFO  | DNAudit | user=null | ip=null | op=WRITE_CHUNK {blockData=conID: 1 locID: 102734074784514596 bcsId: 0} | ret=SUCCESS |  
2019-09-04 11:46:16,708 | INFO  | DNAudit | user=null | ip=null | op=PUT_BLOCK {blockData=[blockId=conID: 1 locID: 102734074784514596 bcsId: 0,size=1048576]} | ret=SUCCESS |  
2019-09-04 11:46:16,708 | INFO  | DNAudit | user=null | ip=null | op=PUT_BLOCK {blockData=[blockId=conID: 1 locID: 102734074784514596 bcsId: 0,size=1048576]} | ret=SUCCESS |  
2019-09-04 11:46:16,709 [grpc-default-executor-5] INFO  client.GrpcClientProtocolClient (GrpcClientProtocolClient.java:onNext(255)) - client-D5CE890D7D9E->efcb8ff8-f060-4d95-9215-d0f5eb4af037: receive RaftClientReply:client-D5CE890D7D9E->efcb8ff8-f060-4d95-9215-d0f5eb4af037@group-0959F8DF43ED, cid=2048, SUCCESS, logIndex=0, commits[efcb8ff8-f060-4d95-9215-d0f5eb4af037:c3008, 6fae8b02-e804-4c0e-b729-a97b7404b7f6:c3004, 4c3e8a66-6975-4917-8225-d3efe707aaff:c3004]
2019-09-04 11:46:16,716 | INFO  | DNAudit | user=null | ip=null | op=WRITE_CHUNK {blockData=conID: 1 locID: 102734074784514596 bcsId: 3006} | ret=SUCCESS |  
2019-09-04 11:46:16,717 | INFO  | DNAudit | user=null | ip=null | op=WRITE_CHUNK {blockData=conID: 1 locID: 102734074784514596 bcsId: 0} | ret=SUCCESS |  
2019-09-04 11:46:16,718 | INFO  | DNAudit | user=null | ip=null | op=PUT_BLOCK {blockData=[blockId=conID: 1 locID: 102734074784514596 bcsId: 0,size=2097152]} | ret=SUCCESS |  
2019-09-04 11:46:16,718 | INFO  | DNAudit | user=null | ip=null | op=WRITE_CHUNK {blockData=conID: 1 locID: 102734074784514596 bcsId: 0} | ret=SUCCESS |  
2019-09-04 11:46:16,718 | INFO  | DNAudit | user=null | ip=null | op=PUT_BLOCK {blockData=[blockId=conID: 1 locID: 102734074784514596 bcsId: 0,size=2097152]} | ret=SUCCESS |  
2019-09-04 11:46:16,719 | INFO  | DNAudit | user=null | ip=null | op=WRITE_CHUNK {blockData=conID: 1 locID: 102734074784514596 bcsId: 3006} | ret=SUCCESS |  
2019-09-04 11:46:16,719 | INFO  | DNAudit | user=null | ip=null | op=WRITE_CHUNK {blockData=conID: 1 locID: 102734074784514596 bcsId: 3006} | ret=SUCCESS |  
2019-09-04 11:46:16,727 | INFO  | DNAudit | user=null | ip=null | op=WRITE_CHUNK {blockData=conID: 1 locID: 102734074784514596 bcsId: 3006} | ret=SUCCESS |  
2019-09-04 11:46:16,728 | INFO  | DNAudit | user=null | ip=null | op=PUT_BLOCK {blockData=[blockId=conID: 1 locID: 102734074784514596 bcsId: 0,size=3145728]} | ret=SUCCESS |  
2019-09-04 11:46:16,728 [grpc-default-executor-6] INFO  client.GrpcClientProtocolClient (GrpcClientProtocolClient.java:onNext(255)) - client-D5CE890D7D9E->efcb8ff8-f060-4d95-9215-d0f5eb4af037: receive RaftClientReply:client-D5CE890D7D9E->efcb8ff8-f060-4d95-9215-d0f5eb4af037@group-0959F8DF43ED, cid=2049, SUCCESS, logIndex=3011, commits[efcb8ff8-f060-4d95-9215-d0f5eb4af037:c3012, 6fae8b02-e804-4c0e-b729-a97b7404b7f6:c3006, 4c3e8a66-6975-4917-8225-d3efe707aaff:c3008]
2019-09-04 11:46:16,728 [grpc-default-executor-6] INFO  client.GrpcClientProtocolClient (GrpcClientProtocolClient.java:onNext(255)) - client-D5CE890D7D9E->efcb8ff8-f060-4d95-9215-d0f5eb4af037: receive RaftClientReply:client-D5CE890D7D9E->efcb8ff8-f060-4d95-9215-d0f5eb4af037@group-0959F8DF43ED, cid=2050, SUCCESS, logIndex=3012, commits[efcb8ff8-f060-4d95-9215-d0f5eb4af037:c3012, 6fae8b02-e804-4c0e-b729-a97b7404b7f6:c3008, 4c3e8a66-6975-4917-8225-d3efe707aaff:c3008]
2019-09-04 11:46:16,729 | INFO  | DNAudit | user=null | ip=null | op=WRITE_CHUNK {blockData=conID: 1 locID: 102734074784514596 bcsId: 3006} | ret=SUCCESS |  
2019-09-04 11:46:16,729 | INFO  | DNAudit | user=null | ip=null | op=WRITE_CHUNK {blockData=conID: 1 locID: 102734074784514596 bcsId: 3006} | ret=SUCCESS |  
2019-09-04 11:46:16,729 | INFO  | DNAudit | user=null | ip=null | op=PUT_BLOCK {blockData=[blockId=conID: 1 locID: 102734074784514596 bcsId: 0,size=3145728]} | ret=SUCCESS |  
2019-09-04 11:46:16,730 | INFO  | DNAudit | user=null | ip=null | op=PUT_BLOCK {blockData=[blockId=conID: 1 locID: 102734074784514596 bcsId: 0,size=3145728]} | ret=SUCCESS |  
2019-09-04 11:46:16,735 | INFO  | DNAudit | user=null | ip=null | op=WRITE_CHUNK {blockData=conID: 1 locID: 102734074784514596 bcsId: 3012} | ret=SUCCESS |  
2019-09-04 11:46:16,736 | INFO  | SCMAudit | user=jenkins1000 | ip=192.168.36.67 | op=SEND_HEARTBEAT {datanodeUUID=6fae8b02-e804-4c0e-b729-a97b7404b7f6, command=[]} | ret=SUCCESS |  
2019-09-04 11:46:16,736 | INFO  | SCMAudit | user=jenkins1000 | ip=192.168.36.67 | op=SEND_HEARTBEAT {datanodeUUID=4c3e8a66-6975-4917-8225-d3efe707aaff, command=[]} | ret=SUCCESS |  
2019-09-04 11:46:16,738 | INFO  | SCMAudit | user=jenkins1000 | ip=192.168.36.67 | op=SEND_HEARTBEAT {datanodeUUID=0b776101-1d39-4f23-96c0-6a8ead31197c, command=[]} | ret=SUCCESS |  
2019-09-04 11:46:16,738 | INFO  | DNAudit | user=null | ip=null | op=WRITE_CHUNK {blockData=conID: 1 locID: 102734074784514596 bcsId: 3012} | ret=SUCCESS |  
2019-09-04 11:46:16,738 | INFO  | SCMAudit | user=jenkins1000 | ip=192.168.36.67 | op=SEND_HEARTBEAT {datanodeUUID=efcb8ff8-f060-4d95-9215-d0f5eb4af037, command=[]} | ret=SUCCESS |  
2019-09-04 11:46:16,738 | INFO  | DNAudit | user=null | ip=null | op=WRITE_CHUNK {blockData=conID: 1 locID: 102734074784514596 bcsId: 3012} | ret=SUCCESS |  
2019-09-04 11:46:16,764 | INFO  | DNAudit | user=null | ip=null | op=WRITE_CHUNK {blockData=conID: 1 locID: 102734074784514596 bcsId: 3012} | ret=SUCCESS |  
2019-09-04 11:46:16,764 | INFO  | DNAudit | user=null | ip=null | op=PUT_BLOCK {blockData=[blockId=conID: 1 locID: 102734074784514596 bcsId: 0,size=4194304]} | ret=SUCCESS |  
2019-09-04 11:46:16,764 [grpc-default-executor-6] INFO  client.GrpcClientProtocolClient (GrpcClientProtocolClient.java:onNext(255)) - client-D5CE890D7D9E->efcb8ff8-f060-4d95-9215-d0f5eb4af037: receive RaftClientReply:client-D5CE890D7D9E->efcb8ff8-f060-4d95-9215-d0f5eb4af037@group-0959F8DF43ED, cid=2051, SUCCESS, logIndex=3015, commits[efcb8ff8-f060-4d95-9215-d0f5eb4af037:c3016, 6fae8b02-e804-4c0e-b729-a97b7404b7f6:c3014, 4c3e8a66-6975-4917-8225-d3efe707aaff:c3014]
2019-09-04 11:46:16,765 [grpc-default-executor-6] INFO  client.GrpcClientProtocolClient (GrpcClientProtocolClient.java:onNext(255)) - client-D5CE890D7D9E->efcb8ff8-f060-4d95-9215-d0f5eb4af037: receive RaftClientReply:client-D5CE890D7D9E->efcb8ff8-f060-4d95-9215-d0f5eb4af037@group-0959F8DF43ED, cid=2052, SUCCESS, logIndex=3016, commits[efcb8ff8-f060-4d95-9215-d0f5eb4af037:c3016, 6fae8b02-e804-4c0e-b729-a97b7404b7f6:c3014, 4c3e8a66-6975-4917-8225-d3efe707aaff:c3014]
2019-09-04 11:46:16,783 | INFO  | DNAudit | user=null | ip=null | op=WRITE_CHUNK {blockData=conID: 1 locID: 102734074784514596 bcsId: 3012} | ret=SUCCESS |  
2019-09-04 11:46:16,783 | INFO  | DNAudit | user=null | ip=null | op=WRITE_CHUNK {blockData=conID: 1 locID: 102734074784514596 bcsId: 3012} | ret=SUCCESS |  
2019-09-04 11:46:16,784 | INFO  | DNAudit | user=null | ip=null | op=PUT_BLOCK {blockData=[blockId=conID: 1 locID: 102734074784514596 bcsId: 0,size=4194304]} | ret=SUCCESS |  
2019-09-04 11:46:16,785 | INFO  | DNAudit | user=null | ip=null | op=PUT_BLOCK {blockData=[blockId=conID: 1 locID: 102734074784514596 bcsId: 0,size=4194304]} | ret=SUCCESS |  
2019-09-04 11:46:16,785 [grpc-default-executor-6] INFO  client.GrpcClientProtocolClient (GrpcClientProtocolClient.java:onNext(255)) - client-D5CE890D7D9E->efcb8ff8-f060-4d95-9215-d0f5eb4af037: receive RaftClientReply:client-D5CE890D7D9E->efcb8ff8-f060-4d95-9215-d0f5eb4af037@group-0959F8DF43ED, cid=2053, SUCCESS, logIndex=0, commits[efcb8ff8-f060-4d95-9215-d0f5eb4af037:c3018, 6fae8b02-e804-4c0e-b729-a97b7404b7f6:c3016, 4c3e8a66-6975-4917-8225-d3efe707aaff:c3016]
2019-09-04 11:46:16,791 | INFO  | SCMAudit | user=jenkins1000 | ip=192.168.36.67 | op=ALLOCATE_BLOCK {owner=8ab292a2-aaa7-4ad8-863a-d33994811155, size=4194304, type=RATIS, factor=THREE} | ret=SUCCESS |  
2019-09-04 11:46:16,795 | INFO  | OMAudit | user=jenkins1000 | ip=127.0.0.1 | op=ALLOCATE_BLOCK {volume=vol-0-58699, bucket=bucket-0-57464, key=key-0-37266, dataSize=0, replicationType=null, replicationFactor=null, keyLocationInfo=null, clientID=102734073355960722} | ret=SUCCESS |  
2019-09-04 11:46:16,804 | INFO  | DNAudit | user=null | ip=null | op=WRITE_CHUNK {blockData=conID: 2 locID: 102734074792575525 bcsId: 0} | ret=SUCCESS |  
 0.00% |█                                                                                                    |  0/1 Time: 0:00:222019-09-04 11:46:16,962 | INFO  | DNAudit | user=null | ip=null | op=WRITE_CHUNK {blockData=conID: 2 locID: 102734074792575525 bcsId: 0} | ret=SUCCESS |  
2019-09-04 11:46:16,964 | INFO  | DNAudit | user=null | ip=null | op=WRITE_CHUNK {blockData=conID: 2 locID: 102734074792575525 bcsId: 0} | ret=SUCCESS |  
2019-09-04 11:46:16,965 | INFO  | DNAudit | user=null | ip=null | op=WRITE_CHUNK {blockData=conID: 2 locID: 102734074792575525 bcsId: 0} | ret=SUCCESS |  
2019-09-04 11:46:16,967 | INFO  | DNAudit | user=null | ip=null | op=WRITE_CHUNK {blockData=conID: 2 locID: 102734074792575525 bcsId: 0} | ret=SUCCESS |  
2019-09-04 11:46:16,968 | INFO  | DNAudit | user=null | ip=null | op=WRITE_CHUNK {blockData=conID: 2 locID: 102734074792575525 bcsId: 0} | ret=SUCCESS |  
2019-09-04 11:46:16,975 | INFO  | DNAudit | user=null | ip=null | op=WRITE_CHUNK {blockData=conID: 2 locID: 102734074792575525 bcsId: 0} | ret=SUCCESS |  
2019-09-04 11:46:16,975 | INFO  | DNAudit | user=null | ip=null | op=PUT_BLOCK {blockData=[blockId=conID: 2 locID: 102734074792575525 bcsId: 0,size=1048576]} | ret=SUCCESS |  
2019-09-04 11:46:16,975 [grpc-default-executor-1] INFO  client.GrpcClientProtocolClient (GrpcClientProtocolClient.java:onNext(255)) - client-D5CE890D7D9E->efcb8ff8-f060-4d95-9215-d0f5eb4af037: receive RaftClientReply:client-D5CE890D7D9E->efcb8ff8-f060-4d95-9215-d0f5eb4af037@group-0959F8DF43ED, cid=2054, SUCCESS, logIndex=3019, commits[efcb8ff8-f060-4d95-9215-d0f5eb4af037:c3020, 6fae8b02-e804-4c0e-b729-a97b7404b7f6:c3018, 4c3e8a66-6975-4917-8225-d3efe707aaff:c3018]
2019-09-04 11:46:16,976 [grpc-default-executor-1] INFO  client.GrpcClientProtocolClient (GrpcClientProtocolClient.java:onNext(255)) - client-D5CE890D7D9E->efcb8ff8-f060-4d95-9215-d0f5eb4af037: receive RaftClientReply:client-D5CE890D7D9E->efcb8ff8-f060-4d95-9215-d0f5eb4af037@group-0959F8DF43ED, cid=2055, SUCCESS, logIndex=3020, commits[efcb8ff8-f060-4d95-9215-d0f5eb4af037:c3020, 6fae8b02-e804-4c0e-b729-a97b7404b7f6:c3018, 4c3e8a66-6975-4917-8225-d3efe707aaff:c3018]
2019-09-04 11:46:16,995 | INFO  | DNAudit | user=null | ip=null | op=WRITE_CHUNK {blockData=conID: 2 locID: 102734074792575525 bcsId: 0} | ret=SUCCESS |  
2019-09-04 11:46:16,996 | INFO  | DNAudit | user=null | ip=null | op=PUT_BLOCK {blockData=[blockId=conID: 2 locID: 102734074792575525 bcsId: 0,size=2097152]} | ret=SUCCESS |  
2019-09-04 11:46:16,996 [grpc-default-executor-0] INFO  client.GrpcClientProtocolClient (GrpcClientProtocolClient.java:onNext(255)) - client-D5CE890D7D9E->efcb8ff8-f060-4d95-9215-d0f5eb4af037: receive RaftClientReply:client-D5CE890D7D9E->efcb8ff8-f060-4d95-9215-d0f5eb4af037@group-0959F8DF43ED, cid=2056, SUCCESS, logIndex=3021, commits[efcb8ff8-f060-4d95-9215-d0f5eb4af037:c3022, 6fae8b02-e804-4c0e-b729-a97b7404b7f6:c3018, 4c3e8a66-6975-4917-8225-d3efe707aaff:c3018]
2019-09-04 11:46:16,996 [grpc-default-executor-0] INFO  client.GrpcClientProtocolClient (GrpcClientProtocolClient.java:onNext(255)) - client-D5CE890D7D9E->efcb8ff8-f060-4d95-9215-d0f5eb4af037: receive RaftClientReply:client-D5CE890D7D9E->efcb8ff8-f060-4d95-9215-d0f5eb4af037@group-0959F8DF43ED, cid=2057, SUCCESS, logIndex=3022, commits[efcb8ff8-f060-4d95-9215-d0f5eb4af037:c3022, 6fae8b02-e804-4c0e-b729-a97b7404b7f6:c3018, 4c3e8a66-6975-4917-8225-d3efe707aaff:c3018]
2019-09-04 11:46:17,018 | INFO  | DNAudit | user=null | ip=null | op=WRITE_CHUNK {blockData=conID: 2 locID: 102734074792575525 bcsId: 0} | ret=SUCCESS |  
2019-09-04 11:46:17,018 | INFO  | DNAudit | user=null | ip=null | op=WRITE_CHUNK {blockData=conID: 2 locID: 102734074792575525 bcsId: 0} | ret=SUCCESS |  
2019-09-04 11:46:17,019 | INFO  | DNAudit | user=null | ip=null | op=PUT_BLOCK {blockData=[blockId=conID: 2 locID: 102734074792575525 bcsId: 0,size=1048576]} | ret=SUCCESS |  
2019-09-04 11:46:17,019 | INFO  | DNAudit | user=null | ip=null | op=PUT_BLOCK {blockData=[blockId=conID: 2 locID: 102734074792575525 bcsId: 0,size=1048576]} | ret=SUCCESS |  
2019-09-04 11:46:17,019 [grpc-default-executor-0] INFO  client.GrpcClientProtocolClient (GrpcClientProtocolClient.java:onNext(255)) - client-D5CE890D7D9E->efcb8ff8-f060-4d95-9215-d0f5eb4af037: receive RaftClientReply:client-D5CE890D7D9E->efcb8ff8-f060-4d95-9215-d0f5eb4af037@group-0959F8DF43ED, cid=2058, SUCCESS, logIndex=0, commits[efcb8ff8-f060-4d95-9215-d0f5eb4af037:c3024, 6fae8b02-e804-4c0e-b729-a97b7404b7f6:c3020, 4c3e8a66-6975-4917-8225-d3efe707aaff:c3020]
2019-09-04 11:46:17,027 | INFO  | DNAudit | user=null | ip=null | op=WRITE_CHUNK {blockData=conID: 2 locID: 102734074792575525 bcsId: 3022} | ret=SUCCESS |  
2019-09-04 11:46:17,030 | INFO  | DNAudit | user=null | ip=null | op=WRITE_CHUNK {blockData=conID: 2 locID: 102734074792575525 bcsId: 3022} | ret=SUCCESS |  
2019-09-04 11:46:17,031 | INFO  | DNAudit | user=null | ip=null | op=WRITE_CHUNK {blockData=conID: 2 locID: 102734074792575525 bcsId: 3022} | ret=SUCCESS |  
2019-09-04 11:46:17,041 | INFO  | DNAudit | user=null | ip=null | op=WRITE_CHUNK {blockData=conID: 2 locID: 102734074792575525 bcsId: 0} | ret=SUCCESS |  
2019-09-04 11:46:17,041 | INFO  | DNAudit | user=null | ip=null | op=PUT_BLOCK {blockData=[blockId=conID: 2 locID: 102734074792575525 bcsId: 0,size=2097152]} | ret=SUCCESS |  
2019-09-04 11:46:17,041 | INFO  | DNAudit | user=null | ip=null | op=WRITE_CHUNK {blockData=conID: 2 locID: 102734074792575525 bcsId: 0} | ret=SUCCESS |  
2019-09-04 11:46:17,042 | INFO  | DNAudit | user=null | ip=null | op=PUT_BLOCK {blockData=[blockId=conID: 2 locID: 102734074792575525 bcsId: 0,size=2097152]} | ret=SUCCESS |  
2019-09-04 11:46:17,043 | INFO  | DNAudit | user=null | ip=null | op=WRITE_CHUNK {blockData=conID: 2 locID: 102734074792575525 bcsId: 3022} | ret=SUCCESS |  
2019-09-04 11:46:17,044 | INFO  | DNAudit | user=null | ip=null | op=PUT_BLOCK {blockData=[blockId=conID: 2 locID: 102734074792575525 bcsId: 0,size=3145728]} | ret=SUCCESS |  
2019-09-04 11:46:17,044 [grpc-default-executor-0] INFO  client.GrpcClientProtocolClient (GrpcClientProtocolClient.java:onNext(255)) - client-D5CE890D7D9E->efcb8ff8-f060-4d95-9215-d0f5eb4af037: receive RaftClientReply:client-D5CE890D7D9E->efcb8ff8-f060-4d95-9215-d0f5eb4af037@group-0959F8DF43ED, cid=2059, SUCCESS, logIndex=3027, commits[efcb8ff8-f060-4d95-9215-d0f5eb4af037:c3028, 6fae8b02-e804-4c0e-b729-a97b7404b7f6:c3024, 4c3e8a66-6975-4917-8225-d3efe707aaff:c3024]
2019-09-04 11:46:17,045 [grpc-default-executor-0] INFO  client.GrpcClientProtocolClient (GrpcClientProtocolClient.java:onNext(255)) - client-D5CE890D7D9E->efcb8ff8-f060-4d95-9215-d0f5eb4af037: receive RaftClientReply:client-D5CE890D7D9E->efcb8ff8-f060-4d95-9215-d0f5eb4af037@group-0959F8DF43ED, cid=2060, SUCCESS, logIndex=3028, commits[efcb8ff8-f060-4d95-9215-d0f5eb4af037:c3028, 6fae8b02-e804-4c0e-b729-a97b7404b7f6:c3024, 4c3e8a66-6975-4917-8225-d3efe707aaff:c3024]
2019-09-04 11:46:17,053 | INFO  | DNAudit | user=null | ip=null | op=WRITE_CHUNK {blockData=conID: 2 locID: 102734074792575525 bcsId: 3028} | ret=SUCCESS |  
2019-09-04 11:46:17,055 | INFO  | DNAudit | user=null | ip=null | op=WRITE_CHUNK {blockData=conID: 2 locID: 102734074792575525 bcsId: 3028} | ret=SUCCESS |  
2019-09-04 11:46:17,055 | INFO  | DNAudit | user=null | ip=null | op=WRITE_CHUNK {blockData=conID: 2 locID: 102734074792575525 bcsId: 3028} | ret=SUCCESS |  
2019-09-04 11:46:17,068 | INFO  | DNAudit | user=null | ip=null | op=WRITE_CHUNK {blockData=conID: 2 locID: 102734074792575525 bcsId: 3022} | ret=SUCCESS |  
2019-09-04 11:46:17,068 | INFO  | DNAudit | user=null | ip=null | op=WRITE_CHUNK {blockData=conID: 2 locID: 102734074792575525 bcsId: 3022} | ret=SUCCESS |  
2019-09-04 11:46:17,068 | INFO  | DNAudit | user=null | ip=null | op=PUT_BLOCK {blockData=[blockId=conID: 2 locID: 102734074792575525 bcsId: 0,size=3145728]} | ret=SUCCESS |  
2019-09-04 11:46:17,069 | INFO  | DNAudit | user=null | ip=null | op=PUT_BLOCK {blockData=[blockId=conID: 2 locID: 102734074792575525 bcsId: 0,size=3145728]} | ret=SUCCESS |  
2019-09-04 11:46:17,070 | INFO  | DNAudit | user=null | ip=null | op=WRITE_CHUNK {blockData=conID: 2 locID: 102734074792575525 bcsId: 3028} | ret=SUCCESS |  
2019-09-04 11:46:17,070 | INFO  | DNAudit | user=null | ip=null | op=PUT_BLOCK {blockData=[blockId=conID: 2 locID: 102734074792575525 bcsId: 0,size=4194304]} | ret=SUCCESS |  
2019-09-04 11:46:17,070 [grpc-default-executor-1] INFO  client.GrpcClientProtocolClient (GrpcClientProtocolClient.java:onNext(255)) - client-D5CE890D7D9E->efcb8ff8-f060-4d95-9215-d0f5eb4af037: receive RaftClientReply:client-D5CE890D7D9E->efcb8ff8-f060-4d95-9215-d0f5eb4af037@group-0959F8DF43ED, cid=2061, SUCCESS, logIndex=3031, commits[efcb8ff8-f060-4d95-9215-d0f5eb4af037:c3032, 6fae8b02-e804-4c0e-b729-a97b7404b7f6:c3028, 4c3e8a66-6975-4917-8225-d3efe707aaff:c3028]
2019-09-04 11:46:17,071 [grpc-default-executor-1] INFO  client.GrpcClientProtocolClient (GrpcClientProtocolClient.java:onNext(255)) - client-D5CE890D7D9E->efcb8ff8-f060-4d95-9215-d0f5eb4af037: receive RaftClientReply:client-D5CE890D7D9E->efcb8ff8-f060-4d95-9215-d0f5eb4af037@group-0959F8DF43ED, cid=2062, SUCCESS, logIndex=3032, commits[efcb8ff8-f060-4d95-9215-d0f5eb4af037:c3032, 6fae8b02-e804-4c0e-b729-a97b7404b7f6:c3028, 4c3e8a66-6975-4917-8225-d3efe707aaff:c3028]
2019-09-04 11:46:17,096 | INFO  | DNAudit | user=null | ip=null | op=WRITE_CHUNK {blockData=conID: 2 locID: 102734074792575525 bcsId: 3028} | ret=SUCCESS |  
2019-09-04 11:46:17,096 | INFO  | DNAudit | user=null | ip=null | op=WRITE_CHUNK {blockData=conID: 2 locID: 102734074792575525 bcsId: 3028} | ret=SUCCESS |  
2019-09-04 11:46:17,097 | INFO  | DNAudit | user=null | ip=null | op=PUT_BLOCK {blockData=[blockId=conID: 2 locID: 102734074792575525 bcsId: 0,size=4194304]} | ret=SUCCESS |  
2019-09-04 11:46:17,097 | INFO  | DNAudit | user=null | ip=null | op=PUT_BLOCK {blockData=[blockId=conID: 2 locID: 102734074792575525 bcsId: 0,size=4194304]} | ret=SUCCESS |  
2019-09-04 11:46:17,098 [grpc-default-executor-1] INFO  client.GrpcClientProtocolClient (GrpcClientProtocolClient.java:onNext(255)) - client-D5CE890D7D9E->efcb8ff8-f060-4d95-9215-d0f5eb4af037: receive RaftClientReply:client-D5CE890D7D9E->efcb8ff8-f060-4d95-9215-d0f5eb4af037@group-0959F8DF43ED, cid=2063, SUCCESS, logIndex=0, commits[efcb8ff8-f060-4d95-9215-d0f5eb4af037:c3034, 6fae8b02-e804-4c0e-b729-a97b7404b7f6:c3032, 4c3e8a66-6975-4917-8225-d3efe707aaff:c3032]
2019-09-04 11:46:17,103 | INFO  | SCMAudit | user=jenkins1000 | ip=192.168.36.67 | op=ALLOCATE_BLOCK {owner=8ab292a2-aaa7-4ad8-863a-d33994811155, size=4194304, type=RATIS, factor=THREE} | ret=SUCCESS |  
2019-09-04 11:46:17,106 | INFO  | OMAudit | user=jenkins1000 | ip=127.0.0.1 | op=ALLOCATE_BLOCK {volume=vol-0-58699, bucket=bucket-0-57464, key=key-0-37266, dataSize=0, replicationType=null, replicationFactor=null, keyLocationInfo=null, clientID=102734073355960722} | ret=SUCCESS |  
2019-09-04 11:46:17,114 | INFO  | DNAudit | user=null | ip=null | op=WRITE_CHUNK {blockData=conID: 3 locID: 102734074813022758 bcsId: 0} | ret=SUCCESS |  
2019-09-04 11:46:17,116 | INFO  | DNAudit | user=null | ip=null | op=WRITE_CHUNK {blockData=conID: 3 locID: 102734074813022758 bcsId: 0} | ret=SUCCESS |  
2019-09-04 11:46:17,117 | INFO  | DNAudit | user=null | ip=null | op=WRITE_CHUNK {blockData=conID: 3 locID: 102734074813022758 bcsId: 0} | ret=SUCCESS |  
2019-09-04 11:46:17,117 | INFO  | DNAudit | user=null | ip=null | op=WRITE_CHUNK {blockData=conID: 3 locID: 102734074813022758 bcsId: 0} | ret=SUCCESS |  
2019-09-04 11:46:17,119 | INFO  | DNAudit | user=null | ip=null | op=WRITE_CHUNK {blockData=conID: 3 locID: 102734074813022758 bcsId: 0} | ret=SUCCESS |  
2019-09-04 11:46:17,119 | INFO  | DNAudit | user=null | ip=null | op=WRITE_CHUNK {blockData=conID: 3 locID: 102734074813022758 bcsId: 0} | ret=SUCCESS |  
2019-09-04 11:46:17,122 | INFO  | SCMAudit | user=jenkins1000 | ip=192.168.36.67 | op=SEND_HEARTBEAT {datanodeUUID=b68b188c-7f38-42ae-8403-46a39acd0731, command=[]} | ret=SUCCESS |  
2019-09-04 11:46:17,150 | INFO  | DNAudit | user=null | ip=null | op=WRITE_CHUNK {blockData=conID: 3 locID: 102734074813022758 bcsId: 0} | ret=SUCCESS |  
2019-09-04 11:46:17,150 | INFO  | DNAudit | user=null | ip=null | op=PUT_BLOCK {blockData=[blockId=conID: 3 locID: 102734074813022758 bcsId: 0,size=1048576]} | ret=SUCCESS |  
2019-09-04 11:46:17,151 [grpc-default-executor-1] INFO  client.GrpcClientProtocolClient (GrpcClientProtocolClient.java:onNext(255)) - client-D5CE890D7D9E->efcb8ff8-f060-4d95-9215-d0f5eb4af037: receive RaftClientReply:client-D5CE890D7D9E->efcb8ff8-f060-4d95-9215-d0f5eb4af037@group-0959F8DF43ED, cid=2064, SUCCESS, logIndex=3035, commits[efcb8ff8-f060-4d95-9215-d0f5eb4af037:c3036, 6fae8b02-e804-4c0e-b729-a97b7404b7f6:c3034, 4c3e8a66-6975-4917-8225-d3efe707aaff:c3034]
2019-09-04 11:46:17,151 [grpc-default-executor-1] INFO  client.GrpcClientProtocolClient (GrpcClientProtocolClient.java:onNext(255)) - client-D5CE890D7D9E->efcb8ff8-f060-4d95-9215-d0f5eb4af037: receive RaftClientReply:client-D5CE890D7D9E->efcb8ff8-f060-4d95-9215-d0f5eb4af037@group-0959F8DF43ED, cid=2065, SUCCESS, logIndex=3036, commits[efcb8ff8-f060-4d95-9215-d0f5eb4af037:c3036, 6fae8b02-e804-4c0e-b729-a97b7404b7f6:c3034, 4c3e8a66-6975-4917-8225-d3efe707aaff:c3034]
2019-09-04 11:46:17,152 | INFO  | DNAudit | user=null | ip=null | op=WRITE_CHUNK {blockData=conID: 3 locID: 102734074813022758 bcsId: 0} | ret=SUCCESS |  
2019-09-04 11:46:17,153 | INFO  | DNAudit | user=null | ip=null | op=PUT_BLOCK {blockData=[blockId=conID: 3 locID: 102734074813022758 bcsId: 0,size=2097152]} | ret=SUCCESS |  
2019-09-04 11:46:17,153 [grpc-default-executor-0] INFO  client.GrpcClientProtocolClient (GrpcClientProtocolClient.java:onNext(255)) - client-D5CE890D7D9E->efcb8ff8-f060-4d95-9215-d0f5eb4af037: receive RaftClientReply:client-D5CE890D7D9E->efcb8ff8-f060-4d95-9215-d0f5eb4af037@group-0959F8DF43ED, cid=2066, SUCCESS, logIndex=3037, commits[efcb8ff8-f060-4d95-9215-d0f5eb4af037:c3037, 6fae8b02-e804-4c0e-b729-a97b7404b7f6:c3034, 4c3e8a66-6975-4917-8225-d3efe707aaff:c3034]
2019-09-04 11:46:17,153 [grpc-default-executor-0] INFO  client.GrpcClientProtocolClient (GrpcClientProtocolClient.java:onNext(255)) - client-D5CE890D7D9E->efcb8ff8-f060-4d95-9215-d0f5eb4af037: receive RaftClientReply:client-D5CE890D7D9E->efcb8ff8-f060-4d95-9215-d0f5eb4af037@group-0959F8DF43ED, cid=2067, SUCCESS, logIndex=3038, commits[efcb8ff8-f060-4d95-9215-d0f5eb4af037:c3038, 6fae8b02-e804-4c0e-b729-a97b7404b7f6:c3034, 4c3e8a66-6975-4917-8225-d3efe707aaff:c3034]
2019-09-04 11:46:17,154 | INFO  | DNAudit | user=null | ip=null | op=WRITE_CHUNK {blockData=conID: 3 locID: 102734074813022758 bcsId: 0} | ret=SUCCESS |  
2019-09-04 11:46:17,154 | INFO  | DNAudit | user=null | ip=null | op=WRITE_CHUNK {blockData=conID: 3 locID: 102734074813022758 bcsId: 0} | ret=SUCCESS |  
2019-09-04 11:46:17,154 | INFO  | DNAudit | user=null | ip=null | op=PUT_BLOCK {blockData=[blockId=conID: 3 locID: 102734074813022758 bcsId: 0,size=1048576]} | ret=SUCCESS |  
2019-09-04 11:46:17,154 | INFO  | DNAudit | user=null | ip=null | op=PUT_BLOCK {blockData=[blockId=conID: 3 locID: 102734074813022758 bcsId: 0,size=1048576]} | ret=SUCCESS |  
2019-09-04 11:46:17,155 [grpc-default-executor-6] INFO  client.GrpcClientProtocolClient (GrpcClientProtocolClient.java:onNext(255)) - client-D5CE890D7D9E->efcb8ff8-f060-4d95-9215-d0f5eb4af037: receive RaftClientReply:client-D5CE890D7D9E->efcb8ff8-f060-4d95-9215-d0f5eb4af037@group-0959F8DF43ED, cid=2068, SUCCESS, logIndex=0, commits[efcb8ff8-f060-4d95-9215-d0f5eb4af037:c3040, 6fae8b02-e804-4c0e-b729-a97b7404b7f6:c3036, 4c3e8a66-6975-4917-8225-d3efe707aaff:c3036]
2019-09-04 11:46:17,155 | INFO  | DNAudit | user=null | ip=null | op=WRITE_CHUNK {blockData=conID: 3 locID: 102734074813022758 bcsId: 0} | ret=SUCCESS |  
2019-09-04 11:46:17,156 | INFO  | DNAudit | user=null | ip=null | op=PUT_BLOCK {blockData=[blockId=conID: 3 locID: 102734074813022758 bcsId: 0,size=2097152]} | ret=SUCCESS |  
2019-09-04 11:46:17,156 | INFO  | DNAudit | user=null | ip=null | op=WRITE_CHUNK {blockData=conID: 3 locID: 102734074813022758 bcsId: 0} | ret=SUCCESS |  
2019-09-04 11:46:17,156 | INFO  | DNAudit | user=null | ip=null | op=PUT_BLOCK {blockData=[blockId=conID: 3 locID: 102734074813022758 bcsId: 0,size=2097152]} | ret=SUCCESS |  
2019-09-04 11:46:17,161 | INFO  | DNAudit | user=null | ip=null | op=WRITE_CHUNK {blockData=conID: 3 locID: 102734074813022758 bcsId: 3038} | ret=SUCCESS |  
2019-09-04 11:46:17,165 | INFO  | DNAudit | user=null | ip=null | op=WRITE_CHUNK {blockData=conID: 3 locID: 102734074813022758 bcsId: 3038} | ret=SUCCESS |  
2019-09-04 11:46:17,165 | INFO  | DNAudit | user=null | ip=null | op=WRITE_CHUNK {blockData=conID: 3 locID: 102734074813022758 bcsId: 3038} | ret=SUCCESS |  
2019-09-04 11:46:17,181 | INFO  | DNAudit | user=null | ip=null | op=WRITE_CHUNK {blockData=conID: 3 locID: 102734074813022758 bcsId: 3038} | ret=SUCCESS |  
2019-09-04 11:46:17,182 | INFO  | DNAudit | user=null | ip=null | op=PUT_BLOCK {blockData=[blockId=conID: 3 locID: 102734074813022758 bcsId: 0,size=3145728]} | ret=SUCCESS |  
2019-09-04 11:46:17,182 [grpc-default-executor-0] INFO  client.GrpcClientProtocolClient (GrpcClientProtocolClient.java:onNext(255)) - client-D5CE890D7D9E->efcb8ff8-f060-4d95-9215-d0f5eb4af037: receive RaftClientReply:client-D5CE890D7D9E->efcb8ff8-f060-4d95-9215-d0f5eb4af037@group-0959F8DF43ED, cid=2069, SUCCESS, logIndex=3043, commits[efcb8ff8-f060-4d95-9215-d0f5eb4af037:c3044, 6fae8b02-e804-4c0e-b729-a97b7404b7f6:c3042, 4c3e8a66-6975-4917-8225-d3efe707aaff:c3042]
2019-09-04 11:46:17,183 [grpc-default-executor-0] INFO  client.GrpcClientProtocolClient (GrpcClientProtocolClient.java:onNext(255)) - client-D5CE890D7D9E->efcb8ff8-f060-4d95-9215-d0f5eb4af037: receive RaftClientReply:client-D5CE890D7D9E->efcb8ff8-f060-4d95-9215-d0f5eb4af037@group-0959F8DF43ED, cid=2070, SUCCESS, logIndex=3044, commits[efcb8ff8-f060-4d95-9215-d0f5eb4af037:c3044, 6fae8b02-e804-4c0e-b729-a97b7404b7f6:c3042, 4c3e8a66-6975-4917-8225-d3efe707aaff:c3042]
2019-09-04 11:46:17,189 | INFO  | DNAudit | user=null | ip=null | op=WRITE_CHUNK {blockData=conID: 3 locID: 102734074813022758 bcsId: 3044} | ret=SUCCESS |  
2019-09-04 11:46:17,192 | INFO  | DNAudit | user=null | ip=null | op=WRITE_CHUNK {blockData=conID: 3 locID: 102734074813022758 bcsId: 3044} | ret=SUCCESS |  
2019-09-04 11:46:17,193 | INFO  | DNAudit | user=null | ip=null | op=WRITE_CHUNK {blockData=conID: 3 locID: 102734074813022758 bcsId: 3044} | ret=SUCCESS |  
2019-09-04 11:46:17,200 | INFO  | DNAudit | user=null | ip=null | op=WRITE_CHUNK {blockData=conID: 3 locID: 102734074813022758 bcsId: 3038} | ret=SUCCESS |  
2019-09-04 11:46:17,200 | INFO  | DNAudit | user=null | ip=null | op=WRITE_CHUNK {blockData=conID: 3 locID: 102734074813022758 bcsId: 3038} | ret=SUCCESS |  
2019-09-04 11:46:17,220 | INFO  | DNAudit | user=null | ip=null | op=PUT_BLOCK {blockData=[blockId=conID: 3 locID: 102734074813022758 bcsId: 0,size=3145728]} | ret=SUCCESS |  
2019-09-04 11:46:17,220 | INFO  | DNAudit | user=null | ip=null | op=PUT_BLOCK {blockData=[blockId=conID: 3 locID: 102734074813022758 bcsId: 0,size=3145728]} | ret=SUCCESS |  
2019-09-04 11:46:17,220 | INFO  | DNAudit | user=null | ip=null | op=WRITE_CHUNK {blockData=conID: 3 locID: 102734074813022758 bcsId: 3044} | ret=SUCCESS |  
2019-09-04 11:46:17,220 | INFO  | DNAudit | user=null | ip=null | op=PUT_BLOCK {blockData=[blockId=conID: 3 locID: 102734074813022758 bcsId: 0,size=4194304]} | ret=SUCCESS |  
2019-09-04 11:46:17,221 [grpc-default-executor-1] INFO  client.GrpcClientProtocolClient (GrpcClientProtocolClient.java:onNext(255)) - client-D5CE890D7D9E->efcb8ff8-f060-4d95-9215-d0f5eb4af037: receive RaftClientReply:client-D5CE890D7D9E->efcb8ff8-f060-4d95-9215-d0f5eb4af037@group-0959F8DF43ED, cid=2071, SUCCESS, logIndex=3047, commits[efcb8ff8-f060-4d95-9215-d0f5eb4af037:c3048, 6fae8b02-e804-4c0e-b729-a97b7404b7f6:c3044, 4c3e8a66-6975-4917-8225-d3efe707aaff:c3044]
2019-09-04 11:46:17,221 [grpc-default-executor-1] INFO  client.GrpcClientProtocolClient (GrpcClientProtocolClient.java:onNext(255)) - client-D5CE890D7D9E->efcb8ff8-f060-4d95-9215-d0f5eb4af037: receive RaftClientReply:client-D5CE890D7D9E->efcb8ff8-f060-4d95-9215-d0f5eb4af037@group-0959F8DF43ED, cid=2072, SUCCESS, logIndex=3048, commits[efcb8ff8-f060-4d95-9215-d0f5eb4af037:c3048, 6fae8b02-e804-4c0e-b729-a97b7404b7f6:c3044, 4c3e8a66-6975-4917-8225-d3efe707aaff:c3044]
2019-09-04 11:46:17,238 | INFO  | DNAudit | user=null | ip=null | op=WRITE_CHUNK {blockData=conID: 3 locID: 102734074813022758 bcsId: 3044} | ret=SUCCESS |  
2019-09-04 11:46:17,239 | INFO  | DNAudit | user=null | ip=null | op=WRITE_CHUNK {blockData=conID: 3 locID: 102734074813022758 bcsId: 3044} | ret=SUCCESS |  
2019-09-04 11:46:17,240 | INFO  | DNAudit | user=null | ip=null | op=PUT_BLOCK {blockData=[blockId=conID: 3 locID: 102734074813022758 bcsId: 0,size=4194304]} | ret=SUCCESS |  
2019-09-04 11:46:17,240 | INFO  | DNAudit | user=null | ip=null | op=PUT_BLOCK {blockData=[blockId=conID: 3 locID: 102734074813022758 bcsId: 0,size=4194304]} | ret=SUCCESS |  
2019-09-04 11:46:17,240 [grpc-default-executor-0] INFO  client.GrpcClientProtocolClient (GrpcClientProtocolClient.java:onNext(255)) - client-D5CE890D7D9E->efcb8ff8-f060-4d95-9215-d0f5eb4af037: receive RaftClientReply:client-D5CE890D7D9E->efcb8ff8-f060-4d95-9215-d0f5eb4af037@group-0959F8DF43ED, cid=2073, SUCCESS, logIndex=0, commits[efcb8ff8-f060-4d95-9215-d0f5eb4af037:c3050, 6fae8b02-e804-4c0e-b729-a97b7404b7f6:c3048, 4c3e8a66-6975-4917-8225-d3efe707aaff:c3048]
2019-09-04 11:46:17,244 | INFO  | SCMAudit | user=jenkins1000 | ip=192.168.36.67 | op=ALLOCATE_BLOCK {owner=8ab292a2-aaa7-4ad8-863a-d33994811155, size=4194304, type=RATIS, factor=THREE} | ret=SUCCESS |  
2019-09-04 11:46:17,247 | INFO  | OMAudit | user=jenkins1000 | ip=127.0.0.1 | op=ALLOCATE_BLOCK {volume=vol-0-58699, bucket=bucket-0-57464, key=key-0-37266, dataSize=0, replicationType=null, replicationFactor=null, keyLocationInfo=null, clientID=102734073355960722} | ret=SUCCESS |  
2019-09-04 11:46:17,253 | INFO  | DNAudit | user=null | ip=null | op=WRITE_CHUNK {blockData=conID: 1 locID: 102734074822263335 bcsId: 0} | ret=SUCCESS |  
2019-09-04 11:46:17,255 | INFO  | DNAudit | user=null | ip=null | op=WRITE_CHUNK {blockData=conID: 1 locID: 102734074822263335 bcsId: 0} | ret=SUCCESS |  
2019-09-04 11:46:17,256 | INFO  | DNAudit | user=null | ip=null | op=WRITE_CHUNK {blockData=conID: 1 locID: 102734074822263335 bcsId: 0} | ret=SUCCESS |  
2019-09-04 11:46:17,256 | INFO  | DNAudit | user=null | ip=null | op=WRITE_CHUNK {blockData=conID: 1 locID: 102734074822263335 bcsId: 0} | ret=SUCCESS |  
2019-09-04 11:46:17,258 | INFO  | DNAudit | user=null | ip=null | op=WRITE_CHUNK {blockData=conID: 1 locID: 102734074822263335 bcsId: 0} | ret=SUCCESS |  
2019-09-04 11:46:17,258 | INFO  | DNAudit | user=null | ip=null | op=WRITE_CHUNK {blockData=conID: 1 locID: 102734074822263335 bcsId: 0} | ret=SUCCESS |  
2019-09-04 11:46:17,268 | INFO  | DNAudit | user=null | ip=null | op=WRITE_CHUNK {blockData=conID: 1 locID: 102734074822263335 bcsId: 0} | ret=SUCCESS |  
2019-09-04 11:46:17,268 | INFO  | DNAudit | user=null | ip=null | op=PUT_BLOCK {blockData=[blockId=conID: 1 locID: 102734074822263335 bcsId: 0,size=1048576]} | ret=SUCCESS |  
2019-09-04 11:46:17,268 [grpc-default-executor-5] INFO  client.GrpcClientProtocolClient (GrpcClientProtocolClient.java:onNext(255)) - client-D5CE890D7D9E->efcb8ff8-f060-4d95-9215-d0f5eb4af037: receive RaftClientReply:client-D5CE890D7D9E->efcb8ff8-f060-4d95-9215-d0f5eb4af037@group-0959F8DF43ED, cid=2074, SUCCESS, logIndex=3051, commits[efcb8ff8-f060-4d95-9215-d0f5eb4af037:c3052, 6fae8b02-e804-4c0e-b729-a97b7404b7f6:c3050, 4c3e8a66-6975-4917-8225-d3efe707aaff:c3050]
2019-09-04 11:46:17,269 [grpc-default-executor-5] INFO  client.GrpcClientProtocolClient (GrpcClientProtocolClient.java:onNext(255)) - client-D5CE890D7D9E->efcb8ff8-f060-4d95-9215-d0f5eb4af037: receive RaftClientReply:client-D5CE890D7D9E->efcb8ff8-f060-4d95-9215-d0f5eb4af037@group-0959F8DF43ED, cid=2075, SUCCESS, logIndex=3052, commits[efcb8ff8-f060-4d95-9215-d0f5eb4af037:c3052, 6fae8b02-e804-4c0e-b729-a97b7404b7f6:c3050, 4c3e8a66-6975-4917-8225-d3efe707aaff:c3050]
2019-09-04 11:46:17,292 | INFO  | DNAudit | user=null | ip=null | op=WRITE_CHUNK {blockData=conID: 1 locID: 102734074822263335 bcsId: 0} | ret=SUCCESS |  
2019-09-04 11:46:17,292 | INFO  | DNAudit | user=null | ip=null | op=PUT_BLOCK {blockData=[blockId=conID: 1 locID: 102734074822263335 bcsId: 0,size=2097152]} | ret=SUCCESS |  
2019-09-04 11:46:17,293 | INFO  | DNAudit | user=null | ip=null | op=WRITE_CHUNK {blockData=conID: 1 locID: 102734074822263335 bcsId: 0} | ret=SUCCESS |  
2019-09-04 11:46:17,292 [grpc-default-executor-0] INFO  client.GrpcClientProtocolClient (GrpcClientProtocolClient.java:onNext(255)) - client-D5CE890D7D9E->efcb8ff8-f060-4d95-9215-d0f5eb4af037: receive RaftClientReply:client-D5CE890D7D9E->efcb8ff8-f060-4d95-9215-d0f5eb4af037@group-0959F8DF43ED, cid=2076, SUCCESS, logIndex=3053, commits[efcb8ff8-f060-4d95-9215-d0f5eb4af037:c3054, 6fae8b02-e804-4c0e-b729-a97b7404b7f6:c3050, 4c3e8a66-6975-4917-8225-d3efe707aaff:c3050]
2019-09-04 11:46:17,293 | INFO  | DNAudit | user=null | ip=null | op=PUT_BLOCK {blockData=[blockId=conID: 1 locID: 102734074822263335 bcsId: 0,size=1048576]} | ret=SUCCESS |  
2019-09-04 11:46:17,293 [grpc-default-executor-0] INFO  client.GrpcClientProtocolClient (GrpcClientProtocolClient.java:onNext(255)) - client-D5CE890D7D9E->efcb8ff8-f060-4d95-9215-d0f5eb4af037: receive RaftClientReply:client-D5CE890D7D9E->efcb8ff8-f060-4d95-9215-d0f5eb4af037@group-0959F8DF43ED, cid=2077, SUCCESS, logIndex=3054, commits[efcb8ff8-f060-4d95-9215-d0f5eb4af037:c3054, 6fae8b02-e804-4c0e-b729-a97b7404b7f6:c3050, 4c3e8a66-6975-4917-8225-d3efe707aaff:c3050]
2019-09-04 11:46:17,293 | INFO  | DNAudit | user=null | ip=null | op=WRITE_CHUNK {blockData=conID: 1 locID: 102734074822263335 bcsId: 0} | ret=SUCCESS |  
2019-09-04 11:46:17,294 | INFO  | DNAudit | user=null | ip=null | op=PUT_BLOCK {blockData=[blockId=conID: 1 locID: 102734074822263335 bcsId: 0,size=1048576]} | ret=SUCCESS |  
2019-09-04 11:46:17,294 | INFO  | DNAudit | user=null | ip=null | op=WRITE_CHUNK {blockData=conID: 1 locID: 102734074822263335 bcsId: 0} | ret=SUCCESS |  
2019-09-04 11:46:17,294 | INFO  | DNAudit | user=null | ip=null | op=PUT_BLOCK {blockData=[blockId=conID: 1 locID: 102734074822263335 bcsId: 0,size=2097152]} | ret=SUCCESS |  
2019-09-04 11:46:17,294 | INFO  | DNAudit | user=null | ip=null | op=WRITE_CHUNK {blockData=conID: 1 locID: 102734074822263335 bcsId: 0} | ret=SUCCESS |  
2019-09-04 11:46:17,294 [grpc-default-executor-0] INFO  client.GrpcClientProtocolClient (GrpcClientProtocolClient.java:onNext(255)) - client-D5CE890D7D9E->efcb8ff8-f060-4d95-9215-d0f5eb4af037: receive RaftClientReply:client-D5CE890D7D9E->efcb8ff8-f060-4d95-9215-d0f5eb4af037@group-0959F8DF43ED, cid=2078, SUCCESS, logIndex=0, commits[efcb8ff8-f060-4d95-9215-d0f5eb4af037:c3056, 6fae8b02-e804-4c0e-b729-a97b7404b7f6:c3052, 4c3e8a66-6975-4917-8225-d3efe707aaff:c3052]
2019-09-04 11:46:17,295 | INFO  | DNAudit | user=null | ip=null | op=PUT_BLOCK {blockData=[blockId=conID: 1 locID: 102734074822263335 bcsId: 0,size=2097152]} | ret=SUCCESS |  
2019-09-04 11:46:17,300 | INFO  | DNAudit | user=null | ip=null | op=WRITE_CHUNK {blockData=conID: 1 locID: 102734074822263335 bcsId: 3054} | ret=SUCCESS |  
2019-09-04 11:46:17,303 | INFO  | DNAudit | user=null | ip=null | op=WRITE_CHUNK {blockData=conID: 1 locID: 102734074822263335 bcsId: 3054} | ret=SUCCESS |  
2019-09-04 11:46:17,303 | INFO  | DNAudit | user=null | ip=null | op=WRITE_CHUNK {blockData=conID: 1 locID: 102734074822263335 bcsId: 3054} | ret=SUCCESS |  
2019-09-04 11:46:17,316 | INFO  | DNAudit | user=null | ip=null | op=WRITE_CHUNK {blockData=conID: 1 locID: 102734074822263335 bcsId: 3054} | ret=SUCCESS |  
2019-09-04 11:46:17,316 | INFO  | DNAudit | user=null | ip=null | op=PUT_BLOCK {blockData=[blockId=conID: 1 locID: 102734074822263335 bcsId: 0,size=3145728]} | ret=SUCCESS |  
2019-09-04 11:46:17,317 [grpc-default-executor-6] INFO  client.GrpcClientProtocolClient (GrpcClientProtocolClient.java:onNext(255)) - client-D5CE890D7D9E->efcb8ff8-f060-4d95-9215-d0f5eb4af037: receive RaftClientReply:client-D5CE890D7D9E->efcb8ff8-f060-4d95-9215-d0f5eb4af037@group-0959F8DF43ED, cid=2079, SUCCESS, logIndex=3059, commits[efcb8ff8-f060-4d95-9215-d0f5eb4af037:c3060, 6fae8b02-e804-4c0e-b729-a97b7404b7f6:c3058, 4c3e8a66-6975-4917-8225-d3efe707aaff:c3058]
2019-09-04 11:46:17,317 [grpc-default-executor-6] INFO  client.GrpcClientProtocolClient (GrpcClientProtocolClient.java:onNext(255)) - client-D5CE890D7D9E->efcb8ff8-f060-4d95-9215-d0f5eb4af037: receive RaftClientReply:client-D5CE890D7D9E->efcb8ff8-f060-4d95-9215-d0f5eb4af037@group-0959F8DF43ED, cid=2080, SUCCESS, logIndex=3060, commits[efcb8ff8-f060-4d95-9215-d0f5eb4af037:c3060, 6fae8b02-e804-4c0e-b729-a97b7404b7f6:c3058, 4c3e8a66-6975-4917-8225-d3efe707aaff:c3058]
2019-09-04 11:46:17,323 | INFO  | DNAudit | user=null | ip=null | op=WRITE_CHUNK {blockData=conID: 1 locID: 102734074822263335 bcsId: 3060} | ret=SUCCESS |  
2019-09-04 11:46:17,325 | INFO  | DNAudit | user=null | ip=null | op=WRITE_CHUNK {blockData=conID: 1 locID: 102734074822263335 bcsId: 3060} | ret=SUCCESS |  
2019-09-04 11:46:17,325 | INFO  | DNAudit | user=null | ip=null | op=WRITE_CHUNK {blockData=conID: 1 locID: 102734074822263335 bcsId: 3060} | ret=SUCCESS |  
2019-09-04 11:46:17,341 | INFO  | DNAudit | user=null | ip=null | op=WRITE_CHUNK {blockData=conID: 1 locID: 102734074822263335 bcsId: 3054} | ret=SUCCESS |  
2019-09-04 11:46:17,341 | INFO  | DNAudit | user=null | ip=null | op=WRITE_CHUNK {blockData=conID: 1 locID: 102734074822263335 bcsId: 3054} | ret=SUCCESS |  
2019-09-04 11:46:17,341 | INFO  | DNAudit | user=null | ip=null | op=PUT_BLOCK {blockData=[blockId=conID: 1 locID: 102734074822263335 bcsId: 0,size=3145728]} | ret=SUCCESS |  
2019-09-04 11:46:17,341 | INFO  | DNAudit | user=null | ip=null | op=PUT_BLOCK {blockData=[blockId=conID: 1 locID: 102734074822263335 bcsId: 0,size=3145728]} | ret=SUCCESS |  
2019-09-04 11:46:17,369 | INFO  | DNAudit | user=null | ip=null | op=WRITE_CHUNK {blockData=conID: 1 locID: 102734074822263335 bcsId: 3060} | ret=SUCCESS |  
2019-09-04 11:46:17,369 | INFO  | DNAudit | user=null | ip=null | op=PUT_BLOCK {blockData=[blockId=conID: 1 locID: 102734074822263335 bcsId: 0,size=4194304]} | ret=SUCCESS |  
2019-09-04 11:46:17,369 [grpc-default-executor-5] INFO  client.GrpcClientProtocolClient (GrpcClientProtocolClient.java:onNext(255)) - client-D5CE890D7D9E->efcb8ff8-f060-4d95-9215-d0f5eb4af037: receive RaftClientReply:client-D5CE890D7D9E->efcb8ff8-f060-4d95-9215-d0f5eb4af037@group-0959F8DF43ED, cid=2081, SUCCESS, logIndex=3063, commits[efcb8ff8-f060-4d95-9215-d0f5eb4af037:c3064, 6fae8b02-e804-4c0e-b729-a97b7404b7f6:c3060, 4c3e8a66-6975-4917-8225-d3efe707aaff:c3060]
2019-09-04 11:46:17,370 [grpc-default-executor-5] INFO  client.GrpcClientProtocolClient (GrpcClientProtocolClient.java:onNext(255)) - client-D5CE890D7D9E->efcb8ff8-f060-4d95-9215-d0f5eb4af037: receive RaftClientReply:client-D5CE890D7D9E->efcb8ff8-f060-4d95-9215-d0f5eb4af037@group-0959F8DF43ED, cid=2082, SUCCESS, logIndex=3064, commits[efcb8ff8-f060-4d95-9215-d0f5eb4af037:c3064, 6fae8b02-e804-4c0e-b729-a97b7404b7f6:c3060, 4c3e8a66-6975-4917-8225-d3efe707aaff:c3060]
2019-09-04 11:46:17,389 | INFO  | DNAudit | user=null | ip=null | op=WRITE_CHUNK {blockData=conID: 1 locID: 102734074822263335 bcsId: 3060} | ret=SUCCESS |  
2019-09-04 11:46:17,389 | INFO  | DNAudit | user=null | ip=null | op=WRITE_CHUNK {blockData=conID: 1 locID: 102734074822263335 bcsId: 3060} | ret=SUCCESS |  
2019-09-04 11:46:17,390 | INFO  | DNAudit | user=null | ip=null | op=PUT_BLOCK {blockData=[blockId=conID: 1 locID: 102734074822263335 bcsId: 0,size=4194304]} | ret=SUCCESS |  
2019-09-04 11:46:17,390 | INFO  | DNAudit | user=null | ip=null | op=PUT_BLOCK {blockData=[blockId=conID: 1 locID: 102734074822263335 bcsId: 0,size=4194304]} | ret=SUCCESS |  
2019-09-04 11:46:17,391 [grpc-default-executor-0] INFO  client.GrpcClientProtocolClient (GrpcClientProtocolClient.java:onNext(255)) - client-D5CE890D7D9E->efcb8ff8-f060-4d95-9215-d0f5eb4af037: receive RaftClientReply:client-D5CE890D7D9E->efcb8ff8-f060-4d95-9215-d0f5eb4af037@group-0959F8DF43ED, cid=2083, SUCCESS, logIndex=0, commits[efcb8ff8-f060-4d95-9215-d0f5eb4af037:c3066, 6fae8b02-e804-4c0e-b729-a97b7404b7f6:c3064, 4c3e8a66-6975-4917-8225-d3efe707aaff:c3064]
2019-09-04 11:46:17,395 | INFO  | SCMAudit | user=jenkins1000 | ip=192.168.36.67 | op=ALLOCATE_BLOCK {owner=8ab292a2-aaa7-4ad8-863a-d33994811155, size=4194304, type=RATIS, factor=THREE} | ret=SUCCESS |  
2019-09-04 11:46:17,397 | INFO  | OMAudit | user=jenkins1000 | ip=127.0.0.1 | op=ALLOCATE_BLOCK {volume=vol-0-58699, bucket=bucket-0-57464, key=key-0-37266, dataSize=0, replicationType=null, replicationFactor=null, keyLocationInfo=null, clientID=102734073355960722} | ret=SUCCESS |  
2019-09-04 11:46:17,404 | INFO  | DNAudit | user=null | ip=null | op=WRITE_CHUNK {blockData=conID: 2 locID: 102734074832159272 bcsId: 0} | ret=SUCCESS |  
2019-09-04 11:46:17,406 | INFO  | DNAudit | user=null | ip=null | op=WRITE_CHUNK {blockData=conID: 2 locID: 102734074832159272 bcsId: 0} | ret=SUCCESS |  
2019-09-04 11:46:17,406 | INFO  | DNAudit | user=null | ip=null | op=WRITE_CHUNK {blockData=conID: 2 locID: 102734074832159272 bcsId: 0} | ret=SUCCESS |  
2019-09-04 11:46:17,407 | INFO  | DNAudit | user=null | ip=null | op=WRITE_CHUNK {blockData=conID: 2 locID: 102734074832159272 bcsId: 0} | ret=SUCCESS |  
2019-09-04 11:46:17,408 | INFO  | DNAudit | user=null | ip=null | op=WRITE_CHUNK {blockData=conID: 2 locID: 102734074832159272 bcsId: 0} | ret=SUCCESS |  
2019-09-04 11:46:17,409 | INFO  | DNAudit | user=null | ip=null | op=WRITE_CHUNK {blockData=conID: 2 locID: 102734074832159272 bcsId: 0} | ret=SUCCESS |  
2019-09-04 11:46:17,410 | INFO  | DNAudit | user=null | ip=null | op=WRITE_CHUNK {blockData=conID: 2 locID: 102734074832159272 bcsId: 0} | ret=SUCCESS |  
2019-09-04 11:46:17,410 | INFO  | DNAudit | user=null | ip=null | op=PUT_BLOCK {blockData=[blockId=conID: 2 locID: 102734074832159272 bcsId: 0,size=1048576]} | ret=SUCCESS |  
2019-09-04 11:46:17,411 [grpc-default-executor-0] INFO  client.GrpcClientProtocolClient (GrpcClientProtocolClient.java:onNext(255)) - client-D5CE890D7D9E->efcb8ff8-f060-4d95-9215-d0f5eb4af037: receive RaftClientReply:client-D5CE890D7D9E->efcb8ff8-f060-4d95-9215-d0f5eb4af037@group-0959F8DF43ED, cid=2084, SUCCESS, logIndex=3067, commits[efcb8ff8-f060-4d95-9215-d0f5eb4af037:c3068, 6fae8b02-e804-4c0e-b729-a97b7404b7f6:c3066, 4c3e8a66-6975-4917-8225-d3efe707aaff:c3066]
2019-09-04 11:46:17,411 [grpc-default-executor-0] INFO  client.GrpcClientProtocolClient (GrpcClientProtocolClient.java:onNext(255)) - client-D5CE890D7D9E->efcb8ff8-f060-4d95-9215-d0f5eb4af037: receive RaftClientReply:client-D5CE890D7D9E->efcb8ff8-f060-4d95-9215-d0f5eb4af037@group-0959F8DF43ED, cid=2085, SUCCESS, logIndex=3068, commits[efcb8ff8-f060-4d95-9215-d0f5eb4af037:c3068, 6fae8b02-e804-4c0e-b729-a97b7404b7f6:c3066, 4c3e8a66-6975-4917-8225-d3efe707aaff:c3066]
2019-09-04 11:46:17,433 | INFO  | DNAudit | user=null | ip=null | op=WRITE_CHUNK {blockData=conID: 2 locID: 102734074832159272 bcsId: 0} | ret=SUCCESS |  
2019-09-04 11:46:17,434 | INFO  | DNAudit | user=null | ip=null | op=PUT_BLOCK {blockData=[blockId=conID: 2 locID: 102734074832159272 bcsId: 0,size=2097152]} | ret=SUCCESS |  
2019-09-04 11:46:17,434 [grpc-default-executor-0] INFO  client.GrpcClientProtocolClient (GrpcClientProtocolClient.java:onNext(255)) - client-D5CE890D7D9E->efcb8ff8-f060-4d95-9215-d0f5eb4af037: receive RaftClientReply:client-D5CE890D7D9E->efcb8ff8-f060-4d95-9215-d0f5eb4af037@group-0959F8DF43ED, cid=2086, SUCCESS, logIndex=3069, commits[efcb8ff8-f060-4d95-9215-d0f5eb4af037:c3070, 6fae8b02-e804-4c0e-b729-a97b7404b7f6:c3066, 4c3e8a66-6975-4917-8225-d3efe707aaff:c3066]
2019-09-04 11:46:17,434 [grpc-default-executor-0] INFO  client.GrpcClientProtocolClient (GrpcClientProtocolClient.java:onNext(255)) - client-D5CE890D7D9E->efcb8ff8-f060-4d95-9215-d0f5eb4af037: receive RaftClientReply:client-D5CE890D7D9E->efcb8ff8-f060-4d95-9215-d0f5eb4af037@group-0959F8DF43ED, cid=2087, SUCCESS, logIndex=3070, commits[efcb8ff8-f060-4d95-9215-d0f5eb4af037:c3070, 6fae8b02-e804-4c0e-b729-a97b7404b7f6:c3066, 4c3e8a66-6975-4917-8225-d3efe707aaff:c3066]
2019-09-04 11:46:17,453 | INFO  | DNAudit | user=null | ip=null | op=WRITE_CHUNK {blockData=conID: 2 locID: 102734074832159272 bcsId: 0} | ret=SUCCESS |  
2019-09-04 11:46:17,453 | INFO  | DNAudit | user=null | ip=null | op=PUT_BLOCK {blockData=[blockId=conID: 2 locID: 102734074832159272 bcsId: 0,size=1048576]} | ret=SUCCESS |  
2019-09-04 11:46:17,453 | INFO  | DNAudit | user=null | ip=null | op=WRITE_CHUNK {blockData=conID: 2 locID: 102734074832159272 bcsId: 0} | ret=SUCCESS |  
2019-09-04 11:46:17,454 | INFO  | DNAudit | user=null | ip=null | op=PUT_BLOCK {blockData=[blockId=conID: 2 locID: 102734074832159272 bcsId: 0,size=1048576]} | ret=SUCCESS |  
2019-09-04 11:46:17,454 [grpc-default-executor-0] INFO  client.GrpcClientProtocolClient (GrpcClientProtocolClient.java:onNext(255)) - client-D5CE890D7D9E->efcb8ff8-f060-4d95-9215-d0f5eb4af037: receive RaftClientReply:client-D5CE890D7D9E->efcb8ff8-f060-4d95-9215-d0f5eb4af037@group-0959F8DF43ED, cid=2088, SUCCESS, logIndex=0, commits[efcb8ff8-f060-4d95-9215-d0f5eb4af037:c3072, 6fae8b02-e804-4c0e-b729-a97b7404b7f6:c3068, 4c3e8a66-6975-4917-8225-d3efe707aaff:c3068]
2019-09-04 11:46:17,460 | INFO  | DNAudit | user=null | ip=null | op=WRITE_CHUNK {blockData=conID: 2 locID: 102734074832159272 bcsId: 3070} | ret=SUCCESS |  
2019-09-04 11:46:17,462 | INFO  | DNAudit | user=null | ip=null | op=WRITE_CHUNK {blockData=conID: 2 locID: 102734074832159272 bcsId: 3070} | ret=SUCCESS |  
2019-09-04 11:46:17,462 | INFO  | DNAudit | user=null | ip=null | op=WRITE_CHUNK {blockData=conID: 2 locID: 102734074832159272 bcsId: 3070} | ret=SUCCESS |  
2019-09-04 11:46:17,479 | INFO  | DNAudit | user=null | ip=null | op=WRITE_CHUNK {blockData=conID: 2 locID: 102734074832159272 bcsId: 0} | ret=SUCCESS |  
2019-09-04 11:46:17,479 | INFO  | DNAudit | user=null | ip=null | op=PUT_BLOCK {blockData=[blockId=conID: 2 locID: 102734074832159272 bcsId: 0,size=2097152]} | ret=SUCCESS |  
2019-09-04 11:46:17,479 | INFO  | DNAudit | user=null | ip=null | op=WRITE_CHUNK {blockData=conID: 2 locID: 102734074832159272 bcsId: 0} | ret=SUCCESS |  
2019-09-04 11:46:17,480 | INFO  | DNAudit | user=null | ip=null | op=PUT_BLOCK {blockData=[blockId=conID: 2 locID: 102734074832159272 bcsId: 0,size=2097152]} | ret=SUCCESS |  
2019-09-04 11:46:17,502 | INFO  | DNAudit | user=null | ip=null | op=WRITE_CHUNK {blockData=conID: 2 locID: 102734074832159272 bcsId: 3070} | ret=SUCCESS |  
2019-09-04 11:46:17,502 | INFO  | DNAudit | user=null | ip=null | op=PUT_BLOCK {blockData=[blockId=conID: 2 locID: 102734074832159272 bcsId: 0,size=3145728]} | ret=SUCCESS |  
2019-09-04 11:46:17,502 [grpc-default-executor-5] INFO  client.GrpcClientProtocolClient (GrpcClientProtocolClient.java:onNext(255)) - client-D5CE890D7D9E->efcb8ff8-f060-4d95-9215-d0f5eb4af037: receive RaftClientReply:client-D5CE890D7D9E->efcb8ff8-f060-4d95-9215-d0f5eb4af037@group-0959F8DF43ED, cid=2089, SUCCESS, logIndex=3075, commits[efcb8ff8-f060-4d95-9215-d0f5eb4af037:c3076, 6fae8b02-e804-4c0e-b729-a97b7404b7f6:c3072, 4c3e8a66-6975-4917-8225-d3efe707aaff:c3072]
2019-09-04 11:46:17,503 [grpc-default-executor-5] INFO  client.GrpcClientProtocolClient (GrpcClientProtocolClient.java:onNext(255)) - client-D5CE890D7D9E->efcb8ff8-f060-4d95-9215-d0f5eb4af037: receive RaftClientReply:client-D5CE890D7D9E->efcb8ff8-f060-4d95-9215-d0f5eb4af037@group-0959F8DF43ED, cid=2090, SUCCESS, logIndex=3076, commits[efcb8ff8-f060-4d95-9215-d0f5eb4af037:c3076, 6fae8b02-e804-4c0e-b729-a97b7404b7f6:c3072, 4c3e8a66-6975-4917-8225-d3efe707aaff:c3072]
2019-09-04 11:46:17,509 | INFO  | DNAudit | user=null | ip=null | op=WRITE_CHUNK {blockData=conID: 2 locID: 102734074832159272 bcsId: 3076} | ret=SUCCESS |  
2019-09-04 11:46:17,511 | INFO  | DNAudit | user=null | ip=null | op=WRITE_CHUNK {blockData=conID: 2 locID: 102734074832159272 bcsId: 3076} | ret=SUCCESS |  
2019-09-04 11:46:17,511 | INFO  | DNAudit | user=null | ip=null | op=WRITE_CHUNK {blockData=conID: 2 locID: 102734074832159272 bcsId: 3076} | ret=SUCCESS |  
2019-09-04 11:46:17,521 | INFO  | DNAudit | user=null | ip=null | op=WRITE_CHUNK {blockData=conID: 2 locID: 102734074832159272 bcsId: 3070} | ret=SUCCESS |  
2019-09-04 11:46:17,521 | INFO  | DNAudit | user=null | ip=null | op=WRITE_CHUNK {blockData=conID: 2 locID: 102734074832159272 bcsId: 3070} | ret=SUCCESS |  
2019-09-04 11:46:17,521 | INFO  | DNAudit | user=null | ip=null | op=PUT_BLOCK {blockData=[blockId=conID: 2 locID: 102734074832159272 bcsId: 0,size=3145728]} | ret=SUCCESS |  
2019-09-04 11:46:17,521 | INFO  | DNAudit | user=null | ip=null | op=PUT_BLOCK {blockData=[blockId=conID: 2 locID: 102734074832159272 bcsId: 0,size=3145728]} | ret=SUCCESS |  
2019-09-04 11:46:17,522 | INFO  | DNAudit | user=null | ip=null | op=WRITE_CHUNK {blockData=conID: 2 locID: 102734074832159272 bcsId: 3076} | ret=SUCCESS |  
2019-09-04 11:46:17,523 | INFO  | DNAudit | user=null | ip=null | op=PUT_BLOCK {blockData=[blockId=conID: 2 locID: 102734074832159272 bcsId: 0,size=4194304]} | ret=SUCCESS |  
2019-09-04 11:46:17,523 [grpc-default-executor-6] INFO  client.GrpcClientProtocolClient (GrpcClientProtocolClient.java:onNext(255)) - client-D5CE890D7D9E->efcb8ff8-f060-4d95-9215-d0f5eb4af037: receive RaftClientReply:client-D5CE890D7D9E->efcb8ff8-f060-4d95-9215-d0f5eb4af037@group-0959F8DF43ED, cid=2091, SUCCESS, logIndex=3079, commits[efcb8ff8-f060-4d95-9215-d0f5eb4af037:c3080, 6fae8b02-e804-4c0e-b729-a97b7404b7f6:c3076, 4c3e8a66-6975-4917-8225-d3efe707aaff:c3076]
2019-09-04 11:46:17,523 [grpc-default-executor-6] INFO  client.GrpcClientProtocolClient (GrpcClientProtocolClient.java:onNext(255)) - client-D5CE890D7D9E->efcb8ff8-f060-4d95-9215-d0f5eb4af037: receive RaftClientReply:client-D5CE890D7D9E->efcb8ff8-f060-4d95-9215-d0f5eb4af037@group-0959F8DF43ED, cid=2092, SUCCESS, logIndex=3080, commits[efcb8ff8-f060-4d95-9215-d0f5eb4af037:c3080, 6fae8b02-e804-4c0e-b729-a97b7404b7f6:c3076, 4c3e8a66-6975-4917-8225-d3efe707aaff:c3076]
2019-09-04 11:46:17,540 | INFO  | DNAudit | user=null | ip=null | op=WRITE_CHUNK {blockData=conID: 2 locID: 102734074832159272 bcsId: 3076} | ret=SUCCESS |  
2019-09-04 11:46:17,540 | INFO  | DNAudit | user=null | ip=null | op=WRITE_CHUNK {blockData=conID: 2 locID: 102734074832159272 bcsId: 3076} | ret=SUCCESS |  
2019-09-04 11:46:17,540 | INFO  | DNAudit | user=null | ip=null | op=PUT_BLOCK {blockData=[blockId=conID: 2 locID: 102734074832159272 bcsId: 0,size=4194304]} | ret=SUCCESS |  
2019-09-04 11:46:17,540 | INFO  | DNAudit | user=null | ip=null | op=PUT_BLOCK {blockData=[blockId=conID: 2 locID: 102734074832159272 bcsId: 0,size=4194304]} | ret=SUCCESS |  
2019-09-04 11:46:17,541 [grpc-default-executor-0] INFO  client.GrpcClientProtocolClient (GrpcClientProtocolClient.java:onNext(255)) - client-D5CE890D7D9E->efcb8ff8-f060-4d95-9215-d0f5eb4af037: receive RaftClientReply:client-D5CE890D7D9E->efcb8ff8-f060-4d95-9215-d0f5eb4af037@group-0959F8DF43ED, cid=2093, SUCCESS, logIndex=0, commits[efcb8ff8-f060-4d95-9215-d0f5eb4af037:c3081, 6fae8b02-e804-4c0e-b729-a97b7404b7f6:c3080, 4c3e8a66-6975-4917-8225-d3efe707aaff:c3080]
2019-09-04 11:46:17,544 | INFO  | SCMAudit | user=jenkins1000 | ip=192.168.36.67 | op=ALLOCATE_BLOCK {owner=8ab292a2-aaa7-4ad8-863a-d33994811155, size=4194304, type=RATIS, factor=THREE} | ret=SUCCESS |  
2019-09-04 11:46:17,548 | INFO  | OMAudit | user=jenkins1000 | ip=127.0.0.1 | op=ALLOCATE_BLOCK {volume=vol-0-58699, bucket=bucket-0-57464, key=key-0-37266, dataSize=0, replicationType=null, replicationFactor=null, keyLocationInfo=null, clientID=102734073355960722} | ret=SUCCESS |  
2019-09-04 11:46:17,554 | INFO  | DNAudit | user=null | ip=null | op=WRITE_CHUNK {blockData=conID: 3 locID: 102734074841924137 bcsId: 0} | ret=SUCCESS |  
2019-09-04 11:46:17,556 | INFO  | DNAudit | user=null | ip=null | op=WRITE_CHUNK {blockData=conID: 3 locID: 102734074841924137 bcsId: 0} | ret=SUCCESS |  
2019-09-04 11:46:17,557 | INFO  | DNAudit | user=null | ip=null | op=WRITE_CHUNK {blockData=conID: 3 locID: 102734074841924137 bcsId: 0} | ret=SUCCESS |  
2019-09-04 11:46:17,557 | INFO  | DNAudit | user=null | ip=null | op=WRITE_CHUNK {blockData=conID: 3 locID: 102734074841924137 bcsId: 0} | ret=SUCCESS |  
2019-09-04 11:46:17,558 | INFO  | DNAudit | user=null | ip=null | op=WRITE_CHUNK {blockData=conID: 3 locID: 102734074841924137 bcsId: 0} | ret=SUCCESS |  
2019-09-04 11:46:17,558 | INFO  | DNAudit | user=null | ip=null | op=WRITE_CHUNK {blockData=conID: 3 locID: 102734074841924137 bcsId: 0} | ret=SUCCESS |  
2019-09-04 11:46:17,572 | INFO  | DNAudit | user=null | ip=null | op=WRITE_CHUNK {blockData=conID: 3 locID: 102734074841924137 bcsId: 0} | ret=SUCCESS |  
2019-09-04 11:46:17,572 | INFO  | DNAudit | user=null | ip=null | op=PUT_BLOCK {blockData=[blockId=conID: 3 locID: 102734074841924137 bcsId: 0,size=1048576]} | ret=SUCCESS |  
2019-09-04 11:46:17,573 | INFO  | DNAudit | user=null | ip=null | op=WRITE_CHUNK {blockData=conID: 3 locID: 102734074841924137 bcsId: 0} | ret=SUCCESS |  
2019-09-04 11:46:17,573 [grpc-default-executor-6] INFO  client.GrpcClientProtocolClient (GrpcClientProtocolClient.java:onNext(255)) - client-D5CE890D7D9E->efcb8ff8-f060-4d95-9215-d0f5eb4af037: receive RaftClientReply:client-D5CE890D7D9E->efcb8ff8-f060-4d95-9215-d0f5eb4af037@group-0959F8DF43ED, cid=2094, SUCCESS, logIndex=3083, commits[efcb8ff8-f060-4d95-9215-d0f5eb4af037:c3084, 6fae8b02-e804-4c0e-b729-a97b7404b7f6:c3082, 4c3e8a66-6975-4917-8225-d3efe707aaff:c3082]
2019-09-04 11:46:17,573 | INFO  | DNAudit | user=null | ip=null | op=PUT_BLOCK {blockData=[blockId=conID: 3 locID: 102734074841924137 bcsId: 0,size=2097152]} | ret=SUCCESS |  
2019-09-04 11:46:17,573 [grpc-default-executor-6] INFO  client.GrpcClientProtocolClient (GrpcClientProtocolClient.java:onNext(255)) - client-D5CE890D7D9E->efcb8ff8-f060-4d95-9215-d0f5eb4af037: receive RaftClientReply:client-D5CE890D7D9E->efcb8ff8-f060-4d95-9215-d0f5eb4af037@group-0959F8DF43ED, cid=2095, SUCCESS, logIndex=3084, commits[efcb8ff8-f060-4d95-9215-d0f5eb4af037:c3086, 6fae8b02-e804-4c0e-b729-a97b7404b7f6:c3082, 4c3e8a66-6975-4917-8225-d3efe707aaff:c3082]
2019-09-04 11:46:17,573 [grpc-default-executor-6] INFO  client.GrpcClientProtocolClient (GrpcClientProtocolClient.java:onNext(255)) - client-D5CE890D7D9E->efcb8ff8-f060-4d95-9215-d0f5eb4af037: receive RaftClientReply:client-D5CE890D7D9E->efcb8ff8-f060-4d95-9215-d0f5eb4af037@group-0959F8DF43ED, cid=2096, SUCCESS, logIndex=3085, commits[efcb8ff8-f060-4d95-9215-d0f5eb4af037:c3086, 6fae8b02-e804-4c0e-b729-a97b7404b7f6:c3082, 4c3e8a66-6975-4917-8225-d3efe707aaff:c3082]
2019-09-04 11:46:17,574 [grpc-default-executor-6] INFO  client.GrpcClientProtocolClient (GrpcClientProtocolClient.java:onNext(255)) - client-D5CE890D7D9E->efcb8ff8-f060-4d95-9215-d0f5eb4af037: receive RaftClientReply:client-D5CE890D7D9E->efcb8ff8-f060-4d95-9215-d0f5eb4af037@group-0959F8DF43ED, cid=2097, SUCCESS, logIndex=3086, commits[efcb8ff8-f060-4d95-9215-d0f5eb4af037:c3086, 6fae8b02-e804-4c0e-b729-a97b7404b7f6:c3082, 4c3e8a66-6975-4917-8225-d3efe707aaff:c3082]
2019-09-04 11:46:17,601 | INFO  | DNAudit | user=null | ip=null | op=WRITE_CHUNK {blockData=conID: 3 locID: 102734074841924137 bcsId: 0} | ret=SUCCESS |  
2019-09-04 11:46:17,602 | INFO  | DNAudit | user=null | ip=null | op=PUT_BLOCK {blockData=[blockId=conID: 3 locID: 102734074841924137 bcsId: 0,size=1048576]} | ret=SUCCESS |  
2019-09-04 11:46:17,602 | INFO  | DNAudit | user=null | ip=null | op=WRITE_CHUNK {blockData=conID: 3 locID: 102734074841924137 bcsId: 0} | ret=SUCCESS |  
2019-09-04 11:46:17,602 | INFO  | DNAudit | user=null | ip=null | op=PUT_BLOCK {blockData=[blockId=conID: 3 locID: 102734074841924137 bcsId: 0,size=1048576]} | ret=SUCCESS |  
2019-09-04 11:46:17,602 [grpc-default-executor-6] INFO  client.GrpcClientProtocolClient (GrpcClientProtocolClient.java:onNext(255)) - client-D5CE890D7D9E->efcb8ff8-f060-4d95-9215-d0f5eb4af037: receive RaftClientReply:client-D5CE890D7D9E->efcb8ff8-f060-4d95-9215-d0f5eb4af037@group-0959F8DF43ED, cid=2098, SUCCESS, logIndex=0, commits[efcb8ff8-f060-4d95-9215-d0f5eb4af037:c3087, 6fae8b02-e804-4c0e-b729-a97b7404b7f6:c3084, 4c3e8a66-6975-4917-8225-d3efe707aaff:c3084]
2019-09-04 11:46:17,602 | INFO  | DNAudit | user=null | ip=null | op=WRITE_CHUNK {blockData=conID: 3 locID: 102734074841924137 bcsId: 0} | ret=SUCCESS |  
2019-09-04 11:46:17,602 | INFO  | DNAudit | user=null | ip=null | op=WRITE_CHUNK {blockData=conID: 3 locID: 102734074841924137 bcsId: 0} | ret=SUCCESS |  
2019-09-04 11:46:17,602 | INFO  | DNAudit | user=null | ip=null | op=PUT_BLOCK {blockData=[blockId=conID: 3 locID: 102734074841924137 bcsId: 0,size=2097152]} | ret=SUCCESS |  
2019-09-04 11:46:17,603 | INFO  | DNAudit | user=null | ip=null | op=PUT_BLOCK {blockData=[blockId=conID: 3 locID: 102734074841924137 bcsId: 0,size=2097152]} | ret=SUCCESS |  
2019-09-04 11:46:17,608 | INFO  | DNAudit | user=null | ip=null | op=WRITE_CHUNK {blockData=conID: 3 locID: 102734074841924137 bcsId: 3086} | ret=SUCCESS |  
2019-09-04 11:46:17,610 | INFO  | DNAudit | user=null | ip=null | op=WRITE_CHUNK {blockData=conID: 3 locID: 102734074841924137 bcsId: 3086} | ret=SUCCESS |  
2019-09-04 11:46:17,611 | INFO  | DNAudit | user=null | ip=null | op=WRITE_CHUNK {blockData=conID: 3 locID: 102734074841924137 bcsId: 3086} | ret=SUCCESS |  
2019-09-04 11:46:17,623 | INFO  | DNAudit | user=null | ip=null | op=WRITE_CHUNK {blockData=conID: 3 locID: 102734074841924137 bcsId: 3086} | ret=SUCCESS |  
2019-09-04 11:46:17,624 | INFO  | DNAudit | user=null | ip=null | op=PUT_BLOCK {blockData=[blockId=conID: 3 locID: 102734074841924137 bcsId: 0,size=3145728]} | ret=SUCCESS |  
2019-09-04 11:46:17,624 [grpc-default-executor-0] INFO  client.GrpcClientProtocolClient (GrpcClientProtocolClient.java:onNext(255)) - client-D5CE890D7D9E->efcb8ff8-f060-4d95-9215-d0f5eb4af037: receive RaftClientReply:client-D5CE890D7D9E->efcb8ff8-f060-4d95-9215-d0f5eb4af037@group-0959F8DF43ED, cid=2099, SUCCESS, logIndex=3090, commits[efcb8ff8-f060-4d95-9215-d0f5eb4af037:c3091, 6fae8b02-e804-4c0e-b729-a97b7404b7f6:c3089, 4c3e8a66-6975-4917-8225-d3efe707aaff:c3089]
2019-09-04 11:46:17,625 [grpc-default-executor-0] INFO  client.GrpcClientProtocolClient (GrpcClientProtocolClient.java:onNext(255)) - client-D5CE890D7D9E->efcb8ff8-f060-4d95-9215-d0f5eb4af037: receive RaftClientReply:client-D5CE890D7D9E->efcb8ff8-f060-4d95-9215-d0f5eb4af037@group-0959F8DF43ED, cid=2100, SUCCESS, logIndex=3091, commits[efcb8ff8-f060-4d95-9215-d0f5eb4af037:c3091, 6fae8b02-e804-4c0e-b729-a97b7404b7f6:c3089, 4c3e8a66-6975-4917-8225-d3efe707aaff:c3089]
2019-09-04 11:46:17,631 | INFO  | DNAudit | user=null | ip=null | op=WRITE_CHUNK {blockData=conID: 3 locID: 102734074841924137 bcsId: 3091} | ret=SUCCESS |  
2019-09-04 11:46:17,633 | INFO  | DNAudit | user=null | ip=null | op=WRITE_CHUNK {blockData=conID: 3 locID: 102734074841924137 bcsId: 3086} | ret=SUCCESS |  
2019-09-04 11:46:17,633 | INFO  | DNAudit | user=null | ip=null | op=WRITE_CHUNK {blockData=conID: 3 locID: 102734074841924137 bcsId: 3091} | ret=SUCCESS |  
2019-09-04 11:46:17,633 | INFO  | DNAudit | user=null | ip=null | op=WRITE_CHUNK {blockData=conID: 3 locID: 102734074841924137 bcsId: 3086} | ret=SUCCESS |  
2019-09-04 11:46:17,633 | INFO  | DNAudit | user=null | ip=null | op=PUT_BLOCK {blockData=[blockId=conID: 3 locID: 102734074841924137 bcsId: 0,size=3145728]} | ret=SUCCESS |  
2019-09-04 11:46:17,633 | INFO  | DNAudit | user=null | ip=null | op=WRITE_CHUNK {blockData=conID: 3 locID: 102734074841924137 bcsId: 3091} | ret=SUCCESS |  
2019-09-04 11:46:17,633 | INFO  | DNAudit | user=null | ip=null | op=PUT_BLOCK {blockData=[blockId=conID: 3 locID: 102734074841924137 bcsId: 0,size=3145728]} | ret=SUCCESS |  
2019-09-04 11:46:17,634 | INFO  | DNAudit | user=null | ip=null | op=WRITE_CHUNK {blockData=conID: 3 locID: 102734074841924137 bcsId: 3091} | ret=SUCCESS |  
2019-09-04 11:46:17,635 | INFO  | DNAudit | user=null | ip=null | op=PUT_BLOCK {blockData=[blockId=conID: 3 locID: 102734074841924137 bcsId: 0,size=4194304]} | ret=SUCCESS |  
2019-09-04 11:46:17,635 [grpc-default-executor-0] INFO  client.GrpcClientProtocolClient (GrpcClientProtocolClient.java:onNext(255)) - client-D5CE890D7D9E->efcb8ff8-f060-4d95-9215-d0f5eb4af037: receive RaftClientReply:client-D5CE890D7D9E->efcb8ff8-f060-4d95-9215-d0f5eb4af037@group-0959F8DF43ED, cid=2101, SUCCESS, logIndex=3094, commits[efcb8ff8-f060-4d95-9215-d0f5eb4af037:c3095, 6fae8b02-e804-4c0e-b729-a97b7404b7f6:c3091, 4c3e8a66-6975-4917-8225-d3efe707aaff:c3091]
2019-09-04 11:46:17,635 [grpc-default-executor-0] INFO  client.GrpcClientProtocolClient (GrpcClientProtocolClient.java:onNext(255)) - client-D5CE890D7D9E->efcb8ff8-f060-4d95-9215-d0f5eb4af037: receive RaftClientReply:client-D5CE890D7D9E->efcb8ff8-f060-4d95-9215-d0f5eb4af037@group-0959F8DF43ED, cid=2102, SUCCESS, logIndex=3095, commits[efcb8ff8-f060-4d95-9215-d0f5eb4af037:c3095, 6fae8b02-e804-4c0e-b729-a97b7404b7f6:c3091, 4c3e8a66-6975-4917-8225-d3efe707aaff:c3091]
2019-09-04 11:46:17,637 | INFO  | DNAudit | user=null | ip=null | op=WRITE_CHUNK {blockData=conID: 3 locID: 102734074841924137 bcsId: 3091} | ret=SUCCESS |  
2019-09-04 11:46:17,638 | INFO  | DNAudit | user=null | ip=null | op=WRITE_CHUNK {blockData=conID: 3 locID: 102734074841924137 bcsId: 3091} | ret=SUCCESS |  
2019-09-04 11:46:17,638 | INFO  | DNAudit | user=null | ip=null | op=PUT_BLOCK {blockData=[blockId=conID: 3 locID: 102734074841924137 bcsId: 0,size=4194304]} | ret=SUCCESS |  
2019-09-04 11:46:17,639 | INFO  | DNAudit | user=null | ip=null | op=PUT_BLOCK {blockData=[blockId=conID: 3 locID: 102734074841924137 bcsId: 0,size=4194304]} | ret=SUCCESS |  
2019-09-04 11:46:17,639 [grpc-default-executor-0] INFO  client.GrpcClientProtocolClient (GrpcClientProtocolClient.java:onNext(255)) - client-D5CE890D7D9E->efcb8ff8-f060-4d95-9215-d0f5eb4af037: receive RaftClientReply:client-D5CE890D7D9E->efcb8ff8-f060-4d95-9215-d0f5eb4af037@group-0959F8DF43ED, cid=2103, SUCCESS, logIndex=0, commits[efcb8ff8-f060-4d95-9215-d0f5eb4af037:c3097, 6fae8b02-e804-4c0e-b729-a97b7404b7f6:c3095, 4c3e8a66-6975-4917-8225-d3efe707aaff:c3095]
2019-09-04 11:46:17,642 | INFO  | SCMAudit | user=jenkins1000 | ip=192.168.36.67 | op=ALLOCATE_BLOCK {owner=8ab292a2-aaa7-4ad8-863a-d33994811155, size=4194304, type=RATIS, factor=THREE} | ret=SUCCESS |  
2019-09-04 11:46:17,645 | INFO  | OMAudit | user=jenkins1000 | ip=127.0.0.1 | op=ALLOCATE_BLOCK {volume=vol-0-58699, bucket=bucket-0-57464, key=key-0-37266, dataSize=0, replicationType=null, replicationFactor=null, keyLocationInfo=null, clientID=102734073355960722} | ret=SUCCESS |  
2019-09-04 11:46:17,650 | INFO  | DNAudit | user=null | ip=null | op=WRITE_CHUNK {blockData=conID: 1 locID: 102734074848346666 bcsId: 0} | ret=SUCCESS |  
2019-09-04 11:46:17,653 | INFO  | DNAudit | user=null | ip=null | op=WRITE_CHUNK {blockData=conID: 1 locID: 102734074848346666 bcsId: 0} | ret=SUCCESS |  
2019-09-04 11:46:17,653 | INFO  | DNAudit | user=null | ip=null | op=WRITE_CHUNK {blockData=conID: 1 locID: 102734074848346666 bcsId: 0} | ret=SUCCESS |  
2019-09-04 11:46:17,653 | INFO  | DNAudit | user=null | ip=null | op=WRITE_CHUNK {blockData=conID: 1 locID: 102734074848346666 bcsId: 0} | ret=SUCCESS |  
2019-09-04 11:46:17,655 | INFO  | DNAudit | user=null | ip=null | op=WRITE_CHUNK {blockData=conID: 1 locID: 102734074848346666 bcsId: 0} | ret=SUCCESS |  
2019-09-04 11:46:17,655 | INFO  | DNAudit | user=null | ip=null | op=WRITE_CHUNK {blockData=conID: 1 locID: 102734074848346666 bcsId: 0} | ret=SUCCESS |  
2019-09-04 11:46:17,659 | INFO  | DNAudit | user=null | ip=null | op=WRITE_CHUNK {blockData=conID: 1 locID: 102734074848346666 bcsId: 0} | ret=SUCCESS |  
2019-09-04 11:46:17,660 | INFO  | DNAudit | user=null | ip=null | op=PUT_BLOCK {blockData=[blockId=conID: 1 locID: 102734074848346666 bcsId: 0,size=1048576]} | ret=SUCCESS |  
2019-09-04 11:46:17,660 [grpc-default-executor-6] INFO  client.GrpcClientProtocolClient (GrpcClientProtocolClient.java:onNext(255)) - client-D5CE890D7D9E->efcb8ff8-f060-4d95-9215-d0f5eb4af037: receive RaftClientReply:client-D5CE890D7D9E->efcb8ff8-f060-4d95-9215-d0f5eb4af037@group-0959F8DF43ED, cid=2104, SUCCESS, logIndex=3098, commits[efcb8ff8-f060-4d95-9215-d0f5eb4af037:c3099, 6fae8b02-e804-4c0e-b729-a97b7404b7f6:c3097, 4c3e8a66-6975-4917-8225-d3efe707aaff:c3097]
2019-09-04 11:46:17,660 | INFO  | DNAudit | user=null | ip=null | op=WRITE_CHUNK {blockData=conID: 1 locID: 102734074848346666 bcsId: 0} | ret=SUCCESS |  
2019-09-04 11:46:17,660 [grpc-default-executor-6] INFO  client.GrpcClientProtocolClient (GrpcClientProtocolClient.java:onNext(255)) - client-D5CE890D7D9E->efcb8ff8-f060-4d95-9215-d0f5eb4af037: receive RaftClientReply:client-D5CE890D7D9E->efcb8ff8-f060-4d95-9215-d0f5eb4af037@group-0959F8DF43ED, cid=2105, SUCCESS, logIndex=3099, commits[efcb8ff8-f060-4d95-9215-d0f5eb4af037:c3101, 6fae8b02-e804-4c0e-b729-a97b7404b7f6:c3097, 4c3e8a66-6975-4917-8225-d3efe707aaff:c3097]
2019-09-04 11:46:17,660 | INFO  | DNAudit | user=null | ip=null | op=PUT_BLOCK {blockData=[blockId=conID: 1 locID: 102734074848346666 bcsId: 0,size=2097152]} | ret=SUCCESS |  
2019-09-04 11:46:17,660 [grpc-default-executor-6] INFO  client.GrpcClientProtocolClient (GrpcClientProtocolClient.java:onNext(255)) - client-D5CE890D7D9E->efcb8ff8-f060-4d95-9215-d0f5eb4af037: receive RaftClientReply:client-D5CE890D7D9E->efcb8ff8-f060-4d95-9215-d0f5eb4af037@group-0959F8DF43ED, cid=2106, SUCCESS, logIndex=3100, commits[efcb8ff8-f060-4d95-9215-d0f5eb4af037:c3101, 6fae8b02-e804-4c0e-b729-a97b7404b7f6:c3097, 4c3e8a66-6975-4917-8225-d3efe707aaff:c3097]
2019-09-04 11:46:17,661 | INFO  | DNAudit | user=null | ip=null | op=WRITE_CHUNK {blockData=conID: 1 locID: 102734074848346666 bcsId: 0} | ret=SUCCESS |  
2019-09-04 11:46:17,661 | INFO  | DNAudit | user=null | ip=null | op=PUT_BLOCK {blockData=[blockId=conID: 1 locID: 102734074848346666 bcsId: 0,size=1048576]} | ret=SUCCESS |  
2019-09-04 11:46:17,661 [grpc-default-executor-6] INFO  client.GrpcClientProtocolClient (GrpcClientProtocolClient.java:onNext(255)) - client-D5CE890D7D9E->efcb8ff8-f060-4d95-9215-d0f5eb4af037: receive RaftClientReply:client-D5CE890D7D9E->efcb8ff8-f060-4d95-9215-d0f5eb4af037@group-0959F8DF43ED, cid=2107, SUCCESS, logIndex=3101, commits[efcb8ff8-f060-4d95-9215-d0f5eb4af037:c3101, 6fae8b02-e804-4c0e-b729-a97b7404b7f6:c3097, 4c3e8a66-6975-4917-8225-d3efe707aaff:c3097]
2019-09-04 11:46:17,662 | INFO  | DNAudit | user=null | ip=null | op=WRITE_CHUNK {blockData=conID: 1 locID: 102734074848346666 bcsId: 0} | ret=SUCCESS |  
2019-09-04 11:46:17,662 | INFO  | DNAudit | user=null | ip=null | op=WRITE_CHUNK {blockData=conID: 1 locID: 102734074848346666 bcsId: 0} | ret=SUCCESS |  
2019-09-04 11:46:17,662 | INFO  | DNAudit | user=null | ip=null | op=PUT_BLOCK {blockData=[blockId=conID: 1 locID: 102734074848346666 bcsId: 0,size=1048576]} | ret=SUCCESS |  
2019-09-04 11:46:17,662 | INFO  | DNAudit | user=null | ip=null | op=PUT_BLOCK {blockData=[blockId=conID: 1 locID: 102734074848346666 bcsId: 0,size=2097152]} | ret=SUCCESS |  
2019-09-04 11:46:17,662 | INFO  | DNAudit | user=null | ip=null | op=WRITE_CHUNK {blockData=conID: 1 locID: 102734074848346666 bcsId: 0} | ret=SUCCESS |  
2019-09-04 11:46:17,662 [grpc-default-executor-6] INFO  client.GrpcClientProtocolClient (GrpcClientProtocolClient.java:onNext(255)) - client-D5CE890D7D9E->efcb8ff8-f060-4d95-9215-d0f5eb4af037: receive RaftClientReply:client-D5CE890D7D9E->efcb8ff8-f060-4d95-9215-d0f5eb4af037@group-0959F8DF43ED, cid=2108, SUCCESS, logIndex=0, commits[efcb8ff8-f060-4d95-9215-d0f5eb4af037:c3103, 6fae8b02-e804-4c0e-b729-a97b7404b7f6:c3099, 4c3e8a66-6975-4917-8225-d3efe707aaff:c3099]
2019-09-04 11:46:17,663 | INFO  | DNAudit | user=null | ip=null | op=PUT_BLOCK {blockData=[blockId=conID: 1 locID: 102734074848346666 bcsId: 0,size=2097152]} | ret=SUCCESS |  
2019-09-04 11:46:17,667 | INFO  | DNAudit | user=null | ip=null | op=WRITE_CHUNK {blockData=conID: 1 locID: 102734074848346666 bcsId: 3101} | ret=SUCCESS |  
2019-09-04 11:46:17,669 | INFO  | DNAudit | user=null | ip=null | op=WRITE_CHUNK {blockData=conID: 1 locID: 102734074848346666 bcsId: 3101} | ret=SUCCESS |  
2019-09-04 11:46:17,669 | INFO  | DNAudit | user=null | ip=null | op=WRITE_CHUNK {blockData=conID: 1 locID: 102734074848346666 bcsId: 3101} | ret=SUCCESS |  
2019-09-04 11:46:17,672 | INFO  | DNAudit | user=null | ip=null | op=WRITE_CHUNK {blockData=conID: 1 locID: 102734074848346666 bcsId: 3101} | ret=SUCCESS |  
2019-09-04 11:46:17,672 | INFO  | DNAudit | user=null | ip=null | op=PUT_BLOCK {blockData=[blockId=conID: 1 locID: 102734074848346666 bcsId: 0,size=3145728]} | ret=SUCCESS |  
2019-09-04 11:46:17,672 [grpc-default-executor-5] INFO  client.GrpcClientProtocolClient (GrpcClientProtocolClient.java:onNext(255)) - client-D5CE890D7D9E->efcb8ff8-f060-4d95-9215-d0f5eb4af037: receive RaftClientReply:client-D5CE890D7D9E->efcb8ff8-f060-4d95-9215-d0f5eb4af037@group-0959F8DF43ED, cid=2109, SUCCESS, logIndex=3106, commits[efcb8ff8-f060-4d95-9215-d0f5eb4af037:c3107, 6fae8b02-e804-4c0e-b729-a97b7404b7f6:c3105, 4c3e8a66-6975-4917-8225-d3efe707aaff:c3105]
2019-09-04 11:46:17,673 [grpc-default-executor-5] INFO  client.GrpcClientProtocolClient (GrpcClientProtocolClient.java:onNext(255)) - client-D5CE890D7D9E->efcb8ff8-f060-4d95-9215-d0f5eb4af037: receive RaftClientReply:client-D5CE890D7D9E->efcb8ff8-f060-4d95-9215-d0f5eb4af037@group-0959F8DF43ED, cid=2110, SUCCESS, logIndex=3107, commits[efcb8ff8-f060-4d95-9215-d0f5eb4af037:c3107, 6fae8b02-e804-4c0e-b729-a97b7404b7f6:c3105, 4c3e8a66-6975-4917-8225-d3efe707aaff:c3105]
2019-09-04 11:46:17,677 | INFO  | DNAudit | user=null | ip=null | op=WRITE_CHUNK {blockData=conID: 1 locID: 102734074848346666 bcsId: 3107} | ret=SUCCESS |  
2019-09-04 11:46:17,680 | INFO  | DNAudit | user=null | ip=null | op=WRITE_CHUNK {blockData=conID: 1 locID: 102734074848346666 bcsId: 3107} | ret=SUCCESS |  
2019-09-04 11:46:17,680 | INFO  | DNAudit | user=null | ip=null | op=WRITE_CHUNK {blockData=conID: 1 locID: 102734074848346666 bcsId: 3107} | ret=SUCCESS |  
2019-09-04 11:46:17,694 | INFO  | DNAudit | user=null | ip=null | op=WRITE_CHUNK {blockData=conID: 1 locID: 102734074848346666 bcsId: 3101} | ret=SUCCESS |  
2019-09-04 11:46:17,694 | INFO  | DNAudit | user=null | ip=null | op=WRITE_CHUNK {blockData=conID: 1 locID: 102734074848346666 bcsId: 3101} | ret=SUCCESS |  
2019-09-04 11:46:17,694 | INFO  | DNAudit | user=null | ip=null | op=PUT_BLOCK {blockData=[blockId=conID: 1 locID: 102734074848346666 bcsId: 0,size=3145728]} | ret=SUCCESS |  
2019-09-04 11:46:17,694 | INFO  | DNAudit | user=null | ip=null | op=PUT_BLOCK {blockData=[blockId=conID: 1 locID: 102734074848346666 bcsId: 0,size=3145728]} | ret=SUCCESS |  
2019-09-04 11:46:17,695 | INFO  | DNAudit | user=null | ip=null | op=WRITE_CHUNK {blockData=conID: 1 locID: 102734074848346666 bcsId: 3107} | ret=SUCCESS |  
2019-09-04 11:46:17,696 | INFO  | DNAudit | user=null | ip=null | op=PUT_BLOCK {blockData=[blockId=conID: 1 locID: 102734074848346666 bcsId: 0,size=4194304]} | ret=SUCCESS |  
2019-09-04 11:46:17,696 [grpc-default-executor-6] INFO  client.GrpcClientProtocolClient (GrpcClientProtocolClient.java:onNext(255)) - client-D5CE890D7D9E->efcb8ff8-f060-4d95-9215-d0f5eb4af037: receive RaftClientReply:client-D5CE890D7D9E->efcb8ff8-f060-4d95-9215-d0f5eb4af037@group-0959F8DF43ED, cid=2111, SUCCESS, logIndex=3110, commits[efcb8ff8-f060-4d95-9215-d0f5eb4af037:c3111, 6fae8b02-e804-4c0e-b729-a97b7404b7f6:c3107, 4c3e8a66-6975-4917-8225-d3efe707aaff:c3107]
2019-09-04 11:46:17,696 [grpc-default-executor-6] INFO  client.GrpcClientProtocolClient (GrpcClientProtocolClient.java:onNext(255)) - client-D5CE890D7D9E->efcb8ff8-f060-4d95-9215-d0f5eb4af037: receive RaftClientReply:client-D5CE890D7D9E->efcb8ff8-f060-4d95-9215-d0f5eb4af037@group-0959F8DF43ED, cid=2112, SUCCESS, logIndex=3111, commits[efcb8ff8-f060-4d95-9215-d0f5eb4af037:c3111, 6fae8b02-e804-4c0e-b729-a97b7404b7f6:c3107, 4c3e8a66-6975-4917-8225-d3efe707aaff:c3107]
2019-09-04 11:46:17,707 | INFO  | DNAudit | user=null | ip=null | op=WRITE_CHUNK {blockData=conID: 1 locID: 102734074848346666 bcsId: 3107} | ret=SUCCESS |  
2019-09-04 11:46:17,707 | INFO  | DNAudit | user=null | ip=null | op=WRITE_CHUNK {blockData=conID: 1 locID: 102734074848346666 bcsId: 3107} | ret=SUCCESS |  
2019-09-04 11:46:17,708 | INFO  | DNAudit | user=null | ip=null | op=PUT_BLOCK {blockData=[blockId=conID: 1 locID: 102734074848346666 bcsId: 0,size=4194304]} | ret=SUCCESS |  
2019-09-04 11:46:17,708 | INFO  | DNAudit | user=null | ip=null | op=PUT_BLOCK {blockData=[blockId=conID: 1 locID: 102734074848346666 bcsId: 0,size=4194304]} | ret=SUCCESS |  
2019-09-04 11:46:17,709 [grpc-default-executor-0] INFO  client.GrpcClientProtocolClient (GrpcClientProtocolClient.java:onNext(255)) - client-D5CE890D7D9E->efcb8ff8-f060-4d95-9215-d0f5eb4af037: receive RaftClientReply:client-D5CE890D7D9E->efcb8ff8-f060-4d95-9215-d0f5eb4af037@group-0959F8DF43ED, cid=2113, SUCCESS, logIndex=0, commits[efcb8ff8-f060-4d95-9215-d0f5eb4af037:c3113, 6fae8b02-e804-4c0e-b729-a97b7404b7f6:c3111, 4c3e8a66-6975-4917-8225-d3efe707aaff:c3111]
2019-09-04 11:46:17,712 | INFO  | SCMAudit | user=jenkins1000 | ip=192.168.36.67 | op=ALLOCATE_BLOCK {owner=8ab292a2-aaa7-4ad8-863a-d33994811155, size=4194304, type=RATIS, factor=THREE} | ret=SUCCESS |  
2019-09-04 11:46:17,715 | INFO  | OMAudit | user=jenkins1000 | ip=127.0.0.1 | op=ALLOCATE_BLOCK {volume=vol-0-58699, bucket=bucket-0-57464, key=key-0-37266, dataSize=0, replicationType=null, replicationFactor=null, keyLocationInfo=null, clientID=102734073355960722} | ret=SUCCESS |  
2019-09-04 11:46:17,721 | INFO  | DNAudit | user=null | ip=null | op=WRITE_CHUNK {blockData=conID: 2 locID: 102734074852934187 bcsId: 0} | ret=SUCCESS |  
2019-09-04 11:46:17,723 | INFO  | DNAudit | user=null | ip=null | op=WRITE_CHUNK {blockData=conID: 2 locID: 102734074852934187 bcsId: 0} | ret=SUCCESS |  
2019-09-04 11:46:17,724 | INFO  | DNAudit | user=null | ip=null | op=WRITE_CHUNK {blockData=conID: 2 locID: 102734074852934187 bcsId: 0} | ret=SUCCESS |  
2019-09-04 11:46:17,724 | INFO  | DNAudit | user=null | ip=null | op=WRITE_CHUNK {blockData=conID: 2 locID: 102734074852934187 bcsId: 0} | ret=SUCCESS |  
2019-09-04 11:46:17,726 | INFO  | DNAudit | user=null | ip=null | op=WRITE_CHUNK {blockData=conID: 2 locID: 102734074852934187 bcsId: 0} | ret=SUCCESS |  
2019-09-04 11:46:17,726 | INFO  | DNAudit | user=null | ip=null | op=WRITE_CHUNK {blockData=conID: 2 locID: 102734074852934187 bcsId: 0} | ret=SUCCESS |  
2019-09-04 11:46:17,735 | INFO  | SCMAudit | user=jenkins1000 | ip=192.168.36.67 | op=SEND_HEARTBEAT {datanodeUUID=4c3e8a66-6975-4917-8225-d3efe707aaff, command=[]} | ret=SUCCESS |  
2019-09-04 11:46:17,736 | INFO  | SCMAudit | user=jenkins1000 | ip=192.168.36.67 | op=SEND_HEARTBEAT {datanodeUUID=6fae8b02-e804-4c0e-b729-a97b7404b7f6, command=[]} | ret=SUCCESS |  
2019-09-04 11:46:17,745 | INFO  | SCMAudit | user=jenkins1000 | ip=192.168.36.67 | op=SEND_HEARTBEAT {datanodeUUID=efcb8ff8-f060-4d95-9215-d0f5eb4af037, command=[]} | ret=SUCCESS |  
2019-09-04 11:46:17,745 | INFO  | SCMAudit | user=jenkins1000 | ip=192.168.36.67 | op=SEND_HEARTBEAT {datanodeUUID=0b776101-1d39-4f23-96c0-6a8ead31197c, command=[]} | ret=SUCCESS |  
2019-09-04 11:46:17,746 | INFO  | DNAudit | user=null | ip=null | op=WRITE_CHUNK {blockData=conID: 2 locID: 102734074852934187 bcsId: 0} | ret=SUCCESS |  
2019-09-04 11:46:17,746 | INFO  | DNAudit | user=null | ip=null | op=PUT_BLOCK {blockData=[blockId=conID: 2 locID: 102734074852934187 bcsId: 0,size=1048576]} | ret=SUCCESS |  
2019-09-04 11:46:17,746 [grpc-default-executor-5] INFO  client.GrpcClientProtocolClient (GrpcClientProtocolClient.java:onNext(255)) - client-D5CE890D7D9E->efcb8ff8-f060-4d95-9215-d0f5eb4af037: receive RaftClientReply:client-D5CE890D7D9E->efcb8ff8-f060-4d95-9215-d0f5eb4af037@group-0959F8DF43ED, cid=2114, SUCCESS, logIndex=3114, commits[efcb8ff8-f060-4d95-9215-d0f5eb4af037:c3115, 6fae8b02-e804-4c0e-b729-a97b7404b7f6:c3113, 4c3e8a66-6975-4917-8225-d3efe707aaff:c3111]
2019-09-04 11:46:17,747 [grpc-default-executor-5] INFO  client.GrpcClientProtocolClient (GrpcClientProtocolClient.java:onNext(255)) - client-D5CE890D7D9E->efcb8ff8-f060-4d95-9215-d0f5eb4af037: receive RaftClientReply:client-D5CE890D7D9E->efcb8ff8-f060-4d95-9215-d0f5eb4af037@group-0959F8DF43ED, cid=2115, SUCCESS, logIndex=3115, commits[efcb8ff8-f060-4d95-9215-d0f5eb4af037:c3115, 6fae8b02-e804-4c0e-b729-a97b7404b7f6:c3113, 4c3e8a66-6975-4917-8225-d3efe707aaff:c3113]
2019-09-04 11:46:17,750 | INFO  | DNAudit | user=null | ip=null | op=WRITE_CHUNK {blockData=conID: 2 locID: 102734074852934187 bcsId: 0} | ret=SUCCESS |  
2019-09-04 11:46:17,750 | INFO  | DNAudit | user=null | ip=null | op=PUT_BLOCK {blockData=[blockId=conID: 2 locID: 102734074852934187 bcsId: 0,size=2097152]} | ret=SUCCESS |  
2019-09-04 11:46:17,750 [grpc-default-executor-1] INFO  client.GrpcClientProtocolClient (GrpcClientProtocolClient.java:onNext(255)) - client-D5CE890D7D9E->efcb8ff8-f060-4d95-9215-d0f5eb4af037: receive RaftClientReply:client-D5CE890D7D9E->efcb8ff8-f060-4d95-9215-d0f5eb4af037@group-0959F8DF43ED, cid=2116, SUCCESS, logIndex=3116, commits[efcb8ff8-f060-4d95-9215-d0f5eb4af037:c3117, 6fae8b02-e804-4c0e-b729-a97b7404b7f6:c3113, 4c3e8a66-6975-4917-8225-d3efe707aaff:c3113]
2019-09-04 11:46:17,751 [grpc-default-executor-1] INFO  client.GrpcClientProtocolClient (GrpcClientProtocolClient.java:onNext(255)) - client-D5CE890D7D9E->efcb8ff8-f060-4d95-9215-d0f5eb4af037: receive RaftClientReply:client-D5CE890D7D9E->efcb8ff8-f060-4d95-9215-d0f5eb4af037@group-0959F8DF43ED, cid=2117, SUCCESS, logIndex=3117, commits[efcb8ff8-f060-4d95-9215-d0f5eb4af037:c3117, 6fae8b02-e804-4c0e-b729-a97b7404b7f6:c3113, 4c3e8a66-6975-4917-8225-d3efe707aaff:c3113]
2019-09-04 11:46:17,751 | INFO  | DNAudit | user=null | ip=null | op=WRITE_CHUNK {blockData=conID: 2 locID: 102734074852934187 bcsId: 0} | ret=SUCCESS |  
2019-09-04 11:46:17,751 | INFO  | DNAudit | user=null | ip=null | op=PUT_BLOCK {blockData=[blockId=conID: 2 locID: 102734074852934187 bcsId: 0,size=1048576]} | ret=SUCCESS |  
2019-09-04 11:46:17,752 | INFO  | DNAudit | user=null | ip=null | op=WRITE_CHUNK {blockData=conID: 2 locID: 102734074852934187 bcsId: 0} | ret=SUCCESS |  
2019-09-04 11:46:17,752 | INFO  | DNAudit | user=null | ip=null | op=PUT_BLOCK {blockData=[blockId=conID: 2 locID: 102734074852934187 bcsId: 0,size=1048576]} | ret=SUCCESS |  
2019-09-04 11:46:17,752 [grpc-default-executor-5] INFO  client.GrpcClientProtocolClient (GrpcClientProtocolClient.java:onNext(255)) - client-D5CE890D7D9E->efcb8ff8-f060-4d95-9215-d0f5eb4af037: receive RaftClientReply:client-D5CE890D7D9E->efcb8ff8-f060-4d95-9215-d0f5eb4af037@group-0959F8DF43ED, cid=2118, SUCCESS, logIndex=0, commits[efcb8ff8-f060-4d95-9215-d0f5eb4af037:c3119, 6fae8b02-e804-4c0e-b729-a97b7404b7f6:c3115, 4c3e8a66-6975-4917-8225-d3efe707aaff:c3115]
2019-09-04 11:46:17,752 | INFO  | DNAudit | user=null | ip=null | op=WRITE_CHUNK {blockData=conID: 2 locID: 102734074852934187 bcsId: 0} | ret=SUCCESS |  
2019-09-04 11:46:17,752 | INFO  | DNAudit | user=null | ip=null | op=PUT_BLOCK {blockData=[blockId=conID: 2 locID: 102734074852934187 bcsId: 0,size=2097152]} | ret=SUCCESS |  
2019-09-04 11:46:17,753 | INFO  | DNAudit | user=null | ip=null | op=WRITE_CHUNK {blockData=conID: 2 locID: 102734074852934187 bcsId: 0} | ret=SUCCESS |  
2019-09-04 11:46:17,753 | INFO  | DNAudit | user=null | ip=null | op=PUT_BLOCK {blockData=[blockId=conID: 2 locID: 102734074852934187 bcsId: 0,size=2097152]} | ret=SUCCESS |  
2019-09-04 11:46:17,758 | INFO  | DNAudit | user=null | ip=null | op=WRITE_CHUNK {blockData=conID: 2 locID: 102734074852934187 bcsId: 3117} | ret=SUCCESS |  
2019-09-04 11:46:17,760 | INFO  | DNAudit | user=null | ip=null | op=WRITE_CHUNK {blockData=conID: 2 locID: 102734074852934187 bcsId: 3117} | ret=SUCCESS |  
2019-09-04 11:46:17,761 | INFO  | DNAudit | user=null | ip=null | op=WRITE_CHUNK {blockData=conID: 2 locID: 102734074852934187 bcsId: 3117} | ret=SUCCESS |  
2019-09-04 11:46:17,763 | INFO  | DNAudit | user=null | ip=null | op=WRITE_CHUNK {blockData=conID: 2 locID: 102734074852934187 bcsId: 3117} | ret=SUCCESS |  
2019-09-04 11:46:17,763 | INFO  | DNAudit | user=null | ip=null | op=PUT_BLOCK {blockData=[blockId=conID: 2 locID: 102734074852934187 bcsId: 0,size=3145728]} | ret=SUCCESS |  
2019-09-04 11:46:17,763 [grpc-default-executor-5] INFO  client.GrpcClientProtocolClient (GrpcClientProtocolClient.java:onNext(255)) - client-D5CE890D7D9E->efcb8ff8-f060-4d95-9215-d0f5eb4af037: receive RaftClientReply:client-D5CE890D7D9E->efcb8ff8-f060-4d95-9215-d0f5eb4af037@group-0959F8DF43ED, cid=2119, SUCCESS, logIndex=3122, commits[efcb8ff8-f060-4d95-9215-d0f5eb4af037:c3123, 6fae8b02-e804-4c0e-b729-a97b7404b7f6:c3121, 4c3e8a66-6975-4917-8225-d3efe707aaff:c3121]
2019-09-04 11:46:17,764 [grpc-default-executor-5] INFO  client.GrpcClientProtocolClient (GrpcClientProtocolClient.java:onNext(255)) - client-D5CE890D7D9E->efcb8ff8-f060-4d95-9215-d0f5eb4af037: receive RaftClientReply:client-D5CE890D7D9E->efcb8ff8-f060-4d95-9215-d0f5eb4af037@group-0959F8DF43ED, cid=2120, SUCCESS, logIndex=3123, commits[efcb8ff8-f060-4d95-9215-d0f5eb4af037:c3123, 6fae8b02-e804-4c0e-b729-a97b7404b7f6:c3121, 4c3e8a66-6975-4917-8225-d3efe707aaff:c3121]
2019-09-04 11:46:17,765 | INFO  | DNAudit | user=null | ip=null | op=WRITE_CHUNK {blockData=conID: 2 locID: 102734074852934187 bcsId: 3117} | ret=SUCCESS |  
2019-09-04 11:46:17,765 | INFO  | DNAudit | user=null | ip=null | op=WRITE_CHUNK {blockData=conID: 2 locID: 102734074852934187 bcsId: 3117} | ret=SUCCESS |  
2019-09-04 11:46:17,767 | INFO  | DNAudit | user=null | ip=null | op=PUT_BLOCK {blockData=[blockId=conID: 2 locID: 102734074852934187 bcsId: 0,size=3145728]} | ret=SUCCESS |  
2019-09-04 11:46:17,767 | INFO  | DNAudit | user=null | ip=null | op=PUT_BLOCK {blockData=[blockId=conID: 2 locID: 102734074852934187 bcsId: 0,size=3145728]} | ret=SUCCESS |  
2019-09-04 11:46:17,769 | INFO  | DNAudit | user=null | ip=null | op=WRITE_CHUNK {blockData=conID: 2 locID: 102734074852934187 bcsId: 3123} | ret=SUCCESS |  
2019-09-04 11:46:17,771 | INFO  | DNAudit | user=null | ip=null | op=WRITE_CHUNK {blockData=conID: 2 locID: 102734074852934187 bcsId: 3123} | ret=SUCCESS |  
2019-09-04 11:46:17,771 | INFO  | DNAudit | user=null | ip=null | op=WRITE_CHUNK {blockData=conID: 2 locID: 102734074852934187 bcsId: 3123} | ret=SUCCESS |  
2019-09-04 11:46:17,775 | INFO  | DNAudit | user=null | ip=null | op=WRITE_CHUNK {blockData=conID: 2 locID: 102734074852934187 bcsId: 3123} | ret=SUCCESS |  
2019-09-04 11:46:17,775 | INFO  | DNAudit | user=null | ip=null | op=PUT_BLOCK {blockData=[blockId=conID: 2 locID: 102734074852934187 bcsId: 0,size=4194304]} | ret=SUCCESS |  
2019-09-04 11:46:17,775 [grpc-default-executor-5] INFO  client.GrpcClientProtocolClient (GrpcClientProtocolClient.java:onNext(255)) - client-D5CE890D7D9E->efcb8ff8-f060-4d95-9215-d0f5eb4af037: receive RaftClientReply:client-D5CE890D7D9E->efcb8ff8-f060-4d95-9215-d0f5eb4af037@group-0959F8DF43ED, cid=2121, SUCCESS, logIndex=3126, commits[efcb8ff8-f060-4d95-9215-d0f5eb4af037:c3127, 6fae8b02-e804-4c0e-b729-a97b7404b7f6:c3125, 4c3e8a66-6975-4917-8225-d3efe707aaff:c3125]
2019-09-04 11:46:17,776 [grpc-default-executor-5] INFO  client.GrpcClientProtocolClient (GrpcClientProtocolClient.java:onNext(255)) - client-D5CE890D7D9E->efcb8ff8-f060-4d95-9215-d0f5eb4af037: receive RaftClientReply:client-D5CE890D7D9E->efcb8ff8-f060-4d95-9215-d0f5eb4af037@group-0959F8DF43ED, cid=2122, SUCCESS, logIndex=3127, commits[efcb8ff8-f060-4d95-9215-d0f5eb4af037:c3127, 6fae8b02-e804-4c0e-b729-a97b7404b7f6:c3125, 4c3e8a66-6975-4917-8225-d3efe707aaff:c3125]
2019-09-04 11:46:17,787 | INFO  | DNAudit | user=null | ip=null | op=WRITE_CHUNK {blockData=conID: 2 locID: 102734074852934187 bcsId: 3123} | ret=SUCCESS |  
2019-09-04 11:46:17,787 | INFO  | DNAudit | user=null | ip=null | op=WRITE_CHUNK {blockData=conID: 2 locID: 102734074852934187 bcsId: 3123} | ret=SUCCESS |  
2019-09-04 11:46:17,787 | INFO  | DNAudit | user=null | ip=null | op=PUT_BLOCK {blockData=[blockId=conID: 2 locID: 102734074852934187 bcsId: 0,size=4194304]} | ret=SUCCESS |  
2019-09-04 11:46:17,787 | INFO  | DNAudit | user=null | ip=null | op=PUT_BLOCK {blockData=[blockId=conID: 2 locID: 102734074852934187 bcsId: 0,size=4194304]} | ret=SUCCESS |  
2019-09-04 11:46:17,787 [grpc-default-executor-5] INFO  client.GrpcClientProtocolClient (GrpcClientProtocolClient.java:onNext(255)) - client-D5CE890D7D9E->efcb8ff8-f060-4d95-9215-d0f5eb4af037: receive RaftClientReply:client-D5CE890D7D9E->efcb8ff8-f060-4d95-9215-d0f5eb4af037@group-0959F8DF43ED, cid=2123, SUCCESS, logIndex=0, commits[efcb8ff8-f060-4d95-9215-d0f5eb4af037:c3128, 6fae8b02-e804-4c0e-b729-a97b7404b7f6:c3127, 4c3e8a66-6975-4917-8225-d3efe707aaff:c3127]
2019-09-04 11:46:17,792 | INFO  | SCMAudit | user=jenkins1000 | ip=192.168.36.67 | op=ALLOCATE_BLOCK {owner=8ab292a2-aaa7-4ad8-863a-d33994811155, size=4194304, type=RATIS, factor=THREE} | ret=SUCCESS |  
2019-09-04 11:46:17,794 | INFO  | OMAudit | user=jenkins1000 | ip=127.0.0.1 | op=ALLOCATE_BLOCK {volume=vol-0-58699, bucket=bucket-0-57464, key=key-0-37266, dataSize=0, replicationType=null, replicationFactor=null, keyLocationInfo=null, clientID=102734073355960722} | ret=SUCCESS |  
2019-09-04 11:46:17,800 | INFO  | DNAudit | user=null | ip=null | op=WRITE_CHUNK {blockData=conID: 3 locID: 102734074858177068 bcsId: 0} | ret=SUCCESS |  
2019-09-04 11:46:17,802 | INFO  | DNAudit | user=null | ip=null | op=WRITE_CHUNK {blockData=conID: 3 locID: 102734074858177068 bcsId: 0} | ret=SUCCESS |  
2019-09-04 11:46:17,802 | INFO  | DNAudit | user=null | ip=null | op=WRITE_CHUNK {blockData=conID: 3 locID: 102734074858177068 bcsId: 0} | ret=SUCCESS |  
2019-09-04 11:46:17,803 | INFO  | DNAudit | user=null | ip=null | op=WRITE_CHUNK {blockData=conID: 3 locID: 102734074858177068 bcsId: 0} | ret=SUCCESS |  
2019-09-04 11:46:17,805 | INFO  | DNAudit | user=null | ip=null | op=WRITE_CHUNK {blockData=conID: 3 locID: 102734074858177068 bcsId: 0} | ret=SUCCESS |  
2019-09-04 11:46:17,805 | INFO  | DNAudit | user=null | ip=null | op=WRITE_CHUNK {blockData=conID: 3 locID: 102734074858177068 bcsId: 0} | ret=SUCCESS |  
2019-09-04 11:46:17,828 | INFO  | DNAudit | user=null | ip=null | op=WRITE_CHUNK {blockData=conID: 3 locID: 102734074858177068 bcsId: 0} | ret=SUCCESS |  
2019-09-04 11:46:17,828 | INFO  | DNAudit | user=null | ip=null | op=PUT_BLOCK {blockData=[blockId=conID: 3 locID: 102734074858177068 bcsId: 0,size=1048576]} | ret=SUCCESS |  
2019-09-04 11:46:17,828 [grpc-default-executor-5] INFO  client.GrpcClientProtocolClient (GrpcClientProtocolClient.java:onNext(255)) - client-D5CE890D7D9E->efcb8ff8-f060-4d95-9215-d0f5eb4af037: receive RaftClientReply:client-D5CE890D7D9E->efcb8ff8-f060-4d95-9215-d0f5eb4af037@group-0959F8DF43ED, cid=2124, SUCCESS, logIndex=3130, commits[efcb8ff8-f060-4d95-9215-d0f5eb4af037:c3131, 6fae8b02-e804-4c0e-b729-a97b7404b7f6:c3129, 4c3e8a66-6975-4917-8225-d3efe707aaff:c3129]
2019-09-04 11:46:17,828 | INFO  | DNAudit | user=null | ip=null | op=WRITE_CHUNK {blockData=conID: 3 locID: 102734074858177068 bcsId: 0} | ret=SUCCESS |  
2019-09-04 11:46:17,829 | INFO  | DNAudit | user=null | ip=null | op=PUT_BLOCK {blockData=[blockId=conID: 3 locID: 102734074858177068 bcsId: 0,size=2097152]} | ret=SUCCESS |  
2019-09-04 11:46:17,829 [grpc-default-executor-6] INFO  client.GrpcClientProtocolClient (GrpcClientProtocolClient.java:onNext(255)) - client-D5CE890D7D9E->efcb8ff8-f060-4d95-9215-d0f5eb4af037: receive RaftClientReply:client-D5CE890D7D9E->efcb8ff8-f060-4d95-9215-d0f5eb4af037@group-0959F8DF43ED, cid=2125, SUCCESS, logIndex=3131, commits[efcb8ff8-f060-4d95-9215-d0f5eb4af037:c3131, 6fae8b02-e804-4c0e-b729-a97b7404b7f6:c3129, 4c3e8a66-6975-4917-8225-d3efe707aaff:c3129]
2019-09-04 11:46:17,829 [grpc-default-executor-6] INFO  client.GrpcClientProtocolClient (GrpcClientProtocolClient.java:onNext(255)) - client-D5CE890D7D9E->efcb8ff8-f060-4d95-9215-d0f5eb4af037: receive RaftClientReply:client-D5CE890D7D9E->efcb8ff8-f060-4d95-9215-d0f5eb4af037@group-0959F8DF43ED, cid=2126, SUCCESS, logIndex=3132, commits[efcb8ff8-f060-4d95-9215-d0f5eb4af037:c3133, 6fae8b02-e804-4c0e-b729-a97b7404b7f6:c3129, 4c3e8a66-6975-4917-8225-d3efe707aaff:c3129]
2019-09-04 11:46:17,829 | INFO  | DNAudit | user=null | ip=null | op=WRITE_CHUNK {blockData=conID: 3 locID: 102734074858177068 bcsId: 0} | ret=SUCCESS |  
2019-09-04 11:46:17,829 | INFO  | DNAudit | user=null | ip=null | op=PUT_BLOCK {blockData=[blockId=conID: 3 locID: 102734074858177068 bcsId: 0,size=1048576]} | ret=SUCCESS |  
2019-09-04 11:46:17,830 [grpc-default-executor-1] INFO  client.GrpcClientProtocolClient (GrpcClientProtocolClient.java:onNext(255)) - client-D5CE890D7D9E->efcb8ff8-f060-4d95-9215-d0f5eb4af037: receive RaftClientReply:client-D5CE890D7D9E->efcb8ff8-f060-4d95-9215-d0f5eb4af037@group-0959F8DF43ED, cid=2127, SUCCESS, logIndex=3133, commits[efcb8ff8-f060-4d95-9215-d0f5eb4af037:c3133, 6fae8b02-e804-4c0e-b729-a97b7404b7f6:c3129, 4c3e8a66-6975-4917-8225-d3efe707aaff:c3129]
2019-09-04 11:46:17,830 | INFO  | DNAudit | user=null | ip=null | op=WRITE_CHUNK {blockData=conID: 3 locID: 102734074858177068 bcsId: 0} | ret=SUCCESS |  
2019-09-04 11:46:17,831 | INFO  | DNAudit | user=null | ip=null | op=PUT_BLOCK {blockData=[blockId=conID: 3 locID: 102734074858177068 bcsId: 0,size=1048576]} | ret=SUCCESS |  
2019-09-04 11:46:17,831 | INFO  | DNAudit | user=null | ip=null | op=WRITE_CHUNK {blockData=conID: 3 locID: 102734074858177068 bcsId: 0} | ret=SUCCESS |  
2019-09-04 11:46:17,831 | INFO  | DNAudit | user=null | ip=null | op=PUT_BLOCK {blockData=[blockId=conID: 3 locID: 102734074858177068 bcsId: 0,size=2097152]} | ret=SUCCESS |  
2019-09-04 11:46:17,831 | INFO  | DNAudit | user=null | ip=null | op=WRITE_CHUNK {blockData=conID: 3 locID: 102734074858177068 bcsId: 0} | ret=SUCCESS |  
2019-09-04 11:46:17,831 [grpc-default-executor-6] INFO  client.GrpcClientProtocolClient (GrpcClientProtocolClient.java:onNext(255)) - client-D5CE890D7D9E->efcb8ff8-f060-4d95-9215-d0f5eb4af037: receive RaftClientReply:client-D5CE890D7D9E->efcb8ff8-f060-4d95-9215-d0f5eb4af037@group-0959F8DF43ED, cid=2128, SUCCESS, logIndex=0, commits[efcb8ff8-f060-4d95-9215-d0f5eb4af037:c3135, 6fae8b02-e804-4c0e-b729-a97b7404b7f6:c3131, 4c3e8a66-6975-4917-8225-d3efe707aaff:c3131]
2019-09-04 11:46:17,832 | INFO  | DNAudit | user=null | ip=null | op=PUT_BLOCK {blockData=[blockId=conID: 3 locID: 102734074858177068 bcsId: 0,size=2097152]} | ret=SUCCESS |  
2019-09-04 11:46:17,838 | INFO  | DNAudit | user=null | ip=null | op=WRITE_CHUNK {blockData=conID: 3 locID: 102734074858177068 bcsId: 3133} | ret=SUCCESS |  
2019-09-04 11:46:17,840 | INFO  | DNAudit | user=null | ip=null | op=WRITE_CHUNK {blockData=conID: 3 locID: 102734074858177068 bcsId: 3133} | ret=SUCCESS |  
2019-09-04 11:46:17,840 | INFO  | DNAudit | user=null | ip=null | op=WRITE_CHUNK {blockData=conID: 3 locID: 102734074858177068 bcsId: 3133} | ret=SUCCESS |  
2019-09-04 11:46:17,848 | INFO  | DNAudit | user=null | ip=null | op=WRITE_CHUNK {blockData=conID: 3 locID: 102734074858177068 bcsId: 3133} | ret=SUCCESS |  
2019-09-04 11:46:17,848 | INFO  | DNAudit | user=null | ip=null | op=PUT_BLOCK {blockData=[blockId=conID: 3 locID: 102734074858177068 bcsId: 0,size=3145728]} | ret=SUCCESS |  
2019-09-04 11:46:17,848 [grpc-default-executor-1] INFO  client.GrpcClientProtocolClient (GrpcClientProtocolClient.java:onNext(255)) - client-D5CE890D7D9E->efcb8ff8-f060-4d95-9215-d0f5eb4af037: receive RaftClientReply:client-D5CE890D7D9E->efcb8ff8-f060-4d95-9215-d0f5eb4af037@group-0959F8DF43ED, cid=2129, SUCCESS, logIndex=3138, commits[efcb8ff8-f060-4d95-9215-d0f5eb4af037:c3139, 6fae8b02-e804-4c0e-b729-a97b7404b7f6:c3137, 4c3e8a66-6975-4917-8225-d3efe707aaff:c3137]
2019-09-04 11:46:17,849 [grpc-default-executor-1] INFO  client.GrpcClientProtocolClient (GrpcClientProtocolClient.java:onNext(255)) - client-D5CE890D7D9E->efcb8ff8-f060-4d95-9215-d0f5eb4af037: receive RaftClientReply:client-D5CE890D7D9E->efcb8ff8-f060-4d95-9215-d0f5eb4af037@group-0959F8DF43ED, cid=2130, SUCCESS, logIndex=3139, commits[efcb8ff8-f060-4d95-9215-d0f5eb4af037:c3139, 6fae8b02-e804-4c0e-b729-a97b7404b7f6:c3137, 4c3e8a66-6975-4917-8225-d3efe707aaff:c3137]
2019-09-04 11:46:17,855 | INFO  | DNAudit | user=null | ip=null | op=WRITE_CHUNK {blockData=conID: 3 locID: 102734074858177068 bcsId: 3139} | ret=SUCCESS |  
2019-09-04 11:46:17,857 | INFO  | DNAudit | user=null | ip=null | op=WRITE_CHUNK {blockData=conID: 3 locID: 102734074858177068 bcsId: 3139} | ret=SUCCESS |  
2019-09-04 11:46:17,857 | INFO  | DNAudit | user=null | ip=null | op=WRITE_CHUNK {blockData=conID: 3 locID: 102734074858177068 bcsId: 3139} | ret=SUCCESS |  
2019-09-04 11:46:17,858 | INFO  | DNAudit | user=null | ip=null | op=WRITE_CHUNK {blockData=conID: 3 locID: 102734074858177068 bcsId: 3133} | ret=SUCCESS |  
2019-09-04 11:46:17,858 | INFO  | DNAudit | user=null | ip=null | op=WRITE_CHUNK {blockData=conID: 3 locID: 102734074858177068 bcsId: 3133} | ret=SUCCESS |  
2019-09-04 11:46:17,859 | INFO  | DNAudit | user=null | ip=null | op=PUT_BLOCK {blockData=[blockId=conID: 3 locID: 102734074858177068 bcsId: 0,size=3145728]} | ret=SUCCESS |  
2019-09-04 11:46:17,859 | INFO  | DNAudit | user=null | ip=null | op=PUT_BLOCK {blockData=[blockId=conID: 3 locID: 102734074858177068 bcsId: 0,size=3145728]} | ret=SUCCESS |  
2019-09-04 11:46:17,860 | INFO  | DNAudit | user=null | ip=null | op=WRITE_CHUNK {blockData=conID: 3 locID: 102734074858177068 bcsId: 3139} | ret=SUCCESS |  
2019-09-04 11:46:17,860 | INFO  | DNAudit | user=null | ip=null | op=PUT_BLOCK {blockData=[blockId=conID: 3 locID: 102734074858177068 bcsId: 0,size=4194304]} | ret=SUCCESS |  
2019-09-04 11:46:17,860 [grpc-default-executor-1] INFO  client.GrpcClientProtocolClient (GrpcClientProtocolClient.java:onNext(255)) - client-D5CE890D7D9E->efcb8ff8-f060-4d95-9215-d0f5eb4af037: receive RaftClientReply:client-D5CE890D7D9E->efcb8ff8-f060-4d95-9215-d0f5eb4af037@group-0959F8DF43ED, cid=2131, SUCCESS, logIndex=3142, commits[efcb8ff8-f060-4d95-9215-d0f5eb4af037:c3143, 6fae8b02-e804-4c0e-b729-a97b7404b7f6:c3139, 4c3e8a66-6975-4917-8225-d3efe707aaff:c3139]
2019-09-04 11:46:17,861 [grpc-default-executor-1] INFO  client.GrpcClientProtocolClient (GrpcClientProtocolClient.java:onNext(255)) - client-D5CE890D7D9E->efcb8ff8-f060-4d95-9215-d0f5eb4af037: receive RaftClientReply:client-D5CE890D7D9E->efcb8ff8-f060-4d95-9215-d0f5eb4af037@group-0959F8DF43ED, cid=2132, SUCCESS, logIndex=3143, commits[efcb8ff8-f060-4d95-9215-d0f5eb4af037:c3143, 6fae8b02-e804-4c0e-b729-a97b7404b7f6:c3139, 4c3e8a66-6975-4917-8225-d3efe707aaff:c3139]
2019-09-04 11:46:17,867 | INFO  | DNAudit | user=null | ip=null | op=WRITE_CHUNK {blockData=conID: 3 locID: 102734074858177068 bcsId: 3139} | ret=SUCCESS |  
2019-09-04 11:46:17,867 | INFO  | DNAudit | user=null | ip=null | op=WRITE_CHUNK {blockData=conID: 3 locID: 102734074858177068 bcsId: 3139} | ret=SUCCESS |  
2019-09-04 11:46:17,868 | INFO  | DNAudit | user=null | ip=null | op=PUT_BLOCK {blockData=[blockId=conID: 3 locID: 102734074858177068 bcsId: 0,size=4194304]} | ret=SUCCESS |  
2019-09-04 11:46:17,868 | INFO  | DNAudit | user=null | ip=null | op=PUT_BLOCK {blockData=[blockId=conID: 3 locID: 102734074858177068 bcsId: 0,size=4194304]} | ret=SUCCESS |  
2019-09-04 11:46:17,869 [grpc-default-executor-1] INFO  client.GrpcClientProtocolClient (GrpcClientProtocolClient.java:onNext(255)) - client-D5CE890D7D9E->efcb8ff8-f060-4d95-9215-d0f5eb4af037: receive RaftClientReply:client-D5CE890D7D9E->efcb8ff8-f060-4d95-9215-d0f5eb4af037@group-0959F8DF43ED, cid=2133, SUCCESS, logIndex=0, commits[efcb8ff8-f060-4d95-9215-d0f5eb4af037:c3145, 6fae8b02-e804-4c0e-b729-a97b7404b7f6:c3143, 4c3e8a66-6975-4917-8225-d3efe707aaff:c3143]
2019-09-04 11:46:17,873 | INFO  | SCMAudit | user=jenkins1000 | ip=192.168.36.67 | op=ALLOCATE_BLOCK {owner=8ab292a2-aaa7-4ad8-863a-d33994811155, size=4194304, type=RATIS, factor=THREE} | ret=SUCCESS |  
2019-09-04 11:46:17,875 | INFO  | OMAudit | user=jenkins1000 | ip=127.0.0.1 | op=ALLOCATE_BLOCK {volume=vol-0-58699, bucket=bucket-0-57464, key=key-0-37266, dataSize=0, replicationType=null, replicationFactor=null, keyLocationInfo=null, clientID=102734073355960722} | ret=SUCCESS |  
2019-09-04 11:46:17,881 | INFO  | DNAudit | user=null | ip=null | op=WRITE_CHUNK {blockData=conID: 1 locID: 102734074863485485 bcsId: 0} | ret=SUCCESS |  
2019-09-04 11:46:17,883 | INFO  | DNAudit | user=null | ip=null | op=WRITE_CHUNK {blockData=conID: 1 locID: 102734074863485485 bcsId: 0} | ret=SUCCESS |  
2019-09-04 11:46:17,883 | INFO  | DNAudit | user=null | ip=null | op=WRITE_CHUNK {blockData=conID: 1 locID: 102734074863485485 bcsId: 0} | ret=SUCCESS |  
2019-09-04 11:46:17,884 | INFO  | DNAudit | user=null | ip=null | op=WRITE_CHUNK {blockData=conID: 1 locID: 102734074863485485 bcsId: 0} | ret=SUCCESS |  
2019-09-04 11:46:17,886 | INFO  | DNAudit | user=null | ip=null | op=WRITE_CHUNK {blockData=conID: 1 locID: 102734074863485485 bcsId: 0} | ret=SUCCESS |  
2019-09-04 11:46:17,887 | INFO  | DNAudit | user=null | ip=null | op=WRITE_CHUNK {blockData=conID: 1 locID: 102734074863485485 bcsId: 0} | ret=SUCCESS |  
2019-09-04 11:46:17,911 | INFO  | DNAudit | user=null | ip=null | op=WRITE_CHUNK {blockData=conID: 1 locID: 102734074863485485 bcsId: 0} | ret=SUCCESS |  
2019-09-04 11:46:17,912 | INFO  | DNAudit | user=null | ip=null | op=PUT_BLOCK {blockData=[blockId=conID: 1 locID: 102734074863485485 bcsId: 0,size=1048576]} | ret=SUCCESS |  
2019-09-04 11:46:17,912 [grpc-default-executor-0] INFO  client.GrpcClientProtocolClient (GrpcClientProtocolClient.java:onNext(255)) - client-D5CE890D7D9E->efcb8ff8-f060-4d95-9215-d0f5eb4af037: receive RaftClientReply:client-D5CE890D7D9E->efcb8ff8-f060-4d95-9215-d0f5eb4af037@group-0959F8DF43ED, cid=2134, SUCCESS, logIndex=3146, commits[efcb8ff8-f060-4d95-9215-d0f5eb4af037:c3147, 6fae8b02-e804-4c0e-b729-a97b7404b7f6:c3145, 4c3e8a66-6975-4917-8225-d3efe707aaff:c3145]
2019-09-04 11:46:17,912 [grpc-default-executor-0] INFO  client.GrpcClientProtocolClient (GrpcClientProtocolClient.java:onNext(255)) - client-D5CE890D7D9E->efcb8ff8-f060-4d95-9215-d0f5eb4af037: receive RaftClientReply:client-D5CE890D7D9E->efcb8ff8-f060-4d95-9215-d0f5eb4af037@group-0959F8DF43ED, cid=2135, SUCCESS, logIndex=3147, commits[efcb8ff8-f060-4d95-9215-d0f5eb4af037:c3147, 6fae8b02-e804-4c0e-b729-a97b7404b7f6:c3145, 4c3e8a66-6975-4917-8225-d3efe707aaff:c3145]
2019-09-04 11:46:17,957 | INFO  | DNAudit | user=null | ip=null | op=WRITE_CHUNK {blockData=conID: 1 locID: 102734074863485485 bcsId: 0} | ret=SUCCESS |  
2019-09-04 11:46:17,958 | INFO  | DNAudit | user=null | ip=null | op=PUT_BLOCK {blockData=[blockId=conID: 1 locID: 102734074863485485 bcsId: 0,size=2097152]} | ret=SUCCESS |  
2019-09-04 11:46:17,958 [grpc-default-executor-0] INFO  client.GrpcClientProtocolClient (GrpcClientProtocolClient.java:onNext(255)) - client-D5CE890D7D9E->efcb8ff8-f060-4d95-9215-d0f5eb4af037: receive RaftClientReply:client-D5CE890D7D9E->efcb8ff8-f060-4d95-9215-d0f5eb4af037@group-0959F8DF43ED, cid=2136, SUCCESS, logIndex=3148, commits[efcb8ff8-f060-4d95-9215-d0f5eb4af037:c3149, 6fae8b02-e804-4c0e-b729-a97b7404b7f6:c3145, 4c3e8a66-6975-4917-8225-d3efe707aaff:c3145]
2019-09-04 11:46:17,958 [grpc-default-executor-0] INFO  client.GrpcClientProtocolClient (GrpcClientProtocolClient.java:onNext(255)) - client-D5CE890D7D9E->efcb8ff8-f060-4d95-9215-d0f5eb4af037: receive RaftClientReply:client-D5CE890D7D9E->efcb8ff8-f060-4d95-9215-d0f5eb4af037@group-0959F8DF43ED, cid=2137, SUCCESS, logIndex=3149, commits[efcb8ff8-f060-4d95-9215-d0f5eb4af037:c3149, 6fae8b02-e804-4c0e-b729-a97b7404b7f6:c3145, 4c3e8a66-6975-4917-8225-d3efe707aaff:c3145]
 0.00% |█                                                                                                    |  0/1 Time: 0:00:232019-09-04 11:46:17,985 | INFO  | DNAudit | user=null | ip=null | op=WRITE_CHUNK {blockData=conID: 1 locID: 102734074863485485 bcsId: 0} | ret=SUCCESS |  
2019-09-04 11:46:17,985 | INFO  | DNAudit | user=null | ip=null | op=PUT_BLOCK {blockData=[blockId=conID: 1 locID: 102734074863485485 bcsId: 0,size=1048576]} | ret=SUCCESS |  
2019-09-04 11:46:17,986 | INFO  | DNAudit | user=null | ip=null | op=WRITE_CHUNK {blockData=conID: 1 locID: 102734074863485485 bcsId: 0} | ret=SUCCESS |  
2019-09-04 11:46:17,986 [grpc-default-executor-0] INFO  client.GrpcClientProtocolClient (GrpcClientProtocolClient.java:onNext(255)) - client-D5CE890D7D9E->efcb8ff8-f060-4d95-9215-d0f5eb4af037: receive RaftClientReply:client-D5CE890D7D9E->efcb8ff8-f060-4d95-9215-d0f5eb4af037@group-0959F8DF43ED, cid=2138, SUCCESS, logIndex=0, commits[efcb8ff8-f060-4d95-9215-d0f5eb4af037:c3151, 6fae8b02-e804-4c0e-b729-a97b7404b7f6:c3147, 4c3e8a66-6975-4917-8225-d3efe707aaff:c3147]
2019-09-04 11:46:17,986 | INFO  | DNAudit | user=null | ip=null | op=WRITE_CHUNK {blockData=conID: 1 locID: 102734074863485485 bcsId: 0} | ret=SUCCESS |  
2019-09-04 11:46:17,986 | INFO  | DNAudit | user=null | ip=null | op=PUT_BLOCK {blockData=[blockId=conID: 1 locID: 102734074863485485 bcsId: 0,size=1048576]} | ret=SUCCESS |  
2019-09-04 11:46:17,986 | INFO  | DNAudit | user=null | ip=null | op=PUT_BLOCK {blockData=[blockId=conID: 1 locID: 102734074863485485 bcsId: 0,size=2097152]} | ret=SUCCESS |  
2019-09-04 11:46:17,987 | INFO  | DNAudit | user=null | ip=null | op=WRITE_CHUNK {blockData=conID: 1 locID: 102734074863485485 bcsId: 0} | ret=SUCCESS |  
2019-09-04 11:46:17,987 | INFO  | DNAudit | user=null | ip=null | op=PUT_BLOCK {blockData=[blockId=conID: 1 locID: 102734074863485485 bcsId: 0,size=2097152]} | ret=SUCCESS |  
2019-09-04 11:46:17,992 | INFO  | DNAudit | user=null | ip=null | op=WRITE_CHUNK {blockData=conID: 1 locID: 102734074863485485 bcsId: 3149} | ret=SUCCESS |  
2019-09-04 11:46:17,994 | INFO  | DNAudit | user=null | ip=null | op=WRITE_CHUNK {blockData=conID: 1 locID: 102734074863485485 bcsId: 3149} | ret=SUCCESS |  
2019-09-04 11:46:17,994 | INFO  | DNAudit | user=null | ip=null | op=WRITE_CHUNK {blockData=conID: 1 locID: 102734074863485485 bcsId: 3149} | ret=SUCCESS |  
2019-09-04 11:46:18,044 | INFO  | DNAudit | user=null | ip=null | op=WRITE_CHUNK {blockData=conID: 1 locID: 102734074863485485 bcsId: 3149} | ret=SUCCESS |  
2019-09-04 11:46:18,045 | INFO  | DNAudit | user=null | ip=null | op=PUT_BLOCK {blockData=[blockId=conID: 1 locID: 102734074863485485 bcsId: 0,size=3145728]} | ret=SUCCESS |  
2019-09-04 11:46:18,045 [grpc-default-executor-6] INFO  client.GrpcClientProtocolClient (GrpcClientProtocolClient.java:onNext(255)) - client-D5CE890D7D9E->efcb8ff8-f060-4d95-9215-d0f5eb4af037: receive RaftClientReply:client-D5CE890D7D9E->efcb8ff8-f060-4d95-9215-d0f5eb4af037@group-0959F8DF43ED, cid=2139, SUCCESS, logIndex=3154, commits[efcb8ff8-f060-4d95-9215-d0f5eb4af037:c3154, 6fae8b02-e804-4c0e-b729-a97b7404b7f6:c3153, 4c3e8a66-6975-4917-8225-d3efe707aaff:c3153]
2019-09-04 11:46:18,046 [grpc-default-executor-6] INFO  client.GrpcClientProtocolClient (GrpcClientProtocolClient.java:onNext(255)) - client-D5CE890D7D9E->efcb8ff8-f060-4d95-9215-d0f5eb4af037: receive RaftClientReply:client-D5CE890D7D9E->efcb8ff8-f060-4d95-9215-d0f5eb4af037@group-0959F8DF43ED, cid=2140, SUCCESS, logIndex=3155, commits[efcb8ff8-f060-4d95-9215-d0f5eb4af037:c3155, 6fae8b02-e804-4c0e-b729-a97b7404b7f6:c3153, 4c3e8a66-6975-4917-8225-d3efe707aaff:c3153]
2019-09-04 11:46:18,052 | INFO  | DNAudit | user=null | ip=null | op=WRITE_CHUNK {blockData=conID: 1 locID: 102734074863485485 bcsId: 3155} | ret=SUCCESS |  
2019-09-04 11:46:18,055 | INFO  | DNAudit | user=null | ip=null | op=WRITE_CHUNK {blockData=conID: 1 locID: 102734074863485485 bcsId: 3155} | ret=SUCCESS |  
2019-09-04 11:46:18,057 | INFO  | DNAudit | user=null | ip=null | op=WRITE_CHUNK {blockData=conID: 1 locID: 102734074863485485 bcsId: 3149} | ret=SUCCESS |  
2019-09-04 11:46:18,057 | INFO  | DNAudit | user=null | ip=null | op=WRITE_CHUNK {blockData=conID: 1 locID: 102734074863485485 bcsId: 3149} | ret=SUCCESS |  
2019-09-04 11:46:18,057 | INFO  | DNAudit | user=null | ip=null | op=PUT_BLOCK {blockData=[blockId=conID: 1 locID: 102734074863485485 bcsId: 0,size=3145728]} | ret=SUCCESS |  
2019-09-04 11:46:18,057 | INFO  | DNAudit | user=null | ip=null | op=PUT_BLOCK {blockData=[blockId=conID: 1 locID: 102734074863485485 bcsId: 0,size=3145728]} | ret=SUCCESS |  
2019-09-04 11:46:18,058 | INFO  | DNAudit | user=null | ip=null | op=WRITE_CHUNK {blockData=conID: 1 locID: 102734074863485485 bcsId: 3155} | ret=SUCCESS |  
2019-09-04 11:46:18,058 | INFO  | DNAudit | user=null | ip=null | op=WRITE_CHUNK {blockData=conID: 1 locID: 102734074863485485 bcsId: 3155} | ret=SUCCESS |  
2019-09-04 11:46:18,058 | INFO  | DNAudit | user=null | ip=null | op=PUT_BLOCK {blockData=[blockId=conID: 1 locID: 102734074863485485 bcsId: 0,size=4194304]} | ret=SUCCESS |  
2019-09-04 11:46:18,059 [grpc-default-executor-5] INFO  client.GrpcClientProtocolClient (GrpcClientProtocolClient.java:onNext(255)) - client-D5CE890D7D9E->efcb8ff8-f060-4d95-9215-d0f5eb4af037: receive RaftClientReply:client-D5CE890D7D9E->efcb8ff8-f060-4d95-9215-d0f5eb4af037@group-0959F8DF43ED, cid=2141, SUCCESS, logIndex=3158, commits[efcb8ff8-f060-4d95-9215-d0f5eb4af037:c3159, 6fae8b02-e804-4c0e-b729-a97b7404b7f6:c3155, 4c3e8a66-6975-4917-8225-d3efe707aaff:c3155]
2019-09-04 11:46:18,059 [grpc-default-executor-5] INFO  client.GrpcClientProtocolClient (GrpcClientProtocolClient.java:onNext(255)) - client-D5CE890D7D9E->efcb8ff8-f060-4d95-9215-d0f5eb4af037: receive RaftClientReply:client-D5CE890D7D9E->efcb8ff8-f060-4d95-9215-d0f5eb4af037@group-0959F8DF43ED, cid=2142, SUCCESS, logIndex=3159, commits[efcb8ff8-f060-4d95-9215-d0f5eb4af037:c3159, 6fae8b02-e804-4c0e-b729-a97b7404b7f6:c3155, 4c3e8a66-6975-4917-8225-d3efe707aaff:c3155]
2019-09-04 11:46:18,060 | INFO  | DNAudit | user=null | ip=null | op=WRITE_CHUNK {blockData=conID: 1 locID: 102734074863485485 bcsId: 3155} | ret=SUCCESS |  
2019-09-04 11:46:18,060 | INFO  | DNAudit | user=null | ip=null | op=WRITE_CHUNK {blockData=conID: 1 locID: 102734074863485485 bcsId: 3155} | ret=SUCCESS |  
2019-09-04 11:46:18,060 | INFO  | DNAudit | user=null | ip=null | op=PUT_BLOCK {blockData=[blockId=conID: 1 locID: 102734074863485485 bcsId: 0,size=4194304]} | ret=SUCCESS |  
2019-09-04 11:46:18,060 | INFO  | DNAudit | user=null | ip=null | op=PUT_BLOCK {blockData=[blockId=conID: 1 locID: 102734074863485485 bcsId: 0,size=4194304]} | ret=SUCCESS |  
2019-09-04 11:46:18,061 [grpc-default-executor-5] INFO  client.GrpcClientProtocolClient (GrpcClientProtocolClient.java:onNext(255)) - client-D5CE890D7D9E->efcb8ff8-f060-4d95-9215-d0f5eb4af037: receive RaftClientReply:client-D5CE890D7D9E->efcb8ff8-f060-4d95-9215-d0f5eb4af037@group-0959F8DF43ED, cid=2143, SUCCESS, logIndex=0, commits[efcb8ff8-f060-4d95-9215-d0f5eb4af037:c3160, 6fae8b02-e804-4c0e-b729-a97b7404b7f6:c3159, 4c3e8a66-6975-4917-8225-d3efe707aaff:c3159]
2019-09-04 11:46:18,066 | INFO  | SCMAudit | user=jenkins1000 | ip=192.168.36.67 | op=ALLOCATE_BLOCK {owner=8ab292a2-aaa7-4ad8-863a-d33994811155, size=4194304, type=RATIS, factor=THREE} | ret=SUCCESS |  
2019-09-04 11:46:18,069 | INFO  | OMAudit | user=jenkins1000 | ip=127.0.0.1 | op=ALLOCATE_BLOCK {volume=vol-0-58699, bucket=bucket-0-57464, key=key-0-37266, dataSize=0, replicationType=null, replicationFactor=null, keyLocationInfo=null, clientID=102734073355960722} | ret=SUCCESS |  
2019-09-04 11:46:18,708 | INFO  | SCMAudit | user=jenkins1000 | ip=192.168.36.67 | op=SEND_HEARTBEAT {datanodeUUID=b68b188c-7f38-42ae-8403-46a39acd0731, command=[]} | ret=SUCCESS |  
2019-09-04 11:46:18,709 | INFO  | DNAudit | user=null | ip=null | op=WRITE_CHUNK {blockData=conID: 2 locID: 102734074876133934 bcsId: 0} | ret=SUCCESS |  
2019-09-04 11:46:18,712 | INFO  | DNAudit | user=null | ip=null | op=WRITE_CHUNK {blockData=conID: 2 locID: 102734074876133934 bcsId: 0} | ret=SUCCESS |  
2019-09-04 11:46:18,713 | INFO  | DNAudit | user=null | ip=null | op=WRITE_CHUNK {blockData=conID: 2 locID: 102734074876133934 bcsId: 0} | ret=SUCCESS |  
2019-09-04 11:46:18,713 | INFO  | DNAudit | user=null | ip=null | op=WRITE_CHUNK {blockData=conID: 2 locID: 102734074876133934 bcsId: 0} | ret=SUCCESS |  
2019-09-04 11:46:18,715 | INFO  | DNAudit | user=null | ip=null | op=WRITE_CHUNK {blockData=conID: 2 locID: 102734074876133934 bcsId: 0} | ret=SUCCESS |  
2019-09-04 11:46:18,715 | INFO  | DNAudit | user=null | ip=null | op=WRITE_CHUNK {blockData=conID: 2 locID: 102734074876133934 bcsId: 0} | ret=SUCCESS |  
2019-09-04 11:46:18,722 | INFO  | DNAudit | user=null | ip=null | op=WRITE_CHUNK {blockData=conID: 2 locID: 102734074876133934 bcsId: 0} | ret=SUCCESS |  
2019-09-04 11:46:18,723 | INFO  | DNAudit | user=null | ip=null | op=PUT_BLOCK {blockData=[blockId=conID: 2 locID: 102734074876133934 bcsId: 0,size=1048576]} | ret=SUCCESS |  
2019-09-04 11:46:18,723 [grpc-default-executor-1] INFO  client.GrpcClientProtocolClient (GrpcClientProtocolClient.java:onNext(255)) - client-D5CE890D7D9E->efcb8ff8-f060-4d95-9215-d0f5eb4af037: receive RaftClientReply:client-D5CE890D7D9E->efcb8ff8-f060-4d95-9215-d0f5eb4af037@group-0959F8DF43ED, cid=2144, SUCCESS, logIndex=3162, commits[efcb8ff8-f060-4d95-9215-d0f5eb4af037:c3163, 6fae8b02-e804-4c0e-b729-a97b7404b7f6:c3161, 4c3e8a66-6975-4917-8225-d3efe707aaff:c3161]
2019-09-04 11:46:18,724 [grpc-default-executor-1] INFO  client.GrpcClientProtocolClient (GrpcClientProtocolClient.java:onNext(255)) - client-D5CE890D7D9E->efcb8ff8-f060-4d95-9215-d0f5eb4af037: receive RaftClientReply:client-D5CE890D7D9E->efcb8ff8-f060-4d95-9215-d0f5eb4af037@group-0959F8DF43ED, cid=2145, SUCCESS, logIndex=3163, commits[efcb8ff8-f060-4d95-9215-d0f5eb4af037:c3163, 6fae8b02-e804-4c0e-b729-a97b7404b7f6:c3161, 4c3e8a66-6975-4917-8225-d3efe707aaff:c3161]
2019-09-04 11:46:18,735 | INFO  | SCMAudit | user=jenkins1000 | ip=192.168.36.67 | op=SEND_HEARTBEAT {datanodeUUID=6fae8b02-e804-4c0e-b729-a97b7404b7f6, command=[]} | ret=SUCCESS |  
2019-09-04 11:46:18,735 | INFO  | SCMAudit | user=jenkins1000 | ip=192.168.36.67 | op=SEND_HEARTBEAT {datanodeUUID=4c3e8a66-6975-4917-8225-d3efe707aaff, command=[]} | ret=SUCCESS |  
2019-09-04 11:46:18,740 | INFO  | SCMAudit | user=jenkins1000 | ip=192.168.36.67 | op=SEND_HEARTBEAT {datanodeUUID=0b776101-1d39-4f23-96c0-6a8ead31197c, command=[]} | ret=SUCCESS |  
2019-09-04 11:46:18,742 | INFO  | DNAudit | user=null | ip=null | op=WRITE_CHUNK {blockData=conID: 2 locID: 102734074876133934 bcsId: 0} | ret=SUCCESS |  
2019-09-04 11:46:18,742 | INFO  | DNAudit | user=null | ip=null | op=PUT_BLOCK {blockData=[blockId=conID: 2 locID: 102734074876133934 bcsId: 0,size=2097152]} | ret=SUCCESS |  
2019-09-04 11:46:18,742 [grpc-default-executor-1] INFO  client.GrpcClientProtocolClient (GrpcClientProtocolClient.java:onNext(255)) - client-D5CE890D7D9E->efcb8ff8-f060-4d95-9215-d0f5eb4af037: receive RaftClientReply:client-D5CE890D7D9E->efcb8ff8-f060-4d95-9215-d0f5eb4af037@group-0959F8DF43ED, cid=2146, SUCCESS, logIndex=3164, commits[efcb8ff8-f060-4d95-9215-d0f5eb4af037:c3165, 6fae8b02-e804-4c0e-b729-a97b7404b7f6:c3161, 4c3e8a66-6975-4917-8225-d3efe707aaff:c3161]
2019-09-04 11:46:18,743 [grpc-default-executor-1] INFO  client.GrpcClientProtocolClient (GrpcClientProtocolClient.java:onNext(255)) - client-D5CE890D7D9E->efcb8ff8-f060-4d95-9215-d0f5eb4af037: receive RaftClientReply:client-D5CE890D7D9E->efcb8ff8-f060-4d95-9215-d0f5eb4af037@group-0959F8DF43ED, cid=2147, SUCCESS, logIndex=3165, commits[efcb8ff8-f060-4d95-9215-d0f5eb4af037:c3165, 6fae8b02-e804-4c0e-b729-a97b7404b7f6:c3161, 4c3e8a66-6975-4917-8225-d3efe707aaff:c3161]
2019-09-04 11:46:18,743 | INFO  | DNAudit | user=null | ip=null | op=WRITE_CHUNK {blockData=conID: 2 locID: 102734074876133934 bcsId: 0} | ret=SUCCESS |  
2019-09-04 11:46:18,743 | INFO  | SCMAudit | user=jenkins1000 | ip=192.168.36.67 | op=SEND_HEARTBEAT {datanodeUUID=efcb8ff8-f060-4d95-9215-d0f5eb4af037, command=[]} | ret=SUCCESS |  
2019-09-04 11:46:18,744 | INFO  | DNAudit | user=null | ip=null | op=PUT_BLOCK {blockData=[blockId=conID: 2 locID: 102734074876133934 bcsId: 0,size=1048576]} | ret=SUCCESS |  
2019-09-04 11:46:18,744 | INFO  | DNAudit | user=null | ip=null | op=WRITE_CHUNK {blockData=conID: 2 locID: 102734074876133934 bcsId: 0} | ret=SUCCESS |  
2019-09-04 11:46:18,744 | INFO  | DNAudit | user=null | ip=null | op=WRITE_CHUNK {blockData=conID: 2 locID: 102734074876133934 bcsId: 0} | ret=SUCCESS |  
2019-09-04 11:46:18,744 | INFO  | DNAudit | user=null | ip=null | op=PUT_BLOCK {blockData=[blockId=conID: 2 locID: 102734074876133934 bcsId: 0,size=2097152]} | ret=SUCCESS |  
2019-09-04 11:46:18,744 | INFO  | DNAudit | user=null | ip=null | op=PUT_BLOCK {blockData=[blockId=conID: 2 locID: 102734074876133934 bcsId: 0,size=1048576]} | ret=SUCCESS |  
2019-09-04 11:46:18,745 | INFO  | DNAudit | user=null | ip=null | op=WRITE_CHUNK {blockData=conID: 2 locID: 102734074876133934 bcsId: 0} | ret=SUCCESS |  
2019-09-04 11:46:18,745 [grpc-default-executor-1] INFO  client.GrpcClientProtocolClient (GrpcClientProtocolClient.java:onNext(255)) - client-D5CE890D7D9E->efcb8ff8-f060-4d95-9215-d0f5eb4af037: receive RaftClientReply:client-D5CE890D7D9E->efcb8ff8-f060-4d95-9215-d0f5eb4af037@group-0959F8DF43ED, cid=2148, SUCCESS, logIndex=0, commits[efcb8ff8-f060-4d95-9215-d0f5eb4af037:c3168, 6fae8b02-e804-4c0e-b729-a97b7404b7f6:c3163, 4c3e8a66-6975-4917-8225-d3efe707aaff:c3165]
2019-09-04 11:46:18,745 | INFO  | DNAudit | user=null | ip=null | op=PUT_BLOCK {blockData=[blockId=conID: 2 locID: 102734074876133934 bcsId: 0,size=2097152]} | ret=SUCCESS |  
2019-09-04 11:46:18,751 | INFO  | DNAudit | user=null | ip=null | op=WRITE_CHUNK {blockData=conID: 2 locID: 102734074876133934 bcsId: 3165} | ret=SUCCESS |  
2019-09-04 11:46:18,753 | INFO  | DNAudit | user=null | ip=null | op=WRITE_CHUNK {blockData=conID: 2 locID: 102734074876133934 bcsId: 3165} | ret=SUCCESS |  
2019-09-04 11:46:18,753 | INFO  | DNAudit | user=null | ip=null | op=WRITE_CHUNK {blockData=conID: 2 locID: 102734074876133934 bcsId: 3165} | ret=SUCCESS |  
2019-09-04 11:46:18,781 | INFO  | DNAudit | user=null | ip=null | op=WRITE_CHUNK {blockData=conID: 2 locID: 102734074876133934 bcsId: 3165} | ret=SUCCESS |  
2019-09-04 11:46:18,781 | INFO  | DNAudit | user=null | ip=null | op=PUT_BLOCK {blockData=[blockId=conID: 2 locID: 102734074876133934 bcsId: 0,size=3145728]} | ret=SUCCESS |  
2019-09-04 11:46:18,782 [grpc-default-executor-6] INFO  client.GrpcClientProtocolClient (GrpcClientProtocolClient.java:onNext(255)) - client-D5CE890D7D9E->efcb8ff8-f060-4d95-9215-d0f5eb4af037: receive RaftClientReply:client-D5CE890D7D9E->efcb8ff8-f060-4d95-9215-d0f5eb4af037@group-0959F8DF43ED, cid=2149, SUCCESS, logIndex=3169, commits[efcb8ff8-f060-4d95-9215-d0f5eb4af037:c3170, 6fae8b02-e804-4c0e-b729-a97b7404b7f6:c3168, 4c3e8a66-6975-4917-8225-d3efe707aaff:c3168]
2019-09-04 11:46:18,782 [grpc-default-executor-6] INFO  client.GrpcClientProtocolClient (GrpcClientProtocolClient.java:onNext(255)) - client-D5CE890D7D9E->efcb8ff8-f060-4d95-9215-d0f5eb4af037: receive RaftClientReply:client-D5CE890D7D9E->efcb8ff8-f060-4d95-9215-d0f5eb4af037@group-0959F8DF43ED, cid=2150, SUCCESS, logIndex=3170, commits[efcb8ff8-f060-4d95-9215-d0f5eb4af037:c3170, 6fae8b02-e804-4c0e-b729-a97b7404b7f6:c3168, 4c3e8a66-6975-4917-8225-d3efe707aaff:c3168]
2019-09-04 11:46:18,789 | INFO  | DNAudit | user=null | ip=null | op=WRITE_CHUNK {blockData=conID: 2 locID: 102734074876133934 bcsId: 3170} | ret=SUCCESS |  
2019-09-04 11:46:18,796 | INFO  | DNAudit | user=null | ip=null | op=WRITE_CHUNK {blockData=conID: 2 locID: 102734074876133934 bcsId: 3170} | ret=SUCCESS |  
2019-09-04 11:46:18,797 | INFO  | DNAudit | user=null | ip=null | op=WRITE_CHUNK {blockData=conID: 2 locID: 102734074876133934 bcsId: 3170} | ret=SUCCESS |  
2019-09-04 11:46:18,805 | INFO  | DNAudit | user=null | ip=null | op=WRITE_CHUNK {blockData=conID: 2 locID: 102734074876133934 bcsId: 3165} | ret=SUCCESS |  
2019-09-04 11:46:18,805 | INFO  | DNAudit | user=null | ip=null | op=WRITE_CHUNK {blockData=conID: 2 locID: 102734074876133934 bcsId: 3165} | ret=SUCCESS |  
2019-09-04 11:46:18,805 | INFO  | DNAudit | user=null | ip=null | op=PUT_BLOCK {blockData=[blockId=conID: 2 locID: 102734074876133934 bcsId: 0,size=3145728]} | ret=SUCCESS |  
2019-09-04 11:46:18,805 | INFO  | DNAudit | user=null | ip=null | op=PUT_BLOCK {blockData=[blockId=conID: 2 locID: 102734074876133934 bcsId: 0,size=3145728]} | ret=SUCCESS |  
2019-09-04 11:46:18,833 | INFO  | DNAudit | user=null | ip=null | op=WRITE_CHUNK {blockData=conID: 2 locID: 102734074876133934 bcsId: 3170} | ret=SUCCESS |  
2019-09-04 11:46:18,834 | INFO  | DNAudit | user=null | ip=null | op=PUT_BLOCK {blockData=[blockId=conID: 2 locID: 102734074876133934 bcsId: 0,size=4194304]} | ret=SUCCESS |  
2019-09-04 11:46:18,834 [grpc-default-executor-1] INFO  client.GrpcClientProtocolClient (GrpcClientProtocolClient.java:onNext(255)) - client-D5CE890D7D9E->efcb8ff8-f060-4d95-9215-d0f5eb4af037: receive RaftClientReply:client-D5CE890D7D9E->efcb8ff8-f060-4d95-9215-d0f5eb4af037@group-0959F8DF43ED, cid=2151, SUCCESS, logIndex=3173, commits[efcb8ff8-f060-4d95-9215-d0f5eb4af037:c3174, 6fae8b02-e804-4c0e-b729-a97b7404b7f6:c3170, 4c3e8a66-6975-4917-8225-d3efe707aaff:c3170]
2019-09-04 11:46:18,834 [grpc-default-executor-1] INFO  client.GrpcClientProtocolClient (GrpcClientProtocolClient.java:onNext(255)) - client-D5CE890D7D9E->efcb8ff8-f060-4d95-9215-d0f5eb4af037: receive RaftClientReply:client-D5CE890D7D9E->efcb8ff8-f060-4d95-9215-d0f5eb4af037@group-0959F8DF43ED, cid=2152, SUCCESS, logIndex=3174, commits[efcb8ff8-f060-4d95-9215-d0f5eb4af037:c3174, 6fae8b02-e804-4c0e-b729-a97b7404b7f6:c3170, 4c3e8a66-6975-4917-8225-d3efe707aaff:c3170]
2019-09-04 11:46:18,928 | INFO  | DNAudit | user=null | ip=null | op=WRITE_CHUNK {blockData=conID: 2 locID: 102734074876133934 bcsId: 3170} | ret=SUCCESS |  
2019-09-04 11:46:18,928 | INFO  | DNAudit | user=null | ip=null | op=WRITE_CHUNK {blockData=conID: 2 locID: 102734074876133934 bcsId: 3170} | ret=SUCCESS |  
2019-09-04 11:46:18,929 | INFO  | DNAudit | user=null | ip=null | op=PUT_BLOCK {blockData=[blockId=conID: 2 locID: 102734074876133934 bcsId: 0,size=4194304]} | ret=SUCCESS |  
2019-09-04 11:46:18,929 | INFO  | DNAudit | user=null | ip=null | op=PUT_BLOCK {blockData=[blockId=conID: 2 locID: 102734074876133934 bcsId: 0,size=4194304]} | ret=SUCCESS |  
2019-09-04 11:46:18,933 [grpc-default-executor-1] INFO  client.GrpcClientProtocolClient (GrpcClientProtocolClient.java:onNext(255)) - client-D5CE890D7D9E->efcb8ff8-f060-4d95-9215-d0f5eb4af037: receive RaftClientReply:client-D5CE890D7D9E->efcb8ff8-f060-4d95-9215-d0f5eb4af037@group-0959F8DF43ED, cid=2153, SUCCESS, logIndex=0, commits[efcb8ff8-f060-4d95-9215-d0f5eb4af037:c3175, 6fae8b02-e804-4c0e-b729-a97b7404b7f6:c3174, 4c3e8a66-6975-4917-8225-d3efe707aaff:c3174]
2019-09-04 11:46:18,940 | INFO  | SCMAudit | user=jenkins1000 | ip=192.168.36.67 | op=ALLOCATE_BLOCK {owner=8ab292a2-aaa7-4ad8-863a-d33994811155, size=4194304, type=RATIS, factor=THREE} | ret=SUCCESS |  
2019-09-04 11:46:18,947 | INFO  | OMAudit | user=jenkins1000 | ip=127.0.0.1 | op=ALLOCATE_BLOCK {volume=vol-0-58699, bucket=bucket-0-57464, key=key-0-37266, dataSize=0, replicationType=null, replicationFactor=null, keyLocationInfo=null, clientID=102734073355960722} | ret=SUCCESS |  
2019-09-04 11:46:18,956 | INFO  | DNAudit | user=null | ip=null | op=WRITE_CHUNK {blockData=conID: 3 locID: 102734074933412399 bcsId: 0} | ret=SUCCESS |  
2019-09-04 11:46:18,957 | INFO  | DNAudit | user=null | ip=null | op=WRITE_CHUNK {blockData=conID: 3 locID: 102734074933412399 bcsId: 0} | ret=SUCCESS |  
2019-09-04 11:46:18,958 | INFO  | DNAudit | user=null | ip=null | op=WRITE_CHUNK {blockData=conID: 3 locID: 102734074933412399 bcsId: 0} | ret=SUCCESS |  
2019-09-04 11:46:18,958 | INFO  | DNAudit | user=null | ip=null | op=WRITE_CHUNK {blockData=conID: 3 locID: 102734074933412399 bcsId: 0} | ret=SUCCESS |  
2019-09-04 11:46:18,960 | INFO  | DNAudit | user=null | ip=null | op=WRITE_CHUNK {blockData=conID: 3 locID: 102734074933412399 bcsId: 0} | ret=SUCCESS |  
2019-09-04 11:46:18,960 | INFO  | DNAudit | user=null | ip=null | op=WRITE_CHUNK {blockData=conID: 3 locID: 102734074933412399 bcsId: 0} | ret=SUCCESS |  
 0.00% |█                                                                                                    |  0/1 Time: 0:00:242019-09-04 11:46:19,195 | INFO  | DNAudit | user=null | ip=null | op=WRITE_CHUNK {blockData=conID: 3 locID: 102734074933412399 bcsId: 0} | ret=SUCCESS |  
2019-09-04 11:46:19,196 | INFO  | DNAudit | user=null | ip=null | op=PUT_BLOCK {blockData=[blockId=conID: 3 locID: 102734074933412399 bcsId: 0,size=1048576]} | ret=SUCCESS |  
2019-09-04 11:46:19,196 | INFO  | DNAudit | user=null | ip=null | op=WRITE_CHUNK {blockData=conID: 3 locID: 102734074933412399 bcsId: 0} | ret=SUCCESS |  
2019-09-04 11:46:19,196 [grpc-default-executor-6] INFO  client.GrpcClientProtocolClient (GrpcClientProtocolClient.java:onNext(255)) - client-D5CE890D7D9E->efcb8ff8-f060-4d95-9215-d0f5eb4af037: receive RaftClientReply:client-D5CE890D7D9E->efcb8ff8-f060-4d95-9215-d0f5eb4af037@group-0959F8DF43ED, cid=2154, SUCCESS, logIndex=3177, commits[efcb8ff8-f060-4d95-9215-d0f5eb4af037:c3178, 6fae8b02-e804-4c0e-b729-a97b7404b7f6:c3174, 4c3e8a66-6975-4917-8225-d3efe707aaff:c3175]
2019-09-04 11:46:19,197 | INFO  | DNAudit | user=null | ip=null | op=PUT_BLOCK {blockData=[blockId=conID: 3 locID: 102734074933412399 bcsId: 0,size=2097152]} | ret=SUCCESS |  
2019-09-04 11:46:19,197 [grpc-default-executor-6] INFO  client.GrpcClientProtocolClient (GrpcClientProtocolClient.java:onNext(255)) - client-D5CE890D7D9E->efcb8ff8-f060-4d95-9215-d0f5eb4af037: receive RaftClientReply:client-D5CE890D7D9E->efcb8ff8-f060-4d95-9215-d0f5eb4af037@group-0959F8DF43ED, cid=2155, SUCCESS, logIndex=3178, commits[efcb8ff8-f060-4d95-9215-d0f5eb4af037:c3180, 6fae8b02-e804-4c0e-b729-a97b7404b7f6:c3175, 4c3e8a66-6975-4917-8225-d3efe707aaff:c3175]
2019-09-04 11:46:19,197 [grpc-default-executor-6] INFO  client.GrpcClientProtocolClient (GrpcClientProtocolClient.java:onNext(255)) - client-D5CE890D7D9E->efcb8ff8-f060-4d95-9215-d0f5eb4af037: receive RaftClientReply:client-D5CE890D7D9E->efcb8ff8-f060-4d95-9215-d0f5eb4af037@group-0959F8DF43ED, cid=2156, SUCCESS, logIndex=3179, commits[efcb8ff8-f060-4d95-9215-d0f5eb4af037:c3180, 6fae8b02-e804-4c0e-b729-a97b7404b7f6:c3175, 4c3e8a66-6975-4917-8225-d3efe707aaff:c3175]
2019-09-04 11:46:19,198 [grpc-default-executor-6] INFO  client.GrpcClientProtocolClient (GrpcClientProtocolClient.java:onNext(255)) - client-D5CE890D7D9E->efcb8ff8-f060-4d95-9215-d0f5eb4af037: receive RaftClientReply:client-D5CE890D7D9E->efcb8ff8-f060-4d95-9215-d0f5eb4af037@group-0959F8DF43ED, cid=2157, SUCCESS, logIndex=3180, commits[efcb8ff8-f060-4d95-9215-d0f5eb4af037:c3180, 6fae8b02-e804-4c0e-b729-a97b7404b7f6:c3175, 4c3e8a66-6975-4917-8225-d3efe707aaff:c3175]
2019-09-04 11:46:19,232 | INFO  | DNAudit | user=null | ip=null | op=WRITE_CHUNK {blockData=conID: 3 locID: 102734074933412399 bcsId: 0} | ret=SUCCESS |  
2019-09-04 11:46:19,235 | INFO  | DNAudit | user=null | ip=null | op=WRITE_CHUNK {blockData=conID: 3 locID: 102734074933412399 bcsId: 0} | ret=SUCCESS |  
2019-09-04 11:46:19,235 | INFO  | DNAudit | user=null | ip=null | op=PUT_BLOCK {blockData=[blockId=conID: 3 locID: 102734074933412399 bcsId: 0,size=1048576]} | ret=SUCCESS |  
2019-09-04 11:46:19,235 | INFO  | DNAudit | user=null | ip=null | op=PUT_BLOCK {blockData=[blockId=conID: 3 locID: 102734074933412399 bcsId: 0,size=1048576]} | ret=SUCCESS |  
2019-09-04 11:46:19,239 | INFO  | DNAudit | user=null | ip=null | op=WRITE_CHUNK {blockData=conID: 3 locID: 102734074933412399 bcsId: 0} | ret=SUCCESS |  
2019-09-04 11:46:19,239 | INFO  | DNAudit | user=null | ip=null | op=WRITE_CHUNK {blockData=conID: 3 locID: 102734074933412399 bcsId: 0} | ret=SUCCESS |  
2019-09-04 11:46:19,240 | INFO  | DNAudit | user=null | ip=null | op=PUT_BLOCK {blockData=[blockId=conID: 3 locID: 102734074933412399 bcsId: 0,size=2097152]} | ret=SUCCESS |  
2019-09-04 11:46:19,240 | INFO  | DNAudit | user=null | ip=null | op=PUT_BLOCK {blockData=[blockId=conID: 3 locID: 102734074933412399 bcsId: 0,size=2097152]} | ret=SUCCESS |  
2019-09-04 11:46:19,240 [grpc-default-executor-6] INFO  client.GrpcClientProtocolClient (GrpcClientProtocolClient.java:onNext(255)) - client-D5CE890D7D9E->efcb8ff8-f060-4d95-9215-d0f5eb4af037: receive RaftClientReply:client-D5CE890D7D9E->efcb8ff8-f060-4d95-9215-d0f5eb4af037@group-0959F8DF43ED, cid=2158, SUCCESS, logIndex=0, commits[efcb8ff8-f060-4d95-9215-d0f5eb4af037:c3181, 6fae8b02-e804-4c0e-b729-a97b7404b7f6:c3178, 4c3e8a66-6975-4917-8225-d3efe707aaff:c3178]
2019-09-04 11:46:19,249 | INFO  | DNAudit | user=null | ip=null | op=WRITE_CHUNK {blockData=conID: 3 locID: 102734074933412399 bcsId: 3180} | ret=SUCCESS |  
2019-09-04 11:46:19,251 | INFO  | DNAudit | user=null | ip=null | op=WRITE_CHUNK {blockData=conID: 3 locID: 102734074933412399 bcsId: 3180} | ret=SUCCESS |  
2019-09-04 11:46:19,252 | INFO  | DNAudit | user=null | ip=null | op=WRITE_CHUNK {blockData=conID: 3 locID: 102734074933412399 bcsId: 3180} | ret=SUCCESS |  
2019-09-04 11:46:19,256 | INFO  | DNAudit | user=null | ip=null | op=WRITE_CHUNK {blockData=conID: 3 locID: 102734074933412399 bcsId: 3180} | ret=SUCCESS |  
2019-09-04 11:46:19,257 | INFO  | DNAudit | user=null | ip=null | op=PUT_BLOCK {blockData=[blockId=conID: 3 locID: 102734074933412399 bcsId: 0,size=3145728]} | ret=SUCCESS |  
2019-09-04 11:46:19,257 [grpc-default-executor-5] INFO  client.GrpcClientProtocolClient (GrpcClientProtocolClient.java:onNext(255)) - client-D5CE890D7D9E->efcb8ff8-f060-4d95-9215-d0f5eb4af037: receive RaftClientReply:client-D5CE890D7D9E->efcb8ff8-f060-4d95-9215-d0f5eb4af037@group-0959F8DF43ED, cid=2159, SUCCESS, logIndex=3185, commits[efcb8ff8-f060-4d95-9215-d0f5eb4af037:c3186, 6fae8b02-e804-4c0e-b729-a97b7404b7f6:c3184, 4c3e8a66-6975-4917-8225-d3efe707aaff:c3184]
2019-09-04 11:46:19,257 [grpc-default-executor-5] INFO  client.GrpcClientProtocolClient (GrpcClientProtocolClient.java:onNext(255)) - client-D5CE890D7D9E->efcb8ff8-f060-4d95-9215-d0f5eb4af037: receive RaftClientReply:client-D5CE890D7D9E->efcb8ff8-f060-4d95-9215-d0f5eb4af037@group-0959F8DF43ED, cid=2160, SUCCESS, logIndex=3186, commits[efcb8ff8-f060-4d95-9215-d0f5eb4af037:c3186, 6fae8b02-e804-4c0e-b729-a97b7404b7f6:c3184, 4c3e8a66-6975-4917-8225-d3efe707aaff:c3184]
2019-09-04 11:46:19,264 | INFO  | DNAudit | user=null | ip=null | op=WRITE_CHUNK {blockData=conID: 3 locID: 102734074933412399 bcsId: 3186} | ret=SUCCESS |  
2019-09-04 11:46:19,267 | INFO  | DNAudit | user=null | ip=null | op=WRITE_CHUNK {blockData=conID: 3 locID: 102734074933412399 bcsId: 3186} | ret=SUCCESS |  
2019-09-04 11:46:19,267 | INFO  | DNAudit | user=null | ip=null | op=WRITE_CHUNK {blockData=conID: 3 locID: 102734074933412399 bcsId: 3186} | ret=SUCCESS |  
2019-09-04 11:46:19,279 | INFO  | DNAudit | user=null | ip=null | op=WRITE_CHUNK {blockData=conID: 3 locID: 102734074933412399 bcsId: 3180} | ret=SUCCESS |  
2019-09-04 11:46:19,279 | INFO  | DNAudit | user=null | ip=null | op=WRITE_CHUNK {blockData=conID: 3 locID: 102734074933412399 bcsId: 3180} | ret=SUCCESS |  
2019-09-04 11:46:19,281 | INFO  | DNAudit | user=null | ip=null | op=PUT_BLOCK {blockData=[blockId=conID: 3 locID: 102734074933412399 bcsId: 0,size=3145728]} | ret=SUCCESS |  
2019-09-04 11:46:19,281 | INFO  | DNAudit | user=null | ip=null | op=PUT_BLOCK {blockData=[blockId=conID: 3 locID: 102734074933412399 bcsId: 0,size=3145728]} | ret=SUCCESS |  
2019-09-04 11:46:19,281 | INFO  | DNAudit | user=null | ip=null | op=WRITE_CHUNK {blockData=conID: 3 locID: 102734074933412399 bcsId: 3186} | ret=SUCCESS |  
2019-09-04 11:46:19,282 | INFO  | DNAudit | user=null | ip=null | op=PUT_BLOCK {blockData=[blockId=conID: 3 locID: 102734074933412399 bcsId: 0,size=4194304]} | ret=SUCCESS |  
2019-09-04 11:46:19,282 [grpc-default-executor-6] INFO  client.GrpcClientProtocolClient (GrpcClientProtocolClient.java:onNext(255)) - client-D5CE890D7D9E->efcb8ff8-f060-4d95-9215-d0f5eb4af037: receive RaftClientReply:client-D5CE890D7D9E->efcb8ff8-f060-4d95-9215-d0f5eb4af037@group-0959F8DF43ED, cid=2161, SUCCESS, logIndex=3189, commits[efcb8ff8-f060-4d95-9215-d0f5eb4af037:c3189, 6fae8b02-e804-4c0e-b729-a97b7404b7f6:c3185, 4c3e8a66-6975-4917-8225-d3efe707aaff:c3186]
2019-09-04 11:46:19,283 [grpc-default-executor-6] INFO  client.GrpcClientProtocolClient (GrpcClientProtocolClient.java:onNext(255)) - client-D5CE890D7D9E->efcb8ff8-f060-4d95-9215-d0f5eb4af037: receive RaftClientReply:client-D5CE890D7D9E->efcb8ff8-f060-4d95-9215-d0f5eb4af037@group-0959F8DF43ED, cid=2162, SUCCESS, logIndex=3190, commits[efcb8ff8-f060-4d95-9215-d0f5eb4af037:c3190, 6fae8b02-e804-4c0e-b729-a97b7404b7f6:c3186, 4c3e8a66-6975-4917-8225-d3efe707aaff:c3186]
2019-09-04 11:46:19,319 | INFO  | DNAudit | user=null | ip=null | op=WRITE_CHUNK {blockData=conID: 3 locID: 102734074933412399 bcsId: 3186} | ret=SUCCESS |  
2019-09-04 11:46:19,319 | INFO  | DNAudit | user=null | ip=null | op=WRITE_CHUNK {blockData=conID: 3 locID: 102734074933412399 bcsId: 3186} | ret=SUCCESS |  
2019-09-04 11:46:19,321 | INFO  | DNAudit | user=null | ip=null | op=PUT_BLOCK {blockData=[blockId=conID: 3 locID: 102734074933412399 bcsId: 0,size=4194304]} | ret=SUCCESS |  
2019-09-04 11:46:19,321 | INFO  | DNAudit | user=null | ip=null | op=PUT_BLOCK {blockData=[blockId=conID: 3 locID: 102734074933412399 bcsId: 0,size=4194304]} | ret=SUCCESS |  
2019-09-04 11:46:19,321 [grpc-default-executor-6] INFO  client.GrpcClientProtocolClient (GrpcClientProtocolClient.java:onNext(255)) - client-D5CE890D7D9E->efcb8ff8-f060-4d95-9215-d0f5eb4af037: receive RaftClientReply:client-D5CE890D7D9E->efcb8ff8-f060-4d95-9215-d0f5eb4af037@group-0959F8DF43ED, cid=2163, SUCCESS, logIndex=0, commits[efcb8ff8-f060-4d95-9215-d0f5eb4af037:c3192, 6fae8b02-e804-4c0e-b729-a97b7404b7f6:c3190, 4c3e8a66-6975-4917-8225-d3efe707aaff:c3190]
2019-09-04 11:46:19,328 | INFO  | SCMAudit | user=jenkins1000 | ip=192.168.36.67 | op=ALLOCATE_BLOCK {owner=8ab292a2-aaa7-4ad8-863a-d33994811155, size=4194304, type=RATIS, factor=THREE} | ret=SUCCESS |  
2019-09-04 11:46:19,334 | INFO  | OMAudit | user=jenkins1000 | ip=127.0.0.1 | op=ALLOCATE_BLOCK {volume=vol-0-58699, bucket=bucket-0-57464, key=key-0-37266, dataSize=0, replicationType=null, replicationFactor=null, keyLocationInfo=null, clientID=102734073355960722} | ret=SUCCESS |  
2019-09-04 11:46:19,341 | INFO  | DNAudit | user=null | ip=null | op=WRITE_CHUNK {blockData=conID: 1 locID: 102734074958840368 bcsId: 0} | ret=SUCCESS |  
2019-09-04 11:46:19,344 | INFO  | DNAudit | user=null | ip=null | op=WRITE_CHUNK {blockData=conID: 1 locID: 102734074958840368 bcsId: 0} | ret=SUCCESS |  
2019-09-04 11:46:19,344 | INFO  | DNAudit | user=null | ip=null | op=WRITE_CHUNK {blockData=conID: 1 locID: 102734074958840368 bcsId: 0} | ret=SUCCESS |  
2019-09-04 11:46:19,344 | INFO  | DNAudit | user=null | ip=null | op=WRITE_CHUNK {blockData=conID: 1 locID: 102734074958840368 bcsId: 0} | ret=SUCCESS |  
2019-09-04 11:46:19,345 | INFO  | DNAudit | user=null | ip=null | op=WRITE_CHUNK {blockData=conID: 1 locID: 102734074958840368 bcsId: 0} | ret=SUCCESS |  
2019-09-04 11:46:19,345 | INFO  | DNAudit | user=null | ip=null | op=WRITE_CHUNK {blockData=conID: 1 locID: 102734074958840368 bcsId: 0} | ret=SUCCESS |  
2019-09-04 11:46:19,382 | INFO  | DNAudit | user=null | ip=null | op=WRITE_CHUNK {blockData=conID: 1 locID: 102734074958840368 bcsId: 0} | ret=SUCCESS |  
2019-09-04 11:46:19,382 | INFO  | DNAudit | user=null | ip=null | op=PUT_BLOCK {blockData=[blockId=conID: 1 locID: 102734074958840368 bcsId: 0,size=1048576]} | ret=SUCCESS |  
2019-09-04 11:46:19,383 | INFO  | DNAudit | user=null | ip=null | op=WRITE_CHUNK {blockData=conID: 1 locID: 102734074958840368 bcsId: 0} | ret=SUCCESS |  
2019-09-04 11:46:19,383 [grpc-default-executor-0] INFO  client.GrpcClientProtocolClient (GrpcClientProtocolClient.java:onNext(255)) - client-D5CE890D7D9E->efcb8ff8-f060-4d95-9215-d0f5eb4af037: receive RaftClientReply:client-D5CE890D7D9E->efcb8ff8-f060-4d95-9215-d0f5eb4af037@group-0959F8DF43ED, cid=2164, SUCCESS, logIndex=3193, commits[efcb8ff8-f060-4d95-9215-d0f5eb4af037:c3196, 6fae8b02-e804-4c0e-b729-a97b7404b7f6:c3192, 4c3e8a66-6975-4917-8225-d3efe707aaff:c3192]
2019-09-04 11:46:19,383 | INFO  | DNAudit | user=null | ip=null | op=PUT_BLOCK {blockData=[blockId=conID: 1 locID: 102734074958840368 bcsId: 0,size=2097152]} | ret=SUCCESS |  
2019-09-04 11:46:19,384 [grpc-default-executor-0] INFO  client.GrpcClientProtocolClient (GrpcClientProtocolClient.java:onNext(255)) - client-D5CE890D7D9E->efcb8ff8-f060-4d95-9215-d0f5eb4af037: receive RaftClientReply:client-D5CE890D7D9E->efcb8ff8-f060-4d95-9215-d0f5eb4af037@group-0959F8DF43ED, cid=2165, SUCCESS, logIndex=3194, commits[efcb8ff8-f060-4d95-9215-d0f5eb4af037:c3196, 6fae8b02-e804-4c0e-b729-a97b7404b7f6:c3192, 4c3e8a66-6975-4917-8225-d3efe707aaff:c3192]
2019-09-04 11:46:19,384 [grpc-default-executor-0] INFO  client.GrpcClientProtocolClient (GrpcClientProtocolClient.java:onNext(255)) - client-D5CE890D7D9E->efcb8ff8-f060-4d95-9215-d0f5eb4af037: receive RaftClientReply:client-D5CE890D7D9E->efcb8ff8-f060-4d95-9215-d0f5eb4af037@group-0959F8DF43ED, cid=2166, SUCCESS, logIndex=3195, commits[efcb8ff8-f060-4d95-9215-d0f5eb4af037:c3196, 6fae8b02-e804-4c0e-b729-a97b7404b7f6:c3192, 4c3e8a66-6975-4917-8225-d3efe707aaff:c3192]
2019-09-04 11:46:19,384 [grpc-default-executor-0] INFO  client.GrpcClientProtocolClient (GrpcClientProtocolClient.java:onNext(255)) - client-D5CE890D7D9E->efcb8ff8-f060-4d95-9215-d0f5eb4af037: receive RaftClientReply:client-D5CE890D7D9E->efcb8ff8-f060-4d95-9215-d0f5eb4af037@group-0959F8DF43ED, cid=2167, SUCCESS, logIndex=3196, commits[efcb8ff8-f060-4d95-9215-d0f5eb4af037:c3196, 6fae8b02-e804-4c0e-b729-a97b7404b7f6:c3192, 4c3e8a66-6975-4917-8225-d3efe707aaff:c3192]
2019-09-04 11:46:19,392 | INFO  | DNAudit | user=null | ip=null | op=WRITE_CHUNK {blockData=conID: 1 locID: 102734074958840368 bcsId: 0} | ret=SUCCESS |  
2019-09-04 11:46:19,393 | INFO  | DNAudit | user=null | ip=null | op=PUT_BLOCK {blockData=[blockId=conID: 1 locID: 102734074958840368 bcsId: 0,size=1048576]} | ret=SUCCESS |  
2019-09-04 11:46:19,393 | INFO  | DNAudit | user=null | ip=null | op=WRITE_CHUNK {blockData=conID: 1 locID: 102734074958840368 bcsId: 0} | ret=SUCCESS |  
2019-09-04 11:46:19,393 | INFO  | DNAudit | user=null | ip=null | op=WRITE_CHUNK {blockData=conID: 1 locID: 102734074958840368 bcsId: 0} | ret=SUCCESS |  
2019-09-04 11:46:19,393 | INFO  | DNAudit | user=null | ip=null | op=PUT_BLOCK {blockData=[blockId=conID: 1 locID: 102734074958840368 bcsId: 0,size=1048576]} | ret=SUCCESS |  
2019-09-04 11:46:19,394 | INFO  | DNAudit | user=null | ip=null | op=WRITE_CHUNK {blockData=conID: 1 locID: 102734074958840368 bcsId: 0} | ret=SUCCESS |  
2019-09-04 11:46:19,394 [grpc-default-executor-0] INFO  client.GrpcClientProtocolClient (GrpcClientProtocolClient.java:onNext(255)) - client-D5CE890D7D9E->efcb8ff8-f060-4d95-9215-d0f5eb4af037: receive RaftClientReply:client-D5CE890D7D9E->efcb8ff8-f060-4d95-9215-d0f5eb4af037@group-0959F8DF43ED, cid=2168, SUCCESS, logIndex=0, commits[efcb8ff8-f060-4d95-9215-d0f5eb4af037:c3197, 6fae8b02-e804-4c0e-b729-a97b7404b7f6:c3195, 4c3e8a66-6975-4917-8225-d3efe707aaff:c3195]
2019-09-04 11:46:19,394 | INFO  | DNAudit | user=null | ip=null | op=PUT_BLOCK {blockData=[blockId=conID: 1 locID: 102734074958840368 bcsId: 0,size=2097152]} | ret=SUCCESS |  
2019-09-04 11:46:19,395 | INFO  | DNAudit | user=null | ip=null | op=PUT_BLOCK {blockData=[blockId=conID: 1 locID: 102734074958840368 bcsId: 0,size=2097152]} | ret=SUCCESS |  
2019-09-04 11:46:19,403 | INFO  | DNAudit | user=null | ip=null | op=WRITE_CHUNK {blockData=conID: 1 locID: 102734074958840368 bcsId: 3196} | ret=SUCCESS |  
2019-09-04 11:46:19,406 | INFO  | DNAudit | user=null | ip=null | op=WRITE_CHUNK {blockData=conID: 1 locID: 102734074958840368 bcsId: 3196} | ret=SUCCESS |  
2019-09-04 11:46:19,406 | INFO  | DNAudit | user=null | ip=null | op=WRITE_CHUNK {blockData=conID: 1 locID: 102734074958840368 bcsId: 3196} | ret=SUCCESS |  
2019-09-04 11:46:19,418 | INFO  | DNAudit | user=null | ip=null | op=WRITE_CHUNK {blockData=conID: 1 locID: 102734074958840368 bcsId: 3196} | ret=SUCCESS |  
2019-09-04 11:46:19,419 | INFO  | DNAudit | user=null | ip=null | op=PUT_BLOCK {blockData=[blockId=conID: 1 locID: 102734074958840368 bcsId: 0,size=3145728]} | ret=SUCCESS |  
2019-09-04 11:46:19,419 [grpc-default-executor-5] INFO  client.GrpcClientProtocolClient (GrpcClientProtocolClient.java:onNext(255)) - client-D5CE890D7D9E->efcb8ff8-f060-4d95-9215-d0f5eb4af037: receive RaftClientReply:client-D5CE890D7D9E->efcb8ff8-f060-4d95-9215-d0f5eb4af037@group-0959F8DF43ED, cid=2169, SUCCESS, logIndex=3200, commits[efcb8ff8-f060-4d95-9215-d0f5eb4af037:c3201, 6fae8b02-e804-4c0e-b729-a97b7404b7f6:c3199, 4c3e8a66-6975-4917-8225-d3efe707aaff:c3199]
2019-09-04 11:46:19,419 [grpc-default-executor-5] INFO  client.GrpcClientProtocolClient (GrpcClientProtocolClient.java:onNext(255)) - client-D5CE890D7D9E->efcb8ff8-f060-4d95-9215-d0f5eb4af037: receive RaftClientReply:client-D5CE890D7D9E->efcb8ff8-f060-4d95-9215-d0f5eb4af037@group-0959F8DF43ED, cid=2170, SUCCESS, logIndex=3201, commits[efcb8ff8-f060-4d95-9215-d0f5eb4af037:c3201, 6fae8b02-e804-4c0e-b729-a97b7404b7f6:c3199, 4c3e8a66-6975-4917-8225-d3efe707aaff:c3199]
2019-09-04 11:46:19,427 | INFO  | DNAudit | user=null | ip=null | op=WRITE_CHUNK {blockData=conID: 1 locID: 102734074958840368 bcsId: 3201} | ret=SUCCESS |  
2019-09-04 11:46:19,430 | INFO  | DNAudit | user=null | ip=null | op=WRITE_CHUNK {blockData=conID: 1 locID: 102734074958840368 bcsId: 3201} | ret=SUCCESS |  
2019-09-04 11:46:19,430 | INFO  | DNAudit | user=null | ip=null | op=WRITE_CHUNK {blockData=conID: 1 locID: 102734074958840368 bcsId: 3201} | ret=SUCCESS |  
2019-09-04 11:46:19,446 | INFO  | DNAudit | user=null | ip=null | op=WRITE_CHUNK {blockData=conID: 1 locID: 102734074958840368 bcsId: 3196} | ret=SUCCESS |  
2019-09-04 11:46:19,446 | INFO  | DNAudit | user=null | ip=null | op=WRITE_CHUNK {blockData=conID: 1 locID: 102734074958840368 bcsId: 3196} | ret=SUCCESS |  
2019-09-04 11:46:19,446 | INFO  | DNAudit | user=null | ip=null | op=PUT_BLOCK {blockData=[blockId=conID: 1 locID: 102734074958840368 bcsId: 0,size=3145728]} | ret=SUCCESS |  
2019-09-04 11:46:19,446 | INFO  | DNAudit | user=null | ip=null | op=PUT_BLOCK {blockData=[blockId=conID: 1 locID: 102734074958840368 bcsId: 0,size=3145728]} | ret=SUCCESS |  
2019-09-04 11:46:19,448 | INFO  | DNAudit | user=null | ip=null | op=WRITE_CHUNK {blockData=conID: 1 locID: 102734074958840368 bcsId: 3201} | ret=SUCCESS |  
2019-09-04 11:46:19,448 | INFO  | DNAudit | user=null | ip=null | op=PUT_BLOCK {blockData=[blockId=conID: 1 locID: 102734074958840368 bcsId: 0,size=4194304]} | ret=SUCCESS |  
2019-09-04 11:46:19,449 [grpc-default-executor-5] INFO  client.GrpcClientProtocolClient (GrpcClientProtocolClient.java:onNext(255)) - client-D5CE890D7D9E->efcb8ff8-f060-4d95-9215-d0f5eb4af037: receive RaftClientReply:client-D5CE890D7D9E->efcb8ff8-f060-4d95-9215-d0f5eb4af037@group-0959F8DF43ED, cid=2171, SUCCESS, logIndex=3204, commits[efcb8ff8-f060-4d95-9215-d0f5eb4af037:c3204, 6fae8b02-e804-4c0e-b729-a97b7404b7f6:c3201, 4c3e8a66-6975-4917-8225-d3efe707aaff:c3201]
2019-09-04 11:46:19,449 [grpc-default-executor-5] INFO  client.GrpcClientProtocolClient (GrpcClientProtocolClient.java:onNext(255)) - client-D5CE890D7D9E->efcb8ff8-f060-4d95-9215-d0f5eb4af037: receive RaftClientReply:client-D5CE890D7D9E->efcb8ff8-f060-4d95-9215-d0f5eb4af037@group-0959F8DF43ED, cid=2172, SUCCESS, logIndex=3205, commits[efcb8ff8-f060-4d95-9215-d0f5eb4af037:c3205, 6fae8b02-e804-4c0e-b729-a97b7404b7f6:c3201, 4c3e8a66-6975-4917-8225-d3efe707aaff:c3201]
2019-09-04 11:46:19,537 | INFO  | DNAudit | user=null | ip=null | op=WRITE_CHUNK {blockData=conID: 1 locID: 102734074958840368 bcsId: 3201} | ret=SUCCESS |  
2019-09-04 11:46:19,538 | INFO  | DNAudit | user=null | ip=null | op=WRITE_CHUNK {blockData=conID: 1 locID: 102734074958840368 bcsId: 3201} | ret=SUCCESS |  
2019-09-04 11:46:19,539 | INFO  | DNAudit | user=null | ip=null | op=PUT_BLOCK {blockData=[blockId=conID: 1 locID: 102734074958840368 bcsId: 0,size=4194304]} | ret=SUCCESS |  
2019-09-04 11:46:19,540 | INFO  | DNAudit | user=null | ip=null | op=PUT_BLOCK {blockData=[blockId=conID: 1 locID: 102734074958840368 bcsId: 0,size=4194304]} | ret=SUCCESS |  
2019-09-04 11:46:19,541 [grpc-default-executor-5] INFO  client.GrpcClientProtocolClient (GrpcClientProtocolClient.java:onNext(255)) - client-D5CE890D7D9E->efcb8ff8-f060-4d95-9215-d0f5eb4af037: receive RaftClientReply:client-D5CE890D7D9E->efcb8ff8-f060-4d95-9215-d0f5eb4af037@group-0959F8DF43ED, cid=2173, SUCCESS, logIndex=0, commits[efcb8ff8-f060-4d95-9215-d0f5eb4af037:c3207, 6fae8b02-e804-4c0e-b729-a97b7404b7f6:c3205, 4c3e8a66-6975-4917-8225-d3efe707aaff:c3205]
2019-09-04 11:46:19,551 | INFO  | SCMAudit | user=jenkins1000 | ip=192.168.36.67 | op=ALLOCATE_BLOCK {owner=8ab292a2-aaa7-4ad8-863a-d33994811155, size=4194304, type=RATIS, factor=THREE} | ret=SUCCESS |  
2019-09-04 11:46:19,556 | INFO  | OMAudit | user=jenkins1000 | ip=127.0.0.1 | op=ALLOCATE_BLOCK {volume=vol-0-58699, bucket=bucket-0-57464, key=key-0-37266, dataSize=0, replicationType=null, replicationFactor=null, keyLocationInfo=null, clientID=102734073355960722} | ret=SUCCESS |  
2019-09-04 11:46:19,568 | INFO  | DNAudit | user=null | ip=null | op=WRITE_CHUNK {blockData=conID: 2 locID: 102734074973454897 bcsId: 0} | ret=SUCCESS |  
2019-09-04 11:46:19,572 | INFO  | DNAudit | user=null | ip=null | op=WRITE_CHUNK {blockData=conID: 2 locID: 102734074973454897 bcsId: 0} | ret=SUCCESS |  
2019-09-04 11:46:19,573 | INFO  | DNAudit | user=null | ip=null | op=WRITE_CHUNK {blockData=conID: 2 locID: 102734074973454897 bcsId: 0} | ret=SUCCESS |  
2019-09-04 11:46:19,573 | INFO  | DNAudit | user=null | ip=null | op=WRITE_CHUNK {blockData=conID: 2 locID: 102734074973454897 bcsId: 0} | ret=SUCCESS |  
2019-09-04 11:46:19,575 | INFO  | DNAudit | user=null | ip=null | op=WRITE_CHUNK {blockData=conID: 2 locID: 102734074973454897 bcsId: 0} | ret=SUCCESS |  
2019-09-04 11:46:19,576 | INFO  | DNAudit | user=null | ip=null | op=WRITE_CHUNK {blockData=conID: 2 locID: 102734074973454897 bcsId: 0} | ret=SUCCESS |  
2019-09-04 11:46:19,611 | INFO  | DNAudit | user=null | ip=null | op=WRITE_CHUNK {blockData=conID: 2 locID: 102734074973454897 bcsId: 0} | ret=SUCCESS |  
2019-09-04 11:46:19,612 | INFO  | DNAudit | user=null | ip=null | op=PUT_BLOCK {blockData=[blockId=conID: 2 locID: 102734074973454897 bcsId: 0,size=1048576]} | ret=SUCCESS |  
2019-09-04 11:46:19,612 | INFO  | DNAudit | user=null | ip=null | op=WRITE_CHUNK {blockData=conID: 2 locID: 102734074973454897 bcsId: 0} | ret=SUCCESS |  
2019-09-04 11:46:19,613 [grpc-default-executor-1] INFO  client.GrpcClientProtocolClient (GrpcClientProtocolClient.java:onNext(255)) - client-D5CE890D7D9E->efcb8ff8-f060-4d95-9215-d0f5eb4af037: receive RaftClientReply:client-D5CE890D7D9E->efcb8ff8-f060-4d95-9215-d0f5eb4af037@group-0959F8DF43ED, cid=2174, SUCCESS, logIndex=3208, commits[efcb8ff8-f060-4d95-9215-d0f5eb4af037:c3211, 6fae8b02-e804-4c0e-b729-a97b7404b7f6:c3207, 4c3e8a66-6975-4917-8225-d3efe707aaff:c3207]
2019-09-04 11:46:19,613 | INFO  | DNAudit | user=null | ip=null | op=PUT_BLOCK {blockData=[blockId=conID: 2 locID: 102734074973454897 bcsId: 0,size=2097152]} | ret=SUCCESS |  
2019-09-04 11:46:19,613 [grpc-default-executor-1] INFO  client.GrpcClientProtocolClient (GrpcClientProtocolClient.java:onNext(255)) - client-D5CE890D7D9E->efcb8ff8-f060-4d95-9215-d0f5eb4af037: receive RaftClientReply:client-D5CE890D7D9E->efcb8ff8-f060-4d95-9215-d0f5eb4af037@group-0959F8DF43ED, cid=2175, SUCCESS, logIndex=3209, commits[efcb8ff8-f060-4d95-9215-d0f5eb4af037:c3211, 6fae8b02-e804-4c0e-b729-a97b7404b7f6:c3207, 4c3e8a66-6975-4917-8225-d3efe707aaff:c3207]
2019-09-04 11:46:19,614 [grpc-default-executor-1] INFO  client.GrpcClientProtocolClient (GrpcClientProtocolClient.java:onNext(255)) - client-D5CE890D7D9E->efcb8ff8-f060-4d95-9215-d0f5eb4af037: receive RaftClientReply:client-D5CE890D7D9E->efcb8ff8-f060-4d95-9215-d0f5eb4af037@group-0959F8DF43ED, cid=2176, SUCCESS, logIndex=3210, commits[efcb8ff8-f060-4d95-9215-d0f5eb4af037:c3211, 6fae8b02-e804-4c0e-b729-a97b7404b7f6:c3207, 4c3e8a66-6975-4917-8225-d3efe707aaff:c3207]
2019-09-04 11:46:19,614 [grpc-default-executor-1] INFO  client.GrpcClientProtocolClient (GrpcClientProtocolClient.java:onNext(255)) - client-D5CE890D7D9E->efcb8ff8-f060-4d95-9215-d0f5eb4af037: receive RaftClientReply:client-D5CE890D7D9E->efcb8ff8-f060-4d95-9215-d0f5eb4af037@group-0959F8DF43ED, cid=2177, SUCCESS, logIndex=3211, commits[efcb8ff8-f060-4d95-9215-d0f5eb4af037:c3211, 6fae8b02-e804-4c0e-b729-a97b7404b7f6:c3207, 4c3e8a66-6975-4917-8225-d3efe707aaff:c3207]
2019-09-04 11:46:19,660 | INFO  | DNAudit | user=null | ip=null | op=WRITE_CHUNK {blockData=conID: 2 locID: 102734074973454897 bcsId: 0} | ret=SUCCESS |  
2019-09-04 11:46:19,661 | INFO  | DNAudit | user=null | ip=null | op=PUT_BLOCK {blockData=[blockId=conID: 2 locID: 102734074973454897 bcsId: 0,size=1048576]} | ret=SUCCESS |  
2019-09-04 11:46:19,679 | INFO  | DNAudit | user=null | ip=null | op=WRITE_CHUNK {blockData=conID: 2 locID: 102734074973454897 bcsId: 0} | ret=SUCCESS |  
2019-09-04 11:46:19,679 | INFO  | DNAudit | user=null | ip=null | op=WRITE_CHUNK {blockData=conID: 2 locID: 102734074973454897 bcsId: 0} | ret=SUCCESS |  
2019-09-04 11:46:19,679 | INFO  | DNAudit | user=null | ip=null | op=PUT_BLOCK {blockData=[blockId=conID: 2 locID: 102734074973454897 bcsId: 0,size=2097152]} | ret=SUCCESS |  
2019-09-04 11:46:19,680 | INFO  | DNAudit | user=null | ip=null | op=PUT_BLOCK {blockData=[blockId=conID: 2 locID: 102734074973454897 bcsId: 0,size=1048576]} | ret=SUCCESS |  
2019-09-04 11:46:19,680 | INFO  | DNAudit | user=null | ip=null | op=WRITE_CHUNK {blockData=conID: 2 locID: 102734074973454897 bcsId: 0} | ret=SUCCESS |  
2019-09-04 11:46:19,681 | INFO  | DNAudit | user=null | ip=null | op=PUT_BLOCK {blockData=[blockId=conID: 2 locID: 102734074973454897 bcsId: 0,size=2097152]} | ret=SUCCESS |  
2019-09-04 11:46:19,680 [grpc-default-executor-1] INFO  client.GrpcClientProtocolClient (GrpcClientProtocolClient.java:onNext(255)) - client-D5CE890D7D9E->efcb8ff8-f060-4d95-9215-d0f5eb4af037: receive RaftClientReply:client-D5CE890D7D9E->efcb8ff8-f060-4d95-9215-d0f5eb4af037@group-0959F8DF43ED, cid=2178, SUCCESS, logIndex=0, commits[efcb8ff8-f060-4d95-9215-d0f5eb4af037:c3212, 6fae8b02-e804-4c0e-b729-a97b7404b7f6:c3209, 4c3e8a66-6975-4917-8225-d3efe707aaff:c3209]
2019-09-04 11:46:19,691 | INFO  | DNAudit | user=null | ip=null | op=WRITE_CHUNK {blockData=conID: 2 locID: 102734074973454897 bcsId: 3211} | ret=SUCCESS |  
2019-09-04 11:46:19,695 | INFO  | DNAudit | user=null | ip=null | op=WRITE_CHUNK {blockData=conID: 2 locID: 102734074973454897 bcsId: 3211} | ret=SUCCESS |  
2019-09-04 11:46:19,696 | INFO  | DNAudit | user=null | ip=null | op=WRITE_CHUNK {blockData=conID: 2 locID: 102734074973454897 bcsId: 3211} | ret=SUCCESS |  
2019-09-04 11:46:19,709 | INFO  | SCMAudit | user=jenkins1000 | ip=192.168.36.67 | op=SEND_HEARTBEAT {datanodeUUID=b68b188c-7f38-42ae-8403-46a39acd0731, command=[]} | ret=SUCCESS |  
2019-09-04 11:46:19,726 | INFO  | DNAudit | user=null | ip=null | op=WRITE_CHUNK {blockData=conID: 2 locID: 102734074973454897 bcsId: 3211} | ret=SUCCESS |  
2019-09-04 11:46:19,727 | INFO  | DNAudit | user=null | ip=null | op=PUT_BLOCK {blockData=[blockId=conID: 2 locID: 102734074973454897 bcsId: 0,size=3145728]} | ret=SUCCESS |  
2019-09-04 11:46:19,727 [grpc-default-executor-5] INFO  client.GrpcClientProtocolClient (GrpcClientProtocolClient.java:onNext(255)) - client-D5CE890D7D9E->efcb8ff8-f060-4d95-9215-d0f5eb4af037: receive RaftClientReply:client-D5CE890D7D9E->efcb8ff8-f060-4d95-9215-d0f5eb4af037@group-0959F8DF43ED, cid=2179, SUCCESS, logIndex=3216, commits[efcb8ff8-f060-4d95-9215-d0f5eb4af037:c3217, 6fae8b02-e804-4c0e-b729-a97b7404b7f6:c3215, 4c3e8a66-6975-4917-8225-d3efe707aaff:c3215]
2019-09-04 11:46:19,728 [grpc-default-executor-5] INFO  client.GrpcClientProtocolClient (GrpcClientProtocolClient.java:onNext(255)) - client-D5CE890D7D9E->efcb8ff8-f060-4d95-9215-d0f5eb4af037: receive RaftClientReply:client-D5CE890D7D9E->efcb8ff8-f060-4d95-9215-d0f5eb4af037@group-0959F8DF43ED, cid=2180, SUCCESS, logIndex=3217, commits[efcb8ff8-f060-4d95-9215-d0f5eb4af037:c3217, 6fae8b02-e804-4c0e-b729-a97b7404b7f6:c3215, 4c3e8a66-6975-4917-8225-d3efe707aaff:c3215]
2019-09-04 11:46:19,736 | INFO  | SCMAudit | user=jenkins1000 | ip=192.168.36.67 | op=SEND_HEARTBEAT {datanodeUUID=6fae8b02-e804-4c0e-b729-a97b7404b7f6, command=[]} | ret=SUCCESS |  
2019-09-04 11:46:19,736 | INFO  | SCMAudit | user=jenkins1000 | ip=192.168.36.67 | op=SEND_HEARTBEAT {datanodeUUID=4c3e8a66-6975-4917-8225-d3efe707aaff, command=[]} | ret=SUCCESS |  
2019-09-04 11:46:19,740 | INFO  | DNAudit | user=null | ip=null | op=WRITE_CHUNK {blockData=conID: 2 locID: 102734074973454897 bcsId: 3217} | ret=SUCCESS |  
2019-09-04 11:46:19,740 | INFO  | SCMAudit | user=jenkins1000 | ip=192.168.36.67 | op=SEND_HEARTBEAT {datanodeUUID=0b776101-1d39-4f23-96c0-6a8ead31197c, command=[]} | ret=SUCCESS |  
2019-09-04 11:46:19,743 | INFO  | DNAudit | user=null | ip=null | op=WRITE_CHUNK {blockData=conID: 2 locID: 102734074973454897 bcsId: 3217} | ret=SUCCESS |  
2019-09-04 11:46:19,743 | INFO  | SCMAudit | user=jenkins1000 | ip=192.168.36.67 | op=SEND_HEARTBEAT {datanodeUUID=efcb8ff8-f060-4d95-9215-d0f5eb4af037, command=[]} | ret=SUCCESS |  
2019-09-04 11:46:19,744 | INFO  | DNAudit | user=null | ip=null | op=WRITE_CHUNK {blockData=conID: 2 locID: 102734074973454897 bcsId: 3217} | ret=SUCCESS |  
2019-09-04 11:46:19,755 | INFO  | DNAudit | user=null | ip=null | op=WRITE_CHUNK {blockData=conID: 2 locID: 102734074973454897 bcsId: 3211} | ret=SUCCESS |  
2019-09-04 11:46:19,755 | INFO  | DNAudit | user=null | ip=null | op=WRITE_CHUNK {blockData=conID: 2 locID: 102734074973454897 bcsId: 3211} | ret=SUCCESS |  
2019-09-04 11:46:19,756 | INFO  | DNAudit | user=null | ip=null | op=PUT_BLOCK {blockData=[blockId=conID: 2 locID: 102734074973454897 bcsId: 0,size=3145728]} | ret=SUCCESS |  
2019-09-04 11:46:19,756 | INFO  | DNAudit | user=null | ip=null | op=PUT_BLOCK {blockData=[blockId=conID: 2 locID: 102734074973454897 bcsId: 0,size=3145728]} | ret=SUCCESS |  
2019-09-04 11:46:19,758 | INFO  | DNAudit | user=null | ip=null | op=WRITE_CHUNK {blockData=conID: 2 locID: 102734074973454897 bcsId: 3217} | ret=SUCCESS |  
2019-09-04 11:46:19,759 | INFO  | DNAudit | user=null | ip=null | op=PUT_BLOCK {blockData=[blockId=conID: 2 locID: 102734074973454897 bcsId: 0,size=4194304]} | ret=SUCCESS |  
2019-09-04 11:46:19,759 [grpc-default-executor-5] INFO  client.GrpcClientProtocolClient (GrpcClientProtocolClient.java:onNext(255)) - client-D5CE890D7D9E->efcb8ff8-f060-4d95-9215-d0f5eb4af037: receive RaftClientReply:client-D5CE890D7D9E->efcb8ff8-f060-4d95-9215-d0f5eb4af037@group-0959F8DF43ED, cid=2181, SUCCESS, logIndex=3220, commits[efcb8ff8-f060-4d95-9215-d0f5eb4af037:c3220, 6fae8b02-e804-4c0e-b729-a97b7404b7f6:c3217, 4c3e8a66-6975-4917-8225-d3efe707aaff:c3217]
2019-09-04 11:46:19,760 [grpc-default-executor-5] INFO  client.GrpcClientProtocolClient (GrpcClientProtocolClient.java:onNext(255)) - client-D5CE890D7D9E->efcb8ff8-f060-4d95-9215-d0f5eb4af037: receive RaftClientReply:client-D5CE890D7D9E->efcb8ff8-f060-4d95-9215-d0f5eb4af037@group-0959F8DF43ED, cid=2182, SUCCESS, logIndex=3221, commits[efcb8ff8-f060-4d95-9215-d0f5eb4af037:c3221, 6fae8b02-e804-4c0e-b729-a97b7404b7f6:c3217, 4c3e8a66-6975-4917-8225-d3efe707aaff:c3217]
2019-09-04 11:46:19,789 | INFO  | DNAudit | user=null | ip=null | op=WRITE_CHUNK {blockData=conID: 2 locID: 102734074973454897 bcsId: 3217} | ret=SUCCESS |  
2019-09-04 11:46:19,789 | INFO  | DNAudit | user=null | ip=null | op=WRITE_CHUNK {blockData=conID: 2 locID: 102734074973454897 bcsId: 3217} | ret=SUCCESS |  
2019-09-04 11:46:19,791 | INFO  | DNAudit | user=null | ip=null | op=PUT_BLOCK {blockData=[blockId=conID: 2 locID: 102734074973454897 bcsId: 0,size=4194304]} | ret=SUCCESS |  
2019-09-04 11:46:19,791 | INFO  | DNAudit | user=null | ip=null | op=PUT_BLOCK {blockData=[blockId=conID: 2 locID: 102734074973454897 bcsId: 0,size=4194304]} | ret=SUCCESS |  
2019-09-04 11:46:19,793 [grpc-default-executor-5] INFO  client.GrpcClientProtocolClient (GrpcClientProtocolClient.java:onNext(255)) - client-D5CE890D7D9E->efcb8ff8-f060-4d95-9215-d0f5eb4af037: receive RaftClientReply:client-D5CE890D7D9E->efcb8ff8-f060-4d95-9215-d0f5eb4af037@group-0959F8DF43ED, cid=2183, SUCCESS, logIndex=0, commits[efcb8ff8-f060-4d95-9215-d0f5eb4af037:c3223, 6fae8b02-e804-4c0e-b729-a97b7404b7f6:c3221, 4c3e8a66-6975-4917-8225-d3efe707aaff:c3221]
2019-09-04 11:46:19,801 | INFO  | SCMAudit | user=jenkins1000 | ip=192.168.36.67 | op=ALLOCATE_BLOCK {owner=8ab292a2-aaa7-4ad8-863a-d33994811155, size=4194304, type=RATIS, factor=THREE} | ret=SUCCESS |  
2019-09-04 11:46:19,806 | INFO  | OMAudit | user=jenkins1000 | ip=127.0.0.1 | op=ALLOCATE_BLOCK {volume=vol-0-58699, bucket=bucket-0-57464, key=key-0-37266, dataSize=0, replicationType=null, replicationFactor=null, keyLocationInfo=null, clientID=102734073355960722} | ret=SUCCESS |  
2019-09-04 11:46:19,817 | INFO  | DNAudit | user=null | ip=null | op=WRITE_CHUNK {blockData=conID: 3 locID: 102734074989838898 bcsId: 0} | ret=SUCCESS |  
2019-09-04 11:46:19,822 | INFO  | DNAudit | user=null | ip=null | op=WRITE_CHUNK {blockData=conID: 3 locID: 102734074989838898 bcsId: 0} | ret=SUCCESS |  
2019-09-04 11:46:19,822 | INFO  | DNAudit | user=null | ip=null | op=WRITE_CHUNK {blockData=conID: 3 locID: 102734074989838898 bcsId: 0} | ret=SUCCESS |  
2019-09-04 11:46:19,823 | INFO  | DNAudit | user=null | ip=null | op=WRITE_CHUNK {blockData=conID: 3 locID: 102734074989838898 bcsId: 0} | ret=SUCCESS |  
2019-09-04 11:46:19,825 | INFO  | DNAudit | user=null | ip=null | op=WRITE_CHUNK {blockData=conID: 3 locID: 102734074989838898 bcsId: 0} | ret=SUCCESS |  
2019-09-04 11:46:19,826 | INFO  | DNAudit | user=null | ip=null | op=WRITE_CHUNK {blockData=conID: 3 locID: 102734074989838898 bcsId: 0} | ret=SUCCESS |  
2019-09-04 11:46:19,840 | INFO  | DNAudit | user=null | ip=null | op=WRITE_CHUNK {blockData=conID: 3 locID: 102734074989838898 bcsId: 0} | ret=SUCCESS |  
2019-09-04 11:46:19,840 | INFO  | DNAudit | user=null | ip=null | op=PUT_BLOCK {blockData=[blockId=conID: 3 locID: 102734074989838898 bcsId: 0,size=1048576]} | ret=SUCCESS |  
2019-09-04 11:46:19,841 [grpc-default-executor-5] INFO  client.GrpcClientProtocolClient (GrpcClientProtocolClient.java:onNext(255)) - client-D5CE890D7D9E->efcb8ff8-f060-4d95-9215-d0f5eb4af037: receive RaftClientReply:client-D5CE890D7D9E->efcb8ff8-f060-4d95-9215-d0f5eb4af037@group-0959F8DF43ED, cid=2184, SUCCESS, logIndex=3224, commits[efcb8ff8-f060-4d95-9215-d0f5eb4af037:c3225, 6fae8b02-e804-4c0e-b729-a97b7404b7f6:c3223, 4c3e8a66-6975-4917-8225-d3efe707aaff:c3223]
2019-09-04 11:46:19,842 [grpc-default-executor-5] INFO  client.GrpcClientProtocolClient (GrpcClientProtocolClient.java:onNext(255)) - client-D5CE890D7D9E->efcb8ff8-f060-4d95-9215-d0f5eb4af037: receive RaftClientReply:client-D5CE890D7D9E->efcb8ff8-f060-4d95-9215-d0f5eb4af037@group-0959F8DF43ED, cid=2185, SUCCESS, logIndex=3225, commits[efcb8ff8-f060-4d95-9215-d0f5eb4af037:c3225, 6fae8b02-e804-4c0e-b729-a97b7404b7f6:c3223, 4c3e8a66-6975-4917-8225-d3efe707aaff:c3223]
2019-09-04 11:46:19,861 | INFO  | DNAudit | user=null | ip=null | op=WRITE_CHUNK {blockData=conID: 3 locID: 102734074989838898 bcsId: 0} | ret=SUCCESS |  
2019-09-04 11:46:19,861 | INFO  | DNAudit | user=null | ip=null | op=PUT_BLOCK {blockData=[blockId=conID: 3 locID: 102734074989838898 bcsId: 0,size=2097152]} | ret=SUCCESS |  
2019-09-04 11:46:19,862 | INFO  | DNAudit | user=null | ip=null | op=WRITE_CHUNK {blockData=conID: 3 locID: 102734074989838898 bcsId: 0} | ret=SUCCESS |  
2019-09-04 11:46:19,863 | INFO  | DNAudit | user=null | ip=null | op=PUT_BLOCK {blockData=[blockId=conID: 3 locID: 102734074989838898 bcsId: 0,size=1048576]} | ret=SUCCESS |  
2019-09-04 11:46:19,863 [grpc-default-executor-1] INFO  client.GrpcClientProtocolClient (GrpcClientProtocolClient.java:onNext(255)) - client-D5CE890D7D9E->efcb8ff8-f060-4d95-9215-d0f5eb4af037: receive RaftClientReply:client-D5CE890D7D9E->efcb8ff8-f060-4d95-9215-d0f5eb4af037@group-0959F8DF43ED, cid=2186, SUCCESS, logIndex=3226, commits[efcb8ff8-f060-4d95-9215-d0f5eb4af037:c3227, 6fae8b02-e804-4c0e-b729-a97b7404b7f6:c3223, 4c3e8a66-6975-4917-8225-d3efe707aaff:c3223]
2019-09-04 11:46:19,864 | INFO  | DNAudit | user=null | ip=null | op=WRITE_CHUNK {blockData=conID: 3 locID: 102734074989838898 bcsId: 0} | ret=SUCCESS |  
2019-09-04 11:46:19,864 | INFO  | DNAudit | user=null | ip=null | op=WRITE_CHUNK {blockData=conID: 3 locID: 102734074989838898 bcsId: 0} | ret=SUCCESS |  
2019-09-04 11:46:19,864 | INFO  | DNAudit | user=null | ip=null | op=PUT_BLOCK {blockData=[blockId=conID: 3 locID: 102734074989838898 bcsId: 0,size=2097152]} | ret=SUCCESS |  
2019-09-04 11:46:19,865 | INFO  | DNAudit | user=null | ip=null | op=PUT_BLOCK {blockData=[blockId=conID: 3 locID: 102734074989838898 bcsId: 0,size=1048576]} | ret=SUCCESS |  
2019-09-04 11:46:19,865 [grpc-default-executor-1] INFO  client.GrpcClientProtocolClient (GrpcClientProtocolClient.java:onNext(255)) - client-D5CE890D7D9E->efcb8ff8-f060-4d95-9215-d0f5eb4af037: receive RaftClientReply:client-D5CE890D7D9E->efcb8ff8-f060-4d95-9215-d0f5eb4af037@group-0959F8DF43ED, cid=2187, SUCCESS, logIndex=3227, commits[efcb8ff8-f060-4d95-9215-d0f5eb4af037:c3227, 6fae8b02-e804-4c0e-b729-a97b7404b7f6:c3223, 4c3e8a66-6975-4917-8225-d3efe707aaff:c3223]
2019-09-04 11:46:19,865 | INFO  | DNAudit | user=null | ip=null | op=WRITE_CHUNK {blockData=conID: 3 locID: 102734074989838898 bcsId: 0} | ret=SUCCESS |  
2019-09-04 11:46:19,866 | INFO  | DNAudit | user=null | ip=null | op=PUT_BLOCK {blockData=[blockId=conID: 3 locID: 102734074989838898 bcsId: 0,size=2097152]} | ret=SUCCESS |  
2019-09-04 11:46:19,866 [grpc-default-executor-1] INFO  client.GrpcClientProtocolClient (GrpcClientProtocolClient.java:onNext(255)) - client-D5CE890D7D9E->efcb8ff8-f060-4d95-9215-d0f5eb4af037: receive RaftClientReply:client-D5CE890D7D9E->efcb8ff8-f060-4d95-9215-d0f5eb4af037@group-0959F8DF43ED, cid=2188, SUCCESS, logIndex=0, commits[efcb8ff8-f060-4d95-9215-d0f5eb4af037:c3230, 6fae8b02-e804-4c0e-b729-a97b7404b7f6:c3227, 4c3e8a66-6975-4917-8225-d3efe707aaff:c3227]
2019-09-04 11:46:19,876 | INFO  | DNAudit | user=null | ip=null | op=WRITE_CHUNK {blockData=conID: 3 locID: 102734074989838898 bcsId: 3227} | ret=SUCCESS |  
2019-09-04 11:46:19,880 | INFO  | DNAudit | user=null | ip=null | op=WRITE_CHUNK {blockData=conID: 3 locID: 102734074989838898 bcsId: 3227} | ret=SUCCESS |  
2019-09-04 11:46:19,880 | INFO  | DNAudit | user=null | ip=null | op=WRITE_CHUNK {blockData=conID: 3 locID: 102734074989838898 bcsId: 3227} | ret=SUCCESS |  
2019-09-04 11:46:19,928 | INFO  | DNAudit | user=null | ip=null | op=WRITE_CHUNK {blockData=conID: 3 locID: 102734074989838898 bcsId: 3227} | ret=SUCCESS |  
2019-09-04 11:46:19,928 | INFO  | DNAudit | user=null | ip=null | op=PUT_BLOCK {blockData=[blockId=conID: 3 locID: 102734074989838898 bcsId: 0,size=3145728]} | ret=SUCCESS |  
2019-09-04 11:46:19,929 [grpc-default-executor-1] INFO  client.GrpcClientProtocolClient (GrpcClientProtocolClient.java:onNext(255)) - client-D5CE890D7D9E->efcb8ff8-f060-4d95-9215-d0f5eb4af037: receive RaftClientReply:client-D5CE890D7D9E->efcb8ff8-f060-4d95-9215-d0f5eb4af037@group-0959F8DF43ED, cid=2189, SUCCESS, logIndex=3231, commits[efcb8ff8-f060-4d95-9215-d0f5eb4af037:c3232, 6fae8b02-e804-4c0e-b729-a97b7404b7f6:c3230, 4c3e8a66-6975-4917-8225-d3efe707aaff:c3230]
2019-09-04 11:46:19,930 [grpc-default-executor-1] INFO  client.GrpcClientProtocolClient (GrpcClientProtocolClient.java:onNext(255)) - client-D5CE890D7D9E->efcb8ff8-f060-4d95-9215-d0f5eb4af037: receive RaftClientReply:client-D5CE890D7D9E->efcb8ff8-f060-4d95-9215-d0f5eb4af037@group-0959F8DF43ED, cid=2190, SUCCESS, logIndex=3232, commits[efcb8ff8-f060-4d95-9215-d0f5eb4af037:c3232, 6fae8b02-e804-4c0e-b729-a97b7404b7f6:c3230, 4c3e8a66-6975-4917-8225-d3efe707aaff:c3230]
2019-09-04 11:46:19,940 | INFO  | DNAudit | user=null | ip=null | op=WRITE_CHUNK {blockData=conID: 3 locID: 102734074989838898 bcsId: 3232} | ret=SUCCESS |  
2019-09-04 11:46:19,944 | INFO  | DNAudit | user=null | ip=null | op=WRITE_CHUNK {blockData=conID: 3 locID: 102734074989838898 bcsId: 3232} | ret=SUCCESS |  
2019-09-04 11:46:19,945 | INFO  | DNAudit | user=null | ip=null | op=WRITE_CHUNK {blockData=conID: 3 locID: 102734074989838898 bcsId: 3232} | ret=SUCCESS |  
2019-09-04 11:46:19,954 | INFO  | DNAudit | user=null | ip=null | op=WRITE_CHUNK {blockData=conID: 3 locID: 102734074989838898 bcsId: 3227} | ret=SUCCESS |  
2019-09-04 11:46:19,956 | INFO  | DNAudit | user=null | ip=null | op=PUT_BLOCK {blockData=[blockId=conID: 3 locID: 102734074989838898 bcsId: 0,size=3145728]} | ret=SUCCESS |  
2019-09-04 11:46:19,958 | INFO  | DNAudit | user=null | ip=null | op=WRITE_CHUNK {blockData=conID: 3 locID: 102734074989838898 bcsId: 3232} | ret=SUCCESS |  
2019-09-04 11:46:19,959 | INFO  | DNAudit | user=null | ip=null | op=PUT_BLOCK {blockData=[blockId=conID: 3 locID: 102734074989838898 bcsId: 0,size=4194304]} | ret=SUCCESS |  
2019-09-04 11:46:19,960 [grpc-default-executor-1] INFO  client.GrpcClientProtocolClient (GrpcClientProtocolClient.java:onNext(255)) - client-D5CE890D7D9E->efcb8ff8-f060-4d95-9215-d0f5eb4af037: receive RaftClientReply:client-D5CE890D7D9E->efcb8ff8-f060-4d95-9215-d0f5eb4af037@group-0959F8DF43ED, cid=2191, SUCCESS, logIndex=3235, commits[efcb8ff8-f060-4d95-9215-d0f5eb4af037:c3236, 6fae8b02-e804-4c0e-b729-a97b7404b7f6:c3232, 4c3e8a66-6975-4917-8225-d3efe707aaff:c3232]
2019-09-04 11:46:19,960 | INFO  | DNAudit | user=null | ip=null | op=WRITE_CHUNK {blockData=conID: 3 locID: 102734074989838898 bcsId: 3227} | ret=SUCCESS |  
2019-09-04 11:46:19,961 | INFO  | DNAudit | user=null | ip=null | op=PUT_BLOCK {blockData=[blockId=conID: 3 locID: 102734074989838898 bcsId: 0,size=3145728]} | ret=SUCCESS |  
2019-09-04 11:46:19,960 [grpc-default-executor-1] INFO  client.GrpcClientProtocolClient (GrpcClientProtocolClient.java:onNext(255)) - client-D5CE890D7D9E->efcb8ff8-f060-4d95-9215-d0f5eb4af037: receive RaftClientReply:client-D5CE890D7D9E->efcb8ff8-f060-4d95-9215-d0f5eb4af037@group-0959F8DF43ED, cid=2192, SUCCESS, logIndex=3236, commits[efcb8ff8-f060-4d95-9215-d0f5eb4af037:c3236, 6fae8b02-e804-4c0e-b729-a97b7404b7f6:c3232, 4c3e8a66-6975-4917-8225-d3efe707aaff:c3232]
 0.00% |█                                                                                                    |  0/1 Time: 0:00:252019-09-04 11:46:20,003 | INFO  | DNAudit | user=null | ip=null | op=WRITE_CHUNK {blockData=conID: 3 locID: 102734074989838898 bcsId: 3232} | ret=SUCCESS |  
2019-09-04 11:46:20,003 | INFO  | DNAudit | user=null | ip=null | op=WRITE_CHUNK {blockData=conID: 3 locID: 102734074989838898 bcsId: 3232} | ret=SUCCESS |  
2019-09-04 11:46:20,003 | INFO  | DNAudit | user=null | ip=null | op=PUT_BLOCK {blockData=[blockId=conID: 3 locID: 102734074989838898 bcsId: 0,size=4194304]} | ret=SUCCESS |  
2019-09-04 11:46:20,003 | INFO  | DNAudit | user=null | ip=null | op=PUT_BLOCK {blockData=[blockId=conID: 3 locID: 102734074989838898 bcsId: 0,size=4194304]} | ret=SUCCESS |  
2019-09-04 11:46:20,005 [grpc-default-executor-1] INFO  client.GrpcClientProtocolClient (GrpcClientProtocolClient.java:onNext(255)) - client-D5CE890D7D9E->efcb8ff8-f060-4d95-9215-d0f5eb4af037: receive RaftClientReply:client-D5CE890D7D9E->efcb8ff8-f060-4d95-9215-d0f5eb4af037@group-0959F8DF43ED, cid=2193, SUCCESS, logIndex=0, commits[efcb8ff8-f060-4d95-9215-d0f5eb4af037:c3237, 6fae8b02-e804-4c0e-b729-a97b7404b7f6:c3236, 4c3e8a66-6975-4917-8225-d3efe707aaff:c3236]
2019-09-04 11:46:20,016 | INFO  | SCMAudit | user=jenkins1000 | ip=192.168.36.67 | op=ALLOCATE_BLOCK {owner=8ab292a2-aaa7-4ad8-863a-d33994811155, size=4194304, type=RATIS, factor=THREE} | ret=SUCCESS |  
2019-09-04 11:46:20,021 | INFO  | OMAudit | user=jenkins1000 | ip=127.0.0.1 | op=ALLOCATE_BLOCK {volume=vol-0-58699, bucket=bucket-0-57464, key=key-0-37266, dataSize=0, replicationType=null, replicationFactor=null, keyLocationInfo=null, clientID=102734073355960722} | ret=SUCCESS |  
2019-09-04 11:46:20,032 | INFO  | DNAudit | user=null | ip=null | op=WRITE_CHUNK {blockData=conID: 1 locID: 102734075003929139 bcsId: 0} | ret=SUCCESS |  
2019-09-04 11:46:20,034 | INFO  | DNAudit | user=null | ip=null | op=WRITE_CHUNK {blockData=conID: 1 locID: 102734075003929139 bcsId: 0} | ret=SUCCESS |  
2019-09-04 11:46:20,035 | INFO  | DNAudit | user=null | ip=null | op=WRITE_CHUNK {blockData=conID: 1 locID: 102734075003929139 bcsId: 0} | ret=SUCCESS |  
2019-09-04 11:46:20,035 | INFO  | DNAudit | user=null | ip=null | op=WRITE_CHUNK {blockData=conID: 1 locID: 102734075003929139 bcsId: 0} | ret=SUCCESS |  
2019-09-04 11:46:20,037 | INFO  | DNAudit | user=null | ip=null | op=WRITE_CHUNK {blockData=conID: 1 locID: 102734075003929139 bcsId: 0} | ret=SUCCESS |  
2019-09-04 11:46:20,038 | INFO  | DNAudit | user=null | ip=null | op=WRITE_CHUNK {blockData=conID: 1 locID: 102734075003929139 bcsId: 0} | ret=SUCCESS |  
2019-09-04 11:46:20,048 | INFO  | DNAudit | user=null | ip=null | op=WRITE_CHUNK {blockData=conID: 1 locID: 102734075003929139 bcsId: 0} | ret=SUCCESS |  
2019-09-04 11:46:20,048 | INFO  | DNAudit | user=null | ip=null | op=PUT_BLOCK {blockData=[blockId=conID: 1 locID: 102734075003929139 bcsId: 0,size=1048576]} | ret=SUCCESS |  
2019-09-04 11:46:20,049 | INFO  | DNAudit | user=null | ip=null | op=WRITE_CHUNK {blockData=conID: 1 locID: 102734075003929139 bcsId: 0} | ret=SUCCESS |  
2019-09-04 11:46:20,049 [grpc-default-executor-0] INFO  client.GrpcClientProtocolClient (GrpcClientProtocolClient.java:onNext(255)) - client-D5CE890D7D9E->efcb8ff8-f060-4d95-9215-d0f5eb4af037: receive RaftClientReply:client-D5CE890D7D9E->efcb8ff8-f060-4d95-9215-d0f5eb4af037@group-0959F8DF43ED, cid=2194, SUCCESS, logIndex=3239, commits[efcb8ff8-f060-4d95-9215-d0f5eb4af037:c3241, 6fae8b02-e804-4c0e-b729-a97b7404b7f6:c3238, 4c3e8a66-6975-4917-8225-d3efe707aaff:c3238]
2019-09-04 11:46:20,050 | INFO  | DNAudit | user=null | ip=null | op=PUT_BLOCK {blockData=[blockId=conID: 1 locID: 102734075003929139 bcsId: 0,size=2097152]} | ret=SUCCESS |  
2019-09-04 11:46:20,050 [grpc-default-executor-0] INFO  client.GrpcClientProtocolClient (GrpcClientProtocolClient.java:onNext(255)) - client-D5CE890D7D9E->efcb8ff8-f060-4d95-9215-d0f5eb4af037: receive RaftClientReply:client-D5CE890D7D9E->efcb8ff8-f060-4d95-9215-d0f5eb4af037@group-0959F8DF43ED, cid=2195, SUCCESS, logIndex=3240, commits[efcb8ff8-f060-4d95-9215-d0f5eb4af037:c3242, 6fae8b02-e804-4c0e-b729-a97b7404b7f6:c3238, 4c3e8a66-6975-4917-8225-d3efe707aaff:c3238]
2019-09-04 11:46:20,050 [grpc-default-executor-0] INFO  client.GrpcClientProtocolClient (GrpcClientProtocolClient.java:onNext(255)) - client-D5CE890D7D9E->efcb8ff8-f060-4d95-9215-d0f5eb4af037: receive RaftClientReply:client-D5CE890D7D9E->efcb8ff8-f060-4d95-9215-d0f5eb4af037@group-0959F8DF43ED, cid=2196, SUCCESS, logIndex=3241, commits[efcb8ff8-f060-4d95-9215-d0f5eb4af037:c3242, 6fae8b02-e804-4c0e-b729-a97b7404b7f6:c3238, 4c3e8a66-6975-4917-8225-d3efe707aaff:c3238]
2019-09-04 11:46:20,050 [grpc-default-executor-0] INFO  client.GrpcClientProtocolClient (GrpcClientProtocolClient.java:onNext(255)) - client-D5CE890D7D9E->efcb8ff8-f060-4d95-9215-d0f5eb4af037: receive RaftClientReply:client-D5CE890D7D9E->efcb8ff8-f060-4d95-9215-d0f5eb4af037@group-0959F8DF43ED, cid=2197, SUCCESS, logIndex=3242, commits[efcb8ff8-f060-4d95-9215-d0f5eb4af037:c3242, 6fae8b02-e804-4c0e-b729-a97b7404b7f6:c3238, 4c3e8a66-6975-4917-8225-d3efe707aaff:c3238]
2019-09-04 11:46:20,070 | INFO  | DNAudit | user=null | ip=null | op=WRITE_CHUNK {blockData=conID: 1 locID: 102734075003929139 bcsId: 0} | ret=SUCCESS |  
2019-09-04 11:46:20,071 | INFO  | DNAudit | user=null | ip=null | op=PUT_BLOCK {blockData=[blockId=conID: 1 locID: 102734075003929139 bcsId: 0,size=1048576]} | ret=SUCCESS |  
2019-09-04 11:46:20,100 | INFO  | DNAudit | user=null | ip=null | op=WRITE_CHUNK {blockData=conID: 1 locID: 102734075003929139 bcsId: 0} | ret=SUCCESS |  
2019-09-04 11:46:20,101 | INFO  | DNAudit | user=null | ip=null | op=PUT_BLOCK {blockData=[blockId=conID: 1 locID: 102734075003929139 bcsId: 0,size=1048576]} | ret=SUCCESS |  
2019-09-04 11:46:20,101 | INFO  | DNAudit | user=null | ip=null | op=WRITE_CHUNK {blockData=conID: 1 locID: 102734075003929139 bcsId: 0} | ret=SUCCESS |  
2019-09-04 11:46:20,101 | INFO  | DNAudit | user=null | ip=null | op=WRITE_CHUNK {blockData=conID: 1 locID: 102734075003929139 bcsId: 0} | ret=SUCCESS |  
2019-09-04 11:46:20,101 | INFO  | DNAudit | user=null | ip=null | op=PUT_BLOCK {blockData=[blockId=conID: 1 locID: 102734075003929139 bcsId: 0,size=2097152]} | ret=SUCCESS |  
2019-09-04 11:46:20,102 | INFO  | DNAudit | user=null | ip=null | op=PUT_BLOCK {blockData=[blockId=conID: 1 locID: 102734075003929139 bcsId: 0,size=2097152]} | ret=SUCCESS |  
2019-09-04 11:46:20,102 [grpc-default-executor-0] INFO  client.GrpcClientProtocolClient (GrpcClientProtocolClient.java:onNext(255)) - client-D5CE890D7D9E->efcb8ff8-f060-4d95-9215-d0f5eb4af037: receive RaftClientReply:client-D5CE890D7D9E->efcb8ff8-f060-4d95-9215-d0f5eb4af037@group-0959F8DF43ED, cid=2198, SUCCESS, logIndex=0, commits[efcb8ff8-f060-4d95-9215-d0f5eb4af037:c3243, 6fae8b02-e804-4c0e-b729-a97b7404b7f6:c3240, 4c3e8a66-6975-4917-8225-d3efe707aaff:c3240]
2019-09-04 11:46:20,111 | INFO  | DNAudit | user=null | ip=null | op=WRITE_CHUNK {blockData=conID: 1 locID: 102734075003929139 bcsId: 3242} | ret=SUCCESS |  
2019-09-04 11:46:20,114 | INFO  | DNAudit | user=null | ip=null | op=WRITE_CHUNK {blockData=conID: 1 locID: 102734075003929139 bcsId: 3242} | ret=SUCCESS |  
2019-09-04 11:46:20,115 | INFO  | DNAudit | user=null | ip=null | op=WRITE_CHUNK {blockData=conID: 1 locID: 102734075003929139 bcsId: 3242} | ret=SUCCESS |  
2019-09-04 11:46:20,140 | INFO  | DNAudit | user=null | ip=null | op=WRITE_CHUNK {blockData=conID: 1 locID: 102734075003929139 bcsId: 3242} | ret=SUCCESS |  
2019-09-04 11:46:20,141 | INFO  | DNAudit | user=null | ip=null | op=PUT_BLOCK {blockData=[blockId=conID: 1 locID: 102734075003929139 bcsId: 0,size=3145728]} | ret=SUCCESS |  
2019-09-04 11:46:20,141 [grpc-default-executor-5] INFO  client.GrpcClientProtocolClient (GrpcClientProtocolClient.java:onNext(255)) - client-D5CE890D7D9E->efcb8ff8-f060-4d95-9215-d0f5eb4af037: receive RaftClientReply:client-D5CE890D7D9E->efcb8ff8-f060-4d95-9215-d0f5eb4af037@group-0959F8DF43ED, cid=2199, SUCCESS, logIndex=3247, commits[efcb8ff8-f060-4d95-9215-d0f5eb4af037:c3248, 6fae8b02-e804-4c0e-b729-a97b7404b7f6:c3246, 4c3e8a66-6975-4917-8225-d3efe707aaff:c3246]
2019-09-04 11:46:20,142 [grpc-default-executor-5] INFO  client.GrpcClientProtocolClient (GrpcClientProtocolClient.java:onNext(255)) - client-D5CE890D7D9E->efcb8ff8-f060-4d95-9215-d0f5eb4af037: receive RaftClientReply:client-D5CE890D7D9E->efcb8ff8-f060-4d95-9215-d0f5eb4af037@group-0959F8DF43ED, cid=2200, SUCCESS, logIndex=3248, commits[efcb8ff8-f060-4d95-9215-d0f5eb4af037:c3248, 6fae8b02-e804-4c0e-b729-a97b7404b7f6:c3246, 4c3e8a66-6975-4917-8225-d3efe707aaff:c3246]
2019-09-04 11:46:20,153 | INFO  | DNAudit | user=null | ip=null | op=WRITE_CHUNK {blockData=conID: 1 locID: 102734075003929139 bcsId: 3248} | ret=SUCCESS |  
2019-09-04 11:46:20,157 | INFO  | DNAudit | user=null | ip=null | op=WRITE_CHUNK {blockData=conID: 1 locID: 102734075003929139 bcsId: 3248} | ret=SUCCESS |  
2019-09-04 11:46:20,157 | INFO  | DNAudit | user=null | ip=null | op=WRITE_CHUNK {blockData=conID: 1 locID: 102734075003929139 bcsId: 3248} | ret=SUCCESS |  
2019-09-04 11:46:20,186 | INFO  | DNAudit | user=null | ip=null | op=WRITE_CHUNK {blockData=conID: 1 locID: 102734075003929139 bcsId: 3242} | ret=SUCCESS |  
2019-09-04 11:46:20,186 | INFO  | DNAudit | user=null | ip=null | op=WRITE_CHUNK {blockData=conID: 1 locID: 102734075003929139 bcsId: 3242} | ret=SUCCESS |  
2019-09-04 11:46:20,187 | INFO  | DNAudit | user=null | ip=null | op=PUT_BLOCK {blockData=[blockId=conID: 1 locID: 102734075003929139 bcsId: 0,size=3145728]} | ret=SUCCESS |  
2019-09-04 11:46:20,187 | INFO  | DNAudit | user=null | ip=null | op=PUT_BLOCK {blockData=[blockId=conID: 1 locID: 102734075003929139 bcsId: 0,size=3145728]} | ret=SUCCESS |  
2019-09-04 11:46:20,188 | INFO  | DNAudit | user=null | ip=null | op=WRITE_CHUNK {blockData=conID: 1 locID: 102734075003929139 bcsId: 3248} | ret=SUCCESS |  
2019-09-04 11:46:20,189 | INFO  | DNAudit | user=null | ip=null | op=PUT_BLOCK {blockData=[blockId=conID: 1 locID: 102734075003929139 bcsId: 0,size=4194304]} | ret=SUCCESS |  
2019-09-04 11:46:20,189 [grpc-default-executor-1] INFO  client.GrpcClientProtocolClient (GrpcClientProtocolClient.java:onNext(255)) - client-D5CE890D7D9E->efcb8ff8-f060-4d95-9215-d0f5eb4af037: receive RaftClientReply:client-D5CE890D7D9E->efcb8ff8-f060-4d95-9215-d0f5eb4af037@group-0959F8DF43ED, cid=2201, SUCCESS, logIndex=3251, commits[efcb8ff8-f060-4d95-9215-d0f5eb4af037:c3252, 6fae8b02-e804-4c0e-b729-a97b7404b7f6:c3248, 4c3e8a66-6975-4917-8225-d3efe707aaff:c3248]
2019-09-04 11:46:20,189 [grpc-default-executor-1] INFO  client.GrpcClientProtocolClient (GrpcClientProtocolClient.java:onNext(255)) - client-D5CE890D7D9E->efcb8ff8-f060-4d95-9215-d0f5eb4af037: receive RaftClientReply:client-D5CE890D7D9E->efcb8ff8-f060-4d95-9215-d0f5eb4af037@group-0959F8DF43ED, cid=2202, SUCCESS, logIndex=3252, commits[efcb8ff8-f060-4d95-9215-d0f5eb4af037:c3252, 6fae8b02-e804-4c0e-b729-a97b7404b7f6:c3248, 4c3e8a66-6975-4917-8225-d3efe707aaff:c3248]
2019-09-04 11:46:20,229 | INFO  | DNAudit | user=null | ip=null | op=WRITE_CHUNK {blockData=conID: 1 locID: 102734075003929139 bcsId: 3248} | ret=SUCCESS |  
2019-09-04 11:46:20,229 | INFO  | DNAudit | user=null | ip=null | op=WRITE_CHUNK {blockData=conID: 1 locID: 102734075003929139 bcsId: 3248} | ret=SUCCESS |  
2019-09-04 11:46:20,251 | INFO  | DNAudit | user=null | ip=null | op=PUT_BLOCK {blockData=[blockId=conID: 1 locID: 102734075003929139 bcsId: 0,size=4194304]} | ret=SUCCESS |  
2019-09-04 11:46:20,251 | INFO  | DNAudit | user=null | ip=null | op=PUT_BLOCK {blockData=[blockId=conID: 1 locID: 102734075003929139 bcsId: 0,size=4194304]} | ret=SUCCESS |  
2019-09-04 11:46:20,253 [grpc-default-executor-1] INFO  client.GrpcClientProtocolClient (GrpcClientProtocolClient.java:onNext(255)) - client-D5CE890D7D9E->efcb8ff8-f060-4d95-9215-d0f5eb4af037: receive RaftClientReply:client-D5CE890D7D9E->efcb8ff8-f060-4d95-9215-d0f5eb4af037@group-0959F8DF43ED, cid=2203, SUCCESS, logIndex=0, commits[efcb8ff8-f060-4d95-9215-d0f5eb4af037:c3254, 6fae8b02-e804-4c0e-b729-a97b7404b7f6:c3252, 4c3e8a66-6975-4917-8225-d3efe707aaff:c3252]
2019-09-04 11:46:20,260 | INFO  | SCMAudit | user=jenkins1000 | ip=192.168.36.67 | op=ALLOCATE_BLOCK {owner=8ab292a2-aaa7-4ad8-863a-d33994811155, size=4194304, type=RATIS, factor=THREE} | ret=SUCCESS |  
2019-09-04 11:46:20,263 | INFO  | OMAudit | user=jenkins1000 | ip=127.0.0.1 | op=ALLOCATE_BLOCK {volume=vol-0-58699, bucket=bucket-0-57464, key=key-0-37266, dataSize=0, replicationType=null, replicationFactor=null, keyLocationInfo=null, clientID=102734073355960722} | ret=SUCCESS |  
2019-09-04 11:46:20,274 | INFO  | DNAudit | user=null | ip=null | op=WRITE_CHUNK {blockData=conID: 2 locID: 102734075019854388 bcsId: 0} | ret=SUCCESS |  
2019-09-04 11:46:20,280 | INFO  | DNAudit | user=null | ip=null | op=WRITE_CHUNK {blockData=conID: 2 locID: 102734075019854388 bcsId: 0} | ret=SUCCESS |  
2019-09-04 11:46:20,280 | INFO  | DNAudit | user=null | ip=null | op=WRITE_CHUNK {blockData=conID: 2 locID: 102734075019854388 bcsId: 0} | ret=SUCCESS |  
2019-09-04 11:46:20,281 | INFO  | DNAudit | user=null | ip=null | op=WRITE_CHUNK {blockData=conID: 2 locID: 102734075019854388 bcsId: 0} | ret=SUCCESS |  
2019-09-04 11:46:20,284 | INFO  | DNAudit | user=null | ip=null | op=WRITE_CHUNK {blockData=conID: 2 locID: 102734075019854388 bcsId: 0} | ret=SUCCESS |  
2019-09-04 11:46:20,285 | INFO  | DNAudit | user=null | ip=null | op=WRITE_CHUNK {blockData=conID: 2 locID: 102734075019854388 bcsId: 0} | ret=SUCCESS |  
2019-09-04 11:46:20,309 | INFO  | DNAudit | user=null | ip=null | op=WRITE_CHUNK {blockData=conID: 2 locID: 102734075019854388 bcsId: 0} | ret=SUCCESS |  
2019-09-04 11:46:20,310 | INFO  | DNAudit | user=null | ip=null | op=PUT_BLOCK {blockData=[blockId=conID: 2 locID: 102734075019854388 bcsId: 0,size=1048576]} | ret=SUCCESS |  
2019-09-04 11:46:20,310 [grpc-default-executor-0] INFO  client.GrpcClientProtocolClient (GrpcClientProtocolClient.java:onNext(255)) - client-D5CE890D7D9E->efcb8ff8-f060-4d95-9215-d0f5eb4af037: receive RaftClientReply:client-D5CE890D7D9E->efcb8ff8-f060-4d95-9215-d0f5eb4af037@group-0959F8DF43ED, cid=2204, SUCCESS, logIndex=3255, commits[efcb8ff8-f060-4d95-9215-d0f5eb4af037:c3256, 6fae8b02-e804-4c0e-b729-a97b7404b7f6:c3254, 4c3e8a66-6975-4917-8225-d3efe707aaff:c3254]
2019-09-04 11:46:20,311 [grpc-default-executor-0] INFO  client.GrpcClientProtocolClient (GrpcClientProtocolClient.java:onNext(255)) - client-D5CE890D7D9E->efcb8ff8-f060-4d95-9215-d0f5eb4af037: receive RaftClientReply:client-D5CE890D7D9E->efcb8ff8-f060-4d95-9215-d0f5eb4af037@group-0959F8DF43ED, cid=2205, SUCCESS, logIndex=3256, commits[efcb8ff8-f060-4d95-9215-d0f5eb4af037:c3256, 6fae8b02-e804-4c0e-b729-a97b7404b7f6:c3254, 4c3e8a66-6975-4917-8225-d3efe707aaff:c3254]
2019-09-04 11:46:20,324 | INFO  | DNAudit | user=null | ip=null | op=WRITE_CHUNK {blockData=conID: 2 locID: 102734075019854388 bcsId: 0} | ret=SUCCESS |  
2019-09-04 11:46:20,325 | INFO  | DNAudit | user=null | ip=null | op=WRITE_CHUNK {blockData=conID: 2 locID: 102734075019854388 bcsId: 0} | ret=SUCCESS |  
2019-09-04 11:46:20,325 | INFO  | DNAudit | user=null | ip=null | op=WRITE_CHUNK {blockData=conID: 2 locID: 102734075019854388 bcsId: 0} | ret=SUCCESS |  
2019-09-04 11:46:20,325 | INFO  | DNAudit | user=null | ip=null | op=PUT_BLOCK {blockData=[blockId=conID: 2 locID: 102734075019854388 bcsId: 0,size=1048576]} | ret=SUCCESS |  
2019-09-04 11:46:20,325 | INFO  | DNAudit | user=null | ip=null | op=PUT_BLOCK {blockData=[blockId=conID: 2 locID: 102734075019854388 bcsId: 0,size=1048576]} | ret=SUCCESS |  
2019-09-04 11:46:20,326 | INFO  | DNAudit | user=null | ip=null | op=PUT_BLOCK {blockData=[blockId=conID: 2 locID: 102734075019854388 bcsId: 0,size=2097152]} | ret=SUCCESS |  
2019-09-04 11:46:20,327 [grpc-default-executor-0] INFO  client.GrpcClientProtocolClient (GrpcClientProtocolClient.java:onNext(255)) - client-D5CE890D7D9E->efcb8ff8-f060-4d95-9215-d0f5eb4af037: receive RaftClientReply:client-D5CE890D7D9E->efcb8ff8-f060-4d95-9215-d0f5eb4af037@group-0959F8DF43ED, cid=2206, SUCCESS, logIndex=3257, commits[efcb8ff8-f060-4d95-9215-d0f5eb4af037:c3259, 6fae8b02-e804-4c0e-b729-a97b7404b7f6:c3256, 4c3e8a66-6975-4917-8225-d3efe707aaff:c3254]
2019-09-04 11:46:20,328 [grpc-default-executor-0] INFO  client.GrpcClientProtocolClient (GrpcClientProtocolClient.java:onNext(255)) - client-D5CE890D7D9E->efcb8ff8-f060-4d95-9215-d0f5eb4af037: receive RaftClientReply:client-D5CE890D7D9E->efcb8ff8-f060-4d95-9215-d0f5eb4af037@group-0959F8DF43ED, cid=2207, SUCCESS, logIndex=3258, commits[efcb8ff8-f060-4d95-9215-d0f5eb4af037:c3259, 6fae8b02-e804-4c0e-b729-a97b7404b7f6:c3256, 4c3e8a66-6975-4917-8225-d3efe707aaff:c3254]
2019-09-04 11:46:20,329 [grpc-default-executor-0] INFO  client.GrpcClientProtocolClient (GrpcClientProtocolClient.java:onNext(255)) - client-D5CE890D7D9E->efcb8ff8-f060-4d95-9215-d0f5eb4af037: receive RaftClientReply:client-D5CE890D7D9E->efcb8ff8-f060-4d95-9215-d0f5eb4af037@group-0959F8DF43ED, cid=2208, SUCCESS, logIndex=0, commits[efcb8ff8-f060-4d95-9215-d0f5eb4af037:c3260, 6fae8b02-e804-4c0e-b729-a97b7404b7f6:c3256, 4c3e8a66-6975-4917-8225-d3efe707aaff:c3256]
2019-09-04 11:46:20,336 | INFO  | DNAudit | user=null | ip=null | op=WRITE_CHUNK {blockData=conID: 2 locID: 102734075019854388 bcsId: 0} | ret=SUCCESS |  
2019-09-04 11:46:20,336 | INFO  | DNAudit | user=null | ip=null | op=WRITE_CHUNK {blockData=conID: 2 locID: 102734075019854388 bcsId: 0} | ret=SUCCESS |  
2019-09-04 11:46:20,336 | INFO  | DNAudit | user=null | ip=null | op=PUT_BLOCK {blockData=[blockId=conID: 2 locID: 102734075019854388 bcsId: 0,size=2097152]} | ret=SUCCESS |  
2019-09-04 11:46:20,336 | INFO  | DNAudit | user=null | ip=null | op=PUT_BLOCK {blockData=[blockId=conID: 2 locID: 102734075019854388 bcsId: 0,size=2097152]} | ret=SUCCESS |  
2019-09-04 11:46:20,339 | INFO  | DNAudit | user=null | ip=null | op=WRITE_CHUNK {blockData=conID: 2 locID: 102734075019854388 bcsId: 3258} | ret=SUCCESS |  
2019-09-04 11:46:20,343 | INFO  | DNAudit | user=null | ip=null | op=WRITE_CHUNK {blockData=conID: 2 locID: 102734075019854388 bcsId: 3258} | ret=SUCCESS |  
2019-09-04 11:46:20,344 | INFO  | DNAudit | user=null | ip=null | op=WRITE_CHUNK {blockData=conID: 2 locID: 102734075019854388 bcsId: 3258} | ret=SUCCESS |  
2019-09-04 11:46:20,365 | INFO  | DNAudit | user=null | ip=null | op=WRITE_CHUNK {blockData=conID: 2 locID: 102734075019854388 bcsId: 3258} | ret=SUCCESS |  
2019-09-04 11:46:20,366 | INFO  | DNAudit | user=null | ip=null | op=PUT_BLOCK {blockData=[blockId=conID: 2 locID: 102734075019854388 bcsId: 0,size=3145728]} | ret=SUCCESS |  
2019-09-04 11:46:20,366 [grpc-default-executor-5] INFO  client.GrpcClientProtocolClient (GrpcClientProtocolClient.java:onNext(255)) - client-D5CE890D7D9E->efcb8ff8-f060-4d95-9215-d0f5eb4af037: receive RaftClientReply:client-D5CE890D7D9E->efcb8ff8-f060-4d95-9215-d0f5eb4af037@group-0959F8DF43ED, cid=2209, SUCCESS, logIndex=3263, commits[efcb8ff8-f060-4d95-9215-d0f5eb4af037:c3264, 6fae8b02-e804-4c0e-b729-a97b7404b7f6:c3258, 4c3e8a66-6975-4917-8225-d3efe707aaff:c3261]
2019-09-04 11:46:20,366 [grpc-default-executor-5] INFO  client.GrpcClientProtocolClient (GrpcClientProtocolClient.java:onNext(255)) - client-D5CE890D7D9E->efcb8ff8-f060-4d95-9215-d0f5eb4af037: receive RaftClientReply:client-D5CE890D7D9E->efcb8ff8-f060-4d95-9215-d0f5eb4af037@group-0959F8DF43ED, cid=2210, SUCCESS, logIndex=3264, commits[efcb8ff8-f060-4d95-9215-d0f5eb4af037:c3264, 6fae8b02-e804-4c0e-b729-a97b7404b7f6:c3261, 4c3e8a66-6975-4917-8225-d3efe707aaff:c3261]
2019-09-04 11:46:20,376 | INFO  | DNAudit | user=null | ip=null | op=WRITE_CHUNK {blockData=conID: 2 locID: 102734075019854388 bcsId: 3264} | ret=SUCCESS |  
2019-09-04 11:46:20,379 | INFO  | DNAudit | user=null | ip=null | op=WRITE_CHUNK {blockData=conID: 2 locID: 102734075019854388 bcsId: 3264} | ret=SUCCESS |  
2019-09-04 11:46:20,379 | INFO  | DNAudit | user=null | ip=null | op=WRITE_CHUNK {blockData=conID: 2 locID: 102734075019854388 bcsId: 3264} | ret=SUCCESS |  
2019-09-04 11:46:20,403 | INFO  | DNAudit | user=null | ip=null | op=WRITE_CHUNK {blockData=conID: 2 locID: 102734075019854388 bcsId: 3258} | ret=SUCCESS |  
2019-09-04 11:46:20,403 | INFO  | DNAudit | user=null | ip=null | op=WRITE_CHUNK {blockData=conID: 2 locID: 102734075019854388 bcsId: 3258} | ret=SUCCESS |  
2019-09-04 11:46:20,403 | INFO  | DNAudit | user=null | ip=null | op=PUT_BLOCK {blockData=[blockId=conID: 2 locID: 102734075019854388 bcsId: 0,size=3145728]} | ret=SUCCESS |  
2019-09-04 11:46:20,403 | INFO  | DNAudit | user=null | ip=null | op=PUT_BLOCK {blockData=[blockId=conID: 2 locID: 102734075019854388 bcsId: 0,size=3145728]} | ret=SUCCESS |  
2019-09-04 11:46:20,405 | INFO  | DNAudit | user=null | ip=null | op=WRITE_CHUNK {blockData=conID: 2 locID: 102734075019854388 bcsId: 3264} | ret=SUCCESS |  
2019-09-04 11:46:20,406 | INFO  | DNAudit | user=null | ip=null | op=PUT_BLOCK {blockData=[blockId=conID: 2 locID: 102734075019854388 bcsId: 0,size=4194304]} | ret=SUCCESS |  
2019-09-04 11:46:20,406 [grpc-default-executor-0] INFO  client.GrpcClientProtocolClient (GrpcClientProtocolClient.java:onNext(255)) - client-D5CE890D7D9E->efcb8ff8-f060-4d95-9215-d0f5eb4af037: receive RaftClientReply:client-D5CE890D7D9E->efcb8ff8-f060-4d95-9215-d0f5eb4af037@group-0959F8DF43ED, cid=2211, SUCCESS, logIndex=3267, commits[efcb8ff8-f060-4d95-9215-d0f5eb4af037:c3268, 6fae8b02-e804-4c0e-b729-a97b7404b7f6:c3264, 4c3e8a66-6975-4917-8225-d3efe707aaff:c3264]
2019-09-04 11:46:20,407 [grpc-default-executor-0] INFO  client.GrpcClientProtocolClient (GrpcClientProtocolClient.java:onNext(255)) - client-D5CE890D7D9E->efcb8ff8-f060-4d95-9215-d0f5eb4af037: receive RaftClientReply:client-D5CE890D7D9E->efcb8ff8-f060-4d95-9215-d0f5eb4af037@group-0959F8DF43ED, cid=2212, SUCCESS, logIndex=3268, commits[efcb8ff8-f060-4d95-9215-d0f5eb4af037:c3268, 6fae8b02-e804-4c0e-b729-a97b7404b7f6:c3264, 4c3e8a66-6975-4917-8225-d3efe707aaff:c3264]
2019-09-04 11:46:20,436 | INFO  | DNAudit | user=null | ip=null | op=WRITE_CHUNK {blockData=conID: 2 locID: 102734075019854388 bcsId: 3264} | ret=SUCCESS |  
2019-09-04 11:46:20,436 | INFO  | DNAudit | user=null | ip=null | op=WRITE_CHUNK {blockData=conID: 2 locID: 102734075019854388 bcsId: 3264} | ret=SUCCESS |  
2019-09-04 11:46:20,437 | INFO  | DNAudit | user=null | ip=null | op=PUT_BLOCK {blockData=[blockId=conID: 2 locID: 102734075019854388 bcsId: 0,size=4194304]} | ret=SUCCESS |  
2019-09-04 11:46:20,437 | INFO  | DNAudit | user=null | ip=null | op=PUT_BLOCK {blockData=[blockId=conID: 2 locID: 102734075019854388 bcsId: 0,size=4194304]} | ret=SUCCESS |  
2019-09-04 11:46:20,438 [grpc-default-executor-0] INFO  client.GrpcClientProtocolClient (GrpcClientProtocolClient.java:onNext(255)) - client-D5CE890D7D9E->efcb8ff8-f060-4d95-9215-d0f5eb4af037: receive RaftClientReply:client-D5CE890D7D9E->efcb8ff8-f060-4d95-9215-d0f5eb4af037@group-0959F8DF43ED, cid=2213, SUCCESS, logIndex=0, commits[efcb8ff8-f060-4d95-9215-d0f5eb4af037:c3269, 6fae8b02-e804-4c0e-b729-a97b7404b7f6:c3268, 4c3e8a66-6975-4917-8225-d3efe707aaff:c3268]
2019-09-04 11:46:20,445 | INFO  | SCMAudit | user=jenkins1000 | ip=192.168.36.67 | op=ALLOCATE_BLOCK {owner=8ab292a2-aaa7-4ad8-863a-d33994811155, size=4194304, type=RATIS, factor=THREE} | ret=SUCCESS |  
2019-09-04 11:46:20,449 | INFO  | OMAudit | user=jenkins1000 | ip=127.0.0.1 | op=ALLOCATE_BLOCK {volume=vol-0-58699, bucket=bucket-0-57464, key=key-0-37266, dataSize=0, replicationType=null, replicationFactor=null, keyLocationInfo=null, clientID=102734073355960722} | ret=SUCCESS |  
2019-09-04 11:46:20,458 | INFO  | DNAudit | user=null | ip=null | op=WRITE_CHUNK {blockData=conID: 3 locID: 102734075032044085 bcsId: 0} | ret=SUCCESS |  
2019-09-04 11:46:20,460 | INFO  | DNAudit | user=null | ip=null | op=WRITE_CHUNK {blockData=conID: 3 locID: 102734075032044085 bcsId: 0} | ret=SUCCESS |  
2019-09-04 11:46:20,461 | INFO  | DNAudit | user=null | ip=null | op=WRITE_CHUNK {blockData=conID: 3 locID: 102734075032044085 bcsId: 0} | ret=SUCCESS |  
2019-09-04 11:46:20,462 | INFO  | DNAudit | user=null | ip=null | op=WRITE_CHUNK {blockData=conID: 3 locID: 102734075032044085 bcsId: 0} | ret=SUCCESS |  
2019-09-04 11:46:20,462 | INFO  | DNAudit | user=null | ip=null | op=WRITE_CHUNK {blockData=conID: 3 locID: 102734075032044085 bcsId: 0} | ret=SUCCESS |  
2019-09-04 11:46:20,463 | INFO  | DNAudit | user=null | ip=null | op=WRITE_CHUNK {blockData=conID: 3 locID: 102734075032044085 bcsId: 0} | ret=SUCCESS |  
2019-09-04 11:46:20,472 | INFO  | DNAudit | user=null | ip=null | op=WRITE_CHUNK {blockData=conID: 3 locID: 102734075032044085 bcsId: 0} | ret=SUCCESS |  
2019-09-04 11:46:20,473 | INFO  | DNAudit | user=null | ip=null | op=PUT_BLOCK {blockData=[blockId=conID: 3 locID: 102734075032044085 bcsId: 0,size=1048576]} | ret=SUCCESS |  
2019-09-04 11:46:20,474 | INFO  | DNAudit | user=null | ip=null | op=WRITE_CHUNK {blockData=conID: 3 locID: 102734075032044085 bcsId: 0} | ret=SUCCESS |  
2019-09-04 11:46:20,474 | INFO  | DNAudit | user=null | ip=null | op=PUT_BLOCK {blockData=[blockId=conID: 3 locID: 102734075032044085 bcsId: 0,size=2097152]} | ret=SUCCESS |  
2019-09-04 11:46:20,474 [grpc-default-executor-0] INFO  client.GrpcClientProtocolClient (GrpcClientProtocolClient.java:onNext(255)) - client-D5CE890D7D9E->efcb8ff8-f060-4d95-9215-d0f5eb4af037: receive RaftClientReply:client-D5CE890D7D9E->efcb8ff8-f060-4d95-9215-d0f5eb4af037@group-0959F8DF43ED, cid=2214, SUCCESS, logIndex=3271, commits[efcb8ff8-f060-4d95-9215-d0f5eb4af037:c3272, 6fae8b02-e804-4c0e-b729-a97b7404b7f6:c3268, 4c3e8a66-6975-4917-8225-d3efe707aaff:c3270]
2019-09-04 11:46:20,475 [grpc-default-executor-0] INFO  client.GrpcClientProtocolClient (GrpcClientProtocolClient.java:onNext(255)) - client-D5CE890D7D9E->efcb8ff8-f060-4d95-9215-d0f5eb4af037: receive RaftClientReply:client-D5CE890D7D9E->efcb8ff8-f060-4d95-9215-d0f5eb4af037@group-0959F8DF43ED, cid=2215, SUCCESS, logIndex=3272, commits[efcb8ff8-f060-4d95-9215-d0f5eb4af037:c3274, 6fae8b02-e804-4c0e-b729-a97b7404b7f6:c3270, 4c3e8a66-6975-4917-8225-d3efe707aaff:c3270]
2019-09-04 11:46:20,475 [grpc-default-executor-0] INFO  client.GrpcClientProtocolClient (GrpcClientProtocolClient.java:onNext(255)) - client-D5CE890D7D9E->efcb8ff8-f060-4d95-9215-d0f5eb4af037: receive RaftClientReply:client-D5CE890D7D9E->efcb8ff8-f060-4d95-9215-d0f5eb4af037@group-0959F8DF43ED, cid=2216, SUCCESS, logIndex=3273, commits[efcb8ff8-f060-4d95-9215-d0f5eb4af037:c3274, 6fae8b02-e804-4c0e-b729-a97b7404b7f6:c3270, 4c3e8a66-6975-4917-8225-d3efe707aaff:c3270]
2019-09-04 11:46:20,475 [grpc-default-executor-0] INFO  client.GrpcClientProtocolClient (GrpcClientProtocolClient.java:onNext(255)) - client-D5CE890D7D9E->efcb8ff8-f060-4d95-9215-d0f5eb4af037: receive RaftClientReply:client-D5CE890D7D9E->efcb8ff8-f060-4d95-9215-d0f5eb4af037@group-0959F8DF43ED, cid=2217, SUCCESS, logIndex=3274, commits[efcb8ff8-f060-4d95-9215-d0f5eb4af037:c3274, 6fae8b02-e804-4c0e-b729-a97b7404b7f6:c3270, 4c3e8a66-6975-4917-8225-d3efe707aaff:c3270]
2019-09-04 11:46:20,502 | INFO  | DNAudit | user=null | ip=null | op=WRITE_CHUNK {blockData=conID: 3 locID: 102734075032044085 bcsId: 0} | ret=SUCCESS |  
2019-09-04 11:46:20,502 | INFO  | DNAudit | user=null | ip=null | op=WRITE_CHUNK {blockData=conID: 3 locID: 102734075032044085 bcsId: 0} | ret=SUCCESS |  
2019-09-04 11:46:20,502 | INFO  | DNAudit | user=null | ip=null | op=PUT_BLOCK {blockData=[blockId=conID: 3 locID: 102734075032044085 bcsId: 0,size=1048576]} | ret=SUCCESS |  
2019-09-04 11:46:20,502 | INFO  | DNAudit | user=null | ip=null | op=PUT_BLOCK {blockData=[blockId=conID: 3 locID: 102734075032044085 bcsId: 0,size=1048576]} | ret=SUCCESS |  
2019-09-04 11:46:20,503 [grpc-default-executor-0] INFO  client.GrpcClientProtocolClient (GrpcClientProtocolClient.java:onNext(255)) - client-D5CE890D7D9E->efcb8ff8-f060-4d95-9215-d0f5eb4af037: receive RaftClientReply:client-D5CE890D7D9E->efcb8ff8-f060-4d95-9215-d0f5eb4af037@group-0959F8DF43ED, cid=2218, SUCCESS, logIndex=0, commits[efcb8ff8-f060-4d95-9215-d0f5eb4af037:c3275, 6fae8b02-e804-4c0e-b729-a97b7404b7f6:c3272, 4c3e8a66-6975-4917-8225-d3efe707aaff:c3272]
2019-09-04 11:46:20,512 | INFO  | DNAudit | user=null | ip=null | op=WRITE_CHUNK {blockData=conID: 3 locID: 102734075032044085 bcsId: 3274} | ret=SUCCESS |  
2019-09-04 11:46:20,516 | INFO  | DNAudit | user=null | ip=null | op=WRITE_CHUNK {blockData=conID: 3 locID: 102734075032044085 bcsId: 3274} | ret=SUCCESS |  
2019-09-04 11:46:20,517 | INFO  | DNAudit | user=null | ip=null | op=WRITE_CHUNK {blockData=conID: 3 locID: 102734075032044085 bcsId: 3274} | ret=SUCCESS |  
2019-09-04 11:46:20,522 | INFO  | DNAudit | user=null | ip=null | op=WRITE_CHUNK {blockData=conID: 3 locID: 102734075032044085 bcsId: 0} | ret=SUCCESS |  
2019-09-04 11:46:20,523 | INFO  | DNAudit | user=null | ip=null | op=WRITE_CHUNK {blockData=conID: 3 locID: 102734075032044085 bcsId: 0} | ret=SUCCESS |  
2019-09-04 11:46:20,523 | INFO  | DNAudit | user=null | ip=null | op=PUT_BLOCK {blockData=[blockId=conID: 3 locID: 102734075032044085 bcsId: 0,size=2097152]} | ret=SUCCESS |  
2019-09-04 11:46:20,523 | INFO  | DNAudit | user=null | ip=null | op=PUT_BLOCK {blockData=[blockId=conID: 3 locID: 102734075032044085 bcsId: 0,size=2097152]} | ret=SUCCESS |  
2019-09-04 11:46:20,542 | INFO  | DNAudit | user=null | ip=null | op=WRITE_CHUNK {blockData=conID: 3 locID: 102734075032044085 bcsId: 3274} | ret=SUCCESS |  
2019-09-04 11:46:20,543 | INFO  | DNAudit | user=null | ip=null | op=PUT_BLOCK {blockData=[blockId=conID: 3 locID: 102734075032044085 bcsId: 0,size=3145728]} | ret=SUCCESS |  
2019-09-04 11:46:20,546 [grpc-default-executor-0] INFO  client.GrpcClientProtocolClient (GrpcClientProtocolClient.java:onNext(255)) - client-D5CE890D7D9E->efcb8ff8-f060-4d95-9215-d0f5eb4af037: receive RaftClientReply:client-D5CE890D7D9E->efcb8ff8-f060-4d95-9215-d0f5eb4af037@group-0959F8DF43ED, cid=2219, SUCCESS, logIndex=3279, commits[efcb8ff8-f060-4d95-9215-d0f5eb4af037:c3280, 6fae8b02-e804-4c0e-b729-a97b7404b7f6:c3275, 4c3e8a66-6975-4917-8225-d3efe707aaff:c3275]
2019-09-04 11:46:20,547 [grpc-default-executor-0] INFO  client.GrpcClientProtocolClient (GrpcClientProtocolClient.java:onNext(255)) - client-D5CE890D7D9E->efcb8ff8-f060-4d95-9215-d0f5eb4af037: receive RaftClientReply:client-D5CE890D7D9E->efcb8ff8-f060-4d95-9215-d0f5eb4af037@group-0959F8DF43ED, cid=2220, SUCCESS, logIndex=3280, commits[efcb8ff8-f060-4d95-9215-d0f5eb4af037:c3280, 6fae8b02-e804-4c0e-b729-a97b7404b7f6:c3275, 4c3e8a66-6975-4917-8225-d3efe707aaff:c3275]
2019-09-04 11:46:20,550 | INFO  | DNAudit | user=null | ip=null | op=WRITE_CHUNK {blockData=conID: 3 locID: 102734075032044085 bcsId: 3274} | ret=SUCCESS |  
2019-09-04 11:46:20,550 | INFO  | DNAudit | user=null | ip=null | op=WRITE_CHUNK {blockData=conID: 3 locID: 102734075032044085 bcsId: 3274} | ret=SUCCESS |  
2019-09-04 11:46:20,551 | INFO  | DNAudit | user=null | ip=null | op=PUT_BLOCK {blockData=[blockId=conID: 3 locID: 102734075032044085 bcsId: 0,size=3145728]} | ret=SUCCESS |  
2019-09-04 11:46:20,551 | INFO  | DNAudit | user=null | ip=null | op=PUT_BLOCK {blockData=[blockId=conID: 3 locID: 102734075032044085 bcsId: 0,size=3145728]} | ret=SUCCESS |  
2019-09-04 11:46:20,558 | INFO  | DNAudit | user=null | ip=null | op=WRITE_CHUNK {blockData=conID: 3 locID: 102734075032044085 bcsId: 3280} | ret=SUCCESS |  
2019-09-04 11:46:20,561 | INFO  | DNAudit | user=null | ip=null | op=WRITE_CHUNK {blockData=conID: 3 locID: 102734075032044085 bcsId: 3280} | ret=SUCCESS |  
2019-09-04 11:46:20,562 | INFO  | DNAudit | user=null | ip=null | op=WRITE_CHUNK {blockData=conID: 3 locID: 102734075032044085 bcsId: 3280} | ret=SUCCESS |  
2019-09-04 11:46:20,574 | INFO  | DNAudit | user=null | ip=null | op=WRITE_CHUNK {blockData=conID: 3 locID: 102734075032044085 bcsId: 3280} | ret=SUCCESS |  
2019-09-04 11:46:20,575 | INFO  | DNAudit | user=null | ip=null | op=PUT_BLOCK {blockData=[blockId=conID: 3 locID: 102734075032044085 bcsId: 0,size=4194304]} | ret=SUCCESS |  
2019-09-04 11:46:20,575 [grpc-default-executor-6] INFO  client.GrpcClientProtocolClient (GrpcClientProtocolClient.java:onNext(255)) - client-D5CE890D7D9E->efcb8ff8-f060-4d95-9215-d0f5eb4af037: receive RaftClientReply:client-D5CE890D7D9E->efcb8ff8-f060-4d95-9215-d0f5eb4af037@group-0959F8DF43ED, cid=2221, SUCCESS, logIndex=3283, commits[efcb8ff8-f060-4d95-9215-d0f5eb4af037:c3284, 6fae8b02-e804-4c0e-b729-a97b7404b7f6:c3282, 4c3e8a66-6975-4917-8225-d3efe707aaff:c3280]
2019-09-04 11:46:20,575 [grpc-default-executor-6] INFO  client.GrpcClientProtocolClient (GrpcClientProtocolClient.java:onNext(255)) - client-D5CE890D7D9E->efcb8ff8-f060-4d95-9215-d0f5eb4af037: receive RaftClientReply:client-D5CE890D7D9E->efcb8ff8-f060-4d95-9215-d0f5eb4af037@group-0959F8DF43ED, cid=2222, SUCCESS, logIndex=3284, commits[efcb8ff8-f060-4d95-9215-d0f5eb4af037:c3284, 6fae8b02-e804-4c0e-b729-a97b7404b7f6:c3282, 4c3e8a66-6975-4917-8225-d3efe707aaff:c3282]
2019-09-04 11:46:20,597 | INFO  | DNAudit | user=null | ip=null | op=WRITE_CHUNK {blockData=conID: 3 locID: 102734075032044085 bcsId: 3280} | ret=SUCCESS |  
2019-09-04 11:46:20,597 | INFO  | DNAudit | user=null | ip=null | op=WRITE_CHUNK {blockData=conID: 3 locID: 102734075032044085 bcsId: 3280} | ret=SUCCESS |  
2019-09-04 11:46:20,598 | INFO  | DNAudit | user=null | ip=null | op=PUT_BLOCK {blockData=[blockId=conID: 3 locID: 102734075032044085 bcsId: 0,size=4194304]} | ret=SUCCESS |  
2019-09-04 11:46:20,598 | INFO  | DNAudit | user=null | ip=null | op=PUT_BLOCK {blockData=[blockId=conID: 3 locID: 102734075032044085 bcsId: 0,size=4194304]} | ret=SUCCESS |  
2019-09-04 11:46:20,600 [grpc-default-executor-6] INFO  client.GrpcClientProtocolClient (GrpcClientProtocolClient.java:onNext(255)) - client-D5CE890D7D9E->efcb8ff8-f060-4d95-9215-d0f5eb4af037: receive RaftClientReply:client-D5CE890D7D9E->efcb8ff8-f060-4d95-9215-d0f5eb4af037@group-0959F8DF43ED, cid=2223, SUCCESS, logIndex=0, commits[efcb8ff8-f060-4d95-9215-d0f5eb4af037:c3285, 6fae8b02-e804-4c0e-b729-a97b7404b7f6:c3284, 4c3e8a66-6975-4917-8225-d3efe707aaff:c3284]
2019-09-04 11:46:20,606 | INFO  | SCMAudit | user=jenkins1000 | ip=192.168.36.67 | op=ALLOCATE_BLOCK {owner=8ab292a2-aaa7-4ad8-863a-d33994811155, size=4194304, type=RATIS, factor=THREE} | ret=SUCCESS |  
2019-09-04 11:46:20,609 | INFO  | OMAudit | user=jenkins1000 | ip=127.0.0.1 | op=ALLOCATE_BLOCK {volume=vol-0-58699, bucket=bucket-0-57464, key=key-0-37266, dataSize=0, replicationType=null, replicationFactor=null, keyLocationInfo=null, clientID=102734073355960722} | ret=SUCCESS |  
2019-09-04 11:46:20,618 | INFO  | DNAudit | user=null | ip=null | op=WRITE_CHUNK {blockData=conID: 1 locID: 102734075042595382 bcsId: 0} | ret=SUCCESS |  
2019-09-04 11:46:20,620 | INFO  | DNAudit | user=null | ip=null | op=WRITE_CHUNK {blockData=conID: 1 locID: 102734075042595382 bcsId: 0} | ret=SUCCESS |  
2019-09-04 11:46:20,622 | INFO  | DNAudit | user=null | ip=null | op=WRITE_CHUNK {blockData=conID: 1 locID: 102734075042595382 bcsId: 0} | ret=SUCCESS |  
2019-09-04 11:46:20,624 | INFO  | DNAudit | user=null | ip=null | op=WRITE_CHUNK {blockData=conID: 1 locID: 102734075042595382 bcsId: 0} | ret=SUCCESS |  
2019-09-04 11:46:20,624 | INFO  | DNAudit | user=null | ip=null | op=WRITE_CHUNK {blockData=conID: 1 locID: 102734075042595382 bcsId: 0} | ret=SUCCESS |  
2019-09-04 11:46:20,625 | INFO  | DNAudit | user=null | ip=null | op=WRITE_CHUNK {blockData=conID: 1 locID: 102734075042595382 bcsId: 0} | ret=SUCCESS |  
2019-09-04 11:46:20,639 | INFO  | DNAudit | user=null | ip=null | op=WRITE_CHUNK {blockData=conID: 1 locID: 102734075042595382 bcsId: 0} | ret=SUCCESS |  
2019-09-04 11:46:20,640 | INFO  | DNAudit | user=null | ip=null | op=PUT_BLOCK {blockData=[blockId=conID: 1 locID: 102734075042595382 bcsId: 0,size=1048576]} | ret=SUCCESS |  
2019-09-04 11:46:20,640 [grpc-default-executor-6] INFO  client.GrpcClientProtocolClient (GrpcClientProtocolClient.java:onNext(255)) - client-D5CE890D7D9E->efcb8ff8-f060-4d95-9215-d0f5eb4af037: receive RaftClientReply:client-D5CE890D7D9E->efcb8ff8-f060-4d95-9215-d0f5eb4af037@group-0959F8DF43ED, cid=2224, SUCCESS, logIndex=3287, commits[efcb8ff8-f060-4d95-9215-d0f5eb4af037:c3290, 6fae8b02-e804-4c0e-b729-a97b7404b7f6:c3286, 4c3e8a66-6975-4917-8225-d3efe707aaff:c3286]
2019-09-04 11:46:20,640 | INFO  | DNAudit | user=null | ip=null | op=WRITE_CHUNK {blockData=conID: 1 locID: 102734075042595382 bcsId: 0} | ret=SUCCESS |  
2019-09-04 11:46:20,640 [grpc-default-executor-6] INFO  client.GrpcClientProtocolClient (GrpcClientProtocolClient.java:onNext(255)) - client-D5CE890D7D9E->efcb8ff8-f060-4d95-9215-d0f5eb4af037: receive RaftClientReply:client-D5CE890D7D9E->efcb8ff8-f060-4d95-9215-d0f5eb4af037@group-0959F8DF43ED, cid=2225, SUCCESS, logIndex=3288, commits[efcb8ff8-f060-4d95-9215-d0f5eb4af037:c3290, 6fae8b02-e804-4c0e-b729-a97b7404b7f6:c3286, 4c3e8a66-6975-4917-8225-d3efe707aaff:c3286]
2019-09-04 11:46:20,640 | INFO  | DNAudit | user=null | ip=null | op=PUT_BLOCK {blockData=[blockId=conID: 1 locID: 102734075042595382 bcsId: 0,size=2097152]} | ret=SUCCESS |  
2019-09-04 11:46:20,641 [grpc-default-executor-6] INFO  client.GrpcClientProtocolClient (GrpcClientProtocolClient.java:onNext(255)) - client-D5CE890D7D9E->efcb8ff8-f060-4d95-9215-d0f5eb4af037: receive RaftClientReply:client-D5CE890D7D9E->efcb8ff8-f060-4d95-9215-d0f5eb4af037@group-0959F8DF43ED, cid=2226, SUCCESS, logIndex=3289, commits[efcb8ff8-f060-4d95-9215-d0f5eb4af037:c3290, 6fae8b02-e804-4c0e-b729-a97b7404b7f6:c3286, 4c3e8a66-6975-4917-8225-d3efe707aaff:c3286]
2019-09-04 11:46:20,641 [grpc-default-executor-6] INFO  client.GrpcClientProtocolClient (GrpcClientProtocolClient.java:onNext(255)) - client-D5CE890D7D9E->efcb8ff8-f060-4d95-9215-d0f5eb4af037: receive RaftClientReply:client-D5CE890D7D9E->efcb8ff8-f060-4d95-9215-d0f5eb4af037@group-0959F8DF43ED, cid=2227, SUCCESS, logIndex=3290, commits[efcb8ff8-f060-4d95-9215-d0f5eb4af037:c3290, 6fae8b02-e804-4c0e-b729-a97b7404b7f6:c3286, 4c3e8a66-6975-4917-8225-d3efe707aaff:c3286]
2019-09-04 11:46:20,671 | INFO  | DNAudit | user=null | ip=null | op=WRITE_CHUNK {blockData=conID: 1 locID: 102734075042595382 bcsId: 0} | ret=SUCCESS |  
2019-09-04 11:46:20,671 | INFO  | DNAudit | user=null | ip=null | op=WRITE_CHUNK {blockData=conID: 1 locID: 102734075042595382 bcsId: 0} | ret=SUCCESS |  
2019-09-04 11:46:20,671 | INFO  | DNAudit | user=null | ip=null | op=PUT_BLOCK {blockData=[blockId=conID: 1 locID: 102734075042595382 bcsId: 0,size=1048576]} | ret=SUCCESS |  
2019-09-04 11:46:20,672 | INFO  | DNAudit | user=null | ip=null | op=PUT_BLOCK {blockData=[blockId=conID: 1 locID: 102734075042595382 bcsId: 0,size=1048576]} | ret=SUCCESS |  
2019-09-04 11:46:20,672 [grpc-default-executor-6] INFO  client.GrpcClientProtocolClient (GrpcClientProtocolClient.java:onNext(255)) - client-D5CE890D7D9E->efcb8ff8-f060-4d95-9215-d0f5eb4af037: receive RaftClientReply:client-D5CE890D7D9E->efcb8ff8-f060-4d95-9215-d0f5eb4af037@group-0959F8DF43ED, cid=2228, SUCCESS, logIndex=0, commits[efcb8ff8-f060-4d95-9215-d0f5eb4af037:c3291, 6fae8b02-e804-4c0e-b729-a97b7404b7f6:c3288, 4c3e8a66-6975-4917-8225-d3efe707aaff:c3288]
2019-09-04 11:46:20,673 | INFO  | DNAudit | user=null | ip=null | op=WRITE_CHUNK {blockData=conID: 1 locID: 102734075042595382 bcsId: 0} | ret=SUCCESS |  
2019-09-04 11:46:20,673 | INFO  | DNAudit | user=null | ip=null | op=WRITE_CHUNK {blockData=conID: 1 locID: 102734075042595382 bcsId: 0} | ret=SUCCESS |  
2019-09-04 11:46:20,673 | INFO  | DNAudit | user=null | ip=null | op=PUT_BLOCK {blockData=[blockId=conID: 1 locID: 102734075042595382 bcsId: 0,size=2097152]} | ret=SUCCESS |  
2019-09-04 11:46:20,674 | INFO  | DNAudit | user=null | ip=null | op=PUT_BLOCK {blockData=[blockId=conID: 1 locID: 102734075042595382 bcsId: 0,size=2097152]} | ret=SUCCESS |  
2019-09-04 11:46:20,681 | INFO  | DNAudit | user=null | ip=null | op=WRITE_CHUNK {blockData=conID: 1 locID: 102734075042595382 bcsId: 3290} | ret=SUCCESS |  
2019-09-04 11:46:20,685 | INFO  | DNAudit | user=null | ip=null | op=WRITE_CHUNK {blockData=conID: 1 locID: 102734075042595382 bcsId: 3290} | ret=SUCCESS |  
2019-09-04 11:46:20,685 | INFO  | DNAudit | user=null | ip=null | op=WRITE_CHUNK {blockData=conID: 1 locID: 102734075042595382 bcsId: 3290} | ret=SUCCESS |  
2019-09-04 11:46:20,702 | INFO  | DNAudit | user=null | ip=null | op=WRITE_CHUNK {blockData=conID: 1 locID: 102734075042595382 bcsId: 3290} | ret=SUCCESS |  
2019-09-04 11:46:20,703 | INFO  | DNAudit | user=null | ip=null | op=PUT_BLOCK {blockData=[blockId=conID: 1 locID: 102734075042595382 bcsId: 0,size=3145728]} | ret=SUCCESS |  
2019-09-04 11:46:20,703 [grpc-default-executor-5] INFO  client.GrpcClientProtocolClient (GrpcClientProtocolClient.java:onNext(255)) - client-D5CE890D7D9E->efcb8ff8-f060-4d95-9215-d0f5eb4af037: receive RaftClientReply:client-D5CE890D7D9E->efcb8ff8-f060-4d95-9215-d0f5eb4af037@group-0959F8DF43ED, cid=2229, SUCCESS, logIndex=3295, commits[efcb8ff8-f060-4d95-9215-d0f5eb4af037:c3296, 6fae8b02-e804-4c0e-b729-a97b7404b7f6:c3294, 4c3e8a66-6975-4917-8225-d3efe707aaff:c3294]
2019-09-04 11:46:20,704 [grpc-default-executor-5] INFO  client.GrpcClientProtocolClient (GrpcClientProtocolClient.java:onNext(255)) - client-D5CE890D7D9E->efcb8ff8-f060-4d95-9215-d0f5eb4af037: receive RaftClientReply:client-D5CE890D7D9E->efcb8ff8-f060-4d95-9215-d0f5eb4af037@group-0959F8DF43ED, cid=2230, SUCCESS, logIndex=3296, commits[efcb8ff8-f060-4d95-9215-d0f5eb4af037:c3296, 6fae8b02-e804-4c0e-b729-a97b7404b7f6:c3294, 4c3e8a66-6975-4917-8225-d3efe707aaff:c3294]
2019-09-04 11:46:20,708 | INFO  | SCMAudit | user=jenkins1000 | ip=192.168.36.67 | op=SEND_HEARTBEAT {datanodeUUID=b68b188c-7f38-42ae-8403-46a39acd0731, command=[]} | ret=SUCCESS |  
2019-09-04 11:46:20,713 | INFO  | DNAudit | user=null | ip=null | op=WRITE_CHUNK {blockData=conID: 1 locID: 102734075042595382 bcsId: 3296} | ret=SUCCESS |  
2019-09-04 11:46:20,717 | INFO  | DNAudit | user=null | ip=null | op=WRITE_CHUNK {blockData=conID: 1 locID: 102734075042595382 bcsId: 3296} | ret=SUCCESS |  
2019-09-04 11:46:20,717 | INFO  | DNAudit | user=null | ip=null | op=WRITE_CHUNK {blockData=conID: 1 locID: 102734075042595382 bcsId: 3296} | ret=SUCCESS |  
2019-09-04 11:46:20,719 | INFO  | DNAudit | user=null | ip=null | op=WRITE_CHUNK {blockData=conID: 1 locID: 102734075042595382 bcsId: 3290} | ret=SUCCESS |  
2019-09-04 11:46:20,719 | INFO  | DNAudit | user=null | ip=null | op=WRITE_CHUNK {blockData=conID: 1 locID: 102734075042595382 bcsId: 3290} | ret=SUCCESS |  
2019-09-04 11:46:20,719 | INFO  | DNAudit | user=null | ip=null | op=PUT_BLOCK {blockData=[blockId=conID: 1 locID: 102734075042595382 bcsId: 0,size=3145728]} | ret=SUCCESS |  
2019-09-04 11:46:20,719 | INFO  | DNAudit | user=null | ip=null | op=PUT_BLOCK {blockData=[blockId=conID: 1 locID: 102734075042595382 bcsId: 0,size=3145728]} | ret=SUCCESS |  
2019-09-04 11:46:20,721 | INFO  | DNAudit | user=null | ip=null | op=WRITE_CHUNK {blockData=conID: 1 locID: 102734075042595382 bcsId: 3296} | ret=SUCCESS |  
2019-09-04 11:46:20,721 | INFO  | DNAudit | user=null | ip=null | op=PUT_BLOCK {blockData=[blockId=conID: 1 locID: 102734075042595382 bcsId: 0,size=4194304]} | ret=SUCCESS |  
2019-09-04 11:46:20,725 [grpc-default-executor-0] INFO  client.GrpcClientProtocolClient (GrpcClientProtocolClient.java:onNext(255)) - client-D5CE890D7D9E->efcb8ff8-f060-4d95-9215-d0f5eb4af037: receive RaftClientReply:client-D5CE890D7D9E->efcb8ff8-f060-4d95-9215-d0f5eb4af037@group-0959F8DF43ED, cid=2231, SUCCESS, logIndex=3299, commits[efcb8ff8-f060-4d95-9215-d0f5eb4af037:c3300, 6fae8b02-e804-4c0e-b729-a97b7404b7f6:c3296, 4c3e8a66-6975-4917-8225-d3efe707aaff:c3296]
2019-09-04 11:46:20,726 [grpc-default-executor-0] INFO  client.GrpcClientProtocolClient (GrpcClientProtocolClient.java:onNext(255)) - client-D5CE890D7D9E->efcb8ff8-f060-4d95-9215-d0f5eb4af037: receive RaftClientReply:client-D5CE890D7D9E->efcb8ff8-f060-4d95-9215-d0f5eb4af037@group-0959F8DF43ED, cid=2232, SUCCESS, logIndex=3300, commits[efcb8ff8-f060-4d95-9215-d0f5eb4af037:c3300, 6fae8b02-e804-4c0e-b729-a97b7404b7f6:c3296, 4c3e8a66-6975-4917-8225-d3efe707aaff:c3296]
2019-09-04 11:46:20,732 | INFO  | DNAudit | user=null | ip=null | op=WRITE_CHUNK {blockData=conID: 1 locID: 102734075042595382 bcsId: 3296} | ret=SUCCESS |  
2019-09-04 11:46:20,732 | INFO  | DNAudit | user=null | ip=null | op=WRITE_CHUNK {blockData=conID: 1 locID: 102734075042595382 bcsId: 3296} | ret=SUCCESS |  
2019-09-04 11:46:20,733 | INFO  | DNAudit | user=null | ip=null | op=PUT_BLOCK {blockData=[blockId=conID: 1 locID: 102734075042595382 bcsId: 0,size=4194304]} | ret=SUCCESS |  
2019-09-04 11:46:20,733 | INFO  | DNAudit | user=null | ip=null | op=PUT_BLOCK {blockData=[blockId=conID: 1 locID: 102734075042595382 bcsId: 0,size=4194304]} | ret=SUCCESS |  
2019-09-04 11:46:20,734 [grpc-default-executor-0] INFO  client.GrpcClientProtocolClient (GrpcClientProtocolClient.java:onNext(255)) - client-D5CE890D7D9E->efcb8ff8-f060-4d95-9215-d0f5eb4af037: receive RaftClientReply:client-D5CE890D7D9E->efcb8ff8-f060-4d95-9215-d0f5eb4af037@group-0959F8DF43ED, cid=2233, SUCCESS, logIndex=0, commits[efcb8ff8-f060-4d95-9215-d0f5eb4af037:c3301, 6fae8b02-e804-4c0e-b729-a97b7404b7f6:c3300, 4c3e8a66-6975-4917-8225-d3efe707aaff:c3300]
2019-09-04 11:46:20,736 | INFO  | SCMAudit | user=jenkins1000 | ip=192.168.36.67 | op=SEND_HEARTBEAT {datanodeUUID=4c3e8a66-6975-4917-8225-d3efe707aaff, command=[]} | ret=SUCCESS |  
2019-09-04 11:46:20,736 | INFO  | SCMAudit | user=jenkins1000 | ip=192.168.36.67 | op=SEND_HEARTBEAT {datanodeUUID=6fae8b02-e804-4c0e-b729-a97b7404b7f6, command=[]} | ret=SUCCESS |  
2019-09-04 11:46:20,739 | INFO  | SCMAudit | user=jenkins1000 | ip=192.168.36.67 | op=SEND_HEARTBEAT {datanodeUUID=0b776101-1d39-4f23-96c0-6a8ead31197c, command=[]} | ret=SUCCESS |  
2019-09-04 11:46:20,744 | INFO  | SCMAudit | user=jenkins1000 | ip=192.168.36.67 | op=SEND_HEARTBEAT {datanodeUUID=efcb8ff8-f060-4d95-9215-d0f5eb4af037, command=[]} | ret=SUCCESS |  
2019-09-04 11:46:20,744 | INFO  | SCMAudit | user=jenkins1000 | ip=192.168.36.67 | op=ALLOCATE_BLOCK {owner=8ab292a2-aaa7-4ad8-863a-d33994811155, size=4194304, type=RATIS, factor=THREE} | ret=SUCCESS |  
2019-09-04 11:46:20,750 | INFO  | OMAudit | user=jenkins1000 | ip=127.0.0.1 | op=ALLOCATE_BLOCK {volume=vol-0-58699, bucket=bucket-0-57464, key=key-0-37266, dataSize=0, replicationType=null, replicationFactor=null, keyLocationInfo=null, clientID=102734073355960722} | ret=SUCCESS |  
2019-09-04 11:46:20,882 | INFO  | DNAudit | user=null | ip=null | op=WRITE_CHUNK {blockData=conID: 2 locID: 102734075051639351 bcsId: 0} | ret=SUCCESS |  
2019-09-04 11:46:20,886 | INFO  | DNAudit | user=null | ip=null | op=WRITE_CHUNK {blockData=conID: 2 locID: 102734075051639351 bcsId: 0} | ret=SUCCESS |  
2019-09-04 11:46:20,886 | INFO  | DNAudit | user=null | ip=null | op=WRITE_CHUNK {blockData=conID: 2 locID: 102734075051639351 bcsId: 0} | ret=SUCCESS |  
2019-09-04 11:46:20,887 | INFO  | DNAudit | user=null | ip=null | op=WRITE_CHUNK {blockData=conID: 2 locID: 102734075051639351 bcsId: 0} | ret=SUCCESS |  
2019-09-04 11:46:20,893 | INFO  | DNAudit | user=null | ip=null | op=WRITE_CHUNK {blockData=conID: 2 locID: 102734075051639351 bcsId: 0} | ret=SUCCESS |  
2019-09-04 11:46:20,896 | INFO  | DNAudit | user=null | ip=null | op=WRITE_CHUNK {blockData=conID: 2 locID: 102734075051639351 bcsId: 0} | ret=SUCCESS |  
2019-09-04 11:46:20,912 | INFO  | DNAudit | user=null | ip=null | op=WRITE_CHUNK {blockData=conID: 2 locID: 102734075051639351 bcsId: 0} | ret=SUCCESS |  
2019-09-04 11:46:20,913 | INFO  | DNAudit | user=null | ip=null | op=PUT_BLOCK {blockData=[blockId=conID: 2 locID: 102734075051639351 bcsId: 0,size=1048576]} | ret=SUCCESS |  
2019-09-04 11:46:20,913 [grpc-default-executor-0] INFO  client.GrpcClientProtocolClient (GrpcClientProtocolClient.java:onNext(255)) - client-D5CE890D7D9E->efcb8ff8-f060-4d95-9215-d0f5eb4af037: receive RaftClientReply:client-D5CE890D7D9E->efcb8ff8-f060-4d95-9215-d0f5eb4af037@group-0959F8DF43ED, cid=2234, SUCCESS, logIndex=3302, commits[efcb8ff8-f060-4d95-9215-d0f5eb4af037:c3303, 6fae8b02-e804-4c0e-b729-a97b7404b7f6:c3301, 4c3e8a66-6975-4917-8225-d3efe707aaff:c3301]
2019-09-04 11:46:20,913 [grpc-default-executor-0] INFO  client.GrpcClientProtocolClient (GrpcClientProtocolClient.java:onNext(255)) - client-D5CE890D7D9E->efcb8ff8-f060-4d95-9215-d0f5eb4af037: receive RaftClientReply:client-D5CE890D7D9E->efcb8ff8-f060-4d95-9215-d0f5eb4af037@group-0959F8DF43ED, cid=2235, SUCCESS, logIndex=3303, commits[efcb8ff8-f060-4d95-9215-d0f5eb4af037:c3303, 6fae8b02-e804-4c0e-b729-a97b7404b7f6:c3301, 4c3e8a66-6975-4917-8225-d3efe707aaff:c3301]
2019-09-04 11:46:20,945 | INFO  | DNAudit | user=null | ip=null | op=WRITE_CHUNK {blockData=conID: 2 locID: 102734075051639351 bcsId: 0} | ret=SUCCESS |  
2019-09-04 11:46:20,946 | INFO  | DNAudit | user=null | ip=null | op=PUT_BLOCK {blockData=[blockId=conID: 2 locID: 102734075051639351 bcsId: 0,size=2097152]} | ret=SUCCESS |  
2019-09-04 11:46:20,946 [grpc-default-executor-1] INFO  client.GrpcClientProtocolClient (GrpcClientProtocolClient.java:onNext(255)) - client-D5CE890D7D9E->efcb8ff8-f060-4d95-9215-d0f5eb4af037: receive RaftClientReply:client-D5CE890D7D9E->efcb8ff8-f060-4d95-9215-d0f5eb4af037@group-0959F8DF43ED, cid=2236, SUCCESS, logIndex=3304, commits[efcb8ff8-f060-4d95-9215-d0f5eb4af037:c3305, 6fae8b02-e804-4c0e-b729-a97b7404b7f6:c3301, 4c3e8a66-6975-4917-8225-d3efe707aaff:c3301]
2019-09-04 11:46:20,946 [grpc-default-executor-1] INFO  client.GrpcClientProtocolClient (GrpcClientProtocolClient.java:onNext(255)) - client-D5CE890D7D9E->efcb8ff8-f060-4d95-9215-d0f5eb4af037: receive RaftClientReply:client-D5CE890D7D9E->efcb8ff8-f060-4d95-9215-d0f5eb4af037@group-0959F8DF43ED, cid=2237, SUCCESS, logIndex=3305, commits[efcb8ff8-f060-4d95-9215-d0f5eb4af037:c3305, 6fae8b02-e804-4c0e-b729-a97b7404b7f6:c3301, 4c3e8a66-6975-4917-8225-d3efe707aaff:c3301]
2019-09-04 11:46:20,963 | INFO  | DNAudit | user=null | ip=null | op=WRITE_CHUNK {blockData=conID: 2 locID: 102734075051639351 bcsId: 0} | ret=SUCCESS |  
 0.00% |█                                                                                                    |  0/1 Time: 0:00:262019-09-04 11:46:20,963 | INFO  | DNAudit | user=null | ip=null | op=PUT_BLOCK {blockData=[blockId=conID: 2 locID: 102734075051639351 bcsId: 0,size=1048576]} | ret=SUCCESS |  
2019-09-04 11:46:20,963 | INFO  | DNAudit | user=null | ip=null | op=WRITE_CHUNK {blockData=conID: 2 locID: 102734075051639351 bcsId: 0} | ret=SUCCESS |  
2019-09-04 11:46:20,964 | INFO  | DNAudit | user=null | ip=null | op=PUT_BLOCK {blockData=[blockId=conID: 2 locID: 102734075051639351 bcsId: 0,size=1048576]} | ret=SUCCESS |  
2019-09-04 11:46:20,964 [grpc-default-executor-1] INFO  client.GrpcClientProtocolClient (GrpcClientProtocolClient.java:onNext(255)) - client-D5CE890D7D9E->efcb8ff8-f060-4d95-9215-d0f5eb4af037: receive RaftClientReply:client-D5CE890D7D9E->efcb8ff8-f060-4d95-9215-d0f5eb4af037@group-0959F8DF43ED, cid=2238, SUCCESS, logIndex=0, commits[efcb8ff8-f060-4d95-9215-d0f5eb4af037:c3307, 6fae8b02-e804-4c0e-b729-a97b7404b7f6:c3303, 4c3e8a66-6975-4917-8225-d3efe707aaff:c3303]
2019-09-04 11:46:20,973 | INFO  | DNAudit | user=null | ip=null | op=WRITE_CHUNK {blockData=conID: 2 locID: 102734075051639351 bcsId: 3305} | ret=SUCCESS |  
2019-09-04 11:46:20,976 | INFO  | DNAudit | user=null | ip=null | op=WRITE_CHUNK {blockData=conID: 2 locID: 102734075051639351 bcsId: 3305} | ret=SUCCESS |  
2019-09-04 11:46:20,976 | INFO  | DNAudit | user=null | ip=null | op=WRITE_CHUNK {blockData=conID: 2 locID: 102734075051639351 bcsId: 3305} | ret=SUCCESS |  
2019-09-04 11:46:20,980 | INFO  | DNAudit | user=null | ip=null | op=WRITE_CHUNK {blockData=conID: 2 locID: 102734075051639351 bcsId: 0} | ret=SUCCESS |  
2019-09-04 11:46:20,980 | INFO  | DNAudit | user=null | ip=null | op=PUT_BLOCK {blockData=[blockId=conID: 2 locID: 102734075051639351 bcsId: 0,size=2097152]} | ret=SUCCESS |  
2019-09-04 11:46:20,980 | INFO  | DNAudit | user=null | ip=null | op=WRITE_CHUNK {blockData=conID: 2 locID: 102734075051639351 bcsId: 0} | ret=SUCCESS |  
2019-09-04 11:46:20,981 | INFO  | DNAudit | user=null | ip=null | op=PUT_BLOCK {blockData=[blockId=conID: 2 locID: 102734075051639351 bcsId: 0,size=2097152]} | ret=SUCCESS |  
2019-09-04 11:46:20,982 | INFO  | DNAudit | user=null | ip=null | op=WRITE_CHUNK {blockData=conID: 2 locID: 102734075051639351 bcsId: 3305} | ret=SUCCESS |  
2019-09-04 11:46:20,982 | INFO  | DNAudit | user=null | ip=null | op=PUT_BLOCK {blockData=[blockId=conID: 2 locID: 102734075051639351 bcsId: 0,size=3145728]} | ret=SUCCESS |  
2019-09-04 11:46:20,982 [grpc-default-executor-1] INFO  client.GrpcClientProtocolClient (GrpcClientProtocolClient.java:onNext(255)) - client-D5CE890D7D9E->efcb8ff8-f060-4d95-9215-d0f5eb4af037: receive RaftClientReply:client-D5CE890D7D9E->efcb8ff8-f060-4d95-9215-d0f5eb4af037@group-0959F8DF43ED, cid=2239, SUCCESS, logIndex=3310, commits[efcb8ff8-f060-4d95-9215-d0f5eb4af037:c3311, 6fae8b02-e804-4c0e-b729-a97b7404b7f6:c3305, 4c3e8a66-6975-4917-8225-d3efe707aaff:c3307]
2019-09-04 11:46:20,983 [grpc-default-executor-1] INFO  client.GrpcClientProtocolClient (GrpcClientProtocolClient.java:onNext(255)) - client-D5CE890D7D9E->efcb8ff8-f060-4d95-9215-d0f5eb4af037: receive RaftClientReply:client-D5CE890D7D9E->efcb8ff8-f060-4d95-9215-d0f5eb4af037@group-0959F8DF43ED, cid=2240, SUCCESS, logIndex=3311, commits[efcb8ff8-f060-4d95-9215-d0f5eb4af037:c3311, 6fae8b02-e804-4c0e-b729-a97b7404b7f6:c3307, 4c3e8a66-6975-4917-8225-d3efe707aaff:c3307]
2019-09-04 11:46:20,991 | INFO  | DNAudit | user=null | ip=null | op=WRITE_CHUNK {blockData=conID: 2 locID: 102734075051639351 bcsId: 3311} | ret=SUCCESS |  
2019-09-04 11:46:20,992 | INFO  | DNAudit | user=null | ip=null | op=WRITE_CHUNK {blockData=conID: 2 locID: 102734075051639351 bcsId: 3305} | ret=SUCCESS |  
2019-09-04 11:46:20,992 | INFO  | DNAudit | user=null | ip=null | op=WRITE_CHUNK {blockData=conID: 2 locID: 102734075051639351 bcsId: 3305} | ret=SUCCESS |  
2019-09-04 11:46:20,992 | INFO  | DNAudit | user=null | ip=null | op=PUT_BLOCK {blockData=[blockId=conID: 2 locID: 102734075051639351 bcsId: 0,size=3145728]} | ret=SUCCESS |  
2019-09-04 11:46:20,992 | INFO  | DNAudit | user=null | ip=null | op=PUT_BLOCK {blockData=[blockId=conID: 2 locID: 102734075051639351 bcsId: 0,size=3145728]} | ret=SUCCESS |  
2019-09-04 11:46:20,993 | INFO  | DNAudit | user=null | ip=null | op=WRITE_CHUNK {blockData=conID: 2 locID: 102734075051639351 bcsId: 3311} | ret=SUCCESS |  
2019-09-04 11:46:20,993 | INFO  | DNAudit | user=null | ip=null | op=WRITE_CHUNK {blockData=conID: 2 locID: 102734075051639351 bcsId: 3311} | ret=SUCCESS |  
2019-09-04 11:46:21,001 | INFO  | DNAudit | user=null | ip=null | op=WRITE_CHUNK {blockData=conID: 2 locID: 102734075051639351 bcsId: 3311} | ret=SUCCESS |  
2019-09-04 11:46:21,002 | INFO  | DNAudit | user=null | ip=null | op=PUT_BLOCK {blockData=[blockId=conID: 2 locID: 102734075051639351 bcsId: 0,size=4194304]} | ret=SUCCESS |  
2019-09-04 11:46:21,002 [grpc-default-executor-5] INFO  client.GrpcClientProtocolClient (GrpcClientProtocolClient.java:onNext(255)) - client-D5CE890D7D9E->efcb8ff8-f060-4d95-9215-d0f5eb4af037: receive RaftClientReply:client-D5CE890D7D9E->efcb8ff8-f060-4d95-9215-d0f5eb4af037@group-0959F8DF43ED, cid=2241, SUCCESS, logIndex=3314, commits[efcb8ff8-f060-4d95-9215-d0f5eb4af037:c3315, 6fae8b02-e804-4c0e-b729-a97b7404b7f6:c3311, 4c3e8a66-6975-4917-8225-d3efe707aaff:c3311]
2019-09-04 11:46:21,003 [grpc-default-executor-5] INFO  client.GrpcClientProtocolClient (GrpcClientProtocolClient.java:onNext(255)) - client-D5CE890D7D9E->efcb8ff8-f060-4d95-9215-d0f5eb4af037: receive RaftClientReply:client-D5CE890D7D9E->efcb8ff8-f060-4d95-9215-d0f5eb4af037@group-0959F8DF43ED, cid=2242, SUCCESS, logIndex=3315, commits[efcb8ff8-f060-4d95-9215-d0f5eb4af037:c3315, 6fae8b02-e804-4c0e-b729-a97b7404b7f6:c3311, 4c3e8a66-6975-4917-8225-d3efe707aaff:c3311]
2019-09-04 11:46:21,031 | INFO  | DNAudit | user=null | ip=null | op=WRITE_CHUNK {blockData=conID: 2 locID: 102734075051639351 bcsId: 3311} | ret=SUCCESS |  
2019-09-04 11:46:21,031 | INFO  | DNAudit | user=null | ip=null | op=PUT_BLOCK {blockData=[blockId=conID: 2 locID: 102734075051639351 bcsId: 0,size=4194304]} | ret=SUCCESS |  
2019-09-04 11:46:21,031 | INFO  | DNAudit | user=null | ip=null | op=WRITE_CHUNK {blockData=conID: 2 locID: 102734075051639351 bcsId: 3311} | ret=SUCCESS |  
2019-09-04 11:46:21,032 | INFO  | DNAudit | user=null | ip=null | op=PUT_BLOCK {blockData=[blockId=conID: 2 locID: 102734075051639351 bcsId: 0,size=4194304]} | ret=SUCCESS |  
2019-09-04 11:46:21,032 [grpc-default-executor-6] INFO  client.GrpcClientProtocolClient (GrpcClientProtocolClient.java:onNext(255)) - client-D5CE890D7D9E->efcb8ff8-f060-4d95-9215-d0f5eb4af037: receive RaftClientReply:client-D5CE890D7D9E->efcb8ff8-f060-4d95-9215-d0f5eb4af037@group-0959F8DF43ED, cid=2243, SUCCESS, logIndex=0, commits[efcb8ff8-f060-4d95-9215-d0f5eb4af037:c3317, 6fae8b02-e804-4c0e-b729-a97b7404b7f6:c3315, 4c3e8a66-6975-4917-8225-d3efe707aaff:c3315]
2019-09-04 11:46:21,037 | INFO  | SCMAudit | user=jenkins1000 | ip=192.168.36.67 | op=ALLOCATE_BLOCK {owner=8ab292a2-aaa7-4ad8-863a-d33994811155, size=4194304, type=RATIS, factor=THREE} | ret=SUCCESS |  
2019-09-04 11:46:21,039 | INFO  | OMAudit | user=jenkins1000 | ip=127.0.0.1 | op=ALLOCATE_BLOCK {volume=vol-0-58699, bucket=bucket-0-57464, key=key-0-37266, dataSize=0, replicationType=null, replicationFactor=null, keyLocationInfo=null, clientID=102734073355960722} | ret=SUCCESS |  
2019-09-04 11:46:21,048 | INFO  | DNAudit | user=null | ip=null | op=WRITE_CHUNK {blockData=conID: 3 locID: 102734075070841400 bcsId: 0} | ret=SUCCESS |  
2019-09-04 11:46:21,050 | INFO  | DNAudit | user=null | ip=null | op=WRITE_CHUNK {blockData=conID: 3 locID: 102734075070841400 bcsId: 0} | ret=SUCCESS |  
2019-09-04 11:46:21,051 | INFO  | DNAudit | user=null | ip=null | op=WRITE_CHUNK {blockData=conID: 3 locID: 102734075070841400 bcsId: 0} | ret=SUCCESS |  
2019-09-04 11:46:21,052 | INFO  | DNAudit | user=null | ip=null | op=WRITE_CHUNK {blockData=conID: 3 locID: 102734075070841400 bcsId: 0} | ret=SUCCESS |  
2019-09-04 11:46:21,053 | INFO  | DNAudit | user=null | ip=null | op=WRITE_CHUNK {blockData=conID: 3 locID: 102734075070841400 bcsId: 0} | ret=SUCCESS |  
2019-09-04 11:46:21,054 | INFO  | DNAudit | user=null | ip=null | op=WRITE_CHUNK {blockData=conID: 3 locID: 102734075070841400 bcsId: 0} | ret=SUCCESS |  
2019-09-04 11:46:21,077 | INFO  | DNAudit | user=null | ip=null | op=WRITE_CHUNK {blockData=conID: 3 locID: 102734075070841400 bcsId: 0} | ret=SUCCESS |  
2019-09-04 11:46:21,078 | INFO  | DNAudit | user=null | ip=null | op=PUT_BLOCK {blockData=[blockId=conID: 3 locID: 102734075070841400 bcsId: 0,size=1048576]} | ret=SUCCESS |  
2019-09-04 11:46:21,078 | INFO  | DNAudit | user=null | ip=null | op=WRITE_CHUNK {blockData=conID: 3 locID: 102734075070841400 bcsId: 0} | ret=SUCCESS |  
2019-09-04 11:46:21,078 [grpc-default-executor-0] INFO  client.GrpcClientProtocolClient (GrpcClientProtocolClient.java:onNext(255)) - client-D5CE890D7D9E->efcb8ff8-f060-4d95-9215-d0f5eb4af037: receive RaftClientReply:client-D5CE890D7D9E->efcb8ff8-f060-4d95-9215-d0f5eb4af037@group-0959F8DF43ED, cid=2244, SUCCESS, logIndex=3318, commits[efcb8ff8-f060-4d95-9215-d0f5eb4af037:c3319, 6fae8b02-e804-4c0e-b729-a97b7404b7f6:c3317, 4c3e8a66-6975-4917-8225-d3efe707aaff:c3317]
2019-09-04 11:46:21,078 [grpc-default-executor-0] INFO  client.GrpcClientProtocolClient (GrpcClientProtocolClient.java:onNext(255)) - client-D5CE890D7D9E->efcb8ff8-f060-4d95-9215-d0f5eb4af037: receive RaftClientReply:client-D5CE890D7D9E->efcb8ff8-f060-4d95-9215-d0f5eb4af037@group-0959F8DF43ED, cid=2245, SUCCESS, logIndex=3319, commits[efcb8ff8-f060-4d95-9215-d0f5eb4af037:c3319, 6fae8b02-e804-4c0e-b729-a97b7404b7f6:c3317, 4c3e8a66-6975-4917-8225-d3efe707aaff:c3317]
2019-09-04 11:46:21,079 | INFO  | DNAudit | user=null | ip=null | op=PUT_BLOCK {blockData=[blockId=conID: 3 locID: 102734075070841400 bcsId: 0,size=2097152]} | ret=SUCCESS |  
2019-09-04 11:46:21,079 [grpc-default-executor-1] INFO  client.GrpcClientProtocolClient (GrpcClientProtocolClient.java:onNext(255)) - client-D5CE890D7D9E->efcb8ff8-f060-4d95-9215-d0f5eb4af037: receive RaftClientReply:client-D5CE890D7D9E->efcb8ff8-f060-4d95-9215-d0f5eb4af037@group-0959F8DF43ED, cid=2246, SUCCESS, logIndex=3320, commits[efcb8ff8-f060-4d95-9215-d0f5eb4af037:c3320, 6fae8b02-e804-4c0e-b729-a97b7404b7f6:c3317, 4c3e8a66-6975-4917-8225-d3efe707aaff:c3317]
2019-09-04 11:46:21,079 [grpc-default-executor-1] INFO  client.GrpcClientProtocolClient (GrpcClientProtocolClient.java:onNext(255)) - client-D5CE890D7D9E->efcb8ff8-f060-4d95-9215-d0f5eb4af037: receive RaftClientReply:client-D5CE890D7D9E->efcb8ff8-f060-4d95-9215-d0f5eb4af037@group-0959F8DF43ED, cid=2247, SUCCESS, logIndex=3321, commits[efcb8ff8-f060-4d95-9215-d0f5eb4af037:c3321, 6fae8b02-e804-4c0e-b729-a97b7404b7f6:c3317, 4c3e8a66-6975-4917-8225-d3efe707aaff:c3317]
2019-09-04 11:46:21,079 | INFO  | DNAudit | user=null | ip=null | op=WRITE_CHUNK {blockData=conID: 3 locID: 102734075070841400 bcsId: 0} | ret=SUCCESS |  
2019-09-04 11:46:21,079 | INFO  | DNAudit | user=null | ip=null | op=PUT_BLOCK {blockData=[blockId=conID: 3 locID: 102734075070841400 bcsId: 0,size=1048576]} | ret=SUCCESS |  
2019-09-04 11:46:21,080 | INFO  | DNAudit | user=null | ip=null | op=WRITE_CHUNK {blockData=conID: 3 locID: 102734075070841400 bcsId: 0} | ret=SUCCESS |  
2019-09-04 11:46:21,080 | INFO  | DNAudit | user=null | ip=null | op=PUT_BLOCK {blockData=[blockId=conID: 3 locID: 102734075070841400 bcsId: 0,size=1048576]} | ret=SUCCESS |  
2019-09-04 11:46:21,080 | INFO  | DNAudit | user=null | ip=null | op=WRITE_CHUNK {blockData=conID: 3 locID: 102734075070841400 bcsId: 0} | ret=SUCCESS |  
2019-09-04 11:46:21,081 | INFO  | DNAudit | user=null | ip=null | op=PUT_BLOCK {blockData=[blockId=conID: 3 locID: 102734075070841400 bcsId: 0,size=2097152]} | ret=SUCCESS |  
2019-09-04 11:46:21,081 [grpc-default-executor-5] INFO  client.GrpcClientProtocolClient (GrpcClientProtocolClient.java:onNext(255)) - client-D5CE890D7D9E->efcb8ff8-f060-4d95-9215-d0f5eb4af037: receive RaftClientReply:client-D5CE890D7D9E->efcb8ff8-f060-4d95-9215-d0f5eb4af037@group-0959F8DF43ED, cid=2248, SUCCESS, logIndex=0, commits[efcb8ff8-f060-4d95-9215-d0f5eb4af037:c3323, 6fae8b02-e804-4c0e-b729-a97b7404b7f6:c3319, 4c3e8a66-6975-4917-8225-d3efe707aaff:c3319]
2019-09-04 11:46:21,083 | INFO  | DNAudit | user=null | ip=null | op=WRITE_CHUNK {blockData=conID: 3 locID: 102734075070841400 bcsId: 0} | ret=SUCCESS |  
2019-09-04 11:46:21,083 | INFO  | DNAudit | user=null | ip=null | op=PUT_BLOCK {blockData=[blockId=conID: 3 locID: 102734075070841400 bcsId: 0,size=2097152]} | ret=SUCCESS |  
2019-09-04 11:46:21,088 | INFO  | DNAudit | user=null | ip=null | op=WRITE_CHUNK {blockData=conID: 3 locID: 102734075070841400 bcsId: 3321} | ret=SUCCESS |  
2019-09-04 11:46:21,090 | INFO  | DNAudit | user=null | ip=null | op=WRITE_CHUNK {blockData=conID: 3 locID: 102734075070841400 bcsId: 3321} | ret=SUCCESS |  
2019-09-04 11:46:21,090 | INFO  | DNAudit | user=null | ip=null | op=WRITE_CHUNK {blockData=conID: 3 locID: 102734075070841400 bcsId: 3321} | ret=SUCCESS |  
2019-09-04 11:46:21,107 | INFO  | DNAudit | user=null | ip=null | op=WRITE_CHUNK {blockData=conID: 3 locID: 102734075070841400 bcsId: 3321} | ret=SUCCESS |  
2019-09-04 11:46:21,108 | INFO  | DNAudit | user=null | ip=null | op=PUT_BLOCK {blockData=[blockId=conID: 3 locID: 102734075070841400 bcsId: 0,size=3145728]} | ret=SUCCESS |  
2019-09-04 11:46:21,108 [grpc-default-executor-5] INFO  client.GrpcClientProtocolClient (GrpcClientProtocolClient.java:onNext(255)) - client-D5CE890D7D9E->efcb8ff8-f060-4d95-9215-d0f5eb4af037: receive RaftClientReply:client-D5CE890D7D9E->efcb8ff8-f060-4d95-9215-d0f5eb4af037@group-0959F8DF43ED, cid=2249, SUCCESS, logIndex=3326, commits[efcb8ff8-f060-4d95-9215-d0f5eb4af037:c3327, 6fae8b02-e804-4c0e-b729-a97b7404b7f6:c3325, 4c3e8a66-6975-4917-8225-d3efe707aaff:c3325]
2019-09-04 11:46:21,109 [grpc-default-executor-5] INFO  client.GrpcClientProtocolClient (GrpcClientProtocolClient.java:onNext(255)) - client-D5CE890D7D9E->efcb8ff8-f060-4d95-9215-d0f5eb4af037: receive RaftClientReply:client-D5CE890D7D9E->efcb8ff8-f060-4d95-9215-d0f5eb4af037@group-0959F8DF43ED, cid=2250, SUCCESS, logIndex=3327, commits[efcb8ff8-f060-4d95-9215-d0f5eb4af037:c3327, 6fae8b02-e804-4c0e-b729-a97b7404b7f6:c3325, 4c3e8a66-6975-4917-8225-d3efe707aaff:c3325]
2019-09-04 11:46:21,113 | INFO  | DNAudit | user=null | ip=null | op=WRITE_CHUNK {blockData=conID: 3 locID: 102734075070841400 bcsId: 3321} | ret=SUCCESS |  
2019-09-04 11:46:21,113 | INFO  | DNAudit | user=null | ip=null | op=WRITE_CHUNK {blockData=conID: 3 locID: 102734075070841400 bcsId: 3321} | ret=SUCCESS |  
2019-09-04 11:46:21,113 | INFO  | DNAudit | user=null | ip=null | op=PUT_BLOCK {blockData=[blockId=conID: 3 locID: 102734075070841400 bcsId: 0,size=3145728]} | ret=SUCCESS |  
2019-09-04 11:46:21,114 | INFO  | DNAudit | user=null | ip=null | op=PUT_BLOCK {blockData=[blockId=conID: 3 locID: 102734075070841400 bcsId: 0,size=3145728]} | ret=SUCCESS |  
2019-09-04 11:46:21,115 | INFO  | DNAudit | user=null | ip=null | op=WRITE_CHUNK {blockData=conID: 3 locID: 102734075070841400 bcsId: 3327} | ret=SUCCESS |  
2019-09-04 11:46:21,117 | INFO  | DNAudit | user=null | ip=null | op=WRITE_CHUNK {blockData=conID: 3 locID: 102734075070841400 bcsId: 3327} | ret=SUCCESS |  
2019-09-04 11:46:21,117 | INFO  | DNAudit | user=null | ip=null | op=WRITE_CHUNK {blockData=conID: 3 locID: 102734075070841400 bcsId: 3327} | ret=SUCCESS |  
2019-09-04 11:46:21,127 | INFO  | DNAudit | user=null | ip=null | op=WRITE_CHUNK {blockData=conID: 3 locID: 102734075070841400 bcsId: 3327} | ret=SUCCESS |  
2019-09-04 11:46:21,128 | INFO  | DNAudit | user=null | ip=null | op=PUT_BLOCK {blockData=[blockId=conID: 3 locID: 102734075070841400 bcsId: 0,size=4194304]} | ret=SUCCESS |  
2019-09-04 11:46:21,128 [grpc-default-executor-5] INFO  client.GrpcClientProtocolClient (GrpcClientProtocolClient.java:onNext(255)) - client-D5CE890D7D9E->efcb8ff8-f060-4d95-9215-d0f5eb4af037: receive RaftClientReply:client-D5CE890D7D9E->efcb8ff8-f060-4d95-9215-d0f5eb4af037@group-0959F8DF43ED, cid=2251, SUCCESS, logIndex=3330, commits[efcb8ff8-f060-4d95-9215-d0f5eb4af037:c3331, 6fae8b02-e804-4c0e-b729-a97b7404b7f6:c3328, 4c3e8a66-6975-4917-8225-d3efe707aaff:c3328]
2019-09-04 11:46:21,128 [grpc-default-executor-5] INFO  client.GrpcClientProtocolClient (GrpcClientProtocolClient.java:onNext(255)) - client-D5CE890D7D9E->efcb8ff8-f060-4d95-9215-d0f5eb4af037: receive RaftClientReply:client-D5CE890D7D9E->efcb8ff8-f060-4d95-9215-d0f5eb4af037@group-0959F8DF43ED, cid=2252, SUCCESS, logIndex=3331, commits[efcb8ff8-f060-4d95-9215-d0f5eb4af037:c3331, 6fae8b02-e804-4c0e-b729-a97b7404b7f6:c3328, 4c3e8a66-6975-4917-8225-d3efe707aaff:c3328]
2019-09-04 11:46:21,144 | INFO  | DNAudit | user=null | ip=null | op=WRITE_CHUNK {blockData=conID: 3 locID: 102734075070841400 bcsId: 3327} | ret=SUCCESS |  
2019-09-04 11:46:21,144 | INFO  | DNAudit | user=null | ip=null | op=WRITE_CHUNK {blockData=conID: 3 locID: 102734075070841400 bcsId: 3327} | ret=SUCCESS |  
2019-09-04 11:46:21,144 | INFO  | DNAudit | user=null | ip=null | op=PUT_BLOCK {blockData=[blockId=conID: 3 locID: 102734075070841400 bcsId: 0,size=4194304]} | ret=SUCCESS |  
2019-09-04 11:46:21,145 | INFO  | DNAudit | user=null | ip=null | op=PUT_BLOCK {blockData=[blockId=conID: 3 locID: 102734075070841400 bcsId: 0,size=4194304]} | ret=SUCCESS |  
2019-09-04 11:46:21,146 [grpc-default-executor-5] INFO  client.GrpcClientProtocolClient (GrpcClientProtocolClient.java:onNext(255)) - client-D5CE890D7D9E->efcb8ff8-f060-4d95-9215-d0f5eb4af037: receive RaftClientReply:client-D5CE890D7D9E->efcb8ff8-f060-4d95-9215-d0f5eb4af037@group-0959F8DF43ED, cid=2253, SUCCESS, logIndex=0, commits[efcb8ff8-f060-4d95-9215-d0f5eb4af037:c3332, 6fae8b02-e804-4c0e-b729-a97b7404b7f6:c3331, 4c3e8a66-6975-4917-8225-d3efe707aaff:c3331]
2019-09-04 11:46:21,150 | INFO  | SCMAudit | user=jenkins1000 | ip=192.168.36.67 | op=ALLOCATE_BLOCK {owner=8ab292a2-aaa7-4ad8-863a-d33994811155, size=4194304, type=RATIS, factor=THREE} | ret=SUCCESS |  
2019-09-04 11:46:21,153 | INFO  | OMAudit | user=jenkins1000 | ip=127.0.0.1 | op=ALLOCATE_BLOCK {volume=vol-0-58699, bucket=bucket-0-57464, key=key-0-37266, dataSize=0, replicationType=null, replicationFactor=null, keyLocationInfo=null, clientID=102734073355960722} | ret=SUCCESS |  
2019-09-04 11:46:21,162 | INFO  | DNAudit | user=null | ip=null | op=WRITE_CHUNK {blockData=conID: 1 locID: 102734075078246969 bcsId: 0} | ret=SUCCESS |  
2019-09-04 11:46:21,164 | INFO  | DNAudit | user=null | ip=null | op=WRITE_CHUNK {blockData=conID: 1 locID: 102734075078246969 bcsId: 0} | ret=SUCCESS |  
2019-09-04 11:46:21,164 | INFO  | DNAudit | user=null | ip=null | op=WRITE_CHUNK {blockData=conID: 1 locID: 102734075078246969 bcsId: 0} | ret=SUCCESS |  
2019-09-04 11:46:21,165 | INFO  | DNAudit | user=null | ip=null | op=WRITE_CHUNK {blockData=conID: 1 locID: 102734075078246969 bcsId: 0} | ret=SUCCESS |  
2019-09-04 11:46:21,166 | INFO  | DNAudit | user=null | ip=null | op=WRITE_CHUNK {blockData=conID: 1 locID: 102734075078246969 bcsId: 0} | ret=SUCCESS |  
2019-09-04 11:46:21,167 | INFO  | DNAudit | user=null | ip=null | op=WRITE_CHUNK {blockData=conID: 1 locID: 102734075078246969 bcsId: 0} | ret=SUCCESS |  
2019-09-04 11:46:21,177 | INFO  | DNAudit | user=null | ip=null | op=WRITE_CHUNK {blockData=conID: 1 locID: 102734075078246969 bcsId: 0} | ret=SUCCESS |  
2019-09-04 11:46:21,178 | INFO  | DNAudit | user=null | ip=null | op=PUT_BLOCK {blockData=[blockId=conID: 1 locID: 102734075078246969 bcsId: 0,size=1048576]} | ret=SUCCESS |  
2019-09-04 11:46:21,178 | INFO  | DNAudit | user=null | ip=null | op=WRITE_CHUNK {blockData=conID: 1 locID: 102734075078246969 bcsId: 0} | ret=SUCCESS |  
2019-09-04 11:46:21,178 [grpc-default-executor-6] INFO  client.GrpcClientProtocolClient (GrpcClientProtocolClient.java:onNext(255)) - client-D5CE890D7D9E->efcb8ff8-f060-4d95-9215-d0f5eb4af037: receive RaftClientReply:client-D5CE890D7D9E->efcb8ff8-f060-4d95-9215-d0f5eb4af037@group-0959F8DF43ED, cid=2254, SUCCESS, logIndex=3334, commits[efcb8ff8-f060-4d95-9215-d0f5eb4af037:c3335, 6fae8b02-e804-4c0e-b729-a97b7404b7f6:c3333, 4c3e8a66-6975-4917-8225-d3efe707aaff:c3333]
2019-09-04 11:46:21,178 | INFO  | DNAudit | user=null | ip=null | op=PUT_BLOCK {blockData=[blockId=conID: 1 locID: 102734075078246969 bcsId: 0,size=2097152]} | ret=SUCCESS |  
2019-09-04 11:46:21,178 [grpc-default-executor-6] INFO  client.GrpcClientProtocolClient (GrpcClientProtocolClient.java:onNext(255)) - client-D5CE890D7D9E->efcb8ff8-f060-4d95-9215-d0f5eb4af037: receive RaftClientReply:client-D5CE890D7D9E->efcb8ff8-f060-4d95-9215-d0f5eb4af037@group-0959F8DF43ED, cid=2255, SUCCESS, logIndex=3335, commits[efcb8ff8-f060-4d95-9215-d0f5eb4af037:c3337, 6fae8b02-e804-4c0e-b729-a97b7404b7f6:c3333, 4c3e8a66-6975-4917-8225-d3efe707aaff:c3333]
2019-09-04 11:46:21,179 [grpc-default-executor-6] INFO  client.GrpcClientProtocolClient (GrpcClientProtocolClient.java:onNext(255)) - client-D5CE890D7D9E->efcb8ff8-f060-4d95-9215-d0f5eb4af037: receive RaftClientReply:client-D5CE890D7D9E->efcb8ff8-f060-4d95-9215-d0f5eb4af037@group-0959F8DF43ED, cid=2256, SUCCESS, logIndex=3336, commits[efcb8ff8-f060-4d95-9215-d0f5eb4af037:c3337, 6fae8b02-e804-4c0e-b729-a97b7404b7f6:c3333, 4c3e8a66-6975-4917-8225-d3efe707aaff:c3333]
2019-09-04 11:46:21,179 [grpc-default-executor-6] INFO  client.GrpcClientProtocolClient (GrpcClientProtocolClient.java:onNext(255)) - client-D5CE890D7D9E->efcb8ff8-f060-4d95-9215-d0f5eb4af037: receive RaftClientReply:client-D5CE890D7D9E->efcb8ff8-f060-4d95-9215-d0f5eb4af037@group-0959F8DF43ED, cid=2257, SUCCESS, logIndex=3337, commits[efcb8ff8-f060-4d95-9215-d0f5eb4af037:c3337, 6fae8b02-e804-4c0e-b729-a97b7404b7f6:c3333, 4c3e8a66-6975-4917-8225-d3efe707aaff:c3333]
2019-09-04 11:46:21,184 | INFO  | DNAudit | user=null | ip=null | op=WRITE_CHUNK {blockData=conID: 1 locID: 102734075078246969 bcsId: 0} | ret=SUCCESS |  
2019-09-04 11:46:21,184 | INFO  | DNAudit | user=null | ip=null | op=PUT_BLOCK {blockData=[blockId=conID: 1 locID: 102734075078246969 bcsId: 0,size=1048576]} | ret=SUCCESS |  
2019-09-04 11:46:21,184 | INFO  | DNAudit | user=null | ip=null | op=WRITE_CHUNK {blockData=conID: 1 locID: 102734075078246969 bcsId: 0} | ret=SUCCESS |  
2019-09-04 11:46:21,184 | INFO  | DNAudit | user=null | ip=null | op=PUT_BLOCK {blockData=[blockId=conID: 1 locID: 102734075078246969 bcsId: 0,size=1048576]} | ret=SUCCESS |  
2019-09-04 11:46:21,185 | INFO  | DNAudit | user=null | ip=null | op=WRITE_CHUNK {blockData=conID: 1 locID: 102734075078246969 bcsId: 0} | ret=SUCCESS |  
2019-09-04 11:46:21,185 | INFO  | DNAudit | user=null | ip=null | op=PUT_BLOCK {blockData=[blockId=conID: 1 locID: 102734075078246969 bcsId: 0,size=2097152]} | ret=SUCCESS |  
2019-09-04 11:46:21,185 [grpc-default-executor-6] INFO  client.GrpcClientProtocolClient (GrpcClientProtocolClient.java:onNext(255)) - client-D5CE890D7D9E->efcb8ff8-f060-4d95-9215-d0f5eb4af037: receive RaftClientReply:client-D5CE890D7D9E->efcb8ff8-f060-4d95-9215-d0f5eb4af037@group-0959F8DF43ED, cid=2258, SUCCESS, logIndex=0, commits[efcb8ff8-f060-4d95-9215-d0f5eb4af037:c3338, 6fae8b02-e804-4c0e-b729-a97b7404b7f6:c3335, 4c3e8a66-6975-4917-8225-d3efe707aaff:c3335]
2019-09-04 11:46:21,185 | INFO  | DNAudit | user=null | ip=null | op=WRITE_CHUNK {blockData=conID: 1 locID: 102734075078246969 bcsId: 0} | ret=SUCCESS |  
2019-09-04 11:46:21,186 | INFO  | DNAudit | user=null | ip=null | op=PUT_BLOCK {blockData=[blockId=conID: 1 locID: 102734075078246969 bcsId: 0,size=2097152]} | ret=SUCCESS |  
2019-09-04 11:46:21,191 | INFO  | DNAudit | user=null | ip=null | op=WRITE_CHUNK {blockData=conID: 1 locID: 102734075078246969 bcsId: 3337} | ret=SUCCESS |  
2019-09-04 11:46:21,193 | INFO  | DNAudit | user=null | ip=null | op=WRITE_CHUNK {blockData=conID: 1 locID: 102734075078246969 bcsId: 3337} | ret=SUCCESS |  
2019-09-04 11:46:21,194 | INFO  | DNAudit | user=null | ip=null | op=WRITE_CHUNK {blockData=conID: 1 locID: 102734075078246969 bcsId: 3337} | ret=SUCCESS |  
2019-09-04 11:46:21,204 | INFO  | DNAudit | user=null | ip=null | op=WRITE_CHUNK {blockData=conID: 1 locID: 102734075078246969 bcsId: 3337} | ret=SUCCESS |  
2019-09-04 11:46:21,204 | INFO  | DNAudit | user=null | ip=null | op=PUT_BLOCK {blockData=[blockId=conID: 1 locID: 102734075078246969 bcsId: 0,size=3145728]} | ret=SUCCESS |  
2019-09-04 11:46:21,204 [grpc-default-executor-6] INFO  client.GrpcClientProtocolClient (GrpcClientProtocolClient.java:onNext(255)) - client-D5CE890D7D9E->efcb8ff8-f060-4d95-9215-d0f5eb4af037: receive RaftClientReply:client-D5CE890D7D9E->efcb8ff8-f060-4d95-9215-d0f5eb4af037@group-0959F8DF43ED, cid=2259, SUCCESS, logIndex=3341, commits[efcb8ff8-f060-4d95-9215-d0f5eb4af037:c3342, 6fae8b02-e804-4c0e-b729-a97b7404b7f6:c3340, 4c3e8a66-6975-4917-8225-d3efe707aaff:c3340]
2019-09-04 11:46:21,205 [grpc-default-executor-6] INFO  client.GrpcClientProtocolClient (GrpcClientProtocolClient.java:onNext(255)) - client-D5CE890D7D9E->efcb8ff8-f060-4d95-9215-d0f5eb4af037: receive RaftClientReply:client-D5CE890D7D9E->efcb8ff8-f060-4d95-9215-d0f5eb4af037@group-0959F8DF43ED, cid=2260, SUCCESS, logIndex=3342, commits[efcb8ff8-f060-4d95-9215-d0f5eb4af037:c3342, 6fae8b02-e804-4c0e-b729-a97b7404b7f6:c3340, 4c3e8a66-6975-4917-8225-d3efe707aaff:c3340]
2019-09-04 11:46:21,210 | INFO  | DNAudit | user=null | ip=null | op=WRITE_CHUNK {blockData=conID: 1 locID: 102734075078246969 bcsId: 3342} | ret=SUCCESS |  
2019-09-04 11:46:21,212 | INFO  | DNAudit | user=null | ip=null | op=WRITE_CHUNK {blockData=conID: 1 locID: 102734075078246969 bcsId: 3342} | ret=SUCCESS |  
2019-09-04 11:46:21,212 | INFO  | DNAudit | user=null | ip=null | op=WRITE_CHUNK {blockData=conID: 1 locID: 102734075078246969 bcsId: 3342} | ret=SUCCESS |  
2019-09-04 11:46:21,212 | INFO  | DNAudit | user=null | ip=null | op=WRITE_CHUNK {blockData=conID: 1 locID: 102734075078246969 bcsId: 3337} | ret=SUCCESS |  
2019-09-04 11:46:21,213 | INFO  | DNAudit | user=null | ip=null | op=WRITE_CHUNK {blockData=conID: 1 locID: 102734075078246969 bcsId: 3337} | ret=SUCCESS |  
2019-09-04 11:46:21,213 | INFO  | DNAudit | user=null | ip=null | op=PUT_BLOCK {blockData=[blockId=conID: 1 locID: 102734075078246969 bcsId: 0,size=3145728]} | ret=SUCCESS |  
2019-09-04 11:46:21,213 | INFO  | DNAudit | user=null | ip=null | op=PUT_BLOCK {blockData=[blockId=conID: 1 locID: 102734075078246969 bcsId: 0,size=3145728]} | ret=SUCCESS |  
2019-09-04 11:46:21,231 | INFO  | DNAudit | user=null | ip=null | op=WRITE_CHUNK {blockData=conID: 1 locID: 102734075078246969 bcsId: 3342} | ret=SUCCESS |  
2019-09-04 11:46:21,232 | INFO  | DNAudit | user=null | ip=null | op=PUT_BLOCK {blockData=[blockId=conID: 1 locID: 102734075078246969 bcsId: 0,size=4194304]} | ret=SUCCESS |  
2019-09-04 11:46:21,232 [grpc-default-executor-0] INFO  client.GrpcClientProtocolClient (GrpcClientProtocolClient.java:onNext(255)) - client-D5CE890D7D9E->efcb8ff8-f060-4d95-9215-d0f5eb4af037: receive RaftClientReply:client-D5CE890D7D9E->efcb8ff8-f060-4d95-9215-d0f5eb4af037@group-0959F8DF43ED, cid=2261, SUCCESS, logIndex=3345, commits[efcb8ff8-f060-4d95-9215-d0f5eb4af037:c3346, 6fae8b02-e804-4c0e-b729-a97b7404b7f6:c3342, 4c3e8a66-6975-4917-8225-d3efe707aaff:c3342]
2019-09-04 11:46:21,232 [grpc-default-executor-0] INFO  client.GrpcClientProtocolClient (GrpcClientProtocolClient.java:onNext(255)) - client-D5CE890D7D9E->efcb8ff8-f060-4d95-9215-d0f5eb4af037: receive RaftClientReply:client-D5CE890D7D9E->efcb8ff8-f060-4d95-9215-d0f5eb4af037@group-0959F8DF43ED, cid=2262, SUCCESS, logIndex=3346, commits[efcb8ff8-f060-4d95-9215-d0f5eb4af037:c3346, 6fae8b02-e804-4c0e-b729-a97b7404b7f6:c3342, 4c3e8a66-6975-4917-8225-d3efe707aaff:c3342]
2019-09-04 11:46:21,261 | INFO  | DNAudit | user=null | ip=null | op=WRITE_CHUNK {blockData=conID: 1 locID: 102734075078246969 bcsId: 3342} | ret=SUCCESS |  
2019-09-04 11:46:21,261 | INFO  | DNAudit | user=null | ip=null | op=WRITE_CHUNK {blockData=conID: 1 locID: 102734075078246969 bcsId: 3342} | ret=SUCCESS |  
2019-09-04 11:46:21,261 | INFO  | DNAudit | user=null | ip=null | op=PUT_BLOCK {blockData=[blockId=conID: 1 locID: 102734075078246969 bcsId: 0,size=4194304]} | ret=SUCCESS |  
2019-09-04 11:46:21,261 | INFO  | DNAudit | user=null | ip=null | op=PUT_BLOCK {blockData=[blockId=conID: 1 locID: 102734075078246969 bcsId: 0,size=4194304]} | ret=SUCCESS |  
2019-09-04 11:46:21,261 [grpc-default-executor-0] INFO  client.GrpcClientProtocolClient (GrpcClientProtocolClient.java:onNext(255)) - client-D5CE890D7D9E->efcb8ff8-f060-4d95-9215-d0f5eb4af037: receive RaftClientReply:client-D5CE890D7D9E->efcb8ff8-f060-4d95-9215-d0f5eb4af037@group-0959F8DF43ED, cid=2263, SUCCESS, logIndex=0, commits[efcb8ff8-f060-4d95-9215-d0f5eb4af037:c3346, 6fae8b02-e804-4c0e-b729-a97b7404b7f6:c3346, 4c3e8a66-6975-4917-8225-d3efe707aaff:c3346]
2019-09-04 11:46:21,266 | INFO  | SCMAudit | user=jenkins1000 | ip=192.168.36.67 | op=ALLOCATE_BLOCK {owner=8ab292a2-aaa7-4ad8-863a-d33994811155, size=4194304, type=RATIS, factor=THREE} | ret=SUCCESS |  
2019-09-04 11:46:21,269 | INFO  | OMAudit | user=jenkins1000 | ip=127.0.0.1 | op=ALLOCATE_BLOCK {volume=vol-0-58699, bucket=bucket-0-57464, key=key-0-37266, dataSize=0, replicationType=null, replicationFactor=null, keyLocationInfo=null, clientID=102734073355960722} | ret=SUCCESS |  
2019-09-04 11:46:21,276 | INFO  | DNAudit | user=null | ip=null | op=WRITE_CHUNK {blockData=conID: 2 locID: 102734075085849146 bcsId: 0} | ret=SUCCESS |  
2019-09-04 11:46:21,278 | INFO  | DNAudit | user=null | ip=null | op=WRITE_CHUNK {blockData=conID: 2 locID: 102734075085849146 bcsId: 0} | ret=SUCCESS |  
2019-09-04 11:46:21,278 | INFO  | DNAudit | user=null | ip=null | op=WRITE_CHUNK {blockData=conID: 2 locID: 102734075085849146 bcsId: 0} | ret=SUCCESS |  
2019-09-04 11:46:21,278 | INFO  | DNAudit | user=null | ip=null | op=WRITE_CHUNK {blockData=conID: 2 locID: 102734075085849146 bcsId: 0} | ret=SUCCESS |  
2019-09-04 11:46:21,280 | INFO  | DNAudit | user=null | ip=null | op=WRITE_CHUNK {blockData=conID: 2 locID: 102734075085849146 bcsId: 0} | ret=SUCCESS |  
2019-09-04 11:46:21,280 | INFO  | DNAudit | user=null | ip=null | op=WRITE_CHUNK {blockData=conID: 2 locID: 102734075085849146 bcsId: 0} | ret=SUCCESS |  
2019-09-04 11:46:21,302 | INFO  | DNAudit | user=null | ip=null | op=WRITE_CHUNK {blockData=conID: 2 locID: 102734075085849146 bcsId: 0} | ret=SUCCESS |  
2019-09-04 11:46:21,303 | INFO  | DNAudit | user=null | ip=null | op=PUT_BLOCK {blockData=[blockId=conID: 2 locID: 102734075085849146 bcsId: 0,size=1048576]} | ret=SUCCESS |  
2019-09-04 11:46:21,303 | INFO  | DNAudit | user=null | ip=null | op=WRITE_CHUNK {blockData=conID: 2 locID: 102734075085849146 bcsId: 0} | ret=SUCCESS |  
2019-09-04 11:46:21,303 [grpc-default-executor-1] INFO  client.GrpcClientProtocolClient (GrpcClientProtocolClient.java:onNext(255)) - client-D5CE890D7D9E->efcb8ff8-f060-4d95-9215-d0f5eb4af037: receive RaftClientReply:client-D5CE890D7D9E->efcb8ff8-f060-4d95-9215-d0f5eb4af037@group-0959F8DF43ED, cid=2264, SUCCESS, logIndex=3349, commits[efcb8ff8-f060-4d95-9215-d0f5eb4af037:c3351, 6fae8b02-e804-4c0e-b729-a97b7404b7f6:c3348, 4c3e8a66-6975-4917-8225-d3efe707aaff:c3348]
2019-09-04 11:46:21,303 | INFO  | DNAudit | user=null | ip=null | op=PUT_BLOCK {blockData=[blockId=conID: 2 locID: 102734075085849146 bcsId: 0,size=2097152]} | ret=SUCCESS |  
2019-09-04 11:46:21,303 [grpc-default-executor-1] INFO  client.GrpcClientProtocolClient (GrpcClientProtocolClient.java:onNext(255)) - client-D5CE890D7D9E->efcb8ff8-f060-4d95-9215-d0f5eb4af037: receive RaftClientReply:client-D5CE890D7D9E->efcb8ff8-f060-4d95-9215-d0f5eb4af037@group-0959F8DF43ED, cid=2265, SUCCESS, logIndex=3350, commits[efcb8ff8-f060-4d95-9215-d0f5eb4af037:c3352, 6fae8b02-e804-4c0e-b729-a97b7404b7f6:c3348, 4c3e8a66-6975-4917-8225-d3efe707aaff:c3348]
2019-09-04 11:46:21,304 [grpc-default-executor-1] INFO  client.GrpcClientProtocolClient (GrpcClientProtocolClient.java:onNext(255)) - client-D5CE890D7D9E->efcb8ff8-f060-4d95-9215-d0f5eb4af037: receive RaftClientReply:client-D5CE890D7D9E->efcb8ff8-f060-4d95-9215-d0f5eb4af037@group-0959F8DF43ED, cid=2266, SUCCESS, logIndex=3351, commits[efcb8ff8-f060-4d95-9215-d0f5eb4af037:c3352, 6fae8b02-e804-4c0e-b729-a97b7404b7f6:c3348, 4c3e8a66-6975-4917-8225-d3efe707aaff:c3348]
2019-09-04 11:46:21,304 [grpc-default-executor-1] INFO  client.GrpcClientProtocolClient (GrpcClientProtocolClient.java:onNext(255)) - client-D5CE890D7D9E->efcb8ff8-f060-4d95-9215-d0f5eb4af037: receive RaftClientReply:client-D5CE890D7D9E->efcb8ff8-f060-4d95-9215-d0f5eb4af037@group-0959F8DF43ED, cid=2267, SUCCESS, logIndex=3352, commits[efcb8ff8-f060-4d95-9215-d0f5eb4af037:c3352, 6fae8b02-e804-4c0e-b729-a97b7404b7f6:c3348, 4c3e8a66-6975-4917-8225-d3efe707aaff:c3348]
2019-09-04 11:46:21,322 | INFO  | DNAudit | user=null | ip=null | op=WRITE_CHUNK {blockData=conID: 2 locID: 102734075085849146 bcsId: 0} | ret=SUCCESS |  
2019-09-04 11:46:21,322 | INFO  | DNAudit | user=null | ip=null | op=WRITE_CHUNK {blockData=conID: 2 locID: 102734075085849146 bcsId: 0} | ret=SUCCESS |  
2019-09-04 11:46:21,322 | INFO  | DNAudit | user=null | ip=null | op=PUT_BLOCK {blockData=[blockId=conID: 2 locID: 102734075085849146 bcsId: 0,size=1048576]} | ret=SUCCESS |  
2019-09-04 11:46:21,322 | INFO  | DNAudit | user=null | ip=null | op=PUT_BLOCK {blockData=[blockId=conID: 2 locID: 102734075085849146 bcsId: 0,size=1048576]} | ret=SUCCESS |  
2019-09-04 11:46:21,323 [grpc-default-executor-1] INFO  client.GrpcClientProtocolClient (GrpcClientProtocolClient.java:onNext(255)) - client-D5CE890D7D9E->efcb8ff8-f060-4d95-9215-d0f5eb4af037: receive RaftClientReply:client-D5CE890D7D9E->efcb8ff8-f060-4d95-9215-d0f5eb4af037@group-0959F8DF43ED, cid=2268, SUCCESS, logIndex=0, commits[efcb8ff8-f060-4d95-9215-d0f5eb4af037:c3353, 6fae8b02-e804-4c0e-b729-a97b7404b7f6:c3350, 4c3e8a66-6975-4917-8225-d3efe707aaff:c3350]
2019-09-04 11:46:21,323 | INFO  | DNAudit | user=null | ip=null | op=WRITE_CHUNK {blockData=conID: 2 locID: 102734075085849146 bcsId: 0} | ret=SUCCESS |  
2019-09-04 11:46:21,323 | INFO  | DNAudit | user=null | ip=null | op=PUT_BLOCK {blockData=[blockId=conID: 2 locID: 102734075085849146 bcsId: 0,size=2097152]} | ret=SUCCESS |  
2019-09-04 11:46:21,323 | INFO  | DNAudit | user=null | ip=null | op=WRITE_CHUNK {blockData=conID: 2 locID: 102734075085849146 bcsId: 0} | ret=SUCCESS |  
2019-09-04 11:46:21,324 | INFO  | DNAudit | user=null | ip=null | op=PUT_BLOCK {blockData=[blockId=conID: 2 locID: 102734075085849146 bcsId: 0,size=2097152]} | ret=SUCCESS |  
2019-09-04 11:46:21,330 | INFO  | DNAudit | user=null | ip=null | op=WRITE_CHUNK {blockData=conID: 2 locID: 102734075085849146 bcsId: 3352} | ret=SUCCESS |  
2019-09-04 11:46:21,332 | INFO  | DNAudit | user=null | ip=null | op=WRITE_CHUNK {blockData=conID: 2 locID: 102734075085849146 bcsId: 3352} | ret=SUCCESS |  
2019-09-04 11:46:21,333 | INFO  | DNAudit | user=null | ip=null | op=WRITE_CHUNK {blockData=conID: 2 locID: 102734075085849146 bcsId: 3352} | ret=SUCCESS |  
2019-09-04 11:46:21,346 | INFO  | DNAudit | user=null | ip=null | op=WRITE_CHUNK {blockData=conID: 2 locID: 102734075085849146 bcsId: 3352} | ret=SUCCESS |  
2019-09-04 11:46:21,346 | INFO  | DNAudit | user=null | ip=null | op=PUT_BLOCK {blockData=[blockId=conID: 2 locID: 102734075085849146 bcsId: 0,size=3145728]} | ret=SUCCESS |  
2019-09-04 11:46:21,347 [grpc-default-executor-6] INFO  client.GrpcClientProtocolClient (GrpcClientProtocolClient.java:onNext(255)) - client-D5CE890D7D9E->efcb8ff8-f060-4d95-9215-d0f5eb4af037: receive RaftClientReply:client-D5CE890D7D9E->efcb8ff8-f060-4d95-9215-d0f5eb4af037@group-0959F8DF43ED, cid=2269, SUCCESS, logIndex=3357, commits[efcb8ff8-f060-4d95-9215-d0f5eb4af037:c3358, 6fae8b02-e804-4c0e-b729-a97b7404b7f6:c3356, 4c3e8a66-6975-4917-8225-d3efe707aaff:c3356]
2019-09-04 11:46:21,347 [grpc-default-executor-6] INFO  client.GrpcClientProtocolClient (GrpcClientProtocolClient.java:onNext(255)) - client-D5CE890D7D9E->efcb8ff8-f060-4d95-9215-d0f5eb4af037: receive RaftClientReply:client-D5CE890D7D9E->efcb8ff8-f060-4d95-9215-d0f5eb4af037@group-0959F8DF43ED, cid=2270, SUCCESS, logIndex=3358, commits[efcb8ff8-f060-4d95-9215-d0f5eb4af037:c3358, 6fae8b02-e804-4c0e-b729-a97b7404b7f6:c3356, 4c3e8a66-6975-4917-8225-d3efe707aaff:c3356]
2019-09-04 11:46:21,355 | INFO  | DNAudit | user=null | ip=null | op=WRITE_CHUNK {blockData=conID: 2 locID: 102734075085849146 bcsId: 3358} | ret=SUCCESS |  
2019-09-04 11:46:21,357 | INFO  | DNAudit | user=null | ip=null | op=WRITE_CHUNK {blockData=conID: 2 locID: 102734075085849146 bcsId: 3358} | ret=SUCCESS |  
2019-09-04 11:46:21,357 | INFO  | DNAudit | user=null | ip=null | op=WRITE_CHUNK {blockData=conID: 2 locID: 102734075085849146 bcsId: 3358} | ret=SUCCESS |  
2019-09-04 11:46:21,358 | INFO  | DNAudit | user=null | ip=null | op=WRITE_CHUNK {blockData=conID: 2 locID: 102734075085849146 bcsId: 3352} | ret=SUCCESS |  
2019-09-04 11:46:21,358 | INFO  | DNAudit | user=null | ip=null | op=WRITE_CHUNK {blockData=conID: 2 locID: 102734075085849146 bcsId: 3352} | ret=SUCCESS |  
2019-09-04 11:46:21,387 | INFO  | DNAudit | user=null | ip=null | op=PUT_BLOCK {blockData=[blockId=conID: 2 locID: 102734075085849146 bcsId: 0,size=3145728]} | ret=SUCCESS |  
2019-09-04 11:46:21,388 | INFO  | DNAudit | user=null | ip=null | op=PUT_BLOCK {blockData=[blockId=conID: 2 locID: 102734075085849146 bcsId: 0,size=3145728]} | ret=SUCCESS |  
2019-09-04 11:46:21,388 | INFO  | DNAudit | user=null | ip=null | op=WRITE_CHUNK {blockData=conID: 2 locID: 102734075085849146 bcsId: 3358} | ret=SUCCESS |  
2019-09-04 11:46:21,388 | INFO  | DNAudit | user=null | ip=null | op=PUT_BLOCK {blockData=[blockId=conID: 2 locID: 102734075085849146 bcsId: 0,size=4194304]} | ret=SUCCESS |  
2019-09-04 11:46:21,388 [grpc-default-executor-1] INFO  client.GrpcClientProtocolClient (GrpcClientProtocolClient.java:onNext(255)) - client-D5CE890D7D9E->efcb8ff8-f060-4d95-9215-d0f5eb4af037: receive RaftClientReply:client-D5CE890D7D9E->efcb8ff8-f060-4d95-9215-d0f5eb4af037@group-0959F8DF43ED, cid=2271, SUCCESS, logIndex=3361, commits[efcb8ff8-f060-4d95-9215-d0f5eb4af037:c3362, 6fae8b02-e804-4c0e-b729-a97b7404b7f6:c3358, 4c3e8a66-6975-4917-8225-d3efe707aaff:c3358]
2019-09-04 11:46:21,389 [grpc-default-executor-1] INFO  client.GrpcClientProtocolClient (GrpcClientProtocolClient.java:onNext(255)) - client-D5CE890D7D9E->efcb8ff8-f060-4d95-9215-d0f5eb4af037: receive RaftClientReply:client-D5CE890D7D9E->efcb8ff8-f060-4d95-9215-d0f5eb4af037@group-0959F8DF43ED, cid=2272, SUCCESS, logIndex=3362, commits[efcb8ff8-f060-4d95-9215-d0f5eb4af037:c3362, 6fae8b02-e804-4c0e-b729-a97b7404b7f6:c3358, 4c3e8a66-6975-4917-8225-d3efe707aaff:c3358]
2019-09-04 11:46:21,413 | INFO  | DNAudit | user=null | ip=null | op=WRITE_CHUNK {blockData=conID: 2 locID: 102734075085849146 bcsId: 3358} | ret=SUCCESS |  
2019-09-04 11:46:21,413 | INFO  | DNAudit | user=null | ip=null | op=WRITE_CHUNK {blockData=conID: 2 locID: 102734075085849146 bcsId: 3358} | ret=SUCCESS |  
2019-09-04 11:46:21,414 | INFO  | DNAudit | user=null | ip=null | op=PUT_BLOCK {blockData=[blockId=conID: 2 locID: 102734075085849146 bcsId: 0,size=4194304]} | ret=SUCCESS |  
2019-09-04 11:46:21,414 | INFO  | DNAudit | user=null | ip=null | op=PUT_BLOCK {blockData=[blockId=conID: 2 locID: 102734075085849146 bcsId: 0,size=4194304]} | ret=SUCCESS |  
2019-09-04 11:46:21,415 [grpc-default-executor-1] INFO  client.GrpcClientProtocolClient (GrpcClientProtocolClient.java:onNext(255)) - client-D5CE890D7D9E->efcb8ff8-f060-4d95-9215-d0f5eb4af037: receive RaftClientReply:client-D5CE890D7D9E->efcb8ff8-f060-4d95-9215-d0f5eb4af037@group-0959F8DF43ED, cid=2273, SUCCESS, logIndex=0, commits[efcb8ff8-f060-4d95-9215-d0f5eb4af037:c3363, 6fae8b02-e804-4c0e-b729-a97b7404b7f6:c3362, 4c3e8a66-6975-4917-8225-d3efe707aaff:c3362]
2019-09-04 11:46:21,421 | INFO  | SCMAudit | user=jenkins1000 | ip=192.168.36.67 | op=ALLOCATE_BLOCK {owner=8ab292a2-aaa7-4ad8-863a-d33994811155, size=4194304, type=RATIS, factor=THREE} | ret=SUCCESS |  
2019-09-04 11:46:21,424 | INFO  | OMAudit | user=jenkins1000 | ip=127.0.0.1 | op=ALLOCATE_BLOCK {volume=vol-0-58699, bucket=bucket-0-57464, key=key-0-37266, dataSize=0, replicationType=null, replicationFactor=null, keyLocationInfo=null, clientID=102734073355960722} | ret=SUCCESS |  
2019-09-04 11:46:21,433 | INFO  | DNAudit | user=null | ip=null | op=WRITE_CHUNK {blockData=conID: 3 locID: 102734075096007227 bcsId: 0} | ret=SUCCESS |  
2019-09-04 11:46:21,435 | INFO  | DNAudit | user=null | ip=null | op=WRITE_CHUNK {blockData=conID: 3 locID: 102734075096007227 bcsId: 0} | ret=SUCCESS |  
2019-09-04 11:46:21,436 | INFO  | DNAudit | user=null | ip=null | op=WRITE_CHUNK {blockData=conID: 3 locID: 102734075096007227 bcsId: 0} | ret=SUCCESS |  
2019-09-04 11:46:21,436 | INFO  | DNAudit | user=null | ip=null | op=WRITE_CHUNK {blockData=conID: 3 locID: 102734075096007227 bcsId: 0} | ret=SUCCESS |  
2019-09-04 11:46:21,439 | INFO  | DNAudit | user=null | ip=null | op=WRITE_CHUNK {blockData=conID: 3 locID: 102734075096007227 bcsId: 0} | ret=SUCCESS |  
2019-09-04 11:46:21,439 | INFO  | DNAudit | user=null | ip=null | op=WRITE_CHUNK {blockData=conID: 3 locID: 102734075096007227 bcsId: 0} | ret=SUCCESS |  
2019-09-04 11:46:21,462 | INFO  | DNAudit | user=null | ip=null | op=WRITE_CHUNK {blockData=conID: 3 locID: 102734075096007227 bcsId: 0} | ret=SUCCESS |  
2019-09-04 11:46:21,463 | INFO  | DNAudit | user=null | ip=null | op=PUT_BLOCK {blockData=[blockId=conID: 3 locID: 102734075096007227 bcsId: 0,size=1048576]} | ret=SUCCESS |  
2019-09-04 11:46:21,463 [grpc-default-executor-6] INFO  client.GrpcClientProtocolClient (GrpcClientProtocolClient.java:onNext(255)) - client-D5CE890D7D9E->efcb8ff8-f060-4d95-9215-d0f5eb4af037: receive RaftClientReply:client-D5CE890D7D9E->efcb8ff8-f060-4d95-9215-d0f5eb4af037@group-0959F8DF43ED, cid=2274, SUCCESS, logIndex=3365, commits[efcb8ff8-f060-4d95-9215-d0f5eb4af037:c3366, 6fae8b02-e804-4c0e-b729-a97b7404b7f6:c3364, 4c3e8a66-6975-4917-8225-d3efe707aaff:c3364]
2019-09-04 11:46:21,464 [grpc-default-executor-6] INFO  client.GrpcClientProtocolClient (GrpcClientProtocolClient.java:onNext(255)) - client-D5CE890D7D9E->efcb8ff8-f060-4d95-9215-d0f5eb4af037: receive RaftClientReply:client-D5CE890D7D9E->efcb8ff8-f060-4d95-9215-d0f5eb4af037@group-0959F8DF43ED, cid=2275, SUCCESS, logIndex=3366, commits[efcb8ff8-f060-4d95-9215-d0f5eb4af037:c3366, 6fae8b02-e804-4c0e-b729-a97b7404b7f6:c3364, 4c3e8a66-6975-4917-8225-d3efe707aaff:c3364]
2019-09-04 11:46:21,473 | INFO  | DNAudit | user=null | ip=null | op=WRITE_CHUNK {blockData=conID: 3 locID: 102734075096007227 bcsId: 0} | ret=SUCCESS |  
2019-09-04 11:46:21,473 | INFO  | DNAudit | user=null | ip=null | op=PUT_BLOCK {blockData=[blockId=conID: 3 locID: 102734075096007227 bcsId: 0,size=2097152]} | ret=SUCCESS |  
2019-09-04 11:46:21,474 [grpc-default-executor-6] INFO  client.GrpcClientProtocolClient (GrpcClientProtocolClient.java:onNext(255)) - client-D5CE890D7D9E->efcb8ff8-f060-4d95-9215-d0f5eb4af037: receive RaftClientReply:client-D5CE890D7D9E->efcb8ff8-f060-4d95-9215-d0f5eb4af037@group-0959F8DF43ED, cid=2276, SUCCESS, logIndex=3367, commits[efcb8ff8-f060-4d95-9215-d0f5eb4af037:c3368, 6fae8b02-e804-4c0e-b729-a97b7404b7f6:c3364, 4c3e8a66-6975-4917-8225-d3efe707aaff:c3364]
2019-09-04 11:46:21,474 | INFO  | DNAudit | user=null | ip=null | op=WRITE_CHUNK {blockData=conID: 3 locID: 102734075096007227 bcsId: 0} | ret=SUCCESS |  
2019-09-04 11:46:21,474 [grpc-default-executor-0] INFO  client.GrpcClientProtocolClient (GrpcClientProtocolClient.java:onNext(255)) - client-D5CE890D7D9E->efcb8ff8-f060-4d95-9215-d0f5eb4af037: receive RaftClientReply:client-D5CE890D7D9E->efcb8ff8-f060-4d95-9215-d0f5eb4af037@group-0959F8DF43ED, cid=2277, SUCCESS, logIndex=3368, commits[efcb8ff8-f060-4d95-9215-d0f5eb4af037:c3368, 6fae8b02-e804-4c0e-b729-a97b7404b7f6:c3364, 4c3e8a66-6975-4917-8225-d3efe707aaff:c3364]
2019-09-04 11:46:21,475 | INFO  | DNAudit | user=null | ip=null | op=PUT_BLOCK {blockData=[blockId=conID: 3 locID: 102734075096007227 bcsId: 0,size=1048576]} | ret=SUCCESS |  
2019-09-04 11:46:21,475 | INFO  | DNAudit | user=null | ip=null | op=WRITE_CHUNK {blockData=conID: 3 locID: 102734075096007227 bcsId: 0} | ret=SUCCESS |  
2019-09-04 11:46:21,475 | INFO  | DNAudit | user=null | ip=null | op=PUT_BLOCK {blockData=[blockId=conID: 3 locID: 102734075096007227 bcsId: 0,size=2097152]} | ret=SUCCESS |  
2019-09-04 11:46:21,475 | INFO  | DNAudit | user=null | ip=null | op=WRITE_CHUNK {blockData=conID: 3 locID: 102734075096007227 bcsId: 0} | ret=SUCCESS |  
2019-09-04 11:46:21,476 | INFO  | DNAudit | user=null | ip=null | op=PUT_BLOCK {blockData=[blockId=conID: 3 locID: 102734075096007227 bcsId: 0,size=1048576]} | ret=SUCCESS |  
2019-09-04 11:46:21,476 | INFO  | DNAudit | user=null | ip=null | op=WRITE_CHUNK {blockData=conID: 3 locID: 102734075096007227 bcsId: 0} | ret=SUCCESS |  
2019-09-04 11:46:21,476 | INFO  | DNAudit | user=null | ip=null | op=PUT_BLOCK {blockData=[blockId=conID: 3 locID: 102734075096007227 bcsId: 0,size=2097152]} | ret=SUCCESS |  
2019-09-04 11:46:21,476 [grpc-default-executor-0] INFO  client.GrpcClientProtocolClient (GrpcClientProtocolClient.java:onNext(255)) - client-D5CE890D7D9E->efcb8ff8-f060-4d95-9215-d0f5eb4af037: receive RaftClientReply:client-D5CE890D7D9E->efcb8ff8-f060-4d95-9215-d0f5eb4af037@group-0959F8DF43ED, cid=2278, SUCCESS, logIndex=0, commits[efcb8ff8-f060-4d95-9215-d0f5eb4af037:c3371, 6fae8b02-e804-4c0e-b729-a97b7404b7f6:c3366, 4c3e8a66-6975-4917-8225-d3efe707aaff:c3368]
2019-09-04 11:46:21,485 | INFO  | DNAudit | user=null | ip=null | op=WRITE_CHUNK {blockData=conID: 3 locID: 102734075096007227 bcsId: 3368} | ret=SUCCESS |  
2019-09-04 11:46:21,488 | INFO  | DNAudit | user=null | ip=null | op=WRITE_CHUNK {blockData=conID: 3 locID: 102734075096007227 bcsId: 3368} | ret=SUCCESS |  
2019-09-04 11:46:21,488 | INFO  | DNAudit | user=null | ip=null | op=WRITE_CHUNK {blockData=conID: 3 locID: 102734075096007227 bcsId: 3368} | ret=SUCCESS |  
2019-09-04 11:46:21,495 | INFO  | DNAudit | user=null | ip=null | op=WRITE_CHUNK {blockData=conID: 3 locID: 102734075096007227 bcsId: 3368} | ret=SUCCESS |  
2019-09-04 11:46:21,498 | INFO  | DNAudit | user=null | ip=null | op=PUT_BLOCK {blockData=[blockId=conID: 3 locID: 102734075096007227 bcsId: 0,size=3145728]} | ret=SUCCESS |  
2019-09-04 11:46:21,498 [grpc-default-executor-6] INFO  client.GrpcClientProtocolClient (GrpcClientProtocolClient.java:onNext(255)) - client-D5CE890D7D9E->efcb8ff8-f060-4d95-9215-d0f5eb4af037: receive RaftClientReply:client-D5CE890D7D9E->efcb8ff8-f060-4d95-9215-d0f5eb4af037@group-0959F8DF43ED, cid=2279, SUCCESS, logIndex=3372, commits[efcb8ff8-f060-4d95-9215-d0f5eb4af037:c3372, 6fae8b02-e804-4c0e-b729-a97b7404b7f6:c3371, 4c3e8a66-6975-4917-8225-d3efe707aaff:c3371]
2019-09-04 11:46:21,499 [grpc-default-executor-6] INFO  client.GrpcClientProtocolClient (GrpcClientProtocolClient.java:onNext(255)) - client-D5CE890D7D9E->efcb8ff8-f060-4d95-9215-d0f5eb4af037: receive RaftClientReply:client-D5CE890D7D9E->efcb8ff8-f060-4d95-9215-d0f5eb4af037@group-0959F8DF43ED, cid=2280, SUCCESS, logIndex=3373, commits[efcb8ff8-f060-4d95-9215-d0f5eb4af037:c3373, 6fae8b02-e804-4c0e-b729-a97b7404b7f6:c3371, 4c3e8a66-6975-4917-8225-d3efe707aaff:c3371]
2019-09-04 11:46:21,507 | INFO  | DNAudit | user=null | ip=null | op=WRITE_CHUNK {blockData=conID: 3 locID: 102734075096007227 bcsId: 3373} | ret=SUCCESS |  
2019-09-04 11:46:21,510 | INFO  | DNAudit | user=null | ip=null | op=WRITE_CHUNK {blockData=conID: 3 locID: 102734075096007227 bcsId: 3373} | ret=SUCCESS |  
2019-09-04 11:46:21,510 | INFO  | DNAudit | user=null | ip=null | op=WRITE_CHUNK {blockData=conID: 3 locID: 102734075096007227 bcsId: 3373} | ret=SUCCESS |  
2019-09-04 11:46:21,516 | INFO  | DNAudit | user=null | ip=null | op=WRITE_CHUNK {blockData=conID: 3 locID: 102734075096007227 bcsId: 3368} | ret=SUCCESS |  
2019-09-04 11:46:21,516 | INFO  | DNAudit | user=null | ip=null | op=WRITE_CHUNK {blockData=conID: 3 locID: 102734075096007227 bcsId: 3368} | ret=SUCCESS |  
2019-09-04 11:46:21,526 | INFO  | DNAudit | user=null | ip=null | op=PUT_BLOCK {blockData=[blockId=conID: 3 locID: 102734075096007227 bcsId: 0,size=3145728]} | ret=SUCCESS |  
2019-09-04 11:46:21,527 | INFO  | DNAudit | user=null | ip=null | op=WRITE_CHUNK {blockData=conID: 3 locID: 102734075096007227 bcsId: 3373} | ret=SUCCESS |  
2019-09-04 11:46:21,527 | INFO  | DNAudit | user=null | ip=null | op=PUT_BLOCK {blockData=[blockId=conID: 3 locID: 102734075096007227 bcsId: 0,size=3145728]} | ret=SUCCESS |  
2019-09-04 11:46:21,527 | INFO  | DNAudit | user=null | ip=null | op=PUT_BLOCK {blockData=[blockId=conID: 3 locID: 102734075096007227 bcsId: 0,size=4194304]} | ret=SUCCESS |  
2019-09-04 11:46:21,527 [grpc-default-executor-6] INFO  client.GrpcClientProtocolClient (GrpcClientProtocolClient.java:onNext(255)) - client-D5CE890D7D9E->efcb8ff8-f060-4d95-9215-d0f5eb4af037: receive RaftClientReply:client-D5CE890D7D9E->efcb8ff8-f060-4d95-9215-d0f5eb4af037@group-0959F8DF43ED, cid=2281, SUCCESS, logIndex=3376, commits[efcb8ff8-f060-4d95-9215-d0f5eb4af037:c3377, 6fae8b02-e804-4c0e-b729-a97b7404b7f6:c3372, 4c3e8a66-6975-4917-8225-d3efe707aaff:c3373]
2019-09-04 11:46:21,528 [grpc-default-executor-6] INFO  client.GrpcClientProtocolClient (GrpcClientProtocolClient.java:onNext(255)) - client-D5CE890D7D9E->efcb8ff8-f060-4d95-9215-d0f5eb4af037: receive RaftClientReply:client-D5CE890D7D9E->efcb8ff8-f060-4d95-9215-d0f5eb4af037@group-0959F8DF43ED, cid=2282, SUCCESS, logIndex=3377, commits[efcb8ff8-f060-4d95-9215-d0f5eb4af037:c3377, 6fae8b02-e804-4c0e-b729-a97b7404b7f6:c3373, 4c3e8a66-6975-4917-8225-d3efe707aaff:c3373]
2019-09-04 11:46:21,528 | INFO  | DNAudit | user=null | ip=null | op=WRITE_CHUNK {blockData=conID: 3 locID: 102734075096007227 bcsId: 3373} | ret=SUCCESS |  
2019-09-04 11:46:21,528 | INFO  | DNAudit | user=null | ip=null | op=WRITE_CHUNK {blockData=conID: 3 locID: 102734075096007227 bcsId: 3373} | ret=SUCCESS |  
2019-09-04 11:46:21,529 | INFO  | DNAudit | user=null | ip=null | op=PUT_BLOCK {blockData=[blockId=conID: 3 locID: 102734075096007227 bcsId: 0,size=4194304]} | ret=SUCCESS |  
2019-09-04 11:46:21,529 | INFO  | DNAudit | user=null | ip=null | op=PUT_BLOCK {blockData=[blockId=conID: 3 locID: 102734075096007227 bcsId: 0,size=4194304]} | ret=SUCCESS |  
2019-09-04 11:46:21,529 [grpc-default-executor-1] INFO  client.GrpcClientProtocolClient (GrpcClientProtocolClient.java:onNext(255)) - client-D5CE890D7D9E->efcb8ff8-f060-4d95-9215-d0f5eb4af037: receive RaftClientReply:client-D5CE890D7D9E->efcb8ff8-f060-4d95-9215-d0f5eb4af037@group-0959F8DF43ED, cid=2283, SUCCESS, logIndex=0, commits[efcb8ff8-f060-4d95-9215-d0f5eb4af037:c3378, 6fae8b02-e804-4c0e-b729-a97b7404b7f6:c3377, 4c3e8a66-6975-4917-8225-d3efe707aaff:c3377]
2019-09-04 11:46:21,534 | INFO  | SCMAudit | user=jenkins1000 | ip=192.168.36.67 | op=ALLOCATE_BLOCK {owner=8ab292a2-aaa7-4ad8-863a-d33994811155, size=4194304, type=RATIS, factor=THREE} | ret=SUCCESS |  
2019-09-04 11:46:21,536 | INFO  | OMAudit | user=jenkins1000 | ip=127.0.0.1 | op=ALLOCATE_BLOCK {volume=vol-0-58699, bucket=bucket-0-57464, key=key-0-37266, dataSize=0, replicationType=null, replicationFactor=null, keyLocationInfo=null, clientID=102734073355960722} | ret=SUCCESS |  
2019-09-04 11:46:21,543 | INFO  | DNAudit | user=null | ip=null | op=WRITE_CHUNK {blockData=conID: 1 locID: 102734075103412796 bcsId: 0} | ret=SUCCESS |  
2019-09-04 11:46:21,546 | INFO  | DNAudit | user=null | ip=null | op=WRITE_CHUNK {blockData=conID: 1 locID: 102734075103412796 bcsId: 0} | ret=SUCCESS |  
2019-09-04 11:46:21,546 | INFO  | DNAudit | user=null | ip=null | op=WRITE_CHUNK {blockData=conID: 1 locID: 102734075103412796 bcsId: 0} | ret=SUCCESS |  
2019-09-04 11:46:21,546 | INFO  | DNAudit | user=null | ip=null | op=WRITE_CHUNK {blockData=conID: 1 locID: 102734075103412796 bcsId: 0} | ret=SUCCESS |  
2019-09-04 11:46:21,548 | INFO  | DNAudit | user=null | ip=null | op=WRITE_CHUNK {blockData=conID: 1 locID: 102734075103412796 bcsId: 0} | ret=SUCCESS |  
2019-09-04 11:46:21,548 | INFO  | DNAudit | user=null | ip=null | op=WRITE_CHUNK {blockData=conID: 1 locID: 102734075103412796 bcsId: 0} | ret=SUCCESS |  
2019-09-04 11:46:21,559 | INFO  | DNAudit | user=null | ip=null | op=WRITE_CHUNK {blockData=conID: 1 locID: 102734075103412796 bcsId: 0} | ret=SUCCESS |  
2019-09-04 11:46:21,559 | INFO  | DNAudit | user=null | ip=null | op=PUT_BLOCK {blockData=[blockId=conID: 1 locID: 102734075103412796 bcsId: 0,size=1048576]} | ret=SUCCESS |  
2019-09-04 11:46:21,559 | INFO  | DNAudit | user=null | ip=null | op=WRITE_CHUNK {blockData=conID: 1 locID: 102734075103412796 bcsId: 0} | ret=SUCCESS |  
2019-09-04 11:46:21,559 [grpc-default-executor-5] INFO  client.GrpcClientProtocolClient (GrpcClientProtocolClient.java:onNext(255)) - client-D5CE890D7D9E->efcb8ff8-f060-4d95-9215-d0f5eb4af037: receive RaftClientReply:client-D5CE890D7D9E->efcb8ff8-f060-4d95-9215-d0f5eb4af037@group-0959F8DF43ED, cid=2284, SUCCESS, logIndex=3380, commits[efcb8ff8-f060-4d95-9215-d0f5eb4af037:c3383, 6fae8b02-e804-4c0e-b729-a97b7404b7f6:c3379, 4c3e8a66-6975-4917-8225-d3efe707aaff:c3377]
2019-09-04 11:46:21,560 | INFO  | DNAudit | user=null | ip=null | op=PUT_BLOCK {blockData=[blockId=conID: 1 locID: 102734075103412796 bcsId: 0,size=2097152]} | ret=SUCCESS |  
2019-09-04 11:46:21,560 [grpc-default-executor-5] INFO  client.GrpcClientProtocolClient (GrpcClientProtocolClient.java:onNext(255)) - client-D5CE890D7D9E->efcb8ff8-f060-4d95-9215-d0f5eb4af037: receive RaftClientReply:client-D5CE890D7D9E->efcb8ff8-f060-4d95-9215-d0f5eb4af037@group-0959F8DF43ED, cid=2285, SUCCESS, logIndex=3381, commits[efcb8ff8-f060-4d95-9215-d0f5eb4af037:c3383, 6fae8b02-e804-4c0e-b729-a97b7404b7f6:c3379, 4c3e8a66-6975-4917-8225-d3efe707aaff:c3379]
2019-09-04 11:46:21,560 | INFO  | DNAudit | user=null | ip=null | op=WRITE_CHUNK {blockData=conID: 1 locID: 102734075103412796 bcsId: 0} | ret=SUCCESS |  
2019-09-04 11:46:21,560 | INFO  | DNAudit | user=null | ip=null | op=PUT_BLOCK {blockData=[blockId=conID: 1 locID: 102734075103412796 bcsId: 0,size=1048576]} | ret=SUCCESS |  
2019-09-04 11:46:21,560 [grpc-default-executor-5] INFO  client.GrpcClientProtocolClient (GrpcClientProtocolClient.java:onNext(255)) - client-D5CE890D7D9E->efcb8ff8-f060-4d95-9215-d0f5eb4af037: receive RaftClientReply:client-D5CE890D7D9E->efcb8ff8-f060-4d95-9215-d0f5eb4af037@group-0959F8DF43ED, cid=2286, SUCCESS, logIndex=3382, commits[efcb8ff8-f060-4d95-9215-d0f5eb4af037:c3383, 6fae8b02-e804-4c0e-b729-a97b7404b7f6:c3379, 4c3e8a66-6975-4917-8225-d3efe707aaff:c3379]
2019-09-04 11:46:21,560 | INFO  | DNAudit | user=null | ip=null | op=WRITE_CHUNK {blockData=conID: 1 locID: 102734075103412796 bcsId: 0} | ret=SUCCESS |  
2019-09-04 11:46:21,561 | INFO  | DNAudit | user=null | ip=null | op=PUT_BLOCK {blockData=[blockId=conID: 1 locID: 102734075103412796 bcsId: 0,size=1048576]} | ret=SUCCESS |  
2019-09-04 11:46:21,561 [grpc-default-executor-5] INFO  client.GrpcClientProtocolClient (GrpcClientProtocolClient.java:onNext(255)) - client-D5CE890D7D9E->efcb8ff8-f060-4d95-9215-d0f5eb4af037: receive RaftClientReply:client-D5CE890D7D9E->efcb8ff8-f060-4d95-9215-d0f5eb4af037@group-0959F8DF43ED, cid=2287, SUCCESS, logIndex=3383, commits[efcb8ff8-f060-4d95-9215-d0f5eb4af037:c3383, 6fae8b02-e804-4c0e-b729-a97b7404b7f6:c3379, 4c3e8a66-6975-4917-8225-d3efe707aaff:c3379]
2019-09-04 11:46:21,561 | INFO  | DNAudit | user=null | ip=null | op=WRITE_CHUNK {blockData=conID: 1 locID: 102734075103412796 bcsId: 0} | ret=SUCCESS |  
2019-09-04 11:46:21,561 | INFO  | DNAudit | user=null | ip=null | op=PUT_BLOCK {blockData=[blockId=conID: 1 locID: 102734075103412796 bcsId: 0,size=2097152]} | ret=SUCCESS |  
2019-09-04 11:46:21,562 [grpc-default-executor-5] INFO  client.GrpcClientProtocolClient (GrpcClientProtocolClient.java:onNext(255)) - client-D5CE890D7D9E->efcb8ff8-f060-4d95-9215-d0f5eb4af037: receive RaftClientReply:client-D5CE890D7D9E->efcb8ff8-f060-4d95-9215-d0f5eb4af037@group-0959F8DF43ED, cid=2288, SUCCESS, logIndex=0, commits[efcb8ff8-f060-4d95-9215-d0f5eb4af037:c3387, 6fae8b02-e804-4c0e-b729-a97b7404b7f6:c3381, 4c3e8a66-6975-4917-8225-d3efe707aaff:c3383]
2019-09-04 11:46:21,564 | INFO  | DNAudit | user=null | ip=null | op=WRITE_CHUNK {blockData=conID: 1 locID: 102734075103412796 bcsId: 0} | ret=SUCCESS |  
2019-09-04 11:46:21,564 | INFO  | DNAudit | user=null | ip=null | op=PUT_BLOCK {blockData=[blockId=conID: 1 locID: 102734075103412796 bcsId: 0,size=2097152]} | ret=SUCCESS |  
2019-09-04 11:46:21,567 | INFO  | DNAudit | user=null | ip=null | op=WRITE_CHUNK {blockData=conID: 1 locID: 102734075103412796 bcsId: 3383} | ret=SUCCESS |  
2019-09-04 11:46:21,569 | INFO  | DNAudit | user=null | ip=null | op=WRITE_CHUNK {blockData=conID: 1 locID: 102734075103412796 bcsId: 3383} | ret=SUCCESS |  
2019-09-04 11:46:21,570 | INFO  | DNAudit | user=null | ip=null | op=WRITE_CHUNK {blockData=conID: 1 locID: 102734075103412796 bcsId: 3383} | ret=SUCCESS |  
2019-09-04 11:46:21,590 | INFO  | DNAudit | user=null | ip=null | op=WRITE_CHUNK {blockData=conID: 1 locID: 102734075103412796 bcsId: 3383} | ret=SUCCESS |  
2019-09-04 11:46:21,590 | INFO  | DNAudit | user=null | ip=null | op=PUT_BLOCK {blockData=[blockId=conID: 1 locID: 102734075103412796 bcsId: 0,size=3145728]} | ret=SUCCESS |  
2019-09-04 11:46:21,591 [grpc-default-executor-6] INFO  client.GrpcClientProtocolClient (GrpcClientProtocolClient.java:onNext(255)) - client-D5CE890D7D9E->efcb8ff8-f060-4d95-9215-d0f5eb4af037: receive RaftClientReply:client-D5CE890D7D9E->efcb8ff8-f060-4d95-9215-d0f5eb4af037@group-0959F8DF43ED, cid=2289, SUCCESS, logIndex=3388, commits[efcb8ff8-f060-4d95-9215-d0f5eb4af037:c3389, 6fae8b02-e804-4c0e-b729-a97b7404b7f6:c3387, 4c3e8a66-6975-4917-8225-d3efe707aaff:c3387]
2019-09-04 11:46:21,591 [grpc-default-executor-6] INFO  client.GrpcClientProtocolClient (GrpcClientProtocolClient.java:onNext(255)) - client-D5CE890D7D9E->efcb8ff8-f060-4d95-9215-d0f5eb4af037: receive RaftClientReply:client-D5CE890D7D9E->efcb8ff8-f060-4d95-9215-d0f5eb4af037@group-0959F8DF43ED, cid=2290, SUCCESS, logIndex=3389, commits[efcb8ff8-f060-4d95-9215-d0f5eb4af037:c3389, 6fae8b02-e804-4c0e-b729-a97b7404b7f6:c3387, 4c3e8a66-6975-4917-8225-d3efe707aaff:c3387]
2019-09-04 11:46:21,597 | INFO  | DNAudit | user=null | ip=null | op=WRITE_CHUNK {blockData=conID: 1 locID: 102734075103412796 bcsId: 3389} | ret=SUCCESS |  
2019-09-04 11:46:21,599 | INFO  | DNAudit | user=null | ip=null | op=WRITE_CHUNK {blockData=conID: 1 locID: 102734075103412796 bcsId: 3383} | ret=SUCCESS |  
2019-09-04 11:46:21,600 | INFO  | DNAudit | user=null | ip=null | op=WRITE_CHUNK {blockData=conID: 1 locID: 102734075103412796 bcsId: 3383} | ret=SUCCESS |  
2019-09-04 11:46:21,601 | INFO  | DNAudit | user=null | ip=null | op=WRITE_CHUNK {blockData=conID: 1 locID: 102734075103412796 bcsId: 3389} | ret=SUCCESS |  
2019-09-04 11:46:21,601 | INFO  | DNAudit | user=null | ip=null | op=WRITE_CHUNK {blockData=conID: 1 locID: 102734075103412796 bcsId: 3389} | ret=SUCCESS |  
2019-09-04 11:46:21,626 | INFO  | DNAudit | user=null | ip=null | op=PUT_BLOCK {blockData=[blockId=conID: 1 locID: 102734075103412796 bcsId: 0,size=3145728]} | ret=SUCCESS |  
2019-09-04 11:46:21,627 | INFO  | DNAudit | user=null | ip=null | op=WRITE_CHUNK {blockData=conID: 1 locID: 102734075103412796 bcsId: 3389} | ret=SUCCESS |  
2019-09-04 11:46:21,627 | INFO  | DNAudit | user=null | ip=null | op=PUT_BLOCK {blockData=[blockId=conID: 1 locID: 102734075103412796 bcsId: 0,size=3145728]} | ret=SUCCESS |  
2019-09-04 11:46:21,627 | INFO  | DNAudit | user=null | ip=null | op=PUT_BLOCK {blockData=[blockId=conID: 1 locID: 102734075103412796 bcsId: 0,size=4194304]} | ret=SUCCESS |  
2019-09-04 11:46:21,628 [grpc-default-executor-1] INFO  client.GrpcClientProtocolClient (GrpcClientProtocolClient.java:onNext(255)) - client-D5CE890D7D9E->efcb8ff8-f060-4d95-9215-d0f5eb4af037: receive RaftClientReply:client-D5CE890D7D9E->efcb8ff8-f060-4d95-9215-d0f5eb4af037@group-0959F8DF43ED, cid=2291, SUCCESS, logIndex=3392, commits[efcb8ff8-f060-4d95-9215-d0f5eb4af037:c3393, 6fae8b02-e804-4c0e-b729-a97b7404b7f6:c3389, 4c3e8a66-6975-4917-8225-d3efe707aaff:c3389]
2019-09-04 11:46:21,628 [grpc-default-executor-1] INFO  client.GrpcClientProtocolClient (GrpcClientProtocolClient.java:onNext(255)) - client-D5CE890D7D9E->efcb8ff8-f060-4d95-9215-d0f5eb4af037: receive RaftClientReply:client-D5CE890D7D9E->efcb8ff8-f060-4d95-9215-d0f5eb4af037@group-0959F8DF43ED, cid=2292, SUCCESS, logIndex=3393, commits[efcb8ff8-f060-4d95-9215-d0f5eb4af037:c3393, 6fae8b02-e804-4c0e-b729-a97b7404b7f6:c3389, 4c3e8a66-6975-4917-8225-d3efe707aaff:c3389]
2019-09-04 11:46:21,660 | INFO  | DNAudit | user=null | ip=null | op=WRITE_CHUNK {blockData=conID: 1 locID: 102734075103412796 bcsId: 3389} | ret=SUCCESS |  
2019-09-04 11:46:21,660 | INFO  | DNAudit | user=null | ip=null | op=PUT_BLOCK {blockData=[blockId=conID: 1 locID: 102734075103412796 bcsId: 0,size=4194304]} | ret=SUCCESS |  
2019-09-04 11:46:21,660 | INFO  | DNAudit | user=null | ip=null | op=WRITE_CHUNK {blockData=conID: 1 locID: 102734075103412796 bcsId: 3389} | ret=SUCCESS |  
2019-09-04 11:46:21,661 | INFO  | DNAudit | user=null | ip=null | op=PUT_BLOCK {blockData=[blockId=conID: 1 locID: 102734075103412796 bcsId: 0,size=4194304]} | ret=SUCCESS |  
2019-09-04 11:46:21,661 [grpc-default-executor-1] INFO  client.GrpcClientProtocolClient (GrpcClientProtocolClient.java:onNext(255)) - client-D5CE890D7D9E->efcb8ff8-f060-4d95-9215-d0f5eb4af037: receive RaftClientReply:client-D5CE890D7D9E->efcb8ff8-f060-4d95-9215-d0f5eb4af037@group-0959F8DF43ED, cid=2293, SUCCESS, logIndex=0, commits[efcb8ff8-f060-4d95-9215-d0f5eb4af037:c3394, 6fae8b02-e804-4c0e-b729-a97b7404b7f6:c3393, 4c3e8a66-6975-4917-8225-d3efe707aaff:c3393]
2019-09-04 11:46:21,668 | INFO  | SCMAudit | user=jenkins1000 | ip=192.168.36.67 | op=ALLOCATE_BLOCK {owner=8ab292a2-aaa7-4ad8-863a-d33994811155, size=4194304, type=RATIS, factor=THREE} | ret=SUCCESS |  
2019-09-04 11:46:21,672 | INFO  | OMAudit | user=jenkins1000 | ip=127.0.0.1 | op=ALLOCATE_BLOCK {volume=vol-0-58699, bucket=bucket-0-57464, key=key-0-37266, dataSize=0, replicationType=null, replicationFactor=null, keyLocationInfo=null, clientID=102734073355960722} | ret=SUCCESS |  
2019-09-04 11:46:21,680 | INFO  | DNAudit | user=null | ip=null | op=WRITE_CHUNK {blockData=conID: 2 locID: 102734075112194621 bcsId: 0} | ret=SUCCESS |  
2019-09-04 11:46:21,681 | INFO  | DNAudit | user=null | ip=null | op=WRITE_CHUNK {blockData=conID: 2 locID: 102734075112194621 bcsId: 0} | ret=SUCCESS |  
2019-09-04 11:46:21,683 | INFO  | DNAudit | user=null | ip=null | op=WRITE_CHUNK {blockData=conID: 2 locID: 102734075112194621 bcsId: 0} | ret=SUCCESS |  
2019-09-04 11:46:21,683 | INFO  | DNAudit | user=null | ip=null | op=WRITE_CHUNK {blockData=conID: 2 locID: 102734075112194621 bcsId: 0} | ret=SUCCESS |  
2019-09-04 11:46:21,684 | INFO  | DNAudit | user=null | ip=null | op=WRITE_CHUNK {blockData=conID: 2 locID: 102734075112194621 bcsId: 0} | ret=SUCCESS |  
2019-09-04 11:46:21,685 | INFO  | DNAudit | user=null | ip=null | op=WRITE_CHUNK {blockData=conID: 2 locID: 102734075112194621 bcsId: 0} | ret=SUCCESS |  
2019-09-04 11:46:21,708 | INFO  | SCMAudit | user=jenkins1000 | ip=192.168.36.67 | op=SEND_HEARTBEAT {datanodeUUID=b68b188c-7f38-42ae-8403-46a39acd0731, command=[]} | ret=SUCCESS |  
2019-09-04 11:46:21,717 | INFO  | DNAudit | user=null | ip=null | op=WRITE_CHUNK {blockData=conID: 2 locID: 102734075112194621 bcsId: 0} | ret=SUCCESS |  
2019-09-04 11:46:21,718 | INFO  | DNAudit | user=null | ip=null | op=PUT_BLOCK {blockData=[blockId=conID: 2 locID: 102734075112194621 bcsId: 0,size=1048576]} | ret=SUCCESS |  
2019-09-04 11:46:21,718 | INFO  | DNAudit | user=null | ip=null | op=WRITE_CHUNK {blockData=conID: 2 locID: 102734075112194621 bcsId: 0} | ret=SUCCESS |  
2019-09-04 11:46:21,718 [grpc-default-executor-0] INFO  client.GrpcClientProtocolClient (GrpcClientProtocolClient.java:onNext(255)) - client-D5CE890D7D9E->efcb8ff8-f060-4d95-9215-d0f5eb4af037: receive RaftClientReply:client-D5CE890D7D9E->efcb8ff8-f060-4d95-9215-d0f5eb4af037@group-0959F8DF43ED, cid=2294, SUCCESS, logIndex=3396, commits[efcb8ff8-f060-4d95-9215-d0f5eb4af037:c3398, 6fae8b02-e804-4c0e-b729-a97b7404b7f6:c3395, 4c3e8a66-6975-4917-8225-d3efe707aaff:c3395]
2019-09-04 11:46:21,718 | INFO  | DNAudit | user=null | ip=null | op=PUT_BLOCK {blockData=[blockId=conID: 2 locID: 102734075112194621 bcsId: 0,size=2097152]} | ret=SUCCESS |  
2019-09-04 11:46:21,719 [grpc-default-executor-0] INFO  client.GrpcClientProtocolClient (GrpcClientProtocolClient.java:onNext(255)) - client-D5CE890D7D9E->efcb8ff8-f060-4d95-9215-d0f5eb4af037: receive RaftClientReply:client-D5CE890D7D9E->efcb8ff8-f060-4d95-9215-d0f5eb4af037@group-0959F8DF43ED, cid=2295, SUCCESS, logIndex=3397, commits[efcb8ff8-f060-4d95-9215-d0f5eb4af037:c3399, 6fae8b02-e804-4c0e-b729-a97b7404b7f6:c3395, 4c3e8a66-6975-4917-8225-d3efe707aaff:c3395]
2019-09-04 11:46:21,719 [grpc-default-executor-0] INFO  client.GrpcClientProtocolClient (GrpcClientProtocolClient.java:onNext(255)) - client-D5CE890D7D9E->efcb8ff8-f060-4d95-9215-d0f5eb4af037: receive RaftClientReply:client-D5CE890D7D9E->efcb8ff8-f060-4d95-9215-d0f5eb4af037@group-0959F8DF43ED, cid=2296, SUCCESS, logIndex=3398, commits[efcb8ff8-f060-4d95-9215-d0f5eb4af037:c3399, 6fae8b02-e804-4c0e-b729-a97b7404b7f6:c3395, 4c3e8a66-6975-4917-8225-d3efe707aaff:c3395]
2019-09-04 11:46:21,719 [grpc-default-executor-0] INFO  client.GrpcClientProtocolClient (GrpcClientProtocolClient.java:onNext(255)) - client-D5CE890D7D9E->efcb8ff8-f060-4d95-9215-d0f5eb4af037: receive RaftClientReply:client-D5CE890D7D9E->efcb8ff8-f060-4d95-9215-d0f5eb4af037@group-0959F8DF43ED, cid=2297, SUCCESS, logIndex=3399, commits[efcb8ff8-f060-4d95-9215-d0f5eb4af037:c3399, 6fae8b02-e804-4c0e-b729-a97b7404b7f6:c3395, 4c3e8a66-6975-4917-8225-d3efe707aaff:c3395]
2019-09-04 11:46:21,737 | INFO  | SCMAudit | user=jenkins1000 | ip=192.168.36.67 | op=SEND_HEARTBEAT {datanodeUUID=4c3e8a66-6975-4917-8225-d3efe707aaff, command=[]} | ret=SUCCESS |  
2019-09-04 11:46:21,737 | INFO  | SCMAudit | user=jenkins1000 | ip=192.168.36.67 | op=SEND_HEARTBEAT {datanodeUUID=6fae8b02-e804-4c0e-b729-a97b7404b7f6, command=[]} | ret=SUCCESS |  
2019-09-04 11:46:21,739 | INFO  | SCMAudit | user=jenkins1000 | ip=192.168.36.67 | op=SEND_HEARTBEAT {datanodeUUID=0b776101-1d39-4f23-96c0-6a8ead31197c, command=[]} | ret=SUCCESS |  
2019-09-04 11:46:21,742 | INFO  | DNAudit | user=null | ip=null | op=WRITE_CHUNK {blockData=conID: 2 locID: 102734075112194621 bcsId: 0} | ret=SUCCESS |  
2019-09-04 11:46:21,742 | INFO  | DNAudit | user=null | ip=null | op=WRITE_CHUNK {blockData=conID: 2 locID: 102734075112194621 bcsId: 0} | ret=SUCCESS |  
2019-09-04 11:46:21,742 | INFO  | DNAudit | user=null | ip=null | op=PUT_BLOCK {blockData=[blockId=conID: 2 locID: 102734075112194621 bcsId: 0,size=1048576]} | ret=SUCCESS |  
2019-09-04 11:46:21,742 | INFO  | DNAudit | user=null | ip=null | op=PUT_BLOCK {blockData=[blockId=conID: 2 locID: 102734075112194621 bcsId: 0,size=1048576]} | ret=SUCCESS |  
2019-09-04 11:46:21,743 [grpc-default-executor-0] INFO  client.GrpcClientProtocolClient (GrpcClientProtocolClient.java:onNext(255)) - client-D5CE890D7D9E->efcb8ff8-f060-4d95-9215-d0f5eb4af037: receive RaftClientReply:client-D5CE890D7D9E->efcb8ff8-f060-4d95-9215-d0f5eb4af037@group-0959F8DF43ED, cid=2298, SUCCESS, logIndex=0, commits[efcb8ff8-f060-4d95-9215-d0f5eb4af037:c3400, 6fae8b02-e804-4c0e-b729-a97b7404b7f6:c3397, 4c3e8a66-6975-4917-8225-d3efe707aaff:c3397]
2019-09-04 11:46:21,744 | INFO  | SCMAudit | user=jenkins1000 | ip=192.168.36.67 | op=SEND_HEARTBEAT {datanodeUUID=efcb8ff8-f060-4d95-9215-d0f5eb4af037, command=[]} | ret=SUCCESS |  
2019-09-04 11:46:21,744 | INFO  | DNAudit | user=null | ip=null | op=WRITE_CHUNK {blockData=conID: 2 locID: 102734075112194621 bcsId: 0} | ret=SUCCESS |  
2019-09-04 11:46:21,744 | INFO  | DNAudit | user=null | ip=null | op=PUT_BLOCK {blockData=[blockId=conID: 2 locID: 102734075112194621 bcsId: 0,size=2097152]} | ret=SUCCESS |  
2019-09-04 11:46:21,744 | INFO  | DNAudit | user=null | ip=null | op=WRITE_CHUNK {blockData=conID: 2 locID: 102734075112194621 bcsId: 0} | ret=SUCCESS |  
2019-09-04 11:46:21,745 | INFO  | DNAudit | user=null | ip=null | op=PUT_BLOCK {blockData=[blockId=conID: 2 locID: 102734075112194621 bcsId: 0,size=2097152]} | ret=SUCCESS |  
2019-09-04 11:46:21,749 | INFO  | DNAudit | user=null | ip=null | op=WRITE_CHUNK {blockData=conID: 2 locID: 102734075112194621 bcsId: 3399} | ret=SUCCESS |  
2019-09-04 11:46:21,752 | INFO  | DNAudit | user=null | ip=null | op=WRITE_CHUNK {blockData=conID: 2 locID: 102734075112194621 bcsId: 3399} | ret=SUCCESS |  
2019-09-04 11:46:21,752 | INFO  | DNAudit | user=null | ip=null | op=WRITE_CHUNK {blockData=conID: 2 locID: 102734075112194621 bcsId: 3399} | ret=SUCCESS |  
2019-09-04 11:46:21,812 | INFO  | DNAudit | user=null | ip=null | op=WRITE_CHUNK {blockData=conID: 2 locID: 102734075112194621 bcsId: 3399} | ret=SUCCESS |  
2019-09-04 11:46:21,813 | INFO  | DNAudit | user=null | ip=null | op=PUT_BLOCK {blockData=[blockId=conID: 2 locID: 102734075112194621 bcsId: 0,size=3145728]} | ret=SUCCESS |  
2019-09-04 11:46:21,813 [grpc-default-executor-1] INFO  client.GrpcClientProtocolClient (GrpcClientProtocolClient.java:onNext(255)) - client-D5CE890D7D9E->efcb8ff8-f060-4d95-9215-d0f5eb4af037: receive RaftClientReply:client-D5CE890D7D9E->efcb8ff8-f060-4d95-9215-d0f5eb4af037@group-0959F8DF43ED, cid=2299, SUCCESS, logIndex=3404, commits[efcb8ff8-f060-4d95-9215-d0f5eb4af037:c3404, 6fae8b02-e804-4c0e-b729-a97b7404b7f6:c3403, 4c3e8a66-6975-4917-8225-d3efe707aaff:c3403]
2019-09-04 11:46:21,814 [grpc-default-executor-1] INFO  client.GrpcClientProtocolClient (GrpcClientProtocolClient.java:onNext(255)) - client-D5CE890D7D9E->efcb8ff8-f060-4d95-9215-d0f5eb4af037: receive RaftClientReply:client-D5CE890D7D9E->efcb8ff8-f060-4d95-9215-d0f5eb4af037@group-0959F8DF43ED, cid=2300, SUCCESS, logIndex=3405, commits[efcb8ff8-f060-4d95-9215-d0f5eb4af037:c3405, 6fae8b02-e804-4c0e-b729-a97b7404b7f6:c3403, 4c3e8a66-6975-4917-8225-d3efe707aaff:c3403]
2019-09-04 11:46:21,822 | INFO  | DNAudit | user=null | ip=null | op=WRITE_CHUNK {blockData=conID: 2 locID: 102734075112194621 bcsId: 3405} | ret=SUCCESS |  
2019-09-04 11:46:21,824 | INFO  | DNAudit | user=null | ip=null | op=WRITE_CHUNK {blockData=conID: 2 locID: 102734075112194621 bcsId: 3405} | ret=SUCCESS |  
2019-09-04 11:46:21,825 | INFO  | DNAudit | user=null | ip=null | op=WRITE_CHUNK {blockData=conID: 2 locID: 102734075112194621 bcsId: 3405} | ret=SUCCESS |  
2019-09-04 11:46:21,831 | INFO  | DNAudit | user=null | ip=null | op=WRITE_CHUNK {blockData=conID: 2 locID: 102734075112194621 bcsId: 3399} | ret=SUCCESS |  
2019-09-04 11:46:21,831 | INFO  | DNAudit | user=null | ip=null | op=WRITE_CHUNK {blockData=conID: 2 locID: 102734075112194621 bcsId: 3399} | ret=SUCCESS |  
2019-09-04 11:46:21,832 | INFO  | DNAudit | user=null | ip=null | op=PUT_BLOCK {blockData=[blockId=conID: 2 locID: 102734075112194621 bcsId: 0,size=3145728]} | ret=SUCCESS |  
2019-09-04 11:46:21,832 | INFO  | DNAudit | user=null | ip=null | op=WRITE_CHUNK {blockData=conID: 2 locID: 102734075112194621 bcsId: 3405} | ret=SUCCESS |  
2019-09-04 11:46:21,833 | INFO  | DNAudit | user=null | ip=null | op=PUT_BLOCK {blockData=[blockId=conID: 2 locID: 102734075112194621 bcsId: 0,size=3145728]} | ret=SUCCESS |  
2019-09-04 11:46:21,833 | INFO  | DNAudit | user=null | ip=null | op=PUT_BLOCK {blockData=[blockId=conID: 2 locID: 102734075112194621 bcsId: 0,size=4194304]} | ret=SUCCESS |  
2019-09-04 11:46:21,833 [grpc-default-executor-1] INFO  client.GrpcClientProtocolClient (GrpcClientProtocolClient.java:onNext(255)) - client-D5CE890D7D9E->efcb8ff8-f060-4d95-9215-d0f5eb4af037: receive RaftClientReply:client-D5CE890D7D9E->efcb8ff8-f060-4d95-9215-d0f5eb4af037@group-0959F8DF43ED, cid=2301, SUCCESS, logIndex=3408, commits[efcb8ff8-f060-4d95-9215-d0f5eb4af037:c3409, 6fae8b02-e804-4c0e-b729-a97b7404b7f6:c3404, 4c3e8a66-6975-4917-8225-d3efe707aaff:c3405]
2019-09-04 11:46:21,833 [grpc-default-executor-1] INFO  client.GrpcClientProtocolClient (GrpcClientProtocolClient.java:onNext(255)) - client-D5CE890D7D9E->efcb8ff8-f060-4d95-9215-d0f5eb4af037: receive RaftClientReply:client-D5CE890D7D9E->efcb8ff8-f060-4d95-9215-d0f5eb4af037@group-0959F8DF43ED, cid=2302, SUCCESS, logIndex=3409, commits[efcb8ff8-f060-4d95-9215-d0f5eb4af037:c3409, 6fae8b02-e804-4c0e-b729-a97b7404b7f6:c3405, 4c3e8a66-6975-4917-8225-d3efe707aaff:c3405]
2019-09-04 11:46:21,857 | INFO  | DNAudit | user=null | ip=null | op=WRITE_CHUNK {blockData=conID: 2 locID: 102734075112194621 bcsId: 3405} | ret=SUCCESS |  
2019-09-04 11:46:21,857 | INFO  | DNAudit | user=null | ip=null | op=WRITE_CHUNK {blockData=conID: 2 locID: 102734075112194621 bcsId: 3405} | ret=SUCCESS |  
2019-09-04 11:46:21,858 | INFO  | DNAudit | user=null | ip=null | op=PUT_BLOCK {blockData=[blockId=conID: 2 locID: 102734075112194621 bcsId: 0,size=4194304]} | ret=SUCCESS |  
2019-09-04 11:46:21,858 | INFO  | DNAudit | user=null | ip=null | op=PUT_BLOCK {blockData=[blockId=conID: 2 locID: 102734075112194621 bcsId: 0,size=4194304]} | ret=SUCCESS |  
2019-09-04 11:46:21,858 [grpc-default-executor-1] INFO  client.GrpcClientProtocolClient (GrpcClientProtocolClient.java:onNext(255)) - client-D5CE890D7D9E->efcb8ff8-f060-4d95-9215-d0f5eb4af037: receive RaftClientReply:client-D5CE890D7D9E->efcb8ff8-f060-4d95-9215-d0f5eb4af037@group-0959F8DF43ED, cid=2303, SUCCESS, logIndex=0, commits[efcb8ff8-f060-4d95-9215-d0f5eb4af037:c3410, 6fae8b02-e804-4c0e-b729-a97b7404b7f6:c3409, 4c3e8a66-6975-4917-8225-d3efe707aaff:c3409]
2019-09-04 11:46:21,864 | INFO  | SCMAudit | user=jenkins1000 | ip=192.168.36.67 | op=ALLOCATE_BLOCK {owner=8ab292a2-aaa7-4ad8-863a-d33994811155, size=4194304, type=RATIS, factor=THREE} | ret=SUCCESS |  
2019-09-04 11:46:21,868 | INFO  | OMAudit | user=jenkins1000 | ip=127.0.0.1 | op=ALLOCATE_BLOCK {volume=vol-0-58699, bucket=bucket-0-57464, key=key-0-37266, dataSize=0, replicationType=null, replicationFactor=null, keyLocationInfo=null, clientID=102734073355960722} | ret=SUCCESS |  
2019-09-04 11:46:21,875 | INFO  | DNAudit | user=null | ip=null | op=WRITE_CHUNK {blockData=conID: 3 locID: 102734075125039678 bcsId: 0} | ret=SUCCESS |  
2019-09-04 11:46:21,881 | INFO  | DNAudit | user=null | ip=null | op=WRITE_CHUNK {blockData=conID: 3 locID: 102734075125039678 bcsId: 0} | ret=SUCCESS |  
2019-09-04 11:46:21,881 | INFO  | DNAudit | user=null | ip=null | op=WRITE_CHUNK {blockData=conID: 3 locID: 102734075125039678 bcsId: 0} | ret=SUCCESS |  
2019-09-04 11:46:21,881 | INFO  | DNAudit | user=null | ip=null | op=WRITE_CHUNK {blockData=conID: 3 locID: 102734075125039678 bcsId: 0} | ret=SUCCESS |  
2019-09-04 11:46:21,883 | INFO  | DNAudit | user=null | ip=null | op=WRITE_CHUNK {blockData=conID: 3 locID: 102734075125039678 bcsId: 0} | ret=SUCCESS |  
2019-09-04 11:46:21,885 | INFO  | DNAudit | user=null | ip=null | op=WRITE_CHUNK {blockData=conID: 3 locID: 102734075125039678 bcsId: 0} | ret=SUCCESS |  
2019-09-04 11:46:21,910 | INFO  | DNAudit | user=null | ip=null | op=WRITE_CHUNK {blockData=conID: 3 locID: 102734075125039678 bcsId: 0} | ret=SUCCESS |  
2019-09-04 11:46:21,910 | INFO  | DNAudit | user=null | ip=null | op=PUT_BLOCK {blockData=[blockId=conID: 3 locID: 102734075125039678 bcsId: 0,size=1048576]} | ret=SUCCESS |  
2019-09-04 11:46:21,910 [grpc-default-executor-0] INFO  client.GrpcClientProtocolClient (GrpcClientProtocolClient.java:onNext(255)) - client-D5CE890D7D9E->efcb8ff8-f060-4d95-9215-d0f5eb4af037: receive RaftClientReply:client-D5CE890D7D9E->efcb8ff8-f060-4d95-9215-d0f5eb4af037@group-0959F8DF43ED, cid=2304, SUCCESS, logIndex=3412, commits[efcb8ff8-f060-4d95-9215-d0f5eb4af037:c3415, 6fae8b02-e804-4c0e-b729-a97b7404b7f6:c3411, 4c3e8a66-6975-4917-8225-d3efe707aaff:c3411]
2019-09-04 11:46:21,910 | INFO  | DNAudit | user=null | ip=null | op=WRITE_CHUNK {blockData=conID: 3 locID: 102734075125039678 bcsId: 0} | ret=SUCCESS |  
2019-09-04 11:46:21,911 | INFO  | DNAudit | user=null | ip=null | op=PUT_BLOCK {blockData=[blockId=conID: 3 locID: 102734075125039678 bcsId: 0,size=2097152]} | ret=SUCCESS |  
2019-09-04 11:46:21,911 [grpc-default-executor-0] INFO  client.GrpcClientProtocolClient (GrpcClientProtocolClient.java:onNext(255)) - client-D5CE890D7D9E->efcb8ff8-f060-4d95-9215-d0f5eb4af037: receive RaftClientReply:client-D5CE890D7D9E->efcb8ff8-f060-4d95-9215-d0f5eb4af037@group-0959F8DF43ED, cid=2305, SUCCESS, logIndex=3413, commits[efcb8ff8-f060-4d95-9215-d0f5eb4af037:c3415, 6fae8b02-e804-4c0e-b729-a97b7404b7f6:c3411, 4c3e8a66-6975-4917-8225-d3efe707aaff:c3411]
2019-09-04 11:46:21,911 [grpc-default-executor-0] INFO  client.GrpcClientProtocolClient (GrpcClientProtocolClient.java:onNext(255)) - client-D5CE890D7D9E->efcb8ff8-f060-4d95-9215-d0f5eb4af037: receive RaftClientReply:client-D5CE890D7D9E->efcb8ff8-f060-4d95-9215-d0f5eb4af037@group-0959F8DF43ED, cid=2306, SUCCESS, logIndex=3414, commits[efcb8ff8-f060-4d95-9215-d0f5eb4af037:c3415, 6fae8b02-e804-4c0e-b729-a97b7404b7f6:c3411, 4c3e8a66-6975-4917-8225-d3efe707aaff:c3411]
2019-09-04 11:46:21,911 [grpc-default-executor-0] INFO  client.GrpcClientProtocolClient (GrpcClientProtocolClient.java:onNext(255)) - client-D5CE890D7D9E->efcb8ff8-f060-4d95-9215-d0f5eb4af037: receive RaftClientReply:client-D5CE890D7D9E->efcb8ff8-f060-4d95-9215-d0f5eb4af037@group-0959F8DF43ED, cid=2307, SUCCESS, logIndex=3415, commits[efcb8ff8-f060-4d95-9215-d0f5eb4af037:c3415, 6fae8b02-e804-4c0e-b729-a97b7404b7f6:c3411, 4c3e8a66-6975-4917-8225-d3efe707aaff:c3411]
2019-09-04 11:46:21,932 | INFO  | DNAudit | user=null | ip=null | op=WRITE_CHUNK {blockData=conID: 3 locID: 102734075125039678 bcsId: 0} | ret=SUCCESS |  
2019-09-04 11:46:21,933 | INFO  | DNAudit | user=null | ip=null | op=PUT_BLOCK {blockData=[blockId=conID: 3 locID: 102734075125039678 bcsId: 0,size=1048576]} | ret=SUCCESS |  
2019-09-04 11:46:21,957 | INFO  | DNAudit | user=null | ip=null | op=WRITE_CHUNK {blockData=conID: 3 locID: 102734075125039678 bcsId: 0} | ret=SUCCESS |  
2019-09-04 11:46:21,957 | INFO  | DNAudit | user=null | ip=null | op=PUT_BLOCK {blockData=[blockId=conID: 3 locID: 102734075125039678 bcsId: 0,size=1048576]} | ret=SUCCESS |  
2019-09-04 11:46:21,958 | INFO  | DNAudit | user=null | ip=null | op=WRITE_CHUNK {blockData=conID: 3 locID: 102734075125039678 bcsId: 0} | ret=SUCCESS |  
2019-09-04 11:46:21,958 | INFO  | DNAudit | user=null | ip=null | op=WRITE_CHUNK {blockData=conID: 3 locID: 102734075125039678 bcsId: 0} | ret=SUCCESS |  
2019-09-04 11:46:21,958 | INFO  | DNAudit | user=null | ip=null | op=PUT_BLOCK {blockData=[blockId=conID: 3 locID: 102734075125039678 bcsId: 0,size=2097152]} | ret=SUCCESS |  
2019-09-04 11:46:21,958 | INFO  | DNAudit | user=null | ip=null | op=PUT_BLOCK {blockData=[blockId=conID: 3 locID: 102734075125039678 bcsId: 0,size=2097152]} | ret=SUCCESS |  
2019-09-04 11:46:21,958 [grpc-default-executor-5] INFO  client.GrpcClientProtocolClient (GrpcClientProtocolClient.java:onNext(255)) - client-D5CE890D7D9E->efcb8ff8-f060-4d95-9215-d0f5eb4af037: receive RaftClientReply:client-D5CE890D7D9E->efcb8ff8-f060-4d95-9215-d0f5eb4af037@group-0959F8DF43ED, cid=2308, SUCCESS, logIndex=0, commits[efcb8ff8-f060-4d95-9215-d0f5eb4af037:c3416, 6fae8b02-e804-4c0e-b729-a97b7404b7f6:c3413, 4c3e8a66-6975-4917-8225-d3efe707aaff:c3413]
 0.00% |█                                                                                                    |  0/1 Time: 0:00:272019-09-04 11:46:21,968 | INFO  | DNAudit | user=null | ip=null | op=WRITE_CHUNK {blockData=conID: 3 locID: 102734075125039678 bcsId: 3415} | ret=SUCCESS |  
2019-09-04 11:46:21,970 | INFO  | DNAudit | user=null | ip=null | op=WRITE_CHUNK {blockData=conID: 3 locID: 102734075125039678 bcsId: 3415} | ret=SUCCESS |  
2019-09-04 11:46:21,971 | INFO  | DNAudit | user=null | ip=null | op=WRITE_CHUNK {blockData=conID: 3 locID: 102734075125039678 bcsId: 3415} | ret=SUCCESS |  
2019-09-04 11:46:21,975 | INFO  | DNAudit | user=null | ip=null | op=WRITE_CHUNK {blockData=conID: 3 locID: 102734075125039678 bcsId: 3415} | ret=SUCCESS |  
2019-09-04 11:46:21,975 | INFO  | DNAudit | user=null | ip=null | op=PUT_BLOCK {blockData=[blockId=conID: 3 locID: 102734075125039678 bcsId: 0,size=3145728]} | ret=SUCCESS |  
2019-09-04 11:46:21,976 [grpc-default-executor-0] INFO  client.GrpcClientProtocolClient (GrpcClientProtocolClient.java:onNext(255)) - client-D5CE890D7D9E->efcb8ff8-f060-4d95-9215-d0f5eb4af037: receive RaftClientReply:client-D5CE890D7D9E->efcb8ff8-f060-4d95-9215-d0f5eb4af037@group-0959F8DF43ED, cid=2309, SUCCESS, logIndex=3420, commits[efcb8ff8-f060-4d95-9215-d0f5eb4af037:c3421, 6fae8b02-e804-4c0e-b729-a97b7404b7f6:c3419, 4c3e8a66-6975-4917-8225-d3efe707aaff:c3419]
2019-09-04 11:46:21,976 [grpc-default-executor-0] INFO  client.GrpcClientProtocolClient (GrpcClientProtocolClient.java:onNext(255)) - client-D5CE890D7D9E->efcb8ff8-f060-4d95-9215-d0f5eb4af037: receive RaftClientReply:client-D5CE890D7D9E->efcb8ff8-f060-4d95-9215-d0f5eb4af037@group-0959F8DF43ED, cid=2310, SUCCESS, logIndex=3421, commits[efcb8ff8-f060-4d95-9215-d0f5eb4af037:c3421, 6fae8b02-e804-4c0e-b729-a97b7404b7f6:c3419, 4c3e8a66-6975-4917-8225-d3efe707aaff:c3419]
2019-09-04 11:46:21,984 | INFO  | DNAudit | user=null | ip=null | op=WRITE_CHUNK {blockData=conID: 3 locID: 102734075125039678 bcsId: 3421} | ret=SUCCESS |  
2019-09-04 11:46:21,987 | INFO  | DNAudit | user=null | ip=null | op=WRITE_CHUNK {blockData=conID: 3 locID: 102734075125039678 bcsId: 3421} | ret=SUCCESS |  
2019-09-04 11:46:21,987 | INFO  | DNAudit | user=null | ip=null | op=WRITE_CHUNK {blockData=conID: 3 locID: 102734075125039678 bcsId: 3421} | ret=SUCCESS |  
2019-09-04 11:46:22,009 | INFO  | DNAudit | user=null | ip=null | op=WRITE_CHUNK {blockData=conID: 3 locID: 102734075125039678 bcsId: 3415} | ret=SUCCESS |  
2019-09-04 11:46:22,009 | INFO  | DNAudit | user=null | ip=null | op=WRITE_CHUNK {blockData=conID: 3 locID: 102734075125039678 bcsId: 3415} | ret=SUCCESS |  
2019-09-04 11:46:22,009 | INFO  | DNAudit | user=null | ip=null | op=PUT_BLOCK {blockData=[blockId=conID: 3 locID: 102734075125039678 bcsId: 0,size=3145728]} | ret=SUCCESS |  
2019-09-04 11:46:22,010 | INFO  | DNAudit | user=null | ip=null | op=WRITE_CHUNK {blockData=conID: 3 locID: 102734075125039678 bcsId: 3421} | ret=SUCCESS |  
2019-09-04 11:46:22,010 | INFO  | DNAudit | user=null | ip=null | op=PUT_BLOCK {blockData=[blockId=conID: 3 locID: 102734075125039678 bcsId: 0,size=3145728]} | ret=SUCCESS |  
2019-09-04 11:46:22,010 | INFO  | DNAudit | user=null | ip=null | op=PUT_BLOCK {blockData=[blockId=conID: 3 locID: 102734075125039678 bcsId: 0,size=4194304]} | ret=SUCCESS |  
2019-09-04 11:46:22,010 [grpc-default-executor-5] INFO  client.GrpcClientProtocolClient (GrpcClientProtocolClient.java:onNext(255)) - client-D5CE890D7D9E->efcb8ff8-f060-4d95-9215-d0f5eb4af037: receive RaftClientReply:client-D5CE890D7D9E->efcb8ff8-f060-4d95-9215-d0f5eb4af037@group-0959F8DF43ED, cid=2311, SUCCESS, logIndex=3424, commits[efcb8ff8-f060-4d95-9215-d0f5eb4af037:c3425, 6fae8b02-e804-4c0e-b729-a97b7404b7f6:c3420, 4c3e8a66-6975-4917-8225-d3efe707aaff:c3421]
2019-09-04 11:46:22,011 [grpc-default-executor-5] INFO  client.GrpcClientProtocolClient (GrpcClientProtocolClient.java:onNext(255)) - client-D5CE890D7D9E->efcb8ff8-f060-4d95-9215-d0f5eb4af037: receive RaftClientReply:client-D5CE890D7D9E->efcb8ff8-f060-4d95-9215-d0f5eb4af037@group-0959F8DF43ED, cid=2312, SUCCESS, logIndex=3425, commits[efcb8ff8-f060-4d95-9215-d0f5eb4af037:c3425, 6fae8b02-e804-4c0e-b729-a97b7404b7f6:c3421, 4c3e8a66-6975-4917-8225-d3efe707aaff:c3421]
2019-09-04 11:46:22,032 | INFO  | DNAudit | user=null | ip=null | op=WRITE_CHUNK {blockData=conID: 3 locID: 102734075125039678 bcsId: 3421} | ret=SUCCESS |  
2019-09-04 11:46:22,032 | INFO  | DNAudit | user=null | ip=null | op=WRITE_CHUNK {blockData=conID: 3 locID: 102734075125039678 bcsId: 3421} | ret=SUCCESS |  
2019-09-04 11:46:22,032 | INFO  | DNAudit | user=null | ip=null | op=PUT_BLOCK {blockData=[blockId=conID: 3 locID: 102734075125039678 bcsId: 0,size=4194304]} | ret=SUCCESS |  
2019-09-04 11:46:22,033 | INFO  | DNAudit | user=null | ip=null | op=PUT_BLOCK {blockData=[blockId=conID: 3 locID: 102734075125039678 bcsId: 0,size=4194304]} | ret=SUCCESS |  
2019-09-04 11:46:22,034 [grpc-default-executor-5] INFO  client.GrpcClientProtocolClient (GrpcClientProtocolClient.java:onNext(255)) - client-D5CE890D7D9E->efcb8ff8-f060-4d95-9215-d0f5eb4af037: receive RaftClientReply:client-D5CE890D7D9E->efcb8ff8-f060-4d95-9215-d0f5eb4af037@group-0959F8DF43ED, cid=2313, SUCCESS, logIndex=0, commits[efcb8ff8-f060-4d95-9215-d0f5eb4af037:c3427, 6fae8b02-e804-4c0e-b729-a97b7404b7f6:c3425, 4c3e8a66-6975-4917-8225-d3efe707aaff:c3425]
2019-09-04 11:46:22,040 | INFO  | SCMAudit | user=jenkins1000 | ip=192.168.36.67 | op=ALLOCATE_BLOCK {owner=8ab292a2-aaa7-4ad8-863a-d33994811155, size=4194304, type=RATIS, factor=THREE} | ret=SUCCESS |  
2019-09-04 11:46:22,045 | INFO  | OMAudit | user=jenkins1000 | ip=127.0.0.1 | op=ALLOCATE_BLOCK {volume=vol-0-58699, bucket=bucket-0-57464, key=key-0-37266, dataSize=0, replicationType=null, replicationFactor=null, keyLocationInfo=null, clientID=102734073355960722} | ret=SUCCESS |  
2019-09-04 11:46:22,053 | INFO  | DNAudit | user=null | ip=null | op=WRITE_CHUNK {blockData=conID: 1 locID: 102734075136574015 bcsId: 0} | ret=SUCCESS |  
2019-09-04 11:46:22,056 | INFO  | DNAudit | user=null | ip=null | op=WRITE_CHUNK {blockData=conID: 1 locID: 102734075136574015 bcsId: 0} | ret=SUCCESS |  
2019-09-04 11:46:22,056 | INFO  | DNAudit | user=null | ip=null | op=WRITE_CHUNK {blockData=conID: 1 locID: 102734075136574015 bcsId: 0} | ret=SUCCESS |  
2019-09-04 11:46:22,057 | INFO  | DNAudit | user=null | ip=null | op=WRITE_CHUNK {blockData=conID: 1 locID: 102734075136574015 bcsId: 0} | ret=SUCCESS |  
2019-09-04 11:46:22,059 | INFO  | DNAudit | user=null | ip=null | op=WRITE_CHUNK {blockData=conID: 1 locID: 102734075136574015 bcsId: 0} | ret=SUCCESS |  
2019-09-04 11:46:22,059 | INFO  | DNAudit | user=null | ip=null | op=WRITE_CHUNK {blockData=conID: 1 locID: 102734075136574015 bcsId: 0} | ret=SUCCESS |  
2019-09-04 11:46:22,090 | INFO  | DNAudit | user=null | ip=null | op=WRITE_CHUNK {blockData=conID: 1 locID: 102734075136574015 bcsId: 0} | ret=SUCCESS |  
2019-09-04 11:46:22,091 | INFO  | DNAudit | user=null | ip=null | op=PUT_BLOCK {blockData=[blockId=conID: 1 locID: 102734075136574015 bcsId: 0,size=1048576]} | ret=SUCCESS |  
2019-09-04 11:46:22,091 [grpc-default-executor-0] INFO  client.GrpcClientProtocolClient (GrpcClientProtocolClient.java:onNext(255)) - client-D5CE890D7D9E->efcb8ff8-f060-4d95-9215-d0f5eb4af037: receive RaftClientReply:client-D5CE890D7D9E->efcb8ff8-f060-4d95-9215-d0f5eb4af037@group-0959F8DF43ED, cid=2314, SUCCESS, logIndex=3428, commits[efcb8ff8-f060-4d95-9215-d0f5eb4af037:c3429, 6fae8b02-e804-4c0e-b729-a97b7404b7f6:c3427, 4c3e8a66-6975-4917-8225-d3efe707aaff:c3427]
2019-09-04 11:46:22,091 [grpc-default-executor-0] INFO  client.GrpcClientProtocolClient (GrpcClientProtocolClient.java:onNext(255)) - client-D5CE890D7D9E->efcb8ff8-f060-4d95-9215-d0f5eb4af037: receive RaftClientReply:client-D5CE890D7D9E->efcb8ff8-f060-4d95-9215-d0f5eb4af037@group-0959F8DF43ED, cid=2315, SUCCESS, logIndex=3429, commits[efcb8ff8-f060-4d95-9215-d0f5eb4af037:c3429, 6fae8b02-e804-4c0e-b729-a97b7404b7f6:c3427, 4c3e8a66-6975-4917-8225-d3efe707aaff:c3427]
2019-09-04 11:46:22,107 | INFO  | DNAudit | user=null | ip=null | op=WRITE_CHUNK {blockData=conID: 1 locID: 102734075136574015 bcsId: 0} | ret=SUCCESS |  
2019-09-04 11:46:22,108 | INFO  | DNAudit | user=null | ip=null | op=PUT_BLOCK {blockData=[blockId=conID: 1 locID: 102734075136574015 bcsId: 0,size=2097152]} | ret=SUCCESS |  
2019-09-04 11:46:22,108 [grpc-default-executor-5] INFO  client.GrpcClientProtocolClient (GrpcClientProtocolClient.java:onNext(255)) - client-D5CE890D7D9E->efcb8ff8-f060-4d95-9215-d0f5eb4af037: receive RaftClientReply:client-D5CE890D7D9E->efcb8ff8-f060-4d95-9215-d0f5eb4af037@group-0959F8DF43ED, cid=2316, SUCCESS, logIndex=3430, commits[efcb8ff8-f060-4d95-9215-d0f5eb4af037:c3431, 6fae8b02-e804-4c0e-b729-a97b7404b7f6:c3427, 4c3e8a66-6975-4917-8225-d3efe707aaff:c3427]
2019-09-04 11:46:22,109 [grpc-default-executor-5] INFO  client.GrpcClientProtocolClient (GrpcClientProtocolClient.java:onNext(255)) - client-D5CE890D7D9E->efcb8ff8-f060-4d95-9215-d0f5eb4af037: receive RaftClientReply:client-D5CE890D7D9E->efcb8ff8-f060-4d95-9215-d0f5eb4af037@group-0959F8DF43ED, cid=2317, SUCCESS, logIndex=3431, commits[efcb8ff8-f060-4d95-9215-d0f5eb4af037:c3431, 6fae8b02-e804-4c0e-b729-a97b7404b7f6:c3427, 4c3e8a66-6975-4917-8225-d3efe707aaff:c3427]
2019-09-04 11:46:22,124 | INFO  | DNAudit | user=null | ip=null | op=WRITE_CHUNK {blockData=conID: 1 locID: 102734075136574015 bcsId: 0} | ret=SUCCESS |  
2019-09-04 11:46:22,124 | INFO  | DNAudit | user=null | ip=null | op=PUT_BLOCK {blockData=[blockId=conID: 1 locID: 102734075136574015 bcsId: 0,size=1048576]} | ret=SUCCESS |  
2019-09-04 11:46:22,124 | INFO  | DNAudit | user=null | ip=null | op=WRITE_CHUNK {blockData=conID: 1 locID: 102734075136574015 bcsId: 0} | ret=SUCCESS |  
2019-09-04 11:46:22,125 | INFO  | DNAudit | user=null | ip=null | op=PUT_BLOCK {blockData=[blockId=conID: 1 locID: 102734075136574015 bcsId: 0,size=1048576]} | ret=SUCCESS |  
2019-09-04 11:46:22,125 | INFO  | DNAudit | user=null | ip=null | op=WRITE_CHUNK {blockData=conID: 1 locID: 102734075136574015 bcsId: 0} | ret=SUCCESS |  
2019-09-04 11:46:22,125 | INFO  | DNAudit | user=null | ip=null | op=PUT_BLOCK {blockData=[blockId=conID: 1 locID: 102734075136574015 bcsId: 0,size=2097152]} | ret=SUCCESS |  
2019-09-04 11:46:22,126 [grpc-default-executor-0] INFO  client.GrpcClientProtocolClient (GrpcClientProtocolClient.java:onNext(255)) - client-D5CE890D7D9E->efcb8ff8-f060-4d95-9215-d0f5eb4af037: receive RaftClientReply:client-D5CE890D7D9E->efcb8ff8-f060-4d95-9215-d0f5eb4af037@group-0959F8DF43ED, cid=2318, SUCCESS, logIndex=0, commits[efcb8ff8-f060-4d95-9215-d0f5eb4af037:c3433, 6fae8b02-e804-4c0e-b729-a97b7404b7f6:c3429, 4c3e8a66-6975-4917-8225-d3efe707aaff:c3429]
2019-09-04 11:46:22,126 | INFO  | DNAudit | user=null | ip=null | op=WRITE_CHUNK {blockData=conID: 1 locID: 102734075136574015 bcsId: 0} | ret=SUCCESS |  
2019-09-04 11:46:22,126 | INFO  | DNAudit | user=null | ip=null | op=PUT_BLOCK {blockData=[blockId=conID: 1 locID: 102734075136574015 bcsId: 0,size=2097152]} | ret=SUCCESS |  
2019-09-04 11:46:22,135 | INFO  | DNAudit | user=null | ip=null | op=WRITE_CHUNK {blockData=conID: 1 locID: 102734075136574015 bcsId: 3431} | ret=SUCCESS |  
2019-09-04 11:46:22,138 | INFO  | DNAudit | user=null | ip=null | op=WRITE_CHUNK {blockData=conID: 1 locID: 102734075136574015 bcsId: 3431} | ret=SUCCESS |  
2019-09-04 11:46:22,138 | INFO  | DNAudit | user=null | ip=null | op=WRITE_CHUNK {blockData=conID: 1 locID: 102734075136574015 bcsId: 3431} | ret=SUCCESS |  
2019-09-04 11:46:22,150 | INFO  | DNAudit | user=null | ip=null | op=WRITE_CHUNK {blockData=conID: 1 locID: 102734075136574015 bcsId: 3431} | ret=SUCCESS |  
2019-09-04 11:46:22,151 | INFO  | DNAudit | user=null | ip=null | op=PUT_BLOCK {blockData=[blockId=conID: 1 locID: 102734075136574015 bcsId: 0,size=3145728]} | ret=SUCCESS |  
2019-09-04 11:46:22,151 [grpc-default-executor-6] INFO  client.GrpcClientProtocolClient (GrpcClientProtocolClient.java:onNext(255)) - client-D5CE890D7D9E->efcb8ff8-f060-4d95-9215-d0f5eb4af037: receive RaftClientReply:client-D5CE890D7D9E->efcb8ff8-f060-4d95-9215-d0f5eb4af037@group-0959F8DF43ED, cid=2319, SUCCESS, logIndex=3436, commits[efcb8ff8-f060-4d95-9215-d0f5eb4af037:c3437, 6fae8b02-e804-4c0e-b729-a97b7404b7f6:c3431, 4c3e8a66-6975-4917-8225-d3efe707aaff:c3435]
2019-09-04 11:46:22,151 [grpc-default-executor-6] INFO  client.GrpcClientProtocolClient (GrpcClientProtocolClient.java:onNext(255)) - client-D5CE890D7D9E->efcb8ff8-f060-4d95-9215-d0f5eb4af037: receive RaftClientReply:client-D5CE890D7D9E->efcb8ff8-f060-4d95-9215-d0f5eb4af037@group-0959F8DF43ED, cid=2320, SUCCESS, logIndex=3437, commits[efcb8ff8-f060-4d95-9215-d0f5eb4af037:c3437, 6fae8b02-e804-4c0e-b729-a97b7404b7f6:c3435, 4c3e8a66-6975-4917-8225-d3efe707aaff:c3435]
2019-09-04 11:46:22,391 | INFO  | DNAudit | user=null | ip=null | op=WRITE_CHUNK {blockData=conID: 1 locID: 102734075136574015 bcsId: 3437} | ret=SUCCESS |  
2019-09-04 11:46:22,392 | INFO  | DNAudit | user=null | ip=null | op=WRITE_CHUNK {blockData=conID: 1 locID: 102734075136574015 bcsId: 3431} | ret=SUCCESS |  
2019-09-04 11:46:22,392 | INFO  | DNAudit | user=null | ip=null | op=WRITE_CHUNK {blockData=conID: 1 locID: 102734075136574015 bcsId: 3431} | ret=SUCCESS |  
2019-09-04 11:46:22,392 | INFO  | DNAudit | user=null | ip=null | op=PUT_BLOCK {blockData=[blockId=conID: 1 locID: 102734075136574015 bcsId: 0,size=3145728]} | ret=SUCCESS |  
2019-09-04 11:46:22,392 | INFO  | DNAudit | user=null | ip=null | op=PUT_BLOCK {blockData=[blockId=conID: 1 locID: 102734075136574015 bcsId: 0,size=3145728]} | ret=SUCCESS |  
2019-09-04 11:46:22,393 | INFO  | DNAudit | user=null | ip=null | op=WRITE_CHUNK {blockData=conID: 1 locID: 102734075136574015 bcsId: 3437} | ret=SUCCESS |  
2019-09-04 11:46:22,393 | INFO  | DNAudit | user=null | ip=null | op=WRITE_CHUNK {blockData=conID: 1 locID: 102734075136574015 bcsId: 3437} | ret=SUCCESS |  
2019-09-04 11:46:22,410 | INFO  | DNAudit | user=null | ip=null | op=WRITE_CHUNK {blockData=conID: 1 locID: 102734075136574015 bcsId: 3437} | ret=SUCCESS |  
2019-09-04 11:46:22,411 | INFO  | DNAudit | user=null | ip=null | op=PUT_BLOCK {blockData=[blockId=conID: 1 locID: 102734075136574015 bcsId: 0,size=4194304]} | ret=SUCCESS |  
2019-09-04 11:46:22,411 [grpc-default-executor-6] INFO  client.GrpcClientProtocolClient (GrpcClientProtocolClient.java:onNext(255)) - client-D5CE890D7D9E->efcb8ff8-f060-4d95-9215-d0f5eb4af037: receive RaftClientReply:client-D5CE890D7D9E->efcb8ff8-f060-4d95-9215-d0f5eb4af037@group-0959F8DF43ED, cid=2321, SUCCESS, logIndex=3440, commits[efcb8ff8-f060-4d95-9215-d0f5eb4af037:c3441, 6fae8b02-e804-4c0e-b729-a97b7404b7f6:c3437, 4c3e8a66-6975-4917-8225-d3efe707aaff:c3437]
2019-09-04 11:46:22,412 [grpc-default-executor-6] INFO  client.GrpcClientProtocolClient (GrpcClientProtocolClient.java:onNext(255)) - client-D5CE890D7D9E->efcb8ff8-f060-4d95-9215-d0f5eb4af037: receive RaftClientReply:client-D5CE890D7D9E->efcb8ff8-f060-4d95-9215-d0f5eb4af037@group-0959F8DF43ED, cid=2322, SUCCESS, logIndex=3441, commits[efcb8ff8-f060-4d95-9215-d0f5eb4af037:c3441, 6fae8b02-e804-4c0e-b729-a97b7404b7f6:c3437, 4c3e8a66-6975-4917-8225-d3efe707aaff:c3437]
2019-09-04 11:46:22,426 | INFO  | DNAudit | user=null | ip=null | op=WRITE_CHUNK {blockData=conID: 1 locID: 102734075136574015 bcsId: 3437} | ret=SUCCESS |  
2019-09-04 11:46:22,426 | INFO  | DNAudit | user=null | ip=null | op=PUT_BLOCK {blockData=[blockId=conID: 1 locID: 102734075136574015 bcsId: 0,size=4194304]} | ret=SUCCESS |  
2019-09-04 11:46:22,426 | INFO  | DNAudit | user=null | ip=null | op=WRITE_CHUNK {blockData=conID: 1 locID: 102734075136574015 bcsId: 3437} | ret=SUCCESS |  
2019-09-04 11:46:22,427 | INFO  | DNAudit | user=null | ip=null | op=PUT_BLOCK {blockData=[blockId=conID: 1 locID: 102734075136574015 bcsId: 0,size=4194304]} | ret=SUCCESS |  
2019-09-04 11:46:22,427 [grpc-default-executor-5] INFO  client.GrpcClientProtocolClient (GrpcClientProtocolClient.java:onNext(255)) - client-D5CE890D7D9E->efcb8ff8-f060-4d95-9215-d0f5eb4af037: receive RaftClientReply:client-D5CE890D7D9E->efcb8ff8-f060-4d95-9215-d0f5eb4af037@group-0959F8DF43ED, cid=2323, SUCCESS, logIndex=0, commits[efcb8ff8-f060-4d95-9215-d0f5eb4af037:c3442, 6fae8b02-e804-4c0e-b729-a97b7404b7f6:c3441, 4c3e8a66-6975-4917-8225-d3efe707aaff:c3441]
2019-09-04 11:46:22,436 | INFO  | SCMAudit | user=jenkins1000 | ip=192.168.36.67 | op=ALLOCATE_BLOCK {owner=8ab292a2-aaa7-4ad8-863a-d33994811155, size=4194304, type=RATIS, factor=THREE} | ret=SUCCESS |  
2019-09-04 11:46:22,442 | INFO  | OMAudit | user=jenkins1000 | ip=127.0.0.1 | op=ALLOCATE_BLOCK {volume=vol-0-58699, bucket=bucket-0-57464, key=key-0-37266, dataSize=0, replicationType=null, replicationFactor=null, keyLocationInfo=null, clientID=102734073355960722} | ret=SUCCESS |  
2019-09-04 11:46:22,453 | INFO  | DNAudit | user=null | ip=null | op=WRITE_CHUNK {blockData=conID: 2 locID: 102734075162526272 bcsId: 0} | ret=SUCCESS |  
2019-09-04 11:46:22,454 | INFO  | DNAudit | user=null | ip=null | op=WRITE_CHUNK {blockData=conID: 2 locID: 102734075162526272 bcsId: 0} | ret=SUCCESS |  
2019-09-04 11:46:22,455 | INFO  | DNAudit | user=null | ip=null | op=WRITE_CHUNK {blockData=conID: 2 locID: 102734075162526272 bcsId: 0} | ret=SUCCESS |  
2019-09-04 11:46:22,455 | INFO  | DNAudit | user=null | ip=null | op=WRITE_CHUNK {blockData=conID: 2 locID: 102734075162526272 bcsId: 0} | ret=SUCCESS |  
2019-09-04 11:46:22,458 | INFO  | DNAudit | user=null | ip=null | op=WRITE_CHUNK {blockData=conID: 2 locID: 102734075162526272 bcsId: 0} | ret=SUCCESS |  
2019-09-04 11:46:22,458 | INFO  | DNAudit | user=null | ip=null | op=WRITE_CHUNK {blockData=conID: 2 locID: 102734075162526272 bcsId: 0} | ret=SUCCESS |  
2019-09-04 11:46:22,473 | INFO  | DNAudit | user=null | ip=null | op=WRITE_CHUNK {blockData=conID: 2 locID: 102734075162526272 bcsId: 0} | ret=SUCCESS |  
2019-09-04 11:46:22,474 | INFO  | DNAudit | user=null | ip=null | op=PUT_BLOCK {blockData=[blockId=conID: 2 locID: 102734075162526272 bcsId: 0,size=1048576]} | ret=SUCCESS |  
2019-09-04 11:46:22,474 [grpc-default-executor-5] INFO  client.GrpcClientProtocolClient (GrpcClientProtocolClient.java:onNext(255)) - client-D5CE890D7D9E->efcb8ff8-f060-4d95-9215-d0f5eb4af037: receive RaftClientReply:client-D5CE890D7D9E->efcb8ff8-f060-4d95-9215-d0f5eb4af037@group-0959F8DF43ED, cid=2324, SUCCESS, logIndex=3444, commits[efcb8ff8-f060-4d95-9215-d0f5eb4af037:c3445, 6fae8b02-e804-4c0e-b729-a97b7404b7f6:c3441, 4c3e8a66-6975-4917-8225-d3efe707aaff:c3443]
2019-09-04 11:46:22,475 [grpc-default-executor-5] INFO  client.GrpcClientProtocolClient (GrpcClientProtocolClient.java:onNext(255)) - client-D5CE890D7D9E->efcb8ff8-f060-4d95-9215-d0f5eb4af037: receive RaftClientReply:client-D5CE890D7D9E->efcb8ff8-f060-4d95-9215-d0f5eb4af037@group-0959F8DF43ED, cid=2325, SUCCESS, logIndex=3445, commits[efcb8ff8-f060-4d95-9215-d0f5eb4af037:c3445, 6fae8b02-e804-4c0e-b729-a97b7404b7f6:c3443, 4c3e8a66-6975-4917-8225-d3efe707aaff:c3443]
2019-09-04 11:46:22,488 | INFO  | DNAudit | user=null | ip=null | op=WRITE_CHUNK {blockData=conID: 2 locID: 102734075162526272 bcsId: 0} | ret=SUCCESS |  
2019-09-04 11:46:22,488 | INFO  | DNAudit | user=null | ip=null | op=PUT_BLOCK {blockData=[blockId=conID: 2 locID: 102734075162526272 bcsId: 0,size=2097152]} | ret=SUCCESS |  
2019-09-04 11:46:22,488 [grpc-default-executor-1] INFO  client.GrpcClientProtocolClient (GrpcClientProtocolClient.java:onNext(255)) - client-D5CE890D7D9E->efcb8ff8-f060-4d95-9215-d0f5eb4af037: receive RaftClientReply:client-D5CE890D7D9E->efcb8ff8-f060-4d95-9215-d0f5eb4af037@group-0959F8DF43ED, cid=2326, SUCCESS, logIndex=3446, commits[efcb8ff8-f060-4d95-9215-d0f5eb4af037:c3447, 6fae8b02-e804-4c0e-b729-a97b7404b7f6:c3443, 4c3e8a66-6975-4917-8225-d3efe707aaff:c3443]
2019-09-04 11:46:22,489 [grpc-default-executor-1] INFO  client.GrpcClientProtocolClient (GrpcClientProtocolClient.java:onNext(255)) - client-D5CE890D7D9E->efcb8ff8-f060-4d95-9215-d0f5eb4af037: receive RaftClientReply:client-D5CE890D7D9E->efcb8ff8-f060-4d95-9215-d0f5eb4af037@group-0959F8DF43ED, cid=2327, SUCCESS, logIndex=3447, commits[efcb8ff8-f060-4d95-9215-d0f5eb4af037:c3447, 6fae8b02-e804-4c0e-b729-a97b7404b7f6:c3443, 4c3e8a66-6975-4917-8225-d3efe707aaff:c3443]
2019-09-04 11:46:22,513 | INFO  | DNAudit | user=null | ip=null | op=WRITE_CHUNK {blockData=conID: 2 locID: 102734075162526272 bcsId: 0} | ret=SUCCESS |  
2019-09-04 11:46:22,513 | INFO  | DNAudit | user=null | ip=null | op=PUT_BLOCK {blockData=[blockId=conID: 2 locID: 102734075162526272 bcsId: 0,size=1048576]} | ret=SUCCESS |  
2019-09-04 11:46:22,514 | INFO  | DNAudit | user=null | ip=null | op=WRITE_CHUNK {blockData=conID: 2 locID: 102734075162526272 bcsId: 0} | ret=SUCCESS |  
2019-09-04 11:46:22,514 | INFO  | DNAudit | user=null | ip=null | op=PUT_BLOCK {blockData=[blockId=conID: 2 locID: 102734075162526272 bcsId: 0,size=1048576]} | ret=SUCCESS |  
2019-09-04 11:46:22,514 | INFO  | DNAudit | user=null | ip=null | op=WRITE_CHUNK {blockData=conID: 2 locID: 102734075162526272 bcsId: 0} | ret=SUCCESS |  
2019-09-04 11:46:22,514 [grpc-default-executor-1] INFO  client.GrpcClientProtocolClient (GrpcClientProtocolClient.java:onNext(255)) - client-D5CE890D7D9E->efcb8ff8-f060-4d95-9215-d0f5eb4af037: receive RaftClientReply:client-D5CE890D7D9E->efcb8ff8-f060-4d95-9215-d0f5eb4af037@group-0959F8DF43ED, cid=2328, SUCCESS, logIndex=0, commits[efcb8ff8-f060-4d95-9215-d0f5eb4af037:c3449, 6fae8b02-e804-4c0e-b729-a97b7404b7f6:c3445, 4c3e8a66-6975-4917-8225-d3efe707aaff:c3445]
2019-09-04 11:46:22,514 | INFO  | DNAudit | user=null | ip=null | op=PUT_BLOCK {blockData=[blockId=conID: 2 locID: 102734075162526272 bcsId: 0,size=2097152]} | ret=SUCCESS |  
2019-09-04 11:46:22,515 | INFO  | DNAudit | user=null | ip=null | op=WRITE_CHUNK {blockData=conID: 2 locID: 102734075162526272 bcsId: 0} | ret=SUCCESS |  
2019-09-04 11:46:22,515 | INFO  | DNAudit | user=null | ip=null | op=PUT_BLOCK {blockData=[blockId=conID: 2 locID: 102734075162526272 bcsId: 0,size=2097152]} | ret=SUCCESS |  
2019-09-04 11:46:22,524 | INFO  | DNAudit | user=null | ip=null | op=WRITE_CHUNK {blockData=conID: 2 locID: 102734075162526272 bcsId: 3447} | ret=SUCCESS |  
2019-09-04 11:46:22,526 | INFO  | DNAudit | user=null | ip=null | op=WRITE_CHUNK {blockData=conID: 2 locID: 102734075162526272 bcsId: 3447} | ret=SUCCESS |  
2019-09-04 11:46:22,526 | INFO  | DNAudit | user=null | ip=null | op=WRITE_CHUNK {blockData=conID: 2 locID: 102734075162526272 bcsId: 3447} | ret=SUCCESS |  
2019-09-04 11:46:22,529 | INFO  | DNAudit | user=null | ip=null | op=WRITE_CHUNK {blockData=conID: 2 locID: 102734075162526272 bcsId: 3447} | ret=SUCCESS |  
2019-09-04 11:46:22,530 | INFO  | DNAudit | user=null | ip=null | op=PUT_BLOCK {blockData=[blockId=conID: 2 locID: 102734075162526272 bcsId: 0,size=3145728]} | ret=SUCCESS |  
2019-09-04 11:46:22,530 [grpc-default-executor-1] INFO  client.GrpcClientProtocolClient (GrpcClientProtocolClient.java:onNext(255)) - client-D5CE890D7D9E->efcb8ff8-f060-4d95-9215-d0f5eb4af037: receive RaftClientReply:client-D5CE890D7D9E->efcb8ff8-f060-4d95-9215-d0f5eb4af037@group-0959F8DF43ED, cid=2329, SUCCESS, logIndex=3452, commits[efcb8ff8-f060-4d95-9215-d0f5eb4af037:c3453, 6fae8b02-e804-4c0e-b729-a97b7404b7f6:c3451, 4c3e8a66-6975-4917-8225-d3efe707aaff:c3451]
2019-09-04 11:46:22,530 [grpc-default-executor-1] INFO  client.GrpcClientProtocolClient (GrpcClientProtocolClient.java:onNext(255)) - client-D5CE890D7D9E->efcb8ff8-f060-4d95-9215-d0f5eb4af037: receive RaftClientReply:client-D5CE890D7D9E->efcb8ff8-f060-4d95-9215-d0f5eb4af037@group-0959F8DF43ED, cid=2330, SUCCESS, logIndex=3453, commits[efcb8ff8-f060-4d95-9215-d0f5eb4af037:c3453, 6fae8b02-e804-4c0e-b729-a97b7404b7f6:c3451, 4c3e8a66-6975-4917-8225-d3efe707aaff:c3451]
2019-09-04 11:46:22,539 | INFO  | DNAudit | user=null | ip=null | op=WRITE_CHUNK {blockData=conID: 2 locID: 102734075162526272 bcsId: 3453} | ret=SUCCESS |  
2019-09-04 11:46:22,542 | INFO  | DNAudit | user=null | ip=null | op=WRITE_CHUNK {blockData=conID: 2 locID: 102734075162526272 bcsId: 3453} | ret=SUCCESS |  
2019-09-04 11:46:22,542 | INFO  | DNAudit | user=null | ip=null | op=WRITE_CHUNK {blockData=conID: 2 locID: 102734075162526272 bcsId: 3453} | ret=SUCCESS |  
2019-09-04 11:46:22,550 | INFO  | DNAudit | user=null | ip=null | op=WRITE_CHUNK {blockData=conID: 2 locID: 102734075162526272 bcsId: 3447} | ret=SUCCESS |  
2019-09-04 11:46:22,550 | INFO  | DNAudit | user=null | ip=null | op=WRITE_CHUNK {blockData=conID: 2 locID: 102734075162526272 bcsId: 3447} | ret=SUCCESS |  
2019-09-04 11:46:22,551 | INFO  | DNAudit | user=null | ip=null | op=PUT_BLOCK {blockData=[blockId=conID: 2 locID: 102734075162526272 bcsId: 0,size=3145728]} | ret=SUCCESS |  
2019-09-04 11:46:22,551 | INFO  | DNAudit | user=null | ip=null | op=WRITE_CHUNK {blockData=conID: 2 locID: 102734075162526272 bcsId: 3453} | ret=SUCCESS |  
2019-09-04 11:46:22,551 | INFO  | DNAudit | user=null | ip=null | op=PUT_BLOCK {blockData=[blockId=conID: 2 locID: 102734075162526272 bcsId: 0,size=3145728]} | ret=SUCCESS |  
2019-09-04 11:46:22,552 | INFO  | DNAudit | user=null | ip=null | op=PUT_BLOCK {blockData=[blockId=conID: 2 locID: 102734075162526272 bcsId: 0,size=4194304]} | ret=SUCCESS |  
2019-09-04 11:46:22,553 [grpc-default-executor-5] INFO  client.GrpcClientProtocolClient (GrpcClientProtocolClient.java:onNext(255)) - client-D5CE890D7D9E->efcb8ff8-f060-4d95-9215-d0f5eb4af037: receive RaftClientReply:client-D5CE890D7D9E->efcb8ff8-f060-4d95-9215-d0f5eb4af037@group-0959F8DF43ED, cid=2331, SUCCESS, logIndex=3456, commits[efcb8ff8-f060-4d95-9215-d0f5eb4af037:c3457, 6fae8b02-e804-4c0e-b729-a97b7404b7f6:c3453, 4c3e8a66-6975-4917-8225-d3efe707aaff:c3453]
2019-09-04 11:46:22,553 | INFO  | DNAudit | user=null | ip=null | op=WRITE_CHUNK {blockData=conID: 2 locID: 102734075162526272 bcsId: 3453} | ret=SUCCESS |  
2019-09-04 11:46:22,553 [grpc-default-executor-5] INFO  client.GrpcClientProtocolClient (GrpcClientProtocolClient.java:onNext(255)) - client-D5CE890D7D9E->efcb8ff8-f060-4d95-9215-d0f5eb4af037: receive RaftClientReply:client-D5CE890D7D9E->efcb8ff8-f060-4d95-9215-d0f5eb4af037@group-0959F8DF43ED, cid=2332, SUCCESS, logIndex=3457, commits[efcb8ff8-f060-4d95-9215-d0f5eb4af037:c3457, 6fae8b02-e804-4c0e-b729-a97b7404b7f6:c3453, 4c3e8a66-6975-4917-8225-d3efe707aaff:c3453]
2019-09-04 11:46:22,554 | INFO  | DNAudit | user=null | ip=null | op=WRITE_CHUNK {blockData=conID: 2 locID: 102734075162526272 bcsId: 3453} | ret=SUCCESS |  
2019-09-04 11:46:22,554 | INFO  | DNAudit | user=null | ip=null | op=PUT_BLOCK {blockData=[blockId=conID: 2 locID: 102734075162526272 bcsId: 0,size=4194304]} | ret=SUCCESS |  
2019-09-04 11:46:22,555 | INFO  | DNAudit | user=null | ip=null | op=PUT_BLOCK {blockData=[blockId=conID: 2 locID: 102734075162526272 bcsId: 0,size=4194304]} | ret=SUCCESS |  
2019-09-04 11:46:22,556 [grpc-default-executor-5] INFO  client.GrpcClientProtocolClient (GrpcClientProtocolClient.java:onNext(255)) - client-D5CE890D7D9E->efcb8ff8-f060-4d95-9215-d0f5eb4af037: receive RaftClientReply:client-D5CE890D7D9E->efcb8ff8-f060-4d95-9215-d0f5eb4af037@group-0959F8DF43ED, cid=2333, SUCCESS, logIndex=0, commits[efcb8ff8-f060-4d95-9215-d0f5eb4af037:c3459, 6fae8b02-e804-4c0e-b729-a97b7404b7f6:c3457, 4c3e8a66-6975-4917-8225-d3efe707aaff:c3457]
2019-09-04 11:46:22,567 | INFO  | SCMAudit | user=jenkins1000 | ip=192.168.36.67 | op=ALLOCATE_BLOCK {owner=8ab292a2-aaa7-4ad8-863a-d33994811155, size=4194304, type=RATIS, factor=THREE} | ret=SUCCESS |  
2019-09-04 11:46:22,572 | INFO  | OMAudit | user=jenkins1000 | ip=127.0.0.1 | op=ALLOCATE_BLOCK {volume=vol-0-58699, bucket=bucket-0-57464, key=key-0-37266, dataSize=0, replicationType=null, replicationFactor=null, keyLocationInfo=null, clientID=102734073355960722} | ret=SUCCESS |  
2019-09-04 11:46:22,581 | INFO  | DNAudit | user=null | ip=null | op=WRITE_CHUNK {blockData=conID: 3 locID: 102734075171111489 bcsId: 0} | ret=SUCCESS |  
2019-09-04 11:46:22,583 | INFO  | DNAudit | user=null | ip=null | op=WRITE_CHUNK {blockData=conID: 3 locID: 102734075171111489 bcsId: 0} | ret=SUCCESS |  
2019-09-04 11:46:22,584 | INFO  | DNAudit | user=null | ip=null | op=WRITE_CHUNK {blockData=conID: 3 locID: 102734075171111489 bcsId: 0} | ret=SUCCESS |  
2019-09-04 11:46:22,586 | INFO  | DNAudit | user=null | ip=null | op=WRITE_CHUNK {blockData=conID: 3 locID: 102734075171111489 bcsId: 0} | ret=SUCCESS |  
2019-09-04 11:46:22,587 | INFO  | DNAudit | user=null | ip=null | op=WRITE_CHUNK {blockData=conID: 3 locID: 102734075171111489 bcsId: 0} | ret=SUCCESS |  
2019-09-04 11:46:22,588 | INFO  | DNAudit | user=null | ip=null | op=WRITE_CHUNK {blockData=conID: 3 locID: 102734075171111489 bcsId: 0} | ret=SUCCESS |  
2019-09-04 11:46:22,594 | INFO  | DNAudit | user=null | ip=null | op=WRITE_CHUNK {blockData=conID: 3 locID: 102734075171111489 bcsId: 0} | ret=SUCCESS |  
2019-09-04 11:46:22,595 | INFO  | DNAudit | user=null | ip=null | op=PUT_BLOCK {blockData=[blockId=conID: 3 locID: 102734075171111489 bcsId: 0,size=1048576]} | ret=SUCCESS |  
2019-09-04 11:46:22,595 [grpc-default-executor-6] INFO  client.GrpcClientProtocolClient (GrpcClientProtocolClient.java:onNext(255)) - client-D5CE890D7D9E->efcb8ff8-f060-4d95-9215-d0f5eb4af037: receive RaftClientReply:client-D5CE890D7D9E->efcb8ff8-f060-4d95-9215-d0f5eb4af037@group-0959F8DF43ED, cid=2334, SUCCESS, logIndex=3460, commits[efcb8ff8-f060-4d95-9215-d0f5eb4af037:c3461, 6fae8b02-e804-4c0e-b729-a97b7404b7f6:c3459, 4c3e8a66-6975-4917-8225-d3efe707aaff:c3459]
2019-09-04 11:46:22,595 | INFO  | DNAudit | user=null | ip=null | op=WRITE_CHUNK {blockData=conID: 3 locID: 102734075171111489 bcsId: 0} | ret=SUCCESS |  
2019-09-04 11:46:22,595 | INFO  | DNAudit | user=null | ip=null | op=PUT_BLOCK {blockData=[blockId=conID: 3 locID: 102734075171111489 bcsId: 0,size=2097152]} | ret=SUCCESS |  
2019-09-04 11:46:22,595 [grpc-default-executor-6] INFO  client.GrpcClientProtocolClient (GrpcClientProtocolClient.java:onNext(255)) - client-D5CE890D7D9E->efcb8ff8-f060-4d95-9215-d0f5eb4af037: receive RaftClientReply:client-D5CE890D7D9E->efcb8ff8-f060-4d95-9215-d0f5eb4af037@group-0959F8DF43ED, cid=2335, SUCCESS, logIndex=3461, commits[efcb8ff8-f060-4d95-9215-d0f5eb4af037:c3463, 6fae8b02-e804-4c0e-b729-a97b7404b7f6:c3459, 4c3e8a66-6975-4917-8225-d3efe707aaff:c3459]
2019-09-04 11:46:22,596 [grpc-default-executor-6] INFO  client.GrpcClientProtocolClient (GrpcClientProtocolClient.java:onNext(255)) - client-D5CE890D7D9E->efcb8ff8-f060-4d95-9215-d0f5eb4af037: receive RaftClientReply:client-D5CE890D7D9E->efcb8ff8-f060-4d95-9215-d0f5eb4af037@group-0959F8DF43ED, cid=2336, SUCCESS, logIndex=3462, commits[efcb8ff8-f060-4d95-9215-d0f5eb4af037:c3463, 6fae8b02-e804-4c0e-b729-a97b7404b7f6:c3459, 4c3e8a66-6975-4917-8225-d3efe707aaff:c3459]
2019-09-04 11:46:22,596 [grpc-default-executor-6] INFO  client.GrpcClientProtocolClient (GrpcClientProtocolClient.java:onNext(255)) - client-D5CE890D7D9E->efcb8ff8-f060-4d95-9215-d0f5eb4af037: receive RaftClientReply:client-D5CE890D7D9E->efcb8ff8-f060-4d95-9215-d0f5eb4af037@group-0959F8DF43ED, cid=2337, SUCCESS, logIndex=3463, commits[efcb8ff8-f060-4d95-9215-d0f5eb4af037:c3463, 6fae8b02-e804-4c0e-b729-a97b7404b7f6:c3459, 4c3e8a66-6975-4917-8225-d3efe707aaff:c3459]
2019-09-04 11:46:22,614 | INFO  | DNAudit | user=null | ip=null | op=WRITE_CHUNK {blockData=conID: 3 locID: 102734075171111489 bcsId: 0} | ret=SUCCESS |  
2019-09-04 11:46:22,614 | INFO  | DNAudit | user=null | ip=null | op=WRITE_CHUNK {blockData=conID: 3 locID: 102734075171111489 bcsId: 0} | ret=SUCCESS |  
2019-09-04 11:46:22,614 | INFO  | DNAudit | user=null | ip=null | op=PUT_BLOCK {blockData=[blockId=conID: 3 locID: 102734075171111489 bcsId: 0,size=1048576]} | ret=SUCCESS |  
2019-09-04 11:46:22,616 | INFO  | DNAudit | user=null | ip=null | op=PUT_BLOCK {blockData=[blockId=conID: 3 locID: 102734075171111489 bcsId: 0,size=1048576]} | ret=SUCCESS |  
2019-09-04 11:46:22,616 | INFO  | DNAudit | user=null | ip=null | op=WRITE_CHUNK {blockData=conID: 3 locID: 102734075171111489 bcsId: 0} | ret=SUCCESS |  
2019-09-04 11:46:22,616 | INFO  | DNAudit | user=null | ip=null | op=WRITE_CHUNK {blockData=conID: 3 locID: 102734075171111489 bcsId: 0} | ret=SUCCESS |  
2019-09-04 11:46:22,616 | INFO  | DNAudit | user=null | ip=null | op=PUT_BLOCK {blockData=[blockId=conID: 3 locID: 102734075171111489 bcsId: 0,size=2097152]} | ret=SUCCESS |  
2019-09-04 11:46:22,616 | INFO  | DNAudit | user=null | ip=null | op=PUT_BLOCK {blockData=[blockId=conID: 3 locID: 102734075171111489 bcsId: 0,size=2097152]} | ret=SUCCESS |  
2019-09-04 11:46:22,617 [grpc-default-executor-6] INFO  client.GrpcClientProtocolClient (GrpcClientProtocolClient.java:onNext(255)) - client-D5CE890D7D9E->efcb8ff8-f060-4d95-9215-d0f5eb4af037: receive RaftClientReply:client-D5CE890D7D9E->efcb8ff8-f060-4d95-9215-d0f5eb4af037@group-0959F8DF43ED, cid=2338, SUCCESS, logIndex=0, commits[efcb8ff8-f060-4d95-9215-d0f5eb4af037:c3465, 6fae8b02-e804-4c0e-b729-a97b7404b7f6:c3461, 4c3e8a66-6975-4917-8225-d3efe707aaff:c3463]
2019-09-04 11:46:22,626 | INFO  | DNAudit | user=null | ip=null | op=WRITE_CHUNK {blockData=conID: 3 locID: 102734075171111489 bcsId: 3463} | ret=SUCCESS |  
2019-09-04 11:46:22,627 | INFO  | DNAudit | user=null | ip=null | op=WRITE_CHUNK {blockData=conID: 3 locID: 102734075171111489 bcsId: 3463} | ret=SUCCESS |  
2019-09-04 11:46:22,627 | INFO  | DNAudit | user=null | ip=null | op=WRITE_CHUNK {blockData=conID: 3 locID: 102734075171111489 bcsId: 3463} | ret=SUCCESS |  
2019-09-04 11:46:22,643 | INFO  | DNAudit | user=null | ip=null | op=WRITE_CHUNK {blockData=conID: 3 locID: 102734075171111489 bcsId: 3463} | ret=SUCCESS |  
2019-09-04 11:46:22,643 | INFO  | DNAudit | user=null | ip=null | op=PUT_BLOCK {blockData=[blockId=conID: 3 locID: 102734075171111489 bcsId: 0,size=3145728]} | ret=SUCCESS |  
2019-09-04 11:46:22,643 [grpc-default-executor-1] INFO  client.GrpcClientProtocolClient (GrpcClientProtocolClient.java:onNext(255)) - client-D5CE890D7D9E->efcb8ff8-f060-4d95-9215-d0f5eb4af037: receive RaftClientReply:client-D5CE890D7D9E->efcb8ff8-f060-4d95-9215-d0f5eb4af037@group-0959F8DF43ED, cid=2339, SUCCESS, logIndex=3467, commits[efcb8ff8-f060-4d95-9215-d0f5eb4af037:c3468, 6fae8b02-e804-4c0e-b729-a97b7404b7f6:c3466, 4c3e8a66-6975-4917-8225-d3efe707aaff:c3466]
2019-09-04 11:46:22,644 [grpc-default-executor-1] INFO  client.GrpcClientProtocolClient (GrpcClientProtocolClient.java:onNext(255)) - client-D5CE890D7D9E->efcb8ff8-f060-4d95-9215-d0f5eb4af037: receive RaftClientReply:client-D5CE890D7D9E->efcb8ff8-f060-4d95-9215-d0f5eb4af037@group-0959F8DF43ED, cid=2340, SUCCESS, logIndex=3468, commits[efcb8ff8-f060-4d95-9215-d0f5eb4af037:c3468, 6fae8b02-e804-4c0e-b729-a97b7404b7f6:c3466, 4c3e8a66-6975-4917-8225-d3efe707aaff:c3466]
2019-09-04 11:46:22,652 | INFO  | DNAudit | user=null | ip=null | op=WRITE_CHUNK {blockData=conID: 3 locID: 102734075171111489 bcsId: 3468} | ret=SUCCESS |  
2019-09-04 11:46:22,654 | INFO  | DNAudit | user=null | ip=null | op=WRITE_CHUNK {blockData=conID: 3 locID: 102734075171111489 bcsId: 3468} | ret=SUCCESS |  
2019-09-04 11:46:22,654 | INFO  | DNAudit | user=null | ip=null | op=WRITE_CHUNK {blockData=conID: 3 locID: 102734075171111489 bcsId: 3468} | ret=SUCCESS |  
2019-09-04 11:46:22,673 | INFO  | DNAudit | user=null | ip=null | op=WRITE_CHUNK {blockData=conID: 3 locID: 102734075171111489 bcsId: 3463} | ret=SUCCESS |  
2019-09-04 11:46:22,673 | INFO  | DNAudit | user=null | ip=null | op=WRITE_CHUNK {blockData=conID: 3 locID: 102734075171111489 bcsId: 3463} | ret=SUCCESS |  
2019-09-04 11:46:22,674 | INFO  | DNAudit | user=null | ip=null | op=PUT_BLOCK {blockData=[blockId=conID: 3 locID: 102734075171111489 bcsId: 0,size=3145728]} | ret=SUCCESS |  
2019-09-04 11:46:22,675 | INFO  | DNAudit | user=null | ip=null | op=PUT_BLOCK {blockData=[blockId=conID: 3 locID: 102734075171111489 bcsId: 0,size=3145728]} | ret=SUCCESS |  
2019-09-04 11:46:22,676 | INFO  | DNAudit | user=null | ip=null | op=WRITE_CHUNK {blockData=conID: 3 locID: 102734075171111489 bcsId: 3468} | ret=SUCCESS |  
2019-09-04 11:46:22,676 | INFO  | DNAudit | user=null | ip=null | op=PUT_BLOCK {blockData=[blockId=conID: 3 locID: 102734075171111489 bcsId: 0,size=4194304]} | ret=SUCCESS |  
2019-09-04 11:46:22,677 [grpc-default-executor-5] INFO  client.GrpcClientProtocolClient (GrpcClientProtocolClient.java:onNext(255)) - client-D5CE890D7D9E->efcb8ff8-f060-4d95-9215-d0f5eb4af037: receive RaftClientReply:client-D5CE890D7D9E->efcb8ff8-f060-4d95-9215-d0f5eb4af037@group-0959F8DF43ED, cid=2341, SUCCESS, logIndex=3471, commits[efcb8ff8-f060-4d95-9215-d0f5eb4af037:c3472, 6fae8b02-e804-4c0e-b729-a97b7404b7f6:c3468, 4c3e8a66-6975-4917-8225-d3efe707aaff:c3468]
2019-09-04 11:46:22,677 [grpc-default-executor-5] INFO  client.GrpcClientProtocolClient (GrpcClientProtocolClient.java:onNext(255)) - client-D5CE890D7D9E->efcb8ff8-f060-4d95-9215-d0f5eb4af037: receive RaftClientReply:client-D5CE890D7D9E->efcb8ff8-f060-4d95-9215-d0f5eb4af037@group-0959F8DF43ED, cid=2342, SUCCESS, logIndex=3472, commits[efcb8ff8-f060-4d95-9215-d0f5eb4af037:c3472, 6fae8b02-e804-4c0e-b729-a97b7404b7f6:c3468, 4c3e8a66-6975-4917-8225-d3efe707aaff:c3468]
2019-09-04 11:46:22,696 | INFO  | DNAudit | user=null | ip=null | op=WRITE_CHUNK {blockData=conID: 3 locID: 102734075171111489 bcsId: 3468} | ret=SUCCESS |  
2019-09-04 11:46:22,696 | INFO  | DNAudit | user=null | ip=null | op=WRITE_CHUNK {blockData=conID: 3 locID: 102734075171111489 bcsId: 3468} | ret=SUCCESS |  
2019-09-04 11:46:22,697 | INFO  | DNAudit | user=null | ip=null | op=PUT_BLOCK {blockData=[blockId=conID: 3 locID: 102734075171111489 bcsId: 0,size=4194304]} | ret=SUCCESS |  
2019-09-04 11:46:22,697 | INFO  | DNAudit | user=null | ip=null | op=PUT_BLOCK {blockData=[blockId=conID: 3 locID: 102734075171111489 bcsId: 0,size=4194304]} | ret=SUCCESS |  
2019-09-04 11:46:22,697 [grpc-default-executor-5] INFO  client.GrpcClientProtocolClient (GrpcClientProtocolClient.java:onNext(255)) - client-D5CE890D7D9E->efcb8ff8-f060-4d95-9215-d0f5eb4af037: receive RaftClientReply:client-D5CE890D7D9E->efcb8ff8-f060-4d95-9215-d0f5eb4af037@group-0959F8DF43ED, cid=2343, SUCCESS, logIndex=0, commits[efcb8ff8-f060-4d95-9215-d0f5eb4af037:c3473, 6fae8b02-e804-4c0e-b729-a97b7404b7f6:c3472, 4c3e8a66-6975-4917-8225-d3efe707aaff:c3472]
2019-09-04 11:46:22,717 | INFO  | SCMAudit | user=jenkins1000 | ip=192.168.36.67 | op=SEND_HEARTBEAT {datanodeUUID=b68b188c-7f38-42ae-8403-46a39acd0731, command=[]} | ret=SUCCESS |  
2019-09-04 11:46:22,718 | INFO  | SCMAudit | user=jenkins1000 | ip=192.168.36.67 | op=ALLOCATE_BLOCK {owner=8ab292a2-aaa7-4ad8-863a-d33994811155, size=4194304, type=RATIS, factor=THREE} | ret=SUCCESS |  
2019-09-04 11:46:22,725 | INFO  | OMAudit | user=jenkins1000 | ip=127.0.0.1 | op=ALLOCATE_BLOCK {volume=vol-0-58699, bucket=bucket-0-57464, key=key-0-37266, dataSize=0, replicationType=null, replicationFactor=null, keyLocationInfo=null, clientID=102734073355960722} | ret=SUCCESS |  
2019-09-04 11:46:22,734 | INFO  | DNAudit | user=null | ip=null | op=WRITE_CHUNK {blockData=conID: 1 locID: 102734075180941890 bcsId: 0} | ret=SUCCESS |  
2019-09-04 11:46:22,736 | INFO  | DNAudit | user=null | ip=null | op=WRITE_CHUNK {blockData=conID: 1 locID: 102734075180941890 bcsId: 0} | ret=SUCCESS |  
2019-09-04 11:46:22,737 | INFO  | SCMAudit | user=jenkins1000 | ip=192.168.36.67 | op=SEND_HEARTBEAT {datanodeUUID=4c3e8a66-6975-4917-8225-d3efe707aaff, command=[]} | ret=SUCCESS |  
2019-09-04 11:46:22,737 | INFO  | SCMAudit | user=jenkins1000 | ip=192.168.36.67 | op=SEND_HEARTBEAT {datanodeUUID=6fae8b02-e804-4c0e-b729-a97b7404b7f6, command=[]} | ret=SUCCESS |  
2019-09-04 11:46:22,737 | INFO  | DNAudit | user=null | ip=null | op=WRITE_CHUNK {blockData=conID: 1 locID: 102734075180941890 bcsId: 0} | ret=SUCCESS |  
2019-09-04 11:46:22,738 | INFO  | DNAudit | user=null | ip=null | op=WRITE_CHUNK {blockData=conID: 1 locID: 102734075180941890 bcsId: 0} | ret=SUCCESS |  
2019-09-04 11:46:22,739 | INFO  | SCMAudit | user=jenkins1000 | ip=192.168.36.67 | op=SEND_HEARTBEAT {datanodeUUID=0b776101-1d39-4f23-96c0-6a8ead31197c, command=[]} | ret=SUCCESS |  
2019-09-04 11:46:22,740 | INFO  | DNAudit | user=null | ip=null | op=WRITE_CHUNK {blockData=conID: 1 locID: 102734075180941890 bcsId: 0} | ret=SUCCESS |  
2019-09-04 11:46:22,741 | INFO  | DNAudit | user=null | ip=null | op=WRITE_CHUNK {blockData=conID: 1 locID: 102734075180941890 bcsId: 0} | ret=SUCCESS |  
2019-09-04 11:46:22,744 | INFO  | SCMAudit | user=jenkins1000 | ip=192.168.36.67 | op=SEND_HEARTBEAT {datanodeUUID=efcb8ff8-f060-4d95-9215-d0f5eb4af037, command=[]} | ret=SUCCESS |  
2019-09-04 11:46:22,767 | INFO  | DNAudit | user=null | ip=null | op=WRITE_CHUNK {blockData=conID: 1 locID: 102734075180941890 bcsId: 0} | ret=SUCCESS |  
2019-09-04 11:46:22,767 | INFO  | DNAudit | user=null | ip=null | op=PUT_BLOCK {blockData=[blockId=conID: 1 locID: 102734075180941890 bcsId: 0,size=1048576]} | ret=SUCCESS |  
2019-09-04 11:46:22,768 [grpc-default-executor-6] INFO  client.GrpcClientProtocolClient (GrpcClientProtocolClient.java:onNext(255)) - client-D5CE890D7D9E->efcb8ff8-f060-4d95-9215-d0f5eb4af037: receive RaftClientReply:client-D5CE890D7D9E->efcb8ff8-f060-4d95-9215-d0f5eb4af037@group-0959F8DF43ED, cid=2344, SUCCESS, logIndex=3475, commits[efcb8ff8-f060-4d95-9215-d0f5eb4af037:c3476, 6fae8b02-e804-4c0e-b729-a97b7404b7f6:c3474, 4c3e8a66-6975-4917-8225-d3efe707aaff:c3474]
2019-09-04 11:46:22,768 [grpc-default-executor-6] INFO  client.GrpcClientProtocolClient (GrpcClientProtocolClient.java:onNext(255)) - client-D5CE890D7D9E->efcb8ff8-f060-4d95-9215-d0f5eb4af037: receive RaftClientReply:client-D5CE890D7D9E->efcb8ff8-f060-4d95-9215-d0f5eb4af037@group-0959F8DF43ED, cid=2345, SUCCESS, logIndex=3476, commits[efcb8ff8-f060-4d95-9215-d0f5eb4af037:c3476, 6fae8b02-e804-4c0e-b729-a97b7404b7f6:c3474, 4c3e8a66-6975-4917-8225-d3efe707aaff:c3474]
2019-09-04 11:46:22,785 | INFO  | DNAudit | user=null | ip=null | op=WRITE_CHUNK {blockData=conID: 1 locID: 102734075180941890 bcsId: 0} | ret=SUCCESS |  
2019-09-04 11:46:22,785 | INFO  | DNAudit | user=null | ip=null | op=PUT_BLOCK {blockData=[blockId=conID: 1 locID: 102734075180941890 bcsId: 0,size=2097152]} | ret=SUCCESS |  
2019-09-04 11:46:22,786 [grpc-default-executor-1] INFO  client.GrpcClientProtocolClient (GrpcClientProtocolClient.java:onNext(255)) - client-D5CE890D7D9E->efcb8ff8-f060-4d95-9215-d0f5eb4af037: receive RaftClientReply:client-D5CE890D7D9E->efcb8ff8-f060-4d95-9215-d0f5eb4af037@group-0959F8DF43ED, cid=2346, SUCCESS, logIndex=3477, commits[efcb8ff8-f060-4d95-9215-d0f5eb4af037:c3478, 6fae8b02-e804-4c0e-b729-a97b7404b7f6:c3474, 4c3e8a66-6975-4917-8225-d3efe707aaff:c3474]
2019-09-04 11:46:22,786 | INFO  | DNAudit | user=null | ip=null | op=WRITE_CHUNK {blockData=conID: 1 locID: 102734075180941890 bcsId: 0} | ret=SUCCESS |  
2019-09-04 11:46:22,786 [grpc-default-executor-6] INFO  client.GrpcClientProtocolClient (GrpcClientProtocolClient.java:onNext(255)) - client-D5CE890D7D9E->efcb8ff8-f060-4d95-9215-d0f5eb4af037: receive RaftClientReply:client-D5CE890D7D9E->efcb8ff8-f060-4d95-9215-d0f5eb4af037@group-0959F8DF43ED, cid=2347, SUCCESS, logIndex=3478, commits[efcb8ff8-f060-4d95-9215-d0f5eb4af037:c3478, 6fae8b02-e804-4c0e-b729-a97b7404b7f6:c3474, 4c3e8a66-6975-4917-8225-d3efe707aaff:c3474]
2019-09-04 11:46:22,787 | INFO  | DNAudit | user=null | ip=null | op=PUT_BLOCK {blockData=[blockId=conID: 1 locID: 102734075180941890 bcsId: 0,size=1048576]} | ret=SUCCESS |  
2019-09-04 11:46:22,788 | INFO  | DNAudit | user=null | ip=null | op=WRITE_CHUNK {blockData=conID: 1 locID: 102734075180941890 bcsId: 0} | ret=SUCCESS |  
2019-09-04 11:46:22,788 | INFO  | DNAudit | user=null | ip=null | op=WRITE_CHUNK {blockData=conID: 1 locID: 102734075180941890 bcsId: 0} | ret=SUCCESS |  
2019-09-04 11:46:22,788 | INFO  | DNAudit | user=null | ip=null | op=PUT_BLOCK {blockData=[blockId=conID: 1 locID: 102734075180941890 bcsId: 0,size=2097152]} | ret=SUCCESS |  
2019-09-04 11:46:22,789 | INFO  | DNAudit | user=null | ip=null | op=PUT_BLOCK {blockData=[blockId=conID: 1 locID: 102734075180941890 bcsId: 0,size=1048576]} | ret=SUCCESS |  
2019-09-04 11:46:22,789 | INFO  | DNAudit | user=null | ip=null | op=WRITE_CHUNK {blockData=conID: 1 locID: 102734075180941890 bcsId: 0} | ret=SUCCESS |  
2019-09-04 11:46:22,789 | INFO  | DNAudit | user=null | ip=null | op=PUT_BLOCK {blockData=[blockId=conID: 1 locID: 102734075180941890 bcsId: 0,size=2097152]} | ret=SUCCESS |  
2019-09-04 11:46:22,789 [grpc-default-executor-6] INFO  client.GrpcClientProtocolClient (GrpcClientProtocolClient.java:onNext(255)) - client-D5CE890D7D9E->efcb8ff8-f060-4d95-9215-d0f5eb4af037: receive RaftClientReply:client-D5CE890D7D9E->efcb8ff8-f060-4d95-9215-d0f5eb4af037@group-0959F8DF43ED, cid=2348, SUCCESS, logIndex=0, commits[efcb8ff8-f060-4d95-9215-d0f5eb4af037:c3481, 6fae8b02-e804-4c0e-b729-a97b7404b7f6:c3476, 4c3e8a66-6975-4917-8225-d3efe707aaff:c3478]
2019-09-04 11:46:22,800 | INFO  | DNAudit | user=null | ip=null | op=WRITE_CHUNK {blockData=conID: 1 locID: 102734075180941890 bcsId: 3478} | ret=SUCCESS |  
2019-09-04 11:46:22,802 | INFO  | DNAudit | user=null | ip=null | op=WRITE_CHUNK {blockData=conID: 1 locID: 102734075180941890 bcsId: 3478} | ret=SUCCESS |  
2019-09-04 11:46:22,802 | INFO  | DNAudit | user=null | ip=null | op=WRITE_CHUNK {blockData=conID: 1 locID: 102734075180941890 bcsId: 3478} | ret=SUCCESS |  
2019-09-04 11:46:22,815 | INFO  | DNAudit | user=null | ip=null | op=WRITE_CHUNK {blockData=conID: 1 locID: 102734075180941890 bcsId: 3478} | ret=SUCCESS |  
2019-09-04 11:46:22,816 | INFO  | DNAudit | user=null | ip=null | op=PUT_BLOCK {blockData=[blockId=conID: 1 locID: 102734075180941890 bcsId: 0,size=3145728]} | ret=SUCCESS |  
2019-09-04 11:46:22,816 [grpc-default-executor-6] INFO  client.GrpcClientProtocolClient (GrpcClientProtocolClient.java:onNext(255)) - client-D5CE890D7D9E->efcb8ff8-f060-4d95-9215-d0f5eb4af037: receive RaftClientReply:client-D5CE890D7D9E->efcb8ff8-f060-4d95-9215-d0f5eb4af037@group-0959F8DF43ED, cid=2349, SUCCESS, logIndex=3482, commits[efcb8ff8-f060-4d95-9215-d0f5eb4af037:c3483, 6fae8b02-e804-4c0e-b729-a97b7404b7f6:c3481, 4c3e8a66-6975-4917-8225-d3efe707aaff:c3481]
2019-09-04 11:46:22,816 [grpc-default-executor-6] INFO  client.GrpcClientProtocolClient (GrpcClientProtocolClient.java:onNext(255)) - client-D5CE890D7D9E->efcb8ff8-f060-4d95-9215-d0f5eb4af037: receive RaftClientReply:client-D5CE890D7D9E->efcb8ff8-f060-4d95-9215-d0f5eb4af037@group-0959F8DF43ED, cid=2350, SUCCESS, logIndex=3483, commits[efcb8ff8-f060-4d95-9215-d0f5eb4af037:c3483, 6fae8b02-e804-4c0e-b729-a97b7404b7f6:c3481, 4c3e8a66-6975-4917-8225-d3efe707aaff:c3481]
2019-09-04 11:46:22,823 | INFO  | DNAudit | user=null | ip=null | op=WRITE_CHUNK {blockData=conID: 1 locID: 102734075180941890 bcsId: 3478} | ret=SUCCESS |  
2019-09-04 11:46:22,823 | INFO  | DNAudit | user=null | ip=null | op=WRITE_CHUNK {blockData=conID: 1 locID: 102734075180941890 bcsId: 3478} | ret=SUCCESS |  
2019-09-04 11:46:22,823 | INFO  | DNAudit | user=null | ip=null | op=PUT_BLOCK {blockData=[blockId=conID: 1 locID: 102734075180941890 bcsId: 0,size=3145728]} | ret=SUCCESS |  
2019-09-04 11:46:22,824 | INFO  | DNAudit | user=null | ip=null | op=PUT_BLOCK {blockData=[blockId=conID: 1 locID: 102734075180941890 bcsId: 0,size=3145728]} | ret=SUCCESS |  
2019-09-04 11:46:22,825 | INFO  | DNAudit | user=null | ip=null | op=WRITE_CHUNK {blockData=conID: 1 locID: 102734075180941890 bcsId: 3483} | ret=SUCCESS |  
2019-09-04 11:46:22,827 | INFO  | DNAudit | user=null | ip=null | op=WRITE_CHUNK {blockData=conID: 1 locID: 102734075180941890 bcsId: 3483} | ret=SUCCESS |  
2019-09-04 11:46:22,828 | INFO  | DNAudit | user=null | ip=null | op=WRITE_CHUNK {blockData=conID: 1 locID: 102734075180941890 bcsId: 3483} | ret=SUCCESS |  
2019-09-04 11:46:22,837 | INFO  | DNAudit | user=null | ip=null | op=WRITE_CHUNK {blockData=conID: 1 locID: 102734075180941890 bcsId: 3483} | ret=SUCCESS |  
2019-09-04 11:46:22,837 | INFO  | DNAudit | user=null | ip=null | op=PUT_BLOCK {blockData=[blockId=conID: 1 locID: 102734075180941890 bcsId: 0,size=4194304]} | ret=SUCCESS |  
2019-09-04 11:46:22,837 [grpc-default-executor-6] INFO  client.GrpcClientProtocolClient (GrpcClientProtocolClient.java:onNext(255)) - client-D5CE890D7D9E->efcb8ff8-f060-4d95-9215-d0f5eb4af037: receive RaftClientReply:client-D5CE890D7D9E->efcb8ff8-f060-4d95-9215-d0f5eb4af037@group-0959F8DF43ED, cid=2351, SUCCESS, logIndex=3486, commits[efcb8ff8-f060-4d95-9215-d0f5eb4af037:c3487, 6fae8b02-e804-4c0e-b729-a97b7404b7f6:c3484, 4c3e8a66-6975-4917-8225-d3efe707aaff:c3484]
2019-09-04 11:46:22,838 [grpc-default-executor-6] INFO  client.GrpcClientProtocolClient (GrpcClientProtocolClient.java:onNext(255)) - client-D5CE890D7D9E->efcb8ff8-f060-4d95-9215-d0f5eb4af037: receive RaftClientReply:client-D5CE890D7D9E->efcb8ff8-f060-4d95-9215-d0f5eb4af037@group-0959F8DF43ED, cid=2352, SUCCESS, logIndex=3487, commits[efcb8ff8-f060-4d95-9215-d0f5eb4af037:c3487, 6fae8b02-e804-4c0e-b729-a97b7404b7f6:c3484, 4c3e8a66-6975-4917-8225-d3efe707aaff:c3484]
2019-09-04 11:46:22,863 | INFO  | DNAudit | user=null | ip=null | op=WRITE_CHUNK {blockData=conID: 1 locID: 102734075180941890 bcsId: 3483} | ret=SUCCESS |  
2019-09-04 11:46:22,863 | INFO  | DNAudit | user=null | ip=null | op=WRITE_CHUNK {blockData=conID: 1 locID: 102734075180941890 bcsId: 3483} | ret=SUCCESS |  
2019-09-04 11:46:22,863 | INFO  | DNAudit | user=null | ip=null | op=PUT_BLOCK {blockData=[blockId=conID: 1 locID: 102734075180941890 bcsId: 0,size=4194304]} | ret=SUCCESS |  
2019-09-04 11:46:22,864 | INFO  | DNAudit | user=null | ip=null | op=PUT_BLOCK {blockData=[blockId=conID: 1 locID: 102734075180941890 bcsId: 0,size=4194304]} | ret=SUCCESS |  
2019-09-04 11:46:22,865 [grpc-default-executor-6] INFO  client.GrpcClientProtocolClient (GrpcClientProtocolClient.java:onNext(255)) - client-D5CE890D7D9E->efcb8ff8-f060-4d95-9215-d0f5eb4af037: receive RaftClientReply:client-D5CE890D7D9E->efcb8ff8-f060-4d95-9215-d0f5eb4af037@group-0959F8DF43ED, cid=2353, SUCCESS, logIndex=0, commits[efcb8ff8-f060-4d95-9215-d0f5eb4af037:c3488, 6fae8b02-e804-4c0e-b729-a97b7404b7f6:c3487, 4c3e8a66-6975-4917-8225-d3efe707aaff:c3487]
2019-09-04 11:46:22,871 | INFO  | SCMAudit | user=jenkins1000 | ip=192.168.36.67 | op=ALLOCATE_BLOCK {owner=8ab292a2-aaa7-4ad8-863a-d33994811155, size=4194304, type=RATIS, factor=THREE} | ret=SUCCESS |  
2019-09-04 11:46:22,874 | INFO  | OMAudit | user=jenkins1000 | ip=127.0.0.1 | op=ALLOCATE_BLOCK {volume=vol-0-58699, bucket=bucket-0-57464, key=key-0-37266, dataSize=0, replicationType=null, replicationFactor=null, keyLocationInfo=null, clientID=102734073355960722} | ret=SUCCESS |  
2019-09-04 11:46:22,882 | INFO  | DNAudit | user=null | ip=null | op=WRITE_CHUNK {blockData=conID: 2 locID: 102734075191034435 bcsId: 0} | ret=SUCCESS |  
2019-09-04 11:46:22,886 | INFO  | DNAudit | user=null | ip=null | op=WRITE_CHUNK {blockData=conID: 2 locID: 102734075191034435 bcsId: 0} | ret=SUCCESS |  
2019-09-04 11:46:22,886 | INFO  | DNAudit | user=null | ip=null | op=WRITE_CHUNK {blockData=conID: 2 locID: 102734075191034435 bcsId: 0} | ret=SUCCESS |  
2019-09-04 11:46:22,887 | INFO  | DNAudit | user=null | ip=null | op=WRITE_CHUNK {blockData=conID: 2 locID: 102734075191034435 bcsId: 0} | ret=SUCCESS |  
2019-09-04 11:46:22,888 | INFO  | DNAudit | user=null | ip=null | op=WRITE_CHUNK {blockData=conID: 2 locID: 102734075191034435 bcsId: 0} | ret=SUCCESS |  
2019-09-04 11:46:22,888 | INFO  | DNAudit | user=null | ip=null | op=WRITE_CHUNK {blockData=conID: 2 locID: 102734075191034435 bcsId: 0} | ret=SUCCESS |  
2019-09-04 11:46:22,917 | INFO  | DNAudit | user=null | ip=null | op=WRITE_CHUNK {blockData=conID: 2 locID: 102734075191034435 bcsId: 0} | ret=SUCCESS |  
2019-09-04 11:46:22,917 | INFO  | DNAudit | user=null | ip=null | op=PUT_BLOCK {blockData=[blockId=conID: 2 locID: 102734075191034435 bcsId: 0,size=1048576]} | ret=SUCCESS |  
2019-09-04 11:46:22,917 [grpc-default-executor-6] INFO  client.GrpcClientProtocolClient (GrpcClientProtocolClient.java:onNext(255)) - client-D5CE890D7D9E->efcb8ff8-f060-4d95-9215-d0f5eb4af037: receive RaftClientReply:client-D5CE890D7D9E->efcb8ff8-f060-4d95-9215-d0f5eb4af037@group-0959F8DF43ED, cid=2354, SUCCESS, logIndex=3490, commits[efcb8ff8-f060-4d95-9215-d0f5eb4af037:c3493, 6fae8b02-e804-4c0e-b729-a97b7404b7f6:c3489, 4c3e8a66-6975-4917-8225-d3efe707aaff:c3489]
2019-09-04 11:46:22,918 | INFO  | DNAudit | user=null | ip=null | op=WRITE_CHUNK {blockData=conID: 2 locID: 102734075191034435 bcsId: 0} | ret=SUCCESS |  
2019-09-04 11:46:22,918 | INFO  | DNAudit | user=null | ip=null | op=PUT_BLOCK {blockData=[blockId=conID: 2 locID: 102734075191034435 bcsId: 0,size=2097152]} | ret=SUCCESS |  
2019-09-04 11:46:22,918 [grpc-default-executor-5] INFO  client.GrpcClientProtocolClient (GrpcClientProtocolClient.java:onNext(255)) - client-D5CE890D7D9E->efcb8ff8-f060-4d95-9215-d0f5eb4af037: receive RaftClientReply:client-D5CE890D7D9E->efcb8ff8-f060-4d95-9215-d0f5eb4af037@group-0959F8DF43ED, cid=2355, SUCCESS, logIndex=3491, commits[efcb8ff8-f060-4d95-9215-d0f5eb4af037:c3493, 6fae8b02-e804-4c0e-b729-a97b7404b7f6:c3489, 4c3e8a66-6975-4917-8225-d3efe707aaff:c3489]
2019-09-04 11:46:22,918 [grpc-default-executor-5] INFO  client.GrpcClientProtocolClient (GrpcClientProtocolClient.java:onNext(255)) - client-D5CE890D7D9E->efcb8ff8-f060-4d95-9215-d0f5eb4af037: receive RaftClientReply:client-D5CE890D7D9E->efcb8ff8-f060-4d95-9215-d0f5eb4af037@group-0959F8DF43ED, cid=2356, SUCCESS, logIndex=3492, commits[efcb8ff8-f060-4d95-9215-d0f5eb4af037:c3493, 6fae8b02-e804-4c0e-b729-a97b7404b7f6:c3489, 4c3e8a66-6975-4917-8225-d3efe707aaff:c3489]
2019-09-04 11:46:22,919 [grpc-default-executor-5] INFO  client.GrpcClientProtocolClient (GrpcClientProtocolClient.java:onNext(255)) - client-D5CE890D7D9E->efcb8ff8-f060-4d95-9215-d0f5eb4af037: receive RaftClientReply:client-D5CE890D7D9E->efcb8ff8-f060-4d95-9215-d0f5eb4af037@group-0959F8DF43ED, cid=2357, SUCCESS, logIndex=3493, commits[efcb8ff8-f060-4d95-9215-d0f5eb4af037:c3493, 6fae8b02-e804-4c0e-b729-a97b7404b7f6:c3489, 4c3e8a66-6975-4917-8225-d3efe707aaff:c3489]
2019-09-04 11:46:22,938 | INFO  | DNAudit | user=null | ip=null | op=WRITE_CHUNK {blockData=conID: 2 locID: 102734075191034435 bcsId: 0} | ret=SUCCESS |  
 0.00% |█                                                                                                    |  0/1 Time: 0:00:282019-09-04 11:46:22,970 | INFO  | DNAudit | user=null | ip=null | op=WRITE_CHUNK {blockData=conID: 2 locID: 102734075191034435 bcsId: 0} | ret=SUCCESS |  
2019-09-04 11:46:22,970 | INFO  | DNAudit | user=null | ip=null | op=PUT_BLOCK {blockData=[blockId=conID: 2 locID: 102734075191034435 bcsId: 0,size=1048576]} | ret=SUCCESS |  
2019-09-04 11:46:22,971 | INFO  | DNAudit | user=null | ip=null | op=WRITE_CHUNK {blockData=conID: 2 locID: 102734075191034435 bcsId: 0} | ret=SUCCESS |  
2019-09-04 11:46:22,971 | INFO  | DNAudit | user=null | ip=null | op=PUT_BLOCK {blockData=[blockId=conID: 2 locID: 102734075191034435 bcsId: 0,size=2097152]} | ret=SUCCESS |  
2019-09-04 11:46:22,971 | INFO  | DNAudit | user=null | ip=null | op=PUT_BLOCK {blockData=[blockId=conID: 2 locID: 102734075191034435 bcsId: 0,size=1048576]} | ret=SUCCESS |  
2019-09-04 11:46:22,972 | INFO  | DNAudit | user=null | ip=null | op=WRITE_CHUNK {blockData=conID: 2 locID: 102734075191034435 bcsId: 0} | ret=SUCCESS |  
2019-09-04 11:46:22,972 | INFO  | DNAudit | user=null | ip=null | op=PUT_BLOCK {blockData=[blockId=conID: 2 locID: 102734075191034435 bcsId: 0,size=2097152]} | ret=SUCCESS |  
2019-09-04 11:46:22,972 [grpc-default-executor-5] INFO  client.GrpcClientProtocolClient (GrpcClientProtocolClient.java:onNext(255)) - client-D5CE890D7D9E->efcb8ff8-f060-4d95-9215-d0f5eb4af037: receive RaftClientReply:client-D5CE890D7D9E->efcb8ff8-f060-4d95-9215-d0f5eb4af037@group-0959F8DF43ED, cid=2358, SUCCESS, logIndex=0, commits[efcb8ff8-f060-4d95-9215-d0f5eb4af037:c3497, 6fae8b02-e804-4c0e-b729-a97b7404b7f6:c3491, 4c3e8a66-6975-4917-8225-d3efe707aaff:c3493]
2019-09-04 11:46:22,980 | INFO  | DNAudit | user=null | ip=null | op=WRITE_CHUNK {blockData=conID: 2 locID: 102734075191034435 bcsId: 3493} | ret=SUCCESS |  
2019-09-04 11:46:22,983 | INFO  | DNAudit | user=null | ip=null | op=WRITE_CHUNK {blockData=conID: 2 locID: 102734075191034435 bcsId: 3493} | ret=SUCCESS |  
2019-09-04 11:46:22,984 | INFO  | DNAudit | user=null | ip=null | op=WRITE_CHUNK {blockData=conID: 2 locID: 102734075191034435 bcsId: 3493} | ret=SUCCESS |  
2019-09-04 11:46:22,994 | INFO  | DNAudit | user=null | ip=null | op=WRITE_CHUNK {blockData=conID: 2 locID: 102734075191034435 bcsId: 3493} | ret=SUCCESS |  
2019-09-04 11:46:22,995 | INFO  | DNAudit | user=null | ip=null | op=PUT_BLOCK {blockData=[blockId=conID: 2 locID: 102734075191034435 bcsId: 0,size=3145728]} | ret=SUCCESS |  
2019-09-04 11:46:22,995 [grpc-default-executor-6] INFO  client.GrpcClientProtocolClient (GrpcClientProtocolClient.java:onNext(255)) - client-D5CE890D7D9E->efcb8ff8-f060-4d95-9215-d0f5eb4af037: receive RaftClientReply:client-D5CE890D7D9E->efcb8ff8-f060-4d95-9215-d0f5eb4af037@group-0959F8DF43ED, cid=2359, SUCCESS, logIndex=3498, commits[efcb8ff8-f060-4d95-9215-d0f5eb4af037:c3499, 6fae8b02-e804-4c0e-b729-a97b7404b7f6:c3497, 4c3e8a66-6975-4917-8225-d3efe707aaff:c3497]
2019-09-04 11:46:22,995 [grpc-default-executor-6] INFO  client.GrpcClientProtocolClient (GrpcClientProtocolClient.java:onNext(255)) - client-D5CE890D7D9E->efcb8ff8-f060-4d95-9215-d0f5eb4af037: receive RaftClientReply:client-D5CE890D7D9E->efcb8ff8-f060-4d95-9215-d0f5eb4af037@group-0959F8DF43ED, cid=2360, SUCCESS, logIndex=3499, commits[efcb8ff8-f060-4d95-9215-d0f5eb4af037:c3499, 6fae8b02-e804-4c0e-b729-a97b7404b7f6:c3497, 4c3e8a66-6975-4917-8225-d3efe707aaff:c3497]
2019-09-04 11:46:23,003 | INFO  | DNAudit | user=null | ip=null | op=WRITE_CHUNK {blockData=conID: 2 locID: 102734075191034435 bcsId: 3499} | ret=SUCCESS |  
2019-09-04 11:46:23,006 | INFO  | DNAudit | user=null | ip=null | op=WRITE_CHUNK {blockData=conID: 2 locID: 102734075191034435 bcsId: 3499} | ret=SUCCESS |  
2019-09-04 11:46:23,006 | INFO  | DNAudit | user=null | ip=null | op=WRITE_CHUNK {blockData=conID: 2 locID: 102734075191034435 bcsId: 3499} | ret=SUCCESS |  
2019-09-04 11:46:23,014 | INFO  | DNAudit | user=null | ip=null | op=WRITE_CHUNK {blockData=conID: 2 locID: 102734075191034435 bcsId: 3493} | ret=SUCCESS |  
2019-09-04 11:46:23,015 | INFO  | DNAudit | user=null | ip=null | op=WRITE_CHUNK {blockData=conID: 2 locID: 102734075191034435 bcsId: 3493} | ret=SUCCESS |  
2019-09-04 11:46:23,015 | INFO  | DNAudit | user=null | ip=null | op=PUT_BLOCK {blockData=[blockId=conID: 2 locID: 102734075191034435 bcsId: 0,size=3145728]} | ret=SUCCESS |  
2019-09-04 11:46:23,015 | INFO  | DNAudit | user=null | ip=null | op=PUT_BLOCK {blockData=[blockId=conID: 2 locID: 102734075191034435 bcsId: 0,size=3145728]} | ret=SUCCESS |  
2019-09-04 11:46:23,017 | INFO  | DNAudit | user=null | ip=null | op=WRITE_CHUNK {blockData=conID: 2 locID: 102734075191034435 bcsId: 3499} | ret=SUCCESS |  
2019-09-04 11:46:23,017 | INFO  | DNAudit | user=null | ip=null | op=PUT_BLOCK {blockData=[blockId=conID: 2 locID: 102734075191034435 bcsId: 0,size=4194304]} | ret=SUCCESS |  
2019-09-04 11:46:23,017 [grpc-default-executor-6] INFO  client.GrpcClientProtocolClient (GrpcClientProtocolClient.java:onNext(255)) - client-D5CE890D7D9E->efcb8ff8-f060-4d95-9215-d0f5eb4af037: receive RaftClientReply:client-D5CE890D7D9E->efcb8ff8-f060-4d95-9215-d0f5eb4af037@group-0959F8DF43ED, cid=2361, SUCCESS, logIndex=3502, commits[efcb8ff8-f060-4d95-9215-d0f5eb4af037:c3503, 6fae8b02-e804-4c0e-b729-a97b7404b7f6:c3499, 4c3e8a66-6975-4917-8225-d3efe707aaff:c3499]
2019-09-04 11:46:23,017 [grpc-default-executor-6] INFO  client.GrpcClientProtocolClient (GrpcClientProtocolClient.java:onNext(255)) - client-D5CE890D7D9E->efcb8ff8-f060-4d95-9215-d0f5eb4af037: receive RaftClientReply:client-D5CE890D7D9E->efcb8ff8-f060-4d95-9215-d0f5eb4af037@group-0959F8DF43ED, cid=2362, SUCCESS, logIndex=3503, commits[efcb8ff8-f060-4d95-9215-d0f5eb4af037:c3503, 6fae8b02-e804-4c0e-b729-a97b7404b7f6:c3499, 4c3e8a66-6975-4917-8225-d3efe707aaff:c3499]
2019-09-04 11:46:23,061 | INFO  | DNAudit | user=null | ip=null | op=WRITE_CHUNK {blockData=conID: 2 locID: 102734075191034435 bcsId: 3499} | ret=SUCCESS |  
2019-09-04 11:46:23,061 | INFO  | DNAudit | user=null | ip=null | op=WRITE_CHUNK {blockData=conID: 2 locID: 102734075191034435 bcsId: 3499} | ret=SUCCESS |  
2019-09-04 11:46:23,062 | INFO  | DNAudit | user=null | ip=null | op=PUT_BLOCK {blockData=[blockId=conID: 2 locID: 102734075191034435 bcsId: 0,size=4194304]} | ret=SUCCESS |  
2019-09-04 11:46:23,063 | INFO  | DNAudit | user=null | ip=null | op=PUT_BLOCK {blockData=[blockId=conID: 2 locID: 102734075191034435 bcsId: 0,size=4194304]} | ret=SUCCESS |  
2019-09-04 11:46:23,064 [grpc-default-executor-6] INFO  client.GrpcClientProtocolClient (GrpcClientProtocolClient.java:onNext(255)) - client-D5CE890D7D9E->efcb8ff8-f060-4d95-9215-d0f5eb4af037: receive RaftClientReply:client-D5CE890D7D9E->efcb8ff8-f060-4d95-9215-d0f5eb4af037@group-0959F8DF43ED, cid=2363, SUCCESS, logIndex=0, commits[efcb8ff8-f060-4d95-9215-d0f5eb4af037:c3505, 6fae8b02-e804-4c0e-b729-a97b7404b7f6:c3503, 4c3e8a66-6975-4917-8225-d3efe707aaff:c3503]
2019-09-04 11:46:23,071 | INFO  | SCMAudit | user=jenkins1000 | ip=192.168.36.67 | op=ALLOCATE_BLOCK {owner=8ab292a2-aaa7-4ad8-863a-d33994811155, size=4194304, type=RATIS, factor=THREE} | ret=SUCCESS |  
2019-09-04 11:46:23,074 | INFO  | OMAudit | user=jenkins1000 | ip=127.0.0.1 | op=ALLOCATE_BLOCK {volume=vol-0-58699, bucket=bucket-0-57464, key=key-0-37266, dataSize=0, replicationType=null, replicationFactor=null, keyLocationInfo=null, clientID=102734073355960722} | ret=SUCCESS |  
2019-09-04 11:46:23,083 | INFO  | DNAudit | user=null | ip=null | op=WRITE_CHUNK {blockData=conID: 3 locID: 102734075204141636 bcsId: 0} | ret=SUCCESS |  
2019-09-04 11:46:23,086 | INFO  | DNAudit | user=null | ip=null | op=WRITE_CHUNK {blockData=conID: 3 locID: 102734075204141636 bcsId: 0} | ret=SUCCESS |  
2019-09-04 11:46:23,086 | INFO  | DNAudit | user=null | ip=null | op=WRITE_CHUNK {blockData=conID: 3 locID: 102734075204141636 bcsId: 0} | ret=SUCCESS |  
2019-09-04 11:46:23,087 | INFO  | DNAudit | user=null | ip=null | op=WRITE_CHUNK {blockData=conID: 3 locID: 102734075204141636 bcsId: 0} | ret=SUCCESS |  
2019-09-04 11:46:23,088 | INFO  | DNAudit | user=null | ip=null | op=WRITE_CHUNK {blockData=conID: 3 locID: 102734075204141636 bcsId: 0} | ret=SUCCESS |  
2019-09-04 11:46:23,089 | INFO  | DNAudit | user=null | ip=null | op=WRITE_CHUNK {blockData=conID: 3 locID: 102734075204141636 bcsId: 0} | ret=SUCCESS |  
2019-09-04 11:46:23,121 | INFO  | DNAudit | user=null | ip=null | op=WRITE_CHUNK {blockData=conID: 3 locID: 102734075204141636 bcsId: 0} | ret=SUCCESS |  
2019-09-04 11:46:23,122 | INFO  | DNAudit | user=null | ip=null | op=PUT_BLOCK {blockData=[blockId=conID: 3 locID: 102734075204141636 bcsId: 0,size=1048576]} | ret=SUCCESS |  
2019-09-04 11:46:23,122 [grpc-default-executor-5] INFO  client.GrpcClientProtocolClient (GrpcClientProtocolClient.java:onNext(255)) - client-D5CE890D7D9E->efcb8ff8-f060-4d95-9215-d0f5eb4af037: receive RaftClientReply:client-D5CE890D7D9E->efcb8ff8-f060-4d95-9215-d0f5eb4af037@group-0959F8DF43ED, cid=2364, SUCCESS, logIndex=3506, commits[efcb8ff8-f060-4d95-9215-d0f5eb4af037:c3507, 6fae8b02-e804-4c0e-b729-a97b7404b7f6:c3505, 4c3e8a66-6975-4917-8225-d3efe707aaff:c3505]
2019-09-04 11:46:23,122 | INFO  | DNAudit | user=null | ip=null | op=WRITE_CHUNK {blockData=conID: 3 locID: 102734075204141636 bcsId: 0} | ret=SUCCESS |  
2019-09-04 11:46:23,122 | INFO  | DNAudit | user=null | ip=null | op=PUT_BLOCK {blockData=[blockId=conID: 3 locID: 102734075204141636 bcsId: 0,size=2097152]} | ret=SUCCESS |  
2019-09-04 11:46:23,122 [grpc-default-executor-5] INFO  client.GrpcClientProtocolClient (GrpcClientProtocolClient.java:onNext(255)) - client-D5CE890D7D9E->efcb8ff8-f060-4d95-9215-d0f5eb4af037: receive RaftClientReply:client-D5CE890D7D9E->efcb8ff8-f060-4d95-9215-d0f5eb4af037@group-0959F8DF43ED, cid=2365, SUCCESS, logIndex=3507, commits[efcb8ff8-f060-4d95-9215-d0f5eb4af037:c3509, 6fae8b02-e804-4c0e-b729-a97b7404b7f6:c3505, 4c3e8a66-6975-4917-8225-d3efe707aaff:c3505]
2019-09-04 11:46:23,123 [grpc-default-executor-5] INFO  client.GrpcClientProtocolClient (GrpcClientProtocolClient.java:onNext(255)) - client-D5CE890D7D9E->efcb8ff8-f060-4d95-9215-d0f5eb4af037: receive RaftClientReply:client-D5CE890D7D9E->efcb8ff8-f060-4d95-9215-d0f5eb4af037@group-0959F8DF43ED, cid=2366, SUCCESS, logIndex=3508, commits[efcb8ff8-f060-4d95-9215-d0f5eb4af037:c3509, 6fae8b02-e804-4c0e-b729-a97b7404b7f6:c3505, 4c3e8a66-6975-4917-8225-d3efe707aaff:c3505]
2019-09-04 11:46:23,123 [grpc-default-executor-5] INFO  client.GrpcClientProtocolClient (GrpcClientProtocolClient.java:onNext(255)) - client-D5CE890D7D9E->efcb8ff8-f060-4d95-9215-d0f5eb4af037: receive RaftClientReply:client-D5CE890D7D9E->efcb8ff8-f060-4d95-9215-d0f5eb4af037@group-0959F8DF43ED, cid=2367, SUCCESS, logIndex=3509, commits[efcb8ff8-f060-4d95-9215-d0f5eb4af037:c3509, 6fae8b02-e804-4c0e-b729-a97b7404b7f6:c3505, 4c3e8a66-6975-4917-8225-d3efe707aaff:c3505]
2019-09-04 11:46:23,141 | INFO  | DNAudit | user=null | ip=null | op=WRITE_CHUNK {blockData=conID: 3 locID: 102734075204141636 bcsId: 0} | ret=SUCCESS |  
2019-09-04 11:46:23,141 | INFO  | DNAudit | user=null | ip=null | op=PUT_BLOCK {blockData=[blockId=conID: 3 locID: 102734075204141636 bcsId: 0,size=1048576]} | ret=SUCCESS |  
2019-09-04 11:46:23,164 | INFO  | DNAudit | user=null | ip=null | op=WRITE_CHUNK {blockData=conID: 3 locID: 102734075204141636 bcsId: 0} | ret=SUCCESS |  
2019-09-04 11:46:23,165 | INFO  | DNAudit | user=null | ip=null | op=PUT_BLOCK {blockData=[blockId=conID: 3 locID: 102734075204141636 bcsId: 0,size=1048576]} | ret=SUCCESS |  
2019-09-04 11:46:23,165 | INFO  | DNAudit | user=null | ip=null | op=WRITE_CHUNK {blockData=conID: 3 locID: 102734075204141636 bcsId: 0} | ret=SUCCESS |  
2019-09-04 11:46:23,165 | INFO  | DNAudit | user=null | ip=null | op=WRITE_CHUNK {blockData=conID: 3 locID: 102734075204141636 bcsId: 0} | ret=SUCCESS |  
2019-09-04 11:46:23,166 | INFO  | DNAudit | user=null | ip=null | op=PUT_BLOCK {blockData=[blockId=conID: 3 locID: 102734075204141636 bcsId: 0,size=2097152]} | ret=SUCCESS |  
2019-09-04 11:46:23,166 | INFO  | DNAudit | user=null | ip=null | op=PUT_BLOCK {blockData=[blockId=conID: 3 locID: 102734075204141636 bcsId: 0,size=2097152]} | ret=SUCCESS |  
2019-09-04 11:46:23,166 [grpc-default-executor-5] INFO  client.GrpcClientProtocolClient (GrpcClientProtocolClient.java:onNext(255)) - client-D5CE890D7D9E->efcb8ff8-f060-4d95-9215-d0f5eb4af037: receive RaftClientReply:client-D5CE890D7D9E->efcb8ff8-f060-4d95-9215-d0f5eb4af037@group-0959F8DF43ED, cid=2368, SUCCESS, logIndex=0, commits[efcb8ff8-f060-4d95-9215-d0f5eb4af037:c3510, 6fae8b02-e804-4c0e-b729-a97b7404b7f6:c3507, 4c3e8a66-6975-4917-8225-d3efe707aaff:c3507]
2019-09-04 11:46:23,175 | INFO  | DNAudit | user=null | ip=null | op=WRITE_CHUNK {blockData=conID: 3 locID: 102734075204141636 bcsId: 3509} | ret=SUCCESS |  
2019-09-04 11:46:23,179 | INFO  | DNAudit | user=null | ip=null | op=WRITE_CHUNK {blockData=conID: 3 locID: 102734075204141636 bcsId: 3509} | ret=SUCCESS |  
2019-09-04 11:46:23,179 | INFO  | DNAudit | user=null | ip=null | op=WRITE_CHUNK {blockData=conID: 3 locID: 102734075204141636 bcsId: 3509} | ret=SUCCESS |  
2019-09-04 11:46:23,232 | INFO  | DNAudit | user=null | ip=null | op=WRITE_CHUNK {blockData=conID: 3 locID: 102734075204141636 bcsId: 3509} | ret=SUCCESS |  
2019-09-04 11:46:23,232 | INFO  | DNAudit | user=null | ip=null | op=PUT_BLOCK {blockData=[blockId=conID: 3 locID: 102734075204141636 bcsId: 0,size=3145728]} | ret=SUCCESS |  
2019-09-04 11:46:23,232 [grpc-default-executor-6] INFO  client.GrpcClientProtocolClient (GrpcClientProtocolClient.java:onNext(255)) - client-D5CE890D7D9E->efcb8ff8-f060-4d95-9215-d0f5eb4af037: receive RaftClientReply:client-D5CE890D7D9E->efcb8ff8-f060-4d95-9215-d0f5eb4af037@group-0959F8DF43ED, cid=2369, SUCCESS, logIndex=3513, commits[efcb8ff8-f060-4d95-9215-d0f5eb4af037:c3514, 6fae8b02-e804-4c0e-b729-a97b7404b7f6:c3512, 4c3e8a66-6975-4917-8225-d3efe707aaff:c3512]
2019-09-04 11:46:23,233 [grpc-default-executor-6] INFO  client.GrpcClientProtocolClient (GrpcClientProtocolClient.java:onNext(255)) - client-D5CE890D7D9E->efcb8ff8-f060-4d95-9215-d0f5eb4af037: receive RaftClientReply:client-D5CE890D7D9E->efcb8ff8-f060-4d95-9215-d0f5eb4af037@group-0959F8DF43ED, cid=2370, SUCCESS, logIndex=3514, commits[efcb8ff8-f060-4d95-9215-d0f5eb4af037:c3514, 6fae8b02-e804-4c0e-b729-a97b7404b7f6:c3512, 4c3e8a66-6975-4917-8225-d3efe707aaff:c3512]
2019-09-04 11:46:23,241 | INFO  | DNAudit | user=null | ip=null | op=WRITE_CHUNK {blockData=conID: 3 locID: 102734075204141636 bcsId: 3514} | ret=SUCCESS |  
2019-09-04 11:46:23,244 | INFO  | DNAudit | user=null | ip=null | op=WRITE_CHUNK {blockData=conID: 3 locID: 102734075204141636 bcsId: 3514} | ret=SUCCESS |  
2019-09-04 11:46:23,244 | INFO  | DNAudit | user=null | ip=null | op=WRITE_CHUNK {blockData=conID: 3 locID: 102734075204141636 bcsId: 3514} | ret=SUCCESS |  
2019-09-04 11:46:23,260 | INFO  | DNAudit | user=null | ip=null | op=WRITE_CHUNK {blockData=conID: 3 locID: 102734075204141636 bcsId: 3509} | ret=SUCCESS |  
2019-09-04 11:46:23,260 | INFO  | DNAudit | user=null | ip=null | op=WRITE_CHUNK {blockData=conID: 3 locID: 102734075204141636 bcsId: 3509} | ret=SUCCESS |  
2019-09-04 11:46:23,262 | INFO  | DNAudit | user=null | ip=null | op=PUT_BLOCK {blockData=[blockId=conID: 3 locID: 102734075204141636 bcsId: 0,size=3145728]} | ret=SUCCESS |  
2019-09-04 11:46:23,262 | INFO  | DNAudit | user=null | ip=null | op=PUT_BLOCK {blockData=[blockId=conID: 3 locID: 102734075204141636 bcsId: 0,size=3145728]} | ret=SUCCESS |  
2019-09-04 11:46:23,263 | INFO  | DNAudit | user=null | ip=null | op=WRITE_CHUNK {blockData=conID: 3 locID: 102734075204141636 bcsId: 3514} | ret=SUCCESS |  
2019-09-04 11:46:23,264 | INFO  | DNAudit | user=null | ip=null | op=PUT_BLOCK {blockData=[blockId=conID: 3 locID: 102734075204141636 bcsId: 0,size=4194304]} | ret=SUCCESS |  
2019-09-04 11:46:23,264 [grpc-default-executor-0] INFO  client.GrpcClientProtocolClient (GrpcClientProtocolClient.java:onNext(255)) - client-D5CE890D7D9E->efcb8ff8-f060-4d95-9215-d0f5eb4af037: receive RaftClientReply:client-D5CE890D7D9E->efcb8ff8-f060-4d95-9215-d0f5eb4af037@group-0959F8DF43ED, cid=2371, SUCCESS, logIndex=3517, commits[efcb8ff8-f060-4d95-9215-d0f5eb4af037:c3518, 6fae8b02-e804-4c0e-b729-a97b7404b7f6:c3514, 4c3e8a66-6975-4917-8225-d3efe707aaff:c3514]
2019-09-04 11:46:23,265 [grpc-default-executor-0] INFO  client.GrpcClientProtocolClient (GrpcClientProtocolClient.java:onNext(255)) - client-D5CE890D7D9E->efcb8ff8-f060-4d95-9215-d0f5eb4af037: receive RaftClientReply:client-D5CE890D7D9E->efcb8ff8-f060-4d95-9215-d0f5eb4af037@group-0959F8DF43ED, cid=2372, SUCCESS, logIndex=3518, commits[efcb8ff8-f060-4d95-9215-d0f5eb4af037:c3518, 6fae8b02-e804-4c0e-b729-a97b7404b7f6:c3514, 4c3e8a66-6975-4917-8225-d3efe707aaff:c3514]
2019-09-04 11:46:23,299 | INFO  | DNAudit | user=null | ip=null | op=WRITE_CHUNK {blockData=conID: 3 locID: 102734075204141636 bcsId: 3514} | ret=SUCCESS |  
2019-09-04 11:46:23,299 | INFO  | DNAudit | user=null | ip=null | op=WRITE_CHUNK {blockData=conID: 3 locID: 102734075204141636 bcsId: 3514} | ret=SUCCESS |  
2019-09-04 11:46:23,299 | INFO  | DNAudit | user=null | ip=null | op=PUT_BLOCK {blockData=[blockId=conID: 3 locID: 102734075204141636 bcsId: 0,size=4194304]} | ret=SUCCESS |  
2019-09-04 11:46:23,300 | INFO  | DNAudit | user=null | ip=null | op=PUT_BLOCK {blockData=[blockId=conID: 3 locID: 102734075204141636 bcsId: 0,size=4194304]} | ret=SUCCESS |  
2019-09-04 11:46:23,301 [grpc-default-executor-0] INFO  client.GrpcClientProtocolClient (GrpcClientProtocolClient.java:onNext(255)) - client-D5CE890D7D9E->efcb8ff8-f060-4d95-9215-d0f5eb4af037: receive RaftClientReply:client-D5CE890D7D9E->efcb8ff8-f060-4d95-9215-d0f5eb4af037@group-0959F8DF43ED, cid=2373, SUCCESS, logIndex=0, commits[efcb8ff8-f060-4d95-9215-d0f5eb4af037:c3520, 6fae8b02-e804-4c0e-b729-a97b7404b7f6:c3518, 4c3e8a66-6975-4917-8225-d3efe707aaff:c3518]
2019-09-04 11:46:23,308 | INFO  | SCMAudit | user=jenkins1000 | ip=192.168.36.67 | op=ALLOCATE_BLOCK {owner=8ab292a2-aaa7-4ad8-863a-d33994811155, size=4194304, type=RATIS, factor=THREE} | ret=SUCCESS |  
2019-09-04 11:46:23,313 | INFO  | OMAudit | user=jenkins1000 | ip=127.0.0.1 | op=ALLOCATE_BLOCK {volume=vol-0-58699, bucket=bucket-0-57464, key=key-0-37266, dataSize=0, replicationType=null, replicationFactor=null, keyLocationInfo=null, clientID=102734073355960722} | ret=SUCCESS |  
2019-09-04 11:46:23,323 | INFO  | DNAudit | user=null | ip=null | op=WRITE_CHUNK {blockData=conID: 1 locID: 102734075219673669 bcsId: 0} | ret=SUCCESS |  
2019-09-04 11:46:23,326 | INFO  | DNAudit | user=null | ip=null | op=WRITE_CHUNK {blockData=conID: 1 locID: 102734075219673669 bcsId: 0} | ret=SUCCESS |  
2019-09-04 11:46:23,326 | INFO  | DNAudit | user=null | ip=null | op=WRITE_CHUNK {blockData=conID: 1 locID: 102734075219673669 bcsId: 0} | ret=SUCCESS |  
2019-09-04 11:46:23,327 | INFO  | DNAudit | user=null | ip=null | op=WRITE_CHUNK {blockData=conID: 1 locID: 102734075219673669 bcsId: 0} | ret=SUCCESS |  
2019-09-04 11:46:23,329 | INFO  | DNAudit | user=null | ip=null | op=WRITE_CHUNK {blockData=conID: 1 locID: 102734075219673669 bcsId: 0} | ret=SUCCESS |  
2019-09-04 11:46:23,330 | INFO  | DNAudit | user=null | ip=null | op=WRITE_CHUNK {blockData=conID: 1 locID: 102734075219673669 bcsId: 0} | ret=SUCCESS |  
2019-09-04 11:46:23,357 | INFO  | DNAudit | user=null | ip=null | op=WRITE_CHUNK {blockData=conID: 1 locID: 102734075219673669 bcsId: 0} | ret=SUCCESS |  
2019-09-04 11:46:23,358 | INFO  | DNAudit | user=null | ip=null | op=PUT_BLOCK {blockData=[blockId=conID: 1 locID: 102734075219673669 bcsId: 0,size=1048576]} | ret=SUCCESS |  
2019-09-04 11:46:23,359 | INFO  | DNAudit | user=null | ip=null | op=WRITE_CHUNK {blockData=conID: 1 locID: 102734075219673669 bcsId: 0} | ret=SUCCESS |  
2019-09-04 11:46:23,359 [grpc-default-executor-6] INFO  client.GrpcClientProtocolClient (GrpcClientProtocolClient.java:onNext(255)) - client-D5CE890D7D9E->efcb8ff8-f060-4d95-9215-d0f5eb4af037: receive RaftClientReply:client-D5CE890D7D9E->efcb8ff8-f060-4d95-9215-d0f5eb4af037@group-0959F8DF43ED, cid=2374, SUCCESS, logIndex=3521, commits[efcb8ff8-f060-4d95-9215-d0f5eb4af037:c3522, 6fae8b02-e804-4c0e-b729-a97b7404b7f6:c3520, 4c3e8a66-6975-4917-8225-d3efe707aaff:c3520]
2019-09-04 11:46:23,359 | INFO  | DNAudit | user=null | ip=null | op=PUT_BLOCK {blockData=[blockId=conID: 1 locID: 102734075219673669 bcsId: 0,size=2097152]} | ret=SUCCESS |  
2019-09-04 11:46:23,359 [grpc-default-executor-6] INFO  client.GrpcClientProtocolClient (GrpcClientProtocolClient.java:onNext(255)) - client-D5CE890D7D9E->efcb8ff8-f060-4d95-9215-d0f5eb4af037: receive RaftClientReply:client-D5CE890D7D9E->efcb8ff8-f060-4d95-9215-d0f5eb4af037@group-0959F8DF43ED, cid=2375, SUCCESS, logIndex=3522, commits[efcb8ff8-f060-4d95-9215-d0f5eb4af037:c3524, 6fae8b02-e804-4c0e-b729-a97b7404b7f6:c3520, 4c3e8a66-6975-4917-8225-d3efe707aaff:c3520]
2019-09-04 11:46:23,360 [grpc-default-executor-6] INFO  client.GrpcClientProtocolClient (GrpcClientProtocolClient.java:onNext(255)) - client-D5CE890D7D9E->efcb8ff8-f060-4d95-9215-d0f5eb4af037: receive RaftClientReply:client-D5CE890D7D9E->efcb8ff8-f060-4d95-9215-d0f5eb4af037@group-0959F8DF43ED, cid=2376, SUCCESS, logIndex=3523, commits[efcb8ff8-f060-4d95-9215-d0f5eb4af037:c3524, 6fae8b02-e804-4c0e-b729-a97b7404b7f6:c3520, 4c3e8a66-6975-4917-8225-d3efe707aaff:c3520]
2019-09-04 11:46:23,360 [grpc-default-executor-6] INFO  client.GrpcClientProtocolClient (GrpcClientProtocolClient.java:onNext(255)) - client-D5CE890D7D9E->efcb8ff8-f060-4d95-9215-d0f5eb4af037: receive RaftClientReply:client-D5CE890D7D9E->efcb8ff8-f060-4d95-9215-d0f5eb4af037@group-0959F8DF43ED, cid=2377, SUCCESS, logIndex=3524, commits[efcb8ff8-f060-4d95-9215-d0f5eb4af037:c3524, 6fae8b02-e804-4c0e-b729-a97b7404b7f6:c3520, 4c3e8a66-6975-4917-8225-d3efe707aaff:c3520]
2019-09-04 11:46:23,375 | INFO  | DNAudit | user=null | ip=null | op=WRITE_CHUNK {blockData=conID: 1 locID: 102734075219673669 bcsId: 0} | ret=SUCCESS |  
2019-09-04 11:46:23,394 | INFO  | DNAudit | user=null | ip=null | op=PUT_BLOCK {blockData=[blockId=conID: 1 locID: 102734075219673669 bcsId: 0,size=1048576]} | ret=SUCCESS |  
2019-09-04 11:46:23,395 | INFO  | DNAudit | user=null | ip=null | op=WRITE_CHUNK {blockData=conID: 1 locID: 102734075219673669 bcsId: 0} | ret=SUCCESS |  
2019-09-04 11:46:23,395 | INFO  | DNAudit | user=null | ip=null | op=PUT_BLOCK {blockData=[blockId=conID: 1 locID: 102734075219673669 bcsId: 0,size=2097152]} | ret=SUCCESS |  
2019-09-04 11:46:23,395 | INFO  | DNAudit | user=null | ip=null | op=WRITE_CHUNK {blockData=conID: 1 locID: 102734075219673669 bcsId: 0} | ret=SUCCESS |  
2019-09-04 11:46:23,396 | INFO  | DNAudit | user=null | ip=null | op=PUT_BLOCK {blockData=[blockId=conID: 1 locID: 102734075219673669 bcsId: 0,size=1048576]} | ret=SUCCESS |  
2019-09-04 11:46:23,396 | INFO  | DNAudit | user=null | ip=null | op=WRITE_CHUNK {blockData=conID: 1 locID: 102734075219673669 bcsId: 0} | ret=SUCCESS |  
2019-09-04 11:46:23,396 [grpc-default-executor-0] INFO  client.GrpcClientProtocolClient (GrpcClientProtocolClient.java:onNext(255)) - client-D5CE890D7D9E->efcb8ff8-f060-4d95-9215-d0f5eb4af037: receive RaftClientReply:client-D5CE890D7D9E->efcb8ff8-f060-4d95-9215-d0f5eb4af037@group-0959F8DF43ED, cid=2378, SUCCESS, logIndex=0, commits[efcb8ff8-f060-4d95-9215-d0f5eb4af037:c3528, 6fae8b02-e804-4c0e-b729-a97b7404b7f6:c3522, 4c3e8a66-6975-4917-8225-d3efe707aaff:c3524]
2019-09-04 11:46:23,396 | INFO  | DNAudit | user=null | ip=null | op=PUT_BLOCK {blockData=[blockId=conID: 1 locID: 102734075219673669 bcsId: 0,size=2097152]} | ret=SUCCESS |  
2019-09-04 11:46:23,404 | INFO  | DNAudit | user=null | ip=null | op=WRITE_CHUNK {blockData=conID: 1 locID: 102734075219673669 bcsId: 3524} | ret=SUCCESS |  
2019-09-04 11:46:23,407 | INFO  | DNAudit | user=null | ip=null | op=WRITE_CHUNK {blockData=conID: 1 locID: 102734075219673669 bcsId: 3524} | ret=SUCCESS |  
2019-09-04 11:46:23,407 | INFO  | DNAudit | user=null | ip=null | op=WRITE_CHUNK {blockData=conID: 1 locID: 102734075219673669 bcsId: 3524} | ret=SUCCESS |  
2019-09-04 11:46:23,418 | INFO  | DNAudit | user=null | ip=null | op=WRITE_CHUNK {blockData=conID: 1 locID: 102734075219673669 bcsId: 3524} | ret=SUCCESS |  
2019-09-04 11:46:23,418 | INFO  | DNAudit | user=null | ip=null | op=PUT_BLOCK {blockData=[blockId=conID: 1 locID: 102734075219673669 bcsId: 0,size=3145728]} | ret=SUCCESS |  
2019-09-04 11:46:23,419 [grpc-default-executor-5] INFO  client.GrpcClientProtocolClient (GrpcClientProtocolClient.java:onNext(255)) - client-D5CE890D7D9E->efcb8ff8-f060-4d95-9215-d0f5eb4af037: receive RaftClientReply:client-D5CE890D7D9E->efcb8ff8-f060-4d95-9215-d0f5eb4af037@group-0959F8DF43ED, cid=2379, SUCCESS, logIndex=3529, commits[efcb8ff8-f060-4d95-9215-d0f5eb4af037:c3530, 6fae8b02-e804-4c0e-b729-a97b7404b7f6:c3528, 4c3e8a66-6975-4917-8225-d3efe707aaff:c3528]
2019-09-04 11:46:23,419 [grpc-default-executor-5] INFO  client.GrpcClientProtocolClient (GrpcClientProtocolClient.java:onNext(255)) - client-D5CE890D7D9E->efcb8ff8-f060-4d95-9215-d0f5eb4af037: receive RaftClientReply:client-D5CE890D7D9E->efcb8ff8-f060-4d95-9215-d0f5eb4af037@group-0959F8DF43ED, cid=2380, SUCCESS, logIndex=3530, commits[efcb8ff8-f060-4d95-9215-d0f5eb4af037:c3530, 6fae8b02-e804-4c0e-b729-a97b7404b7f6:c3528, 4c3e8a66-6975-4917-8225-d3efe707aaff:c3528]
2019-09-04 11:46:23,427 | INFO  | DNAudit | user=null | ip=null | op=WRITE_CHUNK {blockData=conID: 1 locID: 102734075219673669 bcsId: 3530} | ret=SUCCESS |  
2019-09-04 11:46:23,429 | INFO  | DNAudit | user=null | ip=null | op=WRITE_CHUNK {blockData=conID: 1 locID: 102734075219673669 bcsId: 3530} | ret=SUCCESS |  
2019-09-04 11:46:23,430 | INFO  | DNAudit | user=null | ip=null | op=WRITE_CHUNK {blockData=conID: 1 locID: 102734075219673669 bcsId: 3530} | ret=SUCCESS |  
2019-09-04 11:46:23,446 | INFO  | DNAudit | user=null | ip=null | op=WRITE_CHUNK {blockData=conID: 1 locID: 102734075219673669 bcsId: 3524} | ret=SUCCESS |  
2019-09-04 11:46:23,446 | INFO  | DNAudit | user=null | ip=null | op=WRITE_CHUNK {blockData=conID: 1 locID: 102734075219673669 bcsId: 3524} | ret=SUCCESS |  
2019-09-04 11:46:23,448 | INFO  | DNAudit | user=null | ip=null | op=PUT_BLOCK {blockData=[blockId=conID: 1 locID: 102734075219673669 bcsId: 0,size=3145728]} | ret=SUCCESS |  
2019-09-04 11:46:23,448 | INFO  | DNAudit | user=null | ip=null | op=PUT_BLOCK {blockData=[blockId=conID: 1 locID: 102734075219673669 bcsId: 0,size=3145728]} | ret=SUCCESS |  
2019-09-04 11:46:23,449 | INFO  | DNAudit | user=null | ip=null | op=WRITE_CHUNK {blockData=conID: 1 locID: 102734075219673669 bcsId: 3530} | ret=SUCCESS |  
2019-09-04 11:46:23,449 | INFO  | DNAudit | user=null | ip=null | op=PUT_BLOCK {blockData=[blockId=conID: 1 locID: 102734075219673669 bcsId: 0,size=4194304]} | ret=SUCCESS |  
2019-09-04 11:46:23,449 [grpc-default-executor-6] INFO  client.GrpcClientProtocolClient (GrpcClientProtocolClient.java:onNext(255)) - client-D5CE890D7D9E->efcb8ff8-f060-4d95-9215-d0f5eb4af037: receive RaftClientReply:client-D5CE890D7D9E->efcb8ff8-f060-4d95-9215-d0f5eb4af037@group-0959F8DF43ED, cid=2381, SUCCESS, logIndex=3533, commits[efcb8ff8-f060-4d95-9215-d0f5eb4af037:c3533, 6fae8b02-e804-4c0e-b729-a97b7404b7f6:c3530, 4c3e8a66-6975-4917-8225-d3efe707aaff:c3530]
2019-09-04 11:46:23,450 [grpc-default-executor-6] INFO  client.GrpcClientProtocolClient (GrpcClientProtocolClient.java:onNext(255)) - client-D5CE890D7D9E->efcb8ff8-f060-4d95-9215-d0f5eb4af037: receive RaftClientReply:client-D5CE890D7D9E->efcb8ff8-f060-4d95-9215-d0f5eb4af037@group-0959F8DF43ED, cid=2382, SUCCESS, logIndex=3534, commits[efcb8ff8-f060-4d95-9215-d0f5eb4af037:c3534, 6fae8b02-e804-4c0e-b729-a97b7404b7f6:c3530, 4c3e8a66-6975-4917-8225-d3efe707aaff:c3530]
2019-09-04 11:46:23,477 | INFO  | DNAudit | user=null | ip=null | op=WRITE_CHUNK {blockData=conID: 1 locID: 102734075219673669 bcsId: 3530} | ret=SUCCESS |  
2019-09-04 11:46:23,477 | INFO  | DNAudit | user=null | ip=null | op=WRITE_CHUNK {blockData=conID: 1 locID: 102734075219673669 bcsId: 3530} | ret=SUCCESS |  
2019-09-04 11:46:23,478 | INFO  | DNAudit | user=null | ip=null | op=PUT_BLOCK {blockData=[blockId=conID: 1 locID: 102734075219673669 bcsId: 0,size=4194304]} | ret=SUCCESS |  
2019-09-04 11:46:23,478 | INFO  | DNAudit | user=null | ip=null | op=PUT_BLOCK {blockData=[blockId=conID: 1 locID: 102734075219673669 bcsId: 0,size=4194304]} | ret=SUCCESS |  
2019-09-04 11:46:23,479 [grpc-default-executor-6] INFO  client.GrpcClientProtocolClient (GrpcClientProtocolClient.java:onNext(255)) - client-D5CE890D7D9E->efcb8ff8-f060-4d95-9215-d0f5eb4af037: receive RaftClientReply:client-D5CE890D7D9E->efcb8ff8-f060-4d95-9215-d0f5eb4af037@group-0959F8DF43ED, cid=2383, SUCCESS, logIndex=0, commits[efcb8ff8-f060-4d95-9215-d0f5eb4af037:c3536, 6fae8b02-e804-4c0e-b729-a97b7404b7f6:c3534, 4c3e8a66-6975-4917-8225-d3efe707aaff:c3534]
2019-09-04 11:46:23,484 | INFO  | SCMAudit | user=jenkins1000 | ip=192.168.36.67 | op=ALLOCATE_BLOCK {owner=8ab292a2-aaa7-4ad8-863a-d33994811155, size=4194304, type=RATIS, factor=THREE} | ret=SUCCESS |  
2019-09-04 11:46:23,488 | INFO  | OMAudit | user=jenkins1000 | ip=127.0.0.1 | op=ALLOCATE_BLOCK {volume=vol-0-58699, bucket=bucket-0-57464, key=key-0-37266, dataSize=0, replicationType=null, replicationFactor=null, keyLocationInfo=null, clientID=102734073355960722} | ret=SUCCESS |  
2019-09-04 11:46:23,497 | INFO  | DNAudit | user=null | ip=null | op=WRITE_CHUNK {blockData=conID: 2 locID: 102734075231208006 bcsId: 0} | ret=SUCCESS |  
2019-09-04 11:46:23,500 | INFO  | DNAudit | user=null | ip=null | op=WRITE_CHUNK {blockData=conID: 2 locID: 102734075231208006 bcsId: 0} | ret=SUCCESS |  
2019-09-04 11:46:23,501 | INFO  | DNAudit | user=null | ip=null | op=WRITE_CHUNK {blockData=conID: 2 locID: 102734075231208006 bcsId: 0} | ret=SUCCESS |  
2019-09-04 11:46:23,501 | INFO  | DNAudit | user=null | ip=null | op=WRITE_CHUNK {blockData=conID: 2 locID: 102734075231208006 bcsId: 0} | ret=SUCCESS |  
2019-09-04 11:46:23,503 | INFO  | DNAudit | user=null | ip=null | op=WRITE_CHUNK {blockData=conID: 2 locID: 102734075231208006 bcsId: 0} | ret=SUCCESS |  
2019-09-04 11:46:23,503 | INFO  | DNAudit | user=null | ip=null | op=WRITE_CHUNK {blockData=conID: 2 locID: 102734075231208006 bcsId: 0} | ret=SUCCESS |  
2019-09-04 11:46:23,540 | INFO  | DNAudit | user=null | ip=null | op=WRITE_CHUNK {blockData=conID: 2 locID: 102734075231208006 bcsId: 0} | ret=SUCCESS |  
2019-09-04 11:46:23,540 | INFO  | DNAudit | user=null | ip=null | op=PUT_BLOCK {blockData=[blockId=conID: 2 locID: 102734075231208006 bcsId: 0,size=1048576]} | ret=SUCCESS |  
2019-09-04 11:46:23,540 [grpc-default-executor-1] INFO  client.GrpcClientProtocolClient (GrpcClientProtocolClient.java:onNext(255)) - client-D5CE890D7D9E->efcb8ff8-f060-4d95-9215-d0f5eb4af037: receive RaftClientReply:client-D5CE890D7D9E->efcb8ff8-f060-4d95-9215-d0f5eb4af037@group-0959F8DF43ED, cid=2384, SUCCESS, logIndex=3537, commits[efcb8ff8-f060-4d95-9215-d0f5eb4af037:c3538, 6fae8b02-e804-4c0e-b729-a97b7404b7f6:c3536, 4c3e8a66-6975-4917-8225-d3efe707aaff:c3536]
2019-09-04 11:46:23,541 | INFO  | DNAudit | user=null | ip=null | op=WRITE_CHUNK {blockData=conID: 2 locID: 102734075231208006 bcsId: 0} | ret=SUCCESS |  
2019-09-04 11:46:23,541 [grpc-default-executor-1] INFO  client.GrpcClientProtocolClient (GrpcClientProtocolClient.java:onNext(255)) - client-D5CE890D7D9E->efcb8ff8-f060-4d95-9215-d0f5eb4af037: receive RaftClientReply:client-D5CE890D7D9E->efcb8ff8-f060-4d95-9215-d0f5eb4af037@group-0959F8DF43ED, cid=2385, SUCCESS, logIndex=3538, commits[efcb8ff8-f060-4d95-9215-d0f5eb4af037:c3540, 6fae8b02-e804-4c0e-b729-a97b7404b7f6:c3536, 4c3e8a66-6975-4917-8225-d3efe707aaff:c3536]
2019-09-04 11:46:23,541 | INFO  | DNAudit | user=null | ip=null | op=PUT_BLOCK {blockData=[blockId=conID: 2 locID: 102734075231208006 bcsId: 0,size=2097152]} | ret=SUCCESS |  
2019-09-04 11:46:23,542 [grpc-default-executor-1] INFO  client.GrpcClientProtocolClient (GrpcClientProtocolClient.java:onNext(255)) - client-D5CE890D7D9E->efcb8ff8-f060-4d95-9215-d0f5eb4af037: receive RaftClientReply:client-D5CE890D7D9E->efcb8ff8-f060-4d95-9215-d0f5eb4af037@group-0959F8DF43ED, cid=2386, SUCCESS, logIndex=3539, commits[efcb8ff8-f060-4d95-9215-d0f5eb4af037:c3540, 6fae8b02-e804-4c0e-b729-a97b7404b7f6:c3536, 4c3e8a66-6975-4917-8225-d3efe707aaff:c3536]
2019-09-04 11:46:23,542 [grpc-default-executor-1] INFO  client.GrpcClientProtocolClient (GrpcClientProtocolClient.java:onNext(255)) - client-D5CE890D7D9E->efcb8ff8-f060-4d95-9215-d0f5eb4af037: receive RaftClientReply:client-D5CE890D7D9E->efcb8ff8-f060-4d95-9215-d0f5eb4af037@group-0959F8DF43ED, cid=2387, SUCCESS, logIndex=3540, commits[efcb8ff8-f060-4d95-9215-d0f5eb4af037:c3540, 6fae8b02-e804-4c0e-b729-a97b7404b7f6:c3536, 4c3e8a66-6975-4917-8225-d3efe707aaff:c3536]
2019-09-04 11:46:23,552 | INFO  | DNAudit | user=null | ip=null | op=WRITE_CHUNK {blockData=conID: 2 locID: 102734075231208006 bcsId: 0} | ret=SUCCESS |  
2019-09-04 11:46:23,552 | INFO  | DNAudit | user=null | ip=null | op=PUT_BLOCK {blockData=[blockId=conID: 2 locID: 102734075231208006 bcsId: 0,size=1048576]} | ret=SUCCESS |  
2019-09-04 11:46:23,553 | INFO  | DNAudit | user=null | ip=null | op=WRITE_CHUNK {blockData=conID: 2 locID: 102734075231208006 bcsId: 0} | ret=SUCCESS |  
2019-09-04 11:46:23,553 | INFO  | DNAudit | user=null | ip=null | op=WRITE_CHUNK {blockData=conID: 2 locID: 102734075231208006 bcsId: 0} | ret=SUCCESS |  
2019-09-04 11:46:23,554 | INFO  | DNAudit | user=null | ip=null | op=PUT_BLOCK {blockData=[blockId=conID: 2 locID: 102734075231208006 bcsId: 0,size=1048576]} | ret=SUCCESS |  
2019-09-04 11:46:23,554 | INFO  | DNAudit | user=null | ip=null | op=PUT_BLOCK {blockData=[blockId=conID: 2 locID: 102734075231208006 bcsId: 0,size=2097152]} | ret=SUCCESS |  
2019-09-04 11:46:23,554 | INFO  | DNAudit | user=null | ip=null | op=WRITE_CHUNK {blockData=conID: 2 locID: 102734075231208006 bcsId: 0} | ret=SUCCESS |  
2019-09-04 11:46:23,554 | INFO  | DNAudit | user=null | ip=null | op=PUT_BLOCK {blockData=[blockId=conID: 2 locID: 102734075231208006 bcsId: 0,size=2097152]} | ret=SUCCESS |  
2019-09-04 11:46:23,555 [grpc-default-executor-1] INFO  client.GrpcClientProtocolClient (GrpcClientProtocolClient.java:onNext(255)) - client-D5CE890D7D9E->efcb8ff8-f060-4d95-9215-d0f5eb4af037: receive RaftClientReply:client-D5CE890D7D9E->efcb8ff8-f060-4d95-9215-d0f5eb4af037@group-0959F8DF43ED, cid=2388, SUCCESS, logIndex=0, commits[efcb8ff8-f060-4d95-9215-d0f5eb4af037:c3543, 6fae8b02-e804-4c0e-b729-a97b7404b7f6:c3538, 4c3e8a66-6975-4917-8225-d3efe707aaff:c3540]
2019-09-04 11:46:23,564 | INFO  | DNAudit | user=null | ip=null | op=WRITE_CHUNK {blockData=conID: 2 locID: 102734075231208006 bcsId: 3540} | ret=SUCCESS |  
2019-09-04 11:46:23,567 | INFO  | DNAudit | user=null | ip=null | op=WRITE_CHUNK {blockData=conID: 2 locID: 102734075231208006 bcsId: 3540} | ret=SUCCESS |  
2019-09-04 11:46:23,568 | INFO  | DNAudit | user=null | ip=null | op=WRITE_CHUNK {blockData=conID: 2 locID: 102734075231208006 bcsId: 3540} | ret=SUCCESS |  
2019-09-04 11:46:23,583 | INFO  | DNAudit | user=null | ip=null | op=WRITE_CHUNK {blockData=conID: 2 locID: 102734075231208006 bcsId: 3540} | ret=SUCCESS |  
2019-09-04 11:46:23,584 | INFO  | DNAudit | user=null | ip=null | op=PUT_BLOCK {blockData=[blockId=conID: 2 locID: 102734075231208006 bcsId: 0,size=3145728]} | ret=SUCCESS |  
2019-09-04 11:46:23,584 [grpc-default-executor-0] INFO  client.GrpcClientProtocolClient (GrpcClientProtocolClient.java:onNext(255)) - client-D5CE890D7D9E->efcb8ff8-f060-4d95-9215-d0f5eb4af037: receive RaftClientReply:client-D5CE890D7D9E->efcb8ff8-f060-4d95-9215-d0f5eb4af037@group-0959F8DF43ED, cid=2389, SUCCESS, logIndex=3545, commits[efcb8ff8-f060-4d95-9215-d0f5eb4af037:c3546, 6fae8b02-e804-4c0e-b729-a97b7404b7f6:c3544, 4c3e8a66-6975-4917-8225-d3efe707aaff:c3544]
2019-09-04 11:46:23,585 [grpc-default-executor-0] INFO  client.GrpcClientProtocolClient (GrpcClientProtocolClient.java:onNext(255)) - client-D5CE890D7D9E->efcb8ff8-f060-4d95-9215-d0f5eb4af037: receive RaftClientReply:client-D5CE890D7D9E->efcb8ff8-f060-4d95-9215-d0f5eb4af037@group-0959F8DF43ED, cid=2390, SUCCESS, logIndex=3546, commits[efcb8ff8-f060-4d95-9215-d0f5eb4af037:c3546, 6fae8b02-e804-4c0e-b729-a97b7404b7f6:c3544, 4c3e8a66-6975-4917-8225-d3efe707aaff:c3544]
2019-09-04 11:46:23,593 | INFO  | DNAudit | user=null | ip=null | op=WRITE_CHUNK {blockData=conID: 2 locID: 102734075231208006 bcsId: 3546} | ret=SUCCESS |  
2019-09-04 11:46:23,596 | INFO  | DNAudit | user=null | ip=null | op=WRITE_CHUNK {blockData=conID: 2 locID: 102734075231208006 bcsId: 3546} | ret=SUCCESS |  
2019-09-04 11:46:23,597 | INFO  | DNAudit | user=null | ip=null | op=WRITE_CHUNK {blockData=conID: 2 locID: 102734075231208006 bcsId: 3546} | ret=SUCCESS |  
2019-09-04 11:46:23,601 | INFO  | DNAudit | user=null | ip=null | op=WRITE_CHUNK {blockData=conID: 2 locID: 102734075231208006 bcsId: 3540} | ret=SUCCESS |  
2019-09-04 11:46:23,601 | INFO  | DNAudit | user=null | ip=null | op=WRITE_CHUNK {blockData=conID: 2 locID: 102734075231208006 bcsId: 3540} | ret=SUCCESS |  
2019-09-04 11:46:23,602 | INFO  | DNAudit | user=null | ip=null | op=PUT_BLOCK {blockData=[blockId=conID: 2 locID: 102734075231208006 bcsId: 0,size=3145728]} | ret=SUCCESS |  
2019-09-04 11:46:23,602 | INFO  | DNAudit | user=null | ip=null | op=PUT_BLOCK {blockData=[blockId=conID: 2 locID: 102734075231208006 bcsId: 0,size=3145728]} | ret=SUCCESS |  
2019-09-04 11:46:23,604 | INFO  | DNAudit | user=null | ip=null | op=WRITE_CHUNK {blockData=conID: 2 locID: 102734075231208006 bcsId: 3546} | ret=SUCCESS |  
2019-09-04 11:46:23,604 | INFO  | DNAudit | user=null | ip=null | op=PUT_BLOCK {blockData=[blockId=conID: 2 locID: 102734075231208006 bcsId: 0,size=4194304]} | ret=SUCCESS |  
2019-09-04 11:46:23,604 [grpc-default-executor-6] INFO  client.GrpcClientProtocolClient (GrpcClientProtocolClient.java:onNext(255)) - client-D5CE890D7D9E->efcb8ff8-f060-4d95-9215-d0f5eb4af037: receive RaftClientReply:client-D5CE890D7D9E->efcb8ff8-f060-4d95-9215-d0f5eb4af037@group-0959F8DF43ED, cid=2391, SUCCESS, logIndex=3549, commits[efcb8ff8-f060-4d95-9215-d0f5eb4af037:c3550, 6fae8b02-e804-4c0e-b729-a97b7404b7f6:c3546, 4c3e8a66-6975-4917-8225-d3efe707aaff:c3546]
2019-09-04 11:46:23,605 [grpc-default-executor-6] INFO  client.GrpcClientProtocolClient (GrpcClientProtocolClient.java:onNext(255)) - client-D5CE890D7D9E->efcb8ff8-f060-4d95-9215-d0f5eb4af037: receive RaftClientReply:client-D5CE890D7D9E->efcb8ff8-f060-4d95-9215-d0f5eb4af037@group-0959F8DF43ED, cid=2392, SUCCESS, logIndex=3550, commits[efcb8ff8-f060-4d95-9215-d0f5eb4af037:c3550, 6fae8b02-e804-4c0e-b729-a97b7404b7f6:c3546, 4c3e8a66-6975-4917-8225-d3efe707aaff:c3546]
2019-09-04 11:46:23,626 | INFO  | DNAudit | user=null | ip=null | op=WRITE_CHUNK {blockData=conID: 2 locID: 102734075231208006 bcsId: 3546} | ret=SUCCESS |  
2019-09-04 11:46:23,627 | INFO  | DNAudit | user=null | ip=null | op=WRITE_CHUNK {blockData=conID: 2 locID: 102734075231208006 bcsId: 3546} | ret=SUCCESS |  
2019-09-04 11:46:23,627 | INFO  | DNAudit | user=null | ip=null | op=PUT_BLOCK {blockData=[blockId=conID: 2 locID: 102734075231208006 bcsId: 0,size=4194304]} | ret=SUCCESS |  
2019-09-04 11:46:23,627 | INFO  | DNAudit | user=null | ip=null | op=PUT_BLOCK {blockData=[blockId=conID: 2 locID: 102734075231208006 bcsId: 0,size=4194304]} | ret=SUCCESS |  
2019-09-04 11:46:23,627 [grpc-default-executor-6] INFO  client.GrpcClientProtocolClient (GrpcClientProtocolClient.java:onNext(255)) - client-D5CE890D7D9E->efcb8ff8-f060-4d95-9215-d0f5eb4af037: receive RaftClientReply:client-D5CE890D7D9E->efcb8ff8-f060-4d95-9215-d0f5eb4af037@group-0959F8DF43ED, cid=2393, SUCCESS, logIndex=0, commits[efcb8ff8-f060-4d95-9215-d0f5eb4af037:c3551, 6fae8b02-e804-4c0e-b729-a97b7404b7f6:c3550, 4c3e8a66-6975-4917-8225-d3efe707aaff:c3550]
2019-09-04 11:46:23,634 | INFO  | SCMAudit | user=jenkins1000 | ip=192.168.36.67 | op=ALLOCATE_BLOCK {owner=8ab292a2-aaa7-4ad8-863a-d33994811155, size=4194304, type=RATIS, factor=THREE} | ret=SUCCESS |  
2019-09-04 11:46:23,638 | INFO  | OMAudit | user=jenkins1000 | ip=127.0.0.1 | op=ALLOCATE_BLOCK {volume=vol-0-58699, bucket=bucket-0-57464, key=key-0-37266, dataSize=0, replicationType=null, replicationFactor=null, keyLocationInfo=null, clientID=102734073355960722} | ret=SUCCESS |  
2019-09-04 11:46:23,648 | INFO  | DNAudit | user=null | ip=null | op=WRITE_CHUNK {blockData=conID: 3 locID: 102734075241038407 bcsId: 0} | ret=SUCCESS |  
2019-09-04 11:46:23,650 | INFO  | DNAudit | user=null | ip=null | op=WRITE_CHUNK {blockData=conID: 3 locID: 102734075241038407 bcsId: 0} | ret=SUCCESS |  
2019-09-04 11:46:23,650 | INFO  | DNAudit | user=null | ip=null | op=WRITE_CHUNK {blockData=conID: 3 locID: 102734075241038407 bcsId: 0} | ret=SUCCESS |  
2019-09-04 11:46:23,651 | INFO  | DNAudit | user=null | ip=null | op=WRITE_CHUNK {blockData=conID: 3 locID: 102734075241038407 bcsId: 0} | ret=SUCCESS |  
2019-09-04 11:46:23,652 | INFO  | DNAudit | user=null | ip=null | op=WRITE_CHUNK {blockData=conID: 3 locID: 102734075241038407 bcsId: 0} | ret=SUCCESS |  
2019-09-04 11:46:23,653 | INFO  | DNAudit | user=null | ip=null | op=WRITE_CHUNK {blockData=conID: 3 locID: 102734075241038407 bcsId: 0} | ret=SUCCESS |  
2019-09-04 11:46:23,669 | INFO  | DNAudit | user=null | ip=null | op=WRITE_CHUNK {blockData=conID: 3 locID: 102734075241038407 bcsId: 0} | ret=SUCCESS |  
2019-09-04 11:46:23,670 | INFO  | DNAudit | user=null | ip=null | op=PUT_BLOCK {blockData=[blockId=conID: 3 locID: 102734075241038407 bcsId: 0,size=1048576]} | ret=SUCCESS |  
2019-09-04 11:46:23,670 [grpc-default-executor-0] INFO  client.GrpcClientProtocolClient (GrpcClientProtocolClient.java:onNext(255)) - client-D5CE890D7D9E->efcb8ff8-f060-4d95-9215-d0f5eb4af037: receive RaftClientReply:client-D5CE890D7D9E->efcb8ff8-f060-4d95-9215-d0f5eb4af037@group-0959F8DF43ED, cid=2394, SUCCESS, logIndex=3553, commits[efcb8ff8-f060-4d95-9215-d0f5eb4af037:c3554, 6fae8b02-e804-4c0e-b729-a97b7404b7f6:c3552, 4c3e8a66-6975-4917-8225-d3efe707aaff:c3552]
2019-09-04 11:46:23,671 | INFO  | DNAudit | user=null | ip=null | op=WRITE_CHUNK {blockData=conID: 3 locID: 102734075241038407 bcsId: 0} | ret=SUCCESS |  
2019-09-04 11:46:23,671 | INFO  | DNAudit | user=null | ip=null | op=WRITE_CHUNK {blockData=conID: 3 locID: 102734075241038407 bcsId: 0} | ret=SUCCESS |  
2019-09-04 11:46:23,671 | INFO  | DNAudit | user=null | ip=null | op=PUT_BLOCK {blockData=[blockId=conID: 3 locID: 102734075241038407 bcsId: 0,size=2097152]} | ret=SUCCESS |  
2019-09-04 11:46:23,671 | INFO  | DNAudit | user=null | ip=null | op=PUT_BLOCK {blockData=[blockId=conID: 3 locID: 102734075241038407 bcsId: 0,size=1048576]} | ret=SUCCESS |  
2019-09-04 11:46:23,671 [grpc-default-executor-5] INFO  client.GrpcClientProtocolClient (GrpcClientProtocolClient.java:onNext(255)) - client-D5CE890D7D9E->efcb8ff8-f060-4d95-9215-d0f5eb4af037: receive RaftClientReply:client-D5CE890D7D9E->efcb8ff8-f060-4d95-9215-d0f5eb4af037@group-0959F8DF43ED, cid=2395, SUCCESS, logIndex=3554, commits[efcb8ff8-f060-4d95-9215-d0f5eb4af037:c3554, 6fae8b02-e804-4c0e-b729-a97b7404b7f6:c3552, 4c3e8a66-6975-4917-8225-d3efe707aaff:c3552]
2019-09-04 11:46:23,672 | INFO  | DNAudit | user=null | ip=null | op=WRITE_CHUNK {blockData=conID: 3 locID: 102734075241038407 bcsId: 0} | ret=SUCCESS |  
2019-09-04 11:46:23,672 [grpc-default-executor-5] INFO  client.GrpcClientProtocolClient (GrpcClientProtocolClient.java:onNext(255)) - client-D5CE890D7D9E->efcb8ff8-f060-4d95-9215-d0f5eb4af037: receive RaftClientReply:client-D5CE890D7D9E->efcb8ff8-f060-4d95-9215-d0f5eb4af037@group-0959F8DF43ED, cid=2396, SUCCESS, logIndex=3555, commits[efcb8ff8-f060-4d95-9215-d0f5eb4af037:c3556, 6fae8b02-e804-4c0e-b729-a97b7404b7f6:c3552, 4c3e8a66-6975-4917-8225-d3efe707aaff:c3552]
2019-09-04 11:46:23,672 | INFO  | DNAudit | user=null | ip=null | op=PUT_BLOCK {blockData=[blockId=conID: 3 locID: 102734075241038407 bcsId: 0,size=1048576]} | ret=SUCCESS |  
2019-09-04 11:46:23,673 [grpc-default-executor-5] INFO  client.GrpcClientProtocolClient (GrpcClientProtocolClient.java:onNext(255)) - client-D5CE890D7D9E->efcb8ff8-f060-4d95-9215-d0f5eb4af037: receive RaftClientReply:client-D5CE890D7D9E->efcb8ff8-f060-4d95-9215-d0f5eb4af037@group-0959F8DF43ED, cid=2397, SUCCESS, logIndex=3556, commits[efcb8ff8-f060-4d95-9215-d0f5eb4af037:c3557, 6fae8b02-e804-4c0e-b729-a97b7404b7f6:c3552, 4c3e8a66-6975-4917-8225-d3efe707aaff:c3553]
2019-09-04 11:46:23,674 [grpc-default-executor-5] INFO  client.GrpcClientProtocolClient (GrpcClientProtocolClient.java:onNext(255)) - client-D5CE890D7D9E->efcb8ff8-f060-4d95-9215-d0f5eb4af037: receive RaftClientReply:client-D5CE890D7D9E->efcb8ff8-f060-4d95-9215-d0f5eb4af037@group-0959F8DF43ED, cid=2398, SUCCESS, logIndex=0, commits[efcb8ff8-f060-4d95-9215-d0f5eb4af037:c3558, 6fae8b02-e804-4c0e-b729-a97b7404b7f6:c3554, 4c3e8a66-6975-4917-8225-d3efe707aaff:c3554]
2019-09-04 11:46:23,681 | INFO  | DNAudit | user=null | ip=null | op=WRITE_CHUNK {blockData=conID: 3 locID: 102734075241038407 bcsId: 3556} | ret=SUCCESS |  
2019-09-04 11:46:23,682 | INFO  | DNAudit | user=null | ip=null | op=WRITE_CHUNK {blockData=conID: 3 locID: 102734075241038407 bcsId: 3556} | ret=SUCCESS |  
2019-09-04 11:46:23,683 | INFO  | DNAudit | user=null | ip=null | op=WRITE_CHUNK {blockData=conID: 3 locID: 102734075241038407 bcsId: 3556} | ret=SUCCESS |  
2019-09-04 11:46:23,689 | INFO  | DNAudit | user=null | ip=null | op=WRITE_CHUNK {blockData=conID: 3 locID: 102734075241038407 bcsId: 0} | ret=SUCCESS |  
2019-09-04 11:46:23,689 | INFO  | DNAudit | user=null | ip=null | op=PUT_BLOCK {blockData=[blockId=conID: 3 locID: 102734075241038407 bcsId: 0,size=2097152]} | ret=SUCCESS |  
2019-09-04 11:46:23,689 | INFO  | DNAudit | user=null | ip=null | op=WRITE_CHUNK {blockData=conID: 3 locID: 102734075241038407 bcsId: 0} | ret=SUCCESS |  
2019-09-04 11:46:23,690 | INFO  | DNAudit | user=null | ip=null | op=PUT_BLOCK {blockData=[blockId=conID: 3 locID: 102734075241038407 bcsId: 0,size=2097152]} | ret=SUCCESS |  
2019-09-04 11:46:23,707 | INFO  | SCMAudit | user=jenkins1000 | ip=192.168.36.67 | op=SEND_HEARTBEAT {datanodeUUID=b68b188c-7f38-42ae-8403-46a39acd0731, command=[]} | ret=SUCCESS |  
2019-09-04 11:46:23,713 | INFO  | DNAudit | user=null | ip=null | op=WRITE_CHUNK {blockData=conID: 3 locID: 102734075241038407 bcsId: 3556} | ret=SUCCESS |  
2019-09-04 11:46:23,714 | INFO  | DNAudit | user=null | ip=null | op=PUT_BLOCK {blockData=[blockId=conID: 3 locID: 102734075241038407 bcsId: 0,size=3145728]} | ret=SUCCESS |  
2019-09-04 11:46:23,714 [grpc-default-executor-0] INFO  client.GrpcClientProtocolClient (GrpcClientProtocolClient.java:onNext(255)) - client-D5CE890D7D9E->efcb8ff8-f060-4d95-9215-d0f5eb4af037: receive RaftClientReply:client-D5CE890D7D9E->efcb8ff8-f060-4d95-9215-d0f5eb4af037@group-0959F8DF43ED, cid=2399, SUCCESS, logIndex=3561, commits[efcb8ff8-f060-4d95-9215-d0f5eb4af037:c3562, 6fae8b02-e804-4c0e-b729-a97b7404b7f6:c3556, 4c3e8a66-6975-4917-8225-d3efe707aaff:c3558]
2019-09-04 11:46:23,715 [grpc-default-executor-0] INFO  client.GrpcClientProtocolClient (GrpcClientProtocolClient.java:onNext(255)) - client-D5CE890D7D9E->efcb8ff8-f060-4d95-9215-d0f5eb4af037: receive RaftClientReply:client-D5CE890D7D9E->efcb8ff8-f060-4d95-9215-d0f5eb4af037@group-0959F8DF43ED, cid=2400, SUCCESS, logIndex=3562, commits[efcb8ff8-f060-4d95-9215-d0f5eb4af037:c3562, 6fae8b02-e804-4c0e-b729-a97b7404b7f6:c3558, 4c3e8a66-6975-4917-8225-d3efe707aaff:c3558]
2019-09-04 11:46:23,723 | INFO  | DNAudit | user=null | ip=null | op=WRITE_CHUNK {blockData=conID: 3 locID: 102734075241038407 bcsId: 3562} | ret=SUCCESS |  
2019-09-04 11:46:23,725 | INFO  | DNAudit | user=null | ip=null | op=WRITE_CHUNK {blockData=conID: 3 locID: 102734075241038407 bcsId: 3562} | ret=SUCCESS |  
2019-09-04 11:46:23,726 | INFO  | DNAudit | user=null | ip=null | op=WRITE_CHUNK {blockData=conID: 3 locID: 102734075241038407 bcsId: 3562} | ret=SUCCESS |  
2019-09-04 11:46:23,732 | INFO  | DNAudit | user=null | ip=null | op=WRITE_CHUNK {blockData=conID: 3 locID: 102734075241038407 bcsId: 3556} | ret=SUCCESS |  
2019-09-04 11:46:23,732 | INFO  | DNAudit | user=null | ip=null | op=PUT_BLOCK {blockData=[blockId=conID: 3 locID: 102734075241038407 bcsId: 0,size=3145728]} | ret=SUCCESS |  
2019-09-04 11:46:23,732 | INFO  | DNAudit | user=null | ip=null | op=WRITE_CHUNK {blockData=conID: 3 locID: 102734075241038407 bcsId: 3556} | ret=SUCCESS |  
2019-09-04 11:46:23,733 | INFO  | DNAudit | user=null | ip=null | op=PUT_BLOCK {blockData=[blockId=conID: 3 locID: 102734075241038407 bcsId: 0,size=3145728]} | ret=SUCCESS |  
2019-09-04 11:46:23,733 | INFO  | DNAudit | user=null | ip=null | op=WRITE_CHUNK {blockData=conID: 3 locID: 102734075241038407 bcsId: 3562} | ret=SUCCESS |  
2019-09-04 11:46:23,734 | INFO  | DNAudit | user=null | ip=null | op=PUT_BLOCK {blockData=[blockId=conID: 3 locID: 102734075241038407 bcsId: 0,size=4194304]} | ret=SUCCESS |  
2019-09-04 11:46:23,734 [grpc-default-executor-1] INFO  client.GrpcClientProtocolClient (GrpcClientProtocolClient.java:onNext(255)) - client-D5CE890D7D9E->efcb8ff8-f060-4d95-9215-d0f5eb4af037: receive RaftClientReply:client-D5CE890D7D9E->efcb8ff8-f060-4d95-9215-d0f5eb4af037@group-0959F8DF43ED, cid=2401, SUCCESS, logIndex=3565, commits[efcb8ff8-f060-4d95-9215-d0f5eb4af037:c3566, 6fae8b02-e804-4c0e-b729-a97b7404b7f6:c3562, 4c3e8a66-6975-4917-8225-d3efe707aaff:c3562]
2019-09-04 11:46:23,735 [grpc-default-executor-1] INFO  client.GrpcClientProtocolClient (GrpcClientProtocolClient.java:onNext(255)) - client-D5CE890D7D9E->efcb8ff8-f060-4d95-9215-d0f5eb4af037: receive RaftClientReply:client-D5CE890D7D9E->efcb8ff8-f060-4d95-9215-d0f5eb4af037@group-0959F8DF43ED, cid=2402, SUCCESS, logIndex=3566, commits[efcb8ff8-f060-4d95-9215-d0f5eb4af037:c3566, 6fae8b02-e804-4c0e-b729-a97b7404b7f6:c3562, 4c3e8a66-6975-4917-8225-d3efe707aaff:c3562]
2019-09-04 11:46:23,735 | INFO  | DNAudit | user=null | ip=null | op=WRITE_CHUNK {blockData=conID: 3 locID: 102734075241038407 bcsId: 3562} | ret=SUCCESS |  
2019-09-04 11:46:23,736 | INFO  | DNAudit | user=null | ip=null | op=PUT_BLOCK {blockData=[blockId=conID: 3 locID: 102734075241038407 bcsId: 0,size=4194304]} | ret=SUCCESS |  
2019-09-04 11:46:23,736 | INFO  | DNAudit | user=null | ip=null | op=WRITE_CHUNK {blockData=conID: 3 locID: 102734075241038407 bcsId: 3562} | ret=SUCCESS |  
2019-09-04 11:46:23,736 | INFO  | DNAudit | user=null | ip=null | op=PUT_BLOCK {blockData=[blockId=conID: 3 locID: 102734075241038407 bcsId: 0,size=4194304]} | ret=SUCCESS |  
2019-09-04 11:46:23,737 | INFO  | SCMAudit | user=jenkins1000 | ip=192.168.36.67 | op=SEND_HEARTBEAT {datanodeUUID=6fae8b02-e804-4c0e-b729-a97b7404b7f6, command=[]} | ret=SUCCESS |  
2019-09-04 11:46:23,737 [grpc-default-executor-1] INFO  client.GrpcClientProtocolClient (GrpcClientProtocolClient.java:onNext(255)) - client-D5CE890D7D9E->efcb8ff8-f060-4d95-9215-d0f5eb4af037: receive RaftClientReply:client-D5CE890D7D9E->efcb8ff8-f060-4d95-9215-d0f5eb4af037@group-0959F8DF43ED, cid=2403, SUCCESS, logIndex=0, commits[efcb8ff8-f060-4d95-9215-d0f5eb4af037:c3567, 6fae8b02-e804-4c0e-b729-a97b7404b7f6:c3566, 4c3e8a66-6975-4917-8225-d3efe707aaff:c3566]
2019-09-04 11:46:23,738 | INFO  | SCMAudit | user=jenkins1000 | ip=192.168.36.67 | op=SEND_HEARTBEAT {datanodeUUID=4c3e8a66-6975-4917-8225-d3efe707aaff, command=[]} | ret=SUCCESS |  
2019-09-04 11:46:23,740 | INFO  | SCMAudit | user=jenkins1000 | ip=192.168.36.67 | op=SEND_HEARTBEAT {datanodeUUID=0b776101-1d39-4f23-96c0-6a8ead31197c, command=[]} | ret=SUCCESS |  
2019-09-04 11:46:23,742 | INFO  | SCMAudit | user=jenkins1000 | ip=192.168.36.67 | op=ALLOCATE_BLOCK {owner=8ab292a2-aaa7-4ad8-863a-d33994811155, size=4194304, type=RATIS, factor=THREE} | ret=SUCCESS |  
2019-09-04 11:46:23,744 | INFO  | SCMAudit | user=jenkins1000 | ip=192.168.36.67 | op=SEND_HEARTBEAT {datanodeUUID=efcb8ff8-f060-4d95-9215-d0f5eb4af037, command=[]} | ret=SUCCESS |  
2019-09-04 11:46:23,745 | INFO  | OMAudit | user=jenkins1000 | ip=127.0.0.1 | op=ALLOCATE_BLOCK {volume=vol-0-58699, bucket=bucket-0-57464, key=key-0-37266, dataSize=0, replicationType=null, replicationFactor=null, keyLocationInfo=null, clientID=102734073355960722} | ret=SUCCESS |  
2019-09-04 11:46:23,755 | INFO  | DNAudit | user=null | ip=null | op=WRITE_CHUNK {blockData=conID: 1 locID: 102734075248116296 bcsId: 0} | ret=SUCCESS |  
2019-09-04 11:46:23,755 | INFO  | DNAudit | user=null | ip=null | op=WRITE_CHUNK {blockData=conID: 1 locID: 102734075248116296 bcsId: 0} | ret=SUCCESS |  
2019-09-04 11:46:23,755 | INFO  | DNAudit | user=null | ip=null | op=WRITE_CHUNK {blockData=conID: 1 locID: 102734075248116296 bcsId: 0} | ret=SUCCESS |  
2019-09-04 11:46:23,756 | INFO  | DNAudit | user=null | ip=null | op=WRITE_CHUNK {blockData=conID: 1 locID: 102734075248116296 bcsId: 0} | ret=SUCCESS |  
2019-09-04 11:46:23,757 | INFO  | DNAudit | user=null | ip=null | op=WRITE_CHUNK {blockData=conID: 1 locID: 102734075248116296 bcsId: 0} | ret=SUCCESS |  
2019-09-04 11:46:23,758 | INFO  | DNAudit | user=null | ip=null | op=WRITE_CHUNK {blockData=conID: 1 locID: 102734075248116296 bcsId: 0} | ret=SUCCESS |  
2019-09-04 11:46:23,773 | INFO  | DNAudit | user=null | ip=null | op=WRITE_CHUNK {blockData=conID: 1 locID: 102734075248116296 bcsId: 0} | ret=SUCCESS |  
2019-09-04 11:46:23,773 | INFO  | DNAudit | user=null | ip=null | op=PUT_BLOCK {blockData=[blockId=conID: 1 locID: 102734075248116296 bcsId: 0,size=1048576]} | ret=SUCCESS |  
2019-09-04 11:46:23,773 | INFO  | DNAudit | user=null | ip=null | op=WRITE_CHUNK {blockData=conID: 1 locID: 102734075248116296 bcsId: 0} | ret=SUCCESS |  
2019-09-04 11:46:23,773 [grpc-default-executor-1] INFO  client.GrpcClientProtocolClient (GrpcClientProtocolClient.java:onNext(255)) - client-D5CE890D7D9E->efcb8ff8-f060-4d95-9215-d0f5eb4af037: receive RaftClientReply:client-D5CE890D7D9E->efcb8ff8-f060-4d95-9215-d0f5eb4af037@group-0959F8DF43ED, cid=2404, SUCCESS, logIndex=3569, commits[efcb8ff8-f060-4d95-9215-d0f5eb4af037:c3572, 6fae8b02-e804-4c0e-b729-a97b7404b7f6:c3568, 4c3e8a66-6975-4917-8225-d3efe707aaff:c3568]
2019-09-04 11:46:23,774 | INFO  | DNAudit | user=null | ip=null | op=PUT_BLOCK {blockData=[blockId=conID: 1 locID: 102734075248116296 bcsId: 0,size=2097152]} | ret=SUCCESS |  
2019-09-04 11:46:23,774 [grpc-default-executor-1] INFO  client.GrpcClientProtocolClient (GrpcClientProtocolClient.java:onNext(255)) - client-D5CE890D7D9E->efcb8ff8-f060-4d95-9215-d0f5eb4af037: receive RaftClientReply:client-D5CE890D7D9E->efcb8ff8-f060-4d95-9215-d0f5eb4af037@group-0959F8DF43ED, cid=2405, SUCCESS, logIndex=3570, commits[efcb8ff8-f060-4d95-9215-d0f5eb4af037:c3572, 6fae8b02-e804-4c0e-b729-a97b7404b7f6:c3568, 4c3e8a66-6975-4917-8225-d3efe707aaff:c3568]
2019-09-04 11:46:23,774 [grpc-default-executor-1] INFO  client.GrpcClientProtocolClient (GrpcClientProtocolClient.java:onNext(255)) - client-D5CE890D7D9E->efcb8ff8-f060-4d95-9215-d0f5eb4af037: receive RaftClientReply:client-D5CE890D7D9E->efcb8ff8-f060-4d95-9215-d0f5eb4af037@group-0959F8DF43ED, cid=2406, SUCCESS, logIndex=3571, commits[efcb8ff8-f060-4d95-9215-d0f5eb4af037:c3572, 6fae8b02-e804-4c0e-b729-a97b7404b7f6:c3568, 4c3e8a66-6975-4917-8225-d3efe707aaff:c3568]
2019-09-04 11:46:23,774 [grpc-default-executor-1] INFO  client.GrpcClientProtocolClient (GrpcClientProtocolClient.java:onNext(255)) - client-D5CE890D7D9E->efcb8ff8-f060-4d95-9215-d0f5eb4af037: receive RaftClientReply:client-D5CE890D7D9E->efcb8ff8-f060-4d95-9215-d0f5eb4af037@group-0959F8DF43ED, cid=2407, SUCCESS, logIndex=3572, commits[efcb8ff8-f060-4d95-9215-d0f5eb4af037:c3572, 6fae8b02-e804-4c0e-b729-a97b7404b7f6:c3568, 4c3e8a66-6975-4917-8225-d3efe707aaff:c3568]
2019-09-04 11:46:23,794 | INFO  | DNAudit | user=null | ip=null | op=WRITE_CHUNK {blockData=conID: 1 locID: 102734075248116296 bcsId: 0} | ret=SUCCESS |  
2019-09-04 11:46:23,794 | INFO  | DNAudit | user=null | ip=null | op=PUT_BLOCK {blockData=[blockId=conID: 1 locID: 102734075248116296 bcsId: 0,size=1048576]} | ret=SUCCESS |  
2019-09-04 11:46:23,794 | INFO  | DNAudit | user=null | ip=null | op=WRITE_CHUNK {blockData=conID: 1 locID: 102734075248116296 bcsId: 0} | ret=SUCCESS |  
2019-09-04 11:46:23,794 | INFO  | DNAudit | user=null | ip=null | op=PUT_BLOCK {blockData=[blockId=conID: 1 locID: 102734075248116296 bcsId: 0,size=1048576]} | ret=SUCCESS |  
2019-09-04 11:46:23,795 | INFO  | DNAudit | user=null | ip=null | op=WRITE_CHUNK {blockData=conID: 1 locID: 102734075248116296 bcsId: 0} | ret=SUCCESS |  
2019-09-04 11:46:23,795 | INFO  | DNAudit | user=null | ip=null | op=PUT_BLOCK {blockData=[blockId=conID: 1 locID: 102734075248116296 bcsId: 0,size=2097152]} | ret=SUCCESS |  
2019-09-04 11:46:23,795 | INFO  | DNAudit | user=null | ip=null | op=WRITE_CHUNK {blockData=conID: 1 locID: 102734075248116296 bcsId: 0} | ret=SUCCESS |  
2019-09-04 11:46:23,795 [grpc-default-executor-1] INFO  client.GrpcClientProtocolClient (GrpcClientProtocolClient.java:onNext(255)) - client-D5CE890D7D9E->efcb8ff8-f060-4d95-9215-d0f5eb4af037: receive RaftClientReply:client-D5CE890D7D9E->efcb8ff8-f060-4d95-9215-d0f5eb4af037@group-0959F8DF43ED, cid=2408, SUCCESS, logIndex=0, commits[efcb8ff8-f060-4d95-9215-d0f5eb4af037:c3573, 6fae8b02-e804-4c0e-b729-a97b7404b7f6:c3570, 4c3e8a66-6975-4917-8225-d3efe707aaff:c3570]
2019-09-04 11:46:23,795 | INFO  | DNAudit | user=null | ip=null | op=PUT_BLOCK {blockData=[blockId=conID: 1 locID: 102734075248116296 bcsId: 0,size=2097152]} | ret=SUCCESS |  
2019-09-04 11:46:23,804 | INFO  | DNAudit | user=null | ip=null | op=WRITE_CHUNK {blockData=conID: 1 locID: 102734075248116296 bcsId: 3572} | ret=SUCCESS |  
2019-09-04 11:46:23,806 | INFO  | DNAudit | user=null | ip=null | op=WRITE_CHUNK {blockData=conID: 1 locID: 102734075248116296 bcsId: 3572} | ret=SUCCESS |  
2019-09-04 11:46:23,807 | INFO  | DNAudit | user=null | ip=null | op=WRITE_CHUNK {blockData=conID: 1 locID: 102734075248116296 bcsId: 3572} | ret=SUCCESS |  
2019-09-04 11:46:23,846 | INFO  | DNAudit | user=null | ip=null | op=WRITE_CHUNK {blockData=conID: 1 locID: 102734075248116296 bcsId: 3572} | ret=SUCCESS |  
2019-09-04 11:46:23,846 | INFO  | DNAudit | user=null | ip=null | op=PUT_BLOCK {blockData=[blockId=conID: 1 locID: 102734075248116296 bcsId: 0,size=3145728]} | ret=SUCCESS |  
2019-09-04 11:46:23,846 [grpc-default-executor-6] INFO  client.GrpcClientProtocolClient (GrpcClientProtocolClient.java:onNext(255)) - client-D5CE890D7D9E->efcb8ff8-f060-4d95-9215-d0f5eb4af037: receive RaftClientReply:client-D5CE890D7D9E->efcb8ff8-f060-4d95-9215-d0f5eb4af037@group-0959F8DF43ED, cid=2409, SUCCESS, logIndex=3577, commits[efcb8ff8-f060-4d95-9215-d0f5eb4af037:c3578, 6fae8b02-e804-4c0e-b729-a97b7404b7f6:c3576, 4c3e8a66-6975-4917-8225-d3efe707aaff:c3576]
2019-09-04 11:46:23,847 [grpc-default-executor-6] INFO  client.GrpcClientProtocolClient (GrpcClientProtocolClient.java:onNext(255)) - client-D5CE890D7D9E->efcb8ff8-f060-4d95-9215-d0f5eb4af037: receive RaftClientReply:client-D5CE890D7D9E->efcb8ff8-f060-4d95-9215-d0f5eb4af037@group-0959F8DF43ED, cid=2410, SUCCESS, logIndex=3578, commits[efcb8ff8-f060-4d95-9215-d0f5eb4af037:c3578, 6fae8b02-e804-4c0e-b729-a97b7404b7f6:c3576, 4c3e8a66-6975-4917-8225-d3efe707aaff:c3576]
 0.00% |█                                                                                                    |  0/1 Time: 0:00:292019-09-04 11:46:24,049 | INFO  | DNAudit | user=null | ip=null | op=WRITE_CHUNK {blockData=conID: 1 locID: 102734075248116296 bcsId: 3572} | ret=SUCCESS |  
2019-09-04 11:46:24,050 | INFO  | DNAudit | user=null | ip=null | op=WRITE_CHUNK {blockData=conID: 1 locID: 102734075248116296 bcsId: 3572} | ret=SUCCESS |  
2019-09-04 11:46:24,054 | INFO  | DNAudit | user=null | ip=null | op=WRITE_CHUNK {blockData=conID: 1 locID: 102734075248116296 bcsId: 3578} | ret=SUCCESS |  
2019-09-04 11:46:24,057 | INFO  | DNAudit | user=null | ip=null | op=WRITE_CHUNK {blockData=conID: 1 locID: 102734075248116296 bcsId: 3578} | ret=SUCCESS |  
2019-09-04 11:46:24,057 | INFO  | DNAudit | user=null | ip=null | op=WRITE_CHUNK {blockData=conID: 1 locID: 102734075248116296 bcsId: 3578} | ret=SUCCESS |  
2019-09-04 11:46:24,062 | INFO  | DNAudit | user=null | ip=null | op=PUT_BLOCK {blockData=[blockId=conID: 1 locID: 102734075248116296 bcsId: 0,size=3145728]} | ret=SUCCESS |  
2019-09-04 11:46:24,062 | INFO  | DNAudit | user=null | ip=null | op=PUT_BLOCK {blockData=[blockId=conID: 1 locID: 102734075248116296 bcsId: 0,size=3145728]} | ret=SUCCESS |  
2019-09-04 11:46:24,085 | INFO  | DNAudit | user=null | ip=null | op=WRITE_CHUNK {blockData=conID: 1 locID: 102734075248116296 bcsId: 3578} | ret=SUCCESS |  
2019-09-04 11:46:24,086 | INFO  | DNAudit | user=null | ip=null | op=PUT_BLOCK {blockData=[blockId=conID: 1 locID: 102734075248116296 bcsId: 0,size=4194304]} | ret=SUCCESS |  
2019-09-04 11:46:24,086 [grpc-default-executor-1] INFO  client.GrpcClientProtocolClient (GrpcClientProtocolClient.java:onNext(255)) - client-D5CE890D7D9E->efcb8ff8-f060-4d95-9215-d0f5eb4af037: receive RaftClientReply:client-D5CE890D7D9E->efcb8ff8-f060-4d95-9215-d0f5eb4af037@group-0959F8DF43ED, cid=2411, SUCCESS, logIndex=3581, commits[efcb8ff8-f060-4d95-9215-d0f5eb4af037:c3582, 6fae8b02-e804-4c0e-b729-a97b7404b7f6:c3579, 4c3e8a66-6975-4917-8225-d3efe707aaff:c3579]
2019-09-04 11:46:24,087 [grpc-default-executor-1] INFO  client.GrpcClientProtocolClient (GrpcClientProtocolClient.java:onNext(255)) - client-D5CE890D7D9E->efcb8ff8-f060-4d95-9215-d0f5eb4af037: receive RaftClientReply:client-D5CE890D7D9E->efcb8ff8-f060-4d95-9215-d0f5eb4af037@group-0959F8DF43ED, cid=2412, SUCCESS, logIndex=3582, commits[efcb8ff8-f060-4d95-9215-d0f5eb4af037:c3582, 6fae8b02-e804-4c0e-b729-a97b7404b7f6:c3579, 4c3e8a66-6975-4917-8225-d3efe707aaff:c3579]
2019-09-04 11:46:24,099 | INFO  | DNAudit | user=null | ip=null | op=WRITE_CHUNK {blockData=conID: 1 locID: 102734075248116296 bcsId: 3578} | ret=SUCCESS |  
2019-09-04 11:46:24,099 | INFO  | DNAudit | user=null | ip=null | op=WRITE_CHUNK {blockData=conID: 1 locID: 102734075248116296 bcsId: 3578} | ret=SUCCESS |  
2019-09-04 11:46:24,099 | INFO  | DNAudit | user=null | ip=null | op=PUT_BLOCK {blockData=[blockId=conID: 1 locID: 102734075248116296 bcsId: 0,size=4194304]} | ret=SUCCESS |  
2019-09-04 11:46:24,100 | INFO  | DNAudit | user=null | ip=null | op=PUT_BLOCK {blockData=[blockId=conID: 1 locID: 102734075248116296 bcsId: 0,size=4194304]} | ret=SUCCESS |  
2019-09-04 11:46:24,100 [grpc-default-executor-1] INFO  client.GrpcClientProtocolClient (GrpcClientProtocolClient.java:onNext(255)) - client-D5CE890D7D9E->efcb8ff8-f060-4d95-9215-d0f5eb4af037: receive RaftClientReply:client-D5CE890D7D9E->efcb8ff8-f060-4d95-9215-d0f5eb4af037@group-0959F8DF43ED, cid=2413, SUCCESS, logIndex=0, commits[efcb8ff8-f060-4d95-9215-d0f5eb4af037:c3583, 6fae8b02-e804-4c0e-b729-a97b7404b7f6:c3582, 4c3e8a66-6975-4917-8225-d3efe707aaff:c3582]
2019-09-04 11:46:24,106 | INFO  | SCMAudit | user=jenkins1000 | ip=192.168.36.67 | op=ALLOCATE_BLOCK {owner=8ab292a2-aaa7-4ad8-863a-d33994811155, size=4194304, type=RATIS, factor=THREE} | ret=SUCCESS |  
2019-09-04 11:46:24,110 | INFO  | OMAudit | user=jenkins1000 | ip=127.0.0.1 | op=ALLOCATE_BLOCK {volume=vol-0-58699, bucket=bucket-0-57464, key=key-0-37266, dataSize=0, replicationType=null, replicationFactor=null, keyLocationInfo=null, clientID=102734073355960722} | ret=SUCCESS |  
2019-09-04 11:46:24,119 | INFO  | DNAudit | user=null | ip=null | op=WRITE_CHUNK {blockData=conID: 2 locID: 102734075271971401 bcsId: 0} | ret=SUCCESS |  
2019-09-04 11:46:24,123 | INFO  | DNAudit | user=null | ip=null | op=WRITE_CHUNK {blockData=conID: 2 locID: 102734075271971401 bcsId: 0} | ret=SUCCESS |  
2019-09-04 11:46:24,123 | INFO  | DNAudit | user=null | ip=null | op=WRITE_CHUNK {blockData=conID: 2 locID: 102734075271971401 bcsId: 0} | ret=SUCCESS |  
2019-09-04 11:46:24,124 | INFO  | DNAudit | user=null | ip=null | op=WRITE_CHUNK {blockData=conID: 2 locID: 102734075271971401 bcsId: 0} | ret=SUCCESS |  
2019-09-04 11:46:24,126 | INFO  | DNAudit | user=null | ip=null | op=WRITE_CHUNK {blockData=conID: 2 locID: 102734075271971401 bcsId: 0} | ret=SUCCESS |  
2019-09-04 11:46:24,126 | INFO  | DNAudit | user=null | ip=null | op=WRITE_CHUNK {blockData=conID: 2 locID: 102734075271971401 bcsId: 0} | ret=SUCCESS |  
2019-09-04 11:46:24,159 | INFO  | DNAudit | user=null | ip=null | op=WRITE_CHUNK {blockData=conID: 2 locID: 102734075271971401 bcsId: 0} | ret=SUCCESS |  
2019-09-04 11:46:24,159 | INFO  | DNAudit | user=null | ip=null | op=PUT_BLOCK {blockData=[blockId=conID: 2 locID: 102734075271971401 bcsId: 0,size=1048576]} | ret=SUCCESS |  
2019-09-04 11:46:24,160 [grpc-default-executor-1] INFO  client.GrpcClientProtocolClient (GrpcClientProtocolClient.java:onNext(255)) - client-D5CE890D7D9E->efcb8ff8-f060-4d95-9215-d0f5eb4af037: receive RaftClientReply:client-D5CE890D7D9E->efcb8ff8-f060-4d95-9215-d0f5eb4af037@group-0959F8DF43ED, cid=2414, SUCCESS, logIndex=3585, commits[efcb8ff8-f060-4d95-9215-d0f5eb4af037:c3586, 6fae8b02-e804-4c0e-b729-a97b7404b7f6:c3584, 4c3e8a66-6975-4917-8225-d3efe707aaff:c3584]
2019-09-04 11:46:24,160 [grpc-default-executor-1] INFO  client.GrpcClientProtocolClient (GrpcClientProtocolClient.java:onNext(255)) - client-D5CE890D7D9E->efcb8ff8-f060-4d95-9215-d0f5eb4af037: receive RaftClientReply:client-D5CE890D7D9E->efcb8ff8-f060-4d95-9215-d0f5eb4af037@group-0959F8DF43ED, cid=2415, SUCCESS, logIndex=3586, commits[efcb8ff8-f060-4d95-9215-d0f5eb4af037:c3586, 6fae8b02-e804-4c0e-b729-a97b7404b7f6:c3584, 4c3e8a66-6975-4917-8225-d3efe707aaff:c3584]
2019-09-04 11:46:24,191 | INFO  | DNAudit | user=null | ip=null | op=WRITE_CHUNK {blockData=conID: 2 locID: 102734075271971401 bcsId: 0} | ret=SUCCESS |  
2019-09-04 11:46:24,192 | INFO  | DNAudit | user=null | ip=null | op=WRITE_CHUNK {blockData=conID: 2 locID: 102734075271971401 bcsId: 0} | ret=SUCCESS |  
2019-09-04 11:46:24,192 | INFO  | DNAudit | user=null | ip=null | op=PUT_BLOCK {blockData=[blockId=conID: 2 locID: 102734075271971401 bcsId: 0,size=2097152]} | ret=SUCCESS |  
2019-09-04 11:46:24,192 [grpc-default-executor-6] INFO  client.GrpcClientProtocolClient (GrpcClientProtocolClient.java:onNext(255)) - client-D5CE890D7D9E->efcb8ff8-f060-4d95-9215-d0f5eb4af037: receive RaftClientReply:client-D5CE890D7D9E->efcb8ff8-f060-4d95-9215-d0f5eb4af037@group-0959F8DF43ED, cid=2416, SUCCESS, logIndex=3587, commits[efcb8ff8-f060-4d95-9215-d0f5eb4af037:c3588, 6fae8b02-e804-4c0e-b729-a97b7404b7f6:c3584, 4c3e8a66-6975-4917-8225-d3efe707aaff:c3584]
2019-09-04 11:46:24,192 [grpc-default-executor-6] INFO  client.GrpcClientProtocolClient (GrpcClientProtocolClient.java:onNext(255)) - client-D5CE890D7D9E->efcb8ff8-f060-4d95-9215-d0f5eb4af037: receive RaftClientReply:client-D5CE890D7D9E->efcb8ff8-f060-4d95-9215-d0f5eb4af037@group-0959F8DF43ED, cid=2417, SUCCESS, logIndex=3588, commits[efcb8ff8-f060-4d95-9215-d0f5eb4af037:c3588, 6fae8b02-e804-4c0e-b729-a97b7404b7f6:c3584, 4c3e8a66-6975-4917-8225-d3efe707aaff:c3585]
2019-09-04 11:46:24,231 | INFO  | DNAudit | user=null | ip=null | op=WRITE_CHUNK {blockData=conID: 2 locID: 102734075271971401 bcsId: 0} | ret=SUCCESS |  
2019-09-04 11:46:24,231 | INFO  | DNAudit | user=null | ip=null | op=PUT_BLOCK {blockData=[blockId=conID: 2 locID: 102734075271971401 bcsId: 0,size=1048576]} | ret=SUCCESS |  
2019-09-04 11:46:24,231 | INFO  | DNAudit | user=null | ip=null | op=PUT_BLOCK {blockData=[blockId=conID: 2 locID: 102734075271971401 bcsId: 0,size=1048576]} | ret=SUCCESS |  
2019-09-04 11:46:24,232 [grpc-default-executor-6] INFO  client.GrpcClientProtocolClient (GrpcClientProtocolClient.java:onNext(255)) - client-D5CE890D7D9E->efcb8ff8-f060-4d95-9215-d0f5eb4af037: receive RaftClientReply:client-D5CE890D7D9E->efcb8ff8-f060-4d95-9215-d0f5eb4af037@group-0959F8DF43ED, cid=2418, SUCCESS, logIndex=0, commits[efcb8ff8-f060-4d95-9215-d0f5eb4af037:c3590, 6fae8b02-e804-4c0e-b729-a97b7404b7f6:c3586, 4c3e8a66-6975-4917-8225-d3efe707aaff:c3586]
2019-09-04 11:46:24,241 | INFO  | DNAudit | user=null | ip=null | op=WRITE_CHUNK {blockData=conID: 2 locID: 102734075271971401 bcsId: 3588} | ret=SUCCESS |  
2019-09-04 11:46:24,243 | INFO  | DNAudit | user=null | ip=null | op=WRITE_CHUNK {blockData=conID: 2 locID: 102734075271971401 bcsId: 0} | ret=SUCCESS |  
2019-09-04 11:46:24,243 | INFO  | DNAudit | user=null | ip=null | op=WRITE_CHUNK {blockData=conID: 2 locID: 102734075271971401 bcsId: 0} | ret=SUCCESS |  
2019-09-04 11:46:24,243 | INFO  | DNAudit | user=null | ip=null | op=WRITE_CHUNK {blockData=conID: 2 locID: 102734075271971401 bcsId: 3588} | ret=SUCCESS |  
2019-09-04 11:46:24,243 | INFO  | DNAudit | user=null | ip=null | op=PUT_BLOCK {blockData=[blockId=conID: 2 locID: 102734075271971401 bcsId: 0,size=2097152]} | ret=SUCCESS |  
2019-09-04 11:46:24,243 | INFO  | DNAudit | user=null | ip=null | op=PUT_BLOCK {blockData=[blockId=conID: 2 locID: 102734075271971401 bcsId: 0,size=2097152]} | ret=SUCCESS |  
2019-09-04 11:46:24,244 | INFO  | DNAudit | user=null | ip=null | op=WRITE_CHUNK {blockData=conID: 2 locID: 102734075271971401 bcsId: 3588} | ret=SUCCESS |  
2019-09-04 11:46:24,270 | INFO  | DNAudit | user=null | ip=null | op=WRITE_CHUNK {blockData=conID: 2 locID: 102734075271971401 bcsId: 3588} | ret=SUCCESS |  
2019-09-04 11:46:24,271 | INFO  | DNAudit | user=null | ip=null | op=PUT_BLOCK {blockData=[blockId=conID: 2 locID: 102734075271971401 bcsId: 0,size=3145728]} | ret=SUCCESS |  
2019-09-04 11:46:24,271 [grpc-default-executor-6] INFO  client.GrpcClientProtocolClient (GrpcClientProtocolClient.java:onNext(255)) - client-D5CE890D7D9E->efcb8ff8-f060-4d95-9215-d0f5eb4af037: receive RaftClientReply:client-D5CE890D7D9E->efcb8ff8-f060-4d95-9215-d0f5eb4af037@group-0959F8DF43ED, cid=2419, SUCCESS, logIndex=3592, commits[efcb8ff8-f060-4d95-9215-d0f5eb4af037:c3593, 6fae8b02-e804-4c0e-b729-a97b7404b7f6:c3590, 4c3e8a66-6975-4917-8225-d3efe707aaff:c3590]
2019-09-04 11:46:24,271 [grpc-default-executor-6] INFO  client.GrpcClientProtocolClient (GrpcClientProtocolClient.java:onNext(255)) - client-D5CE890D7D9E->efcb8ff8-f060-4d95-9215-d0f5eb4af037: receive RaftClientReply:client-D5CE890D7D9E->efcb8ff8-f060-4d95-9215-d0f5eb4af037@group-0959F8DF43ED, cid=2420, SUCCESS, logIndex=3593, commits[efcb8ff8-f060-4d95-9215-d0f5eb4af037:c3593, 6fae8b02-e804-4c0e-b729-a97b7404b7f6:c3590, 4c3e8a66-6975-4917-8225-d3efe707aaff:c3590]
2019-09-04 11:46:24,279 | INFO  | DNAudit | user=null | ip=null | op=WRITE_CHUNK {blockData=conID: 2 locID: 102734075271971401 bcsId: 3593} | ret=SUCCESS |  
2019-09-04 11:46:24,282 | INFO  | DNAudit | user=null | ip=null | op=WRITE_CHUNK {blockData=conID: 2 locID: 102734075271971401 bcsId: 3593} | ret=SUCCESS |  
2019-09-04 11:46:24,282 | INFO  | DNAudit | user=null | ip=null | op=WRITE_CHUNK {blockData=conID: 2 locID: 102734075271971401 bcsId: 3593} | ret=SUCCESS |  
2019-09-04 11:46:24,283 | INFO  | DNAudit | user=null | ip=null | op=WRITE_CHUNK {blockData=conID: 2 locID: 102734075271971401 bcsId: 3588} | ret=SUCCESS |  
2019-09-04 11:46:24,283 | INFO  | DNAudit | user=null | ip=null | op=PUT_BLOCK {blockData=[blockId=conID: 2 locID: 102734075271971401 bcsId: 0,size=3145728]} | ret=SUCCESS |  
2019-09-04 11:46:24,283 | INFO  | DNAudit | user=null | ip=null | op=WRITE_CHUNK {blockData=conID: 2 locID: 102734075271971401 bcsId: 3588} | ret=SUCCESS |  
2019-09-04 11:46:24,285 | INFO  | DNAudit | user=null | ip=null | op=PUT_BLOCK {blockData=[blockId=conID: 2 locID: 102734075271971401 bcsId: 0,size=3145728]} | ret=SUCCESS |  
2019-09-04 11:46:24,285 | INFO  | DNAudit | user=null | ip=null | op=WRITE_CHUNK {blockData=conID: 2 locID: 102734075271971401 bcsId: 3593} | ret=SUCCESS |  
2019-09-04 11:46:24,285 | INFO  | DNAudit | user=null | ip=null | op=PUT_BLOCK {blockData=[blockId=conID: 2 locID: 102734075271971401 bcsId: 0,size=4194304]} | ret=SUCCESS |  
2019-09-04 11:46:24,286 [grpc-default-executor-6] INFO  client.GrpcClientProtocolClient (GrpcClientProtocolClient.java:onNext(255)) - client-D5CE890D7D9E->efcb8ff8-f060-4d95-9215-d0f5eb4af037: receive RaftClientReply:client-D5CE890D7D9E->efcb8ff8-f060-4d95-9215-d0f5eb4af037@group-0959F8DF43ED, cid=2421, SUCCESS, logIndex=3596, commits[efcb8ff8-f060-4d95-9215-d0f5eb4af037:c3596, 6fae8b02-e804-4c0e-b729-a97b7404b7f6:c3593, 4c3e8a66-6975-4917-8225-d3efe707aaff:c3593]
2019-09-04 11:46:24,286 [grpc-default-executor-6] INFO  client.GrpcClientProtocolClient (GrpcClientProtocolClient.java:onNext(255)) - client-D5CE890D7D9E->efcb8ff8-f060-4d95-9215-d0f5eb4af037: receive RaftClientReply:client-D5CE890D7D9E->efcb8ff8-f060-4d95-9215-d0f5eb4af037@group-0959F8DF43ED, cid=2422, SUCCESS, logIndex=3597, commits[efcb8ff8-f060-4d95-9215-d0f5eb4af037:c3597, 6fae8b02-e804-4c0e-b729-a97b7404b7f6:c3593, 4c3e8a66-6975-4917-8225-d3efe707aaff:c3593]
2019-09-04 11:46:24,304 | INFO  | DNAudit | user=null | ip=null | op=WRITE_CHUNK {blockData=conID: 2 locID: 102734075271971401 bcsId: 3593} | ret=SUCCESS |  
2019-09-04 11:46:24,304 | INFO  | DNAudit | user=null | ip=null | op=WRITE_CHUNK {blockData=conID: 2 locID: 102734075271971401 bcsId: 3593} | ret=SUCCESS |  
2019-09-04 11:46:24,306 | INFO  | DNAudit | user=null | ip=null | op=PUT_BLOCK {blockData=[blockId=conID: 2 locID: 102734075271971401 bcsId: 0,size=4194304]} | ret=SUCCESS |  
2019-09-04 11:46:24,306 | INFO  | DNAudit | user=null | ip=null | op=PUT_BLOCK {blockData=[blockId=conID: 2 locID: 102734075271971401 bcsId: 0,size=4194304]} | ret=SUCCESS |  
2019-09-04 11:46:24,307 [grpc-default-executor-1] INFO  client.GrpcClientProtocolClient (GrpcClientProtocolClient.java:onNext(255)) - client-D5CE890D7D9E->efcb8ff8-f060-4d95-9215-d0f5eb4af037: receive RaftClientReply:client-D5CE890D7D9E->efcb8ff8-f060-4d95-9215-d0f5eb4af037@group-0959F8DF43ED, cid=2423, SUCCESS, logIndex=0, commits[efcb8ff8-f060-4d95-9215-d0f5eb4af037:c3599, 6fae8b02-e804-4c0e-b729-a97b7404b7f6:c3597, 4c3e8a66-6975-4917-8225-d3efe707aaff:c3597]
2019-09-04 11:46:24,313 | INFO  | SCMAudit | user=jenkins1000 | ip=192.168.36.67 | op=ALLOCATE_BLOCK {owner=8ab292a2-aaa7-4ad8-863a-d33994811155, size=4194304, type=RATIS, factor=THREE} | ret=SUCCESS |  
2019-09-04 11:46:24,317 | INFO  | OMAudit | user=jenkins1000 | ip=127.0.0.1 | op=ALLOCATE_BLOCK {volume=vol-0-58699, bucket=bucket-0-57464, key=key-0-37266, dataSize=0, replicationType=null, replicationFactor=null, keyLocationInfo=null, clientID=102734073355960722} | ret=SUCCESS |  
2019-09-04 11:46:24,324 | INFO  | DNAudit | user=null | ip=null | op=WRITE_CHUNK {blockData=conID: 3 locID: 102734075285537354 bcsId: 0} | ret=SUCCESS |  
2019-09-04 11:46:24,326 | INFO  | DNAudit | user=null | ip=null | op=WRITE_CHUNK {blockData=conID: 3 locID: 102734075285537354 bcsId: 0} | ret=SUCCESS |  
2019-09-04 11:46:24,327 | INFO  | DNAudit | user=null | ip=null | op=WRITE_CHUNK {blockData=conID: 3 locID: 102734075285537354 bcsId: 0} | ret=SUCCESS |  
2019-09-04 11:46:24,327 | INFO  | DNAudit | user=null | ip=null | op=WRITE_CHUNK {blockData=conID: 3 locID: 102734075285537354 bcsId: 0} | ret=SUCCESS |  
2019-09-04 11:46:24,328 | INFO  | DNAudit | user=null | ip=null | op=WRITE_CHUNK {blockData=conID: 3 locID: 102734075285537354 bcsId: 0} | ret=SUCCESS |  
2019-09-04 11:46:24,329 | INFO  | DNAudit | user=null | ip=null | op=WRITE_CHUNK {blockData=conID: 3 locID: 102734075285537354 bcsId: 0} | ret=SUCCESS |  
2019-09-04 11:46:24,349 | INFO  | DNAudit | user=null | ip=null | op=WRITE_CHUNK {blockData=conID: 3 locID: 102734075285537354 bcsId: 0} | ret=SUCCESS |  
2019-09-04 11:46:24,349 | INFO  | DNAudit | user=null | ip=null | op=PUT_BLOCK {blockData=[blockId=conID: 3 locID: 102734075285537354 bcsId: 0,size=1048576]} | ret=SUCCESS |  
2019-09-04 11:46:24,349 | INFO  | DNAudit | user=null | ip=null | op=WRITE_CHUNK {blockData=conID: 3 locID: 102734075285537354 bcsId: 0} | ret=SUCCESS |  
2019-09-04 11:46:24,349 [grpc-default-executor-5] INFO  client.GrpcClientProtocolClient (GrpcClientProtocolClient.java:onNext(255)) - client-D5CE890D7D9E->efcb8ff8-f060-4d95-9215-d0f5eb4af037: receive RaftClientReply:client-D5CE890D7D9E->efcb8ff8-f060-4d95-9215-d0f5eb4af037@group-0959F8DF43ED, cid=2424, SUCCESS, logIndex=3600, commits[efcb8ff8-f060-4d95-9215-d0f5eb4af037:c3603, 6fae8b02-e804-4c0e-b729-a97b7404b7f6:c3599, 4c3e8a66-6975-4917-8225-d3efe707aaff:c3599]
2019-09-04 11:46:24,350 | INFO  | DNAudit | user=null | ip=null | op=PUT_BLOCK {blockData=[blockId=conID: 3 locID: 102734075285537354 bcsId: 0,size=2097152]} | ret=SUCCESS |  
2019-09-04 11:46:24,350 [grpc-default-executor-5] INFO  client.GrpcClientProtocolClient (GrpcClientProtocolClient.java:onNext(255)) - client-D5CE890D7D9E->efcb8ff8-f060-4d95-9215-d0f5eb4af037: receive RaftClientReply:client-D5CE890D7D9E->efcb8ff8-f060-4d95-9215-d0f5eb4af037@group-0959F8DF43ED, cid=2425, SUCCESS, logIndex=3601, commits[efcb8ff8-f060-4d95-9215-d0f5eb4af037:c3603, 6fae8b02-e804-4c0e-b729-a97b7404b7f6:c3599, 4c3e8a66-6975-4917-8225-d3efe707aaff:c3599]
2019-09-04 11:46:24,350 [grpc-default-executor-5] INFO  client.GrpcClientProtocolClient (GrpcClientProtocolClient.java:onNext(255)) - client-D5CE890D7D9E->efcb8ff8-f060-4d95-9215-d0f5eb4af037: receive RaftClientReply:client-D5CE890D7D9E->efcb8ff8-f060-4d95-9215-d0f5eb4af037@group-0959F8DF43ED, cid=2426, SUCCESS, logIndex=3602, commits[efcb8ff8-f060-4d95-9215-d0f5eb4af037:c3603, 6fae8b02-e804-4c0e-b729-a97b7404b7f6:c3599, 4c3e8a66-6975-4917-8225-d3efe707aaff:c3599]
2019-09-04 11:46:24,350 [grpc-default-executor-5] INFO  client.GrpcClientProtocolClient (GrpcClientProtocolClient.java:onNext(255)) - client-D5CE890D7D9E->efcb8ff8-f060-4d95-9215-d0f5eb4af037: receive RaftClientReply:client-D5CE890D7D9E->efcb8ff8-f060-4d95-9215-d0f5eb4af037@group-0959F8DF43ED, cid=2427, SUCCESS, logIndex=3603, commits[efcb8ff8-f060-4d95-9215-d0f5eb4af037:c3603, 6fae8b02-e804-4c0e-b729-a97b7404b7f6:c3599, 4c3e8a66-6975-4917-8225-d3efe707aaff:c3599]
2019-09-04 11:46:24,368 | INFO  | DNAudit | user=null | ip=null | op=WRITE_CHUNK {blockData=conID: 3 locID: 102734075285537354 bcsId: 0} | ret=SUCCESS |  
2019-09-04 11:46:24,368 | INFO  | DNAudit | user=null | ip=null | op=PUT_BLOCK {blockData=[blockId=conID: 3 locID: 102734075285537354 bcsId: 0,size=1048576]} | ret=SUCCESS |  
2019-09-04 11:46:24,369 | INFO  | DNAudit | user=null | ip=null | op=WRITE_CHUNK {blockData=conID: 3 locID: 102734075285537354 bcsId: 0} | ret=SUCCESS |  
2019-09-04 11:46:24,369 | INFO  | DNAudit | user=null | ip=null | op=PUT_BLOCK {blockData=[blockId=conID: 3 locID: 102734075285537354 bcsId: 0,size=1048576]} | ret=SUCCESS |  
2019-09-04 11:46:24,369 [grpc-default-executor-5] INFO  client.GrpcClientProtocolClient (GrpcClientProtocolClient.java:onNext(255)) - client-D5CE890D7D9E->efcb8ff8-f060-4d95-9215-d0f5eb4af037: receive RaftClientReply:client-D5CE890D7D9E->efcb8ff8-f060-4d95-9215-d0f5eb4af037@group-0959F8DF43ED, cid=2428, SUCCESS, logIndex=0, commits[efcb8ff8-f060-4d95-9215-d0f5eb4af037:c3604, 6fae8b02-e804-4c0e-b729-a97b7404b7f6:c3601, 4c3e8a66-6975-4917-8225-d3efe707aaff:c3601]
2019-09-04 11:46:24,377 | INFO  | DNAudit | user=null | ip=null | op=WRITE_CHUNK {blockData=conID: 3 locID: 102734075285537354 bcsId: 3603} | ret=SUCCESS |  
2019-09-04 11:46:24,378 | INFO  | DNAudit | user=null | ip=null | op=WRITE_CHUNK {blockData=conID: 3 locID: 102734075285537354 bcsId: 3603} | ret=SUCCESS |  
2019-09-04 11:46:24,379 | INFO  | DNAudit | user=null | ip=null | op=WRITE_CHUNK {blockData=conID: 3 locID: 102734075285537354 bcsId: 3603} | ret=SUCCESS |  
2019-09-04 11:46:24,425 | INFO  | DNAudit | user=null | ip=null | op=WRITE_CHUNK {blockData=conID: 3 locID: 102734075285537354 bcsId: 0} | ret=SUCCESS |  
2019-09-04 11:46:24,425 | INFO  | DNAudit | user=null | ip=null | op=WRITE_CHUNK {blockData=conID: 3 locID: 102734075285537354 bcsId: 0} | ret=SUCCESS |  
2019-09-04 11:46:24,426 | INFO  | DNAudit | user=null | ip=null | op=PUT_BLOCK {blockData=[blockId=conID: 3 locID: 102734075285537354 bcsId: 0,size=2097152]} | ret=SUCCESS |  
2019-09-04 11:46:24,426 | INFO  | DNAudit | user=null | ip=null | op=PUT_BLOCK {blockData=[blockId=conID: 3 locID: 102734075285537354 bcsId: 0,size=2097152]} | ret=SUCCESS |  
2019-09-04 11:46:24,438 | INFO  | DNAudit | user=null | ip=null | op=WRITE_CHUNK {blockData=conID: 3 locID: 102734075285537354 bcsId: 3603} | ret=SUCCESS |  
2019-09-04 11:46:24,438 | INFO  | DNAudit | user=null | ip=null | op=PUT_BLOCK {blockData=[blockId=conID: 3 locID: 102734075285537354 bcsId: 0,size=3145728]} | ret=SUCCESS |  
2019-09-04 11:46:24,438 [grpc-default-executor-6] INFO  client.GrpcClientProtocolClient (GrpcClientProtocolClient.java:onNext(255)) - client-D5CE890D7D9E->efcb8ff8-f060-4d95-9215-d0f5eb4af037: receive RaftClientReply:client-D5CE890D7D9E->efcb8ff8-f060-4d95-9215-d0f5eb4af037@group-0959F8DF43ED, cid=2429, SUCCESS, logIndex=3608, commits[efcb8ff8-f060-4d95-9215-d0f5eb4af037:c3609, 6fae8b02-e804-4c0e-b729-a97b7404b7f6:c3604, 4c3e8a66-6975-4917-8225-d3efe707aaff:c3604]
2019-09-04 11:46:24,439 [grpc-default-executor-6] INFO  client.GrpcClientProtocolClient (GrpcClientProtocolClient.java:onNext(255)) - client-D5CE890D7D9E->efcb8ff8-f060-4d95-9215-d0f5eb4af037: receive RaftClientReply:client-D5CE890D7D9E->efcb8ff8-f060-4d95-9215-d0f5eb4af037@group-0959F8DF43ED, cid=2430, SUCCESS, logIndex=3609, commits[efcb8ff8-f060-4d95-9215-d0f5eb4af037:c3609, 6fae8b02-e804-4c0e-b729-a97b7404b7f6:c3604, 4c3e8a66-6975-4917-8225-d3efe707aaff:c3604]
2019-09-04 11:46:24,448 | INFO  | DNAudit | user=null | ip=null | op=WRITE_CHUNK {blockData=conID: 3 locID: 102734075285537354 bcsId: 3609} | ret=SUCCESS |  
2019-09-04 11:46:24,450 | INFO  | DNAudit | user=null | ip=null | op=WRITE_CHUNK {blockData=conID: 3 locID: 102734075285537354 bcsId: 3609} | ret=SUCCESS |  
2019-09-04 11:46:24,450 | INFO  | DNAudit | user=null | ip=null | op=WRITE_CHUNK {blockData=conID: 3 locID: 102734075285537354 bcsId: 3609} | ret=SUCCESS |  
2019-09-04 11:46:24,450 | INFO  | DNAudit | user=null | ip=null | op=WRITE_CHUNK {blockData=conID: 3 locID: 102734075285537354 bcsId: 3603} | ret=SUCCESS |  
2019-09-04 11:46:24,451 | INFO  | DNAudit | user=null | ip=null | op=WRITE_CHUNK {blockData=conID: 3 locID: 102734075285537354 bcsId: 3603} | ret=SUCCESS |  
2019-09-04 11:46:24,452 | INFO  | DNAudit | user=null | ip=null | op=PUT_BLOCK {blockData=[blockId=conID: 3 locID: 102734075285537354 bcsId: 0,size=3145728]} | ret=SUCCESS |  
2019-09-04 11:46:24,453 | INFO  | DNAudit | user=null | ip=null | op=PUT_BLOCK {blockData=[blockId=conID: 3 locID: 102734075285537354 bcsId: 0,size=3145728]} | ret=SUCCESS |  
2019-09-04 11:46:24,453 | INFO  | DNAudit | user=null | ip=null | op=WRITE_CHUNK {blockData=conID: 3 locID: 102734075285537354 bcsId: 3609} | ret=SUCCESS |  
2019-09-04 11:46:24,453 | INFO  | DNAudit | user=null | ip=null | op=PUT_BLOCK {blockData=[blockId=conID: 3 locID: 102734075285537354 bcsId: 0,size=4194304]} | ret=SUCCESS |  
2019-09-04 11:46:24,454 [grpc-default-executor-0] INFO  client.GrpcClientProtocolClient (GrpcClientProtocolClient.java:onNext(255)) - client-D5CE890D7D9E->efcb8ff8-f060-4d95-9215-d0f5eb4af037: receive RaftClientReply:client-D5CE890D7D9E->efcb8ff8-f060-4d95-9215-d0f5eb4af037@group-0959F8DF43ED, cid=2431, SUCCESS, logIndex=3612, commits[efcb8ff8-f060-4d95-9215-d0f5eb4af037:c3613, 6fae8b02-e804-4c0e-b729-a97b7404b7f6:c3609, 4c3e8a66-6975-4917-8225-d3efe707aaff:c3609]
2019-09-04 11:46:24,454 [grpc-default-executor-0] INFO  client.GrpcClientProtocolClient (GrpcClientProtocolClient.java:onNext(255)) - client-D5CE890D7D9E->efcb8ff8-f060-4d95-9215-d0f5eb4af037: receive RaftClientReply:client-D5CE890D7D9E->efcb8ff8-f060-4d95-9215-d0f5eb4af037@group-0959F8DF43ED, cid=2432, SUCCESS, logIndex=3613, commits[efcb8ff8-f060-4d95-9215-d0f5eb4af037:c3613, 6fae8b02-e804-4c0e-b729-a97b7404b7f6:c3609, 4c3e8a66-6975-4917-8225-d3efe707aaff:c3609]
2019-09-04 11:46:24,468 | INFO  | DNAudit | user=null | ip=null | op=WRITE_CHUNK {blockData=conID: 3 locID: 102734075285537354 bcsId: 3609} | ret=SUCCESS |  
2019-09-04 11:46:24,468 | INFO  | DNAudit | user=null | ip=null | op=WRITE_CHUNK {blockData=conID: 3 locID: 102734075285537354 bcsId: 3609} | ret=SUCCESS |  
2019-09-04 11:46:24,470 | INFO  | DNAudit | user=null | ip=null | op=PUT_BLOCK {blockData=[blockId=conID: 3 locID: 102734075285537354 bcsId: 0,size=4194304]} | ret=SUCCESS |  
2019-09-04 11:46:24,470 | INFO  | DNAudit | user=null | ip=null | op=PUT_BLOCK {blockData=[blockId=conID: 3 locID: 102734075285537354 bcsId: 0,size=4194304]} | ret=SUCCESS |  
2019-09-04 11:46:24,471 [grpc-default-executor-0] INFO  client.GrpcClientProtocolClient (GrpcClientProtocolClient.java:onNext(255)) - client-D5CE890D7D9E->efcb8ff8-f060-4d95-9215-d0f5eb4af037: receive RaftClientReply:client-D5CE890D7D9E->efcb8ff8-f060-4d95-9215-d0f5eb4af037@group-0959F8DF43ED, cid=2433, SUCCESS, logIndex=0, commits[efcb8ff8-f060-4d95-9215-d0f5eb4af037:c3615, 6fae8b02-e804-4c0e-b729-a97b7404b7f6:c3613, 4c3e8a66-6975-4917-8225-d3efe707aaff:c3613]
2019-09-04 11:46:24,477 | INFO  | SCMAudit | user=jenkins1000 | ip=192.168.36.67 | op=ALLOCATE_BLOCK {owner=8ab292a2-aaa7-4ad8-863a-d33994811155, size=4194304, type=RATIS, factor=THREE} | ret=SUCCESS |  
2019-09-04 11:46:24,480 | INFO  | OMAudit | user=jenkins1000 | ip=127.0.0.1 | op=ALLOCATE_BLOCK {volume=vol-0-58699, bucket=bucket-0-57464, key=key-0-37266, dataSize=0, replicationType=null, replicationFactor=null, keyLocationInfo=null, clientID=102734073355960722} | ret=SUCCESS |  
2019-09-04 11:46:24,489 | INFO  | DNAudit | user=null | ip=null | op=WRITE_CHUNK {blockData=conID: 1 locID: 102734075296285259 bcsId: 0} | ret=SUCCESS |  
2019-09-04 11:46:24,491 | INFO  | DNAudit | user=null | ip=null | op=WRITE_CHUNK {blockData=conID: 1 locID: 102734075296285259 bcsId: 0} | ret=SUCCESS |  
2019-09-04 11:46:24,493 | INFO  | DNAudit | user=null | ip=null | op=WRITE_CHUNK {blockData=conID: 1 locID: 102734075296285259 bcsId: 0} | ret=SUCCESS |  
2019-09-04 11:46:24,493 | INFO  | DNAudit | user=null | ip=null | op=WRITE_CHUNK {blockData=conID: 1 locID: 102734075296285259 bcsId: 0} | ret=SUCCESS |  
2019-09-04 11:46:24,495 | INFO  | DNAudit | user=null | ip=null | op=WRITE_CHUNK {blockData=conID: 1 locID: 102734075296285259 bcsId: 0} | ret=SUCCESS |  
2019-09-04 11:46:24,495 | INFO  | DNAudit | user=null | ip=null | op=WRITE_CHUNK {blockData=conID: 1 locID: 102734075296285259 bcsId: 0} | ret=SUCCESS |  
2019-09-04 11:46:24,510 | INFO  | DNAudit | user=null | ip=null | op=WRITE_CHUNK {blockData=conID: 1 locID: 102734075296285259 bcsId: 0} | ret=SUCCESS |  
2019-09-04 11:46:24,511 | INFO  | DNAudit | user=null | ip=null | op=PUT_BLOCK {blockData=[blockId=conID: 1 locID: 102734075296285259 bcsId: 0,size=1048576]} | ret=SUCCESS |  
2019-09-04 11:46:24,511 | INFO  | DNAudit | user=null | ip=null | op=WRITE_CHUNK {blockData=conID: 1 locID: 102734075296285259 bcsId: 0} | ret=SUCCESS |  
2019-09-04 11:46:24,511 [grpc-default-executor-0] INFO  client.GrpcClientProtocolClient (GrpcClientProtocolClient.java:onNext(255)) - client-D5CE890D7D9E->efcb8ff8-f060-4d95-9215-d0f5eb4af037: receive RaftClientReply:client-D5CE890D7D9E->efcb8ff8-f060-4d95-9215-d0f5eb4af037@group-0959F8DF43ED, cid=2434, SUCCESS, logIndex=3616, commits[efcb8ff8-f060-4d95-9215-d0f5eb4af037:c3617, 6fae8b02-e804-4c0e-b729-a97b7404b7f6:c3615, 4c3e8a66-6975-4917-8225-d3efe707aaff:c3615]
2019-09-04 11:46:24,512 | INFO  | DNAudit | user=null | ip=null | op=PUT_BLOCK {blockData=[blockId=conID: 1 locID: 102734075296285259 bcsId: 0,size=2097152]} | ret=SUCCESS |  
2019-09-04 11:46:24,512 [grpc-default-executor-0] INFO  client.GrpcClientProtocolClient (GrpcClientProtocolClient.java:onNext(255)) - client-D5CE890D7D9E->efcb8ff8-f060-4d95-9215-d0f5eb4af037: receive RaftClientReply:client-D5CE890D7D9E->efcb8ff8-f060-4d95-9215-d0f5eb4af037@group-0959F8DF43ED, cid=2435, SUCCESS, logIndex=3617, commits[efcb8ff8-f060-4d95-9215-d0f5eb4af037:c3619, 6fae8b02-e804-4c0e-b729-a97b7404b7f6:c3615, 4c3e8a66-6975-4917-8225-d3efe707aaff:c3615]
2019-09-04 11:46:24,512 | INFO  | DNAudit | user=null | ip=null | op=WRITE_CHUNK {blockData=conID: 1 locID: 102734075296285259 bcsId: 0} | ret=SUCCESS |  
2019-09-04 11:46:24,512 [grpc-default-executor-0] INFO  client.GrpcClientProtocolClient (GrpcClientProtocolClient.java:onNext(255)) - client-D5CE890D7D9E->efcb8ff8-f060-4d95-9215-d0f5eb4af037: receive RaftClientReply:client-D5CE890D7D9E->efcb8ff8-f060-4d95-9215-d0f5eb4af037@group-0959F8DF43ED, cid=2436, SUCCESS, logIndex=3618, commits[efcb8ff8-f060-4d95-9215-d0f5eb4af037:c3619, 6fae8b02-e804-4c0e-b729-a97b7404b7f6:c3615, 4c3e8a66-6975-4917-8225-d3efe707aaff:c3615]
2019-09-04 11:46:24,512 | INFO  | DNAudit | user=null | ip=null | op=PUT_BLOCK {blockData=[blockId=conID: 1 locID: 102734075296285259 bcsId: 0,size=1048576]} | ret=SUCCESS |  
2019-09-04 11:46:24,513 | INFO  | DNAudit | user=null | ip=null | op=WRITE_CHUNK {blockData=conID: 1 locID: 102734075296285259 bcsId: 0} | ret=SUCCESS |  
2019-09-04 11:46:24,513 [grpc-default-executor-5] INFO  client.GrpcClientProtocolClient (GrpcClientProtocolClient.java:onNext(255)) - client-D5CE890D7D9E->efcb8ff8-f060-4d95-9215-d0f5eb4af037: receive RaftClientReply:client-D5CE890D7D9E->efcb8ff8-f060-4d95-9215-d0f5eb4af037@group-0959F8DF43ED, cid=2437, SUCCESS, logIndex=3619, commits[efcb8ff8-f060-4d95-9215-d0f5eb4af037:c3619, 6fae8b02-e804-4c0e-b729-a97b7404b7f6:c3615, 4c3e8a66-6975-4917-8225-d3efe707aaff:c3615]
2019-09-04 11:46:24,513 | INFO  | DNAudit | user=null | ip=null | op=PUT_BLOCK {blockData=[blockId=conID: 1 locID: 102734075296285259 bcsId: 0,size=1048576]} | ret=SUCCESS |  
2019-09-04 11:46:24,513 | INFO  | DNAudit | user=null | ip=null | op=WRITE_CHUNK {blockData=conID: 1 locID: 102734075296285259 bcsId: 0} | ret=SUCCESS |  
2019-09-04 11:46:24,514 | INFO  | DNAudit | user=null | ip=null | op=PUT_BLOCK {blockData=[blockId=conID: 1 locID: 102734075296285259 bcsId: 0,size=2097152]} | ret=SUCCESS |  
2019-09-04 11:46:24,514 | INFO  | DNAudit | user=null | ip=null | op=WRITE_CHUNK {blockData=conID: 1 locID: 102734075296285259 bcsId: 0} | ret=SUCCESS |  
2019-09-04 11:46:24,514 [grpc-default-executor-5] INFO  client.GrpcClientProtocolClient (GrpcClientProtocolClient.java:onNext(255)) - client-D5CE890D7D9E->efcb8ff8-f060-4d95-9215-d0f5eb4af037: receive RaftClientReply:client-D5CE890D7D9E->efcb8ff8-f060-4d95-9215-d0f5eb4af037@group-0959F8DF43ED, cid=2438, SUCCESS, logIndex=0, commits[efcb8ff8-f060-4d95-9215-d0f5eb4af037:c3621, 6fae8b02-e804-4c0e-b729-a97b7404b7f6:c3617, 4c3e8a66-6975-4917-8225-d3efe707aaff:c3617]
2019-09-04 11:46:24,514 | INFO  | DNAudit | user=null | ip=null | op=PUT_BLOCK {blockData=[blockId=conID: 1 locID: 102734075296285259 bcsId: 0,size=2097152]} | ret=SUCCESS |  
2019-09-04 11:46:24,522 | INFO  | DNAudit | user=null | ip=null | op=WRITE_CHUNK {blockData=conID: 1 locID: 102734075296285259 bcsId: 3619} | ret=SUCCESS |  
2019-09-04 11:46:24,525 | INFO  | DNAudit | user=null | ip=null | op=WRITE_CHUNK {blockData=conID: 1 locID: 102734075296285259 bcsId: 3619} | ret=SUCCESS |  
2019-09-04 11:46:24,525 | INFO  | DNAudit | user=null | ip=null | op=WRITE_CHUNK {blockData=conID: 1 locID: 102734075296285259 bcsId: 3619} | ret=SUCCESS |  
2019-09-04 11:46:24,537 | INFO  | DNAudit | user=null | ip=null | op=WRITE_CHUNK {blockData=conID: 1 locID: 102734075296285259 bcsId: 3619} | ret=SUCCESS |  
2019-09-04 11:46:24,537 | INFO  | DNAudit | user=null | ip=null | op=PUT_BLOCK {blockData=[blockId=conID: 1 locID: 102734075296285259 bcsId: 0,size=3145728]} | ret=SUCCESS |  
2019-09-04 11:46:24,537 [grpc-default-executor-6] INFO  client.GrpcClientProtocolClient (GrpcClientProtocolClient.java:onNext(255)) - client-D5CE890D7D9E->efcb8ff8-f060-4d95-9215-d0f5eb4af037: receive RaftClientReply:client-D5CE890D7D9E->efcb8ff8-f060-4d95-9215-d0f5eb4af037@group-0959F8DF43ED, cid=2439, SUCCESS, logIndex=3623, commits[efcb8ff8-f060-4d95-9215-d0f5eb4af037:c3624, 6fae8b02-e804-4c0e-b729-a97b7404b7f6:c3622, 4c3e8a66-6975-4917-8225-d3efe707aaff:c3622]
2019-09-04 11:46:24,538 [grpc-default-executor-6] INFO  client.GrpcClientProtocolClient (GrpcClientProtocolClient.java:onNext(255)) - client-D5CE890D7D9E->efcb8ff8-f060-4d95-9215-d0f5eb4af037: receive RaftClientReply:client-D5CE890D7D9E->efcb8ff8-f060-4d95-9215-d0f5eb4af037@group-0959F8DF43ED, cid=2440, SUCCESS, logIndex=3624, commits[efcb8ff8-f060-4d95-9215-d0f5eb4af037:c3624, 6fae8b02-e804-4c0e-b729-a97b7404b7f6:c3622, 4c3e8a66-6975-4917-8225-d3efe707aaff:c3622]
2019-09-04 11:46:24,545 | INFO  | DNAudit | user=null | ip=null | op=WRITE_CHUNK {blockData=conID: 1 locID: 102734075296285259 bcsId: 3624} | ret=SUCCESS |  
2019-09-04 11:46:24,548 | INFO  | DNAudit | user=null | ip=null | op=WRITE_CHUNK {blockData=conID: 1 locID: 102734075296285259 bcsId: 3624} | ret=SUCCESS |  
2019-09-04 11:46:24,548 | INFO  | DNAudit | user=null | ip=null | op=WRITE_CHUNK {blockData=conID: 1 locID: 102734075296285259 bcsId: 3624} | ret=SUCCESS |  
2019-09-04 11:46:24,562 | INFO  | DNAudit | user=null | ip=null | op=WRITE_CHUNK {blockData=conID: 1 locID: 102734075296285259 bcsId: 3619} | ret=SUCCESS |  
2019-09-04 11:46:24,562 | INFO  | DNAudit | user=null | ip=null | op=WRITE_CHUNK {blockData=conID: 1 locID: 102734075296285259 bcsId: 3619} | ret=SUCCESS |  
2019-09-04 11:46:24,593 | INFO  | DNAudit | user=null | ip=null | op=PUT_BLOCK {blockData=[blockId=conID: 1 locID: 102734075296285259 bcsId: 0,size=3145728]} | ret=SUCCESS |  
2019-09-04 11:46:24,593 | INFO  | DNAudit | user=null | ip=null | op=PUT_BLOCK {blockData=[blockId=conID: 1 locID: 102734075296285259 bcsId: 0,size=3145728]} | ret=SUCCESS |  
2019-09-04 11:46:24,593 | INFO  | DNAudit | user=null | ip=null | op=WRITE_CHUNK {blockData=conID: 1 locID: 102734075296285259 bcsId: 3624} | ret=SUCCESS |  
2019-09-04 11:46:24,594 | INFO  | DNAudit | user=null | ip=null | op=PUT_BLOCK {blockData=[blockId=conID: 1 locID: 102734075296285259 bcsId: 0,size=4194304]} | ret=SUCCESS |  
2019-09-04 11:46:24,594 [grpc-default-executor-5] INFO  client.GrpcClientProtocolClient (GrpcClientProtocolClient.java:onNext(255)) - client-D5CE890D7D9E->efcb8ff8-f060-4d95-9215-d0f5eb4af037: receive RaftClientReply:client-D5CE890D7D9E->efcb8ff8-f060-4d95-9215-d0f5eb4af037@group-0959F8DF43ED, cid=2441, SUCCESS, logIndex=3627, commits[efcb8ff8-f060-4d95-9215-d0f5eb4af037:c3628, 6fae8b02-e804-4c0e-b729-a97b7404b7f6:c3624, 4c3e8a66-6975-4917-8225-d3efe707aaff:c3624]
2019-09-04 11:46:24,594 [grpc-default-executor-5] INFO  client.GrpcClientProtocolClient (GrpcClientProtocolClient.java:onNext(255)) - client-D5CE890D7D9E->efcb8ff8-f060-4d95-9215-d0f5eb4af037: receive RaftClientReply:client-D5CE890D7D9E->efcb8ff8-f060-4d95-9215-d0f5eb4af037@group-0959F8DF43ED, cid=2442, SUCCESS, logIndex=3628, commits[efcb8ff8-f060-4d95-9215-d0f5eb4af037:c3628, 6fae8b02-e804-4c0e-b729-a97b7404b7f6:c3624, 4c3e8a66-6975-4917-8225-d3efe707aaff:c3624]
2019-09-04 11:46:24,623 | INFO  | DNAudit | user=null | ip=null | op=WRITE_CHUNK {blockData=conID: 1 locID: 102734075296285259 bcsId: 3624} | ret=SUCCESS |  
2019-09-04 11:46:24,623 | INFO  | DNAudit | user=null | ip=null | op=WRITE_CHUNK {blockData=conID: 1 locID: 102734075296285259 bcsId: 3624} | ret=SUCCESS |  
2019-09-04 11:46:24,623 | INFO  | DNAudit | user=null | ip=null | op=PUT_BLOCK {blockData=[blockId=conID: 1 locID: 102734075296285259 bcsId: 0,size=4194304]} | ret=SUCCESS |  
2019-09-04 11:46:24,623 | INFO  | DNAudit | user=null | ip=null | op=PUT_BLOCK {blockData=[blockId=conID: 1 locID: 102734075296285259 bcsId: 0,size=4194304]} | ret=SUCCESS |  
2019-09-04 11:46:24,623 [grpc-default-executor-5] INFO  client.GrpcClientProtocolClient (GrpcClientProtocolClient.java:onNext(255)) - client-D5CE890D7D9E->efcb8ff8-f060-4d95-9215-d0f5eb4af037: receive RaftClientReply:client-D5CE890D7D9E->efcb8ff8-f060-4d95-9215-d0f5eb4af037@group-0959F8DF43ED, cid=2443, SUCCESS, logIndex=0, commits[efcb8ff8-f060-4d95-9215-d0f5eb4af037:c3629, 6fae8b02-e804-4c0e-b729-a97b7404b7f6:c3628, 4c3e8a66-6975-4917-8225-d3efe707aaff:c3628]
2019-09-04 11:46:24,628 | INFO  | SCMAudit | user=jenkins1000 | ip=192.168.36.67 | op=ALLOCATE_BLOCK {owner=8ab292a2-aaa7-4ad8-863a-d33994811155, size=4194304, type=RATIS, factor=THREE} | ret=SUCCESS |  
2019-09-04 11:46:24,630 | INFO  | OMAudit | user=jenkins1000 | ip=127.0.0.1 | op=ALLOCATE_BLOCK {volume=vol-0-58699, bucket=bucket-0-57464, key=key-0-37266, dataSize=0, replicationType=null, replicationFactor=null, keyLocationInfo=null, clientID=102734073355960722} | ret=SUCCESS |  
2019-09-04 11:46:24,637 | INFO  | DNAudit | user=null | ip=null | op=WRITE_CHUNK {blockData=conID: 2 locID: 102734075306115660 bcsId: 0} | ret=SUCCESS |  
2019-09-04 11:46:24,639 | INFO  | DNAudit | user=null | ip=null | op=WRITE_CHUNK {blockData=conID: 2 locID: 102734075306115660 bcsId: 0} | ret=SUCCESS |  
2019-09-04 11:46:24,640 | INFO  | DNAudit | user=null | ip=null | op=WRITE_CHUNK {blockData=conID: 2 locID: 102734075306115660 bcsId: 0} | ret=SUCCESS |  
2019-09-04 11:46:24,642 | INFO  | DNAudit | user=null | ip=null | op=WRITE_CHUNK {blockData=conID: 2 locID: 102734075306115660 bcsId: 0} | ret=SUCCESS |  
2019-09-04 11:46:24,642 | INFO  | DNAudit | user=null | ip=null | op=WRITE_CHUNK {blockData=conID: 2 locID: 102734075306115660 bcsId: 0} | ret=SUCCESS |  
2019-09-04 11:46:24,643 | INFO  | DNAudit | user=null | ip=null | op=WRITE_CHUNK {blockData=conID: 2 locID: 102734075306115660 bcsId: 0} | ret=SUCCESS |  
2019-09-04 11:46:24,678 | INFO  | DNAudit | user=null | ip=null | op=WRITE_CHUNK {blockData=conID: 2 locID: 102734075306115660 bcsId: 0} | ret=SUCCESS |  
2019-09-04 11:46:24,679 | INFO  | DNAudit | user=null | ip=null | op=PUT_BLOCK {blockData=[blockId=conID: 2 locID: 102734075306115660 bcsId: 0,size=1048576]} | ret=SUCCESS |  
2019-09-04 11:46:24,679 | INFO  | DNAudit | user=null | ip=null | op=WRITE_CHUNK {blockData=conID: 2 locID: 102734075306115660 bcsId: 0} | ret=SUCCESS |  
2019-09-04 11:46:24,679 [grpc-default-executor-5] INFO  client.GrpcClientProtocolClient (GrpcClientProtocolClient.java:onNext(255)) - client-D5CE890D7D9E->efcb8ff8-f060-4d95-9215-d0f5eb4af037: receive RaftClientReply:client-D5CE890D7D9E->efcb8ff8-f060-4d95-9215-d0f5eb4af037@group-0959F8DF43ED, cid=2444, SUCCESS, logIndex=3631, commits[efcb8ff8-f060-4d95-9215-d0f5eb4af037:c3632, 6fae8b02-e804-4c0e-b729-a97b7404b7f6:c3630, 4c3e8a66-6975-4917-8225-d3efe707aaff:c3630]
2019-09-04 11:46:24,679 | INFO  | DNAudit | user=null | ip=null | op=PUT_BLOCK {blockData=[blockId=conID: 2 locID: 102734075306115660 bcsId: 0,size=2097152]} | ret=SUCCESS |  
2019-09-04 11:46:24,679 [grpc-default-executor-5] INFO  client.GrpcClientProtocolClient (GrpcClientProtocolClient.java:onNext(255)) - client-D5CE890D7D9E->efcb8ff8-f060-4d95-9215-d0f5eb4af037: receive RaftClientReply:client-D5CE890D7D9E->efcb8ff8-f060-4d95-9215-d0f5eb4af037@group-0959F8DF43ED, cid=2445, SUCCESS, logIndex=3632, commits[efcb8ff8-f060-4d95-9215-d0f5eb4af037:c3634, 6fae8b02-e804-4c0e-b729-a97b7404b7f6:c3630, 4c3e8a66-6975-4917-8225-d3efe707aaff:c3630]
2019-09-04 11:46:24,680 [grpc-default-executor-5] INFO  client.GrpcClientProtocolClient (GrpcClientProtocolClient.java:onNext(255)) - client-D5CE890D7D9E->efcb8ff8-f060-4d95-9215-d0f5eb4af037: receive RaftClientReply:client-D5CE890D7D9E->efcb8ff8-f060-4d95-9215-d0f5eb4af037@group-0959F8DF43ED, cid=2446, SUCCESS, logIndex=3633, commits[efcb8ff8-f060-4d95-9215-d0f5eb4af037:c3634, 6fae8b02-e804-4c0e-b729-a97b7404b7f6:c3630, 4c3e8a66-6975-4917-8225-d3efe707aaff:c3630]
2019-09-04 11:46:24,680 [grpc-default-executor-5] INFO  client.GrpcClientProtocolClient (GrpcClientProtocolClient.java:onNext(255)) - client-D5CE890D7D9E->efcb8ff8-f060-4d95-9215-d0f5eb4af037: receive RaftClientReply:client-D5CE890D7D9E->efcb8ff8-f060-4d95-9215-d0f5eb4af037@group-0959F8DF43ED, cid=2447, SUCCESS, logIndex=3634, commits[efcb8ff8-f060-4d95-9215-d0f5eb4af037:c3634, 6fae8b02-e804-4c0e-b729-a97b7404b7f6:c3630, 4c3e8a66-6975-4917-8225-d3efe707aaff:c3630]
2019-09-04 11:46:24,704 | INFO  | DNAudit | user=null | ip=null | op=WRITE_CHUNK {blockData=conID: 2 locID: 102734075306115660 bcsId: 0} | ret=SUCCESS |  
2019-09-04 11:46:24,704 | INFO  | DNAudit | user=null | ip=null | op=WRITE_CHUNK {blockData=conID: 2 locID: 102734075306115660 bcsId: 0} | ret=SUCCESS |  
2019-09-04 11:46:24,704 | INFO  | DNAudit | user=null | ip=null | op=PUT_BLOCK {blockData=[blockId=conID: 2 locID: 102734075306115660 bcsId: 0,size=1048576]} | ret=SUCCESS |  
2019-09-04 11:46:24,704 | INFO  | DNAudit | user=null | ip=null | op=PUT_BLOCK {blockData=[blockId=conID: 2 locID: 102734075306115660 bcsId: 0,size=1048576]} | ret=SUCCESS |  
2019-09-04 11:46:24,705 [grpc-default-executor-0] INFO  client.GrpcClientProtocolClient (GrpcClientProtocolClient.java:onNext(255)) - client-D5CE890D7D9E->efcb8ff8-f060-4d95-9215-d0f5eb4af037: receive RaftClientReply:client-D5CE890D7D9E->efcb8ff8-f060-4d95-9215-d0f5eb4af037@group-0959F8DF43ED, cid=2448, SUCCESS, logIndex=0, commits[efcb8ff8-f060-4d95-9215-d0f5eb4af037:c3635, 6fae8b02-e804-4c0e-b729-a97b7404b7f6:c3632, 4c3e8a66-6975-4917-8225-d3efe707aaff:c3632]
2019-09-04 11:46:24,705 | INFO  | DNAudit | user=null | ip=null | op=WRITE_CHUNK {blockData=conID: 2 locID: 102734075306115660 bcsId: 0} | ret=SUCCESS |  
2019-09-04 11:46:24,706 | INFO  | DNAudit | user=null | ip=null | op=PUT_BLOCK {blockData=[blockId=conID: 2 locID: 102734075306115660 bcsId: 0,size=2097152]} | ret=SUCCESS |  
2019-09-04 11:46:24,706 | INFO  | DNAudit | user=null | ip=null | op=WRITE_CHUNK {blockData=conID: 2 locID: 102734075306115660 bcsId: 0} | ret=SUCCESS |  
2019-09-04 11:46:24,706 | INFO  | DNAudit | user=null | ip=null | op=PUT_BLOCK {blockData=[blockId=conID: 2 locID: 102734075306115660 bcsId: 0,size=2097152]} | ret=SUCCESS |  
2019-09-04 11:46:24,707 | INFO  | SCMAudit | user=jenkins1000 | ip=192.168.36.67 | op=SEND_HEARTBEAT {datanodeUUID=b68b188c-7f38-42ae-8403-46a39acd0731, command=[]} | ret=SUCCESS |  
2019-09-04 11:46:24,714 | INFO  | DNAudit | user=null | ip=null | op=WRITE_CHUNK {blockData=conID: 2 locID: 102734075306115660 bcsId: 3634} | ret=SUCCESS |  
2019-09-04 11:46:24,718 | INFO  | DNAudit | user=null | ip=null | op=WRITE_CHUNK {blockData=conID: 2 locID: 102734075306115660 bcsId: 3634} | ret=SUCCESS |  
2019-09-04 11:46:24,718 | INFO  | DNAudit | user=null | ip=null | op=WRITE_CHUNK {blockData=conID: 2 locID: 102734075306115660 bcsId: 3634} | ret=SUCCESS |  
2019-09-04 11:46:24,727 | INFO  | DNAudit | user=null | ip=null | op=WRITE_CHUNK {blockData=conID: 2 locID: 102734075306115660 bcsId: 3634} | ret=SUCCESS |  
2019-09-04 11:46:24,728 | INFO  | DNAudit | user=null | ip=null | op=PUT_BLOCK {blockData=[blockId=conID: 2 locID: 102734075306115660 bcsId: 0,size=3145728]} | ret=SUCCESS |  
2019-09-04 11:46:24,728 [grpc-default-executor-5] INFO  client.GrpcClientProtocolClient (GrpcClientProtocolClient.java:onNext(255)) - client-D5CE890D7D9E->efcb8ff8-f060-4d95-9215-d0f5eb4af037: receive RaftClientReply:client-D5CE890D7D9E->efcb8ff8-f060-4d95-9215-d0f5eb4af037@group-0959F8DF43ED, cid=2449, SUCCESS, logIndex=3638, commits[efcb8ff8-f060-4d95-9215-d0f5eb4af037:c3639, 6fae8b02-e804-4c0e-b729-a97b7404b7f6:c3637, 4c3e8a66-6975-4917-8225-d3efe707aaff:c3634]
2019-09-04 11:46:24,728 [grpc-default-executor-5] INFO  client.GrpcClientProtocolClient (GrpcClientProtocolClient.java:onNext(255)) - client-D5CE890D7D9E->efcb8ff8-f060-4d95-9215-d0f5eb4af037: receive RaftClientReply:client-D5CE890D7D9E->efcb8ff8-f060-4d95-9215-d0f5eb4af037@group-0959F8DF43ED, cid=2450, SUCCESS, logIndex=3639, commits[efcb8ff8-f060-4d95-9215-d0f5eb4af037:c3639, 6fae8b02-e804-4c0e-b729-a97b7404b7f6:c3637, 4c3e8a66-6975-4917-8225-d3efe707aaff:c3637]
2019-09-04 11:46:24,737 | INFO  | DNAudit | user=null | ip=null | op=WRITE_CHUNK {blockData=conID: 2 locID: 102734075306115660 bcsId: 3639} | ret=SUCCESS |  
2019-09-04 11:46:24,737 | INFO  | SCMAudit | user=jenkins1000 | ip=192.168.36.67 | op=SEND_HEARTBEAT {datanodeUUID=6fae8b02-e804-4c0e-b729-a97b7404b7f6, command=[]} | ret=SUCCESS |  
2019-09-04 11:46:24,738 | INFO  | SCMAudit | user=jenkins1000 | ip=192.168.36.67 | op=SEND_HEARTBEAT {datanodeUUID=4c3e8a66-6975-4917-8225-d3efe707aaff, command=[]} | ret=SUCCESS |  
2019-09-04 11:46:24,740 | INFO  | DNAudit | user=null | ip=null | op=WRITE_CHUNK {blockData=conID: 2 locID: 102734075306115660 bcsId: 3639} | ret=SUCCESS |  
2019-09-04 11:46:24,741 | INFO  | DNAudit | user=null | ip=null | op=WRITE_CHUNK {blockData=conID: 2 locID: 102734075306115660 bcsId: 3639} | ret=SUCCESS |  
2019-09-04 11:46:24,741 | INFO  | SCMAudit | user=jenkins1000 | ip=192.168.36.67 | op=SEND_HEARTBEAT {datanodeUUID=0b776101-1d39-4f23-96c0-6a8ead31197c, command=[]} | ret=SUCCESS |  
2019-09-04 11:46:24,744 | INFO  | SCMAudit | user=jenkins1000 | ip=192.168.36.67 | op=SEND_HEARTBEAT {datanodeUUID=efcb8ff8-f060-4d95-9215-d0f5eb4af037, command=[]} | ret=SUCCESS |  
2019-09-04 11:46:24,758 | INFO  | DNAudit | user=null | ip=null | op=WRITE_CHUNK {blockData=conID: 2 locID: 102734075306115660 bcsId: 3634} | ret=SUCCESS |  
2019-09-04 11:46:24,758 | INFO  | DNAudit | user=null | ip=null | op=WRITE_CHUNK {blockData=conID: 2 locID: 102734075306115660 bcsId: 3634} | ret=SUCCESS |  
2019-09-04 11:46:24,758 | INFO  | DNAudit | user=null | ip=null | op=PUT_BLOCK {blockData=[blockId=conID: 2 locID: 102734075306115660 bcsId: 0,size=3145728]} | ret=SUCCESS |  
2019-09-04 11:46:24,758 | INFO  | DNAudit | user=null | ip=null | op=PUT_BLOCK {blockData=[blockId=conID: 2 locID: 102734075306115660 bcsId: 0,size=3145728]} | ret=SUCCESS |  
2019-09-04 11:46:24,760 | INFO  | DNAudit | user=null | ip=null | op=WRITE_CHUNK {blockData=conID: 2 locID: 102734075306115660 bcsId: 3639} | ret=SUCCESS |  
2019-09-04 11:46:24,760 | INFO  | DNAudit | user=null | ip=null | op=PUT_BLOCK {blockData=[blockId=conID: 2 locID: 102734075306115660 bcsId: 0,size=4194304]} | ret=SUCCESS |  
2019-09-04 11:46:24,761 [grpc-default-executor-1] INFO  client.GrpcClientProtocolClient (GrpcClientProtocolClient.java:onNext(255)) - client-D5CE890D7D9E->efcb8ff8-f060-4d95-9215-d0f5eb4af037: receive RaftClientReply:client-D5CE890D7D9E->efcb8ff8-f060-4d95-9215-d0f5eb4af037@group-0959F8DF43ED, cid=2451, SUCCESS, logIndex=3642, commits[efcb8ff8-f060-4d95-9215-d0f5eb4af037:c3643, 6fae8b02-e804-4c0e-b729-a97b7404b7f6:c3639, 4c3e8a66-6975-4917-8225-d3efe707aaff:c3639]
2019-09-04 11:46:24,761 [grpc-default-executor-1] INFO  client.GrpcClientProtocolClient (GrpcClientProtocolClient.java:onNext(255)) - client-D5CE890D7D9E->efcb8ff8-f060-4d95-9215-d0f5eb4af037: receive RaftClientReply:client-D5CE890D7D9E->efcb8ff8-f060-4d95-9215-d0f5eb4af037@group-0959F8DF43ED, cid=2452, SUCCESS, logIndex=3643, commits[efcb8ff8-f060-4d95-9215-d0f5eb4af037:c3643, 6fae8b02-e804-4c0e-b729-a97b7404b7f6:c3639, 4c3e8a66-6975-4917-8225-d3efe707aaff:c3639]
2019-09-04 11:46:24,783 | INFO  | DNAudit | user=null | ip=null | op=WRITE_CHUNK {blockData=conID: 2 locID: 102734075306115660 bcsId: 3639} | ret=SUCCESS |  
2019-09-04 11:46:24,783 | INFO  | DNAudit | user=null | ip=null | op=WRITE_CHUNK {blockData=conID: 2 locID: 102734075306115660 bcsId: 3639} | ret=SUCCESS |  
2019-09-04 11:46:24,784 | INFO  | DNAudit | user=null | ip=null | op=PUT_BLOCK {blockData=[blockId=conID: 2 locID: 102734075306115660 bcsId: 0,size=4194304]} | ret=SUCCESS |  
2019-09-04 11:46:24,785 | INFO  | DNAudit | user=null | ip=null | op=PUT_BLOCK {blockData=[blockId=conID: 2 locID: 102734075306115660 bcsId: 0,size=4194304]} | ret=SUCCESS |  
2019-09-04 11:46:24,785 [grpc-default-executor-1] INFO  client.GrpcClientProtocolClient (GrpcClientProtocolClient.java:onNext(255)) - client-D5CE890D7D9E->efcb8ff8-f060-4d95-9215-d0f5eb4af037: receive RaftClientReply:client-D5CE890D7D9E->efcb8ff8-f060-4d95-9215-d0f5eb4af037@group-0959F8DF43ED, cid=2453, SUCCESS, logIndex=0, commits[efcb8ff8-f060-4d95-9215-d0f5eb4af037:c3645, 6fae8b02-e804-4c0e-b729-a97b7404b7f6:c3643, 4c3e8a66-6975-4917-8225-d3efe707aaff:c3643]
2019-09-04 11:46:24,793 | INFO  | SCMAudit | user=jenkins1000 | ip=192.168.36.67 | op=ALLOCATE_BLOCK {owner=8ab292a2-aaa7-4ad8-863a-d33994811155, size=4194304, type=RATIS, factor=THREE} | ret=SUCCESS |  
2019-09-04 11:46:24,796 | INFO  | OMAudit | user=jenkins1000 | ip=127.0.0.1 | op=ALLOCATE_BLOCK {volume=vol-0-58699, bucket=bucket-0-57464, key=key-0-37266, dataSize=0, replicationType=null, replicationFactor=null, keyLocationInfo=null, clientID=102734073355960722} | ret=SUCCESS |  
2019-09-04 11:46:24,805 | INFO  | DNAudit | user=null | ip=null | op=WRITE_CHUNK {blockData=conID: 3 locID: 102734075316994637 bcsId: 0} | ret=SUCCESS |  
2019-09-04 11:46:24,807 | INFO  | DNAudit | user=null | ip=null | op=WRITE_CHUNK {blockData=conID: 3 locID: 102734075316994637 bcsId: 0} | ret=SUCCESS |  
2019-09-04 11:46:24,808 | INFO  | DNAudit | user=null | ip=null | op=WRITE_CHUNK {blockData=conID: 3 locID: 102734075316994637 bcsId: 0} | ret=SUCCESS |  
2019-09-04 11:46:24,808 | INFO  | DNAudit | user=null | ip=null | op=WRITE_CHUNK {blockData=conID: 3 locID: 102734075316994637 bcsId: 0} | ret=SUCCESS |  
2019-09-04 11:46:24,809 | INFO  | DNAudit | user=null | ip=null | op=WRITE_CHUNK {blockData=conID: 3 locID: 102734075316994637 bcsId: 0} | ret=SUCCESS |  
2019-09-04 11:46:24,810 | INFO  | DNAudit | user=null | ip=null | op=WRITE_CHUNK {blockData=conID: 3 locID: 102734075316994637 bcsId: 0} | ret=SUCCESS |  
2019-09-04 11:46:24,820 | INFO  | DNAudit | user=null | ip=null | op=WRITE_CHUNK {blockData=conID: 3 locID: 102734075316994637 bcsId: 0} | ret=SUCCESS |  
2019-09-04 11:46:24,821 | INFO  | DNAudit | user=null | ip=null | op=PUT_BLOCK {blockData=[blockId=conID: 3 locID: 102734075316994637 bcsId: 0,size=1048576]} | ret=SUCCESS |  
2019-09-04 11:46:24,821 [grpc-default-executor-1] INFO  client.GrpcClientProtocolClient (GrpcClientProtocolClient.java:onNext(255)) - client-D5CE890D7D9E->efcb8ff8-f060-4d95-9215-d0f5eb4af037: receive RaftClientReply:client-D5CE890D7D9E->efcb8ff8-f060-4d95-9215-d0f5eb4af037@group-0959F8DF43ED, cid=2454, SUCCESS, logIndex=3646, commits[efcb8ff8-f060-4d95-9215-d0f5eb4af037:c3648, 6fae8b02-e804-4c0e-b729-a97b7404b7f6:c3645, 4c3e8a66-6975-4917-8225-d3efe707aaff:c3645]
2019-09-04 11:46:24,821 | INFO  | DNAudit | user=null | ip=null | op=WRITE_CHUNK {blockData=conID: 3 locID: 102734075316994637 bcsId: 0} | ret=SUCCESS |  
2019-09-04 11:46:24,822 [grpc-default-executor-1] INFO  client.GrpcClientProtocolClient (GrpcClientProtocolClient.java:onNext(255)) - client-D5CE890D7D9E->efcb8ff8-f060-4d95-9215-d0f5eb4af037: receive RaftClientReply:client-D5CE890D7D9E->efcb8ff8-f060-4d95-9215-d0f5eb4af037@group-0959F8DF43ED, cid=2455, SUCCESS, logIndex=3647, commits[efcb8ff8-f060-4d95-9215-d0f5eb4af037:c3649, 6fae8b02-e804-4c0e-b729-a97b7404b7f6:c3645, 4c3e8a66-6975-4917-8225-d3efe707aaff:c3645]
2019-09-04 11:46:24,822 | INFO  | DNAudit | user=null | ip=null | op=PUT_BLOCK {blockData=[blockId=conID: 3 locID: 102734075316994637 bcsId: 0,size=2097152]} | ret=SUCCESS |  
2019-09-04 11:46:24,822 [grpc-default-executor-1] INFO  client.GrpcClientProtocolClient (GrpcClientProtocolClient.java:onNext(255)) - client-D5CE890D7D9E->efcb8ff8-f060-4d95-9215-d0f5eb4af037: receive RaftClientReply:client-D5CE890D7D9E->efcb8ff8-f060-4d95-9215-d0f5eb4af037@group-0959F8DF43ED, cid=2456, SUCCESS, logIndex=3648, commits[efcb8ff8-f060-4d95-9215-d0f5eb4af037:c3649, 6fae8b02-e804-4c0e-b729-a97b7404b7f6:c3645, 4c3e8a66-6975-4917-8225-d3efe707aaff:c3645]
2019-09-04 11:46:24,822 [grpc-default-executor-1] INFO  client.GrpcClientProtocolClient (GrpcClientProtocolClient.java:onNext(255)) - client-D5CE890D7D9E->efcb8ff8-f060-4d95-9215-d0f5eb4af037: receive RaftClientReply:client-D5CE890D7D9E->efcb8ff8-f060-4d95-9215-d0f5eb4af037@group-0959F8DF43ED, cid=2457, SUCCESS, logIndex=3649, commits[efcb8ff8-f060-4d95-9215-d0f5eb4af037:c3649, 6fae8b02-e804-4c0e-b729-a97b7404b7f6:c3645, 4c3e8a66-6975-4917-8225-d3efe707aaff:c3645]
2019-09-04 11:46:24,841 | INFO  | DNAudit | user=null | ip=null | op=WRITE_CHUNK {blockData=conID: 3 locID: 102734075316994637 bcsId: 0} | ret=SUCCESS |  
2019-09-04 11:46:24,841 | INFO  | DNAudit | user=null | ip=null | op=WRITE_CHUNK {blockData=conID: 3 locID: 102734075316994637 bcsId: 0} | ret=SUCCESS |  
2019-09-04 11:46:24,841 | INFO  | DNAudit | user=null | ip=null | op=PUT_BLOCK {blockData=[blockId=conID: 3 locID: 102734075316994637 bcsId: 0,size=1048576]} | ret=SUCCESS |  
2019-09-04 11:46:24,842 | INFO  | DNAudit | user=null | ip=null | op=PUT_BLOCK {blockData=[blockId=conID: 3 locID: 102734075316994637 bcsId: 0,size=1048576]} | ret=SUCCESS |  
2019-09-04 11:46:24,842 | INFO  | DNAudit | user=null | ip=null | op=WRITE_CHUNK {blockData=conID: 3 locID: 102734075316994637 bcsId: 0} | ret=SUCCESS |  
2019-09-04 11:46:24,842 | INFO  | DNAudit | user=null | ip=null | op=PUT_BLOCK {blockData=[blockId=conID: 3 locID: 102734075316994637 bcsId: 0,size=2097152]} | ret=SUCCESS |  
2019-09-04 11:46:24,843 | INFO  | DNAudit | user=null | ip=null | op=WRITE_CHUNK {blockData=conID: 3 locID: 102734075316994637 bcsId: 0} | ret=SUCCESS |  
2019-09-04 11:46:24,843 | INFO  | DNAudit | user=null | ip=null | op=PUT_BLOCK {blockData=[blockId=conID: 3 locID: 102734075316994637 bcsId: 0,size=2097152]} | ret=SUCCESS |  
2019-09-04 11:46:24,843 [grpc-default-executor-1] INFO  client.GrpcClientProtocolClient (GrpcClientProtocolClient.java:onNext(255)) - client-D5CE890D7D9E->efcb8ff8-f060-4d95-9215-d0f5eb4af037: receive RaftClientReply:client-D5CE890D7D9E->efcb8ff8-f060-4d95-9215-d0f5eb4af037@group-0959F8DF43ED, cid=2458, SUCCESS, logIndex=0, commits[efcb8ff8-f060-4d95-9215-d0f5eb4af037:c3651, 6fae8b02-e804-4c0e-b729-a97b7404b7f6:c3647, 4c3e8a66-6975-4917-8225-d3efe707aaff:c3647]
2019-09-04 11:46:24,851 | INFO  | DNAudit | user=null | ip=null | op=WRITE_CHUNK {blockData=conID: 3 locID: 102734075316994637 bcsId: 3649} | ret=SUCCESS |  
2019-09-04 11:46:24,854 | INFO  | DNAudit | user=null | ip=null | op=WRITE_CHUNK {blockData=conID: 3 locID: 102734075316994637 bcsId: 3649} | ret=SUCCESS |  
2019-09-04 11:46:24,854 | INFO  | DNAudit | user=null | ip=null | op=WRITE_CHUNK {blockData=conID: 3 locID: 102734075316994637 bcsId: 3649} | ret=SUCCESS |  
2019-09-04 11:46:24,873 | INFO  | DNAudit | user=null | ip=null | op=WRITE_CHUNK {blockData=conID: 3 locID: 102734075316994637 bcsId: 3649} | ret=SUCCESS |  
2019-09-04 11:46:24,874 | INFO  | DNAudit | user=null | ip=null | op=PUT_BLOCK {blockData=[blockId=conID: 3 locID: 102734075316994637 bcsId: 0,size=3145728]} | ret=SUCCESS |  
2019-09-04 11:46:24,874 [grpc-default-executor-1] INFO  client.GrpcClientProtocolClient (GrpcClientProtocolClient.java:onNext(255)) - client-D5CE890D7D9E->efcb8ff8-f060-4d95-9215-d0f5eb4af037: receive RaftClientReply:client-D5CE890D7D9E->efcb8ff8-f060-4d95-9215-d0f5eb4af037@group-0959F8DF43ED, cid=2459, SUCCESS, logIndex=3654, commits[efcb8ff8-f060-4d95-9215-d0f5eb4af037:c3655, 6fae8b02-e804-4c0e-b729-a97b7404b7f6:c3653, 4c3e8a66-6975-4917-8225-d3efe707aaff:c3653]
2019-09-04 11:46:24,874 [grpc-default-executor-1] INFO  client.GrpcClientProtocolClient (GrpcClientProtocolClient.java:onNext(255)) - client-D5CE890D7D9E->efcb8ff8-f060-4d95-9215-d0f5eb4af037: receive RaftClientReply:client-D5CE890D7D9E->efcb8ff8-f060-4d95-9215-d0f5eb4af037@group-0959F8DF43ED, cid=2460, SUCCESS, logIndex=3655, commits[efcb8ff8-f060-4d95-9215-d0f5eb4af037:c3655, 6fae8b02-e804-4c0e-b729-a97b7404b7f6:c3653, 4c3e8a66-6975-4917-8225-d3efe707aaff:c3653]
2019-09-04 11:46:24,881 | INFO  | DNAudit | user=null | ip=null | op=WRITE_CHUNK {blockData=conID: 3 locID: 102734075316994637 bcsId: 3655} | ret=SUCCESS |  
2019-09-04 11:46:24,884 | INFO  | DNAudit | user=null | ip=null | op=WRITE_CHUNK {blockData=conID: 3 locID: 102734075316994637 bcsId: 3655} | ret=SUCCESS |  
2019-09-04 11:46:24,884 | INFO  | DNAudit | user=null | ip=null | op=WRITE_CHUNK {blockData=conID: 3 locID: 102734075316994637 bcsId: 3655} | ret=SUCCESS |  
2019-09-04 11:46:24,889 | INFO  | DNAudit | user=null | ip=null | op=WRITE_CHUNK {blockData=conID: 3 locID: 102734075316994637 bcsId: 3649} | ret=SUCCESS |  
2019-09-04 11:46:24,889 | INFO  | DNAudit | user=null | ip=null | op=WRITE_CHUNK {blockData=conID: 3 locID: 102734075316994637 bcsId: 3649} | ret=SUCCESS |  
2019-09-04 11:46:24,891 | INFO  | DNAudit | user=null | ip=null | op=PUT_BLOCK {blockData=[blockId=conID: 3 locID: 102734075316994637 bcsId: 0,size=3145728]} | ret=SUCCESS |  
2019-09-04 11:46:24,891 | INFO  | DNAudit | user=null | ip=null | op=PUT_BLOCK {blockData=[blockId=conID: 3 locID: 102734075316994637 bcsId: 0,size=3145728]} | ret=SUCCESS |  
2019-09-04 11:46:24,891 | INFO  | DNAudit | user=null | ip=null | op=WRITE_CHUNK {blockData=conID: 3 locID: 102734075316994637 bcsId: 3655} | ret=SUCCESS |  
2019-09-04 11:46:24,892 | INFO  | DNAudit | user=null | ip=null | op=PUT_BLOCK {blockData=[blockId=conID: 3 locID: 102734075316994637 bcsId: 0,size=4194304]} | ret=SUCCESS |  
2019-09-04 11:46:24,892 [grpc-default-executor-1] INFO  client.GrpcClientProtocolClient (GrpcClientProtocolClient.java:onNext(255)) - client-D5CE890D7D9E->efcb8ff8-f060-4d95-9215-d0f5eb4af037: receive RaftClientReply:client-D5CE890D7D9E->efcb8ff8-f060-4d95-9215-d0f5eb4af037@group-0959F8DF43ED, cid=2461, SUCCESS, logIndex=3658, commits[efcb8ff8-f060-4d95-9215-d0f5eb4af037:c3659, 6fae8b02-e804-4c0e-b729-a97b7404b7f6:c3655, 4c3e8a66-6975-4917-8225-d3efe707aaff:c3655]
2019-09-04 11:46:24,892 [grpc-default-executor-1] INFO  client.GrpcClientProtocolClient (GrpcClientProtocolClient.java:onNext(255)) - client-D5CE890D7D9E->efcb8ff8-f060-4d95-9215-d0f5eb4af037: receive RaftClientReply:client-D5CE890D7D9E->efcb8ff8-f060-4d95-9215-d0f5eb4af037@group-0959F8DF43ED, cid=2462, SUCCESS, logIndex=3659, commits[efcb8ff8-f060-4d95-9215-d0f5eb4af037:c3659, 6fae8b02-e804-4c0e-b729-a97b7404b7f6:c3655, 4c3e8a66-6975-4917-8225-d3efe707aaff:c3655]
2019-09-04 11:46:24,913 | INFO  | DNAudit | user=null | ip=null | op=WRITE_CHUNK {blockData=conID: 3 locID: 102734075316994637 bcsId: 3655} | ret=SUCCESS |  
2019-09-04 11:46:24,913 | INFO  | DNAudit | user=null | ip=null | op=WRITE_CHUNK {blockData=conID: 3 locID: 102734075316994637 bcsId: 3655} | ret=SUCCESS |  
2019-09-04 11:46:24,913 | INFO  | DNAudit | user=null | ip=null | op=PUT_BLOCK {blockData=[blockId=conID: 3 locID: 102734075316994637 bcsId: 0,size=4194304]} | ret=SUCCESS |  
2019-09-04 11:46:24,953 | INFO  | DNAudit | user=null | ip=null | op=PUT_BLOCK {blockData=[blockId=conID: 3 locID: 102734075316994637 bcsId: 0,size=4194304]} | ret=SUCCESS |  
2019-09-04 11:46:24,954 [grpc-default-executor-1] INFO  client.GrpcClientProtocolClient (GrpcClientProtocolClient.java:onNext(255)) - client-D5CE890D7D9E->efcb8ff8-f060-4d95-9215-d0f5eb4af037: receive RaftClientReply:client-D5CE890D7D9E->efcb8ff8-f060-4d95-9215-d0f5eb4af037@group-0959F8DF43ED, cid=2463, SUCCESS, logIndex=0, commits[efcb8ff8-f060-4d95-9215-d0f5eb4af037:c3661, 6fae8b02-e804-4c0e-b729-a97b7404b7f6:c3659, 4c3e8a66-6975-4917-8225-d3efe707aaff:c3659]
2019-09-04 11:46:24,959 | INFO  | SCMAudit | user=jenkins1000 | ip=192.168.36.67 | op=ALLOCATE_BLOCK {owner=8ab292a2-aaa7-4ad8-863a-d33994811155, size=4194304, type=RATIS, factor=THREE} | ret=SUCCESS |  
2019-09-04 11:46:24,962 | INFO  | OMAudit | user=jenkins1000 | ip=127.0.0.1 | op=ALLOCATE_BLOCK {volume=vol-0-58699, bucket=bucket-0-57464, key=key-0-37266, dataSize=0, replicationType=null, replicationFactor=null, keyLocationInfo=null, clientID=102734073355960722} | ret=SUCCESS |  
2019-09-04 11:46:24,969 | INFO  | DNAudit | user=null | ip=null | op=WRITE_CHUNK {blockData=conID: 1 locID: 102734075327873614 bcsId: 0} | ret=SUCCESS |  
2019-09-04 11:46:24,971 | INFO  | DNAudit | user=null | ip=null | op=WRITE_CHUNK {blockData=conID: 1 locID: 102734075327873614 bcsId: 0} | ret=SUCCESS |  
2019-09-04 11:46:24,972 | INFO  | DNAudit | user=null | ip=null | op=WRITE_CHUNK {blockData=conID: 1 locID: 102734075327873614 bcsId: 0} | ret=SUCCESS |  
2019-09-04 11:46:24,972 | INFO  | DNAudit | user=null | ip=null | op=WRITE_CHUNK {blockData=conID: 1 locID: 102734075327873614 bcsId: 0} | ret=SUCCESS |  
2019-09-04 11:46:24,973 | INFO  | DNAudit | user=null | ip=null | op=WRITE_CHUNK {blockData=conID: 1 locID: 102734075327873614 bcsId: 0} | ret=SUCCESS |  
2019-09-04 11:46:24,974 | INFO  | DNAudit | user=null | ip=null | op=WRITE_CHUNK {blockData=conID: 1 locID: 102734075327873614 bcsId: 0} | ret=SUCCESS |  
2019-09-04 11:46:24,997 | INFO  | DNAudit | user=null | ip=null | op=WRITE_CHUNK {blockData=conID: 1 locID: 102734075327873614 bcsId: 0} | ret=SUCCESS |  
2019-09-04 11:46:24,998 | INFO  | DNAudit | user=null | ip=null | op=PUT_BLOCK {blockData=[blockId=conID: 1 locID: 102734075327873614 bcsId: 0,size=1048576]} | ret=SUCCESS |  
2019-09-04 11:46:24,998 | INFO  | DNAudit | user=null | ip=null | op=WRITE_CHUNK {blockData=conID: 1 locID: 102734075327873614 bcsId: 0} | ret=SUCCESS |  
2019-09-04 11:46:24,998 [grpc-default-executor-5] INFO  client.GrpcClientProtocolClient (GrpcClientProtocolClient.java:onNext(255)) - client-D5CE890D7D9E->efcb8ff8-f060-4d95-9215-d0f5eb4af037: receive RaftClientReply:client-D5CE890D7D9E->efcb8ff8-f060-4d95-9215-d0f5eb4af037@group-0959F8DF43ED, cid=2464, SUCCESS, logIndex=3662, commits[efcb8ff8-f060-4d95-9215-d0f5eb4af037:c3665, 6fae8b02-e804-4c0e-b729-a97b7404b7f6:c3661, 4c3e8a66-6975-4917-8225-d3efe707aaff:c3661]
2019-09-04 11:46:24,998 | INFO  | DNAudit | user=null | ip=null | op=PUT_BLOCK {blockData=[blockId=conID: 1 locID: 102734075327873614 bcsId: 0,size=2097152]} | ret=SUCCESS |  
2019-09-04 11:46:24,998 [grpc-default-executor-5] INFO  client.GrpcClientProtocolClient (GrpcClientProtocolClient.java:onNext(255)) - client-D5CE890D7D9E->efcb8ff8-f060-4d95-9215-d0f5eb4af037: receive RaftClientReply:client-D5CE890D7D9E->efcb8ff8-f060-4d95-9215-d0f5eb4af037@group-0959F8DF43ED, cid=2465, SUCCESS, logIndex=3663, commits[efcb8ff8-f060-4d95-9215-d0f5eb4af037:c3665, 6fae8b02-e804-4c0e-b729-a97b7404b7f6:c3661, 4c3e8a66-6975-4917-8225-d3efe707aaff:c3661]
2019-09-04 11:46:24,999 [grpc-default-executor-5] INFO  client.GrpcClientProtocolClient (GrpcClientProtocolClient.java:onNext(255)) - client-D5CE890D7D9E->efcb8ff8-f060-4d95-9215-d0f5eb4af037: receive RaftClientReply:client-D5CE890D7D9E->efcb8ff8-f060-4d95-9215-d0f5eb4af037@group-0959F8DF43ED, cid=2466, SUCCESS, logIndex=3664, commits[efcb8ff8-f060-4d95-9215-d0f5eb4af037:c3665, 6fae8b02-e804-4c0e-b729-a97b7404b7f6:c3661, 4c3e8a66-6975-4917-8225-d3efe707aaff:c3661]
2019-09-04 11:46:24,999 [grpc-default-executor-5] INFO  client.GrpcClientProtocolClient (GrpcClientProtocolClient.java:onNext(255)) - client-D5CE890D7D9E->efcb8ff8-f060-4d95-9215-d0f5eb4af037: receive RaftClientReply:client-D5CE890D7D9E->efcb8ff8-f060-4d95-9215-d0f5eb4af037@group-0959F8DF43ED, cid=2467, SUCCESS, logIndex=3665, commits[efcb8ff8-f060-4d95-9215-d0f5eb4af037:c3665, 6fae8b02-e804-4c0e-b729-a97b7404b7f6:c3661, 4c3e8a66-6975-4917-8225-d3efe707aaff:c3661]
 0.00% |█                                                                                                    |  0/1 Time: 0:00:302019-09-04 11:46:25,184 | INFO  | DNAudit | user=null | ip=null | op=WRITE_CHUNK {blockData=conID: 1 locID: 102734075327873614 bcsId: 0} | ret=SUCCESS |  
2019-09-04 11:46:25,184 | INFO  | DNAudit | user=null | ip=null | op=WRITE_CHUNK {blockData=conID: 1 locID: 102734075327873614 bcsId: 0} | ret=SUCCESS |  
2019-09-04 11:46:25,184 | INFO  | DNAudit | user=null | ip=null | op=PUT_BLOCK {blockData=[blockId=conID: 1 locID: 102734075327873614 bcsId: 0,size=1048576]} | ret=SUCCESS |  
2019-09-04 11:46:25,185 | INFO  | DNAudit | user=null | ip=null | op=PUT_BLOCK {blockData=[blockId=conID: 1 locID: 102734075327873614 bcsId: 0,size=1048576]} | ret=SUCCESS |  
2019-09-04 11:46:25,185 | INFO  | DNAudit | user=null | ip=null | op=WRITE_CHUNK {blockData=conID: 1 locID: 102734075327873614 bcsId: 0} | ret=SUCCESS |  
2019-09-04 11:46:25,185 | INFO  | DNAudit | user=null | ip=null | op=PUT_BLOCK {blockData=[blockId=conID: 1 locID: 102734075327873614 bcsId: 0,size=2097152]} | ret=SUCCESS |  
2019-09-04 11:46:25,185 [grpc-default-executor-5] INFO  client.GrpcClientProtocolClient (GrpcClientProtocolClient.java:onNext(255)) - client-D5CE890D7D9E->efcb8ff8-f060-4d95-9215-d0f5eb4af037: receive RaftClientReply:client-D5CE890D7D9E->efcb8ff8-f060-4d95-9215-d0f5eb4af037@group-0959F8DF43ED, cid=2468, SUCCESS, logIndex=0, commits[efcb8ff8-f060-4d95-9215-d0f5eb4af037:c3666, 6fae8b02-e804-4c0e-b729-a97b7404b7f6:c3663, 4c3e8a66-6975-4917-8225-d3efe707aaff:c3663]
2019-09-04 11:46:25,186 | INFO  | DNAudit | user=null | ip=null | op=WRITE_CHUNK {blockData=conID: 1 locID: 102734075327873614 bcsId: 0} | ret=SUCCESS |  
2019-09-04 11:46:25,186 | INFO  | DNAudit | user=null | ip=null | op=PUT_BLOCK {blockData=[blockId=conID: 1 locID: 102734075327873614 bcsId: 0,size=2097152]} | ret=SUCCESS |  
2019-09-04 11:46:25,193 | INFO  | DNAudit | user=null | ip=null | op=WRITE_CHUNK {blockData=conID: 1 locID: 102734075327873614 bcsId: 3665} | ret=SUCCESS |  
2019-09-04 11:46:25,197 | INFO  | DNAudit | user=null | ip=null | op=WRITE_CHUNK {blockData=conID: 1 locID: 102734075327873614 bcsId: 3665} | ret=SUCCESS |  
2019-09-04 11:46:25,197 | INFO  | DNAudit | user=null | ip=null | op=WRITE_CHUNK {blockData=conID: 1 locID: 102734075327873614 bcsId: 3665} | ret=SUCCESS |  
2019-09-04 11:46:25,211 | INFO  | DNAudit | user=null | ip=null | op=WRITE_CHUNK {blockData=conID: 1 locID: 102734075327873614 bcsId: 3665} | ret=SUCCESS |  
2019-09-04 11:46:25,211 | INFO  | DNAudit | user=null | ip=null | op=PUT_BLOCK {blockData=[blockId=conID: 1 locID: 102734075327873614 bcsId: 0,size=3145728]} | ret=SUCCESS |  
2019-09-04 11:46:25,211 [grpc-default-executor-5] INFO  client.GrpcClientProtocolClient (GrpcClientProtocolClient.java:onNext(255)) - client-D5CE890D7D9E->efcb8ff8-f060-4d95-9215-d0f5eb4af037: receive RaftClientReply:client-D5CE890D7D9E->efcb8ff8-f060-4d95-9215-d0f5eb4af037@group-0959F8DF43ED, cid=2469, SUCCESS, logIndex=3669, commits[efcb8ff8-f060-4d95-9215-d0f5eb4af037:c3670, 6fae8b02-e804-4c0e-b729-a97b7404b7f6:c3668, 4c3e8a66-6975-4917-8225-d3efe707aaff:c3668]
2019-09-04 11:46:25,212 [grpc-default-executor-0] INFO  client.GrpcClientProtocolClient (GrpcClientProtocolClient.java:onNext(255)) - client-D5CE890D7D9E->efcb8ff8-f060-4d95-9215-d0f5eb4af037: receive RaftClientReply:client-D5CE890D7D9E->efcb8ff8-f060-4d95-9215-d0f5eb4af037@group-0959F8DF43ED, cid=2470, SUCCESS, logIndex=3670, commits[efcb8ff8-f060-4d95-9215-d0f5eb4af037:c3670, 6fae8b02-e804-4c0e-b729-a97b7404b7f6:c3668, 4c3e8a66-6975-4917-8225-d3efe707aaff:c3668]
2019-09-04 11:46:25,220 | INFO  | DNAudit | user=null | ip=null | op=WRITE_CHUNK {blockData=conID: 1 locID: 102734075327873614 bcsId: 3670} | ret=SUCCESS |  
2019-09-04 11:46:25,222 | INFO  | DNAudit | user=null | ip=null | op=WRITE_CHUNK {blockData=conID: 1 locID: 102734075327873614 bcsId: 3670} | ret=SUCCESS |  
2019-09-04 11:46:25,223 | INFO  | DNAudit | user=null | ip=null | op=WRITE_CHUNK {blockData=conID: 1 locID: 102734075327873614 bcsId: 3670} | ret=SUCCESS |  
2019-09-04 11:46:25,235 | INFO  | DNAudit | user=null | ip=null | op=WRITE_CHUNK {blockData=conID: 1 locID: 102734075327873614 bcsId: 3665} | ret=SUCCESS |  
2019-09-04 11:46:25,235 | INFO  | DNAudit | user=null | ip=null | op=PUT_BLOCK {blockData=[blockId=conID: 1 locID: 102734075327873614 bcsId: 0,size=3145728]} | ret=SUCCESS |  
2019-09-04 11:46:25,235 | INFO  | DNAudit | user=null | ip=null | op=WRITE_CHUNK {blockData=conID: 1 locID: 102734075327873614 bcsId: 3665} | ret=SUCCESS |  
2019-09-04 11:46:25,235 | INFO  | DNAudit | user=null | ip=null | op=PUT_BLOCK {blockData=[blockId=conID: 1 locID: 102734075327873614 bcsId: 0,size=3145728]} | ret=SUCCESS |  
2019-09-04 11:46:25,236 | INFO  | DNAudit | user=null | ip=null | op=WRITE_CHUNK {blockData=conID: 1 locID: 102734075327873614 bcsId: 3670} | ret=SUCCESS |  
2019-09-04 11:46:25,237 | INFO  | DNAudit | user=null | ip=null | op=PUT_BLOCK {blockData=[blockId=conID: 1 locID: 102734075327873614 bcsId: 0,size=4194304]} | ret=SUCCESS |  
2019-09-04 11:46:25,237 [grpc-default-executor-5] INFO  client.GrpcClientProtocolClient (GrpcClientProtocolClient.java:onNext(255)) - client-D5CE890D7D9E->efcb8ff8-f060-4d95-9215-d0f5eb4af037: receive RaftClientReply:client-D5CE890D7D9E->efcb8ff8-f060-4d95-9215-d0f5eb4af037@group-0959F8DF43ED, cid=2471, SUCCESS, logIndex=3673, commits[efcb8ff8-f060-4d95-9215-d0f5eb4af037:c3674, 6fae8b02-e804-4c0e-b729-a97b7404b7f6:c3670, 4c3e8a66-6975-4917-8225-d3efe707aaff:c3670]
2019-09-04 11:46:25,237 [grpc-default-executor-5] INFO  client.GrpcClientProtocolClient (GrpcClientProtocolClient.java:onNext(255)) - client-D5CE890D7D9E->efcb8ff8-f060-4d95-9215-d0f5eb4af037: receive RaftClientReply:client-D5CE890D7D9E->efcb8ff8-f060-4d95-9215-d0f5eb4af037@group-0959F8DF43ED, cid=2472, SUCCESS, logIndex=3674, commits[efcb8ff8-f060-4d95-9215-d0f5eb4af037:c3674, 6fae8b02-e804-4c0e-b729-a97b7404b7f6:c3670, 4c3e8a66-6975-4917-8225-d3efe707aaff:c3670]
2019-09-04 11:46:25,238 | INFO  | DNAudit | user=null | ip=null | op=WRITE_CHUNK {blockData=conID: 1 locID: 102734075327873614 bcsId: 3670} | ret=SUCCESS |  
2019-09-04 11:46:25,238 | INFO  | DNAudit | user=null | ip=null | op=PUT_BLOCK {blockData=[blockId=conID: 1 locID: 102734075327873614 bcsId: 0,size=4194304]} | ret=SUCCESS |  
2019-09-04 11:46:25,239 | INFO  | DNAudit | user=null | ip=null | op=WRITE_CHUNK {blockData=conID: 1 locID: 102734075327873614 bcsId: 3670} | ret=SUCCESS |  
2019-09-04 11:46:25,239 | INFO  | DNAudit | user=null | ip=null | op=PUT_BLOCK {blockData=[blockId=conID: 1 locID: 102734075327873614 bcsId: 0,size=4194304]} | ret=SUCCESS |  
2019-09-04 11:46:25,240 [grpc-default-executor-5] INFO  client.GrpcClientProtocolClient (GrpcClientProtocolClient.java:onNext(255)) - client-D5CE890D7D9E->efcb8ff8-f060-4d95-9215-d0f5eb4af037: receive RaftClientReply:client-D5CE890D7D9E->efcb8ff8-f060-4d95-9215-d0f5eb4af037@group-0959F8DF43ED, cid=2473, SUCCESS, logIndex=0, commits[efcb8ff8-f060-4d95-9215-d0f5eb4af037:c3675, 6fae8b02-e804-4c0e-b729-a97b7404b7f6:c3674, 4c3e8a66-6975-4917-8225-d3efe707aaff:c3674]
2019-09-04 11:46:25,246 | INFO  | SCMAudit | user=jenkins1000 | ip=192.168.36.67 | op=ALLOCATE_BLOCK {owner=8ab292a2-aaa7-4ad8-863a-d33994811155, size=4194304, type=RATIS, factor=THREE} | ret=SUCCESS |  
2019-09-04 11:46:25,251 | INFO  | OMAudit | user=jenkins1000 | ip=127.0.0.1 | op=ALLOCATE_BLOCK {volume=vol-0-58699, bucket=bucket-0-57464, key=key-0-37266, dataSize=0, replicationType=null, replicationFactor=null, keyLocationInfo=null, clientID=102734073355960722} | ret=SUCCESS |  
2019-09-04 11:46:25,259 | INFO  | DNAudit | user=null | ip=null | op=WRITE_CHUNK {blockData=conID: 2 locID: 102734075346682447 bcsId: 0} | ret=SUCCESS |  
2019-09-04 11:46:25,261 | INFO  | DNAudit | user=null | ip=null | op=WRITE_CHUNK {blockData=conID: 2 locID: 102734075346682447 bcsId: 0} | ret=SUCCESS |  
2019-09-04 11:46:25,262 | INFO  | DNAudit | user=null | ip=null | op=WRITE_CHUNK {blockData=conID: 2 locID: 102734075346682447 bcsId: 0} | ret=SUCCESS |  
2019-09-04 11:46:25,262 | INFO  | DNAudit | user=null | ip=null | op=WRITE_CHUNK {blockData=conID: 2 locID: 102734075346682447 bcsId: 0} | ret=SUCCESS |  
2019-09-04 11:46:25,264 | INFO  | DNAudit | user=null | ip=null | op=WRITE_CHUNK {blockData=conID: 2 locID: 102734075346682447 bcsId: 0} | ret=SUCCESS |  
2019-09-04 11:46:25,264 | INFO  | DNAudit | user=null | ip=null | op=WRITE_CHUNK {blockData=conID: 2 locID: 102734075346682447 bcsId: 0} | ret=SUCCESS |  
2019-09-04 11:46:25,279 | INFO  | DNAudit | user=null | ip=null | op=WRITE_CHUNK {blockData=conID: 2 locID: 102734075346682447 bcsId: 0} | ret=SUCCESS |  
2019-09-04 11:46:25,280 | INFO  | DNAudit | user=null | ip=null | op=PUT_BLOCK {blockData=[blockId=conID: 2 locID: 102734075346682447 bcsId: 0,size=1048576]} | ret=SUCCESS |  
2019-09-04 11:46:25,280 [grpc-default-executor-0] INFO  client.GrpcClientProtocolClient (GrpcClientProtocolClient.java:onNext(255)) - client-D5CE890D7D9E->efcb8ff8-f060-4d95-9215-d0f5eb4af037: receive RaftClientReply:client-D5CE890D7D9E->efcb8ff8-f060-4d95-9215-d0f5eb4af037@group-0959F8DF43ED, cid=2474, SUCCESS, logIndex=3677, commits[efcb8ff8-f060-4d95-9215-d0f5eb4af037:c3680, 6fae8b02-e804-4c0e-b729-a97b7404b7f6:c3676, 4c3e8a66-6975-4917-8225-d3efe707aaff:c3676]
2019-09-04 11:46:25,280 | INFO  | DNAudit | user=null | ip=null | op=WRITE_CHUNK {blockData=conID: 2 locID: 102734075346682447 bcsId: 0} | ret=SUCCESS |  
2019-09-04 11:46:25,281 [grpc-default-executor-0] INFO  client.GrpcClientProtocolClient (GrpcClientProtocolClient.java:onNext(255)) - client-D5CE890D7D9E->efcb8ff8-f060-4d95-9215-d0f5eb4af037: receive RaftClientReply:client-D5CE890D7D9E->efcb8ff8-f060-4d95-9215-d0f5eb4af037@group-0959F8DF43ED, cid=2475, SUCCESS, logIndex=3678, commits[efcb8ff8-f060-4d95-9215-d0f5eb4af037:c3680, 6fae8b02-e804-4c0e-b729-a97b7404b7f6:c3676, 4c3e8a66-6975-4917-8225-d3efe707aaff:c3676]
2019-09-04 11:46:25,281 | INFO  | DNAudit | user=null | ip=null | op=PUT_BLOCK {blockData=[blockId=conID: 2 locID: 102734075346682447 bcsId: 0,size=2097152]} | ret=SUCCESS |  
2019-09-04 11:46:25,281 [grpc-default-executor-0] INFO  client.GrpcClientProtocolClient (GrpcClientProtocolClient.java:onNext(255)) - client-D5CE890D7D9E->efcb8ff8-f060-4d95-9215-d0f5eb4af037: receive RaftClientReply:client-D5CE890D7D9E->efcb8ff8-f060-4d95-9215-d0f5eb4af037@group-0959F8DF43ED, cid=2476, SUCCESS, logIndex=3679, commits[efcb8ff8-f060-4d95-9215-d0f5eb4af037:c3680, 6fae8b02-e804-4c0e-b729-a97b7404b7f6:c3676, 4c3e8a66-6975-4917-8225-d3efe707aaff:c3676]
2019-09-04 11:46:25,281 [grpc-default-executor-0] INFO  client.GrpcClientProtocolClient (GrpcClientProtocolClient.java:onNext(255)) - client-D5CE890D7D9E->efcb8ff8-f060-4d95-9215-d0f5eb4af037: receive RaftClientReply:client-D5CE890D7D9E->efcb8ff8-f060-4d95-9215-d0f5eb4af037@group-0959F8DF43ED, cid=2477, SUCCESS, logIndex=3680, commits[efcb8ff8-f060-4d95-9215-d0f5eb4af037:c3680, 6fae8b02-e804-4c0e-b729-a97b7404b7f6:c3676, 4c3e8a66-6975-4917-8225-d3efe707aaff:c3676]
2019-09-04 11:46:25,289 | INFO  | DNAudit | user=null | ip=null | op=WRITE_CHUNK {blockData=conID: 2 locID: 102734075346682447 bcsId: 0} | ret=SUCCESS |  
2019-09-04 11:46:25,289 | INFO  | DNAudit | user=null | ip=null | op=WRITE_CHUNK {blockData=conID: 2 locID: 102734075346682447 bcsId: 0} | ret=SUCCESS |  
2019-09-04 11:46:25,289 | INFO  | DNAudit | user=null | ip=null | op=PUT_BLOCK {blockData=[blockId=conID: 2 locID: 102734075346682447 bcsId: 0,size=1048576]} | ret=SUCCESS |  
2019-09-04 11:46:25,290 | INFO  | DNAudit | user=null | ip=null | op=PUT_BLOCK {blockData=[blockId=conID: 2 locID: 102734075346682447 bcsId: 0,size=1048576]} | ret=SUCCESS |  
2019-09-04 11:46:25,290 [grpc-default-executor-0] INFO  client.GrpcClientProtocolClient (GrpcClientProtocolClient.java:onNext(255)) - client-D5CE890D7D9E->efcb8ff8-f060-4d95-9215-d0f5eb4af037: receive RaftClientReply:client-D5CE890D7D9E->efcb8ff8-f060-4d95-9215-d0f5eb4af037@group-0959F8DF43ED, cid=2478, SUCCESS, logIndex=0, commits[efcb8ff8-f060-4d95-9215-d0f5eb4af037:c3681, 6fae8b02-e804-4c0e-b729-a97b7404b7f6:c3678, 4c3e8a66-6975-4917-8225-d3efe707aaff:c3678]
2019-09-04 11:46:25,291 | INFO  | DNAudit | user=null | ip=null | op=WRITE_CHUNK {blockData=conID: 2 locID: 102734075346682447 bcsId: 0} | ret=SUCCESS |  
2019-09-04 11:46:25,291 | INFO  | DNAudit | user=null | ip=null | op=WRITE_CHUNK {blockData=conID: 2 locID: 102734075346682447 bcsId: 0} | ret=SUCCESS |  
2019-09-04 11:46:25,291 | INFO  | DNAudit | user=null | ip=null | op=PUT_BLOCK {blockData=[blockId=conID: 2 locID: 102734075346682447 bcsId: 0,size=2097152]} | ret=SUCCESS |  
2019-09-04 11:46:25,291 | INFO  | DNAudit | user=null | ip=null | op=PUT_BLOCK {blockData=[blockId=conID: 2 locID: 102734075346682447 bcsId: 0,size=2097152]} | ret=SUCCESS |  
2019-09-04 11:46:25,296 | INFO  | DNAudit | user=null | ip=null | op=WRITE_CHUNK {blockData=conID: 2 locID: 102734075346682447 bcsId: 3680} | ret=SUCCESS |  
2019-09-04 11:46:25,299 | INFO  | DNAudit | user=null | ip=null | op=WRITE_CHUNK {blockData=conID: 2 locID: 102734075346682447 bcsId: 3680} | ret=SUCCESS |  
2019-09-04 11:46:25,299 | INFO  | DNAudit | user=null | ip=null | op=WRITE_CHUNK {blockData=conID: 2 locID: 102734075346682447 bcsId: 3680} | ret=SUCCESS |  
2019-09-04 11:46:25,302 | INFO  | DNAudit | user=null | ip=null | op=WRITE_CHUNK {blockData=conID: 2 locID: 102734075346682447 bcsId: 3680} | ret=SUCCESS |  
2019-09-04 11:46:25,302 | INFO  | DNAudit | user=null | ip=null | op=PUT_BLOCK {blockData=[blockId=conID: 2 locID: 102734075346682447 bcsId: 0,size=3145728]} | ret=SUCCESS |  
2019-09-04 11:46:25,303 [grpc-default-executor-5] INFO  client.GrpcClientProtocolClient (GrpcClientProtocolClient.java:onNext(255)) - client-D5CE890D7D9E->efcb8ff8-f060-4d95-9215-d0f5eb4af037: receive RaftClientReply:client-D5CE890D7D9E->efcb8ff8-f060-4d95-9215-d0f5eb4af037@group-0959F8DF43ED, cid=2479, SUCCESS, logIndex=3685, commits[efcb8ff8-f060-4d95-9215-d0f5eb4af037:c3686, 6fae8b02-e804-4c0e-b729-a97b7404b7f6:c3684, 4c3e8a66-6975-4917-8225-d3efe707aaff:c3680]
2019-09-04 11:46:25,303 [grpc-default-executor-5] INFO  client.GrpcClientProtocolClient (GrpcClientProtocolClient.java:onNext(255)) - client-D5CE890D7D9E->efcb8ff8-f060-4d95-9215-d0f5eb4af037: receive RaftClientReply:client-D5CE890D7D9E->efcb8ff8-f060-4d95-9215-d0f5eb4af037@group-0959F8DF43ED, cid=2480, SUCCESS, logIndex=3686, commits[efcb8ff8-f060-4d95-9215-d0f5eb4af037:c3686, 6fae8b02-e804-4c0e-b729-a97b7404b7f6:c3684, 4c3e8a66-6975-4917-8225-d3efe707aaff:c3680]
2019-09-04 11:46:25,309 | INFO  | DNAudit | user=null | ip=null | op=WRITE_CHUNK {blockData=conID: 2 locID: 102734075346682447 bcsId: 3680} | ret=SUCCESS |  
2019-09-04 11:46:25,309 | INFO  | DNAudit | user=null | ip=null | op=WRITE_CHUNK {blockData=conID: 2 locID: 102734075346682447 bcsId: 3680} | ret=SUCCESS |  
2019-09-04 11:46:25,310 | INFO  | DNAudit | user=null | ip=null | op=PUT_BLOCK {blockData=[blockId=conID: 2 locID: 102734075346682447 bcsId: 0,size=3145728]} | ret=SUCCESS |  
2019-09-04 11:46:25,310 | INFO  | DNAudit | user=null | ip=null | op=PUT_BLOCK {blockData=[blockId=conID: 2 locID: 102734075346682447 bcsId: 0,size=3145728]} | ret=SUCCESS |  
2019-09-04 11:46:25,311 | INFO  | DNAudit | user=null | ip=null | op=WRITE_CHUNK {blockData=conID: 2 locID: 102734075346682447 bcsId: 3686} | ret=SUCCESS |  
2019-09-04 11:46:25,314 | INFO  | DNAudit | user=null | ip=null | op=WRITE_CHUNK {blockData=conID: 2 locID: 102734075346682447 bcsId: 3686} | ret=SUCCESS |  
2019-09-04 11:46:25,314 | INFO  | DNAudit | user=null | ip=null | op=WRITE_CHUNK {blockData=conID: 2 locID: 102734075346682447 bcsId: 3686} | ret=SUCCESS |  
2019-09-04 11:46:25,320 | INFO  | DNAudit | user=null | ip=null | op=WRITE_CHUNK {blockData=conID: 2 locID: 102734075346682447 bcsId: 3686} | ret=SUCCESS |  
2019-09-04 11:46:25,321 | INFO  | DNAudit | user=null | ip=null | op=PUT_BLOCK {blockData=[blockId=conID: 2 locID: 102734075346682447 bcsId: 0,size=4194304]} | ret=SUCCESS |  
2019-09-04 11:46:25,321 [grpc-default-executor-0] INFO  client.GrpcClientProtocolClient (GrpcClientProtocolClient.java:onNext(255)) - client-D5CE890D7D9E->efcb8ff8-f060-4d95-9215-d0f5eb4af037: receive RaftClientReply:client-D5CE890D7D9E->efcb8ff8-f060-4d95-9215-d0f5eb4af037@group-0959F8DF43ED, cid=2481, SUCCESS, logIndex=3689, commits[efcb8ff8-f060-4d95-9215-d0f5eb4af037:c3690, 6fae8b02-e804-4c0e-b729-a97b7404b7f6:c3687, 4c3e8a66-6975-4917-8225-d3efe707aaff:c3687]
2019-09-04 11:46:25,321 [grpc-default-executor-0] INFO  client.GrpcClientProtocolClient (GrpcClientProtocolClient.java:onNext(255)) - client-D5CE890D7D9E->efcb8ff8-f060-4d95-9215-d0f5eb4af037: receive RaftClientReply:client-D5CE890D7D9E->efcb8ff8-f060-4d95-9215-d0f5eb4af037@group-0959F8DF43ED, cid=2482, SUCCESS, logIndex=3690, commits[efcb8ff8-f060-4d95-9215-d0f5eb4af037:c3690, 6fae8b02-e804-4c0e-b729-a97b7404b7f6:c3687, 4c3e8a66-6975-4917-8225-d3efe707aaff:c3687]
2019-09-04 11:46:25,330 | INFO  | DNAudit | user=null | ip=null | op=WRITE_CHUNK {blockData=conID: 2 locID: 102734075346682447 bcsId: 3686} | ret=SUCCESS |  
2019-09-04 11:46:25,330 | INFO  | DNAudit | user=null | ip=null | op=WRITE_CHUNK {blockData=conID: 2 locID: 102734075346682447 bcsId: 3686} | ret=SUCCESS |  
2019-09-04 11:46:25,331 | INFO  | DNAudit | user=null | ip=null | op=PUT_BLOCK {blockData=[blockId=conID: 2 locID: 102734075346682447 bcsId: 0,size=4194304]} | ret=SUCCESS |  
2019-09-04 11:46:25,331 | INFO  | DNAudit | user=null | ip=null | op=PUT_BLOCK {blockData=[blockId=conID: 2 locID: 102734075346682447 bcsId: 0,size=4194304]} | ret=SUCCESS |  
2019-09-04 11:46:25,331 [grpc-default-executor-0] INFO  client.GrpcClientProtocolClient (GrpcClientProtocolClient.java:onNext(255)) - client-D5CE890D7D9E->efcb8ff8-f060-4d95-9215-d0f5eb4af037: receive RaftClientReply:client-D5CE890D7D9E->efcb8ff8-f060-4d95-9215-d0f5eb4af037@group-0959F8DF43ED, cid=2483, SUCCESS, logIndex=0, commits[efcb8ff8-f060-4d95-9215-d0f5eb4af037:c3692, 6fae8b02-e804-4c0e-b729-a97b7404b7f6:c3690, 4c3e8a66-6975-4917-8225-d3efe707aaff:c3690]
2019-09-04 11:46:25,337 | INFO  | SCMAudit | user=jenkins1000 | ip=192.168.36.67 | op=ALLOCATE_BLOCK {owner=8ab292a2-aaa7-4ad8-863a-d33994811155, size=4194304, type=RATIS, factor=THREE} | ret=SUCCESS |  
2019-09-04 11:46:25,341 | INFO  | OMAudit | user=jenkins1000 | ip=127.0.0.1 | op=ALLOCATE_BLOCK {volume=vol-0-58699, bucket=bucket-0-57464, key=key-0-37266, dataSize=0, replicationType=null, replicationFactor=null, keyLocationInfo=null, clientID=102734073355960722} | ret=SUCCESS |  
2019-09-04 11:46:25,347 | INFO  | DNAudit | user=null | ip=null | op=WRITE_CHUNK {blockData=conID: 3 locID: 102734075352646224 bcsId: 0} | ret=SUCCESS |  
2019-09-04 11:46:25,349 | INFO  | DNAudit | user=null | ip=null | op=WRITE_CHUNK {blockData=conID: 3 locID: 102734075352646224 bcsId: 0} | ret=SUCCESS |  
2019-09-04 11:46:25,350 | INFO  | DNAudit | user=null | ip=null | op=WRITE_CHUNK {blockData=conID: 3 locID: 102734075352646224 bcsId: 0} | ret=SUCCESS |  
2019-09-04 11:46:25,350 | INFO  | DNAudit | user=null | ip=null | op=WRITE_CHUNK {blockData=conID: 3 locID: 102734075352646224 bcsId: 0} | ret=SUCCESS |  
2019-09-04 11:46:25,352 | INFO  | DNAudit | user=null | ip=null | op=WRITE_CHUNK {blockData=conID: 3 locID: 102734075352646224 bcsId: 0} | ret=SUCCESS |  
2019-09-04 11:46:25,352 | INFO  | DNAudit | user=null | ip=null | op=WRITE_CHUNK {blockData=conID: 3 locID: 102734075352646224 bcsId: 0} | ret=SUCCESS |  
2019-09-04 11:46:25,367 | INFO  | DNAudit | user=null | ip=null | op=WRITE_CHUNK {blockData=conID: 3 locID: 102734075352646224 bcsId: 0} | ret=SUCCESS |  
2019-09-04 11:46:25,367 | INFO  | DNAudit | user=null | ip=null | op=PUT_BLOCK {blockData=[blockId=conID: 3 locID: 102734075352646224 bcsId: 0,size=1048576]} | ret=SUCCESS |  
2019-09-04 11:46:25,367 [grpc-default-executor-1] INFO  client.GrpcClientProtocolClient (GrpcClientProtocolClient.java:onNext(255)) - client-D5CE890D7D9E->efcb8ff8-f060-4d95-9215-d0f5eb4af037: receive RaftClientReply:client-D5CE890D7D9E->efcb8ff8-f060-4d95-9215-d0f5eb4af037@group-0959F8DF43ED, cid=2484, SUCCESS, logIndex=3693, commits[efcb8ff8-f060-4d95-9215-d0f5eb4af037:c3694, 6fae8b02-e804-4c0e-b729-a97b7404b7f6:c3692, 4c3e8a66-6975-4917-8225-d3efe707aaff:c3690]
2019-09-04 11:46:25,368 [grpc-default-executor-1] INFO  client.GrpcClientProtocolClient (GrpcClientProtocolClient.java:onNext(255)) - client-D5CE890D7D9E->efcb8ff8-f060-4d95-9215-d0f5eb4af037: receive RaftClientReply:client-D5CE890D7D9E->efcb8ff8-f060-4d95-9215-d0f5eb4af037@group-0959F8DF43ED, cid=2485, SUCCESS, logIndex=3694, commits[efcb8ff8-f060-4d95-9215-d0f5eb4af037:c3694, 6fae8b02-e804-4c0e-b729-a97b7404b7f6:c3692, 4c3e8a66-6975-4917-8225-d3efe707aaff:c3690]
2019-09-04 11:46:25,380 | INFO  | DNAudit | user=null | ip=null | op=WRITE_CHUNK {blockData=conID: 3 locID: 102734075352646224 bcsId: 0} | ret=SUCCESS |  
2019-09-04 11:46:25,380 | INFO  | DNAudit | user=null | ip=null | op=PUT_BLOCK {blockData=[blockId=conID: 3 locID: 102734075352646224 bcsId: 0,size=2097152]} | ret=SUCCESS |  
2019-09-04 11:46:25,380 [grpc-default-executor-5] INFO  client.GrpcClientProtocolClient (GrpcClientProtocolClient.java:onNext(255)) - client-D5CE890D7D9E->efcb8ff8-f060-4d95-9215-d0f5eb4af037: receive RaftClientReply:client-D5CE890D7D9E->efcb8ff8-f060-4d95-9215-d0f5eb4af037@group-0959F8DF43ED, cid=2486, SUCCESS, logIndex=3695, commits[efcb8ff8-f060-4d95-9215-d0f5eb4af037:c3696, 6fae8b02-e804-4c0e-b729-a97b7404b7f6:c3692, 4c3e8a66-6975-4917-8225-d3efe707aaff:c3690]
2019-09-04 11:46:25,381 [grpc-default-executor-5] INFO  client.GrpcClientProtocolClient (GrpcClientProtocolClient.java:onNext(255)) - client-D5CE890D7D9E->efcb8ff8-f060-4d95-9215-d0f5eb4af037: receive RaftClientReply:client-D5CE890D7D9E->efcb8ff8-f060-4d95-9215-d0f5eb4af037@group-0959F8DF43ED, cid=2487, SUCCESS, logIndex=3696, commits[efcb8ff8-f060-4d95-9215-d0f5eb4af037:c3696, 6fae8b02-e804-4c0e-b729-a97b7404b7f6:c3692, 4c3e8a66-6975-4917-8225-d3efe707aaff:c3690]
2019-09-04 11:46:25,389 | INFO  | DNAudit | user=null | ip=null | op=WRITE_CHUNK {blockData=conID: 3 locID: 102734075352646224 bcsId: 0} | ret=SUCCESS |  
2019-09-04 11:46:25,389 | INFO  | DNAudit | user=null | ip=null | op=WRITE_CHUNK {blockData=conID: 3 locID: 102734075352646224 bcsId: 0} | ret=SUCCESS |  
2019-09-04 11:46:25,389 | INFO  | DNAudit | user=null | ip=null | op=PUT_BLOCK {blockData=[blockId=conID: 3 locID: 102734075352646224 bcsId: 0,size=1048576]} | ret=SUCCESS |  
2019-09-04 11:46:25,389 | INFO  | DNAudit | user=null | ip=null | op=PUT_BLOCK {blockData=[blockId=conID: 3 locID: 102734075352646224 bcsId: 0,size=1048576]} | ret=SUCCESS |  
2019-09-04 11:46:25,389 | INFO  | DNAudit | user=null | ip=null | op=WRITE_CHUNK {blockData=conID: 3 locID: 102734075352646224 bcsId: 0} | ret=SUCCESS |  
2019-09-04 11:46:25,389 | INFO  | DNAudit | user=null | ip=null | op=PUT_BLOCK {blockData=[blockId=conID: 3 locID: 102734075352646224 bcsId: 0,size=2097152]} | ret=SUCCESS |  
2019-09-04 11:46:25,390 [grpc-default-executor-5] INFO  client.GrpcClientProtocolClient (GrpcClientProtocolClient.java:onNext(255)) - client-D5CE890D7D9E->efcb8ff8-f060-4d95-9215-d0f5eb4af037: receive RaftClientReply:client-D5CE890D7D9E->efcb8ff8-f060-4d95-9215-d0f5eb4af037@group-0959F8DF43ED, cid=2488, SUCCESS, logIndex=0, commits[efcb8ff8-f060-4d95-9215-d0f5eb4af037:c3697, 6fae8b02-e804-4c0e-b729-a97b7404b7f6:c3694, 4c3e8a66-6975-4917-8225-d3efe707aaff:c3694]
2019-09-04 11:46:25,395 | INFO  | DNAudit | user=null | ip=null | op=WRITE_CHUNK {blockData=conID: 3 locID: 102734075352646224 bcsId: 3696} | ret=SUCCESS |  
2019-09-04 11:46:25,398 | INFO  | DNAudit | user=null | ip=null | op=WRITE_CHUNK {blockData=conID: 3 locID: 102734075352646224 bcsId: 3696} | ret=SUCCESS |  
2019-09-04 11:46:25,399 | INFO  | DNAudit | user=null | ip=null | op=WRITE_CHUNK {blockData=conID: 3 locID: 102734075352646224 bcsId: 3696} | ret=SUCCESS |  
2019-09-04 11:46:25,401 | INFO  | DNAudit | user=null | ip=null | op=WRITE_CHUNK {blockData=conID: 3 locID: 102734075352646224 bcsId: 0} | ret=SUCCESS |  
2019-09-04 11:46:25,401 | INFO  | DNAudit | user=null | ip=null | op=PUT_BLOCK {blockData=[blockId=conID: 3 locID: 102734075352646224 bcsId: 0,size=2097152]} | ret=SUCCESS |  
2019-09-04 11:46:25,402 | INFO  | DNAudit | user=null | ip=null | op=WRITE_CHUNK {blockData=conID: 3 locID: 102734075352646224 bcsId: 3696} | ret=SUCCESS |  
2019-09-04 11:46:25,402 | INFO  | DNAudit | user=null | ip=null | op=PUT_BLOCK {blockData=[blockId=conID: 3 locID: 102734075352646224 bcsId: 0,size=3145728]} | ret=SUCCESS |  
2019-09-04 11:46:25,403 [grpc-default-executor-0] INFO  client.GrpcClientProtocolClient (GrpcClientProtocolClient.java:onNext(255)) - client-D5CE890D7D9E->efcb8ff8-f060-4d95-9215-d0f5eb4af037: receive RaftClientReply:client-D5CE890D7D9E->efcb8ff8-f060-4d95-9215-d0f5eb4af037@group-0959F8DF43ED, cid=2489, SUCCESS, logIndex=3701, commits[efcb8ff8-f060-4d95-9215-d0f5eb4af037:c3702, 6fae8b02-e804-4c0e-b729-a97b7404b7f6:c3696, 4c3e8a66-6975-4917-8225-d3efe707aaff:c3700]
2019-09-04 11:46:25,403 [grpc-default-executor-0] INFO  client.GrpcClientProtocolClient (GrpcClientProtocolClient.java:onNext(255)) - client-D5CE890D7D9E->efcb8ff8-f060-4d95-9215-d0f5eb4af037: receive RaftClientReply:client-D5CE890D7D9E->efcb8ff8-f060-4d95-9215-d0f5eb4af037@group-0959F8DF43ED, cid=2490, SUCCESS, logIndex=3702, commits[efcb8ff8-f060-4d95-9215-d0f5eb4af037:c3702, 6fae8b02-e804-4c0e-b729-a97b7404b7f6:c3700, 4c3e8a66-6975-4917-8225-d3efe707aaff:c3700]
2019-09-04 11:46:25,409 | INFO  | DNAudit | user=null | ip=null | op=WRITE_CHUNK {blockData=conID: 3 locID: 102734075352646224 bcsId: 3702} | ret=SUCCESS |  
2019-09-04 11:46:25,410 | INFO  | DNAudit | user=null | ip=null | op=WRITE_CHUNK {blockData=conID: 3 locID: 102734075352646224 bcsId: 3702} | ret=SUCCESS |  
2019-09-04 11:46:25,410 | INFO  | DNAudit | user=null | ip=null | op=WRITE_CHUNK {blockData=conID: 3 locID: 102734075352646224 bcsId: 3702} | ret=SUCCESS |  
2019-09-04 11:46:25,411 | INFO  | DNAudit | user=null | ip=null | op=WRITE_CHUNK {blockData=conID: 3 locID: 102734075352646224 bcsId: 3696} | ret=SUCCESS |  
2019-09-04 11:46:25,411 | INFO  | DNAudit | user=null | ip=null | op=WRITE_CHUNK {blockData=conID: 3 locID: 102734075352646224 bcsId: 3696} | ret=SUCCESS |  
2019-09-04 11:46:25,411 | INFO  | DNAudit | user=null | ip=null | op=PUT_BLOCK {blockData=[blockId=conID: 3 locID: 102734075352646224 bcsId: 0,size=3145728]} | ret=SUCCESS |  
2019-09-04 11:46:25,411 | INFO  | DNAudit | user=null | ip=null | op=PUT_BLOCK {blockData=[blockId=conID: 3 locID: 102734075352646224 bcsId: 0,size=3145728]} | ret=SUCCESS |  
2019-09-04 11:46:25,413 | INFO  | DNAudit | user=null | ip=null | op=WRITE_CHUNK {blockData=conID: 3 locID: 102734075352646224 bcsId: 3702} | ret=SUCCESS |  
2019-09-04 11:46:25,413 | INFO  | DNAudit | user=null | ip=null | op=PUT_BLOCK {blockData=[blockId=conID: 3 locID: 102734075352646224 bcsId: 0,size=4194304]} | ret=SUCCESS |  
2019-09-04 11:46:25,413 [grpc-default-executor-1] INFO  client.GrpcClientProtocolClient (GrpcClientProtocolClient.java:onNext(255)) - client-D5CE890D7D9E->efcb8ff8-f060-4d95-9215-d0f5eb4af037: receive RaftClientReply:client-D5CE890D7D9E->efcb8ff8-f060-4d95-9215-d0f5eb4af037@group-0959F8DF43ED, cid=2491, SUCCESS, logIndex=3705, commits[efcb8ff8-f060-4d95-9215-d0f5eb4af037:c3706, 6fae8b02-e804-4c0e-b729-a97b7404b7f6:c3702, 4c3e8a66-6975-4917-8225-d3efe707aaff:c3702]
2019-09-04 11:46:25,413 [grpc-default-executor-1] INFO  client.GrpcClientProtocolClient (GrpcClientProtocolClient.java:onNext(255)) - client-D5CE890D7D9E->efcb8ff8-f060-4d95-9215-d0f5eb4af037: receive RaftClientReply:client-D5CE890D7D9E->efcb8ff8-f060-4d95-9215-d0f5eb4af037@group-0959F8DF43ED, cid=2492, SUCCESS, logIndex=3706, commits[efcb8ff8-f060-4d95-9215-d0f5eb4af037:c3706, 6fae8b02-e804-4c0e-b729-a97b7404b7f6:c3702, 4c3e8a66-6975-4917-8225-d3efe707aaff:c3702]
2019-09-04 11:46:25,423 | INFO  | DNAudit | user=null | ip=null | op=WRITE_CHUNK {blockData=conID: 3 locID: 102734075352646224 bcsId: 3702} | ret=SUCCESS |  
2019-09-04 11:46:25,423 | INFO  | DNAudit | user=null | ip=null | op=WRITE_CHUNK {blockData=conID: 3 locID: 102734075352646224 bcsId: 3702} | ret=SUCCESS |  
2019-09-04 11:46:25,424 | INFO  | DNAudit | user=null | ip=null | op=PUT_BLOCK {blockData=[blockId=conID: 3 locID: 102734075352646224 bcsId: 0,size=4194304]} | ret=SUCCESS |  
2019-09-04 11:46:25,424 | INFO  | DNAudit | user=null | ip=null | op=PUT_BLOCK {blockData=[blockId=conID: 3 locID: 102734075352646224 bcsId: 0,size=4194304]} | ret=SUCCESS |  
2019-09-04 11:46:25,424 [grpc-default-executor-1] INFO  client.GrpcClientProtocolClient (GrpcClientProtocolClient.java:onNext(255)) - client-D5CE890D7D9E->efcb8ff8-f060-4d95-9215-d0f5eb4af037: receive RaftClientReply:client-D5CE890D7D9E->efcb8ff8-f060-4d95-9215-d0f5eb4af037@group-0959F8DF43ED, cid=2493, SUCCESS, logIndex=0, commits[efcb8ff8-f060-4d95-9215-d0f5eb4af037:c3708, 6fae8b02-e804-4c0e-b729-a97b7404b7f6:c3706, 4c3e8a66-6975-4917-8225-d3efe707aaff:c3706]
2019-09-04 11:46:25,430 | INFO  | SCMAudit | user=jenkins1000 | ip=192.168.36.67 | op=ALLOCATE_BLOCK {owner=8ab292a2-aaa7-4ad8-863a-d33994811155, size=4194304, type=RATIS, factor=THREE} | ret=SUCCESS |  
2019-09-04 11:46:25,434 | INFO  | OMAudit | user=jenkins1000 | ip=127.0.0.1 | op=ALLOCATE_BLOCK {volume=vol-0-58699, bucket=bucket-0-57464, key=key-0-37266, dataSize=0, replicationType=null, replicationFactor=null, keyLocationInfo=null, clientID=102734073355960722} | ret=SUCCESS |  
2019-09-04 11:46:25,439 | INFO  | DNAudit | user=null | ip=null | op=WRITE_CHUNK {blockData=conID: 1 locID: 102734075358741073 bcsId: 0} | ret=SUCCESS |  
2019-09-04 11:46:25,442 | INFO  | DNAudit | user=null | ip=null | op=WRITE_CHUNK {blockData=conID: 1 locID: 102734075358741073 bcsId: 0} | ret=SUCCESS |  
2019-09-04 11:46:25,443 | INFO  | DNAudit | user=null | ip=null | op=WRITE_CHUNK {blockData=conID: 1 locID: 102734075358741073 bcsId: 0} | ret=SUCCESS |  
2019-09-04 11:46:25,443 | INFO  | DNAudit | user=null | ip=null | op=WRITE_CHUNK {blockData=conID: 1 locID: 102734075358741073 bcsId: 0} | ret=SUCCESS |  
2019-09-04 11:46:25,444 | INFO  | DNAudit | user=null | ip=null | op=WRITE_CHUNK {blockData=conID: 1 locID: 102734075358741073 bcsId: 0} | ret=SUCCESS |  
2019-09-04 11:46:25,445 | INFO  | DNAudit | user=null | ip=null | op=WRITE_CHUNK {blockData=conID: 1 locID: 102734075358741073 bcsId: 0} | ret=SUCCESS |  
2019-09-04 11:46:25,457 | INFO  | DNAudit | user=null | ip=null | op=WRITE_CHUNK {blockData=conID: 1 locID: 102734075358741073 bcsId: 0} | ret=SUCCESS |  
2019-09-04 11:46:25,458 | INFO  | DNAudit | user=null | ip=null | op=PUT_BLOCK {blockData=[blockId=conID: 1 locID: 102734075358741073 bcsId: 0,size=1048576]} | ret=SUCCESS |  
2019-09-04 11:46:25,458 [grpc-default-executor-6] INFO  client.GrpcClientProtocolClient (GrpcClientProtocolClient.java:onNext(255)) - client-D5CE890D7D9E->efcb8ff8-f060-4d95-9215-d0f5eb4af037: receive RaftClientReply:client-D5CE890D7D9E->efcb8ff8-f060-4d95-9215-d0f5eb4af037@group-0959F8DF43ED, cid=2494, SUCCESS, logIndex=3709, commits[efcb8ff8-f060-4d95-9215-d0f5eb4af037:c3710, 6fae8b02-e804-4c0e-b729-a97b7404b7f6:c3708, 4c3e8a66-6975-4917-8225-d3efe707aaff:c3708]
2019-09-04 11:46:25,458 | INFO  | DNAudit | user=null | ip=null | op=WRITE_CHUNK {blockData=conID: 1 locID: 102734075358741073 bcsId: 0} | ret=SUCCESS |  
2019-09-04 11:46:25,458 | INFO  | DNAudit | user=null | ip=null | op=PUT_BLOCK {blockData=[blockId=conID: 1 locID: 102734075358741073 bcsId: 0,size=2097152]} | ret=SUCCESS |  
2019-09-04 11:46:25,458 [grpc-default-executor-6] INFO  client.GrpcClientProtocolClient (GrpcClientProtocolClient.java:onNext(255)) - client-D5CE890D7D9E->efcb8ff8-f060-4d95-9215-d0f5eb4af037: receive RaftClientReply:client-D5CE890D7D9E->efcb8ff8-f060-4d95-9215-d0f5eb4af037@group-0959F8DF43ED, cid=2495, SUCCESS, logIndex=3710, commits[efcb8ff8-f060-4d95-9215-d0f5eb4af037:c3712, 6fae8b02-e804-4c0e-b729-a97b7404b7f6:c3708, 4c3e8a66-6975-4917-8225-d3efe707aaff:c3708]
2019-09-04 11:46:25,458 [grpc-default-executor-6] INFO  client.GrpcClientProtocolClient (GrpcClientProtocolClient.java:onNext(255)) - client-D5CE890D7D9E->efcb8ff8-f060-4d95-9215-d0f5eb4af037: receive RaftClientReply:client-D5CE890D7D9E->efcb8ff8-f060-4d95-9215-d0f5eb4af037@group-0959F8DF43ED, cid=2496, SUCCESS, logIndex=3711, commits[efcb8ff8-f060-4d95-9215-d0f5eb4af037:c3712, 6fae8b02-e804-4c0e-b729-a97b7404b7f6:c3708, 4c3e8a66-6975-4917-8225-d3efe707aaff:c3708]
2019-09-04 11:46:25,459 [grpc-default-executor-6] INFO  client.GrpcClientProtocolClient (GrpcClientProtocolClient.java:onNext(255)) - client-D5CE890D7D9E->efcb8ff8-f060-4d95-9215-d0f5eb4af037: receive RaftClientReply:client-D5CE890D7D9E->efcb8ff8-f060-4d95-9215-d0f5eb4af037@group-0959F8DF43ED, cid=2497, SUCCESS, logIndex=3712, commits[efcb8ff8-f060-4d95-9215-d0f5eb4af037:c3712, 6fae8b02-e804-4c0e-b729-a97b7404b7f6:c3708, 4c3e8a66-6975-4917-8225-d3efe707aaff:c3708]
2019-09-04 11:46:25,464 | INFO  | DNAudit | user=null | ip=null | op=WRITE_CHUNK {blockData=conID: 1 locID: 102734075358741073 bcsId: 0} | ret=SUCCESS |  
2019-09-04 11:46:25,464 | INFO  | DNAudit | user=null | ip=null | op=WRITE_CHUNK {blockData=conID: 1 locID: 102734075358741073 bcsId: 0} | ret=SUCCESS |  
2019-09-04 11:46:25,464 | INFO  | DNAudit | user=null | ip=null | op=PUT_BLOCK {blockData=[blockId=conID: 1 locID: 102734075358741073 bcsId: 0,size=1048576]} | ret=SUCCESS |  
2019-09-04 11:46:25,464 | INFO  | DNAudit | user=null | ip=null | op=PUT_BLOCK {blockData=[blockId=conID: 1 locID: 102734075358741073 bcsId: 0,size=1048576]} | ret=SUCCESS |  
2019-09-04 11:46:25,465 [grpc-default-executor-6] INFO  client.GrpcClientProtocolClient (GrpcClientProtocolClient.java:onNext(255)) - client-D5CE890D7D9E->efcb8ff8-f060-4d95-9215-d0f5eb4af037: receive RaftClientReply:client-D5CE890D7D9E->efcb8ff8-f060-4d95-9215-d0f5eb4af037@group-0959F8DF43ED, cid=2498, SUCCESS, logIndex=0, commits[efcb8ff8-f060-4d95-9215-d0f5eb4af037:c3713, 6fae8b02-e804-4c0e-b729-a97b7404b7f6:c3710, 4c3e8a66-6975-4917-8225-d3efe707aaff:c3710]
2019-09-04 11:46:25,465 | INFO  | DNAudit | user=null | ip=null | op=WRITE_CHUNK {blockData=conID: 1 locID: 102734075358741073 bcsId: 0} | ret=SUCCESS |  
2019-09-04 11:46:25,465 | INFO  | DNAudit | user=null | ip=null | op=PUT_BLOCK {blockData=[blockId=conID: 1 locID: 102734075358741073 bcsId: 0,size=2097152]} | ret=SUCCESS |  
2019-09-04 11:46:25,465 | INFO  | DNAudit | user=null | ip=null | op=WRITE_CHUNK {blockData=conID: 1 locID: 102734075358741073 bcsId: 0} | ret=SUCCESS |  
2019-09-04 11:46:25,466 | INFO  | DNAudit | user=null | ip=null | op=PUT_BLOCK {blockData=[blockId=conID: 1 locID: 102734075358741073 bcsId: 0,size=2097152]} | ret=SUCCESS |  
2019-09-04 11:46:25,470 | INFO  | DNAudit | user=null | ip=null | op=WRITE_CHUNK {blockData=conID: 1 locID: 102734075358741073 bcsId: 3712} | ret=SUCCESS |  
2019-09-04 11:46:25,472 | INFO  | DNAudit | user=null | ip=null | op=WRITE_CHUNK {blockData=conID: 1 locID: 102734075358741073 bcsId: 3712} | ret=SUCCESS |  
2019-09-04 11:46:25,472 | INFO  | DNAudit | user=null | ip=null | op=WRITE_CHUNK {blockData=conID: 1 locID: 102734075358741073 bcsId: 3712} | ret=SUCCESS |  
2019-09-04 11:46:25,479 | INFO  | DNAudit | user=null | ip=null | op=WRITE_CHUNK {blockData=conID: 1 locID: 102734075358741073 bcsId: 3712} | ret=SUCCESS |  
2019-09-04 11:46:25,479 | INFO  | DNAudit | user=null | ip=null | op=PUT_BLOCK {blockData=[blockId=conID: 1 locID: 102734075358741073 bcsId: 0,size=3145728]} | ret=SUCCESS |  
2019-09-04 11:46:25,480 [grpc-default-executor-0] INFO  client.GrpcClientProtocolClient (GrpcClientProtocolClient.java:onNext(255)) - client-D5CE890D7D9E->efcb8ff8-f060-4d95-9215-d0f5eb4af037: receive RaftClientReply:client-D5CE890D7D9E->efcb8ff8-f060-4d95-9215-d0f5eb4af037@group-0959F8DF43ED, cid=2499, SUCCESS, logIndex=3716, commits[efcb8ff8-f060-4d95-9215-d0f5eb4af037:c3717, 6fae8b02-e804-4c0e-b729-a97b7404b7f6:c3715, 4c3e8a66-6975-4917-8225-d3efe707aaff:c3715]
2019-09-04 11:46:25,480 [grpc-default-executor-0] INFO  client.GrpcClientProtocolClient (GrpcClientProtocolClient.java:onNext(255)) - client-D5CE890D7D9E->efcb8ff8-f060-4d95-9215-d0f5eb4af037: receive RaftClientReply:client-D5CE890D7D9E->efcb8ff8-f060-4d95-9215-d0f5eb4af037@group-0959F8DF43ED, cid=2500, SUCCESS, logIndex=3717, commits[efcb8ff8-f060-4d95-9215-d0f5eb4af037:c3717, 6fae8b02-e804-4c0e-b729-a97b7404b7f6:c3715, 4c3e8a66-6975-4917-8225-d3efe707aaff:c3715]
2019-09-04 11:46:25,598 | INFO  | DNAudit | user=null | ip=null | op=WRITE_CHUNK {blockData=conID: 1 locID: 102734075358741073 bcsId: 3712} | ret=SUCCESS |  
2019-09-04 11:46:25,598 | INFO  | DNAudit | user=null | ip=null | op=WRITE_CHUNK {blockData=conID: 1 locID: 102734075358741073 bcsId: 3712} | ret=SUCCESS |  
2019-09-04 11:46:25,599 | INFO  | DNAudit | user=null | ip=null | op=PUT_BLOCK {blockData=[blockId=conID: 1 locID: 102734075358741073 bcsId: 0,size=3145728]} | ret=SUCCESS |  
2019-09-04 11:46:25,599 | INFO  | DNAudit | user=null | ip=null | op=PUT_BLOCK {blockData=[blockId=conID: 1 locID: 102734075358741073 bcsId: 0,size=3145728]} | ret=SUCCESS |  
2019-09-04 11:46:25,602 | INFO  | DNAudit | user=null | ip=null | op=WRITE_CHUNK {blockData=conID: 1 locID: 102734075358741073 bcsId: 3717} | ret=SUCCESS |  
2019-09-04 11:46:25,604 | INFO  | DNAudit | user=null | ip=null | op=WRITE_CHUNK {blockData=conID: 1 locID: 102734075358741073 bcsId: 3717} | ret=SUCCESS |  
2019-09-04 11:46:25,604 | INFO  | DNAudit | user=null | ip=null | op=WRITE_CHUNK {blockData=conID: 1 locID: 102734075358741073 bcsId: 3717} | ret=SUCCESS |  
2019-09-04 11:46:25,610 | INFO  | DNAudit | user=null | ip=null | op=WRITE_CHUNK {blockData=conID: 1 locID: 102734075358741073 bcsId: 3717} | ret=SUCCESS |  
2019-09-04 11:46:25,610 | INFO  | DNAudit | user=null | ip=null | op=PUT_BLOCK {blockData=[blockId=conID: 1 locID: 102734075358741073 bcsId: 0,size=4194304]} | ret=SUCCESS |  
2019-09-04 11:46:25,610 [grpc-default-executor-6] INFO  client.GrpcClientProtocolClient (GrpcClientProtocolClient.java:onNext(255)) - client-D5CE890D7D9E->efcb8ff8-f060-4d95-9215-d0f5eb4af037: receive RaftClientReply:client-D5CE890D7D9E->efcb8ff8-f060-4d95-9215-d0f5eb4af037@group-0959F8DF43ED, cid=2501, SUCCESS, logIndex=3720, commits[efcb8ff8-f060-4d95-9215-d0f5eb4af037:c3721, 6fae8b02-e804-4c0e-b729-a97b7404b7f6:c3718, 4c3e8a66-6975-4917-8225-d3efe707aaff:c3717]
2019-09-04 11:46:25,611 [grpc-default-executor-6] INFO  client.GrpcClientProtocolClient (GrpcClientProtocolClient.java:onNext(255)) - client-D5CE890D7D9E->efcb8ff8-f060-4d95-9215-d0f5eb4af037: receive RaftClientReply:client-D5CE890D7D9E->efcb8ff8-f060-4d95-9215-d0f5eb4af037@group-0959F8DF43ED, cid=2502, SUCCESS, logIndex=3721, commits[efcb8ff8-f060-4d95-9215-d0f5eb4af037:c3721, 6fae8b02-e804-4c0e-b729-a97b7404b7f6:c3718, 4c3e8a66-6975-4917-8225-d3efe707aaff:c3718]
2019-09-04 11:46:25,618 | INFO  | DNAudit | user=null | ip=null | op=WRITE_CHUNK {blockData=conID: 1 locID: 102734075358741073 bcsId: 3717} | ret=SUCCESS |  
2019-09-04 11:46:25,618 | INFO  | DNAudit | user=null | ip=null | op=WRITE_CHUNK {blockData=conID: 1 locID: 102734075358741073 bcsId: 3717} | ret=SUCCESS |  
2019-09-04 11:46:25,618 | INFO  | DNAudit | user=null | ip=null | op=PUT_BLOCK {blockData=[blockId=conID: 1 locID: 102734075358741073 bcsId: 0,size=4194304]} | ret=SUCCESS |  
2019-09-04 11:46:25,619 | INFO  | DNAudit | user=null | ip=null | op=PUT_BLOCK {blockData=[blockId=conID: 1 locID: 102734075358741073 bcsId: 0,size=4194304]} | ret=SUCCESS |  
2019-09-04 11:46:25,619 [grpc-default-executor-1] INFO  client.GrpcClientProtocolClient (GrpcClientProtocolClient.java:onNext(255)) - client-D5CE890D7D9E->efcb8ff8-f060-4d95-9215-d0f5eb4af037: receive RaftClientReply:client-D5CE890D7D9E->efcb8ff8-f060-4d95-9215-d0f5eb4af037@group-0959F8DF43ED, cid=2503, SUCCESS, logIndex=0, commits[efcb8ff8-f060-4d95-9215-d0f5eb4af037:c3722, 6fae8b02-e804-4c0e-b729-a97b7404b7f6:c3721, 4c3e8a66-6975-4917-8225-d3efe707aaff:c3721]
2019-09-04 11:46:25,624 | INFO  | SCMAudit | user=jenkins1000 | ip=192.168.36.67 | op=ALLOCATE_BLOCK {owner=8ab292a2-aaa7-4ad8-863a-d33994811155, size=4194304, type=RATIS, factor=THREE} | ret=SUCCESS |  
2019-09-04 11:46:25,626 | INFO  | OMAudit | user=jenkins1000 | ip=127.0.0.1 | op=ALLOCATE_BLOCK {volume=vol-0-58699, bucket=bucket-0-57464, key=key-0-37266, dataSize=0, replicationType=null, replicationFactor=null, keyLocationInfo=null, clientID=102734073355960722} | ret=SUCCESS |  
2019-09-04 11:46:25,633 | INFO  | DNAudit | user=null | ip=null | op=WRITE_CHUNK {blockData=conID: 2 locID: 102734075371455058 bcsId: 0} | ret=SUCCESS |  
2019-09-04 11:46:25,635 | INFO  | DNAudit | user=null | ip=null | op=WRITE_CHUNK {blockData=conID: 2 locID: 102734075371455058 bcsId: 0} | ret=SUCCESS |  
2019-09-04 11:46:25,635 | INFO  | DNAudit | user=null | ip=null | op=WRITE_CHUNK {blockData=conID: 2 locID: 102734075371455058 bcsId: 0} | ret=SUCCESS |  
2019-09-04 11:46:25,635 | INFO  | DNAudit | user=null | ip=null | op=WRITE_CHUNK {blockData=conID: 2 locID: 102734075371455058 bcsId: 0} | ret=SUCCESS |  
2019-09-04 11:46:25,637 | INFO  | DNAudit | user=null | ip=null | op=WRITE_CHUNK {blockData=conID: 2 locID: 102734075371455058 bcsId: 0} | ret=SUCCESS |  
2019-09-04 11:46:25,637 | INFO  | DNAudit | user=null | ip=null | op=WRITE_CHUNK {blockData=conID: 2 locID: 102734075371455058 bcsId: 0} | ret=SUCCESS |  
2019-09-04 11:46:25,651 | INFO  | DNAudit | user=null | ip=null | op=WRITE_CHUNK {blockData=conID: 2 locID: 102734075371455058 bcsId: 0} | ret=SUCCESS |  
2019-09-04 11:46:25,651 | INFO  | DNAudit | user=null | ip=null | op=PUT_BLOCK {blockData=[blockId=conID: 2 locID: 102734075371455058 bcsId: 0,size=1048576]} | ret=SUCCESS |  
2019-09-04 11:46:25,651 [grpc-default-executor-5] INFO  client.GrpcClientProtocolClient (GrpcClientProtocolClient.java:onNext(255)) - client-D5CE890D7D9E->efcb8ff8-f060-4d95-9215-d0f5eb4af037: receive RaftClientReply:client-D5CE890D7D9E->efcb8ff8-f060-4d95-9215-d0f5eb4af037@group-0959F8DF43ED, cid=2504, SUCCESS, logIndex=3724, commits[efcb8ff8-f060-4d95-9215-d0f5eb4af037:c3726, 6fae8b02-e804-4c0e-b729-a97b7404b7f6:c3723, 4c3e8a66-6975-4917-8225-d3efe707aaff:c3723]
2019-09-04 11:46:25,652 | INFO  | DNAudit | user=null | ip=null | op=WRITE_CHUNK {blockData=conID: 2 locID: 102734075371455058 bcsId: 0} | ret=SUCCESS |  
2019-09-04 11:46:25,652 | INFO  | DNAudit | user=null | ip=null | op=PUT_BLOCK {blockData=[blockId=conID: 2 locID: 102734075371455058 bcsId: 0,size=2097152]} | ret=SUCCESS |  
2019-09-04 11:46:25,652 [grpc-default-executor-6] INFO  client.GrpcClientProtocolClient (GrpcClientProtocolClient.java:onNext(255)) - client-D5CE890D7D9E->efcb8ff8-f060-4d95-9215-d0f5eb4af037: receive RaftClientReply:client-D5CE890D7D9E->efcb8ff8-f060-4d95-9215-d0f5eb4af037@group-0959F8DF43ED, cid=2505, SUCCESS, logIndex=3725, commits[efcb8ff8-f060-4d95-9215-d0f5eb4af037:c3727, 6fae8b02-e804-4c0e-b729-a97b7404b7f6:c3723, 4c3e8a66-6975-4917-8225-d3efe707aaff:c3723]
2019-09-04 11:46:25,652 | INFO  | DNAudit | user=null | ip=null | op=WRITE_CHUNK {blockData=conID: 2 locID: 102734075371455058 bcsId: 0} | ret=SUCCESS |  
2019-09-04 11:46:25,653 [grpc-default-executor-6] INFO  client.GrpcClientProtocolClient (GrpcClientProtocolClient.java:onNext(255)) - client-D5CE890D7D9E->efcb8ff8-f060-4d95-9215-d0f5eb4af037: receive RaftClientReply:client-D5CE890D7D9E->efcb8ff8-f060-4d95-9215-d0f5eb4af037@group-0959F8DF43ED, cid=2506, SUCCESS, logIndex=3726, commits[efcb8ff8-f060-4d95-9215-d0f5eb4af037:c3727, 6fae8b02-e804-4c0e-b729-a97b7404b7f6:c3723, 4c3e8a66-6975-4917-8225-d3efe707aaff:c3723]
2019-09-04 11:46:25,653 [grpc-default-executor-6] INFO  client.GrpcClientProtocolClient (GrpcClientProtocolClient.java:onNext(255)) - client-D5CE890D7D9E->efcb8ff8-f060-4d95-9215-d0f5eb4af037: receive RaftClientReply:client-D5CE890D7D9E->efcb8ff8-f060-4d95-9215-d0f5eb4af037@group-0959F8DF43ED, cid=2507, SUCCESS, logIndex=3727, commits[efcb8ff8-f060-4d95-9215-d0f5eb4af037:c3728, 6fae8b02-e804-4c0e-b729-a97b7404b7f6:c3723, 4c3e8a66-6975-4917-8225-d3efe707aaff:c3724]
2019-09-04 11:46:25,653 | INFO  | DNAudit | user=null | ip=null | op=WRITE_CHUNK {blockData=conID: 2 locID: 102734075371455058 bcsId: 0} | ret=SUCCESS |  
2019-09-04 11:46:25,653 | INFO  | DNAudit | user=null | ip=null | op=PUT_BLOCK {blockData=[blockId=conID: 2 locID: 102734075371455058 bcsId: 0,size=1048576]} | ret=SUCCESS |  
2019-09-04 11:46:25,653 | INFO  | DNAudit | user=null | ip=null | op=PUT_BLOCK {blockData=[blockId=conID: 2 locID: 102734075371455058 bcsId: 0,size=1048576]} | ret=SUCCESS |  
2019-09-04 11:46:25,654 | INFO  | DNAudit | user=null | ip=null | op=WRITE_CHUNK {blockData=conID: 2 locID: 102734075371455058 bcsId: 0} | ret=SUCCESS |  
2019-09-04 11:46:25,654 | INFO  | DNAudit | user=null | ip=null | op=WRITE_CHUNK {blockData=conID: 2 locID: 102734075371455058 bcsId: 0} | ret=SUCCESS |  
2019-09-04 11:46:25,654 | INFO  | DNAudit | user=null | ip=null | op=PUT_BLOCK {blockData=[blockId=conID: 2 locID: 102734075371455058 bcsId: 0,size=2097152]} | ret=SUCCESS |  
2019-09-04 11:46:25,654 [grpc-default-executor-6] INFO  client.GrpcClientProtocolClient (GrpcClientProtocolClient.java:onNext(255)) - client-D5CE890D7D9E->efcb8ff8-f060-4d95-9215-d0f5eb4af037: receive RaftClientReply:client-D5CE890D7D9E->efcb8ff8-f060-4d95-9215-d0f5eb4af037@group-0959F8DF43ED, cid=2508, SUCCESS, logIndex=0, commits[efcb8ff8-f060-4d95-9215-d0f5eb4af037:c3731, 6fae8b02-e804-4c0e-b729-a97b7404b7f6:c3727, 4c3e8a66-6975-4917-8225-d3efe707aaff:c3725]
2019-09-04 11:46:25,654 | INFO  | DNAudit | user=null | ip=null | op=PUT_BLOCK {blockData=[blockId=conID: 2 locID: 102734075371455058 bcsId: 0,size=2097152]} | ret=SUCCESS |  
2019-09-04 11:46:25,661 | INFO  | DNAudit | user=null | ip=null | op=WRITE_CHUNK {blockData=conID: 2 locID: 102734075371455058 bcsId: 3727} | ret=SUCCESS |  
2019-09-04 11:46:25,662 | INFO  | DNAudit | user=null | ip=null | op=WRITE_CHUNK {blockData=conID: 2 locID: 102734075371455058 bcsId: 3727} | ret=SUCCESS |  
2019-09-04 11:46:25,663 | INFO  | DNAudit | user=null | ip=null | op=WRITE_CHUNK {blockData=conID: 2 locID: 102734075371455058 bcsId: 3727} | ret=SUCCESS |  
2019-09-04 11:46:25,681 | INFO  | DNAudit | user=null | ip=null | op=WRITE_CHUNK {blockData=conID: 2 locID: 102734075371455058 bcsId: 3727} | ret=SUCCESS |  
2019-09-04 11:46:25,681 | INFO  | DNAudit | user=null | ip=null | op=PUT_BLOCK {blockData=[blockId=conID: 2 locID: 102734075371455058 bcsId: 0,size=3145728]} | ret=SUCCESS |  
2019-09-04 11:46:25,681 [grpc-default-executor-0] INFO  client.GrpcClientProtocolClient (GrpcClientProtocolClient.java:onNext(255)) - client-D5CE890D7D9E->efcb8ff8-f060-4d95-9215-d0f5eb4af037: receive RaftClientReply:client-D5CE890D7D9E->efcb8ff8-f060-4d95-9215-d0f5eb4af037@group-0959F8DF43ED, cid=2509, SUCCESS, logIndex=3732, commits[efcb8ff8-f060-4d95-9215-d0f5eb4af037:c3733, 6fae8b02-e804-4c0e-b729-a97b7404b7f6:c3731, 4c3e8a66-6975-4917-8225-d3efe707aaff:c3731]
2019-09-04 11:46:25,682 [grpc-default-executor-0] INFO  client.GrpcClientProtocolClient (GrpcClientProtocolClient.java:onNext(255)) - client-D5CE890D7D9E->efcb8ff8-f060-4d95-9215-d0f5eb4af037: receive RaftClientReply:client-D5CE890D7D9E->efcb8ff8-f060-4d95-9215-d0f5eb4af037@group-0959F8DF43ED, cid=2510, SUCCESS, logIndex=3733, commits[efcb8ff8-f060-4d95-9215-d0f5eb4af037:c3733, 6fae8b02-e804-4c0e-b729-a97b7404b7f6:c3731, 4c3e8a66-6975-4917-8225-d3efe707aaff:c3731]
2019-09-04 11:46:25,688 | INFO  | DNAudit | user=null | ip=null | op=WRITE_CHUNK {blockData=conID: 2 locID: 102734075371455058 bcsId: 3733} | ret=SUCCESS |  
2019-09-04 11:46:25,689 | INFO  | DNAudit | user=null | ip=null | op=WRITE_CHUNK {blockData=conID: 2 locID: 102734075371455058 bcsId: 3727} | ret=SUCCESS |  
2019-09-04 11:46:25,689 | INFO  | DNAudit | user=null | ip=null | op=WRITE_CHUNK {blockData=conID: 2 locID: 102734075371455058 bcsId: 3727} | ret=SUCCESS |  
2019-09-04 11:46:25,690 | INFO  | DNAudit | user=null | ip=null | op=WRITE_CHUNK {blockData=conID: 2 locID: 102734075371455058 bcsId: 3733} | ret=SUCCESS |  
2019-09-04 11:46:25,691 | INFO  | DNAudit | user=null | ip=null | op=WRITE_CHUNK {blockData=conID: 2 locID: 102734075371455058 bcsId: 3733} | ret=SUCCESS |  
2019-09-04 11:46:25,699 | INFO  | DNAudit | user=null | ip=null | op=PUT_BLOCK {blockData=[blockId=conID: 2 locID: 102734075371455058 bcsId: 0,size=3145728]} | ret=SUCCESS |  
2019-09-04 11:46:25,700 | INFO  | DNAudit | user=null | ip=null | op=PUT_BLOCK {blockData=[blockId=conID: 2 locID: 102734075371455058 bcsId: 0,size=3145728]} | ret=SUCCESS |  
2019-09-04 11:46:25,701 | INFO  | DNAudit | user=null | ip=null | op=WRITE_CHUNK {blockData=conID: 2 locID: 102734075371455058 bcsId: 3733} | ret=SUCCESS |  
2019-09-04 11:46:25,702 [grpc-default-executor-6] INFO  client.GrpcClientProtocolClient (GrpcClientProtocolClient.java:onNext(255)) - client-D5CE890D7D9E->efcb8ff8-f060-4d95-9215-d0f5eb4af037: receive RaftClientReply:client-D5CE890D7D9E->efcb8ff8-f060-4d95-9215-d0f5eb4af037@group-0959F8DF43ED, cid=2511, SUCCESS, logIndex=3736, commits[efcb8ff8-f060-4d95-9215-d0f5eb4af037:c3737, 6fae8b02-e804-4c0e-b729-a97b7404b7f6:c3733, 4c3e8a66-6975-4917-8225-d3efe707aaff:c3733]
2019-09-04 11:46:25,703 | INFO  | DNAudit | user=null | ip=null | op=PUT_BLOCK {blockData=[blockId=conID: 2 locID: 102734075371455058 bcsId: 0,size=4194304]} | ret=SUCCESS |  
2019-09-04 11:46:25,703 [grpc-default-executor-6] INFO  client.GrpcClientProtocolClient (GrpcClientProtocolClient.java:onNext(255)) - client-D5CE890D7D9E->efcb8ff8-f060-4d95-9215-d0f5eb4af037: receive RaftClientReply:client-D5CE890D7D9E->efcb8ff8-f060-4d95-9215-d0f5eb4af037@group-0959F8DF43ED, cid=2512, SUCCESS, logIndex=3737, commits[efcb8ff8-f060-4d95-9215-d0f5eb4af037:c3737, 6fae8b02-e804-4c0e-b729-a97b7404b7f6:c3733, 4c3e8a66-6975-4917-8225-d3efe707aaff:c3733]
2019-09-04 11:46:25,708 | INFO  | SCMAudit | user=jenkins1000 | ip=192.168.36.67 | op=SEND_HEARTBEAT {datanodeUUID=b68b188c-7f38-42ae-8403-46a39acd0731, command=[]} | ret=SUCCESS |  
2019-09-04 11:46:25,711 | INFO  | DNAudit | user=null | ip=null | op=WRITE_CHUNK {blockData=conID: 2 locID: 102734075371455058 bcsId: 3733} | ret=SUCCESS |  
2019-09-04 11:46:25,711 | INFO  | DNAudit | user=null | ip=null | op=WRITE_CHUNK {blockData=conID: 2 locID: 102734075371455058 bcsId: 3733} | ret=SUCCESS |  
2019-09-04 11:46:25,711 | INFO  | DNAudit | user=null | ip=null | op=PUT_BLOCK {blockData=[blockId=conID: 2 locID: 102734075371455058 bcsId: 0,size=4194304]} | ret=SUCCESS |  
2019-09-04 11:46:25,711 | INFO  | DNAudit | user=null | ip=null | op=PUT_BLOCK {blockData=[blockId=conID: 2 locID: 102734075371455058 bcsId: 0,size=4194304]} | ret=SUCCESS |  
2019-09-04 11:46:25,711 [grpc-default-executor-6] INFO  client.GrpcClientProtocolClient (GrpcClientProtocolClient.java:onNext(255)) - client-D5CE890D7D9E->efcb8ff8-f060-4d95-9215-d0f5eb4af037: receive RaftClientReply:client-D5CE890D7D9E->efcb8ff8-f060-4d95-9215-d0f5eb4af037@group-0959F8DF43ED, cid=2513, SUCCESS, logIndex=0, commits[efcb8ff8-f060-4d95-9215-d0f5eb4af037:c3738, 6fae8b02-e804-4c0e-b729-a97b7404b7f6:c3737, 4c3e8a66-6975-4917-8225-d3efe707aaff:c3737]
2019-09-04 11:46:25,717 | INFO  | SCMAudit | user=jenkins1000 | ip=192.168.36.67 | op=ALLOCATE_BLOCK {owner=8ab292a2-aaa7-4ad8-863a-d33994811155, size=4194304, type=RATIS, factor=THREE} | ret=SUCCESS |  
2019-09-04 11:46:25,721 | INFO  | OMAudit | user=jenkins1000 | ip=127.0.0.1 | op=ALLOCATE_BLOCK {volume=vol-0-58699, bucket=bucket-0-57464, key=key-0-37266, dataSize=0, replicationType=null, replicationFactor=null, keyLocationInfo=null, clientID=102734073355960722} | ret=SUCCESS |  
2019-09-04 11:46:25,727 | INFO  | DNAudit | user=null | ip=null | op=WRITE_CHUNK {blockData=conID: 3 locID: 102734075377549907 bcsId: 0} | ret=SUCCESS |  
2019-09-04 11:46:25,728 | INFO  | DNAudit | user=null | ip=null | op=WRITE_CHUNK {blockData=conID: 3 locID: 102734075377549907 bcsId: 0} | ret=SUCCESS |  
2019-09-04 11:46:25,729 | INFO  | DNAudit | user=null | ip=null | op=WRITE_CHUNK {blockData=conID: 3 locID: 102734075377549907 bcsId: 0} | ret=SUCCESS |  
2019-09-04 11:46:25,730 | INFO  | DNAudit | user=null | ip=null | op=WRITE_CHUNK {blockData=conID: 3 locID: 102734075377549907 bcsId: 0} | ret=SUCCESS |  
2019-09-04 11:46:25,731 | INFO  | DNAudit | user=null | ip=null | op=WRITE_CHUNK {blockData=conID: 3 locID: 102734075377549907 bcsId: 0} | ret=SUCCESS |  
2019-09-04 11:46:25,731 | INFO  | DNAudit | user=null | ip=null | op=WRITE_CHUNK {blockData=conID: 3 locID: 102734075377549907 bcsId: 0} | ret=SUCCESS |  
2019-09-04 11:46:25,737 | INFO  | SCMAudit | user=jenkins1000 | ip=192.168.36.67 | op=SEND_HEARTBEAT {datanodeUUID=6fae8b02-e804-4c0e-b729-a97b7404b7f6, command=[]} | ret=SUCCESS |  
2019-09-04 11:46:25,738 | INFO  | SCMAudit | user=jenkins1000 | ip=192.168.36.67 | op=SEND_HEARTBEAT {datanodeUUID=4c3e8a66-6975-4917-8225-d3efe707aaff, command=[]} | ret=SUCCESS |  
2019-09-04 11:46:25,740 | INFO  | DNAudit | user=null | ip=null | op=WRITE_CHUNK {blockData=conID: 3 locID: 102734075377549907 bcsId: 0} | ret=SUCCESS |  
2019-09-04 11:46:25,741 | INFO  | SCMAudit | user=jenkins1000 | ip=192.168.36.67 | op=SEND_HEARTBEAT {datanodeUUID=0b776101-1d39-4f23-96c0-6a8ead31197c, command=[]} | ret=SUCCESS |  
2019-09-04 11:46:25,741 | INFO  | DNAudit | user=null | ip=null | op=PUT_BLOCK {blockData=[blockId=conID: 3 locID: 102734075377549907 bcsId: 0,size=1048576]} | ret=SUCCESS |  
2019-09-04 11:46:25,741 [grpc-default-executor-0] INFO  client.GrpcClientProtocolClient (GrpcClientProtocolClient.java:onNext(255)) - client-D5CE890D7D9E->efcb8ff8-f060-4d95-9215-d0f5eb4af037: receive RaftClientReply:client-D5CE890D7D9E->efcb8ff8-f060-4d95-9215-d0f5eb4af037@group-0959F8DF43ED, cid=2514, SUCCESS, logIndex=3740, commits[efcb8ff8-f060-4d95-9215-d0f5eb4af037:c3743, 6fae8b02-e804-4c0e-b729-a97b7404b7f6:c3739, 4c3e8a66-6975-4917-8225-d3efe707aaff:c3739]
2019-09-04 11:46:25,741 | INFO  | DNAudit | user=null | ip=null | op=WRITE_CHUNK {blockData=conID: 3 locID: 102734075377549907 bcsId: 0} | ret=SUCCESS |  
2019-09-04 11:46:25,741 | INFO  | DNAudit | user=null | ip=null | op=PUT_BLOCK {blockData=[blockId=conID: 3 locID: 102734075377549907 bcsId: 0,size=2097152]} | ret=SUCCESS |  
2019-09-04 11:46:25,741 [grpc-default-executor-0] INFO  client.GrpcClientProtocolClient (GrpcClientProtocolClient.java:onNext(255)) - client-D5CE890D7D9E->efcb8ff8-f060-4d95-9215-d0f5eb4af037: receive RaftClientReply:client-D5CE890D7D9E->efcb8ff8-f060-4d95-9215-d0f5eb4af037@group-0959F8DF43ED, cid=2515, SUCCESS, logIndex=3741, commits[efcb8ff8-f060-4d95-9215-d0f5eb4af037:c3743, 6fae8b02-e804-4c0e-b729-a97b7404b7f6:c3739, 4c3e8a66-6975-4917-8225-d3efe707aaff:c3739]
2019-09-04 11:46:25,741 [grpc-default-executor-0] INFO  client.GrpcClientProtocolClient (GrpcClientProtocolClient.java:onNext(255)) - client-D5CE890D7D9E->efcb8ff8-f060-4d95-9215-d0f5eb4af037: receive RaftClientReply:client-D5CE890D7D9E->efcb8ff8-f060-4d95-9215-d0f5eb4af037@group-0959F8DF43ED, cid=2516, SUCCESS, logIndex=3742, commits[efcb8ff8-f060-4d95-9215-d0f5eb4af037:c3743, 6fae8b02-e804-4c0e-b729-a97b7404b7f6:c3739, 4c3e8a66-6975-4917-8225-d3efe707aaff:c3739]
2019-09-04 11:46:25,742 [grpc-default-executor-0] INFO  client.GrpcClientProtocolClient (GrpcClientProtocolClient.java:onNext(255)) - client-D5CE890D7D9E->efcb8ff8-f060-4d95-9215-d0f5eb4af037: receive RaftClientReply:client-D5CE890D7D9E->efcb8ff8-f060-4d95-9215-d0f5eb4af037@group-0959F8DF43ED, cid=2517, SUCCESS, logIndex=3743, commits[efcb8ff8-f060-4d95-9215-d0f5eb4af037:c3743, 6fae8b02-e804-4c0e-b729-a97b7404b7f6:c3739, 4c3e8a66-6975-4917-8225-d3efe707aaff:c3739]
2019-09-04 11:46:25,743 | INFO  | SCMAudit | user=jenkins1000 | ip=192.168.36.67 | op=SEND_HEARTBEAT {datanodeUUID=efcb8ff8-f060-4d95-9215-d0f5eb4af037, command=[]} | ret=SUCCESS |  
2019-09-04 11:46:25,753 | INFO  | DNAudit | user=null | ip=null | op=WRITE_CHUNK {blockData=conID: 3 locID: 102734075377549907 bcsId: 0} | ret=SUCCESS |  
2019-09-04 11:46:25,754 | INFO  | DNAudit | user=null | ip=null | op=PUT_BLOCK {blockData=[blockId=conID: 3 locID: 102734075377549907 bcsId: 0,size=1048576]} | ret=SUCCESS |  
2019-09-04 11:46:25,754 | INFO  | DNAudit | user=null | ip=null | op=WRITE_CHUNK {blockData=conID: 3 locID: 102734075377549907 bcsId: 0} | ret=SUCCESS |  
2019-09-04 11:46:25,755 | INFO  | DNAudit | user=null | ip=null | op=PUT_BLOCK {blockData=[blockId=conID: 3 locID: 102734075377549907 bcsId: 0,size=2097152]} | ret=SUCCESS |  
2019-09-04 11:46:25,755 | INFO  | DNAudit | user=null | ip=null | op=WRITE_CHUNK {blockData=conID: 3 locID: 102734075377549907 bcsId: 0} | ret=SUCCESS |  
2019-09-04 11:46:25,755 | INFO  | DNAudit | user=null | ip=null | op=PUT_BLOCK {blockData=[blockId=conID: 3 locID: 102734075377549907 bcsId: 0,size=1048576]} | ret=SUCCESS |  
2019-09-04 11:46:25,756 | INFO  | DNAudit | user=null | ip=null | op=WRITE_CHUNK {blockData=conID: 3 locID: 102734075377549907 bcsId: 0} | ret=SUCCESS |  
2019-09-04 11:46:25,756 [grpc-default-executor-0] INFO  client.GrpcClientProtocolClient (GrpcClientProtocolClient.java:onNext(255)) - client-D5CE890D7D9E->efcb8ff8-f060-4d95-9215-d0f5eb4af037: receive RaftClientReply:client-D5CE890D7D9E->efcb8ff8-f060-4d95-9215-d0f5eb4af037@group-0959F8DF43ED, cid=2518, SUCCESS, logIndex=0, commits[efcb8ff8-f060-4d95-9215-d0f5eb4af037:c3747, 6fae8b02-e804-4c0e-b729-a97b7404b7f6:c3743, 4c3e8a66-6975-4917-8225-d3efe707aaff:c3742]
2019-09-04 11:46:25,756 | INFO  | DNAudit | user=null | ip=null | op=PUT_BLOCK {blockData=[blockId=conID: 3 locID: 102734075377549907 bcsId: 0,size=2097152]} | ret=SUCCESS |  
2019-09-04 11:46:25,761 | INFO  | DNAudit | user=null | ip=null | op=WRITE_CHUNK {blockData=conID: 3 locID: 102734075377549907 bcsId: 3743} | ret=SUCCESS |  
2019-09-04 11:46:25,762 | INFO  | DNAudit | user=null | ip=null | op=WRITE_CHUNK {blockData=conID: 3 locID: 102734075377549907 bcsId: 3743} | ret=SUCCESS |  
2019-09-04 11:46:25,763 | INFO  | DNAudit | user=null | ip=null | op=WRITE_CHUNK {blockData=conID: 3 locID: 102734075377549907 bcsId: 3743} | ret=SUCCESS |  
2019-09-04 11:46:25,773 | INFO  | DNAudit | user=null | ip=null | op=WRITE_CHUNK {blockData=conID: 3 locID: 102734075377549907 bcsId: 3743} | ret=SUCCESS |  
2019-09-04 11:46:25,778 | INFO  | DNAudit | user=null | ip=null | op=PUT_BLOCK {blockData=[blockId=conID: 3 locID: 102734075377549907 bcsId: 0,size=3145728]} | ret=SUCCESS |  
2019-09-04 11:46:25,778 [grpc-default-executor-0] INFO  client.GrpcClientProtocolClient (GrpcClientProtocolClient.java:onNext(255)) - client-D5CE890D7D9E->efcb8ff8-f060-4d95-9215-d0f5eb4af037: receive RaftClientReply:client-D5CE890D7D9E->efcb8ff8-f060-4d95-9215-d0f5eb4af037@group-0959F8DF43ED, cid=2519, SUCCESS, logIndex=3748, commits[efcb8ff8-f060-4d95-9215-d0f5eb4af037:c3748, 6fae8b02-e804-4c0e-b729-a97b7404b7f6:c3747, 4c3e8a66-6975-4917-8225-d3efe707aaff:c3747]
2019-09-04 11:46:25,780 | INFO  | DNAudit | user=null | ip=null | op=WRITE_CHUNK {blockData=conID: 3 locID: 102734075377549907 bcsId: 3743} | ret=SUCCESS |  
2019-09-04 11:46:25,780 | INFO  | DNAudit | user=null | ip=null | op=WRITE_CHUNK {blockData=conID: 3 locID: 102734075377549907 bcsId: 3743} | ret=SUCCESS |  
2019-09-04 11:46:25,780 | INFO  | DNAudit | user=null | ip=null | op=PUT_BLOCK {blockData=[blockId=conID: 3 locID: 102734075377549907 bcsId: 0,size=3145728]} | ret=SUCCESS |  
2019-09-04 11:46:25,780 | INFO  | DNAudit | user=null | ip=null | op=PUT_BLOCK {blockData=[blockId=conID: 3 locID: 102734075377549907 bcsId: 0,size=3145728]} | ret=SUCCESS |  
2019-09-04 11:46:25,787 [grpc-default-executor-0] INFO  client.GrpcClientProtocolClient (GrpcClientProtocolClient.java:onNext(255)) - client-D5CE890D7D9E->efcb8ff8-f060-4d95-9215-d0f5eb4af037: receive RaftClientReply:client-D5CE890D7D9E->efcb8ff8-f060-4d95-9215-d0f5eb4af037@group-0959F8DF43ED, cid=2520, SUCCESS, logIndex=3749, commits[efcb8ff8-f060-4d95-9215-d0f5eb4af037:c3749, 6fae8b02-e804-4c0e-b729-a97b7404b7f6:c3747, 4c3e8a66-6975-4917-8225-d3efe707aaff:c3747]
2019-09-04 11:46:25,795 | INFO  | DNAudit | user=null | ip=null | op=WRITE_CHUNK {blockData=conID: 3 locID: 102734075377549907 bcsId: 3749} | ret=SUCCESS |  
2019-09-04 11:46:25,798 | INFO  | DNAudit | user=null | ip=null | op=WRITE_CHUNK {blockData=conID: 3 locID: 102734075377549907 bcsId: 3749} | ret=SUCCESS |  
2019-09-04 11:46:25,799 | INFO  | DNAudit | user=null | ip=null | op=WRITE_CHUNK {blockData=conID: 3 locID: 102734075377549907 bcsId: 3749} | ret=SUCCESS |  
2019-09-04 11:46:25,804 | INFO  | DNAudit | user=null | ip=null | op=WRITE_CHUNK {blockData=conID: 3 locID: 102734075377549907 bcsId: 3749} | ret=SUCCESS |  
2019-09-04 11:46:25,805 | INFO  | DNAudit | user=null | ip=null | op=PUT_BLOCK {blockData=[blockId=conID: 3 locID: 102734075377549907 bcsId: 0,size=4194304]} | ret=SUCCESS |  
2019-09-04 11:46:25,805 [grpc-default-executor-0] INFO  client.GrpcClientProtocolClient (GrpcClientProtocolClient.java:onNext(255)) - client-D5CE890D7D9E->efcb8ff8-f060-4d95-9215-d0f5eb4af037: receive RaftClientReply:client-D5CE890D7D9E->efcb8ff8-f060-4d95-9215-d0f5eb4af037@group-0959F8DF43ED, cid=2521, SUCCESS, logIndex=3752, commits[efcb8ff8-f060-4d95-9215-d0f5eb4af037:c3753, 6fae8b02-e804-4c0e-b729-a97b7404b7f6:c3751, 4c3e8a66-6975-4917-8225-d3efe707aaff:c3751]
2019-09-04 11:46:25,805 [grpc-default-executor-0] INFO  client.GrpcClientProtocolClient (GrpcClientProtocolClient.java:onNext(255)) - client-D5CE890D7D9E->efcb8ff8-f060-4d95-9215-d0f5eb4af037: receive RaftClientReply:client-D5CE890D7D9E->efcb8ff8-f060-4d95-9215-d0f5eb4af037@group-0959F8DF43ED, cid=2522, SUCCESS, logIndex=3753, commits[efcb8ff8-f060-4d95-9215-d0f5eb4af037:c3753, 6fae8b02-e804-4c0e-b729-a97b7404b7f6:c3751, 4c3e8a66-6975-4917-8225-d3efe707aaff:c3751]
2019-09-04 11:46:25,815 | INFO  | DNAudit | user=null | ip=null | op=WRITE_CHUNK {blockData=conID: 3 locID: 102734075377549907 bcsId: 3749} | ret=SUCCESS |  
2019-09-04 11:46:25,816 | INFO  | DNAudit | user=null | ip=null | op=WRITE_CHUNK {blockData=conID: 3 locID: 102734075377549907 bcsId: 3749} | ret=SUCCESS |  
2019-09-04 11:46:25,816 | INFO  | DNAudit | user=null | ip=null | op=PUT_BLOCK {blockData=[blockId=conID: 3 locID: 102734075377549907 bcsId: 0,size=4194304]} | ret=SUCCESS |  
2019-09-04 11:46:25,816 | INFO  | DNAudit | user=null | ip=null | op=PUT_BLOCK {blockData=[blockId=conID: 3 locID: 102734075377549907 bcsId: 0,size=4194304]} | ret=SUCCESS |  
2019-09-04 11:46:25,816 [grpc-default-executor-0] INFO  client.GrpcClientProtocolClient (GrpcClientProtocolClient.java:onNext(255)) - client-D5CE890D7D9E->efcb8ff8-f060-4d95-9215-d0f5eb4af037: receive RaftClientReply:client-D5CE890D7D9E->efcb8ff8-f060-4d95-9215-d0f5eb4af037@group-0959F8DF43ED, cid=2523, SUCCESS, logIndex=0, commits[efcb8ff8-f060-4d95-9215-d0f5eb4af037:c3754, 6fae8b02-e804-4c0e-b729-a97b7404b7f6:c3753, 4c3e8a66-6975-4917-8225-d3efe707aaff:c3753]
2019-09-04 11:46:25,821 | INFO  | SCMAudit | user=jenkins1000 | ip=192.168.36.67 | op=ALLOCATE_BLOCK {owner=8ab292a2-aaa7-4ad8-863a-d33994811155, size=4194304, type=RATIS, factor=THREE} | ret=SUCCESS |  
2019-09-04 11:46:25,824 | INFO  | OMAudit | user=jenkins1000 | ip=127.0.0.1 | op=ALLOCATE_BLOCK {volume=vol-0-58699, bucket=bucket-0-57464, key=key-0-37266, dataSize=0, replicationType=null, replicationFactor=null, keyLocationInfo=null, clientID=102734073355960722} | ret=SUCCESS |  
2019-09-04 11:46:25,829 | INFO  | DNAudit | user=null | ip=null | op=WRITE_CHUNK {blockData=conID: 1 locID: 102734075384365652 bcsId: 0} | ret=SUCCESS |  
2019-09-04 11:46:25,832 | INFO  | DNAudit | user=null | ip=null | op=WRITE_CHUNK {blockData=conID: 1 locID: 102734075384365652 bcsId: 0} | ret=SUCCESS |  
2019-09-04 11:46:25,832 | INFO  | DNAudit | user=null | ip=null | op=WRITE_CHUNK {blockData=conID: 1 locID: 102734075384365652 bcsId: 0} | ret=SUCCESS |  
2019-09-04 11:46:25,832 | INFO  | DNAudit | user=null | ip=null | op=WRITE_CHUNK {blockData=conID: 1 locID: 102734075384365652 bcsId: 0} | ret=SUCCESS |  
2019-09-04 11:46:25,833 | INFO  | DNAudit | user=null | ip=null | op=WRITE_CHUNK {blockData=conID: 1 locID: 102734075384365652 bcsId: 0} | ret=SUCCESS |  
2019-09-04 11:46:25,833 | INFO  | DNAudit | user=null | ip=null | op=WRITE_CHUNK {blockData=conID: 1 locID: 102734075384365652 bcsId: 0} | ret=SUCCESS |  
2019-09-04 11:46:25,851 | INFO  | DNAudit | user=null | ip=null | op=WRITE_CHUNK {blockData=conID: 1 locID: 102734075384365652 bcsId: 0} | ret=SUCCESS |  
2019-09-04 11:46:25,852 | INFO  | DNAudit | user=null | ip=null | op=PUT_BLOCK {blockData=[blockId=conID: 1 locID: 102734075384365652 bcsId: 0,size=1048576]} | ret=SUCCESS |  
2019-09-04 11:46:25,852 | INFO  | DNAudit | user=null | ip=null | op=WRITE_CHUNK {blockData=conID: 1 locID: 102734075384365652 bcsId: 0} | ret=SUCCESS |  
2019-09-04 11:46:25,852 [grpc-default-executor-1] INFO  client.GrpcClientProtocolClient (GrpcClientProtocolClient.java:onNext(255)) - client-D5CE890D7D9E->efcb8ff8-f060-4d95-9215-d0f5eb4af037: receive RaftClientReply:client-D5CE890D7D9E->efcb8ff8-f060-4d95-9215-d0f5eb4af037@group-0959F8DF43ED, cid=2524, SUCCESS, logIndex=3756, commits[efcb8ff8-f060-4d95-9215-d0f5eb4af037:c3758, 6fae8b02-e804-4c0e-b729-a97b7404b7f6:c3755, 4c3e8a66-6975-4917-8225-d3efe707aaff:c3755]
2019-09-04 11:46:25,852 | INFO  | DNAudit | user=null | ip=null | op=PUT_BLOCK {blockData=[blockId=conID: 1 locID: 102734075384365652 bcsId: 0,size=2097152]} | ret=SUCCESS |  
2019-09-04 11:46:25,852 [grpc-default-executor-5] INFO  client.GrpcClientProtocolClient (GrpcClientProtocolClient.java:onNext(255)) - client-D5CE890D7D9E->efcb8ff8-f060-4d95-9215-d0f5eb4af037: receive RaftClientReply:client-D5CE890D7D9E->efcb8ff8-f060-4d95-9215-d0f5eb4af037@group-0959F8DF43ED, cid=2525, SUCCESS, logIndex=3757, commits[efcb8ff8-f060-4d95-9215-d0f5eb4af037:c3759, 6fae8b02-e804-4c0e-b729-a97b7404b7f6:c3755, 4c3e8a66-6975-4917-8225-d3efe707aaff:c3755]
2019-09-04 11:46:25,853 [grpc-default-executor-5] INFO  client.GrpcClientProtocolClient (GrpcClientProtocolClient.java:onNext(255)) - client-D5CE890D7D9E->efcb8ff8-f060-4d95-9215-d0f5eb4af037: receive RaftClientReply:client-D5CE890D7D9E->efcb8ff8-f060-4d95-9215-d0f5eb4af037@group-0959F8DF43ED, cid=2526, SUCCESS, logIndex=3758, commits[efcb8ff8-f060-4d95-9215-d0f5eb4af037:c3759, 6fae8b02-e804-4c0e-b729-a97b7404b7f6:c3755, 4c3e8a66-6975-4917-8225-d3efe707aaff:c3755]
2019-09-04 11:46:25,853 [grpc-default-executor-5] INFO  client.GrpcClientProtocolClient (GrpcClientProtocolClient.java:onNext(255)) - client-D5CE890D7D9E->efcb8ff8-f060-4d95-9215-d0f5eb4af037: receive RaftClientReply:client-D5CE890D7D9E->efcb8ff8-f060-4d95-9215-d0f5eb4af037@group-0959F8DF43ED, cid=2527, SUCCESS, logIndex=3759, commits[efcb8ff8-f060-4d95-9215-d0f5eb4af037:c3759, 6fae8b02-e804-4c0e-b729-a97b7404b7f6:c3755, 4c3e8a66-6975-4917-8225-d3efe707aaff:c3755]
2019-09-04 11:46:25,853 | INFO  | DNAudit | user=null | ip=null | op=WRITE_CHUNK {blockData=conID: 1 locID: 102734075384365652 bcsId: 0} | ret=SUCCESS |  
2019-09-04 11:46:25,854 | INFO  | DNAudit | user=null | ip=null | op=WRITE_CHUNK {blockData=conID: 1 locID: 102734075384365652 bcsId: 0} | ret=SUCCESS |  
2019-09-04 11:46:25,854 | INFO  | DNAudit | user=null | ip=null | op=PUT_BLOCK {blockData=[blockId=conID: 1 locID: 102734075384365652 bcsId: 0,size=1048576]} | ret=SUCCESS |  
2019-09-04 11:46:25,854 | INFO  | DNAudit | user=null | ip=null | op=WRITE_CHUNK {blockData=conID: 1 locID: 102734075384365652 bcsId: 0} | ret=SUCCESS |  
2019-09-04 11:46:25,854 | INFO  | DNAudit | user=null | ip=null | op=PUT_BLOCK {blockData=[blockId=conID: 1 locID: 102734075384365652 bcsId: 0,size=1048576]} | ret=SUCCESS |  
2019-09-04 11:46:25,854 | INFO  | DNAudit | user=null | ip=null | op=PUT_BLOCK {blockData=[blockId=conID: 1 locID: 102734075384365652 bcsId: 0,size=2097152]} | ret=SUCCESS |  
2019-09-04 11:46:25,854 | INFO  | DNAudit | user=null | ip=null | op=WRITE_CHUNK {blockData=conID: 1 locID: 102734075384365652 bcsId: 0} | ret=SUCCESS |  
2019-09-04 11:46:25,854 | INFO  | DNAudit | user=null | ip=null | op=PUT_BLOCK {blockData=[blockId=conID: 1 locID: 102734075384365652 bcsId: 0,size=2097152]} | ret=SUCCESS |  
2019-09-04 11:46:25,854 [grpc-default-executor-5] INFO  client.GrpcClientProtocolClient (GrpcClientProtocolClient.java:onNext(255)) - client-D5CE890D7D9E->efcb8ff8-f060-4d95-9215-d0f5eb4af037: receive RaftClientReply:client-D5CE890D7D9E->efcb8ff8-f060-4d95-9215-d0f5eb4af037@group-0959F8DF43ED, cid=2528, SUCCESS, logIndex=0, commits[efcb8ff8-f060-4d95-9215-d0f5eb4af037:c3763, 6fae8b02-e804-4c0e-b729-a97b7404b7f6:c3759, 4c3e8a66-6975-4917-8225-d3efe707aaff:c3757]
2019-09-04 11:46:25,859 | INFO  | DNAudit | user=null | ip=null | op=WRITE_CHUNK {blockData=conID: 1 locID: 102734075384365652 bcsId: 3759} | ret=SUCCESS |  
2019-09-04 11:46:25,861 | INFO  | DNAudit | user=null | ip=null | op=WRITE_CHUNK {blockData=conID: 1 locID: 102734075384365652 bcsId: 3759} | ret=SUCCESS |  
2019-09-04 11:46:25,861 | INFO  | DNAudit | user=null | ip=null | op=WRITE_CHUNK {blockData=conID: 1 locID: 102734075384365652 bcsId: 3759} | ret=SUCCESS |  
2019-09-04 11:46:25,868 | INFO  | DNAudit | user=null | ip=null | op=WRITE_CHUNK {blockData=conID: 1 locID: 102734075384365652 bcsId: 3759} | ret=SUCCESS |  
2019-09-04 11:46:25,868 | INFO  | DNAudit | user=null | ip=null | op=PUT_BLOCK {blockData=[blockId=conID: 1 locID: 102734075384365652 bcsId: 0,size=3145728]} | ret=SUCCESS |  
2019-09-04 11:46:25,868 [grpc-default-executor-5] INFO  client.GrpcClientProtocolClient (GrpcClientProtocolClient.java:onNext(255)) - client-D5CE890D7D9E->efcb8ff8-f060-4d95-9215-d0f5eb4af037: receive RaftClientReply:client-D5CE890D7D9E->efcb8ff8-f060-4d95-9215-d0f5eb4af037@group-0959F8DF43ED, cid=2529, SUCCESS, logIndex=3764, commits[efcb8ff8-f060-4d95-9215-d0f5eb4af037:c3765, 6fae8b02-e804-4c0e-b729-a97b7404b7f6:c3763, 4c3e8a66-6975-4917-8225-d3efe707aaff:c3763]
2019-09-04 11:46:25,868 [grpc-default-executor-5] INFO  client.GrpcClientProtocolClient (GrpcClientProtocolClient.java:onNext(255)) - client-D5CE890D7D9E->efcb8ff8-f060-4d95-9215-d0f5eb4af037: receive RaftClientReply:client-D5CE890D7D9E->efcb8ff8-f060-4d95-9215-d0f5eb4af037@group-0959F8DF43ED, cid=2530, SUCCESS, logIndex=3765, commits[efcb8ff8-f060-4d95-9215-d0f5eb4af037:c3765, 6fae8b02-e804-4c0e-b729-a97b7404b7f6:c3763, 4c3e8a66-6975-4917-8225-d3efe707aaff:c3763]
2019-09-04 11:46:25,873 | INFO  | DNAudit | user=null | ip=null | op=WRITE_CHUNK {blockData=conID: 1 locID: 102734075384365652 bcsId: 3765} | ret=SUCCESS |  
2019-09-04 11:46:25,875 | INFO  | DNAudit | user=null | ip=null | op=WRITE_CHUNK {blockData=conID: 1 locID: 102734075384365652 bcsId: 3765} | ret=SUCCESS |  
2019-09-04 11:46:25,875 | INFO  | DNAudit | user=null | ip=null | op=WRITE_CHUNK {blockData=conID: 1 locID: 102734075384365652 bcsId: 3765} | ret=SUCCESS |  
2019-09-04 11:46:25,876 | INFO  | DNAudit | user=null | ip=null | op=WRITE_CHUNK {blockData=conID: 1 locID: 102734075384365652 bcsId: 3759} | ret=SUCCESS |  
2019-09-04 11:46:25,876 | INFO  | DNAudit | user=null | ip=null | op=WRITE_CHUNK {blockData=conID: 1 locID: 102734075384365652 bcsId: 3759} | ret=SUCCESS |  
2019-09-04 11:46:25,878 | INFO  | DNAudit | user=null | ip=null | op=PUT_BLOCK {blockData=[blockId=conID: 1 locID: 102734075384365652 bcsId: 0,size=3145728]} | ret=SUCCESS |  
2019-09-04 11:46:25,878 | INFO  | DNAudit | user=null | ip=null | op=PUT_BLOCK {blockData=[blockId=conID: 1 locID: 102734075384365652 bcsId: 0,size=3145728]} | ret=SUCCESS |  
2019-09-04 11:46:25,878 | INFO  | DNAudit | user=null | ip=null | op=WRITE_CHUNK {blockData=conID: 1 locID: 102734075384365652 bcsId: 3765} | ret=SUCCESS |  
2019-09-04 11:46:25,878 | INFO  | DNAudit | user=null | ip=null | op=PUT_BLOCK {blockData=[blockId=conID: 1 locID: 102734075384365652 bcsId: 0,size=4194304]} | ret=SUCCESS |  
2019-09-04 11:46:25,878 [grpc-default-executor-5] INFO  client.GrpcClientProtocolClient (GrpcClientProtocolClient.java:onNext(255)) - client-D5CE890D7D9E->efcb8ff8-f060-4d95-9215-d0f5eb4af037: receive RaftClientReply:client-D5CE890D7D9E->efcb8ff8-f060-4d95-9215-d0f5eb4af037@group-0959F8DF43ED, cid=2531, SUCCESS, logIndex=3768, commits[efcb8ff8-f060-4d95-9215-d0f5eb4af037:c3769, 6fae8b02-e804-4c0e-b729-a97b7404b7f6:c3765, 4c3e8a66-6975-4917-8225-d3efe707aaff:c3765]
2019-09-04 11:46:25,879 [grpc-default-executor-5] INFO  client.GrpcClientProtocolClient (GrpcClientProtocolClient.java:onNext(255)) - client-D5CE890D7D9E->efcb8ff8-f060-4d95-9215-d0f5eb4af037: receive RaftClientReply:client-D5CE890D7D9E->efcb8ff8-f060-4d95-9215-d0f5eb4af037@group-0959F8DF43ED, cid=2532, SUCCESS, logIndex=3769, commits[efcb8ff8-f060-4d95-9215-d0f5eb4af037:c3769, 6fae8b02-e804-4c0e-b729-a97b7404b7f6:c3765, 4c3e8a66-6975-4917-8225-d3efe707aaff:c3765]
2019-09-04 11:46:25,886 | INFO  | DNAudit | user=null | ip=null | op=WRITE_CHUNK {blockData=conID: 1 locID: 102734075384365652 bcsId: 3765} | ret=SUCCESS |  
2019-09-04 11:46:25,886 | INFO  | DNAudit | user=null | ip=null | op=WRITE_CHUNK {blockData=conID: 1 locID: 102734075384365652 bcsId: 3765} | ret=SUCCESS |  
2019-09-04 11:46:25,886 | INFO  | DNAudit | user=null | ip=null | op=PUT_BLOCK {blockData=[blockId=conID: 1 locID: 102734075384365652 bcsId: 0,size=4194304]} | ret=SUCCESS |  
2019-09-04 11:46:25,886 | INFO  | DNAudit | user=null | ip=null | op=PUT_BLOCK {blockData=[blockId=conID: 1 locID: 102734075384365652 bcsId: 0,size=4194304]} | ret=SUCCESS |  
2019-09-04 11:46:25,886 [grpc-default-executor-5] INFO  client.GrpcClientProtocolClient (GrpcClientProtocolClient.java:onNext(255)) - client-D5CE890D7D9E->efcb8ff8-f060-4d95-9215-d0f5eb4af037: receive RaftClientReply:client-D5CE890D7D9E->efcb8ff8-f060-4d95-9215-d0f5eb4af037@group-0959F8DF43ED, cid=2533, SUCCESS, logIndex=0, commits[efcb8ff8-f060-4d95-9215-d0f5eb4af037:c3770, 6fae8b02-e804-4c0e-b729-a97b7404b7f6:c3769, 4c3e8a66-6975-4917-8225-d3efe707aaff:c3769]
2019-09-04 11:46:25,891 | INFO  | SCMAudit | user=jenkins1000 | ip=192.168.36.67 | op=ALLOCATE_BLOCK {owner=8ab292a2-aaa7-4ad8-863a-d33994811155, size=4194304, type=RATIS, factor=THREE} | ret=SUCCESS |  
2019-09-04 11:46:25,893 | INFO  | OMAudit | user=jenkins1000 | ip=127.0.0.1 | op=ALLOCATE_BLOCK {volume=vol-0-58699, bucket=bucket-0-57464, key=key-0-37266, dataSize=0, replicationType=null, replicationFactor=null, keyLocationInfo=null, clientID=102734073355960722} | ret=SUCCESS |  
2019-09-04 11:46:25,899 | INFO  | DNAudit | user=null | ip=null | op=WRITE_CHUNK {blockData=conID: 2 locID: 102734075388887637 bcsId: 0} | ret=SUCCESS |  
2019-09-04 11:46:25,901 | INFO  | DNAudit | user=null | ip=null | op=WRITE_CHUNK {blockData=conID: 2 locID: 102734075388887637 bcsId: 0} | ret=SUCCESS |  
2019-09-04 11:46:25,901 | INFO  | DNAudit | user=null | ip=null | op=WRITE_CHUNK {blockData=conID: 2 locID: 102734075388887637 bcsId: 0} | ret=SUCCESS |  
2019-09-04 11:46:25,901 | INFO  | DNAudit | user=null | ip=null | op=WRITE_CHUNK {blockData=conID: 2 locID: 102734075388887637 bcsId: 0} | ret=SUCCESS |  
2019-09-04 11:46:25,902 | INFO  | DNAudit | user=null | ip=null | op=WRITE_CHUNK {blockData=conID: 2 locID: 102734075388887637 bcsId: 0} | ret=SUCCESS |  
2019-09-04 11:46:25,902 | INFO  | DNAudit | user=null | ip=null | op=WRITE_CHUNK {blockData=conID: 2 locID: 102734075388887637 bcsId: 0} | ret=SUCCESS |  
2019-09-04 11:46:25,904 | INFO  | DNAudit | user=null | ip=null | op=WRITE_CHUNK {blockData=conID: 2 locID: 102734075388887637 bcsId: 0} | ret=SUCCESS |  
2019-09-04 11:46:25,905 | INFO  | DNAudit | user=null | ip=null | op=PUT_BLOCK {blockData=[blockId=conID: 2 locID: 102734075388887637 bcsId: 0,size=1048576]} | ret=SUCCESS |  
2019-09-04 11:46:25,905 [grpc-default-executor-0] INFO  client.GrpcClientProtocolClient (GrpcClientProtocolClient.java:onNext(255)) - client-D5CE890D7D9E->efcb8ff8-f060-4d95-9215-d0f5eb4af037: receive RaftClientReply:client-D5CE890D7D9E->efcb8ff8-f060-4d95-9215-d0f5eb4af037@group-0959F8DF43ED, cid=2534, SUCCESS, logIndex=3772, commits[efcb8ff8-f060-4d95-9215-d0f5eb4af037:c3773, 6fae8b02-e804-4c0e-b729-a97b7404b7f6:c3771, 4c3e8a66-6975-4917-8225-d3efe707aaff:c3771]
2019-09-04 11:46:25,905 | INFO  | DNAudit | user=null | ip=null | op=WRITE_CHUNK {blockData=conID: 2 locID: 102734075388887637 bcsId: 0} | ret=SUCCESS |  
2019-09-04 11:46:25,905 [grpc-default-executor-0] INFO  client.GrpcClientProtocolClient (GrpcClientProtocolClient.java:onNext(255)) - client-D5CE890D7D9E->efcb8ff8-f060-4d95-9215-d0f5eb4af037: receive RaftClientReply:client-D5CE890D7D9E->efcb8ff8-f060-4d95-9215-d0f5eb4af037@group-0959F8DF43ED, cid=2535, SUCCESS, logIndex=3773, commits[efcb8ff8-f060-4d95-9215-d0f5eb4af037:c3773, 6fae8b02-e804-4c0e-b729-a97b7404b7f6:c3771, 4c3e8a66-6975-4917-8225-d3efe707aaff:c3771]
2019-09-04 11:46:25,905 | INFO  | DNAudit | user=null | ip=null | op=PUT_BLOCK {blockData=[blockId=conID: 2 locID: 102734075388887637 bcsId: 0,size=2097152]} | ret=SUCCESS |  
2019-09-04 11:46:25,905 [grpc-default-executor-0] INFO  client.GrpcClientProtocolClient (GrpcClientProtocolClient.java:onNext(255)) - client-D5CE890D7D9E->efcb8ff8-f060-4d95-9215-d0f5eb4af037: receive RaftClientReply:client-D5CE890D7D9E->efcb8ff8-f060-4d95-9215-d0f5eb4af037@group-0959F8DF43ED, cid=2536, SUCCESS, logIndex=3774, commits[efcb8ff8-f060-4d95-9215-d0f5eb4af037:c3775, 6fae8b02-e804-4c0e-b729-a97b7404b7f6:c3771, 4c3e8a66-6975-4917-8225-d3efe707aaff:c3771]
2019-09-04 11:46:25,906 [grpc-default-executor-5] INFO  client.GrpcClientProtocolClient (GrpcClientProtocolClient.java:onNext(255)) - client-D5CE890D7D9E->efcb8ff8-f060-4d95-9215-d0f5eb4af037: receive RaftClientReply:client-D5CE890D7D9E->efcb8ff8-f060-4d95-9215-d0f5eb4af037@group-0959F8DF43ED, cid=2537, SUCCESS, logIndex=3775, commits[efcb8ff8-f060-4d95-9215-d0f5eb4af037:c3775, 6fae8b02-e804-4c0e-b729-a97b7404b7f6:c3771, 4c3e8a66-6975-4917-8225-d3efe707aaff:c3771]
2019-09-04 11:46:25,906 | INFO  | DNAudit | user=null | ip=null | op=WRITE_CHUNK {blockData=conID: 2 locID: 102734075388887637 bcsId: 0} | ret=SUCCESS |  
2019-09-04 11:46:25,906 | INFO  | DNAudit | user=null | ip=null | op=PUT_BLOCK {blockData=[blockId=conID: 2 locID: 102734075388887637 bcsId: 0,size=1048576]} | ret=SUCCESS |  
2019-09-04 11:46:25,907 | INFO  | DNAudit | user=null | ip=null | op=WRITE_CHUNK {blockData=conID: 2 locID: 102734075388887637 bcsId: 0} | ret=SUCCESS |  
2019-09-04 11:46:25,907 | INFO  | DNAudit | user=null | ip=null | op=PUT_BLOCK {blockData=[blockId=conID: 2 locID: 102734075388887637 bcsId: 0,size=1048576]} | ret=SUCCESS |  
2019-09-04 11:46:25,907 | INFO  | DNAudit | user=null | ip=null | op=WRITE_CHUNK {blockData=conID: 2 locID: 102734075388887637 bcsId: 0} | ret=SUCCESS |  
2019-09-04 11:46:25,907 | INFO  | DNAudit | user=null | ip=null | op=PUT_BLOCK {blockData=[blockId=conID: 2 locID: 102734075388887637 bcsId: 0,size=2097152]} | ret=SUCCESS |  
2019-09-04 11:46:25,907 [grpc-default-executor-5] INFO  client.GrpcClientProtocolClient (GrpcClientProtocolClient.java:onNext(255)) - client-D5CE890D7D9E->efcb8ff8-f060-4d95-9215-d0f5eb4af037: receive RaftClientReply:client-D5CE890D7D9E->efcb8ff8-f060-4d95-9215-d0f5eb4af037@group-0959F8DF43ED, cid=2538, SUCCESS, logIndex=0, commits[efcb8ff8-f060-4d95-9215-d0f5eb4af037:c3777, 6fae8b02-e804-4c0e-b729-a97b7404b7f6:c3773, 4c3e8a66-6975-4917-8225-d3efe707aaff:c3773]
2019-09-04 11:46:25,908 | INFO  | DNAudit | user=null | ip=null | op=WRITE_CHUNK {blockData=conID: 2 locID: 102734075388887637 bcsId: 0} | ret=SUCCESS |  
2019-09-04 11:46:25,908 | INFO  | DNAudit | user=null | ip=null | op=PUT_BLOCK {blockData=[blockId=conID: 2 locID: 102734075388887637 bcsId: 0,size=2097152]} | ret=SUCCESS |  
2019-09-04 11:46:25,913 | INFO  | DNAudit | user=null | ip=null | op=WRITE_CHUNK {blockData=conID: 2 locID: 102734075388887637 bcsId: 3775} | ret=SUCCESS |  
2019-09-04 11:46:25,914 | INFO  | DNAudit | user=null | ip=null | op=WRITE_CHUNK {blockData=conID: 2 locID: 102734075388887637 bcsId: 3775} | ret=SUCCESS |  
2019-09-04 11:46:25,914 | INFO  | DNAudit | user=null | ip=null | op=WRITE_CHUNK {blockData=conID: 2 locID: 102734075388887637 bcsId: 3775} | ret=SUCCESS |  
2019-09-04 11:46:25,929 | INFO  | DNAudit | user=null | ip=null | op=WRITE_CHUNK {blockData=conID: 2 locID: 102734075388887637 bcsId: 3775} | ret=SUCCESS |  
2019-09-04 11:46:25,929 | INFO  | DNAudit | user=null | ip=null | op=PUT_BLOCK {blockData=[blockId=conID: 2 locID: 102734075388887637 bcsId: 0,size=3145728]} | ret=SUCCESS |  
2019-09-04 11:46:25,929 [grpc-default-executor-1] INFO  client.GrpcClientProtocolClient (GrpcClientProtocolClient.java:onNext(255)) - client-D5CE890D7D9E->efcb8ff8-f060-4d95-9215-d0f5eb4af037: receive RaftClientReply:client-D5CE890D7D9E->efcb8ff8-f060-4d95-9215-d0f5eb4af037@group-0959F8DF43ED, cid=2539, SUCCESS, logIndex=3780, commits[efcb8ff8-f060-4d95-9215-d0f5eb4af037:c3781, 6fae8b02-e804-4c0e-b729-a97b7404b7f6:c3779, 4c3e8a66-6975-4917-8225-d3efe707aaff:c3779]
2019-09-04 11:46:25,930 [grpc-default-executor-1] INFO  client.GrpcClientProtocolClient (GrpcClientProtocolClient.java:onNext(255)) - client-D5CE890D7D9E->efcb8ff8-f060-4d95-9215-d0f5eb4af037: receive RaftClientReply:client-D5CE890D7D9E->efcb8ff8-f060-4d95-9215-d0f5eb4af037@group-0959F8DF43ED, cid=2540, SUCCESS, logIndex=3781, commits[efcb8ff8-f060-4d95-9215-d0f5eb4af037:c3781, 6fae8b02-e804-4c0e-b729-a97b7404b7f6:c3779, 4c3e8a66-6975-4917-8225-d3efe707aaff:c3779]
2019-09-04 11:46:25,935 | INFO  | DNAudit | user=null | ip=null | op=WRITE_CHUNK {blockData=conID: 2 locID: 102734075388887637 bcsId: 3781} | ret=SUCCESS |  
2019-09-04 11:46:25,936 | INFO  | DNAudit | user=null | ip=null | op=WRITE_CHUNK {blockData=conID: 2 locID: 102734075388887637 bcsId: 3781} | ret=SUCCESS |  
2019-09-04 11:46:25,936 | INFO  | DNAudit | user=null | ip=null | op=WRITE_CHUNK {blockData=conID: 2 locID: 102734075388887637 bcsId: 3781} | ret=SUCCESS |  
2019-09-04 11:46:25,942 | INFO  | DNAudit | user=null | ip=null | op=WRITE_CHUNK {blockData=conID: 2 locID: 102734075388887637 bcsId: 3775} | ret=SUCCESS |  
2019-09-04 11:46:25,942 | INFO  | DNAudit | user=null | ip=null | op=WRITE_CHUNK {blockData=conID: 2 locID: 102734075388887637 bcsId: 3775} | ret=SUCCESS |  
2019-09-04 11:46:25,942 | INFO  | DNAudit | user=null | ip=null | op=PUT_BLOCK {blockData=[blockId=conID: 2 locID: 102734075388887637 bcsId: 0,size=3145728]} | ret=SUCCESS |  
2019-09-04 11:46:25,943 | INFO  | DNAudit | user=null | ip=null | op=PUT_BLOCK {blockData=[blockId=conID: 2 locID: 102734075388887637 bcsId: 0,size=3145728]} | ret=SUCCESS |  
2019-09-04 11:46:25,943 | INFO  | DNAudit | user=null | ip=null | op=WRITE_CHUNK {blockData=conID: 2 locID: 102734075388887637 bcsId: 3781} | ret=SUCCESS |  
2019-09-04 11:46:25,944 | INFO  | DNAudit | user=null | ip=null | op=PUT_BLOCK {blockData=[blockId=conID: 2 locID: 102734075388887637 bcsId: 0,size=4194304]} | ret=SUCCESS |  
2019-09-04 11:46:25,944 [grpc-default-executor-1] INFO  client.GrpcClientProtocolClient (GrpcClientProtocolClient.java:onNext(255)) - client-D5CE890D7D9E->efcb8ff8-f060-4d95-9215-d0f5eb4af037: receive RaftClientReply:client-D5CE890D7D9E->efcb8ff8-f060-4d95-9215-d0f5eb4af037@group-0959F8DF43ED, cid=2541, SUCCESS, logIndex=3784, commits[efcb8ff8-f060-4d95-9215-d0f5eb4af037:c3785, 6fae8b02-e804-4c0e-b729-a97b7404b7f6:c3781, 4c3e8a66-6975-4917-8225-d3efe707aaff:c3781]
2019-09-04 11:46:25,944 [grpc-default-executor-1] INFO  client.GrpcClientProtocolClient (GrpcClientProtocolClient.java:onNext(255)) - client-D5CE890D7D9E->efcb8ff8-f060-4d95-9215-d0f5eb4af037: receive RaftClientReply:client-D5CE890D7D9E->efcb8ff8-f060-4d95-9215-d0f5eb4af037@group-0959F8DF43ED, cid=2542, SUCCESS, logIndex=3785, commits[efcb8ff8-f060-4d95-9215-d0f5eb4af037:c3785, 6fae8b02-e804-4c0e-b729-a97b7404b7f6:c3781, 4c3e8a66-6975-4917-8225-d3efe707aaff:c3781]
2019-09-04 11:46:25,950 | INFO  | DNAudit | user=null | ip=null | op=WRITE_CHUNK {blockData=conID: 2 locID: 102734075388887637 bcsId: 3781} | ret=SUCCESS |  
2019-09-04 11:46:25,950 | INFO  | DNAudit | user=null | ip=null | op=PUT_BLOCK {blockData=[blockId=conID: 2 locID: 102734075388887637 bcsId: 0,size=4194304]} | ret=SUCCESS |  
2019-09-04 11:46:25,951 | INFO  | DNAudit | user=null | ip=null | op=WRITE_CHUNK {blockData=conID: 2 locID: 102734075388887637 bcsId: 3781} | ret=SUCCESS |  
2019-09-04 11:46:25,951 [grpc-default-executor-1] INFO  client.GrpcClientProtocolClient (GrpcClientProtocolClient.java:onNext(255)) - client-D5CE890D7D9E->efcb8ff8-f060-4d95-9215-d0f5eb4af037: receive RaftClientReply:client-D5CE890D7D9E->efcb8ff8-f060-4d95-9215-d0f5eb4af037@group-0959F8DF43ED, cid=2543, SUCCESS, logIndex=0, commits[efcb8ff8-f060-4d95-9215-d0f5eb4af037:c3786, 6fae8b02-e804-4c0e-b729-a97b7404b7f6:c3785, 4c3e8a66-6975-4917-8225-d3efe707aaff:c3785]
2019-09-04 11:46:25,951 | INFO  | DNAudit | user=null | ip=null | op=PUT_BLOCK {blockData=[blockId=conID: 2 locID: 102734075388887637 bcsId: 0,size=4194304]} | ret=SUCCESS |  
2019-09-04 11:46:25,955 | INFO  | SCMAudit | user=jenkins1000 | ip=192.168.36.67 | op=ALLOCATE_BLOCK {owner=8ab292a2-aaa7-4ad8-863a-d33994811155, size=4194304, type=RATIS, factor=THREE} | ret=SUCCESS |  
2019-09-04 11:46:25,958 | INFO  | OMAudit | user=jenkins1000 | ip=127.0.0.1 | op=ALLOCATE_BLOCK {volume=vol-0-58699, bucket=bucket-0-57464, key=key-0-37266, dataSize=0, replicationType=null, replicationFactor=null, keyLocationInfo=null, clientID=102734073355960722} | ret=SUCCESS |  
2019-09-04 11:46:25,964 | INFO  | DNAudit | user=null | ip=null | op=WRITE_CHUNK {blockData=conID: 3 locID: 102734075393147478 bcsId: 0} | ret=SUCCESS |  
2019-09-04 11:46:25,965 | INFO  | DNAudit | user=null | ip=null | op=WRITE_CHUNK {blockData=conID: 3 locID: 102734075393147478 bcsId: 0} | ret=SUCCESS |  
2019-09-04 11:46:25,966 | INFO  | DNAudit | user=null | ip=null | op=WRITE_CHUNK {blockData=conID: 3 locID: 102734075393147478 bcsId: 0} | ret=SUCCESS |  
2019-09-04 11:46:25,966 | INFO  | DNAudit | user=null | ip=null | op=WRITE_CHUNK {blockData=conID: 3 locID: 102734075393147478 bcsId: 0} | ret=SUCCESS |  
2019-09-04 11:46:25,967 | INFO  | DNAudit | user=null | ip=null | op=WRITE_CHUNK {blockData=conID: 3 locID: 102734075393147478 bcsId: 0} | ret=SUCCESS |  
2019-09-04 11:46:25,968 | INFO  | DNAudit | user=null | ip=null | op=WRITE_CHUNK {blockData=conID: 3 locID: 102734075393147478 bcsId: 0} | ret=SUCCESS |  
2019-09-04 11:46:25,971 | INFO  | DNAudit | user=null | ip=null | op=WRITE_CHUNK {blockData=conID: 3 locID: 102734075393147478 bcsId: 0} | ret=SUCCESS |  
2019-09-04 11:46:25,971 | INFO  | DNAudit | user=null | ip=null | op=PUT_BLOCK {blockData=[blockId=conID: 3 locID: 102734075393147478 bcsId: 0,size=1048576]} | ret=SUCCESS |  
2019-09-04 11:46:25,971 [grpc-default-executor-1] INFO  client.GrpcClientProtocolClient (GrpcClientProtocolClient.java:onNext(255)) - client-D5CE890D7D9E->efcb8ff8-f060-4d95-9215-d0f5eb4af037: receive RaftClientReply:client-D5CE890D7D9E->efcb8ff8-f060-4d95-9215-d0f5eb4af037@group-0959F8DF43ED, cid=2544, SUCCESS, logIndex=3788, commits[efcb8ff8-f060-4d95-9215-d0f5eb4af037:c3789, 6fae8b02-e804-4c0e-b729-a97b7404b7f6:c3787, 4c3e8a66-6975-4917-8225-d3efe707aaff:c3787]
2019-09-04 11:46:25,972 | INFO  | DNAudit | user=null | ip=null | op=WRITE_CHUNK {blockData=conID: 3 locID: 102734075393147478 bcsId: 0} | ret=SUCCESS |  
2019-09-04 11:46:25,972 [grpc-default-executor-1] INFO  client.GrpcClientProtocolClient (GrpcClientProtocolClient.java:onNext(255)) - client-D5CE890D7D9E->efcb8ff8-f060-4d95-9215-d0f5eb4af037: receive RaftClientReply:client-D5CE890D7D9E->efcb8ff8-f060-4d95-9215-d0f5eb4af037@group-0959F8DF43ED, cid=2545, SUCCESS, logIndex=3789, commits[efcb8ff8-f060-4d95-9215-d0f5eb4af037:c3789, 6fae8b02-e804-4c0e-b729-a97b7404b7f6:c3787, 4c3e8a66-6975-4917-8225-d3efe707aaff:c3787]
2019-09-04 11:46:25,972 | INFO  | DNAudit | user=null | ip=null | op=PUT_BLOCK {blockData=[blockId=conID: 3 locID: 102734075393147478 bcsId: 0,size=2097152]} | ret=SUCCESS |  
2019-09-04 11:46:25,972 [grpc-default-executor-1] INFO  client.GrpcClientProtocolClient (GrpcClientProtocolClient.java:onNext(255)) - client-D5CE890D7D9E->efcb8ff8-f060-4d95-9215-d0f5eb4af037: receive RaftClientReply:client-D5CE890D7D9E->efcb8ff8-f060-4d95-9215-d0f5eb4af037@group-0959F8DF43ED, cid=2546, SUCCESS, logIndex=3790, commits[efcb8ff8-f060-4d95-9215-d0f5eb4af037:c3791, 6fae8b02-e804-4c0e-b729-a97b7404b7f6:c3787, 4c3e8a66-6975-4917-8225-d3efe707aaff:c3787]
2019-09-04 11:46:25,972 [grpc-default-executor-1] INFO  client.GrpcClientProtocolClient (GrpcClientProtocolClient.java:onNext(255)) - client-D5CE890D7D9E->efcb8ff8-f060-4d95-9215-d0f5eb4af037: receive RaftClientReply:client-D5CE890D7D9E->efcb8ff8-f060-4d95-9215-d0f5eb4af037@group-0959F8DF43ED, cid=2547, SUCCESS, logIndex=3791, commits[efcb8ff8-f060-4d95-9215-d0f5eb4af037:c3791, 6fae8b02-e804-4c0e-b729-a97b7404b7f6:c3787, 4c3e8a66-6975-4917-8225-d3efe707aaff:c3787]
2019-09-04 11:46:25,972 | INFO  | DNAudit | user=null | ip=null | op=WRITE_CHUNK {blockData=conID: 3 locID: 102734075393147478 bcsId: 0} | ret=SUCCESS |  
2019-09-04 11:46:25,973 | INFO  | DNAudit | user=null | ip=null | op=PUT_BLOCK {blockData=[blockId=conID: 3 locID: 102734075393147478 bcsId: 0,size=1048576]} | ret=SUCCESS |  
2019-09-04 11:46:25,974 | INFO  | DNAudit | user=null | ip=null | op=WRITE_CHUNK {blockData=conID: 3 locID: 102734075393147478 bcsId: 0} | ret=SUCCESS |  
2019-09-04 11:46:25,974 | INFO  | DNAudit | user=null | ip=null | op=WRITE_CHUNK {blockData=conID: 3 locID: 102734075393147478 bcsId: 0} | ret=SUCCESS |  
2019-09-04 11:46:25,974 | INFO  | DNAudit | user=null | ip=null | op=PUT_BLOCK {blockData=[blockId=conID: 3 locID: 102734075393147478 bcsId: 0,size=2097152]} | ret=SUCCESS |  
2019-09-04 11:46:25,974 | INFO  | DNAudit | user=null | ip=null | op=PUT_BLOCK {blockData=[blockId=conID: 3 locID: 102734075393147478 bcsId: 0,size=1048576]} | ret=SUCCESS |  
2019-09-04 11:46:25,974 | INFO  | DNAudit | user=null | ip=null | op=WRITE_CHUNK {blockData=conID: 3 locID: 102734075393147478 bcsId: 0} | ret=SUCCESS |  
2019-09-04 11:46:25,974 | INFO  | DNAudit | user=null | ip=null | op=PUT_BLOCK {blockData=[blockId=conID: 3 locID: 102734075393147478 bcsId: 0,size=2097152]} | ret=SUCCESS |  
2019-09-04 11:46:25,975 [grpc-default-executor-1] INFO  client.GrpcClientProtocolClient (GrpcClientProtocolClient.java:onNext(255)) - client-D5CE890D7D9E->efcb8ff8-f060-4d95-9215-d0f5eb4af037: receive RaftClientReply:client-D5CE890D7D9E->efcb8ff8-f060-4d95-9215-d0f5eb4af037@group-0959F8DF43ED, cid=2548, SUCCESS, logIndex=0, commits[efcb8ff8-f060-4d95-9215-d0f5eb4af037:c3793, 6fae8b02-e804-4c0e-b729-a97b7404b7f6:c3791, 4c3e8a66-6975-4917-8225-d3efe707aaff:c3789]
2019-09-04 11:46:25,980 | INFO  | DNAudit | user=null | ip=null | op=WRITE_CHUNK {blockData=conID: 3 locID: 102734075393147478 bcsId: 3791} | ret=SUCCESS |  
2019-09-04 11:46:25,982 | INFO  | DNAudit | user=null | ip=null | op=WRITE_CHUNK {blockData=conID: 3 locID: 102734075393147478 bcsId: 3791} | ret=SUCCESS |  
2019-09-04 11:46:25,982 | INFO  | DNAudit | user=null | ip=null | op=WRITE_CHUNK {blockData=conID: 3 locID: 102734075393147478 bcsId: 3791} | ret=SUCCESS |  
2019-09-04 11:46:25,994 | INFO  | DNAudit | user=null | ip=null | op=WRITE_CHUNK {blockData=conID: 3 locID: 102734075393147478 bcsId: 3791} | ret=SUCCESS |  
2019-09-04 11:46:25,995 | INFO  | DNAudit | user=null | ip=null | op=PUT_BLOCK {blockData=[blockId=conID: 3 locID: 102734075393147478 bcsId: 0,size=3145728]} | ret=SUCCESS |  
2019-09-04 11:46:25,995 [grpc-default-executor-1] INFO  client.GrpcClientProtocolClient (GrpcClientProtocolClient.java:onNext(255)) - client-D5CE890D7D9E->efcb8ff8-f060-4d95-9215-d0f5eb4af037: receive RaftClientReply:client-D5CE890D7D9E->efcb8ff8-f060-4d95-9215-d0f5eb4af037@group-0959F8DF43ED, cid=2549, SUCCESS, logIndex=3795, commits[efcb8ff8-f060-4d95-9215-d0f5eb4af037:c3796, 6fae8b02-e804-4c0e-b729-a97b7404b7f6:c3794, 4c3e8a66-6975-4917-8225-d3efe707aaff:c3794]
2019-09-04 11:46:25,995 [grpc-default-executor-1] INFO  client.GrpcClientProtocolClient (GrpcClientProtocolClient.java:onNext(255)) - client-D5CE890D7D9E->efcb8ff8-f060-4d95-9215-d0f5eb4af037: receive RaftClientReply:client-D5CE890D7D9E->efcb8ff8-f060-4d95-9215-d0f5eb4af037@group-0959F8DF43ED, cid=2550, SUCCESS, logIndex=3796, commits[efcb8ff8-f060-4d95-9215-d0f5eb4af037:c3796, 6fae8b02-e804-4c0e-b729-a97b7404b7f6:c3794, 4c3e8a66-6975-4917-8225-d3efe707aaff:c3794]
2019-09-04 11:46:26,001 | INFO  | DNAudit | user=null | ip=null | op=WRITE_CHUNK {blockData=conID: 3 locID: 102734075393147478 bcsId: 3796} | ret=SUCCESS |  
2019-09-04 11:46:26,002 | INFO  | DNAudit | user=null | ip=null | op=WRITE_CHUNK {blockData=conID: 3 locID: 102734075393147478 bcsId: 3796} | ret=SUCCESS |  
2019-09-04 11:46:26,002 | INFO  | DNAudit | user=null | ip=null | op=WRITE_CHUNK {blockData=conID: 3 locID: 102734075393147478 bcsId: 3796} | ret=SUCCESS |  
2019-09-04 11:46:26,006 | INFO  | DNAudit | user=null | ip=null | op=WRITE_CHUNK {blockData=conID: 3 locID: 102734075393147478 bcsId: 3791} | ret=SUCCESS |  
2019-09-04 11:46:26,006 | INFO  | DNAudit | user=null | ip=null | op=WRITE_CHUNK {blockData=conID: 3 locID: 102734075393147478 bcsId: 3791} | ret=SUCCESS |  
2019-09-04 11:46:26,007 | INFO  | DNAudit | user=null | ip=null | op=PUT_BLOCK {blockData=[blockId=conID: 3 locID: 102734075393147478 bcsId: 0,size=3145728]} | ret=SUCCESS |  
2019-09-04 11:46:26,007 | INFO  | DNAudit | user=null | ip=null | op=PUT_BLOCK {blockData=[blockId=conID: 3 locID: 102734075393147478 bcsId: 0,size=3145728]} | ret=SUCCESS |  
2019-09-04 11:46:26,008 | INFO  | DNAudit | user=null | ip=null | op=WRITE_CHUNK {blockData=conID: 3 locID: 102734075393147478 bcsId: 3796} | ret=SUCCESS |  
2019-09-04 11:46:26,008 | INFO  | DNAudit | user=null | ip=null | op=PUT_BLOCK {blockData=[blockId=conID: 3 locID: 102734075393147478 bcsId: 0,size=4194304]} | ret=SUCCESS |  
2019-09-04 11:46:26,008 [grpc-default-executor-1] INFO  client.GrpcClientProtocolClient (GrpcClientProtocolClient.java:onNext(255)) - client-D5CE890D7D9E->efcb8ff8-f060-4d95-9215-d0f5eb4af037: receive RaftClientReply:client-D5CE890D7D9E->efcb8ff8-f060-4d95-9215-d0f5eb4af037@group-0959F8DF43ED, cid=2551, SUCCESS, logIndex=3799, commits[efcb8ff8-f060-4d95-9215-d0f5eb4af037:c3799, 6fae8b02-e804-4c0e-b729-a97b7404b7f6:c3796, 4c3e8a66-6975-4917-8225-d3efe707aaff:c3796]
2019-09-04 11:46:26,009 [grpc-default-executor-1] INFO  client.GrpcClientProtocolClient (GrpcClientProtocolClient.java:onNext(255)) - client-D5CE890D7D9E->efcb8ff8-f060-4d95-9215-d0f5eb4af037: receive RaftClientReply:client-D5CE890D7D9E->efcb8ff8-f060-4d95-9215-d0f5eb4af037@group-0959F8DF43ED, cid=2552, SUCCESS, logIndex=3800, commits[efcb8ff8-f060-4d95-9215-d0f5eb4af037:c3800, 6fae8b02-e804-4c0e-b729-a97b7404b7f6:c3796, 4c3e8a66-6975-4917-8225-d3efe707aaff:c3796]
2019-09-04 11:46:26,020 | INFO  | DNAudit | user=null | ip=null | op=WRITE_CHUNK {blockData=conID: 3 locID: 102734075393147478 bcsId: 3796} | ret=SUCCESS |  
2019-09-04 11:46:26,021 | INFO  | DNAudit | user=null | ip=null | op=WRITE_CHUNK {blockData=conID: 3 locID: 102734075393147478 bcsId: 3796} | ret=SUCCESS |  
2019-09-04 11:46:26,022 | INFO  | DNAudit | user=null | ip=null | op=PUT_BLOCK {blockData=[blockId=conID: 3 locID: 102734075393147478 bcsId: 0,size=4194304]} | ret=SUCCESS |  
2019-09-04 11:46:26,022 | INFO  | DNAudit | user=null | ip=null | op=PUT_BLOCK {blockData=[blockId=conID: 3 locID: 102734075393147478 bcsId: 0,size=4194304]} | ret=SUCCESS |  
2019-09-04 11:46:26,022 [grpc-default-executor-1] INFO  client.GrpcClientProtocolClient (GrpcClientProtocolClient.java:onNext(255)) - client-D5CE890D7D9E->efcb8ff8-f060-4d95-9215-d0f5eb4af037: receive RaftClientReply:client-D5CE890D7D9E->efcb8ff8-f060-4d95-9215-d0f5eb4af037@group-0959F8DF43ED, cid=2553, SUCCESS, logIndex=0, commits[efcb8ff8-f060-4d95-9215-d0f5eb4af037:c3801, 6fae8b02-e804-4c0e-b729-a97b7404b7f6:c3800, 4c3e8a66-6975-4917-8225-d3efe707aaff:c3800]
2019-09-04 11:46:26,026 | INFO  | SCMAudit | user=jenkins1000 | ip=192.168.36.67 | op=ALLOCATE_BLOCK {owner=8ab292a2-aaa7-4ad8-863a-d33994811155, size=4194304, type=RATIS, factor=THREE} | ret=SUCCESS |  
2019-09-04 11:46:26,029 | INFO  | OMAudit | user=jenkins1000 | ip=127.0.0.1 | op=ALLOCATE_BLOCK {volume=vol-0-58699, bucket=bucket-0-57464, key=key-0-37266, dataSize=0, replicationType=null, replicationFactor=null, keyLocationInfo=null, clientID=102734073355960722} | ret=SUCCESS |  
2019-09-04 11:46:26,034 | INFO  | DNAudit | user=null | ip=null | op=WRITE_CHUNK {blockData=conID: 1 locID: 102734075397800535 bcsId: 0} | ret=SUCCESS |  
2019-09-04 11:46:26,036 | INFO  | DNAudit | user=null | ip=null | op=WRITE_CHUNK {blockData=conID: 1 locID: 102734075397800535 bcsId: 0} | ret=SUCCESS |  
2019-09-04 11:46:26,036 | INFO  | DNAudit | user=null | ip=null | op=WRITE_CHUNK {blockData=conID: 1 locID: 102734075397800535 bcsId: 0} | ret=SUCCESS |  
2019-09-04 11:46:26,037 | INFO  | DNAudit | user=null | ip=null | op=WRITE_CHUNK {blockData=conID: 1 locID: 102734075397800535 bcsId: 0} | ret=SUCCESS |  
2019-09-04 11:46:26,038 | INFO  | DNAudit | user=null | ip=null | op=WRITE_CHUNK {blockData=conID: 1 locID: 102734075397800535 bcsId: 0} | ret=SUCCESS |  
2019-09-04 11:46:26,038 | INFO  | DNAudit | user=null | ip=null | op=WRITE_CHUNK {blockData=conID: 1 locID: 102734075397800535 bcsId: 0} | ret=SUCCESS |  
 0.00% |█                                                                                                    |  0/1 Time: 0:00:312019-09-04 11:46:26,067 | INFO  | DNAudit | user=null | ip=null | op=WRITE_CHUNK {blockData=conID: 1 locID: 102734075397800535 bcsId: 0} | ret=SUCCESS |  
2019-09-04 11:46:26,067 | INFO  | DNAudit | user=null | ip=null | op=PUT_BLOCK {blockData=[blockId=conID: 1 locID: 102734075397800535 bcsId: 0,size=1048576]} | ret=SUCCESS |  
2019-09-04 11:46:26,068 [grpc-default-executor-1] INFO  client.GrpcClientProtocolClient (GrpcClientProtocolClient.java:onNext(255)) - client-D5CE890D7D9E->efcb8ff8-f060-4d95-9215-d0f5eb4af037: receive RaftClientReply:client-D5CE890D7D9E->efcb8ff8-f060-4d95-9215-d0f5eb4af037@group-0959F8DF43ED, cid=2554, SUCCESS, logIndex=3803, commits[efcb8ff8-f060-4d95-9215-d0f5eb4af037:c3804, 6fae8b02-e804-4c0e-b729-a97b7404b7f6:c3802, 4c3e8a66-6975-4917-8225-d3efe707aaff:c3802]
2019-09-04 11:46:26,068 [grpc-default-executor-1] INFO  client.GrpcClientProtocolClient (GrpcClientProtocolClient.java:onNext(255)) - client-D5CE890D7D9E->efcb8ff8-f060-4d95-9215-d0f5eb4af037: receive RaftClientReply:client-D5CE890D7D9E->efcb8ff8-f060-4d95-9215-d0f5eb4af037@group-0959F8DF43ED, cid=2555, SUCCESS, logIndex=3804, commits[efcb8ff8-f060-4d95-9215-d0f5eb4af037:c3804, 6fae8b02-e804-4c0e-b729-a97b7404b7f6:c3802, 4c3e8a66-6975-4917-8225-d3efe707aaff:c3802]
2019-09-04 11:46:26,078 | INFO  | DNAudit | user=null | ip=null | op=WRITE_CHUNK {blockData=conID: 1 locID: 102734075397800535 bcsId: 0} | ret=SUCCESS |  
2019-09-04 11:46:26,079 | INFO  | DNAudit | user=null | ip=null | op=PUT_BLOCK {blockData=[blockId=conID: 1 locID: 102734075397800535 bcsId: 0,size=2097152]} | ret=SUCCESS |  
2019-09-04 11:46:26,079 [grpc-default-executor-0] INFO  client.GrpcClientProtocolClient (GrpcClientProtocolClient.java:onNext(255)) - client-D5CE890D7D9E->efcb8ff8-f060-4d95-9215-d0f5eb4af037: receive RaftClientReply:client-D5CE890D7D9E->efcb8ff8-f060-4d95-9215-d0f5eb4af037@group-0959F8DF43ED, cid=2556, SUCCESS, logIndex=3805, commits[efcb8ff8-f060-4d95-9215-d0f5eb4af037:c3806, 6fae8b02-e804-4c0e-b729-a97b7404b7f6:c3802, 4c3e8a66-6975-4917-8225-d3efe707aaff:c3802]
2019-09-04 11:46:26,079 [grpc-default-executor-0] INFO  client.GrpcClientProtocolClient (GrpcClientProtocolClient.java:onNext(255)) - client-D5CE890D7D9E->efcb8ff8-f060-4d95-9215-d0f5eb4af037: receive RaftClientReply:client-D5CE890D7D9E->efcb8ff8-f060-4d95-9215-d0f5eb4af037@group-0959F8DF43ED, cid=2557, SUCCESS, logIndex=3806, commits[efcb8ff8-f060-4d95-9215-d0f5eb4af037:c3806, 6fae8b02-e804-4c0e-b729-a97b7404b7f6:c3802, 4c3e8a66-6975-4917-8225-d3efe707aaff:c3802]
2019-09-04 11:46:26,079 | INFO  | DNAudit | user=null | ip=null | op=WRITE_CHUNK {blockData=conID: 1 locID: 102734075397800535 bcsId: 0} | ret=SUCCESS |  
2019-09-04 11:46:26,080 | INFO  | DNAudit | user=null | ip=null | op=PUT_BLOCK {blockData=[blockId=conID: 1 locID: 102734075397800535 bcsId: 0,size=1048576]} | ret=SUCCESS |  
2019-09-04 11:46:26,080 | INFO  | DNAudit | user=null | ip=null | op=WRITE_CHUNK {blockData=conID: 1 locID: 102734075397800535 bcsId: 0} | ret=SUCCESS |  
2019-09-04 11:46:26,080 | INFO  | DNAudit | user=null | ip=null | op=PUT_BLOCK {blockData=[blockId=conID: 1 locID: 102734075397800535 bcsId: 0,size=1048576]} | ret=SUCCESS |  
2019-09-04 11:46:26,080 | INFO  | DNAudit | user=null | ip=null | op=WRITE_CHUNK {blockData=conID: 1 locID: 102734075397800535 bcsId: 0} | ret=SUCCESS |  
2019-09-04 11:46:26,081 | INFO  | DNAudit | user=null | ip=null | op=PUT_BLOCK {blockData=[blockId=conID: 1 locID: 102734075397800535 bcsId: 0,size=2097152]} | ret=SUCCESS |  
2019-09-04 11:46:26,081 [grpc-default-executor-0] INFO  client.GrpcClientProtocolClient (GrpcClientProtocolClient.java:onNext(255)) - client-D5CE890D7D9E->efcb8ff8-f060-4d95-9215-d0f5eb4af037: receive RaftClientReply:client-D5CE890D7D9E->efcb8ff8-f060-4d95-9215-d0f5eb4af037@group-0959F8DF43ED, cid=2558, SUCCESS, logIndex=0, commits[efcb8ff8-f060-4d95-9215-d0f5eb4af037:c3808, 6fae8b02-e804-4c0e-b729-a97b7404b7f6:c3804, 4c3e8a66-6975-4917-8225-d3efe707aaff:c3804]
2019-09-04 11:46:26,081 | INFO  | DNAudit | user=null | ip=null | op=WRITE_CHUNK {blockData=conID: 1 locID: 102734075397800535 bcsId: 0} | ret=SUCCESS |  
2019-09-04 11:46:26,081 | INFO  | DNAudit | user=null | ip=null | op=PUT_BLOCK {blockData=[blockId=conID: 1 locID: 102734075397800535 bcsId: 0,size=2097152]} | ret=SUCCESS |  
2019-09-04 11:46:26,087 | INFO  | DNAudit | user=null | ip=null | op=WRITE_CHUNK {blockData=conID: 1 locID: 102734075397800535 bcsId: 3806} | ret=SUCCESS |  
2019-09-04 11:46:26,090 | INFO  | DNAudit | user=null | ip=null | op=WRITE_CHUNK {blockData=conID: 1 locID: 102734075397800535 bcsId: 3806} | ret=SUCCESS |  
2019-09-04 11:46:26,090 | INFO  | DNAudit | user=null | ip=null | op=WRITE_CHUNK {blockData=conID: 1 locID: 102734075397800535 bcsId: 3806} | ret=SUCCESS |  
2019-09-04 11:46:26,094 | INFO  | DNAudit | user=null | ip=null | op=WRITE_CHUNK {blockData=conID: 1 locID: 102734075397800535 bcsId: 3806} | ret=SUCCESS |  
2019-09-04 11:46:26,094 | INFO  | DNAudit | user=null | ip=null | op=PUT_BLOCK {blockData=[blockId=conID: 1 locID: 102734075397800535 bcsId: 0,size=3145728]} | ret=SUCCESS |  
2019-09-04 11:46:26,095 [grpc-default-executor-1] INFO  client.GrpcClientProtocolClient (GrpcClientProtocolClient.java:onNext(255)) - client-D5CE890D7D9E->efcb8ff8-f060-4d95-9215-d0f5eb4af037: receive RaftClientReply:client-D5CE890D7D9E->efcb8ff8-f060-4d95-9215-d0f5eb4af037@group-0959F8DF43ED, cid=2559, SUCCESS, logIndex=3811, commits[efcb8ff8-f060-4d95-9215-d0f5eb4af037:c3812, 6fae8b02-e804-4c0e-b729-a97b7404b7f6:c3810, 4c3e8a66-6975-4917-8225-d3efe707aaff:c3810]
2019-09-04 11:46:26,095 [grpc-default-executor-1] INFO  client.GrpcClientProtocolClient (GrpcClientProtocolClient.java:onNext(255)) - client-D5CE890D7D9E->efcb8ff8-f060-4d95-9215-d0f5eb4af037: receive RaftClientReply:client-D5CE890D7D9E->efcb8ff8-f060-4d95-9215-d0f5eb4af037@group-0959F8DF43ED, cid=2560, SUCCESS, logIndex=3812, commits[efcb8ff8-f060-4d95-9215-d0f5eb4af037:c3812, 6fae8b02-e804-4c0e-b729-a97b7404b7f6:c3810, 4c3e8a66-6975-4917-8225-d3efe707aaff:c3810]
2019-09-04 11:46:26,102 | INFO  | DNAudit | user=null | ip=null | op=WRITE_CHUNK {blockData=conID: 1 locID: 102734075397800535 bcsId: 3812} | ret=SUCCESS |  
2019-09-04 11:46:26,104 | INFO  | DNAudit | user=null | ip=null | op=WRITE_CHUNK {blockData=conID: 1 locID: 102734075397800535 bcsId: 3812} | ret=SUCCESS |  
2019-09-04 11:46:26,104 | INFO  | DNAudit | user=null | ip=null | op=WRITE_CHUNK {blockData=conID: 1 locID: 102734075397800535 bcsId: 3812} | ret=SUCCESS |  
2019-09-04 11:46:26,105 | INFO  | DNAudit | user=null | ip=null | op=WRITE_CHUNK {blockData=conID: 1 locID: 102734075397800535 bcsId: 3806} | ret=SUCCESS |  
2019-09-04 11:46:26,106 | INFO  | DNAudit | user=null | ip=null | op=WRITE_CHUNK {blockData=conID: 1 locID: 102734075397800535 bcsId: 3806} | ret=SUCCESS |  
2019-09-04 11:46:26,107 | INFO  | DNAudit | user=null | ip=null | op=PUT_BLOCK {blockData=[blockId=conID: 1 locID: 102734075397800535 bcsId: 0,size=3145728]} | ret=SUCCESS |  
2019-09-04 11:46:26,107 | INFO  | DNAudit | user=null | ip=null | op=PUT_BLOCK {blockData=[blockId=conID: 1 locID: 102734075397800535 bcsId: 0,size=3145728]} | ret=SUCCESS |  
2019-09-04 11:46:26,107 | INFO  | DNAudit | user=null | ip=null | op=WRITE_CHUNK {blockData=conID: 1 locID: 102734075397800535 bcsId: 3812} | ret=SUCCESS |  
2019-09-04 11:46:26,107 | INFO  | DNAudit | user=null | ip=null | op=PUT_BLOCK {blockData=[blockId=conID: 1 locID: 102734075397800535 bcsId: 0,size=4194304]} | ret=SUCCESS |  
2019-09-04 11:46:26,108 [grpc-default-executor-1] INFO  client.GrpcClientProtocolClient (GrpcClientProtocolClient.java:onNext(255)) - client-D5CE890D7D9E->efcb8ff8-f060-4d95-9215-d0f5eb4af037: receive RaftClientReply:client-D5CE890D7D9E->efcb8ff8-f060-4d95-9215-d0f5eb4af037@group-0959F8DF43ED, cid=2561, SUCCESS, logIndex=3815, commits[efcb8ff8-f060-4d95-9215-d0f5eb4af037:c3816, 6fae8b02-e804-4c0e-b729-a97b7404b7f6:c3812, 4c3e8a66-6975-4917-8225-d3efe707aaff:c3812]
2019-09-04 11:46:26,108 [grpc-default-executor-1] INFO  client.GrpcClientProtocolClient (GrpcClientProtocolClient.java:onNext(255)) - client-D5CE890D7D9E->efcb8ff8-f060-4d95-9215-d0f5eb4af037: receive RaftClientReply:client-D5CE890D7D9E->efcb8ff8-f060-4d95-9215-d0f5eb4af037@group-0959F8DF43ED, cid=2562, SUCCESS, logIndex=3816, commits[efcb8ff8-f060-4d95-9215-d0f5eb4af037:c3816, 6fae8b02-e804-4c0e-b729-a97b7404b7f6:c3812, 4c3e8a66-6975-4917-8225-d3efe707aaff:c3812]
2019-09-04 11:46:26,118 | INFO  | DNAudit | user=null | ip=null | op=WRITE_CHUNK {blockData=conID: 1 locID: 102734075397800535 bcsId: 3812} | ret=SUCCESS |  
2019-09-04 11:46:26,118 | INFO  | DNAudit | user=null | ip=null | op=WRITE_CHUNK {blockData=conID: 1 locID: 102734075397800535 bcsId: 3812} | ret=SUCCESS |  
2019-09-04 11:46:26,120 | INFO  | DNAudit | user=null | ip=null | op=PUT_BLOCK {blockData=[blockId=conID: 1 locID: 102734075397800535 bcsId: 0,size=4194304]} | ret=SUCCESS |  
2019-09-04 11:46:26,120 | INFO  | DNAudit | user=null | ip=null | op=PUT_BLOCK {blockData=[blockId=conID: 1 locID: 102734075397800535 bcsId: 0,size=4194304]} | ret=SUCCESS |  
2019-09-04 11:46:26,120 [grpc-default-executor-0] INFO  client.GrpcClientProtocolClient (GrpcClientProtocolClient.java:onNext(255)) - client-D5CE890D7D9E->efcb8ff8-f060-4d95-9215-d0f5eb4af037: receive RaftClientReply:client-D5CE890D7D9E->efcb8ff8-f060-4d95-9215-d0f5eb4af037@group-0959F8DF43ED, cid=2563, SUCCESS, logIndex=0, commits[efcb8ff8-f060-4d95-9215-d0f5eb4af037:c3818, 6fae8b02-e804-4c0e-b729-a97b7404b7f6:c3816, 4c3e8a66-6975-4917-8225-d3efe707aaff:c3816]
2019-09-04 11:46:26,126 | INFO  | SCMAudit | user=jenkins1000 | ip=192.168.36.67 | op=ALLOCATE_BLOCK {owner=8ab292a2-aaa7-4ad8-863a-d33994811155, size=4194304, type=RATIS, factor=THREE} | ret=SUCCESS |  
2019-09-04 11:46:26,129 | INFO  | OMAudit | user=jenkins1000 | ip=127.0.0.1 | op=ALLOCATE_BLOCK {volume=vol-0-58699, bucket=bucket-0-57464, key=key-0-37266, dataSize=0, replicationType=null, replicationFactor=null, keyLocationInfo=null, clientID=102734073355960722} | ret=SUCCESS |  
2019-09-04 11:46:26,136 | INFO  | DNAudit | user=null | ip=null | op=WRITE_CHUNK {blockData=conID: 2 locID: 102734075404354136 bcsId: 0} | ret=SUCCESS |  
2019-09-04 11:46:26,139 | INFO  | DNAudit | user=null | ip=null | op=WRITE_CHUNK {blockData=conID: 2 locID: 102734075404354136 bcsId: 0} | ret=SUCCESS |  
2019-09-04 11:46:26,139 | INFO  | DNAudit | user=null | ip=null | op=WRITE_CHUNK {blockData=conID: 2 locID: 102734075404354136 bcsId: 0} | ret=SUCCESS |  
2019-09-04 11:46:26,140 | INFO  | DNAudit | user=null | ip=null | op=WRITE_CHUNK {blockData=conID: 2 locID: 102734075404354136 bcsId: 0} | ret=SUCCESS |  
2019-09-04 11:46:26,141 | INFO  | DNAudit | user=null | ip=null | op=WRITE_CHUNK {blockData=conID: 2 locID: 102734075404354136 bcsId: 0} | ret=SUCCESS |  
2019-09-04 11:46:26,141 | INFO  | DNAudit | user=null | ip=null | op=WRITE_CHUNK {blockData=conID: 2 locID: 102734075404354136 bcsId: 0} | ret=SUCCESS |  
2019-09-04 11:46:26,155 | INFO  | DNAudit | user=null | ip=null | op=WRITE_CHUNK {blockData=conID: 2 locID: 102734075404354136 bcsId: 0} | ret=SUCCESS |  
2019-09-04 11:46:26,155 | INFO  | DNAudit | user=null | ip=null | op=PUT_BLOCK {blockData=[blockId=conID: 2 locID: 102734075404354136 bcsId: 0,size=1048576]} | ret=SUCCESS |  
2019-09-04 11:46:26,156 | INFO  | DNAudit | user=null | ip=null | op=WRITE_CHUNK {blockData=conID: 2 locID: 102734075404354136 bcsId: 0} | ret=SUCCESS |  
2019-09-04 11:46:26,156 [grpc-default-executor-5] INFO  client.GrpcClientProtocolClient (GrpcClientProtocolClient.java:onNext(255)) - client-D5CE890D7D9E->efcb8ff8-f060-4d95-9215-d0f5eb4af037: receive RaftClientReply:client-D5CE890D7D9E->efcb8ff8-f060-4d95-9215-d0f5eb4af037@group-0959F8DF43ED, cid=2564, SUCCESS, logIndex=3819, commits[efcb8ff8-f060-4d95-9215-d0f5eb4af037:c3821, 6fae8b02-e804-4c0e-b729-a97b7404b7f6:c3818, 4c3e8a66-6975-4917-8225-d3efe707aaff:c3818]
2019-09-04 11:46:26,156 | INFO  | DNAudit | user=null | ip=null | op=PUT_BLOCK {blockData=[blockId=conID: 2 locID: 102734075404354136 bcsId: 0,size=2097152]} | ret=SUCCESS |  
2019-09-04 11:46:26,156 [grpc-default-executor-5] INFO  client.GrpcClientProtocolClient (GrpcClientProtocolClient.java:onNext(255)) - client-D5CE890D7D9E->efcb8ff8-f060-4d95-9215-d0f5eb4af037: receive RaftClientReply:client-D5CE890D7D9E->efcb8ff8-f060-4d95-9215-d0f5eb4af037@group-0959F8DF43ED, cid=2565, SUCCESS, logIndex=3820, commits[efcb8ff8-f060-4d95-9215-d0f5eb4af037:c3822, 6fae8b02-e804-4c0e-b729-a97b7404b7f6:c3818, 4c3e8a66-6975-4917-8225-d3efe707aaff:c3818]
2019-09-04 11:46:26,157 [grpc-default-executor-5] INFO  client.GrpcClientProtocolClient (GrpcClientProtocolClient.java:onNext(255)) - client-D5CE890D7D9E->efcb8ff8-f060-4d95-9215-d0f5eb4af037: receive RaftClientReply:client-D5CE890D7D9E->efcb8ff8-f060-4d95-9215-d0f5eb4af037@group-0959F8DF43ED, cid=2566, SUCCESS, logIndex=3821, commits[efcb8ff8-f060-4d95-9215-d0f5eb4af037:c3822, 6fae8b02-e804-4c0e-b729-a97b7404b7f6:c3818, 4c3e8a66-6975-4917-8225-d3efe707aaff:c3818]
2019-09-04 11:46:26,157 [grpc-default-executor-5] INFO  client.GrpcClientProtocolClient (GrpcClientProtocolClient.java:onNext(255)) - client-D5CE890D7D9E->efcb8ff8-f060-4d95-9215-d0f5eb4af037: receive RaftClientReply:client-D5CE890D7D9E->efcb8ff8-f060-4d95-9215-d0f5eb4af037@group-0959F8DF43ED, cid=2567, SUCCESS, logIndex=3822, commits[efcb8ff8-f060-4d95-9215-d0f5eb4af037:c3822, 6fae8b02-e804-4c0e-b729-a97b7404b7f6:c3818, 4c3e8a66-6975-4917-8225-d3efe707aaff:c3818]
2019-09-04 11:46:26,167 | INFO  | DNAudit | user=null | ip=null | op=WRITE_CHUNK {blockData=conID: 2 locID: 102734075404354136 bcsId: 0} | ret=SUCCESS |  
2019-09-04 11:46:26,168 | INFO  | DNAudit | user=null | ip=null | op=WRITE_CHUNK {blockData=conID: 2 locID: 102734075404354136 bcsId: 0} | ret=SUCCESS |  
2019-09-04 11:46:26,168 | INFO  | DNAudit | user=null | ip=null | op=PUT_BLOCK {blockData=[blockId=conID: 2 locID: 102734075404354136 bcsId: 0,size=1048576]} | ret=SUCCESS |  
2019-09-04 11:46:26,168 | INFO  | DNAudit | user=null | ip=null | op=PUT_BLOCK {blockData=[blockId=conID: 2 locID: 102734075404354136 bcsId: 0,size=1048576]} | ret=SUCCESS |  
2019-09-04 11:46:26,168 [grpc-default-executor-5] INFO  client.GrpcClientProtocolClient (GrpcClientProtocolClient.java:onNext(255)) - client-D5CE890D7D9E->efcb8ff8-f060-4d95-9215-d0f5eb4af037: receive RaftClientReply:client-D5CE890D7D9E->efcb8ff8-f060-4d95-9215-d0f5eb4af037@group-0959F8DF43ED, cid=2568, SUCCESS, logIndex=0, commits[efcb8ff8-f060-4d95-9215-d0f5eb4af037:c3823, 6fae8b02-e804-4c0e-b729-a97b7404b7f6:c3820, 4c3e8a66-6975-4917-8225-d3efe707aaff:c3820]
2019-09-04 11:46:26,169 | INFO  | DNAudit | user=null | ip=null | op=WRITE_CHUNK {blockData=conID: 2 locID: 102734075404354136 bcsId: 0} | ret=SUCCESS |  
2019-09-04 11:46:26,169 | INFO  | DNAudit | user=null | ip=null | op=WRITE_CHUNK {blockData=conID: 2 locID: 102734075404354136 bcsId: 0} | ret=SUCCESS |  
2019-09-04 11:46:26,169 | INFO  | DNAudit | user=null | ip=null | op=PUT_BLOCK {blockData=[blockId=conID: 2 locID: 102734075404354136 bcsId: 0,size=2097152]} | ret=SUCCESS |  
2019-09-04 11:46:26,169 | INFO  | DNAudit | user=null | ip=null | op=PUT_BLOCK {blockData=[blockId=conID: 2 locID: 102734075404354136 bcsId: 0,size=2097152]} | ret=SUCCESS |  
2019-09-04 11:46:26,176 | INFO  | DNAudit | user=null | ip=null | op=WRITE_CHUNK {blockData=conID: 2 locID: 102734075404354136 bcsId: 3822} | ret=SUCCESS |  
2019-09-04 11:46:26,177 | INFO  | DNAudit | user=null | ip=null | op=WRITE_CHUNK {blockData=conID: 2 locID: 102734075404354136 bcsId: 3822} | ret=SUCCESS |  
2019-09-04 11:46:26,177 | INFO  | DNAudit | user=null | ip=null | op=WRITE_CHUNK {blockData=conID: 2 locID: 102734075404354136 bcsId: 3822} | ret=SUCCESS |  
2019-09-04 11:46:26,192 | INFO  | DNAudit | user=null | ip=null | op=WRITE_CHUNK {blockData=conID: 2 locID: 102734075404354136 bcsId: 3822} | ret=SUCCESS |  
2019-09-04 11:46:26,193 | INFO  | DNAudit | user=null | ip=null | op=PUT_BLOCK {blockData=[blockId=conID: 2 locID: 102734075404354136 bcsId: 0,size=3145728]} | ret=SUCCESS |  
2019-09-04 11:46:26,193 [grpc-default-executor-6] INFO  client.GrpcClientProtocolClient (GrpcClientProtocolClient.java:onNext(255)) - client-D5CE890D7D9E->efcb8ff8-f060-4d95-9215-d0f5eb4af037: receive RaftClientReply:client-D5CE890D7D9E->efcb8ff8-f060-4d95-9215-d0f5eb4af037@group-0959F8DF43ED, cid=2569, SUCCESS, logIndex=3827, commits[efcb8ff8-f060-4d95-9215-d0f5eb4af037:c3828, 6fae8b02-e804-4c0e-b729-a97b7404b7f6:c3826, 4c3e8a66-6975-4917-8225-d3efe707aaff:c3826]
2019-09-04 11:46:26,194 [grpc-default-executor-6] INFO  client.GrpcClientProtocolClient (GrpcClientProtocolClient.java:onNext(255)) - client-D5CE890D7D9E->efcb8ff8-f060-4d95-9215-d0f5eb4af037: receive RaftClientReply:client-D5CE890D7D9E->efcb8ff8-f060-4d95-9215-d0f5eb4af037@group-0959F8DF43ED, cid=2570, SUCCESS, logIndex=3828, commits[efcb8ff8-f060-4d95-9215-d0f5eb4af037:c3828, 6fae8b02-e804-4c0e-b729-a97b7404b7f6:c3826, 4c3e8a66-6975-4917-8225-d3efe707aaff:c3826]
2019-09-04 11:46:26,201 | INFO  | DNAudit | user=null | ip=null | op=WRITE_CHUNK {blockData=conID: 2 locID: 102734075404354136 bcsId: 3828} | ret=SUCCESS |  
2019-09-04 11:46:26,203 | INFO  | DNAudit | user=null | ip=null | op=WRITE_CHUNK {blockData=conID: 2 locID: 102734075404354136 bcsId: 3828} | ret=SUCCESS |  
2019-09-04 11:46:26,203 | INFO  | DNAudit | user=null | ip=null | op=WRITE_CHUNK {blockData=conID: 2 locID: 102734075404354136 bcsId: 3828} | ret=SUCCESS |  
2019-09-04 11:46:26,214 | INFO  | DNAudit | user=null | ip=null | op=WRITE_CHUNK {blockData=conID: 2 locID: 102734075404354136 bcsId: 3822} | ret=SUCCESS |  
2019-09-04 11:46:26,214 | INFO  | DNAudit | user=null | ip=null | op=WRITE_CHUNK {blockData=conID: 2 locID: 102734075404354136 bcsId: 3822} | ret=SUCCESS |  
2019-09-04 11:46:26,216 | INFO  | DNAudit | user=null | ip=null | op=PUT_BLOCK {blockData=[blockId=conID: 2 locID: 102734075404354136 bcsId: 0,size=3145728]} | ret=SUCCESS |  
2019-09-04 11:46:26,216 | INFO  | DNAudit | user=null | ip=null | op=PUT_BLOCK {blockData=[blockId=conID: 2 locID: 102734075404354136 bcsId: 0,size=3145728]} | ret=SUCCESS |  
2019-09-04 11:46:26,216 | INFO  | DNAudit | user=null | ip=null | op=WRITE_CHUNK {blockData=conID: 2 locID: 102734075404354136 bcsId: 3828} | ret=SUCCESS |  
2019-09-04 11:46:26,217 | INFO  | DNAudit | user=null | ip=null | op=PUT_BLOCK {blockData=[blockId=conID: 2 locID: 102734075404354136 bcsId: 0,size=4194304]} | ret=SUCCESS |  
2019-09-04 11:46:26,217 [grpc-default-executor-5] INFO  client.GrpcClientProtocolClient (GrpcClientProtocolClient.java:onNext(255)) - client-D5CE890D7D9E->efcb8ff8-f060-4d95-9215-d0f5eb4af037: receive RaftClientReply:client-D5CE890D7D9E->efcb8ff8-f060-4d95-9215-d0f5eb4af037@group-0959F8DF43ED, cid=2571, SUCCESS, logIndex=3831, commits[efcb8ff8-f060-4d95-9215-d0f5eb4af037:c3831, 6fae8b02-e804-4c0e-b729-a97b7404b7f6:c3828, 4c3e8a66-6975-4917-8225-d3efe707aaff:c3828]
2019-09-04 11:46:26,217 [grpc-default-executor-5] INFO  client.GrpcClientProtocolClient (GrpcClientProtocolClient.java:onNext(255)) - client-D5CE890D7D9E->efcb8ff8-f060-4d95-9215-d0f5eb4af037: receive RaftClientReply:client-D5CE890D7D9E->efcb8ff8-f060-4d95-9215-d0f5eb4af037@group-0959F8DF43ED, cid=2572, SUCCESS, logIndex=3832, commits[efcb8ff8-f060-4d95-9215-d0f5eb4af037:c3832, 6fae8b02-e804-4c0e-b729-a97b7404b7f6:c3828, 4c3e8a66-6975-4917-8225-d3efe707aaff:c3828]
2019-09-04 11:46:26,250 | INFO  | DNAudit | user=null | ip=null | op=WRITE_CHUNK {blockData=conID: 2 locID: 102734075404354136 bcsId: 3828} | ret=SUCCESS |  
2019-09-04 11:46:26,250 | INFO  | DNAudit | user=null | ip=null | op=WRITE_CHUNK {blockData=conID: 2 locID: 102734075404354136 bcsId: 3828} | ret=SUCCESS |  
2019-09-04 11:46:26,251 | INFO  | DNAudit | user=null | ip=null | op=PUT_BLOCK {blockData=[blockId=conID: 2 locID: 102734075404354136 bcsId: 0,size=4194304]} | ret=SUCCESS |  
2019-09-04 11:46:26,251 | INFO  | DNAudit | user=null | ip=null | op=PUT_BLOCK {blockData=[blockId=conID: 2 locID: 102734075404354136 bcsId: 0,size=4194304]} | ret=SUCCESS |  
2019-09-04 11:46:26,252 [grpc-default-executor-6] INFO  client.GrpcClientProtocolClient (GrpcClientProtocolClient.java:onNext(255)) - client-D5CE890D7D9E->efcb8ff8-f060-4d95-9215-d0f5eb4af037: receive RaftClientReply:client-D5CE890D7D9E->efcb8ff8-f060-4d95-9215-d0f5eb4af037@group-0959F8DF43ED, cid=2573, SUCCESS, logIndex=0, commits[efcb8ff8-f060-4d95-9215-d0f5eb4af037:c3834, 6fae8b02-e804-4c0e-b729-a97b7404b7f6:c3832, 4c3e8a66-6975-4917-8225-d3efe707aaff:c3832]
2019-09-04 11:46:26,258 | INFO  | SCMAudit | user=jenkins1000 | ip=192.168.36.67 | op=ALLOCATE_BLOCK {owner=8ab292a2-aaa7-4ad8-863a-d33994811155, size=4194304, type=RATIS, factor=THREE} | ret=SUCCESS |  
2019-09-04 11:46:26,262 | INFO  | OMAudit | user=jenkins1000 | ip=127.0.0.1 | op=ALLOCATE_BLOCK {volume=vol-0-58699, bucket=bucket-0-57464, key=key-0-37266, dataSize=0, replicationType=null, replicationFactor=null, keyLocationInfo=null, clientID=102734073355960722} | ret=SUCCESS |  
2019-09-04 11:46:26,270 | INFO  | DNAudit | user=null | ip=null | op=WRITE_CHUNK {blockData=conID: 3 locID: 102734075413004889 bcsId: 0} | ret=SUCCESS |  
2019-09-04 11:46:26,272 | INFO  | DNAudit | user=null | ip=null | op=WRITE_CHUNK {blockData=conID: 3 locID: 102734075413004889 bcsId: 0} | ret=SUCCESS |  
2019-09-04 11:46:26,272 | INFO  | DNAudit | user=null | ip=null | op=WRITE_CHUNK {blockData=conID: 3 locID: 102734075413004889 bcsId: 0} | ret=SUCCESS |  
2019-09-04 11:46:26,272 | INFO  | DNAudit | user=null | ip=null | op=WRITE_CHUNK {blockData=conID: 3 locID: 102734075413004889 bcsId: 0} | ret=SUCCESS |  
2019-09-04 11:46:26,274 | INFO  | DNAudit | user=null | ip=null | op=WRITE_CHUNK {blockData=conID: 3 locID: 102734075413004889 bcsId: 0} | ret=SUCCESS |  
2019-09-04 11:46:26,274 | INFO  | DNAudit | user=null | ip=null | op=WRITE_CHUNK {blockData=conID: 3 locID: 102734075413004889 bcsId: 0} | ret=SUCCESS |  
2019-09-04 11:46:26,289 | INFO  | DNAudit | user=null | ip=null | op=WRITE_CHUNK {blockData=conID: 3 locID: 102734075413004889 bcsId: 0} | ret=SUCCESS |  
2019-09-04 11:46:26,289 | INFO  | DNAudit | user=null | ip=null | op=PUT_BLOCK {blockData=[blockId=conID: 3 locID: 102734075413004889 bcsId: 0,size=1048576]} | ret=SUCCESS |  
2019-09-04 11:46:26,290 | INFO  | DNAudit | user=null | ip=null | op=WRITE_CHUNK {blockData=conID: 3 locID: 102734075413004889 bcsId: 0} | ret=SUCCESS |  
2019-09-04 11:46:26,290 [grpc-default-executor-5] INFO  client.GrpcClientProtocolClient (GrpcClientProtocolClient.java:onNext(255)) - client-D5CE890D7D9E->efcb8ff8-f060-4d95-9215-d0f5eb4af037: receive RaftClientReply:client-D5CE890D7D9E->efcb8ff8-f060-4d95-9215-d0f5eb4af037@group-0959F8DF43ED, cid=2574, SUCCESS, logIndex=3835, commits[efcb8ff8-f060-4d95-9215-d0f5eb4af037:c3836, 6fae8b02-e804-4c0e-b729-a97b7404b7f6:c3834, 4c3e8a66-6975-4917-8225-d3efe707aaff:c3834]
2019-09-04 11:46:26,290 | INFO  | DNAudit | user=null | ip=null | op=PUT_BLOCK {blockData=[blockId=conID: 3 locID: 102734075413004889 bcsId: 0,size=2097152]} | ret=SUCCESS |  
2019-09-04 11:46:26,290 | INFO  | DNAudit | user=null | ip=null | op=WRITE_CHUNK {blockData=conID: 3 locID: 102734075413004889 bcsId: 0} | ret=SUCCESS |  
2019-09-04 11:46:26,290 | INFO  | DNAudit | user=null | ip=null | op=PUT_BLOCK {blockData=[blockId=conID: 3 locID: 102734075413004889 bcsId: 0,size=1048576]} | ret=SUCCESS |  
2019-09-04 11:46:26,290 [grpc-default-executor-5] INFO  client.GrpcClientProtocolClient (GrpcClientProtocolClient.java:onNext(255)) - client-D5CE890D7D9E->efcb8ff8-f060-4d95-9215-d0f5eb4af037: receive RaftClientReply:client-D5CE890D7D9E->efcb8ff8-f060-4d95-9215-d0f5eb4af037@group-0959F8DF43ED, cid=2575, SUCCESS, logIndex=3836, commits[efcb8ff8-f060-4d95-9215-d0f5eb4af037:c3838, 6fae8b02-e804-4c0e-b729-a97b7404b7f6:c3834, 4c3e8a66-6975-4917-8225-d3efe707aaff:c3834]
2019-09-04 11:46:26,291 [grpc-default-executor-5] INFO  client.GrpcClientProtocolClient (GrpcClientProtocolClient.java:onNext(255)) - client-D5CE890D7D9E->efcb8ff8-f060-4d95-9215-d0f5eb4af037: receive RaftClientReply:client-D5CE890D7D9E->efcb8ff8-f060-4d95-9215-d0f5eb4af037@group-0959F8DF43ED, cid=2576, SUCCESS, logIndex=3837, commits[efcb8ff8-f060-4d95-9215-d0f5eb4af037:c3838, 6fae8b02-e804-4c0e-b729-a97b7404b7f6:c3834, 4c3e8a66-6975-4917-8225-d3efe707aaff:c3834]
2019-09-04 11:46:26,291 | INFO  | DNAudit | user=null | ip=null | op=WRITE_CHUNK {blockData=conID: 3 locID: 102734075413004889 bcsId: 0} | ret=SUCCESS |  
2019-09-04 11:46:26,291 | INFO  | DNAudit | user=null | ip=null | op=PUT_BLOCK {blockData=[blockId=conID: 3 locID: 102734075413004889 bcsId: 0,size=1048576]} | ret=SUCCESS |  
2019-09-04 11:46:26,291 [grpc-default-executor-0] INFO  client.GrpcClientProtocolClient (GrpcClientProtocolClient.java:onNext(255)) - client-D5CE890D7D9E->efcb8ff8-f060-4d95-9215-d0f5eb4af037: receive RaftClientReply:client-D5CE890D7D9E->efcb8ff8-f060-4d95-9215-d0f5eb4af037@group-0959F8DF43ED, cid=2577, SUCCESS, logIndex=3838, commits[efcb8ff8-f060-4d95-9215-d0f5eb4af037:c3838, 6fae8b02-e804-4c0e-b729-a97b7404b7f6:c3836, 4c3e8a66-6975-4917-8225-d3efe707aaff:c3834]
2019-09-04 11:46:26,292 | INFO  | DNAudit | user=null | ip=null | op=WRITE_CHUNK {blockData=conID: 3 locID: 102734075413004889 bcsId: 0} | ret=SUCCESS |  
2019-09-04 11:46:26,292 | INFO  | DNAudit | user=null | ip=null | op=PUT_BLOCK {blockData=[blockId=conID: 3 locID: 102734075413004889 bcsId: 0,size=2097152]} | ret=SUCCESS |  
2019-09-04 11:46:26,292 | INFO  | DNAudit | user=null | ip=null | op=WRITE_CHUNK {blockData=conID: 3 locID: 102734075413004889 bcsId: 0} | ret=SUCCESS |  
2019-09-04 11:46:26,293 | INFO  | DNAudit | user=null | ip=null | op=PUT_BLOCK {blockData=[blockId=conID: 3 locID: 102734075413004889 bcsId: 0,size=2097152]} | ret=SUCCESS |  
2019-09-04 11:46:26,293 [grpc-default-executor-5] INFO  client.GrpcClientProtocolClient (GrpcClientProtocolClient.java:onNext(255)) - client-D5CE890D7D9E->efcb8ff8-f060-4d95-9215-d0f5eb4af037: receive RaftClientReply:client-D5CE890D7D9E->efcb8ff8-f060-4d95-9215-d0f5eb4af037@group-0959F8DF43ED, cid=2578, SUCCESS, logIndex=0, commits[efcb8ff8-f060-4d95-9215-d0f5eb4af037:c3842, 6fae8b02-e804-4c0e-b729-a97b7404b7f6:c3838, 4c3e8a66-6975-4917-8225-d3efe707aaff:c3836]
2019-09-04 11:46:26,299 | INFO  | DNAudit | user=null | ip=null | op=WRITE_CHUNK {blockData=conID: 3 locID: 102734075413004889 bcsId: 3838} | ret=SUCCESS |  
2019-09-04 11:46:26,301 | INFO  | DNAudit | user=null | ip=null | op=WRITE_CHUNK {blockData=conID: 3 locID: 102734075413004889 bcsId: 3838} | ret=SUCCESS |  
2019-09-04 11:46:26,301 | INFO  | DNAudit | user=null | ip=null | op=WRITE_CHUNK {blockData=conID: 3 locID: 102734075413004889 bcsId: 3838} | ret=SUCCESS |  
2019-09-04 11:46:26,315 | INFO  | DNAudit | user=null | ip=null | op=WRITE_CHUNK {blockData=conID: 3 locID: 102734075413004889 bcsId: 3838} | ret=SUCCESS |  
2019-09-04 11:46:26,315 | INFO  | DNAudit | user=null | ip=null | op=PUT_BLOCK {blockData=[blockId=conID: 3 locID: 102734075413004889 bcsId: 0,size=3145728]} | ret=SUCCESS |  
2019-09-04 11:46:26,315 [grpc-default-executor-0] INFO  client.GrpcClientProtocolClient (GrpcClientProtocolClient.java:onNext(255)) - client-D5CE890D7D9E->efcb8ff8-f060-4d95-9215-d0f5eb4af037: receive RaftClientReply:client-D5CE890D7D9E->efcb8ff8-f060-4d95-9215-d0f5eb4af037@group-0959F8DF43ED, cid=2579, SUCCESS, logIndex=3843, commits[efcb8ff8-f060-4d95-9215-d0f5eb4af037:c3844, 6fae8b02-e804-4c0e-b729-a97b7404b7f6:c3842, 4c3e8a66-6975-4917-8225-d3efe707aaff:c3842]
2019-09-04 11:46:26,316 [grpc-default-executor-0] INFO  client.GrpcClientProtocolClient (GrpcClientProtocolClient.java:onNext(255)) - client-D5CE890D7D9E->efcb8ff8-f060-4d95-9215-d0f5eb4af037: receive RaftClientReply:client-D5CE890D7D9E->efcb8ff8-f060-4d95-9215-d0f5eb4af037@group-0959F8DF43ED, cid=2580, SUCCESS, logIndex=3844, commits[efcb8ff8-f060-4d95-9215-d0f5eb4af037:c3844, 6fae8b02-e804-4c0e-b729-a97b7404b7f6:c3842, 4c3e8a66-6975-4917-8225-d3efe707aaff:c3842]
2019-09-04 11:46:26,322 | INFO  | DNAudit | user=null | ip=null | op=WRITE_CHUNK {blockData=conID: 3 locID: 102734075413004889 bcsId: 3844} | ret=SUCCESS |  
2019-09-04 11:46:26,323 | INFO  | DNAudit | user=null | ip=null | op=WRITE_CHUNK {blockData=conID: 3 locID: 102734075413004889 bcsId: 3844} | ret=SUCCESS |  
2019-09-04 11:46:26,324 | INFO  | DNAudit | user=null | ip=null | op=WRITE_CHUNK {blockData=conID: 3 locID: 102734075413004889 bcsId: 3844} | ret=SUCCESS |  
2019-09-04 11:46:26,331 | INFO  | DNAudit | user=null | ip=null | op=WRITE_CHUNK {blockData=conID: 3 locID: 102734075413004889 bcsId: 3838} | ret=SUCCESS |  
2019-09-04 11:46:26,331 | INFO  | DNAudit | user=null | ip=null | op=WRITE_CHUNK {blockData=conID: 3 locID: 102734075413004889 bcsId: 3838} | ret=SUCCESS |  
2019-09-04 11:46:26,342 | INFO  | DNAudit | user=null | ip=null | op=PUT_BLOCK {blockData=[blockId=conID: 3 locID: 102734075413004889 bcsId: 0,size=3145728]} | ret=SUCCESS |  
2019-09-04 11:46:26,343 | INFO  | DNAudit | user=null | ip=null | op=WRITE_CHUNK {blockData=conID: 3 locID: 102734075413004889 bcsId: 3844} | ret=SUCCESS |  
2019-09-04 11:46:26,343 | INFO  | DNAudit | user=null | ip=null | op=PUT_BLOCK {blockData=[blockId=conID: 3 locID: 102734075413004889 bcsId: 0,size=3145728]} | ret=SUCCESS |  
2019-09-04 11:46:26,343 | INFO  | DNAudit | user=null | ip=null | op=PUT_BLOCK {blockData=[blockId=conID: 3 locID: 102734075413004889 bcsId: 0,size=4194304]} | ret=SUCCESS |  
2019-09-04 11:46:26,343 [grpc-default-executor-0] INFO  client.GrpcClientProtocolClient (GrpcClientProtocolClient.java:onNext(255)) - client-D5CE890D7D9E->efcb8ff8-f060-4d95-9215-d0f5eb4af037: receive RaftClientReply:client-D5CE890D7D9E->efcb8ff8-f060-4d95-9215-d0f5eb4af037@group-0959F8DF43ED, cid=2581, SUCCESS, logIndex=3847, commits[efcb8ff8-f060-4d95-9215-d0f5eb4af037:c3848, 6fae8b02-e804-4c0e-b729-a97b7404b7f6:c3844, 4c3e8a66-6975-4917-8225-d3efe707aaff:c3843]
2019-09-04 11:46:26,344 [grpc-default-executor-0] INFO  client.GrpcClientProtocolClient (GrpcClientProtocolClient.java:onNext(255)) - client-D5CE890D7D9E->efcb8ff8-f060-4d95-9215-d0f5eb4af037: receive RaftClientReply:client-D5CE890D7D9E->efcb8ff8-f060-4d95-9215-d0f5eb4af037@group-0959F8DF43ED, cid=2582, SUCCESS, logIndex=3848, commits[efcb8ff8-f060-4d95-9215-d0f5eb4af037:c3848, 6fae8b02-e804-4c0e-b729-a97b7404b7f6:c3844, 4c3e8a66-6975-4917-8225-d3efe707aaff:c3844]
2019-09-04 11:46:26,352 | INFO  | DNAudit | user=null | ip=null | op=WRITE_CHUNK {blockData=conID: 3 locID: 102734075413004889 bcsId: 3844} | ret=SUCCESS |  
2019-09-04 11:46:26,352 | INFO  | DNAudit | user=null | ip=null | op=WRITE_CHUNK {blockData=conID: 3 locID: 102734075413004889 bcsId: 3844} | ret=SUCCESS |  
2019-09-04 11:46:26,353 | INFO  | DNAudit | user=null | ip=null | op=PUT_BLOCK {blockData=[blockId=conID: 3 locID: 102734075413004889 bcsId: 0,size=4194304]} | ret=SUCCESS |  
2019-09-04 11:46:26,353 | INFO  | DNAudit | user=null | ip=null | op=PUT_BLOCK {blockData=[blockId=conID: 3 locID: 102734075413004889 bcsId: 0,size=4194304]} | ret=SUCCESS |  
2019-09-04 11:46:26,354 [grpc-default-executor-0] INFO  client.GrpcClientProtocolClient (GrpcClientProtocolClient.java:onNext(255)) - client-D5CE890D7D9E->efcb8ff8-f060-4d95-9215-d0f5eb4af037: receive RaftClientReply:client-D5CE890D7D9E->efcb8ff8-f060-4d95-9215-d0f5eb4af037@group-0959F8DF43ED, cid=2583, SUCCESS, logIndex=0, commits[efcb8ff8-f060-4d95-9215-d0f5eb4af037:c3850, 6fae8b02-e804-4c0e-b729-a97b7404b7f6:c3848, 4c3e8a66-6975-4917-8225-d3efe707aaff:c3848]
2019-09-04 11:46:26,360 | INFO  | SCMAudit | user=jenkins1000 | ip=192.168.36.67 | op=ALLOCATE_BLOCK {owner=8ab292a2-aaa7-4ad8-863a-d33994811155, size=4194304, type=RATIS, factor=THREE} | ret=SUCCESS |  
2019-09-04 11:46:26,363 | INFO  | OMAudit | user=jenkins1000 | ip=127.0.0.1 | op=ALLOCATE_BLOCK {volume=vol-0-58699, bucket=bucket-0-57464, key=key-0-37266, dataSize=0, replicationType=null, replicationFactor=null, keyLocationInfo=null, clientID=102734073355960722} | ret=SUCCESS |  
2019-09-04 11:46:26,370 | INFO  | DNAudit | user=null | ip=null | op=WRITE_CHUNK {blockData=conID: 1 locID: 102734075419624026 bcsId: 0} | ret=SUCCESS |  
2019-09-04 11:46:26,373 | INFO  | DNAudit | user=null | ip=null | op=WRITE_CHUNK {blockData=conID: 1 locID: 102734075419624026 bcsId: 0} | ret=SUCCESS |  
2019-09-04 11:46:26,373 | INFO  | DNAudit | user=null | ip=null | op=WRITE_CHUNK {blockData=conID: 1 locID: 102734075419624026 bcsId: 0} | ret=SUCCESS |  
2019-09-04 11:46:26,373 | INFO  | DNAudit | user=null | ip=null | op=WRITE_CHUNK {blockData=conID: 1 locID: 102734075419624026 bcsId: 0} | ret=SUCCESS |  
2019-09-04 11:46:26,374 | INFO  | DNAudit | user=null | ip=null | op=WRITE_CHUNK {blockData=conID: 1 locID: 102734075419624026 bcsId: 0} | ret=SUCCESS |  
2019-09-04 11:46:26,375 | INFO  | DNAudit | user=null | ip=null | op=WRITE_CHUNK {blockData=conID: 1 locID: 102734075419624026 bcsId: 0} | ret=SUCCESS |  
2019-09-04 11:46:26,391 | INFO  | DNAudit | user=null | ip=null | op=WRITE_CHUNK {blockData=conID: 1 locID: 102734075419624026 bcsId: 0} | ret=SUCCESS |  
2019-09-04 11:46:26,391 | INFO  | DNAudit | user=null | ip=null | op=PUT_BLOCK {blockData=[blockId=conID: 1 locID: 102734075419624026 bcsId: 0,size=1048576]} | ret=SUCCESS |  
2019-09-04 11:46:26,392 | INFO  | DNAudit | user=null | ip=null | op=WRITE_CHUNK {blockData=conID: 1 locID: 102734075419624026 bcsId: 0} | ret=SUCCESS |  
2019-09-04 11:46:26,392 [grpc-default-executor-5] INFO  client.GrpcClientProtocolClient (GrpcClientProtocolClient.java:onNext(255)) - client-D5CE890D7D9E->efcb8ff8-f060-4d95-9215-d0f5eb4af037: receive RaftClientReply:client-D5CE890D7D9E->efcb8ff8-f060-4d95-9215-d0f5eb4af037@group-0959F8DF43ED, cid=2584, SUCCESS, logIndex=3851, commits[efcb8ff8-f060-4d95-9215-d0f5eb4af037:c3854, 6fae8b02-e804-4c0e-b729-a97b7404b7f6:c3850, 4c3e8a66-6975-4917-8225-d3efe707aaff:c3850]
2019-09-04 11:46:26,392 | INFO  | DNAudit | user=null | ip=null | op=PUT_BLOCK {blockData=[blockId=conID: 1 locID: 102734075419624026 bcsId: 0,size=2097152]} | ret=SUCCESS |  
2019-09-04 11:46:26,392 [grpc-default-executor-5] INFO  client.GrpcClientProtocolClient (GrpcClientProtocolClient.java:onNext(255)) - client-D5CE890D7D9E->efcb8ff8-f060-4d95-9215-d0f5eb4af037: receive RaftClientReply:client-D5CE890D7D9E->efcb8ff8-f060-4d95-9215-d0f5eb4af037@group-0959F8DF43ED, cid=2585, SUCCESS, logIndex=3852, commits[efcb8ff8-f060-4d95-9215-d0f5eb4af037:c3854, 6fae8b02-e804-4c0e-b729-a97b7404b7f6:c3850, 4c3e8a66-6975-4917-8225-d3efe707aaff:c3850]
2019-09-04 11:46:26,393 [grpc-default-executor-5] INFO  client.GrpcClientProtocolClient (GrpcClientProtocolClient.java:onNext(255)) - client-D5CE890D7D9E->efcb8ff8-f060-4d95-9215-d0f5eb4af037: receive RaftClientReply:client-D5CE890D7D9E->efcb8ff8-f060-4d95-9215-d0f5eb4af037@group-0959F8DF43ED, cid=2586, SUCCESS, logIndex=3853, commits[efcb8ff8-f060-4d95-9215-d0f5eb4af037:c3854, 6fae8b02-e804-4c0e-b729-a97b7404b7f6:c3850, 4c3e8a66-6975-4917-8225-d3efe707aaff:c3850]
2019-09-04 11:46:26,393 [grpc-default-executor-5] INFO  client.GrpcClientProtocolClient (GrpcClientProtocolClient.java:onNext(255)) - client-D5CE890D7D9E->efcb8ff8-f060-4d95-9215-d0f5eb4af037: receive RaftClientReply:client-D5CE890D7D9E->efcb8ff8-f060-4d95-9215-d0f5eb4af037@group-0959F8DF43ED, cid=2587, SUCCESS, logIndex=3854, commits[efcb8ff8-f060-4d95-9215-d0f5eb4af037:c3854, 6fae8b02-e804-4c0e-b729-a97b7404b7f6:c3850, 4c3e8a66-6975-4917-8225-d3efe707aaff:c3850]
2019-09-04 11:46:26,403 | INFO  | DNAudit | user=null | ip=null | op=WRITE_CHUNK {blockData=conID: 1 locID: 102734075419624026 bcsId: 0} | ret=SUCCESS |  
2019-09-04 11:46:26,403 | INFO  | DNAudit | user=null | ip=null | op=WRITE_CHUNK {blockData=conID: 1 locID: 102734075419624026 bcsId: 0} | ret=SUCCESS |  
2019-09-04 11:46:26,403 | INFO  | DNAudit | user=null | ip=null | op=PUT_BLOCK {blockData=[blockId=conID: 1 locID: 102734075419624026 bcsId: 0,size=1048576]} | ret=SUCCESS |  
2019-09-04 11:46:26,403 | INFO  | DNAudit | user=null | ip=null | op=PUT_BLOCK {blockData=[blockId=conID: 1 locID: 102734075419624026 bcsId: 0,size=1048576]} | ret=SUCCESS |  
2019-09-04 11:46:26,403 [grpc-default-executor-5] INFO  client.GrpcClientProtocolClient (GrpcClientProtocolClient.java:onNext(255)) - client-D5CE890D7D9E->efcb8ff8-f060-4d95-9215-d0f5eb4af037: receive RaftClientReply:client-D5CE890D7D9E->efcb8ff8-f060-4d95-9215-d0f5eb4af037@group-0959F8DF43ED, cid=2588, SUCCESS, logIndex=0, commits[efcb8ff8-f060-4d95-9215-d0f5eb4af037:c3855, 6fae8b02-e804-4c0e-b729-a97b7404b7f6:c3852, 4c3e8a66-6975-4917-8225-d3efe707aaff:c3852]
2019-09-04 11:46:26,404 | INFO  | DNAudit | user=null | ip=null | op=WRITE_CHUNK {blockData=conID: 1 locID: 102734075419624026 bcsId: 0} | ret=SUCCESS |  
2019-09-04 11:46:26,404 | INFO  | DNAudit | user=null | ip=null | op=PUT_BLOCK {blockData=[blockId=conID: 1 locID: 102734075419624026 bcsId: 0,size=2097152]} | ret=SUCCESS |  
2019-09-04 11:46:26,404 | INFO  | DNAudit | user=null | ip=null | op=WRITE_CHUNK {blockData=conID: 1 locID: 102734075419624026 bcsId: 0} | ret=SUCCESS |  
2019-09-04 11:46:26,405 | INFO  | DNAudit | user=null | ip=null | op=PUT_BLOCK {blockData=[blockId=conID: 1 locID: 102734075419624026 bcsId: 0,size=2097152]} | ret=SUCCESS |  
2019-09-04 11:46:26,410 | INFO  | DNAudit | user=null | ip=null | op=WRITE_CHUNK {blockData=conID: 1 locID: 102734075419624026 bcsId: 3854} | ret=SUCCESS |  
2019-09-04 11:46:26,413 | INFO  | DNAudit | user=null | ip=null | op=WRITE_CHUNK {blockData=conID: 1 locID: 102734075419624026 bcsId: 3854} | ret=SUCCESS |  
2019-09-04 11:46:26,413 | INFO  | DNAudit | user=null | ip=null | op=WRITE_CHUNK {blockData=conID: 1 locID: 102734075419624026 bcsId: 3854} | ret=SUCCESS |  
2019-09-04 11:46:26,554 | INFO  | DNAudit | user=null | ip=null | op=WRITE_CHUNK {blockData=conID: 1 locID: 102734075419624026 bcsId: 3854} | ret=SUCCESS |  
2019-09-04 11:46:26,554 | INFO  | DNAudit | user=null | ip=null | op=PUT_BLOCK {blockData=[blockId=conID: 1 locID: 102734075419624026 bcsId: 0,size=3145728]} | ret=SUCCESS |  
2019-09-04 11:46:26,554 [grpc-default-executor-6] INFO  client.GrpcClientProtocolClient (GrpcClientProtocolClient.java:onNext(255)) - client-D5CE890D7D9E->efcb8ff8-f060-4d95-9215-d0f5eb4af037: receive RaftClientReply:client-D5CE890D7D9E->efcb8ff8-f060-4d95-9215-d0f5eb4af037@group-0959F8DF43ED, cid=2589, SUCCESS, logIndex=3859, commits[efcb8ff8-f060-4d95-9215-d0f5eb4af037:c3860, 6fae8b02-e804-4c0e-b729-a97b7404b7f6:c3858, 4c3e8a66-6975-4917-8225-d3efe707aaff:c3858]
2019-09-04 11:46:26,555 [grpc-default-executor-6] INFO  client.GrpcClientProtocolClient (GrpcClientProtocolClient.java:onNext(255)) - client-D5CE890D7D9E->efcb8ff8-f060-4d95-9215-d0f5eb4af037: receive RaftClientReply:client-D5CE890D7D9E->efcb8ff8-f060-4d95-9215-d0f5eb4af037@group-0959F8DF43ED, cid=2590, SUCCESS, logIndex=3860, commits[efcb8ff8-f060-4d95-9215-d0f5eb4af037:c3860, 6fae8b02-e804-4c0e-b729-a97b7404b7f6:c3858, 4c3e8a66-6975-4917-8225-d3efe707aaff:c3858]
2019-09-04 11:46:26,563 | INFO  | DNAudit | user=null | ip=null | op=WRITE_CHUNK {blockData=conID: 1 locID: 102734075419624026 bcsId: 3860} | ret=SUCCESS |  
2019-09-04 11:46:26,565 | INFO  | DNAudit | user=null | ip=null | op=WRITE_CHUNK {blockData=conID: 1 locID: 102734075419624026 bcsId: 3860} | ret=SUCCESS |  
2019-09-04 11:46:26,565 | INFO  | DNAudit | user=null | ip=null | op=WRITE_CHUNK {blockData=conID: 1 locID: 102734075419624026 bcsId: 3854} | ret=SUCCESS |  
2019-09-04 11:46:26,565 | INFO  | DNAudit | user=null | ip=null | op=WRITE_CHUNK {blockData=conID: 1 locID: 102734075419624026 bcsId: 3854} | ret=SUCCESS |  
2019-09-04 11:46:26,566 | INFO  | DNAudit | user=null | ip=null | op=PUT_BLOCK {blockData=[blockId=conID: 1 locID: 102734075419624026 bcsId: 0,size=3145728]} | ret=SUCCESS |  
2019-09-04 11:46:26,566 | INFO  | DNAudit | user=null | ip=null | op=PUT_BLOCK {blockData=[blockId=conID: 1 locID: 102734075419624026 bcsId: 0,size=3145728]} | ret=SUCCESS |  
2019-09-04 11:46:26,567 | INFO  | DNAudit | user=null | ip=null | op=WRITE_CHUNK {blockData=conID: 1 locID: 102734075419624026 bcsId: 3860} | ret=SUCCESS |  
2019-09-04 11:46:26,573 | INFO  | DNAudit | user=null | ip=null | op=WRITE_CHUNK {blockData=conID: 1 locID: 102734075419624026 bcsId: 3860} | ret=SUCCESS |  
2019-09-04 11:46:26,573 | INFO  | DNAudit | user=null | ip=null | op=PUT_BLOCK {blockData=[blockId=conID: 1 locID: 102734075419624026 bcsId: 0,size=4194304]} | ret=SUCCESS |  
2019-09-04 11:46:26,573 [grpc-default-executor-5] INFO  client.GrpcClientProtocolClient (GrpcClientProtocolClient.java:onNext(255)) - client-D5CE890D7D9E->efcb8ff8-f060-4d95-9215-d0f5eb4af037: receive RaftClientReply:client-D5CE890D7D9E->efcb8ff8-f060-4d95-9215-d0f5eb4af037@group-0959F8DF43ED, cid=2591, SUCCESS, logIndex=3863, commits[efcb8ff8-f060-4d95-9215-d0f5eb4af037:c3864, 6fae8b02-e804-4c0e-b729-a97b7404b7f6:c3860, 4c3e8a66-6975-4917-8225-d3efe707aaff:c3860]
2019-09-04 11:46:26,574 [grpc-default-executor-5] INFO  client.GrpcClientProtocolClient (GrpcClientProtocolClient.java:onNext(255)) - client-D5CE890D7D9E->efcb8ff8-f060-4d95-9215-d0f5eb4af037: receive RaftClientReply:client-D5CE890D7D9E->efcb8ff8-f060-4d95-9215-d0f5eb4af037@group-0959F8DF43ED, cid=2592, SUCCESS, logIndex=3864, commits[efcb8ff8-f060-4d95-9215-d0f5eb4af037:c3864, 6fae8b02-e804-4c0e-b729-a97b7404b7f6:c3860, 4c3e8a66-6975-4917-8225-d3efe707aaff:c3860]
2019-09-04 11:46:26,581 | INFO  | DNAudit | user=null | ip=null | op=WRITE_CHUNK {blockData=conID: 1 locID: 102734075419624026 bcsId: 3860} | ret=SUCCESS |  
2019-09-04 11:46:26,581 | INFO  | DNAudit | user=null | ip=null | op=WRITE_CHUNK {blockData=conID: 1 locID: 102734075419624026 bcsId: 3860} | ret=SUCCESS |  
2019-09-04 11:46:26,582 | INFO  | DNAudit | user=null | ip=null | op=PUT_BLOCK {blockData=[blockId=conID: 1 locID: 102734075419624026 bcsId: 0,size=4194304]} | ret=SUCCESS |  
2019-09-04 11:46:26,582 | INFO  | DNAudit | user=null | ip=null | op=PUT_BLOCK {blockData=[blockId=conID: 1 locID: 102734075419624026 bcsId: 0,size=4194304]} | ret=SUCCESS |  
2019-09-04 11:46:26,583 [grpc-default-executor-5] INFO  client.GrpcClientProtocolClient (GrpcClientProtocolClient.java:onNext(255)) - client-D5CE890D7D9E->efcb8ff8-f060-4d95-9215-d0f5eb4af037: receive RaftClientReply:client-D5CE890D7D9E->efcb8ff8-f060-4d95-9215-d0f5eb4af037@group-0959F8DF43ED, cid=2593, SUCCESS, logIndex=0, commits[efcb8ff8-f060-4d95-9215-d0f5eb4af037:c3866, 6fae8b02-e804-4c0e-b729-a97b7404b7f6:c3864, 4c3e8a66-6975-4917-8225-d3efe707aaff:c3864]
2019-09-04 11:46:26,589 | INFO  | SCMAudit | user=jenkins1000 | ip=192.168.36.67 | op=ALLOCATE_BLOCK {owner=8ab292a2-aaa7-4ad8-863a-d33994811155, size=4194304, type=RATIS, factor=THREE} | ret=SUCCESS |  
2019-09-04 11:46:26,593 | INFO  | OMAudit | user=jenkins1000 | ip=127.0.0.1 | op=ALLOCATE_BLOCK {volume=vol-0-58699, bucket=bucket-0-57464, key=key-0-37266, dataSize=0, replicationType=null, replicationFactor=null, keyLocationInfo=null, clientID=102734073355960722} | ret=SUCCESS |  
2019-09-04 11:46:26,601 | INFO  | DNAudit | user=null | ip=null | op=WRITE_CHUNK {blockData=conID: 2 locID: 102734075434697307 bcsId: 0} | ret=SUCCESS |  
2019-09-04 11:46:26,605 | INFO  | DNAudit | user=null | ip=null | op=WRITE_CHUNK {blockData=conID: 2 locID: 102734075434697307 bcsId: 0} | ret=SUCCESS |  
2019-09-04 11:46:26,605 | INFO  | DNAudit | user=null | ip=null | op=WRITE_CHUNK {blockData=conID: 2 locID: 102734075434697307 bcsId: 0} | ret=SUCCESS |  
2019-09-04 11:46:26,605 | INFO  | DNAudit | user=null | ip=null | op=WRITE_CHUNK {blockData=conID: 2 locID: 102734075434697307 bcsId: 0} | ret=SUCCESS |  
2019-09-04 11:46:26,607 | INFO  | DNAudit | user=null | ip=null | op=WRITE_CHUNK {blockData=conID: 2 locID: 102734075434697307 bcsId: 0} | ret=SUCCESS |  
2019-09-04 11:46:26,608 | INFO  | DNAudit | user=null | ip=null | op=WRITE_CHUNK {blockData=conID: 2 locID: 102734075434697307 bcsId: 0} | ret=SUCCESS |  
2019-09-04 11:46:26,614 | INFO  | DNAudit | user=null | ip=null | op=WRITE_CHUNK {blockData=conID: 2 locID: 102734075434697307 bcsId: 0} | ret=SUCCESS |  
2019-09-04 11:46:26,614 | INFO  | DNAudit | user=null | ip=null | op=PUT_BLOCK {blockData=[blockId=conID: 2 locID: 102734075434697307 bcsId: 0,size=1048576]} | ret=SUCCESS |  
2019-09-04 11:46:26,614 [grpc-default-executor-6] INFO  client.GrpcClientProtocolClient (GrpcClientProtocolClient.java:onNext(255)) - client-D5CE890D7D9E->efcb8ff8-f060-4d95-9215-d0f5eb4af037: receive RaftClientReply:client-D5CE890D7D9E->efcb8ff8-f060-4d95-9215-d0f5eb4af037@group-0959F8DF43ED, cid=2594, SUCCESS, logIndex=3867, commits[efcb8ff8-f060-4d95-9215-d0f5eb4af037:c3868, 6fae8b02-e804-4c0e-b729-a97b7404b7f6:c3866, 4c3e8a66-6975-4917-8225-d3efe707aaff:c3866]
2019-09-04 11:46:26,615 | INFO  | DNAudit | user=null | ip=null | op=WRITE_CHUNK {blockData=conID: 2 locID: 102734075434697307 bcsId: 0} | ret=SUCCESS |  
2019-09-04 11:46:26,615 [grpc-default-executor-6] INFO  client.GrpcClientProtocolClient (GrpcClientProtocolClient.java:onNext(255)) - client-D5CE890D7D9E->efcb8ff8-f060-4d95-9215-d0f5eb4af037: receive RaftClientReply:client-D5CE890D7D9E->efcb8ff8-f060-4d95-9215-d0f5eb4af037@group-0959F8DF43ED, cid=2595, SUCCESS, logIndex=3868, commits[efcb8ff8-f060-4d95-9215-d0f5eb4af037:c3868, 6fae8b02-e804-4c0e-b729-a97b7404b7f6:c3866, 4c3e8a66-6975-4917-8225-d3efe707aaff:c3866]
2019-09-04 11:46:26,615 | INFO  | DNAudit | user=null | ip=null | op=PUT_BLOCK {blockData=[blockId=conID: 2 locID: 102734075434697307 bcsId: 0,size=2097152]} | ret=SUCCESS |  
2019-09-04 11:46:26,616 [grpc-default-executor-6] INFO  client.GrpcClientProtocolClient (GrpcClientProtocolClient.java:onNext(255)) - client-D5CE890D7D9E->efcb8ff8-f060-4d95-9215-d0f5eb4af037: receive RaftClientReply:client-D5CE890D7D9E->efcb8ff8-f060-4d95-9215-d0f5eb4af037@group-0959F8DF43ED, cid=2596, SUCCESS, logIndex=3869, commits[efcb8ff8-f060-4d95-9215-d0f5eb4af037:c3870, 6fae8b02-e804-4c0e-b729-a97b7404b7f6:c3866, 4c3e8a66-6975-4917-8225-d3efe707aaff:c3866]
2019-09-04 11:46:26,616 [grpc-default-executor-6] INFO  client.GrpcClientProtocolClient (GrpcClientProtocolClient.java:onNext(255)) - client-D5CE890D7D9E->efcb8ff8-f060-4d95-9215-d0f5eb4af037: receive RaftClientReply:client-D5CE890D7D9E->efcb8ff8-f060-4d95-9215-d0f5eb4af037@group-0959F8DF43ED, cid=2597, SUCCESS, logIndex=3870, commits[efcb8ff8-f060-4d95-9215-d0f5eb4af037:c3870, 6fae8b02-e804-4c0e-b729-a97b7404b7f6:c3866, 4c3e8a66-6975-4917-8225-d3efe707aaff:c3866]
2019-09-04 11:46:26,616 | INFO  | DNAudit | user=null | ip=null | op=WRITE_CHUNK {blockData=conID: 2 locID: 102734075434697307 bcsId: 0} | ret=SUCCESS |  
2019-09-04 11:46:26,617 | INFO  | DNAudit | user=null | ip=null | op=PUT_BLOCK {blockData=[blockId=conID: 2 locID: 102734075434697307 bcsId: 0,size=1048576]} | ret=SUCCESS |  
2019-09-04 11:46:26,617 | INFO  | DNAudit | user=null | ip=null | op=WRITE_CHUNK {blockData=conID: 2 locID: 102734075434697307 bcsId: 0} | ret=SUCCESS |  
2019-09-04 11:46:26,617 | INFO  | DNAudit | user=null | ip=null | op=PUT_BLOCK {blockData=[blockId=conID: 2 locID: 102734075434697307 bcsId: 0,size=1048576]} | ret=SUCCESS |  
2019-09-04 11:46:26,617 | INFO  | DNAudit | user=null | ip=null | op=WRITE_CHUNK {blockData=conID: 2 locID: 102734075434697307 bcsId: 0} | ret=SUCCESS |  
2019-09-04 11:46:26,618 [grpc-default-executor-6] INFO  client.GrpcClientProtocolClient (GrpcClientProtocolClient.java:onNext(255)) - client-D5CE890D7D9E->efcb8ff8-f060-4d95-9215-d0f5eb4af037: receive RaftClientReply:client-D5CE890D7D9E->efcb8ff8-f060-4d95-9215-d0f5eb4af037@group-0959F8DF43ED, cid=2598, SUCCESS, logIndex=0, commits[efcb8ff8-f060-4d95-9215-d0f5eb4af037:c3872, 6fae8b02-e804-4c0e-b729-a97b7404b7f6:c3868, 4c3e8a66-6975-4917-8225-d3efe707aaff:c3868]
2019-09-04 11:46:26,618 | INFO  | DNAudit | user=null | ip=null | op=PUT_BLOCK {blockData=[blockId=conID: 2 locID: 102734075434697307 bcsId: 0,size=2097152]} | ret=SUCCESS |  
2019-09-04 11:46:26,618 | INFO  | DNAudit | user=null | ip=null | op=WRITE_CHUNK {blockData=conID: 2 locID: 102734075434697307 bcsId: 0} | ret=SUCCESS |  
2019-09-04 11:46:26,618 | INFO  | DNAudit | user=null | ip=null | op=PUT_BLOCK {blockData=[blockId=conID: 2 locID: 102734075434697307 bcsId: 0,size=2097152]} | ret=SUCCESS |  
2019-09-04 11:46:26,625 | INFO  | DNAudit | user=null | ip=null | op=WRITE_CHUNK {blockData=conID: 2 locID: 102734075434697307 bcsId: 3870} | ret=SUCCESS |  
2019-09-04 11:46:26,627 | INFO  | DNAudit | user=null | ip=null | op=WRITE_CHUNK {blockData=conID: 2 locID: 102734075434697307 bcsId: 3870} | ret=SUCCESS |  
2019-09-04 11:46:26,627 | INFO  | DNAudit | user=null | ip=null | op=WRITE_CHUNK {blockData=conID: 2 locID: 102734075434697307 bcsId: 3870} | ret=SUCCESS |  
2019-09-04 11:46:26,641 | INFO  | DNAudit | user=null | ip=null | op=WRITE_CHUNK {blockData=conID: 2 locID: 102734075434697307 bcsId: 3870} | ret=SUCCESS |  
2019-09-04 11:46:26,641 | INFO  | DNAudit | user=null | ip=null | op=PUT_BLOCK {blockData=[blockId=conID: 2 locID: 102734075434697307 bcsId: 0,size=3145728]} | ret=SUCCESS |  
2019-09-04 11:46:26,642 [grpc-default-executor-6] INFO  client.GrpcClientProtocolClient (GrpcClientProtocolClient.java:onNext(255)) - client-D5CE890D7D9E->efcb8ff8-f060-4d95-9215-d0f5eb4af037: receive RaftClientReply:client-D5CE890D7D9E->efcb8ff8-f060-4d95-9215-d0f5eb4af037@group-0959F8DF43ED, cid=2599, SUCCESS, logIndex=3875, commits[efcb8ff8-f060-4d95-9215-d0f5eb4af037:c3876, 6fae8b02-e804-4c0e-b729-a97b7404b7f6:c3874, 4c3e8a66-6975-4917-8225-d3efe707aaff:c3874]
2019-09-04 11:46:26,642 [grpc-default-executor-6] INFO  client.GrpcClientProtocolClient (GrpcClientProtocolClient.java:onNext(255)) - client-D5CE890D7D9E->efcb8ff8-f060-4d95-9215-d0f5eb4af037: receive RaftClientReply:client-D5CE890D7D9E->efcb8ff8-f060-4d95-9215-d0f5eb4af037@group-0959F8DF43ED, cid=2600, SUCCESS, logIndex=3876, commits[efcb8ff8-f060-4d95-9215-d0f5eb4af037:c3876, 6fae8b02-e804-4c0e-b729-a97b7404b7f6:c3874, 4c3e8a66-6975-4917-8225-d3efe707aaff:c3874]
2019-09-04 11:46:26,647 | INFO  | DNAudit | user=null | ip=null | op=WRITE_CHUNK {blockData=conID: 2 locID: 102734075434697307 bcsId: 3870} | ret=SUCCESS |  
2019-09-04 11:46:26,647 | INFO  | DNAudit | user=null | ip=null | op=WRITE_CHUNK {blockData=conID: 2 locID: 102734075434697307 bcsId: 3870} | ret=SUCCESS |  
2019-09-04 11:46:26,648 | INFO  | DNAudit | user=null | ip=null | op=PUT_BLOCK {blockData=[blockId=conID: 2 locID: 102734075434697307 bcsId: 0,size=3145728]} | ret=SUCCESS |  
2019-09-04 11:46:26,648 | INFO  | DNAudit | user=null | ip=null | op=PUT_BLOCK {blockData=[blockId=conID: 2 locID: 102734075434697307 bcsId: 0,size=3145728]} | ret=SUCCESS |  
2019-09-04 11:46:26,649 | INFO  | DNAudit | user=null | ip=null | op=WRITE_CHUNK {blockData=conID: 2 locID: 102734075434697307 bcsId: 3876} | ret=SUCCESS |  
2019-09-04 11:46:26,651 | INFO  | DNAudit | user=null | ip=null | op=WRITE_CHUNK {blockData=conID: 2 locID: 102734075434697307 bcsId: 3876} | ret=SUCCESS |  
2019-09-04 11:46:26,651 | INFO  | DNAudit | user=null | ip=null | op=WRITE_CHUNK {blockData=conID: 2 locID: 102734075434697307 bcsId: 3876} | ret=SUCCESS |  
2019-09-04 11:46:26,669 | INFO  | DNAudit | user=null | ip=null | op=WRITE_CHUNK {blockData=conID: 2 locID: 102734075434697307 bcsId: 3876} | ret=SUCCESS |  
2019-09-04 11:46:26,670 | INFO  | DNAudit | user=null | ip=null | op=PUT_BLOCK {blockData=[blockId=conID: 2 locID: 102734075434697307 bcsId: 0,size=4194304]} | ret=SUCCESS |  
2019-09-04 11:46:26,670 [grpc-default-executor-1] INFO  client.GrpcClientProtocolClient (GrpcClientProtocolClient.java:onNext(255)) - client-D5CE890D7D9E->efcb8ff8-f060-4d95-9215-d0f5eb4af037: receive RaftClientReply:client-D5CE890D7D9E->efcb8ff8-f060-4d95-9215-d0f5eb4af037@group-0959F8DF43ED, cid=2601, SUCCESS, logIndex=3879, commits[efcb8ff8-f060-4d95-9215-d0f5eb4af037:c3880, 6fae8b02-e804-4c0e-b729-a97b7404b7f6:c3877, 4c3e8a66-6975-4917-8225-d3efe707aaff:c3877]
2019-09-04 11:46:26,670 [grpc-default-executor-1] INFO  client.GrpcClientProtocolClient (GrpcClientProtocolClient.java:onNext(255)) - client-D5CE890D7D9E->efcb8ff8-f060-4d95-9215-d0f5eb4af037: receive RaftClientReply:client-D5CE890D7D9E->efcb8ff8-f060-4d95-9215-d0f5eb4af037@group-0959F8DF43ED, cid=2602, SUCCESS, logIndex=3880, commits[efcb8ff8-f060-4d95-9215-d0f5eb4af037:c3880, 6fae8b02-e804-4c0e-b729-a97b7404b7f6:c3877, 4c3e8a66-6975-4917-8225-d3efe707aaff:c3877]
2019-09-04 11:46:26,682 | INFO  | DNAudit | user=null | ip=null | op=WRITE_CHUNK {blockData=conID: 2 locID: 102734075434697307 bcsId: 3876} | ret=SUCCESS |  
2019-09-04 11:46:26,682 | INFO  | DNAudit | user=null | ip=null | op=WRITE_CHUNK {blockData=conID: 2 locID: 102734075434697307 bcsId: 3876} | ret=SUCCESS |  
2019-09-04 11:46:26,683 | INFO  | DNAudit | user=null | ip=null | op=PUT_BLOCK {blockData=[blockId=conID: 2 locID: 102734075434697307 bcsId: 0,size=4194304]} | ret=SUCCESS |  
2019-09-04 11:46:26,683 | INFO  | DNAudit | user=null | ip=null | op=PUT_BLOCK {blockData=[blockId=conID: 2 locID: 102734075434697307 bcsId: 0,size=4194304]} | ret=SUCCESS |  
2019-09-04 11:46:26,684 [grpc-default-executor-1] INFO  client.GrpcClientProtocolClient (GrpcClientProtocolClient.java:onNext(255)) - client-D5CE890D7D9E->efcb8ff8-f060-4d95-9215-d0f5eb4af037: receive RaftClientReply:client-D5CE890D7D9E->efcb8ff8-f060-4d95-9215-d0f5eb4af037@group-0959F8DF43ED, cid=2603, SUCCESS, logIndex=0, commits[efcb8ff8-f060-4d95-9215-d0f5eb4af037:c3882, 6fae8b02-e804-4c0e-b729-a97b7404b7f6:c3880, 4c3e8a66-6975-4917-8225-d3efe707aaff:c3880]
2019-09-04 11:46:26,691 | INFO  | SCMAudit | user=jenkins1000 | ip=192.168.36.67 | op=ALLOCATE_BLOCK {owner=8ab292a2-aaa7-4ad8-863a-d33994811155, size=4194304, type=RATIS, factor=THREE} | ret=SUCCESS |  
2019-09-04 11:46:26,695 | INFO  | OMAudit | user=jenkins1000 | ip=127.0.0.1 | op=ALLOCATE_BLOCK {volume=vol-0-58699, bucket=bucket-0-57464, key=key-0-37266, dataSize=0, replicationType=null, replicationFactor=null, keyLocationInfo=null, clientID=102734073355960722} | ret=SUCCESS |  
2019-09-04 11:46:26,702 | INFO  | DNAudit | user=null | ip=null | op=WRITE_CHUNK {blockData=conID: 3 locID: 102734075441381980 bcsId: 0} | ret=SUCCESS |  
2019-09-04 11:46:26,706 | INFO  | DNAudit | user=null | ip=null | op=WRITE_CHUNK {blockData=conID: 3 locID: 102734075441381980 bcsId: 0} | ret=SUCCESS |  
2019-09-04 11:46:26,706 | INFO  | DNAudit | user=null | ip=null | op=WRITE_CHUNK {blockData=conID: 3 locID: 102734075441381980 bcsId: 0} | ret=SUCCESS |  
2019-09-04 11:46:26,706 | INFO  | DNAudit | user=null | ip=null | op=WRITE_CHUNK {blockData=conID: 3 locID: 102734075441381980 bcsId: 0} | ret=SUCCESS |  
2019-09-04 11:46:26,707 | INFO  | DNAudit | user=null | ip=null | op=WRITE_CHUNK {blockData=conID: 3 locID: 102734075441381980 bcsId: 0} | ret=SUCCESS |  
2019-09-04 11:46:26,708 | INFO  | DNAudit | user=null | ip=null | op=WRITE_CHUNK {blockData=conID: 3 locID: 102734075441381980 bcsId: 0} | ret=SUCCESS |  
2019-09-04 11:46:26,709 | INFO  | SCMAudit | user=jenkins1000 | ip=192.168.36.67 | op=SEND_HEARTBEAT {datanodeUUID=b68b188c-7f38-42ae-8403-46a39acd0731, command=[]} | ret=SUCCESS |  
2019-09-04 11:46:26,730 | INFO  | DNAudit | user=null | ip=null | op=WRITE_CHUNK {blockData=conID: 3 locID: 102734075441381980 bcsId: 0} | ret=SUCCESS |  
2019-09-04 11:46:26,731 | INFO  | DNAudit | user=null | ip=null | op=PUT_BLOCK {blockData=[blockId=conID: 3 locID: 102734075441381980 bcsId: 0,size=1048576]} | ret=SUCCESS |  
2019-09-04 11:46:26,731 [grpc-default-executor-0] INFO  client.GrpcClientProtocolClient (GrpcClientProtocolClient.java:onNext(255)) - client-D5CE890D7D9E->efcb8ff8-f060-4d95-9215-d0f5eb4af037: receive RaftClientReply:client-D5CE890D7D9E->efcb8ff8-f060-4d95-9215-d0f5eb4af037@group-0959F8DF43ED, cid=2604, SUCCESS, logIndex=3883, commits[efcb8ff8-f060-4d95-9215-d0f5eb4af037:c3884, 6fae8b02-e804-4c0e-b729-a97b7404b7f6:c3882, 4c3e8a66-6975-4917-8225-d3efe707aaff:c3882]
2019-09-04 11:46:26,731 | INFO  | DNAudit | user=null | ip=null | op=WRITE_CHUNK {blockData=conID: 3 locID: 102734075441381980 bcsId: 0} | ret=SUCCESS |  
2019-09-04 11:46:26,732 | INFO  | DNAudit | user=null | ip=null | op=PUT_BLOCK {blockData=[blockId=conID: 3 locID: 102734075441381980 bcsId: 0,size=2097152]} | ret=SUCCESS |  
2019-09-04 11:46:26,732 [grpc-default-executor-0] INFO  client.GrpcClientProtocolClient (GrpcClientProtocolClient.java:onNext(255)) - client-D5CE890D7D9E->efcb8ff8-f060-4d95-9215-d0f5eb4af037: receive RaftClientReply:client-D5CE890D7D9E->efcb8ff8-f060-4d95-9215-d0f5eb4af037@group-0959F8DF43ED, cid=2605, SUCCESS, logIndex=3884, commits[efcb8ff8-f060-4d95-9215-d0f5eb4af037:c3886, 6fae8b02-e804-4c0e-b729-a97b7404b7f6:c3882, 4c3e8a66-6975-4917-8225-d3efe707aaff:c3882]
2019-09-04 11:46:26,732 [grpc-default-executor-0] INFO  client.GrpcClientProtocolClient (GrpcClientProtocolClient.java:onNext(255)) - client-D5CE890D7D9E->efcb8ff8-f060-4d95-9215-d0f5eb4af037: receive RaftClientReply:client-D5CE890D7D9E->efcb8ff8-f060-4d95-9215-d0f5eb4af037@group-0959F8DF43ED, cid=2606, SUCCESS, logIndex=3885, commits[efcb8ff8-f060-4d95-9215-d0f5eb4af037:c3886, 6fae8b02-e804-4c0e-b729-a97b7404b7f6:c3882, 4c3e8a66-6975-4917-8225-d3efe707aaff:c3882]
2019-09-04 11:46:26,732 [grpc-default-executor-0] INFO  client.GrpcClientProtocolClient (GrpcClientProtocolClient.java:onNext(255)) - client-D5CE890D7D9E->efcb8ff8-f060-4d95-9215-d0f5eb4af037: receive RaftClientReply:client-D5CE890D7D9E->efcb8ff8-f060-4d95-9215-d0f5eb4af037@group-0959F8DF43ED, cid=2607, SUCCESS, logIndex=3886, commits[efcb8ff8-f060-4d95-9215-d0f5eb4af037:c3886, 6fae8b02-e804-4c0e-b729-a97b7404b7f6:c3882, 4c3e8a66-6975-4917-8225-d3efe707aaff:c3882]
2019-09-04 11:46:26,737 | INFO  | SCMAudit | user=jenkins1000 | ip=192.168.36.67 | op=SEND_HEARTBEAT {datanodeUUID=6fae8b02-e804-4c0e-b729-a97b7404b7f6, command=[]} | ret=SUCCESS |  
2019-09-04 11:46:26,737 | INFO  | SCMAudit | user=jenkins1000 | ip=192.168.36.67 | op=SEND_HEARTBEAT {datanodeUUID=4c3e8a66-6975-4917-8225-d3efe707aaff, command=[]} | ret=SUCCESS |  
2019-09-04 11:46:26,740 | INFO  | DNAudit | user=null | ip=null | op=WRITE_CHUNK {blockData=conID: 3 locID: 102734075441381980 bcsId: 0} | ret=SUCCESS |  
2019-09-04 11:46:26,740 | INFO  | DNAudit | user=null | ip=null | op=PUT_BLOCK {blockData=[blockId=conID: 3 locID: 102734075441381980 bcsId: 0,size=1048576]} | ret=SUCCESS |  
2019-09-04 11:46:26,740 | INFO  | SCMAudit | user=jenkins1000 | ip=192.168.36.67 | op=SEND_HEARTBEAT {datanodeUUID=0b776101-1d39-4f23-96c0-6a8ead31197c, command=[]} | ret=SUCCESS |  
2019-09-04 11:46:26,741 | INFO  | DNAudit | user=null | ip=null | op=WRITE_CHUNK {blockData=conID: 3 locID: 102734075441381980 bcsId: 0} | ret=SUCCESS |  
2019-09-04 11:46:26,741 | INFO  | DNAudit | user=null | ip=null | op=PUT_BLOCK {blockData=[blockId=conID: 3 locID: 102734075441381980 bcsId: 0,size=1048576]} | ret=SUCCESS |  
2019-09-04 11:46:26,741 | INFO  | DNAudit | user=null | ip=null | op=WRITE_CHUNK {blockData=conID: 3 locID: 102734075441381980 bcsId: 0} | ret=SUCCESS |  
2019-09-04 11:46:26,741 | INFO  | DNAudit | user=null | ip=null | op=PUT_BLOCK {blockData=[blockId=conID: 3 locID: 102734075441381980 bcsId: 0,size=2097152]} | ret=SUCCESS |  
2019-09-04 11:46:26,741 | INFO  | DNAudit | user=null | ip=null | op=WRITE_CHUNK {blockData=conID: 3 locID: 102734075441381980 bcsId: 0} | ret=SUCCESS |  
2019-09-04 11:46:26,742 | INFO  | DNAudit | user=null | ip=null | op=PUT_BLOCK {blockData=[blockId=conID: 3 locID: 102734075441381980 bcsId: 0,size=2097152]} | ret=SUCCESS |  
2019-09-04 11:46:26,742 [grpc-default-executor-1] INFO  client.GrpcClientProtocolClient (GrpcClientProtocolClient.java:onNext(255)) - client-D5CE890D7D9E->efcb8ff8-f060-4d95-9215-d0f5eb4af037: receive RaftClientReply:client-D5CE890D7D9E->efcb8ff8-f060-4d95-9215-d0f5eb4af037@group-0959F8DF43ED, cid=2608, SUCCESS, logIndex=0, commits[efcb8ff8-f060-4d95-9215-d0f5eb4af037:c3887, 6fae8b02-e804-4c0e-b729-a97b7404b7f6:c3884, 4c3e8a66-6975-4917-8225-d3efe707aaff:c3884]
2019-09-04 11:46:26,743 | INFO  | SCMAudit | user=jenkins1000 | ip=192.168.36.67 | op=SEND_HEARTBEAT {datanodeUUID=efcb8ff8-f060-4d95-9215-d0f5eb4af037, command=[]} | ret=SUCCESS |  
2019-09-04 11:46:26,749 | INFO  | DNAudit | user=null | ip=null | op=WRITE_CHUNK {blockData=conID: 3 locID: 102734075441381980 bcsId: 3886} | ret=SUCCESS |  
2019-09-04 11:46:26,751 | INFO  | DNAudit | user=null | ip=null | op=WRITE_CHUNK {blockData=conID: 3 locID: 102734075441381980 bcsId: 3886} | ret=SUCCESS |  
2019-09-04 11:46:26,752 | INFO  | DNAudit | user=null | ip=null | op=WRITE_CHUNK {blockData=conID: 3 locID: 102734075441381980 bcsId: 3886} | ret=SUCCESS |  
2019-09-04 11:46:26,755 | INFO  | DNAudit | user=null | ip=null | op=WRITE_CHUNK {blockData=conID: 3 locID: 102734075441381980 bcsId: 3886} | ret=SUCCESS |  
2019-09-04 11:46:26,756 | INFO  | DNAudit | user=null | ip=null | op=PUT_BLOCK {blockData=[blockId=conID: 3 locID: 102734075441381980 bcsId: 0,size=3145728]} | ret=SUCCESS |  
2019-09-04 11:46:26,756 [grpc-default-executor-0] INFO  client.GrpcClientProtocolClient (GrpcClientProtocolClient.java:onNext(255)) - client-D5CE890D7D9E->efcb8ff8-f060-4d95-9215-d0f5eb4af037: receive RaftClientReply:client-D5CE890D7D9E->efcb8ff8-f060-4d95-9215-d0f5eb4af037@group-0959F8DF43ED, cid=2609, SUCCESS, logIndex=3891, commits[efcb8ff8-f060-4d95-9215-d0f5eb4af037:c3892, 6fae8b02-e804-4c0e-b729-a97b7404b7f6:c3890, 4c3e8a66-6975-4917-8225-d3efe707aaff:c3890]
2019-09-04 11:46:26,756 [grpc-default-executor-0] INFO  client.GrpcClientProtocolClient (GrpcClientProtocolClient.java:onNext(255)) - client-D5CE890D7D9E->efcb8ff8-f060-4d95-9215-d0f5eb4af037: receive RaftClientReply:client-D5CE890D7D9E->efcb8ff8-f060-4d95-9215-d0f5eb4af037@group-0959F8DF43ED, cid=2610, SUCCESS, logIndex=3892, commits[efcb8ff8-f060-4d95-9215-d0f5eb4af037:c3892, 6fae8b02-e804-4c0e-b729-a97b7404b7f6:c3890, 4c3e8a66-6975-4917-8225-d3efe707aaff:c3890]
2019-09-04 11:46:26,763 | INFO  | DNAudit | user=null | ip=null | op=WRITE_CHUNK {blockData=conID: 3 locID: 102734075441381980 bcsId: 3892} | ret=SUCCESS |  
2019-09-04 11:46:26,765 | INFO  | DNAudit | user=null | ip=null | op=WRITE_CHUNK {blockData=conID: 3 locID: 102734075441381980 bcsId: 3886} | ret=SUCCESS |  
2019-09-04 11:46:26,765 | INFO  | DNAudit | user=null | ip=null | op=WRITE_CHUNK {blockData=conID: 3 locID: 102734075441381980 bcsId: 3886} | ret=SUCCESS |  
2019-09-04 11:46:26,766 | INFO  | DNAudit | user=null | ip=null | op=WRITE_CHUNK {blockData=conID: 3 locID: 102734075441381980 bcsId: 3892} | ret=SUCCESS |  
2019-09-04 11:46:26,766 | INFO  | DNAudit | user=null | ip=null | op=WRITE_CHUNK {blockData=conID: 3 locID: 102734075441381980 bcsId: 3892} | ret=SUCCESS |  
2019-09-04 11:46:26,787 | INFO  | DNAudit | user=null | ip=null | op=PUT_BLOCK {blockData=[blockId=conID: 3 locID: 102734075441381980 bcsId: 0,size=3145728]} | ret=SUCCESS |  
2019-09-04 11:46:26,788 | INFO  | DNAudit | user=null | ip=null | op=WRITE_CHUNK {blockData=conID: 3 locID: 102734075441381980 bcsId: 3892} | ret=SUCCESS |  
2019-09-04 11:46:26,788 | INFO  | DNAudit | user=null | ip=null | op=PUT_BLOCK {blockData=[blockId=conID: 3 locID: 102734075441381980 bcsId: 0,size=3145728]} | ret=SUCCESS |  
2019-09-04 11:46:26,788 | INFO  | DNAudit | user=null | ip=null | op=PUT_BLOCK {blockData=[blockId=conID: 3 locID: 102734075441381980 bcsId: 0,size=4194304]} | ret=SUCCESS |  
2019-09-04 11:46:26,789 [grpc-default-executor-5] INFO  client.GrpcClientProtocolClient (GrpcClientProtocolClient.java:onNext(255)) - client-D5CE890D7D9E->efcb8ff8-f060-4d95-9215-d0f5eb4af037: receive RaftClientReply:client-D5CE890D7D9E->efcb8ff8-f060-4d95-9215-d0f5eb4af037@group-0959F8DF43ED, cid=2611, SUCCESS, logIndex=3895, commits[efcb8ff8-f060-4d95-9215-d0f5eb4af037:c3896, 6fae8b02-e804-4c0e-b729-a97b7404b7f6:c3892, 4c3e8a66-6975-4917-8225-d3efe707aaff:c3892]
2019-09-04 11:46:26,789 [grpc-default-executor-5] INFO  client.GrpcClientProtocolClient (GrpcClientProtocolClient.java:onNext(255)) - client-D5CE890D7D9E->efcb8ff8-f060-4d95-9215-d0f5eb4af037: receive RaftClientReply:client-D5CE890D7D9E->efcb8ff8-f060-4d95-9215-d0f5eb4af037@group-0959F8DF43ED, cid=2612, SUCCESS, logIndex=3896, commits[efcb8ff8-f060-4d95-9215-d0f5eb4af037:c3896, 6fae8b02-e804-4c0e-b729-a97b7404b7f6:c3892, 4c3e8a66-6975-4917-8225-d3efe707aaff:c3892]
2019-09-04 11:46:26,800 | INFO  | DNAudit | user=null | ip=null | op=WRITE_CHUNK {blockData=conID: 3 locID: 102734075441381980 bcsId: 3892} | ret=SUCCESS |  
2019-09-04 11:46:26,800 | INFO  | DNAudit | user=null | ip=null | op=WRITE_CHUNK {blockData=conID: 3 locID: 102734075441381980 bcsId: 3892} | ret=SUCCESS |  
2019-09-04 11:46:26,800 | INFO  | DNAudit | user=null | ip=null | op=PUT_BLOCK {blockData=[blockId=conID: 3 locID: 102734075441381980 bcsId: 0,size=4194304]} | ret=SUCCESS |  
2019-09-04 11:46:26,801 | INFO  | DNAudit | user=null | ip=null | op=PUT_BLOCK {blockData=[blockId=conID: 3 locID: 102734075441381980 bcsId: 0,size=4194304]} | ret=SUCCESS |  
2019-09-04 11:46:26,801 [grpc-default-executor-5] INFO  client.GrpcClientProtocolClient (GrpcClientProtocolClient.java:onNext(255)) - client-D5CE890D7D9E->efcb8ff8-f060-4d95-9215-d0f5eb4af037: receive RaftClientReply:client-D5CE890D7D9E->efcb8ff8-f060-4d95-9215-d0f5eb4af037@group-0959F8DF43ED, cid=2613, SUCCESS, logIndex=0, commits[efcb8ff8-f060-4d95-9215-d0f5eb4af037:c3897, 6fae8b02-e804-4c0e-b729-a97b7404b7f6:c3896, 4c3e8a66-6975-4917-8225-d3efe707aaff:c3896]
2019-09-04 11:46:26,807 | INFO  | SCMAudit | user=jenkins1000 | ip=192.168.36.67 | op=ALLOCATE_BLOCK {owner=8ab292a2-aaa7-4ad8-863a-d33994811155, size=4194304, type=RATIS, factor=THREE} | ret=SUCCESS |  
2019-09-04 11:46:26,811 | INFO  | OMAudit | user=jenkins1000 | ip=127.0.0.1 | op=ALLOCATE_BLOCK {volume=vol-0-58699, bucket=bucket-0-57464, key=key-0-37266, dataSize=0, replicationType=null, replicationFactor=null, keyLocationInfo=null, clientID=102734073355960722} | ret=SUCCESS |  
2019-09-04 11:46:26,819 | INFO  | DNAudit | user=null | ip=null | op=WRITE_CHUNK {blockData=conID: 1 locID: 102734075448984157 bcsId: 0} | ret=SUCCESS |  
2019-09-04 11:46:26,821 | INFO  | DNAudit | user=null | ip=null | op=WRITE_CHUNK {blockData=conID: 1 locID: 102734075448984157 bcsId: 0} | ret=SUCCESS |  
2019-09-04 11:46:26,822 | INFO  | DNAudit | user=null | ip=null | op=WRITE_CHUNK {blockData=conID: 1 locID: 102734075448984157 bcsId: 0} | ret=SUCCESS |  
2019-09-04 11:46:26,823 | INFO  | DNAudit | user=null | ip=null | op=WRITE_CHUNK {blockData=conID: 1 locID: 102734075448984157 bcsId: 0} | ret=SUCCESS |  
2019-09-04 11:46:26,823 | INFO  | DNAudit | user=null | ip=null | op=WRITE_CHUNK {blockData=conID: 1 locID: 102734075448984157 bcsId: 0} | ret=SUCCESS |  
2019-09-04 11:46:26,824 | INFO  | DNAudit | user=null | ip=null | op=WRITE_CHUNK {blockData=conID: 1 locID: 102734075448984157 bcsId: 0} | ret=SUCCESS |  
2019-09-04 11:46:26,833 | INFO  | DNAudit | user=null | ip=null | op=WRITE_CHUNK {blockData=conID: 1 locID: 102734075448984157 bcsId: 0} | ret=SUCCESS |  
2019-09-04 11:46:26,834 | INFO  | DNAudit | user=null | ip=null | op=PUT_BLOCK {blockData=[blockId=conID: 1 locID: 102734075448984157 bcsId: 0,size=1048576]} | ret=SUCCESS |  
2019-09-04 11:46:26,834 [grpc-default-executor-5] INFO  client.GrpcClientProtocolClient (GrpcClientProtocolClient.java:onNext(255)) - client-D5CE890D7D9E->efcb8ff8-f060-4d95-9215-d0f5eb4af037: receive RaftClientReply:client-D5CE890D7D9E->efcb8ff8-f060-4d95-9215-d0f5eb4af037@group-0959F8DF43ED, cid=2614, SUCCESS, logIndex=3899, commits[efcb8ff8-f060-4d95-9215-d0f5eb4af037:c3900, 6fae8b02-e804-4c0e-b729-a97b7404b7f6:c3898, 4c3e8a66-6975-4917-8225-d3efe707aaff:c3898]
2019-09-04 11:46:26,834 | INFO  | DNAudit | user=null | ip=null | op=WRITE_CHUNK {blockData=conID: 1 locID: 102734075448984157 bcsId: 0} | ret=SUCCESS |  
2019-09-04 11:46:26,834 | INFO  | DNAudit | user=null | ip=null | op=PUT_BLOCK {blockData=[blockId=conID: 1 locID: 102734075448984157 bcsId: 0,size=2097152]} | ret=SUCCESS |  
2019-09-04 11:46:26,834 [grpc-default-executor-5] INFO  client.GrpcClientProtocolClient (GrpcClientProtocolClient.java:onNext(255)) - client-D5CE890D7D9E->efcb8ff8-f060-4d95-9215-d0f5eb4af037: receive RaftClientReply:client-D5CE890D7D9E->efcb8ff8-f060-4d95-9215-d0f5eb4af037@group-0959F8DF43ED, cid=2615, SUCCESS, logIndex=3900, commits[efcb8ff8-f060-4d95-9215-d0f5eb4af037:c3902, 6fae8b02-e804-4c0e-b729-a97b7404b7f6:c3898, 4c3e8a66-6975-4917-8225-d3efe707aaff:c3898]
2019-09-04 11:46:26,835 [grpc-default-executor-5] INFO  client.GrpcClientProtocolClient (GrpcClientProtocolClient.java:onNext(255)) - client-D5CE890D7D9E->efcb8ff8-f060-4d95-9215-d0f5eb4af037: receive RaftClientReply:client-D5CE890D7D9E->efcb8ff8-f060-4d95-9215-d0f5eb4af037@group-0959F8DF43ED, cid=2616, SUCCESS, logIndex=3901, commits[efcb8ff8-f060-4d95-9215-d0f5eb4af037:c3902, 6fae8b02-e804-4c0e-b729-a97b7404b7f6:c3898, 4c3e8a66-6975-4917-8225-d3efe707aaff:c3898]
2019-09-04 11:46:26,835 [grpc-default-executor-5] INFO  client.GrpcClientProtocolClient (GrpcClientProtocolClient.java:onNext(255)) - client-D5CE890D7D9E->efcb8ff8-f060-4d95-9215-d0f5eb4af037: receive RaftClientReply:client-D5CE890D7D9E->efcb8ff8-f060-4d95-9215-d0f5eb4af037@group-0959F8DF43ED, cid=2617, SUCCESS, logIndex=3902, commits[efcb8ff8-f060-4d95-9215-d0f5eb4af037:c3902, 6fae8b02-e804-4c0e-b729-a97b7404b7f6:c3898, 4c3e8a66-6975-4917-8225-d3efe707aaff:c3898]
2019-09-04 11:46:26,859 | INFO  | DNAudit | user=null | ip=null | op=WRITE_CHUNK {blockData=conID: 1 locID: 102734075448984157 bcsId: 0} | ret=SUCCESS |  
2019-09-04 11:46:26,860 | INFO  | DNAudit | user=null | ip=null | op=WRITE_CHUNK {blockData=conID: 1 locID: 102734075448984157 bcsId: 0} | ret=SUCCESS |  
2019-09-04 11:46:26,860 | INFO  | DNAudit | user=null | ip=null | op=PUT_BLOCK {blockData=[blockId=conID: 1 locID: 102734075448984157 bcsId: 0,size=1048576]} | ret=SUCCESS |  
2019-09-04 11:46:26,866 | INFO  | DNAudit | user=null | ip=null | op=PUT_BLOCK {blockData=[blockId=conID: 1 locID: 102734075448984157 bcsId: 0,size=1048576]} | ret=SUCCESS |  
2019-09-04 11:46:26,866 | INFO  | DNAudit | user=null | ip=null | op=WRITE_CHUNK {blockData=conID: 1 locID: 102734075448984157 bcsId: 0} | ret=SUCCESS |  
2019-09-04 11:46:26,867 | INFO  | DNAudit | user=null | ip=null | op=PUT_BLOCK {blockData=[blockId=conID: 1 locID: 102734075448984157 bcsId: 0,size=2097152]} | ret=SUCCESS |  
2019-09-04 11:46:26,867 | INFO  | DNAudit | user=null | ip=null | op=WRITE_CHUNK {blockData=conID: 1 locID: 102734075448984157 bcsId: 0} | ret=SUCCESS |  
2019-09-04 11:46:26,867 [grpc-default-executor-5] INFO  client.GrpcClientProtocolClient (GrpcClientProtocolClient.java:onNext(255)) - client-D5CE890D7D9E->efcb8ff8-f060-4d95-9215-d0f5eb4af037: receive RaftClientReply:client-D5CE890D7D9E->efcb8ff8-f060-4d95-9215-d0f5eb4af037@group-0959F8DF43ED, cid=2618, SUCCESS, logIndex=0, commits[efcb8ff8-f060-4d95-9215-d0f5eb4af037:c3904, 6fae8b02-e804-4c0e-b729-a97b7404b7f6:c3900, 4c3e8a66-6975-4917-8225-d3efe707aaff:c3900]
2019-09-04 11:46:26,867 | INFO  | DNAudit | user=null | ip=null | op=PUT_BLOCK {blockData=[blockId=conID: 1 locID: 102734075448984157 bcsId: 0,size=2097152]} | ret=SUCCESS |  
2019-09-04 11:46:26,874 | INFO  | DNAudit | user=null | ip=null | op=WRITE_CHUNK {blockData=conID: 1 locID: 102734075448984157 bcsId: 3902} | ret=SUCCESS |  
2019-09-04 11:46:26,877 | INFO  | DNAudit | user=null | ip=null | op=WRITE_CHUNK {blockData=conID: 1 locID: 102734075448984157 bcsId: 3902} | ret=SUCCESS |  
2019-09-04 11:46:26,878 | INFO  | DNAudit | user=null | ip=null | op=WRITE_CHUNK {blockData=conID: 1 locID: 102734075448984157 bcsId: 3902} | ret=SUCCESS |  
2019-09-04 11:46:26,890 | INFO  | DNAudit | user=null | ip=null | op=WRITE_CHUNK {blockData=conID: 1 locID: 102734075448984157 bcsId: 3902} | ret=SUCCESS |  
2019-09-04 11:46:26,890 | INFO  | DNAudit | user=null | ip=null | op=PUT_BLOCK {blockData=[blockId=conID: 1 locID: 102734075448984157 bcsId: 0,size=3145728]} | ret=SUCCESS |  
2019-09-04 11:46:26,890 [grpc-default-executor-0] INFO  client.GrpcClientProtocolClient (GrpcClientProtocolClient.java:onNext(255)) - client-D5CE890D7D9E->efcb8ff8-f060-4d95-9215-d0f5eb4af037: receive RaftClientReply:client-D5CE890D7D9E->efcb8ff8-f060-4d95-9215-d0f5eb4af037@group-0959F8DF43ED, cid=2619, SUCCESS, logIndex=3906, commits[efcb8ff8-f060-4d95-9215-d0f5eb4af037:c3907, 6fae8b02-e804-4c0e-b729-a97b7404b7f6:c3905, 4c3e8a66-6975-4917-8225-d3efe707aaff:c3905]
2019-09-04 11:46:26,891 [grpc-default-executor-0] INFO  client.GrpcClientProtocolClient (GrpcClientProtocolClient.java:onNext(255)) - client-D5CE890D7D9E->efcb8ff8-f060-4d95-9215-d0f5eb4af037: receive RaftClientReply:client-D5CE890D7D9E->efcb8ff8-f060-4d95-9215-d0f5eb4af037@group-0959F8DF43ED, cid=2620, SUCCESS, logIndex=3907, commits[efcb8ff8-f060-4d95-9215-d0f5eb4af037:c3907, 6fae8b02-e804-4c0e-b729-a97b7404b7f6:c3905, 4c3e8a66-6975-4917-8225-d3efe707aaff:c3905]
2019-09-04 11:46:26,898 | INFO  | DNAudit | user=null | ip=null | op=WRITE_CHUNK {blockData=conID: 1 locID: 102734075448984157 bcsId: 3907} | ret=SUCCESS |  
2019-09-04 11:46:26,900 | INFO  | DNAudit | user=null | ip=null | op=WRITE_CHUNK {blockData=conID: 1 locID: 102734075448984157 bcsId: 3907} | ret=SUCCESS |  
2019-09-04 11:46:26,900 | INFO  | DNAudit | user=null | ip=null | op=WRITE_CHUNK {blockData=conID: 1 locID: 102734075448984157 bcsId: 3907} | ret=SUCCESS |  
2019-09-04 11:46:26,917 | INFO  | DNAudit | user=null | ip=null | op=WRITE_CHUNK {blockData=conID: 1 locID: 102734075448984157 bcsId: 3902} | ret=SUCCESS |  
2019-09-04 11:46:26,918 | INFO  | DNAudit | user=null | ip=null | op=WRITE_CHUNK {blockData=conID: 1 locID: 102734075448984157 bcsId: 3902} | ret=SUCCESS |  
2019-09-04 11:46:26,919 | INFO  | DNAudit | user=null | ip=null | op=PUT_BLOCK {blockData=[blockId=conID: 1 locID: 102734075448984157 bcsId: 0,size=3145728]} | ret=SUCCESS |  
2019-09-04 11:46:26,919 | INFO  | DNAudit | user=null | ip=null | op=WRITE_CHUNK {blockData=conID: 1 locID: 102734075448984157 bcsId: 3907} | ret=SUCCESS |  
2019-09-04 11:46:26,919 | INFO  | DNAudit | user=null | ip=null | op=PUT_BLOCK {blockData=[blockId=conID: 1 locID: 102734075448984157 bcsId: 0,size=3145728]} | ret=SUCCESS |  
2019-09-04 11:46:26,920 | INFO  | DNAudit | user=null | ip=null | op=PUT_BLOCK {blockData=[blockId=conID: 1 locID: 102734075448984157 bcsId: 0,size=4194304]} | ret=SUCCESS |  
2019-09-04 11:46:26,920 [grpc-default-executor-5] INFO  client.GrpcClientProtocolClient (GrpcClientProtocolClient.java:onNext(255)) - client-D5CE890D7D9E->efcb8ff8-f060-4d95-9215-d0f5eb4af037: receive RaftClientReply:client-D5CE890D7D9E->efcb8ff8-f060-4d95-9215-d0f5eb4af037@group-0959F8DF43ED, cid=2621, SUCCESS, logIndex=3910, commits[efcb8ff8-f060-4d95-9215-d0f5eb4af037:c3910, 6fae8b02-e804-4c0e-b729-a97b7404b7f6:c3907, 4c3e8a66-6975-4917-8225-d3efe707aaff:c3906]
2019-09-04 11:46:26,920 [grpc-default-executor-5] INFO  client.GrpcClientProtocolClient (GrpcClientProtocolClient.java:onNext(255)) - client-D5CE890D7D9E->efcb8ff8-f060-4d95-9215-d0f5eb4af037: receive RaftClientReply:client-D5CE890D7D9E->efcb8ff8-f060-4d95-9215-d0f5eb4af037@group-0959F8DF43ED, cid=2622, SUCCESS, logIndex=3911, commits[efcb8ff8-f060-4d95-9215-d0f5eb4af037:c3911, 6fae8b02-e804-4c0e-b729-a97b7404b7f6:c3907, 4c3e8a66-6975-4917-8225-d3efe707aaff:c3907]
2019-09-04 11:46:26,927 | INFO  | DNAudit | user=null | ip=null | op=WRITE_CHUNK {blockData=conID: 1 locID: 102734075448984157 bcsId: 3907} | ret=SUCCESS |  
2019-09-04 11:46:26,928 | INFO  | DNAudit | user=null | ip=null | op=WRITE_CHUNK {blockData=conID: 1 locID: 102734075448984157 bcsId: 3907} | ret=SUCCESS |  
2019-09-04 11:46:26,929 | INFO  | DNAudit | user=null | ip=null | op=PUT_BLOCK {blockData=[blockId=conID: 1 locID: 102734075448984157 bcsId: 0,size=4194304]} | ret=SUCCESS |  
2019-09-04 11:46:26,929 | INFO  | DNAudit | user=null | ip=null | op=PUT_BLOCK {blockData=[blockId=conID: 1 locID: 102734075448984157 bcsId: 0,size=4194304]} | ret=SUCCESS |  
2019-09-04 11:46:26,929 [grpc-default-executor-5] INFO  client.GrpcClientProtocolClient (GrpcClientProtocolClient.java:onNext(255)) - client-D5CE890D7D9E->efcb8ff8-f060-4d95-9215-d0f5eb4af037: receive RaftClientReply:client-D5CE890D7D9E->efcb8ff8-f060-4d95-9215-d0f5eb4af037@group-0959F8DF43ED, cid=2623, SUCCESS, logIndex=0, commits[efcb8ff8-f060-4d95-9215-d0f5eb4af037:c3913, 6fae8b02-e804-4c0e-b729-a97b7404b7f6:c3911, 4c3e8a66-6975-4917-8225-d3efe707aaff:c3911]
2019-09-04 11:46:26,935 | INFO  | SCMAudit | user=jenkins1000 | ip=192.168.36.67 | op=ALLOCATE_BLOCK {owner=8ab292a2-aaa7-4ad8-863a-d33994811155, size=4194304, type=RATIS, factor=THREE} | ret=SUCCESS |  
2019-09-04 11:46:26,939 | INFO  | OMAudit | user=jenkins1000 | ip=127.0.0.1 | op=ALLOCATE_BLOCK {volume=vol-0-58699, bucket=bucket-0-57464, key=key-0-37266, dataSize=0, replicationType=null, replicationFactor=null, keyLocationInfo=null, clientID=102734073355960722} | ret=SUCCESS |  
2019-09-04 11:46:26,945 | INFO  | DNAudit | user=null | ip=null | op=WRITE_CHUNK {blockData=conID: 2 locID: 102734075457372766 bcsId: 0} | ret=SUCCESS |  
2019-09-04 11:46:26,947 | INFO  | DNAudit | user=null | ip=null | op=WRITE_CHUNK {blockData=conID: 2 locID: 102734075457372766 bcsId: 0} | ret=SUCCESS |  
2019-09-04 11:46:26,948 | INFO  | DNAudit | user=null | ip=null | op=WRITE_CHUNK {blockData=conID: 2 locID: 102734075457372766 bcsId: 0} | ret=SUCCESS |  
2019-09-04 11:46:26,949 | INFO  | DNAudit | user=null | ip=null | op=WRITE_CHUNK {blockData=conID: 2 locID: 102734075457372766 bcsId: 0} | ret=SUCCESS |  
2019-09-04 11:46:26,949 | INFO  | DNAudit | user=null | ip=null | op=WRITE_CHUNK {blockData=conID: 2 locID: 102734075457372766 bcsId: 0} | ret=SUCCESS |  
2019-09-04 11:46:26,950 | INFO  | DNAudit | user=null | ip=null | op=WRITE_CHUNK {blockData=conID: 2 locID: 102734075457372766 bcsId: 0} | ret=SUCCESS |  
2019-09-04 11:46:26,986 | INFO  | DNAudit | user=null | ip=null | op=WRITE_CHUNK {blockData=conID: 2 locID: 102734075457372766 bcsId: 0} | ret=SUCCESS |  
2019-09-04 11:46:26,986 | INFO  | DNAudit | user=null | ip=null | op=PUT_BLOCK {blockData=[blockId=conID: 2 locID: 102734075457372766 bcsId: 0,size=1048576]} | ret=SUCCESS |  
2019-09-04 11:46:26,986 | INFO  | DNAudit | user=null | ip=null | op=WRITE_CHUNK {blockData=conID: 2 locID: 102734075457372766 bcsId: 0} | ret=SUCCESS |  
2019-09-04 11:46:26,986 [grpc-default-executor-5] INFO  client.GrpcClientProtocolClient (GrpcClientProtocolClient.java:onNext(255)) - client-D5CE890D7D9E->efcb8ff8-f060-4d95-9215-d0f5eb4af037: receive RaftClientReply:client-D5CE890D7D9E->efcb8ff8-f060-4d95-9215-d0f5eb4af037@group-0959F8DF43ED, cid=2624, SUCCESS, logIndex=3914, commits[efcb8ff8-f060-4d95-9215-d0f5eb4af037:c3916, 6fae8b02-e804-4c0e-b729-a97b7404b7f6:c3913, 4c3e8a66-6975-4917-8225-d3efe707aaff:c3913]
2019-09-04 11:46:26,987 | INFO  | DNAudit | user=null | ip=null | op=PUT_BLOCK {blockData=[blockId=conID: 2 locID: 102734075457372766 bcsId: 0,size=2097152]} | ret=SUCCESS |  
2019-09-04 11:46:26,987 [grpc-default-executor-5] INFO  client.GrpcClientProtocolClient (GrpcClientProtocolClient.java:onNext(255)) - client-D5CE890D7D9E->efcb8ff8-f060-4d95-9215-d0f5eb4af037: receive RaftClientReply:client-D5CE890D7D9E->efcb8ff8-f060-4d95-9215-d0f5eb4af037@group-0959F8DF43ED, cid=2625, SUCCESS, logIndex=3915, commits[efcb8ff8-f060-4d95-9215-d0f5eb4af037:c3917, 6fae8b02-e804-4c0e-b729-a97b7404b7f6:c3913, 4c3e8a66-6975-4917-8225-d3efe707aaff:c3913]
2019-09-04 11:46:26,987 [grpc-default-executor-5] INFO  client.GrpcClientProtocolClient (GrpcClientProtocolClient.java:onNext(255)) - client-D5CE890D7D9E->efcb8ff8-f060-4d95-9215-d0f5eb4af037: receive RaftClientReply:client-D5CE890D7D9E->efcb8ff8-f060-4d95-9215-d0f5eb4af037@group-0959F8DF43ED, cid=2626, SUCCESS, logIndex=3916, commits[efcb8ff8-f060-4d95-9215-d0f5eb4af037:c3917, 6fae8b02-e804-4c0e-b729-a97b7404b7f6:c3913, 4c3e8a66-6975-4917-8225-d3efe707aaff:c3913]
2019-09-04 11:46:26,987 [grpc-default-executor-5] INFO  client.GrpcClientProtocolClient (GrpcClientProtocolClient.java:onNext(255)) - client-D5CE890D7D9E->efcb8ff8-f060-4d95-9215-d0f5eb4af037: receive RaftClientReply:client-D5CE890D7D9E->efcb8ff8-f060-4d95-9215-d0f5eb4af037@group-0959F8DF43ED, cid=2627, SUCCESS, logIndex=3917, commits[efcb8ff8-f060-4d95-9215-d0f5eb4af037:c3917, 6fae8b02-e804-4c0e-b729-a97b7404b7f6:c3913, 4c3e8a66-6975-4917-8225-d3efe707aaff:c3913]
2019-09-04 11:46:26,995 | INFO  | DNAudit | user=null | ip=null | op=WRITE_CHUNK {blockData=conID: 2 locID: 102734075457372766 bcsId: 0} | ret=SUCCESS |  
2019-09-04 11:46:26,995 | INFO  | DNAudit | user=null | ip=null | op=WRITE_CHUNK {blockData=conID: 2 locID: 102734075457372766 bcsId: 0} | ret=SUCCESS |  
2019-09-04 11:46:26,995 | INFO  | DNAudit | user=null | ip=null | op=PUT_BLOCK {blockData=[blockId=conID: 2 locID: 102734075457372766 bcsId: 0,size=1048576]} | ret=SUCCESS |  
2019-09-04 11:46:26,995 | INFO  | DNAudit | user=null | ip=null | op=PUT_BLOCK {blockData=[blockId=conID: 2 locID: 102734075457372766 bcsId: 0,size=1048576]} | ret=SUCCESS |  
2019-09-04 11:46:26,996 | INFO  | DNAudit | user=null | ip=null | op=WRITE_CHUNK {blockData=conID: 2 locID: 102734075457372766 bcsId: 0} | ret=SUCCESS |  
2019-09-04 11:46:26,996 [grpc-default-executor-5] INFO  client.GrpcClientProtocolClient (GrpcClientProtocolClient.java:onNext(255)) - client-D5CE890D7D9E->efcb8ff8-f060-4d95-9215-d0f5eb4af037: receive RaftClientReply:client-D5CE890D7D9E->efcb8ff8-f060-4d95-9215-d0f5eb4af037@group-0959F8DF43ED, cid=2628, SUCCESS, logIndex=0, commits[efcb8ff8-f060-4d95-9215-d0f5eb4af037:c3918, 6fae8b02-e804-4c0e-b729-a97b7404b7f6:c3915, 4c3e8a66-6975-4917-8225-d3efe707aaff:c3915]
2019-09-04 11:46:26,996 | INFO  | DNAudit | user=null | ip=null | op=WRITE_CHUNK {blockData=conID: 2 locID: 102734075457372766 bcsId: 0} | ret=SUCCESS |  
2019-09-04 11:46:26,996 | INFO  | DNAudit | user=null | ip=null | op=PUT_BLOCK {blockData=[blockId=conID: 2 locID: 102734075457372766 bcsId: 0,size=2097152]} | ret=SUCCESS |  
2019-09-04 11:46:26,997 | INFO  | DNAudit | user=null | ip=null | op=PUT_BLOCK {blockData=[blockId=conID: 2 locID: 102734075457372766 bcsId: 0,size=2097152]} | ret=SUCCESS |  
2019-09-04 11:46:27,003 | INFO  | DNAudit | user=null | ip=null | op=WRITE_CHUNK {blockData=conID: 2 locID: 102734075457372766 bcsId: 3917} | ret=SUCCESS |  
2019-09-04 11:46:27,005 | INFO  | DNAudit | user=null | ip=null | op=WRITE_CHUNK {blockData=conID: 2 locID: 102734075457372766 bcsId: 3917} | ret=SUCCESS |  
2019-09-04 11:46:27,006 | INFO  | DNAudit | user=null | ip=null | op=WRITE_CHUNK {blockData=conID: 2 locID: 102734075457372766 bcsId: 3917} | ret=SUCCESS |  
2019-09-04 11:46:27,025 | INFO  | DNAudit | user=null | ip=null | op=WRITE_CHUNK {blockData=conID: 2 locID: 102734075457372766 bcsId: 3917} | ret=SUCCESS |  
2019-09-04 11:46:27,025 | INFO  | DNAudit | user=null | ip=null | op=PUT_BLOCK {blockData=[blockId=conID: 2 locID: 102734075457372766 bcsId: 0,size=3145728]} | ret=SUCCESS |  
2019-09-04 11:46:27,025 [grpc-default-executor-0] INFO  client.GrpcClientProtocolClient (GrpcClientProtocolClient.java:onNext(255)) - client-D5CE890D7D9E->efcb8ff8-f060-4d95-9215-d0f5eb4af037: receive RaftClientReply:client-D5CE890D7D9E->efcb8ff8-f060-4d95-9215-d0f5eb4af037@group-0959F8DF43ED, cid=2629, SUCCESS, logIndex=3922, commits[efcb8ff8-f060-4d95-9215-d0f5eb4af037:c3923, 6fae8b02-e804-4c0e-b729-a97b7404b7f6:c3921, 4c3e8a66-6975-4917-8225-d3efe707aaff:c3921]
2019-09-04 11:46:27,026 [grpc-default-executor-0] INFO  client.GrpcClientProtocolClient (GrpcClientProtocolClient.java:onNext(255)) - client-D5CE890D7D9E->efcb8ff8-f060-4d95-9215-d0f5eb4af037: receive RaftClientReply:client-D5CE890D7D9E->efcb8ff8-f060-4d95-9215-d0f5eb4af037@group-0959F8DF43ED, cid=2630, SUCCESS, logIndex=3923, commits[efcb8ff8-f060-4d95-9215-d0f5eb4af037:c3923, 6fae8b02-e804-4c0e-b729-a97b7404b7f6:c3921, 4c3e8a66-6975-4917-8225-d3efe707aaff:c3921]
2019-09-04 11:46:27,033 | INFO  | DNAudit | user=null | ip=null | op=WRITE_CHUNK {blockData=conID: 2 locID: 102734075457372766 bcsId: 3923} | ret=SUCCESS |  
2019-09-04 11:46:27,035 | INFO  | DNAudit | user=null | ip=null | op=WRITE_CHUNK {blockData=conID: 2 locID: 102734075457372766 bcsId: 3923} | ret=SUCCESS |  
2019-09-04 11:46:27,036 | INFO  | DNAudit | user=null | ip=null | op=WRITE_CHUNK {blockData=conID: 2 locID: 102734075457372766 bcsId: 3923} | ret=SUCCESS |  
2019-09-04 11:46:27,043 | INFO  | DNAudit | user=null | ip=null | op=WRITE_CHUNK {blockData=conID: 2 locID: 102734075457372766 bcsId: 3917} | ret=SUCCESS |  
2019-09-04 11:46:27,043 | INFO  | DNAudit | user=null | ip=null | op=PUT_BLOCK {blockData=[blockId=conID: 2 locID: 102734075457372766 bcsId: 0,size=3145728]} | ret=SUCCESS |  
2019-09-04 11:46:27,045 | INFO  | DNAudit | user=null | ip=null | op=WRITE_CHUNK {blockData=conID: 2 locID: 102734075457372766 bcsId: 3917} | ret=SUCCESS |  
2019-09-04 11:46:27,045 | INFO  | DNAudit | user=null | ip=null | op=PUT_BLOCK {blockData=[blockId=conID: 2 locID: 102734075457372766 bcsId: 0,size=3145728]} | ret=SUCCESS |  
2019-09-04 11:46:27,045 | INFO  | DNAudit | user=null | ip=null | op=WRITE_CHUNK {blockData=conID: 2 locID: 102734075457372766 bcsId: 3923} | ret=SUCCESS |  
2019-09-04 11:46:27,046 | INFO  | DNAudit | user=null | ip=null | op=PUT_BLOCK {blockData=[blockId=conID: 2 locID: 102734075457372766 bcsId: 0,size=4194304]} | ret=SUCCESS |  
2019-09-04 11:46:27,046 [grpc-default-executor-0] INFO  client.GrpcClientProtocolClient (GrpcClientProtocolClient.java:onNext(255)) - client-D5CE890D7D9E->efcb8ff8-f060-4d95-9215-d0f5eb4af037: receive RaftClientReply:client-D5CE890D7D9E->efcb8ff8-f060-4d95-9215-d0f5eb4af037@group-0959F8DF43ED, cid=2631, SUCCESS, logIndex=3926, commits[efcb8ff8-f060-4d95-9215-d0f5eb4af037:c3927, 6fae8b02-e804-4c0e-b729-a97b7404b7f6:c3923, 4c3e8a66-6975-4917-8225-d3efe707aaff:c3923]
2019-09-04 11:46:27,046 [grpc-default-executor-0] INFO  client.GrpcClientProtocolClient (GrpcClientProtocolClient.java:onNext(255)) - client-D5CE890D7D9E->efcb8ff8-f060-4d95-9215-d0f5eb4af037: receive RaftClientReply:client-D5CE890D7D9E->efcb8ff8-f060-4d95-9215-d0f5eb4af037@group-0959F8DF43ED, cid=2632, SUCCESS, logIndex=3927, commits[efcb8ff8-f060-4d95-9215-d0f5eb4af037:c3927, 6fae8b02-e804-4c0e-b729-a97b7404b7f6:c3923, 4c3e8a66-6975-4917-8225-d3efe707aaff:c3923]
 0.00% |█                                                                                                    |  0/1 Time: 0:00:322019-09-04 11:46:27,055 | INFO  | DNAudit | user=null | ip=null | op=WRITE_CHUNK {blockData=conID: 2 locID: 102734075457372766 bcsId: 3923} | ret=SUCCESS |  
2019-09-04 11:46:27,055 | INFO  | DNAudit | user=null | ip=null | op=WRITE_CHUNK {blockData=conID: 2 locID: 102734075457372766 bcsId: 3923} | ret=SUCCESS |  
2019-09-04 11:46:27,056 | INFO  | DNAudit | user=null | ip=null | op=PUT_BLOCK {blockData=[blockId=conID: 2 locID: 102734075457372766 bcsId: 0,size=4194304]} | ret=SUCCESS |  
2019-09-04 11:46:27,057 | INFO  | DNAudit | user=null | ip=null | op=PUT_BLOCK {blockData=[blockId=conID: 2 locID: 102734075457372766 bcsId: 0,size=4194304]} | ret=SUCCESS |  
2019-09-04 11:46:27,059 [grpc-default-executor-0] INFO  client.GrpcClientProtocolClient (GrpcClientProtocolClient.java:onNext(255)) - client-D5CE890D7D9E->efcb8ff8-f060-4d95-9215-d0f5eb4af037: receive RaftClientReply:client-D5CE890D7D9E->efcb8ff8-f060-4d95-9215-d0f5eb4af037@group-0959F8DF43ED, cid=2633, SUCCESS, logIndex=0, commits[efcb8ff8-f060-4d95-9215-d0f5eb4af037:c3929, 6fae8b02-e804-4c0e-b729-a97b7404b7f6:c3927, 4c3e8a66-6975-4917-8225-d3efe707aaff:c3927]
2019-09-04 11:46:27,063 | INFO  | SCMAudit | user=jenkins1000 | ip=192.168.36.67 | op=ALLOCATE_BLOCK {owner=8ab292a2-aaa7-4ad8-863a-d33994811155, size=4194304, type=RATIS, factor=THREE} | ret=SUCCESS |  
2019-09-04 11:46:27,066 | INFO  | OMAudit | user=jenkins1000 | ip=127.0.0.1 | op=ALLOCATE_BLOCK {volume=vol-0-58699, bucket=bucket-0-57464, key=key-0-37266, dataSize=0, replicationType=null, replicationFactor=null, keyLocationInfo=null, clientID=102734073355960722} | ret=SUCCESS |  
2019-09-04 11:46:27,073 | INFO  | DNAudit | user=null | ip=null | op=WRITE_CHUNK {blockData=conID: 3 locID: 102734075465761375 bcsId: 0} | ret=SUCCESS |  
2019-09-04 11:46:27,076 | INFO  | DNAudit | user=null | ip=null | op=WRITE_CHUNK {blockData=conID: 3 locID: 102734075465761375 bcsId: 0} | ret=SUCCESS |  
2019-09-04 11:46:27,077 | INFO  | DNAudit | user=null | ip=null | op=WRITE_CHUNK {blockData=conID: 3 locID: 102734075465761375 bcsId: 0} | ret=SUCCESS |  
2019-09-04 11:46:27,077 | INFO  | DNAudit | user=null | ip=null | op=WRITE_CHUNK {blockData=conID: 3 locID: 102734075465761375 bcsId: 0} | ret=SUCCESS |  
2019-09-04 11:46:27,078 | INFO  | DNAudit | user=null | ip=null | op=WRITE_CHUNK {blockData=conID: 3 locID: 102734075465761375 bcsId: 0} | ret=SUCCESS |  
2019-09-04 11:46:27,079 | INFO  | DNAudit | user=null | ip=null | op=WRITE_CHUNK {blockData=conID: 3 locID: 102734075465761375 bcsId: 0} | ret=SUCCESS |  
2019-09-04 11:46:27,085 | INFO  | DNAudit | user=null | ip=null | op=WRITE_CHUNK {blockData=conID: 3 locID: 102734075465761375 bcsId: 0} | ret=SUCCESS |  
2019-09-04 11:46:27,085 | INFO  | DNAudit | user=null | ip=null | op=PUT_BLOCK {blockData=[blockId=conID: 3 locID: 102734075465761375 bcsId: 0,size=1048576]} | ret=SUCCESS |  
2019-09-04 11:46:27,085 [grpc-default-executor-1] INFO  client.GrpcClientProtocolClient (GrpcClientProtocolClient.java:onNext(255)) - client-D5CE890D7D9E->efcb8ff8-f060-4d95-9215-d0f5eb4af037: receive RaftClientReply:client-D5CE890D7D9E->efcb8ff8-f060-4d95-9215-d0f5eb4af037@group-0959F8DF43ED, cid=2634, SUCCESS, logIndex=3930, commits[efcb8ff8-f060-4d95-9215-d0f5eb4af037:c3931, 6fae8b02-e804-4c0e-b729-a97b7404b7f6:c3929, 4c3e8a66-6975-4917-8225-d3efe707aaff:c3927]
2019-09-04 11:46:27,086 | INFO  | DNAudit | user=null | ip=null | op=WRITE_CHUNK {blockData=conID: 3 locID: 102734075465761375 bcsId: 0} | ret=SUCCESS |  
2019-09-04 11:46:27,086 [grpc-default-executor-1] INFO  client.GrpcClientProtocolClient (GrpcClientProtocolClient.java:onNext(255)) - client-D5CE890D7D9E->efcb8ff8-f060-4d95-9215-d0f5eb4af037: receive RaftClientReply:client-D5CE890D7D9E->efcb8ff8-f060-4d95-9215-d0f5eb4af037@group-0959F8DF43ED, cid=2635, SUCCESS, logIndex=3931, commits[efcb8ff8-f060-4d95-9215-d0f5eb4af037:c3931, 6fae8b02-e804-4c0e-b729-a97b7404b7f6:c3929, 4c3e8a66-6975-4917-8225-d3efe707aaff:c3929]
2019-09-04 11:46:27,086 | INFO  | DNAudit | user=null | ip=null | op=PUT_BLOCK {blockData=[blockId=conID: 3 locID: 102734075465761375 bcsId: 0,size=2097152]} | ret=SUCCESS |  
2019-09-04 11:46:27,086 [grpc-default-executor-1] INFO  client.GrpcClientProtocolClient (GrpcClientProtocolClient.java:onNext(255)) - client-D5CE890D7D9E->efcb8ff8-f060-4d95-9215-d0f5eb4af037: receive RaftClientReply:client-D5CE890D7D9E->efcb8ff8-f060-4d95-9215-d0f5eb4af037@group-0959F8DF43ED, cid=2636, SUCCESS, logIndex=3932, commits[efcb8ff8-f060-4d95-9215-d0f5eb4af037:c3933, 6fae8b02-e804-4c0e-b729-a97b7404b7f6:c3929, 4c3e8a66-6975-4917-8225-d3efe707aaff:c3929]
2019-09-04 11:46:27,087 | INFO  | DNAudit | user=null | ip=null | op=WRITE_CHUNK {blockData=conID: 3 locID: 102734075465761375 bcsId: 0} | ret=SUCCESS |  
2019-09-04 11:46:27,087 [grpc-default-executor-0] INFO  client.GrpcClientProtocolClient (GrpcClientProtocolClient.java:onNext(255)) - client-D5CE890D7D9E->efcb8ff8-f060-4d95-9215-d0f5eb4af037: receive RaftClientReply:client-D5CE890D7D9E->efcb8ff8-f060-4d95-9215-d0f5eb4af037@group-0959F8DF43ED, cid=2637, SUCCESS, logIndex=3933, commits[efcb8ff8-f060-4d95-9215-d0f5eb4af037:c3933, 6fae8b02-e804-4c0e-b729-a97b7404b7f6:c3929, 4c3e8a66-6975-4917-8225-d3efe707aaff:c3929]
2019-09-04 11:46:27,087 | INFO  | DNAudit | user=null | ip=null | op=PUT_BLOCK {blockData=[blockId=conID: 3 locID: 102734075465761375 bcsId: 0,size=1048576]} | ret=SUCCESS |  
2019-09-04 11:46:27,087 | INFO  | DNAudit | user=null | ip=null | op=WRITE_CHUNK {blockData=conID: 3 locID: 102734075465761375 bcsId: 0} | ret=SUCCESS |  
2019-09-04 11:46:27,088 | INFO  | DNAudit | user=null | ip=null | op=PUT_BLOCK {blockData=[blockId=conID: 3 locID: 102734075465761375 bcsId: 0,size=1048576]} | ret=SUCCESS |  
2019-09-04 11:46:27,088 | INFO  | DNAudit | user=null | ip=null | op=WRITE_CHUNK {blockData=conID: 3 locID: 102734075465761375 bcsId: 0} | ret=SUCCESS |  
2019-09-04 11:46:27,088 [grpc-default-executor-1] INFO  client.GrpcClientProtocolClient (GrpcClientProtocolClient.java:onNext(255)) - client-D5CE890D7D9E->efcb8ff8-f060-4d95-9215-d0f5eb4af037: receive RaftClientReply:client-D5CE890D7D9E->efcb8ff8-f060-4d95-9215-d0f5eb4af037@group-0959F8DF43ED, cid=2638, SUCCESS, logIndex=0, commits[efcb8ff8-f060-4d95-9215-d0f5eb4af037:c3935, 6fae8b02-e804-4c0e-b729-a97b7404b7f6:c3931, 4c3e8a66-6975-4917-8225-d3efe707aaff:c3931]
2019-09-04 11:46:27,088 | INFO  | DNAudit | user=null | ip=null | op=PUT_BLOCK {blockData=[blockId=conID: 3 locID: 102734075465761375 bcsId: 0,size=2097152]} | ret=SUCCESS |  
2019-09-04 11:46:27,088 | INFO  | DNAudit | user=null | ip=null | op=WRITE_CHUNK {blockData=conID: 3 locID: 102734075465761375 bcsId: 0} | ret=SUCCESS |  
2019-09-04 11:46:27,088 | INFO  | DNAudit | user=null | ip=null | op=PUT_BLOCK {blockData=[blockId=conID: 3 locID: 102734075465761375 bcsId: 0,size=2097152]} | ret=SUCCESS |  
2019-09-04 11:46:27,094 | INFO  | DNAudit | user=null | ip=null | op=WRITE_CHUNK {blockData=conID: 3 locID: 102734075465761375 bcsId: 3933} | ret=SUCCESS |  
2019-09-04 11:46:27,097 | INFO  | DNAudit | user=null | ip=null | op=WRITE_CHUNK {blockData=conID: 3 locID: 102734075465761375 bcsId: 3933} | ret=SUCCESS |  
2019-09-04 11:46:27,097 | INFO  | DNAudit | user=null | ip=null | op=WRITE_CHUNK {blockData=conID: 3 locID: 102734075465761375 bcsId: 3933} | ret=SUCCESS |  
2019-09-04 11:46:27,101 | INFO  | DNAudit | user=null | ip=null | op=WRITE_CHUNK {blockData=conID: 3 locID: 102734075465761375 bcsId: 3933} | ret=SUCCESS |  
2019-09-04 11:46:27,101 | INFO  | DNAudit | user=null | ip=null | op=PUT_BLOCK {blockData=[blockId=conID: 3 locID: 102734075465761375 bcsId: 0,size=3145728]} | ret=SUCCESS |  
2019-09-04 11:46:27,101 [grpc-default-executor-1] INFO  client.GrpcClientProtocolClient (GrpcClientProtocolClient.java:onNext(255)) - client-D5CE890D7D9E->efcb8ff8-f060-4d95-9215-d0f5eb4af037: receive RaftClientReply:client-D5CE890D7D9E->efcb8ff8-f060-4d95-9215-d0f5eb4af037@group-0959F8DF43ED, cid=2639, SUCCESS, logIndex=3938, commits[efcb8ff8-f060-4d95-9215-d0f5eb4af037:c3939, 6fae8b02-e804-4c0e-b729-a97b7404b7f6:c3937, 4c3e8a66-6975-4917-8225-d3efe707aaff:c3937]
2019-09-04 11:46:27,102 [grpc-default-executor-1] INFO  client.GrpcClientProtocolClient (GrpcClientProtocolClient.java:onNext(255)) - client-D5CE890D7D9E->efcb8ff8-f060-4d95-9215-d0f5eb4af037: receive RaftClientReply:client-D5CE890D7D9E->efcb8ff8-f060-4d95-9215-d0f5eb4af037@group-0959F8DF43ED, cid=2640, SUCCESS, logIndex=3939, commits[efcb8ff8-f060-4d95-9215-d0f5eb4af037:c3939, 6fae8b02-e804-4c0e-b729-a97b7404b7f6:c3937, 4c3e8a66-6975-4917-8225-d3efe707aaff:c3937]
2019-09-04 11:46:27,106 | INFO  | DNAudit | user=null | ip=null | op=WRITE_CHUNK {blockData=conID: 3 locID: 102734075465761375 bcsId: 3933} | ret=SUCCESS |  
2019-09-04 11:46:27,106 | INFO  | DNAudit | user=null | ip=null | op=WRITE_CHUNK {blockData=conID: 3 locID: 102734075465761375 bcsId: 3933} | ret=SUCCESS |  
2019-09-04 11:46:27,107 | INFO  | DNAudit | user=null | ip=null | op=WRITE_CHUNK {blockData=conID: 3 locID: 102734075465761375 bcsId: 3939} | ret=SUCCESS |  
2019-09-04 11:46:27,107 | INFO  | DNAudit | user=null | ip=null | op=PUT_BLOCK {blockData=[blockId=conID: 3 locID: 102734075465761375 bcsId: 0,size=3145728]} | ret=SUCCESS |  
2019-09-04 11:46:27,107 | INFO  | DNAudit | user=null | ip=null | op=PUT_BLOCK {blockData=[blockId=conID: 3 locID: 102734075465761375 bcsId: 0,size=3145728]} | ret=SUCCESS |  
2019-09-04 11:46:27,109 | INFO  | DNAudit | user=null | ip=null | op=WRITE_CHUNK {blockData=conID: 3 locID: 102734075465761375 bcsId: 3939} | ret=SUCCESS |  
2019-09-04 11:46:27,110 | INFO  | DNAudit | user=null | ip=null | op=WRITE_CHUNK {blockData=conID: 3 locID: 102734075465761375 bcsId: 3939} | ret=SUCCESS |  
2019-09-04 11:46:27,118 | INFO  | DNAudit | user=null | ip=null | op=WRITE_CHUNK {blockData=conID: 3 locID: 102734075465761375 bcsId: 3939} | ret=SUCCESS |  
2019-09-04 11:46:27,118 | INFO  | DNAudit | user=null | ip=null | op=PUT_BLOCK {blockData=[blockId=conID: 3 locID: 102734075465761375 bcsId: 0,size=4194304]} | ret=SUCCESS |  
2019-09-04 11:46:27,118 [grpc-default-executor-1] INFO  client.GrpcClientProtocolClient (GrpcClientProtocolClient.java:onNext(255)) - client-D5CE890D7D9E->efcb8ff8-f060-4d95-9215-d0f5eb4af037: receive RaftClientReply:client-D5CE890D7D9E->efcb8ff8-f060-4d95-9215-d0f5eb4af037@group-0959F8DF43ED, cid=2641, SUCCESS, logIndex=3942, commits[efcb8ff8-f060-4d95-9215-d0f5eb4af037:c3943, 6fae8b02-e804-4c0e-b729-a97b7404b7f6:c3940, 4c3e8a66-6975-4917-8225-d3efe707aaff:c3939]
2019-09-04 11:46:27,119 [grpc-default-executor-1] INFO  client.GrpcClientProtocolClient (GrpcClientProtocolClient.java:onNext(255)) - client-D5CE890D7D9E->efcb8ff8-f060-4d95-9215-d0f5eb4af037: receive RaftClientReply:client-D5CE890D7D9E->efcb8ff8-f060-4d95-9215-d0f5eb4af037@group-0959F8DF43ED, cid=2642, SUCCESS, logIndex=3943, commits[efcb8ff8-f060-4d95-9215-d0f5eb4af037:c3943, 6fae8b02-e804-4c0e-b729-a97b7404b7f6:c3940, 4c3e8a66-6975-4917-8225-d3efe707aaff:c3940]
2019-09-04 11:46:27,129 | INFO  | DNAudit | user=null | ip=null | op=WRITE_CHUNK {blockData=conID: 3 locID: 102734075465761375 bcsId: 3939} | ret=SUCCESS |  
2019-09-04 11:46:27,130 | INFO  | DNAudit | user=null | ip=null | op=WRITE_CHUNK {blockData=conID: 3 locID: 102734075465761375 bcsId: 3939} | ret=SUCCESS |  
2019-09-04 11:46:27,131 | INFO  | DNAudit | user=null | ip=null | op=PUT_BLOCK {blockData=[blockId=conID: 3 locID: 102734075465761375 bcsId: 0,size=4194304]} | ret=SUCCESS |  
2019-09-04 11:46:27,131 | INFO  | DNAudit | user=null | ip=null | op=PUT_BLOCK {blockData=[blockId=conID: 3 locID: 102734075465761375 bcsId: 0,size=4194304]} | ret=SUCCESS |  
2019-09-04 11:46:27,132 [grpc-default-executor-5] INFO  client.GrpcClientProtocolClient (GrpcClientProtocolClient.java:onNext(255)) - client-D5CE890D7D9E->efcb8ff8-f060-4d95-9215-d0f5eb4af037: receive RaftClientReply:client-D5CE890D7D9E->efcb8ff8-f060-4d95-9215-d0f5eb4af037@group-0959F8DF43ED, cid=2643, SUCCESS, logIndex=0, commits[efcb8ff8-f060-4d95-9215-d0f5eb4af037:c3945, 6fae8b02-e804-4c0e-b729-a97b7404b7f6:c3943, 4c3e8a66-6975-4917-8225-d3efe707aaff:c3943]
2019-09-04 11:46:27,136 | INFO  | SCMAudit | user=jenkins1000 | ip=192.168.36.67 | op=ALLOCATE_BLOCK {owner=8ab292a2-aaa7-4ad8-863a-d33994811155, size=4194304, type=RATIS, factor=THREE} | ret=SUCCESS |  
2019-09-04 11:46:27,138 | INFO  | OMAudit | user=jenkins1000 | ip=127.0.0.1 | op=ALLOCATE_BLOCK {volume=vol-0-58699, bucket=bucket-0-57464, key=key-0-37266, dataSize=0, replicationType=null, replicationFactor=null, keyLocationInfo=null, clientID=102734073355960722} | ret=SUCCESS |  
2019-09-04 11:46:27,145 | INFO  | DNAudit | user=null | ip=null | op=WRITE_CHUNK {blockData=conID: 1 locID: 102734075470545504 bcsId: 0} | ret=SUCCESS |  
2019-09-04 11:46:27,146 | INFO  | DNAudit | user=null | ip=null | op=WRITE_CHUNK {blockData=conID: 1 locID: 102734075470545504 bcsId: 0} | ret=SUCCESS |  
2019-09-04 11:46:27,148 | INFO  | DNAudit | user=null | ip=null | op=WRITE_CHUNK {blockData=conID: 1 locID: 102734075470545504 bcsId: 0} | ret=SUCCESS |  
2019-09-04 11:46:27,148 | INFO  | DNAudit | user=null | ip=null | op=WRITE_CHUNK {blockData=conID: 1 locID: 102734075470545504 bcsId: 0} | ret=SUCCESS |  
2019-09-04 11:46:27,150 | INFO  | DNAudit | user=null | ip=null | op=WRITE_CHUNK {blockData=conID: 1 locID: 102734075470545504 bcsId: 0} | ret=SUCCESS |  
2019-09-04 11:46:27,150 | INFO  | DNAudit | user=null | ip=null | op=WRITE_CHUNK {blockData=conID: 1 locID: 102734075470545504 bcsId: 0} | ret=SUCCESS |  
2019-09-04 11:46:27,155 | INFO  | DNAudit | user=null | ip=null | op=WRITE_CHUNK {blockData=conID: 1 locID: 102734075470545504 bcsId: 0} | ret=SUCCESS |  
2019-09-04 11:46:27,155 | INFO  | DNAudit | user=null | ip=null | op=PUT_BLOCK {blockData=[blockId=conID: 1 locID: 102734075470545504 bcsId: 0,size=1048576]} | ret=SUCCESS |  
2019-09-04 11:46:27,155 [grpc-default-executor-0] INFO  client.GrpcClientProtocolClient (GrpcClientProtocolClient.java:onNext(255)) - client-D5CE890D7D9E->efcb8ff8-f060-4d95-9215-d0f5eb4af037: receive RaftClientReply:client-D5CE890D7D9E->efcb8ff8-f060-4d95-9215-d0f5eb4af037@group-0959F8DF43ED, cid=2644, SUCCESS, logIndex=3946, commits[efcb8ff8-f060-4d95-9215-d0f5eb4af037:c3948, 6fae8b02-e804-4c0e-b729-a97b7404b7f6:c3945, 4c3e8a66-6975-4917-8225-d3efe707aaff:c3945]
2019-09-04 11:46:27,156 | INFO  | DNAudit | user=null | ip=null | op=WRITE_CHUNK {blockData=conID: 1 locID: 102734075470545504 bcsId: 0} | ret=SUCCESS |  
2019-09-04 11:46:27,156 [grpc-default-executor-0] INFO  client.GrpcClientProtocolClient (GrpcClientProtocolClient.java:onNext(255)) - client-D5CE890D7D9E->efcb8ff8-f060-4d95-9215-d0f5eb4af037: receive RaftClientReply:client-D5CE890D7D9E->efcb8ff8-f060-4d95-9215-d0f5eb4af037@group-0959F8DF43ED, cid=2645, SUCCESS, logIndex=3947, commits[efcb8ff8-f060-4d95-9215-d0f5eb4af037:c3949, 6fae8b02-e804-4c0e-b729-a97b7404b7f6:c3945, 4c3e8a66-6975-4917-8225-d3efe707aaff:c3945]
2019-09-04 11:46:27,156 | INFO  | DNAudit | user=null | ip=null | op=PUT_BLOCK {blockData=[blockId=conID: 1 locID: 102734075470545504 bcsId: 0,size=2097152]} | ret=SUCCESS |  
2019-09-04 11:46:27,156 [grpc-default-executor-0] INFO  client.GrpcClientProtocolClient (GrpcClientProtocolClient.java:onNext(255)) - client-D5CE890D7D9E->efcb8ff8-f060-4d95-9215-d0f5eb4af037: receive RaftClientReply:client-D5CE890D7D9E->efcb8ff8-f060-4d95-9215-d0f5eb4af037@group-0959F8DF43ED, cid=2646, SUCCESS, logIndex=3948, commits[efcb8ff8-f060-4d95-9215-d0f5eb4af037:c3949, 6fae8b02-e804-4c0e-b729-a97b7404b7f6:c3945, 4c3e8a66-6975-4917-8225-d3efe707aaff:c3945]
2019-09-04 11:46:27,156 [grpc-default-executor-0] INFO  client.GrpcClientProtocolClient (GrpcClientProtocolClient.java:onNext(255)) - client-D5CE890D7D9E->efcb8ff8-f060-4d95-9215-d0f5eb4af037: receive RaftClientReply:client-D5CE890D7D9E->efcb8ff8-f060-4d95-9215-d0f5eb4af037@group-0959F8DF43ED, cid=2647, SUCCESS, logIndex=3949, commits[efcb8ff8-f060-4d95-9215-d0f5eb4af037:c3949, 6fae8b02-e804-4c0e-b729-a97b7404b7f6:c3945, 4c3e8a66-6975-4917-8225-d3efe707aaff:c3945]
2019-09-04 11:46:27,168 | INFO  | DNAudit | user=null | ip=null | op=WRITE_CHUNK {blockData=conID: 1 locID: 102734075470545504 bcsId: 0} | ret=SUCCESS |  
2019-09-04 11:46:27,170 | INFO  | DNAudit | user=null | ip=null | op=WRITE_CHUNK {blockData=conID: 1 locID: 102734075470545504 bcsId: 0} | ret=SUCCESS |  
2019-09-04 11:46:27,171 | INFO  | DNAudit | user=null | ip=null | op=PUT_BLOCK {blockData=[blockId=conID: 1 locID: 102734075470545504 bcsId: 0,size=1048576]} | ret=SUCCESS |  
2019-09-04 11:46:27,171 | INFO  | DNAudit | user=null | ip=null | op=PUT_BLOCK {blockData=[blockId=conID: 1 locID: 102734075470545504 bcsId: 0,size=1048576]} | ret=SUCCESS |  
2019-09-04 11:46:27,171 | INFO  | DNAudit | user=null | ip=null | op=WRITE_CHUNK {blockData=conID: 1 locID: 102734075470545504 bcsId: 0} | ret=SUCCESS |  
2019-09-04 11:46:27,172 | INFO  | DNAudit | user=null | ip=null | op=WRITE_CHUNK {blockData=conID: 1 locID: 102734075470545504 bcsId: 0} | ret=SUCCESS |  
2019-09-04 11:46:27,172 | INFO  | DNAudit | user=null | ip=null | op=PUT_BLOCK {blockData=[blockId=conID: 1 locID: 102734075470545504 bcsId: 0,size=2097152]} | ret=SUCCESS |  
2019-09-04 11:46:27,172 [grpc-default-executor-5] INFO  client.GrpcClientProtocolClient (GrpcClientProtocolClient.java:onNext(255)) - client-D5CE890D7D9E->efcb8ff8-f060-4d95-9215-d0f5eb4af037: receive RaftClientReply:client-D5CE890D7D9E->efcb8ff8-f060-4d95-9215-d0f5eb4af037@group-0959F8DF43ED, cid=2648, SUCCESS, logIndex=0, commits[efcb8ff8-f060-4d95-9215-d0f5eb4af037:c3951, 6fae8b02-e804-4c0e-b729-a97b7404b7f6:c3947, 4c3e8a66-6975-4917-8225-d3efe707aaff:c3948]
2019-09-04 11:46:27,173 | INFO  | DNAudit | user=null | ip=null | op=PUT_BLOCK {blockData=[blockId=conID: 1 locID: 102734075470545504 bcsId: 0,size=2097152]} | ret=SUCCESS |  
2019-09-04 11:46:27,179 | INFO  | DNAudit | user=null | ip=null | op=WRITE_CHUNK {blockData=conID: 1 locID: 102734075470545504 bcsId: 3949} | ret=SUCCESS |  
2019-09-04 11:46:27,181 | INFO  | DNAudit | user=null | ip=null | op=WRITE_CHUNK {blockData=conID: 1 locID: 102734075470545504 bcsId: 3949} | ret=SUCCESS |  
2019-09-04 11:46:27,181 | INFO  | DNAudit | user=null | ip=null | op=WRITE_CHUNK {blockData=conID: 1 locID: 102734075470545504 bcsId: 3949} | ret=SUCCESS |  
2019-09-04 11:46:27,184 | INFO  | DNAudit | user=null | ip=null | op=WRITE_CHUNK {blockData=conID: 1 locID: 102734075470545504 bcsId: 3949} | ret=SUCCESS |  
2019-09-04 11:46:27,184 | INFO  | DNAudit | user=null | ip=null | op=PUT_BLOCK {blockData=[blockId=conID: 1 locID: 102734075470545504 bcsId: 0,size=3145728]} | ret=SUCCESS |  
2019-09-04 11:46:27,184 [grpc-default-executor-5] INFO  client.GrpcClientProtocolClient (GrpcClientProtocolClient.java:onNext(255)) - client-D5CE890D7D9E->efcb8ff8-f060-4d95-9215-d0f5eb4af037: receive RaftClientReply:client-D5CE890D7D9E->efcb8ff8-f060-4d95-9215-d0f5eb4af037@group-0959F8DF43ED, cid=2649, SUCCESS, logIndex=3954, commits[efcb8ff8-f060-4d95-9215-d0f5eb4af037:c3955, 6fae8b02-e804-4c0e-b729-a97b7404b7f6:c3953, 4c3e8a66-6975-4917-8225-d3efe707aaff:c3953]
2019-09-04 11:46:27,185 [grpc-default-executor-5] INFO  client.GrpcClientProtocolClient (GrpcClientProtocolClient.java:onNext(255)) - client-D5CE890D7D9E->efcb8ff8-f060-4d95-9215-d0f5eb4af037: receive RaftClientReply:client-D5CE890D7D9E->efcb8ff8-f060-4d95-9215-d0f5eb4af037@group-0959F8DF43ED, cid=2650, SUCCESS, logIndex=3955, commits[efcb8ff8-f060-4d95-9215-d0f5eb4af037:c3955, 6fae8b02-e804-4c0e-b729-a97b7404b7f6:c3953, 4c3e8a66-6975-4917-8225-d3efe707aaff:c3953]
2019-09-04 11:46:27,190 | INFO  | DNAudit | user=null | ip=null | op=WRITE_CHUNK {blockData=conID: 1 locID: 102734075470545504 bcsId: 3955} | ret=SUCCESS |  
2019-09-04 11:46:27,192 | INFO  | DNAudit | user=null | ip=null | op=WRITE_CHUNK {blockData=conID: 1 locID: 102734075470545504 bcsId: 3955} | ret=SUCCESS |  
2019-09-04 11:46:27,193 | INFO  | DNAudit | user=null | ip=null | op=WRITE_CHUNK {blockData=conID: 1 locID: 102734075470545504 bcsId: 3955} | ret=SUCCESS |  
2019-09-04 11:46:27,196 | INFO  | DNAudit | user=null | ip=null | op=WRITE_CHUNK {blockData=conID: 1 locID: 102734075470545504 bcsId: 3949} | ret=SUCCESS |  
2019-09-04 11:46:27,197 | INFO  | DNAudit | user=null | ip=null | op=WRITE_CHUNK {blockData=conID: 1 locID: 102734075470545504 bcsId: 3949} | ret=SUCCESS |  
2019-09-04 11:46:27,198 | INFO  | DNAudit | user=null | ip=null | op=PUT_BLOCK {blockData=[blockId=conID: 1 locID: 102734075470545504 bcsId: 0,size=3145728]} | ret=SUCCESS |  
2019-09-04 11:46:27,198 | INFO  | DNAudit | user=null | ip=null | op=PUT_BLOCK {blockData=[blockId=conID: 1 locID: 102734075470545504 bcsId: 0,size=3145728]} | ret=SUCCESS |  
2019-09-04 11:46:27,198 | INFO  | DNAudit | user=null | ip=null | op=WRITE_CHUNK {blockData=conID: 1 locID: 102734075470545504 bcsId: 3955} | ret=SUCCESS |  
2019-09-04 11:46:27,198 | INFO  | DNAudit | user=null | ip=null | op=PUT_BLOCK {blockData=[blockId=conID: 1 locID: 102734075470545504 bcsId: 0,size=4194304]} | ret=SUCCESS |  
2019-09-04 11:46:27,199 [grpc-default-executor-0] INFO  client.GrpcClientProtocolClient (GrpcClientProtocolClient.java:onNext(255)) - client-D5CE890D7D9E->efcb8ff8-f060-4d95-9215-d0f5eb4af037: receive RaftClientReply:client-D5CE890D7D9E->efcb8ff8-f060-4d95-9215-d0f5eb4af037@group-0959F8DF43ED, cid=2651, SUCCESS, logIndex=3958, commits[efcb8ff8-f060-4d95-9215-d0f5eb4af037:c3959, 6fae8b02-e804-4c0e-b729-a97b7404b7f6:c3955, 4c3e8a66-6975-4917-8225-d3efe707aaff:c3955]
2019-09-04 11:46:27,199 [grpc-default-executor-0] INFO  client.GrpcClientProtocolClient (GrpcClientProtocolClient.java:onNext(255)) - client-D5CE890D7D9E->efcb8ff8-f060-4d95-9215-d0f5eb4af037: receive RaftClientReply:client-D5CE890D7D9E->efcb8ff8-f060-4d95-9215-d0f5eb4af037@group-0959F8DF43ED, cid=2652, SUCCESS, logIndex=3959, commits[efcb8ff8-f060-4d95-9215-d0f5eb4af037:c3959, 6fae8b02-e804-4c0e-b729-a97b7404b7f6:c3955, 4c3e8a66-6975-4917-8225-d3efe707aaff:c3955]
2019-09-04 11:46:27,206 | INFO  | DNAudit | user=null | ip=null | op=WRITE_CHUNK {blockData=conID: 1 locID: 102734075470545504 bcsId: 3955} | ret=SUCCESS |  
2019-09-04 11:46:27,206 | INFO  | DNAudit | user=null | ip=null | op=WRITE_CHUNK {blockData=conID: 1 locID: 102734075470545504 bcsId: 3955} | ret=SUCCESS |  
2019-09-04 11:46:27,208 | INFO  | DNAudit | user=null | ip=null | op=PUT_BLOCK {blockData=[blockId=conID: 1 locID: 102734075470545504 bcsId: 0,size=4194304]} | ret=SUCCESS |  
2019-09-04 11:46:27,208 | INFO  | DNAudit | user=null | ip=null | op=PUT_BLOCK {blockData=[blockId=conID: 1 locID: 102734075470545504 bcsId: 0,size=4194304]} | ret=SUCCESS |  
2019-09-04 11:46:27,209 [grpc-default-executor-0] INFO  client.GrpcClientProtocolClient (GrpcClientProtocolClient.java:onNext(255)) - client-D5CE890D7D9E->efcb8ff8-f060-4d95-9215-d0f5eb4af037: receive RaftClientReply:client-D5CE890D7D9E->efcb8ff8-f060-4d95-9215-d0f5eb4af037@group-0959F8DF43ED, cid=2653, SUCCESS, logIndex=0, commits[efcb8ff8-f060-4d95-9215-d0f5eb4af037:c3961, 6fae8b02-e804-4c0e-b729-a97b7404b7f6:c3959, 4c3e8a66-6975-4917-8225-d3efe707aaff:c3959]
2019-09-04 11:46:27,213 | INFO  | SCMAudit | user=jenkins1000 | ip=192.168.36.67 | op=ALLOCATE_BLOCK {owner=8ab292a2-aaa7-4ad8-863a-d33994811155, size=4194304, type=RATIS, factor=THREE} | ret=SUCCESS |  
2019-09-04 11:46:27,215 | INFO  | OMAudit | user=jenkins1000 | ip=127.0.0.1 | op=ALLOCATE_BLOCK {volume=vol-0-58699, bucket=bucket-0-57464, key=key-0-37266, dataSize=0, replicationType=null, replicationFactor=null, keyLocationInfo=null, clientID=102734073355960722} | ret=SUCCESS |  
2019-09-04 11:46:27,221 | INFO  | DNAudit | user=null | ip=null | op=WRITE_CHUNK {blockData=conID: 2 locID: 102734075475591777 bcsId: 0} | ret=SUCCESS |  
2019-09-04 11:46:27,224 | INFO  | DNAudit | user=null | ip=null | op=WRITE_CHUNK {blockData=conID: 2 locID: 102734075475591777 bcsId: 0} | ret=SUCCESS |  
2019-09-04 11:46:27,224 | INFO  | DNAudit | user=null | ip=null | op=WRITE_CHUNK {blockData=conID: 2 locID: 102734075475591777 bcsId: 0} | ret=SUCCESS |  
2019-09-04 11:46:27,224 | INFO  | DNAudit | user=null | ip=null | op=WRITE_CHUNK {blockData=conID: 2 locID: 102734075475591777 bcsId: 0} | ret=SUCCESS |  
2019-09-04 11:46:27,227 | INFO  | DNAudit | user=null | ip=null | op=WRITE_CHUNK {blockData=conID: 2 locID: 102734075475591777 bcsId: 0} | ret=SUCCESS |  
2019-09-04 11:46:27,228 | INFO  | DNAudit | user=null | ip=null | op=WRITE_CHUNK {blockData=conID: 2 locID: 102734075475591777 bcsId: 0} | ret=SUCCESS |  
2019-09-04 11:46:27,233 | INFO  | DNAudit | user=null | ip=null | op=WRITE_CHUNK {blockData=conID: 2 locID: 102734075475591777 bcsId: 0} | ret=SUCCESS |  
2019-09-04 11:46:27,234 | INFO  | DNAudit | user=null | ip=null | op=PUT_BLOCK {blockData=[blockId=conID: 2 locID: 102734075475591777 bcsId: 0,size=1048576]} | ret=SUCCESS |  
2019-09-04 11:46:27,234 [grpc-default-executor-5] INFO  client.GrpcClientProtocolClient (GrpcClientProtocolClient.java:onNext(255)) - client-D5CE890D7D9E->efcb8ff8-f060-4d95-9215-d0f5eb4af037: receive RaftClientReply:client-D5CE890D7D9E->efcb8ff8-f060-4d95-9215-d0f5eb4af037@group-0959F8DF43ED, cid=2654, SUCCESS, logIndex=3962, commits[efcb8ff8-f060-4d95-9215-d0f5eb4af037:c3962, 6fae8b02-e804-4c0e-b729-a97b7404b7f6:c3961, 4c3e8a66-6975-4917-8225-d3efe707aaff:c3961]
2019-09-04 11:46:27,234 [grpc-default-executor-5] INFO  client.GrpcClientProtocolClient (GrpcClientProtocolClient.java:onNext(255)) - client-D5CE890D7D9E->efcb8ff8-f060-4d95-9215-d0f5eb4af037: receive RaftClientReply:client-D5CE890D7D9E->efcb8ff8-f060-4d95-9215-d0f5eb4af037@group-0959F8DF43ED, cid=2655, SUCCESS, logIndex=3963, commits[efcb8ff8-f060-4d95-9215-d0f5eb4af037:c3963, 6fae8b02-e804-4c0e-b729-a97b7404b7f6:c3961, 4c3e8a66-6975-4917-8225-d3efe707aaff:c3961]
2019-09-04 11:46:27,252 | INFO  | DNAudit | user=null | ip=null | op=WRITE_CHUNK {blockData=conID: 2 locID: 102734075475591777 bcsId: 0} | ret=SUCCESS |  
2019-09-04 11:46:27,252 | INFO  | DNAudit | user=null | ip=null | op=WRITE_CHUNK {blockData=conID: 2 locID: 102734075475591777 bcsId: 0} | ret=SUCCESS |  
2019-09-04 11:46:27,253 | INFO  | DNAudit | user=null | ip=null | op=PUT_BLOCK {blockData=[blockId=conID: 2 locID: 102734075475591777 bcsId: 0,size=2097152]} | ret=SUCCESS |  
2019-09-04 11:46:27,253 | INFO  | DNAudit | user=null | ip=null | op=PUT_BLOCK {blockData=[blockId=conID: 2 locID: 102734075475591777 bcsId: 0,size=1048576]} | ret=SUCCESS |  
2019-09-04 11:46:27,253 [grpc-default-executor-1] INFO  client.GrpcClientProtocolClient (GrpcClientProtocolClient.java:onNext(255)) - client-D5CE890D7D9E->efcb8ff8-f060-4d95-9215-d0f5eb4af037: receive RaftClientReply:client-D5CE890D7D9E->efcb8ff8-f060-4d95-9215-d0f5eb4af037@group-0959F8DF43ED, cid=2656, SUCCESS, logIndex=3964, commits[efcb8ff8-f060-4d95-9215-d0f5eb4af037:c3965, 6fae8b02-e804-4c0e-b729-a97b7404b7f6:c3961, 4c3e8a66-6975-4917-8225-d3efe707aaff:c3961]
2019-09-04 11:46:27,253 | INFO  | DNAudit | user=null | ip=null | op=WRITE_CHUNK {blockData=conID: 2 locID: 102734075475591777 bcsId: 0} | ret=SUCCESS |  
2019-09-04 11:46:27,253 | INFO  | DNAudit | user=null | ip=null | op=PUT_BLOCK {blockData=[blockId=conID: 2 locID: 102734075475591777 bcsId: 0,size=1048576]} | ret=SUCCESS |  
2019-09-04 11:46:27,253 [grpc-default-executor-1] INFO  client.GrpcClientProtocolClient (GrpcClientProtocolClient.java:onNext(255)) - client-D5CE890D7D9E->efcb8ff8-f060-4d95-9215-d0f5eb4af037: receive RaftClientReply:client-D5CE890D7D9E->efcb8ff8-f060-4d95-9215-d0f5eb4af037@group-0959F8DF43ED, cid=2657, SUCCESS, logIndex=3965, commits[efcb8ff8-f060-4d95-9215-d0f5eb4af037:c3965, 6fae8b02-e804-4c0e-b729-a97b7404b7f6:c3961, 4c3e8a66-6975-4917-8225-d3efe707aaff:c3961]
2019-09-04 11:46:27,253 | INFO  | DNAudit | user=null | ip=null | op=WRITE_CHUNK {blockData=conID: 2 locID: 102734075475591777 bcsId: 0} | ret=SUCCESS |  
2019-09-04 11:46:27,254 | INFO  | DNAudit | user=null | ip=null | op=PUT_BLOCK {blockData=[blockId=conID: 2 locID: 102734075475591777 bcsId: 0,size=2097152]} | ret=SUCCESS |  
2019-09-04 11:46:27,254 | INFO  | DNAudit | user=null | ip=null | op=WRITE_CHUNK {blockData=conID: 2 locID: 102734075475591777 bcsId: 0} | ret=SUCCESS |  
2019-09-04 11:46:27,254 | INFO  | DNAudit | user=null | ip=null | op=PUT_BLOCK {blockData=[blockId=conID: 2 locID: 102734075475591777 bcsId: 0,size=2097152]} | ret=SUCCESS |  
2019-09-04 11:46:27,254 [grpc-default-executor-5] INFO  client.GrpcClientProtocolClient (GrpcClientProtocolClient.java:onNext(255)) - client-D5CE890D7D9E->efcb8ff8-f060-4d95-9215-d0f5eb4af037: receive RaftClientReply:client-D5CE890D7D9E->efcb8ff8-f060-4d95-9215-d0f5eb4af037@group-0959F8DF43ED, cid=2658, SUCCESS, logIndex=0, commits[efcb8ff8-f060-4d95-9215-d0f5eb4af037:c3968, 6fae8b02-e804-4c0e-b729-a97b7404b7f6:c3965, 4c3e8a66-6975-4917-8225-d3efe707aaff:c3963]
2019-09-04 11:46:27,260 | INFO  | DNAudit | user=null | ip=null | op=WRITE_CHUNK {blockData=conID: 2 locID: 102734075475591777 bcsId: 3965} | ret=SUCCESS |  
2019-09-04 11:46:27,263 | INFO  | DNAudit | user=null | ip=null | op=WRITE_CHUNK {blockData=conID: 2 locID: 102734075475591777 bcsId: 3965} | ret=SUCCESS |  
2019-09-04 11:46:27,263 | INFO  | DNAudit | user=null | ip=null | op=WRITE_CHUNK {blockData=conID: 2 locID: 102734075475591777 bcsId: 3965} | ret=SUCCESS |  
2019-09-04 11:46:27,268 | INFO  | DNAudit | user=null | ip=null | op=WRITE_CHUNK {blockData=conID: 2 locID: 102734075475591777 bcsId: 3965} | ret=SUCCESS |  
2019-09-04 11:46:27,268 | INFO  | DNAudit | user=null | ip=null | op=PUT_BLOCK {blockData=[blockId=conID: 2 locID: 102734075475591777 bcsId: 0,size=3145728]} | ret=SUCCESS |  
2019-09-04 11:46:27,268 [grpc-default-executor-6] INFO  client.GrpcClientProtocolClient (GrpcClientProtocolClient.java:onNext(255)) - client-D5CE890D7D9E->efcb8ff8-f060-4d95-9215-d0f5eb4af037: receive RaftClientReply:client-D5CE890D7D9E->efcb8ff8-f060-4d95-9215-d0f5eb4af037@group-0959F8DF43ED, cid=2659, SUCCESS, logIndex=3970, commits[efcb8ff8-f060-4d95-9215-d0f5eb4af037:c3971, 6fae8b02-e804-4c0e-b729-a97b7404b7f6:c3969, 4c3e8a66-6975-4917-8225-d3efe707aaff:c3969]
2019-09-04 11:46:27,269 [grpc-default-executor-6] INFO  client.GrpcClientProtocolClient (GrpcClientProtocolClient.java:onNext(255)) - client-D5CE890D7D9E->efcb8ff8-f060-4d95-9215-d0f5eb4af037: receive RaftClientReply:client-D5CE890D7D9E->efcb8ff8-f060-4d95-9215-d0f5eb4af037@group-0959F8DF43ED, cid=2660, SUCCESS, logIndex=3971, commits[efcb8ff8-f060-4d95-9215-d0f5eb4af037:c3971, 6fae8b02-e804-4c0e-b729-a97b7404b7f6:c3969, 4c3e8a66-6975-4917-8225-d3efe707aaff:c3969]
2019-09-04 11:46:27,275 | INFO  | DNAudit | user=null | ip=null | op=WRITE_CHUNK {blockData=conID: 2 locID: 102734075475591777 bcsId: 3971} | ret=SUCCESS |  
2019-09-04 11:46:27,276 | INFO  | DNAudit | user=null | ip=null | op=WRITE_CHUNK {blockData=conID: 2 locID: 102734075475591777 bcsId: 3971} | ret=SUCCESS |  
2019-09-04 11:46:27,276 | INFO  | DNAudit | user=null | ip=null | op=WRITE_CHUNK {blockData=conID: 2 locID: 102734075475591777 bcsId: 3971} | ret=SUCCESS |  
2019-09-04 11:46:27,277 | INFO  | DNAudit | user=null | ip=null | op=WRITE_CHUNK {blockData=conID: 2 locID: 102734075475591777 bcsId: 3965} | ret=SUCCESS |  
2019-09-04 11:46:27,277 | INFO  | DNAudit | user=null | ip=null | op=WRITE_CHUNK {blockData=conID: 2 locID: 102734075475591777 bcsId: 3965} | ret=SUCCESS |  
2019-09-04 11:46:27,278 | INFO  | DNAudit | user=null | ip=null | op=PUT_BLOCK {blockData=[blockId=conID: 2 locID: 102734075475591777 bcsId: 0,size=3145728]} | ret=SUCCESS |  
2019-09-04 11:46:27,278 | INFO  | DNAudit | user=null | ip=null | op=PUT_BLOCK {blockData=[blockId=conID: 2 locID: 102734075475591777 bcsId: 0,size=3145728]} | ret=SUCCESS |  
2019-09-04 11:46:27,278 | INFO  | DNAudit | user=null | ip=null | op=WRITE_CHUNK {blockData=conID: 2 locID: 102734075475591777 bcsId: 3971} | ret=SUCCESS |  
2019-09-04 11:46:27,279 | INFO  | DNAudit | user=null | ip=null | op=PUT_BLOCK {blockData=[blockId=conID: 2 locID: 102734075475591777 bcsId: 0,size=4194304]} | ret=SUCCESS |  
2019-09-04 11:46:27,279 [grpc-default-executor-5] INFO  client.GrpcClientProtocolClient (GrpcClientProtocolClient.java:onNext(255)) - client-D5CE890D7D9E->efcb8ff8-f060-4d95-9215-d0f5eb4af037: receive RaftClientReply:client-D5CE890D7D9E->efcb8ff8-f060-4d95-9215-d0f5eb4af037@group-0959F8DF43ED, cid=2661, SUCCESS, logIndex=3974, commits[efcb8ff8-f060-4d95-9215-d0f5eb4af037:c3975, 6fae8b02-e804-4c0e-b729-a97b7404b7f6:c3971, 4c3e8a66-6975-4917-8225-d3efe707aaff:c3971]
2019-09-04 11:46:27,279 [grpc-default-executor-5] INFO  client.GrpcClientProtocolClient (GrpcClientProtocolClient.java:onNext(255)) - client-D5CE890D7D9E->efcb8ff8-f060-4d95-9215-d0f5eb4af037: receive RaftClientReply:client-D5CE890D7D9E->efcb8ff8-f060-4d95-9215-d0f5eb4af037@group-0959F8DF43ED, cid=2662, SUCCESS, logIndex=3975, commits[efcb8ff8-f060-4d95-9215-d0f5eb4af037:c3975, 6fae8b02-e804-4c0e-b729-a97b7404b7f6:c3971, 4c3e8a66-6975-4917-8225-d3efe707aaff:c3971]
2019-09-04 11:46:27,288 | INFO  | DNAudit | user=null | ip=null | op=WRITE_CHUNK {blockData=conID: 2 locID: 102734075475591777 bcsId: 3971} | ret=SUCCESS |  
2019-09-04 11:46:27,289 | INFO  | DNAudit | user=null | ip=null | op=WRITE_CHUNK {blockData=conID: 2 locID: 102734075475591777 bcsId: 3971} | ret=SUCCESS |  
2019-09-04 11:46:27,290 | INFO  | DNAudit | user=null | ip=null | op=PUT_BLOCK {blockData=[blockId=conID: 2 locID: 102734075475591777 bcsId: 0,size=4194304]} | ret=SUCCESS |  
2019-09-04 11:46:27,290 | INFO  | DNAudit | user=null | ip=null | op=PUT_BLOCK {blockData=[blockId=conID: 2 locID: 102734075475591777 bcsId: 0,size=4194304]} | ret=SUCCESS |  
2019-09-04 11:46:27,290 [grpc-default-executor-5] INFO  client.GrpcClientProtocolClient (GrpcClientProtocolClient.java:onNext(255)) - client-D5CE890D7D9E->efcb8ff8-f060-4d95-9215-d0f5eb4af037: receive RaftClientReply:client-D5CE890D7D9E->efcb8ff8-f060-4d95-9215-d0f5eb4af037@group-0959F8DF43ED, cid=2663, SUCCESS, logIndex=0, commits[efcb8ff8-f060-4d95-9215-d0f5eb4af037:c3977, 6fae8b02-e804-4c0e-b729-a97b7404b7f6:c3975, 4c3e8a66-6975-4917-8225-d3efe707aaff:c3975]
2019-09-04 11:46:27,295 | INFO  | SCMAudit | user=jenkins1000 | ip=192.168.36.67 | op=ALLOCATE_BLOCK {owner=8ab292a2-aaa7-4ad8-863a-d33994811155, size=4194304, type=RATIS, factor=THREE} | ret=SUCCESS |  
2019-09-04 11:46:27,297 | INFO  | OMAudit | user=jenkins1000 | ip=127.0.0.1 | op=ALLOCATE_BLOCK {volume=vol-0-58699, bucket=bucket-0-57464, key=key-0-37266, dataSize=0, replicationType=null, replicationFactor=null, keyLocationInfo=null, clientID=102734073355960722} | ret=SUCCESS |  
2019-09-04 11:46:27,303 | INFO  | DNAudit | user=null | ip=null | op=WRITE_CHUNK {blockData=conID: 3 locID: 102734075480965730 bcsId: 0} | ret=SUCCESS |  
2019-09-04 11:46:27,305 | INFO  | DNAudit | user=null | ip=null | op=WRITE_CHUNK {blockData=conID: 3 locID: 102734075480965730 bcsId: 0} | ret=SUCCESS |  
2019-09-04 11:46:27,306 | INFO  | DNAudit | user=null | ip=null | op=WRITE_CHUNK {blockData=conID: 3 locID: 102734075480965730 bcsId: 0} | ret=SUCCESS |  
2019-09-04 11:46:27,307 | INFO  | DNAudit | user=null | ip=null | op=WRITE_CHUNK {blockData=conID: 3 locID: 102734075480965730 bcsId: 0} | ret=SUCCESS |  
2019-09-04 11:46:27,308 | INFO  | DNAudit | user=null | ip=null | op=WRITE_CHUNK {blockData=conID: 3 locID: 102734075480965730 bcsId: 0} | ret=SUCCESS |  
2019-09-04 11:46:27,308 | INFO  | DNAudit | user=null | ip=null | op=WRITE_CHUNK {blockData=conID: 3 locID: 102734075480965730 bcsId: 0} | ret=SUCCESS |  
2019-09-04 11:46:27,314 | INFO  | DNAudit | user=null | ip=null | op=WRITE_CHUNK {blockData=conID: 3 locID: 102734075480965730 bcsId: 0} | ret=SUCCESS |  
2019-09-04 11:46:27,315 | INFO  | DNAudit | user=null | ip=null | op=PUT_BLOCK {blockData=[blockId=conID: 3 locID: 102734075480965730 bcsId: 0,size=1048576]} | ret=SUCCESS |  
2019-09-04 11:46:27,315 [grpc-default-executor-5] INFO  client.GrpcClientProtocolClient (GrpcClientProtocolClient.java:onNext(255)) - client-D5CE890D7D9E->efcb8ff8-f060-4d95-9215-d0f5eb4af037: receive RaftClientReply:client-D5CE890D7D9E->efcb8ff8-f060-4d95-9215-d0f5eb4af037@group-0959F8DF43ED, cid=2664, SUCCESS, logIndex=3978, commits[efcb8ff8-f060-4d95-9215-d0f5eb4af037:c3980, 6fae8b02-e804-4c0e-b729-a97b7404b7f6:c3977, 4c3e8a66-6975-4917-8225-d3efe707aaff:c3977]
2019-09-04 11:46:27,315 | INFO  | DNAudit | user=null | ip=null | op=WRITE_CHUNK {blockData=conID: 3 locID: 102734075480965730 bcsId: 0} | ret=SUCCESS |  
2019-09-04 11:46:27,315 [grpc-default-executor-5] INFO  client.GrpcClientProtocolClient (GrpcClientProtocolClient.java:onNext(255)) - client-D5CE890D7D9E->efcb8ff8-f060-4d95-9215-d0f5eb4af037: receive RaftClientReply:client-D5CE890D7D9E->efcb8ff8-f060-4d95-9215-d0f5eb4af037@group-0959F8DF43ED, cid=2665, SUCCESS, logIndex=3979, commits[efcb8ff8-f060-4d95-9215-d0f5eb4af037:c3981, 6fae8b02-e804-4c0e-b729-a97b7404b7f6:c3977, 4c3e8a66-6975-4917-8225-d3efe707aaff:c3977]
2019-09-04 11:46:27,315 | INFO  | DNAudit | user=null | ip=null | op=PUT_BLOCK {blockData=[blockId=conID: 3 locID: 102734075480965730 bcsId: 0,size=2097152]} | ret=SUCCESS |  
2019-09-04 11:46:27,315 [grpc-default-executor-5] INFO  client.GrpcClientProtocolClient (GrpcClientProtocolClient.java:onNext(255)) - client-D5CE890D7D9E->efcb8ff8-f060-4d95-9215-d0f5eb4af037: receive RaftClientReply:client-D5CE890D7D9E->efcb8ff8-f060-4d95-9215-d0f5eb4af037@group-0959F8DF43ED, cid=2666, SUCCESS, logIndex=3980, commits[efcb8ff8-f060-4d95-9215-d0f5eb4af037:c3981, 6fae8b02-e804-4c0e-b729-a97b7404b7f6:c3977, 4c3e8a66-6975-4917-8225-d3efe707aaff:c3977]
2019-09-04 11:46:27,315 [grpc-default-executor-5] INFO  client.GrpcClientProtocolClient (GrpcClientProtocolClient.java:onNext(255)) - client-D5CE890D7D9E->efcb8ff8-f060-4d95-9215-d0f5eb4af037: receive RaftClientReply:client-D5CE890D7D9E->efcb8ff8-f060-4d95-9215-d0f5eb4af037@group-0959F8DF43ED, cid=2667, SUCCESS, logIndex=3981, commits[efcb8ff8-f060-4d95-9215-d0f5eb4af037:c3981, 6fae8b02-e804-4c0e-b729-a97b7404b7f6:c3977, 4c3e8a66-6975-4917-8225-d3efe707aaff:c3977]
2019-09-04 11:46:27,327 | INFO  | DNAudit | user=null | ip=null | op=WRITE_CHUNK {blockData=conID: 3 locID: 102734075480965730 bcsId: 0} | ret=SUCCESS |  
2019-09-04 11:46:27,328 | INFO  | DNAudit | user=null | ip=null | op=PUT_BLOCK {blockData=[blockId=conID: 3 locID: 102734075480965730 bcsId: 0,size=1048576]} | ret=SUCCESS |  
2019-09-04 11:46:27,328 | INFO  | DNAudit | user=null | ip=null | op=WRITE_CHUNK {blockData=conID: 3 locID: 102734075480965730 bcsId: 0} | ret=SUCCESS |  
2019-09-04 11:46:27,329 | INFO  | DNAudit | user=null | ip=null | op=PUT_BLOCK {blockData=[blockId=conID: 3 locID: 102734075480965730 bcsId: 0,size=1048576]} | ret=SUCCESS |  
2019-09-04 11:46:27,329 | INFO  | DNAudit | user=null | ip=null | op=WRITE_CHUNK {blockData=conID: 3 locID: 102734075480965730 bcsId: 0} | ret=SUCCESS |  
2019-09-04 11:46:27,329 | INFO  | DNAudit | user=null | ip=null | op=PUT_BLOCK {blockData=[blockId=conID: 3 locID: 102734075480965730 bcsId: 0,size=2097152]} | ret=SUCCESS |  
2019-09-04 11:46:27,329 | INFO  | DNAudit | user=null | ip=null | op=WRITE_CHUNK {blockData=conID: 3 locID: 102734075480965730 bcsId: 0} | ret=SUCCESS |  
2019-09-04 11:46:27,329 [grpc-default-executor-5] INFO  client.GrpcClientProtocolClient (GrpcClientProtocolClient.java:onNext(255)) - client-D5CE890D7D9E->efcb8ff8-f060-4d95-9215-d0f5eb4af037: receive RaftClientReply:client-D5CE890D7D9E->efcb8ff8-f060-4d95-9215-d0f5eb4af037@group-0959F8DF43ED, cid=2668, SUCCESS, logIndex=0, commits[efcb8ff8-f060-4d95-9215-d0f5eb4af037:c3982, 6fae8b02-e804-4c0e-b729-a97b7404b7f6:c3979, 4c3e8a66-6975-4917-8225-d3efe707aaff:c3979]
2019-09-04 11:46:27,329 | INFO  | DNAudit | user=null | ip=null | op=PUT_BLOCK {blockData=[blockId=conID: 3 locID: 102734075480965730 bcsId: 0,size=2097152]} | ret=SUCCESS |  
2019-09-04 11:46:27,335 | INFO  | DNAudit | user=null | ip=null | op=WRITE_CHUNK {blockData=conID: 3 locID: 102734075480965730 bcsId: 3981} | ret=SUCCESS |  
2019-09-04 11:46:27,337 | INFO  | DNAudit | user=null | ip=null | op=WRITE_CHUNK {blockData=conID: 3 locID: 102734075480965730 bcsId: 3981} | ret=SUCCESS |  
2019-09-04 11:46:27,337 | INFO  | DNAudit | user=null | ip=null | op=WRITE_CHUNK {blockData=conID: 3 locID: 102734075480965730 bcsId: 3981} | ret=SUCCESS |  
2019-09-04 11:46:27,344 | INFO  | DNAudit | user=null | ip=null | op=WRITE_CHUNK {blockData=conID: 3 locID: 102734075480965730 bcsId: 3981} | ret=SUCCESS |  
2019-09-04 11:46:27,345 | INFO  | DNAudit | user=null | ip=null | op=PUT_BLOCK {blockData=[blockId=conID: 3 locID: 102734075480965730 bcsId: 0,size=3145728]} | ret=SUCCESS |  
2019-09-04 11:46:27,345 [grpc-default-executor-1] INFO  client.GrpcClientProtocolClient (GrpcClientProtocolClient.java:onNext(255)) - client-D5CE890D7D9E->efcb8ff8-f060-4d95-9215-d0f5eb4af037: receive RaftClientReply:client-D5CE890D7D9E->efcb8ff8-f060-4d95-9215-d0f5eb4af037@group-0959F8DF43ED, cid=2669, SUCCESS, logIndex=3986, commits[efcb8ff8-f060-4d95-9215-d0f5eb4af037:c3987, 6fae8b02-e804-4c0e-b729-a97b7404b7f6:c3985, 4c3e8a66-6975-4917-8225-d3efe707aaff:c3985]
2019-09-04 11:46:27,345 [grpc-default-executor-1] INFO  client.GrpcClientProtocolClient (GrpcClientProtocolClient.java:onNext(255)) - client-D5CE890D7D9E->efcb8ff8-f060-4d95-9215-d0f5eb4af037: receive RaftClientReply:client-D5CE890D7D9E->efcb8ff8-f060-4d95-9215-d0f5eb4af037@group-0959F8DF43ED, cid=2670, SUCCESS, logIndex=3987, commits[efcb8ff8-f060-4d95-9215-d0f5eb4af037:c3987, 6fae8b02-e804-4c0e-b729-a97b7404b7f6:c3985, 4c3e8a66-6975-4917-8225-d3efe707aaff:c3985]
2019-09-04 11:46:27,350 | INFO  | DNAudit | user=null | ip=null | op=WRITE_CHUNK {blockData=conID: 3 locID: 102734075480965730 bcsId: 3987} | ret=SUCCESS |  
2019-09-04 11:46:27,351 | INFO  | DNAudit | user=null | ip=null | op=WRITE_CHUNK {blockData=conID: 3 locID: 102734075480965730 bcsId: 3981} | ret=SUCCESS |  
2019-09-04 11:46:27,351 | INFO  | DNAudit | user=null | ip=null | op=WRITE_CHUNK {blockData=conID: 3 locID: 102734075480965730 bcsId: 3981} | ret=SUCCESS |  
2019-09-04 11:46:27,352 | INFO  | DNAudit | user=null | ip=null | op=PUT_BLOCK {blockData=[blockId=conID: 3 locID: 102734075480965730 bcsId: 0,size=3145728]} | ret=SUCCESS |  
2019-09-04 11:46:27,352 | INFO  | DNAudit | user=null | ip=null | op=PUT_BLOCK {blockData=[blockId=conID: 3 locID: 102734075480965730 bcsId: 0,size=3145728]} | ret=SUCCESS |  
2019-09-04 11:46:27,353 | INFO  | DNAudit | user=null | ip=null | op=WRITE_CHUNK {blockData=conID: 3 locID: 102734075480965730 bcsId: 3987} | ret=SUCCESS |  
2019-09-04 11:46:27,353 | INFO  | DNAudit | user=null | ip=null | op=WRITE_CHUNK {blockData=conID: 3 locID: 102734075480965730 bcsId: 3987} | ret=SUCCESS |  
2019-09-04 11:46:27,362 | INFO  | DNAudit | user=null | ip=null | op=WRITE_CHUNK {blockData=conID: 3 locID: 102734075480965730 bcsId: 3987} | ret=SUCCESS |  
2019-09-04 11:46:27,362 | INFO  | DNAudit | user=null | ip=null | op=PUT_BLOCK {blockData=[blockId=conID: 3 locID: 102734075480965730 bcsId: 0,size=4194304]} | ret=SUCCESS |  
2019-09-04 11:46:27,363 [grpc-default-executor-6] INFO  client.GrpcClientProtocolClient (GrpcClientProtocolClient.java:onNext(255)) - client-D5CE890D7D9E->efcb8ff8-f060-4d95-9215-d0f5eb4af037: receive RaftClientReply:client-D5CE890D7D9E->efcb8ff8-f060-4d95-9215-d0f5eb4af037@group-0959F8DF43ED, cid=2671, SUCCESS, logIndex=3990, commits[efcb8ff8-f060-4d95-9215-d0f5eb4af037:c3991, 6fae8b02-e804-4c0e-b729-a97b7404b7f6:c3987, 4c3e8a66-6975-4917-8225-d3efe707aaff:c3987]
2019-09-04 11:46:27,363 [grpc-default-executor-6] INFO  client.GrpcClientProtocolClient (GrpcClientProtocolClient.java:onNext(255)) - client-D5CE890D7D9E->efcb8ff8-f060-4d95-9215-d0f5eb4af037: receive RaftClientReply:client-D5CE890D7D9E->efcb8ff8-f060-4d95-9215-d0f5eb4af037@group-0959F8DF43ED, cid=2672, SUCCESS, logIndex=3991, commits[efcb8ff8-f060-4d95-9215-d0f5eb4af037:c3991, 6fae8b02-e804-4c0e-b729-a97b7404b7f6:c3987, 4c3e8a66-6975-4917-8225-d3efe707aaff:c3987]
2019-09-04 11:46:27,374 | INFO  | DNAudit | user=null | ip=null | op=WRITE_CHUNK {blockData=conID: 3 locID: 102734075480965730 bcsId: 3987} | ret=SUCCESS |  
2019-09-04 11:46:27,374 | INFO  | DNAudit | user=null | ip=null | op=WRITE_CHUNK {blockData=conID: 3 locID: 102734075480965730 bcsId: 3987} | ret=SUCCESS |  
2019-09-04 11:46:27,374 | INFO  | DNAudit | user=null | ip=null | op=PUT_BLOCK {blockData=[blockId=conID: 3 locID: 102734075480965730 bcsId: 0,size=4194304]} | ret=SUCCESS |  
2019-09-04 11:46:27,374 | INFO  | DNAudit | user=null | ip=null | op=PUT_BLOCK {blockData=[blockId=conID: 3 locID: 102734075480965730 bcsId: 0,size=4194304]} | ret=SUCCESS |  
2019-09-04 11:46:27,374 [grpc-default-executor-6] INFO  client.GrpcClientProtocolClient (GrpcClientProtocolClient.java:onNext(255)) - client-D5CE890D7D9E->efcb8ff8-f060-4d95-9215-d0f5eb4af037: receive RaftClientReply:client-D5CE890D7D9E->efcb8ff8-f060-4d95-9215-d0f5eb4af037@group-0959F8DF43ED, cid=2673, SUCCESS, logIndex=0, commits[efcb8ff8-f060-4d95-9215-d0f5eb4af037:c3992, 6fae8b02-e804-4c0e-b729-a97b7404b7f6:c3991, 4c3e8a66-6975-4917-8225-d3efe707aaff:c3991]
2019-09-04 11:46:27,381 | INFO  | SCMAudit | user=jenkins1000 | ip=192.168.36.67 | op=ALLOCATE_BLOCK {owner=8ab292a2-aaa7-4ad8-863a-d33994811155, size=4194304, type=RATIS, factor=THREE} | ret=SUCCESS |  
2019-09-04 11:46:27,385 | INFO  | OMAudit | user=jenkins1000 | ip=127.0.0.1 | op=ALLOCATE_BLOCK {volume=vol-0-58699, bucket=bucket-0-57464, key=key-0-37266, dataSize=0, replicationType=null, replicationFactor=null, keyLocationInfo=null, clientID=102734073355960722} | ret=SUCCESS |  
2019-09-04 11:46:27,391 | INFO  | DNAudit | user=null | ip=null | op=WRITE_CHUNK {blockData=conID: 1 locID: 102734075486601827 bcsId: 0} | ret=SUCCESS |  
2019-09-04 11:46:27,394 | INFO  | DNAudit | user=null | ip=null | op=WRITE_CHUNK {blockData=conID: 1 locID: 102734075486601827 bcsId: 0} | ret=SUCCESS |  
2019-09-04 11:46:27,394 | INFO  | DNAudit | user=null | ip=null | op=WRITE_CHUNK {blockData=conID: 1 locID: 102734075486601827 bcsId: 0} | ret=SUCCESS |  
2019-09-04 11:46:27,395 | INFO  | DNAudit | user=null | ip=null | op=WRITE_CHUNK {blockData=conID: 1 locID: 102734075486601827 bcsId: 0} | ret=SUCCESS |  
2019-09-04 11:46:27,395 | INFO  | DNAudit | user=null | ip=null | op=WRITE_CHUNK {blockData=conID: 1 locID: 102734075486601827 bcsId: 0} | ret=SUCCESS |  
2019-09-04 11:46:27,395 | INFO  | DNAudit | user=null | ip=null | op=WRITE_CHUNK {blockData=conID: 1 locID: 102734075486601827 bcsId: 0} | ret=SUCCESS |  
2019-09-04 11:46:27,396 | INFO  | DNAudit | user=null | ip=null | op=WRITE_CHUNK {blockData=conID: 1 locID: 102734075486601827 bcsId: 0} | ret=SUCCESS |  
2019-09-04 11:46:27,397 | INFO  | DNAudit | user=null | ip=null | op=PUT_BLOCK {blockData=[blockId=conID: 1 locID: 102734075486601827 bcsId: 0,size=1048576]} | ret=SUCCESS |  
2019-09-04 11:46:27,397 [grpc-default-executor-1] INFO  client.GrpcClientProtocolClient (GrpcClientProtocolClient.java:onNext(255)) - client-D5CE890D7D9E->efcb8ff8-f060-4d95-9215-d0f5eb4af037: receive RaftClientReply:client-D5CE890D7D9E->efcb8ff8-f060-4d95-9215-d0f5eb4af037@group-0959F8DF43ED, cid=2674, SUCCESS, logIndex=3994, commits[efcb8ff8-f060-4d95-9215-d0f5eb4af037:c3995, 6fae8b02-e804-4c0e-b729-a97b7404b7f6:c3991, 4c3e8a66-6975-4917-8225-d3efe707aaff:c3993]
2019-09-04 11:46:27,397 [grpc-default-executor-1] INFO  client.GrpcClientProtocolClient (GrpcClientProtocolClient.java:onNext(255)) - client-D5CE890D7D9E->efcb8ff8-f060-4d95-9215-d0f5eb4af037: receive RaftClientReply:client-D5CE890D7D9E->efcb8ff8-f060-4d95-9215-d0f5eb4af037@group-0959F8DF43ED, cid=2675, SUCCESS, logIndex=3995, commits[efcb8ff8-f060-4d95-9215-d0f5eb4af037:c3995, 6fae8b02-e804-4c0e-b729-a97b7404b7f6:c3991, 4c3e8a66-6975-4917-8225-d3efe707aaff:c3993]
2019-09-04 11:46:27,398 | INFO  | DNAudit | user=null | ip=null | op=WRITE_CHUNK {blockData=conID: 1 locID: 102734075486601827 bcsId: 0} | ret=SUCCESS |  
2019-09-04 11:46:27,399 | INFO  | DNAudit | user=null | ip=null | op=PUT_BLOCK {blockData=[blockId=conID: 1 locID: 102734075486601827 bcsId: 0,size=2097152]} | ret=SUCCESS |  
2019-09-04 11:46:27,399 [grpc-default-executor-1] INFO  client.GrpcClientProtocolClient (GrpcClientProtocolClient.java:onNext(255)) - client-D5CE890D7D9E->efcb8ff8-f060-4d95-9215-d0f5eb4af037: receive RaftClientReply:client-D5CE890D7D9E->efcb8ff8-f060-4d95-9215-d0f5eb4af037@group-0959F8DF43ED, cid=2676, SUCCESS, logIndex=3996, commits[efcb8ff8-f060-4d95-9215-d0f5eb4af037:c3997, 6fae8b02-e804-4c0e-b729-a97b7404b7f6:c3993, 4c3e8a66-6975-4917-8225-d3efe707aaff:c3993]
2019-09-04 11:46:27,399 [grpc-default-executor-1] INFO  client.GrpcClientProtocolClient (GrpcClientProtocolClient.java:onNext(255)) - client-D5CE890D7D9E->efcb8ff8-f060-4d95-9215-d0f5eb4af037: receive RaftClientReply:client-D5CE890D7D9E->efcb8ff8-f060-4d95-9215-d0f5eb4af037@group-0959F8DF43ED, cid=2677, SUCCESS, logIndex=3997, commits[efcb8ff8-f060-4d95-9215-d0f5eb4af037:c3997, 6fae8b02-e804-4c0e-b729-a97b7404b7f6:c3993, 4c3e8a66-6975-4917-8225-d3efe707aaff:c3993]
2019-09-04 11:46:27,399 | INFO  | DNAudit | user=null | ip=null | op=WRITE_CHUNK {blockData=conID: 1 locID: 102734075486601827 bcsId: 0} | ret=SUCCESS |  
2019-09-04 11:46:27,400 | INFO  | DNAudit | user=null | ip=null | op=PUT_BLOCK {blockData=[blockId=conID: 1 locID: 102734075486601827 bcsId: 0,size=1048576]} | ret=SUCCESS |  
2019-09-04 11:46:27,400 | INFO  | DNAudit | user=null | ip=null | op=WRITE_CHUNK {blockData=conID: 1 locID: 102734075486601827 bcsId: 0} | ret=SUCCESS |  
2019-09-04 11:46:27,400 | INFO  | DNAudit | user=null | ip=null | op=PUT_BLOCK {blockData=[blockId=conID: 1 locID: 102734075486601827 bcsId: 0,size=1048576]} | ret=SUCCESS |  
2019-09-04 11:46:27,400 [grpc-default-executor-1] INFO  client.GrpcClientProtocolClient (GrpcClientProtocolClient.java:onNext(255)) - client-D5CE890D7D9E->efcb8ff8-f060-4d95-9215-d0f5eb4af037: receive RaftClientReply:client-D5CE890D7D9E->efcb8ff8-f060-4d95-9215-d0f5eb4af037@group-0959F8DF43ED, cid=2678, SUCCESS, logIndex=0, commits[efcb8ff8-f060-4d95-9215-d0f5eb4af037:c3999, 6fae8b02-e804-4c0e-b729-a97b7404b7f6:c3995, 4c3e8a66-6975-4917-8225-d3efe707aaff:c3995]
2019-09-04 11:46:27,400 | INFO  | DNAudit | user=null | ip=null | op=WRITE_CHUNK {blockData=conID: 1 locID: 102734075486601827 bcsId: 0} | ret=SUCCESS |  
2019-09-04 11:46:27,401 | INFO  | DNAudit | user=null | ip=null | op=PUT_BLOCK {blockData=[blockId=conID: 1 locID: 102734075486601827 bcsId: 0,size=2097152]} | ret=SUCCESS |  
2019-09-04 11:46:27,401 | INFO  | DNAudit | user=null | ip=null | op=WRITE_CHUNK {blockData=conID: 1 locID: 102734075486601827 bcsId: 0} | ret=SUCCESS |  
2019-09-04 11:46:27,401 | INFO  | DNAudit | user=null | ip=null | op=PUT_BLOCK {blockData=[blockId=conID: 1 locID: 102734075486601827 bcsId: 0,size=2097152]} | ret=SUCCESS |  
2019-09-04 11:46:27,405 | INFO  | DNAudit | user=null | ip=null | op=WRITE_CHUNK {blockData=conID: 1 locID: 102734075486601827 bcsId: 3997} | ret=SUCCESS |  
2019-09-04 11:46:27,407 | INFO  | DNAudit | user=null | ip=null | op=WRITE_CHUNK {blockData=conID: 1 locID: 102734075486601827 bcsId: 3997} | ret=SUCCESS |  
2019-09-04 11:46:27,407 | INFO  | DNAudit | user=null | ip=null | op=WRITE_CHUNK {blockData=conID: 1 locID: 102734075486601827 bcsId: 3997} | ret=SUCCESS |  
2019-09-04 11:46:27,410 | INFO  | DNAudit | user=null | ip=null | op=WRITE_CHUNK {blockData=conID: 1 locID: 102734075486601827 bcsId: 3997} | ret=SUCCESS |  
2019-09-04 11:46:27,411 | INFO  | DNAudit | user=null | ip=null | op=PUT_BLOCK {blockData=[blockId=conID: 1 locID: 102734075486601827 bcsId: 0,size=3145728]} | ret=SUCCESS |  
2019-09-04 11:46:27,411 [grpc-default-executor-6] INFO  client.GrpcClientProtocolClient (GrpcClientProtocolClient.java:onNext(255)) - client-D5CE890D7D9E->efcb8ff8-f060-4d95-9215-d0f5eb4af037: receive RaftClientReply:client-D5CE890D7D9E->efcb8ff8-f060-4d95-9215-d0f5eb4af037@group-0959F8DF43ED, cid=2679, SUCCESS, logIndex=4002, commits[efcb8ff8-f060-4d95-9215-d0f5eb4af037:c4003, 6fae8b02-e804-4c0e-b729-a97b7404b7f6:c4001, 4c3e8a66-6975-4917-8225-d3efe707aaff:c4001]
2019-09-04 11:46:27,411 [grpc-default-executor-6] INFO  client.GrpcClientProtocolClient (GrpcClientProtocolClient.java:onNext(255)) - client-D5CE890D7D9E->efcb8ff8-f060-4d95-9215-d0f5eb4af037: receive RaftClientReply:client-D5CE890D7D9E->efcb8ff8-f060-4d95-9215-d0f5eb4af037@group-0959F8DF43ED, cid=2680, SUCCESS, logIndex=4003, commits[efcb8ff8-f060-4d95-9215-d0f5eb4af037:c4003, 6fae8b02-e804-4c0e-b729-a97b7404b7f6:c4001, 4c3e8a66-6975-4917-8225-d3efe707aaff:c4001]
2019-09-04 11:46:27,417 | INFO  | DNAudit | user=null | ip=null | op=WRITE_CHUNK {blockData=conID: 1 locID: 102734075486601827 bcsId: 4003} | ret=SUCCESS |  
2019-09-04 11:46:27,418 | INFO  | DNAudit | user=null | ip=null | op=WRITE_CHUNK {blockData=conID: 1 locID: 102734075486601827 bcsId: 3997} | ret=SUCCESS |  
2019-09-04 11:46:27,418 | INFO  | DNAudit | user=null | ip=null | op=WRITE_CHUNK {blockData=conID: 1 locID: 102734075486601827 bcsId: 3997} | ret=SUCCESS |  
2019-09-04 11:46:27,419 | INFO  | DNAudit | user=null | ip=null | op=WRITE_CHUNK {blockData=conID: 1 locID: 102734075486601827 bcsId: 4003} | ret=SUCCESS |  
2019-09-04 11:46:27,419 | INFO  | DNAudit | user=null | ip=null | op=WRITE_CHUNK {blockData=conID: 1 locID: 102734075486601827 bcsId: 4003} | ret=SUCCESS |  
2019-09-04 11:46:27,419 | INFO  | DNAudit | user=null | ip=null | op=PUT_BLOCK {blockData=[blockId=conID: 1 locID: 102734075486601827 bcsId: 0,size=3145728]} | ret=SUCCESS |  
2019-09-04 11:46:27,419 | INFO  | DNAudit | user=null | ip=null | op=PUT_BLOCK {blockData=[blockId=conID: 1 locID: 102734075486601827 bcsId: 0,size=3145728]} | ret=SUCCESS |  
2019-09-04 11:46:27,424 | INFO  | DNAudit | user=null | ip=null | op=WRITE_CHUNK {blockData=conID: 1 locID: 102734075486601827 bcsId: 4003} | ret=SUCCESS |  
2019-09-04 11:46:27,536 | INFO  | DNAudit | user=null | ip=null | op=PUT_BLOCK {blockData=[blockId=conID: 1 locID: 102734075486601827 bcsId: 0,size=4194304]} | ret=SUCCESS |  
2019-09-04 11:46:27,536 [grpc-default-executor-5] INFO  client.GrpcClientProtocolClient (GrpcClientProtocolClient.java:onNext(255)) - client-D5CE890D7D9E->efcb8ff8-f060-4d95-9215-d0f5eb4af037: receive RaftClientReply:client-D5CE890D7D9E->efcb8ff8-f060-4d95-9215-d0f5eb4af037@group-0959F8DF43ED, cid=2681, SUCCESS, logIndex=4006, commits[efcb8ff8-f060-4d95-9215-d0f5eb4af037:c4007, 6fae8b02-e804-4c0e-b729-a97b7404b7f6:c4003, 4c3e8a66-6975-4917-8225-d3efe707aaff:c4003]
2019-09-04 11:46:27,537 | INFO  | DNAudit | user=null | ip=null | op=WRITE_CHUNK {blockData=conID: 1 locID: 102734075486601827 bcsId: 4003} | ret=SUCCESS |  
2019-09-04 11:46:27,537 | INFO  | DNAudit | user=null | ip=null | op=WRITE_CHUNK {blockData=conID: 1 locID: 102734075486601827 bcsId: 4003} | ret=SUCCESS |  
2019-09-04 11:46:27,537 | INFO  | DNAudit | user=null | ip=null | op=PUT_BLOCK {blockData=[blockId=conID: 1 locID: 102734075486601827 bcsId: 0,size=4194304]} | ret=SUCCESS |  
2019-09-04 11:46:27,537 [grpc-default-executor-5] INFO  client.GrpcClientProtocolClient (GrpcClientProtocolClient.java:onNext(255)) - client-D5CE890D7D9E->efcb8ff8-f060-4d95-9215-d0f5eb4af037: receive RaftClientReply:client-D5CE890D7D9E->efcb8ff8-f060-4d95-9215-d0f5eb4af037@group-0959F8DF43ED, cid=2682, SUCCESS, logIndex=4007, commits[efcb8ff8-f060-4d95-9215-d0f5eb4af037:c4007, 6fae8b02-e804-4c0e-b729-a97b7404b7f6:c4003, 4c3e8a66-6975-4917-8225-d3efe707aaff:c4003]
2019-09-04 11:46:27,537 | INFO  | DNAudit | user=null | ip=null | op=PUT_BLOCK {blockData=[blockId=conID: 1 locID: 102734075486601827 bcsId: 0,size=4194304]} | ret=SUCCESS |  
2019-09-04 11:46:27,538 [grpc-default-executor-5] INFO  client.GrpcClientProtocolClient (GrpcClientProtocolClient.java:onNext(255)) - client-D5CE890D7D9E->efcb8ff8-f060-4d95-9215-d0f5eb4af037: receive RaftClientReply:client-D5CE890D7D9E->efcb8ff8-f060-4d95-9215-d0f5eb4af037@group-0959F8DF43ED, cid=2683, SUCCESS, logIndex=0, commits[efcb8ff8-f060-4d95-9215-d0f5eb4af037:c4008, 6fae8b02-e804-4c0e-b729-a97b7404b7f6:c4007, 4c3e8a66-6975-4917-8225-d3efe707aaff:c4007]
2019-09-04 11:46:27,543 | INFO  | SCMAudit | user=jenkins1000 | ip=192.168.36.67 | op=ALLOCATE_BLOCK {owner=8ab292a2-aaa7-4ad8-863a-d33994811155, size=4194304, type=RATIS, factor=THREE} | ret=SUCCESS |  
2019-09-04 11:46:27,546 | INFO  | OMAudit | user=jenkins1000 | ip=127.0.0.1 | op=ALLOCATE_BLOCK {volume=vol-0-58699, bucket=bucket-0-57464, key=key-0-37266, dataSize=0, replicationType=null, replicationFactor=null, keyLocationInfo=null, clientID=102734073355960722} | ret=SUCCESS |  
2019-09-04 11:46:27,552 | INFO  | DNAudit | user=null | ip=null | op=WRITE_CHUNK {blockData=conID: 2 locID: 102734075497153124 bcsId: 0} | ret=SUCCESS |  
2019-09-04 11:46:27,554 | INFO  | DNAudit | user=null | ip=null | op=WRITE_CHUNK {blockData=conID: 2 locID: 102734075497153124 bcsId: 0} | ret=SUCCESS |  
2019-09-04 11:46:27,554 | INFO  | DNAudit | user=null | ip=null | op=WRITE_CHUNK {blockData=conID: 2 locID: 102734075497153124 bcsId: 0} | ret=SUCCESS |  
2019-09-04 11:46:27,555 | INFO  | DNAudit | user=null | ip=null | op=WRITE_CHUNK {blockData=conID: 2 locID: 102734075497153124 bcsId: 0} | ret=SUCCESS |  
2019-09-04 11:46:27,555 | INFO  | DNAudit | user=null | ip=null | op=WRITE_CHUNK {blockData=conID: 2 locID: 102734075497153124 bcsId: 0} | ret=SUCCESS |  
2019-09-04 11:46:27,555 | INFO  | DNAudit | user=null | ip=null | op=WRITE_CHUNK {blockData=conID: 2 locID: 102734075497153124 bcsId: 0} | ret=SUCCESS |  
2019-09-04 11:46:27,577 | INFO  | DNAudit | user=null | ip=null | op=WRITE_CHUNK {blockData=conID: 2 locID: 102734075497153124 bcsId: 0} | ret=SUCCESS |  
2019-09-04 11:46:27,577 | INFO  | DNAudit | user=null | ip=null | op=PUT_BLOCK {blockData=[blockId=conID: 2 locID: 102734075497153124 bcsId: 0,size=1048576]} | ret=SUCCESS |  
2019-09-04 11:46:27,578 | INFO  | DNAudit | user=null | ip=null | op=WRITE_CHUNK {blockData=conID: 2 locID: 102734075497153124 bcsId: 0} | ret=SUCCESS |  
2019-09-04 11:46:27,578 [grpc-default-executor-6] INFO  client.GrpcClientProtocolClient (GrpcClientProtocolClient.java:onNext(255)) - client-D5CE890D7D9E->efcb8ff8-f060-4d95-9215-d0f5eb4af037: receive RaftClientReply:client-D5CE890D7D9E->efcb8ff8-f060-4d95-9215-d0f5eb4af037@group-0959F8DF43ED, cid=2684, SUCCESS, logIndex=4010, commits[efcb8ff8-f060-4d95-9215-d0f5eb4af037:c4013, 6fae8b02-e804-4c0e-b729-a97b7404b7f6:c4008, 4c3e8a66-6975-4917-8225-d3efe707aaff:c4008]
2019-09-04 11:46:27,578 | INFO  | DNAudit | user=null | ip=null | op=PUT_BLOCK {blockData=[blockId=conID: 2 locID: 102734075497153124 bcsId: 0,size=2097152]} | ret=SUCCESS |  
2019-09-04 11:46:27,578 [grpc-default-executor-6] INFO  client.GrpcClientProtocolClient (GrpcClientProtocolClient.java:onNext(255)) - client-D5CE890D7D9E->efcb8ff8-f060-4d95-9215-d0f5eb4af037: receive RaftClientReply:client-D5CE890D7D9E->efcb8ff8-f060-4d95-9215-d0f5eb4af037@group-0959F8DF43ED, cid=2685, SUCCESS, logIndex=4011, commits[efcb8ff8-f060-4d95-9215-d0f5eb4af037:c4013, 6fae8b02-e804-4c0e-b729-a97b7404b7f6:c4008, 4c3e8a66-6975-4917-8225-d3efe707aaff:c4008]
2019-09-04 11:46:27,579 [grpc-default-executor-6] INFO  client.GrpcClientProtocolClient (GrpcClientProtocolClient.java:onNext(255)) - client-D5CE890D7D9E->efcb8ff8-f060-4d95-9215-d0f5eb4af037: receive RaftClientReply:client-D5CE890D7D9E->efcb8ff8-f060-4d95-9215-d0f5eb4af037@group-0959F8DF43ED, cid=2686, SUCCESS, logIndex=4012, commits[efcb8ff8-f060-4d95-9215-d0f5eb4af037:c4013, 6fae8b02-e804-4c0e-b729-a97b7404b7f6:c4008, 4c3e8a66-6975-4917-8225-d3efe707aaff:c4008]
2019-09-04 11:46:27,579 [grpc-default-executor-6] INFO  client.GrpcClientProtocolClient (GrpcClientProtocolClient.java:onNext(255)) - client-D5CE890D7D9E->efcb8ff8-f060-4d95-9215-d0f5eb4af037: receive RaftClientReply:client-D5CE890D7D9E->efcb8ff8-f060-4d95-9215-d0f5eb4af037@group-0959F8DF43ED, cid=2687, SUCCESS, logIndex=4013, commits[efcb8ff8-f060-4d95-9215-d0f5eb4af037:c4013, 6fae8b02-e804-4c0e-b729-a97b7404b7f6:c4008, 4c3e8a66-6975-4917-8225-d3efe707aaff:c4008]
2019-09-04 11:46:27,583 | INFO  | DNAudit | user=null | ip=null | op=WRITE_CHUNK {blockData=conID: 2 locID: 102734075497153124 bcsId: 0} | ret=SUCCESS |  
2019-09-04 11:46:27,583 | INFO  | DNAudit | user=null | ip=null | op=WRITE_CHUNK {blockData=conID: 2 locID: 102734075497153124 bcsId: 0} | ret=SUCCESS |  
2019-09-04 11:46:27,583 | INFO  | DNAudit | user=null | ip=null | op=PUT_BLOCK {blockData=[blockId=conID: 2 locID: 102734075497153124 bcsId: 0,size=1048576]} | ret=SUCCESS |  
2019-09-04 11:46:27,583 | INFO  | DNAudit | user=null | ip=null | op=PUT_BLOCK {blockData=[blockId=conID: 2 locID: 102734075497153124 bcsId: 0,size=1048576]} | ret=SUCCESS |  
2019-09-04 11:46:27,583 [grpc-default-executor-0] INFO  client.GrpcClientProtocolClient (GrpcClientProtocolClient.java:onNext(255)) - client-D5CE890D7D9E->efcb8ff8-f060-4d95-9215-d0f5eb4af037: receive RaftClientReply:client-D5CE890D7D9E->efcb8ff8-f060-4d95-9215-d0f5eb4af037@group-0959F8DF43ED, cid=2688, SUCCESS, logIndex=0, commits[efcb8ff8-f060-4d95-9215-d0f5eb4af037:c4014, 6fae8b02-e804-4c0e-b729-a97b7404b7f6:c4011, 4c3e8a66-6975-4917-8225-d3efe707aaff:c4011]
2019-09-04 11:46:27,584 | INFO  | DNAudit | user=null | ip=null | op=WRITE_CHUNK {blockData=conID: 2 locID: 102734075497153124 bcsId: 0} | ret=SUCCESS |  
2019-09-04 11:46:27,585 | INFO  | DNAudit | user=null | ip=null | op=PUT_BLOCK {blockData=[blockId=conID: 2 locID: 102734075497153124 bcsId: 0,size=2097152]} | ret=SUCCESS |  
2019-09-04 11:46:27,585 | INFO  | DNAudit | user=null | ip=null | op=WRITE_CHUNK {blockData=conID: 2 locID: 102734075497153124 bcsId: 0} | ret=SUCCESS |  
2019-09-04 11:46:27,585 | INFO  | DNAudit | user=null | ip=null | op=PUT_BLOCK {blockData=[blockId=conID: 2 locID: 102734075497153124 bcsId: 0,size=2097152]} | ret=SUCCESS |  
2019-09-04 11:46:27,590 | INFO  | DNAudit | user=null | ip=null | op=WRITE_CHUNK {blockData=conID: 2 locID: 102734075497153124 bcsId: 4013} | ret=SUCCESS |  
2019-09-04 11:46:27,591 | INFO  | DNAudit | user=null | ip=null | op=WRITE_CHUNK {blockData=conID: 2 locID: 102734075497153124 bcsId: 4013} | ret=SUCCESS |  
2019-09-04 11:46:27,591 | INFO  | DNAudit | user=null | ip=null | op=WRITE_CHUNK {blockData=conID: 2 locID: 102734075497153124 bcsId: 4013} | ret=SUCCESS |  
2019-09-04 11:46:27,678 | INFO  | DNAudit | user=null | ip=null | op=WRITE_CHUNK {blockData=conID: 2 locID: 102734075497153124 bcsId: 4013} | ret=SUCCESS |  
2019-09-04 11:46:27,678 | INFO  | DNAudit | user=null | ip=null | op=PUT_BLOCK {blockData=[blockId=conID: 2 locID: 102734075497153124 bcsId: 0,size=3145728]} | ret=SUCCESS |  
2019-09-04 11:46:27,678 [grpc-default-executor-5] INFO  client.GrpcClientProtocolClient (GrpcClientProtocolClient.java:onNext(255)) - client-D5CE890D7D9E->efcb8ff8-f060-4d95-9215-d0f5eb4af037: receive RaftClientReply:client-D5CE890D7D9E->efcb8ff8-f060-4d95-9215-d0f5eb4af037@group-0959F8DF43ED, cid=2689, SUCCESS, logIndex=4017, commits[efcb8ff8-f060-4d95-9215-d0f5eb4af037:c4018, 6fae8b02-e804-4c0e-b729-a97b7404b7f6:c4016, 4c3e8a66-6975-4917-8225-d3efe707aaff:c4016]
2019-09-04 11:46:27,679 [grpc-default-executor-5] INFO  client.GrpcClientProtocolClient (GrpcClientProtocolClient.java:onNext(255)) - client-D5CE890D7D9E->efcb8ff8-f060-4d95-9215-d0f5eb4af037: receive RaftClientReply:client-D5CE890D7D9E->efcb8ff8-f060-4d95-9215-d0f5eb4af037@group-0959F8DF43ED, cid=2690, SUCCESS, logIndex=4018, commits[efcb8ff8-f060-4d95-9215-d0f5eb4af037:c4018, 6fae8b02-e804-4c0e-b729-a97b7404b7f6:c4016, 4c3e8a66-6975-4917-8225-d3efe707aaff:c4016]
2019-09-04 11:46:27,686 | INFO  | DNAudit | user=null | ip=null | op=WRITE_CHUNK {blockData=conID: 2 locID: 102734075497153124 bcsId: 4018} | ret=SUCCESS |  
2019-09-04 11:46:27,688 | INFO  | DNAudit | user=null | ip=null | op=WRITE_CHUNK {blockData=conID: 2 locID: 102734075497153124 bcsId: 4018} | ret=SUCCESS |  
2019-09-04 11:46:27,689 | INFO  | DNAudit | user=null | ip=null | op=WRITE_CHUNK {blockData=conID: 2 locID: 102734075497153124 bcsId: 4018} | ret=SUCCESS |  
2019-09-04 11:46:27,695 | INFO  | DNAudit | user=null | ip=null | op=WRITE_CHUNK {blockData=conID: 2 locID: 102734075497153124 bcsId: 4013} | ret=SUCCESS |  
2019-09-04 11:46:27,695 | INFO  | DNAudit | user=null | ip=null | op=PUT_BLOCK {blockData=[blockId=conID: 2 locID: 102734075497153124 bcsId: 0,size=3145728]} | ret=SUCCESS |  
2019-09-04 11:46:27,695 | INFO  | DNAudit | user=null | ip=null | op=WRITE_CHUNK {blockData=conID: 2 locID: 102734075497153124 bcsId: 4013} | ret=SUCCESS |  
2019-09-04 11:46:27,696 | INFO  | DNAudit | user=null | ip=null | op=PUT_BLOCK {blockData=[blockId=conID: 2 locID: 102734075497153124 bcsId: 0,size=3145728]} | ret=SUCCESS |  
2019-09-04 11:46:27,697 | INFO  | DNAudit | user=null | ip=null | op=WRITE_CHUNK {blockData=conID: 2 locID: 102734075497153124 bcsId: 4018} | ret=SUCCESS |  
2019-09-04 11:46:27,697 | INFO  | DNAudit | user=null | ip=null | op=PUT_BLOCK {blockData=[blockId=conID: 2 locID: 102734075497153124 bcsId: 0,size=4194304]} | ret=SUCCESS |  
2019-09-04 11:46:27,697 [grpc-default-executor-6] INFO  client.GrpcClientProtocolClient (GrpcClientProtocolClient.java:onNext(255)) - client-D5CE890D7D9E->efcb8ff8-f060-4d95-9215-d0f5eb4af037: receive RaftClientReply:client-D5CE890D7D9E->efcb8ff8-f060-4d95-9215-d0f5eb4af037@group-0959F8DF43ED, cid=2691, SUCCESS, logIndex=4021, commits[efcb8ff8-f060-4d95-9215-d0f5eb4af037:c4022, 6fae8b02-e804-4c0e-b729-a97b7404b7f6:c4018, 4c3e8a66-6975-4917-8225-d3efe707aaff:c4018]
2019-09-04 11:46:27,698 [grpc-default-executor-6] INFO  client.GrpcClientProtocolClient (GrpcClientProtocolClient.java:onNext(255)) - client-D5CE890D7D9E->efcb8ff8-f060-4d95-9215-d0f5eb4af037: receive RaftClientReply:client-D5CE890D7D9E->efcb8ff8-f060-4d95-9215-d0f5eb4af037@group-0959F8DF43ED, cid=2692, SUCCESS, logIndex=4022, commits[efcb8ff8-f060-4d95-9215-d0f5eb4af037:c4022, 6fae8b02-e804-4c0e-b729-a97b7404b7f6:c4018, 4c3e8a66-6975-4917-8225-d3efe707aaff:c4018]
2019-09-04 11:46:27,704 | INFO  | DNAudit | user=null | ip=null | op=WRITE_CHUNK {blockData=conID: 2 locID: 102734075497153124 bcsId: 4018} | ret=SUCCESS |  
2019-09-04 11:46:27,704 | INFO  | DNAudit | user=null | ip=null | op=WRITE_CHUNK {blockData=conID: 2 locID: 102734075497153124 bcsId: 4018} | ret=SUCCESS |  
2019-09-04 11:46:27,705 | INFO  | DNAudit | user=null | ip=null | op=PUT_BLOCK {blockData=[blockId=conID: 2 locID: 102734075497153124 bcsId: 0,size=4194304]} | ret=SUCCESS |  
2019-09-04 11:46:27,706 | INFO  | DNAudit | user=null | ip=null | op=PUT_BLOCK {blockData=[blockId=conID: 2 locID: 102734075497153124 bcsId: 0,size=4194304]} | ret=SUCCESS |  
2019-09-04 11:46:27,706 [grpc-default-executor-0] INFO  client.GrpcClientProtocolClient (GrpcClientProtocolClient.java:onNext(255)) - client-D5CE890D7D9E->efcb8ff8-f060-4d95-9215-d0f5eb4af037: receive RaftClientReply:client-D5CE890D7D9E->efcb8ff8-f060-4d95-9215-d0f5eb4af037@group-0959F8DF43ED, cid=2693, SUCCESS, logIndex=0, commits[efcb8ff8-f060-4d95-9215-d0f5eb4af037:c4024, 6fae8b02-e804-4c0e-b729-a97b7404b7f6:c4022, 4c3e8a66-6975-4917-8225-d3efe707aaff:c4022]
2019-09-04 11:46:27,707 | INFO  | SCMAudit | user=jenkins1000 | ip=192.168.36.67 | op=SEND_HEARTBEAT {datanodeUUID=b68b188c-7f38-42ae-8403-46a39acd0731, command=[]} | ret=SUCCESS |  
2019-09-04 11:46:27,710 | INFO  | SCMAudit | user=jenkins1000 | ip=192.168.36.67 | op=ALLOCATE_BLOCK {owner=8ab292a2-aaa7-4ad8-863a-d33994811155, size=4194304, type=RATIS, factor=THREE} | ret=SUCCESS |  
2019-09-04 11:46:27,713 | INFO  | OMAudit | user=jenkins1000 | ip=127.0.0.1 | op=ALLOCATE_BLOCK {volume=vol-0-58699, bucket=bucket-0-57464, key=key-0-37266, dataSize=0, replicationType=null, replicationFactor=null, keyLocationInfo=null, clientID=102734073355960722} | ret=SUCCESS |  
2019-09-04 11:46:27,719 | INFO  | DNAudit | user=null | ip=null | op=WRITE_CHUNK {blockData=conID: 3 locID: 102734075508163173 bcsId: 0} | ret=SUCCESS |  
2019-09-04 11:46:27,721 | INFO  | DNAudit | user=null | ip=null | op=WRITE_CHUNK {blockData=conID: 3 locID: 102734075508163173 bcsId: 0} | ret=SUCCESS |  
2019-09-04 11:46:27,722 | INFO  | DNAudit | user=null | ip=null | op=WRITE_CHUNK {blockData=conID: 3 locID: 102734075508163173 bcsId: 0} | ret=SUCCESS |  
2019-09-04 11:46:27,722 | INFO  | DNAudit | user=null | ip=null | op=WRITE_CHUNK {blockData=conID: 3 locID: 102734075508163173 bcsId: 0} | ret=SUCCESS |  
2019-09-04 11:46:27,724 | INFO  | DNAudit | user=null | ip=null | op=WRITE_CHUNK {blockData=conID: 3 locID: 102734075508163173 bcsId: 0} | ret=SUCCESS |  
2019-09-04 11:46:27,724 | INFO  | DNAudit | user=null | ip=null | op=WRITE_CHUNK {blockData=conID: 3 locID: 102734075508163173 bcsId: 0} | ret=SUCCESS |  
2019-09-04 11:46:27,736 | INFO  | DNAudit | user=null | ip=null | op=WRITE_CHUNK {blockData=conID: 3 locID: 102734075508163173 bcsId: 0} | ret=SUCCESS |  
2019-09-04 11:46:27,736 | INFO  | DNAudit | user=null | ip=null | op=PUT_BLOCK {blockData=[blockId=conID: 3 locID: 102734075508163173 bcsId: 0,size=1048576]} | ret=SUCCESS |  
2019-09-04 11:46:27,737 [grpc-default-executor-0] INFO  client.GrpcClientProtocolClient (GrpcClientProtocolClient.java:onNext(255)) - client-D5CE890D7D9E->efcb8ff8-f060-4d95-9215-d0f5eb4af037: receive RaftClientReply:client-D5CE890D7D9E->efcb8ff8-f060-4d95-9215-d0f5eb4af037@group-0959F8DF43ED, cid=2694, SUCCESS, logIndex=4025, commits[efcb8ff8-f060-4d95-9215-d0f5eb4af037:c4026, 6fae8b02-e804-4c0e-b729-a97b7404b7f6:c4024, 4c3e8a66-6975-4917-8225-d3efe707aaff:c4024]
2019-09-04 11:46:27,737 [grpc-default-executor-0] INFO  client.GrpcClientProtocolClient (GrpcClientProtocolClient.java:onNext(255)) - client-D5CE890D7D9E->efcb8ff8-f060-4d95-9215-d0f5eb4af037: receive RaftClientReply:client-D5CE890D7D9E->efcb8ff8-f060-4d95-9215-d0f5eb4af037@group-0959F8DF43ED, cid=2695, SUCCESS, logIndex=4026, commits[efcb8ff8-f060-4d95-9215-d0f5eb4af037:c4026, 6fae8b02-e804-4c0e-b729-a97b7404b7f6:c4024, 4c3e8a66-6975-4917-8225-d3efe707aaff:c4024]
2019-09-04 11:46:27,737 | INFO  | SCMAudit | user=jenkins1000 | ip=192.168.36.67 | op=SEND_HEARTBEAT {datanodeUUID=4c3e8a66-6975-4917-8225-d3efe707aaff, command=[]} | ret=SUCCESS |  
2019-09-04 11:46:27,738 | INFO  | SCMAudit | user=jenkins1000 | ip=192.168.36.67 | op=SEND_HEARTBEAT {datanodeUUID=6fae8b02-e804-4c0e-b729-a97b7404b7f6, command=[]} | ret=SUCCESS |  
2019-09-04 11:46:27,740 | INFO  | SCMAudit | user=jenkins1000 | ip=192.168.36.67 | op=SEND_HEARTBEAT {datanodeUUID=0b776101-1d39-4f23-96c0-6a8ead31197c, command=[]} | ret=SUCCESS |  
2019-09-04 11:46:27,743 | INFO  | SCMAudit | user=jenkins1000 | ip=192.168.36.67 | op=SEND_HEARTBEAT {datanodeUUID=efcb8ff8-f060-4d95-9215-d0f5eb4af037, command=[]} | ret=SUCCESS |  
2019-09-04 11:46:27,753 | INFO  | DNAudit | user=null | ip=null | op=WRITE_CHUNK {blockData=conID: 3 locID: 102734075508163173 bcsId: 0} | ret=SUCCESS |  
2019-09-04 11:46:27,753 | INFO  | DNAudit | user=null | ip=null | op=PUT_BLOCK {blockData=[blockId=conID: 3 locID: 102734075508163173 bcsId: 0,size=2097152]} | ret=SUCCESS |  
2019-09-04 11:46:27,754 [grpc-default-executor-6] INFO  client.GrpcClientProtocolClient (GrpcClientProtocolClient.java:onNext(255)) - client-D5CE890D7D9E->efcb8ff8-f060-4d95-9215-d0f5eb4af037: receive RaftClientReply:client-D5CE890D7D9E->efcb8ff8-f060-4d95-9215-d0f5eb4af037@group-0959F8DF43ED, cid=2696, SUCCESS, logIndex=4027, commits[efcb8ff8-f060-4d95-9215-d0f5eb4af037:c4028, 6fae8b02-e804-4c0e-b729-a97b7404b7f6:c4024, 4c3e8a66-6975-4917-8225-d3efe707aaff:c4024]
2019-09-04 11:46:27,754 [grpc-default-executor-6] INFO  client.GrpcClientProtocolClient (GrpcClientProtocolClient.java:onNext(255)) - client-D5CE890D7D9E->efcb8ff8-f060-4d95-9215-d0f5eb4af037: receive RaftClientReply:client-D5CE890D7D9E->efcb8ff8-f060-4d95-9215-d0f5eb4af037@group-0959F8DF43ED, cid=2697, SUCCESS, logIndex=4028, commits[efcb8ff8-f060-4d95-9215-d0f5eb4af037:c4028, 6fae8b02-e804-4c0e-b729-a97b7404b7f6:c4024, 4c3e8a66-6975-4917-8225-d3efe707aaff:c4024]
2019-09-04 11:46:27,762 | INFO  | DNAudit | user=null | ip=null | op=WRITE_CHUNK {blockData=conID: 3 locID: 102734075508163173 bcsId: 0} | ret=SUCCESS |  
2019-09-04 11:46:27,762 | INFO  | DNAudit | user=null | ip=null | op=PUT_BLOCK {blockData=[blockId=conID: 3 locID: 102734075508163173 bcsId: 0,size=1048576]} | ret=SUCCESS |  
2019-09-04 11:46:27,768 | INFO  | DNAudit | user=null | ip=null | op=WRITE_CHUNK {blockData=conID: 3 locID: 102734075508163173 bcsId: 0} | ret=SUCCESS |  
2019-09-04 11:46:27,768 | INFO  | DNAudit | user=null | ip=null | op=PUT_BLOCK {blockData=[blockId=conID: 3 locID: 102734075508163173 bcsId: 0,size=2097152]} | ret=SUCCESS |  
2019-09-04 11:46:27,768 | INFO  | DNAudit | user=null | ip=null | op=WRITE_CHUNK {blockData=conID: 3 locID: 102734075508163173 bcsId: 0} | ret=SUCCESS |  
2019-09-04 11:46:27,769 | INFO  | DNAudit | user=null | ip=null | op=PUT_BLOCK {blockData=[blockId=conID: 3 locID: 102734075508163173 bcsId: 0,size=1048576]} | ret=SUCCESS |  
2019-09-04 11:46:27,769 [grpc-default-executor-6] INFO  client.GrpcClientProtocolClient (GrpcClientProtocolClient.java:onNext(255)) - client-D5CE890D7D9E->efcb8ff8-f060-4d95-9215-d0f5eb4af037: receive RaftClientReply:client-D5CE890D7D9E->efcb8ff8-f060-4d95-9215-d0f5eb4af037@group-0959F8DF43ED, cid=2698, SUCCESS, logIndex=0, commits[efcb8ff8-f060-4d95-9215-d0f5eb4af037:c4032, 6fae8b02-e804-4c0e-b729-a97b7404b7f6:c4028, 4c3e8a66-6975-4917-8225-d3efe707aaff:c4026]
2019-09-04 11:46:27,769 | INFO  | DNAudit | user=null | ip=null | op=WRITE_CHUNK {blockData=conID: 3 locID: 102734075508163173 bcsId: 0} | ret=SUCCESS |  
2019-09-04 11:46:27,770 | INFO  | DNAudit | user=null | ip=null | op=PUT_BLOCK {blockData=[blockId=conID: 3 locID: 102734075508163173 bcsId: 0,size=2097152]} | ret=SUCCESS |  
2019-09-04 11:46:27,775 | INFO  | DNAudit | user=null | ip=null | op=WRITE_CHUNK {blockData=conID: 3 locID: 102734075508163173 bcsId: 4028} | ret=SUCCESS |  
2019-09-04 11:46:27,777 | INFO  | DNAudit | user=null | ip=null | op=WRITE_CHUNK {blockData=conID: 3 locID: 102734075508163173 bcsId: 4028} | ret=SUCCESS |  
2019-09-04 11:46:27,777 | INFO  | DNAudit | user=null | ip=null | op=WRITE_CHUNK {blockData=conID: 3 locID: 102734075508163173 bcsId: 4028} | ret=SUCCESS |  
2019-09-04 11:46:27,790 | INFO  | DNAudit | user=null | ip=null | op=WRITE_CHUNK {blockData=conID: 3 locID: 102734075508163173 bcsId: 4028} | ret=SUCCESS |  
2019-09-04 11:46:27,790 | INFO  | DNAudit | user=null | ip=null | op=PUT_BLOCK {blockData=[blockId=conID: 3 locID: 102734075508163173 bcsId: 0,size=3145728]} | ret=SUCCESS |  
2019-09-04 11:46:27,790 [grpc-default-executor-6] INFO  client.GrpcClientProtocolClient (GrpcClientProtocolClient.java:onNext(255)) - client-D5CE890D7D9E->efcb8ff8-f060-4d95-9215-d0f5eb4af037: receive RaftClientReply:client-D5CE890D7D9E->efcb8ff8-f060-4d95-9215-d0f5eb4af037@group-0959F8DF43ED, cid=2699, SUCCESS, logIndex=4033, commits[efcb8ff8-f060-4d95-9215-d0f5eb4af037:c4034, 6fae8b02-e804-4c0e-b729-a97b7404b7f6:c4032, 4c3e8a66-6975-4917-8225-d3efe707aaff:c4032]
2019-09-04 11:46:27,790 [grpc-default-executor-6] INFO  client.GrpcClientProtocolClient (GrpcClientProtocolClient.java:onNext(255)) - client-D5CE890D7D9E->efcb8ff8-f060-4d95-9215-d0f5eb4af037: receive RaftClientReply:client-D5CE890D7D9E->efcb8ff8-f060-4d95-9215-d0f5eb4af037@group-0959F8DF43ED, cid=2700, SUCCESS, logIndex=4034, commits[efcb8ff8-f060-4d95-9215-d0f5eb4af037:c4034, 6fae8b02-e804-4c0e-b729-a97b7404b7f6:c4032, 4c3e8a66-6975-4917-8225-d3efe707aaff:c4032]
2019-09-04 11:46:27,797 | INFO  | DNAudit | user=null | ip=null | op=WRITE_CHUNK {blockData=conID: 3 locID: 102734075508163173 bcsId: 4034} | ret=SUCCESS |  
2019-09-04 11:46:27,798 | INFO  | DNAudit | user=null | ip=null | op=WRITE_CHUNK {blockData=conID: 3 locID: 102734075508163173 bcsId: 4034} | ret=SUCCESS |  
2019-09-04 11:46:27,798 | INFO  | DNAudit | user=null | ip=null | op=WRITE_CHUNK {blockData=conID: 3 locID: 102734075508163173 bcsId: 4034} | ret=SUCCESS |  
2019-09-04 11:46:27,799 | INFO  | DNAudit | user=null | ip=null | op=WRITE_CHUNK {blockData=conID: 3 locID: 102734075508163173 bcsId: 4028} | ret=SUCCESS |  
2019-09-04 11:46:27,799 | INFO  | DNAudit | user=null | ip=null | op=WRITE_CHUNK {blockData=conID: 3 locID: 102734075508163173 bcsId: 4028} | ret=SUCCESS |  
2019-09-04 11:46:27,800 | INFO  | DNAudit | user=null | ip=null | op=PUT_BLOCK {blockData=[blockId=conID: 3 locID: 102734075508163173 bcsId: 0,size=3145728]} | ret=SUCCESS |  
2019-09-04 11:46:27,800 | INFO  | DNAudit | user=null | ip=null | op=PUT_BLOCK {blockData=[blockId=conID: 3 locID: 102734075508163173 bcsId: 0,size=3145728]} | ret=SUCCESS |  
2019-09-04 11:46:27,801 | INFO  | DNAudit | user=null | ip=null | op=WRITE_CHUNK {blockData=conID: 3 locID: 102734075508163173 bcsId: 4034} | ret=SUCCESS |  
2019-09-04 11:46:27,801 | INFO  | DNAudit | user=null | ip=null | op=PUT_BLOCK {blockData=[blockId=conID: 3 locID: 102734075508163173 bcsId: 0,size=4194304]} | ret=SUCCESS |  
2019-09-04 11:46:27,801 [grpc-default-executor-0] INFO  client.GrpcClientProtocolClient (GrpcClientProtocolClient.java:onNext(255)) - client-D5CE890D7D9E->efcb8ff8-f060-4d95-9215-d0f5eb4af037: receive RaftClientReply:client-D5CE890D7D9E->efcb8ff8-f060-4d95-9215-d0f5eb4af037@group-0959F8DF43ED, cid=2701, SUCCESS, logIndex=4037, commits[efcb8ff8-f060-4d95-9215-d0f5eb4af037:c4038, 6fae8b02-e804-4c0e-b729-a97b7404b7f6:c4034, 4c3e8a66-6975-4917-8225-d3efe707aaff:c4034]
2019-09-04 11:46:27,801 [grpc-default-executor-0] INFO  client.GrpcClientProtocolClient (GrpcClientProtocolClient.java:onNext(255)) - client-D5CE890D7D9E->efcb8ff8-f060-4d95-9215-d0f5eb4af037: receive RaftClientReply:client-D5CE890D7D9E->efcb8ff8-f060-4d95-9215-d0f5eb4af037@group-0959F8DF43ED, cid=2702, SUCCESS, logIndex=4038, commits[efcb8ff8-f060-4d95-9215-d0f5eb4af037:c4038, 6fae8b02-e804-4c0e-b729-a97b7404b7f6:c4034, 4c3e8a66-6975-4917-8225-d3efe707aaff:c4034]
2019-09-04 11:46:27,822 | INFO  | DNAudit | user=null | ip=null | op=WRITE_CHUNK {blockData=conID: 3 locID: 102734075508163173 bcsId: 4034} | ret=SUCCESS |  
2019-09-04 11:46:27,822 | INFO  | DNAudit | user=null | ip=null | op=WRITE_CHUNK {blockData=conID: 3 locID: 102734075508163173 bcsId: 4034} | ret=SUCCESS |  
2019-09-04 11:46:27,824 | INFO  | DNAudit | user=null | ip=null | op=PUT_BLOCK {blockData=[blockId=conID: 3 locID: 102734075508163173 bcsId: 0,size=4194304]} | ret=SUCCESS |  
2019-09-04 11:46:27,824 | INFO  | DNAudit | user=null | ip=null | op=PUT_BLOCK {blockData=[blockId=conID: 3 locID: 102734075508163173 bcsId: 0,size=4194304]} | ret=SUCCESS |  
2019-09-04 11:46:27,825 [grpc-default-executor-0] INFO  client.GrpcClientProtocolClient (GrpcClientProtocolClient.java:onNext(255)) - client-D5CE890D7D9E->efcb8ff8-f060-4d95-9215-d0f5eb4af037: receive RaftClientReply:client-D5CE890D7D9E->efcb8ff8-f060-4d95-9215-d0f5eb4af037@group-0959F8DF43ED, cid=2703, SUCCESS, logIndex=0, commits[efcb8ff8-f060-4d95-9215-d0f5eb4af037:c4040, 6fae8b02-e804-4c0e-b729-a97b7404b7f6:c4038, 4c3e8a66-6975-4917-8225-d3efe707aaff:c4038]
2019-09-04 11:46:27,831 | INFO  | SCMAudit | user=jenkins1000 | ip=192.168.36.67 | op=ALLOCATE_BLOCK {owner=8ab292a2-aaa7-4ad8-863a-d33994811155, size=4194304, type=RATIS, factor=THREE} | ret=SUCCESS |  
2019-09-04 11:46:27,835 | INFO  | OMAudit | user=jenkins1000 | ip=127.0.0.1 | op=ALLOCATE_BLOCK {volume=vol-0-58699, bucket=bucket-0-57464, key=key-0-37266, dataSize=0, replicationType=null, replicationFactor=null, keyLocationInfo=null, clientID=102734073355960722} | ret=SUCCESS |  
2019-09-04 11:46:27,842 | INFO  | DNAudit | user=null | ip=null | op=WRITE_CHUNK {blockData=conID: 1 locID: 102734075516093030 bcsId: 0} | ret=SUCCESS |  
2019-09-04 11:46:27,845 | INFO  | DNAudit | user=null | ip=null | op=WRITE_CHUNK {blockData=conID: 1 locID: 102734075516093030 bcsId: 0} | ret=SUCCESS |  
2019-09-04 11:46:27,845 | INFO  | DNAudit | user=null | ip=null | op=WRITE_CHUNK {blockData=conID: 1 locID: 102734075516093030 bcsId: 0} | ret=SUCCESS |  
2019-09-04 11:46:27,846 | INFO  | DNAudit | user=null | ip=null | op=WRITE_CHUNK {blockData=conID: 1 locID: 102734075516093030 bcsId: 0} | ret=SUCCESS |  
2019-09-04 11:46:27,847 | INFO  | DNAudit | user=null | ip=null | op=WRITE_CHUNK {blockData=conID: 1 locID: 102734075516093030 bcsId: 0} | ret=SUCCESS |  
2019-09-04 11:46:27,847 | INFO  | DNAudit | user=null | ip=null | op=WRITE_CHUNK {blockData=conID: 1 locID: 102734075516093030 bcsId: 0} | ret=SUCCESS |  
2019-09-04 11:46:27,848 | INFO  | DNAudit | user=null | ip=null | op=WRITE_CHUNK {blockData=conID: 1 locID: 102734075516093030 bcsId: 0} | ret=SUCCESS |  
2019-09-04 11:46:27,848 | INFO  | DNAudit | user=null | ip=null | op=PUT_BLOCK {blockData=[blockId=conID: 1 locID: 102734075516093030 bcsId: 0,size=1048576]} | ret=SUCCESS |  
2019-09-04 11:46:27,848 [grpc-default-executor-1] INFO  client.GrpcClientProtocolClient (GrpcClientProtocolClient.java:onNext(255)) - client-D5CE890D7D9E->efcb8ff8-f060-4d95-9215-d0f5eb4af037: receive RaftClientReply:client-D5CE890D7D9E->efcb8ff8-f060-4d95-9215-d0f5eb4af037@group-0959F8DF43ED, cid=2704, SUCCESS, logIndex=4041, commits[efcb8ff8-f060-4d95-9215-d0f5eb4af037:c4042, 6fae8b02-e804-4c0e-b729-a97b7404b7f6:c4038, 4c3e8a66-6975-4917-8225-d3efe707aaff:c4040]
2019-09-04 11:46:27,850 | INFO  | DNAudit | user=null | ip=null | op=WRITE_CHUNK {blockData=conID: 1 locID: 102734075516093030 bcsId: 0} | ret=SUCCESS |  
2019-09-04 11:46:27,850 [grpc-default-executor-1] INFO  client.GrpcClientProtocolClient (GrpcClientProtocolClient.java:onNext(255)) - client-D5CE890D7D9E->efcb8ff8-f060-4d95-9215-d0f5eb4af037: receive RaftClientReply:client-D5CE890D7D9E->efcb8ff8-f060-4d95-9215-d0f5eb4af037@group-0959F8DF43ED, cid=2705, SUCCESS, logIndex=4042, commits[efcb8ff8-f060-4d95-9215-d0f5eb4af037:c4042, 6fae8b02-e804-4c0e-b729-a97b7404b7f6:c4038, 4c3e8a66-6975-4917-8225-d3efe707aaff:c4040]
2019-09-04 11:46:27,850 | INFO  | DNAudit | user=null | ip=null | op=PUT_BLOCK {blockData=[blockId=conID: 1 locID: 102734075516093030 bcsId: 0,size=2097152]} | ret=SUCCESS |  
2019-09-04 11:46:27,850 [grpc-default-executor-1] INFO  client.GrpcClientProtocolClient (GrpcClientProtocolClient.java:onNext(255)) - client-D5CE890D7D9E->efcb8ff8-f060-4d95-9215-d0f5eb4af037: receive RaftClientReply:client-D5CE890D7D9E->efcb8ff8-f060-4d95-9215-d0f5eb4af037@group-0959F8DF43ED, cid=2706, SUCCESS, logIndex=4043, commits[efcb8ff8-f060-4d95-9215-d0f5eb4af037:c4044, 6fae8b02-e804-4c0e-b729-a97b7404b7f6:c4040, 4c3e8a66-6975-4917-8225-d3efe707aaff:c4040]
2019-09-04 11:46:27,850 [grpc-default-executor-1] INFO  client.GrpcClientProtocolClient (GrpcClientProtocolClient.java:onNext(255)) - client-D5CE890D7D9E->efcb8ff8-f060-4d95-9215-d0f5eb4af037: receive RaftClientReply:client-D5CE890D7D9E->efcb8ff8-f060-4d95-9215-d0f5eb4af037@group-0959F8DF43ED, cid=2707, SUCCESS, logIndex=4044, commits[efcb8ff8-f060-4d95-9215-d0f5eb4af037:c4044, 6fae8b02-e804-4c0e-b729-a97b7404b7f6:c4040, 4c3e8a66-6975-4917-8225-d3efe707aaff:c4040]
2019-09-04 11:46:27,860 | INFO  | DNAudit | user=null | ip=null | op=WRITE_CHUNK {blockData=conID: 1 locID: 102734075516093030 bcsId: 0} | ret=SUCCESS |  
2019-09-04 11:46:27,860 | INFO  | DNAudit | user=null | ip=null | op=WRITE_CHUNK {blockData=conID: 1 locID: 102734075516093030 bcsId: 0} | ret=SUCCESS |  
2019-09-04 11:46:27,860 | INFO  | DNAudit | user=null | ip=null | op=PUT_BLOCK {blockData=[blockId=conID: 1 locID: 102734075516093030 bcsId: 0,size=1048576]} | ret=SUCCESS |  
2019-09-04 11:46:27,860 | INFO  | DNAudit | user=null | ip=null | op=PUT_BLOCK {blockData=[blockId=conID: 1 locID: 102734075516093030 bcsId: 0,size=1048576]} | ret=SUCCESS |  
2019-09-04 11:46:27,860 [grpc-default-executor-1] INFO  client.GrpcClientProtocolClient (GrpcClientProtocolClient.java:onNext(255)) - client-D5CE890D7D9E->efcb8ff8-f060-4d95-9215-d0f5eb4af037: receive RaftClientReply:client-D5CE890D7D9E->efcb8ff8-f060-4d95-9215-d0f5eb4af037@group-0959F8DF43ED, cid=2708, SUCCESS, logIndex=0, commits[efcb8ff8-f060-4d95-9215-d0f5eb4af037:c4045, 6fae8b02-e804-4c0e-b729-a97b7404b7f6:c4042, 4c3e8a66-6975-4917-8225-d3efe707aaff:c4042]
2019-09-04 11:46:27,867 | INFO  | DNAudit | user=null | ip=null | op=WRITE_CHUNK {blockData=conID: 1 locID: 102734075516093030 bcsId: 4044} | ret=SUCCESS |  
2019-09-04 11:46:27,869 | INFO  | DNAudit | user=null | ip=null | op=WRITE_CHUNK {blockData=conID: 1 locID: 102734075516093030 bcsId: 0} | ret=SUCCESS |  
2019-09-04 11:46:27,869 | INFO  | DNAudit | user=null | ip=null | op=PUT_BLOCK {blockData=[blockId=conID: 1 locID: 102734075516093030 bcsId: 0,size=2097152]} | ret=SUCCESS |  
2019-09-04 11:46:27,869 | INFO  | DNAudit | user=null | ip=null | op=WRITE_CHUNK {blockData=conID: 1 locID: 102734075516093030 bcsId: 0} | ret=SUCCESS |  
2019-09-04 11:46:27,869 | INFO  | DNAudit | user=null | ip=null | op=PUT_BLOCK {blockData=[blockId=conID: 1 locID: 102734075516093030 bcsId: 0,size=2097152]} | ret=SUCCESS |  
2019-09-04 11:46:27,870 | INFO  | DNAudit | user=null | ip=null | op=WRITE_CHUNK {blockData=conID: 1 locID: 102734075516093030 bcsId: 4044} | ret=SUCCESS |  
2019-09-04 11:46:27,870 | INFO  | DNAudit | user=null | ip=null | op=WRITE_CHUNK {blockData=conID: 1 locID: 102734075516093030 bcsId: 4044} | ret=SUCCESS |  
2019-09-04 11:46:27,878 | INFO  | DNAudit | user=null | ip=null | op=WRITE_CHUNK {blockData=conID: 1 locID: 102734075516093030 bcsId: 4044} | ret=SUCCESS |  
2019-09-04 11:46:27,878 | INFO  | DNAudit | user=null | ip=null | op=PUT_BLOCK {blockData=[blockId=conID: 1 locID: 102734075516093030 bcsId: 0,size=3145728]} | ret=SUCCESS |  
2019-09-04 11:46:27,878 [grpc-default-executor-6] INFO  client.GrpcClientProtocolClient (GrpcClientProtocolClient.java:onNext(255)) - client-D5CE890D7D9E->efcb8ff8-f060-4d95-9215-d0f5eb4af037: receive RaftClientReply:client-D5CE890D7D9E->efcb8ff8-f060-4d95-9215-d0f5eb4af037@group-0959F8DF43ED, cid=2709, SUCCESS, logIndex=4049, commits[efcb8ff8-f060-4d95-9215-d0f5eb4af037:c4050, 6fae8b02-e804-4c0e-b729-a97b7404b7f6:c4046, 4c3e8a66-6975-4917-8225-d3efe707aaff:c4046]
2019-09-04 11:46:27,879 [grpc-default-executor-6] INFO  client.GrpcClientProtocolClient (GrpcClientProtocolClient.java:onNext(255)) - client-D5CE890D7D9E->efcb8ff8-f060-4d95-9215-d0f5eb4af037: receive RaftClientReply:client-D5CE890D7D9E->efcb8ff8-f060-4d95-9215-d0f5eb4af037@group-0959F8DF43ED, cid=2710, SUCCESS, logIndex=4050, commits[efcb8ff8-f060-4d95-9215-d0f5eb4af037:c4050, 6fae8b02-e804-4c0e-b729-a97b7404b7f6:c4046, 4c3e8a66-6975-4917-8225-d3efe707aaff:c4046]
2019-09-04 11:46:27,885 | INFO  | DNAudit | user=null | ip=null | op=WRITE_CHUNK {blockData=conID: 1 locID: 102734075516093030 bcsId: 4050} | ret=SUCCESS |  
2019-09-04 11:46:27,887 | INFO  | DNAudit | user=null | ip=null | op=WRITE_CHUNK {blockData=conID: 1 locID: 102734075516093030 bcsId: 4050} | ret=SUCCESS |  
2019-09-04 11:46:27,887 | INFO  | DNAudit | user=null | ip=null | op=WRITE_CHUNK {blockData=conID: 1 locID: 102734075516093030 bcsId: 4050} | ret=SUCCESS |  
2019-09-04 11:46:27,890 | INFO  | DNAudit | user=null | ip=null | op=WRITE_CHUNK {blockData=conID: 1 locID: 102734075516093030 bcsId: 4044} | ret=SUCCESS |  
2019-09-04 11:46:27,891 | INFO  | DNAudit | user=null | ip=null | op=WRITE_CHUNK {blockData=conID: 1 locID: 102734075516093030 bcsId: 4044} | ret=SUCCESS |  
2019-09-04 11:46:27,891 | INFO  | DNAudit | user=null | ip=null | op=PUT_BLOCK {blockData=[blockId=conID: 1 locID: 102734075516093030 bcsId: 0,size=3145728]} | ret=SUCCESS |  
2019-09-04 11:46:27,891 | INFO  | DNAudit | user=null | ip=null | op=PUT_BLOCK {blockData=[blockId=conID: 1 locID: 102734075516093030 bcsId: 0,size=3145728]} | ret=SUCCESS |  
2019-09-04 11:46:27,892 | INFO  | DNAudit | user=null | ip=null | op=WRITE_CHUNK {blockData=conID: 1 locID: 102734075516093030 bcsId: 4050} | ret=SUCCESS |  
2019-09-04 11:46:27,892 | INFO  | DNAudit | user=null | ip=null | op=PUT_BLOCK {blockData=[blockId=conID: 1 locID: 102734075516093030 bcsId: 0,size=4194304]} | ret=SUCCESS |  
2019-09-04 11:46:27,893 [grpc-default-executor-6] INFO  client.GrpcClientProtocolClient (GrpcClientProtocolClient.java:onNext(255)) - client-D5CE890D7D9E->efcb8ff8-f060-4d95-9215-d0f5eb4af037: receive RaftClientReply:client-D5CE890D7D9E->efcb8ff8-f060-4d95-9215-d0f5eb4af037@group-0959F8DF43ED, cid=2711, SUCCESS, logIndex=4053, commits[efcb8ff8-f060-4d95-9215-d0f5eb4af037:c4054, 6fae8b02-e804-4c0e-b729-a97b7404b7f6:c4050, 4c3e8a66-6975-4917-8225-d3efe707aaff:c4050]
2019-09-04 11:46:27,893 [grpc-default-executor-6] INFO  client.GrpcClientProtocolClient (GrpcClientProtocolClient.java:onNext(255)) - client-D5CE890D7D9E->efcb8ff8-f060-4d95-9215-d0f5eb4af037: receive RaftClientReply:client-D5CE890D7D9E->efcb8ff8-f060-4d95-9215-d0f5eb4af037@group-0959F8DF43ED, cid=2712, SUCCESS, logIndex=4054, commits[efcb8ff8-f060-4d95-9215-d0f5eb4af037:c4054, 6fae8b02-e804-4c0e-b729-a97b7404b7f6:c4050, 4c3e8a66-6975-4917-8225-d3efe707aaff:c4050]
2019-09-04 11:46:27,901 | INFO  | DNAudit | user=null | ip=null | op=WRITE_CHUNK {blockData=conID: 1 locID: 102734075516093030 bcsId: 4050} | ret=SUCCESS |  
2019-09-04 11:46:27,901 | INFO  | DNAudit | user=null | ip=null | op=WRITE_CHUNK {blockData=conID: 1 locID: 102734075516093030 bcsId: 4050} | ret=SUCCESS |  
2019-09-04 11:46:27,902 | INFO  | DNAudit | user=null | ip=null | op=PUT_BLOCK {blockData=[blockId=conID: 1 locID: 102734075516093030 bcsId: 0,size=4194304]} | ret=SUCCESS |  
2019-09-04 11:46:27,902 | INFO  | DNAudit | user=null | ip=null | op=PUT_BLOCK {blockData=[blockId=conID: 1 locID: 102734075516093030 bcsId: 0,size=4194304]} | ret=SUCCESS |  
2019-09-04 11:46:27,902 [grpc-default-executor-5] INFO  client.GrpcClientProtocolClient (GrpcClientProtocolClient.java:onNext(255)) - client-D5CE890D7D9E->efcb8ff8-f060-4d95-9215-d0f5eb4af037: receive RaftClientReply:client-D5CE890D7D9E->efcb8ff8-f060-4d95-9215-d0f5eb4af037@group-0959F8DF43ED, cid=2713, SUCCESS, logIndex=0, commits[efcb8ff8-f060-4d95-9215-d0f5eb4af037:c4055, 6fae8b02-e804-4c0e-b729-a97b7404b7f6:c4054, 4c3e8a66-6975-4917-8225-d3efe707aaff:c4054]
2019-09-04 11:46:27,909 | INFO  | SCMAudit | user=jenkins1000 | ip=192.168.36.67 | op=ALLOCATE_BLOCK {owner=8ab292a2-aaa7-4ad8-863a-d33994811155, size=4194304, type=RATIS, factor=THREE} | ret=SUCCESS |  
2019-09-04 11:46:27,913 | INFO  | OMAudit | user=jenkins1000 | ip=127.0.0.1 | op=ALLOCATE_BLOCK {volume=vol-0-58699, bucket=bucket-0-57464, key=key-0-37266, dataSize=0, replicationType=null, replicationFactor=null, keyLocationInfo=null, clientID=102734073355960722} | ret=SUCCESS |  
2019-09-04 11:46:27,919 | INFO  | DNAudit | user=null | ip=null | op=WRITE_CHUNK {blockData=conID: 2 locID: 102734075521204839 bcsId: 0} | ret=SUCCESS |  
2019-09-04 11:46:27,922 | INFO  | DNAudit | user=null | ip=null | op=WRITE_CHUNK {blockData=conID: 2 locID: 102734075521204839 bcsId: 0} | ret=SUCCESS |  
2019-09-04 11:46:27,922 | INFO  | DNAudit | user=null | ip=null | op=WRITE_CHUNK {blockData=conID: 2 locID: 102734075521204839 bcsId: 0} | ret=SUCCESS |  
2019-09-04 11:46:27,923 | INFO  | DNAudit | user=null | ip=null | op=WRITE_CHUNK {blockData=conID: 2 locID: 102734075521204839 bcsId: 0} | ret=SUCCESS |  
2019-09-04 11:46:27,924 | INFO  | DNAudit | user=null | ip=null | op=WRITE_CHUNK {blockData=conID: 2 locID: 102734075521204839 bcsId: 0} | ret=SUCCESS |  
2019-09-04 11:46:27,924 | INFO  | DNAudit | user=null | ip=null | op=WRITE_CHUNK {blockData=conID: 2 locID: 102734075521204839 bcsId: 0} | ret=SUCCESS |  
2019-09-04 11:46:27,926 | INFO  | DNAudit | user=null | ip=null | op=WRITE_CHUNK {blockData=conID: 2 locID: 102734075521204839 bcsId: 0} | ret=SUCCESS |  
2019-09-04 11:46:27,927 | INFO  | DNAudit | user=null | ip=null | op=PUT_BLOCK {blockData=[blockId=conID: 2 locID: 102734075521204839 bcsId: 0,size=1048576]} | ret=SUCCESS |  
2019-09-04 11:46:27,927 | INFO  | DNAudit | user=null | ip=null | op=WRITE_CHUNK {blockData=conID: 2 locID: 102734075521204839 bcsId: 0} | ret=SUCCESS |  
2019-09-04 11:46:27,927 [grpc-default-executor-1] INFO  client.GrpcClientProtocolClient (GrpcClientProtocolClient.java:onNext(255)) - client-D5CE890D7D9E->efcb8ff8-f060-4d95-9215-d0f5eb4af037: receive RaftClientReply:client-D5CE890D7D9E->efcb8ff8-f060-4d95-9215-d0f5eb4af037@group-0959F8DF43ED, cid=2714, SUCCESS, logIndex=4057, commits[efcb8ff8-f060-4d95-9215-d0f5eb4af037:c4059, 6fae8b02-e804-4c0e-b729-a97b7404b7f6:c4056, 4c3e8a66-6975-4917-8225-d3efe707aaff:c4056]
2019-09-04 11:46:27,927 | INFO  | DNAudit | user=null | ip=null | op=PUT_BLOCK {blockData=[blockId=conID: 2 locID: 102734075521204839 bcsId: 0,size=2097152]} | ret=SUCCESS |  
2019-09-04 11:46:27,927 [grpc-default-executor-1] INFO  client.GrpcClientProtocolClient (GrpcClientProtocolClient.java:onNext(255)) - client-D5CE890D7D9E->efcb8ff8-f060-4d95-9215-d0f5eb4af037: receive RaftClientReply:client-D5CE890D7D9E->efcb8ff8-f060-4d95-9215-d0f5eb4af037@group-0959F8DF43ED, cid=2715, SUCCESS, logIndex=4058, commits[efcb8ff8-f060-4d95-9215-d0f5eb4af037:c4060, 6fae8b02-e804-4c0e-b729-a97b7404b7f6:c4056, 4c3e8a66-6975-4917-8225-d3efe707aaff:c4056]
2019-09-04 11:46:27,928 [grpc-default-executor-1] INFO  client.GrpcClientProtocolClient (GrpcClientProtocolClient.java:onNext(255)) - client-D5CE890D7D9E->efcb8ff8-f060-4d95-9215-d0f5eb4af037: receive RaftClientReply:client-D5CE890D7D9E->efcb8ff8-f060-4d95-9215-d0f5eb4af037@group-0959F8DF43ED, cid=2716, SUCCESS, logIndex=4059, commits[efcb8ff8-f060-4d95-9215-d0f5eb4af037:c4060, 6fae8b02-e804-4c0e-b729-a97b7404b7f6:c4056, 4c3e8a66-6975-4917-8225-d3efe707aaff:c4056]
2019-09-04 11:46:27,928 [grpc-default-executor-1] INFO  client.GrpcClientProtocolClient (GrpcClientProtocolClient.java:onNext(255)) - client-D5CE890D7D9E->efcb8ff8-f060-4d95-9215-d0f5eb4af037: receive RaftClientReply:client-D5CE890D7D9E->efcb8ff8-f060-4d95-9215-d0f5eb4af037@group-0959F8DF43ED, cid=2717, SUCCESS, logIndex=4060, commits[efcb8ff8-f060-4d95-9215-d0f5eb4af037:c4060, 6fae8b02-e804-4c0e-b729-a97b7404b7f6:c4056, 4c3e8a66-6975-4917-8225-d3efe707aaff:c4056]
2019-09-04 11:46:27,939 | INFO  | DNAudit | user=null | ip=null | op=WRITE_CHUNK {blockData=conID: 2 locID: 102734075521204839 bcsId: 0} | ret=SUCCESS |  
2019-09-04 11:46:27,940 | INFO  | DNAudit | user=null | ip=null | op=PUT_BLOCK {blockData=[blockId=conID: 2 locID: 102734075521204839 bcsId: 0,size=1048576]} | ret=SUCCESS |  
2019-09-04 11:46:27,940 | INFO  | DNAudit | user=null | ip=null | op=WRITE_CHUNK {blockData=conID: 2 locID: 102734075521204839 bcsId: 0} | ret=SUCCESS |  
2019-09-04 11:46:27,940 | INFO  | DNAudit | user=null | ip=null | op=WRITE_CHUNK {blockData=conID: 2 locID: 102734075521204839 bcsId: 0} | ret=SUCCESS |  
2019-09-04 11:46:27,941 | INFO  | DNAudit | user=null | ip=null | op=PUT_BLOCK {blockData=[blockId=conID: 2 locID: 102734075521204839 bcsId: 0,size=2097152]} | ret=SUCCESS |  
2019-09-04 11:46:27,941 | INFO  | DNAudit | user=null | ip=null | op=PUT_BLOCK {blockData=[blockId=conID: 2 locID: 102734075521204839 bcsId: 0,size=1048576]} | ret=SUCCESS |  
2019-09-04 11:46:27,941 | INFO  | DNAudit | user=null | ip=null | op=WRITE_CHUNK {blockData=conID: 2 locID: 102734075521204839 bcsId: 0} | ret=SUCCESS |  
2019-09-04 11:46:27,941 [grpc-default-executor-5] INFO  client.GrpcClientProtocolClient (GrpcClientProtocolClient.java:onNext(255)) - client-D5CE890D7D9E->efcb8ff8-f060-4d95-9215-d0f5eb4af037: receive RaftClientReply:client-D5CE890D7D9E->efcb8ff8-f060-4d95-9215-d0f5eb4af037@group-0959F8DF43ED, cid=2718, SUCCESS, logIndex=0, commits[efcb8ff8-f060-4d95-9215-d0f5eb4af037:c4064, 6fae8b02-e804-4c0e-b729-a97b7404b7f6:c4060, 4c3e8a66-6975-4917-8225-d3efe707aaff:c4058]
2019-09-04 11:46:27,941 | INFO  | DNAudit | user=null | ip=null | op=PUT_BLOCK {blockData=[blockId=conID: 2 locID: 102734075521204839 bcsId: 0,size=2097152]} | ret=SUCCESS |  
2019-09-04 11:46:27,948 | INFO  | DNAudit | user=null | ip=null | op=WRITE_CHUNK {blockData=conID: 2 locID: 102734075521204839 bcsId: 4060} | ret=SUCCESS |  
2019-09-04 11:46:27,951 | INFO  | DNAudit | user=null | ip=null | op=WRITE_CHUNK {blockData=conID: 2 locID: 102734075521204839 bcsId: 4060} | ret=SUCCESS |  
2019-09-04 11:46:27,952 | INFO  | DNAudit | user=null | ip=null | op=WRITE_CHUNK {blockData=conID: 2 locID: 102734075521204839 bcsId: 4060} | ret=SUCCESS |  
2019-09-04 11:46:27,960 | INFO  | DNAudit | user=null | ip=null | op=WRITE_CHUNK {blockData=conID: 2 locID: 102734075521204839 bcsId: 4060} | ret=SUCCESS |  
2019-09-04 11:46:27,960 | INFO  | DNAudit | user=null | ip=null | op=PUT_BLOCK {blockData=[blockId=conID: 2 locID: 102734075521204839 bcsId: 0,size=3145728]} | ret=SUCCESS |  
2019-09-04 11:46:27,960 [grpc-default-executor-1] INFO  client.GrpcClientProtocolClient (GrpcClientProtocolClient.java:onNext(255)) - client-D5CE890D7D9E->efcb8ff8-f060-4d95-9215-d0f5eb4af037: receive RaftClientReply:client-D5CE890D7D9E->efcb8ff8-f060-4d95-9215-d0f5eb4af037@group-0959F8DF43ED, cid=2719, SUCCESS, logIndex=4065, commits[efcb8ff8-f060-4d95-9215-d0f5eb4af037:c4066, 6fae8b02-e804-4c0e-b729-a97b7404b7f6:c4064, 4c3e8a66-6975-4917-8225-d3efe707aaff:c4064]
2019-09-04 11:46:27,961 [grpc-default-executor-1] INFO  client.GrpcClientProtocolClient (GrpcClientProtocolClient.java:onNext(255)) - client-D5CE890D7D9E->efcb8ff8-f060-4d95-9215-d0f5eb4af037: receive RaftClientReply:client-D5CE890D7D9E->efcb8ff8-f060-4d95-9215-d0f5eb4af037@group-0959F8DF43ED, cid=2720, SUCCESS, logIndex=4066, commits[efcb8ff8-f060-4d95-9215-d0f5eb4af037:c4066, 6fae8b02-e804-4c0e-b729-a97b7404b7f6:c4064, 4c3e8a66-6975-4917-8225-d3efe707aaff:c4064]
2019-09-04 11:46:27,968 | INFO  | DNAudit | user=null | ip=null | op=WRITE_CHUNK {blockData=conID: 2 locID: 102734075521204839 bcsId: 4066} | ret=SUCCESS |  
2019-09-04 11:46:27,968 | INFO  | DNAudit | user=null | ip=null | op=WRITE_CHUNK {blockData=conID: 2 locID: 102734075521204839 bcsId: 4060} | ret=SUCCESS |  
2019-09-04 11:46:27,968 | INFO  | DNAudit | user=null | ip=null | op=WRITE_CHUNK {blockData=conID: 2 locID: 102734075521204839 bcsId: 4060} | ret=SUCCESS |  
2019-09-04 11:46:27,970 | INFO  | DNAudit | user=null | ip=null | op=WRITE_CHUNK {blockData=conID: 2 locID: 102734075521204839 bcsId: 4066} | ret=SUCCESS |  
2019-09-04 11:46:27,971 | INFO  | DNAudit | user=null | ip=null | op=WRITE_CHUNK {blockData=conID: 2 locID: 102734075521204839 bcsId: 4066} | ret=SUCCESS |  
2019-09-04 11:46:27,979 | INFO  | DNAudit | user=null | ip=null | op=PUT_BLOCK {blockData=[blockId=conID: 2 locID: 102734075521204839 bcsId: 0,size=3145728]} | ret=SUCCESS |  
2019-09-04 11:46:27,979 | INFO  | DNAudit | user=null | ip=null | op=PUT_BLOCK {blockData=[blockId=conID: 2 locID: 102734075521204839 bcsId: 0,size=3145728]} | ret=SUCCESS |  
2019-09-04 11:46:27,980 | INFO  | DNAudit | user=null | ip=null | op=WRITE_CHUNK {blockData=conID: 2 locID: 102734075521204839 bcsId: 4066} | ret=SUCCESS |  
2019-09-04 11:46:27,980 | INFO  | DNAudit | user=null | ip=null | op=PUT_BLOCK {blockData=[blockId=conID: 2 locID: 102734075521204839 bcsId: 0,size=4194304]} | ret=SUCCESS |  
2019-09-04 11:46:27,980 [grpc-default-executor-1] INFO  client.GrpcClientProtocolClient (GrpcClientProtocolClient.java:onNext(255)) - client-D5CE890D7D9E->efcb8ff8-f060-4d95-9215-d0f5eb4af037: receive RaftClientReply:client-D5CE890D7D9E->efcb8ff8-f060-4d95-9215-d0f5eb4af037@group-0959F8DF43ED, cid=2721, SUCCESS, logIndex=4069, commits[efcb8ff8-f060-4d95-9215-d0f5eb4af037:c4070, 6fae8b02-e804-4c0e-b729-a97b7404b7f6:c4066, 4c3e8a66-6975-4917-8225-d3efe707aaff:c4066]
2019-09-04 11:46:27,981 [grpc-default-executor-1] INFO  client.GrpcClientProtocolClient (GrpcClientProtocolClient.java:onNext(255)) - client-D5CE890D7D9E->efcb8ff8-f060-4d95-9215-d0f5eb4af037: receive RaftClientReply:client-D5CE890D7D9E->efcb8ff8-f060-4d95-9215-d0f5eb4af037@group-0959F8DF43ED, cid=2722, SUCCESS, logIndex=4070, commits[efcb8ff8-f060-4d95-9215-d0f5eb4af037:c4070, 6fae8b02-e804-4c0e-b729-a97b7404b7f6:c4066, 4c3e8a66-6975-4917-8225-d3efe707aaff:c4066]
2019-09-04 11:46:27,993 | INFO  | DNAudit | user=null | ip=null | op=WRITE_CHUNK {blockData=conID: 2 locID: 102734075521204839 bcsId: 4066} | ret=SUCCESS |  
2019-09-04 11:46:27,993 | INFO  | DNAudit | user=null | ip=null | op=WRITE_CHUNK {blockData=conID: 2 locID: 102734075521204839 bcsId: 4066} | ret=SUCCESS |  
2019-09-04 11:46:27,994 | INFO  | DNAudit | user=null | ip=null | op=PUT_BLOCK {blockData=[blockId=conID: 2 locID: 102734075521204839 bcsId: 0,size=4194304]} | ret=SUCCESS |  
2019-09-04 11:46:27,994 | INFO  | DNAudit | user=null | ip=null | op=PUT_BLOCK {blockData=[blockId=conID: 2 locID: 102734075521204839 bcsId: 0,size=4194304]} | ret=SUCCESS |  
2019-09-04 11:46:27,994 [grpc-default-executor-1] INFO  client.GrpcClientProtocolClient (GrpcClientProtocolClient.java:onNext(255)) - client-D5CE890D7D9E->efcb8ff8-f060-4d95-9215-d0f5eb4af037: receive RaftClientReply:client-D5CE890D7D9E->efcb8ff8-f060-4d95-9215-d0f5eb4af037@group-0959F8DF43ED, cid=2723, SUCCESS, logIndex=0, commits[efcb8ff8-f060-4d95-9215-d0f5eb4af037:c4071, 6fae8b02-e804-4c0e-b729-a97b7404b7f6:c4070, 4c3e8a66-6975-4917-8225-d3efe707aaff:c4070]
2019-09-04 11:46:28,000 | INFO  | SCMAudit | user=jenkins1000 | ip=192.168.36.67 | op=ALLOCATE_BLOCK {owner=8ab292a2-aaa7-4ad8-863a-d33994811155, size=4194304, type=RATIS, factor=THREE} | ret=SUCCESS |  
2019-09-04 11:46:28,004 | INFO  | OMAudit | user=jenkins1000 | ip=127.0.0.1 | op=ALLOCATE_BLOCK {volume=vol-0-58699, bucket=bucket-0-57464, key=key-0-37266, dataSize=0, replicationType=null, replicationFactor=null, keyLocationInfo=null, clientID=102734073355960722} | ret=SUCCESS |  
2019-09-04 11:46:28,012 | INFO  | DNAudit | user=null | ip=null | op=WRITE_CHUNK {blockData=conID: 3 locID: 102734075527168616 bcsId: 0} | ret=SUCCESS |  
2019-09-04 11:46:28,014 | INFO  | DNAudit | user=null | ip=null | op=WRITE_CHUNK {blockData=conID: 3 locID: 102734075527168616 bcsId: 0} | ret=SUCCESS |  
2019-09-04 11:46:28,015 | INFO  | DNAudit | user=null | ip=null | op=WRITE_CHUNK {blockData=conID: 3 locID: 102734075527168616 bcsId: 0} | ret=SUCCESS |  
2019-09-04 11:46:28,016 | INFO  | DNAudit | user=null | ip=null | op=WRITE_CHUNK {blockData=conID: 3 locID: 102734075527168616 bcsId: 0} | ret=SUCCESS |  
2019-09-04 11:46:28,017 | INFO  | DNAudit | user=null | ip=null | op=WRITE_CHUNK {blockData=conID: 3 locID: 102734075527168616 bcsId: 0} | ret=SUCCESS |  
2019-09-04 11:46:28,017 | INFO  | DNAudit | user=null | ip=null | op=WRITE_CHUNK {blockData=conID: 3 locID: 102734075527168616 bcsId: 0} | ret=SUCCESS |  
2019-09-04 11:46:28,018 | INFO  | DNAudit | user=null | ip=null | op=WRITE_CHUNK {blockData=conID: 3 locID: 102734075527168616 bcsId: 0} | ret=SUCCESS |  
2019-09-04 11:46:28,018 | INFO  | DNAudit | user=null | ip=null | op=PUT_BLOCK {blockData=[blockId=conID: 3 locID: 102734075527168616 bcsId: 0,size=1048576]} | ret=SUCCESS |  
2019-09-04 11:46:28,019 [grpc-default-executor-6] INFO  client.GrpcClientProtocolClient (GrpcClientProtocolClient.java:onNext(255)) - client-D5CE890D7D9E->efcb8ff8-f060-4d95-9215-d0f5eb4af037: receive RaftClientReply:client-D5CE890D7D9E->efcb8ff8-f060-4d95-9215-d0f5eb4af037@group-0959F8DF43ED, cid=2724, SUCCESS, logIndex=4073, commits[efcb8ff8-f060-4d95-9215-d0f5eb4af037:c4074, 6fae8b02-e804-4c0e-b729-a97b7404b7f6:c4072, 4c3e8a66-6975-4917-8225-d3efe707aaff:c4072]
2019-09-04 11:46:28,019 | INFO  | DNAudit | user=null | ip=null | op=WRITE_CHUNK {blockData=conID: 3 locID: 102734075527168616 bcsId: 0} | ret=SUCCESS |  
2019-09-04 11:46:28,019 [grpc-default-executor-0] INFO  client.GrpcClientProtocolClient (GrpcClientProtocolClient.java:onNext(255)) - client-D5CE890D7D9E->efcb8ff8-f060-4d95-9215-d0f5eb4af037: receive RaftClientReply:client-D5CE890D7D9E->efcb8ff8-f060-4d95-9215-d0f5eb4af037@group-0959F8DF43ED, cid=2725, SUCCESS, logIndex=4074, commits[efcb8ff8-f060-4d95-9215-d0f5eb4af037:c4074, 6fae8b02-e804-4c0e-b729-a97b7404b7f6:c4072, 4c3e8a66-6975-4917-8225-d3efe707aaff:c4072]
2019-09-04 11:46:28,020 | INFO  | DNAudit | user=null | ip=null | op=PUT_BLOCK {blockData=[blockId=conID: 3 locID: 102734075527168616 bcsId: 0,size=2097152]} | ret=SUCCESS |  
2019-09-04 11:46:28,020 [grpc-default-executor-0] INFO  client.GrpcClientProtocolClient (GrpcClientProtocolClient.java:onNext(255)) - client-D5CE890D7D9E->efcb8ff8-f060-4d95-9215-d0f5eb4af037: receive RaftClientReply:client-D5CE890D7D9E->efcb8ff8-f060-4d95-9215-d0f5eb4af037@group-0959F8DF43ED, cid=2726, SUCCESS, logIndex=4075, commits[efcb8ff8-f060-4d95-9215-d0f5eb4af037:c4076, 6fae8b02-e804-4c0e-b729-a97b7404b7f6:c4072, 4c3e8a66-6975-4917-8225-d3efe707aaff:c4072]
2019-09-04 11:46:28,020 [grpc-default-executor-0] INFO  client.GrpcClientProtocolClient (GrpcClientProtocolClient.java:onNext(255)) - client-D5CE890D7D9E->efcb8ff8-f060-4d95-9215-d0f5eb4af037: receive RaftClientReply:client-D5CE890D7D9E->efcb8ff8-f060-4d95-9215-d0f5eb4af037@group-0959F8DF43ED, cid=2727, SUCCESS, logIndex=4076, commits[efcb8ff8-f060-4d95-9215-d0f5eb4af037:c4076, 6fae8b02-e804-4c0e-b729-a97b7404b7f6:c4072, 4c3e8a66-6975-4917-8225-d3efe707aaff:c4072]
2019-09-04 11:46:28,020 | INFO  | DNAudit | user=null | ip=null | op=WRITE_CHUNK {blockData=conID: 3 locID: 102734075527168616 bcsId: 0} | ret=SUCCESS |  
2019-09-04 11:46:28,020 | INFO  | DNAudit | user=null | ip=null | op=WRITE_CHUNK {blockData=conID: 3 locID: 102734075527168616 bcsId: 0} | ret=SUCCESS |  
2019-09-04 11:46:28,021 | INFO  | DNAudit | user=null | ip=null | op=PUT_BLOCK {blockData=[blockId=conID: 3 locID: 102734075527168616 bcsId: 0,size=1048576]} | ret=SUCCESS |  
2019-09-04 11:46:28,021 | INFO  | DNAudit | user=null | ip=null | op=PUT_BLOCK {blockData=[blockId=conID: 3 locID: 102734075527168616 bcsId: 0,size=1048576]} | ret=SUCCESS |  
2019-09-04 11:46:28,021 | INFO  | DNAudit | user=null | ip=null | op=WRITE_CHUNK {blockData=conID: 3 locID: 102734075527168616 bcsId: 0} | ret=SUCCESS |  
2019-09-04 11:46:28,021 [grpc-default-executor-5] INFO  client.GrpcClientProtocolClient (GrpcClientProtocolClient.java:onNext(255)) - client-D5CE890D7D9E->efcb8ff8-f060-4d95-9215-d0f5eb4af037: receive RaftClientReply:client-D5CE890D7D9E->efcb8ff8-f060-4d95-9215-d0f5eb4af037@group-0959F8DF43ED, cid=2728, SUCCESS, logIndex=0, commits[efcb8ff8-f060-4d95-9215-d0f5eb4af037:c4078, 6fae8b02-e804-4c0e-b729-a97b7404b7f6:c4074, 4c3e8a66-6975-4917-8225-d3efe707aaff:c4074]
2019-09-04 11:46:28,022 | INFO  | DNAudit | user=null | ip=null | op=WRITE_CHUNK {blockData=conID: 3 locID: 102734075527168616 bcsId: 0} | ret=SUCCESS |  
2019-09-04 11:46:28,022 | INFO  | DNAudit | user=null | ip=null | op=PUT_BLOCK {blockData=[blockId=conID: 3 locID: 102734075527168616 bcsId: 0,size=2097152]} | ret=SUCCESS |  
2019-09-04 11:46:28,022 | INFO  | DNAudit | user=null | ip=null | op=PUT_BLOCK {blockData=[blockId=conID: 3 locID: 102734075527168616 bcsId: 0,size=2097152]} | ret=SUCCESS |  
2019-09-04 11:46:28,029 | INFO  | DNAudit | user=null | ip=null | op=WRITE_CHUNK {blockData=conID: 3 locID: 102734075527168616 bcsId: 4076} | ret=SUCCESS |  
2019-09-04 11:46:28,031 | INFO  | DNAudit | user=null | ip=null | op=WRITE_CHUNK {blockData=conID: 3 locID: 102734075527168616 bcsId: 4076} | ret=SUCCESS |  
2019-09-04 11:46:28,031 | INFO  | DNAudit | user=null | ip=null | op=WRITE_CHUNK {blockData=conID: 3 locID: 102734075527168616 bcsId: 4076} | ret=SUCCESS |  
2019-09-04 11:46:28,035 | INFO  | DNAudit | user=null | ip=null | op=WRITE_CHUNK {blockData=conID: 3 locID: 102734075527168616 bcsId: 4076} | ret=SUCCESS |  
2019-09-04 11:46:28,035 | INFO  | DNAudit | user=null | ip=null | op=PUT_BLOCK {blockData=[blockId=conID: 3 locID: 102734075527168616 bcsId: 0,size=3145728]} | ret=SUCCESS |  
2019-09-04 11:46:28,035 [grpc-default-executor-1] INFO  client.GrpcClientProtocolClient (GrpcClientProtocolClient.java:onNext(255)) - client-D5CE890D7D9E->efcb8ff8-f060-4d95-9215-d0f5eb4af037: receive RaftClientReply:client-D5CE890D7D9E->efcb8ff8-f060-4d95-9215-d0f5eb4af037@group-0959F8DF43ED, cid=2729, SUCCESS, logIndex=4081, commits[efcb8ff8-f060-4d95-9215-d0f5eb4af037:c4082, 6fae8b02-e804-4c0e-b729-a97b7404b7f6:c4080, 4c3e8a66-6975-4917-8225-d3efe707aaff:c4080]
2019-09-04 11:46:28,035 [grpc-default-executor-1] INFO  client.GrpcClientProtocolClient (GrpcClientProtocolClient.java:onNext(255)) - client-D5CE890D7D9E->efcb8ff8-f060-4d95-9215-d0f5eb4af037: receive RaftClientReply:client-D5CE890D7D9E->efcb8ff8-f060-4d95-9215-d0f5eb4af037@group-0959F8DF43ED, cid=2730, SUCCESS, logIndex=4082, commits[efcb8ff8-f060-4d95-9215-d0f5eb4af037:c4082, 6fae8b02-e804-4c0e-b729-a97b7404b7f6:c4080, 4c3e8a66-6975-4917-8225-d3efe707aaff:c4080]
2019-09-04 11:46:28,042 | INFO  | DNAudit | user=null | ip=null | op=WRITE_CHUNK {blockData=conID: 3 locID: 102734075527168616 bcsId: 4082} | ret=SUCCESS |  
2019-09-04 11:46:28,043 | INFO  | DNAudit | user=null | ip=null | op=WRITE_CHUNK {blockData=conID: 3 locID: 102734075527168616 bcsId: 4082} | ret=SUCCESS |  
2019-09-04 11:46:28,043 | INFO  | DNAudit | user=null | ip=null | op=WRITE_CHUNK {blockData=conID: 3 locID: 102734075527168616 bcsId: 4082} | ret=SUCCESS |  
2019-09-04 11:46:28,047 | INFO  | DNAudit | user=null | ip=null | op=WRITE_CHUNK {blockData=conID: 3 locID: 102734075527168616 bcsId: 4076} | ret=SUCCESS |  
2019-09-04 11:46:28,047 | INFO  | DNAudit | user=null | ip=null | op=WRITE_CHUNK {blockData=conID: 3 locID: 102734075527168616 bcsId: 4076} | ret=SUCCESS |  
2019-09-04 11:46:28,048 | INFO  | DNAudit | user=null | ip=null | op=PUT_BLOCK {blockData=[blockId=conID: 3 locID: 102734075527168616 bcsId: 0,size=3145728]} | ret=SUCCESS |  
2019-09-04 11:46:28,049 | INFO  | DNAudit | user=null | ip=null | op=PUT_BLOCK {blockData=[blockId=conID: 3 locID: 102734075527168616 bcsId: 0,size=3145728]} | ret=SUCCESS |  
2019-09-04 11:46:28,049 | INFO  | DNAudit | user=null | ip=null | op=WRITE_CHUNK {blockData=conID: 3 locID: 102734075527168616 bcsId: 4082} | ret=SUCCESS |  
2019-09-04 11:46:28,049 | INFO  | DNAudit | user=null | ip=null | op=PUT_BLOCK {blockData=[blockId=conID: 3 locID: 102734075527168616 bcsId: 0,size=4194304]} | ret=SUCCESS |  
2019-09-04 11:46:28,049 [grpc-default-executor-0] INFO  client.GrpcClientProtocolClient (GrpcClientProtocolClient.java:onNext(255)) - client-D5CE890D7D9E->efcb8ff8-f060-4d95-9215-d0f5eb4af037: receive RaftClientReply:client-D5CE890D7D9E->efcb8ff8-f060-4d95-9215-d0f5eb4af037@group-0959F8DF43ED, cid=2731, SUCCESS, logIndex=4085, commits[efcb8ff8-f060-4d95-9215-d0f5eb4af037:c4085, 6fae8b02-e804-4c0e-b729-a97b7404b7f6:c4082, 4c3e8a66-6975-4917-8225-d3efe707aaff:c4082]
2019-09-04 11:46:28,050 [grpc-default-executor-0] INFO  client.GrpcClientProtocolClient (GrpcClientProtocolClient.java:onNext(255)) - client-D5CE890D7D9E->efcb8ff8-f060-4d95-9215-d0f5eb4af037: receive RaftClientReply:client-D5CE890D7D9E->efcb8ff8-f060-4d95-9215-d0f5eb4af037@group-0959F8DF43ED, cid=2732, SUCCESS, logIndex=4086, commits[efcb8ff8-f060-4d95-9215-d0f5eb4af037:c4086, 6fae8b02-e804-4c0e-b729-a97b7404b7f6:c4082, 4c3e8a66-6975-4917-8225-d3efe707aaff:c4082]
 0.00% |█                                                                                                    |  0/1 Time: 0:00:332019-09-04 11:46:28,058 | INFO  | DNAudit | user=null | ip=null | op=WRITE_CHUNK {blockData=conID: 3 locID: 102734075527168616 bcsId: 4082} | ret=SUCCESS |  
2019-09-04 11:46:28,058 | INFO  | DNAudit | user=null | ip=null | op=WRITE_CHUNK {blockData=conID: 3 locID: 102734075527168616 bcsId: 4082} | ret=SUCCESS |  
2019-09-04 11:46:28,059 | INFO  | DNAudit | user=null | ip=null | op=PUT_BLOCK {blockData=[blockId=conID: 3 locID: 102734075527168616 bcsId: 0,size=4194304]} | ret=SUCCESS |  
2019-09-04 11:46:28,060 | INFO  | DNAudit | user=null | ip=null | op=PUT_BLOCK {blockData=[blockId=conID: 3 locID: 102734075527168616 bcsId: 0,size=4194304]} | ret=SUCCESS |  
2019-09-04 11:46:28,060 [grpc-default-executor-1] INFO  client.GrpcClientProtocolClient (GrpcClientProtocolClient.java:onNext(255)) - client-D5CE890D7D9E->efcb8ff8-f060-4d95-9215-d0f5eb4af037: receive RaftClientReply:client-D5CE890D7D9E->efcb8ff8-f060-4d95-9215-d0f5eb4af037@group-0959F8DF43ED, cid=2733, SUCCESS, logIndex=0, commits[efcb8ff8-f060-4d95-9215-d0f5eb4af037:c4088, 6fae8b02-e804-4c0e-b729-a97b7404b7f6:c4086, 4c3e8a66-6975-4917-8225-d3efe707aaff:c4086]
2019-09-04 11:46:28,065 | INFO  | SCMAudit | user=jenkins1000 | ip=192.168.36.67 | op=ALLOCATE_BLOCK {owner=8ab292a2-aaa7-4ad8-863a-d33994811155, size=4194304, type=RATIS, factor=THREE} | ret=SUCCESS |  
2019-09-04 11:46:28,068 | INFO  | OMAudit | user=jenkins1000 | ip=127.0.0.1 | op=ALLOCATE_BLOCK {volume=vol-0-58699, bucket=bucket-0-57464, key=key-0-37266, dataSize=0, replicationType=null, replicationFactor=null, keyLocationInfo=null, clientID=102734073355960722} | ret=SUCCESS |  
2019-09-04 11:46:28,075 | INFO  | DNAudit | user=null | ip=null | op=WRITE_CHUNK {blockData=conID: 1 locID: 102734075531428457 bcsId: 0} | ret=SUCCESS |  
2019-09-04 11:46:28,077 | INFO  | DNAudit | user=null | ip=null | op=WRITE_CHUNK {blockData=conID: 1 locID: 102734075531428457 bcsId: 0} | ret=SUCCESS |  
2019-09-04 11:46:28,078 | INFO  | DNAudit | user=null | ip=null | op=WRITE_CHUNK {blockData=conID: 1 locID: 102734075531428457 bcsId: 0} | ret=SUCCESS |  
2019-09-04 11:46:28,078 | INFO  | DNAudit | user=null | ip=null | op=WRITE_CHUNK {blockData=conID: 1 locID: 102734075531428457 bcsId: 0} | ret=SUCCESS |  
2019-09-04 11:46:28,080 | INFO  | DNAudit | user=null | ip=null | op=WRITE_CHUNK {blockData=conID: 1 locID: 102734075531428457 bcsId: 0} | ret=SUCCESS |  
2019-09-04 11:46:28,080 | INFO  | DNAudit | user=null | ip=null | op=WRITE_CHUNK {blockData=conID: 1 locID: 102734075531428457 bcsId: 0} | ret=SUCCESS |  
2019-09-04 11:46:28,085 | INFO  | DNAudit | user=null | ip=null | op=WRITE_CHUNK {blockData=conID: 1 locID: 102734075531428457 bcsId: 0} | ret=SUCCESS |  
2019-09-04 11:46:28,085 | INFO  | DNAudit | user=null | ip=null | op=PUT_BLOCK {blockData=[blockId=conID: 1 locID: 102734075531428457 bcsId: 0,size=1048576]} | ret=SUCCESS |  
2019-09-04 11:46:28,086 [grpc-default-executor-1] INFO  client.GrpcClientProtocolClient (GrpcClientProtocolClient.java:onNext(255)) - client-D5CE890D7D9E->efcb8ff8-f060-4d95-9215-d0f5eb4af037: receive RaftClientReply:client-D5CE890D7D9E->efcb8ff8-f060-4d95-9215-d0f5eb4af037@group-0959F8DF43ED, cid=2734, SUCCESS, logIndex=4089, commits[efcb8ff8-f060-4d95-9215-d0f5eb4af037:c4090, 6fae8b02-e804-4c0e-b729-a97b7404b7f6:c4088, 4c3e8a66-6975-4917-8225-d3efe707aaff:c4088]
2019-09-04 11:46:28,086 [grpc-default-executor-1] INFO  client.GrpcClientProtocolClient (GrpcClientProtocolClient.java:onNext(255)) - client-D5CE890D7D9E->efcb8ff8-f060-4d95-9215-d0f5eb4af037: receive RaftClientReply:client-D5CE890D7D9E->efcb8ff8-f060-4d95-9215-d0f5eb4af037@group-0959F8DF43ED, cid=2735, SUCCESS, logIndex=4090, commits[efcb8ff8-f060-4d95-9215-d0f5eb4af037:c4090, 6fae8b02-e804-4c0e-b729-a97b7404b7f6:c4088, 4c3e8a66-6975-4917-8225-d3efe707aaff:c4088]
2019-09-04 11:46:28,088 | INFO  | DNAudit | user=null | ip=null | op=WRITE_CHUNK {blockData=conID: 1 locID: 102734075531428457 bcsId: 0} | ret=SUCCESS |  
2019-09-04 11:46:28,088 | INFO  | DNAudit | user=null | ip=null | op=PUT_BLOCK {blockData=[blockId=conID: 1 locID: 102734075531428457 bcsId: 0,size=2097152]} | ret=SUCCESS |  
2019-09-04 11:46:28,088 [grpc-default-executor-5] INFO  client.GrpcClientProtocolClient (GrpcClientProtocolClient.java:onNext(255)) - client-D5CE890D7D9E->efcb8ff8-f060-4d95-9215-d0f5eb4af037: receive RaftClientReply:client-D5CE890D7D9E->efcb8ff8-f060-4d95-9215-d0f5eb4af037@group-0959F8DF43ED, cid=2736, SUCCESS, logIndex=4091, commits[efcb8ff8-f060-4d95-9215-d0f5eb4af037:c4092, 6fae8b02-e804-4c0e-b729-a97b7404b7f6:c4088, 4c3e8a66-6975-4917-8225-d3efe707aaff:c4088]
2019-09-04 11:46:28,089 [grpc-default-executor-5] INFO  client.GrpcClientProtocolClient (GrpcClientProtocolClient.java:onNext(255)) - client-D5CE890D7D9E->efcb8ff8-f060-4d95-9215-d0f5eb4af037: receive RaftClientReply:client-D5CE890D7D9E->efcb8ff8-f060-4d95-9215-d0f5eb4af037@group-0959F8DF43ED, cid=2737, SUCCESS, logIndex=4092, commits[efcb8ff8-f060-4d95-9215-d0f5eb4af037:c4092, 6fae8b02-e804-4c0e-b729-a97b7404b7f6:c4088, 4c3e8a66-6975-4917-8225-d3efe707aaff:c4088]
2019-09-04 11:46:28,168 | INFO  | DNAudit | user=null | ip=null | op=WRITE_CHUNK {blockData=conID: 1 locID: 102734075531428457 bcsId: 0} | ret=SUCCESS |  
2019-09-04 11:46:28,168 | INFO  | DNAudit | user=null | ip=null | op=WRITE_CHUNK {blockData=conID: 1 locID: 102734075531428457 bcsId: 0} | ret=SUCCESS |  
2019-09-04 11:46:28,168 | INFO  | DNAudit | user=null | ip=null | op=PUT_BLOCK {blockData=[blockId=conID: 1 locID: 102734075531428457 bcsId: 0,size=1048576]} | ret=SUCCESS |  
2019-09-04 11:46:28,168 | INFO  | DNAudit | user=null | ip=null | op=PUT_BLOCK {blockData=[blockId=conID: 1 locID: 102734075531428457 bcsId: 0,size=1048576]} | ret=SUCCESS |  
2019-09-04 11:46:28,169 | INFO  | DNAudit | user=null | ip=null | op=WRITE_CHUNK {blockData=conID: 1 locID: 102734075531428457 bcsId: 0} | ret=SUCCESS |  
2019-09-04 11:46:28,169 [grpc-default-executor-0] INFO  client.GrpcClientProtocolClient (GrpcClientProtocolClient.java:onNext(255)) - client-D5CE890D7D9E->efcb8ff8-f060-4d95-9215-d0f5eb4af037: receive RaftClientReply:client-D5CE890D7D9E->efcb8ff8-f060-4d95-9215-d0f5eb4af037@group-0959F8DF43ED, cid=2738, SUCCESS, logIndex=0, commits[efcb8ff8-f060-4d95-9215-d0f5eb4af037:c4093, 6fae8b02-e804-4c0e-b729-a97b7404b7f6:c4090, 4c3e8a66-6975-4917-8225-d3efe707aaff:c4090]
2019-09-04 11:46:28,169 | INFO  | DNAudit | user=null | ip=null | op=PUT_BLOCK {blockData=[blockId=conID: 1 locID: 102734075531428457 bcsId: 0,size=2097152]} | ret=SUCCESS |  
2019-09-04 11:46:28,169 | INFO  | DNAudit | user=null | ip=null | op=WRITE_CHUNK {blockData=conID: 1 locID: 102734075531428457 bcsId: 0} | ret=SUCCESS |  
2019-09-04 11:46:28,169 | INFO  | DNAudit | user=null | ip=null | op=PUT_BLOCK {blockData=[blockId=conID: 1 locID: 102734075531428457 bcsId: 0,size=2097152]} | ret=SUCCESS |  
2019-09-04 11:46:28,177 | INFO  | DNAudit | user=null | ip=null | op=WRITE_CHUNK {blockData=conID: 1 locID: 102734075531428457 bcsId: 4092} | ret=SUCCESS |  
2019-09-04 11:46:28,179 | INFO  | DNAudit | user=null | ip=null | op=WRITE_CHUNK {blockData=conID: 1 locID: 102734075531428457 bcsId: 4092} | ret=SUCCESS |  
2019-09-04 11:46:28,179 | INFO  | DNAudit | user=null | ip=null | op=WRITE_CHUNK {blockData=conID: 1 locID: 102734075531428457 bcsId: 4092} | ret=SUCCESS |  
2019-09-04 11:46:28,193 | INFO  | DNAudit | user=null | ip=null | op=WRITE_CHUNK {blockData=conID: 1 locID: 102734075531428457 bcsId: 4092} | ret=SUCCESS |  
2019-09-04 11:46:28,193 | INFO  | DNAudit | user=null | ip=null | op=PUT_BLOCK {blockData=[blockId=conID: 1 locID: 102734075531428457 bcsId: 0,size=3145728]} | ret=SUCCESS |  
2019-09-04 11:46:28,193 [grpc-default-executor-0] INFO  client.GrpcClientProtocolClient (GrpcClientProtocolClient.java:onNext(255)) - client-D5CE890D7D9E->efcb8ff8-f060-4d95-9215-d0f5eb4af037: receive RaftClientReply:client-D5CE890D7D9E->efcb8ff8-f060-4d95-9215-d0f5eb4af037@group-0959F8DF43ED, cid=2739, SUCCESS, logIndex=4097, commits[efcb8ff8-f060-4d95-9215-d0f5eb4af037:c4098, 6fae8b02-e804-4c0e-b729-a97b7404b7f6:c4096, 4c3e8a66-6975-4917-8225-d3efe707aaff:c4096]
2019-09-04 11:46:28,193 [grpc-default-executor-0] INFO  client.GrpcClientProtocolClient (GrpcClientProtocolClient.java:onNext(255)) - client-D5CE890D7D9E->efcb8ff8-f060-4d95-9215-d0f5eb4af037: receive RaftClientReply:client-D5CE890D7D9E->efcb8ff8-f060-4d95-9215-d0f5eb4af037@group-0959F8DF43ED, cid=2740, SUCCESS, logIndex=4098, commits[efcb8ff8-f060-4d95-9215-d0f5eb4af037:c4098, 6fae8b02-e804-4c0e-b729-a97b7404b7f6:c4096, 4c3e8a66-6975-4917-8225-d3efe707aaff:c4096]
2019-09-04 11:46:28,201 | INFO  | DNAudit | user=null | ip=null | op=WRITE_CHUNK {blockData=conID: 1 locID: 102734075531428457 bcsId: 4098} | ret=SUCCESS |  
2019-09-04 11:46:28,203 | INFO  | DNAudit | user=null | ip=null | op=WRITE_CHUNK {blockData=conID: 1 locID: 102734075531428457 bcsId: 4098} | ret=SUCCESS |  
2019-09-04 11:46:28,203 | INFO  | DNAudit | user=null | ip=null | op=WRITE_CHUNK {blockData=conID: 1 locID: 102734075531428457 bcsId: 4098} | ret=SUCCESS |  
2019-09-04 11:46:28,204 | INFO  | DNAudit | user=null | ip=null | op=WRITE_CHUNK {blockData=conID: 1 locID: 102734075531428457 bcsId: 4092} | ret=SUCCESS |  
2019-09-04 11:46:28,204 | INFO  | DNAudit | user=null | ip=null | op=WRITE_CHUNK {blockData=conID: 1 locID: 102734075531428457 bcsId: 4092} | ret=SUCCESS |  
2019-09-04 11:46:28,204 | INFO  | DNAudit | user=null | ip=null | op=PUT_BLOCK {blockData=[blockId=conID: 1 locID: 102734075531428457 bcsId: 0,size=3145728]} | ret=SUCCESS |  
2019-09-04 11:46:28,204 | INFO  | DNAudit | user=null | ip=null | op=PUT_BLOCK {blockData=[blockId=conID: 1 locID: 102734075531428457 bcsId: 0,size=3145728]} | ret=SUCCESS |  
2019-09-04 11:46:28,205 | INFO  | DNAudit | user=null | ip=null | op=WRITE_CHUNK {blockData=conID: 1 locID: 102734075531428457 bcsId: 4098} | ret=SUCCESS |  
2019-09-04 11:46:28,206 | INFO  | DNAudit | user=null | ip=null | op=PUT_BLOCK {blockData=[blockId=conID: 1 locID: 102734075531428457 bcsId: 0,size=4194304]} | ret=SUCCESS |  
2019-09-04 11:46:28,206 [grpc-default-executor-5] INFO  client.GrpcClientProtocolClient (GrpcClientProtocolClient.java:onNext(255)) - client-D5CE890D7D9E->efcb8ff8-f060-4d95-9215-d0f5eb4af037: receive RaftClientReply:client-D5CE890D7D9E->efcb8ff8-f060-4d95-9215-d0f5eb4af037@group-0959F8DF43ED, cid=2741, SUCCESS, logIndex=4101, commits[efcb8ff8-f060-4d95-9215-d0f5eb4af037:c4102, 6fae8b02-e804-4c0e-b729-a97b7404b7f6:c4098, 4c3e8a66-6975-4917-8225-d3efe707aaff:c4098]
2019-09-04 11:46:28,206 [grpc-default-executor-5] INFO  client.GrpcClientProtocolClient (GrpcClientProtocolClient.java:onNext(255)) - client-D5CE890D7D9E->efcb8ff8-f060-4d95-9215-d0f5eb4af037: receive RaftClientReply:client-D5CE890D7D9E->efcb8ff8-f060-4d95-9215-d0f5eb4af037@group-0959F8DF43ED, cid=2742, SUCCESS, logIndex=4102, commits[efcb8ff8-f060-4d95-9215-d0f5eb4af037:c4102, 6fae8b02-e804-4c0e-b729-a97b7404b7f6:c4098, 4c3e8a66-6975-4917-8225-d3efe707aaff:c4098]
2019-09-04 11:46:28,214 | INFO  | DNAudit | user=null | ip=null | op=WRITE_CHUNK {blockData=conID: 1 locID: 102734075531428457 bcsId: 4098} | ret=SUCCESS |  
2019-09-04 11:46:28,214 | INFO  | DNAudit | user=null | ip=null | op=WRITE_CHUNK {blockData=conID: 1 locID: 102734075531428457 bcsId: 4098} | ret=SUCCESS |  
2019-09-04 11:46:28,215 | INFO  | DNAudit | user=null | ip=null | op=PUT_BLOCK {blockData=[blockId=conID: 1 locID: 102734075531428457 bcsId: 0,size=4194304]} | ret=SUCCESS |  
2019-09-04 11:46:28,215 | INFO  | DNAudit | user=null | ip=null | op=PUT_BLOCK {blockData=[blockId=conID: 1 locID: 102734075531428457 bcsId: 0,size=4194304]} | ret=SUCCESS |  
2019-09-04 11:46:28,215 [grpc-default-executor-1] INFO  client.GrpcClientProtocolClient (GrpcClientProtocolClient.java:onNext(255)) - client-D5CE890D7D9E->efcb8ff8-f060-4d95-9215-d0f5eb4af037: receive RaftClientReply:client-D5CE890D7D9E->efcb8ff8-f060-4d95-9215-d0f5eb4af037@group-0959F8DF43ED, cid=2743, SUCCESS, logIndex=0, commits[efcb8ff8-f060-4d95-9215-d0f5eb4af037:c4104, 6fae8b02-e804-4c0e-b729-a97b7404b7f6:c4102, 4c3e8a66-6975-4917-8225-d3efe707aaff:c4102]
2019-09-04 11:46:28,222 | INFO  | SCMAudit | user=jenkins1000 | ip=192.168.36.67 | op=ALLOCATE_BLOCK {owner=8ab292a2-aaa7-4ad8-863a-d33994811155, size=4194304, type=RATIS, factor=THREE} | ret=SUCCESS |  
2019-09-04 11:46:28,226 | INFO  | OMAudit | user=jenkins1000 | ip=127.0.0.1 | op=ALLOCATE_BLOCK {volume=vol-0-58699, bucket=bucket-0-57464, key=key-0-37266, dataSize=0, replicationType=null, replicationFactor=null, keyLocationInfo=null, clientID=102734073355960722} | ret=SUCCESS |  
2019-09-04 11:46:28,234 | INFO  | DNAudit | user=null | ip=null | op=WRITE_CHUNK {blockData=conID: 2 locID: 102734075541717610 bcsId: 0} | ret=SUCCESS |  
2019-09-04 11:46:28,236 | INFO  | DNAudit | user=null | ip=null | op=WRITE_CHUNK {blockData=conID: 2 locID: 102734075541717610 bcsId: 0} | ret=SUCCESS |  
2019-09-04 11:46:28,237 | INFO  | DNAudit | user=null | ip=null | op=WRITE_CHUNK {blockData=conID: 2 locID: 102734075541717610 bcsId: 0} | ret=SUCCESS |  
2019-09-04 11:46:28,237 | INFO  | DNAudit | user=null | ip=null | op=WRITE_CHUNK {blockData=conID: 2 locID: 102734075541717610 bcsId: 0} | ret=SUCCESS |  
2019-09-04 11:46:28,240 | INFO  | DNAudit | user=null | ip=null | op=WRITE_CHUNK {blockData=conID: 2 locID: 102734075541717610 bcsId: 0} | ret=SUCCESS |  
2019-09-04 11:46:28,240 | INFO  | DNAudit | user=null | ip=null | op=WRITE_CHUNK {blockData=conID: 2 locID: 102734075541717610 bcsId: 0} | ret=SUCCESS |  
2019-09-04 11:46:28,241 | INFO  | DNAudit | user=null | ip=null | op=WRITE_CHUNK {blockData=conID: 2 locID: 102734075541717610 bcsId: 0} | ret=SUCCESS |  
2019-09-04 11:46:28,241 | INFO  | DNAudit | user=null | ip=null | op=PUT_BLOCK {blockData=[blockId=conID: 2 locID: 102734075541717610 bcsId: 0,size=1048576]} | ret=SUCCESS |  
2019-09-04 11:46:28,242 [grpc-default-executor-1] INFO  client.GrpcClientProtocolClient (GrpcClientProtocolClient.java:onNext(255)) - client-D5CE890D7D9E->efcb8ff8-f060-4d95-9215-d0f5eb4af037: receive RaftClientReply:client-D5CE890D7D9E->efcb8ff8-f060-4d95-9215-d0f5eb4af037@group-0959F8DF43ED, cid=2744, SUCCESS, logIndex=4105, commits[efcb8ff8-f060-4d95-9215-d0f5eb4af037:c4106, 6fae8b02-e804-4c0e-b729-a97b7404b7f6:c4104, 4c3e8a66-6975-4917-8225-d3efe707aaff:c4104]
2019-09-04 11:46:28,242 | INFO  | DNAudit | user=null | ip=null | op=WRITE_CHUNK {blockData=conID: 2 locID: 102734075541717610 bcsId: 0} | ret=SUCCESS |  
2019-09-04 11:46:28,242 [grpc-default-executor-1] INFO  client.GrpcClientProtocolClient (GrpcClientProtocolClient.java:onNext(255)) - client-D5CE890D7D9E->efcb8ff8-f060-4d95-9215-d0f5eb4af037: receive RaftClientReply:client-D5CE890D7D9E->efcb8ff8-f060-4d95-9215-d0f5eb4af037@group-0959F8DF43ED, cid=2745, SUCCESS, logIndex=4106, commits[efcb8ff8-f060-4d95-9215-d0f5eb4af037:c4106, 6fae8b02-e804-4c0e-b729-a97b7404b7f6:c4104, 4c3e8a66-6975-4917-8225-d3efe707aaff:c4104]
2019-09-04 11:46:28,242 | INFO  | DNAudit | user=null | ip=null | op=PUT_BLOCK {blockData=[blockId=conID: 2 locID: 102734075541717610 bcsId: 0,size=2097152]} | ret=SUCCESS |  
2019-09-04 11:46:28,242 [grpc-default-executor-1] INFO  client.GrpcClientProtocolClient (GrpcClientProtocolClient.java:onNext(255)) - client-D5CE890D7D9E->efcb8ff8-f060-4d95-9215-d0f5eb4af037: receive RaftClientReply:client-D5CE890D7D9E->efcb8ff8-f060-4d95-9215-d0f5eb4af037@group-0959F8DF43ED, cid=2746, SUCCESS, logIndex=4107, commits[efcb8ff8-f060-4d95-9215-d0f5eb4af037:c4108, 6fae8b02-e804-4c0e-b729-a97b7404b7f6:c4104, 4c3e8a66-6975-4917-8225-d3efe707aaff:c4104]
2019-09-04 11:46:28,243 [grpc-default-executor-1] INFO  client.GrpcClientProtocolClient (GrpcClientProtocolClient.java:onNext(255)) - client-D5CE890D7D9E->efcb8ff8-f060-4d95-9215-d0f5eb4af037: receive RaftClientReply:client-D5CE890D7D9E->efcb8ff8-f060-4d95-9215-d0f5eb4af037@group-0959F8DF43ED, cid=2747, SUCCESS, logIndex=4108, commits[efcb8ff8-f060-4d95-9215-d0f5eb4af037:c4108, 6fae8b02-e804-4c0e-b729-a97b7404b7f6:c4104, 4c3e8a66-6975-4917-8225-d3efe707aaff:c4104]
2019-09-04 11:46:28,243 | INFO  | DNAudit | user=null | ip=null | op=WRITE_CHUNK {blockData=conID: 2 locID: 102734075541717610 bcsId: 0} | ret=SUCCESS |  
2019-09-04 11:46:28,243 | INFO  | DNAudit | user=null | ip=null | op=PUT_BLOCK {blockData=[blockId=conID: 2 locID: 102734075541717610 bcsId: 0,size=1048576]} | ret=SUCCESS |  
2019-09-04 11:46:28,244 | INFO  | DNAudit | user=null | ip=null | op=WRITE_CHUNK {blockData=conID: 2 locID: 102734075541717610 bcsId: 0} | ret=SUCCESS |  
2019-09-04 11:46:28,244 | INFO  | DNAudit | user=null | ip=null | op=PUT_BLOCK {blockData=[blockId=conID: 2 locID: 102734075541717610 bcsId: 0,size=1048576]} | ret=SUCCESS |  
2019-09-04 11:46:28,244 | INFO  | DNAudit | user=null | ip=null | op=WRITE_CHUNK {blockData=conID: 2 locID: 102734075541717610 bcsId: 0} | ret=SUCCESS |  
2019-09-04 11:46:28,245 | INFO  | DNAudit | user=null | ip=null | op=PUT_BLOCK {blockData=[blockId=conID: 2 locID: 102734075541717610 bcsId: 0,size=2097152]} | ret=SUCCESS |  
2019-09-04 11:46:28,245 [grpc-default-executor-5] INFO  client.GrpcClientProtocolClient (GrpcClientProtocolClient.java:onNext(255)) - client-D5CE890D7D9E->efcb8ff8-f060-4d95-9215-d0f5eb4af037: receive RaftClientReply:client-D5CE890D7D9E->efcb8ff8-f060-4d95-9215-d0f5eb4af037@group-0959F8DF43ED, cid=2748, SUCCESS, logIndex=0, commits[efcb8ff8-f060-4d95-9215-d0f5eb4af037:c4110, 6fae8b02-e804-4c0e-b729-a97b7404b7f6:c4106, 4c3e8a66-6975-4917-8225-d3efe707aaff:c4106]
2019-09-04 11:46:28,245 | INFO  | DNAudit | user=null | ip=null | op=WRITE_CHUNK {blockData=conID: 2 locID: 102734075541717610 bcsId: 0} | ret=SUCCESS |  
2019-09-04 11:46:28,245 | INFO  | DNAudit | user=null | ip=null | op=PUT_BLOCK {blockData=[blockId=conID: 2 locID: 102734075541717610 bcsId: 0,size=2097152]} | ret=SUCCESS |  
2019-09-04 11:46:28,252 | INFO  | DNAudit | user=null | ip=null | op=WRITE_CHUNK {blockData=conID: 2 locID: 102734075541717610 bcsId: 4108} | ret=SUCCESS |  
2019-09-04 11:46:28,253 | INFO  | DNAudit | user=null | ip=null | op=WRITE_CHUNK {blockData=conID: 2 locID: 102734075541717610 bcsId: 4108} | ret=SUCCESS |  
2019-09-04 11:46:28,254 | INFO  | DNAudit | user=null | ip=null | op=WRITE_CHUNK {blockData=conID: 2 locID: 102734075541717610 bcsId: 4108} | ret=SUCCESS |  
2019-09-04 11:46:28,268 | INFO  | DNAudit | user=null | ip=null | op=WRITE_CHUNK {blockData=conID: 2 locID: 102734075541717610 bcsId: 4108} | ret=SUCCESS |  
2019-09-04 11:46:28,268 | INFO  | DNAudit | user=null | ip=null | op=PUT_BLOCK {blockData=[blockId=conID: 2 locID: 102734075541717610 bcsId: 0,size=3145728]} | ret=SUCCESS |  
2019-09-04 11:46:28,268 [grpc-default-executor-0] INFO  client.GrpcClientProtocolClient (GrpcClientProtocolClient.java:onNext(255)) - client-D5CE890D7D9E->efcb8ff8-f060-4d95-9215-d0f5eb4af037: receive RaftClientReply:client-D5CE890D7D9E->efcb8ff8-f060-4d95-9215-d0f5eb4af037@group-0959F8DF43ED, cid=2749, SUCCESS, logIndex=4113, commits[efcb8ff8-f060-4d95-9215-d0f5eb4af037:c4114, 6fae8b02-e804-4c0e-b729-a97b7404b7f6:c4112, 4c3e8a66-6975-4917-8225-d3efe707aaff:c4112]
2019-09-04 11:46:28,269 [grpc-default-executor-0] INFO  client.GrpcClientProtocolClient (GrpcClientProtocolClient.java:onNext(255)) - client-D5CE890D7D9E->efcb8ff8-f060-4d95-9215-d0f5eb4af037: receive RaftClientReply:client-D5CE890D7D9E->efcb8ff8-f060-4d95-9215-d0f5eb4af037@group-0959F8DF43ED, cid=2750, SUCCESS, logIndex=4114, commits[efcb8ff8-f060-4d95-9215-d0f5eb4af037:c4114, 6fae8b02-e804-4c0e-b729-a97b7404b7f6:c4112, 4c3e8a66-6975-4917-8225-d3efe707aaff:c4112]
2019-09-04 11:46:28,275 | INFO  | DNAudit | user=null | ip=null | op=WRITE_CHUNK {blockData=conID: 2 locID: 102734075541717610 bcsId: 4114} | ret=SUCCESS |  
2019-09-04 11:46:28,275 | INFO  | DNAudit | user=null | ip=null | op=WRITE_CHUNK {blockData=conID: 2 locID: 102734075541717610 bcsId: 4108} | ret=SUCCESS |  
2019-09-04 11:46:28,276 | INFO  | DNAudit | user=null | ip=null | op=WRITE_CHUNK {blockData=conID: 2 locID: 102734075541717610 bcsId: 4108} | ret=SUCCESS |  
2019-09-04 11:46:28,276 | INFO  | DNAudit | user=null | ip=null | op=PUT_BLOCK {blockData=[blockId=conID: 2 locID: 102734075541717610 bcsId: 0,size=3145728]} | ret=SUCCESS |  
2019-09-04 11:46:28,276 | INFO  | DNAudit | user=null | ip=null | op=PUT_BLOCK {blockData=[blockId=conID: 2 locID: 102734075541717610 bcsId: 0,size=3145728]} | ret=SUCCESS |  
2019-09-04 11:46:28,277 | INFO  | DNAudit | user=null | ip=null | op=WRITE_CHUNK {blockData=conID: 2 locID: 102734075541717610 bcsId: 4114} | ret=SUCCESS |  
2019-09-04 11:46:28,277 | INFO  | DNAudit | user=null | ip=null | op=WRITE_CHUNK {blockData=conID: 2 locID: 102734075541717610 bcsId: 4114} | ret=SUCCESS |  
2019-09-04 11:46:28,283 | INFO  | DNAudit | user=null | ip=null | op=WRITE_CHUNK {blockData=conID: 2 locID: 102734075541717610 bcsId: 4114} | ret=SUCCESS |  
2019-09-04 11:46:28,284 | INFO  | DNAudit | user=null | ip=null | op=PUT_BLOCK {blockData=[blockId=conID: 2 locID: 102734075541717610 bcsId: 0,size=4194304]} | ret=SUCCESS |  
2019-09-04 11:46:28,284 [grpc-default-executor-1] INFO  client.GrpcClientProtocolClient (GrpcClientProtocolClient.java:onNext(255)) - client-D5CE890D7D9E->efcb8ff8-f060-4d95-9215-d0f5eb4af037: receive RaftClientReply:client-D5CE890D7D9E->efcb8ff8-f060-4d95-9215-d0f5eb4af037@group-0959F8DF43ED, cid=2751, SUCCESS, logIndex=4117, commits[efcb8ff8-f060-4d95-9215-d0f5eb4af037:c4118, 6fae8b02-e804-4c0e-b729-a97b7404b7f6:c4114, 4c3e8a66-6975-4917-8225-d3efe707aaff:c4114]
2019-09-04 11:46:28,284 [grpc-default-executor-1] INFO  client.GrpcClientProtocolClient (GrpcClientProtocolClient.java:onNext(255)) - client-D5CE890D7D9E->efcb8ff8-f060-4d95-9215-d0f5eb4af037: receive RaftClientReply:client-D5CE890D7D9E->efcb8ff8-f060-4d95-9215-d0f5eb4af037@group-0959F8DF43ED, cid=2752, SUCCESS, logIndex=4118, commits[efcb8ff8-f060-4d95-9215-d0f5eb4af037:c4118, 6fae8b02-e804-4c0e-b729-a97b7404b7f6:c4114, 4c3e8a66-6975-4917-8225-d3efe707aaff:c4114]
2019-09-04 11:46:28,300 | INFO  | DNAudit | user=null | ip=null | op=WRITE_CHUNK {blockData=conID: 2 locID: 102734075541717610 bcsId: 4114} | ret=SUCCESS |  
2019-09-04 11:46:28,300 | INFO  | DNAudit | user=null | ip=null | op=WRITE_CHUNK {blockData=conID: 2 locID: 102734075541717610 bcsId: 4114} | ret=SUCCESS |  
2019-09-04 11:46:28,300 | INFO  | DNAudit | user=null | ip=null | op=PUT_BLOCK {blockData=[blockId=conID: 2 locID: 102734075541717610 bcsId: 0,size=4194304]} | ret=SUCCESS |  
2019-09-04 11:46:28,303 | INFO  | DNAudit | user=null | ip=null | op=PUT_BLOCK {blockData=[blockId=conID: 2 locID: 102734075541717610 bcsId: 0,size=4194304]} | ret=SUCCESS |  
2019-09-04 11:46:28,304 [grpc-default-executor-1] INFO  client.GrpcClientProtocolClient (GrpcClientProtocolClient.java:onNext(255)) - client-D5CE890D7D9E->efcb8ff8-f060-4d95-9215-d0f5eb4af037: receive RaftClientReply:client-D5CE890D7D9E->efcb8ff8-f060-4d95-9215-d0f5eb4af037@group-0959F8DF43ED, cid=2753, SUCCESS, logIndex=0, commits[efcb8ff8-f060-4d95-9215-d0f5eb4af037:c4120, 6fae8b02-e804-4c0e-b729-a97b7404b7f6:c4118, 4c3e8a66-6975-4917-8225-d3efe707aaff:c4118]
2019-09-04 11:46:28,308 | INFO  | SCMAudit | user=jenkins1000 | ip=192.168.36.67 | op=ALLOCATE_BLOCK {owner=8ab292a2-aaa7-4ad8-863a-d33994811155, size=4194304, type=RATIS, factor=THREE} | ret=SUCCESS |  
2019-09-04 11:46:28,311 | INFO  | OMAudit | user=jenkins1000 | ip=127.0.0.1 | op=ALLOCATE_BLOCK {volume=vol-0-58699, bucket=bucket-0-57464, key=key-0-37266, dataSize=0, replicationType=null, replicationFactor=null, keyLocationInfo=null, clientID=102734073355960722} | ret=SUCCESS |  
2019-09-04 11:46:28,318 | INFO  | DNAudit | user=null | ip=null | op=WRITE_CHUNK {blockData=conID: 3 locID: 102734075547353707 bcsId: 0} | ret=SUCCESS |  
2019-09-04 11:46:28,321 | INFO  | DNAudit | user=null | ip=null | op=WRITE_CHUNK {blockData=conID: 3 locID: 102734075547353707 bcsId: 0} | ret=SUCCESS |  
2019-09-04 11:46:28,322 | INFO  | DNAudit | user=null | ip=null | op=WRITE_CHUNK {blockData=conID: 3 locID: 102734075547353707 bcsId: 0} | ret=SUCCESS |  
2019-09-04 11:46:28,322 | INFO  | DNAudit | user=null | ip=null | op=WRITE_CHUNK {blockData=conID: 3 locID: 102734075547353707 bcsId: 0} | ret=SUCCESS |  
2019-09-04 11:46:28,324 | INFO  | DNAudit | user=null | ip=null | op=WRITE_CHUNK {blockData=conID: 3 locID: 102734075547353707 bcsId: 0} | ret=SUCCESS |  
2019-09-04 11:46:28,324 | INFO  | DNAudit | user=null | ip=null | op=WRITE_CHUNK {blockData=conID: 3 locID: 102734075547353707 bcsId: 0} | ret=SUCCESS |  
2019-09-04 11:46:28,366 | INFO  | DNAudit | user=null | ip=null | op=WRITE_CHUNK {blockData=conID: 3 locID: 102734075547353707 bcsId: 0} | ret=SUCCESS |  
2019-09-04 11:46:28,367 | INFO  | DNAudit | user=null | ip=null | op=PUT_BLOCK {blockData=[blockId=conID: 3 locID: 102734075547353707 bcsId: 0,size=1048576]} | ret=SUCCESS |  
2019-09-04 11:46:28,367 [grpc-default-executor-1] INFO  client.GrpcClientProtocolClient (GrpcClientProtocolClient.java:onNext(255)) - client-D5CE890D7D9E->efcb8ff8-f060-4d95-9215-d0f5eb4af037: receive RaftClientReply:client-D5CE890D7D9E->efcb8ff8-f060-4d95-9215-d0f5eb4af037@group-0959F8DF43ED, cid=2754, SUCCESS, logIndex=4121, commits[efcb8ff8-f060-4d95-9215-d0f5eb4af037:c4122, 6fae8b02-e804-4c0e-b729-a97b7404b7f6:c4120, 4c3e8a66-6975-4917-8225-d3efe707aaff:c4120]
2019-09-04 11:46:28,367 | INFO  | DNAudit | user=null | ip=null | op=WRITE_CHUNK {blockData=conID: 3 locID: 102734075547353707 bcsId: 0} | ret=SUCCESS |  
2019-09-04 11:46:28,367 [grpc-default-executor-0] INFO  client.GrpcClientProtocolClient (GrpcClientProtocolClient.java:onNext(255)) - client-D5CE890D7D9E->efcb8ff8-f060-4d95-9215-d0f5eb4af037: receive RaftClientReply:client-D5CE890D7D9E->efcb8ff8-f060-4d95-9215-d0f5eb4af037@group-0959F8DF43ED, cid=2755, SUCCESS, logIndex=4122, commits[efcb8ff8-f060-4d95-9215-d0f5eb4af037:c4122, 6fae8b02-e804-4c0e-b729-a97b7404b7f6:c4120, 4c3e8a66-6975-4917-8225-d3efe707aaff:c4120]
2019-09-04 11:46:28,368 | INFO  | DNAudit | user=null | ip=null | op=PUT_BLOCK {blockData=[blockId=conID: 3 locID: 102734075547353707 bcsId: 0,size=2097152]} | ret=SUCCESS |  
2019-09-04 11:46:28,368 [grpc-default-executor-0] INFO  client.GrpcClientProtocolClient (GrpcClientProtocolClient.java:onNext(255)) - client-D5CE890D7D9E->efcb8ff8-f060-4d95-9215-d0f5eb4af037: receive RaftClientReply:client-D5CE890D7D9E->efcb8ff8-f060-4d95-9215-d0f5eb4af037@group-0959F8DF43ED, cid=2756, SUCCESS, logIndex=4123, commits[efcb8ff8-f060-4d95-9215-d0f5eb4af037:c4124, 6fae8b02-e804-4c0e-b729-a97b7404b7f6:c4120, 4c3e8a66-6975-4917-8225-d3efe707aaff:c4120]
2019-09-04 11:46:28,368 [grpc-default-executor-0] INFO  client.GrpcClientProtocolClient (GrpcClientProtocolClient.java:onNext(255)) - client-D5CE890D7D9E->efcb8ff8-f060-4d95-9215-d0f5eb4af037: receive RaftClientReply:client-D5CE890D7D9E->efcb8ff8-f060-4d95-9215-d0f5eb4af037@group-0959F8DF43ED, cid=2757, SUCCESS, logIndex=4124, commits[efcb8ff8-f060-4d95-9215-d0f5eb4af037:c4124, 6fae8b02-e804-4c0e-b729-a97b7404b7f6:c4120, 4c3e8a66-6975-4917-8225-d3efe707aaff:c4120]
2019-09-04 11:46:28,368 | INFO  | DNAudit | user=null | ip=null | op=WRITE_CHUNK {blockData=conID: 3 locID: 102734075547353707 bcsId: 0} | ret=SUCCESS |  
2019-09-04 11:46:28,368 | INFO  | DNAudit | user=null | ip=null | op=WRITE_CHUNK {blockData=conID: 3 locID: 102734075547353707 bcsId: 0} | ret=SUCCESS |  
2019-09-04 11:46:28,368 | INFO  | DNAudit | user=null | ip=null | op=PUT_BLOCK {blockData=[blockId=conID: 3 locID: 102734075547353707 bcsId: 0,size=1048576]} | ret=SUCCESS |  
2019-09-04 11:46:28,369 | INFO  | DNAudit | user=null | ip=null | op=PUT_BLOCK {blockData=[blockId=conID: 3 locID: 102734075547353707 bcsId: 0,size=1048576]} | ret=SUCCESS |  
2019-09-04 11:46:28,369 [grpc-default-executor-0] INFO  client.GrpcClientProtocolClient (GrpcClientProtocolClient.java:onNext(255)) - client-D5CE890D7D9E->efcb8ff8-f060-4d95-9215-d0f5eb4af037: receive RaftClientReply:client-D5CE890D7D9E->efcb8ff8-f060-4d95-9215-d0f5eb4af037@group-0959F8DF43ED, cid=2758, SUCCESS, logIndex=0, commits[efcb8ff8-f060-4d95-9215-d0f5eb4af037:c4126, 6fae8b02-e804-4c0e-b729-a97b7404b7f6:c4122, 4c3e8a66-6975-4917-8225-d3efe707aaff:c4122]
2019-09-04 11:46:28,371 | INFO  | DNAudit | user=null | ip=null | op=WRITE_CHUNK {blockData=conID: 3 locID: 102734075547353707 bcsId: 0} | ret=SUCCESS |  
2019-09-04 11:46:28,371 | INFO  | DNAudit | user=null | ip=null | op=WRITE_CHUNK {blockData=conID: 3 locID: 102734075547353707 bcsId: 0} | ret=SUCCESS |  
2019-09-04 11:46:28,371 | INFO  | DNAudit | user=null | ip=null | op=PUT_BLOCK {blockData=[blockId=conID: 3 locID: 102734075547353707 bcsId: 0,size=2097152]} | ret=SUCCESS |  
2019-09-04 11:46:28,371 | INFO  | DNAudit | user=null | ip=null | op=PUT_BLOCK {blockData=[blockId=conID: 3 locID: 102734075547353707 bcsId: 0,size=2097152]} | ret=SUCCESS |  
2019-09-04 11:46:28,375 | INFO  | DNAudit | user=null | ip=null | op=WRITE_CHUNK {blockData=conID: 3 locID: 102734075547353707 bcsId: 4124} | ret=SUCCESS |  
2019-09-04 11:46:28,377 | INFO  | DNAudit | user=null | ip=null | op=WRITE_CHUNK {blockData=conID: 3 locID: 102734075547353707 bcsId: 4124} | ret=SUCCESS |  
2019-09-04 11:46:28,377 | INFO  | DNAudit | user=null | ip=null | op=WRITE_CHUNK {blockData=conID: 3 locID: 102734075547353707 bcsId: 4124} | ret=SUCCESS |  
2019-09-04 11:46:28,394 | INFO  | DNAudit | user=null | ip=null | op=WRITE_CHUNK {blockData=conID: 3 locID: 102734075547353707 bcsId: 4124} | ret=SUCCESS |  
2019-09-04 11:46:28,395 | INFO  | DNAudit | user=null | ip=null | op=PUT_BLOCK {blockData=[blockId=conID: 3 locID: 102734075547353707 bcsId: 0,size=3145728]} | ret=SUCCESS |  
2019-09-04 11:46:28,395 [grpc-default-executor-5] INFO  client.GrpcClientProtocolClient (GrpcClientProtocolClient.java:onNext(255)) - client-D5CE890D7D9E->efcb8ff8-f060-4d95-9215-d0f5eb4af037: receive RaftClientReply:client-D5CE890D7D9E->efcb8ff8-f060-4d95-9215-d0f5eb4af037@group-0959F8DF43ED, cid=2759, SUCCESS, logIndex=4129, commits[efcb8ff8-f060-4d95-9215-d0f5eb4af037:c4130, 6fae8b02-e804-4c0e-b729-a97b7404b7f6:c4128, 4c3e8a66-6975-4917-8225-d3efe707aaff:c4128]
2019-09-04 11:46:28,395 [grpc-default-executor-5] INFO  client.GrpcClientProtocolClient (GrpcClientProtocolClient.java:onNext(255)) - client-D5CE890D7D9E->efcb8ff8-f060-4d95-9215-d0f5eb4af037: receive RaftClientReply:client-D5CE890D7D9E->efcb8ff8-f060-4d95-9215-d0f5eb4af037@group-0959F8DF43ED, cid=2760, SUCCESS, logIndex=4130, commits[efcb8ff8-f060-4d95-9215-d0f5eb4af037:c4130, 6fae8b02-e804-4c0e-b729-a97b7404b7f6:c4128, 4c3e8a66-6975-4917-8225-d3efe707aaff:c4128]
2019-09-04 11:46:28,401 | INFO  | DNAudit | user=null | ip=null | op=WRITE_CHUNK {blockData=conID: 3 locID: 102734075547353707 bcsId: 4130} | ret=SUCCESS |  
2019-09-04 11:46:28,403 | INFO  | DNAudit | user=null | ip=null | op=WRITE_CHUNK {blockData=conID: 3 locID: 102734075547353707 bcsId: 4130} | ret=SUCCESS |  
2019-09-04 11:46:28,403 | INFO  | DNAudit | user=null | ip=null | op=WRITE_CHUNK {blockData=conID: 3 locID: 102734075547353707 bcsId: 4130} | ret=SUCCESS |  
2019-09-04 11:46:28,411 | INFO  | DNAudit | user=null | ip=null | op=WRITE_CHUNK {blockData=conID: 3 locID: 102734075547353707 bcsId: 4124} | ret=SUCCESS |  
2019-09-04 11:46:28,411 | INFO  | DNAudit | user=null | ip=null | op=WRITE_CHUNK {blockData=conID: 3 locID: 102734075547353707 bcsId: 4124} | ret=SUCCESS |  
2019-09-04 11:46:28,411 | INFO  | DNAudit | user=null | ip=null | op=PUT_BLOCK {blockData=[blockId=conID: 3 locID: 102734075547353707 bcsId: 0,size=3145728]} | ret=SUCCESS |  
2019-09-04 11:46:28,411 | INFO  | DNAudit | user=null | ip=null | op=PUT_BLOCK {blockData=[blockId=conID: 3 locID: 102734075547353707 bcsId: 0,size=3145728]} | ret=SUCCESS |  
2019-09-04 11:46:28,412 | INFO  | DNAudit | user=null | ip=null | op=WRITE_CHUNK {blockData=conID: 3 locID: 102734075547353707 bcsId: 4130} | ret=SUCCESS |  
2019-09-04 11:46:28,413 | INFO  | DNAudit | user=null | ip=null | op=PUT_BLOCK {blockData=[blockId=conID: 3 locID: 102734075547353707 bcsId: 0,size=4194304]} | ret=SUCCESS |  
2019-09-04 11:46:28,413 [grpc-default-executor-0] INFO  client.GrpcClientProtocolClient (GrpcClientProtocolClient.java:onNext(255)) - client-D5CE890D7D9E->efcb8ff8-f060-4d95-9215-d0f5eb4af037: receive RaftClientReply:client-D5CE890D7D9E->efcb8ff8-f060-4d95-9215-d0f5eb4af037@group-0959F8DF43ED, cid=2761, SUCCESS, logIndex=4133, commits[efcb8ff8-f060-4d95-9215-d0f5eb4af037:c4134, 6fae8b02-e804-4c0e-b729-a97b7404b7f6:c4130, 4c3e8a66-6975-4917-8225-d3efe707aaff:c4130]
2019-09-04 11:46:28,413 [grpc-default-executor-0] INFO  client.GrpcClientProtocolClient (GrpcClientProtocolClient.java:onNext(255)) - client-D5CE890D7D9E->efcb8ff8-f060-4d95-9215-d0f5eb4af037: receive RaftClientReply:client-D5CE890D7D9E->efcb8ff8-f060-4d95-9215-d0f5eb4af037@group-0959F8DF43ED, cid=2762, SUCCESS, logIndex=4134, commits[efcb8ff8-f060-4d95-9215-d0f5eb4af037:c4134, 6fae8b02-e804-4c0e-b729-a97b7404b7f6:c4130, 4c3e8a66-6975-4917-8225-d3efe707aaff:c4130]
2019-09-04 11:46:28,422 | INFO  | DNAudit | user=null | ip=null | op=WRITE_CHUNK {blockData=conID: 3 locID: 102734075547353707 bcsId: 4130} | ret=SUCCESS |  
2019-09-04 11:46:28,422 | INFO  | DNAudit | user=null | ip=null | op=WRITE_CHUNK {blockData=conID: 3 locID: 102734075547353707 bcsId: 4130} | ret=SUCCESS |  
2019-09-04 11:46:28,424 | INFO  | DNAudit | user=null | ip=null | op=PUT_BLOCK {blockData=[blockId=conID: 3 locID: 102734075547353707 bcsId: 0,size=4194304]} | ret=SUCCESS |  
2019-09-04 11:46:28,424 | INFO  | DNAudit | user=null | ip=null | op=PUT_BLOCK {blockData=[blockId=conID: 3 locID: 102734075547353707 bcsId: 0,size=4194304]} | ret=SUCCESS |  
2019-09-04 11:46:28,424 [grpc-default-executor-0] INFO  client.GrpcClientProtocolClient (GrpcClientProtocolClient.java:onNext(255)) - client-D5CE890D7D9E->efcb8ff8-f060-4d95-9215-d0f5eb4af037: receive RaftClientReply:client-D5CE890D7D9E->efcb8ff8-f060-4d95-9215-d0f5eb4af037@group-0959F8DF43ED, cid=2763, SUCCESS, logIndex=0, commits[efcb8ff8-f060-4d95-9215-d0f5eb4af037:c4136, 6fae8b02-e804-4c0e-b729-a97b7404b7f6:c4134, 4c3e8a66-6975-4917-8225-d3efe707aaff:c4134]
2019-09-04 11:46:28,429 | INFO  | SCMAudit | user=jenkins1000 | ip=192.168.36.67 | op=ALLOCATE_BLOCK {owner=8ab292a2-aaa7-4ad8-863a-d33994811155, size=4194304, type=RATIS, factor=THREE} | ret=SUCCESS |  
2019-09-04 11:46:28,433 | INFO  | OMAudit | user=jenkins1000 | ip=127.0.0.1 | op=ALLOCATE_BLOCK {volume=vol-0-58699, bucket=bucket-0-57464, key=key-0-37266, dataSize=0, replicationType=null, replicationFactor=null, keyLocationInfo=null, clientID=102734073355960722} | ret=SUCCESS |  
2019-09-04 11:46:28,438 | INFO  | DNAudit | user=null | ip=null | op=WRITE_CHUNK {blockData=conID: 1 locID: 102734075555283564 bcsId: 0} | ret=SUCCESS |  
2019-09-04 11:46:28,441 | INFO  | DNAudit | user=null | ip=null | op=WRITE_CHUNK {blockData=conID: 1 locID: 102734075555283564 bcsId: 0} | ret=SUCCESS |  
2019-09-04 11:46:28,441 | INFO  | DNAudit | user=null | ip=null | op=WRITE_CHUNK {blockData=conID: 1 locID: 102734075555283564 bcsId: 0} | ret=SUCCESS |  
2019-09-04 11:46:28,441 | INFO  | DNAudit | user=null | ip=null | op=WRITE_CHUNK {blockData=conID: 1 locID: 102734075555283564 bcsId: 0} | ret=SUCCESS |  
2019-09-04 11:46:28,443 | INFO  | DNAudit | user=null | ip=null | op=WRITE_CHUNK {blockData=conID: 1 locID: 102734075555283564 bcsId: 0} | ret=SUCCESS |  
2019-09-04 11:46:28,443 | INFO  | DNAudit | user=null | ip=null | op=WRITE_CHUNK {blockData=conID: 1 locID: 102734075555283564 bcsId: 0} | ret=SUCCESS |  
2019-09-04 11:46:28,656 | INFO  | DNAudit | user=null | ip=null | op=WRITE_CHUNK {blockData=conID: 1 locID: 102734075555283564 bcsId: 0} | ret=SUCCESS |  
2019-09-04 11:46:28,657 [grpc-default-executor-6] INFO  client.GrpcClientProtocolClient (GrpcClientProtocolClient.java:onNext(255)) - client-D5CE890D7D9E->efcb8ff8-f060-4d95-9215-d0f5eb4af037: receive RaftClientReply:client-D5CE890D7D9E->efcb8ff8-f060-4d95-9215-d0f5eb4af037@group-0959F8DF43ED, cid=2764, SUCCESS, logIndex=4137, commits[efcb8ff8-f060-4d95-9215-d0f5eb4af037:c4138, 6fae8b02-e804-4c0e-b729-a97b7404b7f6:c4136, 4c3e8a66-6975-4917-8225-d3efe707aaff:c4136]
2019-09-04 11:46:28,664 | INFO  | DNAudit | user=null | ip=null | op=PUT_BLOCK {blockData=[blockId=conID: 1 locID: 102734075555283564 bcsId: 0,size=1048576]} | ret=SUCCESS |  
2019-09-04 11:46:28,665 [grpc-default-executor-6] INFO  client.GrpcClientProtocolClient (GrpcClientProtocolClient.java:onNext(255)) - client-D5CE890D7D9E->efcb8ff8-f060-4d95-9215-d0f5eb4af037: receive RaftClientReply:client-D5CE890D7D9E->efcb8ff8-f060-4d95-9215-d0f5eb4af037@group-0959F8DF43ED, cid=2765, SUCCESS, logIndex=4138, commits[efcb8ff8-f060-4d95-9215-d0f5eb4af037:c4138, 6fae8b02-e804-4c0e-b729-a97b7404b7f6:c4136, 4c3e8a66-6975-4917-8225-d3efe707aaff:c4136]
2019-09-04 11:46:28,708 | INFO  | SCMAudit | user=jenkins1000 | ip=192.168.36.67 | op=SEND_HEARTBEAT {datanodeUUID=b68b188c-7f38-42ae-8403-46a39acd0731, command=[]} | ret=SUCCESS |  
2019-09-04 11:46:28,737 | INFO  | SCMAudit | user=jenkins1000 | ip=192.168.36.67 | op=SEND_HEARTBEAT {datanodeUUID=6fae8b02-e804-4c0e-b729-a97b7404b7f6, command=[]} | ret=SUCCESS |  
2019-09-04 11:46:28,737 | INFO  | SCMAudit | user=jenkins1000 | ip=192.168.36.67 | op=SEND_HEARTBEAT {datanodeUUID=4c3e8a66-6975-4917-8225-d3efe707aaff, command=[]} | ret=SUCCESS |  
2019-09-04 11:46:28,740 | INFO  | SCMAudit | user=jenkins1000 | ip=192.168.36.67 | op=SEND_HEARTBEAT {datanodeUUID=0b776101-1d39-4f23-96c0-6a8ead31197c, command=[]} | ret=SUCCESS |  
2019-09-04 11:46:28,744 | INFO  | SCMAudit | user=jenkins1000 | ip=192.168.36.67 | op=SEND_HEARTBEAT {datanodeUUID=efcb8ff8-f060-4d95-9215-d0f5eb4af037, command=[]} | ret=SUCCESS |  
2019-09-04 11:46:28,992 | INFO  | DNAudit | user=null | ip=null | op=WRITE_CHUNK {blockData=conID: 1 locID: 102734075555283564 bcsId: 0} | ret=SUCCESS |  
2019-09-04 11:46:28,992 | INFO  | DNAudit | user=null | ip=null | op=PUT_BLOCK {blockData=[blockId=conID: 1 locID: 102734075555283564 bcsId: 0,size=2097152]} | ret=SUCCESS |  
2019-09-04 11:46:28,992 [grpc-default-executor-6] INFO  client.GrpcClientProtocolClient (GrpcClientProtocolClient.java:onNext(255)) - client-D5CE890D7D9E->efcb8ff8-f060-4d95-9215-d0f5eb4af037: receive RaftClientReply:client-D5CE890D7D9E->efcb8ff8-f060-4d95-9215-d0f5eb4af037@group-0959F8DF43ED, cid=2766, SUCCESS, logIndex=4139, commits[efcb8ff8-f060-4d95-9215-d0f5eb4af037:c4140, 6fae8b02-e804-4c0e-b729-a97b7404b7f6:c4136, 4c3e8a66-6975-4917-8225-d3efe707aaff:c4136]
2019-09-04 11:46:28,993 [grpc-default-executor-6] INFO  client.GrpcClientProtocolClient (GrpcClientProtocolClient.java:onNext(255)) - client-D5CE890D7D9E->efcb8ff8-f060-4d95-9215-d0f5eb4af037: receive RaftClientReply:client-D5CE890D7D9E->efcb8ff8-f060-4d95-9215-d0f5eb4af037@group-0959F8DF43ED, cid=2767, SUCCESS, logIndex=4140, commits[efcb8ff8-f060-4d95-9215-d0f5eb4af037:c4140, 6fae8b02-e804-4c0e-b729-a97b7404b7f6:c4136, 4c3e8a66-6975-4917-8225-d3efe707aaff:c4136]
2019-09-04 11:46:28,997 | INFO  | DNAudit | user=null | ip=null | op=WRITE_CHUNK {blockData=conID: 1 locID: 102734075555283564 bcsId: 0} | ret=SUCCESS |  
2019-09-04 11:46:28,997 | INFO  | DNAudit | user=null | ip=null | op=WRITE_CHUNK {blockData=conID: 1 locID: 102734075555283564 bcsId: 0} | ret=SUCCESS |  
2019-09-04 11:46:28,997 | INFO  | DNAudit | user=null | ip=null | op=PUT_BLOCK {blockData=[blockId=conID: 1 locID: 102734075555283564 bcsId: 0,size=1048576]} | ret=SUCCESS |  
2019-09-04 11:46:28,997 | INFO  | DNAudit | user=null | ip=null | op=PUT_BLOCK {blockData=[blockId=conID: 1 locID: 102734075555283564 bcsId: 0,size=1048576]} | ret=SUCCESS |  
2019-09-04 11:46:28,998 [grpc-default-executor-6] INFO  client.GrpcClientProtocolClient (GrpcClientProtocolClient.java:onNext(255)) - client-D5CE890D7D9E->efcb8ff8-f060-4d95-9215-d0f5eb4af037: receive RaftClientReply:client-D5CE890D7D9E->efcb8ff8-f060-4d95-9215-d0f5eb4af037@group-0959F8DF43ED, cid=2768, SUCCESS, logIndex=0, commits[efcb8ff8-f060-4d95-9215-d0f5eb4af037:c4141, 6fae8b02-e804-4c0e-b729-a97b7404b7f6:c4138, 4c3e8a66-6975-4917-8225-d3efe707aaff:c4138]
2019-09-04 11:46:28,998 | INFO  | DNAudit | user=null | ip=null | op=WRITE_CHUNK {blockData=conID: 1 locID: 102734075555283564 bcsId: 0} | ret=SUCCESS |  
2019-09-04 11:46:28,999 | INFO  | DNAudit | user=null | ip=null | op=WRITE_CHUNK {blockData=conID: 1 locID: 102734075555283564 bcsId: 0} | ret=SUCCESS |  
2019-09-04 11:46:28,999 | INFO  | DNAudit | user=null | ip=null | op=PUT_BLOCK {blockData=[blockId=conID: 1 locID: 102734075555283564 bcsId: 0,size=2097152]} | ret=SUCCESS |  
2019-09-04 11:46:28,999 | INFO  | DNAudit | user=null | ip=null | op=PUT_BLOCK {blockData=[blockId=conID: 1 locID: 102734075555283564 bcsId: 0,size=2097152]} | ret=SUCCESS |  
2019-09-04 11:46:29,005 | INFO  | DNAudit | user=null | ip=null | op=WRITE_CHUNK {blockData=conID: 1 locID: 102734075555283564 bcsId: 4140} | ret=SUCCESS |  
2019-09-04 11:46:29,008 | INFO  | DNAudit | user=null | ip=null | op=WRITE_CHUNK {blockData=conID: 1 locID: 102734075555283564 bcsId: 4140} | ret=SUCCESS |  
2019-09-04 11:46:29,008 | INFO  | DNAudit | user=null | ip=null | op=WRITE_CHUNK {blockData=conID: 1 locID: 102734075555283564 bcsId: 4140} | ret=SUCCESS |  
2019-09-04 11:46:29,020 | INFO  | DNAudit | user=null | ip=null | op=WRITE_CHUNK {blockData=conID: 1 locID: 102734075555283564 bcsId: 4140} | ret=SUCCESS |  
2019-09-04 11:46:29,020 | INFO  | DNAudit | user=null | ip=null | op=PUT_BLOCK {blockData=[blockId=conID: 1 locID: 102734075555283564 bcsId: 0,size=3145728]} | ret=SUCCESS |  
2019-09-04 11:46:29,020 [grpc-default-executor-0] INFO  client.GrpcClientProtocolClient (GrpcClientProtocolClient.java:onNext(255)) - client-D5CE890D7D9E->efcb8ff8-f060-4d95-9215-d0f5eb4af037: receive RaftClientReply:client-D5CE890D7D9E->efcb8ff8-f060-4d95-9215-d0f5eb4af037@group-0959F8DF43ED, cid=2769, SUCCESS, logIndex=4145, commits[efcb8ff8-f060-4d95-9215-d0f5eb4af037:c4146, 6fae8b02-e804-4c0e-b729-a97b7404b7f6:c4144, 4c3e8a66-6975-4917-8225-d3efe707aaff:c4144]
2019-09-04 11:46:29,021 [grpc-default-executor-0] INFO  client.GrpcClientProtocolClient (GrpcClientProtocolClient.java:onNext(255)) - client-D5CE890D7D9E->efcb8ff8-f060-4d95-9215-d0f5eb4af037: receive RaftClientReply:client-D5CE890D7D9E->efcb8ff8-f060-4d95-9215-d0f5eb4af037@group-0959F8DF43ED, cid=2770, SUCCESS, logIndex=4146, commits[efcb8ff8-f060-4d95-9215-d0f5eb4af037:c4146, 6fae8b02-e804-4c0e-b729-a97b7404b7f6:c4144, 4c3e8a66-6975-4917-8225-d3efe707aaff:c4144]
2019-09-04 11:46:29,025 | INFO  | DNAudit | user=null | ip=null | op=WRITE_CHUNK {blockData=conID: 1 locID: 102734075555283564 bcsId: 4140} | ret=SUCCESS |  
2019-09-04 11:46:29,025 | INFO  | DNAudit | user=null | ip=null | op=WRITE_CHUNK {blockData=conID: 1 locID: 102734075555283564 bcsId: 4140} | ret=SUCCESS |  
2019-09-04 11:46:29,027 | INFO  | DNAudit | user=null | ip=null | op=PUT_BLOCK {blockData=[blockId=conID: 1 locID: 102734075555283564 bcsId: 0,size=3145728]} | ret=SUCCESS |  
2019-09-04 11:46:29,027 | INFO  | DNAudit | user=null | ip=null | op=PUT_BLOCK {blockData=[blockId=conID: 1 locID: 102734075555283564 bcsId: 0,size=3145728]} | ret=SUCCESS |  
2019-09-04 11:46:29,028 | INFO  | DNAudit | user=null | ip=null | op=WRITE_CHUNK {blockData=conID: 1 locID: 102734075555283564 bcsId: 4146} | ret=SUCCESS |  
2019-09-04 11:46:29,030 | INFO  | DNAudit | user=null | ip=null | op=WRITE_CHUNK {blockData=conID: 1 locID: 102734075555283564 bcsId: 4146} | ret=SUCCESS |  
2019-09-04 11:46:29,030 | INFO  | DNAudit | user=null | ip=null | op=WRITE_CHUNK {blockData=conID: 1 locID: 102734075555283564 bcsId: 4146} | ret=SUCCESS |  
2019-09-04 11:46:29,036 | INFO  | DNAudit | user=null | ip=null | op=WRITE_CHUNK {blockData=conID: 1 locID: 102734075555283564 bcsId: 4146} | ret=SUCCESS |  
2019-09-04 11:46:29,036 | INFO  | DNAudit | user=null | ip=null | op=PUT_BLOCK {blockData=[blockId=conID: 1 locID: 102734075555283564 bcsId: 0,size=4194304]} | ret=SUCCESS |  
2019-09-04 11:46:29,037 [grpc-default-executor-5] INFO  client.GrpcClientProtocolClient (GrpcClientProtocolClient.java:onNext(255)) - client-D5CE890D7D9E->efcb8ff8-f060-4d95-9215-d0f5eb4af037: receive RaftClientReply:client-D5CE890D7D9E->efcb8ff8-f060-4d95-9215-d0f5eb4af037@group-0959F8DF43ED, cid=2771, SUCCESS, logIndex=4149, commits[efcb8ff8-f060-4d95-9215-d0f5eb4af037:c4150, 6fae8b02-e804-4c0e-b729-a97b7404b7f6:c4148, 4c3e8a66-6975-4917-8225-d3efe707aaff:c4146]
2019-09-04 11:46:29,037 [grpc-default-executor-5] INFO  client.GrpcClientProtocolClient (GrpcClientProtocolClient.java:onNext(255)) - client-D5CE890D7D9E->efcb8ff8-f060-4d95-9215-d0f5eb4af037: receive RaftClientReply:client-D5CE890D7D9E->efcb8ff8-f060-4d95-9215-d0f5eb4af037@group-0959F8DF43ED, cid=2772, SUCCESS, logIndex=4150, commits[efcb8ff8-f060-4d95-9215-d0f5eb4af037:c4150, 6fae8b02-e804-4c0e-b729-a97b7404b7f6:c4148, 4c3e8a66-6975-4917-8225-d3efe707aaff:c4146]
2019-09-04 11:46:29,044 | INFO  | DNAudit | user=null | ip=null | op=WRITE_CHUNK {blockData=conID: 1 locID: 102734075555283564 bcsId: 4146} | ret=SUCCESS |  
2019-09-04 11:46:29,044 | INFO  | DNAudit | user=null | ip=null | op=WRITE_CHUNK {blockData=conID: 1 locID: 102734075555283564 bcsId: 4146} | ret=SUCCESS |  
2019-09-04 11:46:29,044 | INFO  | DNAudit | user=null | ip=null | op=PUT_BLOCK {blockData=[blockId=conID: 1 locID: 102734075555283564 bcsId: 0,size=4194304]} | ret=SUCCESS |  
2019-09-04 11:46:29,045 | INFO  | DNAudit | user=null | ip=null | op=PUT_BLOCK {blockData=[blockId=conID: 1 locID: 102734075555283564 bcsId: 0,size=4194304]} | ret=SUCCESS |  
2019-09-04 11:46:29,045 [grpc-default-executor-5] INFO  client.GrpcClientProtocolClient (GrpcClientProtocolClient.java:onNext(255)) - client-D5CE890D7D9E->efcb8ff8-f060-4d95-9215-d0f5eb4af037: receive RaftClientReply:client-D5CE890D7D9E->efcb8ff8-f060-4d95-9215-d0f5eb4af037@group-0959F8DF43ED, cid=2773, SUCCESS, logIndex=0, commits[efcb8ff8-f060-4d95-9215-d0f5eb4af037:c4151, 6fae8b02-e804-4c0e-b729-a97b7404b7f6:c4150, 4c3e8a66-6975-4917-8225-d3efe707aaff:c4150]
2019-09-04 11:46:29,051 | INFO  | SCMAudit | user=jenkins1000 | ip=192.168.36.67 | op=ALLOCATE_BLOCK {owner=8ab292a2-aaa7-4ad8-863a-d33994811155, size=4194304, type=RATIS, factor=THREE} | ret=SUCCESS |  
 0.00% |█                                                                                                    |  0/1 Time: 0:00:342019-09-04 11:46:29,175 | INFO  | OMAudit | user=jenkins1000 | ip=127.0.0.1 | op=ALLOCATE_BLOCK {volume=vol-0-58699, bucket=bucket-0-57464, key=key-0-37266, dataSize=0, replicationType=null, replicationFactor=null, keyLocationInfo=null, clientID=102734073355960722} | ret=SUCCESS |  
2019-09-04 11:46:29,183 | INFO  | DNAudit | user=null | ip=null | op=WRITE_CHUNK {blockData=conID: 2 locID: 102734075596046957 bcsId: 0} | ret=SUCCESS |  
2019-09-04 11:46:29,185 | INFO  | DNAudit | user=null | ip=null | op=WRITE_CHUNK {blockData=conID: 2 locID: 102734075596046957 bcsId: 0} | ret=SUCCESS |  
2019-09-04 11:46:29,186 | INFO  | DNAudit | user=null | ip=null | op=WRITE_CHUNK {blockData=conID: 2 locID: 102734075596046957 bcsId: 0} | ret=SUCCESS |  
2019-09-04 11:46:29,186 | INFO  | DNAudit | user=null | ip=null | op=WRITE_CHUNK {blockData=conID: 2 locID: 102734075596046957 bcsId: 0} | ret=SUCCESS |  
2019-09-04 11:46:29,187 | INFO  | DNAudit | user=null | ip=null | op=WRITE_CHUNK {blockData=conID: 2 locID: 102734075596046957 bcsId: 0} | ret=SUCCESS |  
2019-09-04 11:46:29,187 | INFO  | DNAudit | user=null | ip=null | op=WRITE_CHUNK {blockData=conID: 2 locID: 102734075596046957 bcsId: 0} | ret=SUCCESS |  
2019-09-04 11:46:29,267 | INFO  | DNAudit | user=null | ip=null | op=WRITE_CHUNK {blockData=conID: 2 locID: 102734075596046957 bcsId: 0} | ret=SUCCESS |  
2019-09-04 11:46:29,268 | INFO  | DNAudit | user=null | ip=null | op=PUT_BLOCK {blockData=[blockId=conID: 2 locID: 102734075596046957 bcsId: 0,size=1048576]} | ret=SUCCESS |  
2019-09-04 11:46:29,269 [grpc-default-executor-5] INFO  client.GrpcClientProtocolClient (GrpcClientProtocolClient.java:onNext(255)) - client-D5CE890D7D9E->efcb8ff8-f060-4d95-9215-d0f5eb4af037: receive RaftClientReply:client-D5CE890D7D9E->efcb8ff8-f060-4d95-9215-d0f5eb4af037@group-0959F8DF43ED, cid=2774, SUCCESS, logIndex=4153, commits[efcb8ff8-f060-4d95-9215-d0f5eb4af037:c4154, 6fae8b02-e804-4c0e-b729-a97b7404b7f6:c4152, 4c3e8a66-6975-4917-8225-d3efe707aaff:c4152]
2019-09-04 11:46:29,269 [grpc-default-executor-5] INFO  client.GrpcClientProtocolClient (GrpcClientProtocolClient.java:onNext(255)) - client-D5CE890D7D9E->efcb8ff8-f060-4d95-9215-d0f5eb4af037: receive RaftClientReply:client-D5CE890D7D9E->efcb8ff8-f060-4d95-9215-d0f5eb4af037@group-0959F8DF43ED, cid=2775, SUCCESS, logIndex=4154, commits[efcb8ff8-f060-4d95-9215-d0f5eb4af037:c4154, 6fae8b02-e804-4c0e-b729-a97b7404b7f6:c4152, 4c3e8a66-6975-4917-8225-d3efe707aaff:c4152]
2019-09-04 11:46:29,365 | INFO  | DNAudit | user=null | ip=null | op=WRITE_CHUNK {blockData=conID: 2 locID: 102734075596046957 bcsId: 0} | ret=SUCCESS |  
2019-09-04 11:46:29,366 | INFO  | DNAudit | user=null | ip=null | op=PUT_BLOCK {blockData=[blockId=conID: 2 locID: 102734075596046957 bcsId: 0,size=2097152]} | ret=SUCCESS |  
2019-09-04 11:46:29,366 [grpc-default-executor-5] INFO  client.GrpcClientProtocolClient (GrpcClientProtocolClient.java:onNext(255)) - client-D5CE890D7D9E->efcb8ff8-f060-4d95-9215-d0f5eb4af037: receive RaftClientReply:client-D5CE890D7D9E->efcb8ff8-f060-4d95-9215-d0f5eb4af037@group-0959F8DF43ED, cid=2776, SUCCESS, logIndex=4155, commits[efcb8ff8-f060-4d95-9215-d0f5eb4af037:c4156, 6fae8b02-e804-4c0e-b729-a97b7404b7f6:c4152, 4c3e8a66-6975-4917-8225-d3efe707aaff:c4152]
2019-09-04 11:46:29,366 [grpc-default-executor-5] INFO  client.GrpcClientProtocolClient (GrpcClientProtocolClient.java:onNext(255)) - client-D5CE890D7D9E->efcb8ff8-f060-4d95-9215-d0f5eb4af037: receive RaftClientReply:client-D5CE890D7D9E->efcb8ff8-f060-4d95-9215-d0f5eb4af037@group-0959F8DF43ED, cid=2777, SUCCESS, logIndex=4156, commits[efcb8ff8-f060-4d95-9215-d0f5eb4af037:c4156, 6fae8b02-e804-4c0e-b729-a97b7404b7f6:c4152, 4c3e8a66-6975-4917-8225-d3efe707aaff:c4152]
2019-09-04 11:46:29,408 | INFO  | DNAudit | user=null | ip=null | op=WRITE_CHUNK {blockData=conID: 2 locID: 102734075596046957 bcsId: 0} | ret=SUCCESS |  
2019-09-04 11:46:29,429 | INFO  | DNAudit | user=null | ip=null | op=WRITE_CHUNK {blockData=conID: 2 locID: 102734075596046957 bcsId: 0} | ret=SUCCESS |  
2019-09-04 11:46:29,429 | INFO  | DNAudit | user=null | ip=null | op=PUT_BLOCK {blockData=[blockId=conID: 2 locID: 102734075596046957 bcsId: 0,size=1048576]} | ret=SUCCESS |  
2019-09-04 11:46:29,615 | INFO  | DNAudit | user=null | ip=null | op=PUT_BLOCK {blockData=[blockId=conID: 2 locID: 102734075596046957 bcsId: 0,size=1048576]} | ret=SUCCESS |  
2019-09-04 11:46:29,616 [grpc-default-executor-5] INFO  client.GrpcClientProtocolClient (GrpcClientProtocolClient.java:onNext(255)) - client-D5CE890D7D9E->efcb8ff8-f060-4d95-9215-d0f5eb4af037: receive RaftClientReply:client-D5CE890D7D9E->efcb8ff8-f060-4d95-9215-d0f5eb4af037@group-0959F8DF43ED, cid=2778, SUCCESS, logIndex=0, commits[efcb8ff8-f060-4d95-9215-d0f5eb4af037:c4158, 6fae8b02-e804-4c0e-b729-a97b7404b7f6:c4154, 4c3e8a66-6975-4917-8225-d3efe707aaff:c4154]
2019-09-04 11:46:29,624 | INFO  | DNAudit | user=null | ip=null | op=WRITE_CHUNK {blockData=conID: 2 locID: 102734075596046957 bcsId: 4156} | ret=SUCCESS |  
2019-09-04 11:46:29,626 | INFO  | DNAudit | user=null | ip=null | op=WRITE_CHUNK {blockData=conID: 2 locID: 102734075596046957 bcsId: 4156} | ret=SUCCESS |  
2019-09-04 11:46:29,626 | INFO  | DNAudit | user=null | ip=null | op=WRITE_CHUNK {blockData=conID: 2 locID: 102734075596046957 bcsId: 4156} | ret=SUCCESS |  
2019-09-04 11:46:29,708 | INFO  | SCMAudit | user=jenkins1000 | ip=192.168.36.67 | op=SEND_HEARTBEAT {datanodeUUID=b68b188c-7f38-42ae-8403-46a39acd0731, command=[]} | ret=SUCCESS |  
2019-09-04 11:46:29,738 | INFO  | SCMAudit | user=jenkins1000 | ip=192.168.36.67 | op=SEND_HEARTBEAT {datanodeUUID=6fae8b02-e804-4c0e-b729-a97b7404b7f6, command=[]} | ret=SUCCESS |  
2019-09-04 11:46:29,738 | INFO  | SCMAudit | user=jenkins1000 | ip=192.168.36.67 | op=SEND_HEARTBEAT {datanodeUUID=4c3e8a66-6975-4917-8225-d3efe707aaff, command=[]} | ret=SUCCESS |  
2019-09-04 11:46:29,740 | INFO  | SCMAudit | user=jenkins1000 | ip=192.168.36.67 | op=SEND_HEARTBEAT {datanodeUUID=0b776101-1d39-4f23-96c0-6a8ead31197c, command=[]} | ret=SUCCESS |  
2019-09-04 11:46:29,745 | INFO  | SCMAudit | user=jenkins1000 | ip=192.168.36.67 | op=SEND_HEARTBEAT {datanodeUUID=efcb8ff8-f060-4d95-9215-d0f5eb4af037, command=[]} | ret=SUCCESS |  
2019-09-04 11:46:29,923 | INFO  | DNAudit | user=null | ip=null | op=WRITE_CHUNK {blockData=conID: 2 locID: 102734075596046957 bcsId: 0} | ret=SUCCESS |  
2019-09-04 11:46:29,923 | INFO  | DNAudit | user=null | ip=null | op=WRITE_CHUNK {blockData=conID: 2 locID: 102734075596046957 bcsId: 4156} | ret=SUCCESS |  
2019-09-04 11:46:29,923 | INFO  | DNAudit | user=null | ip=null | op=PUT_BLOCK {blockData=[blockId=conID: 2 locID: 102734075596046957 bcsId: 0,size=2097152]} | ret=SUCCESS |  
2019-09-04 11:46:29,924 | INFO  | DNAudit | user=null | ip=null | op=WRITE_CHUNK {blockData=conID: 2 locID: 102734075596046957 bcsId: 0} | ret=SUCCESS |  
2019-09-04 11:46:29,924 | INFO  | DNAudit | user=null | ip=null | op=PUT_BLOCK {blockData=[blockId=conID: 2 locID: 102734075596046957 bcsId: 0,size=3145728]} | ret=SUCCESS |  
2019-09-04 11:46:29,924 | INFO  | DNAudit | user=null | ip=null | op=PUT_BLOCK {blockData=[blockId=conID: 2 locID: 102734075596046957 bcsId: 0,size=2097152]} | ret=SUCCESS |  
2019-09-04 11:46:29,924 [grpc-default-executor-5] INFO  client.GrpcClientProtocolClient (GrpcClientProtocolClient.java:onNext(255)) - client-D5CE890D7D9E->efcb8ff8-f060-4d95-9215-d0f5eb4af037: receive RaftClientReply:client-D5CE890D7D9E->efcb8ff8-f060-4d95-9215-d0f5eb4af037@group-0959F8DF43ED, cid=2779, SUCCESS, logIndex=4161, commits[efcb8ff8-f060-4d95-9215-d0f5eb4af037:c4162, 6fae8b02-e804-4c0e-b729-a97b7404b7f6:c4160, 4c3e8a66-6975-4917-8225-d3efe707aaff:c4154]
2019-09-04 11:46:29,925 [grpc-default-executor-5] INFO  client.GrpcClientProtocolClient (GrpcClientProtocolClient.java:onNext(255)) - client-D5CE890D7D9E->efcb8ff8-f060-4d95-9215-d0f5eb4af037: receive RaftClientReply:client-D5CE890D7D9E->efcb8ff8-f060-4d95-9215-d0f5eb4af037@group-0959F8DF43ED, cid=2780, SUCCESS, logIndex=4162, commits[efcb8ff8-f060-4d95-9215-d0f5eb4af037:c4162, 6fae8b02-e804-4c0e-b729-a97b7404b7f6:c4160, 4c3e8a66-6975-4917-8225-d3efe707aaff:c4160]
2019-09-04 11:46:29,935 | INFO  | DNAudit | user=null | ip=null | op=WRITE_CHUNK {blockData=conID: 2 locID: 102734075596046957 bcsId: 4162} | ret=SUCCESS |  
2019-09-04 11:46:29,938 | INFO  | DNAudit | user=null | ip=null | op=WRITE_CHUNK {blockData=conID: 2 locID: 102734075596046957 bcsId: 4162} | ret=SUCCESS |  
2019-09-04 11:46:29,939 | INFO  | DNAudit | user=null | ip=null | op=WRITE_CHUNK {blockData=conID: 2 locID: 102734075596046957 bcsId: 4162} | ret=SUCCESS |  
2019-09-04 11:46:29,945 | INFO  | DNAudit | user=null | ip=null | op=WRITE_CHUNK {blockData=conID: 2 locID: 102734075596046957 bcsId: 4156} | ret=SUCCESS |  
2019-09-04 11:46:29,945 | INFO  | DNAudit | user=null | ip=null | op=WRITE_CHUNK {blockData=conID: 2 locID: 102734075596046957 bcsId: 4156} | ret=SUCCESS |  
2019-09-04 11:46:29,945 | INFO  | DNAudit | user=null | ip=null | op=PUT_BLOCK {blockData=[blockId=conID: 2 locID: 102734075596046957 bcsId: 0,size=3145728]} | ret=SUCCESS |  
2019-09-04 11:46:29,947 | INFO  | DNAudit | user=null | ip=null | op=PUT_BLOCK {blockData=[blockId=conID: 2 locID: 102734075596046957 bcsId: 0,size=3145728]} | ret=SUCCESS |  
2019-09-04 11:46:29,947 | INFO  | DNAudit | user=null | ip=null | op=WRITE_CHUNK {blockData=conID: 2 locID: 102734075596046957 bcsId: 4162} | ret=SUCCESS |  
2019-09-04 11:46:29,948 | INFO  | DNAudit | user=null | ip=null | op=PUT_BLOCK {blockData=[blockId=conID: 2 locID: 102734075596046957 bcsId: 0,size=4194304]} | ret=SUCCESS |  
2019-09-04 11:46:29,948 [grpc-default-executor-5] INFO  client.GrpcClientProtocolClient (GrpcClientProtocolClient.java:onNext(255)) - client-D5CE890D7D9E->efcb8ff8-f060-4d95-9215-d0f5eb4af037: receive RaftClientReply:client-D5CE890D7D9E->efcb8ff8-f060-4d95-9215-d0f5eb4af037@group-0959F8DF43ED, cid=2781, SUCCESS, logIndex=4165, commits[efcb8ff8-f060-4d95-9215-d0f5eb4af037:c4166, 6fae8b02-e804-4c0e-b729-a97b7404b7f6:c4162, 4c3e8a66-6975-4917-8225-d3efe707aaff:c4162]
2019-09-04 11:46:29,948 [grpc-default-executor-5] INFO  client.GrpcClientProtocolClient (GrpcClientProtocolClient.java:onNext(255)) - client-D5CE890D7D9E->efcb8ff8-f060-4d95-9215-d0f5eb4af037: receive RaftClientReply:client-D5CE890D7D9E->efcb8ff8-f060-4d95-9215-d0f5eb4af037@group-0959F8DF43ED, cid=2782, SUCCESS, logIndex=4166, commits[efcb8ff8-f060-4d95-9215-d0f5eb4af037:c4166, 6fae8b02-e804-4c0e-b729-a97b7404b7f6:c4162, 4c3e8a66-6975-4917-8225-d3efe707aaff:c4162]
2019-09-04 11:46:29,965 | INFO  | DNAudit | user=null | ip=null | op=WRITE_CHUNK {blockData=conID: 2 locID: 102734075596046957 bcsId: 4162} | ret=SUCCESS |  
2019-09-04 11:46:29,965 | INFO  | DNAudit | user=null | ip=null | op=WRITE_CHUNK {blockData=conID: 2 locID: 102734075596046957 bcsId: 4162} | ret=SUCCESS |  
2019-09-04 11:46:29,967 | INFO  | DNAudit | user=null | ip=null | op=PUT_BLOCK {blockData=[blockId=conID: 2 locID: 102734075596046957 bcsId: 0,size=4194304]} | ret=SUCCESS |  
2019-09-04 11:46:29,967 | INFO  | DNAudit | user=null | ip=null | op=PUT_BLOCK {blockData=[blockId=conID: 2 locID: 102734075596046957 bcsId: 0,size=4194304]} | ret=SUCCESS |  
2019-09-04 11:46:29,968 [grpc-default-executor-5] INFO  client.GrpcClientProtocolClient (GrpcClientProtocolClient.java:onNext(255)) - client-D5CE890D7D9E->efcb8ff8-f060-4d95-9215-d0f5eb4af037: receive RaftClientReply:client-D5CE890D7D9E->efcb8ff8-f060-4d95-9215-d0f5eb4af037@group-0959F8DF43ED, cid=2783, SUCCESS, logIndex=0, commits[efcb8ff8-f060-4d95-9215-d0f5eb4af037:c4168, 6fae8b02-e804-4c0e-b729-a97b7404b7f6:c4166, 4c3e8a66-6975-4917-8225-d3efe707aaff:c4166]
2019-09-04 11:46:29,975 | INFO  | SCMAudit | user=jenkins1000 | ip=192.168.36.67 | op=ALLOCATE_BLOCK {owner=8ab292a2-aaa7-4ad8-863a-d33994811155, size=4194304, type=RATIS, factor=THREE} | ret=SUCCESS |  
2019-09-04 11:46:29,980 | INFO  | OMAudit | user=jenkins1000 | ip=127.0.0.1 | op=ALLOCATE_BLOCK {volume=vol-0-58699, bucket=bucket-0-57464, key=key-0-37266, dataSize=0, replicationType=null, replicationFactor=null, keyLocationInfo=null, clientID=102734073355960722} | ret=SUCCESS |  
2019-09-04 11:46:29,988 | INFO  | DNAudit | user=null | ip=null | op=WRITE_CHUNK {blockData=conID: 3 locID: 102734075656602222 bcsId: 0} | ret=SUCCESS |  
2019-09-04 11:46:29,993 | INFO  | DNAudit | user=null | ip=null | op=WRITE_CHUNK {blockData=conID: 3 locID: 102734075656602222 bcsId: 0} | ret=SUCCESS |  
2019-09-04 11:46:29,993 | INFO  | DNAudit | user=null | ip=null | op=WRITE_CHUNK {blockData=conID: 3 locID: 102734075656602222 bcsId: 0} | ret=SUCCESS |  
2019-09-04 11:46:29,993 | INFO  | DNAudit | user=null | ip=null | op=WRITE_CHUNK {blockData=conID: 3 locID: 102734075656602222 bcsId: 0} | ret=SUCCESS |  
2019-09-04 11:46:29,995 | INFO  | DNAudit | user=null | ip=null | op=WRITE_CHUNK {blockData=conID: 3 locID: 102734075656602222 bcsId: 0} | ret=SUCCESS |  
2019-09-04 11:46:29,996 | INFO  | DNAudit | user=null | ip=null | op=WRITE_CHUNK {blockData=conID: 3 locID: 102734075656602222 bcsId: 0} | ret=SUCCESS |  
2019-09-04 11:46:30,004 | INFO  | DNAudit | user=null | ip=null | op=WRITE_CHUNK {blockData=conID: 3 locID: 102734075656602222 bcsId: 0} | ret=SUCCESS |  
2019-09-04 11:46:30,004 | INFO  | DNAudit | user=null | ip=null | op=PUT_BLOCK {blockData=[blockId=conID: 3 locID: 102734075656602222 bcsId: 0,size=1048576]} | ret=SUCCESS |  
2019-09-04 11:46:30,005 | INFO  | DNAudit | user=null | ip=null | op=WRITE_CHUNK {blockData=conID: 3 locID: 102734075656602222 bcsId: 0} | ret=SUCCESS |  
2019-09-04 11:46:30,005 [grpc-default-executor-1] INFO  client.GrpcClientProtocolClient (GrpcClientProtocolClient.java:onNext(255)) - client-D5CE890D7D9E->efcb8ff8-f060-4d95-9215-d0f5eb4af037: receive RaftClientReply:client-D5CE890D7D9E->efcb8ff8-f060-4d95-9215-d0f5eb4af037@group-0959F8DF43ED, cid=2784, SUCCESS, logIndex=4169, commits[efcb8ff8-f060-4d95-9215-d0f5eb4af037:c4170, 6fae8b02-e804-4c0e-b729-a97b7404b7f6:c4168, 4c3e8a66-6975-4917-8225-d3efe707aaff:c4168]
2019-09-04 11:46:30,005 | INFO  | DNAudit | user=null | ip=null | op=PUT_BLOCK {blockData=[blockId=conID: 3 locID: 102734075656602222 bcsId: 0,size=2097152]} | ret=SUCCESS |  
2019-09-04 11:46:30,005 [grpc-default-executor-1] INFO  client.GrpcClientProtocolClient (GrpcClientProtocolClient.java:onNext(255)) - client-D5CE890D7D9E->efcb8ff8-f060-4d95-9215-d0f5eb4af037: receive RaftClientReply:client-D5CE890D7D9E->efcb8ff8-f060-4d95-9215-d0f5eb4af037@group-0959F8DF43ED, cid=2785, SUCCESS, logIndex=4170, commits[efcb8ff8-f060-4d95-9215-d0f5eb4af037:c4172, 6fae8b02-e804-4c0e-b729-a97b7404b7f6:c4168, 4c3e8a66-6975-4917-8225-d3efe707aaff:c4168]
2019-09-04 11:46:30,006 [grpc-default-executor-1] INFO  client.GrpcClientProtocolClient (GrpcClientProtocolClient.java:onNext(255)) - client-D5CE890D7D9E->efcb8ff8-f060-4d95-9215-d0f5eb4af037: receive RaftClientReply:client-D5CE890D7D9E->efcb8ff8-f060-4d95-9215-d0f5eb4af037@group-0959F8DF43ED, cid=2786, SUCCESS, logIndex=4171, commits[efcb8ff8-f060-4d95-9215-d0f5eb4af037:c4172, 6fae8b02-e804-4c0e-b729-a97b7404b7f6:c4168, 4c3e8a66-6975-4917-8225-d3efe707aaff:c4168]
2019-09-04 11:46:30,006 [grpc-default-executor-1] INFO  client.GrpcClientProtocolClient (GrpcClientProtocolClient.java:onNext(255)) - client-D5CE890D7D9E->efcb8ff8-f060-4d95-9215-d0f5eb4af037: receive RaftClientReply:client-D5CE890D7D9E->efcb8ff8-f060-4d95-9215-d0f5eb4af037@group-0959F8DF43ED, cid=2787, SUCCESS, logIndex=4172, commits[efcb8ff8-f060-4d95-9215-d0f5eb4af037:c4172, 6fae8b02-e804-4c0e-b729-a97b7404b7f6:c4168, 4c3e8a66-6975-4917-8225-d3efe707aaff:c4168]
2019-09-04 11:46:30,011 | INFO  | DNAudit | user=null | ip=null | op=WRITE_CHUNK {blockData=conID: 3 locID: 102734075656602222 bcsId: 0} | ret=SUCCESS |  
2019-09-04 11:46:30,012 | INFO  | DNAudit | user=null | ip=null | op=WRITE_CHUNK {blockData=conID: 3 locID: 102734075656602222 bcsId: 0} | ret=SUCCESS |  
2019-09-04 11:46:30,012 | INFO  | DNAudit | user=null | ip=null | op=PUT_BLOCK {blockData=[blockId=conID: 3 locID: 102734075656602222 bcsId: 0,size=1048576]} | ret=SUCCESS |  
2019-09-04 11:46:30,013 | INFO  | DNAudit | user=null | ip=null | op=PUT_BLOCK {blockData=[blockId=conID: 3 locID: 102734075656602222 bcsId: 0,size=1048576]} | ret=SUCCESS |  
2019-09-04 11:46:30,013 | INFO  | DNAudit | user=null | ip=null | op=WRITE_CHUNK {blockData=conID: 3 locID: 102734075656602222 bcsId: 0} | ret=SUCCESS |  
2019-09-04 11:46:30,013 | INFO  | DNAudit | user=null | ip=null | op=PUT_BLOCK {blockData=[blockId=conID: 3 locID: 102734075656602222 bcsId: 0,size=2097152]} | ret=SUCCESS |  
2019-09-04 11:46:30,013 | INFO  | DNAudit | user=null | ip=null | op=WRITE_CHUNK {blockData=conID: 3 locID: 102734075656602222 bcsId: 0} | ret=SUCCESS |  
2019-09-04 11:46:30,013 | INFO  | DNAudit | user=null | ip=null | op=PUT_BLOCK {blockData=[blockId=conID: 3 locID: 102734075656602222 bcsId: 0,size=2097152]} | ret=SUCCESS |  
2019-09-04 11:46:30,014 [grpc-default-executor-1] INFO  client.GrpcClientProtocolClient (GrpcClientProtocolClient.java:onNext(255)) - client-D5CE890D7D9E->efcb8ff8-f060-4d95-9215-d0f5eb4af037: receive RaftClientReply:client-D5CE890D7D9E->efcb8ff8-f060-4d95-9215-d0f5eb4af037@group-0959F8DF43ED, cid=2788, SUCCESS, logIndex=0, commits[efcb8ff8-f060-4d95-9215-d0f5eb4af037:c4176, 6fae8b02-e804-4c0e-b729-a97b7404b7f6:c4170, 4c3e8a66-6975-4917-8225-d3efe707aaff:c4172]
2019-09-04 11:46:30,021 | INFO  | DNAudit | user=null | ip=null | op=WRITE_CHUNK {blockData=conID: 3 locID: 102734075656602222 bcsId: 4172} | ret=SUCCESS |  
2019-09-04 11:46:30,024 | INFO  | DNAudit | user=null | ip=null | op=WRITE_CHUNK {blockData=conID: 3 locID: 102734075656602222 bcsId: 4172} | ret=SUCCESS |  
2019-09-04 11:46:30,024 | INFO  | DNAudit | user=null | ip=null | op=WRITE_CHUNK {blockData=conID: 3 locID: 102734075656602222 bcsId: 4172} | ret=SUCCESS |  
2019-09-04 11:46:30,047 | INFO  | DNAudit | user=null | ip=null | op=WRITE_CHUNK {blockData=conID: 3 locID: 102734075656602222 bcsId: 4172} | ret=SUCCESS |  
2019-09-04 11:46:30,047 | INFO  | DNAudit | user=null | ip=null | op=PUT_BLOCK {blockData=[blockId=conID: 3 locID: 102734075656602222 bcsId: 0,size=3145728]} | ret=SUCCESS |  
2019-09-04 11:46:30,048 [grpc-default-executor-6] INFO  client.GrpcClientProtocolClient (GrpcClientProtocolClient.java:onNext(255)) - client-D5CE890D7D9E->efcb8ff8-f060-4d95-9215-d0f5eb4af037: receive RaftClientReply:client-D5CE890D7D9E->efcb8ff8-f060-4d95-9215-d0f5eb4af037@group-0959F8DF43ED, cid=2789, SUCCESS, logIndex=4177, commits[efcb8ff8-f060-4d95-9215-d0f5eb4af037:c4178, 6fae8b02-e804-4c0e-b729-a97b7404b7f6:c4172, 4c3e8a66-6975-4917-8225-d3efe707aaff:c4176]
2019-09-04 11:46:30,048 [grpc-default-executor-6] INFO  client.GrpcClientProtocolClient (GrpcClientProtocolClient.java:onNext(255)) - client-D5CE890D7D9E->efcb8ff8-f060-4d95-9215-d0f5eb4af037: receive RaftClientReply:client-D5CE890D7D9E->efcb8ff8-f060-4d95-9215-d0f5eb4af037@group-0959F8DF43ED, cid=2790, SUCCESS, logIndex=4178, commits[efcb8ff8-f060-4d95-9215-d0f5eb4af037:c4178, 6fae8b02-e804-4c0e-b729-a97b7404b7f6:c4176, 4c3e8a66-6975-4917-8225-d3efe707aaff:c4176]
 0.00% |█                                                                                                    |  0/1 Time: 0:00:352019-09-04 11:46:30,055 | INFO  | DNAudit | user=null | ip=null | op=WRITE_CHUNK {blockData=conID: 3 locID: 102734075656602222 bcsId: 4178} | ret=SUCCESS |  
2019-09-04 11:46:30,057 | INFO  | DNAudit | user=null | ip=null | op=WRITE_CHUNK {blockData=conID: 3 locID: 102734075656602222 bcsId: 4172} | ret=SUCCESS |  
2019-09-04 11:46:30,057 | INFO  | DNAudit | user=null | ip=null | op=WRITE_CHUNK {blockData=conID: 3 locID: 102734075656602222 bcsId: 4172} | ret=SUCCESS |  
2019-09-04 11:46:30,057 | INFO  | DNAudit | user=null | ip=null | op=PUT_BLOCK {blockData=[blockId=conID: 3 locID: 102734075656602222 bcsId: 0,size=3145728]} | ret=SUCCESS |  
2019-09-04 11:46:30,058 | INFO  | DNAudit | user=null | ip=null | op=WRITE_CHUNK {blockData=conID: 3 locID: 102734075656602222 bcsId: 4178} | ret=SUCCESS |  
2019-09-04 11:46:30,059 | INFO  | DNAudit | user=null | ip=null | op=WRITE_CHUNK {blockData=conID: 3 locID: 102734075656602222 bcsId: 4178} | ret=SUCCESS |  
2019-09-04 11:46:30,071 | INFO  | DNAudit | user=null | ip=null | op=WRITE_CHUNK {blockData=conID: 3 locID: 102734075656602222 bcsId: 4178} | ret=SUCCESS |  
2019-09-04 11:46:30,071 | INFO  | DNAudit | user=null | ip=null | op=PUT_BLOCK {blockData=[blockId=conID: 3 locID: 102734075656602222 bcsId: 0,size=3145728]} | ret=SUCCESS |  
2019-09-04 11:46:30,071 | INFO  | DNAudit | user=null | ip=null | op=PUT_BLOCK {blockData=[blockId=conID: 3 locID: 102734075656602222 bcsId: 0,size=4194304]} | ret=SUCCESS |  
2019-09-04 11:46:30,072 [grpc-default-executor-0] INFO  client.GrpcClientProtocolClient (GrpcClientProtocolClient.java:onNext(255)) - client-D5CE890D7D9E->efcb8ff8-f060-4d95-9215-d0f5eb4af037: receive RaftClientReply:client-D5CE890D7D9E->efcb8ff8-f060-4d95-9215-d0f5eb4af037@group-0959F8DF43ED, cid=2791, SUCCESS, logIndex=4181, commits[efcb8ff8-f060-4d95-9215-d0f5eb4af037:c4182, 6fae8b02-e804-4c0e-b729-a97b7404b7f6:c4178, 4c3e8a66-6975-4917-8225-d3efe707aaff:c4178]
2019-09-04 11:46:30,072 [grpc-default-executor-0] INFO  client.GrpcClientProtocolClient (GrpcClientProtocolClient.java:onNext(255)) - client-D5CE890D7D9E->efcb8ff8-f060-4d95-9215-d0f5eb4af037: receive RaftClientReply:client-D5CE890D7D9E->efcb8ff8-f060-4d95-9215-d0f5eb4af037@group-0959F8DF43ED, cid=2792, SUCCESS, logIndex=4182, commits[efcb8ff8-f060-4d95-9215-d0f5eb4af037:c4182, 6fae8b02-e804-4c0e-b729-a97b7404b7f6:c4178, 4c3e8a66-6975-4917-8225-d3efe707aaff:c4178]
2019-09-04 11:46:30,084 | INFO  | DNAudit | user=null | ip=null | op=WRITE_CHUNK {blockData=conID: 3 locID: 102734075656602222 bcsId: 4178} | ret=SUCCESS |  
2019-09-04 11:46:30,084 | INFO  | DNAudit | user=null | ip=null | op=WRITE_CHUNK {blockData=conID: 3 locID: 102734075656602222 bcsId: 4178} | ret=SUCCESS |  
2019-09-04 11:46:30,085 | INFO  | DNAudit | user=null | ip=null | op=PUT_BLOCK {blockData=[blockId=conID: 3 locID: 102734075656602222 bcsId: 0,size=4194304]} | ret=SUCCESS |  
2019-09-04 11:46:30,086 | INFO  | DNAudit | user=null | ip=null | op=PUT_BLOCK {blockData=[blockId=conID: 3 locID: 102734075656602222 bcsId: 0,size=4194304]} | ret=SUCCESS |  
2019-09-04 11:46:30,087 [grpc-default-executor-1] INFO  client.GrpcClientProtocolClient (GrpcClientProtocolClient.java:onNext(255)) - client-D5CE890D7D9E->efcb8ff8-f060-4d95-9215-d0f5eb4af037: receive RaftClientReply:client-D5CE890D7D9E->efcb8ff8-f060-4d95-9215-d0f5eb4af037@group-0959F8DF43ED, cid=2793, SUCCESS, logIndex=0, commits[efcb8ff8-f060-4d95-9215-d0f5eb4af037:c4184, 6fae8b02-e804-4c0e-b729-a97b7404b7f6:c4182, 4c3e8a66-6975-4917-8225-d3efe707aaff:c4182]
2019-09-04 11:46:30,093 | INFO  | SCMAudit | user=jenkins1000 | ip=192.168.36.67 | op=ALLOCATE_BLOCK {owner=8ab292a2-aaa7-4ad8-863a-d33994811155, size=4194304, type=RATIS, factor=THREE} | ret=SUCCESS |  
2019-09-04 11:46:30,096 | INFO  | OMAudit | user=jenkins1000 | ip=127.0.0.1 | op=ALLOCATE_BLOCK {volume=vol-0-58699, bucket=bucket-0-57464, key=key-0-37266, dataSize=0, replicationType=null, replicationFactor=null, keyLocationInfo=null, clientID=102734073355960722} | ret=SUCCESS |  
2019-09-04 11:46:30,104 | INFO  | DNAudit | user=null | ip=null | op=WRITE_CHUNK {blockData=conID: 1 locID: 102734075664269935 bcsId: 0} | ret=SUCCESS |  
2019-09-04 11:46:30,107 | INFO  | DNAudit | user=null | ip=null | op=WRITE_CHUNK {blockData=conID: 1 locID: 102734075664269935 bcsId: 0} | ret=SUCCESS |  
2019-09-04 11:46:30,108 | INFO  | DNAudit | user=null | ip=null | op=WRITE_CHUNK {blockData=conID: 1 locID: 102734075664269935 bcsId: 0} | ret=SUCCESS |  
2019-09-04 11:46:30,108 | INFO  | DNAudit | user=null | ip=null | op=WRITE_CHUNK {blockData=conID: 1 locID: 102734075664269935 bcsId: 0} | ret=SUCCESS |  
2019-09-04 11:46:30,109 | INFO  | DNAudit | user=null | ip=null | op=WRITE_CHUNK {blockData=conID: 1 locID: 102734075664269935 bcsId: 0} | ret=SUCCESS |  
2019-09-04 11:46:30,109 | INFO  | DNAudit | user=null | ip=null | op=WRITE_CHUNK {blockData=conID: 1 locID: 102734075664269935 bcsId: 0} | ret=SUCCESS |  
2019-09-04 11:46:30,113 | INFO  | DNAudit | user=null | ip=null | op=WRITE_CHUNK {blockData=conID: 1 locID: 102734075664269935 bcsId: 0} | ret=SUCCESS |  
2019-09-04 11:46:30,113 | INFO  | DNAudit | user=null | ip=null | op=PUT_BLOCK {blockData=[blockId=conID: 1 locID: 102734075664269935 bcsId: 0,size=1048576]} | ret=SUCCESS |  
2019-09-04 11:46:30,114 | INFO  | DNAudit | user=null | ip=null | op=WRITE_CHUNK {blockData=conID: 1 locID: 102734075664269935 bcsId: 0} | ret=SUCCESS |  
2019-09-04 11:46:30,114 [grpc-default-executor-5] INFO  client.GrpcClientProtocolClient (GrpcClientProtocolClient.java:onNext(255)) - client-D5CE890D7D9E->efcb8ff8-f060-4d95-9215-d0f5eb4af037: receive RaftClientReply:client-D5CE890D7D9E->efcb8ff8-f060-4d95-9215-d0f5eb4af037@group-0959F8DF43ED, cid=2794, SUCCESS, logIndex=4185, commits[efcb8ff8-f060-4d95-9215-d0f5eb4af037:c4186, 6fae8b02-e804-4c0e-b729-a97b7404b7f6:c4184, 4c3e8a66-6975-4917-8225-d3efe707aaff:c4184]
2019-09-04 11:46:30,114 | INFO  | DNAudit | user=null | ip=null | op=PUT_BLOCK {blockData=[blockId=conID: 1 locID: 102734075664269935 bcsId: 0,size=2097152]} | ret=SUCCESS |  
2019-09-04 11:46:30,114 [grpc-default-executor-5] INFO  client.GrpcClientProtocolClient (GrpcClientProtocolClient.java:onNext(255)) - client-D5CE890D7D9E->efcb8ff8-f060-4d95-9215-d0f5eb4af037: receive RaftClientReply:client-D5CE890D7D9E->efcb8ff8-f060-4d95-9215-d0f5eb4af037@group-0959F8DF43ED, cid=2795, SUCCESS, logIndex=4186, commits[efcb8ff8-f060-4d95-9215-d0f5eb4af037:c4188, 6fae8b02-e804-4c0e-b729-a97b7404b7f6:c4184, 4c3e8a66-6975-4917-8225-d3efe707aaff:c4184]
2019-09-04 11:46:30,115 [grpc-default-executor-5] INFO  client.GrpcClientProtocolClient (GrpcClientProtocolClient.java:onNext(255)) - client-D5CE890D7D9E->efcb8ff8-f060-4d95-9215-d0f5eb4af037: receive RaftClientReply:client-D5CE890D7D9E->efcb8ff8-f060-4d95-9215-d0f5eb4af037@group-0959F8DF43ED, cid=2796, SUCCESS, logIndex=4187, commits[efcb8ff8-f060-4d95-9215-d0f5eb4af037:c4188, 6fae8b02-e804-4c0e-b729-a97b7404b7f6:c4184, 4c3e8a66-6975-4917-8225-d3efe707aaff:c4184]
2019-09-04 11:46:30,115 [grpc-default-executor-5] INFO  client.GrpcClientProtocolClient (GrpcClientProtocolClient.java:onNext(255)) - client-D5CE890D7D9E->efcb8ff8-f060-4d95-9215-d0f5eb4af037: receive RaftClientReply:client-D5CE890D7D9E->efcb8ff8-f060-4d95-9215-d0f5eb4af037@group-0959F8DF43ED, cid=2797, SUCCESS, logIndex=4188, commits[efcb8ff8-f060-4d95-9215-d0f5eb4af037:c4188, 6fae8b02-e804-4c0e-b729-a97b7404b7f6:c4184, 4c3e8a66-6975-4917-8225-d3efe707aaff:c4184]
2019-09-04 11:46:30,122 | INFO  | DNAudit | user=null | ip=null | op=WRITE_CHUNK {blockData=conID: 1 locID: 102734075664269935 bcsId: 0} | ret=SUCCESS |  
2019-09-04 11:46:30,122 | INFO  | DNAudit | user=null | ip=null | op=WRITE_CHUNK {blockData=conID: 1 locID: 102734075664269935 bcsId: 0} | ret=SUCCESS |  
2019-09-04 11:46:30,123 | INFO  | DNAudit | user=null | ip=null | op=PUT_BLOCK {blockData=[blockId=conID: 1 locID: 102734075664269935 bcsId: 0,size=1048576]} | ret=SUCCESS |  
2019-09-04 11:46:30,124 | INFO  | DNAudit | user=null | ip=null | op=PUT_BLOCK {blockData=[blockId=conID: 1 locID: 102734075664269935 bcsId: 0,size=1048576]} | ret=SUCCESS |  
2019-09-04 11:46:30,124 | INFO  | DNAudit | user=null | ip=null | op=WRITE_CHUNK {blockData=conID: 1 locID: 102734075664269935 bcsId: 0} | ret=SUCCESS |  
2019-09-04 11:46:30,124 | INFO  | DNAudit | user=null | ip=null | op=PUT_BLOCK {blockData=[blockId=conID: 1 locID: 102734075664269935 bcsId: 0,size=2097152]} | ret=SUCCESS |  
2019-09-04 11:46:30,125 | INFO  | DNAudit | user=null | ip=null | op=WRITE_CHUNK {blockData=conID: 1 locID: 102734075664269935 bcsId: 0} | ret=SUCCESS |  
2019-09-04 11:46:30,125 [grpc-default-executor-5] INFO  client.GrpcClientProtocolClient (GrpcClientProtocolClient.java:onNext(255)) - client-D5CE890D7D9E->efcb8ff8-f060-4d95-9215-d0f5eb4af037: receive RaftClientReply:client-D5CE890D7D9E->efcb8ff8-f060-4d95-9215-d0f5eb4af037@group-0959F8DF43ED, cid=2798, SUCCESS, logIndex=0, commits[efcb8ff8-f060-4d95-9215-d0f5eb4af037:c4190, 6fae8b02-e804-4c0e-b729-a97b7404b7f6:c4186, 4c3e8a66-6975-4917-8225-d3efe707aaff:c4186]
2019-09-04 11:46:30,125 | INFO  | DNAudit | user=null | ip=null | op=PUT_BLOCK {blockData=[blockId=conID: 1 locID: 102734075664269935 bcsId: 0,size=2097152]} | ret=SUCCESS |  
2019-09-04 11:46:30,133 | INFO  | DNAudit | user=null | ip=null | op=WRITE_CHUNK {blockData=conID: 1 locID: 102734075664269935 bcsId: 4188} | ret=SUCCESS |  
2019-09-04 11:46:30,135 | INFO  | DNAudit | user=null | ip=null | op=WRITE_CHUNK {blockData=conID: 1 locID: 102734075664269935 bcsId: 4188} | ret=SUCCESS |  
2019-09-04 11:46:30,136 | INFO  | DNAudit | user=null | ip=null | op=WRITE_CHUNK {blockData=conID: 1 locID: 102734075664269935 bcsId: 4188} | ret=SUCCESS |  
2019-09-04 11:46:30,141 | INFO  | DNAudit | user=null | ip=null | op=WRITE_CHUNK {blockData=conID: 1 locID: 102734075664269935 bcsId: 4188} | ret=SUCCESS |  
2019-09-04 11:46:30,141 | INFO  | DNAudit | user=null | ip=null | op=PUT_BLOCK {blockData=[blockId=conID: 1 locID: 102734075664269935 bcsId: 0,size=3145728]} | ret=SUCCESS |  
2019-09-04 11:46:30,141 [grpc-default-executor-1] INFO  client.GrpcClientProtocolClient (GrpcClientProtocolClient.java:onNext(255)) - client-D5CE890D7D9E->efcb8ff8-f060-4d95-9215-d0f5eb4af037: receive RaftClientReply:client-D5CE890D7D9E->efcb8ff8-f060-4d95-9215-d0f5eb4af037@group-0959F8DF43ED, cid=2799, SUCCESS, logIndex=4193, commits[efcb8ff8-f060-4d95-9215-d0f5eb4af037:c4193, 6fae8b02-e804-4c0e-b729-a97b7404b7f6:c4192, 4c3e8a66-6975-4917-8225-d3efe707aaff:c4192]
2019-09-04 11:46:30,142 [grpc-default-executor-1] INFO  client.GrpcClientProtocolClient (GrpcClientProtocolClient.java:onNext(255)) - client-D5CE890D7D9E->efcb8ff8-f060-4d95-9215-d0f5eb4af037: receive RaftClientReply:client-D5CE890D7D9E->efcb8ff8-f060-4d95-9215-d0f5eb4af037@group-0959F8DF43ED, cid=2800, SUCCESS, logIndex=4194, commits[efcb8ff8-f060-4d95-9215-d0f5eb4af037:c4194, 6fae8b02-e804-4c0e-b729-a97b7404b7f6:c4192, 4c3e8a66-6975-4917-8225-d3efe707aaff:c4192]
2019-09-04 11:46:30,147 | INFO  | DNAudit | user=null | ip=null | op=WRITE_CHUNK {blockData=conID: 1 locID: 102734075664269935 bcsId: 4188} | ret=SUCCESS |  
2019-09-04 11:46:30,147 | INFO  | DNAudit | user=null | ip=null | op=WRITE_CHUNK {blockData=conID: 1 locID: 102734075664269935 bcsId: 4188} | ret=SUCCESS |  
2019-09-04 11:46:30,148 | INFO  | DNAudit | user=null | ip=null | op=PUT_BLOCK {blockData=[blockId=conID: 1 locID: 102734075664269935 bcsId: 0,size=3145728]} | ret=SUCCESS |  
2019-09-04 11:46:30,148 | INFO  | DNAudit | user=null | ip=null | op=PUT_BLOCK {blockData=[blockId=conID: 1 locID: 102734075664269935 bcsId: 0,size=3145728]} | ret=SUCCESS |  
2019-09-04 11:46:30,149 | INFO  | DNAudit | user=null | ip=null | op=WRITE_CHUNK {blockData=conID: 1 locID: 102734075664269935 bcsId: 4194} | ret=SUCCESS |  
2019-09-04 11:46:30,152 | INFO  | DNAudit | user=null | ip=null | op=WRITE_CHUNK {blockData=conID: 1 locID: 102734075664269935 bcsId: 4194} | ret=SUCCESS |  
2019-09-04 11:46:30,152 | INFO  | DNAudit | user=null | ip=null | op=WRITE_CHUNK {blockData=conID: 1 locID: 102734075664269935 bcsId: 4194} | ret=SUCCESS |  
2019-09-04 11:46:30,156 | INFO  | DNAudit | user=null | ip=null | op=WRITE_CHUNK {blockData=conID: 1 locID: 102734075664269935 bcsId: 4194} | ret=SUCCESS |  
2019-09-04 11:46:30,156 | INFO  | DNAudit | user=null | ip=null | op=PUT_BLOCK {blockData=[blockId=conID: 1 locID: 102734075664269935 bcsId: 0,size=4194304]} | ret=SUCCESS |  
2019-09-04 11:46:30,156 [grpc-default-executor-6] INFO  client.GrpcClientProtocolClient (GrpcClientProtocolClient.java:onNext(255)) - client-D5CE890D7D9E->efcb8ff8-f060-4d95-9215-d0f5eb4af037: receive RaftClientReply:client-D5CE890D7D9E->efcb8ff8-f060-4d95-9215-d0f5eb4af037@group-0959F8DF43ED, cid=2801, SUCCESS, logIndex=4197, commits[efcb8ff8-f060-4d95-9215-d0f5eb4af037:c4198, 6fae8b02-e804-4c0e-b729-a97b7404b7f6:c4195, 4c3e8a66-6975-4917-8225-d3efe707aaff:c4195]
2019-09-04 11:46:30,157 [grpc-default-executor-6] INFO  client.GrpcClientProtocolClient (GrpcClientProtocolClient.java:onNext(255)) - client-D5CE890D7D9E->efcb8ff8-f060-4d95-9215-d0f5eb4af037: receive RaftClientReply:client-D5CE890D7D9E->efcb8ff8-f060-4d95-9215-d0f5eb4af037@group-0959F8DF43ED, cid=2802, SUCCESS, logIndex=4198, commits[efcb8ff8-f060-4d95-9215-d0f5eb4af037:c4198, 6fae8b02-e804-4c0e-b729-a97b7404b7f6:c4195, 4c3e8a66-6975-4917-8225-d3efe707aaff:c4195]
2019-09-04 11:46:30,174 | INFO  | DNAudit | user=null | ip=null | op=WRITE_CHUNK {blockData=conID: 1 locID: 102734075664269935 bcsId: 4194} | ret=SUCCESS |  
2019-09-04 11:46:30,174 | INFO  | DNAudit | user=null | ip=null | op=WRITE_CHUNK {blockData=conID: 1 locID: 102734075664269935 bcsId: 4194} | ret=SUCCESS |  
2019-09-04 11:46:30,184 | INFO  | DNAudit | user=null | ip=null | op=PUT_BLOCK {blockData=[blockId=conID: 1 locID: 102734075664269935 bcsId: 0,size=4194304]} | ret=SUCCESS |  
2019-09-04 11:46:30,184 | INFO  | DNAudit | user=null | ip=null | op=PUT_BLOCK {blockData=[blockId=conID: 1 locID: 102734075664269935 bcsId: 0,size=4194304]} | ret=SUCCESS |  
2019-09-04 11:46:30,185 [grpc-default-executor-6] INFO  client.GrpcClientProtocolClient (GrpcClientProtocolClient.java:onNext(255)) - client-D5CE890D7D9E->efcb8ff8-f060-4d95-9215-d0f5eb4af037: receive RaftClientReply:client-D5CE890D7D9E->efcb8ff8-f060-4d95-9215-d0f5eb4af037@group-0959F8DF43ED, cid=2803, SUCCESS, logIndex=0, commits[efcb8ff8-f060-4d95-9215-d0f5eb4af037:c4200, 6fae8b02-e804-4c0e-b729-a97b7404b7f6:c4198, 4c3e8a66-6975-4917-8225-d3efe707aaff:c4198]
2019-09-04 11:46:30,191 | INFO  | SCMAudit | user=jenkins1000 | ip=192.168.36.67 | op=ALLOCATE_BLOCK {owner=8ab292a2-aaa7-4ad8-863a-d33994811155, size=4194304, type=RATIS, factor=THREE} | ret=SUCCESS |  
2019-09-04 11:46:30,196 | INFO  | OMAudit | user=jenkins1000 | ip=127.0.0.1 | op=ALLOCATE_BLOCK {volume=vol-0-58699, bucket=bucket-0-57464, key=key-0-37266, dataSize=0, replicationType=null, replicationFactor=null, keyLocationInfo=null, clientID=102734073355960722} | ret=SUCCESS |  
2019-09-04 11:46:30,202 | INFO  | DNAudit | user=null | ip=null | op=WRITE_CHUNK {blockData=conID: 2 locID: 102734075670758000 bcsId: 0} | ret=SUCCESS |  
2019-09-04 11:46:30,204 | INFO  | DNAudit | user=null | ip=null | op=WRITE_CHUNK {blockData=conID: 2 locID: 102734075670758000 bcsId: 0} | ret=SUCCESS |  
2019-09-04 11:46:30,205 | INFO  | DNAudit | user=null | ip=null | op=WRITE_CHUNK {blockData=conID: 2 locID: 102734075670758000 bcsId: 0} | ret=SUCCESS |  
2019-09-04 11:46:30,205 | INFO  | DNAudit | user=null | ip=null | op=WRITE_CHUNK {blockData=conID: 2 locID: 102734075670758000 bcsId: 0} | ret=SUCCESS |  
2019-09-04 11:46:30,207 | INFO  | DNAudit | user=null | ip=null | op=WRITE_CHUNK {blockData=conID: 2 locID: 102734075670758000 bcsId: 0} | ret=SUCCESS |  
2019-09-04 11:46:30,207 | INFO  | DNAudit | user=null | ip=null | op=WRITE_CHUNK {blockData=conID: 2 locID: 102734075670758000 bcsId: 0} | ret=SUCCESS |  
2019-09-04 11:46:30,210 | INFO  | DNAudit | user=null | ip=null | op=WRITE_CHUNK {blockData=conID: 2 locID: 102734075670758000 bcsId: 0} | ret=SUCCESS |  
2019-09-04 11:46:30,210 | INFO  | DNAudit | user=null | ip=null | op=PUT_BLOCK {blockData=[blockId=conID: 2 locID: 102734075670758000 bcsId: 0,size=1048576]} | ret=SUCCESS |  
2019-09-04 11:46:30,210 [grpc-default-executor-1] INFO  client.GrpcClientProtocolClient (GrpcClientProtocolClient.java:onNext(255)) - client-D5CE890D7D9E->efcb8ff8-f060-4d95-9215-d0f5eb4af037: receive RaftClientReply:client-D5CE890D7D9E->efcb8ff8-f060-4d95-9215-d0f5eb4af037@group-0959F8DF43ED, cid=2804, SUCCESS, logIndex=4201, commits[efcb8ff8-f060-4d95-9215-d0f5eb4af037:c4202, 6fae8b02-e804-4c0e-b729-a97b7404b7f6:c4200, 4c3e8a66-6975-4917-8225-d3efe707aaff:c4200]
2019-09-04 11:46:30,211 [grpc-default-executor-1] INFO  client.GrpcClientProtocolClient (GrpcClientProtocolClient.java:onNext(255)) - client-D5CE890D7D9E->efcb8ff8-f060-4d95-9215-d0f5eb4af037: receive RaftClientReply:client-D5CE890D7D9E->efcb8ff8-f060-4d95-9215-d0f5eb4af037@group-0959F8DF43ED, cid=2805, SUCCESS, logIndex=4202, commits[efcb8ff8-f060-4d95-9215-d0f5eb4af037:c4202, 6fae8b02-e804-4c0e-b729-a97b7404b7f6:c4200, 4c3e8a66-6975-4917-8225-d3efe707aaff:c4200]
2019-09-04 11:46:30,246 | INFO  | DNAudit | user=null | ip=null | op=WRITE_CHUNK {blockData=conID: 2 locID: 102734075670758000 bcsId: 0} | ret=SUCCESS |  
2019-09-04 11:46:30,247 | INFO  | DNAudit | user=null | ip=null | op=PUT_BLOCK {blockData=[blockId=conID: 2 locID: 102734075670758000 bcsId: 0,size=2097152]} | ret=SUCCESS |  
2019-09-04 11:46:30,247 [grpc-default-executor-5] INFO  client.GrpcClientProtocolClient (GrpcClientProtocolClient.java:onNext(255)) - client-D5CE890D7D9E->efcb8ff8-f060-4d95-9215-d0f5eb4af037: receive RaftClientReply:client-D5CE890D7D9E->efcb8ff8-f060-4d95-9215-d0f5eb4af037@group-0959F8DF43ED, cid=2806, SUCCESS, logIndex=4203, commits[efcb8ff8-f060-4d95-9215-d0f5eb4af037:c4204, 6fae8b02-e804-4c0e-b729-a97b7404b7f6:c4200, 4c3e8a66-6975-4917-8225-d3efe707aaff:c4200]
2019-09-04 11:46:30,247 [grpc-default-executor-5] INFO  client.GrpcClientProtocolClient (GrpcClientProtocolClient.java:onNext(255)) - client-D5CE890D7D9E->efcb8ff8-f060-4d95-9215-d0f5eb4af037: receive RaftClientReply:client-D5CE890D7D9E->efcb8ff8-f060-4d95-9215-d0f5eb4af037@group-0959F8DF43ED, cid=2807, SUCCESS, logIndex=4204, commits[efcb8ff8-f060-4d95-9215-d0f5eb4af037:c4204, 6fae8b02-e804-4c0e-b729-a97b7404b7f6:c4200, 4c3e8a66-6975-4917-8225-d3efe707aaff:c4200]
2019-09-04 11:46:30,255 | INFO  | DNAudit | user=null | ip=null | op=WRITE_CHUNK {blockData=conID: 2 locID: 102734075670758000 bcsId: 0} | ret=SUCCESS |  
2019-09-04 11:46:30,255 | INFO  | DNAudit | user=null | ip=null | op=PUT_BLOCK {blockData=[blockId=conID: 2 locID: 102734075670758000 bcsId: 0,size=1048576]} | ret=SUCCESS |  
2019-09-04 11:46:30,255 | INFO  | DNAudit | user=null | ip=null | op=WRITE_CHUNK {blockData=conID: 2 locID: 102734075670758000 bcsId: 0} | ret=SUCCESS |  
2019-09-04 11:46:30,255 | INFO  | DNAudit | user=null | ip=null | op=PUT_BLOCK {blockData=[blockId=conID: 2 locID: 102734075670758000 bcsId: 0,size=1048576]} | ret=SUCCESS |  
2019-09-04 11:46:30,255 [grpc-default-executor-5] INFO  client.GrpcClientProtocolClient (GrpcClientProtocolClient.java:onNext(255)) - client-D5CE890D7D9E->efcb8ff8-f060-4d95-9215-d0f5eb4af037: receive RaftClientReply:client-D5CE890D7D9E->efcb8ff8-f060-4d95-9215-d0f5eb4af037@group-0959F8DF43ED, cid=2808, SUCCESS, logIndex=0, commits[efcb8ff8-f060-4d95-9215-d0f5eb4af037:c4206, 6fae8b02-e804-4c0e-b729-a97b7404b7f6:c4202, 4c3e8a66-6975-4917-8225-d3efe707aaff:c4202]
2019-09-04 11:46:30,262 | INFO  | DNAudit | user=null | ip=null | op=WRITE_CHUNK {blockData=conID: 2 locID: 102734075670758000 bcsId: 4204} | ret=SUCCESS |  
2019-09-04 11:46:30,265 | INFO  | DNAudit | user=null | ip=null | op=WRITE_CHUNK {blockData=conID: 2 locID: 102734075670758000 bcsId: 4204} | ret=SUCCESS |  
2019-09-04 11:46:30,265 | INFO  | DNAudit | user=null | ip=null | op=WRITE_CHUNK {blockData=conID: 2 locID: 102734075670758000 bcsId: 4204} | ret=SUCCESS |  
2019-09-04 11:46:30,275 | INFO  | DNAudit | user=null | ip=null | op=WRITE_CHUNK {blockData=conID: 2 locID: 102734075670758000 bcsId: 0} | ret=SUCCESS |  
2019-09-04 11:46:30,275 | INFO  | DNAudit | user=null | ip=null | op=PUT_BLOCK {blockData=[blockId=conID: 2 locID: 102734075670758000 bcsId: 0,size=2097152]} | ret=SUCCESS |  
2019-09-04 11:46:30,275 | INFO  | DNAudit | user=null | ip=null | op=WRITE_CHUNK {blockData=conID: 2 locID: 102734075670758000 bcsId: 0} | ret=SUCCESS |  
2019-09-04 11:46:30,276 | INFO  | DNAudit | user=null | ip=null | op=PUT_BLOCK {blockData=[blockId=conID: 2 locID: 102734075670758000 bcsId: 0,size=2097152]} | ret=SUCCESS |  
2019-09-04 11:46:30,276 | INFO  | DNAudit | user=null | ip=null | op=WRITE_CHUNK {blockData=conID: 2 locID: 102734075670758000 bcsId: 4204} | ret=SUCCESS |  
2019-09-04 11:46:30,277 | INFO  | DNAudit | user=null | ip=null | op=PUT_BLOCK {blockData=[blockId=conID: 2 locID: 102734075670758000 bcsId: 0,size=3145728]} | ret=SUCCESS |  
2019-09-04 11:46:30,277 [grpc-default-executor-5] INFO  client.GrpcClientProtocolClient (GrpcClientProtocolClient.java:onNext(255)) - client-D5CE890D7D9E->efcb8ff8-f060-4d95-9215-d0f5eb4af037: receive RaftClientReply:client-D5CE890D7D9E->efcb8ff8-f060-4d95-9215-d0f5eb4af037@group-0959F8DF43ED, cid=2809, SUCCESS, logIndex=4209, commits[efcb8ff8-f060-4d95-9215-d0f5eb4af037:c4210, 6fae8b02-e804-4c0e-b729-a97b7404b7f6:c4206, 4c3e8a66-6975-4917-8225-d3efe707aaff:c4206]
2019-09-04 11:46:30,277 [grpc-default-executor-5] INFO  client.GrpcClientProtocolClient (GrpcClientProtocolClient.java:onNext(255)) - client-D5CE890D7D9E->efcb8ff8-f060-4d95-9215-d0f5eb4af037: receive RaftClientReply:client-D5CE890D7D9E->efcb8ff8-f060-4d95-9215-d0f5eb4af037@group-0959F8DF43ED, cid=2810, SUCCESS, logIndex=4210, commits[efcb8ff8-f060-4d95-9215-d0f5eb4af037:c4210, 6fae8b02-e804-4c0e-b729-a97b7404b7f6:c4206, 4c3e8a66-6975-4917-8225-d3efe707aaff:c4206]
2019-09-04 11:46:30,285 | INFO  | DNAudit | user=null | ip=null | op=WRITE_CHUNK {blockData=conID: 2 locID: 102734075670758000 bcsId: 4210} | ret=SUCCESS |  
2019-09-04 11:46:30,287 | INFO  | DNAudit | user=null | ip=null | op=WRITE_CHUNK {blockData=conID: 2 locID: 102734075670758000 bcsId: 4210} | ret=SUCCESS |  
2019-09-04 11:46:30,288 | INFO  | DNAudit | user=null | ip=null | op=WRITE_CHUNK {blockData=conID: 2 locID: 102734075670758000 bcsId: 4210} | ret=SUCCESS |  
2019-09-04 11:46:30,299 | INFO  | DNAudit | user=null | ip=null | op=WRITE_CHUNK {blockData=conID: 2 locID: 102734075670758000 bcsId: 4204} | ret=SUCCESS |  
2019-09-04 11:46:30,299 | INFO  | DNAudit | user=null | ip=null | op=WRITE_CHUNK {blockData=conID: 2 locID: 102734075670758000 bcsId: 4204} | ret=SUCCESS |  
2019-09-04 11:46:30,299 | INFO  | DNAudit | user=null | ip=null | op=PUT_BLOCK {blockData=[blockId=conID: 2 locID: 102734075670758000 bcsId: 0,size=3145728]} | ret=SUCCESS |  
2019-09-04 11:46:30,299 | INFO  | DNAudit | user=null | ip=null | op=PUT_BLOCK {blockData=[blockId=conID: 2 locID: 102734075670758000 bcsId: 0,size=3145728]} | ret=SUCCESS |  
2019-09-04 11:46:30,302 | INFO  | DNAudit | user=null | ip=null | op=WRITE_CHUNK {blockData=conID: 2 locID: 102734075670758000 bcsId: 4210} | ret=SUCCESS |  
2019-09-04 11:46:30,302 | INFO  | DNAudit | user=null | ip=null | op=PUT_BLOCK {blockData=[blockId=conID: 2 locID: 102734075670758000 bcsId: 0,size=4194304]} | ret=SUCCESS |  
2019-09-04 11:46:30,302 [grpc-default-executor-1] INFO  client.GrpcClientProtocolClient (GrpcClientProtocolClient.java:onNext(255)) - client-D5CE890D7D9E->efcb8ff8-f060-4d95-9215-d0f5eb4af037: receive RaftClientReply:client-D5CE890D7D9E->efcb8ff8-f060-4d95-9215-d0f5eb4af037@group-0959F8DF43ED, cid=2811, SUCCESS, logIndex=4212, commits[efcb8ff8-f060-4d95-9215-d0f5eb4af037:c4213, 6fae8b02-e804-4c0e-b729-a97b7404b7f6:c4210, 4c3e8a66-6975-4917-8225-d3efe707aaff:c4210]
2019-09-04 11:46:30,303 [grpc-default-executor-1] INFO  client.GrpcClientProtocolClient (GrpcClientProtocolClient.java:onNext(255)) - client-D5CE890D7D9E->efcb8ff8-f060-4d95-9215-d0f5eb4af037: receive RaftClientReply:client-D5CE890D7D9E->efcb8ff8-f060-4d95-9215-d0f5eb4af037@group-0959F8DF43ED, cid=2812, SUCCESS, logIndex=4213, commits[efcb8ff8-f060-4d95-9215-d0f5eb4af037:c4213, 6fae8b02-e804-4c0e-b729-a97b7404b7f6:c4210, 4c3e8a66-6975-4917-8225-d3efe707aaff:c4210]
2019-09-04 11:46:30,317 | INFO  | DNAudit | user=null | ip=null | op=WRITE_CHUNK {blockData=conID: 2 locID: 102734075670758000 bcsId: 4210} | ret=SUCCESS |  
2019-09-04 11:46:30,317 | INFO  | DNAudit | user=null | ip=null | op=WRITE_CHUNK {blockData=conID: 2 locID: 102734075670758000 bcsId: 4210} | ret=SUCCESS |  
2019-09-04 11:46:30,318 | INFO  | DNAudit | user=null | ip=null | op=PUT_BLOCK {blockData=[blockId=conID: 2 locID: 102734075670758000 bcsId: 0,size=4194304]} | ret=SUCCESS |  
2019-09-04 11:46:30,318 | INFO  | DNAudit | user=null | ip=null | op=PUT_BLOCK {blockData=[blockId=conID: 2 locID: 102734075670758000 bcsId: 0,size=4194304]} | ret=SUCCESS |  
2019-09-04 11:46:30,319 [grpc-default-executor-5] INFO  client.GrpcClientProtocolClient (GrpcClientProtocolClient.java:onNext(255)) - client-D5CE890D7D9E->efcb8ff8-f060-4d95-9215-d0f5eb4af037: receive RaftClientReply:client-D5CE890D7D9E->efcb8ff8-f060-4d95-9215-d0f5eb4af037@group-0959F8DF43ED, cid=2813, SUCCESS, logIndex=0, commits[efcb8ff8-f060-4d95-9215-d0f5eb4af037:c4215, 6fae8b02-e804-4c0e-b729-a97b7404b7f6:c4213, 4c3e8a66-6975-4917-8225-d3efe707aaff:c4213]
2019-09-04 11:46:30,325 | INFO  | SCMAudit | user=jenkins1000 | ip=192.168.36.67 | op=ALLOCATE_BLOCK {owner=8ab292a2-aaa7-4ad8-863a-d33994811155, size=4194304, type=RATIS, factor=THREE} | ret=SUCCESS |  
2019-09-04 11:46:30,328 | INFO  | OMAudit | user=jenkins1000 | ip=127.0.0.1 | op=ALLOCATE_BLOCK {volume=vol-0-58699, bucket=bucket-0-57464, key=key-0-37266, dataSize=0, replicationType=null, replicationFactor=null, keyLocationInfo=null, clientID=102734073355960722} | ret=SUCCESS |  
2019-09-04 11:46:30,337 | INFO  | DNAudit | user=null | ip=null | op=WRITE_CHUNK {blockData=conID: 3 locID: 102734075679539825 bcsId: 0} | ret=SUCCESS |  
2019-09-04 11:46:30,339 | INFO  | DNAudit | user=null | ip=null | op=WRITE_CHUNK {blockData=conID: 3 locID: 102734075679539825 bcsId: 0} | ret=SUCCESS |  
2019-09-04 11:46:30,340 | INFO  | DNAudit | user=null | ip=null | op=WRITE_CHUNK {blockData=conID: 3 locID: 102734075679539825 bcsId: 0} | ret=SUCCESS |  
2019-09-04 11:46:30,340 | INFO  | DNAudit | user=null | ip=null | op=WRITE_CHUNK {blockData=conID: 3 locID: 102734075679539825 bcsId: 0} | ret=SUCCESS |  
2019-09-04 11:46:30,341 | INFO  | DNAudit | user=null | ip=null | op=WRITE_CHUNK {blockData=conID: 3 locID: 102734075679539825 bcsId: 0} | ret=SUCCESS |  
2019-09-04 11:46:30,342 | INFO  | DNAudit | user=null | ip=null | op=WRITE_CHUNK {blockData=conID: 3 locID: 102734075679539825 bcsId: 0} | ret=SUCCESS |  
2019-09-04 11:46:30,353 | INFO  | DNAudit | user=null | ip=null | op=WRITE_CHUNK {blockData=conID: 3 locID: 102734075679539825 bcsId: 0} | ret=SUCCESS |  
2019-09-04 11:46:30,353 | INFO  | DNAudit | user=null | ip=null | op=PUT_BLOCK {blockData=[blockId=conID: 3 locID: 102734075679539825 bcsId: 0,size=1048576]} | ret=SUCCESS |  
2019-09-04 11:46:30,353 [grpc-default-executor-5] INFO  client.GrpcClientProtocolClient (GrpcClientProtocolClient.java:onNext(255)) - client-D5CE890D7D9E->efcb8ff8-f060-4d95-9215-d0f5eb4af037: receive RaftClientReply:client-D5CE890D7D9E->efcb8ff8-f060-4d95-9215-d0f5eb4af037@group-0959F8DF43ED, cid=2814, SUCCESS, logIndex=4216, commits[efcb8ff8-f060-4d95-9215-d0f5eb4af037:c4217, 6fae8b02-e804-4c0e-b729-a97b7404b7f6:c4215, 4c3e8a66-6975-4917-8225-d3efe707aaff:c4215]
2019-09-04 11:46:30,354 | INFO  | DNAudit | user=null | ip=null | op=WRITE_CHUNK {blockData=conID: 3 locID: 102734075679539825 bcsId: 0} | ret=SUCCESS |  
2019-09-04 11:46:30,354 [grpc-default-executor-0] INFO  client.GrpcClientProtocolClient (GrpcClientProtocolClient.java:onNext(255)) - client-D5CE890D7D9E->efcb8ff8-f060-4d95-9215-d0f5eb4af037: receive RaftClientReply:client-D5CE890D7D9E->efcb8ff8-f060-4d95-9215-d0f5eb4af037@group-0959F8DF43ED, cid=2815, SUCCESS, logIndex=4217, commits[efcb8ff8-f060-4d95-9215-d0f5eb4af037:c4217, 6fae8b02-e804-4c0e-b729-a97b7404b7f6:c4215, 4c3e8a66-6975-4917-8225-d3efe707aaff:c4215]
2019-09-04 11:46:30,355 | INFO  | DNAudit | user=null | ip=null | op=PUT_BLOCK {blockData=[blockId=conID: 3 locID: 102734075679539825 bcsId: 0,size=2097152]} | ret=SUCCESS |  
2019-09-04 11:46:30,355 [grpc-default-executor-0] INFO  client.GrpcClientProtocolClient (GrpcClientProtocolClient.java:onNext(255)) - client-D5CE890D7D9E->efcb8ff8-f060-4d95-9215-d0f5eb4af037: receive RaftClientReply:client-D5CE890D7D9E->efcb8ff8-f060-4d95-9215-d0f5eb4af037@group-0959F8DF43ED, cid=2816, SUCCESS, logIndex=4218, commits[efcb8ff8-f060-4d95-9215-d0f5eb4af037:c4219, 6fae8b02-e804-4c0e-b729-a97b7404b7f6:c4215, 4c3e8a66-6975-4917-8225-d3efe707aaff:c4215]
2019-09-04 11:46:30,355 [grpc-default-executor-0] INFO  client.GrpcClientProtocolClient (GrpcClientProtocolClient.java:onNext(255)) - client-D5CE890D7D9E->efcb8ff8-f060-4d95-9215-d0f5eb4af037: receive RaftClientReply:client-D5CE890D7D9E->efcb8ff8-f060-4d95-9215-d0f5eb4af037@group-0959F8DF43ED, cid=2817, SUCCESS, logIndex=4219, commits[efcb8ff8-f060-4d95-9215-d0f5eb4af037:c4219, 6fae8b02-e804-4c0e-b729-a97b7404b7f6:c4215, 4c3e8a66-6975-4917-8225-d3efe707aaff:c4215]
2019-09-04 11:46:30,364 | INFO  | DNAudit | user=null | ip=null | op=WRITE_CHUNK {blockData=conID: 3 locID: 102734075679539825 bcsId: 0} | ret=SUCCESS |  
2019-09-04 11:46:30,364 | INFO  | DNAudit | user=null | ip=null | op=PUT_BLOCK {blockData=[blockId=conID: 3 locID: 102734075679539825 bcsId: 0,size=1048576]} | ret=SUCCESS |  
2019-09-04 11:46:30,365 | INFO  | DNAudit | user=null | ip=null | op=WRITE_CHUNK {blockData=conID: 3 locID: 102734075679539825 bcsId: 0} | ret=SUCCESS |  
2019-09-04 11:46:30,365 | INFO  | DNAudit | user=null | ip=null | op=PUT_BLOCK {blockData=[blockId=conID: 3 locID: 102734075679539825 bcsId: 0,size=1048576]} | ret=SUCCESS |  
2019-09-04 11:46:30,365 | INFO  | DNAudit | user=null | ip=null | op=WRITE_CHUNK {blockData=conID: 3 locID: 102734075679539825 bcsId: 0} | ret=SUCCESS |  
2019-09-04 11:46:30,365 [grpc-default-executor-0] INFO  client.GrpcClientProtocolClient (GrpcClientProtocolClient.java:onNext(255)) - client-D5CE890D7D9E->efcb8ff8-f060-4d95-9215-d0f5eb4af037: receive RaftClientReply:client-D5CE890D7D9E->efcb8ff8-f060-4d95-9215-d0f5eb4af037@group-0959F8DF43ED, cid=2818, SUCCESS, logIndex=0, commits[efcb8ff8-f060-4d95-9215-d0f5eb4af037:c4221, 6fae8b02-e804-4c0e-b729-a97b7404b7f6:c4217, 4c3e8a66-6975-4917-8225-d3efe707aaff:c4217]
2019-09-04 11:46:30,365 | INFO  | DNAudit | user=null | ip=null | op=PUT_BLOCK {blockData=[blockId=conID: 3 locID: 102734075679539825 bcsId: 0,size=2097152]} | ret=SUCCESS |  
2019-09-04 11:46:30,367 | INFO  | DNAudit | user=null | ip=null | op=WRITE_CHUNK {blockData=conID: 3 locID: 102734075679539825 bcsId: 0} | ret=SUCCESS |  
2019-09-04 11:46:30,367 | INFO  | DNAudit | user=null | ip=null | op=PUT_BLOCK {blockData=[blockId=conID: 3 locID: 102734075679539825 bcsId: 0,size=2097152]} | ret=SUCCESS |  
2019-09-04 11:46:30,372 | INFO  | DNAudit | user=null | ip=null | op=WRITE_CHUNK {blockData=conID: 3 locID: 102734075679539825 bcsId: 4219} | ret=SUCCESS |  
2019-09-04 11:46:30,375 | INFO  | DNAudit | user=null | ip=null | op=WRITE_CHUNK {blockData=conID: 3 locID: 102734075679539825 bcsId: 4219} | ret=SUCCESS |  
2019-09-04 11:46:30,375 | INFO  | DNAudit | user=null | ip=null | op=WRITE_CHUNK {blockData=conID: 3 locID: 102734075679539825 bcsId: 4219} | ret=SUCCESS |  
2019-09-04 11:46:30,380 | INFO  | DNAudit | user=null | ip=null | op=WRITE_CHUNK {blockData=conID: 3 locID: 102734075679539825 bcsId: 4219} | ret=SUCCESS |  
2019-09-04 11:46:30,380 | INFO  | DNAudit | user=null | ip=null | op=PUT_BLOCK {blockData=[blockId=conID: 3 locID: 102734075679539825 bcsId: 0,size=3145728]} | ret=SUCCESS |  
2019-09-04 11:46:30,380 [grpc-default-executor-5] INFO  client.GrpcClientProtocolClient (GrpcClientProtocolClient.java:onNext(255)) - client-D5CE890D7D9E->efcb8ff8-f060-4d95-9215-d0f5eb4af037: receive RaftClientReply:client-D5CE890D7D9E->efcb8ff8-f060-4d95-9215-d0f5eb4af037@group-0959F8DF43ED, cid=2819, SUCCESS, logIndex=4223, commits[efcb8ff8-f060-4d95-9215-d0f5eb4af037:c4224, 6fae8b02-e804-4c0e-b729-a97b7404b7f6:c4222, 4c3e8a66-6975-4917-8225-d3efe707aaff:c4222]
2019-09-04 11:46:30,381 [grpc-default-executor-5] INFO  client.GrpcClientProtocolClient (GrpcClientProtocolClient.java:onNext(255)) - client-D5CE890D7D9E->efcb8ff8-f060-4d95-9215-d0f5eb4af037: receive RaftClientReply:client-D5CE890D7D9E->efcb8ff8-f060-4d95-9215-d0f5eb4af037@group-0959F8DF43ED, cid=2820, SUCCESS, logIndex=4224, commits[efcb8ff8-f060-4d95-9215-d0f5eb4af037:c4224, 6fae8b02-e804-4c0e-b729-a97b7404b7f6:c4222, 4c3e8a66-6975-4917-8225-d3efe707aaff:c4222]
2019-09-04 11:46:30,388 | INFO  | DNAudit | user=null | ip=null | op=WRITE_CHUNK {blockData=conID: 3 locID: 102734075679539825 bcsId: 4224} | ret=SUCCESS |  
2019-09-04 11:46:30,390 | INFO  | DNAudit | user=null | ip=null | op=WRITE_CHUNK {blockData=conID: 3 locID: 102734075679539825 bcsId: 4219} | ret=SUCCESS |  
2019-09-04 11:46:30,390 | INFO  | DNAudit | user=null | ip=null | op=WRITE_CHUNK {blockData=conID: 3 locID: 102734075679539825 bcsId: 4219} | ret=SUCCESS |  
2019-09-04 11:46:30,390 | INFO  | DNAudit | user=null | ip=null | op=PUT_BLOCK {blockData=[blockId=conID: 3 locID: 102734075679539825 bcsId: 0,size=3145728]} | ret=SUCCESS |  
2019-09-04 11:46:30,390 | INFO  | DNAudit | user=null | ip=null | op=PUT_BLOCK {blockData=[blockId=conID: 3 locID: 102734075679539825 bcsId: 0,size=3145728]} | ret=SUCCESS |  
2019-09-04 11:46:30,390 | INFO  | DNAudit | user=null | ip=null | op=WRITE_CHUNK {blockData=conID: 3 locID: 102734075679539825 bcsId: 4224} | ret=SUCCESS |  
2019-09-04 11:46:30,390 | INFO  | DNAudit | user=null | ip=null | op=WRITE_CHUNK {blockData=conID: 3 locID: 102734075679539825 bcsId: 4224} | ret=SUCCESS |  
2019-09-04 11:46:30,404 | INFO  | DNAudit | user=null | ip=null | op=WRITE_CHUNK {blockData=conID: 3 locID: 102734075679539825 bcsId: 4224} | ret=SUCCESS |  
2019-09-04 11:46:30,404 | INFO  | DNAudit | user=null | ip=null | op=PUT_BLOCK {blockData=[blockId=conID: 3 locID: 102734075679539825 bcsId: 0,size=4194304]} | ret=SUCCESS |  
2019-09-04 11:46:30,404 [grpc-default-executor-5] INFO  client.GrpcClientProtocolClient (GrpcClientProtocolClient.java:onNext(255)) - client-D5CE890D7D9E->efcb8ff8-f060-4d95-9215-d0f5eb4af037: receive RaftClientReply:client-D5CE890D7D9E->efcb8ff8-f060-4d95-9215-d0f5eb4af037@group-0959F8DF43ED, cid=2821, SUCCESS, logIndex=4227, commits[efcb8ff8-f060-4d95-9215-d0f5eb4af037:c4228, 6fae8b02-e804-4c0e-b729-a97b7404b7f6:c4224, 4c3e8a66-6975-4917-8225-d3efe707aaff:c4224]
2019-09-04 11:46:30,405 [grpc-default-executor-5] INFO  client.GrpcClientProtocolClient (GrpcClientProtocolClient.java:onNext(255)) - client-D5CE890D7D9E->efcb8ff8-f060-4d95-9215-d0f5eb4af037: receive RaftClientReply:client-D5CE890D7D9E->efcb8ff8-f060-4d95-9215-d0f5eb4af037@group-0959F8DF43ED, cid=2822, SUCCESS, logIndex=4228, commits[efcb8ff8-f060-4d95-9215-d0f5eb4af037:c4228, 6fae8b02-e804-4c0e-b729-a97b7404b7f6:c4224, 4c3e8a66-6975-4917-8225-d3efe707aaff:c4224]
2019-09-04 11:46:30,412 | INFO  | DNAudit | user=null | ip=null | op=WRITE_CHUNK {blockData=conID: 3 locID: 102734075679539825 bcsId: 4224} | ret=SUCCESS |  
2019-09-04 11:46:30,412 | INFO  | DNAudit | user=null | ip=null | op=PUT_BLOCK {blockData=[blockId=conID: 3 locID: 102734075679539825 bcsId: 0,size=4194304]} | ret=SUCCESS |  
2019-09-04 11:46:30,412 | INFO  | DNAudit | user=null | ip=null | op=WRITE_CHUNK {blockData=conID: 3 locID: 102734075679539825 bcsId: 4224} | ret=SUCCESS |  
2019-09-04 11:46:30,412 | INFO  | DNAudit | user=null | ip=null | op=PUT_BLOCK {blockData=[blockId=conID: 3 locID: 102734075679539825 bcsId: 0,size=4194304]} | ret=SUCCESS |  
2019-09-04 11:46:30,413 [grpc-default-executor-5] INFO  client.GrpcClientProtocolClient (GrpcClientProtocolClient.java:onNext(255)) - client-D5CE890D7D9E->efcb8ff8-f060-4d95-9215-d0f5eb4af037: receive RaftClientReply:client-D5CE890D7D9E->efcb8ff8-f060-4d95-9215-d0f5eb4af037@group-0959F8DF43ED, cid=2823, SUCCESS, logIndex=0, commits[efcb8ff8-f060-4d95-9215-d0f5eb4af037:c4229, 6fae8b02-e804-4c0e-b729-a97b7404b7f6:c4228, 4c3e8a66-6975-4917-8225-d3efe707aaff:c4228]
2019-09-04 11:46:30,420 | INFO  | SCMAudit | user=jenkins1000 | ip=192.168.36.67 | op=ALLOCATE_BLOCK {owner=8ab292a2-aaa7-4ad8-863a-d33994811155, size=4194304, type=RATIS, factor=THREE} | ret=SUCCESS |  
2019-09-04 11:46:30,424 | INFO  | OMAudit | user=jenkins1000 | ip=127.0.0.1 | op=ALLOCATE_BLOCK {volume=vol-0-58699, bucket=bucket-0-57464, key=key-0-37266, dataSize=0, replicationType=null, replicationFactor=null, keyLocationInfo=null, clientID=102734073355960722} | ret=SUCCESS |  
2019-09-04 11:46:30,431 | INFO  | DNAudit | user=null | ip=null | op=WRITE_CHUNK {blockData=conID: 1 locID: 102734075685700210 bcsId: 0} | ret=SUCCESS |  
2019-09-04 11:46:30,434 | INFO  | DNAudit | user=null | ip=null | op=WRITE_CHUNK {blockData=conID: 1 locID: 102734075685700210 bcsId: 0} | ret=SUCCESS |  
2019-09-04 11:46:30,434 | INFO  | DNAudit | user=null | ip=null | op=WRITE_CHUNK {blockData=conID: 1 locID: 102734075685700210 bcsId: 0} | ret=SUCCESS |  
2019-09-04 11:46:30,434 | INFO  | DNAudit | user=null | ip=null | op=WRITE_CHUNK {blockData=conID: 1 locID: 102734075685700210 bcsId: 0} | ret=SUCCESS |  
2019-09-04 11:46:30,435 | INFO  | DNAudit | user=null | ip=null | op=WRITE_CHUNK {blockData=conID: 1 locID: 102734075685700210 bcsId: 0} | ret=SUCCESS |  
2019-09-04 11:46:30,436 | INFO  | DNAudit | user=null | ip=null | op=WRITE_CHUNK {blockData=conID: 1 locID: 102734075685700210 bcsId: 0} | ret=SUCCESS |  
2019-09-04 11:46:30,438 | INFO  | DNAudit | user=null | ip=null | op=WRITE_CHUNK {blockData=conID: 1 locID: 102734075685700210 bcsId: 0} | ret=SUCCESS |  
2019-09-04 11:46:30,438 | INFO  | DNAudit | user=null | ip=null | op=PUT_BLOCK {blockData=[blockId=conID: 1 locID: 102734075685700210 bcsId: 0,size=1048576]} | ret=SUCCESS |  
2019-09-04 11:46:30,439 | INFO  | DNAudit | user=null | ip=null | op=WRITE_CHUNK {blockData=conID: 1 locID: 102734075685700210 bcsId: 0} | ret=SUCCESS |  
2019-09-04 11:46:30,438 [grpc-default-executor-5] INFO  client.GrpcClientProtocolClient (GrpcClientProtocolClient.java:onNext(255)) - client-D5CE890D7D9E->efcb8ff8-f060-4d95-9215-d0f5eb4af037: receive RaftClientReply:client-D5CE890D7D9E->efcb8ff8-f060-4d95-9215-d0f5eb4af037@group-0959F8DF43ED, cid=2824, SUCCESS, logIndex=4231, commits[efcb8ff8-f060-4d95-9215-d0f5eb4af037:c4232, 6fae8b02-e804-4c0e-b729-a97b7404b7f6:c4230, 4c3e8a66-6975-4917-8225-d3efe707aaff:c4230]
2019-09-04 11:46:30,439 | INFO  | DNAudit | user=null | ip=null | op=PUT_BLOCK {blockData=[blockId=conID: 1 locID: 102734075685700210 bcsId: 0,size=2097152]} | ret=SUCCESS |  
2019-09-04 11:46:30,439 [grpc-default-executor-5] INFO  client.GrpcClientProtocolClient (GrpcClientProtocolClient.java:onNext(255)) - client-D5CE890D7D9E->efcb8ff8-f060-4d95-9215-d0f5eb4af037: receive RaftClientReply:client-D5CE890D7D9E->efcb8ff8-f060-4d95-9215-d0f5eb4af037@group-0959F8DF43ED, cid=2825, SUCCESS, logIndex=4232, commits[efcb8ff8-f060-4d95-9215-d0f5eb4af037:c4234, 6fae8b02-e804-4c0e-b729-a97b7404b7f6:c4230, 4c3e8a66-6975-4917-8225-d3efe707aaff:c4230]
2019-09-04 11:46:30,439 [grpc-default-executor-5] INFO  client.GrpcClientProtocolClient (GrpcClientProtocolClient.java:onNext(255)) - client-D5CE890D7D9E->efcb8ff8-f060-4d95-9215-d0f5eb4af037: receive RaftClientReply:client-D5CE890D7D9E->efcb8ff8-f060-4d95-9215-d0f5eb4af037@group-0959F8DF43ED, cid=2826, SUCCESS, logIndex=4233, commits[efcb8ff8-f060-4d95-9215-d0f5eb4af037:c4234, 6fae8b02-e804-4c0e-b729-a97b7404b7f6:c4230, 4c3e8a66-6975-4917-8225-d3efe707aaff:c4230]
2019-09-04 11:46:30,439 [grpc-default-executor-5] INFO  client.GrpcClientProtocolClient (GrpcClientProtocolClient.java:onNext(255)) - client-D5CE890D7D9E->efcb8ff8-f060-4d95-9215-d0f5eb4af037: receive RaftClientReply:client-D5CE890D7D9E->efcb8ff8-f060-4d95-9215-d0f5eb4af037@group-0959F8DF43ED, cid=2827, SUCCESS, logIndex=4234, commits[efcb8ff8-f060-4d95-9215-d0f5eb4af037:c4234, 6fae8b02-e804-4c0e-b729-a97b7404b7f6:c4230, 4c3e8a66-6975-4917-8225-d3efe707aaff:c4230]
2019-09-04 11:46:30,444 | INFO  | DNAudit | user=null | ip=null | op=WRITE_CHUNK {blockData=conID: 1 locID: 102734075685700210 bcsId: 0} | ret=SUCCESS |  
2019-09-04 11:46:30,445 | INFO  | DNAudit | user=null | ip=null | op=WRITE_CHUNK {blockData=conID: 1 locID: 102734075685700210 bcsId: 0} | ret=SUCCESS |  
2019-09-04 11:46:30,445 | INFO  | DNAudit | user=null | ip=null | op=PUT_BLOCK {blockData=[blockId=conID: 1 locID: 102734075685700210 bcsId: 0,size=1048576]} | ret=SUCCESS |  
2019-09-04 11:46:30,445 | INFO  | DNAudit | user=null | ip=null | op=WRITE_CHUNK {blockData=conID: 1 locID: 102734075685700210 bcsId: 0} | ret=SUCCESS |  
2019-09-04 11:46:30,445 | INFO  | DNAudit | user=null | ip=null | op=PUT_BLOCK {blockData=[blockId=conID: 1 locID: 102734075685700210 bcsId: 0,size=2097152]} | ret=SUCCESS |  
2019-09-04 11:46:30,445 | INFO  | DNAudit | user=null | ip=null | op=PUT_BLOCK {blockData=[blockId=conID: 1 locID: 102734075685700210 bcsId: 0,size=1048576]} | ret=SUCCESS |  
2019-09-04 11:46:30,446 | INFO  | DNAudit | user=null | ip=null | op=WRITE_CHUNK {blockData=conID: 1 locID: 102734075685700210 bcsId: 0} | ret=SUCCESS |  
2019-09-04 11:46:30,446 | INFO  | DNAudit | user=null | ip=null | op=PUT_BLOCK {blockData=[blockId=conID: 1 locID: 102734075685700210 bcsId: 0,size=2097152]} | ret=SUCCESS |  
2019-09-04 11:46:30,446 [grpc-default-executor-5] INFO  client.GrpcClientProtocolClient (GrpcClientProtocolClient.java:onNext(255)) - client-D5CE890D7D9E->efcb8ff8-f060-4d95-9215-d0f5eb4af037: receive RaftClientReply:client-D5CE890D7D9E->efcb8ff8-f060-4d95-9215-d0f5eb4af037@group-0959F8DF43ED, cid=2828, SUCCESS, logIndex=0, commits[efcb8ff8-f060-4d95-9215-d0f5eb4af037:c4237, 6fae8b02-e804-4c0e-b729-a97b7404b7f6:c4232, 4c3e8a66-6975-4917-8225-d3efe707aaff:c4234]
2019-09-04 11:46:30,453 | INFO  | DNAudit | user=null | ip=null | op=WRITE_CHUNK {blockData=conID: 1 locID: 102734075685700210 bcsId: 4234} | ret=SUCCESS |  
2019-09-04 11:46:30,455 | INFO  | DNAudit | user=null | ip=null | op=WRITE_CHUNK {blockData=conID: 1 locID: 102734075685700210 bcsId: 4234} | ret=SUCCESS |  
2019-09-04 11:46:30,455 | INFO  | DNAudit | user=null | ip=null | op=WRITE_CHUNK {blockData=conID: 1 locID: 102734075685700210 bcsId: 4234} | ret=SUCCESS |  
2019-09-04 11:46:30,469 | INFO  | DNAudit | user=null | ip=null | op=WRITE_CHUNK {blockData=conID: 1 locID: 102734075685700210 bcsId: 4234} | ret=SUCCESS |  
2019-09-04 11:46:30,470 | INFO  | DNAudit | user=null | ip=null | op=PUT_BLOCK {blockData=[blockId=conID: 1 locID: 102734075685700210 bcsId: 0,size=3145728]} | ret=SUCCESS |  
2019-09-04 11:46:30,470 [grpc-default-executor-5] INFO  client.GrpcClientProtocolClient (GrpcClientProtocolClient.java:onNext(255)) - client-D5CE890D7D9E->efcb8ff8-f060-4d95-9215-d0f5eb4af037: receive RaftClientReply:client-D5CE890D7D9E->efcb8ff8-f060-4d95-9215-d0f5eb4af037@group-0959F8DF43ED, cid=2829, SUCCESS, logIndex=4238, commits[efcb8ff8-f060-4d95-9215-d0f5eb4af037:c4239, 6fae8b02-e804-4c0e-b729-a97b7404b7f6:c4237, 4c3e8a66-6975-4917-8225-d3efe707aaff:c4237]
2019-09-04 11:46:30,470 [grpc-default-executor-5] INFO  client.GrpcClientProtocolClient (GrpcClientProtocolClient.java:onNext(255)) - client-D5CE890D7D9E->efcb8ff8-f060-4d95-9215-d0f5eb4af037: receive RaftClientReply:client-D5CE890D7D9E->efcb8ff8-f060-4d95-9215-d0f5eb4af037@group-0959F8DF43ED, cid=2830, SUCCESS, logIndex=4239, commits[efcb8ff8-f060-4d95-9215-d0f5eb4af037:c4239, 6fae8b02-e804-4c0e-b729-a97b7404b7f6:c4237, 4c3e8a66-6975-4917-8225-d3efe707aaff:c4237]
2019-09-04 11:46:30,477 | INFO  | DNAudit | user=null | ip=null | op=WRITE_CHUNK {blockData=conID: 1 locID: 102734075685700210 bcsId: 4239} | ret=SUCCESS |  
2019-09-04 11:46:30,478 | INFO  | DNAudit | user=null | ip=null | op=WRITE_CHUNK {blockData=conID: 1 locID: 102734075685700210 bcsId: 4234} | ret=SUCCESS |  
2019-09-04 11:46:30,478 | INFO  | DNAudit | user=null | ip=null | op=WRITE_CHUNK {blockData=conID: 1 locID: 102734075685700210 bcsId: 4234} | ret=SUCCESS |  
2019-09-04 11:46:30,478 | INFO  | DNAudit | user=null | ip=null | op=PUT_BLOCK {blockData=[blockId=conID: 1 locID: 102734075685700210 bcsId: 0,size=3145728]} | ret=SUCCESS |  
2019-09-04 11:46:30,478 | INFO  | DNAudit | user=null | ip=null | op=PUT_BLOCK {blockData=[blockId=conID: 1 locID: 102734075685700210 bcsId: 0,size=3145728]} | ret=SUCCESS |  
2019-09-04 11:46:30,480 | INFO  | DNAudit | user=null | ip=null | op=WRITE_CHUNK {blockData=conID: 1 locID: 102734075685700210 bcsId: 4239} | ret=SUCCESS |  
2019-09-04 11:46:30,480 | INFO  | DNAudit | user=null | ip=null | op=WRITE_CHUNK {blockData=conID: 1 locID: 102734075685700210 bcsId: 4239} | ret=SUCCESS |  
2019-09-04 11:46:30,488 | INFO  | DNAudit | user=null | ip=null | op=WRITE_CHUNK {blockData=conID: 1 locID: 102734075685700210 bcsId: 4239} | ret=SUCCESS |  
2019-09-04 11:46:30,488 | INFO  | DNAudit | user=null | ip=null | op=PUT_BLOCK {blockData=[blockId=conID: 1 locID: 102734075685700210 bcsId: 0,size=4194304]} | ret=SUCCESS |  
2019-09-04 11:46:30,488 [grpc-default-executor-0] INFO  client.GrpcClientProtocolClient (GrpcClientProtocolClient.java:onNext(255)) - client-D5CE890D7D9E->efcb8ff8-f060-4d95-9215-d0f5eb4af037: receive RaftClientReply:client-D5CE890D7D9E->efcb8ff8-f060-4d95-9215-d0f5eb4af037@group-0959F8DF43ED, cid=2831, SUCCESS, logIndex=4242, commits[efcb8ff8-f060-4d95-9215-d0f5eb4af037:c4243, 6fae8b02-e804-4c0e-b729-a97b7404b7f6:c4239, 4c3e8a66-6975-4917-8225-d3efe707aaff:c4239]
2019-09-04 11:46:30,489 [grpc-default-executor-0] INFO  client.GrpcClientProtocolClient (GrpcClientProtocolClient.java:onNext(255)) - client-D5CE890D7D9E->efcb8ff8-f060-4d95-9215-d0f5eb4af037: receive RaftClientReply:client-D5CE890D7D9E->efcb8ff8-f060-4d95-9215-d0f5eb4af037@group-0959F8DF43ED, cid=2832, SUCCESS, logIndex=4243, commits[efcb8ff8-f060-4d95-9215-d0f5eb4af037:c4243, 6fae8b02-e804-4c0e-b729-a97b7404b7f6:c4239, 4c3e8a66-6975-4917-8225-d3efe707aaff:c4239]
2019-09-04 11:46:30,495 | INFO  | DNAudit | user=null | ip=null | op=WRITE_CHUNK {blockData=conID: 1 locID: 102734075685700210 bcsId: 4239} | ret=SUCCESS |  
2019-09-04 11:46:30,495 | INFO  | DNAudit | user=null | ip=null | op=WRITE_CHUNK {blockData=conID: 1 locID: 102734075685700210 bcsId: 4239} | ret=SUCCESS |  
2019-09-04 11:46:30,496 | INFO  | DNAudit | user=null | ip=null | op=PUT_BLOCK {blockData=[blockId=conID: 1 locID: 102734075685700210 bcsId: 0,size=4194304]} | ret=SUCCESS |  
2019-09-04 11:46:30,496 | INFO  | DNAudit | user=null | ip=null | op=PUT_BLOCK {blockData=[blockId=conID: 1 locID: 102734075685700210 bcsId: 0,size=4194304]} | ret=SUCCESS |  
2019-09-04 11:46:30,497 [grpc-default-executor-0] INFO  client.GrpcClientProtocolClient (GrpcClientProtocolClient.java:onNext(255)) - client-D5CE890D7D9E->efcb8ff8-f060-4d95-9215-d0f5eb4af037: receive RaftClientReply:client-D5CE890D7D9E->efcb8ff8-f060-4d95-9215-d0f5eb4af037@group-0959F8DF43ED, cid=2833, SUCCESS, logIndex=0, commits[efcb8ff8-f060-4d95-9215-d0f5eb4af037:c4244, 6fae8b02-e804-4c0e-b729-a97b7404b7f6:c4243, 4c3e8a66-6975-4917-8225-d3efe707aaff:c4243]
2019-09-04 11:46:30,502 | INFO  | SCMAudit | user=jenkins1000 | ip=192.168.36.67 | op=ALLOCATE_BLOCK {owner=8ab292a2-aaa7-4ad8-863a-d33994811155, size=4194304, type=RATIS, factor=THREE} | ret=SUCCESS |  
2019-09-04 11:46:30,506 | INFO  | OMAudit | user=jenkins1000 | ip=127.0.0.1 | op=ALLOCATE_BLOCK {volume=vol-0-58699, bucket=bucket-0-57464, key=key-0-37266, dataSize=0, replicationType=null, replicationFactor=null, keyLocationInfo=null, clientID=102734073355960722} | ret=SUCCESS |  
2019-09-04 11:46:30,512 | INFO  | DNAudit | user=null | ip=null | op=WRITE_CHUNK {blockData=conID: 2 locID: 102734075691139699 bcsId: 0} | ret=SUCCESS |  
2019-09-04 11:46:30,515 | INFO  | DNAudit | user=null | ip=null | op=WRITE_CHUNK {blockData=conID: 2 locID: 102734075691139699 bcsId: 0} | ret=SUCCESS |  
2019-09-04 11:46:30,515 | INFO  | DNAudit | user=null | ip=null | op=WRITE_CHUNK {blockData=conID: 2 locID: 102734075691139699 bcsId: 0} | ret=SUCCESS |  
2019-09-04 11:46:30,516 | INFO  | DNAudit | user=null | ip=null | op=WRITE_CHUNK {blockData=conID: 2 locID: 102734075691139699 bcsId: 0} | ret=SUCCESS |  
2019-09-04 11:46:30,517 | INFO  | DNAudit | user=null | ip=null | op=WRITE_CHUNK {blockData=conID: 2 locID: 102734075691139699 bcsId: 0} | ret=SUCCESS |  
2019-09-04 11:46:30,517 | INFO  | DNAudit | user=null | ip=null | op=WRITE_CHUNK {blockData=conID: 2 locID: 102734075691139699 bcsId: 0} | ret=SUCCESS |  
2019-09-04 11:46:30,525 | INFO  | DNAudit | user=null | ip=null | op=WRITE_CHUNK {blockData=conID: 2 locID: 102734075691139699 bcsId: 0} | ret=SUCCESS |  
2019-09-04 11:46:30,525 | INFO  | DNAudit | user=null | ip=null | op=PUT_BLOCK {blockData=[blockId=conID: 2 locID: 102734075691139699 bcsId: 0,size=1048576]} | ret=SUCCESS |  
2019-09-04 11:46:30,525 [grpc-default-executor-1] INFO  client.GrpcClientProtocolClient (GrpcClientProtocolClient.java:onNext(255)) - client-D5CE890D7D9E->efcb8ff8-f060-4d95-9215-d0f5eb4af037: receive RaftClientReply:client-D5CE890D7D9E->efcb8ff8-f060-4d95-9215-d0f5eb4af037@group-0959F8DF43ED, cid=2834, SUCCESS, logIndex=4246, commits[efcb8ff8-f060-4d95-9215-d0f5eb4af037:c4247, 6fae8b02-e804-4c0e-b729-a97b7404b7f6:c4245, 4c3e8a66-6975-4917-8225-d3efe707aaff:c4243]
2019-09-04 11:46:30,526 [grpc-default-executor-1] INFO  client.GrpcClientProtocolClient (GrpcClientProtocolClient.java:onNext(255)) - client-D5CE890D7D9E->efcb8ff8-f060-4d95-9215-d0f5eb4af037: receive RaftClientReply:client-D5CE890D7D9E->efcb8ff8-f060-4d95-9215-d0f5eb4af037@group-0959F8DF43ED, cid=2835, SUCCESS, logIndex=4247, commits[efcb8ff8-f060-4d95-9215-d0f5eb4af037:c4247, 6fae8b02-e804-4c0e-b729-a97b7404b7f6:c4245, 4c3e8a66-6975-4917-8225-d3efe707aaff:c4243]
2019-09-04 11:46:30,537 | INFO  | DNAudit | user=null | ip=null | op=WRITE_CHUNK {blockData=conID: 2 locID: 102734075691139699 bcsId: 0} | ret=SUCCESS |  
2019-09-04 11:46:30,538 | INFO  | DNAudit | user=null | ip=null | op=PUT_BLOCK {blockData=[blockId=conID: 2 locID: 102734075691139699 bcsId: 0,size=2097152]} | ret=SUCCESS |  
2019-09-04 11:46:30,538 [grpc-default-executor-5] INFO  client.GrpcClientProtocolClient (GrpcClientProtocolClient.java:onNext(255)) - client-D5CE890D7D9E->efcb8ff8-f060-4d95-9215-d0f5eb4af037: receive RaftClientReply:client-D5CE890D7D9E->efcb8ff8-f060-4d95-9215-d0f5eb4af037@group-0959F8DF43ED, cid=2836, SUCCESS, logIndex=4248, commits[efcb8ff8-f060-4d95-9215-d0f5eb4af037:c4249, 6fae8b02-e804-4c0e-b729-a97b7404b7f6:c4245, 4c3e8a66-6975-4917-8225-d3efe707aaff:c4245]
2019-09-04 11:46:30,538 [grpc-default-executor-5] INFO  client.GrpcClientProtocolClient (GrpcClientProtocolClient.java:onNext(255)) - client-D5CE890D7D9E->efcb8ff8-f060-4d95-9215-d0f5eb4af037: receive RaftClientReply:client-D5CE890D7D9E->efcb8ff8-f060-4d95-9215-d0f5eb4af037@group-0959F8DF43ED, cid=2837, SUCCESS, logIndex=4249, commits[efcb8ff8-f060-4d95-9215-d0f5eb4af037:c4249, 6fae8b02-e804-4c0e-b729-a97b7404b7f6:c4245, 4c3e8a66-6975-4917-8225-d3efe707aaff:c4245]
2019-09-04 11:46:30,547 | INFO  | DNAudit | user=null | ip=null | op=WRITE_CHUNK {blockData=conID: 2 locID: 102734075691139699 bcsId: 0} | ret=SUCCESS |  
2019-09-04 11:46:30,547 | INFO  | DNAudit | user=null | ip=null | op=WRITE_CHUNK {blockData=conID: 2 locID: 102734075691139699 bcsId: 0} | ret=SUCCESS |  
2019-09-04 11:46:30,548 | INFO  | DNAudit | user=null | ip=null | op=PUT_BLOCK {blockData=[blockId=conID: 2 locID: 102734075691139699 bcsId: 0,size=1048576]} | ret=SUCCESS |  
2019-09-04 11:46:30,548 | INFO  | DNAudit | user=null | ip=null | op=PUT_BLOCK {blockData=[blockId=conID: 2 locID: 102734075691139699 bcsId: 0,size=1048576]} | ret=SUCCESS |  
2019-09-04 11:46:30,548 [grpc-default-executor-1] INFO  client.GrpcClientProtocolClient (GrpcClientProtocolClient.java:onNext(255)) - client-D5CE890D7D9E->efcb8ff8-f060-4d95-9215-d0f5eb4af037: receive RaftClientReply:client-D5CE890D7D9E->efcb8ff8-f060-4d95-9215-d0f5eb4af037@group-0959F8DF43ED, cid=2838, SUCCESS, logIndex=0, commits[efcb8ff8-f060-4d95-9215-d0f5eb4af037:c4250, 6fae8b02-e804-4c0e-b729-a97b7404b7f6:c4247, 4c3e8a66-6975-4917-8225-d3efe707aaff:c4247]
2019-09-04 11:46:30,554 | INFO  | DNAudit | user=null | ip=null | op=WRITE_CHUNK {blockData=conID: 2 locID: 102734075691139699 bcsId: 4249} | ret=SUCCESS |  
2019-09-04 11:46:30,557 | INFO  | DNAudit | user=null | ip=null | op=WRITE_CHUNK {blockData=conID: 2 locID: 102734075691139699 bcsId: 4249} | ret=SUCCESS |  
2019-09-04 11:46:30,557 | INFO  | DNAudit | user=null | ip=null | op=WRITE_CHUNK {blockData=conID: 2 locID: 102734075691139699 bcsId: 4249} | ret=SUCCESS |  
2019-09-04 11:46:30,561 | INFO  | DNAudit | user=null | ip=null | op=WRITE_CHUNK {blockData=conID: 2 locID: 102734075691139699 bcsId: 0} | ret=SUCCESS |  
2019-09-04 11:46:30,562 | INFO  | DNAudit | user=null | ip=null | op=PUT_BLOCK {blockData=[blockId=conID: 2 locID: 102734075691139699 bcsId: 0,size=2097152]} | ret=SUCCESS |  
2019-09-04 11:46:30,562 | INFO  | DNAudit | user=null | ip=null | op=WRITE_CHUNK {blockData=conID: 2 locID: 102734075691139699 bcsId: 0} | ret=SUCCESS |  
2019-09-04 11:46:30,562 | INFO  | DNAudit | user=null | ip=null | op=PUT_BLOCK {blockData=[blockId=conID: 2 locID: 102734075691139699 bcsId: 0,size=2097152]} | ret=SUCCESS |  
2019-09-04 11:46:30,584 | INFO  | DNAudit | user=null | ip=null | op=WRITE_CHUNK {blockData=conID: 2 locID: 102734075691139699 bcsId: 4249} | ret=SUCCESS |  
2019-09-04 11:46:30,585 | INFO  | DNAudit | user=null | ip=null | op=PUT_BLOCK {blockData=[blockId=conID: 2 locID: 102734075691139699 bcsId: 0,size=3145728]} | ret=SUCCESS |  
2019-09-04 11:46:30,585 [grpc-default-executor-1] INFO  client.GrpcClientProtocolClient (GrpcClientProtocolClient.java:onNext(255)) - client-D5CE890D7D9E->efcb8ff8-f060-4d95-9215-d0f5eb4af037: receive RaftClientReply:client-D5CE890D7D9E->efcb8ff8-f060-4d95-9215-d0f5eb4af037@group-0959F8DF43ED, cid=2839, SUCCESS, logIndex=4254, commits[efcb8ff8-f060-4d95-9215-d0f5eb4af037:c4255, 6fae8b02-e804-4c0e-b729-a97b7404b7f6:c4251, 4c3e8a66-6975-4917-8225-d3efe707aaff:c4251]
2019-09-04 11:46:30,585 [grpc-default-executor-1] INFO  client.GrpcClientProtocolClient (GrpcClientProtocolClient.java:onNext(255)) - client-D5CE890D7D9E->efcb8ff8-f060-4d95-9215-d0f5eb4af037: receive RaftClientReply:client-D5CE890D7D9E->efcb8ff8-f060-4d95-9215-d0f5eb4af037@group-0959F8DF43ED, cid=2840, SUCCESS, logIndex=4255, commits[efcb8ff8-f060-4d95-9215-d0f5eb4af037:c4255, 6fae8b02-e804-4c0e-b729-a97b7404b7f6:c4251, 4c3e8a66-6975-4917-8225-d3efe707aaff:c4251]
2019-09-04 11:46:30,593 | INFO  | DNAudit | user=null | ip=null | op=WRITE_CHUNK {blockData=conID: 2 locID: 102734075691139699 bcsId: 4255} | ret=SUCCESS |  
2019-09-04 11:46:30,593 | INFO  | DNAudit | user=null | ip=null | op=WRITE_CHUNK {blockData=conID: 2 locID: 102734075691139699 bcsId: 4249} | ret=SUCCESS |  
2019-09-04 11:46:30,593 | INFO  | DNAudit | user=null | ip=null | op=PUT_BLOCK {blockData=[blockId=conID: 2 locID: 102734075691139699 bcsId: 0,size=3145728]} | ret=SUCCESS |  
2019-09-04 11:46:30,593 | INFO  | DNAudit | user=null | ip=null | op=WRITE_CHUNK {blockData=conID: 2 locID: 102734075691139699 bcsId: 4249} | ret=SUCCESS |  
2019-09-04 11:46:30,593 | INFO  | DNAudit | user=null | ip=null | op=WRITE_CHUNK {blockData=conID: 2 locID: 102734075691139699 bcsId: 4255} | ret=SUCCESS |  
2019-09-04 11:46:30,593 | INFO  | DNAudit | user=null | ip=null | op=PUT_BLOCK {blockData=[blockId=conID: 2 locID: 102734075691139699 bcsId: 0,size=3145728]} | ret=SUCCESS |  
2019-09-04 11:46:30,594 | INFO  | DNAudit | user=null | ip=null | op=WRITE_CHUNK {blockData=conID: 2 locID: 102734075691139699 bcsId: 4255} | ret=SUCCESS |  
2019-09-04 11:46:30,607 | INFO  | DNAudit | user=null | ip=null | op=WRITE_CHUNK {blockData=conID: 2 locID: 102734075691139699 bcsId: 4255} | ret=SUCCESS |  
2019-09-04 11:46:30,607 | INFO  | DNAudit | user=null | ip=null | op=PUT_BLOCK {blockData=[blockId=conID: 2 locID: 102734075691139699 bcsId: 0,size=4194304]} | ret=SUCCESS |  
2019-09-04 11:46:30,607 [grpc-default-executor-1] INFO  client.GrpcClientProtocolClient (GrpcClientProtocolClient.java:onNext(255)) - client-D5CE890D7D9E->efcb8ff8-f060-4d95-9215-d0f5eb4af037: receive RaftClientReply:client-D5CE890D7D9E->efcb8ff8-f060-4d95-9215-d0f5eb4af037@group-0959F8DF43ED, cid=2841, SUCCESS, logIndex=4258, commits[efcb8ff8-f060-4d95-9215-d0f5eb4af037:c4258, 6fae8b02-e804-4c0e-b729-a97b7404b7f6:c4255, 4c3e8a66-6975-4917-8225-d3efe707aaff:c4255]
2019-09-04 11:46:30,608 [grpc-default-executor-1] INFO  client.GrpcClientProtocolClient (GrpcClientProtocolClient.java:onNext(255)) - client-D5CE890D7D9E->efcb8ff8-f060-4d95-9215-d0f5eb4af037: receive RaftClientReply:client-D5CE890D7D9E->efcb8ff8-f060-4d95-9215-d0f5eb4af037@group-0959F8DF43ED, cid=2842, SUCCESS, logIndex=4259, commits[efcb8ff8-f060-4d95-9215-d0f5eb4af037:c4259, 6fae8b02-e804-4c0e-b729-a97b7404b7f6:c4255, 4c3e8a66-6975-4917-8225-d3efe707aaff:c4255]
2019-09-04 11:46:30,620 | INFO  | DNAudit | user=null | ip=null | op=WRITE_CHUNK {blockData=conID: 2 locID: 102734075691139699 bcsId: 4255} | ret=SUCCESS |  
2019-09-04 11:46:30,620 | INFO  | DNAudit | user=null | ip=null | op=WRITE_CHUNK {blockData=conID: 2 locID: 102734075691139699 bcsId: 4255} | ret=SUCCESS |  
2019-09-04 11:46:30,622 | INFO  | DNAudit | user=null | ip=null | op=PUT_BLOCK {blockData=[blockId=conID: 2 locID: 102734075691139699 bcsId: 0,size=4194304]} | ret=SUCCESS |  
2019-09-04 11:46:30,622 | INFO  | DNAudit | user=null | ip=null | op=PUT_BLOCK {blockData=[blockId=conID: 2 locID: 102734075691139699 bcsId: 0,size=4194304]} | ret=SUCCESS |  
2019-09-04 11:46:30,623 [grpc-default-executor-1] INFO  client.GrpcClientProtocolClient (GrpcClientProtocolClient.java:onNext(255)) - client-D5CE890D7D9E->efcb8ff8-f060-4d95-9215-d0f5eb4af037: receive RaftClientReply:client-D5CE890D7D9E->efcb8ff8-f060-4d95-9215-d0f5eb4af037@group-0959F8DF43ED, cid=2843, SUCCESS, logIndex=0, commits[efcb8ff8-f060-4d95-9215-d0f5eb4af037:c4261, 6fae8b02-e804-4c0e-b729-a97b7404b7f6:c4259, 4c3e8a66-6975-4917-8225-d3efe707aaff:c4259]
2019-09-04 11:46:30,631 | INFO  | SCMAudit | user=jenkins1000 | ip=192.168.36.67 | op=ALLOCATE_BLOCK {owner=8ab292a2-aaa7-4ad8-863a-d33994811155, size=4194304, type=RATIS, factor=THREE} | ret=SUCCESS |  
2019-09-04 11:46:30,637 | INFO  | OMAudit | user=jenkins1000 | ip=127.0.0.1 | op=ALLOCATE_BLOCK {volume=vol-0-58699, bucket=bucket-0-57464, key=key-0-37266, dataSize=0, replicationType=null, replicationFactor=null, keyLocationInfo=null, clientID=102734073355960722} | ret=SUCCESS |  
2019-09-04 11:46:30,644 | INFO  | DNAudit | user=null | ip=null | op=WRITE_CHUNK {blockData=conID: 3 locID: 102734075699593844 bcsId: 0} | ret=SUCCESS |  
2019-09-04 11:46:30,646 | INFO  | DNAudit | user=null | ip=null | op=WRITE_CHUNK {blockData=conID: 3 locID: 102734075699593844 bcsId: 0} | ret=SUCCESS |  
2019-09-04 11:46:30,646 | INFO  | DNAudit | user=null | ip=null | op=WRITE_CHUNK {blockData=conID: 3 locID: 102734075699593844 bcsId: 0} | ret=SUCCESS |  
2019-09-04 11:46:30,647 | INFO  | DNAudit | user=null | ip=null | op=WRITE_CHUNK {blockData=conID: 3 locID: 102734075699593844 bcsId: 0} | ret=SUCCESS |  
2019-09-04 11:46:30,648 | INFO  | DNAudit | user=null | ip=null | op=WRITE_CHUNK {blockData=conID: 3 locID: 102734075699593844 bcsId: 0} | ret=SUCCESS |  
2019-09-04 11:46:30,648 | INFO  | DNAudit | user=null | ip=null | op=WRITE_CHUNK {blockData=conID: 3 locID: 102734075699593844 bcsId: 0} | ret=SUCCESS |  
2019-09-04 11:46:30,665 | INFO  | DNAudit | user=null | ip=null | op=WRITE_CHUNK {blockData=conID: 3 locID: 102734075699593844 bcsId: 0} | ret=SUCCESS |  
2019-09-04 11:46:30,665 | INFO  | DNAudit | user=null | ip=null | op=PUT_BLOCK {blockData=[blockId=conID: 3 locID: 102734075699593844 bcsId: 0,size=1048576]} | ret=SUCCESS |  
2019-09-04 11:46:30,665 [grpc-default-executor-1] INFO  client.GrpcClientProtocolClient (GrpcClientProtocolClient.java:onNext(255)) - client-D5CE890D7D9E->efcb8ff8-f060-4d95-9215-d0f5eb4af037: receive RaftClientReply:client-D5CE890D7D9E->efcb8ff8-f060-4d95-9215-d0f5eb4af037@group-0959F8DF43ED, cid=2844, SUCCESS, logIndex=4262, commits[efcb8ff8-f060-4d95-9215-d0f5eb4af037:c4265, 6fae8b02-e804-4c0e-b729-a97b7404b7f6:c4261, 4c3e8a66-6975-4917-8225-d3efe707aaff:c4259]
2019-09-04 11:46:30,666 | INFO  | DNAudit | user=null | ip=null | op=WRITE_CHUNK {blockData=conID: 3 locID: 102734075699593844 bcsId: 0} | ret=SUCCESS |  
2019-09-04 11:46:30,666 | INFO  | DNAudit | user=null | ip=null | op=PUT_BLOCK {blockData=[blockId=conID: 3 locID: 102734075699593844 bcsId: 0,size=2097152]} | ret=SUCCESS |  
2019-09-04 11:46:30,666 [grpc-default-executor-1] INFO  client.GrpcClientProtocolClient (GrpcClientProtocolClient.java:onNext(255)) - client-D5CE890D7D9E->efcb8ff8-f060-4d95-9215-d0f5eb4af037: receive RaftClientReply:client-D5CE890D7D9E->efcb8ff8-f060-4d95-9215-d0f5eb4af037@group-0959F8DF43ED, cid=2845, SUCCESS, logIndex=4263, commits[efcb8ff8-f060-4d95-9215-d0f5eb4af037:c4265, 6fae8b02-e804-4c0e-b729-a97b7404b7f6:c4261, 4c3e8a66-6975-4917-8225-d3efe707aaff:c4261]
2019-09-04 11:46:30,667 [grpc-default-executor-1] INFO  client.GrpcClientProtocolClient (GrpcClientProtocolClient.java:onNext(255)) - client-D5CE890D7D9E->efcb8ff8-f060-4d95-9215-d0f5eb4af037: receive RaftClientReply:client-D5CE890D7D9E->efcb8ff8-f060-4d95-9215-d0f5eb4af037@group-0959F8DF43ED, cid=2846, SUCCESS, logIndex=4264, commits[efcb8ff8-f060-4d95-9215-d0f5eb4af037:c4265, 6fae8b02-e804-4c0e-b729-a97b7404b7f6:c4261, 4c3e8a66-6975-4917-8225-d3efe707aaff:c4261]
2019-09-04 11:46:30,667 [grpc-default-executor-1] INFO  client.GrpcClientProtocolClient (GrpcClientProtocolClient.java:onNext(255)) - client-D5CE890D7D9E->efcb8ff8-f060-4d95-9215-d0f5eb4af037: receive RaftClientReply:client-D5CE890D7D9E->efcb8ff8-f060-4d95-9215-d0f5eb4af037@group-0959F8DF43ED, cid=2847, SUCCESS, logIndex=4265, commits[efcb8ff8-f060-4d95-9215-d0f5eb4af037:c4265, 6fae8b02-e804-4c0e-b729-a97b7404b7f6:c4261, 4c3e8a66-6975-4917-8225-d3efe707aaff:c4261]
2019-09-04 11:46:30,670 | INFO  | DNAudit | user=null | ip=null | op=WRITE_CHUNK {blockData=conID: 3 locID: 102734075699593844 bcsId: 0} | ret=SUCCESS |  
2019-09-04 11:46:30,671 | INFO  | DNAudit | user=null | ip=null | op=PUT_BLOCK {blockData=[blockId=conID: 3 locID: 102734075699593844 bcsId: 0,size=1048576]} | ret=SUCCESS |  
2019-09-04 11:46:30,671 | INFO  | DNAudit | user=null | ip=null | op=WRITE_CHUNK {blockData=conID: 3 locID: 102734075699593844 bcsId: 0} | ret=SUCCESS |  
2019-09-04 11:46:30,671 | INFO  | DNAudit | user=null | ip=null | op=PUT_BLOCK {blockData=[blockId=conID: 3 locID: 102734075699593844 bcsId: 0,size=1048576]} | ret=SUCCESS |  
2019-09-04 11:46:30,671 | INFO  | DNAudit | user=null | ip=null | op=WRITE_CHUNK {blockData=conID: 3 locID: 102734075699593844 bcsId: 0} | ret=SUCCESS |  
2019-09-04 11:46:30,671 [grpc-default-executor-1] INFO  client.GrpcClientProtocolClient (GrpcClientProtocolClient.java:onNext(255)) - client-D5CE890D7D9E->efcb8ff8-f060-4d95-9215-d0f5eb4af037: receive RaftClientReply:client-D5CE890D7D9E->efcb8ff8-f060-4d95-9215-d0f5eb4af037@group-0959F8DF43ED, cid=2848, SUCCESS, logIndex=0, commits[efcb8ff8-f060-4d95-9215-d0f5eb4af037:c4266, 6fae8b02-e804-4c0e-b729-a97b7404b7f6:c4263, 4c3e8a66-6975-4917-8225-d3efe707aaff:c4264]
2019-09-04 11:46:30,672 | INFO  | DNAudit | user=null | ip=null | op=WRITE_CHUNK {blockData=conID: 3 locID: 102734075699593844 bcsId: 0} | ret=SUCCESS |  
2019-09-04 11:46:30,672 | INFO  | DNAudit | user=null | ip=null | op=PUT_BLOCK {blockData=[blockId=conID: 3 locID: 102734075699593844 bcsId: 0,size=2097152]} | ret=SUCCESS |  
2019-09-04 11:46:30,672 | INFO  | DNAudit | user=null | ip=null | op=PUT_BLOCK {blockData=[blockId=conID: 3 locID: 102734075699593844 bcsId: 0,size=2097152]} | ret=SUCCESS |  
2019-09-04 11:46:30,678 | INFO  | DNAudit | user=null | ip=null | op=WRITE_CHUNK {blockData=conID: 3 locID: 102734075699593844 bcsId: 4265} | ret=SUCCESS |  
2019-09-04 11:46:30,680 | INFO  | DNAudit | user=null | ip=null | op=WRITE_CHUNK {blockData=conID: 3 locID: 102734075699593844 bcsId: 4265} | ret=SUCCESS |  
2019-09-04 11:46:30,681 | INFO  | DNAudit | user=null | ip=null | op=WRITE_CHUNK {blockData=conID: 3 locID: 102734075699593844 bcsId: 4265} | ret=SUCCESS |  
2019-09-04 11:46:30,690 | INFO  | DNAudit | user=null | ip=null | op=WRITE_CHUNK {blockData=conID: 3 locID: 102734075699593844 bcsId: 4265} | ret=SUCCESS |  
2019-09-04 11:46:30,690 | INFO  | DNAudit | user=null | ip=null | op=PUT_BLOCK {blockData=[blockId=conID: 3 locID: 102734075699593844 bcsId: 0,size=3145728]} | ret=SUCCESS |  
2019-09-04 11:46:30,690 [grpc-default-executor-6] INFO  client.GrpcClientProtocolClient (GrpcClientProtocolClient.java:onNext(255)) - client-D5CE890D7D9E->efcb8ff8-f060-4d95-9215-d0f5eb4af037: receive RaftClientReply:client-D5CE890D7D9E->efcb8ff8-f060-4d95-9215-d0f5eb4af037@group-0959F8DF43ED, cid=2849, SUCCESS, logIndex=4270, commits[efcb8ff8-f060-4d95-9215-d0f5eb4af037:c4271, 6fae8b02-e804-4c0e-b729-a97b7404b7f6:c4269, 4c3e8a66-6975-4917-8225-d3efe707aaff:c4269]
2019-09-04 11:46:30,691 [grpc-default-executor-6] INFO  client.GrpcClientProtocolClient (GrpcClientProtocolClient.java:onNext(255)) - client-D5CE890D7D9E->efcb8ff8-f060-4d95-9215-d0f5eb4af037: receive RaftClientReply:client-D5CE890D7D9E->efcb8ff8-f060-4d95-9215-d0f5eb4af037@group-0959F8DF43ED, cid=2850, SUCCESS, logIndex=4271, commits[efcb8ff8-f060-4d95-9215-d0f5eb4af037:c4271, 6fae8b02-e804-4c0e-b729-a97b7404b7f6:c4269, 4c3e8a66-6975-4917-8225-d3efe707aaff:c4269]
2019-09-04 11:46:30,698 | INFO  | DNAudit | user=null | ip=null | op=WRITE_CHUNK {blockData=conID: 3 locID: 102734075699593844 bcsId: 4271} | ret=SUCCESS |  
2019-09-04 11:46:30,699 | INFO  | DNAudit | user=null | ip=null | op=WRITE_CHUNK {blockData=conID: 3 locID: 102734075699593844 bcsId: 4271} | ret=SUCCESS |  
2019-09-04 11:46:30,700 | INFO  | DNAudit | user=null | ip=null | op=WRITE_CHUNK {blockData=conID: 3 locID: 102734075699593844 bcsId: 4271} | ret=SUCCESS |  
2019-09-04 11:46:30,702 | INFO  | DNAudit | user=null | ip=null | op=WRITE_CHUNK {blockData=conID: 3 locID: 102734075699593844 bcsId: 4265} | ret=SUCCESS |  
2019-09-04 11:46:30,702 | INFO  | DNAudit | user=null | ip=null | op=WRITE_CHUNK {blockData=conID: 3 locID: 102734075699593844 bcsId: 4265} | ret=SUCCESS |  
2019-09-04 11:46:30,702 | INFO  | DNAudit | user=null | ip=null | op=PUT_BLOCK {blockData=[blockId=conID: 3 locID: 102734075699593844 bcsId: 0,size=3145728]} | ret=SUCCESS |  
2019-09-04 11:46:30,703 | INFO  | DNAudit | user=null | ip=null | op=PUT_BLOCK {blockData=[blockId=conID: 3 locID: 102734075699593844 bcsId: 0,size=3145728]} | ret=SUCCESS |  
2019-09-04 11:46:30,704 | INFO  | DNAudit | user=null | ip=null | op=WRITE_CHUNK {blockData=conID: 3 locID: 102734075699593844 bcsId: 4271} | ret=SUCCESS |  
2019-09-04 11:46:30,704 | INFO  | DNAudit | user=null | ip=null | op=PUT_BLOCK {blockData=[blockId=conID: 3 locID: 102734075699593844 bcsId: 0,size=4194304]} | ret=SUCCESS |  
2019-09-04 11:46:30,705 [grpc-default-executor-6] INFO  client.GrpcClientProtocolClient (GrpcClientProtocolClient.java:onNext(255)) - client-D5CE890D7D9E->efcb8ff8-f060-4d95-9215-d0f5eb4af037: receive RaftClientReply:client-D5CE890D7D9E->efcb8ff8-f060-4d95-9215-d0f5eb4af037@group-0959F8DF43ED, cid=2851, SUCCESS, logIndex=4274, commits[efcb8ff8-f060-4d95-9215-d0f5eb4af037:c4275, 6fae8b02-e804-4c0e-b729-a97b7404b7f6:c4271, 4c3e8a66-6975-4917-8225-d3efe707aaff:c4271]
2019-09-04 11:46:30,705 [grpc-default-executor-6] INFO  client.GrpcClientProtocolClient (GrpcClientProtocolClient.java:onNext(255)) - client-D5CE890D7D9E->efcb8ff8-f060-4d95-9215-d0f5eb4af037: receive RaftClientReply:client-D5CE890D7D9E->efcb8ff8-f060-4d95-9215-d0f5eb4af037@group-0959F8DF43ED, cid=2852, SUCCESS, logIndex=4275, commits[efcb8ff8-f060-4d95-9215-d0f5eb4af037:c4275, 6fae8b02-e804-4c0e-b729-a97b7404b7f6:c4271, 4c3e8a66-6975-4917-8225-d3efe707aaff:c4271]
2019-09-04 11:46:30,707 | INFO  | SCMAudit | user=jenkins1000 | ip=192.168.36.67 | op=SEND_HEARTBEAT {datanodeUUID=b68b188c-7f38-42ae-8403-46a39acd0731, command=[]} | ret=SUCCESS |  
2019-09-04 11:46:30,715 | INFO  | DNAudit | user=null | ip=null | op=WRITE_CHUNK {blockData=conID: 3 locID: 102734075699593844 bcsId: 4271} | ret=SUCCESS |  
2019-09-04 11:46:30,715 | INFO  | DNAudit | user=null | ip=null | op=WRITE_CHUNK {blockData=conID: 3 locID: 102734075699593844 bcsId: 4271} | ret=SUCCESS |  
2019-09-04 11:46:30,716 | INFO  | DNAudit | user=null | ip=null | op=PUT_BLOCK {blockData=[blockId=conID: 3 locID: 102734075699593844 bcsId: 0,size=4194304]} | ret=SUCCESS |  
2019-09-04 11:46:30,717 | INFO  | DNAudit | user=null | ip=null | op=PUT_BLOCK {blockData=[blockId=conID: 3 locID: 102734075699593844 bcsId: 0,size=4194304]} | ret=SUCCESS |  
2019-09-04 11:46:30,717 [grpc-default-executor-0] INFO  client.GrpcClientProtocolClient (GrpcClientProtocolClient.java:onNext(255)) - client-D5CE890D7D9E->efcb8ff8-f060-4d95-9215-d0f5eb4af037: receive RaftClientReply:client-D5CE890D7D9E->efcb8ff8-f060-4d95-9215-d0f5eb4af037@group-0959F8DF43ED, cid=2853, SUCCESS, logIndex=0, commits[efcb8ff8-f060-4d95-9215-d0f5eb4af037:c4276, 6fae8b02-e804-4c0e-b729-a97b7404b7f6:c4275, 4c3e8a66-6975-4917-8225-d3efe707aaff:c4275]
2019-09-04 11:46:30,724 | INFO  | SCMAudit | user=jenkins1000 | ip=192.168.36.67 | op=ALLOCATE_BLOCK {owner=8ab292a2-aaa7-4ad8-863a-d33994811155, size=4194304, type=RATIS, factor=THREE} | ret=SUCCESS |  
2019-09-04 11:46:30,729 | INFO  | OMAudit | user=jenkins1000 | ip=127.0.0.1 | op=ALLOCATE_BLOCK {volume=vol-0-58699, bucket=bucket-0-57464, key=key-0-37266, dataSize=0, replicationType=null, replicationFactor=null, keyLocationInfo=null, clientID=102734073355960722} | ret=SUCCESS |  
2019-09-04 11:46:30,736 | INFO  | DNAudit | user=null | ip=null | op=WRITE_CHUNK {blockData=conID: 1 locID: 102734075705688693 bcsId: 0} | ret=SUCCESS |  
2019-09-04 11:46:30,737 | INFO  | SCMAudit | user=jenkins1000 | ip=192.168.36.67 | op=SEND_HEARTBEAT {datanodeUUID=4c3e8a66-6975-4917-8225-d3efe707aaff, command=[]} | ret=SUCCESS |  
2019-09-04 11:46:30,737 | INFO  | SCMAudit | user=jenkins1000 | ip=192.168.36.67 | op=SEND_HEARTBEAT {datanodeUUID=6fae8b02-e804-4c0e-b729-a97b7404b7f6, command=[]} | ret=SUCCESS |  
2019-09-04 11:46:30,739 | INFO  | DNAudit | user=null | ip=null | op=WRITE_CHUNK {blockData=conID: 1 locID: 102734075705688693 bcsId: 0} | ret=SUCCESS |  
2019-09-04 11:46:30,739 | INFO  | DNAudit | user=null | ip=null | op=WRITE_CHUNK {blockData=conID: 1 locID: 102734075705688693 bcsId: 0} | ret=SUCCESS |  
2019-09-04 11:46:30,739 | INFO  | DNAudit | user=null | ip=null | op=WRITE_CHUNK {blockData=conID: 1 locID: 102734075705688693 bcsId: 0} | ret=SUCCESS |  
2019-09-04 11:46:30,740 | INFO  | DNAudit | user=null | ip=null | op=WRITE_CHUNK {blockData=conID: 1 locID: 102734075705688693 bcsId: 0} | ret=SUCCESS |  
2019-09-04 11:46:30,740 | INFO  | DNAudit | user=null | ip=null | op=WRITE_CHUNK {blockData=conID: 1 locID: 102734075705688693 bcsId: 0} | ret=SUCCESS |  
2019-09-04 11:46:30,740 | INFO  | SCMAudit | user=jenkins1000 | ip=192.168.36.67 | op=SEND_HEARTBEAT {datanodeUUID=0b776101-1d39-4f23-96c0-6a8ead31197c, command=[]} | ret=SUCCESS |  
2019-09-04 11:46:30,745 | INFO  | SCMAudit | user=jenkins1000 | ip=192.168.36.67 | op=SEND_HEARTBEAT {datanodeUUID=efcb8ff8-f060-4d95-9215-d0f5eb4af037, command=[]} | ret=SUCCESS |  
2019-09-04 11:46:30,748 | INFO  | DNAudit | user=null | ip=null | op=WRITE_CHUNK {blockData=conID: 1 locID: 102734075705688693 bcsId: 0} | ret=SUCCESS |  
2019-09-04 11:46:30,748 | INFO  | DNAudit | user=null | ip=null | op=PUT_BLOCK {blockData=[blockId=conID: 1 locID: 102734075705688693 bcsId: 0,size=1048576]} | ret=SUCCESS |  
2019-09-04 11:46:30,748 | INFO  | DNAudit | user=null | ip=null | op=WRITE_CHUNK {blockData=conID: 1 locID: 102734075705688693 bcsId: 0} | ret=SUCCESS |  
2019-09-04 11:46:30,748 [grpc-default-executor-0] INFO  client.GrpcClientProtocolClient (GrpcClientProtocolClient.java:onNext(255)) - client-D5CE890D7D9E->efcb8ff8-f060-4d95-9215-d0f5eb4af037: receive RaftClientReply:client-D5CE890D7D9E->efcb8ff8-f060-4d95-9215-d0f5eb4af037@group-0959F8DF43ED, cid=2854, SUCCESS, logIndex=4278, commits[efcb8ff8-f060-4d95-9215-d0f5eb4af037:c4280, 6fae8b02-e804-4c0e-b729-a97b7404b7f6:c4277, 4c3e8a66-6975-4917-8225-d3efe707aaff:c4277]
2019-09-04 11:46:30,749 | INFO  | DNAudit | user=null | ip=null | op=PUT_BLOCK {blockData=[blockId=conID: 1 locID: 102734075705688693 bcsId: 0,size=2097152]} | ret=SUCCESS |  
2019-09-04 11:46:30,749 [grpc-default-executor-0] INFO  client.GrpcClientProtocolClient (GrpcClientProtocolClient.java:onNext(255)) - client-D5CE890D7D9E->efcb8ff8-f060-4d95-9215-d0f5eb4af037: receive RaftClientReply:client-D5CE890D7D9E->efcb8ff8-f060-4d95-9215-d0f5eb4af037@group-0959F8DF43ED, cid=2855, SUCCESS, logIndex=4279, commits[efcb8ff8-f060-4d95-9215-d0f5eb4af037:c4281, 6fae8b02-e804-4c0e-b729-a97b7404b7f6:c4277, 4c3e8a66-6975-4917-8225-d3efe707aaff:c4277]
2019-09-04 11:46:30,749 [grpc-default-executor-0] INFO  client.GrpcClientProtocolClient (GrpcClientProtocolClient.java:onNext(255)) - client-D5CE890D7D9E->efcb8ff8-f060-4d95-9215-d0f5eb4af037: receive RaftClientReply:client-D5CE890D7D9E->efcb8ff8-f060-4d95-9215-d0f5eb4af037@group-0959F8DF43ED, cid=2856, SUCCESS, logIndex=4280, commits[efcb8ff8-f060-4d95-9215-d0f5eb4af037:c4281, 6fae8b02-e804-4c0e-b729-a97b7404b7f6:c4277, 4c3e8a66-6975-4917-8225-d3efe707aaff:c4277]
2019-09-04 11:46:30,749 [grpc-default-executor-0] INFO  client.GrpcClientProtocolClient (GrpcClientProtocolClient.java:onNext(255)) - client-D5CE890D7D9E->efcb8ff8-f060-4d95-9215-d0f5eb4af037: receive RaftClientReply:client-D5CE890D7D9E->efcb8ff8-f060-4d95-9215-d0f5eb4af037@group-0959F8DF43ED, cid=2857, SUCCESS, logIndex=4281, commits[efcb8ff8-f060-4d95-9215-d0f5eb4af037:c4281, 6fae8b02-e804-4c0e-b729-a97b7404b7f6:c4277, 4c3e8a66-6975-4917-8225-d3efe707aaff:c4277]
2019-09-04 11:46:30,756 | INFO  | DNAudit | user=null | ip=null | op=WRITE_CHUNK {blockData=conID: 1 locID: 102734075705688693 bcsId: 0} | ret=SUCCESS |  
2019-09-04 11:46:30,756 | INFO  | DNAudit | user=null | ip=null | op=WRITE_CHUNK {blockData=conID: 1 locID: 102734075705688693 bcsId: 0} | ret=SUCCESS |  
2019-09-04 11:46:30,756 | INFO  | DNAudit | user=null | ip=null | op=PUT_BLOCK {blockData=[blockId=conID: 1 locID: 102734075705688693 bcsId: 0,size=1048576]} | ret=SUCCESS |  
2019-09-04 11:46:30,756 | INFO  | DNAudit | user=null | ip=null | op=PUT_BLOCK {blockData=[blockId=conID: 1 locID: 102734075705688693 bcsId: 0,size=1048576]} | ret=SUCCESS |  
2019-09-04 11:46:30,756 [grpc-default-executor-6] INFO  client.GrpcClientProtocolClient (GrpcClientProtocolClient.java:onNext(255)) - client-D5CE890D7D9E->efcb8ff8-f060-4d95-9215-d0f5eb4af037: receive RaftClientReply:client-D5CE890D7D9E->efcb8ff8-f060-4d95-9215-d0f5eb4af037@group-0959F8DF43ED, cid=2858, SUCCESS, logIndex=0, commits[efcb8ff8-f060-4d95-9215-d0f5eb4af037:c4282, 6fae8b02-e804-4c0e-b729-a97b7404b7f6:c4279, 4c3e8a66-6975-4917-8225-d3efe707aaff:c4279]
2019-09-04 11:46:30,757 | INFO  | DNAudit | user=null | ip=null | op=WRITE_CHUNK {blockData=conID: 1 locID: 102734075705688693 bcsId: 0} | ret=SUCCESS |  
2019-09-04 11:46:30,757 | INFO  | DNAudit | user=null | ip=null | op=PUT_BLOCK {blockData=[blockId=conID: 1 locID: 102734075705688693 bcsId: 0,size=2097152]} | ret=SUCCESS |  
2019-09-04 11:46:30,758 | INFO  | DNAudit | user=null | ip=null | op=WRITE_CHUNK {blockData=conID: 1 locID: 102734075705688693 bcsId: 0} | ret=SUCCESS |  
2019-09-04 11:46:30,758 | INFO  | DNAudit | user=null | ip=null | op=PUT_BLOCK {blockData=[blockId=conID: 1 locID: 102734075705688693 bcsId: 0,size=2097152]} | ret=SUCCESS |  
2019-09-04 11:46:30,763 | INFO  | DNAudit | user=null | ip=null | op=WRITE_CHUNK {blockData=conID: 1 locID: 102734075705688693 bcsId: 4281} | ret=SUCCESS |  
2019-09-04 11:46:30,765 | INFO  | DNAudit | user=null | ip=null | op=WRITE_CHUNK {blockData=conID: 1 locID: 102734075705688693 bcsId: 4281} | ret=SUCCESS |  
2019-09-04 11:46:30,765 | INFO  | DNAudit | user=null | ip=null | op=WRITE_CHUNK {blockData=conID: 1 locID: 102734075705688693 bcsId: 4281} | ret=SUCCESS |  
2019-09-04 11:46:30,782 | INFO  | DNAudit | user=null | ip=null | op=WRITE_CHUNK {blockData=conID: 1 locID: 102734075705688693 bcsId: 4281} | ret=SUCCESS |  
2019-09-04 11:46:30,782 | INFO  | DNAudit | user=null | ip=null | op=PUT_BLOCK {blockData=[blockId=conID: 1 locID: 102734075705688693 bcsId: 0,size=3145728]} | ret=SUCCESS |  
2019-09-04 11:46:30,782 [grpc-default-executor-0] INFO  client.GrpcClientProtocolClient (GrpcClientProtocolClient.java:onNext(255)) - client-D5CE890D7D9E->efcb8ff8-f060-4d95-9215-d0f5eb4af037: receive RaftClientReply:client-D5CE890D7D9E->efcb8ff8-f060-4d95-9215-d0f5eb4af037@group-0959F8DF43ED, cid=2859, SUCCESS, logIndex=4286, commits[efcb8ff8-f060-4d95-9215-d0f5eb4af037:c4287, 6fae8b02-e804-4c0e-b729-a97b7404b7f6:c4285, 4c3e8a66-6975-4917-8225-d3efe707aaff:c4281]
2019-09-04 11:46:30,783 [grpc-default-executor-0] INFO  client.GrpcClientProtocolClient (GrpcClientProtocolClient.java:onNext(255)) - client-D5CE890D7D9E->efcb8ff8-f060-4d95-9215-d0f5eb4af037: receive RaftClientReply:client-D5CE890D7D9E->efcb8ff8-f060-4d95-9215-d0f5eb4af037@group-0959F8DF43ED, cid=2860, SUCCESS, logIndex=4287, commits[efcb8ff8-f060-4d95-9215-d0f5eb4af037:c4287, 6fae8b02-e804-4c0e-b729-a97b7404b7f6:c4285, 4c3e8a66-6975-4917-8225-d3efe707aaff:c4281]
2019-09-04 11:46:30,784 | INFO  | DNAudit | user=null | ip=null | op=WRITE_CHUNK {blockData=conID: 1 locID: 102734075705688693 bcsId: 4281} | ret=SUCCESS |  
2019-09-04 11:46:30,784 | INFO  | DNAudit | user=null | ip=null | op=WRITE_CHUNK {blockData=conID: 1 locID: 102734075705688693 bcsId: 4281} | ret=SUCCESS |  
2019-09-04 11:46:30,784 | INFO  | DNAudit | user=null | ip=null | op=PUT_BLOCK {blockData=[blockId=conID: 1 locID: 102734075705688693 bcsId: 0,size=3145728]} | ret=SUCCESS |  
2019-09-04 11:46:30,785 | INFO  | DNAudit | user=null | ip=null | op=PUT_BLOCK {blockData=[blockId=conID: 1 locID: 102734075705688693 bcsId: 0,size=3145728]} | ret=SUCCESS |  
2019-09-04 11:46:30,789 | INFO  | DNAudit | user=null | ip=null | op=WRITE_CHUNK {blockData=conID: 1 locID: 102734075705688693 bcsId: 4287} | ret=SUCCESS |  
2019-09-04 11:46:30,791 | INFO  | DNAudit | user=null | ip=null | op=WRITE_CHUNK {blockData=conID: 1 locID: 102734075705688693 bcsId: 4287} | ret=SUCCESS |  
2019-09-04 11:46:30,791 | INFO  | DNAudit | user=null | ip=null | op=WRITE_CHUNK {blockData=conID: 1 locID: 102734075705688693 bcsId: 4287} | ret=SUCCESS |  
2019-09-04 11:46:30,795 | INFO  | DNAudit | user=null | ip=null | op=WRITE_CHUNK {blockData=conID: 1 locID: 102734075705688693 bcsId: 4287} | ret=SUCCESS |  
2019-09-04 11:46:30,796 | INFO  | DNAudit | user=null | ip=null | op=PUT_BLOCK {blockData=[blockId=conID: 1 locID: 102734075705688693 bcsId: 0,size=4194304]} | ret=SUCCESS |  
2019-09-04 11:46:30,796 [grpc-default-executor-1] INFO  client.GrpcClientProtocolClient (GrpcClientProtocolClient.java:onNext(255)) - client-D5CE890D7D9E->efcb8ff8-f060-4d95-9215-d0f5eb4af037: receive RaftClientReply:client-D5CE890D7D9E->efcb8ff8-f060-4d95-9215-d0f5eb4af037@group-0959F8DF43ED, cid=2861, SUCCESS, logIndex=4290, commits[efcb8ff8-f060-4d95-9215-d0f5eb4af037:c4291, 6fae8b02-e804-4c0e-b729-a97b7404b7f6:c4289, 4c3e8a66-6975-4917-8225-d3efe707aaff:c4289]
2019-09-04 11:46:30,796 [grpc-default-executor-1] INFO  client.GrpcClientProtocolClient (GrpcClientProtocolClient.java:onNext(255)) - client-D5CE890D7D9E->efcb8ff8-f060-4d95-9215-d0f5eb4af037: receive RaftClientReply:client-D5CE890D7D9E->efcb8ff8-f060-4d95-9215-d0f5eb4af037@group-0959F8DF43ED, cid=2862, SUCCESS, logIndex=4291, commits[efcb8ff8-f060-4d95-9215-d0f5eb4af037:c4291, 6fae8b02-e804-4c0e-b729-a97b7404b7f6:c4289, 4c3e8a66-6975-4917-8225-d3efe707aaff:c4289]
2019-09-04 11:46:30,802 | INFO  | DNAudit | user=null | ip=null | op=WRITE_CHUNK {blockData=conID: 1 locID: 102734075705688693 bcsId: 4287} | ret=SUCCESS |  
2019-09-04 11:46:30,802 | INFO  | DNAudit | user=null | ip=null | op=WRITE_CHUNK {blockData=conID: 1 locID: 102734075705688693 bcsId: 4287} | ret=SUCCESS |  
2019-09-04 11:46:30,802 | INFO  | DNAudit | user=null | ip=null | op=PUT_BLOCK {blockData=[blockId=conID: 1 locID: 102734075705688693 bcsId: 0,size=4194304]} | ret=SUCCESS |  
2019-09-04 11:46:30,802 | INFO  | DNAudit | user=null | ip=null | op=PUT_BLOCK {blockData=[blockId=conID: 1 locID: 102734075705688693 bcsId: 0,size=4194304]} | ret=SUCCESS |  
2019-09-04 11:46:30,802 [grpc-default-executor-1] INFO  client.GrpcClientProtocolClient (GrpcClientProtocolClient.java:onNext(255)) - client-D5CE890D7D9E->efcb8ff8-f060-4d95-9215-d0f5eb4af037: receive RaftClientReply:client-D5CE890D7D9E->efcb8ff8-f060-4d95-9215-d0f5eb4af037@group-0959F8DF43ED, cid=2863, SUCCESS, logIndex=0, commits[efcb8ff8-f060-4d95-9215-d0f5eb4af037:c4292, 6fae8b02-e804-4c0e-b729-a97b7404b7f6:c4291, 4c3e8a66-6975-4917-8225-d3efe707aaff:c4291]
2019-09-04 11:46:30,810 | INFO  | SCMAudit | user=jenkins1000 | ip=192.168.36.67 | op=ALLOCATE_BLOCK {owner=8ab292a2-aaa7-4ad8-863a-d33994811155, size=4194304, type=RATIS, factor=THREE} | ret=SUCCESS |  
2019-09-04 11:46:30,815 | INFO  | OMAudit | user=jenkins1000 | ip=127.0.0.1 | op=ALLOCATE_BLOCK {volume=vol-0-58699, bucket=bucket-0-57464, key=key-0-37266, dataSize=0, replicationType=null, replicationFactor=null, keyLocationInfo=null, clientID=102734073355960722} | ret=SUCCESS |  
2019-09-04 11:46:30,944 | INFO  | DNAudit | user=null | ip=null | op=WRITE_CHUNK {blockData=conID: 2 locID: 102734075711324790 bcsId: 0} | ret=SUCCESS |  
2019-09-04 11:46:30,946 | INFO  | DNAudit | user=null | ip=null | op=WRITE_CHUNK {blockData=conID: 2 locID: 102734075711324790 bcsId: 0} | ret=SUCCESS |  
2019-09-04 11:46:30,947 | INFO  | DNAudit | user=null | ip=null | op=WRITE_CHUNK {blockData=conID: 2 locID: 102734075711324790 bcsId: 0} | ret=SUCCESS |  
2019-09-04 11:46:30,947 | INFO  | DNAudit | user=null | ip=null | op=WRITE_CHUNK {blockData=conID: 2 locID: 102734075711324790 bcsId: 0} | ret=SUCCESS |  
2019-09-04 11:46:30,948 | INFO  | DNAudit | user=null | ip=null | op=WRITE_CHUNK {blockData=conID: 2 locID: 102734075711324790 bcsId: 0} | ret=SUCCESS |  
2019-09-04 11:46:30,948 | INFO  | DNAudit | user=null | ip=null | op=WRITE_CHUNK {blockData=conID: 2 locID: 102734075711324790 bcsId: 0} | ret=SUCCESS |  
2019-09-04 11:46:30,952 | INFO  | DNAudit | user=null | ip=null | op=WRITE_CHUNK {blockData=conID: 2 locID: 102734075711324790 bcsId: 0} | ret=SUCCESS |  
2019-09-04 11:46:30,953 | INFO  | DNAudit | user=null | ip=null | op=PUT_BLOCK {blockData=[blockId=conID: 2 locID: 102734075711324790 bcsId: 0,size=1048576]} | ret=SUCCESS |  
2019-09-04 11:46:30,953 [grpc-default-executor-1] INFO  client.GrpcClientProtocolClient (GrpcClientProtocolClient.java:onNext(255)) - client-D5CE890D7D9E->efcb8ff8-f060-4d95-9215-d0f5eb4af037: receive RaftClientReply:client-D5CE890D7D9E->efcb8ff8-f060-4d95-9215-d0f5eb4af037@group-0959F8DF43ED, cid=2864, SUCCESS, logIndex=4294, commits[efcb8ff8-f060-4d95-9215-d0f5eb4af037:c4296, 6fae8b02-e804-4c0e-b729-a97b7404b7f6:c4293, 4c3e8a66-6975-4917-8225-d3efe707aaff:c4293]
2019-09-04 11:46:30,953 | INFO  | DNAudit | user=null | ip=null | op=WRITE_CHUNK {blockData=conID: 2 locID: 102734075711324790 bcsId: 0} | ret=SUCCESS |  
2019-09-04 11:46:30,953 [grpc-default-executor-1] INFO  client.GrpcClientProtocolClient (GrpcClientProtocolClient.java:onNext(255)) - client-D5CE890D7D9E->efcb8ff8-f060-4d95-9215-d0f5eb4af037: receive RaftClientReply:client-D5CE890D7D9E->efcb8ff8-f060-4d95-9215-d0f5eb4af037@group-0959F8DF43ED, cid=2865, SUCCESS, logIndex=4295, commits[efcb8ff8-f060-4d95-9215-d0f5eb4af037:c4297, 6fae8b02-e804-4c0e-b729-a97b7404b7f6:c4293, 4c3e8a66-6975-4917-8225-d3efe707aaff:c4293]
2019-09-04 11:46:30,954 | INFO  | DNAudit | user=null | ip=null | op=PUT_BLOCK {blockData=[blockId=conID: 2 locID: 102734075711324790 bcsId: 0,size=2097152]} | ret=SUCCESS |  
2019-09-04 11:46:30,954 [grpc-default-executor-1] INFO  client.GrpcClientProtocolClient (GrpcClientProtocolClient.java:onNext(255)) - client-D5CE890D7D9E->efcb8ff8-f060-4d95-9215-d0f5eb4af037: receive RaftClientReply:client-D5CE890D7D9E->efcb8ff8-f060-4d95-9215-d0f5eb4af037@group-0959F8DF43ED, cid=2866, SUCCESS, logIndex=4296, commits[efcb8ff8-f060-4d95-9215-d0f5eb4af037:c4297, 6fae8b02-e804-4c0e-b729-a97b7404b7f6:c4293, 4c3e8a66-6975-4917-8225-d3efe707aaff:c4293]
2019-09-04 11:46:30,954 [grpc-default-executor-1] INFO  client.GrpcClientProtocolClient (GrpcClientProtocolClient.java:onNext(255)) - client-D5CE890D7D9E->efcb8ff8-f060-4d95-9215-d0f5eb4af037: receive RaftClientReply:client-D5CE890D7D9E->efcb8ff8-f060-4d95-9215-d0f5eb4af037@group-0959F8DF43ED, cid=2867, SUCCESS, logIndex=4297, commits[efcb8ff8-f060-4d95-9215-d0f5eb4af037:c4297, 6fae8b02-e804-4c0e-b729-a97b7404b7f6:c4293, 4c3e8a66-6975-4917-8225-d3efe707aaff:c4293]
2019-09-04 11:46:30,967 | INFO  | DNAudit | user=null | ip=null | op=WRITE_CHUNK {blockData=conID: 2 locID: 102734075711324790 bcsId: 0} | ret=SUCCESS |  
2019-09-04 11:46:30,967 | INFO  | DNAudit | user=null | ip=null | op=PUT_BLOCK {blockData=[blockId=conID: 2 locID: 102734075711324790 bcsId: 0,size=1048576]} | ret=SUCCESS |  
2019-09-04 11:46:30,967 | INFO  | DNAudit | user=null | ip=null | op=WRITE_CHUNK {blockData=conID: 2 locID: 102734075711324790 bcsId: 0} | ret=SUCCESS |  
2019-09-04 11:46:30,967 | INFO  | DNAudit | user=null | ip=null | op=PUT_BLOCK {blockData=[blockId=conID: 2 locID: 102734075711324790 bcsId: 0,size=1048576]} | ret=SUCCESS |  
2019-09-04 11:46:30,967 [grpc-default-executor-1] INFO  client.GrpcClientProtocolClient (GrpcClientProtocolClient.java:onNext(255)) - client-D5CE890D7D9E->efcb8ff8-f060-4d95-9215-d0f5eb4af037: receive RaftClientReply:client-D5CE890D7D9E->efcb8ff8-f060-4d95-9215-d0f5eb4af037@group-0959F8DF43ED, cid=2868, SUCCESS, logIndex=0, commits[efcb8ff8-f060-4d95-9215-d0f5eb4af037:c4298, 6fae8b02-e804-4c0e-b729-a97b7404b7f6:c4295, 4c3e8a66-6975-4917-8225-d3efe707aaff:c4295]
2019-09-04 11:46:30,968 | INFO  | DNAudit | user=null | ip=null | op=WRITE_CHUNK {blockData=conID: 2 locID: 102734075711324790 bcsId: 0} | ret=SUCCESS |  
2019-09-04 11:46:30,968 | INFO  | DNAudit | user=null | ip=null | op=PUT_BLOCK {blockData=[blockId=conID: 2 locID: 102734075711324790 bcsId: 0,size=2097152]} | ret=SUCCESS |  
2019-09-04 11:46:30,969 | INFO  | DNAudit | user=null | ip=null | op=WRITE_CHUNK {blockData=conID: 2 locID: 102734075711324790 bcsId: 0} | ret=SUCCESS |  
2019-09-04 11:46:30,969 | INFO  | DNAudit | user=null | ip=null | op=PUT_BLOCK {blockData=[blockId=conID: 2 locID: 102734075711324790 bcsId: 0,size=2097152]} | ret=SUCCESS |  
2019-09-04 11:46:30,974 | INFO  | DNAudit | user=null | ip=null | op=WRITE_CHUNK {blockData=conID: 2 locID: 102734075711324790 bcsId: 4297} | ret=SUCCESS |  
2019-09-04 11:46:30,976 | INFO  | DNAudit | user=null | ip=null | op=WRITE_CHUNK {blockData=conID: 2 locID: 102734075711324790 bcsId: 4297} | ret=SUCCESS |  
2019-09-04 11:46:30,976 | INFO  | DNAudit | user=null | ip=null | op=WRITE_CHUNK {blockData=conID: 2 locID: 102734075711324790 bcsId: 4297} | ret=SUCCESS |  
2019-09-04 11:46:30,979 | INFO  | DNAudit | user=null | ip=null | op=WRITE_CHUNK {blockData=conID: 2 locID: 102734075711324790 bcsId: 4297} | ret=SUCCESS |  
2019-09-04 11:46:30,980 | INFO  | DNAudit | user=null | ip=null | op=PUT_BLOCK {blockData=[blockId=conID: 2 locID: 102734075711324790 bcsId: 0,size=3145728]} | ret=SUCCESS |  
2019-09-04 11:46:30,980 [grpc-default-executor-1] INFO  client.GrpcClientProtocolClient (GrpcClientProtocolClient.java:onNext(255)) - client-D5CE890D7D9E->efcb8ff8-f060-4d95-9215-d0f5eb4af037: receive RaftClientReply:client-D5CE890D7D9E->efcb8ff8-f060-4d95-9215-d0f5eb4af037@group-0959F8DF43ED, cid=2869, SUCCESS, logIndex=4302, commits[efcb8ff8-f060-4d95-9215-d0f5eb4af037:c4303, 6fae8b02-e804-4c0e-b729-a97b7404b7f6:c4301, 4c3e8a66-6975-4917-8225-d3efe707aaff:c4301]
2019-09-04 11:46:30,980 [grpc-default-executor-1] INFO  client.GrpcClientProtocolClient (GrpcClientProtocolClient.java:onNext(255)) - client-D5CE890D7D9E->efcb8ff8-f060-4d95-9215-d0f5eb4af037: receive RaftClientReply:client-D5CE890D7D9E->efcb8ff8-f060-4d95-9215-d0f5eb4af037@group-0959F8DF43ED, cid=2870, SUCCESS, logIndex=4303, commits[efcb8ff8-f060-4d95-9215-d0f5eb4af037:c4303, 6fae8b02-e804-4c0e-b729-a97b7404b7f6:c4301, 4c3e8a66-6975-4917-8225-d3efe707aaff:c4301]
2019-09-04 11:46:30,986 | INFO  | DNAudit | user=null | ip=null | op=WRITE_CHUNK {blockData=conID: 2 locID: 102734075711324790 bcsId: 4303} | ret=SUCCESS |  
2019-09-04 11:46:30,988 | INFO  | DNAudit | user=null | ip=null | op=WRITE_CHUNK {blockData=conID: 2 locID: 102734075711324790 bcsId: 4303} | ret=SUCCESS |  
2019-09-04 11:46:30,988 | INFO  | DNAudit | user=null | ip=null | op=WRITE_CHUNK {blockData=conID: 2 locID: 102734075711324790 bcsId: 4303} | ret=SUCCESS |  
2019-09-04 11:46:30,991 | INFO  | DNAudit | user=null | ip=null | op=WRITE_CHUNK {blockData=conID: 2 locID: 102734075711324790 bcsId: 4297} | ret=SUCCESS |  
2019-09-04 11:46:30,992 | INFO  | DNAudit | user=null | ip=null | op=PUT_BLOCK {blockData=[blockId=conID: 2 locID: 102734075711324790 bcsId: 0,size=3145728]} | ret=SUCCESS |  
2019-09-04 11:46:30,992 | INFO  | DNAudit | user=null | ip=null | op=WRITE_CHUNK {blockData=conID: 2 locID: 102734075711324790 bcsId: 4297} | ret=SUCCESS |  
2019-09-04 11:46:30,992 | INFO  | DNAudit | user=null | ip=null | op=PUT_BLOCK {blockData=[blockId=conID: 2 locID: 102734075711324790 bcsId: 0,size=3145728]} | ret=SUCCESS |  
2019-09-04 11:46:30,993 | INFO  | DNAudit | user=null | ip=null | op=WRITE_CHUNK {blockData=conID: 2 locID: 102734075711324790 bcsId: 4303} | ret=SUCCESS |  
2019-09-04 11:46:30,993 | INFO  | DNAudit | user=null | ip=null | op=PUT_BLOCK {blockData=[blockId=conID: 2 locID: 102734075711324790 bcsId: 0,size=4194304]} | ret=SUCCESS |  
2019-09-04 11:46:30,994 [grpc-default-executor-1] INFO  client.GrpcClientProtocolClient (GrpcClientProtocolClient.java:onNext(255)) - client-D5CE890D7D9E->efcb8ff8-f060-4d95-9215-d0f5eb4af037: receive RaftClientReply:client-D5CE890D7D9E->efcb8ff8-f060-4d95-9215-d0f5eb4af037@group-0959F8DF43ED, cid=2871, SUCCESS, logIndex=4306, commits[efcb8ff8-f060-4d95-9215-d0f5eb4af037:c4307, 6fae8b02-e804-4c0e-b729-a97b7404b7f6:c4303, 4c3e8a66-6975-4917-8225-d3efe707aaff:c4303]
2019-09-04 11:46:30,994 [grpc-default-executor-1] INFO  client.GrpcClientProtocolClient (GrpcClientProtocolClient.java:onNext(255)) - client-D5CE890D7D9E->efcb8ff8-f060-4d95-9215-d0f5eb4af037: receive RaftClientReply:client-D5CE890D7D9E->efcb8ff8-f060-4d95-9215-d0f5eb4af037@group-0959F8DF43ED, cid=2872, SUCCESS, logIndex=4307, commits[efcb8ff8-f060-4d95-9215-d0f5eb4af037:c4307, 6fae8b02-e804-4c0e-b729-a97b7404b7f6:c4303, 4c3e8a66-6975-4917-8225-d3efe707aaff:c4303]
2019-09-04 11:46:31,005 | INFO  | DNAudit | user=null | ip=null | op=WRITE_CHUNK {blockData=conID: 2 locID: 102734075711324790 bcsId: 4303} | ret=SUCCESS |  
2019-09-04 11:46:31,006 | INFO  | DNAudit | user=null | ip=null | op=WRITE_CHUNK {blockData=conID: 2 locID: 102734075711324790 bcsId: 4303} | ret=SUCCESS |  
2019-09-04 11:46:31,007 | INFO  | DNAudit | user=null | ip=null | op=PUT_BLOCK {blockData=[blockId=conID: 2 locID: 102734075711324790 bcsId: 0,size=4194304]} | ret=SUCCESS |  
2019-09-04 11:46:31,007 | INFO  | DNAudit | user=null | ip=null | op=PUT_BLOCK {blockData=[blockId=conID: 2 locID: 102734075711324790 bcsId: 0,size=4194304]} | ret=SUCCESS |  
2019-09-04 11:46:31,007 [grpc-default-executor-0] INFO  client.GrpcClientProtocolClient (GrpcClientProtocolClient.java:onNext(255)) - client-D5CE890D7D9E->efcb8ff8-f060-4d95-9215-d0f5eb4af037: receive RaftClientReply:client-D5CE890D7D9E->efcb8ff8-f060-4d95-9215-d0f5eb4af037@group-0959F8DF43ED, cid=2873, SUCCESS, logIndex=0, commits[efcb8ff8-f060-4d95-9215-d0f5eb4af037:c4309, 6fae8b02-e804-4c0e-b729-a97b7404b7f6:c4307, 4c3e8a66-6975-4917-8225-d3efe707aaff:c4307]
2019-09-04 11:46:31,012 | INFO  | SCMAudit | user=jenkins1000 | ip=192.168.36.67 | op=ALLOCATE_BLOCK {owner=8ab292a2-aaa7-4ad8-863a-d33994811155, size=4194304, type=RATIS, factor=THREE} | ret=SUCCESS |  
2019-09-04 11:46:31,016 | INFO  | OMAudit | user=jenkins1000 | ip=127.0.0.1 | op=ALLOCATE_BLOCK {volume=vol-0-58699, bucket=bucket-0-57464, key=key-0-37266, dataSize=0, replicationType=null, replicationFactor=null, keyLocationInfo=null, clientID=102734073355960722} | ret=SUCCESS |  
2019-09-04 11:46:31,023 | INFO  | DNAudit | user=null | ip=null | op=WRITE_CHUNK {blockData=conID: 3 locID: 102734075724563063 bcsId: 0} | ret=SUCCESS |  
2019-09-04 11:46:31,024 | INFO  | DNAudit | user=null | ip=null | op=WRITE_CHUNK {blockData=conID: 3 locID: 102734075724563063 bcsId: 0} | ret=SUCCESS |  
2019-09-04 11:46:31,026 | INFO  | DNAudit | user=null | ip=null | op=WRITE_CHUNK {blockData=conID: 3 locID: 102734075724563063 bcsId: 0} | ret=SUCCESS |  
2019-09-04 11:46:31,026 | INFO  | DNAudit | user=null | ip=null | op=WRITE_CHUNK {blockData=conID: 3 locID: 102734075724563063 bcsId: 0} | ret=SUCCESS |  
2019-09-04 11:46:31,028 | INFO  | DNAudit | user=null | ip=null | op=WRITE_CHUNK {blockData=conID: 3 locID: 102734075724563063 bcsId: 0} | ret=SUCCESS |  
2019-09-04 11:46:31,028 | INFO  | DNAudit | user=null | ip=null | op=WRITE_CHUNK {blockData=conID: 3 locID: 102734075724563063 bcsId: 0} | ret=SUCCESS |  
2019-09-04 11:46:31,034 | INFO  | DNAudit | user=null | ip=null | op=WRITE_CHUNK {blockData=conID: 3 locID: 102734075724563063 bcsId: 0} | ret=SUCCESS |  
2019-09-04 11:46:31,035 | INFO  | DNAudit | user=null | ip=null | op=PUT_BLOCK {blockData=[blockId=conID: 3 locID: 102734075724563063 bcsId: 0,size=1048576]} | ret=SUCCESS |  
2019-09-04 11:46:31,035 [grpc-default-executor-6] INFO  client.GrpcClientProtocolClient (GrpcClientProtocolClient.java:onNext(255)) - client-D5CE890D7D9E->efcb8ff8-f060-4d95-9215-d0f5eb4af037: receive RaftClientReply:client-D5CE890D7D9E->efcb8ff8-f060-4d95-9215-d0f5eb4af037@group-0959F8DF43ED, cid=2874, SUCCESS, logIndex=4310, commits[efcb8ff8-f060-4d95-9215-d0f5eb4af037:c4311, 6fae8b02-e804-4c0e-b729-a97b7404b7f6:c4309, 4c3e8a66-6975-4917-8225-d3efe707aaff:c4309]
2019-09-04 11:46:31,036 | INFO  | DNAudit | user=null | ip=null | op=WRITE_CHUNK {blockData=conID: 3 locID: 102734075724563063 bcsId: 0} | ret=SUCCESS |  
2019-09-04 11:46:31,036 [grpc-default-executor-5] INFO  client.GrpcClientProtocolClient (GrpcClientProtocolClient.java:onNext(255)) - client-D5CE890D7D9E->efcb8ff8-f060-4d95-9215-d0f5eb4af037: receive RaftClientReply:client-D5CE890D7D9E->efcb8ff8-f060-4d95-9215-d0f5eb4af037@group-0959F8DF43ED, cid=2875, SUCCESS, logIndex=4311, commits[efcb8ff8-f060-4d95-9215-d0f5eb4af037:c4311, 6fae8b02-e804-4c0e-b729-a97b7404b7f6:c4309, 4c3e8a66-6975-4917-8225-d3efe707aaff:c4309]
2019-09-04 11:46:31,036 | INFO  | DNAudit | user=null | ip=null | op=PUT_BLOCK {blockData=[blockId=conID: 3 locID: 102734075724563063 bcsId: 0,size=2097152]} | ret=SUCCESS |  
2019-09-04 11:46:31,036 [grpc-default-executor-5] INFO  client.GrpcClientProtocolClient (GrpcClientProtocolClient.java:onNext(255)) - client-D5CE890D7D9E->efcb8ff8-f060-4d95-9215-d0f5eb4af037: receive RaftClientReply:client-D5CE890D7D9E->efcb8ff8-f060-4d95-9215-d0f5eb4af037@group-0959F8DF43ED, cid=2876, SUCCESS, logIndex=4312, commits[efcb8ff8-f060-4d95-9215-d0f5eb4af037:c4313, 6fae8b02-e804-4c0e-b729-a97b7404b7f6:c4309, 4c3e8a66-6975-4917-8225-d3efe707aaff:c4309]
2019-09-04 11:46:31,037 [grpc-default-executor-5] INFO  client.GrpcClientProtocolClient (GrpcClientProtocolClient.java:onNext(255)) - client-D5CE890D7D9E->efcb8ff8-f060-4d95-9215-d0f5eb4af037: receive RaftClientReply:client-D5CE890D7D9E->efcb8ff8-f060-4d95-9215-d0f5eb4af037@group-0959F8DF43ED, cid=2877, SUCCESS, logIndex=4313, commits[efcb8ff8-f060-4d95-9215-d0f5eb4af037:c4313, 6fae8b02-e804-4c0e-b729-a97b7404b7f6:c4309, 4c3e8a66-6975-4917-8225-d3efe707aaff:c4309]
2019-09-04 11:46:31,037 | INFO  | DNAudit | user=null | ip=null | op=WRITE_CHUNK {blockData=conID: 3 locID: 102734075724563063 bcsId: 0} | ret=SUCCESS |  
2019-09-04 11:46:31,037 | INFO  | DNAudit | user=null | ip=null | op=PUT_BLOCK {blockData=[blockId=conID: 3 locID: 102734075724563063 bcsId: 0,size=1048576]} | ret=SUCCESS |  
2019-09-04 11:46:31,038 | INFO  | DNAudit | user=null | ip=null | op=WRITE_CHUNK {blockData=conID: 3 locID: 102734075724563063 bcsId: 0} | ret=SUCCESS |  
2019-09-04 11:46:31,038 | INFO  | DNAudit | user=null | ip=null | op=PUT_BLOCK {blockData=[blockId=conID: 3 locID: 102734075724563063 bcsId: 0,size=1048576]} | ret=SUCCESS |  
2019-09-04 11:46:31,038 [grpc-default-executor-1] INFO  client.GrpcClientProtocolClient (GrpcClientProtocolClient.java:onNext(255)) - client-D5CE890D7D9E->efcb8ff8-f060-4d95-9215-d0f5eb4af037: receive RaftClientReply:client-D5CE890D7D9E->efcb8ff8-f060-4d95-9215-d0f5eb4af037@group-0959F8DF43ED, cid=2878, SUCCESS, logIndex=0, commits[efcb8ff8-f060-4d95-9215-d0f5eb4af037:c4315, 6fae8b02-e804-4c0e-b729-a97b7404b7f6:c4311, 4c3e8a66-6975-4917-8225-d3efe707aaff:c4311]
2019-09-04 11:46:31,038 | INFO  | DNAudit | user=null | ip=null | op=WRITE_CHUNK {blockData=conID: 3 locID: 102734075724563063 bcsId: 0} | ret=SUCCESS |  
2019-09-04 11:46:31,038 | INFO  | DNAudit | user=null | ip=null | op=WRITE_CHUNK {blockData=conID: 3 locID: 102734075724563063 bcsId: 0} | ret=SUCCESS |  
2019-09-04 11:46:31,038 | INFO  | DNAudit | user=null | ip=null | op=PUT_BLOCK {blockData=[blockId=conID: 3 locID: 102734075724563063 bcsId: 0,size=2097152]} | ret=SUCCESS |  
2019-09-04 11:46:31,039 | INFO  | DNAudit | user=null | ip=null | op=PUT_BLOCK {blockData=[blockId=conID: 3 locID: 102734075724563063 bcsId: 0,size=2097152]} | ret=SUCCESS |  
2019-09-04 11:46:31,044 | INFO  | DNAudit | user=null | ip=null | op=WRITE_CHUNK {blockData=conID: 3 locID: 102734075724563063 bcsId: 4313} | ret=SUCCESS |  
2019-09-04 11:46:31,046 | INFO  | DNAudit | user=null | ip=null | op=WRITE_CHUNK {blockData=conID: 3 locID: 102734075724563063 bcsId: 4313} | ret=SUCCESS |  
2019-09-04 11:46:31,047 | INFO  | DNAudit | user=null | ip=null | op=WRITE_CHUNK {blockData=conID: 3 locID: 102734075724563063 bcsId: 4313} | ret=SUCCESS |  
2019-09-04 11:46:31,050 | INFO  | DNAudit | user=null | ip=null | op=WRITE_CHUNK {blockData=conID: 3 locID: 102734075724563063 bcsId: 4313} | ret=SUCCESS |  
2019-09-04 11:46:31,050 | INFO  | DNAudit | user=null | ip=null | op=PUT_BLOCK {blockData=[blockId=conID: 3 locID: 102734075724563063 bcsId: 0,size=3145728]} | ret=SUCCESS |  
2019-09-04 11:46:31,050 [grpc-default-executor-1] INFO  client.GrpcClientProtocolClient (GrpcClientProtocolClient.java:onNext(255)) - client-D5CE890D7D9E->efcb8ff8-f060-4d95-9215-d0f5eb4af037: receive RaftClientReply:client-D5CE890D7D9E->efcb8ff8-f060-4d95-9215-d0f5eb4af037@group-0959F8DF43ED, cid=2879, SUCCESS, logIndex=4318, commits[efcb8ff8-f060-4d95-9215-d0f5eb4af037:c4319, 6fae8b02-e804-4c0e-b729-a97b7404b7f6:c4317, 4c3e8a66-6975-4917-8225-d3efe707aaff:c4317]
2019-09-04 11:46:31,051 [grpc-default-executor-1] INFO  client.GrpcClientProtocolClient (GrpcClientProtocolClient.java:onNext(255)) - client-D5CE890D7D9E->efcb8ff8-f060-4d95-9215-d0f5eb4af037: receive RaftClientReply:client-D5CE890D7D9E->efcb8ff8-f060-4d95-9215-d0f5eb4af037@group-0959F8DF43ED, cid=2880, SUCCESS, logIndex=4319, commits[efcb8ff8-f060-4d95-9215-d0f5eb4af037:c4319, 6fae8b02-e804-4c0e-b729-a97b7404b7f6:c4317, 4c3e8a66-6975-4917-8225-d3efe707aaff:c4317]
 0.00% |█                                                                                                    |  0/1 Time: 0:00:362019-09-04 11:46:31,057 | INFO  | DNAudit | user=null | ip=null | op=WRITE_CHUNK {blockData=conID: 3 locID: 102734075724563063 bcsId: 4319} | ret=SUCCESS |  
2019-09-04 11:46:31,058 | INFO  | DNAudit | user=null | ip=null | op=WRITE_CHUNK {blockData=conID: 3 locID: 102734075724563063 bcsId: 4319} | ret=SUCCESS |  
2019-09-04 11:46:31,059 | INFO  | DNAudit | user=null | ip=null | op=WRITE_CHUNK {blockData=conID: 3 locID: 102734075724563063 bcsId: 4319} | ret=SUCCESS |  
2019-09-04 11:46:31,063 | INFO  | DNAudit | user=null | ip=null | op=WRITE_CHUNK {blockData=conID: 3 locID: 102734075724563063 bcsId: 4313} | ret=SUCCESS |  
2019-09-04 11:46:31,063 | INFO  | DNAudit | user=null | ip=null | op=WRITE_CHUNK {blockData=conID: 3 locID: 102734075724563063 bcsId: 4313} | ret=SUCCESS |  
2019-09-04 11:46:31,064 | INFO  | DNAudit | user=null | ip=null | op=PUT_BLOCK {blockData=[blockId=conID: 3 locID: 102734075724563063 bcsId: 0,size=3145728]} | ret=SUCCESS |  
2019-09-04 11:46:31,064 | INFO  | DNAudit | user=null | ip=null | op=PUT_BLOCK {blockData=[blockId=conID: 3 locID: 102734075724563063 bcsId: 0,size=3145728]} | ret=SUCCESS |  
2019-09-04 11:46:31,065 | INFO  | DNAudit | user=null | ip=null | op=WRITE_CHUNK {blockData=conID: 3 locID: 102734075724563063 bcsId: 4319} | ret=SUCCESS |  
2019-09-04 11:46:31,065 | INFO  | DNAudit | user=null | ip=null | op=PUT_BLOCK {blockData=[blockId=conID: 3 locID: 102734075724563063 bcsId: 0,size=4194304]} | ret=SUCCESS |  
2019-09-04 11:46:31,065 [grpc-default-executor-1] INFO  client.GrpcClientProtocolClient (GrpcClientProtocolClient.java:onNext(255)) - client-D5CE890D7D9E->efcb8ff8-f060-4d95-9215-d0f5eb4af037: receive RaftClientReply:client-D5CE890D7D9E->efcb8ff8-f060-4d95-9215-d0f5eb4af037@group-0959F8DF43ED, cid=2881, SUCCESS, logIndex=4322, commits[efcb8ff8-f060-4d95-9215-d0f5eb4af037:c4323, 6fae8b02-e804-4c0e-b729-a97b7404b7f6:c4319, 4c3e8a66-6975-4917-8225-d3efe707aaff:c4319]
2019-09-04 11:46:31,066 [grpc-default-executor-1] INFO  client.GrpcClientProtocolClient (GrpcClientProtocolClient.java:onNext(255)) - client-D5CE890D7D9E->efcb8ff8-f060-4d95-9215-d0f5eb4af037: receive RaftClientReply:client-D5CE890D7D9E->efcb8ff8-f060-4d95-9215-d0f5eb4af037@group-0959F8DF43ED, cid=2882, SUCCESS, logIndex=4323, commits[efcb8ff8-f060-4d95-9215-d0f5eb4af037:c4323, 6fae8b02-e804-4c0e-b729-a97b7404b7f6:c4319, 4c3e8a66-6975-4917-8225-d3efe707aaff:c4319]
2019-09-04 11:46:31,085 | INFO  | DNAudit | user=null | ip=null | op=WRITE_CHUNK {blockData=conID: 3 locID: 102734075724563063 bcsId: 4319} | ret=SUCCESS |  
2019-09-04 11:46:31,086 | INFO  | DNAudit | user=null | ip=null | op=WRITE_CHUNK {blockData=conID: 3 locID: 102734075724563063 bcsId: 4319} | ret=SUCCESS |  
2019-09-04 11:46:31,086 | INFO  | DNAudit | user=null | ip=null | op=PUT_BLOCK {blockData=[blockId=conID: 3 locID: 102734075724563063 bcsId: 0,size=4194304]} | ret=SUCCESS |  
2019-09-04 11:46:31,087 | INFO  | DNAudit | user=null | ip=null | op=PUT_BLOCK {blockData=[blockId=conID: 3 locID: 102734075724563063 bcsId: 0,size=4194304]} | ret=SUCCESS |  
2019-09-04 11:46:31,090 [grpc-default-executor-6] INFO  client.GrpcClientProtocolClient (GrpcClientProtocolClient.java:onNext(255)) - client-D5CE890D7D9E->efcb8ff8-f060-4d95-9215-d0f5eb4af037: receive RaftClientReply:client-D5CE890D7D9E->efcb8ff8-f060-4d95-9215-d0f5eb4af037@group-0959F8DF43ED, cid=2883, SUCCESS, logIndex=0, commits[efcb8ff8-f060-4d95-9215-d0f5eb4af037:c4325, 6fae8b02-e804-4c0e-b729-a97b7404b7f6:c4323, 4c3e8a66-6975-4917-8225-d3efe707aaff:c4323]
2019-09-04 11:46:31,096 | INFO  | SCMAudit | user=jenkins1000 | ip=192.168.36.67 | op=ALLOCATE_BLOCK {owner=8ab292a2-aaa7-4ad8-863a-d33994811155, size=4194304, type=RATIS, factor=THREE} | ret=SUCCESS |  
2019-09-04 11:46:31,100 | INFO  | OMAudit | user=jenkins1000 | ip=127.0.0.1 | op=ALLOCATE_BLOCK {volume=vol-0-58699, bucket=bucket-0-57464, key=key-0-37266, dataSize=0, replicationType=null, replicationFactor=null, keyLocationInfo=null, clientID=102734073355960722} | ret=SUCCESS |  
2019-09-04 11:46:31,106 | INFO  | DNAudit | user=null | ip=null | op=WRITE_CHUNK {blockData=conID: 1 locID: 102734075730068088 bcsId: 0} | ret=SUCCESS |  
2019-09-04 11:46:31,109 | INFO  | DNAudit | user=null | ip=null | op=WRITE_CHUNK {blockData=conID: 1 locID: 102734075730068088 bcsId: 0} | ret=SUCCESS |  
2019-09-04 11:46:31,109 | INFO  | DNAudit | user=null | ip=null | op=WRITE_CHUNK {blockData=conID: 1 locID: 102734075730068088 bcsId: 0} | ret=SUCCESS |  
2019-09-04 11:46:31,109 | INFO  | DNAudit | user=null | ip=null | op=WRITE_CHUNK {blockData=conID: 1 locID: 102734075730068088 bcsId: 0} | ret=SUCCESS |  
2019-09-04 11:46:31,110 | INFO  | DNAudit | user=null | ip=null | op=WRITE_CHUNK {blockData=conID: 1 locID: 102734075730068088 bcsId: 0} | ret=SUCCESS |  
2019-09-04 11:46:31,110 | INFO  | DNAudit | user=null | ip=null | op=WRITE_CHUNK {blockData=conID: 1 locID: 102734075730068088 bcsId: 0} | ret=SUCCESS |  
2019-09-04 11:46:31,112 | INFO  | DNAudit | user=null | ip=null | op=WRITE_CHUNK {blockData=conID: 1 locID: 102734075730068088 bcsId: 0} | ret=SUCCESS |  
2019-09-04 11:46:31,113 | INFO  | DNAudit | user=null | ip=null | op=PUT_BLOCK {blockData=[blockId=conID: 1 locID: 102734075730068088 bcsId: 0,size=1048576]} | ret=SUCCESS |  
2019-09-04 11:46:31,113 | INFO  | DNAudit | user=null | ip=null | op=WRITE_CHUNK {blockData=conID: 1 locID: 102734075730068088 bcsId: 0} | ret=SUCCESS |  
2019-09-04 11:46:31,113 [grpc-default-executor-0] INFO  client.GrpcClientProtocolClient (GrpcClientProtocolClient.java:onNext(255)) - client-D5CE890D7D9E->efcb8ff8-f060-4d95-9215-d0f5eb4af037: receive RaftClientReply:client-D5CE890D7D9E->efcb8ff8-f060-4d95-9215-d0f5eb4af037@group-0959F8DF43ED, cid=2884, SUCCESS, logIndex=4326, commits[efcb8ff8-f060-4d95-9215-d0f5eb4af037:c4328, 6fae8b02-e804-4c0e-b729-a97b7404b7f6:c4325, 4c3e8a66-6975-4917-8225-d3efe707aaff:c4325]
2019-09-04 11:46:31,113 | INFO  | DNAudit | user=null | ip=null | op=PUT_BLOCK {blockData=[blockId=conID: 1 locID: 102734075730068088 bcsId: 0,size=2097152]} | ret=SUCCESS |  
2019-09-04 11:46:31,113 [grpc-default-executor-0] INFO  client.GrpcClientProtocolClient (GrpcClientProtocolClient.java:onNext(255)) - client-D5CE890D7D9E->efcb8ff8-f060-4d95-9215-d0f5eb4af037: receive RaftClientReply:client-D5CE890D7D9E->efcb8ff8-f060-4d95-9215-d0f5eb4af037@group-0959F8DF43ED, cid=2885, SUCCESS, logIndex=4327, commits[efcb8ff8-f060-4d95-9215-d0f5eb4af037:c4329, 6fae8b02-e804-4c0e-b729-a97b7404b7f6:c4325, 4c3e8a66-6975-4917-8225-d3efe707aaff:c4325]
2019-09-04 11:46:31,114 [grpc-default-executor-0] INFO  client.GrpcClientProtocolClient (GrpcClientProtocolClient.java:onNext(255)) - client-D5CE890D7D9E->efcb8ff8-f060-4d95-9215-d0f5eb4af037: receive RaftClientReply:client-D5CE890D7D9E->efcb8ff8-f060-4d95-9215-d0f5eb4af037@group-0959F8DF43ED, cid=2886, SUCCESS, logIndex=4328, commits[efcb8ff8-f060-4d95-9215-d0f5eb4af037:c4329, 6fae8b02-e804-4c0e-b729-a97b7404b7f6:c4325, 4c3e8a66-6975-4917-8225-d3efe707aaff:c4325]
2019-09-04 11:46:31,114 [grpc-default-executor-0] INFO  client.GrpcClientProtocolClient (GrpcClientProtocolClient.java:onNext(255)) - client-D5CE890D7D9E->efcb8ff8-f060-4d95-9215-d0f5eb4af037: receive RaftClientReply:client-D5CE890D7D9E->efcb8ff8-f060-4d95-9215-d0f5eb4af037@group-0959F8DF43ED, cid=2887, SUCCESS, logIndex=4329, commits[efcb8ff8-f060-4d95-9215-d0f5eb4af037:c4329, 6fae8b02-e804-4c0e-b729-a97b7404b7f6:c4325, 4c3e8a66-6975-4917-8225-d3efe707aaff:c4325]
2019-09-04 11:46:31,122 | INFO  | DNAudit | user=null | ip=null | op=WRITE_CHUNK {blockData=conID: 1 locID: 102734075730068088 bcsId: 0} | ret=SUCCESS |  
2019-09-04 11:46:31,122 | INFO  | DNAudit | user=null | ip=null | op=WRITE_CHUNK {blockData=conID: 1 locID: 102734075730068088 bcsId: 0} | ret=SUCCESS |  
2019-09-04 11:46:31,122 | INFO  | DNAudit | user=null | ip=null | op=PUT_BLOCK {blockData=[blockId=conID: 1 locID: 102734075730068088 bcsId: 0,size=1048576]} | ret=SUCCESS |  
2019-09-04 11:46:31,122 | INFO  | DNAudit | user=null | ip=null | op=PUT_BLOCK {blockData=[blockId=conID: 1 locID: 102734075730068088 bcsId: 0,size=1048576]} | ret=SUCCESS |  
2019-09-04 11:46:31,123 [grpc-default-executor-0] INFO  client.GrpcClientProtocolClient (GrpcClientProtocolClient.java:onNext(255)) - client-D5CE890D7D9E->efcb8ff8-f060-4d95-9215-d0f5eb4af037: receive RaftClientReply:client-D5CE890D7D9E->efcb8ff8-f060-4d95-9215-d0f5eb4af037@group-0959F8DF43ED, cid=2888, SUCCESS, logIndex=0, commits[efcb8ff8-f060-4d95-9215-d0f5eb4af037:c4330, 6fae8b02-e804-4c0e-b729-a97b7404b7f6:c4327, 4c3e8a66-6975-4917-8225-d3efe707aaff:c4327]
2019-09-04 11:46:31,124 | INFO  | DNAudit | user=null | ip=null | op=WRITE_CHUNK {blockData=conID: 1 locID: 102734075730068088 bcsId: 0} | ret=SUCCESS |  
2019-09-04 11:46:31,124 | INFO  | DNAudit | user=null | ip=null | op=PUT_BLOCK {blockData=[blockId=conID: 1 locID: 102734075730068088 bcsId: 0,size=2097152]} | ret=SUCCESS |  
2019-09-04 11:46:31,124 | INFO  | DNAudit | user=null | ip=null | op=WRITE_CHUNK {blockData=conID: 1 locID: 102734075730068088 bcsId: 0} | ret=SUCCESS |  
2019-09-04 11:46:31,124 | INFO  | DNAudit | user=null | ip=null | op=PUT_BLOCK {blockData=[blockId=conID: 1 locID: 102734075730068088 bcsId: 0,size=2097152]} | ret=SUCCESS |  
2019-09-04 11:46:31,128 | INFO  | DNAudit | user=null | ip=null | op=WRITE_CHUNK {blockData=conID: 1 locID: 102734075730068088 bcsId: 4329} | ret=SUCCESS |  
2019-09-04 11:46:31,130 | INFO  | DNAudit | user=null | ip=null | op=WRITE_CHUNK {blockData=conID: 1 locID: 102734075730068088 bcsId: 4329} | ret=SUCCESS |  
2019-09-04 11:46:31,130 | INFO  | DNAudit | user=null | ip=null | op=WRITE_CHUNK {blockData=conID: 1 locID: 102734075730068088 bcsId: 4329} | ret=SUCCESS |  
2019-09-04 11:46:31,138 | INFO  | DNAudit | user=null | ip=null | op=WRITE_CHUNK {blockData=conID: 1 locID: 102734075730068088 bcsId: 4329} | ret=SUCCESS |  
2019-09-04 11:46:31,138 | INFO  | DNAudit | user=null | ip=null | op=PUT_BLOCK {blockData=[blockId=conID: 1 locID: 102734075730068088 bcsId: 0,size=3145728]} | ret=SUCCESS |  
2019-09-04 11:46:31,138 [grpc-default-executor-1] INFO  client.GrpcClientProtocolClient (GrpcClientProtocolClient.java:onNext(255)) - client-D5CE890D7D9E->efcb8ff8-f060-4d95-9215-d0f5eb4af037: receive RaftClientReply:client-D5CE890D7D9E->efcb8ff8-f060-4d95-9215-d0f5eb4af037@group-0959F8DF43ED, cid=2889, SUCCESS, logIndex=4334, commits[efcb8ff8-f060-4d95-9215-d0f5eb4af037:c4335, 6fae8b02-e804-4c0e-b729-a97b7404b7f6:c4333, 4c3e8a66-6975-4917-8225-d3efe707aaff:c4333]
2019-09-04 11:46:31,139 [grpc-default-executor-1] INFO  client.GrpcClientProtocolClient (GrpcClientProtocolClient.java:onNext(255)) - client-D5CE890D7D9E->efcb8ff8-f060-4d95-9215-d0f5eb4af037: receive RaftClientReply:client-D5CE890D7D9E->efcb8ff8-f060-4d95-9215-d0f5eb4af037@group-0959F8DF43ED, cid=2890, SUCCESS, logIndex=4335, commits[efcb8ff8-f060-4d95-9215-d0f5eb4af037:c4335, 6fae8b02-e804-4c0e-b729-a97b7404b7f6:c4333, 4c3e8a66-6975-4917-8225-d3efe707aaff:c4333]
2019-09-04 11:46:31,144 | INFO  | DNAudit | user=null | ip=null | op=WRITE_CHUNK {blockData=conID: 1 locID: 102734075730068088 bcsId: 4335} | ret=SUCCESS |  
2019-09-04 11:46:31,144 | INFO  | DNAudit | user=null | ip=null | op=WRITE_CHUNK {blockData=conID: 1 locID: 102734075730068088 bcsId: 4329} | ret=SUCCESS |  
2019-09-04 11:46:31,144 | INFO  | DNAudit | user=null | ip=null | op=WRITE_CHUNK {blockData=conID: 1 locID: 102734075730068088 bcsId: 4329} | ret=SUCCESS |  
2019-09-04 11:46:31,146 | INFO  | DNAudit | user=null | ip=null | op=WRITE_CHUNK {blockData=conID: 1 locID: 102734075730068088 bcsId: 4335} | ret=SUCCESS |  
2019-09-04 11:46:31,146 | INFO  | DNAudit | user=null | ip=null | op=WRITE_CHUNK {blockData=conID: 1 locID: 102734075730068088 bcsId: 4335} | ret=SUCCESS |  
2019-09-04 11:46:31,151 | INFO  | DNAudit | user=null | ip=null | op=PUT_BLOCK {blockData=[blockId=conID: 1 locID: 102734075730068088 bcsId: 0,size=3145728]} | ret=SUCCESS |  
2019-09-04 11:46:31,152 | INFO  | DNAudit | user=null | ip=null | op=PUT_BLOCK {blockData=[blockId=conID: 1 locID: 102734075730068088 bcsId: 0,size=3145728]} | ret=SUCCESS |  
2019-09-04 11:46:31,153 | INFO  | DNAudit | user=null | ip=null | op=WRITE_CHUNK {blockData=conID: 1 locID: 102734075730068088 bcsId: 4335} | ret=SUCCESS |  
2019-09-04 11:46:31,153 | INFO  | DNAudit | user=null | ip=null | op=PUT_BLOCK {blockData=[blockId=conID: 1 locID: 102734075730068088 bcsId: 0,size=4194304]} | ret=SUCCESS |  
2019-09-04 11:46:31,153 [grpc-default-executor-0] INFO  client.GrpcClientProtocolClient (GrpcClientProtocolClient.java:onNext(255)) - client-D5CE890D7D9E->efcb8ff8-f060-4d95-9215-d0f5eb4af037: receive RaftClientReply:client-D5CE890D7D9E->efcb8ff8-f060-4d95-9215-d0f5eb4af037@group-0959F8DF43ED, cid=2891, SUCCESS, logIndex=4338, commits[efcb8ff8-f060-4d95-9215-d0f5eb4af037:c4339, 6fae8b02-e804-4c0e-b729-a97b7404b7f6:c4335, 4c3e8a66-6975-4917-8225-d3efe707aaff:c4335]
2019-09-04 11:46:31,154 [grpc-default-executor-0] INFO  client.GrpcClientProtocolClient (GrpcClientProtocolClient.java:onNext(255)) - client-D5CE890D7D9E->efcb8ff8-f060-4d95-9215-d0f5eb4af037: receive RaftClientReply:client-D5CE890D7D9E->efcb8ff8-f060-4d95-9215-d0f5eb4af037@group-0959F8DF43ED, cid=2892, SUCCESS, logIndex=4339, commits[efcb8ff8-f060-4d95-9215-d0f5eb4af037:c4339, 6fae8b02-e804-4c0e-b729-a97b7404b7f6:c4335, 4c3e8a66-6975-4917-8225-d3efe707aaff:c4335]
2019-09-04 11:46:31,167 | INFO  | DNAudit | user=null | ip=null | op=WRITE_CHUNK {blockData=conID: 1 locID: 102734075730068088 bcsId: 4335} | ret=SUCCESS |  
2019-09-04 11:46:31,167 | INFO  | DNAudit | user=null | ip=null | op=WRITE_CHUNK {blockData=conID: 1 locID: 102734075730068088 bcsId: 4335} | ret=SUCCESS |  
2019-09-04 11:46:31,167 | INFO  | DNAudit | user=null | ip=null | op=PUT_BLOCK {blockData=[blockId=conID: 1 locID: 102734075730068088 bcsId: 0,size=4194304]} | ret=SUCCESS |  
2019-09-04 11:46:31,168 | INFO  | DNAudit | user=null | ip=null | op=PUT_BLOCK {blockData=[blockId=conID: 1 locID: 102734075730068088 bcsId: 0,size=4194304]} | ret=SUCCESS |  
2019-09-04 11:46:31,169 [grpc-default-executor-0] INFO  client.GrpcClientProtocolClient (GrpcClientProtocolClient.java:onNext(255)) - client-D5CE890D7D9E->efcb8ff8-f060-4d95-9215-d0f5eb4af037: receive RaftClientReply:client-D5CE890D7D9E->efcb8ff8-f060-4d95-9215-d0f5eb4af037@group-0959F8DF43ED, cid=2893, SUCCESS, logIndex=0, commits[efcb8ff8-f060-4d95-9215-d0f5eb4af037:c4341, 6fae8b02-e804-4c0e-b729-a97b7404b7f6:c4339, 4c3e8a66-6975-4917-8225-d3efe707aaff:c4339]
2019-09-04 11:46:31,174 | INFO  | SCMAudit | user=jenkins1000 | ip=192.168.36.67 | op=ALLOCATE_BLOCK {owner=8ab292a2-aaa7-4ad8-863a-d33994811155, size=4194304, type=RATIS, factor=THREE} | ret=SUCCESS |  
2019-09-04 11:46:31,178 | INFO  | OMAudit | user=jenkins1000 | ip=127.0.0.1 | op=ALLOCATE_BLOCK {volume=vol-0-58699, bucket=bucket-0-57464, key=key-0-37266, dataSize=0, replicationType=null, replicationFactor=null, keyLocationInfo=null, clientID=102734073355960722} | ret=SUCCESS |  
2019-09-04 11:46:31,184 | INFO  | DNAudit | user=null | ip=null | op=WRITE_CHUNK {blockData=conID: 2 locID: 102734075735179897 bcsId: 0} | ret=SUCCESS |  
2019-09-04 11:46:31,187 | INFO  | DNAudit | user=null | ip=null | op=WRITE_CHUNK {blockData=conID: 2 locID: 102734075735179897 bcsId: 0} | ret=SUCCESS |  
2019-09-04 11:46:31,187 | INFO  | DNAudit | user=null | ip=null | op=WRITE_CHUNK {blockData=conID: 2 locID: 102734075735179897 bcsId: 0} | ret=SUCCESS |  
2019-09-04 11:46:31,187 | INFO  | DNAudit | user=null | ip=null | op=WRITE_CHUNK {blockData=conID: 2 locID: 102734075735179897 bcsId: 0} | ret=SUCCESS |  
2019-09-04 11:46:31,189 | INFO  | DNAudit | user=null | ip=null | op=WRITE_CHUNK {blockData=conID: 2 locID: 102734075735179897 bcsId: 0} | ret=SUCCESS |  
2019-09-04 11:46:31,189 | INFO  | DNAudit | user=null | ip=null | op=WRITE_CHUNK {blockData=conID: 2 locID: 102734075735179897 bcsId: 0} | ret=SUCCESS |  
2019-09-04 11:46:31,192 | INFO  | DNAudit | user=null | ip=null | op=WRITE_CHUNK {blockData=conID: 2 locID: 102734075735179897 bcsId: 0} | ret=SUCCESS |  
2019-09-04 11:46:31,192 | INFO  | DNAudit | user=null | ip=null | op=PUT_BLOCK {blockData=[blockId=conID: 2 locID: 102734075735179897 bcsId: 0,size=1048576]} | ret=SUCCESS |  
2019-09-04 11:46:31,192 | INFO  | DNAudit | user=null | ip=null | op=WRITE_CHUNK {blockData=conID: 2 locID: 102734075735179897 bcsId: 0} | ret=SUCCESS |  
2019-09-04 11:46:31,192 [grpc-default-executor-6] INFO  client.GrpcClientProtocolClient (GrpcClientProtocolClient.java:onNext(255)) - client-D5CE890D7D9E->efcb8ff8-f060-4d95-9215-d0f5eb4af037: receive RaftClientReply:client-D5CE890D7D9E->efcb8ff8-f060-4d95-9215-d0f5eb4af037@group-0959F8DF43ED, cid=2894, SUCCESS, logIndex=4342, commits[efcb8ff8-f060-4d95-9215-d0f5eb4af037:c4345, 6fae8b02-e804-4c0e-b729-a97b7404b7f6:c4341, 4c3e8a66-6975-4917-8225-d3efe707aaff:c4341]
2019-09-04 11:46:31,193 | INFO  | DNAudit | user=null | ip=null | op=PUT_BLOCK {blockData=[blockId=conID: 2 locID: 102734075735179897 bcsId: 0,size=2097152]} | ret=SUCCESS |  
2019-09-04 11:46:31,193 [grpc-default-executor-6] INFO  client.GrpcClientProtocolClient (GrpcClientProtocolClient.java:onNext(255)) - client-D5CE890D7D9E->efcb8ff8-f060-4d95-9215-d0f5eb4af037: receive RaftClientReply:client-D5CE890D7D9E->efcb8ff8-f060-4d95-9215-d0f5eb4af037@group-0959F8DF43ED, cid=2895, SUCCESS, logIndex=4343, commits[efcb8ff8-f060-4d95-9215-d0f5eb4af037:c4345, 6fae8b02-e804-4c0e-b729-a97b7404b7f6:c4341, 4c3e8a66-6975-4917-8225-d3efe707aaff:c4341]
2019-09-04 11:46:31,193 [grpc-default-executor-6] INFO  client.GrpcClientProtocolClient (GrpcClientProtocolClient.java:onNext(255)) - client-D5CE890D7D9E->efcb8ff8-f060-4d95-9215-d0f5eb4af037: receive RaftClientReply:client-D5CE890D7D9E->efcb8ff8-f060-4d95-9215-d0f5eb4af037@group-0959F8DF43ED, cid=2896, SUCCESS, logIndex=4344, commits[efcb8ff8-f060-4d95-9215-d0f5eb4af037:c4345, 6fae8b02-e804-4c0e-b729-a97b7404b7f6:c4341, 4c3e8a66-6975-4917-8225-d3efe707aaff:c4341]
2019-09-04 11:46:31,193 [grpc-default-executor-6] INFO  client.GrpcClientProtocolClient (GrpcClientProtocolClient.java:onNext(255)) - client-D5CE890D7D9E->efcb8ff8-f060-4d95-9215-d0f5eb4af037: receive RaftClientReply:client-D5CE890D7D9E->efcb8ff8-f060-4d95-9215-d0f5eb4af037@group-0959F8DF43ED, cid=2897, SUCCESS, logIndex=4345, commits[efcb8ff8-f060-4d95-9215-d0f5eb4af037:c4345, 6fae8b02-e804-4c0e-b729-a97b7404b7f6:c4341, 4c3e8a66-6975-4917-8225-d3efe707aaff:c4341]
2019-09-04 11:46:31,205 | INFO  | DNAudit | user=null | ip=null | op=WRITE_CHUNK {blockData=conID: 2 locID: 102734075735179897 bcsId: 0} | ret=SUCCESS |  
2019-09-04 11:46:31,206 | INFO  | DNAudit | user=null | ip=null | op=PUT_BLOCK {blockData=[blockId=conID: 2 locID: 102734075735179897 bcsId: 0,size=1048576]} | ret=SUCCESS |  
2019-09-04 11:46:31,206 | INFO  | DNAudit | user=null | ip=null | op=WRITE_CHUNK {blockData=conID: 2 locID: 102734075735179897 bcsId: 0} | ret=SUCCESS |  
2019-09-04 11:46:31,206 | INFO  | DNAudit | user=null | ip=null | op=PUT_BLOCK {blockData=[blockId=conID: 2 locID: 102734075735179897 bcsId: 0,size=1048576]} | ret=SUCCESS |  
2019-09-04 11:46:31,207 | INFO  | DNAudit | user=null | ip=null | op=WRITE_CHUNK {blockData=conID: 2 locID: 102734075735179897 bcsId: 0} | ret=SUCCESS |  
2019-09-04 11:46:31,207 | INFO  | DNAudit | user=null | ip=null | op=WRITE_CHUNK {blockData=conID: 2 locID: 102734075735179897 bcsId: 0} | ret=SUCCESS |  
2019-09-04 11:46:31,207 | INFO  | DNAudit | user=null | ip=null | op=PUT_BLOCK {blockData=[blockId=conID: 2 locID: 102734075735179897 bcsId: 0,size=2097152]} | ret=SUCCESS |  
2019-09-04 11:46:31,207 | INFO  | DNAudit | user=null | ip=null | op=PUT_BLOCK {blockData=[blockId=conID: 2 locID: 102734075735179897 bcsId: 0,size=2097152]} | ret=SUCCESS |  
2019-09-04 11:46:31,208 [grpc-default-executor-6] INFO  client.GrpcClientProtocolClient (GrpcClientProtocolClient.java:onNext(255)) - client-D5CE890D7D9E->efcb8ff8-f060-4d95-9215-d0f5eb4af037: receive RaftClientReply:client-D5CE890D7D9E->efcb8ff8-f060-4d95-9215-d0f5eb4af037@group-0959F8DF43ED, cid=2898, SUCCESS, logIndex=0, commits[efcb8ff8-f060-4d95-9215-d0f5eb4af037:c4349, 6fae8b02-e804-4c0e-b729-a97b7404b7f6:c4345, 4c3e8a66-6975-4917-8225-d3efe707aaff:c4343]
2019-09-04 11:46:31,215 | INFO  | DNAudit | user=null | ip=null | op=WRITE_CHUNK {blockData=conID: 2 locID: 102734075735179897 bcsId: 4345} | ret=SUCCESS |  
2019-09-04 11:46:31,218 | INFO  | DNAudit | user=null | ip=null | op=WRITE_CHUNK {blockData=conID: 2 locID: 102734075735179897 bcsId: 4345} | ret=SUCCESS |  
2019-09-04 11:46:31,218 | INFO  | DNAudit | user=null | ip=null | op=WRITE_CHUNK {blockData=conID: 2 locID: 102734075735179897 bcsId: 4345} | ret=SUCCESS |  
2019-09-04 11:46:31,229 | INFO  | DNAudit | user=null | ip=null | op=WRITE_CHUNK {blockData=conID: 2 locID: 102734075735179897 bcsId: 4345} | ret=SUCCESS |  
2019-09-04 11:46:31,229 | INFO  | DNAudit | user=null | ip=null | op=PUT_BLOCK {blockData=[blockId=conID: 2 locID: 102734075735179897 bcsId: 0,size=3145728]} | ret=SUCCESS |  
2019-09-04 11:46:31,229 [grpc-default-executor-1] INFO  client.GrpcClientProtocolClient (GrpcClientProtocolClient.java:onNext(255)) - client-D5CE890D7D9E->efcb8ff8-f060-4d95-9215-d0f5eb4af037: receive RaftClientReply:client-D5CE890D7D9E->efcb8ff8-f060-4d95-9215-d0f5eb4af037@group-0959F8DF43ED, cid=2899, SUCCESS, logIndex=4350, commits[efcb8ff8-f060-4d95-9215-d0f5eb4af037:c4351, 6fae8b02-e804-4c0e-b729-a97b7404b7f6:c4349, 4c3e8a66-6975-4917-8225-d3efe707aaff:c4349]
2019-09-04 11:46:31,230 [grpc-default-executor-1] INFO  client.GrpcClientProtocolClient (GrpcClientProtocolClient.java:onNext(255)) - client-D5CE890D7D9E->efcb8ff8-f060-4d95-9215-d0f5eb4af037: receive RaftClientReply:client-D5CE890D7D9E->efcb8ff8-f060-4d95-9215-d0f5eb4af037@group-0959F8DF43ED, cid=2900, SUCCESS, logIndex=4351, commits[efcb8ff8-f060-4d95-9215-d0f5eb4af037:c4351, 6fae8b02-e804-4c0e-b729-a97b7404b7f6:c4349, 4c3e8a66-6975-4917-8225-d3efe707aaff:c4349]
2019-09-04 11:46:31,235 | INFO  | DNAudit | user=null | ip=null | op=WRITE_CHUNK {blockData=conID: 2 locID: 102734075735179897 bcsId: 4345} | ret=SUCCESS |  
2019-09-04 11:46:31,235 | INFO  | DNAudit | user=null | ip=null | op=WRITE_CHUNK {blockData=conID: 2 locID: 102734075735179897 bcsId: 4345} | ret=SUCCESS |  
2019-09-04 11:46:31,236 | INFO  | DNAudit | user=null | ip=null | op=WRITE_CHUNK {blockData=conID: 2 locID: 102734075735179897 bcsId: 4351} | ret=SUCCESS |  
2019-09-04 11:46:31,236 | INFO  | DNAudit | user=null | ip=null | op=PUT_BLOCK {blockData=[blockId=conID: 2 locID: 102734075735179897 bcsId: 0,size=3145728]} | ret=SUCCESS |  
2019-09-04 11:46:31,236 | INFO  | DNAudit | user=null | ip=null | op=PUT_BLOCK {blockData=[blockId=conID: 2 locID: 102734075735179897 bcsId: 0,size=3145728]} | ret=SUCCESS |  
2019-09-04 11:46:31,238 | INFO  | DNAudit | user=null | ip=null | op=WRITE_CHUNK {blockData=conID: 2 locID: 102734075735179897 bcsId: 4351} | ret=SUCCESS |  
2019-09-04 11:46:31,238 | INFO  | DNAudit | user=null | ip=null | op=WRITE_CHUNK {blockData=conID: 2 locID: 102734075735179897 bcsId: 4351} | ret=SUCCESS |  
2019-09-04 11:46:31,248 | INFO  | DNAudit | user=null | ip=null | op=WRITE_CHUNK {blockData=conID: 2 locID: 102734075735179897 bcsId: 4351} | ret=SUCCESS |  
2019-09-04 11:46:31,248 | INFO  | DNAudit | user=null | ip=null | op=PUT_BLOCK {blockData=[blockId=conID: 2 locID: 102734075735179897 bcsId: 0,size=4194304]} | ret=SUCCESS |  
2019-09-04 11:46:31,249 [grpc-default-executor-0] INFO  client.GrpcClientProtocolClient (GrpcClientProtocolClient.java:onNext(255)) - client-D5CE890D7D9E->efcb8ff8-f060-4d95-9215-d0f5eb4af037: receive RaftClientReply:client-D5CE890D7D9E->efcb8ff8-f060-4d95-9215-d0f5eb4af037@group-0959F8DF43ED, cid=2901, SUCCESS, logIndex=4354, commits[efcb8ff8-f060-4d95-9215-d0f5eb4af037:c4355, 6fae8b02-e804-4c0e-b729-a97b7404b7f6:c4351, 4c3e8a66-6975-4917-8225-d3efe707aaff:c4351]
2019-09-04 11:46:31,249 [grpc-default-executor-0] INFO  client.GrpcClientProtocolClient (GrpcClientProtocolClient.java:onNext(255)) - client-D5CE890D7D9E->efcb8ff8-f060-4d95-9215-d0f5eb4af037: receive RaftClientReply:client-D5CE890D7D9E->efcb8ff8-f060-4d95-9215-d0f5eb4af037@group-0959F8DF43ED, cid=2902, SUCCESS, logIndex=4355, commits[efcb8ff8-f060-4d95-9215-d0f5eb4af037:c4355, 6fae8b02-e804-4c0e-b729-a97b7404b7f6:c4351, 4c3e8a66-6975-4917-8225-d3efe707aaff:c4351]
2019-09-04 11:46:31,260 | INFO  | DNAudit | user=null | ip=null | op=WRITE_CHUNK {blockData=conID: 2 locID: 102734075735179897 bcsId: 4351} | ret=SUCCESS |  
2019-09-04 11:46:31,260 | INFO  | DNAudit | user=null | ip=null | op=PUT_BLOCK {blockData=[blockId=conID: 2 locID: 102734075735179897 bcsId: 0,size=4194304]} | ret=SUCCESS |  
2019-09-04 11:46:31,260 | INFO  | DNAudit | user=null | ip=null | op=WRITE_CHUNK {blockData=conID: 2 locID: 102734075735179897 bcsId: 4351} | ret=SUCCESS |  
2019-09-04 11:46:31,260 | INFO  | DNAudit | user=null | ip=null | op=PUT_BLOCK {blockData=[blockId=conID: 2 locID: 102734075735179897 bcsId: 0,size=4194304]} | ret=SUCCESS |  
2019-09-04 11:46:31,261 [grpc-default-executor-0] INFO  client.GrpcClientProtocolClient (GrpcClientProtocolClient.java:onNext(255)) - client-D5CE890D7D9E->efcb8ff8-f060-4d95-9215-d0f5eb4af037: receive RaftClientReply:client-D5CE890D7D9E->efcb8ff8-f060-4d95-9215-d0f5eb4af037@group-0959F8DF43ED, cid=2903, SUCCESS, logIndex=0, commits[efcb8ff8-f060-4d95-9215-d0f5eb4af037:c4355, 6fae8b02-e804-4c0e-b729-a97b7404b7f6:c4355, 4c3e8a66-6975-4917-8225-d3efe707aaff:c4355]
2019-09-04 11:46:31,265 | INFO  | SCMAudit | user=jenkins1000 | ip=192.168.36.67 | op=ALLOCATE_BLOCK {owner=8ab292a2-aaa7-4ad8-863a-d33994811155, size=4194304, type=RATIS, factor=THREE} | ret=SUCCESS |  
2019-09-04 11:46:31,268 | INFO  | OMAudit | user=jenkins1000 | ip=127.0.0.1 | op=ALLOCATE_BLOCK {volume=vol-0-58699, bucket=bucket-0-57464, key=key-0-37266, dataSize=0, replicationType=null, replicationFactor=null, keyLocationInfo=null, clientID=102734073355960722} | ret=SUCCESS |  
2019-09-04 11:46:31,274 | INFO  | DNAudit | user=null | ip=null | op=WRITE_CHUNK {blockData=conID: 3 locID: 102734075741143674 bcsId: 0} | ret=SUCCESS |  
2019-09-04 11:46:31,276 | INFO  | DNAudit | user=null | ip=null | op=WRITE_CHUNK {blockData=conID: 3 locID: 102734075741143674 bcsId: 0} | ret=SUCCESS |  
2019-09-04 11:46:31,277 | INFO  | DNAudit | user=null | ip=null | op=WRITE_CHUNK {blockData=conID: 3 locID: 102734075741143674 bcsId: 0} | ret=SUCCESS |  
2019-09-04 11:46:31,277 | INFO  | DNAudit | user=null | ip=null | op=WRITE_CHUNK {blockData=conID: 3 locID: 102734075741143674 bcsId: 0} | ret=SUCCESS |  
2019-09-04 11:46:31,278 | INFO  | DNAudit | user=null | ip=null | op=WRITE_CHUNK {blockData=conID: 3 locID: 102734075741143674 bcsId: 0} | ret=SUCCESS |  
2019-09-04 11:46:31,278 | INFO  | DNAudit | user=null | ip=null | op=WRITE_CHUNK {blockData=conID: 3 locID: 102734075741143674 bcsId: 0} | ret=SUCCESS |  
2019-09-04 11:46:31,296 | INFO  | DNAudit | user=null | ip=null | op=WRITE_CHUNK {blockData=conID: 3 locID: 102734075741143674 bcsId: 0} | ret=SUCCESS |  
2019-09-04 11:46:31,296 | INFO  | DNAudit | user=null | ip=null | op=PUT_BLOCK {blockData=[blockId=conID: 3 locID: 102734075741143674 bcsId: 0,size=1048576]} | ret=SUCCESS |  
2019-09-04 11:46:31,296 [grpc-default-executor-5] INFO  client.GrpcClientProtocolClient (GrpcClientProtocolClient.java:onNext(255)) - client-D5CE890D7D9E->efcb8ff8-f060-4d95-9215-d0f5eb4af037: receive RaftClientReply:client-D5CE890D7D9E->efcb8ff8-f060-4d95-9215-d0f5eb4af037@group-0959F8DF43ED, cid=2904, SUCCESS, logIndex=4358, commits[efcb8ff8-f060-4d95-9215-d0f5eb4af037:c4359, 6fae8b02-e804-4c0e-b729-a97b7404b7f6:c4357, 4c3e8a66-6975-4917-8225-d3efe707aaff:c4355]
2019-09-04 11:46:31,297 [grpc-default-executor-5] INFO  client.GrpcClientProtocolClient (GrpcClientProtocolClient.java:onNext(255)) - client-D5CE890D7D9E->efcb8ff8-f060-4d95-9215-d0f5eb4af037: receive RaftClientReply:client-D5CE890D7D9E->efcb8ff8-f060-4d95-9215-d0f5eb4af037@group-0959F8DF43ED, cid=2905, SUCCESS, logIndex=4359, commits[efcb8ff8-f060-4d95-9215-d0f5eb4af037:c4359, 6fae8b02-e804-4c0e-b729-a97b7404b7f6:c4357, 4c3e8a66-6975-4917-8225-d3efe707aaff:c4355]
2019-09-04 11:46:31,348 | INFO  | DNAudit | user=null | ip=null | op=WRITE_CHUNK {blockData=conID: 3 locID: 102734075741143674 bcsId: 0} | ret=SUCCESS |  
2019-09-04 11:46:31,349 | INFO  | DNAudit | user=null | ip=null | op=PUT_BLOCK {blockData=[blockId=conID: 3 locID: 102734075741143674 bcsId: 0,size=2097152]} | ret=SUCCESS |  
2019-09-04 11:46:31,349 [grpc-default-executor-5] INFO  client.GrpcClientProtocolClient (GrpcClientProtocolClient.java:onNext(255)) - client-D5CE890D7D9E->efcb8ff8-f060-4d95-9215-d0f5eb4af037: receive RaftClientReply:client-D5CE890D7D9E->efcb8ff8-f060-4d95-9215-d0f5eb4af037@group-0959F8DF43ED, cid=2906, SUCCESS, logIndex=4360, commits[efcb8ff8-f060-4d95-9215-d0f5eb4af037:c4361, 6fae8b02-e804-4c0e-b729-a97b7404b7f6:c4357, 4c3e8a66-6975-4917-8225-d3efe707aaff:c4357]
2019-09-04 11:46:31,349 [grpc-default-executor-5] INFO  client.GrpcClientProtocolClient (GrpcClientProtocolClient.java:onNext(255)) - client-D5CE890D7D9E->efcb8ff8-f060-4d95-9215-d0f5eb4af037: receive RaftClientReply:client-D5CE890D7D9E->efcb8ff8-f060-4d95-9215-d0f5eb4af037@group-0959F8DF43ED, cid=2907, SUCCESS, logIndex=4361, commits[efcb8ff8-f060-4d95-9215-d0f5eb4af037:c4361, 6fae8b02-e804-4c0e-b729-a97b7404b7f6:c4357, 4c3e8a66-6975-4917-8225-d3efe707aaff:c4357]
2019-09-04 11:46:31,351 | INFO  | DNAudit | user=null | ip=null | op=WRITE_CHUNK {blockData=conID: 3 locID: 102734075741143674 bcsId: 0} | ret=SUCCESS |  
2019-09-04 11:46:31,351 | INFO  | DNAudit | user=null | ip=null | op=PUT_BLOCK {blockData=[blockId=conID: 3 locID: 102734075741143674 bcsId: 0,size=1048576]} | ret=SUCCESS |  
2019-09-04 11:46:31,352 | INFO  | DNAudit | user=null | ip=null | op=WRITE_CHUNK {blockData=conID: 3 locID: 102734075741143674 bcsId: 0} | ret=SUCCESS |  
2019-09-04 11:46:31,352 | INFO  | DNAudit | user=null | ip=null | op=PUT_BLOCK {blockData=[blockId=conID: 3 locID: 102734075741143674 bcsId: 0,size=2097152]} | ret=SUCCESS |  
2019-09-04 11:46:31,371 | INFO  | DNAudit | user=null | ip=null | op=WRITE_CHUNK {blockData=conID: 3 locID: 102734075741143674 bcsId: 0} | ret=SUCCESS |  
2019-09-04 11:46:31,371 | INFO  | DNAudit | user=null | ip=null | op=PUT_BLOCK {blockData=[blockId=conID: 3 locID: 102734075741143674 bcsId: 0,size=1048576]} | ret=SUCCESS |  
2019-09-04 11:46:31,371 [grpc-default-executor-5] INFO  client.GrpcClientProtocolClient (GrpcClientProtocolClient.java:onNext(255)) - client-D5CE890D7D9E->efcb8ff8-f060-4d95-9215-d0f5eb4af037: receive RaftClientReply:client-D5CE890D7D9E->efcb8ff8-f060-4d95-9215-d0f5eb4af037@group-0959F8DF43ED, cid=2908, SUCCESS, logIndex=0, commits[efcb8ff8-f060-4d95-9215-d0f5eb4af037:c4364, 6fae8b02-e804-4c0e-b729-a97b7404b7f6:c4359, 4c3e8a66-6975-4917-8225-d3efe707aaff:c4361]
2019-09-04 11:46:31,378 | INFO  | DNAudit | user=null | ip=null | op=WRITE_CHUNK {blockData=conID: 3 locID: 102734075741143674 bcsId: 4361} | ret=SUCCESS |  
2019-09-04 11:46:31,378 | INFO  | DNAudit | user=null | ip=null | op=WRITE_CHUNK {blockData=conID: 3 locID: 102734075741143674 bcsId: 0} | ret=SUCCESS |  
2019-09-04 11:46:31,378 | INFO  | DNAudit | user=null | ip=null | op=PUT_BLOCK {blockData=[blockId=conID: 3 locID: 102734075741143674 bcsId: 0,size=2097152]} | ret=SUCCESS |  
2019-09-04 11:46:31,380 | INFO  | DNAudit | user=null | ip=null | op=WRITE_CHUNK {blockData=conID: 3 locID: 102734075741143674 bcsId: 4361} | ret=SUCCESS |  
2019-09-04 11:46:31,381 | INFO  | DNAudit | user=null | ip=null | op=WRITE_CHUNK {blockData=conID: 3 locID: 102734075741143674 bcsId: 4361} | ret=SUCCESS |  
2019-09-04 11:46:31,386 | INFO  | DNAudit | user=null | ip=null | op=WRITE_CHUNK {blockData=conID: 3 locID: 102734075741143674 bcsId: 4361} | ret=SUCCESS |  
2019-09-04 11:46:31,387 | INFO  | DNAudit | user=null | ip=null | op=PUT_BLOCK {blockData=[blockId=conID: 3 locID: 102734075741143674 bcsId: 0,size=3145728]} | ret=SUCCESS |  
2019-09-04 11:46:31,387 [grpc-default-executor-6] INFO  client.GrpcClientProtocolClient (GrpcClientProtocolClient.java:onNext(255)) - client-D5CE890D7D9E->efcb8ff8-f060-4d95-9215-d0f5eb4af037: receive RaftClientReply:client-D5CE890D7D9E->efcb8ff8-f060-4d95-9215-d0f5eb4af037@group-0959F8DF43ED, cid=2909, SUCCESS, logIndex=4365, commits[efcb8ff8-f060-4d95-9215-d0f5eb4af037:c4366, 6fae8b02-e804-4c0e-b729-a97b7404b7f6:c4364, 4c3e8a66-6975-4917-8225-d3efe707aaff:c4364]
2019-09-04 11:46:31,387 [grpc-default-executor-6] INFO  client.GrpcClientProtocolClient (GrpcClientProtocolClient.java:onNext(255)) - client-D5CE890D7D9E->efcb8ff8-f060-4d95-9215-d0f5eb4af037: receive RaftClientReply:client-D5CE890D7D9E->efcb8ff8-f060-4d95-9215-d0f5eb4af037@group-0959F8DF43ED, cid=2910, SUCCESS, logIndex=4366, commits[efcb8ff8-f060-4d95-9215-d0f5eb4af037:c4366, 6fae8b02-e804-4c0e-b729-a97b7404b7f6:c4364, 4c3e8a66-6975-4917-8225-d3efe707aaff:c4364]
2019-09-04 11:46:31,393 | INFO  | DNAudit | user=null | ip=null | op=WRITE_CHUNK {blockData=conID: 3 locID: 102734075741143674 bcsId: 4366} | ret=SUCCESS |  
2019-09-04 11:46:31,395 | INFO  | DNAudit | user=null | ip=null | op=WRITE_CHUNK {blockData=conID: 3 locID: 102734075741143674 bcsId: 4361} | ret=SUCCESS |  
2019-09-04 11:46:31,395 | INFO  | DNAudit | user=null | ip=null | op=WRITE_CHUNK {blockData=conID: 3 locID: 102734075741143674 bcsId: 4361} | ret=SUCCESS |  
2019-09-04 11:46:31,396 | INFO  | DNAudit | user=null | ip=null | op=WRITE_CHUNK {blockData=conID: 3 locID: 102734075741143674 bcsId: 4366} | ret=SUCCESS |  
2019-09-04 11:46:31,396 | INFO  | DNAudit | user=null | ip=null | op=WRITE_CHUNK {blockData=conID: 3 locID: 102734075741143674 bcsId: 4366} | ret=SUCCESS |  
2019-09-04 11:46:31,403 | INFO  | DNAudit | user=null | ip=null | op=PUT_BLOCK {blockData=[blockId=conID: 3 locID: 102734075741143674 bcsId: 0,size=3145728]} | ret=SUCCESS |  
2019-09-04 11:46:31,404 | INFO  | DNAudit | user=null | ip=null | op=PUT_BLOCK {blockData=[blockId=conID: 3 locID: 102734075741143674 bcsId: 0,size=3145728]} | ret=SUCCESS |  
2019-09-04 11:46:31,404 | INFO  | DNAudit | user=null | ip=null | op=WRITE_CHUNK {blockData=conID: 3 locID: 102734075741143674 bcsId: 4366} | ret=SUCCESS |  
2019-09-04 11:46:31,404 | INFO  | DNAudit | user=null | ip=null | op=PUT_BLOCK {blockData=[blockId=conID: 3 locID: 102734075741143674 bcsId: 0,size=4194304]} | ret=SUCCESS |  
2019-09-04 11:46:31,404 [grpc-default-executor-6] INFO  client.GrpcClientProtocolClient (GrpcClientProtocolClient.java:onNext(255)) - client-D5CE890D7D9E->efcb8ff8-f060-4d95-9215-d0f5eb4af037: receive RaftClientReply:client-D5CE890D7D9E->efcb8ff8-f060-4d95-9215-d0f5eb4af037@group-0959F8DF43ED, cid=2911, SUCCESS, logIndex=4369, commits[efcb8ff8-f060-4d95-9215-d0f5eb4af037:c4370, 6fae8b02-e804-4c0e-b729-a97b7404b7f6:c4366, 4c3e8a66-6975-4917-8225-d3efe707aaff:c4366]
2019-09-04 11:46:31,405 [grpc-default-executor-6] INFO  client.GrpcClientProtocolClient (GrpcClientProtocolClient.java:onNext(255)) - client-D5CE890D7D9E->efcb8ff8-f060-4d95-9215-d0f5eb4af037: receive RaftClientReply:client-D5CE890D7D9E->efcb8ff8-f060-4d95-9215-d0f5eb4af037@group-0959F8DF43ED, cid=2912, SUCCESS, logIndex=4370, commits[efcb8ff8-f060-4d95-9215-d0f5eb4af037:c4370, 6fae8b02-e804-4c0e-b729-a97b7404b7f6:c4366, 4c3e8a66-6975-4917-8225-d3efe707aaff:c4366]
2019-09-04 11:46:31,412 | INFO  | DNAudit | user=null | ip=null | op=WRITE_CHUNK {blockData=conID: 3 locID: 102734075741143674 bcsId: 4366} | ret=SUCCESS |  
2019-09-04 11:46:31,412 | INFO  | DNAudit | user=null | ip=null | op=WRITE_CHUNK {blockData=conID: 3 locID: 102734075741143674 bcsId: 4366} | ret=SUCCESS |  
2019-09-04 11:46:31,413 | INFO  | DNAudit | user=null | ip=null | op=PUT_BLOCK {blockData=[blockId=conID: 3 locID: 102734075741143674 bcsId: 0,size=4194304]} | ret=SUCCESS |  
2019-09-04 11:46:31,413 | INFO  | DNAudit | user=null | ip=null | op=PUT_BLOCK {blockData=[blockId=conID: 3 locID: 102734075741143674 bcsId: 0,size=4194304]} | ret=SUCCESS |  
2019-09-04 11:46:31,414 [grpc-default-executor-1] INFO  client.GrpcClientProtocolClient (GrpcClientProtocolClient.java:onNext(255)) - client-D5CE890D7D9E->efcb8ff8-f060-4d95-9215-d0f5eb4af037: receive RaftClientReply:client-D5CE890D7D9E->efcb8ff8-f060-4d95-9215-d0f5eb4af037@group-0959F8DF43ED, cid=2913, SUCCESS, logIndex=0, commits[efcb8ff8-f060-4d95-9215-d0f5eb4af037:c4372, 6fae8b02-e804-4c0e-b729-a97b7404b7f6:c4370, 4c3e8a66-6975-4917-8225-d3efe707aaff:c4370]
2019-09-04 11:46:31,419 | INFO  | SCMAudit | user=jenkins1000 | ip=192.168.36.67 | op=ALLOCATE_BLOCK {owner=8ab292a2-aaa7-4ad8-863a-d33994811155, size=4194304, type=RATIS, factor=THREE} | ret=SUCCESS |  
2019-09-04 11:46:31,423 | INFO  | OMAudit | user=jenkins1000 | ip=127.0.0.1 | op=ALLOCATE_BLOCK {volume=vol-0-58699, bucket=bucket-0-57464, key=key-0-37266, dataSize=0, replicationType=null, replicationFactor=null, keyLocationInfo=null, clientID=102734073355960722} | ret=SUCCESS |  
2019-09-04 11:46:31,430 | INFO  | DNAudit | user=null | ip=null | op=WRITE_CHUNK {blockData=conID: 1 locID: 102734075751236219 bcsId: 0} | ret=SUCCESS |  
2019-09-04 11:46:31,432 | INFO  | DNAudit | user=null | ip=null | op=WRITE_CHUNK {blockData=conID: 1 locID: 102734075751236219 bcsId: 0} | ret=SUCCESS |  
2019-09-04 11:46:31,432 | INFO  | DNAudit | user=null | ip=null | op=WRITE_CHUNK {blockData=conID: 1 locID: 102734075751236219 bcsId: 0} | ret=SUCCESS |  
2019-09-04 11:46:31,432 | INFO  | DNAudit | user=null | ip=null | op=WRITE_CHUNK {blockData=conID: 1 locID: 102734075751236219 bcsId: 0} | ret=SUCCESS |  
2019-09-04 11:46:31,434 | INFO  | DNAudit | user=null | ip=null | op=WRITE_CHUNK {blockData=conID: 1 locID: 102734075751236219 bcsId: 0} | ret=SUCCESS |  
2019-09-04 11:46:31,434 | INFO  | DNAudit | user=null | ip=null | op=WRITE_CHUNK {blockData=conID: 1 locID: 102734075751236219 bcsId: 0} | ret=SUCCESS |  
2019-09-04 11:46:31,440 | INFO  | DNAudit | user=null | ip=null | op=WRITE_CHUNK {blockData=conID: 1 locID: 102734075751236219 bcsId: 0} | ret=SUCCESS |  
2019-09-04 11:46:31,440 | INFO  | DNAudit | user=null | ip=null | op=PUT_BLOCK {blockData=[blockId=conID: 1 locID: 102734075751236219 bcsId: 0,size=1048576]} | ret=SUCCESS |  
2019-09-04 11:46:31,440 | INFO  | DNAudit | user=null | ip=null | op=WRITE_CHUNK {blockData=conID: 1 locID: 102734075751236219 bcsId: 0} | ret=SUCCESS |  
2019-09-04 11:46:31,440 [grpc-default-executor-5] INFO  client.GrpcClientProtocolClient (GrpcClientProtocolClient.java:onNext(255)) - client-D5CE890D7D9E->efcb8ff8-f060-4d95-9215-d0f5eb4af037: receive RaftClientReply:client-D5CE890D7D9E->efcb8ff8-f060-4d95-9215-d0f5eb4af037@group-0959F8DF43ED, cid=2914, SUCCESS, logIndex=4373, commits[efcb8ff8-f060-4d95-9215-d0f5eb4af037:c4375, 6fae8b02-e804-4c0e-b729-a97b7404b7f6:c4372, 4c3e8a66-6975-4917-8225-d3efe707aaff:c4372]
2019-09-04 11:46:31,440 | INFO  | DNAudit | user=null | ip=null | op=PUT_BLOCK {blockData=[blockId=conID: 1 locID: 102734075751236219 bcsId: 0,size=2097152]} | ret=SUCCESS |  
2019-09-04 11:46:31,441 [grpc-default-executor-5] INFO  client.GrpcClientProtocolClient (GrpcClientProtocolClient.java:onNext(255)) - client-D5CE890D7D9E->efcb8ff8-f060-4d95-9215-d0f5eb4af037: receive RaftClientReply:client-D5CE890D7D9E->efcb8ff8-f060-4d95-9215-d0f5eb4af037@group-0959F8DF43ED, cid=2915, SUCCESS, logIndex=4374, commits[efcb8ff8-f060-4d95-9215-d0f5eb4af037:c4376, 6fae8b02-e804-4c0e-b729-a97b7404b7f6:c4372, 4c3e8a66-6975-4917-8225-d3efe707aaff:c4372]
2019-09-04 11:46:31,441 [grpc-default-executor-5] INFO  client.GrpcClientProtocolClient (GrpcClientProtocolClient.java:onNext(255)) - client-D5CE890D7D9E->efcb8ff8-f060-4d95-9215-d0f5eb4af037: receive RaftClientReply:client-D5CE890D7D9E->efcb8ff8-f060-4d95-9215-d0f5eb4af037@group-0959F8DF43ED, cid=2916, SUCCESS, logIndex=4375, commits[efcb8ff8-f060-4d95-9215-d0f5eb4af037:c4376, 6fae8b02-e804-4c0e-b729-a97b7404b7f6:c4372, 4c3e8a66-6975-4917-8225-d3efe707aaff:c4372]
2019-09-04 11:46:31,441 [grpc-default-executor-5] INFO  client.GrpcClientProtocolClient (GrpcClientProtocolClient.java:onNext(255)) - client-D5CE890D7D9E->efcb8ff8-f060-4d95-9215-d0f5eb4af037: receive RaftClientReply:client-D5CE890D7D9E->efcb8ff8-f060-4d95-9215-d0f5eb4af037@group-0959F8DF43ED, cid=2917, SUCCESS, logIndex=4376, commits[efcb8ff8-f060-4d95-9215-d0f5eb4af037:c4376, 6fae8b02-e804-4c0e-b729-a97b7404b7f6:c4372, 4c3e8a66-6975-4917-8225-d3efe707aaff:c4372]
2019-09-04 11:46:31,446 | INFO  | DNAudit | user=null | ip=null | op=WRITE_CHUNK {blockData=conID: 1 locID: 102734075751236219 bcsId: 0} | ret=SUCCESS |  
2019-09-04 11:46:31,447 | INFO  | DNAudit | user=null | ip=null | op=PUT_BLOCK {blockData=[blockId=conID: 1 locID: 102734075751236219 bcsId: 0,size=1048576]} | ret=SUCCESS |  
2019-09-04 11:46:31,454 | INFO  | DNAudit | user=null | ip=null | op=WRITE_CHUNK {blockData=conID: 1 locID: 102734075751236219 bcsId: 0} | ret=SUCCESS |  
2019-09-04 11:46:31,454 | INFO  | DNAudit | user=null | ip=null | op=PUT_BLOCK {blockData=[blockId=conID: 1 locID: 102734075751236219 bcsId: 0,size=1048576]} | ret=SUCCESS |  
2019-09-04 11:46:31,455 | INFO  | DNAudit | user=null | ip=null | op=WRITE_CHUNK {blockData=conID: 1 locID: 102734075751236219 bcsId: 0} | ret=SUCCESS |  
2019-09-04 11:46:31,455 | INFO  | DNAudit | user=null | ip=null | op=PUT_BLOCK {blockData=[blockId=conID: 1 locID: 102734075751236219 bcsId: 0,size=2097152]} | ret=SUCCESS |  
2019-09-04 11:46:31,455 [grpc-default-executor-5] INFO  client.GrpcClientProtocolClient (GrpcClientProtocolClient.java:onNext(255)) - client-D5CE890D7D9E->efcb8ff8-f060-4d95-9215-d0f5eb4af037: receive RaftClientReply:client-D5CE890D7D9E->efcb8ff8-f060-4d95-9215-d0f5eb4af037@group-0959F8DF43ED, cid=2918, SUCCESS, logIndex=0, commits[efcb8ff8-f060-4d95-9215-d0f5eb4af037:c4377, 6fae8b02-e804-4c0e-b729-a97b7404b7f6:c4374, 4c3e8a66-6975-4917-8225-d3efe707aaff:c4374]
2019-09-04 11:46:31,455 | INFO  | DNAudit | user=null | ip=null | op=WRITE_CHUNK {blockData=conID: 1 locID: 102734075751236219 bcsId: 0} | ret=SUCCESS |  
2019-09-04 11:46:31,455 | INFO  | DNAudit | user=null | ip=null | op=PUT_BLOCK {blockData=[blockId=conID: 1 locID: 102734075751236219 bcsId: 0,size=2097152]} | ret=SUCCESS |  
2019-09-04 11:46:31,461 | INFO  | DNAudit | user=null | ip=null | op=WRITE_CHUNK {blockData=conID: 1 locID: 102734075751236219 bcsId: 4376} | ret=SUCCESS |  
2019-09-04 11:46:31,463 | INFO  | DNAudit | user=null | ip=null | op=WRITE_CHUNK {blockData=conID: 1 locID: 102734075751236219 bcsId: 4376} | ret=SUCCESS |  
2019-09-04 11:46:31,463 | INFO  | DNAudit | user=null | ip=null | op=WRITE_CHUNK {blockData=conID: 1 locID: 102734075751236219 bcsId: 4376} | ret=SUCCESS |  
2019-09-04 11:46:31,468 | INFO  | DNAudit | user=null | ip=null | op=WRITE_CHUNK {blockData=conID: 1 locID: 102734075751236219 bcsId: 4376} | ret=SUCCESS |  
2019-09-04 11:46:31,468 | INFO  | DNAudit | user=null | ip=null | op=PUT_BLOCK {blockData=[blockId=conID: 1 locID: 102734075751236219 bcsId: 0,size=3145728]} | ret=SUCCESS |  
2019-09-04 11:46:31,469 [grpc-default-executor-6] INFO  client.GrpcClientProtocolClient (GrpcClientProtocolClient.java:onNext(255)) - client-D5CE890D7D9E->efcb8ff8-f060-4d95-9215-d0f5eb4af037: receive RaftClientReply:client-D5CE890D7D9E->efcb8ff8-f060-4d95-9215-d0f5eb4af037@group-0959F8DF43ED, cid=2919, SUCCESS, logIndex=4381, commits[efcb8ff8-f060-4d95-9215-d0f5eb4af037:c4382, 6fae8b02-e804-4c0e-b729-a97b7404b7f6:c4380, 4c3e8a66-6975-4917-8225-d3efe707aaff:c4380]
2019-09-04 11:46:31,469 [grpc-default-executor-6] INFO  client.GrpcClientProtocolClient (GrpcClientProtocolClient.java:onNext(255)) - client-D5CE890D7D9E->efcb8ff8-f060-4d95-9215-d0f5eb4af037: receive RaftClientReply:client-D5CE890D7D9E->efcb8ff8-f060-4d95-9215-d0f5eb4af037@group-0959F8DF43ED, cid=2920, SUCCESS, logIndex=4382, commits[efcb8ff8-f060-4d95-9215-d0f5eb4af037:c4382, 6fae8b02-e804-4c0e-b729-a97b7404b7f6:c4380, 4c3e8a66-6975-4917-8225-d3efe707aaff:c4380]
2019-09-04 11:46:31,475 | INFO  | DNAudit | user=null | ip=null | op=WRITE_CHUNK {blockData=conID: 1 locID: 102734075751236219 bcsId: 4382} | ret=SUCCESS |  
2019-09-04 11:46:31,477 | INFO  | DNAudit | user=null | ip=null | op=WRITE_CHUNK {blockData=conID: 1 locID: 102734075751236219 bcsId: 4382} | ret=SUCCESS |  
2019-09-04 11:46:31,477 | INFO  | DNAudit | user=null | ip=null | op=WRITE_CHUNK {blockData=conID: 1 locID: 102734075751236219 bcsId: 4382} | ret=SUCCESS |  
2019-09-04 11:46:31,478 | INFO  | DNAudit | user=null | ip=null | op=WRITE_CHUNK {blockData=conID: 1 locID: 102734075751236219 bcsId: 4376} | ret=SUCCESS |  
2019-09-04 11:46:31,478 | INFO  | DNAudit | user=null | ip=null | op=WRITE_CHUNK {blockData=conID: 1 locID: 102734075751236219 bcsId: 4376} | ret=SUCCESS |  
2019-09-04 11:46:31,480 | INFO  | DNAudit | user=null | ip=null | op=PUT_BLOCK {blockData=[blockId=conID: 1 locID: 102734075751236219 bcsId: 0,size=3145728]} | ret=SUCCESS |  
2019-09-04 11:46:31,480 | INFO  | DNAudit | user=null | ip=null | op=PUT_BLOCK {blockData=[blockId=conID: 1 locID: 102734075751236219 bcsId: 0,size=3145728]} | ret=SUCCESS |  
2019-09-04 11:46:31,481 | INFO  | DNAudit | user=null | ip=null | op=WRITE_CHUNK {blockData=conID: 1 locID: 102734075751236219 bcsId: 4382} | ret=SUCCESS |  
2019-09-04 11:46:31,481 | INFO  | DNAudit | user=null | ip=null | op=PUT_BLOCK {blockData=[blockId=conID: 1 locID: 102734075751236219 bcsId: 0,size=4194304]} | ret=SUCCESS |  
2019-09-04 11:46:31,482 [grpc-default-executor-5] INFO  client.GrpcClientProtocolClient (GrpcClientProtocolClient.java:onNext(255)) - client-D5CE890D7D9E->efcb8ff8-f060-4d95-9215-d0f5eb4af037: receive RaftClientReply:client-D5CE890D7D9E->efcb8ff8-f060-4d95-9215-d0f5eb4af037@group-0959F8DF43ED, cid=2921, SUCCESS, logIndex=4385, commits[efcb8ff8-f060-4d95-9215-d0f5eb4af037:c4386, 6fae8b02-e804-4c0e-b729-a97b7404b7f6:c4382, 4c3e8a66-6975-4917-8225-d3efe707aaff:c4382]
2019-09-04 11:46:31,482 [grpc-default-executor-5] INFO  client.GrpcClientProtocolClient (GrpcClientProtocolClient.java:onNext(255)) - client-D5CE890D7D9E->efcb8ff8-f060-4d95-9215-d0f5eb4af037: receive RaftClientReply:client-D5CE890D7D9E->efcb8ff8-f060-4d95-9215-d0f5eb4af037@group-0959F8DF43ED, cid=2922, SUCCESS, logIndex=4386, commits[efcb8ff8-f060-4d95-9215-d0f5eb4af037:c4386, 6fae8b02-e804-4c0e-b729-a97b7404b7f6:c4382, 4c3e8a66-6975-4917-8225-d3efe707aaff:c4382]
2019-09-04 11:46:31,489 | INFO  | DNAudit | user=null | ip=null | op=WRITE_CHUNK {blockData=conID: 1 locID: 102734075751236219 bcsId: 4382} | ret=SUCCESS |  
2019-09-04 11:46:31,489 | INFO  | DNAudit | user=null | ip=null | op=WRITE_CHUNK {blockData=conID: 1 locID: 102734075751236219 bcsId: 4382} | ret=SUCCESS |  
2019-09-04 11:46:31,490 | INFO  | DNAudit | user=null | ip=null | op=PUT_BLOCK {blockData=[blockId=conID: 1 locID: 102734075751236219 bcsId: 0,size=4194304]} | ret=SUCCESS |  
2019-09-04 11:46:31,490 | INFO  | DNAudit | user=null | ip=null | op=PUT_BLOCK {blockData=[blockId=conID: 1 locID: 102734075751236219 bcsId: 0,size=4194304]} | ret=SUCCESS |  
2019-09-04 11:46:31,491 [grpc-default-executor-5] INFO  client.GrpcClientProtocolClient (GrpcClientProtocolClient.java:onNext(255)) - client-D5CE890D7D9E->efcb8ff8-f060-4d95-9215-d0f5eb4af037: receive RaftClientReply:client-D5CE890D7D9E->efcb8ff8-f060-4d95-9215-d0f5eb4af037@group-0959F8DF43ED, cid=2923, SUCCESS, logIndex=0, commits[efcb8ff8-f060-4d95-9215-d0f5eb4af037:c4388, 6fae8b02-e804-4c0e-b729-a97b7404b7f6:c4386, 4c3e8a66-6975-4917-8225-d3efe707aaff:c4386]
2019-09-04 11:46:31,496 | INFO  | SCMAudit | user=jenkins1000 | ip=192.168.36.67 | op=ALLOCATE_BLOCK {owner=8ab292a2-aaa7-4ad8-863a-d33994811155, size=4194304, type=RATIS, factor=THREE} | ret=SUCCESS |  
2019-09-04 11:46:31,500 | INFO  | OMAudit | user=jenkins1000 | ip=127.0.0.1 | op=ALLOCATE_BLOCK {volume=vol-0-58699, bucket=bucket-0-57464, key=key-0-37266, dataSize=0, replicationType=null, replicationFactor=null, keyLocationInfo=null, clientID=102734073355960722} | ret=SUCCESS |  
2019-09-04 11:46:31,506 | INFO  | DNAudit | user=null | ip=null | op=WRITE_CHUNK {blockData=conID: 2 locID: 102734075756282492 bcsId: 0} | ret=SUCCESS |  
2019-09-04 11:46:31,509 | INFO  | DNAudit | user=null | ip=null | op=WRITE_CHUNK {blockData=conID: 2 locID: 102734075756282492 bcsId: 0} | ret=SUCCESS |  
2019-09-04 11:46:31,510 | INFO  | DNAudit | user=null | ip=null | op=WRITE_CHUNK {blockData=conID: 2 locID: 102734075756282492 bcsId: 0} | ret=SUCCESS |  
2019-09-04 11:46:31,510 | INFO  | DNAudit | user=null | ip=null | op=WRITE_CHUNK {blockData=conID: 2 locID: 102734075756282492 bcsId: 0} | ret=SUCCESS |  
2019-09-04 11:46:31,510 | INFO  | DNAudit | user=null | ip=null | op=WRITE_CHUNK {blockData=conID: 2 locID: 102734075756282492 bcsId: 0} | ret=SUCCESS |  
2019-09-04 11:46:31,511 | INFO  | DNAudit | user=null | ip=null | op=WRITE_CHUNK {blockData=conID: 2 locID: 102734075756282492 bcsId: 0} | ret=SUCCESS |  
2019-09-04 11:46:31,515 | INFO  | DNAudit | user=null | ip=null | op=WRITE_CHUNK {blockData=conID: 2 locID: 102734075756282492 bcsId: 0} | ret=SUCCESS |  
2019-09-04 11:46:31,515 | INFO  | DNAudit | user=null | ip=null | op=PUT_BLOCK {blockData=[blockId=conID: 2 locID: 102734075756282492 bcsId: 0,size=1048576]} | ret=SUCCESS |  
2019-09-04 11:46:31,515 | INFO  | DNAudit | user=null | ip=null | op=WRITE_CHUNK {blockData=conID: 2 locID: 102734075756282492 bcsId: 0} | ret=SUCCESS |  
2019-09-04 11:46:31,515 [grpc-default-executor-5] INFO  client.GrpcClientProtocolClient (GrpcClientProtocolClient.java:onNext(255)) - client-D5CE890D7D9E->efcb8ff8-f060-4d95-9215-d0f5eb4af037: receive RaftClientReply:client-D5CE890D7D9E->efcb8ff8-f060-4d95-9215-d0f5eb4af037@group-0959F8DF43ED, cid=2924, SUCCESS, logIndex=4389, commits[efcb8ff8-f060-4d95-9215-d0f5eb4af037:c4391, 6fae8b02-e804-4c0e-b729-a97b7404b7f6:c4388, 4c3e8a66-6975-4917-8225-d3efe707aaff:c4388]
2019-09-04 11:46:31,516 | INFO  | DNAudit | user=null | ip=null | op=PUT_BLOCK {blockData=[blockId=conID: 2 locID: 102734075756282492 bcsId: 0,size=2097152]} | ret=SUCCESS |  
2019-09-04 11:46:31,516 [grpc-default-executor-5] INFO  client.GrpcClientProtocolClient (GrpcClientProtocolClient.java:onNext(255)) - client-D5CE890D7D9E->efcb8ff8-f060-4d95-9215-d0f5eb4af037: receive RaftClientReply:client-D5CE890D7D9E->efcb8ff8-f060-4d95-9215-d0f5eb4af037@group-0959F8DF43ED, cid=2925, SUCCESS, logIndex=4390, commits[efcb8ff8-f060-4d95-9215-d0f5eb4af037:c4392, 6fae8b02-e804-4c0e-b729-a97b7404b7f6:c4388, 4c3e8a66-6975-4917-8225-d3efe707aaff:c4388]
2019-09-04 11:46:31,516 [grpc-default-executor-5] INFO  client.GrpcClientProtocolClient (GrpcClientProtocolClient.java:onNext(255)) - client-D5CE890D7D9E->efcb8ff8-f060-4d95-9215-d0f5eb4af037: receive RaftClientReply:client-D5CE890D7D9E->efcb8ff8-f060-4d95-9215-d0f5eb4af037@group-0959F8DF43ED, cid=2926, SUCCESS, logIndex=4391, commits[efcb8ff8-f060-4d95-9215-d0f5eb4af037:c4392, 6fae8b02-e804-4c0e-b729-a97b7404b7f6:c4388, 4c3e8a66-6975-4917-8225-d3efe707aaff:c4388]
2019-09-04 11:46:31,516 | INFO  | DNAudit | user=null | ip=null | op=WRITE_CHUNK {blockData=conID: 2 locID: 102734075756282492 bcsId: 0} | ret=SUCCESS |  
2019-09-04 11:46:31,516 [grpc-default-executor-6] INFO  client.GrpcClientProtocolClient (GrpcClientProtocolClient.java:onNext(255)) - client-D5CE890D7D9E->efcb8ff8-f060-4d95-9215-d0f5eb4af037: receive RaftClientReply:client-D5CE890D7D9E->efcb8ff8-f060-4d95-9215-d0f5eb4af037@group-0959F8DF43ED, cid=2927, SUCCESS, logIndex=4392, commits[efcb8ff8-f060-4d95-9215-d0f5eb4af037:c4392, 6fae8b02-e804-4c0e-b729-a97b7404b7f6:c4388, 4c3e8a66-6975-4917-8225-d3efe707aaff:c4388]
2019-09-04 11:46:31,517 | INFO  | DNAudit | user=null | ip=null | op=WRITE_CHUNK {blockData=conID: 2 locID: 102734075756282492 bcsId: 0} | ret=SUCCESS |  
2019-09-04 11:46:31,517 | INFO  | DNAudit | user=null | ip=null | op=PUT_BLOCK {blockData=[blockId=conID: 2 locID: 102734075756282492 bcsId: 0,size=1048576]} | ret=SUCCESS |  
2019-09-04 11:46:31,517 | INFO  | DNAudit | user=null | ip=null | op=WRITE_CHUNK {blockData=conID: 2 locID: 102734075756282492 bcsId: 0} | ret=SUCCESS |  
2019-09-04 11:46:31,517 | INFO  | DNAudit | user=null | ip=null | op=PUT_BLOCK {blockData=[blockId=conID: 2 locID: 102734075756282492 bcsId: 0,size=1048576]} | ret=SUCCESS |  
2019-09-04 11:46:31,517 | INFO  | DNAudit | user=null | ip=null | op=PUT_BLOCK {blockData=[blockId=conID: 2 locID: 102734075756282492 bcsId: 0,size=2097152]} | ret=SUCCESS |  
2019-09-04 11:46:31,517 | INFO  | DNAudit | user=null | ip=null | op=WRITE_CHUNK {blockData=conID: 2 locID: 102734075756282492 bcsId: 0} | ret=SUCCESS |  
2019-09-04 11:46:31,517 | INFO  | DNAudit | user=null | ip=null | op=PUT_BLOCK {blockData=[blockId=conID: 2 locID: 102734075756282492 bcsId: 0,size=2097152]} | ret=SUCCESS |  
2019-09-04 11:46:31,517 [grpc-default-executor-6] INFO  client.GrpcClientProtocolClient (GrpcClientProtocolClient.java:onNext(255)) - client-D5CE890D7D9E->efcb8ff8-f060-4d95-9215-d0f5eb4af037: receive RaftClientReply:client-D5CE890D7D9E->efcb8ff8-f060-4d95-9215-d0f5eb4af037@group-0959F8DF43ED, cid=2928, SUCCESS, logIndex=0, commits[efcb8ff8-f060-4d95-9215-d0f5eb4af037:c4396, 6fae8b02-e804-4c0e-b729-a97b7404b7f6:c4390, 4c3e8a66-6975-4917-8225-d3efe707aaff:c4392]
2019-09-04 11:46:31,523 | INFO  | DNAudit | user=null | ip=null | op=WRITE_CHUNK {blockData=conID: 2 locID: 102734075756282492 bcsId: 4392} | ret=SUCCESS |  
2019-09-04 11:46:31,525 | INFO  | DNAudit | user=null | ip=null | op=WRITE_CHUNK {blockData=conID: 2 locID: 102734075756282492 bcsId: 4392} | ret=SUCCESS |  
2019-09-04 11:46:31,525 | INFO  | DNAudit | user=null | ip=null | op=WRITE_CHUNK {blockData=conID: 2 locID: 102734075756282492 bcsId: 4392} | ret=SUCCESS |  
2019-09-04 11:46:31,530 | INFO  | DNAudit | user=null | ip=null | op=WRITE_CHUNK {blockData=conID: 2 locID: 102734075756282492 bcsId: 4392} | ret=SUCCESS |  
2019-09-04 11:46:31,531 | INFO  | DNAudit | user=null | ip=null | op=PUT_BLOCK {blockData=[blockId=conID: 2 locID: 102734075756282492 bcsId: 0,size=3145728]} | ret=SUCCESS |  
2019-09-04 11:46:31,531 [grpc-default-executor-6] INFO  client.GrpcClientProtocolClient (GrpcClientProtocolClient.java:onNext(255)) - client-D5CE890D7D9E->efcb8ff8-f060-4d95-9215-d0f5eb4af037: receive RaftClientReply:client-D5CE890D7D9E->efcb8ff8-f060-4d95-9215-d0f5eb4af037@group-0959F8DF43ED, cid=2929, SUCCESS, logIndex=4397, commits[efcb8ff8-f060-4d95-9215-d0f5eb4af037:c4398, 6fae8b02-e804-4c0e-b729-a97b7404b7f6:c4396, 4c3e8a66-6975-4917-8225-d3efe707aaff:c4396]
2019-09-04 11:46:31,531 [grpc-default-executor-6] INFO  client.GrpcClientProtocolClient (GrpcClientProtocolClient.java:onNext(255)) - client-D5CE890D7D9E->efcb8ff8-f060-4d95-9215-d0f5eb4af037: receive RaftClientReply:client-D5CE890D7D9E->efcb8ff8-f060-4d95-9215-d0f5eb4af037@group-0959F8DF43ED, cid=2930, SUCCESS, logIndex=4398, commits[efcb8ff8-f060-4d95-9215-d0f5eb4af037:c4398, 6fae8b02-e804-4c0e-b729-a97b7404b7f6:c4396, 4c3e8a66-6975-4917-8225-d3efe707aaff:c4396]
2019-09-04 11:46:31,536 | INFO  | DNAudit | user=null | ip=null | op=WRITE_CHUNK {blockData=conID: 2 locID: 102734075756282492 bcsId: 4398} | ret=SUCCESS |  
2019-09-04 11:46:31,538 | INFO  | DNAudit | user=null | ip=null | op=WRITE_CHUNK {blockData=conID: 2 locID: 102734075756282492 bcsId: 4392} | ret=SUCCESS |  
2019-09-04 11:46:31,538 | INFO  | DNAudit | user=null | ip=null | op=WRITE_CHUNK {blockData=conID: 2 locID: 102734075756282492 bcsId: 4392} | ret=SUCCESS |  
2019-09-04 11:46:31,538 | INFO  | DNAudit | user=null | ip=null | op=WRITE_CHUNK {blockData=conID: 2 locID: 102734075756282492 bcsId: 4398} | ret=SUCCESS |  
2019-09-04 11:46:31,539 | INFO  | DNAudit | user=null | ip=null | op=WRITE_CHUNK {blockData=conID: 2 locID: 102734075756282492 bcsId: 4398} | ret=SUCCESS |  
2019-09-04 11:46:31,556 | INFO  | DNAudit | user=null | ip=null | op=PUT_BLOCK {blockData=[blockId=conID: 2 locID: 102734075756282492 bcsId: 0,size=3145728]} | ret=SUCCESS |  
2019-09-04 11:46:31,557 | INFO  | DNAudit | user=null | ip=null | op=WRITE_CHUNK {blockData=conID: 2 locID: 102734075756282492 bcsId: 4398} | ret=SUCCESS |  
2019-09-04 11:46:31,557 | INFO  | DNAudit | user=null | ip=null | op=PUT_BLOCK {blockData=[blockId=conID: 2 locID: 102734075756282492 bcsId: 0,size=3145728]} | ret=SUCCESS |  
2019-09-04 11:46:31,557 | INFO  | DNAudit | user=null | ip=null | op=PUT_BLOCK {blockData=[blockId=conID: 2 locID: 102734075756282492 bcsId: 0,size=4194304]} | ret=SUCCESS |  
2019-09-04 11:46:31,557 [grpc-default-executor-1] INFO  client.GrpcClientProtocolClient (GrpcClientProtocolClient.java:onNext(255)) - client-D5CE890D7D9E->efcb8ff8-f060-4d95-9215-d0f5eb4af037: receive RaftClientReply:client-D5CE890D7D9E->efcb8ff8-f060-4d95-9215-d0f5eb4af037@group-0959F8DF43ED, cid=2931, SUCCESS, logIndex=4401, commits[efcb8ff8-f060-4d95-9215-d0f5eb4af037:c4402, 6fae8b02-e804-4c0e-b729-a97b7404b7f6:c4398, 4c3e8a66-6975-4917-8225-d3efe707aaff:c4397]
2019-09-04 11:46:31,557 [grpc-default-executor-1] INFO  client.GrpcClientProtocolClient (GrpcClientProtocolClient.java:onNext(255)) - client-D5CE890D7D9E->efcb8ff8-f060-4d95-9215-d0f5eb4af037: receive RaftClientReply:client-D5CE890D7D9E->efcb8ff8-f060-4d95-9215-d0f5eb4af037@group-0959F8DF43ED, cid=2932, SUCCESS, logIndex=4402, commits[efcb8ff8-f060-4d95-9215-d0f5eb4af037:c4402, 6fae8b02-e804-4c0e-b729-a97b7404b7f6:c4398, 4c3e8a66-6975-4917-8225-d3efe707aaff:c4398]
2019-09-04 11:46:31,564 | INFO  | DNAudit | user=null | ip=null | op=WRITE_CHUNK {blockData=conID: 2 locID: 102734075756282492 bcsId: 4398} | ret=SUCCESS |  
2019-09-04 11:46:31,564 | INFO  | DNAudit | user=null | ip=null | op=WRITE_CHUNK {blockData=conID: 2 locID: 102734075756282492 bcsId: 4398} | ret=SUCCESS |  
2019-09-04 11:46:31,572 | INFO  | DNAudit | user=null | ip=null | op=PUT_BLOCK {blockData=[blockId=conID: 2 locID: 102734075756282492 bcsId: 0,size=4194304]} | ret=SUCCESS |  
2019-09-04 11:46:31,572 | INFO  | DNAudit | user=null | ip=null | op=PUT_BLOCK {blockData=[blockId=conID: 2 locID: 102734075756282492 bcsId: 0,size=4194304]} | ret=SUCCESS |  
2019-09-04 11:46:31,572 [grpc-default-executor-1] INFO  client.GrpcClientProtocolClient (GrpcClientProtocolClient.java:onNext(255)) - client-D5CE890D7D9E->efcb8ff8-f060-4d95-9215-d0f5eb4af037: receive RaftClientReply:client-D5CE890D7D9E->efcb8ff8-f060-4d95-9215-d0f5eb4af037@group-0959F8DF43ED, cid=2933, SUCCESS, logIndex=0, commits[efcb8ff8-f060-4d95-9215-d0f5eb4af037:c4404, 6fae8b02-e804-4c0e-b729-a97b7404b7f6:c4402, 4c3e8a66-6975-4917-8225-d3efe707aaff:c4402]
2019-09-04 11:46:31,577 | INFO  | SCMAudit | user=jenkins1000 | ip=192.168.36.67 | op=ALLOCATE_BLOCK {owner=8ab292a2-aaa7-4ad8-863a-d33994811155, size=4194304, type=RATIS, factor=THREE} | ret=SUCCESS |  
2019-09-04 11:46:31,580 | INFO  | OMAudit | user=jenkins1000 | ip=127.0.0.1 | op=ALLOCATE_BLOCK {volume=vol-0-58699, bucket=bucket-0-57464, key=key-0-37266, dataSize=0, replicationType=null, replicationFactor=null, keyLocationInfo=null, clientID=102734073355960722} | ret=SUCCESS |  
2019-09-04 11:46:31,586 | INFO  | DNAudit | user=null | ip=null | op=WRITE_CHUNK {blockData=conID: 3 locID: 102734075761590909 bcsId: 0} | ret=SUCCESS |  
2019-09-04 11:46:31,589 | INFO  | DNAudit | user=null | ip=null | op=WRITE_CHUNK {blockData=conID: 3 locID: 102734075761590909 bcsId: 0} | ret=SUCCESS |  
2019-09-04 11:46:31,589 | INFO  | DNAudit | user=null | ip=null | op=WRITE_CHUNK {blockData=conID: 3 locID: 102734075761590909 bcsId: 0} | ret=SUCCESS |  
2019-09-04 11:46:31,589 | INFO  | DNAudit | user=null | ip=null | op=WRITE_CHUNK {blockData=conID: 3 locID: 102734075761590909 bcsId: 0} | ret=SUCCESS |  
2019-09-04 11:46:31,590 | INFO  | DNAudit | user=null | ip=null | op=WRITE_CHUNK {blockData=conID: 3 locID: 102734075761590909 bcsId: 0} | ret=SUCCESS |  
2019-09-04 11:46:31,591 | INFO  | DNAudit | user=null | ip=null | op=WRITE_CHUNK {blockData=conID: 3 locID: 102734075761590909 bcsId: 0} | ret=SUCCESS |  
2019-09-04 11:46:31,610 | INFO  | DNAudit | user=null | ip=null | op=WRITE_CHUNK {blockData=conID: 3 locID: 102734075761590909 bcsId: 0} | ret=SUCCESS |  
2019-09-04 11:46:31,611 | INFO  | DNAudit | user=null | ip=null | op=PUT_BLOCK {blockData=[blockId=conID: 3 locID: 102734075761590909 bcsId: 0,size=1048576]} | ret=SUCCESS |  
2019-09-04 11:46:31,611 [grpc-default-executor-6] INFO  client.GrpcClientProtocolClient (GrpcClientProtocolClient.java:onNext(255)) - client-D5CE890D7D9E->efcb8ff8-f060-4d95-9215-d0f5eb4af037: receive RaftClientReply:client-D5CE890D7D9E->efcb8ff8-f060-4d95-9215-d0f5eb4af037@group-0959F8DF43ED, cid=2934, SUCCESS, logIndex=4405, commits[efcb8ff8-f060-4d95-9215-d0f5eb4af037:c4407, 6fae8b02-e804-4c0e-b729-a97b7404b7f6:c4404, 4c3e8a66-6975-4917-8225-d3efe707aaff:c4404]
2019-09-04 11:46:31,611 | INFO  | DNAudit | user=null | ip=null | op=WRITE_CHUNK {blockData=conID: 3 locID: 102734075761590909 bcsId: 0} | ret=SUCCESS |  
2019-09-04 11:46:31,611 [grpc-default-executor-6] INFO  client.GrpcClientProtocolClient (GrpcClientProtocolClient.java:onNext(255)) - client-D5CE890D7D9E->efcb8ff8-f060-4d95-9215-d0f5eb4af037: receive RaftClientReply:client-D5CE890D7D9E->efcb8ff8-f060-4d95-9215-d0f5eb4af037@group-0959F8DF43ED, cid=2935, SUCCESS, logIndex=4406, commits[efcb8ff8-f060-4d95-9215-d0f5eb4af037:c4408, 6fae8b02-e804-4c0e-b729-a97b7404b7f6:c4404, 4c3e8a66-6975-4917-8225-d3efe707aaff:c4404]
2019-09-04 11:46:31,611 | INFO  | DNAudit | user=null | ip=null | op=PUT_BLOCK {blockData=[blockId=conID: 3 locID: 102734075761590909 bcsId: 0,size=2097152]} | ret=SUCCESS |  
2019-09-04 11:46:31,611 [grpc-default-executor-6] INFO  client.GrpcClientProtocolClient (GrpcClientProtocolClient.java:onNext(255)) - client-D5CE890D7D9E->efcb8ff8-f060-4d95-9215-d0f5eb4af037: receive RaftClientReply:client-D5CE890D7D9E->efcb8ff8-f060-4d95-9215-d0f5eb4af037@group-0959F8DF43ED, cid=2936, SUCCESS, logIndex=4407, commits[efcb8ff8-f060-4d95-9215-d0f5eb4af037:c4408, 6fae8b02-e804-4c0e-b729-a97b7404b7f6:c4404, 4c3e8a66-6975-4917-8225-d3efe707aaff:c4404]
2019-09-04 11:46:31,612 [grpc-default-executor-6] INFO  client.GrpcClientProtocolClient (GrpcClientProtocolClient.java:onNext(255)) - client-D5CE890D7D9E->efcb8ff8-f060-4d95-9215-d0f5eb4af037: receive RaftClientReply:client-D5CE890D7D9E->efcb8ff8-f060-4d95-9215-d0f5eb4af037@group-0959F8DF43ED, cid=2937, SUCCESS, logIndex=4408, commits[efcb8ff8-f060-4d95-9215-d0f5eb4af037:c4408, 6fae8b02-e804-4c0e-b729-a97b7404b7f6:c4404, 4c3e8a66-6975-4917-8225-d3efe707aaff:c4404]
2019-09-04 11:46:31,630 | INFO  | DNAudit | user=null | ip=null | op=WRITE_CHUNK {blockData=conID: 3 locID: 102734075761590909 bcsId: 0} | ret=SUCCESS |  
2019-09-04 11:46:31,630 | INFO  | DNAudit | user=null | ip=null | op=PUT_BLOCK {blockData=[blockId=conID: 3 locID: 102734075761590909 bcsId: 0,size=1048576]} | ret=SUCCESS |  
2019-09-04 11:46:31,630 | INFO  | DNAudit | user=null | ip=null | op=WRITE_CHUNK {blockData=conID: 3 locID: 102734075761590909 bcsId: 0} | ret=SUCCESS |  
2019-09-04 11:46:31,631 | INFO  | DNAudit | user=null | ip=null | op=PUT_BLOCK {blockData=[blockId=conID: 3 locID: 102734075761590909 bcsId: 0,size=1048576]} | ret=SUCCESS |  
2019-09-04 11:46:31,631 | INFO  | DNAudit | user=null | ip=null | op=WRITE_CHUNK {blockData=conID: 3 locID: 102734075761590909 bcsId: 0} | ret=SUCCESS |  
2019-09-04 11:46:31,631 | INFO  | DNAudit | user=null | ip=null | op=PUT_BLOCK {blockData=[blockId=conID: 3 locID: 102734075761590909 bcsId: 0,size=2097152]} | ret=SUCCESS |  
2019-09-04 11:46:31,631 [grpc-default-executor-6] INFO  client.GrpcClientProtocolClient (GrpcClientProtocolClient.java:onNext(255)) - client-D5CE890D7D9E->efcb8ff8-f060-4d95-9215-d0f5eb4af037: receive RaftClientReply:client-D5CE890D7D9E->efcb8ff8-f060-4d95-9215-d0f5eb4af037@group-0959F8DF43ED, cid=2938, SUCCESS, logIndex=0, commits[efcb8ff8-f060-4d95-9215-d0f5eb4af037:c4409, 6fae8b02-e804-4c0e-b729-a97b7404b7f6:c4406, 4c3e8a66-6975-4917-8225-d3efe707aaff:c4406]
2019-09-04 11:46:31,631 | INFO  | DNAudit | user=null | ip=null | op=WRITE_CHUNK {blockData=conID: 3 locID: 102734075761590909 bcsId: 0} | ret=SUCCESS |  
2019-09-04 11:46:31,632 | INFO  | DNAudit | user=null | ip=null | op=PUT_BLOCK {blockData=[blockId=conID: 3 locID: 102734075761590909 bcsId: 0,size=2097152]} | ret=SUCCESS |  
2019-09-04 11:46:31,638 | INFO  | DNAudit | user=null | ip=null | op=WRITE_CHUNK {blockData=conID: 3 locID: 102734075761590909 bcsId: 4408} | ret=SUCCESS |  
2019-09-04 11:46:31,640 | INFO  | DNAudit | user=null | ip=null | op=WRITE_CHUNK {blockData=conID: 3 locID: 102734075761590909 bcsId: 4408} | ret=SUCCESS |  
2019-09-04 11:46:31,640 | INFO  | DNAudit | user=null | ip=null | op=WRITE_CHUNK {blockData=conID: 3 locID: 102734075761590909 bcsId: 4408} | ret=SUCCESS |  
2019-09-04 11:46:31,644 | INFO  | DNAudit | user=null | ip=null | op=WRITE_CHUNK {blockData=conID: 3 locID: 102734075761590909 bcsId: 4408} | ret=SUCCESS |  
2019-09-04 11:46:31,644 | INFO  | DNAudit | user=null | ip=null | op=PUT_BLOCK {blockData=[blockId=conID: 3 locID: 102734075761590909 bcsId: 0,size=3145728]} | ret=SUCCESS |  
2019-09-04 11:46:31,644 [grpc-default-executor-0] INFO  client.GrpcClientProtocolClient (GrpcClientProtocolClient.java:onNext(255)) - client-D5CE890D7D9E->efcb8ff8-f060-4d95-9215-d0f5eb4af037: receive RaftClientReply:client-D5CE890D7D9E->efcb8ff8-f060-4d95-9215-d0f5eb4af037@group-0959F8DF43ED, cid=2939, SUCCESS, logIndex=4413, commits[efcb8ff8-f060-4d95-9215-d0f5eb4af037:c4414, 6fae8b02-e804-4c0e-b729-a97b7404b7f6:c4412, 4c3e8a66-6975-4917-8225-d3efe707aaff:c4412]
2019-09-04 11:46:31,645 [grpc-default-executor-0] INFO  client.GrpcClientProtocolClient (GrpcClientProtocolClient.java:onNext(255)) - client-D5CE890D7D9E->efcb8ff8-f060-4d95-9215-d0f5eb4af037: receive RaftClientReply:client-D5CE890D7D9E->efcb8ff8-f060-4d95-9215-d0f5eb4af037@group-0959F8DF43ED, cid=2940, SUCCESS, logIndex=4414, commits[efcb8ff8-f060-4d95-9215-d0f5eb4af037:c4414, 6fae8b02-e804-4c0e-b729-a97b7404b7f6:c4412, 4c3e8a66-6975-4917-8225-d3efe707aaff:c4412]
2019-09-04 11:46:31,649 | INFO  | DNAudit | user=null | ip=null | op=WRITE_CHUNK {blockData=conID: 3 locID: 102734075761590909 bcsId: 4408} | ret=SUCCESS |  
2019-09-04 11:46:31,649 | INFO  | DNAudit | user=null | ip=null | op=PUT_BLOCK {blockData=[blockId=conID: 3 locID: 102734075761590909 bcsId: 0,size=3145728]} | ret=SUCCESS |  
2019-09-04 11:46:31,649 | INFO  | DNAudit | user=null | ip=null | op=WRITE_CHUNK {blockData=conID: 3 locID: 102734075761590909 bcsId: 4408} | ret=SUCCESS |  
2019-09-04 11:46:31,650 | INFO  | DNAudit | user=null | ip=null | op=PUT_BLOCK {blockData=[blockId=conID: 3 locID: 102734075761590909 bcsId: 0,size=3145728]} | ret=SUCCESS |  
2019-09-04 11:46:31,651 | INFO  | DNAudit | user=null | ip=null | op=WRITE_CHUNK {blockData=conID: 3 locID: 102734075761590909 bcsId: 4414} | ret=SUCCESS |  
2019-09-04 11:46:31,653 | INFO  | DNAudit | user=null | ip=null | op=WRITE_CHUNK {blockData=conID: 3 locID: 102734075761590909 bcsId: 4414} | ret=SUCCESS |  
2019-09-04 11:46:31,653 | INFO  | DNAudit | user=null | ip=null | op=WRITE_CHUNK {blockData=conID: 3 locID: 102734075761590909 bcsId: 4414} | ret=SUCCESS |  
2019-09-04 11:46:31,662 | INFO  | DNAudit | user=null | ip=null | op=WRITE_CHUNK {blockData=conID: 3 locID: 102734075761590909 bcsId: 4414} | ret=SUCCESS |  
2019-09-04 11:46:31,662 | INFO  | DNAudit | user=null | ip=null | op=PUT_BLOCK {blockData=[blockId=conID: 3 locID: 102734075761590909 bcsId: 0,size=4194304]} | ret=SUCCESS |  
2019-09-04 11:46:31,662 [grpc-default-executor-0] INFO  client.GrpcClientProtocolClient (GrpcClientProtocolClient.java:onNext(255)) - client-D5CE890D7D9E->efcb8ff8-f060-4d95-9215-d0f5eb4af037: receive RaftClientReply:client-D5CE890D7D9E->efcb8ff8-f060-4d95-9215-d0f5eb4af037@group-0959F8DF43ED, cid=2941, SUCCESS, logIndex=4417, commits[efcb8ff8-f060-4d95-9215-d0f5eb4af037:c4418, 6fae8b02-e804-4c0e-b729-a97b7404b7f6:c4415, 4c3e8a66-6975-4917-8225-d3efe707aaff:c4415]
2019-09-04 11:46:31,663 [grpc-default-executor-0] INFO  client.GrpcClientProtocolClient (GrpcClientProtocolClient.java:onNext(255)) - client-D5CE890D7D9E->efcb8ff8-f060-4d95-9215-d0f5eb4af037: receive RaftClientReply:client-D5CE890D7D9E->efcb8ff8-f060-4d95-9215-d0f5eb4af037@group-0959F8DF43ED, cid=2942, SUCCESS, logIndex=4418, commits[efcb8ff8-f060-4d95-9215-d0f5eb4af037:c4418, 6fae8b02-e804-4c0e-b729-a97b7404b7f6:c4415, 4c3e8a66-6975-4917-8225-d3efe707aaff:c4415]
2019-09-04 11:46:31,669 | INFO  | DNAudit | user=null | ip=null | op=WRITE_CHUNK {blockData=conID: 3 locID: 102734075761590909 bcsId: 4414} | ret=SUCCESS |  
2019-09-04 11:46:31,669 | INFO  | DNAudit | user=null | ip=null | op=WRITE_CHUNK {blockData=conID: 3 locID: 102734075761590909 bcsId: 4414} | ret=SUCCESS |  
2019-09-04 11:46:31,669 | INFO  | DNAudit | user=null | ip=null | op=PUT_BLOCK {blockData=[blockId=conID: 3 locID: 102734075761590909 bcsId: 0,size=4194304]} | ret=SUCCESS |  
2019-09-04 11:46:31,669 | INFO  | DNAudit | user=null | ip=null | op=PUT_BLOCK {blockData=[blockId=conID: 3 locID: 102734075761590909 bcsId: 0,size=4194304]} | ret=SUCCESS |  
2019-09-04 11:46:31,669 [grpc-default-executor-0] INFO  client.GrpcClientProtocolClient (GrpcClientProtocolClient.java:onNext(255)) - client-D5CE890D7D9E->efcb8ff8-f060-4d95-9215-d0f5eb4af037: receive RaftClientReply:client-D5CE890D7D9E->efcb8ff8-f060-4d95-9215-d0f5eb4af037@group-0959F8DF43ED, cid=2943, SUCCESS, logIndex=0, commits[efcb8ff8-f060-4d95-9215-d0f5eb4af037:c4419, 6fae8b02-e804-4c0e-b729-a97b7404b7f6:c4418, 4c3e8a66-6975-4917-8225-d3efe707aaff:c4418]
2019-09-04 11:46:31,676 | INFO  | SCMAudit | user=jenkins1000 | ip=192.168.36.67 | op=ALLOCATE_BLOCK {owner=8ab292a2-aaa7-4ad8-863a-d33994811155, size=4194304, type=RATIS, factor=THREE} | ret=SUCCESS |  
2019-09-04 11:46:31,680 | INFO  | OMAudit | user=jenkins1000 | ip=127.0.0.1 | op=ALLOCATE_BLOCK {volume=vol-0-58699, bucket=bucket-0-57464, key=key-0-37266, dataSize=0, replicationType=null, replicationFactor=null, keyLocationInfo=null, clientID=102734073355960722} | ret=SUCCESS |  
2019-09-04 11:46:31,687 | INFO  | DNAudit | user=null | ip=null | op=WRITE_CHUNK {blockData=conID: 1 locID: 102734075768078974 bcsId: 0} | ret=SUCCESS |  
2019-09-04 11:46:31,690 | INFO  | DNAudit | user=null | ip=null | op=WRITE_CHUNK {blockData=conID: 1 locID: 102734075768078974 bcsId: 0} | ret=SUCCESS |  
2019-09-04 11:46:31,690 | INFO  | DNAudit | user=null | ip=null | op=WRITE_CHUNK {blockData=conID: 1 locID: 102734075768078974 bcsId: 0} | ret=SUCCESS |  
2019-09-04 11:46:31,690 | INFO  | DNAudit | user=null | ip=null | op=WRITE_CHUNK {blockData=conID: 1 locID: 102734075768078974 bcsId: 0} | ret=SUCCESS |  
2019-09-04 11:46:31,691 | INFO  | DNAudit | user=null | ip=null | op=WRITE_CHUNK {blockData=conID: 1 locID: 102734075768078974 bcsId: 0} | ret=SUCCESS |  
2019-09-04 11:46:31,691 | INFO  | DNAudit | user=null | ip=null | op=WRITE_CHUNK {blockData=conID: 1 locID: 102734075768078974 bcsId: 0} | ret=SUCCESS |  
2019-09-04 11:46:31,703 | INFO  | DNAudit | user=null | ip=null | op=WRITE_CHUNK {blockData=conID: 1 locID: 102734075768078974 bcsId: 0} | ret=SUCCESS |  
2019-09-04 11:46:31,703 | INFO  | DNAudit | user=null | ip=null | op=PUT_BLOCK {blockData=[blockId=conID: 1 locID: 102734075768078974 bcsId: 0,size=1048576]} | ret=SUCCESS |  
2019-09-04 11:46:31,704 [grpc-default-executor-0] INFO  client.GrpcClientProtocolClient (GrpcClientProtocolClient.java:onNext(255)) - client-D5CE890D7D9E->efcb8ff8-f060-4d95-9215-d0f5eb4af037: receive RaftClientReply:client-D5CE890D7D9E->efcb8ff8-f060-4d95-9215-d0f5eb4af037@group-0959F8DF43ED, cid=2944, SUCCESS, logIndex=4421, commits[efcb8ff8-f060-4d95-9215-d0f5eb4af037:c4422, 6fae8b02-e804-4c0e-b729-a97b7404b7f6:c4420, 4c3e8a66-6975-4917-8225-d3efe707aaff:c4420]
2019-09-04 11:46:31,704 | INFO  | DNAudit | user=null | ip=null | op=WRITE_CHUNK {blockData=conID: 1 locID: 102734075768078974 bcsId: 0} | ret=SUCCESS |  
2019-09-04 11:46:31,704 | INFO  | DNAudit | user=null | ip=null | op=PUT_BLOCK {blockData=[blockId=conID: 1 locID: 102734075768078974 bcsId: 0,size=2097152]} | ret=SUCCESS |  
2019-09-04 11:46:31,704 [grpc-default-executor-0] INFO  client.GrpcClientProtocolClient (GrpcClientProtocolClient.java:onNext(255)) - client-D5CE890D7D9E->efcb8ff8-f060-4d95-9215-d0f5eb4af037: receive RaftClientReply:client-D5CE890D7D9E->efcb8ff8-f060-4d95-9215-d0f5eb4af037@group-0959F8DF43ED, cid=2945, SUCCESS, logIndex=4422, commits[efcb8ff8-f060-4d95-9215-d0f5eb4af037:c4424, 6fae8b02-e804-4c0e-b729-a97b7404b7f6:c4420, 4c3e8a66-6975-4917-8225-d3efe707aaff:c4420]
2019-09-04 11:46:31,704 [grpc-default-executor-0] INFO  client.GrpcClientProtocolClient (GrpcClientProtocolClient.java:onNext(255)) - client-D5CE890D7D9E->efcb8ff8-f060-4d95-9215-d0f5eb4af037: receive RaftClientReply:client-D5CE890D7D9E->efcb8ff8-f060-4d95-9215-d0f5eb4af037@group-0959F8DF43ED, cid=2946, SUCCESS, logIndex=4423, commits[efcb8ff8-f060-4d95-9215-d0f5eb4af037:c4424, 6fae8b02-e804-4c0e-b729-a97b7404b7f6:c4420, 4c3e8a66-6975-4917-8225-d3efe707aaff:c4420]
2019-09-04 11:46:31,705 [grpc-default-executor-0] INFO  client.GrpcClientProtocolClient (GrpcClientProtocolClient.java:onNext(255)) - client-D5CE890D7D9E->efcb8ff8-f060-4d95-9215-d0f5eb4af037: receive RaftClientReply:client-D5CE890D7D9E->efcb8ff8-f060-4d95-9215-d0f5eb4af037@group-0959F8DF43ED, cid=2947, SUCCESS, logIndex=4424, commits[efcb8ff8-f060-4d95-9215-d0f5eb4af037:c4424, 6fae8b02-e804-4c0e-b729-a97b7404b7f6:c4420, 4c3e8a66-6975-4917-8225-d3efe707aaff:c4420]
2019-09-04 11:46:31,707 | INFO  | SCMAudit | user=jenkins1000 | ip=192.168.36.67 | op=SEND_HEARTBEAT {datanodeUUID=b68b188c-7f38-42ae-8403-46a39acd0731, command=[]} | ret=SUCCESS |  
2019-09-04 11:46:31,710 | INFO  | DNAudit | user=null | ip=null | op=WRITE_CHUNK {blockData=conID: 1 locID: 102734075768078974 bcsId: 0} | ret=SUCCESS |  
2019-09-04 11:46:31,710 | INFO  | DNAudit | user=null | ip=null | op=WRITE_CHUNK {blockData=conID: 1 locID: 102734075768078974 bcsId: 0} | ret=SUCCESS |  
2019-09-04 11:46:31,710 | INFO  | DNAudit | user=null | ip=null | op=PUT_BLOCK {blockData=[blockId=conID: 1 locID: 102734075768078974 bcsId: 0,size=1048576]} | ret=SUCCESS |  
2019-09-04 11:46:31,711 | INFO  | DNAudit | user=null | ip=null | op=WRITE_CHUNK {blockData=conID: 1 locID: 102734075768078974 bcsId: 0} | ret=SUCCESS |  
2019-09-04 11:46:31,711 | INFO  | DNAudit | user=null | ip=null | op=PUT_BLOCK {blockData=[blockId=conID: 1 locID: 102734075768078974 bcsId: 0,size=2097152]} | ret=SUCCESS |  
2019-09-04 11:46:31,712 | INFO  | DNAudit | user=null | ip=null | op=PUT_BLOCK {blockData=[blockId=conID: 1 locID: 102734075768078974 bcsId: 0,size=1048576]} | ret=SUCCESS |  
2019-09-04 11:46:31,712 | INFO  | DNAudit | user=null | ip=null | op=WRITE_CHUNK {blockData=conID: 1 locID: 102734075768078974 bcsId: 0} | ret=SUCCESS |  
2019-09-04 11:46:31,712 | INFO  | DNAudit | user=null | ip=null | op=PUT_BLOCK {blockData=[blockId=conID: 1 locID: 102734075768078974 bcsId: 0,size=2097152]} | ret=SUCCESS |  
2019-09-04 11:46:31,712 [grpc-default-executor-0] INFO  client.GrpcClientProtocolClient (GrpcClientProtocolClient.java:onNext(255)) - client-D5CE890D7D9E->efcb8ff8-f060-4d95-9215-d0f5eb4af037: receive RaftClientReply:client-D5CE890D7D9E->efcb8ff8-f060-4d95-9215-d0f5eb4af037@group-0959F8DF43ED, cid=2948, SUCCESS, logIndex=0, commits[efcb8ff8-f060-4d95-9215-d0f5eb4af037:c4427, 6fae8b02-e804-4c0e-b729-a97b7404b7f6:c4424, 4c3e8a66-6975-4917-8225-d3efe707aaff:c4422]
2019-09-04 11:46:31,718 | INFO  | DNAudit | user=null | ip=null | op=WRITE_CHUNK {blockData=conID: 1 locID: 102734075768078974 bcsId: 4424} | ret=SUCCESS |  
2019-09-04 11:46:31,720 | INFO  | DNAudit | user=null | ip=null | op=WRITE_CHUNK {blockData=conID: 1 locID: 102734075768078974 bcsId: 4424} | ret=SUCCESS |  
2019-09-04 11:46:31,720 | INFO  | DNAudit | user=null | ip=null | op=WRITE_CHUNK {blockData=conID: 1 locID: 102734075768078974 bcsId: 4424} | ret=SUCCESS |  
2019-09-04 11:46:31,729 | INFO  | DNAudit | user=null | ip=null | op=WRITE_CHUNK {blockData=conID: 1 locID: 102734075768078974 bcsId: 4424} | ret=SUCCESS |  
2019-09-04 11:46:31,730 | INFO  | DNAudit | user=null | ip=null | op=PUT_BLOCK {blockData=[blockId=conID: 1 locID: 102734075768078974 bcsId: 0,size=3145728]} | ret=SUCCESS |  
2019-09-04 11:46:31,730 [grpc-default-executor-0] INFO  client.GrpcClientProtocolClient (GrpcClientProtocolClient.java:onNext(255)) - client-D5CE890D7D9E->efcb8ff8-f060-4d95-9215-d0f5eb4af037: receive RaftClientReply:client-D5CE890D7D9E->efcb8ff8-f060-4d95-9215-d0f5eb4af037@group-0959F8DF43ED, cid=2949, SUCCESS, logIndex=4428, commits[efcb8ff8-f060-4d95-9215-d0f5eb4af037:c4429, 6fae8b02-e804-4c0e-b729-a97b7404b7f6:c4427, 4c3e8a66-6975-4917-8225-d3efe707aaff:c4427]
2019-09-04 11:46:31,730 [grpc-default-executor-0] INFO  client.GrpcClientProtocolClient (GrpcClientProtocolClient.java:onNext(255)) - client-D5CE890D7D9E->efcb8ff8-f060-4d95-9215-d0f5eb4af037: receive RaftClientReply:client-D5CE890D7D9E->efcb8ff8-f060-4d95-9215-d0f5eb4af037@group-0959F8DF43ED, cid=2950, SUCCESS, logIndex=4429, commits[efcb8ff8-f060-4d95-9215-d0f5eb4af037:c4429, 6fae8b02-e804-4c0e-b729-a97b7404b7f6:c4427, 4c3e8a66-6975-4917-8225-d3efe707aaff:c4427]
2019-09-04 11:46:31,735 | INFO  | DNAudit | user=null | ip=null | op=WRITE_CHUNK {blockData=conID: 1 locID: 102734075768078974 bcsId: 4424} | ret=SUCCESS |  
2019-09-04 11:46:31,735 | INFO  | DNAudit | user=null | ip=null | op=WRITE_CHUNK {blockData=conID: 1 locID: 102734075768078974 bcsId: 4424} | ret=SUCCESS |  
2019-09-04 11:46:31,736 | INFO  | DNAudit | user=null | ip=null | op=WRITE_CHUNK {blockData=conID: 1 locID: 102734075768078974 bcsId: 4429} | ret=SUCCESS |  
2019-09-04 11:46:31,737 | INFO  | SCMAudit | user=jenkins1000 | ip=192.168.36.67 | op=SEND_HEARTBEAT {datanodeUUID=6fae8b02-e804-4c0e-b729-a97b7404b7f6, command=[]} | ret=SUCCESS |  
2019-09-04 11:46:31,737 | INFO  | SCMAudit | user=jenkins1000 | ip=192.168.36.67 | op=SEND_HEARTBEAT {datanodeUUID=4c3e8a66-6975-4917-8225-d3efe707aaff, command=[]} | ret=SUCCESS |  
2019-09-04 11:46:31,738 | INFO  | DNAudit | user=null | ip=null | op=WRITE_CHUNK {blockData=conID: 1 locID: 102734075768078974 bcsId: 4429} | ret=SUCCESS |  
2019-09-04 11:46:31,738 | INFO  | DNAudit | user=null | ip=null | op=WRITE_CHUNK {blockData=conID: 1 locID: 102734075768078974 bcsId: 4429} | ret=SUCCESS |  
2019-09-04 11:46:31,740 | INFO  | SCMAudit | user=jenkins1000 | ip=192.168.36.67 | op=SEND_HEARTBEAT {datanodeUUID=0b776101-1d39-4f23-96c0-6a8ead31197c, command=[]} | ret=SUCCESS |  
2019-09-04 11:46:31,743 | INFO  | DNAudit | user=null | ip=null | op=PUT_BLOCK {blockData=[blockId=conID: 1 locID: 102734075768078974 bcsId: 0,size=3145728]} | ret=SUCCESS |  
2019-09-04 11:46:31,744 | INFO  | DNAudit | user=null | ip=null | op=PUT_BLOCK {blockData=[blockId=conID: 1 locID: 102734075768078974 bcsId: 0,size=3145728]} | ret=SUCCESS |  
2019-09-04 11:46:31,745 | INFO  | DNAudit | user=null | ip=null | op=WRITE_CHUNK {blockData=conID: 1 locID: 102734075768078974 bcsId: 4429} | ret=SUCCESS |  
2019-09-04 11:46:31,745 | INFO  | DNAudit | user=null | ip=null | op=PUT_BLOCK {blockData=[blockId=conID: 1 locID: 102734075768078974 bcsId: 0,size=4194304]} | ret=SUCCESS |  
2019-09-04 11:46:31,745 | INFO  | SCMAudit | user=jenkins1000 | ip=192.168.36.67 | op=SEND_HEARTBEAT {datanodeUUID=efcb8ff8-f060-4d95-9215-d0f5eb4af037, command=[]} | ret=SUCCESS |  
2019-09-04 11:46:31,746 [grpc-default-executor-0] INFO  client.GrpcClientProtocolClient (GrpcClientProtocolClient.java:onNext(255)) - client-D5CE890D7D9E->efcb8ff8-f060-4d95-9215-d0f5eb4af037: receive RaftClientReply:client-D5CE890D7D9E->efcb8ff8-f060-4d95-9215-d0f5eb4af037@group-0959F8DF43ED, cid=2951, SUCCESS, logIndex=4432, commits[efcb8ff8-f060-4d95-9215-d0f5eb4af037:c4433, 6fae8b02-e804-4c0e-b729-a97b7404b7f6:c4429, 4c3e8a66-6975-4917-8225-d3efe707aaff:c4429]
2019-09-04 11:46:31,746 [grpc-default-executor-0] INFO  client.GrpcClientProtocolClient (GrpcClientProtocolClient.java:onNext(255)) - client-D5CE890D7D9E->efcb8ff8-f060-4d95-9215-d0f5eb4af037: receive RaftClientReply:client-D5CE890D7D9E->efcb8ff8-f060-4d95-9215-d0f5eb4af037@group-0959F8DF43ED, cid=2952, SUCCESS, logIndex=4433, commits[efcb8ff8-f060-4d95-9215-d0f5eb4af037:c4433, 6fae8b02-e804-4c0e-b729-a97b7404b7f6:c4429, 4c3e8a66-6975-4917-8225-d3efe707aaff:c4429]
2019-09-04 11:46:31,751 | INFO  | DNAudit | user=null | ip=null | op=WRITE_CHUNK {blockData=conID: 1 locID: 102734075768078974 bcsId: 4429} | ret=SUCCESS |  
2019-09-04 11:46:31,751 | INFO  | DNAudit | user=null | ip=null | op=WRITE_CHUNK {blockData=conID: 1 locID: 102734075768078974 bcsId: 4429} | ret=SUCCESS |  
2019-09-04 11:46:31,752 | INFO  | DNAudit | user=null | ip=null | op=PUT_BLOCK {blockData=[blockId=conID: 1 locID: 102734075768078974 bcsId: 0,size=4194304]} | ret=SUCCESS |  
2019-09-04 11:46:31,752 | INFO  | DNAudit | user=null | ip=null | op=PUT_BLOCK {blockData=[blockId=conID: 1 locID: 102734075768078974 bcsId: 0,size=4194304]} | ret=SUCCESS |  
2019-09-04 11:46:31,752 [grpc-default-executor-0] INFO  client.GrpcClientProtocolClient (GrpcClientProtocolClient.java:onNext(255)) - client-D5CE890D7D9E->efcb8ff8-f060-4d95-9215-d0f5eb4af037: receive RaftClientReply:client-D5CE890D7D9E->efcb8ff8-f060-4d95-9215-d0f5eb4af037@group-0959F8DF43ED, cid=2953, SUCCESS, logIndex=0, commits[efcb8ff8-f060-4d95-9215-d0f5eb4af037:c4434, 6fae8b02-e804-4c0e-b729-a97b7404b7f6:c4433, 4c3e8a66-6975-4917-8225-d3efe707aaff:c4433]
2019-09-04 11:46:31,757 | INFO  | SCMAudit | user=jenkins1000 | ip=192.168.36.67 | op=ALLOCATE_BLOCK {owner=8ab292a2-aaa7-4ad8-863a-d33994811155, size=4194304, type=RATIS, factor=THREE} | ret=SUCCESS |  
2019-09-04 11:46:31,760 | INFO  | OMAudit | user=jenkins1000 | ip=127.0.0.1 | op=ALLOCATE_BLOCK {volume=vol-0-58699, bucket=bucket-0-57464, key=key-0-37266, dataSize=0, replicationType=null, replicationFactor=null, keyLocationInfo=null, clientID=102734073355960722} | ret=SUCCESS |  
2019-09-04 11:46:31,940 | INFO  | DNAudit | user=null | ip=null | op=WRITE_CHUNK {blockData=conID: 2 locID: 102734075773387391 bcsId: 0} | ret=SUCCESS |  
2019-09-04 11:46:31,943 | INFO  | DNAudit | user=null | ip=null | op=WRITE_CHUNK {blockData=conID: 2 locID: 102734075773387391 bcsId: 0} | ret=SUCCESS |  
2019-09-04 11:46:31,943 | INFO  | DNAudit | user=null | ip=null | op=WRITE_CHUNK {blockData=conID: 2 locID: 102734075773387391 bcsId: 0} | ret=SUCCESS |  
2019-09-04 11:46:31,943 | INFO  | DNAudit | user=null | ip=null | op=WRITE_CHUNK {blockData=conID: 2 locID: 102734075773387391 bcsId: 0} | ret=SUCCESS |  
2019-09-04 11:46:31,945 | INFO  | DNAudit | user=null | ip=null | op=WRITE_CHUNK {blockData=conID: 2 locID: 102734075773387391 bcsId: 0} | ret=SUCCESS |  
2019-09-04 11:46:31,945 | INFO  | DNAudit | user=null | ip=null | op=WRITE_CHUNK {blockData=conID: 2 locID: 102734075773387391 bcsId: 0} | ret=SUCCESS |  
2019-09-04 11:46:31,959 | INFO  | DNAudit | user=null | ip=null | op=WRITE_CHUNK {blockData=conID: 2 locID: 102734075773387391 bcsId: 0} | ret=SUCCESS |  
2019-09-04 11:46:31,959 | INFO  | DNAudit | user=null | ip=null | op=PUT_BLOCK {blockData=[blockId=conID: 2 locID: 102734075773387391 bcsId: 0,size=1048576]} | ret=SUCCESS |  
2019-09-04 11:46:31,959 [grpc-default-executor-6] INFO  client.GrpcClientProtocolClient (GrpcClientProtocolClient.java:onNext(255)) - client-D5CE890D7D9E->efcb8ff8-f060-4d95-9215-d0f5eb4af037: receive RaftClientReply:client-D5CE890D7D9E->efcb8ff8-f060-4d95-9215-d0f5eb4af037@group-0959F8DF43ED, cid=2954, SUCCESS, logIndex=4436, commits[efcb8ff8-f060-4d95-9215-d0f5eb4af037:c4437, 6fae8b02-e804-4c0e-b729-a97b7404b7f6:c4435, 4c3e8a66-6975-4917-8225-d3efe707aaff:c4435]
2019-09-04 11:46:31,960 [grpc-default-executor-6] INFO  client.GrpcClientProtocolClient (GrpcClientProtocolClient.java:onNext(255)) - client-D5CE890D7D9E->efcb8ff8-f060-4d95-9215-d0f5eb4af037: receive RaftClientReply:client-D5CE890D7D9E->efcb8ff8-f060-4d95-9215-d0f5eb4af037@group-0959F8DF43ED, cid=2955, SUCCESS, logIndex=4437, commits[efcb8ff8-f060-4d95-9215-d0f5eb4af037:c4437, 6fae8b02-e804-4c0e-b729-a97b7404b7f6:c4435, 4c3e8a66-6975-4917-8225-d3efe707aaff:c4435]
2019-09-04 11:46:31,974 | INFO  | DNAudit | user=null | ip=null | op=WRITE_CHUNK {blockData=conID: 2 locID: 102734075773387391 bcsId: 0} | ret=SUCCESS |  
2019-09-04 11:46:31,974 | INFO  | DNAudit | user=null | ip=null | op=PUT_BLOCK {blockData=[blockId=conID: 2 locID: 102734075773387391 bcsId: 0,size=2097152]} | ret=SUCCESS |  
2019-09-04 11:46:31,975 [grpc-default-executor-0] INFO  client.GrpcClientProtocolClient (GrpcClientProtocolClient.java:onNext(255)) - client-D5CE890D7D9E->efcb8ff8-f060-4d95-9215-d0f5eb4af037: receive RaftClientReply:client-D5CE890D7D9E->efcb8ff8-f060-4d95-9215-d0f5eb4af037@group-0959F8DF43ED, cid=2956, SUCCESS, logIndex=4438, commits[efcb8ff8-f060-4d95-9215-d0f5eb4af037:c4439, 6fae8b02-e804-4c0e-b729-a97b7404b7f6:c4435, 4c3e8a66-6975-4917-8225-d3efe707aaff:c4435]
2019-09-04 11:46:31,975 [grpc-default-executor-0] INFO  client.GrpcClientProtocolClient (GrpcClientProtocolClient.java:onNext(255)) - client-D5CE890D7D9E->efcb8ff8-f060-4d95-9215-d0f5eb4af037: receive RaftClientReply:client-D5CE890D7D9E->efcb8ff8-f060-4d95-9215-d0f5eb4af037@group-0959F8DF43ED, cid=2957, SUCCESS, logIndex=4439, commits[efcb8ff8-f060-4d95-9215-d0f5eb4af037:c4439, 6fae8b02-e804-4c0e-b729-a97b7404b7f6:c4435, 4c3e8a66-6975-4917-8225-d3efe707aaff:c4435]
2019-09-04 11:46:31,994 | INFO  | DNAudit | user=null | ip=null | op=WRITE_CHUNK {blockData=conID: 2 locID: 102734075773387391 bcsId: 0} | ret=SUCCESS |  
2019-09-04 11:46:31,994 | INFO  | DNAudit | user=null | ip=null | op=WRITE_CHUNK {blockData=conID: 2 locID: 102734075773387391 bcsId: 0} | ret=SUCCESS |  
2019-09-04 11:46:31,994 | INFO  | DNAudit | user=null | ip=null | op=PUT_BLOCK {blockData=[blockId=conID: 2 locID: 102734075773387391 bcsId: 0,size=1048576]} | ret=SUCCESS |  
2019-09-04 11:46:31,994 | INFO  | DNAudit | user=null | ip=null | op=PUT_BLOCK {blockData=[blockId=conID: 2 locID: 102734075773387391 bcsId: 0,size=1048576]} | ret=SUCCESS |  
2019-09-04 11:46:31,995 [grpc-default-executor-0] INFO  client.GrpcClientProtocolClient (GrpcClientProtocolClient.java:onNext(255)) - client-D5CE890D7D9E->efcb8ff8-f060-4d95-9215-d0f5eb4af037: receive RaftClientReply:client-D5CE890D7D9E->efcb8ff8-f060-4d95-9215-d0f5eb4af037@group-0959F8DF43ED, cid=2958, SUCCESS, logIndex=0, commits[efcb8ff8-f060-4d95-9215-d0f5eb4af037:c4441, 6fae8b02-e804-4c0e-b729-a97b7404b7f6:c4437, 4c3e8a66-6975-4917-8225-d3efe707aaff:c4437]
2019-09-04 11:46:32,003 | INFO  | DNAudit | user=null | ip=null | op=WRITE_CHUNK {blockData=conID: 2 locID: 102734075773387391 bcsId: 4439} | ret=SUCCESS |  
2019-09-04 11:46:32,004 | INFO  | DNAudit | user=null | ip=null | op=WRITE_CHUNK {blockData=conID: 2 locID: 102734075773387391 bcsId: 0} | ret=SUCCESS |  
2019-09-04 11:46:32,004 | INFO  | DNAudit | user=null | ip=null | op=PUT_BLOCK {blockData=[blockId=conID: 2 locID: 102734075773387391 bcsId: 0,size=2097152]} | ret=SUCCESS |  
2019-09-04 11:46:32,005 | INFO  | DNAudit | user=null | ip=null | op=WRITE_CHUNK {blockData=conID: 2 locID: 102734075773387391 bcsId: 0} | ret=SUCCESS |  
2019-09-04 11:46:32,005 | INFO  | DNAudit | user=null | ip=null | op=PUT_BLOCK {blockData=[blockId=conID: 2 locID: 102734075773387391 bcsId: 0,size=2097152]} | ret=SUCCESS |  
2019-09-04 11:46:32,007 | INFO  | DNAudit | user=null | ip=null | op=WRITE_CHUNK {blockData=conID: 2 locID: 102734075773387391 bcsId: 4439} | ret=SUCCESS |  
2019-09-04 11:46:32,007 | INFO  | DNAudit | user=null | ip=null | op=WRITE_CHUNK {blockData=conID: 2 locID: 102734075773387391 bcsId: 4439} | ret=SUCCESS |  
2019-09-04 11:46:32,013 | INFO  | DNAudit | user=null | ip=null | op=WRITE_CHUNK {blockData=conID: 2 locID: 102734075773387391 bcsId: 4439} | ret=SUCCESS |  
2019-09-04 11:46:32,014 | INFO  | DNAudit | user=null | ip=null | op=PUT_BLOCK {blockData=[blockId=conID: 2 locID: 102734075773387391 bcsId: 0,size=3145728]} | ret=SUCCESS |  
2019-09-04 11:46:32,014 [grpc-default-executor-0] INFO  client.GrpcClientProtocolClient (GrpcClientProtocolClient.java:onNext(255)) - client-D5CE890D7D9E->efcb8ff8-f060-4d95-9215-d0f5eb4af037: receive RaftClientReply:client-D5CE890D7D9E->efcb8ff8-f060-4d95-9215-d0f5eb4af037@group-0959F8DF43ED, cid=2959, SUCCESS, logIndex=4444, commits[efcb8ff8-f060-4d95-9215-d0f5eb4af037:c4444, 6fae8b02-e804-4c0e-b729-a97b7404b7f6:c4441, 4c3e8a66-6975-4917-8225-d3efe707aaff:c4441]
2019-09-04 11:46:32,015 [grpc-default-executor-0] INFO  client.GrpcClientProtocolClient (GrpcClientProtocolClient.java:onNext(255)) - client-D5CE890D7D9E->efcb8ff8-f060-4d95-9215-d0f5eb4af037: receive RaftClientReply:client-D5CE890D7D9E->efcb8ff8-f060-4d95-9215-d0f5eb4af037@group-0959F8DF43ED, cid=2960, SUCCESS, logIndex=4445, commits[efcb8ff8-f060-4d95-9215-d0f5eb4af037:c4445, 6fae8b02-e804-4c0e-b729-a97b7404b7f6:c4441, 4c3e8a66-6975-4917-8225-d3efe707aaff:c4441]
2019-09-04 11:46:32,023 | INFO  | DNAudit | user=null | ip=null | op=WRITE_CHUNK {blockData=conID: 2 locID: 102734075773387391 bcsId: 4445} | ret=SUCCESS |  
2019-09-04 11:46:32,026 | INFO  | DNAudit | user=null | ip=null | op=WRITE_CHUNK {blockData=conID: 2 locID: 102734075773387391 bcsId: 4445} | ret=SUCCESS |  
2019-09-04 11:46:32,026 | INFO  | DNAudit | user=null | ip=null | op=WRITE_CHUNK {blockData=conID: 2 locID: 102734075773387391 bcsId: 4445} | ret=SUCCESS |  
2019-09-04 11:46:32,035 | INFO  | DNAudit | user=null | ip=null | op=WRITE_CHUNK {blockData=conID: 2 locID: 102734075773387391 bcsId: 4439} | ret=SUCCESS |  
2019-09-04 11:46:32,035 | INFO  | DNAudit | user=null | ip=null | op=WRITE_CHUNK {blockData=conID: 2 locID: 102734075773387391 bcsId: 4439} | ret=SUCCESS |  
2019-09-04 11:46:32,036 | INFO  | DNAudit | user=null | ip=null | op=PUT_BLOCK {blockData=[blockId=conID: 2 locID: 102734075773387391 bcsId: 0,size=3145728]} | ret=SUCCESS |  
2019-09-04 11:46:32,037 | INFO  | DNAudit | user=null | ip=null | op=WRITE_CHUNK {blockData=conID: 2 locID: 102734075773387391 bcsId: 4445} | ret=SUCCESS |  
2019-09-04 11:46:32,037 | INFO  | DNAudit | user=null | ip=null | op=PUT_BLOCK {blockData=[blockId=conID: 2 locID: 102734075773387391 bcsId: 0,size=3145728]} | ret=SUCCESS |  
2019-09-04 11:46:32,037 | INFO  | DNAudit | user=null | ip=null | op=PUT_BLOCK {blockData=[blockId=conID: 2 locID: 102734075773387391 bcsId: 0,size=4194304]} | ret=SUCCESS |  
2019-09-04 11:46:32,038 [grpc-default-executor-6] INFO  client.GrpcClientProtocolClient (GrpcClientProtocolClient.java:onNext(255)) - client-D5CE890D7D9E->efcb8ff8-f060-4d95-9215-d0f5eb4af037: receive RaftClientReply:client-D5CE890D7D9E->efcb8ff8-f060-4d95-9215-d0f5eb4af037@group-0959F8DF43ED, cid=2961, SUCCESS, logIndex=4448, commits[efcb8ff8-f060-4d95-9215-d0f5eb4af037:c4449, 6fae8b02-e804-4c0e-b729-a97b7404b7f6:c4445, 4c3e8a66-6975-4917-8225-d3efe707aaff:c4444]
2019-09-04 11:46:32,038 [grpc-default-executor-6] INFO  client.GrpcClientProtocolClient (GrpcClientProtocolClient.java:onNext(255)) - client-D5CE890D7D9E->efcb8ff8-f060-4d95-9215-d0f5eb4af037: receive RaftClientReply:client-D5CE890D7D9E->efcb8ff8-f060-4d95-9215-d0f5eb4af037@group-0959F8DF43ED, cid=2962, SUCCESS, logIndex=4449, commits[efcb8ff8-f060-4d95-9215-d0f5eb4af037:c4449, 6fae8b02-e804-4c0e-b729-a97b7404b7f6:c4445, 4c3e8a66-6975-4917-8225-d3efe707aaff:c4445]
2019-09-04 11:46:32,043 | INFO  | DNAudit | user=null | ip=null | op=WRITE_CHUNK {blockData=conID: 2 locID: 102734075773387391 bcsId: 4445} | ret=SUCCESS |  
2019-09-04 11:46:32,043 | INFO  | DNAudit | user=null | ip=null | op=WRITE_CHUNK {blockData=conID: 2 locID: 102734075773387391 bcsId: 4445} | ret=SUCCESS |  
2019-09-04 11:46:32,044 | INFO  | DNAudit | user=null | ip=null | op=PUT_BLOCK {blockData=[blockId=conID: 2 locID: 102734075773387391 bcsId: 0,size=4194304]} | ret=SUCCESS |  
2019-09-04 11:46:32,045 | INFO  | DNAudit | user=null | ip=null | op=PUT_BLOCK {blockData=[blockId=conID: 2 locID: 102734075773387391 bcsId: 0,size=4194304]} | ret=SUCCESS |  
2019-09-04 11:46:32,045 [grpc-default-executor-6] INFO  client.GrpcClientProtocolClient (GrpcClientProtocolClient.java:onNext(255)) - client-D5CE890D7D9E->efcb8ff8-f060-4d95-9215-d0f5eb4af037: receive RaftClientReply:client-D5CE890D7D9E->efcb8ff8-f060-4d95-9215-d0f5eb4af037@group-0959F8DF43ED, cid=2963, SUCCESS, logIndex=0, commits[efcb8ff8-f060-4d95-9215-d0f5eb4af037:c4451, 6fae8b02-e804-4c0e-b729-a97b7404b7f6:c4449, 4c3e8a66-6975-4917-8225-d3efe707aaff:c4449]
2019-09-04 11:46:32,051 | INFO  | SCMAudit | user=jenkins1000 | ip=192.168.36.67 | op=ALLOCATE_BLOCK {owner=8ab292a2-aaa7-4ad8-863a-d33994811155, size=4194304, type=RATIS, factor=THREE} | ret=SUCCESS |  
 0.00% |█                                                                                                    |  0/1 Time: 0:00:372019-09-04 11:46:32,055 | INFO  | OMAudit | user=jenkins1000 | ip=127.0.0.1 | op=ALLOCATE_BLOCK {volume=vol-0-58699, bucket=bucket-0-57464, key=key-0-37266, dataSize=0, replicationType=null, replicationFactor=null, keyLocationInfo=null, clientID=102734073355960722} | ret=SUCCESS |  
2019-09-04 11:46:32,064 | INFO  | DNAudit | user=null | ip=null | op=WRITE_CHUNK {blockData=conID: 3 locID: 102734075792654976 bcsId: 0} | ret=SUCCESS |  
2019-09-04 11:46:32,066 | INFO  | DNAudit | user=null | ip=null | op=WRITE_CHUNK {blockData=conID: 3 locID: 102734075792654976 bcsId: 0} | ret=SUCCESS |  
2019-09-04 11:46:32,068 | INFO  | DNAudit | user=null | ip=null | op=WRITE_CHUNK {blockData=conID: 3 locID: 102734075792654976 bcsId: 0} | ret=SUCCESS |  
2019-09-04 11:46:32,068 | INFO  | DNAudit | user=null | ip=null | op=WRITE_CHUNK {blockData=conID: 3 locID: 102734075792654976 bcsId: 0} | ret=SUCCESS |  
2019-09-04 11:46:32,070 | INFO  | DNAudit | user=null | ip=null | op=WRITE_CHUNK {blockData=conID: 3 locID: 102734075792654976 bcsId: 0} | ret=SUCCESS |  
2019-09-04 11:46:32,070 | INFO  | DNAudit | user=null | ip=null | op=PUT_BLOCK {blockData=[blockId=conID: 3 locID: 102734075792654976 bcsId: 0,size=1048576]} | ret=SUCCESS |  
2019-09-04 11:46:32,070 [grpc-default-executor-0] INFO  client.GrpcClientProtocolClient (GrpcClientProtocolClient.java:onNext(255)) - client-D5CE890D7D9E->efcb8ff8-f060-4d95-9215-d0f5eb4af037: receive RaftClientReply:client-D5CE890D7D9E->efcb8ff8-f060-4d95-9215-d0f5eb4af037@group-0959F8DF43ED, cid=2964, SUCCESS, logIndex=4452, commits[efcb8ff8-f060-4d95-9215-d0f5eb4af037:c4453, 6fae8b02-e804-4c0e-b729-a97b7404b7f6:c4451, 4c3e8a66-6975-4917-8225-d3efe707aaff:c4449]
2019-09-04 11:46:32,071 | INFO  | DNAudit | user=null | ip=null | op=WRITE_CHUNK {blockData=conID: 3 locID: 102734075792654976 bcsId: 0} | ret=SUCCESS |  
2019-09-04 11:46:32,071 [grpc-default-executor-0] INFO  client.GrpcClientProtocolClient (GrpcClientProtocolClient.java:onNext(255)) - client-D5CE890D7D9E->efcb8ff8-f060-4d95-9215-d0f5eb4af037: receive RaftClientReply:client-D5CE890D7D9E->efcb8ff8-f060-4d95-9215-d0f5eb4af037@group-0959F8DF43ED, cid=2965, SUCCESS, logIndex=4453, commits[efcb8ff8-f060-4d95-9215-d0f5eb4af037:c4453, 6fae8b02-e804-4c0e-b729-a97b7404b7f6:c4451, 4c3e8a66-6975-4917-8225-d3efe707aaff:c4451]
2019-09-04 11:46:32,071 | INFO  | DNAudit | user=null | ip=null | op=WRITE_CHUNK {blockData=conID: 3 locID: 102734075792654976 bcsId: 0} | ret=SUCCESS |  
2019-09-04 11:46:32,083 | INFO  | DNAudit | user=null | ip=null | op=WRITE_CHUNK {blockData=conID: 3 locID: 102734075792654976 bcsId: 0} | ret=SUCCESS |  
2019-09-04 11:46:32,083 | INFO  | DNAudit | user=null | ip=null | op=WRITE_CHUNK {blockData=conID: 3 locID: 102734075792654976 bcsId: 0} | ret=SUCCESS |  
2019-09-04 11:46:32,084 | INFO  | DNAudit | user=null | ip=null | op=PUT_BLOCK {blockData=[blockId=conID: 3 locID: 102734075792654976 bcsId: 0,size=1048576]} | ret=SUCCESS |  
2019-09-04 11:46:32,084 | INFO  | DNAudit | user=null | ip=null | op=WRITE_CHUNK {blockData=conID: 3 locID: 102734075792654976 bcsId: 0} | ret=SUCCESS |  
2019-09-04 11:46:32,084 | INFO  | DNAudit | user=null | ip=null | op=PUT_BLOCK {blockData=[blockId=conID: 3 locID: 102734075792654976 bcsId: 0,size=1048576]} | ret=SUCCESS |  
2019-09-04 11:46:32,085 | INFO  | DNAudit | user=null | ip=null | op=PUT_BLOCK {blockData=[blockId=conID: 3 locID: 102734075792654976 bcsId: 0,size=2097152]} | ret=SUCCESS |  
2019-09-04 11:46:32,085 [grpc-default-executor-0] INFO  client.GrpcClientProtocolClient (GrpcClientProtocolClient.java:onNext(255)) - client-D5CE890D7D9E->efcb8ff8-f060-4d95-9215-d0f5eb4af037: receive RaftClientReply:client-D5CE890D7D9E->efcb8ff8-f060-4d95-9215-d0f5eb4af037@group-0959F8DF43ED, cid=2966, SUCCESS, logIndex=4454, commits[efcb8ff8-f060-4d95-9215-d0f5eb4af037:c4455, 6fae8b02-e804-4c0e-b729-a97b7404b7f6:c4451, 4c3e8a66-6975-4917-8225-d3efe707aaff:c4451]
2019-09-04 11:46:32,085 [grpc-default-executor-0] INFO  client.GrpcClientProtocolClient (GrpcClientProtocolClient.java:onNext(255)) - client-D5CE890D7D9E->efcb8ff8-f060-4d95-9215-d0f5eb4af037: receive RaftClientReply:client-D5CE890D7D9E->efcb8ff8-f060-4d95-9215-d0f5eb4af037@group-0959F8DF43ED, cid=2967, SUCCESS, logIndex=4455, commits[efcb8ff8-f060-4d95-9215-d0f5eb4af037:c4457, 6fae8b02-e804-4c0e-b729-a97b7404b7f6:c4453, 4c3e8a66-6975-4917-8225-d3efe707aaff:c4453]
2019-09-04 11:46:32,092 | INFO  | DNAudit | user=null | ip=null | op=WRITE_CHUNK {blockData=conID: 3 locID: 102734075792654976 bcsId: 4455} | ret=SUCCESS |  
2019-09-04 11:46:32,095 | INFO  | DNAudit | user=null | ip=null | op=WRITE_CHUNK {blockData=conID: 3 locID: 102734075792654976 bcsId: 4455} | ret=SUCCESS |  
2019-09-04 11:46:32,095 | INFO  | DNAudit | user=null | ip=null | op=WRITE_CHUNK {blockData=conID: 3 locID: 102734075792654976 bcsId: 4455} | ret=SUCCESS |  
2019-09-04 11:46:32,097 | INFO  | DNAudit | user=null | ip=null | op=WRITE_CHUNK {blockData=conID: 3 locID: 102734075792654976 bcsId: 0} | ret=SUCCESS |  
2019-09-04 11:46:32,097 | INFO  | DNAudit | user=null | ip=null | op=WRITE_CHUNK {blockData=conID: 3 locID: 102734075792654976 bcsId: 0} | ret=SUCCESS |  
2019-09-04 11:46:32,098 | INFO  | DNAudit | user=null | ip=null | op=PUT_BLOCK {blockData=[blockId=conID: 3 locID: 102734075792654976 bcsId: 0,size=2097152]} | ret=SUCCESS |  
2019-09-04 11:46:32,099 | INFO  | DNAudit | user=null | ip=null | op=PUT_BLOCK {blockData=[blockId=conID: 3 locID: 102734075792654976 bcsId: 0,size=2097152]} | ret=SUCCESS |  
2019-09-04 11:46:32,099 | INFO  | DNAudit | user=null | ip=null | op=WRITE_CHUNK {blockData=conID: 3 locID: 102734075792654976 bcsId: 4455} | ret=SUCCESS |  
2019-09-04 11:46:32,100 | INFO  | DNAudit | user=null | ip=null | op=PUT_BLOCK {blockData=[blockId=conID: 3 locID: 102734075792654976 bcsId: 0,size=3145728]} | ret=SUCCESS |  
2019-09-04 11:46:32,100 [grpc-default-executor-0] INFO  client.GrpcClientProtocolClient (GrpcClientProtocolClient.java:onNext(255)) - client-D5CE890D7D9E->efcb8ff8-f060-4d95-9215-d0f5eb4af037: receive RaftClientReply:client-D5CE890D7D9E->efcb8ff8-f060-4d95-9215-d0f5eb4af037@group-0959F8DF43ED, cid=2968, SUCCESS, logIndex=4460, commits[efcb8ff8-f060-4d95-9215-d0f5eb4af037:c4461, 6fae8b02-e804-4c0e-b729-a97b7404b7f6:c4455, 4c3e8a66-6975-4917-8225-d3efe707aaff:c4457]
2019-09-04 11:46:32,100 [grpc-default-executor-0] INFO  client.GrpcClientProtocolClient (GrpcClientProtocolClient.java:onNext(255)) - client-D5CE890D7D9E->efcb8ff8-f060-4d95-9215-d0f5eb4af037: receive RaftClientReply:client-D5CE890D7D9E->efcb8ff8-f060-4d95-9215-d0f5eb4af037@group-0959F8DF43ED, cid=2969, SUCCESS, logIndex=4461, commits[efcb8ff8-f060-4d95-9215-d0f5eb4af037:c4461, 6fae8b02-e804-4c0e-b729-a97b7404b7f6:c4457, 4c3e8a66-6975-4917-8225-d3efe707aaff:c4457]
2019-09-04 11:46:32,107 | INFO  | DNAudit | user=null | ip=null | op=WRITE_CHUNK {blockData=conID: 3 locID: 102734075792654976 bcsId: 4461} | ret=SUCCESS |  
2019-09-04 11:46:32,110 | INFO  | DNAudit | user=null | ip=null | op=WRITE_CHUNK {blockData=conID: 3 locID: 102734075792654976 bcsId: 4461} | ret=SUCCESS |  
2019-09-04 11:46:32,110 | INFO  | DNAudit | user=null | ip=null | op=WRITE_CHUNK {blockData=conID: 3 locID: 102734075792654976 bcsId: 4461} | ret=SUCCESS |  
2019-09-04 11:46:32,113 | INFO  | DNAudit | user=null | ip=null | op=WRITE_CHUNK {blockData=conID: 3 locID: 102734075792654976 bcsId: 4455} | ret=SUCCESS |  
2019-09-04 11:46:32,113 | INFO  | DNAudit | user=null | ip=null | op=WRITE_CHUNK {blockData=conID: 3 locID: 102734075792654976 bcsId: 4455} | ret=SUCCESS |  
2019-09-04 11:46:32,113 | INFO  | DNAudit | user=null | ip=null | op=PUT_BLOCK {blockData=[blockId=conID: 3 locID: 102734075792654976 bcsId: 0,size=3145728]} | ret=SUCCESS |  
2019-09-04 11:46:32,113 | INFO  | DNAudit | user=null | ip=null | op=PUT_BLOCK {blockData=[blockId=conID: 3 locID: 102734075792654976 bcsId: 0,size=3145728]} | ret=SUCCESS |  
2019-09-04 11:46:32,115 | INFO  | DNAudit | user=null | ip=null | op=WRITE_CHUNK {blockData=conID: 3 locID: 102734075792654976 bcsId: 4461} | ret=SUCCESS |  
2019-09-04 11:46:32,115 | INFO  | DNAudit | user=null | ip=null | op=PUT_BLOCK {blockData=[blockId=conID: 3 locID: 102734075792654976 bcsId: 0,size=4194304]} | ret=SUCCESS |  
2019-09-04 11:46:32,115 [grpc-default-executor-0] INFO  client.GrpcClientProtocolClient (GrpcClientProtocolClient.java:onNext(255)) - client-D5CE890D7D9E->efcb8ff8-f060-4d95-9215-d0f5eb4af037: receive RaftClientReply:client-D5CE890D7D9E->efcb8ff8-f060-4d95-9215-d0f5eb4af037@group-0959F8DF43ED, cid=2970, SUCCESS, logIndex=4464, commits[efcb8ff8-f060-4d95-9215-d0f5eb4af037:c4465, 6fae8b02-e804-4c0e-b729-a97b7404b7f6:c4461, 4c3e8a66-6975-4917-8225-d3efe707aaff:c4461]
2019-09-04 11:46:32,116 [grpc-default-executor-0] INFO  client.GrpcClientProtocolClient (GrpcClientProtocolClient.java:onNext(255)) - client-D5CE890D7D9E->efcb8ff8-f060-4d95-9215-d0f5eb4af037: receive RaftClientReply:client-D5CE890D7D9E->efcb8ff8-f060-4d95-9215-d0f5eb4af037@group-0959F8DF43ED, cid=2971, SUCCESS, logIndex=4465, commits[efcb8ff8-f060-4d95-9215-d0f5eb4af037:c4465, 6fae8b02-e804-4c0e-b729-a97b7404b7f6:c4461, 4c3e8a66-6975-4917-8225-d3efe707aaff:c4461]
2019-09-04 11:46:32,133 | INFO  | DNAudit | user=null | ip=null | op=WRITE_CHUNK {blockData=conID: 3 locID: 102734075792654976 bcsId: 4461} | ret=SUCCESS |  
2019-09-04 11:46:32,133 | INFO  | DNAudit | user=null | ip=null | op=WRITE_CHUNK {blockData=conID: 3 locID: 102734075792654976 bcsId: 4461} | ret=SUCCESS |  
2019-09-04 11:46:32,134 | INFO  | DNAudit | user=null | ip=null | op=PUT_BLOCK {blockData=[blockId=conID: 3 locID: 102734075792654976 bcsId: 0,size=4194304]} | ret=SUCCESS |  
2019-09-04 11:46:32,134 | INFO  | DNAudit | user=null | ip=null | op=PUT_BLOCK {blockData=[blockId=conID: 3 locID: 102734075792654976 bcsId: 0,size=4194304]} | ret=SUCCESS |  
2019-09-04 11:46:32,135 [grpc-default-executor-0] INFO  client.GrpcClientProtocolClient (GrpcClientProtocolClient.java:onNext(255)) - client-D5CE890D7D9E->efcb8ff8-f060-4d95-9215-d0f5eb4af037: receive RaftClientReply:client-D5CE890D7D9E->efcb8ff8-f060-4d95-9215-d0f5eb4af037@group-0959F8DF43ED, cid=2972, SUCCESS, logIndex=0, commits[efcb8ff8-f060-4d95-9215-d0f5eb4af037:c4467, 6fae8b02-e804-4c0e-b729-a97b7404b7f6:c4465, 4c3e8a66-6975-4917-8225-d3efe707aaff:c4465]
2019-09-04 11:46:32,141 | INFO  | SCMAudit | user=jenkins1000 | ip=192.168.36.67 | op=ALLOCATE_BLOCK {owner=8ab292a2-aaa7-4ad8-863a-d33994811155, size=4194304, type=RATIS, factor=THREE} | ret=SUCCESS |  
2019-09-04 11:46:32,145 | INFO  | OMAudit | user=jenkins1000 | ip=127.0.0.1 | op=ALLOCATE_BLOCK {volume=vol-0-58699, bucket=bucket-0-57464, key=key-0-37266, dataSize=0, replicationType=null, replicationFactor=null, keyLocationInfo=null, clientID=102734073355960722} | ret=SUCCESS |  
2019-09-04 11:46:32,153 | INFO  | DNAudit | user=null | ip=null | op=WRITE_CHUNK {blockData=conID: 1 locID: 102734075798553217 bcsId: 0} | ret=SUCCESS |  
2019-09-04 11:46:32,155 | INFO  | DNAudit | user=null | ip=null | op=WRITE_CHUNK {blockData=conID: 1 locID: 102734075798553217 bcsId: 0} | ret=SUCCESS |  
2019-09-04 11:46:32,155 | INFO  | DNAudit | user=null | ip=null | op=WRITE_CHUNK {blockData=conID: 1 locID: 102734075798553217 bcsId: 0} | ret=SUCCESS |  
2019-09-04 11:46:32,155 | INFO  | DNAudit | user=null | ip=null | op=WRITE_CHUNK {blockData=conID: 1 locID: 102734075798553217 bcsId: 0} | ret=SUCCESS |  
2019-09-04 11:46:32,157 | INFO  | DNAudit | user=null | ip=null | op=WRITE_CHUNK {blockData=conID: 1 locID: 102734075798553217 bcsId: 0} | ret=SUCCESS |  
2019-09-04 11:46:32,157 | INFO  | DNAudit | user=null | ip=null | op=WRITE_CHUNK {blockData=conID: 1 locID: 102734075798553217 bcsId: 0} | ret=SUCCESS |  
2019-09-04 11:46:32,187 | INFO  | DNAudit | user=null | ip=null | op=WRITE_CHUNK {blockData=conID: 1 locID: 102734075798553217 bcsId: 0} | ret=SUCCESS |  
2019-09-04 11:46:32,188 | INFO  | DNAudit | user=null | ip=null | op=PUT_BLOCK {blockData=[blockId=conID: 1 locID: 102734075798553217 bcsId: 0,size=1048576]} | ret=SUCCESS |  
2019-09-04 11:46:32,188 [grpc-default-executor-1] INFO  client.GrpcClientProtocolClient (GrpcClientProtocolClient.java:onNext(255)) - client-D5CE890D7D9E->efcb8ff8-f060-4d95-9215-d0f5eb4af037: receive RaftClientReply:client-D5CE890D7D9E->efcb8ff8-f060-4d95-9215-d0f5eb4af037@group-0959F8DF43ED, cid=2973, SUCCESS, logIndex=4468, commits[efcb8ff8-f060-4d95-9215-d0f5eb4af037:c4469, 6fae8b02-e804-4c0e-b729-a97b7404b7f6:c4467, 4c3e8a66-6975-4917-8225-d3efe707aaff:c4467]
2019-09-04 11:46:32,189 [grpc-default-executor-1] INFO  client.GrpcClientProtocolClient (GrpcClientProtocolClient.java:onNext(255)) - client-D5CE890D7D9E->efcb8ff8-f060-4d95-9215-d0f5eb4af037: receive RaftClientReply:client-D5CE890D7D9E->efcb8ff8-f060-4d95-9215-d0f5eb4af037@group-0959F8DF43ED, cid=2974, SUCCESS, logIndex=4469, commits[efcb8ff8-f060-4d95-9215-d0f5eb4af037:c4469, 6fae8b02-e804-4c0e-b729-a97b7404b7f6:c4467, 4c3e8a66-6975-4917-8225-d3efe707aaff:c4467]
2019-09-04 11:46:32,208 | INFO  | DNAudit | user=null | ip=null | op=WRITE_CHUNK {blockData=conID: 1 locID: 102734075798553217 bcsId: 0} | ret=SUCCESS |  
2019-09-04 11:46:32,208 | INFO  | DNAudit | user=null | ip=null | op=PUT_BLOCK {blockData=[blockId=conID: 1 locID: 102734075798553217 bcsId: 0,size=2097152]} | ret=SUCCESS |  
2019-09-04 11:46:32,208 [grpc-default-executor-6] INFO  client.GrpcClientProtocolClient (GrpcClientProtocolClient.java:onNext(255)) - client-D5CE890D7D9E->efcb8ff8-f060-4d95-9215-d0f5eb4af037: receive RaftClientReply:client-D5CE890D7D9E->efcb8ff8-f060-4d95-9215-d0f5eb4af037@group-0959F8DF43ED, cid=2975, SUCCESS, logIndex=4470, commits[efcb8ff8-f060-4d95-9215-d0f5eb4af037:c4471, 6fae8b02-e804-4c0e-b729-a97b7404b7f6:c4467, 4c3e8a66-6975-4917-8225-d3efe707aaff:c4467]
2019-09-04 11:46:32,209 [grpc-default-executor-6] INFO  client.GrpcClientProtocolClient (GrpcClientProtocolClient.java:onNext(255)) - client-D5CE890D7D9E->efcb8ff8-f060-4d95-9215-d0f5eb4af037: receive RaftClientReply:client-D5CE890D7D9E->efcb8ff8-f060-4d95-9215-d0f5eb4af037@group-0959F8DF43ED, cid=2976, SUCCESS, logIndex=4471, commits[efcb8ff8-f060-4d95-9215-d0f5eb4af037:c4471, 6fae8b02-e804-4c0e-b729-a97b7404b7f6:c4467, 4c3e8a66-6975-4917-8225-d3efe707aaff:c4467]
2019-09-04 11:46:32,209 | INFO  | DNAudit | user=null | ip=null | op=WRITE_CHUNK {blockData=conID: 1 locID: 102734075798553217 bcsId: 0} | ret=SUCCESS |  
2019-09-04 11:46:32,209 | INFO  | DNAudit | user=null | ip=null | op=PUT_BLOCK {blockData=[blockId=conID: 1 locID: 102734075798553217 bcsId: 0,size=1048576]} | ret=SUCCESS |  
2019-09-04 11:46:32,213 | INFO  | DNAudit | user=null | ip=null | op=WRITE_CHUNK {blockData=conID: 1 locID: 102734075798553217 bcsId: 0} | ret=SUCCESS |  
2019-09-04 11:46:32,213 | INFO  | DNAudit | user=null | ip=null | op=WRITE_CHUNK {blockData=conID: 1 locID: 102734075798553217 bcsId: 0} | ret=SUCCESS |  
2019-09-04 11:46:32,213 | INFO  | DNAudit | user=null | ip=null | op=PUT_BLOCK {blockData=[blockId=conID: 1 locID: 102734075798553217 bcsId: 0,size=2097152]} | ret=SUCCESS |  
2019-09-04 11:46:32,213 | INFO  | DNAudit | user=null | ip=null | op=PUT_BLOCK {blockData=[blockId=conID: 1 locID: 102734075798553217 bcsId: 0,size=1048576]} | ret=SUCCESS |  
2019-09-04 11:46:32,213 [grpc-default-executor-0] INFO  client.GrpcClientProtocolClient (GrpcClientProtocolClient.java:onNext(255)) - client-D5CE890D7D9E->efcb8ff8-f060-4d95-9215-d0f5eb4af037: receive RaftClientReply:client-D5CE890D7D9E->efcb8ff8-f060-4d95-9215-d0f5eb4af037@group-0959F8DF43ED, cid=2977, SUCCESS, logIndex=0, commits[efcb8ff8-f060-4d95-9215-d0f5eb4af037:c4474, 6fae8b02-e804-4c0e-b729-a97b7404b7f6:c4469, 4c3e8a66-6975-4917-8225-d3efe707aaff:c4471]
2019-09-04 11:46:32,222 | INFO  | DNAudit | user=null | ip=null | op=WRITE_CHUNK {blockData=conID: 1 locID: 102734075798553217 bcsId: 4471} | ret=SUCCESS |  
2019-09-04 11:46:32,223 | INFO  | DNAudit | user=null | ip=null | op=WRITE_CHUNK {blockData=conID: 1 locID: 102734075798553217 bcsId: 4471} | ret=SUCCESS |  
2019-09-04 11:46:32,225 | INFO  | DNAudit | user=null | ip=null | op=WRITE_CHUNK {blockData=conID: 1 locID: 102734075798553217 bcsId: 4471} | ret=SUCCESS |  
2019-09-04 11:46:32,225 | INFO  | DNAudit | user=null | ip=null | op=WRITE_CHUNK {blockData=conID: 1 locID: 102734075798553217 bcsId: 0} | ret=SUCCESS |  
2019-09-04 11:46:32,225 | INFO  | DNAudit | user=null | ip=null | op=PUT_BLOCK {blockData=[blockId=conID: 1 locID: 102734075798553217 bcsId: 0,size=2097152]} | ret=SUCCESS |  
2019-09-04 11:46:32,226 | INFO  | DNAudit | user=null | ip=null | op=WRITE_CHUNK {blockData=conID: 1 locID: 102734075798553217 bcsId: 4471} | ret=SUCCESS |  
2019-09-04 11:46:32,227 | INFO  | DNAudit | user=null | ip=null | op=PUT_BLOCK {blockData=[blockId=conID: 1 locID: 102734075798553217 bcsId: 0,size=3145728]} | ret=SUCCESS |  
2019-09-04 11:46:32,227 [grpc-default-executor-0] INFO  client.GrpcClientProtocolClient (GrpcClientProtocolClient.java:onNext(255)) - client-D5CE890D7D9E->efcb8ff8-f060-4d95-9215-d0f5eb4af037: receive RaftClientReply:client-D5CE890D7D9E->efcb8ff8-f060-4d95-9215-d0f5eb4af037@group-0959F8DF43ED, cid=2978, SUCCESS, logIndex=4476, commits[efcb8ff8-f060-4d95-9215-d0f5eb4af037:c4477, 6fae8b02-e804-4c0e-b729-a97b7404b7f6:c4471, 4c3e8a66-6975-4917-8225-d3efe707aaff:c4475]
2019-09-04 11:46:32,227 [grpc-default-executor-0] INFO  client.GrpcClientProtocolClient (GrpcClientProtocolClient.java:onNext(255)) - client-D5CE890D7D9E->efcb8ff8-f060-4d95-9215-d0f5eb4af037: receive RaftClientReply:client-D5CE890D7D9E->efcb8ff8-f060-4d95-9215-d0f5eb4af037@group-0959F8DF43ED, cid=2979, SUCCESS, logIndex=4477, commits[efcb8ff8-f060-4d95-9215-d0f5eb4af037:c4477, 6fae8b02-e804-4c0e-b729-a97b7404b7f6:c4475, 4c3e8a66-6975-4917-8225-d3efe707aaff:c4475]
2019-09-04 11:46:32,233 | INFO  | DNAudit | user=null | ip=null | op=WRITE_CHUNK {blockData=conID: 1 locID: 102734075798553217 bcsId: 4471} | ret=SUCCESS |  
2019-09-04 11:46:32,233 | INFO  | DNAudit | user=null | ip=null | op=WRITE_CHUNK {blockData=conID: 1 locID: 102734075798553217 bcsId: 4471} | ret=SUCCESS |  
2019-09-04 11:46:32,233 | INFO  | DNAudit | user=null | ip=null | op=PUT_BLOCK {blockData=[blockId=conID: 1 locID: 102734075798553217 bcsId: 0,size=3145728]} | ret=SUCCESS |  
2019-09-04 11:46:32,233 | INFO  | DNAudit | user=null | ip=null | op=PUT_BLOCK {blockData=[blockId=conID: 1 locID: 102734075798553217 bcsId: 0,size=3145728]} | ret=SUCCESS |  
2019-09-04 11:46:32,235 | INFO  | DNAudit | user=null | ip=null | op=WRITE_CHUNK {blockData=conID: 1 locID: 102734075798553217 bcsId: 4477} | ret=SUCCESS |  
2019-09-04 11:46:32,237 | INFO  | DNAudit | user=null | ip=null | op=WRITE_CHUNK {blockData=conID: 1 locID: 102734075798553217 bcsId: 4477} | ret=SUCCESS |  
2019-09-04 11:46:32,237 | INFO  | DNAudit | user=null | ip=null | op=WRITE_CHUNK {blockData=conID: 1 locID: 102734075798553217 bcsId: 4477} | ret=SUCCESS |  
2019-09-04 11:46:32,241 | INFO  | DNAudit | user=null | ip=null | op=WRITE_CHUNK {blockData=conID: 1 locID: 102734075798553217 bcsId: 4477} | ret=SUCCESS |  
2019-09-04 11:46:32,241 | INFO  | DNAudit | user=null | ip=null | op=PUT_BLOCK {blockData=[blockId=conID: 1 locID: 102734075798553217 bcsId: 0,size=4194304]} | ret=SUCCESS |  
2019-09-04 11:46:32,241 [grpc-default-executor-6] INFO  client.GrpcClientProtocolClient (GrpcClientProtocolClient.java:onNext(255)) - client-D5CE890D7D9E->efcb8ff8-f060-4d95-9215-d0f5eb4af037: receive RaftClientReply:client-D5CE890D7D9E->efcb8ff8-f060-4d95-9215-d0f5eb4af037@group-0959F8DF43ED, cid=2980, SUCCESS, logIndex=4480, commits[efcb8ff8-f060-4d95-9215-d0f5eb4af037:c4481, 6fae8b02-e804-4c0e-b729-a97b7404b7f6:c4478, 4c3e8a66-6975-4917-8225-d3efe707aaff:c4478]
2019-09-04 11:46:32,242 [grpc-default-executor-6] INFO  client.GrpcClientProtocolClient (GrpcClientProtocolClient.java:onNext(255)) - client-D5CE890D7D9E->efcb8ff8-f060-4d95-9215-d0f5eb4af037: receive RaftClientReply:client-D5CE890D7D9E->efcb8ff8-f060-4d95-9215-d0f5eb4af037@group-0959F8DF43ED, cid=2981, SUCCESS, logIndex=4481, commits[efcb8ff8-f060-4d95-9215-d0f5eb4af037:c4481, 6fae8b02-e804-4c0e-b729-a97b7404b7f6:c4478, 4c3e8a66-6975-4917-8225-d3efe707aaff:c4478]
2019-09-04 11:46:32,255 | INFO  | DNAudit | user=null | ip=null | op=WRITE_CHUNK {blockData=conID: 1 locID: 102734075798553217 bcsId: 4477} | ret=SUCCESS |  
2019-09-04 11:46:32,255 | INFO  | DNAudit | user=null | ip=null | op=WRITE_CHUNK {blockData=conID: 1 locID: 102734075798553217 bcsId: 4477} | ret=SUCCESS |  
2019-09-04 11:46:32,256 | INFO  | DNAudit | user=null | ip=null | op=PUT_BLOCK {blockData=[blockId=conID: 1 locID: 102734075798553217 bcsId: 0,size=4194304]} | ret=SUCCESS |  
2019-09-04 11:46:32,256 | INFO  | DNAudit | user=null | ip=null | op=PUT_BLOCK {blockData=[blockId=conID: 1 locID: 102734075798553217 bcsId: 0,size=4194304]} | ret=SUCCESS |  
2019-09-04 11:46:32,256 [grpc-default-executor-6] INFO  client.GrpcClientProtocolClient (GrpcClientProtocolClient.java:onNext(255)) - client-D5CE890D7D9E->efcb8ff8-f060-4d95-9215-d0f5eb4af037: receive RaftClientReply:client-D5CE890D7D9E->efcb8ff8-f060-4d95-9215-d0f5eb4af037@group-0959F8DF43ED, cid=2982, SUCCESS, logIndex=0, commits[efcb8ff8-f060-4d95-9215-d0f5eb4af037:c4483, 6fae8b02-e804-4c0e-b729-a97b7404b7f6:c4481, 4c3e8a66-6975-4917-8225-d3efe707aaff:c4481]
2019-09-04 11:46:32,263 | INFO  | SCMAudit | user=jenkins1000 | ip=192.168.36.67 | op=ALLOCATE_BLOCK {owner=8ab292a2-aaa7-4ad8-863a-d33994811155, size=4194304, type=RATIS, factor=THREE} | ret=SUCCESS |  
2019-09-04 11:46:32,268 | INFO  | OMAudit | user=jenkins1000 | ip=127.0.0.1 | op=ALLOCATE_BLOCK {volume=vol-0-58699, bucket=bucket-0-57464, key=key-0-37266, dataSize=0, replicationType=null, replicationFactor=null, keyLocationInfo=null, clientID=102734073355960722} | ret=SUCCESS |  
2019-09-04 11:46:32,275 | INFO  | DNAudit | user=null | ip=null | op=WRITE_CHUNK {blockData=conID: 2 locID: 102734075806548610 bcsId: 0} | ret=SUCCESS |  
2019-09-04 11:46:32,279 | INFO  | DNAudit | user=null | ip=null | op=WRITE_CHUNK {blockData=conID: 2 locID: 102734075806548610 bcsId: 0} | ret=SUCCESS |  
2019-09-04 11:46:32,279 | INFO  | DNAudit | user=null | ip=null | op=WRITE_CHUNK {blockData=conID: 2 locID: 102734075806548610 bcsId: 0} | ret=SUCCESS |  
2019-09-04 11:46:32,279 | INFO  | DNAudit | user=null | ip=null | op=WRITE_CHUNK {blockData=conID: 2 locID: 102734075806548610 bcsId: 0} | ret=SUCCESS |  
2019-09-04 11:46:32,281 | INFO  | DNAudit | user=null | ip=null | op=WRITE_CHUNK {blockData=conID: 2 locID: 102734075806548610 bcsId: 0} | ret=SUCCESS |  
2019-09-04 11:46:32,281 | INFO  | DNAudit | user=null | ip=null | op=PUT_BLOCK {blockData=[blockId=conID: 2 locID: 102734075806548610 bcsId: 0,size=1048576]} | ret=SUCCESS |  
2019-09-04 11:46:32,282 [grpc-default-executor-1] INFO  client.GrpcClientProtocolClient (GrpcClientProtocolClient.java:onNext(255)) - client-D5CE890D7D9E->efcb8ff8-f060-4d95-9215-d0f5eb4af037: receive RaftClientReply:client-D5CE890D7D9E->efcb8ff8-f060-4d95-9215-d0f5eb4af037@group-0959F8DF43ED, cid=2983, SUCCESS, logIndex=4484, commits[efcb8ff8-f060-4d95-9215-d0f5eb4af037:c4485, 6fae8b02-e804-4c0e-b729-a97b7404b7f6:c4483, 4c3e8a66-6975-4917-8225-d3efe707aaff:c4483]
2019-09-04 11:46:32,282 | INFO  | DNAudit | user=null | ip=null | op=WRITE_CHUNK {blockData=conID: 2 locID: 102734075806548610 bcsId: 0} | ret=SUCCESS |  
2019-09-04 11:46:32,282 | INFO  | DNAudit | user=null | ip=null | op=WRITE_CHUNK {blockData=conID: 2 locID: 102734075806548610 bcsId: 0} | ret=SUCCESS |  
2019-09-04 11:46:32,282 [grpc-default-executor-1] INFO  client.GrpcClientProtocolClient (GrpcClientProtocolClient.java:onNext(255)) - client-D5CE890D7D9E->efcb8ff8-f060-4d95-9215-d0f5eb4af037: receive RaftClientReply:client-D5CE890D7D9E->efcb8ff8-f060-4d95-9215-d0f5eb4af037@group-0959F8DF43ED, cid=2984, SUCCESS, logIndex=4485, commits[efcb8ff8-f060-4d95-9215-d0f5eb4af037:c4485, 6fae8b02-e804-4c0e-b729-a97b7404b7f6:c4483, 4c3e8a66-6975-4917-8225-d3efe707aaff:c4483]
2019-09-04 11:46:32,295 | INFO  | DNAudit | user=null | ip=null | op=WRITE_CHUNK {blockData=conID: 2 locID: 102734075806548610 bcsId: 0} | ret=SUCCESS |  
2019-09-04 11:46:32,295 | INFO  | DNAudit | user=null | ip=null | op=WRITE_CHUNK {blockData=conID: 2 locID: 102734075806548610 bcsId: 0} | ret=SUCCESS |  
2019-09-04 11:46:32,295 | INFO  | DNAudit | user=null | ip=null | op=WRITE_CHUNK {blockData=conID: 2 locID: 102734075806548610 bcsId: 0} | ret=SUCCESS |  
2019-09-04 11:46:32,295 | INFO  | DNAudit | user=null | ip=null | op=PUT_BLOCK {blockData=[blockId=conID: 2 locID: 102734075806548610 bcsId: 0,size=1048576]} | ret=SUCCESS |  
2019-09-04 11:46:32,295 | INFO  | DNAudit | user=null | ip=null | op=PUT_BLOCK {blockData=[blockId=conID: 2 locID: 102734075806548610 bcsId: 0,size=2097152]} | ret=SUCCESS |  
2019-09-04 11:46:32,296 | INFO  | DNAudit | user=null | ip=null | op=PUT_BLOCK {blockData=[blockId=conID: 2 locID: 102734075806548610 bcsId: 0,size=1048576]} | ret=SUCCESS |  
2019-09-04 11:46:32,296 [grpc-default-executor-0] INFO  client.GrpcClientProtocolClient (GrpcClientProtocolClient.java:onNext(255)) - client-D5CE890D7D9E->efcb8ff8-f060-4d95-9215-d0f5eb4af037: receive RaftClientReply:client-D5CE890D7D9E->efcb8ff8-f060-4d95-9215-d0f5eb4af037@group-0959F8DF43ED, cid=2985, SUCCESS, logIndex=4486, commits[efcb8ff8-f060-4d95-9215-d0f5eb4af037:c4487, 6fae8b02-e804-4c0e-b729-a97b7404b7f6:c4483, 4c3e8a66-6975-4917-8225-d3efe707aaff:c4483]
2019-09-04 11:46:32,296 [grpc-default-executor-0] INFO  client.GrpcClientProtocolClient (GrpcClientProtocolClient.java:onNext(255)) - client-D5CE890D7D9E->efcb8ff8-f060-4d95-9215-d0f5eb4af037: receive RaftClientReply:client-D5CE890D7D9E->efcb8ff8-f060-4d95-9215-d0f5eb4af037@group-0959F8DF43ED, cid=2986, SUCCESS, logIndex=4487, commits[efcb8ff8-f060-4d95-9215-d0f5eb4af037:c4488, 6fae8b02-e804-4c0e-b729-a97b7404b7f6:c4485, 4c3e8a66-6975-4917-8225-d3efe707aaff:c4485]
2019-09-04 11:46:32,303 | INFO  | DNAudit | user=null | ip=null | op=WRITE_CHUNK {blockData=conID: 2 locID: 102734075806548610 bcsId: 4487} | ret=SUCCESS |  
2019-09-04 11:46:32,306 | INFO  | DNAudit | user=null | ip=null | op=WRITE_CHUNK {blockData=conID: 2 locID: 102734075806548610 bcsId: 4487} | ret=SUCCESS |  
2019-09-04 11:46:32,306 | INFO  | DNAudit | user=null | ip=null | op=WRITE_CHUNK {blockData=conID: 2 locID: 102734075806548610 bcsId: 4487} | ret=SUCCESS |  
2019-09-04 11:46:32,307 | INFO  | DNAudit | user=null | ip=null | op=WRITE_CHUNK {blockData=conID: 2 locID: 102734075806548610 bcsId: 0} | ret=SUCCESS |  
2019-09-04 11:46:32,307 | INFO  | DNAudit | user=null | ip=null | op=WRITE_CHUNK {blockData=conID: 2 locID: 102734075806548610 bcsId: 0} | ret=SUCCESS |  
2019-09-04 11:46:32,307 | INFO  | DNAudit | user=null | ip=null | op=PUT_BLOCK {blockData=[blockId=conID: 2 locID: 102734075806548610 bcsId: 0,size=2097152]} | ret=SUCCESS |  
2019-09-04 11:46:32,308 | INFO  | DNAudit | user=null | ip=null | op=PUT_BLOCK {blockData=[blockId=conID: 2 locID: 102734075806548610 bcsId: 0,size=2097152]} | ret=SUCCESS |  
2019-09-04 11:46:32,319 | INFO  | DNAudit | user=null | ip=null | op=WRITE_CHUNK {blockData=conID: 2 locID: 102734075806548610 bcsId: 4487} | ret=SUCCESS |  
2019-09-04 11:46:32,319 | INFO  | DNAudit | user=null | ip=null | op=PUT_BLOCK {blockData=[blockId=conID: 2 locID: 102734075806548610 bcsId: 0,size=3145728]} | ret=SUCCESS |  
2019-09-04 11:46:32,319 [grpc-default-executor-6] INFO  client.GrpcClientProtocolClient (GrpcClientProtocolClient.java:onNext(255)) - client-D5CE890D7D9E->efcb8ff8-f060-4d95-9215-d0f5eb4af037: receive RaftClientReply:client-D5CE890D7D9E->efcb8ff8-f060-4d95-9215-d0f5eb4af037@group-0959F8DF43ED, cid=2987, SUCCESS, logIndex=4492, commits[efcb8ff8-f060-4d95-9215-d0f5eb4af037:c4493, 6fae8b02-e804-4c0e-b729-a97b7404b7f6:c4489, 4c3e8a66-6975-4917-8225-d3efe707aaff:c4489]
2019-09-04 11:46:32,320 [grpc-default-executor-6] INFO  client.GrpcClientProtocolClient (GrpcClientProtocolClient.java:onNext(255)) - client-D5CE890D7D9E->efcb8ff8-f060-4d95-9215-d0f5eb4af037: receive RaftClientReply:client-D5CE890D7D9E->efcb8ff8-f060-4d95-9215-d0f5eb4af037@group-0959F8DF43ED, cid=2988, SUCCESS, logIndex=4493, commits[efcb8ff8-f060-4d95-9215-d0f5eb4af037:c4493, 6fae8b02-e804-4c0e-b729-a97b7404b7f6:c4489, 4c3e8a66-6975-4917-8225-d3efe707aaff:c4489]
2019-09-04 11:46:32,327 | INFO  | DNAudit | user=null | ip=null | op=WRITE_CHUNK {blockData=conID: 2 locID: 102734075806548610 bcsId: 4493} | ret=SUCCESS |  
2019-09-04 11:46:32,329 | INFO  | DNAudit | user=null | ip=null | op=WRITE_CHUNK {blockData=conID: 2 locID: 102734075806548610 bcsId: 4493} | ret=SUCCESS |  
2019-09-04 11:46:32,329 | INFO  | DNAudit | user=null | ip=null | op=WRITE_CHUNK {blockData=conID: 2 locID: 102734075806548610 bcsId: 4493} | ret=SUCCESS |  
2019-09-04 11:46:32,330 | INFO  | DNAudit | user=null | ip=null | op=WRITE_CHUNK {blockData=conID: 2 locID: 102734075806548610 bcsId: 4487} | ret=SUCCESS |  
2019-09-04 11:46:32,330 | INFO  | DNAudit | user=null | ip=null | op=WRITE_CHUNK {blockData=conID: 2 locID: 102734075806548610 bcsId: 4487} | ret=SUCCESS |  
2019-09-04 11:46:32,330 | INFO  | DNAudit | user=null | ip=null | op=PUT_BLOCK {blockData=[blockId=conID: 2 locID: 102734075806548610 bcsId: 0,size=3145728]} | ret=SUCCESS |  
2019-09-04 11:46:32,330 | INFO  | DNAudit | user=null | ip=null | op=PUT_BLOCK {blockData=[blockId=conID: 2 locID: 102734075806548610 bcsId: 0,size=3145728]} | ret=SUCCESS |  
2019-09-04 11:46:32,332 | INFO  | DNAudit | user=null | ip=null | op=WRITE_CHUNK {blockData=conID: 2 locID: 102734075806548610 bcsId: 4493} | ret=SUCCESS |  
2019-09-04 11:46:32,332 | INFO  | DNAudit | user=null | ip=null | op=PUT_BLOCK {blockData=[blockId=conID: 2 locID: 102734075806548610 bcsId: 0,size=4194304]} | ret=SUCCESS |  
2019-09-04 11:46:32,332 [grpc-default-executor-1] INFO  client.GrpcClientProtocolClient (GrpcClientProtocolClient.java:onNext(255)) - client-D5CE890D7D9E->efcb8ff8-f060-4d95-9215-d0f5eb4af037: receive RaftClientReply:client-D5CE890D7D9E->efcb8ff8-f060-4d95-9215-d0f5eb4af037@group-0959F8DF43ED, cid=2989, SUCCESS, logIndex=4496, commits[efcb8ff8-f060-4d95-9215-d0f5eb4af037:c4497, 6fae8b02-e804-4c0e-b729-a97b7404b7f6:c4493, 4c3e8a66-6975-4917-8225-d3efe707aaff:c4493]
2019-09-04 11:46:32,333 [grpc-default-executor-1] INFO  client.GrpcClientProtocolClient (GrpcClientProtocolClient.java:onNext(255)) - client-D5CE890D7D9E->efcb8ff8-f060-4d95-9215-d0f5eb4af037: receive RaftClientReply:client-D5CE890D7D9E->efcb8ff8-f060-4d95-9215-d0f5eb4af037@group-0959F8DF43ED, cid=2990, SUCCESS, logIndex=4497, commits[efcb8ff8-f060-4d95-9215-d0f5eb4af037:c4497, 6fae8b02-e804-4c0e-b729-a97b7404b7f6:c4493, 4c3e8a66-6975-4917-8225-d3efe707aaff:c4493]
2019-09-04 11:46:32,340 | INFO  | DNAudit | user=null | ip=null | op=WRITE_CHUNK {blockData=conID: 2 locID: 102734075806548610 bcsId: 4493} | ret=SUCCESS |  
2019-09-04 11:46:32,340 | INFO  | DNAudit | user=null | ip=null | op=WRITE_CHUNK {blockData=conID: 2 locID: 102734075806548610 bcsId: 4493} | ret=SUCCESS |  
2019-09-04 11:46:32,340 | INFO  | DNAudit | user=null | ip=null | op=PUT_BLOCK {blockData=[blockId=conID: 2 locID: 102734075806548610 bcsId: 0,size=4194304]} | ret=SUCCESS |  
2019-09-04 11:46:32,340 | INFO  | DNAudit | user=null | ip=null | op=PUT_BLOCK {blockData=[blockId=conID: 2 locID: 102734075806548610 bcsId: 0,size=4194304]} | ret=SUCCESS |  
2019-09-04 11:46:32,341 [grpc-default-executor-0] INFO  client.GrpcClientProtocolClient (GrpcClientProtocolClient.java:onNext(255)) - client-D5CE890D7D9E->efcb8ff8-f060-4d95-9215-d0f5eb4af037: receive RaftClientReply:client-D5CE890D7D9E->efcb8ff8-f060-4d95-9215-d0f5eb4af037@group-0959F8DF43ED, cid=2991, SUCCESS, logIndex=0, commits[efcb8ff8-f060-4d95-9215-d0f5eb4af037:c4498, 6fae8b02-e804-4c0e-b729-a97b7404b7f6:c4497, 4c3e8a66-6975-4917-8225-d3efe707aaff:c4497]
2019-09-04 11:46:32,345 | INFO  | SCMAudit | user=jenkins1000 | ip=192.168.36.67 | op=ALLOCATE_BLOCK {owner=8ab292a2-aaa7-4ad8-863a-d33994811155, size=4194304, type=RATIS, factor=THREE} | ret=SUCCESS |  
2019-09-04 11:46:32,348 | INFO  | OMAudit | user=jenkins1000 | ip=127.0.0.1 | op=ALLOCATE_BLOCK {volume=vol-0-58699, bucket=bucket-0-57464, key=key-0-37266, dataSize=0, replicationType=null, replicationFactor=null, keyLocationInfo=null, clientID=102734073355960722} | ret=SUCCESS |  
2019-09-04 11:46:32,355 | INFO  | DNAudit | user=null | ip=null | op=WRITE_CHUNK {blockData=conID: 3 locID: 102734075811922563 bcsId: 0} | ret=SUCCESS |  
2019-09-04 11:46:32,357 | INFO  | DNAudit | user=null | ip=null | op=WRITE_CHUNK {blockData=conID: 3 locID: 102734075811922563 bcsId: 0} | ret=SUCCESS |  
2019-09-04 11:46:32,358 | INFO  | DNAudit | user=null | ip=null | op=WRITE_CHUNK {blockData=conID: 3 locID: 102734075811922563 bcsId: 0} | ret=SUCCESS |  
2019-09-04 11:46:32,358 | INFO  | DNAudit | user=null | ip=null | op=WRITE_CHUNK {blockData=conID: 3 locID: 102734075811922563 bcsId: 0} | ret=SUCCESS |  
2019-09-04 11:46:32,360 | INFO  | DNAudit | user=null | ip=null | op=WRITE_CHUNK {blockData=conID: 3 locID: 102734075811922563 bcsId: 0} | ret=SUCCESS |  
2019-09-04 11:46:32,360 | INFO  | DNAudit | user=null | ip=null | op=WRITE_CHUNK {blockData=conID: 3 locID: 102734075811922563 bcsId: 0} | ret=SUCCESS |  
2019-09-04 11:46:32,361 | INFO  | DNAudit | user=null | ip=null | op=PUT_BLOCK {blockData=[blockId=conID: 3 locID: 102734075811922563 bcsId: 0,size=1048576]} | ret=SUCCESS |  
2019-09-04 11:46:32,361 | INFO  | DNAudit | user=null | ip=null | op=WRITE_CHUNK {blockData=conID: 3 locID: 102734075811922563 bcsId: 0} | ret=SUCCESS |  
2019-09-04 11:46:32,361 [grpc-default-executor-6] INFO  client.GrpcClientProtocolClient (GrpcClientProtocolClient.java:onNext(255)) - client-D5CE890D7D9E->efcb8ff8-f060-4d95-9215-d0f5eb4af037: receive RaftClientReply:client-D5CE890D7D9E->efcb8ff8-f060-4d95-9215-d0f5eb4af037@group-0959F8DF43ED, cid=2992, SUCCESS, logIndex=4500, commits[efcb8ff8-f060-4d95-9215-d0f5eb4af037:c4501, 6fae8b02-e804-4c0e-b729-a97b7404b7f6:c4499, 4c3e8a66-6975-4917-8225-d3efe707aaff:c4499]
2019-09-04 11:46:32,361 [grpc-default-executor-6] INFO  client.GrpcClientProtocolClient (GrpcClientProtocolClient.java:onNext(255)) - client-D5CE890D7D9E->efcb8ff8-f060-4d95-9215-d0f5eb4af037: receive RaftClientReply:client-D5CE890D7D9E->efcb8ff8-f060-4d95-9215-d0f5eb4af037@group-0959F8DF43ED, cid=2993, SUCCESS, logIndex=4501, commits[efcb8ff8-f060-4d95-9215-d0f5eb4af037:c4501, 6fae8b02-e804-4c0e-b729-a97b7404b7f6:c4499, 4c3e8a66-6975-4917-8225-d3efe707aaff:c4499]
2019-09-04 11:46:32,372 | INFO  | DNAudit | user=null | ip=null | op=WRITE_CHUNK {blockData=conID: 3 locID: 102734075811922563 bcsId: 0} | ret=SUCCESS |  
2019-09-04 11:46:32,372 | INFO  | DNAudit | user=null | ip=null | op=WRITE_CHUNK {blockData=conID: 3 locID: 102734075811922563 bcsId: 0} | ret=SUCCESS |  
2019-09-04 11:46:32,373 | INFO  | DNAudit | user=null | ip=null | op=WRITE_CHUNK {blockData=conID: 3 locID: 102734075811922563 bcsId: 0} | ret=SUCCESS |  
2019-09-04 11:46:32,373 | INFO  | DNAudit | user=null | ip=null | op=PUT_BLOCK {blockData=[blockId=conID: 3 locID: 102734075811922563 bcsId: 0,size=1048576]} | ret=SUCCESS |  
2019-09-04 11:46:32,373 | INFO  | DNAudit | user=null | ip=null | op=PUT_BLOCK {blockData=[blockId=conID: 3 locID: 102734075811922563 bcsId: 0,size=1048576]} | ret=SUCCESS |  
2019-09-04 11:46:32,373 | INFO  | DNAudit | user=null | ip=null | op=PUT_BLOCK {blockData=[blockId=conID: 3 locID: 102734075811922563 bcsId: 0,size=2097152]} | ret=SUCCESS |  
2019-09-04 11:46:32,373 [grpc-default-executor-1] INFO  client.GrpcClientProtocolClient (GrpcClientProtocolClient.java:onNext(255)) - client-D5CE890D7D9E->efcb8ff8-f060-4d95-9215-d0f5eb4af037: receive RaftClientReply:client-D5CE890D7D9E->efcb8ff8-f060-4d95-9215-d0f5eb4af037@group-0959F8DF43ED, cid=2994, SUCCESS, logIndex=4502, commits[efcb8ff8-f060-4d95-9215-d0f5eb4af037:c4504, 6fae8b02-e804-4c0e-b729-a97b7404b7f6:c4500, 4c3e8a66-6975-4917-8225-d3efe707aaff:c4499]
2019-09-04 11:46:32,373 [grpc-default-executor-1] INFO  client.GrpcClientProtocolClient (GrpcClientProtocolClient.java:onNext(255)) - client-D5CE890D7D9E->efcb8ff8-f060-4d95-9215-d0f5eb4af037: receive RaftClientReply:client-D5CE890D7D9E->efcb8ff8-f060-4d95-9215-d0f5eb4af037@group-0959F8DF43ED, cid=2995, SUCCESS, logIndex=4503, commits[efcb8ff8-f060-4d95-9215-d0f5eb4af037:c4505, 6fae8b02-e804-4c0e-b729-a97b7404b7f6:c4501, 4c3e8a66-6975-4917-8225-d3efe707aaff:c4501]
2019-09-04 11:46:32,380 | INFO  | DNAudit | user=null | ip=null | op=WRITE_CHUNK {blockData=conID: 3 locID: 102734075811922563 bcsId: 4503} | ret=SUCCESS |  
2019-09-04 11:46:32,382 | INFO  | DNAudit | user=null | ip=null | op=WRITE_CHUNK {blockData=conID: 3 locID: 102734075811922563 bcsId: 0} | ret=SUCCESS |  
2019-09-04 11:46:32,382 | INFO  | DNAudit | user=null | ip=null | op=WRITE_CHUNK {blockData=conID: 3 locID: 102734075811922563 bcsId: 4503} | ret=SUCCESS |  
2019-09-04 11:46:32,382 | INFO  | DNAudit | user=null | ip=null | op=WRITE_CHUNK {blockData=conID: 3 locID: 102734075811922563 bcsId: 0} | ret=SUCCESS |  
2019-09-04 11:46:32,382 | INFO  | DNAudit | user=null | ip=null | op=PUT_BLOCK {blockData=[blockId=conID: 3 locID: 102734075811922563 bcsId: 0,size=2097152]} | ret=SUCCESS |  
2019-09-04 11:46:32,383 | INFO  | DNAudit | user=null | ip=null | op=WRITE_CHUNK {blockData=conID: 3 locID: 102734075811922563 bcsId: 4503} | ret=SUCCESS |  
2019-09-04 11:46:32,396 | INFO  | DNAudit | user=null | ip=null | op=PUT_BLOCK {blockData=[blockId=conID: 3 locID: 102734075811922563 bcsId: 0,size=2097152]} | ret=SUCCESS |  
2019-09-04 11:46:32,396 | INFO  | DNAudit | user=null | ip=null | op=WRITE_CHUNK {blockData=conID: 3 locID: 102734075811922563 bcsId: 4503} | ret=SUCCESS |  
2019-09-04 11:46:32,396 | INFO  | DNAudit | user=null | ip=null | op=PUT_BLOCK {blockData=[blockId=conID: 3 locID: 102734075811922563 bcsId: 0,size=3145728]} | ret=SUCCESS |  
2019-09-04 11:46:32,397 [grpc-default-executor-1] INFO  client.GrpcClientProtocolClient (GrpcClientProtocolClient.java:onNext(255)) - client-D5CE890D7D9E->efcb8ff8-f060-4d95-9215-d0f5eb4af037: receive RaftClientReply:client-D5CE890D7D9E->efcb8ff8-f060-4d95-9215-d0f5eb4af037@group-0959F8DF43ED, cid=2996, SUCCESS, logIndex=4508, commits[efcb8ff8-f060-4d95-9215-d0f5eb4af037:c4509, 6fae8b02-e804-4c0e-b729-a97b7404b7f6:c4505, 4c3e8a66-6975-4917-8225-d3efe707aaff:c4505]
2019-09-04 11:46:32,397 [grpc-default-executor-1] INFO  client.GrpcClientProtocolClient (GrpcClientProtocolClient.java:onNext(255)) - client-D5CE890D7D9E->efcb8ff8-f060-4d95-9215-d0f5eb4af037: receive RaftClientReply:client-D5CE890D7D9E->efcb8ff8-f060-4d95-9215-d0f5eb4af037@group-0959F8DF43ED, cid=2997, SUCCESS, logIndex=4509, commits[efcb8ff8-f060-4d95-9215-d0f5eb4af037:c4509, 6fae8b02-e804-4c0e-b729-a97b7404b7f6:c4505, 4c3e8a66-6975-4917-8225-d3efe707aaff:c4505]
2019-09-04 11:46:32,404 | INFO  | DNAudit | user=null | ip=null | op=WRITE_CHUNK {blockData=conID: 3 locID: 102734075811922563 bcsId: 4509} | ret=SUCCESS |  
2019-09-04 11:46:32,405 | INFO  | DNAudit | user=null | ip=null | op=WRITE_CHUNK {blockData=conID: 3 locID: 102734075811922563 bcsId: 4509} | ret=SUCCESS |  
2019-09-04 11:46:32,406 | INFO  | DNAudit | user=null | ip=null | op=WRITE_CHUNK {blockData=conID: 3 locID: 102734075811922563 bcsId: 4509} | ret=SUCCESS |  
2019-09-04 11:46:32,410 | INFO  | DNAudit | user=null | ip=null | op=WRITE_CHUNK {blockData=conID: 3 locID: 102734075811922563 bcsId: 4503} | ret=SUCCESS |  
2019-09-04 11:46:32,410 | INFO  | DNAudit | user=null | ip=null | op=WRITE_CHUNK {blockData=conID: 3 locID: 102734075811922563 bcsId: 4503} | ret=SUCCESS |  
2019-09-04 11:46:32,411 | INFO  | DNAudit | user=null | ip=null | op=PUT_BLOCK {blockData=[blockId=conID: 3 locID: 102734075811922563 bcsId: 0,size=3145728]} | ret=SUCCESS |  
2019-09-04 11:46:32,411 | INFO  | DNAudit | user=null | ip=null | op=PUT_BLOCK {blockData=[blockId=conID: 3 locID: 102734075811922563 bcsId: 0,size=3145728]} | ret=SUCCESS |  
2019-09-04 11:46:32,412 | INFO  | DNAudit | user=null | ip=null | op=WRITE_CHUNK {blockData=conID: 3 locID: 102734075811922563 bcsId: 4509} | ret=SUCCESS |  
2019-09-04 11:46:32,412 | INFO  | DNAudit | user=null | ip=null | op=PUT_BLOCK {blockData=[blockId=conID: 3 locID: 102734075811922563 bcsId: 0,size=4194304]} | ret=SUCCESS |  
2019-09-04 11:46:32,412 [grpc-default-executor-1] INFO  client.GrpcClientProtocolClient (GrpcClientProtocolClient.java:onNext(255)) - client-D5CE890D7D9E->efcb8ff8-f060-4d95-9215-d0f5eb4af037: receive RaftClientReply:client-D5CE890D7D9E->efcb8ff8-f060-4d95-9215-d0f5eb4af037@group-0959F8DF43ED, cid=2998, SUCCESS, logIndex=4512, commits[efcb8ff8-f060-4d95-9215-d0f5eb4af037:c4513, 6fae8b02-e804-4c0e-b729-a97b7404b7f6:c4509, 4c3e8a66-6975-4917-8225-d3efe707aaff:c4509]
2019-09-04 11:46:32,413 [grpc-default-executor-1] INFO  client.GrpcClientProtocolClient (GrpcClientProtocolClient.java:onNext(255)) - client-D5CE890D7D9E->efcb8ff8-f060-4d95-9215-d0f5eb4af037: receive RaftClientReply:client-D5CE890D7D9E->efcb8ff8-f060-4d95-9215-d0f5eb4af037@group-0959F8DF43ED, cid=2999, SUCCESS, logIndex=4513, commits[efcb8ff8-f060-4d95-9215-d0f5eb4af037:c4513, 6fae8b02-e804-4c0e-b729-a97b7404b7f6:c4509, 4c3e8a66-6975-4917-8225-d3efe707aaff:c4509]
2019-09-04 11:46:32,425 | INFO  | DNAudit | user=null | ip=null | op=WRITE_CHUNK {blockData=conID: 3 locID: 102734075811922563 bcsId: 4509} | ret=SUCCESS |  
2019-09-04 11:46:32,425 | INFO  | DNAudit | user=null | ip=null | op=WRITE_CHUNK {blockData=conID: 3 locID: 102734075811922563 bcsId: 4509} | ret=SUCCESS |  
2019-09-04 11:46:32,425 | INFO  | DNAudit | user=null | ip=null | op=PUT_BLOCK {blockData=[blockId=conID: 3 locID: 102734075811922563 bcsId: 0,size=4194304]} | ret=SUCCESS |  
2019-09-04 11:46:32,425 | INFO  | DNAudit | user=null | ip=null | op=PUT_BLOCK {blockData=[blockId=conID: 3 locID: 102734075811922563 bcsId: 0,size=4194304]} | ret=SUCCESS |  
2019-09-04 11:46:32,425 [grpc-default-executor-1] INFO  client.GrpcClientProtocolClient (GrpcClientProtocolClient.java:onNext(255)) - client-D5CE890D7D9E->efcb8ff8-f060-4d95-9215-d0f5eb4af037: receive RaftClientReply:client-D5CE890D7D9E->efcb8ff8-f060-4d95-9215-d0f5eb4af037@group-0959F8DF43ED, cid=3000, SUCCESS, logIndex=0, commits[efcb8ff8-f060-4d95-9215-d0f5eb4af037:c4514, 6fae8b02-e804-4c0e-b729-a97b7404b7f6:c4513, 4c3e8a66-6975-4917-8225-d3efe707aaff:c4513]
2019-09-04 11:46:32,430 | INFO  | SCMAudit | user=jenkins1000 | ip=192.168.36.67 | op=ALLOCATE_BLOCK {owner=8ab292a2-aaa7-4ad8-863a-d33994811155, size=4194304, type=RATIS, factor=THREE} | ret=SUCCESS |  
2019-09-04 11:46:32,434 | INFO  | OMAudit | user=jenkins1000 | ip=127.0.0.1 | op=ALLOCATE_BLOCK {volume=vol-0-58699, bucket=bucket-0-57464, key=key-0-37266, dataSize=0, replicationType=null, replicationFactor=null, keyLocationInfo=null, clientID=102734073355960722} | ret=SUCCESS |  
2019-09-04 11:46:32,440 | INFO  | DNAudit | user=null | ip=null | op=WRITE_CHUNK {blockData=conID: 1 locID: 102734075817493124 bcsId: 0} | ret=SUCCESS |  
2019-09-04 11:46:32,443 | INFO  | DNAudit | user=null | ip=null | op=WRITE_CHUNK {blockData=conID: 1 locID: 102734075817493124 bcsId: 0} | ret=SUCCESS |  
2019-09-04 11:46:32,443 | INFO  | DNAudit | user=null | ip=null | op=WRITE_CHUNK {blockData=conID: 1 locID: 102734075817493124 bcsId: 0} | ret=SUCCESS |  
2019-09-04 11:46:32,443 | INFO  | DNAudit | user=null | ip=null | op=WRITE_CHUNK {blockData=conID: 1 locID: 102734075817493124 bcsId: 0} | ret=SUCCESS |  
2019-09-04 11:46:32,445 | INFO  | DNAudit | user=null | ip=null | op=WRITE_CHUNK {blockData=conID: 1 locID: 102734075817493124 bcsId: 0} | ret=SUCCESS |  
2019-09-04 11:46:32,445 | INFO  | DNAudit | user=null | ip=null | op=WRITE_CHUNK {blockData=conID: 1 locID: 102734075817493124 bcsId: 0} | ret=SUCCESS |  
2019-09-04 11:46:32,447 | INFO  | DNAudit | user=null | ip=null | op=WRITE_CHUNK {blockData=conID: 1 locID: 102734075817493124 bcsId: 0} | ret=SUCCESS |  
2019-09-04 11:46:32,447 | INFO  | DNAudit | user=null | ip=null | op=PUT_BLOCK {blockData=[blockId=conID: 1 locID: 102734075817493124 bcsId: 0,size=1048576]} | ret=SUCCESS |  
2019-09-04 11:46:32,447 [grpc-default-executor-6] INFO  client.GrpcClientProtocolClient (GrpcClientProtocolClient.java:onNext(255)) - client-D5CE890D7D9E->efcb8ff8-f060-4d95-9215-d0f5eb4af037: receive RaftClientReply:client-D5CE890D7D9E->efcb8ff8-f060-4d95-9215-d0f5eb4af037@group-0959F8DF43ED, cid=3001, SUCCESS, logIndex=4516, commits[efcb8ff8-f060-4d95-9215-d0f5eb4af037:c4517, 6fae8b02-e804-4c0e-b729-a97b7404b7f6:c4515, 4c3e8a66-6975-4917-8225-d3efe707aaff:c4515]
2019-09-04 11:46:32,448 | INFO  | DNAudit | user=null | ip=null | op=WRITE_CHUNK {blockData=conID: 1 locID: 102734075817493124 bcsId: 0} | ret=SUCCESS |  
2019-09-04 11:46:32,448 [grpc-default-executor-1] INFO  client.GrpcClientProtocolClient (GrpcClientProtocolClient.java:onNext(255)) - client-D5CE890D7D9E->efcb8ff8-f060-4d95-9215-d0f5eb4af037: receive RaftClientReply:client-D5CE890D7D9E->efcb8ff8-f060-4d95-9215-d0f5eb4af037@group-0959F8DF43ED, cid=3002, SUCCESS, logIndex=4517, commits[efcb8ff8-f060-4d95-9215-d0f5eb4af037:c4517, 6fae8b02-e804-4c0e-b729-a97b7404b7f6:c4515, 4c3e8a66-6975-4917-8225-d3efe707aaff:c4515]
2019-09-04 11:46:32,448 | INFO  | DNAudit | user=null | ip=null | op=PUT_BLOCK {blockData=[blockId=conID: 1 locID: 102734075817493124 bcsId: 0,size=2097152]} | ret=SUCCESS |  
2019-09-04 11:46:32,448 [grpc-default-executor-5] INFO  client.GrpcClientProtocolClient (GrpcClientProtocolClient.java:onNext(255)) - client-D5CE890D7D9E->efcb8ff8-f060-4d95-9215-d0f5eb4af037: receive RaftClientReply:client-D5CE890D7D9E->efcb8ff8-f060-4d95-9215-d0f5eb4af037@group-0959F8DF43ED, cid=3003, SUCCESS, logIndex=4518, commits[efcb8ff8-f060-4d95-9215-d0f5eb4af037:c4518, 6fae8b02-e804-4c0e-b729-a97b7404b7f6:c4515, 4c3e8a66-6975-4917-8225-d3efe707aaff:c4515]
2019-09-04 11:46:32,449 [grpc-default-executor-5] INFO  client.GrpcClientProtocolClient (GrpcClientProtocolClient.java:onNext(255)) - client-D5CE890D7D9E->efcb8ff8-f060-4d95-9215-d0f5eb4af037: receive RaftClientReply:client-D5CE890D7D9E->efcb8ff8-f060-4d95-9215-d0f5eb4af037@group-0959F8DF43ED, cid=3004, SUCCESS, logIndex=4519, commits[efcb8ff8-f060-4d95-9215-d0f5eb4af037:c4519, 6fae8b02-e804-4c0e-b729-a97b7404b7f6:c4515, 4c3e8a66-6975-4917-8225-d3efe707aaff:c4515]
2019-09-04 11:46:32,449 | INFO  | DNAudit | user=null | ip=null | op=WRITE_CHUNK {blockData=conID: 1 locID: 102734075817493124 bcsId: 0} | ret=SUCCESS |  
2019-09-04 11:46:32,449 | INFO  | DNAudit | user=null | ip=null | op=PUT_BLOCK {blockData=[blockId=conID: 1 locID: 102734075817493124 bcsId: 0,size=1048576]} | ret=SUCCESS |  
2019-09-04 11:46:32,450 | INFO  | DNAudit | user=null | ip=null | op=WRITE_CHUNK {blockData=conID: 1 locID: 102734075817493124 bcsId: 0} | ret=SUCCESS |  
2019-09-04 11:46:32,450 | INFO  | DNAudit | user=null | ip=null | op=PUT_BLOCK {blockData=[blockId=conID: 1 locID: 102734075817493124 bcsId: 0,size=1048576]} | ret=SUCCESS |  
2019-09-04 11:46:32,450 | INFO  | DNAudit | user=null | ip=null | op=WRITE_CHUNK {blockData=conID: 1 locID: 102734075817493124 bcsId: 0} | ret=SUCCESS |  
2019-09-04 11:46:32,450 | INFO  | DNAudit | user=null | ip=null | op=WRITE_CHUNK {blockData=conID: 1 locID: 102734075817493124 bcsId: 0} | ret=SUCCESS |  
2019-09-04 11:46:32,450 [grpc-default-executor-5] INFO  client.GrpcClientProtocolClient (GrpcClientProtocolClient.java:onNext(255)) - client-D5CE890D7D9E->efcb8ff8-f060-4d95-9215-d0f5eb4af037: receive RaftClientReply:client-D5CE890D7D9E->efcb8ff8-f060-4d95-9215-d0f5eb4af037@group-0959F8DF43ED, cid=3005, SUCCESS, logIndex=0, commits[efcb8ff8-f060-4d95-9215-d0f5eb4af037:c4521, 6fae8b02-e804-4c0e-b729-a97b7404b7f6:c4517, 4c3e8a66-6975-4917-8225-d3efe707aaff:c4517]
2019-09-04 11:46:32,450 | INFO  | DNAudit | user=null | ip=null | op=PUT_BLOCK {blockData=[blockId=conID: 1 locID: 102734075817493124 bcsId: 0,size=2097152]} | ret=SUCCESS |  
2019-09-04 11:46:32,451 | INFO  | DNAudit | user=null | ip=null | op=PUT_BLOCK {blockData=[blockId=conID: 1 locID: 102734075817493124 bcsId: 0,size=2097152]} | ret=SUCCESS |  
2019-09-04 11:46:32,456 | INFO  | DNAudit | user=null | ip=null | op=WRITE_CHUNK {blockData=conID: 1 locID: 102734075817493124 bcsId: 4519} | ret=SUCCESS |  
2019-09-04 11:46:32,458 | INFO  | DNAudit | user=null | ip=null | op=WRITE_CHUNK {blockData=conID: 1 locID: 102734075817493124 bcsId: 4519} | ret=SUCCESS |  
2019-09-04 11:46:32,458 | INFO  | DNAudit | user=null | ip=null | op=WRITE_CHUNK {blockData=conID: 1 locID: 102734075817493124 bcsId: 4519} | ret=SUCCESS |  
2019-09-04 11:46:32,464 | INFO  | DNAudit | user=null | ip=null | op=WRITE_CHUNK {blockData=conID: 1 locID: 102734075817493124 bcsId: 4519} | ret=SUCCESS |  
2019-09-04 11:46:32,465 | INFO  | DNAudit | user=null | ip=null | op=PUT_BLOCK {blockData=[blockId=conID: 1 locID: 102734075817493124 bcsId: 0,size=3145728]} | ret=SUCCESS |  
2019-09-04 11:46:32,465 [grpc-default-executor-1] INFO  client.GrpcClientProtocolClient (GrpcClientProtocolClient.java:onNext(255)) - client-D5CE890D7D9E->efcb8ff8-f060-4d95-9215-d0f5eb4af037: receive RaftClientReply:client-D5CE890D7D9E->efcb8ff8-f060-4d95-9215-d0f5eb4af037@group-0959F8DF43ED, cid=3006, SUCCESS, logIndex=4524, commits[efcb8ff8-f060-4d95-9215-d0f5eb4af037:c4525, 6fae8b02-e804-4c0e-b729-a97b7404b7f6:c4523, 4c3e8a66-6975-4917-8225-d3efe707aaff:c4523]
2019-09-04 11:46:32,465 [grpc-default-executor-1] INFO  client.GrpcClientProtocolClient (GrpcClientProtocolClient.java:onNext(255)) - client-D5CE890D7D9E->efcb8ff8-f060-4d95-9215-d0f5eb4af037: receive RaftClientReply:client-D5CE890D7D9E->efcb8ff8-f060-4d95-9215-d0f5eb4af037@group-0959F8DF43ED, cid=3007, SUCCESS, logIndex=4525, commits[efcb8ff8-f060-4d95-9215-d0f5eb4af037:c4525, 6fae8b02-e804-4c0e-b729-a97b7404b7f6:c4523, 4c3e8a66-6975-4917-8225-d3efe707aaff:c4523]
2019-09-04 11:46:32,471 | INFO  | DNAudit | user=null | ip=null | op=WRITE_CHUNK {blockData=conID: 1 locID: 102734075817493124 bcsId: 4525} | ret=SUCCESS |  
2019-09-04 11:46:32,472 | INFO  | DNAudit | user=null | ip=null | op=WRITE_CHUNK {blockData=conID: 1 locID: 102734075817493124 bcsId: 4519} | ret=SUCCESS |  
2019-09-04 11:46:32,472 | INFO  | DNAudit | user=null | ip=null | op=WRITE_CHUNK {blockData=conID: 1 locID: 102734075817493124 bcsId: 4519} | ret=SUCCESS |  
2019-09-04 11:46:32,472 | INFO  | DNAudit | user=null | ip=null | op=PUT_BLOCK {blockData=[blockId=conID: 1 locID: 102734075817493124 bcsId: 0,size=3145728]} | ret=SUCCESS |  
2019-09-04 11:46:32,472 | INFO  | DNAudit | user=null | ip=null | op=PUT_BLOCK {blockData=[blockId=conID: 1 locID: 102734075817493124 bcsId: 0,size=3145728]} | ret=SUCCESS |  
2019-09-04 11:46:32,474 | INFO  | DNAudit | user=null | ip=null | op=WRITE_CHUNK {blockData=conID: 1 locID: 102734075817493124 bcsId: 4525} | ret=SUCCESS |  
2019-09-04 11:46:32,474 | INFO  | DNAudit | user=null | ip=null | op=WRITE_CHUNK {blockData=conID: 1 locID: 102734075817493124 bcsId: 4525} | ret=SUCCESS |  
2019-09-04 11:46:32,494 | INFO  | DNAudit | user=null | ip=null | op=WRITE_CHUNK {blockData=conID: 1 locID: 102734075817493124 bcsId: 4525} | ret=SUCCESS |  
2019-09-04 11:46:32,495 | INFO  | DNAudit | user=null | ip=null | op=PUT_BLOCK {blockData=[blockId=conID: 1 locID: 102734075817493124 bcsId: 0,size=4194304]} | ret=SUCCESS |  
2019-09-04 11:46:32,495 [grpc-default-executor-5] INFO  client.GrpcClientProtocolClient (GrpcClientProtocolClient.java:onNext(255)) - client-D5CE890D7D9E->efcb8ff8-f060-4d95-9215-d0f5eb4af037: receive RaftClientReply:client-D5CE890D7D9E->efcb8ff8-f060-4d95-9215-d0f5eb4af037@group-0959F8DF43ED, cid=3008, SUCCESS, logIndex=4528, commits[efcb8ff8-f060-4d95-9215-d0f5eb4af037:c4529, 6fae8b02-e804-4c0e-b729-a97b7404b7f6:c4525, 4c3e8a66-6975-4917-8225-d3efe707aaff:c4525]
2019-09-04 11:46:32,495 [grpc-default-executor-5] INFO  client.GrpcClientProtocolClient (GrpcClientProtocolClient.java:onNext(255)) - client-D5CE890D7D9E->efcb8ff8-f060-4d95-9215-d0f5eb4af037: receive RaftClientReply:client-D5CE890D7D9E->efcb8ff8-f060-4d95-9215-d0f5eb4af037@group-0959F8DF43ED, cid=3009, SUCCESS, logIndex=4529, commits[efcb8ff8-f060-4d95-9215-d0f5eb4af037:c4529, 6fae8b02-e804-4c0e-b729-a97b7404b7f6:c4525, 4c3e8a66-6975-4917-8225-d3efe707aaff:c4525]
2019-09-04 11:46:32,507 | INFO  | DNAudit | user=null | ip=null | op=WRITE_CHUNK {blockData=conID: 1 locID: 102734075817493124 bcsId: 4525} | ret=SUCCESS |  
2019-09-04 11:46:32,507 | INFO  | DNAudit | user=null | ip=null | op=WRITE_CHUNK {blockData=conID: 1 locID: 102734075817493124 bcsId: 4525} | ret=SUCCESS |  
2019-09-04 11:46:32,507 | INFO  | DNAudit | user=null | ip=null | op=PUT_BLOCK {blockData=[blockId=conID: 1 locID: 102734075817493124 bcsId: 0,size=4194304]} | ret=SUCCESS |  
2019-09-04 11:46:32,507 | INFO  | DNAudit | user=null | ip=null | op=PUT_BLOCK {blockData=[blockId=conID: 1 locID: 102734075817493124 bcsId: 0,size=4194304]} | ret=SUCCESS |  
2019-09-04 11:46:32,507 [grpc-default-executor-6] INFO  client.GrpcClientProtocolClient (GrpcClientProtocolClient.java:onNext(255)) - client-D5CE890D7D9E->efcb8ff8-f060-4d95-9215-d0f5eb4af037: receive RaftClientReply:client-D5CE890D7D9E->efcb8ff8-f060-4d95-9215-d0f5eb4af037@group-0959F8DF43ED, cid=3010, SUCCESS, logIndex=0, commits[efcb8ff8-f060-4d95-9215-d0f5eb4af037:c4530, 6fae8b02-e804-4c0e-b729-a97b7404b7f6:c4529, 4c3e8a66-6975-4917-8225-d3efe707aaff:c4529]
2019-09-04 11:46:32,513 | INFO  | SCMAudit | user=jenkins1000 | ip=192.168.36.67 | op=ALLOCATE_BLOCK {owner=8ab292a2-aaa7-4ad8-863a-d33994811155, size=4194304, type=RATIS, factor=THREE} | ret=SUCCESS |  
2019-09-04 11:46:32,516 | INFO  | OMAudit | user=jenkins1000 | ip=127.0.0.1 | op=ALLOCATE_BLOCK {volume=vol-0-58699, bucket=bucket-0-57464, key=key-0-37266, dataSize=0, replicationType=null, replicationFactor=null, keyLocationInfo=null, clientID=102734073355960722} | ret=SUCCESS |  
2019-09-04 11:46:32,522 | INFO  | DNAudit | user=null | ip=null | op=WRITE_CHUNK {blockData=conID: 2 locID: 102734075822932613 bcsId: 0} | ret=SUCCESS |  
2019-09-04 11:46:32,525 | INFO  | DNAudit | user=null | ip=null | op=WRITE_CHUNK {blockData=conID: 2 locID: 102734075822932613 bcsId: 0} | ret=SUCCESS |  
2019-09-04 11:46:32,525 | INFO  | DNAudit | user=null | ip=null | op=WRITE_CHUNK {blockData=conID: 2 locID: 102734075822932613 bcsId: 0} | ret=SUCCESS |  
2019-09-04 11:46:32,525 | INFO  | DNAudit | user=null | ip=null | op=WRITE_CHUNK {blockData=conID: 2 locID: 102734075822932613 bcsId: 0} | ret=SUCCESS |  
2019-09-04 11:46:32,526 | INFO  | DNAudit | user=null | ip=null | op=WRITE_CHUNK {blockData=conID: 2 locID: 102734075822932613 bcsId: 0} | ret=SUCCESS |  
2019-09-04 11:46:32,526 | INFO  | DNAudit | user=null | ip=null | op=WRITE_CHUNK {blockData=conID: 2 locID: 102734075822932613 bcsId: 0} | ret=SUCCESS |  
2019-09-04 11:46:32,532 | INFO  | DNAudit | user=null | ip=null | op=WRITE_CHUNK {blockData=conID: 2 locID: 102734075822932613 bcsId: 0} | ret=SUCCESS |  
2019-09-04 11:46:32,532 | INFO  | DNAudit | user=null | ip=null | op=PUT_BLOCK {blockData=[blockId=conID: 2 locID: 102734075822932613 bcsId: 0,size=1048576]} | ret=SUCCESS |  
2019-09-04 11:46:32,533 | INFO  | DNAudit | user=null | ip=null | op=WRITE_CHUNK {blockData=conID: 2 locID: 102734075822932613 bcsId: 0} | ret=SUCCESS |  
2019-09-04 11:46:32,533 [grpc-default-executor-0] INFO  client.GrpcClientProtocolClient (GrpcClientProtocolClient.java:onNext(255)) - client-D5CE890D7D9E->efcb8ff8-f060-4d95-9215-d0f5eb4af037: receive RaftClientReply:client-D5CE890D7D9E->efcb8ff8-f060-4d95-9215-d0f5eb4af037@group-0959F8DF43ED, cid=3011, SUCCESS, logIndex=4532, commits[efcb8ff8-f060-4d95-9215-d0f5eb4af037:c4533, 6fae8b02-e804-4c0e-b729-a97b7404b7f6:c4531, 4c3e8a66-6975-4917-8225-d3efe707aaff:c4531]
2019-09-04 11:46:32,533 | INFO  | DNAudit | user=null | ip=null | op=PUT_BLOCK {blockData=[blockId=conID: 2 locID: 102734075822932613 bcsId: 0,size=2097152]} | ret=SUCCESS |  
2019-09-04 11:46:32,533 [grpc-default-executor-0] INFO  client.GrpcClientProtocolClient (GrpcClientProtocolClient.java:onNext(255)) - client-D5CE890D7D9E->efcb8ff8-f060-4d95-9215-d0f5eb4af037: receive RaftClientReply:client-D5CE890D7D9E->efcb8ff8-f060-4d95-9215-d0f5eb4af037@group-0959F8DF43ED, cid=3012, SUCCESS, logIndex=4533, commits[efcb8ff8-f060-4d95-9215-d0f5eb4af037:c4535, 6fae8b02-e804-4c0e-b729-a97b7404b7f6:c4531, 4c3e8a66-6975-4917-8225-d3efe707aaff:c4531]
2019-09-04 11:46:32,534 [grpc-default-executor-0] INFO  client.GrpcClientProtocolClient (GrpcClientProtocolClient.java:onNext(255)) - client-D5CE890D7D9E->efcb8ff8-f060-4d95-9215-d0f5eb4af037: receive RaftClientReply:client-D5CE890D7D9E->efcb8ff8-f060-4d95-9215-d0f5eb4af037@group-0959F8DF43ED, cid=3013, SUCCESS, logIndex=4534, commits[efcb8ff8-f060-4d95-9215-d0f5eb4af037:c4535, 6fae8b02-e804-4c0e-b729-a97b7404b7f6:c4531, 4c3e8a66-6975-4917-8225-d3efe707aaff:c4531]
2019-09-04 11:46:32,534 [grpc-default-executor-0] INFO  client.GrpcClientProtocolClient (GrpcClientProtocolClient.java:onNext(255)) - client-D5CE890D7D9E->efcb8ff8-f060-4d95-9215-d0f5eb4af037: receive RaftClientReply:client-D5CE890D7D9E->efcb8ff8-f060-4d95-9215-d0f5eb4af037@group-0959F8DF43ED, cid=3014, SUCCESS, logIndex=4535, commits[efcb8ff8-f060-4d95-9215-d0f5eb4af037:c4535, 6fae8b02-e804-4c0e-b729-a97b7404b7f6:c4531, 4c3e8a66-6975-4917-8225-d3efe707aaff:c4531]
2019-09-04 11:46:32,540 | INFO  | DNAudit | user=null | ip=null | op=WRITE_CHUNK {blockData=conID: 2 locID: 102734075822932613 bcsId: 0} | ret=SUCCESS |  
2019-09-04 11:46:32,540 | INFO  | DNAudit | user=null | ip=null | op=WRITE_CHUNK {blockData=conID: 2 locID: 102734075822932613 bcsId: 0} | ret=SUCCESS |  
2019-09-04 11:46:32,540 | INFO  | DNAudit | user=null | ip=null | op=PUT_BLOCK {blockData=[blockId=conID: 2 locID: 102734075822932613 bcsId: 0,size=1048576]} | ret=SUCCESS |  
2019-09-04 11:46:32,540 | INFO  | DNAudit | user=null | ip=null | op=PUT_BLOCK {blockData=[blockId=conID: 2 locID: 102734075822932613 bcsId: 0,size=1048576]} | ret=SUCCESS |  
2019-09-04 11:46:32,541 [grpc-default-executor-0] INFO  client.GrpcClientProtocolClient (GrpcClientProtocolClient.java:onNext(255)) - client-D5CE890D7D9E->efcb8ff8-f060-4d95-9215-d0f5eb4af037: receive RaftClientReply:client-D5CE890D7D9E->efcb8ff8-f060-4d95-9215-d0f5eb4af037@group-0959F8DF43ED, cid=3015, SUCCESS, logIndex=0, commits[efcb8ff8-f060-4d95-9215-d0f5eb4af037:c4537, 6fae8b02-e804-4c0e-b729-a97b7404b7f6:c4533, 4c3e8a66-6975-4917-8225-d3efe707aaff:c4533]
2019-09-04 11:46:32,541 | INFO  | DNAudit | user=null | ip=null | op=WRITE_CHUNK {blockData=conID: 2 locID: 102734075822932613 bcsId: 0} | ret=SUCCESS |  
2019-09-04 11:46:32,541 | INFO  | DNAudit | user=null | ip=null | op=PUT_BLOCK {blockData=[blockId=conID: 2 locID: 102734075822932613 bcsId: 0,size=2097152]} | ret=SUCCESS |  
2019-09-04 11:46:32,542 | INFO  | DNAudit | user=null | ip=null | op=WRITE_CHUNK {blockData=conID: 2 locID: 102734075822932613 bcsId: 0} | ret=SUCCESS |  
2019-09-04 11:46:32,542 | INFO  | DNAudit | user=null | ip=null | op=PUT_BLOCK {blockData=[blockId=conID: 2 locID: 102734075822932613 bcsId: 0,size=2097152]} | ret=SUCCESS |  
2019-09-04 11:46:32,547 | INFO  | DNAudit | user=null | ip=null | op=WRITE_CHUNK {blockData=conID: 2 locID: 102734075822932613 bcsId: 4535} | ret=SUCCESS |  
2019-09-04 11:46:32,549 | INFO  | DNAudit | user=null | ip=null | op=WRITE_CHUNK {blockData=conID: 2 locID: 102734075822932613 bcsId: 4535} | ret=SUCCESS |  
2019-09-04 11:46:32,549 | INFO  | DNAudit | user=null | ip=null | op=WRITE_CHUNK {blockData=conID: 2 locID: 102734075822932613 bcsId: 4535} | ret=SUCCESS |  
2019-09-04 11:46:32,553 | INFO  | DNAudit | user=null | ip=null | op=WRITE_CHUNK {blockData=conID: 2 locID: 102734075822932613 bcsId: 4535} | ret=SUCCESS |  
2019-09-04 11:46:32,553 | INFO  | DNAudit | user=null | ip=null | op=PUT_BLOCK {blockData=[blockId=conID: 2 locID: 102734075822932613 bcsId: 0,size=3145728]} | ret=SUCCESS |  
2019-09-04 11:46:32,553 [grpc-default-executor-5] INFO  client.GrpcClientProtocolClient (GrpcClientProtocolClient.java:onNext(255)) - client-D5CE890D7D9E->efcb8ff8-f060-4d95-9215-d0f5eb4af037: receive RaftClientReply:client-D5CE890D7D9E->efcb8ff8-f060-4d95-9215-d0f5eb4af037@group-0959F8DF43ED, cid=3016, SUCCESS, logIndex=4539, commits[efcb8ff8-f060-4d95-9215-d0f5eb4af037:c4539, 6fae8b02-e804-4c0e-b729-a97b7404b7f6:c4538, 4c3e8a66-6975-4917-8225-d3efe707aaff:c4538]
2019-09-04 11:46:32,554 [grpc-default-executor-5] INFO  client.GrpcClientProtocolClient (GrpcClientProtocolClient.java:onNext(255)) - client-D5CE890D7D9E->efcb8ff8-f060-4d95-9215-d0f5eb4af037: receive RaftClientReply:client-D5CE890D7D9E->efcb8ff8-f060-4d95-9215-d0f5eb4af037@group-0959F8DF43ED, cid=3017, SUCCESS, logIndex=4540, commits[efcb8ff8-f060-4d95-9215-d0f5eb4af037:c4540, 6fae8b02-e804-4c0e-b729-a97b7404b7f6:c4538, 4c3e8a66-6975-4917-8225-d3efe707aaff:c4538]
2019-09-04 11:46:32,559 | INFO  | DNAudit | user=null | ip=null | op=WRITE_CHUNK {blockData=conID: 2 locID: 102734075822932613 bcsId: 4540} | ret=SUCCESS |  
2019-09-04 11:46:32,561 | INFO  | DNAudit | user=null | ip=null | op=WRITE_CHUNK {blockData=conID: 2 locID: 102734075822932613 bcsId: 4540} | ret=SUCCESS |  
2019-09-04 11:46:32,561 | INFO  | DNAudit | user=null | ip=null | op=WRITE_CHUNK {blockData=conID: 2 locID: 102734075822932613 bcsId: 4540} | ret=SUCCESS |  
2019-09-04 11:46:32,565 | INFO  | DNAudit | user=null | ip=null | op=WRITE_CHUNK {blockData=conID: 2 locID: 102734075822932613 bcsId: 4535} | ret=SUCCESS |  
2019-09-04 11:46:32,566 | INFO  | DNAudit | user=null | ip=null | op=WRITE_CHUNK {blockData=conID: 2 locID: 102734075822932613 bcsId: 4535} | ret=SUCCESS |  
2019-09-04 11:46:32,567 | INFO  | DNAudit | user=null | ip=null | op=PUT_BLOCK {blockData=[blockId=conID: 2 locID: 102734075822932613 bcsId: 0,size=3145728]} | ret=SUCCESS |  
2019-09-04 11:46:32,567 | INFO  | DNAudit | user=null | ip=null | op=PUT_BLOCK {blockData=[blockId=conID: 2 locID: 102734075822932613 bcsId: 0,size=3145728]} | ret=SUCCESS |  
2019-09-04 11:46:32,567 | INFO  | DNAudit | user=null | ip=null | op=WRITE_CHUNK {blockData=conID: 2 locID: 102734075822932613 bcsId: 4540} | ret=SUCCESS |  
2019-09-04 11:46:32,567 | INFO  | DNAudit | user=null | ip=null | op=PUT_BLOCK {blockData=[blockId=conID: 2 locID: 102734075822932613 bcsId: 0,size=4194304]} | ret=SUCCESS |  
2019-09-04 11:46:32,568 [grpc-default-executor-5] INFO  client.GrpcClientProtocolClient (GrpcClientProtocolClient.java:onNext(255)) - client-D5CE890D7D9E->efcb8ff8-f060-4d95-9215-d0f5eb4af037: receive RaftClientReply:client-D5CE890D7D9E->efcb8ff8-f060-4d95-9215-d0f5eb4af037@group-0959F8DF43ED, cid=3018, SUCCESS, logIndex=4543, commits[efcb8ff8-f060-4d95-9215-d0f5eb4af037:c4543, 6fae8b02-e804-4c0e-b729-a97b7404b7f6:c4540, 4c3e8a66-6975-4917-8225-d3efe707aaff:c4540]
2019-09-04 11:46:32,568 [grpc-default-executor-5] INFO  client.GrpcClientProtocolClient (GrpcClientProtocolClient.java:onNext(255)) - client-D5CE890D7D9E->efcb8ff8-f060-4d95-9215-d0f5eb4af037: receive RaftClientReply:client-D5CE890D7D9E->efcb8ff8-f060-4d95-9215-d0f5eb4af037@group-0959F8DF43ED, cid=3019, SUCCESS, logIndex=4544, commits[efcb8ff8-f060-4d95-9215-d0f5eb4af037:c4544, 6fae8b02-e804-4c0e-b729-a97b7404b7f6:c4540, 4c3e8a66-6975-4917-8225-d3efe707aaff:c4540]
2019-09-04 11:46:32,579 | INFO  | DNAudit | user=null | ip=null | op=WRITE_CHUNK {blockData=conID: 2 locID: 102734075822932613 bcsId: 4540} | ret=SUCCESS |  
2019-09-04 11:46:32,579 | INFO  | DNAudit | user=null | ip=null | op=WRITE_CHUNK {blockData=conID: 2 locID: 102734075822932613 bcsId: 4540} | ret=SUCCESS |  
2019-09-04 11:46:32,580 | INFO  | DNAudit | user=null | ip=null | op=PUT_BLOCK {blockData=[blockId=conID: 2 locID: 102734075822932613 bcsId: 0,size=4194304]} | ret=SUCCESS |  
2019-09-04 11:46:32,580 | INFO  | DNAudit | user=null | ip=null | op=PUT_BLOCK {blockData=[blockId=conID: 2 locID: 102734075822932613 bcsId: 0,size=4194304]} | ret=SUCCESS |  
2019-09-04 11:46:32,581 [grpc-default-executor-5] INFO  client.GrpcClientProtocolClient (GrpcClientProtocolClient.java:onNext(255)) - client-D5CE890D7D9E->efcb8ff8-f060-4d95-9215-d0f5eb4af037: receive RaftClientReply:client-D5CE890D7D9E->efcb8ff8-f060-4d95-9215-d0f5eb4af037@group-0959F8DF43ED, cid=3020, SUCCESS, logIndex=0, commits[efcb8ff8-f060-4d95-9215-d0f5eb4af037:c4546, 6fae8b02-e804-4c0e-b729-a97b7404b7f6:c4544, 4c3e8a66-6975-4917-8225-d3efe707aaff:c4544]
2019-09-04 11:46:32,586 | INFO  | SCMAudit | user=jenkins1000 | ip=192.168.36.67 | op=ALLOCATE_BLOCK {owner=8ab292a2-aaa7-4ad8-863a-d33994811155, size=4194304, type=RATIS, factor=THREE} | ret=SUCCESS |  
2019-09-04 11:46:32,589 | INFO  | OMAudit | user=jenkins1000 | ip=127.0.0.1 | op=ALLOCATE_BLOCK {volume=vol-0-58699, bucket=bucket-0-57464, key=key-0-37266, dataSize=0, replicationType=null, replicationFactor=null, keyLocationInfo=null, clientID=102734073355960722} | ret=SUCCESS |  
2019-09-04 11:46:32,595 | INFO  | DNAudit | user=null | ip=null | op=WRITE_CHUNK {blockData=conID: 3 locID: 102734075827716742 bcsId: 0} | ret=SUCCESS |  
2019-09-04 11:46:32,598 | INFO  | DNAudit | user=null | ip=null | op=WRITE_CHUNK {blockData=conID: 3 locID: 102734075827716742 bcsId: 0} | ret=SUCCESS |  
2019-09-04 11:46:32,598 | INFO  | DNAudit | user=null | ip=null | op=WRITE_CHUNK {blockData=conID: 3 locID: 102734075827716742 bcsId: 0} | ret=SUCCESS |  
2019-09-04 11:46:32,598 | INFO  | DNAudit | user=null | ip=null | op=WRITE_CHUNK {blockData=conID: 3 locID: 102734075827716742 bcsId: 0} | ret=SUCCESS |  
2019-09-04 11:46:32,599 | INFO  | DNAudit | user=null | ip=null | op=WRITE_CHUNK {blockData=conID: 3 locID: 102734075827716742 bcsId: 0} | ret=SUCCESS |  
2019-09-04 11:46:32,600 | INFO  | DNAudit | user=null | ip=null | op=WRITE_CHUNK {blockData=conID: 3 locID: 102734075827716742 bcsId: 0} | ret=SUCCESS |  
2019-09-04 11:46:32,601 | INFO  | DNAudit | user=null | ip=null | op=WRITE_CHUNK {blockData=conID: 3 locID: 102734075827716742 bcsId: 0} | ret=SUCCESS |  
2019-09-04 11:46:32,602 | INFO  | DNAudit | user=null | ip=null | op=PUT_BLOCK {blockData=[blockId=conID: 3 locID: 102734075827716742 bcsId: 0,size=1048576]} | ret=SUCCESS |  
2019-09-04 11:46:32,602 | INFO  | DNAudit | user=null | ip=null | op=WRITE_CHUNK {blockData=conID: 3 locID: 102734075827716742 bcsId: 0} | ret=SUCCESS |  
2019-09-04 11:46:32,602 [grpc-default-executor-6] INFO  client.GrpcClientProtocolClient (GrpcClientProtocolClient.java:onNext(255)) - client-D5CE890D7D9E->efcb8ff8-f060-4d95-9215-d0f5eb4af037: receive RaftClientReply:client-D5CE890D7D9E->efcb8ff8-f060-4d95-9215-d0f5eb4af037@group-0959F8DF43ED, cid=3021, SUCCESS, logIndex=4547, commits[efcb8ff8-f060-4d95-9215-d0f5eb4af037:c4549, 6fae8b02-e804-4c0e-b729-a97b7404b7f6:c4546, 4c3e8a66-6975-4917-8225-d3efe707aaff:c4546]
2019-09-04 11:46:32,602 | INFO  | DNAudit | user=null | ip=null | op=PUT_BLOCK {blockData=[blockId=conID: 3 locID: 102734075827716742 bcsId: 0,size=2097152]} | ret=SUCCESS |  
2019-09-04 11:46:32,602 [grpc-default-executor-6] INFO  client.GrpcClientProtocolClient (GrpcClientProtocolClient.java:onNext(255)) - client-D5CE890D7D9E->efcb8ff8-f060-4d95-9215-d0f5eb4af037: receive RaftClientReply:client-D5CE890D7D9E->efcb8ff8-f060-4d95-9215-d0f5eb4af037@group-0959F8DF43ED, cid=3022, SUCCESS, logIndex=4548, commits[efcb8ff8-f060-4d95-9215-d0f5eb4af037:c4550, 6fae8b02-e804-4c0e-b729-a97b7404b7f6:c4546, 4c3e8a66-6975-4917-8225-d3efe707aaff:c4546]
2019-09-04 11:46:32,603 [grpc-default-executor-6] INFO  client.GrpcClientProtocolClient (GrpcClientProtocolClient.java:onNext(255)) - client-D5CE890D7D9E->efcb8ff8-f060-4d95-9215-d0f5eb4af037: receive RaftClientReply:client-D5CE890D7D9E->efcb8ff8-f060-4d95-9215-d0f5eb4af037@group-0959F8DF43ED, cid=3023, SUCCESS, logIndex=4549, commits[efcb8ff8-f060-4d95-9215-d0f5eb4af037:c4550, 6fae8b02-e804-4c0e-b729-a97b7404b7f6:c4546, 4c3e8a66-6975-4917-8225-d3efe707aaff:c4546]
2019-09-04 11:46:32,603 [grpc-default-executor-6] INFO  client.GrpcClientProtocolClient (GrpcClientProtocolClient.java:onNext(255)) - client-D5CE890D7D9E->efcb8ff8-f060-4d95-9215-d0f5eb4af037: receive RaftClientReply:client-D5CE890D7D9E->efcb8ff8-f060-4d95-9215-d0f5eb4af037@group-0959F8DF43ED, cid=3024, SUCCESS, logIndex=4550, commits[efcb8ff8-f060-4d95-9215-d0f5eb4af037:c4550, 6fae8b02-e804-4c0e-b729-a97b7404b7f6:c4546, 4c3e8a66-6975-4917-8225-d3efe707aaff:c4546]
2019-09-04 11:46:32,614 | INFO  | DNAudit | user=null | ip=null | op=WRITE_CHUNK {blockData=conID: 3 locID: 102734075827716742 bcsId: 0} | ret=SUCCESS |  
2019-09-04 11:46:32,614 | INFO  | DNAudit | user=null | ip=null | op=WRITE_CHUNK {blockData=conID: 3 locID: 102734075827716742 bcsId: 0} | ret=SUCCESS |  
2019-09-04 11:46:32,614 | INFO  | DNAudit | user=null | ip=null | op=PUT_BLOCK {blockData=[blockId=conID: 3 locID: 102734075827716742 bcsId: 0,size=1048576]} | ret=SUCCESS |  
2019-09-04 11:46:32,614 | INFO  | DNAudit | user=null | ip=null | op=WRITE_CHUNK {blockData=conID: 3 locID: 102734075827716742 bcsId: 0} | ret=SUCCESS |  
2019-09-04 11:46:32,615 | INFO  | DNAudit | user=null | ip=null | op=PUT_BLOCK {blockData=[blockId=conID: 3 locID: 102734075827716742 bcsId: 0,size=1048576]} | ret=SUCCESS |  
2019-09-04 11:46:32,615 | INFO  | DNAudit | user=null | ip=null | op=WRITE_CHUNK {blockData=conID: 3 locID: 102734075827716742 bcsId: 0} | ret=SUCCESS |  
2019-09-04 11:46:32,615 | INFO  | DNAudit | user=null | ip=null | op=PUT_BLOCK {blockData=[blockId=conID: 3 locID: 102734075827716742 bcsId: 0,size=2097152]} | ret=SUCCESS |  
2019-09-04 11:46:32,615 [grpc-default-executor-5] INFO  client.GrpcClientProtocolClient (GrpcClientProtocolClient.java:onNext(255)) - client-D5CE890D7D9E->efcb8ff8-f060-4d95-9215-d0f5eb4af037: receive RaftClientReply:client-D5CE890D7D9E->efcb8ff8-f060-4d95-9215-d0f5eb4af037@group-0959F8DF43ED, cid=3025, SUCCESS, logIndex=0, commits[efcb8ff8-f060-4d95-9215-d0f5eb4af037:c4553, 6fae8b02-e804-4c0e-b729-a97b7404b7f6:c4549, 4c3e8a66-6975-4917-8225-d3efe707aaff:c4549]
2019-09-04 11:46:32,616 | INFO  | DNAudit | user=null | ip=null | op=PUT_BLOCK {blockData=[blockId=conID: 3 locID: 102734075827716742 bcsId: 0,size=2097152]} | ret=SUCCESS |  
2019-09-04 11:46:32,621 | INFO  | DNAudit | user=null | ip=null | op=WRITE_CHUNK {blockData=conID: 3 locID: 102734075827716742 bcsId: 4550} | ret=SUCCESS |  
2019-09-04 11:46:32,623 | INFO  | DNAudit | user=null | ip=null | op=WRITE_CHUNK {blockData=conID: 3 locID: 102734075827716742 bcsId: 4550} | ret=SUCCESS |  
2019-09-04 11:46:32,624 | INFO  | DNAudit | user=null | ip=null | op=WRITE_CHUNK {blockData=conID: 3 locID: 102734075827716742 bcsId: 4550} | ret=SUCCESS |  
2019-09-04 11:46:32,628 | INFO  | DNAudit | user=null | ip=null | op=WRITE_CHUNK {blockData=conID: 3 locID: 102734075827716742 bcsId: 4550} | ret=SUCCESS |  
2019-09-04 11:46:32,628 | INFO  | DNAudit | user=null | ip=null | op=PUT_BLOCK {blockData=[blockId=conID: 3 locID: 102734075827716742 bcsId: 0,size=3145728]} | ret=SUCCESS |  
2019-09-04 11:46:32,628 [grpc-default-executor-0] INFO  client.GrpcClientProtocolClient (GrpcClientProtocolClient.java:onNext(255)) - client-D5CE890D7D9E->efcb8ff8-f060-4d95-9215-d0f5eb4af037: receive RaftClientReply:client-D5CE890D7D9E->efcb8ff8-f060-4d95-9215-d0f5eb4af037@group-0959F8DF43ED, cid=3026, SUCCESS, logIndex=4555, commits[efcb8ff8-f060-4d95-9215-d0f5eb4af037:c4556, 6fae8b02-e804-4c0e-b729-a97b7404b7f6:c4554, 4c3e8a66-6975-4917-8225-d3efe707aaff:c4554]
2019-09-04 11:46:32,629 [grpc-default-executor-0] INFO  client.GrpcClientProtocolClient (GrpcClientProtocolClient.java:onNext(255)) - client-D5CE890D7D9E->efcb8ff8-f060-4d95-9215-d0f5eb4af037: receive RaftClientReply:client-D5CE890D7D9E->efcb8ff8-f060-4d95-9215-d0f5eb4af037@group-0959F8DF43ED, cid=3027, SUCCESS, logIndex=4556, commits[efcb8ff8-f060-4d95-9215-d0f5eb4af037:c4556, 6fae8b02-e804-4c0e-b729-a97b7404b7f6:c4554, 4c3e8a66-6975-4917-8225-d3efe707aaff:c4554]
2019-09-04 11:46:32,634 | INFO  | DNAudit | user=null | ip=null | op=WRITE_CHUNK {blockData=conID: 3 locID: 102734075827716742 bcsId: 4556} | ret=SUCCESS |  
2019-09-04 11:46:32,636 | INFO  | DNAudit | user=null | ip=null | op=WRITE_CHUNK {blockData=conID: 3 locID: 102734075827716742 bcsId: 4556} | ret=SUCCESS |  
2019-09-04 11:46:32,636 | INFO  | DNAudit | user=null | ip=null | op=WRITE_CHUNK {blockData=conID: 3 locID: 102734075827716742 bcsId: 4550} | ret=SUCCESS |  
2019-09-04 11:46:32,636 | INFO  | DNAudit | user=null | ip=null | op=WRITE_CHUNK {blockData=conID: 3 locID: 102734075827716742 bcsId: 4550} | ret=SUCCESS |  
2019-09-04 11:46:32,636 | INFO  | DNAudit | user=null | ip=null | op=WRITE_CHUNK {blockData=conID: 3 locID: 102734075827716742 bcsId: 4556} | ret=SUCCESS |  
2019-09-04 11:46:32,649 | INFO  | DNAudit | user=null | ip=null | op=PUT_BLOCK {blockData=[blockId=conID: 3 locID: 102734075827716742 bcsId: 0,size=3145728]} | ret=SUCCESS |  
2019-09-04 11:46:32,649 | INFO  | DNAudit | user=null | ip=null | op=WRITE_CHUNK {blockData=conID: 3 locID: 102734075827716742 bcsId: 4556} | ret=SUCCESS |  
2019-09-04 11:46:32,649 | INFO  | DNAudit | user=null | ip=null | op=PUT_BLOCK {blockData=[blockId=conID: 3 locID: 102734075827716742 bcsId: 0,size=3145728]} | ret=SUCCESS |  
2019-09-04 11:46:32,650 | INFO  | DNAudit | user=null | ip=null | op=PUT_BLOCK {blockData=[blockId=conID: 3 locID: 102734075827716742 bcsId: 0,size=4194304]} | ret=SUCCESS |  
2019-09-04 11:46:32,650 [grpc-default-executor-5] INFO  client.GrpcClientProtocolClient (GrpcClientProtocolClient.java:onNext(255)) - client-D5CE890D7D9E->efcb8ff8-f060-4d95-9215-d0f5eb4af037: receive RaftClientReply:client-D5CE890D7D9E->efcb8ff8-f060-4d95-9215-d0f5eb4af037@group-0959F8DF43ED, cid=3028, SUCCESS, logIndex=4559, commits[efcb8ff8-f060-4d95-9215-d0f5eb4af037:c4560, 6fae8b02-e804-4c0e-b729-a97b7404b7f6:c4555, 4c3e8a66-6975-4917-8225-d3efe707aaff:c4556]
2019-09-04 11:46:32,650 [grpc-default-executor-5] INFO  client.GrpcClientProtocolClient (GrpcClientProtocolClient.java:onNext(255)) - client-D5CE890D7D9E->efcb8ff8-f060-4d95-9215-d0f5eb4af037: receive RaftClientReply:client-D5CE890D7D9E->efcb8ff8-f060-4d95-9215-d0f5eb4af037@group-0959F8DF43ED, cid=3029, SUCCESS, logIndex=4560, commits[efcb8ff8-f060-4d95-9215-d0f5eb4af037:c4560, 6fae8b02-e804-4c0e-b729-a97b7404b7f6:c4556, 4c3e8a66-6975-4917-8225-d3efe707aaff:c4556]
2019-09-04 11:46:32,658 | INFO  | DNAudit | user=null | ip=null | op=WRITE_CHUNK {blockData=conID: 3 locID: 102734075827716742 bcsId: 4556} | ret=SUCCESS |  
2019-09-04 11:46:32,658 | INFO  | DNAudit | user=null | ip=null | op=WRITE_CHUNK {blockData=conID: 3 locID: 102734075827716742 bcsId: 4556} | ret=SUCCESS |  
2019-09-04 11:46:32,658 | INFO  | DNAudit | user=null | ip=null | op=PUT_BLOCK {blockData=[blockId=conID: 3 locID: 102734075827716742 bcsId: 0,size=4194304]} | ret=SUCCESS |  
2019-09-04 11:46:32,658 | INFO  | DNAudit | user=null | ip=null | op=PUT_BLOCK {blockData=[blockId=conID: 3 locID: 102734075827716742 bcsId: 0,size=4194304]} | ret=SUCCESS |  
2019-09-04 11:46:32,659 [grpc-default-executor-0] INFO  client.GrpcClientProtocolClient (GrpcClientProtocolClient.java:onNext(255)) - client-D5CE890D7D9E->efcb8ff8-f060-4d95-9215-d0f5eb4af037: receive RaftClientReply:client-D5CE890D7D9E->efcb8ff8-f060-4d95-9215-d0f5eb4af037@group-0959F8DF43ED, cid=3030, SUCCESS, logIndex=0, commits[efcb8ff8-f060-4d95-9215-d0f5eb4af037:c4561, 6fae8b02-e804-4c0e-b729-a97b7404b7f6:c4560, 4c3e8a66-6975-4917-8225-d3efe707aaff:c4560]
2019-09-04 11:46:32,663 | INFO  | SCMAudit | user=jenkins1000 | ip=192.168.36.67 | op=ALLOCATE_BLOCK {owner=8ab292a2-aaa7-4ad8-863a-d33994811155, size=4194304, type=RATIS, factor=THREE} | ret=SUCCESS |  
2019-09-04 11:46:32,667 | INFO  | OMAudit | user=jenkins1000 | ip=127.0.0.1 | op=ALLOCATE_BLOCK {volume=vol-0-58699, bucket=bucket-0-57464, key=key-0-37266, dataSize=0, replicationType=null, replicationFactor=null, keyLocationInfo=null, clientID=102734073355960722} | ret=SUCCESS |  
2019-09-04 11:46:32,673 | INFO  | DNAudit | user=null | ip=null | op=WRITE_CHUNK {blockData=conID: 1 locID: 102734075832763015 bcsId: 0} | ret=SUCCESS |  
2019-09-04 11:46:32,675 | INFO  | DNAudit | user=null | ip=null | op=WRITE_CHUNK {blockData=conID: 1 locID: 102734075832763015 bcsId: 0} | ret=SUCCESS |  
2019-09-04 11:46:32,675 | INFO  | DNAudit | user=null | ip=null | op=WRITE_CHUNK {blockData=conID: 1 locID: 102734075832763015 bcsId: 0} | ret=SUCCESS |  
2019-09-04 11:46:32,675 | INFO  | DNAudit | user=null | ip=null | op=WRITE_CHUNK {blockData=conID: 1 locID: 102734075832763015 bcsId: 0} | ret=SUCCESS |  
2019-09-04 11:46:32,677 | INFO  | DNAudit | user=null | ip=null | op=WRITE_CHUNK {blockData=conID: 1 locID: 102734075832763015 bcsId: 0} | ret=SUCCESS |  
2019-09-04 11:46:32,677 | INFO  | DNAudit | user=null | ip=null | op=WRITE_CHUNK {blockData=conID: 1 locID: 102734075832763015 bcsId: 0} | ret=SUCCESS |  
2019-09-04 11:46:32,704 | INFO  | DNAudit | user=null | ip=null | op=WRITE_CHUNK {blockData=conID: 1 locID: 102734075832763015 bcsId: 0} | ret=SUCCESS |  
2019-09-04 11:46:32,704 | INFO  | DNAudit | user=null | ip=null | op=PUT_BLOCK {blockData=[blockId=conID: 1 locID: 102734075832763015 bcsId: 0,size=1048576]} | ret=SUCCESS |  
2019-09-04 11:46:32,705 | INFO  | DNAudit | user=null | ip=null | op=WRITE_CHUNK {blockData=conID: 1 locID: 102734075832763015 bcsId: 0} | ret=SUCCESS |  
2019-09-04 11:46:32,704 [grpc-default-executor-5] INFO  client.GrpcClientProtocolClient (GrpcClientProtocolClient.java:onNext(255)) - client-D5CE890D7D9E->efcb8ff8-f060-4d95-9215-d0f5eb4af037: receive RaftClientReply:client-D5CE890D7D9E->efcb8ff8-f060-4d95-9215-d0f5eb4af037@group-0959F8DF43ED, cid=3031, SUCCESS, logIndex=4563, commits[efcb8ff8-f060-4d95-9215-d0f5eb4af037:c4565, 6fae8b02-e804-4c0e-b729-a97b7404b7f6:c4562, 4c3e8a66-6975-4917-8225-d3efe707aaff:c4562]
2019-09-04 11:46:32,705 | INFO  | DNAudit | user=null | ip=null | op=PUT_BLOCK {blockData=[blockId=conID: 1 locID: 102734075832763015 bcsId: 0,size=2097152]} | ret=SUCCESS |  
2019-09-04 11:46:32,705 [grpc-default-executor-5] INFO  client.GrpcClientProtocolClient (GrpcClientProtocolClient.java:onNext(255)) - client-D5CE890D7D9E->efcb8ff8-f060-4d95-9215-d0f5eb4af037: receive RaftClientReply:client-D5CE890D7D9E->efcb8ff8-f060-4d95-9215-d0f5eb4af037@group-0959F8DF43ED, cid=3032, SUCCESS, logIndex=4564, commits[efcb8ff8-f060-4d95-9215-d0f5eb4af037:c4566, 6fae8b02-e804-4c0e-b729-a97b7404b7f6:c4562, 4c3e8a66-6975-4917-8225-d3efe707aaff:c4562]
2019-09-04 11:46:32,705 [grpc-default-executor-5] INFO  client.GrpcClientProtocolClient (GrpcClientProtocolClient.java:onNext(255)) - client-D5CE890D7D9E->efcb8ff8-f060-4d95-9215-d0f5eb4af037: receive RaftClientReply:client-D5CE890D7D9E->efcb8ff8-f060-4d95-9215-d0f5eb4af037@group-0959F8DF43ED, cid=3033, SUCCESS, logIndex=4565, commits[efcb8ff8-f060-4d95-9215-d0f5eb4af037:c4566, 6fae8b02-e804-4c0e-b729-a97b7404b7f6:c4562, 4c3e8a66-6975-4917-8225-d3efe707aaff:c4562]
2019-09-04 11:46:32,705 [grpc-default-executor-5] INFO  client.GrpcClientProtocolClient (GrpcClientProtocolClient.java:onNext(255)) - client-D5CE890D7D9E->efcb8ff8-f060-4d95-9215-d0f5eb4af037: receive RaftClientReply:client-D5CE890D7D9E->efcb8ff8-f060-4d95-9215-d0f5eb4af037@group-0959F8DF43ED, cid=3034, SUCCESS, logIndex=4566, commits[efcb8ff8-f060-4d95-9215-d0f5eb4af037:c4566, 6fae8b02-e804-4c0e-b729-a97b7404b7f6:c4562, 4c3e8a66-6975-4917-8225-d3efe707aaff:c4562]
2019-09-04 11:46:32,707 | INFO  | SCMAudit | user=jenkins1000 | ip=192.168.36.67 | op=SEND_HEARTBEAT {datanodeUUID=b68b188c-7f38-42ae-8403-46a39acd0731, command=[]} | ret=SUCCESS |  
2019-09-04 11:46:32,713 | INFO  | DNAudit | user=null | ip=null | op=WRITE_CHUNK {blockData=conID: 1 locID: 102734075832763015 bcsId: 0} | ret=SUCCESS |  
2019-09-04 11:46:32,713 | INFO  | DNAudit | user=null | ip=null | op=WRITE_CHUNK {blockData=conID: 1 locID: 102734075832763015 bcsId: 0} | ret=SUCCESS |  
2019-09-04 11:46:32,713 | INFO  | DNAudit | user=null | ip=null | op=PUT_BLOCK {blockData=[blockId=conID: 1 locID: 102734075832763015 bcsId: 0,size=1048576]} | ret=SUCCESS |  
2019-09-04 11:46:32,714 | INFO  | DNAudit | user=null | ip=null | op=WRITE_CHUNK {blockData=conID: 1 locID: 102734075832763015 bcsId: 0} | ret=SUCCESS |  
2019-09-04 11:46:32,714 | INFO  | DNAudit | user=null | ip=null | op=PUT_BLOCK {blockData=[blockId=conID: 1 locID: 102734075832763015 bcsId: 0,size=1048576]} | ret=SUCCESS |  
2019-09-04 11:46:32,714 | INFO  | DNAudit | user=null | ip=null | op=WRITE_CHUNK {blockData=conID: 1 locID: 102734075832763015 bcsId: 0} | ret=SUCCESS |  
2019-09-04 11:46:32,715 | INFO  | DNAudit | user=null | ip=null | op=PUT_BLOCK {blockData=[blockId=conID: 1 locID: 102734075832763015 bcsId: 0,size=2097152]} | ret=SUCCESS |  
2019-09-04 11:46:32,715 | INFO  | DNAudit | user=null | ip=null | op=PUT_BLOCK {blockData=[blockId=conID: 1 locID: 102734075832763015 bcsId: 0,size=2097152]} | ret=SUCCESS |  
2019-09-04 11:46:32,715 [grpc-default-executor-5] INFO  client.GrpcClientProtocolClient (GrpcClientProtocolClient.java:onNext(255)) - client-D5CE890D7D9E->efcb8ff8-f060-4d95-9215-d0f5eb4af037: receive RaftClientReply:client-D5CE890D7D9E->efcb8ff8-f060-4d95-9215-d0f5eb4af037@group-0959F8DF43ED, cid=3035, SUCCESS, logIndex=0, commits[efcb8ff8-f060-4d95-9215-d0f5eb4af037:c4569, 6fae8b02-e804-4c0e-b729-a97b7404b7f6:c4564, 4c3e8a66-6975-4917-8225-d3efe707aaff:c4565]
2019-09-04 11:46:32,721 | INFO  | DNAudit | user=null | ip=null | op=WRITE_CHUNK {blockData=conID: 1 locID: 102734075832763015 bcsId: 4566} | ret=SUCCESS |  
2019-09-04 11:46:32,723 | INFO  | DNAudit | user=null | ip=null | op=WRITE_CHUNK {blockData=conID: 1 locID: 102734075832763015 bcsId: 4566} | ret=SUCCESS |  
2019-09-04 11:46:32,723 | INFO  | DNAudit | user=null | ip=null | op=WRITE_CHUNK {blockData=conID: 1 locID: 102734075832763015 bcsId: 4566} | ret=SUCCESS |  
2019-09-04 11:46:32,726 | INFO  | DNAudit | user=null | ip=null | op=WRITE_CHUNK {blockData=conID: 1 locID: 102734075832763015 bcsId: 4566} | ret=SUCCESS |  
2019-09-04 11:46:32,726 | INFO  | DNAudit | user=null | ip=null | op=PUT_BLOCK {blockData=[blockId=conID: 1 locID: 102734075832763015 bcsId: 0,size=3145728]} | ret=SUCCESS |  
2019-09-04 11:46:32,726 [grpc-default-executor-6] INFO  client.GrpcClientProtocolClient (GrpcClientProtocolClient.java:onNext(255)) - client-D5CE890D7D9E->efcb8ff8-f060-4d95-9215-d0f5eb4af037: receive RaftClientReply:client-D5CE890D7D9E->efcb8ff8-f060-4d95-9215-d0f5eb4af037@group-0959F8DF43ED, cid=3036, SUCCESS, logIndex=4571, commits[efcb8ff8-f060-4d95-9215-d0f5eb4af037:c4572, 6fae8b02-e804-4c0e-b729-a97b7404b7f6:c4570, 4c3e8a66-6975-4917-8225-d3efe707aaff:c4570]
2019-09-04 11:46:32,727 [grpc-default-executor-6] INFO  client.GrpcClientProtocolClient (GrpcClientProtocolClient.java:onNext(255)) - client-D5CE890D7D9E->efcb8ff8-f060-4d95-9215-d0f5eb4af037: receive RaftClientReply:client-D5CE890D7D9E->efcb8ff8-f060-4d95-9215-d0f5eb4af037@group-0959F8DF43ED, cid=3037, SUCCESS, logIndex=4572, commits[efcb8ff8-f060-4d95-9215-d0f5eb4af037:c4572, 6fae8b02-e804-4c0e-b729-a97b7404b7f6:c4570, 4c3e8a66-6975-4917-8225-d3efe707aaff:c4570]
2019-09-04 11:46:32,732 | INFO  | DNAudit | user=null | ip=null | op=WRITE_CHUNK {blockData=conID: 1 locID: 102734075832763015 bcsId: 4572} | ret=SUCCESS |  
2019-09-04 11:46:32,733 | INFO  | DNAudit | user=null | ip=null | op=WRITE_CHUNK {blockData=conID: 1 locID: 102734075832763015 bcsId: 4566} | ret=SUCCESS |  
2019-09-04 11:46:32,734 | INFO  | DNAudit | user=null | ip=null | op=WRITE_CHUNK {blockData=conID: 1 locID: 102734075832763015 bcsId: 4566} | ret=SUCCESS |  
2019-09-04 11:46:32,734 | INFO  | DNAudit | user=null | ip=null | op=WRITE_CHUNK {blockData=conID: 1 locID: 102734075832763015 bcsId: 4572} | ret=SUCCESS |  
2019-09-04 11:46:32,734 | INFO  | DNAudit | user=null | ip=null | op=WRITE_CHUNK {blockData=conID: 1 locID: 102734075832763015 bcsId: 4572} | ret=SUCCESS |  
2019-09-04 11:46:32,737 | INFO  | SCMAudit | user=jenkins1000 | ip=192.168.36.67 | op=SEND_HEARTBEAT {datanodeUUID=4c3e8a66-6975-4917-8225-d3efe707aaff, command=[]} | ret=SUCCESS |  
2019-09-04 11:46:32,737 | INFO  | SCMAudit | user=jenkins1000 | ip=192.168.36.67 | op=SEND_HEARTBEAT {datanodeUUID=6fae8b02-e804-4c0e-b729-a97b7404b7f6, command=[]} | ret=SUCCESS |  
2019-09-04 11:46:32,740 | INFO  | SCMAudit | user=jenkins1000 | ip=192.168.36.67 | op=SEND_HEARTBEAT {datanodeUUID=0b776101-1d39-4f23-96c0-6a8ead31197c, command=[]} | ret=SUCCESS |  
2019-09-04 11:46:32,745 | INFO  | DNAudit | user=null | ip=null | op=PUT_BLOCK {blockData=[blockId=conID: 1 locID: 102734075832763015 bcsId: 0,size=3145728]} | ret=SUCCESS |  
2019-09-04 11:46:32,745 | INFO  | SCMAudit | user=jenkins1000 | ip=192.168.36.67 | op=SEND_HEARTBEAT {datanodeUUID=efcb8ff8-f060-4d95-9215-d0f5eb4af037, command=[]} | ret=SUCCESS |  
2019-09-04 11:46:32,745 | INFO  | DNAudit | user=null | ip=null | op=WRITE_CHUNK {blockData=conID: 1 locID: 102734075832763015 bcsId: 4572} | ret=SUCCESS |  
2019-09-04 11:46:32,745 | INFO  | DNAudit | user=null | ip=null | op=PUT_BLOCK {blockData=[blockId=conID: 1 locID: 102734075832763015 bcsId: 0,size=3145728]} | ret=SUCCESS |  
2019-09-04 11:46:32,746 | INFO  | DNAudit | user=null | ip=null | op=PUT_BLOCK {blockData=[blockId=conID: 1 locID: 102734075832763015 bcsId: 0,size=4194304]} | ret=SUCCESS |  
2019-09-04 11:46:32,746 [grpc-default-executor-5] INFO  client.GrpcClientProtocolClient (GrpcClientProtocolClient.java:onNext(255)) - client-D5CE890D7D9E->efcb8ff8-f060-4d95-9215-d0f5eb4af037: receive RaftClientReply:client-D5CE890D7D9E->efcb8ff8-f060-4d95-9215-d0f5eb4af037@group-0959F8DF43ED, cid=3038, SUCCESS, logIndex=4575, commits[efcb8ff8-f060-4d95-9215-d0f5eb4af037:c4576, 6fae8b02-e804-4c0e-b729-a97b7404b7f6:c4572, 4c3e8a66-6975-4917-8225-d3efe707aaff:c4572]
2019-09-04 11:46:32,746 [grpc-default-executor-5] INFO  client.GrpcClientProtocolClient (GrpcClientProtocolClient.java:onNext(255)) - client-D5CE890D7D9E->efcb8ff8-f060-4d95-9215-d0f5eb4af037: receive RaftClientReply:client-D5CE890D7D9E->efcb8ff8-f060-4d95-9215-d0f5eb4af037@group-0959F8DF43ED, cid=3039, SUCCESS, logIndex=4576, commits[efcb8ff8-f060-4d95-9215-d0f5eb4af037:c4576, 6fae8b02-e804-4c0e-b729-a97b7404b7f6:c4572, 4c3e8a66-6975-4917-8225-d3efe707aaff:c4572]
2019-09-04 11:46:32,755 | INFO  | DNAudit | user=null | ip=null | op=WRITE_CHUNK {blockData=conID: 1 locID: 102734075832763015 bcsId: 4572} | ret=SUCCESS |  
2019-09-04 11:46:32,755 | INFO  | DNAudit | user=null | ip=null | op=WRITE_CHUNK {blockData=conID: 1 locID: 102734075832763015 bcsId: 4572} | ret=SUCCESS |  
2019-09-04 11:46:32,755 | INFO  | DNAudit | user=null | ip=null | op=PUT_BLOCK {blockData=[blockId=conID: 1 locID: 102734075832763015 bcsId: 0,size=4194304]} | ret=SUCCESS |  
2019-09-04 11:46:32,755 | INFO  | DNAudit | user=null | ip=null | op=PUT_BLOCK {blockData=[blockId=conID: 1 locID: 102734075832763015 bcsId: 0,size=4194304]} | ret=SUCCESS |  
2019-09-04 11:46:32,755 [grpc-default-executor-5] INFO  client.GrpcClientProtocolClient (GrpcClientProtocolClient.java:onNext(255)) - client-D5CE890D7D9E->efcb8ff8-f060-4d95-9215-d0f5eb4af037: receive RaftClientReply:client-D5CE890D7D9E->efcb8ff8-f060-4d95-9215-d0f5eb4af037@group-0959F8DF43ED, cid=3040, SUCCESS, logIndex=0, commits[efcb8ff8-f060-4d95-9215-d0f5eb4af037:c4577, 6fae8b02-e804-4c0e-b729-a97b7404b7f6:c4576, 4c3e8a66-6975-4917-8225-d3efe707aaff:c4576]
2019-09-04 11:46:32,760 | INFO  | SCMAudit | user=jenkins1000 | ip=192.168.36.67 | op=ALLOCATE_BLOCK {owner=8ab292a2-aaa7-4ad8-863a-d33994811155, size=4194304, type=RATIS, factor=THREE} | ret=SUCCESS |  
2019-09-04 11:46:32,763 | INFO  | OMAudit | user=jenkins1000 | ip=127.0.0.1 | op=ALLOCATE_BLOCK {volume=vol-0-58699, bucket=bucket-0-57464, key=key-0-37266, dataSize=0, replicationType=null, replicationFactor=null, keyLocationInfo=null, clientID=102734073355960722} | ret=SUCCESS |  
2019-09-04 11:46:32,906 | INFO  | DNAudit | user=null | ip=null | op=WRITE_CHUNK {blockData=conID: 2 locID: 102734075839120008 bcsId: 0} | ret=SUCCESS |  
2019-09-04 11:46:32,909 | INFO  | DNAudit | user=null | ip=null | op=WRITE_CHUNK {blockData=conID: 2 locID: 102734075839120008 bcsId: 0} | ret=SUCCESS |  
2019-09-04 11:46:32,909 | INFO  | DNAudit | user=null | ip=null | op=WRITE_CHUNK {blockData=conID: 2 locID: 102734075839120008 bcsId: 0} | ret=SUCCESS |  
2019-09-04 11:46:32,910 | INFO  | DNAudit | user=null | ip=null | op=WRITE_CHUNK {blockData=conID: 2 locID: 102734075839120008 bcsId: 0} | ret=SUCCESS |  
2019-09-04 11:46:32,911 | INFO  | DNAudit | user=null | ip=null | op=WRITE_CHUNK {blockData=conID: 2 locID: 102734075839120008 bcsId: 0} | ret=SUCCESS |  
2019-09-04 11:46:32,911 | INFO  | DNAudit | user=null | ip=null | op=WRITE_CHUNK {blockData=conID: 2 locID: 102734075839120008 bcsId: 0} | ret=SUCCESS |  
2019-09-04 11:46:32,941 | INFO  | DNAudit | user=null | ip=null | op=WRITE_CHUNK {blockData=conID: 2 locID: 102734075839120008 bcsId: 0} | ret=SUCCESS |  
2019-09-04 11:46:32,941 | INFO  | DNAudit | user=null | ip=null | op=PUT_BLOCK {blockData=[blockId=conID: 2 locID: 102734075839120008 bcsId: 0,size=1048576]} | ret=SUCCESS |  
2019-09-04 11:46:32,941 [grpc-default-executor-6] INFO  client.GrpcClientProtocolClient (GrpcClientProtocolClient.java:onNext(255)) - client-D5CE890D7D9E->efcb8ff8-f060-4d95-9215-d0f5eb4af037: receive RaftClientReply:client-D5CE890D7D9E->efcb8ff8-f060-4d95-9215-d0f5eb4af037@group-0959F8DF43ED, cid=3041, SUCCESS, logIndex=4579, commits[efcb8ff8-f060-4d95-9215-d0f5eb4af037:c4580, 6fae8b02-e804-4c0e-b729-a97b7404b7f6:c4578, 4c3e8a66-6975-4917-8225-d3efe707aaff:c4578]
2019-09-04 11:46:32,942 [grpc-default-executor-6] INFO  client.GrpcClientProtocolClient (GrpcClientProtocolClient.java:onNext(255)) - client-D5CE890D7D9E->efcb8ff8-f060-4d95-9215-d0f5eb4af037: receive RaftClientReply:client-D5CE890D7D9E->efcb8ff8-f060-4d95-9215-d0f5eb4af037@group-0959F8DF43ED, cid=3042, SUCCESS, logIndex=4580, commits[efcb8ff8-f060-4d95-9215-d0f5eb4af037:c4580, 6fae8b02-e804-4c0e-b729-a97b7404b7f6:c4578, 4c3e8a66-6975-4917-8225-d3efe707aaff:c4578]
2019-09-04 11:46:32,970 | INFO  | DNAudit | user=null | ip=null | op=WRITE_CHUNK {blockData=conID: 2 locID: 102734075839120008 bcsId: 0} | ret=SUCCESS |  
2019-09-04 11:46:32,971 | INFO  | DNAudit | user=null | ip=null | op=PUT_BLOCK {blockData=[blockId=conID: 2 locID: 102734075839120008 bcsId: 0,size=2097152]} | ret=SUCCESS |  
2019-09-04 11:46:32,971 [grpc-default-executor-0] INFO  client.GrpcClientProtocolClient (GrpcClientProtocolClient.java:onNext(255)) - client-D5CE890D7D9E->efcb8ff8-f060-4d95-9215-d0f5eb4af037: receive RaftClientReply:client-D5CE890D7D9E->efcb8ff8-f060-4d95-9215-d0f5eb4af037@group-0959F8DF43ED, cid=3043, SUCCESS, logIndex=4581, commits[efcb8ff8-f060-4d95-9215-d0f5eb4af037:c4582, 6fae8b02-e804-4c0e-b729-a97b7404b7f6:c4578, 4c3e8a66-6975-4917-8225-d3efe707aaff:c4578]
2019-09-04 11:46:32,971 [grpc-default-executor-0] INFO  client.GrpcClientProtocolClient (GrpcClientProtocolClient.java:onNext(255)) - client-D5CE890D7D9E->efcb8ff8-f060-4d95-9215-d0f5eb4af037: receive RaftClientReply:client-D5CE890D7D9E->efcb8ff8-f060-4d95-9215-d0f5eb4af037@group-0959F8DF43ED, cid=3044, SUCCESS, logIndex=4582, commits[efcb8ff8-f060-4d95-9215-d0f5eb4af037:c4582, 6fae8b02-e804-4c0e-b729-a97b7404b7f6:c4578, 4c3e8a66-6975-4917-8225-d3efe707aaff:c4578]
2019-09-04 11:46:32,988 | INFO  | DNAudit | user=null | ip=null | op=WRITE_CHUNK {blockData=conID: 2 locID: 102734075839120008 bcsId: 0} | ret=SUCCESS |  
2019-09-04 11:46:32,988 | INFO  | DNAudit | user=null | ip=null | op=PUT_BLOCK {blockData=[blockId=conID: 2 locID: 102734075839120008 bcsId: 0,size=1048576]} | ret=SUCCESS |  
2019-09-04 11:46:32,988 | INFO  | DNAudit | user=null | ip=null | op=WRITE_CHUNK {blockData=conID: 2 locID: 102734075839120008 bcsId: 0} | ret=SUCCESS |  
2019-09-04 11:46:32,988 | INFO  | DNAudit | user=null | ip=null | op=PUT_BLOCK {blockData=[blockId=conID: 2 locID: 102734075839120008 bcsId: 0,size=1048576]} | ret=SUCCESS |  
2019-09-04 11:46:32,989 | INFO  | DNAudit | user=null | ip=null | op=WRITE_CHUNK {blockData=conID: 2 locID: 102734075839120008 bcsId: 0} | ret=SUCCESS |  
2019-09-04 11:46:32,989 | INFO  | DNAudit | user=null | ip=null | op=PUT_BLOCK {blockData=[blockId=conID: 2 locID: 102734075839120008 bcsId: 0,size=2097152]} | ret=SUCCESS |  
2019-09-04 11:46:32,989 [grpc-default-executor-6] INFO  client.GrpcClientProtocolClient (GrpcClientProtocolClient.java:onNext(255)) - client-D5CE890D7D9E->efcb8ff8-f060-4d95-9215-d0f5eb4af037: receive RaftClientReply:client-D5CE890D7D9E->efcb8ff8-f060-4d95-9215-d0f5eb4af037@group-0959F8DF43ED, cid=3045, SUCCESS, logIndex=0, commits[efcb8ff8-f060-4d95-9215-d0f5eb4af037:c4584, 6fae8b02-e804-4c0e-b729-a97b7404b7f6:c4580, 4c3e8a66-6975-4917-8225-d3efe707aaff:c4580]
2019-09-04 11:46:32,997 | INFO  | DNAudit | user=null | ip=null | op=WRITE_CHUNK {blockData=conID: 2 locID: 102734075839120008 bcsId: 4582} | ret=SUCCESS |  
2019-09-04 11:46:33,000 | INFO  | DNAudit | user=null | ip=null | op=WRITE_CHUNK {blockData=conID: 2 locID: 102734075839120008 bcsId: 4582} | ret=SUCCESS |  
2019-09-04 11:46:33,000 | INFO  | DNAudit | user=null | ip=null | op=WRITE_CHUNK {blockData=conID: 2 locID: 102734075839120008 bcsId: 4582} | ret=SUCCESS |  
2019-09-04 11:46:33,012 | INFO  | DNAudit | user=null | ip=null | op=WRITE_CHUNK {blockData=conID: 2 locID: 102734075839120008 bcsId: 0} | ret=SUCCESS |  
2019-09-04 11:46:33,012 | INFO  | DNAudit | user=null | ip=null | op=PUT_BLOCK {blockData=[blockId=conID: 2 locID: 102734075839120008 bcsId: 0,size=2097152]} | ret=SUCCESS |  
2019-09-04 11:46:33,013 | INFO  | DNAudit | user=null | ip=null | op=WRITE_CHUNK {blockData=conID: 2 locID: 102734075839120008 bcsId: 4582} | ret=SUCCESS |  
2019-09-04 11:46:33,013 | INFO  | DNAudit | user=null | ip=null | op=PUT_BLOCK {blockData=[blockId=conID: 2 locID: 102734075839120008 bcsId: 0,size=3145728]} | ret=SUCCESS |  
2019-09-04 11:46:33,013 [grpc-default-executor-6] INFO  client.GrpcClientProtocolClient (GrpcClientProtocolClient.java:onNext(255)) - client-D5CE890D7D9E->efcb8ff8-f060-4d95-9215-d0f5eb4af037: receive RaftClientReply:client-D5CE890D7D9E->efcb8ff8-f060-4d95-9215-d0f5eb4af037@group-0959F8DF43ED, cid=3046, SUCCESS, logIndex=4587, commits[efcb8ff8-f060-4d95-9215-d0f5eb4af037:c4588, 6fae8b02-e804-4c0e-b729-a97b7404b7f6:c4582, 4c3e8a66-6975-4917-8225-d3efe707aaff:c4586]
2019-09-04 11:46:33,014 [grpc-default-executor-6] INFO  client.GrpcClientProtocolClient (GrpcClientProtocolClient.java:onNext(255)) - client-D5CE890D7D9E->efcb8ff8-f060-4d95-9215-d0f5eb4af037: receive RaftClientReply:client-D5CE890D7D9E->efcb8ff8-f060-4d95-9215-d0f5eb4af037@group-0959F8DF43ED, cid=3047, SUCCESS, logIndex=4588, commits[efcb8ff8-f060-4d95-9215-d0f5eb4af037:c4588, 6fae8b02-e804-4c0e-b729-a97b7404b7f6:c4582, 4c3e8a66-6975-4917-8225-d3efe707aaff:c4586]
2019-09-04 11:46:33,020 | INFO  | DNAudit | user=null | ip=null | op=WRITE_CHUNK {blockData=conID: 2 locID: 102734075839120008 bcsId: 4588} | ret=SUCCESS |  
2019-09-04 11:46:33,021 | INFO  | DNAudit | user=null | ip=null | op=WRITE_CHUNK {blockData=conID: 2 locID: 102734075839120008 bcsId: 4588} | ret=SUCCESS |  
2019-09-04 11:46:33,022 | INFO  | DNAudit | user=null | ip=null | op=WRITE_CHUNK {blockData=conID: 2 locID: 102734075839120008 bcsId: 4588} | ret=SUCCESS |  
2019-09-04 11:46:33,025 | INFO  | DNAudit | user=null | ip=null | op=WRITE_CHUNK {blockData=conID: 2 locID: 102734075839120008 bcsId: 4582} | ret=SUCCESS |  
2019-09-04 11:46:33,025 | INFO  | DNAudit | user=null | ip=null | op=PUT_BLOCK {blockData=[blockId=conID: 2 locID: 102734075839120008 bcsId: 0,size=3145728]} | ret=SUCCESS |  
2019-09-04 11:46:33,033 | INFO  | DNAudit | user=null | ip=null | op=WRITE_CHUNK {blockData=conID: 2 locID: 102734075839120008 bcsId: 4582} | ret=SUCCESS |  
2019-09-04 11:46:33,033 | INFO  | DNAudit | user=null | ip=null | op=PUT_BLOCK {blockData=[blockId=conID: 2 locID: 102734075839120008 bcsId: 0,size=3145728]} | ret=SUCCESS |  
2019-09-04 11:46:33,033 | INFO  | DNAudit | user=null | ip=null | op=WRITE_CHUNK {blockData=conID: 2 locID: 102734075839120008 bcsId: 4588} | ret=SUCCESS |  
2019-09-04 11:46:33,034 | INFO  | DNAudit | user=null | ip=null | op=PUT_BLOCK {blockData=[blockId=conID: 2 locID: 102734075839120008 bcsId: 0,size=4194304]} | ret=SUCCESS |  
2019-09-04 11:46:33,034 [grpc-default-executor-0] INFO  client.GrpcClientProtocolClient (GrpcClientProtocolClient.java:onNext(255)) - client-D5CE890D7D9E->efcb8ff8-f060-4d95-9215-d0f5eb4af037: receive RaftClientReply:client-D5CE890D7D9E->efcb8ff8-f060-4d95-9215-d0f5eb4af037@group-0959F8DF43ED, cid=3048, SUCCESS, logIndex=4591, commits[efcb8ff8-f060-4d95-9215-d0f5eb4af037:c4592, 6fae8b02-e804-4c0e-b729-a97b7404b7f6:c4588, 4c3e8a66-6975-4917-8225-d3efe707aaff:c4588]
2019-09-04 11:46:33,034 [grpc-default-executor-0] INFO  client.GrpcClientProtocolClient (GrpcClientProtocolClient.java:onNext(255)) - client-D5CE890D7D9E->efcb8ff8-f060-4d95-9215-d0f5eb4af037: receive RaftClientReply:client-D5CE890D7D9E->efcb8ff8-f060-4d95-9215-d0f5eb4af037@group-0959F8DF43ED, cid=3049, SUCCESS, logIndex=4592, commits[efcb8ff8-f060-4d95-9215-d0f5eb4af037:c4592, 6fae8b02-e804-4c0e-b729-a97b7404b7f6:c4588, 4c3e8a66-6975-4917-8225-d3efe707aaff:c4588]
2019-09-04 11:46:33,044 | INFO  | DNAudit | user=null | ip=null | op=WRITE_CHUNK {blockData=conID: 2 locID: 102734075839120008 bcsId: 4588} | ret=SUCCESS |  
2019-09-04 11:46:33,044 | INFO  | DNAudit | user=null | ip=null | op=WRITE_CHUNK {blockData=conID: 2 locID: 102734075839120008 bcsId: 4588} | ret=SUCCESS |  
2019-09-04 11:46:33,045 | INFO  | DNAudit | user=null | ip=null | op=PUT_BLOCK {blockData=[blockId=conID: 2 locID: 102734075839120008 bcsId: 0,size=4194304]} | ret=SUCCESS |  
2019-09-04 11:46:33,045 | INFO  | DNAudit | user=null | ip=null | op=PUT_BLOCK {blockData=[blockId=conID: 2 locID: 102734075839120008 bcsId: 0,size=4194304]} | ret=SUCCESS |  
2019-09-04 11:46:33,045 [grpc-default-executor-5] INFO  client.GrpcClientProtocolClient (GrpcClientProtocolClient.java:onNext(255)) - client-D5CE890D7D9E->efcb8ff8-f060-4d95-9215-d0f5eb4af037: receive RaftClientReply:client-D5CE890D7D9E->efcb8ff8-f060-4d95-9215-d0f5eb4af037@group-0959F8DF43ED, cid=3050, SUCCESS, logIndex=0, commits[efcb8ff8-f060-4d95-9215-d0f5eb4af037:c4593, 6fae8b02-e804-4c0e-b729-a97b7404b7f6:c4592, 4c3e8a66-6975-4917-8225-d3efe707aaff:c4592]
2019-09-04 11:46:33,050 | INFO  | SCMAudit | user=jenkins1000 | ip=192.168.36.67 | op=ALLOCATE_BLOCK {owner=8ab292a2-aaa7-4ad8-863a-d33994811155, size=4194304, type=RATIS, factor=THREE} | ret=SUCCESS |  
 0.00% |█                                                                                                    |  0/1 Time: 0:00:382019-09-04 11:46:33,055 | INFO  | OMAudit | user=jenkins1000 | ip=127.0.0.1 | op=ALLOCATE_BLOCK {volume=vol-0-58699, bucket=bucket-0-57464, key=key-0-37266, dataSize=0, replicationType=null, replicationFactor=null, keyLocationInfo=null, clientID=102734073355960722} | ret=SUCCESS |  
2019-09-04 11:46:33,062 | INFO  | DNAudit | user=null | ip=null | op=WRITE_CHUNK {blockData=conID: 3 locID: 102734075858125449 bcsId: 0} | ret=SUCCESS |  
2019-09-04 11:46:33,065 | INFO  | DNAudit | user=null | ip=null | op=WRITE_CHUNK {blockData=conID: 3 locID: 102734075858125449 bcsId: 0} | ret=SUCCESS |  
2019-09-04 11:46:33,065 | INFO  | DNAudit | user=null | ip=null | op=WRITE_CHUNK {blockData=conID: 3 locID: 102734075858125449 bcsId: 0} | ret=SUCCESS |  
2019-09-04 11:46:33,067 | INFO  | DNAudit | user=null | ip=null | op=WRITE_CHUNK {blockData=conID: 3 locID: 102734075858125449 bcsId: 0} | ret=SUCCESS |  
2019-09-04 11:46:33,069 | INFO  | DNAudit | user=null | ip=null | op=WRITE_CHUNK {blockData=conID: 3 locID: 102734075858125449 bcsId: 0} | ret=SUCCESS |  
2019-09-04 11:46:33,070 | INFO  | DNAudit | user=null | ip=null | op=PUT_BLOCK {blockData=[blockId=conID: 3 locID: 102734075858125449 bcsId: 0,size=1048576]} | ret=SUCCESS |  
2019-09-04 11:46:33,070 | INFO  | DNAudit | user=null | ip=null | op=WRITE_CHUNK {blockData=conID: 3 locID: 102734075858125449 bcsId: 0} | ret=SUCCESS |  
2019-09-04 11:46:33,070 [grpc-default-executor-5] INFO  client.GrpcClientProtocolClient (GrpcClientProtocolClient.java:onNext(255)) - client-D5CE890D7D9E->efcb8ff8-f060-4d95-9215-d0f5eb4af037: receive RaftClientReply:client-D5CE890D7D9E->efcb8ff8-f060-4d95-9215-d0f5eb4af037@group-0959F8DF43ED, cid=3051, SUCCESS, logIndex=4595, commits[efcb8ff8-f060-4d95-9215-d0f5eb4af037:c4596, 6fae8b02-e804-4c0e-b729-a97b7404b7f6:c4594, 4c3e8a66-6975-4917-8225-d3efe707aaff:c4594]
2019-09-04 11:46:33,070 | INFO  | DNAudit | user=null | ip=null | op=WRITE_CHUNK {blockData=conID: 3 locID: 102734075858125449 bcsId: 0} | ret=SUCCESS |  
2019-09-04 11:46:33,070 [grpc-default-executor-5] INFO  client.GrpcClientProtocolClient (GrpcClientProtocolClient.java:onNext(255)) - client-D5CE890D7D9E->efcb8ff8-f060-4d95-9215-d0f5eb4af037: receive RaftClientReply:client-D5CE890D7D9E->efcb8ff8-f060-4d95-9215-d0f5eb4af037@group-0959F8DF43ED, cid=3052, SUCCESS, logIndex=4596, commits[efcb8ff8-f060-4d95-9215-d0f5eb4af037:c4596, 6fae8b02-e804-4c0e-b729-a97b7404b7f6:c4594, 4c3e8a66-6975-4917-8225-d3efe707aaff:c4594]
2019-09-04 11:46:33,088 | INFO  | DNAudit | user=null | ip=null | op=WRITE_CHUNK {blockData=conID: 3 locID: 102734075858125449 bcsId: 0} | ret=SUCCESS |  
2019-09-04 11:46:33,088 | INFO  | DNAudit | user=null | ip=null | op=WRITE_CHUNK {blockData=conID: 3 locID: 102734075858125449 bcsId: 0} | ret=SUCCESS |  
2019-09-04 11:46:33,088 | INFO  | DNAudit | user=null | ip=null | op=WRITE_CHUNK {blockData=conID: 3 locID: 102734075858125449 bcsId: 0} | ret=SUCCESS |  
2019-09-04 11:46:33,089 | INFO  | DNAudit | user=null | ip=null | op=PUT_BLOCK {blockData=[blockId=conID: 3 locID: 102734075858125449 bcsId: 0,size=1048576]} | ret=SUCCESS |  
2019-09-04 11:46:33,089 | INFO  | DNAudit | user=null | ip=null | op=PUT_BLOCK {blockData=[blockId=conID: 3 locID: 102734075858125449 bcsId: 0,size=2097152]} | ret=SUCCESS |  
2019-09-04 11:46:33,089 [grpc-default-executor-5] INFO  client.GrpcClientProtocolClient (GrpcClientProtocolClient.java:onNext(255)) - client-D5CE890D7D9E->efcb8ff8-f060-4d95-9215-d0f5eb4af037: receive RaftClientReply:client-D5CE890D7D9E->efcb8ff8-f060-4d95-9215-d0f5eb4af037@group-0959F8DF43ED, cid=3053, SUCCESS, logIndex=4597, commits[efcb8ff8-f060-4d95-9215-d0f5eb4af037:c4599, 6fae8b02-e804-4c0e-b729-a97b7404b7f6:c4595, 4c3e8a66-6975-4917-8225-d3efe707aaff:c4595]
2019-09-04 11:46:33,089 [grpc-default-executor-5] INFO  client.GrpcClientProtocolClient (GrpcClientProtocolClient.java:onNext(255)) - client-D5CE890D7D9E->efcb8ff8-f060-4d95-9215-d0f5eb4af037: receive RaftClientReply:client-D5CE890D7D9E->efcb8ff8-f060-4d95-9215-d0f5eb4af037@group-0959F8DF43ED, cid=3054, SUCCESS, logIndex=4598, commits[efcb8ff8-f060-4d95-9215-d0f5eb4af037:c4600, 6fae8b02-e804-4c0e-b729-a97b7404b7f6:c4595, 4c3e8a66-6975-4917-8225-d3efe707aaff:c4596]
2019-09-04 11:46:33,089 | INFO  | DNAudit | user=null | ip=null | op=PUT_BLOCK {blockData=[blockId=conID: 3 locID: 102734075858125449 bcsId: 0,size=1048576]} | ret=SUCCESS |  
2019-09-04 11:46:33,090 | INFO  | DNAudit | user=null | ip=null | op=WRITE_CHUNK {blockData=conID: 3 locID: 102734075858125449 bcsId: 0} | ret=SUCCESS |  
2019-09-04 11:46:33,090 [grpc-default-executor-5] INFO  client.GrpcClientProtocolClient (GrpcClientProtocolClient.java:onNext(255)) - client-D5CE890D7D9E->efcb8ff8-f060-4d95-9215-d0f5eb4af037: receive RaftClientReply:client-D5CE890D7D9E->efcb8ff8-f060-4d95-9215-d0f5eb4af037@group-0959F8DF43ED, cid=3055, SUCCESS, logIndex=0, commits[efcb8ff8-f060-4d95-9215-d0f5eb4af037:c4600, 6fae8b02-e804-4c0e-b729-a97b7404b7f6:c4596, 4c3e8a66-6975-4917-8225-d3efe707aaff:c4596]
2019-09-04 11:46:33,090 | INFO  | DNAudit | user=null | ip=null | op=PUT_BLOCK {blockData=[blockId=conID: 3 locID: 102734075858125449 bcsId: 0,size=2097152]} | ret=SUCCESS |  
2019-09-04 11:46:33,091 | INFO  | DNAudit | user=null | ip=null | op=WRITE_CHUNK {blockData=conID: 3 locID: 102734075858125449 bcsId: 0} | ret=SUCCESS |  
2019-09-04 11:46:33,091 | INFO  | DNAudit | user=null | ip=null | op=PUT_BLOCK {blockData=[blockId=conID: 3 locID: 102734075858125449 bcsId: 0,size=2097152]} | ret=SUCCESS |  
2019-09-04 11:46:33,096 | INFO  | DNAudit | user=null | ip=null | op=WRITE_CHUNK {blockData=conID: 3 locID: 102734075858125449 bcsId: 4598} | ret=SUCCESS |  
2019-09-04 11:46:33,098 | INFO  | DNAudit | user=null | ip=null | op=WRITE_CHUNK {blockData=conID: 3 locID: 102734075858125449 bcsId: 4598} | ret=SUCCESS |  
2019-09-04 11:46:33,099 | INFO  | DNAudit | user=null | ip=null | op=WRITE_CHUNK {blockData=conID: 3 locID: 102734075858125449 bcsId: 4598} | ret=SUCCESS |  
2019-09-04 11:46:33,103 | INFO  | DNAudit | user=null | ip=null | op=WRITE_CHUNK {blockData=conID: 3 locID: 102734075858125449 bcsId: 4598} | ret=SUCCESS |  
2019-09-04 11:46:33,103 | INFO  | DNAudit | user=null | ip=null | op=PUT_BLOCK {blockData=[blockId=conID: 3 locID: 102734075858125449 bcsId: 0,size=3145728]} | ret=SUCCESS |  
2019-09-04 11:46:33,103 [grpc-default-executor-6] INFO  client.GrpcClientProtocolClient (GrpcClientProtocolClient.java:onNext(255)) - client-D5CE890D7D9E->efcb8ff8-f060-4d95-9215-d0f5eb4af037: receive RaftClientReply:client-D5CE890D7D9E->efcb8ff8-f060-4d95-9215-d0f5eb4af037@group-0959F8DF43ED, cid=3056, SUCCESS, logIndex=4602, commits[efcb8ff8-f060-4d95-9215-d0f5eb4af037:c4603, 6fae8b02-e804-4c0e-b729-a97b7404b7f6:c4601, 4c3e8a66-6975-4917-8225-d3efe707aaff:c4601]
2019-09-04 11:46:33,103 [grpc-default-executor-6] INFO  client.GrpcClientProtocolClient (GrpcClientProtocolClient.java:onNext(255)) - client-D5CE890D7D9E->efcb8ff8-f060-4d95-9215-d0f5eb4af037: receive RaftClientReply:client-D5CE890D7D9E->efcb8ff8-f060-4d95-9215-d0f5eb4af037@group-0959F8DF43ED, cid=3057, SUCCESS, logIndex=4603, commits[efcb8ff8-f060-4d95-9215-d0f5eb4af037:c4603, 6fae8b02-e804-4c0e-b729-a97b7404b7f6:c4601, 4c3e8a66-6975-4917-8225-d3efe707aaff:c4601]
2019-09-04 11:46:33,110 | INFO  | DNAudit | user=null | ip=null | op=WRITE_CHUNK {blockData=conID: 3 locID: 102734075858125449 bcsId: 4603} | ret=SUCCESS |  
2019-09-04 11:46:33,112 | INFO  | DNAudit | user=null | ip=null | op=WRITE_CHUNK {blockData=conID: 3 locID: 102734075858125449 bcsId: 4603} | ret=SUCCESS |  
2019-09-04 11:46:33,112 | INFO  | DNAudit | user=null | ip=null | op=WRITE_CHUNK {blockData=conID: 3 locID: 102734075858125449 bcsId: 4603} | ret=SUCCESS |  
2019-09-04 11:46:33,114 | INFO  | DNAudit | user=null | ip=null | op=WRITE_CHUNK {blockData=conID: 3 locID: 102734075858125449 bcsId: 4598} | ret=SUCCESS |  
2019-09-04 11:46:33,114 | INFO  | DNAudit | user=null | ip=null | op=WRITE_CHUNK {blockData=conID: 3 locID: 102734075858125449 bcsId: 4598} | ret=SUCCESS |  
2019-09-04 11:46:33,115 | INFO  | DNAudit | user=null | ip=null | op=PUT_BLOCK {blockData=[blockId=conID: 3 locID: 102734075858125449 bcsId: 0,size=3145728]} | ret=SUCCESS |  
2019-09-04 11:46:33,115 | INFO  | DNAudit | user=null | ip=null | op=PUT_BLOCK {blockData=[blockId=conID: 3 locID: 102734075858125449 bcsId: 0,size=3145728]} | ret=SUCCESS |  
2019-09-04 11:46:33,116 | INFO  | DNAudit | user=null | ip=null | op=WRITE_CHUNK {blockData=conID: 3 locID: 102734075858125449 bcsId: 4603} | ret=SUCCESS |  
2019-09-04 11:46:33,116 | INFO  | DNAudit | user=null | ip=null | op=PUT_BLOCK {blockData=[blockId=conID: 3 locID: 102734075858125449 bcsId: 0,size=4194304]} | ret=SUCCESS |  
2019-09-04 11:46:33,117 [grpc-default-executor-6] INFO  client.GrpcClientProtocolClient (GrpcClientProtocolClient.java:onNext(255)) - client-D5CE890D7D9E->efcb8ff8-f060-4d95-9215-d0f5eb4af037: receive RaftClientReply:client-D5CE890D7D9E->efcb8ff8-f060-4d95-9215-d0f5eb4af037@group-0959F8DF43ED, cid=3058, SUCCESS, logIndex=4606, commits[efcb8ff8-f060-4d95-9215-d0f5eb4af037:c4607, 6fae8b02-e804-4c0e-b729-a97b7404b7f6:c4603, 4c3e8a66-6975-4917-8225-d3efe707aaff:c4603]
2019-09-04 11:46:33,117 [grpc-default-executor-6] INFO  client.GrpcClientProtocolClient (GrpcClientProtocolClient.java:onNext(255)) - client-D5CE890D7D9E->efcb8ff8-f060-4d95-9215-d0f5eb4af037: receive RaftClientReply:client-D5CE890D7D9E->efcb8ff8-f060-4d95-9215-d0f5eb4af037@group-0959F8DF43ED, cid=3059, SUCCESS, logIndex=4607, commits[efcb8ff8-f060-4d95-9215-d0f5eb4af037:c4607, 6fae8b02-e804-4c0e-b729-a97b7404b7f6:c4603, 4c3e8a66-6975-4917-8225-d3efe707aaff:c4603]
2019-09-04 11:46:33,123 | INFO  | DNAudit | user=null | ip=null | op=WRITE_CHUNK {blockData=conID: 3 locID: 102734075858125449 bcsId: 4603} | ret=SUCCESS |  
2019-09-04 11:46:33,123 | INFO  | DNAudit | user=null | ip=null | op=WRITE_CHUNK {blockData=conID: 3 locID: 102734075858125449 bcsId: 4603} | ret=SUCCESS |  
2019-09-04 11:46:33,124 | INFO  | DNAudit | user=null | ip=null | op=PUT_BLOCK {blockData=[blockId=conID: 3 locID: 102734075858125449 bcsId: 0,size=4194304]} | ret=SUCCESS |  
2019-09-04 11:46:33,124 | INFO  | DNAudit | user=null | ip=null | op=PUT_BLOCK {blockData=[blockId=conID: 3 locID: 102734075858125449 bcsId: 0,size=4194304]} | ret=SUCCESS |  
2019-09-04 11:46:33,125 [grpc-default-executor-6] INFO  client.GrpcClientProtocolClient (GrpcClientProtocolClient.java:onNext(255)) - client-D5CE890D7D9E->efcb8ff8-f060-4d95-9215-d0f5eb4af037: receive RaftClientReply:client-D5CE890D7D9E->efcb8ff8-f060-4d95-9215-d0f5eb4af037@group-0959F8DF43ED, cid=3060, SUCCESS, logIndex=0, commits[efcb8ff8-f060-4d95-9215-d0f5eb4af037:c4609, 6fae8b02-e804-4c0e-b729-a97b7404b7f6:c4607, 4c3e8a66-6975-4917-8225-d3efe707aaff:c4607]
2019-09-04 11:46:33,129 | INFO  | SCMAudit | user=jenkins1000 | ip=192.168.36.67 | op=ALLOCATE_BLOCK {owner=8ab292a2-aaa7-4ad8-863a-d33994811155, size=4194304, type=RATIS, factor=THREE} | ret=SUCCESS |  
2019-09-04 11:46:33,132 | INFO  | OMAudit | user=jenkins1000 | ip=127.0.0.1 | op=ALLOCATE_BLOCK {volume=vol-0-58699, bucket=bucket-0-57464, key=key-0-37266, dataSize=0, replicationType=null, replicationFactor=null, keyLocationInfo=null, clientID=102734073355960722} | ret=SUCCESS |  
2019-09-04 11:46:33,139 | INFO  | DNAudit | user=null | ip=null | op=WRITE_CHUNK {blockData=conID: 1 locID: 102734075863302794 bcsId: 0} | ret=SUCCESS |  
2019-09-04 11:46:33,142 | INFO  | DNAudit | user=null | ip=null | op=WRITE_CHUNK {blockData=conID: 1 locID: 102734075863302794 bcsId: 0} | ret=SUCCESS |  
2019-09-04 11:46:33,142 | INFO  | DNAudit | user=null | ip=null | op=WRITE_CHUNK {blockData=conID: 1 locID: 102734075863302794 bcsId: 0} | ret=SUCCESS |  
2019-09-04 11:46:33,142 | INFO  | DNAudit | user=null | ip=null | op=WRITE_CHUNK {blockData=conID: 1 locID: 102734075863302794 bcsId: 0} | ret=SUCCESS |  
2019-09-04 11:46:33,143 | INFO  | DNAudit | user=null | ip=null | op=WRITE_CHUNK {blockData=conID: 1 locID: 102734075863302794 bcsId: 0} | ret=SUCCESS |  
2019-09-04 11:46:33,144 | INFO  | DNAudit | user=null | ip=null | op=WRITE_CHUNK {blockData=conID: 1 locID: 102734075863302794 bcsId: 0} | ret=SUCCESS |  
2019-09-04 11:46:33,155 | INFO  | DNAudit | user=null | ip=null | op=WRITE_CHUNK {blockData=conID: 1 locID: 102734075863302794 bcsId: 0} | ret=SUCCESS |  
2019-09-04 11:46:33,156 | INFO  | DNAudit | user=null | ip=null | op=PUT_BLOCK {blockData=[blockId=conID: 1 locID: 102734075863302794 bcsId: 0,size=1048576]} | ret=SUCCESS |  
2019-09-04 11:46:33,156 | INFO  | DNAudit | user=null | ip=null | op=WRITE_CHUNK {blockData=conID: 1 locID: 102734075863302794 bcsId: 0} | ret=SUCCESS |  
2019-09-04 11:46:33,156 [grpc-default-executor-5] INFO  client.GrpcClientProtocolClient (GrpcClientProtocolClient.java:onNext(255)) - client-D5CE890D7D9E->efcb8ff8-f060-4d95-9215-d0f5eb4af037: receive RaftClientReply:client-D5CE890D7D9E->efcb8ff8-f060-4d95-9215-d0f5eb4af037@group-0959F8DF43ED, cid=3061, SUCCESS, logIndex=4610, commits[efcb8ff8-f060-4d95-9215-d0f5eb4af037:c4612, 6fae8b02-e804-4c0e-b729-a97b7404b7f6:c4609, 4c3e8a66-6975-4917-8225-d3efe707aaff:c4609]
2019-09-04 11:46:33,156 | INFO  | DNAudit | user=null | ip=null | op=PUT_BLOCK {blockData=[blockId=conID: 1 locID: 102734075863302794 bcsId: 0,size=2097152]} | ret=SUCCESS |  
2019-09-04 11:46:33,156 [grpc-default-executor-5] INFO  client.GrpcClientProtocolClient (GrpcClientProtocolClient.java:onNext(255)) - client-D5CE890D7D9E->efcb8ff8-f060-4d95-9215-d0f5eb4af037: receive RaftClientReply:client-D5CE890D7D9E->efcb8ff8-f060-4d95-9215-d0f5eb4af037@group-0959F8DF43ED, cid=3062, SUCCESS, logIndex=4611, commits[efcb8ff8-f060-4d95-9215-d0f5eb4af037:c4613, 6fae8b02-e804-4c0e-b729-a97b7404b7f6:c4609, 4c3e8a66-6975-4917-8225-d3efe707aaff:c4609]
2019-09-04 11:46:33,156 [grpc-default-executor-5] INFO  client.GrpcClientProtocolClient (GrpcClientProtocolClient.java:onNext(255)) - client-D5CE890D7D9E->efcb8ff8-f060-4d95-9215-d0f5eb4af037: receive RaftClientReply:client-D5CE890D7D9E->efcb8ff8-f060-4d95-9215-d0f5eb4af037@group-0959F8DF43ED, cid=3063, SUCCESS, logIndex=4612, commits[efcb8ff8-f060-4d95-9215-d0f5eb4af037:c4613, 6fae8b02-e804-4c0e-b729-a97b7404b7f6:c4609, 4c3e8a66-6975-4917-8225-d3efe707aaff:c4609]
2019-09-04 11:46:33,157 [grpc-default-executor-5] INFO  client.GrpcClientProtocolClient (GrpcClientProtocolClient.java:onNext(255)) - client-D5CE890D7D9E->efcb8ff8-f060-4d95-9215-d0f5eb4af037: receive RaftClientReply:client-D5CE890D7D9E->efcb8ff8-f060-4d95-9215-d0f5eb4af037@group-0959F8DF43ED, cid=3064, SUCCESS, logIndex=4613, commits[efcb8ff8-f060-4d95-9215-d0f5eb4af037:c4613, 6fae8b02-e804-4c0e-b729-a97b7404b7f6:c4609, 4c3e8a66-6975-4917-8225-d3efe707aaff:c4609]
2019-09-04 11:46:33,197 | INFO  | DNAudit | user=null | ip=null | op=WRITE_CHUNK {blockData=conID: 1 locID: 102734075863302794 bcsId: 0} | ret=SUCCESS |  
2019-09-04 11:46:33,198 | INFO  | DNAudit | user=null | ip=null | op=WRITE_CHUNK {blockData=conID: 1 locID: 102734075863302794 bcsId: 0} | ret=SUCCESS |  
2019-09-04 11:46:33,198 | INFO  | DNAudit | user=null | ip=null | op=PUT_BLOCK {blockData=[blockId=conID: 1 locID: 102734075863302794 bcsId: 0,size=1048576]} | ret=SUCCESS |  
2019-09-04 11:46:33,198 | INFO  | DNAudit | user=null | ip=null | op=PUT_BLOCK {blockData=[blockId=conID: 1 locID: 102734075863302794 bcsId: 0,size=1048576]} | ret=SUCCESS |  
2019-09-04 11:46:33,198 [grpc-default-executor-5] INFO  client.GrpcClientProtocolClient (GrpcClientProtocolClient.java:onNext(255)) - client-D5CE890D7D9E->efcb8ff8-f060-4d95-9215-d0f5eb4af037: receive RaftClientReply:client-D5CE890D7D9E->efcb8ff8-f060-4d95-9215-d0f5eb4af037@group-0959F8DF43ED, cid=3065, SUCCESS, logIndex=0, commits[efcb8ff8-f060-4d95-9215-d0f5eb4af037:c4613, 6fae8b02-e804-4c0e-b729-a97b7404b7f6:c4611, 4c3e8a66-6975-4917-8225-d3efe707aaff:c4611]
2019-09-04 11:46:33,198 | INFO  | DNAudit | user=null | ip=null | op=WRITE_CHUNK {blockData=conID: 1 locID: 102734075863302794 bcsId: 0} | ret=SUCCESS |  
2019-09-04 11:46:33,199 | INFO  | DNAudit | user=null | ip=null | op=WRITE_CHUNK {blockData=conID: 1 locID: 102734075863302794 bcsId: 0} | ret=SUCCESS |  
2019-09-04 11:46:33,199 | INFO  | DNAudit | user=null | ip=null | op=PUT_BLOCK {blockData=[blockId=conID: 1 locID: 102734075863302794 bcsId: 0,size=2097152]} | ret=SUCCESS |  
2019-09-04 11:46:33,199 | INFO  | DNAudit | user=null | ip=null | op=PUT_BLOCK {blockData=[blockId=conID: 1 locID: 102734075863302794 bcsId: 0,size=2097152]} | ret=SUCCESS |  
2019-09-04 11:46:33,206 | INFO  | DNAudit | user=null | ip=null | op=WRITE_CHUNK {blockData=conID: 1 locID: 102734075863302794 bcsId: 4613} | ret=SUCCESS |  
2019-09-04 11:46:33,207 | INFO  | DNAudit | user=null | ip=null | op=WRITE_CHUNK {blockData=conID: 1 locID: 102734075863302794 bcsId: 4613} | ret=SUCCESS |  
2019-09-04 11:46:33,207 | INFO  | DNAudit | user=null | ip=null | op=WRITE_CHUNK {blockData=conID: 1 locID: 102734075863302794 bcsId: 4613} | ret=SUCCESS |  
2019-09-04 11:46:33,211 | INFO  | DNAudit | user=null | ip=null | op=WRITE_CHUNK {blockData=conID: 1 locID: 102734075863302794 bcsId: 4613} | ret=SUCCESS |  
2019-09-04 11:46:33,211 | INFO  | DNAudit | user=null | ip=null | op=PUT_BLOCK {blockData=[blockId=conID: 1 locID: 102734075863302794 bcsId: 0,size=3145728]} | ret=SUCCESS |  
2019-09-04 11:46:33,212 [grpc-default-executor-6] INFO  client.GrpcClientProtocolClient (GrpcClientProtocolClient.java:onNext(255)) - client-D5CE890D7D9E->efcb8ff8-f060-4d95-9215-d0f5eb4af037: receive RaftClientReply:client-D5CE890D7D9E->efcb8ff8-f060-4d95-9215-d0f5eb4af037@group-0959F8DF43ED, cid=3066, SUCCESS, logIndex=4618, commits[efcb8ff8-f060-4d95-9215-d0f5eb4af037:c4619, 6fae8b02-e804-4c0e-b729-a97b7404b7f6:c4617, 4c3e8a66-6975-4917-8225-d3efe707aaff:c4617]
2019-09-04 11:46:33,212 [grpc-default-executor-6] INFO  client.GrpcClientProtocolClient (GrpcClientProtocolClient.java:onNext(255)) - client-D5CE890D7D9E->efcb8ff8-f060-4d95-9215-d0f5eb4af037: receive RaftClientReply:client-D5CE890D7D9E->efcb8ff8-f060-4d95-9215-d0f5eb4af037@group-0959F8DF43ED, cid=3067, SUCCESS, logIndex=4619, commits[efcb8ff8-f060-4d95-9215-d0f5eb4af037:c4619, 6fae8b02-e804-4c0e-b729-a97b7404b7f6:c4617, 4c3e8a66-6975-4917-8225-d3efe707aaff:c4617]
2019-09-04 11:46:33,213 | INFO  | DNAudit | user=null | ip=null | op=WRITE_CHUNK {blockData=conID: 1 locID: 102734075863302794 bcsId: 4613} | ret=SUCCESS |  
2019-09-04 11:46:33,213 | INFO  | DNAudit | user=null | ip=null | op=WRITE_CHUNK {blockData=conID: 1 locID: 102734075863302794 bcsId: 4613} | ret=SUCCESS |  
2019-09-04 11:46:33,217 | INFO  | DNAudit | user=null | ip=null | op=WRITE_CHUNK {blockData=conID: 1 locID: 102734075863302794 bcsId: 4619} | ret=SUCCESS |  
2019-09-04 11:46:33,220 | INFO  | DNAudit | user=null | ip=null | op=WRITE_CHUNK {blockData=conID: 1 locID: 102734075863302794 bcsId: 4619} | ret=SUCCESS |  
2019-09-04 11:46:33,221 | INFO  | DNAudit | user=null | ip=null | op=WRITE_CHUNK {blockData=conID: 1 locID: 102734075863302794 bcsId: 4619} | ret=SUCCESS |  
2019-09-04 11:46:33,223 | INFO  | DNAudit | user=null | ip=null | op=PUT_BLOCK {blockData=[blockId=conID: 1 locID: 102734075863302794 bcsId: 0,size=3145728]} | ret=SUCCESS |  
2019-09-04 11:46:33,223 | INFO  | DNAudit | user=null | ip=null | op=PUT_BLOCK {blockData=[blockId=conID: 1 locID: 102734075863302794 bcsId: 0,size=3145728]} | ret=SUCCESS |  
2019-09-04 11:46:33,225 | INFO  | DNAudit | user=null | ip=null | op=WRITE_CHUNK {blockData=conID: 1 locID: 102734075863302794 bcsId: 4619} | ret=SUCCESS |  
2019-09-04 11:46:33,225 | INFO  | DNAudit | user=null | ip=null | op=PUT_BLOCK {blockData=[blockId=conID: 1 locID: 102734075863302794 bcsId: 0,size=4194304]} | ret=SUCCESS |  
2019-09-04 11:46:33,226 [grpc-default-executor-1] INFO  client.GrpcClientProtocolClient (GrpcClientProtocolClient.java:onNext(255)) - client-D5CE890D7D9E->efcb8ff8-f060-4d95-9215-d0f5eb4af037: receive RaftClientReply:client-D5CE890D7D9E->efcb8ff8-f060-4d95-9215-d0f5eb4af037@group-0959F8DF43ED, cid=3068, SUCCESS, logIndex=4622, commits[efcb8ff8-f060-4d95-9215-d0f5eb4af037:c4623, 6fae8b02-e804-4c0e-b729-a97b7404b7f6:c4620, 4c3e8a66-6975-4917-8225-d3efe707aaff:c4620]
2019-09-04 11:46:33,226 [grpc-default-executor-1] INFO  client.GrpcClientProtocolClient (GrpcClientProtocolClient.java:onNext(255)) - client-D5CE890D7D9E->efcb8ff8-f060-4d95-9215-d0f5eb4af037: receive RaftClientReply:client-D5CE890D7D9E->efcb8ff8-f060-4d95-9215-d0f5eb4af037@group-0959F8DF43ED, cid=3069, SUCCESS, logIndex=4623, commits[efcb8ff8-f060-4d95-9215-d0f5eb4af037:c4623, 6fae8b02-e804-4c0e-b729-a97b7404b7f6:c4620, 4c3e8a66-6975-4917-8225-d3efe707aaff:c4620]
2019-09-04 11:46:33,233 | INFO  | DNAudit | user=null | ip=null | op=WRITE_CHUNK {blockData=conID: 1 locID: 102734075863302794 bcsId: 4619} | ret=SUCCESS |  
2019-09-04 11:46:33,233 | INFO  | DNAudit | user=null | ip=null | op=WRITE_CHUNK {blockData=conID: 1 locID: 102734075863302794 bcsId: 4619} | ret=SUCCESS |  
2019-09-04 11:46:33,234 | INFO  | DNAudit | user=null | ip=null | op=PUT_BLOCK {blockData=[blockId=conID: 1 locID: 102734075863302794 bcsId: 0,size=4194304]} | ret=SUCCESS |  
2019-09-04 11:46:33,234 | INFO  | DNAudit | user=null | ip=null | op=PUT_BLOCK {blockData=[blockId=conID: 1 locID: 102734075863302794 bcsId: 0,size=4194304]} | ret=SUCCESS |  
2019-09-04 11:46:33,235 [grpc-default-executor-1] INFO  client.GrpcClientProtocolClient (GrpcClientProtocolClient.java:onNext(255)) - client-D5CE890D7D9E->efcb8ff8-f060-4d95-9215-d0f5eb4af037: receive RaftClientReply:client-D5CE890D7D9E->efcb8ff8-f060-4d95-9215-d0f5eb4af037@group-0959F8DF43ED, cid=3070, SUCCESS, logIndex=0, commits[efcb8ff8-f060-4d95-9215-d0f5eb4af037:c4625, 6fae8b02-e804-4c0e-b729-a97b7404b7f6:c4623, 4c3e8a66-6975-4917-8225-d3efe707aaff:c4623]
2019-09-04 11:46:33,240 | INFO  | SCMAudit | user=jenkins1000 | ip=192.168.36.67 | op=ALLOCATE_BLOCK {owner=8ab292a2-aaa7-4ad8-863a-d33994811155, size=4194304, type=RATIS, factor=THREE} | ret=SUCCESS |  
2019-09-04 11:46:33,243 | INFO  | OMAudit | user=jenkins1000 | ip=127.0.0.1 | op=ALLOCATE_BLOCK {volume=vol-0-58699, bucket=bucket-0-57464, key=key-0-37266, dataSize=0, replicationType=null, replicationFactor=null, keyLocationInfo=null, clientID=102734073355960722} | ret=SUCCESS |  
2019-09-04 11:46:33,249 | INFO  | DNAudit | user=null | ip=null | op=WRITE_CHUNK {blockData=conID: 2 locID: 102734075870577291 bcsId: 0} | ret=SUCCESS |  
2019-09-04 11:46:33,252 | INFO  | DNAudit | user=null | ip=null | op=WRITE_CHUNK {blockData=conID: 2 locID: 102734075870577291 bcsId: 0} | ret=SUCCESS |  
2019-09-04 11:46:33,252 | INFO  | DNAudit | user=null | ip=null | op=WRITE_CHUNK {blockData=conID: 2 locID: 102734075870577291 bcsId: 0} | ret=SUCCESS |  
2019-09-04 11:46:33,252 | INFO  | DNAudit | user=null | ip=null | op=WRITE_CHUNK {blockData=conID: 2 locID: 102734075870577291 bcsId: 0} | ret=SUCCESS |  
2019-09-04 11:46:33,255 | INFO  | DNAudit | user=null | ip=null | op=WRITE_CHUNK {blockData=conID: 2 locID: 102734075870577291 bcsId: 0} | ret=SUCCESS |  
2019-09-04 11:46:33,255 | INFO  | DNAudit | user=null | ip=null | op=WRITE_CHUNK {blockData=conID: 2 locID: 102734075870577291 bcsId: 0} | ret=SUCCESS |  
2019-09-04 11:46:33,255 | INFO  | DNAudit | user=null | ip=null | op=WRITE_CHUNK {blockData=conID: 2 locID: 102734075870577291 bcsId: 0} | ret=SUCCESS |  
2019-09-04 11:46:33,255 | INFO  | DNAudit | user=null | ip=null | op=PUT_BLOCK {blockData=[blockId=conID: 2 locID: 102734075870577291 bcsId: 0,size=1048576]} | ret=SUCCESS |  
2019-09-04 11:46:33,255 [grpc-default-executor-1] INFO  client.GrpcClientProtocolClient (GrpcClientProtocolClient.java:onNext(255)) - client-D5CE890D7D9E->efcb8ff8-f060-4d95-9215-d0f5eb4af037: receive RaftClientReply:client-D5CE890D7D9E->efcb8ff8-f060-4d95-9215-d0f5eb4af037@group-0959F8DF43ED, cid=3071, SUCCESS, logIndex=4626, commits[efcb8ff8-f060-4d95-9215-d0f5eb4af037:c4627, 6fae8b02-e804-4c0e-b729-a97b7404b7f6:c4625, 4c3e8a66-6975-4917-8225-d3efe707aaff:c4625]
2019-09-04 11:46:33,256 [grpc-default-executor-1] INFO  client.GrpcClientProtocolClient (GrpcClientProtocolClient.java:onNext(255)) - client-D5CE890D7D9E->efcb8ff8-f060-4d95-9215-d0f5eb4af037: receive RaftClientReply:client-D5CE890D7D9E->efcb8ff8-f060-4d95-9215-d0f5eb4af037@group-0959F8DF43ED, cid=3072, SUCCESS, logIndex=4627, commits[efcb8ff8-f060-4d95-9215-d0f5eb4af037:c4627, 6fae8b02-e804-4c0e-b729-a97b7404b7f6:c4625, 4c3e8a66-6975-4917-8225-d3efe707aaff:c4625]
2019-09-04 11:46:33,300 | INFO  | DNAudit | user=null | ip=null | op=WRITE_CHUNK {blockData=conID: 2 locID: 102734075870577291 bcsId: 0} | ret=SUCCESS |  
2019-09-04 11:46:33,301 | INFO  | DNAudit | user=null | ip=null | op=WRITE_CHUNK {blockData=conID: 2 locID: 102734075870577291 bcsId: 0} | ret=SUCCESS |  
2019-09-04 11:46:33,301 | INFO  | DNAudit | user=null | ip=null | op=PUT_BLOCK {blockData=[blockId=conID: 2 locID: 102734075870577291 bcsId: 0,size=1048576]} | ret=SUCCESS |  
2019-09-04 11:46:33,301 | INFO  | DNAudit | user=null | ip=null | op=WRITE_CHUNK {blockData=conID: 2 locID: 102734075870577291 bcsId: 0} | ret=SUCCESS |  
2019-09-04 11:46:33,301 | INFO  | DNAudit | user=null | ip=null | op=PUT_BLOCK {blockData=[blockId=conID: 2 locID: 102734075870577291 bcsId: 0,size=2097152]} | ret=SUCCESS |  
2019-09-04 11:46:33,301 | INFO  | DNAudit | user=null | ip=null | op=PUT_BLOCK {blockData=[blockId=conID: 2 locID: 102734075870577291 bcsId: 0,size=1048576]} | ret=SUCCESS |  
2019-09-04 11:46:33,301 [grpc-default-executor-1] INFO  client.GrpcClientProtocolClient (GrpcClientProtocolClient.java:onNext(255)) - client-D5CE890D7D9E->efcb8ff8-f060-4d95-9215-d0f5eb4af037: receive RaftClientReply:client-D5CE890D7D9E->efcb8ff8-f060-4d95-9215-d0f5eb4af037@group-0959F8DF43ED, cid=3073, SUCCESS, logIndex=4628, commits[efcb8ff8-f060-4d95-9215-d0f5eb4af037:c4630, 6fae8b02-e804-4c0e-b729-a97b7404b7f6:c4625, 4c3e8a66-6975-4917-8225-d3efe707aaff:c4627]
2019-09-04 11:46:33,302 [grpc-default-executor-1] INFO  client.GrpcClientProtocolClient (GrpcClientProtocolClient.java:onNext(255)) - client-D5CE890D7D9E->efcb8ff8-f060-4d95-9215-d0f5eb4af037: receive RaftClientReply:client-D5CE890D7D9E->efcb8ff8-f060-4d95-9215-d0f5eb4af037@group-0959F8DF43ED, cid=3074, SUCCESS, logIndex=4629, commits[efcb8ff8-f060-4d95-9215-d0f5eb4af037:c4630, 6fae8b02-e804-4c0e-b729-a97b7404b7f6:c4625, 4c3e8a66-6975-4917-8225-d3efe707aaff:c4627]
2019-09-04 11:46:33,302 | INFO  | DNAudit | user=null | ip=null | op=WRITE_CHUNK {blockData=conID: 2 locID: 102734075870577291 bcsId: 0} | ret=SUCCESS |  
2019-09-04 11:46:33,302 | INFO  | DNAudit | user=null | ip=null | op=PUT_BLOCK {blockData=[blockId=conID: 2 locID: 102734075870577291 bcsId: 0,size=2097152]} | ret=SUCCESS |  
2019-09-04 11:46:33,303 [grpc-default-executor-1] INFO  client.GrpcClientProtocolClient (GrpcClientProtocolClient.java:onNext(255)) - client-D5CE890D7D9E->efcb8ff8-f060-4d95-9215-d0f5eb4af037: receive RaftClientReply:client-D5CE890D7D9E->efcb8ff8-f060-4d95-9215-d0f5eb4af037@group-0959F8DF43ED, cid=3075, SUCCESS, logIndex=0, commits[efcb8ff8-f060-4d95-9215-d0f5eb4af037:c4631, 6fae8b02-e804-4c0e-b729-a97b7404b7f6:c4627, 4c3e8a66-6975-4917-8225-d3efe707aaff:c4627]
2019-09-04 11:46:33,303 | INFO  | DNAudit | user=null | ip=null | op=WRITE_CHUNK {blockData=conID: 2 locID: 102734075870577291 bcsId: 0} | ret=SUCCESS |  
2019-09-04 11:46:33,303 | INFO  | DNAudit | user=null | ip=null | op=PUT_BLOCK {blockData=[blockId=conID: 2 locID: 102734075870577291 bcsId: 0,size=2097152]} | ret=SUCCESS |  
2019-09-04 11:46:33,309 | INFO  | DNAudit | user=null | ip=null | op=WRITE_CHUNK {blockData=conID: 2 locID: 102734075870577291 bcsId: 4629} | ret=SUCCESS |  
2019-09-04 11:46:33,311 | INFO  | DNAudit | user=null | ip=null | op=WRITE_CHUNK {blockData=conID: 2 locID: 102734075870577291 bcsId: 4629} | ret=SUCCESS |  
2019-09-04 11:46:33,311 | INFO  | DNAudit | user=null | ip=null | op=WRITE_CHUNK {blockData=conID: 2 locID: 102734075870577291 bcsId: 4629} | ret=SUCCESS |  
2019-09-04 11:46:33,363 | INFO  | DNAudit | user=null | ip=null | op=WRITE_CHUNK {blockData=conID: 2 locID: 102734075870577291 bcsId: 4629} | ret=SUCCESS |  
2019-09-04 11:46:33,364 | INFO  | DNAudit | user=null | ip=null | op=PUT_BLOCK {blockData=[blockId=conID: 2 locID: 102734075870577291 bcsId: 0,size=3145728]} | ret=SUCCESS |  
2019-09-04 11:46:33,364 [grpc-default-executor-5] INFO  client.GrpcClientProtocolClient (GrpcClientProtocolClient.java:onNext(255)) - client-D5CE890D7D9E->efcb8ff8-f060-4d95-9215-d0f5eb4af037: receive RaftClientReply:client-D5CE890D7D9E->efcb8ff8-f060-4d95-9215-d0f5eb4af037@group-0959F8DF43ED, cid=3076, SUCCESS, logIndex=4633, commits[efcb8ff8-f060-4d95-9215-d0f5eb4af037:c4634, 6fae8b02-e804-4c0e-b729-a97b7404b7f6:c4632, 4c3e8a66-6975-4917-8225-d3efe707aaff:c4632]
2019-09-04 11:46:33,365 [grpc-default-executor-5] INFO  client.GrpcClientProtocolClient (GrpcClientProtocolClient.java:onNext(255)) - client-D5CE890D7D9E->efcb8ff8-f060-4d95-9215-d0f5eb4af037: receive RaftClientReply:client-D5CE890D7D9E->efcb8ff8-f060-4d95-9215-d0f5eb4af037@group-0959F8DF43ED, cid=3077, SUCCESS, logIndex=4634, commits[efcb8ff8-f060-4d95-9215-d0f5eb4af037:c4634, 6fae8b02-e804-4c0e-b729-a97b7404b7f6:c4632, 4c3e8a66-6975-4917-8225-d3efe707aaff:c4632]
2019-09-04 11:46:33,372 | INFO  | DNAudit | user=null | ip=null | op=WRITE_CHUNK {blockData=conID: 2 locID: 102734075870577291 bcsId: 4634} | ret=SUCCESS |  
2019-09-04 11:46:33,375 | INFO  | DNAudit | user=null | ip=null | op=WRITE_CHUNK {blockData=conID: 2 locID: 102734075870577291 bcsId: 4634} | ret=SUCCESS |  
2019-09-04 11:46:33,375 | INFO  | DNAudit | user=null | ip=null | op=WRITE_CHUNK {blockData=conID: 2 locID: 102734075870577291 bcsId: 4634} | ret=SUCCESS |  
2019-09-04 11:46:33,387 | INFO  | DNAudit | user=null | ip=null | op=WRITE_CHUNK {blockData=conID: 2 locID: 102734075870577291 bcsId: 4629} | ret=SUCCESS |  
2019-09-04 11:46:33,388 | INFO  | DNAudit | user=null | ip=null | op=WRITE_CHUNK {blockData=conID: 2 locID: 102734075870577291 bcsId: 4629} | ret=SUCCESS |  
2019-09-04 11:46:33,389 | INFO  | DNAudit | user=null | ip=null | op=PUT_BLOCK {blockData=[blockId=conID: 2 locID: 102734075870577291 bcsId: 0,size=3145728]} | ret=SUCCESS |  
2019-09-04 11:46:33,389 | INFO  | DNAudit | user=null | ip=null | op=PUT_BLOCK {blockData=[blockId=conID: 2 locID: 102734075870577291 bcsId: 0,size=3145728]} | ret=SUCCESS |  
2019-09-04 11:46:33,389 | INFO  | DNAudit | user=null | ip=null | op=WRITE_CHUNK {blockData=conID: 2 locID: 102734075870577291 bcsId: 4634} | ret=SUCCESS |  
2019-09-04 11:46:33,390 | INFO  | DNAudit | user=null | ip=null | op=PUT_BLOCK {blockData=[blockId=conID: 2 locID: 102734075870577291 bcsId: 0,size=4194304]} | ret=SUCCESS |  
2019-09-04 11:46:33,390 [grpc-default-executor-5] INFO  client.GrpcClientProtocolClient (GrpcClientProtocolClient.java:onNext(255)) - client-D5CE890D7D9E->efcb8ff8-f060-4d95-9215-d0f5eb4af037: receive RaftClientReply:client-D5CE890D7D9E->efcb8ff8-f060-4d95-9215-d0f5eb4af037@group-0959F8DF43ED, cid=3078, SUCCESS, logIndex=4637, commits[efcb8ff8-f060-4d95-9215-d0f5eb4af037:c4638, 6fae8b02-e804-4c0e-b729-a97b7404b7f6:c4634, 4c3e8a66-6975-4917-8225-d3efe707aaff:c4634]
2019-09-04 11:46:33,390 [grpc-default-executor-5] INFO  client.GrpcClientProtocolClient (GrpcClientProtocolClient.java:onNext(255)) - client-D5CE890D7D9E->efcb8ff8-f060-4d95-9215-d0f5eb4af037: receive RaftClientReply:client-D5CE890D7D9E->efcb8ff8-f060-4d95-9215-d0f5eb4af037@group-0959F8DF43ED, cid=3079, SUCCESS, logIndex=4638, commits[efcb8ff8-f060-4d95-9215-d0f5eb4af037:c4638, 6fae8b02-e804-4c0e-b729-a97b7404b7f6:c4634, 4c3e8a66-6975-4917-8225-d3efe707aaff:c4634]
2019-09-04 11:46:33,401 | INFO  | DNAudit | user=null | ip=null | op=WRITE_CHUNK {blockData=conID: 2 locID: 102734075870577291 bcsId: 4634} | ret=SUCCESS |  
2019-09-04 11:46:33,401 | INFO  | DNAudit | user=null | ip=null | op=WRITE_CHUNK {blockData=conID: 2 locID: 102734075870577291 bcsId: 4634} | ret=SUCCESS |  
2019-09-04 11:46:33,402 | INFO  | DNAudit | user=null | ip=null | op=PUT_BLOCK {blockData=[blockId=conID: 2 locID: 102734075870577291 bcsId: 0,size=4194304]} | ret=SUCCESS |  
2019-09-04 11:46:33,402 | INFO  | DNAudit | user=null | ip=null | op=PUT_BLOCK {blockData=[blockId=conID: 2 locID: 102734075870577291 bcsId: 0,size=4194304]} | ret=SUCCESS |  
2019-09-04 11:46:33,402 [grpc-default-executor-5] INFO  client.GrpcClientProtocolClient (GrpcClientProtocolClient.java:onNext(255)) - client-D5CE890D7D9E->efcb8ff8-f060-4d95-9215-d0f5eb4af037: receive RaftClientReply:client-D5CE890D7D9E->efcb8ff8-f060-4d95-9215-d0f5eb4af037@group-0959F8DF43ED, cid=3080, SUCCESS, logIndex=0, commits[efcb8ff8-f060-4d95-9215-d0f5eb4af037:c4639, 6fae8b02-e804-4c0e-b729-a97b7404b7f6:c4638, 4c3e8a66-6975-4917-8225-d3efe707aaff:c4638]
2019-09-04 11:46:33,409 | INFO  | SCMAudit | user=jenkins1000 | ip=192.168.36.67 | op=ALLOCATE_BLOCK {owner=8ab292a2-aaa7-4ad8-863a-d33994811155, size=4194304, type=RATIS, factor=THREE} | ret=SUCCESS |  
2019-09-04 11:46:33,413 | INFO  | OMAudit | user=jenkins1000 | ip=127.0.0.1 | op=ALLOCATE_BLOCK {volume=vol-0-58699, bucket=bucket-0-57464, key=key-0-37266, dataSize=0, replicationType=null, replicationFactor=null, keyLocationInfo=null, clientID=102734073355960722} | ret=SUCCESS |  
2019-09-04 11:46:33,421 | INFO  | DNAudit | user=null | ip=null | op=WRITE_CHUNK {blockData=conID: 3 locID: 102734075881652876 bcsId: 0} | ret=SUCCESS |  
2019-09-04 11:46:33,423 | INFO  | DNAudit | user=null | ip=null | op=WRITE_CHUNK {blockData=conID: 3 locID: 102734075881652876 bcsId: 0} | ret=SUCCESS |  
2019-09-04 11:46:33,424 | INFO  | DNAudit | user=null | ip=null | op=WRITE_CHUNK {blockData=conID: 3 locID: 102734075881652876 bcsId: 0} | ret=SUCCESS |  
2019-09-04 11:46:33,424 | INFO  | DNAudit | user=null | ip=null | op=WRITE_CHUNK {blockData=conID: 3 locID: 102734075881652876 bcsId: 0} | ret=SUCCESS |  
2019-09-04 11:46:33,425 | INFO  | DNAudit | user=null | ip=null | op=WRITE_CHUNK {blockData=conID: 3 locID: 102734075881652876 bcsId: 0} | ret=SUCCESS |  
2019-09-04 11:46:33,426 | INFO  | DNAudit | user=null | ip=null | op=WRITE_CHUNK {blockData=conID: 3 locID: 102734075881652876 bcsId: 0} | ret=SUCCESS |  
2019-09-04 11:46:33,431 | INFO  | DNAudit | user=null | ip=null | op=WRITE_CHUNK {blockData=conID: 3 locID: 102734075881652876 bcsId: 0} | ret=SUCCESS |  
2019-09-04 11:46:33,432 | INFO  | DNAudit | user=null | ip=null | op=PUT_BLOCK {blockData=[blockId=conID: 3 locID: 102734075881652876 bcsId: 0,size=1048576]} | ret=SUCCESS |  
2019-09-04 11:46:33,432 [grpc-default-executor-1] INFO  client.GrpcClientProtocolClient (GrpcClientProtocolClient.java:onNext(255)) - client-D5CE890D7D9E->efcb8ff8-f060-4d95-9215-d0f5eb4af037: receive RaftClientReply:client-D5CE890D7D9E->efcb8ff8-f060-4d95-9215-d0f5eb4af037@group-0959F8DF43ED, cid=3081, SUCCESS, logIndex=4641, commits[efcb8ff8-f060-4d95-9215-d0f5eb4af037:c4641, 6fae8b02-e804-4c0e-b729-a97b7404b7f6:c4640, 4c3e8a66-6975-4917-8225-d3efe707aaff:c4640]
2019-09-04 11:46:33,432 [grpc-default-executor-1] INFO  client.GrpcClientProtocolClient (GrpcClientProtocolClient.java:onNext(255)) - client-D5CE890D7D9E->efcb8ff8-f060-4d95-9215-d0f5eb4af037: receive RaftClientReply:client-D5CE890D7D9E->efcb8ff8-f060-4d95-9215-d0f5eb4af037@group-0959F8DF43ED, cid=3082, SUCCESS, logIndex=4642, commits[efcb8ff8-f060-4d95-9215-d0f5eb4af037:c4642, 6fae8b02-e804-4c0e-b729-a97b7404b7f6:c4640, 4c3e8a66-6975-4917-8225-d3efe707aaff:c4640]
2019-09-04 11:46:33,451 | INFO  | DNAudit | user=null | ip=null | op=WRITE_CHUNK {blockData=conID: 3 locID: 102734075881652876 bcsId: 0} | ret=SUCCESS |  
2019-09-04 11:46:33,451 | INFO  | DNAudit | user=null | ip=null | op=PUT_BLOCK {blockData=[blockId=conID: 3 locID: 102734075881652876 bcsId: 0,size=2097152]} | ret=SUCCESS |  
2019-09-04 11:46:33,451 [grpc-default-executor-5] INFO  client.GrpcClientProtocolClient (GrpcClientProtocolClient.java:onNext(255)) - client-D5CE890D7D9E->efcb8ff8-f060-4d95-9215-d0f5eb4af037: receive RaftClientReply:client-D5CE890D7D9E->efcb8ff8-f060-4d95-9215-d0f5eb4af037@group-0959F8DF43ED, cid=3083, SUCCESS, logIndex=4643, commits[efcb8ff8-f060-4d95-9215-d0f5eb4af037:c4644, 6fae8b02-e804-4c0e-b729-a97b7404b7f6:c4640, 4c3e8a66-6975-4917-8225-d3efe707aaff:c4640]
2019-09-04 11:46:33,452 | INFO  | DNAudit | user=null | ip=null | op=WRITE_CHUNK {blockData=conID: 3 locID: 102734075881652876 bcsId: 0} | ret=SUCCESS |  
2019-09-04 11:46:33,452 [grpc-default-executor-1] INFO  client.GrpcClientProtocolClient (GrpcClientProtocolClient.java:onNext(255)) - client-D5CE890D7D9E->efcb8ff8-f060-4d95-9215-d0f5eb4af037: receive RaftClientReply:client-D5CE890D7D9E->efcb8ff8-f060-4d95-9215-d0f5eb4af037@group-0959F8DF43ED, cid=3084, SUCCESS, logIndex=4644, commits[efcb8ff8-f060-4d95-9215-d0f5eb4af037:c4644, 6fae8b02-e804-4c0e-b729-a97b7404b7f6:c4640, 4c3e8a66-6975-4917-8225-d3efe707aaff:c4640]
2019-09-04 11:46:33,453 | INFO  | DNAudit | user=null | ip=null | op=PUT_BLOCK {blockData=[blockId=conID: 3 locID: 102734075881652876 bcsId: 0,size=1048576]} | ret=SUCCESS |  
2019-09-04 11:46:33,453 | INFO  | DNAudit | user=null | ip=null | op=WRITE_CHUNK {blockData=conID: 3 locID: 102734075881652876 bcsId: 0} | ret=SUCCESS |  
2019-09-04 11:46:33,453 | INFO  | DNAudit | user=null | ip=null | op=PUT_BLOCK {blockData=[blockId=conID: 3 locID: 102734075881652876 bcsId: 0,size=2097152]} | ret=SUCCESS |  
2019-09-04 11:46:33,455 | INFO  | DNAudit | user=null | ip=null | op=WRITE_CHUNK {blockData=conID: 3 locID: 102734075881652876 bcsId: 0} | ret=SUCCESS |  
2019-09-04 11:46:33,455 | INFO  | DNAudit | user=null | ip=null | op=PUT_BLOCK {blockData=[blockId=conID: 3 locID: 102734075881652876 bcsId: 0,size=1048576]} | ret=SUCCESS |  
2019-09-04 11:46:33,456 | INFO  | DNAudit | user=null | ip=null | op=WRITE_CHUNK {blockData=conID: 3 locID: 102734075881652876 bcsId: 0} | ret=SUCCESS |  
2019-09-04 11:46:33,456 | INFO  | DNAudit | user=null | ip=null | op=PUT_BLOCK {blockData=[blockId=conID: 3 locID: 102734075881652876 bcsId: 0,size=2097152]} | ret=SUCCESS |  
2019-09-04 11:46:33,456 [grpc-default-executor-1] INFO  client.GrpcClientProtocolClient (GrpcClientProtocolClient.java:onNext(255)) - client-D5CE890D7D9E->efcb8ff8-f060-4d95-9215-d0f5eb4af037: receive RaftClientReply:client-D5CE890D7D9E->efcb8ff8-f060-4d95-9215-d0f5eb4af037@group-0959F8DF43ED, cid=3085, SUCCESS, logIndex=0, commits[efcb8ff8-f060-4d95-9215-d0f5eb4af037:c4647, 6fae8b02-e804-4c0e-b729-a97b7404b7f6:c4642, 4c3e8a66-6975-4917-8225-d3efe707aaff:c4644]
2019-09-04 11:46:33,462 | INFO  | DNAudit | user=null | ip=null | op=WRITE_CHUNK {blockData=conID: 3 locID: 102734075881652876 bcsId: 4644} | ret=SUCCESS |  
2019-09-04 11:46:33,465 | INFO  | DNAudit | user=null | ip=null | op=WRITE_CHUNK {blockData=conID: 3 locID: 102734075881652876 bcsId: 4644} | ret=SUCCESS |  
2019-09-04 11:46:33,465 | INFO  | DNAudit | user=null | ip=null | op=WRITE_CHUNK {blockData=conID: 3 locID: 102734075881652876 bcsId: 4644} | ret=SUCCESS |  
2019-09-04 11:46:33,480 | INFO  | DNAudit | user=null | ip=null | op=WRITE_CHUNK {blockData=conID: 3 locID: 102734075881652876 bcsId: 4644} | ret=SUCCESS |  
2019-09-04 11:46:33,481 | INFO  | DNAudit | user=null | ip=null | op=PUT_BLOCK {blockData=[blockId=conID: 3 locID: 102734075881652876 bcsId: 0,size=3145728]} | ret=SUCCESS |  
2019-09-04 11:46:33,481 [grpc-default-executor-1] INFO  client.GrpcClientProtocolClient (GrpcClientProtocolClient.java:onNext(255)) - client-D5CE890D7D9E->efcb8ff8-f060-4d95-9215-d0f5eb4af037: receive RaftClientReply:client-D5CE890D7D9E->efcb8ff8-f060-4d95-9215-d0f5eb4af037@group-0959F8DF43ED, cid=3086, SUCCESS, logIndex=4648, commits[efcb8ff8-f060-4d95-9215-d0f5eb4af037:c4649, 6fae8b02-e804-4c0e-b729-a97b7404b7f6:c4647, 4c3e8a66-6975-4917-8225-d3efe707aaff:c4647]
2019-09-04 11:46:33,481 [grpc-default-executor-1] INFO  client.GrpcClientProtocolClient (GrpcClientProtocolClient.java:onNext(255)) - client-D5CE890D7D9E->efcb8ff8-f060-4d95-9215-d0f5eb4af037: receive RaftClientReply:client-D5CE890D7D9E->efcb8ff8-f060-4d95-9215-d0f5eb4af037@group-0959F8DF43ED, cid=3087, SUCCESS, logIndex=4649, commits[efcb8ff8-f060-4d95-9215-d0f5eb4af037:c4649, 6fae8b02-e804-4c0e-b729-a97b7404b7f6:c4647, 4c3e8a66-6975-4917-8225-d3efe707aaff:c4647]
2019-09-04 11:46:33,487 | INFO  | DNAudit | user=null | ip=null | op=WRITE_CHUNK {blockData=conID: 3 locID: 102734075881652876 bcsId: 4649} | ret=SUCCESS |  
2019-09-04 11:46:33,489 | INFO  | DNAudit | user=null | ip=null | op=WRITE_CHUNK {blockData=conID: 3 locID: 102734075881652876 bcsId: 4649} | ret=SUCCESS |  
2019-09-04 11:46:33,489 | INFO  | DNAudit | user=null | ip=null | op=WRITE_CHUNK {blockData=conID: 3 locID: 102734075881652876 bcsId: 4649} | ret=SUCCESS |  
2019-09-04 11:46:33,499 | INFO  | DNAudit | user=null | ip=null | op=WRITE_CHUNK {blockData=conID: 3 locID: 102734075881652876 bcsId: 4644} | ret=SUCCESS |  
2019-09-04 11:46:33,499 | INFO  | DNAudit | user=null | ip=null | op=WRITE_CHUNK {blockData=conID: 3 locID: 102734075881652876 bcsId: 4644} | ret=SUCCESS |  
2019-09-04 11:46:33,500 | INFO  | DNAudit | user=null | ip=null | op=PUT_BLOCK {blockData=[blockId=conID: 3 locID: 102734075881652876 bcsId: 0,size=3145728]} | ret=SUCCESS |  
2019-09-04 11:46:33,501 | INFO  | DNAudit | user=null | ip=null | op=PUT_BLOCK {blockData=[blockId=conID: 3 locID: 102734075881652876 bcsId: 0,size=3145728]} | ret=SUCCESS |  
2019-09-04 11:46:33,501 | INFO  | DNAudit | user=null | ip=null | op=WRITE_CHUNK {blockData=conID: 3 locID: 102734075881652876 bcsId: 4649} | ret=SUCCESS |  
2019-09-04 11:46:33,501 | INFO  | DNAudit | user=null | ip=null | op=PUT_BLOCK {blockData=[blockId=conID: 3 locID: 102734075881652876 bcsId: 0,size=4194304]} | ret=SUCCESS |  
2019-09-04 11:46:33,501 [grpc-default-executor-5] INFO  client.GrpcClientProtocolClient (GrpcClientProtocolClient.java:onNext(255)) - client-D5CE890D7D9E->efcb8ff8-f060-4d95-9215-d0f5eb4af037: receive RaftClientReply:client-D5CE890D7D9E->efcb8ff8-f060-4d95-9215-d0f5eb4af037@group-0959F8DF43ED, cid=3088, SUCCESS, logIndex=4652, commits[efcb8ff8-f060-4d95-9215-d0f5eb4af037:c4653, 6fae8b02-e804-4c0e-b729-a97b7404b7f6:c4649, 4c3e8a66-6975-4917-8225-d3efe707aaff:c4648]
2019-09-04 11:46:33,502 [grpc-default-executor-5] INFO  client.GrpcClientProtocolClient (GrpcClientProtocolClient.java:onNext(255)) - client-D5CE890D7D9E->efcb8ff8-f060-4d95-9215-d0f5eb4af037: receive RaftClientReply:client-D5CE890D7D9E->efcb8ff8-f060-4d95-9215-d0f5eb4af037@group-0959F8DF43ED, cid=3089, SUCCESS, logIndex=4653, commits[efcb8ff8-f060-4d95-9215-d0f5eb4af037:c4653, 6fae8b02-e804-4c0e-b729-a97b7404b7f6:c4649, 4c3e8a66-6975-4917-8225-d3efe707aaff:c4649]
2019-09-04 11:46:33,522 | INFO  | DNAudit | user=null | ip=null | op=WRITE_CHUNK {blockData=conID: 3 locID: 102734075881652876 bcsId: 4649} | ret=SUCCESS |  
2019-09-04 11:46:33,522 | INFO  | DNAudit | user=null | ip=null | op=WRITE_CHUNK {blockData=conID: 3 locID: 102734075881652876 bcsId: 4649} | ret=SUCCESS |  
2019-09-04 11:46:33,522 | INFO  | DNAudit | user=null | ip=null | op=PUT_BLOCK {blockData=[blockId=conID: 3 locID: 102734075881652876 bcsId: 0,size=4194304]} | ret=SUCCESS |  
2019-09-04 11:46:33,522 | INFO  | DNAudit | user=null | ip=null | op=PUT_BLOCK {blockData=[blockId=conID: 3 locID: 102734075881652876 bcsId: 0,size=4194304]} | ret=SUCCESS |  
2019-09-04 11:46:33,522 [grpc-default-executor-5] INFO  client.GrpcClientProtocolClient (GrpcClientProtocolClient.java:onNext(255)) - client-D5CE890D7D9E->efcb8ff8-f060-4d95-9215-d0f5eb4af037: receive RaftClientReply:client-D5CE890D7D9E->efcb8ff8-f060-4d95-9215-d0f5eb4af037@group-0959F8DF43ED, cid=3090, SUCCESS, logIndex=0, commits[efcb8ff8-f060-4d95-9215-d0f5eb4af037:c4654, 6fae8b02-e804-4c0e-b729-a97b7404b7f6:c4653, 4c3e8a66-6975-4917-8225-d3efe707aaff:c4653]
2019-09-04 11:46:33,529 | INFO  | SCMAudit | user=jenkins1000 | ip=192.168.36.67 | op=ALLOCATE_BLOCK {owner=8ab292a2-aaa7-4ad8-863a-d33994811155, size=4194304, type=RATIS, factor=THREE} | ret=SUCCESS |  
2019-09-04 11:46:33,534 | INFO  | OMAudit | user=jenkins1000 | ip=127.0.0.1 | op=ALLOCATE_BLOCK {volume=vol-0-58699, bucket=bucket-0-57464, key=key-0-37266, dataSize=0, replicationType=null, replicationFactor=null, keyLocationInfo=null, clientID=102734073355960722} | ret=SUCCESS |  
2019-09-04 11:46:33,541 | INFO  | DNAudit | user=null | ip=null | op=WRITE_CHUNK {blockData=conID: 1 locID: 102734075889517197 bcsId: 0} | ret=SUCCESS |  
2019-09-04 11:46:33,543 | INFO  | DNAudit | user=null | ip=null | op=WRITE_CHUNK {blockData=conID: 1 locID: 102734075889517197 bcsId: 0} | ret=SUCCESS |  
2019-09-04 11:46:33,544 | INFO  | DNAudit | user=null | ip=null | op=WRITE_CHUNK {blockData=conID: 1 locID: 102734075889517197 bcsId: 0} | ret=SUCCESS |  
2019-09-04 11:46:33,545 | INFO  | DNAudit | user=null | ip=null | op=WRITE_CHUNK {blockData=conID: 1 locID: 102734075889517197 bcsId: 0} | ret=SUCCESS |  
2019-09-04 11:46:33,546 | INFO  | DNAudit | user=null | ip=null | op=WRITE_CHUNK {blockData=conID: 1 locID: 102734075889517197 bcsId: 0} | ret=SUCCESS |  
2019-09-04 11:46:33,546 | INFO  | DNAudit | user=null | ip=null | op=WRITE_CHUNK {blockData=conID: 1 locID: 102734075889517197 bcsId: 0} | ret=SUCCESS |  
2019-09-04 11:46:33,550 | INFO  | DNAudit | user=null | ip=null | op=WRITE_CHUNK {blockData=conID: 1 locID: 102734075889517197 bcsId: 0} | ret=SUCCESS |  
2019-09-04 11:46:33,550 | INFO  | DNAudit | user=null | ip=null | op=PUT_BLOCK {blockData=[blockId=conID: 1 locID: 102734075889517197 bcsId: 0,size=1048576]} | ret=SUCCESS |  
2019-09-04 11:46:33,550 [grpc-default-executor-1] INFO  client.GrpcClientProtocolClient (GrpcClientProtocolClient.java:onNext(255)) - client-D5CE890D7D9E->efcb8ff8-f060-4d95-9215-d0f5eb4af037: receive RaftClientReply:client-D5CE890D7D9E->efcb8ff8-f060-4d95-9215-d0f5eb4af037@group-0959F8DF43ED, cid=3091, SUCCESS, logIndex=4656, commits[efcb8ff8-f060-4d95-9215-d0f5eb4af037:c4657, 6fae8b02-e804-4c0e-b729-a97b7404b7f6:c4655, 4c3e8a66-6975-4917-8225-d3efe707aaff:c4655]
2019-09-04 11:46:33,551 [grpc-default-executor-1] INFO  client.GrpcClientProtocolClient (GrpcClientProtocolClient.java:onNext(255)) - client-D5CE890D7D9E->efcb8ff8-f060-4d95-9215-d0f5eb4af037: receive RaftClientReply:client-D5CE890D7D9E->efcb8ff8-f060-4d95-9215-d0f5eb4af037@group-0959F8DF43ED, cid=3092, SUCCESS, logIndex=4657, commits[efcb8ff8-f060-4d95-9215-d0f5eb4af037:c4657, 6fae8b02-e804-4c0e-b729-a97b7404b7f6:c4655, 4c3e8a66-6975-4917-8225-d3efe707aaff:c4655]
2019-09-04 11:46:33,551 | INFO  | DNAudit | user=null | ip=null | op=WRITE_CHUNK {blockData=conID: 1 locID: 102734075889517197 bcsId: 0} | ret=SUCCESS |  
2019-09-04 11:46:33,552 | INFO  | DNAudit | user=null | ip=null | op=PUT_BLOCK {blockData=[blockId=conID: 1 locID: 102734075889517197 bcsId: 0,size=2097152]} | ret=SUCCESS |  
2019-09-04 11:46:33,552 [grpc-default-executor-1] INFO  client.GrpcClientProtocolClient (GrpcClientProtocolClient.java:onNext(255)) - client-D5CE890D7D9E->efcb8ff8-f060-4d95-9215-d0f5eb4af037: receive RaftClientReply:client-D5CE890D7D9E->efcb8ff8-f060-4d95-9215-d0f5eb4af037@group-0959F8DF43ED, cid=3093, SUCCESS, logIndex=4658, commits[efcb8ff8-f060-4d95-9215-d0f5eb4af037:c4658, 6fae8b02-e804-4c0e-b729-a97b7404b7f6:c4655, 4c3e8a66-6975-4917-8225-d3efe707aaff:c4655]
2019-09-04 11:46:33,552 [grpc-default-executor-1] INFO  client.GrpcClientProtocolClient (GrpcClientProtocolClient.java:onNext(255)) - client-D5CE890D7D9E->efcb8ff8-f060-4d95-9215-d0f5eb4af037: receive RaftClientReply:client-D5CE890D7D9E->efcb8ff8-f060-4d95-9215-d0f5eb4af037@group-0959F8DF43ED, cid=3094, SUCCESS, logIndex=4659, commits[efcb8ff8-f060-4d95-9215-d0f5eb4af037:c4659, 6fae8b02-e804-4c0e-b729-a97b7404b7f6:c4655, 4c3e8a66-6975-4917-8225-d3efe707aaff:c4655]
2019-09-04 11:46:33,552 | INFO  | DNAudit | user=null | ip=null | op=WRITE_CHUNK {blockData=conID: 1 locID: 102734075889517197 bcsId: 0} | ret=SUCCESS |  
2019-09-04 11:46:33,553 | INFO  | DNAudit | user=null | ip=null | op=PUT_BLOCK {blockData=[blockId=conID: 1 locID: 102734075889517197 bcsId: 0,size=1048576]} | ret=SUCCESS |  
2019-09-04 11:46:33,553 | INFO  | DNAudit | user=null | ip=null | op=WRITE_CHUNK {blockData=conID: 1 locID: 102734075889517197 bcsId: 0} | ret=SUCCESS |  
2019-09-04 11:46:33,553 | INFO  | DNAudit | user=null | ip=null | op=PUT_BLOCK {blockData=[blockId=conID: 1 locID: 102734075889517197 bcsId: 0,size=1048576]} | ret=SUCCESS |  
2019-09-04 11:46:33,554 [grpc-default-executor-6] INFO  client.GrpcClientProtocolClient (GrpcClientProtocolClient.java:onNext(255)) - client-D5CE890D7D9E->efcb8ff8-f060-4d95-9215-d0f5eb4af037: receive RaftClientReply:client-D5CE890D7D9E->efcb8ff8-f060-4d95-9215-d0f5eb4af037@group-0959F8DF43ED, cid=3095, SUCCESS, logIndex=0, commits[efcb8ff8-f060-4d95-9215-d0f5eb4af037:c4661, 6fae8b02-e804-4c0e-b729-a97b7404b7f6:c4657, 4c3e8a66-6975-4917-8225-d3efe707aaff:c4657]
2019-09-04 11:46:33,554 | INFO  | DNAudit | user=null | ip=null | op=WRITE_CHUNK {blockData=conID: 1 locID: 102734075889517197 bcsId: 0} | ret=SUCCESS |  
2019-09-04 11:46:33,554 | INFO  | DNAudit | user=null | ip=null | op=PUT_BLOCK {blockData=[blockId=conID: 1 locID: 102734075889517197 bcsId: 0,size=2097152]} | ret=SUCCESS |  
2019-09-04 11:46:33,554 | INFO  | DNAudit | user=null | ip=null | op=WRITE_CHUNK {blockData=conID: 1 locID: 102734075889517197 bcsId: 0} | ret=SUCCESS |  
2019-09-04 11:46:33,555 | INFO  | DNAudit | user=null | ip=null | op=PUT_BLOCK {blockData=[blockId=conID: 1 locID: 102734075889517197 bcsId: 0,size=2097152]} | ret=SUCCESS |  
2019-09-04 11:46:33,560 | INFO  | DNAudit | user=null | ip=null | op=WRITE_CHUNK {blockData=conID: 1 locID: 102734075889517197 bcsId: 4659} | ret=SUCCESS |  
2019-09-04 11:46:33,562 | INFO  | DNAudit | user=null | ip=null | op=WRITE_CHUNK {blockData=conID: 1 locID: 102734075889517197 bcsId: 4659} | ret=SUCCESS |  
2019-09-04 11:46:33,562 | INFO  | DNAudit | user=null | ip=null | op=WRITE_CHUNK {blockData=conID: 1 locID: 102734075889517197 bcsId: 4659} | ret=SUCCESS |  
2019-09-04 11:46:33,565 | INFO  | DNAudit | user=null | ip=null | op=WRITE_CHUNK {blockData=conID: 1 locID: 102734075889517197 bcsId: 4659} | ret=SUCCESS |  
2019-09-04 11:46:33,565 | INFO  | DNAudit | user=null | ip=null | op=PUT_BLOCK {blockData=[blockId=conID: 1 locID: 102734075889517197 bcsId: 0,size=3145728]} | ret=SUCCESS |  
2019-09-04 11:46:33,565 [grpc-default-executor-1] INFO  client.GrpcClientProtocolClient (GrpcClientProtocolClient.java:onNext(255)) - client-D5CE890D7D9E->efcb8ff8-f060-4d95-9215-d0f5eb4af037: receive RaftClientReply:client-D5CE890D7D9E->efcb8ff8-f060-4d95-9215-d0f5eb4af037@group-0959F8DF43ED, cid=3096, SUCCESS, logIndex=4664, commits[efcb8ff8-f060-4d95-9215-d0f5eb4af037:c4665, 6fae8b02-e804-4c0e-b729-a97b7404b7f6:c4663, 4c3e8a66-6975-4917-8225-d3efe707aaff:c4663]
2019-09-04 11:46:33,566 [grpc-default-executor-1] INFO  client.GrpcClientProtocolClient (GrpcClientProtocolClient.java:onNext(255)) - client-D5CE890D7D9E->efcb8ff8-f060-4d95-9215-d0f5eb4af037: receive RaftClientReply:client-D5CE890D7D9E->efcb8ff8-f060-4d95-9215-d0f5eb4af037@group-0959F8DF43ED, cid=3097, SUCCESS, logIndex=4665, commits[efcb8ff8-f060-4d95-9215-d0f5eb4af037:c4665, 6fae8b02-e804-4c0e-b729-a97b7404b7f6:c4663, 4c3e8a66-6975-4917-8225-d3efe707aaff:c4663]
2019-09-04 11:46:33,571 | INFO  | DNAudit | user=null | ip=null | op=WRITE_CHUNK {blockData=conID: 1 locID: 102734075889517197 bcsId: 4665} | ret=SUCCESS |  
2019-09-04 11:46:33,574 | INFO  | DNAudit | user=null | ip=null | op=WRITE_CHUNK {blockData=conID: 1 locID: 102734075889517197 bcsId: 4665} | ret=SUCCESS |  
2019-09-04 11:46:33,574 | INFO  | DNAudit | user=null | ip=null | op=WRITE_CHUNK {blockData=conID: 1 locID: 102734075889517197 bcsId: 4665} | ret=SUCCESS |  
2019-09-04 11:46:33,576 | INFO  | DNAudit | user=null | ip=null | op=WRITE_CHUNK {blockData=conID: 1 locID: 102734075889517197 bcsId: 4659} | ret=SUCCESS |  
2019-09-04 11:46:33,576 | INFO  | DNAudit | user=null | ip=null | op=WRITE_CHUNK {blockData=conID: 1 locID: 102734075889517197 bcsId: 4659} | ret=SUCCESS |  
2019-09-04 11:46:33,578 | INFO  | DNAudit | user=null | ip=null | op=PUT_BLOCK {blockData=[blockId=conID: 1 locID: 102734075889517197 bcsId: 0,size=3145728]} | ret=SUCCESS |  
2019-09-04 11:46:33,578 | INFO  | DNAudit | user=null | ip=null | op=PUT_BLOCK {blockData=[blockId=conID: 1 locID: 102734075889517197 bcsId: 0,size=3145728]} | ret=SUCCESS |  
2019-09-04 11:46:33,578 | INFO  | DNAudit | user=null | ip=null | op=WRITE_CHUNK {blockData=conID: 1 locID: 102734075889517197 bcsId: 4665} | ret=SUCCESS |  
2019-09-04 11:46:33,578 | INFO  | DNAudit | user=null | ip=null | op=PUT_BLOCK {blockData=[blockId=conID: 1 locID: 102734075889517197 bcsId: 0,size=4194304]} | ret=SUCCESS |  
2019-09-04 11:46:33,579 [grpc-default-executor-6] INFO  client.GrpcClientProtocolClient (GrpcClientProtocolClient.java:onNext(255)) - client-D5CE890D7D9E->efcb8ff8-f060-4d95-9215-d0f5eb4af037: receive RaftClientReply:client-D5CE890D7D9E->efcb8ff8-f060-4d95-9215-d0f5eb4af037@group-0959F8DF43ED, cid=3098, SUCCESS, logIndex=4668, commits[efcb8ff8-f060-4d95-9215-d0f5eb4af037:c4669, 6fae8b02-e804-4c0e-b729-a97b7404b7f6:c4665, 4c3e8a66-6975-4917-8225-d3efe707aaff:c4665]
2019-09-04 11:46:33,579 [grpc-default-executor-6] INFO  client.GrpcClientProtocolClient (GrpcClientProtocolClient.java:onNext(255)) - client-D5CE890D7D9E->efcb8ff8-f060-4d95-9215-d0f5eb4af037: receive RaftClientReply:client-D5CE890D7D9E->efcb8ff8-f060-4d95-9215-d0f5eb4af037@group-0959F8DF43ED, cid=3099, SUCCESS, logIndex=4669, commits[efcb8ff8-f060-4d95-9215-d0f5eb4af037:c4669, 6fae8b02-e804-4c0e-b729-a97b7404b7f6:c4665, 4c3e8a66-6975-4917-8225-d3efe707aaff:c4665]
2019-09-04 11:46:33,597 | INFO  | DNAudit | user=null | ip=null | op=WRITE_CHUNK {blockData=conID: 1 locID: 102734075889517197 bcsId: 4665} | ret=SUCCESS |  
2019-09-04 11:46:33,597 | INFO  | DNAudit | user=null | ip=null | op=WRITE_CHUNK {blockData=conID: 1 locID: 102734075889517197 bcsId: 4665} | ret=SUCCESS |  
2019-09-04 11:46:33,600 | INFO  | DNAudit | user=null | ip=null | op=PUT_BLOCK {blockData=[blockId=conID: 1 locID: 102734075889517197 bcsId: 0,size=4194304]} | ret=SUCCESS |  
2019-09-04 11:46:33,600 | INFO  | DNAudit | user=null | ip=null | op=PUT_BLOCK {blockData=[blockId=conID: 1 locID: 102734075889517197 bcsId: 0,size=4194304]} | ret=SUCCESS |  
2019-09-04 11:46:33,601 [grpc-default-executor-1] INFO  client.GrpcClientProtocolClient (GrpcClientProtocolClient.java:onNext(255)) - client-D5CE890D7D9E->efcb8ff8-f060-4d95-9215-d0f5eb4af037: receive RaftClientReply:client-D5CE890D7D9E->efcb8ff8-f060-4d95-9215-d0f5eb4af037@group-0959F8DF43ED, cid=3100, SUCCESS, logIndex=0, commits[efcb8ff8-f060-4d95-9215-d0f5eb4af037:c4671, 6fae8b02-e804-4c0e-b729-a97b7404b7f6:c4669, 4c3e8a66-6975-4917-8225-d3efe707aaff:c4669]
2019-09-04 11:46:33,607 | INFO  | SCMAudit | user=jenkins1000 | ip=192.168.36.67 | op=ALLOCATE_BLOCK {owner=8ab292a2-aaa7-4ad8-863a-d33994811155, size=4194304, type=RATIS, factor=THREE} | ret=SUCCESS |  
2019-09-04 11:46:33,612 | INFO  | OMAudit | user=jenkins1000 | ip=127.0.0.1 | op=ALLOCATE_BLOCK {volume=vol-0-58699, bucket=bucket-0-57464, key=key-0-37266, dataSize=0, replicationType=null, replicationFactor=null, keyLocationInfo=null, clientID=102734073355960722} | ret=SUCCESS |  
2019-09-04 11:46:33,618 | INFO  | DNAudit | user=null | ip=null | op=WRITE_CHUNK {blockData=conID: 2 locID: 102734075894629006 bcsId: 0} | ret=SUCCESS |  
2019-09-04 11:46:33,620 | INFO  | DNAudit | user=null | ip=null | op=WRITE_CHUNK {blockData=conID: 2 locID: 102734075894629006 bcsId: 0} | ret=SUCCESS |  
2019-09-04 11:46:33,620 | INFO  | DNAudit | user=null | ip=null | op=WRITE_CHUNK {blockData=conID: 2 locID: 102734075894629006 bcsId: 0} | ret=SUCCESS |  
2019-09-04 11:46:33,620 | INFO  | DNAudit | user=null | ip=null | op=WRITE_CHUNK {blockData=conID: 2 locID: 102734075894629006 bcsId: 0} | ret=SUCCESS |  
2019-09-04 11:46:33,622 | INFO  | DNAudit | user=null | ip=null | op=WRITE_CHUNK {blockData=conID: 2 locID: 102734075894629006 bcsId: 0} | ret=SUCCESS |  
2019-09-04 11:46:33,622 | INFO  | DNAudit | user=null | ip=null | op=WRITE_CHUNK {blockData=conID: 2 locID: 102734075894629006 bcsId: 0} | ret=SUCCESS |  
2019-09-04 11:46:33,624 | INFO  | DNAudit | user=null | ip=null | op=WRITE_CHUNK {blockData=conID: 2 locID: 102734075894629006 bcsId: 0} | ret=SUCCESS |  
2019-09-04 11:46:33,624 | INFO  | DNAudit | user=null | ip=null | op=PUT_BLOCK {blockData=[blockId=conID: 2 locID: 102734075894629006 bcsId: 0,size=1048576]} | ret=SUCCESS |  
2019-09-04 11:46:33,624 | INFO  | DNAudit | user=null | ip=null | op=WRITE_CHUNK {blockData=conID: 2 locID: 102734075894629006 bcsId: 0} | ret=SUCCESS |  
2019-09-04 11:46:33,624 [grpc-default-executor-0] INFO  client.GrpcClientProtocolClient (GrpcClientProtocolClient.java:onNext(255)) - client-D5CE890D7D9E->efcb8ff8-f060-4d95-9215-d0f5eb4af037: receive RaftClientReply:client-D5CE890D7D9E->efcb8ff8-f060-4d95-9215-d0f5eb4af037@group-0959F8DF43ED, cid=3101, SUCCESS, logIndex=4672, commits[efcb8ff8-f060-4d95-9215-d0f5eb4af037:c4673, 6fae8b02-e804-4c0e-b729-a97b7404b7f6:c4671, 4c3e8a66-6975-4917-8225-d3efe707aaff:c4669]
2019-09-04 11:46:33,625 | INFO  | DNAudit | user=null | ip=null | op=PUT_BLOCK {blockData=[blockId=conID: 2 locID: 102734075894629006 bcsId: 0,size=2097152]} | ret=SUCCESS |  
2019-09-04 11:46:33,625 [grpc-default-executor-0] INFO  client.GrpcClientProtocolClient (GrpcClientProtocolClient.java:onNext(255)) - client-D5CE890D7D9E->efcb8ff8-f060-4d95-9215-d0f5eb4af037: receive RaftClientReply:client-D5CE890D7D9E->efcb8ff8-f060-4d95-9215-d0f5eb4af037@group-0959F8DF43ED, cid=3102, SUCCESS, logIndex=4673, commits[efcb8ff8-f060-4d95-9215-d0f5eb4af037:c4674, 6fae8b02-e804-4c0e-b729-a97b7404b7f6:c4671, 4c3e8a66-6975-4917-8225-d3efe707aaff:c4671]
2019-09-04 11:46:33,625 [grpc-default-executor-0] INFO  client.GrpcClientProtocolClient (GrpcClientProtocolClient.java:onNext(255)) - client-D5CE890D7D9E->efcb8ff8-f060-4d95-9215-d0f5eb4af037: receive RaftClientReply:client-D5CE890D7D9E->efcb8ff8-f060-4d95-9215-d0f5eb4af037@group-0959F8DF43ED, cid=3103, SUCCESS, logIndex=4674, commits[efcb8ff8-f060-4d95-9215-d0f5eb4af037:c4675, 6fae8b02-e804-4c0e-b729-a97b7404b7f6:c4671, 4c3e8a66-6975-4917-8225-d3efe707aaff:c4671]
2019-09-04 11:46:33,625 [grpc-default-executor-0] INFO  client.GrpcClientProtocolClient (GrpcClientProtocolClient.java:onNext(255)) - client-D5CE890D7D9E->efcb8ff8-f060-4d95-9215-d0f5eb4af037: receive RaftClientReply:client-D5CE890D7D9E->efcb8ff8-f060-4d95-9215-d0f5eb4af037@group-0959F8DF43ED, cid=3104, SUCCESS, logIndex=4675, commits[efcb8ff8-f060-4d95-9215-d0f5eb4af037:c4675, 6fae8b02-e804-4c0e-b729-a97b7404b7f6:c4671, 4c3e8a66-6975-4917-8225-d3efe707aaff:c4671]
2019-09-04 11:46:33,625 | INFO  | DNAudit | user=null | ip=null | op=WRITE_CHUNK {blockData=conID: 2 locID: 102734075894629006 bcsId: 0} | ret=SUCCESS |  
2019-09-04 11:46:33,626 | INFO  | DNAudit | user=null | ip=null | op=PUT_BLOCK {blockData=[blockId=conID: 2 locID: 102734075894629006 bcsId: 0,size=1048576]} | ret=SUCCESS |  
2019-09-04 11:46:33,626 | INFO  | DNAudit | user=null | ip=null | op=WRITE_CHUNK {blockData=conID: 2 locID: 102734075894629006 bcsId: 0} | ret=SUCCESS |  
2019-09-04 11:46:33,626 | INFO  | DNAudit | user=null | ip=null | op=PUT_BLOCK {blockData=[blockId=conID: 2 locID: 102734075894629006 bcsId: 0,size=1048576]} | ret=SUCCESS |  
2019-09-04 11:46:33,626 | INFO  | DNAudit | user=null | ip=null | op=WRITE_CHUNK {blockData=conID: 2 locID: 102734075894629006 bcsId: 0} | ret=SUCCESS |  
2019-09-04 11:46:33,626 [grpc-default-executor-0] INFO  client.GrpcClientProtocolClient (GrpcClientProtocolClient.java:onNext(255)) - client-D5CE890D7D9E->efcb8ff8-f060-4d95-9215-d0f5eb4af037: receive RaftClientReply:client-D5CE890D7D9E->efcb8ff8-f060-4d95-9215-d0f5eb4af037@group-0959F8DF43ED, cid=3105, SUCCESS, logIndex=0, commits[efcb8ff8-f060-4d95-9215-d0f5eb4af037:c4677, 6fae8b02-e804-4c0e-b729-a97b7404b7f6:c4673, 4c3e8a66-6975-4917-8225-d3efe707aaff:c4673]
2019-09-04 11:46:33,626 | INFO  | DNAudit | user=null | ip=null | op=WRITE_CHUNK {blockData=conID: 2 locID: 102734075894629006 bcsId: 0} | ret=SUCCESS |  
2019-09-04 11:46:33,627 | INFO  | DNAudit | user=null | ip=null | op=PUT_BLOCK {blockData=[blockId=conID: 2 locID: 102734075894629006 bcsId: 0,size=2097152]} | ret=SUCCESS |  
2019-09-04 11:46:33,627 | INFO  | DNAudit | user=null | ip=null | op=PUT_BLOCK {blockData=[blockId=conID: 2 locID: 102734075894629006 bcsId: 0,size=2097152]} | ret=SUCCESS |  
2019-09-04 11:46:33,632 | INFO  | DNAudit | user=null | ip=null | op=WRITE_CHUNK {blockData=conID: 2 locID: 102734075894629006 bcsId: 4675} | ret=SUCCESS |  
2019-09-04 11:46:33,634 | INFO  | DNAudit | user=null | ip=null | op=WRITE_CHUNK {blockData=conID: 2 locID: 102734075894629006 bcsId: 4675} | ret=SUCCESS |  
2019-09-04 11:46:33,634 | INFO  | DNAudit | user=null | ip=null | op=WRITE_CHUNK {blockData=conID: 2 locID: 102734075894629006 bcsId: 4675} | ret=SUCCESS |  
2019-09-04 11:46:33,651 | INFO  | DNAudit | user=null | ip=null | op=WRITE_CHUNK {blockData=conID: 2 locID: 102734075894629006 bcsId: 4675} | ret=SUCCESS |  
2019-09-04 11:46:33,652 | INFO  | DNAudit | user=null | ip=null | op=PUT_BLOCK {blockData=[blockId=conID: 2 locID: 102734075894629006 bcsId: 0,size=3145728]} | ret=SUCCESS |  
2019-09-04 11:46:33,652 [grpc-default-executor-5] INFO  client.GrpcClientProtocolClient (GrpcClientProtocolClient.java:onNext(255)) - client-D5CE890D7D9E->efcb8ff8-f060-4d95-9215-d0f5eb4af037: receive RaftClientReply:client-D5CE890D7D9E->efcb8ff8-f060-4d95-9215-d0f5eb4af037@group-0959F8DF43ED, cid=3106, SUCCESS, logIndex=4680, commits[efcb8ff8-f060-4d95-9215-d0f5eb4af037:c4681, 6fae8b02-e804-4c0e-b729-a97b7404b7f6:c4679, 4c3e8a66-6975-4917-8225-d3efe707aaff:c4679]
2019-09-04 11:46:33,652 [grpc-default-executor-5] INFO  client.GrpcClientProtocolClient (GrpcClientProtocolClient.java:onNext(255)) - client-D5CE890D7D9E->efcb8ff8-f060-4d95-9215-d0f5eb4af037: receive RaftClientReply:client-D5CE890D7D9E->efcb8ff8-f060-4d95-9215-d0f5eb4af037@group-0959F8DF43ED, cid=3107, SUCCESS, logIndex=4681, commits[efcb8ff8-f060-4d95-9215-d0f5eb4af037:c4681, 6fae8b02-e804-4c0e-b729-a97b7404b7f6:c4679, 4c3e8a66-6975-4917-8225-d3efe707aaff:c4679]
2019-09-04 11:46:33,658 | INFO  | DNAudit | user=null | ip=null | op=WRITE_CHUNK {blockData=conID: 2 locID: 102734075894629006 bcsId: 4681} | ret=SUCCESS |  
2019-09-04 11:46:33,659 | INFO  | DNAudit | user=null | ip=null | op=WRITE_CHUNK {blockData=conID: 2 locID: 102734075894629006 bcsId: 4681} | ret=SUCCESS |  
2019-09-04 11:46:33,659 | INFO  | DNAudit | user=null | ip=null | op=WRITE_CHUNK {blockData=conID: 2 locID: 102734075894629006 bcsId: 4681} | ret=SUCCESS |  
2019-09-04 11:46:33,663 | INFO  | DNAudit | user=null | ip=null | op=WRITE_CHUNK {blockData=conID: 2 locID: 102734075894629006 bcsId: 4675} | ret=SUCCESS |  
2019-09-04 11:46:33,663 | INFO  | DNAudit | user=null | ip=null | op=WRITE_CHUNK {blockData=conID: 2 locID: 102734075894629006 bcsId: 4675} | ret=SUCCESS |  
2019-09-04 11:46:33,663 | INFO  | DNAudit | user=null | ip=null | op=PUT_BLOCK {blockData=[blockId=conID: 2 locID: 102734075894629006 bcsId: 0,size=3145728]} | ret=SUCCESS |  
2019-09-04 11:46:33,663 | INFO  | DNAudit | user=null | ip=null | op=PUT_BLOCK {blockData=[blockId=conID: 2 locID: 102734075894629006 bcsId: 0,size=3145728]} | ret=SUCCESS |  
2019-09-04 11:46:33,665 | INFO  | DNAudit | user=null | ip=null | op=WRITE_CHUNK {blockData=conID: 2 locID: 102734075894629006 bcsId: 4681} | ret=SUCCESS |  
2019-09-04 11:46:33,665 | INFO  | DNAudit | user=null | ip=null | op=PUT_BLOCK {blockData=[blockId=conID: 2 locID: 102734075894629006 bcsId: 0,size=4194304]} | ret=SUCCESS |  
2019-09-04 11:46:33,665 [grpc-default-executor-5] INFO  client.GrpcClientProtocolClient (GrpcClientProtocolClient.java:onNext(255)) - client-D5CE890D7D9E->efcb8ff8-f060-4d95-9215-d0f5eb4af037: receive RaftClientReply:client-D5CE890D7D9E->efcb8ff8-f060-4d95-9215-d0f5eb4af037@group-0959F8DF43ED, cid=3108, SUCCESS, logIndex=4684, commits[efcb8ff8-f060-4d95-9215-d0f5eb4af037:c4685, 6fae8b02-e804-4c0e-b729-a97b7404b7f6:c4681, 4c3e8a66-6975-4917-8225-d3efe707aaff:c4681]
2019-09-04 11:46:33,665 [grpc-default-executor-5] INFO  client.GrpcClientProtocolClient (GrpcClientProtocolClient.java:onNext(255)) - client-D5CE890D7D9E->efcb8ff8-f060-4d95-9215-d0f5eb4af037: receive RaftClientReply:client-D5CE890D7D9E->efcb8ff8-f060-4d95-9215-d0f5eb4af037@group-0959F8DF43ED, cid=3109, SUCCESS, logIndex=4685, commits[efcb8ff8-f060-4d95-9215-d0f5eb4af037:c4685, 6fae8b02-e804-4c0e-b729-a97b7404b7f6:c4681, 4c3e8a66-6975-4917-8225-d3efe707aaff:c4681]
2019-09-04 11:46:33,683 | INFO  | DNAudit | user=null | ip=null | op=WRITE_CHUNK {blockData=conID: 2 locID: 102734075894629006 bcsId: 4681} | ret=SUCCESS |  
2019-09-04 11:46:33,683 | INFO  | DNAudit | user=null | ip=null | op=WRITE_CHUNK {blockData=conID: 2 locID: 102734075894629006 bcsId: 4681} | ret=SUCCESS |  
2019-09-04 11:46:33,683 | INFO  | DNAudit | user=null | ip=null | op=PUT_BLOCK {blockData=[blockId=conID: 2 locID: 102734075894629006 bcsId: 0,size=4194304]} | ret=SUCCESS |  
2019-09-04 11:46:33,683 | INFO  | DNAudit | user=null | ip=null | op=PUT_BLOCK {blockData=[blockId=conID: 2 locID: 102734075894629006 bcsId: 0,size=4194304]} | ret=SUCCESS |  
2019-09-04 11:46:33,683 [grpc-default-executor-5] INFO  client.GrpcClientProtocolClient (GrpcClientProtocolClient.java:onNext(255)) - client-D5CE890D7D9E->efcb8ff8-f060-4d95-9215-d0f5eb4af037: receive RaftClientReply:client-D5CE890D7D9E->efcb8ff8-f060-4d95-9215-d0f5eb4af037@group-0959F8DF43ED, cid=3110, SUCCESS, logIndex=0, commits[efcb8ff8-f060-4d95-9215-d0f5eb4af037:c4686, 6fae8b02-e804-4c0e-b729-a97b7404b7f6:c4685, 4c3e8a66-6975-4917-8225-d3efe707aaff:c4685]
2019-09-04 11:46:33,692 | INFO  | SCMAudit | user=jenkins1000 | ip=192.168.36.67 | op=ALLOCATE_BLOCK {owner=8ab292a2-aaa7-4ad8-863a-d33994811155, size=4194304, type=RATIS, factor=THREE} | ret=SUCCESS |  
2019-09-04 11:46:33,697 | INFO  | OMAudit | user=jenkins1000 | ip=127.0.0.1 | op=ALLOCATE_BLOCK {volume=vol-0-58699, bucket=bucket-0-57464, key=key-0-37266, dataSize=0, replicationType=null, replicationFactor=null, keyLocationInfo=null, clientID=102734073355960722} | ret=SUCCESS |  
2019-09-04 11:46:33,703 | INFO  | DNAudit | user=null | ip=null | op=WRITE_CHUNK {blockData=conID: 3 locID: 102734075900134031 bcsId: 0} | ret=SUCCESS |  
2019-09-04 11:46:33,704 | INFO  | DNAudit | user=null | ip=null | op=WRITE_CHUNK {blockData=conID: 3 locID: 102734075900134031 bcsId: 0} | ret=SUCCESS |  
2019-09-04 11:46:33,705 | INFO  | DNAudit | user=null | ip=null | op=WRITE_CHUNK {blockData=conID: 3 locID: 102734075900134031 bcsId: 0} | ret=SUCCESS |  
2019-09-04 11:46:33,706 | INFO  | DNAudit | user=null | ip=null | op=WRITE_CHUNK {blockData=conID: 3 locID: 102734075900134031 bcsId: 0} | ret=SUCCESS |  
2019-09-04 11:46:33,707 | INFO  | DNAudit | user=null | ip=null | op=WRITE_CHUNK {blockData=conID: 3 locID: 102734075900134031 bcsId: 0} | ret=SUCCESS |  
2019-09-04 11:46:33,707 | INFO  | DNAudit | user=null | ip=null | op=WRITE_CHUNK {blockData=conID: 3 locID: 102734075900134031 bcsId: 0} | ret=SUCCESS |  
2019-09-04 11:46:33,708 | INFO  | SCMAudit | user=jenkins1000 | ip=192.168.36.67 | op=SEND_HEARTBEAT {datanodeUUID=b68b188c-7f38-42ae-8403-46a39acd0731, command=[]} | ret=SUCCESS |  
2019-09-04 11:46:33,737 | INFO  | SCMAudit | user=jenkins1000 | ip=192.168.36.67 | op=SEND_HEARTBEAT {datanodeUUID=4c3e8a66-6975-4917-8225-d3efe707aaff, command=[]} | ret=SUCCESS |  
2019-09-04 11:46:33,737 | INFO  | SCMAudit | user=jenkins1000 | ip=192.168.36.67 | op=SEND_HEARTBEAT {datanodeUUID=6fae8b02-e804-4c0e-b729-a97b7404b7f6, command=[]} | ret=SUCCESS |  
2019-09-04 11:46:33,741 | INFO  | SCMAudit | user=jenkins1000 | ip=192.168.36.67 | op=SEND_HEARTBEAT {datanodeUUID=0b776101-1d39-4f23-96c0-6a8ead31197c, command=[]} | ret=SUCCESS |  
2019-09-04 11:46:33,745 | INFO  | SCMAudit | user=jenkins1000 | ip=192.168.36.67 | op=SEND_HEARTBEAT {datanodeUUID=efcb8ff8-f060-4d95-9215-d0f5eb4af037, command=[]} | ret=SUCCESS |  
 0.00% |█                                                                                                    |  0/1 Time: 0:00:392019-09-04 11:46:34,057 | INFO  | DNAudit | user=null | ip=null | op=WRITE_CHUNK {blockData=conID: 3 locID: 102734075900134031 bcsId: 0} | ret=SUCCESS |  
2019-09-04 11:46:34,057 | INFO  | DNAudit | user=null | ip=null | op=PUT_BLOCK {blockData=[blockId=conID: 3 locID: 102734075900134031 bcsId: 0,size=1048576]} | ret=SUCCESS |  
2019-09-04 11:46:34,058 [grpc-default-executor-5] INFO  client.GrpcClientProtocolClient (GrpcClientProtocolClient.java:onNext(255)) - client-D5CE890D7D9E->efcb8ff8-f060-4d95-9215-d0f5eb4af037: receive RaftClientReply:client-D5CE890D7D9E->efcb8ff8-f060-4d95-9215-d0f5eb4af037@group-0959F8DF43ED, cid=3111, SUCCESS, logIndex=4688, commits[efcb8ff8-f060-4d95-9215-d0f5eb4af037:c4689, 6fae8b02-e804-4c0e-b729-a97b7404b7f6:c4687, 4c3e8a66-6975-4917-8225-d3efe707aaff:c4685]
2019-09-04 11:46:34,059 [grpc-default-executor-5] INFO  client.GrpcClientProtocolClient (GrpcClientProtocolClient.java:onNext(255)) - client-D5CE890D7D9E->efcb8ff8-f060-4d95-9215-d0f5eb4af037: receive RaftClientReply:client-D5CE890D7D9E->efcb8ff8-f060-4d95-9215-d0f5eb4af037@group-0959F8DF43ED, cid=3112, SUCCESS, logIndex=4689, commits[efcb8ff8-f060-4d95-9215-d0f5eb4af037:c4689, 6fae8b02-e804-4c0e-b729-a97b7404b7f6:c4687, 4c3e8a66-6975-4917-8225-d3efe707aaff:c4685]
2019-09-04 11:46:34,059 | INFO  | DNAudit | user=null | ip=null | op=WRITE_CHUNK {blockData=conID: 3 locID: 102734075900134031 bcsId: 0} | ret=SUCCESS |  
2019-09-04 11:46:34,059 | INFO  | DNAudit | user=null | ip=null | op=PUT_BLOCK {blockData=[blockId=conID: 3 locID: 102734075900134031 bcsId: 0,size=2097152]} | ret=SUCCESS |  
2019-09-04 11:46:34,059 [grpc-default-executor-0] INFO  client.GrpcClientProtocolClient (GrpcClientProtocolClient.java:onNext(255)) - client-D5CE890D7D9E->efcb8ff8-f060-4d95-9215-d0f5eb4af037: receive RaftClientReply:client-D5CE890D7D9E->efcb8ff8-f060-4d95-9215-d0f5eb4af037@group-0959F8DF43ED, cid=3113, SUCCESS, logIndex=4690, commits[efcb8ff8-f060-4d95-9215-d0f5eb4af037:c4691, 6fae8b02-e804-4c0e-b729-a97b7404b7f6:c4687, 4c3e8a66-6975-4917-8225-d3efe707aaff:c4687]
2019-09-04 11:46:34,060 [grpc-default-executor-0] INFO  client.GrpcClientProtocolClient (GrpcClientProtocolClient.java:onNext(255)) - client-D5CE890D7D9E->efcb8ff8-f060-4d95-9215-d0f5eb4af037: receive RaftClientReply:client-D5CE890D7D9E->efcb8ff8-f060-4d95-9215-d0f5eb4af037@group-0959F8DF43ED, cid=3114, SUCCESS, logIndex=4691, commits[efcb8ff8-f060-4d95-9215-d0f5eb4af037:c4691, 6fae8b02-e804-4c0e-b729-a97b7404b7f6:c4687, 4c3e8a66-6975-4917-8225-d3efe707aaff:c4687]
2019-09-04 11:46:34,452 | INFO  | DNAudit | user=null | ip=null | op=WRITE_CHUNK {blockData=conID: 3 locID: 102734075900134031 bcsId: 0} | ret=SUCCESS |  
2019-09-04 11:46:34,453 | INFO  | DNAudit | user=null | ip=null | op=PUT_BLOCK {blockData=[blockId=conID: 3 locID: 102734075900134031 bcsId: 0,size=1048576]} | ret=SUCCESS |  
2019-09-04 11:46:34,454 | INFO  | DNAudit | user=null | ip=null | op=WRITE_CHUNK {blockData=conID: 3 locID: 102734075900134031 bcsId: 0} | ret=SUCCESS |  
2019-09-04 11:46:34,454 | INFO  | DNAudit | user=null | ip=null | op=PUT_BLOCK {blockData=[blockId=conID: 3 locID: 102734075900134031 bcsId: 0,size=1048576]} | ret=SUCCESS |  
2019-09-04 11:46:34,454 [grpc-default-executor-0] INFO  client.GrpcClientProtocolClient (GrpcClientProtocolClient.java:onNext(255)) - client-D5CE890D7D9E->efcb8ff8-f060-4d95-9215-d0f5eb4af037: receive RaftClientReply:client-D5CE890D7D9E->efcb8ff8-f060-4d95-9215-d0f5eb4af037@group-0959F8DF43ED, cid=3115, SUCCESS, logIndex=0, commits[efcb8ff8-f060-4d95-9215-d0f5eb4af037:c4692, 6fae8b02-e804-4c0e-b729-a97b7404b7f6:c4689, 4c3e8a66-6975-4917-8225-d3efe707aaff:c4689]
2019-09-04 11:46:34,463 | INFO  | DNAudit | user=null | ip=null | op=WRITE_CHUNK {blockData=conID: 3 locID: 102734075900134031 bcsId: 4691} | ret=SUCCESS |  
2019-09-04 11:46:34,464 | INFO  | DNAudit | user=null | ip=null | op=WRITE_CHUNK {blockData=conID: 3 locID: 102734075900134031 bcsId: 4691} | ret=SUCCESS |  
2019-09-04 11:46:34,465 | INFO  | DNAudit | user=null | ip=null | op=WRITE_CHUNK {blockData=conID: 3 locID: 102734075900134031 bcsId: 4691} | ret=SUCCESS |  
2019-09-04 11:46:34,466 | INFO  | DNAudit | user=null | ip=null | op=WRITE_CHUNK {blockData=conID: 3 locID: 102734075900134031 bcsId: 0} | ret=SUCCESS |  
2019-09-04 11:46:34,466 | INFO  | DNAudit | user=null | ip=null | op=PUT_BLOCK {blockData=[blockId=conID: 3 locID: 102734075900134031 bcsId: 0,size=2097152]} | ret=SUCCESS |  
2019-09-04 11:46:34,466 | INFO  | DNAudit | user=null | ip=null | op=WRITE_CHUNK {blockData=conID: 3 locID: 102734075900134031 bcsId: 0} | ret=SUCCESS |  
2019-09-04 11:46:34,467 | INFO  | DNAudit | user=null | ip=null | op=PUT_BLOCK {blockData=[blockId=conID: 3 locID: 102734075900134031 bcsId: 0,size=2097152]} | ret=SUCCESS |  
2019-09-04 11:46:34,468 | INFO  | DNAudit | user=null | ip=null | op=WRITE_CHUNK {blockData=conID: 3 locID: 102734075900134031 bcsId: 4691} | ret=SUCCESS |  
2019-09-04 11:46:34,468 | INFO  | DNAudit | user=null | ip=null | op=PUT_BLOCK {blockData=[blockId=conID: 3 locID: 102734075900134031 bcsId: 0,size=3145728]} | ret=SUCCESS |  
2019-09-04 11:46:34,468 [grpc-default-executor-6] INFO  client.GrpcClientProtocolClient (GrpcClientProtocolClient.java:onNext(255)) - client-D5CE890D7D9E->efcb8ff8-f060-4d95-9215-d0f5eb4af037: receive RaftClientReply:client-D5CE890D7D9E->efcb8ff8-f060-4d95-9215-d0f5eb4af037@group-0959F8DF43ED, cid=3116, SUCCESS, logIndex=4695, commits[efcb8ff8-f060-4d95-9215-d0f5eb4af037:c4696, 6fae8b02-e804-4c0e-b729-a97b7404b7f6:c4691, 4c3e8a66-6975-4917-8225-d3efe707aaff:c4692]
2019-09-04 11:46:34,469 [grpc-default-executor-6] INFO  client.GrpcClientProtocolClient (GrpcClientProtocolClient.java:onNext(255)) - client-D5CE890D7D9E->efcb8ff8-f060-4d95-9215-d0f5eb4af037: receive RaftClientReply:client-D5CE890D7D9E->efcb8ff8-f060-4d95-9215-d0f5eb4af037@group-0959F8DF43ED, cid=3117, SUCCESS, logIndex=4696, commits[efcb8ff8-f060-4d95-9215-d0f5eb4af037:c4696, 6fae8b02-e804-4c0e-b729-a97b7404b7f6:c4692, 4c3e8a66-6975-4917-8225-d3efe707aaff:c4692]
2019-09-04 11:46:34,469 | INFO  | DNAudit | user=null | ip=null | op=WRITE_CHUNK {blockData=conID: 3 locID: 102734075900134031 bcsId: 4691} | ret=SUCCESS |  
2019-09-04 11:46:34,469 | INFO  | DNAudit | user=null | ip=null | op=WRITE_CHUNK {blockData=conID: 3 locID: 102734075900134031 bcsId: 4691} | ret=SUCCESS |  
2019-09-04 11:46:34,470 | INFO  | DNAudit | user=null | ip=null | op=PUT_BLOCK {blockData=[blockId=conID: 3 locID: 102734075900134031 bcsId: 0,size=3145728]} | ret=SUCCESS |  
2019-09-04 11:46:34,470 | INFO  | DNAudit | user=null | ip=null | op=PUT_BLOCK {blockData=[blockId=conID: 3 locID: 102734075900134031 bcsId: 0,size=3145728]} | ret=SUCCESS |  
2019-09-04 11:46:34,474 | INFO  | DNAudit | user=null | ip=null | op=WRITE_CHUNK {blockData=conID: 3 locID: 102734075900134031 bcsId: 4696} | ret=SUCCESS |  
2019-09-04 11:46:34,477 | INFO  | DNAudit | user=null | ip=null | op=WRITE_CHUNK {blockData=conID: 3 locID: 102734075900134031 bcsId: 4696} | ret=SUCCESS |  
2019-09-04 11:46:34,478 | INFO  | DNAudit | user=null | ip=null | op=WRITE_CHUNK {blockData=conID: 3 locID: 102734075900134031 bcsId: 4696} | ret=SUCCESS |  
2019-09-04 11:46:34,481 | INFO  | DNAudit | user=null | ip=null | op=WRITE_CHUNK {blockData=conID: 3 locID: 102734075900134031 bcsId: 4696} | ret=SUCCESS |  
2019-09-04 11:46:34,481 | INFO  | DNAudit | user=null | ip=null | op=PUT_BLOCK {blockData=[blockId=conID: 3 locID: 102734075900134031 bcsId: 0,size=4194304]} | ret=SUCCESS |  
2019-09-04 11:46:34,481 [grpc-default-executor-0] INFO  client.GrpcClientProtocolClient (GrpcClientProtocolClient.java:onNext(255)) - client-D5CE890D7D9E->efcb8ff8-f060-4d95-9215-d0f5eb4af037: receive RaftClientReply:client-D5CE890D7D9E->efcb8ff8-f060-4d95-9215-d0f5eb4af037@group-0959F8DF43ED, cid=3118, SUCCESS, logIndex=4699, commits[efcb8ff8-f060-4d95-9215-d0f5eb4af037:c4700, 6fae8b02-e804-4c0e-b729-a97b7404b7f6:c4698, 4c3e8a66-6975-4917-8225-d3efe707aaff:c4698]
2019-09-04 11:46:34,481 [grpc-default-executor-0] INFO  client.GrpcClientProtocolClient (GrpcClientProtocolClient.java:onNext(255)) - client-D5CE890D7D9E->efcb8ff8-f060-4d95-9215-d0f5eb4af037: receive RaftClientReply:client-D5CE890D7D9E->efcb8ff8-f060-4d95-9215-d0f5eb4af037@group-0959F8DF43ED, cid=3119, SUCCESS, logIndex=4700, commits[efcb8ff8-f060-4d95-9215-d0f5eb4af037:c4700, 6fae8b02-e804-4c0e-b729-a97b7404b7f6:c4698, 4c3e8a66-6975-4917-8225-d3efe707aaff:c4698]
2019-09-04 11:46:34,492 | INFO  | DNAudit | user=null | ip=null | op=WRITE_CHUNK {blockData=conID: 3 locID: 102734075900134031 bcsId: 4696} | ret=SUCCESS |  
2019-09-04 11:46:34,492 | INFO  | DNAudit | user=null | ip=null | op=WRITE_CHUNK {blockData=conID: 3 locID: 102734075900134031 bcsId: 4696} | ret=SUCCESS |  
2019-09-04 11:46:34,493 | INFO  | DNAudit | user=null | ip=null | op=PUT_BLOCK {blockData=[blockId=conID: 3 locID: 102734075900134031 bcsId: 0,size=4194304]} | ret=SUCCESS |  
2019-09-04 11:46:34,493 | INFO  | DNAudit | user=null | ip=null | op=PUT_BLOCK {blockData=[blockId=conID: 3 locID: 102734075900134031 bcsId: 0,size=4194304]} | ret=SUCCESS |  
2019-09-04 11:46:34,493 [grpc-default-executor-0] INFO  client.GrpcClientProtocolClient (GrpcClientProtocolClient.java:onNext(255)) - client-D5CE890D7D9E->efcb8ff8-f060-4d95-9215-d0f5eb4af037: receive RaftClientReply:client-D5CE890D7D9E->efcb8ff8-f060-4d95-9215-d0f5eb4af037@group-0959F8DF43ED, cid=3120, SUCCESS, logIndex=0, commits[efcb8ff8-f060-4d95-9215-d0f5eb4af037:c4701, 6fae8b02-e804-4c0e-b729-a97b7404b7f6:c4700, 4c3e8a66-6975-4917-8225-d3efe707aaff:c4700]
2019-09-04 11:46:34,498 | INFO  | SCMAudit | user=jenkins1000 | ip=192.168.36.67 | op=ALLOCATE_BLOCK {owner=8ab292a2-aaa7-4ad8-863a-d33994811155, size=4194304, type=RATIS, factor=THREE} | ret=SUCCESS |  
2019-09-04 11:46:34,502 | INFO  | OMAudit | user=jenkins1000 | ip=127.0.0.1 | op=ALLOCATE_BLOCK {volume=vol-0-58699, bucket=bucket-0-57464, key=key-0-37266, dataSize=0, replicationType=null, replicationFactor=null, keyLocationInfo=null, clientID=102734073355960722} | ret=SUCCESS |  
2019-09-04 11:46:34,508 | INFO  | DNAudit | user=null | ip=null | op=WRITE_CHUNK {blockData=conID: 1 locID: 102734075953021584 bcsId: 0} | ret=SUCCESS |  
2019-09-04 11:46:34,511 | INFO  | DNAudit | user=null | ip=null | op=WRITE_CHUNK {blockData=conID: 1 locID: 102734075953021584 bcsId: 0} | ret=SUCCESS |  
2019-09-04 11:46:34,511 | INFO  | DNAudit | user=null | ip=null | op=WRITE_CHUNK {blockData=conID: 1 locID: 102734075953021584 bcsId: 0} | ret=SUCCESS |  
2019-09-04 11:46:34,511 | INFO  | DNAudit | user=null | ip=null | op=WRITE_CHUNK {blockData=conID: 1 locID: 102734075953021584 bcsId: 0} | ret=SUCCESS |  
2019-09-04 11:46:34,512 | INFO  | DNAudit | user=null | ip=null | op=WRITE_CHUNK {blockData=conID: 1 locID: 102734075953021584 bcsId: 0} | ret=SUCCESS |  
2019-09-04 11:46:34,512 | INFO  | DNAudit | user=null | ip=null | op=WRITE_CHUNK {blockData=conID: 1 locID: 102734075953021584 bcsId: 0} | ret=SUCCESS |  
2019-09-04 11:46:34,520 | INFO  | DNAudit | user=null | ip=null | op=WRITE_CHUNK {blockData=conID: 1 locID: 102734075953021584 bcsId: 0} | ret=SUCCESS |  
2019-09-04 11:46:34,520 | INFO  | DNAudit | user=null | ip=null | op=PUT_BLOCK {blockData=[blockId=conID: 1 locID: 102734075953021584 bcsId: 0,size=1048576]} | ret=SUCCESS |  
2019-09-04 11:46:34,521 [grpc-default-executor-5] INFO  client.GrpcClientProtocolClient (GrpcClientProtocolClient.java:onNext(255)) - client-D5CE890D7D9E->efcb8ff8-f060-4d95-9215-d0f5eb4af037: receive RaftClientReply:client-D5CE890D7D9E->efcb8ff8-f060-4d95-9215-d0f5eb4af037@group-0959F8DF43ED, cid=3121, SUCCESS, logIndex=4703, commits[efcb8ff8-f060-4d95-9215-d0f5eb4af037:c4706, 6fae8b02-e804-4c0e-b729-a97b7404b7f6:c4702, 4c3e8a66-6975-4917-8225-d3efe707aaff:c4700]
2019-09-04 11:46:34,521 | INFO  | DNAudit | user=null | ip=null | op=WRITE_CHUNK {blockData=conID: 1 locID: 102734075953021584 bcsId: 0} | ret=SUCCESS |  
2019-09-04 11:46:34,521 | INFO  | DNAudit | user=null | ip=null | op=PUT_BLOCK {blockData=[blockId=conID: 1 locID: 102734075953021584 bcsId: 0,size=2097152]} | ret=SUCCESS |  
2019-09-04 11:46:34,521 [grpc-default-executor-5] INFO  client.GrpcClientProtocolClient (GrpcClientProtocolClient.java:onNext(255)) - client-D5CE890D7D9E->efcb8ff8-f060-4d95-9215-d0f5eb4af037: receive RaftClientReply:client-D5CE890D7D9E->efcb8ff8-f060-4d95-9215-d0f5eb4af037@group-0959F8DF43ED, cid=3122, SUCCESS, logIndex=4704, commits[efcb8ff8-f060-4d95-9215-d0f5eb4af037:c4706, 6fae8b02-e804-4c0e-b729-a97b7404b7f6:c4702, 4c3e8a66-6975-4917-8225-d3efe707aaff:c4702]
2019-09-04 11:46:34,521 [grpc-default-executor-5] INFO  client.GrpcClientProtocolClient (GrpcClientProtocolClient.java:onNext(255)) - client-D5CE890D7D9E->efcb8ff8-f060-4d95-9215-d0f5eb4af037: receive RaftClientReply:client-D5CE890D7D9E->efcb8ff8-f060-4d95-9215-d0f5eb4af037@group-0959F8DF43ED, cid=3123, SUCCESS, logIndex=4705, commits[efcb8ff8-f060-4d95-9215-d0f5eb4af037:c4706, 6fae8b02-e804-4c0e-b729-a97b7404b7f6:c4702, 4c3e8a66-6975-4917-8225-d3efe707aaff:c4702]
2019-09-04 11:46:34,521 [grpc-default-executor-5] INFO  client.GrpcClientProtocolClient (GrpcClientProtocolClient.java:onNext(255)) - client-D5CE890D7D9E->efcb8ff8-f060-4d95-9215-d0f5eb4af037: receive RaftClientReply:client-D5CE890D7D9E->efcb8ff8-f060-4d95-9215-d0f5eb4af037@group-0959F8DF43ED, cid=3124, SUCCESS, logIndex=4706, commits[efcb8ff8-f060-4d95-9215-d0f5eb4af037:c4706, 6fae8b02-e804-4c0e-b729-a97b7404b7f6:c4702, 4c3e8a66-6975-4917-8225-d3efe707aaff:c4702]
2019-09-04 11:46:34,522 | INFO  | DNAudit | user=null | ip=null | op=WRITE_CHUNK {blockData=conID: 1 locID: 102734075953021584 bcsId: 0} | ret=SUCCESS |  
2019-09-04 11:46:34,522 | INFO  | DNAudit | user=null | ip=null | op=PUT_BLOCK {blockData=[blockId=conID: 1 locID: 102734075953021584 bcsId: 0,size=1048576]} | ret=SUCCESS |  
2019-09-04 11:46:34,522 | INFO  | DNAudit | user=null | ip=null | op=WRITE_CHUNK {blockData=conID: 1 locID: 102734075953021584 bcsId: 0} | ret=SUCCESS |  
2019-09-04 11:46:34,523 | INFO  | DNAudit | user=null | ip=null | op=WRITE_CHUNK {blockData=conID: 1 locID: 102734075953021584 bcsId: 0} | ret=SUCCESS |  
2019-09-04 11:46:34,523 | INFO  | DNAudit | user=null | ip=null | op=PUT_BLOCK {blockData=[blockId=conID: 1 locID: 102734075953021584 bcsId: 0,size=1048576]} | ret=SUCCESS |  
2019-09-04 11:46:34,523 [grpc-default-executor-5] INFO  client.GrpcClientProtocolClient (GrpcClientProtocolClient.java:onNext(255)) - client-D5CE890D7D9E->efcb8ff8-f060-4d95-9215-d0f5eb4af037: receive RaftClientReply:client-D5CE890D7D9E->efcb8ff8-f060-4d95-9215-d0f5eb4af037@group-0959F8DF43ED, cid=3125, SUCCESS, logIndex=0, commits[efcb8ff8-f060-4d95-9215-d0f5eb4af037:c4707, 6fae8b02-e804-4c0e-b729-a97b7404b7f6:c4706, 4c3e8a66-6975-4917-8225-d3efe707aaff:c4706]
2019-09-04 11:46:34,523 | INFO  | DNAudit | user=null | ip=null | op=PUT_BLOCK {blockData=[blockId=conID: 1 locID: 102734075953021584 bcsId: 0,size=2097152]} | ret=SUCCESS |  
2019-09-04 11:46:34,523 | INFO  | DNAudit | user=null | ip=null | op=WRITE_CHUNK {blockData=conID: 1 locID: 102734075953021584 bcsId: 0} | ret=SUCCESS |  
2019-09-04 11:46:34,523 | INFO  | DNAudit | user=null | ip=null | op=PUT_BLOCK {blockData=[blockId=conID: 1 locID: 102734075953021584 bcsId: 0,size=2097152]} | ret=SUCCESS |  
2019-09-04 11:46:34,528 | INFO  | DNAudit | user=null | ip=null | op=WRITE_CHUNK {blockData=conID: 1 locID: 102734075953021584 bcsId: 4706} | ret=SUCCESS |  
2019-09-04 11:46:34,530 | INFO  | DNAudit | user=null | ip=null | op=WRITE_CHUNK {blockData=conID: 1 locID: 102734075953021584 bcsId: 4706} | ret=SUCCESS |  
2019-09-04 11:46:34,530 | INFO  | DNAudit | user=null | ip=null | op=WRITE_CHUNK {blockData=conID: 1 locID: 102734075953021584 bcsId: 4706} | ret=SUCCESS |  
2019-09-04 11:46:34,553 | INFO  | DNAudit | user=null | ip=null | op=WRITE_CHUNK {blockData=conID: 1 locID: 102734075953021584 bcsId: 4706} | ret=SUCCESS |  
2019-09-04 11:46:34,554 | INFO  | DNAudit | user=null | ip=null | op=PUT_BLOCK {blockData=[blockId=conID: 1 locID: 102734075953021584 bcsId: 0,size=3145728]} | ret=SUCCESS |  
2019-09-04 11:46:34,554 [grpc-default-executor-0] INFO  client.GrpcClientProtocolClient (GrpcClientProtocolClient.java:onNext(255)) - client-D5CE890D7D9E->efcb8ff8-f060-4d95-9215-d0f5eb4af037: receive RaftClientReply:client-D5CE890D7D9E->efcb8ff8-f060-4d95-9215-d0f5eb4af037@group-0959F8DF43ED, cid=3126, SUCCESS, logIndex=4709, commits[efcb8ff8-f060-4d95-9215-d0f5eb4af037:c4710, 6fae8b02-e804-4c0e-b729-a97b7404b7f6:c4707, 4c3e8a66-6975-4917-8225-d3efe707aaff:c4707]
2019-09-04 11:46:34,554 [grpc-default-executor-0] INFO  client.GrpcClientProtocolClient (GrpcClientProtocolClient.java:onNext(255)) - client-D5CE890D7D9E->efcb8ff8-f060-4d95-9215-d0f5eb4af037: receive RaftClientReply:client-D5CE890D7D9E->efcb8ff8-f060-4d95-9215-d0f5eb4af037@group-0959F8DF43ED, cid=3127, SUCCESS, logIndex=4710, commits[efcb8ff8-f060-4d95-9215-d0f5eb4af037:c4710, 6fae8b02-e804-4c0e-b729-a97b7404b7f6:c4707, 4c3e8a66-6975-4917-8225-d3efe707aaff:c4707]
2019-09-04 11:46:34,555 | INFO  | DNAudit | user=null | ip=null | op=WRITE_CHUNK {blockData=conID: 1 locID: 102734075953021584 bcsId: 4706} | ret=SUCCESS |  
2019-09-04 11:46:34,555 | INFO  | DNAudit | user=null | ip=null | op=WRITE_CHUNK {blockData=conID: 1 locID: 102734075953021584 bcsId: 4706} | ret=SUCCESS |  
2019-09-04 11:46:34,555 | INFO  | DNAudit | user=null | ip=null | op=PUT_BLOCK {blockData=[blockId=conID: 1 locID: 102734075953021584 bcsId: 0,size=3145728]} | ret=SUCCESS |  
2019-09-04 11:46:34,555 | INFO  | DNAudit | user=null | ip=null | op=PUT_BLOCK {blockData=[blockId=conID: 1 locID: 102734075953021584 bcsId: 0,size=3145728]} | ret=SUCCESS |  
2019-09-04 11:46:34,561 | INFO  | DNAudit | user=null | ip=null | op=WRITE_CHUNK {blockData=conID: 1 locID: 102734075953021584 bcsId: 4710} | ret=SUCCESS |  
2019-09-04 11:46:34,562 | INFO  | DNAudit | user=null | ip=null | op=WRITE_CHUNK {blockData=conID: 1 locID: 102734075953021584 bcsId: 4710} | ret=SUCCESS |  
2019-09-04 11:46:34,563 | INFO  | DNAudit | user=null | ip=null | op=WRITE_CHUNK {blockData=conID: 1 locID: 102734075953021584 bcsId: 4710} | ret=SUCCESS |  
2019-09-04 11:46:34,576 | INFO  | DNAudit | user=null | ip=null | op=WRITE_CHUNK {blockData=conID: 1 locID: 102734075953021584 bcsId: 4710} | ret=SUCCESS |  
2019-09-04 11:46:34,576 | INFO  | DNAudit | user=null | ip=null | op=PUT_BLOCK {blockData=[blockId=conID: 1 locID: 102734075953021584 bcsId: 0,size=4194304]} | ret=SUCCESS |  
2019-09-04 11:46:34,576 [grpc-default-executor-0] INFO  client.GrpcClientProtocolClient (GrpcClientProtocolClient.java:onNext(255)) - client-D5CE890D7D9E->efcb8ff8-f060-4d95-9215-d0f5eb4af037: receive RaftClientReply:client-D5CE890D7D9E->efcb8ff8-f060-4d95-9215-d0f5eb4af037@group-0959F8DF43ED, cid=3128, SUCCESS, logIndex=4713, commits[efcb8ff8-f060-4d95-9215-d0f5eb4af037:c4714, 6fae8b02-e804-4c0e-b729-a97b7404b7f6:c4711, 4c3e8a66-6975-4917-8225-d3efe707aaff:c4711]
2019-09-04 11:46:34,576 [grpc-default-executor-0] INFO  client.GrpcClientProtocolClient (GrpcClientProtocolClient.java:onNext(255)) - client-D5CE890D7D9E->efcb8ff8-f060-4d95-9215-d0f5eb4af037: receive RaftClientReply:client-D5CE890D7D9E->efcb8ff8-f060-4d95-9215-d0f5eb4af037@group-0959F8DF43ED, cid=3129, SUCCESS, logIndex=4714, commits[efcb8ff8-f060-4d95-9215-d0f5eb4af037:c4714, 6fae8b02-e804-4c0e-b729-a97b7404b7f6:c4711, 4c3e8a66-6975-4917-8225-d3efe707aaff:c4711]
2019-09-04 11:46:34,577 | INFO  | DNAudit | user=null | ip=null | op=WRITE_CHUNK {blockData=conID: 1 locID: 102734075953021584 bcsId: 4710} | ret=SUCCESS |  
2019-09-04 11:46:34,577 | INFO  | DNAudit | user=null | ip=null | op=WRITE_CHUNK {blockData=conID: 1 locID: 102734075953021584 bcsId: 4710} | ret=SUCCESS |  
2019-09-04 11:46:34,578 | INFO  | DNAudit | user=null | ip=null | op=PUT_BLOCK {blockData=[blockId=conID: 1 locID: 102734075953021584 bcsId: 0,size=4194304]} | ret=SUCCESS |  
2019-09-04 11:46:34,578 | INFO  | DNAudit | user=null | ip=null | op=PUT_BLOCK {blockData=[blockId=conID: 1 locID: 102734075953021584 bcsId: 0,size=4194304]} | ret=SUCCESS |  
2019-09-04 11:46:34,579 [grpc-default-executor-5] INFO  client.GrpcClientProtocolClient (GrpcClientProtocolClient.java:onNext(255)) - client-D5CE890D7D9E->efcb8ff8-f060-4d95-9215-d0f5eb4af037: receive RaftClientReply:client-D5CE890D7D9E->efcb8ff8-f060-4d95-9215-d0f5eb4af037@group-0959F8DF43ED, cid=3130, SUCCESS, logIndex=0, commits[efcb8ff8-f060-4d95-9215-d0f5eb4af037:c4716, 6fae8b02-e804-4c0e-b729-a97b7404b7f6:c4714, 4c3e8a66-6975-4917-8225-d3efe707aaff:c4714]
2019-09-04 11:46:34,583 | INFO  | SCMAudit | user=jenkins1000 | ip=192.168.36.67 | op=ALLOCATE_BLOCK {owner=8ab292a2-aaa7-4ad8-863a-d33994811155, size=4194304, type=RATIS, factor=THREE} | ret=SUCCESS |  
2019-09-04 11:46:34,587 | INFO  | OMAudit | user=jenkins1000 | ip=127.0.0.1 | op=ALLOCATE_BLOCK {volume=vol-0-58699, bucket=bucket-0-57464, key=key-0-37266, dataSize=0, replicationType=null, replicationFactor=null, keyLocationInfo=null, clientID=102734073355960722} | ret=SUCCESS |  
2019-09-04 11:46:34,717 | INFO  | SCMAudit | user=jenkins1000 | ip=192.168.36.67 | op=SEND_HEARTBEAT {datanodeUUID=b68b188c-7f38-42ae-8403-46a39acd0731, command=[]} | ret=SUCCESS |  
2019-09-04 11:46:34,718 | INFO  | DNAudit | user=null | ip=null | op=WRITE_CHUNK {blockData=conID: 2 locID: 102734075958592145 bcsId: 0} | ret=SUCCESS |  
2019-09-04 11:46:34,719 | INFO  | DNAudit | user=null | ip=null | op=WRITE_CHUNK {blockData=conID: 2 locID: 102734075958592145 bcsId: 0} | ret=SUCCESS |  
2019-09-04 11:46:34,721 | INFO  | DNAudit | user=null | ip=null | op=WRITE_CHUNK {blockData=conID: 2 locID: 102734075958592145 bcsId: 0} | ret=SUCCESS |  
2019-09-04 11:46:34,721 | INFO  | DNAudit | user=null | ip=null | op=WRITE_CHUNK {blockData=conID: 2 locID: 102734075958592145 bcsId: 0} | ret=SUCCESS |  
2019-09-04 11:46:34,723 | INFO  | DNAudit | user=null | ip=null | op=WRITE_CHUNK {blockData=conID: 2 locID: 102734075958592145 bcsId: 0} | ret=SUCCESS |  
2019-09-04 11:46:34,724 | INFO  | DNAudit | user=null | ip=null | op=WRITE_CHUNK {blockData=conID: 2 locID: 102734075958592145 bcsId: 0} | ret=SUCCESS |  
2019-09-04 11:46:34,732 | INFO  | DNAudit | user=null | ip=null | op=WRITE_CHUNK {blockData=conID: 2 locID: 102734075958592145 bcsId: 0} | ret=SUCCESS |  
2019-09-04 11:46:34,732 | INFO  | DNAudit | user=null | ip=null | op=PUT_BLOCK {blockData=[blockId=conID: 2 locID: 102734075958592145 bcsId: 0,size=1048576]} | ret=SUCCESS |  
2019-09-04 11:46:34,732 [grpc-default-executor-6] INFO  client.GrpcClientProtocolClient (GrpcClientProtocolClient.java:onNext(255)) - client-D5CE890D7D9E->efcb8ff8-f060-4d95-9215-d0f5eb4af037: receive RaftClientReply:client-D5CE890D7D9E->efcb8ff8-f060-4d95-9215-d0f5eb4af037@group-0959F8DF43ED, cid=3131, SUCCESS, logIndex=4717, commits[efcb8ff8-f060-4d95-9215-d0f5eb4af037:c4718, 6fae8b02-e804-4c0e-b729-a97b7404b7f6:c4716, 4c3e8a66-6975-4917-8225-d3efe707aaff:c4716]
2019-09-04 11:46:34,733 [grpc-default-executor-6] INFO  client.GrpcClientProtocolClient (GrpcClientProtocolClient.java:onNext(255)) - client-D5CE890D7D9E->efcb8ff8-f060-4d95-9215-d0f5eb4af037: receive RaftClientReply:client-D5CE890D7D9E->efcb8ff8-f060-4d95-9215-d0f5eb4af037@group-0959F8DF43ED, cid=3132, SUCCESS, logIndex=4718, commits[efcb8ff8-f060-4d95-9215-d0f5eb4af037:c4718, 6fae8b02-e804-4c0e-b729-a97b7404b7f6:c4716, 4c3e8a66-6975-4917-8225-d3efe707aaff:c4716]
2019-09-04 11:46:34,737 | INFO  | SCMAudit | user=jenkins1000 | ip=192.168.36.67 | op=SEND_HEARTBEAT {datanodeUUID=4c3e8a66-6975-4917-8225-d3efe707aaff, command=[]} | ret=SUCCESS |  
2019-09-04 11:46:34,737 | INFO  | SCMAudit | user=jenkins1000 | ip=192.168.36.67 | op=SEND_HEARTBEAT {datanodeUUID=6fae8b02-e804-4c0e-b729-a97b7404b7f6, command=[]} | ret=SUCCESS |  
2019-09-04 11:46:34,741 | INFO  | SCMAudit | user=jenkins1000 | ip=192.168.36.67 | op=SEND_HEARTBEAT {datanodeUUID=0b776101-1d39-4f23-96c0-6a8ead31197c, command=[]} | ret=SUCCESS |  
2019-09-04 11:46:34,745 | INFO  | SCMAudit | user=jenkins1000 | ip=192.168.36.67 | op=SEND_HEARTBEAT {datanodeUUID=efcb8ff8-f060-4d95-9215-d0f5eb4af037, command=[]} | ret=SUCCESS |  
2019-09-04 11:46:34,751 | INFO  | DNAudit | user=null | ip=null | op=WRITE_CHUNK {blockData=conID: 2 locID: 102734075958592145 bcsId: 0} | ret=SUCCESS |  
2019-09-04 11:46:34,752 | INFO  | DNAudit | user=null | ip=null | op=PUT_BLOCK {blockData=[blockId=conID: 2 locID: 102734075958592145 bcsId: 0,size=2097152]} | ret=SUCCESS |  
2019-09-04 11:46:34,752 [grpc-default-executor-5] INFO  client.GrpcClientProtocolClient (GrpcClientProtocolClient.java:onNext(255)) - client-D5CE890D7D9E->efcb8ff8-f060-4d95-9215-d0f5eb4af037: receive RaftClientReply:client-D5CE890D7D9E->efcb8ff8-f060-4d95-9215-d0f5eb4af037@group-0959F8DF43ED, cid=3133, SUCCESS, logIndex=4719, commits[efcb8ff8-f060-4d95-9215-d0f5eb4af037:c4720, 6fae8b02-e804-4c0e-b729-a97b7404b7f6:c4716, 4c3e8a66-6975-4917-8225-d3efe707aaff:c4716]
2019-09-04 11:46:34,752 [grpc-default-executor-5] INFO  client.GrpcClientProtocolClient (GrpcClientProtocolClient.java:onNext(255)) - client-D5CE890D7D9E->efcb8ff8-f060-4d95-9215-d0f5eb4af037: receive RaftClientReply:client-D5CE890D7D9E->efcb8ff8-f060-4d95-9215-d0f5eb4af037@group-0959F8DF43ED, cid=3134, SUCCESS, logIndex=4720, commits[efcb8ff8-f060-4d95-9215-d0f5eb4af037:c4720, 6fae8b02-e804-4c0e-b729-a97b7404b7f6:c4716, 4c3e8a66-6975-4917-8225-d3efe707aaff:c4716]
2019-09-04 11:46:34,771 | INFO  | DNAudit | user=null | ip=null | op=WRITE_CHUNK {blockData=conID: 2 locID: 102734075958592145 bcsId: 0} | ret=SUCCESS |  
2019-09-04 11:46:34,771 | INFO  | DNAudit | user=null | ip=null | op=PUT_BLOCK {blockData=[blockId=conID: 2 locID: 102734075958592145 bcsId: 0,size=1048576]} | ret=SUCCESS |  
2019-09-04 11:46:34,772 | INFO  | DNAudit | user=null | ip=null | op=WRITE_CHUNK {blockData=conID: 2 locID: 102734075958592145 bcsId: 0} | ret=SUCCESS |  
2019-09-04 11:46:34,772 | INFO  | DNAudit | user=null | ip=null | op=PUT_BLOCK {blockData=[blockId=conID: 2 locID: 102734075958592145 bcsId: 0,size=1048576]} | ret=SUCCESS |  
2019-09-04 11:46:34,772 [grpc-default-executor-5] INFO  client.GrpcClientProtocolClient (GrpcClientProtocolClient.java:onNext(255)) - client-D5CE890D7D9E->efcb8ff8-f060-4d95-9215-d0f5eb4af037: receive RaftClientReply:client-D5CE890D7D9E->efcb8ff8-f060-4d95-9215-d0f5eb4af037@group-0959F8DF43ED, cid=3135, SUCCESS, logIndex=0, commits[efcb8ff8-f060-4d95-9215-d0f5eb4af037:c4722, 6fae8b02-e804-4c0e-b729-a97b7404b7f6:c4718, 4c3e8a66-6975-4917-8225-d3efe707aaff:c4718]
2019-09-04 11:46:34,773 | INFO  | DNAudit | user=null | ip=null | op=WRITE_CHUNK {blockData=conID: 2 locID: 102734075958592145 bcsId: 0} | ret=SUCCESS |  
2019-09-04 11:46:34,773 | INFO  | DNAudit | user=null | ip=null | op=PUT_BLOCK {blockData=[blockId=conID: 2 locID: 102734075958592145 bcsId: 0,size=2097152]} | ret=SUCCESS |  
2019-09-04 11:46:34,773 | INFO  | DNAudit | user=null | ip=null | op=WRITE_CHUNK {blockData=conID: 2 locID: 102734075958592145 bcsId: 0} | ret=SUCCESS |  
2019-09-04 11:46:34,774 | INFO  | DNAudit | user=null | ip=null | op=PUT_BLOCK {blockData=[blockId=conID: 2 locID: 102734075958592145 bcsId: 0,size=2097152]} | ret=SUCCESS |  
2019-09-04 11:46:34,780 | INFO  | DNAudit | user=null | ip=null | op=WRITE_CHUNK {blockData=conID: 2 locID: 102734075958592145 bcsId: 4720} | ret=SUCCESS |  
2019-09-04 11:46:34,782 | INFO  | DNAudit | user=null | ip=null | op=WRITE_CHUNK {blockData=conID: 2 locID: 102734075958592145 bcsId: 4720} | ret=SUCCESS |  
2019-09-04 11:46:34,782 | INFO  | DNAudit | user=null | ip=null | op=WRITE_CHUNK {blockData=conID: 2 locID: 102734075958592145 bcsId: 4720} | ret=SUCCESS |  
2019-09-04 11:46:34,797 | INFO  | DNAudit | user=null | ip=null | op=WRITE_CHUNK {blockData=conID: 2 locID: 102734075958592145 bcsId: 4720} | ret=SUCCESS |  
2019-09-04 11:46:34,797 | INFO  | DNAudit | user=null | ip=null | op=PUT_BLOCK {blockData=[blockId=conID: 2 locID: 102734075958592145 bcsId: 0,size=3145728]} | ret=SUCCESS |  
2019-09-04 11:46:34,797 [grpc-default-executor-6] INFO  client.GrpcClientProtocolClient (GrpcClientProtocolClient.java:onNext(255)) - client-D5CE890D7D9E->efcb8ff8-f060-4d95-9215-d0f5eb4af037: receive RaftClientReply:client-D5CE890D7D9E->efcb8ff8-f060-4d95-9215-d0f5eb4af037@group-0959F8DF43ED, cid=3136, SUCCESS, logIndex=4725, commits[efcb8ff8-f060-4d95-9215-d0f5eb4af037:c4726, 6fae8b02-e804-4c0e-b729-a97b7404b7f6:c4724, 4c3e8a66-6975-4917-8225-d3efe707aaff:c4724]
2019-09-04 11:46:34,798 [grpc-default-executor-6] INFO  client.GrpcClientProtocolClient (GrpcClientProtocolClient.java:onNext(255)) - client-D5CE890D7D9E->efcb8ff8-f060-4d95-9215-d0f5eb4af037: receive RaftClientReply:client-D5CE890D7D9E->efcb8ff8-f060-4d95-9215-d0f5eb4af037@group-0959F8DF43ED, cid=3137, SUCCESS, logIndex=4726, commits[efcb8ff8-f060-4d95-9215-d0f5eb4af037:c4726, 6fae8b02-e804-4c0e-b729-a97b7404b7f6:c4724, 4c3e8a66-6975-4917-8225-d3efe707aaff:c4724]
2019-09-04 11:46:34,805 | INFO  | DNAudit | user=null | ip=null | op=WRITE_CHUNK {blockData=conID: 2 locID: 102734075958592145 bcsId: 4726} | ret=SUCCESS |  
2019-09-04 11:46:34,807 | INFO  | DNAudit | user=null | ip=null | op=WRITE_CHUNK {blockData=conID: 2 locID: 102734075958592145 bcsId: 4726} | ret=SUCCESS |  
2019-09-04 11:46:34,808 | INFO  | DNAudit | user=null | ip=null | op=WRITE_CHUNK {blockData=conID: 2 locID: 102734075958592145 bcsId: 4726} | ret=SUCCESS |  
2019-09-04 11:46:34,824 | INFO  | DNAudit | user=null | ip=null | op=WRITE_CHUNK {blockData=conID: 2 locID: 102734075958592145 bcsId: 4720} | ret=SUCCESS |  
2019-09-04 11:46:34,824 | INFO  | DNAudit | user=null | ip=null | op=WRITE_CHUNK {blockData=conID: 2 locID: 102734075958592145 bcsId: 4720} | ret=SUCCESS |  
2019-09-04 11:46:34,824 | INFO  | DNAudit | user=null | ip=null | op=PUT_BLOCK {blockData=[blockId=conID: 2 locID: 102734075958592145 bcsId: 0,size=3145728]} | ret=SUCCESS |  
2019-09-04 11:46:34,824 | INFO  | DNAudit | user=null | ip=null | op=PUT_BLOCK {blockData=[blockId=conID: 2 locID: 102734075958592145 bcsId: 0,size=3145728]} | ret=SUCCESS |  
2019-09-04 11:46:34,825 | INFO  | DNAudit | user=null | ip=null | op=WRITE_CHUNK {blockData=conID: 2 locID: 102734075958592145 bcsId: 4726} | ret=SUCCESS |  
2019-09-04 11:46:34,826 | INFO  | DNAudit | user=null | ip=null | op=PUT_BLOCK {blockData=[blockId=conID: 2 locID: 102734075958592145 bcsId: 0,size=4194304]} | ret=SUCCESS |  
2019-09-04 11:46:34,826 [grpc-default-executor-5] INFO  client.GrpcClientProtocolClient (GrpcClientProtocolClient.java:onNext(255)) - client-D5CE890D7D9E->efcb8ff8-f060-4d95-9215-d0f5eb4af037: receive RaftClientReply:client-D5CE890D7D9E->efcb8ff8-f060-4d95-9215-d0f5eb4af037@group-0959F8DF43ED, cid=3138, SUCCESS, logIndex=4729, commits[efcb8ff8-f060-4d95-9215-d0f5eb4af037:c4730, 6fae8b02-e804-4c0e-b729-a97b7404b7f6:c4726, 4c3e8a66-6975-4917-8225-d3efe707aaff:c4726]
2019-09-04 11:46:34,826 [grpc-default-executor-5] INFO  client.GrpcClientProtocolClient (GrpcClientProtocolClient.java:onNext(255)) - client-D5CE890D7D9E->efcb8ff8-f060-4d95-9215-d0f5eb4af037: receive RaftClientReply:client-D5CE890D7D9E->efcb8ff8-f060-4d95-9215-d0f5eb4af037@group-0959F8DF43ED, cid=3139, SUCCESS, logIndex=4730, commits[efcb8ff8-f060-4d95-9215-d0f5eb4af037:c4730, 6fae8b02-e804-4c0e-b729-a97b7404b7f6:c4726, 4c3e8a66-6975-4917-8225-d3efe707aaff:c4726]
2019-09-04 11:46:34,842 | INFO  | DNAudit | user=null | ip=null | op=WRITE_CHUNK {blockData=conID: 2 locID: 102734075958592145 bcsId: 4726} | ret=SUCCESS |  
2019-09-04 11:46:34,843 | INFO  | DNAudit | user=null | ip=null | op=PUT_BLOCK {blockData=[blockId=conID: 2 locID: 102734075958592145 bcsId: 0,size=4194304]} | ret=SUCCESS |  
2019-09-04 11:46:34,843 | INFO  | DNAudit | user=null | ip=null | op=WRITE_CHUNK {blockData=conID: 2 locID: 102734075958592145 bcsId: 4726} | ret=SUCCESS |  
2019-09-04 11:46:34,843 | INFO  | DNAudit | user=null | ip=null | op=PUT_BLOCK {blockData=[blockId=conID: 2 locID: 102734075958592145 bcsId: 0,size=4194304]} | ret=SUCCESS |  
2019-09-04 11:46:34,843 [grpc-default-executor-5] INFO  client.GrpcClientProtocolClient (GrpcClientProtocolClient.java:onNext(255)) - client-D5CE890D7D9E->efcb8ff8-f060-4d95-9215-d0f5eb4af037: receive RaftClientReply:client-D5CE890D7D9E->efcb8ff8-f060-4d95-9215-d0f5eb4af037@group-0959F8DF43ED, cid=3140, SUCCESS, logIndex=0, commits[efcb8ff8-f060-4d95-9215-d0f5eb4af037:c4730, 6fae8b02-e804-4c0e-b729-a97b7404b7f6:c4730, 4c3e8a66-6975-4917-8225-d3efe707aaff:c4730]
2019-09-04 11:46:34,848 | INFO  | SCMAudit | user=jenkins1000 | ip=192.168.36.67 | op=ALLOCATE_BLOCK {owner=8ab292a2-aaa7-4ad8-863a-d33994811155, size=4194304, type=RATIS, factor=THREE} | ret=SUCCESS |  
2019-09-04 11:46:34,852 | INFO  | OMAudit | user=jenkins1000 | ip=127.0.0.1 | op=ALLOCATE_BLOCK {volume=vol-0-58699, bucket=bucket-0-57464, key=key-0-37266, dataSize=0, replicationType=null, replicationFactor=null, keyLocationInfo=null, clientID=102734073355960722} | ret=SUCCESS |  
2019-09-04 11:46:34,858 | INFO  | DNAudit | user=null | ip=null | op=WRITE_CHUNK {blockData=conID: 3 locID: 102734075975959186 bcsId: 0} | ret=SUCCESS |  
2019-09-04 11:46:34,861 | INFO  | DNAudit | user=null | ip=null | op=WRITE_CHUNK {blockData=conID: 3 locID: 102734075975959186 bcsId: 0} | ret=SUCCESS |  
2019-09-04 11:46:34,861 | INFO  | DNAudit | user=null | ip=null | op=WRITE_CHUNK {blockData=conID: 3 locID: 102734075975959186 bcsId: 0} | ret=SUCCESS |  
2019-09-04 11:46:34,861 | INFO  | DNAudit | user=null | ip=null | op=WRITE_CHUNK {blockData=conID: 3 locID: 102734075975959186 bcsId: 0} | ret=SUCCESS |  
2019-09-04 11:46:34,863 | INFO  | DNAudit | user=null | ip=null | op=WRITE_CHUNK {blockData=conID: 3 locID: 102734075975959186 bcsId: 0} | ret=SUCCESS |  
2019-09-04 11:46:34,863 | INFO  | DNAudit | user=null | ip=null | op=WRITE_CHUNK {blockData=conID: 3 locID: 102734075975959186 bcsId: 0} | ret=SUCCESS |  
2019-09-04 11:46:34,884 | INFO  | DNAudit | user=null | ip=null | op=WRITE_CHUNK {blockData=conID: 3 locID: 102734075975959186 bcsId: 0} | ret=SUCCESS |  
2019-09-04 11:46:34,884 | INFO  | DNAudit | user=null | ip=null | op=PUT_BLOCK {blockData=[blockId=conID: 3 locID: 102734075975959186 bcsId: 0,size=1048576]} | ret=SUCCESS |  
2019-09-04 11:46:34,884 [grpc-default-executor-5] INFO  client.GrpcClientProtocolClient (GrpcClientProtocolClient.java:onNext(255)) - client-D5CE890D7D9E->efcb8ff8-f060-4d95-9215-d0f5eb4af037: receive RaftClientReply:client-D5CE890D7D9E->efcb8ff8-f060-4d95-9215-d0f5eb4af037@group-0959F8DF43ED, cid=3141, SUCCESS, logIndex=4733, commits[efcb8ff8-f060-4d95-9215-d0f5eb4af037:c4734, 6fae8b02-e804-4c0e-b729-a97b7404b7f6:c4732, 4c3e8a66-6975-4917-8225-d3efe707aaff:c4732]
2019-09-04 11:46:34,885 [grpc-default-executor-5] INFO  client.GrpcClientProtocolClient (GrpcClientProtocolClient.java:onNext(255)) - client-D5CE890D7D9E->efcb8ff8-f060-4d95-9215-d0f5eb4af037: receive RaftClientReply:client-D5CE890D7D9E->efcb8ff8-f060-4d95-9215-d0f5eb4af037@group-0959F8DF43ED, cid=3142, SUCCESS, logIndex=4734, commits[efcb8ff8-f060-4d95-9215-d0f5eb4af037:c4734, 6fae8b02-e804-4c0e-b729-a97b7404b7f6:c4732, 4c3e8a66-6975-4917-8225-d3efe707aaff:c4732]
2019-09-04 11:46:34,901 | INFO  | DNAudit | user=null | ip=null | op=WRITE_CHUNK {blockData=conID: 3 locID: 102734075975959186 bcsId: 0} | ret=SUCCESS |  
2019-09-04 11:46:34,902 | INFO  | DNAudit | user=null | ip=null | op=PUT_BLOCK {blockData=[blockId=conID: 3 locID: 102734075975959186 bcsId: 0,size=2097152]} | ret=SUCCESS |  
2019-09-04 11:46:34,902 [grpc-default-executor-0] INFO  client.GrpcClientProtocolClient (GrpcClientProtocolClient.java:onNext(255)) - client-D5CE890D7D9E->efcb8ff8-f060-4d95-9215-d0f5eb4af037: receive RaftClientReply:client-D5CE890D7D9E->efcb8ff8-f060-4d95-9215-d0f5eb4af037@group-0959F8DF43ED, cid=3143, SUCCESS, logIndex=4735, commits[efcb8ff8-f060-4d95-9215-d0f5eb4af037:c4736, 6fae8b02-e804-4c0e-b729-a97b7404b7f6:c4732, 4c3e8a66-6975-4917-8225-d3efe707aaff:c4732]
2019-09-04 11:46:34,902 [grpc-default-executor-0] INFO  client.GrpcClientProtocolClient (GrpcClientProtocolClient.java:onNext(255)) - client-D5CE890D7D9E->efcb8ff8-f060-4d95-9215-d0f5eb4af037: receive RaftClientReply:client-D5CE890D7D9E->efcb8ff8-f060-4d95-9215-d0f5eb4af037@group-0959F8DF43ED, cid=3144, SUCCESS, logIndex=4736, commits[efcb8ff8-f060-4d95-9215-d0f5eb4af037:c4736, 6fae8b02-e804-4c0e-b729-a97b7404b7f6:c4732, 4c3e8a66-6975-4917-8225-d3efe707aaff:c4732]
2019-09-04 11:46:34,935 | INFO  | DNAudit | user=null | ip=null | op=WRITE_CHUNK {blockData=conID: 3 locID: 102734075975959186 bcsId: 0} | ret=SUCCESS |  
2019-09-04 11:46:34,936 | INFO  | DNAudit | user=null | ip=null | op=PUT_BLOCK {blockData=[blockId=conID: 3 locID: 102734075975959186 bcsId: 0,size=1048576]} | ret=SUCCESS |  
2019-09-04 11:46:34,936 | INFO  | DNAudit | user=null | ip=null | op=WRITE_CHUNK {blockData=conID: 3 locID: 102734075975959186 bcsId: 0} | ret=SUCCESS |  
2019-09-04 11:46:34,936 | INFO  | DNAudit | user=null | ip=null | op=PUT_BLOCK {blockData=[blockId=conID: 3 locID: 102734075975959186 bcsId: 0,size=1048576]} | ret=SUCCESS |  
2019-09-04 11:46:34,936 | INFO  | DNAudit | user=null | ip=null | op=WRITE_CHUNK {blockData=conID: 3 locID: 102734075975959186 bcsId: 0} | ret=SUCCESS |  
2019-09-04 11:46:34,937 | INFO  | DNAudit | user=null | ip=null | op=PUT_BLOCK {blockData=[blockId=conID: 3 locID: 102734075975959186 bcsId: 0,size=2097152]} | ret=SUCCESS |  
2019-09-04 11:46:34,937 [grpc-default-executor-5] INFO  client.GrpcClientProtocolClient (GrpcClientProtocolClient.java:onNext(255)) - client-D5CE890D7D9E->efcb8ff8-f060-4d95-9215-d0f5eb4af037: receive RaftClientReply:client-D5CE890D7D9E->efcb8ff8-f060-4d95-9215-d0f5eb4af037@group-0959F8DF43ED, cid=3145, SUCCESS, logIndex=0, commits[efcb8ff8-f060-4d95-9215-d0f5eb4af037:c4738, 6fae8b02-e804-4c0e-b729-a97b7404b7f6:c4734, 4c3e8a66-6975-4917-8225-d3efe707aaff:c4734]
2019-09-04 11:46:34,938 | INFO  | DNAudit | user=null | ip=null | op=WRITE_CHUNK {blockData=conID: 3 locID: 102734075975959186 bcsId: 0} | ret=SUCCESS |  
2019-09-04 11:46:34,938 | INFO  | DNAudit | user=null | ip=null | op=PUT_BLOCK {blockData=[blockId=conID: 3 locID: 102734075975959186 bcsId: 0,size=2097152]} | ret=SUCCESS |  
2019-09-04 11:46:34,944 | INFO  | DNAudit | user=null | ip=null | op=WRITE_CHUNK {blockData=conID: 3 locID: 102734075975959186 bcsId: 4736} | ret=SUCCESS |  
2019-09-04 11:46:34,946 | INFO  | DNAudit | user=null | ip=null | op=WRITE_CHUNK {blockData=conID: 3 locID: 102734075975959186 bcsId: 4736} | ret=SUCCESS |  
2019-09-04 11:46:34,947 | INFO  | DNAudit | user=null | ip=null | op=WRITE_CHUNK {blockData=conID: 3 locID: 102734075975959186 bcsId: 4736} | ret=SUCCESS |  
2019-09-04 11:46:34,968 | INFO  | DNAudit | user=null | ip=null | op=WRITE_CHUNK {blockData=conID: 3 locID: 102734075975959186 bcsId: 4736} | ret=SUCCESS |  
2019-09-04 11:46:34,968 | INFO  | DNAudit | user=null | ip=null | op=PUT_BLOCK {blockData=[blockId=conID: 3 locID: 102734075975959186 bcsId: 0,size=3145728]} | ret=SUCCESS |  
2019-09-04 11:46:34,969 [grpc-default-executor-6] INFO  client.GrpcClientProtocolClient (GrpcClientProtocolClient.java:onNext(255)) - client-D5CE890D7D9E->efcb8ff8-f060-4d95-9215-d0f5eb4af037: receive RaftClientReply:client-D5CE890D7D9E->efcb8ff8-f060-4d95-9215-d0f5eb4af037@group-0959F8DF43ED, cid=3146, SUCCESS, logIndex=4741, commits[efcb8ff8-f060-4d95-9215-d0f5eb4af037:c4742, 6fae8b02-e804-4c0e-b729-a97b7404b7f6:c4740, 4c3e8a66-6975-4917-8225-d3efe707aaff:c4740]
2019-09-04 11:46:34,969 [grpc-default-executor-6] INFO  client.GrpcClientProtocolClient (GrpcClientProtocolClient.java:onNext(255)) - client-D5CE890D7D9E->efcb8ff8-f060-4d95-9215-d0f5eb4af037: receive RaftClientReply:client-D5CE890D7D9E->efcb8ff8-f060-4d95-9215-d0f5eb4af037@group-0959F8DF43ED, cid=3147, SUCCESS, logIndex=4742, commits[efcb8ff8-f060-4d95-9215-d0f5eb4af037:c4742, 6fae8b02-e804-4c0e-b729-a97b7404b7f6:c4740, 4c3e8a66-6975-4917-8225-d3efe707aaff:c4740]
2019-09-04 11:46:34,976 | INFO  | DNAudit | user=null | ip=null | op=WRITE_CHUNK {blockData=conID: 3 locID: 102734075975959186 bcsId: 4742} | ret=SUCCESS |  
2019-09-04 11:46:34,977 | INFO  | DNAudit | user=null | ip=null | op=WRITE_CHUNK {blockData=conID: 3 locID: 102734075975959186 bcsId: 4742} | ret=SUCCESS |  
2019-09-04 11:46:34,978 | INFO  | DNAudit | user=null | ip=null | op=WRITE_CHUNK {blockData=conID: 3 locID: 102734075975959186 bcsId: 4742} | ret=SUCCESS |  
2019-09-04 11:46:34,993 | INFO  | DNAudit | user=null | ip=null | op=WRITE_CHUNK {blockData=conID: 3 locID: 102734075975959186 bcsId: 4736} | ret=SUCCESS |  
2019-09-04 11:46:34,993 | INFO  | DNAudit | user=null | ip=null | op=WRITE_CHUNK {blockData=conID: 3 locID: 102734075975959186 bcsId: 4736} | ret=SUCCESS |  
2019-09-04 11:46:34,994 | INFO  | DNAudit | user=null | ip=null | op=PUT_BLOCK {blockData=[blockId=conID: 3 locID: 102734075975959186 bcsId: 0,size=3145728]} | ret=SUCCESS |  
2019-09-04 11:46:34,994 | INFO  | DNAudit | user=null | ip=null | op=PUT_BLOCK {blockData=[blockId=conID: 3 locID: 102734075975959186 bcsId: 0,size=3145728]} | ret=SUCCESS |  
2019-09-04 11:46:34,995 | INFO  | DNAudit | user=null | ip=null | op=WRITE_CHUNK {blockData=conID: 3 locID: 102734075975959186 bcsId: 4742} | ret=SUCCESS |  
2019-09-04 11:46:34,996 | INFO  | DNAudit | user=null | ip=null | op=PUT_BLOCK {blockData=[blockId=conID: 3 locID: 102734075975959186 bcsId: 0,size=4194304]} | ret=SUCCESS |  
2019-09-04 11:46:34,996 [grpc-default-executor-6] INFO  client.GrpcClientProtocolClient (GrpcClientProtocolClient.java:onNext(255)) - client-D5CE890D7D9E->efcb8ff8-f060-4d95-9215-d0f5eb4af037: receive RaftClientReply:client-D5CE890D7D9E->efcb8ff8-f060-4d95-9215-d0f5eb4af037@group-0959F8DF43ED, cid=3148, SUCCESS, logIndex=4745, commits[efcb8ff8-f060-4d95-9215-d0f5eb4af037:c4746, 6fae8b02-e804-4c0e-b729-a97b7404b7f6:c4742, 4c3e8a66-6975-4917-8225-d3efe707aaff:c4742]
2019-09-04 11:46:34,996 [grpc-default-executor-6] INFO  client.GrpcClientProtocolClient (GrpcClientProtocolClient.java:onNext(255)) - client-D5CE890D7D9E->efcb8ff8-f060-4d95-9215-d0f5eb4af037: receive RaftClientReply:client-D5CE890D7D9E->efcb8ff8-f060-4d95-9215-d0f5eb4af037@group-0959F8DF43ED, cid=3149, SUCCESS, logIndex=4746, commits[efcb8ff8-f060-4d95-9215-d0f5eb4af037:c4746, 6fae8b02-e804-4c0e-b729-a97b7404b7f6:c4742, 4c3e8a66-6975-4917-8225-d3efe707aaff:c4742]
2019-09-04 11:46:35,016 | INFO  | DNAudit | user=null | ip=null | op=WRITE_CHUNK {blockData=conID: 3 locID: 102734075975959186 bcsId: 4742} | ret=SUCCESS |  
2019-09-04 11:46:35,016 | INFO  | DNAudit | user=null | ip=null | op=WRITE_CHUNK {blockData=conID: 3 locID: 102734075975959186 bcsId: 4742} | ret=SUCCESS |  
2019-09-04 11:46:35,016 | INFO  | DNAudit | user=null | ip=null | op=PUT_BLOCK {blockData=[blockId=conID: 3 locID: 102734075975959186 bcsId: 0,size=4194304]} | ret=SUCCESS |  
2019-09-04 11:46:35,016 | INFO  | DNAudit | user=null | ip=null | op=PUT_BLOCK {blockData=[blockId=conID: 3 locID: 102734075975959186 bcsId: 0,size=4194304]} | ret=SUCCESS |  
2019-09-04 11:46:35,016 [grpc-default-executor-6] INFO  client.GrpcClientProtocolClient (GrpcClientProtocolClient.java:onNext(255)) - client-D5CE890D7D9E->efcb8ff8-f060-4d95-9215-d0f5eb4af037: receive RaftClientReply:client-D5CE890D7D9E->efcb8ff8-f060-4d95-9215-d0f5eb4af037@group-0959F8DF43ED, cid=3150, SUCCESS, logIndex=0, commits[efcb8ff8-f060-4d95-9215-d0f5eb4af037:c4747, 6fae8b02-e804-4c0e-b729-a97b7404b7f6:c4746, 4c3e8a66-6975-4917-8225-d3efe707aaff:c4746]
2019-09-04 11:46:35,022 | INFO  | SCMAudit | user=jenkins1000 | ip=192.168.36.67 | op=ALLOCATE_BLOCK {owner=8ab292a2-aaa7-4ad8-863a-d33994811155, size=4194304, type=RATIS, factor=THREE} | ret=SUCCESS |  
2019-09-04 11:46:35,026 | INFO  | OMAudit | user=jenkins1000 | ip=127.0.0.1 | op=ALLOCATE_BLOCK {volume=vol-0-58699, bucket=bucket-0-57464, key=key-0-37266, dataSize=0, replicationType=null, replicationFactor=null, keyLocationInfo=null, clientID=102734073355960722} | ret=SUCCESS |  
2019-09-04 11:46:35,033 | INFO  | DNAudit | user=null | ip=null | op=WRITE_CHUNK {blockData=conID: 1 locID: 102734075987362451 bcsId: 0} | ret=SUCCESS |  
2019-09-04 11:46:35,035 | INFO  | DNAudit | user=null | ip=null | op=WRITE_CHUNK {blockData=conID: 1 locID: 102734075987362451 bcsId: 0} | ret=SUCCESS |  
2019-09-04 11:46:35,036 | INFO  | DNAudit | user=null | ip=null | op=WRITE_CHUNK {blockData=conID: 1 locID: 102734075987362451 bcsId: 0} | ret=SUCCESS |  
2019-09-04 11:46:35,036 | INFO  | DNAudit | user=null | ip=null | op=WRITE_CHUNK {blockData=conID: 1 locID: 102734075987362451 bcsId: 0} | ret=SUCCESS |  
2019-09-04 11:46:35,038 | INFO  | DNAudit | user=null | ip=null | op=WRITE_CHUNK {blockData=conID: 1 locID: 102734075987362451 bcsId: 0} | ret=SUCCESS |  
2019-09-04 11:46:35,038 | INFO  | DNAudit | user=null | ip=null | op=WRITE_CHUNK {blockData=conID: 1 locID: 102734075987362451 bcsId: 0} | ret=SUCCESS |  
2019-09-04 11:46:35,043 | INFO  | DNAudit | user=null | ip=null | op=WRITE_CHUNK {blockData=conID: 1 locID: 102734075987362451 bcsId: 0} | ret=SUCCESS |  
2019-09-04 11:46:35,043 | INFO  | DNAudit | user=null | ip=null | op=PUT_BLOCK {blockData=[blockId=conID: 1 locID: 102734075987362451 bcsId: 0,size=1048576]} | ret=SUCCESS |  
2019-09-04 11:46:35,043 [grpc-default-executor-6] INFO  client.GrpcClientProtocolClient (GrpcClientProtocolClient.java:onNext(255)) - client-D5CE890D7D9E->efcb8ff8-f060-4d95-9215-d0f5eb4af037: receive RaftClientReply:client-D5CE890D7D9E->efcb8ff8-f060-4d95-9215-d0f5eb4af037@group-0959F8DF43ED, cid=3151, SUCCESS, logIndex=4749, commits[efcb8ff8-f060-4d95-9215-d0f5eb4af037:c4750, 6fae8b02-e804-4c0e-b729-a97b7404b7f6:c4748, 4c3e8a66-6975-4917-8225-d3efe707aaff:c4748]
2019-09-04 11:46:35,044 [grpc-default-executor-6] INFO  client.GrpcClientProtocolClient (GrpcClientProtocolClient.java:onNext(255)) - client-D5CE890D7D9E->efcb8ff8-f060-4d95-9215-d0f5eb4af037: receive RaftClientReply:client-D5CE890D7D9E->efcb8ff8-f060-4d95-9215-d0f5eb4af037@group-0959F8DF43ED, cid=3152, SUCCESS, logIndex=4750, commits[efcb8ff8-f060-4d95-9215-d0f5eb4af037:c4750, 6fae8b02-e804-4c0e-b729-a97b7404b7f6:c4748, 4c3e8a66-6975-4917-8225-d3efe707aaff:c4748]
 0.00% |█                                                                                                    |  0/1 Time: 0:00:402019-09-04 11:46:35,062 | INFO  | DNAudit | user=null | ip=null | op=WRITE_CHUNK {blockData=conID: 1 locID: 102734075987362451 bcsId: 0} | ret=SUCCESS |  
2019-09-04 11:46:35,063 | INFO  | DNAudit | user=null | ip=null | op=WRITE_CHUNK {blockData=conID: 1 locID: 102734075987362451 bcsId: 0} | ret=SUCCESS |  
2019-09-04 11:46:35,063 | INFO  | DNAudit | user=null | ip=null | op=PUT_BLOCK {blockData=[blockId=conID: 1 locID: 102734075987362451 bcsId: 0,size=2097152]} | ret=SUCCESS |  
2019-09-04 11:46:35,063 | INFO  | DNAudit | user=null | ip=null | op=PUT_BLOCK {blockData=[blockId=conID: 1 locID: 102734075987362451 bcsId: 0,size=1048576]} | ret=SUCCESS |  
2019-09-04 11:46:35,063 [grpc-default-executor-6] INFO  client.GrpcClientProtocolClient (GrpcClientProtocolClient.java:onNext(255)) - client-D5CE890D7D9E->efcb8ff8-f060-4d95-9215-d0f5eb4af037: receive RaftClientReply:client-D5CE890D7D9E->efcb8ff8-f060-4d95-9215-d0f5eb4af037@group-0959F8DF43ED, cid=3153, SUCCESS, logIndex=4751, commits[efcb8ff8-f060-4d95-9215-d0f5eb4af037:c4752, 6fae8b02-e804-4c0e-b729-a97b7404b7f6:c4748, 4c3e8a66-6975-4917-8225-d3efe707aaff:c4748]
2019-09-04 11:46:35,063 [grpc-default-executor-6] INFO  client.GrpcClientProtocolClient (GrpcClientProtocolClient.java:onNext(255)) - client-D5CE890D7D9E->efcb8ff8-f060-4d95-9215-d0f5eb4af037: receive RaftClientReply:client-D5CE890D7D9E->efcb8ff8-f060-4d95-9215-d0f5eb4af037@group-0959F8DF43ED, cid=3154, SUCCESS, logIndex=4752, commits[efcb8ff8-f060-4d95-9215-d0f5eb4af037:c4753, 6fae8b02-e804-4c0e-b729-a97b7404b7f6:c4750, 4c3e8a66-6975-4917-8225-d3efe707aaff:c4748]
2019-09-04 11:46:35,064 | INFO  | DNAudit | user=null | ip=null | op=WRITE_CHUNK {blockData=conID: 1 locID: 102734075987362451 bcsId: 0} | ret=SUCCESS |  
2019-09-04 11:46:35,064 | INFO  | DNAudit | user=null | ip=null | op=PUT_BLOCK {blockData=[blockId=conID: 1 locID: 102734075987362451 bcsId: 0,size=1048576]} | ret=SUCCESS |  
2019-09-04 11:46:35,064 [grpc-default-executor-6] INFO  client.GrpcClientProtocolClient (GrpcClientProtocolClient.java:onNext(255)) - client-D5CE890D7D9E->efcb8ff8-f060-4d95-9215-d0f5eb4af037: receive RaftClientReply:client-D5CE890D7D9E->efcb8ff8-f060-4d95-9215-d0f5eb4af037@group-0959F8DF43ED, cid=3155, SUCCESS, logIndex=0, commits[efcb8ff8-f060-4d95-9215-d0f5eb4af037:c4754, 6fae8b02-e804-4c0e-b729-a97b7404b7f6:c4750, 4c3e8a66-6975-4917-8225-d3efe707aaff:c4750]
2019-09-04 11:46:35,064 | INFO  | DNAudit | user=null | ip=null | op=WRITE_CHUNK {blockData=conID: 1 locID: 102734075987362451 bcsId: 0} | ret=SUCCESS |  
2019-09-04 11:46:35,065 | INFO  | DNAudit | user=null | ip=null | op=PUT_BLOCK {blockData=[blockId=conID: 1 locID: 102734075987362451 bcsId: 0,size=2097152]} | ret=SUCCESS |  
2019-09-04 11:46:35,065 | INFO  | DNAudit | user=null | ip=null | op=WRITE_CHUNK {blockData=conID: 1 locID: 102734075987362451 bcsId: 0} | ret=SUCCESS |  
2019-09-04 11:46:35,065 | INFO  | DNAudit | user=null | ip=null | op=PUT_BLOCK {blockData=[blockId=conID: 1 locID: 102734075987362451 bcsId: 0,size=2097152]} | ret=SUCCESS |  
2019-09-04 11:46:35,071 | INFO  | DNAudit | user=null | ip=null | op=WRITE_CHUNK {blockData=conID: 1 locID: 102734075987362451 bcsId: 4752} | ret=SUCCESS |  
2019-09-04 11:46:35,073 | INFO  | DNAudit | user=null | ip=null | op=WRITE_CHUNK {blockData=conID: 1 locID: 102734075987362451 bcsId: 4752} | ret=SUCCESS |  
2019-09-04 11:46:35,074 | INFO  | DNAudit | user=null | ip=null | op=WRITE_CHUNK {blockData=conID: 1 locID: 102734075987362451 bcsId: 4752} | ret=SUCCESS |  
2019-09-04 11:46:35,085 | INFO  | DNAudit | user=null | ip=null | op=WRITE_CHUNK {blockData=conID: 1 locID: 102734075987362451 bcsId: 4752} | ret=SUCCESS |  
2019-09-04 11:46:35,085 | INFO  | DNAudit | user=null | ip=null | op=PUT_BLOCK {blockData=[blockId=conID: 1 locID: 102734075987362451 bcsId: 0,size=3145728]} | ret=SUCCESS |  
2019-09-04 11:46:35,085 [grpc-default-executor-5] INFO  client.GrpcClientProtocolClient (GrpcClientProtocolClient.java:onNext(255)) - client-D5CE890D7D9E->efcb8ff8-f060-4d95-9215-d0f5eb4af037: receive RaftClientReply:client-D5CE890D7D9E->efcb8ff8-f060-4d95-9215-d0f5eb4af037@group-0959F8DF43ED, cid=3156, SUCCESS, logIndex=4757, commits[efcb8ff8-f060-4d95-9215-d0f5eb4af037:c4758, 6fae8b02-e804-4c0e-b729-a97b7404b7f6:c4756, 4c3e8a66-6975-4917-8225-d3efe707aaff:c4756]
2019-09-04 11:46:35,086 [grpc-default-executor-5] INFO  client.GrpcClientProtocolClient (GrpcClientProtocolClient.java:onNext(255)) - client-D5CE890D7D9E->efcb8ff8-f060-4d95-9215-d0f5eb4af037: receive RaftClientReply:client-D5CE890D7D9E->efcb8ff8-f060-4d95-9215-d0f5eb4af037@group-0959F8DF43ED, cid=3157, SUCCESS, logIndex=4758, commits[efcb8ff8-f060-4d95-9215-d0f5eb4af037:c4758, 6fae8b02-e804-4c0e-b729-a97b7404b7f6:c4756, 4c3e8a66-6975-4917-8225-d3efe707aaff:c4756]
2019-09-04 11:46:35,092 | INFO  | DNAudit | user=null | ip=null | op=WRITE_CHUNK {blockData=conID: 1 locID: 102734075987362451 bcsId: 4758} | ret=SUCCESS |  
2019-09-04 11:46:35,094 | INFO  | DNAudit | user=null | ip=null | op=WRITE_CHUNK {blockData=conID: 1 locID: 102734075987362451 bcsId: 4758} | ret=SUCCESS |  
2019-09-04 11:46:35,094 | INFO  | DNAudit | user=null | ip=null | op=WRITE_CHUNK {blockData=conID: 1 locID: 102734075987362451 bcsId: 4758} | ret=SUCCESS |  
2019-09-04 11:46:35,105 | INFO  | DNAudit | user=null | ip=null | op=WRITE_CHUNK {blockData=conID: 1 locID: 102734075987362451 bcsId: 4752} | ret=SUCCESS |  
2019-09-04 11:46:35,105 | INFO  | DNAudit | user=null | ip=null | op=WRITE_CHUNK {blockData=conID: 1 locID: 102734075987362451 bcsId: 4752} | ret=SUCCESS |  
2019-09-04 11:46:35,105 | INFO  | DNAudit | user=null | ip=null | op=PUT_BLOCK {blockData=[blockId=conID: 1 locID: 102734075987362451 bcsId: 0,size=3145728]} | ret=SUCCESS |  
2019-09-04 11:46:35,105 | INFO  | DNAudit | user=null | ip=null | op=PUT_BLOCK {blockData=[blockId=conID: 1 locID: 102734075987362451 bcsId: 0,size=3145728]} | ret=SUCCESS |  
2019-09-04 11:46:35,107 | INFO  | DNAudit | user=null | ip=null | op=WRITE_CHUNK {blockData=conID: 1 locID: 102734075987362451 bcsId: 4758} | ret=SUCCESS |  
2019-09-04 11:46:35,107 | INFO  | DNAudit | user=null | ip=null | op=PUT_BLOCK {blockData=[blockId=conID: 1 locID: 102734075987362451 bcsId: 0,size=4194304]} | ret=SUCCESS |  
2019-09-04 11:46:35,107 [grpc-default-executor-0] INFO  client.GrpcClientProtocolClient (GrpcClientProtocolClient.java:onNext(255)) - client-D5CE890D7D9E->efcb8ff8-f060-4d95-9215-d0f5eb4af037: receive RaftClientReply:client-D5CE890D7D9E->efcb8ff8-f060-4d95-9215-d0f5eb4af037@group-0959F8DF43ED, cid=3158, SUCCESS, logIndex=4761, commits[efcb8ff8-f060-4d95-9215-d0f5eb4af037:c4762, 6fae8b02-e804-4c0e-b729-a97b7404b7f6:c4758, 4c3e8a66-6975-4917-8225-d3efe707aaff:c4758]
2019-09-04 11:46:35,108 [grpc-default-executor-0] INFO  client.GrpcClientProtocolClient (GrpcClientProtocolClient.java:onNext(255)) - client-D5CE890D7D9E->efcb8ff8-f060-4d95-9215-d0f5eb4af037: receive RaftClientReply:client-D5CE890D7D9E->efcb8ff8-f060-4d95-9215-d0f5eb4af037@group-0959F8DF43ED, cid=3159, SUCCESS, logIndex=4762, commits[efcb8ff8-f060-4d95-9215-d0f5eb4af037:c4762, 6fae8b02-e804-4c0e-b729-a97b7404b7f6:c4758, 4c3e8a66-6975-4917-8225-d3efe707aaff:c4758]
2019-09-04 11:46:35,137 | INFO  | DNAudit | user=null | ip=null | op=WRITE_CHUNK {blockData=conID: 1 locID: 102734075987362451 bcsId: 4758} | ret=SUCCESS |  
2019-09-04 11:46:35,138 | INFO  | DNAudit | user=null | ip=null | op=WRITE_CHUNK {blockData=conID: 1 locID: 102734075987362451 bcsId: 4758} | ret=SUCCESS |  
2019-09-04 11:46:35,139 | INFO  | DNAudit | user=null | ip=null | op=PUT_BLOCK {blockData=[blockId=conID: 1 locID: 102734075987362451 bcsId: 0,size=4194304]} | ret=SUCCESS |  
2019-09-04 11:46:35,139 | INFO  | DNAudit | user=null | ip=null | op=PUT_BLOCK {blockData=[blockId=conID: 1 locID: 102734075987362451 bcsId: 0,size=4194304]} | ret=SUCCESS |  
2019-09-04 11:46:35,140 [grpc-default-executor-0] INFO  client.GrpcClientProtocolClient (GrpcClientProtocolClient.java:onNext(255)) - client-D5CE890D7D9E->efcb8ff8-f060-4d95-9215-d0f5eb4af037: receive RaftClientReply:client-D5CE890D7D9E->efcb8ff8-f060-4d95-9215-d0f5eb4af037@group-0959F8DF43ED, cid=3160, SUCCESS, logIndex=0, commits[efcb8ff8-f060-4d95-9215-d0f5eb4af037:c4764, 6fae8b02-e804-4c0e-b729-a97b7404b7f6:c4762, 4c3e8a66-6975-4917-8225-d3efe707aaff:c4762]
2019-09-04 11:46:35,147 | INFO  | SCMAudit | user=jenkins1000 | ip=192.168.36.67 | op=ALLOCATE_BLOCK {owner=8ab292a2-aaa7-4ad8-863a-d33994811155, size=4194304, type=RATIS, factor=THREE} | ret=SUCCESS |  
2019-09-04 11:46:35,153 | INFO  | OMAudit | user=jenkins1000 | ip=127.0.0.1 | op=ALLOCATE_BLOCK {volume=vol-0-58699, bucket=bucket-0-57464, key=key-0-37266, dataSize=0, replicationType=null, replicationFactor=null, keyLocationInfo=null, clientID=102734073355960722} | ret=SUCCESS |  
2019-09-04 11:46:35,160 | INFO  | DNAudit | user=null | ip=null | op=WRITE_CHUNK {blockData=conID: 2 locID: 102734075995554452 bcsId: 0} | ret=SUCCESS |  
2019-09-04 11:46:35,163 | INFO  | DNAudit | user=null | ip=null | op=WRITE_CHUNK {blockData=conID: 2 locID: 102734075995554452 bcsId: 0} | ret=SUCCESS |  
2019-09-04 11:46:35,163 | INFO  | DNAudit | user=null | ip=null | op=WRITE_CHUNK {blockData=conID: 2 locID: 102734075995554452 bcsId: 0} | ret=SUCCESS |  
2019-09-04 11:46:35,164 | INFO  | DNAudit | user=null | ip=null | op=WRITE_CHUNK {blockData=conID: 2 locID: 102734075995554452 bcsId: 0} | ret=SUCCESS |  
2019-09-04 11:46:35,165 | INFO  | DNAudit | user=null | ip=null | op=WRITE_CHUNK {blockData=conID: 2 locID: 102734075995554452 bcsId: 0} | ret=SUCCESS |  
2019-09-04 11:46:35,165 | INFO  | DNAudit | user=null | ip=null | op=PUT_BLOCK {blockData=[blockId=conID: 2 locID: 102734075995554452 bcsId: 0,size=1048576]} | ret=SUCCESS |  
2019-09-04 11:46:35,165 [grpc-default-executor-0] INFO  client.GrpcClientProtocolClient (GrpcClientProtocolClient.java:onNext(255)) - client-D5CE890D7D9E->efcb8ff8-f060-4d95-9215-d0f5eb4af037: receive RaftClientReply:client-D5CE890D7D9E->efcb8ff8-f060-4d95-9215-d0f5eb4af037@group-0959F8DF43ED, cid=3161, SUCCESS, logIndex=4765, commits[efcb8ff8-f060-4d95-9215-d0f5eb4af037:c4766, 6fae8b02-e804-4c0e-b729-a97b7404b7f6:c4764, 4c3e8a66-6975-4917-8225-d3efe707aaff:c4762]
2019-09-04 11:46:35,166 [grpc-default-executor-0] INFO  client.GrpcClientProtocolClient (GrpcClientProtocolClient.java:onNext(255)) - client-D5CE890D7D9E->efcb8ff8-f060-4d95-9215-d0f5eb4af037: receive RaftClientReply:client-D5CE890D7D9E->efcb8ff8-f060-4d95-9215-d0f5eb4af037@group-0959F8DF43ED, cid=3162, SUCCESS, logIndex=4766, commits[efcb8ff8-f060-4d95-9215-d0f5eb4af037:c4766, 6fae8b02-e804-4c0e-b729-a97b7404b7f6:c4764, 4c3e8a66-6975-4917-8225-d3efe707aaff:c4764]
2019-09-04 11:46:35,166 | INFO  | DNAudit | user=null | ip=null | op=WRITE_CHUNK {blockData=conID: 2 locID: 102734075995554452 bcsId: 0} | ret=SUCCESS |  
2019-09-04 11:46:35,166 | INFO  | DNAudit | user=null | ip=null | op=WRITE_CHUNK {blockData=conID: 2 locID: 102734075995554452 bcsId: 0} | ret=SUCCESS |  
2019-09-04 11:46:35,189 | INFO  | DNAudit | user=null | ip=null | op=WRITE_CHUNK {blockData=conID: 2 locID: 102734075995554452 bcsId: 0} | ret=SUCCESS |  
2019-09-04 11:46:35,189 | INFO  | DNAudit | user=null | ip=null | op=WRITE_CHUNK {blockData=conID: 2 locID: 102734075995554452 bcsId: 0} | ret=SUCCESS |  
2019-09-04 11:46:35,189 | INFO  | DNAudit | user=null | ip=null | op=WRITE_CHUNK {blockData=conID: 2 locID: 102734075995554452 bcsId: 0} | ret=SUCCESS |  
2019-09-04 11:46:35,189 | INFO  | DNAudit | user=null | ip=null | op=PUT_BLOCK {blockData=[blockId=conID: 2 locID: 102734075995554452 bcsId: 0,size=2097152]} | ret=SUCCESS |  
2019-09-04 11:46:35,189 | INFO  | DNAudit | user=null | ip=null | op=PUT_BLOCK {blockData=[blockId=conID: 2 locID: 102734075995554452 bcsId: 0,size=1048576]} | ret=SUCCESS |  
2019-09-04 11:46:35,189 | INFO  | DNAudit | user=null | ip=null | op=PUT_BLOCK {blockData=[blockId=conID: 2 locID: 102734075995554452 bcsId: 0,size=1048576]} | ret=SUCCESS |  
2019-09-04 11:46:35,189 [grpc-default-executor-5] INFO  client.GrpcClientProtocolClient (GrpcClientProtocolClient.java:onNext(255)) - client-D5CE890D7D9E->efcb8ff8-f060-4d95-9215-d0f5eb4af037: receive RaftClientReply:client-D5CE890D7D9E->efcb8ff8-f060-4d95-9215-d0f5eb4af037@group-0959F8DF43ED, cid=3163, SUCCESS, logIndex=4767, commits[efcb8ff8-f060-4d95-9215-d0f5eb4af037:c4769, 6fae8b02-e804-4c0e-b729-a97b7404b7f6:c4765, 4c3e8a66-6975-4917-8225-d3efe707aaff:c4764]
2019-09-04 11:46:35,190 [grpc-default-executor-5] INFO  client.GrpcClientProtocolClient (GrpcClientProtocolClient.java:onNext(255)) - client-D5CE890D7D9E->efcb8ff8-f060-4d95-9215-d0f5eb4af037: receive RaftClientReply:client-D5CE890D7D9E->efcb8ff8-f060-4d95-9215-d0f5eb4af037@group-0959F8DF43ED, cid=3164, SUCCESS, logIndex=4768, commits[efcb8ff8-f060-4d95-9215-d0f5eb4af037:c4770, 6fae8b02-e804-4c0e-b729-a97b7404b7f6:c4765, 4c3e8a66-6975-4917-8225-d3efe707aaff:c4766]
2019-09-04 11:46:35,190 [grpc-default-executor-5] INFO  client.GrpcClientProtocolClient (GrpcClientProtocolClient.java:onNext(255)) - client-D5CE890D7D9E->efcb8ff8-f060-4d95-9215-d0f5eb4af037: receive RaftClientReply:client-D5CE890D7D9E->efcb8ff8-f060-4d95-9215-d0f5eb4af037@group-0959F8DF43ED, cid=3165, SUCCESS, logIndex=0, commits[efcb8ff8-f060-4d95-9215-d0f5eb4af037:c4770, 6fae8b02-e804-4c0e-b729-a97b7404b7f6:c4766, 4c3e8a66-6975-4917-8225-d3efe707aaff:c4766]
2019-09-04 11:46:35,197 | INFO  | DNAudit | user=null | ip=null | op=WRITE_CHUNK {blockData=conID: 2 locID: 102734075995554452 bcsId: 4768} | ret=SUCCESS |  
2019-09-04 11:46:35,198 | INFO  | DNAudit | user=null | ip=null | op=WRITE_CHUNK {blockData=conID: 2 locID: 102734075995554452 bcsId: 4768} | ret=SUCCESS |  
2019-09-04 11:46:35,199 | INFO  | DNAudit | user=null | ip=null | op=WRITE_CHUNK {blockData=conID: 2 locID: 102734075995554452 bcsId: 4768} | ret=SUCCESS |  
2019-09-04 11:46:35,209 | INFO  | DNAudit | user=null | ip=null | op=WRITE_CHUNK {blockData=conID: 2 locID: 102734075995554452 bcsId: 0} | ret=SUCCESS |  
2019-09-04 11:46:35,210 | INFO  | DNAudit | user=null | ip=null | op=WRITE_CHUNK {blockData=conID: 2 locID: 102734075995554452 bcsId: 0} | ret=SUCCESS |  
2019-09-04 11:46:35,210 | INFO  | DNAudit | user=null | ip=null | op=PUT_BLOCK {blockData=[blockId=conID: 2 locID: 102734075995554452 bcsId: 0,size=2097152]} | ret=SUCCESS |  
2019-09-04 11:46:35,211 | INFO  | DNAudit | user=null | ip=null | op=PUT_BLOCK {blockData=[blockId=conID: 2 locID: 102734075995554452 bcsId: 0,size=2097152]} | ret=SUCCESS |  
2019-09-04 11:46:35,212 | INFO  | DNAudit | user=null | ip=null | op=WRITE_CHUNK {blockData=conID: 2 locID: 102734075995554452 bcsId: 4768} | ret=SUCCESS |  
2019-09-04 11:46:35,212 | INFO  | DNAudit | user=null | ip=null | op=PUT_BLOCK {blockData=[blockId=conID: 2 locID: 102734075995554452 bcsId: 0,size=3145728]} | ret=SUCCESS |  
2019-09-04 11:46:35,212 [grpc-default-executor-5] INFO  client.GrpcClientProtocolClient (GrpcClientProtocolClient.java:onNext(255)) - client-D5CE890D7D9E->efcb8ff8-f060-4d95-9215-d0f5eb4af037: receive RaftClientReply:client-D5CE890D7D9E->efcb8ff8-f060-4d95-9215-d0f5eb4af037@group-0959F8DF43ED, cid=3166, SUCCESS, logIndex=4773, commits[efcb8ff8-f060-4d95-9215-d0f5eb4af037:c4774, 6fae8b02-e804-4c0e-b729-a97b7404b7f6:c4770, 4c3e8a66-6975-4917-8225-d3efe707aaff:c4768]
2019-09-04 11:46:35,212 [grpc-default-executor-5] INFO  client.GrpcClientProtocolClient (GrpcClientProtocolClient.java:onNext(255)) - client-D5CE890D7D9E->efcb8ff8-f060-4d95-9215-d0f5eb4af037: receive RaftClientReply:client-D5CE890D7D9E->efcb8ff8-f060-4d95-9215-d0f5eb4af037@group-0959F8DF43ED, cid=3167, SUCCESS, logIndex=4774, commits[efcb8ff8-f060-4d95-9215-d0f5eb4af037:c4774, 6fae8b02-e804-4c0e-b729-a97b7404b7f6:c4770, 4c3e8a66-6975-4917-8225-d3efe707aaff:c4770]
2019-09-04 11:46:35,219 | INFO  | DNAudit | user=null | ip=null | op=WRITE_CHUNK {blockData=conID: 2 locID: 102734075995554452 bcsId: 4774} | ret=SUCCESS |  
2019-09-04 11:46:35,220 | INFO  | DNAudit | user=null | ip=null | op=WRITE_CHUNK {blockData=conID: 2 locID: 102734075995554452 bcsId: 4774} | ret=SUCCESS |  
2019-09-04 11:46:35,221 | INFO  | DNAudit | user=null | ip=null | op=WRITE_CHUNK {blockData=conID: 2 locID: 102734075995554452 bcsId: 4774} | ret=SUCCESS |  
2019-09-04 11:46:35,233 | INFO  | DNAudit | user=null | ip=null | op=WRITE_CHUNK {blockData=conID: 2 locID: 102734075995554452 bcsId: 4768} | ret=SUCCESS |  
2019-09-04 11:46:35,234 | INFO  | DNAudit | user=null | ip=null | op=WRITE_CHUNK {blockData=conID: 2 locID: 102734075995554452 bcsId: 4768} | ret=SUCCESS |  
2019-09-04 11:46:35,234 | INFO  | DNAudit | user=null | ip=null | op=PUT_BLOCK {blockData=[blockId=conID: 2 locID: 102734075995554452 bcsId: 0,size=3145728]} | ret=SUCCESS |  
2019-09-04 11:46:35,235 | INFO  | DNAudit | user=null | ip=null | op=WRITE_CHUNK {blockData=conID: 2 locID: 102734075995554452 bcsId: 4774} | ret=SUCCESS |  
2019-09-04 11:46:35,235 | INFO  | DNAudit | user=null | ip=null | op=PUT_BLOCK {blockData=[blockId=conID: 2 locID: 102734075995554452 bcsId: 0,size=3145728]} | ret=SUCCESS |  
2019-09-04 11:46:35,235 | INFO  | DNAudit | user=null | ip=null | op=PUT_BLOCK {blockData=[blockId=conID: 2 locID: 102734075995554452 bcsId: 0,size=4194304]} | ret=SUCCESS |  
2019-09-04 11:46:35,235 [grpc-default-executor-6] INFO  client.GrpcClientProtocolClient (GrpcClientProtocolClient.java:onNext(255)) - client-D5CE890D7D9E->efcb8ff8-f060-4d95-9215-d0f5eb4af037: receive RaftClientReply:client-D5CE890D7D9E->efcb8ff8-f060-4d95-9215-d0f5eb4af037@group-0959F8DF43ED, cid=3168, SUCCESS, logIndex=4777, commits[efcb8ff8-f060-4d95-9215-d0f5eb4af037:c4778, 6fae8b02-e804-4c0e-b729-a97b7404b7f6:c4774, 4c3e8a66-6975-4917-8225-d3efe707aaff:c4774]
2019-09-04 11:46:35,236 [grpc-default-executor-6] INFO  client.GrpcClientProtocolClient (GrpcClientProtocolClient.java:onNext(255)) - client-D5CE890D7D9E->efcb8ff8-f060-4d95-9215-d0f5eb4af037: receive RaftClientReply:client-D5CE890D7D9E->efcb8ff8-f060-4d95-9215-d0f5eb4af037@group-0959F8DF43ED, cid=3169, SUCCESS, logIndex=4778, commits[efcb8ff8-f060-4d95-9215-d0f5eb4af037:c4778, 6fae8b02-e804-4c0e-b729-a97b7404b7f6:c4774, 4c3e8a66-6975-4917-8225-d3efe707aaff:c4774]
2019-09-04 11:46:35,255 | INFO  | DNAudit | user=null | ip=null | op=WRITE_CHUNK {blockData=conID: 2 locID: 102734075995554452 bcsId: 4774} | ret=SUCCESS |  
2019-09-04 11:46:35,255 | INFO  | DNAudit | user=null | ip=null | op=PUT_BLOCK {blockData=[blockId=conID: 2 locID: 102734075995554452 bcsId: 0,size=4194304]} | ret=SUCCESS |  
2019-09-04 11:46:35,255 | INFO  | DNAudit | user=null | ip=null | op=WRITE_CHUNK {blockData=conID: 2 locID: 102734075995554452 bcsId: 4774} | ret=SUCCESS |  
2019-09-04 11:46:35,256 | INFO  | DNAudit | user=null | ip=null | op=PUT_BLOCK {blockData=[blockId=conID: 2 locID: 102734075995554452 bcsId: 0,size=4194304]} | ret=SUCCESS |  
2019-09-04 11:46:35,256 [grpc-default-executor-6] INFO  client.GrpcClientProtocolClient (GrpcClientProtocolClient.java:onNext(255)) - client-D5CE890D7D9E->efcb8ff8-f060-4d95-9215-d0f5eb4af037: receive RaftClientReply:client-D5CE890D7D9E->efcb8ff8-f060-4d95-9215-d0f5eb4af037@group-0959F8DF43ED, cid=3170, SUCCESS, logIndex=0, commits[efcb8ff8-f060-4d95-9215-d0f5eb4af037:c4779, 6fae8b02-e804-4c0e-b729-a97b7404b7f6:c4778, 4c3e8a66-6975-4917-8225-d3efe707aaff:c4778]
2019-09-04 11:46:35,264 | INFO  | SCMAudit | user=jenkins1000 | ip=192.168.36.67 | op=ALLOCATE_BLOCK {owner=8ab292a2-aaa7-4ad8-863a-d33994811155, size=4194304, type=RATIS, factor=THREE} | ret=SUCCESS |  
2019-09-04 11:46:35,270 | INFO  | OMAudit | user=jenkins1000 | ip=127.0.0.1 | op=ALLOCATE_BLOCK {volume=vol-0-58699, bucket=bucket-0-57464, key=key-0-37266, dataSize=0, replicationType=null, replicationFactor=null, keyLocationInfo=null, clientID=102734073355960722} | ret=SUCCESS |  
2019-09-04 11:46:35,278 | INFO  | DNAudit | user=null | ip=null | op=WRITE_CHUNK {blockData=conID: 3 locID: 102734076003222165 bcsId: 0} | ret=SUCCESS |  
2019-09-04 11:46:35,281 | INFO  | DNAudit | user=null | ip=null | op=WRITE_CHUNK {blockData=conID: 3 locID: 102734076003222165 bcsId: 0} | ret=SUCCESS |  
2019-09-04 11:46:35,281 | INFO  | DNAudit | user=null | ip=null | op=WRITE_CHUNK {blockData=conID: 3 locID: 102734076003222165 bcsId: 0} | ret=SUCCESS |  
2019-09-04 11:46:35,282 | INFO  | DNAudit | user=null | ip=null | op=WRITE_CHUNK {blockData=conID: 3 locID: 102734076003222165 bcsId: 0} | ret=SUCCESS |  
2019-09-04 11:46:35,283 | INFO  | DNAudit | user=null | ip=null | op=WRITE_CHUNK {blockData=conID: 3 locID: 102734076003222165 bcsId: 0} | ret=SUCCESS |  
2019-09-04 11:46:35,284 | INFO  | DNAudit | user=null | ip=null | op=WRITE_CHUNK {blockData=conID: 3 locID: 102734076003222165 bcsId: 0} | ret=SUCCESS |  
2019-09-04 11:46:35,293 | INFO  | DNAudit | user=null | ip=null | op=WRITE_CHUNK {blockData=conID: 3 locID: 102734076003222165 bcsId: 0} | ret=SUCCESS |  
2019-09-04 11:46:35,293 | INFO  | DNAudit | user=null | ip=null | op=PUT_BLOCK {blockData=[blockId=conID: 3 locID: 102734076003222165 bcsId: 0,size=1048576]} | ret=SUCCESS |  
2019-09-04 11:46:35,293 [grpc-default-executor-5] INFO  client.GrpcClientProtocolClient (GrpcClientProtocolClient.java:onNext(255)) - client-D5CE890D7D9E->efcb8ff8-f060-4d95-9215-d0f5eb4af037: receive RaftClientReply:client-D5CE890D7D9E->efcb8ff8-f060-4d95-9215-d0f5eb4af037@group-0959F8DF43ED, cid=3171, SUCCESS, logIndex=4781, commits[efcb8ff8-f060-4d95-9215-d0f5eb4af037:c4782, 6fae8b02-e804-4c0e-b729-a97b7404b7f6:c4780, 4c3e8a66-6975-4917-8225-d3efe707aaff:c4780]
2019-09-04 11:46:35,294 [grpc-default-executor-5] INFO  client.GrpcClientProtocolClient (GrpcClientProtocolClient.java:onNext(255)) - client-D5CE890D7D9E->efcb8ff8-f060-4d95-9215-d0f5eb4af037: receive RaftClientReply:client-D5CE890D7D9E->efcb8ff8-f060-4d95-9215-d0f5eb4af037@group-0959F8DF43ED, cid=3172, SUCCESS, logIndex=4782, commits[efcb8ff8-f060-4d95-9215-d0f5eb4af037:c4782, 6fae8b02-e804-4c0e-b729-a97b7404b7f6:c4780, 4c3e8a66-6975-4917-8225-d3efe707aaff:c4780]
2019-09-04 11:46:35,313 | INFO  | DNAudit | user=null | ip=null | op=WRITE_CHUNK {blockData=conID: 3 locID: 102734076003222165 bcsId: 0} | ret=SUCCESS |  
2019-09-04 11:46:35,314 | INFO  | DNAudit | user=null | ip=null | op=PUT_BLOCK {blockData=[blockId=conID: 3 locID: 102734076003222165 bcsId: 0,size=2097152]} | ret=SUCCESS |  
2019-09-04 11:46:35,314 [grpc-default-executor-0] INFO  client.GrpcClientProtocolClient (GrpcClientProtocolClient.java:onNext(255)) - client-D5CE890D7D9E->efcb8ff8-f060-4d95-9215-d0f5eb4af037: receive RaftClientReply:client-D5CE890D7D9E->efcb8ff8-f060-4d95-9215-d0f5eb4af037@group-0959F8DF43ED, cid=3173, SUCCESS, logIndex=4783, commits[efcb8ff8-f060-4d95-9215-d0f5eb4af037:c4784, 6fae8b02-e804-4c0e-b729-a97b7404b7f6:c4780, 4c3e8a66-6975-4917-8225-d3efe707aaff:c4780]
2019-09-04 11:46:35,314 [grpc-default-executor-0] INFO  client.GrpcClientProtocolClient (GrpcClientProtocolClient.java:onNext(255)) - client-D5CE890D7D9E->efcb8ff8-f060-4d95-9215-d0f5eb4af037: receive RaftClientReply:client-D5CE890D7D9E->efcb8ff8-f060-4d95-9215-d0f5eb4af037@group-0959F8DF43ED, cid=3174, SUCCESS, logIndex=4784, commits[efcb8ff8-f060-4d95-9215-d0f5eb4af037:c4784, 6fae8b02-e804-4c0e-b729-a97b7404b7f6:c4780, 4c3e8a66-6975-4917-8225-d3efe707aaff:c4780]
2019-09-04 11:46:35,357 | INFO  | DNAudit | user=null | ip=null | op=WRITE_CHUNK {blockData=conID: 3 locID: 102734076003222165 bcsId: 0} | ret=SUCCESS |  
2019-09-04 11:46:35,357 | INFO  | DNAudit | user=null | ip=null | op=PUT_BLOCK {blockData=[blockId=conID: 3 locID: 102734076003222165 bcsId: 0,size=1048576]} | ret=SUCCESS |  
2019-09-04 11:46:35,357 | INFO  | DNAudit | user=null | ip=null | op=WRITE_CHUNK {blockData=conID: 3 locID: 102734076003222165 bcsId: 0} | ret=SUCCESS |  
2019-09-04 11:46:35,357 | INFO  | DNAudit | user=null | ip=null | op=PUT_BLOCK {blockData=[blockId=conID: 3 locID: 102734076003222165 bcsId: 0,size=1048576]} | ret=SUCCESS |  
2019-09-04 11:46:35,358 | INFO  | DNAudit | user=null | ip=null | op=WRITE_CHUNK {blockData=conID: 3 locID: 102734076003222165 bcsId: 0} | ret=SUCCESS |  
2019-09-04 11:46:35,358 | INFO  | DNAudit | user=null | ip=null | op=PUT_BLOCK {blockData=[blockId=conID: 3 locID: 102734076003222165 bcsId: 0,size=2097152]} | ret=SUCCESS |  
2019-09-04 11:46:35,358 [grpc-default-executor-0] INFO  client.GrpcClientProtocolClient (GrpcClientProtocolClient.java:onNext(255)) - client-D5CE890D7D9E->efcb8ff8-f060-4d95-9215-d0f5eb4af037: receive RaftClientReply:client-D5CE890D7D9E->efcb8ff8-f060-4d95-9215-d0f5eb4af037@group-0959F8DF43ED, cid=3175, SUCCESS, logIndex=0, commits[efcb8ff8-f060-4d95-9215-d0f5eb4af037:c4786, 6fae8b02-e804-4c0e-b729-a97b7404b7f6:c4782, 4c3e8a66-6975-4917-8225-d3efe707aaff:c4782]
2019-09-04 11:46:35,359 | INFO  | DNAudit | user=null | ip=null | op=WRITE_CHUNK {blockData=conID: 3 locID: 102734076003222165 bcsId: 0} | ret=SUCCESS |  
2019-09-04 11:46:35,359 | INFO  | DNAudit | user=null | ip=null | op=PUT_BLOCK {blockData=[blockId=conID: 3 locID: 102734076003222165 bcsId: 0,size=2097152]} | ret=SUCCESS |  
2019-09-04 11:46:35,367 | INFO  | DNAudit | user=null | ip=null | op=WRITE_CHUNK {blockData=conID: 3 locID: 102734076003222165 bcsId: 4784} | ret=SUCCESS |  
2019-09-04 11:46:35,370 | INFO  | DNAudit | user=null | ip=null | op=WRITE_CHUNK {blockData=conID: 3 locID: 102734076003222165 bcsId: 4784} | ret=SUCCESS |  
2019-09-04 11:46:35,370 | INFO  | DNAudit | user=null | ip=null | op=WRITE_CHUNK {blockData=conID: 3 locID: 102734076003222165 bcsId: 4784} | ret=SUCCESS |  
2019-09-04 11:46:35,379 | INFO  | DNAudit | user=null | ip=null | op=WRITE_CHUNK {blockData=conID: 3 locID: 102734076003222165 bcsId: 4784} | ret=SUCCESS |  
2019-09-04 11:46:35,379 | INFO  | DNAudit | user=null | ip=null | op=PUT_BLOCK {blockData=[blockId=conID: 3 locID: 102734076003222165 bcsId: 0,size=3145728]} | ret=SUCCESS |  
2019-09-04 11:46:35,379 [grpc-default-executor-6] INFO  client.GrpcClientProtocolClient (GrpcClientProtocolClient.java:onNext(255)) - client-D5CE890D7D9E->efcb8ff8-f060-4d95-9215-d0f5eb4af037: receive RaftClientReply:client-D5CE890D7D9E->efcb8ff8-f060-4d95-9215-d0f5eb4af037@group-0959F8DF43ED, cid=3176, SUCCESS, logIndex=4789, commits[efcb8ff8-f060-4d95-9215-d0f5eb4af037:c4790, 6fae8b02-e804-4c0e-b729-a97b7404b7f6:c4788, 4c3e8a66-6975-4917-8225-d3efe707aaff:c4788]
2019-09-04 11:46:35,380 [grpc-default-executor-6] INFO  client.GrpcClientProtocolClient (GrpcClientProtocolClient.java:onNext(255)) - client-D5CE890D7D9E->efcb8ff8-f060-4d95-9215-d0f5eb4af037: receive RaftClientReply:client-D5CE890D7D9E->efcb8ff8-f060-4d95-9215-d0f5eb4af037@group-0959F8DF43ED, cid=3177, SUCCESS, logIndex=4790, commits[efcb8ff8-f060-4d95-9215-d0f5eb4af037:c4790, 6fae8b02-e804-4c0e-b729-a97b7404b7f6:c4788, 4c3e8a66-6975-4917-8225-d3efe707aaff:c4788]
2019-09-04 11:46:35,388 | INFO  | DNAudit | user=null | ip=null | op=WRITE_CHUNK {blockData=conID: 3 locID: 102734076003222165 bcsId: 4790} | ret=SUCCESS |  
2019-09-04 11:46:35,390 | INFO  | DNAudit | user=null | ip=null | op=WRITE_CHUNK {blockData=conID: 3 locID: 102734076003222165 bcsId: 4790} | ret=SUCCESS |  
2019-09-04 11:46:35,390 | INFO  | DNAudit | user=null | ip=null | op=WRITE_CHUNK {blockData=conID: 3 locID: 102734076003222165 bcsId: 4790} | ret=SUCCESS |  
2019-09-04 11:46:35,396 | INFO  | DNAudit | user=null | ip=null | op=WRITE_CHUNK {blockData=conID: 3 locID: 102734076003222165 bcsId: 4784} | ret=SUCCESS |  
2019-09-04 11:46:35,396 | INFO  | DNAudit | user=null | ip=null | op=WRITE_CHUNK {blockData=conID: 3 locID: 102734076003222165 bcsId: 4784} | ret=SUCCESS |  
2019-09-04 11:46:35,397 | INFO  | DNAudit | user=null | ip=null | op=PUT_BLOCK {blockData=[blockId=conID: 3 locID: 102734076003222165 bcsId: 0,size=3145728]} | ret=SUCCESS |  
2019-09-04 11:46:35,397 | INFO  | DNAudit | user=null | ip=null | op=PUT_BLOCK {blockData=[blockId=conID: 3 locID: 102734076003222165 bcsId: 0,size=3145728]} | ret=SUCCESS |  
2019-09-04 11:46:35,398 | INFO  | DNAudit | user=null | ip=null | op=WRITE_CHUNK {blockData=conID: 3 locID: 102734076003222165 bcsId: 4790} | ret=SUCCESS |  
2019-09-04 11:46:35,398 | INFO  | DNAudit | user=null | ip=null | op=PUT_BLOCK {blockData=[blockId=conID: 3 locID: 102734076003222165 bcsId: 0,size=4194304]} | ret=SUCCESS |  
2019-09-04 11:46:35,399 [grpc-default-executor-6] INFO  client.GrpcClientProtocolClient (GrpcClientProtocolClient.java:onNext(255)) - client-D5CE890D7D9E->efcb8ff8-f060-4d95-9215-d0f5eb4af037: receive RaftClientReply:client-D5CE890D7D9E->efcb8ff8-f060-4d95-9215-d0f5eb4af037@group-0959F8DF43ED, cid=3178, SUCCESS, logIndex=4793, commits[efcb8ff8-f060-4d95-9215-d0f5eb4af037:c4794, 6fae8b02-e804-4c0e-b729-a97b7404b7f6:c4790, 4c3e8a66-6975-4917-8225-d3efe707aaff:c4790]
2019-09-04 11:46:35,399 [grpc-default-executor-6] INFO  client.GrpcClientProtocolClient (GrpcClientProtocolClient.java:onNext(255)) - client-D5CE890D7D9E->efcb8ff8-f060-4d95-9215-d0f5eb4af037: receive RaftClientReply:client-D5CE890D7D9E->efcb8ff8-f060-4d95-9215-d0f5eb4af037@group-0959F8DF43ED, cid=3179, SUCCESS, logIndex=4794, commits[efcb8ff8-f060-4d95-9215-d0f5eb4af037:c4794, 6fae8b02-e804-4c0e-b729-a97b7404b7f6:c4790, 4c3e8a66-6975-4917-8225-d3efe707aaff:c4790]
2019-09-04 11:46:35,404 | INFO  | DNAudit | user=null | ip=null | op=WRITE_CHUNK {blockData=conID: 3 locID: 102734076003222165 bcsId: 4790} | ret=SUCCESS |  
2019-09-04 11:46:35,404 | INFO  | DNAudit | user=null | ip=null | op=WRITE_CHUNK {blockData=conID: 3 locID: 102734076003222165 bcsId: 4790} | ret=SUCCESS |  
2019-09-04 11:46:35,405 | INFO  | DNAudit | user=null | ip=null | op=PUT_BLOCK {blockData=[blockId=conID: 3 locID: 102734076003222165 bcsId: 0,size=4194304]} | ret=SUCCESS |  
2019-09-04 11:46:35,405 | INFO  | DNAudit | user=null | ip=null | op=PUT_BLOCK {blockData=[blockId=conID: 3 locID: 102734076003222165 bcsId: 0,size=4194304]} | ret=SUCCESS |  
2019-09-04 11:46:35,406 [grpc-default-executor-6] INFO  client.GrpcClientProtocolClient (GrpcClientProtocolClient.java:onNext(255)) - client-D5CE890D7D9E->efcb8ff8-f060-4d95-9215-d0f5eb4af037: receive RaftClientReply:client-D5CE890D7D9E->efcb8ff8-f060-4d95-9215-d0f5eb4af037@group-0959F8DF43ED, cid=3180, SUCCESS, logIndex=0, commits[efcb8ff8-f060-4d95-9215-d0f5eb4af037:c4796, 6fae8b02-e804-4c0e-b729-a97b7404b7f6:c4794, 4c3e8a66-6975-4917-8225-d3efe707aaff:c4794]
2019-09-04 11:46:35,413 | INFO  | SCMAudit | user=jenkins1000 | ip=192.168.36.67 | op=ALLOCATE_BLOCK {owner=8ab292a2-aaa7-4ad8-863a-d33994811155, size=4194304, type=RATIS, factor=THREE} | ret=SUCCESS |  
2019-09-04 11:46:35,418 | INFO  | OMAudit | user=jenkins1000 | ip=127.0.0.1 | op=ALLOCATE_BLOCK {volume=vol-0-58699, bucket=bucket-0-57464, key=key-0-37266, dataSize=0, replicationType=null, replicationFactor=null, keyLocationInfo=null, clientID=102734073355960722} | ret=SUCCESS |  
2019-09-04 11:46:35,426 | INFO  | DNAudit | user=null | ip=null | op=WRITE_CHUNK {blockData=conID: 1 locID: 102734076012987030 bcsId: 0} | ret=SUCCESS |  
2019-09-04 11:46:35,429 | INFO  | DNAudit | user=null | ip=null | op=WRITE_CHUNK {blockData=conID: 1 locID: 102734076012987030 bcsId: 0} | ret=SUCCESS |  
2019-09-04 11:46:35,429 | INFO  | DNAudit | user=null | ip=null | op=WRITE_CHUNK {blockData=conID: 1 locID: 102734076012987030 bcsId: 0} | ret=SUCCESS |  
2019-09-04 11:46:35,430 | INFO  | DNAudit | user=null | ip=null | op=WRITE_CHUNK {blockData=conID: 1 locID: 102734076012987030 bcsId: 0} | ret=SUCCESS |  
2019-09-04 11:46:35,433 | INFO  | DNAudit | user=null | ip=null | op=WRITE_CHUNK {blockData=conID: 1 locID: 102734076012987030 bcsId: 0} | ret=SUCCESS |  
2019-09-04 11:46:35,433 | INFO  | DNAudit | user=null | ip=null | op=WRITE_CHUNK {blockData=conID: 1 locID: 102734076012987030 bcsId: 0} | ret=SUCCESS |  
2019-09-04 11:46:35,717 | INFO  | SCMAudit | user=jenkins1000 | ip=192.168.36.67 | op=SEND_HEARTBEAT {datanodeUUID=b68b188c-7f38-42ae-8403-46a39acd0731, command=[]} | ret=SUCCESS |  
2019-09-04 11:46:35,738 | INFO  | SCMAudit | user=jenkins1000 | ip=192.168.36.67 | op=SEND_HEARTBEAT {datanodeUUID=4c3e8a66-6975-4917-8225-d3efe707aaff, command=[]} | ret=SUCCESS |  
2019-09-04 11:46:35,738 | INFO  | SCMAudit | user=jenkins1000 | ip=192.168.36.67 | op=SEND_HEARTBEAT {datanodeUUID=6fae8b02-e804-4c0e-b729-a97b7404b7f6, command=[]} | ret=SUCCESS |  
2019-09-04 11:46:35,741 | INFO  | SCMAudit | user=jenkins1000 | ip=192.168.36.67 | op=SEND_HEARTBEAT {datanodeUUID=0b776101-1d39-4f23-96c0-6a8ead31197c, command=[]} | ret=SUCCESS |  
2019-09-04 11:46:35,746 | INFO  | SCMAudit | user=jenkins1000 | ip=192.168.36.67 | op=SEND_HEARTBEAT {datanodeUUID=efcb8ff8-f060-4d95-9215-d0f5eb4af037, command=[]} | ret=SUCCESS |  
2019-09-04 11:46:35,814 | INFO  | DNAudit | user=null | ip=null | op=WRITE_CHUNK {blockData=conID: 1 locID: 102734076012987030 bcsId: 0} | ret=SUCCESS |  
2019-09-04 11:46:35,815 | INFO  | DNAudit | user=null | ip=null | op=PUT_BLOCK {blockData=[blockId=conID: 1 locID: 102734076012987030 bcsId: 0,size=1048576]} | ret=SUCCESS |  
2019-09-04 11:46:35,815 [grpc-default-executor-0] INFO  client.GrpcClientProtocolClient (GrpcClientProtocolClient.java:onNext(255)) - client-D5CE890D7D9E->efcb8ff8-f060-4d95-9215-d0f5eb4af037: receive RaftClientReply:client-D5CE890D7D9E->efcb8ff8-f060-4d95-9215-d0f5eb4af037@group-0959F8DF43ED, cid=3181, SUCCESS, logIndex=4797, commits[efcb8ff8-f060-4d95-9215-d0f5eb4af037:c4798, 6fae8b02-e804-4c0e-b729-a97b7404b7f6:c4796, 4c3e8a66-6975-4917-8225-d3efe707aaff:c4796]
2019-09-04 11:46:35,816 [grpc-default-executor-0] INFO  client.GrpcClientProtocolClient (GrpcClientProtocolClient.java:onNext(255)) - client-D5CE890D7D9E->efcb8ff8-f060-4d95-9215-d0f5eb4af037: receive RaftClientReply:client-D5CE890D7D9E->efcb8ff8-f060-4d95-9215-d0f5eb4af037@group-0959F8DF43ED, cid=3182, SUCCESS, logIndex=4798, commits[efcb8ff8-f060-4d95-9215-d0f5eb4af037:c4798, 6fae8b02-e804-4c0e-b729-a97b7404b7f6:c4796, 4c3e8a66-6975-4917-8225-d3efe707aaff:c4796]
2019-09-04 11:46:35,824 | INFO  | DNAudit | user=null | ip=null | op=WRITE_CHUNK {blockData=conID: 1 locID: 102734076012987030 bcsId: 0} | ret=SUCCESS |  
2019-09-04 11:46:35,825 | INFO  | DNAudit | user=null | ip=null | op=PUT_BLOCK {blockData=[blockId=conID: 1 locID: 102734076012987030 bcsId: 0,size=2097152]} | ret=SUCCESS |  
2019-09-04 11:46:35,825 [grpc-default-executor-1] INFO  client.GrpcClientProtocolClient (GrpcClientProtocolClient.java:onNext(255)) - client-D5CE890D7D9E->efcb8ff8-f060-4d95-9215-d0f5eb4af037: receive RaftClientReply:client-D5CE890D7D9E->efcb8ff8-f060-4d95-9215-d0f5eb4af037@group-0959F8DF43ED, cid=3183, SUCCESS, logIndex=4799, commits[efcb8ff8-f060-4d95-9215-d0f5eb4af037:c4800, 6fae8b02-e804-4c0e-b729-a97b7404b7f6:c4796, 4c3e8a66-6975-4917-8225-d3efe707aaff:c4796]
2019-09-04 11:46:35,826 [grpc-default-executor-1] INFO  client.GrpcClientProtocolClient (GrpcClientProtocolClient.java:onNext(255)) - client-D5CE890D7D9E->efcb8ff8-f060-4d95-9215-d0f5eb4af037: receive RaftClientReply:client-D5CE890D7D9E->efcb8ff8-f060-4d95-9215-d0f5eb4af037@group-0959F8DF43ED, cid=3184, SUCCESS, logIndex=4800, commits[efcb8ff8-f060-4d95-9215-d0f5eb4af037:c4800, 6fae8b02-e804-4c0e-b729-a97b7404b7f6:c4796, 4c3e8a66-6975-4917-8225-d3efe707aaff:c4796]
2019-09-04 11:46:35,848 | INFO  | DNAudit | user=null | ip=null | op=WRITE_CHUNK {blockData=conID: 1 locID: 102734076012987030 bcsId: 0} | ret=SUCCESS |  
2019-09-04 11:46:35,848 | INFO  | DNAudit | user=null | ip=null | op=WRITE_CHUNK {blockData=conID: 1 locID: 102734076012987030 bcsId: 0} | ret=SUCCESS |  
2019-09-04 11:46:35,848 | INFO  | DNAudit | user=null | ip=null | op=PUT_BLOCK {blockData=[blockId=conID: 1 locID: 102734076012987030 bcsId: 0,size=1048576]} | ret=SUCCESS |  
2019-09-04 11:46:35,849 | INFO  | DNAudit | user=null | ip=null | op=PUT_BLOCK {blockData=[blockId=conID: 1 locID: 102734076012987030 bcsId: 0,size=1048576]} | ret=SUCCESS |  
2019-09-04 11:46:35,850 | INFO  | DNAudit | user=null | ip=null | op=WRITE_CHUNK {blockData=conID: 1 locID: 102734076012987030 bcsId: 0} | ret=SUCCESS |  
2019-09-04 11:46:35,850 [grpc-default-executor-1] INFO  client.GrpcClientProtocolClient (GrpcClientProtocolClient.java:onNext(255)) - client-D5CE890D7D9E->efcb8ff8-f060-4d95-9215-d0f5eb4af037: receive RaftClientReply:client-D5CE890D7D9E->efcb8ff8-f060-4d95-9215-d0f5eb4af037@group-0959F8DF43ED, cid=3185, SUCCESS, logIndex=0, commits[efcb8ff8-f060-4d95-9215-d0f5eb4af037:c4802, 6fae8b02-e804-4c0e-b729-a97b7404b7f6:c4798, 4c3e8a66-6975-4917-8225-d3efe707aaff:c4798]
2019-09-04 11:46:35,850 | INFO  | DNAudit | user=null | ip=null | op=WRITE_CHUNK {blockData=conID: 1 locID: 102734076012987030 bcsId: 0} | ret=SUCCESS |  
2019-09-04 11:46:35,850 | INFO  | DNAudit | user=null | ip=null | op=PUT_BLOCK {blockData=[blockId=conID: 1 locID: 102734076012987030 bcsId: 0,size=2097152]} | ret=SUCCESS |  
2019-09-04 11:46:35,850 | INFO  | DNAudit | user=null | ip=null | op=PUT_BLOCK {blockData=[blockId=conID: 1 locID: 102734076012987030 bcsId: 0,size=2097152]} | ret=SUCCESS |  
2019-09-04 11:46:35,863 | INFO  | DNAudit | user=null | ip=null | op=WRITE_CHUNK {blockData=conID: 1 locID: 102734076012987030 bcsId: 4800} | ret=SUCCESS |  
2019-09-04 11:46:35,865 | INFO  | DNAudit | user=null | ip=null | op=WRITE_CHUNK {blockData=conID: 1 locID: 102734076012987030 bcsId: 4800} | ret=SUCCESS |  
2019-09-04 11:46:35,866 | INFO  | DNAudit | user=null | ip=null | op=WRITE_CHUNK {blockData=conID: 1 locID: 102734076012987030 bcsId: 4800} | ret=SUCCESS |  
2019-09-04 11:46:35,869 | INFO  | DNAudit | user=null | ip=null | op=WRITE_CHUNK {blockData=conID: 1 locID: 102734076012987030 bcsId: 4800} | ret=SUCCESS |  
2019-09-04 11:46:35,869 | INFO  | DNAudit | user=null | ip=null | op=PUT_BLOCK {blockData=[blockId=conID: 1 locID: 102734076012987030 bcsId: 0,size=3145728]} | ret=SUCCESS |  
2019-09-04 11:46:35,870 [grpc-default-executor-1] INFO  client.GrpcClientProtocolClient (GrpcClientProtocolClient.java:onNext(255)) - client-D5CE890D7D9E->efcb8ff8-f060-4d95-9215-d0f5eb4af037: receive RaftClientReply:client-D5CE890D7D9E->efcb8ff8-f060-4d95-9215-d0f5eb4af037@group-0959F8DF43ED, cid=3186, SUCCESS, logIndex=4805, commits[efcb8ff8-f060-4d95-9215-d0f5eb4af037:c4806, 6fae8b02-e804-4c0e-b729-a97b7404b7f6:c4804, 4c3e8a66-6975-4917-8225-d3efe707aaff:c4804]
2019-09-04 11:46:35,870 [grpc-default-executor-1] INFO  client.GrpcClientProtocolClient (GrpcClientProtocolClient.java:onNext(255)) - client-D5CE890D7D9E->efcb8ff8-f060-4d95-9215-d0f5eb4af037: receive RaftClientReply:client-D5CE890D7D9E->efcb8ff8-f060-4d95-9215-d0f5eb4af037@group-0959F8DF43ED, cid=3187, SUCCESS, logIndex=4806, commits[efcb8ff8-f060-4d95-9215-d0f5eb4af037:c4806, 6fae8b02-e804-4c0e-b729-a97b7404b7f6:c4804, 4c3e8a66-6975-4917-8225-d3efe707aaff:c4804]
2019-09-04 11:46:35,878 | INFO  | DNAudit | user=null | ip=null | op=WRITE_CHUNK {blockData=conID: 1 locID: 102734076012987030 bcsId: 4806} | ret=SUCCESS |  
2019-09-04 11:46:35,880 | INFO  | DNAudit | user=null | ip=null | op=WRITE_CHUNK {blockData=conID: 1 locID: 102734076012987030 bcsId: 4806} | ret=SUCCESS |  
2019-09-04 11:46:35,880 | INFO  | DNAudit | user=null | ip=null | op=WRITE_CHUNK {blockData=conID: 1 locID: 102734076012987030 bcsId: 4806} | ret=SUCCESS |  
2019-09-04 11:46:35,880 | INFO  | DNAudit | user=null | ip=null | op=WRITE_CHUNK {blockData=conID: 1 locID: 102734076012987030 bcsId: 4800} | ret=SUCCESS |  
2019-09-04 11:46:35,881 | INFO  | DNAudit | user=null | ip=null | op=WRITE_CHUNK {blockData=conID: 1 locID: 102734076012987030 bcsId: 4800} | ret=SUCCESS |  
2019-09-04 11:46:35,883 | INFO  | DNAudit | user=null | ip=null | op=PUT_BLOCK {blockData=[blockId=conID: 1 locID: 102734076012987030 bcsId: 0,size=3145728]} | ret=SUCCESS |  
2019-09-04 11:46:35,883 | INFO  | DNAudit | user=null | ip=null | op=PUT_BLOCK {blockData=[blockId=conID: 1 locID: 102734076012987030 bcsId: 0,size=3145728]} | ret=SUCCESS |  
2019-09-04 11:46:35,883 | INFO  | DNAudit | user=null | ip=null | op=WRITE_CHUNK {blockData=conID: 1 locID: 102734076012987030 bcsId: 4806} | ret=SUCCESS |  
2019-09-04 11:46:35,884 | INFO  | DNAudit | user=null | ip=null | op=PUT_BLOCK {blockData=[blockId=conID: 1 locID: 102734076012987030 bcsId: 0,size=4194304]} | ret=SUCCESS |  
2019-09-04 11:46:35,884 [grpc-default-executor-0] INFO  client.GrpcClientProtocolClient (GrpcClientProtocolClient.java:onNext(255)) - client-D5CE890D7D9E->efcb8ff8-f060-4d95-9215-d0f5eb4af037: receive RaftClientReply:client-D5CE890D7D9E->efcb8ff8-f060-4d95-9215-d0f5eb4af037@group-0959F8DF43ED, cid=3188, SUCCESS, logIndex=4809, commits[efcb8ff8-f060-4d95-9215-d0f5eb4af037:c4810, 6fae8b02-e804-4c0e-b729-a97b7404b7f6:c4806, 4c3e8a66-6975-4917-8225-d3efe707aaff:c4806]
2019-09-04 11:46:35,885 [grpc-default-executor-0] INFO  client.GrpcClientProtocolClient (GrpcClientProtocolClient.java:onNext(255)) - client-D5CE890D7D9E->efcb8ff8-f060-4d95-9215-d0f5eb4af037: receive RaftClientReply:client-D5CE890D7D9E->efcb8ff8-f060-4d95-9215-d0f5eb4af037@group-0959F8DF43ED, cid=3189, SUCCESS, logIndex=4810, commits[efcb8ff8-f060-4d95-9215-d0f5eb4af037:c4810, 6fae8b02-e804-4c0e-b729-a97b7404b7f6:c4806, 4c3e8a66-6975-4917-8225-d3efe707aaff:c4806]
2019-09-04 11:46:35,902 | INFO  | DNAudit | user=null | ip=null | op=WRITE_CHUNK {blockData=conID: 1 locID: 102734076012987030 bcsId: 4806} | ret=SUCCESS |  
2019-09-04 11:46:35,902 | INFO  | DNAudit | user=null | ip=null | op=WRITE_CHUNK {blockData=conID: 1 locID: 102734076012987030 bcsId: 4806} | ret=SUCCESS |  
2019-09-04 11:46:35,903 | INFO  | DNAudit | user=null | ip=null | op=PUT_BLOCK {blockData=[blockId=conID: 1 locID: 102734076012987030 bcsId: 0,size=4194304]} | ret=SUCCESS |  
2019-09-04 11:46:35,903 | INFO  | DNAudit | user=null | ip=null | op=PUT_BLOCK {blockData=[blockId=conID: 1 locID: 102734076012987030 bcsId: 0,size=4194304]} | ret=SUCCESS |  
2019-09-04 11:46:35,904 [grpc-default-executor-5] INFO  client.GrpcClientProtocolClient (GrpcClientProtocolClient.java:onNext(255)) - client-D5CE890D7D9E->efcb8ff8-f060-4d95-9215-d0f5eb4af037: receive RaftClientReply:client-D5CE890D7D9E->efcb8ff8-f060-4d95-9215-d0f5eb4af037@group-0959F8DF43ED, cid=3190, SUCCESS, logIndex=0, commits[efcb8ff8-f060-4d95-9215-d0f5eb4af037:c4812, 6fae8b02-e804-4c0e-b729-a97b7404b7f6:c4810, 4c3e8a66-6975-4917-8225-d3efe707aaff:c4810]
2019-09-04 11:46:35,911 | INFO  | SCMAudit | user=jenkins1000 | ip=192.168.36.67 | op=ALLOCATE_BLOCK {owner=8ab292a2-aaa7-4ad8-863a-d33994811155, size=4194304, type=RATIS, factor=THREE} | ret=SUCCESS |  
2019-09-04 11:46:35,916 | INFO  | OMAudit | user=jenkins1000 | ip=127.0.0.1 | op=ALLOCATE_BLOCK {volume=vol-0-58699, bucket=bucket-0-57464, key=key-0-37266, dataSize=0, replicationType=null, replicationFactor=null, keyLocationInfo=null, clientID=102734073355960722} | ret=SUCCESS |  
2019-09-04 11:46:35,923 | INFO  | DNAudit | user=null | ip=null | op=WRITE_CHUNK {blockData=conID: 2 locID: 102734076045623959 bcsId: 0} | ret=SUCCESS |  
2019-09-04 11:46:35,926 | INFO  | DNAudit | user=null | ip=null | op=WRITE_CHUNK {blockData=conID: 2 locID: 102734076045623959 bcsId: 0} | ret=SUCCESS |  
2019-09-04 11:46:35,926 | INFO  | DNAudit | user=null | ip=null | op=WRITE_CHUNK {blockData=conID: 2 locID: 102734076045623959 bcsId: 0} | ret=SUCCESS |  
2019-09-04 11:46:35,926 | INFO  | DNAudit | user=null | ip=null | op=WRITE_CHUNK {blockData=conID: 2 locID: 102734076045623959 bcsId: 0} | ret=SUCCESS |  
2019-09-04 11:46:35,928 | INFO  | DNAudit | user=null | ip=null | op=WRITE_CHUNK {blockData=conID: 2 locID: 102734076045623959 bcsId: 0} | ret=SUCCESS |  
2019-09-04 11:46:35,928 | INFO  | DNAudit | user=null | ip=null | op=WRITE_CHUNK {blockData=conID: 2 locID: 102734076045623959 bcsId: 0} | ret=SUCCESS |  
2019-09-04 11:46:35,947 | INFO  | DNAudit | user=null | ip=null | op=WRITE_CHUNK {blockData=conID: 2 locID: 102734076045623959 bcsId: 0} | ret=SUCCESS |  
2019-09-04 11:46:35,948 | INFO  | DNAudit | user=null | ip=null | op=PUT_BLOCK {blockData=[blockId=conID: 2 locID: 102734076045623959 bcsId: 0,size=1048576]} | ret=SUCCESS |  
2019-09-04 11:46:35,948 [grpc-default-executor-1] INFO  client.GrpcClientProtocolClient (GrpcClientProtocolClient.java:onNext(255)) - client-D5CE890D7D9E->efcb8ff8-f060-4d95-9215-d0f5eb4af037: receive RaftClientReply:client-D5CE890D7D9E->efcb8ff8-f060-4d95-9215-d0f5eb4af037@group-0959F8DF43ED, cid=3191, SUCCESS, logIndex=4813, commits[efcb8ff8-f060-4d95-9215-d0f5eb4af037:c4816, 6fae8b02-e804-4c0e-b729-a97b7404b7f6:c4812, 4c3e8a66-6975-4917-8225-d3efe707aaff:c4812]
2019-09-04 11:46:35,948 | INFO  | DNAudit | user=null | ip=null | op=WRITE_CHUNK {blockData=conID: 2 locID: 102734076045623959 bcsId: 0} | ret=SUCCESS |  
2019-09-04 11:46:35,948 | INFO  | DNAudit | user=null | ip=null | op=WRITE_CHUNK {blockData=conID: 2 locID: 102734076045623959 bcsId: 0} | ret=SUCCESS |  
2019-09-04 11:46:35,948 [grpc-default-executor-1] INFO  client.GrpcClientProtocolClient (GrpcClientProtocolClient.java:onNext(255)) - client-D5CE890D7D9E->efcb8ff8-f060-4d95-9215-d0f5eb4af037: receive RaftClientReply:client-D5CE890D7D9E->efcb8ff8-f060-4d95-9215-d0f5eb4af037@group-0959F8DF43ED, cid=3192, SUCCESS, logIndex=4814, commits[efcb8ff8-f060-4d95-9215-d0f5eb4af037:c4816, 6fae8b02-e804-4c0e-b729-a97b7404b7f6:c4812, 4c3e8a66-6975-4917-8225-d3efe707aaff:c4812]
2019-09-04 11:46:35,948 | INFO  | DNAudit | user=null | ip=null | op=PUT_BLOCK {blockData=[blockId=conID: 2 locID: 102734076045623959 bcsId: 0,size=2097152]} | ret=SUCCESS |  
2019-09-04 11:46:35,949 | INFO  | DNAudit | user=null | ip=null | op=PUT_BLOCK {blockData=[blockId=conID: 2 locID: 102734076045623959 bcsId: 0,size=1048576]} | ret=SUCCESS |  
2019-09-04 11:46:35,949 [grpc-default-executor-1] INFO  client.GrpcClientProtocolClient (GrpcClientProtocolClient.java:onNext(255)) - client-D5CE890D7D9E->efcb8ff8-f060-4d95-9215-d0f5eb4af037: receive RaftClientReply:client-D5CE890D7D9E->efcb8ff8-f060-4d95-9215-d0f5eb4af037@group-0959F8DF43ED, cid=3193, SUCCESS, logIndex=4815, commits[efcb8ff8-f060-4d95-9215-d0f5eb4af037:c4816, 6fae8b02-e804-4c0e-b729-a97b7404b7f6:c4812, 4c3e8a66-6975-4917-8225-d3efe707aaff:c4812]
2019-09-04 11:46:35,949 [grpc-default-executor-1] INFO  client.GrpcClientProtocolClient (GrpcClientProtocolClient.java:onNext(255)) - client-D5CE890D7D9E->efcb8ff8-f060-4d95-9215-d0f5eb4af037: receive RaftClientReply:client-D5CE890D7D9E->efcb8ff8-f060-4d95-9215-d0f5eb4af037@group-0959F8DF43ED, cid=3194, SUCCESS, logIndex=4816, commits[efcb8ff8-f060-4d95-9215-d0f5eb4af037:c4817, 6fae8b02-e804-4c0e-b729-a97b7404b7f6:c4814, 4c3e8a66-6975-4917-8225-d3efe707aaff:c4812]
2019-09-04 11:46:35,949 | INFO  | DNAudit | user=null | ip=null | op=WRITE_CHUNK {blockData=conID: 2 locID: 102734076045623959 bcsId: 0} | ret=SUCCESS |  
2019-09-04 11:46:35,949 | INFO  | DNAudit | user=null | ip=null | op=PUT_BLOCK {blockData=[blockId=conID: 2 locID: 102734076045623959 bcsId: 0,size=1048576]} | ret=SUCCESS |  
2019-09-04 11:46:35,950 | INFO  | DNAudit | user=null | ip=null | op=WRITE_CHUNK {blockData=conID: 2 locID: 102734076045623959 bcsId: 0} | ret=SUCCESS |  
2019-09-04 11:46:35,950 | INFO  | DNAudit | user=null | ip=null | op=WRITE_CHUNK {blockData=conID: 2 locID: 102734076045623959 bcsId: 0} | ret=SUCCESS |  
2019-09-04 11:46:35,950 | INFO  | DNAudit | user=null | ip=null | op=PUT_BLOCK {blockData=[blockId=conID: 2 locID: 102734076045623959 bcsId: 0,size=2097152]} | ret=SUCCESS |  
2019-09-04 11:46:35,950 | INFO  | DNAudit | user=null | ip=null | op=PUT_BLOCK {blockData=[blockId=conID: 2 locID: 102734076045623959 bcsId: 0,size=2097152]} | ret=SUCCESS |  
2019-09-04 11:46:35,950 [grpc-default-executor-1] INFO  client.GrpcClientProtocolClient (GrpcClientProtocolClient.java:onNext(255)) - client-D5CE890D7D9E->efcb8ff8-f060-4d95-9215-d0f5eb4af037: receive RaftClientReply:client-D5CE890D7D9E->efcb8ff8-f060-4d95-9215-d0f5eb4af037@group-0959F8DF43ED, cid=3195, SUCCESS, logIndex=0, commits[efcb8ff8-f060-4d95-9215-d0f5eb4af037:c4820, 6fae8b02-e804-4c0e-b729-a97b7404b7f6:c4814, 4c3e8a66-6975-4917-8225-d3efe707aaff:c4816]
2019-09-04 11:46:35,956 | INFO  | DNAudit | user=null | ip=null | op=WRITE_CHUNK {blockData=conID: 2 locID: 102734076045623959 bcsId: 4816} | ret=SUCCESS |  
2019-09-04 11:46:35,959 | INFO  | DNAudit | user=null | ip=null | op=WRITE_CHUNK {blockData=conID: 2 locID: 102734076045623959 bcsId: 4816} | ret=SUCCESS |  
2019-09-04 11:46:35,959 | INFO  | DNAudit | user=null | ip=null | op=WRITE_CHUNK {blockData=conID: 2 locID: 102734076045623959 bcsId: 4816} | ret=SUCCESS |  
2019-09-04 11:46:35,972 | INFO  | DNAudit | user=null | ip=null | op=WRITE_CHUNK {blockData=conID: 2 locID: 102734076045623959 bcsId: 4816} | ret=SUCCESS |  
2019-09-04 11:46:35,972 | INFO  | DNAudit | user=null | ip=null | op=PUT_BLOCK {blockData=[blockId=conID: 2 locID: 102734076045623959 bcsId: 0,size=3145728]} | ret=SUCCESS |  
2019-09-04 11:46:35,972 [grpc-default-executor-0] INFO  client.GrpcClientProtocolClient (GrpcClientProtocolClient.java:onNext(255)) - client-D5CE890D7D9E->efcb8ff8-f060-4d95-9215-d0f5eb4af037: receive RaftClientReply:client-D5CE890D7D9E->efcb8ff8-f060-4d95-9215-d0f5eb4af037@group-0959F8DF43ED, cid=3196, SUCCESS, logIndex=4821, commits[efcb8ff8-f060-4d95-9215-d0f5eb4af037:c4822, 6fae8b02-e804-4c0e-b729-a97b7404b7f6:c4820, 4c3e8a66-6975-4917-8225-d3efe707aaff:c4820]
2019-09-04 11:46:35,973 [grpc-default-executor-0] INFO  client.GrpcClientProtocolClient (GrpcClientProtocolClient.java:onNext(255)) - client-D5CE890D7D9E->efcb8ff8-f060-4d95-9215-d0f5eb4af037: receive RaftClientReply:client-D5CE890D7D9E->efcb8ff8-f060-4d95-9215-d0f5eb4af037@group-0959F8DF43ED, cid=3197, SUCCESS, logIndex=4822, commits[efcb8ff8-f060-4d95-9215-d0f5eb4af037:c4822, 6fae8b02-e804-4c0e-b729-a97b7404b7f6:c4820, 4c3e8a66-6975-4917-8225-d3efe707aaff:c4820]
2019-09-04 11:46:35,978 | INFO  | DNAudit | user=null | ip=null | op=WRITE_CHUNK {blockData=conID: 2 locID: 102734076045623959 bcsId: 4822} | ret=SUCCESS |  
2019-09-04 11:46:35,980 | INFO  | DNAudit | user=null | ip=null | op=WRITE_CHUNK {blockData=conID: 2 locID: 102734076045623959 bcsId: 4822} | ret=SUCCESS |  
2019-09-04 11:46:35,980 | INFO  | DNAudit | user=null | ip=null | op=WRITE_CHUNK {blockData=conID: 2 locID: 102734076045623959 bcsId: 4822} | ret=SUCCESS |  
2019-09-04 11:46:35,984 | INFO  | DNAudit | user=null | ip=null | op=WRITE_CHUNK {blockData=conID: 2 locID: 102734076045623959 bcsId: 4816} | ret=SUCCESS |  
2019-09-04 11:46:35,984 | INFO  | DNAudit | user=null | ip=null | op=WRITE_CHUNK {blockData=conID: 2 locID: 102734076045623959 bcsId: 4816} | ret=SUCCESS |  
2019-09-04 11:46:35,985 | INFO  | DNAudit | user=null | ip=null | op=PUT_BLOCK {blockData=[blockId=conID: 2 locID: 102734076045623959 bcsId: 0,size=3145728]} | ret=SUCCESS |  
2019-09-04 11:46:35,985 | INFO  | DNAudit | user=null | ip=null | op=PUT_BLOCK {blockData=[blockId=conID: 2 locID: 102734076045623959 bcsId: 0,size=3145728]} | ret=SUCCESS |  
2019-09-04 11:46:35,985 | INFO  | DNAudit | user=null | ip=null | op=WRITE_CHUNK {blockData=conID: 2 locID: 102734076045623959 bcsId: 4822} | ret=SUCCESS |  
2019-09-04 11:46:35,986 | INFO  | DNAudit | user=null | ip=null | op=PUT_BLOCK {blockData=[blockId=conID: 2 locID: 102734076045623959 bcsId: 0,size=4194304]} | ret=SUCCESS |  
2019-09-04 11:46:35,986 [grpc-default-executor-1] INFO  client.GrpcClientProtocolClient (GrpcClientProtocolClient.java:onNext(255)) - client-D5CE890D7D9E->efcb8ff8-f060-4d95-9215-d0f5eb4af037: receive RaftClientReply:client-D5CE890D7D9E->efcb8ff8-f060-4d95-9215-d0f5eb4af037@group-0959F8DF43ED, cid=3198, SUCCESS, logIndex=4825, commits[efcb8ff8-f060-4d95-9215-d0f5eb4af037:c4826, 6fae8b02-e804-4c0e-b729-a97b7404b7f6:c4822, 4c3e8a66-6975-4917-8225-d3efe707aaff:c4822]
2019-09-04 11:46:35,986 [grpc-default-executor-6] INFO  client.GrpcClientProtocolClient (GrpcClientProtocolClient.java:onNext(255)) - client-D5CE890D7D9E->efcb8ff8-f060-4d95-9215-d0f5eb4af037: receive RaftClientReply:client-D5CE890D7D9E->efcb8ff8-f060-4d95-9215-d0f5eb4af037@group-0959F8DF43ED, cid=3199, SUCCESS, logIndex=4826, commits[efcb8ff8-f060-4d95-9215-d0f5eb4af037:c4826, 6fae8b02-e804-4c0e-b729-a97b7404b7f6:c4822, 4c3e8a66-6975-4917-8225-d3efe707aaff:c4822]
2019-09-04 11:46:35,997 | INFO  | DNAudit | user=null | ip=null | op=WRITE_CHUNK {blockData=conID: 2 locID: 102734076045623959 bcsId: 4822} | ret=SUCCESS |  
2019-09-04 11:46:35,998 | INFO  | DNAudit | user=null | ip=null | op=WRITE_CHUNK {blockData=conID: 2 locID: 102734076045623959 bcsId: 4822} | ret=SUCCESS |  
2019-09-04 11:46:35,998 | INFO  | DNAudit | user=null | ip=null | op=PUT_BLOCK {blockData=[blockId=conID: 2 locID: 102734076045623959 bcsId: 0,size=4194304]} | ret=SUCCESS |  
2019-09-04 11:46:35,999 | INFO  | DNAudit | user=null | ip=null | op=PUT_BLOCK {blockData=[blockId=conID: 2 locID: 102734076045623959 bcsId: 0,size=4194304]} | ret=SUCCESS |  
2019-09-04 11:46:35,999 [grpc-default-executor-6] INFO  client.GrpcClientProtocolClient (GrpcClientProtocolClient.java:onNext(255)) - client-D5CE890D7D9E->efcb8ff8-f060-4d95-9215-d0f5eb4af037: receive RaftClientReply:client-D5CE890D7D9E->efcb8ff8-f060-4d95-9215-d0f5eb4af037@group-0959F8DF43ED, cid=3200, SUCCESS, logIndex=0, commits[efcb8ff8-f060-4d95-9215-d0f5eb4af037:c4828, 6fae8b02-e804-4c0e-b729-a97b7404b7f6:c4826, 4c3e8a66-6975-4917-8225-d3efe707aaff:c4826]
2019-09-04 11:46:36,004 | INFO  | SCMAudit | user=jenkins1000 | ip=192.168.36.67 | op=ALLOCATE_BLOCK {owner=8ab292a2-aaa7-4ad8-863a-d33994811155, size=4194304, type=RATIS, factor=THREE} | ret=SUCCESS |  
2019-09-04 11:46:36,007 | INFO  | OMAudit | user=jenkins1000 | ip=127.0.0.1 | op=ALLOCATE_BLOCK {volume=vol-0-58699, bucket=bucket-0-57464, key=key-0-37266, dataSize=0, replicationType=null, replicationFactor=null, keyLocationInfo=null, clientID=102734073355960722} | ret=SUCCESS |  
2019-09-04 11:46:36,013 | INFO  | DNAudit | user=null | ip=null | op=WRITE_CHUNK {blockData=conID: 3 locID: 102734076051718808 bcsId: 0} | ret=SUCCESS |  
 0.00% |█                                                                                                    |  0/1 Time: 0:00:412019-09-04 11:46:36,717 | INFO  | SCMAudit | user=jenkins1000 | ip=192.168.36.67 | op=SEND_HEARTBEAT {datanodeUUID=b68b188c-7f38-42ae-8403-46a39acd0731, command=[]} | ret=SUCCESS |  
2019-09-04 11:46:36,738 | INFO  | SCMAudit | user=jenkins1000 | ip=192.168.36.67 | op=SEND_HEARTBEAT {datanodeUUID=4c3e8a66-6975-4917-8225-d3efe707aaff, command=[]} | ret=SUCCESS |  
2019-09-04 11:46:36,738 | INFO  | SCMAudit | user=jenkins1000 | ip=192.168.36.67 | op=SEND_HEARTBEAT {datanodeUUID=6fae8b02-e804-4c0e-b729-a97b7404b7f6, command=[]} | ret=SUCCESS |  
2019-09-04 11:46:36,741 | INFO  | SCMAudit | user=jenkins1000 | ip=192.168.36.67 | op=SEND_HEARTBEAT {datanodeUUID=0b776101-1d39-4f23-96c0-6a8ead31197c, command=[]} | ret=SUCCESS |  
2019-09-04 11:46:36,746 | INFO  | SCMAudit | user=jenkins1000 | ip=192.168.36.67 | op=SEND_HEARTBEAT {datanodeUUID=efcb8ff8-f060-4d95-9215-d0f5eb4af037, command=[]} | ret=SUCCESS |  
 0.00% |█                                                                                                    |  0/1 Time: 0:00:422019-09-04 11:46:37,717 | INFO  | SCMAudit | user=jenkins1000 | ip=192.168.36.67 | op=SEND_HEARTBEAT {datanodeUUID=b68b188c-7f38-42ae-8403-46a39acd0731, command=[]} | ret=SUCCESS |  
2019-09-04 11:46:37,738 | INFO  | SCMAudit | user=jenkins1000 | ip=192.168.36.67 | op=SEND_HEARTBEAT {datanodeUUID=4c3e8a66-6975-4917-8225-d3efe707aaff, command=[]} | ret=SUCCESS |  
2019-09-04 11:46:37,738 | INFO  | SCMAudit | user=jenkins1000 | ip=192.168.36.67 | op=SEND_HEARTBEAT {datanodeUUID=6fae8b02-e804-4c0e-b729-a97b7404b7f6, command=[]} | ret=SUCCESS |  
2019-09-04 11:46:37,741 | INFO  | SCMAudit | user=jenkins1000 | ip=192.168.36.67 | op=SEND_HEARTBEAT {datanodeUUID=0b776101-1d39-4f23-96c0-6a8ead31197c, command=[]} | ret=SUCCESS |  
2019-09-04 11:46:37,746 | INFO  | SCMAudit | user=jenkins1000 | ip=192.168.36.67 | op=SEND_HEARTBEAT {datanodeUUID=efcb8ff8-f060-4d95-9215-d0f5eb4af037, command=[]} | ret=SUCCESS |  
 0.00% |█                                                                                                    |  0/1 Time: 0:00:432019-09-04 11:46:38,564 | INFO  | DNAudit | user=null | ip=null | op=WRITE_CHUNK {blockData=conID: 3 locID: 102734076051718808 bcsId: 0} | ret=SUCCESS |  
2019-09-04 11:46:38,564 | INFO  | DNAudit | user=null | ip=null | op=WRITE_CHUNK {blockData=conID: 3 locID: 102734076051718808 bcsId: 0} | ret=SUCCESS |  
2019-09-04 11:46:38,564 | INFO  | DNAudit | user=null | ip=null | op=WRITE_CHUNK {blockData=conID: 3 locID: 102734076051718808 bcsId: 0} | ret=SUCCESS |  
2019-09-04 11:46:38,564 | INFO  | DNAudit | user=null | ip=null | op=WRITE_CHUNK {blockData=conID: 3 locID: 102734076051718808 bcsId: 0} | ret=SUCCESS |  
2019-09-04 11:46:38,564 | INFO  | DNAudit | user=null | ip=null | op=WRITE_CHUNK {blockData=conID: 3 locID: 102734076051718808 bcsId: 0} | ret=SUCCESS |  
2019-09-04 11:46:38,585 | INFO  | DNAudit | user=null | ip=null | op=WRITE_CHUNK {blockData=conID: 3 locID: 102734076051718808 bcsId: 0} | ret=SUCCESS |  
2019-09-04 11:46:38,586 | INFO  | DNAudit | user=null | ip=null | op=PUT_BLOCK {blockData=[blockId=conID: 3 locID: 102734076051718808 bcsId: 0,size=1048576]} | ret=SUCCESS |  
2019-09-04 11:46:38,586 | INFO  | DNAudit | user=null | ip=null | op=WRITE_CHUNK {blockData=conID: 3 locID: 102734076051718808 bcsId: 0} | ret=SUCCESS |  
2019-09-04 11:46:38,586 [grpc-default-executor-0] INFO  client.GrpcClientProtocolClient (GrpcClientProtocolClient.java:onNext(255)) - client-D5CE890D7D9E->efcb8ff8-f060-4d95-9215-d0f5eb4af037: receive RaftClientReply:client-D5CE890D7D9E->efcb8ff8-f060-4d95-9215-d0f5eb4af037@group-0959F8DF43ED, cid=3201, SUCCESS, logIndex=4829, commits[efcb8ff8-f060-4d95-9215-d0f5eb4af037:c4832, 6fae8b02-e804-4c0e-b729-a97b7404b7f6:c4828, 4c3e8a66-6975-4917-8225-d3efe707aaff:c4828]
2019-09-04 11:46:38,587 [grpc-default-executor-0] INFO  client.GrpcClientProtocolClient (GrpcClientProtocolClient.java:onNext(255)) - client-D5CE890D7D9E->efcb8ff8-f060-4d95-9215-d0f5eb4af037: receive RaftClientReply:client-D5CE890D7D9E->efcb8ff8-f060-4d95-9215-d0f5eb4af037@group-0959F8DF43ED, cid=3202, SUCCESS, logIndex=4830, commits[efcb8ff8-f060-4d95-9215-d0f5eb4af037:c4832, 6fae8b02-e804-4c0e-b729-a97b7404b7f6:c4828, 4c3e8a66-6975-4917-8225-d3efe707aaff:c4828]
2019-09-04 11:46:38,587 | INFO  | DNAudit | user=null | ip=null | op=PUT_BLOCK {blockData=[blockId=conID: 3 locID: 102734076051718808 bcsId: 0,size=2097152]} | ret=SUCCESS |  
2019-09-04 11:46:38,587 [grpc-default-executor-0] INFO  client.GrpcClientProtocolClient (GrpcClientProtocolClient.java:onNext(255)) - client-D5CE890D7D9E->efcb8ff8-f060-4d95-9215-d0f5eb4af037: receive RaftClientReply:client-D5CE890D7D9E->efcb8ff8-f060-4d95-9215-d0f5eb4af037@group-0959F8DF43ED, cid=3203, SUCCESS, logIndex=4831, commits[efcb8ff8-f060-4d95-9215-d0f5eb4af037:c4832, 6fae8b02-e804-4c0e-b729-a97b7404b7f6:c4828, 4c3e8a66-6975-4917-8225-d3efe707aaff:c4828]
2019-09-04 11:46:38,587 [grpc-default-executor-0] INFO  client.GrpcClientProtocolClient (GrpcClientProtocolClient.java:onNext(255)) - client-D5CE890D7D9E->efcb8ff8-f060-4d95-9215-d0f5eb4af037: receive RaftClientReply:client-D5CE890D7D9E->efcb8ff8-f060-4d95-9215-d0f5eb4af037@group-0959F8DF43ED, cid=3204, SUCCESS, logIndex=4832, commits[efcb8ff8-f060-4d95-9215-d0f5eb4af037:c4832, 6fae8b02-e804-4c0e-b729-a97b7404b7f6:c4828, 4c3e8a66-6975-4917-8225-d3efe707aaff:c4828]
2019-09-04 11:46:38,607 | INFO  | DNAudit | user=null | ip=null | op=WRITE_CHUNK {blockData=conID: 3 locID: 102734076051718808 bcsId: 0} | ret=SUCCESS |  
2019-09-04 11:46:38,607 | INFO  | DNAudit | user=null | ip=null | op=WRITE_CHUNK {blockData=conID: 3 locID: 102734076051718808 bcsId: 0} | ret=SUCCESS |  
2019-09-04 11:46:38,608 | INFO  | DNAudit | user=null | ip=null | op=PUT_BLOCK {blockData=[blockId=conID: 3 locID: 102734076051718808 bcsId: 0,size=1048576]} | ret=SUCCESS |  
2019-09-04 11:46:38,608 | INFO  | DNAudit | user=null | ip=null | op=PUT_BLOCK {blockData=[blockId=conID: 3 locID: 102734076051718808 bcsId: 0,size=1048576]} | ret=SUCCESS |  
2019-09-04 11:46:38,608 | INFO  | DNAudit | user=null | ip=null | op=WRITE_CHUNK {blockData=conID: 3 locID: 102734076051718808 bcsId: 0} | ret=SUCCESS |  
2019-09-04 11:46:38,608 | INFO  | DNAudit | user=null | ip=null | op=WRITE_CHUNK {blockData=conID: 3 locID: 102734076051718808 bcsId: 0} | ret=SUCCESS |  
2019-09-04 11:46:38,608 [grpc-default-executor-0] INFO  client.GrpcClientProtocolClient (GrpcClientProtocolClient.java:onNext(255)) - client-D5CE890D7D9E->efcb8ff8-f060-4d95-9215-d0f5eb4af037: receive RaftClientReply:client-D5CE890D7D9E->efcb8ff8-f060-4d95-9215-d0f5eb4af037@group-0959F8DF43ED, cid=3205, SUCCESS, logIndex=0, commits[efcb8ff8-f060-4d95-9215-d0f5eb4af037:c4833, 6fae8b02-e804-4c0e-b729-a97b7404b7f6:c4831, 4c3e8a66-6975-4917-8225-d3efe707aaff:c4831]
2019-09-04 11:46:38,609 | INFO  | DNAudit | user=null | ip=null | op=PUT_BLOCK {blockData=[blockId=conID: 3 locID: 102734076051718808 bcsId: 0,size=2097152]} | ret=SUCCESS |  
2019-09-04 11:46:38,609 | INFO  | DNAudit | user=null | ip=null | op=PUT_BLOCK {blockData=[blockId=conID: 3 locID: 102734076051718808 bcsId: 0,size=2097152]} | ret=SUCCESS |  
2019-09-04 11:46:38,615 | INFO  | DNAudit | user=null | ip=null | op=WRITE_CHUNK {blockData=conID: 3 locID: 102734076051718808 bcsId: 4832} | ret=SUCCESS |  
2019-09-04 11:46:38,617 | INFO  | DNAudit | user=null | ip=null | op=WRITE_CHUNK {blockData=conID: 3 locID: 102734076051718808 bcsId: 4832} | ret=SUCCESS |  
2019-09-04 11:46:38,618 | INFO  | DNAudit | user=null | ip=null | op=WRITE_CHUNK {blockData=conID: 3 locID: 102734076051718808 bcsId: 4832} | ret=SUCCESS |  
2019-09-04 11:46:38,631 | INFO  | DNAudit | user=null | ip=null | op=WRITE_CHUNK {blockData=conID: 3 locID: 102734076051718808 bcsId: 4832} | ret=SUCCESS |  
2019-09-04 11:46:38,632 | INFO  | DNAudit | user=null | ip=null | op=PUT_BLOCK {blockData=[blockId=conID: 3 locID: 102734076051718808 bcsId: 0,size=3145728]} | ret=SUCCESS |  
2019-09-04 11:46:38,632 [grpc-default-executor-0] INFO  client.GrpcClientProtocolClient (GrpcClientProtocolClient.java:onNext(255)) - client-D5CE890D7D9E->efcb8ff8-f060-4d95-9215-d0f5eb4af037: receive RaftClientReply:client-D5CE890D7D9E->efcb8ff8-f060-4d95-9215-d0f5eb4af037@group-0959F8DF43ED, cid=3206, SUCCESS, logIndex=4836, commits[efcb8ff8-f060-4d95-9215-d0f5eb4af037:c4837, 6fae8b02-e804-4c0e-b729-a97b7404b7f6:c4835, 4c3e8a66-6975-4917-8225-d3efe707aaff:c4835]
2019-09-04 11:46:38,632 [grpc-default-executor-0] INFO  client.GrpcClientProtocolClient (GrpcClientProtocolClient.java:onNext(255)) - client-D5CE890D7D9E->efcb8ff8-f060-4d95-9215-d0f5eb4af037: receive RaftClientReply:client-D5CE890D7D9E->efcb8ff8-f060-4d95-9215-d0f5eb4af037@group-0959F8DF43ED, cid=3207, SUCCESS, logIndex=4837, commits[efcb8ff8-f060-4d95-9215-d0f5eb4af037:c4837, 6fae8b02-e804-4c0e-b729-a97b7404b7f6:c4835, 4c3e8a66-6975-4917-8225-d3efe707aaff:c4835]
2019-09-04 11:46:38,638 | INFO  | DNAudit | user=null | ip=null | op=WRITE_CHUNK {blockData=conID: 3 locID: 102734076051718808 bcsId: 4837} | ret=SUCCESS |  
2019-09-04 11:46:38,639 | INFO  | DNAudit | user=null | ip=null | op=WRITE_CHUNK {blockData=conID: 3 locID: 102734076051718808 bcsId: 4837} | ret=SUCCESS |  
2019-09-04 11:46:38,640 | INFO  | DNAudit | user=null | ip=null | op=WRITE_CHUNK {blockData=conID: 3 locID: 102734076051718808 bcsId: 4837} | ret=SUCCESS |  
2019-09-04 11:46:38,652 | INFO  | DNAudit | user=null | ip=null | op=WRITE_CHUNK {blockData=conID: 3 locID: 102734076051718808 bcsId: 4832} | ret=SUCCESS |  
2019-09-04 11:46:38,652 | INFO  | DNAudit | user=null | ip=null | op=WRITE_CHUNK {blockData=conID: 3 locID: 102734076051718808 bcsId: 4832} | ret=SUCCESS |  
2019-09-04 11:46:38,652 | INFO  | DNAudit | user=null | ip=null | op=PUT_BLOCK {blockData=[blockId=conID: 3 locID: 102734076051718808 bcsId: 0,size=3145728]} | ret=SUCCESS |  
2019-09-04 11:46:38,652 | INFO  | DNAudit | user=null | ip=null | op=PUT_BLOCK {blockData=[blockId=conID: 3 locID: 102734076051718808 bcsId: 0,size=3145728]} | ret=SUCCESS |  
2019-09-04 11:46:38,654 | INFO  | DNAudit | user=null | ip=null | op=WRITE_CHUNK {blockData=conID: 3 locID: 102734076051718808 bcsId: 4837} | ret=SUCCESS |  
2019-09-04 11:46:38,654 | INFO  | DNAudit | user=null | ip=null | op=PUT_BLOCK {blockData=[blockId=conID: 3 locID: 102734076051718808 bcsId: 0,size=4194304]} | ret=SUCCESS |  
2019-09-04 11:46:38,654 [grpc-default-executor-6] INFO  client.GrpcClientProtocolClient (GrpcClientProtocolClient.java:onNext(255)) - client-D5CE890D7D9E->efcb8ff8-f060-4d95-9215-d0f5eb4af037: receive RaftClientReply:client-D5CE890D7D9E->efcb8ff8-f060-4d95-9215-d0f5eb4af037@group-0959F8DF43ED, cid=3208, SUCCESS, logIndex=4840, commits[efcb8ff8-f060-4d95-9215-d0f5eb4af037:c4841, 6fae8b02-e804-4c0e-b729-a97b7404b7f6:c4837, 4c3e8a66-6975-4917-8225-d3efe707aaff:c4837]
2019-09-04 11:46:38,655 [grpc-default-executor-6] INFO  client.GrpcClientProtocolClient (GrpcClientProtocolClient.java:onNext(255)) - client-D5CE890D7D9E->efcb8ff8-f060-4d95-9215-d0f5eb4af037: receive RaftClientReply:client-D5CE890D7D9E->efcb8ff8-f060-4d95-9215-d0f5eb4af037@group-0959F8DF43ED, cid=3209, SUCCESS, logIndex=4841, commits[efcb8ff8-f060-4d95-9215-d0f5eb4af037:c4841, 6fae8b02-e804-4c0e-b729-a97b7404b7f6:c4837, 4c3e8a66-6975-4917-8225-d3efe707aaff:c4837]
2019-09-04 11:46:38,675 | INFO  | DNAudit | user=null | ip=null | op=WRITE_CHUNK {blockData=conID: 3 locID: 102734076051718808 bcsId: 4837} | ret=SUCCESS |  
2019-09-04 11:46:38,675 | INFO  | DNAudit | user=null | ip=null | op=WRITE_CHUNK {blockData=conID: 3 locID: 102734076051718808 bcsId: 4837} | ret=SUCCESS |  
2019-09-04 11:46:38,676 | INFO  | DNAudit | user=null | ip=null | op=PUT_BLOCK {blockData=[blockId=conID: 3 locID: 102734076051718808 bcsId: 0,size=4194304]} | ret=SUCCESS |  
2019-09-04 11:46:38,676 | INFO  | DNAudit | user=null | ip=null | op=PUT_BLOCK {blockData=[blockId=conID: 3 locID: 102734076051718808 bcsId: 0,size=4194304]} | ret=SUCCESS |  
2019-09-04 11:46:38,677 [grpc-default-executor-1] INFO  client.GrpcClientProtocolClient (GrpcClientProtocolClient.java:onNext(255)) - client-D5CE890D7D9E->efcb8ff8-f060-4d95-9215-d0f5eb4af037: receive RaftClientReply:client-D5CE890D7D9E->efcb8ff8-f060-4d95-9215-d0f5eb4af037@group-0959F8DF43ED, cid=3210, SUCCESS, logIndex=0, commits[efcb8ff8-f060-4d95-9215-d0f5eb4af037:c4843, 6fae8b02-e804-4c0e-b729-a97b7404b7f6:c4841, 4c3e8a66-6975-4917-8225-d3efe707aaff:c4841]
2019-09-04 11:46:38,684 | INFO  | SCMAudit | user=jenkins1000 | ip=192.168.36.67 | op=ALLOCATE_BLOCK {owner=8ab292a2-aaa7-4ad8-863a-d33994811155, size=4194304, type=RATIS, factor=THREE} | ret=SUCCESS |  
2019-09-04 11:46:38,688 | INFO  | OMAudit | user=jenkins1000 | ip=127.0.0.1 | op=ALLOCATE_BLOCK {volume=vol-0-58699, bucket=bucket-0-57464, key=key-0-37266, dataSize=0, replicationType=null, replicationFactor=null, keyLocationInfo=null, clientID=102734073355960722} | ret=SUCCESS |  
2019-09-04 11:46:38,697 | INFO  | DNAudit | user=null | ip=null | op=WRITE_CHUNK {blockData=conID: 1 locID: 102734076227355289 bcsId: 0} | ret=SUCCESS |  
2019-09-04 11:46:38,698 | INFO  | DNAudit | user=null | ip=null | op=WRITE_CHUNK {blockData=conID: 1 locID: 102734076227355289 bcsId: 0} | ret=SUCCESS |  
2019-09-04 11:46:38,700 | INFO  | DNAudit | user=null | ip=null | op=WRITE_CHUNK {blockData=conID: 1 locID: 102734076227355289 bcsId: 0} | ret=SUCCESS |  
2019-09-04 11:46:38,701 | INFO  | DNAudit | user=null | ip=null | op=WRITE_CHUNK {blockData=conID: 1 locID: 102734076227355289 bcsId: 0} | ret=SUCCESS |  
2019-09-04 11:46:38,702 | INFO  | DNAudit | user=null | ip=null | op=WRITE_CHUNK {blockData=conID: 1 locID: 102734076227355289 bcsId: 0} | ret=SUCCESS |  
2019-09-04 11:46:38,702 | INFO  | DNAudit | user=null | ip=null | op=WRITE_CHUNK {blockData=conID: 1 locID: 102734076227355289 bcsId: 0} | ret=SUCCESS |  
2019-09-04 11:46:38,712 | INFO  | DNAudit | user=null | ip=null | op=WRITE_CHUNK {blockData=conID: 1 locID: 102734076227355289 bcsId: 0} | ret=SUCCESS |  
2019-09-04 11:46:38,713 | INFO  | DNAudit | user=null | ip=null | op=PUT_BLOCK {blockData=[blockId=conID: 1 locID: 102734076227355289 bcsId: 0,size=1048576]} | ret=SUCCESS |  
2019-09-04 11:46:38,713 | INFO  | DNAudit | user=null | ip=null | op=WRITE_CHUNK {blockData=conID: 1 locID: 102734076227355289 bcsId: 0} | ret=SUCCESS |  
2019-09-04 11:46:38,713 [grpc-default-executor-1] INFO  client.GrpcClientProtocolClient (GrpcClientProtocolClient.java:onNext(255)) - client-D5CE890D7D9E->efcb8ff8-f060-4d95-9215-d0f5eb4af037: receive RaftClientReply:client-D5CE890D7D9E->efcb8ff8-f060-4d95-9215-d0f5eb4af037@group-0959F8DF43ED, cid=3211, SUCCESS, logIndex=4844, commits[efcb8ff8-f060-4d95-9215-d0f5eb4af037:c4846, 6fae8b02-e804-4c0e-b729-a97b7404b7f6:c4843, 4c3e8a66-6975-4917-8225-d3efe707aaff:c4843]
2019-09-04 11:46:38,713 | INFO  | DNAudit | user=null | ip=null | op=PUT_BLOCK {blockData=[blockId=conID: 1 locID: 102734076227355289 bcsId: 0,size=2097152]} | ret=SUCCESS |  
2019-09-04 11:46:38,713 [grpc-default-executor-1] INFO  client.GrpcClientProtocolClient (GrpcClientProtocolClient.java:onNext(255)) - client-D5CE890D7D9E->efcb8ff8-f060-4d95-9215-d0f5eb4af037: receive RaftClientReply:client-D5CE890D7D9E->efcb8ff8-f060-4d95-9215-d0f5eb4af037@group-0959F8DF43ED, cid=3212, SUCCESS, logIndex=4845, commits[efcb8ff8-f060-4d95-9215-d0f5eb4af037:c4847, 6fae8b02-e804-4c0e-b729-a97b7404b7f6:c4843, 4c3e8a66-6975-4917-8225-d3efe707aaff:c4843]
2019-09-04 11:46:38,713 [grpc-default-executor-1] INFO  client.GrpcClientProtocolClient (GrpcClientProtocolClient.java:onNext(255)) - client-D5CE890D7D9E->efcb8ff8-f060-4d95-9215-d0f5eb4af037: receive RaftClientReply:client-D5CE890D7D9E->efcb8ff8-f060-4d95-9215-d0f5eb4af037@group-0959F8DF43ED, cid=3213, SUCCESS, logIndex=4846, commits[efcb8ff8-f060-4d95-9215-d0f5eb4af037:c4847, 6fae8b02-e804-4c0e-b729-a97b7404b7f6:c4843, 4c3e8a66-6975-4917-8225-d3efe707aaff:c4843]
2019-09-04 11:46:38,714 [grpc-default-executor-1] INFO  client.GrpcClientProtocolClient (GrpcClientProtocolClient.java:onNext(255)) - client-D5CE890D7D9E->efcb8ff8-f060-4d95-9215-d0f5eb4af037: receive RaftClientReply:client-D5CE890D7D9E->efcb8ff8-f060-4d95-9215-d0f5eb4af037@group-0959F8DF43ED, cid=3214, SUCCESS, logIndex=4847, commits[efcb8ff8-f060-4d95-9215-d0f5eb4af037:c4847, 6fae8b02-e804-4c0e-b729-a97b7404b7f6:c4843, 4c3e8a66-6975-4917-8225-d3efe707aaff:c4843]
2019-09-04 11:46:38,717 | INFO  | SCMAudit | user=jenkins1000 | ip=192.168.36.67 | op=SEND_HEARTBEAT {datanodeUUID=b68b188c-7f38-42ae-8403-46a39acd0731, command=[]} | ret=SUCCESS |  
2019-09-04 11:46:38,735 | INFO  | DNAudit | user=null | ip=null | op=WRITE_CHUNK {blockData=conID: 1 locID: 102734076227355289 bcsId: 0} | ret=SUCCESS |  
2019-09-04 11:46:38,735 | INFO  | DNAudit | user=null | ip=null | op=WRITE_CHUNK {blockData=conID: 1 locID: 102734076227355289 bcsId: 0} | ret=SUCCESS |  
2019-09-04 11:46:38,735 | INFO  | DNAudit | user=null | ip=null | op=PUT_BLOCK {blockData=[blockId=conID: 1 locID: 102734076227355289 bcsId: 0,size=1048576]} | ret=SUCCESS |  
2019-09-04 11:46:38,735 | INFO  | DNAudit | user=null | ip=null | op=WRITE_CHUNK {blockData=conID: 1 locID: 102734076227355289 bcsId: 0} | ret=SUCCESS |  
2019-09-04 11:46:38,736 | INFO  | DNAudit | user=null | ip=null | op=PUT_BLOCK {blockData=[blockId=conID: 1 locID: 102734076227355289 bcsId: 0,size=1048576]} | ret=SUCCESS |  
2019-09-04 11:46:38,736 | INFO  | DNAudit | user=null | ip=null | op=WRITE_CHUNK {blockData=conID: 1 locID: 102734076227355289 bcsId: 0} | ret=SUCCESS |  
2019-09-04 11:46:38,736 | INFO  | DNAudit | user=null | ip=null | op=PUT_BLOCK {blockData=[blockId=conID: 1 locID: 102734076227355289 bcsId: 0,size=2097152]} | ret=SUCCESS |  
2019-09-04 11:46:38,736 [grpc-default-executor-6] INFO  client.GrpcClientProtocolClient (GrpcClientProtocolClient.java:onNext(255)) - client-D5CE890D7D9E->efcb8ff8-f060-4d95-9215-d0f5eb4af037: receive RaftClientReply:client-D5CE890D7D9E->efcb8ff8-f060-4d95-9215-d0f5eb4af037@group-0959F8DF43ED, cid=3215, SUCCESS, logIndex=0, commits[efcb8ff8-f060-4d95-9215-d0f5eb4af037:c4850, 6fae8b02-e804-4c0e-b729-a97b7404b7f6:c4845, 4c3e8a66-6975-4917-8225-d3efe707aaff:c4846]
2019-09-04 11:46:38,737 | INFO  | DNAudit | user=null | ip=null | op=PUT_BLOCK {blockData=[blockId=conID: 1 locID: 102734076227355289 bcsId: 0,size=2097152]} | ret=SUCCESS |  
2019-09-04 11:46:38,737 | INFO  | SCMAudit | user=jenkins1000 | ip=192.168.36.67 | op=SEND_HEARTBEAT {datanodeUUID=4c3e8a66-6975-4917-8225-d3efe707aaff, command=[]} | ret=SUCCESS |  
2019-09-04 11:46:38,737 | INFO  | SCMAudit | user=jenkins1000 | ip=192.168.36.67 | op=SEND_HEARTBEAT {datanodeUUID=6fae8b02-e804-4c0e-b729-a97b7404b7f6, command=[]} | ret=SUCCESS |  
2019-09-04 11:46:38,741 | INFO  | SCMAudit | user=jenkins1000 | ip=192.168.36.67 | op=SEND_HEARTBEAT {datanodeUUID=0b776101-1d39-4f23-96c0-6a8ead31197c, command=[]} | ret=SUCCESS |  
2019-09-04 11:46:38,742 | INFO  | DNAudit | user=null | ip=null | op=WRITE_CHUNK {blockData=conID: 1 locID: 102734076227355289 bcsId: 4847} | ret=SUCCESS |  
2019-09-04 11:46:38,745 | INFO  | DNAudit | user=null | ip=null | op=WRITE_CHUNK {blockData=conID: 1 locID: 102734076227355289 bcsId: 4847} | ret=SUCCESS |  
2019-09-04 11:46:38,745 | INFO  | DNAudit | user=null | ip=null | op=WRITE_CHUNK {blockData=conID: 1 locID: 102734076227355289 bcsId: 4847} | ret=SUCCESS |  
2019-09-04 11:46:38,746 | INFO  | SCMAudit | user=jenkins1000 | ip=192.168.36.67 | op=SEND_HEARTBEAT {datanodeUUID=efcb8ff8-f060-4d95-9215-d0f5eb4af037, command=[]} | ret=SUCCESS |  
2019-09-04 11:46:38,759 | INFO  | DNAudit | user=null | ip=null | op=WRITE_CHUNK {blockData=conID: 1 locID: 102734076227355289 bcsId: 4847} | ret=SUCCESS |  
2019-09-04 11:46:38,760 | INFO  | DNAudit | user=null | ip=null | op=PUT_BLOCK {blockData=[blockId=conID: 1 locID: 102734076227355289 bcsId: 0,size=3145728]} | ret=SUCCESS |  
2019-09-04 11:46:38,760 [grpc-default-executor-1] INFO  client.GrpcClientProtocolClient (GrpcClientProtocolClient.java:onNext(255)) - client-D5CE890D7D9E->efcb8ff8-f060-4d95-9215-d0f5eb4af037: receive RaftClientReply:client-D5CE890D7D9E->efcb8ff8-f060-4d95-9215-d0f5eb4af037@group-0959F8DF43ED, cid=3216, SUCCESS, logIndex=4852, commits[efcb8ff8-f060-4d95-9215-d0f5eb4af037:c4853, 6fae8b02-e804-4c0e-b729-a97b7404b7f6:c4851, 4c3e8a66-6975-4917-8225-d3efe707aaff:c4851]
2019-09-04 11:46:38,760 [grpc-default-executor-1] INFO  client.GrpcClientProtocolClient (GrpcClientProtocolClient.java:onNext(255)) - client-D5CE890D7D9E->efcb8ff8-f060-4d95-9215-d0f5eb4af037: receive RaftClientReply:client-D5CE890D7D9E->efcb8ff8-f060-4d95-9215-d0f5eb4af037@group-0959F8DF43ED, cid=3217, SUCCESS, logIndex=4853, commits[efcb8ff8-f060-4d95-9215-d0f5eb4af037:c4853, 6fae8b02-e804-4c0e-b729-a97b7404b7f6:c4851, 4c3e8a66-6975-4917-8225-d3efe707aaff:c4851]
2019-09-04 11:46:38,766 | INFO  | DNAudit | user=null | ip=null | op=WRITE_CHUNK {blockData=conID: 1 locID: 102734076227355289 bcsId: 4853} | ret=SUCCESS |  
2019-09-04 11:46:38,768 | INFO  | DNAudit | user=null | ip=null | op=WRITE_CHUNK {blockData=conID: 1 locID: 102734076227355289 bcsId: 4853} | ret=SUCCESS |  
2019-09-04 11:46:38,768 | INFO  | DNAudit | user=null | ip=null | op=WRITE_CHUNK {blockData=conID: 1 locID: 102734076227355289 bcsId: 4853} | ret=SUCCESS |  
2019-09-04 11:46:38,778 | INFO  | DNAudit | user=null | ip=null | op=WRITE_CHUNK {blockData=conID: 1 locID: 102734076227355289 bcsId: 4847} | ret=SUCCESS |  
2019-09-04 11:46:38,778 | INFO  | DNAudit | user=null | ip=null | op=WRITE_CHUNK {blockData=conID: 1 locID: 102734076227355289 bcsId: 4847} | ret=SUCCESS |  
2019-09-04 11:46:38,778 | INFO  | DNAudit | user=null | ip=null | op=PUT_BLOCK {blockData=[blockId=conID: 1 locID: 102734076227355289 bcsId: 0,size=3145728]} | ret=SUCCESS |  
2019-09-04 11:46:38,780 | INFO  | DNAudit | user=null | ip=null | op=PUT_BLOCK {blockData=[blockId=conID: 1 locID: 102734076227355289 bcsId: 0,size=3145728]} | ret=SUCCESS |  
2019-09-04 11:46:38,781 | INFO  | DNAudit | user=null | ip=null | op=WRITE_CHUNK {blockData=conID: 1 locID: 102734076227355289 bcsId: 4853} | ret=SUCCESS |  
2019-09-04 11:46:38,781 | INFO  | DNAudit | user=null | ip=null | op=PUT_BLOCK {blockData=[blockId=conID: 1 locID: 102734076227355289 bcsId: 0,size=4194304]} | ret=SUCCESS |  
2019-09-04 11:46:38,781 [grpc-default-executor-6] INFO  client.GrpcClientProtocolClient (GrpcClientProtocolClient.java:onNext(255)) - client-D5CE890D7D9E->efcb8ff8-f060-4d95-9215-d0f5eb4af037: receive RaftClientReply:client-D5CE890D7D9E->efcb8ff8-f060-4d95-9215-d0f5eb4af037@group-0959F8DF43ED, cid=3218, SUCCESS, logIndex=4856, commits[efcb8ff8-f060-4d95-9215-d0f5eb4af037:c4857, 6fae8b02-e804-4c0e-b729-a97b7404b7f6:c4853, 4c3e8a66-6975-4917-8225-d3efe707aaff:c4853]
2019-09-04 11:46:38,782 [grpc-default-executor-6] INFO  client.GrpcClientProtocolClient (GrpcClientProtocolClient.java:onNext(255)) - client-D5CE890D7D9E->efcb8ff8-f060-4d95-9215-d0f5eb4af037: receive RaftClientReply:client-D5CE890D7D9E->efcb8ff8-f060-4d95-9215-d0f5eb4af037@group-0959F8DF43ED, cid=3219, SUCCESS, logIndex=4857, commits[efcb8ff8-f060-4d95-9215-d0f5eb4af037:c4857, 6fae8b02-e804-4c0e-b729-a97b7404b7f6:c4853, 4c3e8a66-6975-4917-8225-d3efe707aaff:c4853]
2019-09-04 11:46:38,797 | INFO  | DNAudit | user=null | ip=null | op=WRITE_CHUNK {blockData=conID: 1 locID: 102734076227355289 bcsId: 4853} | ret=SUCCESS |  
2019-09-04 11:46:38,797 | INFO  | DNAudit | user=null | ip=null | op=WRITE_CHUNK {blockData=conID: 1 locID: 102734076227355289 bcsId: 4853} | ret=SUCCESS |  
2019-09-04 11:46:38,798 | INFO  | DNAudit | user=null | ip=null | op=PUT_BLOCK {blockData=[blockId=conID: 1 locID: 102734076227355289 bcsId: 0,size=4194304]} | ret=SUCCESS |  
2019-09-04 11:46:38,799 | INFO  | DNAudit | user=null | ip=null | op=PUT_BLOCK {blockData=[blockId=conID: 1 locID: 102734076227355289 bcsId: 0,size=4194304]} | ret=SUCCESS |  
2019-09-04 11:46:38,799 [grpc-default-executor-6] INFO  client.GrpcClientProtocolClient (GrpcClientProtocolClient.java:onNext(255)) - client-D5CE890D7D9E->efcb8ff8-f060-4d95-9215-d0f5eb4af037: receive RaftClientReply:client-D5CE890D7D9E->efcb8ff8-f060-4d95-9215-d0f5eb4af037@group-0959F8DF43ED, cid=3220, SUCCESS, logIndex=0, commits[efcb8ff8-f060-4d95-9215-d0f5eb4af037:c4859, 6fae8b02-e804-4c0e-b729-a97b7404b7f6:c4857, 4c3e8a66-6975-4917-8225-d3efe707aaff:c4857]
2019-09-04 11:46:38,804 | INFO  | SCMAudit | user=jenkins1000 | ip=192.168.36.67 | op=ALLOCATE_BLOCK {owner=8ab292a2-aaa7-4ad8-863a-d33994811155, size=4194304, type=RATIS, factor=THREE} | ret=SUCCESS |  
2019-09-04 11:46:38,807 | INFO  | OMAudit | user=jenkins1000 | ip=127.0.0.1 | op=ALLOCATE_BLOCK {volume=vol-0-58699, bucket=bucket-0-57464, key=key-0-37266, dataSize=0, replicationType=null, replicationFactor=null, keyLocationInfo=null, clientID=102734073355960722} | ret=SUCCESS |  
2019-09-04 11:46:38,913 | INFO  | DNAudit | user=null | ip=null | op=WRITE_CHUNK {blockData=conID: 2 locID: 102734076235219610 bcsId: 0} | ret=SUCCESS |  
2019-09-04 11:46:38,915 | INFO  | DNAudit | user=null | ip=null | op=WRITE_CHUNK {blockData=conID: 2 locID: 102734076235219610 bcsId: 0} | ret=SUCCESS |  
2019-09-04 11:46:38,916 | INFO  | DNAudit | user=null | ip=null | op=WRITE_CHUNK {blockData=conID: 2 locID: 102734076235219610 bcsId: 0} | ret=SUCCESS |  
2019-09-04 11:46:38,916 | INFO  | DNAudit | user=null | ip=null | op=WRITE_CHUNK {blockData=conID: 2 locID: 102734076235219610 bcsId: 0} | ret=SUCCESS |  
2019-09-04 11:46:38,918 | INFO  | DNAudit | user=null | ip=null | op=WRITE_CHUNK {blockData=conID: 2 locID: 102734076235219610 bcsId: 0} | ret=SUCCESS |  
2019-09-04 11:46:38,919 | INFO  | DNAudit | user=null | ip=null | op=WRITE_CHUNK {blockData=conID: 2 locID: 102734076235219610 bcsId: 0} | ret=SUCCESS |  
2019-09-04 11:46:38,930 | INFO  | DNAudit | user=null | ip=null | op=WRITE_CHUNK {blockData=conID: 2 locID: 102734076235219610 bcsId: 0} | ret=SUCCESS |  
2019-09-04 11:46:38,932 | INFO  | DNAudit | user=null | ip=null | op=PUT_BLOCK {blockData=[blockId=conID: 2 locID: 102734076235219610 bcsId: 0,size=1048576]} | ret=SUCCESS |  
2019-09-04 11:46:38,933 [grpc-default-executor-6] INFO  client.GrpcClientProtocolClient (GrpcClientProtocolClient.java:onNext(255)) - client-D5CE890D7D9E->efcb8ff8-f060-4d95-9215-d0f5eb4af037: receive RaftClientReply:client-D5CE890D7D9E->efcb8ff8-f060-4d95-9215-d0f5eb4af037@group-0959F8DF43ED, cid=3221, SUCCESS, logIndex=4860, commits[efcb8ff8-f060-4d95-9215-d0f5eb4af037:c4861, 6fae8b02-e804-4c0e-b729-a97b7404b7f6:c4859, 4c3e8a66-6975-4917-8225-d3efe707aaff:c4859]
2019-09-04 11:46:38,933 [grpc-default-executor-6] INFO  client.GrpcClientProtocolClient (GrpcClientProtocolClient.java:onNext(255)) - client-D5CE890D7D9E->efcb8ff8-f060-4d95-9215-d0f5eb4af037: receive RaftClientReply:client-D5CE890D7D9E->efcb8ff8-f060-4d95-9215-d0f5eb4af037@group-0959F8DF43ED, cid=3222, SUCCESS, logIndex=4861, commits[efcb8ff8-f060-4d95-9215-d0f5eb4af037:c4861, 6fae8b02-e804-4c0e-b729-a97b7404b7f6:c4859, 4c3e8a66-6975-4917-8225-d3efe707aaff:c4859]
2019-09-04 11:46:38,954 | INFO  | DNAudit | user=null | ip=null | op=WRITE_CHUNK {blockData=conID: 2 locID: 102734076235219610 bcsId: 0} | ret=SUCCESS |  
2019-09-04 11:46:38,955 | INFO  | DNAudit | user=null | ip=null | op=PUT_BLOCK {blockData=[blockId=conID: 2 locID: 102734076235219610 bcsId: 0,size=2097152]} | ret=SUCCESS |  
2019-09-04 11:46:38,955 [grpc-default-executor-6] INFO  client.GrpcClientProtocolClient (GrpcClientProtocolClient.java:onNext(255)) - client-D5CE890D7D9E->efcb8ff8-f060-4d95-9215-d0f5eb4af037: receive RaftClientReply:client-D5CE890D7D9E->efcb8ff8-f060-4d95-9215-d0f5eb4af037@group-0959F8DF43ED, cid=3223, SUCCESS, logIndex=4862, commits[efcb8ff8-f060-4d95-9215-d0f5eb4af037:c4863, 6fae8b02-e804-4c0e-b729-a97b7404b7f6:c4859, 4c3e8a66-6975-4917-8225-d3efe707aaff:c4859]
2019-09-04 11:46:38,955 | INFO  | DNAudit | user=null | ip=null | op=WRITE_CHUNK {blockData=conID: 2 locID: 102734076235219610 bcsId: 0} | ret=SUCCESS |  
2019-09-04 11:46:38,956 [grpc-default-executor-6] INFO  client.GrpcClientProtocolClient (GrpcClientProtocolClient.java:onNext(255)) - client-D5CE890D7D9E->efcb8ff8-f060-4d95-9215-d0f5eb4af037: receive RaftClientReply:client-D5CE890D7D9E->efcb8ff8-f060-4d95-9215-d0f5eb4af037@group-0959F8DF43ED, cid=3224, SUCCESS, logIndex=4863, commits[efcb8ff8-f060-4d95-9215-d0f5eb4af037:c4863, 6fae8b02-e804-4c0e-b729-a97b7404b7f6:c4859, 4c3e8a66-6975-4917-8225-d3efe707aaff:c4859]
2019-09-04 11:46:38,956 | INFO  | DNAudit | user=null | ip=null | op=PUT_BLOCK {blockData=[blockId=conID: 2 locID: 102734076235219610 bcsId: 0,size=1048576]} | ret=SUCCESS |  
2019-09-04 11:46:38,956 | INFO  | DNAudit | user=null | ip=null | op=WRITE_CHUNK {blockData=conID: 2 locID: 102734076235219610 bcsId: 0} | ret=SUCCESS |  
2019-09-04 11:46:38,956 | INFO  | DNAudit | user=null | ip=null | op=PUT_BLOCK {blockData=[blockId=conID: 2 locID: 102734076235219610 bcsId: 0,size=1048576]} | ret=SUCCESS |  
2019-09-04 11:46:38,957 [grpc-default-executor-0] INFO  client.GrpcClientProtocolClient (GrpcClientProtocolClient.java:onNext(255)) - client-D5CE890D7D9E->efcb8ff8-f060-4d95-9215-d0f5eb4af037: receive RaftClientReply:client-D5CE890D7D9E->efcb8ff8-f060-4d95-9215-d0f5eb4af037@group-0959F8DF43ED, cid=3225, SUCCESS, logIndex=0, commits[efcb8ff8-f060-4d95-9215-d0f5eb4af037:c4865, 6fae8b02-e804-4c0e-b729-a97b7404b7f6:c4861, 4c3e8a66-6975-4917-8225-d3efe707aaff:c4861]
2019-09-04 11:46:38,964 | INFO  | DNAudit | user=null | ip=null | op=WRITE_CHUNK {blockData=conID: 2 locID: 102734076235219610 bcsId: 4863} | ret=SUCCESS |  
2019-09-04 11:46:38,966 | INFO  | DNAudit | user=null | ip=null | op=WRITE_CHUNK {blockData=conID: 2 locID: 102734076235219610 bcsId: 4863} | ret=SUCCESS |  
2019-09-04 11:46:38,967 | INFO  | DNAudit | user=null | ip=null | op=WRITE_CHUNK {blockData=conID: 2 locID: 102734076235219610 bcsId: 4863} | ret=SUCCESS |  
2019-09-04 11:46:38,980 | INFO  | DNAudit | user=null | ip=null | op=WRITE_CHUNK {blockData=conID: 2 locID: 102734076235219610 bcsId: 0} | ret=SUCCESS |  
2019-09-04 11:46:38,980 | INFO  | DNAudit | user=null | ip=null | op=PUT_BLOCK {blockData=[blockId=conID: 2 locID: 102734076235219610 bcsId: 0,size=2097152]} | ret=SUCCESS |  
2019-09-04 11:46:38,980 | INFO  | DNAudit | user=null | ip=null | op=WRITE_CHUNK {blockData=conID: 2 locID: 102734076235219610 bcsId: 0} | ret=SUCCESS |  
2019-09-04 11:46:38,981 | INFO  | DNAudit | user=null | ip=null | op=PUT_BLOCK {blockData=[blockId=conID: 2 locID: 102734076235219610 bcsId: 0,size=2097152]} | ret=SUCCESS |  
2019-09-04 11:46:38,981 | INFO  | DNAudit | user=null | ip=null | op=WRITE_CHUNK {blockData=conID: 2 locID: 102734076235219610 bcsId: 4863} | ret=SUCCESS |  
2019-09-04 11:46:38,982 | INFO  | DNAudit | user=null | ip=null | op=PUT_BLOCK {blockData=[blockId=conID: 2 locID: 102734076235219610 bcsId: 0,size=3145728]} | ret=SUCCESS |  
2019-09-04 11:46:38,982 [grpc-default-executor-0] INFO  client.GrpcClientProtocolClient (GrpcClientProtocolClient.java:onNext(255)) - client-D5CE890D7D9E->efcb8ff8-f060-4d95-9215-d0f5eb4af037: receive RaftClientReply:client-D5CE890D7D9E->efcb8ff8-f060-4d95-9215-d0f5eb4af037@group-0959F8DF43ED, cid=3226, SUCCESS, logIndex=4868, commits[efcb8ff8-f060-4d95-9215-d0f5eb4af037:c4869, 6fae8b02-e804-4c0e-b729-a97b7404b7f6:c4865, 4c3e8a66-6975-4917-8225-d3efe707aaff:c4863]
2019-09-04 11:46:38,983 [grpc-default-executor-0] INFO  client.GrpcClientProtocolClient (GrpcClientProtocolClient.java:onNext(255)) - client-D5CE890D7D9E->efcb8ff8-f060-4d95-9215-d0f5eb4af037: receive RaftClientReply:client-D5CE890D7D9E->efcb8ff8-f060-4d95-9215-d0f5eb4af037@group-0959F8DF43ED, cid=3227, SUCCESS, logIndex=4869, commits[efcb8ff8-f060-4d95-9215-d0f5eb4af037:c4869, 6fae8b02-e804-4c0e-b729-a97b7404b7f6:c4865, 4c3e8a66-6975-4917-8225-d3efe707aaff:c4865]
2019-09-04 11:46:38,990 | INFO  | DNAudit | user=null | ip=null | op=WRITE_CHUNK {blockData=conID: 2 locID: 102734076235219610 bcsId: 4869} | ret=SUCCESS |  
2019-09-04 11:46:38,993 | INFO  | DNAudit | user=null | ip=null | op=WRITE_CHUNK {blockData=conID: 2 locID: 102734076235219610 bcsId: 4869} | ret=SUCCESS |  
2019-09-04 11:46:38,993 | INFO  | DNAudit | user=null | ip=null | op=WRITE_CHUNK {blockData=conID: 2 locID: 102734076235219610 bcsId: 4869} | ret=SUCCESS |  
2019-09-04 11:46:38,999 | INFO  | DNAudit | user=null | ip=null | op=WRITE_CHUNK {blockData=conID: 2 locID: 102734076235219610 bcsId: 4863} | ret=SUCCESS |  
2019-09-04 11:46:38,999 | INFO  | DNAudit | user=null | ip=null | op=WRITE_CHUNK {blockData=conID: 2 locID: 102734076235219610 bcsId: 4863} | ret=SUCCESS |  
2019-09-04 11:46:38,999 | INFO  | DNAudit | user=null | ip=null | op=PUT_BLOCK {blockData=[blockId=conID: 2 locID: 102734076235219610 bcsId: 0,size=3145728]} | ret=SUCCESS |  
2019-09-04 11:46:38,999 | INFO  | DNAudit | user=null | ip=null | op=PUT_BLOCK {blockData=[blockId=conID: 2 locID: 102734076235219610 bcsId: 0,size=3145728]} | ret=SUCCESS |  
2019-09-04 11:46:39,001 | INFO  | DNAudit | user=null | ip=null | op=WRITE_CHUNK {blockData=conID: 2 locID: 102734076235219610 bcsId: 4869} | ret=SUCCESS |  
2019-09-04 11:46:39,001 | INFO  | DNAudit | user=null | ip=null | op=PUT_BLOCK {blockData=[blockId=conID: 2 locID: 102734076235219610 bcsId: 0,size=4194304]} | ret=SUCCESS |  
2019-09-04 11:46:39,001 [grpc-default-executor-1] INFO  client.GrpcClientProtocolClient (GrpcClientProtocolClient.java:onNext(255)) - client-D5CE890D7D9E->efcb8ff8-f060-4d95-9215-d0f5eb4af037: receive RaftClientReply:client-D5CE890D7D9E->efcb8ff8-f060-4d95-9215-d0f5eb4af037@group-0959F8DF43ED, cid=3228, SUCCESS, logIndex=4872, commits[efcb8ff8-f060-4d95-9215-d0f5eb4af037:c4873, 6fae8b02-e804-4c0e-b729-a97b7404b7f6:c4869, 4c3e8a66-6975-4917-8225-d3efe707aaff:c4869]
2019-09-04 11:46:39,002 [grpc-default-executor-1] INFO  client.GrpcClientProtocolClient (GrpcClientProtocolClient.java:onNext(255)) - client-D5CE890D7D9E->efcb8ff8-f060-4d95-9215-d0f5eb4af037: receive RaftClientReply:client-D5CE890D7D9E->efcb8ff8-f060-4d95-9215-d0f5eb4af037@group-0959F8DF43ED, cid=3229, SUCCESS, logIndex=4873, commits[efcb8ff8-f060-4d95-9215-d0f5eb4af037:c4873, 6fae8b02-e804-4c0e-b729-a97b7404b7f6:c4869, 4c3e8a66-6975-4917-8225-d3efe707aaff:c4869]
2019-09-04 11:46:39,022 | INFO  | DNAudit | user=null | ip=null | op=WRITE_CHUNK {blockData=conID: 2 locID: 102734076235219610 bcsId: 4869} | ret=SUCCESS |  
2019-09-04 11:46:39,022 | INFO  | DNAudit | user=null | ip=null | op=WRITE_CHUNK {blockData=conID: 2 locID: 102734076235219610 bcsId: 4869} | ret=SUCCESS |  
2019-09-04 11:46:39,023 | INFO  | DNAudit | user=null | ip=null | op=PUT_BLOCK {blockData=[blockId=conID: 2 locID: 102734076235219610 bcsId: 0,size=4194304]} | ret=SUCCESS |  
2019-09-04 11:46:39,023 | INFO  | DNAudit | user=null | ip=null | op=PUT_BLOCK {blockData=[blockId=conID: 2 locID: 102734076235219610 bcsId: 0,size=4194304]} | ret=SUCCESS |  
2019-09-04 11:46:39,024 [grpc-default-executor-1] INFO  client.GrpcClientProtocolClient (GrpcClientProtocolClient.java:onNext(255)) - client-D5CE890D7D9E->efcb8ff8-f060-4d95-9215-d0f5eb4af037: receive RaftClientReply:client-D5CE890D7D9E->efcb8ff8-f060-4d95-9215-d0f5eb4af037@group-0959F8DF43ED, cid=3230, SUCCESS, logIndex=0, commits[efcb8ff8-f060-4d95-9215-d0f5eb4af037:c4875, 6fae8b02-e804-4c0e-b729-a97b7404b7f6:c4873, 4c3e8a66-6975-4917-8225-d3efe707aaff:c4873]
2019-09-04 11:46:39,033 | INFO  | SCMAudit | user=jenkins1000 | ip=192.168.36.67 | op=ALLOCATE_BLOCK {owner=8ab292a2-aaa7-4ad8-863a-d33994811155, size=4194304, type=RATIS, factor=THREE} | ret=SUCCESS |  
2019-09-04 11:46:39,038 | INFO  | OMAudit | user=jenkins1000 | ip=127.0.0.1 | op=ALLOCATE_BLOCK {volume=vol-0-58699, bucket=bucket-0-57464, key=key-0-37266, dataSize=0, replicationType=null, replicationFactor=null, keyLocationInfo=null, clientID=102734073355960722} | ret=SUCCESS |  
2019-09-04 11:46:39,046 | INFO  | DNAudit | user=null | ip=null | op=WRITE_CHUNK {blockData=conID: 3 locID: 102734076250227355 bcsId: 0} | ret=SUCCESS |  
2019-09-04 11:46:39,050 | INFO  | DNAudit | user=null | ip=null | op=WRITE_CHUNK {blockData=conID: 3 locID: 102734076250227355 bcsId: 0} | ret=SUCCESS |  
2019-09-04 11:46:39,050 | INFO  | DNAudit | user=null | ip=null | op=WRITE_CHUNK {blockData=conID: 3 locID: 102734076250227355 bcsId: 0} | ret=SUCCESS |  
2019-09-04 11:46:39,051 | INFO  | DNAudit | user=null | ip=null | op=WRITE_CHUNK {blockData=conID: 3 locID: 102734076250227355 bcsId: 0} | ret=SUCCESS |  
2019-09-04 11:46:39,055 | INFO  | DNAudit | user=null | ip=null | op=WRITE_CHUNK {blockData=conID: 3 locID: 102734076250227355 bcsId: 0} | ret=SUCCESS |  
 0.00% |█                                                                                                    |  0/1 Time: 0:00:442019-09-04 11:46:39,057 | INFO  | DNAudit | user=null | ip=null | op=WRITE_CHUNK {blockData=conID: 3 locID: 102734076250227355 bcsId: 0} | ret=SUCCESS |  
2019-09-04 11:46:39,079 | INFO  | DNAudit | user=null | ip=null | op=WRITE_CHUNK {blockData=conID: 3 locID: 102734076250227355 bcsId: 0} | ret=SUCCESS |  
2019-09-04 11:46:39,080 | INFO  | DNAudit | user=null | ip=null | op=PUT_BLOCK {blockData=[blockId=conID: 3 locID: 102734076250227355 bcsId: 0,size=1048576]} | ret=SUCCESS |  
2019-09-04 11:46:39,080 | INFO  | DNAudit | user=null | ip=null | op=WRITE_CHUNK {blockData=conID: 3 locID: 102734076250227355 bcsId: 0} | ret=SUCCESS |  
2019-09-04 11:46:39,080 [grpc-default-executor-1] INFO  client.GrpcClientProtocolClient (GrpcClientProtocolClient.java:onNext(255)) - client-D5CE890D7D9E->efcb8ff8-f060-4d95-9215-d0f5eb4af037: receive RaftClientReply:client-D5CE890D7D9E->efcb8ff8-f060-4d95-9215-d0f5eb4af037@group-0959F8DF43ED, cid=3231, SUCCESS, logIndex=4876, commits[efcb8ff8-f060-4d95-9215-d0f5eb4af037:c4877, 6fae8b02-e804-4c0e-b729-a97b7404b7f6:c4875, 4c3e8a66-6975-4917-8225-d3efe707aaff:c4875]
2019-09-04 11:46:39,081 | INFO  | DNAudit | user=null | ip=null | op=PUT_BLOCK {blockData=[blockId=conID: 3 locID: 102734076250227355 bcsId: 0,size=2097152]} | ret=SUCCESS |  
2019-09-04 11:46:39,081 [grpc-default-executor-1] INFO  client.GrpcClientProtocolClient (GrpcClientProtocolClient.java:onNext(255)) - client-D5CE890D7D9E->efcb8ff8-f060-4d95-9215-d0f5eb4af037: receive RaftClientReply:client-D5CE890D7D9E->efcb8ff8-f060-4d95-9215-d0f5eb4af037@group-0959F8DF43ED, cid=3232, SUCCESS, logIndex=4877, commits[efcb8ff8-f060-4d95-9215-d0f5eb4af037:c4877, 6fae8b02-e804-4c0e-b729-a97b7404b7f6:c4875, 4c3e8a66-6975-4917-8225-d3efe707aaff:c4875]
2019-09-04 11:46:39,081 [grpc-default-executor-1] INFO  client.GrpcClientProtocolClient (GrpcClientProtocolClient.java:onNext(255)) - client-D5CE890D7D9E->efcb8ff8-f060-4d95-9215-d0f5eb4af037: receive RaftClientReply:client-D5CE890D7D9E->efcb8ff8-f060-4d95-9215-d0f5eb4af037@group-0959F8DF43ED, cid=3233, SUCCESS, logIndex=4878, commits[efcb8ff8-f060-4d95-9215-d0f5eb4af037:c4879, 6fae8b02-e804-4c0e-b729-a97b7404b7f6:c4875, 4c3e8a66-6975-4917-8225-d3efe707aaff:c4875]
2019-09-04 11:46:39,081 [grpc-default-executor-1] INFO  client.GrpcClientProtocolClient (GrpcClientProtocolClient.java:onNext(255)) - client-D5CE890D7D9E->efcb8ff8-f060-4d95-9215-d0f5eb4af037: receive RaftClientReply:client-D5CE890D7D9E->efcb8ff8-f060-4d95-9215-d0f5eb4af037@group-0959F8DF43ED, cid=3234, SUCCESS, logIndex=4879, commits[efcb8ff8-f060-4d95-9215-d0f5eb4af037:c4879, 6fae8b02-e804-4c0e-b729-a97b7404b7f6:c4875, 4c3e8a66-6975-4917-8225-d3efe707aaff:c4875]
2019-09-04 11:46:39,082 | INFO  | DNAudit | user=null | ip=null | op=WRITE_CHUNK {blockData=conID: 3 locID: 102734076250227355 bcsId: 0} | ret=SUCCESS |  
2019-09-04 11:46:39,082 | INFO  | DNAudit | user=null | ip=null | op=PUT_BLOCK {blockData=[blockId=conID: 3 locID: 102734076250227355 bcsId: 0,size=1048576]} | ret=SUCCESS |  
2019-09-04 11:46:39,082 | INFO  | DNAudit | user=null | ip=null | op=WRITE_CHUNK {blockData=conID: 3 locID: 102734076250227355 bcsId: 0} | ret=SUCCESS |  
2019-09-04 11:46:39,083 | INFO  | DNAudit | user=null | ip=null | op=PUT_BLOCK {blockData=[blockId=conID: 3 locID: 102734076250227355 bcsId: 0,size=1048576]} | ret=SUCCESS |  
2019-09-04 11:46:39,083 | INFO  | DNAudit | user=null | ip=null | op=WRITE_CHUNK {blockData=conID: 3 locID: 102734076250227355 bcsId: 0} | ret=SUCCESS |  
2019-09-04 11:46:39,083 [grpc-default-executor-1] INFO  client.GrpcClientProtocolClient (GrpcClientProtocolClient.java:onNext(255)) - client-D5CE890D7D9E->efcb8ff8-f060-4d95-9215-d0f5eb4af037: receive RaftClientReply:client-D5CE890D7D9E->efcb8ff8-f060-4d95-9215-d0f5eb4af037@group-0959F8DF43ED, cid=3235, SUCCESS, logIndex=0, commits[efcb8ff8-f060-4d95-9215-d0f5eb4af037:c4881, 6fae8b02-e804-4c0e-b729-a97b7404b7f6:c4877, 4c3e8a66-6975-4917-8225-d3efe707aaff:c4877]
2019-09-04 11:46:39,083 | INFO  | DNAudit | user=null | ip=null | op=WRITE_CHUNK {blockData=conID: 3 locID: 102734076250227355 bcsId: 0} | ret=SUCCESS |  
2019-09-04 11:46:39,083 | INFO  | DNAudit | user=null | ip=null | op=PUT_BLOCK {blockData=[blockId=conID: 3 locID: 102734076250227355 bcsId: 0,size=2097152]} | ret=SUCCESS |  
2019-09-04 11:46:39,083 | INFO  | DNAudit | user=null | ip=null | op=PUT_BLOCK {blockData=[blockId=conID: 3 locID: 102734076250227355 bcsId: 0,size=2097152]} | ret=SUCCESS |  
2019-09-04 11:46:39,090 | INFO  | DNAudit | user=null | ip=null | op=WRITE_CHUNK {blockData=conID: 3 locID: 102734076250227355 bcsId: 4879} | ret=SUCCESS |  
2019-09-04 11:46:39,091 | INFO  | DNAudit | user=null | ip=null | op=WRITE_CHUNK {blockData=conID: 3 locID: 102734076250227355 bcsId: 4879} | ret=SUCCESS |  
2019-09-04 11:46:39,092 | INFO  | DNAudit | user=null | ip=null | op=WRITE_CHUNK {blockData=conID: 3 locID: 102734076250227355 bcsId: 4879} | ret=SUCCESS |  
2019-09-04 11:46:39,104 | INFO  | DNAudit | user=null | ip=null | op=WRITE_CHUNK {blockData=conID: 3 locID: 102734076250227355 bcsId: 4879} | ret=SUCCESS |  
2019-09-04 11:46:39,104 | INFO  | DNAudit | user=null | ip=null | op=PUT_BLOCK {blockData=[blockId=conID: 3 locID: 102734076250227355 bcsId: 0,size=3145728]} | ret=SUCCESS |  
2019-09-04 11:46:39,104 [grpc-default-executor-5] INFO  client.GrpcClientProtocolClient (GrpcClientProtocolClient.java:onNext(255)) - client-D5CE890D7D9E->efcb8ff8-f060-4d95-9215-d0f5eb4af037: receive RaftClientReply:client-D5CE890D7D9E->efcb8ff8-f060-4d95-9215-d0f5eb4af037@group-0959F8DF43ED, cid=3236, SUCCESS, logIndex=4884, commits[efcb8ff8-f060-4d95-9215-d0f5eb4af037:c4885, 6fae8b02-e804-4c0e-b729-a97b7404b7f6:c4883, 4c3e8a66-6975-4917-8225-d3efe707aaff:c4883]
2019-09-04 11:46:39,105 [grpc-default-executor-5] INFO  client.GrpcClientProtocolClient (GrpcClientProtocolClient.java:onNext(255)) - client-D5CE890D7D9E->efcb8ff8-f060-4d95-9215-d0f5eb4af037: receive RaftClientReply:client-D5CE890D7D9E->efcb8ff8-f060-4d95-9215-d0f5eb4af037@group-0959F8DF43ED, cid=3237, SUCCESS, logIndex=4885, commits[efcb8ff8-f060-4d95-9215-d0f5eb4af037:c4885, 6fae8b02-e804-4c0e-b729-a97b7404b7f6:c4883, 4c3e8a66-6975-4917-8225-d3efe707aaff:c4883]
2019-09-04 11:46:39,111 | INFO  | DNAudit | user=null | ip=null | op=WRITE_CHUNK {blockData=conID: 3 locID: 102734076250227355 bcsId: 4885} | ret=SUCCESS |  
2019-09-04 11:46:39,113 | INFO  | DNAudit | user=null | ip=null | op=WRITE_CHUNK {blockData=conID: 3 locID: 102734076250227355 bcsId: 4885} | ret=SUCCESS |  
2019-09-04 11:46:39,113 | INFO  | DNAudit | user=null | ip=null | op=WRITE_CHUNK {blockData=conID: 3 locID: 102734076250227355 bcsId: 4885} | ret=SUCCESS |  
2019-09-04 11:46:39,125 | INFO  | DNAudit | user=null | ip=null | op=WRITE_CHUNK {blockData=conID: 3 locID: 102734076250227355 bcsId: 4879} | ret=SUCCESS |  
2019-09-04 11:46:39,125 | INFO  | DNAudit | user=null | ip=null | op=WRITE_CHUNK {blockData=conID: 3 locID: 102734076250227355 bcsId: 4879} | ret=SUCCESS |  
2019-09-04 11:46:39,125 | INFO  | DNAudit | user=null | ip=null | op=PUT_BLOCK {blockData=[blockId=conID: 3 locID: 102734076250227355 bcsId: 0,size=3145728]} | ret=SUCCESS |  
2019-09-04 11:46:39,125 | INFO  | DNAudit | user=null | ip=null | op=PUT_BLOCK {blockData=[blockId=conID: 3 locID: 102734076250227355 bcsId: 0,size=3145728]} | ret=SUCCESS |  
2019-09-04 11:46:39,127 | INFO  | DNAudit | user=null | ip=null | op=WRITE_CHUNK {blockData=conID: 3 locID: 102734076250227355 bcsId: 4885} | ret=SUCCESS |  
2019-09-04 11:46:39,127 | INFO  | DNAudit | user=null | ip=null | op=PUT_BLOCK {blockData=[blockId=conID: 3 locID: 102734076250227355 bcsId: 0,size=4194304]} | ret=SUCCESS |  
2019-09-04 11:46:39,127 [grpc-default-executor-5] INFO  client.GrpcClientProtocolClient (GrpcClientProtocolClient.java:onNext(255)) - client-D5CE890D7D9E->efcb8ff8-f060-4d95-9215-d0f5eb4af037: receive RaftClientReply:client-D5CE890D7D9E->efcb8ff8-f060-4d95-9215-d0f5eb4af037@group-0959F8DF43ED, cid=3238, SUCCESS, logIndex=4887, commits[efcb8ff8-f060-4d95-9215-d0f5eb4af037:c4888, 6fae8b02-e804-4c0e-b729-a97b7404b7f6:c4885, 4c3e8a66-6975-4917-8225-d3efe707aaff:c4885]
2019-09-04 11:46:39,128 [grpc-default-executor-5] INFO  client.GrpcClientProtocolClient (GrpcClientProtocolClient.java:onNext(255)) - client-D5CE890D7D9E->efcb8ff8-f060-4d95-9215-d0f5eb4af037: receive RaftClientReply:client-D5CE890D7D9E->efcb8ff8-f060-4d95-9215-d0f5eb4af037@group-0959F8DF43ED, cid=3239, SUCCESS, logIndex=4888, commits[efcb8ff8-f060-4d95-9215-d0f5eb4af037:c4888, 6fae8b02-e804-4c0e-b729-a97b7404b7f6:c4885, 4c3e8a66-6975-4917-8225-d3efe707aaff:c4885]
2019-09-04 11:46:39,145 | INFO  | DNAudit | user=null | ip=null | op=WRITE_CHUNK {blockData=conID: 3 locID: 102734076250227355 bcsId: 4885} | ret=SUCCESS |  
2019-09-04 11:46:39,145 | INFO  | DNAudit | user=null | ip=null | op=WRITE_CHUNK {blockData=conID: 3 locID: 102734076250227355 bcsId: 4885} | ret=SUCCESS |  
2019-09-04 11:46:39,145 | INFO  | DNAudit | user=null | ip=null | op=PUT_BLOCK {blockData=[blockId=conID: 3 locID: 102734076250227355 bcsId: 0,size=4194304]} | ret=SUCCESS |  
2019-09-04 11:46:39,145 | INFO  | DNAudit | user=null | ip=null | op=PUT_BLOCK {blockData=[blockId=conID: 3 locID: 102734076250227355 bcsId: 0,size=4194304]} | ret=SUCCESS |  
2019-09-04 11:46:39,145 [grpc-default-executor-0] INFO  client.GrpcClientProtocolClient (GrpcClientProtocolClient.java:onNext(255)) - client-D5CE890D7D9E->efcb8ff8-f060-4d95-9215-d0f5eb4af037: receive RaftClientReply:client-D5CE890D7D9E->efcb8ff8-f060-4d95-9215-d0f5eb4af037@group-0959F8DF43ED, cid=3240, SUCCESS, logIndex=0, commits[efcb8ff8-f060-4d95-9215-d0f5eb4af037:c4889, 6fae8b02-e804-4c0e-b729-a97b7404b7f6:c4888, 4c3e8a66-6975-4917-8225-d3efe707aaff:c4888]
2019-09-04 11:46:39,154 | INFO  | SCMAudit | user=jenkins1000 | ip=192.168.36.67 | op=ALLOCATE_BLOCK {owner=8ab292a2-aaa7-4ad8-863a-d33994811155, size=4194304, type=RATIS, factor=THREE} | ret=SUCCESS |  
2019-09-04 11:46:39,159 | INFO  | OMAudit | user=jenkins1000 | ip=127.0.0.1 | op=ALLOCATE_BLOCK {volume=vol-0-58699, bucket=bucket-0-57464, key=key-0-37266, dataSize=0, replicationType=null, replicationFactor=null, keyLocationInfo=null, clientID=102734073355960722} | ret=SUCCESS |  
2019-09-04 11:46:39,171 | INFO  | DNAudit | user=null | ip=null | op=WRITE_CHUNK {blockData=conID: 1 locID: 102734076258157212 bcsId: 0} | ret=SUCCESS |  
2019-09-04 11:46:39,203 | INFO  | DNAudit | user=null | ip=null | op=WRITE_CHUNK {blockData=conID: 1 locID: 102734076258157212 bcsId: 0} | ret=SUCCESS |  
2019-09-04 11:46:39,203 | INFO  | DNAudit | user=null | ip=null | op=WRITE_CHUNK {blockData=conID: 1 locID: 102734076258157212 bcsId: 0} | ret=SUCCESS |  
2019-09-04 11:46:39,204 | INFO  | DNAudit | user=null | ip=null | op=WRITE_CHUNK {blockData=conID: 1 locID: 102734076258157212 bcsId: 0} | ret=SUCCESS |  
2019-09-04 11:46:39,204 | INFO  | DNAudit | user=null | ip=null | op=WRITE_CHUNK {blockData=conID: 1 locID: 102734076258157212 bcsId: 0} | ret=SUCCESS |  
2019-09-04 11:46:39,204 | INFO  | DNAudit | user=null | ip=null | op=WRITE_CHUNK {blockData=conID: 1 locID: 102734076258157212 bcsId: 0} | ret=SUCCESS |  
2019-09-04 11:46:39,220 | INFO  | DNAudit | user=null | ip=null | op=WRITE_CHUNK {blockData=conID: 1 locID: 102734076258157212 bcsId: 0} | ret=SUCCESS |  
2019-09-04 11:46:39,220 | INFO  | DNAudit | user=null | ip=null | op=PUT_BLOCK {blockData=[blockId=conID: 1 locID: 102734076258157212 bcsId: 0,size=1048576]} | ret=SUCCESS |  
2019-09-04 11:46:39,221 | INFO  | DNAudit | user=null | ip=null | op=WRITE_CHUNK {blockData=conID: 1 locID: 102734076258157212 bcsId: 0} | ret=SUCCESS |  
2019-09-04 11:46:39,221 | INFO  | DNAudit | user=null | ip=null | op=PUT_BLOCK {blockData=[blockId=conID: 1 locID: 102734076258157212 bcsId: 0,size=2097152]} | ret=SUCCESS |  
2019-09-04 11:46:39,221 [grpc-default-executor-0] INFO  client.GrpcClientProtocolClient (GrpcClientProtocolClient.java:onNext(255)) - client-D5CE890D7D9E->efcb8ff8-f060-4d95-9215-d0f5eb4af037: receive RaftClientReply:client-D5CE890D7D9E->efcb8ff8-f060-4d95-9215-d0f5eb4af037@group-0959F8DF43ED, cid=3241, SUCCESS, logIndex=4891, commits[efcb8ff8-f060-4d95-9215-d0f5eb4af037:c4894, 6fae8b02-e804-4c0e-b729-a97b7404b7f6:c4890, 4c3e8a66-6975-4917-8225-d3efe707aaff:c4890]
2019-09-04 11:46:39,223 [grpc-default-executor-0] INFO  client.GrpcClientProtocolClient (GrpcClientProtocolClient.java:onNext(255)) - client-D5CE890D7D9E->efcb8ff8-f060-4d95-9215-d0f5eb4af037: receive RaftClientReply:client-D5CE890D7D9E->efcb8ff8-f060-4d95-9215-d0f5eb4af037@group-0959F8DF43ED, cid=3242, SUCCESS, logIndex=4892, commits[efcb8ff8-f060-4d95-9215-d0f5eb4af037:c4894, 6fae8b02-e804-4c0e-b729-a97b7404b7f6:c4890, 4c3e8a66-6975-4917-8225-d3efe707aaff:c4890]
2019-09-04 11:46:39,223 [grpc-default-executor-0] INFO  client.GrpcClientProtocolClient (GrpcClientProtocolClient.java:onNext(255)) - client-D5CE890D7D9E->efcb8ff8-f060-4d95-9215-d0f5eb4af037: receive RaftClientReply:client-D5CE890D7D9E->efcb8ff8-f060-4d95-9215-d0f5eb4af037@group-0959F8DF43ED, cid=3243, SUCCESS, logIndex=4893, commits[efcb8ff8-f060-4d95-9215-d0f5eb4af037:c4894, 6fae8b02-e804-4c0e-b729-a97b7404b7f6:c4890, 4c3e8a66-6975-4917-8225-d3efe707aaff:c4890]
2019-09-04 11:46:39,223 [grpc-default-executor-0] INFO  client.GrpcClientProtocolClient (GrpcClientProtocolClient.java:onNext(255)) - client-D5CE890D7D9E->efcb8ff8-f060-4d95-9215-d0f5eb4af037: receive RaftClientReply:client-D5CE890D7D9E->efcb8ff8-f060-4d95-9215-d0f5eb4af037@group-0959F8DF43ED, cid=3244, SUCCESS, logIndex=4894, commits[efcb8ff8-f060-4d95-9215-d0f5eb4af037:c4894, 6fae8b02-e804-4c0e-b729-a97b7404b7f6:c4890, 4c3e8a66-6975-4917-8225-d3efe707aaff:c4890]
2019-09-04 11:46:39,242 | INFO  | DNAudit | user=null | ip=null | op=WRITE_CHUNK {blockData=conID: 1 locID: 102734076258157212 bcsId: 0} | ret=SUCCESS |  
2019-09-04 11:46:39,242 | INFO  | DNAudit | user=null | ip=null | op=WRITE_CHUNK {blockData=conID: 1 locID: 102734076258157212 bcsId: 0} | ret=SUCCESS |  
2019-09-04 11:46:39,243 | INFO  | DNAudit | user=null | ip=null | op=PUT_BLOCK {blockData=[blockId=conID: 1 locID: 102734076258157212 bcsId: 0,size=1048576]} | ret=SUCCESS |  
2019-09-04 11:46:39,243 | INFO  | DNAudit | user=null | ip=null | op=PUT_BLOCK {blockData=[blockId=conID: 1 locID: 102734076258157212 bcsId: 0,size=1048576]} | ret=SUCCESS |  
2019-09-04 11:46:39,243 | INFO  | DNAudit | user=null | ip=null | op=WRITE_CHUNK {blockData=conID: 1 locID: 102734076258157212 bcsId: 0} | ret=SUCCESS |  
2019-09-04 11:46:39,243 | INFO  | DNAudit | user=null | ip=null | op=WRITE_CHUNK {blockData=conID: 1 locID: 102734076258157212 bcsId: 0} | ret=SUCCESS |  
2019-09-04 11:46:39,243 | INFO  | DNAudit | user=null | ip=null | op=PUT_BLOCK {blockData=[blockId=conID: 1 locID: 102734076258157212 bcsId: 0,size=2097152]} | ret=SUCCESS |  
2019-09-04 11:46:39,243 | INFO  | DNAudit | user=null | ip=null | op=PUT_BLOCK {blockData=[blockId=conID: 1 locID: 102734076258157212 bcsId: 0,size=2097152]} | ret=SUCCESS |  
2019-09-04 11:46:39,243 [grpc-default-executor-1] INFO  client.GrpcClientProtocolClient (GrpcClientProtocolClient.java:onNext(255)) - client-D5CE890D7D9E->efcb8ff8-f060-4d95-9215-d0f5eb4af037: receive RaftClientReply:client-D5CE890D7D9E->efcb8ff8-f060-4d95-9215-d0f5eb4af037@group-0959F8DF43ED, cid=3245, SUCCESS, logIndex=0, commits[efcb8ff8-f060-4d95-9215-d0f5eb4af037:c4896, 6fae8b02-e804-4c0e-b729-a97b7404b7f6:c4894, 4c3e8a66-6975-4917-8225-d3efe707aaff:c4894]
2019-09-04 11:46:39,249 | INFO  | DNAudit | user=null | ip=null | op=WRITE_CHUNK {blockData=conID: 1 locID: 102734076258157212 bcsId: 4894} | ret=SUCCESS |  
2019-09-04 11:46:39,251 | INFO  | DNAudit | user=null | ip=null | op=WRITE_CHUNK {blockData=conID: 1 locID: 102734076258157212 bcsId: 4894} | ret=SUCCESS |  
2019-09-04 11:46:39,252 | INFO  | DNAudit | user=null | ip=null | op=WRITE_CHUNK {blockData=conID: 1 locID: 102734076258157212 bcsId: 4894} | ret=SUCCESS |  
2019-09-04 11:46:39,265 | INFO  | DNAudit | user=null | ip=null | op=WRITE_CHUNK {blockData=conID: 1 locID: 102734076258157212 bcsId: 4894} | ret=SUCCESS |  
2019-09-04 11:46:39,266 | INFO  | DNAudit | user=null | ip=null | op=PUT_BLOCK {blockData=[blockId=conID: 1 locID: 102734076258157212 bcsId: 0,size=3145728]} | ret=SUCCESS |  
2019-09-04 11:46:39,266 [grpc-default-executor-1] INFO  client.GrpcClientProtocolClient (GrpcClientProtocolClient.java:onNext(255)) - client-D5CE890D7D9E->efcb8ff8-f060-4d95-9215-d0f5eb4af037: receive RaftClientReply:client-D5CE890D7D9E->efcb8ff8-f060-4d95-9215-d0f5eb4af037@group-0959F8DF43ED, cid=3246, SUCCESS, logIndex=4897, commits[efcb8ff8-f060-4d95-9215-d0f5eb4af037:c4898, 6fae8b02-e804-4c0e-b729-a97b7404b7f6:c4896, 4c3e8a66-6975-4917-8225-d3efe707aaff:c4896]
2019-09-04 11:46:39,266 [grpc-default-executor-1] INFO  client.GrpcClientProtocolClient (GrpcClientProtocolClient.java:onNext(255)) - client-D5CE890D7D9E->efcb8ff8-f060-4d95-9215-d0f5eb4af037: receive RaftClientReply:client-D5CE890D7D9E->efcb8ff8-f060-4d95-9215-d0f5eb4af037@group-0959F8DF43ED, cid=3247, SUCCESS, logIndex=4898, commits[efcb8ff8-f060-4d95-9215-d0f5eb4af037:c4898, 6fae8b02-e804-4c0e-b729-a97b7404b7f6:c4896, 4c3e8a66-6975-4917-8225-d3efe707aaff:c4896]
2019-09-04 11:46:39,272 | INFO  | DNAudit | user=null | ip=null | op=WRITE_CHUNK {blockData=conID: 1 locID: 102734076258157212 bcsId: 4898} | ret=SUCCESS |  
2019-09-04 11:46:39,275 | INFO  | DNAudit | user=null | ip=null | op=WRITE_CHUNK {blockData=conID: 1 locID: 102734076258157212 bcsId: 4898} | ret=SUCCESS |  
2019-09-04 11:46:39,275 | INFO  | DNAudit | user=null | ip=null | op=WRITE_CHUNK {blockData=conID: 1 locID: 102734076258157212 bcsId: 4898} | ret=SUCCESS |  
2019-09-04 11:46:39,287 | INFO  | DNAudit | user=null | ip=null | op=WRITE_CHUNK {blockData=conID: 1 locID: 102734076258157212 bcsId: 4894} | ret=SUCCESS |  
2019-09-04 11:46:39,287 | INFO  | DNAudit | user=null | ip=null | op=WRITE_CHUNK {blockData=conID: 1 locID: 102734076258157212 bcsId: 4894} | ret=SUCCESS |  
2019-09-04 11:46:39,287 | INFO  | DNAudit | user=null | ip=null | op=PUT_BLOCK {blockData=[blockId=conID: 1 locID: 102734076258157212 bcsId: 0,size=3145728]} | ret=SUCCESS |  
2019-09-04 11:46:39,287 | INFO  | DNAudit | user=null | ip=null | op=PUT_BLOCK {blockData=[blockId=conID: 1 locID: 102734076258157212 bcsId: 0,size=3145728]} | ret=SUCCESS |  
2019-09-04 11:46:39,289 | INFO  | DNAudit | user=null | ip=null | op=WRITE_CHUNK {blockData=conID: 1 locID: 102734076258157212 bcsId: 4898} | ret=SUCCESS |  
2019-09-04 11:46:39,289 | INFO  | DNAudit | user=null | ip=null | op=PUT_BLOCK {blockData=[blockId=conID: 1 locID: 102734076258157212 bcsId: 0,size=4194304]} | ret=SUCCESS |  
2019-09-04 11:46:39,289 [grpc-default-executor-0] INFO  client.GrpcClientProtocolClient (GrpcClientProtocolClient.java:onNext(255)) - client-D5CE890D7D9E->efcb8ff8-f060-4d95-9215-d0f5eb4af037: receive RaftClientReply:client-D5CE890D7D9E->efcb8ff8-f060-4d95-9215-d0f5eb4af037@group-0959F8DF43ED, cid=3248, SUCCESS, logIndex=4901, commits[efcb8ff8-f060-4d95-9215-d0f5eb4af037:c4902, 6fae8b02-e804-4c0e-b729-a97b7404b7f6:c4898, 4c3e8a66-6975-4917-8225-d3efe707aaff:c4898]
2019-09-04 11:46:39,290 [grpc-default-executor-0] INFO  client.GrpcClientProtocolClient (GrpcClientProtocolClient.java:onNext(255)) - client-D5CE890D7D9E->efcb8ff8-f060-4d95-9215-d0f5eb4af037: receive RaftClientReply:client-D5CE890D7D9E->efcb8ff8-f060-4d95-9215-d0f5eb4af037@group-0959F8DF43ED, cid=3249, SUCCESS, logIndex=4902, commits[efcb8ff8-f060-4d95-9215-d0f5eb4af037:c4902, 6fae8b02-e804-4c0e-b729-a97b7404b7f6:c4898, 4c3e8a66-6975-4917-8225-d3efe707aaff:c4898]
2019-09-04 11:46:39,311 | INFO  | DNAudit | user=null | ip=null | op=WRITE_CHUNK {blockData=conID: 1 locID: 102734076258157212 bcsId: 4898} | ret=SUCCESS |  
2019-09-04 11:46:39,311 | INFO  | DNAudit | user=null | ip=null | op=WRITE_CHUNK {blockData=conID: 1 locID: 102734076258157212 bcsId: 4898} | ret=SUCCESS |  
2019-09-04 11:46:39,311 | INFO  | DNAudit | user=null | ip=null | op=PUT_BLOCK {blockData=[blockId=conID: 1 locID: 102734076258157212 bcsId: 0,size=4194304]} | ret=SUCCESS |  
2019-09-04 11:46:39,312 | INFO  | DNAudit | user=null | ip=null | op=PUT_BLOCK {blockData=[blockId=conID: 1 locID: 102734076258157212 bcsId: 0,size=4194304]} | ret=SUCCESS |  
2019-09-04 11:46:39,312 [grpc-default-executor-0] INFO  client.GrpcClientProtocolClient (GrpcClientProtocolClient.java:onNext(255)) - client-D5CE890D7D9E->efcb8ff8-f060-4d95-9215-d0f5eb4af037: receive RaftClientReply:client-D5CE890D7D9E->efcb8ff8-f060-4d95-9215-d0f5eb4af037@group-0959F8DF43ED, cid=3250, SUCCESS, logIndex=0, commits[efcb8ff8-f060-4d95-9215-d0f5eb4af037:c4903, 6fae8b02-e804-4c0e-b729-a97b7404b7f6:c4902, 4c3e8a66-6975-4917-8225-d3efe707aaff:c4902]
2019-09-04 11:46:39,322 | INFO  | SCMAudit | user=jenkins1000 | ip=192.168.36.67 | op=ALLOCATE_BLOCK {owner=8ab292a2-aaa7-4ad8-863a-d33994811155, size=4194304, type=RATIS, factor=THREE} | ret=SUCCESS |  
2019-09-04 11:46:39,328 | INFO  | OMAudit | user=jenkins1000 | ip=127.0.0.1 | op=ALLOCATE_BLOCK {volume=vol-0-58699, bucket=bucket-0-57464, key=key-0-37266, dataSize=0, replicationType=null, replicationFactor=null, keyLocationInfo=null, clientID=102734073355960722} | ret=SUCCESS |  
2019-09-04 11:46:39,336 | INFO  | DNAudit | user=null | ip=null | op=WRITE_CHUNK {blockData=conID: 2 locID: 102734076269167261 bcsId: 0} | ret=SUCCESS |  
2019-09-04 11:46:39,339 | INFO  | DNAudit | user=null | ip=null | op=WRITE_CHUNK {blockData=conID: 2 locID: 102734076269167261 bcsId: 0} | ret=SUCCESS |  
2019-09-04 11:46:39,339 | INFO  | DNAudit | user=null | ip=null | op=WRITE_CHUNK {blockData=conID: 2 locID: 102734076269167261 bcsId: 0} | ret=SUCCESS |  
2019-09-04 11:46:39,339 | INFO  | DNAudit | user=null | ip=null | op=WRITE_CHUNK {blockData=conID: 2 locID: 102734076269167261 bcsId: 0} | ret=SUCCESS |  
2019-09-04 11:46:39,341 | INFO  | DNAudit | user=null | ip=null | op=WRITE_CHUNK {blockData=conID: 2 locID: 102734076269167261 bcsId: 0} | ret=SUCCESS |  
2019-09-04 11:46:39,341 | INFO  | DNAudit | user=null | ip=null | op=WRITE_CHUNK {blockData=conID: 2 locID: 102734076269167261 bcsId: 0} | ret=SUCCESS |  
2019-09-04 11:46:39,360 | INFO  | DNAudit | user=null | ip=null | op=WRITE_CHUNK {blockData=conID: 2 locID: 102734076269167261 bcsId: 0} | ret=SUCCESS |  
2019-09-04 11:46:39,361 | INFO  | DNAudit | user=null | ip=null | op=PUT_BLOCK {blockData=[blockId=conID: 2 locID: 102734076269167261 bcsId: 0,size=1048576]} | ret=SUCCESS |  
2019-09-04 11:46:39,361 [grpc-default-executor-6] INFO  client.GrpcClientProtocolClient (GrpcClientProtocolClient.java:onNext(255)) - client-D5CE890D7D9E->efcb8ff8-f060-4d95-9215-d0f5eb4af037: receive RaftClientReply:client-D5CE890D7D9E->efcb8ff8-f060-4d95-9215-d0f5eb4af037@group-0959F8DF43ED, cid=3251, SUCCESS, logIndex=4905, commits[efcb8ff8-f060-4d95-9215-d0f5eb4af037:c4906, 6fae8b02-e804-4c0e-b729-a97b7404b7f6:c4904, 4c3e8a66-6975-4917-8225-d3efe707aaff:c4904]
2019-09-04 11:46:39,362 [grpc-default-executor-6] INFO  client.GrpcClientProtocolClient (GrpcClientProtocolClient.java:onNext(255)) - client-D5CE890D7D9E->efcb8ff8-f060-4d95-9215-d0f5eb4af037: receive RaftClientReply:client-D5CE890D7D9E->efcb8ff8-f060-4d95-9215-d0f5eb4af037@group-0959F8DF43ED, cid=3252, SUCCESS, logIndex=4906, commits[efcb8ff8-f060-4d95-9215-d0f5eb4af037:c4906, 6fae8b02-e804-4c0e-b729-a97b7404b7f6:c4904, 4c3e8a66-6975-4917-8225-d3efe707aaff:c4904]
2019-09-04 11:46:39,718 | INFO  | SCMAudit | user=jenkins1000 | ip=192.168.36.67 | op=SEND_HEARTBEAT {datanodeUUID=b68b188c-7f38-42ae-8403-46a39acd0731, command=[]} | ret=SUCCESS |  
2019-09-04 11:46:39,737 | INFO  | SCMAudit | user=jenkins1000 | ip=192.168.36.67 | op=SEND_HEARTBEAT {datanodeUUID=4c3e8a66-6975-4917-8225-d3efe707aaff, command=[]} | ret=SUCCESS |  
2019-09-04 11:46:39,738 | INFO  | SCMAudit | user=jenkins1000 | ip=192.168.36.67 | op=SEND_HEARTBEAT {datanodeUUID=6fae8b02-e804-4c0e-b729-a97b7404b7f6, command=[]} | ret=SUCCESS |  
2019-09-04 11:46:39,741 | INFO  | SCMAudit | user=jenkins1000 | ip=192.168.36.67 | op=SEND_HEARTBEAT {datanodeUUID=0b776101-1d39-4f23-96c0-6a8ead31197c, command=[]} | ret=SUCCESS |  
2019-09-04 11:46:39,746 | INFO  | SCMAudit | user=jenkins1000 | ip=192.168.36.67 | op=SEND_HEARTBEAT {datanodeUUID=efcb8ff8-f060-4d95-9215-d0f5eb4af037, command=[]} | ret=SUCCESS |  
 0.00% |█                                                                                                    |  0/1 Time: 0:00:452019-09-04 11:46:40,718 | INFO  | SCMAudit | user=jenkins1000 | ip=192.168.36.67 | op=SEND_HEARTBEAT {datanodeUUID=b68b188c-7f38-42ae-8403-46a39acd0731, command=[]} | ret=SUCCESS |  
2019-09-04 11:46:40,738 | INFO  | SCMAudit | user=jenkins1000 | ip=192.168.36.67 | op=SEND_HEARTBEAT {datanodeUUID=4c3e8a66-6975-4917-8225-d3efe707aaff, command=[]} | ret=SUCCESS |  
2019-09-04 11:46:40,738 | INFO  | SCMAudit | user=jenkins1000 | ip=192.168.36.67 | op=SEND_HEARTBEAT {datanodeUUID=6fae8b02-e804-4c0e-b729-a97b7404b7f6, command=[]} | ret=SUCCESS |  
2019-09-04 11:46:40,741 | INFO  | SCMAudit | user=jenkins1000 | ip=192.168.36.67 | op=SEND_HEARTBEAT {datanodeUUID=0b776101-1d39-4f23-96c0-6a8ead31197c, command=[]} | ret=SUCCESS |  
2019-09-04 11:46:40,746 | INFO  | SCMAudit | user=jenkins1000 | ip=192.168.36.67 | op=SEND_HEARTBEAT {datanodeUUID=efcb8ff8-f060-4d95-9215-d0f5eb4af037, command=[]} | ret=SUCCESS |  
 0.00% |█                                                                                                    |  0/1 Time: 0:00:462019-09-04 11:46:41,719 | INFO  | SCMAudit | user=jenkins1000 | ip=192.168.36.67 | op=SEND_HEARTBEAT {datanodeUUID=b68b188c-7f38-42ae-8403-46a39acd0731, command=[]} | ret=SUCCESS |  
2019-09-04 11:46:41,738 | INFO  | SCMAudit | user=jenkins1000 | ip=192.168.36.67 | op=SEND_HEARTBEAT {datanodeUUID=6fae8b02-e804-4c0e-b729-a97b7404b7f6, command=[]} | ret=SUCCESS |  
2019-09-04 11:46:41,738 | INFO  | SCMAudit | user=jenkins1000 | ip=192.168.36.67 | op=SEND_HEARTBEAT {datanodeUUID=4c3e8a66-6975-4917-8225-d3efe707aaff, command=[]} | ret=SUCCESS |  
2019-09-04 11:46:41,741 | INFO  | SCMAudit | user=jenkins1000 | ip=192.168.36.67 | op=SEND_HEARTBEAT {datanodeUUID=0b776101-1d39-4f23-96c0-6a8ead31197c, command=[]} | ret=SUCCESS |  
2019-09-04 11:46:41,746 | INFO  | SCMAudit | user=jenkins1000 | ip=192.168.36.67 | op=SEND_HEARTBEAT {datanodeUUID=efcb8ff8-f060-4d95-9215-d0f5eb4af037, command=[]} | ret=SUCCESS |  
2019-09-04 11:46:41,862 | INFO  | DNAudit | user=null | ip=null | op=WRITE_CHUNK {blockData=conID: 2 locID: 102734076269167261 bcsId: 0} | ret=SUCCESS |  
2019-09-04 11:46:41,862 | INFO  | DNAudit | user=null | ip=null | op=WRITE_CHUNK {blockData=conID: 2 locID: 102734076269167261 bcsId: 0} | ret=SUCCESS |  
2019-09-04 11:46:41,862 | INFO  | DNAudit | user=null | ip=null | op=PUT_BLOCK {blockData=[blockId=conID: 2 locID: 102734076269167261 bcsId: 0,size=1048576]} | ret=SUCCESS |  
2019-09-04 11:46:41,862 | INFO  | DNAudit | user=null | ip=null | op=PUT_BLOCK {blockData=[blockId=conID: 2 locID: 102734076269167261 bcsId: 0,size=1048576]} | ret=SUCCESS |  
 0.00% |█                                                                                                    |  0/1 Time: 0:00:472019-09-04 11:46:42,339 [java.util.concurrent.ThreadPoolExecutor$Worker@42ab78b9[State = -1, empty queue]] WARN  server.GrpcLogAppender (GrpcLogAppender.java:timeoutAppendRequest(200)) - GrpcLogAppender(efcb8ff8-f060-4d95-9215-d0f5eb4af037->6fae8b02-e804-4c0e-b729-a97b7404b7f6): appendEntries Timeout, request=efcb8ff8-f060-4d95-9215-d0f5eb4af037->6fae8b02-e804-4c0e-b729-a97b7404b7f6#4915-t2, previous=(t:2, i:4906), leaderCommit=4904, initializing? false, entries: size=1, first=(t:2, i:4907), STATEMACHINELOGENTRY, client-D5CE890D7D9E, cid=3253
2019-09-04 11:46:42,339 [java.util.concurrent.ThreadPoolExecutor$Worker@4e971108[State = -1, empty queue]] WARN  server.GrpcLogAppender (GrpcLogAppender.java:timeoutAppendRequest(200)) - GrpcLogAppender(efcb8ff8-f060-4d95-9215-d0f5eb4af037->4c3e8a66-6975-4917-8225-d3efe707aaff): appendEntries Timeout, request=efcb8ff8-f060-4d95-9215-d0f5eb4af037->4c3e8a66-6975-4917-8225-d3efe707aaff#4915-t2, previous=(t:2, i:4906), leaderCommit=4904, initializing? false, entries: size=1, first=(t:2, i:4907), STATEMACHINELOGENTRY, client-D5CE890D7D9E, cid=3253
2019-09-04 11:46:42,341 [java.util.concurrent.ThreadPoolExecutor$Worker@42ab78b9[State = -1, empty queue]] WARN  server.GrpcLogAppender (GrpcLogAppender.java:timeoutAppendRequest(200)) - GrpcLogAppender(efcb8ff8-f060-4d95-9215-d0f5eb4af037->6fae8b02-e804-4c0e-b729-a97b7404b7f6): appendEntries Timeout, request=efcb8ff8-f060-4d95-9215-d0f5eb4af037->6fae8b02-e804-4c0e-b729-a97b7404b7f6#4916-t2, previous=(t:2, i:4907), leaderCommit=4904, initializing? false, entries: size=1, first=(t:2, i:4908), STATEMACHINELOGENTRY, client-D5CE890D7D9E, cid=3254
2019-09-04 11:46:42,342 [java.util.concurrent.ThreadPoolExecutor$Worker@4e971108[State = -1, empty queue]] WARN  server.GrpcLogAppender (GrpcLogAppender.java:timeoutAppendRequest(200)) - GrpcLogAppender(efcb8ff8-f060-4d95-9215-d0f5eb4af037->4c3e8a66-6975-4917-8225-d3efe707aaff): appendEntries Timeout, request=efcb8ff8-f060-4d95-9215-d0f5eb4af037->4c3e8a66-6975-4917-8225-d3efe707aaff#4916-t2, previous=(t:2, i:4907), leaderCommit=4904, initializing? false, entries: size=1, first=(t:2, i:4908), STATEMACHINELOGENTRY, client-D5CE890D7D9E, cid=3254
2019-09-04 11:46:42,360 [java.util.concurrent.ThreadPoolExecutor$Worker@4e971108[State = -1, empty queue]] WARN  server.GrpcLogAppender (GrpcLogAppender.java:timeoutAppendRequest(200)) - GrpcLogAppender(efcb8ff8-f060-4d95-9215-d0f5eb4af037->4c3e8a66-6975-4917-8225-d3efe707aaff): appendEntries Timeout, request=efcb8ff8-f060-4d95-9215-d0f5eb4af037->4c3e8a66-6975-4917-8225-d3efe707aaff#4917-t2, previous=(t:2, i:4908), leaderCommit=4905, initializing? false, entries: size=1, first=(t:2, i:4909), METADATAENTRY(c4905)
2019-09-04 11:46:42,360 [java.util.concurrent.ThreadPoolExecutor$Worker@42ab78b9[State = -1, empty queue]] WARN  server.GrpcLogAppender (GrpcLogAppender.java:timeoutAppendRequest(200)) - GrpcLogAppender(efcb8ff8-f060-4d95-9215-d0f5eb4af037->6fae8b02-e804-4c0e-b729-a97b7404b7f6): appendEntries Timeout, request=efcb8ff8-f060-4d95-9215-d0f5eb4af037->6fae8b02-e804-4c0e-b729-a97b7404b7f6#4917-t2, previous=(t:2, i:4908), leaderCommit=4905, initializing? false, entries: size=1, first=(t:2, i:4909), METADATAENTRY(c4905)
2019-09-04 11:46:42,362 [java.util.concurrent.ThreadPoolExecutor$Worker@4e971108[State = -1, empty queue]] WARN  server.GrpcLogAppender (GrpcLogAppender.java:timeoutAppendRequest(200)) - GrpcLogAppender(efcb8ff8-f060-4d95-9215-d0f5eb4af037->4c3e8a66-6975-4917-8225-d3efe707aaff): appendEntries Timeout, request=efcb8ff8-f060-4d95-9215-d0f5eb4af037->4c3e8a66-6975-4917-8225-d3efe707aaff#4918-t2, previous=(t:2, i:4909), leaderCommit=4906, initializing? false, entries: size=1, first=(t:2, i:4910), METADATAENTRY(c4906)
2019-09-04 11:46:42,364 [java.util.concurrent.ThreadPoolExecutor$Worker@42ab78b9[State = -1, empty queue]] WARN  server.GrpcLogAppender (GrpcLogAppender.java:timeoutAppendRequest(200)) - GrpcLogAppender(efcb8ff8-f060-4d95-9215-d0f5eb4af037->6fae8b02-e804-4c0e-b729-a97b7404b7f6): appendEntries Timeout, request=efcb8ff8-f060-4d95-9215-d0f5eb4af037->6fae8b02-e804-4c0e-b729-a97b7404b7f6#4918-t2, previous=(t:2, i:4909), leaderCommit=4906, initializing? false, entries: size=1, first=(t:2, i:4910), METADATAENTRY(c4906)
2019-09-04 11:46:42,719 | INFO  | SCMAudit | user=jenkins1000 | ip=192.168.36.67 | op=SEND_HEARTBEAT {datanodeUUID=b68b188c-7f38-42ae-8403-46a39acd0731, command=[]} | ret=SUCCESS |  
2019-09-04 11:46:42,729 [grpc-default-executor-0] WARN  server.GrpcLogAppender (GrpcLogAppender.java:onNextImpl(250)) - org.apache.ratis.grpc.server.GrpcLogAppender$AppendLogResponseHandler@22a78daf: Request not found, ignoring reply: efcb8ff8-f060-4d95-9215-d0f5eb4af037<-4c3e8a66-6975-4917-8225-d3efe707aaff#4915:OK,SUCCESS,nextIndex:4908,term:2,followerCommit:4906
2019-09-04 11:46:42,729 [grpc-default-executor-6] WARN  server.GrpcLogAppender (GrpcLogAppender.java:onNextImpl(250)) - org.apache.ratis.grpc.server.GrpcLogAppender$AppendLogResponseHandler@6b7fe1d: Request not found, ignoring reply: efcb8ff8-f060-4d95-9215-d0f5eb4af037<-6fae8b02-e804-4c0e-b729-a97b7404b7f6#4915:OK,SUCCESS,nextIndex:4908,term:2,followerCommit:4906
2019-09-04 11:46:42,734 [grpc-default-executor-0] WARN  server.GrpcLogAppender (GrpcLogAppender.java:onNextImpl(250)) - org.apache.ratis.grpc.server.GrpcLogAppender$AppendLogResponseHandler@22a78daf: Request not found, ignoring reply: efcb8ff8-f060-4d95-9215-d0f5eb4af037<-4c3e8a66-6975-4917-8225-d3efe707aaff#4916:OK,SUCCESS,nextIndex:4909,term:2,followerCommit:4906
2019-09-04 11:46:42,735 [grpc-default-executor-6] WARN  server.GrpcLogAppender (GrpcLogAppender.java:onNextImpl(250)) - org.apache.ratis.grpc.server.GrpcLogAppender$AppendLogResponseHandler@6b7fe1d: Request not found, ignoring reply: efcb8ff8-f060-4d95-9215-d0f5eb4af037<-6fae8b02-e804-4c0e-b729-a97b7404b7f6#4916:OK,SUCCESS,nextIndex:4909,term:2,followerCommit:4906
2019-09-04 11:46:42,738 | INFO  | SCMAudit | user=jenkins1000 | ip=192.168.36.67 | op=SEND_HEARTBEAT {datanodeUUID=4c3e8a66-6975-4917-8225-d3efe707aaff, command=[]} | ret=SUCCESS |  
2019-09-04 11:46:42,738 | INFO  | SCMAudit | user=jenkins1000 | ip=192.168.36.67 | op=SEND_HEARTBEAT {datanodeUUID=6fae8b02-e804-4c0e-b729-a97b7404b7f6, command=[]} | ret=SUCCESS |  
2019-09-04 11:46:42,740 | INFO  | SCMAudit | user=jenkins1000 | ip=192.168.36.67 | op=SEND_HEARTBEAT {datanodeUUID=0b776101-1d39-4f23-96c0-6a8ead31197c, command=[]} | ret=SUCCESS |  
2019-09-04 11:46:42,740 [grpc-default-executor-6] WARN  server.GrpcLogAppender (GrpcLogAppender.java:onNextImpl(250)) - org.apache.ratis.grpc.server.GrpcLogAppender$AppendLogResponseHandler@6b7fe1d: Request not found, ignoring reply: efcb8ff8-f060-4d95-9215-d0f5eb4af037<-6fae8b02-e804-4c0e-b729-a97b7404b7f6#4917:OK,SUCCESS,nextIndex:4910,term:2,followerCommit:4906
2019-09-04 11:46:42,740 [grpc-default-executor-0] WARN  server.GrpcLogAppender (GrpcLogAppender.java:onNextImpl(250)) - org.apache.ratis.grpc.server.GrpcLogAppender$AppendLogResponseHandler@22a78daf: Request not found, ignoring reply: efcb8ff8-f060-4d95-9215-d0f5eb4af037<-4c3e8a66-6975-4917-8225-d3efe707aaff#4917:OK,SUCCESS,nextIndex:4910,term:2,followerCommit:4906
2019-09-04 11:46:42,741 [grpc-default-executor-6] WARN  server.GrpcLogAppender (GrpcLogAppender.java:onNextImpl(250)) - org.apache.ratis.grpc.server.GrpcLogAppender$AppendLogResponseHandler@6b7fe1d: Request not found, ignoring reply: efcb8ff8-f060-4d95-9215-d0f5eb4af037<-6fae8b02-e804-4c0e-b729-a97b7404b7f6#4918:OK,SUCCESS,nextIndex:4911,term:2,followerCommit:4906
2019-09-04 11:46:42,741 [grpc-default-executor-0] WARN  server.GrpcLogAppender (GrpcLogAppender.java:onNextImpl(250)) - org.apache.ratis.grpc.server.GrpcLogAppender$AppendLogResponseHandler@22a78daf: Request not found, ignoring reply: efcb8ff8-f060-4d95-9215-d0f5eb4af037<-4c3e8a66-6975-4917-8225-d3efe707aaff#4918:OK,SUCCESS,nextIndex:4911,term:2,followerCommit:4906
2019-09-04 11:46:42,742 | INFO  | DNAudit | user=null | ip=null | op=WRITE_CHUNK {blockData=conID: 2 locID: 102734076269167261 bcsId: 0} | ret=SUCCESS |  
2019-09-04 11:46:42,743 | INFO  | DNAudit | user=null | ip=null | op=PUT_BLOCK {blockData=[blockId=conID: 2 locID: 102734076269167261 bcsId: 0,size=2097152]} | ret=SUCCESS |  
2019-09-04 11:46:42,743 [grpc-default-executor-0] INFO  client.GrpcClientProtocolClient (GrpcClientProtocolClient.java:onNext(255)) - client-D5CE890D7D9E->efcb8ff8-f060-4d95-9215-d0f5eb4af037: receive RaftClientReply:client-D5CE890D7D9E->efcb8ff8-f060-4d95-9215-d0f5eb4af037@group-0959F8DF43ED, cid=3253, SUCCESS, logIndex=4907, commits[efcb8ff8-f060-4d95-9215-d0f5eb4af037:c4910, 6fae8b02-e804-4c0e-b729-a97b7404b7f6:c4906, 4c3e8a66-6975-4917-8225-d3efe707aaff:c4906]
2019-09-04 11:46:42,743 [grpc-default-executor-0] INFO  client.GrpcClientProtocolClient (GrpcClientProtocolClient.java:onNext(255)) - client-D5CE890D7D9E->efcb8ff8-f060-4d95-9215-d0f5eb4af037: receive RaftClientReply:client-D5CE890D7D9E->efcb8ff8-f060-4d95-9215-d0f5eb4af037@group-0959F8DF43ED, cid=3254, SUCCESS, logIndex=4908, commits[efcb8ff8-f060-4d95-9215-d0f5eb4af037:c4910, 6fae8b02-e804-4c0e-b729-a97b7404b7f6:c4906, 4c3e8a66-6975-4917-8225-d3efe707aaff:c4906]
2019-09-04 11:46:42,746 | INFO  | SCMAudit | user=jenkins1000 | ip=192.168.36.67 | op=SEND_HEARTBEAT {datanodeUUID=efcb8ff8-f060-4d95-9215-d0f5eb4af037, command=[]} | ret=SUCCESS |  
 0.00% |█                                                                                                    |  0/1 Time: 0:00:482019-09-04 11:46:43,718 | INFO  | SCMAudit | user=jenkins1000 | ip=192.168.36.67 | op=SEND_HEARTBEAT {datanodeUUID=b68b188c-7f38-42ae-8403-46a39acd0731, command=[]} | ret=SUCCESS |  
2019-09-04 11:46:43,738 | INFO  | SCMAudit | user=jenkins1000 | ip=192.168.36.67 | op=SEND_HEARTBEAT {datanodeUUID=4c3e8a66-6975-4917-8225-d3efe707aaff, command=[]} | ret=SUCCESS |  
2019-09-04 11:46:43,738 | INFO  | SCMAudit | user=jenkins1000 | ip=192.168.36.67 | op=SEND_HEARTBEAT {datanodeUUID=6fae8b02-e804-4c0e-b729-a97b7404b7f6, command=[]} | ret=SUCCESS |  
2019-09-04 11:46:43,740 | INFO  | SCMAudit | user=jenkins1000 | ip=192.168.36.67 | op=SEND_HEARTBEAT {datanodeUUID=0b776101-1d39-4f23-96c0-6a8ead31197c, command=[]} | ret=SUCCESS |  
2019-09-04 11:46:43,746 | INFO  | SCMAudit | user=jenkins1000 | ip=192.168.36.67 | op=SEND_HEARTBEAT {datanodeUUID=efcb8ff8-f060-4d95-9215-d0f5eb4af037, command=[]} | ret=SUCCESS |  
 0.00% |█                                                                                                    |  0/1 Time: 0:00:492019-09-04 11:46:44,719 | INFO  | SCMAudit | user=jenkins1000 | ip=192.168.36.67 | op=SEND_HEARTBEAT {datanodeUUID=b68b188c-7f38-42ae-8403-46a39acd0731, command=[]} | ret=SUCCESS |  
2019-09-04 11:46:44,737 | INFO  | SCMAudit | user=jenkins1000 | ip=192.168.36.67 | op=SEND_HEARTBEAT {datanodeUUID=4c3e8a66-6975-4917-8225-d3efe707aaff, command=[]} | ret=SUCCESS |  
2019-09-04 11:46:44,738 | INFO  | SCMAudit | user=jenkins1000 | ip=192.168.36.67 | op=SEND_HEARTBEAT {datanodeUUID=6fae8b02-e804-4c0e-b729-a97b7404b7f6, command=[]} | ret=SUCCESS |  
2019-09-04 11:46:44,740 | INFO  | SCMAudit | user=jenkins1000 | ip=192.168.36.67 | op=SEND_HEARTBEAT {datanodeUUID=0b776101-1d39-4f23-96c0-6a8ead31197c, command=[]} | ret=SUCCESS |  
2019-09-04 11:46:44,747 | INFO  | SCMAudit | user=jenkins1000 | ip=192.168.36.67 | op=SEND_HEARTBEAT {datanodeUUID=efcb8ff8-f060-4d95-9215-d0f5eb4af037, command=[]} | ret=SUCCESS |  
 0.00% |█                                                                                                    |  0/1 Time: 0:00:502019-09-04 11:46:45,243 | INFO  | DNAudit | user=null | ip=null | op=WRITE_CHUNK {blockData=conID: 2 locID: 102734076269167261 bcsId: 0} | ret=SUCCESS |  
2019-09-04 11:46:45,243 | INFO  | DNAudit | user=null | ip=null | op=PUT_BLOCK {blockData=[blockId=conID: 2 locID: 102734076269167261 bcsId: 0,size=2097152]} | ret=SUCCESS |  
2019-09-04 11:46:45,244 | INFO  | DNAudit | user=null | ip=null | op=WRITE_CHUNK {blockData=conID: 2 locID: 102734076269167261 bcsId: 0} | ret=SUCCESS |  
2019-09-04 11:46:45,244 | INFO  | DNAudit | user=null | ip=null | op=PUT_BLOCK {blockData=[blockId=conID: 2 locID: 102734076269167261 bcsId: 0,size=2097152]} | ret=SUCCESS |  
2019-09-04 11:46:45,718 | INFO  | SCMAudit | user=jenkins1000 | ip=192.168.36.67 | op=SEND_HEARTBEAT {datanodeUUID=b68b188c-7f38-42ae-8403-46a39acd0731, command=[]} | ret=SUCCESS |  
2019-09-04 11:46:45,738 | INFO  | SCMAudit | user=jenkins1000 | ip=192.168.36.67 | op=SEND_HEARTBEAT {datanodeUUID=4c3e8a66-6975-4917-8225-d3efe707aaff, command=[]} | ret=SUCCESS |  
2019-09-04 11:46:45,738 | INFO  | SCMAudit | user=jenkins1000 | ip=192.168.36.67 | op=SEND_HEARTBEAT {datanodeUUID=6fae8b02-e804-4c0e-b729-a97b7404b7f6, command=[]} | ret=SUCCESS |  
2019-09-04 11:46:45,740 | INFO  | SCMAudit | user=jenkins1000 | ip=192.168.36.67 | op=SEND_HEARTBEAT {datanodeUUID=0b776101-1d39-4f23-96c0-6a8ead31197c, command=[]} | ret=SUCCESS |  
2019-09-04 11:46:45,747 | INFO  | SCMAudit | user=jenkins1000 | ip=192.168.36.67 | op=SEND_HEARTBEAT {datanodeUUID=efcb8ff8-f060-4d95-9215-d0f5eb4af037, command=[]} | ret=SUCCESS |  
 0.00% |█                                                                                                    |  0/1 Time: 0:00:512019-09-04 11:46:46,719 | INFO  | SCMAudit | user=jenkins1000 | ip=192.168.36.67 | op=SEND_HEARTBEAT {datanodeUUID=b68b188c-7f38-42ae-8403-46a39acd0731, command=[]} | ret=SUCCESS |  
2019-09-04 11:46:46,738 | INFO  | SCMAudit | user=jenkins1000 | ip=192.168.36.67 | op=SEND_HEARTBEAT {datanodeUUID=4c3e8a66-6975-4917-8225-d3efe707aaff, command=[]} | ret=SUCCESS |  
2019-09-04 11:46:46,738 | INFO  | SCMAudit | user=jenkins1000 | ip=192.168.36.67 | op=SEND_HEARTBEAT {datanodeUUID=6fae8b02-e804-4c0e-b729-a97b7404b7f6, command=[]} | ret=SUCCESS |  
2019-09-04 11:46:46,740 | INFO  | SCMAudit | user=jenkins1000 | ip=192.168.36.67 | op=SEND_HEARTBEAT {datanodeUUID=0b776101-1d39-4f23-96c0-6a8ead31197c, command=[]} | ret=SUCCESS |  
2019-09-04 11:46:46,750 | INFO  | SCMAudit | user=jenkins1000 | ip=192.168.36.67 | op=SEND_HEARTBEAT {datanodeUUID=efcb8ff8-f060-4d95-9215-d0f5eb4af037, command=[]} | ret=SUCCESS |  
 0.00% |█                                                                                                    |  0/1 Time: 0:00:522019-09-04 11:46:47,719 | INFO  | SCMAudit | user=jenkins1000 | ip=192.168.36.67 | op=SEND_HEARTBEAT {datanodeUUID=b68b188c-7f38-42ae-8403-46a39acd0731, command=[]} | ret=SUCCESS |  
2019-09-04 11:46:47,737 | INFO  | SCMAudit | user=jenkins1000 | ip=192.168.36.67 | op=SEND_HEARTBEAT {datanodeUUID=4c3e8a66-6975-4917-8225-d3efe707aaff, command=[]} | ret=SUCCESS |  
2019-09-04 11:46:47,738 | INFO  | SCMAudit | user=jenkins1000 | ip=192.168.36.67 | op=SEND_HEARTBEAT {datanodeUUID=6fae8b02-e804-4c0e-b729-a97b7404b7f6, command=[]} | ret=SUCCESS |  
2019-09-04 11:46:47,740 | INFO  | SCMAudit | user=jenkins1000 | ip=192.168.36.67 | op=SEND_HEARTBEAT {datanodeUUID=0b776101-1d39-4f23-96c0-6a8ead31197c, command=[]} | ret=SUCCESS |  
2019-09-04 11:46:47,746 | INFO  | SCMAudit | user=jenkins1000 | ip=192.168.36.67 | op=SEND_HEARTBEAT {datanodeUUID=efcb8ff8-f060-4d95-9215-d0f5eb4af037, command=[]} | ret=SUCCESS |  
 0.00% |█                                                                                                    |  0/1 Time: 0:00:532019-09-04 11:46:48,444 [grpc-default-executor-6] INFO  client.GrpcClientProtocolClient (GrpcClientProtocolClient.java:onNext(255)) - client-D5CE890D7D9E->4c3e8a66-6975-4917-8225-d3efe707aaff: receive RaftClientReply:client-D5CE890D7D9E->4c3e8a66-6975-4917-8225-d3efe707aaff@group-0959F8DF43ED, cid=3253, FAILED org.apache.ratis.protocol.NotLeaderException: Server 4c3e8a66-6975-4917-8225-d3efe707aaff is not the leader (efcb8ff8-f060-4d95-9215-d0f5eb4af037:192.168.36.67:41822). Request must be sent to leader., logIndex=0, commits[4c3e8a66-6975-4917-8225-d3efe707aaff:c4910, efcb8ff8-f060-4d95-9215-d0f5eb4af037:c4910, 6fae8b02-e804-4c0e-b729-a97b7404b7f6:c4910]
2019-09-04 11:46:48,463 [grpc-default-executor-6] INFO  client.GrpcClientProtocolClient (GrpcClientProtocolClient.java:onNext(255)) - client-D5CE890D7D9E->efcb8ff8-f060-4d95-9215-d0f5eb4af037: receive RaftClientReply:client-D5CE890D7D9E->efcb8ff8-f060-4d95-9215-d0f5eb4af037@group-0959F8DF43ED, cid=3253, SUCCESS, logIndex=4907, commits[efcb8ff8-f060-4d95-9215-d0f5eb4af037:c4910, 6fae8b02-e804-4c0e-b729-a97b7404b7f6:c4906, 4c3e8a66-6975-4917-8225-d3efe707aaff:c4906]
2019-09-04 11:46:48,471 [grpc-default-executor-0] INFO  client.GrpcClientProtocolClient (GrpcClientProtocolClient.java:onNext(255)) - client-D5CE890D7D9E->efcb8ff8-f060-4d95-9215-d0f5eb4af037: receive RaftClientReply:client-D5CE890D7D9E->efcb8ff8-f060-4d95-9215-d0f5eb4af037@group-0959F8DF43ED, cid=3254, SUCCESS, logIndex=4908, commits[efcb8ff8-f060-4d95-9215-d0f5eb4af037:c4910, 6fae8b02-e804-4c0e-b729-a97b7404b7f6:c4906, 4c3e8a66-6975-4917-8225-d3efe707aaff:c4906]
2019-09-04 11:46:48,481 | INFO  | DNAudit | user=null | ip=null | op=WRITE_CHUNK {blockData=conID: 2 locID: 102734076269167261 bcsId: 4908} | ret=SUCCESS |  
2019-09-04 11:46:48,485 | INFO  | DNAudit | user=null | ip=null | op=WRITE_CHUNK {blockData=conID: 2 locID: 102734076269167261 bcsId: 4908} | ret=SUCCESS |  
2019-09-04 11:46:48,485 | INFO  | DNAudit | user=null | ip=null | op=WRITE_CHUNK {blockData=conID: 2 locID: 102734076269167261 bcsId: 4908} | ret=SUCCESS |  
2019-09-04 11:46:48,508 | INFO  | DNAudit | user=null | ip=null | op=WRITE_CHUNK {blockData=conID: 2 locID: 102734076269167261 bcsId: 4908} | ret=SUCCESS |  
2019-09-04 11:46:48,508 | INFO  | DNAudit | user=null | ip=null | op=PUT_BLOCK {blockData=[blockId=conID: 2 locID: 102734076269167261 bcsId: 0,size=3145728]} | ret=SUCCESS |  
2019-09-04 11:46:48,508 [grpc-default-executor-0] INFO  client.GrpcClientProtocolClient (GrpcClientProtocolClient.java:onNext(255)) - client-D5CE890D7D9E->efcb8ff8-f060-4d95-9215-d0f5eb4af037: receive RaftClientReply:client-D5CE890D7D9E->efcb8ff8-f060-4d95-9215-d0f5eb4af037@group-0959F8DF43ED, cid=3255, SUCCESS, logIndex=4911, commits[efcb8ff8-f060-4d95-9215-d0f5eb4af037:c4912, 6fae8b02-e804-4c0e-b729-a97b7404b7f6:c4910, 4c3e8a66-6975-4917-8225-d3efe707aaff:c4910]
2019-09-04 11:46:48,509 [grpc-default-executor-0] INFO  client.GrpcClientProtocolClient (GrpcClientProtocolClient.java:onNext(255)) - client-D5CE890D7D9E->efcb8ff8-f060-4d95-9215-d0f5eb4af037: receive RaftClientReply:client-D5CE890D7D9E->efcb8ff8-f060-4d95-9215-d0f5eb4af037@group-0959F8DF43ED, cid=3256, SUCCESS, logIndex=4912, commits[efcb8ff8-f060-4d95-9215-d0f5eb4af037:c4912, 6fae8b02-e804-4c0e-b729-a97b7404b7f6:c4910, 4c3e8a66-6975-4917-8225-d3efe707aaff:c4910]
2019-09-04 11:46:48,516 | INFO  | DNAudit | user=null | ip=null | op=WRITE_CHUNK {blockData=conID: 2 locID: 102734076269167261 bcsId: 4912} | ret=SUCCESS |  
2019-09-04 11:46:48,519 | INFO  | DNAudit | user=null | ip=null | op=WRITE_CHUNK {blockData=conID: 2 locID: 102734076269167261 bcsId: 4912} | ret=SUCCESS |  
2019-09-04 11:46:48,519 | INFO  | DNAudit | user=null | ip=null | op=WRITE_CHUNK {blockData=conID: 2 locID: 102734076269167261 bcsId: 4912} | ret=SUCCESS |  
2019-09-04 11:46:48,540 | INFO  | DNAudit | user=null | ip=null | op=WRITE_CHUNK {blockData=conID: 2 locID: 102734076269167261 bcsId: 4908} | ret=SUCCESS |  
2019-09-04 11:46:48,540 | INFO  | DNAudit | user=null | ip=null | op=WRITE_CHUNK {blockData=conID: 2 locID: 102734076269167261 bcsId: 4908} | ret=SUCCESS |  
2019-09-04 11:46:48,541 | INFO  | DNAudit | user=null | ip=null | op=PUT_BLOCK {blockData=[blockId=conID: 2 locID: 102734076269167261 bcsId: 0,size=3145728]} | ret=SUCCESS |  
2019-09-04 11:46:48,541 | INFO  | DNAudit | user=null | ip=null | op=PUT_BLOCK {blockData=[blockId=conID: 2 locID: 102734076269167261 bcsId: 0,size=3145728]} | ret=SUCCESS |  
2019-09-04 11:46:48,542 | INFO  | DNAudit | user=null | ip=null | op=WRITE_CHUNK {blockData=conID: 2 locID: 102734076269167261 bcsId: 4912} | ret=SUCCESS |  
2019-09-04 11:46:48,542 | INFO  | DNAudit | user=null | ip=null | op=PUT_BLOCK {blockData=[blockId=conID: 2 locID: 102734076269167261 bcsId: 0,size=4194304]} | ret=SUCCESS |  
2019-09-04 11:46:48,542 [grpc-default-executor-0] INFO  client.GrpcClientProtocolClient (GrpcClientProtocolClient.java:onNext(255)) - client-D5CE890D7D9E->efcb8ff8-f060-4d95-9215-d0f5eb4af037: receive RaftClientReply:client-D5CE890D7D9E->efcb8ff8-f060-4d95-9215-d0f5eb4af037@group-0959F8DF43ED, cid=3257, SUCCESS, logIndex=4915, commits[efcb8ff8-f060-4d95-9215-d0f5eb4af037:c4916, 6fae8b02-e804-4c0e-b729-a97b7404b7f6:c4912, 4c3e8a66-6975-4917-8225-d3efe707aaff:c4912]
2019-09-04 11:46:48,543 [grpc-default-executor-0] INFO  client.GrpcClientProtocolClient (GrpcClientProtocolClient.java:onNext(255)) - client-D5CE890D7D9E->efcb8ff8-f060-4d95-9215-d0f5eb4af037: receive RaftClientReply:client-D5CE890D7D9E->efcb8ff8-f060-4d95-9215-d0f5eb4af037@group-0959F8DF43ED, cid=3258, SUCCESS, logIndex=4916, commits[efcb8ff8-f060-4d95-9215-d0f5eb4af037:c4916, 6fae8b02-e804-4c0e-b729-a97b7404b7f6:c4912, 4c3e8a66-6975-4917-8225-d3efe707aaff:c4912]
2019-09-04 11:46:48,559 | INFO  | DNAudit | user=null | ip=null | op=WRITE_CHUNK {blockData=conID: 2 locID: 102734076269167261 bcsId: 4912} | ret=SUCCESS |  
2019-09-04 11:46:48,559 | INFO  | DNAudit | user=null | ip=null | op=WRITE_CHUNK {blockData=conID: 2 locID: 102734076269167261 bcsId: 4912} | ret=SUCCESS |  
2019-09-04 11:46:48,561 | INFO  | DNAudit | user=null | ip=null | op=PUT_BLOCK {blockData=[blockId=conID: 2 locID: 102734076269167261 bcsId: 0,size=4194304]} | ret=SUCCESS |  
2019-09-04 11:46:48,561 | INFO  | DNAudit | user=null | ip=null | op=PUT_BLOCK {blockData=[blockId=conID: 2 locID: 102734076269167261 bcsId: 0,size=4194304]} | ret=SUCCESS |  
2019-09-04 11:46:48,564 [grpc-default-executor-0] INFO  client.GrpcClientProtocolClient (GrpcClientProtocolClient.java:onNext(255)) - client-D5CE890D7D9E->efcb8ff8-f060-4d95-9215-d0f5eb4af037: receive RaftClientReply:client-D5CE890D7D9E->efcb8ff8-f060-4d95-9215-d0f5eb4af037@group-0959F8DF43ED, cid=3259, SUCCESS, logIndex=0, commits[efcb8ff8-f060-4d95-9215-d0f5eb4af037:c4918, 6fae8b02-e804-4c0e-b729-a97b7404b7f6:c4916, 4c3e8a66-6975-4917-8225-d3efe707aaff:c4916]
2019-09-04 11:46:48,571 | INFO  | SCMAudit | user=jenkins1000 | ip=192.168.36.67 | op=ALLOCATE_BLOCK {owner=8ab292a2-aaa7-4ad8-863a-d33994811155, size=4194304, type=RATIS, factor=THREE} | ret=SUCCESS |  
2019-09-04 11:46:48,576 | INFO  | OMAudit | user=jenkins1000 | ip=127.0.0.1 | op=ALLOCATE_BLOCK {volume=vol-0-58699, bucket=bucket-0-57464, key=key-0-37266, dataSize=0, replicationType=null, replicationFactor=null, keyLocationInfo=null, clientID=102734073355960722} | ret=SUCCESS |  
2019-09-04 11:46:48,583 | INFO  | DNAudit | user=null | ip=null | op=WRITE_CHUNK {blockData=conID: 3 locID: 102734076875244190 bcsId: 0} | ret=SUCCESS |  
2019-09-04 11:46:48,585 | INFO  | DNAudit | user=null | ip=null | op=WRITE_CHUNK {blockData=conID: 3 locID: 102734076875244190 bcsId: 0} | ret=SUCCESS |  
2019-09-04 11:46:48,585 | INFO  | DNAudit | user=null | ip=null | op=WRITE_CHUNK {blockData=conID: 3 locID: 102734076875244190 bcsId: 0} | ret=SUCCESS |  
2019-09-04 11:46:48,586 | INFO  | DNAudit | user=null | ip=null | op=WRITE_CHUNK {blockData=conID: 3 locID: 102734076875244190 bcsId: 0} | ret=SUCCESS |  
2019-09-04 11:46:48,587 | INFO  | DNAudit | user=null | ip=null | op=WRITE_CHUNK {blockData=conID: 3 locID: 102734076875244190 bcsId: 0} | ret=SUCCESS |  
2019-09-04 11:46:48,588 | INFO  | DNAudit | user=null | ip=null | op=WRITE_CHUNK {blockData=conID: 3 locID: 102734076875244190 bcsId: 0} | ret=SUCCESS |  
2019-09-04 11:46:48,607 | INFO  | DNAudit | user=null | ip=null | op=WRITE_CHUNK {blockData=conID: 3 locID: 102734076875244190 bcsId: 0} | ret=SUCCESS |  
2019-09-04 11:46:48,608 | INFO  | DNAudit | user=null | ip=null | op=PUT_BLOCK {blockData=[blockId=conID: 3 locID: 102734076875244190 bcsId: 0,size=1048576]} | ret=SUCCESS |  
2019-09-04 11:46:48,608 | INFO  | DNAudit | user=null | ip=null | op=WRITE_CHUNK {blockData=conID: 3 locID: 102734076875244190 bcsId: 0} | ret=SUCCESS |  
2019-09-04 11:46:48,608 [grpc-default-executor-5] INFO  client.GrpcClientProtocolClient (GrpcClientProtocolClient.java:onNext(255)) - client-D5CE890D7D9E->efcb8ff8-f060-4d95-9215-d0f5eb4af037: receive RaftClientReply:client-D5CE890D7D9E->efcb8ff8-f060-4d95-9215-d0f5eb4af037@group-0959F8DF43ED, cid=3260, SUCCESS, logIndex=4919, commits[efcb8ff8-f060-4d95-9215-d0f5eb4af037:c4921, 6fae8b02-e804-4c0e-b729-a97b7404b7f6:c4918, 4c3e8a66-6975-4917-8225-d3efe707aaff:c4918]
2019-09-04 11:46:48,608 | INFO  | DNAudit | user=null | ip=null | op=PUT_BLOCK {blockData=[blockId=conID: 3 locID: 102734076875244190 bcsId: 0,size=2097152]} | ret=SUCCESS |  
2019-09-04 11:46:48,608 [grpc-default-executor-5] INFO  client.GrpcClientProtocolClient (GrpcClientProtocolClient.java:onNext(255)) - client-D5CE890D7D9E->efcb8ff8-f060-4d95-9215-d0f5eb4af037: receive RaftClientReply:client-D5CE890D7D9E->efcb8ff8-f060-4d95-9215-d0f5eb4af037@group-0959F8DF43ED, cid=3261, SUCCESS, logIndex=4920, commits[efcb8ff8-f060-4d95-9215-d0f5eb4af037:c4922, 6fae8b02-e804-4c0e-b729-a97b7404b7f6:c4918, 4c3e8a66-6975-4917-8225-d3efe707aaff:c4918]
2019-09-04 11:46:48,609 [grpc-default-executor-5] INFO  client.GrpcClientProtocolClient (GrpcClientProtocolClient.java:onNext(255)) - client-D5CE890D7D9E->efcb8ff8-f060-4d95-9215-d0f5eb4af037: receive RaftClientReply:client-D5CE890D7D9E->efcb8ff8-f060-4d95-9215-d0f5eb4af037@group-0959F8DF43ED, cid=3262, SUCCESS, logIndex=4921, commits[efcb8ff8-f060-4d95-9215-d0f5eb4af037:c4922, 6fae8b02-e804-4c0e-b729-a97b7404b7f6:c4918, 4c3e8a66-6975-4917-8225-d3efe707aaff:c4918]
2019-09-04 11:46:48,609 [grpc-default-executor-5] INFO  client.GrpcClientProtocolClient (GrpcClientProtocolClient.java:onNext(255)) - client-D5CE890D7D9E->efcb8ff8-f060-4d95-9215-d0f5eb4af037: receive RaftClientReply:client-D5CE890D7D9E->efcb8ff8-f060-4d95-9215-d0f5eb4af037@group-0959F8DF43ED, cid=3263, SUCCESS, logIndex=4922, commits[efcb8ff8-f060-4d95-9215-d0f5eb4af037:c4922, 6fae8b02-e804-4c0e-b729-a97b7404b7f6:c4918, 4c3e8a66-6975-4917-8225-d3efe707aaff:c4918]
2019-09-04 11:46:48,630 | INFO  | DNAudit | user=null | ip=null | op=WRITE_CHUNK {blockData=conID: 3 locID: 102734076875244190 bcsId: 0} | ret=SUCCESS |  
2019-09-04 11:46:48,630 | INFO  | DNAudit | user=null | ip=null | op=PUT_BLOCK {blockData=[blockId=conID: 3 locID: 102734076875244190 bcsId: 0,size=1048576]} | ret=SUCCESS |  
2019-09-04 11:46:48,630 | INFO  | DNAudit | user=null | ip=null | op=WRITE_CHUNK {blockData=conID: 3 locID: 102734076875244190 bcsId: 0} | ret=SUCCESS |  
2019-09-04 11:46:48,631 | INFO  | DNAudit | user=null | ip=null | op=PUT_BLOCK {blockData=[blockId=conID: 3 locID: 102734076875244190 bcsId: 0,size=1048576]} | ret=SUCCESS |  
2019-09-04 11:46:48,631 | INFO  | DNAudit | user=null | ip=null | op=WRITE_CHUNK {blockData=conID: 3 locID: 102734076875244190 bcsId: 0} | ret=SUCCESS |  
2019-09-04 11:46:48,631 [grpc-default-executor-5] INFO  client.GrpcClientProtocolClient (GrpcClientProtocolClient.java:onNext(255)) - client-D5CE890D7D9E->efcb8ff8-f060-4d95-9215-d0f5eb4af037: receive RaftClientReply:client-D5CE890D7D9E->efcb8ff8-f060-4d95-9215-d0f5eb4af037@group-0959F8DF43ED, cid=3264, SUCCESS, logIndex=0, commits[efcb8ff8-f060-4d95-9215-d0f5eb4af037:c4923, 6fae8b02-e804-4c0e-b729-a97b7404b7f6:c4920, 4c3e8a66-6975-4917-8225-d3efe707aaff:c4920]
2019-09-04 11:46:48,631 | INFO  | DNAudit | user=null | ip=null | op=PUT_BLOCK {blockData=[blockId=conID: 3 locID: 102734076875244190 bcsId: 0,size=2097152]} | ret=SUCCESS |  
2019-09-04 11:46:48,631 | INFO  | DNAudit | user=null | ip=null | op=WRITE_CHUNK {blockData=conID: 3 locID: 102734076875244190 bcsId: 0} | ret=SUCCESS |  
2019-09-04 11:46:48,631 | INFO  | DNAudit | user=null | ip=null | op=PUT_BLOCK {blockData=[blockId=conID: 3 locID: 102734076875244190 bcsId: 0,size=2097152]} | ret=SUCCESS |  
2019-09-04 11:46:48,638 | INFO  | DNAudit | user=null | ip=null | op=WRITE_CHUNK {blockData=conID: 3 locID: 102734076875244190 bcsId: 4922} | ret=SUCCESS |  
2019-09-04 11:46:48,639 | INFO  | DNAudit | user=null | ip=null | op=WRITE_CHUNK {blockData=conID: 3 locID: 102734076875244190 bcsId: 4922} | ret=SUCCESS |  
2019-09-04 11:46:48,640 | INFO  | DNAudit | user=null | ip=null | op=WRITE_CHUNK {blockData=conID: 3 locID: 102734076875244190 bcsId: 4922} | ret=SUCCESS |  
2019-09-04 11:46:48,659 | INFO  | DNAudit | user=null | ip=null | op=WRITE_CHUNK {blockData=conID: 3 locID: 102734076875244190 bcsId: 4922} | ret=SUCCESS |  
2019-09-04 11:46:48,660 | INFO  | DNAudit | user=null | ip=null | op=PUT_BLOCK {blockData=[blockId=conID: 3 locID: 102734076875244190 bcsId: 0,size=3145728]} | ret=SUCCESS |  
2019-09-04 11:46:48,660 [grpc-default-executor-1] INFO  client.GrpcClientProtocolClient (GrpcClientProtocolClient.java:onNext(255)) - client-D5CE890D7D9E->efcb8ff8-f060-4d95-9215-d0f5eb4af037: receive RaftClientReply:client-D5CE890D7D9E->efcb8ff8-f060-4d95-9215-d0f5eb4af037@group-0959F8DF43ED, cid=3265, SUCCESS, logIndex=4927, commits[efcb8ff8-f060-4d95-9215-d0f5eb4af037:c4928, 6fae8b02-e804-4c0e-b729-a97b7404b7f6:c4926, 4c3e8a66-6975-4917-8225-d3efe707aaff:c4926]
2019-09-04 11:46:48,660 [grpc-default-executor-1] INFO  client.GrpcClientProtocolClient (GrpcClientProtocolClient.java:onNext(255)) - client-D5CE890D7D9E->efcb8ff8-f060-4d95-9215-d0f5eb4af037: receive RaftClientReply:client-D5CE890D7D9E->efcb8ff8-f060-4d95-9215-d0f5eb4af037@group-0959F8DF43ED, cid=3266, SUCCESS, logIndex=4928, commits[efcb8ff8-f060-4d95-9215-d0f5eb4af037:c4928, 6fae8b02-e804-4c0e-b729-a97b7404b7f6:c4926, 4c3e8a66-6975-4917-8225-d3efe707aaff:c4926]
2019-09-04 11:46:48,667 | INFO  | DNAudit | user=null | ip=null | op=WRITE_CHUNK {blockData=conID: 3 locID: 102734076875244190 bcsId: 4928} | ret=SUCCESS |  
2019-09-04 11:46:48,669 | INFO  | DNAudit | user=null | ip=null | op=WRITE_CHUNK {blockData=conID: 3 locID: 102734076875244190 bcsId: 4928} | ret=SUCCESS |  
2019-09-04 11:46:48,669 | INFO  | DNAudit | user=null | ip=null | op=WRITE_CHUNK {blockData=conID: 3 locID: 102734076875244190 bcsId: 4928} | ret=SUCCESS |  
2019-09-04 11:46:48,680 | INFO  | DNAudit | user=null | ip=null | op=WRITE_CHUNK {blockData=conID: 3 locID: 102734076875244190 bcsId: 4922} | ret=SUCCESS |  
2019-09-04 11:46:48,680 | INFO  | DNAudit | user=null | ip=null | op=WRITE_CHUNK {blockData=conID: 3 locID: 102734076875244190 bcsId: 4922} | ret=SUCCESS |  
2019-09-04 11:46:48,680 | INFO  | DNAudit | user=null | ip=null | op=PUT_BLOCK {blockData=[blockId=conID: 3 locID: 102734076875244190 bcsId: 0,size=3145728]} | ret=SUCCESS |  
2019-09-04 11:46:48,681 | INFO  | DNAudit | user=null | ip=null | op=PUT_BLOCK {blockData=[blockId=conID: 3 locID: 102734076875244190 bcsId: 0,size=3145728]} | ret=SUCCESS |  
2019-09-04 11:46:48,682 | INFO  | DNAudit | user=null | ip=null | op=WRITE_CHUNK {blockData=conID: 3 locID: 102734076875244190 bcsId: 4928} | ret=SUCCESS |  
2019-09-04 11:46:48,682 | INFO  | DNAudit | user=null | ip=null | op=PUT_BLOCK {blockData=[blockId=conID: 3 locID: 102734076875244190 bcsId: 0,size=4194304]} | ret=SUCCESS |  
2019-09-04 11:46:48,682 [grpc-default-executor-5] INFO  client.GrpcClientProtocolClient (GrpcClientProtocolClient.java:onNext(255)) - client-D5CE890D7D9E->efcb8ff8-f060-4d95-9215-d0f5eb4af037: receive RaftClientReply:client-D5CE890D7D9E->efcb8ff8-f060-4d95-9215-d0f5eb4af037@group-0959F8DF43ED, cid=3267, SUCCESS, logIndex=4931, commits[efcb8ff8-f060-4d95-9215-d0f5eb4af037:c4932, 6fae8b02-e804-4c0e-b729-a97b7404b7f6:c4928, 4c3e8a66-6975-4917-8225-d3efe707aaff:c4928]
2019-09-04 11:46:48,682 [grpc-default-executor-5] INFO  client.GrpcClientProtocolClient (GrpcClientProtocolClient.java:onNext(255)) - client-D5CE890D7D9E->efcb8ff8-f060-4d95-9215-d0f5eb4af037: receive RaftClientReply:client-D5CE890D7D9E->efcb8ff8-f060-4d95-9215-d0f5eb4af037@group-0959F8DF43ED, cid=3268, SUCCESS, logIndex=4932, commits[efcb8ff8-f060-4d95-9215-d0f5eb4af037:c4932, 6fae8b02-e804-4c0e-b729-a97b7404b7f6:c4928, 4c3e8a66-6975-4917-8225-d3efe707aaff:c4928]
2019-09-04 11:46:48,704 | INFO  | DNAudit | user=null | ip=null | op=WRITE_CHUNK {blockData=conID: 3 locID: 102734076875244190 bcsId: 4928} | ret=SUCCESS |  
2019-09-04 11:46:48,705 | INFO  | DNAudit | user=null | ip=null | op=WRITE_CHUNK {blockData=conID: 3 locID: 102734076875244190 bcsId: 4928} | ret=SUCCESS |  
2019-09-04 11:46:48,705 | INFO  | DNAudit | user=null | ip=null | op=PUT_BLOCK {blockData=[blockId=conID: 3 locID: 102734076875244190 bcsId: 0,size=4194304]} | ret=SUCCESS |  
2019-09-04 11:46:48,705 [grpc-default-executor-5] INFO  client.GrpcClientProtocolClient (GrpcClientProtocolClient.java:onNext(255)) - client-D5CE890D7D9E->efcb8ff8-f060-4d95-9215-d0f5eb4af037: receive RaftClientReply:client-D5CE890D7D9E->efcb8ff8-f060-4d95-9215-d0f5eb4af037@group-0959F8DF43ED, cid=3269, SUCCESS, logIndex=0, commits[efcb8ff8-f060-4d95-9215-d0f5eb4af037:c4933, 6fae8b02-e804-4c0e-b729-a97b7404b7f6:c4932, 4c3e8a66-6975-4917-8225-d3efe707aaff:c4932]
2019-09-04 11:46:48,705 | INFO  | DNAudit | user=null | ip=null | op=PUT_BLOCK {blockData=[blockId=conID: 3 locID: 102734076875244190 bcsId: 0,size=4194304]} | ret=SUCCESS |  
2019-09-04 11:46:48,714 | INFO  | SCMAudit | user=jenkins1000 | ip=192.168.36.67 | op=ALLOCATE_BLOCK {owner=8ab292a2-aaa7-4ad8-863a-d33994811155, size=4194304, type=RATIS, factor=THREE} | ret=SUCCESS |  
2019-09-04 11:46:48,718 | INFO  | SCMAudit | user=jenkins1000 | ip=192.168.36.67 | op=SEND_HEARTBEAT {datanodeUUID=b68b188c-7f38-42ae-8403-46a39acd0731, command=[]} | ret=SUCCESS |  
2019-09-04 11:46:48,720 | INFO  | OMAudit | user=jenkins1000 | ip=127.0.0.1 | op=ALLOCATE_BLOCK {volume=vol-0-58699, bucket=bucket-0-57464, key=key-0-37266, dataSize=0, replicationType=null, replicationFactor=null, keyLocationInfo=null, clientID=102734073355960722} | ret=SUCCESS |  
2019-09-04 11:46:48,727 | INFO  | DNAudit | user=null | ip=null | op=WRITE_CHUNK {blockData=conID: 1 locID: 102734076884681375 bcsId: 0} | ret=SUCCESS |  
2019-09-04 11:46:48,730 | INFO  | DNAudit | user=null | ip=null | op=WRITE_CHUNK {blockData=conID: 1 locID: 102734076884681375 bcsId: 0} | ret=SUCCESS |  
2019-09-04 11:46:48,731 | INFO  | DNAudit | user=null | ip=null | op=WRITE_CHUNK {blockData=conID: 1 locID: 102734076884681375 bcsId: 0} | ret=SUCCESS |  
2019-09-04 11:46:48,731 | INFO  | DNAudit | user=null | ip=null | op=WRITE_CHUNK {blockData=conID: 1 locID: 102734076884681375 bcsId: 0} | ret=SUCCESS |  
2019-09-04 11:46:48,733 | INFO  | DNAudit | user=null | ip=null | op=WRITE_CHUNK {blockData=conID: 1 locID: 102734076884681375 bcsId: 0} | ret=SUCCESS |  
2019-09-04 11:46:48,733 | INFO  | DNAudit | user=null | ip=null | op=WRITE_CHUNK {blockData=conID: 1 locID: 102734076884681375 bcsId: 0} | ret=SUCCESS |  
2019-09-04 11:46:48,737 | INFO  | SCMAudit | user=jenkins1000 | ip=192.168.36.67 | op=SEND_HEARTBEAT {datanodeUUID=4c3e8a66-6975-4917-8225-d3efe707aaff, command=[]} | ret=SUCCESS |  
2019-09-04 11:46:48,738 | INFO  | SCMAudit | user=jenkins1000 | ip=192.168.36.67 | op=SEND_HEARTBEAT {datanodeUUID=6fae8b02-e804-4c0e-b729-a97b7404b7f6, command=[]} | ret=SUCCESS |  
2019-09-04 11:46:48,740 | INFO  | SCMAudit | user=jenkins1000 | ip=192.168.36.67 | op=SEND_HEARTBEAT {datanodeUUID=0b776101-1d39-4f23-96c0-6a8ead31197c, command=[]} | ret=SUCCESS |  
2019-09-04 11:46:48,746 | INFO  | SCMAudit | user=jenkins1000 | ip=192.168.36.67 | op=SEND_HEARTBEAT {datanodeUUID=efcb8ff8-f060-4d95-9215-d0f5eb4af037, command=[]} | ret=SUCCESS |  
2019-09-04 11:46:48,755 | INFO  | DNAudit | user=null | ip=null | op=WRITE_CHUNK {blockData=conID: 1 locID: 102734076884681375 bcsId: 0} | ret=SUCCESS |  
2019-09-04 11:46:48,756 | INFO  | DNAudit | user=null | ip=null | op=PUT_BLOCK {blockData=[blockId=conID: 1 locID: 102734076884681375 bcsId: 0,size=1048576]} | ret=SUCCESS |  
2019-09-04 11:46:48,756 [grpc-default-executor-4] INFO  client.GrpcClientProtocolClient (GrpcClientProtocolClient.java:onNext(255)) - client-D5CE890D7D9E->efcb8ff8-f060-4d95-9215-d0f5eb4af037: receive RaftClientReply:client-D5CE890D7D9E->efcb8ff8-f060-4d95-9215-d0f5eb4af037@group-0959F8DF43ED, cid=3270, SUCCESS, logIndex=4935, commits[efcb8ff8-f060-4d95-9215-d0f5eb4af037:c4938, 6fae8b02-e804-4c0e-b729-a97b7404b7f6:c4934, 4c3e8a66-6975-4917-8225-d3efe707aaff:c4934]
2019-09-04 11:46:48,756 | INFO  | DNAudit | user=null | ip=null | op=WRITE_CHUNK {blockData=conID: 1 locID: 102734076884681375 bcsId: 0} | ret=SUCCESS |  
2019-09-04 11:46:48,757 | INFO  | DNAudit | user=null | ip=null | op=PUT_BLOCK {blockData=[blockId=conID: 1 locID: 102734076884681375 bcsId: 0,size=2097152]} | ret=SUCCESS |  
2019-09-04 11:46:48,757 [grpc-default-executor-4] INFO  client.GrpcClientProtocolClient (GrpcClientProtocolClient.java:onNext(255)) - client-D5CE890D7D9E->efcb8ff8-f060-4d95-9215-d0f5eb4af037: receive RaftClientReply:client-D5CE890D7D9E->efcb8ff8-f060-4d95-9215-d0f5eb4af037@group-0959F8DF43ED, cid=3271, SUCCESS, logIndex=4936, commits[efcb8ff8-f060-4d95-9215-d0f5eb4af037:c4938, 6fae8b02-e804-4c0e-b729-a97b7404b7f6:c4934, 4c3e8a66-6975-4917-8225-d3efe707aaff:c4934]
2019-09-04 11:46:48,757 [grpc-default-executor-4] INFO  client.GrpcClientProtocolClient (GrpcClientProtocolClient.java:onNext(255)) - client-D5CE890D7D9E->efcb8ff8-f060-4d95-9215-d0f5eb4af037: receive RaftClientReply:client-D5CE890D7D9E->efcb8ff8-f060-4d95-9215-d0f5eb4af037@group-0959F8DF43ED, cid=3272, SUCCESS, logIndex=4937, commits[efcb8ff8-f060-4d95-9215-d0f5eb4af037:c4938, 6fae8b02-e804-4c0e-b729-a97b7404b7f6:c4934, 4c3e8a66-6975-4917-8225-d3efe707aaff:c4934]
2019-09-04 11:46:48,757 [grpc-default-executor-4] INFO  client.GrpcClientProtocolClient (GrpcClientProtocolClient.java:onNext(255)) - client-D5CE890D7D9E->efcb8ff8-f060-4d95-9215-d0f5eb4af037: receive RaftClientReply:client-D5CE890D7D9E->efcb8ff8-f060-4d95-9215-d0f5eb4af037@group-0959F8DF43ED, cid=3273, SUCCESS, logIndex=4938, commits[efcb8ff8-f060-4d95-9215-d0f5eb4af037:c4938, 6fae8b02-e804-4c0e-b729-a97b7404b7f6:c4934, 4c3e8a66-6975-4917-8225-d3efe707aaff:c4934]
2019-09-04 11:46:48,778 | INFO  | DNAudit | user=null | ip=null | op=WRITE_CHUNK {blockData=conID: 1 locID: 102734076884681375 bcsId: 0} | ret=SUCCESS |  
2019-09-04 11:46:48,778 | INFO  | DNAudit | user=null | ip=null | op=PUT_BLOCK {blockData=[blockId=conID: 1 locID: 102734076884681375 bcsId: 0,size=1048576]} | ret=SUCCESS |  
2019-09-04 11:46:48,807 | INFO  | DNAudit | user=null | ip=null | op=WRITE_CHUNK {blockData=conID: 1 locID: 102734076884681375 bcsId: 0} | ret=SUCCESS |  
2019-09-04 11:46:48,808 | INFO  | DNAudit | user=null | ip=null | op=PUT_BLOCK {blockData=[blockId=conID: 1 locID: 102734076884681375 bcsId: 0,size=1048576]} | ret=SUCCESS |  
2019-09-04 11:46:48,808 | INFO  | DNAudit | user=null | ip=null | op=WRITE_CHUNK {blockData=conID: 1 locID: 102734076884681375 bcsId: 0} | ret=SUCCESS |  
2019-09-04 11:46:48,808 | INFO  | DNAudit | user=null | ip=null | op=WRITE_CHUNK {blockData=conID: 1 locID: 102734076884681375 bcsId: 0} | ret=SUCCESS |  
2019-09-04 11:46:48,808 [grpc-default-executor-4] INFO  client.GrpcClientProtocolClient (GrpcClientProtocolClient.java:onNext(255)) - client-D5CE890D7D9E->efcb8ff8-f060-4d95-9215-d0f5eb4af037: receive RaftClientReply:client-D5CE890D7D9E->efcb8ff8-f060-4d95-9215-d0f5eb4af037@group-0959F8DF43ED, cid=3274, SUCCESS, logIndex=0, commits[efcb8ff8-f060-4d95-9215-d0f5eb4af037:c4939, 6fae8b02-e804-4c0e-b729-a97b7404b7f6:c4936, 4c3e8a66-6975-4917-8225-d3efe707aaff:c4936]
2019-09-04 11:46:48,808 | INFO  | DNAudit | user=null | ip=null | op=PUT_BLOCK {blockData=[blockId=conID: 1 locID: 102734076884681375 bcsId: 0,size=2097152]} | ret=SUCCESS |  
2019-09-04 11:46:48,808 | INFO  | DNAudit | user=null | ip=null | op=PUT_BLOCK {blockData=[blockId=conID: 1 locID: 102734076884681375 bcsId: 0,size=2097152]} | ret=SUCCESS |  
2019-09-04 11:46:48,816 | INFO  | DNAudit | user=null | ip=null | op=WRITE_CHUNK {blockData=conID: 1 locID: 102734076884681375 bcsId: 4938} | ret=SUCCESS |  
2019-09-04 11:46:48,818 | INFO  | DNAudit | user=null | ip=null | op=WRITE_CHUNK {blockData=conID: 1 locID: 102734076884681375 bcsId: 4938} | ret=SUCCESS |  
2019-09-04 11:46:48,819 | INFO  | DNAudit | user=null | ip=null | op=WRITE_CHUNK {blockData=conID: 1 locID: 102734076884681375 bcsId: 4938} | ret=SUCCESS |  
2019-09-04 11:46:48,827 | INFO  | DNAudit | user=null | ip=null | op=WRITE_CHUNK {blockData=conID: 1 locID: 102734076884681375 bcsId: 4938} | ret=SUCCESS |  
2019-09-04 11:46:48,828 | INFO  | DNAudit | user=null | ip=null | op=PUT_BLOCK {blockData=[blockId=conID: 1 locID: 102734076884681375 bcsId: 0,size=3145728]} | ret=SUCCESS |  
2019-09-04 11:46:48,828 [grpc-default-executor-1] INFO  client.GrpcClientProtocolClient (GrpcClientProtocolClient.java:onNext(255)) - client-D5CE890D7D9E->efcb8ff8-f060-4d95-9215-d0f5eb4af037: receive RaftClientReply:client-D5CE890D7D9E->efcb8ff8-f060-4d95-9215-d0f5eb4af037@group-0959F8DF43ED, cid=3275, SUCCESS, logIndex=4943, commits[efcb8ff8-f060-4d95-9215-d0f5eb4af037:c4944, 6fae8b02-e804-4c0e-b729-a97b7404b7f6:c4942, 4c3e8a66-6975-4917-8225-d3efe707aaff:c4942]
2019-09-04 11:46:48,828 [grpc-default-executor-1] INFO  client.GrpcClientProtocolClient (GrpcClientProtocolClient.java:onNext(255)) - client-D5CE890D7D9E->efcb8ff8-f060-4d95-9215-d0f5eb4af037: receive RaftClientReply:client-D5CE890D7D9E->efcb8ff8-f060-4d95-9215-d0f5eb4af037@group-0959F8DF43ED, cid=3276, SUCCESS, logIndex=4944, commits[efcb8ff8-f060-4d95-9215-d0f5eb4af037:c4944, 6fae8b02-e804-4c0e-b729-a97b7404b7f6:c4942, 4c3e8a66-6975-4917-8225-d3efe707aaff:c4942]
2019-09-04 11:46:48,836 | INFO  | DNAudit | user=null | ip=null | op=WRITE_CHUNK {blockData=conID: 1 locID: 102734076884681375 bcsId: 4944} | ret=SUCCESS |  
2019-09-04 11:46:48,837 | INFO  | DNAudit | user=null | ip=null | op=WRITE_CHUNK {blockData=conID: 1 locID: 102734076884681375 bcsId: 4944} | ret=SUCCESS |  
2019-09-04 11:46:48,838 | INFO  | DNAudit | user=null | ip=null | op=WRITE_CHUNK {blockData=conID: 1 locID: 102734076884681375 bcsId: 4944} | ret=SUCCESS |  
2019-09-04 11:46:48,846 | INFO  | DNAudit | user=null | ip=null | op=WRITE_CHUNK {blockData=conID: 1 locID: 102734076884681375 bcsId: 4938} | ret=SUCCESS |  
2019-09-04 11:46:48,846 | INFO  | DNAudit | user=null | ip=null | op=WRITE_CHUNK {blockData=conID: 1 locID: 102734076884681375 bcsId: 4938} | ret=SUCCESS |  
2019-09-04 11:46:48,847 | INFO  | DNAudit | user=null | ip=null | op=PUT_BLOCK {blockData=[blockId=conID: 1 locID: 102734076884681375 bcsId: 0,size=3145728]} | ret=SUCCESS |  
2019-09-04 11:46:48,847 | INFO  | DNAudit | user=null | ip=null | op=PUT_BLOCK {blockData=[blockId=conID: 1 locID: 102734076884681375 bcsId: 0,size=3145728]} | ret=SUCCESS |  
2019-09-04 11:46:48,849 | INFO  | DNAudit | user=null | ip=null | op=WRITE_CHUNK {blockData=conID: 1 locID: 102734076884681375 bcsId: 4944} | ret=SUCCESS |  
2019-09-04 11:46:48,849 | INFO  | DNAudit | user=null | ip=null | op=PUT_BLOCK {blockData=[blockId=conID: 1 locID: 102734076884681375 bcsId: 0,size=4194304]} | ret=SUCCESS |  
2019-09-04 11:46:48,849 [grpc-default-executor-6] INFO  client.GrpcClientProtocolClient (GrpcClientProtocolClient.java:onNext(255)) - client-D5CE890D7D9E->efcb8ff8-f060-4d95-9215-d0f5eb4af037: receive RaftClientReply:client-D5CE890D7D9E->efcb8ff8-f060-4d95-9215-d0f5eb4af037@group-0959F8DF43ED, cid=3277, SUCCESS, logIndex=4947, commits[efcb8ff8-f060-4d95-9215-d0f5eb4af037:c4948, 6fae8b02-e804-4c0e-b729-a97b7404b7f6:c4944, 4c3e8a66-6975-4917-8225-d3efe707aaff:c4944]
2019-09-04 11:46:48,850 [grpc-default-executor-6] INFO  client.GrpcClientProtocolClient (GrpcClientProtocolClient.java:onNext(255)) - client-D5CE890D7D9E->efcb8ff8-f060-4d95-9215-d0f5eb4af037: receive RaftClientReply:client-D5CE890D7D9E->efcb8ff8-f060-4d95-9215-d0f5eb4af037@group-0959F8DF43ED, cid=3278, SUCCESS, logIndex=4948, commits[efcb8ff8-f060-4d95-9215-d0f5eb4af037:c4948, 6fae8b02-e804-4c0e-b729-a97b7404b7f6:c4944, 4c3e8a66-6975-4917-8225-d3efe707aaff:c4944]
2019-09-04 11:46:48,872 | INFO  | DNAudit | user=null | ip=null | op=WRITE_CHUNK {blockData=conID: 1 locID: 102734076884681375 bcsId: 4944} | ret=SUCCESS |  
2019-09-04 11:46:48,872 | INFO  | DNAudit | user=null | ip=null | op=WRITE_CHUNK {blockData=conID: 1 locID: 102734076884681375 bcsId: 4944} | ret=SUCCESS |  
2019-09-04 11:46:48,874 | INFO  | DNAudit | user=null | ip=null | op=PUT_BLOCK {blockData=[blockId=conID: 1 locID: 102734076884681375 bcsId: 0,size=4194304]} | ret=SUCCESS |  
2019-09-04 11:46:48,874 | INFO  | DNAudit | user=null | ip=null | op=PUT_BLOCK {blockData=[blockId=conID: 1 locID: 102734076884681375 bcsId: 0,size=4194304]} | ret=SUCCESS |  
2019-09-04 11:46:48,874 [grpc-default-executor-6] INFO  client.GrpcClientProtocolClient (GrpcClientProtocolClient.java:onNext(255)) - client-D5CE890D7D9E->efcb8ff8-f060-4d95-9215-d0f5eb4af037: receive RaftClientReply:client-D5CE890D7D9E->efcb8ff8-f060-4d95-9215-d0f5eb4af037@group-0959F8DF43ED, cid=3279, SUCCESS, logIndex=0, commits[efcb8ff8-f060-4d95-9215-d0f5eb4af037:c4950, 6fae8b02-e804-4c0e-b729-a97b7404b7f6:c4948, 4c3e8a66-6975-4917-8225-d3efe707aaff:c4948]
2019-09-04 11:46:48,881 | INFO  | SCMAudit | user=jenkins1000 | ip=192.168.36.67 | op=ALLOCATE_BLOCK {owner=8ab292a2-aaa7-4ad8-863a-d33994811155, size=4194304, type=RATIS, factor=THREE} | ret=SUCCESS |  
2019-09-04 11:46:48,884 | INFO  | OMAudit | user=jenkins1000 | ip=127.0.0.1 | op=ALLOCATE_BLOCK {volume=vol-0-58699, bucket=bucket-0-57464, key=key-0-37266, dataSize=0, replicationType=null, replicationFactor=null, keyLocationInfo=null, clientID=102734073355960722} | ret=SUCCESS |  
2019-09-04 11:46:48,893 | INFO  | DNAudit | user=null | ip=null | op=WRITE_CHUNK {blockData=conID: 2 locID: 102734076895625888 bcsId: 0} | ret=SUCCESS |  
2019-09-04 11:46:48,896 | INFO  | DNAudit | user=null | ip=null | op=WRITE_CHUNK {blockData=conID: 2 locID: 102734076895625888 bcsId: 0} | ret=SUCCESS |  
2019-09-04 11:46:48,897 | INFO  | DNAudit | user=null | ip=null | op=WRITE_CHUNK {blockData=conID: 2 locID: 102734076895625888 bcsId: 0} | ret=SUCCESS |  
2019-09-04 11:46:48,897 | INFO  | DNAudit | user=null | ip=null | op=WRITE_CHUNK {blockData=conID: 2 locID: 102734076895625888 bcsId: 0} | ret=SUCCESS |  
2019-09-04 11:46:48,899 | INFO  | DNAudit | user=null | ip=null | op=WRITE_CHUNK {blockData=conID: 2 locID: 102734076895625888 bcsId: 0} | ret=SUCCESS |  
2019-09-04 11:46:48,899 | INFO  | DNAudit | user=null | ip=null | op=WRITE_CHUNK {blockData=conID: 2 locID: 102734076895625888 bcsId: 0} | ret=SUCCESS |  
2019-09-04 11:46:48,906 | INFO  | DNAudit | user=null | ip=null | op=WRITE_CHUNK {blockData=conID: 2 locID: 102734076895625888 bcsId: 0} | ret=SUCCESS |  
2019-09-04 11:46:48,907 | INFO  | DNAudit | user=null | ip=null | op=PUT_BLOCK {blockData=[blockId=conID: 2 locID: 102734076895625888 bcsId: 0,size=1048576]} | ret=SUCCESS |  
2019-09-04 11:46:48,907 [grpc-default-executor-1] INFO  client.GrpcClientProtocolClient (GrpcClientProtocolClient.java:onNext(255)) - client-D5CE890D7D9E->efcb8ff8-f060-4d95-9215-d0f5eb4af037: receive RaftClientReply:client-D5CE890D7D9E->efcb8ff8-f060-4d95-9215-d0f5eb4af037@group-0959F8DF43ED, cid=3280, SUCCESS, logIndex=4951, commits[efcb8ff8-f060-4d95-9215-d0f5eb4af037:c4952, 6fae8b02-e804-4c0e-b729-a97b7404b7f6:c4950, 4c3e8a66-6975-4917-8225-d3efe707aaff:c4950]
2019-09-04 11:46:48,908 | INFO  | DNAudit | user=null | ip=null | op=WRITE_CHUNK {blockData=conID: 2 locID: 102734076895625888 bcsId: 0} | ret=SUCCESS |  
2019-09-04 11:46:48,908 | INFO  | DNAudit | user=null | ip=null | op=PUT_BLOCK {blockData=[blockId=conID: 2 locID: 102734076895625888 bcsId: 0,size=2097152]} | ret=SUCCESS |  
2019-09-04 11:46:48,908 | INFO  | DNAudit | user=null | ip=null | op=WRITE_CHUNK {blockData=conID: 2 locID: 102734076895625888 bcsId: 0} | ret=SUCCESS |  
2019-09-04 11:46:48,908 [grpc-default-executor-1] INFO  client.GrpcClientProtocolClient (GrpcClientProtocolClient.java:onNext(255)) - client-D5CE890D7D9E->efcb8ff8-f060-4d95-9215-d0f5eb4af037: receive RaftClientReply:client-D5CE890D7D9E->efcb8ff8-f060-4d95-9215-d0f5eb4af037@group-0959F8DF43ED, cid=3281, SUCCESS, logIndex=4952, commits[efcb8ff8-f060-4d95-9215-d0f5eb4af037:c4954, 6fae8b02-e804-4c0e-b729-a97b7404b7f6:c4950, 4c3e8a66-6975-4917-8225-d3efe707aaff:c4950]
2019-09-04 11:46:48,908 | INFO  | DNAudit | user=null | ip=null | op=PUT_BLOCK {blockData=[blockId=conID: 2 locID: 102734076895625888 bcsId: 0,size=1048576]} | ret=SUCCESS |  
2019-09-04 11:46:48,909 | INFO  | DNAudit | user=null | ip=null | op=WRITE_CHUNK {blockData=conID: 2 locID: 102734076895625888 bcsId: 0} | ret=SUCCESS |  
2019-09-04 11:46:48,909 [grpc-default-executor-1] INFO  client.GrpcClientProtocolClient (GrpcClientProtocolClient.java:onNext(255)) - client-D5CE890D7D9E->efcb8ff8-f060-4d95-9215-d0f5eb4af037: receive RaftClientReply:client-D5CE890D7D9E->efcb8ff8-f060-4d95-9215-d0f5eb4af037@group-0959F8DF43ED, cid=3282, SUCCESS, logIndex=4953, commits[efcb8ff8-f060-4d95-9215-d0f5eb4af037:c4954, 6fae8b02-e804-4c0e-b729-a97b7404b7f6:c4950, 4c3e8a66-6975-4917-8225-d3efe707aaff:c4950]
2019-09-04 11:46:48,909 | INFO  | DNAudit | user=null | ip=null | op=PUT_BLOCK {blockData=[blockId=conID: 2 locID: 102734076895625888 bcsId: 0,size=1048576]} | ret=SUCCESS |  
2019-09-04 11:46:48,909 [grpc-default-executor-1] INFO  client.GrpcClientProtocolClient (GrpcClientProtocolClient.java:onNext(255)) - client-D5CE890D7D9E->efcb8ff8-f060-4d95-9215-d0f5eb4af037: receive RaftClientReply:client-D5CE890D7D9E->efcb8ff8-f060-4d95-9215-d0f5eb4af037@group-0959F8DF43ED, cid=3283, SUCCESS, logIndex=4954, commits[efcb8ff8-f060-4d95-9215-d0f5eb4af037:c4955, 6fae8b02-e804-4c0e-b729-a97b7404b7f6:c4952, 4c3e8a66-6975-4917-8225-d3efe707aaff:c4950]
2019-09-04 11:46:48,909 | INFO  | DNAudit | user=null | ip=null | op=WRITE_CHUNK {blockData=conID: 2 locID: 102734076895625888 bcsId: 0} | ret=SUCCESS |  
2019-09-04 11:46:48,909 | INFO  | DNAudit | user=null | ip=null | op=PUT_BLOCK {blockData=[blockId=conID: 2 locID: 102734076895625888 bcsId: 0,size=2097152]} | ret=SUCCESS |  
2019-09-04 11:46:48,910 | INFO  | DNAudit | user=null | ip=null | op=WRITE_CHUNK {blockData=conID: 2 locID: 102734076895625888 bcsId: 0} | ret=SUCCESS |  
2019-09-04 11:46:48,910 | INFO  | DNAudit | user=null | ip=null | op=PUT_BLOCK {blockData=[blockId=conID: 2 locID: 102734076895625888 bcsId: 0,size=2097152]} | ret=SUCCESS |  
2019-09-04 11:46:48,910 [grpc-default-executor-1] INFO  client.GrpcClientProtocolClient (GrpcClientProtocolClient.java:onNext(255)) - client-D5CE890D7D9E->efcb8ff8-f060-4d95-9215-d0f5eb4af037: receive RaftClientReply:client-D5CE890D7D9E->efcb8ff8-f060-4d95-9215-d0f5eb4af037@group-0959F8DF43ED, cid=3284, SUCCESS, logIndex=0, commits[efcb8ff8-f060-4d95-9215-d0f5eb4af037:c4958, 6fae8b02-e804-4c0e-b729-a97b7404b7f6:c4953, 4c3e8a66-6975-4917-8225-d3efe707aaff:c4954]
2019-09-04 11:46:48,918 | INFO  | DNAudit | user=null | ip=null | op=WRITE_CHUNK {blockData=conID: 2 locID: 102734076895625888 bcsId: 4954} | ret=SUCCESS |  
2019-09-04 11:46:48,920 | INFO  | DNAudit | user=null | ip=null | op=WRITE_CHUNK {blockData=conID: 2 locID: 102734076895625888 bcsId: 4954} | ret=SUCCESS |  
2019-09-04 11:46:48,920 | INFO  | DNAudit | user=null | ip=null | op=WRITE_CHUNK {blockData=conID: 2 locID: 102734076895625888 bcsId: 4954} | ret=SUCCESS |  
2019-09-04 11:46:48,932 | INFO  | DNAudit | user=null | ip=null | op=WRITE_CHUNK {blockData=conID: 2 locID: 102734076895625888 bcsId: 4954} | ret=SUCCESS |  
2019-09-04 11:46:48,932 | INFO  | DNAudit | user=null | ip=null | op=PUT_BLOCK {blockData=[blockId=conID: 2 locID: 102734076895625888 bcsId: 0,size=3145728]} | ret=SUCCESS |  
2019-09-04 11:46:48,932 [grpc-default-executor-6] INFO  client.GrpcClientProtocolClient (GrpcClientProtocolClient.java:onNext(255)) - client-D5CE890D7D9E->efcb8ff8-f060-4d95-9215-d0f5eb4af037: receive RaftClientReply:client-D5CE890D7D9E->efcb8ff8-f060-4d95-9215-d0f5eb4af037@group-0959F8DF43ED, cid=3285, SUCCESS, logIndex=4959, commits[efcb8ff8-f060-4d95-9215-d0f5eb4af037:c4960, 6fae8b02-e804-4c0e-b729-a97b7404b7f6:c4958, 4c3e8a66-6975-4917-8225-d3efe707aaff:c4958]
2019-09-04 11:46:48,933 [grpc-default-executor-6] INFO  client.GrpcClientProtocolClient (GrpcClientProtocolClient.java:onNext(255)) - client-D5CE890D7D9E->efcb8ff8-f060-4d95-9215-d0f5eb4af037: receive RaftClientReply:client-D5CE890D7D9E->efcb8ff8-f060-4d95-9215-d0f5eb4af037@group-0959F8DF43ED, cid=3286, SUCCESS, logIndex=4960, commits[efcb8ff8-f060-4d95-9215-d0f5eb4af037:c4960, 6fae8b02-e804-4c0e-b729-a97b7404b7f6:c4958, 4c3e8a66-6975-4917-8225-d3efe707aaff:c4958]
2019-09-04 11:46:48,940 | INFO  | DNAudit | user=null | ip=null | op=WRITE_CHUNK {blockData=conID: 2 locID: 102734076895625888 bcsId: 4960} | ret=SUCCESS |  
2019-09-04 11:46:48,942 | INFO  | DNAudit | user=null | ip=null | op=WRITE_CHUNK {blockData=conID: 2 locID: 102734076895625888 bcsId: 4960} | ret=SUCCESS |  
2019-09-04 11:46:48,943 | INFO  | DNAudit | user=null | ip=null | op=WRITE_CHUNK {blockData=conID: 2 locID: 102734076895625888 bcsId: 4960} | ret=SUCCESS |  
2019-09-04 11:46:48,952 | INFO  | DNAudit | user=null | ip=null | op=WRITE_CHUNK {blockData=conID: 2 locID: 102734076895625888 bcsId: 4954} | ret=SUCCESS |  
2019-09-04 11:46:48,952 | INFO  | DNAudit | user=null | ip=null | op=WRITE_CHUNK {blockData=conID: 2 locID: 102734076895625888 bcsId: 4954} | ret=SUCCESS |  
2019-09-04 11:46:48,952 | INFO  | DNAudit | user=null | ip=null | op=PUT_BLOCK {blockData=[blockId=conID: 2 locID: 102734076895625888 bcsId: 0,size=3145728]} | ret=SUCCESS |  
2019-09-04 11:46:48,952 | INFO  | DNAudit | user=null | ip=null | op=PUT_BLOCK {blockData=[blockId=conID: 2 locID: 102734076895625888 bcsId: 0,size=3145728]} | ret=SUCCESS |  
2019-09-04 11:46:48,954 | INFO  | DNAudit | user=null | ip=null | op=WRITE_CHUNK {blockData=conID: 2 locID: 102734076895625888 bcsId: 4960} | ret=SUCCESS |  
2019-09-04 11:46:48,954 | INFO  | DNAudit | user=null | ip=null | op=PUT_BLOCK {blockData=[blockId=conID: 2 locID: 102734076895625888 bcsId: 0,size=4194304]} | ret=SUCCESS |  
2019-09-04 11:46:48,954 [grpc-default-executor-4] INFO  client.GrpcClientProtocolClient (GrpcClientProtocolClient.java:onNext(255)) - client-D5CE890D7D9E->efcb8ff8-f060-4d95-9215-d0f5eb4af037: receive RaftClientReply:client-D5CE890D7D9E->efcb8ff8-f060-4d95-9215-d0f5eb4af037@group-0959F8DF43ED, cid=3287, SUCCESS, logIndex=4963, commits[efcb8ff8-f060-4d95-9215-d0f5eb4af037:c4964, 6fae8b02-e804-4c0e-b729-a97b7404b7f6:c4960, 4c3e8a66-6975-4917-8225-d3efe707aaff:c4960]
2019-09-04 11:46:48,955 [grpc-default-executor-4] INFO  client.GrpcClientProtocolClient (GrpcClientProtocolClient.java:onNext(255)) - client-D5CE890D7D9E->efcb8ff8-f060-4d95-9215-d0f5eb4af037: receive RaftClientReply:client-D5CE890D7D9E->efcb8ff8-f060-4d95-9215-d0f5eb4af037@group-0959F8DF43ED, cid=3288, SUCCESS, logIndex=4964, commits[efcb8ff8-f060-4d95-9215-d0f5eb4af037:c4964, 6fae8b02-e804-4c0e-b729-a97b7404b7f6:c4960, 4c3e8a66-6975-4917-8225-d3efe707aaff:c4960]
2019-09-04 11:46:48,977 | INFO  | DNAudit | user=null | ip=null | op=WRITE_CHUNK {blockData=conID: 2 locID: 102734076895625888 bcsId: 4960} | ret=SUCCESS |  
2019-09-04 11:46:48,977 | INFO  | DNAudit | user=null | ip=null | op=WRITE_CHUNK {blockData=conID: 2 locID: 102734076895625888 bcsId: 4960} | ret=SUCCESS |  
2019-09-04 11:46:48,978 | INFO  | DNAudit | user=null | ip=null | op=PUT_BLOCK {blockData=[blockId=conID: 2 locID: 102734076895625888 bcsId: 0,size=4194304]} | ret=SUCCESS |  
2019-09-04 11:46:48,978 | INFO  | DNAudit | user=null | ip=null | op=PUT_BLOCK {blockData=[blockId=conID: 2 locID: 102734076895625888 bcsId: 0,size=4194304]} | ret=SUCCESS |  
2019-09-04 11:46:48,978 [grpc-default-executor-4] INFO  client.GrpcClientProtocolClient (GrpcClientProtocolClient.java:onNext(255)) - client-D5CE890D7D9E->efcb8ff8-f060-4d95-9215-d0f5eb4af037: receive RaftClientReply:client-D5CE890D7D9E->efcb8ff8-f060-4d95-9215-d0f5eb4af037@group-0959F8DF43ED, cid=3289, SUCCESS, logIndex=0, commits[efcb8ff8-f060-4d95-9215-d0f5eb4af037:c4966, 6fae8b02-e804-4c0e-b729-a97b7404b7f6:c4964, 4c3e8a66-6975-4917-8225-d3efe707aaff:c4964]
2019-09-04 11:46:48,990 | INFO  | SCMAudit | user=jenkins1000 | ip=192.168.36.67 | op=ALLOCATE_BLOCK {owner=8ab292a2-aaa7-4ad8-863a-d33994811155, size=4194304, type=RATIS, factor=THREE} | ret=SUCCESS |  
2019-09-04 11:46:48,993 | INFO  | OMAudit | user=jenkins1000 | ip=127.0.0.1 | op=ALLOCATE_BLOCK {volume=vol-0-58699, bucket=bucket-0-57464, key=key-0-37266, dataSize=0, replicationType=null, replicationFactor=null, keyLocationInfo=null, clientID=102734073355960722} | ret=SUCCESS |  
2019-09-04 11:46:49,001 | INFO  | DNAudit | user=null | ip=null | op=WRITE_CHUNK {blockData=conID: 3 locID: 102734076902769313 bcsId: 0} | ret=SUCCESS |  
2019-09-04 11:46:49,004 | INFO  | DNAudit | user=null | ip=null | op=WRITE_CHUNK {blockData=conID: 3 locID: 102734076902769313 bcsId: 0} | ret=SUCCESS |  
2019-09-04 11:46:49,005 | INFO  | DNAudit | user=null | ip=null | op=WRITE_CHUNK {blockData=conID: 3 locID: 102734076902769313 bcsId: 0} | ret=SUCCESS |  
2019-09-04 11:46:49,005 | INFO  | DNAudit | user=null | ip=null | op=WRITE_CHUNK {blockData=conID: 3 locID: 102734076902769313 bcsId: 0} | ret=SUCCESS |  
2019-09-04 11:46:49,007 | INFO  | DNAudit | user=null | ip=null | op=WRITE_CHUNK {blockData=conID: 3 locID: 102734076902769313 bcsId: 0} | ret=SUCCESS |  
2019-09-04 11:46:49,007 | INFO  | DNAudit | user=null | ip=null | op=WRITE_CHUNK {blockData=conID: 3 locID: 102734076902769313 bcsId: 0} | ret=SUCCESS |  
2019-09-04 11:46:49,028 | INFO  | DNAudit | user=null | ip=null | op=WRITE_CHUNK {blockData=conID: 3 locID: 102734076902769313 bcsId: 0} | ret=SUCCESS |  
2019-09-04 11:46:49,028 | INFO  | DNAudit | user=null | ip=null | op=PUT_BLOCK {blockData=[blockId=conID: 3 locID: 102734076902769313 bcsId: 0,size=1048576]} | ret=SUCCESS |  
2019-09-04 11:46:49,029 | INFO  | DNAudit | user=null | ip=null | op=WRITE_CHUNK {blockData=conID: 3 locID: 102734076902769313 bcsId: 0} | ret=SUCCESS |  
2019-09-04 11:46:49,029 [grpc-default-executor-1] INFO  client.GrpcClientProtocolClient (GrpcClientProtocolClient.java:onNext(255)) - client-D5CE890D7D9E->efcb8ff8-f060-4d95-9215-d0f5eb4af037: receive RaftClientReply:client-D5CE890D7D9E->efcb8ff8-f060-4d95-9215-d0f5eb4af037@group-0959F8DF43ED, cid=3290, SUCCESS, logIndex=4967, commits[efcb8ff8-f060-4d95-9215-d0f5eb4af037:c4970, 6fae8b02-e804-4c0e-b729-a97b7404b7f6:c4966, 4c3e8a66-6975-4917-8225-d3efe707aaff:c4964]
2019-09-04 11:46:49,029 | INFO  | DNAudit | user=null | ip=null | op=PUT_BLOCK {blockData=[blockId=conID: 3 locID: 102734076902769313 bcsId: 0,size=2097152]} | ret=SUCCESS |  
2019-09-04 11:46:49,029 [grpc-default-executor-1] INFO  client.GrpcClientProtocolClient (GrpcClientProtocolClient.java:onNext(255)) - client-D5CE890D7D9E->efcb8ff8-f060-4d95-9215-d0f5eb4af037: receive RaftClientReply:client-D5CE890D7D9E->efcb8ff8-f060-4d95-9215-d0f5eb4af037@group-0959F8DF43ED, cid=3291, SUCCESS, logIndex=4968, commits[efcb8ff8-f060-4d95-9215-d0f5eb4af037:c4970, 6fae8b02-e804-4c0e-b729-a97b7404b7f6:c4966, 4c3e8a66-6975-4917-8225-d3efe707aaff:c4966]
2019-09-04 11:46:49,029 [grpc-default-executor-1] INFO  client.GrpcClientProtocolClient (GrpcClientProtocolClient.java:onNext(255)) - client-D5CE890D7D9E->efcb8ff8-f060-4d95-9215-d0f5eb4af037: receive RaftClientReply:client-D5CE890D7D9E->efcb8ff8-f060-4d95-9215-d0f5eb4af037@group-0959F8DF43ED, cid=3292, SUCCESS, logIndex=4969, commits[efcb8ff8-f060-4d95-9215-d0f5eb4af037:c4970, 6fae8b02-e804-4c0e-b729-a97b7404b7f6:c4966, 4c3e8a66-6975-4917-8225-d3efe707aaff:c4966]
2019-09-04 11:46:49,030 [grpc-default-executor-1] INFO  client.GrpcClientProtocolClient (GrpcClientProtocolClient.java:onNext(255)) - client-D5CE890D7D9E->efcb8ff8-f060-4d95-9215-d0f5eb4af037: receive RaftClientReply:client-D5CE890D7D9E->efcb8ff8-f060-4d95-9215-d0f5eb4af037@group-0959F8DF43ED, cid=3293, SUCCESS, logIndex=4970, commits[efcb8ff8-f060-4d95-9215-d0f5eb4af037:c4970, 6fae8b02-e804-4c0e-b729-a97b7404b7f6:c4966, 4c3e8a66-6975-4917-8225-d3efe707aaff:c4966]
2019-09-04 11:46:49,043 | INFO  | DNAudit | user=null | ip=null | op=WRITE_CHUNK {blockData=conID: 3 locID: 102734076902769313 bcsId: 0} | ret=SUCCESS |  
2019-09-04 11:46:49,043 | INFO  | DNAudit | user=null | ip=null | op=WRITE_CHUNK {blockData=conID: 3 locID: 102734076902769313 bcsId: 0} | ret=SUCCESS |  
2019-09-04 11:46:49,043 | INFO  | DNAudit | user=null | ip=null | op=PUT_BLOCK {blockData=[blockId=conID: 3 locID: 102734076902769313 bcsId: 0,size=1048576]} | ret=SUCCESS |  
2019-09-04 11:46:49,043 | INFO  | DNAudit | user=null | ip=null | op=PUT_BLOCK {blockData=[blockId=conID: 3 locID: 102734076902769313 bcsId: 0,size=1048576]} | ret=SUCCESS |  
2019-09-04 11:46:49,043 | INFO  | DNAudit | user=null | ip=null | op=WRITE_CHUNK {blockData=conID: 3 locID: 102734076902769313 bcsId: 0} | ret=SUCCESS |  
2019-09-04 11:46:49,043 [grpc-default-executor-1] INFO  client.GrpcClientProtocolClient (GrpcClientProtocolClient.java:onNext(255)) - client-D5CE890D7D9E->efcb8ff8-f060-4d95-9215-d0f5eb4af037: receive RaftClientReply:client-D5CE890D7D9E->efcb8ff8-f060-4d95-9215-d0f5eb4af037@group-0959F8DF43ED, cid=3294, SUCCESS, logIndex=0, commits[efcb8ff8-f060-4d95-9215-d0f5eb4af037:c4971, 6fae8b02-e804-4c0e-b729-a97b7404b7f6:c4968, 4c3e8a66-6975-4917-8225-d3efe707aaff:c4968]
2019-09-04 11:46:49,044 | INFO  | DNAudit | user=null | ip=null | op=PUT_BLOCK {blockData=[blockId=conID: 3 locID: 102734076902769313 bcsId: 0,size=2097152]} | ret=SUCCESS |  
2019-09-04 11:46:49,044 | INFO  | DNAudit | user=null | ip=null | op=WRITE_CHUNK {blockData=conID: 3 locID: 102734076902769313 bcsId: 0} | ret=SUCCESS |  
2019-09-04 11:46:49,044 | INFO  | DNAudit | user=null | ip=null | op=PUT_BLOCK {blockData=[blockId=conID: 3 locID: 102734076902769313 bcsId: 0,size=2097152]} | ret=SUCCESS |  
2019-09-04 11:46:49,051 | INFO  | DNAudit | user=null | ip=null | op=WRITE_CHUNK {blockData=conID: 3 locID: 102734076902769313 bcsId: 4970} | ret=SUCCESS |  
2019-09-04 11:46:49,053 | INFO  | DNAudit | user=null | ip=null | op=WRITE_CHUNK {blockData=conID: 3 locID: 102734076902769313 bcsId: 4970} | ret=SUCCESS |  
2019-09-04 11:46:49,054 | INFO  | DNAudit | user=null | ip=null | op=WRITE_CHUNK {blockData=conID: 3 locID: 102734076902769313 bcsId: 4970} | ret=SUCCESS |  
 0.00% |█                                                                                                    |  0/1 Time: 0:00:542019-09-04 11:46:49,066 | INFO  | DNAudit | user=null | ip=null | op=WRITE_CHUNK {blockData=conID: 3 locID: 102734076902769313 bcsId: 4970} | ret=SUCCESS |  
2019-09-04 11:46:49,066 | INFO  | DNAudit | user=null | ip=null | op=PUT_BLOCK {blockData=[blockId=conID: 3 locID: 102734076902769313 bcsId: 0,size=3145728]} | ret=SUCCESS |  
2019-09-04 11:46:49,066 [grpc-default-executor-5] INFO  client.GrpcClientProtocolClient (GrpcClientProtocolClient.java:onNext(255)) - client-D5CE890D7D9E->efcb8ff8-f060-4d95-9215-d0f5eb4af037: receive RaftClientReply:client-D5CE890D7D9E->efcb8ff8-f060-4d95-9215-d0f5eb4af037@group-0959F8DF43ED, cid=3295, SUCCESS, logIndex=4975, commits[efcb8ff8-f060-4d95-9215-d0f5eb4af037:c4976, 6fae8b02-e804-4c0e-b729-a97b7404b7f6:c4974, 4c3e8a66-6975-4917-8225-d3efe707aaff:c4974]
2019-09-04 11:46:49,067 [grpc-default-executor-5] INFO  client.GrpcClientProtocolClient (GrpcClientProtocolClient.java:onNext(255)) - client-D5CE890D7D9E->efcb8ff8-f060-4d95-9215-d0f5eb4af037: receive RaftClientReply:client-D5CE890D7D9E->efcb8ff8-f060-4d95-9215-d0f5eb4af037@group-0959F8DF43ED, cid=3296, SUCCESS, logIndex=4976, commits[efcb8ff8-f060-4d95-9215-d0f5eb4af037:c4976, 6fae8b02-e804-4c0e-b729-a97b7404b7f6:c4974, 4c3e8a66-6975-4917-8225-d3efe707aaff:c4974]
2019-09-04 11:46:49,074 | INFO  | DNAudit | user=null | ip=null | op=WRITE_CHUNK {blockData=conID: 3 locID: 102734076902769313 bcsId: 4976} | ret=SUCCESS |  
2019-09-04 11:46:49,076 | INFO  | DNAudit | user=null | ip=null | op=WRITE_CHUNK {blockData=conID: 3 locID: 102734076902769313 bcsId: 4976} | ret=SUCCESS |  
2019-09-04 11:46:49,077 | INFO  | DNAudit | user=null | ip=null | op=WRITE_CHUNK {blockData=conID: 3 locID: 102734076902769313 bcsId: 4976} | ret=SUCCESS |  
2019-09-04 11:46:49,086 | INFO  | DNAudit | user=null | ip=null | op=WRITE_CHUNK {blockData=conID: 3 locID: 102734076902769313 bcsId: 4970} | ret=SUCCESS |  
2019-09-04 11:46:49,086 | INFO  | DNAudit | user=null | ip=null | op=WRITE_CHUNK {blockData=conID: 3 locID: 102734076902769313 bcsId: 4970} | ret=SUCCESS |  
2019-09-04 11:46:49,087 | INFO  | DNAudit | user=null | ip=null | op=PUT_BLOCK {blockData=[blockId=conID: 3 locID: 102734076902769313 bcsId: 0,size=3145728]} | ret=SUCCESS |  
2019-09-04 11:46:49,087 | INFO  | DNAudit | user=null | ip=null | op=PUT_BLOCK {blockData=[blockId=conID: 3 locID: 102734076902769313 bcsId: 0,size=3145728]} | ret=SUCCESS |  
2019-09-04 11:46:49,087 | INFO  | DNAudit | user=null | ip=null | op=WRITE_CHUNK {blockData=conID: 3 locID: 102734076902769313 bcsId: 4976} | ret=SUCCESS |  
2019-09-04 11:46:49,088 | INFO  | DNAudit | user=null | ip=null | op=PUT_BLOCK {blockData=[blockId=conID: 3 locID: 102734076902769313 bcsId: 0,size=4194304]} | ret=SUCCESS |  
2019-09-04 11:46:49,088 [grpc-default-executor-6] INFO  client.GrpcClientProtocolClient (GrpcClientProtocolClient.java:onNext(255)) - client-D5CE890D7D9E->efcb8ff8-f060-4d95-9215-d0f5eb4af037: receive RaftClientReply:client-D5CE890D7D9E->efcb8ff8-f060-4d95-9215-d0f5eb4af037@group-0959F8DF43ED, cid=3297, SUCCESS, logIndex=4979, commits[efcb8ff8-f060-4d95-9215-d0f5eb4af037:c4979, 6fae8b02-e804-4c0e-b729-a97b7404b7f6:c4976, 4c3e8a66-6975-4917-8225-d3efe707aaff:c4976]
2019-09-04 11:46:49,088 [grpc-default-executor-6] INFO  client.GrpcClientProtocolClient (GrpcClientProtocolClient.java:onNext(255)) - client-D5CE890D7D9E->efcb8ff8-f060-4d95-9215-d0f5eb4af037: receive RaftClientReply:client-D5CE890D7D9E->efcb8ff8-f060-4d95-9215-d0f5eb4af037@group-0959F8DF43ED, cid=3298, SUCCESS, logIndex=4980, commits[efcb8ff8-f060-4d95-9215-d0f5eb4af037:c4980, 6fae8b02-e804-4c0e-b729-a97b7404b7f6:c4976, 4c3e8a66-6975-4917-8225-d3efe707aaff:c4976]
2019-09-04 11:46:49,109 | INFO  | DNAudit | user=null | ip=null | op=WRITE_CHUNK {blockData=conID: 3 locID: 102734076902769313 bcsId: 4976} | ret=SUCCESS |  
2019-09-04 11:46:49,109 | INFO  | DNAudit | user=null | ip=null | op=WRITE_CHUNK {blockData=conID: 3 locID: 102734076902769313 bcsId: 4976} | ret=SUCCESS |  
2019-09-04 11:46:49,110 | INFO  | DNAudit | user=null | ip=null | op=PUT_BLOCK {blockData=[blockId=conID: 3 locID: 102734076902769313 bcsId: 0,size=4194304]} | ret=SUCCESS |  
2019-09-04 11:46:49,111 | INFO  | DNAudit | user=null | ip=null | op=PUT_BLOCK {blockData=[blockId=conID: 3 locID: 102734076902769313 bcsId: 0,size=4194304]} | ret=SUCCESS |  
2019-09-04 11:46:49,111 [grpc-default-executor-6] INFO  client.GrpcClientProtocolClient (GrpcClientProtocolClient.java:onNext(255)) - client-D5CE890D7D9E->efcb8ff8-f060-4d95-9215-d0f5eb4af037: receive RaftClientReply:client-D5CE890D7D9E->efcb8ff8-f060-4d95-9215-d0f5eb4af037@group-0959F8DF43ED, cid=3299, SUCCESS, logIndex=0, commits[efcb8ff8-f060-4d95-9215-d0f5eb4af037:c4982, 6fae8b02-e804-4c0e-b729-a97b7404b7f6:c4980, 4c3e8a66-6975-4917-8225-d3efe707aaff:c4980]
2019-09-04 11:46:49,117 | INFO  | SCMAudit | user=jenkins1000 | ip=192.168.36.67 | op=ALLOCATE_BLOCK {owner=8ab292a2-aaa7-4ad8-863a-d33994811155, size=4194304, type=RATIS, factor=THREE} | ret=SUCCESS |  
2019-09-04 11:46:49,123 | INFO  | OMAudit | user=jenkins1000 | ip=127.0.0.1 | op=ALLOCATE_BLOCK {volume=vol-0-58699, bucket=bucket-0-57464, key=key-0-37266, dataSize=0, replicationType=null, replicationFactor=null, keyLocationInfo=null, clientID=102734073355960722} | ret=SUCCESS |  
2019-09-04 11:46:49,130 | INFO  | DNAudit | user=null | ip=null | op=WRITE_CHUNK {blockData=conID: 1 locID: 102734076911092386 bcsId: 0} | ret=SUCCESS |  
2019-09-04 11:46:49,133 | INFO  | DNAudit | user=null | ip=null | op=WRITE_CHUNK {blockData=conID: 1 locID: 102734076911092386 bcsId: 0} | ret=SUCCESS |  
2019-09-04 11:46:49,134 | INFO  | DNAudit | user=null | ip=null | op=WRITE_CHUNK {blockData=conID: 1 locID: 102734076911092386 bcsId: 0} | ret=SUCCESS |  
2019-09-04 11:46:49,134 | INFO  | DNAudit | user=null | ip=null | op=WRITE_CHUNK {blockData=conID: 1 locID: 102734076911092386 bcsId: 0} | ret=SUCCESS |  
2019-09-04 11:46:49,136 | INFO  | DNAudit | user=null | ip=null | op=WRITE_CHUNK {blockData=conID: 1 locID: 102734076911092386 bcsId: 0} | ret=SUCCESS |  
2019-09-04 11:46:49,136 | INFO  | DNAudit | user=null | ip=null | op=WRITE_CHUNK {blockData=conID: 1 locID: 102734076911092386 bcsId: 0} | ret=SUCCESS |  
2019-09-04 11:46:49,147 | INFO  | DNAudit | user=null | ip=null | op=WRITE_CHUNK {blockData=conID: 1 locID: 102734076911092386 bcsId: 0} | ret=SUCCESS |  
2019-09-04 11:46:49,147 | INFO  | DNAudit | user=null | ip=null | op=PUT_BLOCK {blockData=[blockId=conID: 1 locID: 102734076911092386 bcsId: 0,size=1048576]} | ret=SUCCESS |  
2019-09-04 11:46:49,147 [grpc-default-executor-5] INFO  client.GrpcClientProtocolClient (GrpcClientProtocolClient.java:onNext(255)) - client-D5CE890D7D9E->efcb8ff8-f060-4d95-9215-d0f5eb4af037: receive RaftClientReply:client-D5CE890D7D9E->efcb8ff8-f060-4d95-9215-d0f5eb4af037@group-0959F8DF43ED, cid=3300, SUCCESS, logIndex=4983, commits[efcb8ff8-f060-4d95-9215-d0f5eb4af037:c4984, 6fae8b02-e804-4c0e-b729-a97b7404b7f6:c4982, 4c3e8a66-6975-4917-8225-d3efe707aaff:c4982]
2019-09-04 11:46:49,150 [grpc-default-executor-5] INFO  client.GrpcClientProtocolClient (GrpcClientProtocolClient.java:onNext(255)) - client-D5CE890D7D9E->efcb8ff8-f060-4d95-9215-d0f5eb4af037: receive RaftClientReply:client-D5CE890D7D9E->efcb8ff8-f060-4d95-9215-d0f5eb4af037@group-0959F8DF43ED, cid=3301, SUCCESS, logIndex=4984, commits[efcb8ff8-f060-4d95-9215-d0f5eb4af037:c4984, 6fae8b02-e804-4c0e-b729-a97b7404b7f6:c4982, 4c3e8a66-6975-4917-8225-d3efe707aaff:c4982]
2019-09-04 11:46:49,167 | INFO  | DNAudit | user=null | ip=null | op=WRITE_CHUNK {blockData=conID: 1 locID: 102734076911092386 bcsId: 0} | ret=SUCCESS |  
2019-09-04 11:46:49,167 | INFO  | DNAudit | user=null | ip=null | op=PUT_BLOCK {blockData=[blockId=conID: 1 locID: 102734076911092386 bcsId: 0,size=2097152]} | ret=SUCCESS |  
2019-09-04 11:46:49,167 [grpc-default-executor-6] INFO  client.GrpcClientProtocolClient (GrpcClientProtocolClient.java:onNext(255)) - client-D5CE890D7D9E->efcb8ff8-f060-4d95-9215-d0f5eb4af037: receive RaftClientReply:client-D5CE890D7D9E->efcb8ff8-f060-4d95-9215-d0f5eb4af037@group-0959F8DF43ED, cid=3302, SUCCESS, logIndex=4985, commits[efcb8ff8-f060-4d95-9215-d0f5eb4af037:c4986, 6fae8b02-e804-4c0e-b729-a97b7404b7f6:c4982, 4c3e8a66-6975-4917-8225-d3efe707aaff:c4982]
2019-09-04 11:46:49,168 | INFO  | DNAudit | user=null | ip=null | op=WRITE_CHUNK {blockData=conID: 1 locID: 102734076911092386 bcsId: 0} | ret=SUCCESS |  
2019-09-04 11:46:49,168 [grpc-default-executor-6] INFO  client.GrpcClientProtocolClient (GrpcClientProtocolClient.java:onNext(255)) - client-D5CE890D7D9E->efcb8ff8-f060-4d95-9215-d0f5eb4af037: receive RaftClientReply:client-D5CE890D7D9E->efcb8ff8-f060-4d95-9215-d0f5eb4af037@group-0959F8DF43ED, cid=3303, SUCCESS, logIndex=4986, commits[efcb8ff8-f060-4d95-9215-d0f5eb4af037:c4986, 6fae8b02-e804-4c0e-b729-a97b7404b7f6:c4982, 4c3e8a66-6975-4917-8225-d3efe707aaff:c4982]
2019-09-04 11:46:49,168 | INFO  | DNAudit | user=null | ip=null | op=PUT_BLOCK {blockData=[blockId=conID: 1 locID: 102734076911092386 bcsId: 0,size=1048576]} | ret=SUCCESS |  
2019-09-04 11:46:49,169 | INFO  | DNAudit | user=null | ip=null | op=WRITE_CHUNK {blockData=conID: 1 locID: 102734076911092386 bcsId: 0} | ret=SUCCESS |  
2019-09-04 11:46:49,170 | INFO  | DNAudit | user=null | ip=null | op=PUT_BLOCK {blockData=[blockId=conID: 1 locID: 102734076911092386 bcsId: 0,size=1048576]} | ret=SUCCESS |  
2019-09-04 11:46:49,173 | INFO  | DNAudit | user=null | ip=null | op=WRITE_CHUNK {blockData=conID: 1 locID: 102734076911092386 bcsId: 0} | ret=SUCCESS |  
2019-09-04 11:46:49,173 | INFO  | DNAudit | user=null | ip=null | op=PUT_BLOCK {blockData=[blockId=conID: 1 locID: 102734076911092386 bcsId: 0,size=2097152]} | ret=SUCCESS |  
2019-09-04 11:46:49,173 | INFO  | DNAudit | user=null | ip=null | op=WRITE_CHUNK {blockData=conID: 1 locID: 102734076911092386 bcsId: 0} | ret=SUCCESS |  
2019-09-04 11:46:49,174 | INFO  | DNAudit | user=null | ip=null | op=PUT_BLOCK {blockData=[blockId=conID: 1 locID: 102734076911092386 bcsId: 0,size=2097152]} | ret=SUCCESS |  
2019-09-04 11:46:49,174 [grpc-default-executor-5] INFO  client.GrpcClientProtocolClient (GrpcClientProtocolClient.java:onNext(255)) - client-D5CE890D7D9E->efcb8ff8-f060-4d95-9215-d0f5eb4af037: receive RaftClientReply:client-D5CE890D7D9E->efcb8ff8-f060-4d95-9215-d0f5eb4af037@group-0959F8DF43ED, cid=3304, SUCCESS, logIndex=0, commits[efcb8ff8-f060-4d95-9215-d0f5eb4af037:c4987, 6fae8b02-e804-4c0e-b729-a97b7404b7f6:c4984, 4c3e8a66-6975-4917-8225-d3efe707aaff:c4984]
2019-09-04 11:46:49,181 | INFO  | DNAudit | user=null | ip=null | op=WRITE_CHUNK {blockData=conID: 1 locID: 102734076911092386 bcsId: 4986} | ret=SUCCESS |  
2019-09-04 11:46:49,183 | INFO  | DNAudit | user=null | ip=null | op=WRITE_CHUNK {blockData=conID: 1 locID: 102734076911092386 bcsId: 4986} | ret=SUCCESS |  
2019-09-04 11:46:49,183 | INFO  | DNAudit | user=null | ip=null | op=WRITE_CHUNK {blockData=conID: 1 locID: 102734076911092386 bcsId: 4986} | ret=SUCCESS |  
2019-09-04 11:46:49,201 | INFO  | DNAudit | user=null | ip=null | op=WRITE_CHUNK {blockData=conID: 1 locID: 102734076911092386 bcsId: 4986} | ret=SUCCESS |  
2019-09-04 11:46:49,201 | INFO  | DNAudit | user=null | ip=null | op=PUT_BLOCK {blockData=[blockId=conID: 1 locID: 102734076911092386 bcsId: 0,size=3145728]} | ret=SUCCESS |  
2019-09-04 11:46:49,201 [grpc-default-executor-6] INFO  client.GrpcClientProtocolClient (GrpcClientProtocolClient.java:onNext(255)) - client-D5CE890D7D9E->efcb8ff8-f060-4d95-9215-d0f5eb4af037: receive RaftClientReply:client-D5CE890D7D9E->efcb8ff8-f060-4d95-9215-d0f5eb4af037@group-0959F8DF43ED, cid=3305, SUCCESS, logIndex=4989, commits[efcb8ff8-f060-4d95-9215-d0f5eb4af037:c4990, 6fae8b02-e804-4c0e-b729-a97b7404b7f6:c4988, 4c3e8a66-6975-4917-8225-d3efe707aaff:c4988]
2019-09-04 11:46:49,201 [grpc-default-executor-6] INFO  client.GrpcClientProtocolClient (GrpcClientProtocolClient.java:onNext(255)) - client-D5CE890D7D9E->efcb8ff8-f060-4d95-9215-d0f5eb4af037: receive RaftClientReply:client-D5CE890D7D9E->efcb8ff8-f060-4d95-9215-d0f5eb4af037@group-0959F8DF43ED, cid=3306, SUCCESS, logIndex=4990, commits[efcb8ff8-f060-4d95-9215-d0f5eb4af037:c4990, 6fae8b02-e804-4c0e-b729-a97b7404b7f6:c4988, 4c3e8a66-6975-4917-8225-d3efe707aaff:c4988]
2019-09-04 11:46:49,208 | INFO  | DNAudit | user=null | ip=null | op=WRITE_CHUNK {blockData=conID: 1 locID: 102734076911092386 bcsId: 4990} | ret=SUCCESS |  
2019-09-04 11:46:49,211 | INFO  | DNAudit | user=null | ip=null | op=WRITE_CHUNK {blockData=conID: 1 locID: 102734076911092386 bcsId: 4990} | ret=SUCCESS |  
2019-09-04 11:46:49,211 | INFO  | DNAudit | user=null | ip=null | op=WRITE_CHUNK {blockData=conID: 1 locID: 102734076911092386 bcsId: 4990} | ret=SUCCESS |  
2019-09-04 11:46:49,220 | INFO  | DNAudit | user=null | ip=null | op=WRITE_CHUNK {blockData=conID: 1 locID: 102734076911092386 bcsId: 4986} | ret=SUCCESS |  
2019-09-04 11:46:49,220 | INFO  | DNAudit | user=null | ip=null | op=WRITE_CHUNK {blockData=conID: 1 locID: 102734076911092386 bcsId: 4986} | ret=SUCCESS |  
2019-09-04 11:46:49,220 | INFO  | DNAudit | user=null | ip=null | op=PUT_BLOCK {blockData=[blockId=conID: 1 locID: 102734076911092386 bcsId: 0,size=3145728]} | ret=SUCCESS |  
2019-09-04 11:46:49,220 | INFO  | DNAudit | user=null | ip=null | op=PUT_BLOCK {blockData=[blockId=conID: 1 locID: 102734076911092386 bcsId: 0,size=3145728]} | ret=SUCCESS |  
2019-09-04 11:46:49,222 | INFO  | DNAudit | user=null | ip=null | op=WRITE_CHUNK {blockData=conID: 1 locID: 102734076911092386 bcsId: 4990} | ret=SUCCESS |  
2019-09-04 11:46:49,222 | INFO  | DNAudit | user=null | ip=null | op=PUT_BLOCK {blockData=[blockId=conID: 1 locID: 102734076911092386 bcsId: 0,size=4194304]} | ret=SUCCESS |  
2019-09-04 11:46:49,223 [grpc-default-executor-5] INFO  client.GrpcClientProtocolClient (GrpcClientProtocolClient.java:onNext(255)) - client-D5CE890D7D9E->efcb8ff8-f060-4d95-9215-d0f5eb4af037: receive RaftClientReply:client-D5CE890D7D9E->efcb8ff8-f060-4d95-9215-d0f5eb4af037@group-0959F8DF43ED, cid=3307, SUCCESS, logIndex=4993, commits[efcb8ff8-f060-4d95-9215-d0f5eb4af037:c4994, 6fae8b02-e804-4c0e-b729-a97b7404b7f6:c4990, 4c3e8a66-6975-4917-8225-d3efe707aaff:c4990]
2019-09-04 11:46:49,223 [grpc-default-executor-5] INFO  client.GrpcClientProtocolClient (GrpcClientProtocolClient.java:onNext(255)) - client-D5CE890D7D9E->efcb8ff8-f060-4d95-9215-d0f5eb4af037: receive RaftClientReply:client-D5CE890D7D9E->efcb8ff8-f060-4d95-9215-d0f5eb4af037@group-0959F8DF43ED, cid=3308, SUCCESS, logIndex=4994, commits[efcb8ff8-f060-4d95-9215-d0f5eb4af037:c4994, 6fae8b02-e804-4c0e-b729-a97b7404b7f6:c4990, 4c3e8a66-6975-4917-8225-d3efe707aaff:c4990]
2019-09-04 11:46:49,240 | INFO  | DNAudit | user=null | ip=null | op=WRITE_CHUNK {blockData=conID: 1 locID: 102734076911092386 bcsId: 4990} | ret=SUCCESS |  
2019-09-04 11:46:49,240 | INFO  | DNAudit | user=null | ip=null | op=WRITE_CHUNK {blockData=conID: 1 locID: 102734076911092386 bcsId: 4990} | ret=SUCCESS |  
2019-09-04 11:46:49,240 | INFO  | DNAudit | user=null | ip=null | op=PUT_BLOCK {blockData=[blockId=conID: 1 locID: 102734076911092386 bcsId: 0,size=4194304]} | ret=SUCCESS |  
2019-09-04 11:46:49,241 | INFO  | DNAudit | user=null | ip=null | op=PUT_BLOCK {blockData=[blockId=conID: 1 locID: 102734076911092386 bcsId: 0,size=4194304]} | ret=SUCCESS |  
2019-09-04 11:46:49,401 [grpc-default-executor-5] INFO  client.GrpcClientProtocolClient (GrpcClientProtocolClient.java:onNext(255)) - client-D5CE890D7D9E->efcb8ff8-f060-4d95-9215-d0f5eb4af037: receive RaftClientReply:client-D5CE890D7D9E->efcb8ff8-f060-4d95-9215-d0f5eb4af037@group-0959F8DF43ED, cid=3309, SUCCESS, logIndex=0, commits[efcb8ff8-f060-4d95-9215-d0f5eb4af037:c4995, 6fae8b02-e804-4c0e-b729-a97b7404b7f6:c4994, 4c3e8a66-6975-4917-8225-d3efe707aaff:c4994]
2019-09-04 11:46:49,409 | INFO  | SCMAudit | user=jenkins1000 | ip=192.168.36.67 | op=ALLOCATE_BLOCK {owner=8ab292a2-aaa7-4ad8-863a-d33994811155, size=4194304, type=RATIS, factor=THREE} | ret=SUCCESS |  
2019-09-04 11:46:49,414 | INFO  | OMAudit | user=jenkins1000 | ip=127.0.0.1 | op=ALLOCATE_BLOCK {volume=vol-0-58699, bucket=bucket-0-57464, key=key-0-37266, dataSize=0, replicationType=null, replicationFactor=null, keyLocationInfo=null, clientID=102734073355960722} | ret=SUCCESS |  
2019-09-04 11:46:49,430 | INFO  | DNAudit | user=null | ip=null | op=WRITE_CHUNK {blockData=conID: 2 locID: 102734076930228899 bcsId: 0} | ret=SUCCESS |  
2019-09-04 11:46:49,431 | INFO  | DNAudit | user=null | ip=null | op=WRITE_CHUNK {blockData=conID: 2 locID: 102734076930228899 bcsId: 0} | ret=SUCCESS |  
2019-09-04 11:46:49,433 | INFO  | DNAudit | user=null | ip=null | op=WRITE_CHUNK {blockData=conID: 2 locID: 102734076930228899 bcsId: 0} | ret=SUCCESS |  
2019-09-04 11:46:49,434 | INFO  | DNAudit | user=null | ip=null | op=WRITE_CHUNK {blockData=conID: 2 locID: 102734076930228899 bcsId: 0} | ret=SUCCESS |  
2019-09-04 11:46:49,436 | INFO  | DNAudit | user=null | ip=null | op=WRITE_CHUNK {blockData=conID: 2 locID: 102734076930228899 bcsId: 0} | ret=SUCCESS |  
2019-09-04 11:46:49,437 | INFO  | DNAudit | user=null | ip=null | op=WRITE_CHUNK {blockData=conID: 2 locID: 102734076930228899 bcsId: 0} | ret=SUCCESS |  
2019-09-04 11:46:49,446 | INFO  | DNAudit | user=null | ip=null | op=WRITE_CHUNK {blockData=conID: 2 locID: 102734076930228899 bcsId: 0} | ret=SUCCESS |  
2019-09-04 11:46:49,446 | INFO  | DNAudit | user=null | ip=null | op=PUT_BLOCK {blockData=[blockId=conID: 2 locID: 102734076930228899 bcsId: 0,size=1048576]} | ret=SUCCESS |  
2019-09-04 11:46:49,447 [grpc-default-executor-1] INFO  client.GrpcClientProtocolClient (GrpcClientProtocolClient.java:onNext(255)) - client-D5CE890D7D9E->efcb8ff8-f060-4d95-9215-d0f5eb4af037: receive RaftClientReply:client-D5CE890D7D9E->efcb8ff8-f060-4d95-9215-d0f5eb4af037@group-0959F8DF43ED, cid=3310, SUCCESS, logIndex=4997, commits[efcb8ff8-f060-4d95-9215-d0f5eb4af037:c4998, 6fae8b02-e804-4c0e-b729-a97b7404b7f6:c4996, 4c3e8a66-6975-4917-8225-d3efe707aaff:c4996]
2019-09-04 11:46:49,447 [grpc-default-executor-1] INFO  client.GrpcClientProtocolClient (GrpcClientProtocolClient.java:onNext(255)) - client-D5CE890D7D9E->efcb8ff8-f060-4d95-9215-d0f5eb4af037: receive RaftClientReply:client-D5CE890D7D9E->efcb8ff8-f060-4d95-9215-d0f5eb4af037@group-0959F8DF43ED, cid=3311, SUCCESS, logIndex=4998, commits[efcb8ff8-f060-4d95-9215-d0f5eb4af037:c4998, 6fae8b02-e804-4c0e-b729-a97b7404b7f6:c4996, 4c3e8a66-6975-4917-8225-d3efe707aaff:c4996]
2019-09-04 11:46:49,485 | INFO  | DNAudit | user=null | ip=null | op=WRITE_CHUNK {blockData=conID: 2 locID: 102734076930228899 bcsId: 0} | ret=SUCCESS |  
2019-09-04 11:46:49,485 | INFO  | DNAudit | user=null | ip=null | op=WRITE_CHUNK {blockData=conID: 2 locID: 102734076930228899 bcsId: 0} | ret=SUCCESS |  
2019-09-04 11:46:49,485 | INFO  | DNAudit | user=null | ip=null | op=WRITE_CHUNK {blockData=conID: 2 locID: 102734076930228899 bcsId: 0} | ret=SUCCESS |  
2019-09-04 11:46:49,485 | INFO  | DNAudit | user=null | ip=null | op=PUT_BLOCK {blockData=[blockId=conID: 2 locID: 102734076930228899 bcsId: 0,size=1048576]} | ret=SUCCESS |  
2019-09-04 11:46:49,485 | INFO  | DNAudit | user=null | ip=null | op=PUT_BLOCK {blockData=[blockId=conID: 2 locID: 102734076930228899 bcsId: 0,size=1048576]} | ret=SUCCESS |  
2019-09-04 11:46:49,485 | INFO  | DNAudit | user=null | ip=null | op=PUT_BLOCK {blockData=[blockId=conID: 2 locID: 102734076930228899 bcsId: 0,size=2097152]} | ret=SUCCESS |  
2019-09-04 11:46:49,485 | INFO  | DNAudit | user=null | ip=null | op=WRITE_CHUNK {blockData=conID: 2 locID: 102734076930228899 bcsId: 0} | ret=SUCCESS |  
2019-09-04 11:46:49,485 | INFO  | DNAudit | user=null | ip=null | op=WRITE_CHUNK {blockData=conID: 2 locID: 102734076930228899 bcsId: 0} | ret=SUCCESS |  
2019-09-04 11:46:49,485 | INFO  | DNAudit | user=null | ip=null | op=PUT_BLOCK {blockData=[blockId=conID: 2 locID: 102734076930228899 bcsId: 0,size=2097152]} | ret=SUCCESS |  
2019-09-04 11:46:49,486 | INFO  | DNAudit | user=null | ip=null | op=PUT_BLOCK {blockData=[blockId=conID: 2 locID: 102734076930228899 bcsId: 0,size=2097152]} | ret=SUCCESS |  
2019-09-04 11:46:49,486 [grpc-default-executor-1] INFO  client.GrpcClientProtocolClient (GrpcClientProtocolClient.java:onNext(255)) - client-D5CE890D7D9E->efcb8ff8-f060-4d95-9215-d0f5eb4af037: receive RaftClientReply:client-D5CE890D7D9E->efcb8ff8-f060-4d95-9215-d0f5eb4af037@group-0959F8DF43ED, cid=3312, SUCCESS, logIndex=4999, commits[efcb8ff8-f060-4d95-9215-d0f5eb4af037:c5004, 6fae8b02-e804-4c0e-b729-a97b7404b7f6:c5000, 4c3e8a66-6975-4917-8225-d3efe707aaff:c5000]
2019-09-04 11:46:49,486 [grpc-default-executor-1] INFO  client.GrpcClientProtocolClient (GrpcClientProtocolClient.java:onNext(255)) - client-D5CE890D7D9E->efcb8ff8-f060-4d95-9215-d0f5eb4af037: receive RaftClientReply:client-D5CE890D7D9E->efcb8ff8-f060-4d95-9215-d0f5eb4af037@group-0959F8DF43ED, cid=3313, SUCCESS, logIndex=5000, commits[efcb8ff8-f060-4d95-9215-d0f5eb4af037:c5004, 6fae8b02-e804-4c0e-b729-a97b7404b7f6:c5000, 4c3e8a66-6975-4917-8225-d3efe707aaff:c5000]
2019-09-04 11:46:49,495 | INFO  | DNAudit | user=null | ip=null | op=WRITE_CHUNK {blockData=conID: 2 locID: 102734076930228899 bcsId: 5000} | ret=SUCCESS |  
2019-09-04 11:46:49,497 | INFO  | DNAudit | user=null | ip=null | op=WRITE_CHUNK {blockData=conID: 2 locID: 102734076930228899 bcsId: 5000} | ret=SUCCESS |  
2019-09-04 11:46:49,498 | INFO  | DNAudit | user=null | ip=null | op=WRITE_CHUNK {blockData=conID: 2 locID: 102734076930228899 bcsId: 5000} | ret=SUCCESS |  
2019-09-04 11:46:49,500 | INFO  | DNAudit | user=null | ip=null | op=WRITE_CHUNK {blockData=conID: 2 locID: 102734076930228899 bcsId: 5000} | ret=SUCCESS |  
2019-09-04 11:46:49,503 | INFO  | DNAudit | user=null | ip=null | op=WRITE_CHUNK {blockData=conID: 2 locID: 102734076930228899 bcsId: 5000} | ret=SUCCESS |  
2019-09-04 11:46:49,503 | INFO  | DNAudit | user=null | ip=null | op=WRITE_CHUNK {blockData=conID: 2 locID: 102734076930228899 bcsId: 5000} | ret=SUCCESS |  
2019-09-04 11:46:49,527 | INFO  | DNAudit | user=null | ip=null | op=WRITE_CHUNK {blockData=conID: 2 locID: 102734076930228899 bcsId: 5000} | ret=SUCCESS |  
2019-09-04 11:46:49,527 | INFO  | DNAudit | user=null | ip=null | op=PUT_BLOCK {blockData=[blockId=conID: 2 locID: 102734076930228899 bcsId: 0,size=3145728]} | ret=SUCCESS |  
2019-09-04 11:46:49,528 [grpc-default-executor-6] INFO  client.GrpcClientProtocolClient (GrpcClientProtocolClient.java:onNext(255)) - client-D5CE890D7D9E->efcb8ff8-f060-4d95-9215-d0f5eb4af037: receive RaftClientReply:client-D5CE890D7D9E->efcb8ff8-f060-4d95-9215-d0f5eb4af037@group-0959F8DF43ED, cid=3314, SUCCESS, logIndex=5005, commits[efcb8ff8-f060-4d95-9215-d0f5eb4af037:c5006, 6fae8b02-e804-4c0e-b729-a97b7404b7f6:c5004, 4c3e8a66-6975-4917-8225-d3efe707aaff:c5004]
2019-09-04 11:46:49,528 [grpc-default-executor-6] INFO  client.GrpcClientProtocolClient (GrpcClientProtocolClient.java:onNext(255)) - client-D5CE890D7D9E->efcb8ff8-f060-4d95-9215-d0f5eb4af037: receive RaftClientReply:client-D5CE890D7D9E->efcb8ff8-f060-4d95-9215-d0f5eb4af037@group-0959F8DF43ED, cid=3315, SUCCESS, logIndex=5006, commits[efcb8ff8-f060-4d95-9215-d0f5eb4af037:c5006, 6fae8b02-e804-4c0e-b729-a97b7404b7f6:c5004, 4c3e8a66-6975-4917-8225-d3efe707aaff:c5004]
2019-09-04 11:46:49,536 | INFO  | DNAudit | user=null | ip=null | op=WRITE_CHUNK {blockData=conID: 2 locID: 102734076930228899 bcsId: 5000} | ret=SUCCESS |  
2019-09-04 11:46:49,537 | INFO  | DNAudit | user=null | ip=null | op=WRITE_CHUNK {blockData=conID: 2 locID: 102734076930228899 bcsId: 5000} | ret=SUCCESS |  
2019-09-04 11:46:49,537 | INFO  | DNAudit | user=null | ip=null | op=PUT_BLOCK {blockData=[blockId=conID: 2 locID: 102734076930228899 bcsId: 0,size=4194304]} | ret=SUCCESS |  
2019-09-04 11:46:49,537 | INFO  | DNAudit | user=null | ip=null | op=PUT_BLOCK {blockData=[blockId=conID: 2 locID: 102734076930228899 bcsId: 0,size=3145728]} | ret=SUCCESS |  
2019-09-04 11:46:49,537 | INFO  | DNAudit | user=null | ip=null | op=WRITE_CHUNK {blockData=conID: 2 locID: 102734076930228899 bcsId: 5000} | ret=SUCCESS |  
2019-09-04 11:46:49,537 | INFO  | DNAudit | user=null | ip=null | op=PUT_BLOCK {blockData=[blockId=conID: 2 locID: 102734076930228899 bcsId: 0,size=3145728]} | ret=SUCCESS |  
2019-09-04 11:46:49,537 [grpc-default-executor-4] INFO  client.GrpcClientProtocolClient (GrpcClientProtocolClient.java:onNext(255)) - client-D5CE890D7D9E->efcb8ff8-f060-4d95-9215-d0f5eb4af037: receive RaftClientReply:client-D5CE890D7D9E->efcb8ff8-f060-4d95-9215-d0f5eb4af037@group-0959F8DF43ED, cid=3316, SUCCESS, logIndex=5007, commits[efcb8ff8-f060-4d95-9215-d0f5eb4af037:c5008, 6fae8b02-e804-4c0e-b729-a97b7404b7f6:c5004, 4c3e8a66-6975-4917-8225-d3efe707aaff:c5004]
2019-09-04 11:46:49,538 | INFO  | DNAudit | user=null | ip=null | op=WRITE_CHUNK {blockData=conID: 2 locID: 102734076930228899 bcsId: 5000} | ret=SUCCESS |  
2019-09-04 11:46:49,538 | INFO  | DNAudit | user=null | ip=null | op=PUT_BLOCK {blockData=[blockId=conID: 2 locID: 102734076930228899 bcsId: 0,size=4194304]} | ret=SUCCESS |  
2019-09-04 11:46:49,538 | INFO  | DNAudit | user=null | ip=null | op=WRITE_CHUNK {blockData=conID: 2 locID: 102734076930228899 bcsId: 5000} | ret=SUCCESS |  
2019-09-04 11:46:49,539 | INFO  | DNAudit | user=null | ip=null | op=PUT_BLOCK {blockData=[blockId=conID: 2 locID: 102734076930228899 bcsId: 0,size=4194304]} | ret=SUCCESS |  
2019-09-04 11:46:49,539 [grpc-default-executor-4] INFO  client.GrpcClientProtocolClient (GrpcClientProtocolClient.java:onNext(255)) - client-D5CE890D7D9E->efcb8ff8-f060-4d95-9215-d0f5eb4af037: receive RaftClientReply:client-D5CE890D7D9E->efcb8ff8-f060-4d95-9215-d0f5eb4af037@group-0959F8DF43ED, cid=3317, SUCCESS, logIndex=5008, commits[efcb8ff8-f060-4d95-9215-d0f5eb4af037:c5010, 6fae8b02-e804-4c0e-b729-a97b7404b7f6:c5006, 4c3e8a66-6975-4917-8225-d3efe707aaff:c5004]
2019-09-04 11:46:49,541 [grpc-default-executor-4] INFO  client.GrpcClientProtocolClient (GrpcClientProtocolClient.java:onNext(255)) - client-D5CE890D7D9E->efcb8ff8-f060-4d95-9215-d0f5eb4af037: receive RaftClientReply:client-D5CE890D7D9E->efcb8ff8-f060-4d95-9215-d0f5eb4af037@group-0959F8DF43ED, cid=3318, SUCCESS, logIndex=0, commits[efcb8ff8-f060-4d95-9215-d0f5eb4af037:c5012, 6fae8b02-e804-4c0e-b729-a97b7404b7f6:c5008, 4c3e8a66-6975-4917-8225-d3efe707aaff:c5008]
2019-09-04 11:46:49,542 [grpc-default-executor-4] INFO  client.GrpcClientProtocolClient (GrpcClientProtocolClient.java:onNext(255)) - client-D5CE890D7D9E->efcb8ff8-f060-4d95-9215-d0f5eb4af037: receive RaftClientReply:client-D5CE890D7D9E->efcb8ff8-f060-4d95-9215-d0f5eb4af037@group-0959F8DF43ED, cid=3319, SUCCESS, logIndex=0, commits[efcb8ff8-f060-4d95-9215-d0f5eb4af037:c5012, 6fae8b02-e804-4c0e-b729-a97b7404b7f6:c5008, 4c3e8a66-6975-4917-8225-d3efe707aaff:c5008]
2019-09-04 11:46:49,553 | INFO  | SCMAudit | user=jenkins1000 | ip=192.168.36.67 | op=ALLOCATE_BLOCK {owner=8ab292a2-aaa7-4ad8-863a-d33994811155, size=4194304, type=RATIS, factor=THREE} | ret=SUCCESS |  
2019-09-04 11:46:49,561 | INFO  | OMAudit | user=jenkins1000 | ip=127.0.0.1 | op=ALLOCATE_BLOCK {volume=vol-0-58699, bucket=bucket-0-57464, key=key-0-37266, dataSize=0, replicationType=null, replicationFactor=null, keyLocationInfo=null, clientID=102734073355960722} | ret=SUCCESS |  
2019-09-04 11:46:49,569 | INFO  | DNAudit | user=null | ip=null | op=WRITE_CHUNK {blockData=conID: 3 locID: 102734076939666084 bcsId: 0} | ret=SUCCESS |  
2019-09-04 11:46:49,572 | INFO  | DNAudit | user=null | ip=null | op=WRITE_CHUNK {blockData=conID: 3 locID: 102734076939666084 bcsId: 0} | ret=SUCCESS |  
2019-09-04 11:46:49,574 | INFO  | DNAudit | user=null | ip=null | op=WRITE_CHUNK {blockData=conID: 3 locID: 102734076939666084 bcsId: 0} | ret=SUCCESS |  
2019-09-04 11:46:49,574 | INFO  | DNAudit | user=null | ip=null | op=WRITE_CHUNK {blockData=conID: 3 locID: 102734076939666084 bcsId: 0} | ret=SUCCESS |  
2019-09-04 11:46:49,576 | INFO  | DNAudit | user=null | ip=null | op=WRITE_CHUNK {blockData=conID: 3 locID: 102734076939666084 bcsId: 0} | ret=SUCCESS |  
2019-09-04 11:46:49,577 | INFO  | DNAudit | user=null | ip=null | op=WRITE_CHUNK {blockData=conID: 3 locID: 102734076939666084 bcsId: 0} | ret=SUCCESS |  
2019-09-04 11:46:49,595 | INFO  | DNAudit | user=null | ip=null | op=WRITE_CHUNK {blockData=conID: 3 locID: 102734076939666084 bcsId: 0} | ret=SUCCESS |  
2019-09-04 11:46:49,595 | INFO  | DNAudit | user=null | ip=null | op=PUT_BLOCK {blockData=[blockId=conID: 3 locID: 102734076939666084 bcsId: 0,size=1048576]} | ret=SUCCESS |  
2019-09-04 11:46:49,596 [grpc-default-executor-5] INFO  client.GrpcClientProtocolClient (GrpcClientProtocolClient.java:onNext(255)) - client-D5CE890D7D9E->efcb8ff8-f060-4d95-9215-d0f5eb4af037: receive RaftClientReply:client-D5CE890D7D9E->efcb8ff8-f060-4d95-9215-d0f5eb4af037@group-0959F8DF43ED, cid=3320, SUCCESS, logIndex=5013, commits[efcb8ff8-f060-4d95-9215-d0f5eb4af037:c5014, 6fae8b02-e804-4c0e-b729-a97b7404b7f6:c5012, 4c3e8a66-6975-4917-8225-d3efe707aaff:c5012]
2019-09-04 11:46:49,596 [grpc-default-executor-5] INFO  client.GrpcClientProtocolClient (GrpcClientProtocolClient.java:onNext(255)) - client-D5CE890D7D9E->efcb8ff8-f060-4d95-9215-d0f5eb4af037: receive RaftClientReply:client-D5CE890D7D9E->efcb8ff8-f060-4d95-9215-d0f5eb4af037@group-0959F8DF43ED, cid=3321, SUCCESS, logIndex=5014, commits[efcb8ff8-f060-4d95-9215-d0f5eb4af037:c5014, 6fae8b02-e804-4c0e-b729-a97b7404b7f6:c5012, 4c3e8a66-6975-4917-8225-d3efe707aaff:c5012]
2019-09-04 11:46:49,599 | INFO  | DNAudit | user=null | ip=null | op=WRITE_CHUNK {blockData=conID: 3 locID: 102734076939666084 bcsId: 0} | ret=SUCCESS |  
2019-09-04 11:46:49,599 | INFO  | DNAudit | user=null | ip=null | op=PUT_BLOCK {blockData=[blockId=conID: 3 locID: 102734076939666084 bcsId: 0,size=2097152]} | ret=SUCCESS |  
2019-09-04 11:46:49,599 [grpc-default-executor-5] INFO  client.GrpcClientProtocolClient (GrpcClientProtocolClient.java:onNext(255)) - client-D5CE890D7D9E->efcb8ff8-f060-4d95-9215-d0f5eb4af037: receive RaftClientReply:client-D5CE890D7D9E->efcb8ff8-f060-4d95-9215-d0f5eb4af037@group-0959F8DF43ED, cid=3322, SUCCESS, logIndex=5015, commits[efcb8ff8-f060-4d95-9215-d0f5eb4af037:c5016, 6fae8b02-e804-4c0e-b729-a97b7404b7f6:c5012, 4c3e8a66-6975-4917-8225-d3efe707aaff:c5012]
2019-09-04 11:46:49,600 [grpc-default-executor-5] INFO  client.GrpcClientProtocolClient (GrpcClientProtocolClient.java:onNext(255)) - client-D5CE890D7D9E->efcb8ff8-f060-4d95-9215-d0f5eb4af037: receive RaftClientReply:client-D5CE890D7D9E->efcb8ff8-f060-4d95-9215-d0f5eb4af037@group-0959F8DF43ED, cid=3323, SUCCESS, logIndex=5016, commits[efcb8ff8-f060-4d95-9215-d0f5eb4af037:c5016, 6fae8b02-e804-4c0e-b729-a97b7404b7f6:c5012, 4c3e8a66-6975-4917-8225-d3efe707aaff:c5012]
2019-09-04 11:46:49,613 | INFO  | DNAudit | user=null | ip=null | op=WRITE_CHUNK {blockData=conID: 3 locID: 102734076939666084 bcsId: 0} | ret=SUCCESS |  
2019-09-04 11:46:49,614 | INFO  | DNAudit | user=null | ip=null | op=PUT_BLOCK {blockData=[blockId=conID: 3 locID: 102734076939666084 bcsId: 0,size=1048576]} | ret=SUCCESS |  
2019-09-04 11:46:49,615 | INFO  | DNAudit | user=null | ip=null | op=WRITE_CHUNK {blockData=conID: 3 locID: 102734076939666084 bcsId: 0} | ret=SUCCESS |  
2019-09-04 11:46:49,615 | INFO  | DNAudit | user=null | ip=null | op=PUT_BLOCK {blockData=[blockId=conID: 3 locID: 102734076939666084 bcsId: 0,size=1048576]} | ret=SUCCESS |  
2019-09-04 11:46:49,616 [grpc-default-executor-5] INFO  client.GrpcClientProtocolClient (GrpcClientProtocolClient.java:onNext(255)) - client-D5CE890D7D9E->efcb8ff8-f060-4d95-9215-d0f5eb4af037: receive RaftClientReply:client-D5CE890D7D9E->efcb8ff8-f060-4d95-9215-d0f5eb4af037@group-0959F8DF43ED, cid=3324, SUCCESS, logIndex=0, commits[efcb8ff8-f060-4d95-9215-d0f5eb4af037:c5018, 6fae8b02-e804-4c0e-b729-a97b7404b7f6:c5014, 4c3e8a66-6975-4917-8225-d3efe707aaff:c5014]
2019-09-04 11:46:49,618 | INFO  | DNAudit | user=null | ip=null | op=WRITE_CHUNK {blockData=conID: 3 locID: 102734076939666084 bcsId: 0} | ret=SUCCESS |  
2019-09-04 11:46:49,619 | INFO  | DNAudit | user=null | ip=null | op=PUT_BLOCK {blockData=[blockId=conID: 3 locID: 102734076939666084 bcsId: 0,size=2097152]} | ret=SUCCESS |  
2019-09-04 11:46:49,619 | INFO  | DNAudit | user=null | ip=null | op=WRITE_CHUNK {blockData=conID: 3 locID: 102734076939666084 bcsId: 0} | ret=SUCCESS |  
2019-09-04 11:46:49,619 | INFO  | DNAudit | user=null | ip=null | op=PUT_BLOCK {blockData=[blockId=conID: 3 locID: 102734076939666084 bcsId: 0,size=2097152]} | ret=SUCCESS |  
2019-09-04 11:46:49,626 | INFO  | DNAudit | user=null | ip=null | op=WRITE_CHUNK {blockData=conID: 3 locID: 102734076939666084 bcsId: 5016} | ret=SUCCESS |  
2019-09-04 11:46:49,628 | INFO  | DNAudit | user=null | ip=null | op=WRITE_CHUNK {blockData=conID: 3 locID: 102734076939666084 bcsId: 5016} | ret=SUCCESS |  
2019-09-04 11:46:49,629 | INFO  | DNAudit | user=null | ip=null | op=WRITE_CHUNK {blockData=conID: 3 locID: 102734076939666084 bcsId: 5016} | ret=SUCCESS |  
2019-09-04 11:46:49,636 | INFO  | DNAudit | user=null | ip=null | op=WRITE_CHUNK {blockData=conID: 3 locID: 102734076939666084 bcsId: 5016} | ret=SUCCESS |  
2019-09-04 11:46:49,637 | INFO  | DNAudit | user=null | ip=null | op=PUT_BLOCK {blockData=[blockId=conID: 3 locID: 102734076939666084 bcsId: 0,size=3145728]} | ret=SUCCESS |  
2019-09-04 11:46:49,637 [grpc-default-executor-4] INFO  client.GrpcClientProtocolClient (GrpcClientProtocolClient.java:onNext(255)) - client-D5CE890D7D9E->efcb8ff8-f060-4d95-9215-d0f5eb4af037: receive RaftClientReply:client-D5CE890D7D9E->efcb8ff8-f060-4d95-9215-d0f5eb4af037@group-0959F8DF43ED, cid=3325, SUCCESS, logIndex=5021, commits[efcb8ff8-f060-4d95-9215-d0f5eb4af037:c5022, 6fae8b02-e804-4c0e-b729-a97b7404b7f6:c5020, 4c3e8a66-6975-4917-8225-d3efe707aaff:c5020]
2019-09-04 11:46:49,638 [grpc-default-executor-4] INFO  client.GrpcClientProtocolClient (GrpcClientProtocolClient.java:onNext(255)) - client-D5CE890D7D9E->efcb8ff8-f060-4d95-9215-d0f5eb4af037: receive RaftClientReply:client-D5CE890D7D9E->efcb8ff8-f060-4d95-9215-d0f5eb4af037@group-0959F8DF43ED, cid=3326, SUCCESS, logIndex=5022, commits[efcb8ff8-f060-4d95-9215-d0f5eb4af037:c5022, 6fae8b02-e804-4c0e-b729-a97b7404b7f6:c5020, 4c3e8a66-6975-4917-8225-d3efe707aaff:c5020]
2019-09-04 11:46:49,645 | INFO  | DNAudit | user=null | ip=null | op=WRITE_CHUNK {blockData=conID: 3 locID: 102734076939666084 bcsId: 5016} | ret=SUCCESS |  
2019-09-04 11:46:49,645 | INFO  | DNAudit | user=null | ip=null | op=WRITE_CHUNK {blockData=conID: 3 locID: 102734076939666084 bcsId: 5016} | ret=SUCCESS |  
2019-09-04 11:46:49,646 | INFO  | DNAudit | user=null | ip=null | op=PUT_BLOCK {blockData=[blockId=conID: 3 locID: 102734076939666084 bcsId: 0,size=3145728]} | ret=SUCCESS |  
2019-09-04 11:46:49,646 | INFO  | DNAudit | user=null | ip=null | op=WRITE_CHUNK {blockData=conID: 3 locID: 102734076939666084 bcsId: 5022} | ret=SUCCESS |  
2019-09-04 11:46:49,646 | INFO  | DNAudit | user=null | ip=null | op=PUT_BLOCK {blockData=[blockId=conID: 3 locID: 102734076939666084 bcsId: 0,size=3145728]} | ret=SUCCESS |  
2019-09-04 11:46:49,650 | INFO  | DNAudit | user=null | ip=null | op=WRITE_CHUNK {blockData=conID: 3 locID: 102734076939666084 bcsId: 5022} | ret=SUCCESS |  
2019-09-04 11:46:49,650 | INFO  | DNAudit | user=null | ip=null | op=WRITE_CHUNK {blockData=conID: 3 locID: 102734076939666084 bcsId: 5022} | ret=SUCCESS |  
2019-09-04 11:46:49,654 | INFO  | DNAudit | user=null | ip=null | op=WRITE_CHUNK {blockData=conID: 3 locID: 102734076939666084 bcsId: 5022} | ret=SUCCESS |  
2019-09-04 11:46:49,654 | INFO  | DNAudit | user=null | ip=null | op=PUT_BLOCK {blockData=[blockId=conID: 3 locID: 102734076939666084 bcsId: 0,size=4194304]} | ret=SUCCESS |  
2019-09-04 11:46:49,655 [grpc-default-executor-5] INFO  client.GrpcClientProtocolClient (GrpcClientProtocolClient.java:onNext(255)) - client-D5CE890D7D9E->efcb8ff8-f060-4d95-9215-d0f5eb4af037: receive RaftClientReply:client-D5CE890D7D9E->efcb8ff8-f060-4d95-9215-d0f5eb4af037@group-0959F8DF43ED, cid=3327, SUCCESS, logIndex=5025, commits[efcb8ff8-f060-4d95-9215-d0f5eb4af037:c5026, 6fae8b02-e804-4c0e-b729-a97b7404b7f6:c5023, 4c3e8a66-6975-4917-8225-d3efe707aaff:c5022]
2019-09-04 11:46:49,656 [grpc-default-executor-5] INFO  client.GrpcClientProtocolClient (GrpcClientProtocolClient.java:onNext(255)) - client-D5CE890D7D9E->efcb8ff8-f060-4d95-9215-d0f5eb4af037: receive RaftClientReply:client-D5CE890D7D9E->efcb8ff8-f060-4d95-9215-d0f5eb4af037@group-0959F8DF43ED, cid=3328, SUCCESS, logIndex=5026, commits[efcb8ff8-f060-4d95-9215-d0f5eb4af037:c5026, 6fae8b02-e804-4c0e-b729-a97b7404b7f6:c5023, 4c3e8a66-6975-4917-8225-d3efe707aaff:c5022]
2019-09-04 11:46:49,664 | INFO  | DNAudit | user=null | ip=null | op=WRITE_CHUNK {blockData=conID: 3 locID: 102734076939666084 bcsId: 5022} | ret=SUCCESS |  
2019-09-04 11:46:49,664 | INFO  | DNAudit | user=null | ip=null | op=WRITE_CHUNK {blockData=conID: 3 locID: 102734076939666084 bcsId: 5022} | ret=SUCCESS |  
2019-09-04 11:46:49,664 | INFO  | DNAudit | user=null | ip=null | op=PUT_BLOCK {blockData=[blockId=conID: 3 locID: 102734076939666084 bcsId: 0,size=4194304]} | ret=SUCCESS |  
2019-09-04 11:46:49,665 | INFO  | DNAudit | user=null | ip=null | op=PUT_BLOCK {blockData=[blockId=conID: 3 locID: 102734076939666084 bcsId: 0,size=4194304]} | ret=SUCCESS |  
2019-09-04 11:46:49,666 [grpc-default-executor-5] INFO  client.GrpcClientProtocolClient (GrpcClientProtocolClient.java:onNext(255)) - client-D5CE890D7D9E->efcb8ff8-f060-4d95-9215-d0f5eb4af037: receive RaftClientReply:client-D5CE890D7D9E->efcb8ff8-f060-4d95-9215-d0f5eb4af037@group-0959F8DF43ED, cid=3329, SUCCESS, logIndex=0, commits[efcb8ff8-f060-4d95-9215-d0f5eb4af037:c5027, 6fae8b02-e804-4c0e-b729-a97b7404b7f6:c5026, 4c3e8a66-6975-4917-8225-d3efe707aaff:c5026]
2019-09-04 11:46:49,676 | INFO  | SCMAudit | user=jenkins1000 | ip=192.168.36.67 | op=ALLOCATE_BLOCK {owner=8ab292a2-aaa7-4ad8-863a-d33994811155, size=4194304, type=RATIS, factor=THREE} | ret=SUCCESS |  
2019-09-04 11:46:49,683 | INFO  | OMAudit | user=jenkins1000 | ip=127.0.0.1 | op=ALLOCATE_BLOCK {volume=vol-0-58699, bucket=bucket-0-57464, key=key-0-37266, dataSize=0, replicationType=null, replicationFactor=null, keyLocationInfo=null, clientID=102734073355960722} | ret=SUCCESS |  
2019-09-04 11:46:49,692 | INFO  | DNAudit | user=null | ip=null | op=WRITE_CHUNK {blockData=conID: 1 locID: 102734076947727013 bcsId: 0} | ret=SUCCESS |  
2019-09-04 11:46:49,696 | INFO  | DNAudit | user=null | ip=null | op=WRITE_CHUNK {blockData=conID: 1 locID: 102734076947727013 bcsId: 0} | ret=SUCCESS |  
2019-09-04 11:46:49,696 | INFO  | DNAudit | user=null | ip=null | op=WRITE_CHUNK {blockData=conID: 1 locID: 102734076947727013 bcsId: 0} | ret=SUCCESS |  
2019-09-04 11:46:49,697 | INFO  | DNAudit | user=null | ip=null | op=WRITE_CHUNK {blockData=conID: 1 locID: 102734076947727013 bcsId: 0} | ret=SUCCESS |  
2019-09-04 11:46:49,699 | INFO  | DNAudit | user=null | ip=null | op=WRITE_CHUNK {blockData=conID: 1 locID: 102734076947727013 bcsId: 0} | ret=SUCCESS |  
2019-09-04 11:46:49,699 | INFO  | DNAudit | user=null | ip=null | op=WRITE_CHUNK {blockData=conID: 1 locID: 102734076947727013 bcsId: 0} | ret=SUCCESS |  
2019-09-04 11:46:49,702 | INFO  | DNAudit | user=null | ip=null | op=WRITE_CHUNK {blockData=conID: 1 locID: 102734076947727013 bcsId: 0} | ret=SUCCESS |  
2019-09-04 11:46:49,702 | INFO  | DNAudit | user=null | ip=null | op=PUT_BLOCK {blockData=[blockId=conID: 1 locID: 102734076947727013 bcsId: 0,size=1048576]} | ret=SUCCESS |  
2019-09-04 11:46:49,702 | INFO  | DNAudit | user=null | ip=null | op=WRITE_CHUNK {blockData=conID: 1 locID: 102734076947727013 bcsId: 0} | ret=SUCCESS |  
2019-09-04 11:46:49,702 [grpc-default-executor-5] INFO  client.GrpcClientProtocolClient (GrpcClientProtocolClient.java:onNext(255)) - client-D5CE890D7D9E->efcb8ff8-f060-4d95-9215-d0f5eb4af037: receive RaftClientReply:client-D5CE890D7D9E->efcb8ff8-f060-4d95-9215-d0f5eb4af037@group-0959F8DF43ED, cid=3330, SUCCESS, logIndex=5029, commits[efcb8ff8-f060-4d95-9215-d0f5eb4af037:c5030, 6fae8b02-e804-4c0e-b729-a97b7404b7f6:c5028, 4c3e8a66-6975-4917-8225-d3efe707aaff:c5026]
2019-09-04 11:46:49,703 | INFO  | DNAudit | user=null | ip=null | op=PUT_BLOCK {blockData=[blockId=conID: 1 locID: 102734076947727013 bcsId: 0,size=2097152]} | ret=SUCCESS |  
2019-09-04 11:46:49,703 [grpc-default-executor-5] INFO  client.GrpcClientProtocolClient (GrpcClientProtocolClient.java:onNext(255)) - client-D5CE890D7D9E->efcb8ff8-f060-4d95-9215-d0f5eb4af037: receive RaftClientReply:client-D5CE890D7D9E->efcb8ff8-f060-4d95-9215-d0f5eb4af037@group-0959F8DF43ED, cid=3331, SUCCESS, logIndex=5030, commits[efcb8ff8-f060-4d95-9215-d0f5eb4af037:c5031, 6fae8b02-e804-4c0e-b729-a97b7404b7f6:c5028, 4c3e8a66-6975-4917-8225-d3efe707aaff:c5028]
2019-09-04 11:46:49,704 | INFO  | DNAudit | user=null | ip=null | op=WRITE_CHUNK {blockData=conID: 1 locID: 102734076947727013 bcsId: 0} | ret=SUCCESS |  
2019-09-04 11:46:49,704 | INFO  | DNAudit | user=null | ip=null | op=PUT_BLOCK {blockData=[blockId=conID: 1 locID: 102734076947727013 bcsId: 0,size=1048576]} | ret=SUCCESS |  
2019-09-04 11:46:49,704 [grpc-default-executor-5] INFO  client.GrpcClientProtocolClient (GrpcClientProtocolClient.java:onNext(255)) - client-D5CE890D7D9E->efcb8ff8-f060-4d95-9215-d0f5eb4af037: receive RaftClientReply:client-D5CE890D7D9E->efcb8ff8-f060-4d95-9215-d0f5eb4af037@group-0959F8DF43ED, cid=3332, SUCCESS, logIndex=5031, commits[efcb8ff8-f060-4d95-9215-d0f5eb4af037:c5031, 6fae8b02-e804-4c0e-b729-a97b7404b7f6:c5028, 4c3e8a66-6975-4917-8225-d3efe707aaff:c5028]
2019-09-04 11:46:49,705 | INFO  | DNAudit | user=null | ip=null | op=WRITE_CHUNK {blockData=conID: 1 locID: 102734076947727013 bcsId: 0} | ret=SUCCESS |  
2019-09-04 11:46:49,705 [grpc-default-executor-1] INFO  client.GrpcClientProtocolClient (GrpcClientProtocolClient.java:onNext(255)) - client-D5CE890D7D9E->efcb8ff8-f060-4d95-9215-d0f5eb4af037: receive RaftClientReply:client-D5CE890D7D9E->efcb8ff8-f060-4d95-9215-d0f5eb4af037@group-0959F8DF43ED, cid=3333, SUCCESS, logIndex=5032, commits[efcb8ff8-f060-4d95-9215-d0f5eb4af037:c5032, 6fae8b02-e804-4c0e-b729-a97b7404b7f6:c5028, 4c3e8a66-6975-4917-8225-d3efe707aaff:c5028]
2019-09-04 11:46:49,705 | INFO  | DNAudit | user=null | ip=null | op=PUT_BLOCK {blockData=[blockId=conID: 1 locID: 102734076947727013 bcsId: 0,size=1048576]} | ret=SUCCESS |  
2019-09-04 11:46:49,705 | INFO  | DNAudit | user=null | ip=null | op=WRITE_CHUNK {blockData=conID: 1 locID: 102734076947727013 bcsId: 0} | ret=SUCCESS |  
2019-09-04 11:46:49,706 | INFO  | DNAudit | user=null | ip=null | op=WRITE_CHUNK {blockData=conID: 1 locID: 102734076947727013 bcsId: 0} | ret=SUCCESS |  
2019-09-04 11:46:49,706 | INFO  | DNAudit | user=null | ip=null | op=PUT_BLOCK {blockData=[blockId=conID: 1 locID: 102734076947727013 bcsId: 0,size=2097152]} | ret=SUCCESS |  
2019-09-04 11:46:49,706 | INFO  | DNAudit | user=null | ip=null | op=PUT_BLOCK {blockData=[blockId=conID: 1 locID: 102734076947727013 bcsId: 0,size=2097152]} | ret=SUCCESS |  
2019-09-04 11:46:49,706 [grpc-default-executor-1] INFO  client.GrpcClientProtocolClient (GrpcClientProtocolClient.java:onNext(255)) - client-D5CE890D7D9E->efcb8ff8-f060-4d95-9215-d0f5eb4af037: receive RaftClientReply:client-D5CE890D7D9E->efcb8ff8-f060-4d95-9215-d0f5eb4af037@group-0959F8DF43ED, cid=3334, SUCCESS, logIndex=0, commits[efcb8ff8-f060-4d95-9215-d0f5eb4af037:c5034, 6fae8b02-e804-4c0e-b729-a97b7404b7f6:c5030, 4c3e8a66-6975-4917-8225-d3efe707aaff:c5031]
2019-09-04 11:46:49,714 | INFO  | DNAudit | user=null | ip=null | op=WRITE_CHUNK {blockData=conID: 1 locID: 102734076947727013 bcsId: 5032} | ret=SUCCESS |  
2019-09-04 11:46:49,717 | INFO  | DNAudit | user=null | ip=null | op=WRITE_CHUNK {blockData=conID: 1 locID: 102734076947727013 bcsId: 5032} | ret=SUCCESS |  
2019-09-04 11:46:49,717 | INFO  | DNAudit | user=null | ip=null | op=WRITE_CHUNK {blockData=conID: 1 locID: 102734076947727013 bcsId: 5032} | ret=SUCCESS |  
2019-09-04 11:46:49,718 | INFO  | SCMAudit | user=jenkins1000 | ip=192.168.36.67 | op=SEND_HEARTBEAT {datanodeUUID=b68b188c-7f38-42ae-8403-46a39acd0731, command=[]} | ret=SUCCESS |  
2019-09-04 11:46:49,737 | INFO  | SCMAudit | user=jenkins1000 | ip=192.168.36.67 | op=SEND_HEARTBEAT {datanodeUUID=4c3e8a66-6975-4917-8225-d3efe707aaff, command=[]} | ret=SUCCESS |  
2019-09-04 11:46:49,738 | INFO  | SCMAudit | user=jenkins1000 | ip=192.168.36.67 | op=SEND_HEARTBEAT {datanodeUUID=6fae8b02-e804-4c0e-b729-a97b7404b7f6, command=[]} | ret=SUCCESS |  
2019-09-04 11:46:49,738 | INFO  | DNAudit | user=null | ip=null | op=WRITE_CHUNK {blockData=conID: 1 locID: 102734076947727013 bcsId: 5032} | ret=SUCCESS |  
2019-09-04 11:46:49,739 | INFO  | DNAudit | user=null | ip=null | op=PUT_BLOCK {blockData=[blockId=conID: 1 locID: 102734076947727013 bcsId: 0,size=3145728]} | ret=SUCCESS |  
2019-09-04 11:46:49,739 [grpc-default-executor-1] INFO  client.GrpcClientProtocolClient (GrpcClientProtocolClient.java:onNext(255)) - client-D5CE890D7D9E->efcb8ff8-f060-4d95-9215-d0f5eb4af037: receive RaftClientReply:client-D5CE890D7D9E->efcb8ff8-f060-4d95-9215-d0f5eb4af037@group-0959F8DF43ED, cid=3335, SUCCESS, logIndex=5037, commits[efcb8ff8-f060-4d95-9215-d0f5eb4af037:c5038, 6fae8b02-e804-4c0e-b729-a97b7404b7f6:c5036, 4c3e8a66-6975-4917-8225-d3efe707aaff:c5036]
2019-09-04 11:46:49,739 [grpc-default-executor-1] INFO  client.GrpcClientProtocolClient (GrpcClientProtocolClient.java:onNext(255)) - client-D5CE890D7D9E->efcb8ff8-f060-4d95-9215-d0f5eb4af037: receive RaftClientReply:client-D5CE890D7D9E->efcb8ff8-f060-4d95-9215-d0f5eb4af037@group-0959F8DF43ED, cid=3336, SUCCESS, logIndex=5038, commits[efcb8ff8-f060-4d95-9215-d0f5eb4af037:c5038, 6fae8b02-e804-4c0e-b729-a97b7404b7f6:c5036, 4c3e8a66-6975-4917-8225-d3efe707aaff:c5036]
2019-09-04 11:46:49,741 | INFO  | SCMAudit | user=jenkins1000 | ip=192.168.36.67 | op=SEND_HEARTBEAT {datanodeUUID=0b776101-1d39-4f23-96c0-6a8ead31197c, command=[]} | ret=SUCCESS |  
2019-09-04 11:46:49,745 | INFO  | DNAudit | user=null | ip=null | op=WRITE_CHUNK {blockData=conID: 1 locID: 102734076947727013 bcsId: 5032} | ret=SUCCESS |  
2019-09-04 11:46:49,745 | INFO  | DNAudit | user=null | ip=null | op=WRITE_CHUNK {blockData=conID: 1 locID: 102734076947727013 bcsId: 5032} | ret=SUCCESS |  
2019-09-04 11:46:49,746 | INFO  | SCMAudit | user=jenkins1000 | ip=192.168.36.67 | op=SEND_HEARTBEAT {datanodeUUID=efcb8ff8-f060-4d95-9215-d0f5eb4af037, command=[]} | ret=SUCCESS |  
2019-09-04 11:46:49,746 | INFO  | DNAudit | user=null | ip=null | op=PUT_BLOCK {blockData=[blockId=conID: 1 locID: 102734076947727013 bcsId: 0,size=3145728]} | ret=SUCCESS |  
2019-09-04 11:46:49,746 | INFO  | DNAudit | user=null | ip=null | op=PUT_BLOCK {blockData=[blockId=conID: 1 locID: 102734076947727013 bcsId: 0,size=3145728]} | ret=SUCCESS |  
2019-09-04 11:46:49,748 | INFO  | DNAudit | user=null | ip=null | op=WRITE_CHUNK {blockData=conID: 1 locID: 102734076947727013 bcsId: 5038} | ret=SUCCESS |  
2019-09-04 11:46:49,750 | INFO  | DNAudit | user=null | ip=null | op=WRITE_CHUNK {blockData=conID: 1 locID: 102734076947727013 bcsId: 5038} | ret=SUCCESS |  
2019-09-04 11:46:49,751 | INFO  | DNAudit | user=null | ip=null | op=WRITE_CHUNK {blockData=conID: 1 locID: 102734076947727013 bcsId: 5038} | ret=SUCCESS |  
2019-09-04 11:46:49,753 | INFO  | DNAudit | user=null | ip=null | op=WRITE_CHUNK {blockData=conID: 1 locID: 102734076947727013 bcsId: 5038} | ret=SUCCESS |  
2019-09-04 11:46:49,753 | INFO  | DNAudit | user=null | ip=null | op=PUT_BLOCK {blockData=[blockId=conID: 1 locID: 102734076947727013 bcsId: 0,size=4194304]} | ret=SUCCESS |  
2019-09-04 11:46:49,753 [grpc-default-executor-1] INFO  client.GrpcClientProtocolClient (GrpcClientProtocolClient.java:onNext(255)) - client-D5CE890D7D9E->efcb8ff8-f060-4d95-9215-d0f5eb4af037: receive RaftClientReply:client-D5CE890D7D9E->efcb8ff8-f060-4d95-9215-d0f5eb4af037@group-0959F8DF43ED, cid=3337, SUCCESS, logIndex=5041, commits[efcb8ff8-f060-4d95-9215-d0f5eb4af037:c5042, 6fae8b02-e804-4c0e-b729-a97b7404b7f6:c5040, 4c3e8a66-6975-4917-8225-d3efe707aaff:c5039]
2019-09-04 11:46:49,754 [grpc-default-executor-1] INFO  client.GrpcClientProtocolClient (GrpcClientProtocolClient.java:onNext(255)) - client-D5CE890D7D9E->efcb8ff8-f060-4d95-9215-d0f5eb4af037: receive RaftClientReply:client-D5CE890D7D9E->efcb8ff8-f060-4d95-9215-d0f5eb4af037@group-0959F8DF43ED, cid=3338, SUCCESS, logIndex=5042, commits[efcb8ff8-f060-4d95-9215-d0f5eb4af037:c5042, 6fae8b02-e804-4c0e-b729-a97b7404b7f6:c5040, 4c3e8a66-6975-4917-8225-d3efe707aaff:c5040]
2019-09-04 11:46:49,761 | INFO  | DNAudit | user=null | ip=null | op=WRITE_CHUNK {blockData=conID: 1 locID: 102734076947727013 bcsId: 5038} | ret=SUCCESS |  
2019-09-04 11:46:49,761 | INFO  | DNAudit | user=null | ip=null | op=WRITE_CHUNK {blockData=conID: 1 locID: 102734076947727013 bcsId: 5038} | ret=SUCCESS |  
2019-09-04 11:46:49,762 | INFO  | DNAudit | user=null | ip=null | op=PUT_BLOCK {blockData=[blockId=conID: 1 locID: 102734076947727013 bcsId: 0,size=4194304]} | ret=SUCCESS |  
2019-09-04 11:46:49,762 | INFO  | DNAudit | user=null | ip=null | op=PUT_BLOCK {blockData=[blockId=conID: 1 locID: 102734076947727013 bcsId: 0,size=4194304]} | ret=SUCCESS |  
2019-09-04 11:46:49,762 [grpc-default-executor-1] INFO  client.GrpcClientProtocolClient (GrpcClientProtocolClient.java:onNext(255)) - client-D5CE890D7D9E->efcb8ff8-f060-4d95-9215-d0f5eb4af037: receive RaftClientReply:client-D5CE890D7D9E->efcb8ff8-f060-4d95-9215-d0f5eb4af037@group-0959F8DF43ED, cid=3339, SUCCESS, logIndex=0, commits[efcb8ff8-f060-4d95-9215-d0f5eb4af037:c5043, 6fae8b02-e804-4c0e-b729-a97b7404b7f6:c5042, 4c3e8a66-6975-4917-8225-d3efe707aaff:c5042]
2019-09-04 11:46:49,772 | INFO  | SCMAudit | user=jenkins1000 | ip=192.168.36.67 | op=ALLOCATE_BLOCK {owner=8ab292a2-aaa7-4ad8-863a-d33994811155, size=4194304, type=RATIS, factor=THREE} | ret=SUCCESS |  
2019-09-04 11:46:49,776 | INFO  | OMAudit | user=jenkins1000 | ip=127.0.0.1 | op=ALLOCATE_BLOCK {volume=vol-0-58699, bucket=bucket-0-57464, key=key-0-37266, dataSize=0, replicationType=null, replicationFactor=null, keyLocationInfo=null, clientID=102734073355960722} | ret=SUCCESS |  
2019-09-04 11:46:49,784 | INFO  | DNAudit | user=null | ip=null | op=WRITE_CHUNK {blockData=conID: 2 locID: 102734076954018470 bcsId: 0} | ret=SUCCESS |  
2019-09-04 11:46:49,787 | INFO  | DNAudit | user=null | ip=null | op=WRITE_CHUNK {blockData=conID: 2 locID: 102734076954018470 bcsId: 0} | ret=SUCCESS |  
2019-09-04 11:46:49,788 | INFO  | DNAudit | user=null | ip=null | op=WRITE_CHUNK {blockData=conID: 2 locID: 102734076954018470 bcsId: 0} | ret=SUCCESS |  
2019-09-04 11:46:49,790 | INFO  | DNAudit | user=null | ip=null | op=WRITE_CHUNK {blockData=conID: 2 locID: 102734076954018470 bcsId: 0} | ret=SUCCESS |  
2019-09-04 11:46:49,790 | INFO  | DNAudit | user=null | ip=null | op=WRITE_CHUNK {blockData=conID: 2 locID: 102734076954018470 bcsId: 0} | ret=SUCCESS |  
2019-09-04 11:46:49,791 | INFO  | DNAudit | user=null | ip=null | op=WRITE_CHUNK {blockData=conID: 2 locID: 102734076954018470 bcsId: 0} | ret=SUCCESS |  
2019-09-04 11:46:49,804 | INFO  | DNAudit | user=null | ip=null | op=WRITE_CHUNK {blockData=conID: 2 locID: 102734076954018470 bcsId: 0} | ret=SUCCESS |  
2019-09-04 11:46:49,804 | INFO  | DNAudit | user=null | ip=null | op=PUT_BLOCK {blockData=[blockId=conID: 2 locID: 102734076954018470 bcsId: 0,size=1048576]} | ret=SUCCESS |  
2019-09-04 11:46:49,804 [grpc-default-executor-6] INFO  client.GrpcClientProtocolClient (GrpcClientProtocolClient.java:onNext(255)) - client-D5CE890D7D9E->efcb8ff8-f060-4d95-9215-d0f5eb4af037: receive RaftClientReply:client-D5CE890D7D9E->efcb8ff8-f060-4d95-9215-d0f5eb4af037@group-0959F8DF43ED, cid=3340, SUCCESS, logIndex=5045, commits[efcb8ff8-f060-4d95-9215-d0f5eb4af037:c5046, 6fae8b02-e804-4c0e-b729-a97b7404b7f6:c5044, 4c3e8a66-6975-4917-8225-d3efe707aaff:c5042]
2019-09-04 11:46:49,805 [grpc-default-executor-6] INFO  client.GrpcClientProtocolClient (GrpcClientProtocolClient.java:onNext(255)) - client-D5CE890D7D9E->efcb8ff8-f060-4d95-9215-d0f5eb4af037: receive RaftClientReply:client-D5CE890D7D9E->efcb8ff8-f060-4d95-9215-d0f5eb4af037@group-0959F8DF43ED, cid=3341, SUCCESS, logIndex=5046, commits[efcb8ff8-f060-4d95-9215-d0f5eb4af037:c5046, 6fae8b02-e804-4c0e-b729-a97b7404b7f6:c5044, 4c3e8a66-6975-4917-8225-d3efe707aaff:c5044]
2019-09-04 11:46:49,810 | INFO  | DNAudit | user=null | ip=null | op=WRITE_CHUNK {blockData=conID: 2 locID: 102734076954018470 bcsId: 0} | ret=SUCCESS |  
2019-09-04 11:46:49,811 | INFO  | DNAudit | user=null | ip=null | op=PUT_BLOCK {blockData=[blockId=conID: 2 locID: 102734076954018470 bcsId: 0,size=2097152]} | ret=SUCCESS |  
2019-09-04 11:46:49,811 [grpc-default-executor-5] INFO  client.GrpcClientProtocolClient (GrpcClientProtocolClient.java:onNext(255)) - client-D5CE890D7D9E->efcb8ff8-f060-4d95-9215-d0f5eb4af037: receive RaftClientReply:client-D5CE890D7D9E->efcb8ff8-f060-4d95-9215-d0f5eb4af037@group-0959F8DF43ED, cid=3342, SUCCESS, logIndex=5047, commits[efcb8ff8-f060-4d95-9215-d0f5eb4af037:c5048, 6fae8b02-e804-4c0e-b729-a97b7404b7f6:c5044, 4c3e8a66-6975-4917-8225-d3efe707aaff:c5044]
2019-09-04 11:46:49,811 | INFO  | DNAudit | user=null | ip=null | op=WRITE_CHUNK {blockData=conID: 2 locID: 102734076954018470 bcsId: 0} | ret=SUCCESS |  
2019-09-04 11:46:49,812 | INFO  | DNAudit | user=null | ip=null | op=PUT_BLOCK {blockData=[blockId=conID: 2 locID: 102734076954018470 bcsId: 0,size=1048576]} | ret=SUCCESS |  
2019-09-04 11:46:49,812 | INFO  | DNAudit | user=null | ip=null | op=WRITE_CHUNK {blockData=conID: 2 locID: 102734076954018470 bcsId: 0} | ret=SUCCESS |  
2019-09-04 11:46:49,812 | INFO  | DNAudit | user=null | ip=null | op=WRITE_CHUNK {blockData=conID: 2 locID: 102734076954018470 bcsId: 0} | ret=SUCCESS |  
2019-09-04 11:46:49,812 | INFO  | DNAudit | user=null | ip=null | op=PUT_BLOCK {blockData=[blockId=conID: 2 locID: 102734076954018470 bcsId: 0,size=1048576]} | ret=SUCCESS |  
2019-09-04 11:46:49,812 | INFO  | DNAudit | user=null | ip=null | op=PUT_BLOCK {blockData=[blockId=conID: 2 locID: 102734076954018470 bcsId: 0,size=2097152]} | ret=SUCCESS |  
2019-09-04 11:46:49,813 [grpc-default-executor-5] INFO  client.GrpcClientProtocolClient (GrpcClientProtocolClient.java:onNext(255)) - client-D5CE890D7D9E->efcb8ff8-f060-4d95-9215-d0f5eb4af037: receive RaftClientReply:client-D5CE890D7D9E->efcb8ff8-f060-4d95-9215-d0f5eb4af037@group-0959F8DF43ED, cid=3343, SUCCESS, logIndex=5048, commits[efcb8ff8-f060-4d95-9215-d0f5eb4af037:c5048, 6fae8b02-e804-4c0e-b729-a97b7404b7f6:c5044, 4c3e8a66-6975-4917-8225-d3efe707aaff:c5044]
2019-09-04 11:46:49,813 | INFO  | DNAudit | user=null | ip=null | op=WRITE_CHUNK {blockData=conID: 2 locID: 102734076954018470 bcsId: 0} | ret=SUCCESS |  
2019-09-04 11:46:49,813 | INFO  | DNAudit | user=null | ip=null | op=PUT_BLOCK {blockData=[blockId=conID: 2 locID: 102734076954018470 bcsId: 0,size=2097152]} | ret=SUCCESS |  
2019-09-04 11:46:49,814 [grpc-default-executor-6] INFO  client.GrpcClientProtocolClient (GrpcClientProtocolClient.java:onNext(255)) - client-D5CE890D7D9E->efcb8ff8-f060-4d95-9215-d0f5eb4af037: receive RaftClientReply:client-D5CE890D7D9E->efcb8ff8-f060-4d95-9215-d0f5eb4af037@group-0959F8DF43ED, cid=3344, SUCCESS, logIndex=0, commits[efcb8ff8-f060-4d95-9215-d0f5eb4af037:c5052, 6fae8b02-e804-4c0e-b729-a97b7404b7f6:c5048, 4c3e8a66-6975-4917-8225-d3efe707aaff:c5048]
2019-09-04 11:46:49,823 | INFO  | DNAudit | user=null | ip=null | op=WRITE_CHUNK {blockData=conID: 2 locID: 102734076954018470 bcsId: 5048} | ret=SUCCESS |  
2019-09-04 11:46:49,825 | INFO  | DNAudit | user=null | ip=null | op=WRITE_CHUNK {blockData=conID: 2 locID: 102734076954018470 bcsId: 5048} | ret=SUCCESS |  
2019-09-04 11:46:49,826 | INFO  | DNAudit | user=null | ip=null | op=WRITE_CHUNK {blockData=conID: 2 locID: 102734076954018470 bcsId: 5048} | ret=SUCCESS |  
2019-09-04 11:46:49,828 | INFO  | DNAudit | user=null | ip=null | op=WRITE_CHUNK {blockData=conID: 2 locID: 102734076954018470 bcsId: 5048} | ret=SUCCESS |  
2019-09-04 11:46:49,828 | INFO  | DNAudit | user=null | ip=null | op=PUT_BLOCK {blockData=[blockId=conID: 2 locID: 102734076954018470 bcsId: 0,size=3145728]} | ret=SUCCESS |  
2019-09-04 11:46:49,828 [grpc-default-executor-1] INFO  client.GrpcClientProtocolClient (GrpcClientProtocolClient.java:onNext(255)) - client-D5CE890D7D9E->efcb8ff8-f060-4d95-9215-d0f5eb4af037: receive RaftClientReply:client-D5CE890D7D9E->efcb8ff8-f060-4d95-9215-d0f5eb4af037@group-0959F8DF43ED, cid=3345, SUCCESS, logIndex=5053, commits[efcb8ff8-f060-4d95-9215-d0f5eb4af037:c5054, 6fae8b02-e804-4c0e-b729-a97b7404b7f6:c5052, 4c3e8a66-6975-4917-8225-d3efe707aaff:c5052]
2019-09-04 11:46:49,829 [grpc-default-executor-1] INFO  client.GrpcClientProtocolClient (GrpcClientProtocolClient.java:onNext(255)) - client-D5CE890D7D9E->efcb8ff8-f060-4d95-9215-d0f5eb4af037: receive RaftClientReply:client-D5CE890D7D9E->efcb8ff8-f060-4d95-9215-d0f5eb4af037@group-0959F8DF43ED, cid=3346, SUCCESS, logIndex=5054, commits[efcb8ff8-f060-4d95-9215-d0f5eb4af037:c5054, 6fae8b02-e804-4c0e-b729-a97b7404b7f6:c5052, 4c3e8a66-6975-4917-8225-d3efe707aaff:c5052]
2019-09-04 11:46:49,834 | INFO  | DNAudit | user=null | ip=null | op=WRITE_CHUNK {blockData=conID: 2 locID: 102734076954018470 bcsId: 5048} | ret=SUCCESS |  
2019-09-04 11:46:49,834 | INFO  | DNAudit | user=null | ip=null | op=WRITE_CHUNK {blockData=conID: 2 locID: 102734076954018470 bcsId: 5048} | ret=SUCCESS |  
2019-09-04 11:46:49,835 | INFO  | DNAudit | user=null | ip=null | op=PUT_BLOCK {blockData=[blockId=conID: 2 locID: 102734076954018470 bcsId: 0,size=3145728]} | ret=SUCCESS |  
2019-09-04 11:46:49,836 | INFO  | DNAudit | user=null | ip=null | op=PUT_BLOCK {blockData=[blockId=conID: 2 locID: 102734076954018470 bcsId: 0,size=3145728]} | ret=SUCCESS |  
2019-09-04 11:46:49,837 | INFO  | DNAudit | user=null | ip=null | op=WRITE_CHUNK {blockData=conID: 2 locID: 102734076954018470 bcsId: 5054} | ret=SUCCESS |  
2019-09-04 11:46:49,838 | INFO  | DNAudit | user=null | ip=null | op=WRITE_CHUNK {blockData=conID: 2 locID: 102734076954018470 bcsId: 5054} | ret=SUCCESS |  
2019-09-04 11:46:49,839 | INFO  | DNAudit | user=null | ip=null | op=WRITE_CHUNK {blockData=conID: 2 locID: 102734076954018470 bcsId: 5054} | ret=SUCCESS |  
2019-09-04 11:46:49,905 | INFO  | DNAudit | user=null | ip=null | op=WRITE_CHUNK {blockData=conID: 2 locID: 102734076954018470 bcsId: 5054} | ret=SUCCESS |  
2019-09-04 11:46:49,906 | INFO  | DNAudit | user=null | ip=null | op=PUT_BLOCK {blockData=[blockId=conID: 2 locID: 102734076954018470 bcsId: 0,size=4194304]} | ret=SUCCESS |  
2019-09-04 11:46:49,906 [grpc-default-executor-1] INFO  client.GrpcClientProtocolClient (GrpcClientProtocolClient.java:onNext(255)) - client-D5CE890D7D9E->efcb8ff8-f060-4d95-9215-d0f5eb4af037: receive RaftClientReply:client-D5CE890D7D9E->efcb8ff8-f060-4d95-9215-d0f5eb4af037@group-0959F8DF43ED, cid=3347, SUCCESS, logIndex=5057, commits[efcb8ff8-f060-4d95-9215-d0f5eb4af037:c5058, 6fae8b02-e804-4c0e-b729-a97b7404b7f6:c5055, 4c3e8a66-6975-4917-8225-d3efe707aaff:c5055]
2019-09-04 11:46:49,906 [grpc-default-executor-1] INFO  client.GrpcClientProtocolClient (GrpcClientProtocolClient.java:onNext(255)) - client-D5CE890D7D9E->efcb8ff8-f060-4d95-9215-d0f5eb4af037: receive RaftClientReply:client-D5CE890D7D9E->efcb8ff8-f060-4d95-9215-d0f5eb4af037@group-0959F8DF43ED, cid=3348, SUCCESS, logIndex=5058, commits[efcb8ff8-f060-4d95-9215-d0f5eb4af037:c5058, 6fae8b02-e804-4c0e-b729-a97b7404b7f6:c5055, 4c3e8a66-6975-4917-8225-d3efe707aaff:c5055]
2019-09-04 11:46:50,009 | INFO  | DNAudit | user=null | ip=null | op=WRITE_CHUNK {blockData=conID: 2 locID: 102734076954018470 bcsId: 5054} | ret=SUCCESS |  
2019-09-04 11:46:50,009 | INFO  | DNAudit | user=null | ip=null | op=PUT_BLOCK {blockData=[blockId=conID: 2 locID: 102734076954018470 bcsId: 0,size=4194304]} | ret=SUCCESS |  
2019-09-04 11:46:50,009 | INFO  | DNAudit | user=null | ip=null | op=WRITE_CHUNK {blockData=conID: 2 locID: 102734076954018470 bcsId: 5054} | ret=SUCCESS |  
2019-09-04 11:46:50,010 | INFO  | DNAudit | user=null | ip=null | op=PUT_BLOCK {blockData=[blockId=conID: 2 locID: 102734076954018470 bcsId: 0,size=4194304]} | ret=SUCCESS |  
2019-09-04 11:46:50,011 [grpc-default-executor-1] INFO  client.GrpcClientProtocolClient (GrpcClientProtocolClient.java:onNext(255)) - client-D5CE890D7D9E->efcb8ff8-f060-4d95-9215-d0f5eb4af037: receive RaftClientReply:client-D5CE890D7D9E->efcb8ff8-f060-4d95-9215-d0f5eb4af037@group-0959F8DF43ED, cid=3349, SUCCESS, logIndex=0, commits[efcb8ff8-f060-4d95-9215-d0f5eb4af037:c5059, 6fae8b02-e804-4c0e-b729-a97b7404b7f6:c5058, 4c3e8a66-6975-4917-8225-d3efe707aaff:c5058]
2019-09-04 11:46:50,024 | INFO  | SCMAudit | user=jenkins1000 | ip=192.168.36.67 | op=ALLOCATE_BLOCK {owner=8ab292a2-aaa7-4ad8-863a-d33994811155, size=4194304, type=RATIS, factor=THREE} | ret=SUCCESS |  
2019-09-04 11:46:50,033 | INFO  | OMAudit | user=jenkins1000 | ip=127.0.0.1 | op=ALLOCATE_BLOCK {volume=vol-0-58699, bucket=bucket-0-57464, key=key-0-37266, dataSize=0, replicationType=null, replicationFactor=null, keyLocationInfo=null, clientID=102734073355960722} | ret=SUCCESS |  
2019-09-04 11:46:50,045 | INFO  | DNAudit | user=null | ip=null | op=WRITE_CHUNK {blockData=conID: 3 locID: 102734076970468007 bcsId: 0} | ret=SUCCESS |  
2019-09-04 11:46:50,049 | INFO  | DNAudit | user=null | ip=null | op=WRITE_CHUNK {blockData=conID: 3 locID: 102734076970468007 bcsId: 0} | ret=SUCCESS |  
2019-09-04 11:46:50,051 | INFO  | DNAudit | user=null | ip=null | op=WRITE_CHUNK {blockData=conID: 3 locID: 102734076970468007 bcsId: 0} | ret=SUCCESS |  
2019-09-04 11:46:50,051 | INFO  | DNAudit | user=null | ip=null | op=WRITE_CHUNK {blockData=conID: 3 locID: 102734076970468007 bcsId: 0} | ret=SUCCESS |  
2019-09-04 11:46:50,054 | INFO  | DNAudit | user=null | ip=null | op=WRITE_CHUNK {blockData=conID: 3 locID: 102734076970468007 bcsId: 0} | ret=SUCCESS |  
2019-09-04 11:46:50,057 | INFO  | DNAudit | user=null | ip=null | op=WRITE_CHUNK {blockData=conID: 3 locID: 102734076970468007 bcsId: 0} | ret=SUCCESS |  
 0.00% |█                                                                                                    |  0/1 Time: 0:00:552019-09-04 11:46:50,093 | INFO  | DNAudit | user=null | ip=null | op=WRITE_CHUNK {blockData=conID: 3 locID: 102734076970468007 bcsId: 0} | ret=SUCCESS |  
2019-09-04 11:46:50,093 | INFO  | DNAudit | user=null | ip=null | op=PUT_BLOCK {blockData=[blockId=conID: 3 locID: 102734076970468007 bcsId: 0,size=1048576]} | ret=SUCCESS |  
2019-09-04 11:46:50,093 | INFO  | DNAudit | user=null | ip=null | op=WRITE_CHUNK {blockData=conID: 3 locID: 102734076970468007 bcsId: 0} | ret=SUCCESS |  
2019-09-04 11:46:50,094 | INFO  | DNAudit | user=null | ip=null | op=PUT_BLOCK {blockData=[blockId=conID: 3 locID: 102734076970468007 bcsId: 0,size=2097152]} | ret=SUCCESS |  
2019-09-04 11:46:50,094 [grpc-default-executor-1] INFO  client.GrpcClientProtocolClient (GrpcClientProtocolClient.java:onNext(255)) - client-D5CE890D7D9E->efcb8ff8-f060-4d95-9215-d0f5eb4af037: receive RaftClientReply:client-D5CE890D7D9E->efcb8ff8-f060-4d95-9215-d0f5eb4af037@group-0959F8DF43ED, cid=3350, SUCCESS, logIndex=5061, commits[efcb8ff8-f060-4d95-9215-d0f5eb4af037:c5063, 6fae8b02-e804-4c0e-b729-a97b7404b7f6:c5059, 4c3e8a66-6975-4917-8225-d3efe707aaff:c5058]
2019-09-04 11:46:50,094 [grpc-default-executor-1] INFO  client.GrpcClientProtocolClient (GrpcClientProtocolClient.java:onNext(255)) - client-D5CE890D7D9E->efcb8ff8-f060-4d95-9215-d0f5eb4af037: receive RaftClientReply:client-D5CE890D7D9E->efcb8ff8-f060-4d95-9215-d0f5eb4af037@group-0959F8DF43ED, cid=3351, SUCCESS, logIndex=5062, commits[efcb8ff8-f060-4d95-9215-d0f5eb4af037:c5064, 6fae8b02-e804-4c0e-b729-a97b7404b7f6:c5059, 4c3e8a66-6975-4917-8225-d3efe707aaff:c5058]
2019-09-04 11:46:50,095 [grpc-default-executor-1] INFO  client.GrpcClientProtocolClient (GrpcClientProtocolClient.java:onNext(255)) - client-D5CE890D7D9E->efcb8ff8-f060-4d95-9215-d0f5eb4af037: receive RaftClientReply:client-D5CE890D7D9E->efcb8ff8-f060-4d95-9215-d0f5eb4af037@group-0959F8DF43ED, cid=3352, SUCCESS, logIndex=5063, commits[efcb8ff8-f060-4d95-9215-d0f5eb4af037:c5064, 6fae8b02-e804-4c0e-b729-a97b7404b7f6:c5059, 4c3e8a66-6975-4917-8225-d3efe707aaff:c5058]
2019-09-04 11:46:50,095 [grpc-default-executor-1] INFO  client.GrpcClientProtocolClient (GrpcClientProtocolClient.java:onNext(255)) - client-D5CE890D7D9E->efcb8ff8-f060-4d95-9215-d0f5eb4af037: receive RaftClientReply:client-D5CE890D7D9E->efcb8ff8-f060-4d95-9215-d0f5eb4af037@group-0959F8DF43ED, cid=3353, SUCCESS, logIndex=5064, commits[efcb8ff8-f060-4d95-9215-d0f5eb4af037:c5064, 6fae8b02-e804-4c0e-b729-a97b7404b7f6:c5059, 4c3e8a66-6975-4917-8225-d3efe707aaff:c5058]
2019-09-04 11:46:50,106 | INFO  | DNAudit | user=null | ip=null | op=WRITE_CHUNK {blockData=conID: 3 locID: 102734076970468007 bcsId: 0} | ret=SUCCESS |  
2019-09-04 11:46:50,112 | INFO  | DNAudit | user=null | ip=null | op=PUT_BLOCK {blockData=[blockId=conID: 3 locID: 102734076970468007 bcsId: 0,size=1048576]} | ret=SUCCESS |  
2019-09-04 11:46:50,113 | INFO  | DNAudit | user=null | ip=null | op=WRITE_CHUNK {blockData=conID: 3 locID: 102734076970468007 bcsId: 0} | ret=SUCCESS |  
2019-09-04 11:46:50,113 | INFO  | DNAudit | user=null | ip=null | op=WRITE_CHUNK {blockData=conID: 3 locID: 102734076970468007 bcsId: 0} | ret=SUCCESS |  
2019-09-04 11:46:50,113 | INFO  | DNAudit | user=null | ip=null | op=PUT_BLOCK {blockData=[blockId=conID: 3 locID: 102734076970468007 bcsId: 0,size=2097152]} | ret=SUCCESS |  
2019-09-04 11:46:50,113 | INFO  | DNAudit | user=null | ip=null | op=PUT_BLOCK {blockData=[blockId=conID: 3 locID: 102734076970468007 bcsId: 0,size=1048576]} | ret=SUCCESS |  
2019-09-04 11:46:50,114 | INFO  | DNAudit | user=null | ip=null | op=WRITE_CHUNK {blockData=conID: 3 locID: 102734076970468007 bcsId: 0} | ret=SUCCESS |  
2019-09-04 11:46:50,114 | INFO  | DNAudit | user=null | ip=null | op=PUT_BLOCK {blockData=[blockId=conID: 3 locID: 102734076970468007 bcsId: 0,size=2097152]} | ret=SUCCESS |  
2019-09-04 11:46:50,114 [grpc-default-executor-1] INFO  client.GrpcClientProtocolClient (GrpcClientProtocolClient.java:onNext(255)) - client-D5CE890D7D9E->efcb8ff8-f060-4d95-9215-d0f5eb4af037: receive RaftClientReply:client-D5CE890D7D9E->efcb8ff8-f060-4d95-9215-d0f5eb4af037@group-0959F8DF43ED, cid=3354, SUCCESS, logIndex=0, commits[efcb8ff8-f060-4d95-9215-d0f5eb4af037:c5067, 6fae8b02-e804-4c0e-b729-a97b7404b7f6:c5064, 4c3e8a66-6975-4917-8225-d3efe707aaff:c5063]
2019-09-04 11:46:50,123 | INFO  | DNAudit | user=null | ip=null | op=WRITE_CHUNK {blockData=conID: 3 locID: 102734076970468007 bcsId: 5064} | ret=SUCCESS |  
2019-09-04 11:46:50,127 | INFO  | DNAudit | user=null | ip=null | op=WRITE_CHUNK {blockData=conID: 3 locID: 102734076970468007 bcsId: 5064} | ret=SUCCESS |  
2019-09-04 11:46:50,127 | INFO  | DNAudit | user=null | ip=null | op=WRITE_CHUNK {blockData=conID: 3 locID: 102734076970468007 bcsId: 5064} | ret=SUCCESS |  
2019-09-04 11:46:50,132 | INFO  | DNAudit | user=null | ip=null | op=WRITE_CHUNK {blockData=conID: 3 locID: 102734076970468007 bcsId: 5064} | ret=SUCCESS |  
2019-09-04 11:46:50,133 | INFO  | DNAudit | user=null | ip=null | op=PUT_BLOCK {blockData=[blockId=conID: 3 locID: 102734076970468007 bcsId: 0,size=3145728]} | ret=SUCCESS |  
2019-09-04 11:46:50,133 [grpc-default-executor-1] INFO  client.GrpcClientProtocolClient (GrpcClientProtocolClient.java:onNext(255)) - client-D5CE890D7D9E->efcb8ff8-f060-4d95-9215-d0f5eb4af037: receive RaftClientReply:client-D5CE890D7D9E->efcb8ff8-f060-4d95-9215-d0f5eb4af037@group-0959F8DF43ED, cid=3355, SUCCESS, logIndex=5069, commits[efcb8ff8-f060-4d95-9215-d0f5eb4af037:c5070, 6fae8b02-e804-4c0e-b729-a97b7404b7f6:c5068, 4c3e8a66-6975-4917-8225-d3efe707aaff:c5068]
2019-09-04 11:46:50,134 [grpc-default-executor-1] INFO  client.GrpcClientProtocolClient (GrpcClientProtocolClient.java:onNext(255)) - client-D5CE890D7D9E->efcb8ff8-f060-4d95-9215-d0f5eb4af037: receive RaftClientReply:client-D5CE890D7D9E->efcb8ff8-f060-4d95-9215-d0f5eb4af037@group-0959F8DF43ED, cid=3356, SUCCESS, logIndex=5070, commits[efcb8ff8-f060-4d95-9215-d0f5eb4af037:c5070, 6fae8b02-e804-4c0e-b729-a97b7404b7f6:c5068, 4c3e8a66-6975-4917-8225-d3efe707aaff:c5068]
2019-09-04 11:46:50,141 | INFO  | DNAudit | user=null | ip=null | op=WRITE_CHUNK {blockData=conID: 3 locID: 102734076970468007 bcsId: 5064} | ret=SUCCESS |  
2019-09-04 11:46:50,141 | INFO  | DNAudit | user=null | ip=null | op=WRITE_CHUNK {blockData=conID: 3 locID: 102734076970468007 bcsId: 5064} | ret=SUCCESS |  
2019-09-04 11:46:50,141 | INFO  | DNAudit | user=null | ip=null | op=PUT_BLOCK {blockData=[blockId=conID: 3 locID: 102734076970468007 bcsId: 0,size=3145728]} | ret=SUCCESS |  
2019-09-04 11:46:50,142 | INFO  | DNAudit | user=null | ip=null | op=PUT_BLOCK {blockData=[blockId=conID: 3 locID: 102734076970468007 bcsId: 0,size=3145728]} | ret=SUCCESS |  
2019-09-04 11:46:50,145 | INFO  | DNAudit | user=null | ip=null | op=WRITE_CHUNK {blockData=conID: 3 locID: 102734076970468007 bcsId: 5070} | ret=SUCCESS |  
2019-09-04 11:46:50,147 | INFO  | DNAudit | user=null | ip=null | op=WRITE_CHUNK {blockData=conID: 3 locID: 102734076970468007 bcsId: 5070} | ret=SUCCESS |  
2019-09-04 11:46:50,147 | INFO  | DNAudit | user=null | ip=null | op=WRITE_CHUNK {blockData=conID: 3 locID: 102734076970468007 bcsId: 5070} | ret=SUCCESS |  
2019-09-04 11:46:50,153 | INFO  | DNAudit | user=null | ip=null | op=WRITE_CHUNK {blockData=conID: 3 locID: 102734076970468007 bcsId: 5070} | ret=SUCCESS |  
2019-09-04 11:46:50,153 | INFO  | DNAudit | user=null | ip=null | op=PUT_BLOCK {blockData=[blockId=conID: 3 locID: 102734076970468007 bcsId: 0,size=4194304]} | ret=SUCCESS |  
2019-09-04 11:46:50,153 [grpc-default-executor-6] INFO  client.GrpcClientProtocolClient (GrpcClientProtocolClient.java:onNext(255)) - client-D5CE890D7D9E->efcb8ff8-f060-4d95-9215-d0f5eb4af037: receive RaftClientReply:client-D5CE890D7D9E->efcb8ff8-f060-4d95-9215-d0f5eb4af037@group-0959F8DF43ED, cid=3357, SUCCESS, logIndex=5073, commits[efcb8ff8-f060-4d95-9215-d0f5eb4af037:c5074, 6fae8b02-e804-4c0e-b729-a97b7404b7f6:c5070, 4c3e8a66-6975-4917-8225-d3efe707aaff:c5070]
2019-09-04 11:46:50,154 [grpc-default-executor-6] INFO  client.GrpcClientProtocolClient (GrpcClientProtocolClient.java:onNext(255)) - client-D5CE890D7D9E->efcb8ff8-f060-4d95-9215-d0f5eb4af037: receive RaftClientReply:client-D5CE890D7D9E->efcb8ff8-f060-4d95-9215-d0f5eb4af037@group-0959F8DF43ED, cid=3358, SUCCESS, logIndex=5074, commits[efcb8ff8-f060-4d95-9215-d0f5eb4af037:c5074, 6fae8b02-e804-4c0e-b729-a97b7404b7f6:c5070, 4c3e8a66-6975-4917-8225-d3efe707aaff:c5070]
2019-09-04 11:46:50,164 | INFO  | DNAudit | user=null | ip=null | op=WRITE_CHUNK {blockData=conID: 3 locID: 102734076970468007 bcsId: 5070} | ret=SUCCESS |  
2019-09-04 11:46:50,164 | INFO  | DNAudit | user=null | ip=null | op=WRITE_CHUNK {blockData=conID: 3 locID: 102734076970468007 bcsId: 5070} | ret=SUCCESS |  
2019-09-04 11:46:50,165 | INFO  | DNAudit | user=null | ip=null | op=PUT_BLOCK {blockData=[blockId=conID: 3 locID: 102734076970468007 bcsId: 0,size=4194304]} | ret=SUCCESS |  
2019-09-04 11:46:50,165 | INFO  | DNAudit | user=null | ip=null | op=PUT_BLOCK {blockData=[blockId=conID: 3 locID: 102734076970468007 bcsId: 0,size=4194304]} | ret=SUCCESS |  
2019-09-04 11:46:50,165 [grpc-default-executor-6] INFO  client.GrpcClientProtocolClient (GrpcClientProtocolClient.java:onNext(255)) - client-D5CE890D7D9E->efcb8ff8-f060-4d95-9215-d0f5eb4af037: receive RaftClientReply:client-D5CE890D7D9E->efcb8ff8-f060-4d95-9215-d0f5eb4af037@group-0959F8DF43ED, cid=3359, SUCCESS, logIndex=0, commits[efcb8ff8-f060-4d95-9215-d0f5eb4af037:c5076, 6fae8b02-e804-4c0e-b729-a97b7404b7f6:c5074, 4c3e8a66-6975-4917-8225-d3efe707aaff:c5074]
2019-09-04 11:46:50,175 | INFO  | SCMAudit | user=jenkins1000 | ip=192.168.36.67 | op=ALLOCATE_BLOCK {owner=8ab292a2-aaa7-4ad8-863a-d33994811155, size=4194304, type=RATIS, factor=THREE} | ret=SUCCESS |  
2019-09-04 11:46:50,179 | INFO  | OMAudit | user=jenkins1000 | ip=127.0.0.1 | op=ALLOCATE_BLOCK {volume=vol-0-58699, bucket=bucket-0-57464, key=key-0-37266, dataSize=0, replicationType=null, replicationFactor=null, keyLocationInfo=null, clientID=102734073355960722} | ret=SUCCESS |  
2019-09-04 11:46:50,189 | INFO  | DNAudit | user=null | ip=null | op=WRITE_CHUNK {blockData=conID: 1 locID: 102734076980429480 bcsId: 0} | ret=SUCCESS |  
2019-09-04 11:46:50,193 | INFO  | DNAudit | user=null | ip=null | op=WRITE_CHUNK {blockData=conID: 1 locID: 102734076980429480 bcsId: 0} | ret=SUCCESS |  
2019-09-04 11:46:50,193 | INFO  | DNAudit | user=null | ip=null | op=WRITE_CHUNK {blockData=conID: 1 locID: 102734076980429480 bcsId: 0} | ret=SUCCESS |  
2019-09-04 11:46:50,193 | INFO  | DNAudit | user=null | ip=null | op=WRITE_CHUNK {blockData=conID: 1 locID: 102734076980429480 bcsId: 0} | ret=SUCCESS |  
2019-09-04 11:46:50,194 | INFO  | DNAudit | user=null | ip=null | op=WRITE_CHUNK {blockData=conID: 1 locID: 102734076980429480 bcsId: 0} | ret=SUCCESS |  
2019-09-04 11:46:50,195 | INFO  | DNAudit | user=null | ip=null | op=WRITE_CHUNK {blockData=conID: 1 locID: 102734076980429480 bcsId: 0} | ret=SUCCESS |  
2019-09-04 11:46:50,207 | INFO  | DNAudit | user=null | ip=null | op=WRITE_CHUNK {blockData=conID: 1 locID: 102734076980429480 bcsId: 0} | ret=SUCCESS |  
2019-09-04 11:46:50,208 | INFO  | DNAudit | user=null | ip=null | op=PUT_BLOCK {blockData=[blockId=conID: 1 locID: 102734076980429480 bcsId: 0,size=1048576]} | ret=SUCCESS |  
2019-09-04 11:46:50,208 | INFO  | DNAudit | user=null | ip=null | op=WRITE_CHUNK {blockData=conID: 1 locID: 102734076980429480 bcsId: 0} | ret=SUCCESS |  
2019-09-04 11:46:50,208 | INFO  | DNAudit | user=null | ip=null | op=PUT_BLOCK {blockData=[blockId=conID: 1 locID: 102734076980429480 bcsId: 0,size=2097152]} | ret=SUCCESS |  
2019-09-04 11:46:50,208 [grpc-default-executor-5] INFO  client.GrpcClientProtocolClient (GrpcClientProtocolClient.java:onNext(255)) - client-D5CE890D7D9E->efcb8ff8-f060-4d95-9215-d0f5eb4af037: receive RaftClientReply:client-D5CE890D7D9E->efcb8ff8-f060-4d95-9215-d0f5eb4af037@group-0959F8DF43ED, cid=3360, SUCCESS, logIndex=5077, commits[efcb8ff8-f060-4d95-9215-d0f5eb4af037:c5079, 6fae8b02-e804-4c0e-b729-a97b7404b7f6:c5076, 4c3e8a66-6975-4917-8225-d3efe707aaff:c5076]
2019-09-04 11:46:50,209 [grpc-default-executor-5] INFO  client.GrpcClientProtocolClient (GrpcClientProtocolClient.java:onNext(255)) - client-D5CE890D7D9E->efcb8ff8-f060-4d95-9215-d0f5eb4af037: receive RaftClientReply:client-D5CE890D7D9E->efcb8ff8-f060-4d95-9215-d0f5eb4af037@group-0959F8DF43ED, cid=3361, SUCCESS, logIndex=5078, commits[efcb8ff8-f060-4d95-9215-d0f5eb4af037:c5080, 6fae8b02-e804-4c0e-b729-a97b7404b7f6:c5076, 4c3e8a66-6975-4917-8225-d3efe707aaff:c5076]
2019-09-04 11:46:50,209 [grpc-default-executor-5] INFO  client.GrpcClientProtocolClient (GrpcClientProtocolClient.java:onNext(255)) - client-D5CE890D7D9E->efcb8ff8-f060-4d95-9215-d0f5eb4af037: receive RaftClientReply:client-D5CE890D7D9E->efcb8ff8-f060-4d95-9215-d0f5eb4af037@group-0959F8DF43ED, cid=3362, SUCCESS, logIndex=5079, commits[efcb8ff8-f060-4d95-9215-d0f5eb4af037:c5080, 6fae8b02-e804-4c0e-b729-a97b7404b7f6:c5076, 4c3e8a66-6975-4917-8225-d3efe707aaff:c5076]
2019-09-04 11:46:50,210 [grpc-default-executor-5] INFO  client.GrpcClientProtocolClient (GrpcClientProtocolClient.java:onNext(255)) - client-D5CE890D7D9E->efcb8ff8-f060-4d95-9215-d0f5eb4af037: receive RaftClientReply:client-D5CE890D7D9E->efcb8ff8-f060-4d95-9215-d0f5eb4af037@group-0959F8DF43ED, cid=3363, SUCCESS, logIndex=5080, commits[efcb8ff8-f060-4d95-9215-d0f5eb4af037:c5080, 6fae8b02-e804-4c0e-b729-a97b7404b7f6:c5076, 4c3e8a66-6975-4917-8225-d3efe707aaff:c5076]
2019-09-04 11:46:50,215 | INFO  | DNAudit | user=null | ip=null | op=WRITE_CHUNK {blockData=conID: 1 locID: 102734076980429480 bcsId: 0} | ret=SUCCESS |  
2019-09-04 11:46:50,215 | INFO  | DNAudit | user=null | ip=null | op=WRITE_CHUNK {blockData=conID: 1 locID: 102734076980429480 bcsId: 0} | ret=SUCCESS |  
2019-09-04 11:46:50,215 | INFO  | DNAudit | user=null | ip=null | op=PUT_BLOCK {blockData=[blockId=conID: 1 locID: 102734076980429480 bcsId: 0,size=1048576]} | ret=SUCCESS |  
2019-09-04 11:46:50,215 | INFO  | DNAudit | user=null | ip=null | op=WRITE_CHUNK {blockData=conID: 1 locID: 102734076980429480 bcsId: 0} | ret=SUCCESS |  
2019-09-04 11:46:50,216 | INFO  | DNAudit | user=null | ip=null | op=PUT_BLOCK {blockData=[blockId=conID: 1 locID: 102734076980429480 bcsId: 0,size=1048576]} | ret=SUCCESS |  
2019-09-04 11:46:50,216 | INFO  | DNAudit | user=null | ip=null | op=WRITE_CHUNK {blockData=conID: 1 locID: 102734076980429480 bcsId: 0} | ret=SUCCESS |  
2019-09-04 11:46:50,217 | INFO  | DNAudit | user=null | ip=null | op=PUT_BLOCK {blockData=[blockId=conID: 1 locID: 102734076980429480 bcsId: 0,size=2097152]} | ret=SUCCESS |  
2019-09-04 11:46:50,217 | INFO  | DNAudit | user=null | ip=null | op=PUT_BLOCK {blockData=[blockId=conID: 1 locID: 102734076980429480 bcsId: 0,size=2097152]} | ret=SUCCESS |  
2019-09-04 11:46:50,217 [grpc-default-executor-5] INFO  client.GrpcClientProtocolClient (GrpcClientProtocolClient.java:onNext(255)) - client-D5CE890D7D9E->efcb8ff8-f060-4d95-9215-d0f5eb4af037: receive RaftClientReply:client-D5CE890D7D9E->efcb8ff8-f060-4d95-9215-d0f5eb4af037@group-0959F8DF43ED, cid=3364, SUCCESS, logIndex=0, commits[efcb8ff8-f060-4d95-9215-d0f5eb4af037:c5081, 6fae8b02-e804-4c0e-b729-a97b7404b7f6:c5079, 4c3e8a66-6975-4917-8225-d3efe707aaff:c5079]
2019-09-04 11:46:50,225 | INFO  | DNAudit | user=null | ip=null | op=WRITE_CHUNK {blockData=conID: 1 locID: 102734076980429480 bcsId: 5080} | ret=SUCCESS |  
2019-09-04 11:46:50,228 | INFO  | DNAudit | user=null | ip=null | op=WRITE_CHUNK {blockData=conID: 1 locID: 102734076980429480 bcsId: 5080} | ret=SUCCESS |  
2019-09-04 11:46:50,229 | INFO  | DNAudit | user=null | ip=null | op=WRITE_CHUNK {blockData=conID: 1 locID: 102734076980429480 bcsId: 5080} | ret=SUCCESS |  
2019-09-04 11:46:50,237 | INFO  | DNAudit | user=null | ip=null | op=WRITE_CHUNK {blockData=conID: 1 locID: 102734076980429480 bcsId: 5080} | ret=SUCCESS |  
2019-09-04 11:46:50,237 | INFO  | DNAudit | user=null | ip=null | op=PUT_BLOCK {blockData=[blockId=conID: 1 locID: 102734076980429480 bcsId: 0,size=3145728]} | ret=SUCCESS |  
2019-09-04 11:46:50,237 [grpc-default-executor-4] INFO  client.GrpcClientProtocolClient (GrpcClientProtocolClient.java:onNext(255)) - client-D5CE890D7D9E->efcb8ff8-f060-4d95-9215-d0f5eb4af037: receive RaftClientReply:client-D5CE890D7D9E->efcb8ff8-f060-4d95-9215-d0f5eb4af037@group-0959F8DF43ED, cid=3365, SUCCESS, logIndex=5084, commits[efcb8ff8-f060-4d95-9215-d0f5eb4af037:c5085, 6fae8b02-e804-4c0e-b729-a97b7404b7f6:c5083, 4c3e8a66-6975-4917-8225-d3efe707aaff:c5083]
2019-09-04 11:46:50,238 [grpc-default-executor-4] INFO  client.GrpcClientProtocolClient (GrpcClientProtocolClient.java:onNext(255)) - client-D5CE890D7D9E->efcb8ff8-f060-4d95-9215-d0f5eb4af037: receive RaftClientReply:client-D5CE890D7D9E->efcb8ff8-f060-4d95-9215-d0f5eb4af037@group-0959F8DF43ED, cid=3366, SUCCESS, logIndex=5085, commits[efcb8ff8-f060-4d95-9215-d0f5eb4af037:c5085, 6fae8b02-e804-4c0e-b729-a97b7404b7f6:c5083, 4c3e8a66-6975-4917-8225-d3efe707aaff:c5083]
2019-09-04 11:46:50,244 | INFO  | DNAudit | user=null | ip=null | op=WRITE_CHUNK {blockData=conID: 1 locID: 102734076980429480 bcsId: 5080} | ret=SUCCESS |  
2019-09-04 11:46:50,245 | INFO  | DNAudit | user=null | ip=null | op=WRITE_CHUNK {blockData=conID: 1 locID: 102734076980429480 bcsId: 5080} | ret=SUCCESS |  
2019-09-04 11:46:50,251 | INFO  | DNAudit | user=null | ip=null | op=WRITE_CHUNK {blockData=conID: 1 locID: 102734076980429480 bcsId: 5085} | ret=SUCCESS |  
2019-09-04 11:46:50,253 | INFO  | DNAudit | user=null | ip=null | op=WRITE_CHUNK {blockData=conID: 1 locID: 102734076980429480 bcsId: 5085} | ret=SUCCESS |  
2019-09-04 11:46:50,254 | INFO  | DNAudit | user=null | ip=null | op=WRITE_CHUNK {blockData=conID: 1 locID: 102734076980429480 bcsId: 5085} | ret=SUCCESS |  
2019-09-04 11:46:50,255 | INFO  | DNAudit | user=null | ip=null | op=PUT_BLOCK {blockData=[blockId=conID: 1 locID: 102734076980429480 bcsId: 0,size=3145728]} | ret=SUCCESS |  
2019-09-04 11:46:50,256 | INFO  | DNAudit | user=null | ip=null | op=PUT_BLOCK {blockData=[blockId=conID: 1 locID: 102734076980429480 bcsId: 0,size=3145728]} | ret=SUCCESS |  
2019-09-04 11:46:50,257 | INFO  | DNAudit | user=null | ip=null | op=WRITE_CHUNK {blockData=conID: 1 locID: 102734076980429480 bcsId: 5085} | ret=SUCCESS |  
2019-09-04 11:46:50,257 | INFO  | DNAudit | user=null | ip=null | op=PUT_BLOCK {blockData=[blockId=conID: 1 locID: 102734076980429480 bcsId: 0,size=4194304]} | ret=SUCCESS |  
2019-09-04 11:46:50,258 [grpc-default-executor-5] INFO  client.GrpcClientProtocolClient (GrpcClientProtocolClient.java:onNext(255)) - client-D5CE890D7D9E->efcb8ff8-f060-4d95-9215-d0f5eb4af037: receive RaftClientReply:client-D5CE890D7D9E->efcb8ff8-f060-4d95-9215-d0f5eb4af037@group-0959F8DF43ED, cid=3367, SUCCESS, logIndex=5088, commits[efcb8ff8-f060-4d95-9215-d0f5eb4af037:c5089, 6fae8b02-e804-4c0e-b729-a97b7404b7f6:c5086, 4c3e8a66-6975-4917-8225-d3efe707aaff:c5085]
2019-09-04 11:46:50,258 [grpc-default-executor-5] INFO  client.GrpcClientProtocolClient (GrpcClientProtocolClient.java:onNext(255)) - client-D5CE890D7D9E->efcb8ff8-f060-4d95-9215-d0f5eb4af037: receive RaftClientReply:client-D5CE890D7D9E->efcb8ff8-f060-4d95-9215-d0f5eb4af037@group-0959F8DF43ED, cid=3368, SUCCESS, logIndex=5089, commits[efcb8ff8-f060-4d95-9215-d0f5eb4af037:c5089, 6fae8b02-e804-4c0e-b729-a97b7404b7f6:c5086, 4c3e8a66-6975-4917-8225-d3efe707aaff:c5086]
2019-09-04 11:46:50,266 | INFO  | DNAudit | user=null | ip=null | op=WRITE_CHUNK {blockData=conID: 1 locID: 102734076980429480 bcsId: 5085} | ret=SUCCESS |  
2019-09-04 11:46:50,267 | INFO  | DNAudit | user=null | ip=null | op=WRITE_CHUNK {blockData=conID: 1 locID: 102734076980429480 bcsId: 5085} | ret=SUCCESS |  
2019-09-04 11:46:50,268 | INFO  | DNAudit | user=null | ip=null | op=PUT_BLOCK {blockData=[blockId=conID: 1 locID: 102734076980429480 bcsId: 0,size=4194304]} | ret=SUCCESS |  
2019-09-04 11:46:50,268 | INFO  | DNAudit | user=null | ip=null | op=PUT_BLOCK {blockData=[blockId=conID: 1 locID: 102734076980429480 bcsId: 0,size=4194304]} | ret=SUCCESS |  
2019-09-04 11:46:50,270 [grpc-default-executor-5] INFO  client.GrpcClientProtocolClient (GrpcClientProtocolClient.java:onNext(255)) - client-D5CE890D7D9E->efcb8ff8-f060-4d95-9215-d0f5eb4af037: receive RaftClientReply:client-D5CE890D7D9E->efcb8ff8-f060-4d95-9215-d0f5eb4af037@group-0959F8DF43ED, cid=3369, SUCCESS, logIndex=0, commits[efcb8ff8-f060-4d95-9215-d0f5eb4af037:c5091, 6fae8b02-e804-4c0e-b729-a97b7404b7f6:c5089, 4c3e8a66-6975-4917-8225-d3efe707aaff:c5089]
2019-09-04 11:46:50,278 | INFO  | SCMAudit | user=jenkins1000 | ip=192.168.36.67 | op=ALLOCATE_BLOCK {owner=8ab292a2-aaa7-4ad8-863a-d33994811155, size=4194304, type=RATIS, factor=THREE} | ret=SUCCESS |  
2019-09-04 11:46:50,283 | INFO  | OMAudit | user=jenkins1000 | ip=127.0.0.1 | op=ALLOCATE_BLOCK {volume=vol-0-58699, bucket=bucket-0-57464, key=key-0-37266, dataSize=0, replicationType=null, replicationFactor=null, keyLocationInfo=null, clientID=102734073355960722} | ret=SUCCESS |  
2019-09-04 11:46:50,293 | INFO  | DNAudit | user=null | ip=null | op=WRITE_CHUNK {blockData=conID: 2 locID: 102734076987179689 bcsId: 0} | ret=SUCCESS |  
2019-09-04 11:46:50,296 | INFO  | DNAudit | user=null | ip=null | op=WRITE_CHUNK {blockData=conID: 2 locID: 102734076987179689 bcsId: 0} | ret=SUCCESS |  
2019-09-04 11:46:50,297 | INFO  | DNAudit | user=null | ip=null | op=WRITE_CHUNK {blockData=conID: 2 locID: 102734076987179689 bcsId: 0} | ret=SUCCESS |  
2019-09-04 11:46:50,297 | INFO  | DNAudit | user=null | ip=null | op=WRITE_CHUNK {blockData=conID: 2 locID: 102734076987179689 bcsId: 0} | ret=SUCCESS |  
2019-09-04 11:46:50,299 | INFO  | DNAudit | user=null | ip=null | op=WRITE_CHUNK {blockData=conID: 2 locID: 102734076987179689 bcsId: 0} | ret=SUCCESS |  
2019-09-04 11:46:50,300 | INFO  | DNAudit | user=null | ip=null | op=WRITE_CHUNK {blockData=conID: 2 locID: 102734076987179689 bcsId: 0} | ret=SUCCESS |  
2019-09-04 11:46:50,310 | INFO  | DNAudit | user=null | ip=null | op=WRITE_CHUNK {blockData=conID: 2 locID: 102734076987179689 bcsId: 0} | ret=SUCCESS |  
2019-09-04 11:46:50,311 | INFO  | DNAudit | user=null | ip=null | op=PUT_BLOCK {blockData=[blockId=conID: 2 locID: 102734076987179689 bcsId: 0,size=1048576]} | ret=SUCCESS |  
2019-09-04 11:46:50,311 | INFO  | DNAudit | user=null | ip=null | op=WRITE_CHUNK {blockData=conID: 2 locID: 102734076987179689 bcsId: 0} | ret=SUCCESS |  
2019-09-04 11:46:50,312 | INFO  | DNAudit | user=null | ip=null | op=PUT_BLOCK {blockData=[blockId=conID: 2 locID: 102734076987179689 bcsId: 0,size=2097152]} | ret=SUCCESS |  
2019-09-04 11:46:50,312 [grpc-default-executor-6] INFO  client.GrpcClientProtocolClient (GrpcClientProtocolClient.java:onNext(255)) - client-D5CE890D7D9E->efcb8ff8-f060-4d95-9215-d0f5eb4af037: receive RaftClientReply:client-D5CE890D7D9E->efcb8ff8-f060-4d95-9215-d0f5eb4af037@group-0959F8DF43ED, cid=3370, SUCCESS, logIndex=5092, commits[efcb8ff8-f060-4d95-9215-d0f5eb4af037:c5094, 6fae8b02-e804-4c0e-b729-a97b7404b7f6:c5091, 4c3e8a66-6975-4917-8225-d3efe707aaff:c5089]
2019-09-04 11:46:50,312 [grpc-default-executor-6] INFO  client.GrpcClientProtocolClient (GrpcClientProtocolClient.java:onNext(255)) - client-D5CE890D7D9E->efcb8ff8-f060-4d95-9215-d0f5eb4af037: receive RaftClientReply:client-D5CE890D7D9E->efcb8ff8-f060-4d95-9215-d0f5eb4af037@group-0959F8DF43ED, cid=3371, SUCCESS, logIndex=5093, commits[efcb8ff8-f060-4d95-9215-d0f5eb4af037:c5095, 6fae8b02-e804-4c0e-b729-a97b7404b7f6:c5091, 4c3e8a66-6975-4917-8225-d3efe707aaff:c5091]
2019-09-04 11:46:50,313 [grpc-default-executor-6] INFO  client.GrpcClientProtocolClient (GrpcClientProtocolClient.java:onNext(255)) - client-D5CE890D7D9E->efcb8ff8-f060-4d95-9215-d0f5eb4af037: receive RaftClientReply:client-D5CE890D7D9E->efcb8ff8-f060-4d95-9215-d0f5eb4af037@group-0959F8DF43ED, cid=3372, SUCCESS, logIndex=5094, commits[efcb8ff8-f060-4d95-9215-d0f5eb4af037:c5095, 6fae8b02-e804-4c0e-b729-a97b7404b7f6:c5091, 4c3e8a66-6975-4917-8225-d3efe707aaff:c5091]
2019-09-04 11:46:50,313 [grpc-default-executor-6] INFO  client.GrpcClientProtocolClient (GrpcClientProtocolClient.java:onNext(255)) - client-D5CE890D7D9E->efcb8ff8-f060-4d95-9215-d0f5eb4af037: receive RaftClientReply:client-D5CE890D7D9E->efcb8ff8-f060-4d95-9215-d0f5eb4af037@group-0959F8DF43ED, cid=3373, SUCCESS, logIndex=5095, commits[efcb8ff8-f060-4d95-9215-d0f5eb4af037:c5095, 6fae8b02-e804-4c0e-b729-a97b7404b7f6:c5091, 4c3e8a66-6975-4917-8225-d3efe707aaff:c5091]
2019-09-04 11:46:50,319 | INFO  | DNAudit | user=null | ip=null | op=WRITE_CHUNK {blockData=conID: 2 locID: 102734076987179689 bcsId: 0} | ret=SUCCESS |  
2019-09-04 11:46:50,319 | INFO  | DNAudit | user=null | ip=null | op=PUT_BLOCK {blockData=[blockId=conID: 2 locID: 102734076987179689 bcsId: 0,size=1048576]} | ret=SUCCESS |  
2019-09-04 11:46:50,319 | INFO  | DNAudit | user=null | ip=null | op=WRITE_CHUNK {blockData=conID: 2 locID: 102734076987179689 bcsId: 0} | ret=SUCCESS |  
2019-09-04 11:46:50,320 | INFO  | DNAudit | user=null | ip=null | op=PUT_BLOCK {blockData=[blockId=conID: 2 locID: 102734076987179689 bcsId: 0,size=2097152]} | ret=SUCCESS |  
2019-09-04 11:46:50,320 | INFO  | DNAudit | user=null | ip=null | op=WRITE_CHUNK {blockData=conID: 2 locID: 102734076987179689 bcsId: 0} | ret=SUCCESS |  
2019-09-04 11:46:50,321 | INFO  | DNAudit | user=null | ip=null | op=PUT_BLOCK {blockData=[blockId=conID: 2 locID: 102734076987179689 bcsId: 0,size=1048576]} | ret=SUCCESS |  
2019-09-04 11:46:50,321 | INFO  | DNAudit | user=null | ip=null | op=WRITE_CHUNK {blockData=conID: 2 locID: 102734076987179689 bcsId: 0} | ret=SUCCESS |  
2019-09-04 11:46:50,321 | INFO  | DNAudit | user=null | ip=null | op=PUT_BLOCK {blockData=[blockId=conID: 2 locID: 102734076987179689 bcsId: 0,size=2097152]} | ret=SUCCESS |  
2019-09-04 11:46:50,322 [grpc-default-executor-6] INFO  client.GrpcClientProtocolClient (GrpcClientProtocolClient.java:onNext(255)) - client-D5CE890D7D9E->efcb8ff8-f060-4d95-9215-d0f5eb4af037: receive RaftClientReply:client-D5CE890D7D9E->efcb8ff8-f060-4d95-9215-d0f5eb4af037@group-0959F8DF43ED, cid=3374, SUCCESS, logIndex=0, commits[efcb8ff8-f060-4d95-9215-d0f5eb4af037:c5098, 6fae8b02-e804-4c0e-b729-a97b7404b7f6:c5095, 4c3e8a66-6975-4917-8225-d3efe707aaff:c5094]
2019-09-04 11:46:50,333 | INFO  | DNAudit | user=null | ip=null | op=WRITE_CHUNK {blockData=conID: 2 locID: 102734076987179689 bcsId: 5095} | ret=SUCCESS |  
2019-09-04 11:46:50,336 | INFO  | DNAudit | user=null | ip=null | op=WRITE_CHUNK {blockData=conID: 2 locID: 102734076987179689 bcsId: 5095} | ret=SUCCESS |  
2019-09-04 11:46:50,337 | INFO  | DNAudit | user=null | ip=null | op=WRITE_CHUNK {blockData=conID: 2 locID: 102734076987179689 bcsId: 5095} | ret=SUCCESS |  
2019-09-04 11:46:50,342 | INFO  | DNAudit | user=null | ip=null | op=WRITE_CHUNK {blockData=conID: 2 locID: 102734076987179689 bcsId: 5095} | ret=SUCCESS |  
2019-09-04 11:46:50,342 | INFO  | DNAudit | user=null | ip=null | op=PUT_BLOCK {blockData=[blockId=conID: 2 locID: 102734076987179689 bcsId: 0,size=3145728]} | ret=SUCCESS |  
2019-09-04 11:46:50,342 [grpc-default-executor-5] INFO  client.GrpcClientProtocolClient (GrpcClientProtocolClient.java:onNext(255)) - client-D5CE890D7D9E->efcb8ff8-f060-4d95-9215-d0f5eb4af037: receive RaftClientReply:client-D5CE890D7D9E->efcb8ff8-f060-4d95-9215-d0f5eb4af037@group-0959F8DF43ED, cid=3375, SUCCESS, logIndex=5099, commits[efcb8ff8-f060-4d95-9215-d0f5eb4af037:c5100, 6fae8b02-e804-4c0e-b729-a97b7404b7f6:c5098, 4c3e8a66-6975-4917-8225-d3efe707aaff:c5098]
2019-09-04 11:46:50,343 [grpc-default-executor-5] INFO  client.GrpcClientProtocolClient (GrpcClientProtocolClient.java:onNext(255)) - client-D5CE890D7D9E->efcb8ff8-f060-4d95-9215-d0f5eb4af037: receive RaftClientReply:client-D5CE890D7D9E->efcb8ff8-f060-4d95-9215-d0f5eb4af037@group-0959F8DF43ED, cid=3376, SUCCESS, logIndex=5100, commits[efcb8ff8-f060-4d95-9215-d0f5eb4af037:c5100, 6fae8b02-e804-4c0e-b729-a97b7404b7f6:c5098, 4c3e8a66-6975-4917-8225-d3efe707aaff:c5098]
2019-09-04 11:46:50,351 | INFO  | DNAudit | user=null | ip=null | op=WRITE_CHUNK {blockData=conID: 2 locID: 102734076987179689 bcsId: 5100} | ret=SUCCESS |  
2019-09-04 11:46:50,353 | INFO  | DNAudit | user=null | ip=null | op=WRITE_CHUNK {blockData=conID: 2 locID: 102734076987179689 bcsId: 5095} | ret=SUCCESS |  
2019-09-04 11:46:50,353 | INFO  | DNAudit | user=null | ip=null | op=WRITE_CHUNK {blockData=conID: 2 locID: 102734076987179689 bcsId: 5095} | ret=SUCCESS |  
2019-09-04 11:46:50,354 | INFO  | DNAudit | user=null | ip=null | op=WRITE_CHUNK {blockData=conID: 2 locID: 102734076987179689 bcsId: 5100} | ret=SUCCESS |  
2019-09-04 11:46:50,354 | INFO  | DNAudit | user=null | ip=null | op=WRITE_CHUNK {blockData=conID: 2 locID: 102734076987179689 bcsId: 5100} | ret=SUCCESS |  
2019-09-04 11:46:50,373 | INFO  | DNAudit | user=null | ip=null | op=PUT_BLOCK {blockData=[blockId=conID: 2 locID: 102734076987179689 bcsId: 0,size=3145728]} | ret=SUCCESS |  
2019-09-04 11:46:50,373 | INFO  | DNAudit | user=null | ip=null | op=PUT_BLOCK {blockData=[blockId=conID: 2 locID: 102734076987179689 bcsId: 0,size=3145728]} | ret=SUCCESS |  
2019-09-04 11:46:50,373 | INFO  | DNAudit | user=null | ip=null | op=WRITE_CHUNK {blockData=conID: 2 locID: 102734076987179689 bcsId: 5100} | ret=SUCCESS |  
2019-09-04 11:46:50,374 | INFO  | DNAudit | user=null | ip=null | op=PUT_BLOCK {blockData=[blockId=conID: 2 locID: 102734076987179689 bcsId: 0,size=4194304]} | ret=SUCCESS |  
2019-09-04 11:46:50,374 [grpc-default-executor-5] INFO  client.GrpcClientProtocolClient (GrpcClientProtocolClient.java:onNext(255)) - client-D5CE890D7D9E->efcb8ff8-f060-4d95-9215-d0f5eb4af037: receive RaftClientReply:client-D5CE890D7D9E->efcb8ff8-f060-4d95-9215-d0f5eb4af037@group-0959F8DF43ED, cid=3377, SUCCESS, logIndex=5103, commits[efcb8ff8-f060-4d95-9215-d0f5eb4af037:c5104, 6fae8b02-e804-4c0e-b729-a97b7404b7f6:c5100, 4c3e8a66-6975-4917-8225-d3efe707aaff:c5099]
2019-09-04 11:46:50,374 [grpc-default-executor-5] INFO  client.GrpcClientProtocolClient (GrpcClientProtocolClient.java:onNext(255)) - client-D5CE890D7D9E->efcb8ff8-f060-4d95-9215-d0f5eb4af037: receive RaftClientReply:client-D5CE890D7D9E->efcb8ff8-f060-4d95-9215-d0f5eb4af037@group-0959F8DF43ED, cid=3378, SUCCESS, logIndex=5104, commits[efcb8ff8-f060-4d95-9215-d0f5eb4af037:c5104, 6fae8b02-e804-4c0e-b729-a97b7404b7f6:c5100, 4c3e8a66-6975-4917-8225-d3efe707aaff:c5100]
2019-09-04 11:46:50,380 | INFO  | DNAudit | user=null | ip=null | op=WRITE_CHUNK {blockData=conID: 2 locID: 102734076987179689 bcsId: 5100} | ret=SUCCESS |  
2019-09-04 11:46:50,380 | INFO  | DNAudit | user=null | ip=null | op=WRITE_CHUNK {blockData=conID: 2 locID: 102734076987179689 bcsId: 5100} | ret=SUCCESS |  
2019-09-04 11:46:50,381 | INFO  | DNAudit | user=null | ip=null | op=PUT_BLOCK {blockData=[blockId=conID: 2 locID: 102734076987179689 bcsId: 0,size=4194304]} | ret=SUCCESS |  
2019-09-04 11:46:50,381 | INFO  | DNAudit | user=null | ip=null | op=PUT_BLOCK {blockData=[blockId=conID: 2 locID: 102734076987179689 bcsId: 0,size=4194304]} | ret=SUCCESS |  
2019-09-04 11:46:50,381 [grpc-default-executor-5] INFO  client.GrpcClientProtocolClient (GrpcClientProtocolClient.java:onNext(255)) - client-D5CE890D7D9E->efcb8ff8-f060-4d95-9215-d0f5eb4af037: receive RaftClientReply:client-D5CE890D7D9E->efcb8ff8-f060-4d95-9215-d0f5eb4af037@group-0959F8DF43ED, cid=3379, SUCCESS, logIndex=0, commits[efcb8ff8-f060-4d95-9215-d0f5eb4af037:c5105, 6fae8b02-e804-4c0e-b729-a97b7404b7f6:c5104, 4c3e8a66-6975-4917-8225-d3efe707aaff:c5104]
2019-09-04 11:46:50,391 | INFO  | SCMAudit | user=jenkins1000 | ip=192.168.36.67 | op=ALLOCATE_BLOCK {owner=8ab292a2-aaa7-4ad8-863a-d33994811155, size=4194304, type=RATIS, factor=THREE} | ret=SUCCESS |  
2019-09-04 11:46:50,395 | INFO  | OMAudit | user=jenkins1000 | ip=127.0.0.1 | op=ALLOCATE_BLOCK {volume=vol-0-58699, bucket=bucket-0-57464, key=key-0-37266, dataSize=0, replicationType=null, replicationFactor=null, keyLocationInfo=null, clientID=102734073355960722} | ret=SUCCESS |  
2019-09-04 11:46:50,410 | INFO  | DNAudit | user=null | ip=null | op=WRITE_CHUNK {blockData=conID: 3 locID: 102734076994585258 bcsId: 0} | ret=SUCCESS |  
2019-09-04 11:46:50,415 | INFO  | DNAudit | user=null | ip=null | op=WRITE_CHUNK {blockData=conID: 3 locID: 102734076994585258 bcsId: 0} | ret=SUCCESS |  
2019-09-04 11:46:50,415 | INFO  | DNAudit | user=null | ip=null | op=WRITE_CHUNK {blockData=conID: 3 locID: 102734076994585258 bcsId: 0} | ret=SUCCESS |  
2019-09-04 11:46:50,415 | INFO  | DNAudit | user=null | ip=null | op=WRITE_CHUNK {blockData=conID: 3 locID: 102734076994585258 bcsId: 0} | ret=SUCCESS |  
2019-09-04 11:46:50,418 | INFO  | DNAudit | user=null | ip=null | op=WRITE_CHUNK {blockData=conID: 3 locID: 102734076994585258 bcsId: 0} | ret=SUCCESS |  
2019-09-04 11:46:50,418 | INFO  | DNAudit | user=null | ip=null | op=WRITE_CHUNK {blockData=conID: 3 locID: 102734076994585258 bcsId: 0} | ret=SUCCESS |  
2019-09-04 11:46:50,424 | INFO  | DNAudit | user=null | ip=null | op=WRITE_CHUNK {blockData=conID: 3 locID: 102734076994585258 bcsId: 0} | ret=SUCCESS |  
2019-09-04 11:46:50,424 | INFO  | DNAudit | user=null | ip=null | op=PUT_BLOCK {blockData=[blockId=conID: 3 locID: 102734076994585258 bcsId: 0,size=1048576]} | ret=SUCCESS |  
2019-09-04 11:46:50,425 | INFO  | DNAudit | user=null | ip=null | op=WRITE_CHUNK {blockData=conID: 3 locID: 102734076994585258 bcsId: 0} | ret=SUCCESS |  
2019-09-04 11:46:50,425 [grpc-default-executor-1] INFO  client.GrpcClientProtocolClient (GrpcClientProtocolClient.java:onNext(255)) - client-D5CE890D7D9E->efcb8ff8-f060-4d95-9215-d0f5eb4af037: receive RaftClientReply:client-D5CE890D7D9E->efcb8ff8-f060-4d95-9215-d0f5eb4af037@group-0959F8DF43ED, cid=3380, SUCCESS, logIndex=5107, commits[efcb8ff8-f060-4d95-9215-d0f5eb4af037:c5108, 6fae8b02-e804-4c0e-b729-a97b7404b7f6:c5106, 4c3e8a66-6975-4917-8225-d3efe707aaff:c5106]
2019-09-04 11:46:50,426 | INFO  | DNAudit | user=null | ip=null | op=PUT_BLOCK {blockData=[blockId=conID: 3 locID: 102734076994585258 bcsId: 0,size=2097152]} | ret=SUCCESS |  
2019-09-04 11:46:50,426 [grpc-default-executor-1] INFO  client.GrpcClientProtocolClient (GrpcClientProtocolClient.java:onNext(255)) - client-D5CE890D7D9E->efcb8ff8-f060-4d95-9215-d0f5eb4af037: receive RaftClientReply:client-D5CE890D7D9E->efcb8ff8-f060-4d95-9215-d0f5eb4af037@group-0959F8DF43ED, cid=3381, SUCCESS, logIndex=5108, commits[efcb8ff8-f060-4d95-9215-d0f5eb4af037:c5108, 6fae8b02-e804-4c0e-b729-a97b7404b7f6:c5106, 4c3e8a66-6975-4917-8225-d3efe707aaff:c5106]
2019-09-04 11:46:50,426 [grpc-default-executor-1] INFO  client.GrpcClientProtocolClient (GrpcClientProtocolClient.java:onNext(255)) - client-D5CE890D7D9E->efcb8ff8-f060-4d95-9215-d0f5eb4af037: receive RaftClientReply:client-D5CE890D7D9E->efcb8ff8-f060-4d95-9215-d0f5eb4af037@group-0959F8DF43ED, cid=3382, SUCCESS, logIndex=5109, commits[efcb8ff8-f060-4d95-9215-d0f5eb4af037:c5110, 6fae8b02-e804-4c0e-b729-a97b7404b7f6:c5106, 4c3e8a66-6975-4917-8225-d3efe707aaff:c5106]
2019-09-04 11:46:50,427 [grpc-default-executor-1] INFO  client.GrpcClientProtocolClient (GrpcClientProtocolClient.java:onNext(255)) - client-D5CE890D7D9E->efcb8ff8-f060-4d95-9215-d0f5eb4af037: receive RaftClientReply:client-D5CE890D7D9E->efcb8ff8-f060-4d95-9215-d0f5eb4af037@group-0959F8DF43ED, cid=3383, SUCCESS, logIndex=5110, commits[efcb8ff8-f060-4d95-9215-d0f5eb4af037:c5110, 6fae8b02-e804-4c0e-b729-a97b7404b7f6:c5106, 4c3e8a66-6975-4917-8225-d3efe707aaff:c5106]
2019-09-04 11:46:50,431 | INFO  | DNAudit | user=null | ip=null | op=WRITE_CHUNK {blockData=conID: 3 locID: 102734076994585258 bcsId: 0} | ret=SUCCESS |  
2019-09-04 11:46:50,431 | INFO  | DNAudit | user=null | ip=null | op=WRITE_CHUNK {blockData=conID: 3 locID: 102734076994585258 bcsId: 0} | ret=SUCCESS |  
2019-09-04 11:46:50,432 | INFO  | DNAudit | user=null | ip=null | op=PUT_BLOCK {blockData=[blockId=conID: 3 locID: 102734076994585258 bcsId: 0,size=1048576]} | ret=SUCCESS |  
2019-09-04 11:46:50,432 | INFO  | DNAudit | user=null | ip=null | op=PUT_BLOCK {blockData=[blockId=conID: 3 locID: 102734076994585258 bcsId: 0,size=1048576]} | ret=SUCCESS |  
2019-09-04 11:46:50,432 | INFO  | DNAudit | user=null | ip=null | op=WRITE_CHUNK {blockData=conID: 3 locID: 102734076994585258 bcsId: 0} | ret=SUCCESS |  
2019-09-04 11:46:50,432 | INFO  | DNAudit | user=null | ip=null | op=PUT_BLOCK {blockData=[blockId=conID: 3 locID: 102734076994585258 bcsId: 0,size=2097152]} | ret=SUCCESS |  
2019-09-04 11:46:50,432 | INFO  | DNAudit | user=null | ip=null | op=WRITE_CHUNK {blockData=conID: 3 locID: 102734076994585258 bcsId: 0} | ret=SUCCESS |  
2019-09-04 11:46:50,433 | INFO  | DNAudit | user=null | ip=null | op=PUT_BLOCK {blockData=[blockId=conID: 3 locID: 102734076994585258 bcsId: 0,size=2097152]} | ret=SUCCESS |  
2019-09-04 11:46:50,434 [grpc-default-executor-4] INFO  client.GrpcClientProtocolClient (GrpcClientProtocolClient.java:onNext(255)) - client-D5CE890D7D9E->efcb8ff8-f060-4d95-9215-d0f5eb4af037: receive RaftClientReply:client-D5CE890D7D9E->efcb8ff8-f060-4d95-9215-d0f5eb4af037@group-0959F8DF43ED, cid=3384, SUCCESS, logIndex=0, commits[efcb8ff8-f060-4d95-9215-d0f5eb4af037:c5113, 6fae8b02-e804-4c0e-b729-a97b7404b7f6:c5110, 4c3e8a66-6975-4917-8225-d3efe707aaff:c5108]
2019-09-04 11:46:50,443 | INFO  | DNAudit | user=null | ip=null | op=WRITE_CHUNK {blockData=conID: 3 locID: 102734076994585258 bcsId: 5110} | ret=SUCCESS |  
2019-09-04 11:46:50,445 | INFO  | DNAudit | user=null | ip=null | op=WRITE_CHUNK {blockData=conID: 3 locID: 102734076994585258 bcsId: 5110} | ret=SUCCESS |  
2019-09-04 11:46:50,446 | INFO  | DNAudit | user=null | ip=null | op=WRITE_CHUNK {blockData=conID: 3 locID: 102734076994585258 bcsId: 5110} | ret=SUCCESS |  
2019-09-04 11:46:50,467 | INFO  | DNAudit | user=null | ip=null | op=WRITE_CHUNK {blockData=conID: 3 locID: 102734076994585258 bcsId: 5110} | ret=SUCCESS |  
2019-09-04 11:46:50,468 | INFO  | DNAudit | user=null | ip=null | op=PUT_BLOCK {blockData=[blockId=conID: 3 locID: 102734076994585258 bcsId: 0,size=3145728]} | ret=SUCCESS |  
2019-09-04 11:46:50,468 [grpc-default-executor-5] INFO  client.GrpcClientProtocolClient (GrpcClientProtocolClient.java:onNext(255)) - client-D5CE890D7D9E->efcb8ff8-f060-4d95-9215-d0f5eb4af037: receive RaftClientReply:client-D5CE890D7D9E->efcb8ff8-f060-4d95-9215-d0f5eb4af037@group-0959F8DF43ED, cid=3385, SUCCESS, logIndex=5115, commits[efcb8ff8-f060-4d95-9215-d0f5eb4af037:c5116, 6fae8b02-e804-4c0e-b729-a97b7404b7f6:c5114, 4c3e8a66-6975-4917-8225-d3efe707aaff:c5114]
2019-09-04 11:46:50,469 [grpc-default-executor-5] INFO  client.GrpcClientProtocolClient (GrpcClientProtocolClient.java:onNext(255)) - client-D5CE890D7D9E->efcb8ff8-f060-4d95-9215-d0f5eb4af037: receive RaftClientReply:client-D5CE890D7D9E->efcb8ff8-f060-4d95-9215-d0f5eb4af037@group-0959F8DF43ED, cid=3386, SUCCESS, logIndex=5116, commits[efcb8ff8-f060-4d95-9215-d0f5eb4af037:c5116, 6fae8b02-e804-4c0e-b729-a97b7404b7f6:c5114, 4c3e8a66-6975-4917-8225-d3efe707aaff:c5114]
2019-09-04 11:46:50,476 | INFO  | DNAudit | user=null | ip=null | op=WRITE_CHUNK {blockData=conID: 3 locID: 102734076994585258 bcsId: 5110} | ret=SUCCESS |  
2019-09-04 11:46:50,476 | INFO  | DNAudit | user=null | ip=null | op=WRITE_CHUNK {blockData=conID: 3 locID: 102734076994585258 bcsId: 5110} | ret=SUCCESS |  
2019-09-04 11:46:50,476 | INFO  | DNAudit | user=null | ip=null | op=WRITE_CHUNK {blockData=conID: 3 locID: 102734076994585258 bcsId: 5116} | ret=SUCCESS |  
2019-09-04 11:46:50,476 | INFO  | DNAudit | user=null | ip=null | op=PUT_BLOCK {blockData=[blockId=conID: 3 locID: 102734076994585258 bcsId: 0,size=3145728]} | ret=SUCCESS |  
2019-09-04 11:46:50,479 | INFO  | DNAudit | user=null | ip=null | op=WRITE_CHUNK {blockData=conID: 3 locID: 102734076994585258 bcsId: 5116} | ret=SUCCESS |  
2019-09-04 11:46:50,479 | INFO  | DNAudit | user=null | ip=null | op=WRITE_CHUNK {blockData=conID: 3 locID: 102734076994585258 bcsId: 5116} | ret=SUCCESS |  
2019-09-04 11:46:50,486 | INFO  | DNAudit | user=null | ip=null | op=PUT_BLOCK {blockData=[blockId=conID: 3 locID: 102734076994585258 bcsId: 0,size=3145728]} | ret=SUCCESS |  
2019-09-04 11:46:50,488 | INFO  | DNAudit | user=null | ip=null | op=WRITE_CHUNK {blockData=conID: 3 locID: 102734076994585258 bcsId: 5116} | ret=SUCCESS |  
2019-09-04 11:46:50,489 | INFO  | DNAudit | user=null | ip=null | op=PUT_BLOCK {blockData=[blockId=conID: 3 locID: 102734076994585258 bcsId: 0,size=4194304]} | ret=SUCCESS |  
2019-09-04 11:46:50,489 [grpc-default-executor-1] INFO  client.GrpcClientProtocolClient (GrpcClientProtocolClient.java:onNext(255)) - client-D5CE890D7D9E->efcb8ff8-f060-4d95-9215-d0f5eb4af037: receive RaftClientReply:client-D5CE890D7D9E->efcb8ff8-f060-4d95-9215-d0f5eb4af037@group-0959F8DF43ED, cid=3387, SUCCESS, logIndex=5119, commits[efcb8ff8-f060-4d95-9215-d0f5eb4af037:c5120, 6fae8b02-e804-4c0e-b729-a97b7404b7f6:c5116, 4c3e8a66-6975-4917-8225-d3efe707aaff:c5116]
2019-09-04 11:46:50,489 [grpc-default-executor-1] INFO  client.GrpcClientProtocolClient (GrpcClientProtocolClient.java:onNext(255)) - client-D5CE890D7D9E->efcb8ff8-f060-4d95-9215-d0f5eb4af037: receive RaftClientReply:client-D5CE890D7D9E->efcb8ff8-f060-4d95-9215-d0f5eb4af037@group-0959F8DF43ED, cid=3388, SUCCESS, logIndex=5120, commits[efcb8ff8-f060-4d95-9215-d0f5eb4af037:c5120, 6fae8b02-e804-4c0e-b729-a97b7404b7f6:c5116, 4c3e8a66-6975-4917-8225-d3efe707aaff:c5116]
2019-09-04 11:46:50,501 | INFO  | DNAudit | user=null | ip=null | op=WRITE_CHUNK {blockData=conID: 3 locID: 102734076994585258 bcsId: 5116} | ret=SUCCESS |  
2019-09-04 11:46:50,501 | INFO  | DNAudit | user=null | ip=null | op=WRITE_CHUNK {blockData=conID: 3 locID: 102734076994585258 bcsId: 5116} | ret=SUCCESS |  
2019-09-04 11:46:50,501 | INFO  | DNAudit | user=null | ip=null | op=PUT_BLOCK {blockData=[blockId=conID: 3 locID: 102734076994585258 bcsId: 0,size=4194304]} | ret=SUCCESS |  
2019-09-04 11:46:50,501 | INFO  | DNAudit | user=null | ip=null | op=PUT_BLOCK {blockData=[blockId=conID: 3 locID: 102734076994585258 bcsId: 0,size=4194304]} | ret=SUCCESS |  
2019-09-04 11:46:50,502 [grpc-default-executor-1] INFO  client.GrpcClientProtocolClient (GrpcClientProtocolClient.java:onNext(255)) - client-D5CE890D7D9E->efcb8ff8-f060-4d95-9215-d0f5eb4af037: receive RaftClientReply:client-D5CE890D7D9E->efcb8ff8-f060-4d95-9215-d0f5eb4af037@group-0959F8DF43ED, cid=3389, SUCCESS, logIndex=0, commits[efcb8ff8-f060-4d95-9215-d0f5eb4af037:c5121, 6fae8b02-e804-4c0e-b729-a97b7404b7f6:c5120, 4c3e8a66-6975-4917-8225-d3efe707aaff:c5120]
2019-09-04 11:46:50,511 | INFO  | SCMAudit | user=jenkins1000 | ip=192.168.36.67 | op=ALLOCATE_BLOCK {owner=8ab292a2-aaa7-4ad8-863a-d33994811155, size=4194304, type=RATIS, factor=THREE} | ret=SUCCESS |  
2019-09-04 11:46:50,518 | INFO  | OMAudit | user=jenkins1000 | ip=127.0.0.1 | op=ALLOCATE_BLOCK {volume=vol-0-58699, bucket=bucket-0-57464, key=key-0-37266, dataSize=0, replicationType=null, replicationFactor=null, keyLocationInfo=null, clientID=102734073355960722} | ret=SUCCESS |  
2019-09-04 11:46:50,525 | INFO  | DNAudit | user=null | ip=null | op=WRITE_CHUNK {blockData=conID: 1 locID: 102734077002449579 bcsId: 0} | ret=SUCCESS |  
2019-09-04 11:46:50,528 | INFO  | DNAudit | user=null | ip=null | op=WRITE_CHUNK {blockData=conID: 1 locID: 102734077002449579 bcsId: 0} | ret=SUCCESS |  
2019-09-04 11:46:50,528 | INFO  | DNAudit | user=null | ip=null | op=WRITE_CHUNK {blockData=conID: 1 locID: 102734077002449579 bcsId: 0} | ret=SUCCESS |  
2019-09-04 11:46:50,530 | INFO  | DNAudit | user=null | ip=null | op=WRITE_CHUNK {blockData=conID: 1 locID: 102734077002449579 bcsId: 0} | ret=SUCCESS |  
2019-09-04 11:46:50,532 | INFO  | DNAudit | user=null | ip=null | op=WRITE_CHUNK {blockData=conID: 1 locID: 102734077002449579 bcsId: 0} | ret=SUCCESS |  
2019-09-04 11:46:50,533 | INFO  | DNAudit | user=null | ip=null | op=WRITE_CHUNK {blockData=conID: 1 locID: 102734077002449579 bcsId: 0} | ret=SUCCESS |  
2019-09-04 11:46:50,553 | INFO  | DNAudit | user=null | ip=null | op=WRITE_CHUNK {blockData=conID: 1 locID: 102734077002449579 bcsId: 0} | ret=SUCCESS |  
2019-09-04 11:46:50,554 | INFO  | DNAudit | user=null | ip=null | op=PUT_BLOCK {blockData=[blockId=conID: 1 locID: 102734077002449579 bcsId: 0,size=1048576]} | ret=SUCCESS |  
2019-09-04 11:46:50,554 [grpc-default-executor-5] INFO  client.GrpcClientProtocolClient (GrpcClientProtocolClient.java:onNext(255)) - client-D5CE890D7D9E->efcb8ff8-f060-4d95-9215-d0f5eb4af037: receive RaftClientReply:client-D5CE890D7D9E->efcb8ff8-f060-4d95-9215-d0f5eb4af037@group-0959F8DF43ED, cid=3390, SUCCESS, logIndex=5123, commits[efcb8ff8-f060-4d95-9215-d0f5eb4af037:c5124, 6fae8b02-e804-4c0e-b729-a97b7404b7f6:c5122, 4c3e8a66-6975-4917-8225-d3efe707aaff:c5122]
2019-09-04 11:46:50,555 [grpc-default-executor-5] INFO  client.GrpcClientProtocolClient (GrpcClientProtocolClient.java:onNext(255)) - client-D5CE890D7D9E->efcb8ff8-f060-4d95-9215-d0f5eb4af037: receive RaftClientReply:client-D5CE890D7D9E->efcb8ff8-f060-4d95-9215-d0f5eb4af037@group-0959F8DF43ED, cid=3391, SUCCESS, logIndex=5124, commits[efcb8ff8-f060-4d95-9215-d0f5eb4af037:c5124, 6fae8b02-e804-4c0e-b729-a97b7404b7f6:c5122, 4c3e8a66-6975-4917-8225-d3efe707aaff:c5122]
2019-09-04 11:46:50,580 | INFO  | DNAudit | user=null | ip=null | op=WRITE_CHUNK {blockData=conID: 1 locID: 102734077002449579 bcsId: 0} | ret=SUCCESS |  
2019-09-04 11:46:50,580 | INFO  | DNAudit | user=null | ip=null | op=WRITE_CHUNK {blockData=conID: 1 locID: 102734077002449579 bcsId: 0} | ret=SUCCESS |  
2019-09-04 11:46:50,581 | INFO  | DNAudit | user=null | ip=null | op=WRITE_CHUNK {blockData=conID: 1 locID: 102734077002449579 bcsId: 0} | ret=SUCCESS |  
2019-09-04 11:46:50,581 | INFO  | DNAudit | user=null | ip=null | op=PUT_BLOCK {blockData=[blockId=conID: 1 locID: 102734077002449579 bcsId: 0,size=1048576]} | ret=SUCCESS |  
2019-09-04 11:46:50,581 | INFO  | DNAudit | user=null | ip=null | op=PUT_BLOCK {blockData=[blockId=conID: 1 locID: 102734077002449579 bcsId: 0,size=1048576]} | ret=SUCCESS |  
2019-09-04 11:46:50,581 | INFO  | DNAudit | user=null | ip=null | op=PUT_BLOCK {blockData=[blockId=conID: 1 locID: 102734077002449579 bcsId: 0,size=2097152]} | ret=SUCCESS |  
2019-09-04 11:46:50,582 [grpc-default-executor-1] INFO  client.GrpcClientProtocolClient (GrpcClientProtocolClient.java:onNext(255)) - client-D5CE890D7D9E->efcb8ff8-f060-4d95-9215-d0f5eb4af037: receive RaftClientReply:client-D5CE890D7D9E->efcb8ff8-f060-4d95-9215-d0f5eb4af037@group-0959F8DF43ED, cid=3392, SUCCESS, logIndex=5125, commits[efcb8ff8-f060-4d95-9215-d0f5eb4af037:c5125, 6fae8b02-e804-4c0e-b729-a97b7404b7f6:c5122, 4c3e8a66-6975-4917-8225-d3efe707aaff:c5122]
2019-09-04 11:46:50,583 [grpc-default-executor-1] INFO  client.GrpcClientProtocolClient (GrpcClientProtocolClient.java:onNext(255)) - client-D5CE890D7D9E->efcb8ff8-f060-4d95-9215-d0f5eb4af037: receive RaftClientReply:client-D5CE890D7D9E->efcb8ff8-f060-4d95-9215-d0f5eb4af037@group-0959F8DF43ED, cid=3393, SUCCESS, logIndex=5126, commits[efcb8ff8-f060-4d95-9215-d0f5eb4af037:c5128, 6fae8b02-e804-4c0e-b729-a97b7404b7f6:c5124, 4c3e8a66-6975-4917-8225-d3efe707aaff:c5124]
2019-09-04 11:46:50,591 | INFO  | DNAudit | user=null | ip=null | op=WRITE_CHUNK {blockData=conID: 1 locID: 102734077002449579 bcsId: 0} | ret=SUCCESS |  
2019-09-04 11:46:50,592 | INFO  | DNAudit | user=null | ip=null | op=WRITE_CHUNK {blockData=conID: 1 locID: 102734077002449579 bcsId: 0} | ret=SUCCESS |  
2019-09-04 11:46:50,592 | INFO  | DNAudit | user=null | ip=null | op=WRITE_CHUNK {blockData=conID: 1 locID: 102734077002449579 bcsId: 5126} | ret=SUCCESS |  
2019-09-04 11:46:50,595 | INFO  | DNAudit | user=null | ip=null | op=WRITE_CHUNK {blockData=conID: 1 locID: 102734077002449579 bcsId: 5126} | ret=SUCCESS |  
2019-09-04 11:46:50,595 | INFO  | DNAudit | user=null | ip=null | op=WRITE_CHUNK {blockData=conID: 1 locID: 102734077002449579 bcsId: 5126} | ret=SUCCESS |  
2019-09-04 11:46:50,604 | INFO  | DNAudit | user=null | ip=null | op=PUT_BLOCK {blockData=[blockId=conID: 1 locID: 102734077002449579 bcsId: 0,size=2097152]} | ret=SUCCESS |  
2019-09-04 11:46:50,604 | INFO  | DNAudit | user=null | ip=null | op=PUT_BLOCK {blockData=[blockId=conID: 1 locID: 102734077002449579 bcsId: 0,size=2097152]} | ret=SUCCESS |  
2019-09-04 11:46:50,605 | INFO  | DNAudit | user=null | ip=null | op=WRITE_CHUNK {blockData=conID: 1 locID: 102734077002449579 bcsId: 5126} | ret=SUCCESS |  
2019-09-04 11:46:50,606 | INFO  | DNAudit | user=null | ip=null | op=PUT_BLOCK {blockData=[blockId=conID: 1 locID: 102734077002449579 bcsId: 0,size=3145728]} | ret=SUCCESS |  
2019-09-04 11:46:50,606 [grpc-default-executor-1] INFO  client.GrpcClientProtocolClient (GrpcClientProtocolClient.java:onNext(255)) - client-D5CE890D7D9E->efcb8ff8-f060-4d95-9215-d0f5eb4af037: receive RaftClientReply:client-D5CE890D7D9E->efcb8ff8-f060-4d95-9215-d0f5eb4af037@group-0959F8DF43ED, cid=3394, SUCCESS, logIndex=5131, commits[efcb8ff8-f060-4d95-9215-d0f5eb4af037:c5132, 6fae8b02-e804-4c0e-b729-a97b7404b7f6:c5128, 4c3e8a66-6975-4917-8225-d3efe707aaff:c5127]
2019-09-04 11:46:50,606 [grpc-default-executor-1] INFO  client.GrpcClientProtocolClient (GrpcClientProtocolClient.java:onNext(255)) - client-D5CE890D7D9E->efcb8ff8-f060-4d95-9215-d0f5eb4af037: receive RaftClientReply:client-D5CE890D7D9E->efcb8ff8-f060-4d95-9215-d0f5eb4af037@group-0959F8DF43ED, cid=3395, SUCCESS, logIndex=5132, commits[efcb8ff8-f060-4d95-9215-d0f5eb4af037:c5132, 6fae8b02-e804-4c0e-b729-a97b7404b7f6:c5128, 4c3e8a66-6975-4917-8225-d3efe707aaff:c5128]
2019-09-04 11:46:50,614 | INFO  | DNAudit | user=null | ip=null | op=WRITE_CHUNK {blockData=conID: 1 locID: 102734077002449579 bcsId: 5132} | ret=SUCCESS |  
2019-09-04 11:46:50,616 | INFO  | DNAudit | user=null | ip=null | op=WRITE_CHUNK {blockData=conID: 1 locID: 102734077002449579 bcsId: 5132} | ret=SUCCESS |  
2019-09-04 11:46:50,617 | INFO  | DNAudit | user=null | ip=null | op=WRITE_CHUNK {blockData=conID: 1 locID: 102734077002449579 bcsId: 5126} | ret=SUCCESS |  
2019-09-04 11:46:50,617 | INFO  | DNAudit | user=null | ip=null | op=WRITE_CHUNK {blockData=conID: 1 locID: 102734077002449579 bcsId: 5126} | ret=SUCCESS |  
2019-09-04 11:46:50,618 | INFO  | DNAudit | user=null | ip=null | op=WRITE_CHUNK {blockData=conID: 1 locID: 102734077002449579 bcsId: 5132} | ret=SUCCESS |  
2019-09-04 11:46:50,618 | INFO  | DNAudit | user=null | ip=null | op=PUT_BLOCK {blockData=[blockId=conID: 1 locID: 102734077002449579 bcsId: 0,size=3145728]} | ret=SUCCESS |  
2019-09-04 11:46:50,619 | INFO  | DNAudit | user=null | ip=null | op=WRITE_CHUNK {blockData=conID: 1 locID: 102734077002449579 bcsId: 5132} | ret=SUCCESS |  
2019-09-04 11:46:50,619 | INFO  | DNAudit | user=null | ip=null | op=PUT_BLOCK {blockData=[blockId=conID: 1 locID: 102734077002449579 bcsId: 0,size=4194304]} | ret=SUCCESS |  
2019-09-04 11:46:50,620 [grpc-default-executor-6] INFO  client.GrpcClientProtocolClient (GrpcClientProtocolClient.java:onNext(255)) - client-D5CE890D7D9E->efcb8ff8-f060-4d95-9215-d0f5eb4af037: receive RaftClientReply:client-D5CE890D7D9E->efcb8ff8-f060-4d95-9215-d0f5eb4af037@group-0959F8DF43ED, cid=3396, SUCCESS, logIndex=5135, commits[efcb8ff8-f060-4d95-9215-d0f5eb4af037:c5136, 6fae8b02-e804-4c0e-b729-a97b7404b7f6:c5132, 4c3e8a66-6975-4917-8225-d3efe707aaff:c5131]
2019-09-04 11:46:50,620 [grpc-default-executor-6] INFO  client.GrpcClientProtocolClient (GrpcClientProtocolClient.java:onNext(255)) - client-D5CE890D7D9E->efcb8ff8-f060-4d95-9215-d0f5eb4af037: receive RaftClientReply:client-D5CE890D7D9E->efcb8ff8-f060-4d95-9215-d0f5eb4af037@group-0959F8DF43ED, cid=3397, SUCCESS, logIndex=5136, commits[efcb8ff8-f060-4d95-9215-d0f5eb4af037:c5136, 6fae8b02-e804-4c0e-b729-a97b7404b7f6:c5132, 4c3e8a66-6975-4917-8225-d3efe707aaff:c5131]
2019-09-04 11:46:50,627 | INFO  | DNAudit | user=null | ip=null | op=PUT_BLOCK {blockData=[blockId=conID: 1 locID: 102734077002449579 bcsId: 0,size=3145728]} | ret=SUCCESS |  
2019-09-04 11:46:50,628 | INFO  | DNAudit | user=null | ip=null | op=WRITE_CHUNK {blockData=conID: 1 locID: 102734077002449579 bcsId: 5132} | ret=SUCCESS |  
2019-09-04 11:46:50,628 | INFO  | DNAudit | user=null | ip=null | op=PUT_BLOCK {blockData=[blockId=conID: 1 locID: 102734077002449579 bcsId: 0,size=4194304]} | ret=SUCCESS |  
2019-09-04 11:46:50,628 [grpc-default-executor-6] INFO  client.GrpcClientProtocolClient (GrpcClientProtocolClient.java:onNext(255)) - client-D5CE890D7D9E->efcb8ff8-f060-4d95-9215-d0f5eb4af037: receive RaftClientReply:client-D5CE890D7D9E->efcb8ff8-f060-4d95-9215-d0f5eb4af037@group-0959F8DF43ED, cid=3398, SUCCESS, logIndex=0, commits[efcb8ff8-f060-4d95-9215-d0f5eb4af037:c5136, 6fae8b02-e804-4c0e-b729-a97b7404b7f6:c5132, 4c3e8a66-6975-4917-8225-d3efe707aaff:c5132]
2019-09-04 11:46:50,639 | INFO  | DNAudit | user=null | ip=null | op=WRITE_CHUNK {blockData=conID: 1 locID: 102734077002449579 bcsId: 5132} | ret=SUCCESS |  
2019-09-04 11:46:50,639 | INFO  | DNAudit | user=null | ip=null | op=PUT_BLOCK {blockData=[blockId=conID: 1 locID: 102734077002449579 bcsId: 0,size=4194304]} | ret=SUCCESS |  
2019-09-04 11:46:50,639 [grpc-default-executor-6] INFO  client.GrpcClientProtocolClient (GrpcClientProtocolClient.java:onNext(255)) - client-D5CE890D7D9E->efcb8ff8-f060-4d95-9215-d0f5eb4af037: receive RaftClientReply:client-D5CE890D7D9E->efcb8ff8-f060-4d95-9215-d0f5eb4af037@group-0959F8DF43ED, cid=3399, SUCCESS, logIndex=0, commits[efcb8ff8-f060-4d95-9215-d0f5eb4af037:c5138, 6fae8b02-e804-4c0e-b729-a97b7404b7f6:c5136, 4c3e8a66-6975-4917-8225-d3efe707aaff:c5136]
2019-09-04 11:46:50,648 | INFO  | SCMAudit | user=jenkins1000 | ip=192.168.36.67 | op=ALLOCATE_BLOCK {owner=8ab292a2-aaa7-4ad8-863a-d33994811155, size=4194304, type=RATIS, factor=THREE} | ret=SUCCESS |  
2019-09-04 11:46:50,653 | INFO  | OMAudit | user=jenkins1000 | ip=127.0.0.1 | op=ALLOCATE_BLOCK {volume=vol-0-58699, bucket=bucket-0-57464, key=key-0-37266, dataSize=0, replicationType=null, replicationFactor=null, keyLocationInfo=null, clientID=102734073355960722} | ret=SUCCESS |  
2019-09-04 11:46:50,663 | INFO  | DNAudit | user=null | ip=null | op=WRITE_CHUNK {blockData=conID: 2 locID: 102734077011428012 bcsId: 0} | ret=SUCCESS |  
2019-09-04 11:46:50,847 | INFO  | SCMAudit | user=jenkins1000 | ip=192.168.36.67 | op=SEND_HEARTBEAT {datanodeUUID=b68b188c-7f38-42ae-8403-46a39acd0731, command=[]} | ret=SUCCESS |  
2019-09-04 11:46:50,847 | INFO  | SCMAudit | user=jenkins1000 | ip=192.168.36.67 | op=SEND_HEARTBEAT {datanodeUUID=4c3e8a66-6975-4917-8225-d3efe707aaff, command=[]} | ret=SUCCESS |  
2019-09-04 11:46:50,847 | INFO  | SCMAudit | user=jenkins1000 | ip=192.168.36.67 | op=SEND_HEARTBEAT {datanodeUUID=0b776101-1d39-4f23-96c0-6a8ead31197c, command=[]} | ret=SUCCESS |  
2019-09-04 11:46:50,847 | INFO  | SCMAudit | user=jenkins1000 | ip=192.168.36.67 | op=SEND_HEARTBEAT {datanodeUUID=6fae8b02-e804-4c0e-b729-a97b7404b7f6, command=[]} | ret=SUCCESS |  
2019-09-04 11:46:50,847 | INFO  | SCMAudit | user=jenkins1000 | ip=192.168.36.67 | op=SEND_HEARTBEAT {datanodeUUID=efcb8ff8-f060-4d95-9215-d0f5eb4af037, command=[]} | ret=SUCCESS |  
2019-09-04 11:46:50,849 | INFO  | DNAudit | user=null | ip=null | op=WRITE_CHUNK {blockData=conID: 2 locID: 102734077011428012 bcsId: 0} | ret=SUCCESS |  
2019-09-04 11:46:50,849 | INFO  | DNAudit | user=null | ip=null | op=WRITE_CHUNK {blockData=conID: 2 locID: 102734077011428012 bcsId: 0} | ret=SUCCESS |  
2019-09-04 11:46:50,850 | INFO  | DNAudit | user=null | ip=null | op=WRITE_CHUNK {blockData=conID: 2 locID: 102734077011428012 bcsId: 0} | ret=SUCCESS |  
2019-09-04 11:46:50,853 | INFO  | DNAudit | user=null | ip=null | op=WRITE_CHUNK {blockData=conID: 2 locID: 102734077011428012 bcsId: 0} | ret=SUCCESS |  
2019-09-04 11:46:50,853 | INFO  | DNAudit | user=null | ip=null | op=WRITE_CHUNK {blockData=conID: 2 locID: 102734077011428012 bcsId: 0} | ret=SUCCESS |  
2019-09-04 11:46:50,858 | INFO  | DNAudit | user=null | ip=null | op=WRITE_CHUNK {blockData=conID: 2 locID: 102734077011428012 bcsId: 0} | ret=SUCCESS |  
2019-09-04 11:46:50,859 | INFO  | DNAudit | user=null | ip=null | op=PUT_BLOCK {blockData=[blockId=conID: 2 locID: 102734077011428012 bcsId: 0,size=1048576]} | ret=SUCCESS |  
2019-09-04 11:46:50,859 [grpc-default-executor-4] INFO  client.GrpcClientProtocolClient (GrpcClientProtocolClient.java:onNext(255)) - client-D5CE890D7D9E->efcb8ff8-f060-4d95-9215-d0f5eb4af037: receive RaftClientReply:client-D5CE890D7D9E->efcb8ff8-f060-4d95-9215-d0f5eb4af037@group-0959F8DF43ED, cid=3400, SUCCESS, logIndex=5139, commits[efcb8ff8-f060-4d95-9215-d0f5eb4af037:c5140, 6fae8b02-e804-4c0e-b729-a97b7404b7f6:c5138, 4c3e8a66-6975-4917-8225-d3efe707aaff:c5138]
2019-09-04 11:46:50,860 [grpc-default-executor-4] INFO  client.GrpcClientProtocolClient (GrpcClientProtocolClient.java:onNext(255)) - client-D5CE890D7D9E->efcb8ff8-f060-4d95-9215-d0f5eb4af037: receive RaftClientReply:client-D5CE890D7D9E->efcb8ff8-f060-4d95-9215-d0f5eb4af037@group-0959F8DF43ED, cid=3401, SUCCESS, logIndex=5140, commits[efcb8ff8-f060-4d95-9215-d0f5eb4af037:c5140, 6fae8b02-e804-4c0e-b729-a97b7404b7f6:c5138, 4c3e8a66-6975-4917-8225-d3efe707aaff:c5138]
2019-09-04 11:46:50,870 | INFO  | DNAudit | user=null | ip=null | op=WRITE_CHUNK {blockData=conID: 2 locID: 102734077011428012 bcsId: 0} | ret=SUCCESS |  
2019-09-04 11:46:50,870 | INFO  | DNAudit | user=null | ip=null | op=PUT_BLOCK {blockData=[blockId=conID: 2 locID: 102734077011428012 bcsId: 0,size=2097152]} | ret=SUCCESS |  
2019-09-04 11:46:50,870 [grpc-default-executor-1] INFO  client.GrpcClientProtocolClient (GrpcClientProtocolClient.java:onNext(255)) - client-D5CE890D7D9E->efcb8ff8-f060-4d95-9215-d0f5eb4af037: receive RaftClientReply:client-D5CE890D7D9E->efcb8ff8-f060-4d95-9215-d0f5eb4af037@group-0959F8DF43ED, cid=3402, SUCCESS, logIndex=5141, commits[efcb8ff8-f060-4d95-9215-d0f5eb4af037:c5142, 6fae8b02-e804-4c0e-b729-a97b7404b7f6:c5138, 4c3e8a66-6975-4917-8225-d3efe707aaff:c5138]
2019-09-04 11:46:50,870 | INFO  | DNAudit | user=null | ip=null | op=WRITE_CHUNK {blockData=conID: 2 locID: 102734077011428012 bcsId: 0} | ret=SUCCESS |  
2019-09-04 11:46:50,871 [grpc-default-executor-1] INFO  client.GrpcClientProtocolClient (GrpcClientProtocolClient.java:onNext(255)) - client-D5CE890D7D9E->efcb8ff8-f060-4d95-9215-d0f5eb4af037: receive RaftClientReply:client-D5CE890D7D9E->efcb8ff8-f060-4d95-9215-d0f5eb4af037@group-0959F8DF43ED, cid=3403, SUCCESS, logIndex=5142, commits[efcb8ff8-f060-4d95-9215-d0f5eb4af037:c5142, 6fae8b02-e804-4c0e-b729-a97b7404b7f6:c5138, 4c3e8a66-6975-4917-8225-d3efe707aaff:c5138]
2019-09-04 11:46:50,871 | INFO  | DNAudit | user=null | ip=null | op=PUT_BLOCK {blockData=[blockId=conID: 2 locID: 102734077011428012 bcsId: 0,size=1048576]} | ret=SUCCESS |  
2019-09-04 11:46:50,871 | INFO  | DNAudit | user=null | ip=null | op=WRITE_CHUNK {blockData=conID: 2 locID: 102734077011428012 bcsId: 0} | ret=SUCCESS |  
2019-09-04 11:46:50,871 | INFO  | DNAudit | user=null | ip=null | op=PUT_BLOCK {blockData=[blockId=conID: 2 locID: 102734077011428012 bcsId: 0,size=1048576]} | ret=SUCCESS |  
2019-09-04 11:46:50,872 [grpc-default-executor-1] INFO  client.GrpcClientProtocolClient (GrpcClientProtocolClient.java:onNext(255)) - client-D5CE890D7D9E->efcb8ff8-f060-4d95-9215-d0f5eb4af037: receive RaftClientReply:client-D5CE890D7D9E->efcb8ff8-f060-4d95-9215-d0f5eb4af037@group-0959F8DF43ED, cid=3404, SUCCESS, logIndex=0, commits[efcb8ff8-f060-4d95-9215-d0f5eb4af037:c5144, 6fae8b02-e804-4c0e-b729-a97b7404b7f6:c5140, 4c3e8a66-6975-4917-8225-d3efe707aaff:c5140]
2019-09-04 11:46:50,872 | INFO  | DNAudit | user=null | ip=null | op=WRITE_CHUNK {blockData=conID: 2 locID: 102734077011428012 bcsId: 0} | ret=SUCCESS |  
2019-09-04 11:46:50,873 | INFO  | DNAudit | user=null | ip=null | op=PUT_BLOCK {blockData=[blockId=conID: 2 locID: 102734077011428012 bcsId: 0,size=2097152]} | ret=SUCCESS |  
2019-09-04 11:46:50,873 | INFO  | DNAudit | user=null | ip=null | op=WRITE_CHUNK {blockData=conID: 2 locID: 102734077011428012 bcsId: 0} | ret=SUCCESS |  
2019-09-04 11:46:50,873 | INFO  | DNAudit | user=null | ip=null | op=PUT_BLOCK {blockData=[blockId=conID: 2 locID: 102734077011428012 bcsId: 0,size=2097152]} | ret=SUCCESS |  
2019-09-04 11:46:50,880 | INFO  | DNAudit | user=null | ip=null | op=WRITE_CHUNK {blockData=conID: 2 locID: 102734077011428012 bcsId: 5142} | ret=SUCCESS |  
2019-09-04 11:46:50,883 | INFO  | DNAudit | user=null | ip=null | op=WRITE_CHUNK {blockData=conID: 2 locID: 102734077011428012 bcsId: 5142} | ret=SUCCESS |  
2019-09-04 11:46:50,883 | INFO  | DNAudit | user=null | ip=null | op=WRITE_CHUNK {blockData=conID: 2 locID: 102734077011428012 bcsId: 5142} | ret=SUCCESS |  
2019-09-04 11:46:50,892 | INFO  | DNAudit | user=null | ip=null | op=WRITE_CHUNK {blockData=conID: 2 locID: 102734077011428012 bcsId: 5142} | ret=SUCCESS |  
2019-09-04 11:46:50,892 | INFO  | DNAudit | user=null | ip=null | op=PUT_BLOCK {blockData=[blockId=conID: 2 locID: 102734077011428012 bcsId: 0,size=3145728]} | ret=SUCCESS |  
2019-09-04 11:46:50,893 [grpc-default-executor-1] INFO  client.GrpcClientProtocolClient (GrpcClientProtocolClient.java:onNext(255)) - client-D5CE890D7D9E->efcb8ff8-f060-4d95-9215-d0f5eb4af037: receive RaftClientReply:client-D5CE890D7D9E->efcb8ff8-f060-4d95-9215-d0f5eb4af037@group-0959F8DF43ED, cid=3405, SUCCESS, logIndex=5147, commits[efcb8ff8-f060-4d95-9215-d0f5eb4af037:c5147, 6fae8b02-e804-4c0e-b729-a97b7404b7f6:c5146, 4c3e8a66-6975-4917-8225-d3efe707aaff:c5146]
2019-09-04 11:46:50,893 [grpc-default-executor-1] INFO  client.GrpcClientProtocolClient (GrpcClientProtocolClient.java:onNext(255)) - client-D5CE890D7D9E->efcb8ff8-f060-4d95-9215-d0f5eb4af037: receive RaftClientReply:client-D5CE890D7D9E->efcb8ff8-f060-4d95-9215-d0f5eb4af037@group-0959F8DF43ED, cid=3406, SUCCESS, logIndex=5148, commits[efcb8ff8-f060-4d95-9215-d0f5eb4af037:c5148, 6fae8b02-e804-4c0e-b729-a97b7404b7f6:c5146, 4c3e8a66-6975-4917-8225-d3efe707aaff:c5146]
2019-09-04 11:46:50,898 | INFO  | DNAudit | user=null | ip=null | op=WRITE_CHUNK {blockData=conID: 2 locID: 102734077011428012 bcsId: 5142} | ret=SUCCESS |  
2019-09-04 11:46:50,898 | INFO  | DNAudit | user=null | ip=null | op=WRITE_CHUNK {blockData=conID: 2 locID: 102734077011428012 bcsId: 5142} | ret=SUCCESS |  
2019-09-04 11:46:50,899 | INFO  | DNAudit | user=null | ip=null | op=PUT_BLOCK {blockData=[blockId=conID: 2 locID: 102734077011428012 bcsId: 0,size=3145728]} | ret=SUCCESS |  
2019-09-04 11:46:50,900 | INFO  | DNAudit | user=null | ip=null | op=PUT_BLOCK {blockData=[blockId=conID: 2 locID: 102734077011428012 bcsId: 0,size=3145728]} | ret=SUCCESS |  
2019-09-04 11:46:50,902 | INFO  | DNAudit | user=null | ip=null | op=WRITE_CHUNK {blockData=conID: 2 locID: 102734077011428012 bcsId: 5148} | ret=SUCCESS |  
2019-09-04 11:46:50,904 | INFO  | DNAudit | user=null | ip=null | op=WRITE_CHUNK {blockData=conID: 2 locID: 102734077011428012 bcsId: 5148} | ret=SUCCESS |  
2019-09-04 11:46:50,904 | INFO  | DNAudit | user=null | ip=null | op=WRITE_CHUNK {blockData=conID: 2 locID: 102734077011428012 bcsId: 5148} | ret=SUCCESS |  
2019-09-04 11:46:50,912 | INFO  | DNAudit | user=null | ip=null | op=WRITE_CHUNK {blockData=conID: 2 locID: 102734077011428012 bcsId: 5148} | ret=SUCCESS |  
2019-09-04 11:46:50,912 | INFO  | DNAudit | user=null | ip=null | op=PUT_BLOCK {blockData=[blockId=conID: 2 locID: 102734077011428012 bcsId: 0,size=4194304]} | ret=SUCCESS |  
2019-09-04 11:46:50,913 [grpc-default-executor-6] INFO  client.GrpcClientProtocolClient (GrpcClientProtocolClient.java:onNext(255)) - client-D5CE890D7D9E->efcb8ff8-f060-4d95-9215-d0f5eb4af037: receive RaftClientReply:client-D5CE890D7D9E->efcb8ff8-f060-4d95-9215-d0f5eb4af037@group-0959F8DF43ED, cid=3407, SUCCESS, logIndex=5151, commits[efcb8ff8-f060-4d95-9215-d0f5eb4af037:c5152, 6fae8b02-e804-4c0e-b729-a97b7404b7f6:c5149, 4c3e8a66-6975-4917-8225-d3efe707aaff:c5149]
2019-09-04 11:46:50,913 [grpc-default-executor-6] INFO  client.GrpcClientProtocolClient (GrpcClientProtocolClient.java:onNext(255)) - client-D5CE890D7D9E->efcb8ff8-f060-4d95-9215-d0f5eb4af037: receive RaftClientReply:client-D5CE890D7D9E->efcb8ff8-f060-4d95-9215-d0f5eb4af037@group-0959F8DF43ED, cid=3408, SUCCESS, logIndex=5152, commits[efcb8ff8-f060-4d95-9215-d0f5eb4af037:c5152, 6fae8b02-e804-4c0e-b729-a97b7404b7f6:c5149, 4c3e8a66-6975-4917-8225-d3efe707aaff:c5149]
2019-09-04 11:46:50,917 | INFO  | DNAudit | user=null | ip=null | op=WRITE_CHUNK {blockData=conID: 2 locID: 102734077011428012 bcsId: 5148} | ret=SUCCESS |  
2019-09-04 11:46:50,917 | INFO  | DNAudit | user=null | ip=null | op=PUT_BLOCK {blockData=[blockId=conID: 2 locID: 102734077011428012 bcsId: 0,size=4194304]} | ret=SUCCESS |  
2019-09-04 11:46:50,917 | INFO  | DNAudit | user=null | ip=null | op=WRITE_CHUNK {blockData=conID: 2 locID: 102734077011428012 bcsId: 5148} | ret=SUCCESS |  
2019-09-04 11:46:50,918 | INFO  | DNAudit | user=null | ip=null | op=PUT_BLOCK {blockData=[blockId=conID: 2 locID: 102734077011428012 bcsId: 0,size=4194304]} | ret=SUCCESS |  
2019-09-04 11:46:50,918 [grpc-default-executor-4] INFO  client.GrpcClientProtocolClient (GrpcClientProtocolClient.java:onNext(255)) - client-D5CE890D7D9E->efcb8ff8-f060-4d95-9215-d0f5eb4af037: receive RaftClientReply:client-D5CE890D7D9E->efcb8ff8-f060-4d95-9215-d0f5eb4af037@group-0959F8DF43ED, cid=3409, SUCCESS, logIndex=0, commits[efcb8ff8-f060-4d95-9215-d0f5eb4af037:c5153, 6fae8b02-e804-4c0e-b729-a97b7404b7f6:c5152, 4c3e8a66-6975-4917-8225-d3efe707aaff:c5152]
2019-09-04 11:46:50,929 | INFO  | SCMAudit | user=jenkins1000 | ip=192.168.36.67 | op=ALLOCATE_BLOCK {owner=8ab292a2-aaa7-4ad8-863a-d33994811155, size=4194304, type=RATIS, factor=THREE} | ret=SUCCESS |  
2019-09-04 11:46:50,936 | INFO  | OMAudit | user=jenkins1000 | ip=127.0.0.1 | op=ALLOCATE_BLOCK {volume=vol-0-58699, bucket=bucket-0-57464, key=key-0-37266, dataSize=0, replicationType=null, replicationFactor=null, keyLocationInfo=null, clientID=102734073355960722} | ret=SUCCESS |  
2019-09-04 11:46:50,945 | INFO  | DNAudit | user=null | ip=null | op=WRITE_CHUNK {blockData=conID: 3 locID: 102734077029843629 bcsId: 0} | ret=SUCCESS |  
2019-09-04 11:46:50,948 | INFO  | DNAudit | user=null | ip=null | op=WRITE_CHUNK {blockData=conID: 3 locID: 102734077029843629 bcsId: 0} | ret=SUCCESS |  
2019-09-04 11:46:50,949 | INFO  | DNAudit | user=null | ip=null | op=WRITE_CHUNK {blockData=conID: 3 locID: 102734077029843629 bcsId: 0} | ret=SUCCESS |  
2019-09-04 11:46:50,949 | INFO  | DNAudit | user=null | ip=null | op=WRITE_CHUNK {blockData=conID: 3 locID: 102734077029843629 bcsId: 0} | ret=SUCCESS |  
2019-09-04 11:46:50,951 | INFO  | DNAudit | user=null | ip=null | op=WRITE_CHUNK {blockData=conID: 3 locID: 102734077029843629 bcsId: 0} | ret=SUCCESS |  
2019-09-04 11:46:50,952 | INFO  | DNAudit | user=null | ip=null | op=WRITE_CHUNK {blockData=conID: 3 locID: 102734077029843629 bcsId: 0} | ret=SUCCESS |  
2019-09-04 11:46:50,957 | INFO  | DNAudit | user=null | ip=null | op=WRITE_CHUNK {blockData=conID: 3 locID: 102734077029843629 bcsId: 0} | ret=SUCCESS |  
2019-09-04 11:46:50,957 | INFO  | DNAudit | user=null | ip=null | op=PUT_BLOCK {blockData=[blockId=conID: 3 locID: 102734077029843629 bcsId: 0,size=1048576]} | ret=SUCCESS |  
2019-09-04 11:46:50,957 | INFO  | DNAudit | user=null | ip=null | op=WRITE_CHUNK {blockData=conID: 3 locID: 102734077029843629 bcsId: 0} | ret=SUCCESS |  
2019-09-04 11:46:50,957 [grpc-default-executor-1] INFO  client.GrpcClientProtocolClient (GrpcClientProtocolClient.java:onNext(255)) - client-D5CE890D7D9E->efcb8ff8-f060-4d95-9215-d0f5eb4af037: receive RaftClientReply:client-D5CE890D7D9E->efcb8ff8-f060-4d95-9215-d0f5eb4af037@group-0959F8DF43ED, cid=3410, SUCCESS, logIndex=5155, commits[efcb8ff8-f060-4d95-9215-d0f5eb4af037:c5156, 6fae8b02-e804-4c0e-b729-a97b7404b7f6:c5154, 4c3e8a66-6975-4917-8225-d3efe707aaff:c5154]
2019-09-04 11:46:50,958 | INFO  | DNAudit | user=null | ip=null | op=PUT_BLOCK {blockData=[blockId=conID: 3 locID: 102734077029843629 bcsId: 0,size=2097152]} | ret=SUCCESS |  
2019-09-04 11:46:50,958 [grpc-default-executor-1] INFO  client.GrpcClientProtocolClient (GrpcClientProtocolClient.java:onNext(255)) - client-D5CE890D7D9E->efcb8ff8-f060-4d95-9215-d0f5eb4af037: receive RaftClientReply:client-D5CE890D7D9E->efcb8ff8-f060-4d95-9215-d0f5eb4af037@group-0959F8DF43ED, cid=3411, SUCCESS, logIndex=5156, commits[efcb8ff8-f060-4d95-9215-d0f5eb4af037:c5158, 6fae8b02-e804-4c0e-b729-a97b7404b7f6:c5154, 4c3e8a66-6975-4917-8225-d3efe707aaff:c5154]
2019-09-04 11:46:50,958 [grpc-default-executor-1] INFO  client.GrpcClientProtocolClient (GrpcClientProtocolClient.java:onNext(255)) - client-D5CE890D7D9E->efcb8ff8-f060-4d95-9215-d0f5eb4af037: receive RaftClientReply:client-D5CE890D7D9E->efcb8ff8-f060-4d95-9215-d0f5eb4af037@group-0959F8DF43ED, cid=3412, SUCCESS, logIndex=5157, commits[efcb8ff8-f060-4d95-9215-d0f5eb4af037:c5158, 6fae8b02-e804-4c0e-b729-a97b7404b7f6:c5154, 4c3e8a66-6975-4917-8225-d3efe707aaff:c5154]
2019-09-04 11:46:50,960 [grpc-default-executor-1] INFO  client.GrpcClientProtocolClient (GrpcClientProtocolClient.java:onNext(255)) - client-D5CE890D7D9E->efcb8ff8-f060-4d95-9215-d0f5eb4af037: receive RaftClientReply:client-D5CE890D7D9E->efcb8ff8-f060-4d95-9215-d0f5eb4af037@group-0959F8DF43ED, cid=3413, SUCCESS, logIndex=5158, commits[efcb8ff8-f060-4d95-9215-d0f5eb4af037:c5158, 6fae8b02-e804-4c0e-b729-a97b7404b7f6:c5154, 4c3e8a66-6975-4917-8225-d3efe707aaff:c5154]
2019-09-04 11:46:50,965 | INFO  | DNAudit | user=null | ip=null | op=WRITE_CHUNK {blockData=conID: 3 locID: 102734077029843629 bcsId: 0} | ret=SUCCESS |  
2019-09-04 11:46:50,965 | INFO  | DNAudit | user=null | ip=null | op=WRITE_CHUNK {blockData=conID: 3 locID: 102734077029843629 bcsId: 0} | ret=SUCCESS |  
2019-09-04 11:46:50,966 | INFO  | DNAudit | user=null | ip=null | op=PUT_BLOCK {blockData=[blockId=conID: 3 locID: 102734077029843629 bcsId: 0,size=1048576]} | ret=SUCCESS |  
2019-09-04 11:46:50,966 | INFO  | DNAudit | user=null | ip=null | op=WRITE_CHUNK {blockData=conID: 3 locID: 102734077029843629 bcsId: 0} | ret=SUCCESS |  
2019-09-04 11:46:50,966 | INFO  | DNAudit | user=null | ip=null | op=PUT_BLOCK {blockData=[blockId=conID: 3 locID: 102734077029843629 bcsId: 0,size=2097152]} | ret=SUCCESS |  
2019-09-04 11:46:50,966 | INFO  | DNAudit | user=null | ip=null | op=PUT_BLOCK {blockData=[blockId=conID: 3 locID: 102734077029843629 bcsId: 0,size=1048576]} | ret=SUCCESS |  
2019-09-04 11:46:50,967 | INFO  | DNAudit | user=null | ip=null | op=WRITE_CHUNK {blockData=conID: 3 locID: 102734077029843629 bcsId: 0} | ret=SUCCESS |  
2019-09-04 11:46:50,967 | INFO  | DNAudit | user=null | ip=null | op=PUT_BLOCK {blockData=[blockId=conID: 3 locID: 102734077029843629 bcsId: 0,size=2097152]} | ret=SUCCESS |  
2019-09-04 11:46:50,967 [grpc-default-executor-1] INFO  client.GrpcClientProtocolClient (GrpcClientProtocolClient.java:onNext(255)) - client-D5CE890D7D9E->efcb8ff8-f060-4d95-9215-d0f5eb4af037: receive RaftClientReply:client-D5CE890D7D9E->efcb8ff8-f060-4d95-9215-d0f5eb4af037@group-0959F8DF43ED, cid=3414, SUCCESS, logIndex=0, commits[efcb8ff8-f060-4d95-9215-d0f5eb4af037:c5162, 6fae8b02-e804-4c0e-b729-a97b7404b7f6:c5158, 4c3e8a66-6975-4917-8225-d3efe707aaff:c5157]
2019-09-04 11:46:50,976 | INFO  | DNAudit | user=null | ip=null | op=WRITE_CHUNK {blockData=conID: 3 locID: 102734077029843629 bcsId: 5158} | ret=SUCCESS |  
2019-09-04 11:46:50,978 | INFO  | DNAudit | user=null | ip=null | op=WRITE_CHUNK {blockData=conID: 3 locID: 102734077029843629 bcsId: 5158} | ret=SUCCESS |  
2019-09-04 11:46:50,978 | INFO  | DNAudit | user=null | ip=null | op=WRITE_CHUNK {blockData=conID: 3 locID: 102734077029843629 bcsId: 5158} | ret=SUCCESS |  
2019-09-04 11:46:50,997 | INFO  | DNAudit | user=null | ip=null | op=WRITE_CHUNK {blockData=conID: 3 locID: 102734077029843629 bcsId: 5158} | ret=SUCCESS |  
2019-09-04 11:46:50,998 | INFO  | DNAudit | user=null | ip=null | op=PUT_BLOCK {blockData=[blockId=conID: 3 locID: 102734077029843629 bcsId: 0,size=3145728]} | ret=SUCCESS |  
2019-09-04 11:46:50,998 [grpc-default-executor-6] INFO  client.GrpcClientProtocolClient (GrpcClientProtocolClient.java:onNext(255)) - client-D5CE890D7D9E->efcb8ff8-f060-4d95-9215-d0f5eb4af037: receive RaftClientReply:client-D5CE890D7D9E->efcb8ff8-f060-4d95-9215-d0f5eb4af037@group-0959F8DF43ED, cid=3415, SUCCESS, logIndex=5163, commits[efcb8ff8-f060-4d95-9215-d0f5eb4af037:c5164, 6fae8b02-e804-4c0e-b729-a97b7404b7f6:c5158, 4c3e8a66-6975-4917-8225-d3efe707aaff:c5162]
2019-09-04 11:46:50,999 [grpc-default-executor-6] INFO  client.GrpcClientProtocolClient (GrpcClientProtocolClient.java:onNext(255)) - client-D5CE890D7D9E->efcb8ff8-f060-4d95-9215-d0f5eb4af037: receive RaftClientReply:client-D5CE890D7D9E->efcb8ff8-f060-4d95-9215-d0f5eb4af037@group-0959F8DF43ED, cid=3416, SUCCESS, logIndex=5164, commits[efcb8ff8-f060-4d95-9215-d0f5eb4af037:c5164, 6fae8b02-e804-4c0e-b729-a97b7404b7f6:c5162, 4c3e8a66-6975-4917-8225-d3efe707aaff:c5162]
2019-09-04 11:46:51,006 | INFO  | DNAudit | user=null | ip=null | op=WRITE_CHUNK {blockData=conID: 3 locID: 102734077029843629 bcsId: 5164} | ret=SUCCESS |  
2019-09-04 11:46:51,009 | INFO  | DNAudit | user=null | ip=null | op=WRITE_CHUNK {blockData=conID: 3 locID: 102734077029843629 bcsId: 5164} | ret=SUCCESS |  
2019-09-04 11:46:51,009 | INFO  | DNAudit | user=null | ip=null | op=WRITE_CHUNK {blockData=conID: 3 locID: 102734077029843629 bcsId: 5164} | ret=SUCCESS |  
2019-09-04 11:46:51,010 | INFO  | DNAudit | user=null | ip=null | op=WRITE_CHUNK {blockData=conID: 3 locID: 102734077029843629 bcsId: 5158} | ret=SUCCESS |  
2019-09-04 11:46:51,010 | INFO  | DNAudit | user=null | ip=null | op=WRITE_CHUNK {blockData=conID: 3 locID: 102734077029843629 bcsId: 5158} | ret=SUCCESS |  
2019-09-04 11:46:51,011 | INFO  | DNAudit | user=null | ip=null | op=PUT_BLOCK {blockData=[blockId=conID: 3 locID: 102734077029843629 bcsId: 0,size=3145728]} | ret=SUCCESS |  
2019-09-04 11:46:51,011 | INFO  | DNAudit | user=null | ip=null | op=PUT_BLOCK {blockData=[blockId=conID: 3 locID: 102734077029843629 bcsId: 0,size=3145728]} | ret=SUCCESS |  
2019-09-04 11:46:51,012 | INFO  | DNAudit | user=null | ip=null | op=WRITE_CHUNK {blockData=conID: 3 locID: 102734077029843629 bcsId: 5164} | ret=SUCCESS |  
2019-09-04 11:46:51,012 | INFO  | DNAudit | user=null | ip=null | op=PUT_BLOCK {blockData=[blockId=conID: 3 locID: 102734077029843629 bcsId: 0,size=4194304]} | ret=SUCCESS |  
2019-09-04 11:46:51,012 [grpc-default-executor-5] INFO  client.GrpcClientProtocolClient (GrpcClientProtocolClient.java:onNext(255)) - client-D5CE890D7D9E->efcb8ff8-f060-4d95-9215-d0f5eb4af037: receive RaftClientReply:client-D5CE890D7D9E->efcb8ff8-f060-4d95-9215-d0f5eb4af037@group-0959F8DF43ED, cid=3417, SUCCESS, logIndex=5167, commits[efcb8ff8-f060-4d95-9215-d0f5eb4af037:c5168, 6fae8b02-e804-4c0e-b729-a97b7404b7f6:c5164, 4c3e8a66-6975-4917-8225-d3efe707aaff:c5164]
2019-09-04 11:46:51,013 [grpc-default-executor-5] INFO  client.GrpcClientProtocolClient (GrpcClientProtocolClient.java:onNext(255)) - client-D5CE890D7D9E->efcb8ff8-f060-4d95-9215-d0f5eb4af037: receive RaftClientReply:client-D5CE890D7D9E->efcb8ff8-f060-4d95-9215-d0f5eb4af037@group-0959F8DF43ED, cid=3418, SUCCESS, logIndex=5168, commits[efcb8ff8-f060-4d95-9215-d0f5eb4af037:c5168, 6fae8b02-e804-4c0e-b729-a97b7404b7f6:c5164, 4c3e8a66-6975-4917-8225-d3efe707aaff:c5164]
2019-09-04 11:46:51,016 | INFO  | DNAudit | user=null | ip=null | op=WRITE_CHUNK {blockData=conID: 3 locID: 102734077029843629 bcsId: 5164} | ret=SUCCESS |  
2019-09-04 11:46:51,017 | INFO  | DNAudit | user=null | ip=null | op=WRITE_CHUNK {blockData=conID: 3 locID: 102734077029843629 bcsId: 5164} | ret=SUCCESS |  
2019-09-04 11:46:51,017 | INFO  | DNAudit | user=null | ip=null | op=PUT_BLOCK {blockData=[blockId=conID: 3 locID: 102734077029843629 bcsId: 0,size=4194304]} | ret=SUCCESS |  
2019-09-04 11:46:51,018 | INFO  | DNAudit | user=null | ip=null | op=PUT_BLOCK {blockData=[blockId=conID: 3 locID: 102734077029843629 bcsId: 0,size=4194304]} | ret=SUCCESS |  
2019-09-04 11:46:51,018 [grpc-default-executor-1] INFO  client.GrpcClientProtocolClient (GrpcClientProtocolClient.java:onNext(255)) - client-D5CE890D7D9E->efcb8ff8-f060-4d95-9215-d0f5eb4af037: receive RaftClientReply:client-D5CE890D7D9E->efcb8ff8-f060-4d95-9215-d0f5eb4af037@group-0959F8DF43ED, cid=3419, SUCCESS, logIndex=0, commits[efcb8ff8-f060-4d95-9215-d0f5eb4af037:c5169, 6fae8b02-e804-4c0e-b729-a97b7404b7f6:c5168, 4c3e8a66-6975-4917-8225-d3efe707aaff:c5168]
2019-09-04 11:46:51,026 | INFO  | SCMAudit | user=jenkins1000 | ip=192.168.36.67 | op=ALLOCATE_BLOCK {owner=8ab292a2-aaa7-4ad8-863a-d33994811155, size=4194304, type=RATIS, factor=THREE} | ret=SUCCESS |  
2019-09-04 11:46:51,030 | INFO  | OMAudit | user=jenkins1000 | ip=127.0.0.1 | op=ALLOCATE_BLOCK {volume=vol-0-58699, bucket=bucket-0-57464, key=key-0-37266, dataSize=0, replicationType=null, replicationFactor=null, keyLocationInfo=null, clientID=102734073355960722} | ret=SUCCESS |  
2019-09-04 11:46:51,041 | INFO  | DNAudit | user=null | ip=null | op=WRITE_CHUNK {blockData=conID: 1 locID: 102734077036200622 bcsId: 0} | ret=SUCCESS |  
2019-09-04 11:46:51,044 | INFO  | DNAudit | user=null | ip=null | op=WRITE_CHUNK {blockData=conID: 1 locID: 102734077036200622 bcsId: 0} | ret=SUCCESS |  
2019-09-04 11:46:51,045 | INFO  | DNAudit | user=null | ip=null | op=WRITE_CHUNK {blockData=conID: 1 locID: 102734077036200622 bcsId: 0} | ret=SUCCESS |  
2019-09-04 11:46:51,047 | INFO  | DNAudit | user=null | ip=null | op=WRITE_CHUNK {blockData=conID: 1 locID: 102734077036200622 bcsId: 0} | ret=SUCCESS |  
2019-09-04 11:46:51,049 | INFO  | DNAudit | user=null | ip=null | op=WRITE_CHUNK {blockData=conID: 1 locID: 102734077036200622 bcsId: 0} | ret=SUCCESS |  
2019-09-04 11:46:51,049 | INFO  | DNAudit | user=null | ip=null | op=WRITE_CHUNK {blockData=conID: 1 locID: 102734077036200622 bcsId: 0} | ret=SUCCESS |  
2019-09-04 11:46:51,050 | INFO  | DNAudit | user=null | ip=null | op=WRITE_CHUNK {blockData=conID: 1 locID: 102734077036200622 bcsId: 0} | ret=SUCCESS |  
2019-09-04 11:46:51,051 | INFO  | DNAudit | user=null | ip=null | op=PUT_BLOCK {blockData=[blockId=conID: 1 locID: 102734077036200622 bcsId: 0,size=1048576]} | ret=SUCCESS |  
2019-09-04 11:46:51,051 [grpc-default-executor-1] INFO  client.GrpcClientProtocolClient (GrpcClientProtocolClient.java:onNext(255)) - client-D5CE890D7D9E->efcb8ff8-f060-4d95-9215-d0f5eb4af037: receive RaftClientReply:client-D5CE890D7D9E->efcb8ff8-f060-4d95-9215-d0f5eb4af037@group-0959F8DF43ED, cid=3420, SUCCESS, logIndex=5171, commits[efcb8ff8-f060-4d95-9215-d0f5eb4af037:c5172, 6fae8b02-e804-4c0e-b729-a97b7404b7f6:c5170, 4c3e8a66-6975-4917-8225-d3efe707aaff:c5170]
2019-09-04 11:46:51,051 | INFO  | DNAudit | user=null | ip=null | op=WRITE_CHUNK {blockData=conID: 1 locID: 102734077036200622 bcsId: 0} | ret=SUCCESS |  
2019-09-04 11:46:51,052 [grpc-default-executor-1] INFO  client.GrpcClientProtocolClient (GrpcClientProtocolClient.java:onNext(255)) - client-D5CE890D7D9E->efcb8ff8-f060-4d95-9215-d0f5eb4af037: receive RaftClientReply:client-D5CE890D7D9E->efcb8ff8-f060-4d95-9215-d0f5eb4af037@group-0959F8DF43ED, cid=3421, SUCCESS, logIndex=5172, commits[efcb8ff8-f060-4d95-9215-d0f5eb4af037:c5172, 6fae8b02-e804-4c0e-b729-a97b7404b7f6:c5170, 4c3e8a66-6975-4917-8225-d3efe707aaff:c5170]
2019-09-04 11:46:51,052 | INFO  | DNAudit | user=null | ip=null | op=WRITE_CHUNK {blockData=conID: 1 locID: 102734077036200622 bcsId: 0} | ret=SUCCESS |  
2019-09-04 11:46:51,052 | INFO  | DNAudit | user=null | ip=null | op=PUT_BLOCK {blockData=[blockId=conID: 1 locID: 102734077036200622 bcsId: 0,size=2097152]} | ret=SUCCESS |  
2019-09-04 11:46:51,053 [grpc-default-executor-1] INFO  client.GrpcClientProtocolClient (GrpcClientProtocolClient.java:onNext(255)) - client-D5CE890D7D9E->efcb8ff8-f060-4d95-9215-d0f5eb4af037: receive RaftClientReply:client-D5CE890D7D9E->efcb8ff8-f060-4d95-9215-d0f5eb4af037@group-0959F8DF43ED, cid=3422, SUCCESS, logIndex=5173, commits[efcb8ff8-f060-4d95-9215-d0f5eb4af037:c5174, 6fae8b02-e804-4c0e-b729-a97b7404b7f6:c5170, 4c3e8a66-6975-4917-8225-d3efe707aaff:c5170]
2019-09-04 11:46:51,053 | INFO  | DNAudit | user=null | ip=null | op=PUT_BLOCK {blockData=[blockId=conID: 1 locID: 102734077036200622 bcsId: 0,size=1048576]} | ret=SUCCESS |  
2019-09-04 11:46:51,053 [grpc-default-executor-1] INFO  client.GrpcClientProtocolClient (GrpcClientProtocolClient.java:onNext(255)) - client-D5CE890D7D9E->efcb8ff8-f060-4d95-9215-d0f5eb4af037: receive RaftClientReply:client-D5CE890D7D9E->efcb8ff8-f060-4d95-9215-d0f5eb4af037@group-0959F8DF43ED, cid=3423, SUCCESS, logIndex=5174, commits[efcb8ff8-f060-4d95-9215-d0f5eb4af037:c5175, 6fae8b02-e804-4c0e-b729-a97b7404b7f6:c5171, 4c3e8a66-6975-4917-8225-d3efe707aaff:c5170]
2019-09-04 11:46:51,053 | INFO  | DNAudit | user=null | ip=null | op=WRITE_CHUNK {blockData=conID: 1 locID: 102734077036200622 bcsId: 0} | ret=SUCCESS |  
2019-09-04 11:46:51,054 | INFO  | DNAudit | user=null | ip=null | op=PUT_BLOCK {blockData=[blockId=conID: 1 locID: 102734077036200622 bcsId: 0,size=1048576]} | ret=SUCCESS |  
2019-09-04 11:46:51,054 | INFO  | DNAudit | user=null | ip=null | op=WRITE_CHUNK {blockData=conID: 1 locID: 102734077036200622 bcsId: 0} | ret=SUCCESS |  
2019-09-04 11:46:51,054 | INFO  | DNAudit | user=null | ip=null | op=PUT_BLOCK {blockData=[blockId=conID: 1 locID: 102734077036200622 bcsId: 0,size=2097152]} | ret=SUCCESS |  
2019-09-04 11:46:51,054 | INFO  | DNAudit | user=null | ip=null | op=WRITE_CHUNK {blockData=conID: 1 locID: 102734077036200622 bcsId: 0} | ret=SUCCESS |  
2019-09-04 11:46:51,054 | INFO  | DNAudit | user=null | ip=null | op=PUT_BLOCK {blockData=[blockId=conID: 1 locID: 102734077036200622 bcsId: 0,size=2097152]} | ret=SUCCESS |  
2019-09-04 11:46:51,055 [grpc-default-executor-4] INFO  client.GrpcClientProtocolClient (GrpcClientProtocolClient.java:onNext(255)) - client-D5CE890D7D9E->efcb8ff8-f060-4d95-9215-d0f5eb4af037: receive RaftClientReply:client-D5CE890D7D9E->efcb8ff8-f060-4d95-9215-d0f5eb4af037@group-0959F8DF43ED, cid=3424, SUCCESS, logIndex=0, commits[efcb8ff8-f060-4d95-9215-d0f5eb4af037:c5176, 6fae8b02-e804-4c0e-b729-a97b7404b7f6:c5172, 4c3e8a66-6975-4917-8225-d3efe707aaff:c5172]
 0.00% |█                                                                                                    |  0/1 Time: 0:00:562019-09-04 11:46:51,061 | INFO  | DNAudit | user=null | ip=null | op=WRITE_CHUNK {blockData=conID: 1 locID: 102734077036200622 bcsId: 5174} | ret=SUCCESS |  
2019-09-04 11:46:51,063 | INFO  | DNAudit | user=null | ip=null | op=WRITE_CHUNK {blockData=conID: 1 locID: 102734077036200622 bcsId: 5174} | ret=SUCCESS |  
2019-09-04 11:46:51,063 | INFO  | DNAudit | user=null | ip=null | op=WRITE_CHUNK {blockData=conID: 1 locID: 102734077036200622 bcsId: 5174} | ret=SUCCESS |  
2019-09-04 11:46:51,067 | INFO  | DNAudit | user=null | ip=null | op=WRITE_CHUNK {blockData=conID: 1 locID: 102734077036200622 bcsId: 5174} | ret=SUCCESS |  
2019-09-04 11:46:51,068 | INFO  | DNAudit | user=null | ip=null | op=PUT_BLOCK {blockData=[blockId=conID: 1 locID: 102734077036200622 bcsId: 0,size=3145728]} | ret=SUCCESS |  
2019-09-04 11:46:51,068 [grpc-default-executor-6] INFO  client.GrpcClientProtocolClient (GrpcClientProtocolClient.java:onNext(255)) - client-D5CE890D7D9E->efcb8ff8-f060-4d95-9215-d0f5eb4af037: receive RaftClientReply:client-D5CE890D7D9E->efcb8ff8-f060-4d95-9215-d0f5eb4af037@group-0959F8DF43ED, cid=3425, SUCCESS, logIndex=5179, commits[efcb8ff8-f060-4d95-9215-d0f5eb4af037:c5180, 6fae8b02-e804-4c0e-b729-a97b7404b7f6:c5178, 4c3e8a66-6975-4917-8225-d3efe707aaff:c5178]
2019-09-04 11:46:51,068 [grpc-default-executor-6] INFO  client.GrpcClientProtocolClient (GrpcClientProtocolClient.java:onNext(255)) - client-D5CE890D7D9E->efcb8ff8-f060-4d95-9215-d0f5eb4af037: receive RaftClientReply:client-D5CE890D7D9E->efcb8ff8-f060-4d95-9215-d0f5eb4af037@group-0959F8DF43ED, cid=3426, SUCCESS, logIndex=5180, commits[efcb8ff8-f060-4d95-9215-d0f5eb4af037:c5180, 6fae8b02-e804-4c0e-b729-a97b7404b7f6:c5178, 4c3e8a66-6975-4917-8225-d3efe707aaff:c5178]
2019-09-04 11:46:51,072 | INFO  | DNAudit | user=null | ip=null | op=WRITE_CHUNK {blockData=conID: 1 locID: 102734077036200622 bcsId: 5174} | ret=SUCCESS |  
2019-09-04 11:46:51,072 | INFO  | DNAudit | user=null | ip=null | op=WRITE_CHUNK {blockData=conID: 1 locID: 102734077036200622 bcsId: 5174} | ret=SUCCESS |  
2019-09-04 11:46:51,073 | INFO  | DNAudit | user=null | ip=null | op=PUT_BLOCK {blockData=[blockId=conID: 1 locID: 102734077036200622 bcsId: 0,size=3145728]} | ret=SUCCESS |  
2019-09-04 11:46:51,073 | INFO  | DNAudit | user=null | ip=null | op=PUT_BLOCK {blockData=[blockId=conID: 1 locID: 102734077036200622 bcsId: 0,size=3145728]} | ret=SUCCESS |  
2019-09-04 11:46:51,075 | INFO  | DNAudit | user=null | ip=null | op=WRITE_CHUNK {blockData=conID: 1 locID: 102734077036200622 bcsId: 5180} | ret=SUCCESS |  
2019-09-04 11:46:51,076 | INFO  | DNAudit | user=null | ip=null | op=WRITE_CHUNK {blockData=conID: 1 locID: 102734077036200622 bcsId: 5180} | ret=SUCCESS |  
2019-09-04 11:46:51,077 | INFO  | DNAudit | user=null | ip=null | op=WRITE_CHUNK {blockData=conID: 1 locID: 102734077036200622 bcsId: 5180} | ret=SUCCESS |  
2019-09-04 11:46:51,081 | INFO  | DNAudit | user=null | ip=null | op=WRITE_CHUNK {blockData=conID: 1 locID: 102734077036200622 bcsId: 5180} | ret=SUCCESS |  
2019-09-04 11:46:51,082 | INFO  | DNAudit | user=null | ip=null | op=PUT_BLOCK {blockData=[blockId=conID: 1 locID: 102734077036200622 bcsId: 0,size=4194304]} | ret=SUCCESS |  
2019-09-04 11:46:51,082 [grpc-default-executor-1] INFO  client.GrpcClientProtocolClient (GrpcClientProtocolClient.java:onNext(255)) - client-D5CE890D7D9E->efcb8ff8-f060-4d95-9215-d0f5eb4af037: receive RaftClientReply:client-D5CE890D7D9E->efcb8ff8-f060-4d95-9215-d0f5eb4af037@group-0959F8DF43ED, cid=3427, SUCCESS, logIndex=5183, commits[efcb8ff8-f060-4d95-9215-d0f5eb4af037:c5184, 6fae8b02-e804-4c0e-b729-a97b7404b7f6:c5181, 4c3e8a66-6975-4917-8225-d3efe707aaff:c5181]
2019-09-04 11:46:51,082 [grpc-default-executor-1] INFO  client.GrpcClientProtocolClient (GrpcClientProtocolClient.java:onNext(255)) - client-D5CE890D7D9E->efcb8ff8-f060-4d95-9215-d0f5eb4af037: receive RaftClientReply:client-D5CE890D7D9E->efcb8ff8-f060-4d95-9215-d0f5eb4af037@group-0959F8DF43ED, cid=3428, SUCCESS, logIndex=5184, commits[efcb8ff8-f060-4d95-9215-d0f5eb4af037:c5184, 6fae8b02-e804-4c0e-b729-a97b7404b7f6:c5181, 4c3e8a66-6975-4917-8225-d3efe707aaff:c5181]
2019-09-04 11:46:51,097 | INFO  | DNAudit | user=null | ip=null | op=WRITE_CHUNK {blockData=conID: 1 locID: 102734077036200622 bcsId: 5180} | ret=SUCCESS |  
2019-09-04 11:46:51,097 | INFO  | DNAudit | user=null | ip=null | op=WRITE_CHUNK {blockData=conID: 1 locID: 102734077036200622 bcsId: 5180} | ret=SUCCESS |  
2019-09-04 11:46:51,098 | INFO  | DNAudit | user=null | ip=null | op=PUT_BLOCK {blockData=[blockId=conID: 1 locID: 102734077036200622 bcsId: 0,size=4194304]} | ret=SUCCESS |  
2019-09-04 11:46:51,098 | INFO  | DNAudit | user=null | ip=null | op=PUT_BLOCK {blockData=[blockId=conID: 1 locID: 102734077036200622 bcsId: 0,size=4194304]} | ret=SUCCESS |  
2019-09-04 11:46:51,099 [grpc-default-executor-1] INFO  client.GrpcClientProtocolClient (GrpcClientProtocolClient.java:onNext(255)) - client-D5CE890D7D9E->efcb8ff8-f060-4d95-9215-d0f5eb4af037: receive RaftClientReply:client-D5CE890D7D9E->efcb8ff8-f060-4d95-9215-d0f5eb4af037@group-0959F8DF43ED, cid=3429, SUCCESS, logIndex=0, commits[efcb8ff8-f060-4d95-9215-d0f5eb4af037:c5186, 6fae8b02-e804-4c0e-b729-a97b7404b7f6:c5184, 4c3e8a66-6975-4917-8225-d3efe707aaff:c5184]
2019-09-04 11:46:51,105 | INFO  | SCMAudit | user=jenkins1000 | ip=192.168.36.67 | op=ALLOCATE_BLOCK {owner=8ab292a2-aaa7-4ad8-863a-d33994811155, size=4194304, type=RATIS, factor=THREE} | ret=SUCCESS |  
2019-09-04 11:46:51,109 | INFO  | OMAudit | user=jenkins1000 | ip=127.0.0.1 | op=ALLOCATE_BLOCK {volume=vol-0-58699, bucket=bucket-0-57464, key=key-0-37266, dataSize=0, replicationType=null, replicationFactor=null, keyLocationInfo=null, clientID=102734073355960722} | ret=SUCCESS |  
2019-09-04 11:46:51,116 | INFO  | DNAudit | user=null | ip=null | op=WRITE_CHUNK {blockData=conID: 2 locID: 102734077041377967 bcsId: 0} | ret=SUCCESS |  
2019-09-04 11:46:51,117 | INFO  | DNAudit | user=null | ip=null | op=WRITE_CHUNK {blockData=conID: 2 locID: 102734077041377967 bcsId: 0} | ret=SUCCESS |  
2019-09-04 11:46:51,118 | INFO  | DNAudit | user=null | ip=null | op=WRITE_CHUNK {blockData=conID: 2 locID: 102734077041377967 bcsId: 0} | ret=SUCCESS |  
2019-09-04 11:46:51,118 | INFO  | DNAudit | user=null | ip=null | op=WRITE_CHUNK {blockData=conID: 2 locID: 102734077041377967 bcsId: 0} | ret=SUCCESS |  
2019-09-04 11:46:51,119 | INFO  | DNAudit | user=null | ip=null | op=WRITE_CHUNK {blockData=conID: 2 locID: 102734077041377967 bcsId: 0} | ret=SUCCESS |  
2019-09-04 11:46:51,120 | INFO  | DNAudit | user=null | ip=null | op=WRITE_CHUNK {blockData=conID: 2 locID: 102734077041377967 bcsId: 0} | ret=SUCCESS |  
2019-09-04 11:46:51,129 | INFO  | DNAudit | user=null | ip=null | op=WRITE_CHUNK {blockData=conID: 2 locID: 102734077041377967 bcsId: 0} | ret=SUCCESS |  
2019-09-04 11:46:51,129 | INFO  | DNAudit | user=null | ip=null | op=PUT_BLOCK {blockData=[blockId=conID: 2 locID: 102734077041377967 bcsId: 0,size=1048576]} | ret=SUCCESS |  
2019-09-04 11:46:51,130 | INFO  | DNAudit | user=null | ip=null | op=WRITE_CHUNK {blockData=conID: 2 locID: 102734077041377967 bcsId: 0} | ret=SUCCESS |  
2019-09-04 11:46:51,130 [grpc-default-executor-1] INFO  client.GrpcClientProtocolClient (GrpcClientProtocolClient.java:onNext(255)) - client-D5CE890D7D9E->efcb8ff8-f060-4d95-9215-d0f5eb4af037: receive RaftClientReply:client-D5CE890D7D9E->efcb8ff8-f060-4d95-9215-d0f5eb4af037@group-0959F8DF43ED, cid=3430, SUCCESS, logIndex=5187, commits[efcb8ff8-f060-4d95-9215-d0f5eb4af037:c5189, 6fae8b02-e804-4c0e-b729-a97b7404b7f6:c5186, 4c3e8a66-6975-4917-8225-d3efe707aaff:c5186]
2019-09-04 11:46:51,130 | INFO  | DNAudit | user=null | ip=null | op=PUT_BLOCK {blockData=[blockId=conID: 2 locID: 102734077041377967 bcsId: 0,size=2097152]} | ret=SUCCESS |  
2019-09-04 11:46:51,130 [grpc-default-executor-1] INFO  client.GrpcClientProtocolClient (GrpcClientProtocolClient.java:onNext(255)) - client-D5CE890D7D9E->efcb8ff8-f060-4d95-9215-d0f5eb4af037: receive RaftClientReply:client-D5CE890D7D9E->efcb8ff8-f060-4d95-9215-d0f5eb4af037@group-0959F8DF43ED, cid=3431, SUCCESS, logIndex=5188, commits[efcb8ff8-f060-4d95-9215-d0f5eb4af037:c5190, 6fae8b02-e804-4c0e-b729-a97b7404b7f6:c5186, 4c3e8a66-6975-4917-8225-d3efe707aaff:c5186]
2019-09-04 11:46:51,130 [grpc-default-executor-1] INFO  client.GrpcClientProtocolClient (GrpcClientProtocolClient.java:onNext(255)) - client-D5CE890D7D9E->efcb8ff8-f060-4d95-9215-d0f5eb4af037: receive RaftClientReply:client-D5CE890D7D9E->efcb8ff8-f060-4d95-9215-d0f5eb4af037@group-0959F8DF43ED, cid=3432, SUCCESS, logIndex=5189, commits[efcb8ff8-f060-4d95-9215-d0f5eb4af037:c5190, 6fae8b02-e804-4c0e-b729-a97b7404b7f6:c5186, 4c3e8a66-6975-4917-8225-d3efe707aaff:c5186]
2019-09-04 11:46:51,131 [grpc-default-executor-1] INFO  client.GrpcClientProtocolClient (GrpcClientProtocolClient.java:onNext(255)) - client-D5CE890D7D9E->efcb8ff8-f060-4d95-9215-d0f5eb4af037: receive RaftClientReply:client-D5CE890D7D9E->efcb8ff8-f060-4d95-9215-d0f5eb4af037@group-0959F8DF43ED, cid=3433, SUCCESS, logIndex=5190, commits[efcb8ff8-f060-4d95-9215-d0f5eb4af037:c5190, 6fae8b02-e804-4c0e-b729-a97b7404b7f6:c5186, 4c3e8a66-6975-4917-8225-d3efe707aaff:c5186]
2019-09-04 11:46:51,131 | INFO  | DNAudit | user=null | ip=null | op=WRITE_CHUNK {blockData=conID: 2 locID: 102734077041377967 bcsId: 0} | ret=SUCCESS |  
2019-09-04 11:46:51,131 | INFO  | DNAudit | user=null | ip=null | op=WRITE_CHUNK {blockData=conID: 2 locID: 102734077041377967 bcsId: 0} | ret=SUCCESS |  
2019-09-04 11:46:51,132 | INFO  | DNAudit | user=null | ip=null | op=PUT_BLOCK {blockData=[blockId=conID: 2 locID: 102734077041377967 bcsId: 0,size=1048576]} | ret=SUCCESS |  
2019-09-04 11:46:51,133 | INFO  | DNAudit | user=null | ip=null | op=PUT_BLOCK {blockData=[blockId=conID: 2 locID: 102734077041377967 bcsId: 0,size=1048576]} | ret=SUCCESS |  
2019-09-04 11:46:51,133 | INFO  | DNAudit | user=null | ip=null | op=WRITE_CHUNK {blockData=conID: 2 locID: 102734077041377967 bcsId: 0} | ret=SUCCESS |  
2019-09-04 11:46:51,133 | INFO  | DNAudit | user=null | ip=null | op=WRITE_CHUNK {blockData=conID: 2 locID: 102734077041377967 bcsId: 0} | ret=SUCCESS |  
2019-09-04 11:46:51,133 | INFO  | DNAudit | user=null | ip=null | op=PUT_BLOCK {blockData=[blockId=conID: 2 locID: 102734077041377967 bcsId: 0,size=2097152]} | ret=SUCCESS |  
2019-09-04 11:46:51,133 | INFO  | DNAudit | user=null | ip=null | op=PUT_BLOCK {blockData=[blockId=conID: 2 locID: 102734077041377967 bcsId: 0,size=2097152]} | ret=SUCCESS |  
2019-09-04 11:46:51,133 [grpc-default-executor-4] INFO  client.GrpcClientProtocolClient (GrpcClientProtocolClient.java:onNext(255)) - client-D5CE890D7D9E->efcb8ff8-f060-4d95-9215-d0f5eb4af037: receive RaftClientReply:client-D5CE890D7D9E->efcb8ff8-f060-4d95-9215-d0f5eb4af037@group-0959F8DF43ED, cid=3434, SUCCESS, logIndex=0, commits[efcb8ff8-f060-4d95-9215-d0f5eb4af037:c5192, 6fae8b02-e804-4c0e-b729-a97b7404b7f6:c5188, 4c3e8a66-6975-4917-8225-d3efe707aaff:c5188]
2019-09-04 11:46:51,139 | INFO  | DNAudit | user=null | ip=null | op=WRITE_CHUNK {blockData=conID: 2 locID: 102734077041377967 bcsId: 5190} | ret=SUCCESS |  
2019-09-04 11:46:51,141 | INFO  | DNAudit | user=null | ip=null | op=WRITE_CHUNK {blockData=conID: 2 locID: 102734077041377967 bcsId: 5190} | ret=SUCCESS |  
2019-09-04 11:46:51,141 | INFO  | DNAudit | user=null | ip=null | op=WRITE_CHUNK {blockData=conID: 2 locID: 102734077041377967 bcsId: 5190} | ret=SUCCESS |  
2019-09-04 11:46:51,157 | INFO  | DNAudit | user=null | ip=null | op=WRITE_CHUNK {blockData=conID: 2 locID: 102734077041377967 bcsId: 5190} | ret=SUCCESS |  
2019-09-04 11:46:51,158 | INFO  | DNAudit | user=null | ip=null | op=PUT_BLOCK {blockData=[blockId=conID: 2 locID: 102734077041377967 bcsId: 0,size=3145728]} | ret=SUCCESS |  
2019-09-04 11:46:51,158 [grpc-default-executor-1] INFO  client.GrpcClientProtocolClient (GrpcClientProtocolClient.java:onNext(255)) - client-D5CE890D7D9E->efcb8ff8-f060-4d95-9215-d0f5eb4af037: receive RaftClientReply:client-D5CE890D7D9E->efcb8ff8-f060-4d95-9215-d0f5eb4af037@group-0959F8DF43ED, cid=3435, SUCCESS, logIndex=5195, commits[efcb8ff8-f060-4d95-9215-d0f5eb4af037:c5196, 6fae8b02-e804-4c0e-b729-a97b7404b7f6:c5194, 4c3e8a66-6975-4917-8225-d3efe707aaff:c5194]
2019-09-04 11:46:51,159 [grpc-default-executor-1] INFO  client.GrpcClientProtocolClient (GrpcClientProtocolClient.java:onNext(255)) - client-D5CE890D7D9E->efcb8ff8-f060-4d95-9215-d0f5eb4af037: receive RaftClientReply:client-D5CE890D7D9E->efcb8ff8-f060-4d95-9215-d0f5eb4af037@group-0959F8DF43ED, cid=3436, SUCCESS, logIndex=5196, commits[efcb8ff8-f060-4d95-9215-d0f5eb4af037:c5196, 6fae8b02-e804-4c0e-b729-a97b7404b7f6:c5194, 4c3e8a66-6975-4917-8225-d3efe707aaff:c5194]
2019-09-04 11:46:51,165 | INFO  | DNAudit | user=null | ip=null | op=WRITE_CHUNK {blockData=conID: 2 locID: 102734077041377967 bcsId: 5196} | ret=SUCCESS |  
2019-09-04 11:46:51,167 | INFO  | DNAudit | user=null | ip=null | op=WRITE_CHUNK {blockData=conID: 2 locID: 102734077041377967 bcsId: 5190} | ret=SUCCESS |  
2019-09-04 11:46:51,167 | INFO  | DNAudit | user=null | ip=null | op=WRITE_CHUNK {blockData=conID: 2 locID: 102734077041377967 bcsId: 5190} | ret=SUCCESS |  
2019-09-04 11:46:51,167 | INFO  | DNAudit | user=null | ip=null | op=WRITE_CHUNK {blockData=conID: 2 locID: 102734077041377967 bcsId: 5196} | ret=SUCCESS |  
2019-09-04 11:46:51,167 | INFO  | DNAudit | user=null | ip=null | op=WRITE_CHUNK {blockData=conID: 2 locID: 102734077041377967 bcsId: 5196} | ret=SUCCESS |  
2019-09-04 11:46:51,167 | INFO  | DNAudit | user=null | ip=null | op=PUT_BLOCK {blockData=[blockId=conID: 2 locID: 102734077041377967 bcsId: 0,size=3145728]} | ret=SUCCESS |  
2019-09-04 11:46:51,167 | INFO  | DNAudit | user=null | ip=null | op=PUT_BLOCK {blockData=[blockId=conID: 2 locID: 102734077041377967 bcsId: 0,size=3145728]} | ret=SUCCESS |  
2019-09-04 11:46:51,178 | INFO  | DNAudit | user=null | ip=null | op=WRITE_CHUNK {blockData=conID: 2 locID: 102734077041377967 bcsId: 5196} | ret=SUCCESS |  
2019-09-04 11:46:51,178 | INFO  | DNAudit | user=null | ip=null | op=PUT_BLOCK {blockData=[blockId=conID: 2 locID: 102734077041377967 bcsId: 0,size=4194304]} | ret=SUCCESS |  
2019-09-04 11:46:51,179 [grpc-default-executor-4] INFO  client.GrpcClientProtocolClient (GrpcClientProtocolClient.java:onNext(255)) - client-D5CE890D7D9E->efcb8ff8-f060-4d95-9215-d0f5eb4af037: receive RaftClientReply:client-D5CE890D7D9E->efcb8ff8-f060-4d95-9215-d0f5eb4af037@group-0959F8DF43ED, cid=3437, SUCCESS, logIndex=5199, commits[efcb8ff8-f060-4d95-9215-d0f5eb4af037:c5200, 6fae8b02-e804-4c0e-b729-a97b7404b7f6:c5196, 4c3e8a66-6975-4917-8225-d3efe707aaff:c5196]
2019-09-04 11:46:51,179 [grpc-default-executor-4] INFO  client.GrpcClientProtocolClient (GrpcClientProtocolClient.java:onNext(255)) - client-D5CE890D7D9E->efcb8ff8-f060-4d95-9215-d0f5eb4af037: receive RaftClientReply:client-D5CE890D7D9E->efcb8ff8-f060-4d95-9215-d0f5eb4af037@group-0959F8DF43ED, cid=3438, SUCCESS, logIndex=5200, commits[efcb8ff8-f060-4d95-9215-d0f5eb4af037:c5200, 6fae8b02-e804-4c0e-b729-a97b7404b7f6:c5196, 4c3e8a66-6975-4917-8225-d3efe707aaff:c5196]
2019-09-04 11:46:51,187 | INFO  | DNAudit | user=null | ip=null | op=WRITE_CHUNK {blockData=conID: 2 locID: 102734077041377967 bcsId: 5196} | ret=SUCCESS |  
2019-09-04 11:46:51,187 | INFO  | DNAudit | user=null | ip=null | op=WRITE_CHUNK {blockData=conID: 2 locID: 102734077041377967 bcsId: 5196} | ret=SUCCESS |  
2019-09-04 11:46:51,188 | INFO  | DNAudit | user=null | ip=null | op=PUT_BLOCK {blockData=[blockId=conID: 2 locID: 102734077041377967 bcsId: 0,size=4194304]} | ret=SUCCESS |  
2019-09-04 11:46:51,188 | INFO  | DNAudit | user=null | ip=null | op=PUT_BLOCK {blockData=[blockId=conID: 2 locID: 102734077041377967 bcsId: 0,size=4194304]} | ret=SUCCESS |  
2019-09-04 11:46:51,188 [grpc-default-executor-4] INFO  client.GrpcClientProtocolClient (GrpcClientProtocolClient.java:onNext(255)) - client-D5CE890D7D9E->efcb8ff8-f060-4d95-9215-d0f5eb4af037: receive RaftClientReply:client-D5CE890D7D9E->efcb8ff8-f060-4d95-9215-d0f5eb4af037@group-0959F8DF43ED, cid=3439, SUCCESS, logIndex=0, commits[efcb8ff8-f060-4d95-9215-d0f5eb4af037:c5201, 6fae8b02-e804-4c0e-b729-a97b7404b7f6:c5200, 4c3e8a66-6975-4917-8225-d3efe707aaff:c5200]
2019-09-04 11:46:51,195 | INFO  | SCMAudit | user=jenkins1000 | ip=192.168.36.67 | op=ALLOCATE_BLOCK {owner=8ab292a2-aaa7-4ad8-863a-d33994811155, size=4194304, type=RATIS, factor=THREE} | ret=SUCCESS |  
2019-09-04 11:46:51,201 | INFO  | OMAudit | user=jenkins1000 | ip=127.0.0.1 | op=ALLOCATE_BLOCK {volume=vol-0-58699, bucket=bucket-0-57464, key=key-0-37266, dataSize=0, replicationType=null, replicationFactor=null, keyLocationInfo=null, clientID=102734073355960722} | ret=SUCCESS |  
2019-09-04 11:46:51,208 | INFO  | DNAudit | user=null | ip=null | op=WRITE_CHUNK {blockData=conID: 3 locID: 102734077047276208 bcsId: 0} | ret=SUCCESS |  
2019-09-04 11:46:51,210 | INFO  | DNAudit | user=null | ip=null | op=WRITE_CHUNK {blockData=conID: 3 locID: 102734077047276208 bcsId: 0} | ret=SUCCESS |  
2019-09-04 11:46:51,210 | INFO  | DNAudit | user=null | ip=null | op=WRITE_CHUNK {blockData=conID: 3 locID: 102734077047276208 bcsId: 0} | ret=SUCCESS |  
2019-09-04 11:46:51,211 | INFO  | DNAudit | user=null | ip=null | op=WRITE_CHUNK {blockData=conID: 3 locID: 102734077047276208 bcsId: 0} | ret=SUCCESS |  
2019-09-04 11:46:51,212 | INFO  | DNAudit | user=null | ip=null | op=WRITE_CHUNK {blockData=conID: 3 locID: 102734077047276208 bcsId: 0} | ret=SUCCESS |  
2019-09-04 11:46:51,213 | INFO  | DNAudit | user=null | ip=null | op=WRITE_CHUNK {blockData=conID: 3 locID: 102734077047276208 bcsId: 0} | ret=SUCCESS |  
2019-09-04 11:46:51,214 | INFO  | DNAudit | user=null | ip=null | op=WRITE_CHUNK {blockData=conID: 3 locID: 102734077047276208 bcsId: 0} | ret=SUCCESS |  
2019-09-04 11:46:51,214 | INFO  | DNAudit | user=null | ip=null | op=PUT_BLOCK {blockData=[blockId=conID: 3 locID: 102734077047276208 bcsId: 0,size=1048576]} | ret=SUCCESS |  
2019-09-04 11:46:51,214 [grpc-default-executor-5] INFO  client.GrpcClientProtocolClient (GrpcClientProtocolClient.java:onNext(255)) - client-D5CE890D7D9E->efcb8ff8-f060-4d95-9215-d0f5eb4af037: receive RaftClientReply:client-D5CE890D7D9E->efcb8ff8-f060-4d95-9215-d0f5eb4af037@group-0959F8DF43ED, cid=3440, SUCCESS, logIndex=5203, commits[efcb8ff8-f060-4d95-9215-d0f5eb4af037:c5204, 6fae8b02-e804-4c0e-b729-a97b7404b7f6:c5202, 4c3e8a66-6975-4917-8225-d3efe707aaff:c5202]
2019-09-04 11:46:51,214 | INFO  | DNAudit | user=null | ip=null | op=WRITE_CHUNK {blockData=conID: 3 locID: 102734077047276208 bcsId: 0} | ret=SUCCESS |  
2019-09-04 11:46:51,215 | INFO  | DNAudit | user=null | ip=null | op=PUT_BLOCK {blockData=[blockId=conID: 3 locID: 102734077047276208 bcsId: 0,size=2097152]} | ret=SUCCESS |  
2019-09-04 11:46:51,215 [grpc-default-executor-6] INFO  client.GrpcClientProtocolClient (GrpcClientProtocolClient.java:onNext(255)) - client-D5CE890D7D9E->efcb8ff8-f060-4d95-9215-d0f5eb4af037: receive RaftClientReply:client-D5CE890D7D9E->efcb8ff8-f060-4d95-9215-d0f5eb4af037@group-0959F8DF43ED, cid=3441, SUCCESS, logIndex=5204, commits[efcb8ff8-f060-4d95-9215-d0f5eb4af037:c5204, 6fae8b02-e804-4c0e-b729-a97b7404b7f6:c5202, 4c3e8a66-6975-4917-8225-d3efe707aaff:c5202]
2019-09-04 11:46:51,215 [grpc-default-executor-6] INFO  client.GrpcClientProtocolClient (GrpcClientProtocolClient.java:onNext(255)) - client-D5CE890D7D9E->efcb8ff8-f060-4d95-9215-d0f5eb4af037: receive RaftClientReply:client-D5CE890D7D9E->efcb8ff8-f060-4d95-9215-d0f5eb4af037@group-0959F8DF43ED, cid=3442, SUCCESS, logIndex=5205, commits[efcb8ff8-f060-4d95-9215-d0f5eb4af037:c5206, 6fae8b02-e804-4c0e-b729-a97b7404b7f6:c5202, 4c3e8a66-6975-4917-8225-d3efe707aaff:c5202]
2019-09-04 11:46:51,215 | INFO  | DNAudit | user=null | ip=null | op=WRITE_CHUNK {blockData=conID: 3 locID: 102734077047276208 bcsId: 0} | ret=SUCCESS |  
2019-09-04 11:46:51,216 | INFO  | DNAudit | user=null | ip=null | op=PUT_BLOCK {blockData=[blockId=conID: 3 locID: 102734077047276208 bcsId: 0,size=1048576]} | ret=SUCCESS |  
2019-09-04 11:46:51,215 [grpc-default-executor-5] INFO  client.GrpcClientProtocolClient (GrpcClientProtocolClient.java:onNext(255)) - client-D5CE890D7D9E->efcb8ff8-f060-4d95-9215-d0f5eb4af037: receive RaftClientReply:client-D5CE890D7D9E->efcb8ff8-f060-4d95-9215-d0f5eb4af037@group-0959F8DF43ED, cid=3443, SUCCESS, logIndex=5206, commits[efcb8ff8-f060-4d95-9215-d0f5eb4af037:c5206, 6fae8b02-e804-4c0e-b729-a97b7404b7f6:c5202, 4c3e8a66-6975-4917-8225-d3efe707aaff:c5202]
2019-09-04 11:46:51,216 | INFO  | DNAudit | user=null | ip=null | op=WRITE_CHUNK {blockData=conID: 3 locID: 102734077047276208 bcsId: 0} | ret=SUCCESS |  
2019-09-04 11:46:51,216 | INFO  | DNAudit | user=null | ip=null | op=PUT_BLOCK {blockData=[blockId=conID: 3 locID: 102734077047276208 bcsId: 0,size=1048576]} | ret=SUCCESS |  
2019-09-04 11:46:51,216 [grpc-default-executor-5] INFO  client.GrpcClientProtocolClient (GrpcClientProtocolClient.java:onNext(255)) - client-D5CE890D7D9E->efcb8ff8-f060-4d95-9215-d0f5eb4af037: receive RaftClientReply:client-D5CE890D7D9E->efcb8ff8-f060-4d95-9215-d0f5eb4af037@group-0959F8DF43ED, cid=3444, SUCCESS, logIndex=0, commits[efcb8ff8-f060-4d95-9215-d0f5eb4af037:c5208, 6fae8b02-e804-4c0e-b729-a97b7404b7f6:c5204, 4c3e8a66-6975-4917-8225-d3efe707aaff:c5204]
2019-09-04 11:46:51,217 | INFO  | DNAudit | user=null | ip=null | op=WRITE_CHUNK {blockData=conID: 3 locID: 102734077047276208 bcsId: 0} | ret=SUCCESS |  
2019-09-04 11:46:51,217 | INFO  | DNAudit | user=null | ip=null | op=WRITE_CHUNK {blockData=conID: 3 locID: 102734077047276208 bcsId: 0} | ret=SUCCESS |  
2019-09-04 11:46:51,217 | INFO  | DNAudit | user=null | ip=null | op=PUT_BLOCK {blockData=[blockId=conID: 3 locID: 102734077047276208 bcsId: 0,size=2097152]} | ret=SUCCESS |  
2019-09-04 11:46:51,217 | INFO  | DNAudit | user=null | ip=null | op=PUT_BLOCK {blockData=[blockId=conID: 3 locID: 102734077047276208 bcsId: 0,size=2097152]} | ret=SUCCESS |  
2019-09-04 11:46:51,222 | INFO  | DNAudit | user=null | ip=null | op=WRITE_CHUNK {blockData=conID: 3 locID: 102734077047276208 bcsId: 5206} | ret=SUCCESS |  
2019-09-04 11:46:51,224 | INFO  | DNAudit | user=null | ip=null | op=WRITE_CHUNK {blockData=conID: 3 locID: 102734077047276208 bcsId: 5206} | ret=SUCCESS |  
2019-09-04 11:46:51,225 | INFO  | DNAudit | user=null | ip=null | op=WRITE_CHUNK {blockData=conID: 3 locID: 102734077047276208 bcsId: 5206} | ret=SUCCESS |  
2019-09-04 11:46:51,238 | INFO  | DNAudit | user=null | ip=null | op=WRITE_CHUNK {blockData=conID: 3 locID: 102734077047276208 bcsId: 5206} | ret=SUCCESS |  
2019-09-04 11:46:51,238 | INFO  | DNAudit | user=null | ip=null | op=PUT_BLOCK {blockData=[blockId=conID: 3 locID: 102734077047276208 bcsId: 0,size=3145728]} | ret=SUCCESS |  
2019-09-04 11:46:51,239 [grpc-default-executor-5] INFO  client.GrpcClientProtocolClient (GrpcClientProtocolClient.java:onNext(255)) - client-D5CE890D7D9E->efcb8ff8-f060-4d95-9215-d0f5eb4af037: receive RaftClientReply:client-D5CE890D7D9E->efcb8ff8-f060-4d95-9215-d0f5eb4af037@group-0959F8DF43ED, cid=3445, SUCCESS, logIndex=5211, commits[efcb8ff8-f060-4d95-9215-d0f5eb4af037:c5212, 6fae8b02-e804-4c0e-b729-a97b7404b7f6:c5210, 4c3e8a66-6975-4917-8225-d3efe707aaff:c5210]
2019-09-04 11:46:51,239 [grpc-default-executor-5] INFO  client.GrpcClientProtocolClient (GrpcClientProtocolClient.java:onNext(255)) - client-D5CE890D7D9E->efcb8ff8-f060-4d95-9215-d0f5eb4af037: receive RaftClientReply:client-D5CE890D7D9E->efcb8ff8-f060-4d95-9215-d0f5eb4af037@group-0959F8DF43ED, cid=3446, SUCCESS, logIndex=5212, commits[efcb8ff8-f060-4d95-9215-d0f5eb4af037:c5212, 6fae8b02-e804-4c0e-b729-a97b7404b7f6:c5210, 4c3e8a66-6975-4917-8225-d3efe707aaff:c5210]
2019-09-04 11:46:51,244 | INFO  | DNAudit | user=null | ip=null | op=WRITE_CHUNK {blockData=conID: 3 locID: 102734077047276208 bcsId: 5206} | ret=SUCCESS |  
2019-09-04 11:46:51,244 | INFO  | DNAudit | user=null | ip=null | op=WRITE_CHUNK {blockData=conID: 3 locID: 102734077047276208 bcsId: 5206} | ret=SUCCESS |  
2019-09-04 11:46:51,245 | INFO  | DNAudit | user=null | ip=null | op=WRITE_CHUNK {blockData=conID: 3 locID: 102734077047276208 bcsId: 5212} | ret=SUCCESS |  
2019-09-04 11:46:51,245 | INFO  | DNAudit | user=null | ip=null | op=PUT_BLOCK {blockData=[blockId=conID: 3 locID: 102734077047276208 bcsId: 0,size=3145728]} | ret=SUCCESS |  
2019-09-04 11:46:51,245 | INFO  | DNAudit | user=null | ip=null | op=PUT_BLOCK {blockData=[blockId=conID: 3 locID: 102734077047276208 bcsId: 0,size=3145728]} | ret=SUCCESS |  
2019-09-04 11:46:51,247 | INFO  | DNAudit | user=null | ip=null | op=WRITE_CHUNK {blockData=conID: 3 locID: 102734077047276208 bcsId: 5212} | ret=SUCCESS |  
2019-09-04 11:46:51,249 | INFO  | DNAudit | user=null | ip=null | op=WRITE_CHUNK {blockData=conID: 3 locID: 102734077047276208 bcsId: 5212} | ret=SUCCESS |  
2019-09-04 11:46:51,252 | INFO  | DNAudit | user=null | ip=null | op=WRITE_CHUNK {blockData=conID: 3 locID: 102734077047276208 bcsId: 5212} | ret=SUCCESS |  
2019-09-04 11:46:51,252 | INFO  | DNAudit | user=null | ip=null | op=PUT_BLOCK {blockData=[blockId=conID: 3 locID: 102734077047276208 bcsId: 0,size=4194304]} | ret=SUCCESS |  
2019-09-04 11:46:51,253 [grpc-default-executor-4] INFO  client.GrpcClientProtocolClient (GrpcClientProtocolClient.java:onNext(255)) - client-D5CE890D7D9E->efcb8ff8-f060-4d95-9215-d0f5eb4af037: receive RaftClientReply:client-D5CE890D7D9E->efcb8ff8-f060-4d95-9215-d0f5eb4af037@group-0959F8DF43ED, cid=3447, SUCCESS, logIndex=5215, commits[efcb8ff8-f060-4d95-9215-d0f5eb4af037:c5216, 6fae8b02-e804-4c0e-b729-a97b7404b7f6:c5213, 4c3e8a66-6975-4917-8225-d3efe707aaff:c5212]
2019-09-04 11:46:51,253 [grpc-default-executor-4] INFO  client.GrpcClientProtocolClient (GrpcClientProtocolClient.java:onNext(255)) - client-D5CE890D7D9E->efcb8ff8-f060-4d95-9215-d0f5eb4af037: receive RaftClientReply:client-D5CE890D7D9E->efcb8ff8-f060-4d95-9215-d0f5eb4af037@group-0959F8DF43ED, cid=3448, SUCCESS, logIndex=5216, commits[efcb8ff8-f060-4d95-9215-d0f5eb4af037:c5216, 6fae8b02-e804-4c0e-b729-a97b7404b7f6:c5213, 4c3e8a66-6975-4917-8225-d3efe707aaff:c5213]
2019-09-04 11:46:51,261 | INFO  | DNAudit | user=null | ip=null | op=WRITE_CHUNK {blockData=conID: 3 locID: 102734077047276208 bcsId: 5212} | ret=SUCCESS |  
2019-09-04 11:46:51,262 | INFO  | DNAudit | user=null | ip=null | op=WRITE_CHUNK {blockData=conID: 3 locID: 102734077047276208 bcsId: 5212} | ret=SUCCESS |  
2019-09-04 11:46:51,262 | INFO  | DNAudit | user=null | ip=null | op=PUT_BLOCK {blockData=[blockId=conID: 3 locID: 102734077047276208 bcsId: 0,size=4194304]} | ret=SUCCESS |  
2019-09-04 11:46:51,263 | INFO  | DNAudit | user=null | ip=null | op=PUT_BLOCK {blockData=[blockId=conID: 3 locID: 102734077047276208 bcsId: 0,size=4194304]} | ret=SUCCESS |  
2019-09-04 11:46:51,263 [grpc-default-executor-4] INFO  client.GrpcClientProtocolClient (GrpcClientProtocolClient.java:onNext(255)) - client-D5CE890D7D9E->efcb8ff8-f060-4d95-9215-d0f5eb4af037: receive RaftClientReply:client-D5CE890D7D9E->efcb8ff8-f060-4d95-9215-d0f5eb4af037@group-0959F8DF43ED, cid=3449, SUCCESS, logIndex=0, commits[efcb8ff8-f060-4d95-9215-d0f5eb4af037:c5217, 6fae8b02-e804-4c0e-b729-a97b7404b7f6:c5216, 4c3e8a66-6975-4917-8225-d3efe707aaff:c5216]
2019-09-04 11:46:51,268 | INFO  | SCMAudit | user=jenkins1000 | ip=192.168.36.67 | op=ALLOCATE_BLOCK {owner=8ab292a2-aaa7-4ad8-863a-d33994811155, size=4194304, type=RATIS, factor=THREE} | ret=SUCCESS |  
2019-09-04 11:46:51,273 | INFO  | OMAudit | user=jenkins1000 | ip=127.0.0.1 | op=ALLOCATE_BLOCK {volume=vol-0-58699, bucket=bucket-0-57464, key=key-0-37266, dataSize=0, replicationType=null, replicationFactor=null, keyLocationInfo=null, clientID=102734073355960722} | ret=SUCCESS |  
2019-09-04 11:46:51,279 | INFO  | DNAudit | user=null | ip=null | op=WRITE_CHUNK {blockData=conID: 1 locID: 102734077052060337 bcsId: 0} | ret=SUCCESS |  
2019-09-04 11:46:51,282 | INFO  | DNAudit | user=null | ip=null | op=WRITE_CHUNK {blockData=conID: 1 locID: 102734077052060337 bcsId: 0} | ret=SUCCESS |  
2019-09-04 11:46:51,282 | INFO  | DNAudit | user=null | ip=null | op=WRITE_CHUNK {blockData=conID: 1 locID: 102734077052060337 bcsId: 0} | ret=SUCCESS |  
2019-09-04 11:46:51,282 | INFO  | DNAudit | user=null | ip=null | op=WRITE_CHUNK {blockData=conID: 1 locID: 102734077052060337 bcsId: 0} | ret=SUCCESS |  
2019-09-04 11:46:51,284 | INFO  | DNAudit | user=null | ip=null | op=WRITE_CHUNK {blockData=conID: 1 locID: 102734077052060337 bcsId: 0} | ret=SUCCESS |  
2019-09-04 11:46:51,284 | INFO  | DNAudit | user=null | ip=null | op=WRITE_CHUNK {blockData=conID: 1 locID: 102734077052060337 bcsId: 0} | ret=SUCCESS |  
2019-09-04 11:46:51,285 | INFO  | DNAudit | user=null | ip=null | op=WRITE_CHUNK {blockData=conID: 1 locID: 102734077052060337 bcsId: 0} | ret=SUCCESS |  
2019-09-04 11:46:51,285 | INFO  | DNAudit | user=null | ip=null | op=PUT_BLOCK {blockData=[blockId=conID: 1 locID: 102734077052060337 bcsId: 0,size=1048576]} | ret=SUCCESS |  
2019-09-04 11:46:51,285 [grpc-default-executor-5] INFO  client.GrpcClientProtocolClient (GrpcClientProtocolClient.java:onNext(255)) - client-D5CE890D7D9E->efcb8ff8-f060-4d95-9215-d0f5eb4af037: receive RaftClientReply:client-D5CE890D7D9E->efcb8ff8-f060-4d95-9215-d0f5eb4af037@group-0959F8DF43ED, cid=3450, SUCCESS, logIndex=5219, commits[efcb8ff8-f060-4d95-9215-d0f5eb4af037:c5220, 6fae8b02-e804-4c0e-b729-a97b7404b7f6:c5216, 4c3e8a66-6975-4917-8225-d3efe707aaff:c5218]
2019-09-04 11:46:51,286 [grpc-default-executor-5] INFO  client.GrpcClientProtocolClient (GrpcClientProtocolClient.java:onNext(255)) - client-D5CE890D7D9E->efcb8ff8-f060-4d95-9215-d0f5eb4af037: receive RaftClientReply:client-D5CE890D7D9E->efcb8ff8-f060-4d95-9215-d0f5eb4af037@group-0959F8DF43ED, cid=3451, SUCCESS, logIndex=5220, commits[efcb8ff8-f060-4d95-9215-d0f5eb4af037:c5220, 6fae8b02-e804-4c0e-b729-a97b7404b7f6:c5216, 4c3e8a66-6975-4917-8225-d3efe707aaff:c5218]
2019-09-04 11:46:51,287 | INFO  | DNAudit | user=null | ip=null | op=WRITE_CHUNK {blockData=conID: 1 locID: 102734077052060337 bcsId: 0} | ret=SUCCESS |  
2019-09-04 11:46:51,287 | INFO  | DNAudit | user=null | ip=null | op=PUT_BLOCK {blockData=[blockId=conID: 1 locID: 102734077052060337 bcsId: 0,size=2097152]} | ret=SUCCESS |  
2019-09-04 11:46:51,287 [grpc-default-executor-5] INFO  client.GrpcClientProtocolClient (GrpcClientProtocolClient.java:onNext(255)) - client-D5CE890D7D9E->efcb8ff8-f060-4d95-9215-d0f5eb4af037: receive RaftClientReply:client-D5CE890D7D9E->efcb8ff8-f060-4d95-9215-d0f5eb4af037@group-0959F8DF43ED, cid=3452, SUCCESS, logIndex=5221, commits[efcb8ff8-f060-4d95-9215-d0f5eb4af037:c5222, 6fae8b02-e804-4c0e-b729-a97b7404b7f6:c5218, 4c3e8a66-6975-4917-8225-d3efe707aaff:c5218]
2019-09-04 11:46:51,287 [grpc-default-executor-5] INFO  client.GrpcClientProtocolClient (GrpcClientProtocolClient.java:onNext(255)) - client-D5CE890D7D9E->efcb8ff8-f060-4d95-9215-d0f5eb4af037: receive RaftClientReply:client-D5CE890D7D9E->efcb8ff8-f060-4d95-9215-d0f5eb4af037@group-0959F8DF43ED, cid=3453, SUCCESS, logIndex=5222, commits[efcb8ff8-f060-4d95-9215-d0f5eb4af037:c5222, 6fae8b02-e804-4c0e-b729-a97b7404b7f6:c5218, 4c3e8a66-6975-4917-8225-d3efe707aaff:c5218]
2019-09-04 11:46:51,288 | INFO  | DNAudit | user=null | ip=null | op=WRITE_CHUNK {blockData=conID: 1 locID: 102734077052060337 bcsId: 0} | ret=SUCCESS |  
2019-09-04 11:46:51,288 | INFO  | DNAudit | user=null | ip=null | op=WRITE_CHUNK {blockData=conID: 1 locID: 102734077052060337 bcsId: 0} | ret=SUCCESS |  
2019-09-04 11:46:51,288 | INFO  | DNAudit | user=null | ip=null | op=PUT_BLOCK {blockData=[blockId=conID: 1 locID: 102734077052060337 bcsId: 0,size=1048576]} | ret=SUCCESS |  
2019-09-04 11:46:51,288 | INFO  | DNAudit | user=null | ip=null | op=PUT_BLOCK {blockData=[blockId=conID: 1 locID: 102734077052060337 bcsId: 0,size=1048576]} | ret=SUCCESS |  
2019-09-04 11:46:51,288 [grpc-default-executor-4] INFO  client.GrpcClientProtocolClient (GrpcClientProtocolClient.java:onNext(255)) - client-D5CE890D7D9E->efcb8ff8-f060-4d95-9215-d0f5eb4af037: receive RaftClientReply:client-D5CE890D7D9E->efcb8ff8-f060-4d95-9215-d0f5eb4af037@group-0959F8DF43ED, cid=3454, SUCCESS, logIndex=0, commits[efcb8ff8-f060-4d95-9215-d0f5eb4af037:c5223, 6fae8b02-e804-4c0e-b729-a97b7404b7f6:c5220, 4c3e8a66-6975-4917-8225-d3efe707aaff:c5220]
2019-09-04 11:46:51,289 | INFO  | DNAudit | user=null | ip=null | op=WRITE_CHUNK {blockData=conID: 1 locID: 102734077052060337 bcsId: 0} | ret=SUCCESS |  
2019-09-04 11:46:51,289 | INFO  | DNAudit | user=null | ip=null | op=WRITE_CHUNK {blockData=conID: 1 locID: 102734077052060337 bcsId: 0} | ret=SUCCESS |  
2019-09-04 11:46:51,289 | INFO  | DNAudit | user=null | ip=null | op=PUT_BLOCK {blockData=[blockId=conID: 1 locID: 102734077052060337 bcsId: 0,size=2097152]} | ret=SUCCESS |  
2019-09-04 11:46:51,289 | INFO  | DNAudit | user=null | ip=null | op=PUT_BLOCK {blockData=[blockId=conID: 1 locID: 102734077052060337 bcsId: 0,size=2097152]} | ret=SUCCESS |  
2019-09-04 11:46:51,294 | INFO  | DNAudit | user=null | ip=null | op=WRITE_CHUNK {blockData=conID: 1 locID: 102734077052060337 bcsId: 5222} | ret=SUCCESS |  
2019-09-04 11:46:51,296 | INFO  | DNAudit | user=null | ip=null | op=WRITE_CHUNK {blockData=conID: 1 locID: 102734077052060337 bcsId: 5222} | ret=SUCCESS |  
2019-09-04 11:46:51,297 | INFO  | DNAudit | user=null | ip=null | op=WRITE_CHUNK {blockData=conID: 1 locID: 102734077052060337 bcsId: 5222} | ret=SUCCESS |  
2019-09-04 11:46:51,301 | INFO  | DNAudit | user=null | ip=null | op=WRITE_CHUNK {blockData=conID: 1 locID: 102734077052060337 bcsId: 5222} | ret=SUCCESS |  
2019-09-04 11:46:51,301 | INFO  | DNAudit | user=null | ip=null | op=PUT_BLOCK {blockData=[blockId=conID: 1 locID: 102734077052060337 bcsId: 0,size=3145728]} | ret=SUCCESS |  
2019-09-04 11:46:51,302 [grpc-default-executor-6] INFO  client.GrpcClientProtocolClient (GrpcClientProtocolClient.java:onNext(255)) - client-D5CE890D7D9E->efcb8ff8-f060-4d95-9215-d0f5eb4af037: receive RaftClientReply:client-D5CE890D7D9E->efcb8ff8-f060-4d95-9215-d0f5eb4af037@group-0959F8DF43ED, cid=3455, SUCCESS, logIndex=5227, commits[efcb8ff8-f060-4d95-9215-d0f5eb4af037:c5228, 6fae8b02-e804-4c0e-b729-a97b7404b7f6:c5226, 4c3e8a66-6975-4917-8225-d3efe707aaff:c5226]
2019-09-04 11:46:51,302 [grpc-default-executor-6] INFO  client.GrpcClientProtocolClient (GrpcClientProtocolClient.java:onNext(255)) - client-D5CE890D7D9E->efcb8ff8-f060-4d95-9215-d0f5eb4af037: receive RaftClientReply:client-D5CE890D7D9E->efcb8ff8-f060-4d95-9215-d0f5eb4af037@group-0959F8DF43ED, cid=3456, SUCCESS, logIndex=5228, commits[efcb8ff8-f060-4d95-9215-d0f5eb4af037:c5228, 6fae8b02-e804-4c0e-b729-a97b7404b7f6:c5226, 4c3e8a66-6975-4917-8225-d3efe707aaff:c5226]
2019-09-04 11:46:51,308 | INFO  | DNAudit | user=null | ip=null | op=WRITE_CHUNK {blockData=conID: 1 locID: 102734077052060337 bcsId: 5228} | ret=SUCCESS |  
2019-09-04 11:46:51,309 | INFO  | DNAudit | user=null | ip=null | op=WRITE_CHUNK {blockData=conID: 1 locID: 102734077052060337 bcsId: 5228} | ret=SUCCESS |  
2019-09-04 11:46:51,310 | INFO  | DNAudit | user=null | ip=null | op=WRITE_CHUNK {blockData=conID: 1 locID: 102734077052060337 bcsId: 5228} | ret=SUCCESS |  
2019-09-04 11:46:51,310 | INFO  | DNAudit | user=null | ip=null | op=WRITE_CHUNK {blockData=conID: 1 locID: 102734077052060337 bcsId: 5222} | ret=SUCCESS |  
2019-09-04 11:46:51,310 | INFO  | DNAudit | user=null | ip=null | op=WRITE_CHUNK {blockData=conID: 1 locID: 102734077052060337 bcsId: 5222} | ret=SUCCESS |  
2019-09-04 11:46:51,311 | INFO  | DNAudit | user=null | ip=null | op=PUT_BLOCK {blockData=[blockId=conID: 1 locID: 102734077052060337 bcsId: 0,size=3145728]} | ret=SUCCESS |  
2019-09-04 11:46:51,311 | INFO  | DNAudit | user=null | ip=null | op=PUT_BLOCK {blockData=[blockId=conID: 1 locID: 102734077052060337 bcsId: 0,size=3145728]} | ret=SUCCESS |  
2019-09-04 11:46:51,312 | INFO  | DNAudit | user=null | ip=null | op=WRITE_CHUNK {blockData=conID: 1 locID: 102734077052060337 bcsId: 5228} | ret=SUCCESS |  
2019-09-04 11:46:51,312 | INFO  | DNAudit | user=null | ip=null | op=PUT_BLOCK {blockData=[blockId=conID: 1 locID: 102734077052060337 bcsId: 0,size=4194304]} | ret=SUCCESS |  
2019-09-04 11:46:51,312 [grpc-default-executor-4] INFO  client.GrpcClientProtocolClient (GrpcClientProtocolClient.java:onNext(255)) - client-D5CE890D7D9E->efcb8ff8-f060-4d95-9215-d0f5eb4af037: receive RaftClientReply:client-D5CE890D7D9E->efcb8ff8-f060-4d95-9215-d0f5eb4af037@group-0959F8DF43ED, cid=3457, SUCCESS, logIndex=5231, commits[efcb8ff8-f060-4d95-9215-d0f5eb4af037:c5232, 6fae8b02-e804-4c0e-b729-a97b7404b7f6:c5228, 4c3e8a66-6975-4917-8225-d3efe707aaff:c5228]
2019-09-04 11:46:51,312 [grpc-default-executor-6] INFO  client.GrpcClientProtocolClient (GrpcClientProtocolClient.java:onNext(255)) - client-D5CE890D7D9E->efcb8ff8-f060-4d95-9215-d0f5eb4af037: receive RaftClientReply:client-D5CE890D7D9E->efcb8ff8-f060-4d95-9215-d0f5eb4af037@group-0959F8DF43ED, cid=3458, SUCCESS, logIndex=5232, commits[efcb8ff8-f060-4d95-9215-d0f5eb4af037:c5232, 6fae8b02-e804-4c0e-b729-a97b7404b7f6:c5228, 4c3e8a66-6975-4917-8225-d3efe707aaff:c5228]
2019-09-04 11:46:51,321 | INFO  | DNAudit | user=null | ip=null | op=WRITE_CHUNK {blockData=conID: 1 locID: 102734077052060337 bcsId: 5228} | ret=SUCCESS |  
2019-09-04 11:46:51,321 | INFO  | DNAudit | user=null | ip=null | op=WRITE_CHUNK {blockData=conID: 1 locID: 102734077052060337 bcsId: 5228} | ret=SUCCESS |  
2019-09-04 11:46:51,322 | INFO  | DNAudit | user=null | ip=null | op=PUT_BLOCK {blockData=[blockId=conID: 1 locID: 102734077052060337 bcsId: 0,size=4194304]} | ret=SUCCESS |  
2019-09-04 11:46:51,322 | INFO  | DNAudit | user=null | ip=null | op=PUT_BLOCK {blockData=[blockId=conID: 1 locID: 102734077052060337 bcsId: 0,size=4194304]} | ret=SUCCESS |  
2019-09-04 11:46:51,323 [grpc-default-executor-4] INFO  client.GrpcClientProtocolClient (GrpcClientProtocolClient.java:onNext(255)) - client-D5CE890D7D9E->efcb8ff8-f060-4d95-9215-d0f5eb4af037: receive RaftClientReply:client-D5CE890D7D9E->efcb8ff8-f060-4d95-9215-d0f5eb4af037@group-0959F8DF43ED, cid=3459, SUCCESS, logIndex=0, commits[efcb8ff8-f060-4d95-9215-d0f5eb4af037:c5234, 6fae8b02-e804-4c0e-b729-a97b7404b7f6:c5232, 4c3e8a66-6975-4917-8225-d3efe707aaff:c5232]
2019-09-04 11:46:51,329 | INFO  | SCMAudit | user=jenkins1000 | ip=192.168.36.67 | op=ALLOCATE_BLOCK {owner=8ab292a2-aaa7-4ad8-863a-d33994811155, size=4194304, type=RATIS, factor=THREE} | ret=SUCCESS |  
2019-09-04 11:46:51,333 | INFO  | OMAudit | user=jenkins1000 | ip=127.0.0.1 | op=ALLOCATE_BLOCK {volume=vol-0-58699, bucket=bucket-0-57464, key=key-0-37266, dataSize=0, replicationType=null, replicationFactor=null, keyLocationInfo=null, clientID=102734073355960722} | ret=SUCCESS |  
2019-09-04 11:46:51,339 | INFO  | DNAudit | user=null | ip=null | op=WRITE_CHUNK {blockData=conID: 2 locID: 102734077056058034 bcsId: 0} | ret=SUCCESS |  
2019-09-04 11:46:51,342 | INFO  | DNAudit | user=null | ip=null | op=WRITE_CHUNK {blockData=conID: 2 locID: 102734077056058034 bcsId: 0} | ret=SUCCESS |  
2019-09-04 11:46:51,342 | INFO  | DNAudit | user=null | ip=null | op=WRITE_CHUNK {blockData=conID: 2 locID: 102734077056058034 bcsId: 0} | ret=SUCCESS |  
2019-09-04 11:46:51,343 | INFO  | DNAudit | user=null | ip=null | op=WRITE_CHUNK {blockData=conID: 2 locID: 102734077056058034 bcsId: 0} | ret=SUCCESS |  
2019-09-04 11:46:51,345 | INFO  | DNAudit | user=null | ip=null | op=WRITE_CHUNK {blockData=conID: 2 locID: 102734077056058034 bcsId: 0} | ret=SUCCESS |  
2019-09-04 11:46:51,346 | INFO  | DNAudit | user=null | ip=null | op=WRITE_CHUNK {blockData=conID: 2 locID: 102734077056058034 bcsId: 0} | ret=SUCCESS |  
2019-09-04 11:46:51,357 | INFO  | DNAudit | user=null | ip=null | op=WRITE_CHUNK {blockData=conID: 2 locID: 102734077056058034 bcsId: 0} | ret=SUCCESS |  
2019-09-04 11:46:51,357 | INFO  | DNAudit | user=null | ip=null | op=PUT_BLOCK {blockData=[blockId=conID: 2 locID: 102734077056058034 bcsId: 0,size=1048576]} | ret=SUCCESS |  
2019-09-04 11:46:51,357 [grpc-default-executor-5] INFO  client.GrpcClientProtocolClient (GrpcClientProtocolClient.java:onNext(255)) - client-D5CE890D7D9E->efcb8ff8-f060-4d95-9215-d0f5eb4af037: receive RaftClientReply:client-D5CE890D7D9E->efcb8ff8-f060-4d95-9215-d0f5eb4af037@group-0959F8DF43ED, cid=3460, SUCCESS, logIndex=5235, commits[efcb8ff8-f060-4d95-9215-d0f5eb4af037:c5236, 6fae8b02-e804-4c0e-b729-a97b7404b7f6:c5234, 4c3e8a66-6975-4917-8225-d3efe707aaff:c5234]
2019-09-04 11:46:51,358 [grpc-default-executor-5] INFO  client.GrpcClientProtocolClient (GrpcClientProtocolClient.java:onNext(255)) - client-D5CE890D7D9E->efcb8ff8-f060-4d95-9215-d0f5eb4af037: receive RaftClientReply:client-D5CE890D7D9E->efcb8ff8-f060-4d95-9215-d0f5eb4af037@group-0959F8DF43ED, cid=3461, SUCCESS, logIndex=5236, commits[efcb8ff8-f060-4d95-9215-d0f5eb4af037:c5236, 6fae8b02-e804-4c0e-b729-a97b7404b7f6:c5234, 4c3e8a66-6975-4917-8225-d3efe707aaff:c5234]
2019-09-04 11:46:51,366 | INFO  | DNAudit | user=null | ip=null | op=WRITE_CHUNK {blockData=conID: 2 locID: 102734077056058034 bcsId: 0} | ret=SUCCESS |  
2019-09-04 11:46:51,366 | INFO  | DNAudit | user=null | ip=null | op=PUT_BLOCK {blockData=[blockId=conID: 2 locID: 102734077056058034 bcsId: 0,size=2097152]} | ret=SUCCESS |  
2019-09-04 11:46:51,366 [grpc-default-executor-5] INFO  client.GrpcClientProtocolClient (GrpcClientProtocolClient.java:onNext(255)) - client-D5CE890D7D9E->efcb8ff8-f060-4d95-9215-d0f5eb4af037: receive RaftClientReply:client-D5CE890D7D9E->efcb8ff8-f060-4d95-9215-d0f5eb4af037@group-0959F8DF43ED, cid=3462, SUCCESS, logIndex=5237, commits[efcb8ff8-f060-4d95-9215-d0f5eb4af037:c5238, 6fae8b02-e804-4c0e-b729-a97b7404b7f6:c5234, 4c3e8a66-6975-4917-8225-d3efe707aaff:c5234]
2019-09-04 11:46:51,367 [grpc-default-executor-5] INFO  client.GrpcClientProtocolClient (GrpcClientProtocolClient.java:onNext(255)) - client-D5CE890D7D9E->efcb8ff8-f060-4d95-9215-d0f5eb4af037: receive RaftClientReply:client-D5CE890D7D9E->efcb8ff8-f060-4d95-9215-d0f5eb4af037@group-0959F8DF43ED, cid=3463, SUCCESS, logIndex=5238, commits[efcb8ff8-f060-4d95-9215-d0f5eb4af037:c5238, 6fae8b02-e804-4c0e-b729-a97b7404b7f6:c5234, 4c3e8a66-6975-4917-8225-d3efe707aaff:c5234]
2019-09-04 11:46:51,372 | INFO  | DNAudit | user=null | ip=null | op=WRITE_CHUNK {blockData=conID: 2 locID: 102734077056058034 bcsId: 0} | ret=SUCCESS |  
2019-09-04 11:46:51,372 | INFO  | DNAudit | user=null | ip=null | op=WRITE_CHUNK {blockData=conID: 2 locID: 102734077056058034 bcsId: 0} | ret=SUCCESS |  
2019-09-04 11:46:51,374 | INFO  | DNAudit | user=null | ip=null | op=PUT_BLOCK {blockData=[blockId=conID: 2 locID: 102734077056058034 bcsId: 0,size=1048576]} | ret=SUCCESS |  
2019-09-04 11:46:51,374 | INFO  | DNAudit | user=null | ip=null | op=PUT_BLOCK {blockData=[blockId=conID: 2 locID: 102734077056058034 bcsId: 0,size=1048576]} | ret=SUCCESS |  
2019-09-04 11:46:51,376 [grpc-default-executor-4] INFO  client.GrpcClientProtocolClient (GrpcClientProtocolClient.java:onNext(255)) - client-D5CE890D7D9E->efcb8ff8-f060-4d95-9215-d0f5eb4af037: receive RaftClientReply:client-D5CE890D7D9E->efcb8ff8-f060-4d95-9215-d0f5eb4af037@group-0959F8DF43ED, cid=3464, SUCCESS, logIndex=0, commits[efcb8ff8-f060-4d95-9215-d0f5eb4af037:c5240, 6fae8b02-e804-4c0e-b729-a97b7404b7f6:c5236, 4c3e8a66-6975-4917-8225-d3efe707aaff:c5236]
2019-09-04 11:46:51,383 | INFO  | DNAudit | user=null | ip=null | op=WRITE_CHUNK {blockData=conID: 2 locID: 102734077056058034 bcsId: 5238} | ret=SUCCESS |  
2019-09-04 11:46:51,385 | INFO  | DNAudit | user=null | ip=null | op=WRITE_CHUNK {blockData=conID: 2 locID: 102734077056058034 bcsId: 5238} | ret=SUCCESS |  
2019-09-04 11:46:51,385 | INFO  | DNAudit | user=null | ip=null | op=WRITE_CHUNK {blockData=conID: 2 locID: 102734077056058034 bcsId: 5238} | ret=SUCCESS |  
2019-09-04 11:46:51,387 | INFO  | DNAudit | user=null | ip=null | op=WRITE_CHUNK {blockData=conID: 2 locID: 102734077056058034 bcsId: 0} | ret=SUCCESS |  
2019-09-04 11:46:51,387 | INFO  | DNAudit | user=null | ip=null | op=WRITE_CHUNK {blockData=conID: 2 locID: 102734077056058034 bcsId: 0} | ret=SUCCESS |  
2019-09-04 11:46:51,387 | INFO  | DNAudit | user=null | ip=null | op=PUT_BLOCK {blockData=[blockId=conID: 2 locID: 102734077056058034 bcsId: 0,size=2097152]} | ret=SUCCESS |  
2019-09-04 11:46:51,387 | INFO  | DNAudit | user=null | ip=null | op=PUT_BLOCK {blockData=[blockId=conID: 2 locID: 102734077056058034 bcsId: 0,size=2097152]} | ret=SUCCESS |  
2019-09-04 11:46:51,389 | INFO  | DNAudit | user=null | ip=null | op=WRITE_CHUNK {blockData=conID: 2 locID: 102734077056058034 bcsId: 5238} | ret=SUCCESS |  
2019-09-04 11:46:51,389 | INFO  | DNAudit | user=null | ip=null | op=PUT_BLOCK {blockData=[blockId=conID: 2 locID: 102734077056058034 bcsId: 0,size=3145728]} | ret=SUCCESS |  
2019-09-04 11:46:51,389 [grpc-default-executor-6] INFO  client.GrpcClientProtocolClient (GrpcClientProtocolClient.java:onNext(255)) - client-D5CE890D7D9E->efcb8ff8-f060-4d95-9215-d0f5eb4af037: receive RaftClientReply:client-D5CE890D7D9E->efcb8ff8-f060-4d95-9215-d0f5eb4af037@group-0959F8DF43ED, cid=3465, SUCCESS, logIndex=5243, commits[efcb8ff8-f060-4d95-9215-d0f5eb4af037:c5244, 6fae8b02-e804-4c0e-b729-a97b7404b7f6:c5240, 4c3e8a66-6975-4917-8225-d3efe707aaff:c5240]
2019-09-04 11:46:51,390 [grpc-default-executor-6] INFO  client.GrpcClientProtocolClient (GrpcClientProtocolClient.java:onNext(255)) - client-D5CE890D7D9E->efcb8ff8-f060-4d95-9215-d0f5eb4af037: receive RaftClientReply:client-D5CE890D7D9E->efcb8ff8-f060-4d95-9215-d0f5eb4af037@group-0959F8DF43ED, cid=3466, SUCCESS, logIndex=5244, commits[efcb8ff8-f060-4d95-9215-d0f5eb4af037:c5244, 6fae8b02-e804-4c0e-b729-a97b7404b7f6:c5240, 4c3e8a66-6975-4917-8225-d3efe707aaff:c5240]
2019-09-04 11:46:51,396 | INFO  | DNAudit | user=null | ip=null | op=WRITE_CHUNK {blockData=conID: 2 locID: 102734077056058034 bcsId: 5244} | ret=SUCCESS |  
2019-09-04 11:46:51,397 | INFO  | DNAudit | user=null | ip=null | op=WRITE_CHUNK {blockData=conID: 2 locID: 102734077056058034 bcsId: 5238} | ret=SUCCESS |  
2019-09-04 11:46:51,397 | INFO  | DNAudit | user=null | ip=null | op=WRITE_CHUNK {blockData=conID: 2 locID: 102734077056058034 bcsId: 5238} | ret=SUCCESS |  
2019-09-04 11:46:51,398 | INFO  | DNAudit | user=null | ip=null | op=WRITE_CHUNK {blockData=conID: 2 locID: 102734077056058034 bcsId: 5244} | ret=SUCCESS |  
2019-09-04 11:46:51,398 | INFO  | DNAudit | user=null | ip=null | op=WRITE_CHUNK {blockData=conID: 2 locID: 102734077056058034 bcsId: 5244} | ret=SUCCESS |  
2019-09-04 11:46:51,408 | INFO  | DNAudit | user=null | ip=null | op=PUT_BLOCK {blockData=[blockId=conID: 2 locID: 102734077056058034 bcsId: 0,size=3145728]} | ret=SUCCESS |  
2019-09-04 11:46:51,408 | INFO  | DNAudit | user=null | ip=null | op=WRITE_CHUNK {blockData=conID: 2 locID: 102734077056058034 bcsId: 5244} | ret=SUCCESS |  
2019-09-04 11:46:51,408 | INFO  | DNAudit | user=null | ip=null | op=PUT_BLOCK {blockData=[blockId=conID: 2 locID: 102734077056058034 bcsId: 0,size=3145728]} | ret=SUCCESS |  
2019-09-04 11:46:51,409 | INFO  | DNAudit | user=null | ip=null | op=PUT_BLOCK {blockData=[blockId=conID: 2 locID: 102734077056058034 bcsId: 0,size=4194304]} | ret=SUCCESS |  
2019-09-04 11:46:51,409 [grpc-default-executor-4] INFO  client.GrpcClientProtocolClient (GrpcClientProtocolClient.java:onNext(255)) - client-D5CE890D7D9E->efcb8ff8-f060-4d95-9215-d0f5eb4af037: receive RaftClientReply:client-D5CE890D7D9E->efcb8ff8-f060-4d95-9215-d0f5eb4af037@group-0959F8DF43ED, cid=3467, SUCCESS, logIndex=5247, commits[efcb8ff8-f060-4d95-9215-d0f5eb4af037:c5247, 6fae8b02-e804-4c0e-b729-a97b7404b7f6:c5243, 4c3e8a66-6975-4917-8225-d3efe707aaff:c5244]
2019-09-04 11:46:51,409 [grpc-default-executor-4] INFO  client.GrpcClientProtocolClient (GrpcClientProtocolClient.java:onNext(255)) - client-D5CE890D7D9E->efcb8ff8-f060-4d95-9215-d0f5eb4af037: receive RaftClientReply:client-D5CE890D7D9E->efcb8ff8-f060-4d95-9215-d0f5eb4af037@group-0959F8DF43ED, cid=3468, SUCCESS, logIndex=5248, commits[efcb8ff8-f060-4d95-9215-d0f5eb4af037:c5248, 6fae8b02-e804-4c0e-b729-a97b7404b7f6:c5244, 4c3e8a66-6975-4917-8225-d3efe707aaff:c5244]
2019-09-04 11:46:51,421 | INFO  | DNAudit | user=null | ip=null | op=WRITE_CHUNK {blockData=conID: 2 locID: 102734077056058034 bcsId: 5244} | ret=SUCCESS |  
2019-09-04 11:46:51,421 | INFO  | DNAudit | user=null | ip=null | op=WRITE_CHUNK {blockData=conID: 2 locID: 102734077056058034 bcsId: 5244} | ret=SUCCESS |  
2019-09-04 11:46:51,421 | INFO  | DNAudit | user=null | ip=null | op=PUT_BLOCK {blockData=[blockId=conID: 2 locID: 102734077056058034 bcsId: 0,size=4194304]} | ret=SUCCESS |  
2019-09-04 11:46:51,422 | INFO  | DNAudit | user=null | ip=null | op=PUT_BLOCK {blockData=[blockId=conID: 2 locID: 102734077056058034 bcsId: 0,size=4194304]} | ret=SUCCESS |  
2019-09-04 11:46:51,423 [grpc-default-executor-6] INFO  client.GrpcClientProtocolClient (GrpcClientProtocolClient.java:onNext(255)) - client-D5CE890D7D9E->efcb8ff8-f060-4d95-9215-d0f5eb4af037: receive RaftClientReply:client-D5CE890D7D9E->efcb8ff8-f060-4d95-9215-d0f5eb4af037@group-0959F8DF43ED, cid=3469, SUCCESS, logIndex=0, commits[efcb8ff8-f060-4d95-9215-d0f5eb4af037:c5250, 6fae8b02-e804-4c0e-b729-a97b7404b7f6:c5248, 4c3e8a66-6975-4917-8225-d3efe707aaff:c5248]
2019-09-04 11:46:51,431 | INFO  | SCMAudit | user=jenkins1000 | ip=192.168.36.67 | op=ALLOCATE_BLOCK {owner=8ab292a2-aaa7-4ad8-863a-d33994811155, size=4194304, type=RATIS, factor=THREE} | ret=SUCCESS |  
2019-09-04 11:46:51,436 | INFO  | OMAudit | user=jenkins1000 | ip=127.0.0.1 | op=ALLOCATE_BLOCK {volume=vol-0-58699, bucket=bucket-0-57464, key=key-0-37266, dataSize=0, replicationType=null, replicationFactor=null, keyLocationInfo=null, clientID=102734073355960722} | ret=SUCCESS |  
2019-09-04 11:46:51,442 | INFO  | DNAudit | user=null | ip=null | op=WRITE_CHUNK {blockData=conID: 3 locID: 102734077062742707 bcsId: 0} | ret=SUCCESS |  
2019-09-04 11:46:51,444 | INFO  | DNAudit | user=null | ip=null | op=WRITE_CHUNK {blockData=conID: 3 locID: 102734077062742707 bcsId: 0} | ret=SUCCESS |  
2019-09-04 11:46:51,444 | INFO  | DNAudit | user=null | ip=null | op=WRITE_CHUNK {blockData=conID: 3 locID: 102734077062742707 bcsId: 0} | ret=SUCCESS |  
2019-09-04 11:46:51,445 | INFO  | DNAudit | user=null | ip=null | op=WRITE_CHUNK {blockData=conID: 3 locID: 102734077062742707 bcsId: 0} | ret=SUCCESS |  
2019-09-04 11:46:51,446 | INFO  | DNAudit | user=null | ip=null | op=WRITE_CHUNK {blockData=conID: 3 locID: 102734077062742707 bcsId: 0} | ret=SUCCESS |  
2019-09-04 11:46:51,446 | INFO  | DNAudit | user=null | ip=null | op=WRITE_CHUNK {blockData=conID: 3 locID: 102734077062742707 bcsId: 0} | ret=SUCCESS |  
2019-09-04 11:46:51,451 | INFO  | DNAudit | user=null | ip=null | op=WRITE_CHUNK {blockData=conID: 3 locID: 102734077062742707 bcsId: 0} | ret=SUCCESS |  
2019-09-04 11:46:51,451 | INFO  | DNAudit | user=null | ip=null | op=PUT_BLOCK {blockData=[blockId=conID: 3 locID: 102734077062742707 bcsId: 0,size=1048576]} | ret=SUCCESS |  
2019-09-04 11:46:51,451 | INFO  | DNAudit | user=null | ip=null | op=WRITE_CHUNK {blockData=conID: 3 locID: 102734077062742707 bcsId: 0} | ret=SUCCESS |  
2019-09-04 11:46:51,451 [grpc-default-executor-5] INFO  client.GrpcClientProtocolClient (GrpcClientProtocolClient.java:onNext(255)) - client-D5CE890D7D9E->efcb8ff8-f060-4d95-9215-d0f5eb4af037: receive RaftClientReply:client-D5CE890D7D9E->efcb8ff8-f060-4d95-9215-d0f5eb4af037@group-0959F8DF43ED, cid=3470, SUCCESS, logIndex=5251, commits[efcb8ff8-f060-4d95-9215-d0f5eb4af037:c5252, 6fae8b02-e804-4c0e-b729-a97b7404b7f6:c5250, 4c3e8a66-6975-4917-8225-d3efe707aaff:c5250]
2019-09-04 11:46:51,452 | INFO  | DNAudit | user=null | ip=null | op=PUT_BLOCK {blockData=[blockId=conID: 3 locID: 102734077062742707 bcsId: 0,size=2097152]} | ret=SUCCESS |  
2019-09-04 11:46:51,452 [grpc-default-executor-5] INFO  client.GrpcClientProtocolClient (GrpcClientProtocolClient.java:onNext(255)) - client-D5CE890D7D9E->efcb8ff8-f060-4d95-9215-d0f5eb4af037: receive RaftClientReply:client-D5CE890D7D9E->efcb8ff8-f060-4d95-9215-d0f5eb4af037@group-0959F8DF43ED, cid=3471, SUCCESS, logIndex=5252, commits[efcb8ff8-f060-4d95-9215-d0f5eb4af037:c5254, 6fae8b02-e804-4c0e-b729-a97b7404b7f6:c5250, 4c3e8a66-6975-4917-8225-d3efe707aaff:c5250]
2019-09-04 11:46:51,452 [grpc-default-executor-5] INFO  client.GrpcClientProtocolClient (GrpcClientProtocolClient.java:onNext(255)) - client-D5CE890D7D9E->efcb8ff8-f060-4d95-9215-d0f5eb4af037: receive RaftClientReply:client-D5CE890D7D9E->efcb8ff8-f060-4d95-9215-d0f5eb4af037@group-0959F8DF43ED, cid=3472, SUCCESS, logIndex=5253, commits[efcb8ff8-f060-4d95-9215-d0f5eb4af037:c5254, 6fae8b02-e804-4c0e-b729-a97b7404b7f6:c5250, 4c3e8a66-6975-4917-8225-d3efe707aaff:c5250]
2019-09-04 11:46:51,452 [grpc-default-executor-5] INFO  client.GrpcClientProtocolClient (GrpcClientProtocolClient.java:onNext(255)) - client-D5CE890D7D9E->efcb8ff8-f060-4d95-9215-d0f5eb4af037: receive RaftClientReply:client-D5CE890D7D9E->efcb8ff8-f060-4d95-9215-d0f5eb4af037@group-0959F8DF43ED, cid=3473, SUCCESS, logIndex=5254, commits[efcb8ff8-f060-4d95-9215-d0f5eb4af037:c5254, 6fae8b02-e804-4c0e-b729-a97b7404b7f6:c5250, 4c3e8a66-6975-4917-8225-d3efe707aaff:c5250]
2019-09-04 11:46:51,463 | INFO  | DNAudit | user=null | ip=null | op=WRITE_CHUNK {blockData=conID: 3 locID: 102734077062742707 bcsId: 0} | ret=SUCCESS |  
2019-09-04 11:46:51,463 | INFO  | DNAudit | user=null | ip=null | op=WRITE_CHUNK {blockData=conID: 3 locID: 102734077062742707 bcsId: 0} | ret=SUCCESS |  
2019-09-04 11:46:51,463 | INFO  | DNAudit | user=null | ip=null | op=PUT_BLOCK {blockData=[blockId=conID: 3 locID: 102734077062742707 bcsId: 0,size=1048576]} | ret=SUCCESS |  
2019-09-04 11:46:51,464 | INFO  | DNAudit | user=null | ip=null | op=WRITE_CHUNK {blockData=conID: 3 locID: 102734077062742707 bcsId: 0} | ret=SUCCESS |  
2019-09-04 11:46:51,464 | INFO  | DNAudit | user=null | ip=null | op=PUT_BLOCK {blockData=[blockId=conID: 3 locID: 102734077062742707 bcsId: 0,size=1048576]} | ret=SUCCESS |  
2019-09-04 11:46:51,464 | INFO  | DNAudit | user=null | ip=null | op=PUT_BLOCK {blockData=[blockId=conID: 3 locID: 102734077062742707 bcsId: 0,size=2097152]} | ret=SUCCESS |  
2019-09-04 11:46:51,465 | INFO  | DNAudit | user=null | ip=null | op=WRITE_CHUNK {blockData=conID: 3 locID: 102734077062742707 bcsId: 0} | ret=SUCCESS |  
2019-09-04 11:46:51,465 | INFO  | DNAudit | user=null | ip=null | op=PUT_BLOCK {blockData=[blockId=conID: 3 locID: 102734077062742707 bcsId: 0,size=2097152]} | ret=SUCCESS |  
2019-09-04 11:46:51,465 [grpc-default-executor-5] INFO  client.GrpcClientProtocolClient (GrpcClientProtocolClient.java:onNext(255)) - client-D5CE890D7D9E->efcb8ff8-f060-4d95-9215-d0f5eb4af037: receive RaftClientReply:client-D5CE890D7D9E->efcb8ff8-f060-4d95-9215-d0f5eb4af037@group-0959F8DF43ED, cid=3474, SUCCESS, logIndex=0, commits[efcb8ff8-f060-4d95-9215-d0f5eb4af037:c5257, 6fae8b02-e804-4c0e-b729-a97b7404b7f6:c5254, 4c3e8a66-6975-4917-8225-d3efe707aaff:c5252]
2019-09-04 11:46:51,471 | INFO  | DNAudit | user=null | ip=null | op=WRITE_CHUNK {blockData=conID: 3 locID: 102734077062742707 bcsId: 5254} | ret=SUCCESS |  
2019-09-04 11:46:51,473 | INFO  | DNAudit | user=null | ip=null | op=WRITE_CHUNK {blockData=conID: 3 locID: 102734077062742707 bcsId: 5254} | ret=SUCCESS |  
2019-09-04 11:46:51,473 | INFO  | DNAudit | user=null | ip=null | op=WRITE_CHUNK {blockData=conID: 3 locID: 102734077062742707 bcsId: 5254} | ret=SUCCESS |  
2019-09-04 11:46:51,476 | INFO  | DNAudit | user=null | ip=null | op=WRITE_CHUNK {blockData=conID: 3 locID: 102734077062742707 bcsId: 5254} | ret=SUCCESS |  
2019-09-04 11:46:51,477 | INFO  | DNAudit | user=null | ip=null | op=PUT_BLOCK {blockData=[blockId=conID: 3 locID: 102734077062742707 bcsId: 0,size=3145728]} | ret=SUCCESS |  
2019-09-04 11:46:51,477 [grpc-default-executor-4] INFO  client.GrpcClientProtocolClient (GrpcClientProtocolClient.java:onNext(255)) - client-D5CE890D7D9E->efcb8ff8-f060-4d95-9215-d0f5eb4af037: receive RaftClientReply:client-D5CE890D7D9E->efcb8ff8-f060-4d95-9215-d0f5eb4af037@group-0959F8DF43ED, cid=3475, SUCCESS, logIndex=5259, commits[efcb8ff8-f060-4d95-9215-d0f5eb4af037:c5260, 6fae8b02-e804-4c0e-b729-a97b7404b7f6:c5258, 4c3e8a66-6975-4917-8225-d3efe707aaff:c5258]
2019-09-04 11:46:51,477 [grpc-default-executor-4] INFO  client.GrpcClientProtocolClient (GrpcClientProtocolClient.java:onNext(255)) - client-D5CE890D7D9E->efcb8ff8-f060-4d95-9215-d0f5eb4af037: receive RaftClientReply:client-D5CE890D7D9E->efcb8ff8-f060-4d95-9215-d0f5eb4af037@group-0959F8DF43ED, cid=3476, SUCCESS, logIndex=5260, commits[efcb8ff8-f060-4d95-9215-d0f5eb4af037:c5260, 6fae8b02-e804-4c0e-b729-a97b7404b7f6:c5258, 4c3e8a66-6975-4917-8225-d3efe707aaff:c5258]
2019-09-04 11:46:51,482 | INFO  | DNAudit | user=null | ip=null | op=WRITE_CHUNK {blockData=conID: 3 locID: 102734077062742707 bcsId: 5254} | ret=SUCCESS |  
2019-09-04 11:46:51,482 | INFO  | DNAudit | user=null | ip=null | op=WRITE_CHUNK {blockData=conID: 3 locID: 102734077062742707 bcsId: 5254} | ret=SUCCESS |  
2019-09-04 11:46:51,483 | INFO  | DNAudit | user=null | ip=null | op=WRITE_CHUNK {blockData=conID: 3 locID: 102734077062742707 bcsId: 5260} | ret=SUCCESS |  
2019-09-04 11:46:51,484 | INFO  | DNAudit | user=null | ip=null | op=WRITE_CHUNK {blockData=conID: 3 locID: 102734077062742707 bcsId: 5260} | ret=SUCCESS |  
2019-09-04 11:46:51,484 | INFO  | DNAudit | user=null | ip=null | op=WRITE_CHUNK {blockData=conID: 3 locID: 102734077062742707 bcsId: 5260} | ret=SUCCESS |  
2019-09-04 11:46:51,494 | INFO  | DNAudit | user=null | ip=null | op=PUT_BLOCK {blockData=[blockId=conID: 3 locID: 102734077062742707 bcsId: 0,size=3145728]} | ret=SUCCESS |  
2019-09-04 11:46:51,495 | INFO  | DNAudit | user=null | ip=null | op=PUT_BLOCK {blockData=[blockId=conID: 3 locID: 102734077062742707 bcsId: 0,size=3145728]} | ret=SUCCESS |  
2019-09-04 11:46:51,496 | INFO  | DNAudit | user=null | ip=null | op=WRITE_CHUNK {blockData=conID: 3 locID: 102734077062742707 bcsId: 5260} | ret=SUCCESS |  
2019-09-04 11:46:51,496 | INFO  | DNAudit | user=null | ip=null | op=PUT_BLOCK {blockData=[blockId=conID: 3 locID: 102734077062742707 bcsId: 0,size=4194304]} | ret=SUCCESS |  
2019-09-04 11:46:51,497 [grpc-default-executor-5] INFO  client.GrpcClientProtocolClient (GrpcClientProtocolClient.java:onNext(255)) - client-D5CE890D7D9E->efcb8ff8-f060-4d95-9215-d0f5eb4af037: receive RaftClientReply:client-D5CE890D7D9E->efcb8ff8-f060-4d95-9215-d0f5eb4af037@group-0959F8DF43ED, cid=3477, SUCCESS, logIndex=5263, commits[efcb8ff8-f060-4d95-9215-d0f5eb4af037:c5264, 6fae8b02-e804-4c0e-b729-a97b7404b7f6:c5260, 4c3e8a66-6975-4917-8225-d3efe707aaff:c5260]
2019-09-04 11:46:51,497 | INFO  | DNAudit | user=null | ip=null | op=WRITE_CHUNK {blockData=conID: 3 locID: 102734077062742707 bcsId: 5260} | ret=SUCCESS |  
2019-09-04 11:46:51,497 [grpc-default-executor-5] INFO  client.GrpcClientProtocolClient (GrpcClientProtocolClient.java:onNext(255)) - client-D5CE890D7D9E->efcb8ff8-f060-4d95-9215-d0f5eb4af037: receive RaftClientReply:client-D5CE890D7D9E->efcb8ff8-f060-4d95-9215-d0f5eb4af037@group-0959F8DF43ED, cid=3478, SUCCESS, logIndex=5264, commits[efcb8ff8-f060-4d95-9215-d0f5eb4af037:c5264, 6fae8b02-e804-4c0e-b729-a97b7404b7f6:c5260, 4c3e8a66-6975-4917-8225-d3efe707aaff:c5260]
2019-09-04 11:46:51,497 | INFO  | DNAudit | user=null | ip=null | op=PUT_BLOCK {blockData=[blockId=conID: 3 locID: 102734077062742707 bcsId: 0,size=4194304]} | ret=SUCCESS |  
2019-09-04 11:46:51,501 | INFO  | DNAudit | user=null | ip=null | op=WRITE_CHUNK {blockData=conID: 3 locID: 102734077062742707 bcsId: 5260} | ret=SUCCESS |  
2019-09-04 11:46:51,502 | INFO  | DNAudit | user=null | ip=null | op=PUT_BLOCK {blockData=[blockId=conID: 3 locID: 102734077062742707 bcsId: 0,size=4194304]} | ret=SUCCESS |  
2019-09-04 11:46:51,502 [grpc-default-executor-5] INFO  client.GrpcClientProtocolClient (GrpcClientProtocolClient.java:onNext(255)) - client-D5CE890D7D9E->efcb8ff8-f060-4d95-9215-d0f5eb4af037: receive RaftClientReply:client-D5CE890D7D9E->efcb8ff8-f060-4d95-9215-d0f5eb4af037@group-0959F8DF43ED, cid=3479, SUCCESS, logIndex=0, commits[efcb8ff8-f060-4d95-9215-d0f5eb4af037:c5265, 6fae8b02-e804-4c0e-b729-a97b7404b7f6:c5264, 4c3e8a66-6975-4917-8225-d3efe707aaff:c5264]
2019-09-04 11:46:51,511 | INFO  | SCMAudit | user=jenkins1000 | ip=192.168.36.67 | op=ALLOCATE_BLOCK {owner=8ab292a2-aaa7-4ad8-863a-d33994811155, size=4194304, type=RATIS, factor=THREE} | ret=SUCCESS |  
2019-09-04 11:46:51,517 | INFO  | OMAudit | user=jenkins1000 | ip=127.0.0.1 | op=ALLOCATE_BLOCK {volume=vol-0-58699, bucket=bucket-0-57464, key=key-0-37266, dataSize=0, replicationType=null, replicationFactor=null, keyLocationInfo=null, clientID=102734073355960722} | ret=SUCCESS |  
2019-09-04 11:46:51,528 | INFO  | DNAudit | user=null | ip=null | op=WRITE_CHUNK {blockData=conID: 1 locID: 102734077067920052 bcsId: 0} | ret=SUCCESS |  
2019-09-04 11:46:51,530 | INFO  | DNAudit | user=null | ip=null | op=WRITE_CHUNK {blockData=conID: 1 locID: 102734077067920052 bcsId: 0} | ret=SUCCESS |  
2019-09-04 11:46:51,530 | INFO  | DNAudit | user=null | ip=null | op=WRITE_CHUNK {blockData=conID: 1 locID: 102734077067920052 bcsId: 0} | ret=SUCCESS |  
2019-09-04 11:46:51,530 | INFO  | DNAudit | user=null | ip=null | op=WRITE_CHUNK {blockData=conID: 1 locID: 102734077067920052 bcsId: 0} | ret=SUCCESS |  
2019-09-04 11:46:51,532 | INFO  | DNAudit | user=null | ip=null | op=WRITE_CHUNK {blockData=conID: 1 locID: 102734077067920052 bcsId: 0} | ret=SUCCESS |  
2019-09-04 11:46:51,533 | INFO  | DNAudit | user=null | ip=null | op=WRITE_CHUNK {blockData=conID: 1 locID: 102734077067920052 bcsId: 0} | ret=SUCCESS |  
2019-09-04 11:46:51,545 | INFO  | DNAudit | user=null | ip=null | op=WRITE_CHUNK {blockData=conID: 1 locID: 102734077067920052 bcsId: 0} | ret=SUCCESS |  
2019-09-04 11:46:51,545 | INFO  | DNAudit | user=null | ip=null | op=PUT_BLOCK {blockData=[blockId=conID: 1 locID: 102734077067920052 bcsId: 0,size=1048576]} | ret=SUCCESS |  
2019-09-04 11:46:51,545 [grpc-default-executor-5] INFO  client.GrpcClientProtocolClient (GrpcClientProtocolClient.java:onNext(255)) - client-D5CE890D7D9E->efcb8ff8-f060-4d95-9215-d0f5eb4af037: receive RaftClientReply:client-D5CE890D7D9E->efcb8ff8-f060-4d95-9215-d0f5eb4af037@group-0959F8DF43ED, cid=3480, SUCCESS, logIndex=5266, commits[efcb8ff8-f060-4d95-9215-d0f5eb4af037:c5267, 6fae8b02-e804-4c0e-b729-a97b7404b7f6:c5265, 4c3e8a66-6975-4917-8225-d3efe707aaff:c5265]
2019-09-04 11:46:51,546 [grpc-default-executor-5] INFO  client.GrpcClientProtocolClient (GrpcClientProtocolClient.java:onNext(255)) - client-D5CE890D7D9E->efcb8ff8-f060-4d95-9215-d0f5eb4af037: receive RaftClientReply:client-D5CE890D7D9E->efcb8ff8-f060-4d95-9215-d0f5eb4af037@group-0959F8DF43ED, cid=3481, SUCCESS, logIndex=5267, commits[efcb8ff8-f060-4d95-9215-d0f5eb4af037:c5267, 6fae8b02-e804-4c0e-b729-a97b7404b7f6:c5265, 4c3e8a66-6975-4917-8225-d3efe707aaff:c5265]
2019-09-04 11:46:51,549 | INFO  | DNAudit | user=null | ip=null | op=WRITE_CHUNK {blockData=conID: 1 locID: 102734077067920052 bcsId: 0} | ret=SUCCESS |  
2019-09-04 11:46:51,550 | INFO  | DNAudit | user=null | ip=null | op=PUT_BLOCK {blockData=[blockId=conID: 1 locID: 102734077067920052 bcsId: 0,size=2097152]} | ret=SUCCESS |  
2019-09-04 11:46:51,550 [grpc-default-executor-1] INFO  client.GrpcClientProtocolClient (GrpcClientProtocolClient.java:onNext(255)) - client-D5CE890D7D9E->efcb8ff8-f060-4d95-9215-d0f5eb4af037: receive RaftClientReply:client-D5CE890D7D9E->efcb8ff8-f060-4d95-9215-d0f5eb4af037@group-0959F8DF43ED, cid=3482, SUCCESS, logIndex=5268, commits[efcb8ff8-f060-4d95-9215-d0f5eb4af037:c5269, 6fae8b02-e804-4c0e-b729-a97b7404b7f6:c5265, 4c3e8a66-6975-4917-8225-d3efe707aaff:c5265]
2019-09-04 11:46:51,550 | INFO  | DNAudit | user=null | ip=null | op=WRITE_CHUNK {blockData=conID: 1 locID: 102734077067920052 bcsId: 0} | ret=SUCCESS |  
2019-09-04 11:46:51,550 | INFO  | DNAudit | user=null | ip=null | op=PUT_BLOCK {blockData=[blockId=conID: 1 locID: 102734077067920052 bcsId: 0,size=1048576]} | ret=SUCCESS |  
2019-09-04 11:46:51,550 [grpc-default-executor-1] INFO  client.GrpcClientProtocolClient (GrpcClientProtocolClient.java:onNext(255)) - client-D5CE890D7D9E->efcb8ff8-f060-4d95-9215-d0f5eb4af037: receive RaftClientReply:client-D5CE890D7D9E->efcb8ff8-f060-4d95-9215-d0f5eb4af037@group-0959F8DF43ED, cid=3483, SUCCESS, logIndex=5269, commits[efcb8ff8-f060-4d95-9215-d0f5eb4af037:c5269, 6fae8b02-e804-4c0e-b729-a97b7404b7f6:c5265, 4c3e8a66-6975-4917-8225-d3efe707aaff:c5265]
2019-09-04 11:46:51,551 | INFO  | DNAudit | user=null | ip=null | op=WRITE_CHUNK {blockData=conID: 1 locID: 102734077067920052 bcsId: 0} | ret=SUCCESS |  
2019-09-04 11:46:51,551 | INFO  | DNAudit | user=null | ip=null | op=PUT_BLOCK {blockData=[blockId=conID: 1 locID: 102734077067920052 bcsId: 0,size=1048576]} | ret=SUCCESS |  
2019-09-04 11:46:51,551 [grpc-default-executor-5] INFO  client.GrpcClientProtocolClient (GrpcClientProtocolClient.java:onNext(255)) - client-D5CE890D7D9E->efcb8ff8-f060-4d95-9215-d0f5eb4af037: receive RaftClientReply:client-D5CE890D7D9E->efcb8ff8-f060-4d95-9215-d0f5eb4af037@group-0959F8DF43ED, cid=3484, SUCCESS, logIndex=0, commits[efcb8ff8-f060-4d95-9215-d0f5eb4af037:c5271, 6fae8b02-e804-4c0e-b729-a97b7404b7f6:c5267, 4c3e8a66-6975-4917-8225-d3efe707aaff:c5267]
2019-09-04 11:46:51,551 | INFO  | DNAudit | user=null | ip=null | op=WRITE_CHUNK {blockData=conID: 1 locID: 102734077067920052 bcsId: 0} | ret=SUCCESS |  
2019-09-04 11:46:51,551 | INFO  | DNAudit | user=null | ip=null | op=PUT_BLOCK {blockData=[blockId=conID: 1 locID: 102734077067920052 bcsId: 0,size=2097152]} | ret=SUCCESS |  
2019-09-04 11:46:51,552 | INFO  | DNAudit | user=null | ip=null | op=WRITE_CHUNK {blockData=conID: 1 locID: 102734077067920052 bcsId: 0} | ret=SUCCESS |  
2019-09-04 11:46:51,552 | INFO  | DNAudit | user=null | ip=null | op=PUT_BLOCK {blockData=[blockId=conID: 1 locID: 102734077067920052 bcsId: 0,size=2097152]} | ret=SUCCESS |  
2019-09-04 11:46:51,557 | INFO  | DNAudit | user=null | ip=null | op=WRITE_CHUNK {blockData=conID: 1 locID: 102734077067920052 bcsId: 5269} | ret=SUCCESS |  
2019-09-04 11:46:51,559 | INFO  | DNAudit | user=null | ip=null | op=WRITE_CHUNK {blockData=conID: 1 locID: 102734077067920052 bcsId: 5269} | ret=SUCCESS |  
2019-09-04 11:46:51,560 | INFO  | DNAudit | user=null | ip=null | op=WRITE_CHUNK {blockData=conID: 1 locID: 102734077067920052 bcsId: 5269} | ret=SUCCESS |  
2019-09-04 11:46:51,563 | INFO  | DNAudit | user=null | ip=null | op=WRITE_CHUNK {blockData=conID: 1 locID: 102734077067920052 bcsId: 5269} | ret=SUCCESS |  
2019-09-04 11:46:51,564 | INFO  | DNAudit | user=null | ip=null | op=PUT_BLOCK {blockData=[blockId=conID: 1 locID: 102734077067920052 bcsId: 0,size=3145728]} | ret=SUCCESS |  
2019-09-04 11:46:51,564 [grpc-default-executor-4] INFO  client.GrpcClientProtocolClient (GrpcClientProtocolClient.java:onNext(255)) - client-D5CE890D7D9E->efcb8ff8-f060-4d95-9215-d0f5eb4af037: receive RaftClientReply:client-D5CE890D7D9E->efcb8ff8-f060-4d95-9215-d0f5eb4af037@group-0959F8DF43ED, cid=3485, SUCCESS, logIndex=5274, commits[efcb8ff8-f060-4d95-9215-d0f5eb4af037:c5275, 6fae8b02-e804-4c0e-b729-a97b7404b7f6:c5273, 4c3e8a66-6975-4917-8225-d3efe707aaff:c5273]
2019-09-04 11:46:51,564 [grpc-default-executor-4] INFO  client.GrpcClientProtocolClient (GrpcClientProtocolClient.java:onNext(255)) - client-D5CE890D7D9E->efcb8ff8-f060-4d95-9215-d0f5eb4af037: receive RaftClientReply:client-D5CE890D7D9E->efcb8ff8-f060-4d95-9215-d0f5eb4af037@group-0959F8DF43ED, cid=3486, SUCCESS, logIndex=5275, commits[efcb8ff8-f060-4d95-9215-d0f5eb4af037:c5275, 6fae8b02-e804-4c0e-b729-a97b7404b7f6:c5273, 4c3e8a66-6975-4917-8225-d3efe707aaff:c5273]
2019-09-04 11:46:51,569 | INFO  | DNAudit | user=null | ip=null | op=WRITE_CHUNK {blockData=conID: 1 locID: 102734077067920052 bcsId: 5269} | ret=SUCCESS |  
2019-09-04 11:46:51,569 | INFO  | DNAudit | user=null | ip=null | op=WRITE_CHUNK {blockData=conID: 1 locID: 102734077067920052 bcsId: 5269} | ret=SUCCESS |  
2019-09-04 11:46:51,570 | INFO  | DNAudit | user=null | ip=null | op=WRITE_CHUNK {blockData=conID: 1 locID: 102734077067920052 bcsId: 5275} | ret=SUCCESS |  
2019-09-04 11:46:51,572 | INFO  | DNAudit | user=null | ip=null | op=WRITE_CHUNK {blockData=conID: 1 locID: 102734077067920052 bcsId: 5275} | ret=SUCCESS |  
2019-09-04 11:46:51,572 | INFO  | DNAudit | user=null | ip=null | op=WRITE_CHUNK {blockData=conID: 1 locID: 102734077067920052 bcsId: 5275} | ret=SUCCESS |  
2019-09-04 11:46:51,575 | INFO  | DNAudit | user=null | ip=null | op=PUT_BLOCK {blockData=[blockId=conID: 1 locID: 102734077067920052 bcsId: 0,size=3145728]} | ret=SUCCESS |  
2019-09-04 11:46:51,576 | INFO  | DNAudit | user=null | ip=null | op=PUT_BLOCK {blockData=[blockId=conID: 1 locID: 102734077067920052 bcsId: 0,size=3145728]} | ret=SUCCESS |  
2019-09-04 11:46:51,577 | INFO  | DNAudit | user=null | ip=null | op=WRITE_CHUNK {blockData=conID: 1 locID: 102734077067920052 bcsId: 5275} | ret=SUCCESS |  
2019-09-04 11:46:51,577 | INFO  | DNAudit | user=null | ip=null | op=PUT_BLOCK {blockData=[blockId=conID: 1 locID: 102734077067920052 bcsId: 0,size=4194304]} | ret=SUCCESS |  
2019-09-04 11:46:51,577 [grpc-default-executor-5] INFO  client.GrpcClientProtocolClient (GrpcClientProtocolClient.java:onNext(255)) - client-D5CE890D7D9E->efcb8ff8-f060-4d95-9215-d0f5eb4af037: receive RaftClientReply:client-D5CE890D7D9E->efcb8ff8-f060-4d95-9215-d0f5eb4af037@group-0959F8DF43ED, cid=3487, SUCCESS, logIndex=5278, commits[efcb8ff8-f060-4d95-9215-d0f5eb4af037:c5279, 6fae8b02-e804-4c0e-b729-a97b7404b7f6:c5275, 4c3e8a66-6975-4917-8225-d3efe707aaff:c5275]
2019-09-04 11:46:51,577 [grpc-default-executor-5] INFO  client.GrpcClientProtocolClient (GrpcClientProtocolClient.java:onNext(255)) - client-D5CE890D7D9E->efcb8ff8-f060-4d95-9215-d0f5eb4af037: receive RaftClientReply:client-D5CE890D7D9E->efcb8ff8-f060-4d95-9215-d0f5eb4af037@group-0959F8DF43ED, cid=3488, SUCCESS, logIndex=5279, commits[efcb8ff8-f060-4d95-9215-d0f5eb4af037:c5279, 6fae8b02-e804-4c0e-b729-a97b7404b7f6:c5275, 4c3e8a66-6975-4917-8225-d3efe707aaff:c5275]
2019-09-04 11:46:51,578 | INFO  | DNAudit | user=null | ip=null | op=WRITE_CHUNK {blockData=conID: 1 locID: 102734077067920052 bcsId: 5275} | ret=SUCCESS |  
2019-09-04 11:46:51,578 | INFO  | DNAudit | user=null | ip=null | op=WRITE_CHUNK {blockData=conID: 1 locID: 102734077067920052 bcsId: 5275} | ret=SUCCESS |  
2019-09-04 11:46:51,578 | INFO  | DNAudit | user=null | ip=null | op=PUT_BLOCK {blockData=[blockId=conID: 1 locID: 102734077067920052 bcsId: 0,size=4194304]} | ret=SUCCESS |  
2019-09-04 11:46:51,579 | INFO  | DNAudit | user=null | ip=null | op=PUT_BLOCK {blockData=[blockId=conID: 1 locID: 102734077067920052 bcsId: 0,size=4194304]} | ret=SUCCESS |  
2019-09-04 11:46:51,580 [grpc-default-executor-5] INFO  client.GrpcClientProtocolClient (GrpcClientProtocolClient.java:onNext(255)) - client-D5CE890D7D9E->efcb8ff8-f060-4d95-9215-d0f5eb4af037: receive RaftClientReply:client-D5CE890D7D9E->efcb8ff8-f060-4d95-9215-d0f5eb4af037@group-0959F8DF43ED, cid=3489, SUCCESS, logIndex=0, commits[efcb8ff8-f060-4d95-9215-d0f5eb4af037:c5281, 6fae8b02-e804-4c0e-b729-a97b7404b7f6:c5279, 4c3e8a66-6975-4917-8225-d3efe707aaff:c5279]
2019-09-04 11:46:51,585 | INFO  | SCMAudit | user=jenkins1000 | ip=192.168.36.67 | op=ALLOCATE_BLOCK {owner=8ab292a2-aaa7-4ad8-863a-d33994811155, size=4194304, type=RATIS, factor=THREE} | ret=SUCCESS |  
2019-09-04 11:46:51,589 | INFO  | OMAudit | user=jenkins1000 | ip=127.0.0.1 | op=ALLOCATE_BLOCK {volume=vol-0-58699, bucket=bucket-0-57464, key=key-0-37266, dataSize=0, replicationType=null, replicationFactor=null, keyLocationInfo=null, clientID=102734073355960722} | ret=SUCCESS |  
2019-09-04 11:46:51,595 | INFO  | DNAudit | user=null | ip=null | op=WRITE_CHUNK {blockData=conID: 2 locID: 102734077072835253 bcsId: 0} | ret=SUCCESS |  
2019-09-04 11:46:51,762 | INFO  | DNAudit | user=null | ip=null | op=WRITE_CHUNK {blockData=conID: 2 locID: 102734077072835253 bcsId: 0} | ret=SUCCESS |  
2019-09-04 11:46:51,762 | INFO  | DNAudit | user=null | ip=null | op=WRITE_CHUNK {blockData=conID: 2 locID: 102734077072835253 bcsId: 0} | ret=SUCCESS |  
2019-09-04 11:46:51,762 | INFO  | DNAudit | user=null | ip=null | op=WRITE_CHUNK {blockData=conID: 2 locID: 102734077072835253 bcsId: 0} | ret=SUCCESS |  
2019-09-04 11:46:51,765 | INFO  | DNAudit | user=null | ip=null | op=WRITE_CHUNK {blockData=conID: 2 locID: 102734077072835253 bcsId: 0} | ret=SUCCESS |  
2019-09-04 11:46:51,765 | INFO  | DNAudit | user=null | ip=null | op=WRITE_CHUNK {blockData=conID: 2 locID: 102734077072835253 bcsId: 0} | ret=SUCCESS |  
2019-09-04 11:46:51,770 | INFO  | DNAudit | user=null | ip=null | op=WRITE_CHUNK {blockData=conID: 2 locID: 102734077072835253 bcsId: 0} | ret=SUCCESS |  
2019-09-04 11:46:51,771 | INFO  | DNAudit | user=null | ip=null | op=PUT_BLOCK {blockData=[blockId=conID: 2 locID: 102734077072835253 bcsId: 0,size=1048576]} | ret=SUCCESS |  
2019-09-04 11:46:51,771 [grpc-default-executor-5] INFO  client.GrpcClientProtocolClient (GrpcClientProtocolClient.java:onNext(255)) - client-D5CE890D7D9E->efcb8ff8-f060-4d95-9215-d0f5eb4af037: receive RaftClientReply:client-D5CE890D7D9E->efcb8ff8-f060-4d95-9215-d0f5eb4af037@group-0959F8DF43ED, cid=3490, SUCCESS, logIndex=5282, commits[efcb8ff8-f060-4d95-9215-d0f5eb4af037:c5283, 6fae8b02-e804-4c0e-b729-a97b7404b7f6:c5281, 4c3e8a66-6975-4917-8225-d3efe707aaff:c5281]
2019-09-04 11:46:51,772 [grpc-default-executor-5] INFO  client.GrpcClientProtocolClient (GrpcClientProtocolClient.java:onNext(255)) - client-D5CE890D7D9E->efcb8ff8-f060-4d95-9215-d0f5eb4af037: receive RaftClientReply:client-D5CE890D7D9E->efcb8ff8-f060-4d95-9215-d0f5eb4af037@group-0959F8DF43ED, cid=3491, SUCCESS, logIndex=5283, commits[efcb8ff8-f060-4d95-9215-d0f5eb4af037:c5283, 6fae8b02-e804-4c0e-b729-a97b7404b7f6:c5281, 4c3e8a66-6975-4917-8225-d3efe707aaff:c5281]
2019-09-04 11:46:51,792 | INFO  | DNAudit | user=null | ip=null | op=WRITE_CHUNK {blockData=conID: 2 locID: 102734077072835253 bcsId: 0} | ret=SUCCESS |  
2019-09-04 11:46:51,792 | INFO  | DNAudit | user=null | ip=null | op=PUT_BLOCK {blockData=[blockId=conID: 2 locID: 102734077072835253 bcsId: 0,size=2097152]} | ret=SUCCESS |  
2019-09-04 11:46:51,792 [grpc-default-executor-1] INFO  client.GrpcClientProtocolClient (GrpcClientProtocolClient.java:onNext(255)) - client-D5CE890D7D9E->efcb8ff8-f060-4d95-9215-d0f5eb4af037: receive RaftClientReply:client-D5CE890D7D9E->efcb8ff8-f060-4d95-9215-d0f5eb4af037@group-0959F8DF43ED, cid=3492, SUCCESS, logIndex=5284, commits[efcb8ff8-f060-4d95-9215-d0f5eb4af037:c5285, 6fae8b02-e804-4c0e-b729-a97b7404b7f6:c5281, 4c3e8a66-6975-4917-8225-d3efe707aaff:c5281]
2019-09-04 11:46:51,793 | INFO  | DNAudit | user=null | ip=null | op=WRITE_CHUNK {blockData=conID: 2 locID: 102734077072835253 bcsId: 0} | ret=SUCCESS |  
2019-09-04 11:46:51,793 [grpc-default-executor-1] INFO  client.GrpcClientProtocolClient (GrpcClientProtocolClient.java:onNext(255)) - client-D5CE890D7D9E->efcb8ff8-f060-4d95-9215-d0f5eb4af037: receive RaftClientReply:client-D5CE890D7D9E->efcb8ff8-f060-4d95-9215-d0f5eb4af037@group-0959F8DF43ED, cid=3493, SUCCESS, logIndex=5285, commits[efcb8ff8-f060-4d95-9215-d0f5eb4af037:c5285, 6fae8b02-e804-4c0e-b729-a97b7404b7f6:c5281, 4c3e8a66-6975-4917-8225-d3efe707aaff:c5281]
2019-09-04 11:46:51,793 | INFO  | DNAudit | user=null | ip=null | op=PUT_BLOCK {blockData=[blockId=conID: 2 locID: 102734077072835253 bcsId: 0,size=1048576]} | ret=SUCCESS |  
2019-09-04 11:46:51,795 | INFO  | DNAudit | user=null | ip=null | op=WRITE_CHUNK {blockData=conID: 2 locID: 102734077072835253 bcsId: 0} | ret=SUCCESS |  
2019-09-04 11:46:51,795 | INFO  | DNAudit | user=null | ip=null | op=PUT_BLOCK {blockData=[blockId=conID: 2 locID: 102734077072835253 bcsId: 0,size=1048576]} | ret=SUCCESS |  
2019-09-04 11:46:51,795 | INFO  | DNAudit | user=null | ip=null | op=WRITE_CHUNK {blockData=conID: 2 locID: 102734077072835253 bcsId: 0} | ret=SUCCESS |  
2019-09-04 11:46:51,795 | INFO  | DNAudit | user=null | ip=null | op=WRITE_CHUNK {blockData=conID: 2 locID: 102734077072835253 bcsId: 0} | ret=SUCCESS |  
2019-09-04 11:46:51,795 [grpc-default-executor-5] INFO  client.GrpcClientProtocolClient (GrpcClientProtocolClient.java:onNext(255)) - client-D5CE890D7D9E->efcb8ff8-f060-4d95-9215-d0f5eb4af037: receive RaftClientReply:client-D5CE890D7D9E->efcb8ff8-f060-4d95-9215-d0f5eb4af037@group-0959F8DF43ED, cid=3494, SUCCESS, logIndex=0, commits[efcb8ff8-f060-4d95-9215-d0f5eb4af037:c5287, 6fae8b02-e804-4c0e-b729-a97b7404b7f6:c5283, 4c3e8a66-6975-4917-8225-d3efe707aaff:c5283]
2019-09-04 11:46:51,795 | INFO  | DNAudit | user=null | ip=null | op=PUT_BLOCK {blockData=[blockId=conID: 2 locID: 102734077072835253 bcsId: 0,size=2097152]} | ret=SUCCESS |  
2019-09-04 11:46:51,795 | INFO  | DNAudit | user=null | ip=null | op=PUT_BLOCK {blockData=[blockId=conID: 2 locID: 102734077072835253 bcsId: 0,size=2097152]} | ret=SUCCESS |  
2019-09-04 11:46:51,802 | INFO  | DNAudit | user=null | ip=null | op=WRITE_CHUNK {blockData=conID: 2 locID: 102734077072835253 bcsId: 5285} | ret=SUCCESS |  
2019-09-04 11:46:51,805 | INFO  | DNAudit | user=null | ip=null | op=WRITE_CHUNK {blockData=conID: 2 locID: 102734077072835253 bcsId: 5285} | ret=SUCCESS |  
2019-09-04 11:46:51,805 | INFO  | DNAudit | user=null | ip=null | op=WRITE_CHUNK {blockData=conID: 2 locID: 102734077072835253 bcsId: 5285} | ret=SUCCESS |  
2019-09-04 11:46:51,810 | INFO  | DNAudit | user=null | ip=null | op=WRITE_CHUNK {blockData=conID: 2 locID: 102734077072835253 bcsId: 5285} | ret=SUCCESS |  
2019-09-04 11:46:51,810 | INFO  | DNAudit | user=null | ip=null | op=PUT_BLOCK {blockData=[blockId=conID: 2 locID: 102734077072835253 bcsId: 0,size=3145728]} | ret=SUCCESS |  
2019-09-04 11:46:51,811 [grpc-default-executor-1] INFO  client.GrpcClientProtocolClient (GrpcClientProtocolClient.java:onNext(255)) - client-D5CE890D7D9E->efcb8ff8-f060-4d95-9215-d0f5eb4af037: receive RaftClientReply:client-D5CE890D7D9E->efcb8ff8-f060-4d95-9215-d0f5eb4af037@group-0959F8DF43ED, cid=3495, SUCCESS, logIndex=5290, commits[efcb8ff8-f060-4d95-9215-d0f5eb4af037:c5291, 6fae8b02-e804-4c0e-b729-a97b7404b7f6:c5289, 4c3e8a66-6975-4917-8225-d3efe707aaff:c5289]
2019-09-04 11:46:51,811 [grpc-default-executor-1] INFO  client.GrpcClientProtocolClient (GrpcClientProtocolClient.java:onNext(255)) - client-D5CE890D7D9E->efcb8ff8-f060-4d95-9215-d0f5eb4af037: receive RaftClientReply:client-D5CE890D7D9E->efcb8ff8-f060-4d95-9215-d0f5eb4af037@group-0959F8DF43ED, cid=3496, SUCCESS, logIndex=5291, commits[efcb8ff8-f060-4d95-9215-d0f5eb4af037:c5291, 6fae8b02-e804-4c0e-b729-a97b7404b7f6:c5289, 4c3e8a66-6975-4917-8225-d3efe707aaff:c5289]
2019-09-04 11:46:51,817 | INFO  | DNAudit | user=null | ip=null | op=WRITE_CHUNK {blockData=conID: 2 locID: 102734077072835253 bcsId: 5285} | ret=SUCCESS |  
2019-09-04 11:46:51,817 | INFO  | DNAudit | user=null | ip=null | op=WRITE_CHUNK {blockData=conID: 2 locID: 102734077072835253 bcsId: 5285} | ret=SUCCESS |  
2019-09-04 11:46:51,818 | INFO  | DNAudit | user=null | ip=null | op=PUT_BLOCK {blockData=[blockId=conID: 2 locID: 102734077072835253 bcsId: 0,size=3145728]} | ret=SUCCESS |  
2019-09-04 11:46:51,818 | INFO  | DNAudit | user=null | ip=null | op=PUT_BLOCK {blockData=[blockId=conID: 2 locID: 102734077072835253 bcsId: 0,size=3145728]} | ret=SUCCESS |  
2019-09-04 11:46:51,819 | INFO  | DNAudit | user=null | ip=null | op=WRITE_CHUNK {blockData=conID: 2 locID: 102734077072835253 bcsId: 5291} | ret=SUCCESS |  
2019-09-04 11:46:51,820 | INFO  | DNAudit | user=null | ip=null | op=WRITE_CHUNK {blockData=conID: 2 locID: 102734077072835253 bcsId: 5291} | ret=SUCCESS |  
2019-09-04 11:46:51,820 | INFO  | DNAudit | user=null | ip=null | op=WRITE_CHUNK {blockData=conID: 2 locID: 102734077072835253 bcsId: 5291} | ret=SUCCESS |  
2019-09-04 11:46:51,825 | INFO  | DNAudit | user=null | ip=null | op=WRITE_CHUNK {blockData=conID: 2 locID: 102734077072835253 bcsId: 5291} | ret=SUCCESS |  
2019-09-04 11:46:51,825 | INFO  | DNAudit | user=null | ip=null | op=PUT_BLOCK {blockData=[blockId=conID: 2 locID: 102734077072835253 bcsId: 0,size=4194304]} | ret=SUCCESS |  
2019-09-04 11:46:51,825 [grpc-default-executor-6] INFO  client.GrpcClientProtocolClient (GrpcClientProtocolClient.java:onNext(255)) - client-D5CE890D7D9E->efcb8ff8-f060-4d95-9215-d0f5eb4af037: receive RaftClientReply:client-D5CE890D7D9E->efcb8ff8-f060-4d95-9215-d0f5eb4af037@group-0959F8DF43ED, cid=3497, SUCCESS, logIndex=5294, commits[efcb8ff8-f060-4d95-9215-d0f5eb4af037:c5295, 6fae8b02-e804-4c0e-b729-a97b7404b7f6:c5292, 4c3e8a66-6975-4917-8225-d3efe707aaff:c5292]
2019-09-04 11:46:51,826 [grpc-default-executor-6] INFO  client.GrpcClientProtocolClient (GrpcClientProtocolClient.java:onNext(255)) - client-D5CE890D7D9E->efcb8ff8-f060-4d95-9215-d0f5eb4af037: receive RaftClientReply:client-D5CE890D7D9E->efcb8ff8-f060-4d95-9215-d0f5eb4af037@group-0959F8DF43ED, cid=3498, SUCCESS, logIndex=5295, commits[efcb8ff8-f060-4d95-9215-d0f5eb4af037:c5295, 6fae8b02-e804-4c0e-b729-a97b7404b7f6:c5292, 4c3e8a66-6975-4917-8225-d3efe707aaff:c5292]
2019-09-04 11:46:51,833 | INFO  | DNAudit | user=null | ip=null | op=WRITE_CHUNK {blockData=conID: 2 locID: 102734077072835253 bcsId: 5291} | ret=SUCCESS |  
2019-09-04 11:46:51,833 | INFO  | DNAudit | user=null | ip=null | op=WRITE_CHUNK {blockData=conID: 2 locID: 102734077072835253 bcsId: 5291} | ret=SUCCESS |  
2019-09-04 11:46:51,835 | INFO  | DNAudit | user=null | ip=null | op=PUT_BLOCK {blockData=[blockId=conID: 2 locID: 102734077072835253 bcsId: 0,size=4194304]} | ret=SUCCESS |  
2019-09-04 11:46:51,835 | INFO  | DNAudit | user=null | ip=null | op=PUT_BLOCK {blockData=[blockId=conID: 2 locID: 102734077072835253 bcsId: 0,size=4194304]} | ret=SUCCESS |  
2019-09-04 11:46:51,835 [grpc-default-executor-6] INFO  client.GrpcClientProtocolClient (GrpcClientProtocolClient.java:onNext(255)) - client-D5CE890D7D9E->efcb8ff8-f060-4d95-9215-d0f5eb4af037: receive RaftClientReply:client-D5CE890D7D9E->efcb8ff8-f060-4d95-9215-d0f5eb4af037@group-0959F8DF43ED, cid=3499, SUCCESS, logIndex=0, commits[efcb8ff8-f060-4d95-9215-d0f5eb4af037:c5297, 6fae8b02-e804-4c0e-b729-a97b7404b7f6:c5295, 4c3e8a66-6975-4917-8225-d3efe707aaff:c5295]
2019-09-04 11:46:51,842 | INFO  | SCMAudit | user=jenkins1000 | ip=192.168.36.67 | op=ALLOCATE_BLOCK {owner=8ab292a2-aaa7-4ad8-863a-d33994811155, size=4194304, type=RATIS, factor=THREE} | ret=SUCCESS |  
2019-09-04 11:46:51,845 | INFO  | SCMAudit | user=jenkins1000 | ip=192.168.36.67 | op=SEND_HEARTBEAT {datanodeUUID=0b776101-1d39-4f23-96c0-6a8ead31197c, command=[]} | ret=SUCCESS |  
2019-09-04 11:46:51,845 | INFO  | SCMAudit | user=jenkins1000 | ip=192.168.36.67 | op=SEND_HEARTBEAT {datanodeUUID=6fae8b02-e804-4c0e-b729-a97b7404b7f6, command=[]} | ret=SUCCESS |  
2019-09-04 11:46:51,845 | INFO  | SCMAudit | user=jenkins1000 | ip=192.168.36.67 | op=SEND_HEARTBEAT {datanodeUUID=efcb8ff8-f060-4d95-9215-d0f5eb4af037, command=[]} | ret=SUCCESS |  
2019-09-04 11:46:51,845 | INFO  | SCMAudit | user=jenkins1000 | ip=192.168.36.67 | op=SEND_HEARTBEAT {datanodeUUID=4c3e8a66-6975-4917-8225-d3efe707aaff, command=[]} | ret=SUCCESS |  
2019-09-04 11:46:51,846 | INFO  | SCMAudit | user=jenkins1000 | ip=192.168.36.67 | op=SEND_HEARTBEAT {datanodeUUID=b68b188c-7f38-42ae-8403-46a39acd0731, command=[]} | ret=SUCCESS |  
2019-09-04 11:46:51,846 | INFO  | OMAudit | user=jenkins1000 | ip=127.0.0.1 | op=ALLOCATE_BLOCK {volume=vol-0-58699, bucket=bucket-0-57464, key=key-0-37266, dataSize=0, replicationType=null, replicationFactor=null, keyLocationInfo=null, clientID=102734073355960722} | ret=SUCCESS |  
2019-09-04 11:46:51,853 | INFO  | DNAudit | user=null | ip=null | op=WRITE_CHUNK {blockData=conID: 3 locID: 102734077089678006 bcsId: 0} | ret=SUCCESS |  
2019-09-04 11:46:51,855 | INFO  | DNAudit | user=null | ip=null | op=WRITE_CHUNK {blockData=conID: 3 locID: 102734077089678006 bcsId: 0} | ret=SUCCESS |  
2019-09-04 11:46:51,856 | INFO  | DNAudit | user=null | ip=null | op=WRITE_CHUNK {blockData=conID: 3 locID: 102734077089678006 bcsId: 0} | ret=SUCCESS |  
2019-09-04 11:46:51,856 | INFO  | DNAudit | user=null | ip=null | op=WRITE_CHUNK {blockData=conID: 3 locID: 102734077089678006 bcsId: 0} | ret=SUCCESS |  
2019-09-04 11:46:51,857 | INFO  | DNAudit | user=null | ip=null | op=WRITE_CHUNK {blockData=conID: 3 locID: 102734077089678006 bcsId: 0} | ret=SUCCESS |  
2019-09-04 11:46:51,858 | INFO  | DNAudit | user=null | ip=null | op=WRITE_CHUNK {blockData=conID: 3 locID: 102734077089678006 bcsId: 0} | ret=SUCCESS |  
2019-09-04 11:46:51,860 | INFO  | DNAudit | user=null | ip=null | op=WRITE_CHUNK {blockData=conID: 3 locID: 102734077089678006 bcsId: 0} | ret=SUCCESS |  
2019-09-04 11:46:51,861 | INFO  | DNAudit | user=null | ip=null | op=PUT_BLOCK {blockData=[blockId=conID: 3 locID: 102734077089678006 bcsId: 0,size=1048576]} | ret=SUCCESS |  
2019-09-04 11:46:51,861 | INFO  | DNAudit | user=null | ip=null | op=WRITE_CHUNK {blockData=conID: 3 locID: 102734077089678006 bcsId: 0} | ret=SUCCESS |  
2019-09-04 11:46:51,861 [grpc-default-executor-5] INFO  client.GrpcClientProtocolClient (GrpcClientProtocolClient.java:onNext(255)) - client-D5CE890D7D9E->efcb8ff8-f060-4d95-9215-d0f5eb4af037: receive RaftClientReply:client-D5CE890D7D9E->efcb8ff8-f060-4d95-9215-d0f5eb4af037@group-0959F8DF43ED, cid=3500, SUCCESS, logIndex=5298, commits[efcb8ff8-f060-4d95-9215-d0f5eb4af037:c5300, 6fae8b02-e804-4c0e-b729-a97b7404b7f6:c5297, 4c3e8a66-6975-4917-8225-d3efe707aaff:c5297]
2019-09-04 11:46:51,862 | INFO  | DNAudit | user=null | ip=null | op=PUT_BLOCK {blockData=[blockId=conID: 3 locID: 102734077089678006 bcsId: 0,size=2097152]} | ret=SUCCESS |  
2019-09-04 11:46:51,862 [grpc-default-executor-5] INFO  client.GrpcClientProtocolClient (GrpcClientProtocolClient.java:onNext(255)) - client-D5CE890D7D9E->efcb8ff8-f060-4d95-9215-d0f5eb4af037: receive RaftClientReply:client-D5CE890D7D9E->efcb8ff8-f060-4d95-9215-d0f5eb4af037@group-0959F8DF43ED, cid=3501, SUCCESS, logIndex=5299, commits[efcb8ff8-f060-4d95-9215-d0f5eb4af037:c5301, 6fae8b02-e804-4c0e-b729-a97b7404b7f6:c5297, 4c3e8a66-6975-4917-8225-d3efe707aaff:c5297]
2019-09-04 11:46:51,862 [grpc-default-executor-5] INFO  client.GrpcClientProtocolClient (GrpcClientProtocolClient.java:onNext(255)) - client-D5CE890D7D9E->efcb8ff8-f060-4d95-9215-d0f5eb4af037: receive RaftClientReply:client-D5CE890D7D9E->efcb8ff8-f060-4d95-9215-d0f5eb4af037@group-0959F8DF43ED, cid=3502, SUCCESS, logIndex=5300, commits[efcb8ff8-f060-4d95-9215-d0f5eb4af037:c5301, 6fae8b02-e804-4c0e-b729-a97b7404b7f6:c5297, 4c3e8a66-6975-4917-8225-d3efe707aaff:c5297]
2019-09-04 11:46:51,862 [grpc-default-executor-5] INFO  client.GrpcClientProtocolClient (GrpcClientProtocolClient.java:onNext(255)) - client-D5CE890D7D9E->efcb8ff8-f060-4d95-9215-d0f5eb4af037: receive RaftClientReply:client-D5CE890D7D9E->efcb8ff8-f060-4d95-9215-d0f5eb4af037@group-0959F8DF43ED, cid=3503, SUCCESS, logIndex=5301, commits[efcb8ff8-f060-4d95-9215-d0f5eb4af037:c5301, 6fae8b02-e804-4c0e-b729-a97b7404b7f6:c5297, 4c3e8a66-6975-4917-8225-d3efe707aaff:c5297]
2019-09-04 11:46:51,871 | INFO  | DNAudit | user=null | ip=null | op=WRITE_CHUNK {blockData=conID: 3 locID: 102734077089678006 bcsId: 0} | ret=SUCCESS |  
2019-09-04 11:46:51,872 | INFO  | DNAudit | user=null | ip=null | op=PUT_BLOCK {blockData=[blockId=conID: 3 locID: 102734077089678006 bcsId: 0,size=1048576]} | ret=SUCCESS |  
2019-09-04 11:46:51,872 | INFO  | DNAudit | user=null | ip=null | op=WRITE_CHUNK {blockData=conID: 3 locID: 102734077089678006 bcsId: 0} | ret=SUCCESS |  
2019-09-04 11:46:51,872 | INFO  | DNAudit | user=null | ip=null | op=WRITE_CHUNK {blockData=conID: 3 locID: 102734077089678006 bcsId: 0} | ret=SUCCESS |  
2019-09-04 11:46:51,873 | INFO  | DNAudit | user=null | ip=null | op=PUT_BLOCK {blockData=[blockId=conID: 3 locID: 102734077089678006 bcsId: 0,size=2097152]} | ret=SUCCESS |  
2019-09-04 11:46:51,873 | INFO  | DNAudit | user=null | ip=null | op=PUT_BLOCK {blockData=[blockId=conID: 3 locID: 102734077089678006 bcsId: 0,size=1048576]} | ret=SUCCESS |  
2019-09-04 11:46:51,873 | INFO  | DNAudit | user=null | ip=null | op=WRITE_CHUNK {blockData=conID: 3 locID: 102734077089678006 bcsId: 0} | ret=SUCCESS |  
2019-09-04 11:46:51,873 | INFO  | DNAudit | user=null | ip=null | op=PUT_BLOCK {blockData=[blockId=conID: 3 locID: 102734077089678006 bcsId: 0,size=2097152]} | ret=SUCCESS |  
2019-09-04 11:46:51,873 [grpc-default-executor-5] INFO  client.GrpcClientProtocolClient (GrpcClientProtocolClient.java:onNext(255)) - client-D5CE890D7D9E->efcb8ff8-f060-4d95-9215-d0f5eb4af037: receive RaftClientReply:client-D5CE890D7D9E->efcb8ff8-f060-4d95-9215-d0f5eb4af037@group-0959F8DF43ED, cid=3504, SUCCESS, logIndex=0, commits[efcb8ff8-f060-4d95-9215-d0f5eb4af037:c5305, 6fae8b02-e804-4c0e-b729-a97b7404b7f6:c5301, 4c3e8a66-6975-4917-8225-d3efe707aaff:c5300]
2019-09-04 11:46:51,880 | INFO  | DNAudit | user=null | ip=null | op=WRITE_CHUNK {blockData=conID: 3 locID: 102734077089678006 bcsId: 5301} | ret=SUCCESS |  
2019-09-04 11:46:51,882 | INFO  | DNAudit | user=null | ip=null | op=WRITE_CHUNK {blockData=conID: 3 locID: 102734077089678006 bcsId: 5301} | ret=SUCCESS |  
2019-09-04 11:46:51,882 | INFO  | DNAudit | user=null | ip=null | op=WRITE_CHUNK {blockData=conID: 3 locID: 102734077089678006 bcsId: 5301} | ret=SUCCESS |  
2019-09-04 11:46:51,898 | INFO  | DNAudit | user=null | ip=null | op=WRITE_CHUNK {blockData=conID: 3 locID: 102734077089678006 bcsId: 5301} | ret=SUCCESS |  
2019-09-04 11:46:51,898 | INFO  | DNAudit | user=null | ip=null | op=PUT_BLOCK {blockData=[blockId=conID: 3 locID: 102734077089678006 bcsId: 0,size=3145728]} | ret=SUCCESS |  
2019-09-04 11:46:51,898 [grpc-default-executor-6] INFO  client.GrpcClientProtocolClient (GrpcClientProtocolClient.java:onNext(255)) - client-D5CE890D7D9E->efcb8ff8-f060-4d95-9215-d0f5eb4af037: receive RaftClientReply:client-D5CE890D7D9E->efcb8ff8-f060-4d95-9215-d0f5eb4af037@group-0959F8DF43ED, cid=3505, SUCCESS, logIndex=5306, commits[efcb8ff8-f060-4d95-9215-d0f5eb4af037:c5307, 6fae8b02-e804-4c0e-b729-a97b7404b7f6:c5305, 4c3e8a66-6975-4917-8225-d3efe707aaff:c5305]
2019-09-04 11:46:51,899 [grpc-default-executor-6] INFO  client.GrpcClientProtocolClient (GrpcClientProtocolClient.java:onNext(255)) - client-D5CE890D7D9E->efcb8ff8-f060-4d95-9215-d0f5eb4af037: receive RaftClientReply:client-D5CE890D7D9E->efcb8ff8-f060-4d95-9215-d0f5eb4af037@group-0959F8DF43ED, cid=3506, SUCCESS, logIndex=5307, commits[efcb8ff8-f060-4d95-9215-d0f5eb4af037:c5307, 6fae8b02-e804-4c0e-b729-a97b7404b7f6:c5305, 4c3e8a66-6975-4917-8225-d3efe707aaff:c5305]
2019-09-04 11:46:51,903 | INFO  | DNAudit | user=null | ip=null | op=WRITE_CHUNK {blockData=conID: 3 locID: 102734077089678006 bcsId: 5301} | ret=SUCCESS |  
2019-09-04 11:46:51,903 | INFO  | DNAudit | user=null | ip=null | op=WRITE_CHUNK {blockData=conID: 3 locID: 102734077089678006 bcsId: 5301} | ret=SUCCESS |  
2019-09-04 11:46:51,903 | INFO  | DNAudit | user=null | ip=null | op=PUT_BLOCK {blockData=[blockId=conID: 3 locID: 102734077089678006 bcsId: 0,size=3145728]} | ret=SUCCESS |  
2019-09-04 11:46:51,903 | INFO  | DNAudit | user=null | ip=null | op=PUT_BLOCK {blockData=[blockId=conID: 3 locID: 102734077089678006 bcsId: 0,size=3145728]} | ret=SUCCESS |  
2019-09-04 11:46:51,905 | INFO  | DNAudit | user=null | ip=null | op=WRITE_CHUNK {blockData=conID: 3 locID: 102734077089678006 bcsId: 5307} | ret=SUCCESS |  
2019-09-04 11:46:51,907 | INFO  | DNAudit | user=null | ip=null | op=WRITE_CHUNK {blockData=conID: 3 locID: 102734077089678006 bcsId: 5307} | ret=SUCCESS |  
2019-09-04 11:46:51,907 | INFO  | DNAudit | user=null | ip=null | op=WRITE_CHUNK {blockData=conID: 3 locID: 102734077089678006 bcsId: 5307} | ret=SUCCESS |  
2019-09-04 11:46:51,917 | INFO  | DNAudit | user=null | ip=null | op=WRITE_CHUNK {blockData=conID: 3 locID: 102734077089678006 bcsId: 5307} | ret=SUCCESS |  
2019-09-04 11:46:51,918 | INFO  | DNAudit | user=null | ip=null | op=PUT_BLOCK {blockData=[blockId=conID: 3 locID: 102734077089678006 bcsId: 0,size=4194304]} | ret=SUCCESS |  
2019-09-04 11:46:51,918 [grpc-default-executor-1] INFO  client.GrpcClientProtocolClient (GrpcClientProtocolClient.java:onNext(255)) - client-D5CE890D7D9E->efcb8ff8-f060-4d95-9215-d0f5eb4af037: receive RaftClientReply:client-D5CE890D7D9E->efcb8ff8-f060-4d95-9215-d0f5eb4af037@group-0959F8DF43ED, cid=3507, SUCCESS, logIndex=5310, commits[efcb8ff8-f060-4d95-9215-d0f5eb4af037:c5311, 6fae8b02-e804-4c0e-b729-a97b7404b7f6:c5308, 4c3e8a66-6975-4917-8225-d3efe707aaff:c5308]
2019-09-04 11:46:51,918 [grpc-default-executor-1] INFO  client.GrpcClientProtocolClient (GrpcClientProtocolClient.java:onNext(255)) - client-D5CE890D7D9E->efcb8ff8-f060-4d95-9215-d0f5eb4af037: receive RaftClientReply:client-D5CE890D7D9E->efcb8ff8-f060-4d95-9215-d0f5eb4af037@group-0959F8DF43ED, cid=3508, SUCCESS, logIndex=5311, commits[efcb8ff8-f060-4d95-9215-d0f5eb4af037:c5311, 6fae8b02-e804-4c0e-b729-a97b7404b7f6:c5308, 4c3e8a66-6975-4917-8225-d3efe707aaff:c5308]
2019-09-04 11:46:51,930 | INFO  | DNAudit | user=null | ip=null | op=WRITE_CHUNK {blockData=conID: 3 locID: 102734077089678006 bcsId: 5307} | ret=SUCCESS |  
2019-09-04 11:46:51,930 | INFO  | DNAudit | user=null | ip=null | op=WRITE_CHUNK {blockData=conID: 3 locID: 102734077089678006 bcsId: 5307} | ret=SUCCESS |  
2019-09-04 11:46:51,931 | INFO  | DNAudit | user=null | ip=null | op=PUT_BLOCK {blockData=[blockId=conID: 3 locID: 102734077089678006 bcsId: 0,size=4194304]} | ret=SUCCESS |  
2019-09-04 11:46:51,931 | INFO  | DNAudit | user=null | ip=null | op=PUT_BLOCK {blockData=[blockId=conID: 3 locID: 102734077089678006 bcsId: 0,size=4194304]} | ret=SUCCESS |  
2019-09-04 11:46:51,931 [grpc-default-executor-1] INFO  client.GrpcClientProtocolClient (GrpcClientProtocolClient.java:onNext(255)) - client-D5CE890D7D9E->efcb8ff8-f060-4d95-9215-d0f5eb4af037: receive RaftClientReply:client-D5CE890D7D9E->efcb8ff8-f060-4d95-9215-d0f5eb4af037@group-0959F8DF43ED, cid=3509, SUCCESS, logIndex=0, commits[efcb8ff8-f060-4d95-9215-d0f5eb4af037:c5313, 6fae8b02-e804-4c0e-b729-a97b7404b7f6:c5311, 4c3e8a66-6975-4917-8225-d3efe707aaff:c5311]
2019-09-04 11:46:51,938 | INFO  | SCMAudit | user=jenkins1000 | ip=192.168.36.67 | op=ALLOCATE_BLOCK {owner=8ab292a2-aaa7-4ad8-863a-d33994811155, size=4194304, type=RATIS, factor=THREE} | ret=SUCCESS |  
2019-09-04 11:46:51,944 | INFO  | OMAudit | user=jenkins1000 | ip=127.0.0.1 | op=ALLOCATE_BLOCK {volume=vol-0-58699, bucket=bucket-0-57464, key=key-0-37266, dataSize=0, replicationType=null, replicationFactor=null, keyLocationInfo=null, clientID=102734073355960722} | ret=SUCCESS |  
2019-09-04 11:46:51,951 | INFO  | DNAudit | user=null | ip=null | op=WRITE_CHUNK {blockData=conID: 1 locID: 102734077095969463 bcsId: 0} | ret=SUCCESS |  
2019-09-04 11:46:51,954 | INFO  | DNAudit | user=null | ip=null | op=WRITE_CHUNK {blockData=conID: 1 locID: 102734077095969463 bcsId: 0} | ret=SUCCESS |  
2019-09-04 11:46:51,954 | INFO  | DNAudit | user=null | ip=null | op=WRITE_CHUNK {blockData=conID: 1 locID: 102734077095969463 bcsId: 0} | ret=SUCCESS |  
2019-09-04 11:46:51,954 | INFO  | DNAudit | user=null | ip=null | op=WRITE_CHUNK {blockData=conID: 1 locID: 102734077095969463 bcsId: 0} | ret=SUCCESS |  
2019-09-04 11:46:51,955 | INFO  | DNAudit | user=null | ip=null | op=WRITE_CHUNK {blockData=conID: 1 locID: 102734077095969463 bcsId: 0} | ret=SUCCESS |  
2019-09-04 11:46:51,955 | INFO  | DNAudit | user=null | ip=null | op=WRITE_CHUNK {blockData=conID: 1 locID: 102734077095969463 bcsId: 0} | ret=SUCCESS |  
2019-09-04 11:46:51,963 | INFO  | DNAudit | user=null | ip=null | op=WRITE_CHUNK {blockData=conID: 1 locID: 102734077095969463 bcsId: 0} | ret=SUCCESS |  
2019-09-04 11:46:51,963 | INFO  | DNAudit | user=null | ip=null | op=PUT_BLOCK {blockData=[blockId=conID: 1 locID: 102734077095969463 bcsId: 0,size=1048576]} | ret=SUCCESS |  
2019-09-04 11:46:51,963 [grpc-default-executor-1] INFO  client.GrpcClientProtocolClient (GrpcClientProtocolClient.java:onNext(255)) - client-D5CE890D7D9E->efcb8ff8-f060-4d95-9215-d0f5eb4af037: receive RaftClientReply:client-D5CE890D7D9E->efcb8ff8-f060-4d95-9215-d0f5eb4af037@group-0959F8DF43ED, cid=3510, SUCCESS, logIndex=5314, commits[efcb8ff8-f060-4d95-9215-d0f5eb4af037:c5315, 6fae8b02-e804-4c0e-b729-a97b7404b7f6:c5313, 4c3e8a66-6975-4917-8225-d3efe707aaff:c5313]
2019-09-04 11:46:51,963 | INFO  | DNAudit | user=null | ip=null | op=WRITE_CHUNK {blockData=conID: 1 locID: 102734077095969463 bcsId: 0} | ret=SUCCESS |  
2019-09-04 11:46:51,964 | INFO  | DNAudit | user=null | ip=null | op=PUT_BLOCK {blockData=[blockId=conID: 1 locID: 102734077095969463 bcsId: 0,size=2097152]} | ret=SUCCESS |  
2019-09-04 11:46:51,964 [grpc-default-executor-1] INFO  client.GrpcClientProtocolClient (GrpcClientProtocolClient.java:onNext(255)) - client-D5CE890D7D9E->efcb8ff8-f060-4d95-9215-d0f5eb4af037: receive RaftClientReply:client-D5CE890D7D9E->efcb8ff8-f060-4d95-9215-d0f5eb4af037@group-0959F8DF43ED, cid=3511, SUCCESS, logIndex=5315, commits[efcb8ff8-f060-4d95-9215-d0f5eb4af037:c5317, 6fae8b02-e804-4c0e-b729-a97b7404b7f6:c5313, 4c3e8a66-6975-4917-8225-d3efe707aaff:c5313]
2019-09-04 11:46:51,964 [grpc-default-executor-1] INFO  client.GrpcClientProtocolClient (GrpcClientProtocolClient.java:onNext(255)) - client-D5CE890D7D9E->efcb8ff8-f060-4d95-9215-d0f5eb4af037: receive RaftClientReply:client-D5CE890D7D9E->efcb8ff8-f060-4d95-9215-d0f5eb4af037@group-0959F8DF43ED, cid=3512, SUCCESS, logIndex=5316, commits[efcb8ff8-f060-4d95-9215-d0f5eb4af037:c5317, 6fae8b02-e804-4c0e-b729-a97b7404b7f6:c5313, 4c3e8a66-6975-4917-8225-d3efe707aaff:c5313]
2019-09-04 11:46:51,964 [grpc-default-executor-1] INFO  client.GrpcClientProtocolClient (GrpcClientProtocolClient.java:onNext(255)) - client-D5CE890D7D9E->efcb8ff8-f060-4d95-9215-d0f5eb4af037: receive RaftClientReply:client-D5CE890D7D9E->efcb8ff8-f060-4d95-9215-d0f5eb4af037@group-0959F8DF43ED, cid=3513, SUCCESS, logIndex=5317, commits[efcb8ff8-f060-4d95-9215-d0f5eb4af037:c5317, 6fae8b02-e804-4c0e-b729-a97b7404b7f6:c5313, 4c3e8a66-6975-4917-8225-d3efe707aaff:c5313]
2019-09-04 11:46:51,974 | INFO  | DNAudit | user=null | ip=null | op=WRITE_CHUNK {blockData=conID: 1 locID: 102734077095969463 bcsId: 0} | ret=SUCCESS |  
2019-09-04 11:46:51,974 | INFO  | DNAudit | user=null | ip=null | op=WRITE_CHUNK {blockData=conID: 1 locID: 102734077095969463 bcsId: 0} | ret=SUCCESS |  
2019-09-04 11:46:51,976 | INFO  | DNAudit | user=null | ip=null | op=PUT_BLOCK {blockData=[blockId=conID: 1 locID: 102734077095969463 bcsId: 0,size=1048576]} | ret=SUCCESS |  
2019-09-04 11:46:51,976 | INFO  | DNAudit | user=null | ip=null | op=PUT_BLOCK {blockData=[blockId=conID: 1 locID: 102734077095969463 bcsId: 0,size=1048576]} | ret=SUCCESS |  
2019-09-04 11:46:51,976 | INFO  | DNAudit | user=null | ip=null | op=WRITE_CHUNK {blockData=conID: 1 locID: 102734077095969463 bcsId: 0} | ret=SUCCESS |  
2019-09-04 11:46:51,976 | INFO  | DNAudit | user=null | ip=null | op=PUT_BLOCK {blockData=[blockId=conID: 1 locID: 102734077095969463 bcsId: 0,size=2097152]} | ret=SUCCESS |  
2019-09-04 11:46:51,976 | INFO  | DNAudit | user=null | ip=null | op=WRITE_CHUNK {blockData=conID: 1 locID: 102734077095969463 bcsId: 0} | ret=SUCCESS |  
2019-09-04 11:46:51,976 | INFO  | DNAudit | user=null | ip=null | op=PUT_BLOCK {blockData=[blockId=conID: 1 locID: 102734077095969463 bcsId: 0,size=2097152]} | ret=SUCCESS |  
2019-09-04 11:46:51,976 [grpc-default-executor-1] INFO  client.GrpcClientProtocolClient (GrpcClientProtocolClient.java:onNext(255)) - client-D5CE890D7D9E->efcb8ff8-f060-4d95-9215-d0f5eb4af037: receive RaftClientReply:client-D5CE890D7D9E->efcb8ff8-f060-4d95-9215-d0f5eb4af037@group-0959F8DF43ED, cid=3514, SUCCESS, logIndex=0, commits[efcb8ff8-f060-4d95-9215-d0f5eb4af037:c5318, 6fae8b02-e804-4c0e-b729-a97b7404b7f6:c5315, 4c3e8a66-6975-4917-8225-d3efe707aaff:c5315]
2019-09-04 11:46:51,982 | INFO  | DNAudit | user=null | ip=null | op=WRITE_CHUNK {blockData=conID: 1 locID: 102734077095969463 bcsId: 5317} | ret=SUCCESS |  
2019-09-04 11:46:51,985 | INFO  | DNAudit | user=null | ip=null | op=WRITE_CHUNK {blockData=conID: 1 locID: 102734077095969463 bcsId: 5317} | ret=SUCCESS |  
2019-09-04 11:46:51,985 | INFO  | DNAudit | user=null | ip=null | op=WRITE_CHUNK {blockData=conID: 1 locID: 102734077095969463 bcsId: 5317} | ret=SUCCESS |  
2019-09-04 11:46:51,995 | INFO  | DNAudit | user=null | ip=null | op=WRITE_CHUNK {blockData=conID: 1 locID: 102734077095969463 bcsId: 5317} | ret=SUCCESS |  
2019-09-04 11:46:51,995 | INFO  | DNAudit | user=null | ip=null | op=PUT_BLOCK {blockData=[blockId=conID: 1 locID: 102734077095969463 bcsId: 0,size=3145728]} | ret=SUCCESS |  
2019-09-04 11:46:51,996 [grpc-default-executor-1] INFO  client.GrpcClientProtocolClient (GrpcClientProtocolClient.java:onNext(255)) - client-D5CE890D7D9E->efcb8ff8-f060-4d95-9215-d0f5eb4af037: receive RaftClientReply:client-D5CE890D7D9E->efcb8ff8-f060-4d95-9215-d0f5eb4af037@group-0959F8DF43ED, cid=3515, SUCCESS, logIndex=5322, commits[efcb8ff8-f060-4d95-9215-d0f5eb4af037:c5323, 6fae8b02-e804-4c0e-b729-a97b7404b7f6:c5321, 4c3e8a66-6975-4917-8225-d3efe707aaff:c5321]
2019-09-04 11:46:51,996 [grpc-default-executor-1] INFO  client.GrpcClientProtocolClient (GrpcClientProtocolClient.java:onNext(255)) - client-D5CE890D7D9E->efcb8ff8-f060-4d95-9215-d0f5eb4af037: receive RaftClientReply:client-D5CE890D7D9E->efcb8ff8-f060-4d95-9215-d0f5eb4af037@group-0959F8DF43ED, cid=3516, SUCCESS, logIndex=5323, commits[efcb8ff8-f060-4d95-9215-d0f5eb4af037:c5323, 6fae8b02-e804-4c0e-b729-a97b7404b7f6:c5321, 4c3e8a66-6975-4917-8225-d3efe707aaff:c5321]
2019-09-04 11:46:52,002 | INFO  | DNAudit | user=null | ip=null | op=WRITE_CHUNK {blockData=conID: 1 locID: 102734077095969463 bcsId: 5323} | ret=SUCCESS |  
2019-09-04 11:46:52,004 | INFO  | DNAudit | user=null | ip=null | op=WRITE_CHUNK {blockData=conID: 1 locID: 102734077095969463 bcsId: 5323} | ret=SUCCESS |  
2019-09-04 11:46:52,004 | INFO  | DNAudit | user=null | ip=null | op=WRITE_CHUNK {blockData=conID: 1 locID: 102734077095969463 bcsId: 5323} | ret=SUCCESS |  
2019-09-04 11:46:52,005 | INFO  | DNAudit | user=null | ip=null | op=WRITE_CHUNK {blockData=conID: 1 locID: 102734077095969463 bcsId: 5317} | ret=SUCCESS |  
2019-09-04 11:46:52,005 | INFO  | DNAudit | user=null | ip=null | op=WRITE_CHUNK {blockData=conID: 1 locID: 102734077095969463 bcsId: 5317} | ret=SUCCESS |  
2019-09-04 11:46:52,006 | INFO  | DNAudit | user=null | ip=null | op=PUT_BLOCK {blockData=[blockId=conID: 1 locID: 102734077095969463 bcsId: 0,size=3145728]} | ret=SUCCESS |  
2019-09-04 11:46:52,006 | INFO  | DNAudit | user=null | ip=null | op=PUT_BLOCK {blockData=[blockId=conID: 1 locID: 102734077095969463 bcsId: 0,size=3145728]} | ret=SUCCESS |  
2019-09-04 11:46:52,007 | INFO  | DNAudit | user=null | ip=null | op=WRITE_CHUNK {blockData=conID: 1 locID: 102734077095969463 bcsId: 5323} | ret=SUCCESS |  
2019-09-04 11:46:52,007 | INFO  | DNAudit | user=null | ip=null | op=PUT_BLOCK {blockData=[blockId=conID: 1 locID: 102734077095969463 bcsId: 0,size=4194304]} | ret=SUCCESS |  
2019-09-04 11:46:52,007 [grpc-default-executor-6] INFO  client.GrpcClientProtocolClient (GrpcClientProtocolClient.java:onNext(255)) - client-D5CE890D7D9E->efcb8ff8-f060-4d95-9215-d0f5eb4af037: receive RaftClientReply:client-D5CE890D7D9E->efcb8ff8-f060-4d95-9215-d0f5eb4af037@group-0959F8DF43ED, cid=3517, SUCCESS, logIndex=5326, commits[efcb8ff8-f060-4d95-9215-d0f5eb4af037:c5327, 6fae8b02-e804-4c0e-b729-a97b7404b7f6:c5323, 4c3e8a66-6975-4917-8225-d3efe707aaff:c5323]
2019-09-04 11:46:52,008 [grpc-default-executor-6] INFO  client.GrpcClientProtocolClient (GrpcClientProtocolClient.java:onNext(255)) - client-D5CE890D7D9E->efcb8ff8-f060-4d95-9215-d0f5eb4af037: receive RaftClientReply:client-D5CE890D7D9E->efcb8ff8-f060-4d95-9215-d0f5eb4af037@group-0959F8DF43ED, cid=3518, SUCCESS, logIndex=5327, commits[efcb8ff8-f060-4d95-9215-d0f5eb4af037:c5327, 6fae8b02-e804-4c0e-b729-a97b7404b7f6:c5323, 4c3e8a66-6975-4917-8225-d3efe707aaff:c5323]
2019-09-04 11:46:52,024 | INFO  | DNAudit | user=null | ip=null | op=WRITE_CHUNK {blockData=conID: 1 locID: 102734077095969463 bcsId: 5323} | ret=SUCCESS |  
2019-09-04 11:46:52,024 | INFO  | DNAudit | user=null | ip=null | op=WRITE_CHUNK {blockData=conID: 1 locID: 102734077095969463 bcsId: 5323} | ret=SUCCESS |  
2019-09-04 11:46:52,025 | INFO  | DNAudit | user=null | ip=null | op=PUT_BLOCK {blockData=[blockId=conID: 1 locID: 102734077095969463 bcsId: 0,size=4194304]} | ret=SUCCESS |  
2019-09-04 11:46:52,025 | INFO  | DNAudit | user=null | ip=null | op=PUT_BLOCK {blockData=[blockId=conID: 1 locID: 102734077095969463 bcsId: 0,size=4194304]} | ret=SUCCESS |  
2019-09-04 11:46:52,026 [grpc-default-executor-1] INFO  client.GrpcClientProtocolClient (GrpcClientProtocolClient.java:onNext(255)) - client-D5CE890D7D9E->efcb8ff8-f060-4d95-9215-d0f5eb4af037: receive RaftClientReply:client-D5CE890D7D9E->efcb8ff8-f060-4d95-9215-d0f5eb4af037@group-0959F8DF43ED, cid=3519, SUCCESS, logIndex=0, commits[efcb8ff8-f060-4d95-9215-d0f5eb4af037:c5329, 6fae8b02-e804-4c0e-b729-a97b7404b7f6:c5327, 4c3e8a66-6975-4917-8225-d3efe707aaff:c5327]
2019-09-04 11:46:52,032 | INFO  | SCMAudit | user=jenkins1000 | ip=192.168.36.67 | op=ALLOCATE_BLOCK {owner=8ab292a2-aaa7-4ad8-863a-d33994811155, size=4194304, type=RATIS, factor=THREE} | ret=SUCCESS |  
2019-09-04 11:46:52,038 | INFO  | OMAudit | user=jenkins1000 | ip=127.0.0.1 | op=ALLOCATE_BLOCK {volume=vol-0-58699, bucket=bucket-0-57464, key=key-0-37266, dataSize=0, replicationType=null, replicationFactor=null, keyLocationInfo=null, clientID=102734073355960722} | ret=SUCCESS |  
2019-09-04 11:46:52,045 | INFO  | DNAudit | user=null | ip=null | op=WRITE_CHUNK {blockData=conID: 2 locID: 102734077102129848 bcsId: 0} | ret=SUCCESS |  
2019-09-04 11:46:52,048 | INFO  | DNAudit | user=null | ip=null | op=WRITE_CHUNK {blockData=conID: 2 locID: 102734077102129848 bcsId: 0} | ret=SUCCESS |  
2019-09-04 11:46:52,048 | INFO  | DNAudit | user=null | ip=null | op=WRITE_CHUNK {blockData=conID: 2 locID: 102734077102129848 bcsId: 0} | ret=SUCCESS |  
2019-09-04 11:46:52,048 | INFO  | DNAudit | user=null | ip=null | op=WRITE_CHUNK {blockData=conID: 2 locID: 102734077102129848 bcsId: 0} | ret=SUCCESS |  
2019-09-04 11:46:52,050 | INFO  | DNAudit | user=null | ip=null | op=WRITE_CHUNK {blockData=conID: 2 locID: 102734077102129848 bcsId: 0} | ret=SUCCESS |  
2019-09-04 11:46:52,050 | INFO  | DNAudit | user=null | ip=null | op=WRITE_CHUNK {blockData=conID: 2 locID: 102734077102129848 bcsId: 0} | ret=SUCCESS |  
 0.00% |█                                                                                                    |  0/1 Time: 0:00:572019-09-04 11:46:52,064 | INFO  | DNAudit | user=null | ip=null | op=WRITE_CHUNK {blockData=conID: 2 locID: 102734077102129848 bcsId: 0} | ret=SUCCESS |  
2019-09-04 11:46:52,065 | INFO  | DNAudit | user=null | ip=null | op=PUT_BLOCK {blockData=[blockId=conID: 2 locID: 102734077102129848 bcsId: 0,size=1048576]} | ret=SUCCESS |  
2019-09-04 11:46:52,065 [grpc-default-executor-4] INFO  client.GrpcClientProtocolClient (GrpcClientProtocolClient.java:onNext(255)) - client-D5CE890D7D9E->efcb8ff8-f060-4d95-9215-d0f5eb4af037: receive RaftClientReply:client-D5CE890D7D9E->efcb8ff8-f060-4d95-9215-d0f5eb4af037@group-0959F8DF43ED, cid=3520, SUCCESS, logIndex=5330, commits[efcb8ff8-f060-4d95-9215-d0f5eb4af037:c5331, 6fae8b02-e804-4c0e-b729-a97b7404b7f6:c5329, 4c3e8a66-6975-4917-8225-d3efe707aaff:c5329]
2019-09-04 11:46:52,065 [grpc-default-executor-4] INFO  client.GrpcClientProtocolClient (GrpcClientProtocolClient.java:onNext(255)) - client-D5CE890D7D9E->efcb8ff8-f060-4d95-9215-d0f5eb4af037: receive RaftClientReply:client-D5CE890D7D9E->efcb8ff8-f060-4d95-9215-d0f5eb4af037@group-0959F8DF43ED, cid=3521, SUCCESS, logIndex=5331, commits[efcb8ff8-f060-4d95-9215-d0f5eb4af037:c5331, 6fae8b02-e804-4c0e-b729-a97b7404b7f6:c5329, 4c3e8a66-6975-4917-8225-d3efe707aaff:c5329]
2019-09-04 11:46:52,073 | INFO  | DNAudit | user=null | ip=null | op=WRITE_CHUNK {blockData=conID: 2 locID: 102734077102129848 bcsId: 0} | ret=SUCCESS |  
2019-09-04 11:46:52,073 | INFO  | DNAudit | user=null | ip=null | op=PUT_BLOCK {blockData=[blockId=conID: 2 locID: 102734077102129848 bcsId: 0,size=2097152]} | ret=SUCCESS |  
2019-09-04 11:46:52,073 [grpc-default-executor-4] INFO  client.GrpcClientProtocolClient (GrpcClientProtocolClient.java:onNext(255)) - client-D5CE890D7D9E->efcb8ff8-f060-4d95-9215-d0f5eb4af037: receive RaftClientReply:client-D5CE890D7D9E->efcb8ff8-f060-4d95-9215-d0f5eb4af037@group-0959F8DF43ED, cid=3522, SUCCESS, logIndex=5332, commits[efcb8ff8-f060-4d95-9215-d0f5eb4af037:c5333, 6fae8b02-e804-4c0e-b729-a97b7404b7f6:c5329, 4c3e8a66-6975-4917-8225-d3efe707aaff:c5329]
2019-09-04 11:46:52,074 [grpc-default-executor-4] INFO  client.GrpcClientProtocolClient (GrpcClientProtocolClient.java:onNext(255)) - client-D5CE890D7D9E->efcb8ff8-f060-4d95-9215-d0f5eb4af037: receive RaftClientReply:client-D5CE890D7D9E->efcb8ff8-f060-4d95-9215-d0f5eb4af037@group-0959F8DF43ED, cid=3523, SUCCESS, logIndex=5333, commits[efcb8ff8-f060-4d95-9215-d0f5eb4af037:c5333, 6fae8b02-e804-4c0e-b729-a97b7404b7f6:c5329, 4c3e8a66-6975-4917-8225-d3efe707aaff:c5329]
2019-09-04 11:46:52,083 | INFO  | DNAudit | user=null | ip=null | op=WRITE_CHUNK {blockData=conID: 2 locID: 102734077102129848 bcsId: 0} | ret=SUCCESS |  
2019-09-04 11:46:52,083 | INFO  | DNAudit | user=null | ip=null | op=PUT_BLOCK {blockData=[blockId=conID: 2 locID: 102734077102129848 bcsId: 0,size=1048576]} | ret=SUCCESS |  
2019-09-04 11:46:52,083 | INFO  | DNAudit | user=null | ip=null | op=WRITE_CHUNK {blockData=conID: 2 locID: 102734077102129848 bcsId: 0} | ret=SUCCESS |  
2019-09-04 11:46:52,084 | INFO  | DNAudit | user=null | ip=null | op=PUT_BLOCK {blockData=[blockId=conID: 2 locID: 102734077102129848 bcsId: 0,size=1048576]} | ret=SUCCESS |  
2019-09-04 11:46:52,084 | INFO  | DNAudit | user=null | ip=null | op=WRITE_CHUNK {blockData=conID: 2 locID: 102734077102129848 bcsId: 0} | ret=SUCCESS |  
2019-09-04 11:46:52,084 [grpc-default-executor-4] INFO  client.GrpcClientProtocolClient (GrpcClientProtocolClient.java:onNext(255)) - client-D5CE890D7D9E->efcb8ff8-f060-4d95-9215-d0f5eb4af037: receive RaftClientReply:client-D5CE890D7D9E->efcb8ff8-f060-4d95-9215-d0f5eb4af037@group-0959F8DF43ED, cid=3524, SUCCESS, logIndex=0, commits[efcb8ff8-f060-4d95-9215-d0f5eb4af037:c5335, 6fae8b02-e804-4c0e-b729-a97b7404b7f6:c5331, 4c3e8a66-6975-4917-8225-d3efe707aaff:c5331]
2019-09-04 11:46:52,084 | INFO  | DNAudit | user=null | ip=null | op=PUT_BLOCK {blockData=[blockId=conID: 2 locID: 102734077102129848 bcsId: 0,size=2097152]} | ret=SUCCESS |  
2019-09-04 11:46:52,084 | INFO  | DNAudit | user=null | ip=null | op=WRITE_CHUNK {blockData=conID: 2 locID: 102734077102129848 bcsId: 0} | ret=SUCCESS |  
2019-09-04 11:46:52,085 | INFO  | DNAudit | user=null | ip=null | op=PUT_BLOCK {blockData=[blockId=conID: 2 locID: 102734077102129848 bcsId: 0,size=2097152]} | ret=SUCCESS |  
2019-09-04 11:46:52,092 | INFO  | DNAudit | user=null | ip=null | op=WRITE_CHUNK {blockData=conID: 2 locID: 102734077102129848 bcsId: 5333} | ret=SUCCESS |  
2019-09-04 11:46:52,094 | INFO  | DNAudit | user=null | ip=null | op=WRITE_CHUNK {blockData=conID: 2 locID: 102734077102129848 bcsId: 5333} | ret=SUCCESS |  
2019-09-04 11:46:52,094 | INFO  | DNAudit | user=null | ip=null | op=WRITE_CHUNK {blockData=conID: 2 locID: 102734077102129848 bcsId: 5333} | ret=SUCCESS |  
2019-09-04 11:46:52,103 | INFO  | DNAudit | user=null | ip=null | op=WRITE_CHUNK {blockData=conID: 2 locID: 102734077102129848 bcsId: 5333} | ret=SUCCESS |  
2019-09-04 11:46:52,104 | INFO  | DNAudit | user=null | ip=null | op=PUT_BLOCK {blockData=[blockId=conID: 2 locID: 102734077102129848 bcsId: 0,size=3145728]} | ret=SUCCESS |  
2019-09-04 11:46:52,104 [grpc-default-executor-6] INFO  client.GrpcClientProtocolClient (GrpcClientProtocolClient.java:onNext(255)) - client-D5CE890D7D9E->efcb8ff8-f060-4d95-9215-d0f5eb4af037: receive RaftClientReply:client-D5CE890D7D9E->efcb8ff8-f060-4d95-9215-d0f5eb4af037@group-0959F8DF43ED, cid=3525, SUCCESS, logIndex=5338, commits[efcb8ff8-f060-4d95-9215-d0f5eb4af037:c5339, 6fae8b02-e804-4c0e-b729-a97b7404b7f6:c5337, 4c3e8a66-6975-4917-8225-d3efe707aaff:c5337]
2019-09-04 11:46:52,104 [grpc-default-executor-6] INFO  client.GrpcClientProtocolClient (GrpcClientProtocolClient.java:onNext(255)) - client-D5CE890D7D9E->efcb8ff8-f060-4d95-9215-d0f5eb4af037: receive RaftClientReply:client-D5CE890D7D9E->efcb8ff8-f060-4d95-9215-d0f5eb4af037@group-0959F8DF43ED, cid=3526, SUCCESS, logIndex=5339, commits[efcb8ff8-f060-4d95-9215-d0f5eb4af037:c5339, 6fae8b02-e804-4c0e-b729-a97b7404b7f6:c5337, 4c3e8a66-6975-4917-8225-d3efe707aaff:c5337]
2019-09-04 11:46:52,109 | INFO  | DNAudit | user=null | ip=null | op=WRITE_CHUNK {blockData=conID: 2 locID: 102734077102129848 bcsId: 5333} | ret=SUCCESS |  
2019-09-04 11:46:52,109 | INFO  | DNAudit | user=null | ip=null | op=WRITE_CHUNK {blockData=conID: 2 locID: 102734077102129848 bcsId: 5333} | ret=SUCCESS |  
2019-09-04 11:46:52,110 | INFO  | DNAudit | user=null | ip=null | op=PUT_BLOCK {blockData=[blockId=conID: 2 locID: 102734077102129848 bcsId: 0,size=3145728]} | ret=SUCCESS |  
2019-09-04 11:46:52,110 | INFO  | DNAudit | user=null | ip=null | op=PUT_BLOCK {blockData=[blockId=conID: 2 locID: 102734077102129848 bcsId: 0,size=3145728]} | ret=SUCCESS |  
2019-09-04 11:46:52,112 | INFO  | DNAudit | user=null | ip=null | op=WRITE_CHUNK {blockData=conID: 2 locID: 102734077102129848 bcsId: 5339} | ret=SUCCESS |  
2019-09-04 11:46:52,115 | INFO  | DNAudit | user=null | ip=null | op=WRITE_CHUNK {blockData=conID: 2 locID: 102734077102129848 bcsId: 5339} | ret=SUCCESS |  
2019-09-04 11:46:52,115 | INFO  | DNAudit | user=null | ip=null | op=WRITE_CHUNK {blockData=conID: 2 locID: 102734077102129848 bcsId: 5339} | ret=SUCCESS |  
2019-09-04 11:46:52,125 | INFO  | DNAudit | user=null | ip=null | op=WRITE_CHUNK {blockData=conID: 2 locID: 102734077102129848 bcsId: 5339} | ret=SUCCESS |  
2019-09-04 11:46:52,125 | INFO  | DNAudit | user=null | ip=null | op=PUT_BLOCK {blockData=[blockId=conID: 2 locID: 102734077102129848 bcsId: 0,size=4194304]} | ret=SUCCESS |  
2019-09-04 11:46:52,126 [grpc-default-executor-6] INFO  client.GrpcClientProtocolClient (GrpcClientProtocolClient.java:onNext(255)) - client-D5CE890D7D9E->efcb8ff8-f060-4d95-9215-d0f5eb4af037: receive RaftClientReply:client-D5CE890D7D9E->efcb8ff8-f060-4d95-9215-d0f5eb4af037@group-0959F8DF43ED, cid=3527, SUCCESS, logIndex=5342, commits[efcb8ff8-f060-4d95-9215-d0f5eb4af037:c5343, 6fae8b02-e804-4c0e-b729-a97b7404b7f6:c5341, 4c3e8a66-6975-4917-8225-d3efe707aaff:c5339]
2019-09-04 11:46:52,126 [grpc-default-executor-6] INFO  client.GrpcClientProtocolClient (GrpcClientProtocolClient.java:onNext(255)) - client-D5CE890D7D9E->efcb8ff8-f060-4d95-9215-d0f5eb4af037: receive RaftClientReply:client-D5CE890D7D9E->efcb8ff8-f060-4d95-9215-d0f5eb4af037@group-0959F8DF43ED, cid=3528, SUCCESS, logIndex=5343, commits[efcb8ff8-f060-4d95-9215-d0f5eb4af037:c5343, 6fae8b02-e804-4c0e-b729-a97b7404b7f6:c5341, 4c3e8a66-6975-4917-8225-d3efe707aaff:c5341]
2019-09-04 11:46:52,133 | INFO  | DNAudit | user=null | ip=null | op=WRITE_CHUNK {blockData=conID: 2 locID: 102734077102129848 bcsId: 5339} | ret=SUCCESS |  
2019-09-04 11:46:52,133 | INFO  | DNAudit | user=null | ip=null | op=WRITE_CHUNK {blockData=conID: 2 locID: 102734077102129848 bcsId: 5339} | ret=SUCCESS |  
2019-09-04 11:46:52,134 | INFO  | DNAudit | user=null | ip=null | op=PUT_BLOCK {blockData=[blockId=conID: 2 locID: 102734077102129848 bcsId: 0,size=4194304]} | ret=SUCCESS |  
2019-09-04 11:46:52,134 | INFO  | DNAudit | user=null | ip=null | op=PUT_BLOCK {blockData=[blockId=conID: 2 locID: 102734077102129848 bcsId: 0,size=4194304]} | ret=SUCCESS |  
2019-09-04 11:46:52,135 [grpc-default-executor-1] INFO  client.GrpcClientProtocolClient (GrpcClientProtocolClient.java:onNext(255)) - client-D5CE890D7D9E->efcb8ff8-f060-4d95-9215-d0f5eb4af037: receive RaftClientReply:client-D5CE890D7D9E->efcb8ff8-f060-4d95-9215-d0f5eb4af037@group-0959F8DF43ED, cid=3529, SUCCESS, logIndex=0, commits[efcb8ff8-f060-4d95-9215-d0f5eb4af037:c5345, 6fae8b02-e804-4c0e-b729-a97b7404b7f6:c5343, 4c3e8a66-6975-4917-8225-d3efe707aaff:c5343]
2019-09-04 11:46:52,143 | INFO  | SCMAudit | user=jenkins1000 | ip=192.168.36.67 | op=ALLOCATE_BLOCK {owner=8ab292a2-aaa7-4ad8-863a-d33994811155, size=4194304, type=RATIS, factor=THREE} | ret=SUCCESS |  
2019-09-04 11:46:52,149 | INFO  | OMAudit | user=jenkins1000 | ip=127.0.0.1 | op=ALLOCATE_BLOCK {volume=vol-0-58699, bucket=bucket-0-57464, key=key-0-37266, dataSize=0, replicationType=null, replicationFactor=null, keyLocationInfo=null, clientID=102734073355960722} | ret=SUCCESS |  
2019-09-04 11:46:52,157 | INFO  | DNAudit | user=null | ip=null | op=WRITE_CHUNK {blockData=conID: 3 locID: 102734077109404345 bcsId: 0} | ret=SUCCESS |  
2019-09-04 11:46:52,160 | INFO  | DNAudit | user=null | ip=null | op=WRITE_CHUNK {blockData=conID: 3 locID: 102734077109404345 bcsId: 0} | ret=SUCCESS |  
2019-09-04 11:46:52,160 | INFO  | DNAudit | user=null | ip=null | op=WRITE_CHUNK {blockData=conID: 3 locID: 102734077109404345 bcsId: 0} | ret=SUCCESS |  
2019-09-04 11:46:52,161 | INFO  | DNAudit | user=null | ip=null | op=WRITE_CHUNK {blockData=conID: 3 locID: 102734077109404345 bcsId: 0} | ret=SUCCESS |  
2019-09-04 11:46:52,162 | INFO  | DNAudit | user=null | ip=null | op=WRITE_CHUNK {blockData=conID: 3 locID: 102734077109404345 bcsId: 0} | ret=SUCCESS |  
2019-09-04 11:46:52,163 | INFO  | DNAudit | user=null | ip=null | op=WRITE_CHUNK {blockData=conID: 3 locID: 102734077109404345 bcsId: 0} | ret=SUCCESS |  
2019-09-04 11:46:52,185 | INFO  | DNAudit | user=null | ip=null | op=WRITE_CHUNK {blockData=conID: 3 locID: 102734077109404345 bcsId: 0} | ret=SUCCESS |  
2019-09-04 11:46:52,186 | INFO  | DNAudit | user=null | ip=null | op=PUT_BLOCK {blockData=[blockId=conID: 3 locID: 102734077109404345 bcsId: 0,size=1048576]} | ret=SUCCESS |  
2019-09-04 11:46:52,186 [grpc-default-executor-5] INFO  client.GrpcClientProtocolClient (GrpcClientProtocolClient.java:onNext(255)) - client-D5CE890D7D9E->efcb8ff8-f060-4d95-9215-d0f5eb4af037: receive RaftClientReply:client-D5CE890D7D9E->efcb8ff8-f060-4d95-9215-d0f5eb4af037@group-0959F8DF43ED, cid=3530, SUCCESS, logIndex=5346, commits[efcb8ff8-f060-4d95-9215-d0f5eb4af037:c5347, 6fae8b02-e804-4c0e-b729-a97b7404b7f6:c5345, 4c3e8a66-6975-4917-8225-d3efe707aaff:c5343]
2019-09-04 11:46:52,187 [grpc-default-executor-5] INFO  client.GrpcClientProtocolClient (GrpcClientProtocolClient.java:onNext(255)) - client-D5CE890D7D9E->efcb8ff8-f060-4d95-9215-d0f5eb4af037: receive RaftClientReply:client-D5CE890D7D9E->efcb8ff8-f060-4d95-9215-d0f5eb4af037@group-0959F8DF43ED, cid=3531, SUCCESS, logIndex=5347, commits[efcb8ff8-f060-4d95-9215-d0f5eb4af037:c5347, 6fae8b02-e804-4c0e-b729-a97b7404b7f6:c5345, 4c3e8a66-6975-4917-8225-d3efe707aaff:c5343]
2019-09-04 11:46:52,202 | INFO  | DNAudit | user=null | ip=null | op=WRITE_CHUNK {blockData=conID: 3 locID: 102734077109404345 bcsId: 0} | ret=SUCCESS |  
2019-09-04 11:46:52,203 | INFO  | DNAudit | user=null | ip=null | op=PUT_BLOCK {blockData=[blockId=conID: 3 locID: 102734077109404345 bcsId: 0,size=2097152]} | ret=SUCCESS |  
2019-09-04 11:46:52,203 [grpc-default-executor-1] INFO  client.GrpcClientProtocolClient (GrpcClientProtocolClient.java:onNext(255)) - client-D5CE890D7D9E->efcb8ff8-f060-4d95-9215-d0f5eb4af037: receive RaftClientReply:client-D5CE890D7D9E->efcb8ff8-f060-4d95-9215-d0f5eb4af037@group-0959F8DF43ED, cid=3532, SUCCESS, logIndex=5348, commits[efcb8ff8-f060-4d95-9215-d0f5eb4af037:c5349, 6fae8b02-e804-4c0e-b729-a97b7404b7f6:c5345, 4c3e8a66-6975-4917-8225-d3efe707aaff:c5345]
2019-09-04 11:46:52,203 [grpc-default-executor-1] INFO  client.GrpcClientProtocolClient (GrpcClientProtocolClient.java:onNext(255)) - client-D5CE890D7D9E->efcb8ff8-f060-4d95-9215-d0f5eb4af037: receive RaftClientReply:client-D5CE890D7D9E->efcb8ff8-f060-4d95-9215-d0f5eb4af037@group-0959F8DF43ED, cid=3533, SUCCESS, logIndex=5349, commits[efcb8ff8-f060-4d95-9215-d0f5eb4af037:c5349, 6fae8b02-e804-4c0e-b729-a97b7404b7f6:c5345, 4c3e8a66-6975-4917-8225-d3efe707aaff:c5345]
2019-09-04 11:46:52,208 | INFO  | DNAudit | user=null | ip=null | op=WRITE_CHUNK {blockData=conID: 3 locID: 102734077109404345 bcsId: 0} | ret=SUCCESS |  
2019-09-04 11:46:52,208 | INFO  | DNAudit | user=null | ip=null | op=PUT_BLOCK {blockData=[blockId=conID: 3 locID: 102734077109404345 bcsId: 0,size=1048576]} | ret=SUCCESS |  
2019-09-04 11:46:52,211 | INFO  | DNAudit | user=null | ip=null | op=WRITE_CHUNK {blockData=conID: 3 locID: 102734077109404345 bcsId: 0} | ret=SUCCESS |  
2019-09-04 11:46:52,212 | INFO  | DNAudit | user=null | ip=null | op=PUT_BLOCK {blockData=[blockId=conID: 3 locID: 102734077109404345 bcsId: 0,size=1048576]} | ret=SUCCESS |  
2019-09-04 11:46:52,212 [grpc-default-executor-1] INFO  client.GrpcClientProtocolClient (GrpcClientProtocolClient.java:onNext(255)) - client-D5CE890D7D9E->efcb8ff8-f060-4d95-9215-d0f5eb4af037: receive RaftClientReply:client-D5CE890D7D9E->efcb8ff8-f060-4d95-9215-d0f5eb4af037@group-0959F8DF43ED, cid=3534, SUCCESS, logIndex=0, commits[efcb8ff8-f060-4d95-9215-d0f5eb4af037:c5351, 6fae8b02-e804-4c0e-b729-a97b7404b7f6:c5347, 4c3e8a66-6975-4917-8225-d3efe707aaff:c5347]
2019-09-04 11:46:52,215 | INFO  | DNAudit | user=null | ip=null | op=WRITE_CHUNK {blockData=conID: 3 locID: 102734077109404345 bcsId: 0} | ret=SUCCESS |  
2019-09-04 11:46:52,215 | INFO  | DNAudit | user=null | ip=null | op=PUT_BLOCK {blockData=[blockId=conID: 3 locID: 102734077109404345 bcsId: 0,size=2097152]} | ret=SUCCESS |  
2019-09-04 11:46:52,215 | INFO  | DNAudit | user=null | ip=null | op=WRITE_CHUNK {blockData=conID: 3 locID: 102734077109404345 bcsId: 0} | ret=SUCCESS |  
2019-09-04 11:46:52,215 | INFO  | DNAudit | user=null | ip=null | op=PUT_BLOCK {blockData=[blockId=conID: 3 locID: 102734077109404345 bcsId: 0,size=2097152]} | ret=SUCCESS |  
2019-09-04 11:46:52,219 | INFO  | DNAudit | user=null | ip=null | op=WRITE_CHUNK {blockData=conID: 3 locID: 102734077109404345 bcsId: 5349} | ret=SUCCESS |  
2019-09-04 11:46:52,221 | INFO  | DNAudit | user=null | ip=null | op=WRITE_CHUNK {blockData=conID: 3 locID: 102734077109404345 bcsId: 5349} | ret=SUCCESS |  
2019-09-04 11:46:52,222 | INFO  | DNAudit | user=null | ip=null | op=WRITE_CHUNK {blockData=conID: 3 locID: 102734077109404345 bcsId: 5349} | ret=SUCCESS |  
2019-09-04 11:46:52,226 | INFO  | DNAudit | user=null | ip=null | op=WRITE_CHUNK {blockData=conID: 3 locID: 102734077109404345 bcsId: 5349} | ret=SUCCESS |  
2019-09-04 11:46:52,227 | INFO  | DNAudit | user=null | ip=null | op=PUT_BLOCK {blockData=[blockId=conID: 3 locID: 102734077109404345 bcsId: 0,size=3145728]} | ret=SUCCESS |  
2019-09-04 11:46:52,227 [grpc-default-executor-6] INFO  client.GrpcClientProtocolClient (GrpcClientProtocolClient.java:onNext(255)) - client-D5CE890D7D9E->efcb8ff8-f060-4d95-9215-d0f5eb4af037: receive RaftClientReply:client-D5CE890D7D9E->efcb8ff8-f060-4d95-9215-d0f5eb4af037@group-0959F8DF43ED, cid=3535, SUCCESS, logIndex=5354, commits[efcb8ff8-f060-4d95-9215-d0f5eb4af037:c5355, 6fae8b02-e804-4c0e-b729-a97b7404b7f6:c5353, 4c3e8a66-6975-4917-8225-d3efe707aaff:c5353]
2019-09-04 11:46:52,227 [grpc-default-executor-6] INFO  client.GrpcClientProtocolClient (GrpcClientProtocolClient.java:onNext(255)) - client-D5CE890D7D9E->efcb8ff8-f060-4d95-9215-d0f5eb4af037: receive RaftClientReply:client-D5CE890D7D9E->efcb8ff8-f060-4d95-9215-d0f5eb4af037@group-0959F8DF43ED, cid=3536, SUCCESS, logIndex=5355, commits[efcb8ff8-f060-4d95-9215-d0f5eb4af037:c5355, 6fae8b02-e804-4c0e-b729-a97b7404b7f6:c5353, 4c3e8a66-6975-4917-8225-d3efe707aaff:c5353]
2019-09-04 11:46:52,234 | INFO  | DNAudit | user=null | ip=null | op=WRITE_CHUNK {blockData=conID: 3 locID: 102734077109404345 bcsId: 5355} | ret=SUCCESS |  
2019-09-04 11:46:52,235 | INFO  | DNAudit | user=null | ip=null | op=WRITE_CHUNK {blockData=conID: 3 locID: 102734077109404345 bcsId: 5349} | ret=SUCCESS |  
2019-09-04 11:46:52,235 | INFO  | DNAudit | user=null | ip=null | op=WRITE_CHUNK {blockData=conID: 3 locID: 102734077109404345 bcsId: 5349} | ret=SUCCESS |  
2019-09-04 11:46:52,235 | INFO  | DNAudit | user=null | ip=null | op=PUT_BLOCK {blockData=[blockId=conID: 3 locID: 102734077109404345 bcsId: 0,size=3145728]} | ret=SUCCESS |  
2019-09-04 11:46:52,235 | INFO  | DNAudit | user=null | ip=null | op=PUT_BLOCK {blockData=[blockId=conID: 3 locID: 102734077109404345 bcsId: 0,size=3145728]} | ret=SUCCESS |  
2019-09-04 11:46:52,236 | INFO  | DNAudit | user=null | ip=null | op=WRITE_CHUNK {blockData=conID: 3 locID: 102734077109404345 bcsId: 5355} | ret=SUCCESS |  
2019-09-04 11:46:52,237 | INFO  | DNAudit | user=null | ip=null | op=WRITE_CHUNK {blockData=conID: 3 locID: 102734077109404345 bcsId: 5355} | ret=SUCCESS |  
2019-09-04 11:46:52,244 | INFO  | DNAudit | user=null | ip=null | op=WRITE_CHUNK {blockData=conID: 3 locID: 102734077109404345 bcsId: 5355} | ret=SUCCESS |  
2019-09-04 11:46:52,244 | INFO  | DNAudit | user=null | ip=null | op=PUT_BLOCK {blockData=[blockId=conID: 3 locID: 102734077109404345 bcsId: 0,size=4194304]} | ret=SUCCESS |  
2019-09-04 11:46:52,244 [grpc-default-executor-5] INFO  client.GrpcClientProtocolClient (GrpcClientProtocolClient.java:onNext(255)) - client-D5CE890D7D9E->efcb8ff8-f060-4d95-9215-d0f5eb4af037: receive RaftClientReply:client-D5CE890D7D9E->efcb8ff8-f060-4d95-9215-d0f5eb4af037@group-0959F8DF43ED, cid=3537, SUCCESS, logIndex=5358, commits[efcb8ff8-f060-4d95-9215-d0f5eb4af037:c5359, 6fae8b02-e804-4c0e-b729-a97b7404b7f6:c5355, 4c3e8a66-6975-4917-8225-d3efe707aaff:c5355]
2019-09-04 11:46:52,245 [grpc-default-executor-5] INFO  client.GrpcClientProtocolClient (GrpcClientProtocolClient.java:onNext(255)) - client-D5CE890D7D9E->efcb8ff8-f060-4d95-9215-d0f5eb4af037: receive RaftClientReply:client-D5CE890D7D9E->efcb8ff8-f060-4d95-9215-d0f5eb4af037@group-0959F8DF43ED, cid=3538, SUCCESS, logIndex=5359, commits[efcb8ff8-f060-4d95-9215-d0f5eb4af037:c5359, 6fae8b02-e804-4c0e-b729-a97b7404b7f6:c5355, 4c3e8a66-6975-4917-8225-d3efe707aaff:c5355]
2019-09-04 11:46:52,250 | INFO  | DNAudit | user=null | ip=null | op=WRITE_CHUNK {blockData=conID: 3 locID: 102734077109404345 bcsId: 5355} | ret=SUCCESS |  
2019-09-04 11:46:52,250 | INFO  | DNAudit | user=null | ip=null | op=WRITE_CHUNK {blockData=conID: 3 locID: 102734077109404345 bcsId: 5355} | ret=SUCCESS |  
2019-09-04 11:46:52,251 | INFO  | DNAudit | user=null | ip=null | op=PUT_BLOCK {blockData=[blockId=conID: 3 locID: 102734077109404345 bcsId: 0,size=4194304]} | ret=SUCCESS |  
2019-09-04 11:46:52,251 | INFO  | DNAudit | user=null | ip=null | op=PUT_BLOCK {blockData=[blockId=conID: 3 locID: 102734077109404345 bcsId: 0,size=4194304]} | ret=SUCCESS |  
2019-09-04 11:46:52,251 [grpc-default-executor-5] INFO  client.GrpcClientProtocolClient (GrpcClientProtocolClient.java:onNext(255)) - client-D5CE890D7D9E->efcb8ff8-f060-4d95-9215-d0f5eb4af037: receive RaftClientReply:client-D5CE890D7D9E->efcb8ff8-f060-4d95-9215-d0f5eb4af037@group-0959F8DF43ED, cid=3539, SUCCESS, logIndex=0, commits[efcb8ff8-f060-4d95-9215-d0f5eb4af037:c5361, 6fae8b02-e804-4c0e-b729-a97b7404b7f6:c5359, 4c3e8a66-6975-4917-8225-d3efe707aaff:c5359]
2019-09-04 11:46:52,258 | INFO  | SCMAudit | user=jenkins1000 | ip=192.168.36.67 | op=ALLOCATE_BLOCK {owner=8ab292a2-aaa7-4ad8-863a-d33994811155, size=4194304, type=RATIS, factor=THREE} | ret=SUCCESS |  
2019-09-04 11:46:52,262 | INFO  | OMAudit | user=jenkins1000 | ip=127.0.0.1 | op=ALLOCATE_BLOCK {volume=vol-0-58699, bucket=bucket-0-57464, key=key-0-37266, dataSize=0, replicationType=null, replicationFactor=null, keyLocationInfo=null, clientID=102734073355960722} | ret=SUCCESS |  
2019-09-04 11:46:52,269 | INFO  | DNAudit | user=null | ip=null | op=WRITE_CHUNK {blockData=conID: 1 locID: 102734077116940986 bcsId: 0} | ret=SUCCESS |  
2019-09-04 11:46:52,272 | INFO  | DNAudit | user=null | ip=null | op=WRITE_CHUNK {blockData=conID: 1 locID: 102734077116940986 bcsId: 0} | ret=SUCCESS |  
2019-09-04 11:46:52,272 | INFO  | DNAudit | user=null | ip=null | op=WRITE_CHUNK {blockData=conID: 1 locID: 102734077116940986 bcsId: 0} | ret=SUCCESS |  
2019-09-04 11:46:52,272 | INFO  | DNAudit | user=null | ip=null | op=WRITE_CHUNK {blockData=conID: 1 locID: 102734077116940986 bcsId: 0} | ret=SUCCESS |  
2019-09-04 11:46:52,274 | INFO  | DNAudit | user=null | ip=null | op=WRITE_CHUNK {blockData=conID: 1 locID: 102734077116940986 bcsId: 0} | ret=SUCCESS |  
2019-09-04 11:46:52,274 | INFO  | DNAudit | user=null | ip=null | op=WRITE_CHUNK {blockData=conID: 1 locID: 102734077116940986 bcsId: 0} | ret=SUCCESS |  
2019-09-04 11:46:52,277 | INFO  | DNAudit | user=null | ip=null | op=WRITE_CHUNK {blockData=conID: 1 locID: 102734077116940986 bcsId: 0} | ret=SUCCESS |  
2019-09-04 11:46:52,278 | INFO  | DNAudit | user=null | ip=null | op=PUT_BLOCK {blockData=[blockId=conID: 1 locID: 102734077116940986 bcsId: 0,size=1048576]} | ret=SUCCESS |  
2019-09-04 11:46:52,278 [grpc-default-executor-1] INFO  client.GrpcClientProtocolClient (GrpcClientProtocolClient.java:onNext(255)) - client-D5CE890D7D9E->efcb8ff8-f060-4d95-9215-d0f5eb4af037: receive RaftClientReply:client-D5CE890D7D9E->efcb8ff8-f060-4d95-9215-d0f5eb4af037@group-0959F8DF43ED, cid=3540, SUCCESS, logIndex=5362, commits[efcb8ff8-f060-4d95-9215-d0f5eb4af037:c5363, 6fae8b02-e804-4c0e-b729-a97b7404b7f6:c5361, 4c3e8a66-6975-4917-8225-d3efe707aaff:c5361]
2019-09-04 11:46:52,279 [grpc-default-executor-1] INFO  client.GrpcClientProtocolClient (GrpcClientProtocolClient.java:onNext(255)) - client-D5CE890D7D9E->efcb8ff8-f060-4d95-9215-d0f5eb4af037: receive RaftClientReply:client-D5CE890D7D9E->efcb8ff8-f060-4d95-9215-d0f5eb4af037@group-0959F8DF43ED, cid=3541, SUCCESS, logIndex=5363, commits[efcb8ff8-f060-4d95-9215-d0f5eb4af037:c5363, 6fae8b02-e804-4c0e-b729-a97b7404b7f6:c5361, 4c3e8a66-6975-4917-8225-d3efe707aaff:c5361]
2019-09-04 11:46:52,284 | INFO  | DNAudit | user=null | ip=null | op=WRITE_CHUNK {blockData=conID: 1 locID: 102734077116940986 bcsId: 0} | ret=SUCCESS |  
2019-09-04 11:46:52,284 | INFO  | DNAudit | user=null | ip=null | op=PUT_BLOCK {blockData=[blockId=conID: 1 locID: 102734077116940986 bcsId: 0,size=2097152]} | ret=SUCCESS |  
2019-09-04 11:46:52,284 [grpc-default-executor-1] INFO  client.GrpcClientProtocolClient (GrpcClientProtocolClient.java:onNext(255)) - client-D5CE890D7D9E->efcb8ff8-f060-4d95-9215-d0f5eb4af037: receive RaftClientReply:client-D5CE890D7D9E->efcb8ff8-f060-4d95-9215-d0f5eb4af037@group-0959F8DF43ED, cid=3542, SUCCESS, logIndex=5364, commits[efcb8ff8-f060-4d95-9215-d0f5eb4af037:c5365, 6fae8b02-e804-4c0e-b729-a97b7404b7f6:c5361, 4c3e8a66-6975-4917-8225-d3efe707aaff:c5361]
2019-09-04 11:46:52,285 | INFO  | DNAudit | user=null | ip=null | op=WRITE_CHUNK {blockData=conID: 1 locID: 102734077116940986 bcsId: 0} | ret=SUCCESS |  
2019-09-04 11:46:52,285 | INFO  | DNAudit | user=null | ip=null | op=PUT_BLOCK {blockData=[blockId=conID: 1 locID: 102734077116940986 bcsId: 0,size=1048576]} | ret=SUCCESS |  
2019-09-04 11:46:52,285 [grpc-default-executor-1] INFO  client.GrpcClientProtocolClient (GrpcClientProtocolClient.java:onNext(255)) - client-D5CE890D7D9E->efcb8ff8-f060-4d95-9215-d0f5eb4af037: receive RaftClientReply:client-D5CE890D7D9E->efcb8ff8-f060-4d95-9215-d0f5eb4af037@group-0959F8DF43ED, cid=3543, SUCCESS, logIndex=5365, commits[efcb8ff8-f060-4d95-9215-d0f5eb4af037:c5365, 6fae8b02-e804-4c0e-b729-a97b7404b7f6:c5361, 4c3e8a66-6975-4917-8225-d3efe707aaff:c5361]
2019-09-04 11:46:52,285 | INFO  | DNAudit | user=null | ip=null | op=WRITE_CHUNK {blockData=conID: 1 locID: 102734077116940986 bcsId: 0} | ret=SUCCESS |  
2019-09-04 11:46:52,285 | INFO  | DNAudit | user=null | ip=null | op=PUT_BLOCK {blockData=[blockId=conID: 1 locID: 102734077116940986 bcsId: 0,size=1048576]} | ret=SUCCESS |  
2019-09-04 11:46:52,286 [grpc-default-executor-1] INFO  client.GrpcClientProtocolClient (GrpcClientProtocolClient.java:onNext(255)) - client-D5CE890D7D9E->efcb8ff8-f060-4d95-9215-d0f5eb4af037: receive RaftClientReply:client-D5CE890D7D9E->efcb8ff8-f060-4d95-9215-d0f5eb4af037@group-0959F8DF43ED, cid=3544, SUCCESS, logIndex=0, commits[efcb8ff8-f060-4d95-9215-d0f5eb4af037:c5367, 6fae8b02-e804-4c0e-b729-a97b7404b7f6:c5363, 4c3e8a66-6975-4917-8225-d3efe707aaff:c5363]
2019-09-04 11:46:52,295 | INFO  | DNAudit | user=null | ip=null | op=WRITE_CHUNK {blockData=conID: 1 locID: 102734077116940986 bcsId: 5365} | ret=SUCCESS |  
2019-09-04 11:46:52,295 | INFO  | DNAudit | user=null | ip=null | op=WRITE_CHUNK {blockData=conID: 1 locID: 102734077116940986 bcsId: 5365} | ret=SUCCESS |  
2019-09-04 11:46:52,296 | INFO  | DNAudit | user=null | ip=null | op=WRITE_CHUNK {blockData=conID: 1 locID: 102734077116940986 bcsId: 5365} | ret=SUCCESS |  
2019-09-04 11:46:52,297 | INFO  | DNAudit | user=null | ip=null | op=WRITE_CHUNK {blockData=conID: 1 locID: 102734077116940986 bcsId: 0} | ret=SUCCESS |  
2019-09-04 11:46:52,297 | INFO  | DNAudit | user=null | ip=null | op=PUT_BLOCK {blockData=[blockId=conID: 1 locID: 102734077116940986 bcsId: 0,size=2097152]} | ret=SUCCESS |  
2019-09-04 11:46:52,297 | INFO  | DNAudit | user=null | ip=null | op=WRITE_CHUNK {blockData=conID: 1 locID: 102734077116940986 bcsId: 0} | ret=SUCCESS |  
2019-09-04 11:46:52,297 | INFO  | DNAudit | user=null | ip=null | op=PUT_BLOCK {blockData=[blockId=conID: 1 locID: 102734077116940986 bcsId: 0,size=2097152]} | ret=SUCCESS |  
2019-09-04 11:46:52,298 | INFO  | DNAudit | user=null | ip=null | op=WRITE_CHUNK {blockData=conID: 1 locID: 102734077116940986 bcsId: 5365} | ret=SUCCESS |  
2019-09-04 11:46:52,298 | INFO  | DNAudit | user=null | ip=null | op=PUT_BLOCK {blockData=[blockId=conID: 1 locID: 102734077116940986 bcsId: 0,size=3145728]} | ret=SUCCESS |  
2019-09-04 11:46:52,299 [grpc-default-executor-1] INFO  client.GrpcClientProtocolClient (GrpcClientProtocolClient.java:onNext(255)) - client-D5CE890D7D9E->efcb8ff8-f060-4d95-9215-d0f5eb4af037: receive RaftClientReply:client-D5CE890D7D9E->efcb8ff8-f060-4d95-9215-d0f5eb4af037@group-0959F8DF43ED, cid=3545, SUCCESS, logIndex=5370, commits[efcb8ff8-f060-4d95-9215-d0f5eb4af037:c5371, 6fae8b02-e804-4c0e-b729-a97b7404b7f6:c5367, 4c3e8a66-6975-4917-8225-d3efe707aaff:c5365]
2019-09-04 11:46:52,299 [grpc-default-executor-1] INFO  client.GrpcClientProtocolClient (GrpcClientProtocolClient.java:onNext(255)) - client-D5CE890D7D9E->efcb8ff8-f060-4d95-9215-d0f5eb4af037: receive RaftClientReply:client-D5CE890D7D9E->efcb8ff8-f060-4d95-9215-d0f5eb4af037@group-0959F8DF43ED, cid=3546, SUCCESS, logIndex=5371, commits[efcb8ff8-f060-4d95-9215-d0f5eb4af037:c5371, 6fae8b02-e804-4c0e-b729-a97b7404b7f6:c5367, 4c3e8a66-6975-4917-8225-d3efe707aaff:c5367]
2019-09-04 11:46:52,306 | INFO  | DNAudit | user=null | ip=null | op=WRITE_CHUNK {blockData=conID: 1 locID: 102734077116940986 bcsId: 5371} | ret=SUCCESS |  
2019-09-04 11:46:52,308 | INFO  | DNAudit | user=null | ip=null | op=WRITE_CHUNK {blockData=conID: 1 locID: 102734077116940986 bcsId: 5371} | ret=SUCCESS |  
2019-09-04 11:46:52,309 | INFO  | DNAudit | user=null | ip=null | op=WRITE_CHUNK {blockData=conID: 1 locID: 102734077116940986 bcsId: 5371} | ret=SUCCESS |  
2019-09-04 11:46:52,310 | INFO  | DNAudit | user=null | ip=null | op=WRITE_CHUNK {blockData=conID: 1 locID: 102734077116940986 bcsId: 5365} | ret=SUCCESS |  
2019-09-04 11:46:52,310 | INFO  | DNAudit | user=null | ip=null | op=WRITE_CHUNK {blockData=conID: 1 locID: 102734077116940986 bcsId: 5365} | ret=SUCCESS |  
2019-09-04 11:46:52,310 | INFO  | DNAudit | user=null | ip=null | op=PUT_BLOCK {blockData=[blockId=conID: 1 locID: 102734077116940986 bcsId: 0,size=3145728]} | ret=SUCCESS |  
2019-09-04 11:46:52,310 | INFO  | DNAudit | user=null | ip=null | op=PUT_BLOCK {blockData=[blockId=conID: 1 locID: 102734077116940986 bcsId: 0,size=3145728]} | ret=SUCCESS |  
2019-09-04 11:46:52,311 | INFO  | DNAudit | user=null | ip=null | op=WRITE_CHUNK {blockData=conID: 1 locID: 102734077116940986 bcsId: 5371} | ret=SUCCESS |  
2019-09-04 11:46:52,312 | INFO  | DNAudit | user=null | ip=null | op=PUT_BLOCK {blockData=[blockId=conID: 1 locID: 102734077116940986 bcsId: 0,size=4194304]} | ret=SUCCESS |  
2019-09-04 11:46:52,312 [grpc-default-executor-6] INFO  client.GrpcClientProtocolClient (GrpcClientProtocolClient.java:onNext(255)) - client-D5CE890D7D9E->efcb8ff8-f060-4d95-9215-d0f5eb4af037: receive RaftClientReply:client-D5CE890D7D9E->efcb8ff8-f060-4d95-9215-d0f5eb4af037@group-0959F8DF43ED, cid=3547, SUCCESS, logIndex=5373, commits[efcb8ff8-f060-4d95-9215-d0f5eb4af037:c5374, 6fae8b02-e804-4c0e-b729-a97b7404b7f6:c5371, 4c3e8a66-6975-4917-8225-d3efe707aaff:c5371]
2019-09-04 11:46:52,312 [grpc-default-executor-6] INFO  client.GrpcClientProtocolClient (GrpcClientProtocolClient.java:onNext(255)) - client-D5CE890D7D9E->efcb8ff8-f060-4d95-9215-d0f5eb4af037: receive RaftClientReply:client-D5CE890D7D9E->efcb8ff8-f060-4d95-9215-d0f5eb4af037@group-0959F8DF43ED, cid=3548, SUCCESS, logIndex=5374, commits[efcb8ff8-f060-4d95-9215-d0f5eb4af037:c5374, 6fae8b02-e804-4c0e-b729-a97b7404b7f6:c5371, 4c3e8a66-6975-4917-8225-d3efe707aaff:c5371]
2019-09-04 11:46:52,319 | INFO  | DNAudit | user=null | ip=null | op=WRITE_CHUNK {blockData=conID: 1 locID: 102734077116940986 bcsId: 5371} | ret=SUCCESS |  
2019-09-04 11:46:52,319 | INFO  | DNAudit | user=null | ip=null | op=WRITE_CHUNK {blockData=conID: 1 locID: 102734077116940986 bcsId: 5371} | ret=SUCCESS |  
2019-09-04 11:46:52,320 | INFO  | DNAudit | user=null | ip=null | op=PUT_BLOCK {blockData=[blockId=conID: 1 locID: 102734077116940986 bcsId: 0,size=4194304]} | ret=SUCCESS |  
2019-09-04 11:46:52,320 | INFO  | DNAudit | user=null | ip=null | op=PUT_BLOCK {blockData=[blockId=conID: 1 locID: 102734077116940986 bcsId: 0,size=4194304]} | ret=SUCCESS |  
2019-09-04 11:46:52,321 [grpc-default-executor-6] INFO  client.GrpcClientProtocolClient (GrpcClientProtocolClient.java:onNext(255)) - client-D5CE890D7D9E->efcb8ff8-f060-4d95-9215-d0f5eb4af037: receive RaftClientReply:client-D5CE890D7D9E->efcb8ff8-f060-4d95-9215-d0f5eb4af037@group-0959F8DF43ED, cid=3549, SUCCESS, logIndex=0, commits[efcb8ff8-f060-4d95-9215-d0f5eb4af037:c5376, 6fae8b02-e804-4c0e-b729-a97b7404b7f6:c5374, 4c3e8a66-6975-4917-8225-d3efe707aaff:c5374]
2019-09-04 11:46:52,331 | INFO  | SCMAudit | user=jenkins1000 | ip=192.168.36.67 | op=ALLOCATE_BLOCK {owner=8ab292a2-aaa7-4ad8-863a-d33994811155, size=4194304, type=RATIS, factor=THREE} | ret=SUCCESS |  
2019-09-04 11:46:52,337 | INFO  | OMAudit | user=jenkins1000 | ip=127.0.0.1 | op=ALLOCATE_BLOCK {volume=vol-0-58699, bucket=bucket-0-57464, key=key-0-37266, dataSize=0, replicationType=null, replicationFactor=null, keyLocationInfo=null, clientID=102734073355960722} | ret=SUCCESS |  
2019-09-04 11:46:52,343 | INFO  | DNAudit | user=null | ip=null | op=WRITE_CHUNK {blockData=conID: 2 locID: 102734077121725115 bcsId: 0} | ret=SUCCESS |  
2019-09-04 11:46:52,346 | INFO  | DNAudit | user=null | ip=null | op=WRITE_CHUNK {blockData=conID: 2 locID: 102734077121725115 bcsId: 0} | ret=SUCCESS |  
2019-09-04 11:46:52,347 | INFO  | DNAudit | user=null | ip=null | op=WRITE_CHUNK {blockData=conID: 2 locID: 102734077121725115 bcsId: 0} | ret=SUCCESS |  
2019-09-04 11:46:52,347 | INFO  | DNAudit | user=null | ip=null | op=WRITE_CHUNK {blockData=conID: 2 locID: 102734077121725115 bcsId: 0} | ret=SUCCESS |  
2019-09-04 11:46:52,349 | INFO  | DNAudit | user=null | ip=null | op=WRITE_CHUNK {blockData=conID: 2 locID: 102734077121725115 bcsId: 0} | ret=SUCCESS |  
2019-09-04 11:46:52,349 | INFO  | DNAudit | user=null | ip=null | op=WRITE_CHUNK {blockData=conID: 2 locID: 102734077121725115 bcsId: 0} | ret=SUCCESS |  
2019-09-04 11:46:52,373 | INFO  | DNAudit | user=null | ip=null | op=WRITE_CHUNK {blockData=conID: 2 locID: 102734077121725115 bcsId: 0} | ret=SUCCESS |  
2019-09-04 11:46:52,374 | INFO  | DNAudit | user=null | ip=null | op=PUT_BLOCK {blockData=[blockId=conID: 2 locID: 102734077121725115 bcsId: 0,size=1048576]} | ret=SUCCESS |  
2019-09-04 11:46:52,374 | INFO  | DNAudit | user=null | ip=null | op=WRITE_CHUNK {blockData=conID: 2 locID: 102734077121725115 bcsId: 0} | ret=SUCCESS |  
2019-09-04 11:46:52,374 [grpc-default-executor-4] INFO  client.GrpcClientProtocolClient (GrpcClientProtocolClient.java:onNext(255)) - client-D5CE890D7D9E->efcb8ff8-f060-4d95-9215-d0f5eb4af037: receive RaftClientReply:client-D5CE890D7D9E->efcb8ff8-f060-4d95-9215-d0f5eb4af037@group-0959F8DF43ED, cid=3550, SUCCESS, logIndex=5377, commits[efcb8ff8-f060-4d95-9215-d0f5eb4af037:c5378, 6fae8b02-e804-4c0e-b729-a97b7404b7f6:c5376, 4c3e8a66-6975-4917-8225-d3efe707aaff:c5376]
2019-09-04 11:46:52,375 | INFO  | DNAudit | user=null | ip=null | op=PUT_BLOCK {blockData=[blockId=conID: 2 locID: 102734077121725115 bcsId: 0,size=2097152]} | ret=SUCCESS |  
2019-09-04 11:46:52,375 [grpc-default-executor-4] INFO  client.GrpcClientProtocolClient (GrpcClientProtocolClient.java:onNext(255)) - client-D5CE890D7D9E->efcb8ff8-f060-4d95-9215-d0f5eb4af037: receive RaftClientReply:client-D5CE890D7D9E->efcb8ff8-f060-4d95-9215-d0f5eb4af037@group-0959F8DF43ED, cid=3551, SUCCESS, logIndex=5378, commits[efcb8ff8-f060-4d95-9215-d0f5eb4af037:c5379, 6fae8b02-e804-4c0e-b729-a97b7404b7f6:c5376, 4c3e8a66-6975-4917-8225-d3efe707aaff:c5376]
2019-09-04 11:46:52,375 [grpc-default-executor-4] INFO  client.GrpcClientProtocolClient (GrpcClientProtocolClient.java:onNext(255)) - client-D5CE890D7D9E->efcb8ff8-f060-4d95-9215-d0f5eb4af037: receive RaftClientReply:client-D5CE890D7D9E->efcb8ff8-f060-4d95-9215-d0f5eb4af037@group-0959F8DF43ED, cid=3552, SUCCESS, logIndex=5379, commits[efcb8ff8-f060-4d95-9215-d0f5eb4af037:c5380, 6fae8b02-e804-4c0e-b729-a97b7404b7f6:c5376, 4c3e8a66-6975-4917-8225-d3efe707aaff:c5376]
2019-09-04 11:46:52,375 [grpc-default-executor-4] INFO  client.GrpcClientProtocolClient (GrpcClientProtocolClient.java:onNext(255)) - client-D5CE890D7D9E->efcb8ff8-f060-4d95-9215-d0f5eb4af037: receive RaftClientReply:client-D5CE890D7D9E->efcb8ff8-f060-4d95-9215-d0f5eb4af037@group-0959F8DF43ED, cid=3553, SUCCESS, logIndex=5380, commits[efcb8ff8-f060-4d95-9215-d0f5eb4af037:c5380, 6fae8b02-e804-4c0e-b729-a97b7404b7f6:c5376, 4c3e8a66-6975-4917-8225-d3efe707aaff:c5376]
2019-09-04 11:46:52,384 | INFO  | DNAudit | user=null | ip=null | op=WRITE_CHUNK {blockData=conID: 2 locID: 102734077121725115 bcsId: 0} | ret=SUCCESS |  
2019-09-04 11:46:52,384 | INFO  | DNAudit | user=null | ip=null | op=PUT_BLOCK {blockData=[blockId=conID: 2 locID: 102734077121725115 bcsId: 0,size=1048576]} | ret=SUCCESS |  
2019-09-04 11:46:52,385 | INFO  | DNAudit | user=null | ip=null | op=WRITE_CHUNK {blockData=conID: 2 locID: 102734077121725115 bcsId: 0} | ret=SUCCESS |  
2019-09-04 11:46:52,385 | INFO  | DNAudit | user=null | ip=null | op=PUT_BLOCK {blockData=[blockId=conID: 2 locID: 102734077121725115 bcsId: 0,size=1048576]} | ret=SUCCESS |  
2019-09-04 11:46:52,385 | INFO  | DNAudit | user=null | ip=null | op=WRITE_CHUNK {blockData=conID: 2 locID: 102734077121725115 bcsId: 0} | ret=SUCCESS |  
2019-09-04 11:46:52,385 | INFO  | DNAudit | user=null | ip=null | op=PUT_BLOCK {blockData=[blockId=conID: 2 locID: 102734077121725115 bcsId: 0,size=2097152]} | ret=SUCCESS |  
2019-09-04 11:46:52,385 [grpc-default-executor-4] INFO  client.GrpcClientProtocolClient (GrpcClientProtocolClient.java:onNext(255)) - client-D5CE890D7D9E->efcb8ff8-f060-4d95-9215-d0f5eb4af037: receive RaftClientReply:client-D5CE890D7D9E->efcb8ff8-f060-4d95-9215-d0f5eb4af037@group-0959F8DF43ED, cid=3554, SUCCESS, logIndex=0, commits[efcb8ff8-f060-4d95-9215-d0f5eb4af037:c5381, 6fae8b02-e804-4c0e-b729-a97b7404b7f6:c5378, 4c3e8a66-6975-4917-8225-d3efe707aaff:c5378]
2019-09-04 11:46:52,386 | INFO  | DNAudit | user=null | ip=null | op=WRITE_CHUNK {blockData=conID: 2 locID: 102734077121725115 bcsId: 0} | ret=SUCCESS |  
2019-09-04 11:46:52,386 | INFO  | DNAudit | user=null | ip=null | op=PUT_BLOCK {blockData=[blockId=conID: 2 locID: 102734077121725115 bcsId: 0,size=2097152]} | ret=SUCCESS |  
2019-09-04 11:46:52,392 | INFO  | DNAudit | user=null | ip=null | op=WRITE_CHUNK {blockData=conID: 2 locID: 102734077121725115 bcsId: 5380} | ret=SUCCESS |  
2019-09-04 11:46:52,394 | INFO  | DNAudit | user=null | ip=null | op=WRITE_CHUNK {blockData=conID: 2 locID: 102734077121725115 bcsId: 5380} | ret=SUCCESS |  
2019-09-04 11:46:52,395 | INFO  | DNAudit | user=null | ip=null | op=WRITE_CHUNK {blockData=conID: 2 locID: 102734077121725115 bcsId: 5380} | ret=SUCCESS |  
2019-09-04 11:46:52,405 | INFO  | DNAudit | user=null | ip=null | op=WRITE_CHUNK {blockData=conID: 2 locID: 102734077121725115 bcsId: 5380} | ret=SUCCESS |  
2019-09-04 11:46:52,406 | INFO  | DNAudit | user=null | ip=null | op=PUT_BLOCK {blockData=[blockId=conID: 2 locID: 102734077121725115 bcsId: 0,size=3145728]} | ret=SUCCESS |  
2019-09-04 11:46:52,406 [grpc-default-executor-4] INFO  client.GrpcClientProtocolClient (GrpcClientProtocolClient.java:onNext(255)) - client-D5CE890D7D9E->efcb8ff8-f060-4d95-9215-d0f5eb4af037: receive RaftClientReply:client-D5CE890D7D9E->efcb8ff8-f060-4d95-9215-d0f5eb4af037@group-0959F8DF43ED, cid=3555, SUCCESS, logIndex=5385, commits[efcb8ff8-f060-4d95-9215-d0f5eb4af037:c5386, 6fae8b02-e804-4c0e-b729-a97b7404b7f6:c5384, 4c3e8a66-6975-4917-8225-d3efe707aaff:c5384]
2019-09-04 11:46:52,406 [grpc-default-executor-4] INFO  client.GrpcClientProtocolClient (GrpcClientProtocolClient.java:onNext(255)) - client-D5CE890D7D9E->efcb8ff8-f060-4d95-9215-d0f5eb4af037: receive RaftClientReply:client-D5CE890D7D9E->efcb8ff8-f060-4d95-9215-d0f5eb4af037@group-0959F8DF43ED, cid=3556, SUCCESS, logIndex=5386, commits[efcb8ff8-f060-4d95-9215-d0f5eb4af037:c5386, 6fae8b02-e804-4c0e-b729-a97b7404b7f6:c5384, 4c3e8a66-6975-4917-8225-d3efe707aaff:c5384]
2019-09-04 11:46:52,413 | INFO  | DNAudit | user=null | ip=null | op=WRITE_CHUNK {blockData=conID: 2 locID: 102734077121725115 bcsId: 5386} | ret=SUCCESS |  
2019-09-04 11:46:52,414 | INFO  | DNAudit | user=null | ip=null | op=WRITE_CHUNK {blockData=conID: 2 locID: 102734077121725115 bcsId: 5380} | ret=SUCCESS |  
2019-09-04 11:46:52,414 | INFO  | DNAudit | user=null | ip=null | op=WRITE_CHUNK {blockData=conID: 2 locID: 102734077121725115 bcsId: 5380} | ret=SUCCESS |  
2019-09-04 11:46:52,414 | INFO  | DNAudit | user=null | ip=null | op=PUT_BLOCK {blockData=[blockId=conID: 2 locID: 102734077121725115 bcsId: 0,size=3145728]} | ret=SUCCESS |  
2019-09-04 11:46:52,414 | INFO  | DNAudit | user=null | ip=null | op=PUT_BLOCK {blockData=[blockId=conID: 2 locID: 102734077121725115 bcsId: 0,size=3145728]} | ret=SUCCESS |  
2019-09-04 11:46:52,414 | INFO  | DNAudit | user=null | ip=null | op=WRITE_CHUNK {blockData=conID: 2 locID: 102734077121725115 bcsId: 5386} | ret=SUCCESS |  
2019-09-04 11:46:52,415 | INFO  | DNAudit | user=null | ip=null | op=WRITE_CHUNK {blockData=conID: 2 locID: 102734077121725115 bcsId: 5386} | ret=SUCCESS |  
2019-09-04 11:46:52,432 | INFO  | DNAudit | user=null | ip=null | op=WRITE_CHUNK {blockData=conID: 2 locID: 102734077121725115 bcsId: 5386} | ret=SUCCESS |  
2019-09-04 11:46:52,432 | INFO  | DNAudit | user=null | ip=null | op=PUT_BLOCK {blockData=[blockId=conID: 2 locID: 102734077121725115 bcsId: 0,size=4194304]} | ret=SUCCESS |  
2019-09-04 11:46:52,432 [grpc-default-executor-6] INFO  client.GrpcClientProtocolClient (GrpcClientProtocolClient.java:onNext(255)) - client-D5CE890D7D9E->efcb8ff8-f060-4d95-9215-d0f5eb4af037: receive RaftClientReply:client-D5CE890D7D9E->efcb8ff8-f060-4d95-9215-d0f5eb4af037@group-0959F8DF43ED, cid=3557, SUCCESS, logIndex=5389, commits[efcb8ff8-f060-4d95-9215-d0f5eb4af037:c5390, 6fae8b02-e804-4c0e-b729-a97b7404b7f6:c5386, 4c3e8a66-6975-4917-8225-d3efe707aaff:c5386]
2019-09-04 11:46:52,433 [grpc-default-executor-6] INFO  client.GrpcClientProtocolClient (GrpcClientProtocolClient.java:onNext(255)) - client-D5CE890D7D9E->efcb8ff8-f060-4d95-9215-d0f5eb4af037: receive RaftClientReply:client-D5CE890D7D9E->efcb8ff8-f060-4d95-9215-d0f5eb4af037@group-0959F8DF43ED, cid=3558, SUCCESS, logIndex=5390, commits[efcb8ff8-f060-4d95-9215-d0f5eb4af037:c5390, 6fae8b02-e804-4c0e-b729-a97b7404b7f6:c5386, 4c3e8a66-6975-4917-8225-d3efe707aaff:c5386]
2019-09-04 11:46:52,439 | INFO  | DNAudit | user=null | ip=null | op=WRITE_CHUNK {blockData=conID: 2 locID: 102734077121725115 bcsId: 5386} | ret=SUCCESS |  
2019-09-04 11:46:52,439 | INFO  | DNAudit | user=null | ip=null | op=WRITE_CHUNK {blockData=conID: 2 locID: 102734077121725115 bcsId: 5386} | ret=SUCCESS |  
2019-09-04 11:46:52,441 | INFO  | DNAudit | user=null | ip=null | op=PUT_BLOCK {blockData=[blockId=conID: 2 locID: 102734077121725115 bcsId: 0,size=4194304]} | ret=SUCCESS |  
2019-09-04 11:46:52,441 | INFO  | DNAudit | user=null | ip=null | op=PUT_BLOCK {blockData=[blockId=conID: 2 locID: 102734077121725115 bcsId: 0,size=4194304]} | ret=SUCCESS |  
2019-09-04 11:46:52,442 [grpc-default-executor-6] INFO  client.GrpcClientProtocolClient (GrpcClientProtocolClient.java:onNext(255)) - client-D5CE890D7D9E->efcb8ff8-f060-4d95-9215-d0f5eb4af037: receive RaftClientReply:client-D5CE890D7D9E->efcb8ff8-f060-4d95-9215-d0f5eb4af037@group-0959F8DF43ED, cid=3559, SUCCESS, logIndex=0, commits[efcb8ff8-f060-4d95-9215-d0f5eb4af037:c5392, 6fae8b02-e804-4c0e-b729-a97b7404b7f6:c5390, 4c3e8a66-6975-4917-8225-d3efe707aaff:c5390]
2019-09-04 11:46:52,448 | INFO  | SCMAudit | user=jenkins1000 | ip=192.168.36.67 | op=ALLOCATE_BLOCK {owner=8ab292a2-aaa7-4ad8-863a-d33994811155, size=4194304, type=RATIS, factor=THREE} | ret=SUCCESS |  
2019-09-04 11:46:52,453 | INFO  | OMAudit | user=jenkins1000 | ip=127.0.0.1 | op=ALLOCATE_BLOCK {volume=vol-0-58699, bucket=bucket-0-57464, key=key-0-37266, dataSize=0, replicationType=null, replicationFactor=null, keyLocationInfo=null, clientID=102734073355960722} | ret=SUCCESS |  
2019-09-04 11:46:52,460 | INFO  | DNAudit | user=null | ip=null | op=WRITE_CHUNK {blockData=conID: 3 locID: 102734077129392828 bcsId: 0} | ret=SUCCESS |  
2019-09-04 11:46:52,463 | INFO  | DNAudit | user=null | ip=null | op=WRITE_CHUNK {blockData=conID: 3 locID: 102734077129392828 bcsId: 0} | ret=SUCCESS |  
2019-09-04 11:46:52,464 | INFO  | DNAudit | user=null | ip=null | op=WRITE_CHUNK {blockData=conID: 3 locID: 102734077129392828 bcsId: 0} | ret=SUCCESS |  
2019-09-04 11:46:52,464 | INFO  | DNAudit | user=null | ip=null | op=WRITE_CHUNK {blockData=conID: 3 locID: 102734077129392828 bcsId: 0} | ret=SUCCESS |  
2019-09-04 11:46:52,466 | INFO  | DNAudit | user=null | ip=null | op=WRITE_CHUNK {blockData=conID: 3 locID: 102734077129392828 bcsId: 0} | ret=SUCCESS |  
2019-09-04 11:46:52,467 | INFO  | DNAudit | user=null | ip=null | op=WRITE_CHUNK {blockData=conID: 3 locID: 102734077129392828 bcsId: 0} | ret=SUCCESS |  
2019-09-04 11:46:52,474 | INFO  | DNAudit | user=null | ip=null | op=WRITE_CHUNK {blockData=conID: 3 locID: 102734077129392828 bcsId: 0} | ret=SUCCESS |  
2019-09-04 11:46:52,474 | INFO  | DNAudit | user=null | ip=null | op=PUT_BLOCK {blockData=[blockId=conID: 3 locID: 102734077129392828 bcsId: 0,size=1048576]} | ret=SUCCESS |  
2019-09-04 11:46:52,474 | INFO  | DNAudit | user=null | ip=null | op=WRITE_CHUNK {blockData=conID: 3 locID: 102734077129392828 bcsId: 0} | ret=SUCCESS |  
2019-09-04 11:46:52,474 [grpc-default-executor-4] INFO  client.GrpcClientProtocolClient (GrpcClientProtocolClient.java:onNext(255)) - client-D5CE890D7D9E->efcb8ff8-f060-4d95-9215-d0f5eb4af037: receive RaftClientReply:client-D5CE890D7D9E->efcb8ff8-f060-4d95-9215-d0f5eb4af037@group-0959F8DF43ED, cid=3560, SUCCESS, logIndex=5393, commits[efcb8ff8-f060-4d95-9215-d0f5eb4af037:c5394, 6fae8b02-e804-4c0e-b729-a97b7404b7f6:c5392, 4c3e8a66-6975-4917-8225-d3efe707aaff:c5392]
2019-09-04 11:46:52,475 | INFO  | DNAudit | user=null | ip=null | op=PUT_BLOCK {blockData=[blockId=conID: 3 locID: 102734077129392828 bcsId: 0,size=2097152]} | ret=SUCCESS |  
2019-09-04 11:46:52,475 [grpc-default-executor-4] INFO  client.GrpcClientProtocolClient (GrpcClientProtocolClient.java:onNext(255)) - client-D5CE890D7D9E->efcb8ff8-f060-4d95-9215-d0f5eb4af037: receive RaftClientReply:client-D5CE890D7D9E->efcb8ff8-f060-4d95-9215-d0f5eb4af037@group-0959F8DF43ED, cid=3561, SUCCESS, logIndex=5394, commits[efcb8ff8-f060-4d95-9215-d0f5eb4af037:c5396, 6fae8b02-e804-4c0e-b729-a97b7404b7f6:c5392, 4c3e8a66-6975-4917-8225-d3efe707aaff:c5392]
2019-09-04 11:46:52,475 [grpc-default-executor-4] INFO  client.GrpcClientProtocolClient (GrpcClientProtocolClient.java:onNext(255)) - client-D5CE890D7D9E->efcb8ff8-f060-4d95-9215-d0f5eb4af037: receive RaftClientReply:client-D5CE890D7D9E->efcb8ff8-f060-4d95-9215-d0f5eb4af037@group-0959F8DF43ED, cid=3562, SUCCESS, logIndex=5395, commits[efcb8ff8-f060-4d95-9215-d0f5eb4af037:c5396, 6fae8b02-e804-4c0e-b729-a97b7404b7f6:c5392, 4c3e8a66-6975-4917-8225-d3efe707aaff:c5392]
2019-09-04 11:46:52,476 [grpc-default-executor-4] INFO  client.GrpcClientProtocolClient (GrpcClientProtocolClient.java:onNext(255)) - client-D5CE890D7D9E->efcb8ff8-f060-4d95-9215-d0f5eb4af037: receive RaftClientReply:client-D5CE890D7D9E->efcb8ff8-f060-4d95-9215-d0f5eb4af037@group-0959F8DF43ED, cid=3563, SUCCESS, logIndex=5396, commits[efcb8ff8-f060-4d95-9215-d0f5eb4af037:c5396, 6fae8b02-e804-4c0e-b729-a97b7404b7f6:c5392, 4c3e8a66-6975-4917-8225-d3efe707aaff:c5392]
2019-09-04 11:46:52,500 | INFO  | DNAudit | user=null | ip=null | op=WRITE_CHUNK {blockData=conID: 3 locID: 102734077129392828 bcsId: 0} | ret=SUCCESS |  
2019-09-04 11:46:52,500 | INFO  | DNAudit | user=null | ip=null | op=PUT_BLOCK {blockData=[blockId=conID: 3 locID: 102734077129392828 bcsId: 0,size=1048576]} | ret=SUCCESS |  
2019-09-04 11:46:52,501 | INFO  | DNAudit | user=null | ip=null | op=WRITE_CHUNK {blockData=conID: 3 locID: 102734077129392828 bcsId: 0} | ret=SUCCESS |  
2019-09-04 11:46:52,501 | INFO  | DNAudit | user=null | ip=null | op=PUT_BLOCK {blockData=[blockId=conID: 3 locID: 102734077129392828 bcsId: 0,size=2097152]} | ret=SUCCESS |  
2019-09-04 11:46:52,501 | INFO  | DNAudit | user=null | ip=null | op=WRITE_CHUNK {blockData=conID: 3 locID: 102734077129392828 bcsId: 0} | ret=SUCCESS |  
2019-09-04 11:46:52,502 | INFO  | DNAudit | user=null | ip=null | op=PUT_BLOCK {blockData=[blockId=conID: 3 locID: 102734077129392828 bcsId: 0,size=1048576]} | ret=SUCCESS |  
2019-09-04 11:46:52,502 | INFO  | DNAudit | user=null | ip=null | op=WRITE_CHUNK {blockData=conID: 3 locID: 102734077129392828 bcsId: 0} | ret=SUCCESS |  
2019-09-04 11:46:52,502 [grpc-default-executor-4] INFO  client.GrpcClientProtocolClient (GrpcClientProtocolClient.java:onNext(255)) - client-D5CE890D7D9E->efcb8ff8-f060-4d95-9215-d0f5eb4af037: receive RaftClientReply:client-D5CE890D7D9E->efcb8ff8-f060-4d95-9215-d0f5eb4af037@group-0959F8DF43ED, cid=3564, SUCCESS, logIndex=0, commits[efcb8ff8-f060-4d95-9215-d0f5eb4af037:c5400, 6fae8b02-e804-4c0e-b729-a97b7404b7f6:c5396, 4c3e8a66-6975-4917-8225-d3efe707aaff:c5394]
2019-09-04 11:46:52,502 | INFO  | DNAudit | user=null | ip=null | op=PUT_BLOCK {blockData=[blockId=conID: 3 locID: 102734077129392828 bcsId: 0,size=2097152]} | ret=SUCCESS |  
2019-09-04 11:46:52,510 | INFO  | DNAudit | user=null | ip=null | op=WRITE_CHUNK {blockData=conID: 3 locID: 102734077129392828 bcsId: 5396} | ret=SUCCESS |  
2019-09-04 11:46:52,513 | INFO  | DNAudit | user=null | ip=null | op=WRITE_CHUNK {blockData=conID: 3 locID: 102734077129392828 bcsId: 5396} | ret=SUCCESS |  
2019-09-04 11:46:52,513 | INFO  | DNAudit | user=null | ip=null | op=WRITE_CHUNK {blockData=conID: 3 locID: 102734077129392828 bcsId: 5396} | ret=SUCCESS |  
2019-09-04 11:46:52,521 | INFO  | DNAudit | user=null | ip=null | op=WRITE_CHUNK {blockData=conID: 3 locID: 102734077129392828 bcsId: 5396} | ret=SUCCESS |  
2019-09-04 11:46:52,522 | INFO  | DNAudit | user=null | ip=null | op=PUT_BLOCK {blockData=[blockId=conID: 3 locID: 102734077129392828 bcsId: 0,size=3145728]} | ret=SUCCESS |  
2019-09-04 11:46:52,522 [grpc-default-executor-5] INFO  client.GrpcClientProtocolClient (GrpcClientProtocolClient.java:onNext(255)) - client-D5CE890D7D9E->efcb8ff8-f060-4d95-9215-d0f5eb4af037: receive RaftClientReply:client-D5CE890D7D9E->efcb8ff8-f060-4d95-9215-d0f5eb4af037@group-0959F8DF43ED, cid=3565, SUCCESS, logIndex=5401, commits[efcb8ff8-f060-4d95-9215-d0f5eb4af037:c5401, 6fae8b02-e804-4c0e-b729-a97b7404b7f6:c5400, 4c3e8a66-6975-4917-8225-d3efe707aaff:c5400]
2019-09-04 11:46:52,522 [grpc-default-executor-5] INFO  client.GrpcClientProtocolClient (GrpcClientProtocolClient.java:onNext(255)) - client-D5CE890D7D9E->efcb8ff8-f060-4d95-9215-d0f5eb4af037: receive RaftClientReply:client-D5CE890D7D9E->efcb8ff8-f060-4d95-9215-d0f5eb4af037@group-0959F8DF43ED, cid=3566, SUCCESS, logIndex=5402, commits[efcb8ff8-f060-4d95-9215-d0f5eb4af037:c5402, 6fae8b02-e804-4c0e-b729-a97b7404b7f6:c5400, 4c3e8a66-6975-4917-8225-d3efe707aaff:c5400]
2019-09-04 11:46:52,530 | INFO  | DNAudit | user=null | ip=null | op=WRITE_CHUNK {blockData=conID: 3 locID: 102734077129392828 bcsId: 5402} | ret=SUCCESS |  
2019-09-04 11:46:52,533 | INFO  | DNAudit | user=null | ip=null | op=WRITE_CHUNK {blockData=conID: 3 locID: 102734077129392828 bcsId: 5402} | ret=SUCCESS |  
2019-09-04 11:46:52,533 | INFO  | DNAudit | user=null | ip=null | op=WRITE_CHUNK {blockData=conID: 3 locID: 102734077129392828 bcsId: 5402} | ret=SUCCESS |  
2019-09-04 11:46:52,534 | INFO  | DNAudit | user=null | ip=null | op=WRITE_CHUNK {blockData=conID: 3 locID: 102734077129392828 bcsId: 5396} | ret=SUCCESS |  
2019-09-04 11:46:52,534 | INFO  | DNAudit | user=null | ip=null | op=WRITE_CHUNK {blockData=conID: 3 locID: 102734077129392828 bcsId: 5396} | ret=SUCCESS |  
2019-09-04 11:46:52,535 | INFO  | DNAudit | user=null | ip=null | op=PUT_BLOCK {blockData=[blockId=conID: 3 locID: 102734077129392828 bcsId: 0,size=3145728]} | ret=SUCCESS |  
2019-09-04 11:46:52,535 | INFO  | DNAudit | user=null | ip=null | op=PUT_BLOCK {blockData=[blockId=conID: 3 locID: 102734077129392828 bcsId: 0,size=3145728]} | ret=SUCCESS |  
2019-09-04 11:46:52,535 | INFO  | DNAudit | user=null | ip=null | op=WRITE_CHUNK {blockData=conID: 3 locID: 102734077129392828 bcsId: 5402} | ret=SUCCESS |  
2019-09-04 11:46:52,536 | INFO  | DNAudit | user=null | ip=null | op=PUT_BLOCK {blockData=[blockId=conID: 3 locID: 102734077129392828 bcsId: 0,size=4194304]} | ret=SUCCESS |  
2019-09-04 11:46:52,536 [grpc-default-executor-5] INFO  client.GrpcClientProtocolClient (GrpcClientProtocolClient.java:onNext(255)) - client-D5CE890D7D9E->efcb8ff8-f060-4d95-9215-d0f5eb4af037: receive RaftClientReply:client-D5CE890D7D9E->efcb8ff8-f060-4d95-9215-d0f5eb4af037@group-0959F8DF43ED, cid=3567, SUCCESS, logIndex=5405, commits[efcb8ff8-f060-4d95-9215-d0f5eb4af037:c5406, 6fae8b02-e804-4c0e-b729-a97b7404b7f6:c5402, 4c3e8a66-6975-4917-8225-d3efe707aaff:c5401]
2019-09-04 11:46:52,536 [grpc-default-executor-5] INFO  client.GrpcClientProtocolClient (GrpcClientProtocolClient.java:onNext(255)) - client-D5CE890D7D9E->efcb8ff8-f060-4d95-9215-d0f5eb4af037: receive RaftClientReply:client-D5CE890D7D9E->efcb8ff8-f060-4d95-9215-d0f5eb4af037@group-0959F8DF43ED, cid=3568, SUCCESS, logIndex=5406, commits[efcb8ff8-f060-4d95-9215-d0f5eb4af037:c5406, 6fae8b02-e804-4c0e-b729-a97b7404b7f6:c5402, 4c3e8a66-6975-4917-8225-d3efe707aaff:c5402]
2019-09-04 11:46:52,543 | INFO  | DNAudit | user=null | ip=null | op=WRITE_CHUNK {blockData=conID: 3 locID: 102734077129392828 bcsId: 5402} | ret=SUCCESS |  
2019-09-04 11:46:52,543 | INFO  | DNAudit | user=null | ip=null | op=WRITE_CHUNK {blockData=conID: 3 locID: 102734077129392828 bcsId: 5402} | ret=SUCCESS |  
2019-09-04 11:46:52,544 | INFO  | DNAudit | user=null | ip=null | op=PUT_BLOCK {blockData=[blockId=conID: 3 locID: 102734077129392828 bcsId: 0,size=4194304]} | ret=SUCCESS |  
2019-09-04 11:46:52,544 | INFO  | DNAudit | user=null | ip=null | op=PUT_BLOCK {blockData=[blockId=conID: 3 locID: 102734077129392828 bcsId: 0,size=4194304]} | ret=SUCCESS |  
2019-09-04 11:46:52,545 [grpc-default-executor-5] INFO  client.GrpcClientProtocolClient (GrpcClientProtocolClient.java:onNext(255)) - client-D5CE890D7D9E->efcb8ff8-f060-4d95-9215-d0f5eb4af037: receive RaftClientReply:client-D5CE890D7D9E->efcb8ff8-f060-4d95-9215-d0f5eb4af037@group-0959F8DF43ED, cid=3569, SUCCESS, logIndex=0, commits[efcb8ff8-f060-4d95-9215-d0f5eb4af037:c5408, 6fae8b02-e804-4c0e-b729-a97b7404b7f6:c5406, 4c3e8a66-6975-4917-8225-d3efe707aaff:c5406]
2019-09-04 11:46:52,554 | INFO  | SCMAudit | user=jenkins1000 | ip=192.168.36.67 | op=ALLOCATE_BLOCK {owner=8ab292a2-aaa7-4ad8-863a-d33994811155, size=4194304, type=RATIS, factor=THREE} | ret=SUCCESS |  
2019-09-04 11:46:52,559 | INFO  | OMAudit | user=jenkins1000 | ip=127.0.0.1 | op=ALLOCATE_BLOCK {volume=vol-0-58699, bucket=bucket-0-57464, key=key-0-37266, dataSize=0, replicationType=null, replicationFactor=null, keyLocationInfo=null, clientID=102734073355960722} | ret=SUCCESS |  
2019-09-04 11:46:52,567 | INFO  | DNAudit | user=null | ip=null | op=WRITE_CHUNK {blockData=conID: 1 locID: 102734077136339645 bcsId: 0} | ret=SUCCESS |  
2019-09-04 11:46:52,570 | INFO  | DNAudit | user=null | ip=null | op=WRITE_CHUNK {blockData=conID: 1 locID: 102734077136339645 bcsId: 0} | ret=SUCCESS |  
2019-09-04 11:46:52,571 | INFO  | DNAudit | user=null | ip=null | op=WRITE_CHUNK {blockData=conID: 1 locID: 102734077136339645 bcsId: 0} | ret=SUCCESS |  
2019-09-04 11:46:52,572 | INFO  | DNAudit | user=null | ip=null | op=WRITE_CHUNK {blockData=conID: 1 locID: 102734077136339645 bcsId: 0} | ret=SUCCESS |  
2019-09-04 11:46:52,573 | INFO  | DNAudit | user=null | ip=null | op=WRITE_CHUNK {blockData=conID: 1 locID: 102734077136339645 bcsId: 0} | ret=SUCCESS |  
2019-09-04 11:46:52,574 | INFO  | DNAudit | user=null | ip=null | op=WRITE_CHUNK {blockData=conID: 1 locID: 102734077136339645 bcsId: 0} | ret=SUCCESS |  
2019-09-04 11:46:52,576 | INFO  | DNAudit | user=null | ip=null | op=WRITE_CHUNK {blockData=conID: 1 locID: 102734077136339645 bcsId: 0} | ret=SUCCESS |  
2019-09-04 11:46:52,576 | INFO  | DNAudit | user=null | ip=null | op=PUT_BLOCK {blockData=[blockId=conID: 1 locID: 102734077136339645 bcsId: 0,size=1048576]} | ret=SUCCESS |  
2019-09-04 11:46:52,576 [grpc-default-executor-6] INFO  client.GrpcClientProtocolClient (GrpcClientProtocolClient.java:onNext(255)) - client-D5CE890D7D9E->efcb8ff8-f060-4d95-9215-d0f5eb4af037: receive RaftClientReply:client-D5CE890D7D9E->efcb8ff8-f060-4d95-9215-d0f5eb4af037@group-0959F8DF43ED, cid=3570, SUCCESS, logIndex=5409, commits[efcb8ff8-f060-4d95-9215-d0f5eb4af037:c5410, 6fae8b02-e804-4c0e-b729-a97b7404b7f6:c5408, 4c3e8a66-6975-4917-8225-d3efe707aaff:c5408]
2019-09-04 11:46:52,577 [grpc-default-executor-6] INFO  client.GrpcClientProtocolClient (GrpcClientProtocolClient.java:onNext(255)) - client-D5CE890D7D9E->efcb8ff8-f060-4d95-9215-d0f5eb4af037: receive RaftClientReply:client-D5CE890D7D9E->efcb8ff8-f060-4d95-9215-d0f5eb4af037@group-0959F8DF43ED, cid=3571, SUCCESS, logIndex=5410, commits[efcb8ff8-f060-4d95-9215-d0f5eb4af037:c5410, 6fae8b02-e804-4c0e-b729-a97b7404b7f6:c5408, 4c3e8a66-6975-4917-8225-d3efe707aaff:c5408]
2019-09-04 11:46:52,587 | INFO  | DNAudit | user=null | ip=null | op=WRITE_CHUNK {blockData=conID: 1 locID: 102734077136339645 bcsId: 0} | ret=SUCCESS |  
2019-09-04 11:46:52,588 | INFO  | DNAudit | user=null | ip=null | op=PUT_BLOCK {blockData=[blockId=conID: 1 locID: 102734077136339645 bcsId: 0,size=2097152]} | ret=SUCCESS |  
2019-09-04 11:46:52,588 | INFO  | DNAudit | user=null | ip=null | op=WRITE_CHUNK {blockData=conID: 1 locID: 102734077136339645 bcsId: 0} | ret=SUCCESS |  
2019-09-04 11:46:52,588 | INFO  | DNAudit | user=null | ip=null | op=PUT_BLOCK {blockData=[blockId=conID: 1 locID: 102734077136339645 bcsId: 0,size=1048576]} | ret=SUCCESS |  
2019-09-04 11:46:52,588 [grpc-default-executor-6] INFO  client.GrpcClientProtocolClient (GrpcClientProtocolClient.java:onNext(255)) - client-D5CE890D7D9E->efcb8ff8-f060-4d95-9215-d0f5eb4af037: receive RaftClientReply:client-D5CE890D7D9E->efcb8ff8-f060-4d95-9215-d0f5eb4af037@group-0959F8DF43ED, cid=3572, SUCCESS, logIndex=5411, commits[efcb8ff8-f060-4d95-9215-d0f5eb4af037:c5412, 6fae8b02-e804-4c0e-b729-a97b7404b7f6:c5408, 4c3e8a66-6975-4917-8225-d3efe707aaff:c5408]
2019-09-04 11:46:52,589 [grpc-default-executor-6] INFO  client.GrpcClientProtocolClient (GrpcClientProtocolClient.java:onNext(255)) - client-D5CE890D7D9E->efcb8ff8-f060-4d95-9215-d0f5eb4af037: receive RaftClientReply:client-D5CE890D7D9E->efcb8ff8-f060-4d95-9215-d0f5eb4af037@group-0959F8DF43ED, cid=3573, SUCCESS, logIndex=5412, commits[efcb8ff8-f060-4d95-9215-d0f5eb4af037:c5412, 6fae8b02-e804-4c0e-b729-a97b7404b7f6:c5408, 4c3e8a66-6975-4917-8225-d3efe707aaff:c5408]
2019-09-04 11:46:52,589 | INFO  | DNAudit | user=null | ip=null | op=WRITE_CHUNK {blockData=conID: 1 locID: 102734077136339645 bcsId: 0} | ret=SUCCESS |  
2019-09-04 11:46:52,589 | INFO  | DNAudit | user=null | ip=null | op=PUT_BLOCK {blockData=[blockId=conID: 1 locID: 102734077136339645 bcsId: 0,size=1048576]} | ret=SUCCESS |  
2019-09-04 11:46:52,589 | INFO  | DNAudit | user=null | ip=null | op=WRITE_CHUNK {blockData=conID: 1 locID: 102734077136339645 bcsId: 0} | ret=SUCCESS |  
2019-09-04 11:46:52,589 | INFO  | DNAudit | user=null | ip=null | op=PUT_BLOCK {blockData=[blockId=conID: 1 locID: 102734077136339645 bcsId: 0,size=2097152]} | ret=SUCCESS |  
2019-09-04 11:46:52,590 [grpc-default-executor-6] INFO  client.GrpcClientProtocolClient (GrpcClientProtocolClient.java:onNext(255)) - client-D5CE890D7D9E->efcb8ff8-f060-4d95-9215-d0f5eb4af037: receive RaftClientReply:client-D5CE890D7D9E->efcb8ff8-f060-4d95-9215-d0f5eb4af037@group-0959F8DF43ED, cid=3574, SUCCESS, logIndex=0, commits[efcb8ff8-f060-4d95-9215-d0f5eb4af037:c5414, 6fae8b02-e804-4c0e-b729-a97b7404b7f6:c5410, 4c3e8a66-6975-4917-8225-d3efe707aaff:c5410]
2019-09-04 11:46:52,590 | INFO  | DNAudit | user=null | ip=null | op=WRITE_CHUNK {blockData=conID: 1 locID: 102734077136339645 bcsId: 0} | ret=SUCCESS |  
2019-09-04 11:46:52,590 | INFO  | DNAudit | user=null | ip=null | op=PUT_BLOCK {blockData=[blockId=conID: 1 locID: 102734077136339645 bcsId: 0,size=2097152]} | ret=SUCCESS |  
2019-09-04 11:46:52,597 | INFO  | DNAudit | user=null | ip=null | op=WRITE_CHUNK {blockData=conID: 1 locID: 102734077136339645 bcsId: 5412} | ret=SUCCESS |  
2019-09-04 11:46:52,600 | INFO  | DNAudit | user=null | ip=null | op=WRITE_CHUNK {blockData=conID: 1 locID: 102734077136339645 bcsId: 5412} | ret=SUCCESS |  
2019-09-04 11:46:52,600 | INFO  | DNAudit | user=null | ip=null | op=WRITE_CHUNK {blockData=conID: 1 locID: 102734077136339645 bcsId: 5412} | ret=SUCCESS |  
2019-09-04 11:46:52,606 | INFO  | DNAudit | user=null | ip=null | op=WRITE_CHUNK {blockData=conID: 1 locID: 102734077136339645 bcsId: 5412} | ret=SUCCESS |  
2019-09-04 11:46:52,606 | INFO  | DNAudit | user=null | ip=null | op=PUT_BLOCK {blockData=[blockId=conID: 1 locID: 102734077136339645 bcsId: 0,size=3145728]} | ret=SUCCESS |  
2019-09-04 11:46:52,606 [grpc-default-executor-4] INFO  client.GrpcClientProtocolClient (GrpcClientProtocolClient.java:onNext(255)) - client-D5CE890D7D9E->efcb8ff8-f060-4d95-9215-d0f5eb4af037: receive RaftClientReply:client-D5CE890D7D9E->efcb8ff8-f060-4d95-9215-d0f5eb4af037@group-0959F8DF43ED, cid=3575, SUCCESS, logIndex=5417, commits[efcb8ff8-f060-4d95-9215-d0f5eb4af037:c5417, 6fae8b02-e804-4c0e-b729-a97b7404b7f6:c5416, 4c3e8a66-6975-4917-8225-d3efe707aaff:c5416]
2019-09-04 11:46:52,607 [grpc-default-executor-4] INFO  client.GrpcClientProtocolClient (GrpcClientProtocolClient.java:onNext(255)) - client-D5CE890D7D9E->efcb8ff8-f060-4d95-9215-d0f5eb4af037: receive RaftClientReply:client-D5CE890D7D9E->efcb8ff8-f060-4d95-9215-d0f5eb4af037@group-0959F8DF43ED, cid=3576, SUCCESS, logIndex=5418, commits[efcb8ff8-f060-4d95-9215-d0f5eb4af037:c5418, 6fae8b02-e804-4c0e-b729-a97b7404b7f6:c5416, 4c3e8a66-6975-4917-8225-d3efe707aaff:c5416]
2019-09-04 11:46:52,615 | INFO  | DNAudit | user=null | ip=null | op=WRITE_CHUNK {blockData=conID: 1 locID: 102734077136339645 bcsId: 5418} | ret=SUCCESS |  
2019-09-04 11:46:52,616 | INFO  | DNAudit | user=null | ip=null | op=WRITE_CHUNK {blockData=conID: 1 locID: 102734077136339645 bcsId: 5418} | ret=SUCCESS |  
2019-09-04 11:46:52,617 | INFO  | DNAudit | user=null | ip=null | op=WRITE_CHUNK {blockData=conID: 1 locID: 102734077136339645 bcsId: 5412} | ret=SUCCESS |  
2019-09-04 11:46:52,617 | INFO  | DNAudit | user=null | ip=null | op=WRITE_CHUNK {blockData=conID: 1 locID: 102734077136339645 bcsId: 5412} | ret=SUCCESS |  
2019-09-04 11:46:52,617 | INFO  | DNAudit | user=null | ip=null | op=WRITE_CHUNK {blockData=conID: 1 locID: 102734077136339645 bcsId: 5418} | ret=SUCCESS |  
2019-09-04 11:46:52,618 | INFO  | DNAudit | user=null | ip=null | op=PUT_BLOCK {blockData=[blockId=conID: 1 locID: 102734077136339645 bcsId: 0,size=3145728]} | ret=SUCCESS |  
2019-09-04 11:46:52,619 | INFO  | DNAudit | user=null | ip=null | op=PUT_BLOCK {blockData=[blockId=conID: 1 locID: 102734077136339645 bcsId: 0,size=3145728]} | ret=SUCCESS |  
2019-09-04 11:46:52,619 | INFO  | DNAudit | user=null | ip=null | op=WRITE_CHUNK {blockData=conID: 1 locID: 102734077136339645 bcsId: 5418} | ret=SUCCESS |  
2019-09-04 11:46:52,620 | INFO  | DNAudit | user=null | ip=null | op=PUT_BLOCK {blockData=[blockId=conID: 1 locID: 102734077136339645 bcsId: 0,size=4194304]} | ret=SUCCESS |  
2019-09-04 11:46:52,620 [grpc-default-executor-6] INFO  client.GrpcClientProtocolClient (GrpcClientProtocolClient.java:onNext(255)) - client-D5CE890D7D9E->efcb8ff8-f060-4d95-9215-d0f5eb4af037: receive RaftClientReply:client-D5CE890D7D9E->efcb8ff8-f060-4d95-9215-d0f5eb4af037@group-0959F8DF43ED, cid=3577, SUCCESS, logIndex=5421, commits[efcb8ff8-f060-4d95-9215-d0f5eb4af037:c5422, 6fae8b02-e804-4c0e-b729-a97b7404b7f6:c5418, 4c3e8a66-6975-4917-8225-d3efe707aaff:c5418]
2019-09-04 11:46:52,620 [grpc-default-executor-6] INFO  client.GrpcClientProtocolClient (GrpcClientProtocolClient.java:onNext(255)) - client-D5CE890D7D9E->efcb8ff8-f060-4d95-9215-d0f5eb4af037: receive RaftClientReply:client-D5CE890D7D9E->efcb8ff8-f060-4d95-9215-d0f5eb4af037@group-0959F8DF43ED, cid=3578, SUCCESS, logIndex=5422, commits[efcb8ff8-f060-4d95-9215-d0f5eb4af037:c5422, 6fae8b02-e804-4c0e-b729-a97b7404b7f6:c5418, 4c3e8a66-6975-4917-8225-d3efe707aaff:c5418]
2019-09-04 11:46:52,632 | INFO  | DNAudit | user=null | ip=null | op=WRITE_CHUNK {blockData=conID: 1 locID: 102734077136339645 bcsId: 5418} | ret=SUCCESS |  
2019-09-04 11:46:52,632 | INFO  | DNAudit | user=null | ip=null | op=WRITE_CHUNK {blockData=conID: 1 locID: 102734077136339645 bcsId: 5418} | ret=SUCCESS |  
2019-09-04 11:46:52,633 | INFO  | DNAudit | user=null | ip=null | op=PUT_BLOCK {blockData=[blockId=conID: 1 locID: 102734077136339645 bcsId: 0,size=4194304]} | ret=SUCCESS |  
2019-09-04 11:46:52,633 | INFO  | DNAudit | user=null | ip=null | op=PUT_BLOCK {blockData=[blockId=conID: 1 locID: 102734077136339645 bcsId: 0,size=4194304]} | ret=SUCCESS |  
2019-09-04 11:46:52,634 [grpc-default-executor-6] INFO  client.GrpcClientProtocolClient (GrpcClientProtocolClient.java:onNext(255)) - client-D5CE890D7D9E->efcb8ff8-f060-4d95-9215-d0f5eb4af037: receive RaftClientReply:client-D5CE890D7D9E->efcb8ff8-f060-4d95-9215-d0f5eb4af037@group-0959F8DF43ED, cid=3579, SUCCESS, logIndex=0, commits[efcb8ff8-f060-4d95-9215-d0f5eb4af037:c5424, 6fae8b02-e804-4c0e-b729-a97b7404b7f6:c5422, 4c3e8a66-6975-4917-8225-d3efe707aaff:c5422]
2019-09-04 11:46:52,640 | INFO  | SCMAudit | user=jenkins1000 | ip=192.168.36.67 | op=ALLOCATE_BLOCK {owner=8ab292a2-aaa7-4ad8-863a-d33994811155, size=4194304, type=RATIS, factor=THREE} | ret=SUCCESS |  
2019-09-04 11:46:52,645 | INFO  | OMAudit | user=jenkins1000 | ip=127.0.0.1 | op=ALLOCATE_BLOCK {volume=vol-0-58699, bucket=bucket-0-57464, key=key-0-37266, dataSize=0, replicationType=null, replicationFactor=null, keyLocationInfo=null, clientID=102734073355960722} | ret=SUCCESS |  
2019-09-04 11:46:52,652 | INFO  | DNAudit | user=null | ip=null | op=WRITE_CHUNK {blockData=conID: 2 locID: 102734077141975742 bcsId: 0} | ret=SUCCESS |  
2019-09-04 11:46:52,656 | INFO  | DNAudit | user=null | ip=null | op=WRITE_CHUNK {blockData=conID: 2 locID: 102734077141975742 bcsId: 0} | ret=SUCCESS |  
2019-09-04 11:46:52,656 | INFO  | DNAudit | user=null | ip=null | op=WRITE_CHUNK {blockData=conID: 2 locID: 102734077141975742 bcsId: 0} | ret=SUCCESS |  
2019-09-04 11:46:52,657 | INFO  | DNAudit | user=null | ip=null | op=WRITE_CHUNK {blockData=conID: 2 locID: 102734077141975742 bcsId: 0} | ret=SUCCESS |  
2019-09-04 11:46:52,658 | INFO  | DNAudit | user=null | ip=null | op=WRITE_CHUNK {blockData=conID: 2 locID: 102734077141975742 bcsId: 0} | ret=SUCCESS |  
2019-09-04 11:46:52,658 | INFO  | DNAudit | user=null | ip=null | op=WRITE_CHUNK {blockData=conID: 2 locID: 102734077141975742 bcsId: 0} | ret=SUCCESS |  
2019-09-04 11:46:52,661 | INFO  | DNAudit | user=null | ip=null | op=WRITE_CHUNK {blockData=conID: 2 locID: 102734077141975742 bcsId: 0} | ret=SUCCESS |  
2019-09-04 11:46:52,789 | INFO  | DNAudit | user=null | ip=null | op=WRITE_CHUNK {blockData=conID: 2 locID: 102734077141975742 bcsId: 0} | ret=SUCCESS |  
2019-09-04 11:46:52,790 | INFO  | DNAudit | user=null | ip=null | op=PUT_BLOCK {blockData=[blockId=conID: 2 locID: 102734077141975742 bcsId: 0,size=1048576]} | ret=SUCCESS |  
2019-09-04 11:46:52,790 | INFO  | DNAudit | user=null | ip=null | op=PUT_BLOCK {blockData=[blockId=conID: 2 locID: 102734077141975742 bcsId: 0,size=1048576]} | ret=SUCCESS |  
2019-09-04 11:46:52,790 [grpc-default-executor-4] INFO  client.GrpcClientProtocolClient (GrpcClientProtocolClient.java:onNext(255)) - client-D5CE890D7D9E->efcb8ff8-f060-4d95-9215-d0f5eb4af037: receive RaftClientReply:client-D5CE890D7D9E->efcb8ff8-f060-4d95-9215-d0f5eb4af037@group-0959F8DF43ED, cid=3580, SUCCESS, logIndex=5425, commits[efcb8ff8-f060-4d95-9215-d0f5eb4af037:c5426, 6fae8b02-e804-4c0e-b729-a97b7404b7f6:c5424, 4c3e8a66-6975-4917-8225-d3efe707aaff:c5424]
2019-09-04 11:46:52,790 | INFO  | DNAudit | user=null | ip=null | op=WRITE_CHUNK {blockData=conID: 2 locID: 102734077141975742 bcsId: 0} | ret=SUCCESS |  
2019-09-04 11:46:52,791 | INFO  | DNAudit | user=null | ip=null | op=PUT_BLOCK {blockData=[blockId=conID: 2 locID: 102734077141975742 bcsId: 0,size=2097152]} | ret=SUCCESS |  
2019-09-04 11:46:52,791 [grpc-default-executor-4] INFO  client.GrpcClientProtocolClient (GrpcClientProtocolClient.java:onNext(255)) - client-D5CE890D7D9E->efcb8ff8-f060-4d95-9215-d0f5eb4af037: receive RaftClientReply:client-D5CE890D7D9E->efcb8ff8-f060-4d95-9215-d0f5eb4af037@group-0959F8DF43ED, cid=3581, SUCCESS, logIndex=5426, commits[efcb8ff8-f060-4d95-9215-d0f5eb4af037:c5429, 6fae8b02-e804-4c0e-b729-a97b7404b7f6:c5426, 4c3e8a66-6975-4917-8225-d3efe707aaff:c5424]
2019-09-04 11:46:52,791 [grpc-default-executor-4] INFO  client.GrpcClientProtocolClient (GrpcClientProtocolClient.java:onNext(255)) - client-D5CE890D7D9E->efcb8ff8-f060-4d95-9215-d0f5eb4af037: receive RaftClientReply:client-D5CE890D7D9E->efcb8ff8-f060-4d95-9215-d0f5eb4af037@group-0959F8DF43ED, cid=3582, SUCCESS, logIndex=5427, commits[efcb8ff8-f060-4d95-9215-d0f5eb4af037:c5429, 6fae8b02-e804-4c0e-b729-a97b7404b7f6:c5426, 4c3e8a66-6975-4917-8225-d3efe707aaff:c5424]
2019-09-04 11:46:52,791 [grpc-default-executor-4] INFO  client.GrpcClientProtocolClient (GrpcClientProtocolClient.java:onNext(255)) - client-D5CE890D7D9E->efcb8ff8-f060-4d95-9215-d0f5eb4af037: receive RaftClientReply:client-D5CE890D7D9E->efcb8ff8-f060-4d95-9215-d0f5eb4af037@group-0959F8DF43ED, cid=3583, SUCCESS, logIndex=5428, commits[efcb8ff8-f060-4d95-9215-d0f5eb4af037:c5429, 6fae8b02-e804-4c0e-b729-a97b7404b7f6:c5426, 4c3e8a66-6975-4917-8225-d3efe707aaff:c5424]
2019-09-04 11:46:52,797 | INFO  | DNAudit | user=null | ip=null | op=WRITE_CHUNK {blockData=conID: 2 locID: 102734077141975742 bcsId: 0} | ret=SUCCESS |  
2019-09-04 11:46:52,798 | INFO  | DNAudit | user=null | ip=null | op=PUT_BLOCK {blockData=[blockId=conID: 2 locID: 102734077141975742 bcsId: 0,size=1048576]} | ret=SUCCESS |  
2019-09-04 11:46:52,798 [grpc-default-executor-4] INFO  client.GrpcClientProtocolClient (GrpcClientProtocolClient.java:onNext(255)) - client-D5CE890D7D9E->efcb8ff8-f060-4d95-9215-d0f5eb4af037: receive RaftClientReply:client-D5CE890D7D9E->efcb8ff8-f060-4d95-9215-d0f5eb4af037@group-0959F8DF43ED, cid=3584, SUCCESS, logIndex=0, commits[efcb8ff8-f060-4d95-9215-d0f5eb4af037:c5430, 6fae8b02-e804-4c0e-b729-a97b7404b7f6:c5426, 4c3e8a66-6975-4917-8225-d3efe707aaff:c5426]
2019-09-04 11:46:52,805 | INFO  | DNAudit | user=null | ip=null | op=WRITE_CHUNK {blockData=conID: 2 locID: 102734077141975742 bcsId: 5428} | ret=SUCCESS |  
2019-09-04 11:46:52,808 | INFO  | DNAudit | user=null | ip=null | op=WRITE_CHUNK {blockData=conID: 2 locID: 102734077141975742 bcsId: 5428} | ret=SUCCESS |  
2019-09-04 11:46:52,808 | INFO  | DNAudit | user=null | ip=null | op=WRITE_CHUNK {blockData=conID: 2 locID: 102734077141975742 bcsId: 5428} | ret=SUCCESS |  
2019-09-04 11:46:52,818 | INFO  | DNAudit | user=null | ip=null | op=WRITE_CHUNK {blockData=conID: 2 locID: 102734077141975742 bcsId: 0} | ret=SUCCESS |  
2019-09-04 11:46:52,818 | INFO  | DNAudit | user=null | ip=null | op=PUT_BLOCK {blockData=[blockId=conID: 2 locID: 102734077141975742 bcsId: 0,size=2097152]} | ret=SUCCESS |  
2019-09-04 11:46:52,818 | INFO  | DNAudit | user=null | ip=null | op=WRITE_CHUNK {blockData=conID: 2 locID: 102734077141975742 bcsId: 5428} | ret=SUCCESS |  
2019-09-04 11:46:52,818 | INFO  | DNAudit | user=null | ip=null | op=WRITE_CHUNK {blockData=conID: 2 locID: 102734077141975742 bcsId: 0} | ret=SUCCESS |  
2019-09-04 11:46:52,818 | INFO  | DNAudit | user=null | ip=null | op=PUT_BLOCK {blockData=[blockId=conID: 2 locID: 102734077141975742 bcsId: 0,size=2097152]} | ret=SUCCESS |  
2019-09-04 11:46:52,818 | INFO  | DNAudit | user=null | ip=null | op=PUT_BLOCK {blockData=[blockId=conID: 2 locID: 102734077141975742 bcsId: 0,size=3145728]} | ret=SUCCESS |  
2019-09-04 11:46:52,819 [grpc-default-executor-6] INFO  client.GrpcClientProtocolClient (GrpcClientProtocolClient.java:onNext(255)) - client-D5CE890D7D9E->efcb8ff8-f060-4d95-9215-d0f5eb4af037: receive RaftClientReply:client-D5CE890D7D9E->efcb8ff8-f060-4d95-9215-d0f5eb4af037@group-0959F8DF43ED, cid=3585, SUCCESS, logIndex=5431, commits[efcb8ff8-f060-4d95-9215-d0f5eb4af037:c5432, 6fae8b02-e804-4c0e-b729-a97b7404b7f6:c5430, 4c3e8a66-6975-4917-8225-d3efe707aaff:c5426]
2019-09-04 11:46:52,819 [grpc-default-executor-6] INFO  client.GrpcClientProtocolClient (GrpcClientProtocolClient.java:onNext(255)) - client-D5CE890D7D9E->efcb8ff8-f060-4d95-9215-d0f5eb4af037: receive RaftClientReply:client-D5CE890D7D9E->efcb8ff8-f060-4d95-9215-d0f5eb4af037@group-0959F8DF43ED, cid=3586, SUCCESS, logIndex=5432, commits[efcb8ff8-f060-4d95-9215-d0f5eb4af037:c5432, 6fae8b02-e804-4c0e-b729-a97b7404b7f6:c5430, 4c3e8a66-6975-4917-8225-d3efe707aaff:c5430]
2019-09-04 11:46:52,824 | INFO  | DNAudit | user=null | ip=null | op=WRITE_CHUNK {blockData=conID: 2 locID: 102734077141975742 bcsId: 5428} | ret=SUCCESS |  
2019-09-04 11:46:52,824 | INFO  | DNAudit | user=null | ip=null | op=WRITE_CHUNK {blockData=conID: 2 locID: 102734077141975742 bcsId: 5428} | ret=SUCCESS |  
2019-09-04 11:46:52,825 | INFO  | DNAudit | user=null | ip=null | op=PUT_BLOCK {blockData=[blockId=conID: 2 locID: 102734077141975742 bcsId: 0,size=3145728]} | ret=SUCCESS |  
2019-09-04 11:46:52,825 | INFO  | DNAudit | user=null | ip=null | op=PUT_BLOCK {blockData=[blockId=conID: 2 locID: 102734077141975742 bcsId: 0,size=3145728]} | ret=SUCCESS |  
2019-09-04 11:46:52,826 | INFO  | DNAudit | user=null | ip=null | op=WRITE_CHUNK {blockData=conID: 2 locID: 102734077141975742 bcsId: 5432} | ret=SUCCESS |  
2019-09-04 11:46:52,828 | INFO  | DNAudit | user=null | ip=null | op=WRITE_CHUNK {blockData=conID: 2 locID: 102734077141975742 bcsId: 5432} | ret=SUCCESS |  
2019-09-04 11:46:52,828 | INFO  | DNAudit | user=null | ip=null | op=WRITE_CHUNK {blockData=conID: 2 locID: 102734077141975742 bcsId: 5432} | ret=SUCCESS |  
2019-09-04 11:46:52,839 | INFO  | DNAudit | user=null | ip=null | op=WRITE_CHUNK {blockData=conID: 2 locID: 102734077141975742 bcsId: 5432} | ret=SUCCESS |  
2019-09-04 11:46:52,839 | INFO  | DNAudit | user=null | ip=null | op=PUT_BLOCK {blockData=[blockId=conID: 2 locID: 102734077141975742 bcsId: 0,size=4194304]} | ret=SUCCESS |  
2019-09-04 11:46:52,839 [grpc-default-executor-4] INFO  client.GrpcClientProtocolClient (GrpcClientProtocolClient.java:onNext(255)) - client-D5CE890D7D9E->efcb8ff8-f060-4d95-9215-d0f5eb4af037: receive RaftClientReply:client-D5CE890D7D9E->efcb8ff8-f060-4d95-9215-d0f5eb4af037@group-0959F8DF43ED, cid=3587, SUCCESS, logIndex=5435, commits[efcb8ff8-f060-4d95-9215-d0f5eb4af037:c5436, 6fae8b02-e804-4c0e-b729-a97b7404b7f6:c5432, 4c3e8a66-6975-4917-8225-d3efe707aaff:c5432]
2019-09-04 11:46:52,840 [grpc-default-executor-4] INFO  client.GrpcClientProtocolClient (GrpcClientProtocolClient.java:onNext(255)) - client-D5CE890D7D9E->efcb8ff8-f060-4d95-9215-d0f5eb4af037: receive RaftClientReply:client-D5CE890D7D9E->efcb8ff8-f060-4d95-9215-d0f5eb4af037@group-0959F8DF43ED, cid=3588, SUCCESS, logIndex=5436, commits[efcb8ff8-f060-4d95-9215-d0f5eb4af037:c5436, 6fae8b02-e804-4c0e-b729-a97b7404b7f6:c5432, 4c3e8a66-6975-4917-8225-d3efe707aaff:c5432]
2019-09-04 11:46:52,845 | INFO  | SCMAudit | user=jenkins1000 | ip=192.168.36.67 | op=SEND_HEARTBEAT {datanodeUUID=efcb8ff8-f060-4d95-9215-d0f5eb4af037, command=[]} | ret=SUCCESS |  
2019-09-04 11:46:52,846 | INFO  | SCMAudit | user=jenkins1000 | ip=192.168.36.67 | op=SEND_HEARTBEAT {datanodeUUID=0b776101-1d39-4f23-96c0-6a8ead31197c, command=[]} | ret=SUCCESS |  
2019-09-04 11:46:52,846 | INFO  | SCMAudit | user=jenkins1000 | ip=192.168.36.67 | op=SEND_HEARTBEAT {datanodeUUID=4c3e8a66-6975-4917-8225-d3efe707aaff, command=[]} | ret=SUCCESS |  
2019-09-04 11:46:52,846 | INFO  | SCMAudit | user=jenkins1000 | ip=192.168.36.67 | op=SEND_HEARTBEAT {datanodeUUID=6fae8b02-e804-4c0e-b729-a97b7404b7f6, command=[]} | ret=SUCCESS |  
2019-09-04 11:46:52,847 | INFO  | SCMAudit | user=jenkins1000 | ip=192.168.36.67 | op=SEND_HEARTBEAT {datanodeUUID=b68b188c-7f38-42ae-8403-46a39acd0731, command=[]} | ret=SUCCESS |  
2019-09-04 11:46:52,851 | INFO  | DNAudit | user=null | ip=null | op=WRITE_CHUNK {blockData=conID: 2 locID: 102734077141975742 bcsId: 5432} | ret=SUCCESS |  
2019-09-04 11:46:52,851 | INFO  | DNAudit | user=null | ip=null | op=WRITE_CHUNK {blockData=conID: 2 locID: 102734077141975742 bcsId: 5432} | ret=SUCCESS |  
2019-09-04 11:46:52,852 | INFO  | DNAudit | user=null | ip=null | op=PUT_BLOCK {blockData=[blockId=conID: 2 locID: 102734077141975742 bcsId: 0,size=4194304]} | ret=SUCCESS |  
2019-09-04 11:46:52,852 | INFO  | DNAudit | user=null | ip=null | op=PUT_BLOCK {blockData=[blockId=conID: 2 locID: 102734077141975742 bcsId: 0,size=4194304]} | ret=SUCCESS |  
2019-09-04 11:46:52,853 [grpc-default-executor-4] INFO  client.GrpcClientProtocolClient (GrpcClientProtocolClient.java:onNext(255)) - client-D5CE890D7D9E->efcb8ff8-f060-4d95-9215-d0f5eb4af037: receive RaftClientReply:client-D5CE890D7D9E->efcb8ff8-f060-4d95-9215-d0f5eb4af037@group-0959F8DF43ED, cid=3589, SUCCESS, logIndex=0, commits[efcb8ff8-f060-4d95-9215-d0f5eb4af037:c5438, 6fae8b02-e804-4c0e-b729-a97b7404b7f6:c5436, 4c3e8a66-6975-4917-8225-d3efe707aaff:c5436]
2019-09-04 11:46:52,860 | INFO  | SCMAudit | user=jenkins1000 | ip=192.168.36.67 | op=ALLOCATE_BLOCK {owner=8ab292a2-aaa7-4ad8-863a-d33994811155, size=4194304, type=RATIS, factor=THREE} | ret=SUCCESS |  
2019-09-04 11:46:52,865 | INFO  | OMAudit | user=jenkins1000 | ip=127.0.0.1 | op=ALLOCATE_BLOCK {volume=vol-0-58699, bucket=bucket-0-57464, key=key-0-37266, dataSize=0, replicationType=null, replicationFactor=null, keyLocationInfo=null, clientID=102734073355960722} | ret=SUCCESS |  
2019-09-04 11:46:52,872 | INFO  | DNAudit | user=null | ip=null | op=WRITE_CHUNK {blockData=conID: 3 locID: 102734077156393663 bcsId: 0} | ret=SUCCESS |  
2019-09-04 11:46:52,875 | INFO  | DNAudit | user=null | ip=null | op=WRITE_CHUNK {blockData=conID: 3 locID: 102734077156393663 bcsId: 0} | ret=SUCCESS |  
2019-09-04 11:46:52,875 | INFO  | DNAudit | user=null | ip=null | op=WRITE_CHUNK {blockData=conID: 3 locID: 102734077156393663 bcsId: 0} | ret=SUCCESS |  
2019-09-04 11:46:52,875 | INFO  | DNAudit | user=null | ip=null | op=WRITE_CHUNK {blockData=conID: 3 locID: 102734077156393663 bcsId: 0} | ret=SUCCESS |  
2019-09-04 11:46:52,877 | INFO  | DNAudit | user=null | ip=null | op=WRITE_CHUNK {blockData=conID: 3 locID: 102734077156393663 bcsId: 0} | ret=SUCCESS |  
2019-09-04 11:46:52,878 | INFO  | DNAudit | user=null | ip=null | op=WRITE_CHUNK {blockData=conID: 3 locID: 102734077156393663 bcsId: 0} | ret=SUCCESS |  
2019-09-04 11:46:52,879 | INFO  | DNAudit | user=null | ip=null | op=WRITE_CHUNK {blockData=conID: 3 locID: 102734077156393663 bcsId: 0} | ret=SUCCESS |  
2019-09-04 11:46:52,879 | INFO  | DNAudit | user=null | ip=null | op=PUT_BLOCK {blockData=[blockId=conID: 3 locID: 102734077156393663 bcsId: 0,size=1048576]} | ret=SUCCESS |  
2019-09-04 11:46:52,880 [grpc-default-executor-5] INFO  client.GrpcClientProtocolClient (GrpcClientProtocolClient.java:onNext(255)) - client-D5CE890D7D9E->efcb8ff8-f060-4d95-9215-d0f5eb4af037: receive RaftClientReply:client-D5CE890D7D9E->efcb8ff8-f060-4d95-9215-d0f5eb4af037@group-0959F8DF43ED, cid=3590, SUCCESS, logIndex=5439, commits[efcb8ff8-f060-4d95-9215-d0f5eb4af037:c5440, 6fae8b02-e804-4c0e-b729-a97b7404b7f6:c5438, 4c3e8a66-6975-4917-8225-d3efe707aaff:c5438]
2019-09-04 11:46:52,880 [grpc-default-executor-5] INFO  client.GrpcClientProtocolClient (GrpcClientProtocolClient.java:onNext(255)) - client-D5CE890D7D9E->efcb8ff8-f060-4d95-9215-d0f5eb4af037: receive RaftClientReply:client-D5CE890D7D9E->efcb8ff8-f060-4d95-9215-d0f5eb4af037@group-0959F8DF43ED, cid=3591, SUCCESS, logIndex=5440, commits[efcb8ff8-f060-4d95-9215-d0f5eb4af037:c5440, 6fae8b02-e804-4c0e-b729-a97b7404b7f6:c5438, 4c3e8a66-6975-4917-8225-d3efe707aaff:c5438]
2019-09-04 11:46:52,886 | INFO  | DNAudit | user=null | ip=null | op=WRITE_CHUNK {blockData=conID: 3 locID: 102734077156393663 bcsId: 0} | ret=SUCCESS |  
2019-09-04 11:46:52,886 | INFO  | DNAudit | user=null | ip=null | op=PUT_BLOCK {blockData=[blockId=conID: 3 locID: 102734077156393663 bcsId: 0,size=2097152]} | ret=SUCCESS |  
2019-09-04 11:46:52,887 | INFO  | DNAudit | user=null | ip=null | op=WRITE_CHUNK {blockData=conID: 3 locID: 102734077156393663 bcsId: 0} | ret=SUCCESS |  
2019-09-04 11:46:52,887 [grpc-default-executor-4] INFO  client.GrpcClientProtocolClient (GrpcClientProtocolClient.java:onNext(255)) - client-D5CE890D7D9E->efcb8ff8-f060-4d95-9215-d0f5eb4af037: receive RaftClientReply:client-D5CE890D7D9E->efcb8ff8-f060-4d95-9215-d0f5eb4af037@group-0959F8DF43ED, cid=3592, SUCCESS, logIndex=5441, commits[efcb8ff8-f060-4d95-9215-d0f5eb4af037:c5442, 6fae8b02-e804-4c0e-b729-a97b7404b7f6:c5438, 4c3e8a66-6975-4917-8225-d3efe707aaff:c5438]
2019-09-04 11:46:52,887 | INFO  | DNAudit | user=null | ip=null | op=PUT_BLOCK {blockData=[blockId=conID: 3 locID: 102734077156393663 bcsId: 0,size=1048576]} | ret=SUCCESS |  
2019-09-04 11:46:52,887 [grpc-default-executor-4] INFO  client.GrpcClientProtocolClient (GrpcClientProtocolClient.java:onNext(255)) - client-D5CE890D7D9E->efcb8ff8-f060-4d95-9215-d0f5eb4af037: receive RaftClientReply:client-D5CE890D7D9E->efcb8ff8-f060-4d95-9215-d0f5eb4af037@group-0959F8DF43ED, cid=3593, SUCCESS, logIndex=5442, commits[efcb8ff8-f060-4d95-9215-d0f5eb4af037:c5442, 6fae8b02-e804-4c0e-b729-a97b7404b7f6:c5438, 4c3e8a66-6975-4917-8225-d3efe707aaff:c5438]
2019-09-04 11:46:52,887 | INFO  | DNAudit | user=null | ip=null | op=WRITE_CHUNK {blockData=conID: 3 locID: 102734077156393663 bcsId: 0} | ret=SUCCESS |  
2019-09-04 11:46:52,888 | INFO  | DNAudit | user=null | ip=null | op=PUT_BLOCK {blockData=[blockId=conID: 3 locID: 102734077156393663 bcsId: 0,size=1048576]} | ret=SUCCESS |  
2019-09-04 11:46:52,888 | INFO  | DNAudit | user=null | ip=null | op=WRITE_CHUNK {blockData=conID: 3 locID: 102734077156393663 bcsId: 0} | ret=SUCCESS |  
2019-09-04 11:46:52,888 | INFO  | DNAudit | user=null | ip=null | op=WRITE_CHUNK {blockData=conID: 3 locID: 102734077156393663 bcsId: 0} | ret=SUCCESS |  
2019-09-04 11:46:52,888 | INFO  | DNAudit | user=null | ip=null | op=PUT_BLOCK {blockData=[blockId=conID: 3 locID: 102734077156393663 bcsId: 0,size=2097152]} | ret=SUCCESS |  
2019-09-04 11:46:52,888 [grpc-default-executor-5] INFO  client.GrpcClientProtocolClient (GrpcClientProtocolClient.java:onNext(255)) - client-D5CE890D7D9E->efcb8ff8-f060-4d95-9215-d0f5eb4af037: receive RaftClientReply:client-D5CE890D7D9E->efcb8ff8-f060-4d95-9215-d0f5eb4af037@group-0959F8DF43ED, cid=3594, SUCCESS, logIndex=0, commits[efcb8ff8-f060-4d95-9215-d0f5eb4af037:c5444, 6fae8b02-e804-4c0e-b729-a97b7404b7f6:c5440, 4c3e8a66-6975-4917-8225-d3efe707aaff:c5441]
2019-09-04 11:46:52,889 | INFO  | DNAudit | user=null | ip=null | op=PUT_BLOCK {blockData=[blockId=conID: 3 locID: 102734077156393663 bcsId: 0,size=2097152]} | ret=SUCCESS |  
2019-09-04 11:46:52,894 | INFO  | DNAudit | user=null | ip=null | op=WRITE_CHUNK {blockData=conID: 3 locID: 102734077156393663 bcsId: 5442} | ret=SUCCESS |  
2019-09-04 11:46:52,896 | INFO  | DNAudit | user=null | ip=null | op=WRITE_CHUNK {blockData=conID: 3 locID: 102734077156393663 bcsId: 5442} | ret=SUCCESS |  
2019-09-04 11:46:52,897 | INFO  | DNAudit | user=null | ip=null | op=WRITE_CHUNK {blockData=conID: 3 locID: 102734077156393663 bcsId: 5442} | ret=SUCCESS |  
2019-09-04 11:46:52,908 | INFO  | DNAudit | user=null | ip=null | op=WRITE_CHUNK {blockData=conID: 3 locID: 102734077156393663 bcsId: 5442} | ret=SUCCESS |  
2019-09-04 11:46:52,909 | INFO  | DNAudit | user=null | ip=null | op=PUT_BLOCK {blockData=[blockId=conID: 3 locID: 102734077156393663 bcsId: 0,size=3145728]} | ret=SUCCESS |  
2019-09-04 11:46:52,909 [grpc-default-executor-4] INFO  client.GrpcClientProtocolClient (GrpcClientProtocolClient.java:onNext(255)) - client-D5CE890D7D9E->efcb8ff8-f060-4d95-9215-d0f5eb4af037: receive RaftClientReply:client-D5CE890D7D9E->efcb8ff8-f060-4d95-9215-d0f5eb4af037@group-0959F8DF43ED, cid=3595, SUCCESS, logIndex=5447, commits[efcb8ff8-f060-4d95-9215-d0f5eb4af037:c5448, 6fae8b02-e804-4c0e-b729-a97b7404b7f6:c5446, 4c3e8a66-6975-4917-8225-d3efe707aaff:c5446]
2019-09-04 11:46:52,909 [grpc-default-executor-4] INFO  client.GrpcClientProtocolClient (GrpcClientProtocolClient.java:onNext(255)) - client-D5CE890D7D9E->efcb8ff8-f060-4d95-9215-d0f5eb4af037: receive RaftClientReply:client-D5CE890D7D9E->efcb8ff8-f060-4d95-9215-d0f5eb4af037@group-0959F8DF43ED, cid=3596, SUCCESS, logIndex=5448, commits[efcb8ff8-f060-4d95-9215-d0f5eb4af037:c5448, 6fae8b02-e804-4c0e-b729-a97b7404b7f6:c5446, 4c3e8a66-6975-4917-8225-d3efe707aaff:c5446]
2019-09-04 11:46:52,917 | INFO  | DNAudit | user=null | ip=null | op=WRITE_CHUNK {blockData=conID: 3 locID: 102734077156393663 bcsId: 5448} | ret=SUCCESS |  
2019-09-04 11:46:52,919 | INFO  | DNAudit | user=null | ip=null | op=WRITE_CHUNK {blockData=conID: 3 locID: 102734077156393663 bcsId: 5448} | ret=SUCCESS |  
2019-09-04 11:46:52,919 | INFO  | DNAudit | user=null | ip=null | op=WRITE_CHUNK {blockData=conID: 3 locID: 102734077156393663 bcsId: 5448} | ret=SUCCESS |  
2019-09-04 11:46:52,929 | INFO  | DNAudit | user=null | ip=null | op=WRITE_CHUNK {blockData=conID: 3 locID: 102734077156393663 bcsId: 5442} | ret=SUCCESS |  
2019-09-04 11:46:52,930 | INFO  | DNAudit | user=null | ip=null | op=WRITE_CHUNK {blockData=conID: 3 locID: 102734077156393663 bcsId: 5442} | ret=SUCCESS |  
2019-09-04 11:46:52,930 | INFO  | DNAudit | user=null | ip=null | op=PUT_BLOCK {blockData=[blockId=conID: 3 locID: 102734077156393663 bcsId: 0,size=3145728]} | ret=SUCCESS |  
2019-09-04 11:46:52,931 | INFO  | DNAudit | user=null | ip=null | op=WRITE_CHUNK {blockData=conID: 3 locID: 102734077156393663 bcsId: 5448} | ret=SUCCESS |  
2019-09-04 11:46:52,931 | INFO  | DNAudit | user=null | ip=null | op=PUT_BLOCK {blockData=[blockId=conID: 3 locID: 102734077156393663 bcsId: 0,size=3145728]} | ret=SUCCESS |  
2019-09-04 11:46:52,931 | INFO  | DNAudit | user=null | ip=null | op=PUT_BLOCK {blockData=[blockId=conID: 3 locID: 102734077156393663 bcsId: 0,size=4194304]} | ret=SUCCESS |  
2019-09-04 11:46:52,932 [grpc-default-executor-5] INFO  client.GrpcClientProtocolClient (GrpcClientProtocolClient.java:onNext(255)) - client-D5CE890D7D9E->efcb8ff8-f060-4d95-9215-d0f5eb4af037: receive RaftClientReply:client-D5CE890D7D9E->efcb8ff8-f060-4d95-9215-d0f5eb4af037@group-0959F8DF43ED, cid=3597, SUCCESS, logIndex=5451, commits[efcb8ff8-f060-4d95-9215-d0f5eb4af037:c5452, 6fae8b02-e804-4c0e-b729-a97b7404b7f6:c5448, 4c3e8a66-6975-4917-8225-d3efe707aaff:c5447]
2019-09-04 11:46:52,932 [grpc-default-executor-5] INFO  client.GrpcClientProtocolClient (GrpcClientProtocolClient.java:onNext(255)) - client-D5CE890D7D9E->efcb8ff8-f060-4d95-9215-d0f5eb4af037: receive RaftClientReply:client-D5CE890D7D9E->efcb8ff8-f060-4d95-9215-d0f5eb4af037@group-0959F8DF43ED, cid=3598, SUCCESS, logIndex=5452, commits[efcb8ff8-f060-4d95-9215-d0f5eb4af037:c5452, 6fae8b02-e804-4c0e-b729-a97b7404b7f6:c5448, 4c3e8a66-6975-4917-8225-d3efe707aaff:c5448]
2019-09-04 11:46:52,942 | INFO  | DNAudit | user=null | ip=null | op=WRITE_CHUNK {blockData=conID: 3 locID: 102734077156393663 bcsId: 5448} | ret=SUCCESS |  
2019-09-04 11:46:52,943 | INFO  | DNAudit | user=null | ip=null | op=WRITE_CHUNK {blockData=conID: 3 locID: 102734077156393663 bcsId: 5448} | ret=SUCCESS |  
2019-09-04 11:46:52,943 | INFO  | DNAudit | user=null | ip=null | op=PUT_BLOCK {blockData=[blockId=conID: 3 locID: 102734077156393663 bcsId: 0,size=4194304]} | ret=SUCCESS |  
2019-09-04 11:46:52,944 | INFO  | DNAudit | user=null | ip=null | op=PUT_BLOCK {blockData=[blockId=conID: 3 locID: 102734077156393663 bcsId: 0,size=4194304]} | ret=SUCCESS |  
2019-09-04 11:46:52,944 [grpc-default-executor-5] INFO  client.GrpcClientProtocolClient (GrpcClientProtocolClient.java:onNext(255)) - client-D5CE890D7D9E->efcb8ff8-f060-4d95-9215-d0f5eb4af037: receive RaftClientReply:client-D5CE890D7D9E->efcb8ff8-f060-4d95-9215-d0f5eb4af037@group-0959F8DF43ED, cid=3599, SUCCESS, logIndex=0, commits[efcb8ff8-f060-4d95-9215-d0f5eb4af037:c5454, 6fae8b02-e804-4c0e-b729-a97b7404b7f6:c5452, 4c3e8a66-6975-4917-8225-d3efe707aaff:c5452]
2019-09-04 11:46:52,951 | INFO  | SCMAudit | user=jenkins1000 | ip=192.168.36.67 | op=ALLOCATE_BLOCK {owner=8ab292a2-aaa7-4ad8-863a-d33994811155, size=4194304, type=RATIS, factor=THREE} | ret=SUCCESS |  
2019-09-04 11:46:52,955 | INFO  | OMAudit | user=jenkins1000 | ip=127.0.0.1 | op=ALLOCATE_BLOCK {volume=vol-0-58699, bucket=bucket-0-57464, key=key-0-37266, dataSize=0, replicationType=null, replicationFactor=null, keyLocationInfo=null, clientID=102734073355960722} | ret=SUCCESS |  
2019-09-04 11:46:52,962 | INFO  | DNAudit | user=null | ip=null | op=WRITE_CHUNK {blockData=conID: 1 locID: 102734077162357440 bcsId: 0} | ret=SUCCESS |  
2019-09-04 11:46:52,965 | INFO  | DNAudit | user=null | ip=null | op=WRITE_CHUNK {blockData=conID: 1 locID: 102734077162357440 bcsId: 0} | ret=SUCCESS |  
2019-09-04 11:46:52,965 | INFO  | DNAudit | user=null | ip=null | op=WRITE_CHUNK {blockData=conID: 1 locID: 102734077162357440 bcsId: 0} | ret=SUCCESS |  
2019-09-04 11:46:52,965 | INFO  | DNAudit | user=null | ip=null | op=WRITE_CHUNK {blockData=conID: 1 locID: 102734077162357440 bcsId: 0} | ret=SUCCESS |  
2019-09-04 11:46:52,967 | INFO  | DNAudit | user=null | ip=null | op=WRITE_CHUNK {blockData=conID: 1 locID: 102734077162357440 bcsId: 0} | ret=SUCCESS |  
2019-09-04 11:46:52,968 | INFO  | DNAudit | user=null | ip=null | op=WRITE_CHUNK {blockData=conID: 1 locID: 102734077162357440 bcsId: 0} | ret=SUCCESS |  
2019-09-04 11:46:52,977 | INFO  | DNAudit | user=null | ip=null | op=WRITE_CHUNK {blockData=conID: 1 locID: 102734077162357440 bcsId: 0} | ret=SUCCESS |  
2019-09-04 11:46:52,977 | INFO  | DNAudit | user=null | ip=null | op=PUT_BLOCK {blockData=[blockId=conID: 1 locID: 102734077162357440 bcsId: 0,size=1048576]} | ret=SUCCESS |  
2019-09-04 11:46:52,977 [grpc-default-executor-5] INFO  client.GrpcClientProtocolClient (GrpcClientProtocolClient.java:onNext(255)) - client-D5CE890D7D9E->efcb8ff8-f060-4d95-9215-d0f5eb4af037: receive RaftClientReply:client-D5CE890D7D9E->efcb8ff8-f060-4d95-9215-d0f5eb4af037@group-0959F8DF43ED, cid=3600, SUCCESS, logIndex=5455, commits[efcb8ff8-f060-4d95-9215-d0f5eb4af037:c5456, 6fae8b02-e804-4c0e-b729-a97b7404b7f6:c5454, 4c3e8a66-6975-4917-8225-d3efe707aaff:c5454]
2019-09-04 11:46:52,978 [grpc-default-executor-4] INFO  client.GrpcClientProtocolClient (GrpcClientProtocolClient.java:onNext(255)) - client-D5CE890D7D9E->efcb8ff8-f060-4d95-9215-d0f5eb4af037: receive RaftClientReply:client-D5CE890D7D9E->efcb8ff8-f060-4d95-9215-d0f5eb4af037@group-0959F8DF43ED, cid=3601, SUCCESS, logIndex=5456, commits[efcb8ff8-f060-4d95-9215-d0f5eb4af037:c5456, 6fae8b02-e804-4c0e-b729-a97b7404b7f6:c5454, 4c3e8a66-6975-4917-8225-d3efe707aaff:c5454]
2019-09-04 11:46:52,999 | INFO  | DNAudit | user=null | ip=null | op=WRITE_CHUNK {blockData=conID: 1 locID: 102734077162357440 bcsId: 0} | ret=SUCCESS |  
2019-09-04 11:46:53,000 | INFO  | DNAudit | user=null | ip=null | op=PUT_BLOCK {blockData=[blockId=conID: 1 locID: 102734077162357440 bcsId: 0,size=2097152]} | ret=SUCCESS |  
2019-09-04 11:46:53,000 [grpc-default-executor-4] INFO  client.GrpcClientProtocolClient (GrpcClientProtocolClient.java:onNext(255)) - client-D5CE890D7D9E->efcb8ff8-f060-4d95-9215-d0f5eb4af037: receive RaftClientReply:client-D5CE890D7D9E->efcb8ff8-f060-4d95-9215-d0f5eb4af037@group-0959F8DF43ED, cid=3602, SUCCESS, logIndex=5457, commits[efcb8ff8-f060-4d95-9215-d0f5eb4af037:c5458, 6fae8b02-e804-4c0e-b729-a97b7404b7f6:c5454, 4c3e8a66-6975-4917-8225-d3efe707aaff:c5454]
2019-09-04 11:46:53,000 | INFO  | DNAudit | user=null | ip=null | op=WRITE_CHUNK {blockData=conID: 1 locID: 102734077162357440 bcsId: 0} | ret=SUCCESS |  
2019-09-04 11:46:53,001 | INFO  | DNAudit | user=null | ip=null | op=PUT_BLOCK {blockData=[blockId=conID: 1 locID: 102734077162357440 bcsId: 0,size=1048576]} | ret=SUCCESS |  
2019-09-04 11:46:53,000 [grpc-default-executor-4] INFO  client.GrpcClientProtocolClient (GrpcClientProtocolClient.java:onNext(255)) - client-D5CE890D7D9E->efcb8ff8-f060-4d95-9215-d0f5eb4af037: receive RaftClientReply:client-D5CE890D7D9E->efcb8ff8-f060-4d95-9215-d0f5eb4af037@group-0959F8DF43ED, cid=3603, SUCCESS, logIndex=5458, commits[efcb8ff8-f060-4d95-9215-d0f5eb4af037:c5458, 6fae8b02-e804-4c0e-b729-a97b7404b7f6:c5454, 4c3e8a66-6975-4917-8225-d3efe707aaff:c5454]
2019-09-04 11:46:53,018 | INFO  | DNAudit | user=null | ip=null | op=WRITE_CHUNK {blockData=conID: 1 locID: 102734077162357440 bcsId: 0} | ret=SUCCESS |  
2019-09-04 11:46:53,018 | INFO  | DNAudit | user=null | ip=null | op=PUT_BLOCK {blockData=[blockId=conID: 1 locID: 102734077162357440 bcsId: 0,size=2097152]} | ret=SUCCESS |  
2019-09-04 11:46:53,019 | INFO  | DNAudit | user=null | ip=null | op=WRITE_CHUNK {blockData=conID: 1 locID: 102734077162357440 bcsId: 0} | ret=SUCCESS |  
2019-09-04 11:46:53,020 | INFO  | DNAudit | user=null | ip=null | op=PUT_BLOCK {blockData=[blockId=conID: 1 locID: 102734077162357440 bcsId: 0,size=1048576]} | ret=SUCCESS |  
2019-09-04 11:46:53,020 | INFO  | DNAudit | user=null | ip=null | op=WRITE_CHUNK {blockData=conID: 1 locID: 102734077162357440 bcsId: 0} | ret=SUCCESS |  
2019-09-04 11:46:53,020 [grpc-default-executor-4] INFO  client.GrpcClientProtocolClient (GrpcClientProtocolClient.java:onNext(255)) - client-D5CE890D7D9E->efcb8ff8-f060-4d95-9215-d0f5eb4af037: receive RaftClientReply:client-D5CE890D7D9E->efcb8ff8-f060-4d95-9215-d0f5eb4af037@group-0959F8DF43ED, cid=3604, SUCCESS, logIndex=0, commits[efcb8ff8-f060-4d95-9215-d0f5eb4af037:c5462, 6fae8b02-e804-4c0e-b729-a97b7404b7f6:c5458, 4c3e8a66-6975-4917-8225-d3efe707aaff:c5456]
2019-09-04 11:46:53,020 | INFO  | DNAudit | user=null | ip=null | op=PUT_BLOCK {blockData=[blockId=conID: 1 locID: 102734077162357440 bcsId: 0,size=2097152]} | ret=SUCCESS |  
2019-09-04 11:46:53,026 | INFO  | DNAudit | user=null | ip=null | op=WRITE_CHUNK {blockData=conID: 1 locID: 102734077162357440 bcsId: 5458} | ret=SUCCESS |  
2019-09-04 11:46:53,029 | INFO  | DNAudit | user=null | ip=null | op=WRITE_CHUNK {blockData=conID: 1 locID: 102734077162357440 bcsId: 5458} | ret=SUCCESS |  
2019-09-04 11:46:53,029 | INFO  | DNAudit | user=null | ip=null | op=WRITE_CHUNK {blockData=conID: 1 locID: 102734077162357440 bcsId: 5458} | ret=SUCCESS |  
2019-09-04 11:46:53,046 | INFO  | DNAudit | user=null | ip=null | op=WRITE_CHUNK {blockData=conID: 1 locID: 102734077162357440 bcsId: 5458} | ret=SUCCESS |  
2019-09-04 11:46:53,046 | INFO  | DNAudit | user=null | ip=null | op=PUT_BLOCK {blockData=[blockId=conID: 1 locID: 102734077162357440 bcsId: 0,size=3145728]} | ret=SUCCESS |  
2019-09-04 11:46:53,046 [grpc-default-executor-1] INFO  client.GrpcClientProtocolClient (GrpcClientProtocolClient.java:onNext(255)) - client-D5CE890D7D9E->efcb8ff8-f060-4d95-9215-d0f5eb4af037: receive RaftClientReply:client-D5CE890D7D9E->efcb8ff8-f060-4d95-9215-d0f5eb4af037@group-0959F8DF43ED, cid=3605, SUCCESS, logIndex=5463, commits[efcb8ff8-f060-4d95-9215-d0f5eb4af037:c5464, 6fae8b02-e804-4c0e-b729-a97b7404b7f6:c5462, 4c3e8a66-6975-4917-8225-d3efe707aaff:c5462]
2019-09-04 11:46:53,047 [grpc-default-executor-1] INFO  client.GrpcClientProtocolClient (GrpcClientProtocolClient.java:onNext(255)) - client-D5CE890D7D9E->efcb8ff8-f060-4d95-9215-d0f5eb4af037: receive RaftClientReply:client-D5CE890D7D9E->efcb8ff8-f060-4d95-9215-d0f5eb4af037@group-0959F8DF43ED, cid=3606, SUCCESS, logIndex=5464, commits[efcb8ff8-f060-4d95-9215-d0f5eb4af037:c5464, 6fae8b02-e804-4c0e-b729-a97b7404b7f6:c5462, 4c3e8a66-6975-4917-8225-d3efe707aaff:c5462]
2019-09-04 11:46:53,054 | INFO  | DNAudit | user=null | ip=null | op=WRITE_CHUNK {blockData=conID: 1 locID: 102734077162357440 bcsId: 5464} | ret=SUCCESS |  
2019-09-04 11:46:53,056 | INFO  | DNAudit | user=null | ip=null | op=WRITE_CHUNK {blockData=conID: 1 locID: 102734077162357440 bcsId: 5464} | ret=SUCCESS |  
2019-09-04 11:46:53,056 | INFO  | DNAudit | user=null | ip=null | op=WRITE_CHUNK {blockData=conID: 1 locID: 102734077162357440 bcsId: 5464} | ret=SUCCESS |  
2019-09-04 11:46:53,058 | INFO  | DNAudit | user=null | ip=null | op=WRITE_CHUNK {blockData=conID: 1 locID: 102734077162357440 bcsId: 5458} | ret=SUCCESS |  
2019-09-04 11:46:53,058 | INFO  | DNAudit | user=null | ip=null | op=WRITE_CHUNK {blockData=conID: 1 locID: 102734077162357440 bcsId: 5458} | ret=SUCCESS |  
2019-09-04 11:46:53,059 | INFO  | DNAudit | user=null | ip=null | op=PUT_BLOCK {blockData=[blockId=conID: 1 locID: 102734077162357440 bcsId: 0,size=3145728]} | ret=SUCCESS |  
2019-09-04 11:46:53,059 | INFO  | DNAudit | user=null | ip=null | op=PUT_BLOCK {blockData=[blockId=conID: 1 locID: 102734077162357440 bcsId: 0,size=3145728]} | ret=SUCCESS |  
2019-09-04 11:46:53,060 | INFO  | DNAudit | user=null | ip=null | op=WRITE_CHUNK {blockData=conID: 1 locID: 102734077162357440 bcsId: 5464} | ret=SUCCESS |  
2019-09-04 11:46:53,061 | INFO  | DNAudit | user=null | ip=null | op=PUT_BLOCK {blockData=[blockId=conID: 1 locID: 102734077162357440 bcsId: 0,size=4194304]} | ret=SUCCESS |  
2019-09-04 11:46:53,061 [grpc-default-executor-1] INFO  client.GrpcClientProtocolClient (GrpcClientProtocolClient.java:onNext(255)) - client-D5CE890D7D9E->efcb8ff8-f060-4d95-9215-d0f5eb4af037: receive RaftClientReply:client-D5CE890D7D9E->efcb8ff8-f060-4d95-9215-d0f5eb4af037@group-0959F8DF43ED, cid=3607, SUCCESS, logIndex=5467, commits[efcb8ff8-f060-4d95-9215-d0f5eb4af037:c5468, 6fae8b02-e804-4c0e-b729-a97b7404b7f6:c5464, 4c3e8a66-6975-4917-8225-d3efe707aaff:c5464]
2019-09-04 11:46:53,061 [grpc-default-executor-5] INFO  client.GrpcClientProtocolClient (GrpcClientProtocolClient.java:onNext(255)) - client-D5CE890D7D9E->efcb8ff8-f060-4d95-9215-d0f5eb4af037: receive RaftClientReply:client-D5CE890D7D9E->efcb8ff8-f060-4d95-9215-d0f5eb4af037@group-0959F8DF43ED, cid=3608, SUCCESS, logIndex=5468, commits[efcb8ff8-f060-4d95-9215-d0f5eb4af037:c5468, 6fae8b02-e804-4c0e-b729-a97b7404b7f6:c5464, 4c3e8a66-6975-4917-8225-d3efe707aaff:c5464]
 0.00% |█                                                                                                    |  0/1 Time: 0:00:582019-09-04 11:46:53,068 | INFO  | DNAudit | user=null | ip=null | op=WRITE_CHUNK {blockData=conID: 1 locID: 102734077162357440 bcsId: 5464} | ret=SUCCESS |  
2019-09-04 11:46:53,068 | INFO  | DNAudit | user=null | ip=null | op=WRITE_CHUNK {blockData=conID: 1 locID: 102734077162357440 bcsId: 5464} | ret=SUCCESS |  
2019-09-04 11:46:53,069 | INFO  | DNAudit | user=null | ip=null | op=PUT_BLOCK {blockData=[blockId=conID: 1 locID: 102734077162357440 bcsId: 0,size=4194304]} | ret=SUCCESS |  
2019-09-04 11:46:53,069 | INFO  | DNAudit | user=null | ip=null | op=PUT_BLOCK {blockData=[blockId=conID: 1 locID: 102734077162357440 bcsId: 0,size=4194304]} | ret=SUCCESS |  
2019-09-04 11:46:53,069 [grpc-default-executor-5] INFO  client.GrpcClientProtocolClient (GrpcClientProtocolClient.java:onNext(255)) - client-D5CE890D7D9E->efcb8ff8-f060-4d95-9215-d0f5eb4af037: receive RaftClientReply:client-D5CE890D7D9E->efcb8ff8-f060-4d95-9215-d0f5eb4af037@group-0959F8DF43ED, cid=3609, SUCCESS, logIndex=0, commits[efcb8ff8-f060-4d95-9215-d0f5eb4af037:c5470, 6fae8b02-e804-4c0e-b729-a97b7404b7f6:c5468, 4c3e8a66-6975-4917-8225-d3efe707aaff:c5468]
2019-09-04 11:46:53,078 | INFO  | SCMAudit | user=jenkins1000 | ip=192.168.36.67 | op=ALLOCATE_BLOCK {owner=8ab292a2-aaa7-4ad8-863a-d33994811155, size=4194304, type=RATIS, factor=THREE} | ret=SUCCESS |  
2019-09-04 11:46:53,084 | INFO  | OMAudit | user=jenkins1000 | ip=127.0.0.1 | op=ALLOCATE_BLOCK {volume=vol-0-58699, bucket=bucket-0-57464, key=key-0-37266, dataSize=0, replicationType=null, replicationFactor=null, keyLocationInfo=null, clientID=102734073355960722} | ret=SUCCESS |  
2019-09-04 11:46:53,093 | INFO  | DNAudit | user=null | ip=null | op=WRITE_CHUNK {blockData=conID: 2 locID: 102734077170680513 bcsId: 0} | ret=SUCCESS |  
2019-09-04 11:46:53,095 | INFO  | DNAudit | user=null | ip=null | op=WRITE_CHUNK {blockData=conID: 2 locID: 102734077170680513 bcsId: 0} | ret=SUCCESS |  
2019-09-04 11:46:53,096 | INFO  | DNAudit | user=null | ip=null | op=WRITE_CHUNK {blockData=conID: 2 locID: 102734077170680513 bcsId: 0} | ret=SUCCESS |  
2019-09-04 11:46:53,097 | INFO  | DNAudit | user=null | ip=null | op=WRITE_CHUNK {blockData=conID: 2 locID: 102734077170680513 bcsId: 0} | ret=SUCCESS |  
2019-09-04 11:46:53,098 | INFO  | DNAudit | user=null | ip=null | op=WRITE_CHUNK {blockData=conID: 2 locID: 102734077170680513 bcsId: 0} | ret=SUCCESS |  
2019-09-04 11:46:53,099 | INFO  | DNAudit | user=null | ip=null | op=WRITE_CHUNK {blockData=conID: 2 locID: 102734077170680513 bcsId: 0} | ret=SUCCESS |  
2019-09-04 11:46:53,109 | INFO  | DNAudit | user=null | ip=null | op=WRITE_CHUNK {blockData=conID: 2 locID: 102734077170680513 bcsId: 0} | ret=SUCCESS |  
2019-09-04 11:46:53,110 | INFO  | DNAudit | user=null | ip=null | op=PUT_BLOCK {blockData=[blockId=conID: 2 locID: 102734077170680513 bcsId: 0,size=1048576]} | ret=SUCCESS |  
2019-09-04 11:46:53,110 [grpc-default-executor-5] INFO  client.GrpcClientProtocolClient (GrpcClientProtocolClient.java:onNext(255)) - client-D5CE890D7D9E->efcb8ff8-f060-4d95-9215-d0f5eb4af037: receive RaftClientReply:client-D5CE890D7D9E->efcb8ff8-f060-4d95-9215-d0f5eb4af037@group-0959F8DF43ED, cid=3610, SUCCESS, logIndex=5471, commits[efcb8ff8-f060-4d95-9215-d0f5eb4af037:c5472, 6fae8b02-e804-4c0e-b729-a97b7404b7f6:c5468, 4c3e8a66-6975-4917-8225-d3efe707aaff:c5470]
2019-09-04 11:46:53,110 | INFO  | DNAudit | user=null | ip=null | op=WRITE_CHUNK {blockData=conID: 2 locID: 102734077170680513 bcsId: 0} | ret=SUCCESS |  
2019-09-04 11:46:53,110 | INFO  | DNAudit | user=null | ip=null | op=PUT_BLOCK {blockData=[blockId=conID: 2 locID: 102734077170680513 bcsId: 0,size=2097152]} | ret=SUCCESS |  
2019-09-04 11:46:53,111 | INFO  | DNAudit | user=null | ip=null | op=WRITE_CHUNK {blockData=conID: 2 locID: 102734077170680513 bcsId: 0} | ret=SUCCESS |  
2019-09-04 11:46:53,111 [grpc-default-executor-4] INFO  client.GrpcClientProtocolClient (GrpcClientProtocolClient.java:onNext(255)) - client-D5CE890D7D9E->efcb8ff8-f060-4d95-9215-d0f5eb4af037: receive RaftClientReply:client-D5CE890D7D9E->efcb8ff8-f060-4d95-9215-d0f5eb4af037@group-0959F8DF43ED, cid=3611, SUCCESS, logIndex=5472, commits[efcb8ff8-f060-4d95-9215-d0f5eb4af037:c5472, 6fae8b02-e804-4c0e-b729-a97b7404b7f6:c5470, 4c3e8a66-6975-4917-8225-d3efe707aaff:c5470]
2019-09-04 11:46:53,111 | INFO  | DNAudit | user=null | ip=null | op=PUT_BLOCK {blockData=[blockId=conID: 2 locID: 102734077170680513 bcsId: 0,size=1048576]} | ret=SUCCESS |  
2019-09-04 11:46:53,111 | INFO  | DNAudit | user=null | ip=null | op=WRITE_CHUNK {blockData=conID: 2 locID: 102734077170680513 bcsId: 0} | ret=SUCCESS |  
2019-09-04 11:46:53,111 [grpc-default-executor-4] INFO  client.GrpcClientProtocolClient (GrpcClientProtocolClient.java:onNext(255)) - client-D5CE890D7D9E->efcb8ff8-f060-4d95-9215-d0f5eb4af037: receive RaftClientReply:client-D5CE890D7D9E->efcb8ff8-f060-4d95-9215-d0f5eb4af037@group-0959F8DF43ED, cid=3612, SUCCESS, logIndex=5473, commits[efcb8ff8-f060-4d95-9215-d0f5eb4af037:c5474, 6fae8b02-e804-4c0e-b729-a97b7404b7f6:c5470, 4c3e8a66-6975-4917-8225-d3efe707aaff:c5470]
2019-09-04 11:46:53,111 | INFO  | DNAudit | user=null | ip=null | op=PUT_BLOCK {blockData=[blockId=conID: 2 locID: 102734077170680513 bcsId: 0,size=1048576]} | ret=SUCCESS |  
2019-09-04 11:46:53,111 [grpc-default-executor-4] INFO  client.GrpcClientProtocolClient (GrpcClientProtocolClient.java:onNext(255)) - client-D5CE890D7D9E->efcb8ff8-f060-4d95-9215-d0f5eb4af037: receive RaftClientReply:client-D5CE890D7D9E->efcb8ff8-f060-4d95-9215-d0f5eb4af037@group-0959F8DF43ED, cid=3613, SUCCESS, logIndex=5474, commits[efcb8ff8-f060-4d95-9215-d0f5eb4af037:c5474, 6fae8b02-e804-4c0e-b729-a97b7404b7f6:c5470, 4c3e8a66-6975-4917-8225-d3efe707aaff:c5470]
2019-09-04 11:46:53,112 | INFO  | DNAudit | user=null | ip=null | op=WRITE_CHUNK {blockData=conID: 2 locID: 102734077170680513 bcsId: 0} | ret=SUCCESS |  
2019-09-04 11:46:53,112 | INFO  | DNAudit | user=null | ip=null | op=PUT_BLOCK {blockData=[blockId=conID: 2 locID: 102734077170680513 bcsId: 0,size=2097152]} | ret=SUCCESS |  
2019-09-04 11:46:53,112 [grpc-default-executor-5] INFO  client.GrpcClientProtocolClient (GrpcClientProtocolClient.java:onNext(255)) - client-D5CE890D7D9E->efcb8ff8-f060-4d95-9215-d0f5eb4af037: receive RaftClientReply:client-D5CE890D7D9E->efcb8ff8-f060-4d95-9215-d0f5eb4af037@group-0959F8DF43ED, cid=3614, SUCCESS, logIndex=0, commits[efcb8ff8-f060-4d95-9215-d0f5eb4af037:c5477, 6fae8b02-e804-4c0e-b729-a97b7404b7f6:c5474, 4c3e8a66-6975-4917-8225-d3efe707aaff:c5472]
2019-09-04 11:46:53,112 | INFO  | DNAudit | user=null | ip=null | op=WRITE_CHUNK {blockData=conID: 2 locID: 102734077170680513 bcsId: 0} | ret=SUCCESS |  
2019-09-04 11:46:53,113 | INFO  | DNAudit | user=null | ip=null | op=PUT_BLOCK {blockData=[blockId=conID: 2 locID: 102734077170680513 bcsId: 0,size=2097152]} | ret=SUCCESS |  
2019-09-04 11:46:53,119 | INFO  | DNAudit | user=null | ip=null | op=WRITE_CHUNK {blockData=conID: 2 locID: 102734077170680513 bcsId: 5474} | ret=SUCCESS |  
2019-09-04 11:46:53,122 | INFO  | DNAudit | user=null | ip=null | op=WRITE_CHUNK {blockData=conID: 2 locID: 102734077170680513 bcsId: 5474} | ret=SUCCESS |  
2019-09-04 11:46:53,122 | INFO  | DNAudit | user=null | ip=null | op=WRITE_CHUNK {blockData=conID: 2 locID: 102734077170680513 bcsId: 5474} | ret=SUCCESS |  
2019-09-04 11:46:53,130 | INFO  | DNAudit | user=null | ip=null | op=WRITE_CHUNK {blockData=conID: 2 locID: 102734077170680513 bcsId: 5474} | ret=SUCCESS |  
2019-09-04 11:46:53,130 | INFO  | DNAudit | user=null | ip=null | op=PUT_BLOCK {blockData=[blockId=conID: 2 locID: 102734077170680513 bcsId: 0,size=3145728]} | ret=SUCCESS |  
2019-09-04 11:46:53,130 [grpc-default-executor-4] INFO  client.GrpcClientProtocolClient (GrpcClientProtocolClient.java:onNext(255)) - client-D5CE890D7D9E->efcb8ff8-f060-4d95-9215-d0f5eb4af037: receive RaftClientReply:client-D5CE890D7D9E->efcb8ff8-f060-4d95-9215-d0f5eb4af037@group-0959F8DF43ED, cid=3615, SUCCESS, logIndex=5479, commits[efcb8ff8-f060-4d95-9215-d0f5eb4af037:c5480, 6fae8b02-e804-4c0e-b729-a97b7404b7f6:c5478, 4c3e8a66-6975-4917-8225-d3efe707aaff:c5478]
2019-09-04 11:46:53,130 [grpc-default-executor-4] INFO  client.GrpcClientProtocolClient (GrpcClientProtocolClient.java:onNext(255)) - client-D5CE890D7D9E->efcb8ff8-f060-4d95-9215-d0f5eb4af037: receive RaftClientReply:client-D5CE890D7D9E->efcb8ff8-f060-4d95-9215-d0f5eb4af037@group-0959F8DF43ED, cid=3616, SUCCESS, logIndex=5480, commits[efcb8ff8-f060-4d95-9215-d0f5eb4af037:c5480, 6fae8b02-e804-4c0e-b729-a97b7404b7f6:c5478, 4c3e8a66-6975-4917-8225-d3efe707aaff:c5478]
2019-09-04 11:46:53,137 | INFO  | DNAudit | user=null | ip=null | op=WRITE_CHUNK {blockData=conID: 2 locID: 102734077170680513 bcsId: 5480} | ret=SUCCESS |  
2019-09-04 11:46:53,137 | INFO  | DNAudit | user=null | ip=null | op=WRITE_CHUNK {blockData=conID: 2 locID: 102734077170680513 bcsId: 5474} | ret=SUCCESS |  
2019-09-04 11:46:53,137 | INFO  | DNAudit | user=null | ip=null | op=WRITE_CHUNK {blockData=conID: 2 locID: 102734077170680513 bcsId: 5474} | ret=SUCCESS |  
2019-09-04 11:46:53,137 | INFO  | DNAudit | user=null | ip=null | op=PUT_BLOCK {blockData=[blockId=conID: 2 locID: 102734077170680513 bcsId: 0,size=3145728]} | ret=SUCCESS |  
2019-09-04 11:46:53,137 | INFO  | DNAudit | user=null | ip=null | op=PUT_BLOCK {blockData=[blockId=conID: 2 locID: 102734077170680513 bcsId: 0,size=3145728]} | ret=SUCCESS |  
2019-09-04 11:46:53,138 | INFO  | DNAudit | user=null | ip=null | op=WRITE_CHUNK {blockData=conID: 2 locID: 102734077170680513 bcsId: 5480} | ret=SUCCESS |  
2019-09-04 11:46:53,138 | INFO  | DNAudit | user=null | ip=null | op=WRITE_CHUNK {blockData=conID: 2 locID: 102734077170680513 bcsId: 5480} | ret=SUCCESS |  
2019-09-04 11:46:53,148 | INFO  | DNAudit | user=null | ip=null | op=WRITE_CHUNK {blockData=conID: 2 locID: 102734077170680513 bcsId: 5480} | ret=SUCCESS |  
2019-09-04 11:46:53,149 | INFO  | DNAudit | user=null | ip=null | op=PUT_BLOCK {blockData=[blockId=conID: 2 locID: 102734077170680513 bcsId: 0,size=4194304]} | ret=SUCCESS |  
2019-09-04 11:46:53,149 [grpc-default-executor-5] INFO  client.GrpcClientProtocolClient (GrpcClientProtocolClient.java:onNext(255)) - client-D5CE890D7D9E->efcb8ff8-f060-4d95-9215-d0f5eb4af037: receive RaftClientReply:client-D5CE890D7D9E->efcb8ff8-f060-4d95-9215-d0f5eb4af037@group-0959F8DF43ED, cid=3617, SUCCESS, logIndex=5483, commits[efcb8ff8-f060-4d95-9215-d0f5eb4af037:c5484, 6fae8b02-e804-4c0e-b729-a97b7404b7f6:c5480, 4c3e8a66-6975-4917-8225-d3efe707aaff:c5480]
2019-09-04 11:46:53,149 [grpc-default-executor-5] INFO  client.GrpcClientProtocolClient (GrpcClientProtocolClient.java:onNext(255)) - client-D5CE890D7D9E->efcb8ff8-f060-4d95-9215-d0f5eb4af037: receive RaftClientReply:client-D5CE890D7D9E->efcb8ff8-f060-4d95-9215-d0f5eb4af037@group-0959F8DF43ED, cid=3618, SUCCESS, logIndex=5484, commits[efcb8ff8-f060-4d95-9215-d0f5eb4af037:c5484, 6fae8b02-e804-4c0e-b729-a97b7404b7f6:c5480, 4c3e8a66-6975-4917-8225-d3efe707aaff:c5480]
2019-09-04 11:46:53,150 | INFO  | DNAudit | user=null | ip=null | op=WRITE_CHUNK {blockData=conID: 2 locID: 102734077170680513 bcsId: 5480} | ret=SUCCESS |  
2019-09-04 11:46:53,150 | INFO  | DNAudit | user=null | ip=null | op=PUT_BLOCK {blockData=[blockId=conID: 2 locID: 102734077170680513 bcsId: 0,size=4194304]} | ret=SUCCESS |  
2019-09-04 11:46:53,150 | INFO  | DNAudit | user=null | ip=null | op=WRITE_CHUNK {blockData=conID: 2 locID: 102734077170680513 bcsId: 5480} | ret=SUCCESS |  
2019-09-04 11:46:53,150 | INFO  | DNAudit | user=null | ip=null | op=PUT_BLOCK {blockData=[blockId=conID: 2 locID: 102734077170680513 bcsId: 0,size=4194304]} | ret=SUCCESS |  
2019-09-04 11:46:53,151 [grpc-default-executor-5] INFO  client.GrpcClientProtocolClient (GrpcClientProtocolClient.java:onNext(255)) - client-D5CE890D7D9E->efcb8ff8-f060-4d95-9215-d0f5eb4af037: receive RaftClientReply:client-D5CE890D7D9E->efcb8ff8-f060-4d95-9215-d0f5eb4af037@group-0959F8DF43ED, cid=3619, SUCCESS, logIndex=0, commits[efcb8ff8-f060-4d95-9215-d0f5eb4af037:c5485, 6fae8b02-e804-4c0e-b729-a97b7404b7f6:c5484, 4c3e8a66-6975-4917-8225-d3efe707aaff:c5484]
2019-09-04 11:46:53,157 | INFO  | SCMAudit | user=jenkins1000 | ip=192.168.36.67 | op=ALLOCATE_BLOCK {owner=8ab292a2-aaa7-4ad8-863a-d33994811155, size=4194304, type=RATIS, factor=THREE} | ret=SUCCESS |  
2019-09-04 11:46:53,161 | INFO  | OMAudit | user=jenkins1000 | ip=127.0.0.1 | op=ALLOCATE_BLOCK {volume=vol-0-58699, bucket=bucket-0-57464, key=key-0-37266, dataSize=0, replicationType=null, replicationFactor=null, keyLocationInfo=null, clientID=102734073355960722} | ret=SUCCESS |  
2019-09-04 11:46:53,167 | INFO  | DNAudit | user=null | ip=null | op=WRITE_CHUNK {blockData=conID: 3 locID: 102734077175857858 bcsId: 0} | ret=SUCCESS |  
2019-09-04 11:46:53,169 | INFO  | DNAudit | user=null | ip=null | op=WRITE_CHUNK {blockData=conID: 3 locID: 102734077175857858 bcsId: 0} | ret=SUCCESS |  
2019-09-04 11:46:53,170 | INFO  | DNAudit | user=null | ip=null | op=WRITE_CHUNK {blockData=conID: 3 locID: 102734077175857858 bcsId: 0} | ret=SUCCESS |  
2019-09-04 11:46:53,170 | INFO  | DNAudit | user=null | ip=null | op=WRITE_CHUNK {blockData=conID: 3 locID: 102734077175857858 bcsId: 0} | ret=SUCCESS |  
2019-09-04 11:46:53,172 | INFO  | DNAudit | user=null | ip=null | op=WRITE_CHUNK {blockData=conID: 3 locID: 102734077175857858 bcsId: 0} | ret=SUCCESS |  
2019-09-04 11:46:53,172 | INFO  | DNAudit | user=null | ip=null | op=WRITE_CHUNK {blockData=conID: 3 locID: 102734077175857858 bcsId: 0} | ret=SUCCESS |  
2019-09-04 11:46:53,191 | INFO  | DNAudit | user=null | ip=null | op=WRITE_CHUNK {blockData=conID: 3 locID: 102734077175857858 bcsId: 0} | ret=SUCCESS |  
2019-09-04 11:46:53,192 | INFO  | DNAudit | user=null | ip=null | op=PUT_BLOCK {blockData=[blockId=conID: 3 locID: 102734077175857858 bcsId: 0,size=1048576]} | ret=SUCCESS |  
2019-09-04 11:46:53,192 [grpc-default-executor-1] INFO  client.GrpcClientProtocolClient (GrpcClientProtocolClient.java:onNext(255)) - client-D5CE890D7D9E->efcb8ff8-f060-4d95-9215-d0f5eb4af037: receive RaftClientReply:client-D5CE890D7D9E->efcb8ff8-f060-4d95-9215-d0f5eb4af037@group-0959F8DF43ED, cid=3620, SUCCESS, logIndex=5487, commits[efcb8ff8-f060-4d95-9215-d0f5eb4af037:c5488, 6fae8b02-e804-4c0e-b729-a97b7404b7f6:c5486, 4c3e8a66-6975-4917-8225-d3efe707aaff:c5486]
2019-09-04 11:46:53,192 | INFO  | DNAudit | user=null | ip=null | op=WRITE_CHUNK {blockData=conID: 3 locID: 102734077175857858 bcsId: 0} | ret=SUCCESS |  
2019-09-04 11:46:53,193 | INFO  | DNAudit | user=null | ip=null | op=PUT_BLOCK {blockData=[blockId=conID: 3 locID: 102734077175857858 bcsId: 0,size=2097152]} | ret=SUCCESS |  
2019-09-04 11:46:53,193 [grpc-default-executor-6] INFO  client.GrpcClientProtocolClient (GrpcClientProtocolClient.java:onNext(255)) - client-D5CE890D7D9E->efcb8ff8-f060-4d95-9215-d0f5eb4af037: receive RaftClientReply:client-D5CE890D7D9E->efcb8ff8-f060-4d95-9215-d0f5eb4af037@group-0959F8DF43ED, cid=3621, SUCCESS, logIndex=5488, commits[efcb8ff8-f060-4d95-9215-d0f5eb4af037:c5488, 6fae8b02-e804-4c0e-b729-a97b7404b7f6:c5486, 4c3e8a66-6975-4917-8225-d3efe707aaff:c5486]
2019-09-04 11:46:53,193 [grpc-default-executor-6] INFO  client.GrpcClientProtocolClient (GrpcClientProtocolClient.java:onNext(255)) - client-D5CE890D7D9E->efcb8ff8-f060-4d95-9215-d0f5eb4af037: receive RaftClientReply:client-D5CE890D7D9E->efcb8ff8-f060-4d95-9215-d0f5eb4af037@group-0959F8DF43ED, cid=3622, SUCCESS, logIndex=5489, commits[efcb8ff8-f060-4d95-9215-d0f5eb4af037:c5490, 6fae8b02-e804-4c0e-b729-a97b7404b7f6:c5486, 4c3e8a66-6975-4917-8225-d3efe707aaff:c5486]
2019-09-04 11:46:53,193 | INFO  | DNAudit | user=null | ip=null | op=WRITE_CHUNK {blockData=conID: 3 locID: 102734077175857858 bcsId: 0} | ret=SUCCESS |  
2019-09-04 11:46:53,193 [grpc-default-executor-6] INFO  client.GrpcClientProtocolClient (GrpcClientProtocolClient.java:onNext(255)) - client-D5CE890D7D9E->efcb8ff8-f060-4d95-9215-d0f5eb4af037: receive RaftClientReply:client-D5CE890D7D9E->efcb8ff8-f060-4d95-9215-d0f5eb4af037@group-0959F8DF43ED, cid=3623, SUCCESS, logIndex=5490, commits[efcb8ff8-f060-4d95-9215-d0f5eb4af037:c5490, 6fae8b02-e804-4c0e-b729-a97b7404b7f6:c5486, 4c3e8a66-6975-4917-8225-d3efe707aaff:c5486]
2019-09-04 11:46:53,193 | INFO  | DNAudit | user=null | ip=null | op=PUT_BLOCK {blockData=[blockId=conID: 3 locID: 102734077175857858 bcsId: 0,size=1048576]} | ret=SUCCESS |  
2019-09-04 11:46:53,194 | INFO  | DNAudit | user=null | ip=null | op=WRITE_CHUNK {blockData=conID: 3 locID: 102734077175857858 bcsId: 0} | ret=SUCCESS |  
2019-09-04 11:46:53,194 | INFO  | DNAudit | user=null | ip=null | op=PUT_BLOCK {blockData=[blockId=conID: 3 locID: 102734077175857858 bcsId: 0,size=2097152]} | ret=SUCCESS |  
2019-09-04 11:46:53,195 | INFO  | DNAudit | user=null | ip=null | op=WRITE_CHUNK {blockData=conID: 3 locID: 102734077175857858 bcsId: 0} | ret=SUCCESS |  
2019-09-04 11:46:53,195 | INFO  | DNAudit | user=null | ip=null | op=PUT_BLOCK {blockData=[blockId=conID: 3 locID: 102734077175857858 bcsId: 0,size=1048576]} | ret=SUCCESS |  
2019-09-04 11:46:53,195 | INFO  | DNAudit | user=null | ip=null | op=WRITE_CHUNK {blockData=conID: 3 locID: 102734077175857858 bcsId: 0} | ret=SUCCESS |  
2019-09-04 11:46:53,195 | INFO  | DNAudit | user=null | ip=null | op=PUT_BLOCK {blockData=[blockId=conID: 3 locID: 102734077175857858 bcsId: 0,size=2097152]} | ret=SUCCESS |  
2019-09-04 11:46:53,195 [grpc-default-executor-6] INFO  client.GrpcClientProtocolClient (GrpcClientProtocolClient.java:onNext(255)) - client-D5CE890D7D9E->efcb8ff8-f060-4d95-9215-d0f5eb4af037: receive RaftClientReply:client-D5CE890D7D9E->efcb8ff8-f060-4d95-9215-d0f5eb4af037@group-0959F8DF43ED, cid=3624, SUCCESS, logIndex=0, commits[efcb8ff8-f060-4d95-9215-d0f5eb4af037:c5494, 6fae8b02-e804-4c0e-b729-a97b7404b7f6:c5490, 4c3e8a66-6975-4917-8225-d3efe707aaff:c5488]
2019-09-04 11:46:53,202 | INFO  | DNAudit | user=null | ip=null | op=WRITE_CHUNK {blockData=conID: 3 locID: 102734077175857858 bcsId: 5490} | ret=SUCCESS |  
2019-09-04 11:46:53,203 | INFO  | DNAudit | user=null | ip=null | op=WRITE_CHUNK {blockData=conID: 3 locID: 102734077175857858 bcsId: 5490} | ret=SUCCESS |  
2019-09-04 11:46:53,204 | INFO  | DNAudit | user=null | ip=null | op=WRITE_CHUNK {blockData=conID: 3 locID: 102734077175857858 bcsId: 5490} | ret=SUCCESS |  
2019-09-04 11:46:53,225 | INFO  | DNAudit | user=null | ip=null | op=WRITE_CHUNK {blockData=conID: 3 locID: 102734077175857858 bcsId: 5490} | ret=SUCCESS |  
2019-09-04 11:46:53,225 | INFO  | DNAudit | user=null | ip=null | op=PUT_BLOCK {blockData=[blockId=conID: 3 locID: 102734077175857858 bcsId: 0,size=3145728]} | ret=SUCCESS |  
2019-09-04 11:46:53,226 [grpc-default-executor-4] INFO  client.GrpcClientProtocolClient (GrpcClientProtocolClient.java:onNext(255)) - client-D5CE890D7D9E->efcb8ff8-f060-4d95-9215-d0f5eb4af037: receive RaftClientReply:client-D5CE890D7D9E->efcb8ff8-f060-4d95-9215-d0f5eb4af037@group-0959F8DF43ED, cid=3625, SUCCESS, logIndex=5495, commits[efcb8ff8-f060-4d95-9215-d0f5eb4af037:c5496, 6fae8b02-e804-4c0e-b729-a97b7404b7f6:c5494, 4c3e8a66-6975-4917-8225-d3efe707aaff:c5494]
2019-09-04 11:46:53,226 [grpc-default-executor-4] INFO  client.GrpcClientProtocolClient (GrpcClientProtocolClient.java:onNext(255)) - client-D5CE890D7D9E->efcb8ff8-f060-4d95-9215-d0f5eb4af037: receive RaftClientReply:client-D5CE890D7D9E->efcb8ff8-f060-4d95-9215-d0f5eb4af037@group-0959F8DF43ED, cid=3626, SUCCESS, logIndex=5496, commits[efcb8ff8-f060-4d95-9215-d0f5eb4af037:c5496, 6fae8b02-e804-4c0e-b729-a97b7404b7f6:c5494, 4c3e8a66-6975-4917-8225-d3efe707aaff:c5494]
2019-09-04 11:46:53,234 | INFO  | DNAudit | user=null | ip=null | op=WRITE_CHUNK {blockData=conID: 3 locID: 102734077175857858 bcsId: 5496} | ret=SUCCESS |  
2019-09-04 11:46:53,236 | INFO  | DNAudit | user=null | ip=null | op=WRITE_CHUNK {blockData=conID: 3 locID: 102734077175857858 bcsId: 5496} | ret=SUCCESS |  
2019-09-04 11:46:53,236 | INFO  | DNAudit | user=null | ip=null | op=WRITE_CHUNK {blockData=conID: 3 locID: 102734077175857858 bcsId: 5496} | ret=SUCCESS |  
2019-09-04 11:46:53,242 | INFO  | DNAudit | user=null | ip=null | op=WRITE_CHUNK {blockData=conID: 3 locID: 102734077175857858 bcsId: 5490} | ret=SUCCESS |  
2019-09-04 11:46:53,242 | INFO  | DNAudit | user=null | ip=null | op=WRITE_CHUNK {blockData=conID: 3 locID: 102734077175857858 bcsId: 5490} | ret=SUCCESS |  
2019-09-04 11:46:53,243 | INFO  | DNAudit | user=null | ip=null | op=PUT_BLOCK {blockData=[blockId=conID: 3 locID: 102734077175857858 bcsId: 0,size=3145728]} | ret=SUCCESS |  
2019-09-04 11:46:53,243 | INFO  | DNAudit | user=null | ip=null | op=PUT_BLOCK {blockData=[blockId=conID: 3 locID: 102734077175857858 bcsId: 0,size=3145728]} | ret=SUCCESS |  
2019-09-04 11:46:53,244 | INFO  | DNAudit | user=null | ip=null | op=WRITE_CHUNK {blockData=conID: 3 locID: 102734077175857858 bcsId: 5496} | ret=SUCCESS |  
2019-09-04 11:46:53,244 | INFO  | DNAudit | user=null | ip=null | op=PUT_BLOCK {blockData=[blockId=conID: 3 locID: 102734077175857858 bcsId: 0,size=4194304]} | ret=SUCCESS |  
2019-09-04 11:46:53,244 [grpc-default-executor-4] INFO  client.GrpcClientProtocolClient (GrpcClientProtocolClient.java:onNext(255)) - client-D5CE890D7D9E->efcb8ff8-f060-4d95-9215-d0f5eb4af037: receive RaftClientReply:client-D5CE890D7D9E->efcb8ff8-f060-4d95-9215-d0f5eb4af037@group-0959F8DF43ED, cid=3627, SUCCESS, logIndex=5499, commits[efcb8ff8-f060-4d95-9215-d0f5eb4af037:c5500, 6fae8b02-e804-4c0e-b729-a97b7404b7f6:c5496, 4c3e8a66-6975-4917-8225-d3efe707aaff:c5496]
2019-09-04 11:46:53,245 [grpc-default-executor-4] INFO  client.GrpcClientProtocolClient (GrpcClientProtocolClient.java:onNext(255)) - client-D5CE890D7D9E->efcb8ff8-f060-4d95-9215-d0f5eb4af037: receive RaftClientReply:client-D5CE890D7D9E->efcb8ff8-f060-4d95-9215-d0f5eb4af037@group-0959F8DF43ED, cid=3628, SUCCESS, logIndex=5500, commits[efcb8ff8-f060-4d95-9215-d0f5eb4af037:c5500, 6fae8b02-e804-4c0e-b729-a97b7404b7f6:c5496, 4c3e8a66-6975-4917-8225-d3efe707aaff:c5496]
2019-09-04 11:46:53,259 | INFO  | DNAudit | user=null | ip=null | op=WRITE_CHUNK {blockData=conID: 3 locID: 102734077175857858 bcsId: 5496} | ret=SUCCESS |  
2019-09-04 11:46:53,259 | INFO  | DNAudit | user=null | ip=null | op=WRITE_CHUNK {blockData=conID: 3 locID: 102734077175857858 bcsId: 5496} | ret=SUCCESS |  
2019-09-04 11:46:53,259 | INFO  | DNAudit | user=null | ip=null | op=PUT_BLOCK {blockData=[blockId=conID: 3 locID: 102734077175857858 bcsId: 0,size=4194304]} | ret=SUCCESS |  
2019-09-04 11:46:53,260 | INFO  | DNAudit | user=null | ip=null | op=PUT_BLOCK {blockData=[blockId=conID: 3 locID: 102734077175857858 bcsId: 0,size=4194304]} | ret=SUCCESS |  
2019-09-04 11:46:53,261 [grpc-default-executor-5] INFO  client.GrpcClientProtocolClient (GrpcClientProtocolClient.java:onNext(255)) - client-D5CE890D7D9E->efcb8ff8-f060-4d95-9215-d0f5eb4af037: receive RaftClientReply:client-D5CE890D7D9E->efcb8ff8-f060-4d95-9215-d0f5eb4af037@group-0959F8DF43ED, cid=3629, SUCCESS, logIndex=0, commits[efcb8ff8-f060-4d95-9215-d0f5eb4af037:c5502, 6fae8b02-e804-4c0e-b729-a97b7404b7f6:c5500, 4c3e8a66-6975-4917-8225-d3efe707aaff:c5500]
2019-09-04 11:46:53,268 | INFO  | SCMAudit | user=jenkins1000 | ip=192.168.36.67 | op=ALLOCATE_BLOCK {owner=8ab292a2-aaa7-4ad8-863a-d33994811155, size=4194304, type=RATIS, factor=THREE} | ret=SUCCESS |  
2019-09-04 11:46:53,272 | INFO  | OMAudit | user=jenkins1000 | ip=127.0.0.1 | op=ALLOCATE_BLOCK {volume=vol-0-58699, bucket=bucket-0-57464, key=key-0-37266, dataSize=0, replicationType=null, replicationFactor=null, keyLocationInfo=null, clientID=102734073355960722} | ret=SUCCESS |  
2019-09-04 11:46:53,279 | INFO  | DNAudit | user=null | ip=null | op=WRITE_CHUNK {blockData=conID: 1 locID: 102734077183066819 bcsId: 0} | ret=SUCCESS |  
2019-09-04 11:46:53,282 | INFO  | DNAudit | user=null | ip=null | op=WRITE_CHUNK {blockData=conID: 1 locID: 102734077183066819 bcsId: 0} | ret=SUCCESS |  
2019-09-04 11:46:53,282 | INFO  | DNAudit | user=null | ip=null | op=WRITE_CHUNK {blockData=conID: 1 locID: 102734077183066819 bcsId: 0} | ret=SUCCESS |  
2019-09-04 11:46:53,282 | INFO  | DNAudit | user=null | ip=null | op=WRITE_CHUNK {blockData=conID: 1 locID: 102734077183066819 bcsId: 0} | ret=SUCCESS |  
2019-09-04 11:46:53,283 | INFO  | DNAudit | user=null | ip=null | op=WRITE_CHUNK {blockData=conID: 1 locID: 102734077183066819 bcsId: 0} | ret=SUCCESS |  
2019-09-04 11:46:53,284 | INFO  | DNAudit | user=null | ip=null | op=WRITE_CHUNK {blockData=conID: 1 locID: 102734077183066819 bcsId: 0} | ret=SUCCESS |  
2019-09-04 11:46:53,294 | INFO  | DNAudit | user=null | ip=null | op=WRITE_CHUNK {blockData=conID: 1 locID: 102734077183066819 bcsId: 0} | ret=SUCCESS |  
2019-09-04 11:46:53,295 | INFO  | DNAudit | user=null | ip=null | op=PUT_BLOCK {blockData=[blockId=conID: 1 locID: 102734077183066819 bcsId: 0,size=1048576]} | ret=SUCCESS |  
2019-09-04 11:46:53,295 | INFO  | DNAudit | user=null | ip=null | op=WRITE_CHUNK {blockData=conID: 1 locID: 102734077183066819 bcsId: 0} | ret=SUCCESS |  
2019-09-04 11:46:53,295 [grpc-default-executor-4] INFO  client.GrpcClientProtocolClient (GrpcClientProtocolClient.java:onNext(255)) - client-D5CE890D7D9E->efcb8ff8-f060-4d95-9215-d0f5eb4af037: receive RaftClientReply:client-D5CE890D7D9E->efcb8ff8-f060-4d95-9215-d0f5eb4af037@group-0959F8DF43ED, cid=3630, SUCCESS, logIndex=5503, commits[efcb8ff8-f060-4d95-9215-d0f5eb4af037:c5505, 6fae8b02-e804-4c0e-b729-a97b7404b7f6:c5502, 4c3e8a66-6975-4917-8225-d3efe707aaff:c5502]
2019-09-04 11:46:53,295 | INFO  | DNAudit | user=null | ip=null | op=PUT_BLOCK {blockData=[blockId=conID: 1 locID: 102734077183066819 bcsId: 0,size=2097152]} | ret=SUCCESS |  
2019-09-04 11:46:53,295 [grpc-default-executor-4] INFO  client.GrpcClientProtocolClient (GrpcClientProtocolClient.java:onNext(255)) - client-D5CE890D7D9E->efcb8ff8-f060-4d95-9215-d0f5eb4af037: receive RaftClientReply:client-D5CE890D7D9E->efcb8ff8-f060-4d95-9215-d0f5eb4af037@group-0959F8DF43ED, cid=3631, SUCCESS, logIndex=5504, commits[efcb8ff8-f060-4d95-9215-d0f5eb4af037:c5506, 6fae8b02-e804-4c0e-b729-a97b7404b7f6:c5502, 4c3e8a66-6975-4917-8225-d3efe707aaff:c5502]
2019-09-04 11:46:53,296 [grpc-default-executor-4] INFO  client.GrpcClientProtocolClient (GrpcClientProtocolClient.java:onNext(255)) - client-D5CE890D7D9E->efcb8ff8-f060-4d95-9215-d0f5eb4af037: receive RaftClientReply:client-D5CE890D7D9E->efcb8ff8-f060-4d95-9215-d0f5eb4af037@group-0959F8DF43ED, cid=3632, SUCCESS, logIndex=5505, commits[efcb8ff8-f060-4d95-9215-d0f5eb4af037:c5506, 6fae8b02-e804-4c0e-b729-a97b7404b7f6:c5502, 4c3e8a66-6975-4917-8225-d3efe707aaff:c5502]
2019-09-04 11:46:53,296 [grpc-default-executor-4] INFO  client.GrpcClientProtocolClient (GrpcClientProtocolClient.java:onNext(255)) - client-D5CE890D7D9E->efcb8ff8-f060-4d95-9215-d0f5eb4af037: receive RaftClientReply:client-D5CE890D7D9E->efcb8ff8-f060-4d95-9215-d0f5eb4af037@group-0959F8DF43ED, cid=3633, SUCCESS, logIndex=5506, commits[efcb8ff8-f060-4d95-9215-d0f5eb4af037:c5506, 6fae8b02-e804-4c0e-b729-a97b7404b7f6:c5502, 4c3e8a66-6975-4917-8225-d3efe707aaff:c5502]
2019-09-04 11:46:53,332 | INFO  | DNAudit | user=null | ip=null | op=WRITE_CHUNK {blockData=conID: 1 locID: 102734077183066819 bcsId: 0} | ret=SUCCESS |  
2019-09-04 11:46:53,332 | INFO  | DNAudit | user=null | ip=null | op=PUT_BLOCK {blockData=[blockId=conID: 1 locID: 102734077183066819 bcsId: 0,size=1048576]} | ret=SUCCESS |  
2019-09-04 11:46:53,332 | INFO  | DNAudit | user=null | ip=null | op=WRITE_CHUNK {blockData=conID: 1 locID: 102734077183066819 bcsId: 0} | ret=SUCCESS |  
2019-09-04 11:46:53,332 | INFO  | DNAudit | user=null | ip=null | op=PUT_BLOCK {blockData=[blockId=conID: 1 locID: 102734077183066819 bcsId: 0,size=1048576]} | ret=SUCCESS |  
2019-09-04 11:46:53,333 | INFO  | DNAudit | user=null | ip=null | op=WRITE_CHUNK {blockData=conID: 1 locID: 102734077183066819 bcsId: 0} | ret=SUCCESS |  
2019-09-04 11:46:53,333 | INFO  | DNAudit | user=null | ip=null | op=PUT_BLOCK {blockData=[blockId=conID: 1 locID: 102734077183066819 bcsId: 0,size=2097152]} | ret=SUCCESS |  
2019-09-04 11:46:53,333 [grpc-default-executor-4] INFO  client.GrpcClientProtocolClient (GrpcClientProtocolClient.java:onNext(255)) - client-D5CE890D7D9E->efcb8ff8-f060-4d95-9215-d0f5eb4af037: receive RaftClientReply:client-D5CE890D7D9E->efcb8ff8-f060-4d95-9215-d0f5eb4af037@group-0959F8DF43ED, cid=3634, SUCCESS, logIndex=0, commits[efcb8ff8-f060-4d95-9215-d0f5eb4af037:c5507, 6fae8b02-e804-4c0e-b729-a97b7404b7f6:c5504, 4c3e8a66-6975-4917-8225-d3efe707aaff:c5504]
2019-09-04 11:46:53,333 | INFO  | DNAudit | user=null | ip=null | op=WRITE_CHUNK {blockData=conID: 1 locID: 102734077183066819 bcsId: 0} | ret=SUCCESS |  
2019-09-04 11:46:53,333 | INFO  | DNAudit | user=null | ip=null | op=PUT_BLOCK {blockData=[blockId=conID: 1 locID: 102734077183066819 bcsId: 0,size=2097152]} | ret=SUCCESS |  
2019-09-04 11:46:53,340 | INFO  | DNAudit | user=null | ip=null | op=WRITE_CHUNK {blockData=conID: 1 locID: 102734077183066819 bcsId: 5506} | ret=SUCCESS |  
2019-09-04 11:46:53,342 | INFO  | DNAudit | user=null | ip=null | op=WRITE_CHUNK {blockData=conID: 1 locID: 102734077183066819 bcsId: 5506} | ret=SUCCESS |  
2019-09-04 11:46:53,343 | INFO  | DNAudit | user=null | ip=null | op=WRITE_CHUNK {blockData=conID: 1 locID: 102734077183066819 bcsId: 5506} | ret=SUCCESS |  
2019-09-04 11:46:53,356 | INFO  | DNAudit | user=null | ip=null | op=WRITE_CHUNK {blockData=conID: 1 locID: 102734077183066819 bcsId: 5506} | ret=SUCCESS |  
2019-09-04 11:46:53,356 | INFO  | DNAudit | user=null | ip=null | op=PUT_BLOCK {blockData=[blockId=conID: 1 locID: 102734077183066819 bcsId: 0,size=3145728]} | ret=SUCCESS |  
2019-09-04 11:46:53,357 [grpc-default-executor-6] INFO  client.GrpcClientProtocolClient (GrpcClientProtocolClient.java:onNext(255)) - client-D5CE890D7D9E->efcb8ff8-f060-4d95-9215-d0f5eb4af037: receive RaftClientReply:client-D5CE890D7D9E->efcb8ff8-f060-4d95-9215-d0f5eb4af037@group-0959F8DF43ED, cid=3635, SUCCESS, logIndex=5511, commits[efcb8ff8-f060-4d95-9215-d0f5eb4af037:c5512, 6fae8b02-e804-4c0e-b729-a97b7404b7f6:c5510, 4c3e8a66-6975-4917-8225-d3efe707aaff:c5510]
2019-09-04 11:46:53,357 [grpc-default-executor-6] INFO  client.GrpcClientProtocolClient (GrpcClientProtocolClient.java:onNext(255)) - client-D5CE890D7D9E->efcb8ff8-f060-4d95-9215-d0f5eb4af037: receive RaftClientReply:client-D5CE890D7D9E->efcb8ff8-f060-4d95-9215-d0f5eb4af037@group-0959F8DF43ED, cid=3636, SUCCESS, logIndex=5512, commits[efcb8ff8-f060-4d95-9215-d0f5eb4af037:c5512, 6fae8b02-e804-4c0e-b729-a97b7404b7f6:c5510, 4c3e8a66-6975-4917-8225-d3efe707aaff:c5510]
2019-09-04 11:46:53,364 | INFO  | DNAudit | user=null | ip=null | op=WRITE_CHUNK {blockData=conID: 1 locID: 102734077183066819 bcsId: 5512} | ret=SUCCESS |  
2019-09-04 11:46:53,365 | INFO  | DNAudit | user=null | ip=null | op=WRITE_CHUNK {blockData=conID: 1 locID: 102734077183066819 bcsId: 5506} | ret=SUCCESS |  
2019-09-04 11:46:53,365 | INFO  | DNAudit | user=null | ip=null | op=WRITE_CHUNK {blockData=conID: 1 locID: 102734077183066819 bcsId: 5506} | ret=SUCCESS |  
2019-09-04 11:46:53,366 | INFO  | DNAudit | user=null | ip=null | op=WRITE_CHUNK {blockData=conID: 1 locID: 102734077183066819 bcsId: 5512} | ret=SUCCESS |  
2019-09-04 11:46:53,366 | INFO  | DNAudit | user=null | ip=null | op=WRITE_CHUNK {blockData=conID: 1 locID: 102734077183066819 bcsId: 5512} | ret=SUCCESS |  
2019-09-04 11:46:53,376 | INFO  | DNAudit | user=null | ip=null | op=PUT_BLOCK {blockData=[blockId=conID: 1 locID: 102734077183066819 bcsId: 0,size=3145728]} | ret=SUCCESS |  
2019-09-04 11:46:53,376 | INFO  | DNAudit | user=null | ip=null | op=WRITE_CHUNK {blockData=conID: 1 locID: 102734077183066819 bcsId: 5512} | ret=SUCCESS |  
2019-09-04 11:46:53,376 | INFO  | DNAudit | user=null | ip=null | op=PUT_BLOCK {blockData=[blockId=conID: 1 locID: 102734077183066819 bcsId: 0,size=3145728]} | ret=SUCCESS |  
2019-09-04 11:46:53,377 | INFO  | DNAudit | user=null | ip=null | op=PUT_BLOCK {blockData=[blockId=conID: 1 locID: 102734077183066819 bcsId: 0,size=4194304]} | ret=SUCCESS |  
2019-09-04 11:46:53,377 [grpc-default-executor-6] INFO  client.GrpcClientProtocolClient (GrpcClientProtocolClient.java:onNext(255)) - client-D5CE890D7D9E->efcb8ff8-f060-4d95-9215-d0f5eb4af037: receive RaftClientReply:client-D5CE890D7D9E->efcb8ff8-f060-4d95-9215-d0f5eb4af037@group-0959F8DF43ED, cid=3637, SUCCESS, logIndex=5515, commits[efcb8ff8-f060-4d95-9215-d0f5eb4af037:c5516, 6fae8b02-e804-4c0e-b729-a97b7404b7f6:c5511, 4c3e8a66-6975-4917-8225-d3efe707aaff:c5512]
2019-09-04 11:46:53,377 [grpc-default-executor-6] INFO  client.GrpcClientProtocolClient (GrpcClientProtocolClient.java:onNext(255)) - client-D5CE890D7D9E->efcb8ff8-f060-4d95-9215-d0f5eb4af037: receive RaftClientReply:client-D5CE890D7D9E->efcb8ff8-f060-4d95-9215-d0f5eb4af037@group-0959F8DF43ED, cid=3638, SUCCESS, logIndex=5516, commits[efcb8ff8-f060-4d95-9215-d0f5eb4af037:c5516, 6fae8b02-e804-4c0e-b729-a97b7404b7f6:c5512, 4c3e8a66-6975-4917-8225-d3efe707aaff:c5512]
2019-09-04 11:46:53,382 | INFO  | DNAudit | user=null | ip=null | op=WRITE_CHUNK {blockData=conID: 1 locID: 102734077183066819 bcsId: 5512} | ret=SUCCESS |  
2019-09-04 11:46:53,382 | INFO  | DNAudit | user=null | ip=null | op=WRITE_CHUNK {blockData=conID: 1 locID: 102734077183066819 bcsId: 5512} | ret=SUCCESS |  
2019-09-04 11:46:53,383 | INFO  | DNAudit | user=null | ip=null | op=PUT_BLOCK {blockData=[blockId=conID: 1 locID: 102734077183066819 bcsId: 0,size=4194304]} | ret=SUCCESS |  
2019-09-04 11:46:53,384 | INFO  | DNAudit | user=null | ip=null | op=PUT_BLOCK {blockData=[blockId=conID: 1 locID: 102734077183066819 bcsId: 0,size=4194304]} | ret=SUCCESS |  
2019-09-04 11:46:53,385 [grpc-default-executor-6] INFO  client.GrpcClientProtocolClient (GrpcClientProtocolClient.java:onNext(255)) - client-D5CE890D7D9E->efcb8ff8-f060-4d95-9215-d0f5eb4af037: receive RaftClientReply:client-D5CE890D7D9E->efcb8ff8-f060-4d95-9215-d0f5eb4af037@group-0959F8DF43ED, cid=3639, SUCCESS, logIndex=0, commits[efcb8ff8-f060-4d95-9215-d0f5eb4af037:c5518, 6fae8b02-e804-4c0e-b729-a97b7404b7f6:c5516, 4c3e8a66-6975-4917-8225-d3efe707aaff:c5516]
2019-09-04 11:46:53,394 | INFO  | SCMAudit | user=jenkins1000 | ip=192.168.36.67 | op=ALLOCATE_BLOCK {owner=8ab292a2-aaa7-4ad8-863a-d33994811155, size=4194304, type=RATIS, factor=THREE} | ret=SUCCESS |  
2019-09-04 11:46:53,400 | INFO  | OMAudit | user=jenkins1000 | ip=127.0.0.1 | op=ALLOCATE_BLOCK {volume=vol-0-58699, bucket=bucket-0-57464, key=key-0-37266, dataSize=0, replicationType=null, replicationFactor=null, keyLocationInfo=null, clientID=102734073355960722} | ret=SUCCESS |  
2019-09-04 11:46:53,405 | INFO  | DNAudit | user=null | ip=null | op=WRITE_CHUNK {blockData=conID: 2 locID: 102734077191389892 bcsId: 0} | ret=SUCCESS |  
2019-09-04 11:46:53,407 | INFO  | DNAudit | user=null | ip=null | op=WRITE_CHUNK {blockData=conID: 2 locID: 102734077191389892 bcsId: 0} | ret=SUCCESS |  
2019-09-04 11:46:53,408 | INFO  | DNAudit | user=null | ip=null | op=WRITE_CHUNK {blockData=conID: 2 locID: 102734077191389892 bcsId: 0} | ret=SUCCESS |  
2019-09-04 11:46:53,409 | INFO  | DNAudit | user=null | ip=null | op=WRITE_CHUNK {blockData=conID: 2 locID: 102734077191389892 bcsId: 0} | ret=SUCCESS |  
2019-09-04 11:46:53,410 | INFO  | DNAudit | user=null | ip=null | op=WRITE_CHUNK {blockData=conID: 2 locID: 102734077191389892 bcsId: 0} | ret=SUCCESS |  
2019-09-04 11:46:53,411 | INFO  | DNAudit | user=null | ip=null | op=WRITE_CHUNK {blockData=conID: 2 locID: 102734077191389892 bcsId: 0} | ret=SUCCESS |  
2019-09-04 11:46:53,412 | INFO  | DNAudit | user=null | ip=null | op=WRITE_CHUNK {blockData=conID: 2 locID: 102734077191389892 bcsId: 0} | ret=SUCCESS |  
2019-09-04 11:46:53,412 | INFO  | DNAudit | user=null | ip=null | op=PUT_BLOCK {blockData=[blockId=conID: 2 locID: 102734077191389892 bcsId: 0,size=1048576]} | ret=SUCCESS |  
2019-09-04 11:46:53,412 [grpc-default-executor-4] INFO  client.GrpcClientProtocolClient (GrpcClientProtocolClient.java:onNext(255)) - client-D5CE890D7D9E->efcb8ff8-f060-4d95-9215-d0f5eb4af037: receive RaftClientReply:client-D5CE890D7D9E->efcb8ff8-f060-4d95-9215-d0f5eb4af037@group-0959F8DF43ED, cid=3640, SUCCESS, logIndex=5519, commits[efcb8ff8-f060-4d95-9215-d0f5eb4af037:c5520, 6fae8b02-e804-4c0e-b729-a97b7404b7f6:c5518, 4c3e8a66-6975-4917-8225-d3efe707aaff:c5518]
2019-09-04 11:46:53,413 | INFO  | DNAudit | user=null | ip=null | op=WRITE_CHUNK {blockData=conID: 2 locID: 102734077191389892 bcsId: 0} | ret=SUCCESS |  
2019-09-04 11:46:53,413 [grpc-default-executor-5] INFO  client.GrpcClientProtocolClient (GrpcClientProtocolClient.java:onNext(255)) - client-D5CE890D7D9E->efcb8ff8-f060-4d95-9215-d0f5eb4af037: receive RaftClientReply:client-D5CE890D7D9E->efcb8ff8-f060-4d95-9215-d0f5eb4af037@group-0959F8DF43ED, cid=3641, SUCCESS, logIndex=5520, commits[efcb8ff8-f060-4d95-9215-d0f5eb4af037:c5520, 6fae8b02-e804-4c0e-b729-a97b7404b7f6:c5518, 4c3e8a66-6975-4917-8225-d3efe707aaff:c5518]
2019-09-04 11:46:53,413 | INFO  | DNAudit | user=null | ip=null | op=PUT_BLOCK {blockData=[blockId=conID: 2 locID: 102734077191389892 bcsId: 0,size=2097152]} | ret=SUCCESS |  
2019-09-04 11:46:53,413 [grpc-default-executor-6] INFO  client.GrpcClientProtocolClient (GrpcClientProtocolClient.java:onNext(255)) - client-D5CE890D7D9E->efcb8ff8-f060-4d95-9215-d0f5eb4af037: receive RaftClientReply:client-D5CE890D7D9E->efcb8ff8-f060-4d95-9215-d0f5eb4af037@group-0959F8DF43ED, cid=3642, SUCCESS, logIndex=5521, commits[efcb8ff8-f060-4d95-9215-d0f5eb4af037:c5521, 6fae8b02-e804-4c0e-b729-a97b7404b7f6:c5518, 4c3e8a66-6975-4917-8225-d3efe707aaff:c5518]
2019-09-04 11:46:53,414 [grpc-default-executor-6] INFO  client.GrpcClientProtocolClient (GrpcClientProtocolClient.java:onNext(255)) - client-D5CE890D7D9E->efcb8ff8-f060-4d95-9215-d0f5eb4af037: receive RaftClientReply:client-D5CE890D7D9E->efcb8ff8-f060-4d95-9215-d0f5eb4af037@group-0959F8DF43ED, cid=3643, SUCCESS, logIndex=5522, commits[efcb8ff8-f060-4d95-9215-d0f5eb4af037:c5522, 6fae8b02-e804-4c0e-b729-a97b7404b7f6:c5518, 4c3e8a66-6975-4917-8225-d3efe707aaff:c5518]
2019-09-04 11:46:53,414 | INFO  | DNAudit | user=null | ip=null | op=WRITE_CHUNK {blockData=conID: 2 locID: 102734077191389892 bcsId: 0} | ret=SUCCESS |  
2019-09-04 11:46:53,414 | INFO  | DNAudit | user=null | ip=null | op=PUT_BLOCK {blockData=[blockId=conID: 2 locID: 102734077191389892 bcsId: 0,size=1048576]} | ret=SUCCESS |  
2019-09-04 11:46:53,415 | INFO  | DNAudit | user=null | ip=null | op=WRITE_CHUNK {blockData=conID: 2 locID: 102734077191389892 bcsId: 0} | ret=SUCCESS |  
2019-09-04 11:46:53,415 | INFO  | DNAudit | user=null | ip=null | op=PUT_BLOCK {blockData=[blockId=conID: 2 locID: 102734077191389892 bcsId: 0,size=1048576]} | ret=SUCCESS |  
2019-09-04 11:46:53,415 | INFO  | DNAudit | user=null | ip=null | op=WRITE_CHUNK {blockData=conID: 2 locID: 102734077191389892 bcsId: 0} | ret=SUCCESS |  
2019-09-04 11:46:53,415 [grpc-default-executor-5] INFO  client.GrpcClientProtocolClient (GrpcClientProtocolClient.java:onNext(255)) - client-D5CE890D7D9E->efcb8ff8-f060-4d95-9215-d0f5eb4af037: receive RaftClientReply:client-D5CE890D7D9E->efcb8ff8-f060-4d95-9215-d0f5eb4af037@group-0959F8DF43ED, cid=3644, SUCCESS, logIndex=0, commits[efcb8ff8-f060-4d95-9215-d0f5eb4af037:c5524, 6fae8b02-e804-4c0e-b729-a97b7404b7f6:c5520, 4c3e8a66-6975-4917-8225-d3efe707aaff:c5520]
2019-09-04 11:46:53,416 | INFO  | DNAudit | user=null | ip=null | op=WRITE_CHUNK {blockData=conID: 2 locID: 102734077191389892 bcsId: 0} | ret=SUCCESS |  
2019-09-04 11:46:53,416 | INFO  | DNAudit | user=null | ip=null | op=PUT_BLOCK {blockData=[blockId=conID: 2 locID: 102734077191389892 bcsId: 0,size=2097152]} | ret=SUCCESS |  
2019-09-04 11:46:53,416 | INFO  | DNAudit | user=null | ip=null | op=PUT_BLOCK {blockData=[blockId=conID: 2 locID: 102734077191389892 bcsId: 0,size=2097152]} | ret=SUCCESS |  
2019-09-04 11:46:53,421 | INFO  | DNAudit | user=null | ip=null | op=WRITE_CHUNK {blockData=conID: 2 locID: 102734077191389892 bcsId: 5522} | ret=SUCCESS |  
2019-09-04 11:46:53,422 | INFO  | DNAudit | user=null | ip=null | op=WRITE_CHUNK {blockData=conID: 2 locID: 102734077191389892 bcsId: 5522} | ret=SUCCESS |  
2019-09-04 11:46:53,422 | INFO  | DNAudit | user=null | ip=null | op=WRITE_CHUNK {blockData=conID: 2 locID: 102734077191389892 bcsId: 5522} | ret=SUCCESS |  
2019-09-04 11:46:53,428 | INFO  | DNAudit | user=null | ip=null | op=WRITE_CHUNK {blockData=conID: 2 locID: 102734077191389892 bcsId: 5522} | ret=SUCCESS |  
2019-09-04 11:46:53,428 | INFO  | DNAudit | user=null | ip=null | op=PUT_BLOCK {blockData=[blockId=conID: 2 locID: 102734077191389892 bcsId: 0,size=3145728]} | ret=SUCCESS |  
2019-09-04 11:46:53,429 [grpc-default-executor-6] INFO  client.GrpcClientProtocolClient (GrpcClientProtocolClient.java:onNext(255)) - client-D5CE890D7D9E->efcb8ff8-f060-4d95-9215-d0f5eb4af037: receive RaftClientReply:client-D5CE890D7D9E->efcb8ff8-f060-4d95-9215-d0f5eb4af037@group-0959F8DF43ED, cid=3645, SUCCESS, logIndex=5527, commits[efcb8ff8-f060-4d95-9215-d0f5eb4af037:c5528, 6fae8b02-e804-4c0e-b729-a97b7404b7f6:c5526, 4c3e8a66-6975-4917-8225-d3efe707aaff:c5526]
2019-09-04 11:46:53,429 [grpc-default-executor-6] INFO  client.GrpcClientProtocolClient (GrpcClientProtocolClient.java:onNext(255)) - client-D5CE890D7D9E->efcb8ff8-f060-4d95-9215-d0f5eb4af037: receive RaftClientReply:client-D5CE890D7D9E->efcb8ff8-f060-4d95-9215-d0f5eb4af037@group-0959F8DF43ED, cid=3646, SUCCESS, logIndex=5528, commits[efcb8ff8-f060-4d95-9215-d0f5eb4af037:c5528, 6fae8b02-e804-4c0e-b729-a97b7404b7f6:c5526, 4c3e8a66-6975-4917-8225-d3efe707aaff:c5526]
2019-09-04 11:46:53,434 | INFO  | DNAudit | user=null | ip=null | op=WRITE_CHUNK {blockData=conID: 2 locID: 102734077191389892 bcsId: 5528} | ret=SUCCESS |  
2019-09-04 11:46:53,436 | INFO  | DNAudit | user=null | ip=null | op=WRITE_CHUNK {blockData=conID: 2 locID: 102734077191389892 bcsId: 5528} | ret=SUCCESS |  
2019-09-04 11:46:53,436 | INFO  | DNAudit | user=null | ip=null | op=WRITE_CHUNK {blockData=conID: 2 locID: 102734077191389892 bcsId: 5528} | ret=SUCCESS |  
2019-09-04 11:46:53,439 | INFO  | DNAudit | user=null | ip=null | op=WRITE_CHUNK {blockData=conID: 2 locID: 102734077191389892 bcsId: 5522} | ret=SUCCESS |  
2019-09-04 11:46:53,439 | INFO  | DNAudit | user=null | ip=null | op=WRITE_CHUNK {blockData=conID: 2 locID: 102734077191389892 bcsId: 5522} | ret=SUCCESS |  
2019-09-04 11:46:53,439 | INFO  | DNAudit | user=null | ip=null | op=PUT_BLOCK {blockData=[blockId=conID: 2 locID: 102734077191389892 bcsId: 0,size=3145728]} | ret=SUCCESS |  
2019-09-04 11:46:53,439 | INFO  | DNAudit | user=null | ip=null | op=PUT_BLOCK {blockData=[blockId=conID: 2 locID: 102734077191389892 bcsId: 0,size=3145728]} | ret=SUCCESS |  
2019-09-04 11:46:53,440 | INFO  | DNAudit | user=null | ip=null | op=WRITE_CHUNK {blockData=conID: 2 locID: 102734077191389892 bcsId: 5528} | ret=SUCCESS |  
2019-09-04 11:46:53,441 | INFO  | DNAudit | user=null | ip=null | op=PUT_BLOCK {blockData=[blockId=conID: 2 locID: 102734077191389892 bcsId: 0,size=4194304]} | ret=SUCCESS |  
2019-09-04 11:46:53,441 [grpc-default-executor-6] INFO  client.GrpcClientProtocolClient (GrpcClientProtocolClient.java:onNext(255)) - client-D5CE890D7D9E->efcb8ff8-f060-4d95-9215-d0f5eb4af037: receive RaftClientReply:client-D5CE890D7D9E->efcb8ff8-f060-4d95-9215-d0f5eb4af037@group-0959F8DF43ED, cid=3647, SUCCESS, logIndex=5531, commits[efcb8ff8-f060-4d95-9215-d0f5eb4af037:c5532, 6fae8b02-e804-4c0e-b729-a97b7404b7f6:c5528, 4c3e8a66-6975-4917-8225-d3efe707aaff:c5528]
2019-09-04 11:46:53,441 [grpc-default-executor-6] INFO  client.GrpcClientProtocolClient (GrpcClientProtocolClient.java:onNext(255)) - client-D5CE890D7D9E->efcb8ff8-f060-4d95-9215-d0f5eb4af037: receive RaftClientReply:client-D5CE890D7D9E->efcb8ff8-f060-4d95-9215-d0f5eb4af037@group-0959F8DF43ED, cid=3648, SUCCESS, logIndex=5532, commits[efcb8ff8-f060-4d95-9215-d0f5eb4af037:c5532, 6fae8b02-e804-4c0e-b729-a97b7404b7f6:c5528, 4c3e8a66-6975-4917-8225-d3efe707aaff:c5528]
2019-09-04 11:46:53,453 | INFO  | DNAudit | user=null | ip=null | op=WRITE_CHUNK {blockData=conID: 2 locID: 102734077191389892 bcsId: 5528} | ret=SUCCESS |  
2019-09-04 11:46:53,453 | INFO  | DNAudit | user=null | ip=null | op=WRITE_CHUNK {blockData=conID: 2 locID: 102734077191389892 bcsId: 5528} | ret=SUCCESS |  
2019-09-04 11:46:53,455 | INFO  | DNAudit | user=null | ip=null | op=PUT_BLOCK {blockData=[blockId=conID: 2 locID: 102734077191389892 bcsId: 0,size=4194304]} | ret=SUCCESS |  
2019-09-04 11:46:53,455 | INFO  | DNAudit | user=null | ip=null | op=PUT_BLOCK {blockData=[blockId=conID: 2 locID: 102734077191389892 bcsId: 0,size=4194304]} | ret=SUCCESS |  
2019-09-04 11:46:53,455 [grpc-default-executor-4] INFO  client.GrpcClientProtocolClient (GrpcClientProtocolClient.java:onNext(255)) - client-D5CE890D7D9E->efcb8ff8-f060-4d95-9215-d0f5eb4af037: receive RaftClientReply:client-D5CE890D7D9E->efcb8ff8-f060-4d95-9215-d0f5eb4af037@group-0959F8DF43ED, cid=3649, SUCCESS, logIndex=0, commits[efcb8ff8-f060-4d95-9215-d0f5eb4af037:c5534, 6fae8b02-e804-4c0e-b729-a97b7404b7f6:c5532, 4c3e8a66-6975-4917-8225-d3efe707aaff:c5532]
2019-09-04 11:46:53,462 | INFO  | SCMAudit | user=jenkins1000 | ip=192.168.36.67 | op=ALLOCATE_BLOCK {owner=8ab292a2-aaa7-4ad8-863a-d33994811155, size=4194304, type=RATIS, factor=THREE} | ret=SUCCESS |  
2019-09-04 11:46:53,467 | INFO  | OMAudit | user=jenkins1000 | ip=127.0.0.1 | op=ALLOCATE_BLOCK {volume=vol-0-58699, bucket=bucket-0-57464, key=key-0-37266, dataSize=0, replicationType=null, replicationFactor=null, keyLocationInfo=null, clientID=102734073355960722} | ret=SUCCESS |  
2019-09-04 11:46:53,473 | INFO  | DNAudit | user=null | ip=null | op=WRITE_CHUNK {blockData=conID: 3 locID: 102734077195846341 bcsId: 0} | ret=SUCCESS |  
2019-09-04 11:46:53,475 | INFO  | DNAudit | user=null | ip=null | op=WRITE_CHUNK {blockData=conID: 3 locID: 102734077195846341 bcsId: 0} | ret=SUCCESS |  
2019-09-04 11:46:53,475 | INFO  | DNAudit | user=null | ip=null | op=WRITE_CHUNK {blockData=conID: 3 locID: 102734077195846341 bcsId: 0} | ret=SUCCESS |  
2019-09-04 11:46:53,475 | INFO  | DNAudit | user=null | ip=null | op=WRITE_CHUNK {blockData=conID: 3 locID: 102734077195846341 bcsId: 0} | ret=SUCCESS |  
2019-09-04 11:46:53,477 | INFO  | DNAudit | user=null | ip=null | op=WRITE_CHUNK {blockData=conID: 3 locID: 102734077195846341 bcsId: 0} | ret=SUCCESS |  
2019-09-04 11:46:53,477 | INFO  | DNAudit | user=null | ip=null | op=WRITE_CHUNK {blockData=conID: 3 locID: 102734077195846341 bcsId: 0} | ret=SUCCESS |  
2019-09-04 11:46:53,493 | INFO  | DNAudit | user=null | ip=null | op=WRITE_CHUNK {blockData=conID: 3 locID: 102734077195846341 bcsId: 0} | ret=SUCCESS |  
2019-09-04 11:46:53,494 | INFO  | DNAudit | user=null | ip=null | op=PUT_BLOCK {blockData=[blockId=conID: 3 locID: 102734077195846341 bcsId: 0,size=1048576]} | ret=SUCCESS |  
2019-09-04 11:46:53,494 [grpc-default-executor-4] INFO  client.GrpcClientProtocolClient (GrpcClientProtocolClient.java:onNext(255)) - client-D5CE890D7D9E->efcb8ff8-f060-4d95-9215-d0f5eb4af037: receive RaftClientReply:client-D5CE890D7D9E->efcb8ff8-f060-4d95-9215-d0f5eb4af037@group-0959F8DF43ED, cid=3650, SUCCESS, logIndex=5535, commits[efcb8ff8-f060-4d95-9215-d0f5eb4af037:c5536, 6fae8b02-e804-4c0e-b729-a97b7404b7f6:c5534, 4c3e8a66-6975-4917-8225-d3efe707aaff:c5534]
2019-09-04 11:46:53,494 | INFO  | DNAudit | user=null | ip=null | op=WRITE_CHUNK {blockData=conID: 3 locID: 102734077195846341 bcsId: 0} | ret=SUCCESS |  
2019-09-04 11:46:53,495 | INFO  | DNAudit | user=null | ip=null | op=PUT_BLOCK {blockData=[blockId=conID: 3 locID: 102734077195846341 bcsId: 0,size=2097152]} | ret=SUCCESS |  
2019-09-04 11:46:53,495 [grpc-default-executor-4] INFO  client.GrpcClientProtocolClient (GrpcClientProtocolClient.java:onNext(255)) - client-D5CE890D7D9E->efcb8ff8-f060-4d95-9215-d0f5eb4af037: receive RaftClientReply:client-D5CE890D7D9E->efcb8ff8-f060-4d95-9215-d0f5eb4af037@group-0959F8DF43ED, cid=3651, SUCCESS, logIndex=5536, commits[efcb8ff8-f060-4d95-9215-d0f5eb4af037:c5536, 6fae8b02-e804-4c0e-b729-a97b7404b7f6:c5534, 4c3e8a66-6975-4917-8225-d3efe707aaff:c5534]
2019-09-04 11:46:53,495 [grpc-default-executor-4] INFO  client.GrpcClientProtocolClient (GrpcClientProtocolClient.java:onNext(255)) - client-D5CE890D7D9E->efcb8ff8-f060-4d95-9215-d0f5eb4af037: receive RaftClientReply:client-D5CE890D7D9E->efcb8ff8-f060-4d95-9215-d0f5eb4af037@group-0959F8DF43ED, cid=3652, SUCCESS, logIndex=5537, commits[efcb8ff8-f060-4d95-9215-d0f5eb4af037:c5538, 6fae8b02-e804-4c0e-b729-a97b7404b7f6:c5534, 4c3e8a66-6975-4917-8225-d3efe707aaff:c5534]
2019-09-04 11:46:53,498 | INFO  | DNAudit | user=null | ip=null | op=WRITE_CHUNK {blockData=conID: 3 locID: 102734077195846341 bcsId: 0} | ret=SUCCESS |  
2019-09-04 11:46:53,499 | INFO  | DNAudit | user=null | ip=null | op=PUT_BLOCK {blockData=[blockId=conID: 3 locID: 102734077195846341 bcsId: 0,size=1048576]} | ret=SUCCESS |  
2019-09-04 11:46:53,499 | INFO  | DNAudit | user=null | ip=null | op=WRITE_CHUNK {blockData=conID: 3 locID: 102734077195846341 bcsId: 0} | ret=SUCCESS |  
2019-09-04 11:46:53,499 | INFO  | DNAudit | user=null | ip=null | op=WRITE_CHUNK {blockData=conID: 3 locID: 102734077195846341 bcsId: 0} | ret=SUCCESS |  
2019-09-04 11:46:53,499 | INFO  | DNAudit | user=null | ip=null | op=PUT_BLOCK {blockData=[blockId=conID: 3 locID: 102734077195846341 bcsId: 0,size=2097152]} | ret=SUCCESS |  
2019-09-04 11:46:53,499 | INFO  | DNAudit | user=null | ip=null | op=PUT_BLOCK {blockData=[blockId=conID: 3 locID: 102734077195846341 bcsId: 0,size=1048576]} | ret=SUCCESS |  
2019-09-04 11:46:53,499 [grpc-default-executor-4] INFO  client.GrpcClientProtocolClient (GrpcClientProtocolClient.java:onNext(255)) - client-D5CE890D7D9E->efcb8ff8-f060-4d95-9215-d0f5eb4af037: receive RaftClientReply:client-D5CE890D7D9E->efcb8ff8-f060-4d95-9215-d0f5eb4af037@group-0959F8DF43ED, cid=3653, SUCCESS, logIndex=5538, commits[efcb8ff8-f060-4d95-9215-d0f5eb4af037:c5538, 6fae8b02-e804-4c0e-b729-a97b7404b7f6:c5534, 4c3e8a66-6975-4917-8225-d3efe707aaff:c5534]
2019-09-04 11:46:53,499 | INFO  | DNAudit | user=null | ip=null | op=WRITE_CHUNK {blockData=conID: 3 locID: 102734077195846341 bcsId: 0} | ret=SUCCESS |  
2019-09-04 11:46:53,500 | INFO  | DNAudit | user=null | ip=null | op=PUT_BLOCK {blockData=[blockId=conID: 3 locID: 102734077195846341 bcsId: 0,size=2097152]} | ret=SUCCESS |  
2019-09-04 11:46:53,500 [grpc-default-executor-4] INFO  client.GrpcClientProtocolClient (GrpcClientProtocolClient.java:onNext(255)) - client-D5CE890D7D9E->efcb8ff8-f060-4d95-9215-d0f5eb4af037: receive RaftClientReply:client-D5CE890D7D9E->efcb8ff8-f060-4d95-9215-d0f5eb4af037@group-0959F8DF43ED, cid=3654, SUCCESS, logIndex=0, commits[efcb8ff8-f060-4d95-9215-d0f5eb4af037:c5542, 6fae8b02-e804-4c0e-b729-a97b7404b7f6:c5538, 4c3e8a66-6975-4917-8225-d3efe707aaff:c5538]
2019-09-04 11:46:53,506 | INFO  | DNAudit | user=null | ip=null | op=WRITE_CHUNK {blockData=conID: 3 locID: 102734077195846341 bcsId: 5538} | ret=SUCCESS |  
2019-09-04 11:46:53,508 | INFO  | DNAudit | user=null | ip=null | op=WRITE_CHUNK {blockData=conID: 3 locID: 102734077195846341 bcsId: 5538} | ret=SUCCESS |  
2019-09-04 11:46:53,508 | INFO  | DNAudit | user=null | ip=null | op=WRITE_CHUNK {blockData=conID: 3 locID: 102734077195846341 bcsId: 5538} | ret=SUCCESS |  
2019-09-04 11:46:53,545 | INFO  | DNAudit | user=null | ip=null | op=WRITE_CHUNK {blockData=conID: 3 locID: 102734077195846341 bcsId: 5538} | ret=SUCCESS |  
2019-09-04 11:46:53,545 | INFO  | DNAudit | user=null | ip=null | op=PUT_BLOCK {blockData=[blockId=conID: 3 locID: 102734077195846341 bcsId: 0,size=3145728]} | ret=SUCCESS |  
2019-09-04 11:46:53,545 [grpc-default-executor-6] INFO  client.GrpcClientProtocolClient (GrpcClientProtocolClient.java:onNext(255)) - client-D5CE890D7D9E->efcb8ff8-f060-4d95-9215-d0f5eb4af037: receive RaftClientReply:client-D5CE890D7D9E->efcb8ff8-f060-4d95-9215-d0f5eb4af037@group-0959F8DF43ED, cid=3655, SUCCESS, logIndex=5543, commits[efcb8ff8-f060-4d95-9215-d0f5eb4af037:c5544, 6fae8b02-e804-4c0e-b729-a97b7404b7f6:c5542, 4c3e8a66-6975-4917-8225-d3efe707aaff:c5542]
2019-09-04 11:46:53,545 [grpc-default-executor-6] INFO  client.GrpcClientProtocolClient (GrpcClientProtocolClient.java:onNext(255)) - client-D5CE890D7D9E->efcb8ff8-f060-4d95-9215-d0f5eb4af037: receive RaftClientReply:client-D5CE890D7D9E->efcb8ff8-f060-4d95-9215-d0f5eb4af037@group-0959F8DF43ED, cid=3656, SUCCESS, logIndex=5544, commits[efcb8ff8-f060-4d95-9215-d0f5eb4af037:c5544, 6fae8b02-e804-4c0e-b729-a97b7404b7f6:c5542, 4c3e8a66-6975-4917-8225-d3efe707aaff:c5542]
2019-09-04 11:46:53,551 | INFO  | DNAudit | user=null | ip=null | op=WRITE_CHUNK {blockData=conID: 3 locID: 102734077195846341 bcsId: 5538} | ret=SUCCESS |  
2019-09-04 11:46:53,551 | INFO  | DNAudit | user=null | ip=null | op=WRITE_CHUNK {blockData=conID: 3 locID: 102734077195846341 bcsId: 5544} | ret=SUCCESS |  
2019-09-04 11:46:53,552 | INFO  | DNAudit | user=null | ip=null | op=PUT_BLOCK {blockData=[blockId=conID: 3 locID: 102734077195846341 bcsId: 0,size=3145728]} | ret=SUCCESS |  
2019-09-04 11:46:53,552 | INFO  | DNAudit | user=null | ip=null | op=WRITE_CHUNK {blockData=conID: 3 locID: 102734077195846341 bcsId: 5538} | ret=SUCCESS |  
2019-09-04 11:46:53,552 | INFO  | DNAudit | user=null | ip=null | op=PUT_BLOCK {blockData=[blockId=conID: 3 locID: 102734077195846341 bcsId: 0,size=3145728]} | ret=SUCCESS |  
2019-09-04 11:46:53,555 | INFO  | DNAudit | user=null | ip=null | op=WRITE_CHUNK {blockData=conID: 3 locID: 102734077195846341 bcsId: 5544} | ret=SUCCESS |  
2019-09-04 11:46:53,555 | INFO  | DNAudit | user=null | ip=null | op=WRITE_CHUNK {blockData=conID: 3 locID: 102734077195846341 bcsId: 5544} | ret=SUCCESS |  
2019-09-04 11:46:53,561 | INFO  | DNAudit | user=null | ip=null | op=WRITE_CHUNK {blockData=conID: 3 locID: 102734077195846341 bcsId: 5544} | ret=SUCCESS |  
2019-09-04 11:46:53,561 | INFO  | DNAudit | user=null | ip=null | op=PUT_BLOCK {blockData=[blockId=conID: 3 locID: 102734077195846341 bcsId: 0,size=4194304]} | ret=SUCCESS |  
2019-09-04 11:46:53,562 [grpc-default-executor-6] INFO  client.GrpcClientProtocolClient (GrpcClientProtocolClient.java:onNext(255)) - client-D5CE890D7D9E->efcb8ff8-f060-4d95-9215-d0f5eb4af037: receive RaftClientReply:client-D5CE890D7D9E->efcb8ff8-f060-4d95-9215-d0f5eb4af037@group-0959F8DF43ED, cid=3657, SUCCESS, logIndex=5547, commits[efcb8ff8-f060-4d95-9215-d0f5eb4af037:c5548, 6fae8b02-e804-4c0e-b729-a97b7404b7f6:c5545, 4c3e8a66-6975-4917-8225-d3efe707aaff:c5544]
2019-09-04 11:46:53,562 [grpc-default-executor-6] INFO  client.GrpcClientProtocolClient (GrpcClientProtocolClient.java:onNext(255)) - client-D5CE890D7D9E->efcb8ff8-f060-4d95-9215-d0f5eb4af037: receive RaftClientReply:client-D5CE890D7D9E->efcb8ff8-f060-4d95-9215-d0f5eb4af037@group-0959F8DF43ED, cid=3658, SUCCESS, logIndex=5548, commits[efcb8ff8-f060-4d95-9215-d0f5eb4af037:c5548, 6fae8b02-e804-4c0e-b729-a97b7404b7f6:c5545, 4c3e8a66-6975-4917-8225-d3efe707aaff:c5544]
2019-09-04 11:46:53,578 | INFO  | DNAudit | user=null | ip=null | op=WRITE_CHUNK {blockData=conID: 3 locID: 102734077195846341 bcsId: 5544} | ret=SUCCESS |  
2019-09-04 11:46:53,578 | INFO  | DNAudit | user=null | ip=null | op=WRITE_CHUNK {blockData=conID: 3 locID: 102734077195846341 bcsId: 5544} | ret=SUCCESS |  
2019-09-04 11:46:53,578 | INFO  | DNAudit | user=null | ip=null | op=PUT_BLOCK {blockData=[blockId=conID: 3 locID: 102734077195846341 bcsId: 0,size=4194304]} | ret=SUCCESS |  
2019-09-04 11:46:53,579 | INFO  | DNAudit | user=null | ip=null | op=PUT_BLOCK {blockData=[blockId=conID: 3 locID: 102734077195846341 bcsId: 0,size=4194304]} | ret=SUCCESS |  
2019-09-04 11:46:53,580 [grpc-default-executor-6] INFO  client.GrpcClientProtocolClient (GrpcClientProtocolClient.java:onNext(255)) - client-D5CE890D7D9E->efcb8ff8-f060-4d95-9215-d0f5eb4af037: receive RaftClientReply:client-D5CE890D7D9E->efcb8ff8-f060-4d95-9215-d0f5eb4af037@group-0959F8DF43ED, cid=3659, SUCCESS, logIndex=0, commits[efcb8ff8-f060-4d95-9215-d0f5eb4af037:c5550, 6fae8b02-e804-4c0e-b729-a97b7404b7f6:c5548, 4c3e8a66-6975-4917-8225-d3efe707aaff:c5548]
2019-09-04 11:46:53,586 | INFO  | SCMAudit | user=jenkins1000 | ip=192.168.36.67 | op=ALLOCATE_BLOCK {owner=8ab292a2-aaa7-4ad8-863a-d33994811155, size=4194304, type=RATIS, factor=THREE} | ret=SUCCESS |  
2019-09-04 11:46:53,590 | INFO  | OMAudit | user=jenkins1000 | ip=127.0.0.1 | op=ALLOCATE_BLOCK {volume=vol-0-58699, bucket=bucket-0-57464, key=key-0-37266, dataSize=0, replicationType=null, replicationFactor=null, keyLocationInfo=null, clientID=102734073355960722} | ret=SUCCESS |  
2019-09-04 11:46:53,597 | INFO  | DNAudit | user=null | ip=null | op=WRITE_CHUNK {blockData=conID: 1 locID: 102734077203972806 bcsId: 0} | ret=SUCCESS |  
2019-09-04 11:46:53,599 | INFO  | DNAudit | user=null | ip=null | op=WRITE_CHUNK {blockData=conID: 1 locID: 102734077203972806 bcsId: 0} | ret=SUCCESS |  
2019-09-04 11:46:53,599 | INFO  | DNAudit | user=null | ip=null | op=WRITE_CHUNK {blockData=conID: 1 locID: 102734077203972806 bcsId: 0} | ret=SUCCESS |  
2019-09-04 11:46:53,600 | INFO  | DNAudit | user=null | ip=null | op=WRITE_CHUNK {blockData=conID: 1 locID: 102734077203972806 bcsId: 0} | ret=SUCCESS |  
2019-09-04 11:46:53,601 | INFO  | DNAudit | user=null | ip=null | op=WRITE_CHUNK {blockData=conID: 1 locID: 102734077203972806 bcsId: 0} | ret=SUCCESS |  
2019-09-04 11:46:53,601 | INFO  | DNAudit | user=null | ip=null | op=WRITE_CHUNK {blockData=conID: 1 locID: 102734077203972806 bcsId: 0} | ret=SUCCESS |  
2019-09-04 11:46:53,610 | INFO  | DNAudit | user=null | ip=null | op=WRITE_CHUNK {blockData=conID: 1 locID: 102734077203972806 bcsId: 0} | ret=SUCCESS |  
2019-09-04 11:46:53,610 | INFO  | DNAudit | user=null | ip=null | op=PUT_BLOCK {blockData=[blockId=conID: 1 locID: 102734077203972806 bcsId: 0,size=1048576]} | ret=SUCCESS |  
2019-09-04 11:46:53,610 [grpc-default-executor-5] INFO  client.GrpcClientProtocolClient (GrpcClientProtocolClient.java:onNext(255)) - client-D5CE890D7D9E->efcb8ff8-f060-4d95-9215-d0f5eb4af037: receive RaftClientReply:client-D5CE890D7D9E->efcb8ff8-f060-4d95-9215-d0f5eb4af037@group-0959F8DF43ED, cid=3660, SUCCESS, logIndex=5551, commits[efcb8ff8-f060-4d95-9215-d0f5eb4af037:c5552, 6fae8b02-e804-4c0e-b729-a97b7404b7f6:c5550, 4c3e8a66-6975-4917-8225-d3efe707aaff:c5550]
2019-09-04 11:46:53,611 [grpc-default-executor-5] INFO  client.GrpcClientProtocolClient (GrpcClientProtocolClient.java:onNext(255)) - client-D5CE890D7D9E->efcb8ff8-f060-4d95-9215-d0f5eb4af037: receive RaftClientReply:client-D5CE890D7D9E->efcb8ff8-f060-4d95-9215-d0f5eb4af037@group-0959F8DF43ED, cid=3661, SUCCESS, logIndex=5552, commits[efcb8ff8-f060-4d95-9215-d0f5eb4af037:c5552, 6fae8b02-e804-4c0e-b729-a97b7404b7f6:c5550, 4c3e8a66-6975-4917-8225-d3efe707aaff:c5550]
2019-09-04 11:46:53,617 | INFO  | DNAudit | user=null | ip=null | op=WRITE_CHUNK {blockData=conID: 1 locID: 102734077203972806 bcsId: 0} | ret=SUCCESS |  
2019-09-04 11:46:53,618 | INFO  | DNAudit | user=null | ip=null | op=PUT_BLOCK {blockData=[blockId=conID: 1 locID: 102734077203972806 bcsId: 0,size=2097152]} | ret=SUCCESS |  
2019-09-04 11:46:53,618 [grpc-default-executor-1] INFO  client.GrpcClientProtocolClient (GrpcClientProtocolClient.java:onNext(255)) - client-D5CE890D7D9E->efcb8ff8-f060-4d95-9215-d0f5eb4af037: receive RaftClientReply:client-D5CE890D7D9E->efcb8ff8-f060-4d95-9215-d0f5eb4af037@group-0959F8DF43ED, cid=3662, SUCCESS, logIndex=5553, commits[efcb8ff8-f060-4d95-9215-d0f5eb4af037:c5554, 6fae8b02-e804-4c0e-b729-a97b7404b7f6:c5550, 4c3e8a66-6975-4917-8225-d3efe707aaff:c5550]
2019-09-04 11:46:53,618 | INFO  | DNAudit | user=null | ip=null | op=WRITE_CHUNK {blockData=conID: 1 locID: 102734077203972806 bcsId: 0} | ret=SUCCESS |  
2019-09-04 11:46:53,619 | INFO  | DNAudit | user=null | ip=null | op=PUT_BLOCK {blockData=[blockId=conID: 1 locID: 102734077203972806 bcsId: 0,size=1048576]} | ret=SUCCESS |  
2019-09-04 11:46:53,619 [grpc-default-executor-1] INFO  client.GrpcClientProtocolClient (GrpcClientProtocolClient.java:onNext(255)) - client-D5CE890D7D9E->efcb8ff8-f060-4d95-9215-d0f5eb4af037: receive RaftClientReply:client-D5CE890D7D9E->efcb8ff8-f060-4d95-9215-d0f5eb4af037@group-0959F8DF43ED, cid=3663, SUCCESS, logIndex=5554, commits[efcb8ff8-f060-4d95-9215-d0f5eb4af037:c5554, 6fae8b02-e804-4c0e-b729-a97b7404b7f6:c5550, 4c3e8a66-6975-4917-8225-d3efe707aaff:c5550]
2019-09-04 11:46:53,619 | INFO  | DNAudit | user=null | ip=null | op=WRITE_CHUNK {blockData=conID: 1 locID: 102734077203972806 bcsId: 0} | ret=SUCCESS |  
2019-09-04 11:46:53,619 | INFO  | DNAudit | user=null | ip=null | op=PUT_BLOCK {blockData=[blockId=conID: 1 locID: 102734077203972806 bcsId: 0,size=1048576]} | ret=SUCCESS |  
2019-09-04 11:46:53,619 | INFO  | DNAudit | user=null | ip=null | op=WRITE_CHUNK {blockData=conID: 1 locID: 102734077203972806 bcsId: 0} | ret=SUCCESS |  
2019-09-04 11:46:53,620 | INFO  | DNAudit | user=null | ip=null | op=PUT_BLOCK {blockData=[blockId=conID: 1 locID: 102734077203972806 bcsId: 0,size=2097152]} | ret=SUCCESS |  
2019-09-04 11:46:53,620 | INFO  | DNAudit | user=null | ip=null | op=WRITE_CHUNK {blockData=conID: 1 locID: 102734077203972806 bcsId: 0} | ret=SUCCESS |  
2019-09-04 11:46:53,620 [grpc-default-executor-1] INFO  client.GrpcClientProtocolClient (GrpcClientProtocolClient.java:onNext(255)) - client-D5CE890D7D9E->efcb8ff8-f060-4d95-9215-d0f5eb4af037: receive RaftClientReply:client-D5CE890D7D9E->efcb8ff8-f060-4d95-9215-d0f5eb4af037@group-0959F8DF43ED, cid=3664, SUCCESS, logIndex=0, commits[efcb8ff8-f060-4d95-9215-d0f5eb4af037:c5556, 6fae8b02-e804-4c0e-b729-a97b7404b7f6:c5552, 4c3e8a66-6975-4917-8225-d3efe707aaff:c5554]
2019-09-04 11:46:53,620 | INFO  | DNAudit | user=null | ip=null | op=PUT_BLOCK {blockData=[blockId=conID: 1 locID: 102734077203972806 bcsId: 0,size=2097152]} | ret=SUCCESS |  
2019-09-04 11:46:53,625 | INFO  | DNAudit | user=null | ip=null | op=WRITE_CHUNK {blockData=conID: 1 locID: 102734077203972806 bcsId: 5554} | ret=SUCCESS |  
2019-09-04 11:46:53,627 | INFO  | DNAudit | user=null | ip=null | op=WRITE_CHUNK {blockData=conID: 1 locID: 102734077203972806 bcsId: 5554} | ret=SUCCESS |  
2019-09-04 11:46:53,627 | INFO  | DNAudit | user=null | ip=null | op=WRITE_CHUNK {blockData=conID: 1 locID: 102734077203972806 bcsId: 5554} | ret=SUCCESS |  
2019-09-04 11:46:53,638 | INFO  | DNAudit | user=null | ip=null | op=WRITE_CHUNK {blockData=conID: 1 locID: 102734077203972806 bcsId: 5554} | ret=SUCCESS |  
2019-09-04 11:46:53,638 | INFO  | DNAudit | user=null | ip=null | op=PUT_BLOCK {blockData=[blockId=conID: 1 locID: 102734077203972806 bcsId: 0,size=3145728]} | ret=SUCCESS |  
2019-09-04 11:46:53,638 [grpc-default-executor-1] INFO  client.GrpcClientProtocolClient (GrpcClientProtocolClient.java:onNext(255)) - client-D5CE890D7D9E->efcb8ff8-f060-4d95-9215-d0f5eb4af037: receive RaftClientReply:client-D5CE890D7D9E->efcb8ff8-f060-4d95-9215-d0f5eb4af037@group-0959F8DF43ED, cid=3665, SUCCESS, logIndex=5559, commits[efcb8ff8-f060-4d95-9215-d0f5eb4af037:c5560, 6fae8b02-e804-4c0e-b729-a97b7404b7f6:c5558, 4c3e8a66-6975-4917-8225-d3efe707aaff:c5558]
2019-09-04 11:46:53,639 [grpc-default-executor-1] INFO  client.GrpcClientProtocolClient (GrpcClientProtocolClient.java:onNext(255)) - client-D5CE890D7D9E->efcb8ff8-f060-4d95-9215-d0f5eb4af037: receive RaftClientReply:client-D5CE890D7D9E->efcb8ff8-f060-4d95-9215-d0f5eb4af037@group-0959F8DF43ED, cid=3666, SUCCESS, logIndex=5560, commits[efcb8ff8-f060-4d95-9215-d0f5eb4af037:c5560, 6fae8b02-e804-4c0e-b729-a97b7404b7f6:c5558, 4c3e8a66-6975-4917-8225-d3efe707aaff:c5558]
2019-09-04 11:46:53,644 | INFO  | DNAudit | user=null | ip=null | op=WRITE_CHUNK {blockData=conID: 1 locID: 102734077203972806 bcsId: 5560} | ret=SUCCESS |  
2019-09-04 11:46:53,646 | INFO  | DNAudit | user=null | ip=null | op=WRITE_CHUNK {blockData=conID: 1 locID: 102734077203972806 bcsId: 5560} | ret=SUCCESS |  
2019-09-04 11:46:53,646 | INFO  | DNAudit | user=null | ip=null | op=WRITE_CHUNK {blockData=conID: 1 locID: 102734077203972806 bcsId: 5560} | ret=SUCCESS |  
2019-09-04 11:46:53,648 | INFO  | DNAudit | user=null | ip=null | op=WRITE_CHUNK {blockData=conID: 1 locID: 102734077203972806 bcsId: 5554} | ret=SUCCESS |  
2019-09-04 11:46:53,648 | INFO  | DNAudit | user=null | ip=null | op=WRITE_CHUNK {blockData=conID: 1 locID: 102734077203972806 bcsId: 5554} | ret=SUCCESS |  
2019-09-04 11:46:53,648 | INFO  | DNAudit | user=null | ip=null | op=PUT_BLOCK {blockData=[blockId=conID: 1 locID: 102734077203972806 bcsId: 0,size=3145728]} | ret=SUCCESS |  
2019-09-04 11:46:53,648 | INFO  | DNAudit | user=null | ip=null | op=PUT_BLOCK {blockData=[blockId=conID: 1 locID: 102734077203972806 bcsId: 0,size=3145728]} | ret=SUCCESS |  
2019-09-04 11:46:53,650 | INFO  | DNAudit | user=null | ip=null | op=WRITE_CHUNK {blockData=conID: 1 locID: 102734077203972806 bcsId: 5560} | ret=SUCCESS |  
2019-09-04 11:46:53,650 | INFO  | DNAudit | user=null | ip=null | op=PUT_BLOCK {blockData=[blockId=conID: 1 locID: 102734077203972806 bcsId: 0,size=4194304]} | ret=SUCCESS |  
2019-09-04 11:46:53,650 [grpc-default-executor-4] INFO  client.GrpcClientProtocolClient (GrpcClientProtocolClient.java:onNext(255)) - client-D5CE890D7D9E->efcb8ff8-f060-4d95-9215-d0f5eb4af037: receive RaftClientReply:client-D5CE890D7D9E->efcb8ff8-f060-4d95-9215-d0f5eb4af037@group-0959F8DF43ED, cid=3667, SUCCESS, logIndex=5563, commits[efcb8ff8-f060-4d95-9215-d0f5eb4af037:c5564, 6fae8b02-e804-4c0e-b729-a97b7404b7f6:c5560, 4c3e8a66-6975-4917-8225-d3efe707aaff:c5560]
2019-09-04 11:46:53,650 [grpc-default-executor-4] INFO  client.GrpcClientProtocolClient (GrpcClientProtocolClient.java:onNext(255)) - client-D5CE890D7D9E->efcb8ff8-f060-4d95-9215-d0f5eb4af037: receive RaftClientReply:client-D5CE890D7D9E->efcb8ff8-f060-4d95-9215-d0f5eb4af037@group-0959F8DF43ED, cid=3668, SUCCESS, logIndex=5564, commits[efcb8ff8-f060-4d95-9215-d0f5eb4af037:c5564, 6fae8b02-e804-4c0e-b729-a97b7404b7f6:c5560, 4c3e8a66-6975-4917-8225-d3efe707aaff:c5560]
2019-09-04 11:46:53,659 | INFO  | DNAudit | user=null | ip=null | op=WRITE_CHUNK {blockData=conID: 1 locID: 102734077203972806 bcsId: 5560} | ret=SUCCESS |  
2019-09-04 11:46:53,659 | INFO  | DNAudit | user=null | ip=null | op=WRITE_CHUNK {blockData=conID: 1 locID: 102734077203972806 bcsId: 5560} | ret=SUCCESS |  
2019-09-04 11:46:53,660 | INFO  | DNAudit | user=null | ip=null | op=PUT_BLOCK {blockData=[blockId=conID: 1 locID: 102734077203972806 bcsId: 0,size=4194304]} | ret=SUCCESS |  
2019-09-04 11:46:53,660 | INFO  | DNAudit | user=null | ip=null | op=PUT_BLOCK {blockData=[blockId=conID: 1 locID: 102734077203972806 bcsId: 0,size=4194304]} | ret=SUCCESS |  
2019-09-04 11:46:53,660 [grpc-default-executor-1] INFO  client.GrpcClientProtocolClient (GrpcClientProtocolClient.java:onNext(255)) - client-D5CE890D7D9E->efcb8ff8-f060-4d95-9215-d0f5eb4af037: receive RaftClientReply:client-D5CE890D7D9E->efcb8ff8-f060-4d95-9215-d0f5eb4af037@group-0959F8DF43ED, cid=3669, SUCCESS, logIndex=0, commits[efcb8ff8-f060-4d95-9215-d0f5eb4af037:c5566, 6fae8b02-e804-4c0e-b729-a97b7404b7f6:c5564, 4c3e8a66-6975-4917-8225-d3efe707aaff:c5564]
2019-09-04 11:46:53,667 | INFO  | SCMAudit | user=jenkins1000 | ip=192.168.36.67 | op=ALLOCATE_BLOCK {owner=8ab292a2-aaa7-4ad8-863a-d33994811155, size=4194304, type=RATIS, factor=THREE} | ret=SUCCESS |  
2019-09-04 11:46:53,672 | INFO  | OMAudit | user=jenkins1000 | ip=127.0.0.1 | op=ALLOCATE_BLOCK {volume=vol-0-58699, bucket=bucket-0-57464, key=key-0-37266, dataSize=0, replicationType=null, replicationFactor=null, keyLocationInfo=null, clientID=102734073355960722} | ret=SUCCESS |  
2019-09-04 11:46:53,678 | INFO  | DNAudit | user=null | ip=null | op=WRITE_CHUNK {blockData=conID: 2 locID: 102734077209281223 bcsId: 0} | ret=SUCCESS |  
2019-09-04 11:46:53,680 | INFO  | DNAudit | user=null | ip=null | op=WRITE_CHUNK {blockData=conID: 2 locID: 102734077209281223 bcsId: 0} | ret=SUCCESS |  
2019-09-04 11:46:53,680 | INFO  | DNAudit | user=null | ip=null | op=WRITE_CHUNK {blockData=conID: 2 locID: 102734077209281223 bcsId: 0} | ret=SUCCESS |  
2019-09-04 11:46:53,681 | INFO  | DNAudit | user=null | ip=null | op=WRITE_CHUNK {blockData=conID: 2 locID: 102734077209281223 bcsId: 0} | ret=SUCCESS |  
2019-09-04 11:46:53,682 | INFO  | DNAudit | user=null | ip=null | op=WRITE_CHUNK {blockData=conID: 2 locID: 102734077209281223 bcsId: 0} | ret=SUCCESS |  
2019-09-04 11:46:53,682 | INFO  | DNAudit | user=null | ip=null | op=WRITE_CHUNK {blockData=conID: 2 locID: 102734077209281223 bcsId: 0} | ret=SUCCESS |  
2019-09-04 11:46:53,690 | INFO  | DNAudit | user=null | ip=null | op=WRITE_CHUNK {blockData=conID: 2 locID: 102734077209281223 bcsId: 0} | ret=SUCCESS |  
2019-09-04 11:46:53,690 | INFO  | DNAudit | user=null | ip=null | op=PUT_BLOCK {blockData=[blockId=conID: 2 locID: 102734077209281223 bcsId: 0,size=1048576]} | ret=SUCCESS |  
2019-09-04 11:46:53,690 | INFO  | DNAudit | user=null | ip=null | op=WRITE_CHUNK {blockData=conID: 2 locID: 102734077209281223 bcsId: 0} | ret=SUCCESS |  
2019-09-04 11:46:53,690 [grpc-default-executor-1] INFO  client.GrpcClientProtocolClient (GrpcClientProtocolClient.java:onNext(255)) - client-D5CE890D7D9E->efcb8ff8-f060-4d95-9215-d0f5eb4af037: receive RaftClientReply:client-D5CE890D7D9E->efcb8ff8-f060-4d95-9215-d0f5eb4af037@group-0959F8DF43ED, cid=3670, SUCCESS, logIndex=5567, commits[efcb8ff8-f060-4d95-9215-d0f5eb4af037:c5569, 6fae8b02-e804-4c0e-b729-a97b7404b7f6:c5566, 4c3e8a66-6975-4917-8225-d3efe707aaff:c5566]
2019-09-04 11:46:53,691 | INFO  | DNAudit | user=null | ip=null | op=PUT_BLOCK {blockData=[blockId=conID: 2 locID: 102734077209281223 bcsId: 0,size=2097152]} | ret=SUCCESS |  
2019-09-04 11:46:53,691 [grpc-default-executor-1] INFO  client.GrpcClientProtocolClient (GrpcClientProtocolClient.java:onNext(255)) - client-D5CE890D7D9E->efcb8ff8-f060-4d95-9215-d0f5eb4af037: receive RaftClientReply:client-D5CE890D7D9E->efcb8ff8-f060-4d95-9215-d0f5eb4af037@group-0959F8DF43ED, cid=3671, SUCCESS, logIndex=5568, commits[efcb8ff8-f060-4d95-9215-d0f5eb4af037:c5570, 6fae8b02-e804-4c0e-b729-a97b7404b7f6:c5566, 4c3e8a66-6975-4917-8225-d3efe707aaff:c5566]
2019-09-04 11:46:53,691 [grpc-default-executor-1] INFO  client.GrpcClientProtocolClient (GrpcClientProtocolClient.java:onNext(255)) - client-D5CE890D7D9E->efcb8ff8-f060-4d95-9215-d0f5eb4af037: receive RaftClientReply:client-D5CE890D7D9E->efcb8ff8-f060-4d95-9215-d0f5eb4af037@group-0959F8DF43ED, cid=3672, SUCCESS, logIndex=5569, commits[efcb8ff8-f060-4d95-9215-d0f5eb4af037:c5570, 6fae8b02-e804-4c0e-b729-a97b7404b7f6:c5566, 4c3e8a66-6975-4917-8225-d3efe707aaff:c5566]
2019-09-04 11:46:53,691 [grpc-default-executor-1] INFO  client.GrpcClientProtocolClient (GrpcClientProtocolClient.java:onNext(255)) - client-D5CE890D7D9E->efcb8ff8-f060-4d95-9215-d0f5eb4af037: receive RaftClientReply:client-D5CE890D7D9E->efcb8ff8-f060-4d95-9215-d0f5eb4af037@group-0959F8DF43ED, cid=3673, SUCCESS, logIndex=5570, commits[efcb8ff8-f060-4d95-9215-d0f5eb4af037:c5570, 6fae8b02-e804-4c0e-b729-a97b7404b7f6:c5566, 4c3e8a66-6975-4917-8225-d3efe707aaff:c5566]
2019-09-04 11:46:53,846 | INFO  | SCMAudit | user=jenkins1000 | ip=192.168.36.67 | op=SEND_HEARTBEAT {datanodeUUID=efcb8ff8-f060-4d95-9215-d0f5eb4af037, command=[]} | ret=SUCCESS |  
2019-09-04 11:46:53,847 | INFO  | SCMAudit | user=jenkins1000 | ip=192.168.36.67 | op=SEND_HEARTBEAT {datanodeUUID=0b776101-1d39-4f23-96c0-6a8ead31197c, command=[]} | ret=SUCCESS |  
2019-09-04 11:46:53,847 | INFO  | SCMAudit | user=jenkins1000 | ip=192.168.36.67 | op=SEND_HEARTBEAT {datanodeUUID=4c3e8a66-6975-4917-8225-d3efe707aaff, command=[]} | ret=SUCCESS |  
2019-09-04 11:46:53,847 | INFO  | SCMAudit | user=jenkins1000 | ip=192.168.36.67 | op=SEND_HEARTBEAT {datanodeUUID=b68b188c-7f38-42ae-8403-46a39acd0731, command=[]} | ret=SUCCESS |  
2019-09-04 11:46:53,847 | INFO  | SCMAudit | user=jenkins1000 | ip=192.168.36.67 | op=SEND_HEARTBEAT {datanodeUUID=6fae8b02-e804-4c0e-b729-a97b7404b7f6, command=[]} | ret=SUCCESS |  
 0.00% |█                                                                                                    |  0/1 Time: 0:00:592019-09-04 11:46:54,845 | INFO  | SCMAudit | user=jenkins1000 | ip=192.168.36.67 | op=SEND_HEARTBEAT {datanodeUUID=efcb8ff8-f060-4d95-9215-d0f5eb4af037, command=[]} | ret=SUCCESS |  
2019-09-04 11:46:54,846 | INFO  | SCMAudit | user=jenkins1000 | ip=192.168.36.67 | op=SEND_HEARTBEAT {datanodeUUID=b68b188c-7f38-42ae-8403-46a39acd0731, command=[]} | ret=SUCCESS |  
2019-09-04 11:46:55,464 | INFO  | SCMAudit | user=jenkins1000 | ip=192.168.36.67 | op=SEND_HEARTBEAT {datanodeUUID=4c3e8a66-6975-4917-8225-d3efe707aaff, command=[]} | ret=SUCCESS |  
2019-09-04 11:46:55,465 | INFO  | SCMAudit | user=jenkins1000 | ip=192.168.36.67 | op=SEND_HEARTBEAT {datanodeUUID=6fae8b02-e804-4c0e-b729-a97b7404b7f6, command=[]} | ret=SUCCESS |  
 0.00% |█                                                                                                    |  0/1 Time: 0:01:002019-09-04 11:46:55,466 | INFO  | SCMAudit | user=jenkins1000 | ip=192.168.36.67 | op=SEND_HEARTBEAT {datanodeUUID=0b776101-1d39-4f23-96c0-6a8ead31197c, command=[]} | ret=SUCCESS |  
2019-09-04 11:46:55,846 | INFO  | SCMAudit | user=jenkins1000 | ip=192.168.36.67 | op=SEND_HEARTBEAT {datanodeUUID=efcb8ff8-f060-4d95-9215-d0f5eb4af037, command=[]} | ret=SUCCESS |  
2019-09-04 11:46:55,847 | INFO  | SCMAudit | user=jenkins1000 | ip=192.168.36.67 | op=SEND_HEARTBEAT {datanodeUUID=b68b188c-7f38-42ae-8403-46a39acd0731, command=[]} | ret=SUCCESS |  
2019-09-04 11:46:55,847 | INFO  | SCMAudit | user=jenkins1000 | ip=192.168.36.67 | op=SEND_HEARTBEAT {datanodeUUID=4c3e8a66-6975-4917-8225-d3efe707aaff, command=[]} | ret=SUCCESS |  
2019-09-04 11:46:55,848 | INFO  | SCMAudit | user=jenkins1000 | ip=192.168.36.67 | op=SEND_HEARTBEAT {datanodeUUID=6fae8b02-e804-4c0e-b729-a97b7404b7f6, command=[]} | ret=SUCCESS |  
2019-09-04 11:46:56,233 | INFO  | DNAudit | user=null | ip=null | op=WRITE_CHUNK {blockData=conID: 2 locID: 102734077209281223 bcsId: 0} | ret=SUCCESS |  
2019-09-04 11:46:56,233 | INFO  | DNAudit | user=null | ip=null | op=WRITE_CHUNK {blockData=conID: 2 locID: 102734077209281223 bcsId: 0} | ret=SUCCESS |  
2019-09-04 11:46:56,234 | INFO  | DNAudit | user=null | ip=null | op=PUT_BLOCK {blockData=[blockId=conID: 2 locID: 102734077209281223 bcsId: 0,size=1048576]} | ret=SUCCESS |  
2019-09-04 11:46:56,234 | INFO  | DNAudit | user=null | ip=null | op=PUT_BLOCK {blockData=[blockId=conID: 2 locID: 102734077209281223 bcsId: 0,size=1048576]} | ret=SUCCESS |  
2019-09-04 11:46:56,234 | INFO  | DNAudit | user=null | ip=null | op=WRITE_CHUNK {blockData=conID: 2 locID: 102734077209281223 bcsId: 0} | ret=SUCCESS |  
2019-09-04 11:46:56,234 | INFO  | DNAudit | user=null | ip=null | op=WRITE_CHUNK {blockData=conID: 2 locID: 102734077209281223 bcsId: 0} | ret=SUCCESS |  
2019-09-04 11:46:56,234 | INFO  | DNAudit | user=null | ip=null | op=PUT_BLOCK {blockData=[blockId=conID: 2 locID: 102734077209281223 bcsId: 0,size=2097152]} | ret=SUCCESS |  
2019-09-04 11:46:56,235 | INFO  | DNAudit | user=null | ip=null | op=PUT_BLOCK {blockData=[blockId=conID: 2 locID: 102734077209281223 bcsId: 0,size=2097152]} | ret=SUCCESS |  
 0.00% |█                                                                                                    |  0/1 Time: 0:01:012019-09-04 11:46:56,466 | INFO  | SCMAudit | user=jenkins1000 | ip=192.168.36.67 | op=SEND_HEARTBEAT {datanodeUUID=0b776101-1d39-4f23-96c0-6a8ead31197c, command=[]} | ret=SUCCESS |  
2019-09-04 11:46:56,690 [java.util.concurrent.ThreadPoolExecutor$Worker@4e971108[State = -1, empty queue]] WARN  server.GrpcLogAppender (GrpcLogAppender.java:timeoutAppendRequest(200)) - GrpcLogAppender(efcb8ff8-f060-4d95-9215-d0f5eb4af037->4c3e8a66-6975-4917-8225-d3efe707aaff): appendEntries Timeout, request=efcb8ff8-f060-4d95-9215-d0f5eb4af037->4c3e8a66-6975-4917-8225-d3efe707aaff#5582-t2, previous=(t:2, i:5570), leaderCommit=5567, initializing? false, entries: size=1, first=(t:2, i:5571), METADATAENTRY(c5567)
2019-09-04 11:46:56,690 [java.util.concurrent.ThreadPoolExecutor$Worker@42ab78b9[State = -1, empty queue]] WARN  server.GrpcLogAppender (GrpcLogAppender.java:timeoutAppendRequest(200)) - GrpcLogAppender(efcb8ff8-f060-4d95-9215-d0f5eb4af037->6fae8b02-e804-4c0e-b729-a97b7404b7f6): appendEntries Timeout, request=efcb8ff8-f060-4d95-9215-d0f5eb4af037->6fae8b02-e804-4c0e-b729-a97b7404b7f6#5583-t2, previous=(t:2, i:5571), leaderCommit=5568, initializing? false, entries: size=1, first=(t:2, i:5572), METADATAENTRY(c5568)
2019-09-04 11:46:56,690 [java.util.concurrent.ThreadPoolExecutor$Worker@4e971108[State = -1, empty queue]] WARN  server.GrpcLogAppender (GrpcLogAppender.java:timeoutAppendRequest(200)) - GrpcLogAppender(efcb8ff8-f060-4d95-9215-d0f5eb4af037->4c3e8a66-6975-4917-8225-d3efe707aaff): appendEntries Timeout, request=efcb8ff8-f060-4d95-9215-d0f5eb4af037->4c3e8a66-6975-4917-8225-d3efe707aaff#5583-t2, previous=(t:2, i:5571), leaderCommit=5568, initializing? false, entries: size=1, first=(t:2, i:5572), METADATAENTRY(c5568)
2019-09-04 11:46:56,690 [java.util.concurrent.ThreadPoolExecutor$Worker@42ab78b9[State = -1, empty queue]] WARN  server.GrpcLogAppender (GrpcLogAppender.java:timeoutAppendRequest(200)) - GrpcLogAppender(efcb8ff8-f060-4d95-9215-d0f5eb4af037->6fae8b02-e804-4c0e-b729-a97b7404b7f6): appendEntries Timeout, request=efcb8ff8-f060-4d95-9215-d0f5eb4af037->6fae8b02-e804-4c0e-b729-a97b7404b7f6#5584-t2, previous=(t:2, i:5572), leaderCommit=5569, initializing? false, entries: size=1, first=(t:2, i:5573), METADATAENTRY(c5569)
2019-09-04 11:46:56,695 [java.util.concurrent.ThreadPoolExecutor$Worker@4e971108[State = -1, empty queue]] WARN  server.GrpcLogAppender (GrpcLogAppender.java:timeoutAppendRequest(200)) - GrpcLogAppender(efcb8ff8-f060-4d95-9215-d0f5eb4af037->4c3e8a66-6975-4917-8225-d3efe707aaff): appendEntries Timeout, request=efcb8ff8-f060-4d95-9215-d0f5eb4af037->4c3e8a66-6975-4917-8225-d3efe707aaff#5584-t2, previous=(t:2, i:5572), leaderCommit=5569, initializing? false, entries: size=1, first=(t:2, i:5573), METADATAENTRY(c5569)
2019-09-04 11:46:56,696 [java.util.concurrent.ThreadPoolExecutor$Worker@42ab78b9[State = -1, empty queue]] WARN  server.GrpcLogAppender (GrpcLogAppender.java:timeoutAppendRequest(200)) - GrpcLogAppender(efcb8ff8-f060-4d95-9215-d0f5eb4af037->6fae8b02-e804-4c0e-b729-a97b7404b7f6): appendEntries Timeout, request=efcb8ff8-f060-4d95-9215-d0f5eb4af037->6fae8b02-e804-4c0e-b729-a97b7404b7f6#5585-t2, previous=(t:2, i:5573), leaderCommit=5570, initializing? false, entries: size=1, first=(t:2, i:5574), METADATAENTRY(c5570)
2019-09-04 11:46:56,699 [java.util.concurrent.ThreadPoolExecutor$Worker@4e971108[State = -1, empty queue]] WARN  server.GrpcLogAppender (GrpcLogAppender.java:timeoutAppendRequest(200)) - GrpcLogAppender(efcb8ff8-f060-4d95-9215-d0f5eb4af037->4c3e8a66-6975-4917-8225-d3efe707aaff): appendEntries Timeout, request=efcb8ff8-f060-4d95-9215-d0f5eb4af037->4c3e8a66-6975-4917-8225-d3efe707aaff#5585-t2, previous=(t:2, i:5573), leaderCommit=5570, initializing? false, entries: size=1, first=(t:2, i:5574), METADATAENTRY(c5570)
2019-09-04 11:46:56,846 | INFO  | SCMAudit | user=jenkins1000 | ip=192.168.36.67 | op=SEND_HEARTBEAT {datanodeUUID=efcb8ff8-f060-4d95-9215-d0f5eb4af037, command=[]} | ret=SUCCESS |  
2019-09-04 11:46:56,847 | INFO  | SCMAudit | user=jenkins1000 | ip=192.168.36.67 | op=SEND_HEARTBEAT {datanodeUUID=b68b188c-7f38-42ae-8403-46a39acd0731, command=[]} | ret=SUCCESS |  
2019-09-04 11:46:56,847 | INFO  | SCMAudit | user=jenkins1000 | ip=192.168.36.67 | op=SEND_HEARTBEAT {datanodeUUID=4c3e8a66-6975-4917-8225-d3efe707aaff, command=[]} | ret=SUCCESS |  
2019-09-04 11:46:56,848 | INFO  | SCMAudit | user=jenkins1000 | ip=192.168.36.67 | op=SEND_HEARTBEAT {datanodeUUID=6fae8b02-e804-4c0e-b729-a97b7404b7f6, command=[]} | ret=SUCCESS |  
2019-09-04 11:46:57,228 [grpc-default-executor-1] WARN  server.GrpcLogAppender (GrpcLogAppender.java:onNextImpl(250)) - org.apache.ratis.grpc.server.GrpcLogAppender$AppendLogResponseHandler@22a78daf: Request not found, ignoring reply: efcb8ff8-f060-4d95-9215-d0f5eb4af037<-4c3e8a66-6975-4917-8225-d3efe707aaff#5582:OK,SUCCESS,nextIndex:5572,term:2,followerCommit:5570
2019-09-04 11:46:57,230 [grpc-default-executor-1] WARN  server.GrpcLogAppender (GrpcLogAppender.java:onNextImpl(250)) - org.apache.ratis.grpc.server.GrpcLogAppender$AppendLogResponseHandler@22a78daf: Request not found, ignoring reply: efcb8ff8-f060-4d95-9215-d0f5eb4af037<-4c3e8a66-6975-4917-8225-d3efe707aaff#5583:OK,SUCCESS,nextIndex:5573,term:2,followerCommit:5570
2019-09-04 11:46:57,230 [grpc-default-executor-1] WARN  server.GrpcLogAppender (GrpcLogAppender.java:onNextImpl(250)) - org.apache.ratis.grpc.server.GrpcLogAppender$AppendLogResponseHandler@22a78daf: Request not found, ignoring reply: efcb8ff8-f060-4d95-9215-d0f5eb4af037<-4c3e8a66-6975-4917-8225-d3efe707aaff#5584:OK,SUCCESS,nextIndex:5574,term:2,followerCommit:5570
2019-09-04 11:46:57,268 [grpc-default-executor-1] WARN  server.GrpcLogAppender (GrpcLogAppender.java:onNextImpl(250)) - org.apache.ratis.grpc.server.GrpcLogAppender$AppendLogResponseHandler@22a78daf: Request not found, ignoring reply: efcb8ff8-f060-4d95-9215-d0f5eb4af037<-4c3e8a66-6975-4917-8225-d3efe707aaff#5585:OK,SUCCESS,nextIndex:5575,term:2,followerCommit:5570
 0.00% |█                                                                                                    |  0/1 Time: 0:01:022019-09-04 11:46:57,466 | INFO  | SCMAudit | user=jenkins1000 | ip=192.168.36.67 | op=SEND_HEARTBEAT {datanodeUUID=0b776101-1d39-4f23-96c0-6a8ead31197c, command=[]} | ret=SUCCESS |  
2019-09-04 11:46:57,846 | INFO  | SCMAudit | user=jenkins1000 | ip=192.168.36.67 | op=SEND_HEARTBEAT {datanodeUUID=efcb8ff8-f060-4d95-9215-d0f5eb4af037, command=[]} | ret=SUCCESS |  
2019-09-04 11:46:57,847 | INFO  | SCMAudit | user=jenkins1000 | ip=192.168.36.67 | op=SEND_HEARTBEAT {datanodeUUID=4c3e8a66-6975-4917-8225-d3efe707aaff, command=[]} | ret=SUCCESS |  
2019-09-04 11:46:57,847 | INFO  | SCMAudit | user=jenkins1000 | ip=192.168.36.67 | op=SEND_HEARTBEAT {datanodeUUID=b68b188c-7f38-42ae-8403-46a39acd0731, command=[]} | ret=SUCCESS |  
2019-09-04 11:46:57,847 | INFO  | SCMAudit | user=jenkins1000 | ip=192.168.36.67 | op=SEND_HEARTBEAT {datanodeUUID=6fae8b02-e804-4c0e-b729-a97b7404b7f6, command=[]} | ret=SUCCESS |  
 0.00% |█                                                                                                    |  0/1 Time: 0:01:032019-09-04 11:46:58,466 | INFO  | SCMAudit | user=jenkins1000 | ip=192.168.36.67 | op=SEND_HEARTBEAT {datanodeUUID=0b776101-1d39-4f23-96c0-6a8ead31197c, command=[]} | ret=SUCCESS |  
2019-09-04 11:46:58,693 [pool-282-thread-1] WARN  scm.XceiverClientRatis (XceiverClientRatis.java:watchForCommit(262)) - 3 way commit failed on pipeline Pipeline[ Id: f26927df-b2d6-4bec-b814-0959f8df43ed, Nodes: 6fae8b02-e804-4c0e-b729-a97b7404b7f6{ip: 192.168.36.67, host: pr-hdds-1569-fjd24-125839774, networkLocation: /default-rack, certSerialId: null}4c3e8a66-6975-4917-8225-d3efe707aaff{ip: 192.168.36.67, host: pr-hdds-1569-fjd24-125839774, networkLocation: /default-rack, certSerialId: null}efcb8ff8-f060-4d95-9215-d0f5eb4af037{ip: 192.168.36.67, host: pr-hdds-1569-fjd24-125839774, networkLocation: /default-rack, certSerialId: null}, Type:RATIS, Factor:THREE, State:OPEN]
java.util.concurrent.TimeoutException
	at java.util.concurrent.CompletableFuture.timedGet(CompletableFuture.java:1771)
	at java.util.concurrent.CompletableFuture.get(CompletableFuture.java:1915)
	at org.apache.hadoop.hdds.scm.XceiverClientRatis.watchForCommit(XceiverClientRatis.java:259)
	at org.apache.hadoop.hdds.scm.storage.CommitWatcher.watchForCommit(CommitWatcher.java:194)
	at org.apache.hadoop.hdds.scm.storage.CommitWatcher.watchOnFirstIndex(CommitWatcher.java:135)
	at org.apache.hadoop.hdds.scm.storage.BlockOutputStream.watchForCommit(BlockOutputStream.java:347)
	at org.apache.hadoop.hdds.scm.storage.BlockOutputStream.handleFullBuffer(BlockOutputStream.java:324)
	at org.apache.hadoop.hdds.scm.storage.BlockOutputStream.write(BlockOutputStream.java:251)
	at org.apache.hadoop.ozone.client.io.BlockOutputStreamEntry.write(BlockOutputStreamEntry.java:129)
	at org.apache.hadoop.ozone.client.io.KeyOutputStream.handleWrite(KeyOutputStream.java:211)
	at org.apache.hadoop.ozone.client.io.KeyOutputStream.write(KeyOutputStream.java:193)
	at org.apache.hadoop.ozone.client.io.OzoneOutputStream.write(OzoneOutputStream.java:49)
	at org.apache.hadoop.ozone.freon.RandomKeyGenerator.createKey(RandomKeyGenerator.java:699)
	at org.apache.hadoop.ozone.freon.RandomKeyGenerator.access$1100(RandomKeyGenerator.java:87)
	at org.apache.hadoop.ozone.freon.RandomKeyGenerator$ObjectCreator.run(RandomKeyGenerator.java:606)
	at java.util.concurrent.Executors$RunnableAdapter.call(Executors.java:511)
	at java.util.concurrent.FutureTask.run(FutureTask.java:266)
	at java.util.concurrent.ThreadPoolExecutor.runWorker(ThreadPoolExecutor.java:1149)
	at java.util.concurrent.ThreadPoolExecutor$Worker.run(ThreadPoolExecutor.java:624)
	at java.lang.Thread.run(Thread.java:748)
2019-09-04 11:46:58,699 [grpc-default-executor-5] INFO  client.GrpcClientProtocolClient (GrpcClientProtocolClient.java:onNext(255)) - client-D5CE890D7D9E->efcb8ff8-f060-4d95-9215-d0f5eb4af037: receive RaftClientReply:client-D5CE890D7D9E->efcb8ff8-f060-4d95-9215-d0f5eb4af037@group-0959F8DF43ED, cid=3675, SUCCESS, logIndex=0, commits[efcb8ff8-f060-4d95-9215-d0f5eb4af037:c5574, 6fae8b02-e804-4c0e-b729-a97b7404b7f6:c5567, 4c3e8a66-6975-4917-8225-d3efe707aaff:c5570]
2019-09-04 11:46:58,701 [pool-282-thread-1] INFO  scm.XceiverClientRatis (XceiverClientRatis.java:lambda$watchForCommit$7(280)) - Could not commit index 5568 on pipeline Pipeline[ Id: f26927df-b2d6-4bec-b814-0959f8df43ed, Nodes: 6fae8b02-e804-4c0e-b729-a97b7404b7f6{ip: 192.168.36.67, host: pr-hdds-1569-fjd24-125839774, networkLocation: /default-rack, certSerialId: null}4c3e8a66-6975-4917-8225-d3efe707aaff{ip: 192.168.36.67, host: pr-hdds-1569-fjd24-125839774, networkLocation: /default-rack, certSerialId: null}efcb8ff8-f060-4d95-9215-d0f5eb4af037{ip: 192.168.36.67, host: pr-hdds-1569-fjd24-125839774, networkLocation: /default-rack, certSerialId: null}, Type:RATIS, Factor:THREE, State:OPEN] to all the nodes. Server 6fae8b02-e804-4c0e-b729-a97b7404b7f6 has failed. Committed by majority.
2019-09-04 11:46:58,703 [pool-282-thread-1] WARN  storage.BlockOutputStream (BlockOutputStream.java:watchForCommit(353)) - Failed to commit BlockId conID: 2 locID: 102734077209281223 bcsId: 5570 on Pipeline[ Id: f26927df-b2d6-4bec-b814-0959f8df43ed, Nodes: 6fae8b02-e804-4c0e-b729-a97b7404b7f6{ip: 192.168.36.67, host: pr-hdds-1569-fjd24-125839774, networkLocation: /default-rack, certSerialId: null}4c3e8a66-6975-4917-8225-d3efe707aaff{ip: 192.168.36.67, host: pr-hdds-1569-fjd24-125839774, networkLocation: /default-rack, certSerialId: null}efcb8ff8-f060-4d95-9215-d0f5eb4af037{ip: 192.168.36.67, host: pr-hdds-1569-fjd24-125839774, networkLocation: /default-rack, certSerialId: null}, Type:RATIS, Factor:THREE, State:OPEN]. Failed nodes: [6fae8b02-e804-4c0e-b729-a97b7404b7f6{ip: null, host: null, networkLocation: /default-rack, certSerialId: null}]
2019-09-04 11:46:58,845 | INFO  | SCMAudit | user=jenkins1000 | ip=192.168.36.67 | op=SEND_HEARTBEAT {datanodeUUID=efcb8ff8-f060-4d95-9215-d0f5eb4af037, command=[]} | ret=SUCCESS |  
2019-09-04 11:46:58,847 | INFO  | SCMAudit | user=jenkins1000 | ip=192.168.36.67 | op=SEND_HEARTBEAT {datanodeUUID=4c3e8a66-6975-4917-8225-d3efe707aaff, command=[]} | ret=SUCCESS |  
2019-09-04 11:46:58,847 | INFO  | SCMAudit | user=jenkins1000 | ip=192.168.36.67 | op=SEND_HEARTBEAT {datanodeUUID=6fae8b02-e804-4c0e-b729-a97b7404b7f6, command=[]} | ret=SUCCESS |  
2019-09-04 11:46:58,847 | INFO  | SCMAudit | user=jenkins1000 | ip=192.168.36.67 | op=SEND_HEARTBEAT {datanodeUUID=b68b188c-7f38-42ae-8403-46a39acd0731, command=[]} | ret=SUCCESS |  
2019-09-04 11:46:59,197 [java.util.concurrent.ThreadPoolExecutor$Worker@42ab78b9[State = -1, empty queue]] WARN  server.GrpcLogAppender (GrpcLogAppender.java:timeoutAppendRequest(200)) - GrpcLogAppender(efcb8ff8-f060-4d95-9215-d0f5eb4af037->6fae8b02-e804-4c0e-b729-a97b7404b7f6): appendEntries Timeout, request=efcb8ff8-f060-4d95-9215-d0f5eb4af037->6fae8b02-e804-4c0e-b729-a97b7404b7f6#5586-t2, previous=(t:2, i:5574), leaderCommit=5571, initializing? false, entries: <empty>
2019-09-04 11:46:59,432 | INFO  | DNAudit | user=null | ip=null | op=WRITE_CHUNK {blockData=conID: 2 locID: 102734077209281223 bcsId: 5570} | ret=SUCCESS |  
2019-09-04 11:46:59,432 | INFO  | DNAudit | user=null | ip=null | op=WRITE_CHUNK {blockData=conID: 2 locID: 102734077209281223 bcsId: 5570} | ret=SUCCESS |  
2019-09-04 11:46:59,432 | INFO  | DNAudit | user=null | ip=null | op=WRITE_CHUNK {blockData=conID: 2 locID: 102734077209281223 bcsId: 5570} | ret=SUCCESS |  
2019-09-04 11:46:59,439 | INFO  | DNAudit | user=null | ip=null | op=WRITE_CHUNK {blockData=conID: 2 locID: 102734077209281223 bcsId: 5570} | ret=SUCCESS |  
2019-09-04 11:46:59,440 | INFO  | DNAudit | user=null | ip=null | op=PUT_BLOCK {blockData=[blockId=conID: 2 locID: 102734077209281223 bcsId: 0,size=3145728]} | ret=SUCCESS |  
2019-09-04 11:46:59,440 [grpc-default-executor-5] INFO  client.GrpcClientProtocolClient (GrpcClientProtocolClient.java:onNext(255)) - client-D5CE890D7D9E->efcb8ff8-f060-4d95-9215-d0f5eb4af037: receive RaftClientReply:client-D5CE890D7D9E->efcb8ff8-f060-4d95-9215-d0f5eb4af037@group-0959F8DF43ED, cid=3676, SUCCESS, logIndex=5575, commits[efcb8ff8-f060-4d95-9215-d0f5eb4af037:c5576, 6fae8b02-e804-4c0e-b729-a97b7404b7f6:c5567, 4c3e8a66-6975-4917-8225-d3efe707aaff:c5574]
2019-09-04 11:46:59,443 [grpc-default-executor-5] INFO  client.GrpcClientProtocolClient (GrpcClientProtocolClient.java:onNext(255)) - client-D5CE890D7D9E->efcb8ff8-f060-4d95-9215-d0f5eb4af037: receive RaftClientReply:client-D5CE890D7D9E->efcb8ff8-f060-4d95-9215-d0f5eb4af037@group-0959F8DF43ED, cid=3677, SUCCESS, logIndex=5576, commits[efcb8ff8-f060-4d95-9215-d0f5eb4af037:c5576, 6fae8b02-e804-4c0e-b729-a97b7404b7f6:c5567, 4c3e8a66-6975-4917-8225-d3efe707aaff:c5574]
2019-09-04 11:46:59,445 | INFO  | DNAudit | user=null | ip=null | op=WRITE_CHUNK {blockData=conID: 2 locID: 102734077209281223 bcsId: 5570} | ret=SUCCESS |  
2019-09-04 11:46:59,445 | INFO  | DNAudit | user=null | ip=null | op=PUT_BLOCK {blockData=[blockId=conID: 2 locID: 102734077209281223 bcsId: 0,size=3145728]} | ret=SUCCESS |  
2019-09-04 11:46:59,453 | INFO  | DNAudit | user=null | ip=null | op=WRITE_CHUNK {blockData=conID: 2 locID: 102734077209281223 bcsId: 5576} | ret=SUCCESS |  
2019-09-04 11:46:59,455 | INFO  | DNAudit | user=null | ip=null | op=WRITE_CHUNK {blockData=conID: 2 locID: 102734077209281223 bcsId: 5576} | ret=SUCCESS |  
2019-09-04 11:46:59,459 | INFO  | DNAudit | user=null | ip=null | op=WRITE_CHUNK {blockData=conID: 2 locID: 102734077209281223 bcsId: 5576} | ret=SUCCESS |  
 0.00% |█                                                                                                    |  0/1 Time: 0:01:042019-09-04 11:46:59,466 | INFO  | SCMAudit | user=jenkins1000 | ip=192.168.36.67 | op=SEND_HEARTBEAT {datanodeUUID=0b776101-1d39-4f23-96c0-6a8ead31197c, command=[]} | ret=SUCCESS |  
2019-09-04 11:46:59,479 | INFO  | DNAudit | user=null | ip=null | op=WRITE_CHUNK {blockData=conID: 2 locID: 102734077209281223 bcsId: 5576} | ret=SUCCESS |  
2019-09-04 11:46:59,480 | INFO  | DNAudit | user=null | ip=null | op=PUT_BLOCK {blockData=[blockId=conID: 2 locID: 102734077209281223 bcsId: 0,size=4194304]} | ret=SUCCESS |  
2019-09-04 11:46:59,480 [grpc-default-executor-1] INFO  client.GrpcClientProtocolClient (GrpcClientProtocolClient.java:onNext(255)) - client-D5CE890D7D9E->efcb8ff8-f060-4d95-9215-d0f5eb4af037: receive RaftClientReply:client-D5CE890D7D9E->efcb8ff8-f060-4d95-9215-d0f5eb4af037@group-0959F8DF43ED, cid=3678, SUCCESS, logIndex=5579, commits[efcb8ff8-f060-4d95-9215-d0f5eb4af037:c5580, 6fae8b02-e804-4c0e-b729-a97b7404b7f6:c5567, 4c3e8a66-6975-4917-8225-d3efe707aaff:c5578]
2019-09-04 11:46:59,481 [grpc-default-executor-1] INFO  client.GrpcClientProtocolClient (GrpcClientProtocolClient.java:onNext(255)) - client-D5CE890D7D9E->efcb8ff8-f060-4d95-9215-d0f5eb4af037: receive RaftClientReply:client-D5CE890D7D9E->efcb8ff8-f060-4d95-9215-d0f5eb4af037@group-0959F8DF43ED, cid=3679, SUCCESS, logIndex=5580, commits[efcb8ff8-f060-4d95-9215-d0f5eb4af037:c5580, 6fae8b02-e804-4c0e-b729-a97b7404b7f6:c5567, 4c3e8a66-6975-4917-8225-d3efe707aaff:c5578]
2019-09-04 11:46:59,493 | INFO  | DNAudit | user=null | ip=null | op=WRITE_CHUNK {blockData=conID: 2 locID: 102734077209281223 bcsId: 5576} | ret=SUCCESS |  
2019-09-04 11:46:59,495 | INFO  | DNAudit | user=null | ip=null | op=PUT_BLOCK {blockData=[blockId=conID: 2 locID: 102734077209281223 bcsId: 0,size=4194304]} | ret=SUCCESS |  
2019-09-04 11:46:59,846 | INFO  | SCMAudit | user=jenkins1000 | ip=192.168.36.67 | op=SEND_HEARTBEAT {datanodeUUID=efcb8ff8-f060-4d95-9215-d0f5eb4af037, command=[]} | ret=SUCCESS |  
2019-09-04 11:46:59,847 | INFO  | SCMAudit | user=jenkins1000 | ip=192.168.36.67 | op=SEND_HEARTBEAT {datanodeUUID=6fae8b02-e804-4c0e-b729-a97b7404b7f6, command=[]} | ret=SUCCESS |  
2019-09-04 11:46:59,847 | INFO  | SCMAudit | user=jenkins1000 | ip=192.168.36.67 | op=SEND_HEARTBEAT {datanodeUUID=b68b188c-7f38-42ae-8403-46a39acd0731, command=[]} | ret=SUCCESS |  
2019-09-04 11:46:59,848 | INFO  | SCMAudit | user=jenkins1000 | ip=192.168.36.67 | op=SEND_HEARTBEAT {datanodeUUID=4c3e8a66-6975-4917-8225-d3efe707aaff, command=[]} | ret=SUCCESS |  
2019-09-04 11:46:59,939 [grpc-default-executor-1] WARN  server.GrpcLogAppender (GrpcLogAppender.java:onNextImpl(250)) - org.apache.ratis.grpc.server.GrpcLogAppender$AppendLogResponseHandler@6b7fe1d: Request not found, ignoring reply: efcb8ff8-f060-4d95-9215-d0f5eb4af037<-6fae8b02-e804-4c0e-b729-a97b7404b7f6#5583:OK,SUCCESS,nextIndex:5573,term:2,followerCommit:5571
2019-09-04 11:46:59,940 [grpc-default-executor-1] WARN  server.GrpcLogAppender (GrpcLogAppender.java:onNextImpl(250)) - org.apache.ratis.grpc.server.GrpcLogAppender$AppendLogResponseHandler@6b7fe1d: Request not found, ignoring reply: efcb8ff8-f060-4d95-9215-d0f5eb4af037<-6fae8b02-e804-4c0e-b729-a97b7404b7f6#5584:OK,SUCCESS,nextIndex:5574,term:2,followerCommit:5571
2019-09-04 11:46:59,940 [grpc-default-executor-1] WARN  server.GrpcLogAppender (GrpcLogAppender.java:onNextImpl(250)) - org.apache.ratis.grpc.server.GrpcLogAppender$AppendLogResponseHandler@6b7fe1d: Request not found, ignoring reply: efcb8ff8-f060-4d95-9215-d0f5eb4af037<-6fae8b02-e804-4c0e-b729-a97b7404b7f6#5585:OK,SUCCESS,nextIndex:5575,term:2,followerCommit:5571
2019-09-04 11:46:59,940 [grpc-default-executor-1] WARN  server.GrpcLogAppender (GrpcLogAppender.java:onNextImpl(250)) - org.apache.ratis.grpc.server.GrpcLogAppender$AppendLogResponseHandler@6b7fe1d: Request not found, ignoring reply: efcb8ff8-f060-4d95-9215-d0f5eb4af037<-6fae8b02-e804-4c0e-b729-a97b7404b7f6#5586:OK,SUCCESS,nextIndex:5575,term:2,followerCommit:5571
2019-09-04 11:46:59,941 [grpc-default-executor-1] INFO  client.GrpcClientProtocolClient (GrpcClientProtocolClient.java:onNext(255)) - client-D5CE890D7D9E->efcb8ff8-f060-4d95-9215-d0f5eb4af037: receive RaftClientReply:client-D5CE890D7D9E->efcb8ff8-f060-4d95-9215-d0f5eb4af037@group-0959F8DF43ED, cid=3674, SUCCESS, logIndex=0, commits[efcb8ff8-f060-4d95-9215-d0f5eb4af037:c5582, 6fae8b02-e804-4c0e-b729-a97b7404b7f6:c5571, 4c3e8a66-6975-4917-8225-d3efe707aaff:c5580]
2019-09-04 11:46:59,941 [grpc-default-executor-1] INFO  client.GrpcClientProtocolClient (GrpcClientProtocolClient.java:onNext(255)) - client-D5CE890D7D9E->efcb8ff8-f060-4d95-9215-d0f5eb4af037: receive RaftClientReply:client-D5CE890D7D9E->efcb8ff8-f060-4d95-9215-d0f5eb4af037@group-0959F8DF43ED, cid=3674, SUCCESS, logIndex=0, commits[efcb8ff8-f060-4d95-9215-d0f5eb4af037:c5582, 6fae8b02-e804-4c0e-b729-a97b7404b7f6:c5571, 4c3e8a66-6975-4917-8225-d3efe707aaff:c5580]
2019-09-04 11:46:59,950 | INFO  | DNAudit | user=null | ip=null | op=WRITE_CHUNK {blockData=conID: 2 locID: 102734077209281223 bcsId: 5570} | ret=SUCCESS |  
2019-09-04 11:46:59,951 | INFO  | DNAudit | user=null | ip=null | op=PUT_BLOCK {blockData=[blockId=conID: 2 locID: 102734077209281223 bcsId: 0,size=3145728]} | ret=SUCCESS |  
2019-09-04 11:46:59,951 | INFO  | DNAudit | user=null | ip=null | op=WRITE_CHUNK {blockData=conID: 2 locID: 102734077209281223 bcsId: 5576} | ret=SUCCESS |  
2019-09-04 11:46:59,951 | INFO  | DNAudit | user=null | ip=null | op=PUT_BLOCK {blockData=[blockId=conID: 2 locID: 102734077209281223 bcsId: 0,size=4194304]} | ret=SUCCESS |  
2019-09-04 11:46:59,956 [grpc-default-executor-1] INFO  client.GrpcClientProtocolClient (GrpcClientProtocolClient.java:onNext(255)) - client-D5CE890D7D9E->efcb8ff8-f060-4d95-9215-d0f5eb4af037: receive RaftClientReply:client-D5CE890D7D9E->efcb8ff8-f060-4d95-9215-d0f5eb4af037@group-0959F8DF43ED, cid=3680, SUCCESS, logIndex=0, commits[efcb8ff8-f060-4d95-9215-d0f5eb4af037:c5582, 6fae8b02-e804-4c0e-b729-a97b7404b7f6:c5580, 4c3e8a66-6975-4917-8225-d3efe707aaff:c5580]
2019-09-04 11:46:59,970 [IPC Server handler 2 on 41383] WARN  block.BlockManagerImpl (BlockManagerImpl.java:allocateBlock(192)) - Pipeline creation failed for type:RATIS factor:THREE. Retrying get pipelines call once.
org.apache.hadoop.hdds.scm.pipeline.InsufficientDatanodesException: Cannot create pipeline of factor 3 using 2 nodes.
	at org.apache.hadoop.hdds.scm.pipeline.RatisPipelineProvider.create(RatisPipelineProvider.java:151)
	at org.apache.hadoop.hdds.scm.pipeline.PipelineFactory.create(PipelineFactory.java:57)
	at org.apache.hadoop.hdds.scm.pipeline.SCMPipelineManager.createPipeline(SCMPipelineManager.java:149)
	at org.apache.hadoop.hdds.scm.block.BlockManagerImpl.allocateBlock(BlockManagerImpl.java:190)
	at org.apache.hadoop.hdds.scm.server.SCMBlockProtocolServer.allocateBlock(SCMBlockProtocolServer.java:175)
	at org.apache.hadoop.ozone.protocolPB.ScmBlockLocationProtocolServerSideTranslatorPB.allocateScmBlock(ScmBlockLocationProtocolServerSideTranslatorPB.java:153)
	at org.apache.hadoop.ozone.protocolPB.ScmBlockLocationProtocolServerSideTranslatorPB.send(ScmBlockLocationProtocolServerSideTranslatorPB.java:112)
	at org.apache.hadoop.hdds.protocol.proto.ScmBlockLocationProtocolProtos$ScmBlockLocationProtocolService$2.callBlockingMethod(ScmBlockLocationProtocolProtos.java:13157)
	at org.apache.hadoop.ipc.ProtobufRpcEngine$Server$ProtoBufRpcInvoker.call(ProtobufRpcEngine.java:524)
	at org.apache.hadoop.ipc.RPC$Server.call(RPC.java:1025)
	at org.apache.hadoop.ipc.Server$RpcCall.run(Server.java:876)
	at org.apache.hadoop.ipc.Server$RpcCall.run(Server.java:822)
	at java.security.AccessController.doPrivileged(Native Method)
	at javax.security.auth.Subject.doAs(Subject.java:422)
	at org.apache.hadoop.security.UserGroupInformation.doAs(UserGroupInformation.java:1730)
	at org.apache.hadoop.ipc.Server$Handler.run(Server.java:2682)
2019-09-04 11:46:59,971 [IPC Server handler 2 on 41383] INFO  block.BlockManagerImpl (BlockManagerImpl.java:allocateBlock(198)) - Could not find available pipeline of type:RATIS and factor:THREE even after retrying
2019-09-04 11:46:59,971 [IPC Server handler 2 on 41383] ERROR block.BlockManagerImpl (BlockManagerImpl.java:allocateBlock(222)) - Unable to allocate a block for the size: 4194304, type: RATIS, factor: THREE
2019-09-04 11:46:59,972 | INFO  | SCMAudit | user=jenkins1000 | ip=192.168.36.67 | op=ALLOCATE_BLOCK {owner=8ab292a2-aaa7-4ad8-863a-d33994811155, size=4194304, type=RATIS, factor=THREE} | ret=SUCCESS |  
2019-09-04 11:46:59,974 | ERROR | OMAudit | user=jenkins1000 | ip=127.0.0.1 | op=ALLOCATE_BLOCK {volume=vol-0-58699, bucket=bucket-0-57464, key=key-0-37266, dataSize=0, replicationType=null, replicationFactor=null, keyLocationInfo=null, clientID=102734073355960722} | ret=FAILURE | org.apache.hadoop.hdds.scm.exceptions.SCMException: Allocated 0 blocks. Requested 1 blocks
	at org.apache.hadoop.hdds.scm.protocolPB.ScmBlockLocationProtocolClientSideTranslatorPB.handleError(ScmBlockLocationProtocolClientSideTranslatorPB.java:118)
	at org.apache.hadoop.hdds.scm.protocolPB.ScmBlockLocationProtocolClientSideTranslatorPB.allocateBlock(ScmBlockLocationProtocolClientSideTranslatorPB.java:156) 
2019-09-04 11:46:59,979 [pool-282-thread-1] ERROR io.BlockOutputStreamEntryPool (BlockOutputStreamEntryPool.java:allocateBlockIfNeeded(299)) - Try to allocate more blocks for write failed, already allocated 0 blocks for this write.
INTERNAL_ERROR org.apache.hadoop.ozone.om.exceptions.OMException: Allocated 0 blocks. Requested 1 blocks
	at org.apache.hadoop.ozone.om.protocolPB.OzoneManagerProtocolClientSideTranslatorPB.handleError(OzoneManagerProtocolClientSideTranslatorPB.java:725)
	at org.apache.hadoop.ozone.om.protocolPB.OzoneManagerProtocolClientSideTranslatorPB.allocateBlock(OzoneManagerProtocolClientSideTranslatorPB.java:757)
	at org.apache.hadoop.ozone.client.io.BlockOutputStreamEntryPool.allocateNewBlock(BlockOutputStreamEntryPool.java:248)
	at org.apache.hadoop.ozone.client.io.BlockOutputStreamEntryPool.allocateBlockIfNeeded(BlockOutputStreamEntryPool.java:296)
	at org.apache.hadoop.ozone.client.io.KeyOutputStream.handleWrite(KeyOutputStream.java:201)
	at org.apache.hadoop.ozone.client.io.KeyOutputStream.write(KeyOutputStream.java:193)
	at org.apache.hadoop.ozone.client.io.OzoneOutputStream.write(OzoneOutputStream.java:49)
	at org.apache.hadoop.ozone.freon.RandomKeyGenerator.createKey(RandomKeyGenerator.java:699)
	at org.apache.hadoop.ozone.freon.RandomKeyGenerator.access$1100(RandomKeyGenerator.java:87)
	at org.apache.hadoop.ozone.freon.RandomKeyGenerator$ObjectCreator.run(RandomKeyGenerator.java:606)
	at java.util.concurrent.Executors$RunnableAdapter.call(Executors.java:511)
	at java.util.concurrent.FutureTask.run(FutureTask.java:266)
	at java.util.concurrent.ThreadPoolExecutor.runWorker(ThreadPoolExecutor.java:1149)
	at java.util.concurrent.ThreadPoolExecutor$Worker.run(ThreadPoolExecutor.java:624)
	at java.lang.Thread.run(Thread.java:748)
2019-09-04 11:46:59,979 [pool-282-thread-1] ERROR freon.RandomKeyGenerator (RandomKeyGenerator.java:createKey(724)) - Exception while adding key: key-0-37266 in bucket: bucket-0-57464 of volume: vol-0-58699.
INTERNAL_ERROR org.apache.hadoop.ozone.om.exceptions.OMException: Allocated 0 blocks. Requested 1 blocks
	at org.apache.hadoop.ozone.om.protocolPB.OzoneManagerProtocolClientSideTranslatorPB.handleError(OzoneManagerProtocolClientSideTranslatorPB.java:725)
	at org.apache.hadoop.ozone.om.protocolPB.OzoneManagerProtocolClientSideTranslatorPB.allocateBlock(OzoneManagerProtocolClientSideTranslatorPB.java:757)
	at org.apache.hadoop.ozone.client.io.BlockOutputStreamEntryPool.allocateNewBlock(BlockOutputStreamEntryPool.java:248)
	at org.apache.hadoop.ozone.client.io.BlockOutputStreamEntryPool.allocateBlockIfNeeded(BlockOutputStreamEntryPool.java:296)
	at org.apache.hadoop.ozone.client.io.KeyOutputStream.handleWrite(KeyOutputStream.java:201)
	at org.apache.hadoop.ozone.client.io.KeyOutputStream.write(KeyOutputStream.java:193)
	at org.apache.hadoop.ozone.client.io.OzoneOutputStream.write(OzoneOutputStream.java:49)
	at org.apache.hadoop.ozone.freon.RandomKeyGenerator.createKey(RandomKeyGenerator.java:699)
	at org.apache.hadoop.ozone.freon.RandomKeyGenerator.access$1100(RandomKeyGenerator.java:87)
	at org.apache.hadoop.ozone.freon.RandomKeyGenerator$ObjectCreator.run(RandomKeyGenerator.java:606)
	at java.util.concurrent.Executors$RunnableAdapter.call(Executors.java:511)
	at java.util.concurrent.FutureTask.run(FutureTask.java:266)
	at java.util.concurrent.ThreadPoolExecutor.runWorker(ThreadPoolExecutor.java:1149)
	at java.util.concurrent.ThreadPoolExecutor$Worker.run(ThreadPoolExecutor.java:624)
	at java.lang.Thread.run(Thread.java:748)
 100.00% |█████████████████████████████████████████████████████████████████████████████████████████████████████|  1/1 Time: 0:01:05
2019-09-04 11:47:00,467 | INFO  | SCMAudit | user=jenkins1000 | ip=192.168.36.67 | op=SEND_HEARTBEAT {datanodeUUID=0b776101-1d39-4f23-96c0-6a8ead31197c, command=[]} | ret=SUCCESS |  
2019-09-04 11:47:00,846 | INFO  | SCMAudit | user=jenkins1000 | ip=192.168.36.67 | op=SEND_HEARTBEAT {datanodeUUID=efcb8ff8-f060-4d95-9215-d0f5eb4af037, command=[]} | ret=SUCCESS |  
2019-09-04 11:47:00,848 | INFO  | SCMAudit | user=jenkins1000 | ip=192.168.36.67 | op=SEND_HEARTBEAT {datanodeUUID=b68b188c-7f38-42ae-8403-46a39acd0731, command=[]} | ret=SUCCESS |  
2019-09-04 11:47:00,848 | INFO  | SCMAudit | user=jenkins1000 | ip=192.168.36.67 | op=SEND_HEARTBEAT {datanodeUUID=6fae8b02-e804-4c0e-b729-a97b7404b7f6, command=[]} | ret=SUCCESS |  
2019-09-04 11:47:00,848 | INFO  | SCMAudit | user=jenkins1000 | ip=192.168.36.67 | op=SEND_HEARTBEAT {datanodeUUID=4c3e8a66-6975-4917-8225-d3efe707aaff, command=[]} | ret=SUCCESS |  
2019-09-04 11:47:01,467 | INFO  | SCMAudit | user=jenkins1000 | ip=192.168.36.67 | op=SEND_HEARTBEAT {datanodeUUID=0b776101-1d39-4f23-96c0-6a8ead31197c, command=[]} | ret=SUCCESS |  
2019-09-04 11:47:01,846 | INFO  | SCMAudit | user=jenkins1000 | ip=192.168.36.67 | op=SEND_HEARTBEAT {datanodeUUID=efcb8ff8-f060-4d95-9215-d0f5eb4af037, command=[]} | ret=SUCCESS |  
2019-09-04 11:47:01,848 | INFO  | SCMAudit | user=jenkins1000 | ip=192.168.36.67 | op=SEND_HEARTBEAT {datanodeUUID=4c3e8a66-6975-4917-8225-d3efe707aaff, command=[]} | ret=SUCCESS |  
2019-09-04 11:47:01,848 | INFO  | SCMAudit | user=jenkins1000 | ip=192.168.36.67 | op=SEND_HEARTBEAT {datanodeUUID=6fae8b02-e804-4c0e-b729-a97b7404b7f6, command=[]} | ret=SUCCESS |  
2019-09-04 11:47:01,849 | INFO  | SCMAudit | user=jenkins1000 | ip=192.168.36.67 | op=SEND_HEARTBEAT {datanodeUUID=b68b188c-7f38-42ae-8403-46a39acd0731, command=[]} | ret=SUCCESS |  
2019-09-04 11:47:02,468 | INFO  | SCMAudit | user=jenkins1000 | ip=192.168.36.67 | op=SEND_HEARTBEAT {datanodeUUID=0b776101-1d39-4f23-96c0-6a8ead31197c, command=[]} | ret=SUCCESS |  
2019-09-04 11:47:02,846 | INFO  | SCMAudit | user=jenkins1000 | ip=192.168.36.67 | op=SEND_HEARTBEAT {datanodeUUID=efcb8ff8-f060-4d95-9215-d0f5eb4af037, command=[]} | ret=SUCCESS |  
2019-09-04 11:47:02,848 | INFO  | SCMAudit | user=jenkins1000 | ip=192.168.36.67 | op=SEND_HEARTBEAT {datanodeUUID=4c3e8a66-6975-4917-8225-d3efe707aaff, command=[]} | ret=SUCCESS |  
2019-09-04 11:47:02,848 | INFO  | SCMAudit | user=jenkins1000 | ip=192.168.36.67 | op=SEND_HEARTBEAT {datanodeUUID=6fae8b02-e804-4c0e-b729-a97b7404b7f6, command=[]} | ret=SUCCESS |  
2019-09-04 11:47:02,849 | INFO  | SCMAudit | user=jenkins1000 | ip=192.168.36.67 | op=SEND_HEARTBEAT {datanodeUUID=b68b188c-7f38-42ae-8403-46a39acd0731, command=[]} | ret=SUCCESS |  
2019-09-04 11:47:03,468 | INFO  | SCMAudit | user=jenkins1000 | ip=192.168.36.67 | op=SEND_HEARTBEAT {datanodeUUID=0b776101-1d39-4f23-96c0-6a8ead31197c, command=[]} | ret=SUCCESS |  
2019-09-04 11:47:03,847 | INFO  | SCMAudit | user=jenkins1000 | ip=192.168.36.67 | op=SEND_HEARTBEAT {datanodeUUID=efcb8ff8-f060-4d95-9215-d0f5eb4af037, command=[]} | ret=SUCCESS |  
2019-09-04 11:47:03,849 | INFO  | SCMAudit | user=jenkins1000 | ip=192.168.36.67 | op=SEND_HEARTBEAT {datanodeUUID=4c3e8a66-6975-4917-8225-d3efe707aaff, command=[]} | ret=SUCCESS |  
2019-09-04 11:47:03,849 | INFO  | SCMAudit | user=jenkins1000 | ip=192.168.36.67 | op=SEND_HEARTBEAT {datanodeUUID=6fae8b02-e804-4c0e-b729-a97b7404b7f6, command=[]} | ret=SUCCESS |  
2019-09-04 11:47:03,849 | INFO  | SCMAudit | user=jenkins1000 | ip=192.168.36.67 | op=SEND_HEARTBEAT {datanodeUUID=b68b188c-7f38-42ae-8403-46a39acd0731, command=[]} | ret=SUCCESS |  
2019-09-04 11:47:04,468 | INFO  | SCMAudit | user=jenkins1000 | ip=192.168.36.67 | op=SEND_HEARTBEAT {datanodeUUID=0b776101-1d39-4f23-96c0-6a8ead31197c, command=[]} | ret=SUCCESS |  
2019-09-04 11:47:04,847 | INFO  | SCMAudit | user=jenkins1000 | ip=192.168.36.67 | op=SEND_HEARTBEAT {datanodeUUID=efcb8ff8-f060-4d95-9215-d0f5eb4af037, command=[]} | ret=SUCCESS |  
2019-09-04 11:47:04,848 | INFO  | SCMAudit | user=jenkins1000 | ip=192.168.36.67 | op=SEND_HEARTBEAT {datanodeUUID=6fae8b02-e804-4c0e-b729-a97b7404b7f6, command=[]} | ret=SUCCESS |  
2019-09-04 11:47:04,848 | INFO  | SCMAudit | user=jenkins1000 | ip=192.168.36.67 | op=SEND_HEARTBEAT {datanodeUUID=4c3e8a66-6975-4917-8225-d3efe707aaff, command=[]} | ret=SUCCESS |  
2019-09-04 11:47:04,849 | INFO  | SCMAudit | user=jenkins1000 | ip=192.168.36.67 | op=SEND_HEARTBEAT {datanodeUUID=b68b188c-7f38-42ae-8403-46a39acd0731, command=[]} | ret=SUCCESS |  
2019-09-04 11:47:05,472 | INFO  | SCMAudit | user=jenkins1000 | ip=192.168.36.67 | op=SEND_HEARTBEAT {datanodeUUID=0b776101-1d39-4f23-96c0-6a8ead31197c, command=[]} | ret=SUCCESS |  
]]></system-out>
  </testcase>
  <testcase name="fileWithSizeZero" classname="org.apache.hadoop.ozone.freon.TestRandomKeyGenerator" time="5.048"/>
  <testcase name="multiThread" classname="org.apache.hadoop.ozone.freon.TestRandomKeyGenerator" time="5.023"/>
</testsuite>