<?xml version="1.0" encoding="UTF-8"?>
<testsuite xmlns:xsi="http://www.w3.org/2001/XMLSchema-instance" xsi:noNamespaceSchemaLocation="https://maven.apache.org/surefire/maven-surefire-plugin/xsd/surefire-test-report.xsd" name="org.apache.hadoop.ozone.client.rpc.TestBlockOutputStream" time="425.019" tests="6" errors="0" skipped="0" failures="2">
  <properties>
    <property name="awt.toolkit" value="sun.awt.X11.XToolkit"/>
    <property name="file.encoding.pkg" value="sun.io"/>
    <property name="java.specification.version" value="1.8"/>
    <property name="sun.cpu.isalist" value=""/>
    <property name="sun.jnu.encoding" value="UTF-8"/>
    <property name="java.class.path" value="/workdir/hadoop-ozone/integration-test/target/test-classes:/workdir/hadoop-ozone/integration-test/target/classes:/home/user/.m2/repository/org/apache/hadoop/hadoop-ozone-common/0.5.0-SNAPSHOT/hadoop-ozone-common-0.5.0-SNAPSHOT.jar:/home/user/.m2/repository/org/apache/commons/commons-compress/1.4.1/commons-compress-1.4.1.jar:/home/user/.m2/repository/org/tukaani/xz/1.0/xz-1.0.jar:/home/user/.m2/repository/org/apache/hadoop/hadoop-common/3.2.0/hadoop-common-3.2.0.jar:/home/user/.m2/repository/org/apache/hadoop/hadoop-hdfs/3.2.0/hadoop-hdfs-3.2.0.jar:/home/user/.m2/repository/org/apache/hadoop/hadoop-hdfs-client/3.2.0/hadoop-hdfs-client-3.2.0.jar:/home/user/.m2/repository/com/fasterxml/jackson/core/jackson-annotations/2.9.5/jackson-annotations-2.9.5.jar:/home/user/.m2/repository/org/apache/hadoop/hadoop-hdds-common/0.5.0-SNAPSHOT/hadoop-hdds-common-0.5.0-SNAPSHOT.jar:/home/user/.m2/repository/javax/annotation/javax.annotation-api/1.2/javax.annotation-api-1.2.jar:/home/user/.m2/repository/org/apache/ratis/ratis-server/0.4.0-78e95b9-SNAPSHOT/ratis-server-0.4.0-78e95b9-SNAPSHOT.jar:/home/user/.m2/repository/org/apache/ratis/ratis-thirdparty-misc/0.2.0/ratis-thirdparty-misc-0.2.0.jar:/home/user/.m2/repository/org/apache/ratis/ratis-proto/0.4.0-78e95b9-SNAPSHOT/ratis-proto-0.4.0-78e95b9-SNAPSHOT.jar:/home/user/.m2/repository/org/apache/ratis/ratis-common/0.4.0-78e95b9-SNAPSHOT/ratis-common-0.4.0-78e95b9-SNAPSHOT.jar:/home/user/.m2/repository/org/apache/ratis/ratis-client/0.4.0-78e95b9-SNAPSHOT/ratis-client-0.4.0-78e95b9-SNAPSHOT.jar:/home/user/.m2/repository/org/apache/ratis/ratis-metrics/0.4.0-78e95b9-SNAPSHOT/ratis-metrics-0.4.0-78e95b9-SNAPSHOT.jar:/home/user/.m2/repository/com/github/joshelser/dropwizard-metrics-hadoop-metrics2-reporter/0.1.2/dropwizard-metrics-hadoop-metrics2-reporter-0.1.2.jar:/home/user/.m2/repository/io/dropwizard/metrics/metrics-jvm/3.2.5/metrics-jvm-3.2.5.jar:/home/user/.m2/repository/io/dropwizard/metrics/metrics-ganglia/3.2.5/metrics-ganglia-3.2.5.jar:/home/user/.m2/repository/info/ganglia/gmetric4j/gmetric4j/1.0.7/gmetric4j-1.0.7.jar:/home/user/.m2/repository/org/apache/ratis/ratis-netty/0.4.0-78e95b9-SNAPSHOT/ratis-netty-0.4.0-78e95b9-SNAPSHOT.jar:/home/user/.m2/repository/org/apache/ratis/ratis-grpc/0.4.0-78e95b9-SNAPSHOT/ratis-grpc-0.4.0-78e95b9-SNAPSHOT.jar:/home/user/.m2/repository/org/rocksdb/rocksdbjni/6.0.1/rocksdbjni-6.0.1.jar:/home/user/.m2/repository/org/apache/logging/log4j/log4j-api/2.11.0/log4j-api-2.11.0.jar:/home/user/.m2/repository/org/apache/logging/log4j/log4j-core/2.11.0/log4j-core-2.11.0.jar:/home/user/.m2/repository/com/lmax/disruptor/3.4.2/disruptor-3.4.2.jar:/home/user/.m2/repository/org/apache/commons/commons-pool2/2.6.0/commons-pool2-2.6.0.jar:/home/user/.m2/repository/org/bouncycastle/bcpkix-jdk15on/1.60/bcpkix-jdk15on-1.60.jar:/home/user/.m2/repository/commons-validator/commons-validator/1.6/commons-validator-1.6.jar:/home/user/.m2/repository/commons-digester/commons-digester/1.8.1/commons-digester-1.8.1.jar:/home/user/.m2/repository/io/jaegertracing/jaeger-client/0.33.1/jaeger-client-0.33.1.jar:/home/user/.m2/repository/io/jaegertracing/jaeger-thrift/0.33.1/jaeger-thrift-0.33.1.jar:/home/user/.m2/repository/org/apache/thrift/libthrift/0.11.0/libthrift-0.11.0.jar:/home/user/.m2/repository/com/squareup/okhttp3/okhttp/3.9.0/okhttp-3.9.0.jar:/home/user/.m2/repository/com/squareup/okio/okio/1.13.0/okio-1.13.0.jar:/home/user/.m2/repository/io/jaegertracing/jaeger-core/0.33.1/jaeger-core-0.33.1.jar:/home/user/.m2/repository/io/jaegertracing/jaeger-tracerresolver/0.33.1/jaeger-tracerresolver-0.33.1.jar:/home/user/.m2/repository/io/opentracing/contrib/opentracing-tracerresolver/0.1.5/opentracing-tracerresolver-0.1.5.jar:/home/user/.m2/repository/io/opentracing/opentracing-util/0.31.0/opentracing-util-0.31.0.jar:/home/user/.m2/repository/io/opentracing/opentracing-api/0.31.0/opentracing-api-0.31.0.jar:/home/user/.m2/repository/io/opentracing/opentracing-noop/0.31.0/opentracing-noop-0.31.0.jar:/home/user/.m2/repository/org/apache/hadoop/hadoop-hdds-server-framework/0.5.0-SNAPSHOT/hadoop-hdds-server-framework-0.5.0-SNAPSHOT.jar:/home/user/.m2/repository/org/apache/hadoop/hadoop-hdds-container-service/0.5.0-SNAPSHOT/hadoop-hdds-container-service-0.5.0-SNAPSHOT.jar:/home/user/.m2/repository/org/apache/hadoop/hadoop-hdds-client/0.5.0-SNAPSHOT/hadoop-hdds-client-0.5.0-SNAPSHOT.jar:/home/user/.m2/repository/org/apache/hadoop/hadoop-hdds-tools/0.5.0-SNAPSHOT/hadoop-hdds-tools-0.5.0-SNAPSHOT.jar:/home/user/.m2/repository/org/apache/hadoop/hadoop-hdds-server-scm/0.5.0-SNAPSHOT/hadoop-hdds-server-scm-0.5.0-SNAPSHOT.jar:/home/user/.m2/repository/org/apache/hadoop/hadoop-hdds-docs/0.5.0-SNAPSHOT/hadoop-hdds-docs-0.5.0-SNAPSHOT.jar:/home/user/.m2/repository/io/dropwizard/metrics/metrics-core/3.2.4/metrics-core-3.2.4.jar:/home/user/.m2/repository/org/hamcrest/hamcrest-all/1.3/hamcrest-all-1.3.jar:/home/user/.m2/repository/org/bouncycastle/bcprov-jdk15on/1.60/bcprov-jdk15on-1.60.jar:/home/user/.m2/repository/info/picocli/picocli/3.9.6/picocli-3.9.6.jar:/home/user/.m2/repository/com/google/protobuf/protobuf-java/2.5.0/protobuf-java-2.5.0.jar:/home/user/.m2/repository/com/google/guava/guava/11.0.2/guava-11.0.2.jar:/home/user/.m2/repository/org/apache/hadoop/hadoop-ozone-ozone-manager/0.5.0-SNAPSHOT/hadoop-ozone-ozone-manager-0.5.0-SNAPSHOT.jar:/home/user/.m2/repository/org/apache/hadoop/hadoop-minikdc/3.2.0/hadoop-minikdc-3.2.0.jar:/home/user/.m2/repository/commons-io/commons-io/2.5/commons-io-2.5.jar:/home/user/.m2/repository/org/apache/kerby/kerb-simplekdc/1.0.1/kerb-simplekdc-1.0.1.jar:/home/user/.m2/repository/org/apache/kerby/kerb-client/1.0.1/kerb-client-1.0.1.jar:/home/user/.m2/repository/org/apache/kerby/kerby-config/1.0.1/kerby-config-1.0.1.jar:/home/user/.m2/repository/org/apache/kerby/kerb-core/1.0.1/kerb-core-1.0.1.jar:/home/user/.m2/repository/org/apache/kerby/kerby-pkix/1.0.1/kerby-pkix-1.0.1.jar:/home/user/.m2/repository/org/apache/kerby/kerby-asn1/1.0.1/kerby-asn1-1.0.1.jar:/home/user/.m2/repository/org/apache/kerby/kerby-util/1.0.1/kerby-util-1.0.1.jar:/home/user/.m2/repository/org/apache/kerby/kerb-common/1.0.1/kerb-common-1.0.1.jar:/home/user/.m2/repository/org/apache/kerby/kerb-crypto/1.0.1/kerb-crypto-1.0.1.jar:/home/user/.m2/repository/org/apache/kerby/kerb-util/1.0.1/kerb-util-1.0.1.jar:/home/user/.m2/repository/org/apache/kerby/token-provider/1.0.1/token-provider-1.0.1.jar:/home/user/.m2/repository/org/apache/kerby/kerb-admin/1.0.1/kerb-admin-1.0.1.jar:/home/user/.m2/repository/org/apache/kerby/kerb-server/1.0.1/kerb-server-1.0.1.jar:/home/user/.m2/repository/org/apache/kerby/kerb-identity/1.0.1/kerb-identity-1.0.1.jar:/home/user/.m2/repository/org/apache/kerby/kerby-xdr/1.0.1/kerby-xdr-1.0.1.jar:/home/user/.m2/repository/org/slf4j/slf4j-log4j12/1.7.25/slf4j-log4j12-1.7.25.jar:/home/user/.m2/repository/org/apache/hadoop/hadoop-ozone-s3gateway/0.5.0-SNAPSHOT/hadoop-ozone-s3gateway-0.5.0-SNAPSHOT.jar:/home/user/.m2/repository/org/jboss/weld/servlet/weld-servlet/2.4.7.Final/weld-servlet-2.4.7.Final.jar:/home/user/.m2/repository/org/glassfish/jersey/containers/jersey-container-servlet-core/2.27/jersey-container-servlet-core-2.27.jar:/home/user/.m2/repository/org/glassfish/hk2/external/javax.inject/2.5.0-b42/javax.inject-2.5.0-b42.jar:/home/user/.m2/repository/org/glassfish/jersey/core/jersey-common/2.27/jersey-common-2.27.jar:/home/user/.m2/repository/org/glassfish/hk2/osgi-resource-locator/1.0.1/osgi-resource-locator-1.0.1.jar:/home/user/.m2/repository/javax/ws/rs/javax.ws.rs-api/2.1/javax.ws.rs-api-2.1.jar:/home/user/.m2/repository/org/glassfish/jersey/ext/cdi/jersey-cdi1x/2.27/jersey-cdi1x-2.27.jar:/home/user/.m2/repository/org/glassfish/jersey/inject/jersey-hk2/2.27/jersey-hk2-2.27.jar:/home/user/.m2/repository/org/glassfish/hk2/hk2-locator/2.5.0-b42/hk2-locator-2.5.0-b42.jar:/home/user/.m2/repository/org/javassist/javassist/3.22.0-CR2/javassist-3.22.0-CR2.jar:/home/user/.m2/repository/org/glassfish/hk2/hk2-api/2.5.0/hk2-api-2.5.0.jar:/home/user/.m2/repository/org/glassfish/hk2/external/jakarta.inject/2.5.0/jakarta.inject-2.5.0.jar:/home/user/.m2/repository/org/glassfish/hk2/hk2-utils/2.5.0/hk2-utils-2.5.0.jar:/home/user/.m2/repository/jakarta/annotation/jakarta.annotation-api/1.3.4/jakarta.annotation-api-1.3.4.jar:/home/user/.m2/repository/org/glassfish/hk2/external/aopalliance-repackaged/2.5.0/aopalliance-repackaged-2.5.0.jar:/home/user/.m2/repository/com/fasterxml/jackson/dataformat/jackson-dataformat-xml/2.9.0/jackson-dataformat-xml-2.9.0.jar:/home/user/.m2/repository/com/fasterxml/jackson/core/jackson-core/2.9.5/jackson-core-2.9.5.jar:/home/user/.m2/repository/com/fasterxml/jackson/module/jackson-module-jaxb-annotations/2.9.5/jackson-module-jaxb-annotations-2.9.5.jar:/home/user/.m2/repository/javax/enterprise/cdi-api/1.2/cdi-api-1.2.jar:/home/user/.m2/repository/javax/el/javax.el-api/3.0.0/javax.el-api-3.0.0.jar:/home/user/.m2/repository/javax/interceptor/javax.interceptor-api/1.2/javax.interceptor-api-1.2.jar:/home/user/.m2/repository/javax/inject/javax.inject/1/javax.inject-1.jar:/home/user/.m2/repository/com/sun/xml/bind/jaxb-impl/2.3.0.1/jaxb-impl-2.3.0.1.jar:/home/user/.m2/repository/com/sun/xml/bind/jaxb-core/2.3.0.1/jaxb-core-2.3.0.1.jar:/home/user/.m2/repository/javax/xml/bind/jaxb-api/2.3.0/jaxb-api-2.3.0.jar:/home/user/.m2/repository/javax/activation/activation/1.1.1/activation-1.1.1.jar:/home/user/.m2/repository/org/apache/hadoop/hadoop-ozone-csi/0.5.0-SNAPSHOT/hadoop-ozone-csi-0.5.0-SNAPSHOT.jar:/home/user/.m2/repository/com/google/protobuf/protobuf-java-util/3.5.1/protobuf-java-util-3.5.1.jar:/home/user/.m2/repository/org/apache/hadoop/hadoop-hdds-config/0.5.0-SNAPSHOT/hadoop-hdds-config-0.5.0-SNAPSHOT.jar:/home/user/.m2/repository/io/grpc/grpc-netty/1.17.1/grpc-netty-1.17.1.jar:/home/user/.m2/repository/io/grpc/grpc-core/1.17.1/grpc-core-1.17.1.jar:/home/user/.m2/repository/io/grpc/grpc-context/1.17.1/grpc-context-1.17.1.jar:/home/user/.m2/repository/com/google/errorprone/error_prone_annotations/2.2.0/error_prone_annotations-2.2.0.jar:/home/user/.m2/repository/org/codehaus/mojo/animal-sniffer-annotations/1.17/animal-sniffer-annotations-1.17.jar:/home/user/.m2/repository/io/opencensus/opencensus-api/0.17.0/opencensus-api-0.17.0.jar:/home/user/.m2/repository/io/opencensus/opencensus-contrib-grpc-metrics/0.17.0/opencensus-contrib-grpc-metrics-0.17.0.jar:/home/user/.m2/repository/io/netty/netty-codec-http2/4.1.30.Final/netty-codec-http2-4.1.30.Final.jar:/home/user/.m2/repository/io/netty/netty-codec-http/4.1.30.Final/netty-codec-http-4.1.30.Final.jar:/home/user/.m2/repository/io/netty/netty-codec/4.1.30.Final/netty-codec-4.1.30.Final.jar:/home/user/.m2/repository/io/netty/netty-handler/4.1.30.Final/netty-handler-4.1.30.Final.jar:/home/user/.m2/repository/io/netty/netty-handler-proxy/4.1.30.Final/netty-handler-proxy-4.1.30.Final.jar:/home/user/.m2/repository/io/netty/netty-codec-socks/4.1.30.Final/netty-codec-socks-4.1.30.Final.jar:/home/user/.m2/repository/io/netty/netty-transport-native-epoll/4.1.30.Final/netty-transport-native-epoll-4.1.30.Final.jar:/home/user/.m2/repository/io/netty/netty-common/4.1.30.Final/netty-common-4.1.30.Final.jar:/home/user/.m2/repository/io/netty/netty-buffer/4.1.30.Final/netty-buffer-4.1.30.Final.jar:/home/user/.m2/repository/io/netty/netty-transport/4.1.30.Final/netty-transport-4.1.30.Final.jar:/home/user/.m2/repository/io/netty/netty-resolver/4.1.30.Final/netty-resolver-4.1.30.Final.jar:/home/user/.m2/repository/io/netty/netty-transport-native-unix-common/4.1.30.Final/netty-transport-native-unix-common-4.1.30.Final.jar:/home/user/.m2/repository/io/grpc/grpc-protobuf/1.17.1/grpc-protobuf-1.17.1.jar:/home/user/.m2/repository/com/google/api/grpc/proto-google-common-protos/1.0.0/proto-google-common-protos-1.0.0.jar:/home/user/.m2/repository/io/grpc/grpc-protobuf-lite/1.17.1/grpc-protobuf-lite-1.17.1.jar:/home/user/.m2/repository/io/grpc/grpc-stub/1.17.1/grpc-stub-1.17.1.jar:/home/user/.m2/repository/org/apache/hadoop/hadoop-ozone-recon/0.5.0-SNAPSHOT/hadoop-ozone-recon-0.5.0-SNAPSHOT.jar:/home/user/.m2/repository/org/apache/hadoop/hadoop-ozone-reconcodegen/0.5.0-SNAPSHOT/hadoop-ozone-reconcodegen-0.5.0-SNAPSHOT.jar:/home/user/.m2/repository/com/google/inject/extensions/guice-multibindings/4.0/guice-multibindings-4.0.jar:/home/user/.m2/repository/com/google/inject/guice/4.0/guice-4.0.jar:/home/user/.m2/repository/aopalliance/aopalliance/1.0/aopalliance-1.0.jar:/home/user/.m2/repository/com/google/inject/extensions/guice-servlet/4.0/guice-servlet-4.0.jar:/home/user/.m2/repository/org/glassfish/jersey/containers/jersey-container-servlet/2.27/jersey-container-servlet-2.27.jar:/home/user/.m2/repository/org/glassfish/hk2/guice-bridge/2.5.0/guice-bridge-2.5.0.jar:/home/user/.m2/repository/org/glassfish/jersey/core/jersey-server/2.27/jersey-server-2.27.jar:/home/user/.m2/repository/org/glassfish/jersey/core/jersey-client/2.27/jersey-client-2.27.jar:/home/user/.m2/repository/org/glassfish/jersey/media/jersey-media-jaxb/2.27/jersey-media-jaxb-2.27.jar:/home/user/.m2/repository/javax/validation/validation-api/1.1.0.Final/validation-api-1.1.0.Final.jar:/home/user/.m2/repository/org/glassfish/jersey/media/jersey-media-json-jackson/2.27/jersey-media-json-jackson-2.27.jar:/home/user/.m2/repository/org/glassfish/jersey/ext/jersey-entity-filtering/2.27/jersey-entity-filtering-2.27.jar:/home/user/.m2/repository/com/google/inject/extensions/guice-assistedinject/4.0/guice-assistedinject-4.0.jar:/home/user/.m2/repository/org/jooq/jooq/3.11.10/jooq-3.11.10.jar:/home/user/.m2/repository/org/jooq/jooq-meta/3.11.10/jooq-meta-3.11.10.jar:/home/user/.m2/repository/org/jooq/jooq-codegen/3.11.10/jooq-codegen-3.11.10.jar:/home/user/.m2/repository/com/jolbox/bonecp/0.8.0.RELEASE/bonecp-0.8.0.RELEASE.jar:/home/user/.m2/repository/org/xerial/sqlite-jdbc/3.25.2/sqlite-jdbc-3.25.2.jar:/home/user/.m2/repository/org/springframework/spring-jdbc/5.1.3.RELEASE/spring-jdbc-5.1.3.RELEASE.jar:/home/user/.m2/repository/org/springframework/spring-beans/5.1.3.RELEASE/spring-beans-5.1.3.RELEASE.jar:/home/user/.m2/repository/org/springframework/spring-core/5.1.3.RELEASE/spring-core-5.1.3.RELEASE.jar:/home/user/.m2/repository/org/springframework/spring-jcl/5.1.3.RELEASE/spring-jcl-5.1.3.RELEASE.jar:/home/user/.m2/repository/org/springframework/spring-tx/5.1.3.RELEASE/spring-tx-5.1.3.RELEASE.jar:/home/user/.m2/repository/org/apache/hadoop/hadoop-ozone-client/0.5.0-SNAPSHOT/hadoop-ozone-client-0.5.0-SNAPSHOT.jar:/home/user/.m2/repository/commons-lang/commons-lang/2.6/commons-lang-2.6.jar:/home/user/.m2/repository/org/apache/hadoop/hadoop-ozone-ozone-manager/0.5.0-SNAPSHOT/hadoop-ozone-ozone-manager-0.5.0-SNAPSHOT-tests.jar:/home/user/.m2/repository/junit/junit/4.11/junit-4.11.jar:/home/user/.m2/repository/org/hamcrest/hamcrest-core/1.3/hamcrest-core-1.3.jar:/home/user/.m2/repository/org/openjdk/jmh/jmh-core/1.19/jmh-core-1.19.jar:/home/user/.m2/repository/net/sf/jopt-simple/jopt-simple/4.6/jopt-simple-4.6.jar:/home/user/.m2/repository/org/apache/commons/commons-math3/3.1.1/commons-math3-3.1.1.jar:/home/user/.m2/repository/org/openjdk/jmh/jmh-generator-annprocess/1.19/jmh-generator-annprocess-1.19.jar:/home/user/.m2/repository/org/mockito/mockito-all/1.8.5/mockito-all-1.8.5.jar:/home/user/.m2/repository/org/apache/hadoop/hadoop-kms/3.2.0/hadoop-kms-3.2.0.jar:/home/user/.m2/repository/org/apache/hadoop/hadoop-auth/3.2.0/hadoop-auth-3.2.0.jar:/home/user/.m2/repository/com/nimbusds/nimbus-jose-jwt/4.41.1/nimbus-jose-jwt-4.41.1.jar:/home/user/.m2/repository/com/github/stephenc/jcip/jcip-annotations/1.0-1/jcip-annotations-1.0-1.jar:/home/user/.m2/repository/net/minidev/json-smart/2.3/json-smart-2.3.jar:/home/user/.m2/repository/net/minidev/accessors-smart/1.2/accessors-smart-1.2.jar:/home/user/.m2/repository/org/ow2/asm/asm/5.0.4/asm-5.0.4.jar:/home/user/.m2/repository/org/apache/curator/curator-framework/2.12.0/curator-framework-2.12.0.jar:/home/user/.m2/repository/com/sun/jersey/jersey-core/1.19/jersey-core-1.19.jar:/home/user/.m2/repository/javax/ws/rs/jsr311-api/1.1.1/jsr311-api-1.1.1.jar:/home/user/.m2/repository/com/sun/jersey/jersey-server/1.19/jersey-server-1.19.jar:/home/user/.m2/repository/javax/servlet/javax.servlet-api/3.1.0/javax.servlet-api-3.1.0.jar:/home/user/.m2/repository/org/eclipse/jetty/jetty-server/9.3.24.v20180605/jetty-server-9.3.24.v20180605.jar:/home/user/.m2/repository/org/eclipse/jetty/jetty-http/9.3.24.v20180605/jetty-http-9.3.24.v20180605.jar:/home/user/.m2/repository/org/eclipse/jetty/jetty-io/9.3.24.v20180605/jetty-io-9.3.24.v20180605.jar:/home/user/.m2/repository/org/eclipse/jetty/jetty-webapp/9.3.24.v20180605/jetty-webapp-9.3.24.v20180605.jar:/home/user/.m2/repository/org/eclipse/jetty/jetty-xml/9.3.24.v20180605/jetty-xml-9.3.24.v20180605.jar:/home/user/.m2/repository/log4j/log4j/1.2.17/log4j-1.2.17.jar:/home/user/.m2/repository/org/slf4j/slf4j-api/1.7.25/slf4j-api-1.7.25.jar:/home/user/.m2/repository/org/slf4j/jul-to-slf4j/1.7.25/jul-to-slf4j-1.7.25.jar:/home/user/.m2/repository/org/eclipse/jetty/jetty-util/9.3.24.v20180605/jetty-util-9.3.24.v20180605.jar:/home/user/.m2/repository/com/fasterxml/jackson/core/jackson-databind/2.9.5/jackson-databind-2.9.5.jar:/home/user/.m2/repository/org/apache/hadoop/hadoop-kms/3.2.0/hadoop-kms-3.2.0-tests.jar:/home/user/.m2/repository/org/apache/hadoop/hadoop-hdds-server-scm/0.5.0-SNAPSHOT/hadoop-hdds-server-scm-0.5.0-SNAPSHOT-tests.jar:/home/user/.m2/repository/org/apache/hadoop/hadoop-hdds-container-service/0.5.0-SNAPSHOT/hadoop-hdds-container-service-0.5.0-SNAPSHOT-tests.jar:/home/user/.m2/repository/org/yaml/snakeyaml/1.16/snakeyaml-1.16.jar:/home/user/.m2/repository/org/apache/hadoop/hadoop-common/3.2.0/hadoop-common-3.2.0-tests.jar:/home/user/.m2/repository/org/apache/hadoop/hadoop-annotations/3.2.0/hadoop-annotations-3.2.0.jar:/usr/lib/jvm/java-1.8-openjdk/jre/../lib/tools.jar:/home/user/.m2/repository/commons-cli/commons-cli/1.2/commons-cli-1.2.jar:/home/user/.m2/repository/org/apache/httpcomponents/httpclient/4.5.2/httpclient-4.5.2.jar:/home/user/.m2/repository/org/apache/httpcomponents/httpcore/4.4.4/httpcore-4.4.4.jar:/home/user/.m2/repository/commons-codec/commons-codec/1.11/commons-codec-1.11.jar:/home/user/.m2/repository/commons-net/commons-net/3.6/commons-net-3.6.jar:/home/user/.m2/repository/commons-collections/commons-collections/3.2.2/commons-collections-3.2.2.jar:/home/user/.m2/repository/org/eclipse/jetty/jetty-servlet/9.3.24.v20180605/jetty-servlet-9.3.24.v20180605.jar:/home/user/.m2/repository/org/eclipse/jetty/jetty-security/9.3.24.v20180605/jetty-security-9.3.24.v20180605.jar:/home/user/.m2/repository/javax/servlet/jsp/jsp-api/2.1/jsp-api-2.1.jar:/home/user/.m2/repository/com/sun/jersey/jersey-servlet/1.19/jersey-servlet-1.19.jar:/home/user/.m2/repository/com/sun/jersey/jersey-json/1.19/jersey-json-1.19.jar:/home/user/.m2/repository/org/codehaus/jettison/jettison/1.1/jettison-1.1.jar:/home/user/.m2/repository/org/codehaus/jackson/jackson-core-asl/1.9.13/jackson-core-asl-1.9.13.jar:/home/user/.m2/repository/org/codehaus/jackson/jackson-mapper-asl/1.9.13/jackson-mapper-asl-1.9.13.jar:/home/user/.m2/repository/org/codehaus/jackson/jackson-jaxrs/1.9.13/jackson-jaxrs-1.9.13.jar:/home/user/.m2/repository/org/codehaus/jackson/jackson-xc/1.9.13/jackson-xc-1.9.13.jar:/home/user/.m2/repository/commons-logging/commons-logging/1.1.3/commons-logging-1.1.3.jar:/home/user/.m2/repository/commons-beanutils/commons-beanutils/1.9.3/commons-beanutils-1.9.3.jar:/home/user/.m2/repository/org/apache/commons/commons-configuration2/2.1.1/commons-configuration2-2.1.1.jar:/home/user/.m2/repository/org/apache/commons/commons-lang3/3.7/commons-lang3-3.7.jar:/home/user/.m2/repository/org/apache/commons/commons-text/1.4/commons-text-1.4.jar:/home/user/.m2/repository/org/apache/avro/avro/1.7.7/avro-1.7.7.jar:/home/user/.m2/repository/com/thoughtworks/paranamer/paranamer/2.3/paranamer-2.3.jar:/home/user/.m2/repository/org/xerial/snappy/snappy-java/1.0.5/snappy-java-1.0.5.jar:/home/user/.m2/repository/com/google/re2j/re2j/1.1/re2j-1.1.jar:/home/user/.m2/repository/com/google/code/gson/gson/2.2.4/gson-2.2.4.jar:/home/user/.m2/repository/com/jcraft/jsch/0.1.54/jsch-0.1.54.jar:/home/user/.m2/repository/org/apache/curator/curator-client/2.12.0/curator-client-2.12.0.jar:/home/user/.m2/repository/org/apache/curator/curator-recipes/2.12.0/curator-recipes-2.12.0.jar:/home/user/.m2/repository/com/google/code/findbugs/jsr305/3.0.0/jsr305-3.0.0.jar:/home/user/.m2/repository/org/apache/htrace/htrace-core4/4.1.0-incubating/htrace-core4-4.1.0-incubating.jar:/home/user/.m2/repository/org/apache/zookeeper/zookeeper/3.4.13/zookeeper-3.4.13.jar:/home/user/.m2/repository/org/apache/yetus/audience-annotations/0.5.0/audience-annotations-0.5.0.jar:/home/user/.m2/repository/org/codehaus/woodstox/stax2-api/3.1.4/stax2-api-3.1.4.jar:/home/user/.m2/repository/com/fasterxml/woodstox/woodstox-core/5.0.3/woodstox-core-5.0.3.jar:/home/user/.m2/repository/dnsjava/dnsjava/2.1.7/dnsjava-2.1.7.jar:/home/user/.m2/repository/org/apache/hadoop/hadoop-hdfs/3.2.0/hadoop-hdfs-3.2.0-tests.jar:/home/user/.m2/repository/org/eclipse/jetty/jetty-util-ajax/9.3.24.v20180605/jetty-util-ajax-9.3.24.v20180605.jar:/home/user/.m2/repository/commons-daemon/commons-daemon/1.0.13/commons-daemon-1.0.13.jar:/home/user/.m2/repository/io/netty/netty/3.10.5.Final/netty-3.10.5.Final.jar:/home/user/.m2/repository/io/netty/netty-all/4.0.52.Final/netty-all-4.0.52.Final.jar:/home/user/.m2/repository/org/fusesource/leveldbjni/leveldbjni-all/1.8/leveldbjni-all-1.8.jar:"/>
    <property name="java.vm.vendor" value="IcedTea"/>
    <property name="sun.arch.data.model" value="64"/>
    <property name="test.build.dir" value="/workdir/hadoop-ozone/integration-test/target/test-dir"/>
    <property name="test.cache.data" value=""/>
    <property name="java.vendor.url" value="https://icedtea.classpath.org"/>
    <property name="user.timezone" value=""/>
    <property name="java.vm.specification.version" value="1.8"/>
    <property name="os.name" value="Linux"/>
    <property name="test.build.data" value="/workdir/hadoop-ozone/integration-test/target/test-dir"/>
    <property name="user.country" value="US"/>
    <property name="sun.java.launcher" value="SUN_STANDARD"/>
    <property name="sun.boot.library.path" value="/usr/lib/jvm/java-1.8-openjdk/jre/lib/amd64"/>
    <property name="sun.java.command" value="/workdir/hadoop-ozone/integration-test/target/surefire/surefirebooter6593602571096122198.jar /workdir/hadoop-ozone/integration-test/target/surefire 2019-09-10T11-48-14_144-jvmRun1 surefire499004475868746670tmp surefire_396336950685705856679tmp"/>
    <property name="test" value="!TestMiniChaosOzoneCluster"/>
    <property name="surefire.test.class.path" value="/workdir/hadoop-ozone/integration-test/target/test-classes:/workdir/hadoop-ozone/integration-test/target/classes:/home/user/.m2/repository/org/apache/hadoop/hadoop-ozone-common/0.5.0-SNAPSHOT/hadoop-ozone-common-0.5.0-SNAPSHOT.jar:/home/user/.m2/repository/org/apache/commons/commons-compress/1.4.1/commons-compress-1.4.1.jar:/home/user/.m2/repository/org/tukaani/xz/1.0/xz-1.0.jar:/home/user/.m2/repository/org/apache/hadoop/hadoop-common/3.2.0/hadoop-common-3.2.0.jar:/home/user/.m2/repository/org/apache/hadoop/hadoop-hdfs/3.2.0/hadoop-hdfs-3.2.0.jar:/home/user/.m2/repository/org/apache/hadoop/hadoop-hdfs-client/3.2.0/hadoop-hdfs-client-3.2.0.jar:/home/user/.m2/repository/com/fasterxml/jackson/core/jackson-annotations/2.9.5/jackson-annotations-2.9.5.jar:/home/user/.m2/repository/org/apache/hadoop/hadoop-hdds-common/0.5.0-SNAPSHOT/hadoop-hdds-common-0.5.0-SNAPSHOT.jar:/home/user/.m2/repository/javax/annotation/javax.annotation-api/1.2/javax.annotation-api-1.2.jar:/home/user/.m2/repository/org/apache/ratis/ratis-server/0.4.0-78e95b9-SNAPSHOT/ratis-server-0.4.0-78e95b9-SNAPSHOT.jar:/home/user/.m2/repository/org/apache/ratis/ratis-thirdparty-misc/0.2.0/ratis-thirdparty-misc-0.2.0.jar:/home/user/.m2/repository/org/apache/ratis/ratis-proto/0.4.0-78e95b9-SNAPSHOT/ratis-proto-0.4.0-78e95b9-SNAPSHOT.jar:/home/user/.m2/repository/org/apache/ratis/ratis-common/0.4.0-78e95b9-SNAPSHOT/ratis-common-0.4.0-78e95b9-SNAPSHOT.jar:/home/user/.m2/repository/org/apache/ratis/ratis-client/0.4.0-78e95b9-SNAPSHOT/ratis-client-0.4.0-78e95b9-SNAPSHOT.jar:/home/user/.m2/repository/org/apache/ratis/ratis-metrics/0.4.0-78e95b9-SNAPSHOT/ratis-metrics-0.4.0-78e95b9-SNAPSHOT.jar:/home/user/.m2/repository/com/github/joshelser/dropwizard-metrics-hadoop-metrics2-reporter/0.1.2/dropwizard-metrics-hadoop-metrics2-reporter-0.1.2.jar:/home/user/.m2/repository/io/dropwizard/metrics/metrics-jvm/3.2.5/metrics-jvm-3.2.5.jar:/home/user/.m2/repository/io/dropwizard/metrics/metrics-ganglia/3.2.5/metrics-ganglia-3.2.5.jar:/home/user/.m2/repository/info/ganglia/gmetric4j/gmetric4j/1.0.7/gmetric4j-1.0.7.jar:/home/user/.m2/repository/org/apache/ratis/ratis-netty/0.4.0-78e95b9-SNAPSHOT/ratis-netty-0.4.0-78e95b9-SNAPSHOT.jar:/home/user/.m2/repository/org/apache/ratis/ratis-grpc/0.4.0-78e95b9-SNAPSHOT/ratis-grpc-0.4.0-78e95b9-SNAPSHOT.jar:/home/user/.m2/repository/org/rocksdb/rocksdbjni/6.0.1/rocksdbjni-6.0.1.jar:/home/user/.m2/repository/org/apache/logging/log4j/log4j-api/2.11.0/log4j-api-2.11.0.jar:/home/user/.m2/repository/org/apache/logging/log4j/log4j-core/2.11.0/log4j-core-2.11.0.jar:/home/user/.m2/repository/com/lmax/disruptor/3.4.2/disruptor-3.4.2.jar:/home/user/.m2/repository/org/apache/commons/commons-pool2/2.6.0/commons-pool2-2.6.0.jar:/home/user/.m2/repository/org/bouncycastle/bcpkix-jdk15on/1.60/bcpkix-jdk15on-1.60.jar:/home/user/.m2/repository/commons-validator/commons-validator/1.6/commons-validator-1.6.jar:/home/user/.m2/repository/commons-digester/commons-digester/1.8.1/commons-digester-1.8.1.jar:/home/user/.m2/repository/io/jaegertracing/jaeger-client/0.33.1/jaeger-client-0.33.1.jar:/home/user/.m2/repository/io/jaegertracing/jaeger-thrift/0.33.1/jaeger-thrift-0.33.1.jar:/home/user/.m2/repository/org/apache/thrift/libthrift/0.11.0/libthrift-0.11.0.jar:/home/user/.m2/repository/com/squareup/okhttp3/okhttp/3.9.0/okhttp-3.9.0.jar:/home/user/.m2/repository/com/squareup/okio/okio/1.13.0/okio-1.13.0.jar:/home/user/.m2/repository/io/jaegertracing/jaeger-core/0.33.1/jaeger-core-0.33.1.jar:/home/user/.m2/repository/io/jaegertracing/jaeger-tracerresolver/0.33.1/jaeger-tracerresolver-0.33.1.jar:/home/user/.m2/repository/io/opentracing/contrib/opentracing-tracerresolver/0.1.5/opentracing-tracerresolver-0.1.5.jar:/home/user/.m2/repository/io/opentracing/opentracing-util/0.31.0/opentracing-util-0.31.0.jar:/home/user/.m2/repository/io/opentracing/opentracing-api/0.31.0/opentracing-api-0.31.0.jar:/home/user/.m2/repository/io/opentracing/opentracing-noop/0.31.0/opentracing-noop-0.31.0.jar:/home/user/.m2/repository/org/apache/hadoop/hadoop-hdds-server-framework/0.5.0-SNAPSHOT/hadoop-hdds-server-framework-0.5.0-SNAPSHOT.jar:/home/user/.m2/repository/org/apache/hadoop/hadoop-hdds-container-service/0.5.0-SNAPSHOT/hadoop-hdds-container-service-0.5.0-SNAPSHOT.jar:/home/user/.m2/repository/org/apache/hadoop/hadoop-hdds-client/0.5.0-SNAPSHOT/hadoop-hdds-client-0.5.0-SNAPSHOT.jar:/home/user/.m2/repository/org/apache/hadoop/hadoop-hdds-tools/0.5.0-SNAPSHOT/hadoop-hdds-tools-0.5.0-SNAPSHOT.jar:/home/user/.m2/repository/org/apache/hadoop/hadoop-hdds-server-scm/0.5.0-SNAPSHOT/hadoop-hdds-server-scm-0.5.0-SNAPSHOT.jar:/home/user/.m2/repository/org/apache/hadoop/hadoop-hdds-docs/0.5.0-SNAPSHOT/hadoop-hdds-docs-0.5.0-SNAPSHOT.jar:/home/user/.m2/repository/io/dropwizard/metrics/metrics-core/3.2.4/metrics-core-3.2.4.jar:/home/user/.m2/repository/org/hamcrest/hamcrest-all/1.3/hamcrest-all-1.3.jar:/home/user/.m2/repository/org/bouncycastle/bcprov-jdk15on/1.60/bcprov-jdk15on-1.60.jar:/home/user/.m2/repository/info/picocli/picocli/3.9.6/picocli-3.9.6.jar:/home/user/.m2/repository/com/google/protobuf/protobuf-java/2.5.0/protobuf-java-2.5.0.jar:/home/user/.m2/repository/com/google/guava/guava/11.0.2/guava-11.0.2.jar:/home/user/.m2/repository/org/apache/hadoop/hadoop-ozone-ozone-manager/0.5.0-SNAPSHOT/hadoop-ozone-ozone-manager-0.5.0-SNAPSHOT.jar:/home/user/.m2/repository/org/apache/hadoop/hadoop-minikdc/3.2.0/hadoop-minikdc-3.2.0.jar:/home/user/.m2/repository/commons-io/commons-io/2.5/commons-io-2.5.jar:/home/user/.m2/repository/org/apache/kerby/kerb-simplekdc/1.0.1/kerb-simplekdc-1.0.1.jar:/home/user/.m2/repository/org/apache/kerby/kerb-client/1.0.1/kerb-client-1.0.1.jar:/home/user/.m2/repository/org/apache/kerby/kerby-config/1.0.1/kerby-config-1.0.1.jar:/home/user/.m2/repository/org/apache/kerby/kerb-core/1.0.1/kerb-core-1.0.1.jar:/home/user/.m2/repository/org/apache/kerby/kerby-pkix/1.0.1/kerby-pkix-1.0.1.jar:/home/user/.m2/repository/org/apache/kerby/kerby-asn1/1.0.1/kerby-asn1-1.0.1.jar:/home/user/.m2/repository/org/apache/kerby/kerby-util/1.0.1/kerby-util-1.0.1.jar:/home/user/.m2/repository/org/apache/kerby/kerb-common/1.0.1/kerb-common-1.0.1.jar:/home/user/.m2/repository/org/apache/kerby/kerb-crypto/1.0.1/kerb-crypto-1.0.1.jar:/home/user/.m2/repository/org/apache/kerby/kerb-util/1.0.1/kerb-util-1.0.1.jar:/home/user/.m2/repository/org/apache/kerby/token-provider/1.0.1/token-provider-1.0.1.jar:/home/user/.m2/repository/org/apache/kerby/kerb-admin/1.0.1/kerb-admin-1.0.1.jar:/home/user/.m2/repository/org/apache/kerby/kerb-server/1.0.1/kerb-server-1.0.1.jar:/home/user/.m2/repository/org/apache/kerby/kerb-identity/1.0.1/kerb-identity-1.0.1.jar:/home/user/.m2/repository/org/apache/kerby/kerby-xdr/1.0.1/kerby-xdr-1.0.1.jar:/home/user/.m2/repository/org/slf4j/slf4j-log4j12/1.7.25/slf4j-log4j12-1.7.25.jar:/home/user/.m2/repository/org/apache/hadoop/hadoop-ozone-s3gateway/0.5.0-SNAPSHOT/hadoop-ozone-s3gateway-0.5.0-SNAPSHOT.jar:/home/user/.m2/repository/org/jboss/weld/servlet/weld-servlet/2.4.7.Final/weld-servlet-2.4.7.Final.jar:/home/user/.m2/repository/org/glassfish/jersey/containers/jersey-container-servlet-core/2.27/jersey-container-servlet-core-2.27.jar:/home/user/.m2/repository/org/glassfish/hk2/external/javax.inject/2.5.0-b42/javax.inject-2.5.0-b42.jar:/home/user/.m2/repository/org/glassfish/jersey/core/jersey-common/2.27/jersey-common-2.27.jar:/home/user/.m2/repository/org/glassfish/hk2/osgi-resource-locator/1.0.1/osgi-resource-locator-1.0.1.jar:/home/user/.m2/repository/javax/ws/rs/javax.ws.rs-api/2.1/javax.ws.rs-api-2.1.jar:/home/user/.m2/repository/org/glassfish/jersey/ext/cdi/jersey-cdi1x/2.27/jersey-cdi1x-2.27.jar:/home/user/.m2/repository/org/glassfish/jersey/inject/jersey-hk2/2.27/jersey-hk2-2.27.jar:/home/user/.m2/repository/org/glassfish/hk2/hk2-locator/2.5.0-b42/hk2-locator-2.5.0-b42.jar:/home/user/.m2/repository/org/javassist/javassist/3.22.0-CR2/javassist-3.22.0-CR2.jar:/home/user/.m2/repository/org/glassfish/hk2/hk2-api/2.5.0/hk2-api-2.5.0.jar:/home/user/.m2/repository/org/glassfish/hk2/external/jakarta.inject/2.5.0/jakarta.inject-2.5.0.jar:/home/user/.m2/repository/org/glassfish/hk2/hk2-utils/2.5.0/hk2-utils-2.5.0.jar:/home/user/.m2/repository/jakarta/annotation/jakarta.annotation-api/1.3.4/jakarta.annotation-api-1.3.4.jar:/home/user/.m2/repository/org/glassfish/hk2/external/aopalliance-repackaged/2.5.0/aopalliance-repackaged-2.5.0.jar:/home/user/.m2/repository/com/fasterxml/jackson/dataformat/jackson-dataformat-xml/2.9.0/jackson-dataformat-xml-2.9.0.jar:/home/user/.m2/repository/com/fasterxml/jackson/core/jackson-core/2.9.5/jackson-core-2.9.5.jar:/home/user/.m2/repository/com/fasterxml/jackson/module/jackson-module-jaxb-annotations/2.9.5/jackson-module-jaxb-annotations-2.9.5.jar:/home/user/.m2/repository/javax/enterprise/cdi-api/1.2/cdi-api-1.2.jar:/home/user/.m2/repository/javax/el/javax.el-api/3.0.0/javax.el-api-3.0.0.jar:/home/user/.m2/repository/javax/interceptor/javax.interceptor-api/1.2/javax.interceptor-api-1.2.jar:/home/user/.m2/repository/javax/inject/javax.inject/1/javax.inject-1.jar:/home/user/.m2/repository/com/sun/xml/bind/jaxb-impl/2.3.0.1/jaxb-impl-2.3.0.1.jar:/home/user/.m2/repository/com/sun/xml/bind/jaxb-core/2.3.0.1/jaxb-core-2.3.0.1.jar:/home/user/.m2/repository/javax/xml/bind/jaxb-api/2.3.0/jaxb-api-2.3.0.jar:/home/user/.m2/repository/javax/activation/activation/1.1.1/activation-1.1.1.jar:/home/user/.m2/repository/org/apache/hadoop/hadoop-ozone-csi/0.5.0-SNAPSHOT/hadoop-ozone-csi-0.5.0-SNAPSHOT.jar:/home/user/.m2/repository/com/google/protobuf/protobuf-java-util/3.5.1/protobuf-java-util-3.5.1.jar:/home/user/.m2/repository/org/apache/hadoop/hadoop-hdds-config/0.5.0-SNAPSHOT/hadoop-hdds-config-0.5.0-SNAPSHOT.jar:/home/user/.m2/repository/io/grpc/grpc-netty/1.17.1/grpc-netty-1.17.1.jar:/home/user/.m2/repository/io/grpc/grpc-core/1.17.1/grpc-core-1.17.1.jar:/home/user/.m2/repository/io/grpc/grpc-context/1.17.1/grpc-context-1.17.1.jar:/home/user/.m2/repository/com/google/errorprone/error_prone_annotations/2.2.0/error_prone_annotations-2.2.0.jar:/home/user/.m2/repository/org/codehaus/mojo/animal-sniffer-annotations/1.17/animal-sniffer-annotations-1.17.jar:/home/user/.m2/repository/io/opencensus/opencensus-api/0.17.0/opencensus-api-0.17.0.jar:/home/user/.m2/repository/io/opencensus/opencensus-contrib-grpc-metrics/0.17.0/opencensus-contrib-grpc-metrics-0.17.0.jar:/home/user/.m2/repository/io/netty/netty-codec-http2/4.1.30.Final/netty-codec-http2-4.1.30.Final.jar:/home/user/.m2/repository/io/netty/netty-codec-http/4.1.30.Final/netty-codec-http-4.1.30.Final.jar:/home/user/.m2/repository/io/netty/netty-codec/4.1.30.Final/netty-codec-4.1.30.Final.jar:/home/user/.m2/repository/io/netty/netty-handler/4.1.30.Final/netty-handler-4.1.30.Final.jar:/home/user/.m2/repository/io/netty/netty-handler-proxy/4.1.30.Final/netty-handler-proxy-4.1.30.Final.jar:/home/user/.m2/repository/io/netty/netty-codec-socks/4.1.30.Final/netty-codec-socks-4.1.30.Final.jar:/home/user/.m2/repository/io/netty/netty-transport-native-epoll/4.1.30.Final/netty-transport-native-epoll-4.1.30.Final.jar:/home/user/.m2/repository/io/netty/netty-common/4.1.30.Final/netty-common-4.1.30.Final.jar:/home/user/.m2/repository/io/netty/netty-buffer/4.1.30.Final/netty-buffer-4.1.30.Final.jar:/home/user/.m2/repository/io/netty/netty-transport/4.1.30.Final/netty-transport-4.1.30.Final.jar:/home/user/.m2/repository/io/netty/netty-resolver/4.1.30.Final/netty-resolver-4.1.30.Final.jar:/home/user/.m2/repository/io/netty/netty-transport-native-unix-common/4.1.30.Final/netty-transport-native-unix-common-4.1.30.Final.jar:/home/user/.m2/repository/io/grpc/grpc-protobuf/1.17.1/grpc-protobuf-1.17.1.jar:/home/user/.m2/repository/com/google/api/grpc/proto-google-common-protos/1.0.0/proto-google-common-protos-1.0.0.jar:/home/user/.m2/repository/io/grpc/grpc-protobuf-lite/1.17.1/grpc-protobuf-lite-1.17.1.jar:/home/user/.m2/repository/io/grpc/grpc-stub/1.17.1/grpc-stub-1.17.1.jar:/home/user/.m2/repository/org/apache/hadoop/hadoop-ozone-recon/0.5.0-SNAPSHOT/hadoop-ozone-recon-0.5.0-SNAPSHOT.jar:/home/user/.m2/repository/org/apache/hadoop/hadoop-ozone-reconcodegen/0.5.0-SNAPSHOT/hadoop-ozone-reconcodegen-0.5.0-SNAPSHOT.jar:/home/user/.m2/repository/com/google/inject/extensions/guice-multibindings/4.0/guice-multibindings-4.0.jar:/home/user/.m2/repository/com/google/inject/guice/4.0/guice-4.0.jar:/home/user/.m2/repository/aopalliance/aopalliance/1.0/aopalliance-1.0.jar:/home/user/.m2/repository/com/google/inject/extensions/guice-servlet/4.0/guice-servlet-4.0.jar:/home/user/.m2/repository/org/glassfish/jersey/containers/jersey-container-servlet/2.27/jersey-container-servlet-2.27.jar:/home/user/.m2/repository/org/glassfish/hk2/guice-bridge/2.5.0/guice-bridge-2.5.0.jar:/home/user/.m2/repository/org/glassfish/jersey/core/jersey-server/2.27/jersey-server-2.27.jar:/home/user/.m2/repository/org/glassfish/jersey/core/jersey-client/2.27/jersey-client-2.27.jar:/home/user/.m2/repository/org/glassfish/jersey/media/jersey-media-jaxb/2.27/jersey-media-jaxb-2.27.jar:/home/user/.m2/repository/javax/validation/validation-api/1.1.0.Final/validation-api-1.1.0.Final.jar:/home/user/.m2/repository/org/glassfish/jersey/media/jersey-media-json-jackson/2.27/jersey-media-json-jackson-2.27.jar:/home/user/.m2/repository/org/glassfish/jersey/ext/jersey-entity-filtering/2.27/jersey-entity-filtering-2.27.jar:/home/user/.m2/repository/com/google/inject/extensions/guice-assistedinject/4.0/guice-assistedinject-4.0.jar:/home/user/.m2/repository/org/jooq/jooq/3.11.10/jooq-3.11.10.jar:/home/user/.m2/repository/org/jooq/jooq-meta/3.11.10/jooq-meta-3.11.10.jar:/home/user/.m2/repository/org/jooq/jooq-codegen/3.11.10/jooq-codegen-3.11.10.jar:/home/user/.m2/repository/com/jolbox/bonecp/0.8.0.RELEASE/bonecp-0.8.0.RELEASE.jar:/home/user/.m2/repository/org/xerial/sqlite-jdbc/3.25.2/sqlite-jdbc-3.25.2.jar:/home/user/.m2/repository/org/springframework/spring-jdbc/5.1.3.RELEASE/spring-jdbc-5.1.3.RELEASE.jar:/home/user/.m2/repository/org/springframework/spring-beans/5.1.3.RELEASE/spring-beans-5.1.3.RELEASE.jar:/home/user/.m2/repository/org/springframework/spring-core/5.1.3.RELEASE/spring-core-5.1.3.RELEASE.jar:/home/user/.m2/repository/org/springframework/spring-jcl/5.1.3.RELEASE/spring-jcl-5.1.3.RELEASE.jar:/home/user/.m2/repository/org/springframework/spring-tx/5.1.3.RELEASE/spring-tx-5.1.3.RELEASE.jar:/home/user/.m2/repository/org/apache/hadoop/hadoop-ozone-client/0.5.0-SNAPSHOT/hadoop-ozone-client-0.5.0-SNAPSHOT.jar:/home/user/.m2/repository/commons-lang/commons-lang/2.6/commons-lang-2.6.jar:/home/user/.m2/repository/org/apache/hadoop/hadoop-ozone-ozone-manager/0.5.0-SNAPSHOT/hadoop-ozone-ozone-manager-0.5.0-SNAPSHOT-tests.jar:/home/user/.m2/repository/junit/junit/4.11/junit-4.11.jar:/home/user/.m2/repository/org/hamcrest/hamcrest-core/1.3/hamcrest-core-1.3.jar:/home/user/.m2/repository/org/openjdk/jmh/jmh-core/1.19/jmh-core-1.19.jar:/home/user/.m2/repository/net/sf/jopt-simple/jopt-simple/4.6/jopt-simple-4.6.jar:/home/user/.m2/repository/org/apache/commons/commons-math3/3.1.1/commons-math3-3.1.1.jar:/home/user/.m2/repository/org/openjdk/jmh/jmh-generator-annprocess/1.19/jmh-generator-annprocess-1.19.jar:/home/user/.m2/repository/org/mockito/mockito-all/1.8.5/mockito-all-1.8.5.jar:/home/user/.m2/repository/org/apache/hadoop/hadoop-kms/3.2.0/hadoop-kms-3.2.0.jar:/home/user/.m2/repository/org/apache/hadoop/hadoop-auth/3.2.0/hadoop-auth-3.2.0.jar:/home/user/.m2/repository/com/nimbusds/nimbus-jose-jwt/4.41.1/nimbus-jose-jwt-4.41.1.jar:/home/user/.m2/repository/com/github/stephenc/jcip/jcip-annotations/1.0-1/jcip-annotations-1.0-1.jar:/home/user/.m2/repository/net/minidev/json-smart/2.3/json-smart-2.3.jar:/home/user/.m2/repository/net/minidev/accessors-smart/1.2/accessors-smart-1.2.jar:/home/user/.m2/repository/org/ow2/asm/asm/5.0.4/asm-5.0.4.jar:/home/user/.m2/repository/org/apache/curator/curator-framework/2.12.0/curator-framework-2.12.0.jar:/home/user/.m2/repository/com/sun/jersey/jersey-core/1.19/jersey-core-1.19.jar:/home/user/.m2/repository/javax/ws/rs/jsr311-api/1.1.1/jsr311-api-1.1.1.jar:/home/user/.m2/repository/com/sun/jersey/jersey-server/1.19/jersey-server-1.19.jar:/home/user/.m2/repository/javax/servlet/javax.servlet-api/3.1.0/javax.servlet-api-3.1.0.jar:/home/user/.m2/repository/org/eclipse/jetty/jetty-server/9.3.24.v20180605/jetty-server-9.3.24.v20180605.jar:/home/user/.m2/repository/org/eclipse/jetty/jetty-http/9.3.24.v20180605/jetty-http-9.3.24.v20180605.jar:/home/user/.m2/repository/org/eclipse/jetty/jetty-io/9.3.24.v20180605/jetty-io-9.3.24.v20180605.jar:/home/user/.m2/repository/org/eclipse/jetty/jetty-webapp/9.3.24.v20180605/jetty-webapp-9.3.24.v20180605.jar:/home/user/.m2/repository/org/eclipse/jetty/jetty-xml/9.3.24.v20180605/jetty-xml-9.3.24.v20180605.jar:/home/user/.m2/repository/log4j/log4j/1.2.17/log4j-1.2.17.jar:/home/user/.m2/repository/org/slf4j/slf4j-api/1.7.25/slf4j-api-1.7.25.jar:/home/user/.m2/repository/org/slf4j/jul-to-slf4j/1.7.25/jul-to-slf4j-1.7.25.jar:/home/user/.m2/repository/org/eclipse/jetty/jetty-util/9.3.24.v20180605/jetty-util-9.3.24.v20180605.jar:/home/user/.m2/repository/com/fasterxml/jackson/core/jackson-databind/2.9.5/jackson-databind-2.9.5.jar:/home/user/.m2/repository/org/apache/hadoop/hadoop-kms/3.2.0/hadoop-kms-3.2.0-tests.jar:/home/user/.m2/repository/org/apache/hadoop/hadoop-hdds-server-scm/0.5.0-SNAPSHOT/hadoop-hdds-server-scm-0.5.0-SNAPSHOT-tests.jar:/home/user/.m2/repository/org/apache/hadoop/hadoop-hdds-container-service/0.5.0-SNAPSHOT/hadoop-hdds-container-service-0.5.0-SNAPSHOT-tests.jar:/home/user/.m2/repository/org/yaml/snakeyaml/1.16/snakeyaml-1.16.jar:/home/user/.m2/repository/org/apache/hadoop/hadoop-common/3.2.0/hadoop-common-3.2.0-tests.jar:/home/user/.m2/repository/org/apache/hadoop/hadoop-annotations/3.2.0/hadoop-annotations-3.2.0.jar:/usr/lib/jvm/java-1.8-openjdk/jre/../lib/tools.jar:/home/user/.m2/repository/commons-cli/commons-cli/1.2/commons-cli-1.2.jar:/home/user/.m2/repository/org/apache/httpcomponents/httpclient/4.5.2/httpclient-4.5.2.jar:/home/user/.m2/repository/org/apache/httpcomponents/httpcore/4.4.4/httpcore-4.4.4.jar:/home/user/.m2/repository/commons-codec/commons-codec/1.11/commons-codec-1.11.jar:/home/user/.m2/repository/commons-net/commons-net/3.6/commons-net-3.6.jar:/home/user/.m2/repository/commons-collections/commons-collections/3.2.2/commons-collections-3.2.2.jar:/home/user/.m2/repository/org/eclipse/jetty/jetty-servlet/9.3.24.v20180605/jetty-servlet-9.3.24.v20180605.jar:/home/user/.m2/repository/org/eclipse/jetty/jetty-security/9.3.24.v20180605/jetty-security-9.3.24.v20180605.jar:/home/user/.m2/repository/javax/servlet/jsp/jsp-api/2.1/jsp-api-2.1.jar:/home/user/.m2/repository/com/sun/jersey/jersey-servlet/1.19/jersey-servlet-1.19.jar:/home/user/.m2/repository/com/sun/jersey/jersey-json/1.19/jersey-json-1.19.jar:/home/user/.m2/repository/org/codehaus/jettison/jettison/1.1/jettison-1.1.jar:/home/user/.m2/repository/org/codehaus/jackson/jackson-core-asl/1.9.13/jackson-core-asl-1.9.13.jar:/home/user/.m2/repository/org/codehaus/jackson/jackson-mapper-asl/1.9.13/jackson-mapper-asl-1.9.13.jar:/home/user/.m2/repository/org/codehaus/jackson/jackson-jaxrs/1.9.13/jackson-jaxrs-1.9.13.jar:/home/user/.m2/repository/org/codehaus/jackson/jackson-xc/1.9.13/jackson-xc-1.9.13.jar:/home/user/.m2/repository/commons-logging/commons-logging/1.1.3/commons-logging-1.1.3.jar:/home/user/.m2/repository/commons-beanutils/commons-beanutils/1.9.3/commons-beanutils-1.9.3.jar:/home/user/.m2/repository/org/apache/commons/commons-configuration2/2.1.1/commons-configuration2-2.1.1.jar:/home/user/.m2/repository/org/apache/commons/commons-lang3/3.7/commons-lang3-3.7.jar:/home/user/.m2/repository/org/apache/commons/commons-text/1.4/commons-text-1.4.jar:/home/user/.m2/repository/org/apache/avro/avro/1.7.7/avro-1.7.7.jar:/home/user/.m2/repository/com/thoughtworks/paranamer/paranamer/2.3/paranamer-2.3.jar:/home/user/.m2/repository/org/xerial/snappy/snappy-java/1.0.5/snappy-java-1.0.5.jar:/home/user/.m2/repository/com/google/re2j/re2j/1.1/re2j-1.1.jar:/home/user/.m2/repository/com/google/code/gson/gson/2.2.4/gson-2.2.4.jar:/home/user/.m2/repository/com/jcraft/jsch/0.1.54/jsch-0.1.54.jar:/home/user/.m2/repository/org/apache/curator/curator-client/2.12.0/curator-client-2.12.0.jar:/home/user/.m2/repository/org/apache/curator/curator-recipes/2.12.0/curator-recipes-2.12.0.jar:/home/user/.m2/repository/com/google/code/findbugs/jsr305/3.0.0/jsr305-3.0.0.jar:/home/user/.m2/repository/org/apache/htrace/htrace-core4/4.1.0-incubating/htrace-core4-4.1.0-incubating.jar:/home/user/.m2/repository/org/apache/zookeeper/zookeeper/3.4.13/zookeeper-3.4.13.jar:/home/user/.m2/repository/org/apache/yetus/audience-annotations/0.5.0/audience-annotations-0.5.0.jar:/home/user/.m2/repository/org/codehaus/woodstox/stax2-api/3.1.4/stax2-api-3.1.4.jar:/home/user/.m2/repository/com/fasterxml/woodstox/woodstox-core/5.0.3/woodstox-core-5.0.3.jar:/home/user/.m2/repository/dnsjava/dnsjava/2.1.7/dnsjava-2.1.7.jar:/home/user/.m2/repository/org/apache/hadoop/hadoop-hdfs/3.2.0/hadoop-hdfs-3.2.0-tests.jar:/home/user/.m2/repository/org/eclipse/jetty/jetty-util-ajax/9.3.24.v20180605/jetty-util-ajax-9.3.24.v20180605.jar:/home/user/.m2/repository/commons-daemon/commons-daemon/1.0.13/commons-daemon-1.0.13.jar:/home/user/.m2/repository/io/netty/netty/3.10.5.Final/netty-3.10.5.Final.jar:/home/user/.m2/repository/io/netty/netty-all/4.0.52.Final/netty-all-4.0.52.Final.jar:/home/user/.m2/repository/org/fusesource/leveldbjni/leveldbjni-all/1.8/leveldbjni-all-1.8.jar:"/>
    <property name="sun.cpu.endian" value="little"/>
    <property name="user.home" value="/home/user"/>
    <property name="user.language" value="en"/>
    <property name="java.specification.vendor" value="Oracle Corporation"/>
    <property name="java.home" value="/usr/lib/jvm/java-1.8-openjdk/jre"/>
    <property name="java.security.krb5.conf" value="/workdir/hadoop-ozone/integration-test/target/test-classes/krb5.conf"/>
    <property name="basedir" value="/workdir/hadoop-ozone/integration-test"/>
    <property name="file.separator" value="/"/>
    <property name="line.separator" value="&#10;"/>
    <property name="java.vm.specification.vendor" value="Oracle Corporation"/>
    <property name="java.specification.name" value="Java Platform API Specification"/>
    <property name="java.awt.graphicsenv" value="sun.awt.X11GraphicsEnvironment"/>
    <property name="surefire.real.class.path" value="/workdir/hadoop-ozone/integration-test/target/surefire/surefirebooter6593602571096122198.jar"/>
    <property name="hadoop.log.dir" value="/workdir/hadoop-ozone/integration-test/target/log"/>
    <property name="sun.boot.class.path" value="/usr/lib/jvm/java-1.8-openjdk/jre/lib/resources.jar:/usr/lib/jvm/java-1.8-openjdk/jre/lib/rt.jar:/usr/lib/jvm/java-1.8-openjdk/jre/lib/sunrsasign.jar:/usr/lib/jvm/java-1.8-openjdk/jre/lib/jsse.jar:/usr/lib/jvm/java-1.8-openjdk/jre/lib/jce.jar:/usr/lib/jvm/java-1.8-openjdk/jre/lib/charsets.jar:/usr/lib/jvm/java-1.8-openjdk/jre/lib/jfr.jar:/usr/lib/jvm/java-1.8-openjdk/jre/classes"/>
    <property name="sun.management.compiler" value="HotSpot 64-Bit Tiered Compilers"/>
    <property name="java.runtime.version" value="1.8.0_212-b04"/>
    <property name="java.net.preferIPv4Stack" value="true"/>
    <property name="user.name" value="jenkins1000"/>
    <property name="path.separator" value=":"/>
    <property name="java.security.egd" value="file:///dev/urandom"/>
    <property name="os.version" value="3.10.0-957.12.2.el7.x86_64"/>
    <property name="java.endorsed.dirs" value="/usr/lib/jvm/java-1.8-openjdk/jre/lib/endorsed"/>
    <property name="java.runtime.name" value="OpenJDK Runtime Environment"/>
    <property name="file.encoding" value="UTF-8"/>
    <property name="java.vm.name" value="OpenJDK 64-Bit Server VM"/>
    <property name="test.build.webapps" value=""/>
    <property name="localRepository" value="/home/user/.m2/repository"/>
    <property name="java.vendor.url.bug" value="https://icedtea.classpath.org/bugzilla"/>
    <property name="java.io.tmpdir" value="/tmp"/>
    <property name="require.test.libhadoop" value=""/>
    <property name="java.version" value="1.8.0_212"/>
    <property name="user.dir" value="/workdir/hadoop-ozone/integration-test"/>
    <property name="os.arch" value="amd64"/>
    <property name="java.vm.specification.name" value="Java Virtual Machine Specification"/>
    <property name="test.build.classes" value="/workdir/hadoop-ozone/integration-test/target/test-classes"/>
    <property name="java.awt.printerjob" value="sun.print.PSPrinterJob"/>
    <property name="sun.os.patch.level" value="unknown"/>
    <property name="hadoop.tmp.dir" value="/workdir/hadoop-ozone/integration-test/target/tmp"/>
    <property name="java.library.path" value="/usr/lib/jvm/java-1.8-openjdk/jre/lib/amd64/server:/usr/lib/jvm/java-1.8-openjdk/jre/lib/amd64:/usr/lib/jvm/java-1.8-openjdk/jre/../lib/amd64:/workdir/hadoop-ozone/integration-test/target/native/target/usr/local/lib:/workdir/hadoop-ozone/integration-test/../../hadoop-common-project/hadoop-common/target/native/target/usr/local/lib:/usr/java/packages/lib/amd64:/usr/lib64:/lib64:/lib:/usr/lib"/>
    <property name="java.vm.info" value="mixed mode"/>
    <property name="java.vendor" value="IcedTea"/>
    <property name="java.vm.version" value="25.212-b04"/>
    <property name="java.ext.dirs" value="/usr/lib/jvm/java-1.8-openjdk/jre/lib/ext:/usr/java/packages/lib/ext"/>
    <property name="sun.io.unicode.encoding" value="UnicodeLittle"/>
    <property name="java.class.version" value="52.0"/>
  </properties>
  <testcase name="testFlushChunk" classname="org.apache.hadoop.ozone.client.rpc.TestBlockOutputStream" time="10.503"/>
  <testcase name="testMultiChunkWrite2" classname="org.apache.hadoop.ozone.client.rpc.TestBlockOutputStream" time="0.479"/>
  <testcase name="testMultiChunkWrite" classname="org.apache.hadoop.ozone.client.rpc.TestBlockOutputStream" time="194.235">
    <failure message="expected:&lt;7&gt; but was:&lt;9&gt;" type="java.lang.AssertionError"><![CDATA[java.lang.AssertionError: expected:<7> but was:<9>
	at org.junit.Assert.fail(Assert.java:88)
	at org.junit.Assert.failNotEquals(Assert.java:743)
	at org.junit.Assert.assertEquals(Assert.java:118)
	at org.junit.Assert.assertEquals(Assert.java:555)
	at org.junit.Assert.assertEquals(Assert.java:542)
	at org.apache.hadoop.ozone.client.rpc.TestBlockOutputStream.testMultiChunkWrite(TestBlockOutputStream.java:364)
	at sun.reflect.NativeMethodAccessorImpl.invoke0(Native Method)
	at sun.reflect.NativeMethodAccessorImpl.invoke(NativeMethodAccessorImpl.java:62)
	at sun.reflect.DelegatingMethodAccessorImpl.invoke(DelegatingMethodAccessorImpl.java:43)
	at java.lang.reflect.Method.invoke(Method.java:498)
	at org.junit.runners.model.FrameworkMethod$1.runReflectiveCall(FrameworkMethod.java:47)
	at org.junit.internal.runners.model.ReflectiveCallable.run(ReflectiveCallable.java:12)
	at org.junit.runners.model.FrameworkMethod.invokeExplosively(FrameworkMethod.java:44)
	at org.junit.internal.runners.statements.InvokeMethod.evaluate(InvokeMethod.java:17)
	at org.junit.runners.ParentRunner.runLeaf(ParentRunner.java:271)
	at org.junit.runners.BlockJUnit4ClassRunner.runChild(BlockJUnit4ClassRunner.java:70)
	at org.junit.runners.BlockJUnit4ClassRunner.runChild(BlockJUnit4ClassRunner.java:50)
	at org.junit.runners.ParentRunner$3.run(ParentRunner.java:238)
	at org.junit.runners.ParentRunner$1.schedule(ParentRunner.java:63)
	at org.junit.runners.ParentRunner.runChildren(ParentRunner.java:236)
	at org.junit.runners.ParentRunner.access$000(ParentRunner.java:53)
	at org.junit.runners.ParentRunner$2.evaluate(ParentRunner.java:229)
	at org.junit.internal.runners.statements.RunBefores.evaluate(RunBefores.java:26)
	at org.junit.internal.runners.statements.RunAfters.evaluate(RunAfters.java:27)
	at org.junit.runners.ParentRunner.run(ParentRunner.java:309)
	at org.apache.maven.surefire.junit4.JUnit4Provider.execute(JUnit4Provider.java:365)
	at org.apache.maven.surefire.junit4.JUnit4Provider.executeWithRerun(JUnit4Provider.java:273)
	at org.apache.maven.surefire.junit4.JUnit4Provider.executeTestSet(JUnit4Provider.java:238)
	at org.apache.maven.surefire.junit4.JUnit4Provider.invoke(JUnit4Provider.java:159)
	at org.apache.maven.surefire.booter.ForkedBooter.invokeProviderInSameClassLoader(ForkedBooter.java:384)
	at org.apache.maven.surefire.booter.ForkedBooter.runSuitesInProcess(ForkedBooter.java:345)
	at org.apache.maven.surefire.booter.ForkedBooter.execute(ForkedBooter.java:126)
	at org.apache.maven.surefire.booter.ForkedBooter.main(ForkedBooter.java:418)
]]></failure>
    <system-out><![CDATA[2019-09-10 12:33:39,811 [java.util.concurrent.ThreadPoolExecutor$Worker@7ec24b8f[State = -1, empty queue]] WARN  server.GrpcLogAppender (GrpcLogAppender.java:timeoutAppendRequest(200)) - c5411d41-1b0a-4036-bc03-3ae3d66d2b07@group-9A53ED4A529B->33fcc201-48fd-47f6-879d-4d238b82d8e9-GrpcLogAppender: appendEntries Timeout, request=c5411d41-1b0a-4036-bc03-3ae3d66d2b07->33fcc201-48fd-47f6-879d-4d238b82d8e9#18-t3, previous=(t:3, i:16), leaderCommit=16, initializing? false, entries: size=1, first=(t:3, i:17), STATEMACHINELOGENTRY, client-F03A841534FE, cid=21
2019-09-10 12:33:39,817 [java.util.concurrent.ThreadPoolExecutor$Worker@7ec24b8f[State = -1, empty queue]] WARN  server.GrpcLogAppender (GrpcLogAppender.java:timeoutAppendRequest(200)) - c5411d41-1b0a-4036-bc03-3ae3d66d2b07@group-9A53ED4A529B->33fcc201-48fd-47f6-879d-4d238b82d8e9-GrpcLogAppender: appendEntries Timeout, request=c5411d41-1b0a-4036-bc03-3ae3d66d2b07->33fcc201-48fd-47f6-879d-4d238b82d8e9#19-t3, previous=(t:3, i:17), leaderCommit=16, initializing? false, entries: size=1, first=(t:3, i:18), STATEMACHINELOGENTRY, client-F03A841534FE, cid=22
2019-09-10 12:33:39,817 [java.util.concurrent.ThreadPoolExecutor$Worker@7ec24b8f[State = -1, empty queue]] WARN  server.GrpcLogAppender (GrpcLogAppender.java:timeoutAppendRequest(200)) - c5411d41-1b0a-4036-bc03-3ae3d66d2b07@group-9A53ED4A529B->33fcc201-48fd-47f6-879d-4d238b82d8e9-GrpcLogAppender: appendEntries Timeout, request=c5411d41-1b0a-4036-bc03-3ae3d66d2b07->33fcc201-48fd-47f6-879d-4d238b82d8e9#20-t3, previous=(t:3, i:18), leaderCommit=16, initializing? false, entries: size=1, first=(t:3, i:19), STATEMACHINELOGENTRY, client-F03A841534FE, cid=23
2019-09-10 12:33:41,882 [grpc-default-executor-2] INFO  client.GrpcClientProtocolClient (GrpcClientProtocolClient.java:onNext(264)) - client-F03A841534FE->bda12bde-a9da-41da-b7e7-5c1ce23ab93c: receive RaftClientReply:client-F03A841534FE->bda12bde-a9da-41da-b7e7-5c1ce23ab93c@group-9A53ED4A529B, cid=21, FAILED org.apache.ratis.protocol.NotLeaderException: Server bda12bde-a9da-41da-b7e7-5c1ce23ab93c@group-9A53ED4A529B is not the leader c5411d41-1b0a-4036-bc03-3ae3d66d2b07:192.168.34.50:35961, logIndex=0, commits[bda12bde-a9da-41da-b7e7-5c1ce23ab93c:c16, c5411d41-1b0a-4036-bc03-3ae3d66d2b07:c16, 33fcc201-48fd-47f6-879d-4d238b82d8e9:c12]
2019-09-10 12:33:42,313 [java.util.concurrent.ThreadPoolExecutor$Worker@7ec24b8f[State = -1, empty queue]] WARN  server.GrpcLogAppender (GrpcLogAppender.java:timeoutAppendRequest(200)) - c5411d41-1b0a-4036-bc03-3ae3d66d2b07@group-9A53ED4A529B->33fcc201-48fd-47f6-879d-4d238b82d8e9-GrpcLogAppender: appendEntries Timeout, request=c5411d41-1b0a-4036-bc03-3ae3d66d2b07->33fcc201-48fd-47f6-879d-4d238b82d8e9#21-t3, previous=(t:3, i:19), leaderCommit=16, initializing? false, entries: <empty>
2019-09-10 12:33:44,814 [java.util.concurrent.ThreadPoolExecutor$Worker@7ec24b8f[State = -1, empty queue]] WARN  server.GrpcLogAppender (GrpcLogAppender.java:timeoutAppendRequest(200)) - c5411d41-1b0a-4036-bc03-3ae3d66d2b07@group-9A53ED4A529B->33fcc201-48fd-47f6-879d-4d238b82d8e9-GrpcLogAppender: appendEntries Timeout, request=c5411d41-1b0a-4036-bc03-3ae3d66d2b07->33fcc201-48fd-47f6-879d-4d238b82d8e9#22-t3, previous=(t:3, i:19), leaderCommit=16, initializing? false, entries: <empty>
2019-09-10 12:33:46,924 [c5411d41-1b0a-4036-bc03-3ae3d66d2b07@group-9A53ED4A529B-SegmentedRaftLogWorker] WARN  segmented.SegmentedRaftLogWorker (SegmentedRaftLogWorker.java:getFromFuture(90)) - Timeout 0/~
org.apache.ratis.protocol.TimeoutIOException: Timeout 10s: WriteLog:18: (t:3, i:18), STATEMACHINELOGENTRY, client-F03A841534FE, cid=22-writeStateMachineData
	at org.apache.ratis.util.IOUtils.getFromFuture(IOUtils.java:87)
	at org.apache.ratis.server.raftlog.segmented.SegmentedRaftLogWorker$StateMachineDataPolicy.getFromFuture(SegmentedRaftLogWorker.java:87)
	at org.apache.ratis.server.raftlog.segmented.SegmentedRaftLogWorker$WriteLog.execute(SegmentedRaftLogWorker.java:477)
	at org.apache.ratis.server.raftlog.segmented.SegmentedRaftLogWorker.run(SegmentedRaftLogWorker.java:289)
	at java.lang.Thread.run(Thread.java:748)
Caused by: java.util.concurrent.TimeoutException
	at java.util.concurrent.CompletableFuture.timedGet(CompletableFuture.java:1771)
	at java.util.concurrent.CompletableFuture.get(CompletableFuture.java:1915)
	at org.apache.ratis.util.IOUtils.getFromFuture(IOUtils.java:79)
	... 4 more
2019-09-10 12:33:46,924 [33fcc201-48fd-47f6-879d-4d238b82d8e9@group-9A53ED4A529B-SegmentedRaftLogWorker] WARN  segmented.SegmentedRaftLogWorker (SegmentedRaftLogWorker.java:getFromFuture(90)) - Timeout 0/~
org.apache.ratis.protocol.TimeoutIOException: Timeout 10s: WriteLog:18: (t:3, i:18), STATEMACHINELOGENTRY, client-F03A841534FE, cid=22-writeStateMachineData
	at org.apache.ratis.util.IOUtils.getFromFuture(IOUtils.java:87)
	at org.apache.ratis.server.raftlog.segmented.SegmentedRaftLogWorker$StateMachineDataPolicy.getFromFuture(SegmentedRaftLogWorker.java:87)
	at org.apache.ratis.server.raftlog.segmented.SegmentedRaftLogWorker$WriteLog.execute(SegmentedRaftLogWorker.java:477)
	at org.apache.ratis.server.raftlog.segmented.SegmentedRaftLogWorker.run(SegmentedRaftLogWorker.java:289)
	at java.lang.Thread.run(Thread.java:748)
Caused by: java.util.concurrent.TimeoutException
	at java.util.concurrent.CompletableFuture.timedGet(CompletableFuture.java:1771)
	at java.util.concurrent.CompletableFuture.get(CompletableFuture.java:1915)
	at org.apache.ratis.util.IOUtils.getFromFuture(IOUtils.java:79)
	... 4 more
2019-09-10 12:33:46,956 [grpc-default-executor-2] INFO  client.GrpcClientProtocolClient (GrpcClientProtocolClient.java:onNext(264)) - client-F03A841534FE->bda12bde-a9da-41da-b7e7-5c1ce23ab93c: receive RaftClientReply:client-F03A841534FE->bda12bde-a9da-41da-b7e7-5c1ce23ab93c@group-9A53ED4A529B, cid=21, FAILED org.apache.ratis.protocol.NotLeaderException: Server bda12bde-a9da-41da-b7e7-5c1ce23ab93c@group-9A53ED4A529B is not the leader c5411d41-1b0a-4036-bc03-3ae3d66d2b07:192.168.34.50:35961, logIndex=0, commits[bda12bde-a9da-41da-b7e7-5c1ce23ab93c:c16, c5411d41-1b0a-4036-bc03-3ae3d66d2b07:c16, 33fcc201-48fd-47f6-879d-4d238b82d8e9:c12]
2019-09-10 12:33:47,316 [java.util.concurrent.ThreadPoolExecutor$Worker@7ec24b8f[State = -1, empty queue]] WARN  server.GrpcLogAppender (GrpcLogAppender.java:timeoutAppendRequest(200)) - c5411d41-1b0a-4036-bc03-3ae3d66d2b07@group-9A53ED4A529B->33fcc201-48fd-47f6-879d-4d238b82d8e9-GrpcLogAppender: appendEntries Timeout, request=c5411d41-1b0a-4036-bc03-3ae3d66d2b07->33fcc201-48fd-47f6-879d-4d238b82d8e9#23-t3, previous=(t:3, i:19), leaderCommit=16, initializing? false, entries: <empty>
2019-09-10 12:33:49,817 [java.util.concurrent.ThreadPoolExecutor$Worker@7ec24b8f[State = -1, empty queue]] WARN  server.GrpcLogAppender (GrpcLogAppender.java:timeoutAppendRequest(200)) - c5411d41-1b0a-4036-bc03-3ae3d66d2b07@group-9A53ED4A529B->33fcc201-48fd-47f6-879d-4d238b82d8e9-GrpcLogAppender: appendEntries Timeout, request=c5411d41-1b0a-4036-bc03-3ae3d66d2b07->33fcc201-48fd-47f6-879d-4d238b82d8e9#24-t3, previous=(t:3, i:19), leaderCommit=16, initializing? false, entries: <empty>
2019-09-10 12:33:51,992 [grpc-default-executor-0] INFO  client.GrpcClientProtocolClient (GrpcClientProtocolClient.java:onNext(264)) - client-F03A841534FE->33fcc201-48fd-47f6-879d-4d238b82d8e9: receive RaftClientReply:client-F03A841534FE->33fcc201-48fd-47f6-879d-4d238b82d8e9@group-9A53ED4A529B, cid=21, FAILED org.apache.ratis.protocol.NotLeaderException: Server 33fcc201-48fd-47f6-879d-4d238b82d8e9@group-9A53ED4A529B is not the leader c5411d41-1b0a-4036-bc03-3ae3d66d2b07:192.168.34.50:35961, logIndex=0, commits[33fcc201-48fd-47f6-879d-4d238b82d8e9:c16, c5411d41-1b0a-4036-bc03-3ae3d66d2b07:c16, bda12bde-a9da-41da-b7e7-5c1ce23ab93c:c16]
2019-09-10 12:33:52,318 [java.util.concurrent.ThreadPoolExecutor$Worker@7ec24b8f[State = -1, empty queue]] WARN  server.GrpcLogAppender (GrpcLogAppender.java:timeoutAppendRequest(200)) - c5411d41-1b0a-4036-bc03-3ae3d66d2b07@group-9A53ED4A529B->33fcc201-48fd-47f6-879d-4d238b82d8e9-GrpcLogAppender: appendEntries Timeout, request=c5411d41-1b0a-4036-bc03-3ae3d66d2b07->33fcc201-48fd-47f6-879d-4d238b82d8e9#25-t3, previous=(t:3, i:19), leaderCommit=16, initializing? false, entries: <empty>
2019-09-10 12:33:54,819 [java.util.concurrent.ThreadPoolExecutor$Worker@7ec24b8f[State = -1, empty queue]] WARN  server.GrpcLogAppender (GrpcLogAppender.java:timeoutAppendRequest(200)) - c5411d41-1b0a-4036-bc03-3ae3d66d2b07@group-9A53ED4A529B->33fcc201-48fd-47f6-879d-4d238b82d8e9-GrpcLogAppender: appendEntries Timeout, request=c5411d41-1b0a-4036-bc03-3ae3d66d2b07->33fcc201-48fd-47f6-879d-4d238b82d8e9#26-t3, previous=(t:3, i:19), leaderCommit=16, initializing? false, entries: <empty>
2019-09-10 12:33:56,930 [c5411d41-1b0a-4036-bc03-3ae3d66d2b07@group-9A53ED4A529B-SegmentedRaftLogWorker] WARN  segmented.SegmentedRaftLogWorker (SegmentedRaftLogWorker.java:getFromFuture(90)) - Timeout 1/~
org.apache.ratis.protocol.TimeoutIOException: Timeout 10s: WriteLog:18: (t:3, i:18), STATEMACHINELOGENTRY, client-F03A841534FE, cid=22-writeStateMachineData
	at org.apache.ratis.util.IOUtils.getFromFuture(IOUtils.java:87)
	at org.apache.ratis.server.raftlog.segmented.SegmentedRaftLogWorker$StateMachineDataPolicy.getFromFuture(SegmentedRaftLogWorker.java:87)
	at org.apache.ratis.server.raftlog.segmented.SegmentedRaftLogWorker$WriteLog.execute(SegmentedRaftLogWorker.java:477)
	at org.apache.ratis.server.raftlog.segmented.SegmentedRaftLogWorker.run(SegmentedRaftLogWorker.java:289)
	at java.lang.Thread.run(Thread.java:748)
Caused by: java.util.concurrent.TimeoutException
	at java.util.concurrent.CompletableFuture.timedGet(CompletableFuture.java:1771)
	at java.util.concurrent.CompletableFuture.get(CompletableFuture.java:1915)
	at org.apache.ratis.util.IOUtils.getFromFuture(IOUtils.java:79)
	... 4 more
2019-09-10 12:33:56,934 [33fcc201-48fd-47f6-879d-4d238b82d8e9@group-9A53ED4A529B-SegmentedRaftLogWorker] WARN  segmented.SegmentedRaftLogWorker (SegmentedRaftLogWorker.java:getFromFuture(90)) - Timeout 1/~
org.apache.ratis.protocol.TimeoutIOException: Timeout 10s: WriteLog:18: (t:3, i:18), STATEMACHINELOGENTRY, client-F03A841534FE, cid=22-writeStateMachineData
	at org.apache.ratis.util.IOUtils.getFromFuture(IOUtils.java:87)
	at org.apache.ratis.server.raftlog.segmented.SegmentedRaftLogWorker$StateMachineDataPolicy.getFromFuture(SegmentedRaftLogWorker.java:87)
	at org.apache.ratis.server.raftlog.segmented.SegmentedRaftLogWorker$WriteLog.execute(SegmentedRaftLogWorker.java:477)
	at org.apache.ratis.server.raftlog.segmented.SegmentedRaftLogWorker.run(SegmentedRaftLogWorker.java:289)
	at java.lang.Thread.run(Thread.java:748)
Caused by: java.util.concurrent.TimeoutException
	at java.util.concurrent.CompletableFuture.timedGet(CompletableFuture.java:1771)
	at java.util.concurrent.CompletableFuture.get(CompletableFuture.java:1915)
	at org.apache.ratis.util.IOUtils.getFromFuture(IOUtils.java:79)
	... 4 more
2019-09-10 12:33:57,059 [grpc-default-executor-2] INFO  client.GrpcClientProtocolClient (GrpcClientProtocolClient.java:onNext(264)) - client-F03A841534FE->33fcc201-48fd-47f6-879d-4d238b82d8e9: receive RaftClientReply:client-F03A841534FE->33fcc201-48fd-47f6-879d-4d238b82d8e9@group-9A53ED4A529B, cid=21, FAILED org.apache.ratis.protocol.NotLeaderException: Server 33fcc201-48fd-47f6-879d-4d238b82d8e9@group-9A53ED4A529B is not the leader c5411d41-1b0a-4036-bc03-3ae3d66d2b07:192.168.34.50:35961, logIndex=0, commits[33fcc201-48fd-47f6-879d-4d238b82d8e9:c16, c5411d41-1b0a-4036-bc03-3ae3d66d2b07:c16, bda12bde-a9da-41da-b7e7-5c1ce23ab93c:c16]
2019-09-10 12:33:57,321 [java.util.concurrent.ThreadPoolExecutor$Worker@7ec24b8f[State = -1, empty queue]] WARN  server.GrpcLogAppender (GrpcLogAppender.java:timeoutAppendRequest(200)) - c5411d41-1b0a-4036-bc03-3ae3d66d2b07@group-9A53ED4A529B->33fcc201-48fd-47f6-879d-4d238b82d8e9-GrpcLogAppender: appendEntries Timeout, request=c5411d41-1b0a-4036-bc03-3ae3d66d2b07->33fcc201-48fd-47f6-879d-4d238b82d8e9#27-t3, previous=(t:3, i:19), leaderCommit=16, initializing? false, entries: <empty>
2019-09-10 12:33:59,822 [java.util.concurrent.ThreadPoolExecutor$Worker@7ec24b8f[State = -1, empty queue]] WARN  server.GrpcLogAppender (GrpcLogAppender.java:timeoutAppendRequest(200)) - c5411d41-1b0a-4036-bc03-3ae3d66d2b07@group-9A53ED4A529B->33fcc201-48fd-47f6-879d-4d238b82d8e9-GrpcLogAppender: appendEntries Timeout, request=c5411d41-1b0a-4036-bc03-3ae3d66d2b07->33fcc201-48fd-47f6-879d-4d238b82d8e9#28-t3, previous=(t:3, i:19), leaderCommit=16, initializing? false, entries: <empty>
2019-09-10 12:34:02,140 [grpc-default-executor-2] INFO  client.GrpcClientProtocolClient (GrpcClientProtocolClient.java:onNext(264)) - client-F03A841534FE->bda12bde-a9da-41da-b7e7-5c1ce23ab93c: receive RaftClientReply:client-F03A841534FE->bda12bde-a9da-41da-b7e7-5c1ce23ab93c@group-9A53ED4A529B, cid=21, FAILED org.apache.ratis.protocol.NotLeaderException: Server bda12bde-a9da-41da-b7e7-5c1ce23ab93c@group-9A53ED4A529B is not the leader c5411d41-1b0a-4036-bc03-3ae3d66d2b07:192.168.34.50:35961, logIndex=0, commits[bda12bde-a9da-41da-b7e7-5c1ce23ab93c:c16, c5411d41-1b0a-4036-bc03-3ae3d66d2b07:c16, 33fcc201-48fd-47f6-879d-4d238b82d8e9:c12]
2019-09-10 12:34:02,324 [java.util.concurrent.ThreadPoolExecutor$Worker@7ec24b8f[State = -1, empty queue]] WARN  server.GrpcLogAppender (GrpcLogAppender.java:timeoutAppendRequest(200)) - c5411d41-1b0a-4036-bc03-3ae3d66d2b07@group-9A53ED4A529B->33fcc201-48fd-47f6-879d-4d238b82d8e9-GrpcLogAppender: appendEntries Timeout, request=c5411d41-1b0a-4036-bc03-3ae3d66d2b07->33fcc201-48fd-47f6-879d-4d238b82d8e9#29-t3, previous=(t:3, i:19), leaderCommit=16, initializing? false, entries: <empty>
2019-09-10 12:34:04,825 [java.util.concurrent.ThreadPoolExecutor$Worker@7ec24b8f[State = -1, empty queue]] WARN  server.GrpcLogAppender (GrpcLogAppender.java:timeoutAppendRequest(200)) - c5411d41-1b0a-4036-bc03-3ae3d66d2b07@group-9A53ED4A529B->33fcc201-48fd-47f6-879d-4d238b82d8e9-GrpcLogAppender: appendEntries Timeout, request=c5411d41-1b0a-4036-bc03-3ae3d66d2b07->33fcc201-48fd-47f6-879d-4d238b82d8e9#30-t3, previous=(t:3, i:19), leaderCommit=16, initializing? false, entries: <empty>
2019-09-10 12:34:06,935 [c5411d41-1b0a-4036-bc03-3ae3d66d2b07@group-9A53ED4A529B-SegmentedRaftLogWorker] WARN  segmented.SegmentedRaftLogWorker (SegmentedRaftLogWorker.java:getFromFuture(90)) - Timeout 2/~
org.apache.ratis.protocol.TimeoutIOException: Timeout 10s: WriteLog:18: (t:3, i:18), STATEMACHINELOGENTRY, client-F03A841534FE, cid=22-writeStateMachineData
	at org.apache.ratis.util.IOUtils.getFromFuture(IOUtils.java:87)
	at org.apache.ratis.server.raftlog.segmented.SegmentedRaftLogWorker$StateMachineDataPolicy.getFromFuture(SegmentedRaftLogWorker.java:87)
	at org.apache.ratis.server.raftlog.segmented.SegmentedRaftLogWorker$WriteLog.execute(SegmentedRaftLogWorker.java:477)
	at org.apache.ratis.server.raftlog.segmented.SegmentedRaftLogWorker.run(SegmentedRaftLogWorker.java:289)
	at java.lang.Thread.run(Thread.java:748)
Caused by: java.util.concurrent.TimeoutException
	at java.util.concurrent.CompletableFuture.timedGet(CompletableFuture.java:1771)
	at java.util.concurrent.CompletableFuture.get(CompletableFuture.java:1915)
	at org.apache.ratis.util.IOUtils.getFromFuture(IOUtils.java:79)
	... 4 more
2019-09-10 12:34:06,938 [33fcc201-48fd-47f6-879d-4d238b82d8e9@group-9A53ED4A529B-SegmentedRaftLogWorker] WARN  segmented.SegmentedRaftLogWorker (SegmentedRaftLogWorker.java:getFromFuture(90)) - Timeout 2/~
org.apache.ratis.protocol.TimeoutIOException: Timeout 10s: WriteLog:18: (t:3, i:18), STATEMACHINELOGENTRY, client-F03A841534FE, cid=22-writeStateMachineData
	at org.apache.ratis.util.IOUtils.getFromFuture(IOUtils.java:87)
	at org.apache.ratis.server.raftlog.segmented.SegmentedRaftLogWorker$StateMachineDataPolicy.getFromFuture(SegmentedRaftLogWorker.java:87)
	at org.apache.ratis.server.raftlog.segmented.SegmentedRaftLogWorker$WriteLog.execute(SegmentedRaftLogWorker.java:477)
	at org.apache.ratis.server.raftlog.segmented.SegmentedRaftLogWorker.run(SegmentedRaftLogWorker.java:289)
	at java.lang.Thread.run(Thread.java:748)
Caused by: java.util.concurrent.TimeoutException
	at java.util.concurrent.CompletableFuture.timedGet(CompletableFuture.java:1771)
	at java.util.concurrent.CompletableFuture.get(CompletableFuture.java:1915)
	at org.apache.ratis.util.IOUtils.getFromFuture(IOUtils.java:79)
	... 4 more
2019-09-10 12:34:07,189 [grpc-default-executor-0] INFO  client.GrpcClientProtocolClient (GrpcClientProtocolClient.java:onNext(264)) - client-F03A841534FE->bda12bde-a9da-41da-b7e7-5c1ce23ab93c: receive RaftClientReply:client-F03A841534FE->bda12bde-a9da-41da-b7e7-5c1ce23ab93c@group-9A53ED4A529B, cid=21, FAILED org.apache.ratis.protocol.NotLeaderException: Server bda12bde-a9da-41da-b7e7-5c1ce23ab93c@group-9A53ED4A529B is not the leader c5411d41-1b0a-4036-bc03-3ae3d66d2b07:192.168.34.50:35961, logIndex=0, commits[bda12bde-a9da-41da-b7e7-5c1ce23ab93c:c16, c5411d41-1b0a-4036-bc03-3ae3d66d2b07:c16, 33fcc201-48fd-47f6-879d-4d238b82d8e9:c12]
2019-09-10 12:34:07,327 [java.util.concurrent.ThreadPoolExecutor$Worker@7ec24b8f[State = -1, empty queue]] WARN  server.GrpcLogAppender (GrpcLogAppender.java:timeoutAppendRequest(200)) - c5411d41-1b0a-4036-bc03-3ae3d66d2b07@group-9A53ED4A529B->33fcc201-48fd-47f6-879d-4d238b82d8e9-GrpcLogAppender: appendEntries Timeout, request=c5411d41-1b0a-4036-bc03-3ae3d66d2b07->33fcc201-48fd-47f6-879d-4d238b82d8e9#31-t3, previous=(t:3, i:19), leaderCommit=16, initializing? false, entries: <empty>
2019-09-10 12:34:09,827 [java.util.concurrent.ThreadPoolExecutor$Worker@7ec24b8f[State = -1, empty queue]] WARN  server.GrpcLogAppender (GrpcLogAppender.java:timeoutAppendRequest(200)) - c5411d41-1b0a-4036-bc03-3ae3d66d2b07@group-9A53ED4A529B->33fcc201-48fd-47f6-879d-4d238b82d8e9-GrpcLogAppender: appendEntries Timeout, request=c5411d41-1b0a-4036-bc03-3ae3d66d2b07->33fcc201-48fd-47f6-879d-4d238b82d8e9#32-t3, previous=(t:3, i:19), leaderCommit=16, initializing? false, entries: <empty>
2019-09-10 12:34:12,237 [grpc-default-executor-2] INFO  client.GrpcClientProtocolClient (GrpcClientProtocolClient.java:onNext(264)) - client-F03A841534FE->bda12bde-a9da-41da-b7e7-5c1ce23ab93c: receive RaftClientReply:client-F03A841534FE->bda12bde-a9da-41da-b7e7-5c1ce23ab93c@group-9A53ED4A529B, cid=21, FAILED org.apache.ratis.protocol.NotLeaderException: Server bda12bde-a9da-41da-b7e7-5c1ce23ab93c@group-9A53ED4A529B is not the leader c5411d41-1b0a-4036-bc03-3ae3d66d2b07:192.168.34.50:35961, logIndex=0, commits[bda12bde-a9da-41da-b7e7-5c1ce23ab93c:c16, c5411d41-1b0a-4036-bc03-3ae3d66d2b07:c16, 33fcc201-48fd-47f6-879d-4d238b82d8e9:c12]
2019-09-10 12:34:12,328 [java.util.concurrent.ThreadPoolExecutor$Worker@7ec24b8f[State = -1, empty queue]] WARN  server.GrpcLogAppender (GrpcLogAppender.java:timeoutAppendRequest(200)) - c5411d41-1b0a-4036-bc03-3ae3d66d2b07@group-9A53ED4A529B->33fcc201-48fd-47f6-879d-4d238b82d8e9-GrpcLogAppender: appendEntries Timeout, request=c5411d41-1b0a-4036-bc03-3ae3d66d2b07->33fcc201-48fd-47f6-879d-4d238b82d8e9#33-t3, previous=(t:3, i:19), leaderCommit=16, initializing? false, entries: <empty>
2019-09-10 12:34:14,830 [java.util.concurrent.ThreadPoolExecutor$Worker@7ec24b8f[State = -1, empty queue]] WARN  server.GrpcLogAppender (GrpcLogAppender.java:timeoutAppendRequest(200)) - c5411d41-1b0a-4036-bc03-3ae3d66d2b07@group-9A53ED4A529B->33fcc201-48fd-47f6-879d-4d238b82d8e9-GrpcLogAppender: appendEntries Timeout, request=c5411d41-1b0a-4036-bc03-3ae3d66d2b07->33fcc201-48fd-47f6-879d-4d238b82d8e9#34-t3, previous=(t:3, i:19), leaderCommit=16, initializing? false, entries: <empty>
2019-09-10 12:34:16,939 [c5411d41-1b0a-4036-bc03-3ae3d66d2b07@group-9A53ED4A529B-SegmentedRaftLogWorker] WARN  segmented.SegmentedRaftLogWorker (SegmentedRaftLogWorker.java:getFromFuture(90)) - Timeout 3/~
org.apache.ratis.protocol.TimeoutIOException: Timeout 10s: WriteLog:18: (t:3, i:18), STATEMACHINELOGENTRY, client-F03A841534FE, cid=22-writeStateMachineData
	at org.apache.ratis.util.IOUtils.getFromFuture(IOUtils.java:87)
	at org.apache.ratis.server.raftlog.segmented.SegmentedRaftLogWorker$StateMachineDataPolicy.getFromFuture(SegmentedRaftLogWorker.java:87)
	at org.apache.ratis.server.raftlog.segmented.SegmentedRaftLogWorker$WriteLog.execute(SegmentedRaftLogWorker.java:477)
	at org.apache.ratis.server.raftlog.segmented.SegmentedRaftLogWorker.run(SegmentedRaftLogWorker.java:289)
	at java.lang.Thread.run(Thread.java:748)
Caused by: java.util.concurrent.TimeoutException
	at java.util.concurrent.CompletableFuture.timedGet(CompletableFuture.java:1771)
	at java.util.concurrent.CompletableFuture.get(CompletableFuture.java:1915)
	at org.apache.ratis.util.IOUtils.getFromFuture(IOUtils.java:79)
	... 4 more
2019-09-10 12:34:16,949 [33fcc201-48fd-47f6-879d-4d238b82d8e9@group-9A53ED4A529B-SegmentedRaftLogWorker] WARN  segmented.SegmentedRaftLogWorker (SegmentedRaftLogWorker.java:getFromFuture(90)) - Timeout 3/~
org.apache.ratis.protocol.TimeoutIOException: Timeout 10s: WriteLog:18: (t:3, i:18), STATEMACHINELOGENTRY, client-F03A841534FE, cid=22-writeStateMachineData
	at org.apache.ratis.util.IOUtils.getFromFuture(IOUtils.java:87)
	at org.apache.ratis.server.raftlog.segmented.SegmentedRaftLogWorker$StateMachineDataPolicy.getFromFuture(SegmentedRaftLogWorker.java:87)
	at org.apache.ratis.server.raftlog.segmented.SegmentedRaftLogWorker$WriteLog.execute(SegmentedRaftLogWorker.java:477)
	at org.apache.ratis.server.raftlog.segmented.SegmentedRaftLogWorker.run(SegmentedRaftLogWorker.java:289)
	at java.lang.Thread.run(Thread.java:748)
Caused by: java.util.concurrent.TimeoutException
	at java.util.concurrent.CompletableFuture.timedGet(CompletableFuture.java:1771)
	at java.util.concurrent.CompletableFuture.get(CompletableFuture.java:1915)
	at org.apache.ratis.util.IOUtils.getFromFuture(IOUtils.java:79)
	... 4 more
2019-09-10 12:34:17,312 [grpc-default-executor-0] INFO  client.GrpcClientProtocolClient (GrpcClientProtocolClient.java:onNext(264)) - client-F03A841534FE->33fcc201-48fd-47f6-879d-4d238b82d8e9: receive RaftClientReply:client-F03A841534FE->33fcc201-48fd-47f6-879d-4d238b82d8e9@group-9A53ED4A529B, cid=21, FAILED org.apache.ratis.protocol.NotLeaderException: Server 33fcc201-48fd-47f6-879d-4d238b82d8e9@group-9A53ED4A529B is not the leader c5411d41-1b0a-4036-bc03-3ae3d66d2b07:192.168.34.50:35961, logIndex=0, commits[33fcc201-48fd-47f6-879d-4d238b82d8e9:c16, c5411d41-1b0a-4036-bc03-3ae3d66d2b07:c16, bda12bde-a9da-41da-b7e7-5c1ce23ab93c:c16]
2019-09-10 12:34:17,331 [java.util.concurrent.ThreadPoolExecutor$Worker@7ec24b8f[State = -1, empty queue]] WARN  server.GrpcLogAppender (GrpcLogAppender.java:timeoutAppendRequest(200)) - c5411d41-1b0a-4036-bc03-3ae3d66d2b07@group-9A53ED4A529B->33fcc201-48fd-47f6-879d-4d238b82d8e9-GrpcLogAppender: appendEntries Timeout, request=c5411d41-1b0a-4036-bc03-3ae3d66d2b07->33fcc201-48fd-47f6-879d-4d238b82d8e9#35-t3, previous=(t:3, i:19), leaderCommit=16, initializing? false, entries: <empty>
2019-09-10 12:34:19,832 [java.util.concurrent.ThreadPoolExecutor$Worker@7ec24b8f[State = -1, empty queue]] WARN  server.GrpcLogAppender (GrpcLogAppender.java:timeoutAppendRequest(200)) - c5411d41-1b0a-4036-bc03-3ae3d66d2b07@group-9A53ED4A529B->33fcc201-48fd-47f6-879d-4d238b82d8e9-GrpcLogAppender: appendEntries Timeout, request=c5411d41-1b0a-4036-bc03-3ae3d66d2b07->33fcc201-48fd-47f6-879d-4d238b82d8e9#36-t3, previous=(t:3, i:19), leaderCommit=16, initializing? false, entries: <empty>
2019-09-10 12:34:22,333 [java.util.concurrent.ThreadPoolExecutor$Worker@7ec24b8f[State = -1, empty queue]] WARN  server.GrpcLogAppender (GrpcLogAppender.java:timeoutAppendRequest(200)) - c5411d41-1b0a-4036-bc03-3ae3d66d2b07@group-9A53ED4A529B->33fcc201-48fd-47f6-879d-4d238b82d8e9-GrpcLogAppender: appendEntries Timeout, request=c5411d41-1b0a-4036-bc03-3ae3d66d2b07->33fcc201-48fd-47f6-879d-4d238b82d8e9#37-t3, previous=(t:3, i:19), leaderCommit=16, initializing? false, entries: <empty>
2019-09-10 12:34:22,347 [grpc-default-executor-3] INFO  client.GrpcClientProtocolClient (GrpcClientProtocolClient.java:onNext(264)) - client-F03A841534FE->bda12bde-a9da-41da-b7e7-5c1ce23ab93c: receive RaftClientReply:client-F03A841534FE->bda12bde-a9da-41da-b7e7-5c1ce23ab93c@group-9A53ED4A529B, cid=21, FAILED org.apache.ratis.protocol.NotLeaderException: Server bda12bde-a9da-41da-b7e7-5c1ce23ab93c@group-9A53ED4A529B is not the leader c5411d41-1b0a-4036-bc03-3ae3d66d2b07:192.168.34.50:35961, logIndex=0, commits[bda12bde-a9da-41da-b7e7-5c1ce23ab93c:c16, c5411d41-1b0a-4036-bc03-3ae3d66d2b07:c16, 33fcc201-48fd-47f6-879d-4d238b82d8e9:c12]
2019-09-10 12:34:24,834 [java.util.concurrent.ThreadPoolExecutor$Worker@7ec24b8f[State = -1, empty queue]] WARN  server.GrpcLogAppender (GrpcLogAppender.java:timeoutAppendRequest(200)) - c5411d41-1b0a-4036-bc03-3ae3d66d2b07@group-9A53ED4A529B->33fcc201-48fd-47f6-879d-4d238b82d8e9-GrpcLogAppender: appendEntries Timeout, request=c5411d41-1b0a-4036-bc03-3ae3d66d2b07->33fcc201-48fd-47f6-879d-4d238b82d8e9#38-t3, previous=(t:3, i:19), leaderCommit=16, initializing? false, entries: <empty>
2019-09-10 12:34:26,950 [c5411d41-1b0a-4036-bc03-3ae3d66d2b07@group-9A53ED4A529B-SegmentedRaftLogWorker] WARN  segmented.SegmentedRaftLogWorker (SegmentedRaftLogWorker.java:getFromFuture(90)) - Timeout 4/~
org.apache.ratis.protocol.TimeoutIOException: Timeout 10s: WriteLog:18: (t:3, i:18), STATEMACHINELOGENTRY, client-F03A841534FE, cid=22-writeStateMachineData
	at org.apache.ratis.util.IOUtils.getFromFuture(IOUtils.java:87)
	at org.apache.ratis.server.raftlog.segmented.SegmentedRaftLogWorker$StateMachineDataPolicy.getFromFuture(SegmentedRaftLogWorker.java:87)
	at org.apache.ratis.server.raftlog.segmented.SegmentedRaftLogWorker$WriteLog.execute(SegmentedRaftLogWorker.java:477)
	at org.apache.ratis.server.raftlog.segmented.SegmentedRaftLogWorker.run(SegmentedRaftLogWorker.java:289)
	at java.lang.Thread.run(Thread.java:748)
Caused by: java.util.concurrent.TimeoutException
	at java.util.concurrent.CompletableFuture.timedGet(CompletableFuture.java:1771)
	at java.util.concurrent.CompletableFuture.get(CompletableFuture.java:1915)
	at org.apache.ratis.util.IOUtils.getFromFuture(IOUtils.java:79)
	... 4 more
2019-09-10 12:34:26,954 [33fcc201-48fd-47f6-879d-4d238b82d8e9@group-9A53ED4A529B-SegmentedRaftLogWorker] WARN  segmented.SegmentedRaftLogWorker (SegmentedRaftLogWorker.java:getFromFuture(90)) - Timeout 4/~
org.apache.ratis.protocol.TimeoutIOException: Timeout 10s: WriteLog:18: (t:3, i:18), STATEMACHINELOGENTRY, client-F03A841534FE, cid=22-writeStateMachineData
	at org.apache.ratis.util.IOUtils.getFromFuture(IOUtils.java:87)
	at org.apache.ratis.server.raftlog.segmented.SegmentedRaftLogWorker$StateMachineDataPolicy.getFromFuture(SegmentedRaftLogWorker.java:87)
	at org.apache.ratis.server.raftlog.segmented.SegmentedRaftLogWorker$WriteLog.execute(SegmentedRaftLogWorker.java:477)
	at org.apache.ratis.server.raftlog.segmented.SegmentedRaftLogWorker.run(SegmentedRaftLogWorker.java:289)
	at java.lang.Thread.run(Thread.java:748)
Caused by: java.util.concurrent.TimeoutException
	at java.util.concurrent.CompletableFuture.timedGet(CompletableFuture.java:1771)
	at java.util.concurrent.CompletableFuture.get(CompletableFuture.java:1915)
	at org.apache.ratis.util.IOUtils.getFromFuture(IOUtils.java:79)
	... 4 more
2019-09-10 12:34:27,335 [java.util.concurrent.ThreadPoolExecutor$Worker@7ec24b8f[State = -1, empty queue]] WARN  server.GrpcLogAppender (GrpcLogAppender.java:timeoutAppendRequest(200)) - c5411d41-1b0a-4036-bc03-3ae3d66d2b07@group-9A53ED4A529B->33fcc201-48fd-47f6-879d-4d238b82d8e9-GrpcLogAppender: appendEntries Timeout, request=c5411d41-1b0a-4036-bc03-3ae3d66d2b07->33fcc201-48fd-47f6-879d-4d238b82d8e9#39-t3, previous=(t:3, i:19), leaderCommit=16, initializing? false, entries: <empty>
2019-09-10 12:34:27,406 [grpc-default-executor-3] INFO  client.GrpcClientProtocolClient (GrpcClientProtocolClient.java:onNext(264)) - client-F03A841534FE->bda12bde-a9da-41da-b7e7-5c1ce23ab93c: receive RaftClientReply:client-F03A841534FE->bda12bde-a9da-41da-b7e7-5c1ce23ab93c@group-9A53ED4A529B, cid=21, FAILED org.apache.ratis.protocol.NotLeaderException: Server bda12bde-a9da-41da-b7e7-5c1ce23ab93c@group-9A53ED4A529B is not the leader c5411d41-1b0a-4036-bc03-3ae3d66d2b07:192.168.34.50:35961, logIndex=0, commits[bda12bde-a9da-41da-b7e7-5c1ce23ab93c:c16, c5411d41-1b0a-4036-bc03-3ae3d66d2b07:c16, 33fcc201-48fd-47f6-879d-4d238b82d8e9:c12]
2019-09-10 12:34:29,836 [java.util.concurrent.ThreadPoolExecutor$Worker@7ec24b8f[State = -1, empty queue]] WARN  server.GrpcLogAppender (GrpcLogAppender.java:timeoutAppendRequest(200)) - c5411d41-1b0a-4036-bc03-3ae3d66d2b07@group-9A53ED4A529B->33fcc201-48fd-47f6-879d-4d238b82d8e9-GrpcLogAppender: appendEntries Timeout, request=c5411d41-1b0a-4036-bc03-3ae3d66d2b07->33fcc201-48fd-47f6-879d-4d238b82d8e9#40-t3, previous=(t:3, i:19), leaderCommit=16, initializing? false, entries: <empty>
2019-09-10 12:34:32,337 [java.util.concurrent.ThreadPoolExecutor$Worker@7ec24b8f[State = -1, empty queue]] WARN  server.GrpcLogAppender (GrpcLogAppender.java:timeoutAppendRequest(200)) - c5411d41-1b0a-4036-bc03-3ae3d66d2b07@group-9A53ED4A529B->33fcc201-48fd-47f6-879d-4d238b82d8e9-GrpcLogAppender: appendEntries Timeout, request=c5411d41-1b0a-4036-bc03-3ae3d66d2b07->33fcc201-48fd-47f6-879d-4d238b82d8e9#41-t3, previous=(t:3, i:19), leaderCommit=16, initializing? false, entries: <empty>
2019-09-10 12:34:32,459 [grpc-default-executor-0] INFO  client.GrpcClientProtocolClient (GrpcClientProtocolClient.java:onNext(264)) - client-F03A841534FE->33fcc201-48fd-47f6-879d-4d238b82d8e9: receive RaftClientReply:client-F03A841534FE->33fcc201-48fd-47f6-879d-4d238b82d8e9@group-9A53ED4A529B, cid=21, FAILED org.apache.ratis.protocol.NotLeaderException: Server 33fcc201-48fd-47f6-879d-4d238b82d8e9@group-9A53ED4A529B is not the leader c5411d41-1b0a-4036-bc03-3ae3d66d2b07:192.168.34.50:35961, logIndex=0, commits[33fcc201-48fd-47f6-879d-4d238b82d8e9:c16, c5411d41-1b0a-4036-bc03-3ae3d66d2b07:c16, bda12bde-a9da-41da-b7e7-5c1ce23ab93c:c16]
2019-09-10 12:34:34,838 [java.util.concurrent.ThreadPoolExecutor$Worker@7ec24b8f[State = -1, empty queue]] WARN  server.GrpcLogAppender (GrpcLogAppender.java:timeoutAppendRequest(200)) - c5411d41-1b0a-4036-bc03-3ae3d66d2b07@group-9A53ED4A529B->33fcc201-48fd-47f6-879d-4d238b82d8e9-GrpcLogAppender: appendEntries Timeout, request=c5411d41-1b0a-4036-bc03-3ae3d66d2b07->33fcc201-48fd-47f6-879d-4d238b82d8e9#42-t3, previous=(t:3, i:19), leaderCommit=16, initializing? false, entries: <empty>
2019-09-10 12:34:36,955 [c5411d41-1b0a-4036-bc03-3ae3d66d2b07@group-9A53ED4A529B-SegmentedRaftLogWorker] WARN  segmented.SegmentedRaftLogWorker (SegmentedRaftLogWorker.java:getFromFuture(90)) - Timeout 5/~
org.apache.ratis.protocol.TimeoutIOException: Timeout 10s: WriteLog:18: (t:3, i:18), STATEMACHINELOGENTRY, client-F03A841534FE, cid=22-writeStateMachineData
	at org.apache.ratis.util.IOUtils.getFromFuture(IOUtils.java:87)
	at org.apache.ratis.server.raftlog.segmented.SegmentedRaftLogWorker$StateMachineDataPolicy.getFromFuture(SegmentedRaftLogWorker.java:87)
	at org.apache.ratis.server.raftlog.segmented.SegmentedRaftLogWorker$WriteLog.execute(SegmentedRaftLogWorker.java:477)
	at org.apache.ratis.server.raftlog.segmented.SegmentedRaftLogWorker.run(SegmentedRaftLogWorker.java:289)
	at java.lang.Thread.run(Thread.java:748)
Caused by: java.util.concurrent.TimeoutException
	at java.util.concurrent.CompletableFuture.timedGet(CompletableFuture.java:1771)
	at java.util.concurrent.CompletableFuture.get(CompletableFuture.java:1915)
	at org.apache.ratis.util.IOUtils.getFromFuture(IOUtils.java:79)
	... 4 more
2019-09-10 12:34:36,958 [33fcc201-48fd-47f6-879d-4d238b82d8e9@group-9A53ED4A529B-SegmentedRaftLogWorker] WARN  segmented.SegmentedRaftLogWorker (SegmentedRaftLogWorker.java:getFromFuture(90)) - Timeout 5/~
org.apache.ratis.protocol.TimeoutIOException: Timeout 10s: WriteLog:18: (t:3, i:18), STATEMACHINELOGENTRY, client-F03A841534FE, cid=22-writeStateMachineData
	at org.apache.ratis.util.IOUtils.getFromFuture(IOUtils.java:87)
	at org.apache.ratis.server.raftlog.segmented.SegmentedRaftLogWorker$StateMachineDataPolicy.getFromFuture(SegmentedRaftLogWorker.java:87)
	at org.apache.ratis.server.raftlog.segmented.SegmentedRaftLogWorker$WriteLog.execute(SegmentedRaftLogWorker.java:477)
	at org.apache.ratis.server.raftlog.segmented.SegmentedRaftLogWorker.run(SegmentedRaftLogWorker.java:289)
	at java.lang.Thread.run(Thread.java:748)
Caused by: java.util.concurrent.TimeoutException
	at java.util.concurrent.CompletableFuture.timedGet(CompletableFuture.java:1771)
	at java.util.concurrent.CompletableFuture.get(CompletableFuture.java:1915)
	at org.apache.ratis.util.IOUtils.getFromFuture(IOUtils.java:79)
	... 4 more
2019-09-10 12:34:37,339 [java.util.concurrent.ThreadPoolExecutor$Worker@7ec24b8f[State = -1, empty queue]] WARN  server.GrpcLogAppender (GrpcLogAppender.java:timeoutAppendRequest(200)) - c5411d41-1b0a-4036-bc03-3ae3d66d2b07@group-9A53ED4A529B->33fcc201-48fd-47f6-879d-4d238b82d8e9-GrpcLogAppender: appendEntries Timeout, request=c5411d41-1b0a-4036-bc03-3ae3d66d2b07->33fcc201-48fd-47f6-879d-4d238b82d8e9#43-t3, previous=(t:3, i:19), leaderCommit=16, initializing? false, entries: <empty>
2019-09-10 12:34:37,516 [grpc-default-executor-3] INFO  client.GrpcClientProtocolClient (GrpcClientProtocolClient.java:onNext(264)) - client-F03A841534FE->33fcc201-48fd-47f6-879d-4d238b82d8e9: receive RaftClientReply:client-F03A841534FE->33fcc201-48fd-47f6-879d-4d238b82d8e9@group-9A53ED4A529B, cid=21, FAILED org.apache.ratis.protocol.NotLeaderException: Server 33fcc201-48fd-47f6-879d-4d238b82d8e9@group-9A53ED4A529B is not the leader c5411d41-1b0a-4036-bc03-3ae3d66d2b07:192.168.34.50:35961, logIndex=0, commits[33fcc201-48fd-47f6-879d-4d238b82d8e9:c16, c5411d41-1b0a-4036-bc03-3ae3d66d2b07:c16, bda12bde-a9da-41da-b7e7-5c1ce23ab93c:c16]
2019-09-10 12:34:39,840 [java.util.concurrent.ThreadPoolExecutor$Worker@7ec24b8f[State = -1, empty queue]] WARN  server.GrpcLogAppender (GrpcLogAppender.java:timeoutAppendRequest(200)) - c5411d41-1b0a-4036-bc03-3ae3d66d2b07@group-9A53ED4A529B->33fcc201-48fd-47f6-879d-4d238b82d8e9-GrpcLogAppender: appendEntries Timeout, request=c5411d41-1b0a-4036-bc03-3ae3d66d2b07->33fcc201-48fd-47f6-879d-4d238b82d8e9#44-t3, previous=(t:3, i:19), leaderCommit=16, initializing? false, entries: <empty>
2019-09-10 12:34:42,342 [java.util.concurrent.ThreadPoolExecutor$Worker@7ec24b8f[State = -1, empty queue]] WARN  server.GrpcLogAppender (GrpcLogAppender.java:timeoutAppendRequest(200)) - c5411d41-1b0a-4036-bc03-3ae3d66d2b07@group-9A53ED4A529B->33fcc201-48fd-47f6-879d-4d238b82d8e9-GrpcLogAppender: appendEntries Timeout, request=c5411d41-1b0a-4036-bc03-3ae3d66d2b07->33fcc201-48fd-47f6-879d-4d238b82d8e9#45-t3, previous=(t:3, i:19), leaderCommit=16, initializing? false, entries: <empty>
2019-09-10 12:34:42,569 [grpc-default-executor-2] INFO  client.GrpcClientProtocolClient (GrpcClientProtocolClient.java:onNext(264)) - client-F03A841534FE->33fcc201-48fd-47f6-879d-4d238b82d8e9: receive RaftClientReply:client-F03A841534FE->33fcc201-48fd-47f6-879d-4d238b82d8e9@group-9A53ED4A529B, cid=21, FAILED org.apache.ratis.protocol.NotLeaderException: Server 33fcc201-48fd-47f6-879d-4d238b82d8e9@group-9A53ED4A529B is not the leader c5411d41-1b0a-4036-bc03-3ae3d66d2b07:192.168.34.50:35961, logIndex=0, commits[33fcc201-48fd-47f6-879d-4d238b82d8e9:c16, c5411d41-1b0a-4036-bc03-3ae3d66d2b07:c16, bda12bde-a9da-41da-b7e7-5c1ce23ab93c:c16]
2019-09-10 12:34:44,842 [java.util.concurrent.ThreadPoolExecutor$Worker@7ec24b8f[State = -1, empty queue]] WARN  server.GrpcLogAppender (GrpcLogAppender.java:timeoutAppendRequest(200)) - c5411d41-1b0a-4036-bc03-3ae3d66d2b07@group-9A53ED4A529B->33fcc201-48fd-47f6-879d-4d238b82d8e9-GrpcLogAppender: appendEntries Timeout, request=c5411d41-1b0a-4036-bc03-3ae3d66d2b07->33fcc201-48fd-47f6-879d-4d238b82d8e9#46-t3, previous=(t:3, i:19), leaderCommit=16, initializing? false, entries: <empty>
2019-09-10 12:34:46,959 [c5411d41-1b0a-4036-bc03-3ae3d66d2b07@group-9A53ED4A529B-SegmentedRaftLogWorker] WARN  segmented.SegmentedRaftLogWorker (SegmentedRaftLogWorker.java:getFromFuture(90)) - Timeout 6/~
org.apache.ratis.protocol.TimeoutIOException: Timeout 10s: WriteLog:18: (t:3, i:18), STATEMACHINELOGENTRY, client-F03A841534FE, cid=22-writeStateMachineData
	at org.apache.ratis.util.IOUtils.getFromFuture(IOUtils.java:87)
	at org.apache.ratis.server.raftlog.segmented.SegmentedRaftLogWorker$StateMachineDataPolicy.getFromFuture(SegmentedRaftLogWorker.java:87)
	at org.apache.ratis.server.raftlog.segmented.SegmentedRaftLogWorker$WriteLog.execute(SegmentedRaftLogWorker.java:477)
	at org.apache.ratis.server.raftlog.segmented.SegmentedRaftLogWorker.run(SegmentedRaftLogWorker.java:289)
	at java.lang.Thread.run(Thread.java:748)
Caused by: java.util.concurrent.TimeoutException
	at java.util.concurrent.CompletableFuture.timedGet(CompletableFuture.java:1771)
	at java.util.concurrent.CompletableFuture.get(CompletableFuture.java:1915)
	at org.apache.ratis.util.IOUtils.getFromFuture(IOUtils.java:79)
	... 4 more
2019-09-10 12:34:46,963 [33fcc201-48fd-47f6-879d-4d238b82d8e9@group-9A53ED4A529B-SegmentedRaftLogWorker] WARN  segmented.SegmentedRaftLogWorker (SegmentedRaftLogWorker.java:getFromFuture(90)) - Timeout 6/~
org.apache.ratis.protocol.TimeoutIOException: Timeout 10s: WriteLog:18: (t:3, i:18), STATEMACHINELOGENTRY, client-F03A841534FE, cid=22-writeStateMachineData
	at org.apache.ratis.util.IOUtils.getFromFuture(IOUtils.java:87)
	at org.apache.ratis.server.raftlog.segmented.SegmentedRaftLogWorker$StateMachineDataPolicy.getFromFuture(SegmentedRaftLogWorker.java:87)
	at org.apache.ratis.server.raftlog.segmented.SegmentedRaftLogWorker$WriteLog.execute(SegmentedRaftLogWorker.java:477)
	at org.apache.ratis.server.raftlog.segmented.SegmentedRaftLogWorker.run(SegmentedRaftLogWorker.java:289)
	at java.lang.Thread.run(Thread.java:748)
Caused by: java.util.concurrent.TimeoutException
	at java.util.concurrent.CompletableFuture.timedGet(CompletableFuture.java:1771)
	at java.util.concurrent.CompletableFuture.get(CompletableFuture.java:1915)
	at org.apache.ratis.util.IOUtils.getFromFuture(IOUtils.java:79)
	... 4 more
2019-09-10 12:34:47,343 [java.util.concurrent.ThreadPoolExecutor$Worker@7ec24b8f[State = -1, empty queue]] WARN  server.GrpcLogAppender (GrpcLogAppender.java:timeoutAppendRequest(200)) - c5411d41-1b0a-4036-bc03-3ae3d66d2b07@group-9A53ED4A529B->33fcc201-48fd-47f6-879d-4d238b82d8e9-GrpcLogAppender: appendEntries Timeout, request=c5411d41-1b0a-4036-bc03-3ae3d66d2b07->33fcc201-48fd-47f6-879d-4d238b82d8e9#47-t3, previous=(t:3, i:19), leaderCommit=16, initializing? false, entries: <empty>
2019-09-10 12:34:47,623 [grpc-default-executor-3] INFO  client.GrpcClientProtocolClient (GrpcClientProtocolClient.java:onNext(264)) - client-F03A841534FE->33fcc201-48fd-47f6-879d-4d238b82d8e9: receive RaftClientReply:client-F03A841534FE->33fcc201-48fd-47f6-879d-4d238b82d8e9@group-9A53ED4A529B, cid=21, FAILED org.apache.ratis.protocol.NotLeaderException: Server 33fcc201-48fd-47f6-879d-4d238b82d8e9@group-9A53ED4A529B is not the leader c5411d41-1b0a-4036-bc03-3ae3d66d2b07:192.168.34.50:35961, logIndex=0, commits[33fcc201-48fd-47f6-879d-4d238b82d8e9:c16, c5411d41-1b0a-4036-bc03-3ae3d66d2b07:c16, bda12bde-a9da-41da-b7e7-5c1ce23ab93c:c16]
2019-09-10 12:34:49,843 [java.util.concurrent.ThreadPoolExecutor$Worker@7ec24b8f[State = -1, empty queue]] WARN  server.GrpcLogAppender (GrpcLogAppender.java:timeoutAppendRequest(200)) - c5411d41-1b0a-4036-bc03-3ae3d66d2b07@group-9A53ED4A529B->33fcc201-48fd-47f6-879d-4d238b82d8e9-GrpcLogAppender: appendEntries Timeout, request=c5411d41-1b0a-4036-bc03-3ae3d66d2b07->33fcc201-48fd-47f6-879d-4d238b82d8e9#48-t3, previous=(t:3, i:19), leaderCommit=16, initializing? false, entries: <empty>
2019-09-10 12:34:52,344 [java.util.concurrent.ThreadPoolExecutor$Worker@7ec24b8f[State = -1, empty queue]] WARN  server.GrpcLogAppender (GrpcLogAppender.java:timeoutAppendRequest(200)) - c5411d41-1b0a-4036-bc03-3ae3d66d2b07@group-9A53ED4A529B->33fcc201-48fd-47f6-879d-4d238b82d8e9-GrpcLogAppender: appendEntries Timeout, request=c5411d41-1b0a-4036-bc03-3ae3d66d2b07->33fcc201-48fd-47f6-879d-4d238b82d8e9#49-t3, previous=(t:3, i:19), leaderCommit=16, initializing? false, entries: <empty>
2019-09-10 12:34:52,679 [grpc-default-executor-2] INFO  client.GrpcClientProtocolClient (GrpcClientProtocolClient.java:onNext(264)) - client-F03A841534FE->33fcc201-48fd-47f6-879d-4d238b82d8e9: receive RaftClientReply:client-F03A841534FE->33fcc201-48fd-47f6-879d-4d238b82d8e9@group-9A53ED4A529B, cid=21, FAILED org.apache.ratis.protocol.NotLeaderException: Server 33fcc201-48fd-47f6-879d-4d238b82d8e9@group-9A53ED4A529B is not the leader c5411d41-1b0a-4036-bc03-3ae3d66d2b07:192.168.34.50:35961, logIndex=0, commits[33fcc201-48fd-47f6-879d-4d238b82d8e9:c16, c5411d41-1b0a-4036-bc03-3ae3d66d2b07:c16, bda12bde-a9da-41da-b7e7-5c1ce23ab93c:c16]
2019-09-10 12:34:54,845 [java.util.concurrent.ThreadPoolExecutor$Worker@7ec24b8f[State = -1, empty queue]] WARN  server.GrpcLogAppender (GrpcLogAppender.java:timeoutAppendRequest(200)) - c5411d41-1b0a-4036-bc03-3ae3d66d2b07@group-9A53ED4A529B->33fcc201-48fd-47f6-879d-4d238b82d8e9-GrpcLogAppender: appendEntries Timeout, request=c5411d41-1b0a-4036-bc03-3ae3d66d2b07->33fcc201-48fd-47f6-879d-4d238b82d8e9#50-t3, previous=(t:3, i:19), leaderCommit=16, initializing? false, entries: <empty>
2019-09-10 12:34:56,963 [c5411d41-1b0a-4036-bc03-3ae3d66d2b07@group-9A53ED4A529B-SegmentedRaftLogWorker] WARN  segmented.SegmentedRaftLogWorker (SegmentedRaftLogWorker.java:getFromFuture(90)) - Timeout 7/~
org.apache.ratis.protocol.TimeoutIOException: Timeout 10s: WriteLog:18: (t:3, i:18), STATEMACHINELOGENTRY, client-F03A841534FE, cid=22-writeStateMachineData
	at org.apache.ratis.util.IOUtils.getFromFuture(IOUtils.java:87)
	at org.apache.ratis.server.raftlog.segmented.SegmentedRaftLogWorker$StateMachineDataPolicy.getFromFuture(SegmentedRaftLogWorker.java:87)
	at org.apache.ratis.server.raftlog.segmented.SegmentedRaftLogWorker$WriteLog.execute(SegmentedRaftLogWorker.java:477)
	at org.apache.ratis.server.raftlog.segmented.SegmentedRaftLogWorker.run(SegmentedRaftLogWorker.java:289)
	at java.lang.Thread.run(Thread.java:748)
Caused by: java.util.concurrent.TimeoutException
	at java.util.concurrent.CompletableFuture.timedGet(CompletableFuture.java:1771)
	at java.util.concurrent.CompletableFuture.get(CompletableFuture.java:1915)
	at org.apache.ratis.util.IOUtils.getFromFuture(IOUtils.java:79)
	... 4 more
2019-09-10 12:34:56,967 [33fcc201-48fd-47f6-879d-4d238b82d8e9@group-9A53ED4A529B-SegmentedRaftLogWorker] WARN  segmented.SegmentedRaftLogWorker (SegmentedRaftLogWorker.java:getFromFuture(90)) - Timeout 7/~
org.apache.ratis.protocol.TimeoutIOException: Timeout 10s: WriteLog:18: (t:3, i:18), STATEMACHINELOGENTRY, client-F03A841534FE, cid=22-writeStateMachineData
	at org.apache.ratis.util.IOUtils.getFromFuture(IOUtils.java:87)
	at org.apache.ratis.server.raftlog.segmented.SegmentedRaftLogWorker$StateMachineDataPolicy.getFromFuture(SegmentedRaftLogWorker.java:87)
	at org.apache.ratis.server.raftlog.segmented.SegmentedRaftLogWorker$WriteLog.execute(SegmentedRaftLogWorker.java:477)
	at org.apache.ratis.server.raftlog.segmented.SegmentedRaftLogWorker.run(SegmentedRaftLogWorker.java:289)
	at java.lang.Thread.run(Thread.java:748)
Caused by: java.util.concurrent.TimeoutException
	at java.util.concurrent.CompletableFuture.timedGet(CompletableFuture.java:1771)
	at java.util.concurrent.CompletableFuture.get(CompletableFuture.java:1915)
	at org.apache.ratis.util.IOUtils.getFromFuture(IOUtils.java:79)
	... 4 more
2019-09-10 12:34:57,347 [java.util.concurrent.ThreadPoolExecutor$Worker@7ec24b8f[State = -1, empty queue]] WARN  server.GrpcLogAppender (GrpcLogAppender.java:timeoutAppendRequest(200)) - c5411d41-1b0a-4036-bc03-3ae3d66d2b07@group-9A53ED4A529B->33fcc201-48fd-47f6-879d-4d238b82d8e9-GrpcLogAppender: appendEntries Timeout, request=c5411d41-1b0a-4036-bc03-3ae3d66d2b07->33fcc201-48fd-47f6-879d-4d238b82d8e9#51-t3, previous=(t:3, i:19), leaderCommit=16, initializing? false, entries: <empty>
2019-09-10 12:34:57,739 [grpc-default-executor-2] INFO  client.GrpcClientProtocolClient (GrpcClientProtocolClient.java:onNext(264)) - client-F03A841534FE->33fcc201-48fd-47f6-879d-4d238b82d8e9: receive RaftClientReply:client-F03A841534FE->33fcc201-48fd-47f6-879d-4d238b82d8e9@group-9A53ED4A529B, cid=21, FAILED org.apache.ratis.protocol.NotLeaderException: Server 33fcc201-48fd-47f6-879d-4d238b82d8e9@group-9A53ED4A529B is not the leader c5411d41-1b0a-4036-bc03-3ae3d66d2b07:192.168.34.50:35961, logIndex=0, commits[33fcc201-48fd-47f6-879d-4d238b82d8e9:c16, c5411d41-1b0a-4036-bc03-3ae3d66d2b07:c16, bda12bde-a9da-41da-b7e7-5c1ce23ab93c:c16]
2019-09-10 12:34:59,848 [java.util.concurrent.ThreadPoolExecutor$Worker@7ec24b8f[State = -1, empty queue]] WARN  server.GrpcLogAppender (GrpcLogAppender.java:timeoutAppendRequest(200)) - c5411d41-1b0a-4036-bc03-3ae3d66d2b07@group-9A53ED4A529B->33fcc201-48fd-47f6-879d-4d238b82d8e9-GrpcLogAppender: appendEntries Timeout, request=c5411d41-1b0a-4036-bc03-3ae3d66d2b07->33fcc201-48fd-47f6-879d-4d238b82d8e9#52-t3, previous=(t:3, i:19), leaderCommit=16, initializing? false, entries: <empty>
2019-09-10 12:35:02,348 [java.util.concurrent.ThreadPoolExecutor$Worker@7ec24b8f[State = -1, empty queue]] WARN  server.GrpcLogAppender (GrpcLogAppender.java:timeoutAppendRequest(200)) - c5411d41-1b0a-4036-bc03-3ae3d66d2b07@group-9A53ED4A529B->33fcc201-48fd-47f6-879d-4d238b82d8e9-GrpcLogAppender: appendEntries Timeout, request=c5411d41-1b0a-4036-bc03-3ae3d66d2b07->33fcc201-48fd-47f6-879d-4d238b82d8e9#53-t3, previous=(t:3, i:19), leaderCommit=16, initializing? false, entries: <empty>
2019-09-10 12:35:02,796 [grpc-default-executor-3] INFO  client.GrpcClientProtocolClient (GrpcClientProtocolClient.java:onNext(264)) - client-F03A841534FE->33fcc201-48fd-47f6-879d-4d238b82d8e9: receive RaftClientReply:client-F03A841534FE->33fcc201-48fd-47f6-879d-4d238b82d8e9@group-9A53ED4A529B, cid=21, FAILED org.apache.ratis.protocol.NotLeaderException: Server 33fcc201-48fd-47f6-879d-4d238b82d8e9@group-9A53ED4A529B is not the leader c5411d41-1b0a-4036-bc03-3ae3d66d2b07:192.168.34.50:35961, logIndex=0, commits[33fcc201-48fd-47f6-879d-4d238b82d8e9:c16, c5411d41-1b0a-4036-bc03-3ae3d66d2b07:c16, bda12bde-a9da-41da-b7e7-5c1ce23ab93c:c16]
2019-09-10 12:35:04,849 [java.util.concurrent.ThreadPoolExecutor$Worker@7ec24b8f[State = -1, empty queue]] WARN  server.GrpcLogAppender (GrpcLogAppender.java:timeoutAppendRequest(200)) - c5411d41-1b0a-4036-bc03-3ae3d66d2b07@group-9A53ED4A529B->33fcc201-48fd-47f6-879d-4d238b82d8e9-GrpcLogAppender: appendEntries Timeout, request=c5411d41-1b0a-4036-bc03-3ae3d66d2b07->33fcc201-48fd-47f6-879d-4d238b82d8e9#54-t3, previous=(t:3, i:19), leaderCommit=16, initializing? false, entries: <empty>
2019-09-10 12:35:06,967 [c5411d41-1b0a-4036-bc03-3ae3d66d2b07@group-9A53ED4A529B-SegmentedRaftLogWorker] WARN  segmented.SegmentedRaftLogWorker (SegmentedRaftLogWorker.java:getFromFuture(90)) - Timeout 8/~
org.apache.ratis.protocol.TimeoutIOException: Timeout 10s: WriteLog:18: (t:3, i:18), STATEMACHINELOGENTRY, client-F03A841534FE, cid=22-writeStateMachineData
	at org.apache.ratis.util.IOUtils.getFromFuture(IOUtils.java:87)
	at org.apache.ratis.server.raftlog.segmented.SegmentedRaftLogWorker$StateMachineDataPolicy.getFromFuture(SegmentedRaftLogWorker.java:87)
	at org.apache.ratis.server.raftlog.segmented.SegmentedRaftLogWorker$WriteLog.execute(SegmentedRaftLogWorker.java:477)
	at org.apache.ratis.server.raftlog.segmented.SegmentedRaftLogWorker.run(SegmentedRaftLogWorker.java:289)
	at java.lang.Thread.run(Thread.java:748)
Caused by: java.util.concurrent.TimeoutException
	at java.util.concurrent.CompletableFuture.timedGet(CompletableFuture.java:1771)
	at java.util.concurrent.CompletableFuture.get(CompletableFuture.java:1915)
	at org.apache.ratis.util.IOUtils.getFromFuture(IOUtils.java:79)
	... 4 more
2019-09-10 12:35:06,970 [33fcc201-48fd-47f6-879d-4d238b82d8e9@group-9A53ED4A529B-SegmentedRaftLogWorker] WARN  segmented.SegmentedRaftLogWorker (SegmentedRaftLogWorker.java:getFromFuture(90)) - Timeout 8/~
org.apache.ratis.protocol.TimeoutIOException: Timeout 10s: WriteLog:18: (t:3, i:18), STATEMACHINELOGENTRY, client-F03A841534FE, cid=22-writeStateMachineData
	at org.apache.ratis.util.IOUtils.getFromFuture(IOUtils.java:87)
	at org.apache.ratis.server.raftlog.segmented.SegmentedRaftLogWorker$StateMachineDataPolicy.getFromFuture(SegmentedRaftLogWorker.java:87)
	at org.apache.ratis.server.raftlog.segmented.SegmentedRaftLogWorker$WriteLog.execute(SegmentedRaftLogWorker.java:477)
	at org.apache.ratis.server.raftlog.segmented.SegmentedRaftLogWorker.run(SegmentedRaftLogWorker.java:289)
	at java.lang.Thread.run(Thread.java:748)
Caused by: java.util.concurrent.TimeoutException
	at java.util.concurrent.CompletableFuture.timedGet(CompletableFuture.java:1771)
	at java.util.concurrent.CompletableFuture.get(CompletableFuture.java:1915)
	at org.apache.ratis.util.IOUtils.getFromFuture(IOUtils.java:79)
	... 4 more
2019-09-10 12:35:07,352 [java.util.concurrent.ThreadPoolExecutor$Worker@7ec24b8f[State = -1, empty queue]] WARN  server.GrpcLogAppender (GrpcLogAppender.java:timeoutAppendRequest(200)) - c5411d41-1b0a-4036-bc03-3ae3d66d2b07@group-9A53ED4A529B->33fcc201-48fd-47f6-879d-4d238b82d8e9-GrpcLogAppender: appendEntries Timeout, request=c5411d41-1b0a-4036-bc03-3ae3d66d2b07->33fcc201-48fd-47f6-879d-4d238b82d8e9#55-t3, previous=(t:3, i:19), leaderCommit=16, initializing? false, entries: <empty>
2019-09-10 12:35:07,850 [grpc-default-executor-3] INFO  client.GrpcClientProtocolClient (GrpcClientProtocolClient.java:onNext(264)) - client-F03A841534FE->33fcc201-48fd-47f6-879d-4d238b82d8e9: receive RaftClientReply:client-F03A841534FE->33fcc201-48fd-47f6-879d-4d238b82d8e9@group-9A53ED4A529B, cid=21, FAILED org.apache.ratis.protocol.NotLeaderException: Server 33fcc201-48fd-47f6-879d-4d238b82d8e9@group-9A53ED4A529B is not the leader c5411d41-1b0a-4036-bc03-3ae3d66d2b07:192.168.34.50:35961, logIndex=0, commits[33fcc201-48fd-47f6-879d-4d238b82d8e9:c16, c5411d41-1b0a-4036-bc03-3ae3d66d2b07:c16, bda12bde-a9da-41da-b7e7-5c1ce23ab93c:c16]
2019-09-10 12:35:09,852 [java.util.concurrent.ThreadPoolExecutor$Worker@7ec24b8f[State = -1, empty queue]] WARN  server.GrpcLogAppender (GrpcLogAppender.java:timeoutAppendRequest(200)) - c5411d41-1b0a-4036-bc03-3ae3d66d2b07@group-9A53ED4A529B->33fcc201-48fd-47f6-879d-4d238b82d8e9-GrpcLogAppender: appendEntries Timeout, request=c5411d41-1b0a-4036-bc03-3ae3d66d2b07->33fcc201-48fd-47f6-879d-4d238b82d8e9#56-t3, previous=(t:3, i:19), leaderCommit=16, initializing? false, entries: <empty>
2019-09-10 12:35:12,353 [java.util.concurrent.ThreadPoolExecutor$Worker@7ec24b8f[State = -1, empty queue]] WARN  server.GrpcLogAppender (GrpcLogAppender.java:timeoutAppendRequest(200)) - c5411d41-1b0a-4036-bc03-3ae3d66d2b07@group-9A53ED4A529B->33fcc201-48fd-47f6-879d-4d238b82d8e9-GrpcLogAppender: appendEntries Timeout, request=c5411d41-1b0a-4036-bc03-3ae3d66d2b07->33fcc201-48fd-47f6-879d-4d238b82d8e9#57-t3, previous=(t:3, i:19), leaderCommit=16, initializing? false, entries: <empty>
2019-09-10 12:35:12,903 [grpc-default-executor-2] INFO  client.GrpcClientProtocolClient (GrpcClientProtocolClient.java:onNext(264)) - client-F03A841534FE->33fcc201-48fd-47f6-879d-4d238b82d8e9: receive RaftClientReply:client-F03A841534FE->33fcc201-48fd-47f6-879d-4d238b82d8e9@group-9A53ED4A529B, cid=21, FAILED org.apache.ratis.protocol.NotLeaderException: Server 33fcc201-48fd-47f6-879d-4d238b82d8e9@group-9A53ED4A529B is not the leader c5411d41-1b0a-4036-bc03-3ae3d66d2b07:192.168.34.50:35961, logIndex=0, commits[33fcc201-48fd-47f6-879d-4d238b82d8e9:c16, c5411d41-1b0a-4036-bc03-3ae3d66d2b07:c16, bda12bde-a9da-41da-b7e7-5c1ce23ab93c:c16]
2019-09-10 12:35:14,854 [java.util.concurrent.ThreadPoolExecutor$Worker@7ec24b8f[State = -1, empty queue]] WARN  server.GrpcLogAppender (GrpcLogAppender.java:timeoutAppendRequest(200)) - c5411d41-1b0a-4036-bc03-3ae3d66d2b07@group-9A53ED4A529B->33fcc201-48fd-47f6-879d-4d238b82d8e9-GrpcLogAppender: appendEntries Timeout, request=c5411d41-1b0a-4036-bc03-3ae3d66d2b07->33fcc201-48fd-47f6-879d-4d238b82d8e9#58-t3, previous=(t:3, i:19), leaderCommit=16, initializing? false, entries: <empty>
2019-09-10 12:35:16,970 [c5411d41-1b0a-4036-bc03-3ae3d66d2b07@group-9A53ED4A529B-SegmentedRaftLogWorker] WARN  segmented.SegmentedRaftLogWorker (SegmentedRaftLogWorker.java:getFromFuture(90)) - Timeout 9/~
org.apache.ratis.protocol.TimeoutIOException: Timeout 10s: WriteLog:18: (t:3, i:18), STATEMACHINELOGENTRY, client-F03A841534FE, cid=22-writeStateMachineData
	at org.apache.ratis.util.IOUtils.getFromFuture(IOUtils.java:87)
	at org.apache.ratis.server.raftlog.segmented.SegmentedRaftLogWorker$StateMachineDataPolicy.getFromFuture(SegmentedRaftLogWorker.java:87)
	at org.apache.ratis.server.raftlog.segmented.SegmentedRaftLogWorker$WriteLog.execute(SegmentedRaftLogWorker.java:477)
	at org.apache.ratis.server.raftlog.segmented.SegmentedRaftLogWorker.run(SegmentedRaftLogWorker.java:289)
	at java.lang.Thread.run(Thread.java:748)
Caused by: java.util.concurrent.TimeoutException
	at java.util.concurrent.CompletableFuture.timedGet(CompletableFuture.java:1771)
	at java.util.concurrent.CompletableFuture.get(CompletableFuture.java:1915)
	at org.apache.ratis.util.IOUtils.getFromFuture(IOUtils.java:79)
	... 4 more
2019-09-10 12:35:16,972 [33fcc201-48fd-47f6-879d-4d238b82d8e9@group-9A53ED4A529B-SegmentedRaftLogWorker] WARN  segmented.SegmentedRaftLogWorker (SegmentedRaftLogWorker.java:getFromFuture(90)) - Timeout 9/~
org.apache.ratis.protocol.TimeoutIOException: Timeout 10s: WriteLog:18: (t:3, i:18), STATEMACHINELOGENTRY, client-F03A841534FE, cid=22-writeStateMachineData
	at org.apache.ratis.util.IOUtils.getFromFuture(IOUtils.java:87)
	at org.apache.ratis.server.raftlog.segmented.SegmentedRaftLogWorker$StateMachineDataPolicy.getFromFuture(SegmentedRaftLogWorker.java:87)
	at org.apache.ratis.server.raftlog.segmented.SegmentedRaftLogWorker$WriteLog.execute(SegmentedRaftLogWorker.java:477)
	at org.apache.ratis.server.raftlog.segmented.SegmentedRaftLogWorker.run(SegmentedRaftLogWorker.java:289)
	at java.lang.Thread.run(Thread.java:748)
Caused by: java.util.concurrent.TimeoutException
	at java.util.concurrent.CompletableFuture.timedGet(CompletableFuture.java:1771)
	at java.util.concurrent.CompletableFuture.get(CompletableFuture.java:1915)
	at org.apache.ratis.util.IOUtils.getFromFuture(IOUtils.java:79)
	... 4 more
2019-09-10 12:35:17,354 [java.util.concurrent.ThreadPoolExecutor$Worker@7ec24b8f[State = -1, empty queue]] WARN  server.GrpcLogAppender (GrpcLogAppender.java:timeoutAppendRequest(200)) - c5411d41-1b0a-4036-bc03-3ae3d66d2b07@group-9A53ED4A529B->33fcc201-48fd-47f6-879d-4d238b82d8e9-GrpcLogAppender: appendEntries Timeout, request=c5411d41-1b0a-4036-bc03-3ae3d66d2b07->33fcc201-48fd-47f6-879d-4d238b82d8e9#59-t3, previous=(t:3, i:19), leaderCommit=16, initializing? false, entries: <empty>
2019-09-10 12:35:17,948 [grpc-default-executor-3] INFO  client.GrpcClientProtocolClient (GrpcClientProtocolClient.java:onNext(264)) - client-F03A841534FE->bda12bde-a9da-41da-b7e7-5c1ce23ab93c: receive RaftClientReply:client-F03A841534FE->bda12bde-a9da-41da-b7e7-5c1ce23ab93c@group-9A53ED4A529B, cid=21, FAILED org.apache.ratis.protocol.NotLeaderException: Server bda12bde-a9da-41da-b7e7-5c1ce23ab93c@group-9A53ED4A529B is not the leader c5411d41-1b0a-4036-bc03-3ae3d66d2b07:192.168.34.50:35961, logIndex=0, commits[bda12bde-a9da-41da-b7e7-5c1ce23ab93c:c16, c5411d41-1b0a-4036-bc03-3ae3d66d2b07:c16, 33fcc201-48fd-47f6-879d-4d238b82d8e9:c12]
2019-09-10 12:35:19,855 [java.util.concurrent.ThreadPoolExecutor$Worker@7ec24b8f[State = -1, empty queue]] WARN  server.GrpcLogAppender (GrpcLogAppender.java:timeoutAppendRequest(200)) - c5411d41-1b0a-4036-bc03-3ae3d66d2b07@group-9A53ED4A529B->33fcc201-48fd-47f6-879d-4d238b82d8e9-GrpcLogAppender: appendEntries Timeout, request=c5411d41-1b0a-4036-bc03-3ae3d66d2b07->33fcc201-48fd-47f6-879d-4d238b82d8e9#60-t3, previous=(t:3, i:19), leaderCommit=16, initializing? false, entries: <empty>
2019-09-10 12:35:22,355 [java.util.concurrent.ThreadPoolExecutor$Worker@7ec24b8f[State = -1, empty queue]] WARN  server.GrpcLogAppender (GrpcLogAppender.java:timeoutAppendRequest(200)) - c5411d41-1b0a-4036-bc03-3ae3d66d2b07@group-9A53ED4A529B->33fcc201-48fd-47f6-879d-4d238b82d8e9-GrpcLogAppender: appendEntries Timeout, request=c5411d41-1b0a-4036-bc03-3ae3d66d2b07->33fcc201-48fd-47f6-879d-4d238b82d8e9#61-t3, previous=(t:3, i:19), leaderCommit=16, initializing? false, entries: <empty>
2019-09-10 12:35:23,004 [grpc-default-executor-3] INFO  client.GrpcClientProtocolClient (GrpcClientProtocolClient.java:onNext(264)) - client-F03A841534FE->bda12bde-a9da-41da-b7e7-5c1ce23ab93c: receive RaftClientReply:client-F03A841534FE->bda12bde-a9da-41da-b7e7-5c1ce23ab93c@group-9A53ED4A529B, cid=21, FAILED org.apache.ratis.protocol.NotLeaderException: Server bda12bde-a9da-41da-b7e7-5c1ce23ab93c@group-9A53ED4A529B is not the leader c5411d41-1b0a-4036-bc03-3ae3d66d2b07:192.168.34.50:35961, logIndex=0, commits[bda12bde-a9da-41da-b7e7-5c1ce23ab93c:c16, c5411d41-1b0a-4036-bc03-3ae3d66d2b07:c16, 33fcc201-48fd-47f6-879d-4d238b82d8e9:c12]
2019-09-10 12:35:24,856 [java.util.concurrent.ThreadPoolExecutor$Worker@7ec24b8f[State = -1, empty queue]] WARN  server.GrpcLogAppender (GrpcLogAppender.java:timeoutAppendRequest(200)) - c5411d41-1b0a-4036-bc03-3ae3d66d2b07@group-9A53ED4A529B->33fcc201-48fd-47f6-879d-4d238b82d8e9-GrpcLogAppender: appendEntries Timeout, request=c5411d41-1b0a-4036-bc03-3ae3d66d2b07->33fcc201-48fd-47f6-879d-4d238b82d8e9#62-t3, previous=(t:3, i:19), leaderCommit=16, initializing? false, entries: <empty>
2019-09-10 12:35:26,973 [c5411d41-1b0a-4036-bc03-3ae3d66d2b07@group-9A53ED4A529B-SegmentedRaftLogWorker] WARN  segmented.SegmentedRaftLogWorker (SegmentedRaftLogWorker.java:getFromFuture(90)) - Timeout 10/~
org.apache.ratis.protocol.TimeoutIOException: Timeout 10s: WriteLog:18: (t:3, i:18), STATEMACHINELOGENTRY, client-F03A841534FE, cid=22-writeStateMachineData
	at org.apache.ratis.util.IOUtils.getFromFuture(IOUtils.java:87)
	at org.apache.ratis.server.raftlog.segmented.SegmentedRaftLogWorker$StateMachineDataPolicy.getFromFuture(SegmentedRaftLogWorker.java:87)
	at org.apache.ratis.server.raftlog.segmented.SegmentedRaftLogWorker$WriteLog.execute(SegmentedRaftLogWorker.java:477)
	at org.apache.ratis.server.raftlog.segmented.SegmentedRaftLogWorker.run(SegmentedRaftLogWorker.java:289)
	at java.lang.Thread.run(Thread.java:748)
Caused by: java.util.concurrent.TimeoutException
	at java.util.concurrent.CompletableFuture.timedGet(CompletableFuture.java:1771)
	at java.util.concurrent.CompletableFuture.get(CompletableFuture.java:1915)
	at org.apache.ratis.util.IOUtils.getFromFuture(IOUtils.java:79)
	... 4 more
2019-09-10 12:35:26,982 [33fcc201-48fd-47f6-879d-4d238b82d8e9@group-9A53ED4A529B-SegmentedRaftLogWorker] WARN  segmented.SegmentedRaftLogWorker (SegmentedRaftLogWorker.java:getFromFuture(90)) - Timeout 10/~
org.apache.ratis.protocol.TimeoutIOException: Timeout 10s: WriteLog:18: (t:3, i:18), STATEMACHINELOGENTRY, client-F03A841534FE, cid=22-writeStateMachineData
	at org.apache.ratis.util.IOUtils.getFromFuture(IOUtils.java:87)
	at org.apache.ratis.server.raftlog.segmented.SegmentedRaftLogWorker$StateMachineDataPolicy.getFromFuture(SegmentedRaftLogWorker.java:87)
	at org.apache.ratis.server.raftlog.segmented.SegmentedRaftLogWorker$WriteLog.execute(SegmentedRaftLogWorker.java:477)
	at org.apache.ratis.server.raftlog.segmented.SegmentedRaftLogWorker.run(SegmentedRaftLogWorker.java:289)
	at java.lang.Thread.run(Thread.java:748)
Caused by: java.util.concurrent.TimeoutException
	at java.util.concurrent.CompletableFuture.timedGet(CompletableFuture.java:1771)
	at java.util.concurrent.CompletableFuture.get(CompletableFuture.java:1915)
	at org.apache.ratis.util.IOUtils.getFromFuture(IOUtils.java:79)
	... 4 more
2019-09-10 12:35:27,356 [java.util.concurrent.ThreadPoolExecutor$Worker@7ec24b8f[State = -1, empty queue]] WARN  server.GrpcLogAppender (GrpcLogAppender.java:timeoutAppendRequest(200)) - c5411d41-1b0a-4036-bc03-3ae3d66d2b07@group-9A53ED4A529B->33fcc201-48fd-47f6-879d-4d238b82d8e9-GrpcLogAppender: appendEntries Timeout, request=c5411d41-1b0a-4036-bc03-3ae3d66d2b07->33fcc201-48fd-47f6-879d-4d238b82d8e9#63-t3, previous=(t:3, i:19), leaderCommit=16, initializing? false, entries: <empty>
2019-09-10 12:35:28,050 [grpc-default-executor-3] INFO  client.GrpcClientProtocolClient (GrpcClientProtocolClient.java:onNext(264)) - client-F03A841534FE->bda12bde-a9da-41da-b7e7-5c1ce23ab93c: receive RaftClientReply:client-F03A841534FE->bda12bde-a9da-41da-b7e7-5c1ce23ab93c@group-9A53ED4A529B, cid=21, FAILED org.apache.ratis.protocol.NotLeaderException: Server bda12bde-a9da-41da-b7e7-5c1ce23ab93c@group-9A53ED4A529B is not the leader c5411d41-1b0a-4036-bc03-3ae3d66d2b07:192.168.34.50:35961, logIndex=0, commits[bda12bde-a9da-41da-b7e7-5c1ce23ab93c:c16, c5411d41-1b0a-4036-bc03-3ae3d66d2b07:c16, 33fcc201-48fd-47f6-879d-4d238b82d8e9:c12]
2019-09-10 12:35:29,857 [java.util.concurrent.ThreadPoolExecutor$Worker@7ec24b8f[State = -1, empty queue]] WARN  server.GrpcLogAppender (GrpcLogAppender.java:timeoutAppendRequest(200)) - c5411d41-1b0a-4036-bc03-3ae3d66d2b07@group-9A53ED4A529B->33fcc201-48fd-47f6-879d-4d238b82d8e9-GrpcLogAppender: appendEntries Timeout, request=c5411d41-1b0a-4036-bc03-3ae3d66d2b07->33fcc201-48fd-47f6-879d-4d238b82d8e9#64-t3, previous=(t:3, i:19), leaderCommit=16, initializing? false, entries: <empty>
2019-09-10 12:35:32,357 [java.util.concurrent.ThreadPoolExecutor$Worker@7ec24b8f[State = -1, empty queue]] WARN  server.GrpcLogAppender (GrpcLogAppender.java:timeoutAppendRequest(200)) - c5411d41-1b0a-4036-bc03-3ae3d66d2b07@group-9A53ED4A529B->33fcc201-48fd-47f6-879d-4d238b82d8e9-GrpcLogAppender: appendEntries Timeout, request=c5411d41-1b0a-4036-bc03-3ae3d66d2b07->33fcc201-48fd-47f6-879d-4d238b82d8e9#65-t3, previous=(t:3, i:19), leaderCommit=16, initializing? false, entries: <empty>
2019-09-10 12:35:33,100 [grpc-default-executor-3] INFO  client.GrpcClientProtocolClient (GrpcClientProtocolClient.java:onNext(264)) - client-F03A841534FE->33fcc201-48fd-47f6-879d-4d238b82d8e9: receive RaftClientReply:client-F03A841534FE->33fcc201-48fd-47f6-879d-4d238b82d8e9@group-9A53ED4A529B, cid=21, FAILED org.apache.ratis.protocol.NotLeaderException: Server 33fcc201-48fd-47f6-879d-4d238b82d8e9@group-9A53ED4A529B is not the leader c5411d41-1b0a-4036-bc03-3ae3d66d2b07:192.168.34.50:35961, logIndex=0, commits[33fcc201-48fd-47f6-879d-4d238b82d8e9:c16, c5411d41-1b0a-4036-bc03-3ae3d66d2b07:c16, bda12bde-a9da-41da-b7e7-5c1ce23ab93c:c16]
2019-09-10 12:35:34,859 [java.util.concurrent.ThreadPoolExecutor$Worker@7ec24b8f[State = -1, empty queue]] WARN  server.GrpcLogAppender (GrpcLogAppender.java:timeoutAppendRequest(200)) - c5411d41-1b0a-4036-bc03-3ae3d66d2b07@group-9A53ED4A529B->33fcc201-48fd-47f6-879d-4d238b82d8e9-GrpcLogAppender: appendEntries Timeout, request=c5411d41-1b0a-4036-bc03-3ae3d66d2b07->33fcc201-48fd-47f6-879d-4d238b82d8e9#66-t3, previous=(t:3, i:19), leaderCommit=16, initializing? false, entries: <empty>
2019-09-10 12:35:37,054 [33fcc201-48fd-47f6-879d-4d238b82d8e9@group-9A53ED4A529B-SegmentedRaftLogWorker] WARN  segmented.SegmentedRaftLogWorker (SegmentedRaftLogWorker.java:getFromFuture(90)) - Timeout 11/~
org.apache.ratis.protocol.TimeoutIOException: Timeout 10s: WriteLog:18: (t:3, i:18), STATEMACHINELOGENTRY, client-F03A841534FE, cid=22-writeStateMachineData
	at org.apache.ratis.util.IOUtils.getFromFuture(IOUtils.java:87)
	at org.apache.ratis.server.raftlog.segmented.SegmentedRaftLogWorker$StateMachineDataPolicy.getFromFuture(SegmentedRaftLogWorker.java:87)
	at org.apache.ratis.server.raftlog.segmented.SegmentedRaftLogWorker$WriteLog.execute(SegmentedRaftLogWorker.java:477)
	at org.apache.ratis.server.raftlog.segmented.SegmentedRaftLogWorker.run(SegmentedRaftLogWorker.java:289)
	at java.lang.Thread.run(Thread.java:748)
Caused by: java.util.concurrent.TimeoutException
	at java.util.concurrent.CompletableFuture.timedGet(CompletableFuture.java:1771)
	at java.util.concurrent.CompletableFuture.get(CompletableFuture.java:1915)
	at org.apache.ratis.util.IOUtils.getFromFuture(IOUtils.java:79)
	... 4 more
2019-09-10 12:35:37,054 [c5411d41-1b0a-4036-bc03-3ae3d66d2b07@group-9A53ED4A529B-SegmentedRaftLogWorker] WARN  segmented.SegmentedRaftLogWorker (SegmentedRaftLogWorker.java:getFromFuture(90)) - Timeout 11/~
org.apache.ratis.protocol.TimeoutIOException: Timeout 10s: WriteLog:18: (t:3, i:18), STATEMACHINELOGENTRY, client-F03A841534FE, cid=22-writeStateMachineData
	at org.apache.ratis.util.IOUtils.getFromFuture(IOUtils.java:87)
	at org.apache.ratis.server.raftlog.segmented.SegmentedRaftLogWorker$StateMachineDataPolicy.getFromFuture(SegmentedRaftLogWorker.java:87)
	at org.apache.ratis.server.raftlog.segmented.SegmentedRaftLogWorker$WriteLog.execute(SegmentedRaftLogWorker.java:477)
	at org.apache.ratis.server.raftlog.segmented.SegmentedRaftLogWorker.run(SegmentedRaftLogWorker.java:289)
	at java.lang.Thread.run(Thread.java:748)
Caused by: java.util.concurrent.TimeoutException
	at java.util.concurrent.CompletableFuture.timedGet(CompletableFuture.java:1771)
	at java.util.concurrent.CompletableFuture.get(CompletableFuture.java:1915)
	at org.apache.ratis.util.IOUtils.getFromFuture(IOUtils.java:79)
	... 4 more
2019-09-10 12:35:37,074 [org.apache.ratis.server.impl.LogAppender$AppenderDaemon$$Lambda$513/179557972@4ca8ac1d] ERROR ratis.XceiverServerRatis (XceiverServerRatis.java:triggerPipelineClose(568)) - pipeline Action CLOSE  on pipeline PipelineID=f5e49e1f-983b-4678-b9f0-9a53ed4a529b.Reason : c5411d41-1b0a-4036-bc03-3ae3d66d2b07 has not seen follower/s 33fcc201-48fd-47f6-879d-4d238b82d8e9 for 120356ms
2019-09-10 12:35:37,359 [java.util.concurrent.ThreadPoolExecutor$Worker@7ec24b8f[State = -1, empty queue]] WARN  server.GrpcLogAppender (GrpcLogAppender.java:timeoutAppendRequest(200)) - c5411d41-1b0a-4036-bc03-3ae3d66d2b07@group-9A53ED4A529B->33fcc201-48fd-47f6-879d-4d238b82d8e9-GrpcLogAppender: appendEntries Timeout, request=c5411d41-1b0a-4036-bc03-3ae3d66d2b07->33fcc201-48fd-47f6-879d-4d238b82d8e9#67-t3, previous=(t:3, i:19), leaderCommit=16, initializing? false, entries: <empty>
2019-09-10 12:35:38,057 [EventQueue-PipelineActionsForPipelineActionHandler] ERROR pipeline.PipelineActionHandler (PipelineActionHandler.java:onMessage(60)) - Received pipeline action CLOSE for Pipeline[ Id: f5e49e1f-983b-4678-b9f0-9a53ed4a529b, Nodes: bda12bde-a9da-41da-b7e7-5c1ce23ab93c{ip: 192.168.34.50, host: pr-hdds-1879-pp2l2-2511026898, networkLocation: /default-rack, certSerialId: null}33fcc201-48fd-47f6-879d-4d238b82d8e9{ip: 192.168.34.50, host: pr-hdds-1879-pp2l2-2511026898, networkLocation: /default-rack, certSerialId: null}c5411d41-1b0a-4036-bc03-3ae3d66d2b07{ip: 192.168.34.50, host: pr-hdds-1879-pp2l2-2511026898, networkLocation: /default-rack, certSerialId: null}, Type:RATIS, Factor:THREE, State:OPEN] from datanode c5411d41-1b0a-4036-bc03-3ae3d66d2b07{ip: 192.168.34.50, host: pr-hdds-1879-pp2l2-2511026898, networkLocation: /default-rack, certSerialId: null}. Reason : c5411d41-1b0a-4036-bc03-3ae3d66d2b07 has not seen follower/s 33fcc201-48fd-47f6-879d-4d238b82d8e9 for 120356ms
2019-09-10 12:35:38,058 [EventQueue-PipelineActionsForPipelineActionHandler] INFO  pipeline.SCMPipelineManager (SCMPipelineManager.java:finalizeAndDestroyPipeline(311)) - destroying pipeline:Pipeline[ Id: f5e49e1f-983b-4678-b9f0-9a53ed4a529b, Nodes: bda12bde-a9da-41da-b7e7-5c1ce23ab93c{ip: 192.168.34.50, host: pr-hdds-1879-pp2l2-2511026898, networkLocation: /default-rack, certSerialId: null}33fcc201-48fd-47f6-879d-4d238b82d8e9{ip: 192.168.34.50, host: pr-hdds-1879-pp2l2-2511026898, networkLocation: /default-rack, certSerialId: null}c5411d41-1b0a-4036-bc03-3ae3d66d2b07{ip: 192.168.34.50, host: pr-hdds-1879-pp2l2-2511026898, networkLocation: /default-rack, certSerialId: null}, Type:RATIS, Factor:THREE, State:OPEN]
2019-09-10 12:35:38,059 [EventQueue-PipelineActionsForPipelineActionHandler] INFO  pipeline.PipelineStateManager (PipelineStateManager.java:finalizePipeline(123)) - Pipeline Pipeline[ Id: f5e49e1f-983b-4678-b9f0-9a53ed4a529b, Nodes: bda12bde-a9da-41da-b7e7-5c1ce23ab93c{ip: 192.168.34.50, host: pr-hdds-1879-pp2l2-2511026898, networkLocation: /default-rack, certSerialId: null}33fcc201-48fd-47f6-879d-4d238b82d8e9{ip: 192.168.34.50, host: pr-hdds-1879-pp2l2-2511026898, networkLocation: /default-rack, certSerialId: null}c5411d41-1b0a-4036-bc03-3ae3d66d2b07{ip: 192.168.34.50, host: pr-hdds-1879-pp2l2-2511026898, networkLocation: /default-rack, certSerialId: null}, Type:RATIS, Factor:THREE, State:CLOSED] moved to CLOSED state
2019-09-10 12:35:38,063 [EventQueue-CloseContainerForCloseContainerEventHandler] INFO  container.CloseContainerEventHandler (CloseContainerEventHandler.java:onMessage(61)) - Close container Event triggered for container : #1
2019-09-10 12:35:38,067 [EventQueue-CloseContainerForCloseContainerEventHandler] INFO  container.CloseContainerEventHandler (CloseContainerEventHandler.java:onMessage(61)) - Close container Event triggered for container : #2
2019-09-10 12:35:38,068 [EventQueue-CloseContainerForCloseContainerEventHandler] INFO  container.CloseContainerEventHandler (CloseContainerEventHandler.java:onMessage(61)) - Close container Event triggered for container : #3
2019-09-10 12:35:38,132 [grpc-default-executor-0] INFO  client.GrpcClientProtocolClient (GrpcClientProtocolClient.java:onNext(264)) - client-F03A841534FE->33fcc201-48fd-47f6-879d-4d238b82d8e9: receive RaftClientReply:client-F03A841534FE->33fcc201-48fd-47f6-879d-4d238b82d8e9@group-9A53ED4A529B, cid=21, FAILED org.apache.ratis.protocol.NotLeaderException: Server 33fcc201-48fd-47f6-879d-4d238b82d8e9@group-9A53ED4A529B is not the leader c5411d41-1b0a-4036-bc03-3ae3d66d2b07:192.168.34.50:35961, logIndex=0, commits[33fcc201-48fd-47f6-879d-4d238b82d8e9:c16, c5411d41-1b0a-4036-bc03-3ae3d66d2b07:c16, bda12bde-a9da-41da-b7e7-5c1ce23ab93c:c16]
2019-09-10 12:35:39,360 [org.apache.ratis.server.impl.LogAppender$AppenderDaemon$$Lambda$513/179557972@4ca8ac1d] ERROR ratis.XceiverServerRatis (XceiverServerRatis.java:triggerPipelineClose(568)) - pipeline Action CLOSE  on pipeline PipelineID=f5e49e1f-983b-4678-b9f0-9a53ed4a529b.Reason : c5411d41-1b0a-4036-bc03-3ae3d66d2b07 has not seen follower/s 33fcc201-48fd-47f6-879d-4d238b82d8e9 for 122830ms
2019-09-10 12:35:39,860 [java.util.concurrent.ThreadPoolExecutor$Worker@7ec24b8f[State = -1, empty queue]] WARN  server.GrpcLogAppender (GrpcLogAppender.java:timeoutAppendRequest(200)) - c5411d41-1b0a-4036-bc03-3ae3d66d2b07@group-9A53ED4A529B->33fcc201-48fd-47f6-879d-4d238b82d8e9-GrpcLogAppender: appendEntries Timeout, request=c5411d41-1b0a-4036-bc03-3ae3d66d2b07->33fcc201-48fd-47f6-879d-4d238b82d8e9#68-t3, previous=(t:3, i:19), leaderCommit=16, initializing? false, entries: <empty>
2019-09-10 12:35:40,054 [EventQueue-PipelineActionsForPipelineActionHandler] ERROR pipeline.PipelineActionHandler (PipelineActionHandler.java:onMessage(60)) - Received pipeline action CLOSE for Pipeline[ Id: f5e49e1f-983b-4678-b9f0-9a53ed4a529b, Nodes: bda12bde-a9da-41da-b7e7-5c1ce23ab93c{ip: 192.168.34.50, host: pr-hdds-1879-pp2l2-2511026898, networkLocation: /default-rack, certSerialId: null}33fcc201-48fd-47f6-879d-4d238b82d8e9{ip: 192.168.34.50, host: pr-hdds-1879-pp2l2-2511026898, networkLocation: /default-rack, certSerialId: null}c5411d41-1b0a-4036-bc03-3ae3d66d2b07{ip: 192.168.34.50, host: pr-hdds-1879-pp2l2-2511026898, networkLocation: /default-rack, certSerialId: null}, Type:RATIS, Factor:THREE, State:CLOSED] from datanode c5411d41-1b0a-4036-bc03-3ae3d66d2b07{ip: 192.168.34.50, host: pr-hdds-1879-pp2l2-2511026898, networkLocation: /default-rack, certSerialId: null}. Reason : c5411d41-1b0a-4036-bc03-3ae3d66d2b07 has not seen follower/s 33fcc201-48fd-47f6-879d-4d238b82d8e9 for 122830ms
2019-09-10 12:35:40,055 [EventQueue-PipelineActionsForPipelineActionHandler] INFO  pipeline.SCMPipelineManager (SCMPipelineManager.java:finalizeAndDestroyPipeline(311)) - destroying pipeline:Pipeline[ Id: f5e49e1f-983b-4678-b9f0-9a53ed4a529b, Nodes: bda12bde-a9da-41da-b7e7-5c1ce23ab93c{ip: 192.168.34.50, host: pr-hdds-1879-pp2l2-2511026898, networkLocation: /default-rack, certSerialId: null}33fcc201-48fd-47f6-879d-4d238b82d8e9{ip: 192.168.34.50, host: pr-hdds-1879-pp2l2-2511026898, networkLocation: /default-rack, certSerialId: null}c5411d41-1b0a-4036-bc03-3ae3d66d2b07{ip: 192.168.34.50, host: pr-hdds-1879-pp2l2-2511026898, networkLocation: /default-rack, certSerialId: null}, Type:RATIS, Factor:THREE, State:CLOSED]
2019-09-10 12:35:41,078 [org.apache.ratis.server.impl.LogAppender$AppenderDaemon$$Lambda$513/179557972@4ca8ac1d] ERROR ratis.XceiverServerRatis (XceiverServerRatis.java:triggerPipelineClose(568)) - pipeline Action CLOSE  on pipeline PipelineID=f5e49e1f-983b-4678-b9f0-9a53ed4a529b.Reason : c5411d41-1b0a-4036-bc03-3ae3d66d2b07 has not seen follower/s 33fcc201-48fd-47f6-879d-4d238b82d8e9 for 124548ms
2019-09-10 12:35:42,075 [EventQueue-PipelineActionsForPipelineActionHandler] ERROR pipeline.PipelineActionHandler (PipelineActionHandler.java:onMessage(60)) - Received pipeline action CLOSE for Pipeline[ Id: f5e49e1f-983b-4678-b9f0-9a53ed4a529b, Nodes: bda12bde-a9da-41da-b7e7-5c1ce23ab93c{ip: 192.168.34.50, host: pr-hdds-1879-pp2l2-2511026898, networkLocation: /default-rack, certSerialId: null}33fcc201-48fd-47f6-879d-4d238b82d8e9{ip: 192.168.34.50, host: pr-hdds-1879-pp2l2-2511026898, networkLocation: /default-rack, certSerialId: null}c5411d41-1b0a-4036-bc03-3ae3d66d2b07{ip: 192.168.34.50, host: pr-hdds-1879-pp2l2-2511026898, networkLocation: /default-rack, certSerialId: null}, Type:RATIS, Factor:THREE, State:CLOSED] from datanode c5411d41-1b0a-4036-bc03-3ae3d66d2b07{ip: 192.168.34.50, host: pr-hdds-1879-pp2l2-2511026898, networkLocation: /default-rack, certSerialId: null}. Reason : c5411d41-1b0a-4036-bc03-3ae3d66d2b07 has not seen follower/s 33fcc201-48fd-47f6-879d-4d238b82d8e9 for 124548ms
2019-09-10 12:35:42,079 [EventQueue-PipelineActionsForPipelineActionHandler] INFO  pipeline.SCMPipelineManager (SCMPipelineManager.java:finalizeAndDestroyPipeline(311)) - destroying pipeline:Pipeline[ Id: f5e49e1f-983b-4678-b9f0-9a53ed4a529b, Nodes: bda12bde-a9da-41da-b7e7-5c1ce23ab93c{ip: 192.168.34.50, host: pr-hdds-1879-pp2l2-2511026898, networkLocation: /default-rack, certSerialId: null}33fcc201-48fd-47f6-879d-4d238b82d8e9{ip: 192.168.34.50, host: pr-hdds-1879-pp2l2-2511026898, networkLocation: /default-rack, certSerialId: null}c5411d41-1b0a-4036-bc03-3ae3d66d2b07{ip: 192.168.34.50, host: pr-hdds-1879-pp2l2-2511026898, networkLocation: /default-rack, certSerialId: null}, Type:RATIS, Factor:THREE, State:CLOSED]
2019-09-10 12:35:42,360 [java.util.concurrent.ThreadPoolExecutor$Worker@7ec24b8f[State = -1, empty queue]] WARN  server.GrpcLogAppender (GrpcLogAppender.java:timeoutAppendRequest(200)) - c5411d41-1b0a-4036-bc03-3ae3d66d2b07@group-9A53ED4A529B->33fcc201-48fd-47f6-879d-4d238b82d8e9-GrpcLogAppender: appendEntries Timeout, request=c5411d41-1b0a-4036-bc03-3ae3d66d2b07->33fcc201-48fd-47f6-879d-4d238b82d8e9#69-t3, previous=(t:3, i:19), leaderCommit=16, initializing? false, entries: <empty>
2019-09-10 12:35:43,164 [grpc-default-executor-0] INFO  client.GrpcClientProtocolClient (GrpcClientProtocolClient.java:onNext(264)) - client-F03A841534FE->33fcc201-48fd-47f6-879d-4d238b82d8e9: receive RaftClientReply:client-F03A841534FE->33fcc201-48fd-47f6-879d-4d238b82d8e9@group-9A53ED4A529B, cid=21, FAILED org.apache.ratis.protocol.NotLeaderException: Server 33fcc201-48fd-47f6-879d-4d238b82d8e9@group-9A53ED4A529B is not the leader c5411d41-1b0a-4036-bc03-3ae3d66d2b07:192.168.34.50:35961, logIndex=0, commits[33fcc201-48fd-47f6-879d-4d238b82d8e9:c16, c5411d41-1b0a-4036-bc03-3ae3d66d2b07:c16, bda12bde-a9da-41da-b7e7-5c1ce23ab93c:c16]
2019-09-10 12:35:43,579 [org.apache.ratis.server.impl.LogAppender$AppenderDaemon$$Lambda$513/179557972@4ca8ac1d] ERROR ratis.XceiverServerRatis (XceiverServerRatis.java:triggerPipelineClose(568)) - pipeline Action CLOSE  on pipeline PipelineID=f5e49e1f-983b-4678-b9f0-9a53ed4a529b.Reason : c5411d41-1b0a-4036-bc03-3ae3d66d2b07 has not seen follower/s 33fcc201-48fd-47f6-879d-4d238b82d8e9 for 127049ms
2019-09-10 12:35:44,078 [EventQueue-PipelineActionsForPipelineActionHandler] ERROR pipeline.PipelineActionHandler (PipelineActionHandler.java:onMessage(60)) - Received pipeline action CLOSE for Pipeline[ Id: f5e49e1f-983b-4678-b9f0-9a53ed4a529b, Nodes: bda12bde-a9da-41da-b7e7-5c1ce23ab93c{ip: 192.168.34.50, host: pr-hdds-1879-pp2l2-2511026898, networkLocation: /default-rack, certSerialId: null}33fcc201-48fd-47f6-879d-4d238b82d8e9{ip: 192.168.34.50, host: pr-hdds-1879-pp2l2-2511026898, networkLocation: /default-rack, certSerialId: null}c5411d41-1b0a-4036-bc03-3ae3d66d2b07{ip: 192.168.34.50, host: pr-hdds-1879-pp2l2-2511026898, networkLocation: /default-rack, certSerialId: null}, Type:RATIS, Factor:THREE, State:CLOSED] from datanode c5411d41-1b0a-4036-bc03-3ae3d66d2b07{ip: 192.168.34.50, host: pr-hdds-1879-pp2l2-2511026898, networkLocation: /default-rack, certSerialId: null}. Reason : c5411d41-1b0a-4036-bc03-3ae3d66d2b07 has not seen follower/s 33fcc201-48fd-47f6-879d-4d238b82d8e9 for 127049ms
2019-09-10 12:35:44,089 [java.util.concurrent.ThreadPoolExecutor$Worker@7ec24b8f[State = -1, empty queue]] WARN  server.GrpcLogAppender (GrpcLogAppender.java:timeoutAppendRequest(200)) - c5411d41-1b0a-4036-bc03-3ae3d66d2b07@group-9A53ED4A529B->33fcc201-48fd-47f6-879d-4d238b82d8e9-GrpcLogAppender: appendEntries Timeout, request=c5411d41-1b0a-4036-bc03-3ae3d66d2b07->33fcc201-48fd-47f6-879d-4d238b82d8e9#70-t3, previous=(t:3, i:19), leaderCommit=16, initializing? false, entries: size=1, first=(t:3, i:20), STATEMACHINELOGENTRY, client-AE02602C0CBC, cid=2
2019-09-10 12:35:44,090 [EventQueue-PipelineActionsForPipelineActionHandler] INFO  pipeline.SCMPipelineManager (SCMPipelineManager.java:finalizeAndDestroyPipeline(311)) - destroying pipeline:Pipeline[ Id: f5e49e1f-983b-4678-b9f0-9a53ed4a529b, Nodes: bda12bde-a9da-41da-b7e7-5c1ce23ab93c{ip: 192.168.34.50, host: pr-hdds-1879-pp2l2-2511026898, networkLocation: /default-rack, certSerialId: null}33fcc201-48fd-47f6-879d-4d238b82d8e9{ip: 192.168.34.50, host: pr-hdds-1879-pp2l2-2511026898, networkLocation: /default-rack, certSerialId: null}c5411d41-1b0a-4036-bc03-3ae3d66d2b07{ip: 192.168.34.50, host: pr-hdds-1879-pp2l2-2511026898, networkLocation: /default-rack, certSerialId: null}, Type:RATIS, Factor:THREE, State:CLOSED]
2019-09-10 12:35:46,080 [org.apache.ratis.server.impl.LogAppender$AppenderDaemon$$Lambda$513/179557972@4ca8ac1d] ERROR ratis.XceiverServerRatis (XceiverServerRatis.java:triggerPipelineClose(568)) - pipeline Action CLOSE  on pipeline PipelineID=f5e49e1f-983b-4678-b9f0-9a53ed4a529b.Reason : c5411d41-1b0a-4036-bc03-3ae3d66d2b07 has not seen follower/s 33fcc201-48fd-47f6-879d-4d238b82d8e9 for 129549ms
2019-09-10 12:35:46,579 [java.util.concurrent.ThreadPoolExecutor$Worker@7ec24b8f[State = -1, empty queue]] WARN  server.GrpcLogAppender (GrpcLogAppender.java:timeoutAppendRequest(200)) - c5411d41-1b0a-4036-bc03-3ae3d66d2b07@group-9A53ED4A529B->33fcc201-48fd-47f6-879d-4d238b82d8e9-GrpcLogAppender: appendEntries Timeout, request=c5411d41-1b0a-4036-bc03-3ae3d66d2b07->33fcc201-48fd-47f6-879d-4d238b82d8e9#71-t3, previous=(t:3, i:20), leaderCommit=16, initializing? false, entries: <empty>
2019-09-10 12:35:47,058 [33fcc201-48fd-47f6-879d-4d238b82d8e9@group-9A53ED4A529B-SegmentedRaftLogWorker] WARN  segmented.SegmentedRaftLogWorker (SegmentedRaftLogWorker.java:getFromFuture(90)) - Timeout 12/~
org.apache.ratis.protocol.TimeoutIOException: Timeout 10s: WriteLog:18: (t:3, i:18), STATEMACHINELOGENTRY, client-F03A841534FE, cid=22-writeStateMachineData
	at org.apache.ratis.util.IOUtils.getFromFuture(IOUtils.java:87)
	at org.apache.ratis.server.raftlog.segmented.SegmentedRaftLogWorker$StateMachineDataPolicy.getFromFuture(SegmentedRaftLogWorker.java:87)
	at org.apache.ratis.server.raftlog.segmented.SegmentedRaftLogWorker$WriteLog.execute(SegmentedRaftLogWorker.java:477)
	at org.apache.ratis.server.raftlog.segmented.SegmentedRaftLogWorker.run(SegmentedRaftLogWorker.java:289)
	at java.lang.Thread.run(Thread.java:748)
Caused by: java.util.concurrent.TimeoutException
	at java.util.concurrent.CompletableFuture.timedGet(CompletableFuture.java:1771)
	at java.util.concurrent.CompletableFuture.get(CompletableFuture.java:1915)
	at org.apache.ratis.util.IOUtils.getFromFuture(IOUtils.java:79)
	... 4 more
2019-09-10 12:35:47,058 [c5411d41-1b0a-4036-bc03-3ae3d66d2b07@group-9A53ED4A529B-SegmentedRaftLogWorker] WARN  segmented.SegmentedRaftLogWorker (SegmentedRaftLogWorker.java:getFromFuture(90)) - Timeout 12/~
org.apache.ratis.protocol.TimeoutIOException: Timeout 10s: WriteLog:18: (t:3, i:18), STATEMACHINELOGENTRY, client-F03A841534FE, cid=22-writeStateMachineData
	at org.apache.ratis.util.IOUtils.getFromFuture(IOUtils.java:87)
	at org.apache.ratis.server.raftlog.segmented.SegmentedRaftLogWorker$StateMachineDataPolicy.getFromFuture(SegmentedRaftLogWorker.java:87)
	at org.apache.ratis.server.raftlog.segmented.SegmentedRaftLogWorker$WriteLog.execute(SegmentedRaftLogWorker.java:477)
	at org.apache.ratis.server.raftlog.segmented.SegmentedRaftLogWorker.run(SegmentedRaftLogWorker.java:289)
	at java.lang.Thread.run(Thread.java:748)
Caused by: java.util.concurrent.TimeoutException
	at java.util.concurrent.CompletableFuture.timedGet(CompletableFuture.java:1771)
	at java.util.concurrent.CompletableFuture.get(CompletableFuture.java:1915)
	at org.apache.ratis.util.IOUtils.getFromFuture(IOUtils.java:79)
	... 4 more
2019-09-10 12:35:47,079 [EventQueue-PipelineActionsForPipelineActionHandler] ERROR pipeline.PipelineActionHandler (PipelineActionHandler.java:onMessage(60)) - Received pipeline action CLOSE for Pipeline[ Id: f5e49e1f-983b-4678-b9f0-9a53ed4a529b, Nodes: bda12bde-a9da-41da-b7e7-5c1ce23ab93c{ip: 192.168.34.50, host: pr-hdds-1879-pp2l2-2511026898, networkLocation: /default-rack, certSerialId: null}33fcc201-48fd-47f6-879d-4d238b82d8e9{ip: 192.168.34.50, host: pr-hdds-1879-pp2l2-2511026898, networkLocation: /default-rack, certSerialId: null}c5411d41-1b0a-4036-bc03-3ae3d66d2b07{ip: 192.168.34.50, host: pr-hdds-1879-pp2l2-2511026898, networkLocation: /default-rack, certSerialId: null}, Type:RATIS, Factor:THREE, State:CLOSED] from datanode c5411d41-1b0a-4036-bc03-3ae3d66d2b07{ip: 192.168.34.50, host: pr-hdds-1879-pp2l2-2511026898, networkLocation: /default-rack, certSerialId: null}. Reason : c5411d41-1b0a-4036-bc03-3ae3d66d2b07 has not seen follower/s 33fcc201-48fd-47f6-879d-4d238b82d8e9 for 129549ms
2019-09-10 12:35:47,079 [EventQueue-PipelineActionsForPipelineActionHandler] INFO  pipeline.SCMPipelineManager (SCMPipelineManager.java:finalizeAndDestroyPipeline(311)) - destroying pipeline:Pipeline[ Id: f5e49e1f-983b-4678-b9f0-9a53ed4a529b, Nodes: bda12bde-a9da-41da-b7e7-5c1ce23ab93c{ip: 192.168.34.50, host: pr-hdds-1879-pp2l2-2511026898, networkLocation: /default-rack, certSerialId: null}33fcc201-48fd-47f6-879d-4d238b82d8e9{ip: 192.168.34.50, host: pr-hdds-1879-pp2l2-2511026898, networkLocation: /default-rack, certSerialId: null}c5411d41-1b0a-4036-bc03-3ae3d66d2b07{ip: 192.168.34.50, host: pr-hdds-1879-pp2l2-2511026898, networkLocation: /default-rack, certSerialId: null}, Type:RATIS, Factor:THREE, State:CLOSED]
2019-09-10 12:35:48,204 [grpc-default-executor-0] INFO  client.GrpcClientProtocolClient (GrpcClientProtocolClient.java:onNext(264)) - client-F03A841534FE->bda12bde-a9da-41da-b7e7-5c1ce23ab93c: receive RaftClientReply:client-F03A841534FE->bda12bde-a9da-41da-b7e7-5c1ce23ab93c@group-9A53ED4A529B, cid=21, FAILED org.apache.ratis.protocol.NotLeaderException: Server bda12bde-a9da-41da-b7e7-5c1ce23ab93c@group-9A53ED4A529B is not the leader c5411d41-1b0a-4036-bc03-3ae3d66d2b07:192.168.34.50:35961, logIndex=0, commits[bda12bde-a9da-41da-b7e7-5c1ce23ab93c:c16, c5411d41-1b0a-4036-bc03-3ae3d66d2b07:c16, 33fcc201-48fd-47f6-879d-4d238b82d8e9:c12]
2019-09-10 12:35:48,581 [org.apache.ratis.server.impl.LogAppender$AppenderDaemon$$Lambda$513/179557972@4ca8ac1d] ERROR ratis.XceiverServerRatis (XceiverServerRatis.java:triggerPipelineClose(568)) - pipeline Action CLOSE  on pipeline PipelineID=f5e49e1f-983b-4678-b9f0-9a53ed4a529b.Reason : c5411d41-1b0a-4036-bc03-3ae3d66d2b07 has not seen follower/s 33fcc201-48fd-47f6-879d-4d238b82d8e9 for 132051ms
2019-09-10 12:35:49,079 [EventQueue-PipelineActionsForPipelineActionHandler] ERROR pipeline.PipelineActionHandler (PipelineActionHandler.java:onMessage(60)) - Received pipeline action CLOSE for Pipeline[ Id: f5e49e1f-983b-4678-b9f0-9a53ed4a529b, Nodes: bda12bde-a9da-41da-b7e7-5c1ce23ab93c{ip: 192.168.34.50, host: pr-hdds-1879-pp2l2-2511026898, networkLocation: /default-rack, certSerialId: null}33fcc201-48fd-47f6-879d-4d238b82d8e9{ip: 192.168.34.50, host: pr-hdds-1879-pp2l2-2511026898, networkLocation: /default-rack, certSerialId: null}c5411d41-1b0a-4036-bc03-3ae3d66d2b07{ip: 192.168.34.50, host: pr-hdds-1879-pp2l2-2511026898, networkLocation: /default-rack, certSerialId: null}, Type:RATIS, Factor:THREE, State:CLOSED] from datanode c5411d41-1b0a-4036-bc03-3ae3d66d2b07{ip: 192.168.34.50, host: pr-hdds-1879-pp2l2-2511026898, networkLocation: /default-rack, certSerialId: null}. Reason : c5411d41-1b0a-4036-bc03-3ae3d66d2b07 has not seen follower/s 33fcc201-48fd-47f6-879d-4d238b82d8e9 for 132051ms
2019-09-10 12:35:49,082 [java.util.concurrent.ThreadPoolExecutor$Worker@7ec24b8f[State = -1, empty queue]] WARN  server.GrpcLogAppender (GrpcLogAppender.java:timeoutAppendRequest(200)) - c5411d41-1b0a-4036-bc03-3ae3d66d2b07@group-9A53ED4A529B->33fcc201-48fd-47f6-879d-4d238b82d8e9-GrpcLogAppender: appendEntries Timeout, request=c5411d41-1b0a-4036-bc03-3ae3d66d2b07->33fcc201-48fd-47f6-879d-4d238b82d8e9#72-t3, previous=(t:3, i:20), leaderCommit=16, initializing? false, entries: <empty>
2019-09-10 12:35:49,082 [EventQueue-PipelineActionsForPipelineActionHandler] INFO  pipeline.SCMPipelineManager (SCMPipelineManager.java:finalizeAndDestroyPipeline(311)) - destroying pipeline:Pipeline[ Id: f5e49e1f-983b-4678-b9f0-9a53ed4a529b, Nodes: bda12bde-a9da-41da-b7e7-5c1ce23ab93c{ip: 192.168.34.50, host: pr-hdds-1879-pp2l2-2511026898, networkLocation: /default-rack, certSerialId: null}33fcc201-48fd-47f6-879d-4d238b82d8e9{ip: 192.168.34.50, host: pr-hdds-1879-pp2l2-2511026898, networkLocation: /default-rack, certSerialId: null}c5411d41-1b0a-4036-bc03-3ae3d66d2b07{ip: 192.168.34.50, host: pr-hdds-1879-pp2l2-2511026898, networkLocation: /default-rack, certSerialId: null}, Type:RATIS, Factor:THREE, State:CLOSED]
2019-09-10 12:35:51,082 [org.apache.ratis.server.impl.LogAppender$AppenderDaemon$$Lambda$513/179557972@4ca8ac1d] ERROR ratis.XceiverServerRatis (XceiverServerRatis.java:triggerPipelineClose(568)) - pipeline Action CLOSE  on pipeline PipelineID=f5e49e1f-983b-4678-b9f0-9a53ed4a529b.Reason : c5411d41-1b0a-4036-bc03-3ae3d66d2b07 has not seen follower/s 33fcc201-48fd-47f6-879d-4d238b82d8e9 for 134551ms
2019-09-10 12:35:51,581 [java.util.concurrent.ThreadPoolExecutor$Worker@7ec24b8f[State = -1, empty queue]] WARN  server.GrpcLogAppender (GrpcLogAppender.java:timeoutAppendRequest(200)) - c5411d41-1b0a-4036-bc03-3ae3d66d2b07@group-9A53ED4A529B->33fcc201-48fd-47f6-879d-4d238b82d8e9-GrpcLogAppender: appendEntries Timeout, request=c5411d41-1b0a-4036-bc03-3ae3d66d2b07->33fcc201-48fd-47f6-879d-4d238b82d8e9#73-t3, previous=(t:3, i:20), leaderCommit=16, initializing? false, entries: <empty>
2019-09-10 12:35:52,081 [EventQueue-PipelineActionsForPipelineActionHandler] ERROR pipeline.PipelineActionHandler (PipelineActionHandler.java:onMessage(60)) - Received pipeline action CLOSE for Pipeline[ Id: f5e49e1f-983b-4678-b9f0-9a53ed4a529b, Nodes: bda12bde-a9da-41da-b7e7-5c1ce23ab93c{ip: 192.168.34.50, host: pr-hdds-1879-pp2l2-2511026898, networkLocation: /default-rack, certSerialId: null}33fcc201-48fd-47f6-879d-4d238b82d8e9{ip: 192.168.34.50, host: pr-hdds-1879-pp2l2-2511026898, networkLocation: /default-rack, certSerialId: null}c5411d41-1b0a-4036-bc03-3ae3d66d2b07{ip: 192.168.34.50, host: pr-hdds-1879-pp2l2-2511026898, networkLocation: /default-rack, certSerialId: null}, Type:RATIS, Factor:THREE, State:CLOSED] from datanode c5411d41-1b0a-4036-bc03-3ae3d66d2b07{ip: 192.168.34.50, host: pr-hdds-1879-pp2l2-2511026898, networkLocation: /default-rack, certSerialId: null}. Reason : c5411d41-1b0a-4036-bc03-3ae3d66d2b07 has not seen follower/s 33fcc201-48fd-47f6-879d-4d238b82d8e9 for 134551ms
2019-09-10 12:35:52,081 [EventQueue-PipelineActionsForPipelineActionHandler] INFO  pipeline.SCMPipelineManager (SCMPipelineManager.java:finalizeAndDestroyPipeline(311)) - destroying pipeline:Pipeline[ Id: f5e49e1f-983b-4678-b9f0-9a53ed4a529b, Nodes: bda12bde-a9da-41da-b7e7-5c1ce23ab93c{ip: 192.168.34.50, host: pr-hdds-1879-pp2l2-2511026898, networkLocation: /default-rack, certSerialId: null}33fcc201-48fd-47f6-879d-4d238b82d8e9{ip: 192.168.34.50, host: pr-hdds-1879-pp2l2-2511026898, networkLocation: /default-rack, certSerialId: null}c5411d41-1b0a-4036-bc03-3ae3d66d2b07{ip: 192.168.34.50, host: pr-hdds-1879-pp2l2-2511026898, networkLocation: /default-rack, certSerialId: null}, Type:RATIS, Factor:THREE, State:CLOSED]
2019-09-10 12:35:53,248 [grpc-default-executor-2] INFO  client.GrpcClientProtocolClient (GrpcClientProtocolClient.java:onNext(264)) - client-F03A841534FE->33fcc201-48fd-47f6-879d-4d238b82d8e9: receive RaftClientReply:client-F03A841534FE->33fcc201-48fd-47f6-879d-4d238b82d8e9@group-9A53ED4A529B, cid=21, FAILED org.apache.ratis.protocol.NotLeaderException: Server 33fcc201-48fd-47f6-879d-4d238b82d8e9@group-9A53ED4A529B is not the leader c5411d41-1b0a-4036-bc03-3ae3d66d2b07:192.168.34.50:35961, logIndex=0, commits[33fcc201-48fd-47f6-879d-4d238b82d8e9:c16, c5411d41-1b0a-4036-bc03-3ae3d66d2b07:c16, bda12bde-a9da-41da-b7e7-5c1ce23ab93c:c16]
2019-09-10 12:35:53,583 [org.apache.ratis.server.impl.LogAppender$AppenderDaemon$$Lambda$513/179557972@4ca8ac1d] ERROR ratis.XceiverServerRatis (XceiverServerRatis.java:triggerPipelineClose(568)) - pipeline Action CLOSE  on pipeline PipelineID=f5e49e1f-983b-4678-b9f0-9a53ed4a529b.Reason : c5411d41-1b0a-4036-bc03-3ae3d66d2b07 has not seen follower/s 33fcc201-48fd-47f6-879d-4d238b82d8e9 for 137052ms
2019-09-10 12:35:54,081 [EventQueue-PipelineActionsForPipelineActionHandler] ERROR pipeline.PipelineActionHandler (PipelineActionHandler.java:onMessage(60)) - Received pipeline action CLOSE for Pipeline[ Id: f5e49e1f-983b-4678-b9f0-9a53ed4a529b, Nodes: bda12bde-a9da-41da-b7e7-5c1ce23ab93c{ip: 192.168.34.50, host: pr-hdds-1879-pp2l2-2511026898, networkLocation: /default-rack, certSerialId: null}33fcc201-48fd-47f6-879d-4d238b82d8e9{ip: 192.168.34.50, host: pr-hdds-1879-pp2l2-2511026898, networkLocation: /default-rack, certSerialId: null}c5411d41-1b0a-4036-bc03-3ae3d66d2b07{ip: 192.168.34.50, host: pr-hdds-1879-pp2l2-2511026898, networkLocation: /default-rack, certSerialId: null}, Type:RATIS, Factor:THREE, State:CLOSED] from datanode c5411d41-1b0a-4036-bc03-3ae3d66d2b07{ip: 192.168.34.50, host: pr-hdds-1879-pp2l2-2511026898, networkLocation: /default-rack, certSerialId: null}. Reason : c5411d41-1b0a-4036-bc03-3ae3d66d2b07 has not seen follower/s 33fcc201-48fd-47f6-879d-4d238b82d8e9 for 137052ms
2019-09-10 12:35:54,083 [java.util.concurrent.ThreadPoolExecutor$Worker@7ec24b8f[State = -1, empty queue]] WARN  server.GrpcLogAppender (GrpcLogAppender.java:timeoutAppendRequest(200)) - c5411d41-1b0a-4036-bc03-3ae3d66d2b07@group-9A53ED4A529B->33fcc201-48fd-47f6-879d-4d238b82d8e9-GrpcLogAppender: appendEntries Timeout, request=c5411d41-1b0a-4036-bc03-3ae3d66d2b07->33fcc201-48fd-47f6-879d-4d238b82d8e9#74-t3, previous=(t:3, i:20), leaderCommit=16, initializing? false, entries: <empty>
2019-09-10 12:35:54,083 [EventQueue-PipelineActionsForPipelineActionHandler] INFO  pipeline.SCMPipelineManager (SCMPipelineManager.java:finalizeAndDestroyPipeline(311)) - destroying pipeline:Pipeline[ Id: f5e49e1f-983b-4678-b9f0-9a53ed4a529b, Nodes: bda12bde-a9da-41da-b7e7-5c1ce23ab93c{ip: 192.168.34.50, host: pr-hdds-1879-pp2l2-2511026898, networkLocation: /default-rack, certSerialId: null}33fcc201-48fd-47f6-879d-4d238b82d8e9{ip: 192.168.34.50, host: pr-hdds-1879-pp2l2-2511026898, networkLocation: /default-rack, certSerialId: null}c5411d41-1b0a-4036-bc03-3ae3d66d2b07{ip: 192.168.34.50, host: pr-hdds-1879-pp2l2-2511026898, networkLocation: /default-rack, certSerialId: null}, Type:RATIS, Factor:THREE, State:CLOSED]
2019-09-10 12:35:56,083 [org.apache.ratis.server.impl.LogAppender$AppenderDaemon$$Lambda$513/179557972@4ca8ac1d] ERROR ratis.XceiverServerRatis (XceiverServerRatis.java:triggerPipelineClose(568)) - pipeline Action CLOSE  on pipeline PipelineID=f5e49e1f-983b-4678-b9f0-9a53ed4a529b.Reason : c5411d41-1b0a-4036-bc03-3ae3d66d2b07 has not seen follower/s 33fcc201-48fd-47f6-879d-4d238b82d8e9 for 139553ms
2019-09-10 12:35:56,583 [java.util.concurrent.ThreadPoolExecutor$Worker@7ec24b8f[State = -1, empty queue]] WARN  server.GrpcLogAppender (GrpcLogAppender.java:timeoutAppendRequest(200)) - c5411d41-1b0a-4036-bc03-3ae3d66d2b07@group-9A53ED4A529B->33fcc201-48fd-47f6-879d-4d238b82d8e9-GrpcLogAppender: appendEntries Timeout, request=c5411d41-1b0a-4036-bc03-3ae3d66d2b07->33fcc201-48fd-47f6-879d-4d238b82d8e9#75-t3, previous=(t:3, i:20), leaderCommit=16, initializing? false, entries: <empty>
2019-09-10 12:35:57,059 [33fcc201-48fd-47f6-879d-4d238b82d8e9@group-9A53ED4A529B-SegmentedRaftLogWorker] WARN  segmented.SegmentedRaftLogWorker (SegmentedRaftLogWorker.java:getFromFuture(90)) - Timeout 13/~
org.apache.ratis.protocol.TimeoutIOException: Timeout 10s: WriteLog:18: (t:3, i:18), STATEMACHINELOGENTRY, client-F03A841534FE, cid=22-writeStateMachineData
	at org.apache.ratis.util.IOUtils.getFromFuture(IOUtils.java:87)
	at org.apache.ratis.server.raftlog.segmented.SegmentedRaftLogWorker$StateMachineDataPolicy.getFromFuture(SegmentedRaftLogWorker.java:87)
	at org.apache.ratis.server.raftlog.segmented.SegmentedRaftLogWorker$WriteLog.execute(SegmentedRaftLogWorker.java:477)
	at org.apache.ratis.server.raftlog.segmented.SegmentedRaftLogWorker.run(SegmentedRaftLogWorker.java:289)
	at java.lang.Thread.run(Thread.java:748)
Caused by: java.util.concurrent.TimeoutException
	at java.util.concurrent.CompletableFuture.timedGet(CompletableFuture.java:1771)
	at java.util.concurrent.CompletableFuture.get(CompletableFuture.java:1915)
	at org.apache.ratis.util.IOUtils.getFromFuture(IOUtils.java:79)
	... 4 more
2019-09-10 12:35:57,059 [c5411d41-1b0a-4036-bc03-3ae3d66d2b07@group-9A53ED4A529B-SegmentedRaftLogWorker] WARN  segmented.SegmentedRaftLogWorker (SegmentedRaftLogWorker.java:getFromFuture(90)) - Timeout 13/~
org.apache.ratis.protocol.TimeoutIOException: Timeout 10s: WriteLog:18: (t:3, i:18), STATEMACHINELOGENTRY, client-F03A841534FE, cid=22-writeStateMachineData
	at org.apache.ratis.util.IOUtils.getFromFuture(IOUtils.java:87)
	at org.apache.ratis.server.raftlog.segmented.SegmentedRaftLogWorker$StateMachineDataPolicy.getFromFuture(SegmentedRaftLogWorker.java:87)
	at org.apache.ratis.server.raftlog.segmented.SegmentedRaftLogWorker$WriteLog.execute(SegmentedRaftLogWorker.java:477)
	at org.apache.ratis.server.raftlog.segmented.SegmentedRaftLogWorker.run(SegmentedRaftLogWorker.java:289)
	at java.lang.Thread.run(Thread.java:748)
Caused by: java.util.concurrent.TimeoutException
	at java.util.concurrent.CompletableFuture.timedGet(CompletableFuture.java:1771)
	at java.util.concurrent.CompletableFuture.get(CompletableFuture.java:1915)
	at org.apache.ratis.util.IOUtils.getFromFuture(IOUtils.java:79)
	... 4 more
2019-09-10 12:35:57,080 [EventQueue-PipelineActionsForPipelineActionHandler] ERROR pipeline.PipelineActionHandler (PipelineActionHandler.java:onMessage(60)) - Received pipeline action CLOSE for Pipeline[ Id: f5e49e1f-983b-4678-b9f0-9a53ed4a529b, Nodes: bda12bde-a9da-41da-b7e7-5c1ce23ab93c{ip: 192.168.34.50, host: pr-hdds-1879-pp2l2-2511026898, networkLocation: /default-rack, certSerialId: null}33fcc201-48fd-47f6-879d-4d238b82d8e9{ip: 192.168.34.50, host: pr-hdds-1879-pp2l2-2511026898, networkLocation: /default-rack, certSerialId: null}c5411d41-1b0a-4036-bc03-3ae3d66d2b07{ip: 192.168.34.50, host: pr-hdds-1879-pp2l2-2511026898, networkLocation: /default-rack, certSerialId: null}, Type:RATIS, Factor:THREE, State:CLOSED] from datanode c5411d41-1b0a-4036-bc03-3ae3d66d2b07{ip: 192.168.34.50, host: pr-hdds-1879-pp2l2-2511026898, networkLocation: /default-rack, certSerialId: null}. Reason : c5411d41-1b0a-4036-bc03-3ae3d66d2b07 has not seen follower/s 33fcc201-48fd-47f6-879d-4d238b82d8e9 for 139553ms
2019-09-10 12:35:57,081 [EventQueue-PipelineActionsForPipelineActionHandler] INFO  pipeline.SCMPipelineManager (SCMPipelineManager.java:finalizeAndDestroyPipeline(311)) - destroying pipeline:Pipeline[ Id: f5e49e1f-983b-4678-b9f0-9a53ed4a529b, Nodes: bda12bde-a9da-41da-b7e7-5c1ce23ab93c{ip: 192.168.34.50, host: pr-hdds-1879-pp2l2-2511026898, networkLocation: /default-rack, certSerialId: null}33fcc201-48fd-47f6-879d-4d238b82d8e9{ip: 192.168.34.50, host: pr-hdds-1879-pp2l2-2511026898, networkLocation: /default-rack, certSerialId: null}c5411d41-1b0a-4036-bc03-3ae3d66d2b07{ip: 192.168.34.50, host: pr-hdds-1879-pp2l2-2511026898, networkLocation: /default-rack, certSerialId: null}, Type:RATIS, Factor:THREE, State:CLOSED]
2019-09-10 12:35:58,297 [grpc-default-executor-2] INFO  client.GrpcClientProtocolClient (GrpcClientProtocolClient.java:onNext(264)) - client-F03A841534FE->bda12bde-a9da-41da-b7e7-5c1ce23ab93c: receive RaftClientReply:client-F03A841534FE->bda12bde-a9da-41da-b7e7-5c1ce23ab93c@group-9A53ED4A529B, cid=21, FAILED org.apache.ratis.protocol.NotLeaderException: Server bda12bde-a9da-41da-b7e7-5c1ce23ab93c@group-9A53ED4A529B is not the leader c5411d41-1b0a-4036-bc03-3ae3d66d2b07:192.168.34.50:35961, logIndex=0, commits[bda12bde-a9da-41da-b7e7-5c1ce23ab93c:c16, c5411d41-1b0a-4036-bc03-3ae3d66d2b07:c16, 33fcc201-48fd-47f6-879d-4d238b82d8e9:c12]
2019-09-10 12:35:58,584 [org.apache.ratis.server.impl.LogAppender$AppenderDaemon$$Lambda$513/179557972@4ca8ac1d] ERROR ratis.XceiverServerRatis (XceiverServerRatis.java:triggerPipelineClose(568)) - pipeline Action CLOSE  on pipeline PipelineID=f5e49e1f-983b-4678-b9f0-9a53ed4a529b.Reason : c5411d41-1b0a-4036-bc03-3ae3d66d2b07 has not seen follower/s 33fcc201-48fd-47f6-879d-4d238b82d8e9 for 142054ms
2019-09-10 12:35:59,081 [EventQueue-PipelineActionsForPipelineActionHandler] ERROR pipeline.PipelineActionHandler (PipelineActionHandler.java:onMessage(60)) - Received pipeline action CLOSE for Pipeline[ Id: f5e49e1f-983b-4678-b9f0-9a53ed4a529b, Nodes: bda12bde-a9da-41da-b7e7-5c1ce23ab93c{ip: 192.168.34.50, host: pr-hdds-1879-pp2l2-2511026898, networkLocation: /default-rack, certSerialId: null}33fcc201-48fd-47f6-879d-4d238b82d8e9{ip: 192.168.34.50, host: pr-hdds-1879-pp2l2-2511026898, networkLocation: /default-rack, certSerialId: null}c5411d41-1b0a-4036-bc03-3ae3d66d2b07{ip: 192.168.34.50, host: pr-hdds-1879-pp2l2-2511026898, networkLocation: /default-rack, certSerialId: null}, Type:RATIS, Factor:THREE, State:CLOSED] from datanode c5411d41-1b0a-4036-bc03-3ae3d66d2b07{ip: 192.168.34.50, host: pr-hdds-1879-pp2l2-2511026898, networkLocation: /default-rack, certSerialId: null}. Reason : c5411d41-1b0a-4036-bc03-3ae3d66d2b07 has not seen follower/s 33fcc201-48fd-47f6-879d-4d238b82d8e9 for 142054ms
2019-09-10 12:35:59,084 [java.util.concurrent.ThreadPoolExecutor$Worker@7ec24b8f[State = -1, empty queue]] WARN  server.GrpcLogAppender (GrpcLogAppender.java:timeoutAppendRequest(200)) - c5411d41-1b0a-4036-bc03-3ae3d66d2b07@group-9A53ED4A529B->33fcc201-48fd-47f6-879d-4d238b82d8e9-GrpcLogAppender: appendEntries Timeout, request=c5411d41-1b0a-4036-bc03-3ae3d66d2b07->33fcc201-48fd-47f6-879d-4d238b82d8e9#76-t3, previous=(t:3, i:20), leaderCommit=16, initializing? false, entries: <empty>
2019-09-10 12:35:59,084 [EventQueue-PipelineActionsForPipelineActionHandler] INFO  pipeline.SCMPipelineManager (SCMPipelineManager.java:finalizeAndDestroyPipeline(311)) - destroying pipeline:Pipeline[ Id: f5e49e1f-983b-4678-b9f0-9a53ed4a529b, Nodes: bda12bde-a9da-41da-b7e7-5c1ce23ab93c{ip: 192.168.34.50, host: pr-hdds-1879-pp2l2-2511026898, networkLocation: /default-rack, certSerialId: null}33fcc201-48fd-47f6-879d-4d238b82d8e9{ip: 192.168.34.50, host: pr-hdds-1879-pp2l2-2511026898, networkLocation: /default-rack, certSerialId: null}c5411d41-1b0a-4036-bc03-3ae3d66d2b07{ip: 192.168.34.50, host: pr-hdds-1879-pp2l2-2511026898, networkLocation: /default-rack, certSerialId: null}, Type:RATIS, Factor:THREE, State:CLOSED]
2019-09-10 12:36:01,085 [org.apache.ratis.server.impl.LogAppender$AppenderDaemon$$Lambda$513/179557972@4ca8ac1d] ERROR ratis.XceiverServerRatis (XceiverServerRatis.java:triggerPipelineClose(568)) - pipeline Action CLOSE  on pipeline PipelineID=f5e49e1f-983b-4678-b9f0-9a53ed4a529b.Reason : c5411d41-1b0a-4036-bc03-3ae3d66d2b07 has not seen follower/s 33fcc201-48fd-47f6-879d-4d238b82d8e9 for 144555ms
2019-09-10 12:36:01,584 [java.util.concurrent.ThreadPoolExecutor$Worker@7ec24b8f[State = -1, empty queue]] WARN  server.GrpcLogAppender (GrpcLogAppender.java:timeoutAppendRequest(200)) - c5411d41-1b0a-4036-bc03-3ae3d66d2b07@group-9A53ED4A529B->33fcc201-48fd-47f6-879d-4d238b82d8e9-GrpcLogAppender: appendEntries Timeout, request=c5411d41-1b0a-4036-bc03-3ae3d66d2b07->33fcc201-48fd-47f6-879d-4d238b82d8e9#77-t3, previous=(t:3, i:20), leaderCommit=16, initializing? false, entries: <empty>
2019-09-10 12:36:02,082 [EventQueue-PipelineActionsForPipelineActionHandler] ERROR pipeline.PipelineActionHandler (PipelineActionHandler.java:onMessage(60)) - Received pipeline action CLOSE for Pipeline[ Id: f5e49e1f-983b-4678-b9f0-9a53ed4a529b, Nodes: bda12bde-a9da-41da-b7e7-5c1ce23ab93c{ip: 192.168.34.50, host: pr-hdds-1879-pp2l2-2511026898, networkLocation: /default-rack, certSerialId: null}33fcc201-48fd-47f6-879d-4d238b82d8e9{ip: 192.168.34.50, host: pr-hdds-1879-pp2l2-2511026898, networkLocation: /default-rack, certSerialId: null}c5411d41-1b0a-4036-bc03-3ae3d66d2b07{ip: 192.168.34.50, host: pr-hdds-1879-pp2l2-2511026898, networkLocation: /default-rack, certSerialId: null}, Type:RATIS, Factor:THREE, State:CLOSED] from datanode c5411d41-1b0a-4036-bc03-3ae3d66d2b07{ip: 192.168.34.50, host: pr-hdds-1879-pp2l2-2511026898, networkLocation: /default-rack, certSerialId: null}. Reason : c5411d41-1b0a-4036-bc03-3ae3d66d2b07 has not seen follower/s 33fcc201-48fd-47f6-879d-4d238b82d8e9 for 144555ms
2019-09-10 12:36:02,082 [EventQueue-PipelineActionsForPipelineActionHandler] INFO  pipeline.SCMPipelineManager (SCMPipelineManager.java:finalizeAndDestroyPipeline(311)) - destroying pipeline:Pipeline[ Id: f5e49e1f-983b-4678-b9f0-9a53ed4a529b, Nodes: bda12bde-a9da-41da-b7e7-5c1ce23ab93c{ip: 192.168.34.50, host: pr-hdds-1879-pp2l2-2511026898, networkLocation: /default-rack, certSerialId: null}33fcc201-48fd-47f6-879d-4d238b82d8e9{ip: 192.168.34.50, host: pr-hdds-1879-pp2l2-2511026898, networkLocation: /default-rack, certSerialId: null}c5411d41-1b0a-4036-bc03-3ae3d66d2b07{ip: 192.168.34.50, host: pr-hdds-1879-pp2l2-2511026898, networkLocation: /default-rack, certSerialId: null}, Type:RATIS, Factor:THREE, State:CLOSED]
2019-09-10 12:36:03,354 [grpc-default-executor-2] INFO  client.GrpcClientProtocolClient (GrpcClientProtocolClient.java:onNext(264)) - client-F03A841534FE->33fcc201-48fd-47f6-879d-4d238b82d8e9: receive RaftClientReply:client-F03A841534FE->33fcc201-48fd-47f6-879d-4d238b82d8e9@group-9A53ED4A529B, cid=21, FAILED org.apache.ratis.protocol.NotLeaderException: Server 33fcc201-48fd-47f6-879d-4d238b82d8e9@group-9A53ED4A529B is not the leader c5411d41-1b0a-4036-bc03-3ae3d66d2b07:192.168.34.50:35961, logIndex=0, commits[33fcc201-48fd-47f6-879d-4d238b82d8e9:c16, c5411d41-1b0a-4036-bc03-3ae3d66d2b07:c16, bda12bde-a9da-41da-b7e7-5c1ce23ab93c:c16]
2019-09-10 12:36:03,587 [org.apache.ratis.server.impl.LogAppender$AppenderDaemon$$Lambda$513/179557972@4ca8ac1d] ERROR ratis.XceiverServerRatis (XceiverServerRatis.java:triggerPipelineClose(568)) - pipeline Action CLOSE  on pipeline PipelineID=f5e49e1f-983b-4678-b9f0-9a53ed4a529b.Reason : c5411d41-1b0a-4036-bc03-3ae3d66d2b07 has not seen follower/s 33fcc201-48fd-47f6-879d-4d238b82d8e9 for 147056ms
2019-09-10 12:36:04,080 [EventQueue-PipelineActionsForPipelineActionHandler] ERROR pipeline.PipelineActionHandler (PipelineActionHandler.java:onMessage(60)) - Received pipeline action CLOSE for Pipeline[ Id: f5e49e1f-983b-4678-b9f0-9a53ed4a529b, Nodes: bda12bde-a9da-41da-b7e7-5c1ce23ab93c{ip: 192.168.34.50, host: pr-hdds-1879-pp2l2-2511026898, networkLocation: /default-rack, certSerialId: null}33fcc201-48fd-47f6-879d-4d238b82d8e9{ip: 192.168.34.50, host: pr-hdds-1879-pp2l2-2511026898, networkLocation: /default-rack, certSerialId: null}c5411d41-1b0a-4036-bc03-3ae3d66d2b07{ip: 192.168.34.50, host: pr-hdds-1879-pp2l2-2511026898, networkLocation: /default-rack, certSerialId: null}, Type:RATIS, Factor:THREE, State:CLOSED] from datanode c5411d41-1b0a-4036-bc03-3ae3d66d2b07{ip: 192.168.34.50, host: pr-hdds-1879-pp2l2-2511026898, networkLocation: /default-rack, certSerialId: null}. Reason : c5411d41-1b0a-4036-bc03-3ae3d66d2b07 has not seen follower/s 33fcc201-48fd-47f6-879d-4d238b82d8e9 for 147056ms
2019-09-10 12:36:04,081 [EventQueue-PipelineActionsForPipelineActionHandler] INFO  pipeline.SCMPipelineManager (SCMPipelineManager.java:finalizeAndDestroyPipeline(311)) - destroying pipeline:Pipeline[ Id: f5e49e1f-983b-4678-b9f0-9a53ed4a529b, Nodes: bda12bde-a9da-41da-b7e7-5c1ce23ab93c{ip: 192.168.34.50, host: pr-hdds-1879-pp2l2-2511026898, networkLocation: /default-rack, certSerialId: null}33fcc201-48fd-47f6-879d-4d238b82d8e9{ip: 192.168.34.50, host: pr-hdds-1879-pp2l2-2511026898, networkLocation: /default-rack, certSerialId: null}c5411d41-1b0a-4036-bc03-3ae3d66d2b07{ip: 192.168.34.50, host: pr-hdds-1879-pp2l2-2511026898, networkLocation: /default-rack, certSerialId: null}, Type:RATIS, Factor:THREE, State:CLOSED]
2019-09-10 12:36:04,085 [java.util.concurrent.ThreadPoolExecutor$Worker@7ec24b8f[State = -1, empty queue]] WARN  server.GrpcLogAppender (GrpcLogAppender.java:timeoutAppendRequest(200)) - c5411d41-1b0a-4036-bc03-3ae3d66d2b07@group-9A53ED4A529B->33fcc201-48fd-47f6-879d-4d238b82d8e9-GrpcLogAppender: appendEntries Timeout, request=c5411d41-1b0a-4036-bc03-3ae3d66d2b07->33fcc201-48fd-47f6-879d-4d238b82d8e9#78-t3, previous=(t:3, i:20), leaderCommit=16, initializing? false, entries: <empty>
2019-09-10 12:36:06,088 [org.apache.ratis.server.impl.LogAppender$AppenderDaemon$$Lambda$513/179557972@4ca8ac1d] ERROR ratis.XceiverServerRatis (XceiverServerRatis.java:triggerPipelineClose(568)) - pipeline Action CLOSE  on pipeline PipelineID=f5e49e1f-983b-4678-b9f0-9a53ed4a529b.Reason : c5411d41-1b0a-4036-bc03-3ae3d66d2b07 has not seen follower/s 33fcc201-48fd-47f6-879d-4d238b82d8e9 for 149557ms
2019-09-10 12:36:06,587 [java.util.concurrent.ThreadPoolExecutor$Worker@7ec24b8f[State = -1, empty queue]] WARN  server.GrpcLogAppender (GrpcLogAppender.java:timeoutAppendRequest(200)) - c5411d41-1b0a-4036-bc03-3ae3d66d2b07@group-9A53ED4A529B->33fcc201-48fd-47f6-879d-4d238b82d8e9-GrpcLogAppender: appendEntries Timeout, request=c5411d41-1b0a-4036-bc03-3ae3d66d2b07->33fcc201-48fd-47f6-879d-4d238b82d8e9#79-t3, previous=(t:3, i:20), leaderCommit=16, initializing? false, entries: <empty>
2019-09-10 12:36:07,060 [33fcc201-48fd-47f6-879d-4d238b82d8e9@group-9A53ED4A529B-SegmentedRaftLogWorker] WARN  segmented.SegmentedRaftLogWorker (SegmentedRaftLogWorker.java:getFromFuture(90)) - Timeout 14/~
org.apache.ratis.protocol.TimeoutIOException: Timeout 10s: WriteLog:18: (t:3, i:18), STATEMACHINELOGENTRY, client-F03A841534FE, cid=22-writeStateMachineData
	at org.apache.ratis.util.IOUtils.getFromFuture(IOUtils.java:87)
	at org.apache.ratis.server.raftlog.segmented.SegmentedRaftLogWorker$StateMachineDataPolicy.getFromFuture(SegmentedRaftLogWorker.java:87)
	at org.apache.ratis.server.raftlog.segmented.SegmentedRaftLogWorker$WriteLog.execute(SegmentedRaftLogWorker.java:477)
	at org.apache.ratis.server.raftlog.segmented.SegmentedRaftLogWorker.run(SegmentedRaftLogWorker.java:289)
	at java.lang.Thread.run(Thread.java:748)
Caused by: java.util.concurrent.TimeoutException
	at java.util.concurrent.CompletableFuture.timedGet(CompletableFuture.java:1771)
	at java.util.concurrent.CompletableFuture.get(CompletableFuture.java:1915)
	at org.apache.ratis.util.IOUtils.getFromFuture(IOUtils.java:79)
	... 4 more
2019-09-10 12:36:07,060 [c5411d41-1b0a-4036-bc03-3ae3d66d2b07@group-9A53ED4A529B-SegmentedRaftLogWorker] WARN  segmented.SegmentedRaftLogWorker (SegmentedRaftLogWorker.java:getFromFuture(90)) - Timeout 14/~
org.apache.ratis.protocol.TimeoutIOException: Timeout 10s: WriteLog:18: (t:3, i:18), STATEMACHINELOGENTRY, client-F03A841534FE, cid=22-writeStateMachineData
	at org.apache.ratis.util.IOUtils.getFromFuture(IOUtils.java:87)
	at org.apache.ratis.server.raftlog.segmented.SegmentedRaftLogWorker$StateMachineDataPolicy.getFromFuture(SegmentedRaftLogWorker.java:87)
	at org.apache.ratis.server.raftlog.segmented.SegmentedRaftLogWorker$WriteLog.execute(SegmentedRaftLogWorker.java:477)
	at org.apache.ratis.server.raftlog.segmented.SegmentedRaftLogWorker.run(SegmentedRaftLogWorker.java:289)
	at java.lang.Thread.run(Thread.java:748)
Caused by: java.util.concurrent.TimeoutException
	at java.util.concurrent.CompletableFuture.timedGet(CompletableFuture.java:1771)
	at java.util.concurrent.CompletableFuture.get(CompletableFuture.java:1915)
	at org.apache.ratis.util.IOUtils.getFromFuture(IOUtils.java:79)
	... 4 more
2019-09-10 12:36:07,081 [EventQueue-PipelineActionsForPipelineActionHandler] ERROR pipeline.PipelineActionHandler (PipelineActionHandler.java:onMessage(60)) - Received pipeline action CLOSE for Pipeline[ Id: f5e49e1f-983b-4678-b9f0-9a53ed4a529b, Nodes: bda12bde-a9da-41da-b7e7-5c1ce23ab93c{ip: 192.168.34.50, host: pr-hdds-1879-pp2l2-2511026898, networkLocation: /default-rack, certSerialId: null}33fcc201-48fd-47f6-879d-4d238b82d8e9{ip: 192.168.34.50, host: pr-hdds-1879-pp2l2-2511026898, networkLocation: /default-rack, certSerialId: null}c5411d41-1b0a-4036-bc03-3ae3d66d2b07{ip: 192.168.34.50, host: pr-hdds-1879-pp2l2-2511026898, networkLocation: /default-rack, certSerialId: null}, Type:RATIS, Factor:THREE, State:CLOSED] from datanode c5411d41-1b0a-4036-bc03-3ae3d66d2b07{ip: 192.168.34.50, host: pr-hdds-1879-pp2l2-2511026898, networkLocation: /default-rack, certSerialId: null}. Reason : c5411d41-1b0a-4036-bc03-3ae3d66d2b07 has not seen follower/s 33fcc201-48fd-47f6-879d-4d238b82d8e9 for 149557ms
2019-09-10 12:36:07,081 [EventQueue-PipelineActionsForPipelineActionHandler] INFO  pipeline.SCMPipelineManager (SCMPipelineManager.java:finalizeAndDestroyPipeline(311)) - destroying pipeline:Pipeline[ Id: f5e49e1f-983b-4678-b9f0-9a53ed4a529b, Nodes: bda12bde-a9da-41da-b7e7-5c1ce23ab93c{ip: 192.168.34.50, host: pr-hdds-1879-pp2l2-2511026898, networkLocation: /default-rack, certSerialId: null}33fcc201-48fd-47f6-879d-4d238b82d8e9{ip: 192.168.34.50, host: pr-hdds-1879-pp2l2-2511026898, networkLocation: /default-rack, certSerialId: null}c5411d41-1b0a-4036-bc03-3ae3d66d2b07{ip: 192.168.34.50, host: pr-hdds-1879-pp2l2-2511026898, networkLocation: /default-rack, certSerialId: null}, Type:RATIS, Factor:THREE, State:CLOSED]
2019-09-10 12:36:08,412 [grpc-default-executor-0] INFO  client.GrpcClientProtocolClient (GrpcClientProtocolClient.java:onNext(264)) - client-F03A841534FE->bda12bde-a9da-41da-b7e7-5c1ce23ab93c: receive RaftClientReply:client-F03A841534FE->bda12bde-a9da-41da-b7e7-5c1ce23ab93c@group-9A53ED4A529B, cid=21, FAILED org.apache.ratis.protocol.NotLeaderException: Server bda12bde-a9da-41da-b7e7-5c1ce23ab93c@group-9A53ED4A529B is not the leader c5411d41-1b0a-4036-bc03-3ae3d66d2b07:192.168.34.50:35961, logIndex=0, commits[bda12bde-a9da-41da-b7e7-5c1ce23ab93c:c16, c5411d41-1b0a-4036-bc03-3ae3d66d2b07:c16, 33fcc201-48fd-47f6-879d-4d238b82d8e9:c12]
2019-09-10 12:36:08,589 [org.apache.ratis.server.impl.LogAppender$AppenderDaemon$$Lambda$513/179557972@4ca8ac1d] ERROR ratis.XceiverServerRatis (XceiverServerRatis.java:triggerPipelineClose(568)) - pipeline Action CLOSE  on pipeline PipelineID=f5e49e1f-983b-4678-b9f0-9a53ed4a529b.Reason : c5411d41-1b0a-4036-bc03-3ae3d66d2b07 has not seen follower/s 33fcc201-48fd-47f6-879d-4d238b82d8e9 for 152058ms
2019-09-10 12:36:09,081 [EventQueue-PipelineActionsForPipelineActionHandler] ERROR pipeline.PipelineActionHandler (PipelineActionHandler.java:onMessage(60)) - Received pipeline action CLOSE for Pipeline[ Id: f5e49e1f-983b-4678-b9f0-9a53ed4a529b, Nodes: bda12bde-a9da-41da-b7e7-5c1ce23ab93c{ip: 192.168.34.50, host: pr-hdds-1879-pp2l2-2511026898, networkLocation: /default-rack, certSerialId: null}33fcc201-48fd-47f6-879d-4d238b82d8e9{ip: 192.168.34.50, host: pr-hdds-1879-pp2l2-2511026898, networkLocation: /default-rack, certSerialId: null}c5411d41-1b0a-4036-bc03-3ae3d66d2b07{ip: 192.168.34.50, host: pr-hdds-1879-pp2l2-2511026898, networkLocation: /default-rack, certSerialId: null}, Type:RATIS, Factor:THREE, State:CLOSED] from datanode c5411d41-1b0a-4036-bc03-3ae3d66d2b07{ip: 192.168.34.50, host: pr-hdds-1879-pp2l2-2511026898, networkLocation: /default-rack, certSerialId: null}. Reason : c5411d41-1b0a-4036-bc03-3ae3d66d2b07 has not seen follower/s 33fcc201-48fd-47f6-879d-4d238b82d8e9 for 152058ms
2019-09-10 12:36:09,081 [EventQueue-PipelineActionsForPipelineActionHandler] INFO  pipeline.SCMPipelineManager (SCMPipelineManager.java:finalizeAndDestroyPipeline(311)) - destroying pipeline:Pipeline[ Id: f5e49e1f-983b-4678-b9f0-9a53ed4a529b, Nodes: bda12bde-a9da-41da-b7e7-5c1ce23ab93c{ip: 192.168.34.50, host: pr-hdds-1879-pp2l2-2511026898, networkLocation: /default-rack, certSerialId: null}33fcc201-48fd-47f6-879d-4d238b82d8e9{ip: 192.168.34.50, host: pr-hdds-1879-pp2l2-2511026898, networkLocation: /default-rack, certSerialId: null}c5411d41-1b0a-4036-bc03-3ae3d66d2b07{ip: 192.168.34.50, host: pr-hdds-1879-pp2l2-2511026898, networkLocation: /default-rack, certSerialId: null}, Type:RATIS, Factor:THREE, State:CLOSED]
2019-09-10 12:36:09,088 [java.util.concurrent.ThreadPoolExecutor$Worker@7ec24b8f[State = -1, empty queue]] WARN  server.GrpcLogAppender (GrpcLogAppender.java:timeoutAppendRequest(200)) - c5411d41-1b0a-4036-bc03-3ae3d66d2b07@group-9A53ED4A529B->33fcc201-48fd-47f6-879d-4d238b82d8e9-GrpcLogAppender: appendEntries Timeout, request=c5411d41-1b0a-4036-bc03-3ae3d66d2b07->33fcc201-48fd-47f6-879d-4d238b82d8e9#80-t3, previous=(t:3, i:20), leaderCommit=16, initializing? false, entries: <empty>
2019-09-10 12:36:11,089 [org.apache.ratis.server.impl.LogAppender$AppenderDaemon$$Lambda$513/179557972@4ca8ac1d] ERROR ratis.XceiverServerRatis (XceiverServerRatis.java:triggerPipelineClose(568)) - pipeline Action CLOSE  on pipeline PipelineID=f5e49e1f-983b-4678-b9f0-9a53ed4a529b.Reason : c5411d41-1b0a-4036-bc03-3ae3d66d2b07 has not seen follower/s 33fcc201-48fd-47f6-879d-4d238b82d8e9 for 154559ms
2019-09-10 12:36:11,589 [java.util.concurrent.ThreadPoolExecutor$Worker@7ec24b8f[State = -1, empty queue]] WARN  server.GrpcLogAppender (GrpcLogAppender.java:timeoutAppendRequest(200)) - c5411d41-1b0a-4036-bc03-3ae3d66d2b07@group-9A53ED4A529B->33fcc201-48fd-47f6-879d-4d238b82d8e9-GrpcLogAppender: appendEntries Timeout, request=c5411d41-1b0a-4036-bc03-3ae3d66d2b07->33fcc201-48fd-47f6-879d-4d238b82d8e9#81-t3, previous=(t:3, i:20), leaderCommit=16, initializing? false, entries: <empty>
2019-09-10 12:36:12,082 [EventQueue-PipelineActionsForPipelineActionHandler] ERROR pipeline.PipelineActionHandler (PipelineActionHandler.java:onMessage(60)) - Received pipeline action CLOSE for Pipeline[ Id: f5e49e1f-983b-4678-b9f0-9a53ed4a529b, Nodes: bda12bde-a9da-41da-b7e7-5c1ce23ab93c{ip: 192.168.34.50, host: pr-hdds-1879-pp2l2-2511026898, networkLocation: /default-rack, certSerialId: null}33fcc201-48fd-47f6-879d-4d238b82d8e9{ip: 192.168.34.50, host: pr-hdds-1879-pp2l2-2511026898, networkLocation: /default-rack, certSerialId: null}c5411d41-1b0a-4036-bc03-3ae3d66d2b07{ip: 192.168.34.50, host: pr-hdds-1879-pp2l2-2511026898, networkLocation: /default-rack, certSerialId: null}, Type:RATIS, Factor:THREE, State:CLOSED] from datanode c5411d41-1b0a-4036-bc03-3ae3d66d2b07{ip: 192.168.34.50, host: pr-hdds-1879-pp2l2-2511026898, networkLocation: /default-rack, certSerialId: null}. Reason : c5411d41-1b0a-4036-bc03-3ae3d66d2b07 has not seen follower/s 33fcc201-48fd-47f6-879d-4d238b82d8e9 for 154559ms
2019-09-10 12:36:12,082 [EventQueue-PipelineActionsForPipelineActionHandler] INFO  pipeline.SCMPipelineManager (SCMPipelineManager.java:finalizeAndDestroyPipeline(311)) - destroying pipeline:Pipeline[ Id: f5e49e1f-983b-4678-b9f0-9a53ed4a529b, Nodes: bda12bde-a9da-41da-b7e7-5c1ce23ab93c{ip: 192.168.34.50, host: pr-hdds-1879-pp2l2-2511026898, networkLocation: /default-rack, certSerialId: null}33fcc201-48fd-47f6-879d-4d238b82d8e9{ip: 192.168.34.50, host: pr-hdds-1879-pp2l2-2511026898, networkLocation: /default-rack, certSerialId: null}c5411d41-1b0a-4036-bc03-3ae3d66d2b07{ip: 192.168.34.50, host: pr-hdds-1879-pp2l2-2511026898, networkLocation: /default-rack, certSerialId: null}, Type:RATIS, Factor:THREE, State:CLOSED]
2019-09-10 12:36:13,474 [grpc-default-executor-0] INFO  client.GrpcClientProtocolClient (GrpcClientProtocolClient.java:onNext(264)) - client-F03A841534FE->bda12bde-a9da-41da-b7e7-5c1ce23ab93c: receive RaftClientReply:client-F03A841534FE->bda12bde-a9da-41da-b7e7-5c1ce23ab93c@group-9A53ED4A529B, cid=21, FAILED org.apache.ratis.protocol.NotLeaderException: Server bda12bde-a9da-41da-b7e7-5c1ce23ab93c@group-9A53ED4A529B is not the leader c5411d41-1b0a-4036-bc03-3ae3d66d2b07:192.168.34.50:35961, logIndex=0, commits[bda12bde-a9da-41da-b7e7-5c1ce23ab93c:c16, c5411d41-1b0a-4036-bc03-3ae3d66d2b07:c16, 33fcc201-48fd-47f6-879d-4d238b82d8e9:c12]
2019-09-10 12:36:13,591 [org.apache.ratis.server.impl.LogAppender$AppenderDaemon$$Lambda$513/179557972@4ca8ac1d] ERROR ratis.XceiverServerRatis (XceiverServerRatis.java:triggerPipelineClose(568)) - pipeline Action CLOSE  on pipeline PipelineID=f5e49e1f-983b-4678-b9f0-9a53ed4a529b.Reason : c5411d41-1b0a-4036-bc03-3ae3d66d2b07 has not seen follower/s 33fcc201-48fd-47f6-879d-4d238b82d8e9 for 157060ms
2019-09-10 12:36:14,081 [EventQueue-PipelineActionsForPipelineActionHandler] ERROR pipeline.PipelineActionHandler (PipelineActionHandler.java:onMessage(60)) - Received pipeline action CLOSE for Pipeline[ Id: f5e49e1f-983b-4678-b9f0-9a53ed4a529b, Nodes: bda12bde-a9da-41da-b7e7-5c1ce23ab93c{ip: 192.168.34.50, host: pr-hdds-1879-pp2l2-2511026898, networkLocation: /default-rack, certSerialId: null}33fcc201-48fd-47f6-879d-4d238b82d8e9{ip: 192.168.34.50, host: pr-hdds-1879-pp2l2-2511026898, networkLocation: /default-rack, certSerialId: null}c5411d41-1b0a-4036-bc03-3ae3d66d2b07{ip: 192.168.34.50, host: pr-hdds-1879-pp2l2-2511026898, networkLocation: /default-rack, certSerialId: null}, Type:RATIS, Factor:THREE, State:CLOSED] from datanode c5411d41-1b0a-4036-bc03-3ae3d66d2b07{ip: 192.168.34.50, host: pr-hdds-1879-pp2l2-2511026898, networkLocation: /default-rack, certSerialId: null}. Reason : c5411d41-1b0a-4036-bc03-3ae3d66d2b07 has not seen follower/s 33fcc201-48fd-47f6-879d-4d238b82d8e9 for 157060ms
2019-09-10 12:36:14,081 [EventQueue-PipelineActionsForPipelineActionHandler] INFO  pipeline.SCMPipelineManager (SCMPipelineManager.java:finalizeAndDestroyPipeline(311)) - destroying pipeline:Pipeline[ Id: f5e49e1f-983b-4678-b9f0-9a53ed4a529b, Nodes: bda12bde-a9da-41da-b7e7-5c1ce23ab93c{ip: 192.168.34.50, host: pr-hdds-1879-pp2l2-2511026898, networkLocation: /default-rack, certSerialId: null}33fcc201-48fd-47f6-879d-4d238b82d8e9{ip: 192.168.34.50, host: pr-hdds-1879-pp2l2-2511026898, networkLocation: /default-rack, certSerialId: null}c5411d41-1b0a-4036-bc03-3ae3d66d2b07{ip: 192.168.34.50, host: pr-hdds-1879-pp2l2-2511026898, networkLocation: /default-rack, certSerialId: null}, Type:RATIS, Factor:THREE, State:CLOSED]
2019-09-10 12:36:14,089 [java.util.concurrent.ThreadPoolExecutor$Worker@7ec24b8f[State = -1, empty queue]] WARN  server.GrpcLogAppender (GrpcLogAppender.java:timeoutAppendRequest(200)) - c5411d41-1b0a-4036-bc03-3ae3d66d2b07@group-9A53ED4A529B->33fcc201-48fd-47f6-879d-4d238b82d8e9-GrpcLogAppender: appendEntries Timeout, request=c5411d41-1b0a-4036-bc03-3ae3d66d2b07->33fcc201-48fd-47f6-879d-4d238b82d8e9#82-t3, previous=(t:3, i:20), leaderCommit=16, initializing? false, entries: <empty>
2019-09-10 12:36:16,092 [org.apache.ratis.server.impl.LogAppender$AppenderDaemon$$Lambda$513/179557972@4ca8ac1d] ERROR ratis.XceiverServerRatis (XceiverServerRatis.java:triggerPipelineClose(568)) - pipeline Action CLOSE  on pipeline PipelineID=f5e49e1f-983b-4678-b9f0-9a53ed4a529b.Reason : c5411d41-1b0a-4036-bc03-3ae3d66d2b07 has not seen follower/s 33fcc201-48fd-47f6-879d-4d238b82d8e9 for 159561ms
2019-09-10 12:36:16,591 [java.util.concurrent.ThreadPoolExecutor$Worker@7ec24b8f[State = -1, empty queue]] WARN  server.GrpcLogAppender (GrpcLogAppender.java:timeoutAppendRequest(200)) - c5411d41-1b0a-4036-bc03-3ae3d66d2b07@group-9A53ED4A529B->33fcc201-48fd-47f6-879d-4d238b82d8e9-GrpcLogAppender: appendEntries Timeout, request=c5411d41-1b0a-4036-bc03-3ae3d66d2b07->33fcc201-48fd-47f6-879d-4d238b82d8e9#83-t3, previous=(t:3, i:20), leaderCommit=16, initializing? false, entries: <empty>
2019-09-10 12:36:17,061 [33fcc201-48fd-47f6-879d-4d238b82d8e9@group-9A53ED4A529B-SegmentedRaftLogWorker] WARN  segmented.SegmentedRaftLogWorker (SegmentedRaftLogWorker.java:getFromFuture(90)) - Timeout 15/~
org.apache.ratis.protocol.TimeoutIOException: Timeout 10s: WriteLog:18: (t:3, i:18), STATEMACHINELOGENTRY, client-F03A841534FE, cid=22-writeStateMachineData
	at org.apache.ratis.util.IOUtils.getFromFuture(IOUtils.java:87)
	at org.apache.ratis.server.raftlog.segmented.SegmentedRaftLogWorker$StateMachineDataPolicy.getFromFuture(SegmentedRaftLogWorker.java:87)
	at org.apache.ratis.server.raftlog.segmented.SegmentedRaftLogWorker$WriteLog.execute(SegmentedRaftLogWorker.java:477)
	at org.apache.ratis.server.raftlog.segmented.SegmentedRaftLogWorker.run(SegmentedRaftLogWorker.java:289)
	at java.lang.Thread.run(Thread.java:748)
Caused by: java.util.concurrent.TimeoutException
	at java.util.concurrent.CompletableFuture.timedGet(CompletableFuture.java:1771)
	at java.util.concurrent.CompletableFuture.get(CompletableFuture.java:1915)
	at org.apache.ratis.util.IOUtils.getFromFuture(IOUtils.java:79)
	... 4 more
2019-09-10 12:36:17,062 [c5411d41-1b0a-4036-bc03-3ae3d66d2b07@group-9A53ED4A529B-SegmentedRaftLogWorker] WARN  segmented.SegmentedRaftLogWorker (SegmentedRaftLogWorker.java:getFromFuture(90)) - Timeout 15/~
org.apache.ratis.protocol.TimeoutIOException: Timeout 10s: WriteLog:18: (t:3, i:18), STATEMACHINELOGENTRY, client-F03A841534FE, cid=22-writeStateMachineData
	at org.apache.ratis.util.IOUtils.getFromFuture(IOUtils.java:87)
	at org.apache.ratis.server.raftlog.segmented.SegmentedRaftLogWorker$StateMachineDataPolicy.getFromFuture(SegmentedRaftLogWorker.java:87)
	at org.apache.ratis.server.raftlog.segmented.SegmentedRaftLogWorker$WriteLog.execute(SegmentedRaftLogWorker.java:477)
	at org.apache.ratis.server.raftlog.segmented.SegmentedRaftLogWorker.run(SegmentedRaftLogWorker.java:289)
	at java.lang.Thread.run(Thread.java:748)
Caused by: java.util.concurrent.TimeoutException
	at java.util.concurrent.CompletableFuture.timedGet(CompletableFuture.java:1771)
	at java.util.concurrent.CompletableFuture.get(CompletableFuture.java:1915)
	at org.apache.ratis.util.IOUtils.getFromFuture(IOUtils.java:79)
	... 4 more
2019-09-10 12:36:17,081 [EventQueue-PipelineActionsForPipelineActionHandler] ERROR pipeline.PipelineActionHandler (PipelineActionHandler.java:onMessage(60)) - Received pipeline action CLOSE for Pipeline[ Id: f5e49e1f-983b-4678-b9f0-9a53ed4a529b, Nodes: bda12bde-a9da-41da-b7e7-5c1ce23ab93c{ip: 192.168.34.50, host: pr-hdds-1879-pp2l2-2511026898, networkLocation: /default-rack, certSerialId: null}33fcc201-48fd-47f6-879d-4d238b82d8e9{ip: 192.168.34.50, host: pr-hdds-1879-pp2l2-2511026898, networkLocation: /default-rack, certSerialId: null}c5411d41-1b0a-4036-bc03-3ae3d66d2b07{ip: 192.168.34.50, host: pr-hdds-1879-pp2l2-2511026898, networkLocation: /default-rack, certSerialId: null}, Type:RATIS, Factor:THREE, State:CLOSED] from datanode c5411d41-1b0a-4036-bc03-3ae3d66d2b07{ip: 192.168.34.50, host: pr-hdds-1879-pp2l2-2511026898, networkLocation: /default-rack, certSerialId: null}. Reason : c5411d41-1b0a-4036-bc03-3ae3d66d2b07 has not seen follower/s 33fcc201-48fd-47f6-879d-4d238b82d8e9 for 159561ms
2019-09-10 12:36:17,082 [EventQueue-PipelineActionsForPipelineActionHandler] INFO  pipeline.SCMPipelineManager (SCMPipelineManager.java:finalizeAndDestroyPipeline(311)) - destroying pipeline:Pipeline[ Id: f5e49e1f-983b-4678-b9f0-9a53ed4a529b, Nodes: bda12bde-a9da-41da-b7e7-5c1ce23ab93c{ip: 192.168.34.50, host: pr-hdds-1879-pp2l2-2511026898, networkLocation: /default-rack, certSerialId: null}33fcc201-48fd-47f6-879d-4d238b82d8e9{ip: 192.168.34.50, host: pr-hdds-1879-pp2l2-2511026898, networkLocation: /default-rack, certSerialId: null}c5411d41-1b0a-4036-bc03-3ae3d66d2b07{ip: 192.168.34.50, host: pr-hdds-1879-pp2l2-2511026898, networkLocation: /default-rack, certSerialId: null}, Type:RATIS, Factor:THREE, State:CLOSED]
2019-09-10 12:36:18,526 [grpc-default-executor-2] INFO  client.GrpcClientProtocolClient (GrpcClientProtocolClient.java:onNext(264)) - client-F03A841534FE->bda12bde-a9da-41da-b7e7-5c1ce23ab93c: receive RaftClientReply:client-F03A841534FE->bda12bde-a9da-41da-b7e7-5c1ce23ab93c@group-9A53ED4A529B, cid=21, FAILED org.apache.ratis.protocol.NotLeaderException: Server bda12bde-a9da-41da-b7e7-5c1ce23ab93c@group-9A53ED4A529B is not the leader c5411d41-1b0a-4036-bc03-3ae3d66d2b07:192.168.34.50:35961, logIndex=0, commits[bda12bde-a9da-41da-b7e7-5c1ce23ab93c:c16, c5411d41-1b0a-4036-bc03-3ae3d66d2b07:c16, 33fcc201-48fd-47f6-879d-4d238b82d8e9:c12]
2019-09-10 12:36:18,593 [org.apache.ratis.server.impl.LogAppender$AppenderDaemon$$Lambda$513/179557972@4ca8ac1d] ERROR ratis.XceiverServerRatis (XceiverServerRatis.java:triggerPipelineClose(568)) - pipeline Action CLOSE  on pipeline PipelineID=f5e49e1f-983b-4678-b9f0-9a53ed4a529b.Reason : c5411d41-1b0a-4036-bc03-3ae3d66d2b07 has not seen follower/s 33fcc201-48fd-47f6-879d-4d238b82d8e9 for 162062ms
2019-09-10 12:36:19,081 [EventQueue-PipelineActionsForPipelineActionHandler] ERROR pipeline.PipelineActionHandler (PipelineActionHandler.java:onMessage(60)) - Received pipeline action CLOSE for Pipeline[ Id: f5e49e1f-983b-4678-b9f0-9a53ed4a529b, Nodes: bda12bde-a9da-41da-b7e7-5c1ce23ab93c{ip: 192.168.34.50, host: pr-hdds-1879-pp2l2-2511026898, networkLocation: /default-rack, certSerialId: null}33fcc201-48fd-47f6-879d-4d238b82d8e9{ip: 192.168.34.50, host: pr-hdds-1879-pp2l2-2511026898, networkLocation: /default-rack, certSerialId: null}c5411d41-1b0a-4036-bc03-3ae3d66d2b07{ip: 192.168.34.50, host: pr-hdds-1879-pp2l2-2511026898, networkLocation: /default-rack, certSerialId: null}, Type:RATIS, Factor:THREE, State:CLOSED] from datanode c5411d41-1b0a-4036-bc03-3ae3d66d2b07{ip: 192.168.34.50, host: pr-hdds-1879-pp2l2-2511026898, networkLocation: /default-rack, certSerialId: null}. Reason : c5411d41-1b0a-4036-bc03-3ae3d66d2b07 has not seen follower/s 33fcc201-48fd-47f6-879d-4d238b82d8e9 for 162062ms
2019-09-10 12:36:19,082 [EventQueue-PipelineActionsForPipelineActionHandler] INFO  pipeline.SCMPipelineManager (SCMPipelineManager.java:finalizeAndDestroyPipeline(311)) - destroying pipeline:Pipeline[ Id: f5e49e1f-983b-4678-b9f0-9a53ed4a529b, Nodes: bda12bde-a9da-41da-b7e7-5c1ce23ab93c{ip: 192.168.34.50, host: pr-hdds-1879-pp2l2-2511026898, networkLocation: /default-rack, certSerialId: null}33fcc201-48fd-47f6-879d-4d238b82d8e9{ip: 192.168.34.50, host: pr-hdds-1879-pp2l2-2511026898, networkLocation: /default-rack, certSerialId: null}c5411d41-1b0a-4036-bc03-3ae3d66d2b07{ip: 192.168.34.50, host: pr-hdds-1879-pp2l2-2511026898, networkLocation: /default-rack, certSerialId: null}, Type:RATIS, Factor:THREE, State:CLOSED]
2019-09-10 12:36:19,092 [java.util.concurrent.ThreadPoolExecutor$Worker@7ec24b8f[State = -1, empty queue]] WARN  server.GrpcLogAppender (GrpcLogAppender.java:timeoutAppendRequest(200)) - c5411d41-1b0a-4036-bc03-3ae3d66d2b07@group-9A53ED4A529B->33fcc201-48fd-47f6-879d-4d238b82d8e9-GrpcLogAppender: appendEntries Timeout, request=c5411d41-1b0a-4036-bc03-3ae3d66d2b07->33fcc201-48fd-47f6-879d-4d238b82d8e9#84-t3, previous=(t:3, i:20), leaderCommit=16, initializing? false, entries: <empty>
2019-09-10 12:36:21,093 [org.apache.ratis.server.impl.LogAppender$AppenderDaemon$$Lambda$513/179557972@4ca8ac1d] ERROR ratis.XceiverServerRatis (XceiverServerRatis.java:triggerPipelineClose(568)) - pipeline Action CLOSE  on pipeline PipelineID=f5e49e1f-983b-4678-b9f0-9a53ed4a529b.Reason : c5411d41-1b0a-4036-bc03-3ae3d66d2b07 has not seen follower/s 33fcc201-48fd-47f6-879d-4d238b82d8e9 for 164563ms
2019-09-10 12:36:21,593 [java.util.concurrent.ThreadPoolExecutor$Worker@7ec24b8f[State = -1, empty queue]] WARN  server.GrpcLogAppender (GrpcLogAppender.java:timeoutAppendRequest(200)) - c5411d41-1b0a-4036-bc03-3ae3d66d2b07@group-9A53ED4A529B->33fcc201-48fd-47f6-879d-4d238b82d8e9-GrpcLogAppender: appendEntries Timeout, request=c5411d41-1b0a-4036-bc03-3ae3d66d2b07->33fcc201-48fd-47f6-879d-4d238b82d8e9#85-t3, previous=(t:3, i:20), leaderCommit=16, initializing? false, entries: <empty>
2019-09-10 12:36:22,082 [EventQueue-PipelineActionsForPipelineActionHandler] ERROR pipeline.PipelineActionHandler (PipelineActionHandler.java:onMessage(60)) - Received pipeline action CLOSE for Pipeline[ Id: f5e49e1f-983b-4678-b9f0-9a53ed4a529b, Nodes: bda12bde-a9da-41da-b7e7-5c1ce23ab93c{ip: 192.168.34.50, host: pr-hdds-1879-pp2l2-2511026898, networkLocation: /default-rack, certSerialId: null}33fcc201-48fd-47f6-879d-4d238b82d8e9{ip: 192.168.34.50, host: pr-hdds-1879-pp2l2-2511026898, networkLocation: /default-rack, certSerialId: null}c5411d41-1b0a-4036-bc03-3ae3d66d2b07{ip: 192.168.34.50, host: pr-hdds-1879-pp2l2-2511026898, networkLocation: /default-rack, certSerialId: null}, Type:RATIS, Factor:THREE, State:CLOSED] from datanode c5411d41-1b0a-4036-bc03-3ae3d66d2b07{ip: 192.168.34.50, host: pr-hdds-1879-pp2l2-2511026898, networkLocation: /default-rack, certSerialId: null}. Reason : c5411d41-1b0a-4036-bc03-3ae3d66d2b07 has not seen follower/s 33fcc201-48fd-47f6-879d-4d238b82d8e9 for 164563ms
2019-09-10 12:36:22,082 [EventQueue-PipelineActionsForPipelineActionHandler] INFO  pipeline.SCMPipelineManager (SCMPipelineManager.java:finalizeAndDestroyPipeline(311)) - destroying pipeline:Pipeline[ Id: f5e49e1f-983b-4678-b9f0-9a53ed4a529b, Nodes: bda12bde-a9da-41da-b7e7-5c1ce23ab93c{ip: 192.168.34.50, host: pr-hdds-1879-pp2l2-2511026898, networkLocation: /default-rack, certSerialId: null}33fcc201-48fd-47f6-879d-4d238b82d8e9{ip: 192.168.34.50, host: pr-hdds-1879-pp2l2-2511026898, networkLocation: /default-rack, certSerialId: null}c5411d41-1b0a-4036-bc03-3ae3d66d2b07{ip: 192.168.34.50, host: pr-hdds-1879-pp2l2-2511026898, networkLocation: /default-rack, certSerialId: null}, Type:RATIS, Factor:THREE, State:CLOSED]
2019-09-10 12:36:23,570 [grpc-default-executor-2] INFO  client.GrpcClientProtocolClient (GrpcClientProtocolClient.java:onNext(264)) - client-F03A841534FE->bda12bde-a9da-41da-b7e7-5c1ce23ab93c: receive RaftClientReply:client-F03A841534FE->bda12bde-a9da-41da-b7e7-5c1ce23ab93c@group-9A53ED4A529B, cid=21, FAILED org.apache.ratis.protocol.NotLeaderException: Server bda12bde-a9da-41da-b7e7-5c1ce23ab93c@group-9A53ED4A529B is not the leader c5411d41-1b0a-4036-bc03-3ae3d66d2b07:192.168.34.50:35961, logIndex=0, commits[bda12bde-a9da-41da-b7e7-5c1ce23ab93c:c16, c5411d41-1b0a-4036-bc03-3ae3d66d2b07:c16, 33fcc201-48fd-47f6-879d-4d238b82d8e9:c12]
2019-09-10 12:36:23,597 [org.apache.ratis.server.impl.LogAppender$AppenderDaemon$$Lambda$513/179557972@4ca8ac1d] ERROR ratis.XceiverServerRatis (XceiverServerRatis.java:triggerPipelineClose(568)) - pipeline Action CLOSE  on pipeline PipelineID=f5e49e1f-983b-4678-b9f0-9a53ed4a529b.Reason : c5411d41-1b0a-4036-bc03-3ae3d66d2b07 has not seen follower/s 33fcc201-48fd-47f6-879d-4d238b82d8e9 for 167066ms
2019-09-10 12:36:24,082 [EventQueue-PipelineActionsForPipelineActionHandler] ERROR pipeline.PipelineActionHandler (PipelineActionHandler.java:onMessage(60)) - Received pipeline action CLOSE for Pipeline[ Id: f5e49e1f-983b-4678-b9f0-9a53ed4a529b, Nodes: bda12bde-a9da-41da-b7e7-5c1ce23ab93c{ip: 192.168.34.50, host: pr-hdds-1879-pp2l2-2511026898, networkLocation: /default-rack, certSerialId: null}33fcc201-48fd-47f6-879d-4d238b82d8e9{ip: 192.168.34.50, host: pr-hdds-1879-pp2l2-2511026898, networkLocation: /default-rack, certSerialId: null}c5411d41-1b0a-4036-bc03-3ae3d66d2b07{ip: 192.168.34.50, host: pr-hdds-1879-pp2l2-2511026898, networkLocation: /default-rack, certSerialId: null}, Type:RATIS, Factor:THREE, State:CLOSED] from datanode c5411d41-1b0a-4036-bc03-3ae3d66d2b07{ip: 192.168.34.50, host: pr-hdds-1879-pp2l2-2511026898, networkLocation: /default-rack, certSerialId: null}. Reason : c5411d41-1b0a-4036-bc03-3ae3d66d2b07 has not seen follower/s 33fcc201-48fd-47f6-879d-4d238b82d8e9 for 167066ms
2019-09-10 12:36:24,082 [EventQueue-PipelineActionsForPipelineActionHandler] INFO  pipeline.SCMPipelineManager (SCMPipelineManager.java:finalizeAndDestroyPipeline(311)) - destroying pipeline:Pipeline[ Id: f5e49e1f-983b-4678-b9f0-9a53ed4a529b, Nodes: bda12bde-a9da-41da-b7e7-5c1ce23ab93c{ip: 192.168.34.50, host: pr-hdds-1879-pp2l2-2511026898, networkLocation: /default-rack, certSerialId: null}33fcc201-48fd-47f6-879d-4d238b82d8e9{ip: 192.168.34.50, host: pr-hdds-1879-pp2l2-2511026898, networkLocation: /default-rack, certSerialId: null}c5411d41-1b0a-4036-bc03-3ae3d66d2b07{ip: 192.168.34.50, host: pr-hdds-1879-pp2l2-2511026898, networkLocation: /default-rack, certSerialId: null}, Type:RATIS, Factor:THREE, State:CLOSED]
2019-09-10 12:36:24,093 [java.util.concurrent.ThreadPoolExecutor$Worker@7ec24b8f[State = -1, empty queue]] WARN  server.GrpcLogAppender (GrpcLogAppender.java:timeoutAppendRequest(200)) - c5411d41-1b0a-4036-bc03-3ae3d66d2b07@group-9A53ED4A529B->33fcc201-48fd-47f6-879d-4d238b82d8e9-GrpcLogAppender: appendEntries Timeout, request=c5411d41-1b0a-4036-bc03-3ae3d66d2b07->33fcc201-48fd-47f6-879d-4d238b82d8e9#86-t3, previous=(t:3, i:20), leaderCommit=16, initializing? false, entries: <empty>
2019-09-10 12:36:26,098 [org.apache.ratis.server.impl.LogAppender$AppenderDaemon$$Lambda$513/179557972@4ca8ac1d] ERROR ratis.XceiverServerRatis (XceiverServerRatis.java:triggerPipelineClose(568)) - pipeline Action CLOSE  on pipeline PipelineID=f5e49e1f-983b-4678-b9f0-9a53ed4a529b.Reason : c5411d41-1b0a-4036-bc03-3ae3d66d2b07 has not seen follower/s 33fcc201-48fd-47f6-879d-4d238b82d8e9 for 169567ms
2019-09-10 12:36:26,597 [java.util.concurrent.ThreadPoolExecutor$Worker@7ec24b8f[State = -1, empty queue]] WARN  server.GrpcLogAppender (GrpcLogAppender.java:timeoutAppendRequest(200)) - c5411d41-1b0a-4036-bc03-3ae3d66d2b07@group-9A53ED4A529B->33fcc201-48fd-47f6-879d-4d238b82d8e9-GrpcLogAppender: appendEntries Timeout, request=c5411d41-1b0a-4036-bc03-3ae3d66d2b07->33fcc201-48fd-47f6-879d-4d238b82d8e9#87-t3, previous=(t:3, i:20), leaderCommit=16, initializing? false, entries: <empty>
2019-09-10 12:36:27,062 [33fcc201-48fd-47f6-879d-4d238b82d8e9@group-9A53ED4A529B-SegmentedRaftLogWorker] WARN  segmented.SegmentedRaftLogWorker (SegmentedRaftLogWorker.java:getFromFuture(90)) - Timeout 16/~
org.apache.ratis.protocol.TimeoutIOException: Timeout 10s: WriteLog:18: (t:3, i:18), STATEMACHINELOGENTRY, client-F03A841534FE, cid=22-writeStateMachineData
	at org.apache.ratis.util.IOUtils.getFromFuture(IOUtils.java:87)
	at org.apache.ratis.server.raftlog.segmented.SegmentedRaftLogWorker$StateMachineDataPolicy.getFromFuture(SegmentedRaftLogWorker.java:87)
	at org.apache.ratis.server.raftlog.segmented.SegmentedRaftLogWorker$WriteLog.execute(SegmentedRaftLogWorker.java:477)
	at org.apache.ratis.server.raftlog.segmented.SegmentedRaftLogWorker.run(SegmentedRaftLogWorker.java:289)
	at java.lang.Thread.run(Thread.java:748)
Caused by: java.util.concurrent.TimeoutException
	at java.util.concurrent.CompletableFuture.timedGet(CompletableFuture.java:1771)
	at java.util.concurrent.CompletableFuture.get(CompletableFuture.java:1915)
	at org.apache.ratis.util.IOUtils.getFromFuture(IOUtils.java:79)
	... 4 more
2019-09-10 12:36:27,063 [c5411d41-1b0a-4036-bc03-3ae3d66d2b07@group-9A53ED4A529B-SegmentedRaftLogWorker] WARN  segmented.SegmentedRaftLogWorker (SegmentedRaftLogWorker.java:getFromFuture(90)) - Timeout 16/~
org.apache.ratis.protocol.TimeoutIOException: Timeout 10s: WriteLog:18: (t:3, i:18), STATEMACHINELOGENTRY, client-F03A841534FE, cid=22-writeStateMachineData
	at org.apache.ratis.util.IOUtils.getFromFuture(IOUtils.java:87)
	at org.apache.ratis.server.raftlog.segmented.SegmentedRaftLogWorker$StateMachineDataPolicy.getFromFuture(SegmentedRaftLogWorker.java:87)
	at org.apache.ratis.server.raftlog.segmented.SegmentedRaftLogWorker$WriteLog.execute(SegmentedRaftLogWorker.java:477)
	at org.apache.ratis.server.raftlog.segmented.SegmentedRaftLogWorker.run(SegmentedRaftLogWorker.java:289)
	at java.lang.Thread.run(Thread.java:748)
Caused by: java.util.concurrent.TimeoutException
	at java.util.concurrent.CompletableFuture.timedGet(CompletableFuture.java:1771)
	at java.util.concurrent.CompletableFuture.get(CompletableFuture.java:1915)
	at org.apache.ratis.util.IOUtils.getFromFuture(IOUtils.java:79)
	... 4 more
2019-09-10 12:36:27,084 [EventQueue-PipelineActionsForPipelineActionHandler] ERROR pipeline.PipelineActionHandler (PipelineActionHandler.java:onMessage(60)) - Received pipeline action CLOSE for Pipeline[ Id: f5e49e1f-983b-4678-b9f0-9a53ed4a529b, Nodes: bda12bde-a9da-41da-b7e7-5c1ce23ab93c{ip: 192.168.34.50, host: pr-hdds-1879-pp2l2-2511026898, networkLocation: /default-rack, certSerialId: null}33fcc201-48fd-47f6-879d-4d238b82d8e9{ip: 192.168.34.50, host: pr-hdds-1879-pp2l2-2511026898, networkLocation: /default-rack, certSerialId: null}c5411d41-1b0a-4036-bc03-3ae3d66d2b07{ip: 192.168.34.50, host: pr-hdds-1879-pp2l2-2511026898, networkLocation: /default-rack, certSerialId: null}, Type:RATIS, Factor:THREE, State:CLOSED] from datanode c5411d41-1b0a-4036-bc03-3ae3d66d2b07{ip: 192.168.34.50, host: pr-hdds-1879-pp2l2-2511026898, networkLocation: /default-rack, certSerialId: null}. Reason : c5411d41-1b0a-4036-bc03-3ae3d66d2b07 has not seen follower/s 33fcc201-48fd-47f6-879d-4d238b82d8e9 for 169567ms
2019-09-10 12:36:27,085 [EventQueue-PipelineActionsForPipelineActionHandler] INFO  pipeline.SCMPipelineManager (SCMPipelineManager.java:finalizeAndDestroyPipeline(311)) - destroying pipeline:Pipeline[ Id: f5e49e1f-983b-4678-b9f0-9a53ed4a529b, Nodes: bda12bde-a9da-41da-b7e7-5c1ce23ab93c{ip: 192.168.34.50, host: pr-hdds-1879-pp2l2-2511026898, networkLocation: /default-rack, certSerialId: null}33fcc201-48fd-47f6-879d-4d238b82d8e9{ip: 192.168.34.50, host: pr-hdds-1879-pp2l2-2511026898, networkLocation: /default-rack, certSerialId: null}c5411d41-1b0a-4036-bc03-3ae3d66d2b07{ip: 192.168.34.50, host: pr-hdds-1879-pp2l2-2511026898, networkLocation: /default-rack, certSerialId: null}, Type:RATIS, Factor:THREE, State:CLOSED]
2019-09-10 12:36:28,599 [org.apache.ratis.server.impl.LogAppender$AppenderDaemon$$Lambda$513/179557972@4ca8ac1d] ERROR ratis.XceiverServerRatis (XceiverServerRatis.java:triggerPipelineClose(568)) - pipeline Action CLOSE  on pipeline PipelineID=f5e49e1f-983b-4678-b9f0-9a53ed4a529b.Reason : c5411d41-1b0a-4036-bc03-3ae3d66d2b07 has not seen follower/s 33fcc201-48fd-47f6-879d-4d238b82d8e9 for 172068ms
2019-09-10 12:36:28,634 [grpc-default-executor-2] INFO  client.GrpcClientProtocolClient (GrpcClientProtocolClient.java:onNext(264)) - client-F03A841534FE->33fcc201-48fd-47f6-879d-4d238b82d8e9: receive RaftClientReply:client-F03A841534FE->33fcc201-48fd-47f6-879d-4d238b82d8e9@group-9A53ED4A529B, cid=21, FAILED org.apache.ratis.protocol.NotLeaderException: Server 33fcc201-48fd-47f6-879d-4d238b82d8e9@group-9A53ED4A529B is not the leader c5411d41-1b0a-4036-bc03-3ae3d66d2b07:192.168.34.50:35961, logIndex=0, commits[33fcc201-48fd-47f6-879d-4d238b82d8e9:c16, c5411d41-1b0a-4036-bc03-3ae3d66d2b07:c16, bda12bde-a9da-41da-b7e7-5c1ce23ab93c:c16]
2019-09-10 12:36:29,082 [EventQueue-PipelineActionsForPipelineActionHandler] ERROR pipeline.PipelineActionHandler (PipelineActionHandler.java:onMessage(60)) - Received pipeline action CLOSE for Pipeline[ Id: f5e49e1f-983b-4678-b9f0-9a53ed4a529b, Nodes: bda12bde-a9da-41da-b7e7-5c1ce23ab93c{ip: 192.168.34.50, host: pr-hdds-1879-pp2l2-2511026898, networkLocation: /default-rack, certSerialId: null}33fcc201-48fd-47f6-879d-4d238b82d8e9{ip: 192.168.34.50, host: pr-hdds-1879-pp2l2-2511026898, networkLocation: /default-rack, certSerialId: null}c5411d41-1b0a-4036-bc03-3ae3d66d2b07{ip: 192.168.34.50, host: pr-hdds-1879-pp2l2-2511026898, networkLocation: /default-rack, certSerialId: null}, Type:RATIS, Factor:THREE, State:CLOSED] from datanode c5411d41-1b0a-4036-bc03-3ae3d66d2b07{ip: 192.168.34.50, host: pr-hdds-1879-pp2l2-2511026898, networkLocation: /default-rack, certSerialId: null}. Reason : c5411d41-1b0a-4036-bc03-3ae3d66d2b07 has not seen follower/s 33fcc201-48fd-47f6-879d-4d238b82d8e9 for 172068ms
2019-09-10 12:36:29,083 [EventQueue-PipelineActionsForPipelineActionHandler] INFO  pipeline.SCMPipelineManager (SCMPipelineManager.java:finalizeAndDestroyPipeline(311)) - destroying pipeline:Pipeline[ Id: f5e49e1f-983b-4678-b9f0-9a53ed4a529b, Nodes: bda12bde-a9da-41da-b7e7-5c1ce23ab93c{ip: 192.168.34.50, host: pr-hdds-1879-pp2l2-2511026898, networkLocation: /default-rack, certSerialId: null}33fcc201-48fd-47f6-879d-4d238b82d8e9{ip: 192.168.34.50, host: pr-hdds-1879-pp2l2-2511026898, networkLocation: /default-rack, certSerialId: null}c5411d41-1b0a-4036-bc03-3ae3d66d2b07{ip: 192.168.34.50, host: pr-hdds-1879-pp2l2-2511026898, networkLocation: /default-rack, certSerialId: null}, Type:RATIS, Factor:THREE, State:CLOSED]
2019-09-10 12:36:29,098 [java.util.concurrent.ThreadPoolExecutor$Worker@7ec24b8f[State = -1, empty queue]] WARN  server.GrpcLogAppender (GrpcLogAppender.java:timeoutAppendRequest(200)) - c5411d41-1b0a-4036-bc03-3ae3d66d2b07@group-9A53ED4A529B->33fcc201-48fd-47f6-879d-4d238b82d8e9-GrpcLogAppender: appendEntries Timeout, request=c5411d41-1b0a-4036-bc03-3ae3d66d2b07->33fcc201-48fd-47f6-879d-4d238b82d8e9#88-t3, previous=(t:3, i:20), leaderCommit=16, initializing? false, entries: <empty>
2019-09-10 12:36:31,101 [org.apache.ratis.server.impl.LogAppender$AppenderDaemon$$Lambda$513/179557972@4ca8ac1d] ERROR ratis.XceiverServerRatis (XceiverServerRatis.java:triggerPipelineClose(568)) - pipeline Action CLOSE  on pipeline PipelineID=f5e49e1f-983b-4678-b9f0-9a53ed4a529b.Reason : c5411d41-1b0a-4036-bc03-3ae3d66d2b07 has not seen follower/s 33fcc201-48fd-47f6-879d-4d238b82d8e9 for 174570ms
2019-09-10 12:36:31,599 [java.util.concurrent.ThreadPoolExecutor$Worker@7ec24b8f[State = -1, empty queue]] WARN  server.GrpcLogAppender (GrpcLogAppender.java:timeoutAppendRequest(200)) - c5411d41-1b0a-4036-bc03-3ae3d66d2b07@group-9A53ED4A529B->33fcc201-48fd-47f6-879d-4d238b82d8e9-GrpcLogAppender: appendEntries Timeout, request=c5411d41-1b0a-4036-bc03-3ae3d66d2b07->33fcc201-48fd-47f6-879d-4d238b82d8e9#89-t3, previous=(t:3, i:20), leaderCommit=16, initializing? false, entries: <empty>
2019-09-10 12:36:32,084 [EventQueue-PipelineActionsForPipelineActionHandler] ERROR pipeline.PipelineActionHandler (PipelineActionHandler.java:onMessage(60)) - Received pipeline action CLOSE for Pipeline[ Id: f5e49e1f-983b-4678-b9f0-9a53ed4a529b, Nodes: bda12bde-a9da-41da-b7e7-5c1ce23ab93c{ip: 192.168.34.50, host: pr-hdds-1879-pp2l2-2511026898, networkLocation: /default-rack, certSerialId: null}33fcc201-48fd-47f6-879d-4d238b82d8e9{ip: 192.168.34.50, host: pr-hdds-1879-pp2l2-2511026898, networkLocation: /default-rack, certSerialId: null}c5411d41-1b0a-4036-bc03-3ae3d66d2b07{ip: 192.168.34.50, host: pr-hdds-1879-pp2l2-2511026898, networkLocation: /default-rack, certSerialId: null}, Type:RATIS, Factor:THREE, State:CLOSED] from datanode c5411d41-1b0a-4036-bc03-3ae3d66d2b07{ip: 192.168.34.50, host: pr-hdds-1879-pp2l2-2511026898, networkLocation: /default-rack, certSerialId: null}. Reason : c5411d41-1b0a-4036-bc03-3ae3d66d2b07 has not seen follower/s 33fcc201-48fd-47f6-879d-4d238b82d8e9 for 174570ms
2019-09-10 12:36:32,084 [EventQueue-PipelineActionsForPipelineActionHandler] INFO  pipeline.SCMPipelineManager (SCMPipelineManager.java:finalizeAndDestroyPipeline(311)) - destroying pipeline:Pipeline[ Id: f5e49e1f-983b-4678-b9f0-9a53ed4a529b, Nodes: bda12bde-a9da-41da-b7e7-5c1ce23ab93c{ip: 192.168.34.50, host: pr-hdds-1879-pp2l2-2511026898, networkLocation: /default-rack, certSerialId: null}33fcc201-48fd-47f6-879d-4d238b82d8e9{ip: 192.168.34.50, host: pr-hdds-1879-pp2l2-2511026898, networkLocation: /default-rack, certSerialId: null}c5411d41-1b0a-4036-bc03-3ae3d66d2b07{ip: 192.168.34.50, host: pr-hdds-1879-pp2l2-2511026898, networkLocation: /default-rack, certSerialId: null}, Type:RATIS, Factor:THREE, State:CLOSED]
2019-09-10 12:36:33,602 [org.apache.ratis.server.impl.LogAppender$AppenderDaemon$$Lambda$513/179557972@4ca8ac1d] ERROR ratis.XceiverServerRatis (XceiverServerRatis.java:triggerPipelineClose(568)) - pipeline Action CLOSE  on pipeline PipelineID=f5e49e1f-983b-4678-b9f0-9a53ed4a529b.Reason : c5411d41-1b0a-4036-bc03-3ae3d66d2b07 has not seen follower/s 33fcc201-48fd-47f6-879d-4d238b82d8e9 for 177071ms
2019-09-10 12:36:33,685 [grpc-default-executor-0] INFO  client.GrpcClientProtocolClient (GrpcClientProtocolClient.java:onNext(264)) - client-F03A841534FE->33fcc201-48fd-47f6-879d-4d238b82d8e9: receive RaftClientReply:client-F03A841534FE->33fcc201-48fd-47f6-879d-4d238b82d8e9@group-9A53ED4A529B, cid=21, FAILED org.apache.ratis.protocol.NotLeaderException: Server 33fcc201-48fd-47f6-879d-4d238b82d8e9@group-9A53ED4A529B is not the leader c5411d41-1b0a-4036-bc03-3ae3d66d2b07:192.168.34.50:35961, logIndex=0, commits[33fcc201-48fd-47f6-879d-4d238b82d8e9:c16, c5411d41-1b0a-4036-bc03-3ae3d66d2b07:c16, bda12bde-a9da-41da-b7e7-5c1ce23ab93c:c16]
2019-09-10 12:36:34,084 [EventQueue-PipelineActionsForPipelineActionHandler] ERROR pipeline.PipelineActionHandler (PipelineActionHandler.java:onMessage(60)) - Received pipeline action CLOSE for Pipeline[ Id: f5e49e1f-983b-4678-b9f0-9a53ed4a529b, Nodes: bda12bde-a9da-41da-b7e7-5c1ce23ab93c{ip: 192.168.34.50, host: pr-hdds-1879-pp2l2-2511026898, networkLocation: /default-rack, certSerialId: null}33fcc201-48fd-47f6-879d-4d238b82d8e9{ip: 192.168.34.50, host: pr-hdds-1879-pp2l2-2511026898, networkLocation: /default-rack, certSerialId: null}c5411d41-1b0a-4036-bc03-3ae3d66d2b07{ip: 192.168.34.50, host: pr-hdds-1879-pp2l2-2511026898, networkLocation: /default-rack, certSerialId: null}, Type:RATIS, Factor:THREE, State:CLOSED] from datanode c5411d41-1b0a-4036-bc03-3ae3d66d2b07{ip: 192.168.34.50, host: pr-hdds-1879-pp2l2-2511026898, networkLocation: /default-rack, certSerialId: null}. Reason : c5411d41-1b0a-4036-bc03-3ae3d66d2b07 has not seen follower/s 33fcc201-48fd-47f6-879d-4d238b82d8e9 for 177071ms
2019-09-10 12:36:34,084 [EventQueue-PipelineActionsForPipelineActionHandler] INFO  pipeline.SCMPipelineManager (SCMPipelineManager.java:finalizeAndDestroyPipeline(311)) - destroying pipeline:Pipeline[ Id: f5e49e1f-983b-4678-b9f0-9a53ed4a529b, Nodes: bda12bde-a9da-41da-b7e7-5c1ce23ab93c{ip: 192.168.34.50, host: pr-hdds-1879-pp2l2-2511026898, networkLocation: /default-rack, certSerialId: null}33fcc201-48fd-47f6-879d-4d238b82d8e9{ip: 192.168.34.50, host: pr-hdds-1879-pp2l2-2511026898, networkLocation: /default-rack, certSerialId: null}c5411d41-1b0a-4036-bc03-3ae3d66d2b07{ip: 192.168.34.50, host: pr-hdds-1879-pp2l2-2511026898, networkLocation: /default-rack, certSerialId: null}, Type:RATIS, Factor:THREE, State:CLOSED]
2019-09-10 12:36:34,100 [java.util.concurrent.ThreadPoolExecutor$Worker@7ec24b8f[State = -1, empty queue]] WARN  server.GrpcLogAppender (GrpcLogAppender.java:timeoutAppendRequest(200)) - c5411d41-1b0a-4036-bc03-3ae3d66d2b07@group-9A53ED4A529B->33fcc201-48fd-47f6-879d-4d238b82d8e9-GrpcLogAppender: appendEntries Timeout, request=c5411d41-1b0a-4036-bc03-3ae3d66d2b07->33fcc201-48fd-47f6-879d-4d238b82d8e9#90-t3, previous=(t:3, i:20), leaderCommit=16, initializing? false, entries: <empty>
2019-09-10 12:36:36,103 [org.apache.ratis.server.impl.LogAppender$AppenderDaemon$$Lambda$513/179557972@4ca8ac1d] ERROR ratis.XceiverServerRatis (XceiverServerRatis.java:triggerPipelineClose(568)) - pipeline Action CLOSE  on pipeline PipelineID=f5e49e1f-983b-4678-b9f0-9a53ed4a529b.Reason : c5411d41-1b0a-4036-bc03-3ae3d66d2b07 has not seen follower/s 33fcc201-48fd-47f6-879d-4d238b82d8e9 for 179572ms
2019-09-10 12:36:36,603 [java.util.concurrent.ThreadPoolExecutor$Worker@7ec24b8f[State = -1, empty queue]] WARN  server.GrpcLogAppender (GrpcLogAppender.java:timeoutAppendRequest(200)) - c5411d41-1b0a-4036-bc03-3ae3d66d2b07@group-9A53ED4A529B->33fcc201-48fd-47f6-879d-4d238b82d8e9-GrpcLogAppender: appendEntries Timeout, request=c5411d41-1b0a-4036-bc03-3ae3d66d2b07->33fcc201-48fd-47f6-879d-4d238b82d8e9#91-t3, previous=(t:3, i:20), leaderCommit=16, initializing? false, entries: <empty>
2019-09-10 12:36:37,064 [33fcc201-48fd-47f6-879d-4d238b82d8e9@group-9A53ED4A529B-SegmentedRaftLogWorker] WARN  segmented.SegmentedRaftLogWorker (SegmentedRaftLogWorker.java:getFromFuture(90)) - Timeout 17/~
org.apache.ratis.protocol.TimeoutIOException: Timeout 10s: WriteLog:18: (t:3, i:18), STATEMACHINELOGENTRY, client-F03A841534FE, cid=22-writeStateMachineData
	at org.apache.ratis.util.IOUtils.getFromFuture(IOUtils.java:87)
	at org.apache.ratis.server.raftlog.segmented.SegmentedRaftLogWorker$StateMachineDataPolicy.getFromFuture(SegmentedRaftLogWorker.java:87)
	at org.apache.ratis.server.raftlog.segmented.SegmentedRaftLogWorker$WriteLog.execute(SegmentedRaftLogWorker.java:477)
	at org.apache.ratis.server.raftlog.segmented.SegmentedRaftLogWorker.run(SegmentedRaftLogWorker.java:289)
	at java.lang.Thread.run(Thread.java:748)
Caused by: java.util.concurrent.TimeoutException
	at java.util.concurrent.CompletableFuture.timedGet(CompletableFuture.java:1771)
	at java.util.concurrent.CompletableFuture.get(CompletableFuture.java:1915)
	at org.apache.ratis.util.IOUtils.getFromFuture(IOUtils.java:79)
	... 4 more
2019-09-10 12:36:37,067 [c5411d41-1b0a-4036-bc03-3ae3d66d2b07@group-9A53ED4A529B-SegmentedRaftLogWorker] WARN  segmented.SegmentedRaftLogWorker (SegmentedRaftLogWorker.java:getFromFuture(90)) - Timeout 17/~
org.apache.ratis.protocol.TimeoutIOException: Timeout 10s: WriteLog:18: (t:3, i:18), STATEMACHINELOGENTRY, client-F03A841534FE, cid=22-writeStateMachineData
	at org.apache.ratis.util.IOUtils.getFromFuture(IOUtils.java:87)
	at org.apache.ratis.server.raftlog.segmented.SegmentedRaftLogWorker$StateMachineDataPolicy.getFromFuture(SegmentedRaftLogWorker.java:87)
	at org.apache.ratis.server.raftlog.segmented.SegmentedRaftLogWorker$WriteLog.execute(SegmentedRaftLogWorker.java:477)
	at org.apache.ratis.server.raftlog.segmented.SegmentedRaftLogWorker.run(SegmentedRaftLogWorker.java:289)
	at java.lang.Thread.run(Thread.java:748)
Caused by: java.util.concurrent.TimeoutException
	at java.util.concurrent.CompletableFuture.timedGet(CompletableFuture.java:1771)
	at java.util.concurrent.CompletableFuture.get(CompletableFuture.java:1915)
	at org.apache.ratis.util.IOUtils.getFromFuture(IOUtils.java:79)
	... 4 more
2019-09-10 12:36:37,084 [EventQueue-PipelineActionsForPipelineActionHandler] ERROR pipeline.PipelineActionHandler (PipelineActionHandler.java:onMessage(60)) - Received pipeline action CLOSE for Pipeline[ Id: f5e49e1f-983b-4678-b9f0-9a53ed4a529b, Nodes: bda12bde-a9da-41da-b7e7-5c1ce23ab93c{ip: 192.168.34.50, host: pr-hdds-1879-pp2l2-2511026898, networkLocation: /default-rack, certSerialId: null}33fcc201-48fd-47f6-879d-4d238b82d8e9{ip: 192.168.34.50, host: pr-hdds-1879-pp2l2-2511026898, networkLocation: /default-rack, certSerialId: null}c5411d41-1b0a-4036-bc03-3ae3d66d2b07{ip: 192.168.34.50, host: pr-hdds-1879-pp2l2-2511026898, networkLocation: /default-rack, certSerialId: null}, Type:RATIS, Factor:THREE, State:CLOSED] from datanode c5411d41-1b0a-4036-bc03-3ae3d66d2b07{ip: 192.168.34.50, host: pr-hdds-1879-pp2l2-2511026898, networkLocation: /default-rack, certSerialId: null}. Reason : c5411d41-1b0a-4036-bc03-3ae3d66d2b07 has not seen follower/s 33fcc201-48fd-47f6-879d-4d238b82d8e9 for 179572ms
2019-09-10 12:36:37,084 [EventQueue-PipelineActionsForPipelineActionHandler] INFO  pipeline.SCMPipelineManager (SCMPipelineManager.java:finalizeAndDestroyPipeline(311)) - destroying pipeline:Pipeline[ Id: f5e49e1f-983b-4678-b9f0-9a53ed4a529b, Nodes: bda12bde-a9da-41da-b7e7-5c1ce23ab93c{ip: 192.168.34.50, host: pr-hdds-1879-pp2l2-2511026898, networkLocation: /default-rack, certSerialId: null}33fcc201-48fd-47f6-879d-4d238b82d8e9{ip: 192.168.34.50, host: pr-hdds-1879-pp2l2-2511026898, networkLocation: /default-rack, certSerialId: null}c5411d41-1b0a-4036-bc03-3ae3d66d2b07{ip: 192.168.34.50, host: pr-hdds-1879-pp2l2-2511026898, networkLocation: /default-rack, certSerialId: null}, Type:RATIS, Factor:THREE, State:CLOSED]
2019-09-10 12:36:38,604 [org.apache.ratis.server.impl.LogAppender$AppenderDaemon$$Lambda$513/179557972@4ca8ac1d] ERROR ratis.XceiverServerRatis (XceiverServerRatis.java:triggerPipelineClose(568)) - pipeline Action CLOSE  on pipeline PipelineID=f5e49e1f-983b-4678-b9f0-9a53ed4a529b.Reason : c5411d41-1b0a-4036-bc03-3ae3d66d2b07 has not seen follower/s 33fcc201-48fd-47f6-879d-4d238b82d8e9 for 182073ms
2019-09-10 12:36:38,727 [grpc-default-executor-2] INFO  client.GrpcClientProtocolClient (GrpcClientProtocolClient.java:onNext(264)) - client-F03A841534FE->33fcc201-48fd-47f6-879d-4d238b82d8e9: receive RaftClientReply:client-F03A841534FE->33fcc201-48fd-47f6-879d-4d238b82d8e9@group-9A53ED4A529B, cid=21, FAILED org.apache.ratis.protocol.NotLeaderException: Server 33fcc201-48fd-47f6-879d-4d238b82d8e9@group-9A53ED4A529B is not the leader c5411d41-1b0a-4036-bc03-3ae3d66d2b07:192.168.34.50:35961, logIndex=0, commits[33fcc201-48fd-47f6-879d-4d238b82d8e9:c16, c5411d41-1b0a-4036-bc03-3ae3d66d2b07:c16, bda12bde-a9da-41da-b7e7-5c1ce23ab93c:c16]
2019-09-10 12:36:39,084 [EventQueue-PipelineActionsForPipelineActionHandler] ERROR pipeline.PipelineActionHandler (PipelineActionHandler.java:onMessage(60)) - Received pipeline action CLOSE for Pipeline[ Id: f5e49e1f-983b-4678-b9f0-9a53ed4a529b, Nodes: bda12bde-a9da-41da-b7e7-5c1ce23ab93c{ip: 192.168.34.50, host: pr-hdds-1879-pp2l2-2511026898, networkLocation: /default-rack, certSerialId: null}33fcc201-48fd-47f6-879d-4d238b82d8e9{ip: 192.168.34.50, host: pr-hdds-1879-pp2l2-2511026898, networkLocation: /default-rack, certSerialId: null}c5411d41-1b0a-4036-bc03-3ae3d66d2b07{ip: 192.168.34.50, host: pr-hdds-1879-pp2l2-2511026898, networkLocation: /default-rack, certSerialId: null}, Type:RATIS, Factor:THREE, State:CLOSED] from datanode c5411d41-1b0a-4036-bc03-3ae3d66d2b07{ip: 192.168.34.50, host: pr-hdds-1879-pp2l2-2511026898, networkLocation: /default-rack, certSerialId: null}. Reason : c5411d41-1b0a-4036-bc03-3ae3d66d2b07 has not seen follower/s 33fcc201-48fd-47f6-879d-4d238b82d8e9 for 182073ms
2019-09-10 12:36:39,084 [EventQueue-PipelineActionsForPipelineActionHandler] INFO  pipeline.SCMPipelineManager (SCMPipelineManager.java:finalizeAndDestroyPipeline(311)) - destroying pipeline:Pipeline[ Id: f5e49e1f-983b-4678-b9f0-9a53ed4a529b, Nodes: bda12bde-a9da-41da-b7e7-5c1ce23ab93c{ip: 192.168.34.50, host: pr-hdds-1879-pp2l2-2511026898, networkLocation: /default-rack, certSerialId: null}33fcc201-48fd-47f6-879d-4d238b82d8e9{ip: 192.168.34.50, host: pr-hdds-1879-pp2l2-2511026898, networkLocation: /default-rack, certSerialId: null}c5411d41-1b0a-4036-bc03-3ae3d66d2b07{ip: 192.168.34.50, host: pr-hdds-1879-pp2l2-2511026898, networkLocation: /default-rack, certSerialId: null}, Type:RATIS, Factor:THREE, State:CLOSED]
2019-09-10 12:36:39,103 [java.util.concurrent.ThreadPoolExecutor$Worker@7ec24b8f[State = -1, empty queue]] WARN  server.GrpcLogAppender (GrpcLogAppender.java:timeoutAppendRequest(200)) - c5411d41-1b0a-4036-bc03-3ae3d66d2b07@group-9A53ED4A529B->33fcc201-48fd-47f6-879d-4d238b82d8e9-GrpcLogAppender: appendEntries Timeout, request=c5411d41-1b0a-4036-bc03-3ae3d66d2b07->33fcc201-48fd-47f6-879d-4d238b82d8e9#92-t3, previous=(t:3, i:20), leaderCommit=16, initializing? false, entries: <empty>
2019-09-10 12:36:41,104 [org.apache.ratis.server.impl.LogAppender$AppenderDaemon$$Lambda$513/179557972@4ca8ac1d] ERROR ratis.XceiverServerRatis (XceiverServerRatis.java:triggerPipelineClose(568)) - pipeline Action CLOSE  on pipeline PipelineID=f5e49e1f-983b-4678-b9f0-9a53ed4a529b.Reason : c5411d41-1b0a-4036-bc03-3ae3d66d2b07 has not seen follower/s 33fcc201-48fd-47f6-879d-4d238b82d8e9 for 184574ms
2019-09-10 12:36:41,604 [java.util.concurrent.ThreadPoolExecutor$Worker@7ec24b8f[State = -1, empty queue]] WARN  server.GrpcLogAppender (GrpcLogAppender.java:timeoutAppendRequest(200)) - c5411d41-1b0a-4036-bc03-3ae3d66d2b07@group-9A53ED4A529B->33fcc201-48fd-47f6-879d-4d238b82d8e9-GrpcLogAppender: appendEntries Timeout, request=c5411d41-1b0a-4036-bc03-3ae3d66d2b07->33fcc201-48fd-47f6-879d-4d238b82d8e9#93-t3, previous=(t:3, i:20), leaderCommit=16, initializing? false, entries: <empty>
2019-09-10 12:36:42,083 [EventQueue-PipelineActionsForPipelineActionHandler] ERROR pipeline.PipelineActionHandler (PipelineActionHandler.java:onMessage(60)) - Received pipeline action CLOSE for Pipeline[ Id: f5e49e1f-983b-4678-b9f0-9a53ed4a529b, Nodes: bda12bde-a9da-41da-b7e7-5c1ce23ab93c{ip: 192.168.34.50, host: pr-hdds-1879-pp2l2-2511026898, networkLocation: /default-rack, certSerialId: null}33fcc201-48fd-47f6-879d-4d238b82d8e9{ip: 192.168.34.50, host: pr-hdds-1879-pp2l2-2511026898, networkLocation: /default-rack, certSerialId: null}c5411d41-1b0a-4036-bc03-3ae3d66d2b07{ip: 192.168.34.50, host: pr-hdds-1879-pp2l2-2511026898, networkLocation: /default-rack, certSerialId: null}, Type:RATIS, Factor:THREE, State:CLOSED] from datanode c5411d41-1b0a-4036-bc03-3ae3d66d2b07{ip: 192.168.34.50, host: pr-hdds-1879-pp2l2-2511026898, networkLocation: /default-rack, certSerialId: null}. Reason : c5411d41-1b0a-4036-bc03-3ae3d66d2b07 has not seen follower/s 33fcc201-48fd-47f6-879d-4d238b82d8e9 for 184574ms
2019-09-10 12:36:42,084 [EventQueue-PipelineActionsForPipelineActionHandler] INFO  pipeline.SCMPipelineManager (SCMPipelineManager.java:finalizeAndDestroyPipeline(311)) - destroying pipeline:Pipeline[ Id: f5e49e1f-983b-4678-b9f0-9a53ed4a529b, Nodes: bda12bde-a9da-41da-b7e7-5c1ce23ab93c{ip: 192.168.34.50, host: pr-hdds-1879-pp2l2-2511026898, networkLocation: /default-rack, certSerialId: null}33fcc201-48fd-47f6-879d-4d238b82d8e9{ip: 192.168.34.50, host: pr-hdds-1879-pp2l2-2511026898, networkLocation: /default-rack, certSerialId: null}c5411d41-1b0a-4036-bc03-3ae3d66d2b07{ip: 192.168.34.50, host: pr-hdds-1879-pp2l2-2511026898, networkLocation: /default-rack, certSerialId: null}, Type:RATIS, Factor:THREE, State:CLOSED]
2019-09-10 12:36:43,605 [org.apache.ratis.server.impl.LogAppender$AppenderDaemon$$Lambda$513/179557972@4ca8ac1d] ERROR ratis.XceiverServerRatis (XceiverServerRatis.java:triggerPipelineClose(568)) - pipeline Action CLOSE  on pipeline PipelineID=f5e49e1f-983b-4678-b9f0-9a53ed4a529b.Reason : c5411d41-1b0a-4036-bc03-3ae3d66d2b07 has not seen follower/s 33fcc201-48fd-47f6-879d-4d238b82d8e9 for 187075ms
2019-09-10 12:36:43,766 [grpc-default-executor-2] INFO  client.GrpcClientProtocolClient (GrpcClientProtocolClient.java:onNext(264)) - client-F03A841534FE->bda12bde-a9da-41da-b7e7-5c1ce23ab93c: receive RaftClientReply:client-F03A841534FE->bda12bde-a9da-41da-b7e7-5c1ce23ab93c@group-9A53ED4A529B, cid=21, FAILED org.apache.ratis.protocol.NotLeaderException: Server bda12bde-a9da-41da-b7e7-5c1ce23ab93c@group-9A53ED4A529B is not the leader c5411d41-1b0a-4036-bc03-3ae3d66d2b07:192.168.34.50:35961, logIndex=0, commits[bda12bde-a9da-41da-b7e7-5c1ce23ab93c:c16, c5411d41-1b0a-4036-bc03-3ae3d66d2b07:c16, 33fcc201-48fd-47f6-879d-4d238b82d8e9:c12]
2019-09-10 12:36:44,083 [grpc-default-executor-2] INFO  impl.RaftServerProxy (RaftServerProxy.java:remove(95)) - bda12bde-a9da-41da-b7e7-5c1ce23ab93c: remove  FOLLOWER bda12bde-a9da-41da-b7e7-5c1ce23ab93c@group-9A53ED4A529B:t3, leader=c5411d41-1b0a-4036-bc03-3ae3d66d2b07, voted=null, raftlog=bda12bde-a9da-41da-b7e7-5c1ce23ab93c@group-9A53ED4A529B-SegmentedRaftLog:OPENED:c16,f20,i20, conf=0: [c5411d41-1b0a-4036-bc03-3ae3d66d2b07:192.168.34.50:35961, bda12bde-a9da-41da-b7e7-5c1ce23ab93c:192.168.34.50:35398, 33fcc201-48fd-47f6-879d-4d238b82d8e9:192.168.34.50:35712], old=null RUNNING
2019-09-10 12:36:44,083 [EventQueue-PipelineActionsForPipelineActionHandler] ERROR pipeline.PipelineActionHandler (PipelineActionHandler.java:onMessage(60)) - Received pipeline action CLOSE for Pipeline[ Id: f5e49e1f-983b-4678-b9f0-9a53ed4a529b, Nodes: bda12bde-a9da-41da-b7e7-5c1ce23ab93c{ip: 192.168.34.50, host: pr-hdds-1879-pp2l2-2511026898, networkLocation: /default-rack, certSerialId: null}33fcc201-48fd-47f6-879d-4d238b82d8e9{ip: 192.168.34.50, host: pr-hdds-1879-pp2l2-2511026898, networkLocation: /default-rack, certSerialId: null}c5411d41-1b0a-4036-bc03-3ae3d66d2b07{ip: 192.168.34.50, host: pr-hdds-1879-pp2l2-2511026898, networkLocation: /default-rack, certSerialId: null}, Type:RATIS, Factor:THREE, State:CLOSED] from datanode c5411d41-1b0a-4036-bc03-3ae3d66d2b07{ip: 192.168.34.50, host: pr-hdds-1879-pp2l2-2511026898, networkLocation: /default-rack, certSerialId: null}. Reason : c5411d41-1b0a-4036-bc03-3ae3d66d2b07 has not seen follower/s 33fcc201-48fd-47f6-879d-4d238b82d8e9 for 187075ms
2019-09-10 12:36:44,084 [EventQueue-PipelineActionsForPipelineActionHandler] INFO  pipeline.SCMPipelineManager (SCMPipelineManager.java:finalizeAndDestroyPipeline(311)) - destroying pipeline:Pipeline[ Id: f5e49e1f-983b-4678-b9f0-9a53ed4a529b, Nodes: bda12bde-a9da-41da-b7e7-5c1ce23ab93c{ip: 192.168.34.50, host: pr-hdds-1879-pp2l2-2511026898, networkLocation: /default-rack, certSerialId: null}33fcc201-48fd-47f6-879d-4d238b82d8e9{ip: 192.168.34.50, host: pr-hdds-1879-pp2l2-2511026898, networkLocation: /default-rack, certSerialId: null}c5411d41-1b0a-4036-bc03-3ae3d66d2b07{ip: 192.168.34.50, host: pr-hdds-1879-pp2l2-2511026898, networkLocation: /default-rack, certSerialId: null}, Type:RATIS, Factor:THREE, State:CLOSED]
2019-09-10 12:36:44,088 [grpc-default-executor-2] INFO  impl.RaftServerImpl (RaftServerImpl.java:lambda$shutdown$3(251)) - bda12bde-a9da-41da-b7e7-5c1ce23ab93c@group-9A53ED4A529B: shutdown
2019-09-10 12:36:44,088 [grpc-default-executor-2] INFO  util.JmxRegister (JmxRegister.java:unregister(73)) - Successfully un-registered JMX Bean with object name Ratis:service=RaftServer,group=group-9A53ED4A529B,id=bda12bde-a9da-41da-b7e7-5c1ce23ab93c
2019-09-10 12:36:44,088 [grpc-default-executor-2] INFO  impl.RoleInfo (RoleInfo.java:shutdownFollowerState(121)) - bda12bde-a9da-41da-b7e7-5c1ce23ab93c: shutdown FollowerState
2019-09-10 12:36:44,088 [grpc-default-executor-2] INFO  impl.StateMachineUpdater (StateMachineUpdater.java:stopAndJoin(125)) - bda12bde-a9da-41da-b7e7-5c1ce23ab93c@group-9A53ED4A529B-StateMachineUpdater: set stopIndex = 16
2019-09-10 12:36:44,088 [Thread-355] INFO  impl.FollowerState (FollowerState.java:run(115)) - bda12bde-a9da-41da-b7e7-5c1ce23ab93c: FollowerState was interrupted: java.lang.InterruptedException: sleep interrupted
2019-09-10 12:36:44,090 [bda12bde-a9da-41da-b7e7-5c1ce23ab93c@group-9A53ED4A529B-StateMachineUpdater] INFO  ratis.ContainerStateMachine (ContainerStateMachine.java:takeSnapshot(289)) - group-9A53ED4A529B: Taking a snapshot at:(t:3, i:12) file /workdir/hadoop-ozone/integration-test/target/test-dir/MiniOzoneClusterImpl-3f53151c-50d4-4b96-bcaa-ed08380fd351/datanode-1/data/ratis/f5e49e1f-983b-4678-b9f0-9a53ed4a529b/sm/snapshot.3_12
2019-09-10 12:36:44,104 [java.util.concurrent.ThreadPoolExecutor$Worker@7ec24b8f[State = -1, empty queue]] WARN  server.GrpcLogAppender (GrpcLogAppender.java:timeoutAppendRequest(200)) - c5411d41-1b0a-4036-bc03-3ae3d66d2b07@group-9A53ED4A529B->33fcc201-48fd-47f6-879d-4d238b82d8e9-GrpcLogAppender: appendEntries Timeout, request=c5411d41-1b0a-4036-bc03-3ae3d66d2b07->33fcc201-48fd-47f6-879d-4d238b82d8e9#94-t3, previous=(t:3, i:20), leaderCommit=16, initializing? false, entries: <empty>
2019-09-10 12:36:44,122 [bda12bde-a9da-41da-b7e7-5c1ce23ab93c@group-9A53ED4A529B-StateMachineUpdater] INFO  ratis.ContainerStateMachine (ContainerStateMachine.java:takeSnapshot(300)) - group-9A53ED4A529B: Finished taking a snapshot at:(t:3, i:12) file:/workdir/hadoop-ozone/integration-test/target/test-dir/MiniOzoneClusterImpl-3f53151c-50d4-4b96-bcaa-ed08380fd351/datanode-1/data/ratis/f5e49e1f-983b-4678-b9f0-9a53ed4a529b/sm/snapshot.3_12 time:34
2019-09-10 12:36:44,123 [bda12bde-a9da-41da-b7e7-5c1ce23ab93c@group-9A53ED4A529B-StateMachineUpdater] INFO  impl.StateMachineUpdater (StateMachineUpdater.java:takeSnapshot(258)) - bda12bde-a9da-41da-b7e7-5c1ce23ab93c@group-9A53ED4A529B-StateMachineUpdater: Took a snapshot at index 12
2019-09-10 12:36:44,125 [bda12bde-a9da-41da-b7e7-5c1ce23ab93c@group-9A53ED4A529B-StateMachineUpdater] INFO  impl.StateMachineUpdater (StateMachineUpdater.java:lambda$new$0(83)) - bda12bde-a9da-41da-b7e7-5c1ce23ab93c@group-9A53ED4A529B-StateMachineUpdater: snapshotIndex: updateIncreasingly -1 -> 12
2019-09-10 12:36:44,130 [bda12bde-a9da-41da-b7e7-5c1ce23ab93c@group-9A53ED4A529B-StateMachineUpdater] INFO  ratis.ContainerStateMachine (ContainerStateMachine.java:takeSnapshot(289)) - group-9A53ED4A529B: Taking a snapshot at:(t:3, i:12) file /workdir/hadoop-ozone/integration-test/target/test-dir/MiniOzoneClusterImpl-3f53151c-50d4-4b96-bcaa-ed08380fd351/datanode-1/data/ratis/f5e49e1f-983b-4678-b9f0-9a53ed4a529b/sm/snapshot.3_12
2019-09-10 12:36:44,143 [bda12bde-a9da-41da-b7e7-5c1ce23ab93c@group-9A53ED4A529B-StateMachineUpdater] INFO  ratis.ContainerStateMachine (ContainerStateMachine.java:takeSnapshot(300)) - group-9A53ED4A529B: Finished taking a snapshot at:(t:3, i:12) file:/workdir/hadoop-ozone/integration-test/target/test-dir/MiniOzoneClusterImpl-3f53151c-50d4-4b96-bcaa-ed08380fd351/datanode-1/data/ratis/f5e49e1f-983b-4678-b9f0-9a53ed4a529b/sm/snapshot.3_12 time:13
2019-09-10 12:36:44,143 [bda12bde-a9da-41da-b7e7-5c1ce23ab93c@group-9A53ED4A529B-StateMachineUpdater] INFO  impl.StateMachineUpdater (StateMachineUpdater.java:takeSnapshot(258)) - bda12bde-a9da-41da-b7e7-5c1ce23ab93c@group-9A53ED4A529B-StateMachineUpdater: Took a snapshot at index 12
2019-09-10 12:36:44,143 [bda12bde-a9da-41da-b7e7-5c1ce23ab93c@group-9A53ED4A529B-StateMachineUpdater] INFO  impl.StateMachineUpdater (StateMachineUpdater.java:lambda$new$0(83)) - bda12bde-a9da-41da-b7e7-5c1ce23ab93c@group-9A53ED4A529B-StateMachineUpdater: snapshotIndex: updateIncreasingly 12 -> 12
2019-09-10 12:36:44,144 [grpc-default-executor-2] INFO  impl.RaftServerImpl (ServerState.java:close(385)) - bda12bde-a9da-41da-b7e7-5c1ce23ab93c@group-9A53ED4A529B: closes. applyIndex: 16
2019-09-10 12:36:44,145 [bda12bde-a9da-41da-b7e7-5c1ce23ab93c@group-9A53ED4A529B-SegmentedRaftLogWorker] INFO  segmented.SegmentedRaftLogWorker (SegmentedRaftLogWorker.java:run(313)) - bda12bde-a9da-41da-b7e7-5c1ce23ab93c@group-9A53ED4A529B-SegmentedRaftLogWorker was interrupted, exiting. There are 0 tasks remaining in the queue.
2019-09-10 12:36:44,147 [grpc-default-executor-2] INFO  segmented.SegmentedRaftLogWorker (SegmentedRaftLogWorker.java:close(228)) - bda12bde-a9da-41da-b7e7-5c1ce23ab93c@group-9A53ED4A529B-SegmentedRaftLogWorker close()
2019-09-10 12:36:44,166 [grpc-default-executor-2] INFO  interfaces.Container (KeyValueContainer.java:flushAndSyncDB(384)) - Container 1 is synced with bcsId 4.
2019-09-10 12:36:44,166 [grpc-default-executor-2] INFO  interfaces.Container (KeyValueContainer.java:flushAndSyncDB(384)) - Container 1 is synced with bcsId 4.
2019-09-10 12:36:44,184 [EventQueue-IncrementalContainerReportForIncrementalContainerReportHandler] INFO  container.IncrementalContainerReportHandler (AbstractContainerReportHandler.java:updateContainerState(169)) - Moving container #1 to QUASI_CLOSED state, datanode bda12bde-a9da-41da-b7e7-5c1ce23ab93c{ip: 192.168.34.50, host: pr-hdds-1879-pp2l2-2511026898, networkLocation: /default-rack, certSerialId: null} reported QUASI_CLOSED replica.
2019-09-10 12:36:44,194 [grpc-default-executor-2] INFO  interfaces.Container (KeyValueContainer.java:flushAndSyncDB(384)) - Container 2 is synced with bcsId 12.
2019-09-10 12:36:44,194 [grpc-default-executor-2] INFO  interfaces.Container (KeyValueContainer.java:flushAndSyncDB(384)) - Container 2 is synced with bcsId 12.
2019-09-10 12:36:44,209 [EventQueue-IncrementalContainerReportForIncrementalContainerReportHandler] INFO  container.IncrementalContainerReportHandler (AbstractContainerReportHandler.java:updateContainerState(169)) - Moving container #2 to QUASI_CLOSED state, datanode bda12bde-a9da-41da-b7e7-5c1ce23ab93c{ip: 192.168.34.50, host: pr-hdds-1879-pp2l2-2511026898, networkLocation: /default-rack, certSerialId: null} reported QUASI_CLOSED replica.
2019-09-10 12:36:44,275 [grpc-default-executor-2] INFO  interfaces.Container (KeyValueContainer.java:flushAndSyncDB(384)) - Container 3 is synced with bcsId 0.
2019-09-10 12:36:44,275 [grpc-default-executor-2] INFO  interfaces.Container (KeyValueContainer.java:flushAndSyncDB(384)) - Container 3 is synced with bcsId 0.
2019-09-10 12:36:44,290 [EventQueue-IncrementalContainerReportForIncrementalContainerReportHandler] INFO  container.IncrementalContainerReportHandler (AbstractContainerReportHandler.java:updateContainerState(169)) - Moving container #3 to QUASI_CLOSED state, datanode bda12bde-a9da-41da-b7e7-5c1ce23ab93c{ip: 192.168.34.50, host: pr-hdds-1879-pp2l2-2511026898, networkLocation: /default-rack, certSerialId: null} reported QUASI_CLOSED replica.
2019-09-10 12:36:44,298 [grpc-default-executor-2] INFO  impl.RaftServerProxy (RaftServerProxy.java:remove(95)) - 33fcc201-48fd-47f6-879d-4d238b82d8e9: remove  FOLLOWER 33fcc201-48fd-47f6-879d-4d238b82d8e9@group-9A53ED4A529B:t3, leader=c5411d41-1b0a-4036-bc03-3ae3d66d2b07, voted=c5411d41-1b0a-4036-bc03-3ae3d66d2b07, raftlog=33fcc201-48fd-47f6-879d-4d238b82d8e9@group-9A53ED4A529B-SegmentedRaftLog:OPENED:c16,f16,i20, conf=0: [c5411d41-1b0a-4036-bc03-3ae3d66d2b07:192.168.34.50:35961, bda12bde-a9da-41da-b7e7-5c1ce23ab93c:192.168.34.50:35398, 33fcc201-48fd-47f6-879d-4d238b82d8e9:192.168.34.50:35712], old=null RUNNING
2019-09-10 12:36:44,299 [grpc-default-executor-2] INFO  impl.RaftServerImpl (RaftServerImpl.java:lambda$shutdown$3(251)) - 33fcc201-48fd-47f6-879d-4d238b82d8e9@group-9A53ED4A529B: shutdown
2019-09-10 12:36:44,299 [grpc-default-executor-2] INFO  util.JmxRegister (JmxRegister.java:unregister(73)) - Successfully un-registered JMX Bean with object name Ratis:service=RaftServer,group=group-9A53ED4A529B,id=33fcc201-48fd-47f6-879d-4d238b82d8e9
2019-09-10 12:36:44,299 [grpc-default-executor-2] INFO  impl.RoleInfo (RoleInfo.java:shutdownFollowerState(121)) - 33fcc201-48fd-47f6-879d-4d238b82d8e9: shutdown FollowerState
2019-09-10 12:36:44,299 [grpc-default-executor-2] INFO  impl.StateMachineUpdater (StateMachineUpdater.java:stopAndJoin(125)) - 33fcc201-48fd-47f6-879d-4d238b82d8e9@group-9A53ED4A529B-StateMachineUpdater: set stopIndex = 16
2019-09-10 12:36:44,299 [Thread-354] INFO  impl.FollowerState (FollowerState.java:run(115)) - 33fcc201-48fd-47f6-879d-4d238b82d8e9: FollowerState was interrupted: java.lang.InterruptedException: sleep interrupted
2019-09-10 12:36:44,299 [33fcc201-48fd-47f6-879d-4d238b82d8e9@group-9A53ED4A529B-StateMachineUpdater] INFO  ratis.ContainerStateMachine (ContainerStateMachine.java:takeSnapshot(289)) - group-9A53ED4A529B: Taking a snapshot at:(t:3, i:12) file /workdir/hadoop-ozone/integration-test/target/test-dir/MiniOzoneClusterImpl-3f53151c-50d4-4b96-bcaa-ed08380fd351/datanode-0/data/ratis/f5e49e1f-983b-4678-b9f0-9a53ed4a529b/sm/snapshot.3_12
2019-09-10 12:36:44,321 [33fcc201-48fd-47f6-879d-4d238b82d8e9@group-9A53ED4A529B-StateMachineUpdater] INFO  ratis.ContainerStateMachine (ContainerStateMachine.java:takeSnapshot(300)) - group-9A53ED4A529B: Finished taking a snapshot at:(t:3, i:12) file:/workdir/hadoop-ozone/integration-test/target/test-dir/MiniOzoneClusterImpl-3f53151c-50d4-4b96-bcaa-ed08380fd351/datanode-0/data/ratis/f5e49e1f-983b-4678-b9f0-9a53ed4a529b/sm/snapshot.3_12 time:22
2019-09-10 12:36:44,321 [33fcc201-48fd-47f6-879d-4d238b82d8e9@group-9A53ED4A529B-StateMachineUpdater] INFO  impl.StateMachineUpdater (StateMachineUpdater.java:takeSnapshot(258)) - 33fcc201-48fd-47f6-879d-4d238b82d8e9@group-9A53ED4A529B-StateMachineUpdater: Took a snapshot at index 12
2019-09-10 12:36:44,322 [33fcc201-48fd-47f6-879d-4d238b82d8e9@group-9A53ED4A529B-StateMachineUpdater] INFO  impl.StateMachineUpdater (StateMachineUpdater.java:lambda$new$0(83)) - 33fcc201-48fd-47f6-879d-4d238b82d8e9@group-9A53ED4A529B-StateMachineUpdater: snapshotIndex: updateIncreasingly -1 -> 12
2019-09-10 12:36:44,322 [33fcc201-48fd-47f6-879d-4d238b82d8e9@group-9A53ED4A529B-StateMachineUpdater] INFO  ratis.ContainerStateMachine (ContainerStateMachine.java:takeSnapshot(289)) - group-9A53ED4A529B: Taking a snapshot at:(t:3, i:12) file /workdir/hadoop-ozone/integration-test/target/test-dir/MiniOzoneClusterImpl-3f53151c-50d4-4b96-bcaa-ed08380fd351/datanode-0/data/ratis/f5e49e1f-983b-4678-b9f0-9a53ed4a529b/sm/snapshot.3_12
2019-09-10 12:36:44,325 [33fcc201-48fd-47f6-879d-4d238b82d8e9@group-9A53ED4A529B-StateMachineUpdater] INFO  ratis.ContainerStateMachine (ContainerStateMachine.java:takeSnapshot(300)) - group-9A53ED4A529B: Finished taking a snapshot at:(t:3, i:12) file:/workdir/hadoop-ozone/integration-test/target/test-dir/MiniOzoneClusterImpl-3f53151c-50d4-4b96-bcaa-ed08380fd351/datanode-0/data/ratis/f5e49e1f-983b-4678-b9f0-9a53ed4a529b/sm/snapshot.3_12 time:3
2019-09-10 12:36:44,325 [33fcc201-48fd-47f6-879d-4d238b82d8e9@group-9A53ED4A529B-StateMachineUpdater] INFO  impl.StateMachineUpdater (StateMachineUpdater.java:takeSnapshot(258)) - 33fcc201-48fd-47f6-879d-4d238b82d8e9@group-9A53ED4A529B-StateMachineUpdater: Took a snapshot at index 12
2019-09-10 12:36:44,325 [33fcc201-48fd-47f6-879d-4d238b82d8e9@group-9A53ED4A529B-StateMachineUpdater] INFO  impl.StateMachineUpdater (StateMachineUpdater.java:lambda$new$0(83)) - 33fcc201-48fd-47f6-879d-4d238b82d8e9@group-9A53ED4A529B-StateMachineUpdater: snapshotIndex: updateIncreasingly 12 -> 12
2019-09-10 12:36:44,326 [grpc-default-executor-2] INFO  impl.RaftServerImpl (ServerState.java:close(385)) - 33fcc201-48fd-47f6-879d-4d238b82d8e9@group-9A53ED4A529B: closes. applyIndex: 16
2019-09-10 12:36:44,332 [33fcc201-48fd-47f6-879d-4d238b82d8e9@group-9A53ED4A529B-SegmentedRaftLogWorker] ERROR ratis.XceiverServerRatis (XceiverServerRatis.java:triggerPipelineClose(568)) - pipeline Action CLOSE  on pipeline PipelineID=f5e49e1f-983b-4678-b9f0-9a53ed4a529b.Reason : WriteLog:18: (t:3, i:18), STATEMACHINELOGENTRY, client-F03A841534FE, cid=22-writeStateMachineData interrupted.
2019-09-10 12:36:44,337 [EventQueue-PipelineActionsForPipelineActionHandler] ERROR pipeline.PipelineActionHandler (PipelineActionHandler.java:onMessage(60)) - Received pipeline action CLOSE for Pipeline[ Id: f5e49e1f-983b-4678-b9f0-9a53ed4a529b, Nodes: bda12bde-a9da-41da-b7e7-5c1ce23ab93c{ip: 192.168.34.50, host: pr-hdds-1879-pp2l2-2511026898, networkLocation: /default-rack, certSerialId: null}33fcc201-48fd-47f6-879d-4d238b82d8e9{ip: 192.168.34.50, host: pr-hdds-1879-pp2l2-2511026898, networkLocation: /default-rack, certSerialId: null}c5411d41-1b0a-4036-bc03-3ae3d66d2b07{ip: 192.168.34.50, host: pr-hdds-1879-pp2l2-2511026898, networkLocation: /default-rack, certSerialId: null}, Type:RATIS, Factor:THREE, State:CLOSED] from datanode 33fcc201-48fd-47f6-879d-4d238b82d8e9{ip: 192.168.34.50, host: pr-hdds-1879-pp2l2-2511026898, networkLocation: /default-rack, certSerialId: null}. Reason : WriteLog:18: (t:3, i:18), STATEMACHINELOGENTRY, client-F03A841534FE, cid=22-writeStateMachineData interrupted.
2019-09-10 12:36:44,337 [EventQueue-PipelineActionsForPipelineActionHandler] INFO  pipeline.SCMPipelineManager (SCMPipelineManager.java:finalizeAndDestroyPipeline(311)) - destroying pipeline:Pipeline[ Id: f5e49e1f-983b-4678-b9f0-9a53ed4a529b, Nodes: bda12bde-a9da-41da-b7e7-5c1ce23ab93c{ip: 192.168.34.50, host: pr-hdds-1879-pp2l2-2511026898, networkLocation: /default-rack, certSerialId: null}33fcc201-48fd-47f6-879d-4d238b82d8e9{ip: 192.168.34.50, host: pr-hdds-1879-pp2l2-2511026898, networkLocation: /default-rack, certSerialId: null}c5411d41-1b0a-4036-bc03-3ae3d66d2b07{ip: 192.168.34.50, host: pr-hdds-1879-pp2l2-2511026898, networkLocation: /default-rack, certSerialId: null}, Type:RATIS, Factor:THREE, State:CLOSED]
2019-09-10 12:36:44,339 [grpc-default-executor-2] INFO  segmented.SegmentedRaftLogWorker (SegmentedRaftLogWorker.java:close(228)) - 33fcc201-48fd-47f6-879d-4d238b82d8e9@group-9A53ED4A529B-SegmentedRaftLogWorker close()
2019-09-10 12:36:44,353 [grpc-default-executor-2] INFO  interfaces.Container (KeyValueContainer.java:flushAndSyncDB(384)) - Container 1 is synced with bcsId 4.
2019-09-10 12:36:44,353 [grpc-default-executor-2] INFO  interfaces.Container (KeyValueContainer.java:flushAndSyncDB(384)) - Container 1 is synced with bcsId 4.
2019-09-10 12:36:44,390 [grpc-default-executor-2] INFO  interfaces.Container (KeyValueContainer.java:flushAndSyncDB(384)) - Container 2 is synced with bcsId 12.
2019-09-10 12:36:44,390 [grpc-default-executor-2] INFO  interfaces.Container (KeyValueContainer.java:flushAndSyncDB(384)) - Container 2 is synced with bcsId 12.
2019-09-10 12:36:44,475 [grpc-default-executor-2] INFO  interfaces.Container (KeyValueContainer.java:flushAndSyncDB(384)) - Container 3 is synced with bcsId 0.
2019-09-10 12:36:44,475 [grpc-default-executor-2] INFO  interfaces.Container (KeyValueContainer.java:flushAndSyncDB(384)) - Container 3 is synced with bcsId 0.
2019-09-10 12:36:44,500 [grpc-default-executor-2] INFO  impl.RaftServerProxy (RaftServerProxy.java:remove(95)) - c5411d41-1b0a-4036-bc03-3ae3d66d2b07: remove    LEADER c5411d41-1b0a-4036-bc03-3ae3d66d2b07@group-9A53ED4A529B:t3, leader=c5411d41-1b0a-4036-bc03-3ae3d66d2b07, voted=c5411d41-1b0a-4036-bc03-3ae3d66d2b07, raftlog=c5411d41-1b0a-4036-bc03-3ae3d66d2b07@group-9A53ED4A529B-SegmentedRaftLog:OPENED:c16,f16,i20, conf=0: [c5411d41-1b0a-4036-bc03-3ae3d66d2b07:192.168.34.50:35961, bda12bde-a9da-41da-b7e7-5c1ce23ab93c:192.168.34.50:35398, 33fcc201-48fd-47f6-879d-4d238b82d8e9:192.168.34.50:35712], old=null RUNNING
2019-09-10 12:36:44,500 [grpc-default-executor-2] INFO  impl.RaftServerImpl (RaftServerImpl.java:lambda$shutdown$3(251)) - c5411d41-1b0a-4036-bc03-3ae3d66d2b07@group-9A53ED4A529B: shutdown
2019-09-10 12:36:44,501 [grpc-default-executor-2] INFO  util.JmxRegister (JmxRegister.java:unregister(73)) - Successfully un-registered JMX Bean with object name Ratis:service=RaftServer,group=group-9A53ED4A529B,id=c5411d41-1b0a-4036-bc03-3ae3d66d2b07
2019-09-10 12:36:44,501 [grpc-default-executor-2] INFO  impl.RoleInfo (RoleInfo.java:shutdownLeaderState(104)) - c5411d41-1b0a-4036-bc03-3ae3d66d2b07: shutdown LeaderState
2019-09-10 12:36:44,504 [grpc-default-executor-2] INFO  impl.PendingRequests (PendingRequests.java:sendNotLeaderResponses(202)) - c5411d41-1b0a-4036-bc03-3ae3d66d2b07-PendingRequests: sendNotLeaderResponses
2019-09-10 12:36:44,504 [org.apache.ratis.server.impl.LogAppender$AppenderDaemon$$Lambda$513/179557972@4ca8ac1d] WARN  server.GrpcLogAppender (GrpcLogAppender.java:mayWait(143)) - c5411d41-1b0a-4036-bc03-3ae3d66d2b07@group-9A53ED4A529B->33fcc201-48fd-47f6-879d-4d238b82d8e9-GrpcLogAppender: Wait interrupted by java.lang.InterruptedException
2019-09-10 12:36:44,504 [org.apache.ratis.server.impl.LogAppender$AppenderDaemon$$Lambda$513/179557972@177a9e62] WARN  server.GrpcLogAppender (GrpcLogAppender.java:mayWait(143)) - c5411d41-1b0a-4036-bc03-3ae3d66d2b07@group-9A53ED4A529B->bda12bde-a9da-41da-b7e7-5c1ce23ab93c-GrpcLogAppender: Wait interrupted by java.lang.InterruptedException
2019-09-10 12:36:44,505 [grpc-default-executor-3] INFO  server.GrpcServerProtocolService (GrpcServerProtocolService.java:onCompleted(113)) - bda12bde-a9da-41da-b7e7-5c1ce23ab93c: Completed APPEND_ENTRIES, lastRequest: c5411d41-1b0a-4036-bc03-3ae3d66d2b07->bda12bde-a9da-41da-b7e7-5c1ce23ab93c#95-t3, previous=(t:3, i:20), leaderCommit=16, initializing? false, entries: <empty>
2019-09-10 12:36:44,505 [grpc-default-executor-0] INFO  server.GrpcServerProtocolService (GrpcServerProtocolService.java:onCompleted(113)) - 33fcc201-48fd-47f6-879d-4d238b82d8e9: Completed APPEND_ENTRIES, lastRequest: c5411d41-1b0a-4036-bc03-3ae3d66d2b07->33fcc201-48fd-47f6-879d-4d238b82d8e9#95-t3, previous=(t:3, i:20), leaderCommit=16, initializing? false, entries: <empty>
2019-09-10 12:36:44,506 [grpc-default-executor-0] INFO  server.GrpcLogAppender (GrpcLogAppender.java:onCompleted(293)) - c5411d41-1b0a-4036-bc03-3ae3d66d2b07@group-9A53ED4A529B->bda12bde-a9da-41da-b7e7-5c1ce23ab93c-AppendLogResponseHandler: follower responses appendEntries COMPLETED
2019-09-10 12:36:44,510 [grpc-default-executor-2] INFO  impl.StateMachineUpdater (StateMachineUpdater.java:stopAndJoin(125)) - c5411d41-1b0a-4036-bc03-3ae3d66d2b07@group-9A53ED4A529B-StateMachineUpdater: set stopIndex = 16
2019-09-10 12:36:44,510 [grpc-default-executor-0] INFO  impl.FollowerInfo (FollowerInfo.java:lambda$new$0(51)) - c5411d41-1b0a-4036-bc03-3ae3d66d2b07@group-9A53ED4A529B->bda12bde-a9da-41da-b7e7-5c1ce23ab93c: nextIndex: updateUnconditionally 21 -> 20
2019-09-10 12:36:44,510 [c5411d41-1b0a-4036-bc03-3ae3d66d2b07@group-9A53ED4A529B-StateMachineUpdater] INFO  ratis.ContainerStateMachine (ContainerStateMachine.java:takeSnapshot(289)) - group-9A53ED4A529B: Taking a snapshot at:(t:3, i:16) file /workdir/hadoop-ozone/integration-test/target/test-dir/MiniOzoneClusterImpl-3f53151c-50d4-4b96-bcaa-ed08380fd351/datanode-3/data/ratis/f5e49e1f-983b-4678-b9f0-9a53ed4a529b/sm/snapshot.3_16
2019-09-10 12:36:44,510 [grpc-default-executor-3] INFO  server.GrpcLogAppender (GrpcLogAppender.java:onCompleted(293)) - c5411d41-1b0a-4036-bc03-3ae3d66d2b07@group-9A53ED4A529B->33fcc201-48fd-47f6-879d-4d238b82d8e9-AppendLogResponseHandler: follower responses appendEntries COMPLETED
2019-09-10 12:36:44,525 [grpc-default-executor-3] INFO  impl.FollowerInfo (FollowerInfo.java:lambda$new$0(51)) - c5411d41-1b0a-4036-bc03-3ae3d66d2b07@group-9A53ED4A529B->33fcc201-48fd-47f6-879d-4d238b82d8e9: nextIndex: updateUnconditionally 21 -> 17
2019-09-10 12:36:44,532 [c5411d41-1b0a-4036-bc03-3ae3d66d2b07@group-9A53ED4A529B-StateMachineUpdater] INFO  ratis.ContainerStateMachine (ContainerStateMachine.java:takeSnapshot(300)) - group-9A53ED4A529B: Finished taking a snapshot at:(t:3, i:16) file:/workdir/hadoop-ozone/integration-test/target/test-dir/MiniOzoneClusterImpl-3f53151c-50d4-4b96-bcaa-ed08380fd351/datanode-3/data/ratis/f5e49e1f-983b-4678-b9f0-9a53ed4a529b/sm/snapshot.3_16 time:22
2019-09-10 12:36:44,533 [c5411d41-1b0a-4036-bc03-3ae3d66d2b07@group-9A53ED4A529B-StateMachineUpdater] INFO  impl.StateMachineUpdater (StateMachineUpdater.java:takeSnapshot(258)) - c5411d41-1b0a-4036-bc03-3ae3d66d2b07@group-9A53ED4A529B-StateMachineUpdater: Took a snapshot at index 16
2019-09-10 12:36:44,533 [c5411d41-1b0a-4036-bc03-3ae3d66d2b07@group-9A53ED4A529B-StateMachineUpdater] INFO  impl.StateMachineUpdater (StateMachineUpdater.java:lambda$new$0(83)) - c5411d41-1b0a-4036-bc03-3ae3d66d2b07@group-9A53ED4A529B-StateMachineUpdater: snapshotIndex: updateIncreasingly -1 -> 16
2019-09-10 12:36:44,533 [grpc-default-executor-2] INFO  impl.RaftServerImpl (ServerState.java:close(385)) - c5411d41-1b0a-4036-bc03-3ae3d66d2b07@group-9A53ED4A529B: closes. applyIndex: 16
2019-09-10 12:36:44,534 [Command processor thread] ERROR commandhandler.CloseContainerCommandHandler (CloseContainerCommandHandler.java:handle(125)) - Can't close container #2
java.io.IOException: org.apache.ratis.protocol.GroupMismatchException: c5411d41-1b0a-4036-bc03-3ae3d66d2b07: group-9A53ED4A529B not found.
	at org.apache.hadoop.ozone.container.common.transport.server.ratis.XceiverServerRatis.submitRequest(XceiverServerRatis.java:495)
	at org.apache.hadoop.ozone.container.common.statemachine.commandhandler.CloseContainerCommandHandler.handle(CloseContainerCommandHandler.java:102)
	at org.apache.hadoop.ozone.container.common.statemachine.commandhandler.CommandDispatcher.handle(CommandDispatcher.java:99)
	at org.apache.hadoop.ozone.container.common.statemachine.DatanodeStateMachine.lambda$initCommandHandlerThread$1(DatanodeStateMachine.java:432)
	at java.lang.Thread.run(Thread.java:748)
Caused by: java.util.concurrent.ExecutionException: org.apache.ratis.protocol.GroupMismatchException: c5411d41-1b0a-4036-bc03-3ae3d66d2b07: group-9A53ED4A529B not found.
	at java.util.concurrent.CompletableFuture.reportGet(CompletableFuture.java:357)
	at java.util.concurrent.CompletableFuture.get(CompletableFuture.java:1895)
	at org.apache.hadoop.ozone.container.common.transport.server.ratis.XceiverServerRatis.submitRequest(XceiverServerRatis.java:493)
	... 4 more
Caused by: org.apache.ratis.protocol.GroupMismatchException: c5411d41-1b0a-4036-bc03-3ae3d66d2b07: group-9A53ED4A529B not found.
	at org.apache.ratis.server.impl.RaftServerProxy$ImplMap.get(RaftServerProxy.java:122)
	at org.apache.ratis.server.impl.RaftServerProxy.getImplFuture(RaftServerProxy.java:269)
	at org.apache.ratis.server.impl.RaftServerProxy.submitRequest(RaftServerProxy.java:327)
	at org.apache.ratis.server.impl.RaftServerProxy.submitClientRequestAsync(RaftServerProxy.java:333)
	... 5 more
2019-09-10 12:36:44,534 [c5411d41-1b0a-4036-bc03-3ae3d66d2b07@group-9A53ED4A529B-SegmentedRaftLogWorker] ERROR ratis.XceiverServerRatis (XceiverServerRatis.java:triggerPipelineClose(568)) - pipeline Action CLOSE  on pipeline PipelineID=f5e49e1f-983b-4678-b9f0-9a53ed4a529b.Reason : WriteLog:18: (t:3, i:18), STATEMACHINELOGENTRY, client-F03A841534FE, cid=22-writeStateMachineData interrupted.
2019-09-10 12:36:44,535 [EventQueue-PipelineActionsForPipelineActionHandler] ERROR pipeline.PipelineActionHandler (PipelineActionHandler.java:onMessage(60)) - Received pipeline action CLOSE for Pipeline[ Id: f5e49e1f-983b-4678-b9f0-9a53ed4a529b, Nodes: bda12bde-a9da-41da-b7e7-5c1ce23ab93c{ip: 192.168.34.50, host: pr-hdds-1879-pp2l2-2511026898, networkLocation: /default-rack, certSerialId: null}33fcc201-48fd-47f6-879d-4d238b82d8e9{ip: 192.168.34.50, host: pr-hdds-1879-pp2l2-2511026898, networkLocation: /default-rack, certSerialId: null}c5411d41-1b0a-4036-bc03-3ae3d66d2b07{ip: 192.168.34.50, host: pr-hdds-1879-pp2l2-2511026898, networkLocation: /default-rack, certSerialId: null}, Type:RATIS, Factor:THREE, State:CLOSED] from datanode c5411d41-1b0a-4036-bc03-3ae3d66d2b07{ip: 192.168.34.50, host: pr-hdds-1879-pp2l2-2511026898, networkLocation: /default-rack, certSerialId: null}. Reason : WriteLog:18: (t:3, i:18), STATEMACHINELOGENTRY, client-F03A841534FE, cid=22-writeStateMachineData interrupted.
2019-09-10 12:36:44,536 [EventQueue-PipelineActionsForPipelineActionHandler] INFO  pipeline.SCMPipelineManager (SCMPipelineManager.java:finalizeAndDestroyPipeline(311)) - destroying pipeline:Pipeline[ Id: f5e49e1f-983b-4678-b9f0-9a53ed4a529b, Nodes: bda12bde-a9da-41da-b7e7-5c1ce23ab93c{ip: 192.168.34.50, host: pr-hdds-1879-pp2l2-2511026898, networkLocation: /default-rack, certSerialId: null}33fcc201-48fd-47f6-879d-4d238b82d8e9{ip: 192.168.34.50, host: pr-hdds-1879-pp2l2-2511026898, networkLocation: /default-rack, certSerialId: null}c5411d41-1b0a-4036-bc03-3ae3d66d2b07{ip: 192.168.34.50, host: pr-hdds-1879-pp2l2-2511026898, networkLocation: /default-rack, certSerialId: null}, Type:RATIS, Factor:THREE, State:CLOSED]
2019-09-10 12:36:44,547 [grpc-default-executor-2] INFO  segmented.SegmentedRaftLogWorker (SegmentedRaftLogWorker.java:close(228)) - c5411d41-1b0a-4036-bc03-3ae3d66d2b07@group-9A53ED4A529B-SegmentedRaftLogWorker close()
2019-09-10 12:36:44,551 [Command processor thread] ERROR commandhandler.CloseContainerCommandHandler (CloseContainerCommandHandler.java:handle(125)) - Can't close container #3
java.io.IOException: org.apache.ratis.protocol.GroupMismatchException: c5411d41-1b0a-4036-bc03-3ae3d66d2b07: group-9A53ED4A529B not found.
	at org.apache.hadoop.ozone.container.common.transport.server.ratis.XceiverServerRatis.submitRequest(XceiverServerRatis.java:495)
	at org.apache.hadoop.ozone.container.common.statemachine.commandhandler.CloseContainerCommandHandler.handle(CloseContainerCommandHandler.java:102)
	at org.apache.hadoop.ozone.container.common.statemachine.commandhandler.CommandDispatcher.handle(CommandDispatcher.java:99)
	at org.apache.hadoop.ozone.container.common.statemachine.DatanodeStateMachine.lambda$initCommandHandlerThread$1(DatanodeStateMachine.java:432)
	at java.lang.Thread.run(Thread.java:748)
Caused by: java.util.concurrent.ExecutionException: org.apache.ratis.protocol.GroupMismatchException: c5411d41-1b0a-4036-bc03-3ae3d66d2b07: group-9A53ED4A529B not found.
	at java.util.concurrent.CompletableFuture.reportGet(CompletableFuture.java:357)
	at java.util.concurrent.CompletableFuture.get(CompletableFuture.java:1895)
	at org.apache.hadoop.ozone.container.common.transport.server.ratis.XceiverServerRatis.submitRequest(XceiverServerRatis.java:493)
	... 4 more
Caused by: org.apache.ratis.protocol.GroupMismatchException: c5411d41-1b0a-4036-bc03-3ae3d66d2b07: group-9A53ED4A529B not found.
	at org.apache.ratis.server.impl.RaftServerProxy$ImplMap.get(RaftServerProxy.java:122)
	at org.apache.ratis.server.impl.RaftServerProxy.getImplFuture(RaftServerProxy.java:269)
	at org.apache.ratis.server.impl.RaftServerProxy.submitRequest(RaftServerProxy.java:327)
	at org.apache.ratis.server.impl.RaftServerProxy.submitClientRequestAsync(RaftServerProxy.java:333)
	... 5 more
2019-09-10 12:36:44,564 [grpc-default-executor-2] INFO  interfaces.Container (KeyValueContainer.java:flushAndSyncDB(384)) - Container 1 is synced with bcsId 4.
2019-09-10 12:36:44,564 [grpc-default-executor-2] INFO  interfaces.Container (KeyValueContainer.java:flushAndSyncDB(384)) - Container 1 is synced with bcsId 4.
2019-09-10 12:36:44,580 [grpc-default-executor-2] INFO  interfaces.Container (KeyValueContainer.java:flushAndSyncDB(384)) - Container 2 is synced with bcsId 12.
2019-09-10 12:36:44,580 [grpc-default-executor-2] INFO  interfaces.Container (KeyValueContainer.java:flushAndSyncDB(384)) - Container 2 is synced with bcsId 12.
2019-09-10 12:36:44,653 [grpc-default-executor-2] INFO  interfaces.Container (KeyValueContainer.java:flushAndSyncDB(384)) - Container 3 is synced with bcsId 0.
2019-09-10 12:36:44,653 [grpc-default-executor-2] INFO  interfaces.Container (KeyValueContainer.java:flushAndSyncDB(384)) - Container 3 is synced with bcsId 0.
2019-09-10 12:36:44,671 [RatisPipelineUtilsThread] INFO  pipeline.PipelineStateManager (PipelineStateManager.java:removePipeline(108)) - Pipeline Pipeline[ Id: f5e49e1f-983b-4678-b9f0-9a53ed4a529b, Nodes: bda12bde-a9da-41da-b7e7-5c1ce23ab93c{ip: 192.168.34.50, host: pr-hdds-1879-pp2l2-2511026898, networkLocation: /default-rack, certSerialId: null}33fcc201-48fd-47f6-879d-4d238b82d8e9{ip: 192.168.34.50, host: pr-hdds-1879-pp2l2-2511026898, networkLocation: /default-rack, certSerialId: null}c5411d41-1b0a-4036-bc03-3ae3d66d2b07{ip: 192.168.34.50, host: pr-hdds-1879-pp2l2-2511026898, networkLocation: /default-rack, certSerialId: null}, Type:RATIS, Factor:THREE, State:CLOSED] removed from db
2019-09-10 12:36:44,688 [grpc-default-executor-5] INFO  impl.RaftServerProxy (RaftServerProxy.java:addNew(89)) - bda12bde-a9da-41da-b7e7-5c1ce23ab93c: addNew group-8399B3AF5CA3:[c5411d41-1b0a-4036-bc03-3ae3d66d2b07:192.168.34.50:35961, bda12bde-a9da-41da-b7e7-5c1ce23ab93c:192.168.34.50:35398, 33fcc201-48fd-47f6-879d-4d238b82d8e9:192.168.34.50:35712] returns group-8399B3AF5CA3:java.util.concurrent.CompletableFuture@146cc69c[Not completed]
2019-09-10 12:36:44,688 [grpc-default-executor-2] INFO  impl.RaftServerProxy (RaftServerProxy.java:addNew(89)) - c5411d41-1b0a-4036-bc03-3ae3d66d2b07: addNew group-8399B3AF5CA3:[c5411d41-1b0a-4036-bc03-3ae3d66d2b07:192.168.34.50:35961, bda12bde-a9da-41da-b7e7-5c1ce23ab93c:192.168.34.50:35398, 33fcc201-48fd-47f6-879d-4d238b82d8e9:192.168.34.50:35712] returns group-8399B3AF5CA3:java.util.concurrent.CompletableFuture@5e60d2a9[Not completed]
2019-09-10 12:36:44,688 [grpc-default-executor-3] INFO  impl.RaftServerProxy (RaftServerProxy.java:addNew(89)) - 33fcc201-48fd-47f6-879d-4d238b82d8e9: addNew group-8399B3AF5CA3:[c5411d41-1b0a-4036-bc03-3ae3d66d2b07:192.168.34.50:35961, bda12bde-a9da-41da-b7e7-5c1ce23ab93c:192.168.34.50:35398, 33fcc201-48fd-47f6-879d-4d238b82d8e9:192.168.34.50:35712] returns group-8399B3AF5CA3:java.util.concurrent.CompletableFuture@2e01efba[Not completed]
2019-09-10 12:36:44,690 [pool-27-thread-1] INFO  impl.RaftServerImpl (RaftServerImpl.java:<init>(95)) - 33fcc201-48fd-47f6-879d-4d238b82d8e9: new RaftServerImpl for group-8399B3AF5CA3:[c5411d41-1b0a-4036-bc03-3ae3d66d2b07:192.168.34.50:35961, bda12bde-a9da-41da-b7e7-5c1ce23ab93c:192.168.34.50:35398, 33fcc201-48fd-47f6-879d-4d238b82d8e9:192.168.34.50:35712] with ContainerStateMachine:uninitialized
2019-09-10 12:36:44,691 [pool-27-thread-1] INFO  server.RaftServerConfigKeys (ConfUtils.java:logGet(43)) - raft.server.rpc.timeout.min = 5s (custom)
2019-09-10 12:36:44,691 [pool-27-thread-1] INFO  server.RaftServerConfigKeys (ConfUtils.java:logGet(43)) - raft.server.rpc.timeout.max = 5200ms (custom)
2019-09-10 12:36:44,691 [pool-27-thread-1] INFO  server.RaftServerConfigKeys (ConfUtils.java:logGet(43)) - raft.server.rpcslowness.timeout = 120s (custom)
2019-09-10 12:36:44,691 [pool-27-thread-1] INFO  server.RaftServerConfigKeys (ConfUtils.java:logGet(43)) - raft.server.sleep.deviation.threshold = 300 (default)
2019-09-10 12:36:44,691 [pool-27-thread-1] INFO  server.RaftServerConfigKeys (ConfUtils.java:logGet(43)) - raft.server.log.appender.install.snapshot.enabled = false (custom)
2019-09-10 12:36:44,691 [pool-27-thread-1] INFO  impl.RaftServerImpl (ServerState.java:<init>(103)) - 33fcc201-48fd-47f6-879d-4d238b82d8e9@group-8399B3AF5CA3: ConfigurationManager, init=-1: [c5411d41-1b0a-4036-bc03-3ae3d66d2b07:192.168.34.50:35961, bda12bde-a9da-41da-b7e7-5c1ce23ab93c:192.168.34.50:35398, 33fcc201-48fd-47f6-879d-4d238b82d8e9:192.168.34.50:35712], old=null, confs=<EMPTY_MAP>
2019-09-10 12:36:44,692 [pool-57-thread-1] INFO  impl.RaftServerImpl (RaftServerImpl.java:<init>(95)) - c5411d41-1b0a-4036-bc03-3ae3d66d2b07: new RaftServerImpl for group-8399B3AF5CA3:[c5411d41-1b0a-4036-bc03-3ae3d66d2b07:192.168.34.50:35961, bda12bde-a9da-41da-b7e7-5c1ce23ab93c:192.168.34.50:35398, 33fcc201-48fd-47f6-879d-4d238b82d8e9:192.168.34.50:35712] with ContainerStateMachine:uninitialized
2019-09-10 12:36:44,692 [pool-27-thread-1] INFO  server.RaftServerConfigKeys (ConfUtils.java:logGet(43)) - raft.server.storage.dir = [/workdir/hadoop-ozone/integration-test/target/test-dir/MiniOzoneClusterImpl-3f53151c-50d4-4b96-bcaa-ed08380fd351/datanode-0/data/ratis] (custom)
2019-09-10 12:36:44,692 [pool-57-thread-1] INFO  server.RaftServerConfigKeys (ConfUtils.java:logGet(43)) - raft.server.rpc.timeout.min = 5s (custom)
2019-09-10 12:36:44,692 [pool-57-thread-1] INFO  server.RaftServerConfigKeys (ConfUtils.java:logGet(43)) - raft.server.rpc.timeout.max = 5200ms (custom)
2019-09-10 12:36:44,692 [pool-27-thread-1] INFO  storage.RaftStorageDirectory (RaftStorageDirectory.java:analyzeStorage(246)) - The storage directory /workdir/hadoop-ozone/integration-test/target/test-dir/MiniOzoneClusterImpl-3f53151c-50d4-4b96-bcaa-ed08380fd351/datanode-0/data/ratis/e6b3999f-52f4-46b0-8ced-8399b3af5ca3 does not exist. Creating ...
2019-09-10 12:36:44,692 [pool-57-thread-1] INFO  server.RaftServerConfigKeys (ConfUtils.java:logGet(43)) - raft.server.rpcslowness.timeout = 120s (custom)
2019-09-10 12:36:44,693 [pool-37-thread-1] INFO  impl.RaftServerImpl (RaftServerImpl.java:<init>(95)) - bda12bde-a9da-41da-b7e7-5c1ce23ab93c: new RaftServerImpl for group-8399B3AF5CA3:[c5411d41-1b0a-4036-bc03-3ae3d66d2b07:192.168.34.50:35961, bda12bde-a9da-41da-b7e7-5c1ce23ab93c:192.168.34.50:35398, 33fcc201-48fd-47f6-879d-4d238b82d8e9:192.168.34.50:35712] with ContainerStateMachine:uninitialized
2019-09-10 12:36:44,693 [pool-57-thread-1] INFO  server.RaftServerConfigKeys (ConfUtils.java:logGet(43)) - raft.server.sleep.deviation.threshold = 300 (default)
2019-09-10 12:36:44,693 [pool-37-thread-1] INFO  server.RaftServerConfigKeys (ConfUtils.java:logGet(43)) - raft.server.rpc.timeout.min = 5s (custom)
2019-09-10 12:36:44,693 [pool-57-thread-1] INFO  server.RaftServerConfigKeys (ConfUtils.java:logGet(43)) - raft.server.log.appender.install.snapshot.enabled = false (custom)
2019-09-10 12:36:44,693 [pool-37-thread-1] INFO  server.RaftServerConfigKeys (ConfUtils.java:logGet(43)) - raft.server.rpc.timeout.max = 5200ms (custom)
2019-09-10 12:36:44,693 [pool-57-thread-1] INFO  impl.RaftServerImpl (ServerState.java:<init>(103)) - c5411d41-1b0a-4036-bc03-3ae3d66d2b07@group-8399B3AF5CA3: ConfigurationManager, init=-1: [c5411d41-1b0a-4036-bc03-3ae3d66d2b07:192.168.34.50:35961, bda12bde-a9da-41da-b7e7-5c1ce23ab93c:192.168.34.50:35398, 33fcc201-48fd-47f6-879d-4d238b82d8e9:192.168.34.50:35712], old=null, confs=<EMPTY_MAP>
2019-09-10 12:36:44,694 [pool-37-thread-1] INFO  server.RaftServerConfigKeys (ConfUtils.java:logGet(43)) - raft.server.rpcslowness.timeout = 120s (custom)
2019-09-10 12:36:44,694 [pool-57-thread-1] INFO  server.RaftServerConfigKeys (ConfUtils.java:logGet(43)) - raft.server.storage.dir = [/workdir/hadoop-ozone/integration-test/target/test-dir/MiniOzoneClusterImpl-3f53151c-50d4-4b96-bcaa-ed08380fd351/datanode-3/data/ratis] (custom)
2019-09-10 12:36:44,694 [pool-37-thread-1] INFO  server.RaftServerConfigKeys (ConfUtils.java:logGet(43)) - raft.server.sleep.deviation.threshold = 300 (default)
2019-09-10 12:36:44,694 [pool-37-thread-1] INFO  server.RaftServerConfigKeys (ConfUtils.java:logGet(43)) - raft.server.log.appender.install.snapshot.enabled = false (custom)
2019-09-10 12:36:44,694 [pool-37-thread-1] INFO  impl.RaftServerImpl (ServerState.java:<init>(103)) - bda12bde-a9da-41da-b7e7-5c1ce23ab93c@group-8399B3AF5CA3: ConfigurationManager, init=-1: [c5411d41-1b0a-4036-bc03-3ae3d66d2b07:192.168.34.50:35961, bda12bde-a9da-41da-b7e7-5c1ce23ab93c:192.168.34.50:35398, 33fcc201-48fd-47f6-879d-4d238b82d8e9:192.168.34.50:35712], old=null, confs=<EMPTY_MAP>
2019-09-10 12:36:44,694 [pool-57-thread-1] INFO  storage.RaftStorageDirectory (RaftStorageDirectory.java:analyzeStorage(246)) - The storage directory /workdir/hadoop-ozone/integration-test/target/test-dir/MiniOzoneClusterImpl-3f53151c-50d4-4b96-bcaa-ed08380fd351/datanode-3/data/ratis/e6b3999f-52f4-46b0-8ced-8399b3af5ca3 does not exist. Creating ...
2019-09-10 12:36:44,694 [pool-37-thread-1] INFO  server.RaftServerConfigKeys (ConfUtils.java:logGet(43)) - raft.server.storage.dir = [/workdir/hadoop-ozone/integration-test/target/test-dir/MiniOzoneClusterImpl-3f53151c-50d4-4b96-bcaa-ed08380fd351/datanode-1/data/ratis] (custom)
2019-09-10 12:36:44,695 [pool-37-thread-1] INFO  storage.RaftStorageDirectory (RaftStorageDirectory.java:analyzeStorage(246)) - The storage directory /workdir/hadoop-ozone/integration-test/target/test-dir/MiniOzoneClusterImpl-3f53151c-50d4-4b96-bcaa-ed08380fd351/datanode-1/data/ratis/e6b3999f-52f4-46b0-8ced-8399b3af5ca3 does not exist. Creating ...
2019-09-10 12:36:44,706 [pool-27-thread-1] INFO  storage.RaftStorageDirectory (RaftStorageDirectory.java:tryLock(328)) - Lock on /workdir/hadoop-ozone/integration-test/target/test-dir/MiniOzoneClusterImpl-3f53151c-50d4-4b96-bcaa-ed08380fd351/datanode-0/data/ratis/e6b3999f-52f4-46b0-8ced-8399b3af5ca3/in_use.lock acquired by nodename 8209@pr-hdds-1879-pp2l2-2511026898
2019-09-10 12:36:44,706 [pool-57-thread-1] INFO  storage.RaftStorageDirectory (RaftStorageDirectory.java:tryLock(328)) - Lock on /workdir/hadoop-ozone/integration-test/target/test-dir/MiniOzoneClusterImpl-3f53151c-50d4-4b96-bcaa-ed08380fd351/datanode-3/data/ratis/e6b3999f-52f4-46b0-8ced-8399b3af5ca3/in_use.lock acquired by nodename 8209@pr-hdds-1879-pp2l2-2511026898
2019-09-10 12:36:44,706 [pool-37-thread-1] INFO  storage.RaftStorageDirectory (RaftStorageDirectory.java:tryLock(328)) - Lock on /workdir/hadoop-ozone/integration-test/target/test-dir/MiniOzoneClusterImpl-3f53151c-50d4-4b96-bcaa-ed08380fd351/datanode-1/data/ratis/e6b3999f-52f4-46b0-8ced-8399b3af5ca3/in_use.lock acquired by nodename 8209@pr-hdds-1879-pp2l2-2511026898
2019-09-10 12:36:44,720 [pool-27-thread-1] INFO  storage.RaftStorage (RaftStorage.java:format(72)) - Storage directory /workdir/hadoop-ozone/integration-test/target/test-dir/MiniOzoneClusterImpl-3f53151c-50d4-4b96-bcaa-ed08380fd351/datanode-0/data/ratis/e6b3999f-52f4-46b0-8ced-8399b3af5ca3 has been successfully formatted.
2019-09-10 12:36:44,720 [pool-57-thread-1] INFO  storage.RaftStorage (RaftStorage.java:format(72)) - Storage directory /workdir/hadoop-ozone/integration-test/target/test-dir/MiniOzoneClusterImpl-3f53151c-50d4-4b96-bcaa-ed08380fd351/datanode-3/data/ratis/e6b3999f-52f4-46b0-8ced-8399b3af5ca3 has been successfully formatted.
2019-09-10 12:36:44,720 [pool-37-thread-1] INFO  storage.RaftStorage (RaftStorage.java:format(72)) - Storage directory /workdir/hadoop-ozone/integration-test/target/test-dir/MiniOzoneClusterImpl-3f53151c-50d4-4b96-bcaa-ed08380fd351/datanode-1/data/ratis/e6b3999f-52f4-46b0-8ced-8399b3af5ca3 has been successfully formatted.
2019-09-10 12:36:44,720 [pool-27-thread-1] INFO  ratis.ContainerStateMachine (ContainerStateMachine.java:loadSnapshot(230)) - group-8399B3AF5CA3: The snapshot info is null. Setting the last applied indexto:(t:0, i:~)
2019-09-10 12:36:44,720 [pool-57-thread-1] INFO  ratis.ContainerStateMachine (ContainerStateMachine.java:loadSnapshot(230)) - group-8399B3AF5CA3: The snapshot info is null. Setting the last applied indexto:(t:0, i:~)
2019-09-10 12:36:44,720 [pool-27-thread-1] INFO  server.RaftServerConfigKeys (ConfUtils.java:logGet(43)) - raft.server.notification.no-leader.timeout = 120s (custom)
2019-09-10 12:36:44,720 [pool-37-thread-1] INFO  ratis.ContainerStateMachine (ContainerStateMachine.java:loadSnapshot(230)) - group-8399B3AF5CA3: The snapshot info is null. Setting the last applied indexto:(t:0, i:~)
2019-09-10 12:36:44,721 [pool-27-thread-1] INFO  server.RaftServerConfigKeys (ConfUtils.java:logGet(43)) - raft.server.log.use.memory = false (default)
2019-09-10 12:36:44,721 [pool-57-thread-1] INFO  server.RaftServerConfigKeys (ConfUtils.java:logGet(43)) - raft.server.notification.no-leader.timeout = 120s (custom)
2019-09-10 12:36:44,721 [pool-27-thread-1] INFO  server.RaftServerConfigKeys (ConfUtils.java:logGet(43)) - raft.server.log.purge.gap = 1000000 (custom)
2019-09-10 12:36:44,721 [pool-37-thread-1] INFO  server.RaftServerConfigKeys (ConfUtils.java:logGet(43)) - raft.server.notification.no-leader.timeout = 120s (custom)
2019-09-10 12:36:44,721 [pool-27-thread-1] INFO  server.RaftServerConfigKeys (ConfUtils.java:logGet(43)) - raft.server.log.appender.buffer.byte-limit = 33554432 (custom)
2019-09-10 12:36:44,721 [pool-57-thread-1] INFO  server.RaftServerConfigKeys (ConfUtils.java:logGet(43)) - raft.server.log.use.memory = false (default)
2019-09-10 12:36:44,721 [pool-27-thread-1] INFO  server.RaftServerConfigKeys (ConfUtils.java:logGet(43)) - raft.server.log.segment.size.max = 1048576 (custom)
2019-09-10 12:36:44,721 [pool-37-thread-1] INFO  server.RaftServerConfigKeys (ConfUtils.java:logGet(43)) - raft.server.log.use.memory = false (default)
2019-09-10 12:36:44,721 [pool-27-thread-1] INFO  server.RaftServerConfigKeys (ConfUtils.java:logGet(43)) - raft.server.log.segment.cache.num.max = 2 (custom)
2019-09-10 12:36:44,721 [pool-57-thread-1] INFO  server.RaftServerConfigKeys (ConfUtils.java:logGet(43)) - raft.server.log.purge.gap = 1000000 (custom)
2019-09-10 12:36:44,722 [pool-27-thread-1] INFO  segmented.SegmentedRaftLogWorker (SegmentedRaftLogWorker.java:<init>(172)) - new 33fcc201-48fd-47f6-879d-4d238b82d8e9@group-8399B3AF5CA3-SegmentedRaftLogWorker for RaftStorage:Storage Directory /workdir/hadoop-ozone/integration-test/target/test-dir/MiniOzoneClusterImpl-3f53151c-50d4-4b96-bcaa-ed08380fd351/datanode-0/data/ratis/e6b3999f-52f4-46b0-8ced-8399b3af5ca3
2019-09-10 12:36:44,722 [pool-37-thread-1] INFO  server.RaftServerConfigKeys (ConfUtils.java:logGet(43)) - raft.server.log.purge.gap = 1000000 (custom)
2019-09-10 12:36:44,722 [pool-27-thread-1] INFO  server.RaftServerConfigKeys (ConfUtils.java:logGet(43)) - raft.server.log.queue.byte-limit = 2147483647 (custom)
2019-09-10 12:36:44,722 [pool-27-thread-1] INFO  server.RaftServerConfigKeys (ConfUtils.java:logGet(43)) - raft.server.log.queue.element-limit = 1024 (custom)
2019-09-10 12:36:44,722 [pool-57-thread-1] INFO  server.RaftServerConfigKeys (ConfUtils.java:logGet(43)) - raft.server.log.appender.buffer.byte-limit = 33554432 (custom)
2019-09-10 12:36:44,722 [pool-27-thread-1] INFO  server.RaftServerConfigKeys (ConfUtils.java:logGet(43)) - raft.server.log.segment.size.max = 1048576 (custom)
2019-09-10 12:36:44,722 [pool-37-thread-1] INFO  server.RaftServerConfigKeys (ConfUtils.java:logGet(43)) - raft.server.log.appender.buffer.byte-limit = 33554432 (custom)
2019-09-10 12:36:44,722 [pool-27-thread-1] INFO  server.RaftServerConfigKeys (ConfUtils.java:logGet(43)) - raft.server.log.preallocated.size = 16384 (custom)
2019-09-10 12:36:44,723 [pool-27-thread-1] INFO  server.RaftServerConfigKeys (ConfUtils.java:logGet(43)) - raft.server.log.write.buffer.size = 33554432 (custom)
2019-09-10 12:36:44,722 [pool-57-thread-1] INFO  server.RaftServerConfigKeys (ConfUtils.java:logGet(43)) - raft.server.log.segment.size.max = 1048576 (custom)
2019-09-10 12:36:44,723 [pool-27-thread-1] INFO  server.RaftServerConfigKeys (ConfUtils.java:logGet(43)) - raft.server.log.force.sync.num = 128 (default)
2019-09-10 12:36:44,723 [pool-37-thread-1] INFO  server.RaftServerConfigKeys (ConfUtils.java:logGet(43)) - raft.server.log.segment.size.max = 1048576 (custom)
2019-09-10 12:36:44,723 [pool-27-thread-1] INFO  server.RaftServerConfigKeys (ConfUtils.java:logGet(43)) - raft.server.log.statemachine.data.sync = true (default)
2019-09-10 12:36:44,723 [pool-57-thread-1] INFO  server.RaftServerConfigKeys (ConfUtils.java:logGet(43)) - raft.server.log.segment.cache.num.max = 2 (custom)
2019-09-10 12:36:44,723 [pool-27-thread-1] INFO  server.RaftServerConfigKeys (ConfUtils.java:logGet(43)) - raft.server.log.statemachine.data.sync.timeout = 10s (default)
2019-09-10 12:36:44,723 [pool-37-thread-1] INFO  server.RaftServerConfigKeys (ConfUtils.java:logGet(43)) - raft.server.log.segment.cache.num.max = 2 (custom)
2019-09-10 12:36:44,724 [pool-27-thread-1] INFO  server.RaftServerConfigKeys (ConfUtils.java:logGet(43)) - raft.server.log.statemachine.data.sync.timeout.retry = -1 (default)
2019-09-10 12:36:44,723 [pool-57-thread-1] INFO  segmented.SegmentedRaftLogWorker (SegmentedRaftLogWorker.java:<init>(172)) - new c5411d41-1b0a-4036-bc03-3ae3d66d2b07@group-8399B3AF5CA3-SegmentedRaftLogWorker for RaftStorage:Storage Directory /workdir/hadoop-ozone/integration-test/target/test-dir/MiniOzoneClusterImpl-3f53151c-50d4-4b96-bcaa-ed08380fd351/datanode-3/data/ratis/e6b3999f-52f4-46b0-8ced-8399b3af5ca3
2019-09-10 12:36:44,724 [pool-27-thread-1] INFO  server.RaftServerConfigKeys (ConfUtils.java:logGet(43)) - raft.server.log.statemachine.data.caching.enabled = true (custom)
2019-09-10 12:36:44,724 [pool-37-thread-1] INFO  segmented.SegmentedRaftLogWorker (SegmentedRaftLogWorker.java:<init>(172)) - new bda12bde-a9da-41da-b7e7-5c1ce23ab93c@group-8399B3AF5CA3-SegmentedRaftLogWorker for RaftStorage:Storage Directory /workdir/hadoop-ozone/integration-test/target/test-dir/MiniOzoneClusterImpl-3f53151c-50d4-4b96-bcaa-ed08380fd351/datanode-1/data/ratis/e6b3999f-52f4-46b0-8ced-8399b3af5ca3
2019-09-10 12:36:44,724 [pool-57-thread-1] INFO  server.RaftServerConfigKeys (ConfUtils.java:logGet(43)) - raft.server.log.queue.byte-limit = 2147483647 (custom)
2019-09-10 12:36:44,724 [pool-27-thread-1] INFO  segmented.SegmentedRaftLogWorker (SegmentedRaftLogWorker.java:lambda$new$0(132)) - 33fcc201-48fd-47f6-879d-4d238b82d8e9@group-8399B3AF5CA3-SegmentedRaftLogWorker: flushIndex: setUnconditionally 0 -> -1
2019-09-10 12:36:44,724 [pool-37-thread-1] INFO  server.RaftServerConfigKeys (ConfUtils.java:logGet(43)) - raft.server.log.queue.byte-limit = 2147483647 (custom)
2019-09-10 12:36:44,724 [pool-57-thread-1] INFO  server.RaftServerConfigKeys (ConfUtils.java:logGet(43)) - raft.server.log.queue.element-limit = 1024 (custom)
2019-09-10 12:36:44,724 [pool-27-thread-1] INFO  server.RaftServerConfigKeys (ConfUtils.java:logGet(43)) - raft.server.snapshot.auto.trigger.enabled = true (custom)
2019-09-10 12:36:44,724 [pool-37-thread-1] INFO  server.RaftServerConfigKeys (ConfUtils.java:logGet(43)) - raft.server.log.queue.element-limit = 1024 (custom)
2019-09-10 12:36:44,725 [pool-27-thread-1] INFO  server.RaftServerConfigKeys (ConfUtils.java:logGet(43)) - raft.server.snapshot.auto.trigger.threshold = 10000 (custom)
2019-09-10 12:36:44,725 [pool-57-thread-1] INFO  server.RaftServerConfigKeys (ConfUtils.java:logGet(43)) - raft.server.log.segment.size.max = 1048576 (custom)
2019-09-10 12:36:44,725 [pool-27-thread-1] INFO  server.RaftServerConfigKeys (ConfUtils.java:logGet(43)) - raft.server.snapshot.retention.num.files = -1 (default)
2019-09-10 12:36:44,725 [pool-37-thread-1] INFO  server.RaftServerConfigKeys (ConfUtils.java:logGet(43)) - raft.server.log.segment.size.max = 1048576 (custom)
2019-09-10 12:36:44,725 [pool-27-thread-1] INFO  server.RaftServerConfigKeys (ConfUtils.java:logGet(43)) - raft.server.retrycache.expirytime = 600000ms (custom)
2019-09-10 12:36:44,725 [pool-57-thread-1] INFO  server.RaftServerConfigKeys (ConfUtils.java:logGet(43)) - raft.server.log.preallocated.size = 16384 (custom)
2019-09-10 12:36:44,725 [pool-37-thread-1] INFO  server.RaftServerConfigKeys (ConfUtils.java:logGet(43)) - raft.server.log.preallocated.size = 16384 (custom)
2019-09-10 12:36:44,725 [pool-57-thread-1] INFO  server.RaftServerConfigKeys (ConfUtils.java:logGet(43)) - raft.server.log.write.buffer.size = 33554432 (custom)
2019-09-10 12:36:44,726 [pool-37-thread-1] INFO  server.RaftServerConfigKeys (ConfUtils.java:logGet(43)) - raft.server.log.write.buffer.size = 33554432 (custom)
2019-09-10 12:36:44,726 [pool-57-thread-1] INFO  server.RaftServerConfigKeys (ConfUtils.java:logGet(43)) - raft.server.log.force.sync.num = 128 (default)
2019-09-10 12:36:44,726 [pool-37-thread-1] INFO  server.RaftServerConfigKeys (ConfUtils.java:logGet(43)) - raft.server.log.force.sync.num = 128 (default)
2019-09-10 12:36:44,726 [pool-57-thread-1] INFO  server.RaftServerConfigKeys (ConfUtils.java:logGet(43)) - raft.server.log.statemachine.data.sync = true (default)
2019-09-10 12:36:44,726 [pool-37-thread-1] INFO  server.RaftServerConfigKeys (ConfUtils.java:logGet(43)) - raft.server.log.statemachine.data.sync = true (default)
2019-09-10 12:36:44,726 [pool-57-thread-1] INFO  server.RaftServerConfigKeys (ConfUtils.java:logGet(43)) - raft.server.log.statemachine.data.sync.timeout = 10s (default)
2019-09-10 12:36:44,726 [pool-37-thread-1] INFO  server.RaftServerConfigKeys (ConfUtils.java:logGet(43)) - raft.server.log.statemachine.data.sync.timeout = 10s (default)
2019-09-10 12:36:44,726 [pool-57-thread-1] INFO  server.RaftServerConfigKeys (ConfUtils.java:logGet(43)) - raft.server.log.statemachine.data.sync.timeout.retry = -1 (default)
2019-09-10 12:36:44,727 [pool-37-thread-1] INFO  server.RaftServerConfigKeys (ConfUtils.java:logGet(43)) - raft.server.log.statemachine.data.sync.timeout.retry = -1 (default)
2019-09-10 12:36:44,727 [pool-57-thread-1] INFO  server.RaftServerConfigKeys (ConfUtils.java:logGet(43)) - raft.server.log.statemachine.data.caching.enabled = true (custom)
2019-09-10 12:36:44,727 [pool-37-thread-1] INFO  server.RaftServerConfigKeys (ConfUtils.java:logGet(43)) - raft.server.log.statemachine.data.caching.enabled = true (custom)
2019-09-10 12:36:44,727 [pool-37-thread-1] INFO  segmented.SegmentedRaftLogWorker (SegmentedRaftLogWorker.java:lambda$new$0(132)) - bda12bde-a9da-41da-b7e7-5c1ce23ab93c@group-8399B3AF5CA3-SegmentedRaftLogWorker: flushIndex: setUnconditionally 0 -> -1
2019-09-10 12:36:44,727 [pool-57-thread-1] INFO  segmented.SegmentedRaftLogWorker (SegmentedRaftLogWorker.java:lambda$new$0(132)) - c5411d41-1b0a-4036-bc03-3ae3d66d2b07@group-8399B3AF5CA3-SegmentedRaftLogWorker: flushIndex: setUnconditionally 0 -> -1
2019-09-10 12:36:44,727 [pool-27-thread-1] INFO  impl.RaftServerImpl (RaftServerImpl.java:start(185)) - 33fcc201-48fd-47f6-879d-4d238b82d8e9@group-8399B3AF5CA3: start as a follower, conf=-1: [c5411d41-1b0a-4036-bc03-3ae3d66d2b07:192.168.34.50:35961, bda12bde-a9da-41da-b7e7-5c1ce23ab93c:192.168.34.50:35398, 33fcc201-48fd-47f6-879d-4d238b82d8e9:192.168.34.50:35712], old=null
2019-09-10 12:36:44,727 [pool-37-thread-1] INFO  server.RaftServerConfigKeys (ConfUtils.java:logGet(43)) - raft.server.snapshot.auto.trigger.enabled = true (custom)
2019-09-10 12:36:44,728 [pool-37-thread-1] INFO  server.RaftServerConfigKeys (ConfUtils.java:logGet(43)) - raft.server.snapshot.auto.trigger.threshold = 10000 (custom)
2019-09-10 12:36:44,727 [pool-27-thread-1] INFO  impl.RaftServerImpl (RaftServerImpl.java:setRole(174)) - 33fcc201-48fd-47f6-879d-4d238b82d8e9@group-8399B3AF5CA3: changes role from      null to FOLLOWER at term 0 for startAsFollower
2019-09-10 12:36:44,728 [pool-37-thread-1] INFO  server.RaftServerConfigKeys (ConfUtils.java:logGet(43)) - raft.server.snapshot.retention.num.files = -1 (default)
2019-09-10 12:36:44,728 [pool-57-thread-1] INFO  server.RaftServerConfigKeys (ConfUtils.java:logGet(43)) - raft.server.snapshot.auto.trigger.enabled = true (custom)
2019-09-10 12:36:44,728 [pool-37-thread-1] INFO  server.RaftServerConfigKeys (ConfUtils.java:logGet(43)) - raft.server.retrycache.expirytime = 600000ms (custom)
2019-09-10 12:36:44,728 [pool-27-thread-1] INFO  impl.RoleInfo (RoleInfo.java:updateAndGet(143)) - 33fcc201-48fd-47f6-879d-4d238b82d8e9: start FollowerState
2019-09-10 12:36:44,728 [pool-57-thread-1] INFO  server.RaftServerConfigKeys (ConfUtils.java:logGet(43)) - raft.server.snapshot.auto.trigger.threshold = 10000 (custom)
2019-09-10 12:36:44,728 [pool-57-thread-1] INFO  server.RaftServerConfigKeys (ConfUtils.java:logGet(43)) - raft.server.snapshot.retention.num.files = -1 (default)
2019-09-10 12:36:44,729 [pool-57-thread-1] INFO  server.RaftServerConfigKeys (ConfUtils.java:logGet(43)) - raft.server.retrycache.expirytime = 600000ms (custom)
2019-09-10 12:36:44,729 [pool-27-thread-1] INFO  util.JmxRegister (JmxRegister.java:tryRegister(44)) - Successfully registered JMX Bean with object name Ratis:service=RaftServer,group=group-8399B3AF5CA3,id=33fcc201-48fd-47f6-879d-4d238b82d8e9
2019-09-10 12:36:44,730 [pool-37-thread-1] INFO  impl.RaftServerImpl (RaftServerImpl.java:start(185)) - bda12bde-a9da-41da-b7e7-5c1ce23ab93c@group-8399B3AF5CA3: start as a follower, conf=-1: [c5411d41-1b0a-4036-bc03-3ae3d66d2b07:192.168.34.50:35961, bda12bde-a9da-41da-b7e7-5c1ce23ab93c:192.168.34.50:35398, 33fcc201-48fd-47f6-879d-4d238b82d8e9:192.168.34.50:35712], old=null
2019-09-10 12:36:44,730 [pool-37-thread-1] INFO  impl.RaftServerImpl (RaftServerImpl.java:setRole(174)) - bda12bde-a9da-41da-b7e7-5c1ce23ab93c@group-8399B3AF5CA3: changes role from      null to FOLLOWER at term 0 for startAsFollower
2019-09-10 12:36:44,730 [pool-37-thread-1] INFO  impl.RoleInfo (RoleInfo.java:updateAndGet(143)) - bda12bde-a9da-41da-b7e7-5c1ce23ab93c: start FollowerState
2019-09-10 12:36:44,731 [pool-37-thread-1] INFO  util.JmxRegister (JmxRegister.java:tryRegister(44)) - Successfully registered JMX Bean with object name Ratis:service=RaftServer,group=group-8399B3AF5CA3,id=bda12bde-a9da-41da-b7e7-5c1ce23ab93c
2019-09-10 12:36:44,732 [pool-57-thread-1] INFO  impl.RaftServerImpl (RaftServerImpl.java:start(185)) - c5411d41-1b0a-4036-bc03-3ae3d66d2b07@group-8399B3AF5CA3: start as a follower, conf=-1: [c5411d41-1b0a-4036-bc03-3ae3d66d2b07:192.168.34.50:35961, bda12bde-a9da-41da-b7e7-5c1ce23ab93c:192.168.34.50:35398, 33fcc201-48fd-47f6-879d-4d238b82d8e9:192.168.34.50:35712], old=null
2019-09-10 12:36:44,732 [pool-57-thread-1] INFO  impl.RaftServerImpl (RaftServerImpl.java:setRole(174)) - c5411d41-1b0a-4036-bc03-3ae3d66d2b07@group-8399B3AF5CA3: changes role from      null to FOLLOWER at term 0 for startAsFollower
2019-09-10 12:36:44,732 [pool-57-thread-1] INFO  impl.RoleInfo (RoleInfo.java:updateAndGet(143)) - c5411d41-1b0a-4036-bc03-3ae3d66d2b07: start FollowerState
2019-09-10 12:36:44,733 [pool-57-thread-1] INFO  util.JmxRegister (JmxRegister.java:tryRegister(44)) - Successfully registered JMX Bean with object name Ratis:service=RaftServer,group=group-8399B3AF5CA3,id=c5411d41-1b0a-4036-bc03-3ae3d66d2b07
2019-09-10 12:36:44,734 [RatisPipelineUtilsThread] INFO  pipeline.PipelineStateManager (PipelineStateManager.java:addPipeline(56)) - Created pipeline Pipeline[ Id: e6b3999f-52f4-46b0-8ced-8399b3af5ca3, Nodes: bda12bde-a9da-41da-b7e7-5c1ce23ab93c{ip: 192.168.34.50, host: pr-hdds-1879-pp2l2-2511026898, networkLocation: /default-rack, certSerialId: null}33fcc201-48fd-47f6-879d-4d238b82d8e9{ip: 192.168.34.50, host: pr-hdds-1879-pp2l2-2511026898, networkLocation: /default-rack, certSerialId: null}c5411d41-1b0a-4036-bc03-3ae3d66d2b07{ip: 192.168.34.50, host: pr-hdds-1879-pp2l2-2511026898, networkLocation: /default-rack, certSerialId: null}, Type:RATIS, Factor:THREE, State:OPEN]
2019-09-10 12:36:45,551 [main] WARN  io.KeyOutputStream (KeyOutputStream.java:handleException(276)) - Encountered exception java.io.IOException: Unexpected Storage Container Exception: java.util.concurrent.CompletionException: java.util.concurrent.CompletionException: org.apache.ratis.protocol.GroupMismatchException: c5411d41-1b0a-4036-bc03-3ae3d66d2b07: group-9A53ED4A529B not found. on the pipeline Pipeline[ Id: f5e49e1f-983b-4678-b9f0-9a53ed4a529b, Nodes: bda12bde-a9da-41da-b7e7-5c1ce23ab93c{ip: 192.168.34.50, host: pr-hdds-1879-pp2l2-2511026898, networkLocation: /default-rack, certSerialId: null}33fcc201-48fd-47f6-879d-4d238b82d8e9{ip: 192.168.34.50, host: pr-hdds-1879-pp2l2-2511026898, networkLocation: /default-rack, certSerialId: null}c5411d41-1b0a-4036-bc03-3ae3d66d2b07{ip: 192.168.34.50, host: pr-hdds-1879-pp2l2-2511026898, networkLocation: /default-rack, certSerialId: null}, Type:RATIS, Factor:THREE, State:OPEN]. The last committed block length is 0, uncommitted data length is 150 retry count 0
2019-09-10 12:36:45,612 [grpc-default-executor-3] INFO  client.GrpcClientProtocolClient (GrpcClientProtocolClient.java:onNext(264)) - client-5274032AC566->bda12bde-a9da-41da-b7e7-5c1ce23ab93c: receive RaftClientReply:client-5274032AC566->bda12bde-a9da-41da-b7e7-5c1ce23ab93c@group-8399B3AF5CA3, cid=30, FAILED org.apache.ratis.protocol.NotLeaderException: Server bda12bde-a9da-41da-b7e7-5c1ce23ab93c@group-8399B3AF5CA3 is not the leader, logIndex=0, commits[bda12bde-a9da-41da-b7e7-5c1ce23ab93c:c-1]
2019-09-10 12:36:46,062 [grpc-default-executor-2] INFO  impl.RaftServerProxy (RaftServerProxy.java:remove(95)) - bda12bde-a9da-41da-b7e7-5c1ce23ab93c: remove group-9A53ED4A529B:null
2019-09-10 12:36:46,069 [RatisPipelineUtilsThread] WARN  pipeline.RatisPipelineUtils (RatisPipelineUtils.java:destroyPipeline(66)) - Pipeline destroy failed for pipeline=PipelineID=f5e49e1f-983b-4678-b9f0-9a53ed4a529b dn=bda12bde-a9da-41da-b7e7-5c1ce23ab93c{ip: 192.168.34.50, host: pr-hdds-1879-pp2l2-2511026898, networkLocation: /default-rack, certSerialId: null}
2019-09-10 12:36:46,074 [grpc-default-executor-2] INFO  impl.RaftServerProxy (RaftServerProxy.java:remove(95)) - 33fcc201-48fd-47f6-879d-4d238b82d8e9: remove group-9A53ED4A529B:null
2019-09-10 12:36:46,079 [RatisPipelineUtilsThread] WARN  pipeline.RatisPipelineUtils (RatisPipelineUtils.java:destroyPipeline(66)) - Pipeline destroy failed for pipeline=PipelineID=f5e49e1f-983b-4678-b9f0-9a53ed4a529b dn=33fcc201-48fd-47f6-879d-4d238b82d8e9{ip: 192.168.34.50, host: pr-hdds-1879-pp2l2-2511026898, networkLocation: /default-rack, certSerialId: null}
2019-09-10 12:36:46,083 [grpc-default-executor-2] INFO  impl.RaftServerProxy (RaftServerProxy.java:remove(95)) - c5411d41-1b0a-4036-bc03-3ae3d66d2b07: remove group-9A53ED4A529B:null
2019-09-10 12:36:46,087 [RatisPipelineUtilsThread] WARN  pipeline.RatisPipelineUtils (RatisPipelineUtils.java:destroyPipeline(66)) - Pipeline destroy failed for pipeline=PipelineID=f5e49e1f-983b-4678-b9f0-9a53ed4a529b dn=c5411d41-1b0a-4036-bc03-3ae3d66d2b07{ip: 192.168.34.50, host: pr-hdds-1879-pp2l2-2511026898, networkLocation: /default-rack, certSerialId: null}
2019-09-10 12:36:46,088 [RatisPipelineUtilsThread] ERROR pipeline.SCMPipelineManager (Scheduler.java:lambda$schedule$1(70)) - Destroy pipeline failed for pipeline:Pipeline[ Id: f5e49e1f-983b-4678-b9f0-9a53ed4a529b, Nodes: bda12bde-a9da-41da-b7e7-5c1ce23ab93c{ip: 192.168.34.50, host: pr-hdds-1879-pp2l2-2511026898, networkLocation: /default-rack, certSerialId: null}33fcc201-48fd-47f6-879d-4d238b82d8e9{ip: 192.168.34.50, host: pr-hdds-1879-pp2l2-2511026898, networkLocation: /default-rack, certSerialId: null}c5411d41-1b0a-4036-bc03-3ae3d66d2b07{ip: 192.168.34.50, host: pr-hdds-1879-pp2l2-2511026898, networkLocation: /default-rack, certSerialId: null}, Type:RATIS, Factor:THREE, State:CLOSED]
org.apache.hadoop.hdds.scm.pipeline.PipelineNotFoundException: PipelineID=f5e49e1f-983b-4678-b9f0-9a53ed4a529b not found
	at org.apache.hadoop.hdds.scm.pipeline.PipelineStateMap.getPipeline(PipelineStateMap.java:132)
	at org.apache.hadoop.hdds.scm.pipeline.PipelineStateMap.removePipeline(PipelineStateMap.java:322)
	at org.apache.hadoop.hdds.scm.pipeline.PipelineStateManager.removePipeline(PipelineStateManager.java:107)
	at org.apache.hadoop.hdds.scm.pipeline.SCMPipelineManager.removePipeline(SCMPipelineManager.java:423)
	at org.apache.hadoop.hdds.scm.pipeline.SCMPipelineManager.destroyPipeline(SCMPipelineManager.java:409)
	at org.apache.hadoop.hdds.scm.pipeline.SCMPipelineManager.lambda$finalizeAndDestroyPipeline$0(SCMPipelineManager.java:318)
	at org.apache.hadoop.utils.Scheduler.lambda$schedule$1(Scheduler.java:68)
	at java.util.concurrent.Executors$RunnableAdapter.call(Executors.java:511)
	at java.util.concurrent.FutureTask.run(FutureTask.java:266)
	at java.util.concurrent.ScheduledThreadPoolExecutor$ScheduledFutureTask.access$201(ScheduledThreadPoolExecutor.java:180)
	at java.util.concurrent.ScheduledThreadPoolExecutor$ScheduledFutureTask.run(ScheduledThreadPoolExecutor.java:293)
	at java.util.concurrent.ThreadPoolExecutor.runWorker(ThreadPoolExecutor.java:1149)
	at java.util.concurrent.ThreadPoolExecutor$Worker.run(ThreadPoolExecutor.java:624)
	at java.lang.Thread.run(Thread.java:748)
2019-09-10 12:36:46,637 [grpc-default-executor-2] INFO  client.GrpcClientProtocolClient (GrpcClientProtocolClient.java:onNext(264)) - client-5274032AC566->c5411d41-1b0a-4036-bc03-3ae3d66d2b07: receive RaftClientReply:client-5274032AC566->c5411d41-1b0a-4036-bc03-3ae3d66d2b07@group-8399B3AF5CA3, cid=30, FAILED org.apache.ratis.protocol.NotLeaderException: Server c5411d41-1b0a-4036-bc03-3ae3d66d2b07@group-8399B3AF5CA3 is not the leader, logIndex=0, commits[c5411d41-1b0a-4036-bc03-3ae3d66d2b07:c-1]
2019-09-10 12:36:47,680 [grpc-default-executor-2] INFO  client.GrpcClientProtocolClient (GrpcClientProtocolClient.java:onNext(264)) - client-5274032AC566->33fcc201-48fd-47f6-879d-4d238b82d8e9: receive RaftClientReply:client-5274032AC566->33fcc201-48fd-47f6-879d-4d238b82d8e9@group-8399B3AF5CA3, cid=30, FAILED org.apache.ratis.protocol.NotLeaderException: Server 33fcc201-48fd-47f6-879d-4d238b82d8e9@group-8399B3AF5CA3 is not the leader, logIndex=0, commits[33fcc201-48fd-47f6-879d-4d238b82d8e9:c-1]
2019-09-10 12:36:48,092 [grpc-default-executor-2] INFO  impl.RaftServerProxy (RaftServerProxy.java:remove(95)) - bda12bde-a9da-41da-b7e7-5c1ce23ab93c: remove group-9A53ED4A529B:null
2019-09-10 12:36:48,100 [RatisPipelineUtilsThread] WARN  pipeline.RatisPipelineUtils (RatisPipelineUtils.java:destroyPipeline(66)) - Pipeline destroy failed for pipeline=PipelineID=f5e49e1f-983b-4678-b9f0-9a53ed4a529b dn=bda12bde-a9da-41da-b7e7-5c1ce23ab93c{ip: 192.168.34.50, host: pr-hdds-1879-pp2l2-2511026898, networkLocation: /default-rack, certSerialId: null}
2019-09-10 12:36:48,107 [grpc-default-executor-2] INFO  impl.RaftServerProxy (RaftServerProxy.java:remove(95)) - 33fcc201-48fd-47f6-879d-4d238b82d8e9: remove group-9A53ED4A529B:null
2019-09-10 12:36:48,113 [RatisPipelineUtilsThread] WARN  pipeline.RatisPipelineUtils (RatisPipelineUtils.java:destroyPipeline(66)) - Pipeline destroy failed for pipeline=PipelineID=f5e49e1f-983b-4678-b9f0-9a53ed4a529b dn=33fcc201-48fd-47f6-879d-4d238b82d8e9{ip: 192.168.34.50, host: pr-hdds-1879-pp2l2-2511026898, networkLocation: /default-rack, certSerialId: null}
2019-09-10 12:36:48,118 [grpc-default-executor-2] INFO  impl.RaftServerProxy (RaftServerProxy.java:remove(95)) - c5411d41-1b0a-4036-bc03-3ae3d66d2b07: remove group-9A53ED4A529B:null
2019-09-10 12:36:48,124 [RatisPipelineUtilsThread] WARN  pipeline.RatisPipelineUtils (RatisPipelineUtils.java:destroyPipeline(66)) - Pipeline destroy failed for pipeline=PipelineID=f5e49e1f-983b-4678-b9f0-9a53ed4a529b dn=c5411d41-1b0a-4036-bc03-3ae3d66d2b07{ip: 192.168.34.50, host: pr-hdds-1879-pp2l2-2511026898, networkLocation: /default-rack, certSerialId: null}
2019-09-10 12:36:48,125 [RatisPipelineUtilsThread] ERROR pipeline.SCMPipelineManager (Scheduler.java:lambda$schedule$1(70)) - Destroy pipeline failed for pipeline:Pipeline[ Id: f5e49e1f-983b-4678-b9f0-9a53ed4a529b, Nodes: bda12bde-a9da-41da-b7e7-5c1ce23ab93c{ip: 192.168.34.50, host: pr-hdds-1879-pp2l2-2511026898, networkLocation: /default-rack, certSerialId: null}33fcc201-48fd-47f6-879d-4d238b82d8e9{ip: 192.168.34.50, host: pr-hdds-1879-pp2l2-2511026898, networkLocation: /default-rack, certSerialId: null}c5411d41-1b0a-4036-bc03-3ae3d66d2b07{ip: 192.168.34.50, host: pr-hdds-1879-pp2l2-2511026898, networkLocation: /default-rack, certSerialId: null}, Type:RATIS, Factor:THREE, State:CLOSED]
org.apache.hadoop.hdds.scm.pipeline.PipelineNotFoundException: PipelineID=f5e49e1f-983b-4678-b9f0-9a53ed4a529b not found
	at org.apache.hadoop.hdds.scm.pipeline.PipelineStateMap.getPipeline(PipelineStateMap.java:132)
	at org.apache.hadoop.hdds.scm.pipeline.PipelineStateMap.removePipeline(PipelineStateMap.java:322)
	at org.apache.hadoop.hdds.scm.pipeline.PipelineStateManager.removePipeline(PipelineStateManager.java:107)
	at org.apache.hadoop.hdds.scm.pipeline.SCMPipelineManager.removePipeline(SCMPipelineManager.java:423)
	at org.apache.hadoop.hdds.scm.pipeline.SCMPipelineManager.destroyPipeline(SCMPipelineManager.java:409)
	at org.apache.hadoop.hdds.scm.pipeline.SCMPipelineManager.lambda$finalizeAndDestroyPipeline$0(SCMPipelineManager.java:318)
	at org.apache.hadoop.utils.Scheduler.lambda$schedule$1(Scheduler.java:68)
	at java.util.concurrent.Executors$RunnableAdapter.call(Executors.java:511)
	at java.util.concurrent.FutureTask.run(FutureTask.java:266)
	at java.util.concurrent.ScheduledThreadPoolExecutor$ScheduledFutureTask.access$201(ScheduledThreadPoolExecutor.java:180)
	at java.util.concurrent.ScheduledThreadPoolExecutor$ScheduledFutureTask.run(ScheduledThreadPoolExecutor.java:293)
	at java.util.concurrent.ThreadPoolExecutor.runWorker(ThreadPoolExecutor.java:1149)
	at java.util.concurrent.ThreadPoolExecutor$Worker.run(ThreadPoolExecutor.java:624)
	at java.lang.Thread.run(Thread.java:748)
2019-09-10 12:36:48,709 [grpc-default-executor-3] INFO  client.GrpcClientProtocolClient (GrpcClientProtocolClient.java:onNext(264)) - client-5274032AC566->c5411d41-1b0a-4036-bc03-3ae3d66d2b07: receive RaftClientReply:client-5274032AC566->c5411d41-1b0a-4036-bc03-3ae3d66d2b07@group-8399B3AF5CA3, cid=30, FAILED org.apache.ratis.protocol.NotLeaderException: Server c5411d41-1b0a-4036-bc03-3ae3d66d2b07@group-8399B3AF5CA3 is not the leader, logIndex=0, commits[c5411d41-1b0a-4036-bc03-3ae3d66d2b07:c-1]
2019-09-10 12:36:49,733 [grpc-default-executor-3] INFO  client.GrpcClientProtocolClient (GrpcClientProtocolClient.java:onNext(264)) - client-5274032AC566->33fcc201-48fd-47f6-879d-4d238b82d8e9: receive RaftClientReply:client-5274032AC566->33fcc201-48fd-47f6-879d-4d238b82d8e9@group-8399B3AF5CA3, cid=30, FAILED org.apache.ratis.protocol.NotLeaderException: Server 33fcc201-48fd-47f6-879d-4d238b82d8e9@group-8399B3AF5CA3 is not the leader, logIndex=0, commits[33fcc201-48fd-47f6-879d-4d238b82d8e9:c-1]
2019-09-10 12:36:49,804 [Thread-870] INFO  impl.FollowerState (FollowerState.java:run(106)) - 33fcc201-48fd-47f6-879d-4d238b82d8e9:group-8399B3AF5CA3 changes to CANDIDATE, lastRpcTime:5075, electionTimeout:5075ms
2019-09-10 12:36:49,804 [Thread-870] INFO  impl.RoleInfo (RoleInfo.java:shutdownFollowerState(121)) - 33fcc201-48fd-47f6-879d-4d238b82d8e9: shutdown FollowerState
2019-09-10 12:36:49,805 [Thread-870] INFO  impl.RaftServerImpl (RaftServerImpl.java:setRole(174)) - 33fcc201-48fd-47f6-879d-4d238b82d8e9@group-8399B3AF5CA3: changes role from  FOLLOWER to CANDIDATE at term 0 for changeToCandidate
2019-09-10 12:36:49,805 [Thread-870] INFO  impl.RoleInfo (RoleInfo.java:updateAndGet(143)) - 33fcc201-48fd-47f6-879d-4d238b82d8e9: start LeaderElection
2019-09-10 12:36:49,822 [33fcc201-48fd-47f6-879d-4d238b82d8e9@group-8399B3AF5CA3:LeaderElection14] INFO  impl.LeaderElection (LeaderElection.java:askForVotes(182)) - 33fcc201-48fd-47f6-879d-4d238b82d8e9@group-8399B3AF5CA3:LeaderElection14: begin an election at term 1 for -1: [c5411d41-1b0a-4036-bc03-3ae3d66d2b07:192.168.34.50:35961, bda12bde-a9da-41da-b7e7-5c1ce23ab93c:192.168.34.50:35398, 33fcc201-48fd-47f6-879d-4d238b82d8e9:192.168.34.50:35712], old=null
2019-09-10 12:36:49,827 [grpc-default-executor-3] INFO  impl.RaftServerImpl (RaftServerImpl.java:setRole(174)) - c5411d41-1b0a-4036-bc03-3ae3d66d2b07@group-8399B3AF5CA3: changes role from  FOLLOWER to FOLLOWER at term 1 for recognizeCandidate:33fcc201-48fd-47f6-879d-4d238b82d8e9
2019-09-10 12:36:49,829 [grpc-default-executor-2] INFO  impl.RaftServerImpl (RaftServerImpl.java:setRole(174)) - bda12bde-a9da-41da-b7e7-5c1ce23ab93c@group-8399B3AF5CA3: changes role from  FOLLOWER to FOLLOWER at term 1 for recognizeCandidate:33fcc201-48fd-47f6-879d-4d238b82d8e9
2019-09-10 12:36:49,830 [grpc-default-executor-3] INFO  impl.RoleInfo (RoleInfo.java:shutdownFollowerState(121)) - c5411d41-1b0a-4036-bc03-3ae3d66d2b07: shutdown FollowerState
2019-09-10 12:36:49,830 [grpc-default-executor-2] INFO  impl.RoleInfo (RoleInfo.java:shutdownFollowerState(121)) - bda12bde-a9da-41da-b7e7-5c1ce23ab93c: shutdown FollowerState
2019-09-10 12:36:49,830 [grpc-default-executor-3] INFO  impl.RoleInfo (RoleInfo.java:updateAndGet(143)) - c5411d41-1b0a-4036-bc03-3ae3d66d2b07: start FollowerState
2019-09-10 12:36:49,830 [Thread-874] INFO  impl.FollowerState (FollowerState.java:run(115)) - bda12bde-a9da-41da-b7e7-5c1ce23ab93c: FollowerState was interrupted: java.lang.InterruptedException: sleep interrupted
2019-09-10 12:36:49,830 [grpc-default-executor-2] INFO  impl.RoleInfo (RoleInfo.java:updateAndGet(143)) - bda12bde-a9da-41da-b7e7-5c1ce23ab93c: start FollowerState
2019-09-10 12:36:49,830 [Thread-876] INFO  impl.FollowerState (FollowerState.java:run(115)) - c5411d41-1b0a-4036-bc03-3ae3d66d2b07: FollowerState was interrupted: java.lang.InterruptedException: sleep interrupted
2019-09-10 12:36:49,850 [33fcc201-48fd-47f6-879d-4d238b82d8e9@group-8399B3AF5CA3:LeaderElection14] INFO  impl.LeaderElection (LeaderElection.java:logAndReturn(56)) - 33fcc201-48fd-47f6-879d-4d238b82d8e9@group-8399B3AF5CA3:LeaderElection14: Election PASSED; received 1 response(s) [33fcc201-48fd-47f6-879d-4d238b82d8e9<-c5411d41-1b0a-4036-bc03-3ae3d66d2b07#0:OK-t1] and 0 exception(s); 33fcc201-48fd-47f6-879d-4d238b82d8e9@group-8399B3AF5CA3:t1, leader=null, voted=33fcc201-48fd-47f6-879d-4d238b82d8e9, raftlog=33fcc201-48fd-47f6-879d-4d238b82d8e9@group-8399B3AF5CA3-SegmentedRaftLog:OPENED:c-1,f-1,i0, conf=-1: [c5411d41-1b0a-4036-bc03-3ae3d66d2b07:192.168.34.50:35961, bda12bde-a9da-41da-b7e7-5c1ce23ab93c:192.168.34.50:35398, 33fcc201-48fd-47f6-879d-4d238b82d8e9:192.168.34.50:35712], old=null
2019-09-10 12:36:49,850 [33fcc201-48fd-47f6-879d-4d238b82d8e9@group-8399B3AF5CA3:LeaderElection14] INFO  impl.RoleInfo (RoleInfo.java:shutdownLeaderElection(134)) - 33fcc201-48fd-47f6-879d-4d238b82d8e9: shutdown LeaderElection
2019-09-10 12:36:49,852 [33fcc201-48fd-47f6-879d-4d238b82d8e9@group-8399B3AF5CA3:LeaderElection14] INFO  impl.RaftServerImpl (RaftServerImpl.java:setRole(174)) - 33fcc201-48fd-47f6-879d-4d238b82d8e9@group-8399B3AF5CA3: changes role from CANDIDATE to LEADER at term 1 for changeToLeader
2019-09-10 12:36:49,852 [33fcc201-48fd-47f6-879d-4d238b82d8e9@group-8399B3AF5CA3:LeaderElection14] INFO  impl.RaftServerImpl (ServerState.java:setLeader(253)) - 33fcc201-48fd-47f6-879d-4d238b82d8e9@group-8399B3AF5CA3: change Leader from null to 33fcc201-48fd-47f6-879d-4d238b82d8e9 at term 1 for becomeLeader, leader elected after 5131ms
2019-09-10 12:36:49,852 [33fcc201-48fd-47f6-879d-4d238b82d8e9@group-8399B3AF5CA3:LeaderElection14] INFO  server.RaftServerConfigKeys (ConfUtils.java:logGet(43)) - raft.server.staging.catchup.gap = 1000 (default)
2019-09-10 12:36:49,852 [33fcc201-48fd-47f6-879d-4d238b82d8e9@group-8399B3AF5CA3:LeaderElection14] INFO  server.RaftServerConfigKeys (ConfUtils.java:logGet(43)) - raft.server.rpc.sleep.time = 25ms (default)
2019-09-10 12:36:49,853 [33fcc201-48fd-47f6-879d-4d238b82d8e9@group-8399B3AF5CA3:LeaderElection14] INFO  server.RaftServerConfigKeys (ConfUtils.java:logGet(43)) - raft.server.write.element-limit = 4096 (default)
2019-09-10 12:36:49,853 [33fcc201-48fd-47f6-879d-4d238b82d8e9@group-8399B3AF5CA3:LeaderElection14] INFO  server.RaftServerConfigKeys (ConfUtils.java:logGet(43)) - raft.server.watch.timeout = 10s (default)
2019-09-10 12:36:49,853 [33fcc201-48fd-47f6-879d-4d238b82d8e9@group-8399B3AF5CA3:LeaderElection14] INFO  server.RaftServerConfigKeys (ConfUtils.java:logGet(43)) - raft.server.watch.timeout.denomination = 1s (default)
2019-09-10 12:36:49,853 [33fcc201-48fd-47f6-879d-4d238b82d8e9@group-8399B3AF5CA3:LeaderElection14] INFO  server.RaftServerConfigKeys (ConfUtils.java:logGet(43)) - raft.server.watch.element-limit = 65536 (default)
2019-09-10 12:36:49,856 [33fcc201-48fd-47f6-879d-4d238b82d8e9@group-8399B3AF5CA3:LeaderElection14] INFO  server.RaftServerConfigKeys (ConfUtils.java:logGet(43)) - raft.server.log.appender.snapshot.chunk.size.max = 16MB (=16777216) (default)
2019-09-10 12:36:49,856 [33fcc201-48fd-47f6-879d-4d238b82d8e9@group-8399B3AF5CA3:LeaderElection14] INFO  server.RaftServerConfigKeys (ConfUtils.java:logGet(43)) - raft.server.log.appender.buffer.byte-limit = 33554432 (custom)
2019-09-10 12:36:49,856 [33fcc201-48fd-47f6-879d-4d238b82d8e9@group-8399B3AF5CA3:LeaderElection14] INFO  server.RaftServerConfigKeys (ConfUtils.java:logGet(43)) - raft.server.log.appender.buffer.element-limit = 1 (custom)
2019-09-10 12:36:49,857 [33fcc201-48fd-47f6-879d-4d238b82d8e9@group-8399B3AF5CA3:LeaderElection14] INFO  grpc.GrpcConfigKeys$Server (ConfUtils.java:logGet(43)) - raft.grpc.server.leader.outstanding.appends.max = 128 (default)
2019-09-10 12:36:49,857 [33fcc201-48fd-47f6-879d-4d238b82d8e9@group-8399B3AF5CA3:LeaderElection14] INFO  server.RaftServerConfigKeys (ConfUtils.java:logGet(43)) - raft.server.rpc.request.timeout = 3000ms (default)
2019-09-10 12:36:49,857 [33fcc201-48fd-47f6-879d-4d238b82d8e9@group-8399B3AF5CA3:LeaderElection14] INFO  server.RaftServerConfigKeys (ConfUtils.java:logGet(43)) - raft.server.log.appender.install.snapshot.enabled = false (custom)
2019-09-10 12:36:49,857 [33fcc201-48fd-47f6-879d-4d238b82d8e9@group-8399B3AF5CA3:LeaderElection14] INFO  server.RaftServerConfigKeys (ConfUtils.java:logGet(43)) - raft.server.log.appender.snapshot.chunk.size.max = 16MB (=16777216) (default)
2019-09-10 12:36:49,857 [33fcc201-48fd-47f6-879d-4d238b82d8e9@group-8399B3AF5CA3:LeaderElection14] INFO  server.RaftServerConfigKeys (ConfUtils.java:logGet(43)) - raft.server.log.appender.buffer.byte-limit = 33554432 (custom)
2019-09-10 12:36:49,858 [33fcc201-48fd-47f6-879d-4d238b82d8e9@group-8399B3AF5CA3:LeaderElection14] INFO  server.RaftServerConfigKeys (ConfUtils.java:logGet(43)) - raft.server.log.appender.buffer.element-limit = 1 (custom)
2019-09-10 12:36:49,858 [33fcc201-48fd-47f6-879d-4d238b82d8e9@group-8399B3AF5CA3:LeaderElection14] INFO  grpc.GrpcConfigKeys$Server (ConfUtils.java:logGet(43)) - raft.grpc.server.leader.outstanding.appends.max = 128 (default)
2019-09-10 12:36:49,858 [33fcc201-48fd-47f6-879d-4d238b82d8e9@group-8399B3AF5CA3:LeaderElection14] INFO  server.RaftServerConfigKeys (ConfUtils.java:logGet(43)) - raft.server.rpc.request.timeout = 3000ms (default)
2019-09-10 12:36:49,858 [33fcc201-48fd-47f6-879d-4d238b82d8e9@group-8399B3AF5CA3:LeaderElection14] INFO  server.RaftServerConfigKeys (ConfUtils.java:logGet(43)) - raft.server.log.appender.install.snapshot.enabled = false (custom)
2019-09-10 12:36:49,858 [33fcc201-48fd-47f6-879d-4d238b82d8e9@group-8399B3AF5CA3:LeaderElection14] INFO  impl.RoleInfo (RoleInfo.java:updateAndGet(143)) - 33fcc201-48fd-47f6-879d-4d238b82d8e9: start LeaderState
2019-09-10 12:36:49,859 [33fcc201-48fd-47f6-879d-4d238b82d8e9@group-8399B3AF5CA3:LeaderElection14] INFO  segmented.SegmentedRaftLogWorker (SegmentedRaftLogWorker.java:startLogSegment(380)) - 33fcc201-48fd-47f6-879d-4d238b82d8e9@group-8399B3AF5CA3-SegmentedRaftLogWorker: Starting segment from index:0
2019-09-10 12:36:49,859 [33fcc201-48fd-47f6-879d-4d238b82d8e9@group-8399B3AF5CA3:LeaderElection14] INFO  impl.RaftServerImpl (ServerState.java:setRaftConf(354)) - 33fcc201-48fd-47f6-879d-4d238b82d8e9@group-8399B3AF5CA3: set configuration 0: [c5411d41-1b0a-4036-bc03-3ae3d66d2b07:192.168.34.50:35961, bda12bde-a9da-41da-b7e7-5c1ce23ab93c:192.168.34.50:35398, 33fcc201-48fd-47f6-879d-4d238b82d8e9:192.168.34.50:35712], old=null at 0
2019-09-10 12:36:49,899 [grpc-default-executor-3] INFO  impl.RaftServerImpl (ServerState.java:setLeader(253)) - bda12bde-a9da-41da-b7e7-5c1ce23ab93c@group-8399B3AF5CA3: change Leader from null to 33fcc201-48fd-47f6-879d-4d238b82d8e9 at term 1 for appendEntries, leader elected after 5177ms
2019-09-10 12:36:49,899 [grpc-default-executor-2] INFO  impl.RaftServerImpl (ServerState.java:setLeader(253)) - c5411d41-1b0a-4036-bc03-3ae3d66d2b07@group-8399B3AF5CA3: change Leader from null to 33fcc201-48fd-47f6-879d-4d238b82d8e9 at term 1 for appendEntries, leader elected after 5178ms
2019-09-10 12:36:49,902 [grpc-default-executor-3] INFO  impl.RaftServerImpl (ServerState.java:setRaftConf(354)) - c5411d41-1b0a-4036-bc03-3ae3d66d2b07@group-8399B3AF5CA3: set configuration 0: [c5411d41-1b0a-4036-bc03-3ae3d66d2b07:192.168.34.50:35961, bda12bde-a9da-41da-b7e7-5c1ce23ab93c:192.168.34.50:35398, 33fcc201-48fd-47f6-879d-4d238b82d8e9:192.168.34.50:35712], old=null at 0
2019-09-10 12:36:49,902 [grpc-default-executor-2] INFO  impl.RaftServerImpl (ServerState.java:setRaftConf(354)) - bda12bde-a9da-41da-b7e7-5c1ce23ab93c@group-8399B3AF5CA3: set configuration 0: [c5411d41-1b0a-4036-bc03-3ae3d66d2b07:192.168.34.50:35961, bda12bde-a9da-41da-b7e7-5c1ce23ab93c:192.168.34.50:35398, 33fcc201-48fd-47f6-879d-4d238b82d8e9:192.168.34.50:35712], old=null at 0
2019-09-10 12:36:49,902 [grpc-default-executor-3] INFO  segmented.SegmentedRaftLogWorker (SegmentedRaftLogWorker.java:startLogSegment(380)) - c5411d41-1b0a-4036-bc03-3ae3d66d2b07@group-8399B3AF5CA3-SegmentedRaftLogWorker: Starting segment from index:0
2019-09-10 12:36:49,902 [grpc-default-executor-2] INFO  segmented.SegmentedRaftLogWorker (SegmentedRaftLogWorker.java:startLogSegment(380)) - bda12bde-a9da-41da-b7e7-5c1ce23ab93c@group-8399B3AF5CA3-SegmentedRaftLogWorker: Starting segment from index:0
2019-09-10 12:36:49,908 [33fcc201-48fd-47f6-879d-4d238b82d8e9@group-8399B3AF5CA3-SegmentedRaftLogWorker] INFO  segmented.SegmentedRaftLogWorker (SegmentedRaftLogWorker.java:execute(569)) - 33fcc201-48fd-47f6-879d-4d238b82d8e9@group-8399B3AF5CA3-SegmentedRaftLogWorker: created new log segment /workdir/hadoop-ozone/integration-test/target/test-dir/MiniOzoneClusterImpl-3f53151c-50d4-4b96-bcaa-ed08380fd351/datanode-0/data/ratis/e6b3999f-52f4-46b0-8ced-8399b3af5ca3/current/log_inprogress_0
2019-09-10 12:36:49,937 [bda12bde-a9da-41da-b7e7-5c1ce23ab93c@group-8399B3AF5CA3-SegmentedRaftLogWorker] INFO  segmented.SegmentedRaftLogWorker (SegmentedRaftLogWorker.java:execute(569)) - bda12bde-a9da-41da-b7e7-5c1ce23ab93c@group-8399B3AF5CA3-SegmentedRaftLogWorker: created new log segment /workdir/hadoop-ozone/integration-test/target/test-dir/MiniOzoneClusterImpl-3f53151c-50d4-4b96-bcaa-ed08380fd351/datanode-1/data/ratis/e6b3999f-52f4-46b0-8ced-8399b3af5ca3/current/log_inprogress_0
2019-09-10 12:36:49,937 [c5411d41-1b0a-4036-bc03-3ae3d66d2b07@group-8399B3AF5CA3-SegmentedRaftLogWorker] INFO  segmented.SegmentedRaftLogWorker (SegmentedRaftLogWorker.java:execute(569)) - c5411d41-1b0a-4036-bc03-3ae3d66d2b07@group-8399B3AF5CA3-SegmentedRaftLogWorker: created new log segment /workdir/hadoop-ozone/integration-test/target/test-dir/MiniOzoneClusterImpl-3f53151c-50d4-4b96-bcaa-ed08380fd351/datanode-3/data/ratis/e6b3999f-52f4-46b0-8ced-8399b3af5ca3/current/log_inprogress_0
2019-09-10 12:36:50,102 [grpc-default-executor-2] INFO  impl.RaftServerProxy (RaftServerProxy.java:remove(95)) - bda12bde-a9da-41da-b7e7-5c1ce23ab93c: remove group-9A53ED4A529B:null
2019-09-10 12:36:50,108 [RatisPipelineUtilsThread] WARN  pipeline.RatisPipelineUtils (RatisPipelineUtils.java:destroyPipeline(66)) - Pipeline destroy failed for pipeline=PipelineID=f5e49e1f-983b-4678-b9f0-9a53ed4a529b dn=bda12bde-a9da-41da-b7e7-5c1ce23ab93c{ip: 192.168.34.50, host: pr-hdds-1879-pp2l2-2511026898, networkLocation: /default-rack, certSerialId: null}
2019-09-10 12:36:50,114 [grpc-default-executor-2] INFO  impl.RaftServerProxy (RaftServerProxy.java:remove(95)) - 33fcc201-48fd-47f6-879d-4d238b82d8e9: remove group-9A53ED4A529B:null
2019-09-10 12:36:50,119 [RatisPipelineUtilsThread] WARN  pipeline.RatisPipelineUtils (RatisPipelineUtils.java:destroyPipeline(66)) - Pipeline destroy failed for pipeline=PipelineID=f5e49e1f-983b-4678-b9f0-9a53ed4a529b dn=33fcc201-48fd-47f6-879d-4d238b82d8e9{ip: 192.168.34.50, host: pr-hdds-1879-pp2l2-2511026898, networkLocation: /default-rack, certSerialId: null}
2019-09-10 12:36:50,124 [grpc-default-executor-2] INFO  impl.RaftServerProxy (RaftServerProxy.java:remove(95)) - c5411d41-1b0a-4036-bc03-3ae3d66d2b07: remove group-9A53ED4A529B:null
2019-09-10 12:36:50,130 [RatisPipelineUtilsThread] WARN  pipeline.RatisPipelineUtils (RatisPipelineUtils.java:destroyPipeline(66)) - Pipeline destroy failed for pipeline=PipelineID=f5e49e1f-983b-4678-b9f0-9a53ed4a529b dn=c5411d41-1b0a-4036-bc03-3ae3d66d2b07{ip: 192.168.34.50, host: pr-hdds-1879-pp2l2-2511026898, networkLocation: /default-rack, certSerialId: null}
2019-09-10 12:36:50,130 [RatisPipelineUtilsThread] ERROR pipeline.SCMPipelineManager (Scheduler.java:lambda$schedule$1(70)) - Destroy pipeline failed for pipeline:Pipeline[ Id: f5e49e1f-983b-4678-b9f0-9a53ed4a529b, Nodes: bda12bde-a9da-41da-b7e7-5c1ce23ab93c{ip: 192.168.34.50, host: pr-hdds-1879-pp2l2-2511026898, networkLocation: /default-rack, certSerialId: null}33fcc201-48fd-47f6-879d-4d238b82d8e9{ip: 192.168.34.50, host: pr-hdds-1879-pp2l2-2511026898, networkLocation: /default-rack, certSerialId: null}c5411d41-1b0a-4036-bc03-3ae3d66d2b07{ip: 192.168.34.50, host: pr-hdds-1879-pp2l2-2511026898, networkLocation: /default-rack, certSerialId: null}, Type:RATIS, Factor:THREE, State:CLOSED]
org.apache.hadoop.hdds.scm.pipeline.PipelineNotFoundException: PipelineID=f5e49e1f-983b-4678-b9f0-9a53ed4a529b not found
	at org.apache.hadoop.hdds.scm.pipeline.PipelineStateMap.getPipeline(PipelineStateMap.java:132)
	at org.apache.hadoop.hdds.scm.pipeline.PipelineStateMap.removePipeline(PipelineStateMap.java:322)
	at org.apache.hadoop.hdds.scm.pipeline.PipelineStateManager.removePipeline(PipelineStateManager.java:107)
	at org.apache.hadoop.hdds.scm.pipeline.SCMPipelineManager.removePipeline(SCMPipelineManager.java:423)
	at org.apache.hadoop.hdds.scm.pipeline.SCMPipelineManager.destroyPipeline(SCMPipelineManager.java:409)
	at org.apache.hadoop.hdds.scm.pipeline.SCMPipelineManager.lambda$finalizeAndDestroyPipeline$0(SCMPipelineManager.java:318)
	at org.apache.hadoop.utils.Scheduler.lambda$schedule$1(Scheduler.java:68)
	at java.util.concurrent.Executors$RunnableAdapter.call(Executors.java:511)
	at java.util.concurrent.FutureTask.run(FutureTask.java:266)
	at java.util.concurrent.ScheduledThreadPoolExecutor$ScheduledFutureTask.access$201(ScheduledThreadPoolExecutor.java:180)
	at java.util.concurrent.ScheduledThreadPoolExecutor$ScheduledFutureTask.run(ScheduledThreadPoolExecutor.java:293)
	at java.util.concurrent.ThreadPoolExecutor.runWorker(ThreadPoolExecutor.java:1149)
	at java.util.concurrent.ThreadPoolExecutor$Worker.run(ThreadPoolExecutor.java:624)
	at java.lang.Thread.run(Thread.java:748)
2019-09-10 12:36:50,750 [grpc-default-executor-2] INFO  client.GrpcClientProtocolClient (GrpcClientProtocolClient.java:onNext(264)) - client-5274032AC566->c5411d41-1b0a-4036-bc03-3ae3d66d2b07: receive RaftClientReply:client-5274032AC566->c5411d41-1b0a-4036-bc03-3ae3d66d2b07@group-8399B3AF5CA3, cid=30, FAILED org.apache.ratis.protocol.NotLeaderException: Server c5411d41-1b0a-4036-bc03-3ae3d66d2b07@group-8399B3AF5CA3 is not the leader 33fcc201-48fd-47f6-879d-4d238b82d8e9:192.168.34.50:35712, logIndex=0, commits[c5411d41-1b0a-4036-bc03-3ae3d66d2b07:c-1, bda12bde-a9da-41da-b7e7-5c1ce23ab93c:c-1, 33fcc201-48fd-47f6-879d-4d238b82d8e9:c-1]
2019-09-10 12:36:50,913 [grpc-default-executor-2] INFO  client.GrpcClientProtocolClient (GrpcClientProtocolClient.java:onNext(264)) - client-5274032AC566->33fcc201-48fd-47f6-879d-4d238b82d8e9: receive RaftClientReply:client-5274032AC566->33fcc201-48fd-47f6-879d-4d238b82d8e9@group-8399B3AF5CA3, cid=30, SUCCESS, logIndex=1, commits[33fcc201-48fd-47f6-879d-4d238b82d8e9:c1, c5411d41-1b0a-4036-bc03-3ae3d66d2b07:c0, bda12bde-a9da-41da-b7e7-5c1ce23ab93c:c0]
2019-09-10 12:36:50,940 [grpc-default-executor-5] INFO  client.GrpcClientProtocolClient (GrpcClientProtocolClient.java:onNext(264)) - client-5274032AC566->33fcc201-48fd-47f6-879d-4d238b82d8e9: receive RaftClientReply:client-5274032AC566->33fcc201-48fd-47f6-879d-4d238b82d8e9@group-8399B3AF5CA3, cid=31, SUCCESS, logIndex=3, commits[33fcc201-48fd-47f6-879d-4d238b82d8e9:c4, c5411d41-1b0a-4036-bc03-3ae3d66d2b07:c2, bda12bde-a9da-41da-b7e7-5c1ce23ab93c:c2]
2019-09-10 12:36:51,000 [grpc-default-executor-5] INFO  client.GrpcClientProtocolClient (GrpcClientProtocolClient.java:onNext(264)) - client-5274032AC566->33fcc201-48fd-47f6-879d-4d238b82d8e9: receive RaftClientReply:client-5274032AC566->33fcc201-48fd-47f6-879d-4d238b82d8e9@group-8399B3AF5CA3, cid=32, SUCCESS, logIndex=4, commits[33fcc201-48fd-47f6-879d-4d238b82d8e9:c6, c5411d41-1b0a-4036-bc03-3ae3d66d2b07:c4, bda12bde-a9da-41da-b7e7-5c1ce23ab93c:c4]
]]></system-out>
  </testcase>
  <testcase name="testFullBufferCondition" classname="org.apache.hadoop.ozone.client.rpc.TestBlockOutputStream" time="0.382"/>
  <testcase name="testBufferCaching" classname="org.apache.hadoop.ozone.client.rpc.TestBlockOutputStream" time="0.33"/>
  <testcase name="testWriteWithExceedingMaxBufferLimit" classname="org.apache.hadoop.ozone.client.rpc.TestBlockOutputStream" time="187.161">
    <failure message="expected:&lt;18&gt; but was:&lt;22&gt;" type="java.lang.AssertionError"><![CDATA[java.lang.AssertionError: expected:<18> but was:<22>
	at org.junit.Assert.fail(Assert.java:88)
	at org.junit.Assert.failNotEquals(Assert.java:743)
	at org.junit.Assert.assertEquals(Assert.java:118)
	at org.junit.Assert.assertEquals(Assert.java:555)
	at org.junit.Assert.assertEquals(Assert.java:542)
	at org.apache.hadoop.ozone.client.rpc.TestBlockOutputStream.testWriteWithExceedingMaxBufferLimit(TestBlockOutputStream.java:614)
	at sun.reflect.NativeMethodAccessorImpl.invoke0(Native Method)
	at sun.reflect.NativeMethodAccessorImpl.invoke(NativeMethodAccessorImpl.java:62)
	at sun.reflect.DelegatingMethodAccessorImpl.invoke(DelegatingMethodAccessorImpl.java:43)
	at java.lang.reflect.Method.invoke(Method.java:498)
	at org.junit.runners.model.FrameworkMethod$1.runReflectiveCall(FrameworkMethod.java:47)
	at org.junit.internal.runners.model.ReflectiveCallable.run(ReflectiveCallable.java:12)
	at org.junit.runners.model.FrameworkMethod.invokeExplosively(FrameworkMethod.java:44)
	at org.junit.internal.runners.statements.InvokeMethod.evaluate(InvokeMethod.java:17)
	at org.junit.runners.ParentRunner.runLeaf(ParentRunner.java:271)
	at org.junit.runners.BlockJUnit4ClassRunner.runChild(BlockJUnit4ClassRunner.java:70)
	at org.junit.runners.BlockJUnit4ClassRunner.runChild(BlockJUnit4ClassRunner.java:50)
	at org.junit.runners.ParentRunner$3.run(ParentRunner.java:238)
	at org.junit.runners.ParentRunner$1.schedule(ParentRunner.java:63)
	at org.junit.runners.ParentRunner.runChildren(ParentRunner.java:236)
	at org.junit.runners.ParentRunner.access$000(ParentRunner.java:53)
	at org.junit.runners.ParentRunner$2.evaluate(ParentRunner.java:229)
	at org.junit.internal.runners.statements.RunBefores.evaluate(RunBefores.java:26)
	at org.junit.internal.runners.statements.RunAfters.evaluate(RunAfters.java:27)
	at org.junit.runners.ParentRunner.run(ParentRunner.java:309)
	at org.apache.maven.surefire.junit4.JUnit4Provider.execute(JUnit4Provider.java:365)
	at org.apache.maven.surefire.junit4.JUnit4Provider.executeWithRerun(JUnit4Provider.java:273)
	at org.apache.maven.surefire.junit4.JUnit4Provider.executeTestSet(JUnit4Provider.java:238)
	at org.apache.maven.surefire.junit4.JUnit4Provider.invoke(JUnit4Provider.java:159)
	at org.apache.maven.surefire.booter.ForkedBooter.invokeProviderInSameClassLoader(ForkedBooter.java:384)
	at org.apache.maven.surefire.booter.ForkedBooter.runSuitesInProcess(ForkedBooter.java:345)
	at org.apache.maven.surefire.booter.ForkedBooter.execute(ForkedBooter.java:126)
	at org.apache.maven.surefire.booter.ForkedBooter.main(ForkedBooter.java:418)
]]></failure>
    <system-out><![CDATA[2019-09-10 12:36:53,087 [grpc-default-executor-2] INFO  impl.RaftServerProxy (RaftServerProxy.java:remove(95)) - bda12bde-a9da-41da-b7e7-5c1ce23ab93c: remove group-9A53ED4A529B:null
2019-09-10 12:36:53,093 [RatisPipelineUtilsThread] WARN  pipeline.RatisPipelineUtils (RatisPipelineUtils.java:destroyPipeline(66)) - Pipeline destroy failed for pipeline=PipelineID=f5e49e1f-983b-4678-b9f0-9a53ed4a529b dn=bda12bde-a9da-41da-b7e7-5c1ce23ab93c{ip: 192.168.34.50, host: pr-hdds-1879-pp2l2-2511026898, networkLocation: /default-rack, certSerialId: null}
2019-09-10 12:36:53,099 [grpc-default-executor-2] INFO  impl.RaftServerProxy (RaftServerProxy.java:remove(95)) - 33fcc201-48fd-47f6-879d-4d238b82d8e9: remove group-9A53ED4A529B:null
2019-09-10 12:36:53,104 [RatisPipelineUtilsThread] WARN  pipeline.RatisPipelineUtils (RatisPipelineUtils.java:destroyPipeline(66)) - Pipeline destroy failed for pipeline=PipelineID=f5e49e1f-983b-4678-b9f0-9a53ed4a529b dn=33fcc201-48fd-47f6-879d-4d238b82d8e9{ip: 192.168.34.50, host: pr-hdds-1879-pp2l2-2511026898, networkLocation: /default-rack, certSerialId: null}
2019-09-10 12:36:53,115 [grpc-default-executor-2] INFO  impl.RaftServerProxy (RaftServerProxy.java:remove(95)) - c5411d41-1b0a-4036-bc03-3ae3d66d2b07: remove group-9A53ED4A529B:null
2019-09-10 12:36:53,120 [RatisPipelineUtilsThread] WARN  pipeline.RatisPipelineUtils (RatisPipelineUtils.java:destroyPipeline(66)) - Pipeline destroy failed for pipeline=PipelineID=f5e49e1f-983b-4678-b9f0-9a53ed4a529b dn=c5411d41-1b0a-4036-bc03-3ae3d66d2b07{ip: 192.168.34.50, host: pr-hdds-1879-pp2l2-2511026898, networkLocation: /default-rack, certSerialId: null}
2019-09-10 12:36:53,121 [RatisPipelineUtilsThread] ERROR pipeline.SCMPipelineManager (Scheduler.java:lambda$schedule$1(70)) - Destroy pipeline failed for pipeline:Pipeline[ Id: f5e49e1f-983b-4678-b9f0-9a53ed4a529b, Nodes: bda12bde-a9da-41da-b7e7-5c1ce23ab93c{ip: 192.168.34.50, host: pr-hdds-1879-pp2l2-2511026898, networkLocation: /default-rack, certSerialId: null}33fcc201-48fd-47f6-879d-4d238b82d8e9{ip: 192.168.34.50, host: pr-hdds-1879-pp2l2-2511026898, networkLocation: /default-rack, certSerialId: null}c5411d41-1b0a-4036-bc03-3ae3d66d2b07{ip: 192.168.34.50, host: pr-hdds-1879-pp2l2-2511026898, networkLocation: /default-rack, certSerialId: null}, Type:RATIS, Factor:THREE, State:CLOSED]
org.apache.hadoop.hdds.scm.pipeline.PipelineNotFoundException: PipelineID=f5e49e1f-983b-4678-b9f0-9a53ed4a529b not found
	at org.apache.hadoop.hdds.scm.pipeline.PipelineStateMap.getPipeline(PipelineStateMap.java:132)
	at org.apache.hadoop.hdds.scm.pipeline.PipelineStateMap.removePipeline(PipelineStateMap.java:322)
	at org.apache.hadoop.hdds.scm.pipeline.PipelineStateManager.removePipeline(PipelineStateManager.java:107)
	at org.apache.hadoop.hdds.scm.pipeline.SCMPipelineManager.removePipeline(SCMPipelineManager.java:423)
	at org.apache.hadoop.hdds.scm.pipeline.SCMPipelineManager.destroyPipeline(SCMPipelineManager.java:409)
	at org.apache.hadoop.hdds.scm.pipeline.SCMPipelineManager.lambda$finalizeAndDestroyPipeline$0(SCMPipelineManager.java:318)
	at org.apache.hadoop.utils.Scheduler.lambda$schedule$1(Scheduler.java:68)
	at java.util.concurrent.Executors$RunnableAdapter.call(Executors.java:511)
	at java.util.concurrent.FutureTask.run(FutureTask.java:266)
	at java.util.concurrent.ScheduledThreadPoolExecutor$ScheduledFutureTask.access$201(ScheduledThreadPoolExecutor.java:180)
	at java.util.concurrent.ScheduledThreadPoolExecutor$ScheduledFutureTask.run(ScheduledThreadPoolExecutor.java:293)
	at java.util.concurrent.ThreadPoolExecutor.runWorker(ThreadPoolExecutor.java:1149)
	at java.util.concurrent.ThreadPoolExecutor$Worker.run(ThreadPoolExecutor.java:624)
	at java.lang.Thread.run(Thread.java:748)
2019-09-10 12:36:54,746 [java.util.concurrent.ThreadPoolExecutor$Worker@5ff660fa[State = -1, empty queue]] WARN  server.GrpcLogAppender (GrpcLogAppender.java:timeoutAppendRequest(200)) - 20e3e33a-5d24-4249-a094-f5376b2f999f@group-5E7A6FC8AAB0->e7ee0826-9905-44f4-ba49-d97620ca9eb2-GrpcLogAppender: appendEntries Timeout, request=20e3e33a-5d24-4249-a094-f5376b2f999f->e7ee0826-9905-44f4-ba49-d97620ca9eb2#98-t1, previous=(t:1, i:16), leaderCommit=16, initializing? false, entries: size=1, first=(t:1, i:17), STATEMACHINELOGENTRY, client-B8915AA43604, cid=50
2019-09-10 12:36:54,746 [java.util.concurrent.ThreadPoolExecutor$Worker@5359d0cb[State = -1, empty queue]] WARN  server.GrpcLogAppender (GrpcLogAppender.java:timeoutAppendRequest(200)) - 20e3e33a-5d24-4249-a094-f5376b2f999f@group-5E7A6FC8AAB0->e2c164e2-1dc0-4b87-8a18-d27b9a4a82f5-GrpcLogAppender: appendEntries Timeout, request=20e3e33a-5d24-4249-a094-f5376b2f999f->e2c164e2-1dc0-4b87-8a18-d27b9a4a82f5#98-t1, previous=(t:1, i:16), leaderCommit=16, initializing? false, entries: size=1, first=(t:1, i:17), STATEMACHINELOGENTRY, client-B8915AA43604, cid=50
2019-09-10 12:36:54,747 [java.util.concurrent.ThreadPoolExecutor$Worker@5ff660fa[State = -1, empty queue]] WARN  server.GrpcLogAppender (GrpcLogAppender.java:timeoutAppendRequest(200)) - 20e3e33a-5d24-4249-a094-f5376b2f999f@group-5E7A6FC8AAB0->e7ee0826-9905-44f4-ba49-d97620ca9eb2-GrpcLogAppender: appendEntries Timeout, request=20e3e33a-5d24-4249-a094-f5376b2f999f->e7ee0826-9905-44f4-ba49-d97620ca9eb2#99-t1, previous=(t:1, i:17), leaderCommit=16, initializing? false, entries: size=1, first=(t:1, i:18), STATEMACHINELOGENTRY, client-B8915AA43604, cid=51
2019-09-10 12:36:54,747 [java.util.concurrent.ThreadPoolExecutor$Worker@5359d0cb[State = -1, empty queue]] WARN  server.GrpcLogAppender (GrpcLogAppender.java:timeoutAppendRequest(200)) - 20e3e33a-5d24-4249-a094-f5376b2f999f@group-5E7A6FC8AAB0->e2c164e2-1dc0-4b87-8a18-d27b9a4a82f5-GrpcLogAppender: appendEntries Timeout, request=20e3e33a-5d24-4249-a094-f5376b2f999f->e2c164e2-1dc0-4b87-8a18-d27b9a4a82f5#99-t1, previous=(t:1, i:17), leaderCommit=16, initializing? false, entries: size=1, first=(t:1, i:18), STATEMACHINELOGENTRY, client-B8915AA43604, cid=51
2019-09-10 12:36:54,747 [java.util.concurrent.ThreadPoolExecutor$Worker@5ff660fa[State = -1, empty queue]] WARN  server.GrpcLogAppender (GrpcLogAppender.java:timeoutAppendRequest(200)) - 20e3e33a-5d24-4249-a094-f5376b2f999f@group-5E7A6FC8AAB0->e7ee0826-9905-44f4-ba49-d97620ca9eb2-GrpcLogAppender: appendEntries Timeout, request=20e3e33a-5d24-4249-a094-f5376b2f999f->e7ee0826-9905-44f4-ba49-d97620ca9eb2#100-t1, previous=(t:1, i:18), leaderCommit=16, initializing? false, entries: size=1, first=(t:1, i:19), STATEMACHINELOGENTRY, client-B8915AA43604, cid=52
2019-09-10 12:36:54,747 [java.util.concurrent.ThreadPoolExecutor$Worker@5359d0cb[State = -1, empty queue]] WARN  server.GrpcLogAppender (GrpcLogAppender.java:timeoutAppendRequest(200)) - 20e3e33a-5d24-4249-a094-f5376b2f999f@group-5E7A6FC8AAB0->e2c164e2-1dc0-4b87-8a18-d27b9a4a82f5-GrpcLogAppender: appendEntries Timeout, request=20e3e33a-5d24-4249-a094-f5376b2f999f->e2c164e2-1dc0-4b87-8a18-d27b9a4a82f5#100-t1, previous=(t:1, i:18), leaderCommit=16, initializing? false, entries: size=1, first=(t:1, i:19), STATEMACHINELOGENTRY, client-B8915AA43604, cid=52
2019-09-10 12:36:54,748 [java.util.concurrent.ThreadPoolExecutor$Worker@5ff660fa[State = -1, empty queue]] WARN  server.GrpcLogAppender (GrpcLogAppender.java:timeoutAppendRequest(200)) - 20e3e33a-5d24-4249-a094-f5376b2f999f@group-5E7A6FC8AAB0->e7ee0826-9905-44f4-ba49-d97620ca9eb2-GrpcLogAppender: appendEntries Timeout, request=20e3e33a-5d24-4249-a094-f5376b2f999f->e7ee0826-9905-44f4-ba49-d97620ca9eb2#101-t1, previous=(t:1, i:19), leaderCommit=16, initializing? false, entries: size=1, first=(t:1, i:20), STATEMACHINELOGENTRY, client-B8915AA43604, cid=53
2019-09-10 12:36:54,748 [java.util.concurrent.ThreadPoolExecutor$Worker@5359d0cb[State = -1, empty queue]] WARN  server.GrpcLogAppender (GrpcLogAppender.java:timeoutAppendRequest(200)) - 20e3e33a-5d24-4249-a094-f5376b2f999f@group-5E7A6FC8AAB0->e2c164e2-1dc0-4b87-8a18-d27b9a4a82f5-GrpcLogAppender: appendEntries Timeout, request=20e3e33a-5d24-4249-a094-f5376b2f999f->e2c164e2-1dc0-4b87-8a18-d27b9a4a82f5#101-t1, previous=(t:1, i:19), leaderCommit=16, initializing? false, entries: size=1, first=(t:1, i:20), STATEMACHINELOGENTRY, client-B8915AA43604, cid=53
2019-09-10 12:36:54,749 [java.util.concurrent.ThreadPoolExecutor$Worker@5ff660fa[State = -1, empty queue]] WARN  server.GrpcLogAppender (GrpcLogAppender.java:timeoutAppendRequest(200)) - 20e3e33a-5d24-4249-a094-f5376b2f999f@group-5E7A6FC8AAB0->e7ee0826-9905-44f4-ba49-d97620ca9eb2-GrpcLogAppender: appendEntries Timeout, request=20e3e33a-5d24-4249-a094-f5376b2f999f->e7ee0826-9905-44f4-ba49-d97620ca9eb2#102-t1, previous=(t:1, i:20), leaderCommit=16, initializing? false, entries: size=1, first=(t:1, i:21), STATEMACHINELOGENTRY, client-B8915AA43604, cid=54
2019-09-10 12:36:54,749 [java.util.concurrent.ThreadPoolExecutor$Worker@5359d0cb[State = -1, empty queue]] WARN  server.GrpcLogAppender (GrpcLogAppender.java:timeoutAppendRequest(200)) - 20e3e33a-5d24-4249-a094-f5376b2f999f@group-5E7A6FC8AAB0->e2c164e2-1dc0-4b87-8a18-d27b9a4a82f5-GrpcLogAppender: appendEntries Timeout, request=20e3e33a-5d24-4249-a094-f5376b2f999f->e2c164e2-1dc0-4b87-8a18-d27b9a4a82f5#102-t1, previous=(t:1, i:20), leaderCommit=16, initializing? false, entries: size=1, first=(t:1, i:21), STATEMACHINELOGENTRY, client-B8915AA43604, cid=54
2019-09-10 12:36:54,749 [java.util.concurrent.ThreadPoolExecutor$Worker@5ff660fa[State = -1, empty queue]] WARN  server.GrpcLogAppender (GrpcLogAppender.java:timeoutAppendRequest(200)) - 20e3e33a-5d24-4249-a094-f5376b2f999f@group-5E7A6FC8AAB0->e7ee0826-9905-44f4-ba49-d97620ca9eb2-GrpcLogAppender: appendEntries Timeout, request=20e3e33a-5d24-4249-a094-f5376b2f999f->e7ee0826-9905-44f4-ba49-d97620ca9eb2#103-t1, previous=(t:1, i:21), leaderCommit=16, initializing? false, entries: size=1, first=(t:1, i:22), STATEMACHINELOGENTRY, client-B8915AA43604, cid=55
2019-09-10 12:36:54,749 [java.util.concurrent.ThreadPoolExecutor$Worker@5359d0cb[State = -1, empty queue]] WARN  server.GrpcLogAppender (GrpcLogAppender.java:timeoutAppendRequest(200)) - 20e3e33a-5d24-4249-a094-f5376b2f999f@group-5E7A6FC8AAB0->e2c164e2-1dc0-4b87-8a18-d27b9a4a82f5-GrpcLogAppender: appendEntries Timeout, request=20e3e33a-5d24-4249-a094-f5376b2f999f->e2c164e2-1dc0-4b87-8a18-d27b9a4a82f5#103-t1, previous=(t:1, i:21), leaderCommit=16, initializing? false, entries: size=1, first=(t:1, i:22), STATEMACHINELOGENTRY, client-B8915AA43604, cid=55
2019-09-10 12:36:55,092 [grpc-default-executor-2] INFO  impl.RaftServerProxy (RaftServerProxy.java:remove(95)) - bda12bde-a9da-41da-b7e7-5c1ce23ab93c: remove group-9A53ED4A529B:null
2019-09-10 12:36:55,104 [RatisPipelineUtilsThread] WARN  pipeline.RatisPipelineUtils (RatisPipelineUtils.java:destroyPipeline(66)) - Pipeline destroy failed for pipeline=PipelineID=f5e49e1f-983b-4678-b9f0-9a53ed4a529b dn=bda12bde-a9da-41da-b7e7-5c1ce23ab93c{ip: 192.168.34.50, host: pr-hdds-1879-pp2l2-2511026898, networkLocation: /default-rack, certSerialId: null}
2019-09-10 12:36:55,108 [grpc-default-executor-2] INFO  impl.RaftServerProxy (RaftServerProxy.java:remove(95)) - 33fcc201-48fd-47f6-879d-4d238b82d8e9: remove group-9A53ED4A529B:null
2019-09-10 12:36:55,114 [RatisPipelineUtilsThread] WARN  pipeline.RatisPipelineUtils (RatisPipelineUtils.java:destroyPipeline(66)) - Pipeline destroy failed for pipeline=PipelineID=f5e49e1f-983b-4678-b9f0-9a53ed4a529b dn=33fcc201-48fd-47f6-879d-4d238b82d8e9{ip: 192.168.34.50, host: pr-hdds-1879-pp2l2-2511026898, networkLocation: /default-rack, certSerialId: null}
2019-09-10 12:36:55,117 [grpc-default-executor-2] INFO  impl.RaftServerProxy (RaftServerProxy.java:remove(95)) - c5411d41-1b0a-4036-bc03-3ae3d66d2b07: remove group-9A53ED4A529B:null
2019-09-10 12:36:55,123 [RatisPipelineUtilsThread] WARN  pipeline.RatisPipelineUtils (RatisPipelineUtils.java:destroyPipeline(66)) - Pipeline destroy failed for pipeline=PipelineID=f5e49e1f-983b-4678-b9f0-9a53ed4a529b dn=c5411d41-1b0a-4036-bc03-3ae3d66d2b07{ip: 192.168.34.50, host: pr-hdds-1879-pp2l2-2511026898, networkLocation: /default-rack, certSerialId: null}
2019-09-10 12:36:55,123 [RatisPipelineUtilsThread] ERROR pipeline.SCMPipelineManager (Scheduler.java:lambda$schedule$1(70)) - Destroy pipeline failed for pipeline:Pipeline[ Id: f5e49e1f-983b-4678-b9f0-9a53ed4a529b, Nodes: bda12bde-a9da-41da-b7e7-5c1ce23ab93c{ip: 192.168.34.50, host: pr-hdds-1879-pp2l2-2511026898, networkLocation: /default-rack, certSerialId: null}33fcc201-48fd-47f6-879d-4d238b82d8e9{ip: 192.168.34.50, host: pr-hdds-1879-pp2l2-2511026898, networkLocation: /default-rack, certSerialId: null}c5411d41-1b0a-4036-bc03-3ae3d66d2b07{ip: 192.168.34.50, host: pr-hdds-1879-pp2l2-2511026898, networkLocation: /default-rack, certSerialId: null}, Type:RATIS, Factor:THREE, State:CLOSED]
org.apache.hadoop.hdds.scm.pipeline.PipelineNotFoundException: PipelineID=f5e49e1f-983b-4678-b9f0-9a53ed4a529b not found
	at org.apache.hadoop.hdds.scm.pipeline.PipelineStateMap.getPipeline(PipelineStateMap.java:132)
	at org.apache.hadoop.hdds.scm.pipeline.PipelineStateMap.removePipeline(PipelineStateMap.java:322)
	at org.apache.hadoop.hdds.scm.pipeline.PipelineStateManager.removePipeline(PipelineStateManager.java:107)
	at org.apache.hadoop.hdds.scm.pipeline.SCMPipelineManager.removePipeline(SCMPipelineManager.java:423)
	at org.apache.hadoop.hdds.scm.pipeline.SCMPipelineManager.destroyPipeline(SCMPipelineManager.java:409)
	at org.apache.hadoop.hdds.scm.pipeline.SCMPipelineManager.lambda$finalizeAndDestroyPipeline$0(SCMPipelineManager.java:318)
	at org.apache.hadoop.utils.Scheduler.lambda$schedule$1(Scheduler.java:68)
	at java.util.concurrent.Executors$RunnableAdapter.call(Executors.java:511)
	at java.util.concurrent.FutureTask.run(FutureTask.java:266)
	at java.util.concurrent.ScheduledThreadPoolExecutor$ScheduledFutureTask.access$201(ScheduledThreadPoolExecutor.java:180)
	at java.util.concurrent.ScheduledThreadPoolExecutor$ScheduledFutureTask.run(ScheduledThreadPoolExecutor.java:293)
	at java.util.concurrent.ThreadPoolExecutor.runWorker(ThreadPoolExecutor.java:1149)
	at java.util.concurrent.ThreadPoolExecutor$Worker.run(ThreadPoolExecutor.java:624)
	at java.lang.Thread.run(Thread.java:748)
2019-09-10 12:36:56,778 [grpc-default-executor-3] INFO  client.GrpcClientProtocolClient (GrpcClientProtocolClient.java:onNext(264)) - client-B8915AA43604->e2c164e2-1dc0-4b87-8a18-d27b9a4a82f5: receive RaftClientReply:client-B8915AA43604->e2c164e2-1dc0-4b87-8a18-d27b9a4a82f5@group-5E7A6FC8AAB0, cid=50, FAILED org.apache.ratis.protocol.NotLeaderException: Server e2c164e2-1dc0-4b87-8a18-d27b9a4a82f5@group-5E7A6FC8AAB0 is not the leader 20e3e33a-5d24-4249-a094-f5376b2f999f:192.168.34.50:46569, logIndex=0, commits[e2c164e2-1dc0-4b87-8a18-d27b9a4a82f5:c16, e7ee0826-9905-44f4-ba49-d97620ca9eb2:c14, 20e3e33a-5d24-4249-a094-f5376b2f999f:c16]
2019-09-10 12:36:57,250 [java.util.concurrent.ThreadPoolExecutor$Worker@5359d0cb[State = -1, empty queue]] WARN  server.GrpcLogAppender (GrpcLogAppender.java:timeoutAppendRequest(200)) - 20e3e33a-5d24-4249-a094-f5376b2f999f@group-5E7A6FC8AAB0->e2c164e2-1dc0-4b87-8a18-d27b9a4a82f5-GrpcLogAppender: appendEntries Timeout, request=20e3e33a-5d24-4249-a094-f5376b2f999f->e2c164e2-1dc0-4b87-8a18-d27b9a4a82f5#104-t1, previous=(t:1, i:22), leaderCommit=16, initializing? false, entries: <empty>
2019-09-10 12:36:57,250 [java.util.concurrent.ThreadPoolExecutor$Worker@5ff660fa[State = -1, empty queue]] WARN  server.GrpcLogAppender (GrpcLogAppender.java:timeoutAppendRequest(200)) - 20e3e33a-5d24-4249-a094-f5376b2f999f@group-5E7A6FC8AAB0->e7ee0826-9905-44f4-ba49-d97620ca9eb2-GrpcLogAppender: appendEntries Timeout, request=20e3e33a-5d24-4249-a094-f5376b2f999f->e7ee0826-9905-44f4-ba49-d97620ca9eb2#104-t1, previous=(t:1, i:22), leaderCommit=16, initializing? false, entries: <empty>
2019-09-10 12:36:58,091 [grpc-default-executor-2] INFO  impl.RaftServerProxy (RaftServerProxy.java:remove(95)) - bda12bde-a9da-41da-b7e7-5c1ce23ab93c: remove group-9A53ED4A529B:null
2019-09-10 12:36:58,099 [RatisPipelineUtilsThread] WARN  pipeline.RatisPipelineUtils (RatisPipelineUtils.java:destroyPipeline(66)) - Pipeline destroy failed for pipeline=PipelineID=f5e49e1f-983b-4678-b9f0-9a53ed4a529b dn=bda12bde-a9da-41da-b7e7-5c1ce23ab93c{ip: 192.168.34.50, host: pr-hdds-1879-pp2l2-2511026898, networkLocation: /default-rack, certSerialId: null}
2019-09-10 12:36:58,102 [grpc-default-executor-2] INFO  impl.RaftServerProxy (RaftServerProxy.java:remove(95)) - 33fcc201-48fd-47f6-879d-4d238b82d8e9: remove group-9A53ED4A529B:null
2019-09-10 12:36:58,111 [RatisPipelineUtilsThread] WARN  pipeline.RatisPipelineUtils (RatisPipelineUtils.java:destroyPipeline(66)) - Pipeline destroy failed for pipeline=PipelineID=f5e49e1f-983b-4678-b9f0-9a53ed4a529b dn=33fcc201-48fd-47f6-879d-4d238b82d8e9{ip: 192.168.34.50, host: pr-hdds-1879-pp2l2-2511026898, networkLocation: /default-rack, certSerialId: null}
2019-09-10 12:36:58,114 [grpc-default-executor-2] INFO  impl.RaftServerProxy (RaftServerProxy.java:remove(95)) - c5411d41-1b0a-4036-bc03-3ae3d66d2b07: remove group-9A53ED4A529B:null
2019-09-10 12:36:58,120 [RatisPipelineUtilsThread] WARN  pipeline.RatisPipelineUtils (RatisPipelineUtils.java:destroyPipeline(66)) - Pipeline destroy failed for pipeline=PipelineID=f5e49e1f-983b-4678-b9f0-9a53ed4a529b dn=c5411d41-1b0a-4036-bc03-3ae3d66d2b07{ip: 192.168.34.50, host: pr-hdds-1879-pp2l2-2511026898, networkLocation: /default-rack, certSerialId: null}
2019-09-10 12:36:58,120 [RatisPipelineUtilsThread] ERROR pipeline.SCMPipelineManager (Scheduler.java:lambda$schedule$1(70)) - Destroy pipeline failed for pipeline:Pipeline[ Id: f5e49e1f-983b-4678-b9f0-9a53ed4a529b, Nodes: bda12bde-a9da-41da-b7e7-5c1ce23ab93c{ip: 192.168.34.50, host: pr-hdds-1879-pp2l2-2511026898, networkLocation: /default-rack, certSerialId: null}33fcc201-48fd-47f6-879d-4d238b82d8e9{ip: 192.168.34.50, host: pr-hdds-1879-pp2l2-2511026898, networkLocation: /default-rack, certSerialId: null}c5411d41-1b0a-4036-bc03-3ae3d66d2b07{ip: 192.168.34.50, host: pr-hdds-1879-pp2l2-2511026898, networkLocation: /default-rack, certSerialId: null}, Type:RATIS, Factor:THREE, State:CLOSED]
org.apache.hadoop.hdds.scm.pipeline.PipelineNotFoundException: PipelineID=f5e49e1f-983b-4678-b9f0-9a53ed4a529b not found
	at org.apache.hadoop.hdds.scm.pipeline.PipelineStateMap.getPipeline(PipelineStateMap.java:132)
	at org.apache.hadoop.hdds.scm.pipeline.PipelineStateMap.removePipeline(PipelineStateMap.java:322)
	at org.apache.hadoop.hdds.scm.pipeline.PipelineStateManager.removePipeline(PipelineStateManager.java:107)
	at org.apache.hadoop.hdds.scm.pipeline.SCMPipelineManager.removePipeline(SCMPipelineManager.java:423)
	at org.apache.hadoop.hdds.scm.pipeline.SCMPipelineManager.destroyPipeline(SCMPipelineManager.java:409)
	at org.apache.hadoop.hdds.scm.pipeline.SCMPipelineManager.lambda$finalizeAndDestroyPipeline$0(SCMPipelineManager.java:318)
	at org.apache.hadoop.utils.Scheduler.lambda$schedule$1(Scheduler.java:68)
	at java.util.concurrent.Executors$RunnableAdapter.call(Executors.java:511)
	at java.util.concurrent.FutureTask.run(FutureTask.java:266)
	at java.util.concurrent.ScheduledThreadPoolExecutor$ScheduledFutureTask.access$201(ScheduledThreadPoolExecutor.java:180)
	at java.util.concurrent.ScheduledThreadPoolExecutor$ScheduledFutureTask.run(ScheduledThreadPoolExecutor.java:293)
	at java.util.concurrent.ThreadPoolExecutor.runWorker(ThreadPoolExecutor.java:1149)
	at java.util.concurrent.ThreadPoolExecutor$Worker.run(ThreadPoolExecutor.java:624)
	at java.lang.Thread.run(Thread.java:748)
2019-09-10 12:36:59,751 [java.util.concurrent.ThreadPoolExecutor$Worker@5359d0cb[State = -1, empty queue]] WARN  server.GrpcLogAppender (GrpcLogAppender.java:timeoutAppendRequest(200)) - 20e3e33a-5d24-4249-a094-f5376b2f999f@group-5E7A6FC8AAB0->e2c164e2-1dc0-4b87-8a18-d27b9a4a82f5-GrpcLogAppender: appendEntries Timeout, request=20e3e33a-5d24-4249-a094-f5376b2f999f->e2c164e2-1dc0-4b87-8a18-d27b9a4a82f5#105-t1, previous=(t:1, i:22), leaderCommit=16, initializing? false, entries: <empty>
2019-09-10 12:36:59,751 [java.util.concurrent.ThreadPoolExecutor$Worker@5ff660fa[State = -1, empty queue]] WARN  server.GrpcLogAppender (GrpcLogAppender.java:timeoutAppendRequest(200)) - 20e3e33a-5d24-4249-a094-f5376b2f999f@group-5E7A6FC8AAB0->e7ee0826-9905-44f4-ba49-d97620ca9eb2-GrpcLogAppender: appendEntries Timeout, request=20e3e33a-5d24-4249-a094-f5376b2f999f->e7ee0826-9905-44f4-ba49-d97620ca9eb2#105-t1, previous=(t:1, i:22), leaderCommit=16, initializing? false, entries: <empty>
2019-09-10 12:37:00,095 [grpc-default-executor-3] INFO  impl.RaftServerProxy (RaftServerProxy.java:remove(95)) - bda12bde-a9da-41da-b7e7-5c1ce23ab93c: remove group-9A53ED4A529B:null
2019-09-10 12:37:00,103 [RatisPipelineUtilsThread] WARN  pipeline.RatisPipelineUtils (RatisPipelineUtils.java:destroyPipeline(66)) - Pipeline destroy failed for pipeline=PipelineID=f5e49e1f-983b-4678-b9f0-9a53ed4a529b dn=bda12bde-a9da-41da-b7e7-5c1ce23ab93c{ip: 192.168.34.50, host: pr-hdds-1879-pp2l2-2511026898, networkLocation: /default-rack, certSerialId: null}
2019-09-10 12:37:00,107 [grpc-default-executor-3] INFO  impl.RaftServerProxy (RaftServerProxy.java:remove(95)) - 33fcc201-48fd-47f6-879d-4d238b82d8e9: remove group-9A53ED4A529B:null
2019-09-10 12:37:00,113 [RatisPipelineUtilsThread] WARN  pipeline.RatisPipelineUtils (RatisPipelineUtils.java:destroyPipeline(66)) - Pipeline destroy failed for pipeline=PipelineID=f5e49e1f-983b-4678-b9f0-9a53ed4a529b dn=33fcc201-48fd-47f6-879d-4d238b82d8e9{ip: 192.168.34.50, host: pr-hdds-1879-pp2l2-2511026898, networkLocation: /default-rack, certSerialId: null}
2019-09-10 12:37:00,115 [grpc-default-executor-3] INFO  impl.RaftServerProxy (RaftServerProxy.java:remove(95)) - c5411d41-1b0a-4036-bc03-3ae3d66d2b07: remove group-9A53ED4A529B:null
2019-09-10 12:37:00,120 [RatisPipelineUtilsThread] WARN  pipeline.RatisPipelineUtils (RatisPipelineUtils.java:destroyPipeline(66)) - Pipeline destroy failed for pipeline=PipelineID=f5e49e1f-983b-4678-b9f0-9a53ed4a529b dn=c5411d41-1b0a-4036-bc03-3ae3d66d2b07{ip: 192.168.34.50, host: pr-hdds-1879-pp2l2-2511026898, networkLocation: /default-rack, certSerialId: null}
2019-09-10 12:37:00,121 [RatisPipelineUtilsThread] ERROR pipeline.SCMPipelineManager (Scheduler.java:lambda$schedule$1(70)) - Destroy pipeline failed for pipeline:Pipeline[ Id: f5e49e1f-983b-4678-b9f0-9a53ed4a529b, Nodes: bda12bde-a9da-41da-b7e7-5c1ce23ab93c{ip: 192.168.34.50, host: pr-hdds-1879-pp2l2-2511026898, networkLocation: /default-rack, certSerialId: null}33fcc201-48fd-47f6-879d-4d238b82d8e9{ip: 192.168.34.50, host: pr-hdds-1879-pp2l2-2511026898, networkLocation: /default-rack, certSerialId: null}c5411d41-1b0a-4036-bc03-3ae3d66d2b07{ip: 192.168.34.50, host: pr-hdds-1879-pp2l2-2511026898, networkLocation: /default-rack, certSerialId: null}, Type:RATIS, Factor:THREE, State:CLOSED]
org.apache.hadoop.hdds.scm.pipeline.PipelineNotFoundException: PipelineID=f5e49e1f-983b-4678-b9f0-9a53ed4a529b not found
	at org.apache.hadoop.hdds.scm.pipeline.PipelineStateMap.getPipeline(PipelineStateMap.java:132)
	at org.apache.hadoop.hdds.scm.pipeline.PipelineStateMap.removePipeline(PipelineStateMap.java:322)
	at org.apache.hadoop.hdds.scm.pipeline.PipelineStateManager.removePipeline(PipelineStateManager.java:107)
	at org.apache.hadoop.hdds.scm.pipeline.SCMPipelineManager.removePipeline(SCMPipelineManager.java:423)
	at org.apache.hadoop.hdds.scm.pipeline.SCMPipelineManager.destroyPipeline(SCMPipelineManager.java:409)
	at org.apache.hadoop.hdds.scm.pipeline.SCMPipelineManager.lambda$finalizeAndDestroyPipeline$0(SCMPipelineManager.java:318)
	at org.apache.hadoop.utils.Scheduler.lambda$schedule$1(Scheduler.java:68)
	at java.util.concurrent.Executors$RunnableAdapter.call(Executors.java:511)
	at java.util.concurrent.FutureTask.run(FutureTask.java:266)
	at java.util.concurrent.ScheduledThreadPoolExecutor$ScheduledFutureTask.access$201(ScheduledThreadPoolExecutor.java:180)
	at java.util.concurrent.ScheduledThreadPoolExecutor$ScheduledFutureTask.run(ScheduledThreadPoolExecutor.java:293)
	at java.util.concurrent.ThreadPoolExecutor.runWorker(ThreadPoolExecutor.java:1149)
	at java.util.concurrent.ThreadPoolExecutor$Worker.run(ThreadPoolExecutor.java:624)
	at java.lang.Thread.run(Thread.java:748)
2019-09-10 12:37:01,747 [e7ee0826-9905-44f4-ba49-d97620ca9eb2@group-5E7A6FC8AAB0-SegmentedRaftLogWorker] WARN  segmented.SegmentedRaftLogWorker (SegmentedRaftLogWorker.java:getFromFuture(90)) - Timeout 0/~
org.apache.ratis.protocol.TimeoutIOException: Timeout 10s: WriteLog:17: (t:1, i:17), STATEMACHINELOGENTRY, client-B8915AA43604, cid=50-writeStateMachineData
	at org.apache.ratis.util.IOUtils.getFromFuture(IOUtils.java:87)
	at org.apache.ratis.server.raftlog.segmented.SegmentedRaftLogWorker$StateMachineDataPolicy.getFromFuture(SegmentedRaftLogWorker.java:87)
	at org.apache.ratis.server.raftlog.segmented.SegmentedRaftLogWorker$WriteLog.execute(SegmentedRaftLogWorker.java:477)
	at org.apache.ratis.server.raftlog.segmented.SegmentedRaftLogWorker.run(SegmentedRaftLogWorker.java:289)
	at java.lang.Thread.run(Thread.java:748)
Caused by: java.util.concurrent.TimeoutException
	at java.util.concurrent.CompletableFuture.timedGet(CompletableFuture.java:1771)
	at java.util.concurrent.CompletableFuture.get(CompletableFuture.java:1915)
	at org.apache.ratis.util.IOUtils.getFromFuture(IOUtils.java:79)
	... 4 more
2019-09-10 12:37:01,747 [e2c164e2-1dc0-4b87-8a18-d27b9a4a82f5@group-5E7A6FC8AAB0-SegmentedRaftLogWorker] WARN  segmented.SegmentedRaftLogWorker (SegmentedRaftLogWorker.java:getFromFuture(90)) - Timeout 0/~
org.apache.ratis.protocol.TimeoutIOException: Timeout 10s: WriteLog:17: (t:1, i:17), STATEMACHINELOGENTRY, client-B8915AA43604, cid=50-writeStateMachineData
	at org.apache.ratis.util.IOUtils.getFromFuture(IOUtils.java:87)
	at org.apache.ratis.server.raftlog.segmented.SegmentedRaftLogWorker$StateMachineDataPolicy.getFromFuture(SegmentedRaftLogWorker.java:87)
	at org.apache.ratis.server.raftlog.segmented.SegmentedRaftLogWorker$WriteLog.execute(SegmentedRaftLogWorker.java:477)
	at org.apache.ratis.server.raftlog.segmented.SegmentedRaftLogWorker.run(SegmentedRaftLogWorker.java:289)
	at java.lang.Thread.run(Thread.java:748)
Caused by: java.util.concurrent.TimeoutException
	at java.util.concurrent.CompletableFuture.timedGet(CompletableFuture.java:1771)
	at java.util.concurrent.CompletableFuture.get(CompletableFuture.java:1915)
	at org.apache.ratis.util.IOUtils.getFromFuture(IOUtils.java:79)
	... 4 more
2019-09-10 12:37:01,830 [grpc-default-executor-2] INFO  client.GrpcClientProtocolClient (GrpcClientProtocolClient.java:onNext(264)) - client-B8915AA43604->e2c164e2-1dc0-4b87-8a18-d27b9a4a82f5: receive RaftClientReply:client-B8915AA43604->e2c164e2-1dc0-4b87-8a18-d27b9a4a82f5@group-5E7A6FC8AAB0, cid=50, FAILED org.apache.ratis.protocol.NotLeaderException: Server e2c164e2-1dc0-4b87-8a18-d27b9a4a82f5@group-5E7A6FC8AAB0 is not the leader 20e3e33a-5d24-4249-a094-f5376b2f999f:192.168.34.50:46569, logIndex=0, commits[e2c164e2-1dc0-4b87-8a18-d27b9a4a82f5:c16, e7ee0826-9905-44f4-ba49-d97620ca9eb2:c14, 20e3e33a-5d24-4249-a094-f5376b2f999f:c16]
2019-09-10 12:37:01,885 [20e3e33a-5d24-4249-a094-f5376b2f999f@group-5E7A6FC8AAB0-SegmentedRaftLogWorker] WARN  segmented.SegmentedRaftLogWorker (SegmentedRaftLogWorker.java:getFromFuture(90)) - Timeout 0/~
org.apache.ratis.protocol.TimeoutIOException: Timeout 10s: WriteLog:18: (t:1, i:18), STATEMACHINELOGENTRY, client-B8915AA43604, cid=51-writeStateMachineData
	at org.apache.ratis.util.IOUtils.getFromFuture(IOUtils.java:87)
	at org.apache.ratis.server.raftlog.segmented.SegmentedRaftLogWorker$StateMachineDataPolicy.getFromFuture(SegmentedRaftLogWorker.java:87)
	at org.apache.ratis.server.raftlog.segmented.SegmentedRaftLogWorker$WriteLog.execute(SegmentedRaftLogWorker.java:477)
	at org.apache.ratis.server.raftlog.segmented.SegmentedRaftLogWorker.run(SegmentedRaftLogWorker.java:289)
	at java.lang.Thread.run(Thread.java:748)
Caused by: java.util.concurrent.TimeoutException
	at java.util.concurrent.CompletableFuture.timedGet(CompletableFuture.java:1771)
	at java.util.concurrent.CompletableFuture.get(CompletableFuture.java:1915)
	at org.apache.ratis.util.IOUtils.getFromFuture(IOUtils.java:79)
	... 4 more
2019-09-10 12:37:02,252 [java.util.concurrent.ThreadPoolExecutor$Worker@5359d0cb[State = -1, empty queue]] WARN  server.GrpcLogAppender (GrpcLogAppender.java:timeoutAppendRequest(200)) - 20e3e33a-5d24-4249-a094-f5376b2f999f@group-5E7A6FC8AAB0->e2c164e2-1dc0-4b87-8a18-d27b9a4a82f5-GrpcLogAppender: appendEntries Timeout, request=20e3e33a-5d24-4249-a094-f5376b2f999f->e2c164e2-1dc0-4b87-8a18-d27b9a4a82f5#106-t1, previous=(t:1, i:22), leaderCommit=16, initializing? false, entries: <empty>
2019-09-10 12:37:02,252 [java.util.concurrent.ThreadPoolExecutor$Worker@5ff660fa[State = -1, empty queue]] WARN  server.GrpcLogAppender (GrpcLogAppender.java:timeoutAppendRequest(200)) - 20e3e33a-5d24-4249-a094-f5376b2f999f@group-5E7A6FC8AAB0->e7ee0826-9905-44f4-ba49-d97620ca9eb2-GrpcLogAppender: appendEntries Timeout, request=20e3e33a-5d24-4249-a094-f5376b2f999f->e7ee0826-9905-44f4-ba49-d97620ca9eb2#106-t1, previous=(t:1, i:22), leaderCommit=16, initializing? false, entries: <empty>
2019-09-10 12:37:03,086 [grpc-default-executor-2] INFO  impl.RaftServerProxy (RaftServerProxy.java:remove(95)) - bda12bde-a9da-41da-b7e7-5c1ce23ab93c: remove group-9A53ED4A529B:null
2019-09-10 12:37:03,092 [RatisPipelineUtilsThread] WARN  pipeline.RatisPipelineUtils (RatisPipelineUtils.java:destroyPipeline(66)) - Pipeline destroy failed for pipeline=PipelineID=f5e49e1f-983b-4678-b9f0-9a53ed4a529b dn=bda12bde-a9da-41da-b7e7-5c1ce23ab93c{ip: 192.168.34.50, host: pr-hdds-1879-pp2l2-2511026898, networkLocation: /default-rack, certSerialId: null}
2019-09-10 12:37:03,095 [grpc-default-executor-2] INFO  impl.RaftServerProxy (RaftServerProxy.java:remove(95)) - 33fcc201-48fd-47f6-879d-4d238b82d8e9: remove group-9A53ED4A529B:null
2019-09-10 12:37:03,100 [RatisPipelineUtilsThread] WARN  pipeline.RatisPipelineUtils (RatisPipelineUtils.java:destroyPipeline(66)) - Pipeline destroy failed for pipeline=PipelineID=f5e49e1f-983b-4678-b9f0-9a53ed4a529b dn=33fcc201-48fd-47f6-879d-4d238b82d8e9{ip: 192.168.34.50, host: pr-hdds-1879-pp2l2-2511026898, networkLocation: /default-rack, certSerialId: null}
2019-09-10 12:37:03,103 [grpc-default-executor-2] INFO  impl.RaftServerProxy (RaftServerProxy.java:remove(95)) - c5411d41-1b0a-4036-bc03-3ae3d66d2b07: remove group-9A53ED4A529B:null
2019-09-10 12:37:03,108 [RatisPipelineUtilsThread] WARN  pipeline.RatisPipelineUtils (RatisPipelineUtils.java:destroyPipeline(66)) - Pipeline destroy failed for pipeline=PipelineID=f5e49e1f-983b-4678-b9f0-9a53ed4a529b dn=c5411d41-1b0a-4036-bc03-3ae3d66d2b07{ip: 192.168.34.50, host: pr-hdds-1879-pp2l2-2511026898, networkLocation: /default-rack, certSerialId: null}
2019-09-10 12:37:03,109 [RatisPipelineUtilsThread] ERROR pipeline.SCMPipelineManager (Scheduler.java:lambda$schedule$1(70)) - Destroy pipeline failed for pipeline:Pipeline[ Id: f5e49e1f-983b-4678-b9f0-9a53ed4a529b, Nodes: bda12bde-a9da-41da-b7e7-5c1ce23ab93c{ip: 192.168.34.50, host: pr-hdds-1879-pp2l2-2511026898, networkLocation: /default-rack, certSerialId: null}33fcc201-48fd-47f6-879d-4d238b82d8e9{ip: 192.168.34.50, host: pr-hdds-1879-pp2l2-2511026898, networkLocation: /default-rack, certSerialId: null}c5411d41-1b0a-4036-bc03-3ae3d66d2b07{ip: 192.168.34.50, host: pr-hdds-1879-pp2l2-2511026898, networkLocation: /default-rack, certSerialId: null}, Type:RATIS, Factor:THREE, State:CLOSED]
org.apache.hadoop.hdds.scm.pipeline.PipelineNotFoundException: PipelineID=f5e49e1f-983b-4678-b9f0-9a53ed4a529b not found
	at org.apache.hadoop.hdds.scm.pipeline.PipelineStateMap.getPipeline(PipelineStateMap.java:132)
	at org.apache.hadoop.hdds.scm.pipeline.PipelineStateMap.removePipeline(PipelineStateMap.java:322)
	at org.apache.hadoop.hdds.scm.pipeline.PipelineStateManager.removePipeline(PipelineStateManager.java:107)
	at org.apache.hadoop.hdds.scm.pipeline.SCMPipelineManager.removePipeline(SCMPipelineManager.java:423)
	at org.apache.hadoop.hdds.scm.pipeline.SCMPipelineManager.destroyPipeline(SCMPipelineManager.java:409)
	at org.apache.hadoop.hdds.scm.pipeline.SCMPipelineManager.lambda$finalizeAndDestroyPipeline$0(SCMPipelineManager.java:318)
	at org.apache.hadoop.utils.Scheduler.lambda$schedule$1(Scheduler.java:68)
	at java.util.concurrent.Executors$RunnableAdapter.call(Executors.java:511)
	at java.util.concurrent.FutureTask.run(FutureTask.java:266)
	at java.util.concurrent.ScheduledThreadPoolExecutor$ScheduledFutureTask.access$201(ScheduledThreadPoolExecutor.java:180)
	at java.util.concurrent.ScheduledThreadPoolExecutor$ScheduledFutureTask.run(ScheduledThreadPoolExecutor.java:293)
	at java.util.concurrent.ThreadPoolExecutor.runWorker(ThreadPoolExecutor.java:1149)
	at java.util.concurrent.ThreadPoolExecutor$Worker.run(ThreadPoolExecutor.java:624)
	at java.lang.Thread.run(Thread.java:748)
2019-09-10 12:37:04,752 [java.util.concurrent.ThreadPoolExecutor$Worker@5359d0cb[State = -1, empty queue]] WARN  server.GrpcLogAppender (GrpcLogAppender.java:timeoutAppendRequest(200)) - 20e3e33a-5d24-4249-a094-f5376b2f999f@group-5E7A6FC8AAB0->e2c164e2-1dc0-4b87-8a18-d27b9a4a82f5-GrpcLogAppender: appendEntries Timeout, request=20e3e33a-5d24-4249-a094-f5376b2f999f->e2c164e2-1dc0-4b87-8a18-d27b9a4a82f5#107-t1, previous=(t:1, i:22), leaderCommit=16, initializing? false, entries: <empty>
2019-09-10 12:37:04,752 [java.util.concurrent.ThreadPoolExecutor$Worker@5ff660fa[State = -1, empty queue]] WARN  server.GrpcLogAppender (GrpcLogAppender.java:timeoutAppendRequest(200)) - 20e3e33a-5d24-4249-a094-f5376b2f999f@group-5E7A6FC8AAB0->e7ee0826-9905-44f4-ba49-d97620ca9eb2-GrpcLogAppender: appendEntries Timeout, request=20e3e33a-5d24-4249-a094-f5376b2f999f->e7ee0826-9905-44f4-ba49-d97620ca9eb2#107-t1, previous=(t:1, i:22), leaderCommit=16, initializing? false, entries: <empty>
2019-09-10 12:37:05,095 [grpc-default-executor-3] INFO  impl.RaftServerProxy (RaftServerProxy.java:remove(95)) - bda12bde-a9da-41da-b7e7-5c1ce23ab93c: remove group-9A53ED4A529B:null
2019-09-10 12:37:05,102 [RatisPipelineUtilsThread] WARN  pipeline.RatisPipelineUtils (RatisPipelineUtils.java:destroyPipeline(66)) - Pipeline destroy failed for pipeline=PipelineID=f5e49e1f-983b-4678-b9f0-9a53ed4a529b dn=bda12bde-a9da-41da-b7e7-5c1ce23ab93c{ip: 192.168.34.50, host: pr-hdds-1879-pp2l2-2511026898, networkLocation: /default-rack, certSerialId: null}
2019-09-10 12:37:05,106 [grpc-default-executor-3] INFO  impl.RaftServerProxy (RaftServerProxy.java:remove(95)) - 33fcc201-48fd-47f6-879d-4d238b82d8e9: remove group-9A53ED4A529B:null
2019-09-10 12:37:05,110 [RatisPipelineUtilsThread] WARN  pipeline.RatisPipelineUtils (RatisPipelineUtils.java:destroyPipeline(66)) - Pipeline destroy failed for pipeline=PipelineID=f5e49e1f-983b-4678-b9f0-9a53ed4a529b dn=33fcc201-48fd-47f6-879d-4d238b82d8e9{ip: 192.168.34.50, host: pr-hdds-1879-pp2l2-2511026898, networkLocation: /default-rack, certSerialId: null}
2019-09-10 12:37:05,113 [grpc-default-executor-3] INFO  impl.RaftServerProxy (RaftServerProxy.java:remove(95)) - c5411d41-1b0a-4036-bc03-3ae3d66d2b07: remove group-9A53ED4A529B:null
2019-09-10 12:37:05,118 [RatisPipelineUtilsThread] WARN  pipeline.RatisPipelineUtils (RatisPipelineUtils.java:destroyPipeline(66)) - Pipeline destroy failed for pipeline=PipelineID=f5e49e1f-983b-4678-b9f0-9a53ed4a529b dn=c5411d41-1b0a-4036-bc03-3ae3d66d2b07{ip: 192.168.34.50, host: pr-hdds-1879-pp2l2-2511026898, networkLocation: /default-rack, certSerialId: null}
2019-09-10 12:37:05,118 [RatisPipelineUtilsThread] ERROR pipeline.SCMPipelineManager (Scheduler.java:lambda$schedule$1(70)) - Destroy pipeline failed for pipeline:Pipeline[ Id: f5e49e1f-983b-4678-b9f0-9a53ed4a529b, Nodes: bda12bde-a9da-41da-b7e7-5c1ce23ab93c{ip: 192.168.34.50, host: pr-hdds-1879-pp2l2-2511026898, networkLocation: /default-rack, certSerialId: null}33fcc201-48fd-47f6-879d-4d238b82d8e9{ip: 192.168.34.50, host: pr-hdds-1879-pp2l2-2511026898, networkLocation: /default-rack, certSerialId: null}c5411d41-1b0a-4036-bc03-3ae3d66d2b07{ip: 192.168.34.50, host: pr-hdds-1879-pp2l2-2511026898, networkLocation: /default-rack, certSerialId: null}, Type:RATIS, Factor:THREE, State:CLOSED]
org.apache.hadoop.hdds.scm.pipeline.PipelineNotFoundException: PipelineID=f5e49e1f-983b-4678-b9f0-9a53ed4a529b not found
	at org.apache.hadoop.hdds.scm.pipeline.PipelineStateMap.getPipeline(PipelineStateMap.java:132)
	at org.apache.hadoop.hdds.scm.pipeline.PipelineStateMap.removePipeline(PipelineStateMap.java:322)
	at org.apache.hadoop.hdds.scm.pipeline.PipelineStateManager.removePipeline(PipelineStateManager.java:107)
	at org.apache.hadoop.hdds.scm.pipeline.SCMPipelineManager.removePipeline(SCMPipelineManager.java:423)
	at org.apache.hadoop.hdds.scm.pipeline.SCMPipelineManager.destroyPipeline(SCMPipelineManager.java:409)
	at org.apache.hadoop.hdds.scm.pipeline.SCMPipelineManager.lambda$finalizeAndDestroyPipeline$0(SCMPipelineManager.java:318)
	at org.apache.hadoop.utils.Scheduler.lambda$schedule$1(Scheduler.java:68)
	at java.util.concurrent.Executors$RunnableAdapter.call(Executors.java:511)
	at java.util.concurrent.FutureTask.run(FutureTask.java:266)
	at java.util.concurrent.ScheduledThreadPoolExecutor$ScheduledFutureTask.access$201(ScheduledThreadPoolExecutor.java:180)
	at java.util.concurrent.ScheduledThreadPoolExecutor$ScheduledFutureTask.run(ScheduledThreadPoolExecutor.java:293)
	at java.util.concurrent.ThreadPoolExecutor.runWorker(ThreadPoolExecutor.java:1149)
	at java.util.concurrent.ThreadPoolExecutor$Worker.run(ThreadPoolExecutor.java:624)
	at java.lang.Thread.run(Thread.java:748)
2019-09-10 12:37:06,871 [grpc-default-executor-2] INFO  client.GrpcClientProtocolClient (GrpcClientProtocolClient.java:onNext(264)) - client-B8915AA43604->e2c164e2-1dc0-4b87-8a18-d27b9a4a82f5: receive RaftClientReply:client-B8915AA43604->e2c164e2-1dc0-4b87-8a18-d27b9a4a82f5@group-5E7A6FC8AAB0, cid=50, FAILED org.apache.ratis.protocol.NotLeaderException: Server e2c164e2-1dc0-4b87-8a18-d27b9a4a82f5@group-5E7A6FC8AAB0 is not the leader 20e3e33a-5d24-4249-a094-f5376b2f999f:192.168.34.50:46569, logIndex=0, commits[e2c164e2-1dc0-4b87-8a18-d27b9a4a82f5:c16, e7ee0826-9905-44f4-ba49-d97620ca9eb2:c14, 20e3e33a-5d24-4249-a094-f5376b2f999f:c16]
2019-09-10 12:37:07,252 [java.util.concurrent.ThreadPoolExecutor$Worker@5ff660fa[State = -1, empty queue]] WARN  server.GrpcLogAppender (GrpcLogAppender.java:timeoutAppendRequest(200)) - 20e3e33a-5d24-4249-a094-f5376b2f999f@group-5E7A6FC8AAB0->e7ee0826-9905-44f4-ba49-d97620ca9eb2-GrpcLogAppender: appendEntries Timeout, request=20e3e33a-5d24-4249-a094-f5376b2f999f->e7ee0826-9905-44f4-ba49-d97620ca9eb2#108-t1, previous=(t:1, i:22), leaderCommit=16, initializing? false, entries: <empty>
2019-09-10 12:37:07,252 [java.util.concurrent.ThreadPoolExecutor$Worker@5359d0cb[State = -1, empty queue]] WARN  server.GrpcLogAppender (GrpcLogAppender.java:timeoutAppendRequest(200)) - 20e3e33a-5d24-4249-a094-f5376b2f999f@group-5E7A6FC8AAB0->e2c164e2-1dc0-4b87-8a18-d27b9a4a82f5-GrpcLogAppender: appendEntries Timeout, request=20e3e33a-5d24-4249-a094-f5376b2f999f->e2c164e2-1dc0-4b87-8a18-d27b9a4a82f5#108-t1, previous=(t:1, i:22), leaderCommit=16, initializing? false, entries: <empty>
2019-09-10 12:37:08,090 [grpc-default-executor-2] INFO  impl.RaftServerProxy (RaftServerProxy.java:remove(95)) - bda12bde-a9da-41da-b7e7-5c1ce23ab93c: remove group-9A53ED4A529B:null
2019-09-10 12:37:08,099 [RatisPipelineUtilsThread] WARN  pipeline.RatisPipelineUtils (RatisPipelineUtils.java:destroyPipeline(66)) - Pipeline destroy failed for pipeline=PipelineID=f5e49e1f-983b-4678-b9f0-9a53ed4a529b dn=bda12bde-a9da-41da-b7e7-5c1ce23ab93c{ip: 192.168.34.50, host: pr-hdds-1879-pp2l2-2511026898, networkLocation: /default-rack, certSerialId: null}
2019-09-10 12:37:08,103 [grpc-default-executor-2] INFO  impl.RaftServerProxy (RaftServerProxy.java:remove(95)) - 33fcc201-48fd-47f6-879d-4d238b82d8e9: remove group-9A53ED4A529B:null
2019-09-10 12:37:08,110 [RatisPipelineUtilsThread] WARN  pipeline.RatisPipelineUtils (RatisPipelineUtils.java:destroyPipeline(66)) - Pipeline destroy failed for pipeline=PipelineID=f5e49e1f-983b-4678-b9f0-9a53ed4a529b dn=33fcc201-48fd-47f6-879d-4d238b82d8e9{ip: 192.168.34.50, host: pr-hdds-1879-pp2l2-2511026898, networkLocation: /default-rack, certSerialId: null}
2019-09-10 12:37:08,113 [grpc-default-executor-2] INFO  impl.RaftServerProxy (RaftServerProxy.java:remove(95)) - c5411d41-1b0a-4036-bc03-3ae3d66d2b07: remove group-9A53ED4A529B:null
2019-09-10 12:37:08,120 [RatisPipelineUtilsThread] WARN  pipeline.RatisPipelineUtils (RatisPipelineUtils.java:destroyPipeline(66)) - Pipeline destroy failed for pipeline=PipelineID=f5e49e1f-983b-4678-b9f0-9a53ed4a529b dn=c5411d41-1b0a-4036-bc03-3ae3d66d2b07{ip: 192.168.34.50, host: pr-hdds-1879-pp2l2-2511026898, networkLocation: /default-rack, certSerialId: null}
2019-09-10 12:37:08,121 [RatisPipelineUtilsThread] ERROR pipeline.SCMPipelineManager (Scheduler.java:lambda$schedule$1(70)) - Destroy pipeline failed for pipeline:Pipeline[ Id: f5e49e1f-983b-4678-b9f0-9a53ed4a529b, Nodes: bda12bde-a9da-41da-b7e7-5c1ce23ab93c{ip: 192.168.34.50, host: pr-hdds-1879-pp2l2-2511026898, networkLocation: /default-rack, certSerialId: null}33fcc201-48fd-47f6-879d-4d238b82d8e9{ip: 192.168.34.50, host: pr-hdds-1879-pp2l2-2511026898, networkLocation: /default-rack, certSerialId: null}c5411d41-1b0a-4036-bc03-3ae3d66d2b07{ip: 192.168.34.50, host: pr-hdds-1879-pp2l2-2511026898, networkLocation: /default-rack, certSerialId: null}, Type:RATIS, Factor:THREE, State:CLOSED]
org.apache.hadoop.hdds.scm.pipeline.PipelineNotFoundException: PipelineID=f5e49e1f-983b-4678-b9f0-9a53ed4a529b not found
	at org.apache.hadoop.hdds.scm.pipeline.PipelineStateMap.getPipeline(PipelineStateMap.java:132)
	at org.apache.hadoop.hdds.scm.pipeline.PipelineStateMap.removePipeline(PipelineStateMap.java:322)
	at org.apache.hadoop.hdds.scm.pipeline.PipelineStateManager.removePipeline(PipelineStateManager.java:107)
	at org.apache.hadoop.hdds.scm.pipeline.SCMPipelineManager.removePipeline(SCMPipelineManager.java:423)
	at org.apache.hadoop.hdds.scm.pipeline.SCMPipelineManager.destroyPipeline(SCMPipelineManager.java:409)
	at org.apache.hadoop.hdds.scm.pipeline.SCMPipelineManager.lambda$finalizeAndDestroyPipeline$0(SCMPipelineManager.java:318)
	at org.apache.hadoop.utils.Scheduler.lambda$schedule$1(Scheduler.java:68)
	at java.util.concurrent.Executors$RunnableAdapter.call(Executors.java:511)
	at java.util.concurrent.FutureTask.run(FutureTask.java:266)
	at java.util.concurrent.ScheduledThreadPoolExecutor$ScheduledFutureTask.access$201(ScheduledThreadPoolExecutor.java:180)
	at java.util.concurrent.ScheduledThreadPoolExecutor$ScheduledFutureTask.run(ScheduledThreadPoolExecutor.java:293)
	at java.util.concurrent.ThreadPoolExecutor.runWorker(ThreadPoolExecutor.java:1149)
	at java.util.concurrent.ThreadPoolExecutor$Worker.run(ThreadPoolExecutor.java:624)
	at java.lang.Thread.run(Thread.java:748)
2019-09-10 12:37:09,753 [java.util.concurrent.ThreadPoolExecutor$Worker@5359d0cb[State = -1, empty queue]] WARN  server.GrpcLogAppender (GrpcLogAppender.java:timeoutAppendRequest(200)) - 20e3e33a-5d24-4249-a094-f5376b2f999f@group-5E7A6FC8AAB0->e2c164e2-1dc0-4b87-8a18-d27b9a4a82f5-GrpcLogAppender: appendEntries Timeout, request=20e3e33a-5d24-4249-a094-f5376b2f999f->e2c164e2-1dc0-4b87-8a18-d27b9a4a82f5#109-t1, previous=(t:1, i:22), leaderCommit=16, initializing? false, entries: <empty>
2019-09-10 12:37:09,753 [java.util.concurrent.ThreadPoolExecutor$Worker@5ff660fa[State = -1, empty queue]] WARN  server.GrpcLogAppender (GrpcLogAppender.java:timeoutAppendRequest(200)) - 20e3e33a-5d24-4249-a094-f5376b2f999f@group-5E7A6FC8AAB0->e7ee0826-9905-44f4-ba49-d97620ca9eb2-GrpcLogAppender: appendEntries Timeout, request=20e3e33a-5d24-4249-a094-f5376b2f999f->e7ee0826-9905-44f4-ba49-d97620ca9eb2#109-t1, previous=(t:1, i:22), leaderCommit=16, initializing? false, entries: <empty>
2019-09-10 12:37:10,089 [grpc-default-executor-3] INFO  impl.RaftServerProxy (RaftServerProxy.java:remove(95)) - bda12bde-a9da-41da-b7e7-5c1ce23ab93c: remove group-9A53ED4A529B:null
2019-09-10 12:37:10,099 [RatisPipelineUtilsThread] WARN  pipeline.RatisPipelineUtils (RatisPipelineUtils.java:destroyPipeline(66)) - Pipeline destroy failed for pipeline=PipelineID=f5e49e1f-983b-4678-b9f0-9a53ed4a529b dn=bda12bde-a9da-41da-b7e7-5c1ce23ab93c{ip: 192.168.34.50, host: pr-hdds-1879-pp2l2-2511026898, networkLocation: /default-rack, certSerialId: null}
2019-09-10 12:37:10,104 [grpc-default-executor-3] INFO  impl.RaftServerProxy (RaftServerProxy.java:remove(95)) - 33fcc201-48fd-47f6-879d-4d238b82d8e9: remove group-9A53ED4A529B:null
2019-09-10 12:37:10,111 [RatisPipelineUtilsThread] WARN  pipeline.RatisPipelineUtils (RatisPipelineUtils.java:destroyPipeline(66)) - Pipeline destroy failed for pipeline=PipelineID=f5e49e1f-983b-4678-b9f0-9a53ed4a529b dn=33fcc201-48fd-47f6-879d-4d238b82d8e9{ip: 192.168.34.50, host: pr-hdds-1879-pp2l2-2511026898, networkLocation: /default-rack, certSerialId: null}
2019-09-10 12:37:10,115 [grpc-default-executor-3] INFO  impl.RaftServerProxy (RaftServerProxy.java:remove(95)) - c5411d41-1b0a-4036-bc03-3ae3d66d2b07: remove group-9A53ED4A529B:null
2019-09-10 12:37:10,121 [RatisPipelineUtilsThread] WARN  pipeline.RatisPipelineUtils (RatisPipelineUtils.java:destroyPipeline(66)) - Pipeline destroy failed for pipeline=PipelineID=f5e49e1f-983b-4678-b9f0-9a53ed4a529b dn=c5411d41-1b0a-4036-bc03-3ae3d66d2b07{ip: 192.168.34.50, host: pr-hdds-1879-pp2l2-2511026898, networkLocation: /default-rack, certSerialId: null}
2019-09-10 12:37:10,122 [RatisPipelineUtilsThread] ERROR pipeline.SCMPipelineManager (Scheduler.java:lambda$schedule$1(70)) - Destroy pipeline failed for pipeline:Pipeline[ Id: f5e49e1f-983b-4678-b9f0-9a53ed4a529b, Nodes: bda12bde-a9da-41da-b7e7-5c1ce23ab93c{ip: 192.168.34.50, host: pr-hdds-1879-pp2l2-2511026898, networkLocation: /default-rack, certSerialId: null}33fcc201-48fd-47f6-879d-4d238b82d8e9{ip: 192.168.34.50, host: pr-hdds-1879-pp2l2-2511026898, networkLocation: /default-rack, certSerialId: null}c5411d41-1b0a-4036-bc03-3ae3d66d2b07{ip: 192.168.34.50, host: pr-hdds-1879-pp2l2-2511026898, networkLocation: /default-rack, certSerialId: null}, Type:RATIS, Factor:THREE, State:CLOSED]
org.apache.hadoop.hdds.scm.pipeline.PipelineNotFoundException: PipelineID=f5e49e1f-983b-4678-b9f0-9a53ed4a529b not found
	at org.apache.hadoop.hdds.scm.pipeline.PipelineStateMap.getPipeline(PipelineStateMap.java:132)
	at org.apache.hadoop.hdds.scm.pipeline.PipelineStateMap.removePipeline(PipelineStateMap.java:322)
	at org.apache.hadoop.hdds.scm.pipeline.PipelineStateManager.removePipeline(PipelineStateManager.java:107)
	at org.apache.hadoop.hdds.scm.pipeline.SCMPipelineManager.removePipeline(SCMPipelineManager.java:423)
	at org.apache.hadoop.hdds.scm.pipeline.SCMPipelineManager.destroyPipeline(SCMPipelineManager.java:409)
	at org.apache.hadoop.hdds.scm.pipeline.SCMPipelineManager.lambda$finalizeAndDestroyPipeline$0(SCMPipelineManager.java:318)
	at org.apache.hadoop.utils.Scheduler.lambda$schedule$1(Scheduler.java:68)
	at java.util.concurrent.Executors$RunnableAdapter.call(Executors.java:511)
	at java.util.concurrent.FutureTask.run(FutureTask.java:266)
	at java.util.concurrent.ScheduledThreadPoolExecutor$ScheduledFutureTask.access$201(ScheduledThreadPoolExecutor.java:180)
	at java.util.concurrent.ScheduledThreadPoolExecutor$ScheduledFutureTask.run(ScheduledThreadPoolExecutor.java:293)
	at java.util.concurrent.ThreadPoolExecutor.runWorker(ThreadPoolExecutor.java:1149)
	at java.util.concurrent.ThreadPoolExecutor$Worker.run(ThreadPoolExecutor.java:624)
	at java.lang.Thread.run(Thread.java:748)
2019-09-10 12:37:11,748 [e7ee0826-9905-44f4-ba49-d97620ca9eb2@group-5E7A6FC8AAB0-SegmentedRaftLogWorker] WARN  segmented.SegmentedRaftLogWorker (SegmentedRaftLogWorker.java:getFromFuture(90)) - Timeout 1/~
org.apache.ratis.protocol.TimeoutIOException: Timeout 10s: WriteLog:17: (t:1, i:17), STATEMACHINELOGENTRY, client-B8915AA43604, cid=50-writeStateMachineData
	at org.apache.ratis.util.IOUtils.getFromFuture(IOUtils.java:87)
	at org.apache.ratis.server.raftlog.segmented.SegmentedRaftLogWorker$StateMachineDataPolicy.getFromFuture(SegmentedRaftLogWorker.java:87)
	at org.apache.ratis.server.raftlog.segmented.SegmentedRaftLogWorker$WriteLog.execute(SegmentedRaftLogWorker.java:477)
	at org.apache.ratis.server.raftlog.segmented.SegmentedRaftLogWorker.run(SegmentedRaftLogWorker.java:289)
	at java.lang.Thread.run(Thread.java:748)
Caused by: java.util.concurrent.TimeoutException
	at java.util.concurrent.CompletableFuture.timedGet(CompletableFuture.java:1771)
	at java.util.concurrent.CompletableFuture.get(CompletableFuture.java:1915)
	at org.apache.ratis.util.IOUtils.getFromFuture(IOUtils.java:79)
	... 4 more
2019-09-10 12:37:11,748 [e2c164e2-1dc0-4b87-8a18-d27b9a4a82f5@group-5E7A6FC8AAB0-SegmentedRaftLogWorker] WARN  segmented.SegmentedRaftLogWorker (SegmentedRaftLogWorker.java:getFromFuture(90)) - Timeout 1/~
org.apache.ratis.protocol.TimeoutIOException: Timeout 10s: WriteLog:17: (t:1, i:17), STATEMACHINELOGENTRY, client-B8915AA43604, cid=50-writeStateMachineData
	at org.apache.ratis.util.IOUtils.getFromFuture(IOUtils.java:87)
	at org.apache.ratis.server.raftlog.segmented.SegmentedRaftLogWorker$StateMachineDataPolicy.getFromFuture(SegmentedRaftLogWorker.java:87)
	at org.apache.ratis.server.raftlog.segmented.SegmentedRaftLogWorker$WriteLog.execute(SegmentedRaftLogWorker.java:477)
	at org.apache.ratis.server.raftlog.segmented.SegmentedRaftLogWorker.run(SegmentedRaftLogWorker.java:289)
	at java.lang.Thread.run(Thread.java:748)
Caused by: java.util.concurrent.TimeoutException
	at java.util.concurrent.CompletableFuture.timedGet(CompletableFuture.java:1771)
	at java.util.concurrent.CompletableFuture.get(CompletableFuture.java:1915)
	at org.apache.ratis.util.IOUtils.getFromFuture(IOUtils.java:79)
	... 4 more
2019-09-10 12:37:11,886 [20e3e33a-5d24-4249-a094-f5376b2f999f@group-5E7A6FC8AAB0-SegmentedRaftLogWorker] WARN  segmented.SegmentedRaftLogWorker (SegmentedRaftLogWorker.java:getFromFuture(90)) - Timeout 1/~
org.apache.ratis.protocol.TimeoutIOException: Timeout 10s: WriteLog:18: (t:1, i:18), STATEMACHINELOGENTRY, client-B8915AA43604, cid=51-writeStateMachineData
	at org.apache.ratis.util.IOUtils.getFromFuture(IOUtils.java:87)
	at org.apache.ratis.server.raftlog.segmented.SegmentedRaftLogWorker$StateMachineDataPolicy.getFromFuture(SegmentedRaftLogWorker.java:87)
	at org.apache.ratis.server.raftlog.segmented.SegmentedRaftLogWorker$WriteLog.execute(SegmentedRaftLogWorker.java:477)
	at org.apache.ratis.server.raftlog.segmented.SegmentedRaftLogWorker.run(SegmentedRaftLogWorker.java:289)
	at java.lang.Thread.run(Thread.java:748)
Caused by: java.util.concurrent.TimeoutException
	at java.util.concurrent.CompletableFuture.timedGet(CompletableFuture.java:1771)
	at java.util.concurrent.CompletableFuture.get(CompletableFuture.java:1915)
	at org.apache.ratis.util.IOUtils.getFromFuture(IOUtils.java:79)
	... 4 more
2019-09-10 12:37:11,916 [grpc-default-executor-2] INFO  client.GrpcClientProtocolClient (GrpcClientProtocolClient.java:onNext(264)) - client-B8915AA43604->e2c164e2-1dc0-4b87-8a18-d27b9a4a82f5: receive RaftClientReply:client-B8915AA43604->e2c164e2-1dc0-4b87-8a18-d27b9a4a82f5@group-5E7A6FC8AAB0, cid=50, FAILED org.apache.ratis.protocol.NotLeaderException: Server e2c164e2-1dc0-4b87-8a18-d27b9a4a82f5@group-5E7A6FC8AAB0 is not the leader 20e3e33a-5d24-4249-a094-f5376b2f999f:192.168.34.50:46569, logIndex=0, commits[e2c164e2-1dc0-4b87-8a18-d27b9a4a82f5:c16, e7ee0826-9905-44f4-ba49-d97620ca9eb2:c14, 20e3e33a-5d24-4249-a094-f5376b2f999f:c16]
2019-09-10 12:37:12,254 [java.util.concurrent.ThreadPoolExecutor$Worker@5ff660fa[State = -1, empty queue]] WARN  server.GrpcLogAppender (GrpcLogAppender.java:timeoutAppendRequest(200)) - 20e3e33a-5d24-4249-a094-f5376b2f999f@group-5E7A6FC8AAB0->e7ee0826-9905-44f4-ba49-d97620ca9eb2-GrpcLogAppender: appendEntries Timeout, request=20e3e33a-5d24-4249-a094-f5376b2f999f->e7ee0826-9905-44f4-ba49-d97620ca9eb2#110-t1, previous=(t:1, i:22), leaderCommit=16, initializing? false, entries: <empty>
2019-09-10 12:37:12,254 [java.util.concurrent.ThreadPoolExecutor$Worker@5359d0cb[State = -1, empty queue]] WARN  server.GrpcLogAppender (GrpcLogAppender.java:timeoutAppendRequest(200)) - 20e3e33a-5d24-4249-a094-f5376b2f999f@group-5E7A6FC8AAB0->e2c164e2-1dc0-4b87-8a18-d27b9a4a82f5-GrpcLogAppender: appendEntries Timeout, request=20e3e33a-5d24-4249-a094-f5376b2f999f->e2c164e2-1dc0-4b87-8a18-d27b9a4a82f5#110-t1, previous=(t:1, i:22), leaderCommit=16, initializing? false, entries: <empty>
2019-09-10 12:37:13,086 [grpc-default-executor-2] INFO  impl.RaftServerProxy (RaftServerProxy.java:remove(95)) - bda12bde-a9da-41da-b7e7-5c1ce23ab93c: remove group-9A53ED4A529B:null
2019-09-10 12:37:13,093 [RatisPipelineUtilsThread] WARN  pipeline.RatisPipelineUtils (RatisPipelineUtils.java:destroyPipeline(66)) - Pipeline destroy failed for pipeline=PipelineID=f5e49e1f-983b-4678-b9f0-9a53ed4a529b dn=bda12bde-a9da-41da-b7e7-5c1ce23ab93c{ip: 192.168.34.50, host: pr-hdds-1879-pp2l2-2511026898, networkLocation: /default-rack, certSerialId: null}
2019-09-10 12:37:13,096 [grpc-default-executor-2] INFO  impl.RaftServerProxy (RaftServerProxy.java:remove(95)) - 33fcc201-48fd-47f6-879d-4d238b82d8e9: remove group-9A53ED4A529B:null
2019-09-10 12:37:13,102 [RatisPipelineUtilsThread] WARN  pipeline.RatisPipelineUtils (RatisPipelineUtils.java:destroyPipeline(66)) - Pipeline destroy failed for pipeline=PipelineID=f5e49e1f-983b-4678-b9f0-9a53ed4a529b dn=33fcc201-48fd-47f6-879d-4d238b82d8e9{ip: 192.168.34.50, host: pr-hdds-1879-pp2l2-2511026898, networkLocation: /default-rack, certSerialId: null}
2019-09-10 12:37:13,105 [grpc-default-executor-2] INFO  impl.RaftServerProxy (RaftServerProxy.java:remove(95)) - c5411d41-1b0a-4036-bc03-3ae3d66d2b07: remove group-9A53ED4A529B:null
2019-09-10 12:37:13,110 [RatisPipelineUtilsThread] WARN  pipeline.RatisPipelineUtils (RatisPipelineUtils.java:destroyPipeline(66)) - Pipeline destroy failed for pipeline=PipelineID=f5e49e1f-983b-4678-b9f0-9a53ed4a529b dn=c5411d41-1b0a-4036-bc03-3ae3d66d2b07{ip: 192.168.34.50, host: pr-hdds-1879-pp2l2-2511026898, networkLocation: /default-rack, certSerialId: null}
2019-09-10 12:37:13,110 [RatisPipelineUtilsThread] ERROR pipeline.SCMPipelineManager (Scheduler.java:lambda$schedule$1(70)) - Destroy pipeline failed for pipeline:Pipeline[ Id: f5e49e1f-983b-4678-b9f0-9a53ed4a529b, Nodes: bda12bde-a9da-41da-b7e7-5c1ce23ab93c{ip: 192.168.34.50, host: pr-hdds-1879-pp2l2-2511026898, networkLocation: /default-rack, certSerialId: null}33fcc201-48fd-47f6-879d-4d238b82d8e9{ip: 192.168.34.50, host: pr-hdds-1879-pp2l2-2511026898, networkLocation: /default-rack, certSerialId: null}c5411d41-1b0a-4036-bc03-3ae3d66d2b07{ip: 192.168.34.50, host: pr-hdds-1879-pp2l2-2511026898, networkLocation: /default-rack, certSerialId: null}, Type:RATIS, Factor:THREE, State:CLOSED]
org.apache.hadoop.hdds.scm.pipeline.PipelineNotFoundException: PipelineID=f5e49e1f-983b-4678-b9f0-9a53ed4a529b not found
	at org.apache.hadoop.hdds.scm.pipeline.PipelineStateMap.getPipeline(PipelineStateMap.java:132)
	at org.apache.hadoop.hdds.scm.pipeline.PipelineStateMap.removePipeline(PipelineStateMap.java:322)
	at org.apache.hadoop.hdds.scm.pipeline.PipelineStateManager.removePipeline(PipelineStateManager.java:107)
	at org.apache.hadoop.hdds.scm.pipeline.SCMPipelineManager.removePipeline(SCMPipelineManager.java:423)
	at org.apache.hadoop.hdds.scm.pipeline.SCMPipelineManager.destroyPipeline(SCMPipelineManager.java:409)
	at org.apache.hadoop.hdds.scm.pipeline.SCMPipelineManager.lambda$finalizeAndDestroyPipeline$0(SCMPipelineManager.java:318)
	at org.apache.hadoop.utils.Scheduler.lambda$schedule$1(Scheduler.java:68)
	at java.util.concurrent.Executors$RunnableAdapter.call(Executors.java:511)
	at java.util.concurrent.FutureTask.run(FutureTask.java:266)
	at java.util.concurrent.ScheduledThreadPoolExecutor$ScheduledFutureTask.access$201(ScheduledThreadPoolExecutor.java:180)
	at java.util.concurrent.ScheduledThreadPoolExecutor$ScheduledFutureTask.run(ScheduledThreadPoolExecutor.java:293)
	at java.util.concurrent.ThreadPoolExecutor.runWorker(ThreadPoolExecutor.java:1149)
	at java.util.concurrent.ThreadPoolExecutor$Worker.run(ThreadPoolExecutor.java:624)
	at java.lang.Thread.run(Thread.java:748)
2019-09-10 12:37:14,754 [java.util.concurrent.ThreadPoolExecutor$Worker@5359d0cb[State = -1, empty queue]] WARN  server.GrpcLogAppender (GrpcLogAppender.java:timeoutAppendRequest(200)) - 20e3e33a-5d24-4249-a094-f5376b2f999f@group-5E7A6FC8AAB0->e2c164e2-1dc0-4b87-8a18-d27b9a4a82f5-GrpcLogAppender: appendEntries Timeout, request=20e3e33a-5d24-4249-a094-f5376b2f999f->e2c164e2-1dc0-4b87-8a18-d27b9a4a82f5#111-t1, previous=(t:1, i:22), leaderCommit=16, initializing? false, entries: <empty>
2019-09-10 12:37:14,754 [java.util.concurrent.ThreadPoolExecutor$Worker@5ff660fa[State = -1, empty queue]] WARN  server.GrpcLogAppender (GrpcLogAppender.java:timeoutAppendRequest(200)) - 20e3e33a-5d24-4249-a094-f5376b2f999f@group-5E7A6FC8AAB0->e7ee0826-9905-44f4-ba49-d97620ca9eb2-GrpcLogAppender: appendEntries Timeout, request=20e3e33a-5d24-4249-a094-f5376b2f999f->e7ee0826-9905-44f4-ba49-d97620ca9eb2#111-t1, previous=(t:1, i:22), leaderCommit=16, initializing? false, entries: <empty>
2019-09-10 12:37:15,090 [grpc-default-executor-2] INFO  impl.RaftServerProxy (RaftServerProxy.java:remove(95)) - bda12bde-a9da-41da-b7e7-5c1ce23ab93c: remove group-9A53ED4A529B:null
2019-09-10 12:37:15,108 [RatisPipelineUtilsThread] WARN  pipeline.RatisPipelineUtils (RatisPipelineUtils.java:destroyPipeline(66)) - Pipeline destroy failed for pipeline=PipelineID=f5e49e1f-983b-4678-b9f0-9a53ed4a529b dn=bda12bde-a9da-41da-b7e7-5c1ce23ab93c{ip: 192.168.34.50, host: pr-hdds-1879-pp2l2-2511026898, networkLocation: /default-rack, certSerialId: null}
2019-09-10 12:37:15,112 [grpc-default-executor-2] INFO  impl.RaftServerProxy (RaftServerProxy.java:remove(95)) - 33fcc201-48fd-47f6-879d-4d238b82d8e9: remove group-9A53ED4A529B:null
2019-09-10 12:37:15,115 [RatisPipelineUtilsThread] WARN  pipeline.RatisPipelineUtils (RatisPipelineUtils.java:destroyPipeline(66)) - Pipeline destroy failed for pipeline=PipelineID=f5e49e1f-983b-4678-b9f0-9a53ed4a529b dn=33fcc201-48fd-47f6-879d-4d238b82d8e9{ip: 192.168.34.50, host: pr-hdds-1879-pp2l2-2511026898, networkLocation: /default-rack, certSerialId: null}
2019-09-10 12:37:15,118 [grpc-default-executor-2] INFO  impl.RaftServerProxy (RaftServerProxy.java:remove(95)) - c5411d41-1b0a-4036-bc03-3ae3d66d2b07: remove group-9A53ED4A529B:null
2019-09-10 12:37:15,122 [RatisPipelineUtilsThread] WARN  pipeline.RatisPipelineUtils (RatisPipelineUtils.java:destroyPipeline(66)) - Pipeline destroy failed for pipeline=PipelineID=f5e49e1f-983b-4678-b9f0-9a53ed4a529b dn=c5411d41-1b0a-4036-bc03-3ae3d66d2b07{ip: 192.168.34.50, host: pr-hdds-1879-pp2l2-2511026898, networkLocation: /default-rack, certSerialId: null}
2019-09-10 12:37:15,122 [RatisPipelineUtilsThread] ERROR pipeline.SCMPipelineManager (Scheduler.java:lambda$schedule$1(70)) - Destroy pipeline failed for pipeline:Pipeline[ Id: f5e49e1f-983b-4678-b9f0-9a53ed4a529b, Nodes: bda12bde-a9da-41da-b7e7-5c1ce23ab93c{ip: 192.168.34.50, host: pr-hdds-1879-pp2l2-2511026898, networkLocation: /default-rack, certSerialId: null}33fcc201-48fd-47f6-879d-4d238b82d8e9{ip: 192.168.34.50, host: pr-hdds-1879-pp2l2-2511026898, networkLocation: /default-rack, certSerialId: null}c5411d41-1b0a-4036-bc03-3ae3d66d2b07{ip: 192.168.34.50, host: pr-hdds-1879-pp2l2-2511026898, networkLocation: /default-rack, certSerialId: null}, Type:RATIS, Factor:THREE, State:CLOSED]
org.apache.hadoop.hdds.scm.pipeline.PipelineNotFoundException: PipelineID=f5e49e1f-983b-4678-b9f0-9a53ed4a529b not found
	at org.apache.hadoop.hdds.scm.pipeline.PipelineStateMap.getPipeline(PipelineStateMap.java:132)
	at org.apache.hadoop.hdds.scm.pipeline.PipelineStateMap.removePipeline(PipelineStateMap.java:322)
	at org.apache.hadoop.hdds.scm.pipeline.PipelineStateManager.removePipeline(PipelineStateManager.java:107)
	at org.apache.hadoop.hdds.scm.pipeline.SCMPipelineManager.removePipeline(SCMPipelineManager.java:423)
	at org.apache.hadoop.hdds.scm.pipeline.SCMPipelineManager.destroyPipeline(SCMPipelineManager.java:409)
	at org.apache.hadoop.hdds.scm.pipeline.SCMPipelineManager.lambda$finalizeAndDestroyPipeline$0(SCMPipelineManager.java:318)
	at org.apache.hadoop.utils.Scheduler.lambda$schedule$1(Scheduler.java:68)
	at java.util.concurrent.Executors$RunnableAdapter.call(Executors.java:511)
	at java.util.concurrent.FutureTask.run(FutureTask.java:266)
	at java.util.concurrent.ScheduledThreadPoolExecutor$ScheduledFutureTask.access$201(ScheduledThreadPoolExecutor.java:180)
	at java.util.concurrent.ScheduledThreadPoolExecutor$ScheduledFutureTask.run(ScheduledThreadPoolExecutor.java:293)
	at java.util.concurrent.ThreadPoolExecutor.runWorker(ThreadPoolExecutor.java:1149)
	at java.util.concurrent.ThreadPoolExecutor$Worker.run(ThreadPoolExecutor.java:624)
	at java.lang.Thread.run(Thread.java:748)
2019-09-10 12:37:16,963 [grpc-default-executor-2] INFO  client.GrpcClientProtocolClient (GrpcClientProtocolClient.java:onNext(264)) - client-B8915AA43604->e2c164e2-1dc0-4b87-8a18-d27b9a4a82f5: receive RaftClientReply:client-B8915AA43604->e2c164e2-1dc0-4b87-8a18-d27b9a4a82f5@group-5E7A6FC8AAB0, cid=50, FAILED org.apache.ratis.protocol.NotLeaderException: Server e2c164e2-1dc0-4b87-8a18-d27b9a4a82f5@group-5E7A6FC8AAB0 is not the leader 20e3e33a-5d24-4249-a094-f5376b2f999f:192.168.34.50:46569, logIndex=0, commits[e2c164e2-1dc0-4b87-8a18-d27b9a4a82f5:c16, e7ee0826-9905-44f4-ba49-d97620ca9eb2:c14, 20e3e33a-5d24-4249-a094-f5376b2f999f:c16]
2019-09-10 12:37:17,255 [java.util.concurrent.ThreadPoolExecutor$Worker@5ff660fa[State = -1, empty queue]] WARN  server.GrpcLogAppender (GrpcLogAppender.java:timeoutAppendRequest(200)) - 20e3e33a-5d24-4249-a094-f5376b2f999f@group-5E7A6FC8AAB0->e7ee0826-9905-44f4-ba49-d97620ca9eb2-GrpcLogAppender: appendEntries Timeout, request=20e3e33a-5d24-4249-a094-f5376b2f999f->e7ee0826-9905-44f4-ba49-d97620ca9eb2#112-t1, previous=(t:1, i:22), leaderCommit=16, initializing? false, entries: <empty>
2019-09-10 12:37:17,255 [java.util.concurrent.ThreadPoolExecutor$Worker@5359d0cb[State = -1, empty queue]] WARN  server.GrpcLogAppender (GrpcLogAppender.java:timeoutAppendRequest(200)) - 20e3e33a-5d24-4249-a094-f5376b2f999f@group-5E7A6FC8AAB0->e2c164e2-1dc0-4b87-8a18-d27b9a4a82f5-GrpcLogAppender: appendEntries Timeout, request=20e3e33a-5d24-4249-a094-f5376b2f999f->e2c164e2-1dc0-4b87-8a18-d27b9a4a82f5#112-t1, previous=(t:1, i:22), leaderCommit=16, initializing? false, entries: <empty>
2019-09-10 12:37:18,091 [grpc-default-executor-3] INFO  impl.RaftServerProxy (RaftServerProxy.java:remove(95)) - bda12bde-a9da-41da-b7e7-5c1ce23ab93c: remove group-9A53ED4A529B:null
2019-09-10 12:37:18,096 [RatisPipelineUtilsThread] WARN  pipeline.RatisPipelineUtils (RatisPipelineUtils.java:destroyPipeline(66)) - Pipeline destroy failed for pipeline=PipelineID=f5e49e1f-983b-4678-b9f0-9a53ed4a529b dn=bda12bde-a9da-41da-b7e7-5c1ce23ab93c{ip: 192.168.34.50, host: pr-hdds-1879-pp2l2-2511026898, networkLocation: /default-rack, certSerialId: null}
2019-09-10 12:37:18,100 [grpc-default-executor-3] INFO  impl.RaftServerProxy (RaftServerProxy.java:remove(95)) - 33fcc201-48fd-47f6-879d-4d238b82d8e9: remove group-9A53ED4A529B:null
2019-09-10 12:37:18,104 [RatisPipelineUtilsThread] WARN  pipeline.RatisPipelineUtils (RatisPipelineUtils.java:destroyPipeline(66)) - Pipeline destroy failed for pipeline=PipelineID=f5e49e1f-983b-4678-b9f0-9a53ed4a529b dn=33fcc201-48fd-47f6-879d-4d238b82d8e9{ip: 192.168.34.50, host: pr-hdds-1879-pp2l2-2511026898, networkLocation: /default-rack, certSerialId: null}
2019-09-10 12:37:18,107 [grpc-default-executor-3] INFO  impl.RaftServerProxy (RaftServerProxy.java:remove(95)) - c5411d41-1b0a-4036-bc03-3ae3d66d2b07: remove group-9A53ED4A529B:null
2019-09-10 12:37:18,110 [RatisPipelineUtilsThread] WARN  pipeline.RatisPipelineUtils (RatisPipelineUtils.java:destroyPipeline(66)) - Pipeline destroy failed for pipeline=PipelineID=f5e49e1f-983b-4678-b9f0-9a53ed4a529b dn=c5411d41-1b0a-4036-bc03-3ae3d66d2b07{ip: 192.168.34.50, host: pr-hdds-1879-pp2l2-2511026898, networkLocation: /default-rack, certSerialId: null}
2019-09-10 12:37:18,111 [RatisPipelineUtilsThread] ERROR pipeline.SCMPipelineManager (Scheduler.java:lambda$schedule$1(70)) - Destroy pipeline failed for pipeline:Pipeline[ Id: f5e49e1f-983b-4678-b9f0-9a53ed4a529b, Nodes: bda12bde-a9da-41da-b7e7-5c1ce23ab93c{ip: 192.168.34.50, host: pr-hdds-1879-pp2l2-2511026898, networkLocation: /default-rack, certSerialId: null}33fcc201-48fd-47f6-879d-4d238b82d8e9{ip: 192.168.34.50, host: pr-hdds-1879-pp2l2-2511026898, networkLocation: /default-rack, certSerialId: null}c5411d41-1b0a-4036-bc03-3ae3d66d2b07{ip: 192.168.34.50, host: pr-hdds-1879-pp2l2-2511026898, networkLocation: /default-rack, certSerialId: null}, Type:RATIS, Factor:THREE, State:CLOSED]
org.apache.hadoop.hdds.scm.pipeline.PipelineNotFoundException: PipelineID=f5e49e1f-983b-4678-b9f0-9a53ed4a529b not found
	at org.apache.hadoop.hdds.scm.pipeline.PipelineStateMap.getPipeline(PipelineStateMap.java:132)
	at org.apache.hadoop.hdds.scm.pipeline.PipelineStateMap.removePipeline(PipelineStateMap.java:322)
	at org.apache.hadoop.hdds.scm.pipeline.PipelineStateManager.removePipeline(PipelineStateManager.java:107)
	at org.apache.hadoop.hdds.scm.pipeline.SCMPipelineManager.removePipeline(SCMPipelineManager.java:423)
	at org.apache.hadoop.hdds.scm.pipeline.SCMPipelineManager.destroyPipeline(SCMPipelineManager.java:409)
	at org.apache.hadoop.hdds.scm.pipeline.SCMPipelineManager.lambda$finalizeAndDestroyPipeline$0(SCMPipelineManager.java:318)
	at org.apache.hadoop.utils.Scheduler.lambda$schedule$1(Scheduler.java:68)
	at java.util.concurrent.Executors$RunnableAdapter.call(Executors.java:511)
	at java.util.concurrent.FutureTask.run(FutureTask.java:266)
	at java.util.concurrent.ScheduledThreadPoolExecutor$ScheduledFutureTask.access$201(ScheduledThreadPoolExecutor.java:180)
	at java.util.concurrent.ScheduledThreadPoolExecutor$ScheduledFutureTask.run(ScheduledThreadPoolExecutor.java:293)
	at java.util.concurrent.ThreadPoolExecutor.runWorker(ThreadPoolExecutor.java:1149)
	at java.util.concurrent.ThreadPoolExecutor$Worker.run(ThreadPoolExecutor.java:624)
	at java.lang.Thread.run(Thread.java:748)
2019-09-10 12:37:19,756 [java.util.concurrent.ThreadPoolExecutor$Worker@5ff660fa[State = -1, empty queue]] WARN  server.GrpcLogAppender (GrpcLogAppender.java:timeoutAppendRequest(200)) - 20e3e33a-5d24-4249-a094-f5376b2f999f@group-5E7A6FC8AAB0->e7ee0826-9905-44f4-ba49-d97620ca9eb2-GrpcLogAppender: appendEntries Timeout, request=20e3e33a-5d24-4249-a094-f5376b2f999f->e7ee0826-9905-44f4-ba49-d97620ca9eb2#113-t1, previous=(t:1, i:22), leaderCommit=16, initializing? false, entries: <empty>
2019-09-10 12:37:19,756 [java.util.concurrent.ThreadPoolExecutor$Worker@5359d0cb[State = -1, empty queue]] WARN  server.GrpcLogAppender (GrpcLogAppender.java:timeoutAppendRequest(200)) - 20e3e33a-5d24-4249-a094-f5376b2f999f@group-5E7A6FC8AAB0->e2c164e2-1dc0-4b87-8a18-d27b9a4a82f5-GrpcLogAppender: appendEntries Timeout, request=20e3e33a-5d24-4249-a094-f5376b2f999f->e2c164e2-1dc0-4b87-8a18-d27b9a4a82f5#113-t1, previous=(t:1, i:22), leaderCommit=16, initializing? false, entries: <empty>
2019-09-10 12:37:20,092 [grpc-default-executor-2] INFO  impl.RaftServerProxy (RaftServerProxy.java:remove(95)) - bda12bde-a9da-41da-b7e7-5c1ce23ab93c: remove group-9A53ED4A529B:null
2019-09-10 12:37:20,098 [RatisPipelineUtilsThread] WARN  pipeline.RatisPipelineUtils (RatisPipelineUtils.java:destroyPipeline(66)) - Pipeline destroy failed for pipeline=PipelineID=f5e49e1f-983b-4678-b9f0-9a53ed4a529b dn=bda12bde-a9da-41da-b7e7-5c1ce23ab93c{ip: 192.168.34.50, host: pr-hdds-1879-pp2l2-2511026898, networkLocation: /default-rack, certSerialId: null}
2019-09-10 12:37:20,101 [grpc-default-executor-2] INFO  impl.RaftServerProxy (RaftServerProxy.java:remove(95)) - 33fcc201-48fd-47f6-879d-4d238b82d8e9: remove group-9A53ED4A529B:null
2019-09-10 12:37:20,104 [RatisPipelineUtilsThread] WARN  pipeline.RatisPipelineUtils (RatisPipelineUtils.java:destroyPipeline(66)) - Pipeline destroy failed for pipeline=PipelineID=f5e49e1f-983b-4678-b9f0-9a53ed4a529b dn=33fcc201-48fd-47f6-879d-4d238b82d8e9{ip: 192.168.34.50, host: pr-hdds-1879-pp2l2-2511026898, networkLocation: /default-rack, certSerialId: null}
2019-09-10 12:37:20,108 [grpc-default-executor-2] INFO  impl.RaftServerProxy (RaftServerProxy.java:remove(95)) - c5411d41-1b0a-4036-bc03-3ae3d66d2b07: remove group-9A53ED4A529B:null
2019-09-10 12:37:20,111 [RatisPipelineUtilsThread] WARN  pipeline.RatisPipelineUtils (RatisPipelineUtils.java:destroyPipeline(66)) - Pipeline destroy failed for pipeline=PipelineID=f5e49e1f-983b-4678-b9f0-9a53ed4a529b dn=c5411d41-1b0a-4036-bc03-3ae3d66d2b07{ip: 192.168.34.50, host: pr-hdds-1879-pp2l2-2511026898, networkLocation: /default-rack, certSerialId: null}
2019-09-10 12:37:20,111 [RatisPipelineUtilsThread] ERROR pipeline.SCMPipelineManager (Scheduler.java:lambda$schedule$1(70)) - Destroy pipeline failed for pipeline:Pipeline[ Id: f5e49e1f-983b-4678-b9f0-9a53ed4a529b, Nodes: bda12bde-a9da-41da-b7e7-5c1ce23ab93c{ip: 192.168.34.50, host: pr-hdds-1879-pp2l2-2511026898, networkLocation: /default-rack, certSerialId: null}33fcc201-48fd-47f6-879d-4d238b82d8e9{ip: 192.168.34.50, host: pr-hdds-1879-pp2l2-2511026898, networkLocation: /default-rack, certSerialId: null}c5411d41-1b0a-4036-bc03-3ae3d66d2b07{ip: 192.168.34.50, host: pr-hdds-1879-pp2l2-2511026898, networkLocation: /default-rack, certSerialId: null}, Type:RATIS, Factor:THREE, State:CLOSED]
org.apache.hadoop.hdds.scm.pipeline.PipelineNotFoundException: PipelineID=f5e49e1f-983b-4678-b9f0-9a53ed4a529b not found
	at org.apache.hadoop.hdds.scm.pipeline.PipelineStateMap.getPipeline(PipelineStateMap.java:132)
	at org.apache.hadoop.hdds.scm.pipeline.PipelineStateMap.removePipeline(PipelineStateMap.java:322)
	at org.apache.hadoop.hdds.scm.pipeline.PipelineStateManager.removePipeline(PipelineStateManager.java:107)
	at org.apache.hadoop.hdds.scm.pipeline.SCMPipelineManager.removePipeline(SCMPipelineManager.java:423)
	at org.apache.hadoop.hdds.scm.pipeline.SCMPipelineManager.destroyPipeline(SCMPipelineManager.java:409)
	at org.apache.hadoop.hdds.scm.pipeline.SCMPipelineManager.lambda$finalizeAndDestroyPipeline$0(SCMPipelineManager.java:318)
	at org.apache.hadoop.utils.Scheduler.lambda$schedule$1(Scheduler.java:68)
	at java.util.concurrent.Executors$RunnableAdapter.call(Executors.java:511)
	at java.util.concurrent.FutureTask.run(FutureTask.java:266)
	at java.util.concurrent.ScheduledThreadPoolExecutor$ScheduledFutureTask.access$201(ScheduledThreadPoolExecutor.java:180)
	at java.util.concurrent.ScheduledThreadPoolExecutor$ScheduledFutureTask.run(ScheduledThreadPoolExecutor.java:293)
	at java.util.concurrent.ThreadPoolExecutor.runWorker(ThreadPoolExecutor.java:1149)
	at java.util.concurrent.ThreadPoolExecutor$Worker.run(ThreadPoolExecutor.java:624)
	at java.lang.Thread.run(Thread.java:748)
2019-09-10 12:37:21,749 [e7ee0826-9905-44f4-ba49-d97620ca9eb2@group-5E7A6FC8AAB0-SegmentedRaftLogWorker] WARN  segmented.SegmentedRaftLogWorker (SegmentedRaftLogWorker.java:getFromFuture(90)) - Timeout 2/~
org.apache.ratis.protocol.TimeoutIOException: Timeout 10s: WriteLog:17: (t:1, i:17), STATEMACHINELOGENTRY, client-B8915AA43604, cid=50-writeStateMachineData
	at org.apache.ratis.util.IOUtils.getFromFuture(IOUtils.java:87)
	at org.apache.ratis.server.raftlog.segmented.SegmentedRaftLogWorker$StateMachineDataPolicy.getFromFuture(SegmentedRaftLogWorker.java:87)
	at org.apache.ratis.server.raftlog.segmented.SegmentedRaftLogWorker$WriteLog.execute(SegmentedRaftLogWorker.java:477)
	at org.apache.ratis.server.raftlog.segmented.SegmentedRaftLogWorker.run(SegmentedRaftLogWorker.java:289)
	at java.lang.Thread.run(Thread.java:748)
Caused by: java.util.concurrent.TimeoutException
	at java.util.concurrent.CompletableFuture.timedGet(CompletableFuture.java:1771)
	at java.util.concurrent.CompletableFuture.get(CompletableFuture.java:1915)
	at org.apache.ratis.util.IOUtils.getFromFuture(IOUtils.java:79)
	... 4 more
2019-09-10 12:37:21,750 [e2c164e2-1dc0-4b87-8a18-d27b9a4a82f5@group-5E7A6FC8AAB0-SegmentedRaftLogWorker] WARN  segmented.SegmentedRaftLogWorker (SegmentedRaftLogWorker.java:getFromFuture(90)) - Timeout 2/~
org.apache.ratis.protocol.TimeoutIOException: Timeout 10s: WriteLog:17: (t:1, i:17), STATEMACHINELOGENTRY, client-B8915AA43604, cid=50-writeStateMachineData
	at org.apache.ratis.util.IOUtils.getFromFuture(IOUtils.java:87)
	at org.apache.ratis.server.raftlog.segmented.SegmentedRaftLogWorker$StateMachineDataPolicy.getFromFuture(SegmentedRaftLogWorker.java:87)
	at org.apache.ratis.server.raftlog.segmented.SegmentedRaftLogWorker$WriteLog.execute(SegmentedRaftLogWorker.java:477)
	at org.apache.ratis.server.raftlog.segmented.SegmentedRaftLogWorker.run(SegmentedRaftLogWorker.java:289)
	at java.lang.Thread.run(Thread.java:748)
Caused by: java.util.concurrent.TimeoutException
	at java.util.concurrent.CompletableFuture.timedGet(CompletableFuture.java:1771)
	at java.util.concurrent.CompletableFuture.get(CompletableFuture.java:1915)
	at org.apache.ratis.util.IOUtils.getFromFuture(IOUtils.java:79)
	... 4 more
2019-09-10 12:37:21,887 [20e3e33a-5d24-4249-a094-f5376b2f999f@group-5E7A6FC8AAB0-SegmentedRaftLogWorker] WARN  segmented.SegmentedRaftLogWorker (SegmentedRaftLogWorker.java:getFromFuture(90)) - Timeout 2/~
org.apache.ratis.protocol.TimeoutIOException: Timeout 10s: WriteLog:18: (t:1, i:18), STATEMACHINELOGENTRY, client-B8915AA43604, cid=51-writeStateMachineData
	at org.apache.ratis.util.IOUtils.getFromFuture(IOUtils.java:87)
	at org.apache.ratis.server.raftlog.segmented.SegmentedRaftLogWorker$StateMachineDataPolicy.getFromFuture(SegmentedRaftLogWorker.java:87)
	at org.apache.ratis.server.raftlog.segmented.SegmentedRaftLogWorker$WriteLog.execute(SegmentedRaftLogWorker.java:477)
	at org.apache.ratis.server.raftlog.segmented.SegmentedRaftLogWorker.run(SegmentedRaftLogWorker.java:289)
	at java.lang.Thread.run(Thread.java:748)
Caused by: java.util.concurrent.TimeoutException
	at java.util.concurrent.CompletableFuture.timedGet(CompletableFuture.java:1771)
	at java.util.concurrent.CompletableFuture.get(CompletableFuture.java:1915)
	at org.apache.ratis.util.IOUtils.getFromFuture(IOUtils.java:79)
	... 4 more
2019-09-10 12:37:22,018 [grpc-default-executor-3] INFO  client.GrpcClientProtocolClient (GrpcClientProtocolClient.java:onNext(264)) - client-B8915AA43604->e2c164e2-1dc0-4b87-8a18-d27b9a4a82f5: receive RaftClientReply:client-B8915AA43604->e2c164e2-1dc0-4b87-8a18-d27b9a4a82f5@group-5E7A6FC8AAB0, cid=50, FAILED org.apache.ratis.protocol.NotLeaderException: Server e2c164e2-1dc0-4b87-8a18-d27b9a4a82f5@group-5E7A6FC8AAB0 is not the leader 20e3e33a-5d24-4249-a094-f5376b2f999f:192.168.34.50:46569, logIndex=0, commits[e2c164e2-1dc0-4b87-8a18-d27b9a4a82f5:c16, e7ee0826-9905-44f4-ba49-d97620ca9eb2:c14, 20e3e33a-5d24-4249-a094-f5376b2f999f:c16]
2019-09-10 12:37:22,256 [java.util.concurrent.ThreadPoolExecutor$Worker@5ff660fa[State = -1, empty queue]] WARN  server.GrpcLogAppender (GrpcLogAppender.java:timeoutAppendRequest(200)) - 20e3e33a-5d24-4249-a094-f5376b2f999f@group-5E7A6FC8AAB0->e7ee0826-9905-44f4-ba49-d97620ca9eb2-GrpcLogAppender: appendEntries Timeout, request=20e3e33a-5d24-4249-a094-f5376b2f999f->e7ee0826-9905-44f4-ba49-d97620ca9eb2#114-t1, previous=(t:1, i:22), leaderCommit=16, initializing? false, entries: <empty>
2019-09-10 12:37:22,256 [java.util.concurrent.ThreadPoolExecutor$Worker@5359d0cb[State = -1, empty queue]] WARN  server.GrpcLogAppender (GrpcLogAppender.java:timeoutAppendRequest(200)) - 20e3e33a-5d24-4249-a094-f5376b2f999f@group-5E7A6FC8AAB0->e2c164e2-1dc0-4b87-8a18-d27b9a4a82f5-GrpcLogAppender: appendEntries Timeout, request=20e3e33a-5d24-4249-a094-f5376b2f999f->e2c164e2-1dc0-4b87-8a18-d27b9a4a82f5#114-t1, previous=(t:1, i:22), leaderCommit=16, initializing? false, entries: <empty>
2019-09-10 12:37:23,086 [grpc-default-executor-3] INFO  impl.RaftServerProxy (RaftServerProxy.java:remove(95)) - bda12bde-a9da-41da-b7e7-5c1ce23ab93c: remove group-9A53ED4A529B:null
2019-09-10 12:37:23,089 [RatisPipelineUtilsThread] WARN  pipeline.RatisPipelineUtils (RatisPipelineUtils.java:destroyPipeline(66)) - Pipeline destroy failed for pipeline=PipelineID=f5e49e1f-983b-4678-b9f0-9a53ed4a529b dn=bda12bde-a9da-41da-b7e7-5c1ce23ab93c{ip: 192.168.34.50, host: pr-hdds-1879-pp2l2-2511026898, networkLocation: /default-rack, certSerialId: null}
2019-09-10 12:37:23,091 [grpc-default-executor-3] INFO  impl.RaftServerProxy (RaftServerProxy.java:remove(95)) - 33fcc201-48fd-47f6-879d-4d238b82d8e9: remove group-9A53ED4A529B:null
2019-09-10 12:37:23,092 [RatisPipelineUtilsThread] WARN  pipeline.RatisPipelineUtils (RatisPipelineUtils.java:destroyPipeline(66)) - Pipeline destroy failed for pipeline=PipelineID=f5e49e1f-983b-4678-b9f0-9a53ed4a529b dn=33fcc201-48fd-47f6-879d-4d238b82d8e9{ip: 192.168.34.50, host: pr-hdds-1879-pp2l2-2511026898, networkLocation: /default-rack, certSerialId: null}
2019-09-10 12:37:23,095 [grpc-default-executor-3] INFO  impl.RaftServerProxy (RaftServerProxy.java:remove(95)) - c5411d41-1b0a-4036-bc03-3ae3d66d2b07: remove group-9A53ED4A529B:null
2019-09-10 12:37:23,096 [RatisPipelineUtilsThread] WARN  pipeline.RatisPipelineUtils (RatisPipelineUtils.java:destroyPipeline(66)) - Pipeline destroy failed for pipeline=PipelineID=f5e49e1f-983b-4678-b9f0-9a53ed4a529b dn=c5411d41-1b0a-4036-bc03-3ae3d66d2b07{ip: 192.168.34.50, host: pr-hdds-1879-pp2l2-2511026898, networkLocation: /default-rack, certSerialId: null}
2019-09-10 12:37:23,097 [RatisPipelineUtilsThread] ERROR pipeline.SCMPipelineManager (Scheduler.java:lambda$schedule$1(70)) - Destroy pipeline failed for pipeline:Pipeline[ Id: f5e49e1f-983b-4678-b9f0-9a53ed4a529b, Nodes: bda12bde-a9da-41da-b7e7-5c1ce23ab93c{ip: 192.168.34.50, host: pr-hdds-1879-pp2l2-2511026898, networkLocation: /default-rack, certSerialId: null}33fcc201-48fd-47f6-879d-4d238b82d8e9{ip: 192.168.34.50, host: pr-hdds-1879-pp2l2-2511026898, networkLocation: /default-rack, certSerialId: null}c5411d41-1b0a-4036-bc03-3ae3d66d2b07{ip: 192.168.34.50, host: pr-hdds-1879-pp2l2-2511026898, networkLocation: /default-rack, certSerialId: null}, Type:RATIS, Factor:THREE, State:CLOSED]
org.apache.hadoop.hdds.scm.pipeline.PipelineNotFoundException: PipelineID=f5e49e1f-983b-4678-b9f0-9a53ed4a529b not found
	at org.apache.hadoop.hdds.scm.pipeline.PipelineStateMap.getPipeline(PipelineStateMap.java:132)
	at org.apache.hadoop.hdds.scm.pipeline.PipelineStateMap.removePipeline(PipelineStateMap.java:322)
	at org.apache.hadoop.hdds.scm.pipeline.PipelineStateManager.removePipeline(PipelineStateManager.java:107)
	at org.apache.hadoop.hdds.scm.pipeline.SCMPipelineManager.removePipeline(SCMPipelineManager.java:423)
	at org.apache.hadoop.hdds.scm.pipeline.SCMPipelineManager.destroyPipeline(SCMPipelineManager.java:409)
	at org.apache.hadoop.hdds.scm.pipeline.SCMPipelineManager.lambda$finalizeAndDestroyPipeline$0(SCMPipelineManager.java:318)
	at org.apache.hadoop.utils.Scheduler.lambda$schedule$1(Scheduler.java:68)
	at java.util.concurrent.Executors$RunnableAdapter.call(Executors.java:511)
	at java.util.concurrent.FutureTask.run(FutureTask.java:266)
	at java.util.concurrent.ScheduledThreadPoolExecutor$ScheduledFutureTask.access$201(ScheduledThreadPoolExecutor.java:180)
	at java.util.concurrent.ScheduledThreadPoolExecutor$ScheduledFutureTask.run(ScheduledThreadPoolExecutor.java:293)
	at java.util.concurrent.ThreadPoolExecutor.runWorker(ThreadPoolExecutor.java:1149)
	at java.util.concurrent.ThreadPoolExecutor$Worker.run(ThreadPoolExecutor.java:624)
	at java.lang.Thread.run(Thread.java:748)
2019-09-10 12:37:24,772 [java.util.concurrent.ThreadPoolExecutor$Worker@5ff660fa[State = -1, empty queue]] WARN  server.GrpcLogAppender (GrpcLogAppender.java:timeoutAppendRequest(200)) - 20e3e33a-5d24-4249-a094-f5376b2f999f@group-5E7A6FC8AAB0->e7ee0826-9905-44f4-ba49-d97620ca9eb2-GrpcLogAppender: appendEntries Timeout, request=20e3e33a-5d24-4249-a094-f5376b2f999f->e7ee0826-9905-44f4-ba49-d97620ca9eb2#115-t1, previous=(t:1, i:22), leaderCommit=16, initializing? false, entries: <empty>
2019-09-10 12:37:24,772 [java.util.concurrent.ThreadPoolExecutor$Worker@5359d0cb[State = -1, empty queue]] WARN  server.GrpcLogAppender (GrpcLogAppender.java:timeoutAppendRequest(200)) - 20e3e33a-5d24-4249-a094-f5376b2f999f@group-5E7A6FC8AAB0->e2c164e2-1dc0-4b87-8a18-d27b9a4a82f5-GrpcLogAppender: appendEntries Timeout, request=20e3e33a-5d24-4249-a094-f5376b2f999f->e2c164e2-1dc0-4b87-8a18-d27b9a4a82f5#115-t1, previous=(t:1, i:22), leaderCommit=16, initializing? false, entries: <empty>
2019-09-10 12:37:25,087 [grpc-default-executor-3] INFO  impl.RaftServerProxy (RaftServerProxy.java:remove(95)) - bda12bde-a9da-41da-b7e7-5c1ce23ab93c: remove group-9A53ED4A529B:null
2019-09-10 12:37:25,090 [RatisPipelineUtilsThread] WARN  pipeline.RatisPipelineUtils (RatisPipelineUtils.java:destroyPipeline(66)) - Pipeline destroy failed for pipeline=PipelineID=f5e49e1f-983b-4678-b9f0-9a53ed4a529b dn=bda12bde-a9da-41da-b7e7-5c1ce23ab93c{ip: 192.168.34.50, host: pr-hdds-1879-pp2l2-2511026898, networkLocation: /default-rack, certSerialId: null}
2019-09-10 12:37:25,097 [grpc-default-executor-3] INFO  impl.RaftServerProxy (RaftServerProxy.java:remove(95)) - 33fcc201-48fd-47f6-879d-4d238b82d8e9: remove group-9A53ED4A529B:null
2019-09-10 12:37:25,101 [RatisPipelineUtilsThread] WARN  pipeline.RatisPipelineUtils (RatisPipelineUtils.java:destroyPipeline(66)) - Pipeline destroy failed for pipeline=PipelineID=f5e49e1f-983b-4678-b9f0-9a53ed4a529b dn=33fcc201-48fd-47f6-879d-4d238b82d8e9{ip: 192.168.34.50, host: pr-hdds-1879-pp2l2-2511026898, networkLocation: /default-rack, certSerialId: null}
2019-09-10 12:37:25,109 [grpc-default-executor-3] INFO  impl.RaftServerProxy (RaftServerProxy.java:remove(95)) - c5411d41-1b0a-4036-bc03-3ae3d66d2b07: remove group-9A53ED4A529B:null
2019-09-10 12:37:25,111 [RatisPipelineUtilsThread] WARN  pipeline.RatisPipelineUtils (RatisPipelineUtils.java:destroyPipeline(66)) - Pipeline destroy failed for pipeline=PipelineID=f5e49e1f-983b-4678-b9f0-9a53ed4a529b dn=c5411d41-1b0a-4036-bc03-3ae3d66d2b07{ip: 192.168.34.50, host: pr-hdds-1879-pp2l2-2511026898, networkLocation: /default-rack, certSerialId: null}
2019-09-10 12:37:25,111 [RatisPipelineUtilsThread] ERROR pipeline.SCMPipelineManager (Scheduler.java:lambda$schedule$1(70)) - Destroy pipeline failed for pipeline:Pipeline[ Id: f5e49e1f-983b-4678-b9f0-9a53ed4a529b, Nodes: bda12bde-a9da-41da-b7e7-5c1ce23ab93c{ip: 192.168.34.50, host: pr-hdds-1879-pp2l2-2511026898, networkLocation: /default-rack, certSerialId: null}33fcc201-48fd-47f6-879d-4d238b82d8e9{ip: 192.168.34.50, host: pr-hdds-1879-pp2l2-2511026898, networkLocation: /default-rack, certSerialId: null}c5411d41-1b0a-4036-bc03-3ae3d66d2b07{ip: 192.168.34.50, host: pr-hdds-1879-pp2l2-2511026898, networkLocation: /default-rack, certSerialId: null}, Type:RATIS, Factor:THREE, State:CLOSED]
org.apache.hadoop.hdds.scm.pipeline.PipelineNotFoundException: PipelineID=f5e49e1f-983b-4678-b9f0-9a53ed4a529b not found
	at org.apache.hadoop.hdds.scm.pipeline.PipelineStateMap.getPipeline(PipelineStateMap.java:132)
	at org.apache.hadoop.hdds.scm.pipeline.PipelineStateMap.removePipeline(PipelineStateMap.java:322)
	at org.apache.hadoop.hdds.scm.pipeline.PipelineStateManager.removePipeline(PipelineStateManager.java:107)
	at org.apache.hadoop.hdds.scm.pipeline.SCMPipelineManager.removePipeline(SCMPipelineManager.java:423)
	at org.apache.hadoop.hdds.scm.pipeline.SCMPipelineManager.destroyPipeline(SCMPipelineManager.java:409)
	at org.apache.hadoop.hdds.scm.pipeline.SCMPipelineManager.lambda$finalizeAndDestroyPipeline$0(SCMPipelineManager.java:318)
	at org.apache.hadoop.utils.Scheduler.lambda$schedule$1(Scheduler.java:68)
	at java.util.concurrent.Executors$RunnableAdapter.call(Executors.java:511)
	at java.util.concurrent.FutureTask.run(FutureTask.java:266)
	at java.util.concurrent.ScheduledThreadPoolExecutor$ScheduledFutureTask.access$201(ScheduledThreadPoolExecutor.java:180)
	at java.util.concurrent.ScheduledThreadPoolExecutor$ScheduledFutureTask.run(ScheduledThreadPoolExecutor.java:293)
	at java.util.concurrent.ThreadPoolExecutor.runWorker(ThreadPoolExecutor.java:1149)
	at java.util.concurrent.ThreadPoolExecutor$Worker.run(ThreadPoolExecutor.java:624)
	at java.lang.Thread.run(Thread.java:748)
2019-09-10 12:37:27,075 [grpc-default-executor-3] INFO  client.GrpcClientProtocolClient (GrpcClientProtocolClient.java:onNext(264)) - client-B8915AA43604->e7ee0826-9905-44f4-ba49-d97620ca9eb2: receive RaftClientReply:client-B8915AA43604->e7ee0826-9905-44f4-ba49-d97620ca9eb2@group-5E7A6FC8AAB0, cid=50, FAILED org.apache.ratis.protocol.NotLeaderException: Server e7ee0826-9905-44f4-ba49-d97620ca9eb2@group-5E7A6FC8AAB0 is not the leader 20e3e33a-5d24-4249-a094-f5376b2f999f:192.168.34.50:46569, logIndex=0, commits[e7ee0826-9905-44f4-ba49-d97620ca9eb2:c16, e2c164e2-1dc0-4b87-8a18-d27b9a4a82f5:c14, 20e3e33a-5d24-4249-a094-f5376b2f999f:c16]
2019-09-10 12:37:27,275 [java.util.concurrent.ThreadPoolExecutor$Worker@5ff660fa[State = -1, empty queue]] WARN  server.GrpcLogAppender (GrpcLogAppender.java:timeoutAppendRequest(200)) - 20e3e33a-5d24-4249-a094-f5376b2f999f@group-5E7A6FC8AAB0->e7ee0826-9905-44f4-ba49-d97620ca9eb2-GrpcLogAppender: appendEntries Timeout, request=20e3e33a-5d24-4249-a094-f5376b2f999f->e7ee0826-9905-44f4-ba49-d97620ca9eb2#116-t1, previous=(t:1, i:22), leaderCommit=16, initializing? false, entries: <empty>
2019-09-10 12:37:27,275 [java.util.concurrent.ThreadPoolExecutor$Worker@5359d0cb[State = -1, empty queue]] WARN  server.GrpcLogAppender (GrpcLogAppender.java:timeoutAppendRequest(200)) - 20e3e33a-5d24-4249-a094-f5376b2f999f@group-5E7A6FC8AAB0->e2c164e2-1dc0-4b87-8a18-d27b9a4a82f5-GrpcLogAppender: appendEntries Timeout, request=20e3e33a-5d24-4249-a094-f5376b2f999f->e2c164e2-1dc0-4b87-8a18-d27b9a4a82f5#116-t1, previous=(t:1, i:22), leaderCommit=16, initializing? false, entries: <empty>
2019-09-10 12:37:28,088 [grpc-default-executor-2] INFO  impl.RaftServerProxy (RaftServerProxy.java:remove(95)) - bda12bde-a9da-41da-b7e7-5c1ce23ab93c: remove group-9A53ED4A529B:null
2019-09-10 12:37:28,091 [RatisPipelineUtilsThread] WARN  pipeline.RatisPipelineUtils (RatisPipelineUtils.java:destroyPipeline(66)) - Pipeline destroy failed for pipeline=PipelineID=f5e49e1f-983b-4678-b9f0-9a53ed4a529b dn=bda12bde-a9da-41da-b7e7-5c1ce23ab93c{ip: 192.168.34.50, host: pr-hdds-1879-pp2l2-2511026898, networkLocation: /default-rack, certSerialId: null}
2019-09-10 12:37:28,094 [grpc-default-executor-2] INFO  impl.RaftServerProxy (RaftServerProxy.java:remove(95)) - 33fcc201-48fd-47f6-879d-4d238b82d8e9: remove group-9A53ED4A529B:null
2019-09-10 12:37:28,095 [RatisPipelineUtilsThread] WARN  pipeline.RatisPipelineUtils (RatisPipelineUtils.java:destroyPipeline(66)) - Pipeline destroy failed for pipeline=PipelineID=f5e49e1f-983b-4678-b9f0-9a53ed4a529b dn=33fcc201-48fd-47f6-879d-4d238b82d8e9{ip: 192.168.34.50, host: pr-hdds-1879-pp2l2-2511026898, networkLocation: /default-rack, certSerialId: null}
2019-09-10 12:37:28,098 [grpc-default-executor-2] INFO  impl.RaftServerProxy (RaftServerProxy.java:remove(95)) - c5411d41-1b0a-4036-bc03-3ae3d66d2b07: remove group-9A53ED4A529B:null
2019-09-10 12:37:28,099 [RatisPipelineUtilsThread] WARN  pipeline.RatisPipelineUtils (RatisPipelineUtils.java:destroyPipeline(66)) - Pipeline destroy failed for pipeline=PipelineID=f5e49e1f-983b-4678-b9f0-9a53ed4a529b dn=c5411d41-1b0a-4036-bc03-3ae3d66d2b07{ip: 192.168.34.50, host: pr-hdds-1879-pp2l2-2511026898, networkLocation: /default-rack, certSerialId: null}
2019-09-10 12:37:28,100 [RatisPipelineUtilsThread] ERROR pipeline.SCMPipelineManager (Scheduler.java:lambda$schedule$1(70)) - Destroy pipeline failed for pipeline:Pipeline[ Id: f5e49e1f-983b-4678-b9f0-9a53ed4a529b, Nodes: bda12bde-a9da-41da-b7e7-5c1ce23ab93c{ip: 192.168.34.50, host: pr-hdds-1879-pp2l2-2511026898, networkLocation: /default-rack, certSerialId: null}33fcc201-48fd-47f6-879d-4d238b82d8e9{ip: 192.168.34.50, host: pr-hdds-1879-pp2l2-2511026898, networkLocation: /default-rack, certSerialId: null}c5411d41-1b0a-4036-bc03-3ae3d66d2b07{ip: 192.168.34.50, host: pr-hdds-1879-pp2l2-2511026898, networkLocation: /default-rack, certSerialId: null}, Type:RATIS, Factor:THREE, State:CLOSED]
org.apache.hadoop.hdds.scm.pipeline.PipelineNotFoundException: PipelineID=f5e49e1f-983b-4678-b9f0-9a53ed4a529b not found
	at org.apache.hadoop.hdds.scm.pipeline.PipelineStateMap.getPipeline(PipelineStateMap.java:132)
	at org.apache.hadoop.hdds.scm.pipeline.PipelineStateMap.removePipeline(PipelineStateMap.java:322)
	at org.apache.hadoop.hdds.scm.pipeline.PipelineStateManager.removePipeline(PipelineStateManager.java:107)
	at org.apache.hadoop.hdds.scm.pipeline.SCMPipelineManager.removePipeline(SCMPipelineManager.java:423)
	at org.apache.hadoop.hdds.scm.pipeline.SCMPipelineManager.destroyPipeline(SCMPipelineManager.java:409)
	at org.apache.hadoop.hdds.scm.pipeline.SCMPipelineManager.lambda$finalizeAndDestroyPipeline$0(SCMPipelineManager.java:318)
	at org.apache.hadoop.utils.Scheduler.lambda$schedule$1(Scheduler.java:68)
	at java.util.concurrent.Executors$RunnableAdapter.call(Executors.java:511)
	at java.util.concurrent.FutureTask.run(FutureTask.java:266)
	at java.util.concurrent.ScheduledThreadPoolExecutor$ScheduledFutureTask.access$201(ScheduledThreadPoolExecutor.java:180)
	at java.util.concurrent.ScheduledThreadPoolExecutor$ScheduledFutureTask.run(ScheduledThreadPoolExecutor.java:293)
	at java.util.concurrent.ThreadPoolExecutor.runWorker(ThreadPoolExecutor.java:1149)
	at java.util.concurrent.ThreadPoolExecutor$Worker.run(ThreadPoolExecutor.java:624)
	at java.lang.Thread.run(Thread.java:748)
2019-09-10 12:37:29,774 [java.util.concurrent.ThreadPoolExecutor$Worker@5ff660fa[State = -1, empty queue]] WARN  server.GrpcLogAppender (GrpcLogAppender.java:timeoutAppendRequest(200)) - 20e3e33a-5d24-4249-a094-f5376b2f999f@group-5E7A6FC8AAB0->e7ee0826-9905-44f4-ba49-d97620ca9eb2-GrpcLogAppender: appendEntries Timeout, request=20e3e33a-5d24-4249-a094-f5376b2f999f->e7ee0826-9905-44f4-ba49-d97620ca9eb2#117-t1, previous=(t:1, i:22), leaderCommit=16, initializing? false, entries: <empty>
2019-09-10 12:37:29,774 [java.util.concurrent.ThreadPoolExecutor$Worker@5359d0cb[State = -1, empty queue]] WARN  server.GrpcLogAppender (GrpcLogAppender.java:timeoutAppendRequest(200)) - 20e3e33a-5d24-4249-a094-f5376b2f999f@group-5E7A6FC8AAB0->e2c164e2-1dc0-4b87-8a18-d27b9a4a82f5-GrpcLogAppender: appendEntries Timeout, request=20e3e33a-5d24-4249-a094-f5376b2f999f->e2c164e2-1dc0-4b87-8a18-d27b9a4a82f5#117-t1, previous=(t:1, i:22), leaderCommit=16, initializing? false, entries: <empty>
2019-09-10 12:37:30,096 [grpc-default-executor-2] INFO  impl.RaftServerProxy (RaftServerProxy.java:remove(95)) - bda12bde-a9da-41da-b7e7-5c1ce23ab93c: remove group-9A53ED4A529B:null
2019-09-10 12:37:30,100 [RatisPipelineUtilsThread] WARN  pipeline.RatisPipelineUtils (RatisPipelineUtils.java:destroyPipeline(66)) - Pipeline destroy failed for pipeline=PipelineID=f5e49e1f-983b-4678-b9f0-9a53ed4a529b dn=bda12bde-a9da-41da-b7e7-5c1ce23ab93c{ip: 192.168.34.50, host: pr-hdds-1879-pp2l2-2511026898, networkLocation: /default-rack, certSerialId: null}
2019-09-10 12:37:30,103 [grpc-default-executor-2] INFO  impl.RaftServerProxy (RaftServerProxy.java:remove(95)) - 33fcc201-48fd-47f6-879d-4d238b82d8e9: remove group-9A53ED4A529B:null
2019-09-10 12:37:30,105 [RatisPipelineUtilsThread] WARN  pipeline.RatisPipelineUtils (RatisPipelineUtils.java:destroyPipeline(66)) - Pipeline destroy failed for pipeline=PipelineID=f5e49e1f-983b-4678-b9f0-9a53ed4a529b dn=33fcc201-48fd-47f6-879d-4d238b82d8e9{ip: 192.168.34.50, host: pr-hdds-1879-pp2l2-2511026898, networkLocation: /default-rack, certSerialId: null}
2019-09-10 12:37:30,107 [grpc-default-executor-2] INFO  impl.RaftServerProxy (RaftServerProxy.java:remove(95)) - c5411d41-1b0a-4036-bc03-3ae3d66d2b07: remove group-9A53ED4A529B:null
2019-09-10 12:37:30,109 [RatisPipelineUtilsThread] WARN  pipeline.RatisPipelineUtils (RatisPipelineUtils.java:destroyPipeline(66)) - Pipeline destroy failed for pipeline=PipelineID=f5e49e1f-983b-4678-b9f0-9a53ed4a529b dn=c5411d41-1b0a-4036-bc03-3ae3d66d2b07{ip: 192.168.34.50, host: pr-hdds-1879-pp2l2-2511026898, networkLocation: /default-rack, certSerialId: null}
2019-09-10 12:37:30,109 [RatisPipelineUtilsThread] ERROR pipeline.SCMPipelineManager (Scheduler.java:lambda$schedule$1(70)) - Destroy pipeline failed for pipeline:Pipeline[ Id: f5e49e1f-983b-4678-b9f0-9a53ed4a529b, Nodes: bda12bde-a9da-41da-b7e7-5c1ce23ab93c{ip: 192.168.34.50, host: pr-hdds-1879-pp2l2-2511026898, networkLocation: /default-rack, certSerialId: null}33fcc201-48fd-47f6-879d-4d238b82d8e9{ip: 192.168.34.50, host: pr-hdds-1879-pp2l2-2511026898, networkLocation: /default-rack, certSerialId: null}c5411d41-1b0a-4036-bc03-3ae3d66d2b07{ip: 192.168.34.50, host: pr-hdds-1879-pp2l2-2511026898, networkLocation: /default-rack, certSerialId: null}, Type:RATIS, Factor:THREE, State:CLOSED]
org.apache.hadoop.hdds.scm.pipeline.PipelineNotFoundException: PipelineID=f5e49e1f-983b-4678-b9f0-9a53ed4a529b not found
	at org.apache.hadoop.hdds.scm.pipeline.PipelineStateMap.getPipeline(PipelineStateMap.java:132)
	at org.apache.hadoop.hdds.scm.pipeline.PipelineStateMap.removePipeline(PipelineStateMap.java:322)
	at org.apache.hadoop.hdds.scm.pipeline.PipelineStateManager.removePipeline(PipelineStateManager.java:107)
	at org.apache.hadoop.hdds.scm.pipeline.SCMPipelineManager.removePipeline(SCMPipelineManager.java:423)
	at org.apache.hadoop.hdds.scm.pipeline.SCMPipelineManager.destroyPipeline(SCMPipelineManager.java:409)
	at org.apache.hadoop.hdds.scm.pipeline.SCMPipelineManager.lambda$finalizeAndDestroyPipeline$0(SCMPipelineManager.java:318)
	at org.apache.hadoop.utils.Scheduler.lambda$schedule$1(Scheduler.java:68)
	at java.util.concurrent.Executors$RunnableAdapter.call(Executors.java:511)
	at java.util.concurrent.FutureTask.run(FutureTask.java:266)
	at java.util.concurrent.ScheduledThreadPoolExecutor$ScheduledFutureTask.access$201(ScheduledThreadPoolExecutor.java:180)
	at java.util.concurrent.ScheduledThreadPoolExecutor$ScheduledFutureTask.run(ScheduledThreadPoolExecutor.java:293)
	at java.util.concurrent.ThreadPoolExecutor.runWorker(ThreadPoolExecutor.java:1149)
	at java.util.concurrent.ThreadPoolExecutor$Worker.run(ThreadPoolExecutor.java:624)
	at java.lang.Thread.run(Thread.java:748)
2019-09-10 12:37:31,751 [e7ee0826-9905-44f4-ba49-d97620ca9eb2@group-5E7A6FC8AAB0-SegmentedRaftLogWorker] WARN  segmented.SegmentedRaftLogWorker (SegmentedRaftLogWorker.java:getFromFuture(90)) - Timeout 3/~
org.apache.ratis.protocol.TimeoutIOException: Timeout 10s: WriteLog:17: (t:1, i:17), STATEMACHINELOGENTRY, client-B8915AA43604, cid=50-writeStateMachineData
	at org.apache.ratis.util.IOUtils.getFromFuture(IOUtils.java:87)
	at org.apache.ratis.server.raftlog.segmented.SegmentedRaftLogWorker$StateMachineDataPolicy.getFromFuture(SegmentedRaftLogWorker.java:87)
	at org.apache.ratis.server.raftlog.segmented.SegmentedRaftLogWorker$WriteLog.execute(SegmentedRaftLogWorker.java:477)
	at org.apache.ratis.server.raftlog.segmented.SegmentedRaftLogWorker.run(SegmentedRaftLogWorker.java:289)
	at java.lang.Thread.run(Thread.java:748)
Caused by: java.util.concurrent.TimeoutException
	at java.util.concurrent.CompletableFuture.timedGet(CompletableFuture.java:1771)
	at java.util.concurrent.CompletableFuture.get(CompletableFuture.java:1915)
	at org.apache.ratis.util.IOUtils.getFromFuture(IOUtils.java:79)
	... 4 more
2019-09-10 12:37:31,772 [e2c164e2-1dc0-4b87-8a18-d27b9a4a82f5@group-5E7A6FC8AAB0-SegmentedRaftLogWorker] WARN  segmented.SegmentedRaftLogWorker (SegmentedRaftLogWorker.java:getFromFuture(90)) - Timeout 3/~
org.apache.ratis.protocol.TimeoutIOException: Timeout 10s: WriteLog:17: (t:1, i:17), STATEMACHINELOGENTRY, client-B8915AA43604, cid=50-writeStateMachineData
	at org.apache.ratis.util.IOUtils.getFromFuture(IOUtils.java:87)
	at org.apache.ratis.server.raftlog.segmented.SegmentedRaftLogWorker$StateMachineDataPolicy.getFromFuture(SegmentedRaftLogWorker.java:87)
	at org.apache.ratis.server.raftlog.segmented.SegmentedRaftLogWorker$WriteLog.execute(SegmentedRaftLogWorker.java:477)
	at org.apache.ratis.server.raftlog.segmented.SegmentedRaftLogWorker.run(SegmentedRaftLogWorker.java:289)
	at java.lang.Thread.run(Thread.java:748)
Caused by: java.util.concurrent.TimeoutException
	at java.util.concurrent.CompletableFuture.timedGet(CompletableFuture.java:1771)
	at java.util.concurrent.CompletableFuture.get(CompletableFuture.java:1915)
	at org.apache.ratis.util.IOUtils.getFromFuture(IOUtils.java:79)
	... 4 more
2019-09-10 12:37:31,888 [20e3e33a-5d24-4249-a094-f5376b2f999f@group-5E7A6FC8AAB0-SegmentedRaftLogWorker] WARN  segmented.SegmentedRaftLogWorker (SegmentedRaftLogWorker.java:getFromFuture(90)) - Timeout 3/~
org.apache.ratis.protocol.TimeoutIOException: Timeout 10s: WriteLog:18: (t:1, i:18), STATEMACHINELOGENTRY, client-B8915AA43604, cid=51-writeStateMachineData
	at org.apache.ratis.util.IOUtils.getFromFuture(IOUtils.java:87)
	at org.apache.ratis.server.raftlog.segmented.SegmentedRaftLogWorker$StateMachineDataPolicy.getFromFuture(SegmentedRaftLogWorker.java:87)
	at org.apache.ratis.server.raftlog.segmented.SegmentedRaftLogWorker$WriteLog.execute(SegmentedRaftLogWorker.java:477)
	at org.apache.ratis.server.raftlog.segmented.SegmentedRaftLogWorker.run(SegmentedRaftLogWorker.java:289)
	at java.lang.Thread.run(Thread.java:748)
Caused by: java.util.concurrent.TimeoutException
	at java.util.concurrent.CompletableFuture.timedGet(CompletableFuture.java:1771)
	at java.util.concurrent.CompletableFuture.get(CompletableFuture.java:1915)
	at org.apache.ratis.util.IOUtils.getFromFuture(IOUtils.java:79)
	... 4 more
2019-09-10 12:37:32,119 [grpc-default-executor-3] INFO  client.GrpcClientProtocolClient (GrpcClientProtocolClient.java:onNext(264)) - client-B8915AA43604->e7ee0826-9905-44f4-ba49-d97620ca9eb2: receive RaftClientReply:client-B8915AA43604->e7ee0826-9905-44f4-ba49-d97620ca9eb2@group-5E7A6FC8AAB0, cid=50, FAILED org.apache.ratis.protocol.NotLeaderException: Server e7ee0826-9905-44f4-ba49-d97620ca9eb2@group-5E7A6FC8AAB0 is not the leader 20e3e33a-5d24-4249-a094-f5376b2f999f:192.168.34.50:46569, logIndex=0, commits[e7ee0826-9905-44f4-ba49-d97620ca9eb2:c16, e2c164e2-1dc0-4b87-8a18-d27b9a4a82f5:c14, 20e3e33a-5d24-4249-a094-f5376b2f999f:c16]
2019-09-10 12:37:32,274 [java.util.concurrent.ThreadPoolExecutor$Worker@5359d0cb[State = -1, empty queue]] WARN  server.GrpcLogAppender (GrpcLogAppender.java:timeoutAppendRequest(200)) - 20e3e33a-5d24-4249-a094-f5376b2f999f@group-5E7A6FC8AAB0->e2c164e2-1dc0-4b87-8a18-d27b9a4a82f5-GrpcLogAppender: appendEntries Timeout, request=20e3e33a-5d24-4249-a094-f5376b2f999f->e2c164e2-1dc0-4b87-8a18-d27b9a4a82f5#118-t1, previous=(t:1, i:22), leaderCommit=16, initializing? false, entries: <empty>
2019-09-10 12:37:32,274 [java.util.concurrent.ThreadPoolExecutor$Worker@5ff660fa[State = -1, empty queue]] WARN  server.GrpcLogAppender (GrpcLogAppender.java:timeoutAppendRequest(200)) - 20e3e33a-5d24-4249-a094-f5376b2f999f@group-5E7A6FC8AAB0->e7ee0826-9905-44f4-ba49-d97620ca9eb2-GrpcLogAppender: appendEntries Timeout, request=20e3e33a-5d24-4249-a094-f5376b2f999f->e7ee0826-9905-44f4-ba49-d97620ca9eb2#118-t1, previous=(t:1, i:22), leaderCommit=16, initializing? false, entries: <empty>
2019-09-10 12:37:33,090 [grpc-default-executor-3] INFO  impl.RaftServerProxy (RaftServerProxy.java:remove(95)) - bda12bde-a9da-41da-b7e7-5c1ce23ab93c: remove group-9A53ED4A529B:null
2019-09-10 12:37:33,094 [RatisPipelineUtilsThread] WARN  pipeline.RatisPipelineUtils (RatisPipelineUtils.java:destroyPipeline(66)) - Pipeline destroy failed for pipeline=PipelineID=f5e49e1f-983b-4678-b9f0-9a53ed4a529b dn=bda12bde-a9da-41da-b7e7-5c1ce23ab93c{ip: 192.168.34.50, host: pr-hdds-1879-pp2l2-2511026898, networkLocation: /default-rack, certSerialId: null}
2019-09-10 12:37:33,096 [grpc-default-executor-3] INFO  impl.RaftServerProxy (RaftServerProxy.java:remove(95)) - 33fcc201-48fd-47f6-879d-4d238b82d8e9: remove group-9A53ED4A529B:null
2019-09-10 12:37:33,098 [RatisPipelineUtilsThread] WARN  pipeline.RatisPipelineUtils (RatisPipelineUtils.java:destroyPipeline(66)) - Pipeline destroy failed for pipeline=PipelineID=f5e49e1f-983b-4678-b9f0-9a53ed4a529b dn=33fcc201-48fd-47f6-879d-4d238b82d8e9{ip: 192.168.34.50, host: pr-hdds-1879-pp2l2-2511026898, networkLocation: /default-rack, certSerialId: null}
2019-09-10 12:37:33,100 [grpc-default-executor-3] INFO  impl.RaftServerProxy (RaftServerProxy.java:remove(95)) - c5411d41-1b0a-4036-bc03-3ae3d66d2b07: remove group-9A53ED4A529B:null
2019-09-10 12:37:33,101 [RatisPipelineUtilsThread] WARN  pipeline.RatisPipelineUtils (RatisPipelineUtils.java:destroyPipeline(66)) - Pipeline destroy failed for pipeline=PipelineID=f5e49e1f-983b-4678-b9f0-9a53ed4a529b dn=c5411d41-1b0a-4036-bc03-3ae3d66d2b07{ip: 192.168.34.50, host: pr-hdds-1879-pp2l2-2511026898, networkLocation: /default-rack, certSerialId: null}
2019-09-10 12:37:33,102 [RatisPipelineUtilsThread] ERROR pipeline.SCMPipelineManager (Scheduler.java:lambda$schedule$1(70)) - Destroy pipeline failed for pipeline:Pipeline[ Id: f5e49e1f-983b-4678-b9f0-9a53ed4a529b, Nodes: bda12bde-a9da-41da-b7e7-5c1ce23ab93c{ip: 192.168.34.50, host: pr-hdds-1879-pp2l2-2511026898, networkLocation: /default-rack, certSerialId: null}33fcc201-48fd-47f6-879d-4d238b82d8e9{ip: 192.168.34.50, host: pr-hdds-1879-pp2l2-2511026898, networkLocation: /default-rack, certSerialId: null}c5411d41-1b0a-4036-bc03-3ae3d66d2b07{ip: 192.168.34.50, host: pr-hdds-1879-pp2l2-2511026898, networkLocation: /default-rack, certSerialId: null}, Type:RATIS, Factor:THREE, State:CLOSED]
org.apache.hadoop.hdds.scm.pipeline.PipelineNotFoundException: PipelineID=f5e49e1f-983b-4678-b9f0-9a53ed4a529b not found
	at org.apache.hadoop.hdds.scm.pipeline.PipelineStateMap.getPipeline(PipelineStateMap.java:132)
	at org.apache.hadoop.hdds.scm.pipeline.PipelineStateMap.removePipeline(PipelineStateMap.java:322)
	at org.apache.hadoop.hdds.scm.pipeline.PipelineStateManager.removePipeline(PipelineStateManager.java:107)
	at org.apache.hadoop.hdds.scm.pipeline.SCMPipelineManager.removePipeline(SCMPipelineManager.java:423)
	at org.apache.hadoop.hdds.scm.pipeline.SCMPipelineManager.destroyPipeline(SCMPipelineManager.java:409)
	at org.apache.hadoop.hdds.scm.pipeline.SCMPipelineManager.lambda$finalizeAndDestroyPipeline$0(SCMPipelineManager.java:318)
	at org.apache.hadoop.utils.Scheduler.lambda$schedule$1(Scheduler.java:68)
	at java.util.concurrent.Executors$RunnableAdapter.call(Executors.java:511)
	at java.util.concurrent.FutureTask.run(FutureTask.java:266)
	at java.util.concurrent.ScheduledThreadPoolExecutor$ScheduledFutureTask.access$201(ScheduledThreadPoolExecutor.java:180)
	at java.util.concurrent.ScheduledThreadPoolExecutor$ScheduledFutureTask.run(ScheduledThreadPoolExecutor.java:293)
	at java.util.concurrent.ThreadPoolExecutor.runWorker(ThreadPoolExecutor.java:1149)
	at java.util.concurrent.ThreadPoolExecutor$Worker.run(ThreadPoolExecutor.java:624)
	at java.lang.Thread.run(Thread.java:748)
2019-09-10 12:37:34,775 [java.util.concurrent.ThreadPoolExecutor$Worker@5359d0cb[State = -1, empty queue]] WARN  server.GrpcLogAppender (GrpcLogAppender.java:timeoutAppendRequest(200)) - 20e3e33a-5d24-4249-a094-f5376b2f999f@group-5E7A6FC8AAB0->e2c164e2-1dc0-4b87-8a18-d27b9a4a82f5-GrpcLogAppender: appendEntries Timeout, request=20e3e33a-5d24-4249-a094-f5376b2f999f->e2c164e2-1dc0-4b87-8a18-d27b9a4a82f5#119-t1, previous=(t:1, i:22), leaderCommit=16, initializing? false, entries: <empty>
2019-09-10 12:37:34,775 [java.util.concurrent.ThreadPoolExecutor$Worker@5ff660fa[State = -1, empty queue]] WARN  server.GrpcLogAppender (GrpcLogAppender.java:timeoutAppendRequest(200)) - 20e3e33a-5d24-4249-a094-f5376b2f999f@group-5E7A6FC8AAB0->e7ee0826-9905-44f4-ba49-d97620ca9eb2-GrpcLogAppender: appendEntries Timeout, request=20e3e33a-5d24-4249-a094-f5376b2f999f->e7ee0826-9905-44f4-ba49-d97620ca9eb2#119-t1, previous=(t:1, i:22), leaderCommit=16, initializing? false, entries: <empty>
2019-09-10 12:37:35,090 [grpc-default-executor-3] INFO  impl.RaftServerProxy (RaftServerProxy.java:remove(95)) - bda12bde-a9da-41da-b7e7-5c1ce23ab93c: remove group-9A53ED4A529B:null
2019-09-10 12:37:35,093 [RatisPipelineUtilsThread] WARN  pipeline.RatisPipelineUtils (RatisPipelineUtils.java:destroyPipeline(66)) - Pipeline destroy failed for pipeline=PipelineID=f5e49e1f-983b-4678-b9f0-9a53ed4a529b dn=bda12bde-a9da-41da-b7e7-5c1ce23ab93c{ip: 192.168.34.50, host: pr-hdds-1879-pp2l2-2511026898, networkLocation: /default-rack, certSerialId: null}
2019-09-10 12:37:35,096 [grpc-default-executor-3] INFO  impl.RaftServerProxy (RaftServerProxy.java:remove(95)) - 33fcc201-48fd-47f6-879d-4d238b82d8e9: remove group-9A53ED4A529B:null
2019-09-10 12:37:35,099 [RatisPipelineUtilsThread] WARN  pipeline.RatisPipelineUtils (RatisPipelineUtils.java:destroyPipeline(66)) - Pipeline destroy failed for pipeline=PipelineID=f5e49e1f-983b-4678-b9f0-9a53ed4a529b dn=33fcc201-48fd-47f6-879d-4d238b82d8e9{ip: 192.168.34.50, host: pr-hdds-1879-pp2l2-2511026898, networkLocation: /default-rack, certSerialId: null}
2019-09-10 12:37:35,102 [grpc-default-executor-3] INFO  impl.RaftServerProxy (RaftServerProxy.java:remove(95)) - c5411d41-1b0a-4036-bc03-3ae3d66d2b07: remove group-9A53ED4A529B:null
2019-09-10 12:37:35,105 [RatisPipelineUtilsThread] WARN  pipeline.RatisPipelineUtils (RatisPipelineUtils.java:destroyPipeline(66)) - Pipeline destroy failed for pipeline=PipelineID=f5e49e1f-983b-4678-b9f0-9a53ed4a529b dn=c5411d41-1b0a-4036-bc03-3ae3d66d2b07{ip: 192.168.34.50, host: pr-hdds-1879-pp2l2-2511026898, networkLocation: /default-rack, certSerialId: null}
2019-09-10 12:37:35,105 [RatisPipelineUtilsThread] ERROR pipeline.SCMPipelineManager (Scheduler.java:lambda$schedule$1(70)) - Destroy pipeline failed for pipeline:Pipeline[ Id: f5e49e1f-983b-4678-b9f0-9a53ed4a529b, Nodes: bda12bde-a9da-41da-b7e7-5c1ce23ab93c{ip: 192.168.34.50, host: pr-hdds-1879-pp2l2-2511026898, networkLocation: /default-rack, certSerialId: null}33fcc201-48fd-47f6-879d-4d238b82d8e9{ip: 192.168.34.50, host: pr-hdds-1879-pp2l2-2511026898, networkLocation: /default-rack, certSerialId: null}c5411d41-1b0a-4036-bc03-3ae3d66d2b07{ip: 192.168.34.50, host: pr-hdds-1879-pp2l2-2511026898, networkLocation: /default-rack, certSerialId: null}, Type:RATIS, Factor:THREE, State:CLOSED]
org.apache.hadoop.hdds.scm.pipeline.PipelineNotFoundException: PipelineID=f5e49e1f-983b-4678-b9f0-9a53ed4a529b not found
	at org.apache.hadoop.hdds.scm.pipeline.PipelineStateMap.getPipeline(PipelineStateMap.java:132)
	at org.apache.hadoop.hdds.scm.pipeline.PipelineStateMap.removePipeline(PipelineStateMap.java:322)
	at org.apache.hadoop.hdds.scm.pipeline.PipelineStateManager.removePipeline(PipelineStateManager.java:107)
	at org.apache.hadoop.hdds.scm.pipeline.SCMPipelineManager.removePipeline(SCMPipelineManager.java:423)
	at org.apache.hadoop.hdds.scm.pipeline.SCMPipelineManager.destroyPipeline(SCMPipelineManager.java:409)
	at org.apache.hadoop.hdds.scm.pipeline.SCMPipelineManager.lambda$finalizeAndDestroyPipeline$0(SCMPipelineManager.java:318)
	at org.apache.hadoop.utils.Scheduler.lambda$schedule$1(Scheduler.java:68)
	at java.util.concurrent.Executors$RunnableAdapter.call(Executors.java:511)
	at java.util.concurrent.FutureTask.run(FutureTask.java:266)
	at java.util.concurrent.ScheduledThreadPoolExecutor$ScheduledFutureTask.access$201(ScheduledThreadPoolExecutor.java:180)
	at java.util.concurrent.ScheduledThreadPoolExecutor$ScheduledFutureTask.run(ScheduledThreadPoolExecutor.java:293)
	at java.util.concurrent.ThreadPoolExecutor.runWorker(ThreadPoolExecutor.java:1149)
	at java.util.concurrent.ThreadPoolExecutor$Worker.run(ThreadPoolExecutor.java:624)
	at java.lang.Thread.run(Thread.java:748)
2019-09-10 12:37:37,172 [grpc-default-executor-3] INFO  client.GrpcClientProtocolClient (GrpcClientProtocolClient.java:onNext(264)) - client-B8915AA43604->e2c164e2-1dc0-4b87-8a18-d27b9a4a82f5: receive RaftClientReply:client-B8915AA43604->e2c164e2-1dc0-4b87-8a18-d27b9a4a82f5@group-5E7A6FC8AAB0, cid=50, FAILED org.apache.ratis.protocol.NotLeaderException: Server e2c164e2-1dc0-4b87-8a18-d27b9a4a82f5@group-5E7A6FC8AAB0 is not the leader 20e3e33a-5d24-4249-a094-f5376b2f999f:192.168.34.50:46569, logIndex=0, commits[e2c164e2-1dc0-4b87-8a18-d27b9a4a82f5:c16, e7ee0826-9905-44f4-ba49-d97620ca9eb2:c14, 20e3e33a-5d24-4249-a094-f5376b2f999f:c16]
2019-09-10 12:37:37,275 [java.util.concurrent.ThreadPoolExecutor$Worker@5ff660fa[State = -1, empty queue]] WARN  server.GrpcLogAppender (GrpcLogAppender.java:timeoutAppendRequest(200)) - 20e3e33a-5d24-4249-a094-f5376b2f999f@group-5E7A6FC8AAB0->e7ee0826-9905-44f4-ba49-d97620ca9eb2-GrpcLogAppender: appendEntries Timeout, request=20e3e33a-5d24-4249-a094-f5376b2f999f->e7ee0826-9905-44f4-ba49-d97620ca9eb2#120-t1, previous=(t:1, i:22), leaderCommit=16, initializing? false, entries: <empty>
2019-09-10 12:37:37,275 [java.util.concurrent.ThreadPoolExecutor$Worker@5359d0cb[State = -1, empty queue]] WARN  server.GrpcLogAppender (GrpcLogAppender.java:timeoutAppendRequest(200)) - 20e3e33a-5d24-4249-a094-f5376b2f999f@group-5E7A6FC8AAB0->e2c164e2-1dc0-4b87-8a18-d27b9a4a82f5-GrpcLogAppender: appendEntries Timeout, request=20e3e33a-5d24-4249-a094-f5376b2f999f->e2c164e2-1dc0-4b87-8a18-d27b9a4a82f5#120-t1, previous=(t:1, i:22), leaderCommit=16, initializing? false, entries: <empty>
2019-09-10 12:37:38,088 [grpc-default-executor-3] INFO  impl.RaftServerProxy (RaftServerProxy.java:remove(95)) - bda12bde-a9da-41da-b7e7-5c1ce23ab93c: remove group-9A53ED4A529B:null
2019-09-10 12:37:38,091 [RatisPipelineUtilsThread] WARN  pipeline.RatisPipelineUtils (RatisPipelineUtils.java:destroyPipeline(66)) - Pipeline destroy failed for pipeline=PipelineID=f5e49e1f-983b-4678-b9f0-9a53ed4a529b dn=bda12bde-a9da-41da-b7e7-5c1ce23ab93c{ip: 192.168.34.50, host: pr-hdds-1879-pp2l2-2511026898, networkLocation: /default-rack, certSerialId: null}
2019-09-10 12:37:38,094 [grpc-default-executor-3] INFO  impl.RaftServerProxy (RaftServerProxy.java:remove(95)) - 33fcc201-48fd-47f6-879d-4d238b82d8e9: remove group-9A53ED4A529B:null
2019-09-10 12:37:38,096 [RatisPipelineUtilsThread] WARN  pipeline.RatisPipelineUtils (RatisPipelineUtils.java:destroyPipeline(66)) - Pipeline destroy failed for pipeline=PipelineID=f5e49e1f-983b-4678-b9f0-9a53ed4a529b dn=33fcc201-48fd-47f6-879d-4d238b82d8e9{ip: 192.168.34.50, host: pr-hdds-1879-pp2l2-2511026898, networkLocation: /default-rack, certSerialId: null}
2019-09-10 12:37:38,098 [grpc-default-executor-3] INFO  impl.RaftServerProxy (RaftServerProxy.java:remove(95)) - c5411d41-1b0a-4036-bc03-3ae3d66d2b07: remove group-9A53ED4A529B:null
2019-09-10 12:37:38,100 [RatisPipelineUtilsThread] WARN  pipeline.RatisPipelineUtils (RatisPipelineUtils.java:destroyPipeline(66)) - Pipeline destroy failed for pipeline=PipelineID=f5e49e1f-983b-4678-b9f0-9a53ed4a529b dn=c5411d41-1b0a-4036-bc03-3ae3d66d2b07{ip: 192.168.34.50, host: pr-hdds-1879-pp2l2-2511026898, networkLocation: /default-rack, certSerialId: null}
2019-09-10 12:37:38,100 [RatisPipelineUtilsThread] ERROR pipeline.SCMPipelineManager (Scheduler.java:lambda$schedule$1(70)) - Destroy pipeline failed for pipeline:Pipeline[ Id: f5e49e1f-983b-4678-b9f0-9a53ed4a529b, Nodes: bda12bde-a9da-41da-b7e7-5c1ce23ab93c{ip: 192.168.34.50, host: pr-hdds-1879-pp2l2-2511026898, networkLocation: /default-rack, certSerialId: null}33fcc201-48fd-47f6-879d-4d238b82d8e9{ip: 192.168.34.50, host: pr-hdds-1879-pp2l2-2511026898, networkLocation: /default-rack, certSerialId: null}c5411d41-1b0a-4036-bc03-3ae3d66d2b07{ip: 192.168.34.50, host: pr-hdds-1879-pp2l2-2511026898, networkLocation: /default-rack, certSerialId: null}, Type:RATIS, Factor:THREE, State:CLOSED]
org.apache.hadoop.hdds.scm.pipeline.PipelineNotFoundException: PipelineID=f5e49e1f-983b-4678-b9f0-9a53ed4a529b not found
	at org.apache.hadoop.hdds.scm.pipeline.PipelineStateMap.getPipeline(PipelineStateMap.java:132)
	at org.apache.hadoop.hdds.scm.pipeline.PipelineStateMap.removePipeline(PipelineStateMap.java:322)
	at org.apache.hadoop.hdds.scm.pipeline.PipelineStateManager.removePipeline(PipelineStateManager.java:107)
	at org.apache.hadoop.hdds.scm.pipeline.SCMPipelineManager.removePipeline(SCMPipelineManager.java:423)
	at org.apache.hadoop.hdds.scm.pipeline.SCMPipelineManager.destroyPipeline(SCMPipelineManager.java:409)
	at org.apache.hadoop.hdds.scm.pipeline.SCMPipelineManager.lambda$finalizeAndDestroyPipeline$0(SCMPipelineManager.java:318)
	at org.apache.hadoop.utils.Scheduler.lambda$schedule$1(Scheduler.java:68)
	at java.util.concurrent.Executors$RunnableAdapter.call(Executors.java:511)
	at java.util.concurrent.FutureTask.run(FutureTask.java:266)
	at java.util.concurrent.ScheduledThreadPoolExecutor$ScheduledFutureTask.access$201(ScheduledThreadPoolExecutor.java:180)
	at java.util.concurrent.ScheduledThreadPoolExecutor$ScheduledFutureTask.run(ScheduledThreadPoolExecutor.java:293)
	at java.util.concurrent.ThreadPoolExecutor.runWorker(ThreadPoolExecutor.java:1149)
	at java.util.concurrent.ThreadPoolExecutor$Worker.run(ThreadPoolExecutor.java:624)
	at java.lang.Thread.run(Thread.java:748)
2019-09-10 12:37:39,776 [java.util.concurrent.ThreadPoolExecutor$Worker@5359d0cb[State = -1, empty queue]] WARN  server.GrpcLogAppender (GrpcLogAppender.java:timeoutAppendRequest(200)) - 20e3e33a-5d24-4249-a094-f5376b2f999f@group-5E7A6FC8AAB0->e2c164e2-1dc0-4b87-8a18-d27b9a4a82f5-GrpcLogAppender: appendEntries Timeout, request=20e3e33a-5d24-4249-a094-f5376b2f999f->e2c164e2-1dc0-4b87-8a18-d27b9a4a82f5#121-t1, previous=(t:1, i:22), leaderCommit=16, initializing? false, entries: <empty>
2019-09-10 12:37:39,776 [java.util.concurrent.ThreadPoolExecutor$Worker@5ff660fa[State = -1, empty queue]] WARN  server.GrpcLogAppender (GrpcLogAppender.java:timeoutAppendRequest(200)) - 20e3e33a-5d24-4249-a094-f5376b2f999f@group-5E7A6FC8AAB0->e7ee0826-9905-44f4-ba49-d97620ca9eb2-GrpcLogAppender: appendEntries Timeout, request=20e3e33a-5d24-4249-a094-f5376b2f999f->e7ee0826-9905-44f4-ba49-d97620ca9eb2#121-t1, previous=(t:1, i:22), leaderCommit=16, initializing? false, entries: <empty>
2019-09-10 12:37:40,091 [grpc-default-executor-2] INFO  impl.RaftServerProxy (RaftServerProxy.java:remove(95)) - bda12bde-a9da-41da-b7e7-5c1ce23ab93c: remove group-9A53ED4A529B:null
2019-09-10 12:37:40,095 [RatisPipelineUtilsThread] WARN  pipeline.RatisPipelineUtils (RatisPipelineUtils.java:destroyPipeline(66)) - Pipeline destroy failed for pipeline=PipelineID=f5e49e1f-983b-4678-b9f0-9a53ed4a529b dn=bda12bde-a9da-41da-b7e7-5c1ce23ab93c{ip: 192.168.34.50, host: pr-hdds-1879-pp2l2-2511026898, networkLocation: /default-rack, certSerialId: null}
2019-09-10 12:37:40,099 [grpc-default-executor-2] INFO  impl.RaftServerProxy (RaftServerProxy.java:remove(95)) - 33fcc201-48fd-47f6-879d-4d238b82d8e9: remove group-9A53ED4A529B:null
2019-09-10 12:37:40,101 [RatisPipelineUtilsThread] WARN  pipeline.RatisPipelineUtils (RatisPipelineUtils.java:destroyPipeline(66)) - Pipeline destroy failed for pipeline=PipelineID=f5e49e1f-983b-4678-b9f0-9a53ed4a529b dn=33fcc201-48fd-47f6-879d-4d238b82d8e9{ip: 192.168.34.50, host: pr-hdds-1879-pp2l2-2511026898, networkLocation: /default-rack, certSerialId: null}
2019-09-10 12:37:40,104 [grpc-default-executor-2] INFO  impl.RaftServerProxy (RaftServerProxy.java:remove(95)) - c5411d41-1b0a-4036-bc03-3ae3d66d2b07: remove group-9A53ED4A529B:null
2019-09-10 12:37:40,106 [RatisPipelineUtilsThread] WARN  pipeline.RatisPipelineUtils (RatisPipelineUtils.java:destroyPipeline(66)) - Pipeline destroy failed for pipeline=PipelineID=f5e49e1f-983b-4678-b9f0-9a53ed4a529b dn=c5411d41-1b0a-4036-bc03-3ae3d66d2b07{ip: 192.168.34.50, host: pr-hdds-1879-pp2l2-2511026898, networkLocation: /default-rack, certSerialId: null}
2019-09-10 12:37:41,752 [e7ee0826-9905-44f4-ba49-d97620ca9eb2@group-5E7A6FC8AAB0-SegmentedRaftLogWorker] WARN  segmented.SegmentedRaftLogWorker (SegmentedRaftLogWorker.java:getFromFuture(90)) - Timeout 4/~
org.apache.ratis.protocol.TimeoutIOException: Timeout 10s: WriteLog:17: (t:1, i:17), STATEMACHINELOGENTRY, client-B8915AA43604, cid=50-writeStateMachineData
	at org.apache.ratis.util.IOUtils.getFromFuture(IOUtils.java:87)
	at org.apache.ratis.server.raftlog.segmented.SegmentedRaftLogWorker$StateMachineDataPolicy.getFromFuture(SegmentedRaftLogWorker.java:87)
	at org.apache.ratis.server.raftlog.segmented.SegmentedRaftLogWorker$WriteLog.execute(SegmentedRaftLogWorker.java:477)
	at org.apache.ratis.server.raftlog.segmented.SegmentedRaftLogWorker.run(SegmentedRaftLogWorker.java:289)
	at java.lang.Thread.run(Thread.java:748)
Caused by: java.util.concurrent.TimeoutException
	at java.util.concurrent.CompletableFuture.timedGet(CompletableFuture.java:1771)
	at java.util.concurrent.CompletableFuture.get(CompletableFuture.java:1915)
	at org.apache.ratis.util.IOUtils.getFromFuture(IOUtils.java:79)
	... 4 more
2019-09-10 12:37:41,773 [e2c164e2-1dc0-4b87-8a18-d27b9a4a82f5@group-5E7A6FC8AAB0-SegmentedRaftLogWorker] WARN  segmented.SegmentedRaftLogWorker (SegmentedRaftLogWorker.java:getFromFuture(90)) - Timeout 4/~
org.apache.ratis.protocol.TimeoutIOException: Timeout 10s: WriteLog:17: (t:1, i:17), STATEMACHINELOGENTRY, client-B8915AA43604, cid=50-writeStateMachineData
	at org.apache.ratis.util.IOUtils.getFromFuture(IOUtils.java:87)
	at org.apache.ratis.server.raftlog.segmented.SegmentedRaftLogWorker$StateMachineDataPolicy.getFromFuture(SegmentedRaftLogWorker.java:87)
	at org.apache.ratis.server.raftlog.segmented.SegmentedRaftLogWorker$WriteLog.execute(SegmentedRaftLogWorker.java:477)
	at org.apache.ratis.server.raftlog.segmented.SegmentedRaftLogWorker.run(SegmentedRaftLogWorker.java:289)
	at java.lang.Thread.run(Thread.java:748)
Caused by: java.util.concurrent.TimeoutException
	at java.util.concurrent.CompletableFuture.timedGet(CompletableFuture.java:1771)
	at java.util.concurrent.CompletableFuture.get(CompletableFuture.java:1915)
	at org.apache.ratis.util.IOUtils.getFromFuture(IOUtils.java:79)
	... 4 more
2019-09-10 12:37:41,889 [20e3e33a-5d24-4249-a094-f5376b2f999f@group-5E7A6FC8AAB0-SegmentedRaftLogWorker] WARN  segmented.SegmentedRaftLogWorker (SegmentedRaftLogWorker.java:getFromFuture(90)) - Timeout 4/~
org.apache.ratis.protocol.TimeoutIOException: Timeout 10s: WriteLog:18: (t:1, i:18), STATEMACHINELOGENTRY, client-B8915AA43604, cid=51-writeStateMachineData
	at org.apache.ratis.util.IOUtils.getFromFuture(IOUtils.java:87)
	at org.apache.ratis.server.raftlog.segmented.SegmentedRaftLogWorker$StateMachineDataPolicy.getFromFuture(SegmentedRaftLogWorker.java:87)
	at org.apache.ratis.server.raftlog.segmented.SegmentedRaftLogWorker$WriteLog.execute(SegmentedRaftLogWorker.java:477)
	at org.apache.ratis.server.raftlog.segmented.SegmentedRaftLogWorker.run(SegmentedRaftLogWorker.java:289)
	at java.lang.Thread.run(Thread.java:748)
Caused by: java.util.concurrent.TimeoutException
	at java.util.concurrent.CompletableFuture.timedGet(CompletableFuture.java:1771)
	at java.util.concurrent.CompletableFuture.get(CompletableFuture.java:1915)
	at org.apache.ratis.util.IOUtils.getFromFuture(IOUtils.java:79)
	... 4 more
2019-09-10 12:37:42,211 [grpc-default-executor-2] INFO  client.GrpcClientProtocolClient (GrpcClientProtocolClient.java:onNext(264)) - client-B8915AA43604->e2c164e2-1dc0-4b87-8a18-d27b9a4a82f5: receive RaftClientReply:client-B8915AA43604->e2c164e2-1dc0-4b87-8a18-d27b9a4a82f5@group-5E7A6FC8AAB0, cid=50, FAILED org.apache.ratis.protocol.NotLeaderException: Server e2c164e2-1dc0-4b87-8a18-d27b9a4a82f5@group-5E7A6FC8AAB0 is not the leader 20e3e33a-5d24-4249-a094-f5376b2f999f:192.168.34.50:46569, logIndex=0, commits[e2c164e2-1dc0-4b87-8a18-d27b9a4a82f5:c16, e7ee0826-9905-44f4-ba49-d97620ca9eb2:c14, 20e3e33a-5d24-4249-a094-f5376b2f999f:c16]
2019-09-10 12:37:42,276 [java.util.concurrent.ThreadPoolExecutor$Worker@5ff660fa[State = -1, empty queue]] WARN  server.GrpcLogAppender (GrpcLogAppender.java:timeoutAppendRequest(200)) - 20e3e33a-5d24-4249-a094-f5376b2f999f@group-5E7A6FC8AAB0->e7ee0826-9905-44f4-ba49-d97620ca9eb2-GrpcLogAppender: appendEntries Timeout, request=20e3e33a-5d24-4249-a094-f5376b2f999f->e7ee0826-9905-44f4-ba49-d97620ca9eb2#122-t1, previous=(t:1, i:22), leaderCommit=16, initializing? false, entries: <empty>
2019-09-10 12:37:42,276 [java.util.concurrent.ThreadPoolExecutor$Worker@5359d0cb[State = -1, empty queue]] WARN  server.GrpcLogAppender (GrpcLogAppender.java:timeoutAppendRequest(200)) - 20e3e33a-5d24-4249-a094-f5376b2f999f@group-5E7A6FC8AAB0->e2c164e2-1dc0-4b87-8a18-d27b9a4a82f5-GrpcLogAppender: appendEntries Timeout, request=20e3e33a-5d24-4249-a094-f5376b2f999f->e2c164e2-1dc0-4b87-8a18-d27b9a4a82f5#122-t1, previous=(t:1, i:22), leaderCommit=16, initializing? false, entries: <empty>
2019-09-10 12:37:43,348 [RatisPipelineUtilsThread] ERROR pipeline.SCMPipelineManager (Scheduler.java:lambda$schedule$1(70)) - Destroy pipeline failed for pipeline:Pipeline[ Id: f5e49e1f-983b-4678-b9f0-9a53ed4a529b, Nodes: bda12bde-a9da-41da-b7e7-5c1ce23ab93c{ip: 192.168.34.50, host: pr-hdds-1879-pp2l2-2511026898, networkLocation: /default-rack, certSerialId: null}33fcc201-48fd-47f6-879d-4d238b82d8e9{ip: 192.168.34.50, host: pr-hdds-1879-pp2l2-2511026898, networkLocation: /default-rack, certSerialId: null}c5411d41-1b0a-4036-bc03-3ae3d66d2b07{ip: 192.168.34.50, host: pr-hdds-1879-pp2l2-2511026898, networkLocation: /default-rack, certSerialId: null}, Type:RATIS, Factor:THREE, State:CLOSED]
org.apache.hadoop.hdds.scm.pipeline.PipelineNotFoundException: PipelineID=f5e49e1f-983b-4678-b9f0-9a53ed4a529b not found
	at org.apache.hadoop.hdds.scm.pipeline.PipelineStateMap.getPipeline(PipelineStateMap.java:132)
	at org.apache.hadoop.hdds.scm.pipeline.PipelineStateMap.removePipeline(PipelineStateMap.java:322)
	at org.apache.hadoop.hdds.scm.pipeline.PipelineStateManager.removePipeline(PipelineStateManager.java:107)
	at org.apache.hadoop.hdds.scm.pipeline.SCMPipelineManager.removePipeline(SCMPipelineManager.java:423)
	at org.apache.hadoop.hdds.scm.pipeline.SCMPipelineManager.destroyPipeline(SCMPipelineManager.java:409)
	at org.apache.hadoop.hdds.scm.pipeline.SCMPipelineManager.lambda$finalizeAndDestroyPipeline$0(SCMPipelineManager.java:318)
	at org.apache.hadoop.utils.Scheduler.lambda$schedule$1(Scheduler.java:68)
	at java.util.concurrent.Executors$RunnableAdapter.call(Executors.java:511)
	at java.util.concurrent.FutureTask.run(FutureTask.java:266)
	at java.util.concurrent.ScheduledThreadPoolExecutor$ScheduledFutureTask.access$201(ScheduledThreadPoolExecutor.java:180)
	at java.util.concurrent.ScheduledThreadPoolExecutor$ScheduledFutureTask.run(ScheduledThreadPoolExecutor.java:293)
	at java.util.concurrent.ThreadPoolExecutor.runWorker(ThreadPoolExecutor.java:1149)
	at java.util.concurrent.ThreadPoolExecutor$Worker.run(ThreadPoolExecutor.java:624)
	at java.lang.Thread.run(Thread.java:748)
2019-09-10 12:37:43,355 [grpc-default-executor-2] INFO  impl.RaftServerProxy (RaftServerProxy.java:remove(95)) - bda12bde-a9da-41da-b7e7-5c1ce23ab93c: remove group-9A53ED4A529B:null
2019-09-10 12:37:43,359 [RatisPipelineUtilsThread] WARN  pipeline.RatisPipelineUtils (RatisPipelineUtils.java:destroyPipeline(66)) - Pipeline destroy failed for pipeline=PipelineID=f5e49e1f-983b-4678-b9f0-9a53ed4a529b dn=bda12bde-a9da-41da-b7e7-5c1ce23ab93c{ip: 192.168.34.50, host: pr-hdds-1879-pp2l2-2511026898, networkLocation: /default-rack, certSerialId: null}
2019-09-10 12:37:43,362 [grpc-default-executor-2] INFO  impl.RaftServerProxy (RaftServerProxy.java:remove(95)) - 33fcc201-48fd-47f6-879d-4d238b82d8e9: remove group-9A53ED4A529B:null
2019-09-10 12:37:43,364 [RatisPipelineUtilsThread] WARN  pipeline.RatisPipelineUtils (RatisPipelineUtils.java:destroyPipeline(66)) - Pipeline destroy failed for pipeline=PipelineID=f5e49e1f-983b-4678-b9f0-9a53ed4a529b dn=33fcc201-48fd-47f6-879d-4d238b82d8e9{ip: 192.168.34.50, host: pr-hdds-1879-pp2l2-2511026898, networkLocation: /default-rack, certSerialId: null}
2019-09-10 12:37:43,366 [grpc-default-executor-2] INFO  impl.RaftServerProxy (RaftServerProxy.java:remove(95)) - c5411d41-1b0a-4036-bc03-3ae3d66d2b07: remove group-9A53ED4A529B:null
2019-09-10 12:37:43,368 [RatisPipelineUtilsThread] WARN  pipeline.RatisPipelineUtils (RatisPipelineUtils.java:destroyPipeline(66)) - Pipeline destroy failed for pipeline=PipelineID=f5e49e1f-983b-4678-b9f0-9a53ed4a529b dn=c5411d41-1b0a-4036-bc03-3ae3d66d2b07{ip: 192.168.34.50, host: pr-hdds-1879-pp2l2-2511026898, networkLocation: /default-rack, certSerialId: null}
2019-09-10 12:37:43,368 [RatisPipelineUtilsThread] ERROR pipeline.SCMPipelineManager (Scheduler.java:lambda$schedule$1(70)) - Destroy pipeline failed for pipeline:Pipeline[ Id: f5e49e1f-983b-4678-b9f0-9a53ed4a529b, Nodes: bda12bde-a9da-41da-b7e7-5c1ce23ab93c{ip: 192.168.34.50, host: pr-hdds-1879-pp2l2-2511026898, networkLocation: /default-rack, certSerialId: null}33fcc201-48fd-47f6-879d-4d238b82d8e9{ip: 192.168.34.50, host: pr-hdds-1879-pp2l2-2511026898, networkLocation: /default-rack, certSerialId: null}c5411d41-1b0a-4036-bc03-3ae3d66d2b07{ip: 192.168.34.50, host: pr-hdds-1879-pp2l2-2511026898, networkLocation: /default-rack, certSerialId: null}, Type:RATIS, Factor:THREE, State:CLOSED]
org.apache.hadoop.hdds.scm.pipeline.PipelineNotFoundException: PipelineID=f5e49e1f-983b-4678-b9f0-9a53ed4a529b not found
	at org.apache.hadoop.hdds.scm.pipeline.PipelineStateMap.getPipeline(PipelineStateMap.java:132)
	at org.apache.hadoop.hdds.scm.pipeline.PipelineStateMap.removePipeline(PipelineStateMap.java:322)
	at org.apache.hadoop.hdds.scm.pipeline.PipelineStateManager.removePipeline(PipelineStateManager.java:107)
	at org.apache.hadoop.hdds.scm.pipeline.SCMPipelineManager.removePipeline(SCMPipelineManager.java:423)
	at org.apache.hadoop.hdds.scm.pipeline.SCMPipelineManager.destroyPipeline(SCMPipelineManager.java:409)
	at org.apache.hadoop.hdds.scm.pipeline.SCMPipelineManager.lambda$finalizeAndDestroyPipeline$0(SCMPipelineManager.java:318)
	at org.apache.hadoop.utils.Scheduler.lambda$schedule$1(Scheduler.java:68)
	at java.util.concurrent.Executors$RunnableAdapter.call(Executors.java:511)
	at java.util.concurrent.FutureTask.run(FutureTask.java:266)
	at java.util.concurrent.ScheduledThreadPoolExecutor$ScheduledFutureTask.access$201(ScheduledThreadPoolExecutor.java:180)
	at java.util.concurrent.ScheduledThreadPoolExecutor$ScheduledFutureTask.run(ScheduledThreadPoolExecutor.java:293)
	at java.util.concurrent.ThreadPoolExecutor.runWorker(ThreadPoolExecutor.java:1149)
	at java.util.concurrent.ThreadPoolExecutor$Worker.run(ThreadPoolExecutor.java:624)
	at java.lang.Thread.run(Thread.java:748)
2019-09-10 12:37:44,778 [java.util.concurrent.ThreadPoolExecutor$Worker@5ff660fa[State = -1, empty queue]] WARN  server.GrpcLogAppender (GrpcLogAppender.java:timeoutAppendRequest(200)) - 20e3e33a-5d24-4249-a094-f5376b2f999f@group-5E7A6FC8AAB0->e7ee0826-9905-44f4-ba49-d97620ca9eb2-GrpcLogAppender: appendEntries Timeout, request=20e3e33a-5d24-4249-a094-f5376b2f999f->e7ee0826-9905-44f4-ba49-d97620ca9eb2#123-t1, previous=(t:1, i:22), leaderCommit=16, initializing? false, entries: <empty>
2019-09-10 12:37:44,778 [java.util.concurrent.ThreadPoolExecutor$Worker@5359d0cb[State = -1, empty queue]] WARN  server.GrpcLogAppender (GrpcLogAppender.java:timeoutAppendRequest(200)) - 20e3e33a-5d24-4249-a094-f5376b2f999f@group-5E7A6FC8AAB0->e2c164e2-1dc0-4b87-8a18-d27b9a4a82f5-GrpcLogAppender: appendEntries Timeout, request=20e3e33a-5d24-4249-a094-f5376b2f999f->e2c164e2-1dc0-4b87-8a18-d27b9a4a82f5#123-t1, previous=(t:1, i:22), leaderCommit=16, initializing? false, entries: <empty>
2019-09-10 12:37:45,095 [grpc-default-executor-3] INFO  impl.RaftServerProxy (RaftServerProxy.java:remove(95)) - bda12bde-a9da-41da-b7e7-5c1ce23ab93c: remove group-9A53ED4A529B:null
2019-09-10 12:37:45,099 [RatisPipelineUtilsThread] WARN  pipeline.RatisPipelineUtils (RatisPipelineUtils.java:destroyPipeline(66)) - Pipeline destroy failed for pipeline=PipelineID=f5e49e1f-983b-4678-b9f0-9a53ed4a529b dn=bda12bde-a9da-41da-b7e7-5c1ce23ab93c{ip: 192.168.34.50, host: pr-hdds-1879-pp2l2-2511026898, networkLocation: /default-rack, certSerialId: null}
2019-09-10 12:37:45,102 [grpc-default-executor-3] INFO  impl.RaftServerProxy (RaftServerProxy.java:remove(95)) - 33fcc201-48fd-47f6-879d-4d238b82d8e9: remove group-9A53ED4A529B:null
2019-09-10 12:37:45,104 [RatisPipelineUtilsThread] WARN  pipeline.RatisPipelineUtils (RatisPipelineUtils.java:destroyPipeline(66)) - Pipeline destroy failed for pipeline=PipelineID=f5e49e1f-983b-4678-b9f0-9a53ed4a529b dn=33fcc201-48fd-47f6-879d-4d238b82d8e9{ip: 192.168.34.50, host: pr-hdds-1879-pp2l2-2511026898, networkLocation: /default-rack, certSerialId: null}
2019-09-10 12:37:45,106 [grpc-default-executor-3] INFO  impl.RaftServerProxy (RaftServerProxy.java:remove(95)) - c5411d41-1b0a-4036-bc03-3ae3d66d2b07: remove group-9A53ED4A529B:null
2019-09-10 12:37:45,109 [RatisPipelineUtilsThread] WARN  pipeline.RatisPipelineUtils (RatisPipelineUtils.java:destroyPipeline(66)) - Pipeline destroy failed for pipeline=PipelineID=f5e49e1f-983b-4678-b9f0-9a53ed4a529b dn=c5411d41-1b0a-4036-bc03-3ae3d66d2b07{ip: 192.168.34.50, host: pr-hdds-1879-pp2l2-2511026898, networkLocation: /default-rack, certSerialId: null}
2019-09-10 12:37:45,109 [RatisPipelineUtilsThread] ERROR pipeline.SCMPipelineManager (Scheduler.java:lambda$schedule$1(70)) - Destroy pipeline failed for pipeline:Pipeline[ Id: f5e49e1f-983b-4678-b9f0-9a53ed4a529b, Nodes: bda12bde-a9da-41da-b7e7-5c1ce23ab93c{ip: 192.168.34.50, host: pr-hdds-1879-pp2l2-2511026898, networkLocation: /default-rack, certSerialId: null}33fcc201-48fd-47f6-879d-4d238b82d8e9{ip: 192.168.34.50, host: pr-hdds-1879-pp2l2-2511026898, networkLocation: /default-rack, certSerialId: null}c5411d41-1b0a-4036-bc03-3ae3d66d2b07{ip: 192.168.34.50, host: pr-hdds-1879-pp2l2-2511026898, networkLocation: /default-rack, certSerialId: null}, Type:RATIS, Factor:THREE, State:CLOSED]
org.apache.hadoop.hdds.scm.pipeline.PipelineNotFoundException: PipelineID=f5e49e1f-983b-4678-b9f0-9a53ed4a529b not found
	at org.apache.hadoop.hdds.scm.pipeline.PipelineStateMap.getPipeline(PipelineStateMap.java:132)
	at org.apache.hadoop.hdds.scm.pipeline.PipelineStateMap.removePipeline(PipelineStateMap.java:322)
	at org.apache.hadoop.hdds.scm.pipeline.PipelineStateManager.removePipeline(PipelineStateManager.java:107)
	at org.apache.hadoop.hdds.scm.pipeline.SCMPipelineManager.removePipeline(SCMPipelineManager.java:423)
	at org.apache.hadoop.hdds.scm.pipeline.SCMPipelineManager.destroyPipeline(SCMPipelineManager.java:409)
	at org.apache.hadoop.hdds.scm.pipeline.SCMPipelineManager.lambda$finalizeAndDestroyPipeline$0(SCMPipelineManager.java:318)
	at org.apache.hadoop.utils.Scheduler.lambda$schedule$1(Scheduler.java:68)
	at java.util.concurrent.Executors$RunnableAdapter.call(Executors.java:511)
	at java.util.concurrent.FutureTask.run(FutureTask.java:266)
	at java.util.concurrent.ScheduledThreadPoolExecutor$ScheduledFutureTask.access$201(ScheduledThreadPoolExecutor.java:180)
	at java.util.concurrent.ScheduledThreadPoolExecutor$ScheduledFutureTask.run(ScheduledThreadPoolExecutor.java:293)
	at java.util.concurrent.ThreadPoolExecutor.runWorker(ThreadPoolExecutor.java:1149)
	at java.util.concurrent.ThreadPoolExecutor$Worker.run(ThreadPoolExecutor.java:624)
	at java.lang.Thread.run(Thread.java:748)
2019-09-10 12:37:47,262 [grpc-default-executor-3] INFO  client.GrpcClientProtocolClient (GrpcClientProtocolClient.java:onNext(264)) - client-B8915AA43604->e7ee0826-9905-44f4-ba49-d97620ca9eb2: receive RaftClientReply:client-B8915AA43604->e7ee0826-9905-44f4-ba49-d97620ca9eb2@group-5E7A6FC8AAB0, cid=50, FAILED org.apache.ratis.protocol.NotLeaderException: Server e7ee0826-9905-44f4-ba49-d97620ca9eb2@group-5E7A6FC8AAB0 is not the leader 20e3e33a-5d24-4249-a094-f5376b2f999f:192.168.34.50:46569, logIndex=0, commits[e7ee0826-9905-44f4-ba49-d97620ca9eb2:c16, e2c164e2-1dc0-4b87-8a18-d27b9a4a82f5:c14, 20e3e33a-5d24-4249-a094-f5376b2f999f:c16]
2019-09-10 12:37:47,278 [java.util.concurrent.ThreadPoolExecutor$Worker@5ff660fa[State = -1, empty queue]] WARN  server.GrpcLogAppender (GrpcLogAppender.java:timeoutAppendRequest(200)) - 20e3e33a-5d24-4249-a094-f5376b2f999f@group-5E7A6FC8AAB0->e7ee0826-9905-44f4-ba49-d97620ca9eb2-GrpcLogAppender: appendEntries Timeout, request=20e3e33a-5d24-4249-a094-f5376b2f999f->e7ee0826-9905-44f4-ba49-d97620ca9eb2#124-t1, previous=(t:1, i:22), leaderCommit=16, initializing? false, entries: <empty>
2019-09-10 12:37:47,278 [java.util.concurrent.ThreadPoolExecutor$Worker@5359d0cb[State = -1, empty queue]] WARN  server.GrpcLogAppender (GrpcLogAppender.java:timeoutAppendRequest(200)) - 20e3e33a-5d24-4249-a094-f5376b2f999f@group-5E7A6FC8AAB0->e2c164e2-1dc0-4b87-8a18-d27b9a4a82f5-GrpcLogAppender: appendEntries Timeout, request=20e3e33a-5d24-4249-a094-f5376b2f999f->e2c164e2-1dc0-4b87-8a18-d27b9a4a82f5#124-t1, previous=(t:1, i:22), leaderCommit=16, initializing? false, entries: <empty>
2019-09-10 12:37:48,093 [grpc-default-executor-2] INFO  impl.RaftServerProxy (RaftServerProxy.java:remove(95)) - bda12bde-a9da-41da-b7e7-5c1ce23ab93c: remove group-9A53ED4A529B:null
2019-09-10 12:37:48,097 [RatisPipelineUtilsThread] WARN  pipeline.RatisPipelineUtils (RatisPipelineUtils.java:destroyPipeline(66)) - Pipeline destroy failed for pipeline=PipelineID=f5e49e1f-983b-4678-b9f0-9a53ed4a529b dn=bda12bde-a9da-41da-b7e7-5c1ce23ab93c{ip: 192.168.34.50, host: pr-hdds-1879-pp2l2-2511026898, networkLocation: /default-rack, certSerialId: null}
2019-09-10 12:37:48,100 [grpc-default-executor-2] INFO  impl.RaftServerProxy (RaftServerProxy.java:remove(95)) - 33fcc201-48fd-47f6-879d-4d238b82d8e9: remove group-9A53ED4A529B:null
2019-09-10 12:37:48,102 [RatisPipelineUtilsThread] WARN  pipeline.RatisPipelineUtils (RatisPipelineUtils.java:destroyPipeline(66)) - Pipeline destroy failed for pipeline=PipelineID=f5e49e1f-983b-4678-b9f0-9a53ed4a529b dn=33fcc201-48fd-47f6-879d-4d238b82d8e9{ip: 192.168.34.50, host: pr-hdds-1879-pp2l2-2511026898, networkLocation: /default-rack, certSerialId: null}
2019-09-10 12:37:48,104 [grpc-default-executor-2] INFO  impl.RaftServerProxy (RaftServerProxy.java:remove(95)) - c5411d41-1b0a-4036-bc03-3ae3d66d2b07: remove group-9A53ED4A529B:null
2019-09-10 12:37:48,107 [RatisPipelineUtilsThread] WARN  pipeline.RatisPipelineUtils (RatisPipelineUtils.java:destroyPipeline(66)) - Pipeline destroy failed for pipeline=PipelineID=f5e49e1f-983b-4678-b9f0-9a53ed4a529b dn=c5411d41-1b0a-4036-bc03-3ae3d66d2b07{ip: 192.168.34.50, host: pr-hdds-1879-pp2l2-2511026898, networkLocation: /default-rack, certSerialId: null}
2019-09-10 12:37:48,107 [RatisPipelineUtilsThread] ERROR pipeline.SCMPipelineManager (Scheduler.java:lambda$schedule$1(70)) - Destroy pipeline failed for pipeline:Pipeline[ Id: f5e49e1f-983b-4678-b9f0-9a53ed4a529b, Nodes: bda12bde-a9da-41da-b7e7-5c1ce23ab93c{ip: 192.168.34.50, host: pr-hdds-1879-pp2l2-2511026898, networkLocation: /default-rack, certSerialId: null}33fcc201-48fd-47f6-879d-4d238b82d8e9{ip: 192.168.34.50, host: pr-hdds-1879-pp2l2-2511026898, networkLocation: /default-rack, certSerialId: null}c5411d41-1b0a-4036-bc03-3ae3d66d2b07{ip: 192.168.34.50, host: pr-hdds-1879-pp2l2-2511026898, networkLocation: /default-rack, certSerialId: null}, Type:RATIS, Factor:THREE, State:CLOSED]
org.apache.hadoop.hdds.scm.pipeline.PipelineNotFoundException: PipelineID=f5e49e1f-983b-4678-b9f0-9a53ed4a529b not found
	at org.apache.hadoop.hdds.scm.pipeline.PipelineStateMap.getPipeline(PipelineStateMap.java:132)
	at org.apache.hadoop.hdds.scm.pipeline.PipelineStateMap.removePipeline(PipelineStateMap.java:322)
	at org.apache.hadoop.hdds.scm.pipeline.PipelineStateManager.removePipeline(PipelineStateManager.java:107)
	at org.apache.hadoop.hdds.scm.pipeline.SCMPipelineManager.removePipeline(SCMPipelineManager.java:423)
	at org.apache.hadoop.hdds.scm.pipeline.SCMPipelineManager.destroyPipeline(SCMPipelineManager.java:409)
	at org.apache.hadoop.hdds.scm.pipeline.SCMPipelineManager.lambda$finalizeAndDestroyPipeline$0(SCMPipelineManager.java:318)
	at org.apache.hadoop.utils.Scheduler.lambda$schedule$1(Scheduler.java:68)
	at java.util.concurrent.Executors$RunnableAdapter.call(Executors.java:511)
	at java.util.concurrent.FutureTask.run(FutureTask.java:266)
	at java.util.concurrent.ScheduledThreadPoolExecutor$ScheduledFutureTask.access$201(ScheduledThreadPoolExecutor.java:180)
	at java.util.concurrent.ScheduledThreadPoolExecutor$ScheduledFutureTask.run(ScheduledThreadPoolExecutor.java:293)
	at java.util.concurrent.ThreadPoolExecutor.runWorker(ThreadPoolExecutor.java:1149)
	at java.util.concurrent.ThreadPoolExecutor$Worker.run(ThreadPoolExecutor.java:624)
	at java.lang.Thread.run(Thread.java:748)
2019-09-10 12:37:49,779 [java.util.concurrent.ThreadPoolExecutor$Worker@5ff660fa[State = -1, empty queue]] WARN  server.GrpcLogAppender (GrpcLogAppender.java:timeoutAppendRequest(200)) - 20e3e33a-5d24-4249-a094-f5376b2f999f@group-5E7A6FC8AAB0->e7ee0826-9905-44f4-ba49-d97620ca9eb2-GrpcLogAppender: appendEntries Timeout, request=20e3e33a-5d24-4249-a094-f5376b2f999f->e7ee0826-9905-44f4-ba49-d97620ca9eb2#125-t1, previous=(t:1, i:22), leaderCommit=16, initializing? false, entries: <empty>
2019-09-10 12:37:49,779 [java.util.concurrent.ThreadPoolExecutor$Worker@5359d0cb[State = -1, empty queue]] WARN  server.GrpcLogAppender (GrpcLogAppender.java:timeoutAppendRequest(200)) - 20e3e33a-5d24-4249-a094-f5376b2f999f@group-5E7A6FC8AAB0->e2c164e2-1dc0-4b87-8a18-d27b9a4a82f5-GrpcLogAppender: appendEntries Timeout, request=20e3e33a-5d24-4249-a094-f5376b2f999f->e2c164e2-1dc0-4b87-8a18-d27b9a4a82f5#125-t1, previous=(t:1, i:22), leaderCommit=16, initializing? false, entries: <empty>
2019-09-10 12:37:50,095 [grpc-default-executor-2] INFO  impl.RaftServerProxy (RaftServerProxy.java:remove(95)) - bda12bde-a9da-41da-b7e7-5c1ce23ab93c: remove group-9A53ED4A529B:null
2019-09-10 12:37:50,100 [RatisPipelineUtilsThread] WARN  pipeline.RatisPipelineUtils (RatisPipelineUtils.java:destroyPipeline(66)) - Pipeline destroy failed for pipeline=PipelineID=f5e49e1f-983b-4678-b9f0-9a53ed4a529b dn=bda12bde-a9da-41da-b7e7-5c1ce23ab93c{ip: 192.168.34.50, host: pr-hdds-1879-pp2l2-2511026898, networkLocation: /default-rack, certSerialId: null}
2019-09-10 12:37:50,106 [grpc-default-executor-2] INFO  impl.RaftServerProxy (RaftServerProxy.java:remove(95)) - 33fcc201-48fd-47f6-879d-4d238b82d8e9: remove group-9A53ED4A529B:null
2019-09-10 12:37:50,114 [RatisPipelineUtilsThread] WARN  pipeline.RatisPipelineUtils (RatisPipelineUtils.java:destroyPipeline(66)) - Pipeline destroy failed for pipeline=PipelineID=f5e49e1f-983b-4678-b9f0-9a53ed4a529b dn=33fcc201-48fd-47f6-879d-4d238b82d8e9{ip: 192.168.34.50, host: pr-hdds-1879-pp2l2-2511026898, networkLocation: /default-rack, certSerialId: null}
2019-09-10 12:37:50,121 [grpc-default-executor-2] INFO  impl.RaftServerProxy (RaftServerProxy.java:remove(95)) - c5411d41-1b0a-4036-bc03-3ae3d66d2b07: remove group-9A53ED4A529B:null
2019-09-10 12:37:50,124 [RatisPipelineUtilsThread] WARN  pipeline.RatisPipelineUtils (RatisPipelineUtils.java:destroyPipeline(66)) - Pipeline destroy failed for pipeline=PipelineID=f5e49e1f-983b-4678-b9f0-9a53ed4a529b dn=c5411d41-1b0a-4036-bc03-3ae3d66d2b07{ip: 192.168.34.50, host: pr-hdds-1879-pp2l2-2511026898, networkLocation: /default-rack, certSerialId: null}
2019-09-10 12:37:50,125 [RatisPipelineUtilsThread] ERROR pipeline.SCMPipelineManager (Scheduler.java:lambda$schedule$1(70)) - Destroy pipeline failed for pipeline:Pipeline[ Id: f5e49e1f-983b-4678-b9f0-9a53ed4a529b, Nodes: bda12bde-a9da-41da-b7e7-5c1ce23ab93c{ip: 192.168.34.50, host: pr-hdds-1879-pp2l2-2511026898, networkLocation: /default-rack, certSerialId: null}33fcc201-48fd-47f6-879d-4d238b82d8e9{ip: 192.168.34.50, host: pr-hdds-1879-pp2l2-2511026898, networkLocation: /default-rack, certSerialId: null}c5411d41-1b0a-4036-bc03-3ae3d66d2b07{ip: 192.168.34.50, host: pr-hdds-1879-pp2l2-2511026898, networkLocation: /default-rack, certSerialId: null}, Type:RATIS, Factor:THREE, State:CLOSED]
org.apache.hadoop.hdds.scm.pipeline.PipelineNotFoundException: PipelineID=f5e49e1f-983b-4678-b9f0-9a53ed4a529b not found
	at org.apache.hadoop.hdds.scm.pipeline.PipelineStateMap.getPipeline(PipelineStateMap.java:132)
	at org.apache.hadoop.hdds.scm.pipeline.PipelineStateMap.removePipeline(PipelineStateMap.java:322)
	at org.apache.hadoop.hdds.scm.pipeline.PipelineStateManager.removePipeline(PipelineStateManager.java:107)
	at org.apache.hadoop.hdds.scm.pipeline.SCMPipelineManager.removePipeline(SCMPipelineManager.java:423)
	at org.apache.hadoop.hdds.scm.pipeline.SCMPipelineManager.destroyPipeline(SCMPipelineManager.java:409)
	at org.apache.hadoop.hdds.scm.pipeline.SCMPipelineManager.lambda$finalizeAndDestroyPipeline$0(SCMPipelineManager.java:318)
	at org.apache.hadoop.utils.Scheduler.lambda$schedule$1(Scheduler.java:68)
	at java.util.concurrent.Executors$RunnableAdapter.call(Executors.java:511)
	at java.util.concurrent.FutureTask.run(FutureTask.java:266)
	at java.util.concurrent.ScheduledThreadPoolExecutor$ScheduledFutureTask.access$201(ScheduledThreadPoolExecutor.java:180)
	at java.util.concurrent.ScheduledThreadPoolExecutor$ScheduledFutureTask.run(ScheduledThreadPoolExecutor.java:293)
	at java.util.concurrent.ThreadPoolExecutor.runWorker(ThreadPoolExecutor.java:1149)
	at java.util.concurrent.ThreadPoolExecutor$Worker.run(ThreadPoolExecutor.java:624)
	at java.lang.Thread.run(Thread.java:748)
2019-09-10 12:37:50,344 [grpc-default-executor-2] INFO  impl.RaftServerProxy (RaftServerProxy.java:remove(95)) - bda12bde-a9da-41da-b7e7-5c1ce23ab93c: remove group-9A53ED4A529B:null
2019-09-10 12:37:50,349 [RatisPipelineUtilsThread] WARN  pipeline.RatisPipelineUtils (RatisPipelineUtils.java:destroyPipeline(66)) - Pipeline destroy failed for pipeline=PipelineID=f5e49e1f-983b-4678-b9f0-9a53ed4a529b dn=bda12bde-a9da-41da-b7e7-5c1ce23ab93c{ip: 192.168.34.50, host: pr-hdds-1879-pp2l2-2511026898, networkLocation: /default-rack, certSerialId: null}
2019-09-10 12:37:50,353 [grpc-default-executor-2] INFO  impl.RaftServerProxy (RaftServerProxy.java:remove(95)) - 33fcc201-48fd-47f6-879d-4d238b82d8e9: remove group-9A53ED4A529B:null
2019-09-10 12:37:50,358 [RatisPipelineUtilsThread] WARN  pipeline.RatisPipelineUtils (RatisPipelineUtils.java:destroyPipeline(66)) - Pipeline destroy failed for pipeline=PipelineID=f5e49e1f-983b-4678-b9f0-9a53ed4a529b dn=33fcc201-48fd-47f6-879d-4d238b82d8e9{ip: 192.168.34.50, host: pr-hdds-1879-pp2l2-2511026898, networkLocation: /default-rack, certSerialId: null}
2019-09-10 12:37:50,363 [grpc-default-executor-2] INFO  impl.RaftServerProxy (RaftServerProxy.java:remove(95)) - c5411d41-1b0a-4036-bc03-3ae3d66d2b07: remove group-9A53ED4A529B:null
2019-09-10 12:37:50,374 [RatisPipelineUtilsThread] WARN  pipeline.RatisPipelineUtils (RatisPipelineUtils.java:destroyPipeline(66)) - Pipeline destroy failed for pipeline=PipelineID=f5e49e1f-983b-4678-b9f0-9a53ed4a529b dn=c5411d41-1b0a-4036-bc03-3ae3d66d2b07{ip: 192.168.34.50, host: pr-hdds-1879-pp2l2-2511026898, networkLocation: /default-rack, certSerialId: null}
2019-09-10 12:37:50,374 [RatisPipelineUtilsThread] ERROR pipeline.SCMPipelineManager (Scheduler.java:lambda$schedule$1(70)) - Destroy pipeline failed for pipeline:Pipeline[ Id: f5e49e1f-983b-4678-b9f0-9a53ed4a529b, Nodes: bda12bde-a9da-41da-b7e7-5c1ce23ab93c{ip: 192.168.34.50, host: pr-hdds-1879-pp2l2-2511026898, networkLocation: /default-rack, certSerialId: null}33fcc201-48fd-47f6-879d-4d238b82d8e9{ip: 192.168.34.50, host: pr-hdds-1879-pp2l2-2511026898, networkLocation: /default-rack, certSerialId: null}c5411d41-1b0a-4036-bc03-3ae3d66d2b07{ip: 192.168.34.50, host: pr-hdds-1879-pp2l2-2511026898, networkLocation: /default-rack, certSerialId: null}, Type:RATIS, Factor:THREE, State:CLOSED]
org.apache.hadoop.hdds.scm.pipeline.PipelineNotFoundException: PipelineID=f5e49e1f-983b-4678-b9f0-9a53ed4a529b not found
	at org.apache.hadoop.hdds.scm.pipeline.PipelineStateMap.getPipeline(PipelineStateMap.java:132)
	at org.apache.hadoop.hdds.scm.pipeline.PipelineStateMap.removePipeline(PipelineStateMap.java:322)
	at org.apache.hadoop.hdds.scm.pipeline.PipelineStateManager.removePipeline(PipelineStateManager.java:107)
	at org.apache.hadoop.hdds.scm.pipeline.SCMPipelineManager.removePipeline(SCMPipelineManager.java:423)
	at org.apache.hadoop.hdds.scm.pipeline.SCMPipelineManager.destroyPipeline(SCMPipelineManager.java:409)
	at org.apache.hadoop.hdds.scm.pipeline.SCMPipelineManager.lambda$finalizeAndDestroyPipeline$0(SCMPipelineManager.java:318)
	at org.apache.hadoop.utils.Scheduler.lambda$schedule$1(Scheduler.java:68)
	at java.util.concurrent.Executors$RunnableAdapter.call(Executors.java:511)
	at java.util.concurrent.FutureTask.run(FutureTask.java:266)
	at java.util.concurrent.ScheduledThreadPoolExecutor$ScheduledFutureTask.access$201(ScheduledThreadPoolExecutor.java:180)
	at java.util.concurrent.ScheduledThreadPoolExecutor$ScheduledFutureTask.run(ScheduledThreadPoolExecutor.java:293)
	at java.util.concurrent.ThreadPoolExecutor.runWorker(ThreadPoolExecutor.java:1149)
	at java.util.concurrent.ThreadPoolExecutor$Worker.run(ThreadPoolExecutor.java:624)
	at java.lang.Thread.run(Thread.java:748)
2019-09-10 12:37:50,545 [grpc-default-executor-2] INFO  impl.RaftServerProxy (RaftServerProxy.java:remove(95)) - bda12bde-a9da-41da-b7e7-5c1ce23ab93c: remove group-9A53ED4A529B:null
2019-09-10 12:37:50,547 [RatisPipelineUtilsThread] WARN  pipeline.RatisPipelineUtils (RatisPipelineUtils.java:destroyPipeline(66)) - Pipeline destroy failed for pipeline=PipelineID=f5e49e1f-983b-4678-b9f0-9a53ed4a529b dn=bda12bde-a9da-41da-b7e7-5c1ce23ab93c{ip: 192.168.34.50, host: pr-hdds-1879-pp2l2-2511026898, networkLocation: /default-rack, certSerialId: null}
2019-09-10 12:37:50,550 [grpc-default-executor-2] INFO  impl.RaftServerProxy (RaftServerProxy.java:remove(95)) - 33fcc201-48fd-47f6-879d-4d238b82d8e9: remove group-9A53ED4A529B:null
2019-09-10 12:37:50,552 [RatisPipelineUtilsThread] WARN  pipeline.RatisPipelineUtils (RatisPipelineUtils.java:destroyPipeline(66)) - Pipeline destroy failed for pipeline=PipelineID=f5e49e1f-983b-4678-b9f0-9a53ed4a529b dn=33fcc201-48fd-47f6-879d-4d238b82d8e9{ip: 192.168.34.50, host: pr-hdds-1879-pp2l2-2511026898, networkLocation: /default-rack, certSerialId: null}
2019-09-10 12:37:50,555 [grpc-default-executor-2] INFO  impl.RaftServerProxy (RaftServerProxy.java:remove(95)) - c5411d41-1b0a-4036-bc03-3ae3d66d2b07: remove group-9A53ED4A529B:null
2019-09-10 12:37:50,557 [RatisPipelineUtilsThread] WARN  pipeline.RatisPipelineUtils (RatisPipelineUtils.java:destroyPipeline(66)) - Pipeline destroy failed for pipeline=PipelineID=f5e49e1f-983b-4678-b9f0-9a53ed4a529b dn=c5411d41-1b0a-4036-bc03-3ae3d66d2b07{ip: 192.168.34.50, host: pr-hdds-1879-pp2l2-2511026898, networkLocation: /default-rack, certSerialId: null}
2019-09-10 12:37:50,557 [RatisPipelineUtilsThread] ERROR pipeline.SCMPipelineManager (Scheduler.java:lambda$schedule$1(70)) - Destroy pipeline failed for pipeline:Pipeline[ Id: f5e49e1f-983b-4678-b9f0-9a53ed4a529b, Nodes: bda12bde-a9da-41da-b7e7-5c1ce23ab93c{ip: 192.168.34.50, host: pr-hdds-1879-pp2l2-2511026898, networkLocation: /default-rack, certSerialId: null}33fcc201-48fd-47f6-879d-4d238b82d8e9{ip: 192.168.34.50, host: pr-hdds-1879-pp2l2-2511026898, networkLocation: /default-rack, certSerialId: null}c5411d41-1b0a-4036-bc03-3ae3d66d2b07{ip: 192.168.34.50, host: pr-hdds-1879-pp2l2-2511026898, networkLocation: /default-rack, certSerialId: null}, Type:RATIS, Factor:THREE, State:CLOSED]
org.apache.hadoop.hdds.scm.pipeline.PipelineNotFoundException: PipelineID=f5e49e1f-983b-4678-b9f0-9a53ed4a529b not found
	at org.apache.hadoop.hdds.scm.pipeline.PipelineStateMap.getPipeline(PipelineStateMap.java:132)
	at org.apache.hadoop.hdds.scm.pipeline.PipelineStateMap.removePipeline(PipelineStateMap.java:322)
	at org.apache.hadoop.hdds.scm.pipeline.PipelineStateManager.removePipeline(PipelineStateManager.java:107)
	at org.apache.hadoop.hdds.scm.pipeline.SCMPipelineManager.removePipeline(SCMPipelineManager.java:423)
	at org.apache.hadoop.hdds.scm.pipeline.SCMPipelineManager.destroyPipeline(SCMPipelineManager.java:409)
	at org.apache.hadoop.hdds.scm.pipeline.SCMPipelineManager.lambda$finalizeAndDestroyPipeline$0(SCMPipelineManager.java:318)
	at org.apache.hadoop.utils.Scheduler.lambda$schedule$1(Scheduler.java:68)
	at java.util.concurrent.Executors$RunnableAdapter.call(Executors.java:511)
	at java.util.concurrent.FutureTask.run(FutureTask.java:266)
	at java.util.concurrent.ScheduledThreadPoolExecutor$ScheduledFutureTask.access$201(ScheduledThreadPoolExecutor.java:180)
	at java.util.concurrent.ScheduledThreadPoolExecutor$ScheduledFutureTask.run(ScheduledThreadPoolExecutor.java:293)
	at java.util.concurrent.ThreadPoolExecutor.runWorker(ThreadPoolExecutor.java:1149)
	at java.util.concurrent.ThreadPoolExecutor$Worker.run(ThreadPoolExecutor.java:624)
	at java.lang.Thread.run(Thread.java:748)
2019-09-10 12:37:51,754 [e7ee0826-9905-44f4-ba49-d97620ca9eb2@group-5E7A6FC8AAB0-SegmentedRaftLogWorker] WARN  segmented.SegmentedRaftLogWorker (SegmentedRaftLogWorker.java:getFromFuture(90)) - Timeout 5/~
org.apache.ratis.protocol.TimeoutIOException: Timeout 10s: WriteLog:17: (t:1, i:17), STATEMACHINELOGENTRY, client-B8915AA43604, cid=50-writeStateMachineData
	at org.apache.ratis.util.IOUtils.getFromFuture(IOUtils.java:87)
	at org.apache.ratis.server.raftlog.segmented.SegmentedRaftLogWorker$StateMachineDataPolicy.getFromFuture(SegmentedRaftLogWorker.java:87)
	at org.apache.ratis.server.raftlog.segmented.SegmentedRaftLogWorker$WriteLog.execute(SegmentedRaftLogWorker.java:477)
	at org.apache.ratis.server.raftlog.segmented.SegmentedRaftLogWorker.run(SegmentedRaftLogWorker.java:289)
	at java.lang.Thread.run(Thread.java:748)
Caused by: java.util.concurrent.TimeoutException
	at java.util.concurrent.CompletableFuture.timedGet(CompletableFuture.java:1771)
	at java.util.concurrent.CompletableFuture.get(CompletableFuture.java:1915)
	at org.apache.ratis.util.IOUtils.getFromFuture(IOUtils.java:79)
	... 4 more
2019-09-10 12:37:51,773 [e2c164e2-1dc0-4b87-8a18-d27b9a4a82f5@group-5E7A6FC8AAB0-SegmentedRaftLogWorker] WARN  segmented.SegmentedRaftLogWorker (SegmentedRaftLogWorker.java:getFromFuture(90)) - Timeout 5/~
org.apache.ratis.protocol.TimeoutIOException: Timeout 10s: WriteLog:17: (t:1, i:17), STATEMACHINELOGENTRY, client-B8915AA43604, cid=50-writeStateMachineData
	at org.apache.ratis.util.IOUtils.getFromFuture(IOUtils.java:87)
	at org.apache.ratis.server.raftlog.segmented.SegmentedRaftLogWorker$StateMachineDataPolicy.getFromFuture(SegmentedRaftLogWorker.java:87)
	at org.apache.ratis.server.raftlog.segmented.SegmentedRaftLogWorker$WriteLog.execute(SegmentedRaftLogWorker.java:477)
	at org.apache.ratis.server.raftlog.segmented.SegmentedRaftLogWorker.run(SegmentedRaftLogWorker.java:289)
	at java.lang.Thread.run(Thread.java:748)
Caused by: java.util.concurrent.TimeoutException
	at java.util.concurrent.CompletableFuture.timedGet(CompletableFuture.java:1771)
	at java.util.concurrent.CompletableFuture.get(CompletableFuture.java:1915)
	at org.apache.ratis.util.IOUtils.getFromFuture(IOUtils.java:79)
	... 4 more
2019-09-10 12:37:51,890 [20e3e33a-5d24-4249-a094-f5376b2f999f@group-5E7A6FC8AAB0-SegmentedRaftLogWorker] WARN  segmented.SegmentedRaftLogWorker (SegmentedRaftLogWorker.java:getFromFuture(90)) - Timeout 5/~
org.apache.ratis.protocol.TimeoutIOException: Timeout 10s: WriteLog:18: (t:1, i:18), STATEMACHINELOGENTRY, client-B8915AA43604, cid=51-writeStateMachineData
	at org.apache.ratis.util.IOUtils.getFromFuture(IOUtils.java:87)
	at org.apache.ratis.server.raftlog.segmented.SegmentedRaftLogWorker$StateMachineDataPolicy.getFromFuture(SegmentedRaftLogWorker.java:87)
	at org.apache.ratis.server.raftlog.segmented.SegmentedRaftLogWorker$WriteLog.execute(SegmentedRaftLogWorker.java:477)
	at org.apache.ratis.server.raftlog.segmented.SegmentedRaftLogWorker.run(SegmentedRaftLogWorker.java:289)
	at java.lang.Thread.run(Thread.java:748)
Caused by: java.util.concurrent.TimeoutException
	at java.util.concurrent.CompletableFuture.timedGet(CompletableFuture.java:1771)
	at java.util.concurrent.CompletableFuture.get(CompletableFuture.java:1915)
	at org.apache.ratis.util.IOUtils.getFromFuture(IOUtils.java:79)
	... 4 more
2019-09-10 12:37:52,279 [java.util.concurrent.ThreadPoolExecutor$Worker@5ff660fa[State = -1, empty queue]] WARN  server.GrpcLogAppender (GrpcLogAppender.java:timeoutAppendRequest(200)) - 20e3e33a-5d24-4249-a094-f5376b2f999f@group-5E7A6FC8AAB0->e7ee0826-9905-44f4-ba49-d97620ca9eb2-GrpcLogAppender: appendEntries Timeout, request=20e3e33a-5d24-4249-a094-f5376b2f999f->e7ee0826-9905-44f4-ba49-d97620ca9eb2#126-t1, previous=(t:1, i:22), leaderCommit=16, initializing? false, entries: <empty>
2019-09-10 12:37:52,280 [java.util.concurrent.ThreadPoolExecutor$Worker@5359d0cb[State = -1, empty queue]] WARN  server.GrpcLogAppender (GrpcLogAppender.java:timeoutAppendRequest(200)) - 20e3e33a-5d24-4249-a094-f5376b2f999f@group-5E7A6FC8AAB0->e2c164e2-1dc0-4b87-8a18-d27b9a4a82f5-GrpcLogAppender: appendEntries Timeout, request=20e3e33a-5d24-4249-a094-f5376b2f999f->e2c164e2-1dc0-4b87-8a18-d27b9a4a82f5#126-t1, previous=(t:1, i:22), leaderCommit=16, initializing? false, entries: <empty>
2019-09-10 12:37:52,356 [grpc-default-executor-3] INFO  client.GrpcClientProtocolClient (GrpcClientProtocolClient.java:onNext(264)) - client-B8915AA43604->e7ee0826-9905-44f4-ba49-d97620ca9eb2: receive RaftClientReply:client-B8915AA43604->e7ee0826-9905-44f4-ba49-d97620ca9eb2@group-5E7A6FC8AAB0, cid=50, FAILED org.apache.ratis.protocol.NotLeaderException: Server e7ee0826-9905-44f4-ba49-d97620ca9eb2@group-5E7A6FC8AAB0 is not the leader 20e3e33a-5d24-4249-a094-f5376b2f999f:192.168.34.50:46569, logIndex=0, commits[e7ee0826-9905-44f4-ba49-d97620ca9eb2:c16, e2c164e2-1dc0-4b87-8a18-d27b9a4a82f5:c14, 20e3e33a-5d24-4249-a094-f5376b2f999f:c16]
2019-09-10 12:37:54,780 [java.util.concurrent.ThreadPoolExecutor$Worker@5ff660fa[State = -1, empty queue]] WARN  server.GrpcLogAppender (GrpcLogAppender.java:timeoutAppendRequest(200)) - 20e3e33a-5d24-4249-a094-f5376b2f999f@group-5E7A6FC8AAB0->e7ee0826-9905-44f4-ba49-d97620ca9eb2-GrpcLogAppender: appendEntries Timeout, request=20e3e33a-5d24-4249-a094-f5376b2f999f->e7ee0826-9905-44f4-ba49-d97620ca9eb2#127-t1, previous=(t:1, i:22), leaderCommit=16, initializing? false, entries: <empty>
2019-09-10 12:37:54,780 [java.util.concurrent.ThreadPoolExecutor$Worker@5359d0cb[State = -1, empty queue]] WARN  server.GrpcLogAppender (GrpcLogAppender.java:timeoutAppendRequest(200)) - 20e3e33a-5d24-4249-a094-f5376b2f999f@group-5E7A6FC8AAB0->e2c164e2-1dc0-4b87-8a18-d27b9a4a82f5-GrpcLogAppender: appendEntries Timeout, request=20e3e33a-5d24-4249-a094-f5376b2f999f->e2c164e2-1dc0-4b87-8a18-d27b9a4a82f5#127-t1, previous=(t:1, i:22), leaderCommit=16, initializing? false, entries: <empty>
2019-09-10 12:37:57,280 [java.util.concurrent.ThreadPoolExecutor$Worker@5ff660fa[State = -1, empty queue]] WARN  server.GrpcLogAppender (GrpcLogAppender.java:timeoutAppendRequest(200)) - 20e3e33a-5d24-4249-a094-f5376b2f999f@group-5E7A6FC8AAB0->e7ee0826-9905-44f4-ba49-d97620ca9eb2-GrpcLogAppender: appendEntries Timeout, request=20e3e33a-5d24-4249-a094-f5376b2f999f->e7ee0826-9905-44f4-ba49-d97620ca9eb2#128-t1, previous=(t:1, i:22), leaderCommit=16, initializing? false, entries: <empty>
2019-09-10 12:37:57,281 [java.util.concurrent.ThreadPoolExecutor$Worker@5359d0cb[State = -1, empty queue]] WARN  server.GrpcLogAppender (GrpcLogAppender.java:timeoutAppendRequest(200)) - 20e3e33a-5d24-4249-a094-f5376b2f999f@group-5E7A6FC8AAB0->e2c164e2-1dc0-4b87-8a18-d27b9a4a82f5-GrpcLogAppender: appendEntries Timeout, request=20e3e33a-5d24-4249-a094-f5376b2f999f->e2c164e2-1dc0-4b87-8a18-d27b9a4a82f5#128-t1, previous=(t:1, i:22), leaderCommit=16, initializing? false, entries: <empty>
2019-09-10 12:37:57,390 [grpc-default-executor-2] INFO  client.GrpcClientProtocolClient (GrpcClientProtocolClient.java:onNext(264)) - client-B8915AA43604->e2c164e2-1dc0-4b87-8a18-d27b9a4a82f5: receive RaftClientReply:client-B8915AA43604->e2c164e2-1dc0-4b87-8a18-d27b9a4a82f5@group-5E7A6FC8AAB0, cid=50, FAILED org.apache.ratis.protocol.NotLeaderException: Server e2c164e2-1dc0-4b87-8a18-d27b9a4a82f5@group-5E7A6FC8AAB0 is not the leader 20e3e33a-5d24-4249-a094-f5376b2f999f:192.168.34.50:46569, logIndex=0, commits[e2c164e2-1dc0-4b87-8a18-d27b9a4a82f5:c16, e7ee0826-9905-44f4-ba49-d97620ca9eb2:c14, 20e3e33a-5d24-4249-a094-f5376b2f999f:c16]
2019-09-10 12:37:59,780 [java.util.concurrent.ThreadPoolExecutor$Worker@5ff660fa[State = -1, empty queue]] WARN  server.GrpcLogAppender (GrpcLogAppender.java:timeoutAppendRequest(200)) - 20e3e33a-5d24-4249-a094-f5376b2f999f@group-5E7A6FC8AAB0->e7ee0826-9905-44f4-ba49-d97620ca9eb2-GrpcLogAppender: appendEntries Timeout, request=20e3e33a-5d24-4249-a094-f5376b2f999f->e7ee0826-9905-44f4-ba49-d97620ca9eb2#129-t1, previous=(t:1, i:22), leaderCommit=16, initializing? false, entries: <empty>
2019-09-10 12:37:59,781 [java.util.concurrent.ThreadPoolExecutor$Worker@5359d0cb[State = -1, empty queue]] WARN  server.GrpcLogAppender (GrpcLogAppender.java:timeoutAppendRequest(200)) - 20e3e33a-5d24-4249-a094-f5376b2f999f@group-5E7A6FC8AAB0->e2c164e2-1dc0-4b87-8a18-d27b9a4a82f5-GrpcLogAppender: appendEntries Timeout, request=20e3e33a-5d24-4249-a094-f5376b2f999f->e2c164e2-1dc0-4b87-8a18-d27b9a4a82f5#129-t1, previous=(t:1, i:22), leaderCommit=16, initializing? false, entries: <empty>
2019-09-10 12:38:01,755 [e7ee0826-9905-44f4-ba49-d97620ca9eb2@group-5E7A6FC8AAB0-SegmentedRaftLogWorker] WARN  segmented.SegmentedRaftLogWorker (SegmentedRaftLogWorker.java:getFromFuture(90)) - Timeout 6/~
org.apache.ratis.protocol.TimeoutIOException: Timeout 10s: WriteLog:17: (t:1, i:17), STATEMACHINELOGENTRY, client-B8915AA43604, cid=50-writeStateMachineData
	at org.apache.ratis.util.IOUtils.getFromFuture(IOUtils.java:87)
	at org.apache.ratis.server.raftlog.segmented.SegmentedRaftLogWorker$StateMachineDataPolicy.getFromFuture(SegmentedRaftLogWorker.java:87)
	at org.apache.ratis.server.raftlog.segmented.SegmentedRaftLogWorker$WriteLog.execute(SegmentedRaftLogWorker.java:477)
	at org.apache.ratis.server.raftlog.segmented.SegmentedRaftLogWorker.run(SegmentedRaftLogWorker.java:289)
	at java.lang.Thread.run(Thread.java:748)
Caused by: java.util.concurrent.TimeoutException
	at java.util.concurrent.CompletableFuture.timedGet(CompletableFuture.java:1771)
	at java.util.concurrent.CompletableFuture.get(CompletableFuture.java:1915)
	at org.apache.ratis.util.IOUtils.getFromFuture(IOUtils.java:79)
	... 4 more
2019-09-10 12:38:01,774 [e2c164e2-1dc0-4b87-8a18-d27b9a4a82f5@group-5E7A6FC8AAB0-SegmentedRaftLogWorker] WARN  segmented.SegmentedRaftLogWorker (SegmentedRaftLogWorker.java:getFromFuture(90)) - Timeout 6/~
org.apache.ratis.protocol.TimeoutIOException: Timeout 10s: WriteLog:17: (t:1, i:17), STATEMACHINELOGENTRY, client-B8915AA43604, cid=50-writeStateMachineData
	at org.apache.ratis.util.IOUtils.getFromFuture(IOUtils.java:87)
	at org.apache.ratis.server.raftlog.segmented.SegmentedRaftLogWorker$StateMachineDataPolicy.getFromFuture(SegmentedRaftLogWorker.java:87)
	at org.apache.ratis.server.raftlog.segmented.SegmentedRaftLogWorker$WriteLog.execute(SegmentedRaftLogWorker.java:477)
	at org.apache.ratis.server.raftlog.segmented.SegmentedRaftLogWorker.run(SegmentedRaftLogWorker.java:289)
	at java.lang.Thread.run(Thread.java:748)
Caused by: java.util.concurrent.TimeoutException
	at java.util.concurrent.CompletableFuture.timedGet(CompletableFuture.java:1771)
	at java.util.concurrent.CompletableFuture.get(CompletableFuture.java:1915)
	at org.apache.ratis.util.IOUtils.getFromFuture(IOUtils.java:79)
	... 4 more
2019-09-10 12:38:01,891 [20e3e33a-5d24-4249-a094-f5376b2f999f@group-5E7A6FC8AAB0-SegmentedRaftLogWorker] WARN  segmented.SegmentedRaftLogWorker (SegmentedRaftLogWorker.java:getFromFuture(90)) - Timeout 6/~
org.apache.ratis.protocol.TimeoutIOException: Timeout 10s: WriteLog:18: (t:1, i:18), STATEMACHINELOGENTRY, client-B8915AA43604, cid=51-writeStateMachineData
	at org.apache.ratis.util.IOUtils.getFromFuture(IOUtils.java:87)
	at org.apache.ratis.server.raftlog.segmented.SegmentedRaftLogWorker$StateMachineDataPolicy.getFromFuture(SegmentedRaftLogWorker.java:87)
	at org.apache.ratis.server.raftlog.segmented.SegmentedRaftLogWorker$WriteLog.execute(SegmentedRaftLogWorker.java:477)
	at org.apache.ratis.server.raftlog.segmented.SegmentedRaftLogWorker.run(SegmentedRaftLogWorker.java:289)
	at java.lang.Thread.run(Thread.java:748)
Caused by: java.util.concurrent.TimeoutException
	at java.util.concurrent.CompletableFuture.timedGet(CompletableFuture.java:1771)
	at java.util.concurrent.CompletableFuture.get(CompletableFuture.java:1915)
	at org.apache.ratis.util.IOUtils.getFromFuture(IOUtils.java:79)
	... 4 more
2019-09-10 12:38:02,281 [java.util.concurrent.ThreadPoolExecutor$Worker@5ff660fa[State = -1, empty queue]] WARN  server.GrpcLogAppender (GrpcLogAppender.java:timeoutAppendRequest(200)) - 20e3e33a-5d24-4249-a094-f5376b2f999f@group-5E7A6FC8AAB0->e7ee0826-9905-44f4-ba49-d97620ca9eb2-GrpcLogAppender: appendEntries Timeout, request=20e3e33a-5d24-4249-a094-f5376b2f999f->e7ee0826-9905-44f4-ba49-d97620ca9eb2#130-t1, previous=(t:1, i:22), leaderCommit=16, initializing? false, entries: <empty>
2019-09-10 12:38:02,281 [java.util.concurrent.ThreadPoolExecutor$Worker@5359d0cb[State = -1, empty queue]] WARN  server.GrpcLogAppender (GrpcLogAppender.java:timeoutAppendRequest(200)) - 20e3e33a-5d24-4249-a094-f5376b2f999f@group-5E7A6FC8AAB0->e2c164e2-1dc0-4b87-8a18-d27b9a4a82f5-GrpcLogAppender: appendEntries Timeout, request=20e3e33a-5d24-4249-a094-f5376b2f999f->e2c164e2-1dc0-4b87-8a18-d27b9a4a82f5#130-t1, previous=(t:1, i:22), leaderCommit=16, initializing? false, entries: <empty>
2019-09-10 12:38:02,443 [grpc-default-executor-3] INFO  client.GrpcClientProtocolClient (GrpcClientProtocolClient.java:onNext(264)) - client-B8915AA43604->e7ee0826-9905-44f4-ba49-d97620ca9eb2: receive RaftClientReply:client-B8915AA43604->e7ee0826-9905-44f4-ba49-d97620ca9eb2@group-5E7A6FC8AAB0, cid=50, FAILED org.apache.ratis.protocol.NotLeaderException: Server e7ee0826-9905-44f4-ba49-d97620ca9eb2@group-5E7A6FC8AAB0 is not the leader 20e3e33a-5d24-4249-a094-f5376b2f999f:192.168.34.50:46569, logIndex=0, commits[e7ee0826-9905-44f4-ba49-d97620ca9eb2:c16, e2c164e2-1dc0-4b87-8a18-d27b9a4a82f5:c14, 20e3e33a-5d24-4249-a094-f5376b2f999f:c16]
2019-09-10 12:38:04,781 [java.util.concurrent.ThreadPoolExecutor$Worker@5ff660fa[State = -1, empty queue]] WARN  server.GrpcLogAppender (GrpcLogAppender.java:timeoutAppendRequest(200)) - 20e3e33a-5d24-4249-a094-f5376b2f999f@group-5E7A6FC8AAB0->e7ee0826-9905-44f4-ba49-d97620ca9eb2-GrpcLogAppender: appendEntries Timeout, request=20e3e33a-5d24-4249-a094-f5376b2f999f->e7ee0826-9905-44f4-ba49-d97620ca9eb2#131-t1, previous=(t:1, i:22), leaderCommit=16, initializing? false, entries: <empty>
2019-09-10 12:38:04,781 [java.util.concurrent.ThreadPoolExecutor$Worker@5359d0cb[State = -1, empty queue]] WARN  server.GrpcLogAppender (GrpcLogAppender.java:timeoutAppendRequest(200)) - 20e3e33a-5d24-4249-a094-f5376b2f999f@group-5E7A6FC8AAB0->e2c164e2-1dc0-4b87-8a18-d27b9a4a82f5-GrpcLogAppender: appendEntries Timeout, request=20e3e33a-5d24-4249-a094-f5376b2f999f->e2c164e2-1dc0-4b87-8a18-d27b9a4a82f5#131-t1, previous=(t:1, i:22), leaderCommit=16, initializing? false, entries: <empty>
2019-09-10 12:38:07,281 [java.util.concurrent.ThreadPoolExecutor$Worker@5ff660fa[State = -1, empty queue]] WARN  server.GrpcLogAppender (GrpcLogAppender.java:timeoutAppendRequest(200)) - 20e3e33a-5d24-4249-a094-f5376b2f999f@group-5E7A6FC8AAB0->e7ee0826-9905-44f4-ba49-d97620ca9eb2-GrpcLogAppender: appendEntries Timeout, request=20e3e33a-5d24-4249-a094-f5376b2f999f->e7ee0826-9905-44f4-ba49-d97620ca9eb2#132-t1, previous=(t:1, i:22), leaderCommit=16, initializing? false, entries: <empty>
2019-09-10 12:38:07,282 [java.util.concurrent.ThreadPoolExecutor$Worker@5359d0cb[State = -1, empty queue]] WARN  server.GrpcLogAppender (GrpcLogAppender.java:timeoutAppendRequest(200)) - 20e3e33a-5d24-4249-a094-f5376b2f999f@group-5E7A6FC8AAB0->e2c164e2-1dc0-4b87-8a18-d27b9a4a82f5-GrpcLogAppender: appendEntries Timeout, request=20e3e33a-5d24-4249-a094-f5376b2f999f->e2c164e2-1dc0-4b87-8a18-d27b9a4a82f5#132-t1, previous=(t:1, i:22), leaderCommit=16, initializing? false, entries: <empty>
2019-09-10 12:38:07,483 [grpc-default-executor-3] INFO  client.GrpcClientProtocolClient (GrpcClientProtocolClient.java:onNext(264)) - client-B8915AA43604->e2c164e2-1dc0-4b87-8a18-d27b9a4a82f5: receive RaftClientReply:client-B8915AA43604->e2c164e2-1dc0-4b87-8a18-d27b9a4a82f5@group-5E7A6FC8AAB0, cid=50, FAILED org.apache.ratis.protocol.NotLeaderException: Server e2c164e2-1dc0-4b87-8a18-d27b9a4a82f5@group-5E7A6FC8AAB0 is not the leader 20e3e33a-5d24-4249-a094-f5376b2f999f:192.168.34.50:46569, logIndex=0, commits[e2c164e2-1dc0-4b87-8a18-d27b9a4a82f5:c16, e7ee0826-9905-44f4-ba49-d97620ca9eb2:c14, 20e3e33a-5d24-4249-a094-f5376b2f999f:c16]
2019-09-10 12:38:09,782 [java.util.concurrent.ThreadPoolExecutor$Worker@5ff660fa[State = -1, empty queue]] WARN  server.GrpcLogAppender (GrpcLogAppender.java:timeoutAppendRequest(200)) - 20e3e33a-5d24-4249-a094-f5376b2f999f@group-5E7A6FC8AAB0->e7ee0826-9905-44f4-ba49-d97620ca9eb2-GrpcLogAppender: appendEntries Timeout, request=20e3e33a-5d24-4249-a094-f5376b2f999f->e7ee0826-9905-44f4-ba49-d97620ca9eb2#133-t1, previous=(t:1, i:22), leaderCommit=16, initializing? false, entries: <empty>
2019-09-10 12:38:09,782 [java.util.concurrent.ThreadPoolExecutor$Worker@5359d0cb[State = -1, empty queue]] WARN  server.GrpcLogAppender (GrpcLogAppender.java:timeoutAppendRequest(200)) - 20e3e33a-5d24-4249-a094-f5376b2f999f@group-5E7A6FC8AAB0->e2c164e2-1dc0-4b87-8a18-d27b9a4a82f5-GrpcLogAppender: appendEntries Timeout, request=20e3e33a-5d24-4249-a094-f5376b2f999f->e2c164e2-1dc0-4b87-8a18-d27b9a4a82f5#133-t1, previous=(t:1, i:22), leaderCommit=16, initializing? false, entries: <empty>
2019-09-10 12:38:11,756 [e7ee0826-9905-44f4-ba49-d97620ca9eb2@group-5E7A6FC8AAB0-SegmentedRaftLogWorker] WARN  segmented.SegmentedRaftLogWorker (SegmentedRaftLogWorker.java:getFromFuture(90)) - Timeout 7/~
org.apache.ratis.protocol.TimeoutIOException: Timeout 10s: WriteLog:17: (t:1, i:17), STATEMACHINELOGENTRY, client-B8915AA43604, cid=50-writeStateMachineData
	at org.apache.ratis.util.IOUtils.getFromFuture(IOUtils.java:87)
	at org.apache.ratis.server.raftlog.segmented.SegmentedRaftLogWorker$StateMachineDataPolicy.getFromFuture(SegmentedRaftLogWorker.java:87)
	at org.apache.ratis.server.raftlog.segmented.SegmentedRaftLogWorker$WriteLog.execute(SegmentedRaftLogWorker.java:477)
	at org.apache.ratis.server.raftlog.segmented.SegmentedRaftLogWorker.run(SegmentedRaftLogWorker.java:289)
	at java.lang.Thread.run(Thread.java:748)
Caused by: java.util.concurrent.TimeoutException
	at java.util.concurrent.CompletableFuture.timedGet(CompletableFuture.java:1771)
	at java.util.concurrent.CompletableFuture.get(CompletableFuture.java:1915)
	at org.apache.ratis.util.IOUtils.getFromFuture(IOUtils.java:79)
	... 4 more
2019-09-10 12:38:11,775 [e2c164e2-1dc0-4b87-8a18-d27b9a4a82f5@group-5E7A6FC8AAB0-SegmentedRaftLogWorker] WARN  segmented.SegmentedRaftLogWorker (SegmentedRaftLogWorker.java:getFromFuture(90)) - Timeout 7/~
org.apache.ratis.protocol.TimeoutIOException: Timeout 10s: WriteLog:17: (t:1, i:17), STATEMACHINELOGENTRY, client-B8915AA43604, cid=50-writeStateMachineData
	at org.apache.ratis.util.IOUtils.getFromFuture(IOUtils.java:87)
	at org.apache.ratis.server.raftlog.segmented.SegmentedRaftLogWorker$StateMachineDataPolicy.getFromFuture(SegmentedRaftLogWorker.java:87)
	at org.apache.ratis.server.raftlog.segmented.SegmentedRaftLogWorker$WriteLog.execute(SegmentedRaftLogWorker.java:477)
	at org.apache.ratis.server.raftlog.segmented.SegmentedRaftLogWorker.run(SegmentedRaftLogWorker.java:289)
	at java.lang.Thread.run(Thread.java:748)
Caused by: java.util.concurrent.TimeoutException
	at java.util.concurrent.CompletableFuture.timedGet(CompletableFuture.java:1771)
	at java.util.concurrent.CompletableFuture.get(CompletableFuture.java:1915)
	at org.apache.ratis.util.IOUtils.getFromFuture(IOUtils.java:79)
	... 4 more
2019-09-10 12:38:11,891 [20e3e33a-5d24-4249-a094-f5376b2f999f@group-5E7A6FC8AAB0-SegmentedRaftLogWorker] WARN  segmented.SegmentedRaftLogWorker (SegmentedRaftLogWorker.java:getFromFuture(90)) - Timeout 7/~
org.apache.ratis.protocol.TimeoutIOException: Timeout 10s: WriteLog:18: (t:1, i:18), STATEMACHINELOGENTRY, client-B8915AA43604, cid=51-writeStateMachineData
	at org.apache.ratis.util.IOUtils.getFromFuture(IOUtils.java:87)
	at org.apache.ratis.server.raftlog.segmented.SegmentedRaftLogWorker$StateMachineDataPolicy.getFromFuture(SegmentedRaftLogWorker.java:87)
	at org.apache.ratis.server.raftlog.segmented.SegmentedRaftLogWorker$WriteLog.execute(SegmentedRaftLogWorker.java:477)
	at org.apache.ratis.server.raftlog.segmented.SegmentedRaftLogWorker.run(SegmentedRaftLogWorker.java:289)
	at java.lang.Thread.run(Thread.java:748)
Caused by: java.util.concurrent.TimeoutException
	at java.util.concurrent.CompletableFuture.timedGet(CompletableFuture.java:1771)
	at java.util.concurrent.CompletableFuture.get(CompletableFuture.java:1915)
	at org.apache.ratis.util.IOUtils.getFromFuture(IOUtils.java:79)
	... 4 more
2019-09-10 12:38:12,282 [java.util.concurrent.ThreadPoolExecutor$Worker@5ff660fa[State = -1, empty queue]] WARN  server.GrpcLogAppender (GrpcLogAppender.java:timeoutAppendRequest(200)) - 20e3e33a-5d24-4249-a094-f5376b2f999f@group-5E7A6FC8AAB0->e7ee0826-9905-44f4-ba49-d97620ca9eb2-GrpcLogAppender: appendEntries Timeout, request=20e3e33a-5d24-4249-a094-f5376b2f999f->e7ee0826-9905-44f4-ba49-d97620ca9eb2#134-t1, previous=(t:1, i:22), leaderCommit=16, initializing? false, entries: <empty>
2019-09-10 12:38:12,282 [java.util.concurrent.ThreadPoolExecutor$Worker@5359d0cb[State = -1, empty queue]] WARN  server.GrpcLogAppender (GrpcLogAppender.java:timeoutAppendRequest(200)) - 20e3e33a-5d24-4249-a094-f5376b2f999f@group-5E7A6FC8AAB0->e2c164e2-1dc0-4b87-8a18-d27b9a4a82f5-GrpcLogAppender: appendEntries Timeout, request=20e3e33a-5d24-4249-a094-f5376b2f999f->e2c164e2-1dc0-4b87-8a18-d27b9a4a82f5#134-t1, previous=(t:1, i:22), leaderCommit=16, initializing? false, entries: <empty>
2019-09-10 12:38:12,524 [grpc-default-executor-3] INFO  client.GrpcClientProtocolClient (GrpcClientProtocolClient.java:onNext(264)) - client-B8915AA43604->e2c164e2-1dc0-4b87-8a18-d27b9a4a82f5: receive RaftClientReply:client-B8915AA43604->e2c164e2-1dc0-4b87-8a18-d27b9a4a82f5@group-5E7A6FC8AAB0, cid=50, FAILED org.apache.ratis.protocol.NotLeaderException: Server e2c164e2-1dc0-4b87-8a18-d27b9a4a82f5@group-5E7A6FC8AAB0 is not the leader 20e3e33a-5d24-4249-a094-f5376b2f999f:192.168.34.50:46569, logIndex=0, commits[e2c164e2-1dc0-4b87-8a18-d27b9a4a82f5:c16, e7ee0826-9905-44f4-ba49-d97620ca9eb2:c14, 20e3e33a-5d24-4249-a094-f5376b2f999f:c16]
2019-09-10 12:38:14,782 [java.util.concurrent.ThreadPoolExecutor$Worker@5359d0cb[State = -1, empty queue]] WARN  server.GrpcLogAppender (GrpcLogAppender.java:timeoutAppendRequest(200)) - 20e3e33a-5d24-4249-a094-f5376b2f999f@group-5E7A6FC8AAB0->e2c164e2-1dc0-4b87-8a18-d27b9a4a82f5-GrpcLogAppender: appendEntries Timeout, request=20e3e33a-5d24-4249-a094-f5376b2f999f->e2c164e2-1dc0-4b87-8a18-d27b9a4a82f5#135-t1, previous=(t:1, i:22), leaderCommit=16, initializing? false, entries: <empty>
2019-09-10 12:38:14,782 [java.util.concurrent.ThreadPoolExecutor$Worker@5ff660fa[State = -1, empty queue]] WARN  server.GrpcLogAppender (GrpcLogAppender.java:timeoutAppendRequest(200)) - 20e3e33a-5d24-4249-a094-f5376b2f999f@group-5E7A6FC8AAB0->e7ee0826-9905-44f4-ba49-d97620ca9eb2-GrpcLogAppender: appendEntries Timeout, request=20e3e33a-5d24-4249-a094-f5376b2f999f->e7ee0826-9905-44f4-ba49-d97620ca9eb2#135-t1, previous=(t:1, i:22), leaderCommit=16, initializing? false, entries: <empty>
2019-09-10 12:38:17,283 [java.util.concurrent.ThreadPoolExecutor$Worker@5359d0cb[State = -1, empty queue]] WARN  server.GrpcLogAppender (GrpcLogAppender.java:timeoutAppendRequest(200)) - 20e3e33a-5d24-4249-a094-f5376b2f999f@group-5E7A6FC8AAB0->e2c164e2-1dc0-4b87-8a18-d27b9a4a82f5-GrpcLogAppender: appendEntries Timeout, request=20e3e33a-5d24-4249-a094-f5376b2f999f->e2c164e2-1dc0-4b87-8a18-d27b9a4a82f5#136-t1, previous=(t:1, i:22), leaderCommit=16, initializing? false, entries: <empty>
2019-09-10 12:38:17,283 [java.util.concurrent.ThreadPoolExecutor$Worker@5ff660fa[State = -1, empty queue]] WARN  server.GrpcLogAppender (GrpcLogAppender.java:timeoutAppendRequest(200)) - 20e3e33a-5d24-4249-a094-f5376b2f999f@group-5E7A6FC8AAB0->e7ee0826-9905-44f4-ba49-d97620ca9eb2-GrpcLogAppender: appendEntries Timeout, request=20e3e33a-5d24-4249-a094-f5376b2f999f->e7ee0826-9905-44f4-ba49-d97620ca9eb2#136-t1, previous=(t:1, i:22), leaderCommit=16, initializing? false, entries: <empty>
2019-09-10 12:38:17,561 [grpc-default-executor-3] INFO  client.GrpcClientProtocolClient (GrpcClientProtocolClient.java:onNext(264)) - client-B8915AA43604->e7ee0826-9905-44f4-ba49-d97620ca9eb2: receive RaftClientReply:client-B8915AA43604->e7ee0826-9905-44f4-ba49-d97620ca9eb2@group-5E7A6FC8AAB0, cid=50, FAILED org.apache.ratis.protocol.NotLeaderException: Server e7ee0826-9905-44f4-ba49-d97620ca9eb2@group-5E7A6FC8AAB0 is not the leader 20e3e33a-5d24-4249-a094-f5376b2f999f:192.168.34.50:46569, logIndex=0, commits[e7ee0826-9905-44f4-ba49-d97620ca9eb2:c16, e2c164e2-1dc0-4b87-8a18-d27b9a4a82f5:c14, 20e3e33a-5d24-4249-a094-f5376b2f999f:c16]
2019-09-10 12:38:19,783 [java.util.concurrent.ThreadPoolExecutor$Worker@5ff660fa[State = -1, empty queue]] WARN  server.GrpcLogAppender (GrpcLogAppender.java:timeoutAppendRequest(200)) - 20e3e33a-5d24-4249-a094-f5376b2f999f@group-5E7A6FC8AAB0->e7ee0826-9905-44f4-ba49-d97620ca9eb2-GrpcLogAppender: appendEntries Timeout, request=20e3e33a-5d24-4249-a094-f5376b2f999f->e7ee0826-9905-44f4-ba49-d97620ca9eb2#137-t1, previous=(t:1, i:22), leaderCommit=16, initializing? false, entries: <empty>
2019-09-10 12:38:19,783 [java.util.concurrent.ThreadPoolExecutor$Worker@5359d0cb[State = -1, empty queue]] WARN  server.GrpcLogAppender (GrpcLogAppender.java:timeoutAppendRequest(200)) - 20e3e33a-5d24-4249-a094-f5376b2f999f@group-5E7A6FC8AAB0->e2c164e2-1dc0-4b87-8a18-d27b9a4a82f5-GrpcLogAppender: appendEntries Timeout, request=20e3e33a-5d24-4249-a094-f5376b2f999f->e2c164e2-1dc0-4b87-8a18-d27b9a4a82f5#137-t1, previous=(t:1, i:22), leaderCommit=16, initializing? false, entries: <empty>
2019-09-10 12:38:21,757 [e7ee0826-9905-44f4-ba49-d97620ca9eb2@group-5E7A6FC8AAB0-SegmentedRaftLogWorker] WARN  segmented.SegmentedRaftLogWorker (SegmentedRaftLogWorker.java:getFromFuture(90)) - Timeout 8/~
org.apache.ratis.protocol.TimeoutIOException: Timeout 10s: WriteLog:17: (t:1, i:17), STATEMACHINELOGENTRY, client-B8915AA43604, cid=50-writeStateMachineData
	at org.apache.ratis.util.IOUtils.getFromFuture(IOUtils.java:87)
	at org.apache.ratis.server.raftlog.segmented.SegmentedRaftLogWorker$StateMachineDataPolicy.getFromFuture(SegmentedRaftLogWorker.java:87)
	at org.apache.ratis.server.raftlog.segmented.SegmentedRaftLogWorker$WriteLog.execute(SegmentedRaftLogWorker.java:477)
	at org.apache.ratis.server.raftlog.segmented.SegmentedRaftLogWorker.run(SegmentedRaftLogWorker.java:289)
	at java.lang.Thread.run(Thread.java:748)
Caused by: java.util.concurrent.TimeoutException
	at java.util.concurrent.CompletableFuture.timedGet(CompletableFuture.java:1771)
	at java.util.concurrent.CompletableFuture.get(CompletableFuture.java:1915)
	at org.apache.ratis.util.IOUtils.getFromFuture(IOUtils.java:79)
	... 4 more
2019-09-10 12:38:21,775 [e2c164e2-1dc0-4b87-8a18-d27b9a4a82f5@group-5E7A6FC8AAB0-SegmentedRaftLogWorker] WARN  segmented.SegmentedRaftLogWorker (SegmentedRaftLogWorker.java:getFromFuture(90)) - Timeout 8/~
org.apache.ratis.protocol.TimeoutIOException: Timeout 10s: WriteLog:17: (t:1, i:17), STATEMACHINELOGENTRY, client-B8915AA43604, cid=50-writeStateMachineData
	at org.apache.ratis.util.IOUtils.getFromFuture(IOUtils.java:87)
	at org.apache.ratis.server.raftlog.segmented.SegmentedRaftLogWorker$StateMachineDataPolicy.getFromFuture(SegmentedRaftLogWorker.java:87)
	at org.apache.ratis.server.raftlog.segmented.SegmentedRaftLogWorker$WriteLog.execute(SegmentedRaftLogWorker.java:477)
	at org.apache.ratis.server.raftlog.segmented.SegmentedRaftLogWorker.run(SegmentedRaftLogWorker.java:289)
	at java.lang.Thread.run(Thread.java:748)
Caused by: java.util.concurrent.TimeoutException
	at java.util.concurrent.CompletableFuture.timedGet(CompletableFuture.java:1771)
	at java.util.concurrent.CompletableFuture.get(CompletableFuture.java:1915)
	at org.apache.ratis.util.IOUtils.getFromFuture(IOUtils.java:79)
	... 4 more
2019-09-10 12:38:21,893 [20e3e33a-5d24-4249-a094-f5376b2f999f@group-5E7A6FC8AAB0-SegmentedRaftLogWorker] WARN  segmented.SegmentedRaftLogWorker (SegmentedRaftLogWorker.java:getFromFuture(90)) - Timeout 8/~
org.apache.ratis.protocol.TimeoutIOException: Timeout 10s: WriteLog:18: (t:1, i:18), STATEMACHINELOGENTRY, client-B8915AA43604, cid=51-writeStateMachineData
	at org.apache.ratis.util.IOUtils.getFromFuture(IOUtils.java:87)
	at org.apache.ratis.server.raftlog.segmented.SegmentedRaftLogWorker$StateMachineDataPolicy.getFromFuture(SegmentedRaftLogWorker.java:87)
	at org.apache.ratis.server.raftlog.segmented.SegmentedRaftLogWorker$WriteLog.execute(SegmentedRaftLogWorker.java:477)
	at org.apache.ratis.server.raftlog.segmented.SegmentedRaftLogWorker.run(SegmentedRaftLogWorker.java:289)
	at java.lang.Thread.run(Thread.java:748)
Caused by: java.util.concurrent.TimeoutException
	at java.util.concurrent.CompletableFuture.timedGet(CompletableFuture.java:1771)
	at java.util.concurrent.CompletableFuture.get(CompletableFuture.java:1915)
	at org.apache.ratis.util.IOUtils.getFromFuture(IOUtils.java:79)
	... 4 more
2019-09-10 12:38:22,283 [java.util.concurrent.ThreadPoolExecutor$Worker@5359d0cb[State = -1, empty queue]] WARN  server.GrpcLogAppender (GrpcLogAppender.java:timeoutAppendRequest(200)) - 20e3e33a-5d24-4249-a094-f5376b2f999f@group-5E7A6FC8AAB0->e2c164e2-1dc0-4b87-8a18-d27b9a4a82f5-GrpcLogAppender: appendEntries Timeout, request=20e3e33a-5d24-4249-a094-f5376b2f999f->e2c164e2-1dc0-4b87-8a18-d27b9a4a82f5#138-t1, previous=(t:1, i:22), leaderCommit=16, initializing? false, entries: <empty>
2019-09-10 12:38:22,283 [java.util.concurrent.ThreadPoolExecutor$Worker@5ff660fa[State = -1, empty queue]] WARN  server.GrpcLogAppender (GrpcLogAppender.java:timeoutAppendRequest(200)) - 20e3e33a-5d24-4249-a094-f5376b2f999f@group-5E7A6FC8AAB0->e7ee0826-9905-44f4-ba49-d97620ca9eb2-GrpcLogAppender: appendEntries Timeout, request=20e3e33a-5d24-4249-a094-f5376b2f999f->e7ee0826-9905-44f4-ba49-d97620ca9eb2#138-t1, previous=(t:1, i:22), leaderCommit=16, initializing? false, entries: <empty>
2019-09-10 12:38:22,611 [grpc-default-executor-2] INFO  client.GrpcClientProtocolClient (GrpcClientProtocolClient.java:onNext(264)) - client-B8915AA43604->e7ee0826-9905-44f4-ba49-d97620ca9eb2: receive RaftClientReply:client-B8915AA43604->e7ee0826-9905-44f4-ba49-d97620ca9eb2@group-5E7A6FC8AAB0, cid=50, FAILED org.apache.ratis.protocol.NotLeaderException: Server e7ee0826-9905-44f4-ba49-d97620ca9eb2@group-5E7A6FC8AAB0 is not the leader 20e3e33a-5d24-4249-a094-f5376b2f999f:192.168.34.50:46569, logIndex=0, commits[e7ee0826-9905-44f4-ba49-d97620ca9eb2:c16, e2c164e2-1dc0-4b87-8a18-d27b9a4a82f5:c14, 20e3e33a-5d24-4249-a094-f5376b2f999f:c16]
2019-09-10 12:38:24,784 [java.util.concurrent.ThreadPoolExecutor$Worker@5359d0cb[State = -1, empty queue]] WARN  server.GrpcLogAppender (GrpcLogAppender.java:timeoutAppendRequest(200)) - 20e3e33a-5d24-4249-a094-f5376b2f999f@group-5E7A6FC8AAB0->e2c164e2-1dc0-4b87-8a18-d27b9a4a82f5-GrpcLogAppender: appendEntries Timeout, request=20e3e33a-5d24-4249-a094-f5376b2f999f->e2c164e2-1dc0-4b87-8a18-d27b9a4a82f5#139-t1, previous=(t:1, i:22), leaderCommit=16, initializing? false, entries: <empty>
2019-09-10 12:38:24,784 [java.util.concurrent.ThreadPoolExecutor$Worker@5ff660fa[State = -1, empty queue]] WARN  server.GrpcLogAppender (GrpcLogAppender.java:timeoutAppendRequest(200)) - 20e3e33a-5d24-4249-a094-f5376b2f999f@group-5E7A6FC8AAB0->e7ee0826-9905-44f4-ba49-d97620ca9eb2-GrpcLogAppender: appendEntries Timeout, request=20e3e33a-5d24-4249-a094-f5376b2f999f->e7ee0826-9905-44f4-ba49-d97620ca9eb2#139-t1, previous=(t:1, i:22), leaderCommit=16, initializing? false, entries: <empty>
2019-09-10 12:38:26,647 [ReplicationMonitor] INFO  container.ReplicationManager (ReplicationManager.java:forceCloseContainer(464)) - Force closing container #1 with BCSID 4, which is in QUASI_CLOSED state.
2019-09-10 12:38:26,649 [ReplicationMonitor] INFO  container.ReplicationManager (ReplicationManager.java:sendCloseCommand(659)) - Sending close container command for container #1 to datanode 33fcc201-48fd-47f6-879d-4d238b82d8e9{ip: 192.168.34.50, host: pr-hdds-1879-pp2l2-2511026898, networkLocation: /default-rack, certSerialId: null}.
2019-09-10 12:38:26,650 [ReplicationMonitor] INFO  container.ReplicationManager (ReplicationManager.java:sendCloseCommand(659)) - Sending close container command for container #1 to datanode bda12bde-a9da-41da-b7e7-5c1ce23ab93c{ip: 192.168.34.50, host: pr-hdds-1879-pp2l2-2511026898, networkLocation: /default-rack, certSerialId: null}.
2019-09-10 12:38:26,650 [ReplicationMonitor] INFO  container.ReplicationManager (ReplicationManager.java:sendCloseCommand(659)) - Sending close container command for container #1 to datanode c5411d41-1b0a-4036-bc03-3ae3d66d2b07{ip: 192.168.34.50, host: pr-hdds-1879-pp2l2-2511026898, networkLocation: /default-rack, certSerialId: null}.
2019-09-10 12:38:26,650 [ReplicationMonitor] INFO  container.ReplicationManager (ReplicationManager.java:forceCloseContainer(464)) - Force closing container #2 with BCSID 12, which is in QUASI_CLOSED state.
2019-09-10 12:38:26,650 [ReplicationMonitor] INFO  container.ReplicationManager (ReplicationManager.java:sendCloseCommand(659)) - Sending close container command for container #2 to datanode 33fcc201-48fd-47f6-879d-4d238b82d8e9{ip: 192.168.34.50, host: pr-hdds-1879-pp2l2-2511026898, networkLocation: /default-rack, certSerialId: null}.
2019-09-10 12:38:26,650 [ReplicationMonitor] INFO  container.ReplicationManager (ReplicationManager.java:sendCloseCommand(659)) - Sending close container command for container #2 to datanode bda12bde-a9da-41da-b7e7-5c1ce23ab93c{ip: 192.168.34.50, host: pr-hdds-1879-pp2l2-2511026898, networkLocation: /default-rack, certSerialId: null}.
2019-09-10 12:38:26,650 [ReplicationMonitor] INFO  container.ReplicationManager (ReplicationManager.java:sendCloseCommand(659)) - Sending close container command for container #2 to datanode c5411d41-1b0a-4036-bc03-3ae3d66d2b07{ip: 192.168.34.50, host: pr-hdds-1879-pp2l2-2511026898, networkLocation: /default-rack, certSerialId: null}.
2019-09-10 12:38:26,650 [ReplicationMonitor] INFO  container.ReplicationManager (ReplicationManager.java:forceCloseContainer(464)) - Force closing container #3 with BCSID 0, which is in QUASI_CLOSED state.
2019-09-10 12:38:26,651 [ReplicationMonitor] INFO  container.ReplicationManager (ReplicationManager.java:sendCloseCommand(659)) - Sending close container command for container #3 to datanode 33fcc201-48fd-47f6-879d-4d238b82d8e9{ip: 192.168.34.50, host: pr-hdds-1879-pp2l2-2511026898, networkLocation: /default-rack, certSerialId: null}.
2019-09-10 12:38:26,651 [ReplicationMonitor] INFO  container.ReplicationManager (ReplicationManager.java:sendCloseCommand(659)) - Sending close container command for container #3 to datanode bda12bde-a9da-41da-b7e7-5c1ce23ab93c{ip: 192.168.34.50, host: pr-hdds-1879-pp2l2-2511026898, networkLocation: /default-rack, certSerialId: null}.
2019-09-10 12:38:26,651 [ReplicationMonitor] INFO  container.ReplicationManager (ReplicationManager.java:sendCloseCommand(659)) - Sending close container command for container #3 to datanode c5411d41-1b0a-4036-bc03-3ae3d66d2b07{ip: 192.168.34.50, host: pr-hdds-1879-pp2l2-2511026898, networkLocation: /default-rack, certSerialId: null}.
2019-09-10 12:38:26,651 [ReplicationMonitor] INFO  container.ReplicationManager (ReplicationManager.java:run(225)) - Replication Monitor Thread took 27 milliseconds for processing 7 containers.
2019-09-10 12:38:27,284 [java.util.concurrent.ThreadPoolExecutor$Worker@5ff660fa[State = -1, empty queue]] WARN  server.GrpcLogAppender (GrpcLogAppender.java:timeoutAppendRequest(200)) - 20e3e33a-5d24-4249-a094-f5376b2f999f@group-5E7A6FC8AAB0->e7ee0826-9905-44f4-ba49-d97620ca9eb2-GrpcLogAppender: appendEntries Timeout, request=20e3e33a-5d24-4249-a094-f5376b2f999f->e7ee0826-9905-44f4-ba49-d97620ca9eb2#140-t1, previous=(t:1, i:22), leaderCommit=16, initializing? false, entries: <empty>
2019-09-10 12:38:27,284 [java.util.concurrent.ThreadPoolExecutor$Worker@5359d0cb[State = -1, empty queue]] WARN  server.GrpcLogAppender (GrpcLogAppender.java:timeoutAppendRequest(200)) - 20e3e33a-5d24-4249-a094-f5376b2f999f@group-5E7A6FC8AAB0->e2c164e2-1dc0-4b87-8a18-d27b9a4a82f5-GrpcLogAppender: appendEntries Timeout, request=20e3e33a-5d24-4249-a094-f5376b2f999f->e2c164e2-1dc0-4b87-8a18-d27b9a4a82f5#140-t1, previous=(t:1, i:22), leaderCommit=16, initializing? false, entries: <empty>
2019-09-10 12:38:27,662 [grpc-default-executor-2] INFO  client.GrpcClientProtocolClient (GrpcClientProtocolClient.java:onNext(264)) - client-B8915AA43604->e2c164e2-1dc0-4b87-8a18-d27b9a4a82f5: receive RaftClientReply:client-B8915AA43604->e2c164e2-1dc0-4b87-8a18-d27b9a4a82f5@group-5E7A6FC8AAB0, cid=50, FAILED org.apache.ratis.protocol.NotLeaderException: Server e2c164e2-1dc0-4b87-8a18-d27b9a4a82f5@group-5E7A6FC8AAB0 is not the leader 20e3e33a-5d24-4249-a094-f5376b2f999f:192.168.34.50:46569, logIndex=0, commits[e2c164e2-1dc0-4b87-8a18-d27b9a4a82f5:c16, e7ee0826-9905-44f4-ba49-d97620ca9eb2:c14, 20e3e33a-5d24-4249-a094-f5376b2f999f:c16]
2019-09-10 12:38:28,017 [Command processor thread] INFO  interfaces.Container (KeyValueContainer.java:flushAndSyncDB(384)) - Container 1 is synced with bcsId 4.
2019-09-10 12:38:28,017 [Command processor thread] INFO  interfaces.Container (KeyValueContainer.java:flushAndSyncDB(384)) - Container 1 is synced with bcsId 4.
2019-09-10 12:38:28,020 [Command processor thread] INFO  interfaces.Container (KeyValueContainer.java:flushAndSyncDB(384)) - Container 1 is synced with bcsId 4.
2019-09-10 12:38:28,021 [Command processor thread] INFO  interfaces.Container (KeyValueContainer.java:flushAndSyncDB(384)) - Container 1 is synced with bcsId 4.
2019-09-10 12:38:28,201 [Command processor thread] INFO  interfaces.Container (KeyValueContainer.java:close(333)) - Container 1 is closed with bcsId 4.
2019-09-10 12:38:28,201 [Command processor thread] INFO  interfaces.Container (KeyValueContainer.java:close(333)) - Container 1 is closed with bcsId 4.
2019-09-10 12:38:28,202 [Command processor thread] INFO  interfaces.Container (KeyValueContainer.java:flushAndSyncDB(384)) - Container 2 is synced with bcsId 12.
2019-09-10 12:38:28,202 [Command processor thread] INFO  interfaces.Container (KeyValueContainer.java:flushAndSyncDB(384)) - Container 2 is synced with bcsId 12.
2019-09-10 12:38:28,202 [Command processor thread] INFO  interfaces.Container (KeyValueContainer.java:flushAndSyncDB(384)) - Container 2 is synced with bcsId 12.
2019-09-10 12:38:28,202 [Command processor thread] INFO  interfaces.Container (KeyValueContainer.java:flushAndSyncDB(384)) - Container 2 is synced with bcsId 12.
2019-09-10 12:38:28,204 [EventQueue-IncrementalContainerReportForIncrementalContainerReportHandler] INFO  container.IncrementalContainerReportHandler (AbstractContainerReportHandler.java:updateContainerState(202)) - Moving container #1 to CLOSED state, datanode 33fcc201-48fd-47f6-879d-4d238b82d8e9{ip: 192.168.34.50, host: pr-hdds-1879-pp2l2-2511026898, networkLocation: /default-rack, certSerialId: null} reported CLOSED replica.
2019-09-10 12:38:28,218 [Command processor thread] INFO  interfaces.Container (KeyValueContainer.java:close(333)) - Container 2 is closed with bcsId 12.
2019-09-10 12:38:28,218 [Command processor thread] INFO  interfaces.Container (KeyValueContainer.java:close(333)) - Container 2 is closed with bcsId 12.
2019-09-10 12:38:28,218 [Command processor thread] INFO  interfaces.Container (KeyValueContainer.java:flushAndSyncDB(384)) - Container 3 is synced with bcsId 0.
2019-09-10 12:38:28,218 [Command processor thread] INFO  interfaces.Container (KeyValueContainer.java:flushAndSyncDB(384)) - Container 3 is synced with bcsId 0.
2019-09-10 12:38:28,218 [Command processor thread] INFO  interfaces.Container (KeyValueContainer.java:flushAndSyncDB(384)) - Container 3 is synced with bcsId 0.
2019-09-10 12:38:28,218 [Command processor thread] INFO  interfaces.Container (KeyValueContainer.java:flushAndSyncDB(384)) - Container 3 is synced with bcsId 0.
2019-09-10 12:38:28,218 [EventQueue-IncrementalContainerReportForIncrementalContainerReportHandler] INFO  container.IncrementalContainerReportHandler (AbstractContainerReportHandler.java:updateContainerState(202)) - Moving container #2 to CLOSED state, datanode c5411d41-1b0a-4036-bc03-3ae3d66d2b07{ip: 192.168.34.50, host: pr-hdds-1879-pp2l2-2511026898, networkLocation: /default-rack, certSerialId: null} reported CLOSED replica.
2019-09-10 12:38:28,232 [Command processor thread] INFO  interfaces.Container (KeyValueContainer.java:close(333)) - Container 3 is closed with bcsId 0.
2019-09-10 12:38:28,232 [Command processor thread] INFO  interfaces.Container (KeyValueContainer.java:close(333)) - Container 3 is closed with bcsId 0.
2019-09-10 12:38:28,232 [EventQueue-IncrementalContainerReportForIncrementalContainerReportHandler] INFO  container.IncrementalContainerReportHandler (AbstractContainerReportHandler.java:updateContainerState(202)) - Moving container #3 to CLOSED state, datanode c5411d41-1b0a-4036-bc03-3ae3d66d2b07{ip: 192.168.34.50, host: pr-hdds-1879-pp2l2-2511026898, networkLocation: /default-rack, certSerialId: null} reported CLOSED replica.
2019-09-10 12:38:29,017 [Command processor thread] INFO  interfaces.Container (KeyValueContainer.java:flushAndSyncDB(384)) - Container 1 is synced with bcsId 4.
2019-09-10 12:38:29,018 [Command processor thread] INFO  interfaces.Container (KeyValueContainer.java:flushAndSyncDB(384)) - Container 1 is synced with bcsId 4.
2019-09-10 12:38:29,037 [Command processor thread] INFO  interfaces.Container (KeyValueContainer.java:close(333)) - Container 1 is closed with bcsId 4.
2019-09-10 12:38:29,037 [Command processor thread] INFO  interfaces.Container (KeyValueContainer.java:flushAndSyncDB(384)) - Container 2 is synced with bcsId 12.
2019-09-10 12:38:29,037 [Command processor thread] INFO  interfaces.Container (KeyValueContainer.java:flushAndSyncDB(384)) - Container 2 is synced with bcsId 12.
2019-09-10 12:38:29,051 [Command processor thread] INFO  interfaces.Container (KeyValueContainer.java:close(333)) - Container 2 is closed with bcsId 12.
2019-09-10 12:38:29,051 [Command processor thread] INFO  interfaces.Container (KeyValueContainer.java:flushAndSyncDB(384)) - Container 3 is synced with bcsId 0.
2019-09-10 12:38:29,051 [Command processor thread] INFO  interfaces.Container (KeyValueContainer.java:flushAndSyncDB(384)) - Container 3 is synced with bcsId 0.
2019-09-10 12:38:29,065 [Command processor thread] INFO  interfaces.Container (KeyValueContainer.java:close(333)) - Container 3 is closed with bcsId 0.
2019-09-10 12:38:29,785 [java.util.concurrent.ThreadPoolExecutor$Worker@5ff660fa[State = -1, empty queue]] WARN  server.GrpcLogAppender (GrpcLogAppender.java:timeoutAppendRequest(200)) - 20e3e33a-5d24-4249-a094-f5376b2f999f@group-5E7A6FC8AAB0->e7ee0826-9905-44f4-ba49-d97620ca9eb2-GrpcLogAppender: appendEntries Timeout, request=20e3e33a-5d24-4249-a094-f5376b2f999f->e7ee0826-9905-44f4-ba49-d97620ca9eb2#141-t1, previous=(t:1, i:22), leaderCommit=16, initializing? false, entries: <empty>
2019-09-10 12:38:29,785 [java.util.concurrent.ThreadPoolExecutor$Worker@5359d0cb[State = -1, empty queue]] WARN  server.GrpcLogAppender (GrpcLogAppender.java:timeoutAppendRequest(200)) - 20e3e33a-5d24-4249-a094-f5376b2f999f@group-5E7A6FC8AAB0->e2c164e2-1dc0-4b87-8a18-d27b9a4a82f5-GrpcLogAppender: appendEntries Timeout, request=20e3e33a-5d24-4249-a094-f5376b2f999f->e2c164e2-1dc0-4b87-8a18-d27b9a4a82f5#141-t1, previous=(t:1, i:22), leaderCommit=16, initializing? false, entries: <empty>
2019-09-10 12:38:31,759 [e7ee0826-9905-44f4-ba49-d97620ca9eb2@group-5E7A6FC8AAB0-SegmentedRaftLogWorker] WARN  segmented.SegmentedRaftLogWorker (SegmentedRaftLogWorker.java:getFromFuture(90)) - Timeout 9/~
org.apache.ratis.protocol.TimeoutIOException: Timeout 10s: WriteLog:17: (t:1, i:17), STATEMACHINELOGENTRY, client-B8915AA43604, cid=50-writeStateMachineData
	at org.apache.ratis.util.IOUtils.getFromFuture(IOUtils.java:87)
	at org.apache.ratis.server.raftlog.segmented.SegmentedRaftLogWorker$StateMachineDataPolicy.getFromFuture(SegmentedRaftLogWorker.java:87)
	at org.apache.ratis.server.raftlog.segmented.SegmentedRaftLogWorker$WriteLog.execute(SegmentedRaftLogWorker.java:477)
	at org.apache.ratis.server.raftlog.segmented.SegmentedRaftLogWorker.run(SegmentedRaftLogWorker.java:289)
	at java.lang.Thread.run(Thread.java:748)
Caused by: java.util.concurrent.TimeoutException
	at java.util.concurrent.CompletableFuture.timedGet(CompletableFuture.java:1771)
	at java.util.concurrent.CompletableFuture.get(CompletableFuture.java:1915)
	at org.apache.ratis.util.IOUtils.getFromFuture(IOUtils.java:79)
	... 4 more
2019-09-10 12:38:31,776 [e2c164e2-1dc0-4b87-8a18-d27b9a4a82f5@group-5E7A6FC8AAB0-SegmentedRaftLogWorker] WARN  segmented.SegmentedRaftLogWorker (SegmentedRaftLogWorker.java:getFromFuture(90)) - Timeout 9/~
org.apache.ratis.protocol.TimeoutIOException: Timeout 10s: WriteLog:17: (t:1, i:17), STATEMACHINELOGENTRY, client-B8915AA43604, cid=50-writeStateMachineData
	at org.apache.ratis.util.IOUtils.getFromFuture(IOUtils.java:87)
	at org.apache.ratis.server.raftlog.segmented.SegmentedRaftLogWorker$StateMachineDataPolicy.getFromFuture(SegmentedRaftLogWorker.java:87)
	at org.apache.ratis.server.raftlog.segmented.SegmentedRaftLogWorker$WriteLog.execute(SegmentedRaftLogWorker.java:477)
	at org.apache.ratis.server.raftlog.segmented.SegmentedRaftLogWorker.run(SegmentedRaftLogWorker.java:289)
	at java.lang.Thread.run(Thread.java:748)
Caused by: java.util.concurrent.TimeoutException
	at java.util.concurrent.CompletableFuture.timedGet(CompletableFuture.java:1771)
	at java.util.concurrent.CompletableFuture.get(CompletableFuture.java:1915)
	at org.apache.ratis.util.IOUtils.getFromFuture(IOUtils.java:79)
	... 4 more
2019-09-10 12:38:31,893 [20e3e33a-5d24-4249-a094-f5376b2f999f@group-5E7A6FC8AAB0-SegmentedRaftLogWorker] WARN  segmented.SegmentedRaftLogWorker (SegmentedRaftLogWorker.java:getFromFuture(90)) - Timeout 9/~
org.apache.ratis.protocol.TimeoutIOException: Timeout 10s: WriteLog:18: (t:1, i:18), STATEMACHINELOGENTRY, client-B8915AA43604, cid=51-writeStateMachineData
	at org.apache.ratis.util.IOUtils.getFromFuture(IOUtils.java:87)
	at org.apache.ratis.server.raftlog.segmented.SegmentedRaftLogWorker$StateMachineDataPolicy.getFromFuture(SegmentedRaftLogWorker.java:87)
	at org.apache.ratis.server.raftlog.segmented.SegmentedRaftLogWorker$WriteLog.execute(SegmentedRaftLogWorker.java:477)
	at org.apache.ratis.server.raftlog.segmented.SegmentedRaftLogWorker.run(SegmentedRaftLogWorker.java:289)
	at java.lang.Thread.run(Thread.java:748)
Caused by: java.util.concurrent.TimeoutException
	at java.util.concurrent.CompletableFuture.timedGet(CompletableFuture.java:1771)
	at java.util.concurrent.CompletableFuture.get(CompletableFuture.java:1915)
	at org.apache.ratis.util.IOUtils.getFromFuture(IOUtils.java:79)
	... 4 more
2019-09-10 12:38:32,285 [java.util.concurrent.ThreadPoolExecutor$Worker@5359d0cb[State = -1, empty queue]] WARN  server.GrpcLogAppender (GrpcLogAppender.java:timeoutAppendRequest(200)) - 20e3e33a-5d24-4249-a094-f5376b2f999f@group-5E7A6FC8AAB0->e2c164e2-1dc0-4b87-8a18-d27b9a4a82f5-GrpcLogAppender: appendEntries Timeout, request=20e3e33a-5d24-4249-a094-f5376b2f999f->e2c164e2-1dc0-4b87-8a18-d27b9a4a82f5#142-t1, previous=(t:1, i:22), leaderCommit=16, initializing? false, entries: <empty>
2019-09-10 12:38:32,285 [java.util.concurrent.ThreadPoolExecutor$Worker@5ff660fa[State = -1, empty queue]] WARN  server.GrpcLogAppender (GrpcLogAppender.java:timeoutAppendRequest(200)) - 20e3e33a-5d24-4249-a094-f5376b2f999f@group-5E7A6FC8AAB0->e7ee0826-9905-44f4-ba49-d97620ca9eb2-GrpcLogAppender: appendEntries Timeout, request=20e3e33a-5d24-4249-a094-f5376b2f999f->e7ee0826-9905-44f4-ba49-d97620ca9eb2#142-t1, previous=(t:1, i:22), leaderCommit=16, initializing? false, entries: <empty>
2019-09-10 12:38:32,709 [grpc-default-executor-2] INFO  client.GrpcClientProtocolClient (GrpcClientProtocolClient.java:onNext(264)) - client-B8915AA43604->e2c164e2-1dc0-4b87-8a18-d27b9a4a82f5: receive RaftClientReply:client-B8915AA43604->e2c164e2-1dc0-4b87-8a18-d27b9a4a82f5@group-5E7A6FC8AAB0, cid=50, FAILED org.apache.ratis.protocol.NotLeaderException: Server e2c164e2-1dc0-4b87-8a18-d27b9a4a82f5@group-5E7A6FC8AAB0 is not the leader 20e3e33a-5d24-4249-a094-f5376b2f999f:192.168.34.50:46569, logIndex=0, commits[e2c164e2-1dc0-4b87-8a18-d27b9a4a82f5:c16, e7ee0826-9905-44f4-ba49-d97620ca9eb2:c14, 20e3e33a-5d24-4249-a094-f5376b2f999f:c16]
2019-09-10 12:38:34,785 [java.util.concurrent.ThreadPoolExecutor$Worker@5359d0cb[State = -1, empty queue]] WARN  server.GrpcLogAppender (GrpcLogAppender.java:timeoutAppendRequest(200)) - 20e3e33a-5d24-4249-a094-f5376b2f999f@group-5E7A6FC8AAB0->e2c164e2-1dc0-4b87-8a18-d27b9a4a82f5-GrpcLogAppender: appendEntries Timeout, request=20e3e33a-5d24-4249-a094-f5376b2f999f->e2c164e2-1dc0-4b87-8a18-d27b9a4a82f5#143-t1, previous=(t:1, i:22), leaderCommit=16, initializing? false, entries: <empty>
2019-09-10 12:38:34,785 [java.util.concurrent.ThreadPoolExecutor$Worker@5ff660fa[State = -1, empty queue]] WARN  server.GrpcLogAppender (GrpcLogAppender.java:timeoutAppendRequest(200)) - 20e3e33a-5d24-4249-a094-f5376b2f999f@group-5E7A6FC8AAB0->e7ee0826-9905-44f4-ba49-d97620ca9eb2-GrpcLogAppender: appendEntries Timeout, request=20e3e33a-5d24-4249-a094-f5376b2f999f->e7ee0826-9905-44f4-ba49-d97620ca9eb2#143-t1, previous=(t:1, i:22), leaderCommit=16, initializing? false, entries: <empty>
2019-09-10 12:38:37,286 [java.util.concurrent.ThreadPoolExecutor$Worker@5ff660fa[State = -1, empty queue]] WARN  server.GrpcLogAppender (GrpcLogAppender.java:timeoutAppendRequest(200)) - 20e3e33a-5d24-4249-a094-f5376b2f999f@group-5E7A6FC8AAB0->e7ee0826-9905-44f4-ba49-d97620ca9eb2-GrpcLogAppender: appendEntries Timeout, request=20e3e33a-5d24-4249-a094-f5376b2f999f->e7ee0826-9905-44f4-ba49-d97620ca9eb2#144-t1, previous=(t:1, i:22), leaderCommit=16, initializing? false, entries: <empty>
2019-09-10 12:38:37,286 [java.util.concurrent.ThreadPoolExecutor$Worker@5359d0cb[State = -1, empty queue]] WARN  server.GrpcLogAppender (GrpcLogAppender.java:timeoutAppendRequest(200)) - 20e3e33a-5d24-4249-a094-f5376b2f999f@group-5E7A6FC8AAB0->e2c164e2-1dc0-4b87-8a18-d27b9a4a82f5-GrpcLogAppender: appendEntries Timeout, request=20e3e33a-5d24-4249-a094-f5376b2f999f->e2c164e2-1dc0-4b87-8a18-d27b9a4a82f5#144-t1, previous=(t:1, i:22), leaderCommit=16, initializing? false, entries: <empty>
2019-09-10 12:38:37,780 [grpc-default-executor-3] INFO  client.GrpcClientProtocolClient (GrpcClientProtocolClient.java:onNext(264)) - client-B8915AA43604->e7ee0826-9905-44f4-ba49-d97620ca9eb2: receive RaftClientReply:client-B8915AA43604->e7ee0826-9905-44f4-ba49-d97620ca9eb2@group-5E7A6FC8AAB0, cid=50, FAILED org.apache.ratis.protocol.NotLeaderException: Server e7ee0826-9905-44f4-ba49-d97620ca9eb2@group-5E7A6FC8AAB0 is not the leader 20e3e33a-5d24-4249-a094-f5376b2f999f:192.168.34.50:46569, logIndex=0, commits[e7ee0826-9905-44f4-ba49-d97620ca9eb2:c16, e2c164e2-1dc0-4b87-8a18-d27b9a4a82f5:c14, 20e3e33a-5d24-4249-a094-f5376b2f999f:c16]
2019-09-10 12:38:39,786 [java.util.concurrent.ThreadPoolExecutor$Worker@5359d0cb[State = -1, empty queue]] WARN  server.GrpcLogAppender (GrpcLogAppender.java:timeoutAppendRequest(200)) - 20e3e33a-5d24-4249-a094-f5376b2f999f@group-5E7A6FC8AAB0->e2c164e2-1dc0-4b87-8a18-d27b9a4a82f5-GrpcLogAppender: appendEntries Timeout, request=20e3e33a-5d24-4249-a094-f5376b2f999f->e2c164e2-1dc0-4b87-8a18-d27b9a4a82f5#145-t1, previous=(t:1, i:22), leaderCommit=16, initializing? false, entries: <empty>
2019-09-10 12:38:39,786 [java.util.concurrent.ThreadPoolExecutor$Worker@5ff660fa[State = -1, empty queue]] WARN  server.GrpcLogAppender (GrpcLogAppender.java:timeoutAppendRequest(200)) - 20e3e33a-5d24-4249-a094-f5376b2f999f@group-5E7A6FC8AAB0->e7ee0826-9905-44f4-ba49-d97620ca9eb2-GrpcLogAppender: appendEntries Timeout, request=20e3e33a-5d24-4249-a094-f5376b2f999f->e7ee0826-9905-44f4-ba49-d97620ca9eb2#145-t1, previous=(t:1, i:22), leaderCommit=16, initializing? false, entries: <empty>
2019-09-10 12:38:41,760 [e7ee0826-9905-44f4-ba49-d97620ca9eb2@group-5E7A6FC8AAB0-SegmentedRaftLogWorker] WARN  segmented.SegmentedRaftLogWorker (SegmentedRaftLogWorker.java:getFromFuture(90)) - Timeout 10/~
org.apache.ratis.protocol.TimeoutIOException: Timeout 10s: WriteLog:17: (t:1, i:17), STATEMACHINELOGENTRY, client-B8915AA43604, cid=50-writeStateMachineData
	at org.apache.ratis.util.IOUtils.getFromFuture(IOUtils.java:87)
	at org.apache.ratis.server.raftlog.segmented.SegmentedRaftLogWorker$StateMachineDataPolicy.getFromFuture(SegmentedRaftLogWorker.java:87)
	at org.apache.ratis.server.raftlog.segmented.SegmentedRaftLogWorker$WriteLog.execute(SegmentedRaftLogWorker.java:477)
	at org.apache.ratis.server.raftlog.segmented.SegmentedRaftLogWorker.run(SegmentedRaftLogWorker.java:289)
	at java.lang.Thread.run(Thread.java:748)
Caused by: java.util.concurrent.TimeoutException
	at java.util.concurrent.CompletableFuture.timedGet(CompletableFuture.java:1771)
	at java.util.concurrent.CompletableFuture.get(CompletableFuture.java:1915)
	at org.apache.ratis.util.IOUtils.getFromFuture(IOUtils.java:79)
	... 4 more
2019-09-10 12:38:41,777 [e2c164e2-1dc0-4b87-8a18-d27b9a4a82f5@group-5E7A6FC8AAB0-SegmentedRaftLogWorker] WARN  segmented.SegmentedRaftLogWorker (SegmentedRaftLogWorker.java:getFromFuture(90)) - Timeout 10/~
org.apache.ratis.protocol.TimeoutIOException: Timeout 10s: WriteLog:17: (t:1, i:17), STATEMACHINELOGENTRY, client-B8915AA43604, cid=50-writeStateMachineData
	at org.apache.ratis.util.IOUtils.getFromFuture(IOUtils.java:87)
	at org.apache.ratis.server.raftlog.segmented.SegmentedRaftLogWorker$StateMachineDataPolicy.getFromFuture(SegmentedRaftLogWorker.java:87)
	at org.apache.ratis.server.raftlog.segmented.SegmentedRaftLogWorker$WriteLog.execute(SegmentedRaftLogWorker.java:477)
	at org.apache.ratis.server.raftlog.segmented.SegmentedRaftLogWorker.run(SegmentedRaftLogWorker.java:289)
	at java.lang.Thread.run(Thread.java:748)
Caused by: java.util.concurrent.TimeoutException
	at java.util.concurrent.CompletableFuture.timedGet(CompletableFuture.java:1771)
	at java.util.concurrent.CompletableFuture.get(CompletableFuture.java:1915)
	at org.apache.ratis.util.IOUtils.getFromFuture(IOUtils.java:79)
	... 4 more
2019-09-10 12:38:41,894 [20e3e33a-5d24-4249-a094-f5376b2f999f@group-5E7A6FC8AAB0-SegmentedRaftLogWorker] WARN  segmented.SegmentedRaftLogWorker (SegmentedRaftLogWorker.java:getFromFuture(90)) - Timeout 10/~
org.apache.ratis.protocol.TimeoutIOException: Timeout 10s: WriteLog:18: (t:1, i:18), STATEMACHINELOGENTRY, client-B8915AA43604, cid=51-writeStateMachineData
	at org.apache.ratis.util.IOUtils.getFromFuture(IOUtils.java:87)
	at org.apache.ratis.server.raftlog.segmented.SegmentedRaftLogWorker$StateMachineDataPolicy.getFromFuture(SegmentedRaftLogWorker.java:87)
	at org.apache.ratis.server.raftlog.segmented.SegmentedRaftLogWorker$WriteLog.execute(SegmentedRaftLogWorker.java:477)
	at org.apache.ratis.server.raftlog.segmented.SegmentedRaftLogWorker.run(SegmentedRaftLogWorker.java:289)
	at java.lang.Thread.run(Thread.java:748)
Caused by: java.util.concurrent.TimeoutException
	at java.util.concurrent.CompletableFuture.timedGet(CompletableFuture.java:1771)
	at java.util.concurrent.CompletableFuture.get(CompletableFuture.java:1915)
	at org.apache.ratis.util.IOUtils.getFromFuture(IOUtils.java:79)
	... 4 more
2019-09-10 12:38:42,286 [java.util.concurrent.ThreadPoolExecutor$Worker@5ff660fa[State = -1, empty queue]] WARN  server.GrpcLogAppender (GrpcLogAppender.java:timeoutAppendRequest(200)) - 20e3e33a-5d24-4249-a094-f5376b2f999f@group-5E7A6FC8AAB0->e7ee0826-9905-44f4-ba49-d97620ca9eb2-GrpcLogAppender: appendEntries Timeout, request=20e3e33a-5d24-4249-a094-f5376b2f999f->e7ee0826-9905-44f4-ba49-d97620ca9eb2#146-t1, previous=(t:1, i:22), leaderCommit=16, initializing? false, entries: <empty>
2019-09-10 12:38:42,286 [java.util.concurrent.ThreadPoolExecutor$Worker@5359d0cb[State = -1, empty queue]] WARN  server.GrpcLogAppender (GrpcLogAppender.java:timeoutAppendRequest(200)) - 20e3e33a-5d24-4249-a094-f5376b2f999f@group-5E7A6FC8AAB0->e2c164e2-1dc0-4b87-8a18-d27b9a4a82f5-GrpcLogAppender: appendEntries Timeout, request=20e3e33a-5d24-4249-a094-f5376b2f999f->e2c164e2-1dc0-4b87-8a18-d27b9a4a82f5#146-t1, previous=(t:1, i:22), leaderCommit=16, initializing? false, entries: <empty>
2019-09-10 12:38:42,823 [grpc-default-executor-2] INFO  client.GrpcClientProtocolClient (GrpcClientProtocolClient.java:onNext(264)) - client-B8915AA43604->e7ee0826-9905-44f4-ba49-d97620ca9eb2: receive RaftClientReply:client-B8915AA43604->e7ee0826-9905-44f4-ba49-d97620ca9eb2@group-5E7A6FC8AAB0, cid=50, FAILED org.apache.ratis.protocol.NotLeaderException: Server e7ee0826-9905-44f4-ba49-d97620ca9eb2@group-5E7A6FC8AAB0 is not the leader 20e3e33a-5d24-4249-a094-f5376b2f999f:192.168.34.50:46569, logIndex=0, commits[e7ee0826-9905-44f4-ba49-d97620ca9eb2:c16, e2c164e2-1dc0-4b87-8a18-d27b9a4a82f5:c14, 20e3e33a-5d24-4249-a094-f5376b2f999f:c16]
2019-09-10 12:38:44,787 [java.util.concurrent.ThreadPoolExecutor$Worker@5ff660fa[State = -1, empty queue]] WARN  server.GrpcLogAppender (GrpcLogAppender.java:timeoutAppendRequest(200)) - 20e3e33a-5d24-4249-a094-f5376b2f999f@group-5E7A6FC8AAB0->e7ee0826-9905-44f4-ba49-d97620ca9eb2-GrpcLogAppender: appendEntries Timeout, request=20e3e33a-5d24-4249-a094-f5376b2f999f->e7ee0826-9905-44f4-ba49-d97620ca9eb2#147-t1, previous=(t:1, i:22), leaderCommit=16, initializing? false, entries: <empty>
2019-09-10 12:38:44,787 [java.util.concurrent.ThreadPoolExecutor$Worker@5359d0cb[State = -1, empty queue]] WARN  server.GrpcLogAppender (GrpcLogAppender.java:timeoutAppendRequest(200)) - 20e3e33a-5d24-4249-a094-f5376b2f999f@group-5E7A6FC8AAB0->e2c164e2-1dc0-4b87-8a18-d27b9a4a82f5-GrpcLogAppender: appendEntries Timeout, request=20e3e33a-5d24-4249-a094-f5376b2f999f->e2c164e2-1dc0-4b87-8a18-d27b9a4a82f5#147-t1, previous=(t:1, i:22), leaderCommit=16, initializing? false, entries: <empty>
2019-09-10 12:38:47,287 [java.util.concurrent.ThreadPoolExecutor$Worker@5ff660fa[State = -1, empty queue]] WARN  server.GrpcLogAppender (GrpcLogAppender.java:timeoutAppendRequest(200)) - 20e3e33a-5d24-4249-a094-f5376b2f999f@group-5E7A6FC8AAB0->e7ee0826-9905-44f4-ba49-d97620ca9eb2-GrpcLogAppender: appendEntries Timeout, request=20e3e33a-5d24-4249-a094-f5376b2f999f->e7ee0826-9905-44f4-ba49-d97620ca9eb2#148-t1, previous=(t:1, i:22), leaderCommit=16, initializing? false, entries: <empty>
2019-09-10 12:38:47,287 [java.util.concurrent.ThreadPoolExecutor$Worker@5359d0cb[State = -1, empty queue]] WARN  server.GrpcLogAppender (GrpcLogAppender.java:timeoutAppendRequest(200)) - 20e3e33a-5d24-4249-a094-f5376b2f999f@group-5E7A6FC8AAB0->e2c164e2-1dc0-4b87-8a18-d27b9a4a82f5-GrpcLogAppender: appendEntries Timeout, request=20e3e33a-5d24-4249-a094-f5376b2f999f->e2c164e2-1dc0-4b87-8a18-d27b9a4a82f5#148-t1, previous=(t:1, i:22), leaderCommit=16, initializing? false, entries: <empty>
2019-09-10 12:38:47,870 [grpc-default-executor-3] INFO  client.GrpcClientProtocolClient (GrpcClientProtocolClient.java:onNext(264)) - client-B8915AA43604->e7ee0826-9905-44f4-ba49-d97620ca9eb2: receive RaftClientReply:client-B8915AA43604->e7ee0826-9905-44f4-ba49-d97620ca9eb2@group-5E7A6FC8AAB0, cid=50, FAILED org.apache.ratis.protocol.NotLeaderException: Server e7ee0826-9905-44f4-ba49-d97620ca9eb2@group-5E7A6FC8AAB0 is not the leader 20e3e33a-5d24-4249-a094-f5376b2f999f:192.168.34.50:46569, logIndex=0, commits[e7ee0826-9905-44f4-ba49-d97620ca9eb2:c16, e2c164e2-1dc0-4b87-8a18-d27b9a4a82f5:c14, 20e3e33a-5d24-4249-a094-f5376b2f999f:c16]
2019-09-10 12:38:49,787 [java.util.concurrent.ThreadPoolExecutor$Worker@5ff660fa[State = -1, empty queue]] WARN  server.GrpcLogAppender (GrpcLogAppender.java:timeoutAppendRequest(200)) - 20e3e33a-5d24-4249-a094-f5376b2f999f@group-5E7A6FC8AAB0->e7ee0826-9905-44f4-ba49-d97620ca9eb2-GrpcLogAppender: appendEntries Timeout, request=20e3e33a-5d24-4249-a094-f5376b2f999f->e7ee0826-9905-44f4-ba49-d97620ca9eb2#149-t1, previous=(t:1, i:22), leaderCommit=16, initializing? false, entries: <empty>
2019-09-10 12:38:49,787 [java.util.concurrent.ThreadPoolExecutor$Worker@5359d0cb[State = -1, empty queue]] WARN  server.GrpcLogAppender (GrpcLogAppender.java:timeoutAppendRequest(200)) - 20e3e33a-5d24-4249-a094-f5376b2f999f@group-5E7A6FC8AAB0->e2c164e2-1dc0-4b87-8a18-d27b9a4a82f5-GrpcLogAppender: appendEntries Timeout, request=20e3e33a-5d24-4249-a094-f5376b2f999f->e2c164e2-1dc0-4b87-8a18-d27b9a4a82f5#149-t1, previous=(t:1, i:22), leaderCommit=16, initializing? false, entries: <empty>
2019-09-10 12:38:51,761 [e7ee0826-9905-44f4-ba49-d97620ca9eb2@group-5E7A6FC8AAB0-SegmentedRaftLogWorker] WARN  segmented.SegmentedRaftLogWorker (SegmentedRaftLogWorker.java:getFromFuture(90)) - Timeout 11/~
org.apache.ratis.protocol.TimeoutIOException: Timeout 10s: WriteLog:17: (t:1, i:17), STATEMACHINELOGENTRY, client-B8915AA43604, cid=50-writeStateMachineData
	at org.apache.ratis.util.IOUtils.getFromFuture(IOUtils.java:87)
	at org.apache.ratis.server.raftlog.segmented.SegmentedRaftLogWorker$StateMachineDataPolicy.getFromFuture(SegmentedRaftLogWorker.java:87)
	at org.apache.ratis.server.raftlog.segmented.SegmentedRaftLogWorker$WriteLog.execute(SegmentedRaftLogWorker.java:477)
	at org.apache.ratis.server.raftlog.segmented.SegmentedRaftLogWorker.run(SegmentedRaftLogWorker.java:289)
	at java.lang.Thread.run(Thread.java:748)
Caused by: java.util.concurrent.TimeoutException
	at java.util.concurrent.CompletableFuture.timedGet(CompletableFuture.java:1771)
	at java.util.concurrent.CompletableFuture.get(CompletableFuture.java:1915)
	at org.apache.ratis.util.IOUtils.getFromFuture(IOUtils.java:79)
	... 4 more
2019-09-10 12:38:51,777 [e2c164e2-1dc0-4b87-8a18-d27b9a4a82f5@group-5E7A6FC8AAB0-SegmentedRaftLogWorker] WARN  segmented.SegmentedRaftLogWorker (SegmentedRaftLogWorker.java:getFromFuture(90)) - Timeout 11/~
org.apache.ratis.protocol.TimeoutIOException: Timeout 10s: WriteLog:17: (t:1, i:17), STATEMACHINELOGENTRY, client-B8915AA43604, cid=50-writeStateMachineData
	at org.apache.ratis.util.IOUtils.getFromFuture(IOUtils.java:87)
	at org.apache.ratis.server.raftlog.segmented.SegmentedRaftLogWorker$StateMachineDataPolicy.getFromFuture(SegmentedRaftLogWorker.java:87)
	at org.apache.ratis.server.raftlog.segmented.SegmentedRaftLogWorker$WriteLog.execute(SegmentedRaftLogWorker.java:477)
	at org.apache.ratis.server.raftlog.segmented.SegmentedRaftLogWorker.run(SegmentedRaftLogWorker.java:289)
	at java.lang.Thread.run(Thread.java:748)
Caused by: java.util.concurrent.TimeoutException
	at java.util.concurrent.CompletableFuture.timedGet(CompletableFuture.java:1771)
	at java.util.concurrent.CompletableFuture.get(CompletableFuture.java:1915)
	at org.apache.ratis.util.IOUtils.getFromFuture(IOUtils.java:79)
	... 4 more
2019-09-10 12:38:51,799 [org.apache.ratis.server.impl.LogAppender$AppenderDaemon$$Lambda$513/179557972@4ce60c6c] ERROR ratis.XceiverServerRatis (XceiverServerRatis.java:triggerPipelineClose(568)) - pipeline Action CLOSE  on pipeline PipelineID=b569b992-8336-41dd-80e0-5e7a6fc8aab0.Reason : 20e3e33a-5d24-4249-a094-f5376b2f999f has not seen follower/s e7ee0826-9905-44f4-ba49-d97620ca9eb2 for 120248ms e2c164e2-1dc0-4b87-8a18-d27b9a4a82f5 for 120248ms
2019-09-10 12:38:51,799 [org.apache.ratis.server.impl.LogAppender$AppenderDaemon$$Lambda$513/179557972@28dc937c] ERROR ratis.XceiverServerRatis (XceiverServerRatis.java:triggerPipelineClose(568)) - pipeline Action CLOSE  on pipeline PipelineID=b569b992-8336-41dd-80e0-5e7a6fc8aab0.Reason : 20e3e33a-5d24-4249-a094-f5376b2f999f has not seen follower/s e7ee0826-9905-44f4-ba49-d97620ca9eb2 for 120248ms e2c164e2-1dc0-4b87-8a18-d27b9a4a82f5 for 120248ms
2019-09-10 12:38:51,897 [20e3e33a-5d24-4249-a094-f5376b2f999f@group-5E7A6FC8AAB0-SegmentedRaftLogWorker] WARN  segmented.SegmentedRaftLogWorker (SegmentedRaftLogWorker.java:getFromFuture(90)) - Timeout 11/~
org.apache.ratis.protocol.TimeoutIOException: Timeout 10s: WriteLog:18: (t:1, i:18), STATEMACHINELOGENTRY, client-B8915AA43604, cid=51-writeStateMachineData
	at org.apache.ratis.util.IOUtils.getFromFuture(IOUtils.java:87)
	at org.apache.ratis.server.raftlog.segmented.SegmentedRaftLogWorker$StateMachineDataPolicy.getFromFuture(SegmentedRaftLogWorker.java:87)
	at org.apache.ratis.server.raftlog.segmented.SegmentedRaftLogWorker$WriteLog.execute(SegmentedRaftLogWorker.java:477)
	at org.apache.ratis.server.raftlog.segmented.SegmentedRaftLogWorker.run(SegmentedRaftLogWorker.java:289)
	at java.lang.Thread.run(Thread.java:748)
Caused by: java.util.concurrent.TimeoutException
	at java.util.concurrent.CompletableFuture.timedGet(CompletableFuture.java:1771)
	at java.util.concurrent.CompletableFuture.get(CompletableFuture.java:1915)
	at org.apache.ratis.util.IOUtils.getFromFuture(IOUtils.java:79)
	... 4 more
2019-09-10 12:38:52,025 [EventQueue-PipelineActionsForPipelineActionHandler] ERROR pipeline.PipelineActionHandler (PipelineActionHandler.java:onMessage(60)) - Received pipeline action CLOSE for Pipeline[ Id: b569b992-8336-41dd-80e0-5e7a6fc8aab0, Nodes: 20e3e33a-5d24-4249-a094-f5376b2f999f{ip: 192.168.34.50, host: pr-hdds-1879-pp2l2-2511026898, networkLocation: /default-rack, certSerialId: null}e2c164e2-1dc0-4b87-8a18-d27b9a4a82f5{ip: 192.168.34.50, host: pr-hdds-1879-pp2l2-2511026898, networkLocation: /default-rack, certSerialId: null}e7ee0826-9905-44f4-ba49-d97620ca9eb2{ip: 192.168.34.50, host: pr-hdds-1879-pp2l2-2511026898, networkLocation: /default-rack, certSerialId: null}, Type:RATIS, Factor:THREE, State:OPEN] from datanode 20e3e33a-5d24-4249-a094-f5376b2f999f{ip: 192.168.34.50, host: pr-hdds-1879-pp2l2-2511026898, networkLocation: /default-rack, certSerialId: null}. Reason : 20e3e33a-5d24-4249-a094-f5376b2f999f has not seen follower/s e7ee0826-9905-44f4-ba49-d97620ca9eb2 for 120248ms e2c164e2-1dc0-4b87-8a18-d27b9a4a82f5 for 120248ms
2019-09-10 12:38:52,025 [EventQueue-PipelineActionsForPipelineActionHandler] INFO  pipeline.SCMPipelineManager (SCMPipelineManager.java:finalizeAndDestroyPipeline(311)) - destroying pipeline:Pipeline[ Id: b569b992-8336-41dd-80e0-5e7a6fc8aab0, Nodes: 20e3e33a-5d24-4249-a094-f5376b2f999f{ip: 192.168.34.50, host: pr-hdds-1879-pp2l2-2511026898, networkLocation: /default-rack, certSerialId: null}e2c164e2-1dc0-4b87-8a18-d27b9a4a82f5{ip: 192.168.34.50, host: pr-hdds-1879-pp2l2-2511026898, networkLocation: /default-rack, certSerialId: null}e7ee0826-9905-44f4-ba49-d97620ca9eb2{ip: 192.168.34.50, host: pr-hdds-1879-pp2l2-2511026898, networkLocation: /default-rack, certSerialId: null}, Type:RATIS, Factor:THREE, State:OPEN]
2019-09-10 12:38:52,026 [EventQueue-PipelineActionsForPipelineActionHandler] INFO  pipeline.PipelineStateManager (PipelineStateManager.java:finalizePipeline(123)) - Pipeline Pipeline[ Id: b569b992-8336-41dd-80e0-5e7a6fc8aab0, Nodes: 20e3e33a-5d24-4249-a094-f5376b2f999f{ip: 192.168.34.50, host: pr-hdds-1879-pp2l2-2511026898, networkLocation: /default-rack, certSerialId: null}e2c164e2-1dc0-4b87-8a18-d27b9a4a82f5{ip: 192.168.34.50, host: pr-hdds-1879-pp2l2-2511026898, networkLocation: /default-rack, certSerialId: null}e7ee0826-9905-44f4-ba49-d97620ca9eb2{ip: 192.168.34.50, host: pr-hdds-1879-pp2l2-2511026898, networkLocation: /default-rack, certSerialId: null}, Type:RATIS, Factor:THREE, State:CLOSED] moved to CLOSED state
2019-09-10 12:38:52,026 [EventQueue-CloseContainerForCloseContainerEventHandler] INFO  container.CloseContainerEventHandler (CloseContainerEventHandler.java:onMessage(61)) - Close container Event triggered for container : #5
2019-09-10 12:38:52,027 [EventQueue-CloseContainerForCloseContainerEventHandler] INFO  container.CloseContainerEventHandler (CloseContainerEventHandler.java:onMessage(61)) - Close container Event triggered for container : #6
2019-09-10 12:38:52,028 [EventQueue-CloseContainerForCloseContainerEventHandler] INFO  container.CloseContainerEventHandler (CloseContainerEventHandler.java:onMessage(61)) - Close container Event triggered for container : #7
2019-09-10 12:38:52,288 [java.util.concurrent.ThreadPoolExecutor$Worker@5ff660fa[State = -1, empty queue]] WARN  server.GrpcLogAppender (GrpcLogAppender.java:timeoutAppendRequest(200)) - 20e3e33a-5d24-4249-a094-f5376b2f999f@group-5E7A6FC8AAB0->e7ee0826-9905-44f4-ba49-d97620ca9eb2-GrpcLogAppender: appendEntries Timeout, request=20e3e33a-5d24-4249-a094-f5376b2f999f->e7ee0826-9905-44f4-ba49-d97620ca9eb2#150-t1, previous=(t:1, i:22), leaderCommit=16, initializing? false, entries: <empty>
2019-09-10 12:38:52,288 [java.util.concurrent.ThreadPoolExecutor$Worker@5359d0cb[State = -1, empty queue]] WARN  server.GrpcLogAppender (GrpcLogAppender.java:timeoutAppendRequest(200)) - 20e3e33a-5d24-4249-a094-f5376b2f999f@group-5E7A6FC8AAB0->e2c164e2-1dc0-4b87-8a18-d27b9a4a82f5-GrpcLogAppender: appendEntries Timeout, request=20e3e33a-5d24-4249-a094-f5376b2f999f->e2c164e2-1dc0-4b87-8a18-d27b9a4a82f5#150-t1, previous=(t:1, i:22), leaderCommit=16, initializing? false, entries: <empty>
2019-09-10 12:38:52,911 [grpc-default-executor-2] INFO  client.GrpcClientProtocolClient (GrpcClientProtocolClient.java:onNext(264)) - client-B8915AA43604->e7ee0826-9905-44f4-ba49-d97620ca9eb2: receive RaftClientReply:client-B8915AA43604->e7ee0826-9905-44f4-ba49-d97620ca9eb2@group-5E7A6FC8AAB0, cid=50, FAILED org.apache.ratis.protocol.NotLeaderException: Server e7ee0826-9905-44f4-ba49-d97620ca9eb2@group-5E7A6FC8AAB0 is not the leader 20e3e33a-5d24-4249-a094-f5376b2f999f:192.168.34.50:46569, logIndex=0, commits[e7ee0826-9905-44f4-ba49-d97620ca9eb2:c16, e2c164e2-1dc0-4b87-8a18-d27b9a4a82f5:c14, 20e3e33a-5d24-4249-a094-f5376b2f999f:c16]
2019-09-10 12:38:54,296 [org.apache.ratis.server.impl.LogAppender$AppenderDaemon$$Lambda$513/179557972@28dc937c] ERROR ratis.XceiverServerRatis (XceiverServerRatis.java:triggerPipelineClose(568)) - pipeline Action CLOSE  on pipeline PipelineID=b569b992-8336-41dd-80e0-5e7a6fc8aab0.Reason : 20e3e33a-5d24-4249-a094-f5376b2f999f has not seen follower/s e7ee0826-9905-44f4-ba49-d97620ca9eb2 for 122748ms e2c164e2-1dc0-4b87-8a18-d27b9a4a82f5 for 122749ms
2019-09-10 12:38:54,297 [org.apache.ratis.server.impl.LogAppender$AppenderDaemon$$Lambda$513/179557972@4ce60c6c] ERROR ratis.XceiverServerRatis (XceiverServerRatis.java:triggerPipelineClose(568)) - pipeline Action CLOSE  on pipeline PipelineID=b569b992-8336-41dd-80e0-5e7a6fc8aab0.Reason : 20e3e33a-5d24-4249-a094-f5376b2f999f has not seen follower/s e7ee0826-9905-44f4-ba49-d97620ca9eb2 for 122748ms e2c164e2-1dc0-4b87-8a18-d27b9a4a82f5 for 122749ms
2019-09-10 12:38:54,796 [java.util.concurrent.ThreadPoolExecutor$Worker@5359d0cb[State = -1, empty queue]] WARN  server.GrpcLogAppender (GrpcLogAppender.java:timeoutAppendRequest(200)) - 20e3e33a-5d24-4249-a094-f5376b2f999f@group-5E7A6FC8AAB0->e2c164e2-1dc0-4b87-8a18-d27b9a4a82f5-GrpcLogAppender: appendEntries Timeout, request=20e3e33a-5d24-4249-a094-f5376b2f999f->e2c164e2-1dc0-4b87-8a18-d27b9a4a82f5#151-t1, previous=(t:1, i:22), leaderCommit=16, initializing? false, entries: <empty>
2019-09-10 12:38:54,796 [java.util.concurrent.ThreadPoolExecutor$Worker@5ff660fa[State = -1, empty queue]] WARN  server.GrpcLogAppender (GrpcLogAppender.java:timeoutAppendRequest(200)) - 20e3e33a-5d24-4249-a094-f5376b2f999f@group-5E7A6FC8AAB0->e7ee0826-9905-44f4-ba49-d97620ca9eb2-GrpcLogAppender: appendEntries Timeout, request=20e3e33a-5d24-4249-a094-f5376b2f999f->e7ee0826-9905-44f4-ba49-d97620ca9eb2#151-t1, previous=(t:1, i:22), leaderCommit=16, initializing? false, entries: <empty>
2019-09-10 12:38:55,024 [EventQueue-PipelineActionsForPipelineActionHandler] ERROR pipeline.PipelineActionHandler (PipelineActionHandler.java:onMessage(60)) - Received pipeline action CLOSE for Pipeline[ Id: b569b992-8336-41dd-80e0-5e7a6fc8aab0, Nodes: 20e3e33a-5d24-4249-a094-f5376b2f999f{ip: 192.168.34.50, host: pr-hdds-1879-pp2l2-2511026898, networkLocation: /default-rack, certSerialId: null}e2c164e2-1dc0-4b87-8a18-d27b9a4a82f5{ip: 192.168.34.50, host: pr-hdds-1879-pp2l2-2511026898, networkLocation: /default-rack, certSerialId: null}e7ee0826-9905-44f4-ba49-d97620ca9eb2{ip: 192.168.34.50, host: pr-hdds-1879-pp2l2-2511026898, networkLocation: /default-rack, certSerialId: null}, Type:RATIS, Factor:THREE, State:CLOSED] from datanode 20e3e33a-5d24-4249-a094-f5376b2f999f{ip: 192.168.34.50, host: pr-hdds-1879-pp2l2-2511026898, networkLocation: /default-rack, certSerialId: null}. Reason : 20e3e33a-5d24-4249-a094-f5376b2f999f has not seen follower/s e7ee0826-9905-44f4-ba49-d97620ca9eb2 for 122748ms e2c164e2-1dc0-4b87-8a18-d27b9a4a82f5 for 122749ms
2019-09-10 12:38:55,024 [EventQueue-PipelineActionsForPipelineActionHandler] INFO  pipeline.SCMPipelineManager (SCMPipelineManager.java:finalizeAndDestroyPipeline(311)) - destroying pipeline:Pipeline[ Id: b569b992-8336-41dd-80e0-5e7a6fc8aab0, Nodes: 20e3e33a-5d24-4249-a094-f5376b2f999f{ip: 192.168.34.50, host: pr-hdds-1879-pp2l2-2511026898, networkLocation: /default-rack, certSerialId: null}e2c164e2-1dc0-4b87-8a18-d27b9a4a82f5{ip: 192.168.34.50, host: pr-hdds-1879-pp2l2-2511026898, networkLocation: /default-rack, certSerialId: null}e7ee0826-9905-44f4-ba49-d97620ca9eb2{ip: 192.168.34.50, host: pr-hdds-1879-pp2l2-2511026898, networkLocation: /default-rack, certSerialId: null}, Type:RATIS, Factor:THREE, State:CLOSED]
2019-09-10 12:38:55,036 [org.apache.ratis.server.impl.LogAppender$AppenderDaemon$$Lambda$513/179557972@28dc937c] ERROR ratis.XceiverServerRatis (XceiverServerRatis.java:triggerPipelineClose(568)) - pipeline Action CLOSE  on pipeline PipelineID=b569b992-8336-41dd-80e0-5e7a6fc8aab0.Reason : 20e3e33a-5d24-4249-a094-f5376b2f999f has not seen follower/s e7ee0826-9905-44f4-ba49-d97620ca9eb2 for 123488ms e2c164e2-1dc0-4b87-8a18-d27b9a4a82f5 for 123488ms
2019-09-10 12:38:55,036 [org.apache.ratis.server.impl.LogAppender$AppenderDaemon$$Lambda$513/179557972@4ce60c6c] ERROR ratis.XceiverServerRatis (XceiverServerRatis.java:triggerPipelineClose(568)) - pipeline Action CLOSE  on pipeline PipelineID=b569b992-8336-41dd-80e0-5e7a6fc8aab0.Reason : 20e3e33a-5d24-4249-a094-f5376b2f999f has not seen follower/s e7ee0826-9905-44f4-ba49-d97620ca9eb2 for 123488ms e2c164e2-1dc0-4b87-8a18-d27b9a4a82f5 for 123488ms
2019-09-10 12:38:56,036 [EventQueue-PipelineActionsForPipelineActionHandler] ERROR pipeline.PipelineActionHandler (PipelineActionHandler.java:onMessage(60)) - Received pipeline action CLOSE for Pipeline[ Id: b569b992-8336-41dd-80e0-5e7a6fc8aab0, Nodes: 20e3e33a-5d24-4249-a094-f5376b2f999f{ip: 192.168.34.50, host: pr-hdds-1879-pp2l2-2511026898, networkLocation: /default-rack, certSerialId: null}e2c164e2-1dc0-4b87-8a18-d27b9a4a82f5{ip: 192.168.34.50, host: pr-hdds-1879-pp2l2-2511026898, networkLocation: /default-rack, certSerialId: null}e7ee0826-9905-44f4-ba49-d97620ca9eb2{ip: 192.168.34.50, host: pr-hdds-1879-pp2l2-2511026898, networkLocation: /default-rack, certSerialId: null}, Type:RATIS, Factor:THREE, State:CLOSED] from datanode 20e3e33a-5d24-4249-a094-f5376b2f999f{ip: 192.168.34.50, host: pr-hdds-1879-pp2l2-2511026898, networkLocation: /default-rack, certSerialId: null}. Reason : 20e3e33a-5d24-4249-a094-f5376b2f999f has not seen follower/s e7ee0826-9905-44f4-ba49-d97620ca9eb2 for 123488ms e2c164e2-1dc0-4b87-8a18-d27b9a4a82f5 for 123488ms
2019-09-10 12:38:56,037 [EventQueue-PipelineActionsForPipelineActionHandler] INFO  pipeline.SCMPipelineManager (SCMPipelineManager.java:finalizeAndDestroyPipeline(311)) - destroying pipeline:Pipeline[ Id: b569b992-8336-41dd-80e0-5e7a6fc8aab0, Nodes: 20e3e33a-5d24-4249-a094-f5376b2f999f{ip: 192.168.34.50, host: pr-hdds-1879-pp2l2-2511026898, networkLocation: /default-rack, certSerialId: null}e2c164e2-1dc0-4b87-8a18-d27b9a4a82f5{ip: 192.168.34.50, host: pr-hdds-1879-pp2l2-2511026898, networkLocation: /default-rack, certSerialId: null}e7ee0826-9905-44f4-ba49-d97620ca9eb2{ip: 192.168.34.50, host: pr-hdds-1879-pp2l2-2511026898, networkLocation: /default-rack, certSerialId: null}, Type:RATIS, Factor:THREE, State:CLOSED]
2019-09-10 12:38:57,296 [java.util.concurrent.ThreadPoolExecutor$Worker@5359d0cb[State = -1, empty queue]] WARN  server.GrpcLogAppender (GrpcLogAppender.java:timeoutAppendRequest(200)) - 20e3e33a-5d24-4249-a094-f5376b2f999f@group-5E7A6FC8AAB0->e2c164e2-1dc0-4b87-8a18-d27b9a4a82f5-GrpcLogAppender: appendEntries Timeout, request=20e3e33a-5d24-4249-a094-f5376b2f999f->e2c164e2-1dc0-4b87-8a18-d27b9a4a82f5#152-t1, previous=(t:1, i:22), leaderCommit=16, initializing? false, entries: <empty>
2019-09-10 12:38:57,296 [java.util.concurrent.ThreadPoolExecutor$Worker@5ff660fa[State = -1, empty queue]] WARN  server.GrpcLogAppender (GrpcLogAppender.java:timeoutAppendRequest(200)) - 20e3e33a-5d24-4249-a094-f5376b2f999f@group-5E7A6FC8AAB0->e7ee0826-9905-44f4-ba49-d97620ca9eb2-GrpcLogAppender: appendEntries Timeout, request=20e3e33a-5d24-4249-a094-f5376b2f999f->e7ee0826-9905-44f4-ba49-d97620ca9eb2#152-t1, previous=(t:1, i:22), leaderCommit=16, initializing? false, entries: <empty>
2019-09-10 12:38:57,537 [org.apache.ratis.server.impl.LogAppender$AppenderDaemon$$Lambda$513/179557972@28dc937c] ERROR ratis.XceiverServerRatis (XceiverServerRatis.java:triggerPipelineClose(568)) - pipeline Action CLOSE  on pipeline PipelineID=b569b992-8336-41dd-80e0-5e7a6fc8aab0.Reason : 20e3e33a-5d24-4249-a094-f5376b2f999f has not seen follower/s e7ee0826-9905-44f4-ba49-d97620ca9eb2 for 125989ms e2c164e2-1dc0-4b87-8a18-d27b9a4a82f5 for 125989ms
2019-09-10 12:38:57,537 [org.apache.ratis.server.impl.LogAppender$AppenderDaemon$$Lambda$513/179557972@4ce60c6c] ERROR ratis.XceiverServerRatis (XceiverServerRatis.java:triggerPipelineClose(568)) - pipeline Action CLOSE  on pipeline PipelineID=b569b992-8336-41dd-80e0-5e7a6fc8aab0.Reason : 20e3e33a-5d24-4249-a094-f5376b2f999f has not seen follower/s e7ee0826-9905-44f4-ba49-d97620ca9eb2 for 125989ms e2c164e2-1dc0-4b87-8a18-d27b9a4a82f5 for 125989ms
2019-09-10 12:38:57,953 [grpc-default-executor-3] INFO  client.GrpcClientProtocolClient (GrpcClientProtocolClient.java:onNext(264)) - client-B8915AA43604->e2c164e2-1dc0-4b87-8a18-d27b9a4a82f5: receive RaftClientReply:client-B8915AA43604->e2c164e2-1dc0-4b87-8a18-d27b9a4a82f5@group-5E7A6FC8AAB0, cid=50, FAILED org.apache.ratis.protocol.NotLeaderException: Server e2c164e2-1dc0-4b87-8a18-d27b9a4a82f5@group-5E7A6FC8AAB0 is not the leader 20e3e33a-5d24-4249-a094-f5376b2f999f:192.168.34.50:46569, logIndex=0, commits[e2c164e2-1dc0-4b87-8a18-d27b9a4a82f5:c16, e7ee0826-9905-44f4-ba49-d97620ca9eb2:c14, 20e3e33a-5d24-4249-a094-f5376b2f999f:c16]
2019-09-10 12:38:58,035 [EventQueue-PipelineActionsForPipelineActionHandler] ERROR pipeline.PipelineActionHandler (PipelineActionHandler.java:onMessage(60)) - Received pipeline action CLOSE for Pipeline[ Id: b569b992-8336-41dd-80e0-5e7a6fc8aab0, Nodes: 20e3e33a-5d24-4249-a094-f5376b2f999f{ip: 192.168.34.50, host: pr-hdds-1879-pp2l2-2511026898, networkLocation: /default-rack, certSerialId: null}e2c164e2-1dc0-4b87-8a18-d27b9a4a82f5{ip: 192.168.34.50, host: pr-hdds-1879-pp2l2-2511026898, networkLocation: /default-rack, certSerialId: null}e7ee0826-9905-44f4-ba49-d97620ca9eb2{ip: 192.168.34.50, host: pr-hdds-1879-pp2l2-2511026898, networkLocation: /default-rack, certSerialId: null}, Type:RATIS, Factor:THREE, State:CLOSED] from datanode 20e3e33a-5d24-4249-a094-f5376b2f999f{ip: 192.168.34.50, host: pr-hdds-1879-pp2l2-2511026898, networkLocation: /default-rack, certSerialId: null}. Reason : 20e3e33a-5d24-4249-a094-f5376b2f999f has not seen follower/s e7ee0826-9905-44f4-ba49-d97620ca9eb2 for 125989ms e2c164e2-1dc0-4b87-8a18-d27b9a4a82f5 for 125989ms
2019-09-10 12:38:58,035 [EventQueue-PipelineActionsForPipelineActionHandler] INFO  pipeline.SCMPipelineManager (SCMPipelineManager.java:finalizeAndDestroyPipeline(311)) - destroying pipeline:Pipeline[ Id: b569b992-8336-41dd-80e0-5e7a6fc8aab0, Nodes: 20e3e33a-5d24-4249-a094-f5376b2f999f{ip: 192.168.34.50, host: pr-hdds-1879-pp2l2-2511026898, networkLocation: /default-rack, certSerialId: null}e2c164e2-1dc0-4b87-8a18-d27b9a4a82f5{ip: 192.168.34.50, host: pr-hdds-1879-pp2l2-2511026898, networkLocation: /default-rack, certSerialId: null}e7ee0826-9905-44f4-ba49-d97620ca9eb2{ip: 192.168.34.50, host: pr-hdds-1879-pp2l2-2511026898, networkLocation: /default-rack, certSerialId: null}, Type:RATIS, Factor:THREE, State:CLOSED]
2019-09-10 12:38:58,036 [java.util.concurrent.ThreadPoolExecutor$Worker@5ff660fa[State = -1, empty queue]] WARN  server.GrpcLogAppender (GrpcLogAppender.java:timeoutAppendRequest(200)) - 20e3e33a-5d24-4249-a094-f5376b2f999f@group-5E7A6FC8AAB0->e7ee0826-9905-44f4-ba49-d97620ca9eb2-GrpcLogAppender: appendEntries Timeout, request=20e3e33a-5d24-4249-a094-f5376b2f999f->e7ee0826-9905-44f4-ba49-d97620ca9eb2#153-t1, previous=(t:1, i:22), leaderCommit=16, initializing? false, entries: size=1, first=(t:1, i:23), STATEMACHINELOGENTRY, client-9CABA4214FA4, cid=12
2019-09-10 12:38:58,036 [java.util.concurrent.ThreadPoolExecutor$Worker@5359d0cb[State = -1, empty queue]] WARN  server.GrpcLogAppender (GrpcLogAppender.java:timeoutAppendRequest(200)) - 20e3e33a-5d24-4249-a094-f5376b2f999f@group-5E7A6FC8AAB0->e2c164e2-1dc0-4b87-8a18-d27b9a4a82f5-GrpcLogAppender: appendEntries Timeout, request=20e3e33a-5d24-4249-a094-f5376b2f999f->e2c164e2-1dc0-4b87-8a18-d27b9a4a82f5#153-t1, previous=(t:1, i:22), leaderCommit=16, initializing? false, entries: size=1, first=(t:1, i:23), STATEMACHINELOGENTRY, client-9CABA4214FA4, cid=12
2019-09-10 12:39:00,038 [org.apache.ratis.server.impl.LogAppender$AppenderDaemon$$Lambda$513/179557972@28dc937c] ERROR ratis.XceiverServerRatis (XceiverServerRatis.java:triggerPipelineClose(568)) - pipeline Action CLOSE  on pipeline PipelineID=b569b992-8336-41dd-80e0-5e7a6fc8aab0.Reason : 20e3e33a-5d24-4249-a094-f5376b2f999f has not seen follower/s e7ee0826-9905-44f4-ba49-d97620ca9eb2 for 128490ms e2c164e2-1dc0-4b87-8a18-d27b9a4a82f5 for 128490ms
2019-09-10 12:39:00,038 [org.apache.ratis.server.impl.LogAppender$AppenderDaemon$$Lambda$513/179557972@4ce60c6c] ERROR ratis.XceiverServerRatis (XceiverServerRatis.java:triggerPipelineClose(568)) - pipeline Action CLOSE  on pipeline PipelineID=b569b992-8336-41dd-80e0-5e7a6fc8aab0.Reason : 20e3e33a-5d24-4249-a094-f5376b2f999f has not seen follower/s e7ee0826-9905-44f4-ba49-d97620ca9eb2 for 128490ms e2c164e2-1dc0-4b87-8a18-d27b9a4a82f5 for 128490ms
2019-09-10 12:39:00,537 [java.util.concurrent.ThreadPoolExecutor$Worker@5359d0cb[State = -1, empty queue]] WARN  server.GrpcLogAppender (GrpcLogAppender.java:timeoutAppendRequest(200)) - 20e3e33a-5d24-4249-a094-f5376b2f999f@group-5E7A6FC8AAB0->e2c164e2-1dc0-4b87-8a18-d27b9a4a82f5-GrpcLogAppender: appendEntries Timeout, request=20e3e33a-5d24-4249-a094-f5376b2f999f->e2c164e2-1dc0-4b87-8a18-d27b9a4a82f5#154-t1, previous=(t:1, i:23), leaderCommit=16, initializing? false, entries: <empty>
2019-09-10 12:39:00,537 [java.util.concurrent.ThreadPoolExecutor$Worker@5ff660fa[State = -1, empty queue]] WARN  server.GrpcLogAppender (GrpcLogAppender.java:timeoutAppendRequest(200)) - 20e3e33a-5d24-4249-a094-f5376b2f999f@group-5E7A6FC8AAB0->e7ee0826-9905-44f4-ba49-d97620ca9eb2-GrpcLogAppender: appendEntries Timeout, request=20e3e33a-5d24-4249-a094-f5376b2f999f->e7ee0826-9905-44f4-ba49-d97620ca9eb2#154-t1, previous=(t:1, i:23), leaderCommit=16, initializing? false, entries: <empty>
2019-09-10 12:39:01,034 [EventQueue-PipelineActionsForPipelineActionHandler] ERROR pipeline.PipelineActionHandler (PipelineActionHandler.java:onMessage(60)) - Received pipeline action CLOSE for Pipeline[ Id: b569b992-8336-41dd-80e0-5e7a6fc8aab0, Nodes: 20e3e33a-5d24-4249-a094-f5376b2f999f{ip: 192.168.34.50, host: pr-hdds-1879-pp2l2-2511026898, networkLocation: /default-rack, certSerialId: null}e2c164e2-1dc0-4b87-8a18-d27b9a4a82f5{ip: 192.168.34.50, host: pr-hdds-1879-pp2l2-2511026898, networkLocation: /default-rack, certSerialId: null}e7ee0826-9905-44f4-ba49-d97620ca9eb2{ip: 192.168.34.50, host: pr-hdds-1879-pp2l2-2511026898, networkLocation: /default-rack, certSerialId: null}, Type:RATIS, Factor:THREE, State:CLOSED] from datanode 20e3e33a-5d24-4249-a094-f5376b2f999f{ip: 192.168.34.50, host: pr-hdds-1879-pp2l2-2511026898, networkLocation: /default-rack, certSerialId: null}. Reason : 20e3e33a-5d24-4249-a094-f5376b2f999f has not seen follower/s e7ee0826-9905-44f4-ba49-d97620ca9eb2 for 128490ms e2c164e2-1dc0-4b87-8a18-d27b9a4a82f5 for 128490ms
2019-09-10 12:39:01,035 [EventQueue-PipelineActionsForPipelineActionHandler] INFO  pipeline.SCMPipelineManager (SCMPipelineManager.java:finalizeAndDestroyPipeline(311)) - destroying pipeline:Pipeline[ Id: b569b992-8336-41dd-80e0-5e7a6fc8aab0, Nodes: 20e3e33a-5d24-4249-a094-f5376b2f999f{ip: 192.168.34.50, host: pr-hdds-1879-pp2l2-2511026898, networkLocation: /default-rack, certSerialId: null}e2c164e2-1dc0-4b87-8a18-d27b9a4a82f5{ip: 192.168.34.50, host: pr-hdds-1879-pp2l2-2511026898, networkLocation: /default-rack, certSerialId: null}e7ee0826-9905-44f4-ba49-d97620ca9eb2{ip: 192.168.34.50, host: pr-hdds-1879-pp2l2-2511026898, networkLocation: /default-rack, certSerialId: null}, Type:RATIS, Factor:THREE, State:CLOSED]
2019-09-10 12:39:01,762 [e7ee0826-9905-44f4-ba49-d97620ca9eb2@group-5E7A6FC8AAB0-SegmentedRaftLogWorker] WARN  segmented.SegmentedRaftLogWorker (SegmentedRaftLogWorker.java:getFromFuture(90)) - Timeout 12/~
org.apache.ratis.protocol.TimeoutIOException: Timeout 10s: WriteLog:17: (t:1, i:17), STATEMACHINELOGENTRY, client-B8915AA43604, cid=50-writeStateMachineData
	at org.apache.ratis.util.IOUtils.getFromFuture(IOUtils.java:87)
	at org.apache.ratis.server.raftlog.segmented.SegmentedRaftLogWorker$StateMachineDataPolicy.getFromFuture(SegmentedRaftLogWorker.java:87)
	at org.apache.ratis.server.raftlog.segmented.SegmentedRaftLogWorker$WriteLog.execute(SegmentedRaftLogWorker.java:477)
	at org.apache.ratis.server.raftlog.segmented.SegmentedRaftLogWorker.run(SegmentedRaftLogWorker.java:289)
	at java.lang.Thread.run(Thread.java:748)
Caused by: java.util.concurrent.TimeoutException
	at java.util.concurrent.CompletableFuture.timedGet(CompletableFuture.java:1771)
	at java.util.concurrent.CompletableFuture.get(CompletableFuture.java:1915)
	at org.apache.ratis.util.IOUtils.getFromFuture(IOUtils.java:79)
	... 4 more
2019-09-10 12:39:01,796 [e2c164e2-1dc0-4b87-8a18-d27b9a4a82f5@group-5E7A6FC8AAB0-SegmentedRaftLogWorker] WARN  segmented.SegmentedRaftLogWorker (SegmentedRaftLogWorker.java:getFromFuture(90)) - Timeout 12/~
org.apache.ratis.protocol.TimeoutIOException: Timeout 10s: WriteLog:17: (t:1, i:17), STATEMACHINELOGENTRY, client-B8915AA43604, cid=50-writeStateMachineData
	at org.apache.ratis.util.IOUtils.getFromFuture(IOUtils.java:87)
	at org.apache.ratis.server.raftlog.segmented.SegmentedRaftLogWorker$StateMachineDataPolicy.getFromFuture(SegmentedRaftLogWorker.java:87)
	at org.apache.ratis.server.raftlog.segmented.SegmentedRaftLogWorker$WriteLog.execute(SegmentedRaftLogWorker.java:477)
	at org.apache.ratis.server.raftlog.segmented.SegmentedRaftLogWorker.run(SegmentedRaftLogWorker.java:289)
	at java.lang.Thread.run(Thread.java:748)
Caused by: java.util.concurrent.TimeoutException
	at java.util.concurrent.CompletableFuture.timedGet(CompletableFuture.java:1771)
	at java.util.concurrent.CompletableFuture.get(CompletableFuture.java:1915)
	at org.apache.ratis.util.IOUtils.getFromFuture(IOUtils.java:79)
	... 4 more
2019-09-10 12:39:01,898 [20e3e33a-5d24-4249-a094-f5376b2f999f@group-5E7A6FC8AAB0-SegmentedRaftLogWorker] WARN  segmented.SegmentedRaftLogWorker (SegmentedRaftLogWorker.java:getFromFuture(90)) - Timeout 12/~
org.apache.ratis.protocol.TimeoutIOException: Timeout 10s: WriteLog:18: (t:1, i:18), STATEMACHINELOGENTRY, client-B8915AA43604, cid=51-writeStateMachineData
	at org.apache.ratis.util.IOUtils.getFromFuture(IOUtils.java:87)
	at org.apache.ratis.server.raftlog.segmented.SegmentedRaftLogWorker$StateMachineDataPolicy.getFromFuture(SegmentedRaftLogWorker.java:87)
	at org.apache.ratis.server.raftlog.segmented.SegmentedRaftLogWorker$WriteLog.execute(SegmentedRaftLogWorker.java:477)
	at org.apache.ratis.server.raftlog.segmented.SegmentedRaftLogWorker.run(SegmentedRaftLogWorker.java:289)
	at java.lang.Thread.run(Thread.java:748)
Caused by: java.util.concurrent.TimeoutException
	at java.util.concurrent.CompletableFuture.timedGet(CompletableFuture.java:1771)
	at java.util.concurrent.CompletableFuture.get(CompletableFuture.java:1915)
	at org.apache.ratis.util.IOUtils.getFromFuture(IOUtils.java:79)
	... 4 more
2019-09-10 12:39:02,538 [org.apache.ratis.server.impl.LogAppender$AppenderDaemon$$Lambda$513/179557972@28dc937c] ERROR ratis.XceiverServerRatis (XceiverServerRatis.java:triggerPipelineClose(568)) - pipeline Action CLOSE  on pipeline PipelineID=b569b992-8336-41dd-80e0-5e7a6fc8aab0.Reason : 20e3e33a-5d24-4249-a094-f5376b2f999f has not seen follower/s e7ee0826-9905-44f4-ba49-d97620ca9eb2 for 130990ms e2c164e2-1dc0-4b87-8a18-d27b9a4a82f5 for 130991ms
2019-09-10 12:39:02,538 [org.apache.ratis.server.impl.LogAppender$AppenderDaemon$$Lambda$513/179557972@4ce60c6c] ERROR ratis.XceiverServerRatis (XceiverServerRatis.java:triggerPipelineClose(568)) - pipeline Action CLOSE  on pipeline PipelineID=b569b992-8336-41dd-80e0-5e7a6fc8aab0.Reason : 20e3e33a-5d24-4249-a094-f5376b2f999f has not seen follower/s e7ee0826-9905-44f4-ba49-d97620ca9eb2 for 130990ms e2c164e2-1dc0-4b87-8a18-d27b9a4a82f5 for 130991ms
2019-09-10 12:39:02,991 [grpc-default-executor-3] INFO  client.GrpcClientProtocolClient (GrpcClientProtocolClient.java:onNext(264)) - client-B8915AA43604->e2c164e2-1dc0-4b87-8a18-d27b9a4a82f5: receive RaftClientReply:client-B8915AA43604->e2c164e2-1dc0-4b87-8a18-d27b9a4a82f5@group-5E7A6FC8AAB0, cid=50, FAILED org.apache.ratis.protocol.NotLeaderException: Server e2c164e2-1dc0-4b87-8a18-d27b9a4a82f5@group-5E7A6FC8AAB0 is not the leader 20e3e33a-5d24-4249-a094-f5376b2f999f:192.168.34.50:46569, logIndex=0, commits[e2c164e2-1dc0-4b87-8a18-d27b9a4a82f5:c16, e7ee0826-9905-44f4-ba49-d97620ca9eb2:c14, 20e3e33a-5d24-4249-a094-f5376b2f999f:c16]
2019-09-10 12:39:03,035 [EventQueue-PipelineActionsForPipelineActionHandler] ERROR pipeline.PipelineActionHandler (PipelineActionHandler.java:onMessage(60)) - Received pipeline action CLOSE for Pipeline[ Id: b569b992-8336-41dd-80e0-5e7a6fc8aab0, Nodes: 20e3e33a-5d24-4249-a094-f5376b2f999f{ip: 192.168.34.50, host: pr-hdds-1879-pp2l2-2511026898, networkLocation: /default-rack, certSerialId: null}e2c164e2-1dc0-4b87-8a18-d27b9a4a82f5{ip: 192.168.34.50, host: pr-hdds-1879-pp2l2-2511026898, networkLocation: /default-rack, certSerialId: null}e7ee0826-9905-44f4-ba49-d97620ca9eb2{ip: 192.168.34.50, host: pr-hdds-1879-pp2l2-2511026898, networkLocation: /default-rack, certSerialId: null}, Type:RATIS, Factor:THREE, State:CLOSED] from datanode 20e3e33a-5d24-4249-a094-f5376b2f999f{ip: 192.168.34.50, host: pr-hdds-1879-pp2l2-2511026898, networkLocation: /default-rack, certSerialId: null}. Reason : 20e3e33a-5d24-4249-a094-f5376b2f999f has not seen follower/s e7ee0826-9905-44f4-ba49-d97620ca9eb2 for 130990ms e2c164e2-1dc0-4b87-8a18-d27b9a4a82f5 for 130991ms
2019-09-10 12:39:03,035 [EventQueue-PipelineActionsForPipelineActionHandler] INFO  pipeline.SCMPipelineManager (SCMPipelineManager.java:finalizeAndDestroyPipeline(311)) - destroying pipeline:Pipeline[ Id: b569b992-8336-41dd-80e0-5e7a6fc8aab0, Nodes: 20e3e33a-5d24-4249-a094-f5376b2f999f{ip: 192.168.34.50, host: pr-hdds-1879-pp2l2-2511026898, networkLocation: /default-rack, certSerialId: null}e2c164e2-1dc0-4b87-8a18-d27b9a4a82f5{ip: 192.168.34.50, host: pr-hdds-1879-pp2l2-2511026898, networkLocation: /default-rack, certSerialId: null}e7ee0826-9905-44f4-ba49-d97620ca9eb2{ip: 192.168.34.50, host: pr-hdds-1879-pp2l2-2511026898, networkLocation: /default-rack, certSerialId: null}, Type:RATIS, Factor:THREE, State:CLOSED]
2019-09-10 12:39:03,038 [java.util.concurrent.ThreadPoolExecutor$Worker@5359d0cb[State = -1, empty queue]] WARN  server.GrpcLogAppender (GrpcLogAppender.java:timeoutAppendRequest(200)) - 20e3e33a-5d24-4249-a094-f5376b2f999f@group-5E7A6FC8AAB0->e2c164e2-1dc0-4b87-8a18-d27b9a4a82f5-GrpcLogAppender: appendEntries Timeout, request=20e3e33a-5d24-4249-a094-f5376b2f999f->e2c164e2-1dc0-4b87-8a18-d27b9a4a82f5#155-t1, previous=(t:1, i:23), leaderCommit=16, initializing? false, entries: <empty>
2019-09-10 12:39:03,038 [java.util.concurrent.ThreadPoolExecutor$Worker@5ff660fa[State = -1, empty queue]] WARN  server.GrpcLogAppender (GrpcLogAppender.java:timeoutAppendRequest(200)) - 20e3e33a-5d24-4249-a094-f5376b2f999f@group-5E7A6FC8AAB0->e7ee0826-9905-44f4-ba49-d97620ca9eb2-GrpcLogAppender: appendEntries Timeout, request=20e3e33a-5d24-4249-a094-f5376b2f999f->e7ee0826-9905-44f4-ba49-d97620ca9eb2#155-t1, previous=(t:1, i:23), leaderCommit=16, initializing? false, entries: <empty>
2019-09-10 12:39:05,039 [org.apache.ratis.server.impl.LogAppender$AppenderDaemon$$Lambda$513/179557972@28dc937c] ERROR ratis.XceiverServerRatis (XceiverServerRatis.java:triggerPipelineClose(568)) - pipeline Action CLOSE  on pipeline PipelineID=b569b992-8336-41dd-80e0-5e7a6fc8aab0.Reason : 20e3e33a-5d24-4249-a094-f5376b2f999f has not seen follower/s e7ee0826-9905-44f4-ba49-d97620ca9eb2 for 133491ms e2c164e2-1dc0-4b87-8a18-d27b9a4a82f5 for 133491ms
2019-09-10 12:39:05,039 [org.apache.ratis.server.impl.LogAppender$AppenderDaemon$$Lambda$513/179557972@4ce60c6c] ERROR ratis.XceiverServerRatis (XceiverServerRatis.java:triggerPipelineClose(568)) - pipeline Action CLOSE  on pipeline PipelineID=b569b992-8336-41dd-80e0-5e7a6fc8aab0.Reason : 20e3e33a-5d24-4249-a094-f5376b2f999f has not seen follower/s e7ee0826-9905-44f4-ba49-d97620ca9eb2 for 133491ms e2c164e2-1dc0-4b87-8a18-d27b9a4a82f5 for 133491ms
2019-09-10 12:39:05,538 [java.util.concurrent.ThreadPoolExecutor$Worker@5ff660fa[State = -1, empty queue]] WARN  server.GrpcLogAppender (GrpcLogAppender.java:timeoutAppendRequest(200)) - 20e3e33a-5d24-4249-a094-f5376b2f999f@group-5E7A6FC8AAB0->e7ee0826-9905-44f4-ba49-d97620ca9eb2-GrpcLogAppender: appendEntries Timeout, request=20e3e33a-5d24-4249-a094-f5376b2f999f->e7ee0826-9905-44f4-ba49-d97620ca9eb2#156-t1, previous=(t:1, i:23), leaderCommit=16, initializing? false, entries: <empty>
2019-09-10 12:39:05,538 [java.util.concurrent.ThreadPoolExecutor$Worker@5359d0cb[State = -1, empty queue]] WARN  server.GrpcLogAppender (GrpcLogAppender.java:timeoutAppendRequest(200)) - 20e3e33a-5d24-4249-a094-f5376b2f999f@group-5E7A6FC8AAB0->e2c164e2-1dc0-4b87-8a18-d27b9a4a82f5-GrpcLogAppender: appendEntries Timeout, request=20e3e33a-5d24-4249-a094-f5376b2f999f->e2c164e2-1dc0-4b87-8a18-d27b9a4a82f5#156-t1, previous=(t:1, i:23), leaderCommit=16, initializing? false, entries: <empty>
2019-09-10 12:39:06,034 [EventQueue-PipelineActionsForPipelineActionHandler] ERROR pipeline.PipelineActionHandler (PipelineActionHandler.java:onMessage(60)) - Received pipeline action CLOSE for Pipeline[ Id: b569b992-8336-41dd-80e0-5e7a6fc8aab0, Nodes: 20e3e33a-5d24-4249-a094-f5376b2f999f{ip: 192.168.34.50, host: pr-hdds-1879-pp2l2-2511026898, networkLocation: /default-rack, certSerialId: null}e2c164e2-1dc0-4b87-8a18-d27b9a4a82f5{ip: 192.168.34.50, host: pr-hdds-1879-pp2l2-2511026898, networkLocation: /default-rack, certSerialId: null}e7ee0826-9905-44f4-ba49-d97620ca9eb2{ip: 192.168.34.50, host: pr-hdds-1879-pp2l2-2511026898, networkLocation: /default-rack, certSerialId: null}, Type:RATIS, Factor:THREE, State:CLOSED] from datanode 20e3e33a-5d24-4249-a094-f5376b2f999f{ip: 192.168.34.50, host: pr-hdds-1879-pp2l2-2511026898, networkLocation: /default-rack, certSerialId: null}. Reason : 20e3e33a-5d24-4249-a094-f5376b2f999f has not seen follower/s e7ee0826-9905-44f4-ba49-d97620ca9eb2 for 133491ms e2c164e2-1dc0-4b87-8a18-d27b9a4a82f5 for 133491ms
2019-09-10 12:39:06,035 [EventQueue-PipelineActionsForPipelineActionHandler] INFO  pipeline.SCMPipelineManager (SCMPipelineManager.java:finalizeAndDestroyPipeline(311)) - destroying pipeline:Pipeline[ Id: b569b992-8336-41dd-80e0-5e7a6fc8aab0, Nodes: 20e3e33a-5d24-4249-a094-f5376b2f999f{ip: 192.168.34.50, host: pr-hdds-1879-pp2l2-2511026898, networkLocation: /default-rack, certSerialId: null}e2c164e2-1dc0-4b87-8a18-d27b9a4a82f5{ip: 192.168.34.50, host: pr-hdds-1879-pp2l2-2511026898, networkLocation: /default-rack, certSerialId: null}e7ee0826-9905-44f4-ba49-d97620ca9eb2{ip: 192.168.34.50, host: pr-hdds-1879-pp2l2-2511026898, networkLocation: /default-rack, certSerialId: null}, Type:RATIS, Factor:THREE, State:CLOSED]
2019-09-10 12:39:07,540 [org.apache.ratis.server.impl.LogAppender$AppenderDaemon$$Lambda$513/179557972@4ce60c6c] ERROR ratis.XceiverServerRatis (XceiverServerRatis.java:triggerPipelineClose(568)) - pipeline Action CLOSE  on pipeline PipelineID=b569b992-8336-41dd-80e0-5e7a6fc8aab0.Reason : 20e3e33a-5d24-4249-a094-f5376b2f999f has not seen follower/s e7ee0826-9905-44f4-ba49-d97620ca9eb2 for 135992ms e2c164e2-1dc0-4b87-8a18-d27b9a4a82f5 for 135993ms
2019-09-10 12:39:07,540 [org.apache.ratis.server.impl.LogAppender$AppenderDaemon$$Lambda$513/179557972@28dc937c] ERROR ratis.XceiverServerRatis (XceiverServerRatis.java:triggerPipelineClose(568)) - pipeline Action CLOSE  on pipeline PipelineID=b569b992-8336-41dd-80e0-5e7a6fc8aab0.Reason : 20e3e33a-5d24-4249-a094-f5376b2f999f has not seen follower/s e7ee0826-9905-44f4-ba49-d97620ca9eb2 for 135992ms e2c164e2-1dc0-4b87-8a18-d27b9a4a82f5 for 135993ms
2019-09-10 12:39:08,039 [java.util.concurrent.ThreadPoolExecutor$Worker@5ff660fa[State = -1, empty queue]] WARN  server.GrpcLogAppender (GrpcLogAppender.java:timeoutAppendRequest(200)) - 20e3e33a-5d24-4249-a094-f5376b2f999f@group-5E7A6FC8AAB0->e7ee0826-9905-44f4-ba49-d97620ca9eb2-GrpcLogAppender: appendEntries Timeout, request=20e3e33a-5d24-4249-a094-f5376b2f999f->e7ee0826-9905-44f4-ba49-d97620ca9eb2#157-t1, previous=(t:1, i:23), leaderCommit=16, initializing? false, entries: <empty>
2019-09-10 12:39:08,039 [java.util.concurrent.ThreadPoolExecutor$Worker@5359d0cb[State = -1, empty queue]] WARN  server.GrpcLogAppender (GrpcLogAppender.java:timeoutAppendRequest(200)) - 20e3e33a-5d24-4249-a094-f5376b2f999f@group-5E7A6FC8AAB0->e2c164e2-1dc0-4b87-8a18-d27b9a4a82f5-GrpcLogAppender: appendEntries Timeout, request=20e3e33a-5d24-4249-a094-f5376b2f999f->e2c164e2-1dc0-4b87-8a18-d27b9a4a82f5#157-t1, previous=(t:1, i:23), leaderCommit=16, initializing? false, entries: <empty>
2019-09-10 12:39:08,044 [EventQueue-PipelineActionsForPipelineActionHandler] ERROR pipeline.PipelineActionHandler (PipelineActionHandler.java:onMessage(60)) - Received pipeline action CLOSE for Pipeline[ Id: b569b992-8336-41dd-80e0-5e7a6fc8aab0, Nodes: 20e3e33a-5d24-4249-a094-f5376b2f999f{ip: 192.168.34.50, host: pr-hdds-1879-pp2l2-2511026898, networkLocation: /default-rack, certSerialId: null}e2c164e2-1dc0-4b87-8a18-d27b9a4a82f5{ip: 192.168.34.50, host: pr-hdds-1879-pp2l2-2511026898, networkLocation: /default-rack, certSerialId: null}e7ee0826-9905-44f4-ba49-d97620ca9eb2{ip: 192.168.34.50, host: pr-hdds-1879-pp2l2-2511026898, networkLocation: /default-rack, certSerialId: null}, Type:RATIS, Factor:THREE, State:CLOSED] from datanode 20e3e33a-5d24-4249-a094-f5376b2f999f{ip: 192.168.34.50, host: pr-hdds-1879-pp2l2-2511026898, networkLocation: /default-rack, certSerialId: null}. Reason : 20e3e33a-5d24-4249-a094-f5376b2f999f has not seen follower/s e7ee0826-9905-44f4-ba49-d97620ca9eb2 for 135992ms e2c164e2-1dc0-4b87-8a18-d27b9a4a82f5 for 135993ms
2019-09-10 12:39:08,044 [EventQueue-PipelineActionsForPipelineActionHandler] INFO  pipeline.SCMPipelineManager (SCMPipelineManager.java:finalizeAndDestroyPipeline(311)) - destroying pipeline:Pipeline[ Id: b569b992-8336-41dd-80e0-5e7a6fc8aab0, Nodes: 20e3e33a-5d24-4249-a094-f5376b2f999f{ip: 192.168.34.50, host: pr-hdds-1879-pp2l2-2511026898, networkLocation: /default-rack, certSerialId: null}e2c164e2-1dc0-4b87-8a18-d27b9a4a82f5{ip: 192.168.34.50, host: pr-hdds-1879-pp2l2-2511026898, networkLocation: /default-rack, certSerialId: null}e7ee0826-9905-44f4-ba49-d97620ca9eb2{ip: 192.168.34.50, host: pr-hdds-1879-pp2l2-2511026898, networkLocation: /default-rack, certSerialId: null}, Type:RATIS, Factor:THREE, State:CLOSED]
2019-09-10 12:39:08,066 [grpc-default-executor-2] INFO  client.GrpcClientProtocolClient (GrpcClientProtocolClient.java:onNext(264)) - client-B8915AA43604->e2c164e2-1dc0-4b87-8a18-d27b9a4a82f5: receive RaftClientReply:client-B8915AA43604->e2c164e2-1dc0-4b87-8a18-d27b9a4a82f5@group-5E7A6FC8AAB0, cid=50, FAILED org.apache.ratis.protocol.NotLeaderException: Server e2c164e2-1dc0-4b87-8a18-d27b9a4a82f5@group-5E7A6FC8AAB0 is not the leader 20e3e33a-5d24-4249-a094-f5376b2f999f:192.168.34.50:46569, logIndex=0, commits[e2c164e2-1dc0-4b87-8a18-d27b9a4a82f5:c16, e7ee0826-9905-44f4-ba49-d97620ca9eb2:c14, 20e3e33a-5d24-4249-a094-f5376b2f999f:c16]
2019-09-10 12:39:10,041 [org.apache.ratis.server.impl.LogAppender$AppenderDaemon$$Lambda$513/179557972@28dc937c] ERROR ratis.XceiverServerRatis (XceiverServerRatis.java:triggerPipelineClose(568)) - pipeline Action CLOSE  on pipeline PipelineID=b569b992-8336-41dd-80e0-5e7a6fc8aab0.Reason : 20e3e33a-5d24-4249-a094-f5376b2f999f has not seen follower/s e7ee0826-9905-44f4-ba49-d97620ca9eb2 for 138493ms e2c164e2-1dc0-4b87-8a18-d27b9a4a82f5 for 138493ms
2019-09-10 12:39:10,042 [org.apache.ratis.server.impl.LogAppender$AppenderDaemon$$Lambda$513/179557972@4ce60c6c] ERROR ratis.XceiverServerRatis (XceiverServerRatis.java:triggerPipelineClose(568)) - pipeline Action CLOSE  on pipeline PipelineID=b569b992-8336-41dd-80e0-5e7a6fc8aab0.Reason : 20e3e33a-5d24-4249-a094-f5376b2f999f has not seen follower/s e7ee0826-9905-44f4-ba49-d97620ca9eb2 for 138493ms e2c164e2-1dc0-4b87-8a18-d27b9a4a82f5 for 138494ms
2019-09-10 12:39:10,044 [EventQueue-PipelineActionsForPipelineActionHandler] ERROR pipeline.PipelineActionHandler (PipelineActionHandler.java:onMessage(60)) - Received pipeline action CLOSE for Pipeline[ Id: b569b992-8336-41dd-80e0-5e7a6fc8aab0, Nodes: 20e3e33a-5d24-4249-a094-f5376b2f999f{ip: 192.168.34.50, host: pr-hdds-1879-pp2l2-2511026898, networkLocation: /default-rack, certSerialId: null}e2c164e2-1dc0-4b87-8a18-d27b9a4a82f5{ip: 192.168.34.50, host: pr-hdds-1879-pp2l2-2511026898, networkLocation: /default-rack, certSerialId: null}e7ee0826-9905-44f4-ba49-d97620ca9eb2{ip: 192.168.34.50, host: pr-hdds-1879-pp2l2-2511026898, networkLocation: /default-rack, certSerialId: null}, Type:RATIS, Factor:THREE, State:CLOSED] from datanode 20e3e33a-5d24-4249-a094-f5376b2f999f{ip: 192.168.34.50, host: pr-hdds-1879-pp2l2-2511026898, networkLocation: /default-rack, certSerialId: null}. Reason : 20e3e33a-5d24-4249-a094-f5376b2f999f has not seen follower/s e7ee0826-9905-44f4-ba49-d97620ca9eb2 for 138493ms e2c164e2-1dc0-4b87-8a18-d27b9a4a82f5 for 138493ms
2019-09-10 12:39:10,044 [EventQueue-PipelineActionsForPipelineActionHandler] INFO  pipeline.SCMPipelineManager (SCMPipelineManager.java:finalizeAndDestroyPipeline(311)) - destroying pipeline:Pipeline[ Id: b569b992-8336-41dd-80e0-5e7a6fc8aab0, Nodes: 20e3e33a-5d24-4249-a094-f5376b2f999f{ip: 192.168.34.50, host: pr-hdds-1879-pp2l2-2511026898, networkLocation: /default-rack, certSerialId: null}e2c164e2-1dc0-4b87-8a18-d27b9a4a82f5{ip: 192.168.34.50, host: pr-hdds-1879-pp2l2-2511026898, networkLocation: /default-rack, certSerialId: null}e7ee0826-9905-44f4-ba49-d97620ca9eb2{ip: 192.168.34.50, host: pr-hdds-1879-pp2l2-2511026898, networkLocation: /default-rack, certSerialId: null}, Type:RATIS, Factor:THREE, State:CLOSED]
2019-09-10 12:39:10,540 [java.util.concurrent.ThreadPoolExecutor$Worker@5ff660fa[State = -1, empty queue]] WARN  server.GrpcLogAppender (GrpcLogAppender.java:timeoutAppendRequest(200)) - 20e3e33a-5d24-4249-a094-f5376b2f999f@group-5E7A6FC8AAB0->e7ee0826-9905-44f4-ba49-d97620ca9eb2-GrpcLogAppender: appendEntries Timeout, request=20e3e33a-5d24-4249-a094-f5376b2f999f->e7ee0826-9905-44f4-ba49-d97620ca9eb2#158-t1, previous=(t:1, i:23), leaderCommit=16, initializing? false, entries: <empty>
2019-09-10 12:39:10,540 [java.util.concurrent.ThreadPoolExecutor$Worker@5359d0cb[State = -1, empty queue]] WARN  server.GrpcLogAppender (GrpcLogAppender.java:timeoutAppendRequest(200)) - 20e3e33a-5d24-4249-a094-f5376b2f999f@group-5E7A6FC8AAB0->e2c164e2-1dc0-4b87-8a18-d27b9a4a82f5-GrpcLogAppender: appendEntries Timeout, request=20e3e33a-5d24-4249-a094-f5376b2f999f->e2c164e2-1dc0-4b87-8a18-d27b9a4a82f5#158-t1, previous=(t:1, i:23), leaderCommit=16, initializing? false, entries: <empty>
2019-09-10 12:39:11,763 [e7ee0826-9905-44f4-ba49-d97620ca9eb2@group-5E7A6FC8AAB0-SegmentedRaftLogWorker] WARN  segmented.SegmentedRaftLogWorker (SegmentedRaftLogWorker.java:getFromFuture(90)) - Timeout 13/~
org.apache.ratis.protocol.TimeoutIOException: Timeout 10s: WriteLog:17: (t:1, i:17), STATEMACHINELOGENTRY, client-B8915AA43604, cid=50-writeStateMachineData
	at org.apache.ratis.util.IOUtils.getFromFuture(IOUtils.java:87)
	at org.apache.ratis.server.raftlog.segmented.SegmentedRaftLogWorker$StateMachineDataPolicy.getFromFuture(SegmentedRaftLogWorker.java:87)
	at org.apache.ratis.server.raftlog.segmented.SegmentedRaftLogWorker$WriteLog.execute(SegmentedRaftLogWorker.java:477)
	at org.apache.ratis.server.raftlog.segmented.SegmentedRaftLogWorker.run(SegmentedRaftLogWorker.java:289)
	at java.lang.Thread.run(Thread.java:748)
Caused by: java.util.concurrent.TimeoutException
	at java.util.concurrent.CompletableFuture.timedGet(CompletableFuture.java:1771)
	at java.util.concurrent.CompletableFuture.get(CompletableFuture.java:1915)
	at org.apache.ratis.util.IOUtils.getFromFuture(IOUtils.java:79)
	... 4 more
2019-09-10 12:39:11,797 [e2c164e2-1dc0-4b87-8a18-d27b9a4a82f5@group-5E7A6FC8AAB0-SegmentedRaftLogWorker] WARN  segmented.SegmentedRaftLogWorker (SegmentedRaftLogWorker.java:getFromFuture(90)) - Timeout 13/~
org.apache.ratis.protocol.TimeoutIOException: Timeout 10s: WriteLog:17: (t:1, i:17), STATEMACHINELOGENTRY, client-B8915AA43604, cid=50-writeStateMachineData
	at org.apache.ratis.util.IOUtils.getFromFuture(IOUtils.java:87)
	at org.apache.ratis.server.raftlog.segmented.SegmentedRaftLogWorker$StateMachineDataPolicy.getFromFuture(SegmentedRaftLogWorker.java:87)
	at org.apache.ratis.server.raftlog.segmented.SegmentedRaftLogWorker$WriteLog.execute(SegmentedRaftLogWorker.java:477)
	at org.apache.ratis.server.raftlog.segmented.SegmentedRaftLogWorker.run(SegmentedRaftLogWorker.java:289)
	at java.lang.Thread.run(Thread.java:748)
Caused by: java.util.concurrent.TimeoutException
	at java.util.concurrent.CompletableFuture.timedGet(CompletableFuture.java:1771)
	at java.util.concurrent.CompletableFuture.get(CompletableFuture.java:1915)
	at org.apache.ratis.util.IOUtils.getFromFuture(IOUtils.java:79)
	... 4 more
2019-09-10 12:39:11,898 [20e3e33a-5d24-4249-a094-f5376b2f999f@group-5E7A6FC8AAB0-SegmentedRaftLogWorker] WARN  segmented.SegmentedRaftLogWorker (SegmentedRaftLogWorker.java:getFromFuture(90)) - Timeout 13/~
org.apache.ratis.protocol.TimeoutIOException: Timeout 10s: WriteLog:18: (t:1, i:18), STATEMACHINELOGENTRY, client-B8915AA43604, cid=51-writeStateMachineData
	at org.apache.ratis.util.IOUtils.getFromFuture(IOUtils.java:87)
	at org.apache.ratis.server.raftlog.segmented.SegmentedRaftLogWorker$StateMachineDataPolicy.getFromFuture(SegmentedRaftLogWorker.java:87)
	at org.apache.ratis.server.raftlog.segmented.SegmentedRaftLogWorker$WriteLog.execute(SegmentedRaftLogWorker.java:477)
	at org.apache.ratis.server.raftlog.segmented.SegmentedRaftLogWorker.run(SegmentedRaftLogWorker.java:289)
	at java.lang.Thread.run(Thread.java:748)
Caused by: java.util.concurrent.TimeoutException
	at java.util.concurrent.CompletableFuture.timedGet(CompletableFuture.java:1771)
	at java.util.concurrent.CompletableFuture.get(CompletableFuture.java:1915)
	at org.apache.ratis.util.IOUtils.getFromFuture(IOUtils.java:79)
	... 4 more
2019-09-10 12:39:12,542 [org.apache.ratis.server.impl.LogAppender$AppenderDaemon$$Lambda$513/179557972@28dc937c] ERROR ratis.XceiverServerRatis (XceiverServerRatis.java:triggerPipelineClose(568)) - pipeline Action CLOSE  on pipeline PipelineID=b569b992-8336-41dd-80e0-5e7a6fc8aab0.Reason : 20e3e33a-5d24-4249-a094-f5376b2f999f has not seen follower/s e7ee0826-9905-44f4-ba49-d97620ca9eb2 for 140994ms e2c164e2-1dc0-4b87-8a18-d27b9a4a82f5 for 140994ms
2019-09-10 12:39:12,542 [org.apache.ratis.server.impl.LogAppender$AppenderDaemon$$Lambda$513/179557972@4ce60c6c] ERROR ratis.XceiverServerRatis (XceiverServerRatis.java:triggerPipelineClose(568)) - pipeline Action CLOSE  on pipeline PipelineID=b569b992-8336-41dd-80e0-5e7a6fc8aab0.Reason : 20e3e33a-5d24-4249-a094-f5376b2f999f has not seen follower/s e7ee0826-9905-44f4-ba49-d97620ca9eb2 for 140994ms e2c164e2-1dc0-4b87-8a18-d27b9a4a82f5 for 140994ms
2019-09-10 12:39:13,041 [java.util.concurrent.ThreadPoolExecutor$Worker@5359d0cb[State = -1, empty queue]] WARN  server.GrpcLogAppender (GrpcLogAppender.java:timeoutAppendRequest(200)) - 20e3e33a-5d24-4249-a094-f5376b2f999f@group-5E7A6FC8AAB0->e2c164e2-1dc0-4b87-8a18-d27b9a4a82f5-GrpcLogAppender: appendEntries Timeout, request=20e3e33a-5d24-4249-a094-f5376b2f999f->e2c164e2-1dc0-4b87-8a18-d27b9a4a82f5#159-t1, previous=(t:1, i:23), leaderCommit=16, initializing? false, entries: <empty>
2019-09-10 12:39:13,041 [java.util.concurrent.ThreadPoolExecutor$Worker@5ff660fa[State = -1, empty queue]] WARN  server.GrpcLogAppender (GrpcLogAppender.java:timeoutAppendRequest(200)) - 20e3e33a-5d24-4249-a094-f5376b2f999f@group-5E7A6FC8AAB0->e7ee0826-9905-44f4-ba49-d97620ca9eb2-GrpcLogAppender: appendEntries Timeout, request=20e3e33a-5d24-4249-a094-f5376b2f999f->e7ee0826-9905-44f4-ba49-d97620ca9eb2#159-t1, previous=(t:1, i:23), leaderCommit=16, initializing? false, entries: <empty>
2019-09-10 12:39:13,044 [EventQueue-PipelineActionsForPipelineActionHandler] ERROR pipeline.PipelineActionHandler (PipelineActionHandler.java:onMessage(60)) - Received pipeline action CLOSE for Pipeline[ Id: b569b992-8336-41dd-80e0-5e7a6fc8aab0, Nodes: 20e3e33a-5d24-4249-a094-f5376b2f999f{ip: 192.168.34.50, host: pr-hdds-1879-pp2l2-2511026898, networkLocation: /default-rack, certSerialId: null}e2c164e2-1dc0-4b87-8a18-d27b9a4a82f5{ip: 192.168.34.50, host: pr-hdds-1879-pp2l2-2511026898, networkLocation: /default-rack, certSerialId: null}e7ee0826-9905-44f4-ba49-d97620ca9eb2{ip: 192.168.34.50, host: pr-hdds-1879-pp2l2-2511026898, networkLocation: /default-rack, certSerialId: null}, Type:RATIS, Factor:THREE, State:CLOSED] from datanode 20e3e33a-5d24-4249-a094-f5376b2f999f{ip: 192.168.34.50, host: pr-hdds-1879-pp2l2-2511026898, networkLocation: /default-rack, certSerialId: null}. Reason : 20e3e33a-5d24-4249-a094-f5376b2f999f has not seen follower/s e7ee0826-9905-44f4-ba49-d97620ca9eb2 for 140994ms e2c164e2-1dc0-4b87-8a18-d27b9a4a82f5 for 140994ms
2019-09-10 12:39:13,044 [EventQueue-PipelineActionsForPipelineActionHandler] INFO  pipeline.SCMPipelineManager (SCMPipelineManager.java:finalizeAndDestroyPipeline(311)) - destroying pipeline:Pipeline[ Id: b569b992-8336-41dd-80e0-5e7a6fc8aab0, Nodes: 20e3e33a-5d24-4249-a094-f5376b2f999f{ip: 192.168.34.50, host: pr-hdds-1879-pp2l2-2511026898, networkLocation: /default-rack, certSerialId: null}e2c164e2-1dc0-4b87-8a18-d27b9a4a82f5{ip: 192.168.34.50, host: pr-hdds-1879-pp2l2-2511026898, networkLocation: /default-rack, certSerialId: null}e7ee0826-9905-44f4-ba49-d97620ca9eb2{ip: 192.168.34.50, host: pr-hdds-1879-pp2l2-2511026898, networkLocation: /default-rack, certSerialId: null}, Type:RATIS, Factor:THREE, State:CLOSED]
2019-09-10 12:39:13,116 [grpc-default-executor-2] INFO  client.GrpcClientProtocolClient (GrpcClientProtocolClient.java:onNext(264)) - client-B8915AA43604->e2c164e2-1dc0-4b87-8a18-d27b9a4a82f5: receive RaftClientReply:client-B8915AA43604->e2c164e2-1dc0-4b87-8a18-d27b9a4a82f5@group-5E7A6FC8AAB0, cid=50, FAILED org.apache.ratis.protocol.NotLeaderException: Server e2c164e2-1dc0-4b87-8a18-d27b9a4a82f5@group-5E7A6FC8AAB0 is not the leader 20e3e33a-5d24-4249-a094-f5376b2f999f:192.168.34.50:46569, logIndex=0, commits[e2c164e2-1dc0-4b87-8a18-d27b9a4a82f5:c16, e7ee0826-9905-44f4-ba49-d97620ca9eb2:c14, 20e3e33a-5d24-4249-a094-f5376b2f999f:c16]
2019-09-10 12:39:15,043 [org.apache.ratis.server.impl.LogAppender$AppenderDaemon$$Lambda$513/179557972@4ce60c6c] ERROR ratis.XceiverServerRatis (XceiverServerRatis.java:triggerPipelineClose(568)) - pipeline Action CLOSE  on pipeline PipelineID=b569b992-8336-41dd-80e0-5e7a6fc8aab0.Reason : 20e3e33a-5d24-4249-a094-f5376b2f999f has not seen follower/s e7ee0826-9905-44f4-ba49-d97620ca9eb2 for 143495ms e2c164e2-1dc0-4b87-8a18-d27b9a4a82f5 for 143495ms
2019-09-10 12:39:15,043 [org.apache.ratis.server.impl.LogAppender$AppenderDaemon$$Lambda$513/179557972@28dc937c] ERROR ratis.XceiverServerRatis (XceiverServerRatis.java:triggerPipelineClose(568)) - pipeline Action CLOSE  on pipeline PipelineID=b569b992-8336-41dd-80e0-5e7a6fc8aab0.Reason : 20e3e33a-5d24-4249-a094-f5376b2f999f has not seen follower/s e7ee0826-9905-44f4-ba49-d97620ca9eb2 for 143495ms e2c164e2-1dc0-4b87-8a18-d27b9a4a82f5 for 143495ms
2019-09-10 12:39:15,047 [EventQueue-PipelineActionsForPipelineActionHandler] ERROR pipeline.PipelineActionHandler (PipelineActionHandler.java:onMessage(60)) - Received pipeline action CLOSE for Pipeline[ Id: b569b992-8336-41dd-80e0-5e7a6fc8aab0, Nodes: 20e3e33a-5d24-4249-a094-f5376b2f999f{ip: 192.168.34.50, host: pr-hdds-1879-pp2l2-2511026898, networkLocation: /default-rack, certSerialId: null}e2c164e2-1dc0-4b87-8a18-d27b9a4a82f5{ip: 192.168.34.50, host: pr-hdds-1879-pp2l2-2511026898, networkLocation: /default-rack, certSerialId: null}e7ee0826-9905-44f4-ba49-d97620ca9eb2{ip: 192.168.34.50, host: pr-hdds-1879-pp2l2-2511026898, networkLocation: /default-rack, certSerialId: null}, Type:RATIS, Factor:THREE, State:CLOSED] from datanode 20e3e33a-5d24-4249-a094-f5376b2f999f{ip: 192.168.34.50, host: pr-hdds-1879-pp2l2-2511026898, networkLocation: /default-rack, certSerialId: null}. Reason : 20e3e33a-5d24-4249-a094-f5376b2f999f has not seen follower/s e7ee0826-9905-44f4-ba49-d97620ca9eb2 for 143495ms e2c164e2-1dc0-4b87-8a18-d27b9a4a82f5 for 143495ms
2019-09-10 12:39:15,047 [EventQueue-PipelineActionsForPipelineActionHandler] INFO  pipeline.SCMPipelineManager (SCMPipelineManager.java:finalizeAndDestroyPipeline(311)) - destroying pipeline:Pipeline[ Id: b569b992-8336-41dd-80e0-5e7a6fc8aab0, Nodes: 20e3e33a-5d24-4249-a094-f5376b2f999f{ip: 192.168.34.50, host: pr-hdds-1879-pp2l2-2511026898, networkLocation: /default-rack, certSerialId: null}e2c164e2-1dc0-4b87-8a18-d27b9a4a82f5{ip: 192.168.34.50, host: pr-hdds-1879-pp2l2-2511026898, networkLocation: /default-rack, certSerialId: null}e7ee0826-9905-44f4-ba49-d97620ca9eb2{ip: 192.168.34.50, host: pr-hdds-1879-pp2l2-2511026898, networkLocation: /default-rack, certSerialId: null}, Type:RATIS, Factor:THREE, State:CLOSED]
2019-09-10 12:39:15,542 [java.util.concurrent.ThreadPoolExecutor$Worker@5359d0cb[State = -1, empty queue]] WARN  server.GrpcLogAppender (GrpcLogAppender.java:timeoutAppendRequest(200)) - 20e3e33a-5d24-4249-a094-f5376b2f999f@group-5E7A6FC8AAB0->e2c164e2-1dc0-4b87-8a18-d27b9a4a82f5-GrpcLogAppender: appendEntries Timeout, request=20e3e33a-5d24-4249-a094-f5376b2f999f->e2c164e2-1dc0-4b87-8a18-d27b9a4a82f5#160-t1, previous=(t:1, i:23), leaderCommit=16, initializing? false, entries: <empty>
2019-09-10 12:39:15,542 [java.util.concurrent.ThreadPoolExecutor$Worker@5ff660fa[State = -1, empty queue]] WARN  server.GrpcLogAppender (GrpcLogAppender.java:timeoutAppendRequest(200)) - 20e3e33a-5d24-4249-a094-f5376b2f999f@group-5E7A6FC8AAB0->e7ee0826-9905-44f4-ba49-d97620ca9eb2-GrpcLogAppender: appendEntries Timeout, request=20e3e33a-5d24-4249-a094-f5376b2f999f->e7ee0826-9905-44f4-ba49-d97620ca9eb2#160-t1, previous=(t:1, i:23), leaderCommit=16, initializing? false, entries: <empty>
2019-09-10 12:39:17,544 [org.apache.ratis.server.impl.LogAppender$AppenderDaemon$$Lambda$513/179557972@28dc937c] ERROR ratis.XceiverServerRatis (XceiverServerRatis.java:triggerPipelineClose(568)) - pipeline Action CLOSE  on pipeline PipelineID=b569b992-8336-41dd-80e0-5e7a6fc8aab0.Reason : 20e3e33a-5d24-4249-a094-f5376b2f999f has not seen follower/s e7ee0826-9905-44f4-ba49-d97620ca9eb2 for 145996ms e2c164e2-1dc0-4b87-8a18-d27b9a4a82f5 for 145996ms
2019-09-10 12:39:17,544 [org.apache.ratis.server.impl.LogAppender$AppenderDaemon$$Lambda$513/179557972@4ce60c6c] ERROR ratis.XceiverServerRatis (XceiverServerRatis.java:triggerPipelineClose(568)) - pipeline Action CLOSE  on pipeline PipelineID=b569b992-8336-41dd-80e0-5e7a6fc8aab0.Reason : 20e3e33a-5d24-4249-a094-f5376b2f999f has not seen follower/s e7ee0826-9905-44f4-ba49-d97620ca9eb2 for 145996ms e2c164e2-1dc0-4b87-8a18-d27b9a4a82f5 for 145996ms
2019-09-10 12:39:18,043 [java.util.concurrent.ThreadPoolExecutor$Worker@5359d0cb[State = -1, empty queue]] WARN  server.GrpcLogAppender (GrpcLogAppender.java:timeoutAppendRequest(200)) - 20e3e33a-5d24-4249-a094-f5376b2f999f@group-5E7A6FC8AAB0->e2c164e2-1dc0-4b87-8a18-d27b9a4a82f5-GrpcLogAppender: appendEntries Timeout, request=20e3e33a-5d24-4249-a094-f5376b2f999f->e2c164e2-1dc0-4b87-8a18-d27b9a4a82f5#161-t1, previous=(t:1, i:23), leaderCommit=16, initializing? false, entries: <empty>
2019-09-10 12:39:18,043 [java.util.concurrent.ThreadPoolExecutor$Worker@5ff660fa[State = -1, empty queue]] WARN  server.GrpcLogAppender (GrpcLogAppender.java:timeoutAppendRequest(200)) - 20e3e33a-5d24-4249-a094-f5376b2f999f@group-5E7A6FC8AAB0->e7ee0826-9905-44f4-ba49-d97620ca9eb2-GrpcLogAppender: appendEntries Timeout, request=20e3e33a-5d24-4249-a094-f5376b2f999f->e7ee0826-9905-44f4-ba49-d97620ca9eb2#161-t1, previous=(t:1, i:23), leaderCommit=16, initializing? false, entries: <empty>
2019-09-10 12:39:18,044 [EventQueue-PipelineActionsForPipelineActionHandler] ERROR pipeline.PipelineActionHandler (PipelineActionHandler.java:onMessage(60)) - Received pipeline action CLOSE for Pipeline[ Id: b569b992-8336-41dd-80e0-5e7a6fc8aab0, Nodes: 20e3e33a-5d24-4249-a094-f5376b2f999f{ip: 192.168.34.50, host: pr-hdds-1879-pp2l2-2511026898, networkLocation: /default-rack, certSerialId: null}e2c164e2-1dc0-4b87-8a18-d27b9a4a82f5{ip: 192.168.34.50, host: pr-hdds-1879-pp2l2-2511026898, networkLocation: /default-rack, certSerialId: null}e7ee0826-9905-44f4-ba49-d97620ca9eb2{ip: 192.168.34.50, host: pr-hdds-1879-pp2l2-2511026898, networkLocation: /default-rack, certSerialId: null}, Type:RATIS, Factor:THREE, State:CLOSED] from datanode 20e3e33a-5d24-4249-a094-f5376b2f999f{ip: 192.168.34.50, host: pr-hdds-1879-pp2l2-2511026898, networkLocation: /default-rack, certSerialId: null}. Reason : 20e3e33a-5d24-4249-a094-f5376b2f999f has not seen follower/s e7ee0826-9905-44f4-ba49-d97620ca9eb2 for 145996ms e2c164e2-1dc0-4b87-8a18-d27b9a4a82f5 for 145996ms
2019-09-10 12:39:18,044 [EventQueue-PipelineActionsForPipelineActionHandler] INFO  pipeline.SCMPipelineManager (SCMPipelineManager.java:finalizeAndDestroyPipeline(311)) - destroying pipeline:Pipeline[ Id: b569b992-8336-41dd-80e0-5e7a6fc8aab0, Nodes: 20e3e33a-5d24-4249-a094-f5376b2f999f{ip: 192.168.34.50, host: pr-hdds-1879-pp2l2-2511026898, networkLocation: /default-rack, certSerialId: null}e2c164e2-1dc0-4b87-8a18-d27b9a4a82f5{ip: 192.168.34.50, host: pr-hdds-1879-pp2l2-2511026898, networkLocation: /default-rack, certSerialId: null}e7ee0826-9905-44f4-ba49-d97620ca9eb2{ip: 192.168.34.50, host: pr-hdds-1879-pp2l2-2511026898, networkLocation: /default-rack, certSerialId: null}, Type:RATIS, Factor:THREE, State:CLOSED]
2019-09-10 12:39:18,187 [grpc-default-executor-2] INFO  client.GrpcClientProtocolClient (GrpcClientProtocolClient.java:onNext(264)) - client-B8915AA43604->e7ee0826-9905-44f4-ba49-d97620ca9eb2: receive RaftClientReply:client-B8915AA43604->e7ee0826-9905-44f4-ba49-d97620ca9eb2@group-5E7A6FC8AAB0, cid=50, FAILED org.apache.ratis.protocol.NotLeaderException: Server e7ee0826-9905-44f4-ba49-d97620ca9eb2@group-5E7A6FC8AAB0 is not the leader 20e3e33a-5d24-4249-a094-f5376b2f999f:192.168.34.50:46569, logIndex=0, commits[e7ee0826-9905-44f4-ba49-d97620ca9eb2:c16, e2c164e2-1dc0-4b87-8a18-d27b9a4a82f5:c14, 20e3e33a-5d24-4249-a094-f5376b2f999f:c16]
2019-09-10 12:39:20,045 [org.apache.ratis.server.impl.LogAppender$AppenderDaemon$$Lambda$513/179557972@28dc937c] ERROR ratis.XceiverServerRatis (XceiverServerRatis.java:triggerPipelineClose(568)) - pipeline Action CLOSE  on pipeline PipelineID=b569b992-8336-41dd-80e0-5e7a6fc8aab0.Reason : 20e3e33a-5d24-4249-a094-f5376b2f999f has not seen follower/s e7ee0826-9905-44f4-ba49-d97620ca9eb2 for 148497ms e2c164e2-1dc0-4b87-8a18-d27b9a4a82f5 for 148497ms
2019-09-10 12:39:20,045 [org.apache.ratis.server.impl.LogAppender$AppenderDaemon$$Lambda$513/179557972@4ce60c6c] ERROR ratis.XceiverServerRatis (XceiverServerRatis.java:triggerPipelineClose(568)) - pipeline Action CLOSE  on pipeline PipelineID=b569b992-8336-41dd-80e0-5e7a6fc8aab0.Reason : 20e3e33a-5d24-4249-a094-f5376b2f999f has not seen follower/s e7ee0826-9905-44f4-ba49-d97620ca9eb2 for 148497ms e2c164e2-1dc0-4b87-8a18-d27b9a4a82f5 for 148497ms
2019-09-10 12:39:20,544 [java.util.concurrent.ThreadPoolExecutor$Worker@5359d0cb[State = -1, empty queue]] WARN  server.GrpcLogAppender (GrpcLogAppender.java:timeoutAppendRequest(200)) - 20e3e33a-5d24-4249-a094-f5376b2f999f@group-5E7A6FC8AAB0->e2c164e2-1dc0-4b87-8a18-d27b9a4a82f5-GrpcLogAppender: appendEntries Timeout, request=20e3e33a-5d24-4249-a094-f5376b2f999f->e2c164e2-1dc0-4b87-8a18-d27b9a4a82f5#162-t1, previous=(t:1, i:23), leaderCommit=16, initializing? false, entries: <empty>
2019-09-10 12:39:20,544 [java.util.concurrent.ThreadPoolExecutor$Worker@5ff660fa[State = -1, empty queue]] WARN  server.GrpcLogAppender (GrpcLogAppender.java:timeoutAppendRequest(200)) - 20e3e33a-5d24-4249-a094-f5376b2f999f@group-5E7A6FC8AAB0->e7ee0826-9905-44f4-ba49-d97620ca9eb2-GrpcLogAppender: appendEntries Timeout, request=20e3e33a-5d24-4249-a094-f5376b2f999f->e7ee0826-9905-44f4-ba49-d97620ca9eb2#162-t1, previous=(t:1, i:23), leaderCommit=16, initializing? false, entries: <empty>
2019-09-10 12:39:21,044 [EventQueue-PipelineActionsForPipelineActionHandler] ERROR pipeline.PipelineActionHandler (PipelineActionHandler.java:onMessage(60)) - Received pipeline action CLOSE for Pipeline[ Id: b569b992-8336-41dd-80e0-5e7a6fc8aab0, Nodes: 20e3e33a-5d24-4249-a094-f5376b2f999f{ip: 192.168.34.50, host: pr-hdds-1879-pp2l2-2511026898, networkLocation: /default-rack, certSerialId: null}e2c164e2-1dc0-4b87-8a18-d27b9a4a82f5{ip: 192.168.34.50, host: pr-hdds-1879-pp2l2-2511026898, networkLocation: /default-rack, certSerialId: null}e7ee0826-9905-44f4-ba49-d97620ca9eb2{ip: 192.168.34.50, host: pr-hdds-1879-pp2l2-2511026898, networkLocation: /default-rack, certSerialId: null}, Type:RATIS, Factor:THREE, State:CLOSED] from datanode 20e3e33a-5d24-4249-a094-f5376b2f999f{ip: 192.168.34.50, host: pr-hdds-1879-pp2l2-2511026898, networkLocation: /default-rack, certSerialId: null}. Reason : 20e3e33a-5d24-4249-a094-f5376b2f999f has not seen follower/s e7ee0826-9905-44f4-ba49-d97620ca9eb2 for 148497ms e2c164e2-1dc0-4b87-8a18-d27b9a4a82f5 for 148497ms
2019-09-10 12:39:21,044 [EventQueue-PipelineActionsForPipelineActionHandler] INFO  pipeline.SCMPipelineManager (SCMPipelineManager.java:finalizeAndDestroyPipeline(311)) - destroying pipeline:Pipeline[ Id: b569b992-8336-41dd-80e0-5e7a6fc8aab0, Nodes: 20e3e33a-5d24-4249-a094-f5376b2f999f{ip: 192.168.34.50, host: pr-hdds-1879-pp2l2-2511026898, networkLocation: /default-rack, certSerialId: null}e2c164e2-1dc0-4b87-8a18-d27b9a4a82f5{ip: 192.168.34.50, host: pr-hdds-1879-pp2l2-2511026898, networkLocation: /default-rack, certSerialId: null}e7ee0826-9905-44f4-ba49-d97620ca9eb2{ip: 192.168.34.50, host: pr-hdds-1879-pp2l2-2511026898, networkLocation: /default-rack, certSerialId: null}, Type:RATIS, Factor:THREE, State:CLOSED]
2019-09-10 12:39:21,765 [e7ee0826-9905-44f4-ba49-d97620ca9eb2@group-5E7A6FC8AAB0-SegmentedRaftLogWorker] WARN  segmented.SegmentedRaftLogWorker (SegmentedRaftLogWorker.java:getFromFuture(90)) - Timeout 14/~
org.apache.ratis.protocol.TimeoutIOException: Timeout 10s: WriteLog:17: (t:1, i:17), STATEMACHINELOGENTRY, client-B8915AA43604, cid=50-writeStateMachineData
	at org.apache.ratis.util.IOUtils.getFromFuture(IOUtils.java:87)
	at org.apache.ratis.server.raftlog.segmented.SegmentedRaftLogWorker$StateMachineDataPolicy.getFromFuture(SegmentedRaftLogWorker.java:87)
	at org.apache.ratis.server.raftlog.segmented.SegmentedRaftLogWorker$WriteLog.execute(SegmentedRaftLogWorker.java:477)
	at org.apache.ratis.server.raftlog.segmented.SegmentedRaftLogWorker.run(SegmentedRaftLogWorker.java:289)
	at java.lang.Thread.run(Thread.java:748)
Caused by: java.util.concurrent.TimeoutException
	at java.util.concurrent.CompletableFuture.timedGet(CompletableFuture.java:1771)
	at java.util.concurrent.CompletableFuture.get(CompletableFuture.java:1915)
	at org.apache.ratis.util.IOUtils.getFromFuture(IOUtils.java:79)
	... 4 more
2019-09-10 12:39:21,797 [e2c164e2-1dc0-4b87-8a18-d27b9a4a82f5@group-5E7A6FC8AAB0-SegmentedRaftLogWorker] WARN  segmented.SegmentedRaftLogWorker (SegmentedRaftLogWorker.java:getFromFuture(90)) - Timeout 14/~
org.apache.ratis.protocol.TimeoutIOException: Timeout 10s: WriteLog:17: (t:1, i:17), STATEMACHINELOGENTRY, client-B8915AA43604, cid=50-writeStateMachineData
	at org.apache.ratis.util.IOUtils.getFromFuture(IOUtils.java:87)
	at org.apache.ratis.server.raftlog.segmented.SegmentedRaftLogWorker$StateMachineDataPolicy.getFromFuture(SegmentedRaftLogWorker.java:87)
	at org.apache.ratis.server.raftlog.segmented.SegmentedRaftLogWorker$WriteLog.execute(SegmentedRaftLogWorker.java:477)
	at org.apache.ratis.server.raftlog.segmented.SegmentedRaftLogWorker.run(SegmentedRaftLogWorker.java:289)
	at java.lang.Thread.run(Thread.java:748)
Caused by: java.util.concurrent.TimeoutException
	at java.util.concurrent.CompletableFuture.timedGet(CompletableFuture.java:1771)
	at java.util.concurrent.CompletableFuture.get(CompletableFuture.java:1915)
	at org.apache.ratis.util.IOUtils.getFromFuture(IOUtils.java:79)
	... 4 more
2019-09-10 12:39:21,899 [20e3e33a-5d24-4249-a094-f5376b2f999f@group-5E7A6FC8AAB0-SegmentedRaftLogWorker] WARN  segmented.SegmentedRaftLogWorker (SegmentedRaftLogWorker.java:getFromFuture(90)) - Timeout 14/~
org.apache.ratis.protocol.TimeoutIOException: Timeout 10s: WriteLog:18: (t:1, i:18), STATEMACHINELOGENTRY, client-B8915AA43604, cid=51-writeStateMachineData
	at org.apache.ratis.util.IOUtils.getFromFuture(IOUtils.java:87)
	at org.apache.ratis.server.raftlog.segmented.SegmentedRaftLogWorker$StateMachineDataPolicy.getFromFuture(SegmentedRaftLogWorker.java:87)
	at org.apache.ratis.server.raftlog.segmented.SegmentedRaftLogWorker$WriteLog.execute(SegmentedRaftLogWorker.java:477)
	at org.apache.ratis.server.raftlog.segmented.SegmentedRaftLogWorker.run(SegmentedRaftLogWorker.java:289)
	at java.lang.Thread.run(Thread.java:748)
Caused by: java.util.concurrent.TimeoutException
	at java.util.concurrent.CompletableFuture.timedGet(CompletableFuture.java:1771)
	at java.util.concurrent.CompletableFuture.get(CompletableFuture.java:1915)
	at org.apache.ratis.util.IOUtils.getFromFuture(IOUtils.java:79)
	... 4 more
2019-09-10 12:39:22,546 [org.apache.ratis.server.impl.LogAppender$AppenderDaemon$$Lambda$513/179557972@28dc937c] ERROR ratis.XceiverServerRatis (XceiverServerRatis.java:triggerPipelineClose(568)) - pipeline Action CLOSE  on pipeline PipelineID=b569b992-8336-41dd-80e0-5e7a6fc8aab0.Reason : 20e3e33a-5d24-4249-a094-f5376b2f999f has not seen follower/s e7ee0826-9905-44f4-ba49-d97620ca9eb2 for 150998ms e2c164e2-1dc0-4b87-8a18-d27b9a4a82f5 for 150998ms
2019-09-10 12:39:22,546 [org.apache.ratis.server.impl.LogAppender$AppenderDaemon$$Lambda$513/179557972@4ce60c6c] ERROR ratis.XceiverServerRatis (XceiverServerRatis.java:triggerPipelineClose(568)) - pipeline Action CLOSE  on pipeline PipelineID=b569b992-8336-41dd-80e0-5e7a6fc8aab0.Reason : 20e3e33a-5d24-4249-a094-f5376b2f999f has not seen follower/s e7ee0826-9905-44f4-ba49-d97620ca9eb2 for 150998ms e2c164e2-1dc0-4b87-8a18-d27b9a4a82f5 for 150998ms
2019-09-10 12:39:23,043 [EventQueue-PipelineActionsForPipelineActionHandler] ERROR pipeline.PipelineActionHandler (PipelineActionHandler.java:onMessage(60)) - Received pipeline action CLOSE for Pipeline[ Id: b569b992-8336-41dd-80e0-5e7a6fc8aab0, Nodes: 20e3e33a-5d24-4249-a094-f5376b2f999f{ip: 192.168.34.50, host: pr-hdds-1879-pp2l2-2511026898, networkLocation: /default-rack, certSerialId: null}e2c164e2-1dc0-4b87-8a18-d27b9a4a82f5{ip: 192.168.34.50, host: pr-hdds-1879-pp2l2-2511026898, networkLocation: /default-rack, certSerialId: null}e7ee0826-9905-44f4-ba49-d97620ca9eb2{ip: 192.168.34.50, host: pr-hdds-1879-pp2l2-2511026898, networkLocation: /default-rack, certSerialId: null}, Type:RATIS, Factor:THREE, State:CLOSED] from datanode 20e3e33a-5d24-4249-a094-f5376b2f999f{ip: 192.168.34.50, host: pr-hdds-1879-pp2l2-2511026898, networkLocation: /default-rack, certSerialId: null}. Reason : 20e3e33a-5d24-4249-a094-f5376b2f999f has not seen follower/s e7ee0826-9905-44f4-ba49-d97620ca9eb2 for 150998ms e2c164e2-1dc0-4b87-8a18-d27b9a4a82f5 for 150998ms
2019-09-10 12:39:23,044 [EventQueue-PipelineActionsForPipelineActionHandler] INFO  pipeline.SCMPipelineManager (SCMPipelineManager.java:finalizeAndDestroyPipeline(311)) - destroying pipeline:Pipeline[ Id: b569b992-8336-41dd-80e0-5e7a6fc8aab0, Nodes: 20e3e33a-5d24-4249-a094-f5376b2f999f{ip: 192.168.34.50, host: pr-hdds-1879-pp2l2-2511026898, networkLocation: /default-rack, certSerialId: null}e2c164e2-1dc0-4b87-8a18-d27b9a4a82f5{ip: 192.168.34.50, host: pr-hdds-1879-pp2l2-2511026898, networkLocation: /default-rack, certSerialId: null}e7ee0826-9905-44f4-ba49-d97620ca9eb2{ip: 192.168.34.50, host: pr-hdds-1879-pp2l2-2511026898, networkLocation: /default-rack, certSerialId: null}, Type:RATIS, Factor:THREE, State:CLOSED]
2019-09-10 12:39:23,045 [java.util.concurrent.ThreadPoolExecutor$Worker@5359d0cb[State = -1, empty queue]] WARN  server.GrpcLogAppender (GrpcLogAppender.java:timeoutAppendRequest(200)) - 20e3e33a-5d24-4249-a094-f5376b2f999f@group-5E7A6FC8AAB0->e2c164e2-1dc0-4b87-8a18-d27b9a4a82f5-GrpcLogAppender: appendEntries Timeout, request=20e3e33a-5d24-4249-a094-f5376b2f999f->e2c164e2-1dc0-4b87-8a18-d27b9a4a82f5#163-t1, previous=(t:1, i:23), leaderCommit=16, initializing? false, entries: <empty>
2019-09-10 12:39:23,045 [java.util.concurrent.ThreadPoolExecutor$Worker@5ff660fa[State = -1, empty queue]] WARN  server.GrpcLogAppender (GrpcLogAppender.java:timeoutAppendRequest(200)) - 20e3e33a-5d24-4249-a094-f5376b2f999f@group-5E7A6FC8AAB0->e7ee0826-9905-44f4-ba49-d97620ca9eb2-GrpcLogAppender: appendEntries Timeout, request=20e3e33a-5d24-4249-a094-f5376b2f999f->e7ee0826-9905-44f4-ba49-d97620ca9eb2#163-t1, previous=(t:1, i:23), leaderCommit=16, initializing? false, entries: <empty>
2019-09-10 12:39:23,224 [grpc-default-executor-2] INFO  client.GrpcClientProtocolClient (GrpcClientProtocolClient.java:onNext(264)) - client-B8915AA43604->e7ee0826-9905-44f4-ba49-d97620ca9eb2: receive RaftClientReply:client-B8915AA43604->e7ee0826-9905-44f4-ba49-d97620ca9eb2@group-5E7A6FC8AAB0, cid=50, FAILED org.apache.ratis.protocol.NotLeaderException: Server e7ee0826-9905-44f4-ba49-d97620ca9eb2@group-5E7A6FC8AAB0 is not the leader 20e3e33a-5d24-4249-a094-f5376b2f999f:192.168.34.50:46569, logIndex=0, commits[e7ee0826-9905-44f4-ba49-d97620ca9eb2:c16, e2c164e2-1dc0-4b87-8a18-d27b9a4a82f5:c14, 20e3e33a-5d24-4249-a094-f5376b2f999f:c16]
2019-09-10 12:39:25,047 [org.apache.ratis.server.impl.LogAppender$AppenderDaemon$$Lambda$513/179557972@28dc937c] ERROR ratis.XceiverServerRatis (XceiverServerRatis.java:triggerPipelineClose(568)) - pipeline Action CLOSE  on pipeline PipelineID=b569b992-8336-41dd-80e0-5e7a6fc8aab0.Reason : 20e3e33a-5d24-4249-a094-f5376b2f999f has not seen follower/s e7ee0826-9905-44f4-ba49-d97620ca9eb2 for 153499ms e2c164e2-1dc0-4b87-8a18-d27b9a4a82f5 for 153499ms
2019-09-10 12:39:25,047 [org.apache.ratis.server.impl.LogAppender$AppenderDaemon$$Lambda$513/179557972@4ce60c6c] ERROR ratis.XceiverServerRatis (XceiverServerRatis.java:triggerPipelineClose(568)) - pipeline Action CLOSE  on pipeline PipelineID=b569b992-8336-41dd-80e0-5e7a6fc8aab0.Reason : 20e3e33a-5d24-4249-a094-f5376b2f999f has not seen follower/s e7ee0826-9905-44f4-ba49-d97620ca9eb2 for 153499ms e2c164e2-1dc0-4b87-8a18-d27b9a4a82f5 for 153499ms
2019-09-10 12:39:25,272 [grpc-default-executor-6] INFO  impl.RaftServerProxy (RaftServerProxy.java:addNew(89)) - 20e3e33a-5d24-4249-a094-f5376b2f999f: addNew group-EED21490C849:[e7ee0826-9905-44f4-ba49-d97620ca9eb2:192.168.34.50:35923, e2c164e2-1dc0-4b87-8a18-d27b9a4a82f5:192.168.34.50:35441, 20e3e33a-5d24-4249-a094-f5376b2f999f:192.168.34.50:46569] returns group-EED21490C849:java.util.concurrent.CompletableFuture@359e1fb1[Not completed]
2019-09-10 12:39:25,272 [grpc-default-executor-2] INFO  impl.RaftServerProxy (RaftServerProxy.java:addNew(89)) - e2c164e2-1dc0-4b87-8a18-d27b9a4a82f5: addNew group-EED21490C849:[e7ee0826-9905-44f4-ba49-d97620ca9eb2:192.168.34.50:35923, e2c164e2-1dc0-4b87-8a18-d27b9a4a82f5:192.168.34.50:35441, 20e3e33a-5d24-4249-a094-f5376b2f999f:192.168.34.50:46569] returns group-EED21490C849:java.util.concurrent.CompletableFuture@3b4ae4a0[Not completed]
2019-09-10 12:39:25,272 [grpc-default-executor-3] INFO  impl.RaftServerProxy (RaftServerProxy.java:addNew(89)) - e7ee0826-9905-44f4-ba49-d97620ca9eb2: addNew group-EED21490C849:[e7ee0826-9905-44f4-ba49-d97620ca9eb2:192.168.34.50:35923, e2c164e2-1dc0-4b87-8a18-d27b9a4a82f5:192.168.34.50:35441, 20e3e33a-5d24-4249-a094-f5376b2f999f:192.168.34.50:46569] returns group-EED21490C849:java.util.concurrent.CompletableFuture@7f5922a7[Not completed]
2019-09-10 12:39:25,274 [pool-77-thread-1] INFO  impl.RaftServerImpl (RaftServerImpl.java:<init>(95)) - e7ee0826-9905-44f4-ba49-d97620ca9eb2: new RaftServerImpl for group-EED21490C849:[e7ee0826-9905-44f4-ba49-d97620ca9eb2:192.168.34.50:35923, e2c164e2-1dc0-4b87-8a18-d27b9a4a82f5:192.168.34.50:35441, 20e3e33a-5d24-4249-a094-f5376b2f999f:192.168.34.50:46569] with ContainerStateMachine:uninitialized
2019-09-10 12:39:25,275 [pool-77-thread-1] INFO  server.RaftServerConfigKeys (ConfUtils.java:logGet(43)) - raft.server.rpc.timeout.min = 5s (custom)
2019-09-10 12:39:25,275 [pool-77-thread-1] INFO  server.RaftServerConfigKeys (ConfUtils.java:logGet(43)) - raft.server.rpc.timeout.max = 5200ms (custom)
2019-09-10 12:39:25,275 [pool-77-thread-1] INFO  server.RaftServerConfigKeys (ConfUtils.java:logGet(43)) - raft.server.rpcslowness.timeout = 120s (custom)
2019-09-10 12:39:25,275 [pool-77-thread-1] INFO  server.RaftServerConfigKeys (ConfUtils.java:logGet(43)) - raft.server.sleep.deviation.threshold = 300 (default)
2019-09-10 12:39:25,275 [pool-77-thread-1] INFO  server.RaftServerConfigKeys (ConfUtils.java:logGet(43)) - raft.server.log.appender.install.snapshot.enabled = false (custom)
2019-09-10 12:39:25,275 [pool-77-thread-1] INFO  impl.RaftServerImpl (ServerState.java:<init>(103)) - e7ee0826-9905-44f4-ba49-d97620ca9eb2@group-EED21490C849: ConfigurationManager, init=-1: [e7ee0826-9905-44f4-ba49-d97620ca9eb2:192.168.34.50:35923, e2c164e2-1dc0-4b87-8a18-d27b9a4a82f5:192.168.34.50:35441, 20e3e33a-5d24-4249-a094-f5376b2f999f:192.168.34.50:46569], old=null, confs=<EMPTY_MAP>
2019-09-10 12:39:25,275 [pool-87-thread-1] INFO  impl.RaftServerImpl (RaftServerImpl.java:<init>(95)) - 20e3e33a-5d24-4249-a094-f5376b2f999f: new RaftServerImpl for group-EED21490C849:[e7ee0826-9905-44f4-ba49-d97620ca9eb2:192.168.34.50:35923, e2c164e2-1dc0-4b87-8a18-d27b9a4a82f5:192.168.34.50:35441, 20e3e33a-5d24-4249-a094-f5376b2f999f:192.168.34.50:46569] with ContainerStateMachine:uninitialized
2019-09-10 12:39:25,275 [pool-77-thread-1] INFO  server.RaftServerConfigKeys (ConfUtils.java:logGet(43)) - raft.server.storage.dir = [/workdir/hadoop-ozone/integration-test/target/test-dir/MiniOzoneClusterImpl-3f53151c-50d4-4b96-bcaa-ed08380fd351/datanode-5/data/ratis] (custom)
2019-09-10 12:39:25,275 [pool-87-thread-1] INFO  server.RaftServerConfigKeys (ConfUtils.java:logGet(43)) - raft.server.rpc.timeout.min = 5s (custom)
2019-09-10 12:39:25,276 [pool-87-thread-1] INFO  server.RaftServerConfigKeys (ConfUtils.java:logGet(43)) - raft.server.rpc.timeout.max = 5200ms (custom)
2019-09-10 12:39:25,276 [pool-77-thread-1] INFO  storage.RaftStorageDirectory (RaftStorageDirectory.java:analyzeStorage(246)) - The storage directory /workdir/hadoop-ozone/integration-test/target/test-dir/MiniOzoneClusterImpl-3f53151c-50d4-4b96-bcaa-ed08380fd351/datanode-5/data/ratis/9e0e5cec-4873-4510-811c-eed21490c849 does not exist. Creating ...
2019-09-10 12:39:25,276 [pool-67-thread-1] INFO  impl.RaftServerImpl (RaftServerImpl.java:<init>(95)) - e2c164e2-1dc0-4b87-8a18-d27b9a4a82f5: new RaftServerImpl for group-EED21490C849:[e7ee0826-9905-44f4-ba49-d97620ca9eb2:192.168.34.50:35923, e2c164e2-1dc0-4b87-8a18-d27b9a4a82f5:192.168.34.50:35441, 20e3e33a-5d24-4249-a094-f5376b2f999f:192.168.34.50:46569] with ContainerStateMachine:uninitialized
2019-09-10 12:39:25,276 [pool-87-thread-1] INFO  server.RaftServerConfigKeys (ConfUtils.java:logGet(43)) - raft.server.rpcslowness.timeout = 120s (custom)
2019-09-10 12:39:25,276 [pool-67-thread-1] INFO  server.RaftServerConfigKeys (ConfUtils.java:logGet(43)) - raft.server.rpc.timeout.min = 5s (custom)
2019-09-10 12:39:25,276 [pool-87-thread-1] INFO  server.RaftServerConfigKeys (ConfUtils.java:logGet(43)) - raft.server.sleep.deviation.threshold = 300 (default)
2019-09-10 12:39:25,276 [pool-67-thread-1] INFO  server.RaftServerConfigKeys (ConfUtils.java:logGet(43)) - raft.server.rpc.timeout.max = 5200ms (custom)
2019-09-10 12:39:25,276 [pool-87-thread-1] INFO  server.RaftServerConfigKeys (ConfUtils.java:logGet(43)) - raft.server.log.appender.install.snapshot.enabled = false (custom)
2019-09-10 12:39:25,276 [pool-67-thread-1] INFO  server.RaftServerConfigKeys (ConfUtils.java:logGet(43)) - raft.server.rpcslowness.timeout = 120s (custom)
2019-09-10 12:39:25,277 [pool-87-thread-1] INFO  impl.RaftServerImpl (ServerState.java:<init>(103)) - 20e3e33a-5d24-4249-a094-f5376b2f999f@group-EED21490C849: ConfigurationManager, init=-1: [e7ee0826-9905-44f4-ba49-d97620ca9eb2:192.168.34.50:35923, e2c164e2-1dc0-4b87-8a18-d27b9a4a82f5:192.168.34.50:35441, 20e3e33a-5d24-4249-a094-f5376b2f999f:192.168.34.50:46569], old=null, confs=<EMPTY_MAP>
2019-09-10 12:39:25,277 [pool-67-thread-1] INFO  server.RaftServerConfigKeys (ConfUtils.java:logGet(43)) - raft.server.sleep.deviation.threshold = 300 (default)
2019-09-10 12:39:25,277 [pool-87-thread-1] INFO  server.RaftServerConfigKeys (ConfUtils.java:logGet(43)) - raft.server.storage.dir = [/workdir/hadoop-ozone/integration-test/target/test-dir/MiniOzoneClusterImpl-3f53151c-50d4-4b96-bcaa-ed08380fd351/datanode-6/data/ratis] (custom)
2019-09-10 12:39:25,277 [pool-67-thread-1] INFO  server.RaftServerConfigKeys (ConfUtils.java:logGet(43)) - raft.server.log.appender.install.snapshot.enabled = false (custom)
2019-09-10 12:39:25,277 [pool-67-thread-1] INFO  impl.RaftServerImpl (ServerState.java:<init>(103)) - e2c164e2-1dc0-4b87-8a18-d27b9a4a82f5@group-EED21490C849: ConfigurationManager, init=-1: [e7ee0826-9905-44f4-ba49-d97620ca9eb2:192.168.34.50:35923, e2c164e2-1dc0-4b87-8a18-d27b9a4a82f5:192.168.34.50:35441, 20e3e33a-5d24-4249-a094-f5376b2f999f:192.168.34.50:46569], old=null, confs=<EMPTY_MAP>
2019-09-10 12:39:25,277 [pool-67-thread-1] INFO  server.RaftServerConfigKeys (ConfUtils.java:logGet(43)) - raft.server.storage.dir = [/workdir/hadoop-ozone/integration-test/target/test-dir/MiniOzoneClusterImpl-3f53151c-50d4-4b96-bcaa-ed08380fd351/datanode-4/data/ratis] (custom)
2019-09-10 12:39:25,277 [pool-87-thread-1] INFO  storage.RaftStorageDirectory (RaftStorageDirectory.java:analyzeStorage(246)) - The storage directory /workdir/hadoop-ozone/integration-test/target/test-dir/MiniOzoneClusterImpl-3f53151c-50d4-4b96-bcaa-ed08380fd351/datanode-6/data/ratis/9e0e5cec-4873-4510-811c-eed21490c849 does not exist. Creating ...
2019-09-10 12:39:25,277 [pool-67-thread-1] INFO  storage.RaftStorageDirectory (RaftStorageDirectory.java:analyzeStorage(246)) - The storage directory /workdir/hadoop-ozone/integration-test/target/test-dir/MiniOzoneClusterImpl-3f53151c-50d4-4b96-bcaa-ed08380fd351/datanode-4/data/ratis/9e0e5cec-4873-4510-811c-eed21490c849 does not exist. Creating ...
2019-09-10 12:39:25,290 [pool-67-thread-1] INFO  storage.RaftStorageDirectory (RaftStorageDirectory.java:tryLock(328)) - Lock on /workdir/hadoop-ozone/integration-test/target/test-dir/MiniOzoneClusterImpl-3f53151c-50d4-4b96-bcaa-ed08380fd351/datanode-4/data/ratis/9e0e5cec-4873-4510-811c-eed21490c849/in_use.lock acquired by nodename 8209@pr-hdds-1879-pp2l2-2511026898
2019-09-10 12:39:25,290 [pool-87-thread-1] INFO  storage.RaftStorageDirectory (RaftStorageDirectory.java:tryLock(328)) - Lock on /workdir/hadoop-ozone/integration-test/target/test-dir/MiniOzoneClusterImpl-3f53151c-50d4-4b96-bcaa-ed08380fd351/datanode-6/data/ratis/9e0e5cec-4873-4510-811c-eed21490c849/in_use.lock acquired by nodename 8209@pr-hdds-1879-pp2l2-2511026898
2019-09-10 12:39:25,290 [pool-77-thread-1] INFO  storage.RaftStorageDirectory (RaftStorageDirectory.java:tryLock(328)) - Lock on /workdir/hadoop-ozone/integration-test/target/test-dir/MiniOzoneClusterImpl-3f53151c-50d4-4b96-bcaa-ed08380fd351/datanode-5/data/ratis/9e0e5cec-4873-4510-811c-eed21490c849/in_use.lock acquired by nodename 8209@pr-hdds-1879-pp2l2-2511026898
2019-09-10 12:39:25,304 [pool-87-thread-1] INFO  storage.RaftStorage (RaftStorage.java:format(72)) - Storage directory /workdir/hadoop-ozone/integration-test/target/test-dir/MiniOzoneClusterImpl-3f53151c-50d4-4b96-bcaa-ed08380fd351/datanode-6/data/ratis/9e0e5cec-4873-4510-811c-eed21490c849 has been successfully formatted.
2019-09-10 12:39:25,304 [pool-77-thread-1] INFO  storage.RaftStorage (RaftStorage.java:format(72)) - Storage directory /workdir/hadoop-ozone/integration-test/target/test-dir/MiniOzoneClusterImpl-3f53151c-50d4-4b96-bcaa-ed08380fd351/datanode-5/data/ratis/9e0e5cec-4873-4510-811c-eed21490c849 has been successfully formatted.
2019-09-10 12:39:25,304 [pool-67-thread-1] INFO  storage.RaftStorage (RaftStorage.java:format(72)) - Storage directory /workdir/hadoop-ozone/integration-test/target/test-dir/MiniOzoneClusterImpl-3f53151c-50d4-4b96-bcaa-ed08380fd351/datanode-4/data/ratis/9e0e5cec-4873-4510-811c-eed21490c849 has been successfully formatted.
2019-09-10 12:39:25,304 [pool-87-thread-1] INFO  ratis.ContainerStateMachine (ContainerStateMachine.java:loadSnapshot(230)) - group-EED21490C849: The snapshot info is null. Setting the last applied indexto:(t:0, i:~)
2019-09-10 12:39:25,304 [pool-67-thread-1] INFO  ratis.ContainerStateMachine (ContainerStateMachine.java:loadSnapshot(230)) - group-EED21490C849: The snapshot info is null. Setting the last applied indexto:(t:0, i:~)
2019-09-10 12:39:25,304 [pool-77-thread-1] INFO  ratis.ContainerStateMachine (ContainerStateMachine.java:loadSnapshot(230)) - group-EED21490C849: The snapshot info is null. Setting the last applied indexto:(t:0, i:~)
2019-09-10 12:39:25,304 [pool-67-thread-1] INFO  server.RaftServerConfigKeys (ConfUtils.java:logGet(43)) - raft.server.notification.no-leader.timeout = 120s (custom)
2019-09-10 12:39:25,304 [pool-87-thread-1] INFO  server.RaftServerConfigKeys (ConfUtils.java:logGet(43)) - raft.server.notification.no-leader.timeout = 120s (custom)
2019-09-10 12:39:25,305 [pool-67-thread-1] INFO  server.RaftServerConfigKeys (ConfUtils.java:logGet(43)) - raft.server.log.use.memory = false (default)
2019-09-10 12:39:25,305 [pool-77-thread-1] INFO  server.RaftServerConfigKeys (ConfUtils.java:logGet(43)) - raft.server.notification.no-leader.timeout = 120s (custom)
2019-09-10 12:39:25,305 [pool-67-thread-1] INFO  server.RaftServerConfigKeys (ConfUtils.java:logGet(43)) - raft.server.log.purge.gap = 1000000 (custom)
2019-09-10 12:39:25,305 [pool-87-thread-1] INFO  server.RaftServerConfigKeys (ConfUtils.java:logGet(43)) - raft.server.log.use.memory = false (default)
2019-09-10 12:39:25,305 [pool-67-thread-1] INFO  server.RaftServerConfigKeys (ConfUtils.java:logGet(43)) - raft.server.log.appender.buffer.byte-limit = 33554432 (custom)
2019-09-10 12:39:25,305 [pool-77-thread-1] INFO  server.RaftServerConfigKeys (ConfUtils.java:logGet(43)) - raft.server.log.use.memory = false (default)
2019-09-10 12:39:25,305 [pool-67-thread-1] INFO  server.RaftServerConfigKeys (ConfUtils.java:logGet(43)) - raft.server.log.segment.size.max = 1048576 (custom)
2019-09-10 12:39:25,305 [pool-87-thread-1] INFO  server.RaftServerConfigKeys (ConfUtils.java:logGet(43)) - raft.server.log.purge.gap = 1000000 (custom)
2019-09-10 12:39:25,306 [pool-67-thread-1] INFO  server.RaftServerConfigKeys (ConfUtils.java:logGet(43)) - raft.server.log.segment.cache.num.max = 2 (custom)
2019-09-10 12:39:25,305 [pool-77-thread-1] INFO  server.RaftServerConfigKeys (ConfUtils.java:logGet(43)) - raft.server.log.purge.gap = 1000000 (custom)
2019-09-10 12:39:25,306 [pool-67-thread-1] INFO  segmented.SegmentedRaftLogWorker (SegmentedRaftLogWorker.java:<init>(172)) - new e2c164e2-1dc0-4b87-8a18-d27b9a4a82f5@group-EED21490C849-SegmentedRaftLogWorker for RaftStorage:Storage Directory /workdir/hadoop-ozone/integration-test/target/test-dir/MiniOzoneClusterImpl-3f53151c-50d4-4b96-bcaa-ed08380fd351/datanode-4/data/ratis/9e0e5cec-4873-4510-811c-eed21490c849
2019-09-10 12:39:25,306 [pool-87-thread-1] INFO  server.RaftServerConfigKeys (ConfUtils.java:logGet(43)) - raft.server.log.appender.buffer.byte-limit = 33554432 (custom)
2019-09-10 12:39:25,306 [pool-77-thread-1] INFO  server.RaftServerConfigKeys (ConfUtils.java:logGet(43)) - raft.server.log.appender.buffer.byte-limit = 33554432 (custom)
2019-09-10 12:39:25,306 [pool-87-thread-1] INFO  server.RaftServerConfigKeys (ConfUtils.java:logGet(43)) - raft.server.log.segment.size.max = 1048576 (custom)
2019-09-10 12:39:25,306 [pool-67-thread-1] INFO  server.RaftServerConfigKeys (ConfUtils.java:logGet(43)) - raft.server.log.queue.byte-limit = 2147483647 (custom)
2019-09-10 12:39:25,306 [pool-87-thread-1] INFO  server.RaftServerConfigKeys (ConfUtils.java:logGet(43)) - raft.server.log.segment.cache.num.max = 2 (custom)
2019-09-10 12:39:25,306 [pool-77-thread-1] INFO  server.RaftServerConfigKeys (ConfUtils.java:logGet(43)) - raft.server.log.segment.size.max = 1048576 (custom)
2019-09-10 12:39:25,306 [pool-87-thread-1] INFO  segmented.SegmentedRaftLogWorker (SegmentedRaftLogWorker.java:<init>(172)) - new 20e3e33a-5d24-4249-a094-f5376b2f999f@group-EED21490C849-SegmentedRaftLogWorker for RaftStorage:Storage Directory /workdir/hadoop-ozone/integration-test/target/test-dir/MiniOzoneClusterImpl-3f53151c-50d4-4b96-bcaa-ed08380fd351/datanode-6/data/ratis/9e0e5cec-4873-4510-811c-eed21490c849
2019-09-10 12:39:25,306 [pool-67-thread-1] INFO  server.RaftServerConfigKeys (ConfUtils.java:logGet(43)) - raft.server.log.queue.element-limit = 1024 (custom)
2019-09-10 12:39:25,307 [pool-87-thread-1] INFO  server.RaftServerConfigKeys (ConfUtils.java:logGet(43)) - raft.server.log.queue.byte-limit = 2147483647 (custom)
2019-09-10 12:39:25,307 [pool-77-thread-1] INFO  server.RaftServerConfigKeys (ConfUtils.java:logGet(43)) - raft.server.log.segment.cache.num.max = 2 (custom)
2019-09-10 12:39:25,307 [pool-87-thread-1] INFO  server.RaftServerConfigKeys (ConfUtils.java:logGet(43)) - raft.server.log.queue.element-limit = 1024 (custom)
2019-09-10 12:39:25,307 [pool-67-thread-1] INFO  server.RaftServerConfigKeys (ConfUtils.java:logGet(43)) - raft.server.log.segment.size.max = 1048576 (custom)
2019-09-10 12:39:25,307 [pool-87-thread-1] INFO  server.RaftServerConfigKeys (ConfUtils.java:logGet(43)) - raft.server.log.segment.size.max = 1048576 (custom)
2019-09-10 12:39:25,307 [pool-77-thread-1] INFO  segmented.SegmentedRaftLogWorker (SegmentedRaftLogWorker.java:<init>(172)) - new e7ee0826-9905-44f4-ba49-d97620ca9eb2@group-EED21490C849-SegmentedRaftLogWorker for RaftStorage:Storage Directory /workdir/hadoop-ozone/integration-test/target/test-dir/MiniOzoneClusterImpl-3f53151c-50d4-4b96-bcaa-ed08380fd351/datanode-5/data/ratis/9e0e5cec-4873-4510-811c-eed21490c849
2019-09-10 12:39:25,307 [pool-87-thread-1] INFO  server.RaftServerConfigKeys (ConfUtils.java:logGet(43)) - raft.server.log.preallocated.size = 16384 (custom)
2019-09-10 12:39:25,307 [pool-67-thread-1] INFO  server.RaftServerConfigKeys (ConfUtils.java:logGet(43)) - raft.server.log.preallocated.size = 16384 (custom)
2019-09-10 12:39:25,308 [pool-87-thread-1] INFO  server.RaftServerConfigKeys (ConfUtils.java:logGet(43)) - raft.server.log.write.buffer.size = 33554432 (custom)
2019-09-10 12:39:25,307 [pool-77-thread-1] INFO  server.RaftServerConfigKeys (ConfUtils.java:logGet(43)) - raft.server.log.queue.byte-limit = 2147483647 (custom)
2019-09-10 12:39:25,308 [pool-87-thread-1] INFO  server.RaftServerConfigKeys (ConfUtils.java:logGet(43)) - raft.server.log.force.sync.num = 128 (default)
2019-09-10 12:39:25,308 [pool-67-thread-1] INFO  server.RaftServerConfigKeys (ConfUtils.java:logGet(43)) - raft.server.log.write.buffer.size = 33554432 (custom)
2019-09-10 12:39:25,308 [pool-87-thread-1] INFO  server.RaftServerConfigKeys (ConfUtils.java:logGet(43)) - raft.server.log.statemachine.data.sync = true (default)
2019-09-10 12:39:25,308 [pool-87-thread-1] INFO  server.RaftServerConfigKeys (ConfUtils.java:logGet(43)) - raft.server.log.statemachine.data.sync.timeout = 10s (default)
2019-09-10 12:39:25,308 [pool-77-thread-1] INFO  server.RaftServerConfigKeys (ConfUtils.java:logGet(43)) - raft.server.log.queue.element-limit = 1024 (custom)
2019-09-10 12:39:25,308 [pool-87-thread-1] INFO  server.RaftServerConfigKeys (ConfUtils.java:logGet(43)) - raft.server.log.statemachine.data.sync.timeout.retry = -1 (default)
2019-09-10 12:39:25,308 [pool-67-thread-1] INFO  server.RaftServerConfigKeys (ConfUtils.java:logGet(43)) - raft.server.log.force.sync.num = 128 (default)
2019-09-10 12:39:25,309 [pool-87-thread-1] INFO  server.RaftServerConfigKeys (ConfUtils.java:logGet(43)) - raft.server.log.statemachine.data.caching.enabled = true (custom)
2019-09-10 12:39:25,308 [pool-77-thread-1] INFO  server.RaftServerConfigKeys (ConfUtils.java:logGet(43)) - raft.server.log.segment.size.max = 1048576 (custom)
2019-09-10 12:39:25,309 [pool-67-thread-1] INFO  server.RaftServerConfigKeys (ConfUtils.java:logGet(43)) - raft.server.log.statemachine.data.sync = true (default)
2019-09-10 12:39:25,309 [pool-87-thread-1] INFO  segmented.SegmentedRaftLogWorker (SegmentedRaftLogWorker.java:lambda$new$0(132)) - 20e3e33a-5d24-4249-a094-f5376b2f999f@group-EED21490C849-SegmentedRaftLogWorker: flushIndex: setUnconditionally 0 -> -1
2019-09-10 12:39:25,309 [pool-77-thread-1] INFO  server.RaftServerConfigKeys (ConfUtils.java:logGet(43)) - raft.server.log.preallocated.size = 16384 (custom)
2019-09-10 12:39:25,309 [pool-67-thread-1] INFO  server.RaftServerConfigKeys (ConfUtils.java:logGet(43)) - raft.server.log.statemachine.data.sync.timeout = 10s (default)
2019-09-10 12:39:25,309 [pool-77-thread-1] INFO  server.RaftServerConfigKeys (ConfUtils.java:logGet(43)) - raft.server.log.write.buffer.size = 33554432 (custom)
2019-09-10 12:39:25,309 [pool-87-thread-1] INFO  server.RaftServerConfigKeys (ConfUtils.java:logGet(43)) - raft.server.snapshot.auto.trigger.enabled = true (custom)
2019-09-10 12:39:25,309 [pool-67-thread-1] INFO  server.RaftServerConfigKeys (ConfUtils.java:logGet(43)) - raft.server.log.statemachine.data.sync.timeout.retry = -1 (default)
2019-09-10 12:39:25,309 [pool-87-thread-1] INFO  server.RaftServerConfigKeys (ConfUtils.java:logGet(43)) - raft.server.snapshot.auto.trigger.threshold = 10000 (custom)
2019-09-10 12:39:25,309 [pool-77-thread-1] INFO  server.RaftServerConfigKeys (ConfUtils.java:logGet(43)) - raft.server.log.force.sync.num = 128 (default)
2019-09-10 12:39:25,310 [pool-87-thread-1] INFO  server.RaftServerConfigKeys (ConfUtils.java:logGet(43)) - raft.server.snapshot.retention.num.files = -1 (default)
2019-09-10 12:39:25,310 [pool-87-thread-1] INFO  server.RaftServerConfigKeys (ConfUtils.java:logGet(43)) - raft.server.retrycache.expirytime = 600000ms (custom)
2019-09-10 12:39:25,310 [pool-67-thread-1] INFO  server.RaftServerConfigKeys (ConfUtils.java:logGet(43)) - raft.server.log.statemachine.data.caching.enabled = true (custom)
2019-09-10 12:39:25,310 [pool-77-thread-1] INFO  server.RaftServerConfigKeys (ConfUtils.java:logGet(43)) - raft.server.log.statemachine.data.sync = true (default)
2019-09-10 12:39:25,310 [pool-77-thread-1] INFO  server.RaftServerConfigKeys (ConfUtils.java:logGet(43)) - raft.server.log.statemachine.data.sync.timeout = 10s (default)
2019-09-10 12:39:25,310 [pool-67-thread-1] INFO  segmented.SegmentedRaftLogWorker (SegmentedRaftLogWorker.java:lambda$new$0(132)) - e2c164e2-1dc0-4b87-8a18-d27b9a4a82f5@group-EED21490C849-SegmentedRaftLogWorker: flushIndex: setUnconditionally 0 -> -1
2019-09-10 12:39:25,311 [pool-77-thread-1] INFO  server.RaftServerConfigKeys (ConfUtils.java:logGet(43)) - raft.server.log.statemachine.data.sync.timeout.retry = -1 (default)
2019-09-10 12:39:25,311 [pool-67-thread-1] INFO  server.RaftServerConfigKeys (ConfUtils.java:logGet(43)) - raft.server.snapshot.auto.trigger.enabled = true (custom)
2019-09-10 12:39:25,311 [pool-67-thread-1] INFO  server.RaftServerConfigKeys (ConfUtils.java:logGet(43)) - raft.server.snapshot.auto.trigger.threshold = 10000 (custom)
2019-09-10 12:39:25,311 [pool-67-thread-1] INFO  server.RaftServerConfigKeys (ConfUtils.java:logGet(43)) - raft.server.snapshot.retention.num.files = -1 (default)
2019-09-10 12:39:25,311 [pool-77-thread-1] INFO  server.RaftServerConfigKeys (ConfUtils.java:logGet(43)) - raft.server.log.statemachine.data.caching.enabled = true (custom)
2019-09-10 12:39:25,311 [pool-67-thread-1] INFO  server.RaftServerConfigKeys (ConfUtils.java:logGet(43)) - raft.server.retrycache.expirytime = 600000ms (custom)
2019-09-10 12:39:25,312 [pool-77-thread-1] INFO  segmented.SegmentedRaftLogWorker (SegmentedRaftLogWorker.java:lambda$new$0(132)) - e7ee0826-9905-44f4-ba49-d97620ca9eb2@group-EED21490C849-SegmentedRaftLogWorker: flushIndex: setUnconditionally 0 -> -1
2019-09-10 12:39:25,312 [pool-77-thread-1] INFO  server.RaftServerConfigKeys (ConfUtils.java:logGet(43)) - raft.server.snapshot.auto.trigger.enabled = true (custom)
2019-09-10 12:39:25,312 [pool-77-thread-1] INFO  server.RaftServerConfigKeys (ConfUtils.java:logGet(43)) - raft.server.snapshot.auto.trigger.threshold = 10000 (custom)
2019-09-10 12:39:25,312 [pool-77-thread-1] INFO  server.RaftServerConfigKeys (ConfUtils.java:logGet(43)) - raft.server.snapshot.retention.num.files = -1 (default)
2019-09-10 12:39:25,312 [pool-77-thread-1] INFO  server.RaftServerConfigKeys (ConfUtils.java:logGet(43)) - raft.server.retrycache.expirytime = 600000ms (custom)
2019-09-10 12:39:25,313 [pool-87-thread-1] INFO  impl.RaftServerImpl (RaftServerImpl.java:start(185)) - 20e3e33a-5d24-4249-a094-f5376b2f999f@group-EED21490C849: start as a follower, conf=-1: [e7ee0826-9905-44f4-ba49-d97620ca9eb2:192.168.34.50:35923, e2c164e2-1dc0-4b87-8a18-d27b9a4a82f5:192.168.34.50:35441, 20e3e33a-5d24-4249-a094-f5376b2f999f:192.168.34.50:46569], old=null
2019-09-10 12:39:25,313 [pool-87-thread-1] INFO  impl.RaftServerImpl (RaftServerImpl.java:setRole(174)) - 20e3e33a-5d24-4249-a094-f5376b2f999f@group-EED21490C849: changes role from      null to FOLLOWER at term 0 for startAsFollower
2019-09-10 12:39:25,313 [pool-87-thread-1] INFO  impl.RoleInfo (RoleInfo.java:updateAndGet(143)) - 20e3e33a-5d24-4249-a094-f5376b2f999f: start FollowerState
2019-09-10 12:39:25,314 [pool-87-thread-1] INFO  util.JmxRegister (JmxRegister.java:tryRegister(44)) - Successfully registered JMX Bean with object name Ratis:service=RaftServer,group=group-EED21490C849,id=20e3e33a-5d24-4249-a094-f5376b2f999f
2019-09-10 12:39:25,316 [pool-67-thread-1] INFO  impl.RaftServerImpl (RaftServerImpl.java:start(185)) - e2c164e2-1dc0-4b87-8a18-d27b9a4a82f5@group-EED21490C849: start as a follower, conf=-1: [e7ee0826-9905-44f4-ba49-d97620ca9eb2:192.168.34.50:35923, e2c164e2-1dc0-4b87-8a18-d27b9a4a82f5:192.168.34.50:35441, 20e3e33a-5d24-4249-a094-f5376b2f999f:192.168.34.50:46569], old=null
2019-09-10 12:39:25,317 [pool-77-thread-1] INFO  impl.RaftServerImpl (RaftServerImpl.java:start(185)) - e7ee0826-9905-44f4-ba49-d97620ca9eb2@group-EED21490C849: start as a follower, conf=-1: [e7ee0826-9905-44f4-ba49-d97620ca9eb2:192.168.34.50:35923, e2c164e2-1dc0-4b87-8a18-d27b9a4a82f5:192.168.34.50:35441, 20e3e33a-5d24-4249-a094-f5376b2f999f:192.168.34.50:46569], old=null
2019-09-10 12:39:25,317 [pool-67-thread-1] INFO  impl.RaftServerImpl (RaftServerImpl.java:setRole(174)) - e2c164e2-1dc0-4b87-8a18-d27b9a4a82f5@group-EED21490C849: changes role from      null to FOLLOWER at term 0 for startAsFollower
2019-09-10 12:39:25,317 [pool-77-thread-1] INFO  impl.RaftServerImpl (RaftServerImpl.java:setRole(174)) - e7ee0826-9905-44f4-ba49-d97620ca9eb2@group-EED21490C849: changes role from      null to FOLLOWER at term 0 for startAsFollower
2019-09-10 12:39:25,317 [pool-67-thread-1] INFO  impl.RoleInfo (RoleInfo.java:updateAndGet(143)) - e2c164e2-1dc0-4b87-8a18-d27b9a4a82f5: start FollowerState
2019-09-10 12:39:25,317 [pool-77-thread-1] INFO  impl.RoleInfo (RoleInfo.java:updateAndGet(143)) - e7ee0826-9905-44f4-ba49-d97620ca9eb2: start FollowerState
2019-09-10 12:39:25,318 [pool-67-thread-1] INFO  util.JmxRegister (JmxRegister.java:tryRegister(44)) - Successfully registered JMX Bean with object name Ratis:service=RaftServer,group=group-EED21490C849,id=e2c164e2-1dc0-4b87-8a18-d27b9a4a82f5
2019-09-10 12:39:25,318 [pool-77-thread-1] INFO  util.JmxRegister (JmxRegister.java:tryRegister(44)) - Successfully registered JMX Bean with object name Ratis:service=RaftServer,group=group-EED21490C849,id=e7ee0826-9905-44f4-ba49-d97620ca9eb2
2019-09-10 12:39:25,320 [RatisPipelineUtilsThread] INFO  pipeline.PipelineStateManager (PipelineStateManager.java:addPipeline(56)) - Created pipeline Pipeline[ Id: 9e0e5cec-4873-4510-811c-eed21490c849, Nodes: 20e3e33a-5d24-4249-a094-f5376b2f999f{ip: 192.168.34.50, host: pr-hdds-1879-pp2l2-2511026898, networkLocation: /default-rack, certSerialId: null}e2c164e2-1dc0-4b87-8a18-d27b9a4a82f5{ip: 192.168.34.50, host: pr-hdds-1879-pp2l2-2511026898, networkLocation: /default-rack, certSerialId: null}e7ee0826-9905-44f4-ba49-d97620ca9eb2{ip: 192.168.34.50, host: pr-hdds-1879-pp2l2-2511026898, networkLocation: /default-rack, certSerialId: null}, Type:RATIS, Factor:THREE, State:OPEN]
2019-09-10 12:39:25,546 [java.util.concurrent.ThreadPoolExecutor$Worker@5359d0cb[State = -1, empty queue]] WARN  server.GrpcLogAppender (GrpcLogAppender.java:timeoutAppendRequest(200)) - 20e3e33a-5d24-4249-a094-f5376b2f999f@group-5E7A6FC8AAB0->e2c164e2-1dc0-4b87-8a18-d27b9a4a82f5-GrpcLogAppender: appendEntries Timeout, request=20e3e33a-5d24-4249-a094-f5376b2f999f->e2c164e2-1dc0-4b87-8a18-d27b9a4a82f5#164-t1, previous=(t:1, i:23), leaderCommit=16, initializing? false, entries: <empty>
2019-09-10 12:39:25,546 [java.util.concurrent.ThreadPoolExecutor$Worker@5ff660fa[State = -1, empty queue]] WARN  server.GrpcLogAppender (GrpcLogAppender.java:timeoutAppendRequest(200)) - 20e3e33a-5d24-4249-a094-f5376b2f999f@group-5E7A6FC8AAB0->e7ee0826-9905-44f4-ba49-d97620ca9eb2-GrpcLogAppender: appendEntries Timeout, request=20e3e33a-5d24-4249-a094-f5376b2f999f->e7ee0826-9905-44f4-ba49-d97620ca9eb2#164-t1, previous=(t:1, i:23), leaderCommit=16, initializing? false, entries: <empty>
2019-09-10 12:39:26,044 [EventQueue-PipelineActionsForPipelineActionHandler] ERROR pipeline.PipelineActionHandler (PipelineActionHandler.java:onMessage(60)) - Received pipeline action CLOSE for Pipeline[ Id: b569b992-8336-41dd-80e0-5e7a6fc8aab0, Nodes: 20e3e33a-5d24-4249-a094-f5376b2f999f{ip: 192.168.34.50, host: pr-hdds-1879-pp2l2-2511026898, networkLocation: /default-rack, certSerialId: null}e2c164e2-1dc0-4b87-8a18-d27b9a4a82f5{ip: 192.168.34.50, host: pr-hdds-1879-pp2l2-2511026898, networkLocation: /default-rack, certSerialId: null}e7ee0826-9905-44f4-ba49-d97620ca9eb2{ip: 192.168.34.50, host: pr-hdds-1879-pp2l2-2511026898, networkLocation: /default-rack, certSerialId: null}, Type:RATIS, Factor:THREE, State:CLOSED] from datanode 20e3e33a-5d24-4249-a094-f5376b2f999f{ip: 192.168.34.50, host: pr-hdds-1879-pp2l2-2511026898, networkLocation: /default-rack, certSerialId: null}. Reason : 20e3e33a-5d24-4249-a094-f5376b2f999f has not seen follower/s e7ee0826-9905-44f4-ba49-d97620ca9eb2 for 153499ms e2c164e2-1dc0-4b87-8a18-d27b9a4a82f5 for 153499ms
2019-09-10 12:39:26,044 [EventQueue-PipelineActionsForPipelineActionHandler] INFO  pipeline.SCMPipelineManager (SCMPipelineManager.java:finalizeAndDestroyPipeline(311)) - destroying pipeline:Pipeline[ Id: b569b992-8336-41dd-80e0-5e7a6fc8aab0, Nodes: 20e3e33a-5d24-4249-a094-f5376b2f999f{ip: 192.168.34.50, host: pr-hdds-1879-pp2l2-2511026898, networkLocation: /default-rack, certSerialId: null}e2c164e2-1dc0-4b87-8a18-d27b9a4a82f5{ip: 192.168.34.50, host: pr-hdds-1879-pp2l2-2511026898, networkLocation: /default-rack, certSerialId: null}e7ee0826-9905-44f4-ba49-d97620ca9eb2{ip: 192.168.34.50, host: pr-hdds-1879-pp2l2-2511026898, networkLocation: /default-rack, certSerialId: null}, Type:RATIS, Factor:THREE, State:CLOSED]
2019-09-10 12:39:27,548 [org.apache.ratis.server.impl.LogAppender$AppenderDaemon$$Lambda$513/179557972@4ce60c6c] ERROR ratis.XceiverServerRatis (XceiverServerRatis.java:triggerPipelineClose(568)) - pipeline Action CLOSE  on pipeline PipelineID=b569b992-8336-41dd-80e0-5e7a6fc8aab0.Reason : 20e3e33a-5d24-4249-a094-f5376b2f999f has not seen follower/s e7ee0826-9905-44f4-ba49-d97620ca9eb2 for 155999ms e2c164e2-1dc0-4b87-8a18-d27b9a4a82f5 for 156000ms
2019-09-10 12:39:27,548 [org.apache.ratis.server.impl.LogAppender$AppenderDaemon$$Lambda$513/179557972@28dc937c] ERROR ratis.XceiverServerRatis (XceiverServerRatis.java:triggerPipelineClose(568)) - pipeline Action CLOSE  on pipeline PipelineID=b569b992-8336-41dd-80e0-5e7a6fc8aab0.Reason : 20e3e33a-5d24-4249-a094-f5376b2f999f has not seen follower/s e7ee0826-9905-44f4-ba49-d97620ca9eb2 for 155999ms e2c164e2-1dc0-4b87-8a18-d27b9a4a82f5 for 156000ms
2019-09-10 12:39:28,045 [EventQueue-PipelineActionsForPipelineActionHandler] ERROR pipeline.PipelineActionHandler (PipelineActionHandler.java:onMessage(60)) - Received pipeline action CLOSE for Pipeline[ Id: b569b992-8336-41dd-80e0-5e7a6fc8aab0, Nodes: 20e3e33a-5d24-4249-a094-f5376b2f999f{ip: 192.168.34.50, host: pr-hdds-1879-pp2l2-2511026898, networkLocation: /default-rack, certSerialId: null}e2c164e2-1dc0-4b87-8a18-d27b9a4a82f5{ip: 192.168.34.50, host: pr-hdds-1879-pp2l2-2511026898, networkLocation: /default-rack, certSerialId: null}e7ee0826-9905-44f4-ba49-d97620ca9eb2{ip: 192.168.34.50, host: pr-hdds-1879-pp2l2-2511026898, networkLocation: /default-rack, certSerialId: null}, Type:RATIS, Factor:THREE, State:CLOSED] from datanode 20e3e33a-5d24-4249-a094-f5376b2f999f{ip: 192.168.34.50, host: pr-hdds-1879-pp2l2-2511026898, networkLocation: /default-rack, certSerialId: null}. Reason : 20e3e33a-5d24-4249-a094-f5376b2f999f has not seen follower/s e7ee0826-9905-44f4-ba49-d97620ca9eb2 for 155999ms e2c164e2-1dc0-4b87-8a18-d27b9a4a82f5 for 156000ms
2019-09-10 12:39:28,046 [EventQueue-PipelineActionsForPipelineActionHandler] INFO  pipeline.SCMPipelineManager (SCMPipelineManager.java:finalizeAndDestroyPipeline(311)) - destroying pipeline:Pipeline[ Id: b569b992-8336-41dd-80e0-5e7a6fc8aab0, Nodes: 20e3e33a-5d24-4249-a094-f5376b2f999f{ip: 192.168.34.50, host: pr-hdds-1879-pp2l2-2511026898, networkLocation: /default-rack, certSerialId: null}e2c164e2-1dc0-4b87-8a18-d27b9a4a82f5{ip: 192.168.34.50, host: pr-hdds-1879-pp2l2-2511026898, networkLocation: /default-rack, certSerialId: null}e7ee0826-9905-44f4-ba49-d97620ca9eb2{ip: 192.168.34.50, host: pr-hdds-1879-pp2l2-2511026898, networkLocation: /default-rack, certSerialId: null}, Type:RATIS, Factor:THREE, State:CLOSED]
2019-09-10 12:39:28,047 [java.util.concurrent.ThreadPoolExecutor$Worker@5359d0cb[State = -1, empty queue]] WARN  server.GrpcLogAppender (GrpcLogAppender.java:timeoutAppendRequest(200)) - 20e3e33a-5d24-4249-a094-f5376b2f999f@group-5E7A6FC8AAB0->e2c164e2-1dc0-4b87-8a18-d27b9a4a82f5-GrpcLogAppender: appendEntries Timeout, request=20e3e33a-5d24-4249-a094-f5376b2f999f->e2c164e2-1dc0-4b87-8a18-d27b9a4a82f5#165-t1, previous=(t:1, i:23), leaderCommit=16, initializing? false, entries: <empty>
2019-09-10 12:39:28,047 [java.util.concurrent.ThreadPoolExecutor$Worker@5ff660fa[State = -1, empty queue]] WARN  server.GrpcLogAppender (GrpcLogAppender.java:timeoutAppendRequest(200)) - 20e3e33a-5d24-4249-a094-f5376b2f999f@group-5E7A6FC8AAB0->e7ee0826-9905-44f4-ba49-d97620ca9eb2-GrpcLogAppender: appendEntries Timeout, request=20e3e33a-5d24-4249-a094-f5376b2f999f->e7ee0826-9905-44f4-ba49-d97620ca9eb2#165-t1, previous=(t:1, i:23), leaderCommit=16, initializing? false, entries: <empty>
2019-09-10 12:39:28,288 [grpc-default-executor-3] INFO  client.GrpcClientProtocolClient (GrpcClientProtocolClient.java:onNext(264)) - client-B8915AA43604->e7ee0826-9905-44f4-ba49-d97620ca9eb2: receive RaftClientReply:client-B8915AA43604->e7ee0826-9905-44f4-ba49-d97620ca9eb2@group-5E7A6FC8AAB0, cid=50, FAILED org.apache.ratis.protocol.NotLeaderException: Server e7ee0826-9905-44f4-ba49-d97620ca9eb2@group-5E7A6FC8AAB0 is not the leader 20e3e33a-5d24-4249-a094-f5376b2f999f:192.168.34.50:46569, logIndex=0, commits[e7ee0826-9905-44f4-ba49-d97620ca9eb2:c16, e2c164e2-1dc0-4b87-8a18-d27b9a4a82f5:c14, 20e3e33a-5d24-4249-a094-f5376b2f999f:c16]
2019-09-10 12:39:30,049 [org.apache.ratis.server.impl.LogAppender$AppenderDaemon$$Lambda$513/179557972@4ce60c6c] ERROR ratis.XceiverServerRatis (XceiverServerRatis.java:triggerPipelineClose(568)) - pipeline Action CLOSE  on pipeline PipelineID=b569b992-8336-41dd-80e0-5e7a6fc8aab0.Reason : 20e3e33a-5d24-4249-a094-f5376b2f999f has not seen follower/s e7ee0826-9905-44f4-ba49-d97620ca9eb2 for 158500ms e2c164e2-1dc0-4b87-8a18-d27b9a4a82f5 for 158501ms
2019-09-10 12:39:30,049 [org.apache.ratis.server.impl.LogAppender$AppenderDaemon$$Lambda$513/179557972@28dc937c] ERROR ratis.XceiverServerRatis (XceiverServerRatis.java:triggerPipelineClose(568)) - pipeline Action CLOSE  on pipeline PipelineID=b569b992-8336-41dd-80e0-5e7a6fc8aab0.Reason : 20e3e33a-5d24-4249-a094-f5376b2f999f has not seen follower/s e7ee0826-9905-44f4-ba49-d97620ca9eb2 for 158501ms e2c164e2-1dc0-4b87-8a18-d27b9a4a82f5 for 158501ms
2019-09-10 12:39:30,370 [Thread-1430] INFO  impl.FollowerState (FollowerState.java:run(106)) - e7ee0826-9905-44f4-ba49-d97620ca9eb2:group-EED21490C849 changes to CANDIDATE, lastRpcTime:5052, electionTimeout:5052ms
2019-09-10 12:39:30,371 [Thread-1430] INFO  impl.RoleInfo (RoleInfo.java:shutdownFollowerState(121)) - e7ee0826-9905-44f4-ba49-d97620ca9eb2: shutdown FollowerState
2019-09-10 12:39:30,371 [Thread-1430] INFO  impl.RaftServerImpl (RaftServerImpl.java:setRole(174)) - e7ee0826-9905-44f4-ba49-d97620ca9eb2@group-EED21490C849: changes role from  FOLLOWER to CANDIDATE at term 0 for changeToCandidate
2019-09-10 12:39:30,371 [Thread-1430] INFO  impl.RoleInfo (RoleInfo.java:updateAndGet(143)) - e7ee0826-9905-44f4-ba49-d97620ca9eb2: start LeaderElection
2019-09-10 12:39:30,387 [Thread-1429] INFO  impl.FollowerState (FollowerState.java:run(106)) - e2c164e2-1dc0-4b87-8a18-d27b9a4a82f5:group-EED21490C849 changes to CANDIDATE, lastRpcTime:5069, electionTimeout:5069ms
2019-09-10 12:39:30,387 [Thread-1429] INFO  impl.RoleInfo (RoleInfo.java:shutdownFollowerState(121)) - e2c164e2-1dc0-4b87-8a18-d27b9a4a82f5: shutdown FollowerState
2019-09-10 12:39:30,387 [Thread-1429] INFO  impl.RaftServerImpl (RaftServerImpl.java:setRole(174)) - e2c164e2-1dc0-4b87-8a18-d27b9a4a82f5@group-EED21490C849: changes role from  FOLLOWER to CANDIDATE at term 0 for changeToCandidate
2019-09-10 12:39:30,387 [Thread-1429] INFO  impl.RoleInfo (RoleInfo.java:updateAndGet(143)) - e2c164e2-1dc0-4b87-8a18-d27b9a4a82f5: start LeaderElection
2019-09-10 12:39:30,408 [e7ee0826-9905-44f4-ba49-d97620ca9eb2@group-EED21490C849:LeaderElection15] INFO  impl.LeaderElection (LeaderElection.java:askForVotes(182)) - e7ee0826-9905-44f4-ba49-d97620ca9eb2@group-EED21490C849:LeaderElection15: begin an election at term 1 for -1: [e7ee0826-9905-44f4-ba49-d97620ca9eb2:192.168.34.50:35923, e2c164e2-1dc0-4b87-8a18-d27b9a4a82f5:192.168.34.50:35441, 20e3e33a-5d24-4249-a094-f5376b2f999f:192.168.34.50:46569], old=null
2019-09-10 12:39:30,408 [e2c164e2-1dc0-4b87-8a18-d27b9a4a82f5@group-EED21490C849:LeaderElection16] INFO  impl.LeaderElection (LeaderElection.java:askForVotes(182)) - e2c164e2-1dc0-4b87-8a18-d27b9a4a82f5@group-EED21490C849:LeaderElection16: begin an election at term 1 for -1: [e7ee0826-9905-44f4-ba49-d97620ca9eb2:192.168.34.50:35923, e2c164e2-1dc0-4b87-8a18-d27b9a4a82f5:192.168.34.50:35441, 20e3e33a-5d24-4249-a094-f5376b2f999f:192.168.34.50:46569], old=null
2019-09-10 12:39:30,415 [grpc-default-executor-3] INFO  impl.RaftServerImpl (RaftServerImpl.java:setRole(174)) - 20e3e33a-5d24-4249-a094-f5376b2f999f@group-EED21490C849: changes role from  FOLLOWER to FOLLOWER at term 1 for recognizeCandidate:e2c164e2-1dc0-4b87-8a18-d27b9a4a82f5
2019-09-10 12:39:30,415 [grpc-default-executor-3] INFO  impl.RoleInfo (RoleInfo.java:shutdownFollowerState(121)) - 20e3e33a-5d24-4249-a094-f5376b2f999f: shutdown FollowerState
2019-09-10 12:39:30,415 [grpc-default-executor-3] INFO  impl.RoleInfo (RoleInfo.java:updateAndGet(143)) - 20e3e33a-5d24-4249-a094-f5376b2f999f: start FollowerState
2019-09-10 12:39:30,416 [Thread-1427] INFO  impl.FollowerState (FollowerState.java:run(115)) - 20e3e33a-5d24-4249-a094-f5376b2f999f: FollowerState was interrupted: java.lang.InterruptedException: sleep interrupted
2019-09-10 12:39:30,434 [e7ee0826-9905-44f4-ba49-d97620ca9eb2@group-EED21490C849:LeaderElection15] INFO  impl.LeaderElection (LeaderElection.java:logAndReturn(56)) - e7ee0826-9905-44f4-ba49-d97620ca9eb2@group-EED21490C849:LeaderElection15: Election REJECTED; received 2 response(s) [e7ee0826-9905-44f4-ba49-d97620ca9eb2<-e2c164e2-1dc0-4b87-8a18-d27b9a4a82f5#0:FAIL-t1, e7ee0826-9905-44f4-ba49-d97620ca9eb2<-20e3e33a-5d24-4249-a094-f5376b2f999f#0:FAIL-t1] and 0 exception(s); e7ee0826-9905-44f4-ba49-d97620ca9eb2@group-EED21490C849:t1, leader=null, voted=e7ee0826-9905-44f4-ba49-d97620ca9eb2, raftlog=e7ee0826-9905-44f4-ba49-d97620ca9eb2@group-EED21490C849-SegmentedRaftLog:OPENED:c-1,f-1,i0, conf=-1: [e7ee0826-9905-44f4-ba49-d97620ca9eb2:192.168.34.50:35923, e2c164e2-1dc0-4b87-8a18-d27b9a4a82f5:192.168.34.50:35441, 20e3e33a-5d24-4249-a094-f5376b2f999f:192.168.34.50:46569], old=null
2019-09-10 12:39:30,435 [e2c164e2-1dc0-4b87-8a18-d27b9a4a82f5@group-EED21490C849:LeaderElection16] INFO  impl.LeaderElection (LeaderElection.java:logAndReturn(56)) - e2c164e2-1dc0-4b87-8a18-d27b9a4a82f5@group-EED21490C849:LeaderElection16: Election PASSED; received 2 response(s) [e2c164e2-1dc0-4b87-8a18-d27b9a4a82f5<-e7ee0826-9905-44f4-ba49-d97620ca9eb2#0:FAIL-t1, e2c164e2-1dc0-4b87-8a18-d27b9a4a82f5<-20e3e33a-5d24-4249-a094-f5376b2f999f#0:OK-t1] and 0 exception(s); e2c164e2-1dc0-4b87-8a18-d27b9a4a82f5@group-EED21490C849:t1, leader=null, voted=e2c164e2-1dc0-4b87-8a18-d27b9a4a82f5, raftlog=e2c164e2-1dc0-4b87-8a18-d27b9a4a82f5@group-EED21490C849-SegmentedRaftLog:OPENED:c-1,f-1,i0, conf=-1: [e7ee0826-9905-44f4-ba49-d97620ca9eb2:192.168.34.50:35923, e2c164e2-1dc0-4b87-8a18-d27b9a4a82f5:192.168.34.50:35441, 20e3e33a-5d24-4249-a094-f5376b2f999f:192.168.34.50:46569], old=null
2019-09-10 12:39:30,435 [e7ee0826-9905-44f4-ba49-d97620ca9eb2@group-EED21490C849:LeaderElection15] INFO  impl.RaftServerImpl (RaftServerImpl.java:setRole(174)) - e7ee0826-9905-44f4-ba49-d97620ca9eb2@group-EED21490C849: changes role from CANDIDATE to FOLLOWER at term 1 for DISCOVERED_A_NEW_TERM
2019-09-10 12:39:30,437 [e2c164e2-1dc0-4b87-8a18-d27b9a4a82f5@group-EED21490C849:LeaderElection16] INFO  impl.RoleInfo (RoleInfo.java:shutdownLeaderElection(134)) - e2c164e2-1dc0-4b87-8a18-d27b9a4a82f5: shutdown LeaderElection
2019-09-10 12:39:30,439 [e7ee0826-9905-44f4-ba49-d97620ca9eb2@group-EED21490C849:LeaderElection15] INFO  impl.RoleInfo (RoleInfo.java:shutdownLeaderElection(134)) - e7ee0826-9905-44f4-ba49-d97620ca9eb2: shutdown LeaderElection
2019-09-10 12:39:30,439 [e2c164e2-1dc0-4b87-8a18-d27b9a4a82f5@group-EED21490C849:LeaderElection16] INFO  impl.RaftServerImpl (RaftServerImpl.java:setRole(174)) - e2c164e2-1dc0-4b87-8a18-d27b9a4a82f5@group-EED21490C849: changes role from CANDIDATE to LEADER at term 1 for changeToLeader
2019-09-10 12:39:30,440 [e7ee0826-9905-44f4-ba49-d97620ca9eb2@group-EED21490C849:LeaderElection15] INFO  impl.RoleInfo (RoleInfo.java:updateAndGet(143)) - e7ee0826-9905-44f4-ba49-d97620ca9eb2: start FollowerState
2019-09-10 12:39:30,440 [e2c164e2-1dc0-4b87-8a18-d27b9a4a82f5@group-EED21490C849:LeaderElection16] INFO  impl.RaftServerImpl (ServerState.java:setLeader(253)) - e2c164e2-1dc0-4b87-8a18-d27b9a4a82f5@group-EED21490C849: change Leader from null to e2c164e2-1dc0-4b87-8a18-d27b9a4a82f5 at term 1 for becomeLeader, leader elected after 5135ms
2019-09-10 12:39:30,442 [e2c164e2-1dc0-4b87-8a18-d27b9a4a82f5@group-EED21490C849:LeaderElection16] INFO  server.RaftServerConfigKeys (ConfUtils.java:logGet(43)) - raft.server.staging.catchup.gap = 1000 (default)
2019-09-10 12:39:30,442 [e2c164e2-1dc0-4b87-8a18-d27b9a4a82f5@group-EED21490C849:LeaderElection16] INFO  server.RaftServerConfigKeys (ConfUtils.java:logGet(43)) - raft.server.rpc.sleep.time = 25ms (default)
2019-09-10 12:39:30,442 [e2c164e2-1dc0-4b87-8a18-d27b9a4a82f5@group-EED21490C849:LeaderElection16] INFO  server.RaftServerConfigKeys (ConfUtils.java:logGet(43)) - raft.server.write.element-limit = 4096 (default)
2019-09-10 12:39:30,443 [e2c164e2-1dc0-4b87-8a18-d27b9a4a82f5@group-EED21490C849:LeaderElection16] INFO  server.RaftServerConfigKeys (ConfUtils.java:logGet(43)) - raft.server.watch.timeout = 10s (default)
2019-09-10 12:39:30,443 [e2c164e2-1dc0-4b87-8a18-d27b9a4a82f5@group-EED21490C849:LeaderElection16] INFO  server.RaftServerConfigKeys (ConfUtils.java:logGet(43)) - raft.server.watch.timeout.denomination = 1s (default)
2019-09-10 12:39:30,443 [e2c164e2-1dc0-4b87-8a18-d27b9a4a82f5@group-EED21490C849:LeaderElection16] INFO  server.RaftServerConfigKeys (ConfUtils.java:logGet(43)) - raft.server.watch.element-limit = 65536 (default)
2019-09-10 12:39:30,448 [e2c164e2-1dc0-4b87-8a18-d27b9a4a82f5@group-EED21490C849:LeaderElection16] INFO  server.RaftServerConfigKeys (ConfUtils.java:logGet(43)) - raft.server.log.appender.snapshot.chunk.size.max = 16MB (=16777216) (default)
2019-09-10 12:39:30,448 [e2c164e2-1dc0-4b87-8a18-d27b9a4a82f5@group-EED21490C849:LeaderElection16] INFO  server.RaftServerConfigKeys (ConfUtils.java:logGet(43)) - raft.server.log.appender.buffer.byte-limit = 33554432 (custom)
2019-09-10 12:39:30,448 [e2c164e2-1dc0-4b87-8a18-d27b9a4a82f5@group-EED21490C849:LeaderElection16] INFO  server.RaftServerConfigKeys (ConfUtils.java:logGet(43)) - raft.server.log.appender.buffer.element-limit = 1 (custom)
2019-09-10 12:39:30,448 [e2c164e2-1dc0-4b87-8a18-d27b9a4a82f5@group-EED21490C849:LeaderElection16] INFO  grpc.GrpcConfigKeys$Server (ConfUtils.java:logGet(43)) - raft.grpc.server.leader.outstanding.appends.max = 128 (default)
2019-09-10 12:39:30,449 [e2c164e2-1dc0-4b87-8a18-d27b9a4a82f5@group-EED21490C849:LeaderElection16] INFO  server.RaftServerConfigKeys (ConfUtils.java:logGet(43)) - raft.server.rpc.request.timeout = 3000ms (default)
2019-09-10 12:39:30,449 [e2c164e2-1dc0-4b87-8a18-d27b9a4a82f5@group-EED21490C849:LeaderElection16] INFO  server.RaftServerConfigKeys (ConfUtils.java:logGet(43)) - raft.server.log.appender.install.snapshot.enabled = false (custom)
2019-09-10 12:39:30,449 [e2c164e2-1dc0-4b87-8a18-d27b9a4a82f5@group-EED21490C849:LeaderElection16] INFO  server.RaftServerConfigKeys (ConfUtils.java:logGet(43)) - raft.server.log.appender.snapshot.chunk.size.max = 16MB (=16777216) (default)
2019-09-10 12:39:30,449 [e2c164e2-1dc0-4b87-8a18-d27b9a4a82f5@group-EED21490C849:LeaderElection16] INFO  server.RaftServerConfigKeys (ConfUtils.java:logGet(43)) - raft.server.log.appender.buffer.byte-limit = 33554432 (custom)
2019-09-10 12:39:30,449 [e2c164e2-1dc0-4b87-8a18-d27b9a4a82f5@group-EED21490C849:LeaderElection16] INFO  server.RaftServerConfigKeys (ConfUtils.java:logGet(43)) - raft.server.log.appender.buffer.element-limit = 1 (custom)
2019-09-10 12:39:30,450 [e2c164e2-1dc0-4b87-8a18-d27b9a4a82f5@group-EED21490C849:LeaderElection16] INFO  grpc.GrpcConfigKeys$Server (ConfUtils.java:logGet(43)) - raft.grpc.server.leader.outstanding.appends.max = 128 (default)
2019-09-10 12:39:30,450 [e2c164e2-1dc0-4b87-8a18-d27b9a4a82f5@group-EED21490C849:LeaderElection16] INFO  server.RaftServerConfigKeys (ConfUtils.java:logGet(43)) - raft.server.rpc.request.timeout = 3000ms (default)
2019-09-10 12:39:30,450 [e2c164e2-1dc0-4b87-8a18-d27b9a4a82f5@group-EED21490C849:LeaderElection16] INFO  server.RaftServerConfigKeys (ConfUtils.java:logGet(43)) - raft.server.log.appender.install.snapshot.enabled = false (custom)
2019-09-10 12:39:30,450 [e2c164e2-1dc0-4b87-8a18-d27b9a4a82f5@group-EED21490C849:LeaderElection16] INFO  impl.RoleInfo (RoleInfo.java:updateAndGet(143)) - e2c164e2-1dc0-4b87-8a18-d27b9a4a82f5: start LeaderState
2019-09-10 12:39:30,451 [e2c164e2-1dc0-4b87-8a18-d27b9a4a82f5@group-EED21490C849:LeaderElection16] INFO  segmented.SegmentedRaftLogWorker (SegmentedRaftLogWorker.java:startLogSegment(380)) - e2c164e2-1dc0-4b87-8a18-d27b9a4a82f5@group-EED21490C849-SegmentedRaftLogWorker: Starting segment from index:0
2019-09-10 12:39:30,451 [e2c164e2-1dc0-4b87-8a18-d27b9a4a82f5@group-EED21490C849:LeaderElection16] INFO  impl.RaftServerImpl (ServerState.java:setRaftConf(354)) - e2c164e2-1dc0-4b87-8a18-d27b9a4a82f5@group-EED21490C849: set configuration 0: [e7ee0826-9905-44f4-ba49-d97620ca9eb2:192.168.34.50:35923, e2c164e2-1dc0-4b87-8a18-d27b9a4a82f5:192.168.34.50:35441, 20e3e33a-5d24-4249-a094-f5376b2f999f:192.168.34.50:46569], old=null at 0
2019-09-10 12:39:30,489 [grpc-default-executor-2] INFO  impl.RaftServerImpl (ServerState.java:setLeader(253)) - 20e3e33a-5d24-4249-a094-f5376b2f999f@group-EED21490C849: change Leader from null to e2c164e2-1dc0-4b87-8a18-d27b9a4a82f5 at term 1 for appendEntries, leader elected after 5184ms
2019-09-10 12:39:30,490 [grpc-default-executor-3] INFO  impl.RaftServerImpl (ServerState.java:setLeader(253)) - e7ee0826-9905-44f4-ba49-d97620ca9eb2@group-EED21490C849: change Leader from null to e2c164e2-1dc0-4b87-8a18-d27b9a4a82f5 at term 1 for appendEntries, leader elected after 5184ms
2019-09-10 12:39:30,493 [grpc-default-executor-3] INFO  impl.RaftServerImpl (ServerState.java:setRaftConf(354)) - 20e3e33a-5d24-4249-a094-f5376b2f999f@group-EED21490C849: set configuration 0: [e7ee0826-9905-44f4-ba49-d97620ca9eb2:192.168.34.50:35923, e2c164e2-1dc0-4b87-8a18-d27b9a4a82f5:192.168.34.50:35441, 20e3e33a-5d24-4249-a094-f5376b2f999f:192.168.34.50:46569], old=null at 0
2019-09-10 12:39:30,493 [grpc-default-executor-2] INFO  impl.RaftServerImpl (ServerState.java:setRaftConf(354)) - e7ee0826-9905-44f4-ba49-d97620ca9eb2@group-EED21490C849: set configuration 0: [e7ee0826-9905-44f4-ba49-d97620ca9eb2:192.168.34.50:35923, e2c164e2-1dc0-4b87-8a18-d27b9a4a82f5:192.168.34.50:35441, 20e3e33a-5d24-4249-a094-f5376b2f999f:192.168.34.50:46569], old=null at 0
2019-09-10 12:39:30,493 [grpc-default-executor-3] INFO  segmented.SegmentedRaftLogWorker (SegmentedRaftLogWorker.java:startLogSegment(380)) - 20e3e33a-5d24-4249-a094-f5376b2f999f@group-EED21490C849-SegmentedRaftLogWorker: Starting segment from index:0
2019-09-10 12:39:30,493 [grpc-default-executor-2] INFO  segmented.SegmentedRaftLogWorker (SegmentedRaftLogWorker.java:startLogSegment(380)) - e7ee0826-9905-44f4-ba49-d97620ca9eb2@group-EED21490C849-SegmentedRaftLogWorker: Starting segment from index:0
2019-09-10 12:39:30,500 [e2c164e2-1dc0-4b87-8a18-d27b9a4a82f5@group-EED21490C849-SegmentedRaftLogWorker] INFO  segmented.SegmentedRaftLogWorker (SegmentedRaftLogWorker.java:execute(569)) - e2c164e2-1dc0-4b87-8a18-d27b9a4a82f5@group-EED21490C849-SegmentedRaftLogWorker: created new log segment /workdir/hadoop-ozone/integration-test/target/test-dir/MiniOzoneClusterImpl-3f53151c-50d4-4b96-bcaa-ed08380fd351/datanode-4/data/ratis/9e0e5cec-4873-4510-811c-eed21490c849/current/log_inprogress_0
2019-09-10 12:39:30,547 [java.util.concurrent.ThreadPoolExecutor$Worker@5359d0cb[State = -1, empty queue]] WARN  server.GrpcLogAppender (GrpcLogAppender.java:timeoutAppendRequest(200)) - 20e3e33a-5d24-4249-a094-f5376b2f999f@group-5E7A6FC8AAB0->e2c164e2-1dc0-4b87-8a18-d27b9a4a82f5-GrpcLogAppender: appendEntries Timeout, request=20e3e33a-5d24-4249-a094-f5376b2f999f->e2c164e2-1dc0-4b87-8a18-d27b9a4a82f5#166-t1, previous=(t:1, i:23), leaderCommit=16, initializing? false, entries: <empty>
2019-09-10 12:39:30,547 [java.util.concurrent.ThreadPoolExecutor$Worker@5ff660fa[State = -1, empty queue]] WARN  server.GrpcLogAppender (GrpcLogAppender.java:timeoutAppendRequest(200)) - 20e3e33a-5d24-4249-a094-f5376b2f999f@group-5E7A6FC8AAB0->e7ee0826-9905-44f4-ba49-d97620ca9eb2-GrpcLogAppender: appendEntries Timeout, request=20e3e33a-5d24-4249-a094-f5376b2f999f->e7ee0826-9905-44f4-ba49-d97620ca9eb2#166-t1, previous=(t:1, i:23), leaderCommit=16, initializing? false, entries: <empty>
2019-09-10 12:39:30,548 [e7ee0826-9905-44f4-ba49-d97620ca9eb2@group-EED21490C849-SegmentedRaftLogWorker] INFO  segmented.SegmentedRaftLogWorker (SegmentedRaftLogWorker.java:execute(569)) - e7ee0826-9905-44f4-ba49-d97620ca9eb2@group-EED21490C849-SegmentedRaftLogWorker: created new log segment /workdir/hadoop-ozone/integration-test/target/test-dir/MiniOzoneClusterImpl-3f53151c-50d4-4b96-bcaa-ed08380fd351/datanode-5/data/ratis/9e0e5cec-4873-4510-811c-eed21490c849/current/log_inprogress_0
2019-09-10 12:39:30,548 [20e3e33a-5d24-4249-a094-f5376b2f999f@group-EED21490C849-SegmentedRaftLogWorker] INFO  segmented.SegmentedRaftLogWorker (SegmentedRaftLogWorker.java:execute(569)) - 20e3e33a-5d24-4249-a094-f5376b2f999f@group-EED21490C849-SegmentedRaftLogWorker: created new log segment /workdir/hadoop-ozone/integration-test/target/test-dir/MiniOzoneClusterImpl-3f53151c-50d4-4b96-bcaa-ed08380fd351/datanode-6/data/ratis/9e0e5cec-4873-4510-811c-eed21490c849/current/log_inprogress_0
2019-09-10 12:39:31,043 [EventQueue-PipelineActionsForPipelineActionHandler] ERROR pipeline.PipelineActionHandler (PipelineActionHandler.java:onMessage(60)) - Received pipeline action CLOSE for Pipeline[ Id: b569b992-8336-41dd-80e0-5e7a6fc8aab0, Nodes: 20e3e33a-5d24-4249-a094-f5376b2f999f{ip: 192.168.34.50, host: pr-hdds-1879-pp2l2-2511026898, networkLocation: /default-rack, certSerialId: null}e2c164e2-1dc0-4b87-8a18-d27b9a4a82f5{ip: 192.168.34.50, host: pr-hdds-1879-pp2l2-2511026898, networkLocation: /default-rack, certSerialId: null}e7ee0826-9905-44f4-ba49-d97620ca9eb2{ip: 192.168.34.50, host: pr-hdds-1879-pp2l2-2511026898, networkLocation: /default-rack, certSerialId: null}, Type:RATIS, Factor:THREE, State:CLOSED] from datanode 20e3e33a-5d24-4249-a094-f5376b2f999f{ip: 192.168.34.50, host: pr-hdds-1879-pp2l2-2511026898, networkLocation: /default-rack, certSerialId: null}. Reason : 20e3e33a-5d24-4249-a094-f5376b2f999f has not seen follower/s e7ee0826-9905-44f4-ba49-d97620ca9eb2 for 158500ms e2c164e2-1dc0-4b87-8a18-d27b9a4a82f5 for 158501ms
2019-09-10 12:39:31,044 [EventQueue-PipelineActionsForPipelineActionHandler] INFO  pipeline.SCMPipelineManager (SCMPipelineManager.java:finalizeAndDestroyPipeline(311)) - destroying pipeline:Pipeline[ Id: b569b992-8336-41dd-80e0-5e7a6fc8aab0, Nodes: 20e3e33a-5d24-4249-a094-f5376b2f999f{ip: 192.168.34.50, host: pr-hdds-1879-pp2l2-2511026898, networkLocation: /default-rack, certSerialId: null}e2c164e2-1dc0-4b87-8a18-d27b9a4a82f5{ip: 192.168.34.50, host: pr-hdds-1879-pp2l2-2511026898, networkLocation: /default-rack, certSerialId: null}e7ee0826-9905-44f4-ba49-d97620ca9eb2{ip: 192.168.34.50, host: pr-hdds-1879-pp2l2-2511026898, networkLocation: /default-rack, certSerialId: null}, Type:RATIS, Factor:THREE, State:CLOSED]
2019-09-10 12:39:31,766 [e7ee0826-9905-44f4-ba49-d97620ca9eb2@group-5E7A6FC8AAB0-SegmentedRaftLogWorker] WARN  segmented.SegmentedRaftLogWorker (SegmentedRaftLogWorker.java:getFromFuture(90)) - Timeout 15/~
org.apache.ratis.protocol.TimeoutIOException: Timeout 10s: WriteLog:17: (t:1, i:17), STATEMACHINELOGENTRY, client-B8915AA43604, cid=50-writeStateMachineData
	at org.apache.ratis.util.IOUtils.getFromFuture(IOUtils.java:87)
	at org.apache.ratis.server.raftlog.segmented.SegmentedRaftLogWorker$StateMachineDataPolicy.getFromFuture(SegmentedRaftLogWorker.java:87)
	at org.apache.ratis.server.raftlog.segmented.SegmentedRaftLogWorker$WriteLog.execute(SegmentedRaftLogWorker.java:477)
	at org.apache.ratis.server.raftlog.segmented.SegmentedRaftLogWorker.run(SegmentedRaftLogWorker.java:289)
	at java.lang.Thread.run(Thread.java:748)
Caused by: java.util.concurrent.TimeoutException
	at java.util.concurrent.CompletableFuture.timedGet(CompletableFuture.java:1771)
	at java.util.concurrent.CompletableFuture.get(CompletableFuture.java:1915)
	at org.apache.ratis.util.IOUtils.getFromFuture(IOUtils.java:79)
	... 4 more
2019-09-10 12:39:31,798 [e2c164e2-1dc0-4b87-8a18-d27b9a4a82f5@group-5E7A6FC8AAB0-SegmentedRaftLogWorker] WARN  segmented.SegmentedRaftLogWorker (SegmentedRaftLogWorker.java:getFromFuture(90)) - Timeout 15/~
org.apache.ratis.protocol.TimeoutIOException: Timeout 10s: WriteLog:17: (t:1, i:17), STATEMACHINELOGENTRY, client-B8915AA43604, cid=50-writeStateMachineData
	at org.apache.ratis.util.IOUtils.getFromFuture(IOUtils.java:87)
	at org.apache.ratis.server.raftlog.segmented.SegmentedRaftLogWorker$StateMachineDataPolicy.getFromFuture(SegmentedRaftLogWorker.java:87)
	at org.apache.ratis.server.raftlog.segmented.SegmentedRaftLogWorker$WriteLog.execute(SegmentedRaftLogWorker.java:477)
	at org.apache.ratis.server.raftlog.segmented.SegmentedRaftLogWorker.run(SegmentedRaftLogWorker.java:289)
	at java.lang.Thread.run(Thread.java:748)
Caused by: java.util.concurrent.TimeoutException
	at java.util.concurrent.CompletableFuture.timedGet(CompletableFuture.java:1771)
	at java.util.concurrent.CompletableFuture.get(CompletableFuture.java:1915)
	at org.apache.ratis.util.IOUtils.getFromFuture(IOUtils.java:79)
	... 4 more
2019-09-10 12:39:31,900 [20e3e33a-5d24-4249-a094-f5376b2f999f@group-5E7A6FC8AAB0-SegmentedRaftLogWorker] WARN  segmented.SegmentedRaftLogWorker (SegmentedRaftLogWorker.java:getFromFuture(90)) - Timeout 15/~
org.apache.ratis.protocol.TimeoutIOException: Timeout 10s: WriteLog:18: (t:1, i:18), STATEMACHINELOGENTRY, client-B8915AA43604, cid=51-writeStateMachineData
	at org.apache.ratis.util.IOUtils.getFromFuture(IOUtils.java:87)
	at org.apache.ratis.server.raftlog.segmented.SegmentedRaftLogWorker$StateMachineDataPolicy.getFromFuture(SegmentedRaftLogWorker.java:87)
	at org.apache.ratis.server.raftlog.segmented.SegmentedRaftLogWorker$WriteLog.execute(SegmentedRaftLogWorker.java:477)
	at org.apache.ratis.server.raftlog.segmented.SegmentedRaftLogWorker.run(SegmentedRaftLogWorker.java:289)
	at java.lang.Thread.run(Thread.java:748)
Caused by: java.util.concurrent.TimeoutException
	at java.util.concurrent.CompletableFuture.timedGet(CompletableFuture.java:1771)
	at java.util.concurrent.CompletableFuture.get(CompletableFuture.java:1915)
	at org.apache.ratis.util.IOUtils.getFromFuture(IOUtils.java:79)
	... 4 more
2019-09-10 12:39:32,549 [org.apache.ratis.server.impl.LogAppender$AppenderDaemon$$Lambda$513/179557972@28dc937c] ERROR ratis.XceiverServerRatis (XceiverServerRatis.java:triggerPipelineClose(568)) - pipeline Action CLOSE  on pipeline PipelineID=b569b992-8336-41dd-80e0-5e7a6fc8aab0.Reason : 20e3e33a-5d24-4249-a094-f5376b2f999f has not seen follower/s e7ee0826-9905-44f4-ba49-d97620ca9eb2 for 161001ms e2c164e2-1dc0-4b87-8a18-d27b9a4a82f5 for 161002ms
2019-09-10 12:39:32,549 [org.apache.ratis.server.impl.LogAppender$AppenderDaemon$$Lambda$513/179557972@4ce60c6c] ERROR ratis.XceiverServerRatis (XceiverServerRatis.java:triggerPipelineClose(568)) - pipeline Action CLOSE  on pipeline PipelineID=b569b992-8336-41dd-80e0-5e7a6fc8aab0.Reason : 20e3e33a-5d24-4249-a094-f5376b2f999f has not seen follower/s e7ee0826-9905-44f4-ba49-d97620ca9eb2 for 161001ms e2c164e2-1dc0-4b87-8a18-d27b9a4a82f5 for 161002ms
2019-09-10 12:39:33,043 [EventQueue-PipelineActionsForPipelineActionHandler] ERROR pipeline.PipelineActionHandler (PipelineActionHandler.java:onMessage(60)) - Received pipeline action CLOSE for Pipeline[ Id: b569b992-8336-41dd-80e0-5e7a6fc8aab0, Nodes: 20e3e33a-5d24-4249-a094-f5376b2f999f{ip: 192.168.34.50, host: pr-hdds-1879-pp2l2-2511026898, networkLocation: /default-rack, certSerialId: null}e2c164e2-1dc0-4b87-8a18-d27b9a4a82f5{ip: 192.168.34.50, host: pr-hdds-1879-pp2l2-2511026898, networkLocation: /default-rack, certSerialId: null}e7ee0826-9905-44f4-ba49-d97620ca9eb2{ip: 192.168.34.50, host: pr-hdds-1879-pp2l2-2511026898, networkLocation: /default-rack, certSerialId: null}, Type:RATIS, Factor:THREE, State:CLOSED] from datanode 20e3e33a-5d24-4249-a094-f5376b2f999f{ip: 192.168.34.50, host: pr-hdds-1879-pp2l2-2511026898, networkLocation: /default-rack, certSerialId: null}. Reason : 20e3e33a-5d24-4249-a094-f5376b2f999f has not seen follower/s e7ee0826-9905-44f4-ba49-d97620ca9eb2 for 161001ms e2c164e2-1dc0-4b87-8a18-d27b9a4a82f5 for 161002ms
2019-09-10 12:39:33,044 [EventQueue-PipelineActionsForPipelineActionHandler] INFO  pipeline.SCMPipelineManager (SCMPipelineManager.java:finalizeAndDestroyPipeline(311)) - destroying pipeline:Pipeline[ Id: b569b992-8336-41dd-80e0-5e7a6fc8aab0, Nodes: 20e3e33a-5d24-4249-a094-f5376b2f999f{ip: 192.168.34.50, host: pr-hdds-1879-pp2l2-2511026898, networkLocation: /default-rack, certSerialId: null}e2c164e2-1dc0-4b87-8a18-d27b9a4a82f5{ip: 192.168.34.50, host: pr-hdds-1879-pp2l2-2511026898, networkLocation: /default-rack, certSerialId: null}e7ee0826-9905-44f4-ba49-d97620ca9eb2{ip: 192.168.34.50, host: pr-hdds-1879-pp2l2-2511026898, networkLocation: /default-rack, certSerialId: null}, Type:RATIS, Factor:THREE, State:CLOSED]
2019-09-10 12:39:33,048 [java.util.concurrent.ThreadPoolExecutor$Worker@5ff660fa[State = -1, empty queue]] WARN  server.GrpcLogAppender (GrpcLogAppender.java:timeoutAppendRequest(200)) - 20e3e33a-5d24-4249-a094-f5376b2f999f@group-5E7A6FC8AAB0->e7ee0826-9905-44f4-ba49-d97620ca9eb2-GrpcLogAppender: appendEntries Timeout, request=20e3e33a-5d24-4249-a094-f5376b2f999f->e7ee0826-9905-44f4-ba49-d97620ca9eb2#167-t1, previous=(t:1, i:23), leaderCommit=16, initializing? false, entries: <empty>
2019-09-10 12:39:33,048 [java.util.concurrent.ThreadPoolExecutor$Worker@5359d0cb[State = -1, empty queue]] WARN  server.GrpcLogAppender (GrpcLogAppender.java:timeoutAppendRequest(200)) - 20e3e33a-5d24-4249-a094-f5376b2f999f@group-5E7A6FC8AAB0->e2c164e2-1dc0-4b87-8a18-d27b9a4a82f5-GrpcLogAppender: appendEntries Timeout, request=20e3e33a-5d24-4249-a094-f5376b2f999f->e2c164e2-1dc0-4b87-8a18-d27b9a4a82f5#167-t1, previous=(t:1, i:23), leaderCommit=16, initializing? false, entries: <empty>
2019-09-10 12:39:33,319 [grpc-default-executor-3] INFO  client.GrpcClientProtocolClient (GrpcClientProtocolClient.java:onNext(264)) - client-B8915AA43604->e7ee0826-9905-44f4-ba49-d97620ca9eb2: receive RaftClientReply:client-B8915AA43604->e7ee0826-9905-44f4-ba49-d97620ca9eb2@group-5E7A6FC8AAB0, cid=50, FAILED org.apache.ratis.protocol.NotLeaderException: Server e7ee0826-9905-44f4-ba49-d97620ca9eb2@group-5E7A6FC8AAB0 is not the leader 20e3e33a-5d24-4249-a094-f5376b2f999f:192.168.34.50:46569, logIndex=0, commits[e7ee0826-9905-44f4-ba49-d97620ca9eb2:c16, e2c164e2-1dc0-4b87-8a18-d27b9a4a82f5:c14, 20e3e33a-5d24-4249-a094-f5376b2f999f:c16]
2019-09-10 12:39:35,050 [org.apache.ratis.server.impl.LogAppender$AppenderDaemon$$Lambda$513/179557972@28dc937c] ERROR ratis.XceiverServerRatis (XceiverServerRatis.java:triggerPipelineClose(568)) - pipeline Action CLOSE  on pipeline PipelineID=b569b992-8336-41dd-80e0-5e7a6fc8aab0.Reason : 20e3e33a-5d24-4249-a094-f5376b2f999f has not seen follower/s e7ee0826-9905-44f4-ba49-d97620ca9eb2 for 163502ms e2c164e2-1dc0-4b87-8a18-d27b9a4a82f5 for 163502ms
2019-09-10 12:39:35,050 [org.apache.ratis.server.impl.LogAppender$AppenderDaemon$$Lambda$513/179557972@4ce60c6c] ERROR ratis.XceiverServerRatis (XceiverServerRatis.java:triggerPipelineClose(568)) - pipeline Action CLOSE  on pipeline PipelineID=b569b992-8336-41dd-80e0-5e7a6fc8aab0.Reason : 20e3e33a-5d24-4249-a094-f5376b2f999f has not seen follower/s e7ee0826-9905-44f4-ba49-d97620ca9eb2 for 163502ms e2c164e2-1dc0-4b87-8a18-d27b9a4a82f5 for 163502ms
2019-09-10 12:39:35,549 [java.util.concurrent.ThreadPoolExecutor$Worker@5ff660fa[State = -1, empty queue]] WARN  server.GrpcLogAppender (GrpcLogAppender.java:timeoutAppendRequest(200)) - 20e3e33a-5d24-4249-a094-f5376b2f999f@group-5E7A6FC8AAB0->e7ee0826-9905-44f4-ba49-d97620ca9eb2-GrpcLogAppender: appendEntries Timeout, request=20e3e33a-5d24-4249-a094-f5376b2f999f->e7ee0826-9905-44f4-ba49-d97620ca9eb2#168-t1, previous=(t:1, i:23), leaderCommit=16, initializing? false, entries: <empty>
2019-09-10 12:39:35,549 [java.util.concurrent.ThreadPoolExecutor$Worker@5359d0cb[State = -1, empty queue]] WARN  server.GrpcLogAppender (GrpcLogAppender.java:timeoutAppendRequest(200)) - 20e3e33a-5d24-4249-a094-f5376b2f999f@group-5E7A6FC8AAB0->e2c164e2-1dc0-4b87-8a18-d27b9a4a82f5-GrpcLogAppender: appendEntries Timeout, request=20e3e33a-5d24-4249-a094-f5376b2f999f->e2c164e2-1dc0-4b87-8a18-d27b9a4a82f5#168-t1, previous=(t:1, i:23), leaderCommit=16, initializing? false, entries: <empty>
2019-09-10 12:39:36,044 [EventQueue-PipelineActionsForPipelineActionHandler] ERROR pipeline.PipelineActionHandler (PipelineActionHandler.java:onMessage(60)) - Received pipeline action CLOSE for Pipeline[ Id: b569b992-8336-41dd-80e0-5e7a6fc8aab0, Nodes: 20e3e33a-5d24-4249-a094-f5376b2f999f{ip: 192.168.34.50, host: pr-hdds-1879-pp2l2-2511026898, networkLocation: /default-rack, certSerialId: null}e2c164e2-1dc0-4b87-8a18-d27b9a4a82f5{ip: 192.168.34.50, host: pr-hdds-1879-pp2l2-2511026898, networkLocation: /default-rack, certSerialId: null}e7ee0826-9905-44f4-ba49-d97620ca9eb2{ip: 192.168.34.50, host: pr-hdds-1879-pp2l2-2511026898, networkLocation: /default-rack, certSerialId: null}, Type:RATIS, Factor:THREE, State:CLOSED] from datanode 20e3e33a-5d24-4249-a094-f5376b2f999f{ip: 192.168.34.50, host: pr-hdds-1879-pp2l2-2511026898, networkLocation: /default-rack, certSerialId: null}. Reason : 20e3e33a-5d24-4249-a094-f5376b2f999f has not seen follower/s e7ee0826-9905-44f4-ba49-d97620ca9eb2 for 163502ms e2c164e2-1dc0-4b87-8a18-d27b9a4a82f5 for 163502ms
2019-09-10 12:39:36,044 [EventQueue-PipelineActionsForPipelineActionHandler] INFO  pipeline.SCMPipelineManager (SCMPipelineManager.java:finalizeAndDestroyPipeline(311)) - destroying pipeline:Pipeline[ Id: b569b992-8336-41dd-80e0-5e7a6fc8aab0, Nodes: 20e3e33a-5d24-4249-a094-f5376b2f999f{ip: 192.168.34.50, host: pr-hdds-1879-pp2l2-2511026898, networkLocation: /default-rack, certSerialId: null}e2c164e2-1dc0-4b87-8a18-d27b9a4a82f5{ip: 192.168.34.50, host: pr-hdds-1879-pp2l2-2511026898, networkLocation: /default-rack, certSerialId: null}e7ee0826-9905-44f4-ba49-d97620ca9eb2{ip: 192.168.34.50, host: pr-hdds-1879-pp2l2-2511026898, networkLocation: /default-rack, certSerialId: null}, Type:RATIS, Factor:THREE, State:CLOSED]
2019-09-10 12:39:37,551 [org.apache.ratis.server.impl.LogAppender$AppenderDaemon$$Lambda$513/179557972@28dc937c] ERROR ratis.XceiverServerRatis (XceiverServerRatis.java:triggerPipelineClose(568)) - pipeline Action CLOSE  on pipeline PipelineID=b569b992-8336-41dd-80e0-5e7a6fc8aab0.Reason : 20e3e33a-5d24-4249-a094-f5376b2f999f has not seen follower/s e7ee0826-9905-44f4-ba49-d97620ca9eb2 for 166003ms e2c164e2-1dc0-4b87-8a18-d27b9a4a82f5 for 166003ms
2019-09-10 12:39:37,551 [org.apache.ratis.server.impl.LogAppender$AppenderDaemon$$Lambda$513/179557972@4ce60c6c] ERROR ratis.XceiverServerRatis (XceiverServerRatis.java:triggerPipelineClose(568)) - pipeline Action CLOSE  on pipeline PipelineID=b569b992-8336-41dd-80e0-5e7a6fc8aab0.Reason : 20e3e33a-5d24-4249-a094-f5376b2f999f has not seen follower/s e7ee0826-9905-44f4-ba49-d97620ca9eb2 for 166003ms e2c164e2-1dc0-4b87-8a18-d27b9a4a82f5 for 166003ms
2019-09-10 12:39:38,044 [EventQueue-PipelineActionsForPipelineActionHandler] ERROR pipeline.PipelineActionHandler (PipelineActionHandler.java:onMessage(60)) - Received pipeline action CLOSE for Pipeline[ Id: b569b992-8336-41dd-80e0-5e7a6fc8aab0, Nodes: 20e3e33a-5d24-4249-a094-f5376b2f999f{ip: 192.168.34.50, host: pr-hdds-1879-pp2l2-2511026898, networkLocation: /default-rack, certSerialId: null}e2c164e2-1dc0-4b87-8a18-d27b9a4a82f5{ip: 192.168.34.50, host: pr-hdds-1879-pp2l2-2511026898, networkLocation: /default-rack, certSerialId: null}e7ee0826-9905-44f4-ba49-d97620ca9eb2{ip: 192.168.34.50, host: pr-hdds-1879-pp2l2-2511026898, networkLocation: /default-rack, certSerialId: null}, Type:RATIS, Factor:THREE, State:CLOSED] from datanode 20e3e33a-5d24-4249-a094-f5376b2f999f{ip: 192.168.34.50, host: pr-hdds-1879-pp2l2-2511026898, networkLocation: /default-rack, certSerialId: null}. Reason : 20e3e33a-5d24-4249-a094-f5376b2f999f has not seen follower/s e7ee0826-9905-44f4-ba49-d97620ca9eb2 for 166003ms e2c164e2-1dc0-4b87-8a18-d27b9a4a82f5 for 166003ms
2019-09-10 12:39:38,045 [EventQueue-PipelineActionsForPipelineActionHandler] INFO  pipeline.SCMPipelineManager (SCMPipelineManager.java:finalizeAndDestroyPipeline(311)) - destroying pipeline:Pipeline[ Id: b569b992-8336-41dd-80e0-5e7a6fc8aab0, Nodes: 20e3e33a-5d24-4249-a094-f5376b2f999f{ip: 192.168.34.50, host: pr-hdds-1879-pp2l2-2511026898, networkLocation: /default-rack, certSerialId: null}e2c164e2-1dc0-4b87-8a18-d27b9a4a82f5{ip: 192.168.34.50, host: pr-hdds-1879-pp2l2-2511026898, networkLocation: /default-rack, certSerialId: null}e7ee0826-9905-44f4-ba49-d97620ca9eb2{ip: 192.168.34.50, host: pr-hdds-1879-pp2l2-2511026898, networkLocation: /default-rack, certSerialId: null}, Type:RATIS, Factor:THREE, State:CLOSED]
2019-09-10 12:39:38,050 [java.util.concurrent.ThreadPoolExecutor$Worker@5359d0cb[State = -1, empty queue]] WARN  server.GrpcLogAppender (GrpcLogAppender.java:timeoutAppendRequest(200)) - 20e3e33a-5d24-4249-a094-f5376b2f999f@group-5E7A6FC8AAB0->e2c164e2-1dc0-4b87-8a18-d27b9a4a82f5-GrpcLogAppender: appendEntries Timeout, request=20e3e33a-5d24-4249-a094-f5376b2f999f->e2c164e2-1dc0-4b87-8a18-d27b9a4a82f5#169-t1, previous=(t:1, i:23), leaderCommit=16, initializing? false, entries: <empty>
2019-09-10 12:39:38,050 [java.util.concurrent.ThreadPoolExecutor$Worker@5ff660fa[State = -1, empty queue]] WARN  server.GrpcLogAppender (GrpcLogAppender.java:timeoutAppendRequest(200)) - 20e3e33a-5d24-4249-a094-f5376b2f999f@group-5E7A6FC8AAB0->e7ee0826-9905-44f4-ba49-d97620ca9eb2-GrpcLogAppender: appendEntries Timeout, request=20e3e33a-5d24-4249-a094-f5376b2f999f->e7ee0826-9905-44f4-ba49-d97620ca9eb2#169-t1, previous=(t:1, i:23), leaderCommit=16, initializing? false, entries: <empty>
2019-09-10 12:39:38,350 [grpc-default-executor-6] INFO  client.GrpcClientProtocolClient (GrpcClientProtocolClient.java:onNext(264)) - client-B8915AA43604->e2c164e2-1dc0-4b87-8a18-d27b9a4a82f5: receive RaftClientReply:client-B8915AA43604->e2c164e2-1dc0-4b87-8a18-d27b9a4a82f5@group-5E7A6FC8AAB0, cid=50, FAILED org.apache.ratis.protocol.NotLeaderException: Server e2c164e2-1dc0-4b87-8a18-d27b9a4a82f5@group-5E7A6FC8AAB0 is not the leader 20e3e33a-5d24-4249-a094-f5376b2f999f:192.168.34.50:46569, logIndex=0, commits[e2c164e2-1dc0-4b87-8a18-d27b9a4a82f5:c16, e7ee0826-9905-44f4-ba49-d97620ca9eb2:c14, 20e3e33a-5d24-4249-a094-f5376b2f999f:c16]
2019-09-10 12:39:40,053 [org.apache.ratis.server.impl.LogAppender$AppenderDaemon$$Lambda$513/179557972@4ce60c6c] ERROR ratis.XceiverServerRatis (XceiverServerRatis.java:triggerPipelineClose(568)) - pipeline Action CLOSE  on pipeline PipelineID=b569b992-8336-41dd-80e0-5e7a6fc8aab0.Reason : 20e3e33a-5d24-4249-a094-f5376b2f999f has not seen follower/s e7ee0826-9905-44f4-ba49-d97620ca9eb2 for 168504ms e2c164e2-1dc0-4b87-8a18-d27b9a4a82f5 for 168505ms
2019-09-10 12:39:40,053 [org.apache.ratis.server.impl.LogAppender$AppenderDaemon$$Lambda$513/179557972@28dc937c] ERROR ratis.XceiverServerRatis (XceiverServerRatis.java:triggerPipelineClose(568)) - pipeline Action CLOSE  on pipeline PipelineID=b569b992-8336-41dd-80e0-5e7a6fc8aab0.Reason : 20e3e33a-5d24-4249-a094-f5376b2f999f has not seen follower/s e7ee0826-9905-44f4-ba49-d97620ca9eb2 for 168504ms e2c164e2-1dc0-4b87-8a18-d27b9a4a82f5 for 168505ms
2019-09-10 12:39:40,551 [java.util.concurrent.ThreadPoolExecutor$Worker@5ff660fa[State = -1, empty queue]] WARN  server.GrpcLogAppender (GrpcLogAppender.java:timeoutAppendRequest(200)) - 20e3e33a-5d24-4249-a094-f5376b2f999f@group-5E7A6FC8AAB0->e7ee0826-9905-44f4-ba49-d97620ca9eb2-GrpcLogAppender: appendEntries Timeout, request=20e3e33a-5d24-4249-a094-f5376b2f999f->e7ee0826-9905-44f4-ba49-d97620ca9eb2#170-t1, previous=(t:1, i:23), leaderCommit=16, initializing? false, entries: <empty>
2019-09-10 12:39:40,551 [java.util.concurrent.ThreadPoolExecutor$Worker@5359d0cb[State = -1, empty queue]] WARN  server.GrpcLogAppender (GrpcLogAppender.java:timeoutAppendRequest(200)) - 20e3e33a-5d24-4249-a094-f5376b2f999f@group-5E7A6FC8AAB0->e2c164e2-1dc0-4b87-8a18-d27b9a4a82f5-GrpcLogAppender: appendEntries Timeout, request=20e3e33a-5d24-4249-a094-f5376b2f999f->e2c164e2-1dc0-4b87-8a18-d27b9a4a82f5#170-t1, previous=(t:1, i:23), leaderCommit=16, initializing? false, entries: <empty>
2019-09-10 12:39:41,046 [EventQueue-PipelineActionsForPipelineActionHandler] ERROR pipeline.PipelineActionHandler (PipelineActionHandler.java:onMessage(60)) - Received pipeline action CLOSE for Pipeline[ Id: b569b992-8336-41dd-80e0-5e7a6fc8aab0, Nodes: 20e3e33a-5d24-4249-a094-f5376b2f999f{ip: 192.168.34.50, host: pr-hdds-1879-pp2l2-2511026898, networkLocation: /default-rack, certSerialId: null}e2c164e2-1dc0-4b87-8a18-d27b9a4a82f5{ip: 192.168.34.50, host: pr-hdds-1879-pp2l2-2511026898, networkLocation: /default-rack, certSerialId: null}e7ee0826-9905-44f4-ba49-d97620ca9eb2{ip: 192.168.34.50, host: pr-hdds-1879-pp2l2-2511026898, networkLocation: /default-rack, certSerialId: null}, Type:RATIS, Factor:THREE, State:CLOSED] from datanode 20e3e33a-5d24-4249-a094-f5376b2f999f{ip: 192.168.34.50, host: pr-hdds-1879-pp2l2-2511026898, networkLocation: /default-rack, certSerialId: null}. Reason : 20e3e33a-5d24-4249-a094-f5376b2f999f has not seen follower/s e7ee0826-9905-44f4-ba49-d97620ca9eb2 for 168504ms e2c164e2-1dc0-4b87-8a18-d27b9a4a82f5 for 168505ms
2019-09-10 12:39:41,046 [EventQueue-PipelineActionsForPipelineActionHandler] INFO  pipeline.SCMPipelineManager (SCMPipelineManager.java:finalizeAndDestroyPipeline(311)) - destroying pipeline:Pipeline[ Id: b569b992-8336-41dd-80e0-5e7a6fc8aab0, Nodes: 20e3e33a-5d24-4249-a094-f5376b2f999f{ip: 192.168.34.50, host: pr-hdds-1879-pp2l2-2511026898, networkLocation: /default-rack, certSerialId: null}e2c164e2-1dc0-4b87-8a18-d27b9a4a82f5{ip: 192.168.34.50, host: pr-hdds-1879-pp2l2-2511026898, networkLocation: /default-rack, certSerialId: null}e7ee0826-9905-44f4-ba49-d97620ca9eb2{ip: 192.168.34.50, host: pr-hdds-1879-pp2l2-2511026898, networkLocation: /default-rack, certSerialId: null}, Type:RATIS, Factor:THREE, State:CLOSED]
2019-09-10 12:39:41,767 [e7ee0826-9905-44f4-ba49-d97620ca9eb2@group-5E7A6FC8AAB0-SegmentedRaftLogWorker] WARN  segmented.SegmentedRaftLogWorker (SegmentedRaftLogWorker.java:getFromFuture(90)) - Timeout 16/~
org.apache.ratis.protocol.TimeoutIOException: Timeout 10s: WriteLog:17: (t:1, i:17), STATEMACHINELOGENTRY, client-B8915AA43604, cid=50-writeStateMachineData
	at org.apache.ratis.util.IOUtils.getFromFuture(IOUtils.java:87)
	at org.apache.ratis.server.raftlog.segmented.SegmentedRaftLogWorker$StateMachineDataPolicy.getFromFuture(SegmentedRaftLogWorker.java:87)
	at org.apache.ratis.server.raftlog.segmented.SegmentedRaftLogWorker$WriteLog.execute(SegmentedRaftLogWorker.java:477)
	at org.apache.ratis.server.raftlog.segmented.SegmentedRaftLogWorker.run(SegmentedRaftLogWorker.java:289)
	at java.lang.Thread.run(Thread.java:748)
Caused by: java.util.concurrent.TimeoutException
	at java.util.concurrent.CompletableFuture.timedGet(CompletableFuture.java:1771)
	at java.util.concurrent.CompletableFuture.get(CompletableFuture.java:1915)
	at org.apache.ratis.util.IOUtils.getFromFuture(IOUtils.java:79)
	... 4 more
2019-09-10 12:39:41,799 [e2c164e2-1dc0-4b87-8a18-d27b9a4a82f5@group-5E7A6FC8AAB0-SegmentedRaftLogWorker] WARN  segmented.SegmentedRaftLogWorker (SegmentedRaftLogWorker.java:getFromFuture(90)) - Timeout 16/~
org.apache.ratis.protocol.TimeoutIOException: Timeout 10s: WriteLog:17: (t:1, i:17), STATEMACHINELOGENTRY, client-B8915AA43604, cid=50-writeStateMachineData
	at org.apache.ratis.util.IOUtils.getFromFuture(IOUtils.java:87)
	at org.apache.ratis.server.raftlog.segmented.SegmentedRaftLogWorker$StateMachineDataPolicy.getFromFuture(SegmentedRaftLogWorker.java:87)
	at org.apache.ratis.server.raftlog.segmented.SegmentedRaftLogWorker$WriteLog.execute(SegmentedRaftLogWorker.java:477)
	at org.apache.ratis.server.raftlog.segmented.SegmentedRaftLogWorker.run(SegmentedRaftLogWorker.java:289)
	at java.lang.Thread.run(Thread.java:748)
Caused by: java.util.concurrent.TimeoutException
	at java.util.concurrent.CompletableFuture.timedGet(CompletableFuture.java:1771)
	at java.util.concurrent.CompletableFuture.get(CompletableFuture.java:1915)
	at org.apache.ratis.util.IOUtils.getFromFuture(IOUtils.java:79)
	... 4 more
2019-09-10 12:39:41,901 [20e3e33a-5d24-4249-a094-f5376b2f999f@group-5E7A6FC8AAB0-SegmentedRaftLogWorker] WARN  segmented.SegmentedRaftLogWorker (SegmentedRaftLogWorker.java:getFromFuture(90)) - Timeout 16/~
org.apache.ratis.protocol.TimeoutIOException: Timeout 10s: WriteLog:18: (t:1, i:18), STATEMACHINELOGENTRY, client-B8915AA43604, cid=51-writeStateMachineData
	at org.apache.ratis.util.IOUtils.getFromFuture(IOUtils.java:87)
	at org.apache.ratis.server.raftlog.segmented.SegmentedRaftLogWorker$StateMachineDataPolicy.getFromFuture(SegmentedRaftLogWorker.java:87)
	at org.apache.ratis.server.raftlog.segmented.SegmentedRaftLogWorker$WriteLog.execute(SegmentedRaftLogWorker.java:477)
	at org.apache.ratis.server.raftlog.segmented.SegmentedRaftLogWorker.run(SegmentedRaftLogWorker.java:289)
	at java.lang.Thread.run(Thread.java:748)
Caused by: java.util.concurrent.TimeoutException
	at java.util.concurrent.CompletableFuture.timedGet(CompletableFuture.java:1771)
	at java.util.concurrent.CompletableFuture.get(CompletableFuture.java:1915)
	at org.apache.ratis.util.IOUtils.getFromFuture(IOUtils.java:79)
	... 4 more
2019-09-10 12:39:42,553 [org.apache.ratis.server.impl.LogAppender$AppenderDaemon$$Lambda$513/179557972@28dc937c] ERROR ratis.XceiverServerRatis (XceiverServerRatis.java:triggerPipelineClose(568)) - pipeline Action CLOSE  on pipeline PipelineID=b569b992-8336-41dd-80e0-5e7a6fc8aab0.Reason : 20e3e33a-5d24-4249-a094-f5376b2f999f has not seen follower/s e7ee0826-9905-44f4-ba49-d97620ca9eb2 for 171005ms e2c164e2-1dc0-4b87-8a18-d27b9a4a82f5 for 171005ms
2019-09-10 12:39:42,553 [org.apache.ratis.server.impl.LogAppender$AppenderDaemon$$Lambda$513/179557972@4ce60c6c] ERROR ratis.XceiverServerRatis (XceiverServerRatis.java:triggerPipelineClose(568)) - pipeline Action CLOSE  on pipeline PipelineID=b569b992-8336-41dd-80e0-5e7a6fc8aab0.Reason : 20e3e33a-5d24-4249-a094-f5376b2f999f has not seen follower/s e7ee0826-9905-44f4-ba49-d97620ca9eb2 for 171005ms e2c164e2-1dc0-4b87-8a18-d27b9a4a82f5 for 171005ms
2019-09-10 12:39:43,045 [EventQueue-PipelineActionsForPipelineActionHandler] ERROR pipeline.PipelineActionHandler (PipelineActionHandler.java:onMessage(60)) - Received pipeline action CLOSE for Pipeline[ Id: b569b992-8336-41dd-80e0-5e7a6fc8aab0, Nodes: 20e3e33a-5d24-4249-a094-f5376b2f999f{ip: 192.168.34.50, host: pr-hdds-1879-pp2l2-2511026898, networkLocation: /default-rack, certSerialId: null}e2c164e2-1dc0-4b87-8a18-d27b9a4a82f5{ip: 192.168.34.50, host: pr-hdds-1879-pp2l2-2511026898, networkLocation: /default-rack, certSerialId: null}e7ee0826-9905-44f4-ba49-d97620ca9eb2{ip: 192.168.34.50, host: pr-hdds-1879-pp2l2-2511026898, networkLocation: /default-rack, certSerialId: null}, Type:RATIS, Factor:THREE, State:CLOSED] from datanode 20e3e33a-5d24-4249-a094-f5376b2f999f{ip: 192.168.34.50, host: pr-hdds-1879-pp2l2-2511026898, networkLocation: /default-rack, certSerialId: null}. Reason : 20e3e33a-5d24-4249-a094-f5376b2f999f has not seen follower/s e7ee0826-9905-44f4-ba49-d97620ca9eb2 for 171005ms e2c164e2-1dc0-4b87-8a18-d27b9a4a82f5 for 171005ms
2019-09-10 12:39:43,045 [EventQueue-PipelineActionsForPipelineActionHandler] INFO  pipeline.SCMPipelineManager (SCMPipelineManager.java:finalizeAndDestroyPipeline(311)) - destroying pipeline:Pipeline[ Id: b569b992-8336-41dd-80e0-5e7a6fc8aab0, Nodes: 20e3e33a-5d24-4249-a094-f5376b2f999f{ip: 192.168.34.50, host: pr-hdds-1879-pp2l2-2511026898, networkLocation: /default-rack, certSerialId: null}e2c164e2-1dc0-4b87-8a18-d27b9a4a82f5{ip: 192.168.34.50, host: pr-hdds-1879-pp2l2-2511026898, networkLocation: /default-rack, certSerialId: null}e7ee0826-9905-44f4-ba49-d97620ca9eb2{ip: 192.168.34.50, host: pr-hdds-1879-pp2l2-2511026898, networkLocation: /default-rack, certSerialId: null}, Type:RATIS, Factor:THREE, State:CLOSED]
2019-09-10 12:39:43,052 [java.util.concurrent.ThreadPoolExecutor$Worker@5ff660fa[State = -1, empty queue]] WARN  server.GrpcLogAppender (GrpcLogAppender.java:timeoutAppendRequest(200)) - 20e3e33a-5d24-4249-a094-f5376b2f999f@group-5E7A6FC8AAB0->e7ee0826-9905-44f4-ba49-d97620ca9eb2-GrpcLogAppender: appendEntries Timeout, request=20e3e33a-5d24-4249-a094-f5376b2f999f->e7ee0826-9905-44f4-ba49-d97620ca9eb2#171-t1, previous=(t:1, i:23), leaderCommit=16, initializing? false, entries: <empty>
2019-09-10 12:39:43,052 [java.util.concurrent.ThreadPoolExecutor$Worker@5359d0cb[State = -1, empty queue]] WARN  server.GrpcLogAppender (GrpcLogAppender.java:timeoutAppendRequest(200)) - 20e3e33a-5d24-4249-a094-f5376b2f999f@group-5E7A6FC8AAB0->e2c164e2-1dc0-4b87-8a18-d27b9a4a82f5-GrpcLogAppender: appendEntries Timeout, request=20e3e33a-5d24-4249-a094-f5376b2f999f->e2c164e2-1dc0-4b87-8a18-d27b9a4a82f5#171-t1, previous=(t:1, i:23), leaderCommit=16, initializing? false, entries: <empty>
2019-09-10 12:39:43,396 [grpc-default-executor-3] INFO  client.GrpcClientProtocolClient (GrpcClientProtocolClient.java:onNext(264)) - client-B8915AA43604->e2c164e2-1dc0-4b87-8a18-d27b9a4a82f5: receive RaftClientReply:client-B8915AA43604->e2c164e2-1dc0-4b87-8a18-d27b9a4a82f5@group-5E7A6FC8AAB0, cid=50, FAILED org.apache.ratis.protocol.NotLeaderException: Server e2c164e2-1dc0-4b87-8a18-d27b9a4a82f5@group-5E7A6FC8AAB0 is not the leader 20e3e33a-5d24-4249-a094-f5376b2f999f:192.168.34.50:46569, logIndex=0, commits[e2c164e2-1dc0-4b87-8a18-d27b9a4a82f5:c16, e7ee0826-9905-44f4-ba49-d97620ca9eb2:c14, 20e3e33a-5d24-4249-a094-f5376b2f999f:c16]
2019-09-10 12:39:45,054 [org.apache.ratis.server.impl.LogAppender$AppenderDaemon$$Lambda$513/179557972@4ce60c6c] ERROR ratis.XceiverServerRatis (XceiverServerRatis.java:triggerPipelineClose(568)) - pipeline Action CLOSE  on pipeline PipelineID=b569b992-8336-41dd-80e0-5e7a6fc8aab0.Reason : 20e3e33a-5d24-4249-a094-f5376b2f999f has not seen follower/s e7ee0826-9905-44f4-ba49-d97620ca9eb2 for 173506ms e2c164e2-1dc0-4b87-8a18-d27b9a4a82f5 for 173506ms
2019-09-10 12:39:45,054 [org.apache.ratis.server.impl.LogAppender$AppenderDaemon$$Lambda$513/179557972@28dc937c] ERROR ratis.XceiverServerRatis (XceiverServerRatis.java:triggerPipelineClose(568)) - pipeline Action CLOSE  on pipeline PipelineID=b569b992-8336-41dd-80e0-5e7a6fc8aab0.Reason : 20e3e33a-5d24-4249-a094-f5376b2f999f has not seen follower/s e7ee0826-9905-44f4-ba49-d97620ca9eb2 for 173506ms e2c164e2-1dc0-4b87-8a18-d27b9a4a82f5 for 173506ms
2019-09-10 12:39:45,553 [java.util.concurrent.ThreadPoolExecutor$Worker@5359d0cb[State = -1, empty queue]] WARN  server.GrpcLogAppender (GrpcLogAppender.java:timeoutAppendRequest(200)) - 20e3e33a-5d24-4249-a094-f5376b2f999f@group-5E7A6FC8AAB0->e2c164e2-1dc0-4b87-8a18-d27b9a4a82f5-GrpcLogAppender: appendEntries Timeout, request=20e3e33a-5d24-4249-a094-f5376b2f999f->e2c164e2-1dc0-4b87-8a18-d27b9a4a82f5#172-t1, previous=(t:1, i:23), leaderCommit=16, initializing? false, entries: <empty>
2019-09-10 12:39:45,553 [java.util.concurrent.ThreadPoolExecutor$Worker@5ff660fa[State = -1, empty queue]] WARN  server.GrpcLogAppender (GrpcLogAppender.java:timeoutAppendRequest(200)) - 20e3e33a-5d24-4249-a094-f5376b2f999f@group-5E7A6FC8AAB0->e7ee0826-9905-44f4-ba49-d97620ca9eb2-GrpcLogAppender: appendEntries Timeout, request=20e3e33a-5d24-4249-a094-f5376b2f999f->e7ee0826-9905-44f4-ba49-d97620ca9eb2#172-t1, previous=(t:1, i:23), leaderCommit=16, initializing? false, entries: <empty>
2019-09-10 12:39:46,045 [EventQueue-PipelineActionsForPipelineActionHandler] ERROR pipeline.PipelineActionHandler (PipelineActionHandler.java:onMessage(60)) - Received pipeline action CLOSE for Pipeline[ Id: b569b992-8336-41dd-80e0-5e7a6fc8aab0, Nodes: 20e3e33a-5d24-4249-a094-f5376b2f999f{ip: 192.168.34.50, host: pr-hdds-1879-pp2l2-2511026898, networkLocation: /default-rack, certSerialId: null}e2c164e2-1dc0-4b87-8a18-d27b9a4a82f5{ip: 192.168.34.50, host: pr-hdds-1879-pp2l2-2511026898, networkLocation: /default-rack, certSerialId: null}e7ee0826-9905-44f4-ba49-d97620ca9eb2{ip: 192.168.34.50, host: pr-hdds-1879-pp2l2-2511026898, networkLocation: /default-rack, certSerialId: null}, Type:RATIS, Factor:THREE, State:CLOSED] from datanode 20e3e33a-5d24-4249-a094-f5376b2f999f{ip: 192.168.34.50, host: pr-hdds-1879-pp2l2-2511026898, networkLocation: /default-rack, certSerialId: null}. Reason : 20e3e33a-5d24-4249-a094-f5376b2f999f has not seen follower/s e7ee0826-9905-44f4-ba49-d97620ca9eb2 for 173506ms e2c164e2-1dc0-4b87-8a18-d27b9a4a82f5 for 173506ms
2019-09-10 12:39:46,045 [EventQueue-PipelineActionsForPipelineActionHandler] INFO  pipeline.SCMPipelineManager (SCMPipelineManager.java:finalizeAndDestroyPipeline(311)) - destroying pipeline:Pipeline[ Id: b569b992-8336-41dd-80e0-5e7a6fc8aab0, Nodes: 20e3e33a-5d24-4249-a094-f5376b2f999f{ip: 192.168.34.50, host: pr-hdds-1879-pp2l2-2511026898, networkLocation: /default-rack, certSerialId: null}e2c164e2-1dc0-4b87-8a18-d27b9a4a82f5{ip: 192.168.34.50, host: pr-hdds-1879-pp2l2-2511026898, networkLocation: /default-rack, certSerialId: null}e7ee0826-9905-44f4-ba49-d97620ca9eb2{ip: 192.168.34.50, host: pr-hdds-1879-pp2l2-2511026898, networkLocation: /default-rack, certSerialId: null}, Type:RATIS, Factor:THREE, State:CLOSED]
2019-09-10 12:39:47,555 [org.apache.ratis.server.impl.LogAppender$AppenderDaemon$$Lambda$513/179557972@28dc937c] ERROR ratis.XceiverServerRatis (XceiverServerRatis.java:triggerPipelineClose(568)) - pipeline Action CLOSE  on pipeline PipelineID=b569b992-8336-41dd-80e0-5e7a6fc8aab0.Reason : 20e3e33a-5d24-4249-a094-f5376b2f999f has not seen follower/s e7ee0826-9905-44f4-ba49-d97620ca9eb2 for 176007ms e2c164e2-1dc0-4b87-8a18-d27b9a4a82f5 for 176007ms
2019-09-10 12:39:47,555 [org.apache.ratis.server.impl.LogAppender$AppenderDaemon$$Lambda$513/179557972@4ce60c6c] ERROR ratis.XceiverServerRatis (XceiverServerRatis.java:triggerPipelineClose(568)) - pipeline Action CLOSE  on pipeline PipelineID=b569b992-8336-41dd-80e0-5e7a6fc8aab0.Reason : 20e3e33a-5d24-4249-a094-f5376b2f999f has not seen follower/s e7ee0826-9905-44f4-ba49-d97620ca9eb2 for 176007ms e2c164e2-1dc0-4b87-8a18-d27b9a4a82f5 for 176007ms
2019-09-10 12:39:48,045 [EventQueue-PipelineActionsForPipelineActionHandler] ERROR pipeline.PipelineActionHandler (PipelineActionHandler.java:onMessage(60)) - Received pipeline action CLOSE for Pipeline[ Id: b569b992-8336-41dd-80e0-5e7a6fc8aab0, Nodes: 20e3e33a-5d24-4249-a094-f5376b2f999f{ip: 192.168.34.50, host: pr-hdds-1879-pp2l2-2511026898, networkLocation: /default-rack, certSerialId: null}e2c164e2-1dc0-4b87-8a18-d27b9a4a82f5{ip: 192.168.34.50, host: pr-hdds-1879-pp2l2-2511026898, networkLocation: /default-rack, certSerialId: null}e7ee0826-9905-44f4-ba49-d97620ca9eb2{ip: 192.168.34.50, host: pr-hdds-1879-pp2l2-2511026898, networkLocation: /default-rack, certSerialId: null}, Type:RATIS, Factor:THREE, State:CLOSED] from datanode 20e3e33a-5d24-4249-a094-f5376b2f999f{ip: 192.168.34.50, host: pr-hdds-1879-pp2l2-2511026898, networkLocation: /default-rack, certSerialId: null}. Reason : 20e3e33a-5d24-4249-a094-f5376b2f999f has not seen follower/s e7ee0826-9905-44f4-ba49-d97620ca9eb2 for 176007ms e2c164e2-1dc0-4b87-8a18-d27b9a4a82f5 for 176007ms
2019-09-10 12:39:48,045 [EventQueue-PipelineActionsForPipelineActionHandler] INFO  pipeline.SCMPipelineManager (SCMPipelineManager.java:finalizeAndDestroyPipeline(311)) - destroying pipeline:Pipeline[ Id: b569b992-8336-41dd-80e0-5e7a6fc8aab0, Nodes: 20e3e33a-5d24-4249-a094-f5376b2f999f{ip: 192.168.34.50, host: pr-hdds-1879-pp2l2-2511026898, networkLocation: /default-rack, certSerialId: null}e2c164e2-1dc0-4b87-8a18-d27b9a4a82f5{ip: 192.168.34.50, host: pr-hdds-1879-pp2l2-2511026898, networkLocation: /default-rack, certSerialId: null}e7ee0826-9905-44f4-ba49-d97620ca9eb2{ip: 192.168.34.50, host: pr-hdds-1879-pp2l2-2511026898, networkLocation: /default-rack, certSerialId: null}, Type:RATIS, Factor:THREE, State:CLOSED]
2019-09-10 12:39:48,054 [java.util.concurrent.ThreadPoolExecutor$Worker@5359d0cb[State = -1, empty queue]] WARN  server.GrpcLogAppender (GrpcLogAppender.java:timeoutAppendRequest(200)) - 20e3e33a-5d24-4249-a094-f5376b2f999f@group-5E7A6FC8AAB0->e2c164e2-1dc0-4b87-8a18-d27b9a4a82f5-GrpcLogAppender: appendEntries Timeout, request=20e3e33a-5d24-4249-a094-f5376b2f999f->e2c164e2-1dc0-4b87-8a18-d27b9a4a82f5#173-t1, previous=(t:1, i:23), leaderCommit=16, initializing? false, entries: <empty>
2019-09-10 12:39:48,054 [java.util.concurrent.ThreadPoolExecutor$Worker@5ff660fa[State = -1, empty queue]] WARN  server.GrpcLogAppender (GrpcLogAppender.java:timeoutAppendRequest(200)) - 20e3e33a-5d24-4249-a094-f5376b2f999f@group-5E7A6FC8AAB0->e7ee0826-9905-44f4-ba49-d97620ca9eb2-GrpcLogAppender: appendEntries Timeout, request=20e3e33a-5d24-4249-a094-f5376b2f999f->e7ee0826-9905-44f4-ba49-d97620ca9eb2#173-t1, previous=(t:1, i:23), leaderCommit=16, initializing? false, entries: <empty>
2019-09-10 12:39:48,473 [grpc-default-executor-3] INFO  client.GrpcClientProtocolClient (GrpcClientProtocolClient.java:onNext(264)) - client-B8915AA43604->e7ee0826-9905-44f4-ba49-d97620ca9eb2: receive RaftClientReply:client-B8915AA43604->e7ee0826-9905-44f4-ba49-d97620ca9eb2@group-5E7A6FC8AAB0, cid=50, FAILED org.apache.ratis.protocol.NotLeaderException: Server e7ee0826-9905-44f4-ba49-d97620ca9eb2@group-5E7A6FC8AAB0 is not the leader 20e3e33a-5d24-4249-a094-f5376b2f999f:192.168.34.50:46569, logIndex=0, commits[e7ee0826-9905-44f4-ba49-d97620ca9eb2:c16, e2c164e2-1dc0-4b87-8a18-d27b9a4a82f5:c14, 20e3e33a-5d24-4249-a094-f5376b2f999f:c16]
2019-09-10 12:39:50,056 [org.apache.ratis.server.impl.LogAppender$AppenderDaemon$$Lambda$513/179557972@4ce60c6c] ERROR ratis.XceiverServerRatis (XceiverServerRatis.java:triggerPipelineClose(568)) - pipeline Action CLOSE  on pipeline PipelineID=b569b992-8336-41dd-80e0-5e7a6fc8aab0.Reason : 20e3e33a-5d24-4249-a094-f5376b2f999f has not seen follower/s e7ee0826-9905-44f4-ba49-d97620ca9eb2 for 178508ms e2c164e2-1dc0-4b87-8a18-d27b9a4a82f5 for 178508ms
2019-09-10 12:39:50,056 [org.apache.ratis.server.impl.LogAppender$AppenderDaemon$$Lambda$513/179557972@28dc937c] ERROR ratis.XceiverServerRatis (XceiverServerRatis.java:triggerPipelineClose(568)) - pipeline Action CLOSE  on pipeline PipelineID=b569b992-8336-41dd-80e0-5e7a6fc8aab0.Reason : 20e3e33a-5d24-4249-a094-f5376b2f999f has not seen follower/s e7ee0826-9905-44f4-ba49-d97620ca9eb2 for 178508ms e2c164e2-1dc0-4b87-8a18-d27b9a4a82f5 for 178508ms
2019-09-10 12:39:50,555 [java.util.concurrent.ThreadPoolExecutor$Worker@5359d0cb[State = -1, empty queue]] WARN  server.GrpcLogAppender (GrpcLogAppender.java:timeoutAppendRequest(200)) - 20e3e33a-5d24-4249-a094-f5376b2f999f@group-5E7A6FC8AAB0->e2c164e2-1dc0-4b87-8a18-d27b9a4a82f5-GrpcLogAppender: appendEntries Timeout, request=20e3e33a-5d24-4249-a094-f5376b2f999f->e2c164e2-1dc0-4b87-8a18-d27b9a4a82f5#174-t1, previous=(t:1, i:23), leaderCommit=16, initializing? false, entries: <empty>
2019-09-10 12:39:50,555 [java.util.concurrent.ThreadPoolExecutor$Worker@5ff660fa[State = -1, empty queue]] WARN  server.GrpcLogAppender (GrpcLogAppender.java:timeoutAppendRequest(200)) - 20e3e33a-5d24-4249-a094-f5376b2f999f@group-5E7A6FC8AAB0->e7ee0826-9905-44f4-ba49-d97620ca9eb2-GrpcLogAppender: appendEntries Timeout, request=20e3e33a-5d24-4249-a094-f5376b2f999f->e7ee0826-9905-44f4-ba49-d97620ca9eb2#174-t1, previous=(t:1, i:23), leaderCommit=16, initializing? false, entries: <empty>
2019-09-10 12:39:51,045 [EventQueue-PipelineActionsForPipelineActionHandler] ERROR pipeline.PipelineActionHandler (PipelineActionHandler.java:onMessage(60)) - Received pipeline action CLOSE for Pipeline[ Id: b569b992-8336-41dd-80e0-5e7a6fc8aab0, Nodes: 20e3e33a-5d24-4249-a094-f5376b2f999f{ip: 192.168.34.50, host: pr-hdds-1879-pp2l2-2511026898, networkLocation: /default-rack, certSerialId: null}e2c164e2-1dc0-4b87-8a18-d27b9a4a82f5{ip: 192.168.34.50, host: pr-hdds-1879-pp2l2-2511026898, networkLocation: /default-rack, certSerialId: null}e7ee0826-9905-44f4-ba49-d97620ca9eb2{ip: 192.168.34.50, host: pr-hdds-1879-pp2l2-2511026898, networkLocation: /default-rack, certSerialId: null}, Type:RATIS, Factor:THREE, State:CLOSED] from datanode 20e3e33a-5d24-4249-a094-f5376b2f999f{ip: 192.168.34.50, host: pr-hdds-1879-pp2l2-2511026898, networkLocation: /default-rack, certSerialId: null}. Reason : 20e3e33a-5d24-4249-a094-f5376b2f999f has not seen follower/s e7ee0826-9905-44f4-ba49-d97620ca9eb2 for 178508ms e2c164e2-1dc0-4b87-8a18-d27b9a4a82f5 for 178508ms
2019-09-10 12:39:51,045 [EventQueue-PipelineActionsForPipelineActionHandler] INFO  pipeline.SCMPipelineManager (SCMPipelineManager.java:finalizeAndDestroyPipeline(311)) - destroying pipeline:Pipeline[ Id: b569b992-8336-41dd-80e0-5e7a6fc8aab0, Nodes: 20e3e33a-5d24-4249-a094-f5376b2f999f{ip: 192.168.34.50, host: pr-hdds-1879-pp2l2-2511026898, networkLocation: /default-rack, certSerialId: null}e2c164e2-1dc0-4b87-8a18-d27b9a4a82f5{ip: 192.168.34.50, host: pr-hdds-1879-pp2l2-2511026898, networkLocation: /default-rack, certSerialId: null}e7ee0826-9905-44f4-ba49-d97620ca9eb2{ip: 192.168.34.50, host: pr-hdds-1879-pp2l2-2511026898, networkLocation: /default-rack, certSerialId: null}, Type:RATIS, Factor:THREE, State:CLOSED]
2019-09-10 12:39:51,768 [e7ee0826-9905-44f4-ba49-d97620ca9eb2@group-5E7A6FC8AAB0-SegmentedRaftLogWorker] WARN  segmented.SegmentedRaftLogWorker (SegmentedRaftLogWorker.java:getFromFuture(90)) - Timeout 17/~
org.apache.ratis.protocol.TimeoutIOException: Timeout 10s: WriteLog:17: (t:1, i:17), STATEMACHINELOGENTRY, client-B8915AA43604, cid=50-writeStateMachineData
	at org.apache.ratis.util.IOUtils.getFromFuture(IOUtils.java:87)
	at org.apache.ratis.server.raftlog.segmented.SegmentedRaftLogWorker$StateMachineDataPolicy.getFromFuture(SegmentedRaftLogWorker.java:87)
	at org.apache.ratis.server.raftlog.segmented.SegmentedRaftLogWorker$WriteLog.execute(SegmentedRaftLogWorker.java:477)
	at org.apache.ratis.server.raftlog.segmented.SegmentedRaftLogWorker.run(SegmentedRaftLogWorker.java:289)
	at java.lang.Thread.run(Thread.java:748)
Caused by: java.util.concurrent.TimeoutException
	at java.util.concurrent.CompletableFuture.timedGet(CompletableFuture.java:1771)
	at java.util.concurrent.CompletableFuture.get(CompletableFuture.java:1915)
	at org.apache.ratis.util.IOUtils.getFromFuture(IOUtils.java:79)
	... 4 more
2019-09-10 12:39:51,799 [e2c164e2-1dc0-4b87-8a18-d27b9a4a82f5@group-5E7A6FC8AAB0-SegmentedRaftLogWorker] WARN  segmented.SegmentedRaftLogWorker (SegmentedRaftLogWorker.java:getFromFuture(90)) - Timeout 17/~
org.apache.ratis.protocol.TimeoutIOException: Timeout 10s: WriteLog:17: (t:1, i:17), STATEMACHINELOGENTRY, client-B8915AA43604, cid=50-writeStateMachineData
	at org.apache.ratis.util.IOUtils.getFromFuture(IOUtils.java:87)
	at org.apache.ratis.server.raftlog.segmented.SegmentedRaftLogWorker$StateMachineDataPolicy.getFromFuture(SegmentedRaftLogWorker.java:87)
	at org.apache.ratis.server.raftlog.segmented.SegmentedRaftLogWorker$WriteLog.execute(SegmentedRaftLogWorker.java:477)
	at org.apache.ratis.server.raftlog.segmented.SegmentedRaftLogWorker.run(SegmentedRaftLogWorker.java:289)
	at java.lang.Thread.run(Thread.java:748)
Caused by: java.util.concurrent.TimeoutException
	at java.util.concurrent.CompletableFuture.timedGet(CompletableFuture.java:1771)
	at java.util.concurrent.CompletableFuture.get(CompletableFuture.java:1915)
	at org.apache.ratis.util.IOUtils.getFromFuture(IOUtils.java:79)
	... 4 more
2019-09-10 12:39:51,902 [20e3e33a-5d24-4249-a094-f5376b2f999f@group-5E7A6FC8AAB0-SegmentedRaftLogWorker] WARN  segmented.SegmentedRaftLogWorker (SegmentedRaftLogWorker.java:getFromFuture(90)) - Timeout 17/~
org.apache.ratis.protocol.TimeoutIOException: Timeout 10s: WriteLog:18: (t:1, i:18), STATEMACHINELOGENTRY, client-B8915AA43604, cid=51-writeStateMachineData
	at org.apache.ratis.util.IOUtils.getFromFuture(IOUtils.java:87)
	at org.apache.ratis.server.raftlog.segmented.SegmentedRaftLogWorker$StateMachineDataPolicy.getFromFuture(SegmentedRaftLogWorker.java:87)
	at org.apache.ratis.server.raftlog.segmented.SegmentedRaftLogWorker$WriteLog.execute(SegmentedRaftLogWorker.java:477)
	at org.apache.ratis.server.raftlog.segmented.SegmentedRaftLogWorker.run(SegmentedRaftLogWorker.java:289)
	at java.lang.Thread.run(Thread.java:748)
Caused by: java.util.concurrent.TimeoutException
	at java.util.concurrent.CompletableFuture.timedGet(CompletableFuture.java:1771)
	at java.util.concurrent.CompletableFuture.get(CompletableFuture.java:1915)
	at org.apache.ratis.util.IOUtils.getFromFuture(IOUtils.java:79)
	... 4 more
2019-09-10 12:39:52,557 [org.apache.ratis.server.impl.LogAppender$AppenderDaemon$$Lambda$513/179557972@4ce60c6c] ERROR ratis.XceiverServerRatis (XceiverServerRatis.java:triggerPipelineClose(568)) - pipeline Action CLOSE  on pipeline PipelineID=b569b992-8336-41dd-80e0-5e7a6fc8aab0.Reason : 20e3e33a-5d24-4249-a094-f5376b2f999f has not seen follower/s e7ee0826-9905-44f4-ba49-d97620ca9eb2 for 181009ms e2c164e2-1dc0-4b87-8a18-d27b9a4a82f5 for 181009ms
2019-09-10 12:39:52,557 [org.apache.ratis.server.impl.LogAppender$AppenderDaemon$$Lambda$513/179557972@28dc937c] ERROR ratis.XceiverServerRatis (XceiverServerRatis.java:triggerPipelineClose(568)) - pipeline Action CLOSE  on pipeline PipelineID=b569b992-8336-41dd-80e0-5e7a6fc8aab0.Reason : 20e3e33a-5d24-4249-a094-f5376b2f999f has not seen follower/s e7ee0826-9905-44f4-ba49-d97620ca9eb2 for 181009ms e2c164e2-1dc0-4b87-8a18-d27b9a4a82f5 for 181009ms
2019-09-10 12:39:53,044 [EventQueue-PipelineActionsForPipelineActionHandler] ERROR pipeline.PipelineActionHandler (PipelineActionHandler.java:onMessage(60)) - Received pipeline action CLOSE for Pipeline[ Id: b569b992-8336-41dd-80e0-5e7a6fc8aab0, Nodes: 20e3e33a-5d24-4249-a094-f5376b2f999f{ip: 192.168.34.50, host: pr-hdds-1879-pp2l2-2511026898, networkLocation: /default-rack, certSerialId: null}e2c164e2-1dc0-4b87-8a18-d27b9a4a82f5{ip: 192.168.34.50, host: pr-hdds-1879-pp2l2-2511026898, networkLocation: /default-rack, certSerialId: null}e7ee0826-9905-44f4-ba49-d97620ca9eb2{ip: 192.168.34.50, host: pr-hdds-1879-pp2l2-2511026898, networkLocation: /default-rack, certSerialId: null}, Type:RATIS, Factor:THREE, State:CLOSED] from datanode 20e3e33a-5d24-4249-a094-f5376b2f999f{ip: 192.168.34.50, host: pr-hdds-1879-pp2l2-2511026898, networkLocation: /default-rack, certSerialId: null}. Reason : 20e3e33a-5d24-4249-a094-f5376b2f999f has not seen follower/s e7ee0826-9905-44f4-ba49-d97620ca9eb2 for 181009ms e2c164e2-1dc0-4b87-8a18-d27b9a4a82f5 for 181009ms
2019-09-10 12:39:53,044 [EventQueue-PipelineActionsForPipelineActionHandler] INFO  pipeline.SCMPipelineManager (SCMPipelineManager.java:finalizeAndDestroyPipeline(311)) - destroying pipeline:Pipeline[ Id: b569b992-8336-41dd-80e0-5e7a6fc8aab0, Nodes: 20e3e33a-5d24-4249-a094-f5376b2f999f{ip: 192.168.34.50, host: pr-hdds-1879-pp2l2-2511026898, networkLocation: /default-rack, certSerialId: null}e2c164e2-1dc0-4b87-8a18-d27b9a4a82f5{ip: 192.168.34.50, host: pr-hdds-1879-pp2l2-2511026898, networkLocation: /default-rack, certSerialId: null}e7ee0826-9905-44f4-ba49-d97620ca9eb2{ip: 192.168.34.50, host: pr-hdds-1879-pp2l2-2511026898, networkLocation: /default-rack, certSerialId: null}, Type:RATIS, Factor:THREE, State:CLOSED]
2019-09-10 12:39:53,056 [java.util.concurrent.ThreadPoolExecutor$Worker@5359d0cb[State = -1, empty queue]] WARN  server.GrpcLogAppender (GrpcLogAppender.java:timeoutAppendRequest(200)) - 20e3e33a-5d24-4249-a094-f5376b2f999f@group-5E7A6FC8AAB0->e2c164e2-1dc0-4b87-8a18-d27b9a4a82f5-GrpcLogAppender: appendEntries Timeout, request=20e3e33a-5d24-4249-a094-f5376b2f999f->e2c164e2-1dc0-4b87-8a18-d27b9a4a82f5#175-t1, previous=(t:1, i:23), leaderCommit=16, initializing? false, entries: <empty>
2019-09-10 12:39:53,056 [java.util.concurrent.ThreadPoolExecutor$Worker@5ff660fa[State = -1, empty queue]] WARN  server.GrpcLogAppender (GrpcLogAppender.java:timeoutAppendRequest(200)) - 20e3e33a-5d24-4249-a094-f5376b2f999f@group-5E7A6FC8AAB0->e7ee0826-9905-44f4-ba49-d97620ca9eb2-GrpcLogAppender: appendEntries Timeout, request=20e3e33a-5d24-4249-a094-f5376b2f999f->e7ee0826-9905-44f4-ba49-d97620ca9eb2#175-t1, previous=(t:1, i:23), leaderCommit=16, initializing? false, entries: <empty>
2019-09-10 12:39:53,511 [grpc-default-executor-3] INFO  client.GrpcClientProtocolClient (GrpcClientProtocolClient.java:onNext(264)) - client-B8915AA43604->e2c164e2-1dc0-4b87-8a18-d27b9a4a82f5: receive RaftClientReply:client-B8915AA43604->e2c164e2-1dc0-4b87-8a18-d27b9a4a82f5@group-5E7A6FC8AAB0, cid=50, FAILED org.apache.ratis.protocol.NotLeaderException: Server e2c164e2-1dc0-4b87-8a18-d27b9a4a82f5@group-5E7A6FC8AAB0 is not the leader 20e3e33a-5d24-4249-a094-f5376b2f999f:192.168.34.50:46569, logIndex=0, commits[e2c164e2-1dc0-4b87-8a18-d27b9a4a82f5:c16, e7ee0826-9905-44f4-ba49-d97620ca9eb2:c14, 20e3e33a-5d24-4249-a094-f5376b2f999f:c16]
2019-09-10 12:39:55,058 [org.apache.ratis.server.impl.LogAppender$AppenderDaemon$$Lambda$513/179557972@28dc937c] ERROR ratis.XceiverServerRatis (XceiverServerRatis.java:triggerPipelineClose(568)) - pipeline Action CLOSE  on pipeline PipelineID=b569b992-8336-41dd-80e0-5e7a6fc8aab0.Reason : 20e3e33a-5d24-4249-a094-f5376b2f999f has not seen follower/s e7ee0826-9905-44f4-ba49-d97620ca9eb2 for 183510ms e2c164e2-1dc0-4b87-8a18-d27b9a4a82f5 for 183510ms
2019-09-10 12:39:55,058 [org.apache.ratis.server.impl.LogAppender$AppenderDaemon$$Lambda$513/179557972@4ce60c6c] ERROR ratis.XceiverServerRatis (XceiverServerRatis.java:triggerPipelineClose(568)) - pipeline Action CLOSE  on pipeline PipelineID=b569b992-8336-41dd-80e0-5e7a6fc8aab0.Reason : 20e3e33a-5d24-4249-a094-f5376b2f999f has not seen follower/s e7ee0826-9905-44f4-ba49-d97620ca9eb2 for 183510ms e2c164e2-1dc0-4b87-8a18-d27b9a4a82f5 for 183510ms
2019-09-10 12:39:55,557 [java.util.concurrent.ThreadPoolExecutor$Worker@5ff660fa[State = -1, empty queue]] WARN  server.GrpcLogAppender (GrpcLogAppender.java:timeoutAppendRequest(200)) - 20e3e33a-5d24-4249-a094-f5376b2f999f@group-5E7A6FC8AAB0->e7ee0826-9905-44f4-ba49-d97620ca9eb2-GrpcLogAppender: appendEntries Timeout, request=20e3e33a-5d24-4249-a094-f5376b2f999f->e7ee0826-9905-44f4-ba49-d97620ca9eb2#176-t1, previous=(t:1, i:23), leaderCommit=16, initializing? false, entries: <empty>
2019-09-10 12:39:55,557 [java.util.concurrent.ThreadPoolExecutor$Worker@5359d0cb[State = -1, empty queue]] WARN  server.GrpcLogAppender (GrpcLogAppender.java:timeoutAppendRequest(200)) - 20e3e33a-5d24-4249-a094-f5376b2f999f@group-5E7A6FC8AAB0->e2c164e2-1dc0-4b87-8a18-d27b9a4a82f5-GrpcLogAppender: appendEntries Timeout, request=20e3e33a-5d24-4249-a094-f5376b2f999f->e2c164e2-1dc0-4b87-8a18-d27b9a4a82f5#176-t1, previous=(t:1, i:23), leaderCommit=16, initializing? false, entries: <empty>
2019-09-10 12:39:56,045 [EventQueue-PipelineActionsForPipelineActionHandler] ERROR pipeline.PipelineActionHandler (PipelineActionHandler.java:onMessage(60)) - Received pipeline action CLOSE for Pipeline[ Id: b569b992-8336-41dd-80e0-5e7a6fc8aab0, Nodes: 20e3e33a-5d24-4249-a094-f5376b2f999f{ip: 192.168.34.50, host: pr-hdds-1879-pp2l2-2511026898, networkLocation: /default-rack, certSerialId: null}e2c164e2-1dc0-4b87-8a18-d27b9a4a82f5{ip: 192.168.34.50, host: pr-hdds-1879-pp2l2-2511026898, networkLocation: /default-rack, certSerialId: null}e7ee0826-9905-44f4-ba49-d97620ca9eb2{ip: 192.168.34.50, host: pr-hdds-1879-pp2l2-2511026898, networkLocation: /default-rack, certSerialId: null}, Type:RATIS, Factor:THREE, State:CLOSED] from datanode 20e3e33a-5d24-4249-a094-f5376b2f999f{ip: 192.168.34.50, host: pr-hdds-1879-pp2l2-2511026898, networkLocation: /default-rack, certSerialId: null}. Reason : 20e3e33a-5d24-4249-a094-f5376b2f999f has not seen follower/s e7ee0826-9905-44f4-ba49-d97620ca9eb2 for 183510ms e2c164e2-1dc0-4b87-8a18-d27b9a4a82f5 for 183510ms
2019-09-10 12:39:56,045 [EventQueue-PipelineActionsForPipelineActionHandler] INFO  pipeline.SCMPipelineManager (SCMPipelineManager.java:finalizeAndDestroyPipeline(311)) - destroying pipeline:Pipeline[ Id: b569b992-8336-41dd-80e0-5e7a6fc8aab0, Nodes: 20e3e33a-5d24-4249-a094-f5376b2f999f{ip: 192.168.34.50, host: pr-hdds-1879-pp2l2-2511026898, networkLocation: /default-rack, certSerialId: null}e2c164e2-1dc0-4b87-8a18-d27b9a4a82f5{ip: 192.168.34.50, host: pr-hdds-1879-pp2l2-2511026898, networkLocation: /default-rack, certSerialId: null}e7ee0826-9905-44f4-ba49-d97620ca9eb2{ip: 192.168.34.50, host: pr-hdds-1879-pp2l2-2511026898, networkLocation: /default-rack, certSerialId: null}, Type:RATIS, Factor:THREE, State:CLOSED]
2019-09-10 12:39:57,559 [org.apache.ratis.server.impl.LogAppender$AppenderDaemon$$Lambda$513/179557972@28dc937c] ERROR ratis.XceiverServerRatis (XceiverServerRatis.java:triggerPipelineClose(568)) - pipeline Action CLOSE  on pipeline PipelineID=b569b992-8336-41dd-80e0-5e7a6fc8aab0.Reason : 20e3e33a-5d24-4249-a094-f5376b2f999f has not seen follower/s e7ee0826-9905-44f4-ba49-d97620ca9eb2 for 186011ms e2c164e2-1dc0-4b87-8a18-d27b9a4a82f5 for 186011ms
2019-09-10 12:39:57,559 [org.apache.ratis.server.impl.LogAppender$AppenderDaemon$$Lambda$513/179557972@4ce60c6c] ERROR ratis.XceiverServerRatis (XceiverServerRatis.java:triggerPipelineClose(568)) - pipeline Action CLOSE  on pipeline PipelineID=b569b992-8336-41dd-80e0-5e7a6fc8aab0.Reason : 20e3e33a-5d24-4249-a094-f5376b2f999f has not seen follower/s e7ee0826-9905-44f4-ba49-d97620ca9eb2 for 186011ms e2c164e2-1dc0-4b87-8a18-d27b9a4a82f5 for 186011ms
2019-09-10 12:39:58,035 [grpc-default-executor-3] INFO  impl.RaftServerProxy (RaftServerProxy.java:remove(95)) - 20e3e33a-5d24-4249-a094-f5376b2f999f: remove    LEADER 20e3e33a-5d24-4249-a094-f5376b2f999f@group-5E7A6FC8AAB0:t1, leader=20e3e33a-5d24-4249-a094-f5376b2f999f, voted=20e3e33a-5d24-4249-a094-f5376b2f999f, raftlog=20e3e33a-5d24-4249-a094-f5376b2f999f@group-5E7A6FC8AAB0-SegmentedRaftLog:OPENED:c16,f16,i23, conf=0: [e7ee0826-9905-44f4-ba49-d97620ca9eb2:192.168.34.50:35923, e2c164e2-1dc0-4b87-8a18-d27b9a4a82f5:192.168.34.50:35441, 20e3e33a-5d24-4249-a094-f5376b2f999f:192.168.34.50:46569], old=null RUNNING
2019-09-10 12:39:58,036 [grpc-default-executor-3] INFO  impl.RaftServerImpl (RaftServerImpl.java:lambda$shutdown$3(251)) - 20e3e33a-5d24-4249-a094-f5376b2f999f@group-5E7A6FC8AAB0: shutdown
2019-09-10 12:39:58,036 [grpc-default-executor-3] INFO  util.JmxRegister (JmxRegister.java:unregister(73)) - Successfully un-registered JMX Bean with object name Ratis:service=RaftServer,group=group-5E7A6FC8AAB0,id=20e3e33a-5d24-4249-a094-f5376b2f999f
2019-09-10 12:39:58,037 [grpc-default-executor-3] INFO  impl.RoleInfo (RoleInfo.java:shutdownLeaderState(104)) - 20e3e33a-5d24-4249-a094-f5376b2f999f: shutdown LeaderState
2019-09-10 12:39:58,042 [org.apache.ratis.server.impl.LogAppender$AppenderDaemon$$Lambda$513/179557972@4ce60c6c] WARN  server.GrpcLogAppender (GrpcLogAppender.java:mayWait(143)) - 20e3e33a-5d24-4249-a094-f5376b2f999f@group-5E7A6FC8AAB0->e7ee0826-9905-44f4-ba49-d97620ca9eb2-GrpcLogAppender: Wait interrupted by java.lang.InterruptedException
2019-09-10 12:39:58,043 [org.apache.ratis.server.impl.LogAppender$AppenderDaemon$$Lambda$513/179557972@28dc937c] WARN  server.GrpcLogAppender (GrpcLogAppender.java:mayWait(143)) - 20e3e33a-5d24-4249-a094-f5376b2f999f@group-5E7A6FC8AAB0->e2c164e2-1dc0-4b87-8a18-d27b9a4a82f5-GrpcLogAppender: Wait interrupted by java.lang.InterruptedException
2019-09-10 12:39:58,043 [grpc-default-executor-3] INFO  impl.PendingRequests (PendingRequests.java:sendNotLeaderResponses(202)) - 20e3e33a-5d24-4249-a094-f5376b2f999f-PendingRequests: sendNotLeaderResponses
2019-09-10 12:39:58,045 [grpc-default-executor-6] INFO  server.GrpcServerProtocolService (GrpcServerProtocolService.java:onCompleted(113)) - e7ee0826-9905-44f4-ba49-d97620ca9eb2: Completed APPEND_ENTRIES, lastRequest: 20e3e33a-5d24-4249-a094-f5376b2f999f->e7ee0826-9905-44f4-ba49-d97620ca9eb2#178-t1, previous=(t:1, i:23), leaderCommit=16, initializing? false, entries: <empty>
2019-09-10 12:39:58,045 [grpc-default-executor-2] INFO  server.GrpcServerProtocolService (GrpcServerProtocolService.java:onCompleted(113)) - e2c164e2-1dc0-4b87-8a18-d27b9a4a82f5: Completed APPEND_ENTRIES, lastRequest: 20e3e33a-5d24-4249-a094-f5376b2f999f->e2c164e2-1dc0-4b87-8a18-d27b9a4a82f5#178-t1, previous=(t:1, i:23), leaderCommit=16, initializing? false, entries: <empty>
2019-09-10 12:39:58,045 [grpc-default-executor-2] INFO  server.GrpcLogAppender (GrpcLogAppender.java:onCompleted(293)) - 20e3e33a-5d24-4249-a094-f5376b2f999f@group-5E7A6FC8AAB0->e7ee0826-9905-44f4-ba49-d97620ca9eb2-AppendLogResponseHandler: follower responses appendEntries COMPLETED
2019-09-10 12:39:58,046 [grpc-default-executor-6] INFO  server.GrpcLogAppender (GrpcLogAppender.java:onCompleted(293)) - 20e3e33a-5d24-4249-a094-f5376b2f999f@group-5E7A6FC8AAB0->e2c164e2-1dc0-4b87-8a18-d27b9a4a82f5-AppendLogResponseHandler: follower responses appendEntries COMPLETED
2019-09-10 12:39:58,046 [EventQueue-PipelineActionsForPipelineActionHandler] ERROR pipeline.PipelineActionHandler (PipelineActionHandler.java:onMessage(60)) - Received pipeline action CLOSE for Pipeline[ Id: b569b992-8336-41dd-80e0-5e7a6fc8aab0, Nodes: 20e3e33a-5d24-4249-a094-f5376b2f999f{ip: 192.168.34.50, host: pr-hdds-1879-pp2l2-2511026898, networkLocation: /default-rack, certSerialId: null}e2c164e2-1dc0-4b87-8a18-d27b9a4a82f5{ip: 192.168.34.50, host: pr-hdds-1879-pp2l2-2511026898, networkLocation: /default-rack, certSerialId: null}e7ee0826-9905-44f4-ba49-d97620ca9eb2{ip: 192.168.34.50, host: pr-hdds-1879-pp2l2-2511026898, networkLocation: /default-rack, certSerialId: null}, Type:RATIS, Factor:THREE, State:CLOSED] from datanode 20e3e33a-5d24-4249-a094-f5376b2f999f{ip: 192.168.34.50, host: pr-hdds-1879-pp2l2-2511026898, networkLocation: /default-rack, certSerialId: null}. Reason : 20e3e33a-5d24-4249-a094-f5376b2f999f has not seen follower/s e7ee0826-9905-44f4-ba49-d97620ca9eb2 for 186011ms e2c164e2-1dc0-4b87-8a18-d27b9a4a82f5 for 186011ms
2019-09-10 12:39:58,047 [grpc-default-executor-2] INFO  impl.FollowerInfo (FollowerInfo.java:lambda$new$0(51)) - 20e3e33a-5d24-4249-a094-f5376b2f999f@group-5E7A6FC8AAB0->e7ee0826-9905-44f4-ba49-d97620ca9eb2: nextIndex: updateUnconditionally 24 -> 17
2019-09-10 12:39:58,047 [grpc-default-executor-6] INFO  impl.FollowerInfo (FollowerInfo.java:lambda$new$0(51)) - 20e3e33a-5d24-4249-a094-f5376b2f999f@group-5E7A6FC8AAB0->e2c164e2-1dc0-4b87-8a18-d27b9a4a82f5: nextIndex: updateUnconditionally 24 -> 17
2019-09-10 12:39:58,050 [20e3e33a-5d24-4249-a094-f5376b2f999f@group-5E7A6FC8AAB0-StateMachineUpdater] INFO  ratis.ContainerStateMachine (ContainerStateMachine.java:takeSnapshot(289)) - group-5E7A6FC8AAB0: Taking a snapshot at:(t:1, i:16) file /workdir/hadoop-ozone/integration-test/target/test-dir/MiniOzoneClusterImpl-3f53151c-50d4-4b96-bcaa-ed08380fd351/datanode-6/data/ratis/b569b992-8336-41dd-80e0-5e7a6fc8aab0/sm/snapshot.1_16
2019-09-10 12:39:58,050 [grpc-default-executor-3] INFO  impl.StateMachineUpdater (StateMachineUpdater.java:stopAndJoin(125)) - 20e3e33a-5d24-4249-a094-f5376b2f999f@group-5E7A6FC8AAB0-StateMachineUpdater: set stopIndex = 16
2019-09-10 12:39:58,047 [EventQueue-PipelineActionsForPipelineActionHandler] INFO  pipeline.SCMPipelineManager (SCMPipelineManager.java:finalizeAndDestroyPipeline(311)) - destroying pipeline:Pipeline[ Id: b569b992-8336-41dd-80e0-5e7a6fc8aab0, Nodes: 20e3e33a-5d24-4249-a094-f5376b2f999f{ip: 192.168.34.50, host: pr-hdds-1879-pp2l2-2511026898, networkLocation: /default-rack, certSerialId: null}e2c164e2-1dc0-4b87-8a18-d27b9a4a82f5{ip: 192.168.34.50, host: pr-hdds-1879-pp2l2-2511026898, networkLocation: /default-rack, certSerialId: null}e7ee0826-9905-44f4-ba49-d97620ca9eb2{ip: 192.168.34.50, host: pr-hdds-1879-pp2l2-2511026898, networkLocation: /default-rack, certSerialId: null}, Type:RATIS, Factor:THREE, State:CLOSED]
2019-09-10 12:39:58,064 [20e3e33a-5d24-4249-a094-f5376b2f999f@group-5E7A6FC8AAB0-StateMachineUpdater] INFO  ratis.ContainerStateMachine (ContainerStateMachine.java:takeSnapshot(300)) - group-5E7A6FC8AAB0: Finished taking a snapshot at:(t:1, i:16) file:/workdir/hadoop-ozone/integration-test/target/test-dir/MiniOzoneClusterImpl-3f53151c-50d4-4b96-bcaa-ed08380fd351/datanode-6/data/ratis/b569b992-8336-41dd-80e0-5e7a6fc8aab0/sm/snapshot.1_16 time:14
2019-09-10 12:39:58,065 [20e3e33a-5d24-4249-a094-f5376b2f999f@group-5E7A6FC8AAB0-StateMachineUpdater] INFO  impl.StateMachineUpdater (StateMachineUpdater.java:takeSnapshot(258)) - 20e3e33a-5d24-4249-a094-f5376b2f999f@group-5E7A6FC8AAB0-StateMachineUpdater: Took a snapshot at index 16
2019-09-10 12:39:58,065 [20e3e33a-5d24-4249-a094-f5376b2f999f@group-5E7A6FC8AAB0-StateMachineUpdater] INFO  impl.StateMachineUpdater (StateMachineUpdater.java:lambda$new$0(83)) - 20e3e33a-5d24-4249-a094-f5376b2f999f@group-5E7A6FC8AAB0-StateMachineUpdater: snapshotIndex: updateIncreasingly -1 -> 16
2019-09-10 12:39:58,065 [grpc-default-executor-3] INFO  impl.RaftServerImpl (ServerState.java:close(385)) - 20e3e33a-5d24-4249-a094-f5376b2f999f@group-5E7A6FC8AAB0: closes. applyIndex: 16
2019-09-10 12:39:58,066 [Command processor thread] ERROR commandhandler.CloseContainerCommandHandler (CloseContainerCommandHandler.java:handle(125)) - Can't close container #6
java.io.IOException: org.apache.ratis.protocol.GroupMismatchException: 20e3e33a-5d24-4249-a094-f5376b2f999f: group-5E7A6FC8AAB0 not found.
	at org.apache.hadoop.ozone.container.common.transport.server.ratis.XceiverServerRatis.submitRequest(XceiverServerRatis.java:495)
	at org.apache.hadoop.ozone.container.common.statemachine.commandhandler.CloseContainerCommandHandler.handle(CloseContainerCommandHandler.java:102)
	at org.apache.hadoop.ozone.container.common.statemachine.commandhandler.CommandDispatcher.handle(CommandDispatcher.java:99)
	at org.apache.hadoop.ozone.container.common.statemachine.DatanodeStateMachine.lambda$initCommandHandlerThread$1(DatanodeStateMachine.java:432)
	at java.lang.Thread.run(Thread.java:748)
Caused by: java.util.concurrent.ExecutionException: org.apache.ratis.protocol.GroupMismatchException: 20e3e33a-5d24-4249-a094-f5376b2f999f: group-5E7A6FC8AAB0 not found.
	at java.util.concurrent.CompletableFuture.reportGet(CompletableFuture.java:357)
	at java.util.concurrent.CompletableFuture.get(CompletableFuture.java:1895)
	at org.apache.hadoop.ozone.container.common.transport.server.ratis.XceiverServerRatis.submitRequest(XceiverServerRatis.java:493)
	... 4 more
Caused by: org.apache.ratis.protocol.GroupMismatchException: 20e3e33a-5d24-4249-a094-f5376b2f999f: group-5E7A6FC8AAB0 not found.
	at org.apache.ratis.server.impl.RaftServerProxy$ImplMap.get(RaftServerProxy.java:122)
	at org.apache.ratis.server.impl.RaftServerProxy.getImplFuture(RaftServerProxy.java:269)
	at org.apache.ratis.server.impl.RaftServerProxy.submitRequest(RaftServerProxy.java:327)
	at org.apache.ratis.server.impl.RaftServerProxy.submitClientRequestAsync(RaftServerProxy.java:333)
	... 5 more
2019-09-10 12:39:58,068 [20e3e33a-5d24-4249-a094-f5376b2f999f@group-5E7A6FC8AAB0-SegmentedRaftLogWorker] ERROR ratis.XceiverServerRatis (XceiverServerRatis.java:triggerPipelineClose(568)) - pipeline Action CLOSE  on pipeline PipelineID=b569b992-8336-41dd-80e0-5e7a6fc8aab0.Reason : WriteLog:18: (t:1, i:18), STATEMACHINELOGENTRY, client-B8915AA43604, cid=51-writeStateMachineData interrupted.
2019-09-10 12:39:58,069 [EventQueue-PipelineActionsForPipelineActionHandler] ERROR pipeline.PipelineActionHandler (PipelineActionHandler.java:onMessage(60)) - Received pipeline action CLOSE for Pipeline[ Id: b569b992-8336-41dd-80e0-5e7a6fc8aab0, Nodes: 20e3e33a-5d24-4249-a094-f5376b2f999f{ip: 192.168.34.50, host: pr-hdds-1879-pp2l2-2511026898, networkLocation: /default-rack, certSerialId: null}e2c164e2-1dc0-4b87-8a18-d27b9a4a82f5{ip: 192.168.34.50, host: pr-hdds-1879-pp2l2-2511026898, networkLocation: /default-rack, certSerialId: null}e7ee0826-9905-44f4-ba49-d97620ca9eb2{ip: 192.168.34.50, host: pr-hdds-1879-pp2l2-2511026898, networkLocation: /default-rack, certSerialId: null}, Type:RATIS, Factor:THREE, State:CLOSED] from datanode 20e3e33a-5d24-4249-a094-f5376b2f999f{ip: 192.168.34.50, host: pr-hdds-1879-pp2l2-2511026898, networkLocation: /default-rack, certSerialId: null}. Reason : WriteLog:18: (t:1, i:18), STATEMACHINELOGENTRY, client-B8915AA43604, cid=51-writeStateMachineData interrupted.
2019-09-10 12:39:58,071 [EventQueue-PipelineActionsForPipelineActionHandler] INFO  pipeline.SCMPipelineManager (SCMPipelineManager.java:finalizeAndDestroyPipeline(311)) - destroying pipeline:Pipeline[ Id: b569b992-8336-41dd-80e0-5e7a6fc8aab0, Nodes: 20e3e33a-5d24-4249-a094-f5376b2f999f{ip: 192.168.34.50, host: pr-hdds-1879-pp2l2-2511026898, networkLocation: /default-rack, certSerialId: null}e2c164e2-1dc0-4b87-8a18-d27b9a4a82f5{ip: 192.168.34.50, host: pr-hdds-1879-pp2l2-2511026898, networkLocation: /default-rack, certSerialId: null}e7ee0826-9905-44f4-ba49-d97620ca9eb2{ip: 192.168.34.50, host: pr-hdds-1879-pp2l2-2511026898, networkLocation: /default-rack, certSerialId: null}, Type:RATIS, Factor:THREE, State:CLOSED]
2019-09-10 12:39:58,082 [grpc-default-executor-3] INFO  segmented.SegmentedRaftLogWorker (SegmentedRaftLogWorker.java:close(228)) - 20e3e33a-5d24-4249-a094-f5376b2f999f@group-5E7A6FC8AAB0-SegmentedRaftLogWorker close()
2019-09-10 12:39:58,087 [Command processor thread] ERROR commandhandler.CloseContainerCommandHandler (CloseContainerCommandHandler.java:handle(125)) - Can't close container #7
java.io.IOException: org.apache.ratis.protocol.GroupMismatchException: 20e3e33a-5d24-4249-a094-f5376b2f999f: group-5E7A6FC8AAB0 not found.
	at org.apache.hadoop.ozone.container.common.transport.server.ratis.XceiverServerRatis.submitRequest(XceiverServerRatis.java:495)
	at org.apache.hadoop.ozone.container.common.statemachine.commandhandler.CloseContainerCommandHandler.handle(CloseContainerCommandHandler.java:102)
	at org.apache.hadoop.ozone.container.common.statemachine.commandhandler.CommandDispatcher.handle(CommandDispatcher.java:99)
	at org.apache.hadoop.ozone.container.common.statemachine.DatanodeStateMachine.lambda$initCommandHandlerThread$1(DatanodeStateMachine.java:432)
	at java.lang.Thread.run(Thread.java:748)
Caused by: java.util.concurrent.ExecutionException: org.apache.ratis.protocol.GroupMismatchException: 20e3e33a-5d24-4249-a094-f5376b2f999f: group-5E7A6FC8AAB0 not found.
	at java.util.concurrent.CompletableFuture.reportGet(CompletableFuture.java:357)
	at java.util.concurrent.CompletableFuture.get(CompletableFuture.java:1895)
	at org.apache.hadoop.ozone.container.common.transport.server.ratis.XceiverServerRatis.submitRequest(XceiverServerRatis.java:493)
	... 4 more
Caused by: org.apache.ratis.protocol.GroupMismatchException: 20e3e33a-5d24-4249-a094-f5376b2f999f: group-5E7A6FC8AAB0 not found.
	at org.apache.ratis.server.impl.RaftServerProxy$ImplMap.get(RaftServerProxy.java:122)
	at org.apache.ratis.server.impl.RaftServerProxy.getImplFuture(RaftServerProxy.java:269)
	at org.apache.ratis.server.impl.RaftServerProxy.submitRequest(RaftServerProxy.java:327)
	at org.apache.ratis.server.impl.RaftServerProxy.submitClientRequestAsync(RaftServerProxy.java:333)
	... 5 more
2019-09-10 12:39:58,099 [grpc-default-executor-3] INFO  interfaces.Container (KeyValueContainer.java:flushAndSyncDB(384)) - Container 5 is synced with bcsId 7.
2019-09-10 12:39:58,100 [grpc-default-executor-3] INFO  interfaces.Container (KeyValueContainer.java:flushAndSyncDB(384)) - Container 5 is synced with bcsId 7.
2019-09-10 12:39:58,116 [EventQueue-IncrementalContainerReportForIncrementalContainerReportHandler] INFO  container.IncrementalContainerReportHandler (AbstractContainerReportHandler.java:updateContainerState(169)) - Moving container #5 to QUASI_CLOSED state, datanode 20e3e33a-5d24-4249-a094-f5376b2f999f{ip: 192.168.34.50, host: pr-hdds-1879-pp2l2-2511026898, networkLocation: /default-rack, certSerialId: null} reported QUASI_CLOSED replica.
2019-09-10 12:39:58,127 [grpc-default-executor-3] INFO  interfaces.Container (KeyValueContainer.java:flushAndSyncDB(384)) - Container 6 is synced with bcsId 14.
2019-09-10 12:39:58,127 [grpc-default-executor-3] INFO  interfaces.Container (KeyValueContainer.java:flushAndSyncDB(384)) - Container 6 is synced with bcsId 14.
2019-09-10 12:39:58,141 [EventQueue-IncrementalContainerReportForIncrementalContainerReportHandler] INFO  container.IncrementalContainerReportHandler (AbstractContainerReportHandler.java:updateContainerState(169)) - Moving container #6 to QUASI_CLOSED state, datanode 20e3e33a-5d24-4249-a094-f5376b2f999f{ip: 192.168.34.50, host: pr-hdds-1879-pp2l2-2511026898, networkLocation: /default-rack, certSerialId: null} reported QUASI_CLOSED replica.
2019-09-10 12:39:58,195 [grpc-default-executor-3] INFO  interfaces.Container (KeyValueContainer.java:flushAndSyncDB(384)) - Container 7 is synced with bcsId 0.
2019-09-10 12:39:58,195 [grpc-default-executor-3] INFO  interfaces.Container (KeyValueContainer.java:flushAndSyncDB(384)) - Container 7 is synced with bcsId 0.
2019-09-10 12:39:58,209 [EventQueue-IncrementalContainerReportForIncrementalContainerReportHandler] INFO  container.IncrementalContainerReportHandler (AbstractContainerReportHandler.java:updateContainerState(169)) - Moving container #7 to QUASI_CLOSED state, datanode 20e3e33a-5d24-4249-a094-f5376b2f999f{ip: 192.168.34.50, host: pr-hdds-1879-pp2l2-2511026898, networkLocation: /default-rack, certSerialId: null} reported QUASI_CLOSED replica.
2019-09-10 12:39:58,213 [grpc-default-executor-3] INFO  impl.RaftServerProxy (RaftServerProxy.java:remove(95)) - e2c164e2-1dc0-4b87-8a18-d27b9a4a82f5: remove  FOLLOWER e2c164e2-1dc0-4b87-8a18-d27b9a4a82f5@group-5E7A6FC8AAB0:t1, leader=20e3e33a-5d24-4249-a094-f5376b2f999f, voted=e2c164e2-1dc0-4b87-8a18-d27b9a4a82f5, raftlog=e2c164e2-1dc0-4b87-8a18-d27b9a4a82f5@group-5E7A6FC8AAB0-SegmentedRaftLog:OPENED:c16,f16,i23, conf=0: [e7ee0826-9905-44f4-ba49-d97620ca9eb2:192.168.34.50:35923, e2c164e2-1dc0-4b87-8a18-d27b9a4a82f5:192.168.34.50:35441, 20e3e33a-5d24-4249-a094-f5376b2f999f:192.168.34.50:46569], old=null RUNNING
2019-09-10 12:39:58,214 [grpc-default-executor-3] INFO  impl.RaftServerImpl (RaftServerImpl.java:lambda$shutdown$3(251)) - e2c164e2-1dc0-4b87-8a18-d27b9a4a82f5@group-5E7A6FC8AAB0: shutdown
2019-09-10 12:39:58,214 [grpc-default-executor-3] INFO  util.JmxRegister (JmxRegister.java:unregister(73)) - Successfully un-registered JMX Bean with object name Ratis:service=RaftServer,group=group-5E7A6FC8AAB0,id=e2c164e2-1dc0-4b87-8a18-d27b9a4a82f5
2019-09-10 12:39:58,214 [grpc-default-executor-3] INFO  impl.RoleInfo (RoleInfo.java:shutdownFollowerState(121)) - e2c164e2-1dc0-4b87-8a18-d27b9a4a82f5: shutdown FollowerState
2019-09-10 12:39:58,214 [grpc-default-executor-3] INFO  impl.StateMachineUpdater (StateMachineUpdater.java:stopAndJoin(125)) - e2c164e2-1dc0-4b87-8a18-d27b9a4a82f5@group-5E7A6FC8AAB0-StateMachineUpdater: set stopIndex = 16
2019-09-10 12:39:58,214 [Thread-332] INFO  impl.FollowerState (FollowerState.java:run(115)) - e2c164e2-1dc0-4b87-8a18-d27b9a4a82f5: FollowerState was interrupted: java.lang.InterruptedException: sleep interrupted
2019-09-10 12:39:58,214 [e2c164e2-1dc0-4b87-8a18-d27b9a4a82f5@group-5E7A6FC8AAB0-StateMachineUpdater] INFO  ratis.ContainerStateMachine (ContainerStateMachine.java:takeSnapshot(289)) - group-5E7A6FC8AAB0: Taking a snapshot at:(t:1, i:14) file /workdir/hadoop-ozone/integration-test/target/test-dir/MiniOzoneClusterImpl-3f53151c-50d4-4b96-bcaa-ed08380fd351/datanode-4/data/ratis/b569b992-8336-41dd-80e0-5e7a6fc8aab0/sm/snapshot.1_14
2019-09-10 12:39:58,219 [e2c164e2-1dc0-4b87-8a18-d27b9a4a82f5@group-5E7A6FC8AAB0-StateMachineUpdater] INFO  ratis.ContainerStateMachine (ContainerStateMachine.java:takeSnapshot(300)) - group-5E7A6FC8AAB0: Finished taking a snapshot at:(t:1, i:14) file:/workdir/hadoop-ozone/integration-test/target/test-dir/MiniOzoneClusterImpl-3f53151c-50d4-4b96-bcaa-ed08380fd351/datanode-4/data/ratis/b569b992-8336-41dd-80e0-5e7a6fc8aab0/sm/snapshot.1_14 time:4
2019-09-10 12:39:58,219 [e2c164e2-1dc0-4b87-8a18-d27b9a4a82f5@group-5E7A6FC8AAB0-StateMachineUpdater] INFO  impl.StateMachineUpdater (StateMachineUpdater.java:takeSnapshot(258)) - e2c164e2-1dc0-4b87-8a18-d27b9a4a82f5@group-5E7A6FC8AAB0-StateMachineUpdater: Took a snapshot at index 14
2019-09-10 12:39:58,219 [e2c164e2-1dc0-4b87-8a18-d27b9a4a82f5@group-5E7A6FC8AAB0-StateMachineUpdater] INFO  impl.StateMachineUpdater (StateMachineUpdater.java:lambda$new$0(83)) - e2c164e2-1dc0-4b87-8a18-d27b9a4a82f5@group-5E7A6FC8AAB0-StateMachineUpdater: snapshotIndex: updateIncreasingly -1 -> 14
2019-09-10 12:39:58,219 [e2c164e2-1dc0-4b87-8a18-d27b9a4a82f5@group-5E7A6FC8AAB0-StateMachineUpdater] INFO  ratis.ContainerStateMachine (ContainerStateMachine.java:takeSnapshot(289)) - group-5E7A6FC8AAB0: Taking a snapshot at:(t:1, i:14) file /workdir/hadoop-ozone/integration-test/target/test-dir/MiniOzoneClusterImpl-3f53151c-50d4-4b96-bcaa-ed08380fd351/datanode-4/data/ratis/b569b992-8336-41dd-80e0-5e7a6fc8aab0/sm/snapshot.1_14
2019-09-10 12:39:58,230 [e2c164e2-1dc0-4b87-8a18-d27b9a4a82f5@group-5E7A6FC8AAB0-StateMachineUpdater] INFO  ratis.ContainerStateMachine (ContainerStateMachine.java:takeSnapshot(300)) - group-5E7A6FC8AAB0: Finished taking a snapshot at:(t:1, i:14) file:/workdir/hadoop-ozone/integration-test/target/test-dir/MiniOzoneClusterImpl-3f53151c-50d4-4b96-bcaa-ed08380fd351/datanode-4/data/ratis/b569b992-8336-41dd-80e0-5e7a6fc8aab0/sm/snapshot.1_14 time:10
2019-09-10 12:39:58,230 [e2c164e2-1dc0-4b87-8a18-d27b9a4a82f5@group-5E7A6FC8AAB0-StateMachineUpdater] INFO  impl.StateMachineUpdater (StateMachineUpdater.java:takeSnapshot(258)) - e2c164e2-1dc0-4b87-8a18-d27b9a4a82f5@group-5E7A6FC8AAB0-StateMachineUpdater: Took a snapshot at index 14
2019-09-10 12:39:58,230 [e2c164e2-1dc0-4b87-8a18-d27b9a4a82f5@group-5E7A6FC8AAB0-StateMachineUpdater] INFO  impl.StateMachineUpdater (StateMachineUpdater.java:lambda$new$0(83)) - e2c164e2-1dc0-4b87-8a18-d27b9a4a82f5@group-5E7A6FC8AAB0-StateMachineUpdater: snapshotIndex: updateIncreasingly 14 -> 14
2019-09-10 12:39:58,231 [grpc-default-executor-3] INFO  impl.RaftServerImpl (ServerState.java:close(385)) - e2c164e2-1dc0-4b87-8a18-d27b9a4a82f5@group-5E7A6FC8AAB0: closes. applyIndex: 16
2019-09-10 12:39:58,236 [e2c164e2-1dc0-4b87-8a18-d27b9a4a82f5@group-5E7A6FC8AAB0-SegmentedRaftLogWorker] ERROR ratis.XceiverServerRatis (XceiverServerRatis.java:triggerPipelineClose(568)) - pipeline Action CLOSE  on pipeline PipelineID=b569b992-8336-41dd-80e0-5e7a6fc8aab0.Reason : WriteLog:17: (t:1, i:17), STATEMACHINELOGENTRY, client-B8915AA43604, cid=50-writeStateMachineData interrupted.
2019-09-10 12:39:58,238 [grpc-default-executor-3] INFO  segmented.SegmentedRaftLogWorker (SegmentedRaftLogWorker.java:close(228)) - e2c164e2-1dc0-4b87-8a18-d27b9a4a82f5@group-5E7A6FC8AAB0-SegmentedRaftLogWorker close()
2019-09-10 12:39:58,238 [EventQueue-PipelineActionsForPipelineActionHandler] ERROR pipeline.PipelineActionHandler (PipelineActionHandler.java:onMessage(60)) - Received pipeline action CLOSE for Pipeline[ Id: b569b992-8336-41dd-80e0-5e7a6fc8aab0, Nodes: 20e3e33a-5d24-4249-a094-f5376b2f999f{ip: 192.168.34.50, host: pr-hdds-1879-pp2l2-2511026898, networkLocation: /default-rack, certSerialId: null}e2c164e2-1dc0-4b87-8a18-d27b9a4a82f5{ip: 192.168.34.50, host: pr-hdds-1879-pp2l2-2511026898, networkLocation: /default-rack, certSerialId: null}e7ee0826-9905-44f4-ba49-d97620ca9eb2{ip: 192.168.34.50, host: pr-hdds-1879-pp2l2-2511026898, networkLocation: /default-rack, certSerialId: null}, Type:RATIS, Factor:THREE, State:CLOSED] from datanode e2c164e2-1dc0-4b87-8a18-d27b9a4a82f5{ip: 192.168.34.50, host: pr-hdds-1879-pp2l2-2511026898, networkLocation: /default-rack, certSerialId: null}. Reason : WriteLog:17: (t:1, i:17), STATEMACHINELOGENTRY, client-B8915AA43604, cid=50-writeStateMachineData interrupted.
2019-09-10 12:39:58,241 [EventQueue-PipelineActionsForPipelineActionHandler] INFO  pipeline.SCMPipelineManager (SCMPipelineManager.java:finalizeAndDestroyPipeline(311)) - destroying pipeline:Pipeline[ Id: b569b992-8336-41dd-80e0-5e7a6fc8aab0, Nodes: 20e3e33a-5d24-4249-a094-f5376b2f999f{ip: 192.168.34.50, host: pr-hdds-1879-pp2l2-2511026898, networkLocation: /default-rack, certSerialId: null}e2c164e2-1dc0-4b87-8a18-d27b9a4a82f5{ip: 192.168.34.50, host: pr-hdds-1879-pp2l2-2511026898, networkLocation: /default-rack, certSerialId: null}e7ee0826-9905-44f4-ba49-d97620ca9eb2{ip: 192.168.34.50, host: pr-hdds-1879-pp2l2-2511026898, networkLocation: /default-rack, certSerialId: null}, Type:RATIS, Factor:THREE, State:CLOSED]
2019-09-10 12:39:58,252 [grpc-default-executor-3] INFO  interfaces.Container (KeyValueContainer.java:flushAndSyncDB(384)) - Container 5 is synced with bcsId 7.
2019-09-10 12:39:58,252 [grpc-default-executor-3] INFO  interfaces.Container (KeyValueContainer.java:flushAndSyncDB(384)) - Container 5 is synced with bcsId 7.
2019-09-10 12:39:58,267 [grpc-default-executor-3] INFO  interfaces.Container (KeyValueContainer.java:flushAndSyncDB(384)) - Container 6 is synced with bcsId 14.
2019-09-10 12:39:58,267 [grpc-default-executor-3] INFO  interfaces.Container (KeyValueContainer.java:flushAndSyncDB(384)) - Container 6 is synced with bcsId 14.
2019-09-10 12:39:58,341 [grpc-default-executor-3] INFO  interfaces.Container (KeyValueContainer.java:flushAndSyncDB(384)) - Container 7 is synced with bcsId 0.
2019-09-10 12:39:58,342 [grpc-default-executor-3] INFO  interfaces.Container (KeyValueContainer.java:flushAndSyncDB(384)) - Container 7 is synced with bcsId 0.
2019-09-10 12:39:58,358 [grpc-default-executor-3] INFO  impl.RaftServerProxy (RaftServerProxy.java:remove(95)) - e7ee0826-9905-44f4-ba49-d97620ca9eb2: remove  FOLLOWER e7ee0826-9905-44f4-ba49-d97620ca9eb2@group-5E7A6FC8AAB0:t1, leader=20e3e33a-5d24-4249-a094-f5376b2f999f, voted=20e3e33a-5d24-4249-a094-f5376b2f999f, raftlog=e7ee0826-9905-44f4-ba49-d97620ca9eb2@group-5E7A6FC8AAB0-SegmentedRaftLog:OPENED:c16,f16,i23, conf=0: [e7ee0826-9905-44f4-ba49-d97620ca9eb2:192.168.34.50:35923, e2c164e2-1dc0-4b87-8a18-d27b9a4a82f5:192.168.34.50:35441, 20e3e33a-5d24-4249-a094-f5376b2f999f:192.168.34.50:46569], old=null RUNNING
2019-09-10 12:39:58,358 [grpc-default-executor-3] INFO  impl.RaftServerImpl (RaftServerImpl.java:lambda$shutdown$3(251)) - e7ee0826-9905-44f4-ba49-d97620ca9eb2@group-5E7A6FC8AAB0: shutdown
2019-09-10 12:39:58,358 [grpc-default-executor-3] INFO  util.JmxRegister (JmxRegister.java:unregister(73)) - Successfully un-registered JMX Bean with object name Ratis:service=RaftServer,group=group-5E7A6FC8AAB0,id=e7ee0826-9905-44f4-ba49-d97620ca9eb2
2019-09-10 12:39:58,358 [grpc-default-executor-3] INFO  impl.RoleInfo (RoleInfo.java:shutdownFollowerState(121)) - e7ee0826-9905-44f4-ba49-d97620ca9eb2: shutdown FollowerState
2019-09-10 12:39:58,358 [grpc-default-executor-3] INFO  impl.StateMachineUpdater (StateMachineUpdater.java:stopAndJoin(125)) - e7ee0826-9905-44f4-ba49-d97620ca9eb2@group-5E7A6FC8AAB0-StateMachineUpdater: set stopIndex = 16
2019-09-10 12:39:58,358 [Thread-322] INFO  impl.FollowerState (FollowerState.java:run(115)) - e7ee0826-9905-44f4-ba49-d97620ca9eb2: FollowerState was interrupted: java.lang.InterruptedException: sleep interrupted
2019-09-10 12:39:58,358 [e7ee0826-9905-44f4-ba49-d97620ca9eb2@group-5E7A6FC8AAB0-StateMachineUpdater] INFO  ratis.ContainerStateMachine (ContainerStateMachine.java:takeSnapshot(289)) - group-5E7A6FC8AAB0: Taking a snapshot at:(t:1, i:14) file /workdir/hadoop-ozone/integration-test/target/test-dir/MiniOzoneClusterImpl-3f53151c-50d4-4b96-bcaa-ed08380fd351/datanode-5/data/ratis/b569b992-8336-41dd-80e0-5e7a6fc8aab0/sm/snapshot.1_14
2019-09-10 12:39:58,372 [e7ee0826-9905-44f4-ba49-d97620ca9eb2@group-5E7A6FC8AAB0-StateMachineUpdater] INFO  ratis.ContainerStateMachine (ContainerStateMachine.java:takeSnapshot(300)) - group-5E7A6FC8AAB0: Finished taking a snapshot at:(t:1, i:14) file:/workdir/hadoop-ozone/integration-test/target/test-dir/MiniOzoneClusterImpl-3f53151c-50d4-4b96-bcaa-ed08380fd351/datanode-5/data/ratis/b569b992-8336-41dd-80e0-5e7a6fc8aab0/sm/snapshot.1_14 time:13
2019-09-10 12:39:58,372 [e7ee0826-9905-44f4-ba49-d97620ca9eb2@group-5E7A6FC8AAB0-StateMachineUpdater] INFO  impl.StateMachineUpdater (StateMachineUpdater.java:takeSnapshot(258)) - e7ee0826-9905-44f4-ba49-d97620ca9eb2@group-5E7A6FC8AAB0-StateMachineUpdater: Took a snapshot at index 14
2019-09-10 12:39:58,372 [e7ee0826-9905-44f4-ba49-d97620ca9eb2@group-5E7A6FC8AAB0-StateMachineUpdater] INFO  impl.StateMachineUpdater (StateMachineUpdater.java:lambda$new$0(83)) - e7ee0826-9905-44f4-ba49-d97620ca9eb2@group-5E7A6FC8AAB0-StateMachineUpdater: snapshotIndex: updateIncreasingly -1 -> 14
2019-09-10 12:39:58,372 [e7ee0826-9905-44f4-ba49-d97620ca9eb2@group-5E7A6FC8AAB0-StateMachineUpdater] INFO  ratis.ContainerStateMachine (ContainerStateMachine.java:takeSnapshot(289)) - group-5E7A6FC8AAB0: Taking a snapshot at:(t:1, i:14) file /workdir/hadoop-ozone/integration-test/target/test-dir/MiniOzoneClusterImpl-3f53151c-50d4-4b96-bcaa-ed08380fd351/datanode-5/data/ratis/b569b992-8336-41dd-80e0-5e7a6fc8aab0/sm/snapshot.1_14
2019-09-10 12:39:58,384 [e7ee0826-9905-44f4-ba49-d97620ca9eb2@group-5E7A6FC8AAB0-StateMachineUpdater] INFO  ratis.ContainerStateMachine (ContainerStateMachine.java:takeSnapshot(300)) - group-5E7A6FC8AAB0: Finished taking a snapshot at:(t:1, i:14) file:/workdir/hadoop-ozone/integration-test/target/test-dir/MiniOzoneClusterImpl-3f53151c-50d4-4b96-bcaa-ed08380fd351/datanode-5/data/ratis/b569b992-8336-41dd-80e0-5e7a6fc8aab0/sm/snapshot.1_14 time:13
2019-09-10 12:39:58,385 [e7ee0826-9905-44f4-ba49-d97620ca9eb2@group-5E7A6FC8AAB0-StateMachineUpdater] INFO  impl.StateMachineUpdater (StateMachineUpdater.java:takeSnapshot(258)) - e7ee0826-9905-44f4-ba49-d97620ca9eb2@group-5E7A6FC8AAB0-StateMachineUpdater: Took a snapshot at index 14
2019-09-10 12:39:58,385 [e7ee0826-9905-44f4-ba49-d97620ca9eb2@group-5E7A6FC8AAB0-StateMachineUpdater] INFO  impl.StateMachineUpdater (StateMachineUpdater.java:lambda$new$0(83)) - e7ee0826-9905-44f4-ba49-d97620ca9eb2@group-5E7A6FC8AAB0-StateMachineUpdater: snapshotIndex: updateIncreasingly 14 -> 14
2019-09-10 12:39:58,385 [grpc-default-executor-3] INFO  impl.RaftServerImpl (ServerState.java:close(385)) - e7ee0826-9905-44f4-ba49-d97620ca9eb2@group-5E7A6FC8AAB0: closes. applyIndex: 16
2019-09-10 12:39:58,388 [e7ee0826-9905-44f4-ba49-d97620ca9eb2@group-5E7A6FC8AAB0-SegmentedRaftLogWorker] ERROR ratis.XceiverServerRatis (XceiverServerRatis.java:triggerPipelineClose(568)) - pipeline Action CLOSE  on pipeline PipelineID=b569b992-8336-41dd-80e0-5e7a6fc8aab0.Reason : WriteLog:17: (t:1, i:17), STATEMACHINELOGENTRY, client-B8915AA43604, cid=50-writeStateMachineData interrupted.
2019-09-10 12:39:58,391 [grpc-default-executor-3] INFO  segmented.SegmentedRaftLogWorker (SegmentedRaftLogWorker.java:close(228)) - e7ee0826-9905-44f4-ba49-d97620ca9eb2@group-5E7A6FC8AAB0-SegmentedRaftLogWorker close()
2019-09-10 12:39:58,395 [EventQueue-PipelineActionsForPipelineActionHandler] ERROR pipeline.PipelineActionHandler (PipelineActionHandler.java:onMessage(60)) - Received pipeline action CLOSE for Pipeline[ Id: b569b992-8336-41dd-80e0-5e7a6fc8aab0, Nodes: 20e3e33a-5d24-4249-a094-f5376b2f999f{ip: 192.168.34.50, host: pr-hdds-1879-pp2l2-2511026898, networkLocation: /default-rack, certSerialId: null}e2c164e2-1dc0-4b87-8a18-d27b9a4a82f5{ip: 192.168.34.50, host: pr-hdds-1879-pp2l2-2511026898, networkLocation: /default-rack, certSerialId: null}e7ee0826-9905-44f4-ba49-d97620ca9eb2{ip: 192.168.34.50, host: pr-hdds-1879-pp2l2-2511026898, networkLocation: /default-rack, certSerialId: null}, Type:RATIS, Factor:THREE, State:CLOSED] from datanode e7ee0826-9905-44f4-ba49-d97620ca9eb2{ip: 192.168.34.50, host: pr-hdds-1879-pp2l2-2511026898, networkLocation: /default-rack, certSerialId: null}. Reason : WriteLog:17: (t:1, i:17), STATEMACHINELOGENTRY, client-B8915AA43604, cid=50-writeStateMachineData interrupted.
2019-09-10 12:39:58,396 [EventQueue-PipelineActionsForPipelineActionHandler] INFO  pipeline.SCMPipelineManager (SCMPipelineManager.java:finalizeAndDestroyPipeline(311)) - destroying pipeline:Pipeline[ Id: b569b992-8336-41dd-80e0-5e7a6fc8aab0, Nodes: 20e3e33a-5d24-4249-a094-f5376b2f999f{ip: 192.168.34.50, host: pr-hdds-1879-pp2l2-2511026898, networkLocation: /default-rack, certSerialId: null}e2c164e2-1dc0-4b87-8a18-d27b9a4a82f5{ip: 192.168.34.50, host: pr-hdds-1879-pp2l2-2511026898, networkLocation: /default-rack, certSerialId: null}e7ee0826-9905-44f4-ba49-d97620ca9eb2{ip: 192.168.34.50, host: pr-hdds-1879-pp2l2-2511026898, networkLocation: /default-rack, certSerialId: null}, Type:RATIS, Factor:THREE, State:CLOSED]
2019-09-10 12:39:58,408 [grpc-default-executor-3] INFO  interfaces.Container (KeyValueContainer.java:flushAndSyncDB(384)) - Container 5 is synced with bcsId 7.
2019-09-10 12:39:58,408 [grpc-default-executor-3] INFO  interfaces.Container (KeyValueContainer.java:flushAndSyncDB(384)) - Container 5 is synced with bcsId 7.
2019-09-10 12:39:58,423 [grpc-default-executor-3] INFO  interfaces.Container (KeyValueContainer.java:flushAndSyncDB(384)) - Container 6 is synced with bcsId 14.
2019-09-10 12:39:58,423 [grpc-default-executor-3] INFO  interfaces.Container (KeyValueContainer.java:flushAndSyncDB(384)) - Container 6 is synced with bcsId 14.
2019-09-10 12:39:58,491 [grpc-default-executor-3] INFO  interfaces.Container (KeyValueContainer.java:flushAndSyncDB(384)) - Container 7 is synced with bcsId 0.
2019-09-10 12:39:58,492 [grpc-default-executor-3] INFO  interfaces.Container (KeyValueContainer.java:flushAndSyncDB(384)) - Container 7 is synced with bcsId 0.
2019-09-10 12:39:58,508 [RatisPipelineUtilsThread] INFO  pipeline.PipelineStateManager (PipelineStateManager.java:removePipeline(108)) - Pipeline Pipeline[ Id: b569b992-8336-41dd-80e0-5e7a6fc8aab0, Nodes: 20e3e33a-5d24-4249-a094-f5376b2f999f{ip: 192.168.34.50, host: pr-hdds-1879-pp2l2-2511026898, networkLocation: /default-rack, certSerialId: null}e2c164e2-1dc0-4b87-8a18-d27b9a4a82f5{ip: 192.168.34.50, host: pr-hdds-1879-pp2l2-2511026898, networkLocation: /default-rack, certSerialId: null}e7ee0826-9905-44f4-ba49-d97620ca9eb2{ip: 192.168.34.50, host: pr-hdds-1879-pp2l2-2511026898, networkLocation: /default-rack, certSerialId: null}, Type:RATIS, Factor:THREE, State:CLOSED] removed from db
2019-09-10 12:39:58,574 [main] WARN  io.KeyOutputStream (KeyOutputStream.java:handleException(276)) - Encountered exception java.io.IOException: Unexpected Storage Container Exception: java.util.concurrent.CompletionException: java.util.concurrent.CompletionException: org.apache.ratis.protocol.GroupMismatchException: e2c164e2-1dc0-4b87-8a18-d27b9a4a82f5: group-5E7A6FC8AAB0 not found. on the pipeline Pipeline[ Id: b569b992-8336-41dd-80e0-5e7a6fc8aab0, Nodes: 20e3e33a-5d24-4249-a094-f5376b2f999f{ip: 192.168.34.50, host: pr-hdds-1879-pp2l2-2511026898, networkLocation: /default-rack, certSerialId: null}e2c164e2-1dc0-4b87-8a18-d27b9a4a82f5{ip: 192.168.34.50, host: pr-hdds-1879-pp2l2-2511026898, networkLocation: /default-rack, certSerialId: null}e7ee0826-9905-44f4-ba49-d97620ca9eb2{ip: 192.168.34.50, host: pr-hdds-1879-pp2l2-2511026898, networkLocation: /default-rack, certSerialId: null}, Type:RATIS, Factor:THREE, State:OPEN]. The last committed block length is 0, uncommitted data length is 400 retry count 0
2019-09-10 12:39:58,612 [grpc-default-executor-3] INFO  client.GrpcClientProtocolClient (GrpcClientProtocolClient.java:onNext(264)) - client-8350AFD06CD4->20e3e33a-5d24-4249-a094-f5376b2f999f: receive RaftClientReply:client-8350AFD06CD4->20e3e33a-5d24-4249-a094-f5376b2f999f@group-EED21490C849, cid=140, FAILED org.apache.ratis.protocol.NotLeaderException: Server 20e3e33a-5d24-4249-a094-f5376b2f999f@group-EED21490C849 is not the leader e2c164e2-1dc0-4b87-8a18-d27b9a4a82f5:192.168.34.50:35441, logIndex=0, commits[20e3e33a-5d24-4249-a094-f5376b2f999f:c0, e7ee0826-9905-44f4-ba49-d97620ca9eb2:c0, e2c164e2-1dc0-4b87-8a18-d27b9a4a82f5:c0]
2019-09-10 12:39:58,739 [grpc-default-executor-2] INFO  client.GrpcClientProtocolClient (GrpcClientProtocolClient.java:onNext(264)) - client-8350AFD06CD4->e2c164e2-1dc0-4b87-8a18-d27b9a4a82f5: receive RaftClientReply:client-8350AFD06CD4->e2c164e2-1dc0-4b87-8a18-d27b9a4a82f5@group-EED21490C849, cid=140, SUCCESS, logIndex=1, commits[e2c164e2-1dc0-4b87-8a18-d27b9a4a82f5:c1, e7ee0826-9905-44f4-ba49-d97620ca9eb2:c0, 20e3e33a-5d24-4249-a094-f5376b2f999f:c0]
2019-09-10 12:39:58,767 [grpc-default-executor-6] INFO  client.GrpcClientProtocolClient (GrpcClientProtocolClient.java:onNext(264)) - client-8350AFD06CD4->e2c164e2-1dc0-4b87-8a18-d27b9a4a82f5: receive RaftClientReply:client-8350AFD06CD4->e2c164e2-1dc0-4b87-8a18-d27b9a4a82f5@group-EED21490C849, cid=141, SUCCESS, logIndex=3, commits[e2c164e2-1dc0-4b87-8a18-d27b9a4a82f5:c4, e7ee0826-9905-44f4-ba49-d97620ca9eb2:c1, 20e3e33a-5d24-4249-a094-f5376b2f999f:c1]
2019-09-10 12:39:58,806 [grpc-default-executor-6] INFO  client.GrpcClientProtocolClient (GrpcClientProtocolClient.java:onNext(264)) - client-8350AFD06CD4->e2c164e2-1dc0-4b87-8a18-d27b9a4a82f5: receive RaftClientReply:client-8350AFD06CD4->e2c164e2-1dc0-4b87-8a18-d27b9a4a82f5@group-EED21490C849, cid=142, SUCCESS, logIndex=4, commits[e2c164e2-1dc0-4b87-8a18-d27b9a4a82f5:c11, e7ee0826-9905-44f4-ba49-d97620ca9eb2:c7, 20e3e33a-5d24-4249-a094-f5376b2f999f:c7]
2019-09-10 12:39:58,807 [grpc-default-executor-6] INFO  client.GrpcClientProtocolClient (GrpcClientProtocolClient.java:onNext(264)) - client-8350AFD06CD4->e2c164e2-1dc0-4b87-8a18-d27b9a4a82f5: receive RaftClientReply:client-8350AFD06CD4->e2c164e2-1dc0-4b87-8a18-d27b9a4a82f5@group-EED21490C849, cid=143, SUCCESS, logIndex=5, commits[e2c164e2-1dc0-4b87-8a18-d27b9a4a82f5:c11, e7ee0826-9905-44f4-ba49-d97620ca9eb2:c7, 20e3e33a-5d24-4249-a094-f5376b2f999f:c7]
2019-09-10 12:39:58,808 [grpc-default-executor-6] INFO  client.GrpcClientProtocolClient (GrpcClientProtocolClient.java:onNext(264)) - client-8350AFD06CD4->e2c164e2-1dc0-4b87-8a18-d27b9a4a82f5: receive RaftClientReply:client-8350AFD06CD4->e2c164e2-1dc0-4b87-8a18-d27b9a4a82f5@group-EED21490C849, cid=144, SUCCESS, logIndex=6, commits[e2c164e2-1dc0-4b87-8a18-d27b9a4a82f5:c11, e7ee0826-9905-44f4-ba49-d97620ca9eb2:c7, 20e3e33a-5d24-4249-a094-f5376b2f999f:c7]
2019-09-10 12:39:58,879 [grpc-default-executor-6] INFO  client.GrpcClientProtocolClient (GrpcClientProtocolClient.java:onNext(264)) - client-8350AFD06CD4->e2c164e2-1dc0-4b87-8a18-d27b9a4a82f5: receive RaftClientReply:client-8350AFD06CD4->e2c164e2-1dc0-4b87-8a18-d27b9a4a82f5@group-EED21490C849, cid=145, SUCCESS, logIndex=7, commits[e2c164e2-1dc0-4b87-8a18-d27b9a4a82f5:c11, e7ee0826-9905-44f4-ba49-d97620ca9eb2:c7, 20e3e33a-5d24-4249-a094-f5376b2f999f:c7]
]]></system-out>
  </testcase>
</testsuite>