<?xml version="1.0" encoding="UTF-8"?>
<testsuite xmlns:xsi="http://www.w3.org/2001/XMLSchema-instance" xsi:noNamespaceSchemaLocation="https://maven.apache.org/surefire/maven-surefire-plugin/xsd/surefire-test-report.xsd" name="org.apache.hadoop.ozone.client.rpc.TestMultiBlockWritesWithDnFailures" time="154.558" tests="2" errors="1" skipped="0" failures="0">
  <properties>
    <property name="awt.toolkit" value="sun.awt.X11.XToolkit"/>
    <property name="file.encoding.pkg" value="sun.io"/>
    <property name="java.specification.version" value="1.8"/>
    <property name="sun.cpu.isalist" value=""/>
    <property name="sun.jnu.encoding" value="UTF-8"/>
    <property name="java.class.path" value="/workdir/hadoop-ozone/integration-test/target/test-classes:/workdir/hadoop-ozone/integration-test/target/classes:/home/user/.m2/repository/org/apache/hadoop/hadoop-ozone-common/0.5.0-SNAPSHOT/hadoop-ozone-common-0.5.0-SNAPSHOT.jar:/home/user/.m2/repository/org/apache/commons/commons-compress/1.4.1/commons-compress-1.4.1.jar:/home/user/.m2/repository/org/tukaani/xz/1.0/xz-1.0.jar:/home/user/.m2/repository/org/apache/hadoop/hadoop-common/3.2.0/hadoop-common-3.2.0.jar:/home/user/.m2/repository/org/apache/hadoop/hadoop-hdfs/3.2.0/hadoop-hdfs-3.2.0.jar:/home/user/.m2/repository/org/apache/hadoop/hadoop-hdfs-client/3.2.0/hadoop-hdfs-client-3.2.0.jar:/home/user/.m2/repository/com/fasterxml/jackson/core/jackson-annotations/2.9.5/jackson-annotations-2.9.5.jar:/home/user/.m2/repository/org/apache/hadoop/hadoop-hdds-common/0.5.0-SNAPSHOT/hadoop-hdds-common-0.5.0-SNAPSHOT.jar:/home/user/.m2/repository/javax/annotation/javax.annotation-api/1.2/javax.annotation-api-1.2.jar:/home/user/.m2/repository/org/apache/ratis/ratis-server/0.4.0-78e95b9-SNAPSHOT/ratis-server-0.4.0-78e95b9-SNAPSHOT.jar:/home/user/.m2/repository/org/apache/ratis/ratis-thirdparty-misc/0.2.0/ratis-thirdparty-misc-0.2.0.jar:/home/user/.m2/repository/org/apache/ratis/ratis-proto/0.4.0-78e95b9-SNAPSHOT/ratis-proto-0.4.0-78e95b9-SNAPSHOT.jar:/home/user/.m2/repository/org/apache/ratis/ratis-common/0.4.0-78e95b9-SNAPSHOT/ratis-common-0.4.0-78e95b9-SNAPSHOT.jar:/home/user/.m2/repository/org/apache/ratis/ratis-client/0.4.0-78e95b9-SNAPSHOT/ratis-client-0.4.0-78e95b9-SNAPSHOT.jar:/home/user/.m2/repository/org/apache/ratis/ratis-metrics/0.4.0-78e95b9-SNAPSHOT/ratis-metrics-0.4.0-78e95b9-SNAPSHOT.jar:/home/user/.m2/repository/com/github/joshelser/dropwizard-metrics-hadoop-metrics2-reporter/0.1.2/dropwizard-metrics-hadoop-metrics2-reporter-0.1.2.jar:/home/user/.m2/repository/io/dropwizard/metrics/metrics-jvm/3.2.5/metrics-jvm-3.2.5.jar:/home/user/.m2/repository/io/dropwizard/metrics/metrics-ganglia/3.2.5/metrics-ganglia-3.2.5.jar:/home/user/.m2/repository/info/ganglia/gmetric4j/gmetric4j/1.0.7/gmetric4j-1.0.7.jar:/home/user/.m2/repository/org/apache/ratis/ratis-netty/0.4.0-78e95b9-SNAPSHOT/ratis-netty-0.4.0-78e95b9-SNAPSHOT.jar:/home/user/.m2/repository/org/apache/ratis/ratis-grpc/0.4.0-78e95b9-SNAPSHOT/ratis-grpc-0.4.0-78e95b9-SNAPSHOT.jar:/home/user/.m2/repository/org/rocksdb/rocksdbjni/6.0.1/rocksdbjni-6.0.1.jar:/home/user/.m2/repository/org/apache/logging/log4j/log4j-api/2.11.0/log4j-api-2.11.0.jar:/home/user/.m2/repository/org/apache/logging/log4j/log4j-core/2.11.0/log4j-core-2.11.0.jar:/home/user/.m2/repository/com/lmax/disruptor/3.4.2/disruptor-3.4.2.jar:/home/user/.m2/repository/org/apache/commons/commons-pool2/2.6.0/commons-pool2-2.6.0.jar:/home/user/.m2/repository/org/bouncycastle/bcpkix-jdk15on/1.60/bcpkix-jdk15on-1.60.jar:/home/user/.m2/repository/commons-validator/commons-validator/1.6/commons-validator-1.6.jar:/home/user/.m2/repository/commons-digester/commons-digester/1.8.1/commons-digester-1.8.1.jar:/home/user/.m2/repository/io/jaegertracing/jaeger-client/0.33.1/jaeger-client-0.33.1.jar:/home/user/.m2/repository/io/jaegertracing/jaeger-thrift/0.33.1/jaeger-thrift-0.33.1.jar:/home/user/.m2/repository/org/apache/thrift/libthrift/0.11.0/libthrift-0.11.0.jar:/home/user/.m2/repository/com/squareup/okhttp3/okhttp/3.9.0/okhttp-3.9.0.jar:/home/user/.m2/repository/com/squareup/okio/okio/1.13.0/okio-1.13.0.jar:/home/user/.m2/repository/io/jaegertracing/jaeger-core/0.33.1/jaeger-core-0.33.1.jar:/home/user/.m2/repository/io/jaegertracing/jaeger-tracerresolver/0.33.1/jaeger-tracerresolver-0.33.1.jar:/home/user/.m2/repository/io/opentracing/contrib/opentracing-tracerresolver/0.1.5/opentracing-tracerresolver-0.1.5.jar:/home/user/.m2/repository/io/opentracing/opentracing-util/0.31.0/opentracing-util-0.31.0.jar:/home/user/.m2/repository/io/opentracing/opentracing-api/0.31.0/opentracing-api-0.31.0.jar:/home/user/.m2/repository/io/opentracing/opentracing-noop/0.31.0/opentracing-noop-0.31.0.jar:/home/user/.m2/repository/org/apache/hadoop/hadoop-hdds-server-framework/0.5.0-SNAPSHOT/hadoop-hdds-server-framework-0.5.0-SNAPSHOT.jar:/home/user/.m2/repository/org/apache/hadoop/hadoop-hdds-container-service/0.5.0-SNAPSHOT/hadoop-hdds-container-service-0.5.0-SNAPSHOT.jar:/home/user/.m2/repository/org/apache/hadoop/hadoop-hdds-client/0.5.0-SNAPSHOT/hadoop-hdds-client-0.5.0-SNAPSHOT.jar:/home/user/.m2/repository/org/apache/hadoop/hadoop-hdds-tools/0.5.0-SNAPSHOT/hadoop-hdds-tools-0.5.0-SNAPSHOT.jar:/home/user/.m2/repository/org/apache/hadoop/hadoop-hdds-server-scm/0.5.0-SNAPSHOT/hadoop-hdds-server-scm-0.5.0-SNAPSHOT.jar:/home/user/.m2/repository/org/apache/hadoop/hadoop-hdds-docs/0.5.0-SNAPSHOT/hadoop-hdds-docs-0.5.0-SNAPSHOT.jar:/home/user/.m2/repository/io/dropwizard/metrics/metrics-core/3.2.4/metrics-core-3.2.4.jar:/home/user/.m2/repository/org/hamcrest/hamcrest-all/1.3/hamcrest-all-1.3.jar:/home/user/.m2/repository/org/bouncycastle/bcprov-jdk15on/1.60/bcprov-jdk15on-1.60.jar:/home/user/.m2/repository/info/picocli/picocli/3.9.6/picocli-3.9.6.jar:/home/user/.m2/repository/com/google/protobuf/protobuf-java/2.5.0/protobuf-java-2.5.0.jar:/home/user/.m2/repository/com/google/guava/guava/11.0.2/guava-11.0.2.jar:/home/user/.m2/repository/org/apache/hadoop/hadoop-ozone-ozone-manager/0.5.0-SNAPSHOT/hadoop-ozone-ozone-manager-0.5.0-SNAPSHOT.jar:/home/user/.m2/repository/org/apache/hadoop/hadoop-minikdc/3.2.0/hadoop-minikdc-3.2.0.jar:/home/user/.m2/repository/commons-io/commons-io/2.5/commons-io-2.5.jar:/home/user/.m2/repository/org/apache/kerby/kerb-simplekdc/1.0.1/kerb-simplekdc-1.0.1.jar:/home/user/.m2/repository/org/apache/kerby/kerb-client/1.0.1/kerb-client-1.0.1.jar:/home/user/.m2/repository/org/apache/kerby/kerby-config/1.0.1/kerby-config-1.0.1.jar:/home/user/.m2/repository/org/apache/kerby/kerb-core/1.0.1/kerb-core-1.0.1.jar:/home/user/.m2/repository/org/apache/kerby/kerby-pkix/1.0.1/kerby-pkix-1.0.1.jar:/home/user/.m2/repository/org/apache/kerby/kerby-asn1/1.0.1/kerby-asn1-1.0.1.jar:/home/user/.m2/repository/org/apache/kerby/kerby-util/1.0.1/kerby-util-1.0.1.jar:/home/user/.m2/repository/org/apache/kerby/kerb-common/1.0.1/kerb-common-1.0.1.jar:/home/user/.m2/repository/org/apache/kerby/kerb-crypto/1.0.1/kerb-crypto-1.0.1.jar:/home/user/.m2/repository/org/apache/kerby/kerb-util/1.0.1/kerb-util-1.0.1.jar:/home/user/.m2/repository/org/apache/kerby/token-provider/1.0.1/token-provider-1.0.1.jar:/home/user/.m2/repository/org/apache/kerby/kerb-admin/1.0.1/kerb-admin-1.0.1.jar:/home/user/.m2/repository/org/apache/kerby/kerb-server/1.0.1/kerb-server-1.0.1.jar:/home/user/.m2/repository/org/apache/kerby/kerb-identity/1.0.1/kerb-identity-1.0.1.jar:/home/user/.m2/repository/org/apache/kerby/kerby-xdr/1.0.1/kerby-xdr-1.0.1.jar:/home/user/.m2/repository/org/slf4j/slf4j-log4j12/1.7.25/slf4j-log4j12-1.7.25.jar:/home/user/.m2/repository/org/apache/hadoop/hadoop-ozone-s3gateway/0.5.0-SNAPSHOT/hadoop-ozone-s3gateway-0.5.0-SNAPSHOT.jar:/home/user/.m2/repository/org/jboss/weld/servlet/weld-servlet/2.4.7.Final/weld-servlet-2.4.7.Final.jar:/home/user/.m2/repository/org/glassfish/jersey/containers/jersey-container-servlet-core/2.27/jersey-container-servlet-core-2.27.jar:/home/user/.m2/repository/org/glassfish/hk2/external/javax.inject/2.5.0-b42/javax.inject-2.5.0-b42.jar:/home/user/.m2/repository/org/glassfish/jersey/core/jersey-common/2.27/jersey-common-2.27.jar:/home/user/.m2/repository/org/glassfish/hk2/osgi-resource-locator/1.0.1/osgi-resource-locator-1.0.1.jar:/home/user/.m2/repository/javax/ws/rs/javax.ws.rs-api/2.1/javax.ws.rs-api-2.1.jar:/home/user/.m2/repository/org/glassfish/jersey/ext/cdi/jersey-cdi1x/2.27/jersey-cdi1x-2.27.jar:/home/user/.m2/repository/org/glassfish/jersey/inject/jersey-hk2/2.27/jersey-hk2-2.27.jar:/home/user/.m2/repository/org/glassfish/hk2/hk2-locator/2.5.0-b42/hk2-locator-2.5.0-b42.jar:/home/user/.m2/repository/org/javassist/javassist/3.22.0-CR2/javassist-3.22.0-CR2.jar:/home/user/.m2/repository/org/glassfish/hk2/hk2-api/2.5.0/hk2-api-2.5.0.jar:/home/user/.m2/repository/org/glassfish/hk2/external/jakarta.inject/2.5.0/jakarta.inject-2.5.0.jar:/home/user/.m2/repository/org/glassfish/hk2/hk2-utils/2.5.0/hk2-utils-2.5.0.jar:/home/user/.m2/repository/jakarta/annotation/jakarta.annotation-api/1.3.4/jakarta.annotation-api-1.3.4.jar:/home/user/.m2/repository/org/glassfish/hk2/external/aopalliance-repackaged/2.5.0/aopalliance-repackaged-2.5.0.jar:/home/user/.m2/repository/com/fasterxml/jackson/dataformat/jackson-dataformat-xml/2.9.0/jackson-dataformat-xml-2.9.0.jar:/home/user/.m2/repository/com/fasterxml/jackson/core/jackson-core/2.9.5/jackson-core-2.9.5.jar:/home/user/.m2/repository/com/fasterxml/jackson/module/jackson-module-jaxb-annotations/2.9.5/jackson-module-jaxb-annotations-2.9.5.jar:/home/user/.m2/repository/javax/enterprise/cdi-api/1.2/cdi-api-1.2.jar:/home/user/.m2/repository/javax/el/javax.el-api/3.0.0/javax.el-api-3.0.0.jar:/home/user/.m2/repository/javax/interceptor/javax.interceptor-api/1.2/javax.interceptor-api-1.2.jar:/home/user/.m2/repository/javax/inject/javax.inject/1/javax.inject-1.jar:/home/user/.m2/repository/com/sun/xml/bind/jaxb-impl/2.3.0.1/jaxb-impl-2.3.0.1.jar:/home/user/.m2/repository/com/sun/xml/bind/jaxb-core/2.3.0.1/jaxb-core-2.3.0.1.jar:/home/user/.m2/repository/javax/xml/bind/jaxb-api/2.3.0/jaxb-api-2.3.0.jar:/home/user/.m2/repository/javax/activation/activation/1.1.1/activation-1.1.1.jar:/home/user/.m2/repository/org/apache/hadoop/hadoop-ozone-csi/0.5.0-SNAPSHOT/hadoop-ozone-csi-0.5.0-SNAPSHOT.jar:/home/user/.m2/repository/com/google/protobuf/protobuf-java-util/3.5.1/protobuf-java-util-3.5.1.jar:/home/user/.m2/repository/org/apache/hadoop/hadoop-hdds-config/0.5.0-SNAPSHOT/hadoop-hdds-config-0.5.0-SNAPSHOT.jar:/home/user/.m2/repository/io/grpc/grpc-netty/1.17.1/grpc-netty-1.17.1.jar:/home/user/.m2/repository/io/grpc/grpc-core/1.17.1/grpc-core-1.17.1.jar:/home/user/.m2/repository/io/grpc/grpc-context/1.17.1/grpc-context-1.17.1.jar:/home/user/.m2/repository/com/google/errorprone/error_prone_annotations/2.2.0/error_prone_annotations-2.2.0.jar:/home/user/.m2/repository/org/codehaus/mojo/animal-sniffer-annotations/1.17/animal-sniffer-annotations-1.17.jar:/home/user/.m2/repository/io/opencensus/opencensus-api/0.17.0/opencensus-api-0.17.0.jar:/home/user/.m2/repository/io/opencensus/opencensus-contrib-grpc-metrics/0.17.0/opencensus-contrib-grpc-metrics-0.17.0.jar:/home/user/.m2/repository/io/netty/netty-codec-http2/4.1.30.Final/netty-codec-http2-4.1.30.Final.jar:/home/user/.m2/repository/io/netty/netty-codec-http/4.1.30.Final/netty-codec-http-4.1.30.Final.jar:/home/user/.m2/repository/io/netty/netty-codec/4.1.30.Final/netty-codec-4.1.30.Final.jar:/home/user/.m2/repository/io/netty/netty-handler/4.1.30.Final/netty-handler-4.1.30.Final.jar:/home/user/.m2/repository/io/netty/netty-handler-proxy/4.1.30.Final/netty-handler-proxy-4.1.30.Final.jar:/home/user/.m2/repository/io/netty/netty-codec-socks/4.1.30.Final/netty-codec-socks-4.1.30.Final.jar:/home/user/.m2/repository/io/netty/netty-transport-native-epoll/4.1.30.Final/netty-transport-native-epoll-4.1.30.Final.jar:/home/user/.m2/repository/io/netty/netty-common/4.1.30.Final/netty-common-4.1.30.Final.jar:/home/user/.m2/repository/io/netty/netty-buffer/4.1.30.Final/netty-buffer-4.1.30.Final.jar:/home/user/.m2/repository/io/netty/netty-transport/4.1.30.Final/netty-transport-4.1.30.Final.jar:/home/user/.m2/repository/io/netty/netty-resolver/4.1.30.Final/netty-resolver-4.1.30.Final.jar:/home/user/.m2/repository/io/netty/netty-transport-native-unix-common/4.1.30.Final/netty-transport-native-unix-common-4.1.30.Final.jar:/home/user/.m2/repository/io/grpc/grpc-protobuf/1.17.1/grpc-protobuf-1.17.1.jar:/home/user/.m2/repository/com/google/api/grpc/proto-google-common-protos/1.0.0/proto-google-common-protos-1.0.0.jar:/home/user/.m2/repository/io/grpc/grpc-protobuf-lite/1.17.1/grpc-protobuf-lite-1.17.1.jar:/home/user/.m2/repository/io/grpc/grpc-stub/1.17.1/grpc-stub-1.17.1.jar:/home/user/.m2/repository/org/apache/hadoop/hadoop-ozone-recon/0.5.0-SNAPSHOT/hadoop-ozone-recon-0.5.0-SNAPSHOT.jar:/home/user/.m2/repository/org/apache/hadoop/hadoop-ozone-reconcodegen/0.5.0-SNAPSHOT/hadoop-ozone-reconcodegen-0.5.0-SNAPSHOT.jar:/home/user/.m2/repository/com/google/inject/extensions/guice-multibindings/4.0/guice-multibindings-4.0.jar:/home/user/.m2/repository/com/google/inject/guice/4.0/guice-4.0.jar:/home/user/.m2/repository/aopalliance/aopalliance/1.0/aopalliance-1.0.jar:/home/user/.m2/repository/com/google/inject/extensions/guice-servlet/4.0/guice-servlet-4.0.jar:/home/user/.m2/repository/org/glassfish/jersey/containers/jersey-container-servlet/2.27/jersey-container-servlet-2.27.jar:/home/user/.m2/repository/org/glassfish/hk2/guice-bridge/2.5.0/guice-bridge-2.5.0.jar:/home/user/.m2/repository/org/glassfish/jersey/core/jersey-server/2.27/jersey-server-2.27.jar:/home/user/.m2/repository/org/glassfish/jersey/core/jersey-client/2.27/jersey-client-2.27.jar:/home/user/.m2/repository/org/glassfish/jersey/media/jersey-media-jaxb/2.27/jersey-media-jaxb-2.27.jar:/home/user/.m2/repository/javax/validation/validation-api/1.1.0.Final/validation-api-1.1.0.Final.jar:/home/user/.m2/repository/org/glassfish/jersey/media/jersey-media-json-jackson/2.27/jersey-media-json-jackson-2.27.jar:/home/user/.m2/repository/org/glassfish/jersey/ext/jersey-entity-filtering/2.27/jersey-entity-filtering-2.27.jar:/home/user/.m2/repository/com/google/inject/extensions/guice-assistedinject/4.0/guice-assistedinject-4.0.jar:/home/user/.m2/repository/org/jooq/jooq/3.11.10/jooq-3.11.10.jar:/home/user/.m2/repository/org/jooq/jooq-meta/3.11.10/jooq-meta-3.11.10.jar:/home/user/.m2/repository/org/jooq/jooq-codegen/3.11.10/jooq-codegen-3.11.10.jar:/home/user/.m2/repository/com/jolbox/bonecp/0.8.0.RELEASE/bonecp-0.8.0.RELEASE.jar:/home/user/.m2/repository/org/xerial/sqlite-jdbc/3.25.2/sqlite-jdbc-3.25.2.jar:/home/user/.m2/repository/org/springframework/spring-jdbc/5.1.3.RELEASE/spring-jdbc-5.1.3.RELEASE.jar:/home/user/.m2/repository/org/springframework/spring-beans/5.1.3.RELEASE/spring-beans-5.1.3.RELEASE.jar:/home/user/.m2/repository/org/springframework/spring-core/5.1.3.RELEASE/spring-core-5.1.3.RELEASE.jar:/home/user/.m2/repository/org/springframework/spring-jcl/5.1.3.RELEASE/spring-jcl-5.1.3.RELEASE.jar:/home/user/.m2/repository/org/springframework/spring-tx/5.1.3.RELEASE/spring-tx-5.1.3.RELEASE.jar:/home/user/.m2/repository/org/apache/hadoop/hadoop-ozone-client/0.5.0-SNAPSHOT/hadoop-ozone-client-0.5.0-SNAPSHOT.jar:/home/user/.m2/repository/commons-lang/commons-lang/2.6/commons-lang-2.6.jar:/home/user/.m2/repository/org/apache/hadoop/hadoop-ozone-ozone-manager/0.5.0-SNAPSHOT/hadoop-ozone-ozone-manager-0.5.0-SNAPSHOT-tests.jar:/home/user/.m2/repository/junit/junit/4.11/junit-4.11.jar:/home/user/.m2/repository/org/hamcrest/hamcrest-core/1.3/hamcrest-core-1.3.jar:/home/user/.m2/repository/org/openjdk/jmh/jmh-core/1.19/jmh-core-1.19.jar:/home/user/.m2/repository/net/sf/jopt-simple/jopt-simple/4.6/jopt-simple-4.6.jar:/home/user/.m2/repository/org/apache/commons/commons-math3/3.1.1/commons-math3-3.1.1.jar:/home/user/.m2/repository/org/openjdk/jmh/jmh-generator-annprocess/1.19/jmh-generator-annprocess-1.19.jar:/home/user/.m2/repository/org/mockito/mockito-all/1.8.5/mockito-all-1.8.5.jar:/home/user/.m2/repository/org/apache/hadoop/hadoop-kms/3.2.0/hadoop-kms-3.2.0.jar:/home/user/.m2/repository/org/apache/hadoop/hadoop-auth/3.2.0/hadoop-auth-3.2.0.jar:/home/user/.m2/repository/com/nimbusds/nimbus-jose-jwt/4.41.1/nimbus-jose-jwt-4.41.1.jar:/home/user/.m2/repository/com/github/stephenc/jcip/jcip-annotations/1.0-1/jcip-annotations-1.0-1.jar:/home/user/.m2/repository/net/minidev/json-smart/2.3/json-smart-2.3.jar:/home/user/.m2/repository/net/minidev/accessors-smart/1.2/accessors-smart-1.2.jar:/home/user/.m2/repository/org/ow2/asm/asm/5.0.4/asm-5.0.4.jar:/home/user/.m2/repository/org/apache/curator/curator-framework/2.12.0/curator-framework-2.12.0.jar:/home/user/.m2/repository/com/sun/jersey/jersey-core/1.19/jersey-core-1.19.jar:/home/user/.m2/repository/javax/ws/rs/jsr311-api/1.1.1/jsr311-api-1.1.1.jar:/home/user/.m2/repository/com/sun/jersey/jersey-server/1.19/jersey-server-1.19.jar:/home/user/.m2/repository/javax/servlet/javax.servlet-api/3.1.0/javax.servlet-api-3.1.0.jar:/home/user/.m2/repository/org/eclipse/jetty/jetty-server/9.3.24.v20180605/jetty-server-9.3.24.v20180605.jar:/home/user/.m2/repository/org/eclipse/jetty/jetty-http/9.3.24.v20180605/jetty-http-9.3.24.v20180605.jar:/home/user/.m2/repository/org/eclipse/jetty/jetty-io/9.3.24.v20180605/jetty-io-9.3.24.v20180605.jar:/home/user/.m2/repository/org/eclipse/jetty/jetty-webapp/9.3.24.v20180605/jetty-webapp-9.3.24.v20180605.jar:/home/user/.m2/repository/org/eclipse/jetty/jetty-xml/9.3.24.v20180605/jetty-xml-9.3.24.v20180605.jar:/home/user/.m2/repository/log4j/log4j/1.2.17/log4j-1.2.17.jar:/home/user/.m2/repository/org/slf4j/slf4j-api/1.7.25/slf4j-api-1.7.25.jar:/home/user/.m2/repository/org/slf4j/jul-to-slf4j/1.7.25/jul-to-slf4j-1.7.25.jar:/home/user/.m2/repository/org/eclipse/jetty/jetty-util/9.3.24.v20180605/jetty-util-9.3.24.v20180605.jar:/home/user/.m2/repository/com/fasterxml/jackson/core/jackson-databind/2.9.5/jackson-databind-2.9.5.jar:/home/user/.m2/repository/org/apache/hadoop/hadoop-kms/3.2.0/hadoop-kms-3.2.0-tests.jar:/home/user/.m2/repository/org/apache/hadoop/hadoop-hdds-server-scm/0.5.0-SNAPSHOT/hadoop-hdds-server-scm-0.5.0-SNAPSHOT-tests.jar:/home/user/.m2/repository/org/apache/hadoop/hadoop-hdds-container-service/0.5.0-SNAPSHOT/hadoop-hdds-container-service-0.5.0-SNAPSHOT-tests.jar:/home/user/.m2/repository/org/yaml/snakeyaml/1.16/snakeyaml-1.16.jar:/home/user/.m2/repository/org/apache/hadoop/hadoop-common/3.2.0/hadoop-common-3.2.0-tests.jar:/home/user/.m2/repository/org/apache/hadoop/hadoop-annotations/3.2.0/hadoop-annotations-3.2.0.jar:/usr/lib/jvm/java-1.8-openjdk/jre/../lib/tools.jar:/home/user/.m2/repository/commons-cli/commons-cli/1.2/commons-cli-1.2.jar:/home/user/.m2/repository/org/apache/httpcomponents/httpclient/4.5.2/httpclient-4.5.2.jar:/home/user/.m2/repository/org/apache/httpcomponents/httpcore/4.4.4/httpcore-4.4.4.jar:/home/user/.m2/repository/commons-codec/commons-codec/1.11/commons-codec-1.11.jar:/home/user/.m2/repository/commons-net/commons-net/3.6/commons-net-3.6.jar:/home/user/.m2/repository/commons-collections/commons-collections/3.2.2/commons-collections-3.2.2.jar:/home/user/.m2/repository/org/eclipse/jetty/jetty-servlet/9.3.24.v20180605/jetty-servlet-9.3.24.v20180605.jar:/home/user/.m2/repository/org/eclipse/jetty/jetty-security/9.3.24.v20180605/jetty-security-9.3.24.v20180605.jar:/home/user/.m2/repository/javax/servlet/jsp/jsp-api/2.1/jsp-api-2.1.jar:/home/user/.m2/repository/com/sun/jersey/jersey-servlet/1.19/jersey-servlet-1.19.jar:/home/user/.m2/repository/com/sun/jersey/jersey-json/1.19/jersey-json-1.19.jar:/home/user/.m2/repository/org/codehaus/jettison/jettison/1.1/jettison-1.1.jar:/home/user/.m2/repository/org/codehaus/jackson/jackson-core-asl/1.9.13/jackson-core-asl-1.9.13.jar:/home/user/.m2/repository/org/codehaus/jackson/jackson-mapper-asl/1.9.13/jackson-mapper-asl-1.9.13.jar:/home/user/.m2/repository/org/codehaus/jackson/jackson-jaxrs/1.9.13/jackson-jaxrs-1.9.13.jar:/home/user/.m2/repository/org/codehaus/jackson/jackson-xc/1.9.13/jackson-xc-1.9.13.jar:/home/user/.m2/repository/commons-logging/commons-logging/1.1.3/commons-logging-1.1.3.jar:/home/user/.m2/repository/commons-beanutils/commons-beanutils/1.9.3/commons-beanutils-1.9.3.jar:/home/user/.m2/repository/org/apache/commons/commons-configuration2/2.1.1/commons-configuration2-2.1.1.jar:/home/user/.m2/repository/org/apache/commons/commons-lang3/3.7/commons-lang3-3.7.jar:/home/user/.m2/repository/org/apache/commons/commons-text/1.4/commons-text-1.4.jar:/home/user/.m2/repository/org/apache/avro/avro/1.7.7/avro-1.7.7.jar:/home/user/.m2/repository/com/thoughtworks/paranamer/paranamer/2.3/paranamer-2.3.jar:/home/user/.m2/repository/org/xerial/snappy/snappy-java/1.0.5/snappy-java-1.0.5.jar:/home/user/.m2/repository/com/google/re2j/re2j/1.1/re2j-1.1.jar:/home/user/.m2/repository/com/google/code/gson/gson/2.2.4/gson-2.2.4.jar:/home/user/.m2/repository/com/jcraft/jsch/0.1.54/jsch-0.1.54.jar:/home/user/.m2/repository/org/apache/curator/curator-client/2.12.0/curator-client-2.12.0.jar:/home/user/.m2/repository/org/apache/curator/curator-recipes/2.12.0/curator-recipes-2.12.0.jar:/home/user/.m2/repository/com/google/code/findbugs/jsr305/3.0.0/jsr305-3.0.0.jar:/home/user/.m2/repository/org/apache/htrace/htrace-core4/4.1.0-incubating/htrace-core4-4.1.0-incubating.jar:/home/user/.m2/repository/org/apache/zookeeper/zookeeper/3.4.13/zookeeper-3.4.13.jar:/home/user/.m2/repository/org/apache/yetus/audience-annotations/0.5.0/audience-annotations-0.5.0.jar:/home/user/.m2/repository/org/codehaus/woodstox/stax2-api/3.1.4/stax2-api-3.1.4.jar:/home/user/.m2/repository/com/fasterxml/woodstox/woodstox-core/5.0.3/woodstox-core-5.0.3.jar:/home/user/.m2/repository/dnsjava/dnsjava/2.1.7/dnsjava-2.1.7.jar:/home/user/.m2/repository/org/apache/hadoop/hadoop-hdfs/3.2.0/hadoop-hdfs-3.2.0-tests.jar:/home/user/.m2/repository/org/eclipse/jetty/jetty-util-ajax/9.3.24.v20180605/jetty-util-ajax-9.3.24.v20180605.jar:/home/user/.m2/repository/commons-daemon/commons-daemon/1.0.13/commons-daemon-1.0.13.jar:/home/user/.m2/repository/io/netty/netty/3.10.5.Final/netty-3.10.5.Final.jar:/home/user/.m2/repository/io/netty/netty-all/4.0.52.Final/netty-all-4.0.52.Final.jar:/home/user/.m2/repository/org/fusesource/leveldbjni/leveldbjni-all/1.8/leveldbjni-all-1.8.jar:"/>
    <property name="java.vm.vendor" value="IcedTea"/>
    <property name="sun.arch.data.model" value="64"/>
    <property name="test.build.dir" value="/workdir/hadoop-ozone/integration-test/target/test-dir"/>
    <property name="test.cache.data" value=""/>
    <property name="java.vendor.url" value="https://icedtea.classpath.org"/>
    <property name="user.timezone" value=""/>
    <property name="java.vm.specification.version" value="1.8"/>
    <property name="os.name" value="Linux"/>
    <property name="test.build.data" value="/workdir/hadoop-ozone/integration-test/target/test-dir"/>
    <property name="user.country" value="US"/>
    <property name="sun.java.launcher" value="SUN_STANDARD"/>
    <property name="sun.boot.library.path" value="/usr/lib/jvm/java-1.8-openjdk/jre/lib/amd64"/>
    <property name="sun.java.command" value="/workdir/hadoop-ozone/integration-test/target/surefire/surefirebooter7439477711245128287.jar /workdir/hadoop-ozone/integration-test/target/surefire 2019-09-10T11-48-14_144-jvmRun1 surefire8595219103786616419tmp surefire_525412624719235966518tmp"/>
    <property name="test" value="!TestMiniChaosOzoneCluster"/>
    <property name="surefire.test.class.path" value="/workdir/hadoop-ozone/integration-test/target/test-classes:/workdir/hadoop-ozone/integration-test/target/classes:/home/user/.m2/repository/org/apache/hadoop/hadoop-ozone-common/0.5.0-SNAPSHOT/hadoop-ozone-common-0.5.0-SNAPSHOT.jar:/home/user/.m2/repository/org/apache/commons/commons-compress/1.4.1/commons-compress-1.4.1.jar:/home/user/.m2/repository/org/tukaani/xz/1.0/xz-1.0.jar:/home/user/.m2/repository/org/apache/hadoop/hadoop-common/3.2.0/hadoop-common-3.2.0.jar:/home/user/.m2/repository/org/apache/hadoop/hadoop-hdfs/3.2.0/hadoop-hdfs-3.2.0.jar:/home/user/.m2/repository/org/apache/hadoop/hadoop-hdfs-client/3.2.0/hadoop-hdfs-client-3.2.0.jar:/home/user/.m2/repository/com/fasterxml/jackson/core/jackson-annotations/2.9.5/jackson-annotations-2.9.5.jar:/home/user/.m2/repository/org/apache/hadoop/hadoop-hdds-common/0.5.0-SNAPSHOT/hadoop-hdds-common-0.5.0-SNAPSHOT.jar:/home/user/.m2/repository/javax/annotation/javax.annotation-api/1.2/javax.annotation-api-1.2.jar:/home/user/.m2/repository/org/apache/ratis/ratis-server/0.4.0-78e95b9-SNAPSHOT/ratis-server-0.4.0-78e95b9-SNAPSHOT.jar:/home/user/.m2/repository/org/apache/ratis/ratis-thirdparty-misc/0.2.0/ratis-thirdparty-misc-0.2.0.jar:/home/user/.m2/repository/org/apache/ratis/ratis-proto/0.4.0-78e95b9-SNAPSHOT/ratis-proto-0.4.0-78e95b9-SNAPSHOT.jar:/home/user/.m2/repository/org/apache/ratis/ratis-common/0.4.0-78e95b9-SNAPSHOT/ratis-common-0.4.0-78e95b9-SNAPSHOT.jar:/home/user/.m2/repository/org/apache/ratis/ratis-client/0.4.0-78e95b9-SNAPSHOT/ratis-client-0.4.0-78e95b9-SNAPSHOT.jar:/home/user/.m2/repository/org/apache/ratis/ratis-metrics/0.4.0-78e95b9-SNAPSHOT/ratis-metrics-0.4.0-78e95b9-SNAPSHOT.jar:/home/user/.m2/repository/com/github/joshelser/dropwizard-metrics-hadoop-metrics2-reporter/0.1.2/dropwizard-metrics-hadoop-metrics2-reporter-0.1.2.jar:/home/user/.m2/repository/io/dropwizard/metrics/metrics-jvm/3.2.5/metrics-jvm-3.2.5.jar:/home/user/.m2/repository/io/dropwizard/metrics/metrics-ganglia/3.2.5/metrics-ganglia-3.2.5.jar:/home/user/.m2/repository/info/ganglia/gmetric4j/gmetric4j/1.0.7/gmetric4j-1.0.7.jar:/home/user/.m2/repository/org/apache/ratis/ratis-netty/0.4.0-78e95b9-SNAPSHOT/ratis-netty-0.4.0-78e95b9-SNAPSHOT.jar:/home/user/.m2/repository/org/apache/ratis/ratis-grpc/0.4.0-78e95b9-SNAPSHOT/ratis-grpc-0.4.0-78e95b9-SNAPSHOT.jar:/home/user/.m2/repository/org/rocksdb/rocksdbjni/6.0.1/rocksdbjni-6.0.1.jar:/home/user/.m2/repository/org/apache/logging/log4j/log4j-api/2.11.0/log4j-api-2.11.0.jar:/home/user/.m2/repository/org/apache/logging/log4j/log4j-core/2.11.0/log4j-core-2.11.0.jar:/home/user/.m2/repository/com/lmax/disruptor/3.4.2/disruptor-3.4.2.jar:/home/user/.m2/repository/org/apache/commons/commons-pool2/2.6.0/commons-pool2-2.6.0.jar:/home/user/.m2/repository/org/bouncycastle/bcpkix-jdk15on/1.60/bcpkix-jdk15on-1.60.jar:/home/user/.m2/repository/commons-validator/commons-validator/1.6/commons-validator-1.6.jar:/home/user/.m2/repository/commons-digester/commons-digester/1.8.1/commons-digester-1.8.1.jar:/home/user/.m2/repository/io/jaegertracing/jaeger-client/0.33.1/jaeger-client-0.33.1.jar:/home/user/.m2/repository/io/jaegertracing/jaeger-thrift/0.33.1/jaeger-thrift-0.33.1.jar:/home/user/.m2/repository/org/apache/thrift/libthrift/0.11.0/libthrift-0.11.0.jar:/home/user/.m2/repository/com/squareup/okhttp3/okhttp/3.9.0/okhttp-3.9.0.jar:/home/user/.m2/repository/com/squareup/okio/okio/1.13.0/okio-1.13.0.jar:/home/user/.m2/repository/io/jaegertracing/jaeger-core/0.33.1/jaeger-core-0.33.1.jar:/home/user/.m2/repository/io/jaegertracing/jaeger-tracerresolver/0.33.1/jaeger-tracerresolver-0.33.1.jar:/home/user/.m2/repository/io/opentracing/contrib/opentracing-tracerresolver/0.1.5/opentracing-tracerresolver-0.1.5.jar:/home/user/.m2/repository/io/opentracing/opentracing-util/0.31.0/opentracing-util-0.31.0.jar:/home/user/.m2/repository/io/opentracing/opentracing-api/0.31.0/opentracing-api-0.31.0.jar:/home/user/.m2/repository/io/opentracing/opentracing-noop/0.31.0/opentracing-noop-0.31.0.jar:/home/user/.m2/repository/org/apache/hadoop/hadoop-hdds-server-framework/0.5.0-SNAPSHOT/hadoop-hdds-server-framework-0.5.0-SNAPSHOT.jar:/home/user/.m2/repository/org/apache/hadoop/hadoop-hdds-container-service/0.5.0-SNAPSHOT/hadoop-hdds-container-service-0.5.0-SNAPSHOT.jar:/home/user/.m2/repository/org/apache/hadoop/hadoop-hdds-client/0.5.0-SNAPSHOT/hadoop-hdds-client-0.5.0-SNAPSHOT.jar:/home/user/.m2/repository/org/apache/hadoop/hadoop-hdds-tools/0.5.0-SNAPSHOT/hadoop-hdds-tools-0.5.0-SNAPSHOT.jar:/home/user/.m2/repository/org/apache/hadoop/hadoop-hdds-server-scm/0.5.0-SNAPSHOT/hadoop-hdds-server-scm-0.5.0-SNAPSHOT.jar:/home/user/.m2/repository/org/apache/hadoop/hadoop-hdds-docs/0.5.0-SNAPSHOT/hadoop-hdds-docs-0.5.0-SNAPSHOT.jar:/home/user/.m2/repository/io/dropwizard/metrics/metrics-core/3.2.4/metrics-core-3.2.4.jar:/home/user/.m2/repository/org/hamcrest/hamcrest-all/1.3/hamcrest-all-1.3.jar:/home/user/.m2/repository/org/bouncycastle/bcprov-jdk15on/1.60/bcprov-jdk15on-1.60.jar:/home/user/.m2/repository/info/picocli/picocli/3.9.6/picocli-3.9.6.jar:/home/user/.m2/repository/com/google/protobuf/protobuf-java/2.5.0/protobuf-java-2.5.0.jar:/home/user/.m2/repository/com/google/guava/guava/11.0.2/guava-11.0.2.jar:/home/user/.m2/repository/org/apache/hadoop/hadoop-ozone-ozone-manager/0.5.0-SNAPSHOT/hadoop-ozone-ozone-manager-0.5.0-SNAPSHOT.jar:/home/user/.m2/repository/org/apache/hadoop/hadoop-minikdc/3.2.0/hadoop-minikdc-3.2.0.jar:/home/user/.m2/repository/commons-io/commons-io/2.5/commons-io-2.5.jar:/home/user/.m2/repository/org/apache/kerby/kerb-simplekdc/1.0.1/kerb-simplekdc-1.0.1.jar:/home/user/.m2/repository/org/apache/kerby/kerb-client/1.0.1/kerb-client-1.0.1.jar:/home/user/.m2/repository/org/apache/kerby/kerby-config/1.0.1/kerby-config-1.0.1.jar:/home/user/.m2/repository/org/apache/kerby/kerb-core/1.0.1/kerb-core-1.0.1.jar:/home/user/.m2/repository/org/apache/kerby/kerby-pkix/1.0.1/kerby-pkix-1.0.1.jar:/home/user/.m2/repository/org/apache/kerby/kerby-asn1/1.0.1/kerby-asn1-1.0.1.jar:/home/user/.m2/repository/org/apache/kerby/kerby-util/1.0.1/kerby-util-1.0.1.jar:/home/user/.m2/repository/org/apache/kerby/kerb-common/1.0.1/kerb-common-1.0.1.jar:/home/user/.m2/repository/org/apache/kerby/kerb-crypto/1.0.1/kerb-crypto-1.0.1.jar:/home/user/.m2/repository/org/apache/kerby/kerb-util/1.0.1/kerb-util-1.0.1.jar:/home/user/.m2/repository/org/apache/kerby/token-provider/1.0.1/token-provider-1.0.1.jar:/home/user/.m2/repository/org/apache/kerby/kerb-admin/1.0.1/kerb-admin-1.0.1.jar:/home/user/.m2/repository/org/apache/kerby/kerb-server/1.0.1/kerb-server-1.0.1.jar:/home/user/.m2/repository/org/apache/kerby/kerb-identity/1.0.1/kerb-identity-1.0.1.jar:/home/user/.m2/repository/org/apache/kerby/kerby-xdr/1.0.1/kerby-xdr-1.0.1.jar:/home/user/.m2/repository/org/slf4j/slf4j-log4j12/1.7.25/slf4j-log4j12-1.7.25.jar:/home/user/.m2/repository/org/apache/hadoop/hadoop-ozone-s3gateway/0.5.0-SNAPSHOT/hadoop-ozone-s3gateway-0.5.0-SNAPSHOT.jar:/home/user/.m2/repository/org/jboss/weld/servlet/weld-servlet/2.4.7.Final/weld-servlet-2.4.7.Final.jar:/home/user/.m2/repository/org/glassfish/jersey/containers/jersey-container-servlet-core/2.27/jersey-container-servlet-core-2.27.jar:/home/user/.m2/repository/org/glassfish/hk2/external/javax.inject/2.5.0-b42/javax.inject-2.5.0-b42.jar:/home/user/.m2/repository/org/glassfish/jersey/core/jersey-common/2.27/jersey-common-2.27.jar:/home/user/.m2/repository/org/glassfish/hk2/osgi-resource-locator/1.0.1/osgi-resource-locator-1.0.1.jar:/home/user/.m2/repository/javax/ws/rs/javax.ws.rs-api/2.1/javax.ws.rs-api-2.1.jar:/home/user/.m2/repository/org/glassfish/jersey/ext/cdi/jersey-cdi1x/2.27/jersey-cdi1x-2.27.jar:/home/user/.m2/repository/org/glassfish/jersey/inject/jersey-hk2/2.27/jersey-hk2-2.27.jar:/home/user/.m2/repository/org/glassfish/hk2/hk2-locator/2.5.0-b42/hk2-locator-2.5.0-b42.jar:/home/user/.m2/repository/org/javassist/javassist/3.22.0-CR2/javassist-3.22.0-CR2.jar:/home/user/.m2/repository/org/glassfish/hk2/hk2-api/2.5.0/hk2-api-2.5.0.jar:/home/user/.m2/repository/org/glassfish/hk2/external/jakarta.inject/2.5.0/jakarta.inject-2.5.0.jar:/home/user/.m2/repository/org/glassfish/hk2/hk2-utils/2.5.0/hk2-utils-2.5.0.jar:/home/user/.m2/repository/jakarta/annotation/jakarta.annotation-api/1.3.4/jakarta.annotation-api-1.3.4.jar:/home/user/.m2/repository/org/glassfish/hk2/external/aopalliance-repackaged/2.5.0/aopalliance-repackaged-2.5.0.jar:/home/user/.m2/repository/com/fasterxml/jackson/dataformat/jackson-dataformat-xml/2.9.0/jackson-dataformat-xml-2.9.0.jar:/home/user/.m2/repository/com/fasterxml/jackson/core/jackson-core/2.9.5/jackson-core-2.9.5.jar:/home/user/.m2/repository/com/fasterxml/jackson/module/jackson-module-jaxb-annotations/2.9.5/jackson-module-jaxb-annotations-2.9.5.jar:/home/user/.m2/repository/javax/enterprise/cdi-api/1.2/cdi-api-1.2.jar:/home/user/.m2/repository/javax/el/javax.el-api/3.0.0/javax.el-api-3.0.0.jar:/home/user/.m2/repository/javax/interceptor/javax.interceptor-api/1.2/javax.interceptor-api-1.2.jar:/home/user/.m2/repository/javax/inject/javax.inject/1/javax.inject-1.jar:/home/user/.m2/repository/com/sun/xml/bind/jaxb-impl/2.3.0.1/jaxb-impl-2.3.0.1.jar:/home/user/.m2/repository/com/sun/xml/bind/jaxb-core/2.3.0.1/jaxb-core-2.3.0.1.jar:/home/user/.m2/repository/javax/xml/bind/jaxb-api/2.3.0/jaxb-api-2.3.0.jar:/home/user/.m2/repository/javax/activation/activation/1.1.1/activation-1.1.1.jar:/home/user/.m2/repository/org/apache/hadoop/hadoop-ozone-csi/0.5.0-SNAPSHOT/hadoop-ozone-csi-0.5.0-SNAPSHOT.jar:/home/user/.m2/repository/com/google/protobuf/protobuf-java-util/3.5.1/protobuf-java-util-3.5.1.jar:/home/user/.m2/repository/org/apache/hadoop/hadoop-hdds-config/0.5.0-SNAPSHOT/hadoop-hdds-config-0.5.0-SNAPSHOT.jar:/home/user/.m2/repository/io/grpc/grpc-netty/1.17.1/grpc-netty-1.17.1.jar:/home/user/.m2/repository/io/grpc/grpc-core/1.17.1/grpc-core-1.17.1.jar:/home/user/.m2/repository/io/grpc/grpc-context/1.17.1/grpc-context-1.17.1.jar:/home/user/.m2/repository/com/google/errorprone/error_prone_annotations/2.2.0/error_prone_annotations-2.2.0.jar:/home/user/.m2/repository/org/codehaus/mojo/animal-sniffer-annotations/1.17/animal-sniffer-annotations-1.17.jar:/home/user/.m2/repository/io/opencensus/opencensus-api/0.17.0/opencensus-api-0.17.0.jar:/home/user/.m2/repository/io/opencensus/opencensus-contrib-grpc-metrics/0.17.0/opencensus-contrib-grpc-metrics-0.17.0.jar:/home/user/.m2/repository/io/netty/netty-codec-http2/4.1.30.Final/netty-codec-http2-4.1.30.Final.jar:/home/user/.m2/repository/io/netty/netty-codec-http/4.1.30.Final/netty-codec-http-4.1.30.Final.jar:/home/user/.m2/repository/io/netty/netty-codec/4.1.30.Final/netty-codec-4.1.30.Final.jar:/home/user/.m2/repository/io/netty/netty-handler/4.1.30.Final/netty-handler-4.1.30.Final.jar:/home/user/.m2/repository/io/netty/netty-handler-proxy/4.1.30.Final/netty-handler-proxy-4.1.30.Final.jar:/home/user/.m2/repository/io/netty/netty-codec-socks/4.1.30.Final/netty-codec-socks-4.1.30.Final.jar:/home/user/.m2/repository/io/netty/netty-transport-native-epoll/4.1.30.Final/netty-transport-native-epoll-4.1.30.Final.jar:/home/user/.m2/repository/io/netty/netty-common/4.1.30.Final/netty-common-4.1.30.Final.jar:/home/user/.m2/repository/io/netty/netty-buffer/4.1.30.Final/netty-buffer-4.1.30.Final.jar:/home/user/.m2/repository/io/netty/netty-transport/4.1.30.Final/netty-transport-4.1.30.Final.jar:/home/user/.m2/repository/io/netty/netty-resolver/4.1.30.Final/netty-resolver-4.1.30.Final.jar:/home/user/.m2/repository/io/netty/netty-transport-native-unix-common/4.1.30.Final/netty-transport-native-unix-common-4.1.30.Final.jar:/home/user/.m2/repository/io/grpc/grpc-protobuf/1.17.1/grpc-protobuf-1.17.1.jar:/home/user/.m2/repository/com/google/api/grpc/proto-google-common-protos/1.0.0/proto-google-common-protos-1.0.0.jar:/home/user/.m2/repository/io/grpc/grpc-protobuf-lite/1.17.1/grpc-protobuf-lite-1.17.1.jar:/home/user/.m2/repository/io/grpc/grpc-stub/1.17.1/grpc-stub-1.17.1.jar:/home/user/.m2/repository/org/apache/hadoop/hadoop-ozone-recon/0.5.0-SNAPSHOT/hadoop-ozone-recon-0.5.0-SNAPSHOT.jar:/home/user/.m2/repository/org/apache/hadoop/hadoop-ozone-reconcodegen/0.5.0-SNAPSHOT/hadoop-ozone-reconcodegen-0.5.0-SNAPSHOT.jar:/home/user/.m2/repository/com/google/inject/extensions/guice-multibindings/4.0/guice-multibindings-4.0.jar:/home/user/.m2/repository/com/google/inject/guice/4.0/guice-4.0.jar:/home/user/.m2/repository/aopalliance/aopalliance/1.0/aopalliance-1.0.jar:/home/user/.m2/repository/com/google/inject/extensions/guice-servlet/4.0/guice-servlet-4.0.jar:/home/user/.m2/repository/org/glassfish/jersey/containers/jersey-container-servlet/2.27/jersey-container-servlet-2.27.jar:/home/user/.m2/repository/org/glassfish/hk2/guice-bridge/2.5.0/guice-bridge-2.5.0.jar:/home/user/.m2/repository/org/glassfish/jersey/core/jersey-server/2.27/jersey-server-2.27.jar:/home/user/.m2/repository/org/glassfish/jersey/core/jersey-client/2.27/jersey-client-2.27.jar:/home/user/.m2/repository/org/glassfish/jersey/media/jersey-media-jaxb/2.27/jersey-media-jaxb-2.27.jar:/home/user/.m2/repository/javax/validation/validation-api/1.1.0.Final/validation-api-1.1.0.Final.jar:/home/user/.m2/repository/org/glassfish/jersey/media/jersey-media-json-jackson/2.27/jersey-media-json-jackson-2.27.jar:/home/user/.m2/repository/org/glassfish/jersey/ext/jersey-entity-filtering/2.27/jersey-entity-filtering-2.27.jar:/home/user/.m2/repository/com/google/inject/extensions/guice-assistedinject/4.0/guice-assistedinject-4.0.jar:/home/user/.m2/repository/org/jooq/jooq/3.11.10/jooq-3.11.10.jar:/home/user/.m2/repository/org/jooq/jooq-meta/3.11.10/jooq-meta-3.11.10.jar:/home/user/.m2/repository/org/jooq/jooq-codegen/3.11.10/jooq-codegen-3.11.10.jar:/home/user/.m2/repository/com/jolbox/bonecp/0.8.0.RELEASE/bonecp-0.8.0.RELEASE.jar:/home/user/.m2/repository/org/xerial/sqlite-jdbc/3.25.2/sqlite-jdbc-3.25.2.jar:/home/user/.m2/repository/org/springframework/spring-jdbc/5.1.3.RELEASE/spring-jdbc-5.1.3.RELEASE.jar:/home/user/.m2/repository/org/springframework/spring-beans/5.1.3.RELEASE/spring-beans-5.1.3.RELEASE.jar:/home/user/.m2/repository/org/springframework/spring-core/5.1.3.RELEASE/spring-core-5.1.3.RELEASE.jar:/home/user/.m2/repository/org/springframework/spring-jcl/5.1.3.RELEASE/spring-jcl-5.1.3.RELEASE.jar:/home/user/.m2/repository/org/springframework/spring-tx/5.1.3.RELEASE/spring-tx-5.1.3.RELEASE.jar:/home/user/.m2/repository/org/apache/hadoop/hadoop-ozone-client/0.5.0-SNAPSHOT/hadoop-ozone-client-0.5.0-SNAPSHOT.jar:/home/user/.m2/repository/commons-lang/commons-lang/2.6/commons-lang-2.6.jar:/home/user/.m2/repository/org/apache/hadoop/hadoop-ozone-ozone-manager/0.5.0-SNAPSHOT/hadoop-ozone-ozone-manager-0.5.0-SNAPSHOT-tests.jar:/home/user/.m2/repository/junit/junit/4.11/junit-4.11.jar:/home/user/.m2/repository/org/hamcrest/hamcrest-core/1.3/hamcrest-core-1.3.jar:/home/user/.m2/repository/org/openjdk/jmh/jmh-core/1.19/jmh-core-1.19.jar:/home/user/.m2/repository/net/sf/jopt-simple/jopt-simple/4.6/jopt-simple-4.6.jar:/home/user/.m2/repository/org/apache/commons/commons-math3/3.1.1/commons-math3-3.1.1.jar:/home/user/.m2/repository/org/openjdk/jmh/jmh-generator-annprocess/1.19/jmh-generator-annprocess-1.19.jar:/home/user/.m2/repository/org/mockito/mockito-all/1.8.5/mockito-all-1.8.5.jar:/home/user/.m2/repository/org/apache/hadoop/hadoop-kms/3.2.0/hadoop-kms-3.2.0.jar:/home/user/.m2/repository/org/apache/hadoop/hadoop-auth/3.2.0/hadoop-auth-3.2.0.jar:/home/user/.m2/repository/com/nimbusds/nimbus-jose-jwt/4.41.1/nimbus-jose-jwt-4.41.1.jar:/home/user/.m2/repository/com/github/stephenc/jcip/jcip-annotations/1.0-1/jcip-annotations-1.0-1.jar:/home/user/.m2/repository/net/minidev/json-smart/2.3/json-smart-2.3.jar:/home/user/.m2/repository/net/minidev/accessors-smart/1.2/accessors-smart-1.2.jar:/home/user/.m2/repository/org/ow2/asm/asm/5.0.4/asm-5.0.4.jar:/home/user/.m2/repository/org/apache/curator/curator-framework/2.12.0/curator-framework-2.12.0.jar:/home/user/.m2/repository/com/sun/jersey/jersey-core/1.19/jersey-core-1.19.jar:/home/user/.m2/repository/javax/ws/rs/jsr311-api/1.1.1/jsr311-api-1.1.1.jar:/home/user/.m2/repository/com/sun/jersey/jersey-server/1.19/jersey-server-1.19.jar:/home/user/.m2/repository/javax/servlet/javax.servlet-api/3.1.0/javax.servlet-api-3.1.0.jar:/home/user/.m2/repository/org/eclipse/jetty/jetty-server/9.3.24.v20180605/jetty-server-9.3.24.v20180605.jar:/home/user/.m2/repository/org/eclipse/jetty/jetty-http/9.3.24.v20180605/jetty-http-9.3.24.v20180605.jar:/home/user/.m2/repository/org/eclipse/jetty/jetty-io/9.3.24.v20180605/jetty-io-9.3.24.v20180605.jar:/home/user/.m2/repository/org/eclipse/jetty/jetty-webapp/9.3.24.v20180605/jetty-webapp-9.3.24.v20180605.jar:/home/user/.m2/repository/org/eclipse/jetty/jetty-xml/9.3.24.v20180605/jetty-xml-9.3.24.v20180605.jar:/home/user/.m2/repository/log4j/log4j/1.2.17/log4j-1.2.17.jar:/home/user/.m2/repository/org/slf4j/slf4j-api/1.7.25/slf4j-api-1.7.25.jar:/home/user/.m2/repository/org/slf4j/jul-to-slf4j/1.7.25/jul-to-slf4j-1.7.25.jar:/home/user/.m2/repository/org/eclipse/jetty/jetty-util/9.3.24.v20180605/jetty-util-9.3.24.v20180605.jar:/home/user/.m2/repository/com/fasterxml/jackson/core/jackson-databind/2.9.5/jackson-databind-2.9.5.jar:/home/user/.m2/repository/org/apache/hadoop/hadoop-kms/3.2.0/hadoop-kms-3.2.0-tests.jar:/home/user/.m2/repository/org/apache/hadoop/hadoop-hdds-server-scm/0.5.0-SNAPSHOT/hadoop-hdds-server-scm-0.5.0-SNAPSHOT-tests.jar:/home/user/.m2/repository/org/apache/hadoop/hadoop-hdds-container-service/0.5.0-SNAPSHOT/hadoop-hdds-container-service-0.5.0-SNAPSHOT-tests.jar:/home/user/.m2/repository/org/yaml/snakeyaml/1.16/snakeyaml-1.16.jar:/home/user/.m2/repository/org/apache/hadoop/hadoop-common/3.2.0/hadoop-common-3.2.0-tests.jar:/home/user/.m2/repository/org/apache/hadoop/hadoop-annotations/3.2.0/hadoop-annotations-3.2.0.jar:/usr/lib/jvm/java-1.8-openjdk/jre/../lib/tools.jar:/home/user/.m2/repository/commons-cli/commons-cli/1.2/commons-cli-1.2.jar:/home/user/.m2/repository/org/apache/httpcomponents/httpclient/4.5.2/httpclient-4.5.2.jar:/home/user/.m2/repository/org/apache/httpcomponents/httpcore/4.4.4/httpcore-4.4.4.jar:/home/user/.m2/repository/commons-codec/commons-codec/1.11/commons-codec-1.11.jar:/home/user/.m2/repository/commons-net/commons-net/3.6/commons-net-3.6.jar:/home/user/.m2/repository/commons-collections/commons-collections/3.2.2/commons-collections-3.2.2.jar:/home/user/.m2/repository/org/eclipse/jetty/jetty-servlet/9.3.24.v20180605/jetty-servlet-9.3.24.v20180605.jar:/home/user/.m2/repository/org/eclipse/jetty/jetty-security/9.3.24.v20180605/jetty-security-9.3.24.v20180605.jar:/home/user/.m2/repository/javax/servlet/jsp/jsp-api/2.1/jsp-api-2.1.jar:/home/user/.m2/repository/com/sun/jersey/jersey-servlet/1.19/jersey-servlet-1.19.jar:/home/user/.m2/repository/com/sun/jersey/jersey-json/1.19/jersey-json-1.19.jar:/home/user/.m2/repository/org/codehaus/jettison/jettison/1.1/jettison-1.1.jar:/home/user/.m2/repository/org/codehaus/jackson/jackson-core-asl/1.9.13/jackson-core-asl-1.9.13.jar:/home/user/.m2/repository/org/codehaus/jackson/jackson-mapper-asl/1.9.13/jackson-mapper-asl-1.9.13.jar:/home/user/.m2/repository/org/codehaus/jackson/jackson-jaxrs/1.9.13/jackson-jaxrs-1.9.13.jar:/home/user/.m2/repository/org/codehaus/jackson/jackson-xc/1.9.13/jackson-xc-1.9.13.jar:/home/user/.m2/repository/commons-logging/commons-logging/1.1.3/commons-logging-1.1.3.jar:/home/user/.m2/repository/commons-beanutils/commons-beanutils/1.9.3/commons-beanutils-1.9.3.jar:/home/user/.m2/repository/org/apache/commons/commons-configuration2/2.1.1/commons-configuration2-2.1.1.jar:/home/user/.m2/repository/org/apache/commons/commons-lang3/3.7/commons-lang3-3.7.jar:/home/user/.m2/repository/org/apache/commons/commons-text/1.4/commons-text-1.4.jar:/home/user/.m2/repository/org/apache/avro/avro/1.7.7/avro-1.7.7.jar:/home/user/.m2/repository/com/thoughtworks/paranamer/paranamer/2.3/paranamer-2.3.jar:/home/user/.m2/repository/org/xerial/snappy/snappy-java/1.0.5/snappy-java-1.0.5.jar:/home/user/.m2/repository/com/google/re2j/re2j/1.1/re2j-1.1.jar:/home/user/.m2/repository/com/google/code/gson/gson/2.2.4/gson-2.2.4.jar:/home/user/.m2/repository/com/jcraft/jsch/0.1.54/jsch-0.1.54.jar:/home/user/.m2/repository/org/apache/curator/curator-client/2.12.0/curator-client-2.12.0.jar:/home/user/.m2/repository/org/apache/curator/curator-recipes/2.12.0/curator-recipes-2.12.0.jar:/home/user/.m2/repository/com/google/code/findbugs/jsr305/3.0.0/jsr305-3.0.0.jar:/home/user/.m2/repository/org/apache/htrace/htrace-core4/4.1.0-incubating/htrace-core4-4.1.0-incubating.jar:/home/user/.m2/repository/org/apache/zookeeper/zookeeper/3.4.13/zookeeper-3.4.13.jar:/home/user/.m2/repository/org/apache/yetus/audience-annotations/0.5.0/audience-annotations-0.5.0.jar:/home/user/.m2/repository/org/codehaus/woodstox/stax2-api/3.1.4/stax2-api-3.1.4.jar:/home/user/.m2/repository/com/fasterxml/woodstox/woodstox-core/5.0.3/woodstox-core-5.0.3.jar:/home/user/.m2/repository/dnsjava/dnsjava/2.1.7/dnsjava-2.1.7.jar:/home/user/.m2/repository/org/apache/hadoop/hadoop-hdfs/3.2.0/hadoop-hdfs-3.2.0-tests.jar:/home/user/.m2/repository/org/eclipse/jetty/jetty-util-ajax/9.3.24.v20180605/jetty-util-ajax-9.3.24.v20180605.jar:/home/user/.m2/repository/commons-daemon/commons-daemon/1.0.13/commons-daemon-1.0.13.jar:/home/user/.m2/repository/io/netty/netty/3.10.5.Final/netty-3.10.5.Final.jar:/home/user/.m2/repository/io/netty/netty-all/4.0.52.Final/netty-all-4.0.52.Final.jar:/home/user/.m2/repository/org/fusesource/leveldbjni/leveldbjni-all/1.8/leveldbjni-all-1.8.jar:"/>
    <property name="sun.cpu.endian" value="little"/>
    <property name="user.home" value="/home/user"/>
    <property name="user.language" value="en"/>
    <property name="java.specification.vendor" value="Oracle Corporation"/>
    <property name="java.home" value="/usr/lib/jvm/java-1.8-openjdk/jre"/>
    <property name="java.security.krb5.conf" value="/workdir/hadoop-ozone/integration-test/target/test-classes/krb5.conf"/>
    <property name="basedir" value="/workdir/hadoop-ozone/integration-test"/>
    <property name="file.separator" value="/"/>
    <property name="line.separator" value="&#10;"/>
    <property name="java.vm.specification.vendor" value="Oracle Corporation"/>
    <property name="java.specification.name" value="Java Platform API Specification"/>
    <property name="java.awt.graphicsenv" value="sun.awt.X11GraphicsEnvironment"/>
    <property name="surefire.real.class.path" value="/workdir/hadoop-ozone/integration-test/target/surefire/surefirebooter7439477711245128287.jar"/>
    <property name="hadoop.log.dir" value="/workdir/hadoop-ozone/integration-test/target/log"/>
    <property name="sun.boot.class.path" value="/usr/lib/jvm/java-1.8-openjdk/jre/lib/resources.jar:/usr/lib/jvm/java-1.8-openjdk/jre/lib/rt.jar:/usr/lib/jvm/java-1.8-openjdk/jre/lib/sunrsasign.jar:/usr/lib/jvm/java-1.8-openjdk/jre/lib/jsse.jar:/usr/lib/jvm/java-1.8-openjdk/jre/lib/jce.jar:/usr/lib/jvm/java-1.8-openjdk/jre/lib/charsets.jar:/usr/lib/jvm/java-1.8-openjdk/jre/lib/jfr.jar:/usr/lib/jvm/java-1.8-openjdk/jre/classes"/>
    <property name="sun.management.compiler" value="HotSpot 64-Bit Tiered Compilers"/>
    <property name="java.runtime.version" value="1.8.0_212-b04"/>
    <property name="java.net.preferIPv4Stack" value="true"/>
    <property name="user.name" value="jenkins1000"/>
    <property name="path.separator" value=":"/>
    <property name="java.security.egd" value="file:///dev/urandom"/>
    <property name="os.version" value="3.10.0-957.12.2.el7.x86_64"/>
    <property name="java.endorsed.dirs" value="/usr/lib/jvm/java-1.8-openjdk/jre/lib/endorsed"/>
    <property name="java.runtime.name" value="OpenJDK Runtime Environment"/>
    <property name="file.encoding" value="UTF-8"/>
    <property name="java.vm.name" value="OpenJDK 64-Bit Server VM"/>
    <property name="test.build.webapps" value=""/>
    <property name="localRepository" value="/home/user/.m2/repository"/>
    <property name="java.vendor.url.bug" value="https://icedtea.classpath.org/bugzilla"/>
    <property name="java.io.tmpdir" value="/tmp"/>
    <property name="require.test.libhadoop" value=""/>
    <property name="java.version" value="1.8.0_212"/>
    <property name="user.dir" value="/workdir/hadoop-ozone/integration-test"/>
    <property name="os.arch" value="amd64"/>
    <property name="java.vm.specification.name" value="Java Virtual Machine Specification"/>
    <property name="test.build.classes" value="/workdir/hadoop-ozone/integration-test/target/test-classes"/>
    <property name="java.awt.printerjob" value="sun.print.PSPrinterJob"/>
    <property name="sun.os.patch.level" value="unknown"/>
    <property name="hadoop.tmp.dir" value="/workdir/hadoop-ozone/integration-test/target/tmp"/>
    <property name="java.library.path" value="/usr/lib/jvm/java-1.8-openjdk/jre/lib/amd64/server:/usr/lib/jvm/java-1.8-openjdk/jre/lib/amd64:/usr/lib/jvm/java-1.8-openjdk/jre/../lib/amd64:/workdir/hadoop-ozone/integration-test/target/native/target/usr/local/lib:/workdir/hadoop-ozone/integration-test/../../hadoop-common-project/hadoop-common/target/native/target/usr/local/lib:/usr/java/packages/lib/amd64:/usr/lib64:/lib64:/lib:/usr/lib"/>
    <property name="java.vm.info" value="mixed mode"/>
    <property name="java.vendor" value="IcedTea"/>
    <property name="java.vm.version" value="25.212-b04"/>
    <property name="java.ext.dirs" value="/usr/lib/jvm/java-1.8-openjdk/jre/lib/ext:/usr/java/packages/lib/ext"/>
    <property name="sun.io.unicode.encoding" value="UnicodeLittle"/>
    <property name="java.class.version" value="52.0"/>
  </properties>
  <testcase name="testMultiBlockWritesWithIntermittentDnFailures" classname="org.apache.hadoop.ozone.client.rpc.TestMultiBlockWritesWithDnFailures" time="108.281">
    <error message="Allocated 0 blocks. Requested 1 blocks" type="INTERNAL_ERROR org.apache.hadoop.ozone.om.exceptions.OMException">INTERNAL_ERROR org.apache.hadoop.ozone.om.exceptions.OMException: Allocated 0 blocks. Requested 1 blocks
	at org.apache.hadoop.ozone.om.protocolPB.OzoneManagerProtocolClientSideTranslatorPB.handleError(OzoneManagerProtocolClientSideTranslatorPB.java:725)
	at org.apache.hadoop.ozone.om.protocolPB.OzoneManagerProtocolClientSideTranslatorPB.allocateBlock(OzoneManagerProtocolClientSideTranslatorPB.java:757)
	at org.apache.hadoop.ozone.client.io.BlockOutputStreamEntryPool.allocateNewBlock(BlockOutputStreamEntryPool.java:248)
	at org.apache.hadoop.ozone.client.io.BlockOutputStreamEntryPool.allocateBlockIfNeeded(BlockOutputStreamEntryPool.java:296)
	at org.apache.hadoop.ozone.client.io.KeyOutputStream.handleWrite(KeyOutputStream.java:201)
	at org.apache.hadoop.ozone.client.io.KeyOutputStream.handleRetry(KeyOutputStream.java:376)
	at org.apache.hadoop.ozone.client.io.KeyOutputStream.handleException(KeyOutputStream.java:325)
	at org.apache.hadoop.ozone.client.io.KeyOutputStream.handleWrite(KeyOutputStream.java:231)
	at org.apache.hadoop.ozone.client.io.KeyOutputStream.write(KeyOutputStream.java:193)
	at org.apache.hadoop.ozone.client.io.OzoneOutputStream.write(OzoneOutputStream.java:49)
	at java.io.OutputStream.write(OutputStream.java:75)
	at org.apache.hadoop.ozone.client.rpc.TestMultiBlockWritesWithDnFailures.testMultiBlockWritesWithIntermittentDnFailures(TestMultiBlockWritesWithDnFailures.java:196)
	at sun.reflect.NativeMethodAccessorImpl.invoke0(Native Method)
	at sun.reflect.NativeMethodAccessorImpl.invoke(NativeMethodAccessorImpl.java:62)
	at sun.reflect.DelegatingMethodAccessorImpl.invoke(DelegatingMethodAccessorImpl.java:43)
	at java.lang.reflect.Method.invoke(Method.java:498)
	at org.junit.runners.model.FrameworkMethod$1.runReflectiveCall(FrameworkMethod.java:47)
	at org.junit.internal.runners.model.ReflectiveCallable.run(ReflectiveCallable.java:12)
	at org.junit.runners.model.FrameworkMethod.invokeExplosively(FrameworkMethod.java:44)
	at org.junit.internal.runners.statements.InvokeMethod.evaluate(InvokeMethod.java:17)
	at org.junit.internal.runners.statements.RunAfters.evaluate(RunAfters.java:27)
	at org.junit.runners.ParentRunner.runLeaf(ParentRunner.java:271)
	at org.junit.runners.BlockJUnit4ClassRunner.runChild(BlockJUnit4ClassRunner.java:70)
	at org.junit.runners.BlockJUnit4ClassRunner.runChild(BlockJUnit4ClassRunner.java:50)
	at org.junit.runners.ParentRunner$3.run(ParentRunner.java:238)
	at org.junit.runners.ParentRunner$1.schedule(ParentRunner.java:63)
	at org.junit.runners.ParentRunner.runChildren(ParentRunner.java:236)
	at org.junit.runners.ParentRunner.access$000(ParentRunner.java:53)
	at org.junit.runners.ParentRunner$2.evaluate(ParentRunner.java:229)
	at org.junit.runners.ParentRunner.run(ParentRunner.java:309)
	at org.apache.maven.surefire.junit4.JUnit4Provider.execute(JUnit4Provider.java:365)
	at org.apache.maven.surefire.junit4.JUnit4Provider.executeWithRerun(JUnit4Provider.java:273)
	at org.apache.maven.surefire.junit4.JUnit4Provider.executeTestSet(JUnit4Provider.java:238)
	at org.apache.maven.surefire.junit4.JUnit4Provider.invoke(JUnit4Provider.java:159)
	at org.apache.maven.surefire.booter.ForkedBooter.invokeProviderInSameClassLoader(ForkedBooter.java:384)
	at org.apache.maven.surefire.booter.ForkedBooter.runSuitesInProcess(ForkedBooter.java:345)
	at org.apache.maven.surefire.booter.ForkedBooter.execute(ForkedBooter.java:126)
	at org.apache.maven.surefire.booter.ForkedBooter.main(ForkedBooter.java:418)
</error>
    <system-out><![CDATA[2019-09-10 13:18:55,460 [main] WARN  server.ServerUtils (ServerUtils.java:getScmDbDir(145)) - ozone.scm.db.dirs is not configured. We recommend adding this setting. Falling back to ozone.metadata.dirs instead.
2019-09-10 13:18:55,612 [main] WARN  server.ServerUtils (ServerUtils.java:getScmDbDir(145)) - ozone.scm.db.dirs is not configured. We recommend adding this setting. Falling back to ozone.metadata.dirs instead.
2019-09-10 13:18:55,616 [main] WARN  server.ServerUtils (ServerUtils.java:getScmDbDir(145)) - ozone.scm.db.dirs is not configured. We recommend adding this setting. Falling back to ozone.metadata.dirs instead.
2019-09-10 13:18:55,637 [main] INFO  util.log (Log.java:initialized(192)) - Logging initialized @951ms
2019-09-10 13:18:55,742 [main] INFO  db.DBStoreBuilder (DBStoreBuilder.java:addTable(110)) - using custom profile for table: deletedBlocks
2019-09-10 13:18:55,742 [main] INFO  db.DBStoreBuilder (DBStoreBuilder.java:processTables(161)) - Using default column profile:DBProfile.DISK for Table:deletedBlocks
2019-09-10 13:18:55,742 [main] INFO  db.DBStoreBuilder (DBStoreBuilder.java:addTable(110)) - using custom profile for table: validCerts
2019-09-10 13:18:55,743 [main] INFO  db.DBStoreBuilder (DBStoreBuilder.java:processTables(161)) - Using default column profile:DBProfile.DISK for Table:validCerts
2019-09-10 13:18:55,743 [main] INFO  db.DBStoreBuilder (DBStoreBuilder.java:addTable(110)) - using custom profile for table: revokedCerts
2019-09-10 13:18:55,743 [main] INFO  db.DBStoreBuilder (DBStoreBuilder.java:processTables(161)) - Using default column profile:DBProfile.DISK for Table:revokedCerts
2019-09-10 13:18:55,755 [main] INFO  db.DBStoreBuilder (DBStoreBuilder.java:addTable(110)) - using custom profile for table: default
2019-09-10 13:18:55,755 [main] INFO  db.DBStoreBuilder (DBStoreBuilder.java:processTables(167)) - Using default column profile:DBProfile.DISK for Table:default
2019-09-10 13:18:55,756 [main] INFO  db.DBStoreBuilder (DBStoreBuilder.java:getDbProfile(198)) - Using default options. DBProfile.DISK
2019-09-10 13:18:56,085 [main] INFO  net.NodeSchemaLoader (NodeSchemaLoader.java:loadSchemaFromFile(125)) - Loading file from sun.misc.CompoundEnumeration@3270d194
2019-09-10 13:18:56,087 [main] INFO  net.NodeSchemaLoader (NodeSchemaLoader.java:loadSchema(171)) - Loading network topology layer schema file
2019-09-10 13:18:56,159 [main] INFO  node.SCMNodeManager (SCMNodeManager.java:<init>(114)) - Entering startup safe mode.
2019-09-10 13:18:56,233 [main] INFO  algorithms.ContainerPlacementPolicyFactory (ContainerPlacementPolicyFactory.java:getPolicy(57)) - Create container placement policy of type org.apache.hadoop.hdds.scm.container.placement.algorithms.SCMContainerPlacementRandom
2019-09-10 13:18:56,248 [main] WARN  server.ServerUtils (ServerUtils.java:getScmDbDir(145)) - ozone.scm.db.dirs is not configured. We recommend adding this setting. Falling back to ozone.metadata.dirs instead.
2019-09-10 13:18:56,323 [main] INFO  pipeline.SCMPipelineManager (SCMPipelineManager.java:initializePipelineState(128)) - No pipeline exists in current db
2019-09-10 13:18:56,326 [main] WARN  server.ServerUtils (ServerUtils.java:getScmDbDir(145)) - ozone.scm.db.dirs is not configured. We recommend adding this setting. Falling back to ozone.metadata.dirs instead.
2019-09-10 13:18:56,454 [main] WARN  events.EventQueue (EventQueue.java:fireEvent(183)) - No event handler registered for event TypedEvent{payloadType=SafeModeStatus, name='SafeModeStatus'}
2019-09-10 13:18:56,812 [main] INFO  ipc.CallQueueManager (CallQueueManager.java:<init>(84)) - Using callQueue: class java.util.concurrent.LinkedBlockingQueue, queueCapacity: 2000, scheduler: class org.apache.hadoop.ipc.DefaultRpcScheduler, ipcBackoff: false.
2019-09-10 13:18:56,840 [Socket Reader #1 for port 33462] INFO  ipc.Server (Server.java:run(1074)) - Starting Socket Reader #1 for port 33462
2019-09-10 13:18:56,980 [main] INFO  ipc.CallQueueManager (CallQueueManager.java:<init>(84)) - Using callQueue: class java.util.concurrent.LinkedBlockingQueue, queueCapacity: 2000, scheduler: class org.apache.hadoop.ipc.DefaultRpcScheduler, ipcBackoff: false.
2019-09-10 13:18:56,981 [Socket Reader #1 for port 40452] INFO  ipc.Server (Server.java:run(1074)) - Starting Socket Reader #1 for port 40452
2019-09-10 13:18:56,993 [main] INFO  ipc.CallQueueManager (CallQueueManager.java:<init>(84)) - Using callQueue: class java.util.concurrent.LinkedBlockingQueue, queueCapacity: 2000, scheduler: class org.apache.hadoop.ipc.DefaultRpcScheduler, ipcBackoff: false.
2019-09-10 13:18:56,994 [Socket Reader #1 for port 38784] INFO  ipc.Server (Server.java:run(1074)) - Starting Socket Reader #1 for port 38784
2019-09-10 13:18:57,024 [main] INFO  hdfs.DFSUtil (DFSUtil.java:httpServerTemplateForNNAndJN(1641)) - Starting Web-server for scm at: http://0.0.0.0:0
2019-09-10 13:18:57,217 [main] INFO  server.AuthenticationFilter (AuthenticationFilter.java:constructSecretProvider(240)) - Unable to initialize FileSignerSecretProvider, falling back to use random secrets.
2019-09-10 13:18:57,225 [main] WARN  http.HttpRequestLog (HttpRequestLog.java:getRequestLog(97)) - Jetty request log can only be enabled using Log4j
2019-09-10 13:18:57,232 [main] INFO  http.HttpServer2 (HttpServer2.java:addGlobalFilter(975)) - Added global filter 'safety' (class=org.apache.hadoop.http.HttpServer2$QuotingInputFilter)
2019-09-10 13:18:57,235 [main] INFO  http.HttpServer2 (HttpServer2.java:addFilter(948)) - Added filter static_user_filter (class=org.apache.hadoop.http.lib.StaticUserWebFilter$StaticUserFilter) to context scm
2019-09-10 13:18:57,235 [main] INFO  http.HttpServer2 (HttpServer2.java:addFilter(958)) - Added filter static_user_filter (class=org.apache.hadoop.http.lib.StaticUserWebFilter$StaticUserFilter) to context logs
2019-09-10 13:18:57,236 [main] INFO  http.HttpServer2 (HttpServer2.java:addFilter(958)) - Added filter static_user_filter (class=org.apache.hadoop.http.lib.StaticUserWebFilter$StaticUserFilter) to context static
2019-09-10 13:18:57,271 [main] INFO  server.StorageContainerManager (StorageContainerManager.java:start(763)) - StorageContainerLocationProtocol RPC server is listening at /0.0.0.0:38784
2019-09-10 13:18:57,355 [main] WARN  impl.MetricsConfig (MetricsConfig.java:loadFirst(134)) - Cannot locate configuration: tried hadoop-metrics2-storagecontainermanager.properties,hadoop-metrics2.properties
2019-09-10 13:18:57,368 [main] INFO  impl.MetricsSystemImpl (MetricsSystemImpl.java:startTimer(374)) - Scheduled Metric snapshot period at 10 second(s).
2019-09-10 13:18:57,368 [main] INFO  impl.MetricsSystemImpl (MetricsSystemImpl.java:start(191)) - StorageContainerManager metrics system started
2019-09-10 13:18:57,603 [main] INFO  server.SCMClientProtocolServer (SCMClientProtocolServer.java:start(151)) - RPC server for Client  is listening at /0.0.0.0:38784
2019-09-10 13:18:57,604 [IPC Server listener on 38784] INFO  ipc.Server (Server.java:run(1153)) - IPC Server listener on 38784: starting
2019-09-10 13:18:57,605 [IPC Server Responder] INFO  ipc.Server (Server.java:run(1314)) - IPC Server Responder: starting
2019-09-10 13:18:57,608 [main] INFO  server.StorageContainerManager (StorageContainerManager.java:start(773)) - ScmBlockLocationProtocol RPC server is listening at /0.0.0.0:40452
2019-09-10 13:18:57,610 [main] INFO  server.SCMBlockProtocolServer (SCMBlockProtocolServer.java:start(146)) - RPC server for Block Protocol is listening at /0.0.0.0:40452
2019-09-10 13:18:57,610 [IPC Server Responder] INFO  ipc.Server (Server.java:run(1314)) - IPC Server Responder: starting
2019-09-10 13:18:57,610 [IPC Server listener on 40452] INFO  ipc.Server (Server.java:run(1153)) - IPC Server listener on 40452: starting
2019-09-10 13:18:57,617 [main] INFO  server.StorageContainerManager (StorageContainerManager.java:start(777)) - ScmDatanodeProtocl RPC server is listening at /0.0.0.0:33462
2019-09-10 13:18:57,617 [main] INFO  server.SCMDatanodeProtocolServer (SCMDatanodeProtocolServer.java:start(191)) - RPC server for DataNodes is listening at /0.0.0.0:33462
2019-09-10 13:18:57,618 [IPC Server Responder] INFO  ipc.Server (Server.java:run(1314)) - IPC Server Responder: starting
2019-09-10 13:18:57,619 [IPC Server listener on 33462] INFO  ipc.Server (Server.java:run(1153)) - IPC Server listener on 33462: starting
2019-09-10 13:18:57,626 [main] INFO  http.HttpServer2 (HttpServer2.java:bindListener(1191)) - Jetty bound to port 41290
2019-09-10 13:18:57,628 [main] INFO  server.Server (Server.java:doStart(351)) - jetty-9.3.24.v20180605, build timestamp: 2018-06-05T17:11:56Z, git hash: 84205aa28f11a4f31f2a3b86d1bba2cc8ab69827
2019-09-10 13:18:57,665 [main] INFO  handler.ContextHandler (ContextHandler.java:doStart(781)) - Started o.e.j.s.ServletContextHandler@732f29af{/logs,file:///workdir/hadoop-ozone/integration-test/target/log,AVAILABLE}
2019-09-10 13:18:57,666 [main] INFO  handler.ContextHandler (ContextHandler.java:doStart(781)) - Started o.e.j.s.ServletContextHandler@6622fc65{/static,file:///workdir/hadoop-ozone/integration-test/target/test-classes/webapps/static,AVAILABLE}
2019-09-10 13:18:57,700 [main] INFO  handler.ContextHandler (ContextHandler.java:doStart(781)) - Started o.e.j.w.WebAppContext@7555b920{/,file:///workdir/hadoop-ozone/integration-test/target/test-classes/webapps/scm/,AVAILABLE}{/scm}
2019-09-10 13:18:57,705 [main] INFO  server.AbstractConnector (AbstractConnector.java:doStart(278)) - Started ServerConnector@6db66836{HTTP/1.1,[http/1.1]}{0.0.0.0:41290}
2019-09-10 13:18:57,706 [main] INFO  server.Server (Server.java:doStart(419)) - Started @3019ms
2019-09-10 13:18:57,708 [main] INFO  impl.MetricsSinkAdapter (MetricsSinkAdapter.java:start(204)) - Sink prometheus started
2019-09-10 13:18:57,708 [main] INFO  impl.MetricsSystemImpl (MetricsSystemImpl.java:registerSink(301)) - Registered sink prometheus
2019-09-10 13:18:57,710 [main] INFO  server.BaseHttpServer (BaseHttpServer.java:updateConnectorAddress(215)) - HTTP server of SCM is listening at http://0.0.0.0:41290
2019-09-10 13:18:57,719 [org.apache.hadoop.util.JvmPauseMonitor$Monitor@78461bc4] INFO  util.JvmPauseMonitor (JvmPauseMonitor.java:run(188)) - Starting JVM pause monitor
2019-09-10 13:18:57,724 [main] WARN  server.ServerUtils (ServerUtils.java:getDBPath(222)) - ozone.om.db.dirs is not configured. We recommend adding this setting. Falling back to ozone.metadata.dirs instead.
2019-09-10 13:18:57,855 [main] WARN  server.ServerUtils (ServerUtils.java:getDBPath(222)) - ozone.om.db.dirs is not configured. We recommend adding this setting. Falling back to ozone.metadata.dirs instead.
2019-09-10 13:18:57,855 [main] WARN  server.ServerUtils (ServerUtils.java:getDBPath(222)) - ozone.om.db.dirs is not configured. We recommend adding this setting. Falling back to ozone.metadata.dirs instead.
2019-09-10 13:18:57,856 [main] INFO  om.OzoneManager (OzoneManager.java:setOMNodeDetails(649)) - OM Service ID is not set. Setting it to the default ID: omServiceIdDefault
2019-09-10 13:18:57,857 [main] INFO  om.OzoneManager (OzoneManager.java:setOMNodeDetails(655)) - OM Node ID is not set. Setting it to the OmStorage's OmID: e73a4c78-589e-4ec4-8c8c-77138833fe3c
2019-09-10 13:18:57,858 [main] INFO  om.OzoneManager (OzoneManager.java:loadOMHAConfigs(606)) - Found matching OM address with OMServiceId: null, OMNodeId: null, RPC Address: localhost:0 and Ratis port: 9872
2019-09-10 13:18:58,571 [main] WARN  server.ServerUtils (ServerUtils.java:getDBPath(222)) - ozone.om.db.dirs is not configured. We recommend adding this setting. Falling back to ozone.metadata.dirs instead.
2019-09-10 13:18:58,580 [main] INFO  db.DBStoreBuilder (DBStoreBuilder.java:addTable(110)) - using custom profile for table: userTable
2019-09-10 13:18:58,581 [main] INFO  db.DBStoreBuilder (DBStoreBuilder.java:processTables(161)) - Using default column profile:DBProfile.DISK for Table:userTable
2019-09-10 13:18:58,582 [main] INFO  db.DBStoreBuilder (DBStoreBuilder.java:addTable(110)) - using custom profile for table: volumeTable
2019-09-10 13:18:58,582 [main] INFO  db.DBStoreBuilder (DBStoreBuilder.java:processTables(161)) - Using default column profile:DBProfile.DISK for Table:volumeTable
2019-09-10 13:18:58,582 [main] INFO  db.DBStoreBuilder (DBStoreBuilder.java:addTable(110)) - using custom profile for table: bucketTable
2019-09-10 13:18:58,583 [main] INFO  db.DBStoreBuilder (DBStoreBuilder.java:processTables(161)) - Using default column profile:DBProfile.DISK for Table:bucketTable
2019-09-10 13:18:58,583 [main] INFO  db.DBStoreBuilder (DBStoreBuilder.java:addTable(110)) - using custom profile for table: keyTable
2019-09-10 13:18:58,583 [main] INFO  db.DBStoreBuilder (DBStoreBuilder.java:processTables(161)) - Using default column profile:DBProfile.DISK for Table:keyTable
2019-09-10 13:18:58,584 [main] INFO  db.DBStoreBuilder (DBStoreBuilder.java:addTable(110)) - using custom profile for table: deletedTable
2019-09-10 13:18:58,584 [main] INFO  db.DBStoreBuilder (DBStoreBuilder.java:processTables(161)) - Using default column profile:DBProfile.DISK for Table:deletedTable
2019-09-10 13:18:58,584 [main] INFO  db.DBStoreBuilder (DBStoreBuilder.java:addTable(110)) - using custom profile for table: openKeyTable
2019-09-10 13:18:58,585 [main] INFO  db.DBStoreBuilder (DBStoreBuilder.java:processTables(161)) - Using default column profile:DBProfile.DISK for Table:openKeyTable
2019-09-10 13:18:58,585 [main] INFO  db.DBStoreBuilder (DBStoreBuilder.java:addTable(110)) - using custom profile for table: s3Table
2019-09-10 13:18:58,585 [main] INFO  db.DBStoreBuilder (DBStoreBuilder.java:processTables(161)) - Using default column profile:DBProfile.DISK for Table:s3Table
2019-09-10 13:18:58,586 [main] INFO  db.DBStoreBuilder (DBStoreBuilder.java:addTable(110)) - using custom profile for table: multipartInfoTable
2019-09-10 13:18:58,586 [main] INFO  db.DBStoreBuilder (DBStoreBuilder.java:processTables(161)) - Using default column profile:DBProfile.DISK for Table:multipartInfoTable
2019-09-10 13:18:58,587 [main] INFO  db.DBStoreBuilder (DBStoreBuilder.java:addTable(110)) - using custom profile for table: dTokenTable
2019-09-10 13:18:58,587 [main] INFO  db.DBStoreBuilder (DBStoreBuilder.java:processTables(161)) - Using default column profile:DBProfile.DISK for Table:dTokenTable
2019-09-10 13:18:58,587 [main] INFO  db.DBStoreBuilder (DBStoreBuilder.java:addTable(110)) - using custom profile for table: s3SecretTable
2019-09-10 13:18:58,588 [main] INFO  db.DBStoreBuilder (DBStoreBuilder.java:processTables(161)) - Using default column profile:DBProfile.DISK for Table:s3SecretTable
2019-09-10 13:18:58,588 [main] INFO  db.DBStoreBuilder (DBStoreBuilder.java:addTable(110)) - using custom profile for table: prefixTable
2019-09-10 13:18:58,588 [main] INFO  db.DBStoreBuilder (DBStoreBuilder.java:processTables(161)) - Using default column profile:DBProfile.DISK for Table:prefixTable
2019-09-10 13:18:58,589 [main] INFO  db.DBStoreBuilder (DBStoreBuilder.java:addTable(110)) - using custom profile for table: default
2019-09-10 13:18:58,589 [main] INFO  db.DBStoreBuilder (DBStoreBuilder.java:processTables(167)) - Using default column profile:DBProfile.DISK for Table:default
2019-09-10 13:18:58,590 [main] INFO  db.DBStoreBuilder (DBStoreBuilder.java:getDbProfile(198)) - Using default options. DBProfile.DISK
2019-09-10 13:18:59,076 [main] INFO  ipc.CallQueueManager (CallQueueManager.java:<init>(84)) - Using callQueue: class java.util.concurrent.LinkedBlockingQueue, queueCapacity: 2000, scheduler: class org.apache.hadoop.ipc.DefaultRpcScheduler, ipcBackoff: false.
2019-09-10 13:18:59,077 [Socket Reader #1 for port 46376] INFO  ipc.Server (Server.java:run(1074)) - Starting Socket Reader #1 for port 46376
2019-09-10 13:18:59,118 [main] INFO  om.OzoneManager (OzoneManager.java:start(1240)) - OzoneManager RPC server is listening at localhost/127.0.0.1:46376
2019-09-10 13:18:59,118 [main] INFO  impl.MetricsSystemImpl (MetricsSystemImpl.java:init(158)) - OzoneManager metrics system started (again)
2019-09-10 13:18:59,120 [IPC Server listener on 46376] INFO  ipc.Server (Server.java:run(1153)) - IPC Server listener on 46376: starting
2019-09-10 13:18:59,120 [IPC Server Responder] INFO  ipc.Server (Server.java:run(1314)) - IPC Server Responder: starting
2019-09-10 13:18:59,125 [main] INFO  hdfs.DFSUtil (DFSUtil.java:httpServerTemplateForNNAndJN(1641)) - Starting Web-server for ozoneManager at: http://0.0.0.0:0
2019-09-10 13:18:59,127 [main] INFO  server.AuthenticationFilter (AuthenticationFilter.java:constructSecretProvider(240)) - Unable to initialize FileSignerSecretProvider, falling back to use random secrets.
2019-09-10 13:18:59,128 [main] WARN  http.HttpRequestLog (HttpRequestLog.java:getRequestLog(97)) - Jetty request log can only be enabled using Log4j
2019-09-10 13:18:59,131 [main] INFO  http.HttpServer2 (HttpServer2.java:addGlobalFilter(975)) - Added global filter 'safety' (class=org.apache.hadoop.http.HttpServer2$QuotingInputFilter)
2019-09-10 13:18:59,132 [main] INFO  http.HttpServer2 (HttpServer2.java:addFilter(948)) - Added filter static_user_filter (class=org.apache.hadoop.http.lib.StaticUserWebFilter$StaticUserFilter) to context ozoneManager
2019-09-10 13:18:59,133 [main] INFO  http.HttpServer2 (HttpServer2.java:addFilter(958)) - Added filter static_user_filter (class=org.apache.hadoop.http.lib.StaticUserWebFilter$StaticUserFilter) to context logs
2019-09-10 13:18:59,133 [main] INFO  http.HttpServer2 (HttpServer2.java:addFilter(958)) - Added filter static_user_filter (class=org.apache.hadoop.http.lib.StaticUserWebFilter$StaticUserFilter) to context static
2019-09-10 13:18:59,136 [main] INFO  http.HttpServer2 (HttpServer2.java:bindListener(1191)) - Jetty bound to port 43782
2019-09-10 13:18:59,136 [main] INFO  server.Server (Server.java:doStart(351)) - jetty-9.3.24.v20180605, build timestamp: 2018-06-05T17:11:56Z, git hash: 84205aa28f11a4f31f2a3b86d1bba2cc8ab69827
2019-09-10 13:18:59,138 [main] INFO  handler.ContextHandler (ContextHandler.java:doStart(781)) - Started o.e.j.s.ServletContextHandler@25d3cfc8{/logs,file:///workdir/hadoop-ozone/integration-test/target/log,AVAILABLE}
2019-09-10 13:18:59,139 [main] INFO  handler.ContextHandler (ContextHandler.java:doStart(781)) - Started o.e.j.s.ServletContextHandler@2571066a{/static,file:///workdir/hadoop-ozone/integration-test/target/test-classes/webapps/static,AVAILABLE}
2019-09-10 13:18:59,145 [main] INFO  handler.ContextHandler (ContextHandler.java:doStart(781)) - Started o.e.j.w.WebAppContext@444548a0{/,file:///workdir/hadoop-ozone/integration-test/target/test-classes/webapps/ozoneManager/,AVAILABLE}{/ozoneManager}
2019-09-10 13:18:59,146 [main] INFO  server.AbstractConnector (AbstractConnector.java:doStart(278)) - Started ServerConnector@3766c667{HTTP/1.1,[http/1.1]}{0.0.0.0:43782}
2019-09-10 13:18:59,147 [main] INFO  server.Server (Server.java:doStart(419)) - Started @4461ms
2019-09-10 13:18:59,148 [main] WARN  impl.MetricsSystemImpl (MetricsSystemImpl.java:register(276)) - Sink prometheus already exists!
2019-09-10 13:18:59,148 [main] INFO  server.BaseHttpServer (BaseHttpServer.java:updateConnectorAddress(215)) - HTTP server of OZONEMANAGER is listening at http://0.0.0.0:43782
2019-09-10 13:18:59,513 [main] INFO  impl.MetricsSystemImpl (MetricsSystemImpl.java:init(158)) - HddsDatanode metrics system started (again)
2019-09-10 13:18:59,569 [main] INFO  ozone.HddsDatanodeService (HddsDatanodeService.java:start(184)) - HddsDatanodeService host:pr-hdds-1879-pp2l2-2511026898 ip:192.168.34.50
2019-09-10 13:18:59,605 [main] INFO  volume.HddsVolume (HddsVolume.java:<init>(176)) - Creating Volume: /workdir/hadoop-ozone/integration-test/target/test-dir/MiniOzoneClusterImpl-bbba21db-ec34-461e-a1c1-b53f0753d0be/datanode-0/data/containers/hdds of  storage type : DISK and capacity : 1482555576320
2019-09-10 13:18:59,607 [main] INFO  volume.VolumeSet (VolumeSet.java:initializeVolumeSet(170)) - Added Volume : /workdir/hadoop-ozone/integration-test/target/test-dir/MiniOzoneClusterImpl-bbba21db-ec34-461e-a1c1-b53f0753d0be/datanode-0/data/containers/hdds to VolumeSet
2019-09-10 13:18:59,611 [main] INFO  volume.ThrottledAsyncChecker (ThrottledAsyncChecker.java:schedule(139)) - Scheduling a check for org.apache.hadoop.ozone.container.common.volume.HddsVolume@7e2f86e6
2019-09-10 13:18:59,629 [main] INFO  volume.HddsVolumeChecker (HddsVolumeChecker.java:checkAllVolumes(202)) - Scheduled health check for volume org.apache.hadoop.ozone.container.common.volume.HddsVolume@7e2f86e6
2019-09-10 13:18:59,747 [main] INFO  impl.RaftServerProxy (ConfUtils.java:logGet(43)) - raft.rpc.type = GRPC (default)
2019-09-10 13:18:59,814 [main] INFO  grpc.GrpcFactory (GrpcFactory.java:checkPooledByteBufAllocatorUseCacheForAllThreads(45)) - PERFORMANCE WARNING: useCacheForAllThreads is true that may cause Netty to create a lot garbage objects and, as a result, trigger GC.
	It is recommended to disable useCacheForAllThreads by setting -Dorg.apache.ratis.thirdparty.io.netty.allocator.useCacheForAllThreads=false in command line.
2019-09-10 13:18:59,819 [main] INFO  grpc.GrpcConfigKeys$Server (ConfUtils.java:logGet(43)) - raft.grpc.server.port = 0 (default)
2019-09-10 13:18:59,820 [main] INFO  server.GrpcService (ConfUtils.java:logGet(43)) - raft.grpc.message.size.max = 33570816 (custom)
2019-09-10 13:18:59,821 [main] INFO  server.RaftServerConfigKeys (ConfUtils.java:logGet(43)) - raft.server.log.appender.buffer.byte-limit = 33554432 (custom)
2019-09-10 13:18:59,822 [main] INFO  server.GrpcService (ConfUtils.java:logGet(43)) - raft.grpc.flow.control.window = 1MB (=1048576) (default)
2019-09-10 13:18:59,823 [main] INFO  server.RaftServerConfigKeys (ConfUtils.java:logGet(43)) - raft.server.rpc.request.timeout = 3000ms (default)
2019-09-10 13:18:59,983 [main] INFO  server.RaftServerConfigKeys (ConfUtils.java:logGet(43)) - raft.server.storage.dir = [/workdir/hadoop-ozone/integration-test/target/test-dir/MiniOzoneClusterImpl-bbba21db-ec34-461e-a1c1-b53f0753d0be/datanode-0/data/ratis] (custom)
2019-09-10 13:19:00,037 [main] INFO  hdfs.DFSUtil (DFSUtil.java:httpServerTemplateForNNAndJN(1641)) - Starting Web-server for hddsDatanode at: http://0.0.0.0:0
2019-09-10 13:19:00,040 [main] INFO  server.AuthenticationFilter (AuthenticationFilter.java:constructSecretProvider(240)) - Unable to initialize FileSignerSecretProvider, falling back to use random secrets.
2019-09-10 13:19:00,041 [main] WARN  http.HttpRequestLog (HttpRequestLog.java:getRequestLog(97)) - Jetty request log can only be enabled using Log4j
2019-09-10 13:19:00,043 [main] INFO  http.HttpServer2 (HttpServer2.java:addGlobalFilter(975)) - Added global filter 'safety' (class=org.apache.hadoop.http.HttpServer2$QuotingInputFilter)
2019-09-10 13:19:00,044 [main] INFO  http.HttpServer2 (HttpServer2.java:addFilter(948)) - Added filter static_user_filter (class=org.apache.hadoop.http.lib.StaticUserWebFilter$StaticUserFilter) to context hddsDatanode
2019-09-10 13:19:00,044 [main] INFO  http.HttpServer2 (HttpServer2.java:addFilter(958)) - Added filter static_user_filter (class=org.apache.hadoop.http.lib.StaticUserWebFilter$StaticUserFilter) to context logs
2019-09-10 13:19:00,044 [main] INFO  http.HttpServer2 (HttpServer2.java:addFilter(958)) - Added filter static_user_filter (class=org.apache.hadoop.http.lib.StaticUserWebFilter$StaticUserFilter) to context static
2019-09-10 13:19:00,046 [main] INFO  http.HttpServer2 (HttpServer2.java:bindListener(1191)) - Jetty bound to port 33314
2019-09-10 13:19:00,046 [main] INFO  server.Server (Server.java:doStart(351)) - jetty-9.3.24.v20180605, build timestamp: 2018-06-05T17:11:56Z, git hash: 84205aa28f11a4f31f2a3b86d1bba2cc8ab69827
2019-09-10 13:19:00,049 [main] INFO  handler.ContextHandler (ContextHandler.java:doStart(781)) - Started o.e.j.s.ServletContextHandler@1effd53c{/logs,file:///workdir/hadoop-ozone/integration-test/target/log,AVAILABLE}
2019-09-10 13:19:00,049 [main] INFO  handler.ContextHandler (ContextHandler.java:doStart(781)) - Started o.e.j.s.ServletContextHandler@6920614{/static,jar:file:/home/user/.m2/repository/org/apache/hadoop/hadoop-hdds-container-service/0.5.0-SNAPSHOT/hadoop-hdds-container-service-0.5.0-SNAPSHOT.jar!/webapps/static,AVAILABLE}
2019-09-10 13:19:00,083 [main] INFO  handler.ContextHandler (ContextHandler.java:doStart(781)) - Started o.e.j.w.WebAppContext@476fe690{/,file:///tmp/jetty-0.0.0.0-33314-hddsDatanode-_-any-4655935064312117678.dir/webapp/,AVAILABLE}{/hddsDatanode}
2019-09-10 13:19:00,084 [main] INFO  server.AbstractConnector (AbstractConnector.java:doStart(278)) - Started ServerConnector@7a0e7ecd{HTTP/1.1,[http/1.1]}{0.0.0.0:33314}
2019-09-10 13:19:00,085 [main] INFO  server.Server (Server.java:doStart(419)) - Started @5398ms
2019-09-10 13:19:00,085 [main] WARN  impl.MetricsSystemImpl (MetricsSystemImpl.java:register(276)) - Sink prometheus already exists!
2019-09-10 13:19:00,088 [main] INFO  server.BaseHttpServer (BaseHttpServer.java:updateConnectorAddress(215)) - HTTP server of HDDSDATANODE is listening at http://0.0.0.0:33314
2019-09-10 13:19:00,089 [main] INFO  impl.MetricsSystemImpl (MetricsSystemImpl.java:init(158)) - HddsDatanode metrics system started (again)
2019-09-10 13:19:00,091 [main] INFO  ozone.HddsDatanodeService (HddsDatanodeService.java:start(184)) - HddsDatanodeService host:pr-hdds-1879-pp2l2-2511026898 ip:192.168.34.50
2019-09-10 13:19:00,096 [org.apache.hadoop.util.JvmPauseMonitor$Monitor@61382c65] INFO  util.JvmPauseMonitor (JvmPauseMonitor.java:run(188)) - Starting JVM pause monitor
2019-09-10 13:19:00,100 [main] INFO  volume.HddsVolume (HddsVolume.java:<init>(176)) - Creating Volume: /workdir/hadoop-ozone/integration-test/target/test-dir/MiniOzoneClusterImpl-bbba21db-ec34-461e-a1c1-b53f0753d0be/datanode-1/data/containers/hdds of  storage type : DISK and capacity : 1482555576320
2019-09-10 13:19:00,101 [main] INFO  volume.VolumeSet (VolumeSet.java:initializeVolumeSet(170)) - Added Volume : /workdir/hadoop-ozone/integration-test/target/test-dir/MiniOzoneClusterImpl-bbba21db-ec34-461e-a1c1-b53f0753d0be/datanode-1/data/containers/hdds to VolumeSet
2019-09-10 13:19:00,101 [main] INFO  volume.ThrottledAsyncChecker (ThrottledAsyncChecker.java:schedule(139)) - Scheduling a check for org.apache.hadoop.ozone.container.common.volume.HddsVolume@623dcf2a
2019-09-10 13:19:00,102 [main] INFO  volume.HddsVolumeChecker (HddsVolumeChecker.java:checkAllVolumes(202)) - Scheduled health check for volume org.apache.hadoop.ozone.container.common.volume.HddsVolume@623dcf2a
2019-09-10 13:19:00,118 [main] INFO  impl.RaftServerProxy (ConfUtils.java:logGet(43)) - raft.rpc.type = GRPC (default)
2019-09-10 13:19:00,119 [main] INFO  grpc.GrpcFactory (GrpcFactory.java:checkPooledByteBufAllocatorUseCacheForAllThreads(45)) - PERFORMANCE WARNING: useCacheForAllThreads is true that may cause Netty to create a lot garbage objects and, as a result, trigger GC.
	It is recommended to disable useCacheForAllThreads by setting -Dorg.apache.ratis.thirdparty.io.netty.allocator.useCacheForAllThreads=false in command line.
2019-09-10 13:19:00,119 [main] INFO  grpc.GrpcConfigKeys$Server (ConfUtils.java:logGet(43)) - raft.grpc.server.port = 0 (default)
2019-09-10 13:19:00,119 [main] INFO  server.GrpcService (ConfUtils.java:logGet(43)) - raft.grpc.message.size.max = 33570816 (custom)
2019-09-10 13:19:00,120 [main] INFO  server.RaftServerConfigKeys (ConfUtils.java:logGet(43)) - raft.server.log.appender.buffer.byte-limit = 33554432 (custom)
2019-09-10 13:19:00,120 [main] INFO  server.GrpcService (ConfUtils.java:logGet(43)) - raft.grpc.flow.control.window = 1MB (=1048576) (default)
2019-09-10 13:19:00,120 [main] INFO  server.RaftServerConfigKeys (ConfUtils.java:logGet(43)) - raft.server.rpc.request.timeout = 3000ms (default)
2019-09-10 13:19:00,121 [main] INFO  server.RaftServerConfigKeys (ConfUtils.java:logGet(43)) - raft.server.storage.dir = [/workdir/hadoop-ozone/integration-test/target/test-dir/MiniOzoneClusterImpl-bbba21db-ec34-461e-a1c1-b53f0753d0be/datanode-1/data/ratis] (custom)
2019-09-10 13:19:00,124 [main] INFO  hdfs.DFSUtil (DFSUtil.java:httpServerTemplateForNNAndJN(1641)) - Starting Web-server for hddsDatanode at: http://0.0.0.0:0
2019-09-10 13:19:00,125 [main] INFO  server.AuthenticationFilter (AuthenticationFilter.java:constructSecretProvider(240)) - Unable to initialize FileSignerSecretProvider, falling back to use random secrets.
2019-09-10 13:19:00,126 [main] WARN  http.HttpRequestLog (HttpRequestLog.java:getRequestLog(97)) - Jetty request log can only be enabled using Log4j
2019-09-10 13:19:00,128 [main] INFO  http.HttpServer2 (HttpServer2.java:addGlobalFilter(975)) - Added global filter 'safety' (class=org.apache.hadoop.http.HttpServer2$QuotingInputFilter)
2019-09-10 13:19:00,128 [main] INFO  http.HttpServer2 (HttpServer2.java:addFilter(948)) - Added filter static_user_filter (class=org.apache.hadoop.http.lib.StaticUserWebFilter$StaticUserFilter) to context hddsDatanode
2019-09-10 13:19:00,128 [main] INFO  http.HttpServer2 (HttpServer2.java:addFilter(958)) - Added filter static_user_filter (class=org.apache.hadoop.http.lib.StaticUserWebFilter$StaticUserFilter) to context logs
2019-09-10 13:19:00,129 [main] INFO  http.HttpServer2 (HttpServer2.java:addFilter(958)) - Added filter static_user_filter (class=org.apache.hadoop.http.lib.StaticUserWebFilter$StaticUserFilter) to context static
2019-09-10 13:19:00,130 [main] INFO  http.HttpServer2 (HttpServer2.java:bindListener(1191)) - Jetty bound to port 45143
2019-09-10 13:19:00,130 [main] INFO  server.Server (Server.java:doStart(351)) - jetty-9.3.24.v20180605, build timestamp: 2018-06-05T17:11:56Z, git hash: 84205aa28f11a4f31f2a3b86d1bba2cc8ab69827
2019-09-10 13:19:00,135 [main] INFO  handler.ContextHandler (ContextHandler.java:doStart(781)) - Started o.e.j.s.ServletContextHandler@654c7d2d{/logs,file:///workdir/hadoop-ozone/integration-test/target/log,AVAILABLE}
2019-09-10 13:19:00,136 [main] INFO  handler.ContextHandler (ContextHandler.java:doStart(781)) - Started o.e.j.s.ServletContextHandler@15400fff{/static,jar:file:/home/user/.m2/repository/org/apache/hadoop/hadoop-hdds-container-service/0.5.0-SNAPSHOT/hadoop-hdds-container-service-0.5.0-SNAPSHOT.jar!/webapps/static,AVAILABLE}
2019-09-10 13:19:00,179 [main] INFO  handler.ContextHandler (ContextHandler.java:doStart(781)) - Started o.e.j.w.WebAppContext@25ad4f71{/,file:///tmp/jetty-0.0.0.0-45143-hddsDatanode-_-any-132698414785191968.dir/webapp/,AVAILABLE}{/hddsDatanode}
2019-09-10 13:19:00,181 [main] INFO  server.AbstractConnector (AbstractConnector.java:doStart(278)) - Started ServerConnector@49faf066{HTTP/1.1,[http/1.1]}{0.0.0.0:45143}
2019-09-10 13:19:00,182 [main] INFO  server.Server (Server.java:doStart(419)) - Started @5496ms
2019-09-10 13:19:00,182 [main] WARN  impl.MetricsSystemImpl (MetricsSystemImpl.java:register(276)) - Sink prometheus already exists!
2019-09-10 13:19:00,184 [main] INFO  server.BaseHttpServer (BaseHttpServer.java:updateConnectorAddress(215)) - HTTP server of HDDSDATANODE is listening at http://0.0.0.0:45143
2019-09-10 13:19:00,184 [main] INFO  impl.MetricsSystemImpl (MetricsSystemImpl.java:init(158)) - HddsDatanode metrics system started (again)
2019-09-10 13:19:00,188 [org.apache.hadoop.util.JvmPauseMonitor$Monitor@6201ded] INFO  util.JvmPauseMonitor (JvmPauseMonitor.java:run(188)) - Starting JVM pause monitor
2019-09-10 13:19:00,189 [main] INFO  ozone.HddsDatanodeService (HddsDatanodeService.java:start(184)) - HddsDatanodeService host:pr-hdds-1879-pp2l2-2511026898 ip:192.168.34.50
2019-09-10 13:19:00,199 [main] INFO  volume.HddsVolume (HddsVolume.java:<init>(176)) - Creating Volume: /workdir/hadoop-ozone/integration-test/target/test-dir/MiniOzoneClusterImpl-bbba21db-ec34-461e-a1c1-b53f0753d0be/datanode-2/data/containers/hdds of  storage type : DISK and capacity : 1482555576320
2019-09-10 13:19:00,199 [main] INFO  volume.VolumeSet (VolumeSet.java:initializeVolumeSet(170)) - Added Volume : /workdir/hadoop-ozone/integration-test/target/test-dir/MiniOzoneClusterImpl-bbba21db-ec34-461e-a1c1-b53f0753d0be/datanode-2/data/containers/hdds to VolumeSet
2019-09-10 13:19:00,200 [main] INFO  volume.ThrottledAsyncChecker (ThrottledAsyncChecker.java:schedule(139)) - Scheduling a check for org.apache.hadoop.ozone.container.common.volume.HddsVolume@524a076e
2019-09-10 13:19:00,201 [main] INFO  volume.HddsVolumeChecker (HddsVolumeChecker.java:checkAllVolumes(202)) - Scheduled health check for volume org.apache.hadoop.ozone.container.common.volume.HddsVolume@524a076e
2019-09-10 13:19:00,219 [Datanode State Machine Thread - 0] INFO  datanode.InitDatanodeState (InitDatanodeState.java:persistContainerDatanodeDetails(140)) - DatanodeDetails is persisted to /workdir/hadoop-ozone/integration-test/target/test-dir/MiniOzoneClusterImpl-bbba21db-ec34-461e-a1c1-b53f0753d0be/datanode-0/meta/datanode.id
2019-09-10 13:19:00,223 [main] INFO  impl.RaftServerProxy (ConfUtils.java:logGet(43)) - raft.rpc.type = GRPC (default)
2019-09-10 13:19:00,224 [main] INFO  grpc.GrpcFactory (GrpcFactory.java:checkPooledByteBufAllocatorUseCacheForAllThreads(45)) - PERFORMANCE WARNING: useCacheForAllThreads is true that may cause Netty to create a lot garbage objects and, as a result, trigger GC.
	It is recommended to disable useCacheForAllThreads by setting -Dorg.apache.ratis.thirdparty.io.netty.allocator.useCacheForAllThreads=false in command line.
2019-09-10 13:19:00,224 [main] INFO  grpc.GrpcConfigKeys$Server (ConfUtils.java:logGet(43)) - raft.grpc.server.port = 0 (default)
2019-09-10 13:19:00,224 [Datanode State Machine Thread - 0] INFO  datanode.InitDatanodeState (InitDatanodeState.java:persistContainerDatanodeDetails(140)) - DatanodeDetails is persisted to /workdir/hadoop-ozone/integration-test/target/test-dir/MiniOzoneClusterImpl-bbba21db-ec34-461e-a1c1-b53f0753d0be/datanode-1/meta/datanode.id
2019-09-10 13:19:00,225 [main] INFO  server.GrpcService (ConfUtils.java:logGet(43)) - raft.grpc.message.size.max = 33570816 (custom)
2019-09-10 13:19:00,225 [main] INFO  server.RaftServerConfigKeys (ConfUtils.java:logGet(43)) - raft.server.log.appender.buffer.byte-limit = 33554432 (custom)
2019-09-10 13:19:00,226 [main] INFO  server.GrpcService (ConfUtils.java:logGet(43)) - raft.grpc.flow.control.window = 1MB (=1048576) (default)
2019-09-10 13:19:00,226 [main] INFO  server.RaftServerConfigKeys (ConfUtils.java:logGet(43)) - raft.server.rpc.request.timeout = 3000ms (default)
2019-09-10 13:19:00,227 [main] INFO  server.RaftServerConfigKeys (ConfUtils.java:logGet(43)) - raft.server.storage.dir = [/workdir/hadoop-ozone/integration-test/target/test-dir/MiniOzoneClusterImpl-bbba21db-ec34-461e-a1c1-b53f0753d0be/datanode-2/data/ratis] (custom)
2019-09-10 13:19:00,229 [main] INFO  hdfs.DFSUtil (DFSUtil.java:httpServerTemplateForNNAndJN(1641)) - Starting Web-server for hddsDatanode at: http://0.0.0.0:0
2019-09-10 13:19:00,231 [main] INFO  server.AuthenticationFilter (AuthenticationFilter.java:constructSecretProvider(240)) - Unable to initialize FileSignerSecretProvider, falling back to use random secrets.
2019-09-10 13:19:00,232 [main] WARN  http.HttpRequestLog (HttpRequestLog.java:getRequestLog(97)) - Jetty request log can only be enabled using Log4j
2019-09-10 13:19:00,233 [main] INFO  http.HttpServer2 (HttpServer2.java:addGlobalFilter(975)) - Added global filter 'safety' (class=org.apache.hadoop.http.HttpServer2$QuotingInputFilter)
2019-09-10 13:19:00,234 [main] INFO  http.HttpServer2 (HttpServer2.java:addFilter(948)) - Added filter static_user_filter (class=org.apache.hadoop.http.lib.StaticUserWebFilter$StaticUserFilter) to context hddsDatanode
2019-09-10 13:19:00,234 [main] INFO  http.HttpServer2 (HttpServer2.java:addFilter(958)) - Added filter static_user_filter (class=org.apache.hadoop.http.lib.StaticUserWebFilter$StaticUserFilter) to context static
2019-09-10 13:19:00,235 [main] INFO  http.HttpServer2 (HttpServer2.java:addFilter(958)) - Added filter static_user_filter (class=org.apache.hadoop.http.lib.StaticUserWebFilter$StaticUserFilter) to context logs
2019-09-10 13:19:00,236 [main] INFO  http.HttpServer2 (HttpServer2.java:bindListener(1191)) - Jetty bound to port 45349
2019-09-10 13:19:00,236 [main] INFO  server.Server (Server.java:doStart(351)) - jetty-9.3.24.v20180605, build timestamp: 2018-06-05T17:11:56Z, git hash: 84205aa28f11a4f31f2a3b86d1bba2cc8ab69827
2019-09-10 13:19:00,238 [main] INFO  handler.ContextHandler (ContextHandler.java:doStart(781)) - Started o.e.j.s.ServletContextHandler@2e66bc32{/logs,file:///workdir/hadoop-ozone/integration-test/target/log,AVAILABLE}
2019-09-10 13:19:00,239 [main] INFO  handler.ContextHandler (ContextHandler.java:doStart(781)) - Started o.e.j.s.ServletContextHandler@4b65d9f4{/static,jar:file:/home/user/.m2/repository/org/apache/hadoop/hadoop-hdds-container-service/0.5.0-SNAPSHOT/hadoop-hdds-container-service-0.5.0-SNAPSHOT.jar!/webapps/static,AVAILABLE}
2019-09-10 13:19:00,272 [main] INFO  handler.ContextHandler (ContextHandler.java:doStart(781)) - Started o.e.j.w.WebAppContext@4745e9c{/,file:///tmp/jetty-0.0.0.0-45349-hddsDatanode-_-any-386931221711951125.dir/webapp/,AVAILABLE}{/hddsDatanode}
2019-09-10 13:19:00,273 [main] INFO  server.AbstractConnector (AbstractConnector.java:doStart(278)) - Started ServerConnector@2f2bff16{HTTP/1.1,[http/1.1]}{0.0.0.0:45349}
2019-09-10 13:19:00,274 [main] INFO  server.Server (Server.java:doStart(419)) - Started @5587ms
2019-09-10 13:19:00,275 [main] WARN  impl.MetricsSystemImpl (MetricsSystemImpl.java:register(276)) - Sink prometheus already exists!
2019-09-10 13:19:00,276 [main] INFO  server.BaseHttpServer (BaseHttpServer.java:updateConnectorAddress(215)) - HTTP server of HDDSDATANODE is listening at http://0.0.0.0:45349
2019-09-10 13:19:00,276 [main] INFO  impl.MetricsSystemImpl (MetricsSystemImpl.java:init(158)) - HddsDatanode metrics system started (again)
2019-09-10 13:19:00,279 [main] INFO  ozone.HddsDatanodeService (HddsDatanodeService.java:start(184)) - HddsDatanodeService host:pr-hdds-1879-pp2l2-2511026898 ip:192.168.34.50
2019-09-10 13:19:00,280 [org.apache.hadoop.util.JvmPauseMonitor$Monitor@14806e4f] INFO  util.JvmPauseMonitor (JvmPauseMonitor.java:run(188)) - Starting JVM pause monitor
2019-09-10 13:19:00,283 [Datanode State Machine Thread - 0] INFO  datanode.InitDatanodeState (InitDatanodeState.java:persistContainerDatanodeDetails(140)) - DatanodeDetails is persisted to /workdir/hadoop-ozone/integration-test/target/test-dir/MiniOzoneClusterImpl-bbba21db-ec34-461e-a1c1-b53f0753d0be/datanode-2/meta/datanode.id
2019-09-10 13:19:00,289 [main] INFO  volume.HddsVolume (HddsVolume.java:<init>(176)) - Creating Volume: /workdir/hadoop-ozone/integration-test/target/test-dir/MiniOzoneClusterImpl-bbba21db-ec34-461e-a1c1-b53f0753d0be/datanode-3/data/containers/hdds of  storage type : DISK and capacity : 1482555576320
2019-09-10 13:19:00,289 [main] INFO  volume.VolumeSet (VolumeSet.java:initializeVolumeSet(170)) - Added Volume : /workdir/hadoop-ozone/integration-test/target/test-dir/MiniOzoneClusterImpl-bbba21db-ec34-461e-a1c1-b53f0753d0be/datanode-3/data/containers/hdds to VolumeSet
2019-09-10 13:19:00,289 [main] INFO  volume.ThrottledAsyncChecker (ThrottledAsyncChecker.java:schedule(139)) - Scheduling a check for org.apache.hadoop.ozone.container.common.volume.HddsVolume@6342d610
2019-09-10 13:19:00,290 [main] INFO  volume.HddsVolumeChecker (HddsVolumeChecker.java:checkAllVolumes(202)) - Scheduled health check for volume org.apache.hadoop.ozone.container.common.volume.HddsVolume@6342d610
2019-09-10 13:19:00,303 [main] INFO  impl.RaftServerProxy (ConfUtils.java:logGet(43)) - raft.rpc.type = GRPC (default)
2019-09-10 13:19:00,304 [main] INFO  grpc.GrpcFactory (GrpcFactory.java:checkPooledByteBufAllocatorUseCacheForAllThreads(45)) - PERFORMANCE WARNING: useCacheForAllThreads is true that may cause Netty to create a lot garbage objects and, as a result, trigger GC.
	It is recommended to disable useCacheForAllThreads by setting -Dorg.apache.ratis.thirdparty.io.netty.allocator.useCacheForAllThreads=false in command line.
2019-09-10 13:19:00,304 [main] INFO  grpc.GrpcConfigKeys$Server (ConfUtils.java:logGet(43)) - raft.grpc.server.port = 0 (default)
2019-09-10 13:19:00,304 [main] INFO  server.GrpcService (ConfUtils.java:logGet(43)) - raft.grpc.message.size.max = 33570816 (custom)
2019-09-10 13:19:00,304 [main] INFO  server.RaftServerConfigKeys (ConfUtils.java:logGet(43)) - raft.server.log.appender.buffer.byte-limit = 33554432 (custom)
2019-09-10 13:19:00,305 [main] INFO  server.GrpcService (ConfUtils.java:logGet(43)) - raft.grpc.flow.control.window = 1MB (=1048576) (default)
2019-09-10 13:19:00,305 [main] INFO  server.RaftServerConfigKeys (ConfUtils.java:logGet(43)) - raft.server.rpc.request.timeout = 3000ms (default)
2019-09-10 13:19:00,305 [main] INFO  server.RaftServerConfigKeys (ConfUtils.java:logGet(43)) - raft.server.storage.dir = [/workdir/hadoop-ozone/integration-test/target/test-dir/MiniOzoneClusterImpl-bbba21db-ec34-461e-a1c1-b53f0753d0be/datanode-3/data/ratis] (custom)
2019-09-10 13:19:00,307 [main] INFO  hdfs.DFSUtil (DFSUtil.java:httpServerTemplateForNNAndJN(1641)) - Starting Web-server for hddsDatanode at: http://0.0.0.0:0
2019-09-10 13:19:00,308 [main] INFO  server.AuthenticationFilter (AuthenticationFilter.java:constructSecretProvider(240)) - Unable to initialize FileSignerSecretProvider, falling back to use random secrets.
2019-09-10 13:19:00,309 [main] WARN  http.HttpRequestLog (HttpRequestLog.java:getRequestLog(97)) - Jetty request log can only be enabled using Log4j
2019-09-10 13:19:00,310 [main] INFO  http.HttpServer2 (HttpServer2.java:addGlobalFilter(975)) - Added global filter 'safety' (class=org.apache.hadoop.http.HttpServer2$QuotingInputFilter)
2019-09-10 13:19:00,311 [main] INFO  http.HttpServer2 (HttpServer2.java:addFilter(948)) - Added filter static_user_filter (class=org.apache.hadoop.http.lib.StaticUserWebFilter$StaticUserFilter) to context hddsDatanode
2019-09-10 13:19:00,311 [main] INFO  http.HttpServer2 (HttpServer2.java:addFilter(958)) - Added filter static_user_filter (class=org.apache.hadoop.http.lib.StaticUserWebFilter$StaticUserFilter) to context static
2019-09-10 13:19:00,311 [main] INFO  http.HttpServer2 (HttpServer2.java:addFilter(958)) - Added filter static_user_filter (class=org.apache.hadoop.http.lib.StaticUserWebFilter$StaticUserFilter) to context logs
2019-09-10 13:19:00,312 [main] INFO  http.HttpServer2 (HttpServer2.java:bindListener(1191)) - Jetty bound to port 36799
2019-09-10 13:19:00,312 [main] INFO  server.Server (Server.java:doStart(351)) - jetty-9.3.24.v20180605, build timestamp: 2018-06-05T17:11:56Z, git hash: 84205aa28f11a4f31f2a3b86d1bba2cc8ab69827
2019-09-10 13:19:00,316 [main] INFO  handler.ContextHandler (ContextHandler.java:doStart(781)) - Started o.e.j.s.ServletContextHandler@74ecacc3{/logs,file:///workdir/hadoop-ozone/integration-test/target/log,AVAILABLE}
2019-09-10 13:19:00,317 [main] INFO  handler.ContextHandler (ContextHandler.java:doStart(781)) - Started o.e.j.s.ServletContextHandler@53b7ce6{/static,jar:file:/home/user/.m2/repository/org/apache/hadoop/hadoop-hdds-container-service/0.5.0-SNAPSHOT/hadoop-hdds-container-service-0.5.0-SNAPSHOT.jar!/webapps/static,AVAILABLE}
2019-09-10 13:19:00,345 [main] INFO  handler.ContextHandler (ContextHandler.java:doStart(781)) - Started o.e.j.w.WebAppContext@7d44a19{/,file:///tmp/jetty-0.0.0.0-36799-hddsDatanode-_-any-2031741742988556583.dir/webapp/,AVAILABLE}{/hddsDatanode}
2019-09-10 13:19:00,346 [main] INFO  server.AbstractConnector (AbstractConnector.java:doStart(278)) - Started ServerConnector@1fb2d5e{HTTP/1.1,[http/1.1]}{0.0.0.0:36799}
2019-09-10 13:19:00,347 [main] INFO  server.Server (Server.java:doStart(419)) - Started @5660ms
2019-09-10 13:19:00,347 [main] WARN  impl.MetricsSystemImpl (MetricsSystemImpl.java:register(276)) - Sink prometheus already exists!
2019-09-10 13:19:00,349 [main] INFO  server.BaseHttpServer (BaseHttpServer.java:updateConnectorAddress(215)) - HTTP server of HDDSDATANODE is listening at http://0.0.0.0:36799
2019-09-10 13:19:00,349 [main] INFO  impl.MetricsSystemImpl (MetricsSystemImpl.java:init(158)) - HddsDatanode metrics system started (again)
2019-09-10 13:19:00,352 [main] INFO  ozone.HddsDatanodeService (HddsDatanodeService.java:start(184)) - HddsDatanodeService host:pr-hdds-1879-pp2l2-2511026898 ip:192.168.34.50
2019-09-10 13:19:00,353 [org.apache.hadoop.util.JvmPauseMonitor$Monitor@5f26dc1c] INFO  util.JvmPauseMonitor (JvmPauseMonitor.java:run(188)) - Starting JVM pause monitor
2019-09-10 13:19:00,356 [Datanode State Machine Thread - 0] INFO  datanode.InitDatanodeState (InitDatanodeState.java:persistContainerDatanodeDetails(140)) - DatanodeDetails is persisted to /workdir/hadoop-ozone/integration-test/target/test-dir/MiniOzoneClusterImpl-bbba21db-ec34-461e-a1c1-b53f0753d0be/datanode-3/meta/datanode.id
2019-09-10 13:19:00,365 [main] INFO  volume.HddsVolume (HddsVolume.java:<init>(176)) - Creating Volume: /workdir/hadoop-ozone/integration-test/target/test-dir/MiniOzoneClusterImpl-bbba21db-ec34-461e-a1c1-b53f0753d0be/datanode-4/data/containers/hdds of  storage type : DISK and capacity : 1482555576320
2019-09-10 13:19:00,366 [main] INFO  volume.VolumeSet (VolumeSet.java:initializeVolumeSet(170)) - Added Volume : /workdir/hadoop-ozone/integration-test/target/test-dir/MiniOzoneClusterImpl-bbba21db-ec34-461e-a1c1-b53f0753d0be/datanode-4/data/containers/hdds to VolumeSet
2019-09-10 13:19:00,366 [main] INFO  volume.ThrottledAsyncChecker (ThrottledAsyncChecker.java:schedule(139)) - Scheduling a check for org.apache.hadoop.ozone.container.common.volume.HddsVolume@73844119
2019-09-10 13:19:00,367 [main] INFO  volume.HddsVolumeChecker (HddsVolumeChecker.java:checkAllVolumes(202)) - Scheduled health check for volume org.apache.hadoop.ozone.container.common.volume.HddsVolume@73844119
2019-09-10 13:19:00,384 [main] INFO  impl.RaftServerProxy (ConfUtils.java:logGet(43)) - raft.rpc.type = GRPC (default)
2019-09-10 13:19:00,384 [main] INFO  grpc.GrpcFactory (GrpcFactory.java:checkPooledByteBufAllocatorUseCacheForAllThreads(45)) - PERFORMANCE WARNING: useCacheForAllThreads is true that may cause Netty to create a lot garbage objects and, as a result, trigger GC.
	It is recommended to disable useCacheForAllThreads by setting -Dorg.apache.ratis.thirdparty.io.netty.allocator.useCacheForAllThreads=false in command line.
2019-09-10 13:19:00,385 [main] INFO  grpc.GrpcConfigKeys$Server (ConfUtils.java:logGet(43)) - raft.grpc.server.port = 0 (default)
2019-09-10 13:19:00,385 [main] INFO  server.GrpcService (ConfUtils.java:logGet(43)) - raft.grpc.message.size.max = 33570816 (custom)
2019-09-10 13:19:00,385 [main] INFO  server.RaftServerConfigKeys (ConfUtils.java:logGet(43)) - raft.server.log.appender.buffer.byte-limit = 33554432 (custom)
2019-09-10 13:19:00,386 [main] INFO  server.GrpcService (ConfUtils.java:logGet(43)) - raft.grpc.flow.control.window = 1MB (=1048576) (default)
2019-09-10 13:19:00,386 [main] INFO  server.RaftServerConfigKeys (ConfUtils.java:logGet(43)) - raft.server.rpc.request.timeout = 3000ms (default)
2019-09-10 13:19:00,387 [main] INFO  server.RaftServerConfigKeys (ConfUtils.java:logGet(43)) - raft.server.storage.dir = [/workdir/hadoop-ozone/integration-test/target/test-dir/MiniOzoneClusterImpl-bbba21db-ec34-461e-a1c1-b53f0753d0be/datanode-4/data/ratis] (custom)
2019-09-10 13:19:00,389 [main] INFO  hdfs.DFSUtil (DFSUtil.java:httpServerTemplateForNNAndJN(1641)) - Starting Web-server for hddsDatanode at: http://0.0.0.0:0
2019-09-10 13:19:00,391 [main] INFO  server.AuthenticationFilter (AuthenticationFilter.java:constructSecretProvider(240)) - Unable to initialize FileSignerSecretProvider, falling back to use random secrets.
2019-09-10 13:19:00,391 [main] WARN  http.HttpRequestLog (HttpRequestLog.java:getRequestLog(97)) - Jetty request log can only be enabled using Log4j
2019-09-10 13:19:00,393 [main] INFO  http.HttpServer2 (HttpServer2.java:addGlobalFilter(975)) - Added global filter 'safety' (class=org.apache.hadoop.http.HttpServer2$QuotingInputFilter)
2019-09-10 13:19:00,394 [main] INFO  http.HttpServer2 (HttpServer2.java:addFilter(948)) - Added filter static_user_filter (class=org.apache.hadoop.http.lib.StaticUserWebFilter$StaticUserFilter) to context hddsDatanode
2019-09-10 13:19:00,394 [main] INFO  http.HttpServer2 (HttpServer2.java:addFilter(958)) - Added filter static_user_filter (class=org.apache.hadoop.http.lib.StaticUserWebFilter$StaticUserFilter) to context logs
2019-09-10 13:19:00,394 [main] INFO  http.HttpServer2 (HttpServer2.java:addFilter(958)) - Added filter static_user_filter (class=org.apache.hadoop.http.lib.StaticUserWebFilter$StaticUserFilter) to context static
2019-09-10 13:19:00,395 [main] INFO  http.HttpServer2 (HttpServer2.java:bindListener(1191)) - Jetty bound to port 32847
2019-09-10 13:19:00,395 [main] INFO  server.Server (Server.java:doStart(351)) - jetty-9.3.24.v20180605, build timestamp: 2018-06-05T17:11:56Z, git hash: 84205aa28f11a4f31f2a3b86d1bba2cc8ab69827
2019-09-10 13:19:00,398 [main] INFO  handler.ContextHandler (ContextHandler.java:doStart(781)) - Started o.e.j.s.ServletContextHandler@77a074b4{/logs,file:///workdir/hadoop-ozone/integration-test/target/log,AVAILABLE}
2019-09-10 13:19:00,399 [main] INFO  handler.ContextHandler (ContextHandler.java:doStart(781)) - Started o.e.j.s.ServletContextHandler@6c0e13b7{/static,jar:file:/home/user/.m2/repository/org/apache/hadoop/hadoop-hdds-container-service/0.5.0-SNAPSHOT/hadoop-hdds-container-service-0.5.0-SNAPSHOT.jar!/webapps/static,AVAILABLE}
2019-09-10 13:19:00,432 [main] INFO  handler.ContextHandler (ContextHandler.java:doStart(781)) - Started o.e.j.w.WebAppContext@38ed139b{/,file:///tmp/jetty-0.0.0.0-32847-hddsDatanode-_-any-5243663567808552522.dir/webapp/,AVAILABLE}{/hddsDatanode}
2019-09-10 13:19:00,433 [main] INFO  server.AbstractConnector (AbstractConnector.java:doStart(278)) - Started ServerConnector@a5272be{HTTP/1.1,[http/1.1]}{0.0.0.0:32847}
2019-09-10 13:19:00,433 [main] INFO  server.Server (Server.java:doStart(419)) - Started @5747ms
2019-09-10 13:19:00,433 [main] WARN  impl.MetricsSystemImpl (MetricsSystemImpl.java:register(276)) - Sink prometheus already exists!
2019-09-10 13:19:00,434 [main] INFO  server.BaseHttpServer (BaseHttpServer.java:updateConnectorAddress(215)) - HTTP server of HDDSDATANODE is listening at http://0.0.0.0:32847
2019-09-10 13:19:00,434 [main] INFO  impl.MetricsSystemImpl (MetricsSystemImpl.java:init(158)) - HddsDatanode metrics system started (again)
2019-09-10 13:19:00,438 [main] INFO  ozone.HddsDatanodeService (HddsDatanodeService.java:start(184)) - HddsDatanodeService host:pr-hdds-1879-pp2l2-2511026898 ip:192.168.34.50
2019-09-10 13:19:00,439 [org.apache.hadoop.util.JvmPauseMonitor$Monitor@53d8d097] INFO  util.JvmPauseMonitor (JvmPauseMonitor.java:run(188)) - Starting JVM pause monitor
2019-09-10 13:19:00,442 [Datanode State Machine Thread - 0] INFO  datanode.InitDatanodeState (InitDatanodeState.java:persistContainerDatanodeDetails(140)) - DatanodeDetails is persisted to /workdir/hadoop-ozone/integration-test/target/test-dir/MiniOzoneClusterImpl-bbba21db-ec34-461e-a1c1-b53f0753d0be/datanode-4/meta/datanode.id
2019-09-10 13:19:00,447 [main] INFO  volume.HddsVolume (HddsVolume.java:<init>(176)) - Creating Volume: /workdir/hadoop-ozone/integration-test/target/test-dir/MiniOzoneClusterImpl-bbba21db-ec34-461e-a1c1-b53f0753d0be/datanode-5/data/containers/hdds of  storage type : DISK and capacity : 1482555576320
2019-09-10 13:19:00,447 [main] INFO  volume.VolumeSet (VolumeSet.java:initializeVolumeSet(170)) - Added Volume : /workdir/hadoop-ozone/integration-test/target/test-dir/MiniOzoneClusterImpl-bbba21db-ec34-461e-a1c1-b53f0753d0be/datanode-5/data/containers/hdds to VolumeSet
2019-09-10 13:19:00,447 [main] INFO  volume.ThrottledAsyncChecker (ThrottledAsyncChecker.java:schedule(139)) - Scheduling a check for org.apache.hadoop.ozone.container.common.volume.HddsVolume@2938127d
2019-09-10 13:19:00,448 [main] INFO  volume.HddsVolumeChecker (HddsVolumeChecker.java:checkAllVolumes(202)) - Scheduled health check for volume org.apache.hadoop.ozone.container.common.volume.HddsVolume@2938127d
2019-09-10 13:19:00,467 [main] INFO  impl.RaftServerProxy (ConfUtils.java:logGet(43)) - raft.rpc.type = GRPC (default)
2019-09-10 13:19:00,467 [main] INFO  grpc.GrpcFactory (GrpcFactory.java:checkPooledByteBufAllocatorUseCacheForAllThreads(45)) - PERFORMANCE WARNING: useCacheForAllThreads is true that may cause Netty to create a lot garbage objects and, as a result, trigger GC.
	It is recommended to disable useCacheForAllThreads by setting -Dorg.apache.ratis.thirdparty.io.netty.allocator.useCacheForAllThreads=false in command line.
2019-09-10 13:19:00,467 [main] INFO  grpc.GrpcConfigKeys$Server (ConfUtils.java:logGet(43)) - raft.grpc.server.port = 0 (default)
2019-09-10 13:19:00,468 [main] INFO  server.GrpcService (ConfUtils.java:logGet(43)) - raft.grpc.message.size.max = 33570816 (custom)
2019-09-10 13:19:00,468 [main] INFO  server.RaftServerConfigKeys (ConfUtils.java:logGet(43)) - raft.server.log.appender.buffer.byte-limit = 33554432 (custom)
2019-09-10 13:19:00,468 [main] INFO  server.GrpcService (ConfUtils.java:logGet(43)) - raft.grpc.flow.control.window = 1MB (=1048576) (default)
2019-09-10 13:19:00,468 [main] INFO  server.RaftServerConfigKeys (ConfUtils.java:logGet(43)) - raft.server.rpc.request.timeout = 3000ms (default)
2019-09-10 13:19:00,469 [main] INFO  server.RaftServerConfigKeys (ConfUtils.java:logGet(43)) - raft.server.storage.dir = [/workdir/hadoop-ozone/integration-test/target/test-dir/MiniOzoneClusterImpl-bbba21db-ec34-461e-a1c1-b53f0753d0be/datanode-5/data/ratis] (custom)
2019-09-10 13:19:00,471 [main] INFO  hdfs.DFSUtil (DFSUtil.java:httpServerTemplateForNNAndJN(1641)) - Starting Web-server for hddsDatanode at: http://0.0.0.0:0
2019-09-10 13:19:00,472 [main] INFO  server.AuthenticationFilter (AuthenticationFilter.java:constructSecretProvider(240)) - Unable to initialize FileSignerSecretProvider, falling back to use random secrets.
2019-09-10 13:19:00,473 [main] WARN  http.HttpRequestLog (HttpRequestLog.java:getRequestLog(97)) - Jetty request log can only be enabled using Log4j
2019-09-10 13:19:00,474 [main] INFO  http.HttpServer2 (HttpServer2.java:addGlobalFilter(975)) - Added global filter 'safety' (class=org.apache.hadoop.http.HttpServer2$QuotingInputFilter)
2019-09-10 13:19:00,475 [main] INFO  http.HttpServer2 (HttpServer2.java:addFilter(948)) - Added filter static_user_filter (class=org.apache.hadoop.http.lib.StaticUserWebFilter$StaticUserFilter) to context hddsDatanode
2019-09-10 13:19:00,475 [main] INFO  http.HttpServer2 (HttpServer2.java:addFilter(958)) - Added filter static_user_filter (class=org.apache.hadoop.http.lib.StaticUserWebFilter$StaticUserFilter) to context static
2019-09-10 13:19:00,475 [main] INFO  http.HttpServer2 (HttpServer2.java:addFilter(958)) - Added filter static_user_filter (class=org.apache.hadoop.http.lib.StaticUserWebFilter$StaticUserFilter) to context logs
2019-09-10 13:19:00,476 [main] INFO  http.HttpServer2 (HttpServer2.java:bindListener(1191)) - Jetty bound to port 41051
2019-09-10 13:19:00,476 [main] INFO  server.Server (Server.java:doStart(351)) - jetty-9.3.24.v20180605, build timestamp: 2018-06-05T17:11:56Z, git hash: 84205aa28f11a4f31f2a3b86d1bba2cc8ab69827
2019-09-10 13:19:00,478 [main] INFO  handler.ContextHandler (ContextHandler.java:doStart(781)) - Started o.e.j.s.ServletContextHandler@75d4a80f{/logs,file:///workdir/hadoop-ozone/integration-test/target/log,AVAILABLE}
2019-09-10 13:19:00,478 [main] INFO  handler.ContextHandler (ContextHandler.java:doStart(781)) - Started o.e.j.s.ServletContextHandler@ccf91df{/static,jar:file:/home/user/.m2/repository/org/apache/hadoop/hadoop-hdds-container-service/0.5.0-SNAPSHOT/hadoop-hdds-container-service-0.5.0-SNAPSHOT.jar!/webapps/static,AVAILABLE}
2019-09-10 13:19:00,507 [main] INFO  handler.ContextHandler (ContextHandler.java:doStart(781)) - Started o.e.j.w.WebAppContext@3c83468e{/,file:///tmp/jetty-0.0.0.0-41051-hddsDatanode-_-any-25942817484199349.dir/webapp/,AVAILABLE}{/hddsDatanode}
2019-09-10 13:19:00,509 [main] INFO  server.AbstractConnector (AbstractConnector.java:doStart(278)) - Started ServerConnector@272ce069{HTTP/1.1,[http/1.1]}{0.0.0.0:41051}
2019-09-10 13:19:00,509 [main] INFO  server.Server (Server.java:doStart(419)) - Started @5823ms
2019-09-10 13:19:00,509 [main] WARN  impl.MetricsSystemImpl (MetricsSystemImpl.java:register(276)) - Sink prometheus already exists!
2019-09-10 13:19:00,510 [main] INFO  server.BaseHttpServer (BaseHttpServer.java:updateConnectorAddress(215)) - HTTP server of HDDSDATANODE is listening at http://0.0.0.0:41051
2019-09-10 13:19:00,510 [main] INFO  impl.MetricsSystemImpl (MetricsSystemImpl.java:init(158)) - HddsDatanode metrics system started (again)
2019-09-10 13:19:00,514 [main] INFO  ozone.HddsDatanodeService (HddsDatanodeService.java:start(184)) - HddsDatanodeService host:pr-hdds-1879-pp2l2-2511026898 ip:192.168.34.50
2019-09-10 13:19:00,515 [org.apache.hadoop.util.JvmPauseMonitor$Monitor@4ac1b74d] INFO  util.JvmPauseMonitor (JvmPauseMonitor.java:run(188)) - Starting JVM pause monitor
2019-09-10 13:19:00,518 [Datanode State Machine Thread - 0] INFO  datanode.InitDatanodeState (InitDatanodeState.java:persistContainerDatanodeDetails(140)) - DatanodeDetails is persisted to /workdir/hadoop-ozone/integration-test/target/test-dir/MiniOzoneClusterImpl-bbba21db-ec34-461e-a1c1-b53f0753d0be/datanode-5/meta/datanode.id
2019-09-10 13:19:00,525 [main] INFO  volume.HddsVolume (HddsVolume.java:<init>(176)) - Creating Volume: /workdir/hadoop-ozone/integration-test/target/test-dir/MiniOzoneClusterImpl-bbba21db-ec34-461e-a1c1-b53f0753d0be/datanode-6/data/containers/hdds of  storage type : DISK and capacity : 1482555576320
2019-09-10 13:19:00,525 [main] INFO  volume.VolumeSet (VolumeSet.java:initializeVolumeSet(170)) - Added Volume : /workdir/hadoop-ozone/integration-test/target/test-dir/MiniOzoneClusterImpl-bbba21db-ec34-461e-a1c1-b53f0753d0be/datanode-6/data/containers/hdds to VolumeSet
2019-09-10 13:19:00,525 [main] INFO  volume.ThrottledAsyncChecker (ThrottledAsyncChecker.java:schedule(139)) - Scheduling a check for org.apache.hadoop.ozone.container.common.volume.HddsVolume@2dc3271b
2019-09-10 13:19:00,526 [main] INFO  volume.HddsVolumeChecker (HddsVolumeChecker.java:checkAllVolumes(202)) - Scheduled health check for volume org.apache.hadoop.ozone.container.common.volume.HddsVolume@2dc3271b
2019-09-10 13:19:00,540 [main] INFO  impl.RaftServerProxy (ConfUtils.java:logGet(43)) - raft.rpc.type = GRPC (default)
2019-09-10 13:19:00,540 [main] INFO  grpc.GrpcFactory (GrpcFactory.java:checkPooledByteBufAllocatorUseCacheForAllThreads(45)) - PERFORMANCE WARNING: useCacheForAllThreads is true that may cause Netty to create a lot garbage objects and, as a result, trigger GC.
	It is recommended to disable useCacheForAllThreads by setting -Dorg.apache.ratis.thirdparty.io.netty.allocator.useCacheForAllThreads=false in command line.
2019-09-10 13:19:00,540 [main] INFO  grpc.GrpcConfigKeys$Server (ConfUtils.java:logGet(43)) - raft.grpc.server.port = 0 (default)
2019-09-10 13:19:00,540 [main] INFO  server.GrpcService (ConfUtils.java:logGet(43)) - raft.grpc.message.size.max = 33570816 (custom)
2019-09-10 13:19:00,541 [main] INFO  server.RaftServerConfigKeys (ConfUtils.java:logGet(43)) - raft.server.log.appender.buffer.byte-limit = 33554432 (custom)
2019-09-10 13:19:00,541 [main] INFO  server.GrpcService (ConfUtils.java:logGet(43)) - raft.grpc.flow.control.window = 1MB (=1048576) (default)
2019-09-10 13:19:00,541 [main] INFO  server.RaftServerConfigKeys (ConfUtils.java:logGet(43)) - raft.server.rpc.request.timeout = 3000ms (default)
2019-09-10 13:19:00,542 [main] INFO  server.RaftServerConfigKeys (ConfUtils.java:logGet(43)) - raft.server.storage.dir = [/workdir/hadoop-ozone/integration-test/target/test-dir/MiniOzoneClusterImpl-bbba21db-ec34-461e-a1c1-b53f0753d0be/datanode-6/data/ratis] (custom)
2019-09-10 13:19:00,543 [main] INFO  hdfs.DFSUtil (DFSUtil.java:httpServerTemplateForNNAndJN(1641)) - Starting Web-server for hddsDatanode at: http://0.0.0.0:0
2019-09-10 13:19:00,544 [main] INFO  server.AuthenticationFilter (AuthenticationFilter.java:constructSecretProvider(240)) - Unable to initialize FileSignerSecretProvider, falling back to use random secrets.
2019-09-10 13:19:00,545 [main] WARN  http.HttpRequestLog (HttpRequestLog.java:getRequestLog(97)) - Jetty request log can only be enabled using Log4j
2019-09-10 13:19:00,546 [main] INFO  http.HttpServer2 (HttpServer2.java:addGlobalFilter(975)) - Added global filter 'safety' (class=org.apache.hadoop.http.HttpServer2$QuotingInputFilter)
2019-09-10 13:19:00,547 [main] INFO  http.HttpServer2 (HttpServer2.java:addFilter(948)) - Added filter static_user_filter (class=org.apache.hadoop.http.lib.StaticUserWebFilter$StaticUserFilter) to context hddsDatanode
2019-09-10 13:19:00,547 [main] INFO  http.HttpServer2 (HttpServer2.java:addFilter(958)) - Added filter static_user_filter (class=org.apache.hadoop.http.lib.StaticUserWebFilter$StaticUserFilter) to context logs
2019-09-10 13:19:00,547 [main] INFO  http.HttpServer2 (HttpServer2.java:addFilter(958)) - Added filter static_user_filter (class=org.apache.hadoop.http.lib.StaticUserWebFilter$StaticUserFilter) to context static
2019-09-10 13:19:00,548 [main] INFO  http.HttpServer2 (HttpServer2.java:bindListener(1191)) - Jetty bound to port 41977
2019-09-10 13:19:00,548 [main] INFO  server.Server (Server.java:doStart(351)) - jetty-9.3.24.v20180605, build timestamp: 2018-06-05T17:11:56Z, git hash: 84205aa28f11a4f31f2a3b86d1bba2cc8ab69827
2019-09-10 13:19:00,550 [main] INFO  handler.ContextHandler (ContextHandler.java:doStart(781)) - Started o.e.j.s.ServletContextHandler@1a22e0ef{/logs,file:///workdir/hadoop-ozone/integration-test/target/log,AVAILABLE}
2019-09-10 13:19:00,551 [main] INFO  handler.ContextHandler (ContextHandler.java:doStart(781)) - Started o.e.j.s.ServletContextHandler@3b920bdc{/static,jar:file:/home/user/.m2/repository/org/apache/hadoop/hadoop-hdds-container-service/0.5.0-SNAPSHOT/hadoop-hdds-container-service-0.5.0-SNAPSHOT.jar!/webapps/static,AVAILABLE}
2019-09-10 13:19:00,580 [main] INFO  handler.ContextHandler (ContextHandler.java:doStart(781)) - Started o.e.j.w.WebAppContext@6e4c0d8c{/,file:///tmp/jetty-0.0.0.0-41977-hddsDatanode-_-any-418630838533101084.dir/webapp/,AVAILABLE}{/hddsDatanode}
2019-09-10 13:19:00,580 [main] INFO  server.AbstractConnector (AbstractConnector.java:doStart(278)) - Started ServerConnector@3e3315d9{HTTP/1.1,[http/1.1]}{0.0.0.0:41977}
2019-09-10 13:19:00,581 [main] INFO  server.Server (Server.java:doStart(419)) - Started @5895ms
2019-09-10 13:19:00,582 [main] WARN  impl.MetricsSystemImpl (MetricsSystemImpl.java:register(276)) - Sink prometheus already exists!
2019-09-10 13:19:00,582 [main] INFO  server.BaseHttpServer (BaseHttpServer.java:updateConnectorAddress(215)) - HTTP server of HDDSDATANODE is listening at http://0.0.0.0:41977
2019-09-10 13:19:00,583 [main] INFO  impl.MetricsSystemImpl (MetricsSystemImpl.java:init(158)) - HddsDatanode metrics system started (again)
2019-09-10 13:19:00,587 [main] INFO  ozone.HddsDatanodeService (HddsDatanodeService.java:start(184)) - HddsDatanodeService host:pr-hdds-1879-pp2l2-2511026898 ip:192.168.34.50
2019-09-10 13:19:00,587 [org.apache.hadoop.util.JvmPauseMonitor$Monitor@3d75af6d] INFO  util.JvmPauseMonitor (JvmPauseMonitor.java:run(188)) - Starting JVM pause monitor
2019-09-10 13:19:00,590 [Datanode State Machine Thread - 0] INFO  datanode.InitDatanodeState (InitDatanodeState.java:persistContainerDatanodeDetails(140)) - DatanodeDetails is persisted to /workdir/hadoop-ozone/integration-test/target/test-dir/MiniOzoneClusterImpl-bbba21db-ec34-461e-a1c1-b53f0753d0be/datanode-6/meta/datanode.id
2019-09-10 13:19:00,596 [main] INFO  volume.HddsVolume (HddsVolume.java:<init>(176)) - Creating Volume: /workdir/hadoop-ozone/integration-test/target/test-dir/MiniOzoneClusterImpl-bbba21db-ec34-461e-a1c1-b53f0753d0be/datanode-7/data/containers/hdds of  storage type : DISK and capacity : 1482555576320
2019-09-10 13:19:00,597 [main] INFO  volume.VolumeSet (VolumeSet.java:initializeVolumeSet(170)) - Added Volume : /workdir/hadoop-ozone/integration-test/target/test-dir/MiniOzoneClusterImpl-bbba21db-ec34-461e-a1c1-b53f0753d0be/datanode-7/data/containers/hdds to VolumeSet
2019-09-10 13:19:00,597 [main] INFO  volume.ThrottledAsyncChecker (ThrottledAsyncChecker.java:schedule(139)) - Scheduling a check for org.apache.hadoop.ozone.container.common.volume.HddsVolume@43f1bb92
2019-09-10 13:19:00,597 [main] INFO  volume.HddsVolumeChecker (HddsVolumeChecker.java:checkAllVolumes(202)) - Scheduled health check for volume org.apache.hadoop.ozone.container.common.volume.HddsVolume@43f1bb92
2019-09-10 13:19:00,610 [main] INFO  impl.RaftServerProxy (ConfUtils.java:logGet(43)) - raft.rpc.type = GRPC (default)
2019-09-10 13:19:00,610 [main] INFO  grpc.GrpcFactory (GrpcFactory.java:checkPooledByteBufAllocatorUseCacheForAllThreads(45)) - PERFORMANCE WARNING: useCacheForAllThreads is true that may cause Netty to create a lot garbage objects and, as a result, trigger GC.
	It is recommended to disable useCacheForAllThreads by setting -Dorg.apache.ratis.thirdparty.io.netty.allocator.useCacheForAllThreads=false in command line.
2019-09-10 13:19:00,610 [main] INFO  grpc.GrpcConfigKeys$Server (ConfUtils.java:logGet(43)) - raft.grpc.server.port = 0 (default)
2019-09-10 13:19:00,611 [main] INFO  server.GrpcService (ConfUtils.java:logGet(43)) - raft.grpc.message.size.max = 33570816 (custom)
2019-09-10 13:19:00,611 [main] INFO  server.RaftServerConfigKeys (ConfUtils.java:logGet(43)) - raft.server.log.appender.buffer.byte-limit = 33554432 (custom)
2019-09-10 13:19:00,611 [main] INFO  server.GrpcService (ConfUtils.java:logGet(43)) - raft.grpc.flow.control.window = 1MB (=1048576) (default)
2019-09-10 13:19:00,611 [main] INFO  server.RaftServerConfigKeys (ConfUtils.java:logGet(43)) - raft.server.rpc.request.timeout = 3000ms (default)
2019-09-10 13:19:00,612 [main] INFO  server.RaftServerConfigKeys (ConfUtils.java:logGet(43)) - raft.server.storage.dir = [/workdir/hadoop-ozone/integration-test/target/test-dir/MiniOzoneClusterImpl-bbba21db-ec34-461e-a1c1-b53f0753d0be/datanode-7/data/ratis] (custom)
2019-09-10 13:19:00,613 [main] INFO  hdfs.DFSUtil (DFSUtil.java:httpServerTemplateForNNAndJN(1641)) - Starting Web-server for hddsDatanode at: http://0.0.0.0:0
2019-09-10 13:19:00,615 [main] INFO  server.AuthenticationFilter (AuthenticationFilter.java:constructSecretProvider(240)) - Unable to initialize FileSignerSecretProvider, falling back to use random secrets.
2019-09-10 13:19:00,615 [main] WARN  http.HttpRequestLog (HttpRequestLog.java:getRequestLog(97)) - Jetty request log can only be enabled using Log4j
2019-09-10 13:19:00,617 [main] INFO  http.HttpServer2 (HttpServer2.java:addGlobalFilter(975)) - Added global filter 'safety' (class=org.apache.hadoop.http.HttpServer2$QuotingInputFilter)
2019-09-10 13:19:00,617 [main] INFO  http.HttpServer2 (HttpServer2.java:addFilter(948)) - Added filter static_user_filter (class=org.apache.hadoop.http.lib.StaticUserWebFilter$StaticUserFilter) to context hddsDatanode
2019-09-10 13:19:00,617 [main] INFO  http.HttpServer2 (HttpServer2.java:addFilter(958)) - Added filter static_user_filter (class=org.apache.hadoop.http.lib.StaticUserWebFilter$StaticUserFilter) to context logs
2019-09-10 13:19:00,618 [main] INFO  http.HttpServer2 (HttpServer2.java:addFilter(958)) - Added filter static_user_filter (class=org.apache.hadoop.http.lib.StaticUserWebFilter$StaticUserFilter) to context static
2019-09-10 13:19:00,618 [main] INFO  http.HttpServer2 (HttpServer2.java:bindListener(1191)) - Jetty bound to port 37719
2019-09-10 13:19:00,619 [main] INFO  server.Server (Server.java:doStart(351)) - jetty-9.3.24.v20180605, build timestamp: 2018-06-05T17:11:56Z, git hash: 84205aa28f11a4f31f2a3b86d1bba2cc8ab69827
2019-09-10 13:19:00,620 [main] INFO  handler.ContextHandler (ContextHandler.java:doStart(781)) - Started o.e.j.s.ServletContextHandler@b9a77c8{/logs,file:///workdir/hadoop-ozone/integration-test/target/log,AVAILABLE}
2019-09-10 13:19:00,621 [main] INFO  handler.ContextHandler (ContextHandler.java:doStart(781)) - Started o.e.j.s.ServletContextHandler@6cd3ad8a{/static,jar:file:/home/user/.m2/repository/org/apache/hadoop/hadoop-hdds-container-service/0.5.0-SNAPSHOT/hadoop-hdds-container-service-0.5.0-SNAPSHOT.jar!/webapps/static,AVAILABLE}
2019-09-10 13:19:00,658 [main] INFO  handler.ContextHandler (ContextHandler.java:doStart(781)) - Started o.e.j.w.WebAppContext@663bb8ef{/,file:///tmp/jetty-0.0.0.0-37719-hddsDatanode-_-any-1224386072567323057.dir/webapp/,AVAILABLE}{/hddsDatanode}
2019-09-10 13:19:00,660 [main] INFO  server.AbstractConnector (AbstractConnector.java:doStart(278)) - Started ServerConnector@2f4e40d7{HTTP/1.1,[http/1.1]}{0.0.0.0:37719}
2019-09-10 13:19:00,660 [main] INFO  server.Server (Server.java:doStart(419)) - Started @5974ms
2019-09-10 13:19:00,660 [main] WARN  impl.MetricsSystemImpl (MetricsSystemImpl.java:register(276)) - Sink prometheus already exists!
2019-09-10 13:19:00,662 [main] INFO  server.BaseHttpServer (BaseHttpServer.java:updateConnectorAddress(215)) - HTTP server of HDDSDATANODE is listening at http://0.0.0.0:37719
2019-09-10 13:19:00,662 [main] INFO  impl.MetricsSystemImpl (MetricsSystemImpl.java:init(158)) - HddsDatanode metrics system started (again)
2019-09-10 13:19:00,667 [main] INFO  ozone.HddsDatanodeService (HddsDatanodeService.java:start(184)) - HddsDatanodeService host:pr-hdds-1879-pp2l2-2511026898 ip:192.168.34.50
2019-09-10 13:19:00,667 [org.apache.hadoop.util.JvmPauseMonitor$Monitor@6c81cb6b] INFO  util.JvmPauseMonitor (JvmPauseMonitor.java:run(188)) - Starting JVM pause monitor
2019-09-10 13:19:00,670 [Datanode State Machine Thread - 0] INFO  datanode.InitDatanodeState (InitDatanodeState.java:persistContainerDatanodeDetails(140)) - DatanodeDetails is persisted to /workdir/hadoop-ozone/integration-test/target/test-dir/MiniOzoneClusterImpl-bbba21db-ec34-461e-a1c1-b53f0753d0be/datanode-7/meta/datanode.id
2019-09-10 13:19:00,684 [main] INFO  volume.HddsVolume (HddsVolume.java:<init>(176)) - Creating Volume: /workdir/hadoop-ozone/integration-test/target/test-dir/MiniOzoneClusterImpl-bbba21db-ec34-461e-a1c1-b53f0753d0be/datanode-8/data/containers/hdds of  storage type : DISK and capacity : 1482555576320
2019-09-10 13:19:00,684 [main] INFO  volume.VolumeSet (VolumeSet.java:initializeVolumeSet(170)) - Added Volume : /workdir/hadoop-ozone/integration-test/target/test-dir/MiniOzoneClusterImpl-bbba21db-ec34-461e-a1c1-b53f0753d0be/datanode-8/data/containers/hdds to VolumeSet
2019-09-10 13:19:00,685 [main] INFO  volume.ThrottledAsyncChecker (ThrottledAsyncChecker.java:schedule(139)) - Scheduling a check for org.apache.hadoop.ozone.container.common.volume.HddsVolume@44b29496
2019-09-10 13:19:00,686 [main] INFO  volume.HddsVolumeChecker (HddsVolumeChecker.java:checkAllVolumes(202)) - Scheduled health check for volume org.apache.hadoop.ozone.container.common.volume.HddsVolume@44b29496
2019-09-10 13:19:00,707 [main] INFO  impl.RaftServerProxy (ConfUtils.java:logGet(43)) - raft.rpc.type = GRPC (default)
2019-09-10 13:19:00,707 [main] INFO  grpc.GrpcFactory (GrpcFactory.java:checkPooledByteBufAllocatorUseCacheForAllThreads(45)) - PERFORMANCE WARNING: useCacheForAllThreads is true that may cause Netty to create a lot garbage objects and, as a result, trigger GC.
	It is recommended to disable useCacheForAllThreads by setting -Dorg.apache.ratis.thirdparty.io.netty.allocator.useCacheForAllThreads=false in command line.
2019-09-10 13:19:00,708 [main] INFO  grpc.GrpcConfigKeys$Server (ConfUtils.java:logGet(43)) - raft.grpc.server.port = 0 (default)
2019-09-10 13:19:00,708 [main] INFO  server.GrpcService (ConfUtils.java:logGet(43)) - raft.grpc.message.size.max = 33570816 (custom)
2019-09-10 13:19:00,708 [main] INFO  server.RaftServerConfigKeys (ConfUtils.java:logGet(43)) - raft.server.log.appender.buffer.byte-limit = 33554432 (custom)
2019-09-10 13:19:00,709 [main] INFO  server.GrpcService (ConfUtils.java:logGet(43)) - raft.grpc.flow.control.window = 1MB (=1048576) (default)
2019-09-10 13:19:00,709 [main] INFO  server.RaftServerConfigKeys (ConfUtils.java:logGet(43)) - raft.server.rpc.request.timeout = 3000ms (default)
2019-09-10 13:19:00,710 [main] INFO  server.RaftServerConfigKeys (ConfUtils.java:logGet(43)) - raft.server.storage.dir = [/workdir/hadoop-ozone/integration-test/target/test-dir/MiniOzoneClusterImpl-bbba21db-ec34-461e-a1c1-b53f0753d0be/datanode-8/data/ratis] (custom)
2019-09-10 13:19:00,712 [main] INFO  hdfs.DFSUtil (DFSUtil.java:httpServerTemplateForNNAndJN(1641)) - Starting Web-server for hddsDatanode at: http://0.0.0.0:0
2019-09-10 13:19:00,715 [main] INFO  server.AuthenticationFilter (AuthenticationFilter.java:constructSecretProvider(240)) - Unable to initialize FileSignerSecretProvider, falling back to use random secrets.
2019-09-10 13:19:00,715 [main] WARN  http.HttpRequestLog (HttpRequestLog.java:getRequestLog(97)) - Jetty request log can only be enabled using Log4j
2019-09-10 13:19:00,718 [main] INFO  http.HttpServer2 (HttpServer2.java:addGlobalFilter(975)) - Added global filter 'safety' (class=org.apache.hadoop.http.HttpServer2$QuotingInputFilter)
2019-09-10 13:19:00,719 [main] INFO  http.HttpServer2 (HttpServer2.java:addFilter(948)) - Added filter static_user_filter (class=org.apache.hadoop.http.lib.StaticUserWebFilter$StaticUserFilter) to context hddsDatanode
2019-09-10 13:19:00,719 [main] INFO  http.HttpServer2 (HttpServer2.java:addFilter(958)) - Added filter static_user_filter (class=org.apache.hadoop.http.lib.StaticUserWebFilter$StaticUserFilter) to context static
2019-09-10 13:19:00,719 [main] INFO  http.HttpServer2 (HttpServer2.java:addFilter(958)) - Added filter static_user_filter (class=org.apache.hadoop.http.lib.StaticUserWebFilter$StaticUserFilter) to context logs
2019-09-10 13:19:00,721 [main] INFO  http.HttpServer2 (HttpServer2.java:bindListener(1191)) - Jetty bound to port 41950
2019-09-10 13:19:00,721 [main] INFO  server.Server (Server.java:doStart(351)) - jetty-9.3.24.v20180605, build timestamp: 2018-06-05T17:11:56Z, git hash: 84205aa28f11a4f31f2a3b86d1bba2cc8ab69827
2019-09-10 13:19:00,723 [main] INFO  handler.ContextHandler (ContextHandler.java:doStart(781)) - Started o.e.j.s.ServletContextHandler@176f7f3b{/logs,file:///workdir/hadoop-ozone/integration-test/target/log,AVAILABLE}
2019-09-10 13:19:00,724 [main] INFO  handler.ContextHandler (ContextHandler.java:doStart(781)) - Started o.e.j.s.ServletContextHandler@58740366{/static,jar:file:/home/user/.m2/repository/org/apache/hadoop/hadoop-hdds-container-service/0.5.0-SNAPSHOT/hadoop-hdds-container-service-0.5.0-SNAPSHOT.jar!/webapps/static,AVAILABLE}
2019-09-10 13:19:00,774 [main] INFO  handler.ContextHandler (ContextHandler.java:doStart(781)) - Started o.e.j.w.WebAppContext@4b0f2299{/,file:///tmp/jetty-0.0.0.0-41950-hddsDatanode-_-any-3560036102004242026.dir/webapp/,AVAILABLE}{/hddsDatanode}
2019-09-10 13:19:00,775 [main] INFO  server.AbstractConnector (AbstractConnector.java:doStart(278)) - Started ServerConnector@33063f5b{HTTP/1.1,[http/1.1]}{0.0.0.0:41950}
2019-09-10 13:19:00,776 [main] INFO  server.Server (Server.java:doStart(419)) - Started @6090ms
2019-09-10 13:19:00,777 [main] WARN  impl.MetricsSystemImpl (MetricsSystemImpl.java:register(276)) - Sink prometheus already exists!
2019-09-10 13:19:00,778 [main] INFO  server.BaseHttpServer (BaseHttpServer.java:updateConnectorAddress(215)) - HTTP server of HDDSDATANODE is listening at http://0.0.0.0:41950
2019-09-10 13:19:00,778 [main] INFO  impl.MetricsSystemImpl (MetricsSystemImpl.java:init(158)) - HddsDatanode metrics system started (again)
2019-09-10 13:19:00,785 [org.apache.hadoop.util.JvmPauseMonitor$Monitor@29040281] INFO  util.JvmPauseMonitor (JvmPauseMonitor.java:run(188)) - Starting JVM pause monitor
2019-09-10 13:19:00,786 [main] INFO  ozone.HddsDatanodeService (HddsDatanodeService.java:start(184)) - HddsDatanodeService host:pr-hdds-1879-pp2l2-2511026898 ip:192.168.34.50
2019-09-10 13:19:00,788 [Datanode State Machine Thread - 0] INFO  datanode.InitDatanodeState (InitDatanodeState.java:persistContainerDatanodeDetails(140)) - DatanodeDetails is persisted to /workdir/hadoop-ozone/integration-test/target/test-dir/MiniOzoneClusterImpl-bbba21db-ec34-461e-a1c1-b53f0753d0be/datanode-8/meta/datanode.id
2019-09-10 13:19:00,797 [main] INFO  volume.HddsVolume (HddsVolume.java:<init>(176)) - Creating Volume: /workdir/hadoop-ozone/integration-test/target/test-dir/MiniOzoneClusterImpl-bbba21db-ec34-461e-a1c1-b53f0753d0be/datanode-9/data/containers/hdds of  storage type : DISK and capacity : 1482555576320
2019-09-10 13:19:00,798 [main] INFO  volume.VolumeSet (VolumeSet.java:initializeVolumeSet(170)) - Added Volume : /workdir/hadoop-ozone/integration-test/target/test-dir/MiniOzoneClusterImpl-bbba21db-ec34-461e-a1c1-b53f0753d0be/datanode-9/data/containers/hdds to VolumeSet
2019-09-10 13:19:00,798 [main] INFO  volume.ThrottledAsyncChecker (ThrottledAsyncChecker.java:schedule(139)) - Scheduling a check for org.apache.hadoop.ozone.container.common.volume.HddsVolume@2975a9e
2019-09-10 13:19:00,799 [main] INFO  volume.HddsVolumeChecker (HddsVolumeChecker.java:checkAllVolumes(202)) - Scheduled health check for volume org.apache.hadoop.ozone.container.common.volume.HddsVolume@2975a9e
2019-09-10 13:19:00,822 [main] INFO  impl.RaftServerProxy (ConfUtils.java:logGet(43)) - raft.rpc.type = GRPC (default)
2019-09-10 13:19:00,822 [main] INFO  grpc.GrpcFactory (GrpcFactory.java:checkPooledByteBufAllocatorUseCacheForAllThreads(45)) - PERFORMANCE WARNING: useCacheForAllThreads is true that may cause Netty to create a lot garbage objects and, as a result, trigger GC.
	It is recommended to disable useCacheForAllThreads by setting -Dorg.apache.ratis.thirdparty.io.netty.allocator.useCacheForAllThreads=false in command line.
2019-09-10 13:19:00,823 [main] INFO  grpc.GrpcConfigKeys$Server (ConfUtils.java:logGet(43)) - raft.grpc.server.port = 0 (default)
2019-09-10 13:19:00,823 [main] INFO  server.GrpcService (ConfUtils.java:logGet(43)) - raft.grpc.message.size.max = 33570816 (custom)
2019-09-10 13:19:00,823 [main] INFO  server.RaftServerConfigKeys (ConfUtils.java:logGet(43)) - raft.server.log.appender.buffer.byte-limit = 33554432 (custom)
2019-09-10 13:19:00,824 [main] INFO  server.GrpcService (ConfUtils.java:logGet(43)) - raft.grpc.flow.control.window = 1MB (=1048576) (default)
2019-09-10 13:19:00,824 [main] INFO  server.RaftServerConfigKeys (ConfUtils.java:logGet(43)) - raft.server.rpc.request.timeout = 3000ms (default)
2019-09-10 13:19:00,825 [main] INFO  server.RaftServerConfigKeys (ConfUtils.java:logGet(43)) - raft.server.storage.dir = [/workdir/hadoop-ozone/integration-test/target/test-dir/MiniOzoneClusterImpl-bbba21db-ec34-461e-a1c1-b53f0753d0be/datanode-9/data/ratis] (custom)
2019-09-10 13:19:00,827 [main] INFO  hdfs.DFSUtil (DFSUtil.java:httpServerTemplateForNNAndJN(1641)) - Starting Web-server for hddsDatanode at: http://0.0.0.0:0
2019-09-10 13:19:00,830 [main] INFO  server.AuthenticationFilter (AuthenticationFilter.java:constructSecretProvider(240)) - Unable to initialize FileSignerSecretProvider, falling back to use random secrets.
2019-09-10 13:19:00,830 [main] WARN  http.HttpRequestLog (HttpRequestLog.java:getRequestLog(97)) - Jetty request log can only be enabled using Log4j
2019-09-10 13:19:00,833 [main] INFO  http.HttpServer2 (HttpServer2.java:addGlobalFilter(975)) - Added global filter 'safety' (class=org.apache.hadoop.http.HttpServer2$QuotingInputFilter)
2019-09-10 13:19:00,834 [main] INFO  http.HttpServer2 (HttpServer2.java:addFilter(948)) - Added filter static_user_filter (class=org.apache.hadoop.http.lib.StaticUserWebFilter$StaticUserFilter) to context hddsDatanode
2019-09-10 13:19:00,834 [main] INFO  http.HttpServer2 (HttpServer2.java:addFilter(958)) - Added filter static_user_filter (class=org.apache.hadoop.http.lib.StaticUserWebFilter$StaticUserFilter) to context static
2019-09-10 13:19:00,835 [main] INFO  http.HttpServer2 (HttpServer2.java:addFilter(958)) - Added filter static_user_filter (class=org.apache.hadoop.http.lib.StaticUserWebFilter$StaticUserFilter) to context logs
2019-09-10 13:19:00,836 [main] INFO  http.HttpServer2 (HttpServer2.java:bindListener(1191)) - Jetty bound to port 42703
2019-09-10 13:19:00,836 [main] INFO  server.Server (Server.java:doStart(351)) - jetty-9.3.24.v20180605, build timestamp: 2018-06-05T17:11:56Z, git hash: 84205aa28f11a4f31f2a3b86d1bba2cc8ab69827
2019-09-10 13:19:00,839 [main] INFO  handler.ContextHandler (ContextHandler.java:doStart(781)) - Started o.e.j.s.ServletContextHandler@7b676112{/logs,file:///workdir/hadoop-ozone/integration-test/target/log,AVAILABLE}
2019-09-10 13:19:00,840 [main] INFO  handler.ContextHandler (ContextHandler.java:doStart(781)) - Started o.e.j.s.ServletContextHandler@4e49ce2b{/static,jar:file:/home/user/.m2/repository/org/apache/hadoop/hadoop-hdds-container-service/0.5.0-SNAPSHOT/hadoop-hdds-container-service-0.5.0-SNAPSHOT.jar!/webapps/static,AVAILABLE}
2019-09-10 13:19:00,882 [main] INFO  handler.ContextHandler (ContextHandler.java:doStart(781)) - Started o.e.j.w.WebAppContext@3c87fdf2{/,file:///tmp/jetty-0.0.0.0-42703-hddsDatanode-_-any-7944417352786742194.dir/webapp/,AVAILABLE}{/hddsDatanode}
2019-09-10 13:19:00,883 [main] INFO  server.AbstractConnector (AbstractConnector.java:doStart(278)) - Started ServerConnector@26bbe604{HTTP/1.1,[http/1.1]}{0.0.0.0:42703}
2019-09-10 13:19:00,885 [main] INFO  server.Server (Server.java:doStart(419)) - Started @6199ms
2019-09-10 13:19:00,885 [main] WARN  impl.MetricsSystemImpl (MetricsSystemImpl.java:register(276)) - Sink prometheus already exists!
2019-09-10 13:19:00,886 [main] INFO  server.BaseHttpServer (BaseHttpServer.java:updateConnectorAddress(215)) - HTTP server of HDDSDATANODE is listening at http://0.0.0.0:42703
2019-09-10 13:19:00,894 [org.apache.hadoop.util.JvmPauseMonitor$Monitor@38e22b8b] INFO  util.JvmPauseMonitor (JvmPauseMonitor.java:run(188)) - Starting JVM pause monitor
2019-09-10 13:19:00,895 [main] INFO  ozone.MiniOzoneClusterImpl (MiniOzoneClusterImpl.java:lambda$waitForClusterToBeReady$0(140)) - Waiting for cluster to be ready. Got 0 of 10 DN Heartbeats.
2019-09-10 13:19:00,904 [Datanode State Machine Thread - 0] INFO  datanode.InitDatanodeState (InitDatanodeState.java:persistContainerDatanodeDetails(140)) - DatanodeDetails is persisted to /workdir/hadoop-ozone/integration-test/target/test-dir/MiniOzoneClusterImpl-bbba21db-ec34-461e-a1c1-b53f0753d0be/datanode-9/meta/datanode.id
2019-09-10 13:19:01,899 [main] INFO  ozone.MiniOzoneClusterImpl (MiniOzoneClusterImpl.java:lambda$waitForClusterToBeReady$0(140)) - Waiting for cluster to be ready. Got 0 of 10 DN Heartbeats.
2019-09-10 13:19:02,196 [Datanode State Machine Thread - 0] INFO  ozoneimpl.OzoneContainer (OzoneContainer.java:start(217)) - Attempting to start container services.
2019-09-10 13:19:02,199 [Datanode State Machine Thread - 0] INFO  ozoneimpl.OzoneContainer (OzoneContainer.java:startContainerScrub(179)) - Background container scanner has been disabled.
2019-09-10 13:19:02,199 [Datanode State Machine Thread - 0] INFO  ratis.XceiverServerRatis (XceiverServerRatis.java:start(404)) - Starting XceiverServerRatis af983c11-9397-41ec-9bfb-0705919241eb at port 0
2019-09-10 13:19:02,206 [Datanode State Machine Thread - 0] INFO  ozoneimpl.OzoneContainer (OzoneContainer.java:start(217)) - Attempting to start container services.
2019-09-10 13:19:02,213 [Datanode State Machine Thread - 0] INFO  ozoneimpl.OzoneContainer (OzoneContainer.java:startContainerScrub(179)) - Background container scanner has been disabled.
2019-09-10 13:19:02,214 [Datanode State Machine Thread - 0] INFO  ratis.XceiverServerRatis (XceiverServerRatis.java:start(404)) - Starting XceiverServerRatis 77c590a9-0e60-42d8-bbf8-e31004d5a9e8 at port 0
2019-09-10 13:19:02,232 [Datanode State Machine Thread - 0] INFO  impl.RaftServerProxy (RaftServerProxy.java:lambda$start$3(299)) - 77c590a9-0e60-42d8-bbf8-e31004d5a9e8: start RPC server
2019-09-10 13:19:02,232 [Datanode State Machine Thread - 0] INFO  impl.RaftServerProxy (RaftServerProxy.java:lambda$start$3(299)) - af983c11-9397-41ec-9bfb-0705919241eb: start RPC server
2019-09-10 13:19:02,306 [Datanode State Machine Thread - 0] INFO  ozoneimpl.OzoneContainer (OzoneContainer.java:start(217)) - Attempting to start container services.
2019-09-10 13:19:02,306 [Datanode State Machine Thread - 0] INFO  ozoneimpl.OzoneContainer (OzoneContainer.java:startContainerScrub(179)) - Background container scanner has been disabled.
2019-09-10 13:19:02,306 [Datanode State Machine Thread - 0] INFO  ratis.XceiverServerRatis (XceiverServerRatis.java:start(404)) - Starting XceiverServerRatis 598fdd25-f3b3-418d-bbd3-bcbfa35279b9 at port 0
2019-09-10 13:19:02,316 [Datanode State Machine Thread - 0] INFO  impl.RaftServerProxy (RaftServerProxy.java:lambda$start$3(299)) - 598fdd25-f3b3-418d-bbd3-bcbfa35279b9: start RPC server
2019-09-10 13:19:02,375 [Datanode State Machine Thread - 0] INFO  ozoneimpl.OzoneContainer (OzoneContainer.java:start(217)) - Attempting to start container services.
2019-09-10 13:19:02,377 [Datanode State Machine Thread - 0] INFO  ozoneimpl.OzoneContainer (OzoneContainer.java:startContainerScrub(179)) - Background container scanner has been disabled.
2019-09-10 13:19:02,377 [Datanode State Machine Thread - 0] INFO  ratis.XceiverServerRatis (XceiverServerRatis.java:start(404)) - Starting XceiverServerRatis 0f4aa411-f22d-408f-a3ae-026c0e4d845c at port 0
2019-09-10 13:19:02,397 [Datanode State Machine Thread - 0] INFO  impl.RaftServerProxy (RaftServerProxy.java:lambda$start$3(299)) - 0f4aa411-f22d-408f-a3ae-026c0e4d845c: start RPC server
2019-09-10 13:19:02,399 [Datanode State Machine Thread - 0] INFO  server.GrpcService (GrpcService.java:startImpl(158)) - af983c11-9397-41ec-9bfb-0705919241eb: GrpcService started, listening on 0.0.0.0/0.0.0.0:34977
2019-09-10 13:19:02,400 [Datanode State Machine Thread - 0] INFO  server.GrpcService (GrpcService.java:startImpl(158)) - 77c590a9-0e60-42d8-bbf8-e31004d5a9e8: GrpcService started, listening on 0.0.0.0/0.0.0.0:41260
2019-09-10 13:19:02,401 [Datanode State Machine Thread - 0] INFO  ratis.XceiverServerRatis (XceiverServerRatis.java:start(414)) - XceiverServerRatis af983c11-9397-41ec-9bfb-0705919241eb is started using port 34977
2019-09-10 13:19:02,400 [Datanode State Machine Thread - 0] INFO  server.GrpcService (GrpcService.java:startImpl(158)) - 598fdd25-f3b3-418d-bbd3-bcbfa35279b9: GrpcService started, listening on 0.0.0.0/0.0.0.0:46100
2019-09-10 13:19:02,402 [Datanode State Machine Thread - 0] INFO  server.GrpcService (GrpcService.java:startImpl(158)) - 0f4aa411-f22d-408f-a3ae-026c0e4d845c: GrpcService started, listening on 0.0.0.0/0.0.0.0:36087
2019-09-10 13:19:02,402 [Datanode State Machine Thread - 0] INFO  ratis.XceiverServerRatis (XceiverServerRatis.java:start(414)) - XceiverServerRatis 0f4aa411-f22d-408f-a3ae-026c0e4d845c is started using port 36087
2019-09-10 13:19:02,402 [Datanode State Machine Thread - 0] INFO  ratis.XceiverServerRatis (XceiverServerRatis.java:start(414)) - XceiverServerRatis 77c590a9-0e60-42d8-bbf8-e31004d5a9e8 is started using port 41260
2019-09-10 13:19:02,402 [Datanode State Machine Thread - 0] INFO  ratis.XceiverServerRatis (XceiverServerRatis.java:start(414)) - XceiverServerRatis 598fdd25-f3b3-418d-bbd3-bcbfa35279b9 is started using port 46100
2019-09-10 13:19:02,413 [Datanode State Machine Thread - 0] INFO  server.XceiverServerGrpc (XceiverServerGrpc.java:start(163)) - XceiverServerGrpc af983c11-9397-41ec-9bfb-0705919241eb is started using port 35210
2019-09-10 13:19:02,413 [Datanode State Machine Thread - 0] INFO  server.XceiverServerGrpc (XceiverServerGrpc.java:start(163)) - XceiverServerGrpc 0f4aa411-f22d-408f-a3ae-026c0e4d845c is started using port 45714
2019-09-10 13:19:02,413 [Datanode State Machine Thread - 0] INFO  server.XceiverServerGrpc (XceiverServerGrpc.java:start(163)) - XceiverServerGrpc 77c590a9-0e60-42d8-bbf8-e31004d5a9e8 is started using port 38369
2019-09-10 13:19:02,415 [Datanode State Machine Thread - 0] INFO  server.XceiverServerGrpc (XceiverServerGrpc.java:start(163)) - XceiverServerGrpc 598fdd25-f3b3-418d-bbd3-bcbfa35279b9 is started using port 38000
2019-09-10 13:19:02,454 [Datanode State Machine Thread - 0] INFO  ozoneimpl.OzoneContainer (OzoneContainer.java:start(217)) - Attempting to start container services.
2019-09-10 13:19:02,454 [Datanode State Machine Thread - 0] INFO  ozoneimpl.OzoneContainer (OzoneContainer.java:startContainerScrub(179)) - Background container scanner has been disabled.
2019-09-10 13:19:02,455 [Datanode State Machine Thread - 0] INFO  ratis.XceiverServerRatis (XceiverServerRatis.java:start(404)) - Starting XceiverServerRatis 05e9b83b-b6ec-4168-9e18-fac302cf5421 at port 0
2019-09-10 13:19:02,463 [Datanode State Machine Thread - 0] INFO  impl.RaftServerProxy (RaftServerProxy.java:lambda$start$3(299)) - 05e9b83b-b6ec-4168-9e18-fac302cf5421: start RPC server
2019-09-10 13:19:02,467 [Datanode State Machine Thread - 0] INFO  server.GrpcService (GrpcService.java:startImpl(158)) - 05e9b83b-b6ec-4168-9e18-fac302cf5421: GrpcService started, listening on 0.0.0.0/0.0.0.0:39992
2019-09-10 13:19:02,467 [Datanode State Machine Thread - 0] INFO  ratis.XceiverServerRatis (XceiverServerRatis.java:start(414)) - XceiverServerRatis 05e9b83b-b6ec-4168-9e18-fac302cf5421 is started using port 39992
2019-09-10 13:19:02,470 [Datanode State Machine Thread - 0] INFO  server.XceiverServerGrpc (XceiverServerGrpc.java:start(163)) - XceiverServerGrpc 05e9b83b-b6ec-4168-9e18-fac302cf5421 is started using port 45286
2019-09-10 13:19:02,544 [Datanode State Machine Thread - 0] INFO  ozoneimpl.OzoneContainer (OzoneContainer.java:start(217)) - Attempting to start container services.
2019-09-10 13:19:02,544 [Datanode State Machine Thread - 0] INFO  ozoneimpl.OzoneContainer (OzoneContainer.java:startContainerScrub(179)) - Background container scanner has been disabled.
2019-09-10 13:19:02,545 [Datanode State Machine Thread - 0] INFO  ratis.XceiverServerRatis (XceiverServerRatis.java:start(404)) - Starting XceiverServerRatis e5557321-17be-433a-8d96-d7d186384118 at port 0
2019-09-10 13:19:02,552 [Datanode State Machine Thread - 0] INFO  impl.RaftServerProxy (RaftServerProxy.java:lambda$start$3(299)) - e5557321-17be-433a-8d96-d7d186384118: start RPC server
2019-09-10 13:19:02,557 [Datanode State Machine Thread - 0] INFO  server.GrpcService (GrpcService.java:startImpl(158)) - e5557321-17be-433a-8d96-d7d186384118: GrpcService started, listening on 0.0.0.0/0.0.0.0:36666
2019-09-10 13:19:02,557 [Datanode State Machine Thread - 0] INFO  ratis.XceiverServerRatis (XceiverServerRatis.java:start(414)) - XceiverServerRatis e5557321-17be-433a-8d96-d7d186384118 is started using port 36666
2019-09-10 13:19:02,561 [Datanode State Machine Thread - 0] INFO  server.XceiverServerGrpc (XceiverServerGrpc.java:start(163)) - XceiverServerGrpc e5557321-17be-433a-8d96-d7d186384118 is started using port 40496
2019-09-10 13:19:02,603 [Datanode State Machine Thread - 0] INFO  ozoneimpl.OzoneContainer (OzoneContainer.java:start(217)) - Attempting to start container services.
2019-09-10 13:19:02,603 [Datanode State Machine Thread - 0] INFO  ozoneimpl.OzoneContainer (OzoneContainer.java:startContainerScrub(179)) - Background container scanner has been disabled.
2019-09-10 13:19:02,603 [Datanode State Machine Thread - 0] INFO  ratis.XceiverServerRatis (XceiverServerRatis.java:start(404)) - Starting XceiverServerRatis 82b87940-075a-4240-9714-83f9b1f11359 at port 0
2019-09-10 13:19:02,611 [Datanode State Machine Thread - 0] INFO  impl.RaftServerProxy (RaftServerProxy.java:lambda$start$3(299)) - 82b87940-075a-4240-9714-83f9b1f11359: start RPC server
2019-09-10 13:19:02,616 [Datanode State Machine Thread - 0] INFO  server.GrpcService (GrpcService.java:startImpl(158)) - 82b87940-075a-4240-9714-83f9b1f11359: GrpcService started, listening on 0.0.0.0/0.0.0.0:33168
2019-09-10 13:19:02,616 [Datanode State Machine Thread - 0] INFO  ratis.XceiverServerRatis (XceiverServerRatis.java:start(414)) - XceiverServerRatis 82b87940-075a-4240-9714-83f9b1f11359 is started using port 33168
2019-09-10 13:19:02,621 [Datanode State Machine Thread - 0] INFO  server.XceiverServerGrpc (XceiverServerGrpc.java:start(163)) - XceiverServerGrpc 82b87940-075a-4240-9714-83f9b1f11359 is started using port 42219
2019-09-10 13:19:02,683 [Datanode State Machine Thread - 0] INFO  ozoneimpl.OzoneContainer (OzoneContainer.java:start(217)) - Attempting to start container services.
2019-09-10 13:19:02,684 [Datanode State Machine Thread - 0] INFO  ozoneimpl.OzoneContainer (OzoneContainer.java:startContainerScrub(179)) - Background container scanner has been disabled.
2019-09-10 13:19:02,684 [Datanode State Machine Thread - 0] INFO  ratis.XceiverServerRatis (XceiverServerRatis.java:start(404)) - Starting XceiverServerRatis fa25b701-8575-4c87-a8ca-f6672565109a at port 0
2019-09-10 13:19:02,693 [Datanode State Machine Thread - 0] INFO  impl.RaftServerProxy (RaftServerProxy.java:lambda$start$3(299)) - fa25b701-8575-4c87-a8ca-f6672565109a: start RPC server
2019-09-10 13:19:02,698 [Datanode State Machine Thread - 0] INFO  server.GrpcService (GrpcService.java:startImpl(158)) - fa25b701-8575-4c87-a8ca-f6672565109a: GrpcService started, listening on 0.0.0.0/0.0.0.0:36005
2019-09-10 13:19:02,698 [Datanode State Machine Thread - 0] INFO  ratis.XceiverServerRatis (XceiverServerRatis.java:start(414)) - XceiverServerRatis fa25b701-8575-4c87-a8ca-f6672565109a is started using port 36005
2019-09-10 13:19:02,703 [Datanode State Machine Thread - 0] INFO  server.XceiverServerGrpc (XceiverServerGrpc.java:start(163)) - XceiverServerGrpc fa25b701-8575-4c87-a8ca-f6672565109a is started using port 36776
2019-09-10 13:19:02,810 [Datanode State Machine Thread - 0] INFO  ozoneimpl.OzoneContainer (OzoneContainer.java:start(217)) - Attempting to start container services.
2019-09-10 13:19:02,810 [Datanode State Machine Thread - 0] INFO  ozoneimpl.OzoneContainer (OzoneContainer.java:startContainerScrub(179)) - Background container scanner has been disabled.
2019-09-10 13:19:02,810 [Datanode State Machine Thread - 0] INFO  ratis.XceiverServerRatis (XceiverServerRatis.java:start(404)) - Starting XceiverServerRatis 0e7366ec-fcf4-49d3-a5f0-1fd138ea9cde at port 0
2019-09-10 13:19:02,819 [Datanode State Machine Thread - 0] INFO  impl.RaftServerProxy (RaftServerProxy.java:lambda$start$3(299)) - 0e7366ec-fcf4-49d3-a5f0-1fd138ea9cde: start RPC server
2019-09-10 13:19:02,825 [Datanode State Machine Thread - 0] INFO  server.GrpcService (GrpcService.java:startImpl(158)) - 0e7366ec-fcf4-49d3-a5f0-1fd138ea9cde: GrpcService started, listening on 0.0.0.0/0.0.0.0:39667
2019-09-10 13:19:02,826 [Datanode State Machine Thread - 0] INFO  ratis.XceiverServerRatis (XceiverServerRatis.java:start(414)) - XceiverServerRatis 0e7366ec-fcf4-49d3-a5f0-1fd138ea9cde is started using port 39667
2019-09-10 13:19:02,831 [Datanode State Machine Thread - 0] INFO  server.XceiverServerGrpc (XceiverServerGrpc.java:start(163)) - XceiverServerGrpc 0e7366ec-fcf4-49d3-a5f0-1fd138ea9cde is started using port 45333
2019-09-10 13:19:02,900 [main] INFO  ozone.MiniOzoneClusterImpl (MiniOzoneClusterImpl.java:lambda$waitForClusterToBeReady$0(140)) - Waiting for cluster to be ready. Got 0 of 10 DN Heartbeats.
2019-09-10 13:19:02,911 [Datanode State Machine Thread - 0] INFO  ozoneimpl.OzoneContainer (OzoneContainer.java:start(217)) - Attempting to start container services.
2019-09-10 13:19:02,911 [Datanode State Machine Thread - 0] INFO  ozoneimpl.OzoneContainer (OzoneContainer.java:startContainerScrub(179)) - Background container scanner has been disabled.
2019-09-10 13:19:02,912 [Datanode State Machine Thread - 0] INFO  ratis.XceiverServerRatis (XceiverServerRatis.java:start(404)) - Starting XceiverServerRatis c9bddf00-2197-4e52-a76a-1743bb04b5e3 at port 0
2019-09-10 13:19:02,920 [Datanode State Machine Thread - 0] INFO  impl.RaftServerProxy (RaftServerProxy.java:lambda$start$3(299)) - c9bddf00-2197-4e52-a76a-1743bb04b5e3: start RPC server
2019-09-10 13:19:02,926 [Datanode State Machine Thread - 0] INFO  server.GrpcService (GrpcService.java:startImpl(158)) - c9bddf00-2197-4e52-a76a-1743bb04b5e3: GrpcService started, listening on 0.0.0.0/0.0.0.0:40372
2019-09-10 13:19:02,926 [Datanode State Machine Thread - 0] INFO  ratis.XceiverServerRatis (XceiverServerRatis.java:start(414)) - XceiverServerRatis c9bddf00-2197-4e52-a76a-1743bb04b5e3 is started using port 40372
2019-09-10 13:19:02,957 [Datanode State Machine Thread - 0] INFO  server.XceiverServerGrpc (XceiverServerGrpc.java:start(163)) - XceiverServerGrpc c9bddf00-2197-4e52-a76a-1743bb04b5e3 is started using port 33654
2019-09-10 13:19:03,901 [main] INFO  ozone.MiniOzoneClusterImpl (MiniOzoneClusterImpl.java:lambda$waitForClusterToBeReady$0(140)) - Waiting for cluster to be ready. Got 0 of 10 DN Heartbeats.
2019-09-10 13:19:04,133 [IPC Server handler 3 on 33462] INFO  net.NetworkTopology (NetworkTopologyImpl.java:add(111)) - Added a new node: /default-rack/af983c11-9397-41ec-9bfb-0705919241eb
2019-09-10 13:19:04,134 [IPC Server handler 3 on 33462] INFO  node.SCMNodeManager (SCMNodeManager.java:register(266)) - Registered Data node : af983c11-9397-41ec-9bfb-0705919241eb{ip: 192.168.34.50, host: pr-hdds-1879-pp2l2-2511026898, networkLocation: /default-rack, certSerialId: null}
2019-09-10 13:19:04,139 [EventQueue-NodeRegistrationContainerReportForDataNodeSafeModeRule] INFO  safemode.SCMSafeModeManager (DataNodeSafeModeRule.java:process(71)) - SCM in safe mode. 1 DataNodes registered, 1 required.
2019-09-10 13:19:04,139 [EventQueue-NodeRegistrationContainerReportForDataNodeSafeModeRule] INFO  safemode.SCMSafeModeManager (SCMSafeModeManager.java:validateSafeModeExitRules(177)) - ScmSafeModeManager, all rules are successfully validated
2019-09-10 13:19:04,140 [EventQueue-NodeRegistrationContainerReportForDataNodeSafeModeRule] INFO  safemode.SCMSafeModeManager (SCMSafeModeManager.java:exitSafeMode(193)) - SCM exiting safe mode.
2019-09-10 13:19:04,195 [IPC Server handler 4 on 33462] INFO  net.NetworkTopology (NetworkTopologyImpl.java:add(111)) - Added a new node: /default-rack/77c590a9-0e60-42d8-bbf8-e31004d5a9e8
2019-09-10 13:19:04,195 [IPC Server handler 4 on 33462] INFO  node.SCMNodeManager (SCMNodeManager.java:register(266)) - Registered Data node : 77c590a9-0e60-42d8-bbf8-e31004d5a9e8{ip: 192.168.34.50, host: pr-hdds-1879-pp2l2-2511026898, networkLocation: /default-rack, certSerialId: null}
2019-09-10 13:19:04,283 [IPC Server handler 5 on 33462] INFO  net.NetworkTopology (NetworkTopologyImpl.java:add(111)) - Added a new node: /default-rack/598fdd25-f3b3-418d-bbd3-bcbfa35279b9
2019-09-10 13:19:04,284 [IPC Server handler 5 on 33462] INFO  node.SCMNodeManager (SCMNodeManager.java:register(266)) - Registered Data node : 598fdd25-f3b3-418d-bbd3-bcbfa35279b9{ip: 192.168.34.50, host: pr-hdds-1879-pp2l2-2511026898, networkLocation: /default-rack, certSerialId: null}
2019-09-10 13:19:04,356 [IPC Server handler 6 on 33462] INFO  net.NetworkTopology (NetworkTopologyImpl.java:add(111)) - Added a new node: /default-rack/0f4aa411-f22d-408f-a3ae-026c0e4d845c
2019-09-10 13:19:04,356 [IPC Server handler 6 on 33462] INFO  node.SCMNodeManager (SCMNodeManager.java:register(266)) - Registered Data node : 0f4aa411-f22d-408f-a3ae-026c0e4d845c{ip: 192.168.34.50, host: pr-hdds-1879-pp2l2-2511026898, networkLocation: /default-rack, certSerialId: null}
2019-09-10 13:19:04,445 [IPC Server handler 9 on 33462] INFO  net.NetworkTopology (NetworkTopologyImpl.java:add(111)) - Added a new node: /default-rack/05e9b83b-b6ec-4168-9e18-fac302cf5421
2019-09-10 13:19:04,445 [IPC Server handler 9 on 33462] INFO  node.SCMNodeManager (SCMNodeManager.java:register(266)) - Registered Data node : 05e9b83b-b6ec-4168-9e18-fac302cf5421{ip: 192.168.34.50, host: pr-hdds-1879-pp2l2-2511026898, networkLocation: /default-rack, certSerialId: null}
2019-09-10 13:19:04,550 [IPC Server handler 8 on 33462] INFO  net.NetworkTopology (NetworkTopologyImpl.java:add(111)) - Added a new node: /default-rack/e5557321-17be-433a-8d96-d7d186384118
2019-09-10 13:19:04,550 [IPC Server handler 8 on 33462] INFO  node.SCMNodeManager (SCMNodeManager.java:register(266)) - Registered Data node : e5557321-17be-433a-8d96-d7d186384118{ip: 192.168.34.50, host: pr-hdds-1879-pp2l2-2511026898, networkLocation: /default-rack, certSerialId: null}
2019-09-10 13:19:04,593 [IPC Server handler 7 on 33462] INFO  net.NetworkTopology (NetworkTopologyImpl.java:add(111)) - Added a new node: /default-rack/82b87940-075a-4240-9714-83f9b1f11359
2019-09-10 13:19:04,594 [IPC Server handler 7 on 33462] INFO  node.SCMNodeManager (SCMNodeManager.java:register(266)) - Registered Data node : 82b87940-075a-4240-9714-83f9b1f11359{ip: 192.168.34.50, host: pr-hdds-1879-pp2l2-2511026898, networkLocation: /default-rack, certSerialId: null}
2019-09-10 13:19:04,671 [IPC Server handler 1 on 33462] INFO  net.NetworkTopology (NetworkTopologyImpl.java:add(111)) - Added a new node: /default-rack/fa25b701-8575-4c87-a8ca-f6672565109a
2019-09-10 13:19:04,671 [IPC Server handler 1 on 33462] INFO  node.SCMNodeManager (SCMNodeManager.java:register(266)) - Registered Data node : fa25b701-8575-4c87-a8ca-f6672565109a{ip: 192.168.34.50, host: pr-hdds-1879-pp2l2-2511026898, networkLocation: /default-rack, certSerialId: null}
2019-09-10 13:19:04,715 [grpc-default-executor-0] INFO  impl.RaftServerProxy (RaftServerProxy.java:addNew(89)) - af983c11-9397-41ec-9bfb-0705919241eb: addNew group-DD77ACFF1C9A:[af983c11-9397-41ec-9bfb-0705919241eb:192.168.34.50:34977] returns group-DD77ACFF1C9A:java.util.concurrent.CompletableFuture@6fbe5b95[Not completed]
2019-09-10 13:19:04,746 [pool-27-thread-1] INFO  impl.RaftServerImpl (RaftServerImpl.java:<init>(95)) - af983c11-9397-41ec-9bfb-0705919241eb: new RaftServerImpl for group-DD77ACFF1C9A:[af983c11-9397-41ec-9bfb-0705919241eb:192.168.34.50:34977] with ContainerStateMachine:uninitialized
2019-09-10 13:19:04,748 [pool-27-thread-1] INFO  server.RaftServerConfigKeys (ConfUtils.java:logGet(43)) - raft.server.rpc.timeout.min = 1s (custom)
2019-09-10 13:19:04,750 [pool-27-thread-1] INFO  server.RaftServerConfigKeys (ConfUtils.java:logGet(43)) - raft.server.rpc.timeout.max = 1200ms (custom)
2019-09-10 13:19:04,750 [pool-27-thread-1] INFO  server.RaftServerConfigKeys (ConfUtils.java:logGet(43)) - raft.server.rpcslowness.timeout = 120s (custom)
2019-09-10 13:19:04,751 [pool-27-thread-1] INFO  server.RaftServerConfigKeys (ConfUtils.java:logGet(43)) - raft.server.sleep.deviation.threshold = 300 (default)
2019-09-10 13:19:04,752 [pool-27-thread-1] INFO  server.RaftServerConfigKeys (ConfUtils.java:logGet(43)) - raft.server.log.appender.install.snapshot.enabled = false (custom)
2019-09-10 13:19:04,762 [pool-27-thread-1] INFO  impl.RaftServerImpl (ServerState.java:<init>(103)) - af983c11-9397-41ec-9bfb-0705919241eb@group-DD77ACFF1C9A: ConfigurationManager, init=-1: [af983c11-9397-41ec-9bfb-0705919241eb:192.168.34.50:34977], old=null, confs=<EMPTY_MAP>
2019-09-10 13:19:04,762 [pool-27-thread-1] INFO  server.RaftServerConfigKeys (ConfUtils.java:logGet(43)) - raft.server.storage.dir = [/workdir/hadoop-ozone/integration-test/target/test-dir/MiniOzoneClusterImpl-bbba21db-ec34-461e-a1c1-b53f0753d0be/datanode-0/data/ratis] (custom)
2019-09-10 13:19:04,772 [pool-27-thread-1] INFO  storage.RaftStorageDirectory (RaftStorageDirectory.java:analyzeStorage(246)) - The storage directory /workdir/hadoop-ozone/integration-test/target/test-dir/MiniOzoneClusterImpl-bbba21db-ec34-461e-a1c1-b53f0753d0be/datanode-0/data/ratis/b504f83d-d9a2-400e-bf2b-dd77acff1c9a does not exist. Creating ...
2019-09-10 13:19:04,789 [IPC Server handler 2 on 33462] INFO  net.NetworkTopology (NetworkTopologyImpl.java:add(111)) - Added a new node: /default-rack/0e7366ec-fcf4-49d3-a5f0-1fd138ea9cde
2019-09-10 13:19:04,789 [IPC Server handler 2 on 33462] INFO  node.SCMNodeManager (SCMNodeManager.java:register(266)) - Registered Data node : 0e7366ec-fcf4-49d3-a5f0-1fd138ea9cde{ip: 192.168.34.50, host: pr-hdds-1879-pp2l2-2511026898, networkLocation: /default-rack, certSerialId: null}
2019-09-10 13:19:04,797 [pool-27-thread-1] INFO  storage.RaftStorageDirectory (RaftStorageDirectory.java:tryLock(328)) - Lock on /workdir/hadoop-ozone/integration-test/target/test-dir/MiniOzoneClusterImpl-bbba21db-ec34-461e-a1c1-b53f0753d0be/datanode-0/data/ratis/b504f83d-d9a2-400e-bf2b-dd77acff1c9a/in_use.lock acquired by nodename 11455@pr-hdds-1879-pp2l2-2511026898
2019-09-10 13:19:04,810 [pool-27-thread-1] INFO  storage.RaftStorage (RaftStorage.java:format(72)) - Storage directory /workdir/hadoop-ozone/integration-test/target/test-dir/MiniOzoneClusterImpl-bbba21db-ec34-461e-a1c1-b53f0753d0be/datanode-0/data/ratis/b504f83d-d9a2-400e-bf2b-dd77acff1c9a has been successfully formatted.
2019-09-10 13:19:04,813 [pool-27-thread-1] INFO  ratis.ContainerStateMachine (ContainerStateMachine.java:loadSnapshot(230)) - group-DD77ACFF1C9A: The snapshot info is null. Setting the last applied indexto:(t:0, i:~)
2019-09-10 13:19:04,813 [pool-27-thread-1] INFO  server.RaftServerConfigKeys (ConfUtils.java:logGet(43)) - raft.server.notification.no-leader.timeout = 120s (custom)
2019-09-10 13:19:04,816 [pool-27-thread-1] INFO  server.RaftServerConfigKeys (ConfUtils.java:logGet(43)) - raft.server.log.use.memory = false (default)
2019-09-10 13:19:04,822 [pool-27-thread-1] INFO  server.RaftServerConfigKeys (ConfUtils.java:logGet(43)) - raft.server.log.purge.gap = 1000000 (custom)
2019-09-10 13:19:04,823 [pool-27-thread-1] INFO  server.RaftServerConfigKeys (ConfUtils.java:logGet(43)) - raft.server.log.appender.buffer.byte-limit = 33554432 (custom)
2019-09-10 13:19:04,825 [pool-27-thread-1] INFO  server.RaftServerConfigKeys (ConfUtils.java:logGet(43)) - raft.server.log.segment.size.max = 1048576 (custom)
2019-09-10 13:19:04,831 [pool-27-thread-1] INFO  server.RaftServerConfigKeys (ConfUtils.java:logGet(43)) - raft.server.log.segment.cache.num.max = 2 (custom)
2019-09-10 13:19:04,839 [pool-27-thread-1] INFO  segmented.SegmentedRaftLogWorker (SegmentedRaftLogWorker.java:<init>(172)) - new af983c11-9397-41ec-9bfb-0705919241eb@group-DD77ACFF1C9A-SegmentedRaftLogWorker for RaftStorage:Storage Directory /workdir/hadoop-ozone/integration-test/target/test-dir/MiniOzoneClusterImpl-bbba21db-ec34-461e-a1c1-b53f0753d0be/datanode-0/data/ratis/b504f83d-d9a2-400e-bf2b-dd77acff1c9a
2019-09-10 13:19:04,841 [pool-27-thread-1] INFO  impl.MetricsSystemImpl (MetricsSystemImpl.java:init(158)) - ratis metrics system started (again)
2019-09-10 13:19:04,889 [pool-27-thread-1] INFO  server.RaftServerConfigKeys (ConfUtils.java:logGet(43)) - raft.server.log.queue.byte-limit = 2147483647 (custom)
2019-09-10 13:19:04,890 [pool-27-thread-1] INFO  server.RaftServerConfigKeys (ConfUtils.java:logGet(43)) - raft.server.log.queue.element-limit = 1024 (custom)
2019-09-10 13:19:04,894 [pool-27-thread-1] INFO  server.RaftServerConfigKeys (ConfUtils.java:logGet(43)) - raft.server.log.segment.size.max = 1048576 (custom)
2019-09-10 13:19:04,895 [pool-27-thread-1] INFO  server.RaftServerConfigKeys (ConfUtils.java:logGet(43)) - raft.server.log.preallocated.size = 16384 (custom)
2019-09-10 13:19:04,895 [pool-27-thread-1] INFO  server.RaftServerConfigKeys (ConfUtils.java:logGet(43)) - raft.server.log.write.buffer.size = 33554432 (custom)
2019-09-10 13:19:04,914 [main] INFO  ozone.MiniOzoneClusterImpl (MiniOzoneClusterImpl.java:lambda$waitForClusterToBeReady$0(140)) - Waiting for cluster to be ready. Got 9 of 10 DN Heartbeats.
2019-09-10 13:19:04,922 [pool-27-thread-1] INFO  server.RaftServerConfigKeys (ConfUtils.java:logGet(43)) - raft.server.log.force.sync.num = 128 (default)
2019-09-10 13:19:04,923 [IPC Server handler 3 on 33462] INFO  net.NetworkTopology (NetworkTopologyImpl.java:add(111)) - Added a new node: /default-rack/c9bddf00-2197-4e52-a76a-1743bb04b5e3
2019-09-10 13:19:04,923 [IPC Server handler 3 on 33462] INFO  node.SCMNodeManager (SCMNodeManager.java:register(266)) - Registered Data node : c9bddf00-2197-4e52-a76a-1743bb04b5e3{ip: 192.168.34.50, host: pr-hdds-1879-pp2l2-2511026898, networkLocation: /default-rack, certSerialId: null}
2019-09-10 13:19:04,923 [pool-27-thread-1] INFO  server.RaftServerConfigKeys (ConfUtils.java:logGet(43)) - raft.server.log.statemachine.data.sync = true (default)
2019-09-10 13:19:04,923 [pool-27-thread-1] INFO  server.RaftServerConfigKeys (ConfUtils.java:logGet(43)) - raft.server.log.statemachine.data.sync.timeout = 10s (default)
2019-09-10 13:19:04,924 [pool-27-thread-1] INFO  server.RaftServerConfigKeys (ConfUtils.java:logGet(43)) - raft.server.log.statemachine.data.sync.timeout.retry = -1 (default)
2019-09-10 13:19:04,933 [pool-27-thread-1] INFO  server.RaftServerConfigKeys (ConfUtils.java:logGet(43)) - raft.server.log.statemachine.data.caching.enabled = true (custom)
2019-09-10 13:19:04,938 [pool-27-thread-1] INFO  segmented.SegmentedRaftLogWorker (SegmentedRaftLogWorker.java:lambda$new$0(132)) - af983c11-9397-41ec-9bfb-0705919241eb@group-DD77ACFF1C9A-SegmentedRaftLogWorker: flushIndex: setUnconditionally 0 -> -1
2019-09-10 13:19:04,943 [pool-27-thread-1] INFO  server.RaftServerConfigKeys (ConfUtils.java:logGet(43)) - raft.server.snapshot.auto.trigger.enabled = true (custom)
2019-09-10 13:19:04,944 [pool-27-thread-1] INFO  server.RaftServerConfigKeys (ConfUtils.java:logGet(43)) - raft.server.snapshot.auto.trigger.threshold = 10000 (custom)
2019-09-10 13:19:04,944 [pool-27-thread-1] INFO  server.RaftServerConfigKeys (ConfUtils.java:logGet(43)) - raft.server.snapshot.retention.num.files = -1 (default)
2019-09-10 13:19:04,945 [pool-27-thread-1] INFO  server.RaftServerConfigKeys (ConfUtils.java:logGet(43)) - raft.server.retrycache.expirytime = 600000ms (custom)
2019-09-10 13:19:04,972 [pool-27-thread-1] INFO  impl.RaftServerImpl (RaftServerImpl.java:start(185)) - af983c11-9397-41ec-9bfb-0705919241eb@group-DD77ACFF1C9A: start as a follower, conf=-1: [af983c11-9397-41ec-9bfb-0705919241eb:192.168.34.50:34977], old=null
2019-09-10 13:19:04,974 [pool-27-thread-1] INFO  impl.RaftServerImpl (RaftServerImpl.java:setRole(174)) - af983c11-9397-41ec-9bfb-0705919241eb@group-DD77ACFF1C9A: changes role from      null to FOLLOWER at term 0 for startAsFollower
2019-09-10 13:19:04,975 [pool-27-thread-1] INFO  impl.RoleInfo (RoleInfo.java:updateAndGet(143)) - af983c11-9397-41ec-9bfb-0705919241eb: start FollowerState
2019-09-10 13:19:04,977 [pool-27-thread-1] INFO  util.JmxRegister (JmxRegister.java:tryRegister(44)) - Successfully registered JMX Bean with object name Ratis:service=RaftServer,group=group-DD77ACFF1C9A,id=af983c11-9397-41ec-9bfb-0705919241eb
2019-09-10 13:19:05,047 [RatisPipelineUtilsThread] INFO  pipeline.PipelineStateManager (PipelineStateManager.java:addPipeline(56)) - Created pipeline Pipeline[ Id: b504f83d-d9a2-400e-bf2b-dd77acff1c9a, Nodes: af983c11-9397-41ec-9bfb-0705919241eb{ip: 192.168.34.50, host: pr-hdds-1879-pp2l2-2511026898, networkLocation: /default-rack, certSerialId: null}, Type:RATIS, Factor:ONE, State:OPEN]
2019-09-10 13:19:05,078 [grpc-default-executor-0] INFO  impl.RaftServerProxy (RaftServerProxy.java:addNew(89)) - 77c590a9-0e60-42d8-bbf8-e31004d5a9e8: addNew group-2A77EECC8ADC:[77c590a9-0e60-42d8-bbf8-e31004d5a9e8:192.168.34.50:41260] returns group-2A77EECC8ADC:java.util.concurrent.CompletableFuture@1b892ed2[Not completed]
2019-09-10 13:19:05,162 [pool-37-thread-1] INFO  impl.RaftServerImpl (RaftServerImpl.java:<init>(95)) - 77c590a9-0e60-42d8-bbf8-e31004d5a9e8: new RaftServerImpl for group-2A77EECC8ADC:[77c590a9-0e60-42d8-bbf8-e31004d5a9e8:192.168.34.50:41260] with ContainerStateMachine:uninitialized
2019-09-10 13:19:05,165 [pool-37-thread-1] INFO  server.RaftServerConfigKeys (ConfUtils.java:logGet(43)) - raft.server.rpc.timeout.min = 1s (custom)
2019-09-10 13:19:05,165 [pool-37-thread-1] INFO  server.RaftServerConfigKeys (ConfUtils.java:logGet(43)) - raft.server.rpc.timeout.max = 1200ms (custom)
2019-09-10 13:19:05,166 [pool-37-thread-1] INFO  server.RaftServerConfigKeys (ConfUtils.java:logGet(43)) - raft.server.rpcslowness.timeout = 120s (custom)
2019-09-10 13:19:05,166 [pool-37-thread-1] INFO  server.RaftServerConfigKeys (ConfUtils.java:logGet(43)) - raft.server.sleep.deviation.threshold = 300 (default)
2019-09-10 13:19:05,166 [pool-37-thread-1] INFO  server.RaftServerConfigKeys (ConfUtils.java:logGet(43)) - raft.server.log.appender.install.snapshot.enabled = false (custom)
2019-09-10 13:19:05,166 [pool-37-thread-1] INFO  impl.RaftServerImpl (ServerState.java:<init>(103)) - 77c590a9-0e60-42d8-bbf8-e31004d5a9e8@group-2A77EECC8ADC: ConfigurationManager, init=-1: [77c590a9-0e60-42d8-bbf8-e31004d5a9e8:192.168.34.50:41260], old=null, confs=<EMPTY_MAP>
2019-09-10 13:19:05,166 [pool-37-thread-1] INFO  server.RaftServerConfigKeys (ConfUtils.java:logGet(43)) - raft.server.storage.dir = [/workdir/hadoop-ozone/integration-test/target/test-dir/MiniOzoneClusterImpl-bbba21db-ec34-461e-a1c1-b53f0753d0be/datanode-1/data/ratis] (custom)
2019-09-10 13:19:05,167 [pool-37-thread-1] INFO  storage.RaftStorageDirectory (RaftStorageDirectory.java:analyzeStorage(246)) - The storage directory /workdir/hadoop-ozone/integration-test/target/test-dir/MiniOzoneClusterImpl-bbba21db-ec34-461e-a1c1-b53f0753d0be/datanode-1/data/ratis/94a26348-7fb7-4cc2-97c3-2a77eecc8adc does not exist. Creating ...
2019-09-10 13:19:05,181 [pool-37-thread-1] INFO  storage.RaftStorageDirectory (RaftStorageDirectory.java:tryLock(328)) - Lock on /workdir/hadoop-ozone/integration-test/target/test-dir/MiniOzoneClusterImpl-bbba21db-ec34-461e-a1c1-b53f0753d0be/datanode-1/data/ratis/94a26348-7fb7-4cc2-97c3-2a77eecc8adc/in_use.lock acquired by nodename 11455@pr-hdds-1879-pp2l2-2511026898
2019-09-10 13:19:05,194 [pool-37-thread-1] INFO  storage.RaftStorage (RaftStorage.java:format(72)) - Storage directory /workdir/hadoop-ozone/integration-test/target/test-dir/MiniOzoneClusterImpl-bbba21db-ec34-461e-a1c1-b53f0753d0be/datanode-1/data/ratis/94a26348-7fb7-4cc2-97c3-2a77eecc8adc has been successfully formatted.
2019-09-10 13:19:05,196 [pool-37-thread-1] INFO  ratis.ContainerStateMachine (ContainerStateMachine.java:loadSnapshot(230)) - group-2A77EECC8ADC: The snapshot info is null. Setting the last applied indexto:(t:0, i:~)
2019-09-10 13:19:05,198 [pool-37-thread-1] INFO  server.RaftServerConfigKeys (ConfUtils.java:logGet(43)) - raft.server.notification.no-leader.timeout = 120s (custom)
2019-09-10 13:19:05,198 [pool-37-thread-1] INFO  server.RaftServerConfigKeys (ConfUtils.java:logGet(43)) - raft.server.log.use.memory = false (default)
2019-09-10 13:19:05,198 [pool-37-thread-1] INFO  server.RaftServerConfigKeys (ConfUtils.java:logGet(43)) - raft.server.log.purge.gap = 1000000 (custom)
2019-09-10 13:19:05,198 [pool-37-thread-1] INFO  server.RaftServerConfigKeys (ConfUtils.java:logGet(43)) - raft.server.log.appender.buffer.byte-limit = 33554432 (custom)
2019-09-10 13:19:05,198 [pool-37-thread-1] INFO  server.RaftServerConfigKeys (ConfUtils.java:logGet(43)) - raft.server.log.segment.size.max = 1048576 (custom)
2019-09-10 13:19:05,198 [pool-37-thread-1] INFO  server.RaftServerConfigKeys (ConfUtils.java:logGet(43)) - raft.server.log.segment.cache.num.max = 2 (custom)
2019-09-10 13:19:05,199 [pool-37-thread-1] INFO  segmented.SegmentedRaftLogWorker (SegmentedRaftLogWorker.java:<init>(172)) - new 77c590a9-0e60-42d8-bbf8-e31004d5a9e8@group-2A77EECC8ADC-SegmentedRaftLogWorker for RaftStorage:Storage Directory /workdir/hadoop-ozone/integration-test/target/test-dir/MiniOzoneClusterImpl-bbba21db-ec34-461e-a1c1-b53f0753d0be/datanode-1/data/ratis/94a26348-7fb7-4cc2-97c3-2a77eecc8adc
2019-09-10 13:19:05,205 [pool-37-thread-1] INFO  server.RaftServerConfigKeys (ConfUtils.java:logGet(43)) - raft.server.log.queue.byte-limit = 2147483647 (custom)
2019-09-10 13:19:05,206 [pool-37-thread-1] INFO  server.RaftServerConfigKeys (ConfUtils.java:logGet(43)) - raft.server.log.queue.element-limit = 1024 (custom)
2019-09-10 13:19:05,206 [pool-37-thread-1] INFO  server.RaftServerConfigKeys (ConfUtils.java:logGet(43)) - raft.server.log.segment.size.max = 1048576 (custom)
2019-09-10 13:19:05,206 [pool-37-thread-1] INFO  server.RaftServerConfigKeys (ConfUtils.java:logGet(43)) - raft.server.log.preallocated.size = 16384 (custom)
2019-09-10 13:19:05,206 [pool-37-thread-1] INFO  server.RaftServerConfigKeys (ConfUtils.java:logGet(43)) - raft.server.log.write.buffer.size = 33554432 (custom)
2019-09-10 13:19:05,206 [pool-37-thread-1] INFO  server.RaftServerConfigKeys (ConfUtils.java:logGet(43)) - raft.server.log.force.sync.num = 128 (default)
2019-09-10 13:19:05,206 [pool-37-thread-1] INFO  server.RaftServerConfigKeys (ConfUtils.java:logGet(43)) - raft.server.log.statemachine.data.sync = true (default)
2019-09-10 13:19:05,207 [pool-37-thread-1] INFO  server.RaftServerConfigKeys (ConfUtils.java:logGet(43)) - raft.server.log.statemachine.data.sync.timeout = 10s (default)
2019-09-10 13:19:05,207 [pool-37-thread-1] INFO  server.RaftServerConfigKeys (ConfUtils.java:logGet(43)) - raft.server.log.statemachine.data.sync.timeout.retry = -1 (default)
2019-09-10 13:19:05,207 [pool-37-thread-1] INFO  server.RaftServerConfigKeys (ConfUtils.java:logGet(43)) - raft.server.log.statemachine.data.caching.enabled = true (custom)
2019-09-10 13:19:05,208 [pool-37-thread-1] INFO  segmented.SegmentedRaftLogWorker (SegmentedRaftLogWorker.java:lambda$new$0(132)) - 77c590a9-0e60-42d8-bbf8-e31004d5a9e8@group-2A77EECC8ADC-SegmentedRaftLogWorker: flushIndex: setUnconditionally 0 -> -1
2019-09-10 13:19:05,208 [pool-37-thread-1] INFO  server.RaftServerConfigKeys (ConfUtils.java:logGet(43)) - raft.server.snapshot.auto.trigger.enabled = true (custom)
2019-09-10 13:19:05,208 [pool-37-thread-1] INFO  server.RaftServerConfigKeys (ConfUtils.java:logGet(43)) - raft.server.snapshot.auto.trigger.threshold = 10000 (custom)
2019-09-10 13:19:05,208 [pool-37-thread-1] INFO  server.RaftServerConfigKeys (ConfUtils.java:logGet(43)) - raft.server.snapshot.retention.num.files = -1 (default)
2019-09-10 13:19:05,208 [pool-37-thread-1] INFO  server.RaftServerConfigKeys (ConfUtils.java:logGet(43)) - raft.server.retrycache.expirytime = 600000ms (custom)
2019-09-10 13:19:05,213 [pool-37-thread-1] INFO  impl.RaftServerImpl (RaftServerImpl.java:start(185)) - 77c590a9-0e60-42d8-bbf8-e31004d5a9e8@group-2A77EECC8ADC: start as a follower, conf=-1: [77c590a9-0e60-42d8-bbf8-e31004d5a9e8:192.168.34.50:41260], old=null
2019-09-10 13:19:05,213 [pool-37-thread-1] INFO  impl.RaftServerImpl (RaftServerImpl.java:setRole(174)) - 77c590a9-0e60-42d8-bbf8-e31004d5a9e8@group-2A77EECC8ADC: changes role from      null to FOLLOWER at term 0 for startAsFollower
2019-09-10 13:19:05,214 [pool-37-thread-1] INFO  impl.RoleInfo (RoleInfo.java:updateAndGet(143)) - 77c590a9-0e60-42d8-bbf8-e31004d5a9e8: start FollowerState
2019-09-10 13:19:05,215 [pool-37-thread-1] INFO  util.JmxRegister (JmxRegister.java:tryRegister(44)) - Successfully registered JMX Bean with object name Ratis:service=RaftServer,group=group-2A77EECC8ADC,id=77c590a9-0e60-42d8-bbf8-e31004d5a9e8
2019-09-10 13:19:05,233 [RatisPipelineUtilsThread] INFO  pipeline.PipelineStateManager (PipelineStateManager.java:addPipeline(56)) - Created pipeline Pipeline[ Id: 94a26348-7fb7-4cc2-97c3-2a77eecc8adc, Nodes: 77c590a9-0e60-42d8-bbf8-e31004d5a9e8{ip: 192.168.34.50, host: pr-hdds-1879-pp2l2-2511026898, networkLocation: /default-rack, certSerialId: null}, Type:RATIS, Factor:ONE, State:OPEN]
2019-09-10 13:19:05,259 [grpc-default-executor-0] INFO  impl.RaftServerProxy (RaftServerProxy.java:addNew(89)) - 598fdd25-f3b3-418d-bbd3-bcbfa35279b9: addNew group-24818B8B9254:[598fdd25-f3b3-418d-bbd3-bcbfa35279b9:192.168.34.50:46100] returns group-24818B8B9254:java.util.concurrent.CompletableFuture@6284df5c[Not completed]
2019-09-10 13:19:05,292 [pool-47-thread-1] INFO  impl.RaftServerImpl (RaftServerImpl.java:<init>(95)) - 598fdd25-f3b3-418d-bbd3-bcbfa35279b9: new RaftServerImpl for group-24818B8B9254:[598fdd25-f3b3-418d-bbd3-bcbfa35279b9:192.168.34.50:46100] with ContainerStateMachine:uninitialized
2019-09-10 13:19:05,292 [pool-47-thread-1] INFO  server.RaftServerConfigKeys (ConfUtils.java:logGet(43)) - raft.server.rpc.timeout.min = 1s (custom)
2019-09-10 13:19:05,292 [pool-47-thread-1] INFO  server.RaftServerConfigKeys (ConfUtils.java:logGet(43)) - raft.server.rpc.timeout.max = 1200ms (custom)
2019-09-10 13:19:05,292 [pool-47-thread-1] INFO  server.RaftServerConfigKeys (ConfUtils.java:logGet(43)) - raft.server.rpcslowness.timeout = 120s (custom)
2019-09-10 13:19:05,292 [pool-47-thread-1] INFO  server.RaftServerConfigKeys (ConfUtils.java:logGet(43)) - raft.server.sleep.deviation.threshold = 300 (default)
2019-09-10 13:19:05,293 [pool-47-thread-1] INFO  server.RaftServerConfigKeys (ConfUtils.java:logGet(43)) - raft.server.log.appender.install.snapshot.enabled = false (custom)
2019-09-10 13:19:05,293 [pool-47-thread-1] INFO  impl.RaftServerImpl (ServerState.java:<init>(103)) - 598fdd25-f3b3-418d-bbd3-bcbfa35279b9@group-24818B8B9254: ConfigurationManager, init=-1: [598fdd25-f3b3-418d-bbd3-bcbfa35279b9:192.168.34.50:46100], old=null, confs=<EMPTY_MAP>
2019-09-10 13:19:05,293 [pool-47-thread-1] INFO  server.RaftServerConfigKeys (ConfUtils.java:logGet(43)) - raft.server.storage.dir = [/workdir/hadoop-ozone/integration-test/target/test-dir/MiniOzoneClusterImpl-bbba21db-ec34-461e-a1c1-b53f0753d0be/datanode-2/data/ratis] (custom)
2019-09-10 13:19:05,293 [pool-47-thread-1] INFO  storage.RaftStorageDirectory (RaftStorageDirectory.java:analyzeStorage(246)) - The storage directory /workdir/hadoop-ozone/integration-test/target/test-dir/MiniOzoneClusterImpl-bbba21db-ec34-461e-a1c1-b53f0753d0be/datanode-2/data/ratis/dc4d46cb-346c-458f-aee8-24818b8b9254 does not exist. Creating ...
2019-09-10 13:19:05,306 [pool-47-thread-1] INFO  storage.RaftStorageDirectory (RaftStorageDirectory.java:tryLock(328)) - Lock on /workdir/hadoop-ozone/integration-test/target/test-dir/MiniOzoneClusterImpl-bbba21db-ec34-461e-a1c1-b53f0753d0be/datanode-2/data/ratis/dc4d46cb-346c-458f-aee8-24818b8b9254/in_use.lock acquired by nodename 11455@pr-hdds-1879-pp2l2-2511026898
2019-09-10 13:19:05,318 [pool-47-thread-1] INFO  storage.RaftStorage (RaftStorage.java:format(72)) - Storage directory /workdir/hadoop-ozone/integration-test/target/test-dir/MiniOzoneClusterImpl-bbba21db-ec34-461e-a1c1-b53f0753d0be/datanode-2/data/ratis/dc4d46cb-346c-458f-aee8-24818b8b9254 has been successfully formatted.
2019-09-10 13:19:05,319 [pool-47-thread-1] INFO  ratis.ContainerStateMachine (ContainerStateMachine.java:loadSnapshot(230)) - group-24818B8B9254: The snapshot info is null. Setting the last applied indexto:(t:0, i:~)
2019-09-10 13:19:05,319 [pool-47-thread-1] INFO  server.RaftServerConfigKeys (ConfUtils.java:logGet(43)) - raft.server.notification.no-leader.timeout = 120s (custom)
2019-09-10 13:19:05,319 [pool-47-thread-1] INFO  server.RaftServerConfigKeys (ConfUtils.java:logGet(43)) - raft.server.log.use.memory = false (default)
2019-09-10 13:19:05,319 [pool-47-thread-1] INFO  server.RaftServerConfigKeys (ConfUtils.java:logGet(43)) - raft.server.log.purge.gap = 1000000 (custom)
2019-09-10 13:19:05,319 [pool-47-thread-1] INFO  server.RaftServerConfigKeys (ConfUtils.java:logGet(43)) - raft.server.log.appender.buffer.byte-limit = 33554432 (custom)
2019-09-10 13:19:05,319 [pool-47-thread-1] INFO  server.RaftServerConfigKeys (ConfUtils.java:logGet(43)) - raft.server.log.segment.size.max = 1048576 (custom)
2019-09-10 13:19:05,320 [pool-47-thread-1] INFO  server.RaftServerConfigKeys (ConfUtils.java:logGet(43)) - raft.server.log.segment.cache.num.max = 2 (custom)
2019-09-10 13:19:05,320 [pool-47-thread-1] INFO  segmented.SegmentedRaftLogWorker (SegmentedRaftLogWorker.java:<init>(172)) - new 598fdd25-f3b3-418d-bbd3-bcbfa35279b9@group-24818B8B9254-SegmentedRaftLogWorker for RaftStorage:Storage Directory /workdir/hadoop-ozone/integration-test/target/test-dir/MiniOzoneClusterImpl-bbba21db-ec34-461e-a1c1-b53f0753d0be/datanode-2/data/ratis/dc4d46cb-346c-458f-aee8-24818b8b9254
2019-09-10 13:19:05,386 [pool-47-thread-1] INFO  server.RaftServerConfigKeys (ConfUtils.java:logGet(43)) - raft.server.log.queue.byte-limit = 2147483647 (custom)
2019-09-10 13:19:05,386 [pool-47-thread-1] INFO  server.RaftServerConfigKeys (ConfUtils.java:logGet(43)) - raft.server.log.queue.element-limit = 1024 (custom)
2019-09-10 13:19:05,386 [pool-47-thread-1] INFO  server.RaftServerConfigKeys (ConfUtils.java:logGet(43)) - raft.server.log.segment.size.max = 1048576 (custom)
2019-09-10 13:19:05,387 [pool-47-thread-1] INFO  server.RaftServerConfigKeys (ConfUtils.java:logGet(43)) - raft.server.log.preallocated.size = 16384 (custom)
2019-09-10 13:19:05,387 [pool-47-thread-1] INFO  server.RaftServerConfigKeys (ConfUtils.java:logGet(43)) - raft.server.log.write.buffer.size = 33554432 (custom)
2019-09-10 13:19:05,387 [pool-47-thread-1] INFO  server.RaftServerConfigKeys (ConfUtils.java:logGet(43)) - raft.server.log.force.sync.num = 128 (default)
2019-09-10 13:19:05,387 [pool-47-thread-1] INFO  server.RaftServerConfigKeys (ConfUtils.java:logGet(43)) - raft.server.log.statemachine.data.sync = true (default)
2019-09-10 13:19:05,387 [pool-47-thread-1] INFO  server.RaftServerConfigKeys (ConfUtils.java:logGet(43)) - raft.server.log.statemachine.data.sync.timeout = 10s (default)
2019-09-10 13:19:05,387 [pool-47-thread-1] INFO  server.RaftServerConfigKeys (ConfUtils.java:logGet(43)) - raft.server.log.statemachine.data.sync.timeout.retry = -1 (default)
2019-09-10 13:19:05,388 [pool-47-thread-1] INFO  server.RaftServerConfigKeys (ConfUtils.java:logGet(43)) - raft.server.log.statemachine.data.caching.enabled = true (custom)
2019-09-10 13:19:05,388 [pool-47-thread-1] INFO  segmented.SegmentedRaftLogWorker (SegmentedRaftLogWorker.java:lambda$new$0(132)) - 598fdd25-f3b3-418d-bbd3-bcbfa35279b9@group-24818B8B9254-SegmentedRaftLogWorker: flushIndex: setUnconditionally 0 -> -1
2019-09-10 13:19:05,389 [pool-47-thread-1] INFO  server.RaftServerConfigKeys (ConfUtils.java:logGet(43)) - raft.server.snapshot.auto.trigger.enabled = true (custom)
2019-09-10 13:19:05,389 [pool-47-thread-1] INFO  server.RaftServerConfigKeys (ConfUtils.java:logGet(43)) - raft.server.snapshot.auto.trigger.threshold = 10000 (custom)
2019-09-10 13:19:05,389 [pool-47-thread-1] INFO  server.RaftServerConfigKeys (ConfUtils.java:logGet(43)) - raft.server.snapshot.retention.num.files = -1 (default)
2019-09-10 13:19:05,389 [pool-47-thread-1] INFO  server.RaftServerConfigKeys (ConfUtils.java:logGet(43)) - raft.server.retrycache.expirytime = 600000ms (custom)
2019-09-10 13:19:05,393 [pool-47-thread-1] INFO  impl.RaftServerImpl (RaftServerImpl.java:start(185)) - 598fdd25-f3b3-418d-bbd3-bcbfa35279b9@group-24818B8B9254: start as a follower, conf=-1: [598fdd25-f3b3-418d-bbd3-bcbfa35279b9:192.168.34.50:46100], old=null
2019-09-10 13:19:05,393 [pool-47-thread-1] INFO  impl.RaftServerImpl (RaftServerImpl.java:setRole(174)) - 598fdd25-f3b3-418d-bbd3-bcbfa35279b9@group-24818B8B9254: changes role from      null to FOLLOWER at term 0 for startAsFollower
2019-09-10 13:19:05,394 [pool-47-thread-1] INFO  impl.RoleInfo (RoleInfo.java:updateAndGet(143)) - 598fdd25-f3b3-418d-bbd3-bcbfa35279b9: start FollowerState
2019-09-10 13:19:05,394 [pool-47-thread-1] INFO  util.JmxRegister (JmxRegister.java:tryRegister(44)) - Successfully registered JMX Bean with object name Ratis:service=RaftServer,group=group-24818B8B9254,id=598fdd25-f3b3-418d-bbd3-bcbfa35279b9
2019-09-10 13:19:05,409 [RatisPipelineUtilsThread] INFO  pipeline.PipelineStateManager (PipelineStateManager.java:addPipeline(56)) - Created pipeline Pipeline[ Id: dc4d46cb-346c-458f-aee8-24818b8b9254, Nodes: 598fdd25-f3b3-418d-bbd3-bcbfa35279b9{ip: 192.168.34.50, host: pr-hdds-1879-pp2l2-2511026898, networkLocation: /default-rack, certSerialId: null}, Type:RATIS, Factor:ONE, State:OPEN]
2019-09-10 13:19:05,435 [grpc-default-executor-0] INFO  impl.RaftServerProxy (RaftServerProxy.java:addNew(89)) - 05e9b83b-b6ec-4168-9e18-fac302cf5421: addNew group-C110F6027FBD:[05e9b83b-b6ec-4168-9e18-fac302cf5421:192.168.34.50:39992] returns group-C110F6027FBD:java.util.concurrent.CompletableFuture@2c12d352[Not completed]
2019-09-10 13:19:05,440 [pool-67-thread-1] INFO  impl.RaftServerImpl (RaftServerImpl.java:<init>(95)) - 05e9b83b-b6ec-4168-9e18-fac302cf5421: new RaftServerImpl for group-C110F6027FBD:[05e9b83b-b6ec-4168-9e18-fac302cf5421:192.168.34.50:39992] with ContainerStateMachine:uninitialized
2019-09-10 13:19:05,441 [pool-67-thread-1] INFO  server.RaftServerConfigKeys (ConfUtils.java:logGet(43)) - raft.server.rpc.timeout.min = 1s (custom)
2019-09-10 13:19:05,441 [pool-67-thread-1] INFO  server.RaftServerConfigKeys (ConfUtils.java:logGet(43)) - raft.server.rpc.timeout.max = 1200ms (custom)
2019-09-10 13:19:05,441 [pool-67-thread-1] INFO  server.RaftServerConfigKeys (ConfUtils.java:logGet(43)) - raft.server.rpcslowness.timeout = 120s (custom)
2019-09-10 13:19:05,441 [pool-67-thread-1] INFO  server.RaftServerConfigKeys (ConfUtils.java:logGet(43)) - raft.server.sleep.deviation.threshold = 300 (default)
2019-09-10 13:19:05,441 [pool-67-thread-1] INFO  server.RaftServerConfigKeys (ConfUtils.java:logGet(43)) - raft.server.log.appender.install.snapshot.enabled = false (custom)
2019-09-10 13:19:05,441 [pool-67-thread-1] INFO  impl.RaftServerImpl (ServerState.java:<init>(103)) - 05e9b83b-b6ec-4168-9e18-fac302cf5421@group-C110F6027FBD: ConfigurationManager, init=-1: [05e9b83b-b6ec-4168-9e18-fac302cf5421:192.168.34.50:39992], old=null, confs=<EMPTY_MAP>
2019-09-10 13:19:05,441 [pool-67-thread-1] INFO  server.RaftServerConfigKeys (ConfUtils.java:logGet(43)) - raft.server.storage.dir = [/workdir/hadoop-ozone/integration-test/target/test-dir/MiniOzoneClusterImpl-bbba21db-ec34-461e-a1c1-b53f0753d0be/datanode-4/data/ratis] (custom)
2019-09-10 13:19:05,442 [pool-67-thread-1] INFO  storage.RaftStorageDirectory (RaftStorageDirectory.java:analyzeStorage(246)) - The storage directory /workdir/hadoop-ozone/integration-test/target/test-dir/MiniOzoneClusterImpl-bbba21db-ec34-461e-a1c1-b53f0753d0be/datanode-4/data/ratis/16a20804-d08a-4874-a988-c110f6027fbd does not exist. Creating ...
2019-09-10 13:19:05,454 [pool-67-thread-1] INFO  storage.RaftStorageDirectory (RaftStorageDirectory.java:tryLock(328)) - Lock on /workdir/hadoop-ozone/integration-test/target/test-dir/MiniOzoneClusterImpl-bbba21db-ec34-461e-a1c1-b53f0753d0be/datanode-4/data/ratis/16a20804-d08a-4874-a988-c110f6027fbd/in_use.lock acquired by nodename 11455@pr-hdds-1879-pp2l2-2511026898
2019-09-10 13:19:05,473 [pool-67-thread-1] INFO  storage.RaftStorage (RaftStorage.java:format(72)) - Storage directory /workdir/hadoop-ozone/integration-test/target/test-dir/MiniOzoneClusterImpl-bbba21db-ec34-461e-a1c1-b53f0753d0be/datanode-4/data/ratis/16a20804-d08a-4874-a988-c110f6027fbd has been successfully formatted.
2019-09-10 13:19:05,473 [pool-67-thread-1] INFO  ratis.ContainerStateMachine (ContainerStateMachine.java:loadSnapshot(230)) - group-C110F6027FBD: The snapshot info is null. Setting the last applied indexto:(t:0, i:~)
2019-09-10 13:19:05,473 [pool-67-thread-1] INFO  server.RaftServerConfigKeys (ConfUtils.java:logGet(43)) - raft.server.notification.no-leader.timeout = 120s (custom)
2019-09-10 13:19:05,473 [pool-67-thread-1] INFO  server.RaftServerConfigKeys (ConfUtils.java:logGet(43)) - raft.server.log.use.memory = false (default)
2019-09-10 13:19:05,474 [pool-67-thread-1] INFO  server.RaftServerConfigKeys (ConfUtils.java:logGet(43)) - raft.server.log.purge.gap = 1000000 (custom)
2019-09-10 13:19:05,474 [pool-67-thread-1] INFO  server.RaftServerConfigKeys (ConfUtils.java:logGet(43)) - raft.server.log.appender.buffer.byte-limit = 33554432 (custom)
2019-09-10 13:19:05,474 [pool-67-thread-1] INFO  server.RaftServerConfigKeys (ConfUtils.java:logGet(43)) - raft.server.log.segment.size.max = 1048576 (custom)
2019-09-10 13:19:05,474 [pool-67-thread-1] INFO  server.RaftServerConfigKeys (ConfUtils.java:logGet(43)) - raft.server.log.segment.cache.num.max = 2 (custom)
2019-09-10 13:19:05,474 [pool-67-thread-1] INFO  segmented.SegmentedRaftLogWorker (SegmentedRaftLogWorker.java:<init>(172)) - new 05e9b83b-b6ec-4168-9e18-fac302cf5421@group-C110F6027FBD-SegmentedRaftLogWorker for RaftStorage:Storage Directory /workdir/hadoop-ozone/integration-test/target/test-dir/MiniOzoneClusterImpl-bbba21db-ec34-461e-a1c1-b53f0753d0be/datanode-4/data/ratis/16a20804-d08a-4874-a988-c110f6027fbd
2019-09-10 13:19:05,479 [pool-67-thread-1] INFO  server.RaftServerConfigKeys (ConfUtils.java:logGet(43)) - raft.server.log.queue.byte-limit = 2147483647 (custom)
2019-09-10 13:19:05,479 [pool-67-thread-1] INFO  server.RaftServerConfigKeys (ConfUtils.java:logGet(43)) - raft.server.log.queue.element-limit = 1024 (custom)
2019-09-10 13:19:05,479 [pool-67-thread-1] INFO  server.RaftServerConfigKeys (ConfUtils.java:logGet(43)) - raft.server.log.segment.size.max = 1048576 (custom)
2019-09-10 13:19:05,480 [pool-67-thread-1] INFO  server.RaftServerConfigKeys (ConfUtils.java:logGet(43)) - raft.server.log.preallocated.size = 16384 (custom)
2019-09-10 13:19:05,480 [pool-67-thread-1] INFO  server.RaftServerConfigKeys (ConfUtils.java:logGet(43)) - raft.server.log.write.buffer.size = 33554432 (custom)
2019-09-10 13:19:05,480 [pool-67-thread-1] INFO  server.RaftServerConfigKeys (ConfUtils.java:logGet(43)) - raft.server.log.force.sync.num = 128 (default)
2019-09-10 13:19:05,480 [pool-67-thread-1] INFO  server.RaftServerConfigKeys (ConfUtils.java:logGet(43)) - raft.server.log.statemachine.data.sync = true (default)
2019-09-10 13:19:05,480 [pool-67-thread-1] INFO  server.RaftServerConfigKeys (ConfUtils.java:logGet(43)) - raft.server.log.statemachine.data.sync.timeout = 10s (default)
2019-09-10 13:19:05,480 [pool-67-thread-1] INFO  server.RaftServerConfigKeys (ConfUtils.java:logGet(43)) - raft.server.log.statemachine.data.sync.timeout.retry = -1 (default)
2019-09-10 13:19:05,481 [pool-67-thread-1] INFO  server.RaftServerConfigKeys (ConfUtils.java:logGet(43)) - raft.server.log.statemachine.data.caching.enabled = true (custom)
2019-09-10 13:19:05,481 [pool-67-thread-1] INFO  segmented.SegmentedRaftLogWorker (SegmentedRaftLogWorker.java:lambda$new$0(132)) - 05e9b83b-b6ec-4168-9e18-fac302cf5421@group-C110F6027FBD-SegmentedRaftLogWorker: flushIndex: setUnconditionally 0 -> -1
2019-09-10 13:19:05,481 [pool-67-thread-1] INFO  server.RaftServerConfigKeys (ConfUtils.java:logGet(43)) - raft.server.snapshot.auto.trigger.enabled = true (custom)
2019-09-10 13:19:05,482 [pool-67-thread-1] INFO  server.RaftServerConfigKeys (ConfUtils.java:logGet(43)) - raft.server.snapshot.auto.trigger.threshold = 10000 (custom)
2019-09-10 13:19:05,482 [pool-67-thread-1] INFO  server.RaftServerConfigKeys (ConfUtils.java:logGet(43)) - raft.server.snapshot.retention.num.files = -1 (default)
2019-09-10 13:19:05,482 [pool-67-thread-1] INFO  server.RaftServerConfigKeys (ConfUtils.java:logGet(43)) - raft.server.retrycache.expirytime = 600000ms (custom)
2019-09-10 13:19:05,486 [pool-67-thread-1] INFO  impl.RaftServerImpl (RaftServerImpl.java:start(185)) - 05e9b83b-b6ec-4168-9e18-fac302cf5421@group-C110F6027FBD: start as a follower, conf=-1: [05e9b83b-b6ec-4168-9e18-fac302cf5421:192.168.34.50:39992], old=null
2019-09-10 13:19:05,487 [pool-67-thread-1] INFO  impl.RaftServerImpl (RaftServerImpl.java:setRole(174)) - 05e9b83b-b6ec-4168-9e18-fac302cf5421@group-C110F6027FBD: changes role from      null to FOLLOWER at term 0 for startAsFollower
2019-09-10 13:19:05,487 [pool-67-thread-1] INFO  impl.RoleInfo (RoleInfo.java:updateAndGet(143)) - 05e9b83b-b6ec-4168-9e18-fac302cf5421: start FollowerState
2019-09-10 13:19:05,487 [pool-67-thread-1] INFO  util.JmxRegister (JmxRegister.java:tryRegister(44)) - Successfully registered JMX Bean with object name Ratis:service=RaftServer,group=group-C110F6027FBD,id=05e9b83b-b6ec-4168-9e18-fac302cf5421
2019-09-10 13:19:05,506 [RatisPipelineUtilsThread] INFO  pipeline.PipelineStateManager (PipelineStateManager.java:addPipeline(56)) - Created pipeline Pipeline[ Id: 16a20804-d08a-4874-a988-c110f6027fbd, Nodes: 05e9b83b-b6ec-4168-9e18-fac302cf5421{ip: 192.168.34.50, host: pr-hdds-1879-pp2l2-2511026898, networkLocation: /default-rack, certSerialId: null}, Type:RATIS, Factor:ONE, State:OPEN]
2019-09-10 13:19:05,524 [grpc-default-executor-0] INFO  impl.RaftServerProxy (RaftServerProxy.java:addNew(89)) - fa25b701-8575-4c87-a8ca-f6672565109a: addNew group-F60B88CEFD68:[fa25b701-8575-4c87-a8ca-f6672565109a:192.168.34.50:36005] returns group-F60B88CEFD68:java.util.concurrent.CompletableFuture@4864a86a[Not completed]
2019-09-10 13:19:05,529 [pool-97-thread-1] INFO  impl.RaftServerImpl (RaftServerImpl.java:<init>(95)) - fa25b701-8575-4c87-a8ca-f6672565109a: new RaftServerImpl for group-F60B88CEFD68:[fa25b701-8575-4c87-a8ca-f6672565109a:192.168.34.50:36005] with ContainerStateMachine:uninitialized
2019-09-10 13:19:05,529 [pool-97-thread-1] INFO  server.RaftServerConfigKeys (ConfUtils.java:logGet(43)) - raft.server.rpc.timeout.min = 1s (custom)
2019-09-10 13:19:05,529 [pool-97-thread-1] INFO  server.RaftServerConfigKeys (ConfUtils.java:logGet(43)) - raft.server.rpc.timeout.max = 1200ms (custom)
2019-09-10 13:19:05,529 [pool-97-thread-1] INFO  server.RaftServerConfigKeys (ConfUtils.java:logGet(43)) - raft.server.rpcslowness.timeout = 120s (custom)
2019-09-10 13:19:05,529 [pool-97-thread-1] INFO  server.RaftServerConfigKeys (ConfUtils.java:logGet(43)) - raft.server.sleep.deviation.threshold = 300 (default)
2019-09-10 13:19:05,530 [pool-97-thread-1] INFO  server.RaftServerConfigKeys (ConfUtils.java:logGet(43)) - raft.server.log.appender.install.snapshot.enabled = false (custom)
2019-09-10 13:19:05,530 [pool-97-thread-1] INFO  impl.RaftServerImpl (ServerState.java:<init>(103)) - fa25b701-8575-4c87-a8ca-f6672565109a@group-F60B88CEFD68: ConfigurationManager, init=-1: [fa25b701-8575-4c87-a8ca-f6672565109a:192.168.34.50:36005], old=null, confs=<EMPTY_MAP>
2019-09-10 13:19:05,530 [pool-97-thread-1] INFO  server.RaftServerConfigKeys (ConfUtils.java:logGet(43)) - raft.server.storage.dir = [/workdir/hadoop-ozone/integration-test/target/test-dir/MiniOzoneClusterImpl-bbba21db-ec34-461e-a1c1-b53f0753d0be/datanode-7/data/ratis] (custom)
2019-09-10 13:19:05,530 [pool-97-thread-1] INFO  storage.RaftStorageDirectory (RaftStorageDirectory.java:analyzeStorage(246)) - The storage directory /workdir/hadoop-ozone/integration-test/target/test-dir/MiniOzoneClusterImpl-bbba21db-ec34-461e-a1c1-b53f0753d0be/datanode-7/data/ratis/871bd605-efb9-4788-a15b-f60b88cefd68 does not exist. Creating ...
2019-09-10 13:19:05,553 [pool-97-thread-1] INFO  storage.RaftStorageDirectory (RaftStorageDirectory.java:tryLock(328)) - Lock on /workdir/hadoop-ozone/integration-test/target/test-dir/MiniOzoneClusterImpl-bbba21db-ec34-461e-a1c1-b53f0753d0be/datanode-7/data/ratis/871bd605-efb9-4788-a15b-f60b88cefd68/in_use.lock acquired by nodename 11455@pr-hdds-1879-pp2l2-2511026898
2019-09-10 13:19:05,568 [pool-97-thread-1] INFO  storage.RaftStorage (RaftStorage.java:format(72)) - Storage directory /workdir/hadoop-ozone/integration-test/target/test-dir/MiniOzoneClusterImpl-bbba21db-ec34-461e-a1c1-b53f0753d0be/datanode-7/data/ratis/871bd605-efb9-4788-a15b-f60b88cefd68 has been successfully formatted.
2019-09-10 13:19:05,568 [pool-97-thread-1] INFO  ratis.ContainerStateMachine (ContainerStateMachine.java:loadSnapshot(230)) - group-F60B88CEFD68: The snapshot info is null. Setting the last applied indexto:(t:0, i:~)
2019-09-10 13:19:05,568 [pool-97-thread-1] INFO  server.RaftServerConfigKeys (ConfUtils.java:logGet(43)) - raft.server.notification.no-leader.timeout = 120s (custom)
2019-09-10 13:19:05,568 [pool-97-thread-1] INFO  server.RaftServerConfigKeys (ConfUtils.java:logGet(43)) - raft.server.log.use.memory = false (default)
2019-09-10 13:19:05,568 [pool-97-thread-1] INFO  server.RaftServerConfigKeys (ConfUtils.java:logGet(43)) - raft.server.log.purge.gap = 1000000 (custom)
2019-09-10 13:19:05,568 [pool-97-thread-1] INFO  server.RaftServerConfigKeys (ConfUtils.java:logGet(43)) - raft.server.log.appender.buffer.byte-limit = 33554432 (custom)
2019-09-10 13:19:05,569 [pool-97-thread-1] INFO  server.RaftServerConfigKeys (ConfUtils.java:logGet(43)) - raft.server.log.segment.size.max = 1048576 (custom)
2019-09-10 13:19:05,569 [pool-97-thread-1] INFO  server.RaftServerConfigKeys (ConfUtils.java:logGet(43)) - raft.server.log.segment.cache.num.max = 2 (custom)
2019-09-10 13:19:05,569 [pool-97-thread-1] INFO  segmented.SegmentedRaftLogWorker (SegmentedRaftLogWorker.java:<init>(172)) - new fa25b701-8575-4c87-a8ca-f6672565109a@group-F60B88CEFD68-SegmentedRaftLogWorker for RaftStorage:Storage Directory /workdir/hadoop-ozone/integration-test/target/test-dir/MiniOzoneClusterImpl-bbba21db-ec34-461e-a1c1-b53f0753d0be/datanode-7/data/ratis/871bd605-efb9-4788-a15b-f60b88cefd68
2019-09-10 13:19:05,573 [pool-97-thread-1] INFO  server.RaftServerConfigKeys (ConfUtils.java:logGet(43)) - raft.server.log.queue.byte-limit = 2147483647 (custom)
2019-09-10 13:19:05,573 [pool-97-thread-1] INFO  server.RaftServerConfigKeys (ConfUtils.java:logGet(43)) - raft.server.log.queue.element-limit = 1024 (custom)
2019-09-10 13:19:05,574 [pool-97-thread-1] INFO  server.RaftServerConfigKeys (ConfUtils.java:logGet(43)) - raft.server.log.segment.size.max = 1048576 (custom)
2019-09-10 13:19:05,574 [pool-97-thread-1] INFO  server.RaftServerConfigKeys (ConfUtils.java:logGet(43)) - raft.server.log.preallocated.size = 16384 (custom)
2019-09-10 13:19:05,574 [pool-97-thread-1] INFO  server.RaftServerConfigKeys (ConfUtils.java:logGet(43)) - raft.server.log.write.buffer.size = 33554432 (custom)
2019-09-10 13:19:05,574 [pool-97-thread-1] INFO  server.RaftServerConfigKeys (ConfUtils.java:logGet(43)) - raft.server.log.force.sync.num = 128 (default)
2019-09-10 13:19:05,574 [pool-97-thread-1] INFO  server.RaftServerConfigKeys (ConfUtils.java:logGet(43)) - raft.server.log.statemachine.data.sync = true (default)
2019-09-10 13:19:05,574 [pool-97-thread-1] INFO  server.RaftServerConfigKeys (ConfUtils.java:logGet(43)) - raft.server.log.statemachine.data.sync.timeout = 10s (default)
2019-09-10 13:19:05,574 [pool-97-thread-1] INFO  server.RaftServerConfigKeys (ConfUtils.java:logGet(43)) - raft.server.log.statemachine.data.sync.timeout.retry = -1 (default)
2019-09-10 13:19:05,575 [pool-97-thread-1] INFO  server.RaftServerConfigKeys (ConfUtils.java:logGet(43)) - raft.server.log.statemachine.data.caching.enabled = true (custom)
2019-09-10 13:19:05,575 [pool-97-thread-1] INFO  segmented.SegmentedRaftLogWorker (SegmentedRaftLogWorker.java:lambda$new$0(132)) - fa25b701-8575-4c87-a8ca-f6672565109a@group-F60B88CEFD68-SegmentedRaftLogWorker: flushIndex: setUnconditionally 0 -> -1
2019-09-10 13:19:05,575 [pool-97-thread-1] INFO  server.RaftServerConfigKeys (ConfUtils.java:logGet(43)) - raft.server.snapshot.auto.trigger.enabled = true (custom)
2019-09-10 13:19:05,575 [pool-97-thread-1] INFO  server.RaftServerConfigKeys (ConfUtils.java:logGet(43)) - raft.server.snapshot.auto.trigger.threshold = 10000 (custom)
2019-09-10 13:19:05,576 [pool-97-thread-1] INFO  server.RaftServerConfigKeys (ConfUtils.java:logGet(43)) - raft.server.snapshot.retention.num.files = -1 (default)
2019-09-10 13:19:05,576 [pool-97-thread-1] INFO  server.RaftServerConfigKeys (ConfUtils.java:logGet(43)) - raft.server.retrycache.expirytime = 600000ms (custom)
2019-09-10 13:19:05,579 [pool-97-thread-1] INFO  impl.RaftServerImpl (RaftServerImpl.java:start(185)) - fa25b701-8575-4c87-a8ca-f6672565109a@group-F60B88CEFD68: start as a follower, conf=-1: [fa25b701-8575-4c87-a8ca-f6672565109a:192.168.34.50:36005], old=null
2019-09-10 13:19:05,579 [pool-97-thread-1] INFO  impl.RaftServerImpl (RaftServerImpl.java:setRole(174)) - fa25b701-8575-4c87-a8ca-f6672565109a@group-F60B88CEFD68: changes role from      null to FOLLOWER at term 0 for startAsFollower
2019-09-10 13:19:05,579 [pool-97-thread-1] INFO  impl.RoleInfo (RoleInfo.java:updateAndGet(143)) - fa25b701-8575-4c87-a8ca-f6672565109a: start FollowerState
2019-09-10 13:19:05,580 [pool-97-thread-1] INFO  util.JmxRegister (JmxRegister.java:tryRegister(44)) - Successfully registered JMX Bean with object name Ratis:service=RaftServer,group=group-F60B88CEFD68,id=fa25b701-8575-4c87-a8ca-f6672565109a
2019-09-10 13:19:05,596 [RatisPipelineUtilsThread] INFO  pipeline.PipelineStateManager (PipelineStateManager.java:addPipeline(56)) - Created pipeline Pipeline[ Id: 871bd605-efb9-4788-a15b-f60b88cefd68, Nodes: fa25b701-8575-4c87-a8ca-f6672565109a{ip: 192.168.34.50, host: pr-hdds-1879-pp2l2-2511026898, networkLocation: /default-rack, certSerialId: null}, Type:RATIS, Factor:ONE, State:OPEN]
2019-09-10 13:19:05,616 [grpc-default-executor-0] INFO  impl.RaftServerProxy (RaftServerProxy.java:addNew(89)) - c9bddf00-2197-4e52-a76a-1743bb04b5e3: addNew group-3C88ACFB8710:[c9bddf00-2197-4e52-a76a-1743bb04b5e3:192.168.34.50:40372] returns group-3C88ACFB8710:java.util.concurrent.CompletableFuture@3ff29b9a[Not completed]
2019-09-10 13:19:05,622 [pool-117-thread-1] INFO  impl.RaftServerImpl (RaftServerImpl.java:<init>(95)) - c9bddf00-2197-4e52-a76a-1743bb04b5e3: new RaftServerImpl for group-3C88ACFB8710:[c9bddf00-2197-4e52-a76a-1743bb04b5e3:192.168.34.50:40372] with ContainerStateMachine:uninitialized
2019-09-10 13:19:05,622 [pool-117-thread-1] INFO  server.RaftServerConfigKeys (ConfUtils.java:logGet(43)) - raft.server.rpc.timeout.min = 1s (custom)
2019-09-10 13:19:05,622 [pool-117-thread-1] INFO  server.RaftServerConfigKeys (ConfUtils.java:logGet(43)) - raft.server.rpc.timeout.max = 1200ms (custom)
2019-09-10 13:19:05,622 [pool-117-thread-1] INFO  server.RaftServerConfigKeys (ConfUtils.java:logGet(43)) - raft.server.rpcslowness.timeout = 120s (custom)
2019-09-10 13:19:05,622 [pool-117-thread-1] INFO  server.RaftServerConfigKeys (ConfUtils.java:logGet(43)) - raft.server.sleep.deviation.threshold = 300 (default)
2019-09-10 13:19:05,622 [pool-117-thread-1] INFO  server.RaftServerConfigKeys (ConfUtils.java:logGet(43)) - raft.server.log.appender.install.snapshot.enabled = false (custom)
2019-09-10 13:19:05,622 [pool-117-thread-1] INFO  impl.RaftServerImpl (ServerState.java:<init>(103)) - c9bddf00-2197-4e52-a76a-1743bb04b5e3@group-3C88ACFB8710: ConfigurationManager, init=-1: [c9bddf00-2197-4e52-a76a-1743bb04b5e3:192.168.34.50:40372], old=null, confs=<EMPTY_MAP>
2019-09-10 13:19:05,623 [pool-117-thread-1] INFO  server.RaftServerConfigKeys (ConfUtils.java:logGet(43)) - raft.server.storage.dir = [/workdir/hadoop-ozone/integration-test/target/test-dir/MiniOzoneClusterImpl-bbba21db-ec34-461e-a1c1-b53f0753d0be/datanode-9/data/ratis] (custom)
2019-09-10 13:19:05,623 [pool-117-thread-1] INFO  storage.RaftStorageDirectory (RaftStorageDirectory.java:analyzeStorage(246)) - The storage directory /workdir/hadoop-ozone/integration-test/target/test-dir/MiniOzoneClusterImpl-bbba21db-ec34-461e-a1c1-b53f0753d0be/datanode-9/data/ratis/a4b796f0-354b-44af-b555-3c88acfb8710 does not exist. Creating ...
2019-09-10 13:19:05,636 [pool-117-thread-1] INFO  storage.RaftStorageDirectory (RaftStorageDirectory.java:tryLock(328)) - Lock on /workdir/hadoop-ozone/integration-test/target/test-dir/MiniOzoneClusterImpl-bbba21db-ec34-461e-a1c1-b53f0753d0be/datanode-9/data/ratis/a4b796f0-354b-44af-b555-3c88acfb8710/in_use.lock acquired by nodename 11455@pr-hdds-1879-pp2l2-2511026898
2019-09-10 13:19:05,648 [pool-117-thread-1] INFO  storage.RaftStorage (RaftStorage.java:format(72)) - Storage directory /workdir/hadoop-ozone/integration-test/target/test-dir/MiniOzoneClusterImpl-bbba21db-ec34-461e-a1c1-b53f0753d0be/datanode-9/data/ratis/a4b796f0-354b-44af-b555-3c88acfb8710 has been successfully formatted.
2019-09-10 13:19:05,648 [pool-117-thread-1] INFO  ratis.ContainerStateMachine (ContainerStateMachine.java:loadSnapshot(230)) - group-3C88ACFB8710: The snapshot info is null. Setting the last applied indexto:(t:0, i:~)
2019-09-10 13:19:05,649 [pool-117-thread-1] INFO  server.RaftServerConfigKeys (ConfUtils.java:logGet(43)) - raft.server.notification.no-leader.timeout = 120s (custom)
2019-09-10 13:19:05,649 [pool-117-thread-1] INFO  server.RaftServerConfigKeys (ConfUtils.java:logGet(43)) - raft.server.log.use.memory = false (default)
2019-09-10 13:19:05,649 [pool-117-thread-1] INFO  server.RaftServerConfigKeys (ConfUtils.java:logGet(43)) - raft.server.log.purge.gap = 1000000 (custom)
2019-09-10 13:19:05,649 [pool-117-thread-1] INFO  server.RaftServerConfigKeys (ConfUtils.java:logGet(43)) - raft.server.log.appender.buffer.byte-limit = 33554432 (custom)
2019-09-10 13:19:05,649 [pool-117-thread-1] INFO  server.RaftServerConfigKeys (ConfUtils.java:logGet(43)) - raft.server.log.segment.size.max = 1048576 (custom)
2019-09-10 13:19:05,649 [pool-117-thread-1] INFO  server.RaftServerConfigKeys (ConfUtils.java:logGet(43)) - raft.server.log.segment.cache.num.max = 2 (custom)
2019-09-10 13:19:05,649 [pool-117-thread-1] INFO  segmented.SegmentedRaftLogWorker (SegmentedRaftLogWorker.java:<init>(172)) - new c9bddf00-2197-4e52-a76a-1743bb04b5e3@group-3C88ACFB8710-SegmentedRaftLogWorker for RaftStorage:Storage Directory /workdir/hadoop-ozone/integration-test/target/test-dir/MiniOzoneClusterImpl-bbba21db-ec34-461e-a1c1-b53f0753d0be/datanode-9/data/ratis/a4b796f0-354b-44af-b555-3c88acfb8710
2019-09-10 13:19:05,652 [pool-117-thread-1] INFO  server.RaftServerConfigKeys (ConfUtils.java:logGet(43)) - raft.server.log.queue.byte-limit = 2147483647 (custom)
2019-09-10 13:19:05,652 [pool-117-thread-1] INFO  server.RaftServerConfigKeys (ConfUtils.java:logGet(43)) - raft.server.log.queue.element-limit = 1024 (custom)
2019-09-10 13:19:05,652 [pool-117-thread-1] INFO  server.RaftServerConfigKeys (ConfUtils.java:logGet(43)) - raft.server.log.segment.size.max = 1048576 (custom)
2019-09-10 13:19:05,652 [pool-117-thread-1] INFO  server.RaftServerConfigKeys (ConfUtils.java:logGet(43)) - raft.server.log.preallocated.size = 16384 (custom)
2019-09-10 13:19:05,652 [pool-117-thread-1] INFO  server.RaftServerConfigKeys (ConfUtils.java:logGet(43)) - raft.server.log.write.buffer.size = 33554432 (custom)
2019-09-10 13:19:05,653 [pool-117-thread-1] INFO  server.RaftServerConfigKeys (ConfUtils.java:logGet(43)) - raft.server.log.force.sync.num = 128 (default)
2019-09-10 13:19:05,653 [pool-117-thread-1] INFO  server.RaftServerConfigKeys (ConfUtils.java:logGet(43)) - raft.server.log.statemachine.data.sync = true (default)
2019-09-10 13:19:05,653 [pool-117-thread-1] INFO  server.RaftServerConfigKeys (ConfUtils.java:logGet(43)) - raft.server.log.statemachine.data.sync.timeout = 10s (default)
2019-09-10 13:19:05,653 [pool-117-thread-1] INFO  server.RaftServerConfigKeys (ConfUtils.java:logGet(43)) - raft.server.log.statemachine.data.sync.timeout.retry = -1 (default)
2019-09-10 13:19:05,653 [pool-117-thread-1] INFO  server.RaftServerConfigKeys (ConfUtils.java:logGet(43)) - raft.server.log.statemachine.data.caching.enabled = true (custom)
2019-09-10 13:19:05,653 [pool-117-thread-1] INFO  segmented.SegmentedRaftLogWorker (SegmentedRaftLogWorker.java:lambda$new$0(132)) - c9bddf00-2197-4e52-a76a-1743bb04b5e3@group-3C88ACFB8710-SegmentedRaftLogWorker: flushIndex: setUnconditionally 0 -> -1
2019-09-10 13:19:05,654 [pool-117-thread-1] INFO  server.RaftServerConfigKeys (ConfUtils.java:logGet(43)) - raft.server.snapshot.auto.trigger.enabled = true (custom)
2019-09-10 13:19:05,654 [pool-117-thread-1] INFO  server.RaftServerConfigKeys (ConfUtils.java:logGet(43)) - raft.server.snapshot.auto.trigger.threshold = 10000 (custom)
2019-09-10 13:19:05,654 [pool-117-thread-1] INFO  server.RaftServerConfigKeys (ConfUtils.java:logGet(43)) - raft.server.snapshot.retention.num.files = -1 (default)
2019-09-10 13:19:05,654 [pool-117-thread-1] INFO  server.RaftServerConfigKeys (ConfUtils.java:logGet(43)) - raft.server.retrycache.expirytime = 600000ms (custom)
2019-09-10 13:19:05,657 [pool-117-thread-1] INFO  impl.RaftServerImpl (RaftServerImpl.java:start(185)) - c9bddf00-2197-4e52-a76a-1743bb04b5e3@group-3C88ACFB8710: start as a follower, conf=-1: [c9bddf00-2197-4e52-a76a-1743bb04b5e3:192.168.34.50:40372], old=null
2019-09-10 13:19:05,657 [pool-117-thread-1] INFO  impl.RaftServerImpl (RaftServerImpl.java:setRole(174)) - c9bddf00-2197-4e52-a76a-1743bb04b5e3@group-3C88ACFB8710: changes role from      null to FOLLOWER at term 0 for startAsFollower
2019-09-10 13:19:05,657 [pool-117-thread-1] INFO  impl.RoleInfo (RoleInfo.java:updateAndGet(143)) - c9bddf00-2197-4e52-a76a-1743bb04b5e3: start FollowerState
2019-09-10 13:19:05,657 [pool-117-thread-1] INFO  util.JmxRegister (JmxRegister.java:tryRegister(44)) - Successfully registered JMX Bean with object name Ratis:service=RaftServer,group=group-3C88ACFB8710,id=c9bddf00-2197-4e52-a76a-1743bb04b5e3
2019-09-10 13:19:05,673 [RatisPipelineUtilsThread] INFO  pipeline.PipelineStateManager (PipelineStateManager.java:addPipeline(56)) - Created pipeline Pipeline[ Id: a4b796f0-354b-44af-b555-3c88acfb8710, Nodes: c9bddf00-2197-4e52-a76a-1743bb04b5e3{ip: 192.168.34.50, host: pr-hdds-1879-pp2l2-2511026898, networkLocation: /default-rack, certSerialId: null}, Type:RATIS, Factor:ONE, State:OPEN]
2019-09-10 13:19:05,693 [grpc-default-executor-0] INFO  impl.RaftServerProxy (RaftServerProxy.java:addNew(89)) - e5557321-17be-433a-8d96-d7d186384118: addNew group-915D053A7BBF:[e5557321-17be-433a-8d96-d7d186384118:192.168.34.50:36666] returns group-915D053A7BBF:java.util.concurrent.CompletableFuture@32c6610c[Not completed]
2019-09-10 13:19:05,698 [pool-77-thread-1] INFO  impl.RaftServerImpl (RaftServerImpl.java:<init>(95)) - e5557321-17be-433a-8d96-d7d186384118: new RaftServerImpl for group-915D053A7BBF:[e5557321-17be-433a-8d96-d7d186384118:192.168.34.50:36666] with ContainerStateMachine:uninitialized
2019-09-10 13:19:05,698 [pool-77-thread-1] INFO  server.RaftServerConfigKeys (ConfUtils.java:logGet(43)) - raft.server.rpc.timeout.min = 1s (custom)
2019-09-10 13:19:05,698 [pool-77-thread-1] INFO  server.RaftServerConfigKeys (ConfUtils.java:logGet(43)) - raft.server.rpc.timeout.max = 1200ms (custom)
2019-09-10 13:19:05,698 [pool-77-thread-1] INFO  server.RaftServerConfigKeys (ConfUtils.java:logGet(43)) - raft.server.rpcslowness.timeout = 120s (custom)
2019-09-10 13:19:05,699 [pool-77-thread-1] INFO  server.RaftServerConfigKeys (ConfUtils.java:logGet(43)) - raft.server.sleep.deviation.threshold = 300 (default)
2019-09-10 13:19:05,699 [pool-77-thread-1] INFO  server.RaftServerConfigKeys (ConfUtils.java:logGet(43)) - raft.server.log.appender.install.snapshot.enabled = false (custom)
2019-09-10 13:19:05,699 [pool-77-thread-1] INFO  impl.RaftServerImpl (ServerState.java:<init>(103)) - e5557321-17be-433a-8d96-d7d186384118@group-915D053A7BBF: ConfigurationManager, init=-1: [e5557321-17be-433a-8d96-d7d186384118:192.168.34.50:36666], old=null, confs=<EMPTY_MAP>
2019-09-10 13:19:05,699 [pool-77-thread-1] INFO  server.RaftServerConfigKeys (ConfUtils.java:logGet(43)) - raft.server.storage.dir = [/workdir/hadoop-ozone/integration-test/target/test-dir/MiniOzoneClusterImpl-bbba21db-ec34-461e-a1c1-b53f0753d0be/datanode-5/data/ratis] (custom)
2019-09-10 13:19:05,699 [pool-77-thread-1] INFO  storage.RaftStorageDirectory (RaftStorageDirectory.java:analyzeStorage(246)) - The storage directory /workdir/hadoop-ozone/integration-test/target/test-dir/MiniOzoneClusterImpl-bbba21db-ec34-461e-a1c1-b53f0753d0be/datanode-5/data/ratis/f0dee4ab-1d32-45ef-8455-915d053a7bbf does not exist. Creating ...
2019-09-10 13:19:05,733 [pool-77-thread-1] INFO  storage.RaftStorageDirectory (RaftStorageDirectory.java:tryLock(328)) - Lock on /workdir/hadoop-ozone/integration-test/target/test-dir/MiniOzoneClusterImpl-bbba21db-ec34-461e-a1c1-b53f0753d0be/datanode-5/data/ratis/f0dee4ab-1d32-45ef-8455-915d053a7bbf/in_use.lock acquired by nodename 11455@pr-hdds-1879-pp2l2-2511026898
2019-09-10 13:19:05,747 [pool-77-thread-1] INFO  storage.RaftStorage (RaftStorage.java:format(72)) - Storage directory /workdir/hadoop-ozone/integration-test/target/test-dir/MiniOzoneClusterImpl-bbba21db-ec34-461e-a1c1-b53f0753d0be/datanode-5/data/ratis/f0dee4ab-1d32-45ef-8455-915d053a7bbf has been successfully formatted.
2019-09-10 13:19:05,748 [pool-77-thread-1] INFO  ratis.ContainerStateMachine (ContainerStateMachine.java:loadSnapshot(230)) - group-915D053A7BBF: The snapshot info is null. Setting the last applied indexto:(t:0, i:~)
2019-09-10 13:19:05,748 [pool-77-thread-1] INFO  server.RaftServerConfigKeys (ConfUtils.java:logGet(43)) - raft.server.notification.no-leader.timeout = 120s (custom)
2019-09-10 13:19:05,748 [pool-77-thread-1] INFO  server.RaftServerConfigKeys (ConfUtils.java:logGet(43)) - raft.server.log.use.memory = false (default)
2019-09-10 13:19:05,748 [pool-77-thread-1] INFO  server.RaftServerConfigKeys (ConfUtils.java:logGet(43)) - raft.server.log.purge.gap = 1000000 (custom)
2019-09-10 13:19:05,749 [pool-77-thread-1] INFO  server.RaftServerConfigKeys (ConfUtils.java:logGet(43)) - raft.server.log.appender.buffer.byte-limit = 33554432 (custom)
2019-09-10 13:19:05,807 [pool-77-thread-1] INFO  server.RaftServerConfigKeys (ConfUtils.java:logGet(43)) - raft.server.log.segment.size.max = 1048576 (custom)
2019-09-10 13:19:05,812 [pool-77-thread-1] INFO  server.RaftServerConfigKeys (ConfUtils.java:logGet(43)) - raft.server.log.segment.cache.num.max = 2 (custom)
2019-09-10 13:19:05,813 [pool-77-thread-1] INFO  segmented.SegmentedRaftLogWorker (SegmentedRaftLogWorker.java:<init>(172)) - new e5557321-17be-433a-8d96-d7d186384118@group-915D053A7BBF-SegmentedRaftLogWorker for RaftStorage:Storage Directory /workdir/hadoop-ozone/integration-test/target/test-dir/MiniOzoneClusterImpl-bbba21db-ec34-461e-a1c1-b53f0753d0be/datanode-5/data/ratis/f0dee4ab-1d32-45ef-8455-915d053a7bbf
2019-09-10 13:19:05,823 [pool-77-thread-1] INFO  server.RaftServerConfigKeys (ConfUtils.java:logGet(43)) - raft.server.log.queue.byte-limit = 2147483647 (custom)
2019-09-10 13:19:05,823 [pool-77-thread-1] INFO  server.RaftServerConfigKeys (ConfUtils.java:logGet(43)) - raft.server.log.queue.element-limit = 1024 (custom)
2019-09-10 13:19:05,823 [pool-77-thread-1] INFO  server.RaftServerConfigKeys (ConfUtils.java:logGet(43)) - raft.server.log.segment.size.max = 1048576 (custom)
2019-09-10 13:19:05,823 [pool-77-thread-1] INFO  server.RaftServerConfigKeys (ConfUtils.java:logGet(43)) - raft.server.log.preallocated.size = 16384 (custom)
2019-09-10 13:19:05,824 [pool-77-thread-1] INFO  server.RaftServerConfigKeys (ConfUtils.java:logGet(43)) - raft.server.log.write.buffer.size = 33554432 (custom)
2019-09-10 13:19:05,824 [pool-77-thread-1] INFO  server.RaftServerConfigKeys (ConfUtils.java:logGet(43)) - raft.server.log.force.sync.num = 128 (default)
2019-09-10 13:19:05,824 [pool-77-thread-1] INFO  server.RaftServerConfigKeys (ConfUtils.java:logGet(43)) - raft.server.log.statemachine.data.sync = true (default)
2019-09-10 13:19:05,824 [pool-77-thread-1] INFO  server.RaftServerConfigKeys (ConfUtils.java:logGet(43)) - raft.server.log.statemachine.data.sync.timeout = 10s (default)
2019-09-10 13:19:05,824 [pool-77-thread-1] INFO  server.RaftServerConfigKeys (ConfUtils.java:logGet(43)) - raft.server.log.statemachine.data.sync.timeout.retry = -1 (default)
2019-09-10 13:19:05,825 [pool-77-thread-1] INFO  server.RaftServerConfigKeys (ConfUtils.java:logGet(43)) - raft.server.log.statemachine.data.caching.enabled = true (custom)
2019-09-10 13:19:05,825 [pool-77-thread-1] INFO  segmented.SegmentedRaftLogWorker (SegmentedRaftLogWorker.java:lambda$new$0(132)) - e5557321-17be-433a-8d96-d7d186384118@group-915D053A7BBF-SegmentedRaftLogWorker: flushIndex: setUnconditionally 0 -> -1
2019-09-10 13:19:05,825 [pool-77-thread-1] INFO  server.RaftServerConfigKeys (ConfUtils.java:logGet(43)) - raft.server.snapshot.auto.trigger.enabled = true (custom)
2019-09-10 13:19:05,826 [pool-77-thread-1] INFO  server.RaftServerConfigKeys (ConfUtils.java:logGet(43)) - raft.server.snapshot.auto.trigger.threshold = 10000 (custom)
2019-09-10 13:19:05,826 [pool-77-thread-1] INFO  server.RaftServerConfigKeys (ConfUtils.java:logGet(43)) - raft.server.snapshot.retention.num.files = -1 (default)
2019-09-10 13:19:05,828 [pool-77-thread-1] INFO  server.RaftServerConfigKeys (ConfUtils.java:logGet(43)) - raft.server.retrycache.expirytime = 600000ms (custom)
2019-09-10 13:19:05,872 [pool-77-thread-1] INFO  impl.RaftServerImpl (RaftServerImpl.java:start(185)) - e5557321-17be-433a-8d96-d7d186384118@group-915D053A7BBF: start as a follower, conf=-1: [e5557321-17be-433a-8d96-d7d186384118:192.168.34.50:36666], old=null
2019-09-10 13:19:05,872 [pool-77-thread-1] INFO  impl.RaftServerImpl (RaftServerImpl.java:setRole(174)) - e5557321-17be-433a-8d96-d7d186384118@group-915D053A7BBF: changes role from      null to FOLLOWER at term 0 for startAsFollower
2019-09-10 13:19:05,873 [pool-77-thread-1] INFO  impl.RoleInfo (RoleInfo.java:updateAndGet(143)) - e5557321-17be-433a-8d96-d7d186384118: start FollowerState
2019-09-10 13:19:05,873 [pool-77-thread-1] INFO  util.JmxRegister (JmxRegister.java:tryRegister(44)) - Successfully registered JMX Bean with object name Ratis:service=RaftServer,group=group-915D053A7BBF,id=e5557321-17be-433a-8d96-d7d186384118
2019-09-10 13:19:05,892 [RatisPipelineUtilsThread] INFO  pipeline.PipelineStateManager (PipelineStateManager.java:addPipeline(56)) - Created pipeline Pipeline[ Id: f0dee4ab-1d32-45ef-8455-915d053a7bbf, Nodes: e5557321-17be-433a-8d96-d7d186384118{ip: 192.168.34.50, host: pr-hdds-1879-pp2l2-2511026898, networkLocation: /default-rack, certSerialId: null}, Type:RATIS, Factor:ONE, State:OPEN]
2019-09-10 13:19:05,910 [grpc-default-executor-0] INFO  impl.RaftServerProxy (RaftServerProxy.java:addNew(89)) - 82b87940-075a-4240-9714-83f9b1f11359: addNew group-6DA54C881122:[82b87940-075a-4240-9714-83f9b1f11359:192.168.34.50:33168] returns group-6DA54C881122:java.util.concurrent.CompletableFuture@7e8f762c[Not completed]
2019-09-10 13:19:05,915 [pool-87-thread-1] INFO  impl.RaftServerImpl (RaftServerImpl.java:<init>(95)) - 82b87940-075a-4240-9714-83f9b1f11359: new RaftServerImpl for group-6DA54C881122:[82b87940-075a-4240-9714-83f9b1f11359:192.168.34.50:33168] with ContainerStateMachine:uninitialized
2019-09-10 13:19:05,915 [pool-87-thread-1] INFO  server.RaftServerConfigKeys (ConfUtils.java:logGet(43)) - raft.server.rpc.timeout.min = 1s (custom)
2019-09-10 13:19:05,915 [pool-87-thread-1] INFO  server.RaftServerConfigKeys (ConfUtils.java:logGet(43)) - raft.server.rpc.timeout.max = 1200ms (custom)
2019-09-10 13:19:05,915 [pool-87-thread-1] INFO  server.RaftServerConfigKeys (ConfUtils.java:logGet(43)) - raft.server.rpcslowness.timeout = 120s (custom)
2019-09-10 13:19:05,915 [pool-87-thread-1] INFO  server.RaftServerConfigKeys (ConfUtils.java:logGet(43)) - raft.server.sleep.deviation.threshold = 300 (default)
2019-09-10 13:19:05,916 [pool-87-thread-1] INFO  server.RaftServerConfigKeys (ConfUtils.java:logGet(43)) - raft.server.log.appender.install.snapshot.enabled = false (custom)
2019-09-10 13:19:05,916 [pool-87-thread-1] INFO  impl.RaftServerImpl (ServerState.java:<init>(103)) - 82b87940-075a-4240-9714-83f9b1f11359@group-6DA54C881122: ConfigurationManager, init=-1: [82b87940-075a-4240-9714-83f9b1f11359:192.168.34.50:33168], old=null, confs=<EMPTY_MAP>
2019-09-10 13:19:05,916 [pool-87-thread-1] INFO  server.RaftServerConfigKeys (ConfUtils.java:logGet(43)) - raft.server.storage.dir = [/workdir/hadoop-ozone/integration-test/target/test-dir/MiniOzoneClusterImpl-bbba21db-ec34-461e-a1c1-b53f0753d0be/datanode-6/data/ratis] (custom)
2019-09-10 13:19:05,917 [pool-87-thread-1] INFO  storage.RaftStorageDirectory (RaftStorageDirectory.java:analyzeStorage(246)) - The storage directory /workdir/hadoop-ozone/integration-test/target/test-dir/MiniOzoneClusterImpl-bbba21db-ec34-461e-a1c1-b53f0753d0be/datanode-6/data/ratis/be1f620e-ff1c-4c4d-b79b-6da54c881122 does not exist. Creating ...
2019-09-10 13:19:05,922 [main] INFO  ozone.MiniOzoneClusterImpl (MiniOzoneClusterImpl.java:lambda$waitForClusterToBeReady$0(140)) - Cluster is ready. Got 10 of 10 DN Heartbeats.
2019-09-10 13:19:05,931 [pool-87-thread-1] INFO  storage.RaftStorageDirectory (RaftStorageDirectory.java:tryLock(328)) - Lock on /workdir/hadoop-ozone/integration-test/target/test-dir/MiniOzoneClusterImpl-bbba21db-ec34-461e-a1c1-b53f0753d0be/datanode-6/data/ratis/be1f620e-ff1c-4c4d-b79b-6da54c881122/in_use.lock acquired by nodename 11455@pr-hdds-1879-pp2l2-2511026898
2019-09-10 13:19:05,945 [pool-87-thread-1] INFO  storage.RaftStorage (RaftStorage.java:format(72)) - Storage directory /workdir/hadoop-ozone/integration-test/target/test-dir/MiniOzoneClusterImpl-bbba21db-ec34-461e-a1c1-b53f0753d0be/datanode-6/data/ratis/be1f620e-ff1c-4c4d-b79b-6da54c881122 has been successfully formatted.
2019-09-10 13:19:05,946 [pool-87-thread-1] INFO  ratis.ContainerStateMachine (ContainerStateMachine.java:loadSnapshot(230)) - group-6DA54C881122: The snapshot info is null. Setting the last applied indexto:(t:0, i:~)
2019-09-10 13:19:05,946 [pool-87-thread-1] INFO  server.RaftServerConfigKeys (ConfUtils.java:logGet(43)) - raft.server.notification.no-leader.timeout = 120s (custom)
2019-09-10 13:19:05,946 [pool-87-thread-1] INFO  server.RaftServerConfigKeys (ConfUtils.java:logGet(43)) - raft.server.log.use.memory = false (default)
2019-09-10 13:19:05,946 [pool-87-thread-1] INFO  server.RaftServerConfigKeys (ConfUtils.java:logGet(43)) - raft.server.log.purge.gap = 1000000 (custom)
2019-09-10 13:19:05,946 [pool-87-thread-1] INFO  server.RaftServerConfigKeys (ConfUtils.java:logGet(43)) - raft.server.log.appender.buffer.byte-limit = 33554432 (custom)
2019-09-10 13:19:05,947 [pool-87-thread-1] INFO  server.RaftServerConfigKeys (ConfUtils.java:logGet(43)) - raft.server.log.segment.size.max = 1048576 (custom)
2019-09-10 13:19:05,947 [pool-87-thread-1] INFO  server.RaftServerConfigKeys (ConfUtils.java:logGet(43)) - raft.server.log.segment.cache.num.max = 2 (custom)
2019-09-10 13:19:05,947 [pool-87-thread-1] INFO  segmented.SegmentedRaftLogWorker (SegmentedRaftLogWorker.java:<init>(172)) - new 82b87940-075a-4240-9714-83f9b1f11359@group-6DA54C881122-SegmentedRaftLogWorker for RaftStorage:Storage Directory /workdir/hadoop-ozone/integration-test/target/test-dir/MiniOzoneClusterImpl-bbba21db-ec34-461e-a1c1-b53f0753d0be/datanode-6/data/ratis/be1f620e-ff1c-4c4d-b79b-6da54c881122
2019-09-10 13:19:05,950 [pool-87-thread-1] INFO  server.RaftServerConfigKeys (ConfUtils.java:logGet(43)) - raft.server.log.queue.byte-limit = 2147483647 (custom)
2019-09-10 13:19:05,950 [pool-87-thread-1] INFO  server.RaftServerConfigKeys (ConfUtils.java:logGet(43)) - raft.server.log.queue.element-limit = 1024 (custom)
2019-09-10 13:19:05,950 [pool-87-thread-1] INFO  server.RaftServerConfigKeys (ConfUtils.java:logGet(43)) - raft.server.log.segment.size.max = 1048576 (custom)
2019-09-10 13:19:05,950 [pool-87-thread-1] INFO  server.RaftServerConfigKeys (ConfUtils.java:logGet(43)) - raft.server.log.preallocated.size = 16384 (custom)
2019-09-10 13:19:05,951 [pool-87-thread-1] INFO  server.RaftServerConfigKeys (ConfUtils.java:logGet(43)) - raft.server.log.write.buffer.size = 33554432 (custom)
2019-09-10 13:19:05,951 [pool-87-thread-1] INFO  server.RaftServerConfigKeys (ConfUtils.java:logGet(43)) - raft.server.log.force.sync.num = 128 (default)
2019-09-10 13:19:05,951 [pool-87-thread-1] INFO  server.RaftServerConfigKeys (ConfUtils.java:logGet(43)) - raft.server.log.statemachine.data.sync = true (default)
2019-09-10 13:19:05,951 [pool-87-thread-1] INFO  server.RaftServerConfigKeys (ConfUtils.java:logGet(43)) - raft.server.log.statemachine.data.sync.timeout = 10s (default)
2019-09-10 13:19:05,951 [pool-87-thread-1] INFO  server.RaftServerConfigKeys (ConfUtils.java:logGet(43)) - raft.server.log.statemachine.data.sync.timeout.retry = -1 (default)
2019-09-10 13:19:05,951 [pool-87-thread-1] INFO  server.RaftServerConfigKeys (ConfUtils.java:logGet(43)) - raft.server.log.statemachine.data.caching.enabled = true (custom)
2019-09-10 13:19:05,952 [pool-87-thread-1] INFO  segmented.SegmentedRaftLogWorker (SegmentedRaftLogWorker.java:lambda$new$0(132)) - 82b87940-075a-4240-9714-83f9b1f11359@group-6DA54C881122-SegmentedRaftLogWorker: flushIndex: setUnconditionally 0 -> -1
2019-09-10 13:19:05,952 [pool-87-thread-1] INFO  server.RaftServerConfigKeys (ConfUtils.java:logGet(43)) - raft.server.snapshot.auto.trigger.enabled = true (custom)
2019-09-10 13:19:05,952 [pool-87-thread-1] INFO  server.RaftServerConfigKeys (ConfUtils.java:logGet(43)) - raft.server.snapshot.auto.trigger.threshold = 10000 (custom)
2019-09-10 13:19:05,952 [pool-87-thread-1] INFO  server.RaftServerConfigKeys (ConfUtils.java:logGet(43)) - raft.server.snapshot.retention.num.files = -1 (default)
2019-09-10 13:19:05,953 [pool-87-thread-1] INFO  server.RaftServerConfigKeys (ConfUtils.java:logGet(43)) - raft.server.retrycache.expirytime = 600000ms (custom)
2019-09-10 13:19:05,955 [pool-87-thread-1] INFO  impl.RaftServerImpl (RaftServerImpl.java:start(185)) - 82b87940-075a-4240-9714-83f9b1f11359@group-6DA54C881122: start as a follower, conf=-1: [82b87940-075a-4240-9714-83f9b1f11359:192.168.34.50:33168], old=null
2019-09-10 13:19:05,955 [pool-87-thread-1] INFO  impl.RaftServerImpl (RaftServerImpl.java:setRole(174)) - 82b87940-075a-4240-9714-83f9b1f11359@group-6DA54C881122: changes role from      null to FOLLOWER at term 0 for startAsFollower
2019-09-10 13:19:05,955 [pool-87-thread-1] INFO  impl.RoleInfo (RoleInfo.java:updateAndGet(143)) - 82b87940-075a-4240-9714-83f9b1f11359: start FollowerState
2019-09-10 13:19:05,956 [pool-87-thread-1] INFO  util.JmxRegister (JmxRegister.java:tryRegister(44)) - Successfully registered JMX Bean with object name Ratis:service=RaftServer,group=group-6DA54C881122,id=82b87940-075a-4240-9714-83f9b1f11359
2019-09-10 13:19:05,967 [RatisPipelineUtilsThread] INFO  pipeline.PipelineStateManager (PipelineStateManager.java:addPipeline(56)) - Created pipeline Pipeline[ Id: be1f620e-ff1c-4c4d-b79b-6da54c881122, Nodes: 82b87940-075a-4240-9714-83f9b1f11359{ip: 192.168.34.50, host: pr-hdds-1879-pp2l2-2511026898, networkLocation: /default-rack, certSerialId: null}, Type:RATIS, Factor:ONE, State:OPEN]
2019-09-10 13:19:05,979 [Thread-285] INFO  impl.FollowerState (FollowerState.java:run(106)) - af983c11-9397-41ec-9bfb-0705919241eb:group-DD77ACFF1C9A changes to CANDIDATE, lastRpcTime:1004, electionTimeout:1003ms
2019-09-10 13:19:05,981 [Thread-285] INFO  impl.RoleInfo (RoleInfo.java:shutdownFollowerState(121)) - af983c11-9397-41ec-9bfb-0705919241eb: shutdown FollowerState
2019-09-10 13:19:05,982 [Thread-285] INFO  impl.RaftServerImpl (RaftServerImpl.java:setRole(174)) - af983c11-9397-41ec-9bfb-0705919241eb@group-DD77ACFF1C9A: changes role from  FOLLOWER to CANDIDATE at term 0 for changeToCandidate
2019-09-10 13:19:05,992 [grpc-default-executor-0] INFO  impl.RaftServerProxy (RaftServerProxy.java:addNew(89)) - 0f4aa411-f22d-408f-a3ae-026c0e4d845c: addNew group-27B6EA3D8BBD:[0f4aa411-f22d-408f-a3ae-026c0e4d845c:192.168.34.50:36087] returns group-27B6EA3D8BBD:java.util.concurrent.CompletableFuture@556407d8[Not completed]
2019-09-10 13:19:05,998 [Thread-285] INFO  impl.RoleInfo (RoleInfo.java:updateAndGet(143)) - af983c11-9397-41ec-9bfb-0705919241eb: start LeaderElection
2019-09-10 13:19:06,008 [pool-57-thread-1] INFO  impl.RaftServerImpl (RaftServerImpl.java:<init>(95)) - 0f4aa411-f22d-408f-a3ae-026c0e4d845c: new RaftServerImpl for group-27B6EA3D8BBD:[0f4aa411-f22d-408f-a3ae-026c0e4d845c:192.168.34.50:36087] with ContainerStateMachine:uninitialized
2019-09-10 13:19:06,008 [pool-57-thread-1] INFO  server.RaftServerConfigKeys (ConfUtils.java:logGet(43)) - raft.server.rpc.timeout.min = 1s (custom)
2019-09-10 13:19:06,008 [pool-57-thread-1] INFO  server.RaftServerConfigKeys (ConfUtils.java:logGet(43)) - raft.server.rpc.timeout.max = 1200ms (custom)
2019-09-10 13:19:06,008 [pool-57-thread-1] INFO  server.RaftServerConfigKeys (ConfUtils.java:logGet(43)) - raft.server.rpcslowness.timeout = 120s (custom)
2019-09-10 13:19:06,008 [pool-57-thread-1] INFO  server.RaftServerConfigKeys (ConfUtils.java:logGet(43)) - raft.server.sleep.deviation.threshold = 300 (default)
2019-09-10 13:19:06,009 [pool-57-thread-1] INFO  server.RaftServerConfigKeys (ConfUtils.java:logGet(43)) - raft.server.log.appender.install.snapshot.enabled = false (custom)
2019-09-10 13:19:06,009 [pool-57-thread-1] INFO  impl.RaftServerImpl (ServerState.java:<init>(103)) - 0f4aa411-f22d-408f-a3ae-026c0e4d845c@group-27B6EA3D8BBD: ConfigurationManager, init=-1: [0f4aa411-f22d-408f-a3ae-026c0e4d845c:192.168.34.50:36087], old=null, confs=<EMPTY_MAP>
2019-09-10 13:19:06,009 [pool-57-thread-1] INFO  server.RaftServerConfigKeys (ConfUtils.java:logGet(43)) - raft.server.storage.dir = [/workdir/hadoop-ozone/integration-test/target/test-dir/MiniOzoneClusterImpl-bbba21db-ec34-461e-a1c1-b53f0753d0be/datanode-3/data/ratis] (custom)
2019-09-10 13:19:06,009 [pool-57-thread-1] INFO  storage.RaftStorageDirectory (RaftStorageDirectory.java:analyzeStorage(246)) - The storage directory /workdir/hadoop-ozone/integration-test/target/test-dir/MiniOzoneClusterImpl-bbba21db-ec34-461e-a1c1-b53f0753d0be/datanode-3/data/ratis/60db68c8-b53c-4b0d-96e6-27b6ea3d8bbd does not exist. Creating ...
2019-09-10 13:19:06,033 [pool-57-thread-1] INFO  storage.RaftStorageDirectory (RaftStorageDirectory.java:tryLock(328)) - Lock on /workdir/hadoop-ozone/integration-test/target/test-dir/MiniOzoneClusterImpl-bbba21db-ec34-461e-a1c1-b53f0753d0be/datanode-3/data/ratis/60db68c8-b53c-4b0d-96e6-27b6ea3d8bbd/in_use.lock acquired by nodename 11455@pr-hdds-1879-pp2l2-2511026898
2019-09-10 13:19:06,034 [af983c11-9397-41ec-9bfb-0705919241eb@group-DD77ACFF1C9A:LeaderElection1] INFO  impl.LeaderElection (LeaderElection.java:askForVotes(182)) - af983c11-9397-41ec-9bfb-0705919241eb@group-DD77ACFF1C9A:LeaderElection1: begin an election at term 1 for -1: [af983c11-9397-41ec-9bfb-0705919241eb:192.168.34.50:34977], old=null
2019-09-10 13:19:06,035 [af983c11-9397-41ec-9bfb-0705919241eb@group-DD77ACFF1C9A:LeaderElection1] INFO  impl.RoleInfo (RoleInfo.java:shutdownLeaderElection(134)) - af983c11-9397-41ec-9bfb-0705919241eb: shutdown LeaderElection
2019-09-10 13:19:06,036 [af983c11-9397-41ec-9bfb-0705919241eb@group-DD77ACFF1C9A:LeaderElection1] INFO  impl.RaftServerImpl (RaftServerImpl.java:setRole(174)) - af983c11-9397-41ec-9bfb-0705919241eb@group-DD77ACFF1C9A: changes role from CANDIDATE to LEADER at term 1 for changeToLeader
2019-09-10 13:19:06,036 [af983c11-9397-41ec-9bfb-0705919241eb@group-DD77ACFF1C9A:LeaderElection1] INFO  impl.RaftServerImpl (ServerState.java:setLeader(253)) - af983c11-9397-41ec-9bfb-0705919241eb@group-DD77ACFF1C9A: change Leader from null to af983c11-9397-41ec-9bfb-0705919241eb at term 1 for becomeLeader, leader elected after 1222ms
2019-09-10 13:19:06,050 [af983c11-9397-41ec-9bfb-0705919241eb@group-DD77ACFF1C9A:LeaderElection1] INFO  server.RaftServerConfigKeys (ConfUtils.java:logGet(43)) - raft.server.staging.catchup.gap = 1000 (default)
2019-09-10 13:19:06,050 [af983c11-9397-41ec-9bfb-0705919241eb@group-DD77ACFF1C9A:LeaderElection1] INFO  server.RaftServerConfigKeys (ConfUtils.java:logGet(43)) - raft.server.rpc.sleep.time = 25ms (default)
2019-09-10 13:19:06,053 [af983c11-9397-41ec-9bfb-0705919241eb@group-DD77ACFF1C9A:LeaderElection1] INFO  server.RaftServerConfigKeys (ConfUtils.java:logGet(43)) - raft.server.write.element-limit = 4096 (default)
2019-09-10 13:19:06,055 [af983c11-9397-41ec-9bfb-0705919241eb@group-DD77ACFF1C9A:LeaderElection1] INFO  server.RaftServerConfigKeys (ConfUtils.java:logGet(43)) - raft.server.watch.timeout = 10s (default)
2019-09-10 13:19:06,055 [af983c11-9397-41ec-9bfb-0705919241eb@group-DD77ACFF1C9A:LeaderElection1] INFO  server.RaftServerConfigKeys (ConfUtils.java:logGet(43)) - raft.server.watch.timeout.denomination = 1s (default)
2019-09-10 13:19:06,055 [pool-57-thread-1] INFO  storage.RaftStorage (RaftStorage.java:format(72)) - Storage directory /workdir/hadoop-ozone/integration-test/target/test-dir/MiniOzoneClusterImpl-bbba21db-ec34-461e-a1c1-b53f0753d0be/datanode-3/data/ratis/60db68c8-b53c-4b0d-96e6-27b6ea3d8bbd has been successfully formatted.
2019-09-10 13:19:06,055 [pool-57-thread-1] INFO  ratis.ContainerStateMachine (ContainerStateMachine.java:loadSnapshot(230)) - group-27B6EA3D8BBD: The snapshot info is null. Setting the last applied indexto:(t:0, i:~)
2019-09-10 13:19:06,055 [pool-57-thread-1] INFO  server.RaftServerConfigKeys (ConfUtils.java:logGet(43)) - raft.server.notification.no-leader.timeout = 120s (custom)
2019-09-10 13:19:06,056 [pool-57-thread-1] INFO  server.RaftServerConfigKeys (ConfUtils.java:logGet(43)) - raft.server.log.use.memory = false (default)
2019-09-10 13:19:06,056 [af983c11-9397-41ec-9bfb-0705919241eb@group-DD77ACFF1C9A:LeaderElection1] INFO  server.RaftServerConfigKeys (ConfUtils.java:logGet(43)) - raft.server.watch.element-limit = 65536 (default)
2019-09-10 13:19:06,056 [pool-57-thread-1] INFO  server.RaftServerConfigKeys (ConfUtils.java:logGet(43)) - raft.server.log.purge.gap = 1000000 (custom)
2019-09-10 13:19:06,056 [pool-57-thread-1] INFO  server.RaftServerConfigKeys (ConfUtils.java:logGet(43)) - raft.server.log.appender.buffer.byte-limit = 33554432 (custom)
2019-09-10 13:19:06,056 [pool-57-thread-1] INFO  server.RaftServerConfigKeys (ConfUtils.java:logGet(43)) - raft.server.log.segment.size.max = 1048576 (custom)
2019-09-10 13:19:06,056 [pool-57-thread-1] INFO  server.RaftServerConfigKeys (ConfUtils.java:logGet(43)) - raft.server.log.segment.cache.num.max = 2 (custom)
2019-09-10 13:19:06,056 [pool-57-thread-1] INFO  segmented.SegmentedRaftLogWorker (SegmentedRaftLogWorker.java:<init>(172)) - new 0f4aa411-f22d-408f-a3ae-026c0e4d845c@group-27B6EA3D8BBD-SegmentedRaftLogWorker for RaftStorage:Storage Directory /workdir/hadoop-ozone/integration-test/target/test-dir/MiniOzoneClusterImpl-bbba21db-ec34-461e-a1c1-b53f0753d0be/datanode-3/data/ratis/60db68c8-b53c-4b0d-96e6-27b6ea3d8bbd
2019-09-10 13:19:06,058 [pool-57-thread-1] INFO  server.RaftServerConfigKeys (ConfUtils.java:logGet(43)) - raft.server.log.queue.byte-limit = 2147483647 (custom)
2019-09-10 13:19:06,058 [pool-57-thread-1] INFO  server.RaftServerConfigKeys (ConfUtils.java:logGet(43)) - raft.server.log.queue.element-limit = 1024 (custom)
2019-09-10 13:19:06,059 [pool-57-thread-1] INFO  server.RaftServerConfigKeys (ConfUtils.java:logGet(43)) - raft.server.log.segment.size.max = 1048576 (custom)
2019-09-10 13:19:06,059 [pool-57-thread-1] INFO  server.RaftServerConfigKeys (ConfUtils.java:logGet(43)) - raft.server.log.preallocated.size = 16384 (custom)
2019-09-10 13:19:06,059 [pool-57-thread-1] INFO  server.RaftServerConfigKeys (ConfUtils.java:logGet(43)) - raft.server.log.write.buffer.size = 33554432 (custom)
2019-09-10 13:19:06,059 [pool-57-thread-1] INFO  server.RaftServerConfigKeys (ConfUtils.java:logGet(43)) - raft.server.log.force.sync.num = 128 (default)
2019-09-10 13:19:06,059 [pool-57-thread-1] INFO  server.RaftServerConfigKeys (ConfUtils.java:logGet(43)) - raft.server.log.statemachine.data.sync = true (default)
2019-09-10 13:19:06,059 [pool-57-thread-1] INFO  server.RaftServerConfigKeys (ConfUtils.java:logGet(43)) - raft.server.log.statemachine.data.sync.timeout = 10s (default)
2019-09-10 13:19:06,059 [pool-57-thread-1] INFO  server.RaftServerConfigKeys (ConfUtils.java:logGet(43)) - raft.server.log.statemachine.data.sync.timeout.retry = -1 (default)
2019-09-10 13:19:06,059 [pool-57-thread-1] INFO  server.RaftServerConfigKeys (ConfUtils.java:logGet(43)) - raft.server.log.statemachine.data.caching.enabled = true (custom)
2019-09-10 13:19:06,060 [pool-57-thread-1] INFO  segmented.SegmentedRaftLogWorker (SegmentedRaftLogWorker.java:lambda$new$0(132)) - 0f4aa411-f22d-408f-a3ae-026c0e4d845c@group-27B6EA3D8BBD-SegmentedRaftLogWorker: flushIndex: setUnconditionally 0 -> -1
2019-09-10 13:19:06,060 [pool-57-thread-1] INFO  server.RaftServerConfigKeys (ConfUtils.java:logGet(43)) - raft.server.snapshot.auto.trigger.enabled = true (custom)
2019-09-10 13:19:06,060 [pool-57-thread-1] INFO  server.RaftServerConfigKeys (ConfUtils.java:logGet(43)) - raft.server.snapshot.auto.trigger.threshold = 10000 (custom)
2019-09-10 13:19:06,060 [pool-57-thread-1] INFO  server.RaftServerConfigKeys (ConfUtils.java:logGet(43)) - raft.server.snapshot.retention.num.files = -1 (default)
2019-09-10 13:19:06,060 [pool-57-thread-1] INFO  server.RaftServerConfigKeys (ConfUtils.java:logGet(43)) - raft.server.retrycache.expirytime = 600000ms (custom)
2019-09-10 13:19:06,062 [pool-57-thread-1] INFO  impl.RaftServerImpl (RaftServerImpl.java:start(185)) - 0f4aa411-f22d-408f-a3ae-026c0e4d845c@group-27B6EA3D8BBD: start as a follower, conf=-1: [0f4aa411-f22d-408f-a3ae-026c0e4d845c:192.168.34.50:36087], old=null
2019-09-10 13:19:06,063 [pool-57-thread-1] INFO  impl.RaftServerImpl (RaftServerImpl.java:setRole(174)) - 0f4aa411-f22d-408f-a3ae-026c0e4d845c@group-27B6EA3D8BBD: changes role from      null to FOLLOWER at term 0 for startAsFollower
2019-09-10 13:19:06,063 [pool-57-thread-1] INFO  impl.RoleInfo (RoleInfo.java:updateAndGet(143)) - 0f4aa411-f22d-408f-a3ae-026c0e4d845c: start FollowerState
2019-09-10 13:19:06,063 [pool-57-thread-1] INFO  util.JmxRegister (JmxRegister.java:tryRegister(44)) - Successfully registered JMX Bean with object name Ratis:service=RaftServer,group=group-27B6EA3D8BBD,id=0f4aa411-f22d-408f-a3ae-026c0e4d845c
2019-09-10 13:19:06,068 [af983c11-9397-41ec-9bfb-0705919241eb@group-DD77ACFF1C9A:LeaderElection1] INFO  impl.RoleInfo (RoleInfo.java:updateAndGet(143)) - af983c11-9397-41ec-9bfb-0705919241eb: start LeaderState
2019-09-10 13:19:06,073 [RatisPipelineUtilsThread] INFO  pipeline.PipelineStateManager (PipelineStateManager.java:addPipeline(56)) - Created pipeline Pipeline[ Id: 60db68c8-b53c-4b0d-96e6-27b6ea3d8bbd, Nodes: 0f4aa411-f22d-408f-a3ae-026c0e4d845c{ip: 192.168.34.50, host: pr-hdds-1879-pp2l2-2511026898, networkLocation: /default-rack, certSerialId: null}, Type:RATIS, Factor:ONE, State:OPEN]
2019-09-10 13:19:06,097 [grpc-default-executor-0] INFO  impl.RaftServerProxy (RaftServerProxy.java:addNew(89)) - 0e7366ec-fcf4-49d3-a5f0-1fd138ea9cde: addNew group-F913E3BF0737:[0e7366ec-fcf4-49d3-a5f0-1fd138ea9cde:192.168.34.50:39667] returns group-F913E3BF0737:java.util.concurrent.CompletableFuture@6229b402[Not completed]
2019-09-10 13:19:06,100 [pool-107-thread-1] INFO  impl.RaftServerImpl (RaftServerImpl.java:<init>(95)) - 0e7366ec-fcf4-49d3-a5f0-1fd138ea9cde: new RaftServerImpl for group-F913E3BF0737:[0e7366ec-fcf4-49d3-a5f0-1fd138ea9cde:192.168.34.50:39667] with ContainerStateMachine:uninitialized
2019-09-10 13:19:06,100 [pool-107-thread-1] INFO  server.RaftServerConfigKeys (ConfUtils.java:logGet(43)) - raft.server.rpc.timeout.min = 1s (custom)
2019-09-10 13:19:06,100 [pool-107-thread-1] INFO  server.RaftServerConfigKeys (ConfUtils.java:logGet(43)) - raft.server.rpc.timeout.max = 1200ms (custom)
2019-09-10 13:19:06,101 [pool-107-thread-1] INFO  server.RaftServerConfigKeys (ConfUtils.java:logGet(43)) - raft.server.rpcslowness.timeout = 120s (custom)
2019-09-10 13:19:06,101 [pool-107-thread-1] INFO  server.RaftServerConfigKeys (ConfUtils.java:logGet(43)) - raft.server.sleep.deviation.threshold = 300 (default)
2019-09-10 13:19:06,101 [pool-107-thread-1] INFO  server.RaftServerConfigKeys (ConfUtils.java:logGet(43)) - raft.server.log.appender.install.snapshot.enabled = false (custom)
2019-09-10 13:19:06,101 [pool-107-thread-1] INFO  impl.RaftServerImpl (ServerState.java:<init>(103)) - 0e7366ec-fcf4-49d3-a5f0-1fd138ea9cde@group-F913E3BF0737: ConfigurationManager, init=-1: [0e7366ec-fcf4-49d3-a5f0-1fd138ea9cde:192.168.34.50:39667], old=null, confs=<EMPTY_MAP>
2019-09-10 13:19:06,101 [pool-107-thread-1] INFO  server.RaftServerConfigKeys (ConfUtils.java:logGet(43)) - raft.server.storage.dir = [/workdir/hadoop-ozone/integration-test/target/test-dir/MiniOzoneClusterImpl-bbba21db-ec34-461e-a1c1-b53f0753d0be/datanode-8/data/ratis] (custom)
2019-09-10 13:19:06,102 [pool-107-thread-1] INFO  storage.RaftStorageDirectory (RaftStorageDirectory.java:analyzeStorage(246)) - The storage directory /workdir/hadoop-ozone/integration-test/target/test-dir/MiniOzoneClusterImpl-bbba21db-ec34-461e-a1c1-b53f0753d0be/datanode-8/data/ratis/ee4ddcae-45e0-4e24-a24e-f913e3bf0737 does not exist. Creating ...
2019-09-10 13:19:06,110 [af983c11-9397-41ec-9bfb-0705919241eb@group-DD77ACFF1C9A:LeaderElection1] INFO  segmented.SegmentedRaftLogWorker (SegmentedRaftLogWorker.java:startLogSegment(380)) - af983c11-9397-41ec-9bfb-0705919241eb@group-DD77ACFF1C9A-SegmentedRaftLogWorker: Starting segment from index:0
2019-09-10 13:19:06,118 [af983c11-9397-41ec-9bfb-0705919241eb@group-DD77ACFF1C9A:LeaderElection1] INFO  impl.RaftServerImpl (ServerState.java:setRaftConf(354)) - af983c11-9397-41ec-9bfb-0705919241eb@group-DD77ACFF1C9A: set configuration 0: [af983c11-9397-41ec-9bfb-0705919241eb:192.168.34.50:34977], old=null at 0
2019-09-10 13:19:06,131 [pool-107-thread-1] INFO  storage.RaftStorageDirectory (RaftStorageDirectory.java:tryLock(328)) - Lock on /workdir/hadoop-ozone/integration-test/target/test-dir/MiniOzoneClusterImpl-bbba21db-ec34-461e-a1c1-b53f0753d0be/datanode-8/data/ratis/ee4ddcae-45e0-4e24-a24e-f913e3bf0737/in_use.lock acquired by nodename 11455@pr-hdds-1879-pp2l2-2511026898
2019-09-10 13:19:06,144 [pool-107-thread-1] INFO  storage.RaftStorage (RaftStorage.java:format(72)) - Storage directory /workdir/hadoop-ozone/integration-test/target/test-dir/MiniOzoneClusterImpl-bbba21db-ec34-461e-a1c1-b53f0753d0be/datanode-8/data/ratis/ee4ddcae-45e0-4e24-a24e-f913e3bf0737 has been successfully formatted.
2019-09-10 13:19:06,145 [pool-107-thread-1] INFO  ratis.ContainerStateMachine (ContainerStateMachine.java:loadSnapshot(230)) - group-F913E3BF0737: The snapshot info is null. Setting the last applied indexto:(t:0, i:~)
2019-09-10 13:19:06,145 [pool-107-thread-1] INFO  server.RaftServerConfigKeys (ConfUtils.java:logGet(43)) - raft.server.notification.no-leader.timeout = 120s (custom)
2019-09-10 13:19:06,145 [pool-107-thread-1] INFO  server.RaftServerConfigKeys (ConfUtils.java:logGet(43)) - raft.server.log.use.memory = false (default)
2019-09-10 13:19:06,145 [pool-107-thread-1] INFO  server.RaftServerConfigKeys (ConfUtils.java:logGet(43)) - raft.server.log.purge.gap = 1000000 (custom)
2019-09-10 13:19:06,145 [pool-107-thread-1] INFO  server.RaftServerConfigKeys (ConfUtils.java:logGet(43)) - raft.server.log.appender.buffer.byte-limit = 33554432 (custom)
2019-09-10 13:19:06,146 [pool-107-thread-1] INFO  server.RaftServerConfigKeys (ConfUtils.java:logGet(43)) - raft.server.log.segment.size.max = 1048576 (custom)
2019-09-10 13:19:06,146 [pool-107-thread-1] INFO  server.RaftServerConfigKeys (ConfUtils.java:logGet(43)) - raft.server.log.segment.cache.num.max = 2 (custom)
2019-09-10 13:19:06,146 [pool-107-thread-1] INFO  segmented.SegmentedRaftLogWorker (SegmentedRaftLogWorker.java:<init>(172)) - new 0e7366ec-fcf4-49d3-a5f0-1fd138ea9cde@group-F913E3BF0737-SegmentedRaftLogWorker for RaftStorage:Storage Directory /workdir/hadoop-ozone/integration-test/target/test-dir/MiniOzoneClusterImpl-bbba21db-ec34-461e-a1c1-b53f0753d0be/datanode-8/data/ratis/ee4ddcae-45e0-4e24-a24e-f913e3bf0737
2019-09-10 13:19:06,149 [pool-107-thread-1] INFO  server.RaftServerConfigKeys (ConfUtils.java:logGet(43)) - raft.server.log.queue.byte-limit = 2147483647 (custom)
2019-09-10 13:19:06,149 [pool-107-thread-1] INFO  server.RaftServerConfigKeys (ConfUtils.java:logGet(43)) - raft.server.log.queue.element-limit = 1024 (custom)
2019-09-10 13:19:06,150 [pool-107-thread-1] INFO  server.RaftServerConfigKeys (ConfUtils.java:logGet(43)) - raft.server.log.segment.size.max = 1048576 (custom)
2019-09-10 13:19:06,150 [pool-107-thread-1] INFO  server.RaftServerConfigKeys (ConfUtils.java:logGet(43)) - raft.server.log.preallocated.size = 16384 (custom)
2019-09-10 13:19:06,154 [pool-107-thread-1] INFO  server.RaftServerConfigKeys (ConfUtils.java:logGet(43)) - raft.server.log.write.buffer.size = 33554432 (custom)
2019-09-10 13:19:06,154 [pool-107-thread-1] INFO  server.RaftServerConfigKeys (ConfUtils.java:logGet(43)) - raft.server.log.force.sync.num = 128 (default)
2019-09-10 13:19:06,154 [pool-107-thread-1] INFO  server.RaftServerConfigKeys (ConfUtils.java:logGet(43)) - raft.server.log.statemachine.data.sync = true (default)
2019-09-10 13:19:06,154 [pool-107-thread-1] INFO  server.RaftServerConfigKeys (ConfUtils.java:logGet(43)) - raft.server.log.statemachine.data.sync.timeout = 10s (default)
2019-09-10 13:19:06,154 [pool-107-thread-1] INFO  server.RaftServerConfigKeys (ConfUtils.java:logGet(43)) - raft.server.log.statemachine.data.sync.timeout.retry = -1 (default)
2019-09-10 13:19:06,155 [pool-107-thread-1] INFO  server.RaftServerConfigKeys (ConfUtils.java:logGet(43)) - raft.server.log.statemachine.data.caching.enabled = true (custom)
2019-09-10 13:19:06,164 [pool-107-thread-1] INFO  segmented.SegmentedRaftLogWorker (SegmentedRaftLogWorker.java:lambda$new$0(132)) - 0e7366ec-fcf4-49d3-a5f0-1fd138ea9cde@group-F913E3BF0737-SegmentedRaftLogWorker: flushIndex: setUnconditionally 0 -> -1
2019-09-10 13:19:06,164 [pool-107-thread-1] INFO  server.RaftServerConfigKeys (ConfUtils.java:logGet(43)) - raft.server.snapshot.auto.trigger.enabled = true (custom)
2019-09-10 13:19:06,164 [pool-107-thread-1] INFO  server.RaftServerConfigKeys (ConfUtils.java:logGet(43)) - raft.server.snapshot.auto.trigger.threshold = 10000 (custom)
2019-09-10 13:19:06,164 [pool-107-thread-1] INFO  server.RaftServerConfigKeys (ConfUtils.java:logGet(43)) - raft.server.snapshot.retention.num.files = -1 (default)
2019-09-10 13:19:06,164 [pool-107-thread-1] INFO  server.RaftServerConfigKeys (ConfUtils.java:logGet(43)) - raft.server.retrycache.expirytime = 600000ms (custom)
2019-09-10 13:19:06,167 [pool-107-thread-1] INFO  impl.RaftServerImpl (RaftServerImpl.java:start(185)) - 0e7366ec-fcf4-49d3-a5f0-1fd138ea9cde@group-F913E3BF0737: start as a follower, conf=-1: [0e7366ec-fcf4-49d3-a5f0-1fd138ea9cde:192.168.34.50:39667], old=null
2019-09-10 13:19:06,167 [pool-107-thread-1] INFO  impl.RaftServerImpl (RaftServerImpl.java:setRole(174)) - 0e7366ec-fcf4-49d3-a5f0-1fd138ea9cde@group-F913E3BF0737: changes role from      null to FOLLOWER at term 0 for startAsFollower
2019-09-10 13:19:06,167 [pool-107-thread-1] INFO  impl.RoleInfo (RoleInfo.java:updateAndGet(143)) - 0e7366ec-fcf4-49d3-a5f0-1fd138ea9cde: start FollowerState
2019-09-10 13:19:06,168 [pool-107-thread-1] INFO  util.JmxRegister (JmxRegister.java:tryRegister(44)) - Successfully registered JMX Bean with object name Ratis:service=RaftServer,group=group-F913E3BF0737,id=0e7366ec-fcf4-49d3-a5f0-1fd138ea9cde
2019-09-10 13:19:06,194 [RatisPipelineUtilsThread] INFO  pipeline.PipelineStateManager (PipelineStateManager.java:addPipeline(56)) - Created pipeline Pipeline[ Id: ee4ddcae-45e0-4e24-a24e-f913e3bf0737, Nodes: 0e7366ec-fcf4-49d3-a5f0-1fd138ea9cde{ip: 192.168.34.50, host: pr-hdds-1879-pp2l2-2511026898, networkLocation: /default-rack, certSerialId: null}, Type:RATIS, Factor:ONE, State:OPEN]
2019-09-10 13:19:06,231 [grpc-default-executor-1] INFO  impl.RaftServerProxy (RaftServerProxy.java:addNew(89)) - 598fdd25-f3b3-418d-bbd3-bcbfa35279b9: addNew group-5DD09A43E0EE:[598fdd25-f3b3-418d-bbd3-bcbfa35279b9:192.168.34.50:46100, 77c590a9-0e60-42d8-bbf8-e31004d5a9e8:192.168.34.50:41260, 05e9b83b-b6ec-4168-9e18-fac302cf5421:192.168.34.50:39992] returns group-5DD09A43E0EE:java.util.concurrent.CompletableFuture@1d185925[Not completed]
2019-09-10 13:19:06,233 [grpc-default-executor-2] INFO  impl.RaftServerProxy (RaftServerProxy.java:addNew(89)) - 05e9b83b-b6ec-4168-9e18-fac302cf5421: addNew group-5DD09A43E0EE:[598fdd25-f3b3-418d-bbd3-bcbfa35279b9:192.168.34.50:46100, 77c590a9-0e60-42d8-bbf8-e31004d5a9e8:192.168.34.50:41260, 05e9b83b-b6ec-4168-9e18-fac302cf5421:192.168.34.50:39992] returns group-5DD09A43E0EE:java.util.concurrent.CompletableFuture@2a8f1008[Not completed]
2019-09-10 13:19:06,234 [grpc-default-executor-2] INFO  impl.RaftServerProxy (RaftServerProxy.java:addNew(89)) - 77c590a9-0e60-42d8-bbf8-e31004d5a9e8: addNew group-5DD09A43E0EE:[598fdd25-f3b3-418d-bbd3-bcbfa35279b9:192.168.34.50:46100, 77c590a9-0e60-42d8-bbf8-e31004d5a9e8:192.168.34.50:41260, 05e9b83b-b6ec-4168-9e18-fac302cf5421:192.168.34.50:39992] returns group-5DD09A43E0EE:java.util.concurrent.CompletableFuture@6f8d8b3d[Not completed]
2019-09-10 13:19:06,234 [pool-47-thread-1] INFO  impl.RaftServerImpl (RaftServerImpl.java:<init>(95)) - 598fdd25-f3b3-418d-bbd3-bcbfa35279b9: new RaftServerImpl for group-5DD09A43E0EE:[598fdd25-f3b3-418d-bbd3-bcbfa35279b9:192.168.34.50:46100, 77c590a9-0e60-42d8-bbf8-e31004d5a9e8:192.168.34.50:41260, 05e9b83b-b6ec-4168-9e18-fac302cf5421:192.168.34.50:39992] with ContainerStateMachine:uninitialized
2019-09-10 13:19:06,235 [pool-47-thread-1] INFO  server.RaftServerConfigKeys (ConfUtils.java:logGet(43)) - raft.server.rpc.timeout.min = 1s (custom)
2019-09-10 13:19:06,235 [pool-47-thread-1] INFO  server.RaftServerConfigKeys (ConfUtils.java:logGet(43)) - raft.server.rpc.timeout.max = 1200ms (custom)
2019-09-10 13:19:06,235 [pool-47-thread-1] INFO  server.RaftServerConfigKeys (ConfUtils.java:logGet(43)) - raft.server.rpcslowness.timeout = 120s (custom)
2019-09-10 13:19:06,235 [pool-47-thread-1] INFO  server.RaftServerConfigKeys (ConfUtils.java:logGet(43)) - raft.server.sleep.deviation.threshold = 300 (default)
2019-09-10 13:19:06,235 [pool-47-thread-1] INFO  server.RaftServerConfigKeys (ConfUtils.java:logGet(43)) - raft.server.log.appender.install.snapshot.enabled = false (custom)
2019-09-10 13:19:06,235 [pool-47-thread-1] INFO  impl.RaftServerImpl (ServerState.java:<init>(103)) - 598fdd25-f3b3-418d-bbd3-bcbfa35279b9@group-5DD09A43E0EE: ConfigurationManager, init=-1: [598fdd25-f3b3-418d-bbd3-bcbfa35279b9:192.168.34.50:46100, 77c590a9-0e60-42d8-bbf8-e31004d5a9e8:192.168.34.50:41260, 05e9b83b-b6ec-4168-9e18-fac302cf5421:192.168.34.50:39992], old=null, confs=<EMPTY_MAP>
2019-09-10 13:19:06,235 [pool-47-thread-1] INFO  server.RaftServerConfigKeys (ConfUtils.java:logGet(43)) - raft.server.storage.dir = [/workdir/hadoop-ozone/integration-test/target/test-dir/MiniOzoneClusterImpl-bbba21db-ec34-461e-a1c1-b53f0753d0be/datanode-2/data/ratis] (custom)
2019-09-10 13:19:06,236 [pool-37-thread-1] INFO  impl.RaftServerImpl (RaftServerImpl.java:<init>(95)) - 77c590a9-0e60-42d8-bbf8-e31004d5a9e8: new RaftServerImpl for group-5DD09A43E0EE:[598fdd25-f3b3-418d-bbd3-bcbfa35279b9:192.168.34.50:46100, 77c590a9-0e60-42d8-bbf8-e31004d5a9e8:192.168.34.50:41260, 05e9b83b-b6ec-4168-9e18-fac302cf5421:192.168.34.50:39992] with ContainerStateMachine:uninitialized
2019-09-10 13:19:06,236 [pool-47-thread-1] INFO  storage.RaftStorageDirectory (RaftStorageDirectory.java:analyzeStorage(246)) - The storage directory /workdir/hadoop-ozone/integration-test/target/test-dir/MiniOzoneClusterImpl-bbba21db-ec34-461e-a1c1-b53f0753d0be/datanode-2/data/ratis/a1875e11-a122-4470-9655-5dd09a43e0ee does not exist. Creating ...
2019-09-10 13:19:06,236 [pool-37-thread-1] INFO  server.RaftServerConfigKeys (ConfUtils.java:logGet(43)) - raft.server.rpc.timeout.min = 1s (custom)
2019-09-10 13:19:06,236 [pool-37-thread-1] INFO  server.RaftServerConfigKeys (ConfUtils.java:logGet(43)) - raft.server.rpc.timeout.max = 1200ms (custom)
2019-09-10 13:19:06,236 [pool-37-thread-1] INFO  server.RaftServerConfigKeys (ConfUtils.java:logGet(43)) - raft.server.rpcslowness.timeout = 120s (custom)
2019-09-10 13:19:06,236 [pool-37-thread-1] INFO  server.RaftServerConfigKeys (ConfUtils.java:logGet(43)) - raft.server.sleep.deviation.threshold = 300 (default)
2019-09-10 13:19:06,236 [pool-37-thread-1] INFO  server.RaftServerConfigKeys (ConfUtils.java:logGet(43)) - raft.server.log.appender.install.snapshot.enabled = false (custom)
2019-09-10 13:19:06,236 [pool-67-thread-1] INFO  impl.RaftServerImpl (RaftServerImpl.java:<init>(95)) - 05e9b83b-b6ec-4168-9e18-fac302cf5421: new RaftServerImpl for group-5DD09A43E0EE:[598fdd25-f3b3-418d-bbd3-bcbfa35279b9:192.168.34.50:46100, 77c590a9-0e60-42d8-bbf8-e31004d5a9e8:192.168.34.50:41260, 05e9b83b-b6ec-4168-9e18-fac302cf5421:192.168.34.50:39992] with ContainerStateMachine:uninitialized
2019-09-10 13:19:06,237 [pool-37-thread-1] INFO  impl.RaftServerImpl (ServerState.java:<init>(103)) - 77c590a9-0e60-42d8-bbf8-e31004d5a9e8@group-5DD09A43E0EE: ConfigurationManager, init=-1: [598fdd25-f3b3-418d-bbd3-bcbfa35279b9:192.168.34.50:46100, 77c590a9-0e60-42d8-bbf8-e31004d5a9e8:192.168.34.50:41260, 05e9b83b-b6ec-4168-9e18-fac302cf5421:192.168.34.50:39992], old=null, confs=<EMPTY_MAP>
2019-09-10 13:19:06,237 [pool-67-thread-1] INFO  server.RaftServerConfigKeys (ConfUtils.java:logGet(43)) - raft.server.rpc.timeout.min = 1s (custom)
2019-09-10 13:19:06,237 [pool-37-thread-1] INFO  server.RaftServerConfigKeys (ConfUtils.java:logGet(43)) - raft.server.storage.dir = [/workdir/hadoop-ozone/integration-test/target/test-dir/MiniOzoneClusterImpl-bbba21db-ec34-461e-a1c1-b53f0753d0be/datanode-1/data/ratis] (custom)
2019-09-10 13:19:06,237 [pool-67-thread-1] INFO  server.RaftServerConfigKeys (ConfUtils.java:logGet(43)) - raft.server.rpc.timeout.max = 1200ms (custom)
2019-09-10 13:19:06,237 [pool-67-thread-1] INFO  server.RaftServerConfigKeys (ConfUtils.java:logGet(43)) - raft.server.rpcslowness.timeout = 120s (custom)
2019-09-10 13:19:06,237 [pool-37-thread-1] INFO  storage.RaftStorageDirectory (RaftStorageDirectory.java:analyzeStorage(246)) - The storage directory /workdir/hadoop-ozone/integration-test/target/test-dir/MiniOzoneClusterImpl-bbba21db-ec34-461e-a1c1-b53f0753d0be/datanode-1/data/ratis/a1875e11-a122-4470-9655-5dd09a43e0ee does not exist. Creating ...
2019-09-10 13:19:06,237 [pool-67-thread-1] INFO  server.RaftServerConfigKeys (ConfUtils.java:logGet(43)) - raft.server.sleep.deviation.threshold = 300 (default)
2019-09-10 13:19:06,238 [pool-67-thread-1] INFO  server.RaftServerConfigKeys (ConfUtils.java:logGet(43)) - raft.server.log.appender.install.snapshot.enabled = false (custom)
2019-09-10 13:19:06,238 [pool-67-thread-1] INFO  impl.RaftServerImpl (ServerState.java:<init>(103)) - 05e9b83b-b6ec-4168-9e18-fac302cf5421@group-5DD09A43E0EE: ConfigurationManager, init=-1: [598fdd25-f3b3-418d-bbd3-bcbfa35279b9:192.168.34.50:46100, 77c590a9-0e60-42d8-bbf8-e31004d5a9e8:192.168.34.50:41260, 05e9b83b-b6ec-4168-9e18-fac302cf5421:192.168.34.50:39992], old=null, confs=<EMPTY_MAP>
2019-09-10 13:19:06,238 [pool-67-thread-1] INFO  server.RaftServerConfigKeys (ConfUtils.java:logGet(43)) - raft.server.storage.dir = [/workdir/hadoop-ozone/integration-test/target/test-dir/MiniOzoneClusterImpl-bbba21db-ec34-461e-a1c1-b53f0753d0be/datanode-4/data/ratis] (custom)
2019-09-10 13:19:06,238 [pool-67-thread-1] INFO  storage.RaftStorageDirectory (RaftStorageDirectory.java:analyzeStorage(246)) - The storage directory /workdir/hadoop-ozone/integration-test/target/test-dir/MiniOzoneClusterImpl-bbba21db-ec34-461e-a1c1-b53f0753d0be/datanode-4/data/ratis/a1875e11-a122-4470-9655-5dd09a43e0ee does not exist. Creating ...
2019-09-10 13:19:06,260 [pool-67-thread-1] INFO  storage.RaftStorageDirectory (RaftStorageDirectory.java:tryLock(328)) - Lock on /workdir/hadoop-ozone/integration-test/target/test-dir/MiniOzoneClusterImpl-bbba21db-ec34-461e-a1c1-b53f0753d0be/datanode-4/data/ratis/a1875e11-a122-4470-9655-5dd09a43e0ee/in_use.lock acquired by nodename 11455@pr-hdds-1879-pp2l2-2511026898
2019-09-10 13:19:06,260 [pool-37-thread-1] INFO  storage.RaftStorageDirectory (RaftStorageDirectory.java:tryLock(328)) - Lock on /workdir/hadoop-ozone/integration-test/target/test-dir/MiniOzoneClusterImpl-bbba21db-ec34-461e-a1c1-b53f0753d0be/datanode-1/data/ratis/a1875e11-a122-4470-9655-5dd09a43e0ee/in_use.lock acquired by nodename 11455@pr-hdds-1879-pp2l2-2511026898
2019-09-10 13:19:06,260 [pool-47-thread-1] INFO  storage.RaftStorageDirectory (RaftStorageDirectory.java:tryLock(328)) - Lock on /workdir/hadoop-ozone/integration-test/target/test-dir/MiniOzoneClusterImpl-bbba21db-ec34-461e-a1c1-b53f0753d0be/datanode-2/data/ratis/a1875e11-a122-4470-9655-5dd09a43e0ee/in_use.lock acquired by nodename 11455@pr-hdds-1879-pp2l2-2511026898
2019-09-10 13:19:06,286 [Thread-288] INFO  impl.FollowerState (FollowerState.java:run(106)) - 77c590a9-0e60-42d8-bbf8-e31004d5a9e8:group-2A77EECC8ADC changes to CANDIDATE, lastRpcTime:1071, electionTimeout:1070ms
2019-09-10 13:19:06,288 [Thread-288] INFO  impl.RoleInfo (RoleInfo.java:shutdownFollowerState(121)) - 77c590a9-0e60-42d8-bbf8-e31004d5a9e8: shutdown FollowerState
2019-09-10 13:19:06,288 [Thread-288] INFO  impl.RaftServerImpl (RaftServerImpl.java:setRole(174)) - 77c590a9-0e60-42d8-bbf8-e31004d5a9e8@group-2A77EECC8ADC: changes role from  FOLLOWER to CANDIDATE at term 0 for changeToCandidate
2019-09-10 13:19:06,288 [Thread-288] INFO  impl.RoleInfo (RoleInfo.java:updateAndGet(143)) - 77c590a9-0e60-42d8-bbf8-e31004d5a9e8: start LeaderElection
2019-09-10 13:19:06,293 [pool-37-thread-1] INFO  storage.RaftStorage (RaftStorage.java:format(72)) - Storage directory /workdir/hadoop-ozone/integration-test/target/test-dir/MiniOzoneClusterImpl-bbba21db-ec34-461e-a1c1-b53f0753d0be/datanode-1/data/ratis/a1875e11-a122-4470-9655-5dd09a43e0ee has been successfully formatted.
2019-09-10 13:19:06,293 [pool-67-thread-1] INFO  storage.RaftStorage (RaftStorage.java:format(72)) - Storage directory /workdir/hadoop-ozone/integration-test/target/test-dir/MiniOzoneClusterImpl-bbba21db-ec34-461e-a1c1-b53f0753d0be/datanode-4/data/ratis/a1875e11-a122-4470-9655-5dd09a43e0ee has been successfully formatted.
2019-09-10 13:19:06,293 [pool-47-thread-1] INFO  storage.RaftStorage (RaftStorage.java:format(72)) - Storage directory /workdir/hadoop-ozone/integration-test/target/test-dir/MiniOzoneClusterImpl-bbba21db-ec34-461e-a1c1-b53f0753d0be/datanode-2/data/ratis/a1875e11-a122-4470-9655-5dd09a43e0ee has been successfully formatted.
2019-09-10 13:19:06,294 [pool-37-thread-1] INFO  ratis.ContainerStateMachine (ContainerStateMachine.java:loadSnapshot(230)) - group-5DD09A43E0EE: The snapshot info is null. Setting the last applied indexto:(t:0, i:~)
2019-09-10 13:19:06,294 [pool-47-thread-1] INFO  ratis.ContainerStateMachine (ContainerStateMachine.java:loadSnapshot(230)) - group-5DD09A43E0EE: The snapshot info is null. Setting the last applied indexto:(t:0, i:~)
2019-09-10 13:19:06,294 [pool-37-thread-1] INFO  server.RaftServerConfigKeys (ConfUtils.java:logGet(43)) - raft.server.notification.no-leader.timeout = 120s (custom)
2019-09-10 13:19:06,294 [pool-67-thread-1] INFO  ratis.ContainerStateMachine (ContainerStateMachine.java:loadSnapshot(230)) - group-5DD09A43E0EE: The snapshot info is null. Setting the last applied indexto:(t:0, i:~)
2019-09-10 13:19:06,294 [pool-37-thread-1] INFO  server.RaftServerConfigKeys (ConfUtils.java:logGet(43)) - raft.server.log.use.memory = false (default)
2019-09-10 13:19:06,294 [pool-47-thread-1] INFO  server.RaftServerConfigKeys (ConfUtils.java:logGet(43)) - raft.server.notification.no-leader.timeout = 120s (custom)
2019-09-10 13:19:06,294 [pool-37-thread-1] INFO  server.RaftServerConfigKeys (ConfUtils.java:logGet(43)) - raft.server.log.purge.gap = 1000000 (custom)
2019-09-10 13:19:06,294 [pool-67-thread-1] INFO  server.RaftServerConfigKeys (ConfUtils.java:logGet(43)) - raft.server.notification.no-leader.timeout = 120s (custom)
2019-09-10 13:19:06,294 [pool-37-thread-1] INFO  server.RaftServerConfigKeys (ConfUtils.java:logGet(43)) - raft.server.log.appender.buffer.byte-limit = 33554432 (custom)
2019-09-10 13:19:06,294 [pool-47-thread-1] INFO  server.RaftServerConfigKeys (ConfUtils.java:logGet(43)) - raft.server.log.use.memory = false (default)
2019-09-10 13:19:06,295 [pool-67-thread-1] INFO  server.RaftServerConfigKeys (ConfUtils.java:logGet(43)) - raft.server.log.use.memory = false (default)
2019-09-10 13:19:06,295 [pool-47-thread-1] INFO  server.RaftServerConfigKeys (ConfUtils.java:logGet(43)) - raft.server.log.purge.gap = 1000000 (custom)
2019-09-10 13:19:06,295 [pool-37-thread-1] INFO  server.RaftServerConfigKeys (ConfUtils.java:logGet(43)) - raft.server.log.segment.size.max = 1048576 (custom)
2019-09-10 13:19:06,295 [pool-47-thread-1] INFO  server.RaftServerConfigKeys (ConfUtils.java:logGet(43)) - raft.server.log.appender.buffer.byte-limit = 33554432 (custom)
2019-09-10 13:19:06,295 [pool-67-thread-1] INFO  server.RaftServerConfigKeys (ConfUtils.java:logGet(43)) - raft.server.log.purge.gap = 1000000 (custom)
2019-09-10 13:19:06,295 [pool-47-thread-1] INFO  server.RaftServerConfigKeys (ConfUtils.java:logGet(43)) - raft.server.log.segment.size.max = 1048576 (custom)
2019-09-10 13:19:06,295 [pool-37-thread-1] INFO  server.RaftServerConfigKeys (ConfUtils.java:logGet(43)) - raft.server.log.segment.cache.num.max = 2 (custom)
2019-09-10 13:19:06,296 [pool-47-thread-1] INFO  server.RaftServerConfigKeys (ConfUtils.java:logGet(43)) - raft.server.log.segment.cache.num.max = 2 (custom)
2019-09-10 13:19:06,296 [pool-67-thread-1] INFO  server.RaftServerConfigKeys (ConfUtils.java:logGet(43)) - raft.server.log.appender.buffer.byte-limit = 33554432 (custom)
2019-09-10 13:19:06,296 [pool-47-thread-1] INFO  segmented.SegmentedRaftLogWorker (SegmentedRaftLogWorker.java:<init>(172)) - new 598fdd25-f3b3-418d-bbd3-bcbfa35279b9@group-5DD09A43E0EE-SegmentedRaftLogWorker for RaftStorage:Storage Directory /workdir/hadoop-ozone/integration-test/target/test-dir/MiniOzoneClusterImpl-bbba21db-ec34-461e-a1c1-b53f0753d0be/datanode-2/data/ratis/a1875e11-a122-4470-9655-5dd09a43e0ee
2019-09-10 13:19:06,296 [pool-37-thread-1] INFO  segmented.SegmentedRaftLogWorker (SegmentedRaftLogWorker.java:<init>(172)) - new 77c590a9-0e60-42d8-bbf8-e31004d5a9e8@group-5DD09A43E0EE-SegmentedRaftLogWorker for RaftStorage:Storage Directory /workdir/hadoop-ozone/integration-test/target/test-dir/MiniOzoneClusterImpl-bbba21db-ec34-461e-a1c1-b53f0753d0be/datanode-1/data/ratis/a1875e11-a122-4470-9655-5dd09a43e0ee
2019-09-10 13:19:06,296 [pool-47-thread-1] INFO  server.RaftServerConfigKeys (ConfUtils.java:logGet(43)) - raft.server.log.queue.byte-limit = 2147483647 (custom)
2019-09-10 13:19:06,296 [pool-67-thread-1] INFO  server.RaftServerConfigKeys (ConfUtils.java:logGet(43)) - raft.server.log.segment.size.max = 1048576 (custom)
2019-09-10 13:19:06,296 [pool-47-thread-1] INFO  server.RaftServerConfigKeys (ConfUtils.java:logGet(43)) - raft.server.log.queue.element-limit = 1024 (custom)
2019-09-10 13:19:06,296 [pool-37-thread-1] INFO  server.RaftServerConfigKeys (ConfUtils.java:logGet(43)) - raft.server.log.queue.byte-limit = 2147483647 (custom)
2019-09-10 13:19:06,297 [pool-47-thread-1] INFO  server.RaftServerConfigKeys (ConfUtils.java:logGet(43)) - raft.server.log.segment.size.max = 1048576 (custom)
2019-09-10 13:19:06,297 [pool-67-thread-1] INFO  server.RaftServerConfigKeys (ConfUtils.java:logGet(43)) - raft.server.log.segment.cache.num.max = 2 (custom)
2019-09-10 13:19:06,297 [pool-47-thread-1] INFO  server.RaftServerConfigKeys (ConfUtils.java:logGet(43)) - raft.server.log.preallocated.size = 16384 (custom)
2019-09-10 13:19:06,297 [pool-37-thread-1] INFO  server.RaftServerConfigKeys (ConfUtils.java:logGet(43)) - raft.server.log.queue.element-limit = 1024 (custom)
2019-09-10 13:19:06,297 [pool-47-thread-1] INFO  server.RaftServerConfigKeys (ConfUtils.java:logGet(43)) - raft.server.log.write.buffer.size = 33554432 (custom)
2019-09-10 13:19:06,297 [pool-67-thread-1] INFO  segmented.SegmentedRaftLogWorker (SegmentedRaftLogWorker.java:<init>(172)) - new 05e9b83b-b6ec-4168-9e18-fac302cf5421@group-5DD09A43E0EE-SegmentedRaftLogWorker for RaftStorage:Storage Directory /workdir/hadoop-ozone/integration-test/target/test-dir/MiniOzoneClusterImpl-bbba21db-ec34-461e-a1c1-b53f0753d0be/datanode-4/data/ratis/a1875e11-a122-4470-9655-5dd09a43e0ee
2019-09-10 13:19:06,298 [pool-47-thread-1] INFO  server.RaftServerConfigKeys (ConfUtils.java:logGet(43)) - raft.server.log.force.sync.num = 128 (default)
2019-09-10 13:19:06,298 [pool-67-thread-1] INFO  server.RaftServerConfigKeys (ConfUtils.java:logGet(43)) - raft.server.log.queue.byte-limit = 2147483647 (custom)
2019-09-10 13:19:06,297 [pool-37-thread-1] INFO  server.RaftServerConfigKeys (ConfUtils.java:logGet(43)) - raft.server.log.segment.size.max = 1048576 (custom)
2019-09-10 13:19:06,298 [pool-67-thread-1] INFO  server.RaftServerConfigKeys (ConfUtils.java:logGet(43)) - raft.server.log.queue.element-limit = 1024 (custom)
2019-09-10 13:19:06,298 [pool-47-thread-1] INFO  server.RaftServerConfigKeys (ConfUtils.java:logGet(43)) - raft.server.log.statemachine.data.sync = true (default)
2019-09-10 13:19:06,298 [pool-67-thread-1] INFO  server.RaftServerConfigKeys (ConfUtils.java:logGet(43)) - raft.server.log.segment.size.max = 1048576 (custom)
2019-09-10 13:19:06,298 [pool-37-thread-1] INFO  server.RaftServerConfigKeys (ConfUtils.java:logGet(43)) - raft.server.log.preallocated.size = 16384 (custom)
2019-09-10 13:19:06,298 [pool-67-thread-1] INFO  server.RaftServerConfigKeys (ConfUtils.java:logGet(43)) - raft.server.log.preallocated.size = 16384 (custom)
2019-09-10 13:19:06,298 [pool-47-thread-1] INFO  server.RaftServerConfigKeys (ConfUtils.java:logGet(43)) - raft.server.log.statemachine.data.sync.timeout = 10s (default)
2019-09-10 13:19:06,299 [pool-67-thread-1] INFO  server.RaftServerConfigKeys (ConfUtils.java:logGet(43)) - raft.server.log.write.buffer.size = 33554432 (custom)
2019-09-10 13:19:06,299 [pool-37-thread-1] INFO  server.RaftServerConfigKeys (ConfUtils.java:logGet(43)) - raft.server.log.write.buffer.size = 33554432 (custom)
2019-09-10 13:19:06,299 [pool-67-thread-1] INFO  server.RaftServerConfigKeys (ConfUtils.java:logGet(43)) - raft.server.log.force.sync.num = 128 (default)
2019-09-10 13:19:06,299 [pool-47-thread-1] INFO  server.RaftServerConfigKeys (ConfUtils.java:logGet(43)) - raft.server.log.statemachine.data.sync.timeout.retry = -1 (default)
2019-09-10 13:19:06,299 [pool-67-thread-1] INFO  server.RaftServerConfigKeys (ConfUtils.java:logGet(43)) - raft.server.log.statemachine.data.sync = true (default)
2019-09-10 13:19:06,299 [pool-37-thread-1] INFO  server.RaftServerConfigKeys (ConfUtils.java:logGet(43)) - raft.server.log.force.sync.num = 128 (default)
2019-09-10 13:19:06,300 [pool-67-thread-1] INFO  server.RaftServerConfigKeys (ConfUtils.java:logGet(43)) - raft.server.log.statemachine.data.sync.timeout = 10s (default)
2019-09-10 13:19:06,300 [pool-47-thread-1] INFO  server.RaftServerConfigKeys (ConfUtils.java:logGet(43)) - raft.server.log.statemachine.data.caching.enabled = true (custom)
2019-09-10 13:19:06,300 [pool-67-thread-1] INFO  server.RaftServerConfigKeys (ConfUtils.java:logGet(43)) - raft.server.log.statemachine.data.sync.timeout.retry = -1 (default)
2019-09-10 13:19:06,300 [pool-37-thread-1] INFO  server.RaftServerConfigKeys (ConfUtils.java:logGet(43)) - raft.server.log.statemachine.data.sync = true (default)
2019-09-10 13:19:06,300 [pool-67-thread-1] INFO  server.RaftServerConfigKeys (ConfUtils.java:logGet(43)) - raft.server.log.statemachine.data.caching.enabled = true (custom)
2019-09-10 13:19:06,300 [pool-47-thread-1] INFO  segmented.SegmentedRaftLogWorker (SegmentedRaftLogWorker.java:lambda$new$0(132)) - 598fdd25-f3b3-418d-bbd3-bcbfa35279b9@group-5DD09A43E0EE-SegmentedRaftLogWorker: flushIndex: setUnconditionally 0 -> -1
2019-09-10 13:19:06,300 [pool-37-thread-1] INFO  server.RaftServerConfigKeys (ConfUtils.java:logGet(43)) - raft.server.log.statemachine.data.sync.timeout = 10s (default)
2019-09-10 13:19:06,301 [pool-67-thread-1] INFO  segmented.SegmentedRaftLogWorker (SegmentedRaftLogWorker.java:lambda$new$0(132)) - 05e9b83b-b6ec-4168-9e18-fac302cf5421@group-5DD09A43E0EE-SegmentedRaftLogWorker: flushIndex: setUnconditionally 0 -> -1
2019-09-10 13:19:06,301 [pool-47-thread-1] INFO  server.RaftServerConfigKeys (ConfUtils.java:logGet(43)) - raft.server.snapshot.auto.trigger.enabled = true (custom)
2019-09-10 13:19:06,301 [pool-37-thread-1] INFO  server.RaftServerConfigKeys (ConfUtils.java:logGet(43)) - raft.server.log.statemachine.data.sync.timeout.retry = -1 (default)
2019-09-10 13:19:06,301 [pool-67-thread-1] INFO  server.RaftServerConfigKeys (ConfUtils.java:logGet(43)) - raft.server.snapshot.auto.trigger.enabled = true (custom)
2019-09-10 13:19:06,301 [pool-47-thread-1] INFO  server.RaftServerConfigKeys (ConfUtils.java:logGet(43)) - raft.server.snapshot.auto.trigger.threshold = 10000 (custom)
2019-09-10 13:19:06,301 [pool-67-thread-1] INFO  server.RaftServerConfigKeys (ConfUtils.java:logGet(43)) - raft.server.snapshot.auto.trigger.threshold = 10000 (custom)
2019-09-10 13:19:06,301 [pool-37-thread-1] INFO  server.RaftServerConfigKeys (ConfUtils.java:logGet(43)) - raft.server.log.statemachine.data.caching.enabled = true (custom)
2019-09-10 13:19:06,302 [pool-67-thread-1] INFO  server.RaftServerConfigKeys (ConfUtils.java:logGet(43)) - raft.server.snapshot.retention.num.files = -1 (default)
2019-09-10 13:19:06,302 [pool-47-thread-1] INFO  server.RaftServerConfigKeys (ConfUtils.java:logGet(43)) - raft.server.snapshot.retention.num.files = -1 (default)
2019-09-10 13:19:06,302 [pool-37-thread-1] INFO  segmented.SegmentedRaftLogWorker (SegmentedRaftLogWorker.java:lambda$new$0(132)) - 77c590a9-0e60-42d8-bbf8-e31004d5a9e8@group-5DD09A43E0EE-SegmentedRaftLogWorker: flushIndex: setUnconditionally 0 -> -1
2019-09-10 13:19:06,302 [pool-47-thread-1] INFO  server.RaftServerConfigKeys (ConfUtils.java:logGet(43)) - raft.server.retrycache.expirytime = 600000ms (custom)
2019-09-10 13:19:06,302 [pool-67-thread-1] INFO  server.RaftServerConfigKeys (ConfUtils.java:logGet(43)) - raft.server.retrycache.expirytime = 600000ms (custom)
2019-09-10 13:19:06,302 [pool-37-thread-1] INFO  server.RaftServerConfigKeys (ConfUtils.java:logGet(43)) - raft.server.snapshot.auto.trigger.enabled = true (custom)
2019-09-10 13:19:06,302 [pool-37-thread-1] INFO  server.RaftServerConfigKeys (ConfUtils.java:logGet(43)) - raft.server.snapshot.auto.trigger.threshold = 10000 (custom)
2019-09-10 13:19:06,303 [pool-37-thread-1] INFO  server.RaftServerConfigKeys (ConfUtils.java:logGet(43)) - raft.server.snapshot.retention.num.files = -1 (default)
2019-09-10 13:19:06,303 [pool-37-thread-1] INFO  server.RaftServerConfigKeys (ConfUtils.java:logGet(43)) - raft.server.retrycache.expirytime = 600000ms (custom)
2019-09-10 13:19:06,305 [77c590a9-0e60-42d8-bbf8-e31004d5a9e8@group-2A77EECC8ADC:LeaderElection2] INFO  impl.LeaderElection (LeaderElection.java:askForVotes(182)) - 77c590a9-0e60-42d8-bbf8-e31004d5a9e8@group-2A77EECC8ADC:LeaderElection2: begin an election at term 1 for -1: [77c590a9-0e60-42d8-bbf8-e31004d5a9e8:192.168.34.50:41260], old=null
2019-09-10 13:19:06,308 [77c590a9-0e60-42d8-bbf8-e31004d5a9e8@group-2A77EECC8ADC:LeaderElection2] INFO  impl.RoleInfo (RoleInfo.java:shutdownLeaderElection(134)) - 77c590a9-0e60-42d8-bbf8-e31004d5a9e8: shutdown LeaderElection
2019-09-10 13:19:06,308 [77c590a9-0e60-42d8-bbf8-e31004d5a9e8@group-2A77EECC8ADC:LeaderElection2] INFO  impl.RaftServerImpl (RaftServerImpl.java:setRole(174)) - 77c590a9-0e60-42d8-bbf8-e31004d5a9e8@group-2A77EECC8ADC: changes role from CANDIDATE to LEADER at term 1 for changeToLeader
2019-09-10 13:19:06,308 [pool-47-thread-1] INFO  impl.RaftServerImpl (RaftServerImpl.java:start(185)) - 598fdd25-f3b3-418d-bbd3-bcbfa35279b9@group-5DD09A43E0EE: start as a follower, conf=-1: [598fdd25-f3b3-418d-bbd3-bcbfa35279b9:192.168.34.50:46100, 77c590a9-0e60-42d8-bbf8-e31004d5a9e8:192.168.34.50:41260, 05e9b83b-b6ec-4168-9e18-fac302cf5421:192.168.34.50:39992], old=null
2019-09-10 13:19:06,308 [77c590a9-0e60-42d8-bbf8-e31004d5a9e8@group-2A77EECC8ADC:LeaderElection2] INFO  impl.RaftServerImpl (ServerState.java:setLeader(253)) - 77c590a9-0e60-42d8-bbf8-e31004d5a9e8@group-2A77EECC8ADC: change Leader from null to 77c590a9-0e60-42d8-bbf8-e31004d5a9e8 at term 1 for becomeLeader, leader elected after 1110ms
2019-09-10 13:19:06,308 [pool-47-thread-1] INFO  impl.RaftServerImpl (RaftServerImpl.java:setRole(174)) - 598fdd25-f3b3-418d-bbd3-bcbfa35279b9@group-5DD09A43E0EE: changes role from      null to FOLLOWER at term 0 for startAsFollower
2019-09-10 13:19:06,308 [77c590a9-0e60-42d8-bbf8-e31004d5a9e8@group-2A77EECC8ADC:LeaderElection2] INFO  server.RaftServerConfigKeys (ConfUtils.java:logGet(43)) - raft.server.staging.catchup.gap = 1000 (default)
2019-09-10 13:19:06,309 [pool-47-thread-1] INFO  impl.RoleInfo (RoleInfo.java:updateAndGet(143)) - 598fdd25-f3b3-418d-bbd3-bcbfa35279b9: start FollowerState
2019-09-10 13:19:06,309 [pool-37-thread-1] INFO  impl.RaftServerImpl (RaftServerImpl.java:start(185)) - 77c590a9-0e60-42d8-bbf8-e31004d5a9e8@group-5DD09A43E0EE: start as a follower, conf=-1: [598fdd25-f3b3-418d-bbd3-bcbfa35279b9:192.168.34.50:46100, 77c590a9-0e60-42d8-bbf8-e31004d5a9e8:192.168.34.50:41260, 05e9b83b-b6ec-4168-9e18-fac302cf5421:192.168.34.50:39992], old=null
2019-09-10 13:19:06,309 [77c590a9-0e60-42d8-bbf8-e31004d5a9e8@group-2A77EECC8ADC:LeaderElection2] INFO  server.RaftServerConfigKeys (ConfUtils.java:logGet(43)) - raft.server.rpc.sleep.time = 25ms (default)
2019-09-10 13:19:06,309 [pool-37-thread-1] INFO  impl.RaftServerImpl (RaftServerImpl.java:setRole(174)) - 77c590a9-0e60-42d8-bbf8-e31004d5a9e8@group-5DD09A43E0EE: changes role from      null to FOLLOWER at term 0 for startAsFollower
2019-09-10 13:19:06,309 [pool-47-thread-1] INFO  util.JmxRegister (JmxRegister.java:tryRegister(44)) - Successfully registered JMX Bean with object name Ratis:service=RaftServer,group=group-5DD09A43E0EE,id=598fdd25-f3b3-418d-bbd3-bcbfa35279b9
2019-09-10 13:19:06,309 [pool-37-thread-1] INFO  impl.RoleInfo (RoleInfo.java:updateAndGet(143)) - 77c590a9-0e60-42d8-bbf8-e31004d5a9e8: start FollowerState
2019-09-10 13:19:06,309 [pool-67-thread-1] INFO  impl.RaftServerImpl (RaftServerImpl.java:start(185)) - 05e9b83b-b6ec-4168-9e18-fac302cf5421@group-5DD09A43E0EE: start as a follower, conf=-1: [598fdd25-f3b3-418d-bbd3-bcbfa35279b9:192.168.34.50:46100, 77c590a9-0e60-42d8-bbf8-e31004d5a9e8:192.168.34.50:41260, 05e9b83b-b6ec-4168-9e18-fac302cf5421:192.168.34.50:39992], old=null
2019-09-10 13:19:06,309 [77c590a9-0e60-42d8-bbf8-e31004d5a9e8@group-2A77EECC8ADC:LeaderElection2] INFO  server.RaftServerConfigKeys (ConfUtils.java:logGet(43)) - raft.server.write.element-limit = 4096 (default)
2019-09-10 13:19:06,309 [pool-37-thread-1] INFO  util.JmxRegister (JmxRegister.java:tryRegister(44)) - Successfully registered JMX Bean with object name Ratis:service=RaftServer,group=group-5DD09A43E0EE,id=77c590a9-0e60-42d8-bbf8-e31004d5a9e8
2019-09-10 13:19:06,309 [pool-67-thread-1] INFO  impl.RaftServerImpl (RaftServerImpl.java:setRole(174)) - 05e9b83b-b6ec-4168-9e18-fac302cf5421@group-5DD09A43E0EE: changes role from      null to FOLLOWER at term 0 for startAsFollower
2019-09-10 13:19:06,310 [77c590a9-0e60-42d8-bbf8-e31004d5a9e8@group-2A77EECC8ADC:LeaderElection2] INFO  server.RaftServerConfigKeys (ConfUtils.java:logGet(43)) - raft.server.watch.timeout = 10s (default)
2019-09-10 13:19:06,310 [77c590a9-0e60-42d8-bbf8-e31004d5a9e8@group-2A77EECC8ADC:LeaderElection2] INFO  server.RaftServerConfigKeys (ConfUtils.java:logGet(43)) - raft.server.watch.timeout.denomination = 1s (default)
2019-09-10 13:19:06,310 [pool-67-thread-1] INFO  impl.RoleInfo (RoleInfo.java:updateAndGet(143)) - 05e9b83b-b6ec-4168-9e18-fac302cf5421: start FollowerState
2019-09-10 13:19:06,310 [77c590a9-0e60-42d8-bbf8-e31004d5a9e8@group-2A77EECC8ADC:LeaderElection2] INFO  server.RaftServerConfigKeys (ConfUtils.java:logGet(43)) - raft.server.watch.element-limit = 65536 (default)
2019-09-10 13:19:06,311 [pool-67-thread-1] INFO  util.JmxRegister (JmxRegister.java:tryRegister(44)) - Successfully registered JMX Bean with object name Ratis:service=RaftServer,group=group-5DD09A43E0EE,id=05e9b83b-b6ec-4168-9e18-fac302cf5421
2019-09-10 13:19:06,340 [77c590a9-0e60-42d8-bbf8-e31004d5a9e8@group-2A77EECC8ADC:LeaderElection2] INFO  impl.RoleInfo (RoleInfo.java:updateAndGet(143)) - 77c590a9-0e60-42d8-bbf8-e31004d5a9e8: start LeaderState
2019-09-10 13:19:06,340 [77c590a9-0e60-42d8-bbf8-e31004d5a9e8@group-2A77EECC8ADC:LeaderElection2] INFO  segmented.SegmentedRaftLogWorker (SegmentedRaftLogWorker.java:startLogSegment(380)) - 77c590a9-0e60-42d8-bbf8-e31004d5a9e8@group-2A77EECC8ADC-SegmentedRaftLogWorker: Starting segment from index:0
2019-09-10 13:19:06,343 [77c590a9-0e60-42d8-bbf8-e31004d5a9e8@group-2A77EECC8ADC:LeaderElection2] INFO  impl.RaftServerImpl (ServerState.java:setRaftConf(354)) - 77c590a9-0e60-42d8-bbf8-e31004d5a9e8@group-2A77EECC8ADC: set configuration 0: [77c590a9-0e60-42d8-bbf8-e31004d5a9e8:192.168.34.50:41260], old=null at 0
2019-09-10 13:19:06,349 [RatisPipelineUtilsThread] INFO  pipeline.PipelineStateManager (PipelineStateManager.java:addPipeline(56)) - Created pipeline Pipeline[ Id: a1875e11-a122-4470-9655-5dd09a43e0ee, Nodes: 77c590a9-0e60-42d8-bbf8-e31004d5a9e8{ip: 192.168.34.50, host: pr-hdds-1879-pp2l2-2511026898, networkLocation: /default-rack, certSerialId: null}598fdd25-f3b3-418d-bbd3-bcbfa35279b9{ip: 192.168.34.50, host: pr-hdds-1879-pp2l2-2511026898, networkLocation: /default-rack, certSerialId: null}05e9b83b-b6ec-4168-9e18-fac302cf5421{ip: 192.168.34.50, host: pr-hdds-1879-pp2l2-2511026898, networkLocation: /default-rack, certSerialId: null}, Type:RATIS, Factor:THREE, State:OPEN]
2019-09-10 13:19:06,372 [grpc-default-executor-2] INFO  impl.RaftServerProxy (RaftServerProxy.java:addNew(89)) - af983c11-9397-41ec-9bfb-0705919241eb: addNew group-DD7833F53F4E:[af983c11-9397-41ec-9bfb-0705919241eb:192.168.34.50:34977, fa25b701-8575-4c87-a8ca-f6672565109a:192.168.34.50:36005, c9bddf00-2197-4e52-a76a-1743bb04b5e3:192.168.34.50:40372] returns group-DD7833F53F4E:java.util.concurrent.CompletableFuture@5e28862f[Not completed]
2019-09-10 13:19:06,372 [grpc-default-executor-0] INFO  impl.RaftServerProxy (RaftServerProxy.java:addNew(89)) - c9bddf00-2197-4e52-a76a-1743bb04b5e3: addNew group-DD7833F53F4E:[af983c11-9397-41ec-9bfb-0705919241eb:192.168.34.50:34977, fa25b701-8575-4c87-a8ca-f6672565109a:192.168.34.50:36005, c9bddf00-2197-4e52-a76a-1743bb04b5e3:192.168.34.50:40372] returns group-DD7833F53F4E:java.util.concurrent.CompletableFuture@aed21e2[Not completed]
2019-09-10 13:19:06,372 [grpc-default-executor-1] INFO  impl.RaftServerProxy (RaftServerProxy.java:addNew(89)) - fa25b701-8575-4c87-a8ca-f6672565109a: addNew group-DD7833F53F4E:[af983c11-9397-41ec-9bfb-0705919241eb:192.168.34.50:34977, fa25b701-8575-4c87-a8ca-f6672565109a:192.168.34.50:36005, c9bddf00-2197-4e52-a76a-1743bb04b5e3:192.168.34.50:40372] returns group-DD7833F53F4E:java.util.concurrent.CompletableFuture@5c25531e[Not completed]
2019-09-10 13:19:06,376 [pool-27-thread-1] INFO  impl.RaftServerImpl (RaftServerImpl.java:<init>(95)) - af983c11-9397-41ec-9bfb-0705919241eb: new RaftServerImpl for group-DD7833F53F4E:[af983c11-9397-41ec-9bfb-0705919241eb:192.168.34.50:34977, fa25b701-8575-4c87-a8ca-f6672565109a:192.168.34.50:36005, c9bddf00-2197-4e52-a76a-1743bb04b5e3:192.168.34.50:40372] with ContainerStateMachine:uninitialized
2019-09-10 13:19:06,376 [pool-27-thread-1] INFO  server.RaftServerConfigKeys (ConfUtils.java:logGet(43)) - raft.server.rpc.timeout.min = 1s (custom)
2019-09-10 13:19:06,376 [pool-27-thread-1] INFO  server.RaftServerConfigKeys (ConfUtils.java:logGet(43)) - raft.server.rpc.timeout.max = 1200ms (custom)
2019-09-10 13:19:06,377 [pool-27-thread-1] INFO  server.RaftServerConfigKeys (ConfUtils.java:logGet(43)) - raft.server.rpcslowness.timeout = 120s (custom)
2019-09-10 13:19:06,377 [pool-27-thread-1] INFO  server.RaftServerConfigKeys (ConfUtils.java:logGet(43)) - raft.server.sleep.deviation.threshold = 300 (default)
2019-09-10 13:19:06,377 [pool-27-thread-1] INFO  server.RaftServerConfigKeys (ConfUtils.java:logGet(43)) - raft.server.log.appender.install.snapshot.enabled = false (custom)
2019-09-10 13:19:06,377 [pool-27-thread-1] INFO  impl.RaftServerImpl (ServerState.java:<init>(103)) - af983c11-9397-41ec-9bfb-0705919241eb@group-DD7833F53F4E: ConfigurationManager, init=-1: [af983c11-9397-41ec-9bfb-0705919241eb:192.168.34.50:34977, fa25b701-8575-4c87-a8ca-f6672565109a:192.168.34.50:36005, c9bddf00-2197-4e52-a76a-1743bb04b5e3:192.168.34.50:40372], old=null, confs=<EMPTY_MAP>
2019-09-10 13:19:06,377 [pool-117-thread-1] INFO  impl.RaftServerImpl (RaftServerImpl.java:<init>(95)) - c9bddf00-2197-4e52-a76a-1743bb04b5e3: new RaftServerImpl for group-DD7833F53F4E:[af983c11-9397-41ec-9bfb-0705919241eb:192.168.34.50:34977, fa25b701-8575-4c87-a8ca-f6672565109a:192.168.34.50:36005, c9bddf00-2197-4e52-a76a-1743bb04b5e3:192.168.34.50:40372] with ContainerStateMachine:uninitialized
2019-09-10 13:19:06,377 [pool-27-thread-1] INFO  server.RaftServerConfigKeys (ConfUtils.java:logGet(43)) - raft.server.storage.dir = [/workdir/hadoop-ozone/integration-test/target/test-dir/MiniOzoneClusterImpl-bbba21db-ec34-461e-a1c1-b53f0753d0be/datanode-0/data/ratis] (custom)
2019-09-10 13:19:06,377 [pool-117-thread-1] INFO  server.RaftServerConfigKeys (ConfUtils.java:logGet(43)) - raft.server.rpc.timeout.min = 1s (custom)
2019-09-10 13:19:06,378 [pool-117-thread-1] INFO  server.RaftServerConfigKeys (ConfUtils.java:logGet(43)) - raft.server.rpc.timeout.max = 1200ms (custom)
2019-09-10 13:19:06,378 [pool-27-thread-1] INFO  storage.RaftStorageDirectory (RaftStorageDirectory.java:analyzeStorage(246)) - The storage directory /workdir/hadoop-ozone/integration-test/target/test-dir/MiniOzoneClusterImpl-bbba21db-ec34-461e-a1c1-b53f0753d0be/datanode-0/data/ratis/96240272-0a0b-4b42-9081-dd7833f53f4e does not exist. Creating ...
2019-09-10 13:19:06,378 [pool-117-thread-1] INFO  server.RaftServerConfigKeys (ConfUtils.java:logGet(43)) - raft.server.rpcslowness.timeout = 120s (custom)
2019-09-10 13:19:06,378 [pool-117-thread-1] INFO  server.RaftServerConfigKeys (ConfUtils.java:logGet(43)) - raft.server.sleep.deviation.threshold = 300 (default)
2019-09-10 13:19:06,378 [pool-97-thread-1] INFO  impl.RaftServerImpl (RaftServerImpl.java:<init>(95)) - fa25b701-8575-4c87-a8ca-f6672565109a: new RaftServerImpl for group-DD7833F53F4E:[af983c11-9397-41ec-9bfb-0705919241eb:192.168.34.50:34977, fa25b701-8575-4c87-a8ca-f6672565109a:192.168.34.50:36005, c9bddf00-2197-4e52-a76a-1743bb04b5e3:192.168.34.50:40372] with ContainerStateMachine:uninitialized
2019-09-10 13:19:06,378 [pool-117-thread-1] INFO  server.RaftServerConfigKeys (ConfUtils.java:logGet(43)) - raft.server.log.appender.install.snapshot.enabled = false (custom)
2019-09-10 13:19:06,378 [pool-97-thread-1] INFO  server.RaftServerConfigKeys (ConfUtils.java:logGet(43)) - raft.server.rpc.timeout.min = 1s (custom)
2019-09-10 13:19:06,379 [pool-117-thread-1] INFO  impl.RaftServerImpl (ServerState.java:<init>(103)) - c9bddf00-2197-4e52-a76a-1743bb04b5e3@group-DD7833F53F4E: ConfigurationManager, init=-1: [af983c11-9397-41ec-9bfb-0705919241eb:192.168.34.50:34977, fa25b701-8575-4c87-a8ca-f6672565109a:192.168.34.50:36005, c9bddf00-2197-4e52-a76a-1743bb04b5e3:192.168.34.50:40372], old=null, confs=<EMPTY_MAP>
2019-09-10 13:19:06,379 [pool-97-thread-1] INFO  server.RaftServerConfigKeys (ConfUtils.java:logGet(43)) - raft.server.rpc.timeout.max = 1200ms (custom)
2019-09-10 13:19:06,379 [pool-117-thread-1] INFO  server.RaftServerConfigKeys (ConfUtils.java:logGet(43)) - raft.server.storage.dir = [/workdir/hadoop-ozone/integration-test/target/test-dir/MiniOzoneClusterImpl-bbba21db-ec34-461e-a1c1-b53f0753d0be/datanode-9/data/ratis] (custom)
2019-09-10 13:19:06,379 [pool-97-thread-1] INFO  server.RaftServerConfigKeys (ConfUtils.java:logGet(43)) - raft.server.rpcslowness.timeout = 120s (custom)
2019-09-10 13:19:06,379 [pool-97-thread-1] INFO  server.RaftServerConfigKeys (ConfUtils.java:logGet(43)) - raft.server.sleep.deviation.threshold = 300 (default)
2019-09-10 13:19:06,379 [pool-97-thread-1] INFO  server.RaftServerConfigKeys (ConfUtils.java:logGet(43)) - raft.server.log.appender.install.snapshot.enabled = false (custom)
2019-09-10 13:19:06,379 [pool-117-thread-1] INFO  storage.RaftStorageDirectory (RaftStorageDirectory.java:analyzeStorage(246)) - The storage directory /workdir/hadoop-ozone/integration-test/target/test-dir/MiniOzoneClusterImpl-bbba21db-ec34-461e-a1c1-b53f0753d0be/datanode-9/data/ratis/96240272-0a0b-4b42-9081-dd7833f53f4e does not exist. Creating ...
2019-09-10 13:19:06,379 [pool-97-thread-1] INFO  impl.RaftServerImpl (ServerState.java:<init>(103)) - fa25b701-8575-4c87-a8ca-f6672565109a@group-DD7833F53F4E: ConfigurationManager, init=-1: [af983c11-9397-41ec-9bfb-0705919241eb:192.168.34.50:34977, fa25b701-8575-4c87-a8ca-f6672565109a:192.168.34.50:36005, c9bddf00-2197-4e52-a76a-1743bb04b5e3:192.168.34.50:40372], old=null, confs=<EMPTY_MAP>
2019-09-10 13:19:06,380 [pool-97-thread-1] INFO  server.RaftServerConfigKeys (ConfUtils.java:logGet(43)) - raft.server.storage.dir = [/workdir/hadoop-ozone/integration-test/target/test-dir/MiniOzoneClusterImpl-bbba21db-ec34-461e-a1c1-b53f0753d0be/datanode-7/data/ratis] (custom)
2019-09-10 13:19:06,380 [pool-97-thread-1] INFO  storage.RaftStorageDirectory (RaftStorageDirectory.java:analyzeStorage(246)) - The storage directory /workdir/hadoop-ozone/integration-test/target/test-dir/MiniOzoneClusterImpl-bbba21db-ec34-461e-a1c1-b53f0753d0be/datanode-7/data/ratis/96240272-0a0b-4b42-9081-dd7833f53f4e does not exist. Creating ...
2019-09-10 13:19:06,403 [pool-97-thread-1] INFO  storage.RaftStorageDirectory (RaftStorageDirectory.java:tryLock(328)) - Lock on /workdir/hadoop-ozone/integration-test/target/test-dir/MiniOzoneClusterImpl-bbba21db-ec34-461e-a1c1-b53f0753d0be/datanode-7/data/ratis/96240272-0a0b-4b42-9081-dd7833f53f4e/in_use.lock acquired by nodename 11455@pr-hdds-1879-pp2l2-2511026898
2019-09-10 13:19:06,403 [pool-117-thread-1] INFO  storage.RaftStorageDirectory (RaftStorageDirectory.java:tryLock(328)) - Lock on /workdir/hadoop-ozone/integration-test/target/test-dir/MiniOzoneClusterImpl-bbba21db-ec34-461e-a1c1-b53f0753d0be/datanode-9/data/ratis/96240272-0a0b-4b42-9081-dd7833f53f4e/in_use.lock acquired by nodename 11455@pr-hdds-1879-pp2l2-2511026898
2019-09-10 13:19:06,403 [pool-27-thread-1] INFO  storage.RaftStorageDirectory (RaftStorageDirectory.java:tryLock(328)) - Lock on /workdir/hadoop-ozone/integration-test/target/test-dir/MiniOzoneClusterImpl-bbba21db-ec34-461e-a1c1-b53f0753d0be/datanode-0/data/ratis/96240272-0a0b-4b42-9081-dd7833f53f4e/in_use.lock acquired by nodename 11455@pr-hdds-1879-pp2l2-2511026898
2019-09-10 13:19:06,429 [pool-117-thread-1] INFO  storage.RaftStorage (RaftStorage.java:format(72)) - Storage directory /workdir/hadoop-ozone/integration-test/target/test-dir/MiniOzoneClusterImpl-bbba21db-ec34-461e-a1c1-b53f0753d0be/datanode-9/data/ratis/96240272-0a0b-4b42-9081-dd7833f53f4e has been successfully formatted.
2019-09-10 13:19:06,429 [pool-27-thread-1] INFO  storage.RaftStorage (RaftStorage.java:format(72)) - Storage directory /workdir/hadoop-ozone/integration-test/target/test-dir/MiniOzoneClusterImpl-bbba21db-ec34-461e-a1c1-b53f0753d0be/datanode-0/data/ratis/96240272-0a0b-4b42-9081-dd7833f53f4e has been successfully formatted.
2019-09-10 13:19:06,429 [pool-97-thread-1] INFO  storage.RaftStorage (RaftStorage.java:format(72)) - Storage directory /workdir/hadoop-ozone/integration-test/target/test-dir/MiniOzoneClusterImpl-bbba21db-ec34-461e-a1c1-b53f0753d0be/datanode-7/data/ratis/96240272-0a0b-4b42-9081-dd7833f53f4e has been successfully formatted.
2019-09-10 13:19:06,429 [pool-117-thread-1] INFO  ratis.ContainerStateMachine (ContainerStateMachine.java:loadSnapshot(230)) - group-DD7833F53F4E: The snapshot info is null. Setting the last applied indexto:(t:0, i:~)
2019-09-10 13:19:06,430 [pool-27-thread-1] INFO  ratis.ContainerStateMachine (ContainerStateMachine.java:loadSnapshot(230)) - group-DD7833F53F4E: The snapshot info is null. Setting the last applied indexto:(t:0, i:~)
2019-09-10 13:19:06,430 [pool-117-thread-1] INFO  server.RaftServerConfigKeys (ConfUtils.java:logGet(43)) - raft.server.notification.no-leader.timeout = 120s (custom)
2019-09-10 13:19:06,430 [pool-97-thread-1] INFO  ratis.ContainerStateMachine (ContainerStateMachine.java:loadSnapshot(230)) - group-DD7833F53F4E: The snapshot info is null. Setting the last applied indexto:(t:0, i:~)
2019-09-10 13:19:06,430 [pool-117-thread-1] INFO  server.RaftServerConfigKeys (ConfUtils.java:logGet(43)) - raft.server.log.use.memory = false (default)
2019-09-10 13:19:06,430 [pool-27-thread-1] INFO  server.RaftServerConfigKeys (ConfUtils.java:logGet(43)) - raft.server.notification.no-leader.timeout = 120s (custom)
2019-09-10 13:19:06,430 [pool-117-thread-1] INFO  server.RaftServerConfigKeys (ConfUtils.java:logGet(43)) - raft.server.log.purge.gap = 1000000 (custom)
2019-09-10 13:19:06,430 [pool-97-thread-1] INFO  server.RaftServerConfigKeys (ConfUtils.java:logGet(43)) - raft.server.notification.no-leader.timeout = 120s (custom)
2019-09-10 13:19:06,431 [pool-117-thread-1] INFO  server.RaftServerConfigKeys (ConfUtils.java:logGet(43)) - raft.server.log.appender.buffer.byte-limit = 33554432 (custom)
2019-09-10 13:19:06,431 [pool-27-thread-1] INFO  server.RaftServerConfigKeys (ConfUtils.java:logGet(43)) - raft.server.log.use.memory = false (default)
2019-09-10 13:19:06,431 [pool-117-thread-1] INFO  server.RaftServerConfigKeys (ConfUtils.java:logGet(43)) - raft.server.log.segment.size.max = 1048576 (custom)
2019-09-10 13:19:06,431 [pool-97-thread-1] INFO  server.RaftServerConfigKeys (ConfUtils.java:logGet(43)) - raft.server.log.use.memory = false (default)
2019-09-10 13:19:06,432 [pool-117-thread-1] INFO  server.RaftServerConfigKeys (ConfUtils.java:logGet(43)) - raft.server.log.segment.cache.num.max = 2 (custom)
2019-09-10 13:19:06,431 [pool-27-thread-1] INFO  server.RaftServerConfigKeys (ConfUtils.java:logGet(43)) - raft.server.log.purge.gap = 1000000 (custom)
2019-09-10 13:19:06,432 [pool-117-thread-1] INFO  segmented.SegmentedRaftLogWorker (SegmentedRaftLogWorker.java:<init>(172)) - new c9bddf00-2197-4e52-a76a-1743bb04b5e3@group-DD7833F53F4E-SegmentedRaftLogWorker for RaftStorage:Storage Directory /workdir/hadoop-ozone/integration-test/target/test-dir/MiniOzoneClusterImpl-bbba21db-ec34-461e-a1c1-b53f0753d0be/datanode-9/data/ratis/96240272-0a0b-4b42-9081-dd7833f53f4e
2019-09-10 13:19:06,432 [pool-97-thread-1] INFO  server.RaftServerConfigKeys (ConfUtils.java:logGet(43)) - raft.server.log.purge.gap = 1000000 (custom)
2019-09-10 13:19:06,432 [pool-117-thread-1] INFO  server.RaftServerConfigKeys (ConfUtils.java:logGet(43)) - raft.server.log.queue.byte-limit = 2147483647 (custom)
2019-09-10 13:19:06,432 [pool-27-thread-1] INFO  server.RaftServerConfigKeys (ConfUtils.java:logGet(43)) - raft.server.log.appender.buffer.byte-limit = 33554432 (custom)
2019-09-10 13:19:06,433 [pool-117-thread-1] INFO  server.RaftServerConfigKeys (ConfUtils.java:logGet(43)) - raft.server.log.queue.element-limit = 1024 (custom)
2019-09-10 13:19:06,432 [pool-97-thread-1] INFO  server.RaftServerConfigKeys (ConfUtils.java:logGet(43)) - raft.server.log.appender.buffer.byte-limit = 33554432 (custom)
2019-09-10 13:19:06,433 [pool-117-thread-1] INFO  server.RaftServerConfigKeys (ConfUtils.java:logGet(43)) - raft.server.log.segment.size.max = 1048576 (custom)
2019-09-10 13:19:06,433 [pool-27-thread-1] INFO  server.RaftServerConfigKeys (ConfUtils.java:logGet(43)) - raft.server.log.segment.size.max = 1048576 (custom)
2019-09-10 13:19:06,433 [pool-117-thread-1] INFO  server.RaftServerConfigKeys (ConfUtils.java:logGet(43)) - raft.server.log.preallocated.size = 16384 (custom)
2019-09-10 13:19:06,433 [pool-97-thread-1] INFO  server.RaftServerConfigKeys (ConfUtils.java:logGet(43)) - raft.server.log.segment.size.max = 1048576 (custom)
2019-09-10 13:19:06,434 [pool-117-thread-1] INFO  server.RaftServerConfigKeys (ConfUtils.java:logGet(43)) - raft.server.log.write.buffer.size = 33554432 (custom)
2019-09-10 13:19:06,433 [pool-27-thread-1] INFO  server.RaftServerConfigKeys (ConfUtils.java:logGet(43)) - raft.server.log.segment.cache.num.max = 2 (custom)
2019-09-10 13:19:06,434 [pool-117-thread-1] INFO  server.RaftServerConfigKeys (ConfUtils.java:logGet(43)) - raft.server.log.force.sync.num = 128 (default)
2019-09-10 13:19:06,434 [pool-97-thread-1] INFO  server.RaftServerConfigKeys (ConfUtils.java:logGet(43)) - raft.server.log.segment.cache.num.max = 2 (custom)
2019-09-10 13:19:06,434 [pool-117-thread-1] INFO  server.RaftServerConfigKeys (ConfUtils.java:logGet(43)) - raft.server.log.statemachine.data.sync = true (default)
2019-09-10 13:19:06,434 [pool-27-thread-1] INFO  segmented.SegmentedRaftLogWorker (SegmentedRaftLogWorker.java:<init>(172)) - new af983c11-9397-41ec-9bfb-0705919241eb@group-DD7833F53F4E-SegmentedRaftLogWorker for RaftStorage:Storage Directory /workdir/hadoop-ozone/integration-test/target/test-dir/MiniOzoneClusterImpl-bbba21db-ec34-461e-a1c1-b53f0753d0be/datanode-0/data/ratis/96240272-0a0b-4b42-9081-dd7833f53f4e
2019-09-10 13:19:06,435 [pool-117-thread-1] INFO  server.RaftServerConfigKeys (ConfUtils.java:logGet(43)) - raft.server.log.statemachine.data.sync.timeout = 10s (default)
2019-09-10 13:19:06,434 [pool-97-thread-1] INFO  segmented.SegmentedRaftLogWorker (SegmentedRaftLogWorker.java:<init>(172)) - new fa25b701-8575-4c87-a8ca-f6672565109a@group-DD7833F53F4E-SegmentedRaftLogWorker for RaftStorage:Storage Directory /workdir/hadoop-ozone/integration-test/target/test-dir/MiniOzoneClusterImpl-bbba21db-ec34-461e-a1c1-b53f0753d0be/datanode-7/data/ratis/96240272-0a0b-4b42-9081-dd7833f53f4e
2019-09-10 13:19:06,435 [pool-117-thread-1] INFO  server.RaftServerConfigKeys (ConfUtils.java:logGet(43)) - raft.server.log.statemachine.data.sync.timeout.retry = -1 (default)
2019-09-10 13:19:06,435 [pool-27-thread-1] INFO  server.RaftServerConfigKeys (ConfUtils.java:logGet(43)) - raft.server.log.queue.byte-limit = 2147483647 (custom)
2019-09-10 13:19:06,435 [pool-117-thread-1] INFO  server.RaftServerConfigKeys (ConfUtils.java:logGet(43)) - raft.server.log.statemachine.data.caching.enabled = true (custom)
2019-09-10 13:19:06,435 [pool-97-thread-1] INFO  server.RaftServerConfigKeys (ConfUtils.java:logGet(43)) - raft.server.log.queue.byte-limit = 2147483647 (custom)
2019-09-10 13:19:06,435 [pool-27-thread-1] INFO  server.RaftServerConfigKeys (ConfUtils.java:logGet(43)) - raft.server.log.queue.element-limit = 1024 (custom)
2019-09-10 13:19:06,436 [pool-97-thread-1] INFO  server.RaftServerConfigKeys (ConfUtils.java:logGet(43)) - raft.server.log.queue.element-limit = 1024 (custom)
2019-09-10 13:19:06,435 [pool-117-thread-1] INFO  segmented.SegmentedRaftLogWorker (SegmentedRaftLogWorker.java:lambda$new$0(132)) - c9bddf00-2197-4e52-a76a-1743bb04b5e3@group-DD7833F53F4E-SegmentedRaftLogWorker: flushIndex: setUnconditionally 0 -> -1
2019-09-10 13:19:06,436 [pool-97-thread-1] INFO  server.RaftServerConfigKeys (ConfUtils.java:logGet(43)) - raft.server.log.segment.size.max = 1048576 (custom)
2019-09-10 13:19:06,436 [pool-27-thread-1] INFO  server.RaftServerConfigKeys (ConfUtils.java:logGet(43)) - raft.server.log.segment.size.max = 1048576 (custom)
2019-09-10 13:19:06,436 [pool-117-thread-1] INFO  server.RaftServerConfigKeys (ConfUtils.java:logGet(43)) - raft.server.snapshot.auto.trigger.enabled = true (custom)
2019-09-10 13:19:06,436 [pool-97-thread-1] INFO  server.RaftServerConfigKeys (ConfUtils.java:logGet(43)) - raft.server.log.preallocated.size = 16384 (custom)
2019-09-10 13:19:06,436 [pool-117-thread-1] INFO  server.RaftServerConfigKeys (ConfUtils.java:logGet(43)) - raft.server.snapshot.auto.trigger.threshold = 10000 (custom)
2019-09-10 13:19:06,436 [pool-27-thread-1] INFO  server.RaftServerConfigKeys (ConfUtils.java:logGet(43)) - raft.server.log.preallocated.size = 16384 (custom)
2019-09-10 13:19:06,437 [pool-117-thread-1] INFO  server.RaftServerConfigKeys (ConfUtils.java:logGet(43)) - raft.server.snapshot.retention.num.files = -1 (default)
2019-09-10 13:19:06,437 [pool-97-thread-1] INFO  server.RaftServerConfigKeys (ConfUtils.java:logGet(43)) - raft.server.log.write.buffer.size = 33554432 (custom)
2019-09-10 13:19:06,437 [pool-117-thread-1] INFO  server.RaftServerConfigKeys (ConfUtils.java:logGet(43)) - raft.server.retrycache.expirytime = 600000ms (custom)
2019-09-10 13:19:06,437 [pool-27-thread-1] INFO  server.RaftServerConfigKeys (ConfUtils.java:logGet(43)) - raft.server.log.write.buffer.size = 33554432 (custom)
2019-09-10 13:19:06,437 [pool-97-thread-1] INFO  server.RaftServerConfigKeys (ConfUtils.java:logGet(43)) - raft.server.log.force.sync.num = 128 (default)
2019-09-10 13:19:06,437 [pool-27-thread-1] INFO  server.RaftServerConfigKeys (ConfUtils.java:logGet(43)) - raft.server.log.force.sync.num = 128 (default)
2019-09-10 13:19:06,437 [pool-97-thread-1] INFO  server.RaftServerConfigKeys (ConfUtils.java:logGet(43)) - raft.server.log.statemachine.data.sync = true (default)
2019-09-10 13:19:06,438 [pool-27-thread-1] INFO  server.RaftServerConfigKeys (ConfUtils.java:logGet(43)) - raft.server.log.statemachine.data.sync = true (default)
2019-09-10 13:19:06,438 [pool-97-thread-1] INFO  server.RaftServerConfigKeys (ConfUtils.java:logGet(43)) - raft.server.log.statemachine.data.sync.timeout = 10s (default)
2019-09-10 13:19:06,438 [pool-27-thread-1] INFO  server.RaftServerConfigKeys (ConfUtils.java:logGet(43)) - raft.server.log.statemachine.data.sync.timeout = 10s (default)
2019-09-10 13:19:06,438 [pool-97-thread-1] INFO  server.RaftServerConfigKeys (ConfUtils.java:logGet(43)) - raft.server.log.statemachine.data.sync.timeout.retry = -1 (default)
2019-09-10 13:19:06,438 [pool-27-thread-1] INFO  server.RaftServerConfigKeys (ConfUtils.java:logGet(43)) - raft.server.log.statemachine.data.sync.timeout.retry = -1 (default)
2019-09-10 13:19:06,439 [pool-97-thread-1] INFO  server.RaftServerConfigKeys (ConfUtils.java:logGet(43)) - raft.server.log.statemachine.data.caching.enabled = true (custom)
2019-09-10 13:19:06,439 [pool-27-thread-1] INFO  server.RaftServerConfigKeys (ConfUtils.java:logGet(43)) - raft.server.log.statemachine.data.caching.enabled = true (custom)
2019-09-10 13:19:06,439 [pool-97-thread-1] INFO  segmented.SegmentedRaftLogWorker (SegmentedRaftLogWorker.java:lambda$new$0(132)) - fa25b701-8575-4c87-a8ca-f6672565109a@group-DD7833F53F4E-SegmentedRaftLogWorker: flushIndex: setUnconditionally 0 -> -1
2019-09-10 13:19:06,439 [pool-117-thread-1] INFO  impl.RaftServerImpl (RaftServerImpl.java:start(185)) - c9bddf00-2197-4e52-a76a-1743bb04b5e3@group-DD7833F53F4E: start as a follower, conf=-1: [af983c11-9397-41ec-9bfb-0705919241eb:192.168.34.50:34977, fa25b701-8575-4c87-a8ca-f6672565109a:192.168.34.50:36005, c9bddf00-2197-4e52-a76a-1743bb04b5e3:192.168.34.50:40372], old=null
2019-09-10 13:19:06,439 [pool-27-thread-1] INFO  segmented.SegmentedRaftLogWorker (SegmentedRaftLogWorker.java:lambda$new$0(132)) - af983c11-9397-41ec-9bfb-0705919241eb@group-DD7833F53F4E-SegmentedRaftLogWorker: flushIndex: setUnconditionally 0 -> -1
2019-09-10 13:19:06,440 [pool-97-thread-1] INFO  server.RaftServerConfigKeys (ConfUtils.java:logGet(43)) - raft.server.snapshot.auto.trigger.enabled = true (custom)
2019-09-10 13:19:06,439 [pool-117-thread-1] INFO  impl.RaftServerImpl (RaftServerImpl.java:setRole(174)) - c9bddf00-2197-4e52-a76a-1743bb04b5e3@group-DD7833F53F4E: changes role from      null to FOLLOWER at term 0 for startAsFollower
2019-09-10 13:19:06,440 [pool-97-thread-1] INFO  server.RaftServerConfigKeys (ConfUtils.java:logGet(43)) - raft.server.snapshot.auto.trigger.threshold = 10000 (custom)
2019-09-10 13:19:06,469 [pool-117-thread-1] INFO  impl.RoleInfo (RoleInfo.java:updateAndGet(143)) - c9bddf00-2197-4e52-a76a-1743bb04b5e3: start FollowerState
2019-09-10 13:19:06,468 [pool-27-thread-1] INFO  server.RaftServerConfigKeys (ConfUtils.java:logGet(43)) - raft.server.snapshot.auto.trigger.enabled = true (custom)
2019-09-10 13:19:06,471 [pool-97-thread-1] INFO  server.RaftServerConfigKeys (ConfUtils.java:logGet(43)) - raft.server.snapshot.retention.num.files = -1 (default)
2019-09-10 13:19:06,472 [pool-117-thread-1] INFO  util.JmxRegister (JmxRegister.java:tryRegister(44)) - Successfully registered JMX Bean with object name Ratis:service=RaftServer,group=group-DD7833F53F4E,id=c9bddf00-2197-4e52-a76a-1743bb04b5e3
2019-09-10 13:19:06,472 [pool-27-thread-1] INFO  server.RaftServerConfigKeys (ConfUtils.java:logGet(43)) - raft.server.snapshot.auto.trigger.threshold = 10000 (custom)
2019-09-10 13:19:06,472 [pool-97-thread-1] INFO  server.RaftServerConfigKeys (ConfUtils.java:logGet(43)) - raft.server.retrycache.expirytime = 600000ms (custom)
2019-09-10 13:19:06,472 [pool-27-thread-1] INFO  server.RaftServerConfigKeys (ConfUtils.java:logGet(43)) - raft.server.snapshot.retention.num.files = -1 (default)
2019-09-10 13:19:06,473 [pool-27-thread-1] INFO  server.RaftServerConfigKeys (ConfUtils.java:logGet(43)) - raft.server.retrycache.expirytime = 600000ms (custom)
2019-09-10 13:19:06,500 [Thread-291] INFO  impl.FollowerState (FollowerState.java:run(106)) - 598fdd25-f3b3-418d-bbd3-bcbfa35279b9:group-24818B8B9254 changes to CANDIDATE, lastRpcTime:1106, electionTimeout:1105ms
2019-09-10 13:19:06,501 [Thread-291] INFO  impl.RoleInfo (RoleInfo.java:shutdownFollowerState(121)) - 598fdd25-f3b3-418d-bbd3-bcbfa35279b9: shutdown FollowerState
2019-09-10 13:19:06,501 [Thread-291] INFO  impl.RaftServerImpl (RaftServerImpl.java:setRole(174)) - 598fdd25-f3b3-418d-bbd3-bcbfa35279b9@group-24818B8B9254: changes role from  FOLLOWER to CANDIDATE at term 0 for changeToCandidate
2019-09-10 13:19:06,501 [77c590a9-0e60-42d8-bbf8-e31004d5a9e8@group-2A77EECC8ADC-SegmentedRaftLogWorker] INFO  segmented.SegmentedRaftLogWorker (SegmentedRaftLogWorker.java:execute(569)) - 77c590a9-0e60-42d8-bbf8-e31004d5a9e8@group-2A77EECC8ADC-SegmentedRaftLogWorker: created new log segment /workdir/hadoop-ozone/integration-test/target/test-dir/MiniOzoneClusterImpl-bbba21db-ec34-461e-a1c1-b53f0753d0be/datanode-1/data/ratis/94a26348-7fb7-4cc2-97c3-2a77eecc8adc/current/log_inprogress_0
2019-09-10 13:19:06,501 [af983c11-9397-41ec-9bfb-0705919241eb@group-DD77ACFF1C9A-SegmentedRaftLogWorker] INFO  segmented.SegmentedRaftLogWorker (SegmentedRaftLogWorker.java:execute(569)) - af983c11-9397-41ec-9bfb-0705919241eb@group-DD77ACFF1C9A-SegmentedRaftLogWorker: created new log segment /workdir/hadoop-ozone/integration-test/target/test-dir/MiniOzoneClusterImpl-bbba21db-ec34-461e-a1c1-b53f0753d0be/datanode-0/data/ratis/b504f83d-d9a2-400e-bf2b-dd77acff1c9a/current/log_inprogress_0
2019-09-10 13:19:06,501 [Thread-291] INFO  impl.RoleInfo (RoleInfo.java:updateAndGet(143)) - 598fdd25-f3b3-418d-bbd3-bcbfa35279b9: start LeaderElection
2019-09-10 13:19:06,508 [pool-27-thread-1] INFO  impl.RaftServerImpl (RaftServerImpl.java:start(185)) - af983c11-9397-41ec-9bfb-0705919241eb@group-DD7833F53F4E: start as a follower, conf=-1: [af983c11-9397-41ec-9bfb-0705919241eb:192.168.34.50:34977, fa25b701-8575-4c87-a8ca-f6672565109a:192.168.34.50:36005, c9bddf00-2197-4e52-a76a-1743bb04b5e3:192.168.34.50:40372], old=null
2019-09-10 13:19:06,508 [pool-97-thread-1] INFO  impl.RaftServerImpl (RaftServerImpl.java:start(185)) - fa25b701-8575-4c87-a8ca-f6672565109a@group-DD7833F53F4E: start as a follower, conf=-1: [af983c11-9397-41ec-9bfb-0705919241eb:192.168.34.50:34977, fa25b701-8575-4c87-a8ca-f6672565109a:192.168.34.50:36005, c9bddf00-2197-4e52-a76a-1743bb04b5e3:192.168.34.50:40372], old=null
2019-09-10 13:19:06,508 [pool-27-thread-1] INFO  impl.RaftServerImpl (RaftServerImpl.java:setRole(174)) - af983c11-9397-41ec-9bfb-0705919241eb@group-DD7833F53F4E: changes role from      null to FOLLOWER at term 0 for startAsFollower
2019-09-10 13:19:06,508 [pool-97-thread-1] INFO  impl.RaftServerImpl (RaftServerImpl.java:setRole(174)) - fa25b701-8575-4c87-a8ca-f6672565109a@group-DD7833F53F4E: changes role from      null to FOLLOWER at term 0 for startAsFollower
2019-09-10 13:19:06,510 [pool-27-thread-1] INFO  impl.RoleInfo (RoleInfo.java:updateAndGet(143)) - af983c11-9397-41ec-9bfb-0705919241eb: start FollowerState
2019-09-10 13:19:06,510 [pool-97-thread-1] INFO  impl.RoleInfo (RoleInfo.java:updateAndGet(143)) - fa25b701-8575-4c87-a8ca-f6672565109a: start FollowerState
2019-09-10 13:19:06,511 [pool-27-thread-1] INFO  util.JmxRegister (JmxRegister.java:tryRegister(44)) - Successfully registered JMX Bean with object name Ratis:service=RaftServer,group=group-DD7833F53F4E,id=af983c11-9397-41ec-9bfb-0705919241eb
2019-09-10 13:19:06,511 [pool-97-thread-1] INFO  util.JmxRegister (JmxRegister.java:tryRegister(44)) - Successfully registered JMX Bean with object name Ratis:service=RaftServer,group=group-DD7833F53F4E,id=fa25b701-8575-4c87-a8ca-f6672565109a
2019-09-10 13:19:06,518 [RatisPipelineUtilsThread] INFO  pipeline.PipelineStateManager (PipelineStateManager.java:addPipeline(56)) - Created pipeline Pipeline[ Id: 96240272-0a0b-4b42-9081-dd7833f53f4e, Nodes: fa25b701-8575-4c87-a8ca-f6672565109a{ip: 192.168.34.50, host: pr-hdds-1879-pp2l2-2511026898, networkLocation: /default-rack, certSerialId: null}af983c11-9397-41ec-9bfb-0705919241eb{ip: 192.168.34.50, host: pr-hdds-1879-pp2l2-2511026898, networkLocation: /default-rack, certSerialId: null}c9bddf00-2197-4e52-a76a-1743bb04b5e3{ip: 192.168.34.50, host: pr-hdds-1879-pp2l2-2511026898, networkLocation: /default-rack, certSerialId: null}, Type:RATIS, Factor:THREE, State:OPEN]
2019-09-10 13:19:06,522 [598fdd25-f3b3-418d-bbd3-bcbfa35279b9@group-24818B8B9254:LeaderElection3] INFO  impl.LeaderElection (LeaderElection.java:askForVotes(182)) - 598fdd25-f3b3-418d-bbd3-bcbfa35279b9@group-24818B8B9254:LeaderElection3: begin an election at term 1 for -1: [598fdd25-f3b3-418d-bbd3-bcbfa35279b9:192.168.34.50:46100], old=null
2019-09-10 13:19:06,522 [598fdd25-f3b3-418d-bbd3-bcbfa35279b9@group-24818B8B9254:LeaderElection3] INFO  impl.RoleInfo (RoleInfo.java:shutdownLeaderElection(134)) - 598fdd25-f3b3-418d-bbd3-bcbfa35279b9: shutdown LeaderElection
2019-09-10 13:19:06,523 [598fdd25-f3b3-418d-bbd3-bcbfa35279b9@group-24818B8B9254:LeaderElection3] INFO  impl.RaftServerImpl (RaftServerImpl.java:setRole(174)) - 598fdd25-f3b3-418d-bbd3-bcbfa35279b9@group-24818B8B9254: changes role from CANDIDATE to LEADER at term 1 for changeToLeader
2019-09-10 13:19:06,523 [598fdd25-f3b3-418d-bbd3-bcbfa35279b9@group-24818B8B9254:LeaderElection3] INFO  impl.RaftServerImpl (ServerState.java:setLeader(253)) - 598fdd25-f3b3-418d-bbd3-bcbfa35279b9@group-24818B8B9254: change Leader from null to 598fdd25-f3b3-418d-bbd3-bcbfa35279b9 at term 1 for becomeLeader, leader elected after 1204ms
2019-09-10 13:19:06,523 [598fdd25-f3b3-418d-bbd3-bcbfa35279b9@group-24818B8B9254:LeaderElection3] INFO  server.RaftServerConfigKeys (ConfUtils.java:logGet(43)) - raft.server.staging.catchup.gap = 1000 (default)
2019-09-10 13:19:06,523 [598fdd25-f3b3-418d-bbd3-bcbfa35279b9@group-24818B8B9254:LeaderElection3] INFO  server.RaftServerConfigKeys (ConfUtils.java:logGet(43)) - raft.server.rpc.sleep.time = 25ms (default)
2019-09-10 13:19:06,523 [598fdd25-f3b3-418d-bbd3-bcbfa35279b9@group-24818B8B9254:LeaderElection3] INFO  server.RaftServerConfigKeys (ConfUtils.java:logGet(43)) - raft.server.write.element-limit = 4096 (default)
2019-09-10 13:19:06,524 [598fdd25-f3b3-418d-bbd3-bcbfa35279b9@group-24818B8B9254:LeaderElection3] INFO  server.RaftServerConfigKeys (ConfUtils.java:logGet(43)) - raft.server.watch.timeout = 10s (default)
2019-09-10 13:19:06,525 [598fdd25-f3b3-418d-bbd3-bcbfa35279b9@group-24818B8B9254:LeaderElection3] INFO  server.RaftServerConfigKeys (ConfUtils.java:logGet(43)) - raft.server.watch.timeout.denomination = 1s (default)
2019-09-10 13:19:06,526 [598fdd25-f3b3-418d-bbd3-bcbfa35279b9@group-24818B8B9254:LeaderElection3] INFO  server.RaftServerConfigKeys (ConfUtils.java:logGet(43)) - raft.server.watch.element-limit = 65536 (default)
2019-09-10 13:19:06,530 [598fdd25-f3b3-418d-bbd3-bcbfa35279b9@group-24818B8B9254:LeaderElection3] INFO  impl.RoleInfo (RoleInfo.java:updateAndGet(143)) - 598fdd25-f3b3-418d-bbd3-bcbfa35279b9: start LeaderState
2019-09-10 13:19:06,530 [598fdd25-f3b3-418d-bbd3-bcbfa35279b9@group-24818B8B9254:LeaderElection3] INFO  segmented.SegmentedRaftLogWorker (SegmentedRaftLogWorker.java:startLogSegment(380)) - 598fdd25-f3b3-418d-bbd3-bcbfa35279b9@group-24818B8B9254-SegmentedRaftLogWorker: Starting segment from index:0
2019-09-10 13:19:06,571 [598fdd25-f3b3-418d-bbd3-bcbfa35279b9@group-24818B8B9254:LeaderElection3] INFO  impl.RaftServerImpl (ServerState.java:setRaftConf(354)) - 598fdd25-f3b3-418d-bbd3-bcbfa35279b9@group-24818B8B9254: set configuration 0: [598fdd25-f3b3-418d-bbd3-bcbfa35279b9:192.168.34.50:46100], old=null at 0
2019-09-10 13:19:06,571 [Thread-294] INFO  impl.FollowerState (FollowerState.java:run(106)) - 05e9b83b-b6ec-4168-9e18-fac302cf5421:group-C110F6027FBD changes to CANDIDATE, lastRpcTime:1079, electionTimeout:1076ms
2019-09-10 13:19:06,575 [Thread-294] INFO  impl.RoleInfo (RoleInfo.java:shutdownFollowerState(121)) - 05e9b83b-b6ec-4168-9e18-fac302cf5421: shutdown FollowerState
2019-09-10 13:19:06,575 [grpc-default-executor-0] INFO  impl.RaftServerProxy (RaftServerProxy.java:addNew(89)) - e5557321-17be-433a-8d96-d7d186384118: addNew group-447053F58748:[82b87940-075a-4240-9714-83f9b1f11359:192.168.34.50:33168, e5557321-17be-433a-8d96-d7d186384118:192.168.34.50:36666, 0f4aa411-f22d-408f-a3ae-026c0e4d845c:192.168.34.50:36087] returns group-447053F58748:java.util.concurrent.CompletableFuture@6928bdaa[Not completed]
2019-09-10 13:19:06,589 [598fdd25-f3b3-418d-bbd3-bcbfa35279b9@group-24818B8B9254-SegmentedRaftLogWorker] INFO  segmented.SegmentedRaftLogWorker (SegmentedRaftLogWorker.java:execute(569)) - 598fdd25-f3b3-418d-bbd3-bcbfa35279b9@group-24818B8B9254-SegmentedRaftLogWorker: created new log segment /workdir/hadoop-ozone/integration-test/target/test-dir/MiniOzoneClusterImpl-bbba21db-ec34-461e-a1c1-b53f0753d0be/datanode-2/data/ratis/dc4d46cb-346c-458f-aee8-24818b8b9254/current/log_inprogress_0
2019-09-10 13:19:06,575 [Thread-294] INFO  impl.RaftServerImpl (RaftServerImpl.java:setRole(174)) - 05e9b83b-b6ec-4168-9e18-fac302cf5421@group-C110F6027FBD: changes role from  FOLLOWER to CANDIDATE at term 0 for changeToCandidate
2019-09-10 13:19:06,592 [Thread-294] INFO  impl.RoleInfo (RoleInfo.java:updateAndGet(143)) - 05e9b83b-b6ec-4168-9e18-fac302cf5421: start LeaderElection
2019-09-10 13:19:06,600 [grpc-default-executor-0] INFO  impl.RaftServerProxy (RaftServerProxy.java:addNew(89)) - 0f4aa411-f22d-408f-a3ae-026c0e4d845c: addNew group-447053F58748:[82b87940-075a-4240-9714-83f9b1f11359:192.168.34.50:33168, e5557321-17be-433a-8d96-d7d186384118:192.168.34.50:36666, 0f4aa411-f22d-408f-a3ae-026c0e4d845c:192.168.34.50:36087] returns group-447053F58748:java.util.concurrent.CompletableFuture@7e365cb9[Not completed]
2019-09-10 13:19:06,600 [grpc-default-executor-2] INFO  impl.RaftServerProxy (RaftServerProxy.java:addNew(89)) - 82b87940-075a-4240-9714-83f9b1f11359: addNew group-447053F58748:[82b87940-075a-4240-9714-83f9b1f11359:192.168.34.50:33168, e5557321-17be-433a-8d96-d7d186384118:192.168.34.50:36666, 0f4aa411-f22d-408f-a3ae-026c0e4d845c:192.168.34.50:36087] returns group-447053F58748:java.util.concurrent.CompletableFuture@fa27472[Not completed]
2019-09-10 13:19:06,601 [pool-77-thread-1] INFO  impl.RaftServerImpl (RaftServerImpl.java:<init>(95)) - e5557321-17be-433a-8d96-d7d186384118: new RaftServerImpl for group-447053F58748:[82b87940-075a-4240-9714-83f9b1f11359:192.168.34.50:33168, e5557321-17be-433a-8d96-d7d186384118:192.168.34.50:36666, 0f4aa411-f22d-408f-a3ae-026c0e4d845c:192.168.34.50:36087] with ContainerStateMachine:uninitialized
2019-09-10 13:19:06,601 [pool-77-thread-1] INFO  server.RaftServerConfigKeys (ConfUtils.java:logGet(43)) - raft.server.rpc.timeout.min = 1s (custom)
2019-09-10 13:19:06,601 [pool-77-thread-1] INFO  server.RaftServerConfigKeys (ConfUtils.java:logGet(43)) - raft.server.rpc.timeout.max = 1200ms (custom)
2019-09-10 13:19:06,601 [pool-57-thread-1] INFO  impl.RaftServerImpl (RaftServerImpl.java:<init>(95)) - 0f4aa411-f22d-408f-a3ae-026c0e4d845c: new RaftServerImpl for group-447053F58748:[82b87940-075a-4240-9714-83f9b1f11359:192.168.34.50:33168, e5557321-17be-433a-8d96-d7d186384118:192.168.34.50:36666, 0f4aa411-f22d-408f-a3ae-026c0e4d845c:192.168.34.50:36087] with ContainerStateMachine:uninitialized
2019-09-10 13:19:06,601 [pool-77-thread-1] INFO  server.RaftServerConfigKeys (ConfUtils.java:logGet(43)) - raft.server.rpcslowness.timeout = 120s (custom)
2019-09-10 13:19:06,602 [pool-57-thread-1] INFO  server.RaftServerConfigKeys (ConfUtils.java:logGet(43)) - raft.server.rpc.timeout.min = 1s (custom)
2019-09-10 13:19:06,602 [pool-77-thread-1] INFO  server.RaftServerConfigKeys (ConfUtils.java:logGet(43)) - raft.server.sleep.deviation.threshold = 300 (default)
2019-09-10 13:19:06,602 [pool-57-thread-1] INFO  server.RaftServerConfigKeys (ConfUtils.java:logGet(43)) - raft.server.rpc.timeout.max = 1200ms (custom)
2019-09-10 13:19:06,602 [pool-77-thread-1] INFO  server.RaftServerConfigKeys (ConfUtils.java:logGet(43)) - raft.server.log.appender.install.snapshot.enabled = false (custom)
2019-09-10 13:19:06,602 [pool-57-thread-1] INFO  server.RaftServerConfigKeys (ConfUtils.java:logGet(43)) - raft.server.rpcslowness.timeout = 120s (custom)
2019-09-10 13:19:06,602 [pool-77-thread-1] INFO  impl.RaftServerImpl (ServerState.java:<init>(103)) - e5557321-17be-433a-8d96-d7d186384118@group-447053F58748: ConfigurationManager, init=-1: [82b87940-075a-4240-9714-83f9b1f11359:192.168.34.50:33168, e5557321-17be-433a-8d96-d7d186384118:192.168.34.50:36666, 0f4aa411-f22d-408f-a3ae-026c0e4d845c:192.168.34.50:36087], old=null, confs=<EMPTY_MAP>
2019-09-10 13:19:06,602 [pool-57-thread-1] INFO  server.RaftServerConfigKeys (ConfUtils.java:logGet(43)) - raft.server.sleep.deviation.threshold = 300 (default)
2019-09-10 13:19:06,602 [pool-57-thread-1] INFO  server.RaftServerConfigKeys (ConfUtils.java:logGet(43)) - raft.server.log.appender.install.snapshot.enabled = false (custom)
2019-09-10 13:19:06,602 [pool-77-thread-1] INFO  server.RaftServerConfigKeys (ConfUtils.java:logGet(43)) - raft.server.storage.dir = [/workdir/hadoop-ozone/integration-test/target/test-dir/MiniOzoneClusterImpl-bbba21db-ec34-461e-a1c1-b53f0753d0be/datanode-5/data/ratis] (custom)
2019-09-10 13:19:06,603 [pool-57-thread-1] INFO  impl.RaftServerImpl (ServerState.java:<init>(103)) - 0f4aa411-f22d-408f-a3ae-026c0e4d845c@group-447053F58748: ConfigurationManager, init=-1: [82b87940-075a-4240-9714-83f9b1f11359:192.168.34.50:33168, e5557321-17be-433a-8d96-d7d186384118:192.168.34.50:36666, 0f4aa411-f22d-408f-a3ae-026c0e4d845c:192.168.34.50:36087], old=null, confs=<EMPTY_MAP>
2019-09-10 13:19:06,603 [pool-87-thread-1] INFO  impl.RaftServerImpl (RaftServerImpl.java:<init>(95)) - 82b87940-075a-4240-9714-83f9b1f11359: new RaftServerImpl for group-447053F58748:[82b87940-075a-4240-9714-83f9b1f11359:192.168.34.50:33168, e5557321-17be-433a-8d96-d7d186384118:192.168.34.50:36666, 0f4aa411-f22d-408f-a3ae-026c0e4d845c:192.168.34.50:36087] with ContainerStateMachine:uninitialized
2019-09-10 13:19:06,603 [pool-57-thread-1] INFO  server.RaftServerConfigKeys (ConfUtils.java:logGet(43)) - raft.server.storage.dir = [/workdir/hadoop-ozone/integration-test/target/test-dir/MiniOzoneClusterImpl-bbba21db-ec34-461e-a1c1-b53f0753d0be/datanode-3/data/ratis] (custom)
2019-09-10 13:19:06,603 [pool-87-thread-1] INFO  server.RaftServerConfigKeys (ConfUtils.java:logGet(43)) - raft.server.rpc.timeout.min = 1s (custom)
2019-09-10 13:19:06,603 [pool-77-thread-1] INFO  storage.RaftStorageDirectory (RaftStorageDirectory.java:analyzeStorage(246)) - The storage directory /workdir/hadoop-ozone/integration-test/target/test-dir/MiniOzoneClusterImpl-bbba21db-ec34-461e-a1c1-b53f0753d0be/datanode-5/data/ratis/82764ad5-c52e-41ab-bff6-447053f58748 does not exist. Creating ...
2019-09-10 13:19:06,603 [pool-87-thread-1] INFO  server.RaftServerConfigKeys (ConfUtils.java:logGet(43)) - raft.server.rpc.timeout.max = 1200ms (custom)
2019-09-10 13:19:06,603 [pool-57-thread-1] INFO  storage.RaftStorageDirectory (RaftStorageDirectory.java:analyzeStorage(246)) - The storage directory /workdir/hadoop-ozone/integration-test/target/test-dir/MiniOzoneClusterImpl-bbba21db-ec34-461e-a1c1-b53f0753d0be/datanode-3/data/ratis/82764ad5-c52e-41ab-bff6-447053f58748 does not exist. Creating ...
2019-09-10 13:19:06,603 [pool-87-thread-1] INFO  server.RaftServerConfigKeys (ConfUtils.java:logGet(43)) - raft.server.rpcslowness.timeout = 120s (custom)
2019-09-10 13:19:06,604 [pool-87-thread-1] INFO  server.RaftServerConfigKeys (ConfUtils.java:logGet(43)) - raft.server.sleep.deviation.threshold = 300 (default)
2019-09-10 13:19:06,604 [pool-87-thread-1] INFO  server.RaftServerConfigKeys (ConfUtils.java:logGet(43)) - raft.server.log.appender.install.snapshot.enabled = false (custom)
2019-09-10 13:19:06,604 [pool-87-thread-1] INFO  impl.RaftServerImpl (ServerState.java:<init>(103)) - 82b87940-075a-4240-9714-83f9b1f11359@group-447053F58748: ConfigurationManager, init=-1: [82b87940-075a-4240-9714-83f9b1f11359:192.168.34.50:33168, e5557321-17be-433a-8d96-d7d186384118:192.168.34.50:36666, 0f4aa411-f22d-408f-a3ae-026c0e4d845c:192.168.34.50:36087], old=null, confs=<EMPTY_MAP>
2019-09-10 13:19:06,604 [pool-87-thread-1] INFO  server.RaftServerConfigKeys (ConfUtils.java:logGet(43)) - raft.server.storage.dir = [/workdir/hadoop-ozone/integration-test/target/test-dir/MiniOzoneClusterImpl-bbba21db-ec34-461e-a1c1-b53f0753d0be/datanode-6/data/ratis] (custom)
2019-09-10 13:19:06,605 [pool-87-thread-1] INFO  storage.RaftStorageDirectory (RaftStorageDirectory.java:analyzeStorage(246)) - The storage directory /workdir/hadoop-ozone/integration-test/target/test-dir/MiniOzoneClusterImpl-bbba21db-ec34-461e-a1c1-b53f0753d0be/datanode-6/data/ratis/82764ad5-c52e-41ab-bff6-447053f58748 does not exist. Creating ...
2019-09-10 13:19:06,610 [pool-57-thread-1] INFO  storage.RaftStorageDirectory (RaftStorageDirectory.java:tryLock(328)) - Lock on /workdir/hadoop-ozone/integration-test/target/test-dir/MiniOzoneClusterImpl-bbba21db-ec34-461e-a1c1-b53f0753d0be/datanode-3/data/ratis/82764ad5-c52e-41ab-bff6-447053f58748/in_use.lock acquired by nodename 11455@pr-hdds-1879-pp2l2-2511026898
2019-09-10 13:19:06,610 [pool-77-thread-1] INFO  storage.RaftStorageDirectory (RaftStorageDirectory.java:tryLock(328)) - Lock on /workdir/hadoop-ozone/integration-test/target/test-dir/MiniOzoneClusterImpl-bbba21db-ec34-461e-a1c1-b53f0753d0be/datanode-5/data/ratis/82764ad5-c52e-41ab-bff6-447053f58748/in_use.lock acquired by nodename 11455@pr-hdds-1879-pp2l2-2511026898
2019-09-10 13:19:06,610 [05e9b83b-b6ec-4168-9e18-fac302cf5421@group-C110F6027FBD:LeaderElection4] INFO  impl.LeaderElection (LeaderElection.java:askForVotes(182)) - 05e9b83b-b6ec-4168-9e18-fac302cf5421@group-C110F6027FBD:LeaderElection4: begin an election at term 1 for -1: [05e9b83b-b6ec-4168-9e18-fac302cf5421:192.168.34.50:39992], old=null
2019-09-10 13:19:06,610 [pool-87-thread-1] INFO  storage.RaftStorageDirectory (RaftStorageDirectory.java:tryLock(328)) - Lock on /workdir/hadoop-ozone/integration-test/target/test-dir/MiniOzoneClusterImpl-bbba21db-ec34-461e-a1c1-b53f0753d0be/datanode-6/data/ratis/82764ad5-c52e-41ab-bff6-447053f58748/in_use.lock acquired by nodename 11455@pr-hdds-1879-pp2l2-2511026898
2019-09-10 13:19:06,611 [05e9b83b-b6ec-4168-9e18-fac302cf5421@group-C110F6027FBD:LeaderElection4] INFO  impl.RoleInfo (RoleInfo.java:shutdownLeaderElection(134)) - 05e9b83b-b6ec-4168-9e18-fac302cf5421: shutdown LeaderElection
2019-09-10 13:19:06,611 [05e9b83b-b6ec-4168-9e18-fac302cf5421@group-C110F6027FBD:LeaderElection4] INFO  impl.RaftServerImpl (RaftServerImpl.java:setRole(174)) - 05e9b83b-b6ec-4168-9e18-fac302cf5421@group-C110F6027FBD: changes role from CANDIDATE to LEADER at term 1 for changeToLeader
2019-09-10 13:19:06,611 [05e9b83b-b6ec-4168-9e18-fac302cf5421@group-C110F6027FBD:LeaderElection4] INFO  impl.RaftServerImpl (ServerState.java:setLeader(253)) - 05e9b83b-b6ec-4168-9e18-fac302cf5421@group-C110F6027FBD: change Leader from null to 05e9b83b-b6ec-4168-9e18-fac302cf5421 at term 1 for becomeLeader, leader elected after 1137ms
2019-09-10 13:19:06,611 [05e9b83b-b6ec-4168-9e18-fac302cf5421@group-C110F6027FBD:LeaderElection4] INFO  server.RaftServerConfigKeys (ConfUtils.java:logGet(43)) - raft.server.staging.catchup.gap = 1000 (default)
2019-09-10 13:19:06,611 [05e9b83b-b6ec-4168-9e18-fac302cf5421@group-C110F6027FBD:LeaderElection4] INFO  server.RaftServerConfigKeys (ConfUtils.java:logGet(43)) - raft.server.rpc.sleep.time = 25ms (default)
2019-09-10 13:19:06,612 [05e9b83b-b6ec-4168-9e18-fac302cf5421@group-C110F6027FBD:LeaderElection4] INFO  server.RaftServerConfigKeys (ConfUtils.java:logGet(43)) - raft.server.write.element-limit = 4096 (default)
2019-09-10 13:19:06,612 [05e9b83b-b6ec-4168-9e18-fac302cf5421@group-C110F6027FBD:LeaderElection4] INFO  server.RaftServerConfigKeys (ConfUtils.java:logGet(43)) - raft.server.watch.timeout = 10s (default)
2019-09-10 13:19:06,612 [05e9b83b-b6ec-4168-9e18-fac302cf5421@group-C110F6027FBD:LeaderElection4] INFO  server.RaftServerConfigKeys (ConfUtils.java:logGet(43)) - raft.server.watch.timeout.denomination = 1s (default)
2019-09-10 13:19:06,612 [05e9b83b-b6ec-4168-9e18-fac302cf5421@group-C110F6027FBD:LeaderElection4] INFO  server.RaftServerConfigKeys (ConfUtils.java:logGet(43)) - raft.server.watch.element-limit = 65536 (default)
2019-09-10 13:19:06,614 [05e9b83b-b6ec-4168-9e18-fac302cf5421@group-C110F6027FBD:LeaderElection4] INFO  impl.RoleInfo (RoleInfo.java:updateAndGet(143)) - 05e9b83b-b6ec-4168-9e18-fac302cf5421: start LeaderState
2019-09-10 13:19:06,614 [05e9b83b-b6ec-4168-9e18-fac302cf5421@group-C110F6027FBD:LeaderElection4] INFO  segmented.SegmentedRaftLogWorker (SegmentedRaftLogWorker.java:startLogSegment(380)) - 05e9b83b-b6ec-4168-9e18-fac302cf5421@group-C110F6027FBD-SegmentedRaftLogWorker: Starting segment from index:0
2019-09-10 13:19:06,614 [05e9b83b-b6ec-4168-9e18-fac302cf5421@group-C110F6027FBD:LeaderElection4] INFO  impl.RaftServerImpl (ServerState.java:setRaftConf(354)) - 05e9b83b-b6ec-4168-9e18-fac302cf5421@group-C110F6027FBD: set configuration 0: [05e9b83b-b6ec-4168-9e18-fac302cf5421:192.168.34.50:39992], old=null at 0
2019-09-10 13:19:06,646 [pool-87-thread-1] INFO  storage.RaftStorage (RaftStorage.java:format(72)) - Storage directory /workdir/hadoop-ozone/integration-test/target/test-dir/MiniOzoneClusterImpl-bbba21db-ec34-461e-a1c1-b53f0753d0be/datanode-6/data/ratis/82764ad5-c52e-41ab-bff6-447053f58748 has been successfully formatted.
2019-09-10 13:19:06,647 [Thread-297] INFO  impl.FollowerState (FollowerState.java:run(106)) - fa25b701-8575-4c87-a8ca-f6672565109a:group-F60B88CEFD68 changes to CANDIDATE, lastRpcTime:1067, electionTimeout:1041ms
2019-09-10 13:19:06,646 [pool-77-thread-1] INFO  storage.RaftStorage (RaftStorage.java:format(72)) - Storage directory /workdir/hadoop-ozone/integration-test/target/test-dir/MiniOzoneClusterImpl-bbba21db-ec34-461e-a1c1-b53f0753d0be/datanode-5/data/ratis/82764ad5-c52e-41ab-bff6-447053f58748 has been successfully formatted.
2019-09-10 13:19:06,646 [pool-57-thread-1] INFO  storage.RaftStorage (RaftStorage.java:format(72)) - Storage directory /workdir/hadoop-ozone/integration-test/target/test-dir/MiniOzoneClusterImpl-bbba21db-ec34-461e-a1c1-b53f0753d0be/datanode-3/data/ratis/82764ad5-c52e-41ab-bff6-447053f58748 has been successfully formatted.
2019-09-10 13:19:06,659 [Thread-297] INFO  impl.RoleInfo (RoleInfo.java:shutdownFollowerState(121)) - fa25b701-8575-4c87-a8ca-f6672565109a: shutdown FollowerState
2019-09-10 13:19:06,659 [pool-87-thread-1] INFO  ratis.ContainerStateMachine (ContainerStateMachine.java:loadSnapshot(230)) - group-447053F58748: The snapshot info is null. Setting the last applied indexto:(t:0, i:~)
2019-09-10 13:19:06,659 [Thread-297] INFO  impl.RaftServerImpl (RaftServerImpl.java:setRole(174)) - fa25b701-8575-4c87-a8ca-f6672565109a@group-F60B88CEFD68: changes role from  FOLLOWER to CANDIDATE at term 0 for changeToCandidate
2019-09-10 13:19:06,659 [pool-87-thread-1] INFO  server.RaftServerConfigKeys (ConfUtils.java:logGet(43)) - raft.server.notification.no-leader.timeout = 120s (custom)
2019-09-10 13:19:06,659 [pool-87-thread-1] INFO  server.RaftServerConfigKeys (ConfUtils.java:logGet(43)) - raft.server.log.use.memory = false (default)
2019-09-10 13:19:06,659 [pool-57-thread-1] INFO  ratis.ContainerStateMachine (ContainerStateMachine.java:loadSnapshot(230)) - group-447053F58748: The snapshot info is null. Setting the last applied indexto:(t:0, i:~)
2019-09-10 13:19:06,659 [Thread-297] INFO  impl.RoleInfo (RoleInfo.java:updateAndGet(143)) - fa25b701-8575-4c87-a8ca-f6672565109a: start LeaderElection
2019-09-10 13:19:06,659 [pool-57-thread-1] INFO  server.RaftServerConfigKeys (ConfUtils.java:logGet(43)) - raft.server.notification.no-leader.timeout = 120s (custom)
2019-09-10 13:19:06,659 [pool-87-thread-1] INFO  server.RaftServerConfigKeys (ConfUtils.java:logGet(43)) - raft.server.log.purge.gap = 1000000 (custom)
2019-09-10 13:19:06,659 [pool-77-thread-1] INFO  ratis.ContainerStateMachine (ContainerStateMachine.java:loadSnapshot(230)) - group-447053F58748: The snapshot info is null. Setting the last applied indexto:(t:0, i:~)
2019-09-10 13:19:06,660 [pool-87-thread-1] INFO  server.RaftServerConfigKeys (ConfUtils.java:logGet(43)) - raft.server.log.appender.buffer.byte-limit = 33554432 (custom)
2019-09-10 13:19:06,660 [pool-57-thread-1] INFO  server.RaftServerConfigKeys (ConfUtils.java:logGet(43)) - raft.server.log.use.memory = false (default)
2019-09-10 13:19:06,665 [pool-87-thread-1] INFO  server.RaftServerConfigKeys (ConfUtils.java:logGet(43)) - raft.server.log.segment.size.max = 1048576 (custom)
2019-09-10 13:19:06,665 [pool-77-thread-1] INFO  server.RaftServerConfigKeys (ConfUtils.java:logGet(43)) - raft.server.notification.no-leader.timeout = 120s (custom)
2019-09-10 13:19:06,666 [pool-87-thread-1] INFO  server.RaftServerConfigKeys (ConfUtils.java:logGet(43)) - raft.server.log.segment.cache.num.max = 2 (custom)
2019-09-10 13:19:06,665 [pool-57-thread-1] INFO  server.RaftServerConfigKeys (ConfUtils.java:logGet(43)) - raft.server.log.purge.gap = 1000000 (custom)
2019-09-10 13:19:06,666 [pool-87-thread-1] INFO  segmented.SegmentedRaftLogWorker (SegmentedRaftLogWorker.java:<init>(172)) - new 82b87940-075a-4240-9714-83f9b1f11359@group-447053F58748-SegmentedRaftLogWorker for RaftStorage:Storage Directory /workdir/hadoop-ozone/integration-test/target/test-dir/MiniOzoneClusterImpl-bbba21db-ec34-461e-a1c1-b53f0753d0be/datanode-6/data/ratis/82764ad5-c52e-41ab-bff6-447053f58748
2019-09-10 13:19:06,666 [pool-77-thread-1] INFO  server.RaftServerConfigKeys (ConfUtils.java:logGet(43)) - raft.server.log.use.memory = false (default)
2019-09-10 13:19:06,666 [pool-87-thread-1] INFO  server.RaftServerConfigKeys (ConfUtils.java:logGet(43)) - raft.server.log.queue.byte-limit = 2147483647 (custom)
2019-09-10 13:19:06,666 [pool-57-thread-1] INFO  server.RaftServerConfigKeys (ConfUtils.java:logGet(43)) - raft.server.log.appender.buffer.byte-limit = 33554432 (custom)
2019-09-10 13:19:06,667 [pool-87-thread-1] INFO  server.RaftServerConfigKeys (ConfUtils.java:logGet(43)) - raft.server.log.queue.element-limit = 1024 (custom)
2019-09-10 13:19:06,667 [pool-77-thread-1] INFO  server.RaftServerConfigKeys (ConfUtils.java:logGet(43)) - raft.server.log.purge.gap = 1000000 (custom)
2019-09-10 13:19:06,667 [pool-87-thread-1] INFO  server.RaftServerConfigKeys (ConfUtils.java:logGet(43)) - raft.server.log.segment.size.max = 1048576 (custom)
2019-09-10 13:19:06,667 [pool-57-thread-1] INFO  server.RaftServerConfigKeys (ConfUtils.java:logGet(43)) - raft.server.log.segment.size.max = 1048576 (custom)
2019-09-10 13:19:06,670 [pool-87-thread-1] INFO  server.RaftServerConfigKeys (ConfUtils.java:logGet(43)) - raft.server.log.preallocated.size = 16384 (custom)
2019-09-10 13:19:06,667 [pool-77-thread-1] INFO  server.RaftServerConfigKeys (ConfUtils.java:logGet(43)) - raft.server.log.appender.buffer.byte-limit = 33554432 (custom)
2019-09-10 13:19:06,670 [pool-87-thread-1] INFO  server.RaftServerConfigKeys (ConfUtils.java:logGet(43)) - raft.server.log.write.buffer.size = 33554432 (custom)
2019-09-10 13:19:06,670 [05e9b83b-b6ec-4168-9e18-fac302cf5421@group-C110F6027FBD-SegmentedRaftLogWorker] INFO  segmented.SegmentedRaftLogWorker (SegmentedRaftLogWorker.java:execute(569)) - 05e9b83b-b6ec-4168-9e18-fac302cf5421@group-C110F6027FBD-SegmentedRaftLogWorker: created new log segment /workdir/hadoop-ozone/integration-test/target/test-dir/MiniOzoneClusterImpl-bbba21db-ec34-461e-a1c1-b53f0753d0be/datanode-4/data/ratis/16a20804-d08a-4874-a988-c110f6027fbd/current/log_inprogress_0
2019-09-10 13:19:06,670 [pool-57-thread-1] INFO  server.RaftServerConfigKeys (ConfUtils.java:logGet(43)) - raft.server.log.segment.cache.num.max = 2 (custom)
2019-09-10 13:19:06,671 [pool-87-thread-1] INFO  server.RaftServerConfigKeys (ConfUtils.java:logGet(43)) - raft.server.log.force.sync.num = 128 (default)
2019-09-10 13:19:06,670 [pool-77-thread-1] INFO  server.RaftServerConfigKeys (ConfUtils.java:logGet(43)) - raft.server.log.segment.size.max = 1048576 (custom)
2019-09-10 13:19:06,671 [pool-87-thread-1] INFO  server.RaftServerConfigKeys (ConfUtils.java:logGet(43)) - raft.server.log.statemachine.data.sync = true (default)
2019-09-10 13:19:06,671 [pool-77-thread-1] INFO  server.RaftServerConfigKeys (ConfUtils.java:logGet(43)) - raft.server.log.segment.cache.num.max = 2 (custom)
2019-09-10 13:19:06,671 [pool-57-thread-1] INFO  segmented.SegmentedRaftLogWorker (SegmentedRaftLogWorker.java:<init>(172)) - new 0f4aa411-f22d-408f-a3ae-026c0e4d845c@group-447053F58748-SegmentedRaftLogWorker for RaftStorage:Storage Directory /workdir/hadoop-ozone/integration-test/target/test-dir/MiniOzoneClusterImpl-bbba21db-ec34-461e-a1c1-b53f0753d0be/datanode-3/data/ratis/82764ad5-c52e-41ab-bff6-447053f58748
2019-09-10 13:19:06,672 [pool-77-thread-1] INFO  segmented.SegmentedRaftLogWorker (SegmentedRaftLogWorker.java:<init>(172)) - new e5557321-17be-433a-8d96-d7d186384118@group-447053F58748-SegmentedRaftLogWorker for RaftStorage:Storage Directory /workdir/hadoop-ozone/integration-test/target/test-dir/MiniOzoneClusterImpl-bbba21db-ec34-461e-a1c1-b53f0753d0be/datanode-5/data/ratis/82764ad5-c52e-41ab-bff6-447053f58748
2019-09-10 13:19:06,671 [pool-87-thread-1] INFO  server.RaftServerConfigKeys (ConfUtils.java:logGet(43)) - raft.server.log.statemachine.data.sync.timeout = 10s (default)
2019-09-10 13:19:06,672 [pool-77-thread-1] INFO  server.RaftServerConfigKeys (ConfUtils.java:logGet(43)) - raft.server.log.queue.byte-limit = 2147483647 (custom)
2019-09-10 13:19:06,672 [pool-57-thread-1] INFO  server.RaftServerConfigKeys (ConfUtils.java:logGet(43)) - raft.server.log.queue.byte-limit = 2147483647 (custom)
2019-09-10 13:19:06,672 [pool-77-thread-1] INFO  server.RaftServerConfigKeys (ConfUtils.java:logGet(43)) - raft.server.log.queue.element-limit = 1024 (custom)
2019-09-10 13:19:06,672 [fa25b701-8575-4c87-a8ca-f6672565109a@group-F60B88CEFD68:LeaderElection5] INFO  impl.LeaderElection (LeaderElection.java:askForVotes(182)) - fa25b701-8575-4c87-a8ca-f6672565109a@group-F60B88CEFD68:LeaderElection5: begin an election at term 1 for -1: [fa25b701-8575-4c87-a8ca-f6672565109a:192.168.34.50:36005], old=null
2019-09-10 13:19:06,672 [pool-87-thread-1] INFO  server.RaftServerConfigKeys (ConfUtils.java:logGet(43)) - raft.server.log.statemachine.data.sync.timeout.retry = -1 (default)
2019-09-10 13:19:06,673 [fa25b701-8575-4c87-a8ca-f6672565109a@group-F60B88CEFD68:LeaderElection5] INFO  impl.RoleInfo (RoleInfo.java:shutdownLeaderElection(134)) - fa25b701-8575-4c87-a8ca-f6672565109a: shutdown LeaderElection
2019-09-10 13:19:06,673 [pool-77-thread-1] INFO  server.RaftServerConfigKeys (ConfUtils.java:logGet(43)) - raft.server.log.segment.size.max = 1048576 (custom)
2019-09-10 13:19:06,672 [pool-57-thread-1] INFO  server.RaftServerConfigKeys (ConfUtils.java:logGet(43)) - raft.server.log.queue.element-limit = 1024 (custom)
2019-09-10 13:19:06,673 [pool-77-thread-1] INFO  server.RaftServerConfigKeys (ConfUtils.java:logGet(43)) - raft.server.log.preallocated.size = 16384 (custom)
2019-09-10 13:19:06,673 [fa25b701-8575-4c87-a8ca-f6672565109a@group-F60B88CEFD68:LeaderElection5] INFO  impl.RaftServerImpl (RaftServerImpl.java:setRole(174)) - fa25b701-8575-4c87-a8ca-f6672565109a@group-F60B88CEFD68: changes role from CANDIDATE to LEADER at term 1 for changeToLeader
2019-09-10 13:19:06,674 [fa25b701-8575-4c87-a8ca-f6672565109a@group-F60B88CEFD68:LeaderElection5] INFO  impl.RaftServerImpl (ServerState.java:setLeader(253)) - fa25b701-8575-4c87-a8ca-f6672565109a@group-F60B88CEFD68: change Leader from null to fa25b701-8575-4c87-a8ca-f6672565109a at term 1 for becomeLeader, leader elected after 1105ms
2019-09-10 13:19:06,673 [pool-87-thread-1] INFO  server.RaftServerConfigKeys (ConfUtils.java:logGet(43)) - raft.server.log.statemachine.data.caching.enabled = true (custom)
2019-09-10 13:19:06,674 [fa25b701-8575-4c87-a8ca-f6672565109a@group-F60B88CEFD68:LeaderElection5] INFO  server.RaftServerConfigKeys (ConfUtils.java:logGet(43)) - raft.server.staging.catchup.gap = 1000 (default)
2019-09-10 13:19:06,674 [pool-77-thread-1] INFO  server.RaftServerConfigKeys (ConfUtils.java:logGet(43)) - raft.server.log.write.buffer.size = 33554432 (custom)
2019-09-10 13:19:06,673 [pool-57-thread-1] INFO  server.RaftServerConfigKeys (ConfUtils.java:logGet(43)) - raft.server.log.segment.size.max = 1048576 (custom)
2019-09-10 13:19:06,674 [pool-77-thread-1] INFO  server.RaftServerConfigKeys (ConfUtils.java:logGet(43)) - raft.server.log.force.sync.num = 128 (default)
2019-09-10 13:19:06,674 [pool-87-thread-1] INFO  segmented.SegmentedRaftLogWorker (SegmentedRaftLogWorker.java:lambda$new$0(132)) - 82b87940-075a-4240-9714-83f9b1f11359@group-447053F58748-SegmentedRaftLogWorker: flushIndex: setUnconditionally 0 -> -1
2019-09-10 13:19:06,674 [fa25b701-8575-4c87-a8ca-f6672565109a@group-F60B88CEFD68:LeaderElection5] INFO  server.RaftServerConfigKeys (ConfUtils.java:logGet(43)) - raft.server.rpc.sleep.time = 25ms (default)
2019-09-10 13:19:06,675 [pool-77-thread-1] INFO  server.RaftServerConfigKeys (ConfUtils.java:logGet(43)) - raft.server.log.statemachine.data.sync = true (default)
2019-09-10 13:19:06,675 [pool-57-thread-1] INFO  server.RaftServerConfigKeys (ConfUtils.java:logGet(43)) - raft.server.log.preallocated.size = 16384 (custom)
2019-09-10 13:19:06,675 [pool-77-thread-1] INFO  server.RaftServerConfigKeys (ConfUtils.java:logGet(43)) - raft.server.log.statemachine.data.sync.timeout = 10s (default)
2019-09-10 13:19:06,675 [fa25b701-8575-4c87-a8ca-f6672565109a@group-F60B88CEFD68:LeaderElection5] INFO  server.RaftServerConfigKeys (ConfUtils.java:logGet(43)) - raft.server.write.element-limit = 4096 (default)
2019-09-10 13:19:06,675 [pool-87-thread-1] INFO  server.RaftServerConfigKeys (ConfUtils.java:logGet(43)) - raft.server.snapshot.auto.trigger.enabled = true (custom)
2019-09-10 13:19:06,676 [fa25b701-8575-4c87-a8ca-f6672565109a@group-F60B88CEFD68:LeaderElection5] INFO  server.RaftServerConfigKeys (ConfUtils.java:logGet(43)) - raft.server.watch.timeout = 10s (default)
2019-09-10 13:19:06,676 [pool-77-thread-1] INFO  server.RaftServerConfigKeys (ConfUtils.java:logGet(43)) - raft.server.log.statemachine.data.sync.timeout.retry = -1 (default)
2019-09-10 13:19:06,675 [pool-57-thread-1] INFO  server.RaftServerConfigKeys (ConfUtils.java:logGet(43)) - raft.server.log.write.buffer.size = 33554432 (custom)
2019-09-10 13:19:06,676 [pool-77-thread-1] INFO  server.RaftServerConfigKeys (ConfUtils.java:logGet(43)) - raft.server.log.statemachine.data.caching.enabled = true (custom)
2019-09-10 13:19:06,676 [fa25b701-8575-4c87-a8ca-f6672565109a@group-F60B88CEFD68:LeaderElection5] INFO  server.RaftServerConfigKeys (ConfUtils.java:logGet(43)) - raft.server.watch.timeout.denomination = 1s (default)
2019-09-10 13:19:06,676 [pool-87-thread-1] INFO  server.RaftServerConfigKeys (ConfUtils.java:logGet(43)) - raft.server.snapshot.auto.trigger.threshold = 10000 (custom)
2019-09-10 13:19:06,677 [pool-77-thread-1] INFO  segmented.SegmentedRaftLogWorker (SegmentedRaftLogWorker.java:lambda$new$0(132)) - e5557321-17be-433a-8d96-d7d186384118@group-447053F58748-SegmentedRaftLogWorker: flushIndex: setUnconditionally 0 -> -1
2019-09-10 13:19:06,677 [fa25b701-8575-4c87-a8ca-f6672565109a@group-F60B88CEFD68:LeaderElection5] INFO  server.RaftServerConfigKeys (ConfUtils.java:logGet(43)) - raft.server.watch.element-limit = 65536 (default)
2019-09-10 13:19:06,677 [pool-57-thread-1] INFO  server.RaftServerConfigKeys (ConfUtils.java:logGet(43)) - raft.server.log.force.sync.num = 128 (default)
2019-09-10 13:19:06,678 [pool-77-thread-1] INFO  server.RaftServerConfigKeys (ConfUtils.java:logGet(43)) - raft.server.snapshot.auto.trigger.enabled = true (custom)
2019-09-10 13:19:06,677 [pool-87-thread-1] INFO  server.RaftServerConfigKeys (ConfUtils.java:logGet(43)) - raft.server.snapshot.retention.num.files = -1 (default)
2019-09-10 13:19:06,678 [pool-77-thread-1] INFO  server.RaftServerConfigKeys (ConfUtils.java:logGet(43)) - raft.server.snapshot.auto.trigger.threshold = 10000 (custom)
2019-09-10 13:19:06,678 [pool-57-thread-1] INFO  server.RaftServerConfigKeys (ConfUtils.java:logGet(43)) - raft.server.log.statemachine.data.sync = true (default)
2019-09-10 13:19:06,678 [pool-77-thread-1] INFO  server.RaftServerConfigKeys (ConfUtils.java:logGet(43)) - raft.server.snapshot.retention.num.files = -1 (default)
2019-09-10 13:19:06,678 [pool-87-thread-1] INFO  server.RaftServerConfigKeys (ConfUtils.java:logGet(43)) - raft.server.retrycache.expirytime = 600000ms (custom)
2019-09-10 13:19:06,678 [pool-57-thread-1] INFO  server.RaftServerConfigKeys (ConfUtils.java:logGet(43)) - raft.server.log.statemachine.data.sync.timeout = 10s (default)
2019-09-10 13:19:06,679 [pool-77-thread-1] INFO  server.RaftServerConfigKeys (ConfUtils.java:logGet(43)) - raft.server.retrycache.expirytime = 600000ms (custom)
2019-09-10 13:19:06,679 [pool-57-thread-1] INFO  server.RaftServerConfigKeys (ConfUtils.java:logGet(43)) - raft.server.log.statemachine.data.sync.timeout.retry = -1 (default)
2019-09-10 13:19:06,679 [pool-57-thread-1] INFO  server.RaftServerConfigKeys (ConfUtils.java:logGet(43)) - raft.server.log.statemachine.data.caching.enabled = true (custom)
2019-09-10 13:19:06,680 [pool-57-thread-1] INFO  segmented.SegmentedRaftLogWorker (SegmentedRaftLogWorker.java:lambda$new$0(132)) - 0f4aa411-f22d-408f-a3ae-026c0e4d845c@group-447053F58748-SegmentedRaftLogWorker: flushIndex: setUnconditionally 0 -> -1
2019-09-10 13:19:06,680 [pool-57-thread-1] INFO  server.RaftServerConfigKeys (ConfUtils.java:logGet(43)) - raft.server.snapshot.auto.trigger.enabled = true (custom)
2019-09-10 13:19:06,680 [pool-57-thread-1] INFO  server.RaftServerConfigKeys (ConfUtils.java:logGet(43)) - raft.server.snapshot.auto.trigger.threshold = 10000 (custom)
2019-09-10 13:19:06,680 [pool-57-thread-1] INFO  server.RaftServerConfigKeys (ConfUtils.java:logGet(43)) - raft.server.snapshot.retention.num.files = -1 (default)
2019-09-10 13:19:06,680 [pool-57-thread-1] INFO  server.RaftServerConfigKeys (ConfUtils.java:logGet(43)) - raft.server.retrycache.expirytime = 600000ms (custom)
2019-09-10 13:19:06,684 [fa25b701-8575-4c87-a8ca-f6672565109a@group-F60B88CEFD68:LeaderElection5] INFO  impl.RoleInfo (RoleInfo.java:updateAndGet(143)) - fa25b701-8575-4c87-a8ca-f6672565109a: start LeaderState
2019-09-10 13:19:06,685 [fa25b701-8575-4c87-a8ca-f6672565109a@group-F60B88CEFD68:LeaderElection5] INFO  segmented.SegmentedRaftLogWorker (SegmentedRaftLogWorker.java:startLogSegment(380)) - fa25b701-8575-4c87-a8ca-f6672565109a@group-F60B88CEFD68-SegmentedRaftLogWorker: Starting segment from index:0
2019-09-10 13:19:06,685 [fa25b701-8575-4c87-a8ca-f6672565109a@group-F60B88CEFD68:LeaderElection5] INFO  impl.RaftServerImpl (ServerState.java:setRaftConf(354)) - fa25b701-8575-4c87-a8ca-f6672565109a@group-F60B88CEFD68: set configuration 0: [fa25b701-8575-4c87-a8ca-f6672565109a:192.168.34.50:36005], old=null at 0
2019-09-10 13:19:06,721 [pool-87-thread-1] INFO  impl.RaftServerImpl (RaftServerImpl.java:start(185)) - 82b87940-075a-4240-9714-83f9b1f11359@group-447053F58748: start as a follower, conf=-1: [82b87940-075a-4240-9714-83f9b1f11359:192.168.34.50:33168, e5557321-17be-433a-8d96-d7d186384118:192.168.34.50:36666, 0f4aa411-f22d-408f-a3ae-026c0e4d845c:192.168.34.50:36087], old=null
2019-09-10 13:19:06,722 [pool-87-thread-1] INFO  impl.RaftServerImpl (RaftServerImpl.java:setRole(174)) - 82b87940-075a-4240-9714-83f9b1f11359@group-447053F58748: changes role from      null to FOLLOWER at term 0 for startAsFollower
2019-09-10 13:19:06,722 [pool-77-thread-1] INFO  impl.RaftServerImpl (RaftServerImpl.java:start(185)) - e5557321-17be-433a-8d96-d7d186384118@group-447053F58748: start as a follower, conf=-1: [82b87940-075a-4240-9714-83f9b1f11359:192.168.34.50:33168, e5557321-17be-433a-8d96-d7d186384118:192.168.34.50:36666, 0f4aa411-f22d-408f-a3ae-026c0e4d845c:192.168.34.50:36087], old=null
2019-09-10 13:19:06,722 [pool-57-thread-1] INFO  impl.RaftServerImpl (RaftServerImpl.java:start(185)) - 0f4aa411-f22d-408f-a3ae-026c0e4d845c@group-447053F58748: start as a follower, conf=-1: [82b87940-075a-4240-9714-83f9b1f11359:192.168.34.50:33168, e5557321-17be-433a-8d96-d7d186384118:192.168.34.50:36666, 0f4aa411-f22d-408f-a3ae-026c0e4d845c:192.168.34.50:36087], old=null
2019-09-10 13:19:06,722 [pool-87-thread-1] INFO  impl.RoleInfo (RoleInfo.java:updateAndGet(143)) - 82b87940-075a-4240-9714-83f9b1f11359: start FollowerState
2019-09-10 13:19:06,722 [pool-77-thread-1] INFO  impl.RaftServerImpl (RaftServerImpl.java:setRole(174)) - e5557321-17be-433a-8d96-d7d186384118@group-447053F58748: changes role from      null to FOLLOWER at term 0 for startAsFollower
2019-09-10 13:19:06,722 [pool-57-thread-1] INFO  impl.RaftServerImpl (RaftServerImpl.java:setRole(174)) - 0f4aa411-f22d-408f-a3ae-026c0e4d845c@group-447053F58748: changes role from      null to FOLLOWER at term 0 for startAsFollower
2019-09-10 13:19:06,722 [pool-77-thread-1] INFO  impl.RoleInfo (RoleInfo.java:updateAndGet(143)) - e5557321-17be-433a-8d96-d7d186384118: start FollowerState
2019-09-10 13:19:06,722 [pool-57-thread-1] INFO  impl.RoleInfo (RoleInfo.java:updateAndGet(143)) - 0f4aa411-f22d-408f-a3ae-026c0e4d845c: start FollowerState
2019-09-10 13:19:06,723 [pool-87-thread-1] INFO  util.JmxRegister (JmxRegister.java:tryRegister(44)) - Successfully registered JMX Bean with object name Ratis:service=RaftServer,group=group-447053F58748,id=82b87940-075a-4240-9714-83f9b1f11359
2019-09-10 13:19:06,723 [pool-77-thread-1] INFO  util.JmxRegister (JmxRegister.java:tryRegister(44)) - Successfully registered JMX Bean with object name Ratis:service=RaftServer,group=group-447053F58748,id=e5557321-17be-433a-8d96-d7d186384118
2019-09-10 13:19:06,723 [pool-57-thread-1] INFO  util.JmxRegister (JmxRegister.java:tryRegister(44)) - Successfully registered JMX Bean with object name Ratis:service=RaftServer,group=group-447053F58748,id=0f4aa411-f22d-408f-a3ae-026c0e4d845c
2019-09-10 13:19:06,734 [fa25b701-8575-4c87-a8ca-f6672565109a@group-F60B88CEFD68-SegmentedRaftLogWorker] INFO  segmented.SegmentedRaftLogWorker (SegmentedRaftLogWorker.java:execute(569)) - fa25b701-8575-4c87-a8ca-f6672565109a@group-F60B88CEFD68-SegmentedRaftLogWorker: created new log segment /workdir/hadoop-ozone/integration-test/target/test-dir/MiniOzoneClusterImpl-bbba21db-ec34-461e-a1c1-b53f0753d0be/datanode-7/data/ratis/871bd605-efb9-4788-a15b-f60b88cefd68/current/log_inprogress_0
2019-09-10 13:19:06,734 [RatisPipelineUtilsThread] INFO  pipeline.PipelineStateManager (PipelineStateManager.java:addPipeline(56)) - Created pipeline Pipeline[ Id: 82764ad5-c52e-41ab-bff6-447053f58748, Nodes: e5557321-17be-433a-8d96-d7d186384118{ip: 192.168.34.50, host: pr-hdds-1879-pp2l2-2511026898, networkLocation: /default-rack, certSerialId: null}82b87940-075a-4240-9714-83f9b1f11359{ip: 192.168.34.50, host: pr-hdds-1879-pp2l2-2511026898, networkLocation: /default-rack, certSerialId: null}0f4aa411-f22d-408f-a3ae-026c0e4d845c{ip: 192.168.34.50, host: pr-hdds-1879-pp2l2-2511026898, networkLocation: /default-rack, certSerialId: null}, Type:RATIS, Factor:THREE, State:OPEN]
2019-09-10 13:19:06,764 [Thread-300] INFO  impl.FollowerState (FollowerState.java:run(106)) - c9bddf00-2197-4e52-a76a-1743bb04b5e3:group-3C88ACFB8710 changes to CANDIDATE, lastRpcTime:1106, electionTimeout:1105ms
2019-09-10 13:19:06,771 [Thread-300] INFO  impl.RoleInfo (RoleInfo.java:shutdownFollowerState(121)) - c9bddf00-2197-4e52-a76a-1743bb04b5e3: shutdown FollowerState
2019-09-10 13:19:06,771 [Thread-300] INFO  impl.RaftServerImpl (RaftServerImpl.java:setRole(174)) - c9bddf00-2197-4e52-a76a-1743bb04b5e3@group-3C88ACFB8710: changes role from  FOLLOWER to CANDIDATE at term 0 for changeToCandidate
2019-09-10 13:19:06,772 [Thread-300] INFO  impl.RoleInfo (RoleInfo.java:updateAndGet(143)) - c9bddf00-2197-4e52-a76a-1743bb04b5e3: start LeaderElection
2019-09-10 13:19:06,785 [main] INFO  rpc.RpcClient (RpcClient.java:createVolume(298)) - Creating Volume: datanodefailurehandlingtest, with jenkins1000 as owner.
2019-09-10 13:19:06,790 [c9bddf00-2197-4e52-a76a-1743bb04b5e3@group-3C88ACFB8710:LeaderElection6] INFO  impl.LeaderElection (LeaderElection.java:askForVotes(182)) - c9bddf00-2197-4e52-a76a-1743bb04b5e3@group-3C88ACFB8710:LeaderElection6: begin an election at term 1 for -1: [c9bddf00-2197-4e52-a76a-1743bb04b5e3:192.168.34.50:40372], old=null
2019-09-10 13:19:06,790 [c9bddf00-2197-4e52-a76a-1743bb04b5e3@group-3C88ACFB8710:LeaderElection6] INFO  impl.RoleInfo (RoleInfo.java:shutdownLeaderElection(134)) - c9bddf00-2197-4e52-a76a-1743bb04b5e3: shutdown LeaderElection
2019-09-10 13:19:06,790 [c9bddf00-2197-4e52-a76a-1743bb04b5e3@group-3C88ACFB8710:LeaderElection6] INFO  impl.RaftServerImpl (RaftServerImpl.java:setRole(174)) - c9bddf00-2197-4e52-a76a-1743bb04b5e3@group-3C88ACFB8710: changes role from CANDIDATE to LEADER at term 1 for changeToLeader
2019-09-10 13:19:06,790 [c9bddf00-2197-4e52-a76a-1743bb04b5e3@group-3C88ACFB8710:LeaderElection6] INFO  impl.RaftServerImpl (ServerState.java:setLeader(253)) - c9bddf00-2197-4e52-a76a-1743bb04b5e3@group-3C88ACFB8710: change Leader from null to c9bddf00-2197-4e52-a76a-1743bb04b5e3 at term 1 for becomeLeader, leader elected after 1141ms
2019-09-10 13:19:06,791 [c9bddf00-2197-4e52-a76a-1743bb04b5e3@group-3C88ACFB8710:LeaderElection6] INFO  server.RaftServerConfigKeys (ConfUtils.java:logGet(43)) - raft.server.staging.catchup.gap = 1000 (default)
2019-09-10 13:19:06,791 [c9bddf00-2197-4e52-a76a-1743bb04b5e3@group-3C88ACFB8710:LeaderElection6] INFO  server.RaftServerConfigKeys (ConfUtils.java:logGet(43)) - raft.server.rpc.sleep.time = 25ms (default)
2019-09-10 13:19:06,791 [c9bddf00-2197-4e52-a76a-1743bb04b5e3@group-3C88ACFB8710:LeaderElection6] INFO  server.RaftServerConfigKeys (ConfUtils.java:logGet(43)) - raft.server.write.element-limit = 4096 (default)
2019-09-10 13:19:06,791 [c9bddf00-2197-4e52-a76a-1743bb04b5e3@group-3C88ACFB8710:LeaderElection6] INFO  server.RaftServerConfigKeys (ConfUtils.java:logGet(43)) - raft.server.watch.timeout = 10s (default)
2019-09-10 13:19:06,791 [c9bddf00-2197-4e52-a76a-1743bb04b5e3@group-3C88ACFB8710:LeaderElection6] INFO  server.RaftServerConfigKeys (ConfUtils.java:logGet(43)) - raft.server.watch.timeout.denomination = 1s (default)
2019-09-10 13:19:06,791 [c9bddf00-2197-4e52-a76a-1743bb04b5e3@group-3C88ACFB8710:LeaderElection6] INFO  server.RaftServerConfigKeys (ConfUtils.java:logGet(43)) - raft.server.watch.element-limit = 65536 (default)
2019-09-10 13:19:06,794 [c9bddf00-2197-4e52-a76a-1743bb04b5e3@group-3C88ACFB8710:LeaderElection6] INFO  impl.RoleInfo (RoleInfo.java:updateAndGet(143)) - c9bddf00-2197-4e52-a76a-1743bb04b5e3: start LeaderState
2019-09-10 13:19:06,795 [c9bddf00-2197-4e52-a76a-1743bb04b5e3@group-3C88ACFB8710:LeaderElection6] INFO  segmented.SegmentedRaftLogWorker (SegmentedRaftLogWorker.java:startLogSegment(380)) - c9bddf00-2197-4e52-a76a-1743bb04b5e3@group-3C88ACFB8710-SegmentedRaftLogWorker: Starting segment from index:0
2019-09-10 13:19:06,795 [c9bddf00-2197-4e52-a76a-1743bb04b5e3@group-3C88ACFB8710:LeaderElection6] INFO  impl.RaftServerImpl (ServerState.java:setRaftConf(354)) - c9bddf00-2197-4e52-a76a-1743bb04b5e3@group-3C88ACFB8710: set configuration 0: [c9bddf00-2197-4e52-a76a-1743bb04b5e3:192.168.34.50:40372], old=null at 0
2019-09-10 13:19:06,852 [c9bddf00-2197-4e52-a76a-1743bb04b5e3@group-3C88ACFB8710-SegmentedRaftLogWorker] INFO  segmented.SegmentedRaftLogWorker (SegmentedRaftLogWorker.java:execute(569)) - c9bddf00-2197-4e52-a76a-1743bb04b5e3@group-3C88ACFB8710-SegmentedRaftLogWorker: created new log segment /workdir/hadoop-ozone/integration-test/target/test-dir/MiniOzoneClusterImpl-bbba21db-ec34-461e-a1c1-b53f0753d0be/datanode-9/data/ratis/a4b796f0-354b-44af-b555-3c88acfb8710/current/log_inprogress_0
2019-09-10 13:19:07,256 [Thread-303] INFO  impl.FollowerState (FollowerState.java:run(106)) - e5557321-17be-433a-8d96-d7d186384118:group-915D053A7BBF changes to CANDIDATE, lastRpcTime:1383, electionTimeout:1196ms
2019-09-10 13:19:07,257 [Thread-306] INFO  impl.FollowerState (FollowerState.java:run(106)) - 82b87940-075a-4240-9714-83f9b1f11359:group-6DA54C881122 changes to CANDIDATE, lastRpcTime:1301, electionTimeout:1069ms
2019-09-10 13:19:07,260 [Thread-311] INFO  impl.FollowerState (FollowerState.java:run(106)) - 0f4aa411-f22d-408f-a3ae-026c0e4d845c:group-27B6EA3D8BBD changes to CANDIDATE, lastRpcTime:1197, electionTimeout:1120ms
2019-09-10 13:19:07,260 [Thread-314] INFO  impl.FollowerState (FollowerState.java:run(106)) - 0e7366ec-fcf4-49d3-a5f0-1fd138ea9cde:group-F913E3BF0737 changes to CANDIDATE, lastRpcTime:1071, electionTimeout:1055ms
2019-09-10 13:19:07,260 [Thread-311] INFO  impl.RoleInfo (RoleInfo.java:shutdownFollowerState(121)) - 0f4aa411-f22d-408f-a3ae-026c0e4d845c: shutdown FollowerState
2019-09-10 13:19:07,261 [Thread-314] INFO  impl.RoleInfo (RoleInfo.java:shutdownFollowerState(121)) - 0e7366ec-fcf4-49d3-a5f0-1fd138ea9cde: shutdown FollowerState
2019-09-10 13:19:07,261 [Thread-303] INFO  impl.RoleInfo (RoleInfo.java:shutdownFollowerState(121)) - e5557321-17be-433a-8d96-d7d186384118: shutdown FollowerState
2019-09-10 13:19:07,261 [Thread-306] INFO  impl.RoleInfo (RoleInfo.java:shutdownFollowerState(121)) - 82b87940-075a-4240-9714-83f9b1f11359: shutdown FollowerState
2019-09-10 13:19:07,265 [Thread-303] INFO  impl.RaftServerImpl (RaftServerImpl.java:setRole(174)) - e5557321-17be-433a-8d96-d7d186384118@group-915D053A7BBF: changes role from  FOLLOWER to CANDIDATE at term 0 for changeToCandidate
2019-09-10 13:19:07,265 [Thread-311] INFO  impl.RaftServerImpl (RaftServerImpl.java:setRole(174)) - 0f4aa411-f22d-408f-a3ae-026c0e4d845c@group-27B6EA3D8BBD: changes role from  FOLLOWER to CANDIDATE at term 0 for changeToCandidate
2019-09-10 13:19:07,265 [Thread-314] INFO  impl.RaftServerImpl (RaftServerImpl.java:setRole(174)) - 0e7366ec-fcf4-49d3-a5f0-1fd138ea9cde@group-F913E3BF0737: changes role from  FOLLOWER to CANDIDATE at term 0 for changeToCandidate
2019-09-10 13:19:07,265 [Thread-306] INFO  impl.RaftServerImpl (RaftServerImpl.java:setRole(174)) - 82b87940-075a-4240-9714-83f9b1f11359@group-6DA54C881122: changes role from  FOLLOWER to CANDIDATE at term 0 for changeToCandidate
2019-09-10 13:19:07,268 [Thread-311] INFO  impl.RoleInfo (RoleInfo.java:updateAndGet(143)) - 0f4aa411-f22d-408f-a3ae-026c0e4d845c: start LeaderElection
2019-09-10 13:19:07,268 [Thread-314] INFO  impl.RoleInfo (RoleInfo.java:updateAndGet(143)) - 0e7366ec-fcf4-49d3-a5f0-1fd138ea9cde: start LeaderElection
2019-09-10 13:19:07,268 [Thread-303] INFO  impl.RoleInfo (RoleInfo.java:updateAndGet(143)) - e5557321-17be-433a-8d96-d7d186384118: start LeaderElection
2019-09-10 13:19:07,268 [Thread-306] INFO  impl.RoleInfo (RoleInfo.java:updateAndGet(143)) - 82b87940-075a-4240-9714-83f9b1f11359: start LeaderElection
2019-09-10 13:19:07,317 [Thread-321] INFO  impl.FollowerState (FollowerState.java:run(106)) - 598fdd25-f3b3-418d-bbd3-bcbfa35279b9:group-5DD09A43E0EE changes to CANDIDATE, lastRpcTime:1008, electionTimeout:1007ms
2019-09-10 13:19:07,317 [Thread-321] INFO  impl.RoleInfo (RoleInfo.java:shutdownFollowerState(121)) - 598fdd25-f3b3-418d-bbd3-bcbfa35279b9: shutdown FollowerState
2019-09-10 13:19:07,318 [Thread-321] INFO  impl.RaftServerImpl (RaftServerImpl.java:setRole(174)) - 598fdd25-f3b3-418d-bbd3-bcbfa35279b9@group-5DD09A43E0EE: changes role from  FOLLOWER to CANDIDATE at term 0 for changeToCandidate
2019-09-10 13:19:07,318 [Thread-321] INFO  impl.RoleInfo (RoleInfo.java:updateAndGet(143)) - 598fdd25-f3b3-418d-bbd3-bcbfa35279b9: start LeaderElection
2019-09-10 13:19:07,318 [Thread-283] INFO  container.ReplicationManager (ReplicationManager.java:start(162)) - Starting Replication Monitor Thread.
2019-09-10 13:19:07,326 [ReplicationMonitor] INFO  container.ReplicationManager (ReplicationManager.java:run(225)) - Replication Monitor Thread took 0 milliseconds for processing 0 containers.
2019-09-10 13:19:07,327 [e5557321-17be-433a-8d96-d7d186384118@group-915D053A7BBF:LeaderElection7] INFO  impl.LeaderElection (LeaderElection.java:askForVotes(182)) - e5557321-17be-433a-8d96-d7d186384118@group-915D053A7BBF:LeaderElection7: begin an election at term 1 for -1: [e5557321-17be-433a-8d96-d7d186384118:192.168.34.50:36666], old=null
2019-09-10 13:19:07,327 [0e7366ec-fcf4-49d3-a5f0-1fd138ea9cde@group-F913E3BF0737:LeaderElection9] INFO  impl.LeaderElection (LeaderElection.java:askForVotes(182)) - 0e7366ec-fcf4-49d3-a5f0-1fd138ea9cde@group-F913E3BF0737:LeaderElection9: begin an election at term 1 for -1: [0e7366ec-fcf4-49d3-a5f0-1fd138ea9cde:192.168.34.50:39667], old=null
2019-09-10 13:19:07,327 [e5557321-17be-433a-8d96-d7d186384118@group-915D053A7BBF:LeaderElection7] INFO  impl.RoleInfo (RoleInfo.java:shutdownLeaderElection(134)) - e5557321-17be-433a-8d96-d7d186384118: shutdown LeaderElection
2019-09-10 13:19:07,327 [0e7366ec-fcf4-49d3-a5f0-1fd138ea9cde@group-F913E3BF0737:LeaderElection9] INFO  impl.RoleInfo (RoleInfo.java:shutdownLeaderElection(134)) - 0e7366ec-fcf4-49d3-a5f0-1fd138ea9cde: shutdown LeaderElection
2019-09-10 13:19:07,327 [82b87940-075a-4240-9714-83f9b1f11359@group-6DA54C881122:LeaderElection10] INFO  impl.LeaderElection (LeaderElection.java:askForVotes(182)) - 82b87940-075a-4240-9714-83f9b1f11359@group-6DA54C881122:LeaderElection10: begin an election at term 1 for -1: [82b87940-075a-4240-9714-83f9b1f11359:192.168.34.50:33168], old=null
2019-09-10 13:19:07,327 [0f4aa411-f22d-408f-a3ae-026c0e4d845c@group-27B6EA3D8BBD:LeaderElection8] INFO  impl.LeaderElection (LeaderElection.java:askForVotes(182)) - 0f4aa411-f22d-408f-a3ae-026c0e4d845c@group-27B6EA3D8BBD:LeaderElection8: begin an election at term 1 for -1: [0f4aa411-f22d-408f-a3ae-026c0e4d845c:192.168.34.50:36087], old=null
2019-09-10 13:19:07,327 [82b87940-075a-4240-9714-83f9b1f11359@group-6DA54C881122:LeaderElection10] INFO  impl.RoleInfo (RoleInfo.java:shutdownLeaderElection(134)) - 82b87940-075a-4240-9714-83f9b1f11359: shutdown LeaderElection
2019-09-10 13:19:07,327 [0e7366ec-fcf4-49d3-a5f0-1fd138ea9cde@group-F913E3BF0737:LeaderElection9] INFO  impl.RaftServerImpl (RaftServerImpl.java:setRole(174)) - 0e7366ec-fcf4-49d3-a5f0-1fd138ea9cde@group-F913E3BF0737: changes role from CANDIDATE to LEADER at term 1 for changeToLeader
2019-09-10 13:19:07,327 [e5557321-17be-433a-8d96-d7d186384118@group-915D053A7BBF:LeaderElection7] INFO  impl.RaftServerImpl (RaftServerImpl.java:setRole(174)) - e5557321-17be-433a-8d96-d7d186384118@group-915D053A7BBF: changes role from CANDIDATE to LEADER at term 1 for changeToLeader
2019-09-10 13:19:07,328 [0e7366ec-fcf4-49d3-a5f0-1fd138ea9cde@group-F913E3BF0737:LeaderElection9] INFO  impl.RaftServerImpl (ServerState.java:setLeader(253)) - 0e7366ec-fcf4-49d3-a5f0-1fd138ea9cde@group-F913E3BF0737: change Leader from null to 0e7366ec-fcf4-49d3-a5f0-1fd138ea9cde at term 1 for becomeLeader, leader elected after 1183ms
2019-09-10 13:19:07,328 [82b87940-075a-4240-9714-83f9b1f11359@group-6DA54C881122:LeaderElection10] INFO  impl.RaftServerImpl (RaftServerImpl.java:setRole(174)) - 82b87940-075a-4240-9714-83f9b1f11359@group-6DA54C881122: changes role from CANDIDATE to LEADER at term 1 for changeToLeader
2019-09-10 13:19:07,328 [0f4aa411-f22d-408f-a3ae-026c0e4d845c@group-27B6EA3D8BBD:LeaderElection8] INFO  impl.RoleInfo (RoleInfo.java:shutdownLeaderElection(134)) - 0f4aa411-f22d-408f-a3ae-026c0e4d845c: shutdown LeaderElection
2019-09-10 13:19:07,328 [82b87940-075a-4240-9714-83f9b1f11359@group-6DA54C881122:LeaderElection10] INFO  impl.RaftServerImpl (ServerState.java:setLeader(253)) - 82b87940-075a-4240-9714-83f9b1f11359@group-6DA54C881122: change Leader from null to 82b87940-075a-4240-9714-83f9b1f11359 at term 1 for becomeLeader, leader elected after 1382ms
2019-09-10 13:19:07,328 [0e7366ec-fcf4-49d3-a5f0-1fd138ea9cde@group-F913E3BF0737:LeaderElection9] INFO  server.RaftServerConfigKeys (ConfUtils.java:logGet(43)) - raft.server.staging.catchup.gap = 1000 (default)
2019-09-10 13:19:07,328 [e5557321-17be-433a-8d96-d7d186384118@group-915D053A7BBF:LeaderElection7] INFO  impl.RaftServerImpl (ServerState.java:setLeader(253)) - e5557321-17be-433a-8d96-d7d186384118@group-915D053A7BBF: change Leader from null to e5557321-17be-433a-8d96-d7d186384118 at term 1 for becomeLeader, leader elected after 1579ms
2019-09-10 13:19:07,329 [0e7366ec-fcf4-49d3-a5f0-1fd138ea9cde@group-F913E3BF0737:LeaderElection9] INFO  server.RaftServerConfigKeys (ConfUtils.java:logGet(43)) - raft.server.rpc.sleep.time = 25ms (default)
2019-09-10 13:19:07,329 [82b87940-075a-4240-9714-83f9b1f11359@group-6DA54C881122:LeaderElection10] INFO  server.RaftServerConfigKeys (ConfUtils.java:logGet(43)) - raft.server.staging.catchup.gap = 1000 (default)
2019-09-10 13:19:07,329 [0e7366ec-fcf4-49d3-a5f0-1fd138ea9cde@group-F913E3BF0737:LeaderElection9] INFO  server.RaftServerConfigKeys (ConfUtils.java:logGet(43)) - raft.server.write.element-limit = 4096 (default)
2019-09-10 13:19:07,328 [0f4aa411-f22d-408f-a3ae-026c0e4d845c@group-27B6EA3D8BBD:LeaderElection8] INFO  impl.RaftServerImpl (RaftServerImpl.java:setRole(174)) - 0f4aa411-f22d-408f-a3ae-026c0e4d845c@group-27B6EA3D8BBD: changes role from CANDIDATE to LEADER at term 1 for changeToLeader
2019-09-10 13:19:07,329 [0e7366ec-fcf4-49d3-a5f0-1fd138ea9cde@group-F913E3BF0737:LeaderElection9] INFO  server.RaftServerConfigKeys (ConfUtils.java:logGet(43)) - raft.server.watch.timeout = 10s (default)
2019-09-10 13:19:07,329 [82b87940-075a-4240-9714-83f9b1f11359@group-6DA54C881122:LeaderElection10] INFO  server.RaftServerConfigKeys (ConfUtils.java:logGet(43)) - raft.server.rpc.sleep.time = 25ms (default)
2019-09-10 13:19:07,329 [e5557321-17be-433a-8d96-d7d186384118@group-915D053A7BBF:LeaderElection7] INFO  server.RaftServerConfigKeys (ConfUtils.java:logGet(43)) - raft.server.staging.catchup.gap = 1000 (default)
2019-09-10 13:19:07,330 [82b87940-075a-4240-9714-83f9b1f11359@group-6DA54C881122:LeaderElection10] INFO  server.RaftServerConfigKeys (ConfUtils.java:logGet(43)) - raft.server.write.element-limit = 4096 (default)
2019-09-10 13:19:07,330 [e5557321-17be-433a-8d96-d7d186384118@group-915D053A7BBF:LeaderElection7] INFO  server.RaftServerConfigKeys (ConfUtils.java:logGet(43)) - raft.server.rpc.sleep.time = 25ms (default)
2019-09-10 13:19:07,330 [0e7366ec-fcf4-49d3-a5f0-1fd138ea9cde@group-F913E3BF0737:LeaderElection9] INFO  server.RaftServerConfigKeys (ConfUtils.java:logGet(43)) - raft.server.watch.timeout.denomination = 1s (default)
2019-09-10 13:19:07,330 [0f4aa411-f22d-408f-a3ae-026c0e4d845c@group-27B6EA3D8BBD:LeaderElection8] INFO  impl.RaftServerImpl (ServerState.java:setLeader(253)) - 0f4aa411-f22d-408f-a3ae-026c0e4d845c@group-27B6EA3D8BBD: change Leader from null to 0f4aa411-f22d-408f-a3ae-026c0e4d845c at term 1 for becomeLeader, leader elected after 1274ms
2019-09-10 13:19:07,330 [0e7366ec-fcf4-49d3-a5f0-1fd138ea9cde@group-F913E3BF0737:LeaderElection9] INFO  server.RaftServerConfigKeys (ConfUtils.java:logGet(43)) - raft.server.watch.element-limit = 65536 (default)
2019-09-10 13:19:07,330 [e5557321-17be-433a-8d96-d7d186384118@group-915D053A7BBF:LeaderElection7] INFO  server.RaftServerConfigKeys (ConfUtils.java:logGet(43)) - raft.server.write.element-limit = 4096 (default)
2019-09-10 13:19:07,330 [82b87940-075a-4240-9714-83f9b1f11359@group-6DA54C881122:LeaderElection10] INFO  server.RaftServerConfigKeys (ConfUtils.java:logGet(43)) - raft.server.watch.timeout = 10s (default)
2019-09-10 13:19:07,331 [e5557321-17be-433a-8d96-d7d186384118@group-915D053A7BBF:LeaderElection7] INFO  server.RaftServerConfigKeys (ConfUtils.java:logGet(43)) - raft.server.watch.timeout = 10s (default)
2019-09-10 13:19:07,331 [0f4aa411-f22d-408f-a3ae-026c0e4d845c@group-27B6EA3D8BBD:LeaderElection8] INFO  server.RaftServerConfigKeys (ConfUtils.java:logGet(43)) - raft.server.staging.catchup.gap = 1000 (default)
2019-09-10 13:19:07,331 [e5557321-17be-433a-8d96-d7d186384118@group-915D053A7BBF:LeaderElection7] INFO  server.RaftServerConfigKeys (ConfUtils.java:logGet(43)) - raft.server.watch.timeout.denomination = 1s (default)
2019-09-10 13:19:07,331 [82b87940-075a-4240-9714-83f9b1f11359@group-6DA54C881122:LeaderElection10] INFO  server.RaftServerConfigKeys (ConfUtils.java:logGet(43)) - raft.server.watch.timeout.denomination = 1s (default)
2019-09-10 13:19:07,332 [e5557321-17be-433a-8d96-d7d186384118@group-915D053A7BBF:LeaderElection7] INFO  server.RaftServerConfigKeys (ConfUtils.java:logGet(43)) - raft.server.watch.element-limit = 65536 (default)
2019-09-10 13:19:07,331 [0f4aa411-f22d-408f-a3ae-026c0e4d845c@group-27B6EA3D8BBD:LeaderElection8] INFO  server.RaftServerConfigKeys (ConfUtils.java:logGet(43)) - raft.server.rpc.sleep.time = 25ms (default)
2019-09-10 13:19:07,332 [82b87940-075a-4240-9714-83f9b1f11359@group-6DA54C881122:LeaderElection10] INFO  server.RaftServerConfigKeys (ConfUtils.java:logGet(43)) - raft.server.watch.element-limit = 65536 (default)
2019-09-10 13:19:07,332 [0f4aa411-f22d-408f-a3ae-026c0e4d845c@group-27B6EA3D8BBD:LeaderElection8] INFO  server.RaftServerConfigKeys (ConfUtils.java:logGet(43)) - raft.server.write.element-limit = 4096 (default)
2019-09-10 13:19:07,332 [0f4aa411-f22d-408f-a3ae-026c0e4d845c@group-27B6EA3D8BBD:LeaderElection8] INFO  server.RaftServerConfigKeys (ConfUtils.java:logGet(43)) - raft.server.watch.timeout = 10s (default)
2019-09-10 13:19:07,333 [0f4aa411-f22d-408f-a3ae-026c0e4d845c@group-27B6EA3D8BBD:LeaderElection8] INFO  server.RaftServerConfigKeys (ConfUtils.java:logGet(43)) - raft.server.watch.timeout.denomination = 1s (default)
2019-09-10 13:19:07,333 [0f4aa411-f22d-408f-a3ae-026c0e4d845c@group-27B6EA3D8BBD:LeaderElection8] INFO  server.RaftServerConfigKeys (ConfUtils.java:logGet(43)) - raft.server.watch.element-limit = 65536 (default)
2019-09-10 13:19:07,337 [0e7366ec-fcf4-49d3-a5f0-1fd138ea9cde@group-F913E3BF0737:LeaderElection9] INFO  impl.RoleInfo (RoleInfo.java:updateAndGet(143)) - 0e7366ec-fcf4-49d3-a5f0-1fd138ea9cde: start LeaderState
2019-09-10 13:19:07,337 [0e7366ec-fcf4-49d3-a5f0-1fd138ea9cde@group-F913E3BF0737:LeaderElection9] INFO  segmented.SegmentedRaftLogWorker (SegmentedRaftLogWorker.java:startLogSegment(380)) - 0e7366ec-fcf4-49d3-a5f0-1fd138ea9cde@group-F913E3BF0737-SegmentedRaftLogWorker: Starting segment from index:0
2019-09-10 13:19:07,338 [0e7366ec-fcf4-49d3-a5f0-1fd138ea9cde@group-F913E3BF0737:LeaderElection9] INFO  impl.RaftServerImpl (ServerState.java:setRaftConf(354)) - 0e7366ec-fcf4-49d3-a5f0-1fd138ea9cde@group-F913E3BF0737: set configuration 0: [0e7366ec-fcf4-49d3-a5f0-1fd138ea9cde:192.168.34.50:39667], old=null at 0
2019-09-10 13:19:07,340 [e5557321-17be-433a-8d96-d7d186384118@group-915D053A7BBF:LeaderElection7] INFO  impl.RoleInfo (RoleInfo.java:updateAndGet(143)) - e5557321-17be-433a-8d96-d7d186384118: start LeaderState
2019-09-10 13:19:07,341 [e5557321-17be-433a-8d96-d7d186384118@group-915D053A7BBF:LeaderElection7] INFO  segmented.SegmentedRaftLogWorker (SegmentedRaftLogWorker.java:startLogSegment(380)) - e5557321-17be-433a-8d96-d7d186384118@group-915D053A7BBF-SegmentedRaftLogWorker: Starting segment from index:0
2019-09-10 13:19:07,341 [82b87940-075a-4240-9714-83f9b1f11359@group-6DA54C881122:LeaderElection10] INFO  impl.RoleInfo (RoleInfo.java:updateAndGet(143)) - 82b87940-075a-4240-9714-83f9b1f11359: start LeaderState
2019-09-10 13:19:07,341 [e5557321-17be-433a-8d96-d7d186384118@group-915D053A7BBF:LeaderElection7] INFO  impl.RaftServerImpl (ServerState.java:setRaftConf(354)) - e5557321-17be-433a-8d96-d7d186384118@group-915D053A7BBF: set configuration 0: [e5557321-17be-433a-8d96-d7d186384118:192.168.34.50:36666], old=null at 0
2019-09-10 13:19:07,341 [0f4aa411-f22d-408f-a3ae-026c0e4d845c@group-27B6EA3D8BBD:LeaderElection8] INFO  impl.RoleInfo (RoleInfo.java:updateAndGet(143)) - 0f4aa411-f22d-408f-a3ae-026c0e4d845c: start LeaderState
2019-09-10 13:19:07,375 [598fdd25-f3b3-418d-bbd3-bcbfa35279b9@group-5DD09A43E0EE:LeaderElection11] INFO  impl.LeaderElection (LeaderElection.java:askForVotes(182)) - 598fdd25-f3b3-418d-bbd3-bcbfa35279b9@group-5DD09A43E0EE:LeaderElection11: begin an election at term 1 for -1: [598fdd25-f3b3-418d-bbd3-bcbfa35279b9:192.168.34.50:46100, 77c590a9-0e60-42d8-bbf8-e31004d5a9e8:192.168.34.50:41260, 05e9b83b-b6ec-4168-9e18-fac302cf5421:192.168.34.50:39992], old=null
2019-09-10 13:19:07,375 [0f4aa411-f22d-408f-a3ae-026c0e4d845c@group-27B6EA3D8BBD:LeaderElection8] INFO  segmented.SegmentedRaftLogWorker (SegmentedRaftLogWorker.java:startLogSegment(380)) - 0f4aa411-f22d-408f-a3ae-026c0e4d845c@group-27B6EA3D8BBD-SegmentedRaftLogWorker: Starting segment from index:0
2019-09-10 13:19:07,375 [82b87940-075a-4240-9714-83f9b1f11359@group-6DA54C881122:LeaderElection10] INFO  segmented.SegmentedRaftLogWorker (SegmentedRaftLogWorker.java:startLogSegment(380)) - 82b87940-075a-4240-9714-83f9b1f11359@group-6DA54C881122-SegmentedRaftLogWorker: Starting segment from index:0
2019-09-10 13:19:07,415 [0e7366ec-fcf4-49d3-a5f0-1fd138ea9cde@group-F913E3BF0737-SegmentedRaftLogWorker] INFO  segmented.SegmentedRaftLogWorker (SegmentedRaftLogWorker.java:execute(569)) - 0e7366ec-fcf4-49d3-a5f0-1fd138ea9cde@group-F913E3BF0737-SegmentedRaftLogWorker: created new log segment /workdir/hadoop-ozone/integration-test/target/test-dir/MiniOzoneClusterImpl-bbba21db-ec34-461e-a1c1-b53f0753d0be/datanode-8/data/ratis/ee4ddcae-45e0-4e24-a24e-f913e3bf0737/current/log_inprogress_0
2019-09-10 13:19:07,415 [Thread-325] INFO  impl.FollowerState (FollowerState.java:run(106)) - 05e9b83b-b6ec-4168-9e18-fac302cf5421:group-5DD09A43E0EE changes to CANDIDATE, lastRpcTime:1105, electionTimeout:1085ms
2019-09-10 13:19:07,415 [Thread-325] INFO  impl.RoleInfo (RoleInfo.java:shutdownFollowerState(121)) - 05e9b83b-b6ec-4168-9e18-fac302cf5421: shutdown FollowerState
2019-09-10 13:19:07,416 [Thread-325] INFO  impl.RaftServerImpl (RaftServerImpl.java:setRole(174)) - 05e9b83b-b6ec-4168-9e18-fac302cf5421@group-5DD09A43E0EE: changes role from  FOLLOWER to CANDIDATE at term 0 for changeToCandidate
2019-09-10 13:19:07,470 [e5557321-17be-433a-8d96-d7d186384118@group-915D053A7BBF-SegmentedRaftLogWorker] INFO  segmented.SegmentedRaftLogWorker (SegmentedRaftLogWorker.java:execute(569)) - e5557321-17be-433a-8d96-d7d186384118@group-915D053A7BBF-SegmentedRaftLogWorker: created new log segment /workdir/hadoop-ozone/integration-test/target/test-dir/MiniOzoneClusterImpl-bbba21db-ec34-461e-a1c1-b53f0753d0be/datanode-5/data/ratis/f0dee4ab-1d32-45ef-8455-915d053a7bbf/current/log_inprogress_0
2019-09-10 13:19:07,470 [0f4aa411-f22d-408f-a3ae-026c0e4d845c@group-27B6EA3D8BBD:LeaderElection8] INFO  impl.RaftServerImpl (ServerState.java:setRaftConf(354)) - 0f4aa411-f22d-408f-a3ae-026c0e4d845c@group-27B6EA3D8BBD: set configuration 0: [0f4aa411-f22d-408f-a3ae-026c0e4d845c:192.168.34.50:36087], old=null at 0
2019-09-10 13:19:07,470 [0f4aa411-f22d-408f-a3ae-026c0e4d845c@group-27B6EA3D8BBD-SegmentedRaftLogWorker] INFO  segmented.SegmentedRaftLogWorker (SegmentedRaftLogWorker.java:execute(569)) - 0f4aa411-f22d-408f-a3ae-026c0e4d845c@group-27B6EA3D8BBD-SegmentedRaftLogWorker: created new log segment /workdir/hadoop-ozone/integration-test/target/test-dir/MiniOzoneClusterImpl-bbba21db-ec34-461e-a1c1-b53f0753d0be/datanode-3/data/ratis/60db68c8-b53c-4b0d-96e6-27b6ea3d8bbd/current/log_inprogress_0
2019-09-10 13:19:07,472 [Thread-323] INFO  impl.FollowerState (FollowerState.java:run(106)) - 77c590a9-0e60-42d8-bbf8-e31004d5a9e8:group-5DD09A43E0EE changes to CANDIDATE, lastRpcTime:1163, electionTimeout:1138ms
2019-09-10 13:19:07,473 [Thread-323] INFO  impl.RoleInfo (RoleInfo.java:shutdownFollowerState(121)) - 77c590a9-0e60-42d8-bbf8-e31004d5a9e8: shutdown FollowerState
2019-09-10 13:19:07,473 [Thread-325] INFO  impl.RoleInfo (RoleInfo.java:updateAndGet(143)) - 05e9b83b-b6ec-4168-9e18-fac302cf5421: start LeaderElection
2019-09-10 13:19:07,473 [Thread-323] INFO  impl.RaftServerImpl (RaftServerImpl.java:setRole(174)) - 77c590a9-0e60-42d8-bbf8-e31004d5a9e8@group-5DD09A43E0EE: changes role from  FOLLOWER to CANDIDATE at term 0 for changeToCandidate
2019-09-10 13:19:07,473 [82b87940-075a-4240-9714-83f9b1f11359@group-6DA54C881122:LeaderElection10] INFO  impl.RaftServerImpl (ServerState.java:setRaftConf(354)) - 82b87940-075a-4240-9714-83f9b1f11359@group-6DA54C881122: set configuration 0: [82b87940-075a-4240-9714-83f9b1f11359:192.168.34.50:33168], old=null at 0
2019-09-10 13:19:07,473 [Thread-323] INFO  impl.RoleInfo (RoleInfo.java:updateAndGet(143)) - 77c590a9-0e60-42d8-bbf8-e31004d5a9e8: start LeaderElection
2019-09-10 13:19:07,501 [Thread-329] INFO  impl.FollowerState (FollowerState.java:run(106)) - c9bddf00-2197-4e52-a76a-1743bb04b5e3:group-DD7833F53F4E changes to CANDIDATE, lastRpcTime:1032, electionTimeout:1020ms
2019-09-10 13:19:07,518 [Thread-329] INFO  impl.RoleInfo (RoleInfo.java:shutdownFollowerState(121)) - c9bddf00-2197-4e52-a76a-1743bb04b5e3: shutdown FollowerState
2019-09-10 13:19:07,524 [Thread-329] INFO  impl.RaftServerImpl (RaftServerImpl.java:setRole(174)) - c9bddf00-2197-4e52-a76a-1743bb04b5e3@group-DD7833F53F4E: changes role from  FOLLOWER to CANDIDATE at term 0 for changeToCandidate
2019-09-10 13:19:07,524 [Thread-329] INFO  impl.RoleInfo (RoleInfo.java:updateAndGet(143)) - c9bddf00-2197-4e52-a76a-1743bb04b5e3: start LeaderElection
2019-09-10 13:19:07,529 [82b87940-075a-4240-9714-83f9b1f11359@group-6DA54C881122-SegmentedRaftLogWorker] INFO  segmented.SegmentedRaftLogWorker (SegmentedRaftLogWorker.java:execute(569)) - 82b87940-075a-4240-9714-83f9b1f11359@group-6DA54C881122-SegmentedRaftLogWorker: created new log segment /workdir/hadoop-ozone/integration-test/target/test-dir/MiniOzoneClusterImpl-bbba21db-ec34-461e-a1c1-b53f0753d0be/datanode-6/data/ratis/be1f620e-ff1c-4c4d-b79b-6da54c881122/current/log_inprogress_0
2019-09-10 13:19:07,549 [77c590a9-0e60-42d8-bbf8-e31004d5a9e8@group-5DD09A43E0EE:LeaderElection13] INFO  impl.LeaderElection (LeaderElection.java:askForVotes(182)) - 77c590a9-0e60-42d8-bbf8-e31004d5a9e8@group-5DD09A43E0EE:LeaderElection13: begin an election at term 1 for -1: [598fdd25-f3b3-418d-bbd3-bcbfa35279b9:192.168.34.50:46100, 77c590a9-0e60-42d8-bbf8-e31004d5a9e8:192.168.34.50:41260, 05e9b83b-b6ec-4168-9e18-fac302cf5421:192.168.34.50:39992], old=null
2019-09-10 13:19:07,549 [05e9b83b-b6ec-4168-9e18-fac302cf5421@group-5DD09A43E0EE:LeaderElection12] INFO  impl.LeaderElection (LeaderElection.java:askForVotes(182)) - 05e9b83b-b6ec-4168-9e18-fac302cf5421@group-5DD09A43E0EE:LeaderElection12: begin an election at term 1 for -1: [598fdd25-f3b3-418d-bbd3-bcbfa35279b9:192.168.34.50:46100, 77c590a9-0e60-42d8-bbf8-e31004d5a9e8:192.168.34.50:41260, 05e9b83b-b6ec-4168-9e18-fac302cf5421:192.168.34.50:39992], old=null
2019-09-10 13:19:07,563 [c9bddf00-2197-4e52-a76a-1743bb04b5e3@group-DD7833F53F4E:LeaderElection14] INFO  impl.LeaderElection (LeaderElection.java:askForVotes(182)) - c9bddf00-2197-4e52-a76a-1743bb04b5e3@group-DD7833F53F4E:LeaderElection14: begin an election at term 1 for -1: [af983c11-9397-41ec-9bfb-0705919241eb:192.168.34.50:34977, fa25b701-8575-4c87-a8ca-f6672565109a:192.168.34.50:36005, c9bddf00-2197-4e52-a76a-1743bb04b5e3:192.168.34.50:40372], old=null
2019-09-10 13:19:07,570 [Thread-335] INFO  impl.FollowerState (FollowerState.java:run(106)) - af983c11-9397-41ec-9bfb-0705919241eb:group-DD7833F53F4E changes to CANDIDATE, lastRpcTime:1059, electionTimeout:1059ms
2019-09-10 13:19:07,570 [Thread-335] INFO  impl.RoleInfo (RoleInfo.java:shutdownFollowerState(121)) - af983c11-9397-41ec-9bfb-0705919241eb: shutdown FollowerState
2019-09-10 13:19:07,570 [Thread-335] INFO  impl.RaftServerImpl (RaftServerImpl.java:setRole(174)) - af983c11-9397-41ec-9bfb-0705919241eb@group-DD7833F53F4E: changes role from  FOLLOWER to CANDIDATE at term 0 for changeToCandidate
2019-09-10 13:19:07,579 [Thread-335] INFO  impl.RoleInfo (RoleInfo.java:updateAndGet(143)) - af983c11-9397-41ec-9bfb-0705919241eb: start LeaderElection
2019-09-10 13:19:07,631 [Thread-336] INFO  impl.FollowerState (FollowerState.java:run(106)) - fa25b701-8575-4c87-a8ca-f6672565109a:group-DD7833F53F4E changes to CANDIDATE, lastRpcTime:1120, electionTimeout:1116ms
2019-09-10 13:19:07,631 [Thread-336] INFO  impl.RoleInfo (RoleInfo.java:shutdownFollowerState(121)) - fa25b701-8575-4c87-a8ca-f6672565109a: shutdown FollowerState
2019-09-10 13:19:07,631 [Thread-336] INFO  impl.RaftServerImpl (RaftServerImpl.java:setRole(174)) - fa25b701-8575-4c87-a8ca-f6672565109a@group-DD7833F53F4E: changes role from  FOLLOWER to CANDIDATE at term 0 for changeToCandidate
2019-09-10 13:19:07,634 [af983c11-9397-41ec-9bfb-0705919241eb@group-DD7833F53F4E:LeaderElection15] INFO  impl.LeaderElection (LeaderElection.java:askForVotes(182)) - af983c11-9397-41ec-9bfb-0705919241eb@group-DD7833F53F4E:LeaderElection15: begin an election at term 1 for -1: [af983c11-9397-41ec-9bfb-0705919241eb:192.168.34.50:34977, fa25b701-8575-4c87-a8ca-f6672565109a:192.168.34.50:36005, c9bddf00-2197-4e52-a76a-1743bb04b5e3:192.168.34.50:40372], old=null
2019-09-10 13:19:07,647 [IPC Server handler 4 on 46376] INFO  volume.OMVolumeCreateRequest (OMVolumeCreateRequest.java:validateAndUpdateCache(189)) - created volume:datanodefailurehandlingtest for user:jenkins1000
2019-09-10 13:19:07,652 [Thread-336] INFO  impl.RoleInfo (RoleInfo.java:updateAndGet(143)) - fa25b701-8575-4c87-a8ca-f6672565109a: start LeaderElection
2019-09-10 13:19:07,737 [fa25b701-8575-4c87-a8ca-f6672565109a@group-DD7833F53F4E:LeaderElection16] INFO  impl.LeaderElection (LeaderElection.java:askForVotes(182)) - fa25b701-8575-4c87-a8ca-f6672565109a@group-DD7833F53F4E:LeaderElection16: begin an election at term 1 for -1: [af983c11-9397-41ec-9bfb-0705919241eb:192.168.34.50:34977, fa25b701-8575-4c87-a8ca-f6672565109a:192.168.34.50:36005, c9bddf00-2197-4e52-a76a-1743bb04b5e3:192.168.34.50:40372], old=null
2019-09-10 13:19:07,754 [Thread-349] INFO  impl.FollowerState (FollowerState.java:run(106)) - 0f4aa411-f22d-408f-a3ae-026c0e4d845c:group-447053F58748 changes to CANDIDATE, lastRpcTime:1031, electionTimeout:1030ms
2019-09-10 13:19:07,754 [Thread-349] INFO  impl.RoleInfo (RoleInfo.java:shutdownFollowerState(121)) - 0f4aa411-f22d-408f-a3ae-026c0e4d845c: shutdown FollowerState
2019-09-10 13:19:07,758 [Thread-349] INFO  impl.RaftServerImpl (RaftServerImpl.java:setRole(174)) - 0f4aa411-f22d-408f-a3ae-026c0e4d845c@group-447053F58748: changes role from  FOLLOWER to CANDIDATE at term 0 for changeToCandidate
2019-09-10 13:19:07,758 [Thread-349] INFO  impl.RoleInfo (RoleInfo.java:updateAndGet(143)) - 0f4aa411-f22d-408f-a3ae-026c0e4d845c: start LeaderElection
2019-09-10 13:19:07,777 [0f4aa411-f22d-408f-a3ae-026c0e4d845c@group-447053F58748:LeaderElection17] INFO  impl.LeaderElection (LeaderElection.java:askForVotes(182)) - 0f4aa411-f22d-408f-a3ae-026c0e4d845c@group-447053F58748:LeaderElection17: begin an election at term 1 for -1: [82b87940-075a-4240-9714-83f9b1f11359:192.168.34.50:33168, e5557321-17be-433a-8d96-d7d186384118:192.168.34.50:36666, 0f4aa411-f22d-408f-a3ae-026c0e4d845c:192.168.34.50:36087], old=null
2019-09-10 13:19:07,804 [Thread-348] INFO  impl.FollowerState (FollowerState.java:run(106)) - e5557321-17be-433a-8d96-d7d186384118:group-447053F58748 changes to CANDIDATE, lastRpcTime:1082, electionTimeout:1080ms
2019-09-10 13:19:07,805 [Thread-348] INFO  impl.RoleInfo (RoleInfo.java:shutdownFollowerState(121)) - e5557321-17be-433a-8d96-d7d186384118: shutdown FollowerState
2019-09-10 13:19:07,805 [Thread-348] INFO  impl.RaftServerImpl (RaftServerImpl.java:setRole(174)) - e5557321-17be-433a-8d96-d7d186384118@group-447053F58748: changes role from  FOLLOWER to CANDIDATE at term 0 for changeToCandidate
2019-09-10 13:19:07,805 [Thread-348] INFO  impl.RoleInfo (RoleInfo.java:updateAndGet(143)) - e5557321-17be-433a-8d96-d7d186384118: start LeaderElection
2019-09-10 13:19:07,815 [Thread-347] INFO  impl.FollowerState (FollowerState.java:run(106)) - 82b87940-075a-4240-9714-83f9b1f11359:group-447053F58748 changes to CANDIDATE, lastRpcTime:1086, electionTimeout:1083ms
2019-09-10 13:19:07,815 [Thread-347] INFO  impl.RoleInfo (RoleInfo.java:shutdownFollowerState(121)) - 82b87940-075a-4240-9714-83f9b1f11359: shutdown FollowerState
2019-09-10 13:19:07,815 [Thread-347] INFO  impl.RaftServerImpl (RaftServerImpl.java:setRole(174)) - 82b87940-075a-4240-9714-83f9b1f11359@group-447053F58748: changes role from  FOLLOWER to CANDIDATE at term 0 for changeToCandidate
2019-09-10 13:19:07,816 [Thread-347] INFO  impl.RoleInfo (RoleInfo.java:updateAndGet(143)) - 82b87940-075a-4240-9714-83f9b1f11359: start LeaderElection
2019-09-10 13:19:07,835 [main] INFO  rpc.RpcClient (RpcClient.java:createBucket(437)) - Creating Bucket: datanodefailurehandlingtest/datanodefailurehandlingtest, with Versioning false and Storage Type set to DISK and Encryption set to false 
2019-09-10 13:19:07,837 [77c590a9-0e60-42d8-bbf8-e31004d5a9e8@group-5DD09A43E0EE:LeaderElection13] INFO  impl.LeaderElection (LeaderElection.java:logAndReturn(56)) - 77c590a9-0e60-42d8-bbf8-e31004d5a9e8@group-5DD09A43E0EE:LeaderElection13: Election REJECTED; received 2 response(s) [77c590a9-0e60-42d8-bbf8-e31004d5a9e8<-598fdd25-f3b3-418d-bbd3-bcbfa35279b9#0:FAIL-t1, 77c590a9-0e60-42d8-bbf8-e31004d5a9e8<-05e9b83b-b6ec-4168-9e18-fac302cf5421#0:FAIL-t1] and 0 exception(s); 77c590a9-0e60-42d8-bbf8-e31004d5a9e8@group-5DD09A43E0EE:t1, leader=null, voted=77c590a9-0e60-42d8-bbf8-e31004d5a9e8, raftlog=77c590a9-0e60-42d8-bbf8-e31004d5a9e8@group-5DD09A43E0EE-SegmentedRaftLog:OPENED:c-1,f-1,i0, conf=-1: [598fdd25-f3b3-418d-bbd3-bcbfa35279b9:192.168.34.50:46100, 77c590a9-0e60-42d8-bbf8-e31004d5a9e8:192.168.34.50:41260, 05e9b83b-b6ec-4168-9e18-fac302cf5421:192.168.34.50:39992], old=null
2019-09-10 13:19:07,841 [e5557321-17be-433a-8d96-d7d186384118@group-447053F58748:LeaderElection18] INFO  impl.LeaderElection (LeaderElection.java:askForVotes(182)) - e5557321-17be-433a-8d96-d7d186384118@group-447053F58748:LeaderElection18: begin an election at term 1 for -1: [82b87940-075a-4240-9714-83f9b1f11359:192.168.34.50:33168, e5557321-17be-433a-8d96-d7d186384118:192.168.34.50:36666, 0f4aa411-f22d-408f-a3ae-026c0e4d845c:192.168.34.50:36087], old=null
2019-09-10 13:19:07,841 [82b87940-075a-4240-9714-83f9b1f11359@group-447053F58748:LeaderElection19] INFO  impl.LeaderElection (LeaderElection.java:askForVotes(182)) - 82b87940-075a-4240-9714-83f9b1f11359@group-447053F58748:LeaderElection19: begin an election at term 1 for -1: [82b87940-075a-4240-9714-83f9b1f11359:192.168.34.50:33168, e5557321-17be-433a-8d96-d7d186384118:192.168.34.50:36666, 0f4aa411-f22d-408f-a3ae-026c0e4d845c:192.168.34.50:36087], old=null
2019-09-10 13:19:07,859 [77c590a9-0e60-42d8-bbf8-e31004d5a9e8@group-5DD09A43E0EE:LeaderElection13] INFO  impl.RaftServerImpl (RaftServerImpl.java:setRole(174)) - 77c590a9-0e60-42d8-bbf8-e31004d5a9e8@group-5DD09A43E0EE: changes role from CANDIDATE to FOLLOWER at term 1 for DISCOVERED_A_NEW_TERM
2019-09-10 13:19:07,862 [77c590a9-0e60-42d8-bbf8-e31004d5a9e8@group-5DD09A43E0EE:LeaderElection13] INFO  impl.RoleInfo (RoleInfo.java:shutdownLeaderElection(134)) - 77c590a9-0e60-42d8-bbf8-e31004d5a9e8: shutdown LeaderElection
2019-09-10 13:19:07,863 [77c590a9-0e60-42d8-bbf8-e31004d5a9e8@group-5DD09A43E0EE:LeaderElection13] INFO  impl.RoleInfo (RoleInfo.java:updateAndGet(143)) - 77c590a9-0e60-42d8-bbf8-e31004d5a9e8: start FollowerState
2019-09-10 13:19:07,869 [c9bddf00-2197-4e52-a76a-1743bb04b5e3@group-DD7833F53F4E:LeaderElection14] INFO  impl.LeaderElection (LeaderElection.java:logAndReturn(56)) - c9bddf00-2197-4e52-a76a-1743bb04b5e3@group-DD7833F53F4E:LeaderElection14: Election REJECTED; received 2 response(s) [c9bddf00-2197-4e52-a76a-1743bb04b5e3<-af983c11-9397-41ec-9bfb-0705919241eb#0:FAIL-t1, c9bddf00-2197-4e52-a76a-1743bb04b5e3<-fa25b701-8575-4c87-a8ca-f6672565109a#0:FAIL-t1] and 0 exception(s); c9bddf00-2197-4e52-a76a-1743bb04b5e3@group-DD7833F53F4E:t1, leader=null, voted=c9bddf00-2197-4e52-a76a-1743bb04b5e3, raftlog=c9bddf00-2197-4e52-a76a-1743bb04b5e3@group-DD7833F53F4E-SegmentedRaftLog:OPENED:c-1,f-1,i0, conf=-1: [af983c11-9397-41ec-9bfb-0705919241eb:192.168.34.50:34977, fa25b701-8575-4c87-a8ca-f6672565109a:192.168.34.50:36005, c9bddf00-2197-4e52-a76a-1743bb04b5e3:192.168.34.50:40372], old=null
2019-09-10 13:19:07,902 [c9bddf00-2197-4e52-a76a-1743bb04b5e3@group-DD7833F53F4E:LeaderElection14] INFO  impl.RaftServerImpl (RaftServerImpl.java:setRole(174)) - c9bddf00-2197-4e52-a76a-1743bb04b5e3@group-DD7833F53F4E: changes role from CANDIDATE to FOLLOWER at term 1 for DISCOVERED_A_NEW_TERM
2019-09-10 13:19:07,902 [c9bddf00-2197-4e52-a76a-1743bb04b5e3@group-DD7833F53F4E:LeaderElection14] INFO  impl.RoleInfo (RoleInfo.java:shutdownLeaderElection(134)) - c9bddf00-2197-4e52-a76a-1743bb04b5e3: shutdown LeaderElection
2019-09-10 13:19:07,902 [c9bddf00-2197-4e52-a76a-1743bb04b5e3@group-DD7833F53F4E:LeaderElection14] INFO  impl.RoleInfo (RoleInfo.java:updateAndGet(143)) - c9bddf00-2197-4e52-a76a-1743bb04b5e3: start FollowerState
2019-09-10 13:19:07,905 [598fdd25-f3b3-418d-bbd3-bcbfa35279b9@group-5DD09A43E0EE:LeaderElection11] INFO  impl.LeaderElection (LeaderElection.java:logAndReturn(56)) - 598fdd25-f3b3-418d-bbd3-bcbfa35279b9@group-5DD09A43E0EE:LeaderElection11: Election REJECTED; received 2 response(s) [598fdd25-f3b3-418d-bbd3-bcbfa35279b9<-77c590a9-0e60-42d8-bbf8-e31004d5a9e8#0:FAIL-t1, 598fdd25-f3b3-418d-bbd3-bcbfa35279b9<-05e9b83b-b6ec-4168-9e18-fac302cf5421#0:FAIL-t1] and 0 exception(s); 598fdd25-f3b3-418d-bbd3-bcbfa35279b9@group-5DD09A43E0EE:t1, leader=null, voted=598fdd25-f3b3-418d-bbd3-bcbfa35279b9, raftlog=598fdd25-f3b3-418d-bbd3-bcbfa35279b9@group-5DD09A43E0EE-SegmentedRaftLog:OPENED:c-1,f-1,i0, conf=-1: [598fdd25-f3b3-418d-bbd3-bcbfa35279b9:192.168.34.50:46100, 77c590a9-0e60-42d8-bbf8-e31004d5a9e8:192.168.34.50:41260, 05e9b83b-b6ec-4168-9e18-fac302cf5421:192.168.34.50:39992], old=null
2019-09-10 13:19:07,907 [598fdd25-f3b3-418d-bbd3-bcbfa35279b9@group-5DD09A43E0EE:LeaderElection11] INFO  impl.RaftServerImpl (RaftServerImpl.java:setRole(174)) - 598fdd25-f3b3-418d-bbd3-bcbfa35279b9@group-5DD09A43E0EE: changes role from CANDIDATE to FOLLOWER at term 1 for DISCOVERED_A_NEW_TERM
2019-09-10 13:19:07,909 [598fdd25-f3b3-418d-bbd3-bcbfa35279b9@group-5DD09A43E0EE:LeaderElection11] INFO  impl.RoleInfo (RoleInfo.java:shutdownLeaderElection(134)) - 598fdd25-f3b3-418d-bbd3-bcbfa35279b9: shutdown LeaderElection
2019-09-10 13:19:07,913 [598fdd25-f3b3-418d-bbd3-bcbfa35279b9@group-5DD09A43E0EE:LeaderElection11] INFO  impl.RoleInfo (RoleInfo.java:updateAndGet(143)) - 598fdd25-f3b3-418d-bbd3-bcbfa35279b9: start FollowerState
2019-09-10 13:19:07,917 [af983c11-9397-41ec-9bfb-0705919241eb@group-DD7833F53F4E:LeaderElection15] INFO  impl.LeaderElection (LeaderElection.java:logAndReturn(56)) - af983c11-9397-41ec-9bfb-0705919241eb@group-DD7833F53F4E:LeaderElection15: Election REJECTED; received 2 response(s) [af983c11-9397-41ec-9bfb-0705919241eb<-fa25b701-8575-4c87-a8ca-f6672565109a#0:FAIL-t1, af983c11-9397-41ec-9bfb-0705919241eb<-c9bddf00-2197-4e52-a76a-1743bb04b5e3#0:FAIL-t1] and 0 exception(s); af983c11-9397-41ec-9bfb-0705919241eb@group-DD7833F53F4E:t1, leader=null, voted=af983c11-9397-41ec-9bfb-0705919241eb, raftlog=af983c11-9397-41ec-9bfb-0705919241eb@group-DD7833F53F4E-SegmentedRaftLog:OPENED:c-1,f-1,i0, conf=-1: [af983c11-9397-41ec-9bfb-0705919241eb:192.168.34.50:34977, fa25b701-8575-4c87-a8ca-f6672565109a:192.168.34.50:36005, c9bddf00-2197-4e52-a76a-1743bb04b5e3:192.168.34.50:40372], old=null
2019-09-10 13:19:07,934 [05e9b83b-b6ec-4168-9e18-fac302cf5421@group-5DD09A43E0EE:LeaderElection12] INFO  impl.LeaderElection (LeaderElection.java:logAndReturn(56)) - 05e9b83b-b6ec-4168-9e18-fac302cf5421@group-5DD09A43E0EE:LeaderElection12: Election REJECTED; received 2 response(s) [05e9b83b-b6ec-4168-9e18-fac302cf5421<-598fdd25-f3b3-418d-bbd3-bcbfa35279b9#0:FAIL-t1, 05e9b83b-b6ec-4168-9e18-fac302cf5421<-77c590a9-0e60-42d8-bbf8-e31004d5a9e8#0:FAIL-t1] and 0 exception(s); 05e9b83b-b6ec-4168-9e18-fac302cf5421@group-5DD09A43E0EE:t1, leader=null, voted=05e9b83b-b6ec-4168-9e18-fac302cf5421, raftlog=05e9b83b-b6ec-4168-9e18-fac302cf5421@group-5DD09A43E0EE-SegmentedRaftLog:OPENED:c-1,f-1,i0, conf=-1: [598fdd25-f3b3-418d-bbd3-bcbfa35279b9:192.168.34.50:46100, 77c590a9-0e60-42d8-bbf8-e31004d5a9e8:192.168.34.50:41260, 05e9b83b-b6ec-4168-9e18-fac302cf5421:192.168.34.50:39992], old=null
2019-09-10 13:19:07,965 [af983c11-9397-41ec-9bfb-0705919241eb@group-DD7833F53F4E:LeaderElection15] INFO  impl.RaftServerImpl (RaftServerImpl.java:setRole(174)) - af983c11-9397-41ec-9bfb-0705919241eb@group-DD7833F53F4E: changes role from CANDIDATE to FOLLOWER at term 1 for DISCOVERED_A_NEW_TERM
2019-09-10 13:19:07,967 [af983c11-9397-41ec-9bfb-0705919241eb@group-DD7833F53F4E:LeaderElection15] INFO  impl.RoleInfo (RoleInfo.java:shutdownLeaderElection(134)) - af983c11-9397-41ec-9bfb-0705919241eb: shutdown LeaderElection
2019-09-10 13:19:07,968 [af983c11-9397-41ec-9bfb-0705919241eb@group-DD7833F53F4E:LeaderElection15] INFO  impl.RoleInfo (RoleInfo.java:updateAndGet(143)) - af983c11-9397-41ec-9bfb-0705919241eb: start FollowerState
2019-09-10 13:19:07,968 [05e9b83b-b6ec-4168-9e18-fac302cf5421@group-5DD09A43E0EE:LeaderElection12] INFO  impl.RaftServerImpl (RaftServerImpl.java:setRole(174)) - 05e9b83b-b6ec-4168-9e18-fac302cf5421@group-5DD09A43E0EE: changes role from CANDIDATE to FOLLOWER at term 1 for DISCOVERED_A_NEW_TERM
2019-09-10 13:19:07,972 [05e9b83b-b6ec-4168-9e18-fac302cf5421@group-5DD09A43E0EE:LeaderElection12] INFO  impl.RoleInfo (RoleInfo.java:shutdownLeaderElection(134)) - 05e9b83b-b6ec-4168-9e18-fac302cf5421: shutdown LeaderElection
2019-09-10 13:19:07,975 [fa25b701-8575-4c87-a8ca-f6672565109a@group-DD7833F53F4E:LeaderElection16] INFO  impl.LeaderElection (LeaderElection.java:logAndReturn(56)) - fa25b701-8575-4c87-a8ca-f6672565109a@group-DD7833F53F4E:LeaderElection16: Election REJECTED; received 2 response(s) [fa25b701-8575-4c87-a8ca-f6672565109a<-af983c11-9397-41ec-9bfb-0705919241eb#0:FAIL-t1, fa25b701-8575-4c87-a8ca-f6672565109a<-c9bddf00-2197-4e52-a76a-1743bb04b5e3#0:FAIL-t1] and 0 exception(s); fa25b701-8575-4c87-a8ca-f6672565109a@group-DD7833F53F4E:t1, leader=null, voted=fa25b701-8575-4c87-a8ca-f6672565109a, raftlog=fa25b701-8575-4c87-a8ca-f6672565109a@group-DD7833F53F4E-SegmentedRaftLog:OPENED:c-1,f-1,i0, conf=-1: [af983c11-9397-41ec-9bfb-0705919241eb:192.168.34.50:34977, fa25b701-8575-4c87-a8ca-f6672565109a:192.168.34.50:36005, c9bddf00-2197-4e52-a76a-1743bb04b5e3:192.168.34.50:40372], old=null
2019-09-10 13:19:07,975 [05e9b83b-b6ec-4168-9e18-fac302cf5421@group-5DD09A43E0EE:LeaderElection12] INFO  impl.RoleInfo (RoleInfo.java:updateAndGet(143)) - 05e9b83b-b6ec-4168-9e18-fac302cf5421: start FollowerState
2019-09-10 13:19:07,976 [fa25b701-8575-4c87-a8ca-f6672565109a@group-DD7833F53F4E:LeaderElection16] INFO  impl.RaftServerImpl (RaftServerImpl.java:setRole(174)) - fa25b701-8575-4c87-a8ca-f6672565109a@group-DD7833F53F4E: changes role from CANDIDATE to FOLLOWER at term 1 for DISCOVERED_A_NEW_TERM
2019-09-10 13:19:07,979 [fa25b701-8575-4c87-a8ca-f6672565109a@group-DD7833F53F4E:LeaderElection16] INFO  impl.RoleInfo (RoleInfo.java:shutdownLeaderElection(134)) - fa25b701-8575-4c87-a8ca-f6672565109a: shutdown LeaderElection
2019-09-10 13:19:07,980 [fa25b701-8575-4c87-a8ca-f6672565109a@group-DD7833F53F4E:LeaderElection16] INFO  impl.RoleInfo (RoleInfo.java:updateAndGet(143)) - fa25b701-8575-4c87-a8ca-f6672565109a: start FollowerState
2019-09-10 13:19:08,016 [0f4aa411-f22d-408f-a3ae-026c0e4d845c@group-447053F58748:LeaderElection17] INFO  impl.LeaderElection (LeaderElection.java:logAndReturn(56)) - 0f4aa411-f22d-408f-a3ae-026c0e4d845c@group-447053F58748:LeaderElection17: Election REJECTED; received 2 response(s) [0f4aa411-f22d-408f-a3ae-026c0e4d845c<-82b87940-075a-4240-9714-83f9b1f11359#0:FAIL-t1, 0f4aa411-f22d-408f-a3ae-026c0e4d845c<-e5557321-17be-433a-8d96-d7d186384118#0:FAIL-t1] and 0 exception(s); 0f4aa411-f22d-408f-a3ae-026c0e4d845c@group-447053F58748:t1, leader=null, voted=0f4aa411-f22d-408f-a3ae-026c0e4d845c, raftlog=0f4aa411-f22d-408f-a3ae-026c0e4d845c@group-447053F58748-SegmentedRaftLog:OPENED:c-1,f-1,i0, conf=-1: [82b87940-075a-4240-9714-83f9b1f11359:192.168.34.50:33168, e5557321-17be-433a-8d96-d7d186384118:192.168.34.50:36666, 0f4aa411-f22d-408f-a3ae-026c0e4d845c:192.168.34.50:36087], old=null
2019-09-10 13:19:08,019 [0f4aa411-f22d-408f-a3ae-026c0e4d845c@group-447053F58748:LeaderElection17] INFO  impl.RaftServerImpl (RaftServerImpl.java:setRole(174)) - 0f4aa411-f22d-408f-a3ae-026c0e4d845c@group-447053F58748: changes role from CANDIDATE to FOLLOWER at term 1 for DISCOVERED_A_NEW_TERM
2019-09-10 13:19:08,019 [0f4aa411-f22d-408f-a3ae-026c0e4d845c@group-447053F58748:LeaderElection17] INFO  impl.RoleInfo (RoleInfo.java:shutdownLeaderElection(134)) - 0f4aa411-f22d-408f-a3ae-026c0e4d845c: shutdown LeaderElection
2019-09-10 13:19:08,024 [0f4aa411-f22d-408f-a3ae-026c0e4d845c@group-447053F58748:LeaderElection17] INFO  impl.RoleInfo (RoleInfo.java:updateAndGet(143)) - 0f4aa411-f22d-408f-a3ae-026c0e4d845c: start FollowerState
2019-09-10 13:19:08,031 [e5557321-17be-433a-8d96-d7d186384118@group-447053F58748:LeaderElection18] INFO  impl.LeaderElection (LeaderElection.java:logAndReturn(56)) - e5557321-17be-433a-8d96-d7d186384118@group-447053F58748:LeaderElection18: Election REJECTED; received 2 response(s) [e5557321-17be-433a-8d96-d7d186384118<-82b87940-075a-4240-9714-83f9b1f11359#0:FAIL-t1, e5557321-17be-433a-8d96-d7d186384118<-0f4aa411-f22d-408f-a3ae-026c0e4d845c#0:FAIL-t1] and 0 exception(s); e5557321-17be-433a-8d96-d7d186384118@group-447053F58748:t1, leader=null, voted=e5557321-17be-433a-8d96-d7d186384118, raftlog=e5557321-17be-433a-8d96-d7d186384118@group-447053F58748-SegmentedRaftLog:OPENED:c-1,f-1,i0, conf=-1: [82b87940-075a-4240-9714-83f9b1f11359:192.168.34.50:33168, e5557321-17be-433a-8d96-d7d186384118:192.168.34.50:36666, 0f4aa411-f22d-408f-a3ae-026c0e4d845c:192.168.34.50:36087], old=null
2019-09-10 13:19:08,056 [e5557321-17be-433a-8d96-d7d186384118@group-447053F58748:LeaderElection18] INFO  impl.RaftServerImpl (RaftServerImpl.java:setRole(174)) - e5557321-17be-433a-8d96-d7d186384118@group-447053F58748: changes role from CANDIDATE to FOLLOWER at term 1 for DISCOVERED_A_NEW_TERM
2019-09-10 13:19:08,056 [e5557321-17be-433a-8d96-d7d186384118@group-447053F58748:LeaderElection18] INFO  impl.RoleInfo (RoleInfo.java:shutdownLeaderElection(134)) - e5557321-17be-433a-8d96-d7d186384118: shutdown LeaderElection
2019-09-10 13:19:08,056 [e5557321-17be-433a-8d96-d7d186384118@group-447053F58748:LeaderElection18] INFO  impl.RoleInfo (RoleInfo.java:updateAndGet(143)) - e5557321-17be-433a-8d96-d7d186384118: start FollowerState
2019-09-10 13:19:08,057 [82b87940-075a-4240-9714-83f9b1f11359@group-447053F58748:LeaderElection19] INFO  impl.LeaderElection (LeaderElection.java:logAndReturn(56)) - 82b87940-075a-4240-9714-83f9b1f11359@group-447053F58748:LeaderElection19: Election REJECTED; received 2 response(s) [82b87940-075a-4240-9714-83f9b1f11359<-e5557321-17be-433a-8d96-d7d186384118#0:FAIL-t1, 82b87940-075a-4240-9714-83f9b1f11359<-0f4aa411-f22d-408f-a3ae-026c0e4d845c#0:FAIL-t1] and 0 exception(s); 82b87940-075a-4240-9714-83f9b1f11359@group-447053F58748:t1, leader=null, voted=82b87940-075a-4240-9714-83f9b1f11359, raftlog=82b87940-075a-4240-9714-83f9b1f11359@group-447053F58748-SegmentedRaftLog:OPENED:c-1,f-1,i0, conf=-1: [82b87940-075a-4240-9714-83f9b1f11359:192.168.34.50:33168, e5557321-17be-433a-8d96-d7d186384118:192.168.34.50:36666, 0f4aa411-f22d-408f-a3ae-026c0e4d845c:192.168.34.50:36087], old=null
2019-09-10 13:19:08,060 [82b87940-075a-4240-9714-83f9b1f11359@group-447053F58748:LeaderElection19] INFO  impl.RaftServerImpl (RaftServerImpl.java:setRole(174)) - 82b87940-075a-4240-9714-83f9b1f11359@group-447053F58748: changes role from CANDIDATE to FOLLOWER at term 1 for DISCOVERED_A_NEW_TERM
2019-09-10 13:19:08,060 [82b87940-075a-4240-9714-83f9b1f11359@group-447053F58748:LeaderElection19] INFO  impl.RoleInfo (RoleInfo.java:shutdownLeaderElection(134)) - 82b87940-075a-4240-9714-83f9b1f11359: shutdown LeaderElection
2019-09-10 13:19:08,060 [82b87940-075a-4240-9714-83f9b1f11359@group-447053F58748:LeaderElection19] INFO  impl.RoleInfo (RoleInfo.java:updateAndGet(143)) - 82b87940-075a-4240-9714-83f9b1f11359: start FollowerState
2019-09-10 13:19:08,352 [main] INFO  impl.MetricsSystemImpl (MetricsSystemImpl.java:init(158)) - XceiverClientMetrics metrics system started (again)
2019-09-10 13:19:08,472 [grpc-default-executor-5] INFO  client.GrpcClientProtocolClient (GrpcClientProtocolClient.java:onNext(264)) - client-7A030D982070->e5557321-17be-433a-8d96-d7d186384118: receive RaftClientReply:client-7A030D982070->e5557321-17be-433a-8d96-d7d186384118@group-447053F58748, cid=19, FAILED org.apache.ratis.protocol.NotLeaderException: Server e5557321-17be-433a-8d96-d7d186384118@group-447053F58748 is not the leader, logIndex=0, commits[e5557321-17be-433a-8d96-d7d186384118:c-1]
2019-09-10 13:19:08,915 [Thread-391] INFO  impl.FollowerState (FollowerState.java:run(106)) - 77c590a9-0e60-42d8-bbf8-e31004d5a9e8:group-5DD09A43E0EE changes to CANDIDATE, lastRpcTime:1052, electionTimeout:1046ms
2019-09-10 13:19:08,915 [Thread-391] INFO  impl.RoleInfo (RoleInfo.java:shutdownFollowerState(121)) - 77c590a9-0e60-42d8-bbf8-e31004d5a9e8: shutdown FollowerState
2019-09-10 13:19:08,915 [Thread-391] INFO  impl.RaftServerImpl (RaftServerImpl.java:setRole(174)) - 77c590a9-0e60-42d8-bbf8-e31004d5a9e8@group-5DD09A43E0EE: changes role from  FOLLOWER to CANDIDATE at term 1 for changeToCandidate
2019-09-10 13:19:08,916 [Thread-391] INFO  impl.RoleInfo (RoleInfo.java:updateAndGet(143)) - 77c590a9-0e60-42d8-bbf8-e31004d5a9e8: start LeaderElection
2019-09-10 13:19:08,943 [77c590a9-0e60-42d8-bbf8-e31004d5a9e8@group-5DD09A43E0EE:LeaderElection20] INFO  impl.LeaderElection (LeaderElection.java:askForVotes(182)) - 77c590a9-0e60-42d8-bbf8-e31004d5a9e8@group-5DD09A43E0EE:LeaderElection20: begin an election at term 2 for -1: [598fdd25-f3b3-418d-bbd3-bcbfa35279b9:192.168.34.50:46100, 77c590a9-0e60-42d8-bbf8-e31004d5a9e8:192.168.34.50:41260, 05e9b83b-b6ec-4168-9e18-fac302cf5421:192.168.34.50:39992], old=null
2019-09-10 13:19:08,958 [grpc-default-executor-0] INFO  impl.RaftServerImpl (RaftServerImpl.java:setRole(174)) - 05e9b83b-b6ec-4168-9e18-fac302cf5421@group-5DD09A43E0EE: changes role from  FOLLOWER to FOLLOWER at term 2 for recognizeCandidate:77c590a9-0e60-42d8-bbf8-e31004d5a9e8
2019-09-10 13:19:08,958 [grpc-default-executor-5] INFO  impl.RaftServerImpl (RaftServerImpl.java:setRole(174)) - 598fdd25-f3b3-418d-bbd3-bcbfa35279b9@group-5DD09A43E0EE: changes role from  FOLLOWER to FOLLOWER at term 2 for recognizeCandidate:77c590a9-0e60-42d8-bbf8-e31004d5a9e8
2019-09-10 13:19:08,959 [grpc-default-executor-0] INFO  impl.RoleInfo (RoleInfo.java:shutdownFollowerState(121)) - 05e9b83b-b6ec-4168-9e18-fac302cf5421: shutdown FollowerState
2019-09-10 13:19:08,959 [grpc-default-executor-5] INFO  impl.RoleInfo (RoleInfo.java:shutdownFollowerState(121)) - 598fdd25-f3b3-418d-bbd3-bcbfa35279b9: shutdown FollowerState
2019-09-10 13:19:08,959 [grpc-default-executor-0] INFO  impl.RoleInfo (RoleInfo.java:updateAndGet(143)) - 05e9b83b-b6ec-4168-9e18-fac302cf5421: start FollowerState
2019-09-10 13:19:08,959 [Thread-394] INFO  impl.FollowerState (FollowerState.java:run(115)) - 598fdd25-f3b3-418d-bbd3-bcbfa35279b9: FollowerState was interrupted: java.lang.InterruptedException: sleep interrupted
2019-09-10 13:19:08,959 [Thread-396] INFO  impl.FollowerState (FollowerState.java:run(115)) - 05e9b83b-b6ec-4168-9e18-fac302cf5421: FollowerState was interrupted: java.lang.InterruptedException: sleep interrupted
2019-09-10 13:19:08,959 [grpc-default-executor-5] INFO  impl.RoleInfo (RoleInfo.java:updateAndGet(143)) - 598fdd25-f3b3-418d-bbd3-bcbfa35279b9: start FollowerState
2019-09-10 13:19:08,989 [Thread-395] INFO  impl.FollowerState (FollowerState.java:run(106)) - af983c11-9397-41ec-9bfb-0705919241eb:group-DD7833F53F4E changes to CANDIDATE, lastRpcTime:1020, electionTimeout:1013ms
2019-09-10 13:19:08,989 [Thread-395] INFO  impl.RoleInfo (RoleInfo.java:shutdownFollowerState(121)) - af983c11-9397-41ec-9bfb-0705919241eb: shutdown FollowerState
2019-09-10 13:19:08,989 [Thread-395] INFO  impl.RaftServerImpl (RaftServerImpl.java:setRole(174)) - af983c11-9397-41ec-9bfb-0705919241eb@group-DD7833F53F4E: changes role from  FOLLOWER to CANDIDATE at term 1 for changeToCandidate
2019-09-10 13:19:08,989 [Thread-395] INFO  impl.RoleInfo (RoleInfo.java:updateAndGet(143)) - af983c11-9397-41ec-9bfb-0705919241eb: start LeaderElection
2019-09-10 13:19:08,990 [77c590a9-0e60-42d8-bbf8-e31004d5a9e8@group-5DD09A43E0EE:LeaderElection20] INFO  impl.LeaderElection (LeaderElection.java:logAndReturn(56)) - 77c590a9-0e60-42d8-bbf8-e31004d5a9e8@group-5DD09A43E0EE:LeaderElection20: Election PASSED; received 1 response(s) [77c590a9-0e60-42d8-bbf8-e31004d5a9e8<-05e9b83b-b6ec-4168-9e18-fac302cf5421#0:OK-t2] and 0 exception(s); 77c590a9-0e60-42d8-bbf8-e31004d5a9e8@group-5DD09A43E0EE:t2, leader=null, voted=77c590a9-0e60-42d8-bbf8-e31004d5a9e8, raftlog=77c590a9-0e60-42d8-bbf8-e31004d5a9e8@group-5DD09A43E0EE-SegmentedRaftLog:OPENED:c-1,f-1,i0, conf=-1: [598fdd25-f3b3-418d-bbd3-bcbfa35279b9:192.168.34.50:46100, 77c590a9-0e60-42d8-bbf8-e31004d5a9e8:192.168.34.50:41260, 05e9b83b-b6ec-4168-9e18-fac302cf5421:192.168.34.50:39992], old=null
2019-09-10 13:19:08,991 [77c590a9-0e60-42d8-bbf8-e31004d5a9e8@group-5DD09A43E0EE:LeaderElection20] INFO  impl.RoleInfo (RoleInfo.java:shutdownLeaderElection(134)) - 77c590a9-0e60-42d8-bbf8-e31004d5a9e8: shutdown LeaderElection
2019-09-10 13:19:08,991 [77c590a9-0e60-42d8-bbf8-e31004d5a9e8@group-5DD09A43E0EE:LeaderElection20] INFO  impl.RaftServerImpl (RaftServerImpl.java:setRole(174)) - 77c590a9-0e60-42d8-bbf8-e31004d5a9e8@group-5DD09A43E0EE: changes role from CANDIDATE to LEADER at term 2 for changeToLeader
2019-09-10 13:19:08,995 [77c590a9-0e60-42d8-bbf8-e31004d5a9e8@group-5DD09A43E0EE:LeaderElection20] INFO  impl.RaftServerImpl (ServerState.java:setLeader(253)) - 77c590a9-0e60-42d8-bbf8-e31004d5a9e8@group-5DD09A43E0EE: change Leader from null to 77c590a9-0e60-42d8-bbf8-e31004d5a9e8 at term 2 for becomeLeader, leader elected after 2701ms
2019-09-10 13:19:08,995 [77c590a9-0e60-42d8-bbf8-e31004d5a9e8@group-5DD09A43E0EE:LeaderElection20] INFO  server.RaftServerConfigKeys (ConfUtils.java:logGet(43)) - raft.server.staging.catchup.gap = 1000 (default)
2019-09-10 13:19:08,995 [77c590a9-0e60-42d8-bbf8-e31004d5a9e8@group-5DD09A43E0EE:LeaderElection20] INFO  server.RaftServerConfigKeys (ConfUtils.java:logGet(43)) - raft.server.rpc.sleep.time = 25ms (default)
2019-09-10 13:19:08,996 [77c590a9-0e60-42d8-bbf8-e31004d5a9e8@group-5DD09A43E0EE:LeaderElection20] INFO  server.RaftServerConfigKeys (ConfUtils.java:logGet(43)) - raft.server.write.element-limit = 4096 (default)
2019-09-10 13:19:08,996 [77c590a9-0e60-42d8-bbf8-e31004d5a9e8@group-5DD09A43E0EE:LeaderElection20] INFO  server.RaftServerConfigKeys (ConfUtils.java:logGet(43)) - raft.server.watch.timeout = 10s (default)
2019-09-10 13:19:08,996 [77c590a9-0e60-42d8-bbf8-e31004d5a9e8@group-5DD09A43E0EE:LeaderElection20] INFO  server.RaftServerConfigKeys (ConfUtils.java:logGet(43)) - raft.server.watch.timeout.denomination = 1s (default)
2019-09-10 13:19:08,996 [77c590a9-0e60-42d8-bbf8-e31004d5a9e8@group-5DD09A43E0EE:LeaderElection20] INFO  server.RaftServerConfigKeys (ConfUtils.java:logGet(43)) - raft.server.watch.element-limit = 65536 (default)
2019-09-10 13:19:09,002 [77c590a9-0e60-42d8-bbf8-e31004d5a9e8@group-5DD09A43E0EE:LeaderElection20] INFO  server.RaftServerConfigKeys (ConfUtils.java:logGet(43)) - raft.server.log.appender.snapshot.chunk.size.max = 16MB (=16777216) (default)
2019-09-10 13:19:09,002 [77c590a9-0e60-42d8-bbf8-e31004d5a9e8@group-5DD09A43E0EE:LeaderElection20] INFO  server.RaftServerConfigKeys (ConfUtils.java:logGet(43)) - raft.server.log.appender.buffer.byte-limit = 33554432 (custom)
2019-09-10 13:19:09,003 [77c590a9-0e60-42d8-bbf8-e31004d5a9e8@group-5DD09A43E0EE:LeaderElection20] INFO  server.RaftServerConfigKeys (ConfUtils.java:logGet(43)) - raft.server.log.appender.buffer.element-limit = 1 (custom)
2019-09-10 13:19:09,007 [77c590a9-0e60-42d8-bbf8-e31004d5a9e8@group-5DD09A43E0EE:LeaderElection20] INFO  grpc.GrpcConfigKeys$Server (ConfUtils.java:logGet(43)) - raft.grpc.server.leader.outstanding.appends.max = 128 (default)
2019-09-10 13:19:09,010 [77c590a9-0e60-42d8-bbf8-e31004d5a9e8@group-5DD09A43E0EE:LeaderElection20] INFO  server.RaftServerConfigKeys (ConfUtils.java:logGet(43)) - raft.server.rpc.request.timeout = 3000ms (default)
2019-09-10 13:19:09,010 [77c590a9-0e60-42d8-bbf8-e31004d5a9e8@group-5DD09A43E0EE:LeaderElection20] INFO  server.RaftServerConfigKeys (ConfUtils.java:logGet(43)) - raft.server.log.appender.install.snapshot.enabled = false (custom)
2019-09-10 13:19:09,012 [77c590a9-0e60-42d8-bbf8-e31004d5a9e8@group-5DD09A43E0EE:LeaderElection20] INFO  server.RaftServerConfigKeys (ConfUtils.java:logGet(43)) - raft.server.log.appender.snapshot.chunk.size.max = 16MB (=16777216) (default)
2019-09-10 13:19:09,012 [77c590a9-0e60-42d8-bbf8-e31004d5a9e8@group-5DD09A43E0EE:LeaderElection20] INFO  server.RaftServerConfigKeys (ConfUtils.java:logGet(43)) - raft.server.log.appender.buffer.byte-limit = 33554432 (custom)
2019-09-10 13:19:09,012 [77c590a9-0e60-42d8-bbf8-e31004d5a9e8@group-5DD09A43E0EE:LeaderElection20] INFO  server.RaftServerConfigKeys (ConfUtils.java:logGet(43)) - raft.server.log.appender.buffer.element-limit = 1 (custom)
2019-09-10 13:19:09,012 [77c590a9-0e60-42d8-bbf8-e31004d5a9e8@group-5DD09A43E0EE:LeaderElection20] INFO  grpc.GrpcConfigKeys$Server (ConfUtils.java:logGet(43)) - raft.grpc.server.leader.outstanding.appends.max = 128 (default)
2019-09-10 13:19:09,012 [77c590a9-0e60-42d8-bbf8-e31004d5a9e8@group-5DD09A43E0EE:LeaderElection20] INFO  server.RaftServerConfigKeys (ConfUtils.java:logGet(43)) - raft.server.rpc.request.timeout = 3000ms (default)
2019-09-10 13:19:09,013 [77c590a9-0e60-42d8-bbf8-e31004d5a9e8@group-5DD09A43E0EE:LeaderElection20] INFO  server.RaftServerConfigKeys (ConfUtils.java:logGet(43)) - raft.server.log.appender.install.snapshot.enabled = false (custom)
2019-09-10 13:19:09,014 [af983c11-9397-41ec-9bfb-0705919241eb@group-DD7833F53F4E:LeaderElection21] INFO  impl.LeaderElection (LeaderElection.java:askForVotes(182)) - af983c11-9397-41ec-9bfb-0705919241eb@group-DD7833F53F4E:LeaderElection21: begin an election at term 2 for -1: [af983c11-9397-41ec-9bfb-0705919241eb:192.168.34.50:34977, fa25b701-8575-4c87-a8ca-f6672565109a:192.168.34.50:36005, c9bddf00-2197-4e52-a76a-1743bb04b5e3:192.168.34.50:40372], old=null
2019-09-10 13:19:09,017 [77c590a9-0e60-42d8-bbf8-e31004d5a9e8@group-5DD09A43E0EE:LeaderElection20] INFO  impl.RoleInfo (RoleInfo.java:updateAndGet(143)) - 77c590a9-0e60-42d8-bbf8-e31004d5a9e8: start LeaderState
2019-09-10 13:19:09,017 [77c590a9-0e60-42d8-bbf8-e31004d5a9e8@group-5DD09A43E0EE:LeaderElection20] INFO  segmented.SegmentedRaftLogWorker (SegmentedRaftLogWorker.java:startLogSegment(380)) - 77c590a9-0e60-42d8-bbf8-e31004d5a9e8@group-5DD09A43E0EE-SegmentedRaftLogWorker: Starting segment from index:0
2019-09-10 13:19:09,018 [77c590a9-0e60-42d8-bbf8-e31004d5a9e8@group-5DD09A43E0EE:LeaderElection20] INFO  impl.RaftServerImpl (ServerState.java:setRaftConf(354)) - 77c590a9-0e60-42d8-bbf8-e31004d5a9e8@group-5DD09A43E0EE: set configuration 0: [598fdd25-f3b3-418d-bbd3-bcbfa35279b9:192.168.34.50:46100, 77c590a9-0e60-42d8-bbf8-e31004d5a9e8:192.168.34.50:41260, 05e9b83b-b6ec-4168-9e18-fac302cf5421:192.168.34.50:39992], old=null at 0
2019-09-10 13:19:09,048 [Thread-393] INFO  impl.FollowerState (FollowerState.java:run(106)) - c9bddf00-2197-4e52-a76a-1743bb04b5e3:group-DD7833F53F4E changes to CANDIDATE, lastRpcTime:1145, electionTimeout:1123ms
2019-09-10 13:19:09,048 [Thread-393] INFO  impl.RoleInfo (RoleInfo.java:shutdownFollowerState(121)) - c9bddf00-2197-4e52-a76a-1743bb04b5e3: shutdown FollowerState
2019-09-10 13:19:09,048 [Thread-393] INFO  impl.RaftServerImpl (RaftServerImpl.java:setRole(174)) - c9bddf00-2197-4e52-a76a-1743bb04b5e3@group-DD7833F53F4E: changes role from  FOLLOWER to CANDIDATE at term 1 for changeToCandidate
2019-09-10 13:19:09,048 [Thread-393] INFO  impl.RoleInfo (RoleInfo.java:updateAndGet(143)) - c9bddf00-2197-4e52-a76a-1743bb04b5e3: start LeaderElection
2019-09-10 13:19:09,050 [grpc-default-executor-0] INFO  impl.RaftServerImpl (RaftServerImpl.java:setRole(174)) - fa25b701-8575-4c87-a8ca-f6672565109a@group-DD7833F53F4E: changes role from  FOLLOWER to FOLLOWER at term 2 for recognizeCandidate:af983c11-9397-41ec-9bfb-0705919241eb
2019-09-10 13:19:09,050 [grpc-default-executor-0] INFO  impl.RoleInfo (RoleInfo.java:shutdownFollowerState(121)) - fa25b701-8575-4c87-a8ca-f6672565109a: shutdown FollowerState
2019-09-10 13:19:09,051 [Thread-397] INFO  impl.FollowerState (FollowerState.java:run(115)) - fa25b701-8575-4c87-a8ca-f6672565109a: FollowerState was interrupted: java.lang.InterruptedException: sleep interrupted
2019-09-10 13:19:09,051 [grpc-default-executor-0] INFO  impl.RoleInfo (RoleInfo.java:updateAndGet(143)) - fa25b701-8575-4c87-a8ca-f6672565109a: start FollowerState
2019-09-10 13:19:09,060 [77c590a9-0e60-42d8-bbf8-e31004d5a9e8@group-5DD09A43E0EE-SegmentedRaftLogWorker] INFO  segmented.SegmentedRaftLogWorker (SegmentedRaftLogWorker.java:execute(569)) - 77c590a9-0e60-42d8-bbf8-e31004d5a9e8@group-5DD09A43E0EE-SegmentedRaftLogWorker: created new log segment /workdir/hadoop-ozone/integration-test/target/test-dir/MiniOzoneClusterImpl-bbba21db-ec34-461e-a1c1-b53f0753d0be/datanode-1/data/ratis/a1875e11-a122-4470-9655-5dd09a43e0ee/current/log_inprogress_0
2019-09-10 13:19:09,060 [c9bddf00-2197-4e52-a76a-1743bb04b5e3@group-DD7833F53F4E:LeaderElection22] INFO  impl.LeaderElection (LeaderElection.java:askForVotes(182)) - c9bddf00-2197-4e52-a76a-1743bb04b5e3@group-DD7833F53F4E:LeaderElection22: begin an election at term 2 for -1: [af983c11-9397-41ec-9bfb-0705919241eb:192.168.34.50:34977, fa25b701-8575-4c87-a8ca-f6672565109a:192.168.34.50:36005, c9bddf00-2197-4e52-a76a-1743bb04b5e3:192.168.34.50:40372], old=null
2019-09-10 13:19:09,062 [af983c11-9397-41ec-9bfb-0705919241eb@group-DD7833F53F4E:LeaderElection21] INFO  impl.LeaderElection (LeaderElection.java:logAndReturn(56)) - af983c11-9397-41ec-9bfb-0705919241eb@group-DD7833F53F4E:LeaderElection21: Election PASSED; received 1 response(s) [af983c11-9397-41ec-9bfb-0705919241eb<-fa25b701-8575-4c87-a8ca-f6672565109a#0:OK-t2] and 0 exception(s); af983c11-9397-41ec-9bfb-0705919241eb@group-DD7833F53F4E:t2, leader=null, voted=af983c11-9397-41ec-9bfb-0705919241eb, raftlog=af983c11-9397-41ec-9bfb-0705919241eb@group-DD7833F53F4E-SegmentedRaftLog:OPENED:c-1,f-1,i0, conf=-1: [af983c11-9397-41ec-9bfb-0705919241eb:192.168.34.50:34977, fa25b701-8575-4c87-a8ca-f6672565109a:192.168.34.50:36005, c9bddf00-2197-4e52-a76a-1743bb04b5e3:192.168.34.50:40372], old=null
2019-09-10 13:19:09,063 [af983c11-9397-41ec-9bfb-0705919241eb@group-DD7833F53F4E:LeaderElection21] INFO  impl.RoleInfo (RoleInfo.java:shutdownLeaderElection(134)) - af983c11-9397-41ec-9bfb-0705919241eb: shutdown LeaderElection
2019-09-10 13:19:09,066 [af983c11-9397-41ec-9bfb-0705919241eb@group-DD7833F53F4E:LeaderElection21] INFO  impl.RaftServerImpl (RaftServerImpl.java:setRole(174)) - af983c11-9397-41ec-9bfb-0705919241eb@group-DD7833F53F4E: changes role from CANDIDATE to LEADER at term 2 for changeToLeader
2019-09-10 13:19:09,066 [af983c11-9397-41ec-9bfb-0705919241eb@group-DD7833F53F4E:LeaderElection21] INFO  impl.RaftServerImpl (ServerState.java:setLeader(253)) - af983c11-9397-41ec-9bfb-0705919241eb@group-DD7833F53F4E: change Leader from null to af983c11-9397-41ec-9bfb-0705919241eb at term 2 for becomeLeader, leader elected after 2635ms
2019-09-10 13:19:09,069 [af983c11-9397-41ec-9bfb-0705919241eb@group-DD7833F53F4E:LeaderElection21] INFO  server.RaftServerConfigKeys (ConfUtils.java:logGet(43)) - raft.server.staging.catchup.gap = 1000 (default)
2019-09-10 13:19:09,069 [af983c11-9397-41ec-9bfb-0705919241eb@group-DD7833F53F4E:LeaderElection21] INFO  server.RaftServerConfigKeys (ConfUtils.java:logGet(43)) - raft.server.rpc.sleep.time = 25ms (default)
2019-09-10 13:19:09,069 [af983c11-9397-41ec-9bfb-0705919241eb@group-DD7833F53F4E:LeaderElection21] INFO  server.RaftServerConfigKeys (ConfUtils.java:logGet(43)) - raft.server.write.element-limit = 4096 (default)
2019-09-10 13:19:09,070 [af983c11-9397-41ec-9bfb-0705919241eb@group-DD7833F53F4E:LeaderElection21] INFO  server.RaftServerConfigKeys (ConfUtils.java:logGet(43)) - raft.server.watch.timeout = 10s (default)
2019-09-10 13:19:09,070 [af983c11-9397-41ec-9bfb-0705919241eb@group-DD7833F53F4E:LeaderElection21] INFO  server.RaftServerConfigKeys (ConfUtils.java:logGet(43)) - raft.server.watch.timeout.denomination = 1s (default)
2019-09-10 13:19:09,070 [af983c11-9397-41ec-9bfb-0705919241eb@group-DD7833F53F4E:LeaderElection21] INFO  server.RaftServerConfigKeys (ConfUtils.java:logGet(43)) - raft.server.watch.element-limit = 65536 (default)
2019-09-10 13:19:09,078 [af983c11-9397-41ec-9bfb-0705919241eb@group-DD7833F53F4E:LeaderElection21] INFO  server.RaftServerConfigKeys (ConfUtils.java:logGet(43)) - raft.server.log.appender.snapshot.chunk.size.max = 16MB (=16777216) (default)
2019-09-10 13:19:09,083 [af983c11-9397-41ec-9bfb-0705919241eb@group-DD7833F53F4E:LeaderElection21] INFO  server.RaftServerConfigKeys (ConfUtils.java:logGet(43)) - raft.server.log.appender.buffer.byte-limit = 33554432 (custom)
2019-09-10 13:19:09,083 [grpc-default-executor-5] INFO  impl.RaftServerImpl (ServerState.java:setLeader(253)) - 598fdd25-f3b3-418d-bbd3-bcbfa35279b9@group-5DD09A43E0EE: change Leader from null to 77c590a9-0e60-42d8-bbf8-e31004d5a9e8 at term 2 for appendEntries, leader elected after 2789ms
2019-09-10 13:19:09,083 [grpc-default-executor-0] INFO  impl.RaftServerImpl (ServerState.java:setLeader(253)) - 05e9b83b-b6ec-4168-9e18-fac302cf5421@group-5DD09A43E0EE: change Leader from null to 77c590a9-0e60-42d8-bbf8-e31004d5a9e8 at term 2 for appendEntries, leader elected after 2788ms
2019-09-10 13:19:09,086 [af983c11-9397-41ec-9bfb-0705919241eb@group-DD7833F53F4E:LeaderElection21] INFO  server.RaftServerConfigKeys (ConfUtils.java:logGet(43)) - raft.server.log.appender.buffer.element-limit = 1 (custom)
2019-09-10 13:19:09,087 [af983c11-9397-41ec-9bfb-0705919241eb@group-DD7833F53F4E:LeaderElection21] INFO  grpc.GrpcConfigKeys$Server (ConfUtils.java:logGet(43)) - raft.grpc.server.leader.outstanding.appends.max = 128 (default)
2019-09-10 13:19:09,087 [af983c11-9397-41ec-9bfb-0705919241eb@group-DD7833F53F4E:LeaderElection21] INFO  server.RaftServerConfigKeys (ConfUtils.java:logGet(43)) - raft.server.rpc.request.timeout = 3000ms (default)
2019-09-10 13:19:09,088 [af983c11-9397-41ec-9bfb-0705919241eb@group-DD7833F53F4E:LeaderElection21] INFO  server.RaftServerConfigKeys (ConfUtils.java:logGet(43)) - raft.server.log.appender.install.snapshot.enabled = false (custom)
2019-09-10 13:19:09,088 [af983c11-9397-41ec-9bfb-0705919241eb@group-DD7833F53F4E:LeaderElection21] INFO  server.RaftServerConfigKeys (ConfUtils.java:logGet(43)) - raft.server.log.appender.snapshot.chunk.size.max = 16MB (=16777216) (default)
2019-09-10 13:19:09,088 [af983c11-9397-41ec-9bfb-0705919241eb@group-DD7833F53F4E:LeaderElection21] INFO  server.RaftServerConfigKeys (ConfUtils.java:logGet(43)) - raft.server.log.appender.buffer.byte-limit = 33554432 (custom)
2019-09-10 13:19:09,089 [af983c11-9397-41ec-9bfb-0705919241eb@group-DD7833F53F4E:LeaderElection21] INFO  server.RaftServerConfigKeys (ConfUtils.java:logGet(43)) - raft.server.log.appender.buffer.element-limit = 1 (custom)
2019-09-10 13:19:09,092 [af983c11-9397-41ec-9bfb-0705919241eb@group-DD7833F53F4E:LeaderElection21] INFO  grpc.GrpcConfigKeys$Server (ConfUtils.java:logGet(43)) - raft.grpc.server.leader.outstanding.appends.max = 128 (default)
2019-09-10 13:19:09,092 [af983c11-9397-41ec-9bfb-0705919241eb@group-DD7833F53F4E:LeaderElection21] INFO  server.RaftServerConfigKeys (ConfUtils.java:logGet(43)) - raft.server.rpc.request.timeout = 3000ms (default)
2019-09-10 13:19:09,092 [af983c11-9397-41ec-9bfb-0705919241eb@group-DD7833F53F4E:LeaderElection21] INFO  server.RaftServerConfigKeys (ConfUtils.java:logGet(43)) - raft.server.log.appender.install.snapshot.enabled = false (custom)
2019-09-10 13:19:09,095 [af983c11-9397-41ec-9bfb-0705919241eb@group-DD7833F53F4E:LeaderElection21] INFO  impl.RoleInfo (RoleInfo.java:updateAndGet(143)) - af983c11-9397-41ec-9bfb-0705919241eb: start LeaderState
2019-09-10 13:19:09,096 [af983c11-9397-41ec-9bfb-0705919241eb@group-DD7833F53F4E:LeaderElection21] INFO  segmented.SegmentedRaftLogWorker (SegmentedRaftLogWorker.java:startLogSegment(380)) - af983c11-9397-41ec-9bfb-0705919241eb@group-DD7833F53F4E-SegmentedRaftLogWorker: Starting segment from index:0
2019-09-10 13:19:09,101 [af983c11-9397-41ec-9bfb-0705919241eb@group-DD7833F53F4E:LeaderElection21] INFO  impl.RaftServerImpl (ServerState.java:setRaftConf(354)) - af983c11-9397-41ec-9bfb-0705919241eb@group-DD7833F53F4E: set configuration 0: [af983c11-9397-41ec-9bfb-0705919241eb:192.168.34.50:34977, fa25b701-8575-4c87-a8ca-f6672565109a:192.168.34.50:36005, c9bddf00-2197-4e52-a76a-1743bb04b5e3:192.168.34.50:40372], old=null at 0
2019-09-10 13:19:09,129 [Thread-398] INFO  impl.FollowerState (FollowerState.java:run(106)) - 0f4aa411-f22d-408f-a3ae-026c0e4d845c:group-447053F58748 changes to CANDIDATE, lastRpcTime:1105, electionTimeout:1097ms
2019-09-10 13:19:09,130 [grpc-default-executor-3] INFO  impl.RaftServerImpl (RaftServerImpl.java:requestVote(758)) - af983c11-9397-41ec-9bfb-0705919241eb@group-DD7833F53F4E-   LEADER: Withhold vote from candidate c9bddf00-2197-4e52-a76a-1743bb04b5e3 with term 2. State: leader=af983c11-9397-41ec-9bfb-0705919241eb, term=2, lastRpcElapsed=null
2019-09-10 13:19:09,130 [Thread-398] INFO  impl.RoleInfo (RoleInfo.java:shutdownFollowerState(121)) - 0f4aa411-f22d-408f-a3ae-026c0e4d845c: shutdown FollowerState
2019-09-10 13:19:09,130 [Thread-398] INFO  impl.RaftServerImpl (RaftServerImpl.java:setRole(174)) - 0f4aa411-f22d-408f-a3ae-026c0e4d845c@group-447053F58748: changes role from  FOLLOWER to CANDIDATE at term 1 for changeToCandidate
2019-09-10 13:19:09,131 [Thread-398] INFO  impl.RoleInfo (RoleInfo.java:updateAndGet(143)) - 0f4aa411-f22d-408f-a3ae-026c0e4d845c: start LeaderElection
2019-09-10 13:19:09,133 [grpc-default-executor-3] INFO  impl.RaftServerImpl (ServerState.java:setLeader(253)) - fa25b701-8575-4c87-a8ca-f6672565109a@group-DD7833F53F4E: change Leader from null to af983c11-9397-41ec-9bfb-0705919241eb at term 2 for appendEntries, leader elected after 2702ms
2019-09-10 13:19:09,134 [c9bddf00-2197-4e52-a76a-1743bb04b5e3@group-DD7833F53F4E:LeaderElection22] INFO  impl.LeaderElection (LeaderElection.java:logAndReturn(56)) - c9bddf00-2197-4e52-a76a-1743bb04b5e3@group-DD7833F53F4E:LeaderElection22: Election REJECTED; received 2 response(s) [c9bddf00-2197-4e52-a76a-1743bb04b5e3<-af983c11-9397-41ec-9bfb-0705919241eb#0:FAIL-t2, c9bddf00-2197-4e52-a76a-1743bb04b5e3<-fa25b701-8575-4c87-a8ca-f6672565109a#0:FAIL-t2] and 0 exception(s); c9bddf00-2197-4e52-a76a-1743bb04b5e3@group-DD7833F53F4E:t2, leader=null, voted=c9bddf00-2197-4e52-a76a-1743bb04b5e3, raftlog=c9bddf00-2197-4e52-a76a-1743bb04b5e3@group-DD7833F53F4E-SegmentedRaftLog:OPENED:c-1,f-1,i0, conf=-1: [af983c11-9397-41ec-9bfb-0705919241eb:192.168.34.50:34977, fa25b701-8575-4c87-a8ca-f6672565109a:192.168.34.50:36005, c9bddf00-2197-4e52-a76a-1743bb04b5e3:192.168.34.50:40372], old=null
2019-09-10 13:19:09,134 [c9bddf00-2197-4e52-a76a-1743bb04b5e3@group-DD7833F53F4E:LeaderElection22] INFO  impl.RaftServerImpl (RaftServerImpl.java:setRole(174)) - c9bddf00-2197-4e52-a76a-1743bb04b5e3@group-DD7833F53F4E: changes role from CANDIDATE to FOLLOWER at term 2 for DISCOVERED_A_NEW_TERM
2019-09-10 13:19:09,142 [c9bddf00-2197-4e52-a76a-1743bb04b5e3@group-DD7833F53F4E:LeaderElection22] INFO  impl.RoleInfo (RoleInfo.java:shutdownLeaderElection(134)) - c9bddf00-2197-4e52-a76a-1743bb04b5e3: shutdown LeaderElection
2019-09-10 13:19:09,143 [c9bddf00-2197-4e52-a76a-1743bb04b5e3@group-DD7833F53F4E:LeaderElection22] INFO  impl.RoleInfo (RoleInfo.java:updateAndGet(143)) - c9bddf00-2197-4e52-a76a-1743bb04b5e3: start FollowerState
2019-09-10 13:19:09,147 [grpc-default-executor-1] INFO  impl.RaftServerImpl (ServerState.java:setLeader(253)) - c9bddf00-2197-4e52-a76a-1743bb04b5e3@group-DD7833F53F4E: change Leader from null to af983c11-9397-41ec-9bfb-0705919241eb at term 2 for appendEntries, leader elected after 2713ms
2019-09-10 13:19:09,156 [af983c11-9397-41ec-9bfb-0705919241eb@group-DD7833F53F4E-SegmentedRaftLogWorker] INFO  segmented.SegmentedRaftLogWorker (SegmentedRaftLogWorker.java:execute(569)) - af983c11-9397-41ec-9bfb-0705919241eb@group-DD7833F53F4E-SegmentedRaftLogWorker: created new log segment /workdir/hadoop-ozone/integration-test/target/test-dir/MiniOzoneClusterImpl-bbba21db-ec34-461e-a1c1-b53f0753d0be/datanode-0/data/ratis/96240272-0a0b-4b42-9081-dd7833f53f4e/current/log_inprogress_0
2019-09-10 13:19:09,157 [0f4aa411-f22d-408f-a3ae-026c0e4d845c@group-447053F58748:LeaderElection23] INFO  impl.LeaderElection (LeaderElection.java:askForVotes(182)) - 0f4aa411-f22d-408f-a3ae-026c0e4d845c@group-447053F58748:LeaderElection23: begin an election at term 2 for -1: [82b87940-075a-4240-9714-83f9b1f11359:192.168.34.50:33168, e5557321-17be-433a-8d96-d7d186384118:192.168.34.50:36666, 0f4aa411-f22d-408f-a3ae-026c0e4d845c:192.168.34.50:36087], old=null
2019-09-10 13:19:09,164 [grpc-default-executor-0] INFO  impl.RaftServerImpl (RaftServerImpl.java:setRole(174)) - 82b87940-075a-4240-9714-83f9b1f11359@group-447053F58748: changes role from  FOLLOWER to FOLLOWER at term 2 for recognizeCandidate:0f4aa411-f22d-408f-a3ae-026c0e4d845c
2019-09-10 13:19:09,164 [grpc-default-executor-5] INFO  impl.RaftServerImpl (RaftServerImpl.java:setRole(174)) - e5557321-17be-433a-8d96-d7d186384118@group-447053F58748: changes role from  FOLLOWER to FOLLOWER at term 2 for recognizeCandidate:0f4aa411-f22d-408f-a3ae-026c0e4d845c
2019-09-10 13:19:09,164 [grpc-default-executor-0] INFO  impl.RoleInfo (RoleInfo.java:shutdownFollowerState(121)) - 82b87940-075a-4240-9714-83f9b1f11359: shutdown FollowerState
2019-09-10 13:19:09,164 [grpc-default-executor-5] INFO  impl.RoleInfo (RoleInfo.java:shutdownFollowerState(121)) - e5557321-17be-433a-8d96-d7d186384118: shutdown FollowerState
2019-09-10 13:19:09,164 [grpc-default-executor-0] INFO  impl.RoleInfo (RoleInfo.java:updateAndGet(143)) - 82b87940-075a-4240-9714-83f9b1f11359: start FollowerState
2019-09-10 13:19:09,164 [Thread-400] INFO  impl.FollowerState (FollowerState.java:run(115)) - 82b87940-075a-4240-9714-83f9b1f11359: FollowerState was interrupted: java.lang.InterruptedException: sleep interrupted
2019-09-10 13:19:09,164 [Thread-399] INFO  impl.FollowerState (FollowerState.java:run(115)) - e5557321-17be-433a-8d96-d7d186384118: FollowerState was interrupted: java.lang.InterruptedException: sleep interrupted
2019-09-10 13:19:09,164 [grpc-default-executor-5] INFO  impl.RoleInfo (RoleInfo.java:updateAndGet(143)) - e5557321-17be-433a-8d96-d7d186384118: start FollowerState
2019-09-10 13:19:09,169 [grpc-default-executor-3] INFO  impl.RaftServerImpl (ServerState.java:setRaftConf(354)) - c9bddf00-2197-4e52-a76a-1743bb04b5e3@group-DD7833F53F4E: set configuration 0: [af983c11-9397-41ec-9bfb-0705919241eb:192.168.34.50:34977, fa25b701-8575-4c87-a8ca-f6672565109a:192.168.34.50:36005, c9bddf00-2197-4e52-a76a-1743bb04b5e3:192.168.34.50:40372], old=null at 0
2019-09-10 13:19:09,169 [grpc-default-executor-4] INFO  impl.RaftServerImpl (ServerState.java:setRaftConf(354)) - 05e9b83b-b6ec-4168-9e18-fac302cf5421@group-5DD09A43E0EE: set configuration 0: [598fdd25-f3b3-418d-bbd3-bcbfa35279b9:192.168.34.50:46100, 77c590a9-0e60-42d8-bbf8-e31004d5a9e8:192.168.34.50:41260, 05e9b83b-b6ec-4168-9e18-fac302cf5421:192.168.34.50:39992], old=null at 0
2019-09-10 13:19:09,169 [grpc-default-executor-1] INFO  impl.RaftServerImpl (ServerState.java:setRaftConf(354)) - fa25b701-8575-4c87-a8ca-f6672565109a@group-DD7833F53F4E: set configuration 0: [af983c11-9397-41ec-9bfb-0705919241eb:192.168.34.50:34977, fa25b701-8575-4c87-a8ca-f6672565109a:192.168.34.50:36005, c9bddf00-2197-4e52-a76a-1743bb04b5e3:192.168.34.50:40372], old=null at 0
2019-09-10 13:19:09,169 [grpc-default-executor-2] INFO  impl.RaftServerImpl (ServerState.java:setRaftConf(354)) - 598fdd25-f3b3-418d-bbd3-bcbfa35279b9@group-5DD09A43E0EE: set configuration 0: [598fdd25-f3b3-418d-bbd3-bcbfa35279b9:192.168.34.50:46100, 77c590a9-0e60-42d8-bbf8-e31004d5a9e8:192.168.34.50:41260, 05e9b83b-b6ec-4168-9e18-fac302cf5421:192.168.34.50:39992], old=null at 0
2019-09-10 13:19:09,169 [grpc-default-executor-1] INFO  segmented.SegmentedRaftLogWorker (SegmentedRaftLogWorker.java:startLogSegment(380)) - fa25b701-8575-4c87-a8ca-f6672565109a@group-DD7833F53F4E-SegmentedRaftLogWorker: Starting segment from index:0
2019-09-10 13:19:09,169 [grpc-default-executor-4] INFO  segmented.SegmentedRaftLogWorker (SegmentedRaftLogWorker.java:startLogSegment(380)) - 05e9b83b-b6ec-4168-9e18-fac302cf5421@group-5DD09A43E0EE-SegmentedRaftLogWorker: Starting segment from index:0
2019-09-10 13:19:09,169 [grpc-default-executor-3] INFO  segmented.SegmentedRaftLogWorker (SegmentedRaftLogWorker.java:startLogSegment(380)) - c9bddf00-2197-4e52-a76a-1743bb04b5e3@group-DD7833F53F4E-SegmentedRaftLogWorker: Starting segment from index:0
2019-09-10 13:19:09,169 [grpc-default-executor-2] INFO  segmented.SegmentedRaftLogWorker (SegmentedRaftLogWorker.java:startLogSegment(380)) - 598fdd25-f3b3-418d-bbd3-bcbfa35279b9@group-5DD09A43E0EE-SegmentedRaftLogWorker: Starting segment from index:0
2019-09-10 13:19:09,183 [0f4aa411-f22d-408f-a3ae-026c0e4d845c@group-447053F58748:LeaderElection23] INFO  impl.LeaderElection (LeaderElection.java:logAndReturn(56)) - 0f4aa411-f22d-408f-a3ae-026c0e4d845c@group-447053F58748:LeaderElection23: Election PASSED; received 1 response(s) [0f4aa411-f22d-408f-a3ae-026c0e4d845c<-82b87940-075a-4240-9714-83f9b1f11359#0:OK-t2] and 0 exception(s); 0f4aa411-f22d-408f-a3ae-026c0e4d845c@group-447053F58748:t2, leader=null, voted=0f4aa411-f22d-408f-a3ae-026c0e4d845c, raftlog=0f4aa411-f22d-408f-a3ae-026c0e4d845c@group-447053F58748-SegmentedRaftLog:OPENED:c-1,f-1,i0, conf=-1: [82b87940-075a-4240-9714-83f9b1f11359:192.168.34.50:33168, e5557321-17be-433a-8d96-d7d186384118:192.168.34.50:36666, 0f4aa411-f22d-408f-a3ae-026c0e4d845c:192.168.34.50:36087], old=null
2019-09-10 13:19:09,183 [0f4aa411-f22d-408f-a3ae-026c0e4d845c@group-447053F58748:LeaderElection23] INFO  impl.RoleInfo (RoleInfo.java:shutdownLeaderElection(134)) - 0f4aa411-f22d-408f-a3ae-026c0e4d845c: shutdown LeaderElection
2019-09-10 13:19:09,219 [0f4aa411-f22d-408f-a3ae-026c0e4d845c@group-447053F58748:LeaderElection23] INFO  impl.RaftServerImpl (RaftServerImpl.java:setRole(174)) - 0f4aa411-f22d-408f-a3ae-026c0e4d845c@group-447053F58748: changes role from CANDIDATE to LEADER at term 2 for changeToLeader
2019-09-10 13:19:09,219 [0f4aa411-f22d-408f-a3ae-026c0e4d845c@group-447053F58748:LeaderElection23] INFO  impl.RaftServerImpl (ServerState.java:setLeader(253)) - 0f4aa411-f22d-408f-a3ae-026c0e4d845c@group-447053F58748: change Leader from null to 0f4aa411-f22d-408f-a3ae-026c0e4d845c at term 2 for becomeLeader, leader elected after 2559ms
2019-09-10 13:19:09,219 [0f4aa411-f22d-408f-a3ae-026c0e4d845c@group-447053F58748:LeaderElection23] INFO  server.RaftServerConfigKeys (ConfUtils.java:logGet(43)) - raft.server.staging.catchup.gap = 1000 (default)
2019-09-10 13:19:09,219 [0f4aa411-f22d-408f-a3ae-026c0e4d845c@group-447053F58748:LeaderElection23] INFO  server.RaftServerConfigKeys (ConfUtils.java:logGet(43)) - raft.server.rpc.sleep.time = 25ms (default)
2019-09-10 13:19:09,220 [0f4aa411-f22d-408f-a3ae-026c0e4d845c@group-447053F58748:LeaderElection23] INFO  server.RaftServerConfigKeys (ConfUtils.java:logGet(43)) - raft.server.write.element-limit = 4096 (default)
2019-09-10 13:19:09,220 [0f4aa411-f22d-408f-a3ae-026c0e4d845c@group-447053F58748:LeaderElection23] INFO  server.RaftServerConfigKeys (ConfUtils.java:logGet(43)) - raft.server.watch.timeout = 10s (default)
2019-09-10 13:19:09,220 [0f4aa411-f22d-408f-a3ae-026c0e4d845c@group-447053F58748:LeaderElection23] INFO  server.RaftServerConfigKeys (ConfUtils.java:logGet(43)) - raft.server.watch.timeout.denomination = 1s (default)
2019-09-10 13:19:09,220 [0f4aa411-f22d-408f-a3ae-026c0e4d845c@group-447053F58748:LeaderElection23] INFO  server.RaftServerConfigKeys (ConfUtils.java:logGet(43)) - raft.server.watch.element-limit = 65536 (default)
2019-09-10 13:19:09,223 [0f4aa411-f22d-408f-a3ae-026c0e4d845c@group-447053F58748:LeaderElection23] INFO  server.RaftServerConfigKeys (ConfUtils.java:logGet(43)) - raft.server.log.appender.snapshot.chunk.size.max = 16MB (=16777216) (default)
2019-09-10 13:19:09,224 [0f4aa411-f22d-408f-a3ae-026c0e4d845c@group-447053F58748:LeaderElection23] INFO  server.RaftServerConfigKeys (ConfUtils.java:logGet(43)) - raft.server.log.appender.buffer.byte-limit = 33554432 (custom)
2019-09-10 13:19:09,224 [0f4aa411-f22d-408f-a3ae-026c0e4d845c@group-447053F58748:LeaderElection23] INFO  server.RaftServerConfigKeys (ConfUtils.java:logGet(43)) - raft.server.log.appender.buffer.element-limit = 1 (custom)
2019-09-10 13:19:09,224 [0f4aa411-f22d-408f-a3ae-026c0e4d845c@group-447053F58748:LeaderElection23] INFO  grpc.GrpcConfigKeys$Server (ConfUtils.java:logGet(43)) - raft.grpc.server.leader.outstanding.appends.max = 128 (default)
2019-09-10 13:19:09,224 [0f4aa411-f22d-408f-a3ae-026c0e4d845c@group-447053F58748:LeaderElection23] INFO  server.RaftServerConfigKeys (ConfUtils.java:logGet(43)) - raft.server.rpc.request.timeout = 3000ms (default)
2019-09-10 13:19:09,225 [0f4aa411-f22d-408f-a3ae-026c0e4d845c@group-447053F58748:LeaderElection23] INFO  server.RaftServerConfigKeys (ConfUtils.java:logGet(43)) - raft.server.log.appender.install.snapshot.enabled = false (custom)
2019-09-10 13:19:09,225 [0f4aa411-f22d-408f-a3ae-026c0e4d845c@group-447053F58748:LeaderElection23] INFO  server.RaftServerConfigKeys (ConfUtils.java:logGet(43)) - raft.server.log.appender.snapshot.chunk.size.max = 16MB (=16777216) (default)
2019-09-10 13:19:09,225 [0f4aa411-f22d-408f-a3ae-026c0e4d845c@group-447053F58748:LeaderElection23] INFO  server.RaftServerConfigKeys (ConfUtils.java:logGet(43)) - raft.server.log.appender.buffer.byte-limit = 33554432 (custom)
2019-09-10 13:19:09,225 [0f4aa411-f22d-408f-a3ae-026c0e4d845c@group-447053F58748:LeaderElection23] INFO  server.RaftServerConfigKeys (ConfUtils.java:logGet(43)) - raft.server.log.appender.buffer.element-limit = 1 (custom)
2019-09-10 13:19:09,226 [0f4aa411-f22d-408f-a3ae-026c0e4d845c@group-447053F58748:LeaderElection23] INFO  grpc.GrpcConfigKeys$Server (ConfUtils.java:logGet(43)) - raft.grpc.server.leader.outstanding.appends.max = 128 (default)
2019-09-10 13:19:09,226 [0f4aa411-f22d-408f-a3ae-026c0e4d845c@group-447053F58748:LeaderElection23] INFO  server.RaftServerConfigKeys (ConfUtils.java:logGet(43)) - raft.server.rpc.request.timeout = 3000ms (default)
2019-09-10 13:19:09,226 [0f4aa411-f22d-408f-a3ae-026c0e4d845c@group-447053F58748:LeaderElection23] INFO  server.RaftServerConfigKeys (ConfUtils.java:logGet(43)) - raft.server.log.appender.install.snapshot.enabled = false (custom)
2019-09-10 13:19:09,227 [0f4aa411-f22d-408f-a3ae-026c0e4d845c@group-447053F58748:LeaderElection23] INFO  impl.RoleInfo (RoleInfo.java:updateAndGet(143)) - 0f4aa411-f22d-408f-a3ae-026c0e4d845c: start LeaderState
2019-09-10 13:19:09,227 [0f4aa411-f22d-408f-a3ae-026c0e4d845c@group-447053F58748:LeaderElection23] INFO  segmented.SegmentedRaftLogWorker (SegmentedRaftLogWorker.java:startLogSegment(380)) - 0f4aa411-f22d-408f-a3ae-026c0e4d845c@group-447053F58748-SegmentedRaftLogWorker: Starting segment from index:0
2019-09-10 13:19:09,228 [0f4aa411-f22d-408f-a3ae-026c0e4d845c@group-447053F58748:LeaderElection23] INFO  impl.RaftServerImpl (ServerState.java:setRaftConf(354)) - 0f4aa411-f22d-408f-a3ae-026c0e4d845c@group-447053F58748: set configuration 0: [82b87940-075a-4240-9714-83f9b1f11359:192.168.34.50:33168, e5557321-17be-433a-8d96-d7d186384118:192.168.34.50:36666, 0f4aa411-f22d-408f-a3ae-026c0e4d845c:192.168.34.50:36087], old=null at 0
2019-09-10 13:19:09,265 [598fdd25-f3b3-418d-bbd3-bcbfa35279b9@group-5DD09A43E0EE-SegmentedRaftLogWorker] INFO  segmented.SegmentedRaftLogWorker (SegmentedRaftLogWorker.java:execute(569)) - 598fdd25-f3b3-418d-bbd3-bcbfa35279b9@group-5DD09A43E0EE-SegmentedRaftLogWorker: created new log segment /workdir/hadoop-ozone/integration-test/target/test-dir/MiniOzoneClusterImpl-bbba21db-ec34-461e-a1c1-b53f0753d0be/datanode-2/data/ratis/a1875e11-a122-4470-9655-5dd09a43e0ee/current/log_inprogress_0
2019-09-10 13:19:09,265 [fa25b701-8575-4c87-a8ca-f6672565109a@group-DD7833F53F4E-SegmentedRaftLogWorker] INFO  segmented.SegmentedRaftLogWorker (SegmentedRaftLogWorker.java:execute(569)) - fa25b701-8575-4c87-a8ca-f6672565109a@group-DD7833F53F4E-SegmentedRaftLogWorker: created new log segment /workdir/hadoop-ozone/integration-test/target/test-dir/MiniOzoneClusterImpl-bbba21db-ec34-461e-a1c1-b53f0753d0be/datanode-7/data/ratis/96240272-0a0b-4b42-9081-dd7833f53f4e/current/log_inprogress_0
2019-09-10 13:19:09,265 [05e9b83b-b6ec-4168-9e18-fac302cf5421@group-5DD09A43E0EE-SegmentedRaftLogWorker] INFO  segmented.SegmentedRaftLogWorker (SegmentedRaftLogWorker.java:execute(569)) - 05e9b83b-b6ec-4168-9e18-fac302cf5421@group-5DD09A43E0EE-SegmentedRaftLogWorker: created new log segment /workdir/hadoop-ozone/integration-test/target/test-dir/MiniOzoneClusterImpl-bbba21db-ec34-461e-a1c1-b53f0753d0be/datanode-4/data/ratis/a1875e11-a122-4470-9655-5dd09a43e0ee/current/log_inprogress_0
2019-09-10 13:19:09,265 [c9bddf00-2197-4e52-a76a-1743bb04b5e3@group-DD7833F53F4E-SegmentedRaftLogWorker] INFO  segmented.SegmentedRaftLogWorker (SegmentedRaftLogWorker.java:execute(569)) - c9bddf00-2197-4e52-a76a-1743bb04b5e3@group-DD7833F53F4E-SegmentedRaftLogWorker: created new log segment /workdir/hadoop-ozone/integration-test/target/test-dir/MiniOzoneClusterImpl-bbba21db-ec34-461e-a1c1-b53f0753d0be/datanode-9/data/ratis/96240272-0a0b-4b42-9081-dd7833f53f4e/current/log_inprogress_0
2019-09-10 13:19:09,274 [grpc-default-executor-0] INFO  impl.RaftServerImpl (ServerState.java:setLeader(253)) - e5557321-17be-433a-8d96-d7d186384118@group-447053F58748: change Leader from null to 0f4aa411-f22d-408f-a3ae-026c0e4d845c at term 2 for appendEntries, leader elected after 2613ms
2019-09-10 13:19:09,274 [grpc-default-executor-5] INFO  impl.RaftServerImpl (ServerState.java:setLeader(253)) - 82b87940-075a-4240-9714-83f9b1f11359@group-447053F58748: change Leader from null to 0f4aa411-f22d-408f-a3ae-026c0e4d845c at term 2 for appendEntries, leader elected after 2615ms
2019-09-10 13:19:09,278 [grpc-default-executor-5] INFO  impl.RaftServerImpl (ServerState.java:setRaftConf(354)) - e5557321-17be-433a-8d96-d7d186384118@group-447053F58748: set configuration 0: [82b87940-075a-4240-9714-83f9b1f11359:192.168.34.50:33168, e5557321-17be-433a-8d96-d7d186384118:192.168.34.50:36666, 0f4aa411-f22d-408f-a3ae-026c0e4d845c:192.168.34.50:36087], old=null at 0
2019-09-10 13:19:09,278 [grpc-default-executor-0] INFO  impl.RaftServerImpl (ServerState.java:setRaftConf(354)) - 82b87940-075a-4240-9714-83f9b1f11359@group-447053F58748: set configuration 0: [82b87940-075a-4240-9714-83f9b1f11359:192.168.34.50:33168, e5557321-17be-433a-8d96-d7d186384118:192.168.34.50:36666, 0f4aa411-f22d-408f-a3ae-026c0e4d845c:192.168.34.50:36087], old=null at 0
2019-09-10 13:19:09,278 [grpc-default-executor-5] INFO  segmented.SegmentedRaftLogWorker (SegmentedRaftLogWorker.java:startLogSegment(380)) - e5557321-17be-433a-8d96-d7d186384118@group-447053F58748-SegmentedRaftLogWorker: Starting segment from index:0
2019-09-10 13:19:09,278 [grpc-default-executor-0] INFO  segmented.SegmentedRaftLogWorker (SegmentedRaftLogWorker.java:startLogSegment(380)) - 82b87940-075a-4240-9714-83f9b1f11359@group-447053F58748-SegmentedRaftLogWorker: Starting segment from index:0
2019-09-10 13:19:09,293 [0f4aa411-f22d-408f-a3ae-026c0e4d845c@group-447053F58748-SegmentedRaftLogWorker] INFO  segmented.SegmentedRaftLogWorker (SegmentedRaftLogWorker.java:execute(569)) - 0f4aa411-f22d-408f-a3ae-026c0e4d845c@group-447053F58748-SegmentedRaftLogWorker: created new log segment /workdir/hadoop-ozone/integration-test/target/test-dir/MiniOzoneClusterImpl-bbba21db-ec34-461e-a1c1-b53f0753d0be/datanode-3/data/ratis/82764ad5-c52e-41ab-bff6-447053f58748/current/log_inprogress_0
2019-09-10 13:19:09,349 [e5557321-17be-433a-8d96-d7d186384118@group-447053F58748-SegmentedRaftLogWorker] INFO  segmented.SegmentedRaftLogWorker (SegmentedRaftLogWorker.java:execute(569)) - e5557321-17be-433a-8d96-d7d186384118@group-447053F58748-SegmentedRaftLogWorker: created new log segment /workdir/hadoop-ozone/integration-test/target/test-dir/MiniOzoneClusterImpl-bbba21db-ec34-461e-a1c1-b53f0753d0be/datanode-5/data/ratis/82764ad5-c52e-41ab-bff6-447053f58748/current/log_inprogress_0
2019-09-10 13:19:09,349 [82b87940-075a-4240-9714-83f9b1f11359@group-447053F58748-SegmentedRaftLogWorker] INFO  segmented.SegmentedRaftLogWorker (SegmentedRaftLogWorker.java:execute(569)) - 82b87940-075a-4240-9714-83f9b1f11359@group-447053F58748-SegmentedRaftLogWorker: created new log segment /workdir/hadoop-ozone/integration-test/target/test-dir/MiniOzoneClusterImpl-bbba21db-ec34-461e-a1c1-b53f0753d0be/datanode-6/data/ratis/82764ad5-c52e-41ab-bff6-447053f58748/current/log_inprogress_0
2019-09-10 13:19:09,839 [grpc-default-executor-3] INFO  client.GrpcClientProtocolClient (GrpcClientProtocolClient.java:onNext(264)) - client-7A030D982070->0f4aa411-f22d-408f-a3ae-026c0e4d845c: receive RaftClientReply:client-7A030D982070->0f4aa411-f22d-408f-a3ae-026c0e4d845c@group-447053F58748, cid=19, SUCCESS, logIndex=1, commits[0f4aa411-f22d-408f-a3ae-026c0e4d845c:c1, 82b87940-075a-4240-9714-83f9b1f11359:c0, e5557321-17be-433a-8d96-d7d186384118:c0]
2019-09-10 13:19:09,983 [grpc-default-executor-2] INFO  client.GrpcClientProtocolClient (GrpcClientProtocolClient.java:onNext(264)) - client-7A030D982070->0f4aa411-f22d-408f-a3ae-026c0e4d845c: receive RaftClientReply:client-7A030D982070->0f4aa411-f22d-408f-a3ae-026c0e4d845c@group-447053F58748, cid=20, SUCCESS, logIndex=3, commits[0f4aa411-f22d-408f-a3ae-026c0e4d845c:c8, 82b87940-075a-4240-9714-83f9b1f11359:c6, e5557321-17be-433a-8d96-d7d186384118:c6]
2019-09-10 13:19:09,995 [grpc-default-executor-2] INFO  client.GrpcClientProtocolClient (GrpcClientProtocolClient.java:onNext(264)) - client-7A030D982070->0f4aa411-f22d-408f-a3ae-026c0e4d845c: receive RaftClientReply:client-7A030D982070->0f4aa411-f22d-408f-a3ae-026c0e4d845c@group-447053F58748, cid=21, SUCCESS, logIndex=4, commits[0f4aa411-f22d-408f-a3ae-026c0e4d845c:c8, 82b87940-075a-4240-9714-83f9b1f11359:c6, e5557321-17be-433a-8d96-d7d186384118:c6]
2019-09-10 13:19:10,056 [grpc-default-executor-2] INFO  client.GrpcClientProtocolClient (GrpcClientProtocolClient.java:onNext(264)) - client-7A030D982070->0f4aa411-f22d-408f-a3ae-026c0e4d845c: receive RaftClientReply:client-7A030D982070->0f4aa411-f22d-408f-a3ae-026c0e4d845c@group-447053F58748, cid=22, SUCCESS, logIndex=5, commits[0f4aa411-f22d-408f-a3ae-026c0e4d845c:c8, 82b87940-075a-4240-9714-83f9b1f11359:c6, e5557321-17be-433a-8d96-d7d186384118:c6]
2019-09-10 13:19:10,099 [grpc-default-executor-2] INFO  client.GrpcClientProtocolClient (GrpcClientProtocolClient.java:onNext(264)) - client-7A030D982070->0f4aa411-f22d-408f-a3ae-026c0e4d845c: receive RaftClientReply:client-7A030D982070->0f4aa411-f22d-408f-a3ae-026c0e4d845c@group-447053F58748, cid=23, SUCCESS, logIndex=9, commits[0f4aa411-f22d-408f-a3ae-026c0e4d845c:c10, 82b87940-075a-4240-9714-83f9b1f11359:c8, e5557321-17be-433a-8d96-d7d186384118:c8]
2019-09-10 13:19:10,100 [grpc-default-executor-2] INFO  client.GrpcClientProtocolClient (GrpcClientProtocolClient.java:onNext(264)) - client-7A030D982070->0f4aa411-f22d-408f-a3ae-026c0e4d845c: receive RaftClientReply:client-7A030D982070->0f4aa411-f22d-408f-a3ae-026c0e4d845c@group-447053F58748, cid=24, SUCCESS, logIndex=10, commits[0f4aa411-f22d-408f-a3ae-026c0e4d845c:c10, 82b87940-075a-4240-9714-83f9b1f11359:c8, e5557321-17be-433a-8d96-d7d186384118:c8]
2019-09-10 13:19:10,136 [grpc-default-executor-2] INFO  client.GrpcClientProtocolClient (GrpcClientProtocolClient.java:onNext(264)) - client-7A030D982070->0f4aa411-f22d-408f-a3ae-026c0e4d845c: receive RaftClientReply:client-7A030D982070->0f4aa411-f22d-408f-a3ae-026c0e4d845c@group-447053F58748, cid=25, SUCCESS, logIndex=11, commits[0f4aa411-f22d-408f-a3ae-026c0e4d845c:c12, 82b87940-075a-4240-9714-83f9b1f11359:c9, e5557321-17be-433a-8d96-d7d186384118:c10]
2019-09-10 13:19:10,136 [grpc-default-executor-2] INFO  client.GrpcClientProtocolClient (GrpcClientProtocolClient.java:onNext(264)) - client-7A030D982070->0f4aa411-f22d-408f-a3ae-026c0e4d845c: receive RaftClientReply:client-7A030D982070->0f4aa411-f22d-408f-a3ae-026c0e4d845c@group-447053F58748, cid=26, SUCCESS, logIndex=12, commits[0f4aa411-f22d-408f-a3ae-026c0e4d845c:c14, 82b87940-075a-4240-9714-83f9b1f11359:c10, e5557321-17be-433a-8d96-d7d186384118:c10]
2019-09-10 13:19:10,166 [grpc-default-executor-0] INFO  client.GrpcClientProtocolClient (GrpcClientProtocolClient.java:onNext(264)) - client-7A030D982070->0f4aa411-f22d-408f-a3ae-026c0e4d845c: receive RaftClientReply:client-7A030D982070->0f4aa411-f22d-408f-a3ae-026c0e4d845c@group-447053F58748, cid=27, SUCCESS, logIndex=0, commits[0f4aa411-f22d-408f-a3ae-026c0e4d845c:c16, 82b87940-075a-4240-9714-83f9b1f11359:c14, e5557321-17be-433a-8d96-d7d186384118:c12]
2019-09-10 13:19:10,198 [grpc-default-executor-0] INFO  client.GrpcClientProtocolClient (GrpcClientProtocolClient.java:onNext(264)) - client-093D0A94A8DC->fa25b701-8575-4c87-a8ca-f6672565109a: receive RaftClientReply:client-093D0A94A8DC->fa25b701-8575-4c87-a8ca-f6672565109a@group-DD7833F53F4E, cid=28, FAILED org.apache.ratis.protocol.NotLeaderException: Server fa25b701-8575-4c87-a8ca-f6672565109a@group-DD7833F53F4E is not the leader af983c11-9397-41ec-9bfb-0705919241eb:192.168.34.50:34977, logIndex=0, commits[fa25b701-8575-4c87-a8ca-f6672565109a:c0, af983c11-9397-41ec-9bfb-0705919241eb:c0, c9bddf00-2197-4e52-a76a-1743bb04b5e3:c-1]
2019-09-10 13:19:10,424 [grpc-default-executor-2] INFO  client.GrpcClientProtocolClient (GrpcClientProtocolClient.java:onNext(264)) - client-093D0A94A8DC->af983c11-9397-41ec-9bfb-0705919241eb: receive RaftClientReply:client-093D0A94A8DC->af983c11-9397-41ec-9bfb-0705919241eb@group-DD7833F53F4E, cid=28, SUCCESS, logIndex=1, commits[af983c11-9397-41ec-9bfb-0705919241eb:c1, fa25b701-8575-4c87-a8ca-f6672565109a:c0, c9bddf00-2197-4e52-a76a-1743bb04b5e3:c0]
2019-09-10 13:19:10,546 [grpc-default-executor-0] INFO  client.GrpcClientProtocolClient (GrpcClientProtocolClient.java:onNext(264)) - client-093D0A94A8DC->af983c11-9397-41ec-9bfb-0705919241eb: receive RaftClientReply:client-093D0A94A8DC->af983c11-9397-41ec-9bfb-0705919241eb@group-DD7833F53F4E, cid=29, SUCCESS, logIndex=3, commits[af983c11-9397-41ec-9bfb-0705919241eb:c7, fa25b701-8575-4c87-a8ca-f6672565109a:c4, c9bddf00-2197-4e52-a76a-1743bb04b5e3:c4]
2019-09-10 13:19:10,549 [grpc-default-executor-0] INFO  client.GrpcClientProtocolClient (GrpcClientProtocolClient.java:onNext(264)) - client-093D0A94A8DC->af983c11-9397-41ec-9bfb-0705919241eb: receive RaftClientReply:client-093D0A94A8DC->af983c11-9397-41ec-9bfb-0705919241eb@group-DD7833F53F4E, cid=30, SUCCESS, logIndex=4, commits[af983c11-9397-41ec-9bfb-0705919241eb:c7, fa25b701-8575-4c87-a8ca-f6672565109a:c4, c9bddf00-2197-4e52-a76a-1743bb04b5e3:c4]
2019-09-10 13:19:10,893 [grpc-default-executor-0] INFO  client.GrpcClientProtocolClient (GrpcClientProtocolClient.java:onNext(264)) - client-093D0A94A8DC->af983c11-9397-41ec-9bfb-0705919241eb: receive RaftClientReply:client-093D0A94A8DC->af983c11-9397-41ec-9bfb-0705919241eb@group-DD7833F53F4E, cid=31, SUCCESS, logIndex=5, commits[af983c11-9397-41ec-9bfb-0705919241eb:c7, fa25b701-8575-4c87-a8ca-f6672565109a:c4, c9bddf00-2197-4e52-a76a-1743bb04b5e3:c4]
2019-09-10 13:19:10,941 [grpc-default-executor-2] INFO  client.GrpcClientProtocolClient (GrpcClientProtocolClient.java:onNext(264)) - client-093D0A94A8DC->af983c11-9397-41ec-9bfb-0705919241eb: receive RaftClientReply:client-093D0A94A8DC->af983c11-9397-41ec-9bfb-0705919241eb@group-DD7833F53F4E, cid=32, SUCCESS, logIndex=8, commits[af983c11-9397-41ec-9bfb-0705919241eb:c9, fa25b701-8575-4c87-a8ca-f6672565109a:c7, c9bddf00-2197-4e52-a76a-1743bb04b5e3:c7]
2019-09-10 13:19:10,942 [grpc-default-executor-2] INFO  client.GrpcClientProtocolClient (GrpcClientProtocolClient.java:onNext(264)) - client-093D0A94A8DC->af983c11-9397-41ec-9bfb-0705919241eb: receive RaftClientReply:client-093D0A94A8DC->af983c11-9397-41ec-9bfb-0705919241eb@group-DD7833F53F4E, cid=33, SUCCESS, logIndex=9, commits[af983c11-9397-41ec-9bfb-0705919241eb:c9, fa25b701-8575-4c87-a8ca-f6672565109a:c7, c9bddf00-2197-4e52-a76a-1743bb04b5e3:c7]
2019-09-10 13:19:10,987 [grpc-default-executor-2] INFO  client.GrpcClientProtocolClient (GrpcClientProtocolClient.java:onNext(264)) - client-093D0A94A8DC->af983c11-9397-41ec-9bfb-0705919241eb: receive RaftClientReply:client-093D0A94A8DC->af983c11-9397-41ec-9bfb-0705919241eb@group-DD7833F53F4E, cid=34, SUCCESS, logIndex=12, commits[af983c11-9397-41ec-9bfb-0705919241eb:c13, fa25b701-8575-4c87-a8ca-f6672565109a:c11, c9bddf00-2197-4e52-a76a-1743bb04b5e3:c11]
2019-09-10 13:19:10,988 [grpc-default-executor-2] INFO  client.GrpcClientProtocolClient (GrpcClientProtocolClient.java:onNext(264)) - client-093D0A94A8DC->af983c11-9397-41ec-9bfb-0705919241eb: receive RaftClientReply:client-093D0A94A8DC->af983c11-9397-41ec-9bfb-0705919241eb@group-DD7833F53F4E, cid=35, SUCCESS, logIndex=13, commits[af983c11-9397-41ec-9bfb-0705919241eb:c13, fa25b701-8575-4c87-a8ca-f6672565109a:c11, c9bddf00-2197-4e52-a76a-1743bb04b5e3:c11]
2019-09-10 13:19:11,007 [grpc-default-executor-2] INFO  client.GrpcClientProtocolClient (GrpcClientProtocolClient.java:onNext(264)) - client-093D0A94A8DC->af983c11-9397-41ec-9bfb-0705919241eb: receive RaftClientReply:client-093D0A94A8DC->af983c11-9397-41ec-9bfb-0705919241eb@group-DD7833F53F4E, cid=36, SUCCESS, logIndex=0, commits[af983c11-9397-41ec-9bfb-0705919241eb:c15, fa25b701-8575-4c87-a8ca-f6672565109a:c13, c9bddf00-2197-4e52-a76a-1743bb04b5e3:c13]
2019-09-10 13:19:14,027 [java.util.concurrent.ThreadPoolExecutor$Worker@4ae31852[State = -1, empty queue]] WARN  server.GrpcLogAppender (GrpcLogAppender.java:timeoutAppendRequest(200)) - 0f4aa411-f22d-408f-a3ae-026c0e4d845c@group-447053F58748->82b87940-075a-4240-9714-83f9b1f11359-GrpcLogAppender: appendEntries Timeout, request=0f4aa411-f22d-408f-a3ae-026c0e4d845c->82b87940-075a-4240-9714-83f9b1f11359#19-t2, previous=(t:2, i:16), leaderCommit=16, initializing? false, entries: size=1, first=(t:2, i:17), STATEMACHINELOGENTRY, client-7A030D982070, cid=37
2019-09-10 13:19:14,028 [java.util.concurrent.ThreadPoolExecutor$Worker@4ae31852[State = -1, empty queue]] WARN  server.GrpcLogAppender (GrpcLogAppender.java:timeoutAppendRequest(200)) - 0f4aa411-f22d-408f-a3ae-026c0e4d845c@group-447053F58748->82b87940-075a-4240-9714-83f9b1f11359-GrpcLogAppender: appendEntries Timeout, request=0f4aa411-f22d-408f-a3ae-026c0e4d845c->82b87940-075a-4240-9714-83f9b1f11359#20-t2, previous=(t:2, i:17), leaderCommit=16, initializing? false, entries: size=1, first=(t:2, i:18), STATEMACHINELOGENTRY, client-7A030D982070, cid=38
2019-09-10 13:19:14,030 [java.util.concurrent.ThreadPoolExecutor$Worker@651f3e5c[State = -1, empty queue]] WARN  server.GrpcLogAppender (GrpcLogAppender.java:timeoutAppendRequest(200)) - 0f4aa411-f22d-408f-a3ae-026c0e4d845c@group-447053F58748->e5557321-17be-433a-8d96-d7d186384118-GrpcLogAppender: appendEntries Timeout, request=0f4aa411-f22d-408f-a3ae-026c0e4d845c->e5557321-17be-433a-8d96-d7d186384118#19-t2, previous=(t:2, i:16), leaderCommit=16, initializing? false, entries: size=1, first=(t:2, i:17), STATEMACHINELOGENTRY, client-7A030D982070, cid=37
2019-09-10 13:19:14,043 [java.util.concurrent.ThreadPoolExecutor$Worker@651f3e5c[State = -1, empty queue]] WARN  server.GrpcLogAppender (GrpcLogAppender.java:timeoutAppendRequest(200)) - 0f4aa411-f22d-408f-a3ae-026c0e4d845c@group-447053F58748->e5557321-17be-433a-8d96-d7d186384118-GrpcLogAppender: appendEntries Timeout, request=0f4aa411-f22d-408f-a3ae-026c0e4d845c->e5557321-17be-433a-8d96-d7d186384118#20-t2, previous=(t:2, i:17), leaderCommit=16, initializing? false, entries: size=1, first=(t:2, i:18), STATEMACHINELOGENTRY, client-7A030D982070, cid=38
2019-09-10 13:19:14,043 [java.util.concurrent.ThreadPoolExecutor$Worker@4ae31852[State = -1, empty queue]] WARN  server.GrpcLogAppender (GrpcLogAppender.java:timeoutAppendRequest(200)) - 0f4aa411-f22d-408f-a3ae-026c0e4d845c@group-447053F58748->82b87940-075a-4240-9714-83f9b1f11359-GrpcLogAppender: appendEntries Timeout, request=0f4aa411-f22d-408f-a3ae-026c0e4d845c->82b87940-075a-4240-9714-83f9b1f11359#21-t2, previous=(t:2, i:18), leaderCommit=16, initializing? false, entries: size=1, first=(t:2, i:19), STATEMACHINELOGENTRY, client-7A030D982070, cid=39
2019-09-10 13:19:14,046 [java.util.concurrent.ThreadPoolExecutor$Worker@651f3e5c[State = -1, empty queue]] WARN  server.GrpcLogAppender (GrpcLogAppender.java:timeoutAppendRequest(200)) - 0f4aa411-f22d-408f-a3ae-026c0e4d845c@group-447053F58748->e5557321-17be-433a-8d96-d7d186384118-GrpcLogAppender: appendEntries Timeout, request=0f4aa411-f22d-408f-a3ae-026c0e4d845c->e5557321-17be-433a-8d96-d7d186384118#21-t2, previous=(t:2, i:18), leaderCommit=16, initializing? false, entries: size=1, first=(t:2, i:19), STATEMACHINELOGENTRY, client-7A030D982070, cid=39
2019-09-10 13:19:14,072 [java.util.concurrent.ThreadPoolExecutor$Worker@4ae31852[State = -1, empty queue]] WARN  server.GrpcLogAppender (GrpcLogAppender.java:timeoutAppendRequest(200)) - 0f4aa411-f22d-408f-a3ae-026c0e4d845c@group-447053F58748->82b87940-075a-4240-9714-83f9b1f11359-GrpcLogAppender: appendEntries Timeout, request=0f4aa411-f22d-408f-a3ae-026c0e4d845c->82b87940-075a-4240-9714-83f9b1f11359#22-t2, previous=(t:2, i:19), leaderCommit=16, initializing? false, entries: size=1, first=(t:2, i:20), STATEMACHINELOGENTRY, client-7A030D982070, cid=40
2019-09-10 13:19:14,074 [java.util.concurrent.ThreadPoolExecutor$Worker@651f3e5c[State = -1, empty queue]] WARN  server.GrpcLogAppender (GrpcLogAppender.java:timeoutAppendRequest(200)) - 0f4aa411-f22d-408f-a3ae-026c0e4d845c@group-447053F58748->e5557321-17be-433a-8d96-d7d186384118-GrpcLogAppender: appendEntries Timeout, request=0f4aa411-f22d-408f-a3ae-026c0e4d845c->e5557321-17be-433a-8d96-d7d186384118#22-t2, previous=(t:2, i:19), leaderCommit=16, initializing? false, entries: size=1, first=(t:2, i:20), STATEMACHINELOGENTRY, client-7A030D982070, cid=40
2019-09-10 13:19:14,543 [java.util.concurrent.ThreadPoolExecutor$Worker@4ae31852[State = -1, empty queue]] WARN  server.GrpcLogAppender (GrpcLogAppender.java:timeoutAppendRequest(200)) - 0f4aa411-f22d-408f-a3ae-026c0e4d845c@group-447053F58748->82b87940-075a-4240-9714-83f9b1f11359-GrpcLogAppender: appendEntries Timeout, request=0f4aa411-f22d-408f-a3ae-026c0e4d845c->82b87940-075a-4240-9714-83f9b1f11359#23-t2, previous=(t:2, i:20), leaderCommit=16, initializing? false, entries: <empty>
2019-09-10 13:19:14,543 [java.util.concurrent.ThreadPoolExecutor$Worker@651f3e5c[State = -1, empty queue]] WARN  server.GrpcLogAppender (GrpcLogAppender.java:timeoutAppendRequest(200)) - 0f4aa411-f22d-408f-a3ae-026c0e4d845c@group-447053F58748->e5557321-17be-433a-8d96-d7d186384118-GrpcLogAppender: appendEntries Timeout, request=0f4aa411-f22d-408f-a3ae-026c0e4d845c->e5557321-17be-433a-8d96-d7d186384118#23-t2, previous=(t:2, i:20), leaderCommit=16, initializing? false, entries: <empty>
2019-09-10 13:19:15,043 [java.util.concurrent.ThreadPoolExecutor$Worker@4ae31852[State = -1, empty queue]] WARN  server.GrpcLogAppender (GrpcLogAppender.java:timeoutAppendRequest(200)) - 0f4aa411-f22d-408f-a3ae-026c0e4d845c@group-447053F58748->82b87940-075a-4240-9714-83f9b1f11359-GrpcLogAppender: appendEntries Timeout, request=0f4aa411-f22d-408f-a3ae-026c0e4d845c->82b87940-075a-4240-9714-83f9b1f11359#24-t2, previous=(t:2, i:20), leaderCommit=16, initializing? false, entries: <empty>
2019-09-10 13:19:15,043 [java.util.concurrent.ThreadPoolExecutor$Worker@651f3e5c[State = -1, empty queue]] WARN  server.GrpcLogAppender (GrpcLogAppender.java:timeoutAppendRequest(200)) - 0f4aa411-f22d-408f-a3ae-026c0e4d845c@group-447053F58748->e5557321-17be-433a-8d96-d7d186384118-GrpcLogAppender: appendEntries Timeout, request=0f4aa411-f22d-408f-a3ae-026c0e4d845c->e5557321-17be-433a-8d96-d7d186384118#24-t2, previous=(t:2, i:20), leaderCommit=16, initializing? false, entries: <empty>
2019-09-10 13:19:15,543 [java.util.concurrent.ThreadPoolExecutor$Worker@4ae31852[State = -1, empty queue]] WARN  server.GrpcLogAppender (GrpcLogAppender.java:timeoutAppendRequest(200)) - 0f4aa411-f22d-408f-a3ae-026c0e4d845c@group-447053F58748->82b87940-075a-4240-9714-83f9b1f11359-GrpcLogAppender: appendEntries Timeout, request=0f4aa411-f22d-408f-a3ae-026c0e4d845c->82b87940-075a-4240-9714-83f9b1f11359#25-t2, previous=(t:2, i:20), leaderCommit=16, initializing? false, entries: <empty>
2019-09-10 13:19:15,544 [java.util.concurrent.ThreadPoolExecutor$Worker@651f3e5c[State = -1, empty queue]] WARN  server.GrpcLogAppender (GrpcLogAppender.java:timeoutAppendRequest(200)) - 0f4aa411-f22d-408f-a3ae-026c0e4d845c@group-447053F58748->e5557321-17be-433a-8d96-d7d186384118-GrpcLogAppender: appendEntries Timeout, request=0f4aa411-f22d-408f-a3ae-026c0e4d845c->e5557321-17be-433a-8d96-d7d186384118#25-t2, previous=(t:2, i:20), leaderCommit=16, initializing? false, entries: <empty>
2019-09-10 13:19:16,044 [java.util.concurrent.ThreadPoolExecutor$Worker@4ae31852[State = -1, empty queue]] WARN  server.GrpcLogAppender (GrpcLogAppender.java:timeoutAppendRequest(200)) - 0f4aa411-f22d-408f-a3ae-026c0e4d845c@group-447053F58748->82b87940-075a-4240-9714-83f9b1f11359-GrpcLogAppender: appendEntries Timeout, request=0f4aa411-f22d-408f-a3ae-026c0e4d845c->82b87940-075a-4240-9714-83f9b1f11359#26-t2, previous=(t:2, i:20), leaderCommit=16, initializing? false, entries: <empty>
2019-09-10 13:19:16,045 [java.util.concurrent.ThreadPoolExecutor$Worker@651f3e5c[State = -1, empty queue]] WARN  server.GrpcLogAppender (GrpcLogAppender.java:timeoutAppendRequest(200)) - 0f4aa411-f22d-408f-a3ae-026c0e4d845c@group-447053F58748->e5557321-17be-433a-8d96-d7d186384118-GrpcLogAppender: appendEntries Timeout, request=0f4aa411-f22d-408f-a3ae-026c0e4d845c->e5557321-17be-433a-8d96-d7d186384118#26-t2, previous=(t:2, i:20), leaderCommit=16, initializing? false, entries: <empty>
2019-09-10 13:19:16,109 [grpc-default-executor-3] INFO  client.GrpcClientProtocolClient (GrpcClientProtocolClient.java:onNext(264)) - client-7A030D982070->82b87940-075a-4240-9714-83f9b1f11359: receive RaftClientReply:client-7A030D982070->82b87940-075a-4240-9714-83f9b1f11359@group-447053F58748, cid=37, FAILED org.apache.ratis.protocol.NotLeaderException: Server 82b87940-075a-4240-9714-83f9b1f11359@group-447053F58748 is not the leader 0f4aa411-f22d-408f-a3ae-026c0e4d845c:192.168.34.50:36087, logIndex=0, commits[82b87940-075a-4240-9714-83f9b1f11359:c16, e5557321-17be-433a-8d96-d7d186384118:c16, 0f4aa411-f22d-408f-a3ae-026c0e4d845c:c16]
2019-09-10 13:19:16,544 [java.util.concurrent.ThreadPoolExecutor$Worker@4ae31852[State = -1, empty queue]] WARN  server.GrpcLogAppender (GrpcLogAppender.java:timeoutAppendRequest(200)) - 0f4aa411-f22d-408f-a3ae-026c0e4d845c@group-447053F58748->82b87940-075a-4240-9714-83f9b1f11359-GrpcLogAppender: appendEntries Timeout, request=0f4aa411-f22d-408f-a3ae-026c0e4d845c->82b87940-075a-4240-9714-83f9b1f11359#27-t2, previous=(t:2, i:20), leaderCommit=16, initializing? false, entries: <empty>
2019-09-10 13:19:16,545 [java.util.concurrent.ThreadPoolExecutor$Worker@651f3e5c[State = -1, empty queue]] WARN  server.GrpcLogAppender (GrpcLogAppender.java:timeoutAppendRequest(200)) - 0f4aa411-f22d-408f-a3ae-026c0e4d845c@group-447053F58748->e5557321-17be-433a-8d96-d7d186384118-GrpcLogAppender: appendEntries Timeout, request=0f4aa411-f22d-408f-a3ae-026c0e4d845c->e5557321-17be-433a-8d96-d7d186384118#27-t2, previous=(t:2, i:20), leaderCommit=16, initializing? false, entries: <empty>
2019-09-10 13:19:17,075 [java.util.concurrent.ThreadPoolExecutor$Worker@651f3e5c[State = -1, empty queue]] WARN  server.GrpcLogAppender (GrpcLogAppender.java:timeoutAppendRequest(200)) - 0f4aa411-f22d-408f-a3ae-026c0e4d845c@group-447053F58748->e5557321-17be-433a-8d96-d7d186384118-GrpcLogAppender: appendEntries Timeout, request=0f4aa411-f22d-408f-a3ae-026c0e4d845c->e5557321-17be-433a-8d96-d7d186384118#28-t2, previous=(t:2, i:20), leaderCommit=16, initializing? false, entries: <empty>
2019-09-10 13:19:17,075 [java.util.concurrent.ThreadPoolExecutor$Worker@4ae31852[State = -1, empty queue]] WARN  server.GrpcLogAppender (GrpcLogAppender.java:timeoutAppendRequest(200)) - 0f4aa411-f22d-408f-a3ae-026c0e4d845c@group-447053F58748->82b87940-075a-4240-9714-83f9b1f11359-GrpcLogAppender: appendEntries Timeout, request=0f4aa411-f22d-408f-a3ae-026c0e4d845c->82b87940-075a-4240-9714-83f9b1f11359#28-t2, previous=(t:2, i:20), leaderCommit=16, initializing? false, entries: <empty>
2019-09-10 13:19:17,575 [java.util.concurrent.ThreadPoolExecutor$Worker@4ae31852[State = -1, empty queue]] WARN  server.GrpcLogAppender (GrpcLogAppender.java:timeoutAppendRequest(200)) - 0f4aa411-f22d-408f-a3ae-026c0e4d845c@group-447053F58748->82b87940-075a-4240-9714-83f9b1f11359-GrpcLogAppender: appendEntries Timeout, request=0f4aa411-f22d-408f-a3ae-026c0e4d845c->82b87940-075a-4240-9714-83f9b1f11359#29-t2, previous=(t:2, i:20), leaderCommit=16, initializing? false, entries: <empty>
2019-09-10 13:19:17,576 [java.util.concurrent.ThreadPoolExecutor$Worker@651f3e5c[State = -1, empty queue]] WARN  server.GrpcLogAppender (GrpcLogAppender.java:timeoutAppendRequest(200)) - 0f4aa411-f22d-408f-a3ae-026c0e4d845c@group-447053F58748->e5557321-17be-433a-8d96-d7d186384118-GrpcLogAppender: appendEntries Timeout, request=0f4aa411-f22d-408f-a3ae-026c0e4d845c->e5557321-17be-433a-8d96-d7d186384118#29-t2, previous=(t:2, i:20), leaderCommit=16, initializing? false, entries: <empty>
2019-09-10 13:19:18,076 [java.util.concurrent.ThreadPoolExecutor$Worker@4ae31852[State = -1, empty queue]] WARN  server.GrpcLogAppender (GrpcLogAppender.java:timeoutAppendRequest(200)) - 0f4aa411-f22d-408f-a3ae-026c0e4d845c@group-447053F58748->82b87940-075a-4240-9714-83f9b1f11359-GrpcLogAppender: appendEntries Timeout, request=0f4aa411-f22d-408f-a3ae-026c0e4d845c->82b87940-075a-4240-9714-83f9b1f11359#30-t2, previous=(t:2, i:20), leaderCommit=16, initializing? false, entries: <empty>
2019-09-10 13:19:18,076 [java.util.concurrent.ThreadPoolExecutor$Worker@651f3e5c[State = -1, empty queue]] WARN  server.GrpcLogAppender (GrpcLogAppender.java:timeoutAppendRequest(200)) - 0f4aa411-f22d-408f-a3ae-026c0e4d845c@group-447053F58748->e5557321-17be-433a-8d96-d7d186384118-GrpcLogAppender: appendEntries Timeout, request=0f4aa411-f22d-408f-a3ae-026c0e4d845c->e5557321-17be-433a-8d96-d7d186384118#30-t2, previous=(t:2, i:20), leaderCommit=16, initializing? false, entries: <empty>
2019-09-10 13:19:18,576 [java.util.concurrent.ThreadPoolExecutor$Worker@4ae31852[State = -1, empty queue]] WARN  server.GrpcLogAppender (GrpcLogAppender.java:timeoutAppendRequest(200)) - 0f4aa411-f22d-408f-a3ae-026c0e4d845c@group-447053F58748->82b87940-075a-4240-9714-83f9b1f11359-GrpcLogAppender: appendEntries Timeout, request=0f4aa411-f22d-408f-a3ae-026c0e4d845c->82b87940-075a-4240-9714-83f9b1f11359#31-t2, previous=(t:2, i:20), leaderCommit=16, initializing? false, entries: <empty>
2019-09-10 13:19:18,576 [java.util.concurrent.ThreadPoolExecutor$Worker@651f3e5c[State = -1, empty queue]] WARN  server.GrpcLogAppender (GrpcLogAppender.java:timeoutAppendRequest(200)) - 0f4aa411-f22d-408f-a3ae-026c0e4d845c@group-447053F58748->e5557321-17be-433a-8d96-d7d186384118-GrpcLogAppender: appendEntries Timeout, request=0f4aa411-f22d-408f-a3ae-026c0e4d845c->e5557321-17be-433a-8d96-d7d186384118#31-t2, previous=(t:2, i:20), leaderCommit=16, initializing? false, entries: <empty>
2019-09-10 13:19:19,076 [java.util.concurrent.ThreadPoolExecutor$Worker@4ae31852[State = -1, empty queue]] WARN  server.GrpcLogAppender (GrpcLogAppender.java:timeoutAppendRequest(200)) - 0f4aa411-f22d-408f-a3ae-026c0e4d845c@group-447053F58748->82b87940-075a-4240-9714-83f9b1f11359-GrpcLogAppender: appendEntries Timeout, request=0f4aa411-f22d-408f-a3ae-026c0e4d845c->82b87940-075a-4240-9714-83f9b1f11359#32-t2, previous=(t:2, i:20), leaderCommit=16, initializing? false, entries: <empty>
2019-09-10 13:19:19,077 [java.util.concurrent.ThreadPoolExecutor$Worker@651f3e5c[State = -1, empty queue]] WARN  server.GrpcLogAppender (GrpcLogAppender.java:timeoutAppendRequest(200)) - 0f4aa411-f22d-408f-a3ae-026c0e4d845c@group-447053F58748->e5557321-17be-433a-8d96-d7d186384118-GrpcLogAppender: appendEntries Timeout, request=0f4aa411-f22d-408f-a3ae-026c0e4d845c->e5557321-17be-433a-8d96-d7d186384118#32-t2, previous=(t:2, i:20), leaderCommit=16, initializing? false, entries: <empty>
2019-09-10 13:19:19,577 [java.util.concurrent.ThreadPoolExecutor$Worker@4ae31852[State = -1, empty queue]] WARN  server.GrpcLogAppender (GrpcLogAppender.java:timeoutAppendRequest(200)) - 0f4aa411-f22d-408f-a3ae-026c0e4d845c@group-447053F58748->82b87940-075a-4240-9714-83f9b1f11359-GrpcLogAppender: appendEntries Timeout, request=0f4aa411-f22d-408f-a3ae-026c0e4d845c->82b87940-075a-4240-9714-83f9b1f11359#33-t2, previous=(t:2, i:20), leaderCommit=16, initializing? false, entries: <empty>
2019-09-10 13:19:19,577 [java.util.concurrent.ThreadPoolExecutor$Worker@651f3e5c[State = -1, empty queue]] WARN  server.GrpcLogAppender (GrpcLogAppender.java:timeoutAppendRequest(200)) - 0f4aa411-f22d-408f-a3ae-026c0e4d845c@group-447053F58748->e5557321-17be-433a-8d96-d7d186384118-GrpcLogAppender: appendEntries Timeout, request=0f4aa411-f22d-408f-a3ae-026c0e4d845c->e5557321-17be-433a-8d96-d7d186384118#33-t2, previous=(t:2, i:20), leaderCommit=16, initializing? false, entries: <empty>
2019-09-10 13:19:20,077 [java.util.concurrent.ThreadPoolExecutor$Worker@4ae31852[State = -1, empty queue]] WARN  server.GrpcLogAppender (GrpcLogAppender.java:timeoutAppendRequest(200)) - 0f4aa411-f22d-408f-a3ae-026c0e4d845c@group-447053F58748->82b87940-075a-4240-9714-83f9b1f11359-GrpcLogAppender: appendEntries Timeout, request=0f4aa411-f22d-408f-a3ae-026c0e4d845c->82b87940-075a-4240-9714-83f9b1f11359#34-t2, previous=(t:2, i:20), leaderCommit=16, initializing? false, entries: <empty>
2019-09-10 13:19:20,077 [java.util.concurrent.ThreadPoolExecutor$Worker@651f3e5c[State = -1, empty queue]] WARN  server.GrpcLogAppender (GrpcLogAppender.java:timeoutAppendRequest(200)) - 0f4aa411-f22d-408f-a3ae-026c0e4d845c@group-447053F58748->e5557321-17be-433a-8d96-d7d186384118-GrpcLogAppender: appendEntries Timeout, request=0f4aa411-f22d-408f-a3ae-026c0e4d845c->e5557321-17be-433a-8d96-d7d186384118#34-t2, previous=(t:2, i:20), leaderCommit=16, initializing? false, entries: <empty>
2019-09-10 13:19:20,577 [java.util.concurrent.ThreadPoolExecutor$Worker@4ae31852[State = -1, empty queue]] WARN  server.GrpcLogAppender (GrpcLogAppender.java:timeoutAppendRequest(200)) - 0f4aa411-f22d-408f-a3ae-026c0e4d845c@group-447053F58748->82b87940-075a-4240-9714-83f9b1f11359-GrpcLogAppender: appendEntries Timeout, request=0f4aa411-f22d-408f-a3ae-026c0e4d845c->82b87940-075a-4240-9714-83f9b1f11359#35-t2, previous=(t:2, i:20), leaderCommit=16, initializing? false, entries: <empty>
2019-09-10 13:19:20,578 [java.util.concurrent.ThreadPoolExecutor$Worker@651f3e5c[State = -1, empty queue]] WARN  server.GrpcLogAppender (GrpcLogAppender.java:timeoutAppendRequest(200)) - 0f4aa411-f22d-408f-a3ae-026c0e4d845c@group-447053F58748->e5557321-17be-433a-8d96-d7d186384118-GrpcLogAppender: appendEntries Timeout, request=0f4aa411-f22d-408f-a3ae-026c0e4d845c->e5557321-17be-433a-8d96-d7d186384118#35-t2, previous=(t:2, i:20), leaderCommit=16, initializing? false, entries: <empty>
2019-09-10 13:19:21,039 [e5557321-17be-433a-8d96-d7d186384118@group-447053F58748-SegmentedRaftLogWorker] WARN  segmented.SegmentedRaftLogWorker (SegmentedRaftLogWorker.java:getFromFuture(90)) - Timeout 0/~
org.apache.ratis.protocol.TimeoutIOException: Timeout 10s: WriteLog:17: (t:2, i:17), STATEMACHINELOGENTRY, client-7A030D982070, cid=37-writeStateMachineData
	at org.apache.ratis.util.IOUtils.getFromFuture(IOUtils.java:87)
	at org.apache.ratis.server.raftlog.segmented.SegmentedRaftLogWorker$StateMachineDataPolicy.getFromFuture(SegmentedRaftLogWorker.java:87)
	at org.apache.ratis.server.raftlog.segmented.SegmentedRaftLogWorker$WriteLog.execute(SegmentedRaftLogWorker.java:477)
	at org.apache.ratis.server.raftlog.segmented.SegmentedRaftLogWorker.run(SegmentedRaftLogWorker.java:289)
	at java.lang.Thread.run(Thread.java:748)
Caused by: java.util.concurrent.TimeoutException
	at java.util.concurrent.CompletableFuture.timedGet(CompletableFuture.java:1771)
	at java.util.concurrent.CompletableFuture.get(CompletableFuture.java:1915)
	at org.apache.ratis.util.IOUtils.getFromFuture(IOUtils.java:79)
	... 4 more
2019-09-10 13:19:21,078 [java.util.concurrent.ThreadPoolExecutor$Worker@4ae31852[State = -1, empty queue]] WARN  server.GrpcLogAppender (GrpcLogAppender.java:timeoutAppendRequest(200)) - 0f4aa411-f22d-408f-a3ae-026c0e4d845c@group-447053F58748->82b87940-075a-4240-9714-83f9b1f11359-GrpcLogAppender: appendEntries Timeout, request=0f4aa411-f22d-408f-a3ae-026c0e4d845c->82b87940-075a-4240-9714-83f9b1f11359#36-t2, previous=(t:2, i:20), leaderCommit=16, initializing? false, entries: <empty>
2019-09-10 13:19:21,078 [java.util.concurrent.ThreadPoolExecutor$Worker@651f3e5c[State = -1, empty queue]] WARN  server.GrpcLogAppender (GrpcLogAppender.java:timeoutAppendRequest(200)) - 0f4aa411-f22d-408f-a3ae-026c0e4d845c@group-447053F58748->e5557321-17be-433a-8d96-d7d186384118-GrpcLogAppender: appendEntries Timeout, request=0f4aa411-f22d-408f-a3ae-026c0e4d845c->e5557321-17be-433a-8d96-d7d186384118#36-t2, previous=(t:2, i:20), leaderCommit=16, initializing? false, entries: <empty>
2019-09-10 13:19:21,136 [0f4aa411-f22d-408f-a3ae-026c0e4d845c@group-447053F58748-SegmentedRaftLogWorker] WARN  segmented.SegmentedRaftLogWorker (SegmentedRaftLogWorker.java:getFromFuture(90)) - Timeout 0/~
org.apache.ratis.protocol.TimeoutIOException: Timeout 10s: WriteLog:19: (t:2, i:19), STATEMACHINELOGENTRY, client-7A030D982070, cid=39-writeStateMachineData
	at org.apache.ratis.util.IOUtils.getFromFuture(IOUtils.java:87)
	at org.apache.ratis.server.raftlog.segmented.SegmentedRaftLogWorker$StateMachineDataPolicy.getFromFuture(SegmentedRaftLogWorker.java:87)
	at org.apache.ratis.server.raftlog.segmented.SegmentedRaftLogWorker$WriteLog.execute(SegmentedRaftLogWorker.java:477)
	at org.apache.ratis.server.raftlog.segmented.SegmentedRaftLogWorker.run(SegmentedRaftLogWorker.java:289)
	at java.lang.Thread.run(Thread.java:748)
Caused by: java.util.concurrent.TimeoutException
	at java.util.concurrent.CompletableFuture.timedGet(CompletableFuture.java:1771)
	at java.util.concurrent.CompletableFuture.get(CompletableFuture.java:1915)
	at org.apache.ratis.util.IOUtils.getFromFuture(IOUtils.java:79)
	... 4 more
2019-09-10 13:19:21,153 [82b87940-075a-4240-9714-83f9b1f11359@group-447053F58748-SegmentedRaftLogWorker] WARN  segmented.SegmentedRaftLogWorker (SegmentedRaftLogWorker.java:getFromFuture(90)) - Timeout 0/~
org.apache.ratis.protocol.TimeoutIOException: Timeout 10s: WriteLog:19: (t:2, i:19), STATEMACHINELOGENTRY, client-7A030D982070, cid=39-writeStateMachineData
	at org.apache.ratis.util.IOUtils.getFromFuture(IOUtils.java:87)
	at org.apache.ratis.server.raftlog.segmented.SegmentedRaftLogWorker$StateMachineDataPolicy.getFromFuture(SegmentedRaftLogWorker.java:87)
	at org.apache.ratis.server.raftlog.segmented.SegmentedRaftLogWorker$WriteLog.execute(SegmentedRaftLogWorker.java:477)
	at org.apache.ratis.server.raftlog.segmented.SegmentedRaftLogWorker.run(SegmentedRaftLogWorker.java:289)
	at java.lang.Thread.run(Thread.java:748)
Caused by: java.util.concurrent.TimeoutException
	at java.util.concurrent.CompletableFuture.timedGet(CompletableFuture.java:1771)
	at java.util.concurrent.CompletableFuture.get(CompletableFuture.java:1915)
	at org.apache.ratis.util.IOUtils.getFromFuture(IOUtils.java:79)
	... 4 more
2019-09-10 13:19:21,179 [grpc-default-executor-0] INFO  client.GrpcClientProtocolClient (GrpcClientProtocolClient.java:onNext(264)) - client-7A030D982070->82b87940-075a-4240-9714-83f9b1f11359: receive RaftClientReply:client-7A030D982070->82b87940-075a-4240-9714-83f9b1f11359@group-447053F58748, cid=37, FAILED org.apache.ratis.protocol.NotLeaderException: Server 82b87940-075a-4240-9714-83f9b1f11359@group-447053F58748 is not the leader 0f4aa411-f22d-408f-a3ae-026c0e4d845c:192.168.34.50:36087, logIndex=0, commits[82b87940-075a-4240-9714-83f9b1f11359:c16, e5557321-17be-433a-8d96-d7d186384118:c16, 0f4aa411-f22d-408f-a3ae-026c0e4d845c:c16]
2019-09-10 13:19:21,578 [java.util.concurrent.ThreadPoolExecutor$Worker@4ae31852[State = -1, empty queue]] WARN  server.GrpcLogAppender (GrpcLogAppender.java:timeoutAppendRequest(200)) - 0f4aa411-f22d-408f-a3ae-026c0e4d845c@group-447053F58748->82b87940-075a-4240-9714-83f9b1f11359-GrpcLogAppender: appendEntries Timeout, request=0f4aa411-f22d-408f-a3ae-026c0e4d845c->82b87940-075a-4240-9714-83f9b1f11359#37-t2, previous=(t:2, i:20), leaderCommit=16, initializing? false, entries: <empty>
2019-09-10 13:19:21,579 [java.util.concurrent.ThreadPoolExecutor$Worker@651f3e5c[State = -1, empty queue]] WARN  server.GrpcLogAppender (GrpcLogAppender.java:timeoutAppendRequest(200)) - 0f4aa411-f22d-408f-a3ae-026c0e4d845c@group-447053F58748->e5557321-17be-433a-8d96-d7d186384118-GrpcLogAppender: appendEntries Timeout, request=0f4aa411-f22d-408f-a3ae-026c0e4d845c->e5557321-17be-433a-8d96-d7d186384118#37-t2, previous=(t:2, i:20), leaderCommit=16, initializing? false, entries: <empty>
2019-09-10 13:19:22,078 [java.util.concurrent.ThreadPoolExecutor$Worker@4ae31852[State = -1, empty queue]] WARN  server.GrpcLogAppender (GrpcLogAppender.java:timeoutAppendRequest(200)) - 0f4aa411-f22d-408f-a3ae-026c0e4d845c@group-447053F58748->82b87940-075a-4240-9714-83f9b1f11359-GrpcLogAppender: appendEntries Timeout, request=0f4aa411-f22d-408f-a3ae-026c0e4d845c->82b87940-075a-4240-9714-83f9b1f11359#38-t2, previous=(t:2, i:20), leaderCommit=16, initializing? false, entries: <empty>
2019-09-10 13:19:22,079 [java.util.concurrent.ThreadPoolExecutor$Worker@651f3e5c[State = -1, empty queue]] WARN  server.GrpcLogAppender (GrpcLogAppender.java:timeoutAppendRequest(200)) - 0f4aa411-f22d-408f-a3ae-026c0e4d845c@group-447053F58748->e5557321-17be-433a-8d96-d7d186384118-GrpcLogAppender: appendEntries Timeout, request=0f4aa411-f22d-408f-a3ae-026c0e4d845c->e5557321-17be-433a-8d96-d7d186384118#38-t2, previous=(t:2, i:20), leaderCommit=16, initializing? false, entries: <empty>
2019-09-10 13:19:22,579 [java.util.concurrent.ThreadPoolExecutor$Worker@4ae31852[State = -1, empty queue]] WARN  server.GrpcLogAppender (GrpcLogAppender.java:timeoutAppendRequest(200)) - 0f4aa411-f22d-408f-a3ae-026c0e4d845c@group-447053F58748->82b87940-075a-4240-9714-83f9b1f11359-GrpcLogAppender: appendEntries Timeout, request=0f4aa411-f22d-408f-a3ae-026c0e4d845c->82b87940-075a-4240-9714-83f9b1f11359#39-t2, previous=(t:2, i:20), leaderCommit=16, initializing? false, entries: <empty>
2019-09-10 13:19:22,579 [java.util.concurrent.ThreadPoolExecutor$Worker@651f3e5c[State = -1, empty queue]] WARN  server.GrpcLogAppender (GrpcLogAppender.java:timeoutAppendRequest(200)) - 0f4aa411-f22d-408f-a3ae-026c0e4d845c@group-447053F58748->e5557321-17be-433a-8d96-d7d186384118-GrpcLogAppender: appendEntries Timeout, request=0f4aa411-f22d-408f-a3ae-026c0e4d845c->e5557321-17be-433a-8d96-d7d186384118#39-t2, previous=(t:2, i:20), leaderCommit=16, initializing? false, entries: <empty>
2019-09-10 13:19:23,079 [java.util.concurrent.ThreadPoolExecutor$Worker@4ae31852[State = -1, empty queue]] WARN  server.GrpcLogAppender (GrpcLogAppender.java:timeoutAppendRequest(200)) - 0f4aa411-f22d-408f-a3ae-026c0e4d845c@group-447053F58748->82b87940-075a-4240-9714-83f9b1f11359-GrpcLogAppender: appendEntries Timeout, request=0f4aa411-f22d-408f-a3ae-026c0e4d845c->82b87940-075a-4240-9714-83f9b1f11359#40-t2, previous=(t:2, i:20), leaderCommit=16, initializing? false, entries: <empty>
2019-09-10 13:19:23,080 [java.util.concurrent.ThreadPoolExecutor$Worker@651f3e5c[State = -1, empty queue]] WARN  server.GrpcLogAppender (GrpcLogAppender.java:timeoutAppendRequest(200)) - 0f4aa411-f22d-408f-a3ae-026c0e4d845c@group-447053F58748->e5557321-17be-433a-8d96-d7d186384118-GrpcLogAppender: appendEntries Timeout, request=0f4aa411-f22d-408f-a3ae-026c0e4d845c->e5557321-17be-433a-8d96-d7d186384118#40-t2, previous=(t:2, i:20), leaderCommit=16, initializing? false, entries: <empty>
2019-09-10 13:19:23,579 [java.util.concurrent.ThreadPoolExecutor$Worker@4ae31852[State = -1, empty queue]] WARN  server.GrpcLogAppender (GrpcLogAppender.java:timeoutAppendRequest(200)) - 0f4aa411-f22d-408f-a3ae-026c0e4d845c@group-447053F58748->82b87940-075a-4240-9714-83f9b1f11359-GrpcLogAppender: appendEntries Timeout, request=0f4aa411-f22d-408f-a3ae-026c0e4d845c->82b87940-075a-4240-9714-83f9b1f11359#41-t2, previous=(t:2, i:20), leaderCommit=16, initializing? false, entries: <empty>
2019-09-10 13:19:23,580 [java.util.concurrent.ThreadPoolExecutor$Worker@651f3e5c[State = -1, empty queue]] WARN  server.GrpcLogAppender (GrpcLogAppender.java:timeoutAppendRequest(200)) - 0f4aa411-f22d-408f-a3ae-026c0e4d845c@group-447053F58748->e5557321-17be-433a-8d96-d7d186384118-GrpcLogAppender: appendEntries Timeout, request=0f4aa411-f22d-408f-a3ae-026c0e4d845c->e5557321-17be-433a-8d96-d7d186384118#41-t2, previous=(t:2, i:20), leaderCommit=16, initializing? false, entries: <empty>
2019-09-10 13:19:24,080 [java.util.concurrent.ThreadPoolExecutor$Worker@4ae31852[State = -1, empty queue]] WARN  server.GrpcLogAppender (GrpcLogAppender.java:timeoutAppendRequest(200)) - 0f4aa411-f22d-408f-a3ae-026c0e4d845c@group-447053F58748->82b87940-075a-4240-9714-83f9b1f11359-GrpcLogAppender: appendEntries Timeout, request=0f4aa411-f22d-408f-a3ae-026c0e4d845c->82b87940-075a-4240-9714-83f9b1f11359#42-t2, previous=(t:2, i:20), leaderCommit=16, initializing? false, entries: <empty>
2019-09-10 13:19:24,081 [java.util.concurrent.ThreadPoolExecutor$Worker@651f3e5c[State = -1, empty queue]] WARN  server.GrpcLogAppender (GrpcLogAppender.java:timeoutAppendRequest(200)) - 0f4aa411-f22d-408f-a3ae-026c0e4d845c@group-447053F58748->e5557321-17be-433a-8d96-d7d186384118-GrpcLogAppender: appendEntries Timeout, request=0f4aa411-f22d-408f-a3ae-026c0e4d845c->e5557321-17be-433a-8d96-d7d186384118#42-t2, previous=(t:2, i:20), leaderCommit=16, initializing? false, entries: <empty>
2019-09-10 13:19:24,583 [java.util.concurrent.ThreadPoolExecutor$Worker@4ae31852[State = -1, empty queue]] WARN  server.GrpcLogAppender (GrpcLogAppender.java:timeoutAppendRequest(200)) - 0f4aa411-f22d-408f-a3ae-026c0e4d845c@group-447053F58748->82b87940-075a-4240-9714-83f9b1f11359-GrpcLogAppender: appendEntries Timeout, request=0f4aa411-f22d-408f-a3ae-026c0e4d845c->82b87940-075a-4240-9714-83f9b1f11359#43-t2, previous=(t:2, i:20), leaderCommit=16, initializing? false, entries: <empty>
2019-09-10 13:19:24,583 [java.util.concurrent.ThreadPoolExecutor$Worker@651f3e5c[State = -1, empty queue]] WARN  server.GrpcLogAppender (GrpcLogAppender.java:timeoutAppendRequest(200)) - 0f4aa411-f22d-408f-a3ae-026c0e4d845c@group-447053F58748->e5557321-17be-433a-8d96-d7d186384118-GrpcLogAppender: appendEntries Timeout, request=0f4aa411-f22d-408f-a3ae-026c0e4d845c->e5557321-17be-433a-8d96-d7d186384118#43-t2, previous=(t:2, i:20), leaderCommit=16, initializing? false, entries: <empty>
2019-09-10 13:19:25,083 [java.util.concurrent.ThreadPoolExecutor$Worker@4ae31852[State = -1, empty queue]] WARN  server.GrpcLogAppender (GrpcLogAppender.java:timeoutAppendRequest(200)) - 0f4aa411-f22d-408f-a3ae-026c0e4d845c@group-447053F58748->82b87940-075a-4240-9714-83f9b1f11359-GrpcLogAppender: appendEntries Timeout, request=0f4aa411-f22d-408f-a3ae-026c0e4d845c->82b87940-075a-4240-9714-83f9b1f11359#44-t2, previous=(t:2, i:20), leaderCommit=16, initializing? false, entries: <empty>
2019-09-10 13:19:25,083 [java.util.concurrent.ThreadPoolExecutor$Worker@651f3e5c[State = -1, empty queue]] WARN  server.GrpcLogAppender (GrpcLogAppender.java:timeoutAppendRequest(200)) - 0f4aa411-f22d-408f-a3ae-026c0e4d845c@group-447053F58748->e5557321-17be-433a-8d96-d7d186384118-GrpcLogAppender: appendEntries Timeout, request=0f4aa411-f22d-408f-a3ae-026c0e4d845c->e5557321-17be-433a-8d96-d7d186384118#44-t2, previous=(t:2, i:20), leaderCommit=16, initializing? false, entries: <empty>
2019-09-10 13:19:25,584 [java.util.concurrent.ThreadPoolExecutor$Worker@4ae31852[State = -1, empty queue]] WARN  server.GrpcLogAppender (GrpcLogAppender.java:timeoutAppendRequest(200)) - 0f4aa411-f22d-408f-a3ae-026c0e4d845c@group-447053F58748->82b87940-075a-4240-9714-83f9b1f11359-GrpcLogAppender: appendEntries Timeout, request=0f4aa411-f22d-408f-a3ae-026c0e4d845c->82b87940-075a-4240-9714-83f9b1f11359#45-t2, previous=(t:2, i:20), leaderCommit=16, initializing? false, entries: <empty>
2019-09-10 13:19:25,584 [java.util.concurrent.ThreadPoolExecutor$Worker@651f3e5c[State = -1, empty queue]] WARN  server.GrpcLogAppender (GrpcLogAppender.java:timeoutAppendRequest(200)) - 0f4aa411-f22d-408f-a3ae-026c0e4d845c@group-447053F58748->e5557321-17be-433a-8d96-d7d186384118-GrpcLogAppender: appendEntries Timeout, request=0f4aa411-f22d-408f-a3ae-026c0e4d845c->e5557321-17be-433a-8d96-d7d186384118#45-t2, previous=(t:2, i:20), leaderCommit=16, initializing? false, entries: <empty>
2019-09-10 13:19:26,084 [java.util.concurrent.ThreadPoolExecutor$Worker@651f3e5c[State = -1, empty queue]] WARN  server.GrpcLogAppender (GrpcLogAppender.java:timeoutAppendRequest(200)) - 0f4aa411-f22d-408f-a3ae-026c0e4d845c@group-447053F58748->e5557321-17be-433a-8d96-d7d186384118-GrpcLogAppender: appendEntries Timeout, request=0f4aa411-f22d-408f-a3ae-026c0e4d845c->e5557321-17be-433a-8d96-d7d186384118#46-t2, previous=(t:2, i:20), leaderCommit=16, initializing? false, entries: <empty>
2019-09-10 13:19:26,084 [java.util.concurrent.ThreadPoolExecutor$Worker@4ae31852[State = -1, empty queue]] WARN  server.GrpcLogAppender (GrpcLogAppender.java:timeoutAppendRequest(200)) - 0f4aa411-f22d-408f-a3ae-026c0e4d845c@group-447053F58748->82b87940-075a-4240-9714-83f9b1f11359-GrpcLogAppender: appendEntries Timeout, request=0f4aa411-f22d-408f-a3ae-026c0e4d845c->82b87940-075a-4240-9714-83f9b1f11359#46-t2, previous=(t:2, i:20), leaderCommit=16, initializing? false, entries: <empty>
2019-09-10 13:19:26,239 [grpc-default-executor-3] INFO  client.GrpcClientProtocolClient (GrpcClientProtocolClient.java:onNext(264)) - client-7A030D982070->e5557321-17be-433a-8d96-d7d186384118: receive RaftClientReply:client-7A030D982070->e5557321-17be-433a-8d96-d7d186384118@group-447053F58748, cid=37, FAILED org.apache.ratis.protocol.NotLeaderException: Server e5557321-17be-433a-8d96-d7d186384118@group-447053F58748 is not the leader 0f4aa411-f22d-408f-a3ae-026c0e4d845c:192.168.34.50:36087, logIndex=0, commits[e5557321-17be-433a-8d96-d7d186384118:c16, 82b87940-075a-4240-9714-83f9b1f11359:c16, 0f4aa411-f22d-408f-a3ae-026c0e4d845c:c16]
2019-09-10 13:19:26,584 [java.util.concurrent.ThreadPoolExecutor$Worker@651f3e5c[State = -1, empty queue]] WARN  server.GrpcLogAppender (GrpcLogAppender.java:timeoutAppendRequest(200)) - 0f4aa411-f22d-408f-a3ae-026c0e4d845c@group-447053F58748->e5557321-17be-433a-8d96-d7d186384118-GrpcLogAppender: appendEntries Timeout, request=0f4aa411-f22d-408f-a3ae-026c0e4d845c->e5557321-17be-433a-8d96-d7d186384118#47-t2, previous=(t:2, i:20), leaderCommit=16, initializing? false, entries: <empty>
2019-09-10 13:19:26,584 [java.util.concurrent.ThreadPoolExecutor$Worker@4ae31852[State = -1, empty queue]] WARN  server.GrpcLogAppender (GrpcLogAppender.java:timeoutAppendRequest(200)) - 0f4aa411-f22d-408f-a3ae-026c0e4d845c@group-447053F58748->82b87940-075a-4240-9714-83f9b1f11359-GrpcLogAppender: appendEntries Timeout, request=0f4aa411-f22d-408f-a3ae-026c0e4d845c->82b87940-075a-4240-9714-83f9b1f11359#47-t2, previous=(t:2, i:20), leaderCommit=16, initializing? false, entries: <empty>
2019-09-10 13:19:27,085 [java.util.concurrent.ThreadPoolExecutor$Worker@651f3e5c[State = -1, empty queue]] WARN  server.GrpcLogAppender (GrpcLogAppender.java:timeoutAppendRequest(200)) - 0f4aa411-f22d-408f-a3ae-026c0e4d845c@group-447053F58748->e5557321-17be-433a-8d96-d7d186384118-GrpcLogAppender: appendEntries Timeout, request=0f4aa411-f22d-408f-a3ae-026c0e4d845c->e5557321-17be-433a-8d96-d7d186384118#48-t2, previous=(t:2, i:20), leaderCommit=16, initializing? false, entries: <empty>
2019-09-10 13:19:27,085 [java.util.concurrent.ThreadPoolExecutor$Worker@4ae31852[State = -1, empty queue]] WARN  server.GrpcLogAppender (GrpcLogAppender.java:timeoutAppendRequest(200)) - 0f4aa411-f22d-408f-a3ae-026c0e4d845c@group-447053F58748->82b87940-075a-4240-9714-83f9b1f11359-GrpcLogAppender: appendEntries Timeout, request=0f4aa411-f22d-408f-a3ae-026c0e4d845c->82b87940-075a-4240-9714-83f9b1f11359#48-t2, previous=(t:2, i:20), leaderCommit=16, initializing? false, entries: <empty>
2019-09-10 13:19:27,586 [java.util.concurrent.ThreadPoolExecutor$Worker@4ae31852[State = -1, empty queue]] WARN  server.GrpcLogAppender (GrpcLogAppender.java:timeoutAppendRequest(200)) - 0f4aa411-f22d-408f-a3ae-026c0e4d845c@group-447053F58748->82b87940-075a-4240-9714-83f9b1f11359-GrpcLogAppender: appendEntries Timeout, request=0f4aa411-f22d-408f-a3ae-026c0e4d845c->82b87940-075a-4240-9714-83f9b1f11359#49-t2, previous=(t:2, i:20), leaderCommit=16, initializing? false, entries: <empty>
2019-09-10 13:19:27,586 [java.util.concurrent.ThreadPoolExecutor$Worker@651f3e5c[State = -1, empty queue]] WARN  server.GrpcLogAppender (GrpcLogAppender.java:timeoutAppendRequest(200)) - 0f4aa411-f22d-408f-a3ae-026c0e4d845c@group-447053F58748->e5557321-17be-433a-8d96-d7d186384118-GrpcLogAppender: appendEntries Timeout, request=0f4aa411-f22d-408f-a3ae-026c0e4d845c->e5557321-17be-433a-8d96-d7d186384118#49-t2, previous=(t:2, i:20), leaderCommit=16, initializing? false, entries: <empty>
2019-09-10 13:19:28,086 [java.util.concurrent.ThreadPoolExecutor$Worker@4ae31852[State = -1, empty queue]] WARN  server.GrpcLogAppender (GrpcLogAppender.java:timeoutAppendRequest(200)) - 0f4aa411-f22d-408f-a3ae-026c0e4d845c@group-447053F58748->82b87940-075a-4240-9714-83f9b1f11359-GrpcLogAppender: appendEntries Timeout, request=0f4aa411-f22d-408f-a3ae-026c0e4d845c->82b87940-075a-4240-9714-83f9b1f11359#50-t2, previous=(t:2, i:20), leaderCommit=16, initializing? false, entries: <empty>
2019-09-10 13:19:28,086 [java.util.concurrent.ThreadPoolExecutor$Worker@651f3e5c[State = -1, empty queue]] WARN  server.GrpcLogAppender (GrpcLogAppender.java:timeoutAppendRequest(200)) - 0f4aa411-f22d-408f-a3ae-026c0e4d845c@group-447053F58748->e5557321-17be-433a-8d96-d7d186384118-GrpcLogAppender: appendEntries Timeout, request=0f4aa411-f22d-408f-a3ae-026c0e4d845c->e5557321-17be-433a-8d96-d7d186384118#50-t2, previous=(t:2, i:20), leaderCommit=16, initializing? false, entries: <empty>
2019-09-10 13:19:28,586 [java.util.concurrent.ThreadPoolExecutor$Worker@4ae31852[State = -1, empty queue]] WARN  server.GrpcLogAppender (GrpcLogAppender.java:timeoutAppendRequest(200)) - 0f4aa411-f22d-408f-a3ae-026c0e4d845c@group-447053F58748->82b87940-075a-4240-9714-83f9b1f11359-GrpcLogAppender: appendEntries Timeout, request=0f4aa411-f22d-408f-a3ae-026c0e4d845c->82b87940-075a-4240-9714-83f9b1f11359#51-t2, previous=(t:2, i:20), leaderCommit=16, initializing? false, entries: <empty>
2019-09-10 13:19:28,586 [java.util.concurrent.ThreadPoolExecutor$Worker@651f3e5c[State = -1, empty queue]] WARN  server.GrpcLogAppender (GrpcLogAppender.java:timeoutAppendRequest(200)) - 0f4aa411-f22d-408f-a3ae-026c0e4d845c@group-447053F58748->e5557321-17be-433a-8d96-d7d186384118-GrpcLogAppender: appendEntries Timeout, request=0f4aa411-f22d-408f-a3ae-026c0e4d845c->e5557321-17be-433a-8d96-d7d186384118#51-t2, previous=(t:2, i:20), leaderCommit=16, initializing? false, entries: <empty>
2019-09-10 13:19:29,087 [java.util.concurrent.ThreadPoolExecutor$Worker@651f3e5c[State = -1, empty queue]] WARN  server.GrpcLogAppender (GrpcLogAppender.java:timeoutAppendRequest(200)) - 0f4aa411-f22d-408f-a3ae-026c0e4d845c@group-447053F58748->e5557321-17be-433a-8d96-d7d186384118-GrpcLogAppender: appendEntries Timeout, request=0f4aa411-f22d-408f-a3ae-026c0e4d845c->e5557321-17be-433a-8d96-d7d186384118#52-t2, previous=(t:2, i:20), leaderCommit=16, initializing? false, entries: <empty>
2019-09-10 13:19:29,087 [java.util.concurrent.ThreadPoolExecutor$Worker@4ae31852[State = -1, empty queue]] WARN  server.GrpcLogAppender (GrpcLogAppender.java:timeoutAppendRequest(200)) - 0f4aa411-f22d-408f-a3ae-026c0e4d845c@group-447053F58748->82b87940-075a-4240-9714-83f9b1f11359-GrpcLogAppender: appendEntries Timeout, request=0f4aa411-f22d-408f-a3ae-026c0e4d845c->82b87940-075a-4240-9714-83f9b1f11359#52-t2, previous=(t:2, i:20), leaderCommit=16, initializing? false, entries: <empty>
2019-09-10 13:19:29,289 [main] WARN  io.KeyOutputStream (KeyOutputStream.java:handleException(276)) - Encountered exception java.io.IOException: Unexpected Storage Container Exception: java.util.concurrent.CompletionException: java.util.concurrent.CompletionException: org.apache.ratis.protocol.RaftRetryFailureException: Failed RaftClientRequest:client-7A030D982070->0f4aa411-f22d-408f-a3ae-026c0e4d845c@group-447053F58748, cid=37, seq=9*, RW, org.apache.hadoop.hdds.scm.XceiverClientRatis$$Lambda$435/787298292@7ebdfa6a for 10 attempts with RetryLimited(maxAttempts=10, sleepTime=1000ms) on the pipeline Pipeline[ Id: 82764ad5-c52e-41ab-bff6-447053f58748, Nodes: e5557321-17be-433a-8d96-d7d186384118{ip: 192.168.34.50, host: pr-hdds-1879-pp2l2-2511026898, networkLocation: /default-rack, certSerialId: null}82b87940-075a-4240-9714-83f9b1f11359{ip: 192.168.34.50, host: pr-hdds-1879-pp2l2-2511026898, networkLocation: /default-rack, certSerialId: null}0f4aa411-f22d-408f-a3ae-026c0e4d845c{ip: 192.168.34.50, host: pr-hdds-1879-pp2l2-2511026898, networkLocation: /default-rack, certSerialId: null}, Type:RATIS, Factor:THREE, State:OPEN]. The last committed block length is 0, uncommitted data length is 2097152 retry count 0
2019-09-10 13:19:29,518 [grpc-default-executor-5] INFO  client.GrpcClientProtocolClient (GrpcClientProtocolClient.java:onNext(264)) - client-7BF1329EB290->77c590a9-0e60-42d8-bbf8-e31004d5a9e8: receive RaftClientReply:client-7BF1329EB290->77c590a9-0e60-42d8-bbf8-e31004d5a9e8@group-5DD09A43E0EE, cid=41, SUCCESS, logIndex=1, commits[77c590a9-0e60-42d8-bbf8-e31004d5a9e8:c1, 598fdd25-f3b3-418d-bbd3-bcbfa35279b9:c0, 05e9b83b-b6ec-4168-9e18-fac302cf5421:c0]
2019-09-10 13:19:29,726 [java.util.concurrent.ThreadPoolExecutor$Worker@4ae31852[State = -1, empty queue]] WARN  server.GrpcLogAppender (GrpcLogAppender.java:timeoutAppendRequest(200)) - 0f4aa411-f22d-408f-a3ae-026c0e4d845c@group-447053F58748->82b87940-075a-4240-9714-83f9b1f11359-GrpcLogAppender: appendEntries Timeout, request=0f4aa411-f22d-408f-a3ae-026c0e4d845c->82b87940-075a-4240-9714-83f9b1f11359#53-t2, previous=(t:2, i:20), leaderCommit=16, initializing? false, entries: <empty>
2019-09-10 13:19:29,729 [java.util.concurrent.ThreadPoolExecutor$Worker@651f3e5c[State = -1, empty queue]] WARN  server.GrpcLogAppender (GrpcLogAppender.java:timeoutAppendRequest(200)) - 0f4aa411-f22d-408f-a3ae-026c0e4d845c@group-447053F58748->e5557321-17be-433a-8d96-d7d186384118-GrpcLogAppender: appendEntries Timeout, request=0f4aa411-f22d-408f-a3ae-026c0e4d845c->e5557321-17be-433a-8d96-d7d186384118#53-t2, previous=(t:2, i:20), leaderCommit=16, initializing? false, entries: <empty>
2019-09-10 13:19:29,818 [grpc-default-executor-4] INFO  client.GrpcClientProtocolClient (GrpcClientProtocolClient.java:onNext(264)) - client-7BF1329EB290->77c590a9-0e60-42d8-bbf8-e31004d5a9e8: receive RaftClientReply:client-7BF1329EB290->77c590a9-0e60-42d8-bbf8-e31004d5a9e8@group-5DD09A43E0EE, cid=42, SUCCESS, logIndex=3, commits[77c590a9-0e60-42d8-bbf8-e31004d5a9e8:c8, 598fdd25-f3b3-418d-bbd3-bcbfa35279b9:c5, 05e9b83b-b6ec-4168-9e18-fac302cf5421:c5]
2019-09-10 13:19:29,819 [grpc-default-executor-4] INFO  client.GrpcClientProtocolClient (GrpcClientProtocolClient.java:onNext(264)) - client-7BF1329EB290->77c590a9-0e60-42d8-bbf8-e31004d5a9e8: receive RaftClientReply:client-7BF1329EB290->77c590a9-0e60-42d8-bbf8-e31004d5a9e8@group-5DD09A43E0EE, cid=43, SUCCESS, logIndex=4, commits[77c590a9-0e60-42d8-bbf8-e31004d5a9e8:c8, 598fdd25-f3b3-418d-bbd3-bcbfa35279b9:c5, 05e9b83b-b6ec-4168-9e18-fac302cf5421:c5]
2019-09-10 13:19:29,941 [grpc-default-executor-4] INFO  client.GrpcClientProtocolClient (GrpcClientProtocolClient.java:onNext(264)) - client-7BF1329EB290->77c590a9-0e60-42d8-bbf8-e31004d5a9e8: receive RaftClientReply:client-7BF1329EB290->77c590a9-0e60-42d8-bbf8-e31004d5a9e8@group-5DD09A43E0EE, cid=44, SUCCESS, logIndex=5, commits[77c590a9-0e60-42d8-bbf8-e31004d5a9e8:c8, 598fdd25-f3b3-418d-bbd3-bcbfa35279b9:c5, 05e9b83b-b6ec-4168-9e18-fac302cf5421:c5]
2019-09-10 13:19:30,101 [java.util.concurrent.ThreadPoolExecutor$Worker@651f3e5c[State = -1, empty queue]] WARN  server.GrpcLogAppender (GrpcLogAppender.java:timeoutAppendRequest(200)) - 0f4aa411-f22d-408f-a3ae-026c0e4d845c@group-447053F58748->e5557321-17be-433a-8d96-d7d186384118-GrpcLogAppender: appendEntries Timeout, request=0f4aa411-f22d-408f-a3ae-026c0e4d845c->e5557321-17be-433a-8d96-d7d186384118#54-t2, previous=(t:2, i:20), leaderCommit=16, initializing? false, entries: <empty>
2019-09-10 13:19:30,101 [java.util.concurrent.ThreadPoolExecutor$Worker@4ae31852[State = -1, empty queue]] WARN  server.GrpcLogAppender (GrpcLogAppender.java:timeoutAppendRequest(200)) - 0f4aa411-f22d-408f-a3ae-026c0e4d845c@group-447053F58748->82b87940-075a-4240-9714-83f9b1f11359-GrpcLogAppender: appendEntries Timeout, request=0f4aa411-f22d-408f-a3ae-026c0e4d845c->82b87940-075a-4240-9714-83f9b1f11359#54-t2, previous=(t:2, i:20), leaderCommit=16, initializing? false, entries: <empty>
2019-09-10 13:19:30,154 [Datanode State Machine Thread - 0] INFO  statemachine.DatanodeStateMachine (DatanodeStateMachine.java:lambda$startDaemon$0(350)) - Ozone container server started.
2019-09-10 13:19:30,602 [java.util.concurrent.ThreadPoolExecutor$Worker@4ae31852[State = -1, empty queue]] WARN  server.GrpcLogAppender (GrpcLogAppender.java:timeoutAppendRequest(200)) - 0f4aa411-f22d-408f-a3ae-026c0e4d845c@group-447053F58748->82b87940-075a-4240-9714-83f9b1f11359-GrpcLogAppender: appendEntries Timeout, request=0f4aa411-f22d-408f-a3ae-026c0e4d845c->82b87940-075a-4240-9714-83f9b1f11359#55-t2, previous=(t:2, i:20), leaderCommit=16, initializing? false, entries: <empty>
2019-09-10 13:19:30,602 [java.util.concurrent.ThreadPoolExecutor$Worker@651f3e5c[State = -1, empty queue]] WARN  server.GrpcLogAppender (GrpcLogAppender.java:timeoutAppendRequest(200)) - 0f4aa411-f22d-408f-a3ae-026c0e4d845c@group-447053F58748->e5557321-17be-433a-8d96-d7d186384118-GrpcLogAppender: appendEntries Timeout, request=0f4aa411-f22d-408f-a3ae-026c0e4d845c->e5557321-17be-433a-8d96-d7d186384118#55-t2, previous=(t:2, i:20), leaderCommit=16, initializing? false, entries: <empty>
2019-09-10 13:19:31,042 [e5557321-17be-433a-8d96-d7d186384118@group-447053F58748-SegmentedRaftLogWorker] WARN  segmented.SegmentedRaftLogWorker (SegmentedRaftLogWorker.java:getFromFuture(90)) - Timeout 1/~
org.apache.ratis.protocol.TimeoutIOException: Timeout 10s: WriteLog:17: (t:2, i:17), STATEMACHINELOGENTRY, client-7A030D982070, cid=37-writeStateMachineData
	at org.apache.ratis.util.IOUtils.getFromFuture(IOUtils.java:87)
	at org.apache.ratis.server.raftlog.segmented.SegmentedRaftLogWorker$StateMachineDataPolicy.getFromFuture(SegmentedRaftLogWorker.java:87)
	at org.apache.ratis.server.raftlog.segmented.SegmentedRaftLogWorker$WriteLog.execute(SegmentedRaftLogWorker.java:477)
	at org.apache.ratis.server.raftlog.segmented.SegmentedRaftLogWorker.run(SegmentedRaftLogWorker.java:289)
	at java.lang.Thread.run(Thread.java:748)
Caused by: java.util.concurrent.TimeoutException
	at java.util.concurrent.CompletableFuture.timedGet(CompletableFuture.java:1771)
	at java.util.concurrent.CompletableFuture.get(CompletableFuture.java:1915)
	at org.apache.ratis.util.IOUtils.getFromFuture(IOUtils.java:79)
	... 4 more
2019-09-10 13:19:31,102 [java.util.concurrent.ThreadPoolExecutor$Worker@4ae31852[State = -1, empty queue]] WARN  server.GrpcLogAppender (GrpcLogAppender.java:timeoutAppendRequest(200)) - 0f4aa411-f22d-408f-a3ae-026c0e4d845c@group-447053F58748->82b87940-075a-4240-9714-83f9b1f11359-GrpcLogAppender: appendEntries Timeout, request=0f4aa411-f22d-408f-a3ae-026c0e4d845c->82b87940-075a-4240-9714-83f9b1f11359#56-t2, previous=(t:2, i:20), leaderCommit=16, initializing? false, entries: <empty>
2019-09-10 13:19:31,102 [java.util.concurrent.ThreadPoolExecutor$Worker@651f3e5c[State = -1, empty queue]] WARN  server.GrpcLogAppender (GrpcLogAppender.java:timeoutAppendRequest(200)) - 0f4aa411-f22d-408f-a3ae-026c0e4d845c@group-447053F58748->e5557321-17be-433a-8d96-d7d186384118-GrpcLogAppender: appendEntries Timeout, request=0f4aa411-f22d-408f-a3ae-026c0e4d845c->e5557321-17be-433a-8d96-d7d186384118#56-t2, previous=(t:2, i:20), leaderCommit=16, initializing? false, entries: <empty>
2019-09-10 13:19:31,137 [0f4aa411-f22d-408f-a3ae-026c0e4d845c@group-447053F58748-SegmentedRaftLogWorker] WARN  segmented.SegmentedRaftLogWorker (SegmentedRaftLogWorker.java:getFromFuture(90)) - Timeout 1/~
org.apache.ratis.protocol.TimeoutIOException: Timeout 10s: WriteLog:19: (t:2, i:19), STATEMACHINELOGENTRY, client-7A030D982070, cid=39-writeStateMachineData
	at org.apache.ratis.util.IOUtils.getFromFuture(IOUtils.java:87)
	at org.apache.ratis.server.raftlog.segmented.SegmentedRaftLogWorker$StateMachineDataPolicy.getFromFuture(SegmentedRaftLogWorker.java:87)
	at org.apache.ratis.server.raftlog.segmented.SegmentedRaftLogWorker$WriteLog.execute(SegmentedRaftLogWorker.java:477)
	at org.apache.ratis.server.raftlog.segmented.SegmentedRaftLogWorker.run(SegmentedRaftLogWorker.java:289)
	at java.lang.Thread.run(Thread.java:748)
Caused by: java.util.concurrent.TimeoutException
	at java.util.concurrent.CompletableFuture.timedGet(CompletableFuture.java:1771)
	at java.util.concurrent.CompletableFuture.get(CompletableFuture.java:1915)
	at org.apache.ratis.util.IOUtils.getFromFuture(IOUtils.java:79)
	... 4 more
2019-09-10 13:19:31,154 [82b87940-075a-4240-9714-83f9b1f11359@group-447053F58748-SegmentedRaftLogWorker] WARN  segmented.SegmentedRaftLogWorker (SegmentedRaftLogWorker.java:getFromFuture(90)) - Timeout 1/~
org.apache.ratis.protocol.TimeoutIOException: Timeout 10s: WriteLog:19: (t:2, i:19), STATEMACHINELOGENTRY, client-7A030D982070, cid=39-writeStateMachineData
	at org.apache.ratis.util.IOUtils.getFromFuture(IOUtils.java:87)
	at org.apache.ratis.server.raftlog.segmented.SegmentedRaftLogWorker$StateMachineDataPolicy.getFromFuture(SegmentedRaftLogWorker.java:87)
	at org.apache.ratis.server.raftlog.segmented.SegmentedRaftLogWorker$WriteLog.execute(SegmentedRaftLogWorker.java:477)
	at org.apache.ratis.server.raftlog.segmented.SegmentedRaftLogWorker.run(SegmentedRaftLogWorker.java:289)
	at java.lang.Thread.run(Thread.java:748)
Caused by: java.util.concurrent.TimeoutException
	at java.util.concurrent.CompletableFuture.timedGet(CompletableFuture.java:1771)
	at java.util.concurrent.CompletableFuture.get(CompletableFuture.java:1915)
	at org.apache.ratis.util.IOUtils.getFromFuture(IOUtils.java:79)
	... 4 more
2019-09-10 13:19:31,602 [java.util.concurrent.ThreadPoolExecutor$Worker@4ae31852[State = -1, empty queue]] WARN  server.GrpcLogAppender (GrpcLogAppender.java:timeoutAppendRequest(200)) - 0f4aa411-f22d-408f-a3ae-026c0e4d845c@group-447053F58748->82b87940-075a-4240-9714-83f9b1f11359-GrpcLogAppender: appendEntries Timeout, request=0f4aa411-f22d-408f-a3ae-026c0e4d845c->82b87940-075a-4240-9714-83f9b1f11359#57-t2, previous=(t:2, i:20), leaderCommit=16, initializing? false, entries: <empty>
2019-09-10 13:19:31,602 [java.util.concurrent.ThreadPoolExecutor$Worker@651f3e5c[State = -1, empty queue]] WARN  server.GrpcLogAppender (GrpcLogAppender.java:timeoutAppendRequest(200)) - 0f4aa411-f22d-408f-a3ae-026c0e4d845c@group-447053F58748->e5557321-17be-433a-8d96-d7d186384118-GrpcLogAppender: appendEntries Timeout, request=0f4aa411-f22d-408f-a3ae-026c0e4d845c->e5557321-17be-433a-8d96-d7d186384118#57-t2, previous=(t:2, i:20), leaderCommit=16, initializing? false, entries: <empty>
2019-09-10 13:19:32,103 [java.util.concurrent.ThreadPoolExecutor$Worker@4ae31852[State = -1, empty queue]] WARN  server.GrpcLogAppender (GrpcLogAppender.java:timeoutAppendRequest(200)) - 0f4aa411-f22d-408f-a3ae-026c0e4d845c@group-447053F58748->82b87940-075a-4240-9714-83f9b1f11359-GrpcLogAppender: appendEntries Timeout, request=0f4aa411-f22d-408f-a3ae-026c0e4d845c->82b87940-075a-4240-9714-83f9b1f11359#58-t2, previous=(t:2, i:20), leaderCommit=16, initializing? false, entries: <empty>
2019-09-10 13:19:32,103 [java.util.concurrent.ThreadPoolExecutor$Worker@651f3e5c[State = -1, empty queue]] WARN  server.GrpcLogAppender (GrpcLogAppender.java:timeoutAppendRequest(200)) - 0f4aa411-f22d-408f-a3ae-026c0e4d845c@group-447053F58748->e5557321-17be-433a-8d96-d7d186384118-GrpcLogAppender: appendEntries Timeout, request=0f4aa411-f22d-408f-a3ae-026c0e4d845c->e5557321-17be-433a-8d96-d7d186384118#58-t2, previous=(t:2, i:20), leaderCommit=16, initializing? false, entries: <empty>
2019-09-10 13:19:32,726 [java.util.concurrent.ThreadPoolExecutor$Worker@4ae31852[State = -1, empty queue]] WARN  server.GrpcLogAppender (GrpcLogAppender.java:timeoutAppendRequest(200)) - 0f4aa411-f22d-408f-a3ae-026c0e4d845c@group-447053F58748->82b87940-075a-4240-9714-83f9b1f11359-GrpcLogAppender: appendEntries Timeout, request=0f4aa411-f22d-408f-a3ae-026c0e4d845c->82b87940-075a-4240-9714-83f9b1f11359#59-t2, previous=(t:2, i:20), leaderCommit=16, initializing? false, entries: <empty>
2019-09-10 13:19:32,730 [java.util.concurrent.ThreadPoolExecutor$Worker@651f3e5c[State = -1, empty queue]] WARN  server.GrpcLogAppender (GrpcLogAppender.java:timeoutAppendRequest(200)) - 0f4aa411-f22d-408f-a3ae-026c0e4d845c@group-447053F58748->e5557321-17be-433a-8d96-d7d186384118-GrpcLogAppender: appendEntries Timeout, request=0f4aa411-f22d-408f-a3ae-026c0e4d845c->e5557321-17be-433a-8d96-d7d186384118#59-t2, previous=(t:2, i:20), leaderCommit=16, initializing? false, entries: <empty>
2019-09-10 13:19:33,230 [java.util.concurrent.ThreadPoolExecutor$Worker@4ae31852[State = -1, empty queue]] WARN  server.GrpcLogAppender (GrpcLogAppender.java:timeoutAppendRequest(200)) - 0f4aa411-f22d-408f-a3ae-026c0e4d845c@group-447053F58748->82b87940-075a-4240-9714-83f9b1f11359-GrpcLogAppender: appendEntries Timeout, request=0f4aa411-f22d-408f-a3ae-026c0e4d845c->82b87940-075a-4240-9714-83f9b1f11359#60-t2, previous=(t:2, i:20), leaderCommit=16, initializing? false, entries: <empty>
2019-09-10 13:19:33,230 [java.util.concurrent.ThreadPoolExecutor$Worker@651f3e5c[State = -1, empty queue]] WARN  server.GrpcLogAppender (GrpcLogAppender.java:timeoutAppendRequest(200)) - 0f4aa411-f22d-408f-a3ae-026c0e4d845c@group-447053F58748->e5557321-17be-433a-8d96-d7d186384118-GrpcLogAppender: appendEntries Timeout, request=0f4aa411-f22d-408f-a3ae-026c0e4d845c->e5557321-17be-433a-8d96-d7d186384118#60-t2, previous=(t:2, i:20), leaderCommit=16, initializing? false, entries: <empty>
2019-09-10 13:19:33,731 [java.util.concurrent.ThreadPoolExecutor$Worker@4ae31852[State = -1, empty queue]] WARN  server.GrpcLogAppender (GrpcLogAppender.java:timeoutAppendRequest(200)) - 0f4aa411-f22d-408f-a3ae-026c0e4d845c@group-447053F58748->82b87940-075a-4240-9714-83f9b1f11359-GrpcLogAppender: appendEntries Timeout, request=0f4aa411-f22d-408f-a3ae-026c0e4d845c->82b87940-075a-4240-9714-83f9b1f11359#61-t2, previous=(t:2, i:20), leaderCommit=16, initializing? false, entries: <empty>
2019-09-10 13:19:33,731 [java.util.concurrent.ThreadPoolExecutor$Worker@651f3e5c[State = -1, empty queue]] WARN  server.GrpcLogAppender (GrpcLogAppender.java:timeoutAppendRequest(200)) - 0f4aa411-f22d-408f-a3ae-026c0e4d845c@group-447053F58748->e5557321-17be-433a-8d96-d7d186384118-GrpcLogAppender: appendEntries Timeout, request=0f4aa411-f22d-408f-a3ae-026c0e4d845c->e5557321-17be-433a-8d96-d7d186384118#61-t2, previous=(t:2, i:20), leaderCommit=16, initializing? false, entries: <empty>
2019-09-10 13:19:34,231 [java.util.concurrent.ThreadPoolExecutor$Worker@4ae31852[State = -1, empty queue]] WARN  server.GrpcLogAppender (GrpcLogAppender.java:timeoutAppendRequest(200)) - 0f4aa411-f22d-408f-a3ae-026c0e4d845c@group-447053F58748->82b87940-075a-4240-9714-83f9b1f11359-GrpcLogAppender: appendEntries Timeout, request=0f4aa411-f22d-408f-a3ae-026c0e4d845c->82b87940-075a-4240-9714-83f9b1f11359#62-t2, previous=(t:2, i:20), leaderCommit=16, initializing? false, entries: <empty>
2019-09-10 13:19:34,231 [java.util.concurrent.ThreadPoolExecutor$Worker@651f3e5c[State = -1, empty queue]] WARN  server.GrpcLogAppender (GrpcLogAppender.java:timeoutAppendRequest(200)) - 0f4aa411-f22d-408f-a3ae-026c0e4d845c@group-447053F58748->e5557321-17be-433a-8d96-d7d186384118-GrpcLogAppender: appendEntries Timeout, request=0f4aa411-f22d-408f-a3ae-026c0e4d845c->e5557321-17be-433a-8d96-d7d186384118#62-t2, previous=(t:2, i:20), leaderCommit=16, initializing? false, entries: <empty>
2019-09-10 13:19:34,731 [java.util.concurrent.ThreadPoolExecutor$Worker@4ae31852[State = -1, empty queue]] WARN  server.GrpcLogAppender (GrpcLogAppender.java:timeoutAppendRequest(200)) - 0f4aa411-f22d-408f-a3ae-026c0e4d845c@group-447053F58748->82b87940-075a-4240-9714-83f9b1f11359-GrpcLogAppender: appendEntries Timeout, request=0f4aa411-f22d-408f-a3ae-026c0e4d845c->82b87940-075a-4240-9714-83f9b1f11359#63-t2, previous=(t:2, i:20), leaderCommit=16, initializing? false, entries: <empty>
2019-09-10 13:19:34,731 [java.util.concurrent.ThreadPoolExecutor$Worker@651f3e5c[State = -1, empty queue]] WARN  server.GrpcLogAppender (GrpcLogAppender.java:timeoutAppendRequest(200)) - 0f4aa411-f22d-408f-a3ae-026c0e4d845c@group-447053F58748->e5557321-17be-433a-8d96-d7d186384118-GrpcLogAppender: appendEntries Timeout, request=0f4aa411-f22d-408f-a3ae-026c0e4d845c->e5557321-17be-433a-8d96-d7d186384118#63-t2, previous=(t:2, i:20), leaderCommit=16, initializing? false, entries: <empty>
2019-09-10 13:19:34,946 [main] INFO  ozoneimpl.OzoneContainer (OzoneContainer.java:stop(231)) - Attempting to stop container services.
2019-09-10 13:19:34,947 [main] INFO  impl.RaftServerProxy (RaftServerProxy.java:lambda$close$4(314)) - e5557321-17be-433a-8d96-d7d186384118: close
2019-09-10 13:19:34,950 [main] INFO  impl.RaftServerImpl (RaftServerImpl.java:lambda$shutdown$3(251)) - e5557321-17be-433a-8d96-d7d186384118@group-915D053A7BBF: shutdown
2019-09-10 13:19:34,950 [ForkJoinPool.commonPool-worker-0] INFO  impl.RaftServerImpl (RaftServerImpl.java:lambda$shutdown$3(251)) - e5557321-17be-433a-8d96-d7d186384118@group-447053F58748: shutdown
2019-09-10 13:19:34,950 [main] INFO  util.JmxRegister (JmxRegister.java:unregister(73)) - Successfully un-registered JMX Bean with object name Ratis:service=RaftServer,group=group-915D053A7BBF,id=e5557321-17be-433a-8d96-d7d186384118
2019-09-10 13:19:34,951 [ForkJoinPool.commonPool-worker-0] INFO  util.JmxRegister (JmxRegister.java:unregister(73)) - Successfully un-registered JMX Bean with object name Ratis:service=RaftServer,group=group-447053F58748,id=e5557321-17be-433a-8d96-d7d186384118
2019-09-10 13:19:34,951 [main] INFO  impl.RoleInfo (RoleInfo.java:shutdownLeaderState(104)) - e5557321-17be-433a-8d96-d7d186384118: shutdown LeaderState
2019-09-10 13:19:34,951 [ForkJoinPool.commonPool-worker-0] INFO  impl.RoleInfo (RoleInfo.java:shutdownFollowerState(121)) - e5557321-17be-433a-8d96-d7d186384118: shutdown FollowerState
2019-09-10 13:19:34,952 [Thread-436] INFO  impl.FollowerState (FollowerState.java:run(115)) - e5557321-17be-433a-8d96-d7d186384118: FollowerState was interrupted: java.lang.InterruptedException: sleep interrupted
2019-09-10 13:19:34,952 [ForkJoinPool.commonPool-worker-0] INFO  impl.StateMachineUpdater (StateMachineUpdater.java:stopAndJoin(125)) - e5557321-17be-433a-8d96-d7d186384118@group-447053F58748-StateMachineUpdater: set stopIndex = 16
2019-09-10 13:19:34,960 [e5557321-17be-433a-8d96-d7d186384118@group-447053F58748-StateMachineUpdater] INFO  ratis.ContainerStateMachine (ContainerStateMachine.java:takeSnapshot(289)) - group-447053F58748: Taking a snapshot at:(t:2, i:12) file /workdir/hadoop-ozone/integration-test/target/test-dir/MiniOzoneClusterImpl-bbba21db-ec34-461e-a1c1-b53f0753d0be/datanode-5/data/ratis/82764ad5-c52e-41ab-bff6-447053f58748/sm/snapshot.2_12
2019-09-10 13:19:34,952 [main] INFO  impl.PendingRequests (PendingRequests.java:sendNotLeaderResponses(202)) - e5557321-17be-433a-8d96-d7d186384118-PendingRequests: sendNotLeaderResponses
2019-09-10 13:19:34,964 [main] INFO  impl.StateMachineUpdater (StateMachineUpdater.java:stopAndJoin(125)) - e5557321-17be-433a-8d96-d7d186384118@group-915D053A7BBF-StateMachineUpdater: set stopIndex = 0
2019-09-10 13:19:34,967 [main] INFO  impl.RaftServerImpl (ServerState.java:close(385)) - e5557321-17be-433a-8d96-d7d186384118@group-915D053A7BBF: closes. applyIndex: 0
2019-09-10 13:19:34,970 [e5557321-17be-433a-8d96-d7d186384118@group-915D053A7BBF-SegmentedRaftLogWorker] INFO  segmented.SegmentedRaftLogWorker (SegmentedRaftLogWorker.java:run(313)) - e5557321-17be-433a-8d96-d7d186384118@group-915D053A7BBF-SegmentedRaftLogWorker was interrupted, exiting. There are 0 tasks remaining in the queue.
2019-09-10 13:19:34,973 [main] INFO  segmented.SegmentedRaftLogWorker (SegmentedRaftLogWorker.java:close(228)) - e5557321-17be-433a-8d96-d7d186384118@group-915D053A7BBF-SegmentedRaftLogWorker close()
2019-09-10 13:19:35,004 [e5557321-17be-433a-8d96-d7d186384118@group-447053F58748-StateMachineUpdater] INFO  ratis.ContainerStateMachine (ContainerStateMachine.java:takeSnapshot(300)) - group-447053F58748: Finished taking a snapshot at:(t:2, i:12) file:/workdir/hadoop-ozone/integration-test/target/test-dir/MiniOzoneClusterImpl-bbba21db-ec34-461e-a1c1-b53f0753d0be/datanode-5/data/ratis/82764ad5-c52e-41ab-bff6-447053f58748/sm/snapshot.2_12 time:52
2019-09-10 13:19:35,004 [e5557321-17be-433a-8d96-d7d186384118@group-447053F58748-StateMachineUpdater] INFO  impl.StateMachineUpdater (StateMachineUpdater.java:takeSnapshot(258)) - e5557321-17be-433a-8d96-d7d186384118@group-447053F58748-StateMachineUpdater: Took a snapshot at index 12
2019-09-10 13:19:35,005 [e5557321-17be-433a-8d96-d7d186384118@group-447053F58748-StateMachineUpdater] INFO  impl.StateMachineUpdater (StateMachineUpdater.java:lambda$new$0(83)) - e5557321-17be-433a-8d96-d7d186384118@group-447053F58748-StateMachineUpdater: snapshotIndex: updateIncreasingly -1 -> 12
2019-09-10 13:19:35,012 [e5557321-17be-433a-8d96-d7d186384118@group-447053F58748-StateMachineUpdater] INFO  ratis.ContainerStateMachine (ContainerStateMachine.java:takeSnapshot(289)) - group-447053F58748: Taking a snapshot at:(t:2, i:12) file /workdir/hadoop-ozone/integration-test/target/test-dir/MiniOzoneClusterImpl-bbba21db-ec34-461e-a1c1-b53f0753d0be/datanode-5/data/ratis/82764ad5-c52e-41ab-bff6-447053f58748/sm/snapshot.2_12
2019-09-10 13:19:35,014 [e5557321-17be-433a-8d96-d7d186384118@group-447053F58748-StateMachineUpdater] INFO  ratis.ContainerStateMachine (ContainerStateMachine.java:takeSnapshot(300)) - group-447053F58748: Finished taking a snapshot at:(t:2, i:12) file:/workdir/hadoop-ozone/integration-test/target/test-dir/MiniOzoneClusterImpl-bbba21db-ec34-461e-a1c1-b53f0753d0be/datanode-5/data/ratis/82764ad5-c52e-41ab-bff6-447053f58748/sm/snapshot.2_12 time:3
2019-09-10 13:19:35,014 [e5557321-17be-433a-8d96-d7d186384118@group-447053F58748-StateMachineUpdater] INFO  impl.StateMachineUpdater (StateMachineUpdater.java:takeSnapshot(258)) - e5557321-17be-433a-8d96-d7d186384118@group-447053F58748-StateMachineUpdater: Took a snapshot at index 12
2019-09-10 13:19:35,015 [e5557321-17be-433a-8d96-d7d186384118@group-447053F58748-StateMachineUpdater] INFO  impl.StateMachineUpdater (StateMachineUpdater.java:lambda$new$0(83)) - e5557321-17be-433a-8d96-d7d186384118@group-447053F58748-StateMachineUpdater: snapshotIndex: updateIncreasingly 12 -> 12
2019-09-10 13:19:35,015 [ForkJoinPool.commonPool-worker-0] INFO  impl.RaftServerImpl (ServerState.java:close(385)) - e5557321-17be-433a-8d96-d7d186384118@group-447053F58748: closes. applyIndex: 16
2019-09-10 13:19:35,028 [e5557321-17be-433a-8d96-d7d186384118@group-447053F58748-SegmentedRaftLogWorker] ERROR ratis.XceiverServerRatis (XceiverServerRatis.java:triggerPipelineClose(568)) - pipeline Action CLOSE  on pipeline PipelineID=82764ad5-c52e-41ab-bff6-447053f58748.Reason : WriteLog:17: (t:2, i:17), STATEMACHINELOGENTRY, client-7A030D982070, cid=37-writeStateMachineData interrupted.
2019-09-10 13:19:35,034 [ForkJoinPool.commonPool-worker-0] INFO  segmented.SegmentedRaftLogWorker (SegmentedRaftLogWorker.java:close(228)) - e5557321-17be-433a-8d96-d7d186384118@group-447053F58748-SegmentedRaftLogWorker close()
2019-09-10 13:19:35,045 [main] INFO  server.GrpcService (GrpcService.java:closeImpl(164)) - e5557321-17be-433a-8d96-d7d186384118: shutdown server with port 36666 now
2019-09-10 13:19:35,064 [main] INFO  server.GrpcService (GrpcService.java:closeImpl(172)) - e5557321-17be-433a-8d96-d7d186384118: shutdown server with port 36666 successfully
2019-09-10 13:19:35,066 [grpc-default-executor-4] WARN  server.GrpcLogAppender (LogUtils.java:warn(134)) - 0f4aa411-f22d-408f-a3ae-026c0e4d845c@group-447053F58748->e5557321-17be-433a-8d96-d7d186384118-AppendLogResponseHandler: Failed appendEntries: org.apache.ratis.thirdparty.io.grpc.StatusRuntimeException: CANCELLED: HTTP/2 error code: CANCEL
Received Rst Stream
2019-09-10 13:19:35,066 [grpc-default-executor-2] WARN  server.GrpcServerProtocolService (LogUtils.java:warn(134)) - e5557321-17be-433a-8d96-d7d186384118: installSnapshot onError, lastRequest: 0f4aa411-f22d-408f-a3ae-026c0e4d845c->e5557321-17be-433a-8d96-d7d186384118#69-t2, previous=(t:2, i:20), leaderCommit=16, initializing? false, entries: <empty>: org.apache.ratis.thirdparty.io.grpc.StatusRuntimeException: CANCELLED: cancelled before receiving half close
2019-09-10 13:19:35,073 [grpc-default-executor-4] INFO  impl.FollowerInfo (FollowerInfo.java:lambda$new$0(51)) - 0f4aa411-f22d-408f-a3ae-026c0e4d845c@group-447053F58748->e5557321-17be-433a-8d96-d7d186384118: nextIndex: updateUnconditionally 21 -> 17
2019-09-10 13:19:35,081 [refreshUsed-/workdir/hadoop-ozone/integration-test/target/test-dir/MiniOzoneClusterImpl-bbba21db-ec34-461e-a1c1-b53f0753d0be/datanode-5/data/containers] WARN  fs.CachingGetSpaceUsed (CachingGetSpaceUsed.java:run(183)) - Thread Interrupted waiting to refresh disk information: sleep interrupted
2019-09-10 13:19:35,096 [main] INFO  utils.BackgroundService (BackgroundService.java:shutdown(148)) - Shutting down service BlockDeletingService
2019-09-10 13:19:35,104 [main] INFO  statemachine.DatanodeStateMachine (DatanodeStateMachine.java:stopDaemon(395)) - Ozone container server stopped.
2019-09-10 13:19:35,110 [main] INFO  handler.ContextHandler (ContextHandler.java:doStop(910)) - Stopped o.e.j.w.WebAppContext@3c83468e{/,null,UNAVAILABLE}{/hddsDatanode}
2019-09-10 13:19:35,115 [main] INFO  server.AbstractConnector (AbstractConnector.java:doStop(318)) - Stopped ServerConnector@272ce069{HTTP/1.1,[http/1.1]}{0.0.0.0:0}
2019-09-10 13:19:35,116 [main] INFO  handler.ContextHandler (ContextHandler.java:doStop(910)) - Stopped o.e.j.s.ServletContextHandler@ccf91df{/static,jar:file:/home/user/.m2/repository/org/apache/hadoop/hadoop-hdds-container-service/0.5.0-SNAPSHOT/hadoop-hdds-container-service-0.5.0-SNAPSHOT.jar!/webapps/static,UNAVAILABLE}
2019-09-10 13:19:35,116 [main] INFO  handler.ContextHandler (ContextHandler.java:doStop(910)) - Stopped o.e.j.s.ServletContextHandler@75d4a80f{/logs,file:///workdir/hadoop-ozone/integration-test/target/log,UNAVAILABLE}
2019-09-10 13:19:35,170 [grpc-default-executor-4] INFO  client.GrpcClientProtocolClient (GrpcClientProtocolClient.java:onNext(264)) - client-7BF1329EB290->77c590a9-0e60-42d8-bbf8-e31004d5a9e8: receive RaftClientReply:client-7BF1329EB290->77c590a9-0e60-42d8-bbf8-e31004d5a9e8@group-5DD09A43E0EE, cid=45, SUCCESS, logIndex=9, commits[77c590a9-0e60-42d8-bbf8-e31004d5a9e8:c10, 598fdd25-f3b3-418d-bbd3-bcbfa35279b9:c8, 05e9b83b-b6ec-4168-9e18-fac302cf5421:c8]
2019-09-10 13:19:35,171 [grpc-default-executor-4] INFO  client.GrpcClientProtocolClient (GrpcClientProtocolClient.java:onNext(264)) - client-7BF1329EB290->77c590a9-0e60-42d8-bbf8-e31004d5a9e8: receive RaftClientReply:client-7BF1329EB290->77c590a9-0e60-42d8-bbf8-e31004d5a9e8@group-5DD09A43E0EE, cid=46, SUCCESS, logIndex=10, commits[77c590a9-0e60-42d8-bbf8-e31004d5a9e8:c10, 598fdd25-f3b3-418d-bbd3-bcbfa35279b9:c8, 05e9b83b-b6ec-4168-9e18-fac302cf5421:c8]
2019-09-10 13:19:35,180 [grpc-default-executor-0] INFO  client.GrpcClientProtocolClient (GrpcClientProtocolClient.java:onNext(264)) - client-7BF1329EB290->77c590a9-0e60-42d8-bbf8-e31004d5a9e8: receive RaftClientReply:client-7BF1329EB290->77c590a9-0e60-42d8-bbf8-e31004d5a9e8@group-5DD09A43E0EE, cid=47, SUCCESS, logIndex=11, commits[77c590a9-0e60-42d8-bbf8-e31004d5a9e8:c12, 598fdd25-f3b3-418d-bbd3-bcbfa35279b9:c8, 05e9b83b-b6ec-4168-9e18-fac302cf5421:c8]
2019-09-10 13:19:35,181 [grpc-default-executor-0] INFO  client.GrpcClientProtocolClient (GrpcClientProtocolClient.java:onNext(264)) - client-7BF1329EB290->77c590a9-0e60-42d8-bbf8-e31004d5a9e8: receive RaftClientReply:client-7BF1329EB290->77c590a9-0e60-42d8-bbf8-e31004d5a9e8@group-5DD09A43E0EE, cid=48, SUCCESS, logIndex=12, commits[77c590a9-0e60-42d8-bbf8-e31004d5a9e8:c12, 598fdd25-f3b3-418d-bbd3-bcbfa35279b9:c8, 05e9b83b-b6ec-4168-9e18-fac302cf5421:c8]
2019-09-10 13:19:35,187 [grpc-default-executor-2] INFO  client.GrpcClientProtocolClient (GrpcClientProtocolClient.java:onNext(264)) - client-7BF1329EB290->77c590a9-0e60-42d8-bbf8-e31004d5a9e8: receive RaftClientReply:client-7BF1329EB290->77c590a9-0e60-42d8-bbf8-e31004d5a9e8@group-5DD09A43E0EE, cid=49, SUCCESS, logIndex=0, commits[77c590a9-0e60-42d8-bbf8-e31004d5a9e8:c15, 598fdd25-f3b3-418d-bbd3-bcbfa35279b9:c12, 05e9b83b-b6ec-4168-9e18-fac302cf5421:c10]
2019-09-10 13:19:35,194 [grpc-default-executor-2] INFO  client.GrpcClientProtocolClient (GrpcClientProtocolClient.java:onNext(264)) - client-7BF1329EB290->77c590a9-0e60-42d8-bbf8-e31004d5a9e8: receive RaftClientReply:client-7BF1329EB290->77c590a9-0e60-42d8-bbf8-e31004d5a9e8@group-5DD09A43E0EE, cid=50, SUCCESS, logIndex=0, commits[77c590a9-0e60-42d8-bbf8-e31004d5a9e8:c15, 598fdd25-f3b3-418d-bbd3-bcbfa35279b9:c12, 05e9b83b-b6ec-4168-9e18-fac302cf5421:c12]
2019-09-10 13:19:35,232 [java.util.concurrent.ThreadPoolExecutor$Worker@4ae31852[State = -1, empty queue]] WARN  server.GrpcLogAppender (GrpcLogAppender.java:timeoutAppendRequest(200)) - 0f4aa411-f22d-408f-a3ae-026c0e4d845c@group-447053F58748->82b87940-075a-4240-9714-83f9b1f11359-GrpcLogAppender: appendEntries Timeout, request=0f4aa411-f22d-408f-a3ae-026c0e4d845c->82b87940-075a-4240-9714-83f9b1f11359#64-t2, previous=(t:2, i:20), leaderCommit=16, initializing? false, entries: <empty>
2019-09-10 13:19:35,242 [grpc-default-executor-4] WARN  server.GrpcLogAppender (LogUtils.java:warn(134)) - 0f4aa411-f22d-408f-a3ae-026c0e4d845c@group-447053F58748->e5557321-17be-433a-8d96-d7d186384118-AppendLogResponseHandler: Failed appendEntries: org.apache.ratis.thirdparty.io.grpc.StatusRuntimeException: UNAVAILABLE: io exception
2019-09-10 13:19:35,249 [grpc-default-executor-4] INFO  impl.FollowerInfo (FollowerInfo.java:lambda$new$0(51)) - 0f4aa411-f22d-408f-a3ae-026c0e4d845c@group-447053F58748->e5557321-17be-433a-8d96-d7d186384118: nextIndex: updateUnconditionally 17 -> 16
2019-09-10 13:19:35,732 [java.util.concurrent.ThreadPoolExecutor$Worker@4ae31852[State = -1, empty queue]] WARN  server.GrpcLogAppender (GrpcLogAppender.java:timeoutAppendRequest(200)) - 0f4aa411-f22d-408f-a3ae-026c0e4d845c@group-447053F58748->82b87940-075a-4240-9714-83f9b1f11359-GrpcLogAppender: appendEntries Timeout, request=0f4aa411-f22d-408f-a3ae-026c0e4d845c->82b87940-075a-4240-9714-83f9b1f11359#65-t2, previous=(t:2, i:20), leaderCommit=16, initializing? false, entries: <empty>
2019-09-10 13:19:35,738 [grpc-default-executor-0] WARN  server.GrpcLogAppender (LogUtils.java:warn(134)) - 0f4aa411-f22d-408f-a3ae-026c0e4d845c@group-447053F58748->e5557321-17be-433a-8d96-d7d186384118-AppendLogResponseHandler: Failed appendEntries: org.apache.ratis.thirdparty.io.grpc.StatusRuntimeException: UNAVAILABLE: io exception
2019-09-10 13:19:35,743 [grpc-default-executor-0] INFO  impl.FollowerInfo (FollowerInfo.java:lambda$new$0(51)) - 0f4aa411-f22d-408f-a3ae-026c0e4d845c@group-447053F58748->e5557321-17be-433a-8d96-d7d186384118: nextIndex: updateUnconditionally 16 -> 15
2019-09-10 13:19:36,233 [java.util.concurrent.ThreadPoolExecutor$Worker@4ae31852[State = -1, empty queue]] WARN  server.GrpcLogAppender (GrpcLogAppender.java:timeoutAppendRequest(200)) - 0f4aa411-f22d-408f-a3ae-026c0e4d845c@group-447053F58748->82b87940-075a-4240-9714-83f9b1f11359-GrpcLogAppender: appendEntries Timeout, request=0f4aa411-f22d-408f-a3ae-026c0e4d845c->82b87940-075a-4240-9714-83f9b1f11359#66-t2, previous=(t:2, i:20), leaderCommit=16, initializing? false, entries: <empty>
2019-09-10 13:19:36,239 [grpc-default-executor-2] WARN  server.GrpcLogAppender (LogUtils.java:warn(134)) - 0f4aa411-f22d-408f-a3ae-026c0e4d845c@group-447053F58748->e5557321-17be-433a-8d96-d7d186384118-AppendLogResponseHandler: Failed appendEntries: org.apache.ratis.thirdparty.io.grpc.StatusRuntimeException: UNAVAILABLE: io exception
2019-09-10 13:19:36,243 [grpc-default-executor-2] INFO  impl.FollowerInfo (FollowerInfo.java:lambda$new$0(51)) - 0f4aa411-f22d-408f-a3ae-026c0e4d845c@group-447053F58748->e5557321-17be-433a-8d96-d7d186384118: nextIndex: updateUnconditionally 15 -> 14
2019-09-10 13:19:36,733 [java.util.concurrent.ThreadPoolExecutor$Worker@4ae31852[State = -1, empty queue]] WARN  server.GrpcLogAppender (GrpcLogAppender.java:timeoutAppendRequest(200)) - 0f4aa411-f22d-408f-a3ae-026c0e4d845c@group-447053F58748->82b87940-075a-4240-9714-83f9b1f11359-GrpcLogAppender: appendEntries Timeout, request=0f4aa411-f22d-408f-a3ae-026c0e4d845c->82b87940-075a-4240-9714-83f9b1f11359#67-t2, previous=(t:2, i:20), leaderCommit=16, initializing? false, entries: <empty>
2019-09-10 13:19:36,741 [grpc-default-executor-0] WARN  server.GrpcLogAppender (LogUtils.java:warn(134)) - 0f4aa411-f22d-408f-a3ae-026c0e4d845c@group-447053F58748->e5557321-17be-433a-8d96-d7d186384118-AppendLogResponseHandler: Failed appendEntries: org.apache.ratis.thirdparty.io.grpc.StatusRuntimeException: UNAVAILABLE: io exception
2019-09-10 13:19:36,745 [grpc-default-executor-0] INFO  impl.FollowerInfo (FollowerInfo.java:lambda$new$0(51)) - 0f4aa411-f22d-408f-a3ae-026c0e4d845c@group-447053F58748->e5557321-17be-433a-8d96-d7d186384118: nextIndex: updateUnconditionally 14 -> 13
2019-09-10 13:19:37,234 [java.util.concurrent.ThreadPoolExecutor$Worker@4ae31852[State = -1, empty queue]] WARN  server.GrpcLogAppender (GrpcLogAppender.java:timeoutAppendRequest(200)) - 0f4aa411-f22d-408f-a3ae-026c0e4d845c@group-447053F58748->82b87940-075a-4240-9714-83f9b1f11359-GrpcLogAppender: appendEntries Timeout, request=0f4aa411-f22d-408f-a3ae-026c0e4d845c->82b87940-075a-4240-9714-83f9b1f11359#68-t2, previous=(t:2, i:20), leaderCommit=16, initializing? false, entries: <empty>
2019-09-10 13:19:37,242 [grpc-default-executor-2] WARN  server.GrpcLogAppender (LogUtils.java:warn(134)) - 0f4aa411-f22d-408f-a3ae-026c0e4d845c@group-447053F58748->e5557321-17be-433a-8d96-d7d186384118-AppendLogResponseHandler: Failed appendEntries: org.apache.ratis.thirdparty.io.grpc.StatusRuntimeException: UNAVAILABLE: io exception
2019-09-10 13:19:37,247 [grpc-default-executor-2] INFO  impl.FollowerInfo (FollowerInfo.java:lambda$new$0(51)) - 0f4aa411-f22d-408f-a3ae-026c0e4d845c@group-447053F58748->e5557321-17be-433a-8d96-d7d186384118: nextIndex: updateUnconditionally 13 -> 12
2019-09-10 13:19:37,735 [java.util.concurrent.ThreadPoolExecutor$Worker@4ae31852[State = -1, empty queue]] WARN  server.GrpcLogAppender (GrpcLogAppender.java:timeoutAppendRequest(200)) - 0f4aa411-f22d-408f-a3ae-026c0e4d845c@group-447053F58748->82b87940-075a-4240-9714-83f9b1f11359-GrpcLogAppender: appendEntries Timeout, request=0f4aa411-f22d-408f-a3ae-026c0e4d845c->82b87940-075a-4240-9714-83f9b1f11359#69-t2, previous=(t:2, i:20), leaderCommit=16, initializing? false, entries: <empty>
2019-09-10 13:19:37,744 [grpc-default-executor-4] WARN  server.GrpcLogAppender (LogUtils.java:warn(134)) - 0f4aa411-f22d-408f-a3ae-026c0e4d845c@group-447053F58748->e5557321-17be-433a-8d96-d7d186384118-AppendLogResponseHandler: Failed appendEntries: org.apache.ratis.thirdparty.io.grpc.StatusRuntimeException: UNAVAILABLE: io exception
2019-09-10 13:19:37,748 [grpc-default-executor-4] INFO  impl.FollowerInfo (FollowerInfo.java:lambda$new$0(51)) - 0f4aa411-f22d-408f-a3ae-026c0e4d845c@group-447053F58748->e5557321-17be-433a-8d96-d7d186384118: nextIndex: updateUnconditionally 12 -> 11
2019-09-10 13:19:38,207 [java.util.concurrent.ThreadPoolExecutor$Worker@6cb6bbf9[State = -1, empty queue]] WARN  server.GrpcLogAppender (GrpcLogAppender.java:timeoutAppendRequest(200)) - 77c590a9-0e60-42d8-bbf8-e31004d5a9e8@group-5DD09A43E0EE->598fdd25-f3b3-418d-bbd3-bcbfa35279b9-GrpcLogAppender: appendEntries Timeout, request=77c590a9-0e60-42d8-bbf8-e31004d5a9e8->598fdd25-f3b3-418d-bbd3-bcbfa35279b9#66-t2, previous=(t:2, i:15), leaderCommit=15, initializing? false, entries: size=1, first=(t:2, i:16), STATEMACHINELOGENTRY, client-7BF1329EB290, cid=51
2019-09-10 13:19:38,207 [java.util.concurrent.ThreadPoolExecutor$Worker@2bd31529[State = -1, empty queue]] WARN  server.GrpcLogAppender (GrpcLogAppender.java:timeoutAppendRequest(200)) - 77c590a9-0e60-42d8-bbf8-e31004d5a9e8@group-5DD09A43E0EE->05e9b83b-b6ec-4168-9e18-fac302cf5421-GrpcLogAppender: appendEntries Timeout, request=77c590a9-0e60-42d8-bbf8-e31004d5a9e8->05e9b83b-b6ec-4168-9e18-fac302cf5421#66-t2, previous=(t:2, i:15), leaderCommit=15, initializing? false, entries: size=1, first=(t:2, i:16), STATEMACHINELOGENTRY, client-7BF1329EB290, cid=51
2019-09-10 13:19:38,207 [java.util.concurrent.ThreadPoolExecutor$Worker@6cb6bbf9[State = -1, empty queue]] WARN  server.GrpcLogAppender (GrpcLogAppender.java:timeoutAppendRequest(200)) - 77c590a9-0e60-42d8-bbf8-e31004d5a9e8@group-5DD09A43E0EE->598fdd25-f3b3-418d-bbd3-bcbfa35279b9-GrpcLogAppender: appendEntries Timeout, request=77c590a9-0e60-42d8-bbf8-e31004d5a9e8->598fdd25-f3b3-418d-bbd3-bcbfa35279b9#67-t2, previous=(t:2, i:16), leaderCommit=15, initializing? false, entries: size=1, first=(t:2, i:17), STATEMACHINELOGENTRY, client-7BF1329EB290, cid=52
2019-09-10 13:19:38,211 [java.util.concurrent.ThreadPoolExecutor$Worker@2bd31529[State = -1, empty queue]] WARN  server.GrpcLogAppender (GrpcLogAppender.java:timeoutAppendRequest(200)) - 77c590a9-0e60-42d8-bbf8-e31004d5a9e8@group-5DD09A43E0EE->05e9b83b-b6ec-4168-9e18-fac302cf5421-GrpcLogAppender: appendEntries Timeout, request=77c590a9-0e60-42d8-bbf8-e31004d5a9e8->05e9b83b-b6ec-4168-9e18-fac302cf5421#67-t2, previous=(t:2, i:16), leaderCommit=15, initializing? false, entries: size=1, first=(t:2, i:17), STATEMACHINELOGENTRY, client-7BF1329EB290, cid=52
2019-09-10 13:19:38,214 [java.util.concurrent.ThreadPoolExecutor$Worker@6cb6bbf9[State = -1, empty queue]] WARN  server.GrpcLogAppender (GrpcLogAppender.java:timeoutAppendRequest(200)) - 77c590a9-0e60-42d8-bbf8-e31004d5a9e8@group-5DD09A43E0EE->598fdd25-f3b3-418d-bbd3-bcbfa35279b9-GrpcLogAppender: appendEntries Timeout, request=77c590a9-0e60-42d8-bbf8-e31004d5a9e8->598fdd25-f3b3-418d-bbd3-bcbfa35279b9#68-t2, previous=(t:2, i:17), leaderCommit=15, initializing? false, entries: size=1, first=(t:2, i:18), STATEMACHINELOGENTRY, client-7BF1329EB290, cid=53
2019-09-10 13:19:38,217 [java.util.concurrent.ThreadPoolExecutor$Worker@2bd31529[State = -1, empty queue]] WARN  server.GrpcLogAppender (GrpcLogAppender.java:timeoutAppendRequest(200)) - 77c590a9-0e60-42d8-bbf8-e31004d5a9e8@group-5DD09A43E0EE->05e9b83b-b6ec-4168-9e18-fac302cf5421-GrpcLogAppender: appendEntries Timeout, request=77c590a9-0e60-42d8-bbf8-e31004d5a9e8->05e9b83b-b6ec-4168-9e18-fac302cf5421#68-t2, previous=(t:2, i:17), leaderCommit=15, initializing? false, entries: size=1, first=(t:2, i:18), STATEMACHINELOGENTRY, client-7BF1329EB290, cid=53
2019-09-10 13:19:38,220 [java.util.concurrent.ThreadPoolExecutor$Worker@6cb6bbf9[State = -1, empty queue]] WARN  server.GrpcLogAppender (GrpcLogAppender.java:timeoutAppendRequest(200)) - 77c590a9-0e60-42d8-bbf8-e31004d5a9e8@group-5DD09A43E0EE->598fdd25-f3b3-418d-bbd3-bcbfa35279b9-GrpcLogAppender: appendEntries Timeout, request=77c590a9-0e60-42d8-bbf8-e31004d5a9e8->598fdd25-f3b3-418d-bbd3-bcbfa35279b9#69-t2, previous=(t:2, i:18), leaderCommit=15, initializing? false, entries: size=1, first=(t:2, i:19), STATEMACHINELOGENTRY, client-7BF1329EB290, cid=54
2019-09-10 13:19:38,222 [java.util.concurrent.ThreadPoolExecutor$Worker@2bd31529[State = -1, empty queue]] WARN  server.GrpcLogAppender (GrpcLogAppender.java:timeoutAppendRequest(200)) - 77c590a9-0e60-42d8-bbf8-e31004d5a9e8@group-5DD09A43E0EE->05e9b83b-b6ec-4168-9e18-fac302cf5421-GrpcLogAppender: appendEntries Timeout, request=77c590a9-0e60-42d8-bbf8-e31004d5a9e8->05e9b83b-b6ec-4168-9e18-fac302cf5421#69-t2, previous=(t:2, i:18), leaderCommit=15, initializing? false, entries: size=1, first=(t:2, i:19), STATEMACHINELOGENTRY, client-7BF1329EB290, cid=54
2019-09-10 13:19:38,234 [java.util.concurrent.ThreadPoolExecutor$Worker@4ae31852[State = -1, empty queue]] WARN  server.GrpcLogAppender (GrpcLogAppender.java:timeoutAppendRequest(200)) - 0f4aa411-f22d-408f-a3ae-026c0e4d845c@group-447053F58748->82b87940-075a-4240-9714-83f9b1f11359-GrpcLogAppender: appendEntries Timeout, request=0f4aa411-f22d-408f-a3ae-026c0e4d845c->82b87940-075a-4240-9714-83f9b1f11359#70-t2, previous=(t:2, i:20), leaderCommit=16, initializing? false, entries: <empty>
2019-09-10 13:19:38,244 [grpc-default-executor-2] WARN  server.GrpcLogAppender (LogUtils.java:warn(134)) - 0f4aa411-f22d-408f-a3ae-026c0e4d845c@group-447053F58748->e5557321-17be-433a-8d96-d7d186384118-AppendLogResponseHandler: Failed appendEntries: org.apache.ratis.thirdparty.io.grpc.StatusRuntimeException: UNAVAILABLE: io exception
2019-09-10 13:19:38,260 [grpc-default-executor-2] INFO  impl.FollowerInfo (FollowerInfo.java:lambda$new$0(51)) - 0f4aa411-f22d-408f-a3ae-026c0e4d845c@group-447053F58748->e5557321-17be-433a-8d96-d7d186384118: nextIndex: updateUnconditionally 11 -> 10
2019-09-10 13:19:38,713 [java.util.concurrent.ThreadPoolExecutor$Worker@6cb6bbf9[State = -1, empty queue]] WARN  server.GrpcLogAppender (GrpcLogAppender.java:timeoutAppendRequest(200)) - 77c590a9-0e60-42d8-bbf8-e31004d5a9e8@group-5DD09A43E0EE->598fdd25-f3b3-418d-bbd3-bcbfa35279b9-GrpcLogAppender: appendEntries Timeout, request=77c590a9-0e60-42d8-bbf8-e31004d5a9e8->598fdd25-f3b3-418d-bbd3-bcbfa35279b9#70-t2, previous=(t:2, i:19), leaderCommit=15, initializing? false, entries: <empty>
2019-09-10 13:19:38,713 [java.util.concurrent.ThreadPoolExecutor$Worker@2bd31529[State = -1, empty queue]] WARN  server.GrpcLogAppender (GrpcLogAppender.java:timeoutAppendRequest(200)) - 77c590a9-0e60-42d8-bbf8-e31004d5a9e8@group-5DD09A43E0EE->05e9b83b-b6ec-4168-9e18-fac302cf5421-GrpcLogAppender: appendEntries Timeout, request=77c590a9-0e60-42d8-bbf8-e31004d5a9e8->05e9b83b-b6ec-4168-9e18-fac302cf5421#70-t2, previous=(t:2, i:19), leaderCommit=15, initializing? false, entries: <empty>
2019-09-10 13:19:38,735 [java.util.concurrent.ThreadPoolExecutor$Worker@4ae31852[State = -1, empty queue]] WARN  server.GrpcLogAppender (GrpcLogAppender.java:timeoutAppendRequest(200)) - 0f4aa411-f22d-408f-a3ae-026c0e4d845c@group-447053F58748->82b87940-075a-4240-9714-83f9b1f11359-GrpcLogAppender: appendEntries Timeout, request=0f4aa411-f22d-408f-a3ae-026c0e4d845c->82b87940-075a-4240-9714-83f9b1f11359#71-t2, previous=(t:2, i:20), leaderCommit=16, initializing? false, entries: <empty>
2019-09-10 13:19:38,747 [grpc-default-executor-0] WARN  server.GrpcLogAppender (LogUtils.java:warn(134)) - 0f4aa411-f22d-408f-a3ae-026c0e4d845c@group-447053F58748->e5557321-17be-433a-8d96-d7d186384118-AppendLogResponseHandler: Failed appendEntries: org.apache.ratis.thirdparty.io.grpc.StatusRuntimeException: UNAVAILABLE: io exception
2019-09-10 13:19:38,753 [grpc-default-executor-0] INFO  impl.FollowerInfo (FollowerInfo.java:lambda$new$0(51)) - 0f4aa411-f22d-408f-a3ae-026c0e4d845c@group-447053F58748->e5557321-17be-433a-8d96-d7d186384118: nextIndex: updateUnconditionally 10 -> 9
2019-09-10 13:19:39,224 [java.util.concurrent.ThreadPoolExecutor$Worker@2bd31529[State = -1, empty queue]] WARN  server.GrpcLogAppender (GrpcLogAppender.java:timeoutAppendRequest(200)) - 77c590a9-0e60-42d8-bbf8-e31004d5a9e8@group-5DD09A43E0EE->05e9b83b-b6ec-4168-9e18-fac302cf5421-GrpcLogAppender: appendEntries Timeout, request=77c590a9-0e60-42d8-bbf8-e31004d5a9e8->05e9b83b-b6ec-4168-9e18-fac302cf5421#71-t2, previous=(t:2, i:19), leaderCommit=15, initializing? false, entries: <empty>
2019-09-10 13:19:39,224 [java.util.concurrent.ThreadPoolExecutor$Worker@6cb6bbf9[State = -1, empty queue]] WARN  server.GrpcLogAppender (GrpcLogAppender.java:timeoutAppendRequest(200)) - 77c590a9-0e60-42d8-bbf8-e31004d5a9e8@group-5DD09A43E0EE->598fdd25-f3b3-418d-bbd3-bcbfa35279b9-GrpcLogAppender: appendEntries Timeout, request=77c590a9-0e60-42d8-bbf8-e31004d5a9e8->598fdd25-f3b3-418d-bbd3-bcbfa35279b9#71-t2, previous=(t:2, i:19), leaderCommit=15, initializing? false, entries: <empty>
2019-09-10 13:19:39,235 [java.util.concurrent.ThreadPoolExecutor$Worker@4ae31852[State = -1, empty queue]] WARN  server.GrpcLogAppender (GrpcLogAppender.java:timeoutAppendRequest(200)) - 0f4aa411-f22d-408f-a3ae-026c0e4d845c@group-447053F58748->82b87940-075a-4240-9714-83f9b1f11359-GrpcLogAppender: appendEntries Timeout, request=0f4aa411-f22d-408f-a3ae-026c0e4d845c->82b87940-075a-4240-9714-83f9b1f11359#72-t2, previous=(t:2, i:20), leaderCommit=16, initializing? false, entries: <empty>
2019-09-10 13:19:39,252 [grpc-default-executor-4] WARN  server.GrpcLogAppender (LogUtils.java:warn(134)) - 0f4aa411-f22d-408f-a3ae-026c0e4d845c@group-447053F58748->e5557321-17be-433a-8d96-d7d186384118-AppendLogResponseHandler: Failed appendEntries: org.apache.ratis.thirdparty.io.grpc.StatusRuntimeException: UNAVAILABLE: io exception
2019-09-10 13:19:39,255 [grpc-default-executor-4] INFO  impl.FollowerInfo (FollowerInfo.java:lambda$new$0(51)) - 0f4aa411-f22d-408f-a3ae-026c0e4d845c@group-447053F58748->e5557321-17be-433a-8d96-d7d186384118: nextIndex: updateUnconditionally 9 -> 8
2019-09-10 13:19:39,714 [java.util.concurrent.ThreadPoolExecutor$Worker@2bd31529[State = -1, empty queue]] WARN  server.GrpcLogAppender (GrpcLogAppender.java:timeoutAppendRequest(200)) - 77c590a9-0e60-42d8-bbf8-e31004d5a9e8@group-5DD09A43E0EE->05e9b83b-b6ec-4168-9e18-fac302cf5421-GrpcLogAppender: appendEntries Timeout, request=77c590a9-0e60-42d8-bbf8-e31004d5a9e8->05e9b83b-b6ec-4168-9e18-fac302cf5421#72-t2, previous=(t:2, i:19), leaderCommit=15, initializing? false, entries: <empty>
2019-09-10 13:19:39,714 [java.util.concurrent.ThreadPoolExecutor$Worker@6cb6bbf9[State = -1, empty queue]] WARN  server.GrpcLogAppender (GrpcLogAppender.java:timeoutAppendRequest(200)) - 77c590a9-0e60-42d8-bbf8-e31004d5a9e8@group-5DD09A43E0EE->598fdd25-f3b3-418d-bbd3-bcbfa35279b9-GrpcLogAppender: appendEntries Timeout, request=77c590a9-0e60-42d8-bbf8-e31004d5a9e8->598fdd25-f3b3-418d-bbd3-bcbfa35279b9#72-t2, previous=(t:2, i:19), leaderCommit=15, initializing? false, entries: <empty>
2019-09-10 13:19:39,735 [java.util.concurrent.ThreadPoolExecutor$Worker@4ae31852[State = -1, empty queue]] WARN  server.GrpcLogAppender (GrpcLogAppender.java:timeoutAppendRequest(200)) - 0f4aa411-f22d-408f-a3ae-026c0e4d845c@group-447053F58748->82b87940-075a-4240-9714-83f9b1f11359-GrpcLogAppender: appendEntries Timeout, request=0f4aa411-f22d-408f-a3ae-026c0e4d845c->82b87940-075a-4240-9714-83f9b1f11359#73-t2, previous=(t:2, i:20), leaderCommit=16, initializing? false, entries: <empty>
2019-09-10 13:19:39,753 [grpc-default-executor-0] WARN  server.GrpcLogAppender (LogUtils.java:warn(134)) - 0f4aa411-f22d-408f-a3ae-026c0e4d845c@group-447053F58748->e5557321-17be-433a-8d96-d7d186384118-AppendLogResponseHandler: Failed appendEntries: org.apache.ratis.thirdparty.io.grpc.StatusRuntimeException: UNAVAILABLE: io exception
2019-09-10 13:19:39,761 [grpc-default-executor-0] INFO  impl.FollowerInfo (FollowerInfo.java:lambda$new$0(51)) - 0f4aa411-f22d-408f-a3ae-026c0e4d845c@group-447053F58748->e5557321-17be-433a-8d96-d7d186384118: nextIndex: updateUnconditionally 8 -> 7
2019-09-10 13:19:40,214 [java.util.concurrent.ThreadPoolExecutor$Worker@2bd31529[State = -1, empty queue]] WARN  server.GrpcLogAppender (GrpcLogAppender.java:timeoutAppendRequest(200)) - 77c590a9-0e60-42d8-bbf8-e31004d5a9e8@group-5DD09A43E0EE->05e9b83b-b6ec-4168-9e18-fac302cf5421-GrpcLogAppender: appendEntries Timeout, request=77c590a9-0e60-42d8-bbf8-e31004d5a9e8->05e9b83b-b6ec-4168-9e18-fac302cf5421#73-t2, previous=(t:2, i:19), leaderCommit=15, initializing? false, entries: <empty>
2019-09-10 13:19:40,214 [java.util.concurrent.ThreadPoolExecutor$Worker@6cb6bbf9[State = -1, empty queue]] WARN  server.GrpcLogAppender (GrpcLogAppender.java:timeoutAppendRequest(200)) - 77c590a9-0e60-42d8-bbf8-e31004d5a9e8@group-5DD09A43E0EE->598fdd25-f3b3-418d-bbd3-bcbfa35279b9-GrpcLogAppender: appendEntries Timeout, request=77c590a9-0e60-42d8-bbf8-e31004d5a9e8->598fdd25-f3b3-418d-bbd3-bcbfa35279b9#73-t2, previous=(t:2, i:19), leaderCommit=15, initializing? false, entries: <empty>
2019-09-10 13:19:40,235 [java.util.concurrent.ThreadPoolExecutor$Worker@4ae31852[State = -1, empty queue]] WARN  server.GrpcLogAppender (GrpcLogAppender.java:timeoutAppendRequest(200)) - 0f4aa411-f22d-408f-a3ae-026c0e4d845c@group-447053F58748->82b87940-075a-4240-9714-83f9b1f11359-GrpcLogAppender: appendEntries Timeout, request=0f4aa411-f22d-408f-a3ae-026c0e4d845c->82b87940-075a-4240-9714-83f9b1f11359#74-t2, previous=(t:2, i:20), leaderCommit=16, initializing? false, entries: <empty>
2019-09-10 13:19:40,254 [grpc-default-executor-2] WARN  server.GrpcLogAppender (LogUtils.java:warn(134)) - 0f4aa411-f22d-408f-a3ae-026c0e4d845c@group-447053F58748->e5557321-17be-433a-8d96-d7d186384118-AppendLogResponseHandler: Failed appendEntries: org.apache.ratis.thirdparty.io.grpc.StatusRuntimeException: UNAVAILABLE: io exception
2019-09-10 13:19:40,260 [grpc-default-executor-2] INFO  impl.FollowerInfo (FollowerInfo.java:lambda$new$0(51)) - 0f4aa411-f22d-408f-a3ae-026c0e4d845c@group-447053F58748->e5557321-17be-433a-8d96-d7d186384118: nextIndex: updateUnconditionally 7 -> 6
2019-09-10 13:19:40,274 [grpc-default-executor-2] INFO  client.GrpcClientProtocolClient (GrpcClientProtocolClient.java:onNext(264)) - client-7BF1329EB290->05e9b83b-b6ec-4168-9e18-fac302cf5421: receive RaftClientReply:client-7BF1329EB290->05e9b83b-b6ec-4168-9e18-fac302cf5421@group-5DD09A43E0EE, cid=51, FAILED org.apache.ratis.protocol.NotLeaderException: Server 05e9b83b-b6ec-4168-9e18-fac302cf5421@group-5DD09A43E0EE is not the leader 77c590a9-0e60-42d8-bbf8-e31004d5a9e8:192.168.34.50:41260, logIndex=0, commits[05e9b83b-b6ec-4168-9e18-fac302cf5421:c15, 598fdd25-f3b3-418d-bbd3-bcbfa35279b9:c12, 77c590a9-0e60-42d8-bbf8-e31004d5a9e8:c15]
2019-09-10 13:19:40,715 [java.util.concurrent.ThreadPoolExecutor$Worker@2bd31529[State = -1, empty queue]] WARN  server.GrpcLogAppender (GrpcLogAppender.java:timeoutAppendRequest(200)) - 77c590a9-0e60-42d8-bbf8-e31004d5a9e8@group-5DD09A43E0EE->05e9b83b-b6ec-4168-9e18-fac302cf5421-GrpcLogAppender: appendEntries Timeout, request=77c590a9-0e60-42d8-bbf8-e31004d5a9e8->05e9b83b-b6ec-4168-9e18-fac302cf5421#74-t2, previous=(t:2, i:19), leaderCommit=15, initializing? false, entries: <empty>
2019-09-10 13:19:40,715 [java.util.concurrent.ThreadPoolExecutor$Worker@6cb6bbf9[State = -1, empty queue]] WARN  server.GrpcLogAppender (GrpcLogAppender.java:timeoutAppendRequest(200)) - 77c590a9-0e60-42d8-bbf8-e31004d5a9e8@group-5DD09A43E0EE->598fdd25-f3b3-418d-bbd3-bcbfa35279b9-GrpcLogAppender: appendEntries Timeout, request=77c590a9-0e60-42d8-bbf8-e31004d5a9e8->598fdd25-f3b3-418d-bbd3-bcbfa35279b9#74-t2, previous=(t:2, i:19), leaderCommit=15, initializing? false, entries: <empty>
2019-09-10 13:19:40,736 [java.util.concurrent.ThreadPoolExecutor$Worker@4ae31852[State = -1, empty queue]] WARN  server.GrpcLogAppender (GrpcLogAppender.java:timeoutAppendRequest(200)) - 0f4aa411-f22d-408f-a3ae-026c0e4d845c@group-447053F58748->82b87940-075a-4240-9714-83f9b1f11359-GrpcLogAppender: appendEntries Timeout, request=0f4aa411-f22d-408f-a3ae-026c0e4d845c->82b87940-075a-4240-9714-83f9b1f11359#75-t2, previous=(t:2, i:20), leaderCommit=16, initializing? false, entries: <empty>
2019-09-10 13:19:40,755 [grpc-default-executor-0] WARN  server.GrpcLogAppender (LogUtils.java:warn(134)) - 0f4aa411-f22d-408f-a3ae-026c0e4d845c@group-447053F58748->e5557321-17be-433a-8d96-d7d186384118-AppendLogResponseHandler: Failed appendEntries: org.apache.ratis.thirdparty.io.grpc.StatusRuntimeException: UNAVAILABLE: io exception
2019-09-10 13:19:40,759 [grpc-default-executor-0] INFO  impl.FollowerInfo (FollowerInfo.java:lambda$new$0(51)) - 0f4aa411-f22d-408f-a3ae-026c0e4d845c@group-447053F58748->e5557321-17be-433a-8d96-d7d186384118: nextIndex: updateUnconditionally 6 -> 5
2019-09-10 13:19:41,138 [0f4aa411-f22d-408f-a3ae-026c0e4d845c@group-447053F58748-SegmentedRaftLogWorker] WARN  segmented.SegmentedRaftLogWorker (SegmentedRaftLogWorker.java:getFromFuture(90)) - Timeout 2/~
org.apache.ratis.protocol.TimeoutIOException: Timeout 10s: WriteLog:19: (t:2, i:19), STATEMACHINELOGENTRY, client-7A030D982070, cid=39-writeStateMachineData
	at org.apache.ratis.util.IOUtils.getFromFuture(IOUtils.java:87)
	at org.apache.ratis.server.raftlog.segmented.SegmentedRaftLogWorker$StateMachineDataPolicy.getFromFuture(SegmentedRaftLogWorker.java:87)
	at org.apache.ratis.server.raftlog.segmented.SegmentedRaftLogWorker$WriteLog.execute(SegmentedRaftLogWorker.java:477)
	at org.apache.ratis.server.raftlog.segmented.SegmentedRaftLogWorker.run(SegmentedRaftLogWorker.java:289)
	at java.lang.Thread.run(Thread.java:748)
Caused by: java.util.concurrent.TimeoutException
	at java.util.concurrent.CompletableFuture.timedGet(CompletableFuture.java:1771)
	at java.util.concurrent.CompletableFuture.get(CompletableFuture.java:1915)
	at org.apache.ratis.util.IOUtils.getFromFuture(IOUtils.java:79)
	... 4 more
2019-09-10 13:19:41,155 [82b87940-075a-4240-9714-83f9b1f11359@group-447053F58748-SegmentedRaftLogWorker] WARN  segmented.SegmentedRaftLogWorker (SegmentedRaftLogWorker.java:getFromFuture(90)) - Timeout 2/~
org.apache.ratis.protocol.TimeoutIOException: Timeout 10s: WriteLog:19: (t:2, i:19), STATEMACHINELOGENTRY, client-7A030D982070, cid=39-writeStateMachineData
	at org.apache.ratis.util.IOUtils.getFromFuture(IOUtils.java:87)
	at org.apache.ratis.server.raftlog.segmented.SegmentedRaftLogWorker$StateMachineDataPolicy.getFromFuture(SegmentedRaftLogWorker.java:87)
	at org.apache.ratis.server.raftlog.segmented.SegmentedRaftLogWorker$WriteLog.execute(SegmentedRaftLogWorker.java:477)
	at org.apache.ratis.server.raftlog.segmented.SegmentedRaftLogWorker.run(SegmentedRaftLogWorker.java:289)
	at java.lang.Thread.run(Thread.java:748)
Caused by: java.util.concurrent.TimeoutException
	at java.util.concurrent.CompletableFuture.timedGet(CompletableFuture.java:1771)
	at java.util.concurrent.CompletableFuture.get(CompletableFuture.java:1915)
	at org.apache.ratis.util.IOUtils.getFromFuture(IOUtils.java:79)
	... 4 more
2019-09-10 13:19:41,217 [java.util.concurrent.ThreadPoolExecutor$Worker@2bd31529[State = -1, empty queue]] WARN  server.GrpcLogAppender (GrpcLogAppender.java:timeoutAppendRequest(200)) - 77c590a9-0e60-42d8-bbf8-e31004d5a9e8@group-5DD09A43E0EE->05e9b83b-b6ec-4168-9e18-fac302cf5421-GrpcLogAppender: appendEntries Timeout, request=77c590a9-0e60-42d8-bbf8-e31004d5a9e8->05e9b83b-b6ec-4168-9e18-fac302cf5421#75-t2, previous=(t:2, i:19), leaderCommit=15, initializing? false, entries: <empty>
2019-09-10 13:19:41,217 [java.util.concurrent.ThreadPoolExecutor$Worker@6cb6bbf9[State = -1, empty queue]] WARN  server.GrpcLogAppender (GrpcLogAppender.java:timeoutAppendRequest(200)) - 77c590a9-0e60-42d8-bbf8-e31004d5a9e8@group-5DD09A43E0EE->598fdd25-f3b3-418d-bbd3-bcbfa35279b9-GrpcLogAppender: appendEntries Timeout, request=77c590a9-0e60-42d8-bbf8-e31004d5a9e8->598fdd25-f3b3-418d-bbd3-bcbfa35279b9#75-t2, previous=(t:2, i:19), leaderCommit=15, initializing? false, entries: <empty>
2019-09-10 13:19:41,237 [java.util.concurrent.ThreadPoolExecutor$Worker@4ae31852[State = -1, empty queue]] WARN  server.GrpcLogAppender (GrpcLogAppender.java:timeoutAppendRequest(200)) - 0f4aa411-f22d-408f-a3ae-026c0e4d845c@group-447053F58748->82b87940-075a-4240-9714-83f9b1f11359-GrpcLogAppender: appendEntries Timeout, request=0f4aa411-f22d-408f-a3ae-026c0e4d845c->82b87940-075a-4240-9714-83f9b1f11359#76-t2, previous=(t:2, i:20), leaderCommit=16, initializing? false, entries: <empty>
2019-09-10 13:19:41,256 [grpc-default-executor-4] WARN  server.GrpcLogAppender (LogUtils.java:warn(134)) - 0f4aa411-f22d-408f-a3ae-026c0e4d845c@group-447053F58748->e5557321-17be-433a-8d96-d7d186384118-AppendLogResponseHandler: Failed appendEntries: org.apache.ratis.thirdparty.io.grpc.StatusRuntimeException: UNAVAILABLE: io exception
2019-09-10 13:19:41,260 [grpc-default-executor-4] INFO  impl.FollowerInfo (FollowerInfo.java:lambda$new$0(51)) - 0f4aa411-f22d-408f-a3ae-026c0e4d845c@group-447053F58748->e5557321-17be-433a-8d96-d7d186384118: nextIndex: updateUnconditionally 5 -> 4
2019-09-10 13:19:41,722 [java.util.concurrent.ThreadPoolExecutor$Worker@2bd31529[State = -1, empty queue]] WARN  server.GrpcLogAppender (GrpcLogAppender.java:timeoutAppendRequest(200)) - 77c590a9-0e60-42d8-bbf8-e31004d5a9e8@group-5DD09A43E0EE->05e9b83b-b6ec-4168-9e18-fac302cf5421-GrpcLogAppender: appendEntries Timeout, request=77c590a9-0e60-42d8-bbf8-e31004d5a9e8->05e9b83b-b6ec-4168-9e18-fac302cf5421#76-t2, previous=(t:2, i:19), leaderCommit=15, initializing? false, entries: <empty>
2019-09-10 13:19:41,722 [java.util.concurrent.ThreadPoolExecutor$Worker@6cb6bbf9[State = -1, empty queue]] WARN  server.GrpcLogAppender (GrpcLogAppender.java:timeoutAppendRequest(200)) - 77c590a9-0e60-42d8-bbf8-e31004d5a9e8@group-5DD09A43E0EE->598fdd25-f3b3-418d-bbd3-bcbfa35279b9-GrpcLogAppender: appendEntries Timeout, request=77c590a9-0e60-42d8-bbf8-e31004d5a9e8->598fdd25-f3b3-418d-bbd3-bcbfa35279b9#76-t2, previous=(t:2, i:19), leaderCommit=15, initializing? false, entries: <empty>
2019-09-10 13:19:41,737 [java.util.concurrent.ThreadPoolExecutor$Worker@4ae31852[State = -1, empty queue]] WARN  server.GrpcLogAppender (GrpcLogAppender.java:timeoutAppendRequest(200)) - 0f4aa411-f22d-408f-a3ae-026c0e4d845c@group-447053F58748->82b87940-075a-4240-9714-83f9b1f11359-GrpcLogAppender: appendEntries Timeout, request=0f4aa411-f22d-408f-a3ae-026c0e4d845c->82b87940-075a-4240-9714-83f9b1f11359#77-t2, previous=(t:2, i:20), leaderCommit=16, initializing? false, entries: <empty>
2019-09-10 13:19:41,759 [grpc-default-executor-2] WARN  server.GrpcLogAppender (LogUtils.java:warn(134)) - 0f4aa411-f22d-408f-a3ae-026c0e4d845c@group-447053F58748->e5557321-17be-433a-8d96-d7d186384118-AppendLogResponseHandler: Failed appendEntries: org.apache.ratis.thirdparty.io.grpc.StatusRuntimeException: UNAVAILABLE: io exception
2019-09-10 13:19:41,768 [grpc-default-executor-2] INFO  impl.FollowerInfo (FollowerInfo.java:lambda$new$0(51)) - 0f4aa411-f22d-408f-a3ae-026c0e4d845c@group-447053F58748->e5557321-17be-433a-8d96-d7d186384118: nextIndex: updateUnconditionally 4 -> 3
2019-09-10 13:19:42,225 [java.util.concurrent.ThreadPoolExecutor$Worker@2bd31529[State = -1, empty queue]] WARN  server.GrpcLogAppender (GrpcLogAppender.java:timeoutAppendRequest(200)) - 77c590a9-0e60-42d8-bbf8-e31004d5a9e8@group-5DD09A43E0EE->05e9b83b-b6ec-4168-9e18-fac302cf5421-GrpcLogAppender: appendEntries Timeout, request=77c590a9-0e60-42d8-bbf8-e31004d5a9e8->05e9b83b-b6ec-4168-9e18-fac302cf5421#77-t2, previous=(t:2, i:19), leaderCommit=15, initializing? false, entries: <empty>
2019-09-10 13:19:42,225 [java.util.concurrent.ThreadPoolExecutor$Worker@6cb6bbf9[State = -1, empty queue]] WARN  server.GrpcLogAppender (GrpcLogAppender.java:timeoutAppendRequest(200)) - 77c590a9-0e60-42d8-bbf8-e31004d5a9e8@group-5DD09A43E0EE->598fdd25-f3b3-418d-bbd3-bcbfa35279b9-GrpcLogAppender: appendEntries Timeout, request=77c590a9-0e60-42d8-bbf8-e31004d5a9e8->598fdd25-f3b3-418d-bbd3-bcbfa35279b9#77-t2, previous=(t:2, i:19), leaderCommit=15, initializing? false, entries: <empty>
2019-09-10 13:19:42,238 [java.util.concurrent.ThreadPoolExecutor$Worker@4ae31852[State = -1, empty queue]] WARN  server.GrpcLogAppender (GrpcLogAppender.java:timeoutAppendRequest(200)) - 0f4aa411-f22d-408f-a3ae-026c0e4d845c@group-447053F58748->82b87940-075a-4240-9714-83f9b1f11359-GrpcLogAppender: appendEntries Timeout, request=0f4aa411-f22d-408f-a3ae-026c0e4d845c->82b87940-075a-4240-9714-83f9b1f11359#78-t2, previous=(t:2, i:20), leaderCommit=16, initializing? false, entries: <empty>
2019-09-10 13:19:42,260 [grpc-default-executor-4] WARN  server.GrpcLogAppender (LogUtils.java:warn(134)) - 0f4aa411-f22d-408f-a3ae-026c0e4d845c@group-447053F58748->e5557321-17be-433a-8d96-d7d186384118-AppendLogResponseHandler: Failed appendEntries: org.apache.ratis.thirdparty.io.grpc.StatusRuntimeException: UNAVAILABLE: io exception
2019-09-10 13:19:42,265 [grpc-default-executor-4] INFO  impl.FollowerInfo (FollowerInfo.java:lambda$new$0(51)) - 0f4aa411-f22d-408f-a3ae-026c0e4d845c@group-447053F58748->e5557321-17be-433a-8d96-d7d186384118: nextIndex: updateUnconditionally 3 -> 2
2019-09-10 13:19:42,725 [java.util.concurrent.ThreadPoolExecutor$Worker@2bd31529[State = -1, empty queue]] WARN  server.GrpcLogAppender (GrpcLogAppender.java:timeoutAppendRequest(200)) - 77c590a9-0e60-42d8-bbf8-e31004d5a9e8@group-5DD09A43E0EE->05e9b83b-b6ec-4168-9e18-fac302cf5421-GrpcLogAppender: appendEntries Timeout, request=77c590a9-0e60-42d8-bbf8-e31004d5a9e8->05e9b83b-b6ec-4168-9e18-fac302cf5421#78-t2, previous=(t:2, i:19), leaderCommit=15, initializing? false, entries: <empty>
2019-09-10 13:19:42,725 [java.util.concurrent.ThreadPoolExecutor$Worker@6cb6bbf9[State = -1, empty queue]] WARN  server.GrpcLogAppender (GrpcLogAppender.java:timeoutAppendRequest(200)) - 77c590a9-0e60-42d8-bbf8-e31004d5a9e8@group-5DD09A43E0EE->598fdd25-f3b3-418d-bbd3-bcbfa35279b9-GrpcLogAppender: appendEntries Timeout, request=77c590a9-0e60-42d8-bbf8-e31004d5a9e8->598fdd25-f3b3-418d-bbd3-bcbfa35279b9#78-t2, previous=(t:2, i:19), leaderCommit=15, initializing? false, entries: <empty>
2019-09-10 13:19:42,738 [java.util.concurrent.ThreadPoolExecutor$Worker@4ae31852[State = -1, empty queue]] WARN  server.GrpcLogAppender (GrpcLogAppender.java:timeoutAppendRequest(200)) - 0f4aa411-f22d-408f-a3ae-026c0e4d845c@group-447053F58748->82b87940-075a-4240-9714-83f9b1f11359-GrpcLogAppender: appendEntries Timeout, request=0f4aa411-f22d-408f-a3ae-026c0e4d845c->82b87940-075a-4240-9714-83f9b1f11359#79-t2, previous=(t:2, i:20), leaderCommit=16, initializing? false, entries: <empty>
2019-09-10 13:19:42,761 [grpc-default-executor-2] WARN  server.GrpcLogAppender (LogUtils.java:warn(134)) - 0f4aa411-f22d-408f-a3ae-026c0e4d845c@group-447053F58748->e5557321-17be-433a-8d96-d7d186384118-AppendLogResponseHandler: Failed appendEntries: org.apache.ratis.thirdparty.io.grpc.StatusRuntimeException: UNAVAILABLE: io exception
2019-09-10 13:19:42,767 [grpc-default-executor-2] INFO  impl.FollowerInfo (FollowerInfo.java:lambda$new$0(51)) - 0f4aa411-f22d-408f-a3ae-026c0e4d845c@group-447053F58748->e5557321-17be-433a-8d96-d7d186384118: nextIndex: updateUnconditionally 2 -> 1
2019-09-10 13:19:43,226 [java.util.concurrent.ThreadPoolExecutor$Worker@6cb6bbf9[State = -1, empty queue]] WARN  server.GrpcLogAppender (GrpcLogAppender.java:timeoutAppendRequest(200)) - 77c590a9-0e60-42d8-bbf8-e31004d5a9e8@group-5DD09A43E0EE->598fdd25-f3b3-418d-bbd3-bcbfa35279b9-GrpcLogAppender: appendEntries Timeout, request=77c590a9-0e60-42d8-bbf8-e31004d5a9e8->598fdd25-f3b3-418d-bbd3-bcbfa35279b9#79-t2, previous=(t:2, i:19), leaderCommit=15, initializing? false, entries: <empty>
2019-09-10 13:19:43,226 [java.util.concurrent.ThreadPoolExecutor$Worker@2bd31529[State = -1, empty queue]] WARN  server.GrpcLogAppender (GrpcLogAppender.java:timeoutAppendRequest(200)) - 77c590a9-0e60-42d8-bbf8-e31004d5a9e8@group-5DD09A43E0EE->05e9b83b-b6ec-4168-9e18-fac302cf5421-GrpcLogAppender: appendEntries Timeout, request=77c590a9-0e60-42d8-bbf8-e31004d5a9e8->05e9b83b-b6ec-4168-9e18-fac302cf5421#79-t2, previous=(t:2, i:19), leaderCommit=15, initializing? false, entries: <empty>
2019-09-10 13:19:43,238 [java.util.concurrent.ThreadPoolExecutor$Worker@4ae31852[State = -1, empty queue]] WARN  server.GrpcLogAppender (GrpcLogAppender.java:timeoutAppendRequest(200)) - 0f4aa411-f22d-408f-a3ae-026c0e4d845c@group-447053F58748->82b87940-075a-4240-9714-83f9b1f11359-GrpcLogAppender: appendEntries Timeout, request=0f4aa411-f22d-408f-a3ae-026c0e4d845c->82b87940-075a-4240-9714-83f9b1f11359#80-t2, previous=(t:2, i:20), leaderCommit=16, initializing? false, entries: <empty>
2019-09-10 13:19:43,263 [grpc-default-executor-4] WARN  server.GrpcLogAppender (LogUtils.java:warn(134)) - 0f4aa411-f22d-408f-a3ae-026c0e4d845c@group-447053F58748->e5557321-17be-433a-8d96-d7d186384118-AppendLogResponseHandler: Failed appendEntries: org.apache.ratis.thirdparty.io.grpc.StatusRuntimeException: UNAVAILABLE: io exception
2019-09-10 13:19:43,268 [grpc-default-executor-4] INFO  impl.FollowerInfo (FollowerInfo.java:lambda$new$0(51)) - 0f4aa411-f22d-408f-a3ae-026c0e4d845c@group-447053F58748->e5557321-17be-433a-8d96-d7d186384118: nextIndex: updateUnconditionally 1 -> 0
2019-09-10 13:19:43,727 [java.util.concurrent.ThreadPoolExecutor$Worker@6cb6bbf9[State = -1, empty queue]] WARN  server.GrpcLogAppender (GrpcLogAppender.java:timeoutAppendRequest(200)) - 77c590a9-0e60-42d8-bbf8-e31004d5a9e8@group-5DD09A43E0EE->598fdd25-f3b3-418d-bbd3-bcbfa35279b9-GrpcLogAppender: appendEntries Timeout, request=77c590a9-0e60-42d8-bbf8-e31004d5a9e8->598fdd25-f3b3-418d-bbd3-bcbfa35279b9#80-t2, previous=(t:2, i:19), leaderCommit=15, initializing? false, entries: <empty>
2019-09-10 13:19:43,727 [java.util.concurrent.ThreadPoolExecutor$Worker@2bd31529[State = -1, empty queue]] WARN  server.GrpcLogAppender (GrpcLogAppender.java:timeoutAppendRequest(200)) - 77c590a9-0e60-42d8-bbf8-e31004d5a9e8@group-5DD09A43E0EE->05e9b83b-b6ec-4168-9e18-fac302cf5421-GrpcLogAppender: appendEntries Timeout, request=77c590a9-0e60-42d8-bbf8-e31004d5a9e8->05e9b83b-b6ec-4168-9e18-fac302cf5421#80-t2, previous=(t:2, i:19), leaderCommit=15, initializing? false, entries: <empty>
2019-09-10 13:19:43,738 [java.util.concurrent.ThreadPoolExecutor$Worker@4ae31852[State = -1, empty queue]] WARN  server.GrpcLogAppender (GrpcLogAppender.java:timeoutAppendRequest(200)) - 0f4aa411-f22d-408f-a3ae-026c0e4d845c@group-447053F58748->82b87940-075a-4240-9714-83f9b1f11359-GrpcLogAppender: appendEntries Timeout, request=0f4aa411-f22d-408f-a3ae-026c0e4d845c->82b87940-075a-4240-9714-83f9b1f11359#81-t2, previous=(t:2, i:20), leaderCommit=16, initializing? false, entries: <empty>
2019-09-10 13:19:43,763 [grpc-default-executor-0] WARN  server.GrpcLogAppender (LogUtils.java:warn(134)) - 0f4aa411-f22d-408f-a3ae-026c0e4d845c@group-447053F58748->e5557321-17be-433a-8d96-d7d186384118-AppendLogResponseHandler: Failed appendEntries: org.apache.ratis.thirdparty.io.grpc.StatusRuntimeException: UNAVAILABLE: io exception
2019-09-10 13:19:43,766 [grpc-default-executor-0] INFO  impl.FollowerInfo (FollowerInfo.java:lambda$new$0(51)) - 0f4aa411-f22d-408f-a3ae-026c0e4d845c@group-447053F58748->e5557321-17be-433a-8d96-d7d186384118: nextIndex: updateUnconditionally 0 -> 0
2019-09-10 13:19:44,227 [java.util.concurrent.ThreadPoolExecutor$Worker@6cb6bbf9[State = -1, empty queue]] WARN  server.GrpcLogAppender (GrpcLogAppender.java:timeoutAppendRequest(200)) - 77c590a9-0e60-42d8-bbf8-e31004d5a9e8@group-5DD09A43E0EE->598fdd25-f3b3-418d-bbd3-bcbfa35279b9-GrpcLogAppender: appendEntries Timeout, request=77c590a9-0e60-42d8-bbf8-e31004d5a9e8->598fdd25-f3b3-418d-bbd3-bcbfa35279b9#81-t2, previous=(t:2, i:19), leaderCommit=15, initializing? false, entries: <empty>
2019-09-10 13:19:44,227 [java.util.concurrent.ThreadPoolExecutor$Worker@2bd31529[State = -1, empty queue]] WARN  server.GrpcLogAppender (GrpcLogAppender.java:timeoutAppendRequest(200)) - 77c590a9-0e60-42d8-bbf8-e31004d5a9e8@group-5DD09A43E0EE->05e9b83b-b6ec-4168-9e18-fac302cf5421-GrpcLogAppender: appendEntries Timeout, request=77c590a9-0e60-42d8-bbf8-e31004d5a9e8->05e9b83b-b6ec-4168-9e18-fac302cf5421#81-t2, previous=(t:2, i:19), leaderCommit=15, initializing? false, entries: <empty>
2019-09-10 13:19:44,239 [java.util.concurrent.ThreadPoolExecutor$Worker@4ae31852[State = -1, empty queue]] WARN  server.GrpcLogAppender (GrpcLogAppender.java:timeoutAppendRequest(200)) - 0f4aa411-f22d-408f-a3ae-026c0e4d845c@group-447053F58748->82b87940-075a-4240-9714-83f9b1f11359-GrpcLogAppender: appendEntries Timeout, request=0f4aa411-f22d-408f-a3ae-026c0e4d845c->82b87940-075a-4240-9714-83f9b1f11359#82-t2, previous=(t:2, i:20), leaderCommit=16, initializing? false, entries: <empty>
2019-09-10 13:19:44,264 [grpc-default-executor-4] WARN  server.GrpcLogAppender (LogUtils.java:warn(134)) - 0f4aa411-f22d-408f-a3ae-026c0e4d845c@group-447053F58748->e5557321-17be-433a-8d96-d7d186384118-AppendLogResponseHandler: Failed appendEntries: org.apache.ratis.thirdparty.io.grpc.StatusRuntimeException: UNAVAILABLE: io exception
2019-09-10 13:19:44,270 [grpc-default-executor-4] INFO  impl.FollowerInfo (FollowerInfo.java:lambda$new$0(51)) - 0f4aa411-f22d-408f-a3ae-026c0e4d845c@group-447053F58748->e5557321-17be-433a-8d96-d7d186384118: nextIndex: updateUnconditionally 0 -> 0
2019-09-10 13:19:44,728 [java.util.concurrent.ThreadPoolExecutor$Worker@6cb6bbf9[State = -1, empty queue]] WARN  server.GrpcLogAppender (GrpcLogAppender.java:timeoutAppendRequest(200)) - 77c590a9-0e60-42d8-bbf8-e31004d5a9e8@group-5DD09A43E0EE->598fdd25-f3b3-418d-bbd3-bcbfa35279b9-GrpcLogAppender: appendEntries Timeout, request=77c590a9-0e60-42d8-bbf8-e31004d5a9e8->598fdd25-f3b3-418d-bbd3-bcbfa35279b9#82-t2, previous=(t:2, i:19), leaderCommit=15, initializing? false, entries: <empty>
2019-09-10 13:19:44,728 [java.util.concurrent.ThreadPoolExecutor$Worker@2bd31529[State = -1, empty queue]] WARN  server.GrpcLogAppender (GrpcLogAppender.java:timeoutAppendRequest(200)) - 77c590a9-0e60-42d8-bbf8-e31004d5a9e8@group-5DD09A43E0EE->05e9b83b-b6ec-4168-9e18-fac302cf5421-GrpcLogAppender: appendEntries Timeout, request=77c590a9-0e60-42d8-bbf8-e31004d5a9e8->05e9b83b-b6ec-4168-9e18-fac302cf5421#82-t2, previous=(t:2, i:19), leaderCommit=15, initializing? false, entries: <empty>
2019-09-10 13:19:44,739 [java.util.concurrent.ThreadPoolExecutor$Worker@4ae31852[State = -1, empty queue]] WARN  server.GrpcLogAppender (GrpcLogAppender.java:timeoutAppendRequest(200)) - 0f4aa411-f22d-408f-a3ae-026c0e4d845c@group-447053F58748->82b87940-075a-4240-9714-83f9b1f11359-GrpcLogAppender: appendEntries Timeout, request=0f4aa411-f22d-408f-a3ae-026c0e4d845c->82b87940-075a-4240-9714-83f9b1f11359#83-t2, previous=(t:2, i:20), leaderCommit=16, initializing? false, entries: <empty>
2019-09-10 13:19:44,792 [grpc-default-executor-2] WARN  server.GrpcLogAppender (LogUtils.java:warn(134)) - 0f4aa411-f22d-408f-a3ae-026c0e4d845c@group-447053F58748->e5557321-17be-433a-8d96-d7d186384118-AppendLogResponseHandler: Failed appendEntries: org.apache.ratis.thirdparty.io.grpc.StatusRuntimeException: UNAVAILABLE: io exception
2019-09-10 13:19:44,795 [grpc-default-executor-2] INFO  impl.FollowerInfo (FollowerInfo.java:lambda$new$0(51)) - 0f4aa411-f22d-408f-a3ae-026c0e4d845c@group-447053F58748->e5557321-17be-433a-8d96-d7d186384118: nextIndex: updateUnconditionally 0 -> 0
2019-09-10 13:19:45,211 [598fdd25-f3b3-418d-bbd3-bcbfa35279b9@group-5DD09A43E0EE-SegmentedRaftLogWorker] WARN  segmented.SegmentedRaftLogWorker (SegmentedRaftLogWorker.java:getFromFuture(90)) - Timeout 0/~
org.apache.ratis.protocol.TimeoutIOException: Timeout 10s: WriteLog:16: (t:2, i:16), STATEMACHINELOGENTRY, client-7BF1329EB290, cid=51-writeStateMachineData
	at org.apache.ratis.util.IOUtils.getFromFuture(IOUtils.java:87)
	at org.apache.ratis.server.raftlog.segmented.SegmentedRaftLogWorker$StateMachineDataPolicy.getFromFuture(SegmentedRaftLogWorker.java:87)
	at org.apache.ratis.server.raftlog.segmented.SegmentedRaftLogWorker$WriteLog.execute(SegmentedRaftLogWorker.java:477)
	at org.apache.ratis.server.raftlog.segmented.SegmentedRaftLogWorker.run(SegmentedRaftLogWorker.java:289)
	at java.lang.Thread.run(Thread.java:748)
Caused by: java.util.concurrent.TimeoutException
	at java.util.concurrent.CompletableFuture.timedGet(CompletableFuture.java:1771)
	at java.util.concurrent.CompletableFuture.get(CompletableFuture.java:1915)
	at org.apache.ratis.util.IOUtils.getFromFuture(IOUtils.java:79)
	... 4 more
2019-09-10 13:19:45,211 [05e9b83b-b6ec-4168-9e18-fac302cf5421@group-5DD09A43E0EE-SegmentedRaftLogWorker] WARN  segmented.SegmentedRaftLogWorker (SegmentedRaftLogWorker.java:getFromFuture(90)) - Timeout 0/~
org.apache.ratis.protocol.TimeoutIOException: Timeout 10s: WriteLog:16: (t:2, i:16), STATEMACHINELOGENTRY, client-7BF1329EB290, cid=51-writeStateMachineData
	at org.apache.ratis.util.IOUtils.getFromFuture(IOUtils.java:87)
	at org.apache.ratis.server.raftlog.segmented.SegmentedRaftLogWorker$StateMachineDataPolicy.getFromFuture(SegmentedRaftLogWorker.java:87)
	at org.apache.ratis.server.raftlog.segmented.SegmentedRaftLogWorker$WriteLog.execute(SegmentedRaftLogWorker.java:477)
	at org.apache.ratis.server.raftlog.segmented.SegmentedRaftLogWorker.run(SegmentedRaftLogWorker.java:289)
	at java.lang.Thread.run(Thread.java:748)
Caused by: java.util.concurrent.TimeoutException
	at java.util.concurrent.CompletableFuture.timedGet(CompletableFuture.java:1771)
	at java.util.concurrent.CompletableFuture.get(CompletableFuture.java:1915)
	at org.apache.ratis.util.IOUtils.getFromFuture(IOUtils.java:79)
	... 4 more
2019-09-10 13:19:45,228 [java.util.concurrent.ThreadPoolExecutor$Worker@6cb6bbf9[State = -1, empty queue]] WARN  server.GrpcLogAppender (GrpcLogAppender.java:timeoutAppendRequest(200)) - 77c590a9-0e60-42d8-bbf8-e31004d5a9e8@group-5DD09A43E0EE->598fdd25-f3b3-418d-bbd3-bcbfa35279b9-GrpcLogAppender: appendEntries Timeout, request=77c590a9-0e60-42d8-bbf8-e31004d5a9e8->598fdd25-f3b3-418d-bbd3-bcbfa35279b9#83-t2, previous=(t:2, i:19), leaderCommit=15, initializing? false, entries: <empty>
2019-09-10 13:19:45,228 [java.util.concurrent.ThreadPoolExecutor$Worker@2bd31529[State = -1, empty queue]] WARN  server.GrpcLogAppender (GrpcLogAppender.java:timeoutAppendRequest(200)) - 77c590a9-0e60-42d8-bbf8-e31004d5a9e8@group-5DD09A43E0EE->05e9b83b-b6ec-4168-9e18-fac302cf5421-GrpcLogAppender: appendEntries Timeout, request=77c590a9-0e60-42d8-bbf8-e31004d5a9e8->05e9b83b-b6ec-4168-9e18-fac302cf5421#83-t2, previous=(t:2, i:19), leaderCommit=15, initializing? false, entries: <empty>
2019-09-10 13:19:45,239 [java.util.concurrent.ThreadPoolExecutor$Worker@4ae31852[State = -1, empty queue]] WARN  server.GrpcLogAppender (GrpcLogAppender.java:timeoutAppendRequest(200)) - 0f4aa411-f22d-408f-a3ae-026c0e4d845c@group-447053F58748->82b87940-075a-4240-9714-83f9b1f11359-GrpcLogAppender: appendEntries Timeout, request=0f4aa411-f22d-408f-a3ae-026c0e4d845c->82b87940-075a-4240-9714-83f9b1f11359#84-t2, previous=(t:2, i:20), leaderCommit=16, initializing? false, entries: <empty>
2019-09-10 13:19:45,268 [grpc-default-executor-0] WARN  server.GrpcLogAppender (LogUtils.java:warn(134)) - 0f4aa411-f22d-408f-a3ae-026c0e4d845c@group-447053F58748->e5557321-17be-433a-8d96-d7d186384118-AppendLogResponseHandler: Failed appendEntries: org.apache.ratis.thirdparty.io.grpc.StatusRuntimeException: UNAVAILABLE: io exception
2019-09-10 13:19:45,274 [grpc-default-executor-0] INFO  impl.FollowerInfo (FollowerInfo.java:lambda$new$0(51)) - 0f4aa411-f22d-408f-a3ae-026c0e4d845c@group-447053F58748->e5557321-17be-433a-8d96-d7d186384118: nextIndex: updateUnconditionally 0 -> 0
2019-09-10 13:19:45,321 [grpc-default-executor-4] INFO  client.GrpcClientProtocolClient (GrpcClientProtocolClient.java:onNext(264)) - client-7BF1329EB290->05e9b83b-b6ec-4168-9e18-fac302cf5421: receive RaftClientReply:client-7BF1329EB290->05e9b83b-b6ec-4168-9e18-fac302cf5421@group-5DD09A43E0EE, cid=51, FAILED org.apache.ratis.protocol.NotLeaderException: Server 05e9b83b-b6ec-4168-9e18-fac302cf5421@group-5DD09A43E0EE is not the leader 77c590a9-0e60-42d8-bbf8-e31004d5a9e8:192.168.34.50:41260, logIndex=0, commits[05e9b83b-b6ec-4168-9e18-fac302cf5421:c15, 598fdd25-f3b3-418d-bbd3-bcbfa35279b9:c12, 77c590a9-0e60-42d8-bbf8-e31004d5a9e8:c15]
2019-09-10 13:19:45,380 [77c590a9-0e60-42d8-bbf8-e31004d5a9e8@group-5DD09A43E0EE-SegmentedRaftLogWorker] WARN  segmented.SegmentedRaftLogWorker (SegmentedRaftLogWorker.java:getFromFuture(90)) - Timeout 0/~
org.apache.ratis.protocol.TimeoutIOException: Timeout 10s: WriteLog:18: (t:2, i:18), STATEMACHINELOGENTRY, client-7BF1329EB290, cid=53-writeStateMachineData
	at org.apache.ratis.util.IOUtils.getFromFuture(IOUtils.java:87)
	at org.apache.ratis.server.raftlog.segmented.SegmentedRaftLogWorker$StateMachineDataPolicy.getFromFuture(SegmentedRaftLogWorker.java:87)
	at org.apache.ratis.server.raftlog.segmented.SegmentedRaftLogWorker$WriteLog.execute(SegmentedRaftLogWorker.java:477)
	at org.apache.ratis.server.raftlog.segmented.SegmentedRaftLogWorker.run(SegmentedRaftLogWorker.java:289)
	at java.lang.Thread.run(Thread.java:748)
Caused by: java.util.concurrent.TimeoutException
	at java.util.concurrent.CompletableFuture.timedGet(CompletableFuture.java:1771)
	at java.util.concurrent.CompletableFuture.get(CompletableFuture.java:1915)
	at org.apache.ratis.util.IOUtils.getFromFuture(IOUtils.java:79)
	... 4 more
2019-09-10 13:19:45,728 [java.util.concurrent.ThreadPoolExecutor$Worker@2bd31529[State = -1, empty queue]] WARN  server.GrpcLogAppender (GrpcLogAppender.java:timeoutAppendRequest(200)) - 77c590a9-0e60-42d8-bbf8-e31004d5a9e8@group-5DD09A43E0EE->05e9b83b-b6ec-4168-9e18-fac302cf5421-GrpcLogAppender: appendEntries Timeout, request=77c590a9-0e60-42d8-bbf8-e31004d5a9e8->05e9b83b-b6ec-4168-9e18-fac302cf5421#84-t2, previous=(t:2, i:19), leaderCommit=15, initializing? false, entries: <empty>
2019-09-10 13:19:45,728 [java.util.concurrent.ThreadPoolExecutor$Worker@6cb6bbf9[State = -1, empty queue]] WARN  server.GrpcLogAppender (GrpcLogAppender.java:timeoutAppendRequest(200)) - 77c590a9-0e60-42d8-bbf8-e31004d5a9e8@group-5DD09A43E0EE->598fdd25-f3b3-418d-bbd3-bcbfa35279b9-GrpcLogAppender: appendEntries Timeout, request=77c590a9-0e60-42d8-bbf8-e31004d5a9e8->598fdd25-f3b3-418d-bbd3-bcbfa35279b9#84-t2, previous=(t:2, i:19), leaderCommit=15, initializing? false, entries: <empty>
2019-09-10 13:19:45,740 [java.util.concurrent.ThreadPoolExecutor$Worker@4ae31852[State = -1, empty queue]] WARN  server.GrpcLogAppender (GrpcLogAppender.java:timeoutAppendRequest(200)) - 0f4aa411-f22d-408f-a3ae-026c0e4d845c@group-447053F58748->82b87940-075a-4240-9714-83f9b1f11359-GrpcLogAppender: appendEntries Timeout, request=0f4aa411-f22d-408f-a3ae-026c0e4d845c->82b87940-075a-4240-9714-83f9b1f11359#85-t2, previous=(t:2, i:20), leaderCommit=16, initializing? false, entries: <empty>
2019-09-10 13:19:45,769 [grpc-default-executor-2] WARN  server.GrpcLogAppender (LogUtils.java:warn(134)) - 0f4aa411-f22d-408f-a3ae-026c0e4d845c@group-447053F58748->e5557321-17be-433a-8d96-d7d186384118-AppendLogResponseHandler: Failed appendEntries: org.apache.ratis.thirdparty.io.grpc.StatusRuntimeException: UNAVAILABLE: io exception
2019-09-10 13:19:45,774 [grpc-default-executor-2] INFO  impl.FollowerInfo (FollowerInfo.java:lambda$new$0(51)) - 0f4aa411-f22d-408f-a3ae-026c0e4d845c@group-447053F58748->e5557321-17be-433a-8d96-d7d186384118: nextIndex: updateUnconditionally 0 -> 0
2019-09-10 13:19:46,229 [java.util.concurrent.ThreadPoolExecutor$Worker@2bd31529[State = -1, empty queue]] WARN  server.GrpcLogAppender (GrpcLogAppender.java:timeoutAppendRequest(200)) - 77c590a9-0e60-42d8-bbf8-e31004d5a9e8@group-5DD09A43E0EE->05e9b83b-b6ec-4168-9e18-fac302cf5421-GrpcLogAppender: appendEntries Timeout, request=77c590a9-0e60-42d8-bbf8-e31004d5a9e8->05e9b83b-b6ec-4168-9e18-fac302cf5421#85-t2, previous=(t:2, i:19), leaderCommit=15, initializing? false, entries: <empty>
2019-09-10 13:19:46,229 [java.util.concurrent.ThreadPoolExecutor$Worker@6cb6bbf9[State = -1, empty queue]] WARN  server.GrpcLogAppender (GrpcLogAppender.java:timeoutAppendRequest(200)) - 77c590a9-0e60-42d8-bbf8-e31004d5a9e8@group-5DD09A43E0EE->598fdd25-f3b3-418d-bbd3-bcbfa35279b9-GrpcLogAppender: appendEntries Timeout, request=77c590a9-0e60-42d8-bbf8-e31004d5a9e8->598fdd25-f3b3-418d-bbd3-bcbfa35279b9#85-t2, previous=(t:2, i:19), leaderCommit=15, initializing? false, entries: <empty>
2019-09-10 13:19:46,240 [java.util.concurrent.ThreadPoolExecutor$Worker@4ae31852[State = -1, empty queue]] WARN  server.GrpcLogAppender (GrpcLogAppender.java:timeoutAppendRequest(200)) - 0f4aa411-f22d-408f-a3ae-026c0e4d845c@group-447053F58748->82b87940-075a-4240-9714-83f9b1f11359-GrpcLogAppender: appendEntries Timeout, request=0f4aa411-f22d-408f-a3ae-026c0e4d845c->82b87940-075a-4240-9714-83f9b1f11359#86-t2, previous=(t:2, i:20), leaderCommit=16, initializing? false, entries: <empty>
2019-09-10 13:19:46,271 [grpc-default-executor-0] WARN  server.GrpcLogAppender (LogUtils.java:warn(134)) - 0f4aa411-f22d-408f-a3ae-026c0e4d845c@group-447053F58748->e5557321-17be-433a-8d96-d7d186384118-AppendLogResponseHandler: Failed appendEntries: org.apache.ratis.thirdparty.io.grpc.StatusRuntimeException: UNAVAILABLE: io exception
2019-09-10 13:19:46,276 [grpc-default-executor-0] INFO  impl.FollowerInfo (FollowerInfo.java:lambda$new$0(51)) - 0f4aa411-f22d-408f-a3ae-026c0e4d845c@group-447053F58748->e5557321-17be-433a-8d96-d7d186384118: nextIndex: updateUnconditionally 0 -> 0
2019-09-10 13:19:46,730 [java.util.concurrent.ThreadPoolExecutor$Worker@2bd31529[State = -1, empty queue]] WARN  server.GrpcLogAppender (GrpcLogAppender.java:timeoutAppendRequest(200)) - 77c590a9-0e60-42d8-bbf8-e31004d5a9e8@group-5DD09A43E0EE->05e9b83b-b6ec-4168-9e18-fac302cf5421-GrpcLogAppender: appendEntries Timeout, request=77c590a9-0e60-42d8-bbf8-e31004d5a9e8->05e9b83b-b6ec-4168-9e18-fac302cf5421#86-t2, previous=(t:2, i:19), leaderCommit=15, initializing? false, entries: <empty>
2019-09-10 13:19:46,730 [java.util.concurrent.ThreadPoolExecutor$Worker@6cb6bbf9[State = -1, empty queue]] WARN  server.GrpcLogAppender (GrpcLogAppender.java:timeoutAppendRequest(200)) - 77c590a9-0e60-42d8-bbf8-e31004d5a9e8@group-5DD09A43E0EE->598fdd25-f3b3-418d-bbd3-bcbfa35279b9-GrpcLogAppender: appendEntries Timeout, request=77c590a9-0e60-42d8-bbf8-e31004d5a9e8->598fdd25-f3b3-418d-bbd3-bcbfa35279b9#86-t2, previous=(t:2, i:19), leaderCommit=15, initializing? false, entries: <empty>
2019-09-10 13:19:46,740 [java.util.concurrent.ThreadPoolExecutor$Worker@4ae31852[State = -1, empty queue]] WARN  server.GrpcLogAppender (GrpcLogAppender.java:timeoutAppendRequest(200)) - 0f4aa411-f22d-408f-a3ae-026c0e4d845c@group-447053F58748->82b87940-075a-4240-9714-83f9b1f11359-GrpcLogAppender: appendEntries Timeout, request=0f4aa411-f22d-408f-a3ae-026c0e4d845c->82b87940-075a-4240-9714-83f9b1f11359#87-t2, previous=(t:2, i:20), leaderCommit=16, initializing? false, entries: <empty>
2019-09-10 13:19:46,771 [grpc-default-executor-4] WARN  server.GrpcLogAppender (LogUtils.java:warn(134)) - 0f4aa411-f22d-408f-a3ae-026c0e4d845c@group-447053F58748->e5557321-17be-433a-8d96-d7d186384118-AppendLogResponseHandler: Failed appendEntries: org.apache.ratis.thirdparty.io.grpc.StatusRuntimeException: UNAVAILABLE: io exception
2019-09-10 13:19:46,787 [grpc-default-executor-4] INFO  impl.FollowerInfo (FollowerInfo.java:lambda$new$0(51)) - 0f4aa411-f22d-408f-a3ae-026c0e4d845c@group-447053F58748->e5557321-17be-433a-8d96-d7d186384118: nextIndex: updateUnconditionally 0 -> 0
2019-09-10 13:19:47,230 [java.util.concurrent.ThreadPoolExecutor$Worker@2bd31529[State = -1, empty queue]] WARN  server.GrpcLogAppender (GrpcLogAppender.java:timeoutAppendRequest(200)) - 77c590a9-0e60-42d8-bbf8-e31004d5a9e8@group-5DD09A43E0EE->05e9b83b-b6ec-4168-9e18-fac302cf5421-GrpcLogAppender: appendEntries Timeout, request=77c590a9-0e60-42d8-bbf8-e31004d5a9e8->05e9b83b-b6ec-4168-9e18-fac302cf5421#87-t2, previous=(t:2, i:19), leaderCommit=15, initializing? false, entries: <empty>
2019-09-10 13:19:47,230 [java.util.concurrent.ThreadPoolExecutor$Worker@6cb6bbf9[State = -1, empty queue]] WARN  server.GrpcLogAppender (GrpcLogAppender.java:timeoutAppendRequest(200)) - 77c590a9-0e60-42d8-bbf8-e31004d5a9e8@group-5DD09A43E0EE->598fdd25-f3b3-418d-bbd3-bcbfa35279b9-GrpcLogAppender: appendEntries Timeout, request=77c590a9-0e60-42d8-bbf8-e31004d5a9e8->598fdd25-f3b3-418d-bbd3-bcbfa35279b9#87-t2, previous=(t:2, i:19), leaderCommit=15, initializing? false, entries: <empty>
2019-09-10 13:19:47,240 [java.util.concurrent.ThreadPoolExecutor$Worker@4ae31852[State = -1, empty queue]] WARN  server.GrpcLogAppender (GrpcLogAppender.java:timeoutAppendRequest(200)) - 0f4aa411-f22d-408f-a3ae-026c0e4d845c@group-447053F58748->82b87940-075a-4240-9714-83f9b1f11359-GrpcLogAppender: appendEntries Timeout, request=0f4aa411-f22d-408f-a3ae-026c0e4d845c->82b87940-075a-4240-9714-83f9b1f11359#88-t2, previous=(t:2, i:20), leaderCommit=16, initializing? false, entries: <empty>
2019-09-10 13:19:47,272 [grpc-default-executor-2] WARN  server.GrpcLogAppender (LogUtils.java:warn(134)) - 0f4aa411-f22d-408f-a3ae-026c0e4d845c@group-447053F58748->e5557321-17be-433a-8d96-d7d186384118-AppendLogResponseHandler: Failed appendEntries: org.apache.ratis.thirdparty.io.grpc.StatusRuntimeException: UNAVAILABLE: io exception
2019-09-10 13:19:47,272 [grpc-default-executor-2] INFO  impl.FollowerInfo (FollowerInfo.java:lambda$new$0(51)) - 0f4aa411-f22d-408f-a3ae-026c0e4d845c@group-447053F58748->e5557321-17be-433a-8d96-d7d186384118: nextIndex: updateUnconditionally 0 -> 0
2019-09-10 13:19:47,731 [java.util.concurrent.ThreadPoolExecutor$Worker@2bd31529[State = -1, empty queue]] WARN  server.GrpcLogAppender (GrpcLogAppender.java:timeoutAppendRequest(200)) - 77c590a9-0e60-42d8-bbf8-e31004d5a9e8@group-5DD09A43E0EE->05e9b83b-b6ec-4168-9e18-fac302cf5421-GrpcLogAppender: appendEntries Timeout, request=77c590a9-0e60-42d8-bbf8-e31004d5a9e8->05e9b83b-b6ec-4168-9e18-fac302cf5421#88-t2, previous=(t:2, i:19), leaderCommit=15, initializing? false, entries: <empty>
2019-09-10 13:19:47,731 [java.util.concurrent.ThreadPoolExecutor$Worker@6cb6bbf9[State = -1, empty queue]] WARN  server.GrpcLogAppender (GrpcLogAppender.java:timeoutAppendRequest(200)) - 77c590a9-0e60-42d8-bbf8-e31004d5a9e8@group-5DD09A43E0EE->598fdd25-f3b3-418d-bbd3-bcbfa35279b9-GrpcLogAppender: appendEntries Timeout, request=77c590a9-0e60-42d8-bbf8-e31004d5a9e8->598fdd25-f3b3-418d-bbd3-bcbfa35279b9#88-t2, previous=(t:2, i:19), leaderCommit=15, initializing? false, entries: <empty>
2019-09-10 13:19:47,741 [java.util.concurrent.ThreadPoolExecutor$Worker@4ae31852[State = -1, empty queue]] WARN  server.GrpcLogAppender (GrpcLogAppender.java:timeoutAppendRequest(200)) - 0f4aa411-f22d-408f-a3ae-026c0e4d845c@group-447053F58748->82b87940-075a-4240-9714-83f9b1f11359-GrpcLogAppender: appendEntries Timeout, request=0f4aa411-f22d-408f-a3ae-026c0e4d845c->82b87940-075a-4240-9714-83f9b1f11359#89-t2, previous=(t:2, i:20), leaderCommit=16, initializing? false, entries: <empty>
2019-09-10 13:19:47,773 [grpc-default-executor-4] WARN  server.GrpcLogAppender (LogUtils.java:warn(134)) - 0f4aa411-f22d-408f-a3ae-026c0e4d845c@group-447053F58748->e5557321-17be-433a-8d96-d7d186384118-AppendLogResponseHandler: Failed appendEntries: org.apache.ratis.thirdparty.io.grpc.StatusRuntimeException: UNAVAILABLE: io exception
2019-09-10 13:19:47,774 [grpc-default-executor-4] INFO  impl.FollowerInfo (FollowerInfo.java:lambda$new$0(51)) - 0f4aa411-f22d-408f-a3ae-026c0e4d845c@group-447053F58748->e5557321-17be-433a-8d96-d7d186384118: nextIndex: updateUnconditionally 0 -> 0
2019-09-10 13:19:48,231 [java.util.concurrent.ThreadPoolExecutor$Worker@6cb6bbf9[State = -1, empty queue]] WARN  server.GrpcLogAppender (GrpcLogAppender.java:timeoutAppendRequest(200)) - 77c590a9-0e60-42d8-bbf8-e31004d5a9e8@group-5DD09A43E0EE->598fdd25-f3b3-418d-bbd3-bcbfa35279b9-GrpcLogAppender: appendEntries Timeout, request=77c590a9-0e60-42d8-bbf8-e31004d5a9e8->598fdd25-f3b3-418d-bbd3-bcbfa35279b9#89-t2, previous=(t:2, i:19), leaderCommit=15, initializing? false, entries: <empty>
2019-09-10 13:19:48,231 [java.util.concurrent.ThreadPoolExecutor$Worker@2bd31529[State = -1, empty queue]] WARN  server.GrpcLogAppender (GrpcLogAppender.java:timeoutAppendRequest(200)) - 77c590a9-0e60-42d8-bbf8-e31004d5a9e8@group-5DD09A43E0EE->05e9b83b-b6ec-4168-9e18-fac302cf5421-GrpcLogAppender: appendEntries Timeout, request=77c590a9-0e60-42d8-bbf8-e31004d5a9e8->05e9b83b-b6ec-4168-9e18-fac302cf5421#89-t2, previous=(t:2, i:19), leaderCommit=15, initializing? false, entries: <empty>
2019-09-10 13:19:48,241 [java.util.concurrent.ThreadPoolExecutor$Worker@4ae31852[State = -1, empty queue]] WARN  server.GrpcLogAppender (GrpcLogAppender.java:timeoutAppendRequest(200)) - 0f4aa411-f22d-408f-a3ae-026c0e4d845c@group-447053F58748->82b87940-075a-4240-9714-83f9b1f11359-GrpcLogAppender: appendEntries Timeout, request=0f4aa411-f22d-408f-a3ae-026c0e4d845c->82b87940-075a-4240-9714-83f9b1f11359#90-t2, previous=(t:2, i:20), leaderCommit=16, initializing? false, entries: <empty>
2019-09-10 13:19:48,275 [grpc-default-executor-0] WARN  server.GrpcLogAppender (LogUtils.java:warn(134)) - 0f4aa411-f22d-408f-a3ae-026c0e4d845c@group-447053F58748->e5557321-17be-433a-8d96-d7d186384118-AppendLogResponseHandler: Failed appendEntries: org.apache.ratis.thirdparty.io.grpc.StatusRuntimeException: UNAVAILABLE: io exception
2019-09-10 13:19:48,276 [grpc-default-executor-0] INFO  impl.FollowerInfo (FollowerInfo.java:lambda$new$0(51)) - 0f4aa411-f22d-408f-a3ae-026c0e4d845c@group-447053F58748->e5557321-17be-433a-8d96-d7d186384118: nextIndex: updateUnconditionally 0 -> 0
2019-09-10 13:19:48,735 [java.util.concurrent.ThreadPoolExecutor$Worker@2bd31529[State = -1, empty queue]] WARN  server.GrpcLogAppender (GrpcLogAppender.java:timeoutAppendRequest(200)) - 77c590a9-0e60-42d8-bbf8-e31004d5a9e8@group-5DD09A43E0EE->05e9b83b-b6ec-4168-9e18-fac302cf5421-GrpcLogAppender: appendEntries Timeout, request=77c590a9-0e60-42d8-bbf8-e31004d5a9e8->05e9b83b-b6ec-4168-9e18-fac302cf5421#90-t2, previous=(t:2, i:19), leaderCommit=15, initializing? false, entries: <empty>
2019-09-10 13:19:48,735 [java.util.concurrent.ThreadPoolExecutor$Worker@6cb6bbf9[State = -1, empty queue]] WARN  server.GrpcLogAppender (GrpcLogAppender.java:timeoutAppendRequest(200)) - 77c590a9-0e60-42d8-bbf8-e31004d5a9e8@group-5DD09A43E0EE->598fdd25-f3b3-418d-bbd3-bcbfa35279b9-GrpcLogAppender: appendEntries Timeout, request=77c590a9-0e60-42d8-bbf8-e31004d5a9e8->598fdd25-f3b3-418d-bbd3-bcbfa35279b9#90-t2, previous=(t:2, i:19), leaderCommit=15, initializing? false, entries: <empty>
2019-09-10 13:19:48,741 [java.util.concurrent.ThreadPoolExecutor$Worker@4ae31852[State = -1, empty queue]] WARN  server.GrpcLogAppender (GrpcLogAppender.java:timeoutAppendRequest(200)) - 0f4aa411-f22d-408f-a3ae-026c0e4d845c@group-447053F58748->82b87940-075a-4240-9714-83f9b1f11359-GrpcLogAppender: appendEntries Timeout, request=0f4aa411-f22d-408f-a3ae-026c0e4d845c->82b87940-075a-4240-9714-83f9b1f11359#91-t2, previous=(t:2, i:20), leaderCommit=16, initializing? false, entries: <empty>
2019-09-10 13:19:48,778 [grpc-default-executor-2] WARN  server.GrpcLogAppender (LogUtils.java:warn(134)) - 0f4aa411-f22d-408f-a3ae-026c0e4d845c@group-447053F58748->e5557321-17be-433a-8d96-d7d186384118-AppendLogResponseHandler: Failed appendEntries: org.apache.ratis.thirdparty.io.grpc.StatusRuntimeException: UNAVAILABLE: io exception
2019-09-10 13:19:48,778 [grpc-default-executor-2] INFO  impl.FollowerInfo (FollowerInfo.java:lambda$new$0(51)) - 0f4aa411-f22d-408f-a3ae-026c0e4d845c@group-447053F58748->e5557321-17be-433a-8d96-d7d186384118: nextIndex: updateUnconditionally 0 -> 0
2019-09-10 13:19:49,235 [java.util.concurrent.ThreadPoolExecutor$Worker@6cb6bbf9[State = -1, empty queue]] WARN  server.GrpcLogAppender (GrpcLogAppender.java:timeoutAppendRequest(200)) - 77c590a9-0e60-42d8-bbf8-e31004d5a9e8@group-5DD09A43E0EE->598fdd25-f3b3-418d-bbd3-bcbfa35279b9-GrpcLogAppender: appendEntries Timeout, request=77c590a9-0e60-42d8-bbf8-e31004d5a9e8->598fdd25-f3b3-418d-bbd3-bcbfa35279b9#91-t2, previous=(t:2, i:19), leaderCommit=15, initializing? false, entries: <empty>
2019-09-10 13:19:49,235 [java.util.concurrent.ThreadPoolExecutor$Worker@2bd31529[State = -1, empty queue]] WARN  server.GrpcLogAppender (GrpcLogAppender.java:timeoutAppendRequest(200)) - 77c590a9-0e60-42d8-bbf8-e31004d5a9e8@group-5DD09A43E0EE->05e9b83b-b6ec-4168-9e18-fac302cf5421-GrpcLogAppender: appendEntries Timeout, request=77c590a9-0e60-42d8-bbf8-e31004d5a9e8->05e9b83b-b6ec-4168-9e18-fac302cf5421#91-t2, previous=(t:2, i:19), leaderCommit=15, initializing? false, entries: <empty>
2019-09-10 13:19:49,241 [java.util.concurrent.ThreadPoolExecutor$Worker@4ae31852[State = -1, empty queue]] WARN  server.GrpcLogAppender (GrpcLogAppender.java:timeoutAppendRequest(200)) - 0f4aa411-f22d-408f-a3ae-026c0e4d845c@group-447053F58748->82b87940-075a-4240-9714-83f9b1f11359-GrpcLogAppender: appendEntries Timeout, request=0f4aa411-f22d-408f-a3ae-026c0e4d845c->82b87940-075a-4240-9714-83f9b1f11359#92-t2, previous=(t:2, i:20), leaderCommit=16, initializing? false, entries: <empty>
2019-09-10 13:19:49,278 [grpc-default-executor-4] WARN  server.GrpcLogAppender (LogUtils.java:warn(134)) - 0f4aa411-f22d-408f-a3ae-026c0e4d845c@group-447053F58748->e5557321-17be-433a-8d96-d7d186384118-AppendLogResponseHandler: Failed appendEntries: org.apache.ratis.thirdparty.io.grpc.StatusRuntimeException: UNAVAILABLE: io exception
2019-09-10 13:19:49,279 [grpc-default-executor-4] INFO  impl.FollowerInfo (FollowerInfo.java:lambda$new$0(51)) - 0f4aa411-f22d-408f-a3ae-026c0e4d845c@group-447053F58748->e5557321-17be-433a-8d96-d7d186384118: nextIndex: updateUnconditionally 0 -> 0
2019-09-10 13:19:49,735 [java.util.concurrent.ThreadPoolExecutor$Worker@2bd31529[State = -1, empty queue]] WARN  server.GrpcLogAppender (GrpcLogAppender.java:timeoutAppendRequest(200)) - 77c590a9-0e60-42d8-bbf8-e31004d5a9e8@group-5DD09A43E0EE->05e9b83b-b6ec-4168-9e18-fac302cf5421-GrpcLogAppender: appendEntries Timeout, request=77c590a9-0e60-42d8-bbf8-e31004d5a9e8->05e9b83b-b6ec-4168-9e18-fac302cf5421#92-t2, previous=(t:2, i:19), leaderCommit=15, initializing? false, entries: <empty>
2019-09-10 13:19:49,735 [java.util.concurrent.ThreadPoolExecutor$Worker@6cb6bbf9[State = -1, empty queue]] WARN  server.GrpcLogAppender (GrpcLogAppender.java:timeoutAppendRequest(200)) - 77c590a9-0e60-42d8-bbf8-e31004d5a9e8@group-5DD09A43E0EE->598fdd25-f3b3-418d-bbd3-bcbfa35279b9-GrpcLogAppender: appendEntries Timeout, request=77c590a9-0e60-42d8-bbf8-e31004d5a9e8->598fdd25-f3b3-418d-bbd3-bcbfa35279b9#92-t2, previous=(t:2, i:19), leaderCommit=15, initializing? false, entries: <empty>
2019-09-10 13:19:49,742 [java.util.concurrent.ThreadPoolExecutor$Worker@4ae31852[State = -1, empty queue]] WARN  server.GrpcLogAppender (GrpcLogAppender.java:timeoutAppendRequest(200)) - 0f4aa411-f22d-408f-a3ae-026c0e4d845c@group-447053F58748->82b87940-075a-4240-9714-83f9b1f11359-GrpcLogAppender: appendEntries Timeout, request=0f4aa411-f22d-408f-a3ae-026c0e4d845c->82b87940-075a-4240-9714-83f9b1f11359#93-t2, previous=(t:2, i:20), leaderCommit=16, initializing? false, entries: <empty>
2019-09-10 13:19:49,780 [grpc-default-executor-0] WARN  server.GrpcLogAppender (LogUtils.java:warn(134)) - 0f4aa411-f22d-408f-a3ae-026c0e4d845c@group-447053F58748->e5557321-17be-433a-8d96-d7d186384118-AppendLogResponseHandler: Failed appendEntries: org.apache.ratis.thirdparty.io.grpc.StatusRuntimeException: UNAVAILABLE: io exception
2019-09-10 13:19:49,781 [grpc-default-executor-0] INFO  impl.FollowerInfo (FollowerInfo.java:lambda$new$0(51)) - 0f4aa411-f22d-408f-a3ae-026c0e4d845c@group-447053F58748->e5557321-17be-433a-8d96-d7d186384118: nextIndex: updateUnconditionally 0 -> 0
2019-09-10 13:19:50,236 [java.util.concurrent.ThreadPoolExecutor$Worker@6cb6bbf9[State = -1, empty queue]] WARN  server.GrpcLogAppender (GrpcLogAppender.java:timeoutAppendRequest(200)) - 77c590a9-0e60-42d8-bbf8-e31004d5a9e8@group-5DD09A43E0EE->598fdd25-f3b3-418d-bbd3-bcbfa35279b9-GrpcLogAppender: appendEntries Timeout, request=77c590a9-0e60-42d8-bbf8-e31004d5a9e8->598fdd25-f3b3-418d-bbd3-bcbfa35279b9#93-t2, previous=(t:2, i:19), leaderCommit=15, initializing? false, entries: <empty>
2019-09-10 13:19:50,236 [java.util.concurrent.ThreadPoolExecutor$Worker@2bd31529[State = -1, empty queue]] WARN  server.GrpcLogAppender (GrpcLogAppender.java:timeoutAppendRequest(200)) - 77c590a9-0e60-42d8-bbf8-e31004d5a9e8@group-5DD09A43E0EE->05e9b83b-b6ec-4168-9e18-fac302cf5421-GrpcLogAppender: appendEntries Timeout, request=77c590a9-0e60-42d8-bbf8-e31004d5a9e8->05e9b83b-b6ec-4168-9e18-fac302cf5421#93-t2, previous=(t:2, i:19), leaderCommit=15, initializing? false, entries: <empty>
2019-09-10 13:19:50,242 [java.util.concurrent.ThreadPoolExecutor$Worker@4ae31852[State = -1, empty queue]] WARN  server.GrpcLogAppender (GrpcLogAppender.java:timeoutAppendRequest(200)) - 0f4aa411-f22d-408f-a3ae-026c0e4d845c@group-447053F58748->82b87940-075a-4240-9714-83f9b1f11359-GrpcLogAppender: appendEntries Timeout, request=0f4aa411-f22d-408f-a3ae-026c0e4d845c->82b87940-075a-4240-9714-83f9b1f11359#94-t2, previous=(t:2, i:20), leaderCommit=16, initializing? false, entries: <empty>
2019-09-10 13:19:50,281 [grpc-default-executor-4] WARN  server.GrpcLogAppender (LogUtils.java:warn(134)) - 0f4aa411-f22d-408f-a3ae-026c0e4d845c@group-447053F58748->e5557321-17be-433a-8d96-d7d186384118-AppendLogResponseHandler: Failed appendEntries: org.apache.ratis.thirdparty.io.grpc.StatusRuntimeException: UNAVAILABLE: io exception
2019-09-10 13:19:50,281 [grpc-default-executor-4] INFO  impl.FollowerInfo (FollowerInfo.java:lambda$new$0(51)) - 0f4aa411-f22d-408f-a3ae-026c0e4d845c@group-447053F58748->e5557321-17be-433a-8d96-d7d186384118: nextIndex: updateUnconditionally 0 -> 0
2019-09-10 13:19:50,375 [grpc-default-executor-4] INFO  client.GrpcClientProtocolClient (GrpcClientProtocolClient.java:onNext(264)) - client-7BF1329EB290->598fdd25-f3b3-418d-bbd3-bcbfa35279b9: receive RaftClientReply:client-7BF1329EB290->598fdd25-f3b3-418d-bbd3-bcbfa35279b9@group-5DD09A43E0EE, cid=51, FAILED org.apache.ratis.protocol.NotLeaderException: Server 598fdd25-f3b3-418d-bbd3-bcbfa35279b9@group-5DD09A43E0EE is not the leader 77c590a9-0e60-42d8-bbf8-e31004d5a9e8:192.168.34.50:41260, logIndex=0, commits[598fdd25-f3b3-418d-bbd3-bcbfa35279b9:c15, 77c590a9-0e60-42d8-bbf8-e31004d5a9e8:c15, 05e9b83b-b6ec-4168-9e18-fac302cf5421:c12]
2019-09-10 13:19:50,736 [java.util.concurrent.ThreadPoolExecutor$Worker@2bd31529[State = -1, empty queue]] WARN  server.GrpcLogAppender (GrpcLogAppender.java:timeoutAppendRequest(200)) - 77c590a9-0e60-42d8-bbf8-e31004d5a9e8@group-5DD09A43E0EE->05e9b83b-b6ec-4168-9e18-fac302cf5421-GrpcLogAppender: appendEntries Timeout, request=77c590a9-0e60-42d8-bbf8-e31004d5a9e8->05e9b83b-b6ec-4168-9e18-fac302cf5421#94-t2, previous=(t:2, i:19), leaderCommit=15, initializing? false, entries: <empty>
2019-09-10 13:19:50,736 [java.util.concurrent.ThreadPoolExecutor$Worker@6cb6bbf9[State = -1, empty queue]] WARN  server.GrpcLogAppender (GrpcLogAppender.java:timeoutAppendRequest(200)) - 77c590a9-0e60-42d8-bbf8-e31004d5a9e8@group-5DD09A43E0EE->598fdd25-f3b3-418d-bbd3-bcbfa35279b9-GrpcLogAppender: appendEntries Timeout, request=77c590a9-0e60-42d8-bbf8-e31004d5a9e8->598fdd25-f3b3-418d-bbd3-bcbfa35279b9#94-t2, previous=(t:2, i:19), leaderCommit=15, initializing? false, entries: <empty>
2019-09-10 13:19:50,742 [java.util.concurrent.ThreadPoolExecutor$Worker@4ae31852[State = -1, empty queue]] WARN  server.GrpcLogAppender (GrpcLogAppender.java:timeoutAppendRequest(200)) - 0f4aa411-f22d-408f-a3ae-026c0e4d845c@group-447053F58748->82b87940-075a-4240-9714-83f9b1f11359-GrpcLogAppender: appendEntries Timeout, request=0f4aa411-f22d-408f-a3ae-026c0e4d845c->82b87940-075a-4240-9714-83f9b1f11359#95-t2, previous=(t:2, i:20), leaderCommit=16, initializing? false, entries: <empty>
2019-09-10 13:19:50,781 [grpc-default-executor-2] WARN  server.GrpcLogAppender (LogUtils.java:warn(134)) - 0f4aa411-f22d-408f-a3ae-026c0e4d845c@group-447053F58748->e5557321-17be-433a-8d96-d7d186384118-AppendLogResponseHandler: Failed appendEntries: org.apache.ratis.thirdparty.io.grpc.StatusRuntimeException: UNAVAILABLE: io exception
2019-09-10 13:19:50,782 [grpc-default-executor-2] INFO  impl.FollowerInfo (FollowerInfo.java:lambda$new$0(51)) - 0f4aa411-f22d-408f-a3ae-026c0e4d845c@group-447053F58748->e5557321-17be-433a-8d96-d7d186384118: nextIndex: updateUnconditionally 0 -> 0
2019-09-10 13:19:51,139 [0f4aa411-f22d-408f-a3ae-026c0e4d845c@group-447053F58748-SegmentedRaftLogWorker] WARN  segmented.SegmentedRaftLogWorker (SegmentedRaftLogWorker.java:getFromFuture(90)) - Timeout 3/~
org.apache.ratis.protocol.TimeoutIOException: Timeout 10s: WriteLog:19: (t:2, i:19), STATEMACHINELOGENTRY, client-7A030D982070, cid=39-writeStateMachineData
	at org.apache.ratis.util.IOUtils.getFromFuture(IOUtils.java:87)
	at org.apache.ratis.server.raftlog.segmented.SegmentedRaftLogWorker$StateMachineDataPolicy.getFromFuture(SegmentedRaftLogWorker.java:87)
	at org.apache.ratis.server.raftlog.segmented.SegmentedRaftLogWorker$WriteLog.execute(SegmentedRaftLogWorker.java:477)
	at org.apache.ratis.server.raftlog.segmented.SegmentedRaftLogWorker.run(SegmentedRaftLogWorker.java:289)
	at java.lang.Thread.run(Thread.java:748)
Caused by: java.util.concurrent.TimeoutException
	at java.util.concurrent.CompletableFuture.timedGet(CompletableFuture.java:1771)
	at java.util.concurrent.CompletableFuture.get(CompletableFuture.java:1915)
	at org.apache.ratis.util.IOUtils.getFromFuture(IOUtils.java:79)
	... 4 more
2019-09-10 13:19:51,155 [82b87940-075a-4240-9714-83f9b1f11359@group-447053F58748-SegmentedRaftLogWorker] WARN  segmented.SegmentedRaftLogWorker (SegmentedRaftLogWorker.java:getFromFuture(90)) - Timeout 3/~
org.apache.ratis.protocol.TimeoutIOException: Timeout 10s: WriteLog:19: (t:2, i:19), STATEMACHINELOGENTRY, client-7A030D982070, cid=39-writeStateMachineData
	at org.apache.ratis.util.IOUtils.getFromFuture(IOUtils.java:87)
	at org.apache.ratis.server.raftlog.segmented.SegmentedRaftLogWorker$StateMachineDataPolicy.getFromFuture(SegmentedRaftLogWorker.java:87)
	at org.apache.ratis.server.raftlog.segmented.SegmentedRaftLogWorker$WriteLog.execute(SegmentedRaftLogWorker.java:477)
	at org.apache.ratis.server.raftlog.segmented.SegmentedRaftLogWorker.run(SegmentedRaftLogWorker.java:289)
	at java.lang.Thread.run(Thread.java:748)
Caused by: java.util.concurrent.TimeoutException
	at java.util.concurrent.CompletableFuture.timedGet(CompletableFuture.java:1771)
	at java.util.concurrent.CompletableFuture.get(CompletableFuture.java:1915)
	at org.apache.ratis.util.IOUtils.getFromFuture(IOUtils.java:79)
	... 4 more
2019-09-10 13:19:51,237 [java.util.concurrent.ThreadPoolExecutor$Worker@2bd31529[State = -1, empty queue]] WARN  server.GrpcLogAppender (GrpcLogAppender.java:timeoutAppendRequest(200)) - 77c590a9-0e60-42d8-bbf8-e31004d5a9e8@group-5DD09A43E0EE->05e9b83b-b6ec-4168-9e18-fac302cf5421-GrpcLogAppender: appendEntries Timeout, request=77c590a9-0e60-42d8-bbf8-e31004d5a9e8->05e9b83b-b6ec-4168-9e18-fac302cf5421#95-t2, previous=(t:2, i:19), leaderCommit=15, initializing? false, entries: <empty>
2019-09-10 13:19:51,237 [java.util.concurrent.ThreadPoolExecutor$Worker@6cb6bbf9[State = -1, empty queue]] WARN  server.GrpcLogAppender (GrpcLogAppender.java:timeoutAppendRequest(200)) - 77c590a9-0e60-42d8-bbf8-e31004d5a9e8@group-5DD09A43E0EE->598fdd25-f3b3-418d-bbd3-bcbfa35279b9-GrpcLogAppender: appendEntries Timeout, request=77c590a9-0e60-42d8-bbf8-e31004d5a9e8->598fdd25-f3b3-418d-bbd3-bcbfa35279b9#95-t2, previous=(t:2, i:19), leaderCommit=15, initializing? false, entries: <empty>
2019-09-10 13:19:51,242 [java.util.concurrent.ThreadPoolExecutor$Worker@4ae31852[State = -1, empty queue]] WARN  server.GrpcLogAppender (GrpcLogAppender.java:timeoutAppendRequest(200)) - 0f4aa411-f22d-408f-a3ae-026c0e4d845c@group-447053F58748->82b87940-075a-4240-9714-83f9b1f11359-GrpcLogAppender: appendEntries Timeout, request=0f4aa411-f22d-408f-a3ae-026c0e4d845c->82b87940-075a-4240-9714-83f9b1f11359#96-t2, previous=(t:2, i:20), leaderCommit=16, initializing? false, entries: <empty>
2019-09-10 13:19:51,283 [grpc-default-executor-2] WARN  server.GrpcLogAppender (LogUtils.java:warn(134)) - 0f4aa411-f22d-408f-a3ae-026c0e4d845c@group-447053F58748->e5557321-17be-433a-8d96-d7d186384118-AppendLogResponseHandler: Failed appendEntries: org.apache.ratis.thirdparty.io.grpc.StatusRuntimeException: UNAVAILABLE: io exception
2019-09-10 13:19:51,284 [grpc-default-executor-2] INFO  impl.FollowerInfo (FollowerInfo.java:lambda$new$0(51)) - 0f4aa411-f22d-408f-a3ae-026c0e4d845c@group-447053F58748->e5557321-17be-433a-8d96-d7d186384118: nextIndex: updateUnconditionally 0 -> 0
2019-09-10 13:19:51,737 [java.util.concurrent.ThreadPoolExecutor$Worker@2bd31529[State = -1, empty queue]] WARN  server.GrpcLogAppender (GrpcLogAppender.java:timeoutAppendRequest(200)) - 77c590a9-0e60-42d8-bbf8-e31004d5a9e8@group-5DD09A43E0EE->05e9b83b-b6ec-4168-9e18-fac302cf5421-GrpcLogAppender: appendEntries Timeout, request=77c590a9-0e60-42d8-bbf8-e31004d5a9e8->05e9b83b-b6ec-4168-9e18-fac302cf5421#96-t2, previous=(t:2, i:19), leaderCommit=15, initializing? false, entries: <empty>
2019-09-10 13:19:51,738 [java.util.concurrent.ThreadPoolExecutor$Worker@6cb6bbf9[State = -1, empty queue]] WARN  server.GrpcLogAppender (GrpcLogAppender.java:timeoutAppendRequest(200)) - 77c590a9-0e60-42d8-bbf8-e31004d5a9e8@group-5DD09A43E0EE->598fdd25-f3b3-418d-bbd3-bcbfa35279b9-GrpcLogAppender: appendEntries Timeout, request=77c590a9-0e60-42d8-bbf8-e31004d5a9e8->598fdd25-f3b3-418d-bbd3-bcbfa35279b9#96-t2, previous=(t:2, i:19), leaderCommit=15, initializing? false, entries: <empty>
2019-09-10 13:19:51,747 [java.util.concurrent.ThreadPoolExecutor$Worker@4ae31852[State = -1, empty queue]] WARN  server.GrpcLogAppender (GrpcLogAppender.java:timeoutAppendRequest(200)) - 0f4aa411-f22d-408f-a3ae-026c0e4d845c@group-447053F58748->82b87940-075a-4240-9714-83f9b1f11359-GrpcLogAppender: appendEntries Timeout, request=0f4aa411-f22d-408f-a3ae-026c0e4d845c->82b87940-075a-4240-9714-83f9b1f11359#97-t2, previous=(t:2, i:20), leaderCommit=16, initializing? false, entries: <empty>
2019-09-10 13:19:51,784 [grpc-default-executor-0] WARN  server.GrpcLogAppender (LogUtils.java:warn(134)) - 0f4aa411-f22d-408f-a3ae-026c0e4d845c@group-447053F58748->e5557321-17be-433a-8d96-d7d186384118-AppendLogResponseHandler: Failed appendEntries: org.apache.ratis.thirdparty.io.grpc.StatusRuntimeException: UNAVAILABLE: io exception
2019-09-10 13:19:51,784 [grpc-default-executor-0] INFO  impl.FollowerInfo (FollowerInfo.java:lambda$new$0(51)) - 0f4aa411-f22d-408f-a3ae-026c0e4d845c@group-447053F58748->e5557321-17be-433a-8d96-d7d186384118: nextIndex: updateUnconditionally 0 -> 0
2019-09-10 13:19:52,238 [java.util.concurrent.ThreadPoolExecutor$Worker@2bd31529[State = -1, empty queue]] WARN  server.GrpcLogAppender (GrpcLogAppender.java:timeoutAppendRequest(200)) - 77c590a9-0e60-42d8-bbf8-e31004d5a9e8@group-5DD09A43E0EE->05e9b83b-b6ec-4168-9e18-fac302cf5421-GrpcLogAppender: appendEntries Timeout, request=77c590a9-0e60-42d8-bbf8-e31004d5a9e8->05e9b83b-b6ec-4168-9e18-fac302cf5421#97-t2, previous=(t:2, i:19), leaderCommit=15, initializing? false, entries: <empty>
2019-09-10 13:19:52,238 [java.util.concurrent.ThreadPoolExecutor$Worker@6cb6bbf9[State = -1, empty queue]] WARN  server.GrpcLogAppender (GrpcLogAppender.java:timeoutAppendRequest(200)) - 77c590a9-0e60-42d8-bbf8-e31004d5a9e8@group-5DD09A43E0EE->598fdd25-f3b3-418d-bbd3-bcbfa35279b9-GrpcLogAppender: appendEntries Timeout, request=77c590a9-0e60-42d8-bbf8-e31004d5a9e8->598fdd25-f3b3-418d-bbd3-bcbfa35279b9#97-t2, previous=(t:2, i:19), leaderCommit=15, initializing? false, entries: <empty>
2019-09-10 13:19:52,243 [java.util.concurrent.ThreadPoolExecutor$Worker@4ae31852[State = -1, empty queue]] WARN  server.GrpcLogAppender (GrpcLogAppender.java:timeoutAppendRequest(200)) - 0f4aa411-f22d-408f-a3ae-026c0e4d845c@group-447053F58748->82b87940-075a-4240-9714-83f9b1f11359-GrpcLogAppender: appendEntries Timeout, request=0f4aa411-f22d-408f-a3ae-026c0e4d845c->82b87940-075a-4240-9714-83f9b1f11359#98-t2, previous=(t:2, i:20), leaderCommit=16, initializing? false, entries: <empty>
2019-09-10 13:19:52,285 [grpc-default-executor-0] WARN  server.GrpcLogAppender (LogUtils.java:warn(134)) - 0f4aa411-f22d-408f-a3ae-026c0e4d845c@group-447053F58748->e5557321-17be-433a-8d96-d7d186384118-AppendLogResponseHandler: Failed appendEntries: org.apache.ratis.thirdparty.io.grpc.StatusRuntimeException: UNAVAILABLE: io exception
2019-09-10 13:19:52,286 [grpc-default-executor-0] INFO  impl.FollowerInfo (FollowerInfo.java:lambda$new$0(51)) - 0f4aa411-f22d-408f-a3ae-026c0e4d845c@group-447053F58748->e5557321-17be-433a-8d96-d7d186384118: nextIndex: updateUnconditionally 0 -> 0
2019-09-10 13:19:52,739 [java.util.concurrent.ThreadPoolExecutor$Worker@2bd31529[State = -1, empty queue]] WARN  server.GrpcLogAppender (GrpcLogAppender.java:timeoutAppendRequest(200)) - 77c590a9-0e60-42d8-bbf8-e31004d5a9e8@group-5DD09A43E0EE->05e9b83b-b6ec-4168-9e18-fac302cf5421-GrpcLogAppender: appendEntries Timeout, request=77c590a9-0e60-42d8-bbf8-e31004d5a9e8->05e9b83b-b6ec-4168-9e18-fac302cf5421#98-t2, previous=(t:2, i:19), leaderCommit=15, initializing? false, entries: <empty>
2019-09-10 13:19:52,739 [java.util.concurrent.ThreadPoolExecutor$Worker@6cb6bbf9[State = -1, empty queue]] WARN  server.GrpcLogAppender (GrpcLogAppender.java:timeoutAppendRequest(200)) - 77c590a9-0e60-42d8-bbf8-e31004d5a9e8@group-5DD09A43E0EE->598fdd25-f3b3-418d-bbd3-bcbfa35279b9-GrpcLogAppender: appendEntries Timeout, request=77c590a9-0e60-42d8-bbf8-e31004d5a9e8->598fdd25-f3b3-418d-bbd3-bcbfa35279b9#98-t2, previous=(t:2, i:19), leaderCommit=15, initializing? false, entries: <empty>
2019-09-10 13:19:52,743 [java.util.concurrent.ThreadPoolExecutor$Worker@4ae31852[State = -1, empty queue]] WARN  server.GrpcLogAppender (GrpcLogAppender.java:timeoutAppendRequest(200)) - 0f4aa411-f22d-408f-a3ae-026c0e4d845c@group-447053F58748->82b87940-075a-4240-9714-83f9b1f11359-GrpcLogAppender: appendEntries Timeout, request=0f4aa411-f22d-408f-a3ae-026c0e4d845c->82b87940-075a-4240-9714-83f9b1f11359#99-t2, previous=(t:2, i:20), leaderCommit=16, initializing? false, entries: <empty>
2019-09-10 13:19:52,786 [grpc-default-executor-2] WARN  server.GrpcLogAppender (LogUtils.java:warn(134)) - 0f4aa411-f22d-408f-a3ae-026c0e4d845c@group-447053F58748->e5557321-17be-433a-8d96-d7d186384118-AppendLogResponseHandler: Failed appendEntries: org.apache.ratis.thirdparty.io.grpc.StatusRuntimeException: UNAVAILABLE: io exception
2019-09-10 13:19:52,787 [grpc-default-executor-2] INFO  impl.FollowerInfo (FollowerInfo.java:lambda$new$0(51)) - 0f4aa411-f22d-408f-a3ae-026c0e4d845c@group-447053F58748->e5557321-17be-433a-8d96-d7d186384118: nextIndex: updateUnconditionally 0 -> 0
2019-09-10 13:19:53,239 [java.util.concurrent.ThreadPoolExecutor$Worker@2bd31529[State = -1, empty queue]] WARN  server.GrpcLogAppender (GrpcLogAppender.java:timeoutAppendRequest(200)) - 77c590a9-0e60-42d8-bbf8-e31004d5a9e8@group-5DD09A43E0EE->05e9b83b-b6ec-4168-9e18-fac302cf5421-GrpcLogAppender: appendEntries Timeout, request=77c590a9-0e60-42d8-bbf8-e31004d5a9e8->05e9b83b-b6ec-4168-9e18-fac302cf5421#99-t2, previous=(t:2, i:19), leaderCommit=15, initializing? false, entries: <empty>
2019-09-10 13:19:53,240 [java.util.concurrent.ThreadPoolExecutor$Worker@6cb6bbf9[State = -1, empty queue]] WARN  server.GrpcLogAppender (GrpcLogAppender.java:timeoutAppendRequest(200)) - 77c590a9-0e60-42d8-bbf8-e31004d5a9e8@group-5DD09A43E0EE->598fdd25-f3b3-418d-bbd3-bcbfa35279b9-GrpcLogAppender: appendEntries Timeout, request=77c590a9-0e60-42d8-bbf8-e31004d5a9e8->598fdd25-f3b3-418d-bbd3-bcbfa35279b9#99-t2, previous=(t:2, i:19), leaderCommit=15, initializing? false, entries: <empty>
2019-09-10 13:19:53,243 [java.util.concurrent.ThreadPoolExecutor$Worker@4ae31852[State = -1, empty queue]] WARN  server.GrpcLogAppender (GrpcLogAppender.java:timeoutAppendRequest(200)) - 0f4aa411-f22d-408f-a3ae-026c0e4d845c@group-447053F58748->82b87940-075a-4240-9714-83f9b1f11359-GrpcLogAppender: appendEntries Timeout, request=0f4aa411-f22d-408f-a3ae-026c0e4d845c->82b87940-075a-4240-9714-83f9b1f11359#100-t2, previous=(t:2, i:20), leaderCommit=16, initializing? false, entries: <empty>
2019-09-10 13:19:53,287 [grpc-default-executor-4] WARN  server.GrpcLogAppender (LogUtils.java:warn(134)) - 0f4aa411-f22d-408f-a3ae-026c0e4d845c@group-447053F58748->e5557321-17be-433a-8d96-d7d186384118-AppendLogResponseHandler: Failed appendEntries: org.apache.ratis.thirdparty.io.grpc.StatusRuntimeException: UNAVAILABLE: io exception
2019-09-10 13:19:53,288 [grpc-default-executor-4] INFO  impl.FollowerInfo (FollowerInfo.java:lambda$new$0(51)) - 0f4aa411-f22d-408f-a3ae-026c0e4d845c@group-447053F58748->e5557321-17be-433a-8d96-d7d186384118: nextIndex: updateUnconditionally 0 -> 0
2019-09-10 13:19:53,404 [main] WARN  io.KeyOutputStream (KeyOutputStream.java:handleException(276)) - Encountered exception java.io.IOException: Unexpected Storage Container Exception: java.util.concurrent.CompletionException: java.util.concurrent.CompletionException: org.apache.ratis.protocol.RaftRetryFailureException: Failed RaftClientRequest:client-7BF1329EB290->77c590a9-0e60-42d8-bbf8-e31004d5a9e8@group-5DD09A43E0EE, cid=51, seq=9*, RW, org.apache.hadoop.hdds.scm.XceiverClientRatis$$Lambda$435/787298292@26d5924f for 10 attempts with RetryLimited(maxAttempts=10, sleepTime=1000ms) on the pipeline Pipeline[ Id: a1875e11-a122-4470-9655-5dd09a43e0ee, Nodes: 77c590a9-0e60-42d8-bbf8-e31004d5a9e8{ip: 192.168.34.50, host: pr-hdds-1879-pp2l2-2511026898, networkLocation: /default-rack, certSerialId: null}598fdd25-f3b3-418d-bbd3-bcbfa35279b9{ip: 192.168.34.50, host: pr-hdds-1879-pp2l2-2511026898, networkLocation: /default-rack, certSerialId: null}05e9b83b-b6ec-4168-9e18-fac302cf5421{ip: 192.168.34.50, host: pr-hdds-1879-pp2l2-2511026898, networkLocation: /default-rack, certSerialId: null}, Type:RATIS, Factor:THREE, State:OPEN]. The last committed block length is 0, uncommitted data length is 2097152 retry count 0
2019-09-10 13:19:53,505 [grpc-default-executor-0] INFO  client.GrpcClientProtocolClient (GrpcClientProtocolClient.java:onNext(264)) - client-7AEE289B780F->fa25b701-8575-4c87-a8ca-f6672565109a: receive RaftClientReply:client-7AEE289B780F->fa25b701-8575-4c87-a8ca-f6672565109a@group-DD7833F53F4E, cid=55, FAILED org.apache.ratis.protocol.NotLeaderException: Server fa25b701-8575-4c87-a8ca-f6672565109a@group-DD7833F53F4E is not the leader af983c11-9397-41ec-9bfb-0705919241eb:192.168.34.50:34977, logIndex=0, commits[fa25b701-8575-4c87-a8ca-f6672565109a:c15, af983c11-9397-41ec-9bfb-0705919241eb:c15, c9bddf00-2197-4e52-a76a-1743bb04b5e3:c15]
2019-09-10 13:19:53,730 [grpc-default-executor-4] INFO  client.GrpcClientProtocolClient (GrpcClientProtocolClient.java:onNext(264)) - client-7AEE289B780F->af983c11-9397-41ec-9bfb-0705919241eb: receive RaftClientReply:client-7AEE289B780F->af983c11-9397-41ec-9bfb-0705919241eb@group-DD7833F53F4E, cid=55, SUCCESS, logIndex=16, commits[af983c11-9397-41ec-9bfb-0705919241eb:c16, fa25b701-8575-4c87-a8ca-f6672565109a:c15, c9bddf00-2197-4e52-a76a-1743bb04b5e3:c15]
2019-09-10 13:19:53,743 [java.util.concurrent.ThreadPoolExecutor$Worker@2bd31529[State = -1, empty queue]] WARN  server.GrpcLogAppender (GrpcLogAppender.java:timeoutAppendRequest(200)) - 77c590a9-0e60-42d8-bbf8-e31004d5a9e8@group-5DD09A43E0EE->05e9b83b-b6ec-4168-9e18-fac302cf5421-GrpcLogAppender: appendEntries Timeout, request=77c590a9-0e60-42d8-bbf8-e31004d5a9e8->05e9b83b-b6ec-4168-9e18-fac302cf5421#100-t2, previous=(t:2, i:19), leaderCommit=15, initializing? false, entries: <empty>
2019-09-10 13:19:53,745 [java.util.concurrent.ThreadPoolExecutor$Worker@4ae31852[State = -1, empty queue]] WARN  server.GrpcLogAppender (GrpcLogAppender.java:timeoutAppendRequest(200)) - 0f4aa411-f22d-408f-a3ae-026c0e4d845c@group-447053F58748->82b87940-075a-4240-9714-83f9b1f11359-GrpcLogAppender: appendEntries Timeout, request=0f4aa411-f22d-408f-a3ae-026c0e4d845c->82b87940-075a-4240-9714-83f9b1f11359#101-t2, previous=(t:2, i:20), leaderCommit=16, initializing? false, entries: <empty>
2019-09-10 13:19:53,743 [java.util.concurrent.ThreadPoolExecutor$Worker@6cb6bbf9[State = -1, empty queue]] WARN  server.GrpcLogAppender (GrpcLogAppender.java:timeoutAppendRequest(200)) - 77c590a9-0e60-42d8-bbf8-e31004d5a9e8@group-5DD09A43E0EE->598fdd25-f3b3-418d-bbd3-bcbfa35279b9-GrpcLogAppender: appendEntries Timeout, request=77c590a9-0e60-42d8-bbf8-e31004d5a9e8->598fdd25-f3b3-418d-bbd3-bcbfa35279b9#100-t2, previous=(t:2, i:19), leaderCommit=15, initializing? false, entries: <empty>
2019-09-10 13:19:53,787 [grpc-default-executor-2] WARN  server.GrpcLogAppender (LogUtils.java:warn(134)) - 0f4aa411-f22d-408f-a3ae-026c0e4d845c@group-447053F58748->e5557321-17be-433a-8d96-d7d186384118-AppendLogResponseHandler: Failed appendEntries: org.apache.ratis.thirdparty.io.grpc.StatusRuntimeException: UNAVAILABLE: io exception
2019-09-10 13:19:53,787 [grpc-default-executor-2] INFO  impl.FollowerInfo (FollowerInfo.java:lambda$new$0(51)) - 0f4aa411-f22d-408f-a3ae-026c0e4d845c@group-447053F58748->e5557321-17be-433a-8d96-d7d186384118: nextIndex: updateUnconditionally 0 -> 0
2019-09-10 13:19:53,916 [grpc-default-executor-2] INFO  client.GrpcClientProtocolClient (GrpcClientProtocolClient.java:onNext(264)) - client-7AEE289B780F->af983c11-9397-41ec-9bfb-0705919241eb: receive RaftClientReply:client-7AEE289B780F->af983c11-9397-41ec-9bfb-0705919241eb@group-DD7833F53F4E, cid=56, SUCCESS, logIndex=18, commits[af983c11-9397-41ec-9bfb-0705919241eb:c23, fa25b701-8575-4c87-a8ca-f6672565109a:c20, c9bddf00-2197-4e52-a76a-1743bb04b5e3:c20]
2019-09-10 13:19:53,917 [grpc-default-executor-2] INFO  client.GrpcClientProtocolClient (GrpcClientProtocolClient.java:onNext(264)) - client-7AEE289B780F->af983c11-9397-41ec-9bfb-0705919241eb: receive RaftClientReply:client-7AEE289B780F->af983c11-9397-41ec-9bfb-0705919241eb@group-DD7833F53F4E, cid=57, SUCCESS, logIndex=19, commits[af983c11-9397-41ec-9bfb-0705919241eb:c23, fa25b701-8575-4c87-a8ca-f6672565109a:c20, c9bddf00-2197-4e52-a76a-1743bb04b5e3:c20]
2019-09-10 13:19:54,008 [grpc-default-executor-2] INFO  client.GrpcClientProtocolClient (GrpcClientProtocolClient.java:onNext(264)) - client-7AEE289B780F->af983c11-9397-41ec-9bfb-0705919241eb: receive RaftClientReply:client-7AEE289B780F->af983c11-9397-41ec-9bfb-0705919241eb@group-DD7833F53F4E, cid=58, SUCCESS, logIndex=20, commits[af983c11-9397-41ec-9bfb-0705919241eb:c23, fa25b701-8575-4c87-a8ca-f6672565109a:c20, c9bddf00-2197-4e52-a76a-1743bb04b5e3:c20]
2019-09-10 13:19:54,027 [grpc-default-executor-0] INFO  client.GrpcClientProtocolClient (GrpcClientProtocolClient.java:onNext(264)) - client-7AEE289B780F->af983c11-9397-41ec-9bfb-0705919241eb: receive RaftClientReply:client-7AEE289B780F->af983c11-9397-41ec-9bfb-0705919241eb@group-DD7833F53F4E, cid=59, SUCCESS, logIndex=24, commits[af983c11-9397-41ec-9bfb-0705919241eb:c25, fa25b701-8575-4c87-a8ca-f6672565109a:c20, c9bddf00-2197-4e52-a76a-1743bb04b5e3:c23]
2019-09-10 13:19:54,028 [grpc-default-executor-0] INFO  client.GrpcClientProtocolClient (GrpcClientProtocolClient.java:onNext(264)) - client-7AEE289B780F->af983c11-9397-41ec-9bfb-0705919241eb: receive RaftClientReply:client-7AEE289B780F->af983c11-9397-41ec-9bfb-0705919241eb@group-DD7833F53F4E, cid=60, SUCCESS, logIndex=25, commits[af983c11-9397-41ec-9bfb-0705919241eb:c25, fa25b701-8575-4c87-a8ca-f6672565109a:c23, c9bddf00-2197-4e52-a76a-1743bb04b5e3:c23]
2019-09-10 13:19:54,156 [Datanode State Machine Thread - 0] INFO  statemachine.DatanodeStateMachine (DatanodeStateMachine.java:lambda$startDaemon$0(350)) - Ozone container server started.
2019-09-10 13:19:54,243 [java.util.concurrent.ThreadPoolExecutor$Worker@6cb6bbf9[State = -1, empty queue]] WARN  server.GrpcLogAppender (GrpcLogAppender.java:timeoutAppendRequest(200)) - 77c590a9-0e60-42d8-bbf8-e31004d5a9e8@group-5DD09A43E0EE->598fdd25-f3b3-418d-bbd3-bcbfa35279b9-GrpcLogAppender: appendEntries Timeout, request=77c590a9-0e60-42d8-bbf8-e31004d5a9e8->598fdd25-f3b3-418d-bbd3-bcbfa35279b9#101-t2, previous=(t:2, i:19), leaderCommit=15, initializing? false, entries: <empty>
2019-09-10 13:19:54,243 [java.util.concurrent.ThreadPoolExecutor$Worker@2bd31529[State = -1, empty queue]] WARN  server.GrpcLogAppender (GrpcLogAppender.java:timeoutAppendRequest(200)) - 77c590a9-0e60-42d8-bbf8-e31004d5a9e8@group-5DD09A43E0EE->05e9b83b-b6ec-4168-9e18-fac302cf5421-GrpcLogAppender: appendEntries Timeout, request=77c590a9-0e60-42d8-bbf8-e31004d5a9e8->05e9b83b-b6ec-4168-9e18-fac302cf5421#101-t2, previous=(t:2, i:19), leaderCommit=15, initializing? false, entries: <empty>
2019-09-10 13:19:54,244 [java.util.concurrent.ThreadPoolExecutor$Worker@4ae31852[State = -1, empty queue]] WARN  server.GrpcLogAppender (GrpcLogAppender.java:timeoutAppendRequest(200)) - 0f4aa411-f22d-408f-a3ae-026c0e4d845c@group-447053F58748->82b87940-075a-4240-9714-83f9b1f11359-GrpcLogAppender: appendEntries Timeout, request=0f4aa411-f22d-408f-a3ae-026c0e4d845c->82b87940-075a-4240-9714-83f9b1f11359#102-t2, previous=(t:2, i:20), leaderCommit=16, initializing? false, entries: <empty>
2019-09-10 13:19:54,288 [grpc-default-executor-2] WARN  server.GrpcLogAppender (LogUtils.java:warn(134)) - 0f4aa411-f22d-408f-a3ae-026c0e4d845c@group-447053F58748->e5557321-17be-433a-8d96-d7d186384118-AppendLogResponseHandler: Failed appendEntries: org.apache.ratis.thirdparty.io.grpc.StatusRuntimeException: UNAVAILABLE: io exception
2019-09-10 13:19:54,289 [grpc-default-executor-2] INFO  impl.FollowerInfo (FollowerInfo.java:lambda$new$0(51)) - 0f4aa411-f22d-408f-a3ae-026c0e4d845c@group-447053F58748->e5557321-17be-433a-8d96-d7d186384118: nextIndex: updateUnconditionally 0 -> 0
2019-09-10 13:19:54,747 [java.util.concurrent.ThreadPoolExecutor$Worker@6cb6bbf9[State = -1, empty queue]] WARN  server.GrpcLogAppender (GrpcLogAppender.java:timeoutAppendRequest(200)) - 77c590a9-0e60-42d8-bbf8-e31004d5a9e8@group-5DD09A43E0EE->598fdd25-f3b3-418d-bbd3-bcbfa35279b9-GrpcLogAppender: appendEntries Timeout, request=77c590a9-0e60-42d8-bbf8-e31004d5a9e8->598fdd25-f3b3-418d-bbd3-bcbfa35279b9#102-t2, previous=(t:2, i:19), leaderCommit=15, initializing? false, entries: <empty>
2019-09-10 13:19:54,747 [java.util.concurrent.ThreadPoolExecutor$Worker@2bd31529[State = -1, empty queue]] WARN  server.GrpcLogAppender (GrpcLogAppender.java:timeoutAppendRequest(200)) - 77c590a9-0e60-42d8-bbf8-e31004d5a9e8@group-5DD09A43E0EE->05e9b83b-b6ec-4168-9e18-fac302cf5421-GrpcLogAppender: appendEntries Timeout, request=77c590a9-0e60-42d8-bbf8-e31004d5a9e8->05e9b83b-b6ec-4168-9e18-fac302cf5421#102-t2, previous=(t:2, i:19), leaderCommit=15, initializing? false, entries: <empty>
2019-09-10 13:19:54,747 [java.util.concurrent.ThreadPoolExecutor$Worker@4ae31852[State = -1, empty queue]] WARN  server.GrpcLogAppender (GrpcLogAppender.java:timeoutAppendRequest(200)) - 0f4aa411-f22d-408f-a3ae-026c0e4d845c@group-447053F58748->82b87940-075a-4240-9714-83f9b1f11359-GrpcLogAppender: appendEntries Timeout, request=0f4aa411-f22d-408f-a3ae-026c0e4d845c->82b87940-075a-4240-9714-83f9b1f11359#103-t2, previous=(t:2, i:20), leaderCommit=16, initializing? false, entries: <empty>
2019-09-10 13:19:54,809 [grpc-default-executor-2] WARN  server.GrpcLogAppender (LogUtils.java:warn(134)) - 0f4aa411-f22d-408f-a3ae-026c0e4d845c@group-447053F58748->e5557321-17be-433a-8d96-d7d186384118-AppendLogResponseHandler: Failed appendEntries: org.apache.ratis.thirdparty.io.grpc.StatusRuntimeException: UNAVAILABLE: io exception
2019-09-10 13:19:54,810 [grpc-default-executor-2] INFO  impl.FollowerInfo (FollowerInfo.java:lambda$new$0(51)) - 0f4aa411-f22d-408f-a3ae-026c0e4d845c@group-447053F58748->e5557321-17be-433a-8d96-d7d186384118: nextIndex: updateUnconditionally 0 -> 0
2019-09-10 13:19:55,212 [598fdd25-f3b3-418d-bbd3-bcbfa35279b9@group-5DD09A43E0EE-SegmentedRaftLogWorker] WARN  segmented.SegmentedRaftLogWorker (SegmentedRaftLogWorker.java:getFromFuture(90)) - Timeout 1/~
org.apache.ratis.protocol.TimeoutIOException: Timeout 10s: WriteLog:16: (t:2, i:16), STATEMACHINELOGENTRY, client-7BF1329EB290, cid=51-writeStateMachineData
	at org.apache.ratis.util.IOUtils.getFromFuture(IOUtils.java:87)
	at org.apache.ratis.server.raftlog.segmented.SegmentedRaftLogWorker$StateMachineDataPolicy.getFromFuture(SegmentedRaftLogWorker.java:87)
	at org.apache.ratis.server.raftlog.segmented.SegmentedRaftLogWorker$WriteLog.execute(SegmentedRaftLogWorker.java:477)
	at org.apache.ratis.server.raftlog.segmented.SegmentedRaftLogWorker.run(SegmentedRaftLogWorker.java:289)
	at java.lang.Thread.run(Thread.java:748)
Caused by: java.util.concurrent.TimeoutException
	at java.util.concurrent.CompletableFuture.timedGet(CompletableFuture.java:1771)
	at java.util.concurrent.CompletableFuture.get(CompletableFuture.java:1915)
	at org.apache.ratis.util.IOUtils.getFromFuture(IOUtils.java:79)
	... 4 more
2019-09-10 13:19:55,213 [05e9b83b-b6ec-4168-9e18-fac302cf5421@group-5DD09A43E0EE-SegmentedRaftLogWorker] WARN  segmented.SegmentedRaftLogWorker (SegmentedRaftLogWorker.java:getFromFuture(90)) - Timeout 1/~
org.apache.ratis.protocol.TimeoutIOException: Timeout 10s: WriteLog:16: (t:2, i:16), STATEMACHINELOGENTRY, client-7BF1329EB290, cid=51-writeStateMachineData
	at org.apache.ratis.util.IOUtils.getFromFuture(IOUtils.java:87)
	at org.apache.ratis.server.raftlog.segmented.SegmentedRaftLogWorker$StateMachineDataPolicy.getFromFuture(SegmentedRaftLogWorker.java:87)
	at org.apache.ratis.server.raftlog.segmented.SegmentedRaftLogWorker$WriteLog.execute(SegmentedRaftLogWorker.java:477)
	at org.apache.ratis.server.raftlog.segmented.SegmentedRaftLogWorker.run(SegmentedRaftLogWorker.java:289)
	at java.lang.Thread.run(Thread.java:748)
Caused by: java.util.concurrent.TimeoutException
	at java.util.concurrent.CompletableFuture.timedGet(CompletableFuture.java:1771)
	at java.util.concurrent.CompletableFuture.get(CompletableFuture.java:1915)
	at org.apache.ratis.util.IOUtils.getFromFuture(IOUtils.java:79)
	... 4 more
2019-09-10 13:19:55,247 [java.util.concurrent.ThreadPoolExecutor$Worker@2bd31529[State = -1, empty queue]] WARN  server.GrpcLogAppender (GrpcLogAppender.java:timeoutAppendRequest(200)) - 77c590a9-0e60-42d8-bbf8-e31004d5a9e8@group-5DD09A43E0EE->05e9b83b-b6ec-4168-9e18-fac302cf5421-GrpcLogAppender: appendEntries Timeout, request=77c590a9-0e60-42d8-bbf8-e31004d5a9e8->05e9b83b-b6ec-4168-9e18-fac302cf5421#103-t2, previous=(t:2, i:19), leaderCommit=15, initializing? false, entries: <empty>
2019-09-10 13:19:55,247 [java.util.concurrent.ThreadPoolExecutor$Worker@6cb6bbf9[State = -1, empty queue]] WARN  server.GrpcLogAppender (GrpcLogAppender.java:timeoutAppendRequest(200)) - 77c590a9-0e60-42d8-bbf8-e31004d5a9e8@group-5DD09A43E0EE->598fdd25-f3b3-418d-bbd3-bcbfa35279b9-GrpcLogAppender: appendEntries Timeout, request=77c590a9-0e60-42d8-bbf8-e31004d5a9e8->598fdd25-f3b3-418d-bbd3-bcbfa35279b9#103-t2, previous=(t:2, i:19), leaderCommit=15, initializing? false, entries: <empty>
2019-09-10 13:19:55,247 [java.util.concurrent.ThreadPoolExecutor$Worker@4ae31852[State = -1, empty queue]] WARN  server.GrpcLogAppender (GrpcLogAppender.java:timeoutAppendRequest(200)) - 0f4aa411-f22d-408f-a3ae-026c0e4d845c@group-447053F58748->82b87940-075a-4240-9714-83f9b1f11359-GrpcLogAppender: appendEntries Timeout, request=0f4aa411-f22d-408f-a3ae-026c0e4d845c->82b87940-075a-4240-9714-83f9b1f11359#104-t2, previous=(t:2, i:20), leaderCommit=16, initializing? false, entries: <empty>
2019-09-10 13:19:55,290 [grpc-default-executor-2] WARN  server.GrpcLogAppender (LogUtils.java:warn(134)) - 0f4aa411-f22d-408f-a3ae-026c0e4d845c@group-447053F58748->e5557321-17be-433a-8d96-d7d186384118-AppendLogResponseHandler: Failed appendEntries: org.apache.ratis.thirdparty.io.grpc.StatusRuntimeException: UNAVAILABLE: io exception
2019-09-10 13:19:55,290 [grpc-default-executor-2] INFO  impl.FollowerInfo (FollowerInfo.java:lambda$new$0(51)) - 0f4aa411-f22d-408f-a3ae-026c0e4d845c@group-447053F58748->e5557321-17be-433a-8d96-d7d186384118: nextIndex: updateUnconditionally 0 -> 0
2019-09-10 13:19:55,380 [77c590a9-0e60-42d8-bbf8-e31004d5a9e8@group-5DD09A43E0EE-SegmentedRaftLogWorker] WARN  segmented.SegmentedRaftLogWorker (SegmentedRaftLogWorker.java:getFromFuture(90)) - Timeout 1/~
org.apache.ratis.protocol.TimeoutIOException: Timeout 10s: WriteLog:18: (t:2, i:18), STATEMACHINELOGENTRY, client-7BF1329EB290, cid=53-writeStateMachineData
	at org.apache.ratis.util.IOUtils.getFromFuture(IOUtils.java:87)
	at org.apache.ratis.server.raftlog.segmented.SegmentedRaftLogWorker$StateMachineDataPolicy.getFromFuture(SegmentedRaftLogWorker.java:87)
	at org.apache.ratis.server.raftlog.segmented.SegmentedRaftLogWorker$WriteLog.execute(SegmentedRaftLogWorker.java:477)
	at org.apache.ratis.server.raftlog.segmented.SegmentedRaftLogWorker.run(SegmentedRaftLogWorker.java:289)
	at java.lang.Thread.run(Thread.java:748)
Caused by: java.util.concurrent.TimeoutException
	at java.util.concurrent.CompletableFuture.timedGet(CompletableFuture.java:1771)
	at java.util.concurrent.CompletableFuture.get(CompletableFuture.java:1915)
	at org.apache.ratis.util.IOUtils.getFromFuture(IOUtils.java:79)
	... 4 more
2019-09-10 13:19:55,755 [java.util.concurrent.ThreadPoolExecutor$Worker@2bd31529[State = -1, empty queue]] WARN  server.GrpcLogAppender (GrpcLogAppender.java:timeoutAppendRequest(200)) - 77c590a9-0e60-42d8-bbf8-e31004d5a9e8@group-5DD09A43E0EE->05e9b83b-b6ec-4168-9e18-fac302cf5421-GrpcLogAppender: appendEntries Timeout, request=77c590a9-0e60-42d8-bbf8-e31004d5a9e8->05e9b83b-b6ec-4168-9e18-fac302cf5421#104-t2, previous=(t:2, i:19), leaderCommit=15, initializing? false, entries: <empty>
2019-09-10 13:19:55,755 [java.util.concurrent.ThreadPoolExecutor$Worker@6cb6bbf9[State = -1, empty queue]] WARN  server.GrpcLogAppender (GrpcLogAppender.java:timeoutAppendRequest(200)) - 77c590a9-0e60-42d8-bbf8-e31004d5a9e8@group-5DD09A43E0EE->598fdd25-f3b3-418d-bbd3-bcbfa35279b9-GrpcLogAppender: appendEntries Timeout, request=77c590a9-0e60-42d8-bbf8-e31004d5a9e8->598fdd25-f3b3-418d-bbd3-bcbfa35279b9#104-t2, previous=(t:2, i:19), leaderCommit=15, initializing? false, entries: <empty>
2019-09-10 13:19:55,755 [java.util.concurrent.ThreadPoolExecutor$Worker@4ae31852[State = -1, empty queue]] WARN  server.GrpcLogAppender (GrpcLogAppender.java:timeoutAppendRequest(200)) - 0f4aa411-f22d-408f-a3ae-026c0e4d845c@group-447053F58748->82b87940-075a-4240-9714-83f9b1f11359-GrpcLogAppender: appendEntries Timeout, request=0f4aa411-f22d-408f-a3ae-026c0e4d845c->82b87940-075a-4240-9714-83f9b1f11359#105-t2, previous=(t:2, i:20), leaderCommit=16, initializing? false, entries: <empty>
2019-09-10 13:19:55,791 [grpc-default-executor-2] WARN  server.GrpcLogAppender (LogUtils.java:warn(134)) - 0f4aa411-f22d-408f-a3ae-026c0e4d845c@group-447053F58748->e5557321-17be-433a-8d96-d7d186384118-AppendLogResponseHandler: Failed appendEntries: org.apache.ratis.thirdparty.io.grpc.StatusRuntimeException: UNAVAILABLE: io exception
2019-09-10 13:19:55,791 [grpc-default-executor-2] INFO  impl.FollowerInfo (FollowerInfo.java:lambda$new$0(51)) - 0f4aa411-f22d-408f-a3ae-026c0e4d845c@group-447053F58748->e5557321-17be-433a-8d96-d7d186384118: nextIndex: updateUnconditionally 0 -> 0
2019-09-10 13:19:56,256 [java.util.concurrent.ThreadPoolExecutor$Worker@6cb6bbf9[State = -1, empty queue]] WARN  server.GrpcLogAppender (GrpcLogAppender.java:timeoutAppendRequest(200)) - 77c590a9-0e60-42d8-bbf8-e31004d5a9e8@group-5DD09A43E0EE->598fdd25-f3b3-418d-bbd3-bcbfa35279b9-GrpcLogAppender: appendEntries Timeout, request=77c590a9-0e60-42d8-bbf8-e31004d5a9e8->598fdd25-f3b3-418d-bbd3-bcbfa35279b9#105-t2, previous=(t:2, i:19), leaderCommit=15, initializing? false, entries: <empty>
2019-09-10 13:19:56,256 [java.util.concurrent.ThreadPoolExecutor$Worker@2bd31529[State = -1, empty queue]] WARN  server.GrpcLogAppender (GrpcLogAppender.java:timeoutAppendRequest(200)) - 77c590a9-0e60-42d8-bbf8-e31004d5a9e8@group-5DD09A43E0EE->05e9b83b-b6ec-4168-9e18-fac302cf5421-GrpcLogAppender: appendEntries Timeout, request=77c590a9-0e60-42d8-bbf8-e31004d5a9e8->05e9b83b-b6ec-4168-9e18-fac302cf5421#105-t2, previous=(t:2, i:19), leaderCommit=15, initializing? false, entries: <empty>
2019-09-10 13:19:56,256 [java.util.concurrent.ThreadPoolExecutor$Worker@4ae31852[State = -1, empty queue]] WARN  server.GrpcLogAppender (GrpcLogAppender.java:timeoutAppendRequest(200)) - 0f4aa411-f22d-408f-a3ae-026c0e4d845c@group-447053F58748->82b87940-075a-4240-9714-83f9b1f11359-GrpcLogAppender: appendEntries Timeout, request=0f4aa411-f22d-408f-a3ae-026c0e4d845c->82b87940-075a-4240-9714-83f9b1f11359#106-t2, previous=(t:2, i:20), leaderCommit=16, initializing? false, entries: <empty>
2019-09-10 13:19:56,294 [grpc-default-executor-2] WARN  server.GrpcLogAppender (LogUtils.java:warn(134)) - 0f4aa411-f22d-408f-a3ae-026c0e4d845c@group-447053F58748->e5557321-17be-433a-8d96-d7d186384118-AppendLogResponseHandler: Failed appendEntries: org.apache.ratis.thirdparty.io.grpc.StatusRuntimeException: UNAVAILABLE: io exception
2019-09-10 13:19:56,296 [grpc-default-executor-2] INFO  impl.FollowerInfo (FollowerInfo.java:lambda$new$0(51)) - 0f4aa411-f22d-408f-a3ae-026c0e4d845c@group-447053F58748->e5557321-17be-433a-8d96-d7d186384118: nextIndex: updateUnconditionally 0 -> 0
2019-09-10 13:19:56,756 [java.util.concurrent.ThreadPoolExecutor$Worker@4ae31852[State = -1, empty queue]] WARN  server.GrpcLogAppender (GrpcLogAppender.java:timeoutAppendRequest(200)) - 0f4aa411-f22d-408f-a3ae-026c0e4d845c@group-447053F58748->82b87940-075a-4240-9714-83f9b1f11359-GrpcLogAppender: appendEntries Timeout, request=0f4aa411-f22d-408f-a3ae-026c0e4d845c->82b87940-075a-4240-9714-83f9b1f11359#107-t2, previous=(t:2, i:20), leaderCommit=16, initializing? false, entries: <empty>
2019-09-10 13:19:56,756 [java.util.concurrent.ThreadPoolExecutor$Worker@2bd31529[State = -1, empty queue]] WARN  server.GrpcLogAppender (GrpcLogAppender.java:timeoutAppendRequest(200)) - 77c590a9-0e60-42d8-bbf8-e31004d5a9e8@group-5DD09A43E0EE->05e9b83b-b6ec-4168-9e18-fac302cf5421-GrpcLogAppender: appendEntries Timeout, request=77c590a9-0e60-42d8-bbf8-e31004d5a9e8->05e9b83b-b6ec-4168-9e18-fac302cf5421#106-t2, previous=(t:2, i:19), leaderCommit=15, initializing? false, entries: <empty>
2019-09-10 13:19:56,756 [java.util.concurrent.ThreadPoolExecutor$Worker@6cb6bbf9[State = -1, empty queue]] WARN  server.GrpcLogAppender (GrpcLogAppender.java:timeoutAppendRequest(200)) - 77c590a9-0e60-42d8-bbf8-e31004d5a9e8@group-5DD09A43E0EE->598fdd25-f3b3-418d-bbd3-bcbfa35279b9-GrpcLogAppender: appendEntries Timeout, request=77c590a9-0e60-42d8-bbf8-e31004d5a9e8->598fdd25-f3b3-418d-bbd3-bcbfa35279b9#106-t2, previous=(t:2, i:19), leaderCommit=15, initializing? false, entries: <empty>
2019-09-10 13:19:56,794 [grpc-default-executor-2] WARN  server.GrpcLogAppender (LogUtils.java:warn(134)) - 0f4aa411-f22d-408f-a3ae-026c0e4d845c@group-447053F58748->e5557321-17be-433a-8d96-d7d186384118-AppendLogResponseHandler: Failed appendEntries: org.apache.ratis.thirdparty.io.grpc.StatusRuntimeException: UNAVAILABLE: io exception
2019-09-10 13:19:56,794 [grpc-default-executor-2] INFO  impl.FollowerInfo (FollowerInfo.java:lambda$new$0(51)) - 0f4aa411-f22d-408f-a3ae-026c0e4d845c@group-447053F58748->e5557321-17be-433a-8d96-d7d186384118: nextIndex: updateUnconditionally 0 -> 0
2019-09-10 13:19:57,256 [java.util.concurrent.ThreadPoolExecutor$Worker@4ae31852[State = -1, empty queue]] WARN  server.GrpcLogAppender (GrpcLogAppender.java:timeoutAppendRequest(200)) - 0f4aa411-f22d-408f-a3ae-026c0e4d845c@group-447053F58748->82b87940-075a-4240-9714-83f9b1f11359-GrpcLogAppender: appendEntries Timeout, request=0f4aa411-f22d-408f-a3ae-026c0e4d845c->82b87940-075a-4240-9714-83f9b1f11359#108-t2, previous=(t:2, i:20), leaderCommit=16, initializing? false, entries: <empty>
2019-09-10 13:19:57,256 [java.util.concurrent.ThreadPoolExecutor$Worker@2bd31529[State = -1, empty queue]] WARN  server.GrpcLogAppender (GrpcLogAppender.java:timeoutAppendRequest(200)) - 77c590a9-0e60-42d8-bbf8-e31004d5a9e8@group-5DD09A43E0EE->05e9b83b-b6ec-4168-9e18-fac302cf5421-GrpcLogAppender: appendEntries Timeout, request=77c590a9-0e60-42d8-bbf8-e31004d5a9e8->05e9b83b-b6ec-4168-9e18-fac302cf5421#107-t2, previous=(t:2, i:19), leaderCommit=15, initializing? false, entries: <empty>
2019-09-10 13:19:57,256 [java.util.concurrent.ThreadPoolExecutor$Worker@6cb6bbf9[State = -1, empty queue]] WARN  server.GrpcLogAppender (GrpcLogAppender.java:timeoutAppendRequest(200)) - 77c590a9-0e60-42d8-bbf8-e31004d5a9e8@group-5DD09A43E0EE->598fdd25-f3b3-418d-bbd3-bcbfa35279b9-GrpcLogAppender: appendEntries Timeout, request=77c590a9-0e60-42d8-bbf8-e31004d5a9e8->598fdd25-f3b3-418d-bbd3-bcbfa35279b9#107-t2, previous=(t:2, i:19), leaderCommit=15, initializing? false, entries: <empty>
2019-09-10 13:19:57,296 [grpc-default-executor-2] WARN  server.GrpcLogAppender (LogUtils.java:warn(134)) - 0f4aa411-f22d-408f-a3ae-026c0e4d845c@group-447053F58748->e5557321-17be-433a-8d96-d7d186384118-AppendLogResponseHandler: Failed appendEntries: org.apache.ratis.thirdparty.io.grpc.StatusRuntimeException: UNAVAILABLE: io exception
2019-09-10 13:19:57,297 [grpc-default-executor-2] INFO  impl.FollowerInfo (FollowerInfo.java:lambda$new$0(51)) - 0f4aa411-f22d-408f-a3ae-026c0e4d845c@group-447053F58748->e5557321-17be-433a-8d96-d7d186384118: nextIndex: updateUnconditionally 0 -> 0
2019-09-10 13:19:57,757 [java.util.concurrent.ThreadPoolExecutor$Worker@6cb6bbf9[State = -1, empty queue]] WARN  server.GrpcLogAppender (GrpcLogAppender.java:timeoutAppendRequest(200)) - 77c590a9-0e60-42d8-bbf8-e31004d5a9e8@group-5DD09A43E0EE->598fdd25-f3b3-418d-bbd3-bcbfa35279b9-GrpcLogAppender: appendEntries Timeout, request=77c590a9-0e60-42d8-bbf8-e31004d5a9e8->598fdd25-f3b3-418d-bbd3-bcbfa35279b9#108-t2, previous=(t:2, i:19), leaderCommit=15, initializing? false, entries: <empty>
2019-09-10 13:19:57,757 [java.util.concurrent.ThreadPoolExecutor$Worker@4ae31852[State = -1, empty queue]] WARN  server.GrpcLogAppender (GrpcLogAppender.java:timeoutAppendRequest(200)) - 0f4aa411-f22d-408f-a3ae-026c0e4d845c@group-447053F58748->82b87940-075a-4240-9714-83f9b1f11359-GrpcLogAppender: appendEntries Timeout, request=0f4aa411-f22d-408f-a3ae-026c0e4d845c->82b87940-075a-4240-9714-83f9b1f11359#109-t2, previous=(t:2, i:20), leaderCommit=16, initializing? false, entries: <empty>
2019-09-10 13:19:57,757 [java.util.concurrent.ThreadPoolExecutor$Worker@2bd31529[State = -1, empty queue]] WARN  server.GrpcLogAppender (GrpcLogAppender.java:timeoutAppendRequest(200)) - 77c590a9-0e60-42d8-bbf8-e31004d5a9e8@group-5DD09A43E0EE->05e9b83b-b6ec-4168-9e18-fac302cf5421-GrpcLogAppender: appendEntries Timeout, request=77c590a9-0e60-42d8-bbf8-e31004d5a9e8->05e9b83b-b6ec-4168-9e18-fac302cf5421#108-t2, previous=(t:2, i:19), leaderCommit=15, initializing? false, entries: <empty>
2019-09-10 13:19:57,796 [grpc-default-executor-0] WARN  server.GrpcLogAppender (LogUtils.java:warn(134)) - 0f4aa411-f22d-408f-a3ae-026c0e4d845c@group-447053F58748->e5557321-17be-433a-8d96-d7d186384118-AppendLogResponseHandler: Failed appendEntries: org.apache.ratis.thirdparty.io.grpc.StatusRuntimeException: UNAVAILABLE: io exception
2019-09-10 13:19:57,797 [grpc-default-executor-0] INFO  impl.FollowerInfo (FollowerInfo.java:lambda$new$0(51)) - 0f4aa411-f22d-408f-a3ae-026c0e4d845c@group-447053F58748->e5557321-17be-433a-8d96-d7d186384118: nextIndex: updateUnconditionally 0 -> 0
2019-09-10 13:19:58,257 [java.util.concurrent.ThreadPoolExecutor$Worker@4ae31852[State = -1, empty queue]] WARN  server.GrpcLogAppender (GrpcLogAppender.java:timeoutAppendRequest(200)) - 0f4aa411-f22d-408f-a3ae-026c0e4d845c@group-447053F58748->82b87940-075a-4240-9714-83f9b1f11359-GrpcLogAppender: appendEntries Timeout, request=0f4aa411-f22d-408f-a3ae-026c0e4d845c->82b87940-075a-4240-9714-83f9b1f11359#110-t2, previous=(t:2, i:20), leaderCommit=16, initializing? false, entries: <empty>
2019-09-10 13:19:58,257 [java.util.concurrent.ThreadPoolExecutor$Worker@2bd31529[State = -1, empty queue]] WARN  server.GrpcLogAppender (GrpcLogAppender.java:timeoutAppendRequest(200)) - 77c590a9-0e60-42d8-bbf8-e31004d5a9e8@group-5DD09A43E0EE->05e9b83b-b6ec-4168-9e18-fac302cf5421-GrpcLogAppender: appendEntries Timeout, request=77c590a9-0e60-42d8-bbf8-e31004d5a9e8->05e9b83b-b6ec-4168-9e18-fac302cf5421#109-t2, previous=(t:2, i:19), leaderCommit=15, initializing? false, entries: <empty>
2019-09-10 13:19:58,257 [java.util.concurrent.ThreadPoolExecutor$Worker@6cb6bbf9[State = -1, empty queue]] WARN  server.GrpcLogAppender (GrpcLogAppender.java:timeoutAppendRequest(200)) - 77c590a9-0e60-42d8-bbf8-e31004d5a9e8@group-5DD09A43E0EE->598fdd25-f3b3-418d-bbd3-bcbfa35279b9-GrpcLogAppender: appendEntries Timeout, request=77c590a9-0e60-42d8-bbf8-e31004d5a9e8->598fdd25-f3b3-418d-bbd3-bcbfa35279b9#109-t2, previous=(t:2, i:19), leaderCommit=15, initializing? false, entries: <empty>
2019-09-10 13:19:58,297 [grpc-default-executor-2] WARN  server.GrpcLogAppender (LogUtils.java:warn(134)) - 0f4aa411-f22d-408f-a3ae-026c0e4d845c@group-447053F58748->e5557321-17be-433a-8d96-d7d186384118-AppendLogResponseHandler: Failed appendEntries: org.apache.ratis.thirdparty.io.grpc.StatusRuntimeException: UNAVAILABLE: io exception
2019-09-10 13:19:58,298 [grpc-default-executor-2] INFO  impl.FollowerInfo (FollowerInfo.java:lambda$new$0(51)) - 0f4aa411-f22d-408f-a3ae-026c0e4d845c@group-447053F58748->e5557321-17be-433a-8d96-d7d186384118: nextIndex: updateUnconditionally 0 -> 0
2019-09-10 13:19:58,757 [java.util.concurrent.ThreadPoolExecutor$Worker@6cb6bbf9[State = -1, empty queue]] WARN  server.GrpcLogAppender (GrpcLogAppender.java:timeoutAppendRequest(200)) - 77c590a9-0e60-42d8-bbf8-e31004d5a9e8@group-5DD09A43E0EE->598fdd25-f3b3-418d-bbd3-bcbfa35279b9-GrpcLogAppender: appendEntries Timeout, request=77c590a9-0e60-42d8-bbf8-e31004d5a9e8->598fdd25-f3b3-418d-bbd3-bcbfa35279b9#110-t2, previous=(t:2, i:19), leaderCommit=15, initializing? false, entries: <empty>
2019-09-10 13:19:58,757 [java.util.concurrent.ThreadPoolExecutor$Worker@2bd31529[State = -1, empty queue]] WARN  server.GrpcLogAppender (GrpcLogAppender.java:timeoutAppendRequest(200)) - 77c590a9-0e60-42d8-bbf8-e31004d5a9e8@group-5DD09A43E0EE->05e9b83b-b6ec-4168-9e18-fac302cf5421-GrpcLogAppender: appendEntries Timeout, request=77c590a9-0e60-42d8-bbf8-e31004d5a9e8->05e9b83b-b6ec-4168-9e18-fac302cf5421#110-t2, previous=(t:2, i:19), leaderCommit=15, initializing? false, entries: <empty>
2019-09-10 13:19:58,757 [java.util.concurrent.ThreadPoolExecutor$Worker@4ae31852[State = -1, empty queue]] WARN  server.GrpcLogAppender (GrpcLogAppender.java:timeoutAppendRequest(200)) - 0f4aa411-f22d-408f-a3ae-026c0e4d845c@group-447053F58748->82b87940-075a-4240-9714-83f9b1f11359-GrpcLogAppender: appendEntries Timeout, request=0f4aa411-f22d-408f-a3ae-026c0e4d845c->82b87940-075a-4240-9714-83f9b1f11359#111-t2, previous=(t:2, i:20), leaderCommit=16, initializing? false, entries: <empty>
2019-09-10 13:19:58,798 [grpc-default-executor-2] WARN  server.GrpcLogAppender (LogUtils.java:warn(134)) - 0f4aa411-f22d-408f-a3ae-026c0e4d845c@group-447053F58748->e5557321-17be-433a-8d96-d7d186384118-AppendLogResponseHandler: Failed appendEntries: org.apache.ratis.thirdparty.io.grpc.StatusRuntimeException: UNAVAILABLE: io exception
2019-09-10 13:19:58,798 [grpc-default-executor-2] INFO  impl.FollowerInfo (FollowerInfo.java:lambda$new$0(51)) - 0f4aa411-f22d-408f-a3ae-026c0e4d845c@group-447053F58748->e5557321-17be-433a-8d96-d7d186384118: nextIndex: updateUnconditionally 0 -> 0
2019-09-10 13:19:59,014 [main] INFO  ozoneimpl.OzoneContainer (OzoneContainer.java:stop(231)) - Attempting to stop container services.
2019-09-10 13:19:59,015 [main] INFO  impl.RaftServerProxy (RaftServerProxy.java:lambda$close$4(314)) - 82b87940-075a-4240-9714-83f9b1f11359: close
2019-09-10 13:19:59,016 [main] INFO  impl.RaftServerImpl (RaftServerImpl.java:lambda$shutdown$3(251)) - 82b87940-075a-4240-9714-83f9b1f11359@group-6DA54C881122: shutdown
2019-09-10 13:19:59,016 [ForkJoinPool.commonPool-worker-0] INFO  impl.RaftServerImpl (RaftServerImpl.java:lambda$shutdown$3(251)) - 82b87940-075a-4240-9714-83f9b1f11359@group-447053F58748: shutdown
2019-09-10 13:19:59,016 [main] INFO  util.JmxRegister (JmxRegister.java:unregister(73)) - Successfully un-registered JMX Bean with object name Ratis:service=RaftServer,group=group-6DA54C881122,id=82b87940-075a-4240-9714-83f9b1f11359
2019-09-10 13:19:59,016 [ForkJoinPool.commonPool-worker-0] INFO  util.JmxRegister (JmxRegister.java:unregister(73)) - Successfully un-registered JMX Bean with object name Ratis:service=RaftServer,group=group-447053F58748,id=82b87940-075a-4240-9714-83f9b1f11359
2019-09-10 13:19:59,017 [main] INFO  impl.RoleInfo (RoleInfo.java:shutdownLeaderState(104)) - 82b87940-075a-4240-9714-83f9b1f11359: shutdown LeaderState
2019-09-10 13:19:59,017 [ForkJoinPool.commonPool-worker-0] INFO  impl.RoleInfo (RoleInfo.java:shutdownFollowerState(121)) - 82b87940-075a-4240-9714-83f9b1f11359: shutdown FollowerState
2019-09-10 13:19:59,017 [main] INFO  impl.PendingRequests (PendingRequests.java:sendNotLeaderResponses(202)) - 82b87940-075a-4240-9714-83f9b1f11359-PendingRequests: sendNotLeaderResponses
2019-09-10 13:19:59,017 [82b87940-075a-4240-9714-83f9b1f11359@group-447053F58748-StateMachineUpdater] INFO  ratis.ContainerStateMachine (ContainerStateMachine.java:takeSnapshot(289)) - group-447053F58748: Taking a snapshot at:(t:2, i:12) file /workdir/hadoop-ozone/integration-test/target/test-dir/MiniOzoneClusterImpl-bbba21db-ec34-461e-a1c1-b53f0753d0be/datanode-6/data/ratis/82764ad5-c52e-41ab-bff6-447053f58748/sm/snapshot.2_12
2019-09-10 13:19:59,017 [Thread-435] INFO  impl.FollowerState (FollowerState.java:run(115)) - 82b87940-075a-4240-9714-83f9b1f11359: FollowerState was interrupted: java.lang.InterruptedException: sleep interrupted
2019-09-10 13:19:59,018 [main] INFO  impl.StateMachineUpdater (StateMachineUpdater.java:stopAndJoin(125)) - 82b87940-075a-4240-9714-83f9b1f11359@group-6DA54C881122-StateMachineUpdater: set stopIndex = 0
2019-09-10 13:19:59,017 [ForkJoinPool.commonPool-worker-0] INFO  impl.StateMachineUpdater (StateMachineUpdater.java:stopAndJoin(125)) - 82b87940-075a-4240-9714-83f9b1f11359@group-447053F58748-StateMachineUpdater: set stopIndex = 16
2019-09-10 13:19:59,022 [main] INFO  impl.RaftServerImpl (ServerState.java:close(385)) - 82b87940-075a-4240-9714-83f9b1f11359@group-6DA54C881122: closes. applyIndex: 0
2019-09-10 13:19:59,023 [82b87940-075a-4240-9714-83f9b1f11359@group-6DA54C881122-SegmentedRaftLogWorker] INFO  segmented.SegmentedRaftLogWorker (SegmentedRaftLogWorker.java:run(313)) - 82b87940-075a-4240-9714-83f9b1f11359@group-6DA54C881122-SegmentedRaftLogWorker was interrupted, exiting. There are 0 tasks remaining in the queue.
2019-09-10 13:19:59,030 [main] INFO  segmented.SegmentedRaftLogWorker (SegmentedRaftLogWorker.java:close(228)) - 82b87940-075a-4240-9714-83f9b1f11359@group-6DA54C881122-SegmentedRaftLogWorker close()
2019-09-10 13:19:59,041 [82b87940-075a-4240-9714-83f9b1f11359@group-447053F58748-StateMachineUpdater] INFO  ratis.ContainerStateMachine (ContainerStateMachine.java:takeSnapshot(300)) - group-447053F58748: Finished taking a snapshot at:(t:2, i:12) file:/workdir/hadoop-ozone/integration-test/target/test-dir/MiniOzoneClusterImpl-bbba21db-ec34-461e-a1c1-b53f0753d0be/datanode-6/data/ratis/82764ad5-c52e-41ab-bff6-447053f58748/sm/snapshot.2_12 time:23
2019-09-10 13:19:59,041 [82b87940-075a-4240-9714-83f9b1f11359@group-447053F58748-StateMachineUpdater] INFO  impl.StateMachineUpdater (StateMachineUpdater.java:takeSnapshot(258)) - 82b87940-075a-4240-9714-83f9b1f11359@group-447053F58748-StateMachineUpdater: Took a snapshot at index 12
2019-09-10 13:19:59,041 [82b87940-075a-4240-9714-83f9b1f11359@group-447053F58748-StateMachineUpdater] INFO  impl.StateMachineUpdater (StateMachineUpdater.java:lambda$new$0(83)) - 82b87940-075a-4240-9714-83f9b1f11359@group-447053F58748-StateMachineUpdater: snapshotIndex: updateIncreasingly -1 -> 12
2019-09-10 13:19:59,041 [82b87940-075a-4240-9714-83f9b1f11359@group-447053F58748-StateMachineUpdater] INFO  ratis.ContainerStateMachine (ContainerStateMachine.java:takeSnapshot(289)) - group-447053F58748: Taking a snapshot at:(t:2, i:12) file /workdir/hadoop-ozone/integration-test/target/test-dir/MiniOzoneClusterImpl-bbba21db-ec34-461e-a1c1-b53f0753d0be/datanode-6/data/ratis/82764ad5-c52e-41ab-bff6-447053f58748/sm/snapshot.2_12
2019-09-10 13:19:59,054 [82b87940-075a-4240-9714-83f9b1f11359@group-447053F58748-StateMachineUpdater] INFO  ratis.ContainerStateMachine (ContainerStateMachine.java:takeSnapshot(300)) - group-447053F58748: Finished taking a snapshot at:(t:2, i:12) file:/workdir/hadoop-ozone/integration-test/target/test-dir/MiniOzoneClusterImpl-bbba21db-ec34-461e-a1c1-b53f0753d0be/datanode-6/data/ratis/82764ad5-c52e-41ab-bff6-447053f58748/sm/snapshot.2_12 time:12
2019-09-10 13:19:59,054 [82b87940-075a-4240-9714-83f9b1f11359@group-447053F58748-StateMachineUpdater] INFO  impl.StateMachineUpdater (StateMachineUpdater.java:takeSnapshot(258)) - 82b87940-075a-4240-9714-83f9b1f11359@group-447053F58748-StateMachineUpdater: Took a snapshot at index 12
2019-09-10 13:19:59,054 [82b87940-075a-4240-9714-83f9b1f11359@group-447053F58748-StateMachineUpdater] INFO  impl.StateMachineUpdater (StateMachineUpdater.java:lambda$new$0(83)) - 82b87940-075a-4240-9714-83f9b1f11359@group-447053F58748-StateMachineUpdater: snapshotIndex: updateIncreasingly 12 -> 12
2019-09-10 13:19:59,054 [ForkJoinPool.commonPool-worker-0] INFO  impl.RaftServerImpl (ServerState.java:close(385)) - 82b87940-075a-4240-9714-83f9b1f11359@group-447053F58748: closes. applyIndex: 16
2019-09-10 13:19:59,058 [82b87940-075a-4240-9714-83f9b1f11359@group-447053F58748-SegmentedRaftLogWorker] ERROR ratis.XceiverServerRatis (XceiverServerRatis.java:triggerPipelineClose(568)) - pipeline Action CLOSE  on pipeline PipelineID=82764ad5-c52e-41ab-bff6-447053f58748.Reason : WriteLog:19: (t:2, i:19), STATEMACHINELOGENTRY, client-7A030D982070, cid=39-writeStateMachineData interrupted.
2019-09-10 13:19:59,072 [ForkJoinPool.commonPool-worker-0] INFO  segmented.SegmentedRaftLogWorker (SegmentedRaftLogWorker.java:close(228)) - 82b87940-075a-4240-9714-83f9b1f11359@group-447053F58748-SegmentedRaftLogWorker close()
2019-09-10 13:19:59,072 [main] INFO  server.GrpcService (GrpcService.java:closeImpl(164)) - 82b87940-075a-4240-9714-83f9b1f11359: shutdown server with port 33168 now
2019-09-10 13:19:59,074 [grpc-default-executor-2] WARN  server.GrpcServerProtocolService (LogUtils.java:warn(134)) - 82b87940-075a-4240-9714-83f9b1f11359: installSnapshot onError, lastRequest: 0f4aa411-f22d-408f-a3ae-026c0e4d845c->82b87940-075a-4240-9714-83f9b1f11359#117-t2, previous=(t:2, i:20), leaderCommit=16, initializing? false, entries: <empty>: org.apache.ratis.thirdparty.io.grpc.StatusRuntimeException: CANCELLED: cancelled before receiving half close
2019-09-10 13:19:59,074 [main] INFO  server.GrpcService (GrpcService.java:closeImpl(172)) - 82b87940-075a-4240-9714-83f9b1f11359: shutdown server with port 33168 successfully
2019-09-10 13:19:59,074 [grpc-default-executor-4] WARN  server.GrpcLogAppender (LogUtils.java:warn(134)) - 0f4aa411-f22d-408f-a3ae-026c0e4d845c@group-447053F58748->82b87940-075a-4240-9714-83f9b1f11359-AppendLogResponseHandler: Failed appendEntries: org.apache.ratis.thirdparty.io.grpc.StatusRuntimeException: CANCELLED: HTTP/2 error code: CANCEL
Received Rst Stream
2019-09-10 13:19:59,075 [grpc-default-executor-4] INFO  impl.FollowerInfo (FollowerInfo.java:lambda$new$0(51)) - 0f4aa411-f22d-408f-a3ae-026c0e4d845c@group-447053F58748->82b87940-075a-4240-9714-83f9b1f11359: nextIndex: updateUnconditionally 21 -> 17
2019-09-10 13:19:59,087 [refreshUsed-/workdir/hadoop-ozone/integration-test/target/test-dir/MiniOzoneClusterImpl-bbba21db-ec34-461e-a1c1-b53f0753d0be/datanode-6/data/containers] WARN  fs.CachingGetSpaceUsed (CachingGetSpaceUsed.java:run(183)) - Thread Interrupted waiting to refresh disk information: sleep interrupted
2019-09-10 13:19:59,112 [main] INFO  utils.BackgroundService (BackgroundService.java:shutdown(148)) - Shutting down service BlockDeletingService
2019-09-10 13:19:59,125 [main] INFO  statemachine.DatanodeStateMachine (DatanodeStateMachine.java:stopDaemon(395)) - Ozone container server stopped.
2019-09-10 13:19:59,126 [main] INFO  handler.ContextHandler (ContextHandler.java:doStop(910)) - Stopped o.e.j.w.WebAppContext@6e4c0d8c{/,null,UNAVAILABLE}{/hddsDatanode}
2019-09-10 13:19:59,127 [main] INFO  server.AbstractConnector (AbstractConnector.java:doStop(318)) - Stopped ServerConnector@3e3315d9{HTTP/1.1,[http/1.1]}{0.0.0.0:0}
2019-09-10 13:19:59,128 [main] INFO  handler.ContextHandler (ContextHandler.java:doStop(910)) - Stopped o.e.j.s.ServletContextHandler@3b920bdc{/static,jar:file:/home/user/.m2/repository/org/apache/hadoop/hadoop-hdds-container-service/0.5.0-SNAPSHOT/hadoop-hdds-container-service-0.5.0-SNAPSHOT.jar!/webapps/static,UNAVAILABLE}
2019-09-10 13:19:59,128 [main] INFO  handler.ContextHandler (ContextHandler.java:doStop(910)) - Stopped o.e.j.s.ServletContextHandler@1a22e0ef{/logs,file:///workdir/hadoop-ozone/integration-test/target/log,UNAVAILABLE}
2019-09-10 13:19:59,184 [grpc-default-executor-2] INFO  client.GrpcClientProtocolClient (GrpcClientProtocolClient.java:onNext(264)) - client-7AEE289B780F->af983c11-9397-41ec-9bfb-0705919241eb: receive RaftClientReply:client-7AEE289B780F->af983c11-9397-41ec-9bfb-0705919241eb@group-DD7833F53F4E, cid=61, SUCCESS, logIndex=28, commits[af983c11-9397-41ec-9bfb-0705919241eb:c29, fa25b701-8575-4c87-a8ca-f6672565109a:c27, c9bddf00-2197-4e52-a76a-1743bb04b5e3:c27]
2019-09-10 13:19:59,185 [grpc-default-executor-2] INFO  client.GrpcClientProtocolClient (GrpcClientProtocolClient.java:onNext(264)) - client-7AEE289B780F->af983c11-9397-41ec-9bfb-0705919241eb: receive RaftClientReply:client-7AEE289B780F->af983c11-9397-41ec-9bfb-0705919241eb@group-DD7833F53F4E, cid=62, SUCCESS, logIndex=29, commits[af983c11-9397-41ec-9bfb-0705919241eb:c29, fa25b701-8575-4c87-a8ca-f6672565109a:c27, c9bddf00-2197-4e52-a76a-1743bb04b5e3:c27]
2019-09-10 13:19:59,199 [grpc-default-executor-4] INFO  client.GrpcClientProtocolClient (GrpcClientProtocolClient.java:onNext(264)) - client-7AEE289B780F->af983c11-9397-41ec-9bfb-0705919241eb: receive RaftClientReply:client-7AEE289B780F->af983c11-9397-41ec-9bfb-0705919241eb@group-DD7833F53F4E, cid=63, SUCCESS, logIndex=0, commits[af983c11-9397-41ec-9bfb-0705919241eb:c30, fa25b701-8575-4c87-a8ca-f6672565109a:c29, c9bddf00-2197-4e52-a76a-1743bb04b5e3:c29]
2019-09-10 13:19:59,257 [java.util.concurrent.ThreadPoolExecutor$Worker@2bd31529[State = -1, empty queue]] WARN  server.GrpcLogAppender (GrpcLogAppender.java:timeoutAppendRequest(200)) - 77c590a9-0e60-42d8-bbf8-e31004d5a9e8@group-5DD09A43E0EE->05e9b83b-b6ec-4168-9e18-fac302cf5421-GrpcLogAppender: appendEntries Timeout, request=77c590a9-0e60-42d8-bbf8-e31004d5a9e8->05e9b83b-b6ec-4168-9e18-fac302cf5421#111-t2, previous=(t:2, i:19), leaderCommit=15, initializing? false, entries: <empty>
2019-09-10 13:19:59,257 [java.util.concurrent.ThreadPoolExecutor$Worker@6cb6bbf9[State = -1, empty queue]] WARN  server.GrpcLogAppender (GrpcLogAppender.java:timeoutAppendRequest(200)) - 77c590a9-0e60-42d8-bbf8-e31004d5a9e8@group-5DD09A43E0EE->598fdd25-f3b3-418d-bbd3-bcbfa35279b9-GrpcLogAppender: appendEntries Timeout, request=77c590a9-0e60-42d8-bbf8-e31004d5a9e8->598fdd25-f3b3-418d-bbd3-bcbfa35279b9#111-t2, previous=(t:2, i:19), leaderCommit=15, initializing? false, entries: <empty>
2019-09-10 13:19:59,261 [grpc-default-executor-5] WARN  server.GrpcLogAppender (LogUtils.java:warn(134)) - 0f4aa411-f22d-408f-a3ae-026c0e4d845c@group-447053F58748->82b87940-075a-4240-9714-83f9b1f11359-AppendLogResponseHandler: Failed appendEntries: org.apache.ratis.thirdparty.io.grpc.StatusRuntimeException: UNAVAILABLE: io exception
2019-09-10 13:19:59,261 [grpc-default-executor-5] INFO  impl.FollowerInfo (FollowerInfo.java:lambda$new$0(51)) - 0f4aa411-f22d-408f-a3ae-026c0e4d845c@group-447053F58748->82b87940-075a-4240-9714-83f9b1f11359: nextIndex: updateUnconditionally 17 -> 16
2019-09-10 13:19:59,298 [grpc-default-executor-4] WARN  server.GrpcLogAppender (LogUtils.java:warn(134)) - 0f4aa411-f22d-408f-a3ae-026c0e4d845c@group-447053F58748->e5557321-17be-433a-8d96-d7d186384118-AppendLogResponseHandler: Failed appendEntries: org.apache.ratis.thirdparty.io.grpc.StatusRuntimeException: UNAVAILABLE: io exception
2019-09-10 13:19:59,299 [grpc-default-executor-4] INFO  impl.FollowerInfo (FollowerInfo.java:lambda$new$0(51)) - 0f4aa411-f22d-408f-a3ae-026c0e4d845c@group-447053F58748->e5557321-17be-433a-8d96-d7d186384118: nextIndex: updateUnconditionally 0 -> 0
2019-09-10 13:19:59,758 [java.util.concurrent.ThreadPoolExecutor$Worker@2bd31529[State = -1, empty queue]] WARN  server.GrpcLogAppender (GrpcLogAppender.java:timeoutAppendRequest(200)) - 77c590a9-0e60-42d8-bbf8-e31004d5a9e8@group-5DD09A43E0EE->05e9b83b-b6ec-4168-9e18-fac302cf5421-GrpcLogAppender: appendEntries Timeout, request=77c590a9-0e60-42d8-bbf8-e31004d5a9e8->05e9b83b-b6ec-4168-9e18-fac302cf5421#112-t2, previous=(t:2, i:19), leaderCommit=15, initializing? false, entries: <empty>
2019-09-10 13:19:59,758 [java.util.concurrent.ThreadPoolExecutor$Worker@6cb6bbf9[State = -1, empty queue]] WARN  server.GrpcLogAppender (GrpcLogAppender.java:timeoutAppendRequest(200)) - 77c590a9-0e60-42d8-bbf8-e31004d5a9e8@group-5DD09A43E0EE->598fdd25-f3b3-418d-bbd3-bcbfa35279b9-GrpcLogAppender: appendEntries Timeout, request=77c590a9-0e60-42d8-bbf8-e31004d5a9e8->598fdd25-f3b3-418d-bbd3-bcbfa35279b9#112-t2, previous=(t:2, i:19), leaderCommit=15, initializing? false, entries: <empty>
2019-09-10 13:19:59,762 [grpc-default-executor-5] WARN  server.GrpcLogAppender (LogUtils.java:warn(134)) - 0f4aa411-f22d-408f-a3ae-026c0e4d845c@group-447053F58748->82b87940-075a-4240-9714-83f9b1f11359-AppendLogResponseHandler: Failed appendEntries: org.apache.ratis.thirdparty.io.grpc.StatusRuntimeException: UNAVAILABLE: io exception
2019-09-10 13:19:59,763 [grpc-default-executor-5] INFO  impl.FollowerInfo (FollowerInfo.java:lambda$new$0(51)) - 0f4aa411-f22d-408f-a3ae-026c0e4d845c@group-447053F58748->82b87940-075a-4240-9714-83f9b1f11359: nextIndex: updateUnconditionally 16 -> 15
2019-09-10 13:19:59,799 [grpc-default-executor-2] WARN  server.GrpcLogAppender (LogUtils.java:warn(134)) - 0f4aa411-f22d-408f-a3ae-026c0e4d845c@group-447053F58748->e5557321-17be-433a-8d96-d7d186384118-AppendLogResponseHandler: Failed appendEntries: org.apache.ratis.thirdparty.io.grpc.StatusRuntimeException: UNAVAILABLE: io exception
2019-09-10 13:19:59,799 [grpc-default-executor-2] INFO  impl.FollowerInfo (FollowerInfo.java:lambda$new$0(51)) - 0f4aa411-f22d-408f-a3ae-026c0e4d845c@group-447053F58748->e5557321-17be-433a-8d96-d7d186384118: nextIndex: updateUnconditionally 0 -> 0
2019-09-10 13:20:00,258 [java.util.concurrent.ThreadPoolExecutor$Worker@6cb6bbf9[State = -1, empty queue]] WARN  server.GrpcLogAppender (GrpcLogAppender.java:timeoutAppendRequest(200)) - 77c590a9-0e60-42d8-bbf8-e31004d5a9e8@group-5DD09A43E0EE->598fdd25-f3b3-418d-bbd3-bcbfa35279b9-GrpcLogAppender: appendEntries Timeout, request=77c590a9-0e60-42d8-bbf8-e31004d5a9e8->598fdd25-f3b3-418d-bbd3-bcbfa35279b9#113-t2, previous=(t:2, i:19), leaderCommit=15, initializing? false, entries: <empty>
2019-09-10 13:20:00,258 [java.util.concurrent.ThreadPoolExecutor$Worker@2bd31529[State = -1, empty queue]] WARN  server.GrpcLogAppender (GrpcLogAppender.java:timeoutAppendRequest(200)) - 77c590a9-0e60-42d8-bbf8-e31004d5a9e8@group-5DD09A43E0EE->05e9b83b-b6ec-4168-9e18-fac302cf5421-GrpcLogAppender: appendEntries Timeout, request=77c590a9-0e60-42d8-bbf8-e31004d5a9e8->05e9b83b-b6ec-4168-9e18-fac302cf5421#113-t2, previous=(t:2, i:19), leaderCommit=15, initializing? false, entries: <empty>
2019-09-10 13:20:00,263 [grpc-default-executor-4] WARN  server.GrpcLogAppender (LogUtils.java:warn(134)) - 0f4aa411-f22d-408f-a3ae-026c0e4d845c@group-447053F58748->82b87940-075a-4240-9714-83f9b1f11359-AppendLogResponseHandler: Failed appendEntries: org.apache.ratis.thirdparty.io.grpc.StatusRuntimeException: UNAVAILABLE: io exception
2019-09-10 13:20:00,263 [grpc-default-executor-4] INFO  impl.FollowerInfo (FollowerInfo.java:lambda$new$0(51)) - 0f4aa411-f22d-408f-a3ae-026c0e4d845c@group-447053F58748->82b87940-075a-4240-9714-83f9b1f11359: nextIndex: updateUnconditionally 15 -> 14
2019-09-10 13:20:00,300 [grpc-default-executor-2] WARN  server.GrpcLogAppender (LogUtils.java:warn(134)) - 0f4aa411-f22d-408f-a3ae-026c0e4d845c@group-447053F58748->e5557321-17be-433a-8d96-d7d186384118-AppendLogResponseHandler: Failed appendEntries: org.apache.ratis.thirdparty.io.grpc.StatusRuntimeException: UNAVAILABLE: io exception
2019-09-10 13:20:00,300 [grpc-default-executor-2] INFO  impl.FollowerInfo (FollowerInfo.java:lambda$new$0(51)) - 0f4aa411-f22d-408f-a3ae-026c0e4d845c@group-447053F58748->e5557321-17be-433a-8d96-d7d186384118: nextIndex: updateUnconditionally 0 -> 0
2019-09-10 13:20:00,759 [java.util.concurrent.ThreadPoolExecutor$Worker@2bd31529[State = -1, empty queue]] WARN  server.GrpcLogAppender (GrpcLogAppender.java:timeoutAppendRequest(200)) - 77c590a9-0e60-42d8-bbf8-e31004d5a9e8@group-5DD09A43E0EE->05e9b83b-b6ec-4168-9e18-fac302cf5421-GrpcLogAppender: appendEntries Timeout, request=77c590a9-0e60-42d8-bbf8-e31004d5a9e8->05e9b83b-b6ec-4168-9e18-fac302cf5421#114-t2, previous=(t:2, i:19), leaderCommit=15, initializing? false, entries: <empty>
2019-09-10 13:20:00,759 [java.util.concurrent.ThreadPoolExecutor$Worker@6cb6bbf9[State = -1, empty queue]] WARN  server.GrpcLogAppender (GrpcLogAppender.java:timeoutAppendRequest(200)) - 77c590a9-0e60-42d8-bbf8-e31004d5a9e8@group-5DD09A43E0EE->598fdd25-f3b3-418d-bbd3-bcbfa35279b9-GrpcLogAppender: appendEntries Timeout, request=77c590a9-0e60-42d8-bbf8-e31004d5a9e8->598fdd25-f3b3-418d-bbd3-bcbfa35279b9#114-t2, previous=(t:2, i:19), leaderCommit=15, initializing? false, entries: <empty>
2019-09-10 13:20:00,764 [grpc-default-executor-5] WARN  server.GrpcLogAppender (LogUtils.java:warn(134)) - 0f4aa411-f22d-408f-a3ae-026c0e4d845c@group-447053F58748->82b87940-075a-4240-9714-83f9b1f11359-AppendLogResponseHandler: Failed appendEntries: org.apache.ratis.thirdparty.io.grpc.StatusRuntimeException: UNAVAILABLE: io exception
2019-09-10 13:20:00,764 [grpc-default-executor-5] INFO  impl.FollowerInfo (FollowerInfo.java:lambda$new$0(51)) - 0f4aa411-f22d-408f-a3ae-026c0e4d845c@group-447053F58748->82b87940-075a-4240-9714-83f9b1f11359: nextIndex: updateUnconditionally 14 -> 13
2019-09-10 13:20:00,800 [grpc-default-executor-2] WARN  server.GrpcLogAppender (LogUtils.java:warn(134)) - 0f4aa411-f22d-408f-a3ae-026c0e4d845c@group-447053F58748->e5557321-17be-433a-8d96-d7d186384118-AppendLogResponseHandler: Failed appendEntries: org.apache.ratis.thirdparty.io.grpc.StatusRuntimeException: UNAVAILABLE: io exception
2019-09-10 13:20:00,801 [grpc-default-executor-2] INFO  impl.FollowerInfo (FollowerInfo.java:lambda$new$0(51)) - 0f4aa411-f22d-408f-a3ae-026c0e4d845c@group-447053F58748->e5557321-17be-433a-8d96-d7d186384118: nextIndex: updateUnconditionally 0 -> 0
2019-09-10 13:20:01,141 [0f4aa411-f22d-408f-a3ae-026c0e4d845c@group-447053F58748-SegmentedRaftLogWorker] WARN  segmented.SegmentedRaftLogWorker (SegmentedRaftLogWorker.java:getFromFuture(90)) - Timeout 4/~
org.apache.ratis.protocol.TimeoutIOException: Timeout 10s: WriteLog:19: (t:2, i:19), STATEMACHINELOGENTRY, client-7A030D982070, cid=39-writeStateMachineData
	at org.apache.ratis.util.IOUtils.getFromFuture(IOUtils.java:87)
	at org.apache.ratis.server.raftlog.segmented.SegmentedRaftLogWorker$StateMachineDataPolicy.getFromFuture(SegmentedRaftLogWorker.java:87)
	at org.apache.ratis.server.raftlog.segmented.SegmentedRaftLogWorker$WriteLog.execute(SegmentedRaftLogWorker.java:477)
	at org.apache.ratis.server.raftlog.segmented.SegmentedRaftLogWorker.run(SegmentedRaftLogWorker.java:289)
	at java.lang.Thread.run(Thread.java:748)
Caused by: java.util.concurrent.TimeoutException
	at java.util.concurrent.CompletableFuture.timedGet(CompletableFuture.java:1771)
	at java.util.concurrent.CompletableFuture.get(CompletableFuture.java:1915)
	at org.apache.ratis.util.IOUtils.getFromFuture(IOUtils.java:79)
	... 4 more
2019-09-10 13:20:01,259 [java.util.concurrent.ThreadPoolExecutor$Worker@6cb6bbf9[State = -1, empty queue]] WARN  server.GrpcLogAppender (GrpcLogAppender.java:timeoutAppendRequest(200)) - 77c590a9-0e60-42d8-bbf8-e31004d5a9e8@group-5DD09A43E0EE->598fdd25-f3b3-418d-bbd3-bcbfa35279b9-GrpcLogAppender: appendEntries Timeout, request=77c590a9-0e60-42d8-bbf8-e31004d5a9e8->598fdd25-f3b3-418d-bbd3-bcbfa35279b9#115-t2, previous=(t:2, i:19), leaderCommit=15, initializing? false, entries: <empty>
2019-09-10 13:20:01,259 [java.util.concurrent.ThreadPoolExecutor$Worker@2bd31529[State = -1, empty queue]] WARN  server.GrpcLogAppender (GrpcLogAppender.java:timeoutAppendRequest(200)) - 77c590a9-0e60-42d8-bbf8-e31004d5a9e8@group-5DD09A43E0EE->05e9b83b-b6ec-4168-9e18-fac302cf5421-GrpcLogAppender: appendEntries Timeout, request=77c590a9-0e60-42d8-bbf8-e31004d5a9e8->05e9b83b-b6ec-4168-9e18-fac302cf5421#115-t2, previous=(t:2, i:19), leaderCommit=15, initializing? false, entries: <empty>
2019-09-10 13:20:01,265 [grpc-default-executor-2] WARN  server.GrpcLogAppender (LogUtils.java:warn(134)) - 0f4aa411-f22d-408f-a3ae-026c0e4d845c@group-447053F58748->82b87940-075a-4240-9714-83f9b1f11359-AppendLogResponseHandler: Failed appendEntries: org.apache.ratis.thirdparty.io.grpc.StatusRuntimeException: UNAVAILABLE: io exception
2019-09-10 13:20:01,265 [grpc-default-executor-2] INFO  impl.FollowerInfo (FollowerInfo.java:lambda$new$0(51)) - 0f4aa411-f22d-408f-a3ae-026c0e4d845c@group-447053F58748->82b87940-075a-4240-9714-83f9b1f11359: nextIndex: updateUnconditionally 13 -> 12
2019-09-10 13:20:01,301 [grpc-default-executor-2] WARN  server.GrpcLogAppender (LogUtils.java:warn(134)) - 0f4aa411-f22d-408f-a3ae-026c0e4d845c@group-447053F58748->e5557321-17be-433a-8d96-d7d186384118-AppendLogResponseHandler: Failed appendEntries: org.apache.ratis.thirdparty.io.grpc.StatusRuntimeException: UNAVAILABLE: io exception
2019-09-10 13:20:01,302 [grpc-default-executor-2] INFO  impl.FollowerInfo (FollowerInfo.java:lambda$new$0(51)) - 0f4aa411-f22d-408f-a3ae-026c0e4d845c@group-447053F58748->e5557321-17be-433a-8d96-d7d186384118: nextIndex: updateUnconditionally 0 -> 0
2019-09-10 13:20:01,759 [java.util.concurrent.ThreadPoolExecutor$Worker@2bd31529[State = -1, empty queue]] WARN  server.GrpcLogAppender (GrpcLogAppender.java:timeoutAppendRequest(200)) - 77c590a9-0e60-42d8-bbf8-e31004d5a9e8@group-5DD09A43E0EE->05e9b83b-b6ec-4168-9e18-fac302cf5421-GrpcLogAppender: appendEntries Timeout, request=77c590a9-0e60-42d8-bbf8-e31004d5a9e8->05e9b83b-b6ec-4168-9e18-fac302cf5421#116-t2, previous=(t:2, i:19), leaderCommit=15, initializing? false, entries: <empty>
2019-09-10 13:20:01,759 [java.util.concurrent.ThreadPoolExecutor$Worker@6cb6bbf9[State = -1, empty queue]] WARN  server.GrpcLogAppender (GrpcLogAppender.java:timeoutAppendRequest(200)) - 77c590a9-0e60-42d8-bbf8-e31004d5a9e8@group-5DD09A43E0EE->598fdd25-f3b3-418d-bbd3-bcbfa35279b9-GrpcLogAppender: appendEntries Timeout, request=77c590a9-0e60-42d8-bbf8-e31004d5a9e8->598fdd25-f3b3-418d-bbd3-bcbfa35279b9#116-t2, previous=(t:2, i:19), leaderCommit=15, initializing? false, entries: <empty>
2019-09-10 13:20:01,766 [grpc-default-executor-4] WARN  server.GrpcLogAppender (LogUtils.java:warn(134)) - 0f4aa411-f22d-408f-a3ae-026c0e4d845c@group-447053F58748->82b87940-075a-4240-9714-83f9b1f11359-AppendLogResponseHandler: Failed appendEntries: org.apache.ratis.thirdparty.io.grpc.StatusRuntimeException: UNAVAILABLE: io exception
2019-09-10 13:20:01,766 [grpc-default-executor-4] INFO  impl.FollowerInfo (FollowerInfo.java:lambda$new$0(51)) - 0f4aa411-f22d-408f-a3ae-026c0e4d845c@group-447053F58748->82b87940-075a-4240-9714-83f9b1f11359: nextIndex: updateUnconditionally 12 -> 11
2019-09-10 13:20:01,802 [grpc-default-executor-5] WARN  server.GrpcLogAppender (LogUtils.java:warn(134)) - 0f4aa411-f22d-408f-a3ae-026c0e4d845c@group-447053F58748->e5557321-17be-433a-8d96-d7d186384118-AppendLogResponseHandler: Failed appendEntries: org.apache.ratis.thirdparty.io.grpc.StatusRuntimeException: UNAVAILABLE: io exception
2019-09-10 13:20:01,803 [grpc-default-executor-5] INFO  impl.FollowerInfo (FollowerInfo.java:lambda$new$0(51)) - 0f4aa411-f22d-408f-a3ae-026c0e4d845c@group-447053F58748->e5557321-17be-433a-8d96-d7d186384118: nextIndex: updateUnconditionally 0 -> 0
2019-09-10 13:20:02,220 [java.util.concurrent.ThreadPoolExecutor$Worker@33ee767[State = -1, empty queue]] WARN  server.GrpcLogAppender (GrpcLogAppender.java:timeoutAppendRequest(200)) - af983c11-9397-41ec-9bfb-0705919241eb@group-DD7833F53F4E->fa25b701-8575-4c87-a8ca-f6672565109a-GrpcLogAppender: appendEntries Timeout, request=af983c11-9397-41ec-9bfb-0705919241eb->fa25b701-8575-4c87-a8ca-f6672565109a#128-t2, previous=(t:2, i:31), leaderCommit=31, initializing? false, entries: size=1, first=(t:2, i:32), STATEMACHINELOGENTRY, client-7AEE289B780F, cid=64
2019-09-10 13:20:02,220 [java.util.concurrent.ThreadPoolExecutor$Worker@590640b[State = -1, empty queue]] WARN  server.GrpcLogAppender (GrpcLogAppender.java:timeoutAppendRequest(200)) - af983c11-9397-41ec-9bfb-0705919241eb@group-DD7833F53F4E->c9bddf00-2197-4e52-a76a-1743bb04b5e3-GrpcLogAppender: appendEntries Timeout, request=af983c11-9397-41ec-9bfb-0705919241eb->c9bddf00-2197-4e52-a76a-1743bb04b5e3#128-t2, previous=(t:2, i:31), leaderCommit=31, initializing? false, entries: size=1, first=(t:2, i:32), STATEMACHINELOGENTRY, client-7AEE289B780F, cid=64
2019-09-10 13:20:02,220 [java.util.concurrent.ThreadPoolExecutor$Worker@33ee767[State = -1, empty queue]] WARN  server.GrpcLogAppender (GrpcLogAppender.java:timeoutAppendRequest(200)) - af983c11-9397-41ec-9bfb-0705919241eb@group-DD7833F53F4E->fa25b701-8575-4c87-a8ca-f6672565109a-GrpcLogAppender: appendEntries Timeout, request=af983c11-9397-41ec-9bfb-0705919241eb->fa25b701-8575-4c87-a8ca-f6672565109a#129-t2, previous=(t:2, i:32), leaderCommit=31, initializing? false, entries: size=1, first=(t:2, i:33), STATEMACHINELOGENTRY, client-7AEE289B780F, cid=65
2019-09-10 13:20:02,223 [java.util.concurrent.ThreadPoolExecutor$Worker@590640b[State = -1, empty queue]] WARN  server.GrpcLogAppender (GrpcLogAppender.java:timeoutAppendRequest(200)) - af983c11-9397-41ec-9bfb-0705919241eb@group-DD7833F53F4E->c9bddf00-2197-4e52-a76a-1743bb04b5e3-GrpcLogAppender: appendEntries Timeout, request=af983c11-9397-41ec-9bfb-0705919241eb->c9bddf00-2197-4e52-a76a-1743bb04b5e3#129-t2, previous=(t:2, i:32), leaderCommit=31, initializing? false, entries: size=1, first=(t:2, i:33), STATEMACHINELOGENTRY, client-7AEE289B780F, cid=65
2019-09-10 13:20:02,225 [java.util.concurrent.ThreadPoolExecutor$Worker@33ee767[State = -1, empty queue]] WARN  server.GrpcLogAppender (GrpcLogAppender.java:timeoutAppendRequest(200)) - af983c11-9397-41ec-9bfb-0705919241eb@group-DD7833F53F4E->fa25b701-8575-4c87-a8ca-f6672565109a-GrpcLogAppender: appendEntries Timeout, request=af983c11-9397-41ec-9bfb-0705919241eb->fa25b701-8575-4c87-a8ca-f6672565109a#130-t2, previous=(t:2, i:33), leaderCommit=31, initializing? false, entries: size=1, first=(t:2, i:34), STATEMACHINELOGENTRY, client-7AEE289B780F, cid=66
2019-09-10 13:20:02,228 [java.util.concurrent.ThreadPoolExecutor$Worker@590640b[State = -1, empty queue]] WARN  server.GrpcLogAppender (GrpcLogAppender.java:timeoutAppendRequest(200)) - af983c11-9397-41ec-9bfb-0705919241eb@group-DD7833F53F4E->c9bddf00-2197-4e52-a76a-1743bb04b5e3-GrpcLogAppender: appendEntries Timeout, request=af983c11-9397-41ec-9bfb-0705919241eb->c9bddf00-2197-4e52-a76a-1743bb04b5e3#130-t2, previous=(t:2, i:33), leaderCommit=31, initializing? false, entries: size=1, first=(t:2, i:34), STATEMACHINELOGENTRY, client-7AEE289B780F, cid=66
2019-09-10 13:20:02,231 [java.util.concurrent.ThreadPoolExecutor$Worker@33ee767[State = -1, empty queue]] WARN  server.GrpcLogAppender (GrpcLogAppender.java:timeoutAppendRequest(200)) - af983c11-9397-41ec-9bfb-0705919241eb@group-DD7833F53F4E->fa25b701-8575-4c87-a8ca-f6672565109a-GrpcLogAppender: appendEntries Timeout, request=af983c11-9397-41ec-9bfb-0705919241eb->fa25b701-8575-4c87-a8ca-f6672565109a#131-t2, previous=(t:2, i:34), leaderCommit=31, initializing? false, entries: size=1, first=(t:2, i:35), STATEMACHINELOGENTRY, client-7AEE289B780F, cid=67
2019-09-10 13:20:02,234 [java.util.concurrent.ThreadPoolExecutor$Worker@590640b[State = -1, empty queue]] WARN  server.GrpcLogAppender (GrpcLogAppender.java:timeoutAppendRequest(200)) - af983c11-9397-41ec-9bfb-0705919241eb@group-DD7833F53F4E->c9bddf00-2197-4e52-a76a-1743bb04b5e3-GrpcLogAppender: appendEntries Timeout, request=af983c11-9397-41ec-9bfb-0705919241eb->c9bddf00-2197-4e52-a76a-1743bb04b5e3#131-t2, previous=(t:2, i:34), leaderCommit=31, initializing? false, entries: size=1, first=(t:2, i:35), STATEMACHINELOGENTRY, client-7AEE289B780F, cid=67
2019-09-10 13:20:02,259 [java.util.concurrent.ThreadPoolExecutor$Worker@6cb6bbf9[State = -1, empty queue]] WARN  server.GrpcLogAppender (GrpcLogAppender.java:timeoutAppendRequest(200)) - 77c590a9-0e60-42d8-bbf8-e31004d5a9e8@group-5DD09A43E0EE->598fdd25-f3b3-418d-bbd3-bcbfa35279b9-GrpcLogAppender: appendEntries Timeout, request=77c590a9-0e60-42d8-bbf8-e31004d5a9e8->598fdd25-f3b3-418d-bbd3-bcbfa35279b9#117-t2, previous=(t:2, i:19), leaderCommit=15, initializing? false, entries: <empty>
2019-09-10 13:20:02,259 [java.util.concurrent.ThreadPoolExecutor$Worker@2bd31529[State = -1, empty queue]] WARN  server.GrpcLogAppender (GrpcLogAppender.java:timeoutAppendRequest(200)) - 77c590a9-0e60-42d8-bbf8-e31004d5a9e8@group-5DD09A43E0EE->05e9b83b-b6ec-4168-9e18-fac302cf5421-GrpcLogAppender: appendEntries Timeout, request=77c590a9-0e60-42d8-bbf8-e31004d5a9e8->05e9b83b-b6ec-4168-9e18-fac302cf5421#117-t2, previous=(t:2, i:19), leaderCommit=15, initializing? false, entries: <empty>
2019-09-10 13:20:02,272 [grpc-default-executor-4] WARN  server.GrpcLogAppender (LogUtils.java:warn(134)) - 0f4aa411-f22d-408f-a3ae-026c0e4d845c@group-447053F58748->82b87940-075a-4240-9714-83f9b1f11359-AppendLogResponseHandler: Failed appendEntries: org.apache.ratis.thirdparty.io.grpc.StatusRuntimeException: UNAVAILABLE: io exception
2019-09-10 13:20:02,272 [grpc-default-executor-4] INFO  impl.FollowerInfo (FollowerInfo.java:lambda$new$0(51)) - 0f4aa411-f22d-408f-a3ae-026c0e4d845c@group-447053F58748->82b87940-075a-4240-9714-83f9b1f11359: nextIndex: updateUnconditionally 11 -> 10
2019-09-10 13:20:02,302 [grpc-default-executor-2] WARN  server.GrpcLogAppender (LogUtils.java:warn(134)) - 0f4aa411-f22d-408f-a3ae-026c0e4d845c@group-447053F58748->e5557321-17be-433a-8d96-d7d186384118-AppendLogResponseHandler: Failed appendEntries: org.apache.ratis.thirdparty.io.grpc.StatusRuntimeException: UNAVAILABLE: io exception
2019-09-10 13:20:02,303 [grpc-default-executor-2] INFO  impl.FollowerInfo (FollowerInfo.java:lambda$new$0(51)) - 0f4aa411-f22d-408f-a3ae-026c0e4d845c@group-447053F58748->e5557321-17be-433a-8d96-d7d186384118: nextIndex: updateUnconditionally 0 -> 0
2019-09-10 13:20:02,723 [java.util.concurrent.ThreadPoolExecutor$Worker@590640b[State = -1, empty queue]] WARN  server.GrpcLogAppender (GrpcLogAppender.java:timeoutAppendRequest(200)) - af983c11-9397-41ec-9bfb-0705919241eb@group-DD7833F53F4E->c9bddf00-2197-4e52-a76a-1743bb04b5e3-GrpcLogAppender: appendEntries Timeout, request=af983c11-9397-41ec-9bfb-0705919241eb->c9bddf00-2197-4e52-a76a-1743bb04b5e3#132-t2, previous=(t:2, i:35), leaderCommit=31, initializing? false, entries: <empty>
2019-09-10 13:20:02,723 [java.util.concurrent.ThreadPoolExecutor$Worker@33ee767[State = -1, empty queue]] WARN  server.GrpcLogAppender (GrpcLogAppender.java:timeoutAppendRequest(200)) - af983c11-9397-41ec-9bfb-0705919241eb@group-DD7833F53F4E->fa25b701-8575-4c87-a8ca-f6672565109a-GrpcLogAppender: appendEntries Timeout, request=af983c11-9397-41ec-9bfb-0705919241eb->fa25b701-8575-4c87-a8ca-f6672565109a#132-t2, previous=(t:2, i:35), leaderCommit=31, initializing? false, entries: <empty>
2019-09-10 13:20:02,759 [java.util.concurrent.ThreadPoolExecutor$Worker@2bd31529[State = -1, empty queue]] WARN  server.GrpcLogAppender (GrpcLogAppender.java:timeoutAppendRequest(200)) - 77c590a9-0e60-42d8-bbf8-e31004d5a9e8@group-5DD09A43E0EE->05e9b83b-b6ec-4168-9e18-fac302cf5421-GrpcLogAppender: appendEntries Timeout, request=77c590a9-0e60-42d8-bbf8-e31004d5a9e8->05e9b83b-b6ec-4168-9e18-fac302cf5421#118-t2, previous=(t:2, i:19), leaderCommit=15, initializing? false, entries: <empty>
2019-09-10 13:20:02,759 [java.util.concurrent.ThreadPoolExecutor$Worker@6cb6bbf9[State = -1, empty queue]] WARN  server.GrpcLogAppender (GrpcLogAppender.java:timeoutAppendRequest(200)) - 77c590a9-0e60-42d8-bbf8-e31004d5a9e8@group-5DD09A43E0EE->598fdd25-f3b3-418d-bbd3-bcbfa35279b9-GrpcLogAppender: appendEntries Timeout, request=77c590a9-0e60-42d8-bbf8-e31004d5a9e8->598fdd25-f3b3-418d-bbd3-bcbfa35279b9#118-t2, previous=(t:2, i:19), leaderCommit=15, initializing? false, entries: <empty>
2019-09-10 13:20:02,773 [grpc-default-executor-5] WARN  server.GrpcLogAppender (LogUtils.java:warn(134)) - 0f4aa411-f22d-408f-a3ae-026c0e4d845c@group-447053F58748->82b87940-075a-4240-9714-83f9b1f11359-AppendLogResponseHandler: Failed appendEntries: org.apache.ratis.thirdparty.io.grpc.StatusRuntimeException: UNAVAILABLE: io exception
2019-09-10 13:20:02,773 [grpc-default-executor-5] INFO  impl.FollowerInfo (FollowerInfo.java:lambda$new$0(51)) - 0f4aa411-f22d-408f-a3ae-026c0e4d845c@group-447053F58748->82b87940-075a-4240-9714-83f9b1f11359: nextIndex: updateUnconditionally 10 -> 9
2019-09-10 13:20:02,803 [grpc-default-executor-2] WARN  server.GrpcLogAppender (LogUtils.java:warn(134)) - 0f4aa411-f22d-408f-a3ae-026c0e4d845c@group-447053F58748->e5557321-17be-433a-8d96-d7d186384118-AppendLogResponseHandler: Failed appendEntries: org.apache.ratis.thirdparty.io.grpc.StatusRuntimeException: UNAVAILABLE: io exception
2019-09-10 13:20:02,804 [grpc-default-executor-2] INFO  impl.FollowerInfo (FollowerInfo.java:lambda$new$0(51)) - 0f4aa411-f22d-408f-a3ae-026c0e4d845c@group-447053F58748->e5557321-17be-433a-8d96-d7d186384118: nextIndex: updateUnconditionally 0 -> 0
2019-09-10 13:20:03,223 [java.util.concurrent.ThreadPoolExecutor$Worker@590640b[State = -1, empty queue]] WARN  server.GrpcLogAppender (GrpcLogAppender.java:timeoutAppendRequest(200)) - af983c11-9397-41ec-9bfb-0705919241eb@group-DD7833F53F4E->c9bddf00-2197-4e52-a76a-1743bb04b5e3-GrpcLogAppender: appendEntries Timeout, request=af983c11-9397-41ec-9bfb-0705919241eb->c9bddf00-2197-4e52-a76a-1743bb04b5e3#133-t2, previous=(t:2, i:35), leaderCommit=31, initializing? false, entries: <empty>
2019-09-10 13:20:03,223 [java.util.concurrent.ThreadPoolExecutor$Worker@33ee767[State = -1, empty queue]] WARN  server.GrpcLogAppender (GrpcLogAppender.java:timeoutAppendRequest(200)) - af983c11-9397-41ec-9bfb-0705919241eb@group-DD7833F53F4E->fa25b701-8575-4c87-a8ca-f6672565109a-GrpcLogAppender: appendEntries Timeout, request=af983c11-9397-41ec-9bfb-0705919241eb->fa25b701-8575-4c87-a8ca-f6672565109a#133-t2, previous=(t:2, i:35), leaderCommit=31, initializing? false, entries: <empty>
2019-09-10 13:20:03,260 [java.util.concurrent.ThreadPoolExecutor$Worker@6cb6bbf9[State = -1, empty queue]] WARN  server.GrpcLogAppender (GrpcLogAppender.java:timeoutAppendRequest(200)) - 77c590a9-0e60-42d8-bbf8-e31004d5a9e8@group-5DD09A43E0EE->598fdd25-f3b3-418d-bbd3-bcbfa35279b9-GrpcLogAppender: appendEntries Timeout, request=77c590a9-0e60-42d8-bbf8-e31004d5a9e8->598fdd25-f3b3-418d-bbd3-bcbfa35279b9#119-t2, previous=(t:2, i:19), leaderCommit=15, initializing? false, entries: <empty>
2019-09-10 13:20:03,260 [java.util.concurrent.ThreadPoolExecutor$Worker@2bd31529[State = -1, empty queue]] WARN  server.GrpcLogAppender (GrpcLogAppender.java:timeoutAppendRequest(200)) - 77c590a9-0e60-42d8-bbf8-e31004d5a9e8@group-5DD09A43E0EE->05e9b83b-b6ec-4168-9e18-fac302cf5421-GrpcLogAppender: appendEntries Timeout, request=77c590a9-0e60-42d8-bbf8-e31004d5a9e8->05e9b83b-b6ec-4168-9e18-fac302cf5421#119-t2, previous=(t:2, i:19), leaderCommit=15, initializing? false, entries: <empty>
2019-09-10 13:20:03,273 [grpc-default-executor-4] WARN  server.GrpcLogAppender (LogUtils.java:warn(134)) - 0f4aa411-f22d-408f-a3ae-026c0e4d845c@group-447053F58748->82b87940-075a-4240-9714-83f9b1f11359-AppendLogResponseHandler: Failed appendEntries: org.apache.ratis.thirdparty.io.grpc.StatusRuntimeException: UNAVAILABLE: io exception
2019-09-10 13:20:03,273 [grpc-default-executor-4] INFO  impl.FollowerInfo (FollowerInfo.java:lambda$new$0(51)) - 0f4aa411-f22d-408f-a3ae-026c0e4d845c@group-447053F58748->82b87940-075a-4240-9714-83f9b1f11359: nextIndex: updateUnconditionally 9 -> 8
2019-09-10 13:20:03,303 [grpc-default-executor-2] WARN  server.GrpcLogAppender (LogUtils.java:warn(134)) - 0f4aa411-f22d-408f-a3ae-026c0e4d845c@group-447053F58748->e5557321-17be-433a-8d96-d7d186384118-AppendLogResponseHandler: Failed appendEntries: org.apache.ratis.thirdparty.io.grpc.StatusRuntimeException: UNAVAILABLE: io exception
2019-09-10 13:20:03,304 [grpc-default-executor-2] INFO  impl.FollowerInfo (FollowerInfo.java:lambda$new$0(51)) - 0f4aa411-f22d-408f-a3ae-026c0e4d845c@group-447053F58748->e5557321-17be-433a-8d96-d7d186384118: nextIndex: updateUnconditionally 0 -> 0
2019-09-10 13:20:03,724 [java.util.concurrent.ThreadPoolExecutor$Worker@590640b[State = -1, empty queue]] WARN  server.GrpcLogAppender (GrpcLogAppender.java:timeoutAppendRequest(200)) - af983c11-9397-41ec-9bfb-0705919241eb@group-DD7833F53F4E->c9bddf00-2197-4e52-a76a-1743bb04b5e3-GrpcLogAppender: appendEntries Timeout, request=af983c11-9397-41ec-9bfb-0705919241eb->c9bddf00-2197-4e52-a76a-1743bb04b5e3#134-t2, previous=(t:2, i:35), leaderCommit=31, initializing? false, entries: <empty>
2019-09-10 13:20:03,724 [java.util.concurrent.ThreadPoolExecutor$Worker@33ee767[State = -1, empty queue]] WARN  server.GrpcLogAppender (GrpcLogAppender.java:timeoutAppendRequest(200)) - af983c11-9397-41ec-9bfb-0705919241eb@group-DD7833F53F4E->fa25b701-8575-4c87-a8ca-f6672565109a-GrpcLogAppender: appendEntries Timeout, request=af983c11-9397-41ec-9bfb-0705919241eb->fa25b701-8575-4c87-a8ca-f6672565109a#134-t2, previous=(t:2, i:35), leaderCommit=31, initializing? false, entries: <empty>
2019-09-10 13:20:03,760 [java.util.concurrent.ThreadPoolExecutor$Worker@6cb6bbf9[State = -1, empty queue]] WARN  server.GrpcLogAppender (GrpcLogAppender.java:timeoutAppendRequest(200)) - 77c590a9-0e60-42d8-bbf8-e31004d5a9e8@group-5DD09A43E0EE->598fdd25-f3b3-418d-bbd3-bcbfa35279b9-GrpcLogAppender: appendEntries Timeout, request=77c590a9-0e60-42d8-bbf8-e31004d5a9e8->598fdd25-f3b3-418d-bbd3-bcbfa35279b9#120-t2, previous=(t:2, i:19), leaderCommit=15, initializing? false, entries: <empty>
2019-09-10 13:20:03,760 [java.util.concurrent.ThreadPoolExecutor$Worker@2bd31529[State = -1, empty queue]] WARN  server.GrpcLogAppender (GrpcLogAppender.java:timeoutAppendRequest(200)) - 77c590a9-0e60-42d8-bbf8-e31004d5a9e8@group-5DD09A43E0EE->05e9b83b-b6ec-4168-9e18-fac302cf5421-GrpcLogAppender: appendEntries Timeout, request=77c590a9-0e60-42d8-bbf8-e31004d5a9e8->05e9b83b-b6ec-4168-9e18-fac302cf5421#120-t2, previous=(t:2, i:19), leaderCommit=15, initializing? false, entries: <empty>
2019-09-10 13:20:03,774 [grpc-default-executor-5] WARN  server.GrpcLogAppender (LogUtils.java:warn(134)) - 0f4aa411-f22d-408f-a3ae-026c0e4d845c@group-447053F58748->82b87940-075a-4240-9714-83f9b1f11359-AppendLogResponseHandler: Failed appendEntries: org.apache.ratis.thirdparty.io.grpc.StatusRuntimeException: UNAVAILABLE: io exception
2019-09-10 13:20:03,775 [grpc-default-executor-5] INFO  impl.FollowerInfo (FollowerInfo.java:lambda$new$0(51)) - 0f4aa411-f22d-408f-a3ae-026c0e4d845c@group-447053F58748->82b87940-075a-4240-9714-83f9b1f11359: nextIndex: updateUnconditionally 8 -> 7
2019-09-10 13:20:03,804 [grpc-default-executor-2] WARN  server.GrpcLogAppender (LogUtils.java:warn(134)) - 0f4aa411-f22d-408f-a3ae-026c0e4d845c@group-447053F58748->e5557321-17be-433a-8d96-d7d186384118-AppendLogResponseHandler: Failed appendEntries: org.apache.ratis.thirdparty.io.grpc.StatusRuntimeException: UNAVAILABLE: io exception
2019-09-10 13:20:03,804 [grpc-default-executor-2] INFO  impl.FollowerInfo (FollowerInfo.java:lambda$new$0(51)) - 0f4aa411-f22d-408f-a3ae-026c0e4d845c@group-447053F58748->e5557321-17be-433a-8d96-d7d186384118: nextIndex: updateUnconditionally 0 -> 0
2019-09-10 13:20:04,224 [java.util.concurrent.ThreadPoolExecutor$Worker@590640b[State = -1, empty queue]] WARN  server.GrpcLogAppender (GrpcLogAppender.java:timeoutAppendRequest(200)) - af983c11-9397-41ec-9bfb-0705919241eb@group-DD7833F53F4E->c9bddf00-2197-4e52-a76a-1743bb04b5e3-GrpcLogAppender: appendEntries Timeout, request=af983c11-9397-41ec-9bfb-0705919241eb->c9bddf00-2197-4e52-a76a-1743bb04b5e3#135-t2, previous=(t:2, i:35), leaderCommit=31, initializing? false, entries: <empty>
2019-09-10 13:20:04,224 [java.util.concurrent.ThreadPoolExecutor$Worker@33ee767[State = -1, empty queue]] WARN  server.GrpcLogAppender (GrpcLogAppender.java:timeoutAppendRequest(200)) - af983c11-9397-41ec-9bfb-0705919241eb@group-DD7833F53F4E->fa25b701-8575-4c87-a8ca-f6672565109a-GrpcLogAppender: appendEntries Timeout, request=af983c11-9397-41ec-9bfb-0705919241eb->fa25b701-8575-4c87-a8ca-f6672565109a#135-t2, previous=(t:2, i:35), leaderCommit=31, initializing? false, entries: <empty>
2019-09-10 13:20:04,242 [grpc-default-executor-2] INFO  client.GrpcClientProtocolClient (GrpcClientProtocolClient.java:onNext(264)) - client-7AEE289B780F->fa25b701-8575-4c87-a8ca-f6672565109a: receive RaftClientReply:client-7AEE289B780F->fa25b701-8575-4c87-a8ca-f6672565109a@group-DD7833F53F4E, cid=64, FAILED org.apache.ratis.protocol.NotLeaderException: Server fa25b701-8575-4c87-a8ca-f6672565109a@group-DD7833F53F4E is not the leader af983c11-9397-41ec-9bfb-0705919241eb:192.168.34.50:34977, logIndex=0, commits[fa25b701-8575-4c87-a8ca-f6672565109a:c31, af983c11-9397-41ec-9bfb-0705919241eb:c31, c9bddf00-2197-4e52-a76a-1743bb04b5e3:c29]
2019-09-10 13:20:04,260 [java.util.concurrent.ThreadPoolExecutor$Worker@6cb6bbf9[State = -1, empty queue]] WARN  server.GrpcLogAppender (GrpcLogAppender.java:timeoutAppendRequest(200)) - 77c590a9-0e60-42d8-bbf8-e31004d5a9e8@group-5DD09A43E0EE->598fdd25-f3b3-418d-bbd3-bcbfa35279b9-GrpcLogAppender: appendEntries Timeout, request=77c590a9-0e60-42d8-bbf8-e31004d5a9e8->598fdd25-f3b3-418d-bbd3-bcbfa35279b9#121-t2, previous=(t:2, i:19), leaderCommit=15, initializing? false, entries: <empty>
2019-09-10 13:20:04,260 [java.util.concurrent.ThreadPoolExecutor$Worker@2bd31529[State = -1, empty queue]] WARN  server.GrpcLogAppender (GrpcLogAppender.java:timeoutAppendRequest(200)) - 77c590a9-0e60-42d8-bbf8-e31004d5a9e8@group-5DD09A43E0EE->05e9b83b-b6ec-4168-9e18-fac302cf5421-GrpcLogAppender: appendEntries Timeout, request=77c590a9-0e60-42d8-bbf8-e31004d5a9e8->05e9b83b-b6ec-4168-9e18-fac302cf5421#121-t2, previous=(t:2, i:19), leaderCommit=15, initializing? false, entries: <empty>
2019-09-10 13:20:04,274 [grpc-default-executor-5] WARN  server.GrpcLogAppender (LogUtils.java:warn(134)) - 0f4aa411-f22d-408f-a3ae-026c0e4d845c@group-447053F58748->82b87940-075a-4240-9714-83f9b1f11359-AppendLogResponseHandler: Failed appendEntries: org.apache.ratis.thirdparty.io.grpc.StatusRuntimeException: UNAVAILABLE: io exception
2019-09-10 13:20:04,275 [grpc-default-executor-5] INFO  impl.FollowerInfo (FollowerInfo.java:lambda$new$0(51)) - 0f4aa411-f22d-408f-a3ae-026c0e4d845c@group-447053F58748->82b87940-075a-4240-9714-83f9b1f11359: nextIndex: updateUnconditionally 7 -> 6
2019-09-10 13:20:04,305 [grpc-default-executor-2] WARN  server.GrpcLogAppender (LogUtils.java:warn(134)) - 0f4aa411-f22d-408f-a3ae-026c0e4d845c@group-447053F58748->e5557321-17be-433a-8d96-d7d186384118-AppendLogResponseHandler: Failed appendEntries: org.apache.ratis.thirdparty.io.grpc.StatusRuntimeException: UNAVAILABLE: io exception
2019-09-10 13:20:04,305 [grpc-default-executor-2] INFO  impl.FollowerInfo (FollowerInfo.java:lambda$new$0(51)) - 0f4aa411-f22d-408f-a3ae-026c0e4d845c@group-447053F58748->e5557321-17be-433a-8d96-d7d186384118: nextIndex: updateUnconditionally 0 -> 0
2019-09-10 13:20:04,724 [java.util.concurrent.ThreadPoolExecutor$Worker@590640b[State = -1, empty queue]] WARN  server.GrpcLogAppender (GrpcLogAppender.java:timeoutAppendRequest(200)) - af983c11-9397-41ec-9bfb-0705919241eb@group-DD7833F53F4E->c9bddf00-2197-4e52-a76a-1743bb04b5e3-GrpcLogAppender: appendEntries Timeout, request=af983c11-9397-41ec-9bfb-0705919241eb->c9bddf00-2197-4e52-a76a-1743bb04b5e3#136-t2, previous=(t:2, i:35), leaderCommit=31, initializing? false, entries: <empty>
2019-09-10 13:20:04,724 [java.util.concurrent.ThreadPoolExecutor$Worker@33ee767[State = -1, empty queue]] WARN  server.GrpcLogAppender (GrpcLogAppender.java:timeoutAppendRequest(200)) - af983c11-9397-41ec-9bfb-0705919241eb@group-DD7833F53F4E->fa25b701-8575-4c87-a8ca-f6672565109a-GrpcLogAppender: appendEntries Timeout, request=af983c11-9397-41ec-9bfb-0705919241eb->fa25b701-8575-4c87-a8ca-f6672565109a#136-t2, previous=(t:2, i:35), leaderCommit=31, initializing? false, entries: <empty>
2019-09-10 13:20:04,760 [java.util.concurrent.ThreadPoolExecutor$Worker@6cb6bbf9[State = -1, empty queue]] WARN  server.GrpcLogAppender (GrpcLogAppender.java:timeoutAppendRequest(200)) - 77c590a9-0e60-42d8-bbf8-e31004d5a9e8@group-5DD09A43E0EE->598fdd25-f3b3-418d-bbd3-bcbfa35279b9-GrpcLogAppender: appendEntries Timeout, request=77c590a9-0e60-42d8-bbf8-e31004d5a9e8->598fdd25-f3b3-418d-bbd3-bcbfa35279b9#122-t2, previous=(t:2, i:19), leaderCommit=15, initializing? false, entries: <empty>
2019-09-10 13:20:04,760 [java.util.concurrent.ThreadPoolExecutor$Worker@2bd31529[State = -1, empty queue]] WARN  server.GrpcLogAppender (GrpcLogAppender.java:timeoutAppendRequest(200)) - 77c590a9-0e60-42d8-bbf8-e31004d5a9e8@group-5DD09A43E0EE->05e9b83b-b6ec-4168-9e18-fac302cf5421-GrpcLogAppender: appendEntries Timeout, request=77c590a9-0e60-42d8-bbf8-e31004d5a9e8->05e9b83b-b6ec-4168-9e18-fac302cf5421#122-t2, previous=(t:2, i:19), leaderCommit=15, initializing? false, entries: <empty>
2019-09-10 13:20:04,775 [grpc-default-executor-4] WARN  server.GrpcLogAppender (LogUtils.java:warn(134)) - 0f4aa411-f22d-408f-a3ae-026c0e4d845c@group-447053F58748->82b87940-075a-4240-9714-83f9b1f11359-AppendLogResponseHandler: Failed appendEntries: org.apache.ratis.thirdparty.io.grpc.StatusRuntimeException: UNAVAILABLE: io exception
2019-09-10 13:20:04,776 [grpc-default-executor-4] INFO  impl.FollowerInfo (FollowerInfo.java:lambda$new$0(51)) - 0f4aa411-f22d-408f-a3ae-026c0e4d845c@group-447053F58748->82b87940-075a-4240-9714-83f9b1f11359: nextIndex: updateUnconditionally 6 -> 5
2019-09-10 13:20:04,805 [grpc-default-executor-2] WARN  server.GrpcLogAppender (LogUtils.java:warn(134)) - 0f4aa411-f22d-408f-a3ae-026c0e4d845c@group-447053F58748->e5557321-17be-433a-8d96-d7d186384118-AppendLogResponseHandler: Failed appendEntries: org.apache.ratis.thirdparty.io.grpc.StatusRuntimeException: UNAVAILABLE: io exception
2019-09-10 13:20:04,806 [grpc-default-executor-2] INFO  impl.FollowerInfo (FollowerInfo.java:lambda$new$0(51)) - 0f4aa411-f22d-408f-a3ae-026c0e4d845c@group-447053F58748->e5557321-17be-433a-8d96-d7d186384118: nextIndex: updateUnconditionally 0 -> 0
2019-09-10 13:20:05,213 [598fdd25-f3b3-418d-bbd3-bcbfa35279b9@group-5DD09A43E0EE-SegmentedRaftLogWorker] WARN  segmented.SegmentedRaftLogWorker (SegmentedRaftLogWorker.java:getFromFuture(90)) - Timeout 2/~
org.apache.ratis.protocol.TimeoutIOException: Timeout 10s: WriteLog:16: (t:2, i:16), STATEMACHINELOGENTRY, client-7BF1329EB290, cid=51-writeStateMachineData
	at org.apache.ratis.util.IOUtils.getFromFuture(IOUtils.java:87)
	at org.apache.ratis.server.raftlog.segmented.SegmentedRaftLogWorker$StateMachineDataPolicy.getFromFuture(SegmentedRaftLogWorker.java:87)
	at org.apache.ratis.server.raftlog.segmented.SegmentedRaftLogWorker$WriteLog.execute(SegmentedRaftLogWorker.java:477)
	at org.apache.ratis.server.raftlog.segmented.SegmentedRaftLogWorker.run(SegmentedRaftLogWorker.java:289)
	at java.lang.Thread.run(Thread.java:748)
Caused by: java.util.concurrent.TimeoutException
	at java.util.concurrent.CompletableFuture.timedGet(CompletableFuture.java:1771)
	at java.util.concurrent.CompletableFuture.get(CompletableFuture.java:1915)
	at org.apache.ratis.util.IOUtils.getFromFuture(IOUtils.java:79)
	... 4 more
2019-09-10 13:20:05,213 [05e9b83b-b6ec-4168-9e18-fac302cf5421@group-5DD09A43E0EE-SegmentedRaftLogWorker] WARN  segmented.SegmentedRaftLogWorker (SegmentedRaftLogWorker.java:getFromFuture(90)) - Timeout 2/~
org.apache.ratis.protocol.TimeoutIOException: Timeout 10s: WriteLog:16: (t:2, i:16), STATEMACHINELOGENTRY, client-7BF1329EB290, cid=51-writeStateMachineData
	at org.apache.ratis.util.IOUtils.getFromFuture(IOUtils.java:87)
	at org.apache.ratis.server.raftlog.segmented.SegmentedRaftLogWorker$StateMachineDataPolicy.getFromFuture(SegmentedRaftLogWorker.java:87)
	at org.apache.ratis.server.raftlog.segmented.SegmentedRaftLogWorker$WriteLog.execute(SegmentedRaftLogWorker.java:477)
	at org.apache.ratis.server.raftlog.segmented.SegmentedRaftLogWorker.run(SegmentedRaftLogWorker.java:289)
	at java.lang.Thread.run(Thread.java:748)
Caused by: java.util.concurrent.TimeoutException
	at java.util.concurrent.CompletableFuture.timedGet(CompletableFuture.java:1771)
	at java.util.concurrent.CompletableFuture.get(CompletableFuture.java:1915)
	at org.apache.ratis.util.IOUtils.getFromFuture(IOUtils.java:79)
	... 4 more
2019-09-10 13:20:05,226 [java.util.concurrent.ThreadPoolExecutor$Worker@33ee767[State = -1, empty queue]] WARN  server.GrpcLogAppender (GrpcLogAppender.java:timeoutAppendRequest(200)) - af983c11-9397-41ec-9bfb-0705919241eb@group-DD7833F53F4E->fa25b701-8575-4c87-a8ca-f6672565109a-GrpcLogAppender: appendEntries Timeout, request=af983c11-9397-41ec-9bfb-0705919241eb->fa25b701-8575-4c87-a8ca-f6672565109a#137-t2, previous=(t:2, i:35), leaderCommit=31, initializing? false, entries: <empty>
2019-09-10 13:20:05,226 [java.util.concurrent.ThreadPoolExecutor$Worker@590640b[State = -1, empty queue]] WARN  server.GrpcLogAppender (GrpcLogAppender.java:timeoutAppendRequest(200)) - af983c11-9397-41ec-9bfb-0705919241eb@group-DD7833F53F4E->c9bddf00-2197-4e52-a76a-1743bb04b5e3-GrpcLogAppender: appendEntries Timeout, request=af983c11-9397-41ec-9bfb-0705919241eb->c9bddf00-2197-4e52-a76a-1743bb04b5e3#137-t2, previous=(t:2, i:35), leaderCommit=31, initializing? false, entries: <empty>
2019-09-10 13:20:05,269 [java.util.concurrent.ThreadPoolExecutor$Worker@6cb6bbf9[State = -1, empty queue]] WARN  server.GrpcLogAppender (GrpcLogAppender.java:timeoutAppendRequest(200)) - 77c590a9-0e60-42d8-bbf8-e31004d5a9e8@group-5DD09A43E0EE->598fdd25-f3b3-418d-bbd3-bcbfa35279b9-GrpcLogAppender: appendEntries Timeout, request=77c590a9-0e60-42d8-bbf8-e31004d5a9e8->598fdd25-f3b3-418d-bbd3-bcbfa35279b9#123-t2, previous=(t:2, i:19), leaderCommit=15, initializing? false, entries: <empty>
2019-09-10 13:20:05,269 [java.util.concurrent.ThreadPoolExecutor$Worker@2bd31529[State = -1, empty queue]] WARN  server.GrpcLogAppender (GrpcLogAppender.java:timeoutAppendRequest(200)) - 77c590a9-0e60-42d8-bbf8-e31004d5a9e8@group-5DD09A43E0EE->05e9b83b-b6ec-4168-9e18-fac302cf5421-GrpcLogAppender: appendEntries Timeout, request=77c590a9-0e60-42d8-bbf8-e31004d5a9e8->05e9b83b-b6ec-4168-9e18-fac302cf5421#123-t2, previous=(t:2, i:19), leaderCommit=15, initializing? false, entries: <empty>
2019-09-10 13:20:05,277 [grpc-default-executor-5] WARN  server.GrpcLogAppender (LogUtils.java:warn(134)) - 0f4aa411-f22d-408f-a3ae-026c0e4d845c@group-447053F58748->82b87940-075a-4240-9714-83f9b1f11359-AppendLogResponseHandler: Failed appendEntries: org.apache.ratis.thirdparty.io.grpc.StatusRuntimeException: UNAVAILABLE: io exception
2019-09-10 13:20:05,277 [grpc-default-executor-5] INFO  impl.FollowerInfo (FollowerInfo.java:lambda$new$0(51)) - 0f4aa411-f22d-408f-a3ae-026c0e4d845c@group-447053F58748->82b87940-075a-4240-9714-83f9b1f11359: nextIndex: updateUnconditionally 5 -> 4
2019-09-10 13:20:05,306 [grpc-default-executor-4] WARN  server.GrpcLogAppender (LogUtils.java:warn(134)) - 0f4aa411-f22d-408f-a3ae-026c0e4d845c@group-447053F58748->e5557321-17be-433a-8d96-d7d186384118-AppendLogResponseHandler: Failed appendEntries: org.apache.ratis.thirdparty.io.grpc.StatusRuntimeException: UNAVAILABLE: io exception
2019-09-10 13:20:05,306 [grpc-default-executor-4] INFO  impl.FollowerInfo (FollowerInfo.java:lambda$new$0(51)) - 0f4aa411-f22d-408f-a3ae-026c0e4d845c@group-447053F58748->e5557321-17be-433a-8d96-d7d186384118: nextIndex: updateUnconditionally 0 -> 0
2019-09-10 13:20:05,381 [77c590a9-0e60-42d8-bbf8-e31004d5a9e8@group-5DD09A43E0EE-SegmentedRaftLogWorker] WARN  segmented.SegmentedRaftLogWorker (SegmentedRaftLogWorker.java:getFromFuture(90)) - Timeout 2/~
org.apache.ratis.protocol.TimeoutIOException: Timeout 10s: WriteLog:18: (t:2, i:18), STATEMACHINELOGENTRY, client-7BF1329EB290, cid=53-writeStateMachineData
	at org.apache.ratis.util.IOUtils.getFromFuture(IOUtils.java:87)
	at org.apache.ratis.server.raftlog.segmented.SegmentedRaftLogWorker$StateMachineDataPolicy.getFromFuture(SegmentedRaftLogWorker.java:87)
	at org.apache.ratis.server.raftlog.segmented.SegmentedRaftLogWorker$WriteLog.execute(SegmentedRaftLogWorker.java:477)
	at org.apache.ratis.server.raftlog.segmented.SegmentedRaftLogWorker.run(SegmentedRaftLogWorker.java:289)
	at java.lang.Thread.run(Thread.java:748)
Caused by: java.util.concurrent.TimeoutException
	at java.util.concurrent.CompletableFuture.timedGet(CompletableFuture.java:1771)
	at java.util.concurrent.CompletableFuture.get(CompletableFuture.java:1915)
	at org.apache.ratis.util.IOUtils.getFromFuture(IOUtils.java:79)
	... 4 more
2019-09-10 13:20:05,726 [java.util.concurrent.ThreadPoolExecutor$Worker@33ee767[State = -1, empty queue]] WARN  server.GrpcLogAppender (GrpcLogAppender.java:timeoutAppendRequest(200)) - af983c11-9397-41ec-9bfb-0705919241eb@group-DD7833F53F4E->fa25b701-8575-4c87-a8ca-f6672565109a-GrpcLogAppender: appendEntries Timeout, request=af983c11-9397-41ec-9bfb-0705919241eb->fa25b701-8575-4c87-a8ca-f6672565109a#138-t2, previous=(t:2, i:35), leaderCommit=31, initializing? false, entries: <empty>
2019-09-10 13:20:05,726 [java.util.concurrent.ThreadPoolExecutor$Worker@590640b[State = -1, empty queue]] WARN  server.GrpcLogAppender (GrpcLogAppender.java:timeoutAppendRequest(200)) - af983c11-9397-41ec-9bfb-0705919241eb@group-DD7833F53F4E->c9bddf00-2197-4e52-a76a-1743bb04b5e3-GrpcLogAppender: appendEntries Timeout, request=af983c11-9397-41ec-9bfb-0705919241eb->c9bddf00-2197-4e52-a76a-1743bb04b5e3#138-t2, previous=(t:2, i:35), leaderCommit=31, initializing? false, entries: <empty>
2019-09-10 13:20:05,765 [java.util.concurrent.ThreadPoolExecutor$Worker@6cb6bbf9[State = -1, empty queue]] WARN  server.GrpcLogAppender (GrpcLogAppender.java:timeoutAppendRequest(200)) - 77c590a9-0e60-42d8-bbf8-e31004d5a9e8@group-5DD09A43E0EE->598fdd25-f3b3-418d-bbd3-bcbfa35279b9-GrpcLogAppender: appendEntries Timeout, request=77c590a9-0e60-42d8-bbf8-e31004d5a9e8->598fdd25-f3b3-418d-bbd3-bcbfa35279b9#124-t2, previous=(t:2, i:19), leaderCommit=15, initializing? false, entries: <empty>
2019-09-10 13:20:05,765 [java.util.concurrent.ThreadPoolExecutor$Worker@2bd31529[State = -1, empty queue]] WARN  server.GrpcLogAppender (GrpcLogAppender.java:timeoutAppendRequest(200)) - 77c590a9-0e60-42d8-bbf8-e31004d5a9e8@group-5DD09A43E0EE->05e9b83b-b6ec-4168-9e18-fac302cf5421-GrpcLogAppender: appendEntries Timeout, request=77c590a9-0e60-42d8-bbf8-e31004d5a9e8->05e9b83b-b6ec-4168-9e18-fac302cf5421#124-t2, previous=(t:2, i:19), leaderCommit=15, initializing? false, entries: <empty>
2019-09-10 13:20:05,780 [grpc-default-executor-2] WARN  server.GrpcLogAppender (LogUtils.java:warn(134)) - 0f4aa411-f22d-408f-a3ae-026c0e4d845c@group-447053F58748->82b87940-075a-4240-9714-83f9b1f11359-AppendLogResponseHandler: Failed appendEntries: org.apache.ratis.thirdparty.io.grpc.StatusRuntimeException: UNAVAILABLE: io exception
2019-09-10 13:20:05,780 [grpc-default-executor-2] INFO  impl.FollowerInfo (FollowerInfo.java:lambda$new$0(51)) - 0f4aa411-f22d-408f-a3ae-026c0e4d845c@group-447053F58748->82b87940-075a-4240-9714-83f9b1f11359: nextIndex: updateUnconditionally 4 -> 3
2019-09-10 13:20:05,806 [grpc-default-executor-5] WARN  server.GrpcLogAppender (LogUtils.java:warn(134)) - 0f4aa411-f22d-408f-a3ae-026c0e4d845c@group-447053F58748->e5557321-17be-433a-8d96-d7d186384118-AppendLogResponseHandler: Failed appendEntries: org.apache.ratis.thirdparty.io.grpc.StatusRuntimeException: UNAVAILABLE: io exception
2019-09-10 13:20:05,807 [grpc-default-executor-5] INFO  impl.FollowerInfo (FollowerInfo.java:lambda$new$0(51)) - 0f4aa411-f22d-408f-a3ae-026c0e4d845c@group-447053F58748->e5557321-17be-433a-8d96-d7d186384118: nextIndex: updateUnconditionally 0 -> 0
2019-09-10 13:20:06,232 [java.util.concurrent.ThreadPoolExecutor$Worker@33ee767[State = -1, empty queue]] WARN  server.GrpcLogAppender (GrpcLogAppender.java:timeoutAppendRequest(200)) - af983c11-9397-41ec-9bfb-0705919241eb@group-DD7833F53F4E->fa25b701-8575-4c87-a8ca-f6672565109a-GrpcLogAppender: appendEntries Timeout, request=af983c11-9397-41ec-9bfb-0705919241eb->fa25b701-8575-4c87-a8ca-f6672565109a#139-t2, previous=(t:2, i:35), leaderCommit=31, initializing? false, entries: <empty>
2019-09-10 13:20:06,232 [java.util.concurrent.ThreadPoolExecutor$Worker@590640b[State = -1, empty queue]] WARN  server.GrpcLogAppender (GrpcLogAppender.java:timeoutAppendRequest(200)) - af983c11-9397-41ec-9bfb-0705919241eb@group-DD7833F53F4E->c9bddf00-2197-4e52-a76a-1743bb04b5e3-GrpcLogAppender: appendEntries Timeout, request=af983c11-9397-41ec-9bfb-0705919241eb->c9bddf00-2197-4e52-a76a-1743bb04b5e3#139-t2, previous=(t:2, i:35), leaderCommit=31, initializing? false, entries: <empty>
2019-09-10 13:20:06,265 [java.util.concurrent.ThreadPoolExecutor$Worker@6cb6bbf9[State = -1, empty queue]] WARN  server.GrpcLogAppender (GrpcLogAppender.java:timeoutAppendRequest(200)) - 77c590a9-0e60-42d8-bbf8-e31004d5a9e8@group-5DD09A43E0EE->598fdd25-f3b3-418d-bbd3-bcbfa35279b9-GrpcLogAppender: appendEntries Timeout, request=77c590a9-0e60-42d8-bbf8-e31004d5a9e8->598fdd25-f3b3-418d-bbd3-bcbfa35279b9#125-t2, previous=(t:2, i:19), leaderCommit=15, initializing? false, entries: <empty>
2019-09-10 13:20:06,265 [java.util.concurrent.ThreadPoolExecutor$Worker@2bd31529[State = -1, empty queue]] WARN  server.GrpcLogAppender (GrpcLogAppender.java:timeoutAppendRequest(200)) - 77c590a9-0e60-42d8-bbf8-e31004d5a9e8@group-5DD09A43E0EE->05e9b83b-b6ec-4168-9e18-fac302cf5421-GrpcLogAppender: appendEntries Timeout, request=77c590a9-0e60-42d8-bbf8-e31004d5a9e8->05e9b83b-b6ec-4168-9e18-fac302cf5421#125-t2, previous=(t:2, i:19), leaderCommit=15, initializing? false, entries: <empty>
2019-09-10 13:20:06,279 [grpc-default-executor-4] WARN  server.GrpcLogAppender (LogUtils.java:warn(134)) - 0f4aa411-f22d-408f-a3ae-026c0e4d845c@group-447053F58748->82b87940-075a-4240-9714-83f9b1f11359-AppendLogResponseHandler: Failed appendEntries: org.apache.ratis.thirdparty.io.grpc.StatusRuntimeException: UNAVAILABLE: io exception
2019-09-10 13:20:06,279 [grpc-default-executor-4] INFO  impl.FollowerInfo (FollowerInfo.java:lambda$new$0(51)) - 0f4aa411-f22d-408f-a3ae-026c0e4d845c@group-447053F58748->82b87940-075a-4240-9714-83f9b1f11359: nextIndex: updateUnconditionally 3 -> 2
2019-09-10 13:20:06,307 [grpc-default-executor-2] WARN  server.GrpcLogAppender (LogUtils.java:warn(134)) - 0f4aa411-f22d-408f-a3ae-026c0e4d845c@group-447053F58748->e5557321-17be-433a-8d96-d7d186384118-AppendLogResponseHandler: Failed appendEntries: org.apache.ratis.thirdparty.io.grpc.StatusRuntimeException: UNAVAILABLE: io exception
2019-09-10 13:20:06,307 [grpc-default-executor-2] INFO  impl.FollowerInfo (FollowerInfo.java:lambda$new$0(51)) - 0f4aa411-f22d-408f-a3ae-026c0e4d845c@group-447053F58748->e5557321-17be-433a-8d96-d7d186384118: nextIndex: updateUnconditionally 0 -> 0
2019-09-10 13:20:06,732 [java.util.concurrent.ThreadPoolExecutor$Worker@33ee767[State = -1, empty queue]] WARN  server.GrpcLogAppender (GrpcLogAppender.java:timeoutAppendRequest(200)) - af983c11-9397-41ec-9bfb-0705919241eb@group-DD7833F53F4E->fa25b701-8575-4c87-a8ca-f6672565109a-GrpcLogAppender: appendEntries Timeout, request=af983c11-9397-41ec-9bfb-0705919241eb->fa25b701-8575-4c87-a8ca-f6672565109a#140-t2, previous=(t:2, i:35), leaderCommit=31, initializing? false, entries: <empty>
2019-09-10 13:20:06,732 [java.util.concurrent.ThreadPoolExecutor$Worker@590640b[State = -1, empty queue]] WARN  server.GrpcLogAppender (GrpcLogAppender.java:timeoutAppendRequest(200)) - af983c11-9397-41ec-9bfb-0705919241eb@group-DD7833F53F4E->c9bddf00-2197-4e52-a76a-1743bb04b5e3-GrpcLogAppender: appendEntries Timeout, request=af983c11-9397-41ec-9bfb-0705919241eb->c9bddf00-2197-4e52-a76a-1743bb04b5e3#140-t2, previous=(t:2, i:35), leaderCommit=31, initializing? false, entries: <empty>
2019-09-10 13:20:06,766 [java.util.concurrent.ThreadPoolExecutor$Worker@2bd31529[State = -1, empty queue]] WARN  server.GrpcLogAppender (GrpcLogAppender.java:timeoutAppendRequest(200)) - 77c590a9-0e60-42d8-bbf8-e31004d5a9e8@group-5DD09A43E0EE->05e9b83b-b6ec-4168-9e18-fac302cf5421-GrpcLogAppender: appendEntries Timeout, request=77c590a9-0e60-42d8-bbf8-e31004d5a9e8->05e9b83b-b6ec-4168-9e18-fac302cf5421#126-t2, previous=(t:2, i:19), leaderCommit=15, initializing? false, entries: <empty>
2019-09-10 13:20:06,766 [java.util.concurrent.ThreadPoolExecutor$Worker@6cb6bbf9[State = -1, empty queue]] WARN  server.GrpcLogAppender (GrpcLogAppender.java:timeoutAppendRequest(200)) - 77c590a9-0e60-42d8-bbf8-e31004d5a9e8@group-5DD09A43E0EE->598fdd25-f3b3-418d-bbd3-bcbfa35279b9-GrpcLogAppender: appendEntries Timeout, request=77c590a9-0e60-42d8-bbf8-e31004d5a9e8->598fdd25-f3b3-418d-bbd3-bcbfa35279b9#126-t2, previous=(t:2, i:19), leaderCommit=15, initializing? false, entries: <empty>
2019-09-10 13:20:06,779 [grpc-default-executor-5] WARN  server.GrpcLogAppender (LogUtils.java:warn(134)) - 0f4aa411-f22d-408f-a3ae-026c0e4d845c@group-447053F58748->82b87940-075a-4240-9714-83f9b1f11359-AppendLogResponseHandler: Failed appendEntries: org.apache.ratis.thirdparty.io.grpc.StatusRuntimeException: UNAVAILABLE: io exception
2019-09-10 13:20:06,780 [grpc-default-executor-5] INFO  impl.FollowerInfo (FollowerInfo.java:lambda$new$0(51)) - 0f4aa411-f22d-408f-a3ae-026c0e4d845c@group-447053F58748->82b87940-075a-4240-9714-83f9b1f11359: nextIndex: updateUnconditionally 2 -> 1
2019-09-10 13:20:06,808 [grpc-default-executor-4] WARN  server.GrpcLogAppender (LogUtils.java:warn(134)) - 0f4aa411-f22d-408f-a3ae-026c0e4d845c@group-447053F58748->e5557321-17be-433a-8d96-d7d186384118-AppendLogResponseHandler: Failed appendEntries: org.apache.ratis.thirdparty.io.grpc.StatusRuntimeException: UNAVAILABLE: io exception
2019-09-10 13:20:06,808 [grpc-default-executor-4] INFO  impl.FollowerInfo (FollowerInfo.java:lambda$new$0(51)) - 0f4aa411-f22d-408f-a3ae-026c0e4d845c@group-447053F58748->e5557321-17be-433a-8d96-d7d186384118: nextIndex: updateUnconditionally 0 -> 0
2019-09-10 13:20:07,232 [java.util.concurrent.ThreadPoolExecutor$Worker@33ee767[State = -1, empty queue]] WARN  server.GrpcLogAppender (GrpcLogAppender.java:timeoutAppendRequest(200)) - af983c11-9397-41ec-9bfb-0705919241eb@group-DD7833F53F4E->fa25b701-8575-4c87-a8ca-f6672565109a-GrpcLogAppender: appendEntries Timeout, request=af983c11-9397-41ec-9bfb-0705919241eb->fa25b701-8575-4c87-a8ca-f6672565109a#141-t2, previous=(t:2, i:35), leaderCommit=31, initializing? false, entries: <empty>
2019-09-10 13:20:07,232 [java.util.concurrent.ThreadPoolExecutor$Worker@590640b[State = -1, empty queue]] WARN  server.GrpcLogAppender (GrpcLogAppender.java:timeoutAppendRequest(200)) - af983c11-9397-41ec-9bfb-0705919241eb@group-DD7833F53F4E->c9bddf00-2197-4e52-a76a-1743bb04b5e3-GrpcLogAppender: appendEntries Timeout, request=af983c11-9397-41ec-9bfb-0705919241eb->c9bddf00-2197-4e52-a76a-1743bb04b5e3#141-t2, previous=(t:2, i:35), leaderCommit=31, initializing? false, entries: <empty>
2019-09-10 13:20:07,266 [java.util.concurrent.ThreadPoolExecutor$Worker@6cb6bbf9[State = -1, empty queue]] WARN  server.GrpcLogAppender (GrpcLogAppender.java:timeoutAppendRequest(200)) - 77c590a9-0e60-42d8-bbf8-e31004d5a9e8@group-5DD09A43E0EE->598fdd25-f3b3-418d-bbd3-bcbfa35279b9-GrpcLogAppender: appendEntries Timeout, request=77c590a9-0e60-42d8-bbf8-e31004d5a9e8->598fdd25-f3b3-418d-bbd3-bcbfa35279b9#127-t2, previous=(t:2, i:19), leaderCommit=15, initializing? false, entries: <empty>
2019-09-10 13:20:07,266 [java.util.concurrent.ThreadPoolExecutor$Worker@2bd31529[State = -1, empty queue]] WARN  server.GrpcLogAppender (GrpcLogAppender.java:timeoutAppendRequest(200)) - 77c590a9-0e60-42d8-bbf8-e31004d5a9e8@group-5DD09A43E0EE->05e9b83b-b6ec-4168-9e18-fac302cf5421-GrpcLogAppender: appendEntries Timeout, request=77c590a9-0e60-42d8-bbf8-e31004d5a9e8->05e9b83b-b6ec-4168-9e18-fac302cf5421#127-t2, previous=(t:2, i:19), leaderCommit=15, initializing? false, entries: <empty>
2019-09-10 13:20:07,280 [grpc-default-executor-2] WARN  server.GrpcLogAppender (LogUtils.java:warn(134)) - 0f4aa411-f22d-408f-a3ae-026c0e4d845c@group-447053F58748->82b87940-075a-4240-9714-83f9b1f11359-AppendLogResponseHandler: Failed appendEntries: org.apache.ratis.thirdparty.io.grpc.StatusRuntimeException: UNAVAILABLE: io exception
2019-09-10 13:20:07,281 [grpc-default-executor-2] INFO  impl.FollowerInfo (FollowerInfo.java:lambda$new$0(51)) - 0f4aa411-f22d-408f-a3ae-026c0e4d845c@group-447053F58748->82b87940-075a-4240-9714-83f9b1f11359: nextIndex: updateUnconditionally 1 -> 0
2019-09-10 13:20:07,308 [grpc-default-executor-5] WARN  server.GrpcLogAppender (LogUtils.java:warn(134)) - 0f4aa411-f22d-408f-a3ae-026c0e4d845c@group-447053F58748->e5557321-17be-433a-8d96-d7d186384118-AppendLogResponseHandler: Failed appendEntries: org.apache.ratis.thirdparty.io.grpc.StatusRuntimeException: UNAVAILABLE: io exception
2019-09-10 13:20:07,309 [grpc-default-executor-5] INFO  impl.FollowerInfo (FollowerInfo.java:lambda$new$0(51)) - 0f4aa411-f22d-408f-a3ae-026c0e4d845c@group-447053F58748->e5557321-17be-433a-8d96-d7d186384118: nextIndex: updateUnconditionally 0 -> 0
2019-09-10 13:20:07,733 [java.util.concurrent.ThreadPoolExecutor$Worker@33ee767[State = -1, empty queue]] WARN  server.GrpcLogAppender (GrpcLogAppender.java:timeoutAppendRequest(200)) - af983c11-9397-41ec-9bfb-0705919241eb@group-DD7833F53F4E->fa25b701-8575-4c87-a8ca-f6672565109a-GrpcLogAppender: appendEntries Timeout, request=af983c11-9397-41ec-9bfb-0705919241eb->fa25b701-8575-4c87-a8ca-f6672565109a#142-t2, previous=(t:2, i:35), leaderCommit=31, initializing? false, entries: <empty>
2019-09-10 13:20:07,733 [java.util.concurrent.ThreadPoolExecutor$Worker@590640b[State = -1, empty queue]] WARN  server.GrpcLogAppender (GrpcLogAppender.java:timeoutAppendRequest(200)) - af983c11-9397-41ec-9bfb-0705919241eb@group-DD7833F53F4E->c9bddf00-2197-4e52-a76a-1743bb04b5e3-GrpcLogAppender: appendEntries Timeout, request=af983c11-9397-41ec-9bfb-0705919241eb->c9bddf00-2197-4e52-a76a-1743bb04b5e3#142-t2, previous=(t:2, i:35), leaderCommit=31, initializing? false, entries: <empty>
2019-09-10 13:20:07,766 [java.util.concurrent.ThreadPoolExecutor$Worker@6cb6bbf9[State = -1, empty queue]] WARN  server.GrpcLogAppender (GrpcLogAppender.java:timeoutAppendRequest(200)) - 77c590a9-0e60-42d8-bbf8-e31004d5a9e8@group-5DD09A43E0EE->598fdd25-f3b3-418d-bbd3-bcbfa35279b9-GrpcLogAppender: appendEntries Timeout, request=77c590a9-0e60-42d8-bbf8-e31004d5a9e8->598fdd25-f3b3-418d-bbd3-bcbfa35279b9#128-t2, previous=(t:2, i:19), leaderCommit=15, initializing? false, entries: <empty>
2019-09-10 13:20:07,766 [java.util.concurrent.ThreadPoolExecutor$Worker@2bd31529[State = -1, empty queue]] WARN  server.GrpcLogAppender (GrpcLogAppender.java:timeoutAppendRequest(200)) - 77c590a9-0e60-42d8-bbf8-e31004d5a9e8@group-5DD09A43E0EE->05e9b83b-b6ec-4168-9e18-fac302cf5421-GrpcLogAppender: appendEntries Timeout, request=77c590a9-0e60-42d8-bbf8-e31004d5a9e8->05e9b83b-b6ec-4168-9e18-fac302cf5421#128-t2, previous=(t:2, i:19), leaderCommit=15, initializing? false, entries: <empty>
2019-09-10 13:20:07,781 [grpc-default-executor-4] WARN  server.GrpcLogAppender (LogUtils.java:warn(134)) - 0f4aa411-f22d-408f-a3ae-026c0e4d845c@group-447053F58748->82b87940-075a-4240-9714-83f9b1f11359-AppendLogResponseHandler: Failed appendEntries: org.apache.ratis.thirdparty.io.grpc.StatusRuntimeException: UNAVAILABLE: io exception
2019-09-10 13:20:07,781 [grpc-default-executor-4] INFO  impl.FollowerInfo (FollowerInfo.java:lambda$new$0(51)) - 0f4aa411-f22d-408f-a3ae-026c0e4d845c@group-447053F58748->82b87940-075a-4240-9714-83f9b1f11359: nextIndex: updateUnconditionally 0 -> 0
2019-09-10 13:20:07,809 [grpc-default-executor-2] WARN  server.GrpcLogAppender (LogUtils.java:warn(134)) - 0f4aa411-f22d-408f-a3ae-026c0e4d845c@group-447053F58748->e5557321-17be-433a-8d96-d7d186384118-AppendLogResponseHandler: Failed appendEntries: org.apache.ratis.thirdparty.io.grpc.StatusRuntimeException: UNAVAILABLE: io exception
2019-09-10 13:20:07,809 [grpc-default-executor-2] INFO  impl.FollowerInfo (FollowerInfo.java:lambda$new$0(51)) - 0f4aa411-f22d-408f-a3ae-026c0e4d845c@group-447053F58748->e5557321-17be-433a-8d96-d7d186384118: nextIndex: updateUnconditionally 0 -> 0
2019-09-10 13:20:08,233 [java.util.concurrent.ThreadPoolExecutor$Worker@33ee767[State = -1, empty queue]] WARN  server.GrpcLogAppender (GrpcLogAppender.java:timeoutAppendRequest(200)) - af983c11-9397-41ec-9bfb-0705919241eb@group-DD7833F53F4E->fa25b701-8575-4c87-a8ca-f6672565109a-GrpcLogAppender: appendEntries Timeout, request=af983c11-9397-41ec-9bfb-0705919241eb->fa25b701-8575-4c87-a8ca-f6672565109a#143-t2, previous=(t:2, i:35), leaderCommit=31, initializing? false, entries: <empty>
2019-09-10 13:20:08,233 [java.util.concurrent.ThreadPoolExecutor$Worker@590640b[State = -1, empty queue]] WARN  server.GrpcLogAppender (GrpcLogAppender.java:timeoutAppendRequest(200)) - af983c11-9397-41ec-9bfb-0705919241eb@group-DD7833F53F4E->c9bddf00-2197-4e52-a76a-1743bb04b5e3-GrpcLogAppender: appendEntries Timeout, request=af983c11-9397-41ec-9bfb-0705919241eb->c9bddf00-2197-4e52-a76a-1743bb04b5e3#143-t2, previous=(t:2, i:35), leaderCommit=31, initializing? false, entries: <empty>
2019-09-10 13:20:08,269 [java.util.concurrent.ThreadPoolExecutor$Worker@2bd31529[State = -1, empty queue]] WARN  server.GrpcLogAppender (GrpcLogAppender.java:timeoutAppendRequest(200)) - 77c590a9-0e60-42d8-bbf8-e31004d5a9e8@group-5DD09A43E0EE->05e9b83b-b6ec-4168-9e18-fac302cf5421-GrpcLogAppender: appendEntries Timeout, request=77c590a9-0e60-42d8-bbf8-e31004d5a9e8->05e9b83b-b6ec-4168-9e18-fac302cf5421#129-t2, previous=(t:2, i:19), leaderCommit=15, initializing? false, entries: <empty>
2019-09-10 13:20:08,269 [java.util.concurrent.ThreadPoolExecutor$Worker@6cb6bbf9[State = -1, empty queue]] WARN  server.GrpcLogAppender (GrpcLogAppender.java:timeoutAppendRequest(200)) - 77c590a9-0e60-42d8-bbf8-e31004d5a9e8@group-5DD09A43E0EE->598fdd25-f3b3-418d-bbd3-bcbfa35279b9-GrpcLogAppender: appendEntries Timeout, request=77c590a9-0e60-42d8-bbf8-e31004d5a9e8->598fdd25-f3b3-418d-bbd3-bcbfa35279b9#129-t2, previous=(t:2, i:19), leaderCommit=15, initializing? false, entries: <empty>
2019-09-10 13:20:08,282 [grpc-default-executor-5] WARN  server.GrpcLogAppender (LogUtils.java:warn(134)) - 0f4aa411-f22d-408f-a3ae-026c0e4d845c@group-447053F58748->82b87940-075a-4240-9714-83f9b1f11359-AppendLogResponseHandler: Failed appendEntries: org.apache.ratis.thirdparty.io.grpc.StatusRuntimeException: UNAVAILABLE: io exception
2019-09-10 13:20:08,282 [grpc-default-executor-5] INFO  impl.FollowerInfo (FollowerInfo.java:lambda$new$0(51)) - 0f4aa411-f22d-408f-a3ae-026c0e4d845c@group-447053F58748->82b87940-075a-4240-9714-83f9b1f11359: nextIndex: updateUnconditionally 0 -> 0
2019-09-10 13:20:08,310 [grpc-default-executor-2] WARN  server.GrpcLogAppender (LogUtils.java:warn(134)) - 0f4aa411-f22d-408f-a3ae-026c0e4d845c@group-447053F58748->e5557321-17be-433a-8d96-d7d186384118-AppendLogResponseHandler: Failed appendEntries: org.apache.ratis.thirdparty.io.grpc.StatusRuntimeException: UNAVAILABLE: io exception
2019-09-10 13:20:08,310 [grpc-default-executor-2] INFO  impl.FollowerInfo (FollowerInfo.java:lambda$new$0(51)) - 0f4aa411-f22d-408f-a3ae-026c0e4d845c@group-447053F58748->e5557321-17be-433a-8d96-d7d186384118: nextIndex: updateUnconditionally 0 -> 0
2019-09-10 13:20:08,734 [java.util.concurrent.ThreadPoolExecutor$Worker@33ee767[State = -1, empty queue]] WARN  server.GrpcLogAppender (GrpcLogAppender.java:timeoutAppendRequest(200)) - af983c11-9397-41ec-9bfb-0705919241eb@group-DD7833F53F4E->fa25b701-8575-4c87-a8ca-f6672565109a-GrpcLogAppender: appendEntries Timeout, request=af983c11-9397-41ec-9bfb-0705919241eb->fa25b701-8575-4c87-a8ca-f6672565109a#144-t2, previous=(t:2, i:35), leaderCommit=31, initializing? false, entries: <empty>
2019-09-10 13:20:08,734 [java.util.concurrent.ThreadPoolExecutor$Worker@590640b[State = -1, empty queue]] WARN  server.GrpcLogAppender (GrpcLogAppender.java:timeoutAppendRequest(200)) - af983c11-9397-41ec-9bfb-0705919241eb@group-DD7833F53F4E->c9bddf00-2197-4e52-a76a-1743bb04b5e3-GrpcLogAppender: appendEntries Timeout, request=af983c11-9397-41ec-9bfb-0705919241eb->c9bddf00-2197-4e52-a76a-1743bb04b5e3#144-t2, previous=(t:2, i:35), leaderCommit=31, initializing? false, entries: <empty>
2019-09-10 13:20:08,769 [java.util.concurrent.ThreadPoolExecutor$Worker@2bd31529[State = -1, empty queue]] WARN  server.GrpcLogAppender (GrpcLogAppender.java:timeoutAppendRequest(200)) - 77c590a9-0e60-42d8-bbf8-e31004d5a9e8@group-5DD09A43E0EE->05e9b83b-b6ec-4168-9e18-fac302cf5421-GrpcLogAppender: appendEntries Timeout, request=77c590a9-0e60-42d8-bbf8-e31004d5a9e8->05e9b83b-b6ec-4168-9e18-fac302cf5421#130-t2, previous=(t:2, i:19), leaderCommit=15, initializing? false, entries: <empty>
2019-09-10 13:20:08,769 [java.util.concurrent.ThreadPoolExecutor$Worker@6cb6bbf9[State = -1, empty queue]] WARN  server.GrpcLogAppender (GrpcLogAppender.java:timeoutAppendRequest(200)) - 77c590a9-0e60-42d8-bbf8-e31004d5a9e8@group-5DD09A43E0EE->598fdd25-f3b3-418d-bbd3-bcbfa35279b9-GrpcLogAppender: appendEntries Timeout, request=77c590a9-0e60-42d8-bbf8-e31004d5a9e8->598fdd25-f3b3-418d-bbd3-bcbfa35279b9#130-t2, previous=(t:2, i:19), leaderCommit=15, initializing? false, entries: <empty>
2019-09-10 13:20:08,782 [grpc-default-executor-4] WARN  server.GrpcLogAppender (LogUtils.java:warn(134)) - 0f4aa411-f22d-408f-a3ae-026c0e4d845c@group-447053F58748->82b87940-075a-4240-9714-83f9b1f11359-AppendLogResponseHandler: Failed appendEntries: org.apache.ratis.thirdparty.io.grpc.StatusRuntimeException: UNAVAILABLE: io exception
2019-09-10 13:20:08,782 [grpc-default-executor-4] INFO  impl.FollowerInfo (FollowerInfo.java:lambda$new$0(51)) - 0f4aa411-f22d-408f-a3ae-026c0e4d845c@group-447053F58748->82b87940-075a-4240-9714-83f9b1f11359: nextIndex: updateUnconditionally 0 -> 0
2019-09-10 13:20:08,810 [grpc-default-executor-2] WARN  server.GrpcLogAppender (LogUtils.java:warn(134)) - 0f4aa411-f22d-408f-a3ae-026c0e4d845c@group-447053F58748->e5557321-17be-433a-8d96-d7d186384118-AppendLogResponseHandler: Failed appendEntries: org.apache.ratis.thirdparty.io.grpc.StatusRuntimeException: UNAVAILABLE: io exception
2019-09-10 13:20:08,811 [grpc-default-executor-2] INFO  impl.FollowerInfo (FollowerInfo.java:lambda$new$0(51)) - 0f4aa411-f22d-408f-a3ae-026c0e4d845c@group-447053F58748->e5557321-17be-433a-8d96-d7d186384118: nextIndex: updateUnconditionally 0 -> 0
2019-09-10 13:20:09,219 [af983c11-9397-41ec-9bfb-0705919241eb@group-DD7833F53F4E-SegmentedRaftLogWorker] WARN  segmented.SegmentedRaftLogWorker (SegmentedRaftLogWorker.java:getFromFuture(90)) - Timeout 0/~
org.apache.ratis.protocol.TimeoutIOException: Timeout 10s: WriteLog:32: (t:2, i:32), STATEMACHINELOGENTRY, client-7AEE289B780F, cid=64-writeStateMachineData
	at org.apache.ratis.util.IOUtils.getFromFuture(IOUtils.java:87)
	at org.apache.ratis.server.raftlog.segmented.SegmentedRaftLogWorker$StateMachineDataPolicy.getFromFuture(SegmentedRaftLogWorker.java:87)
	at org.apache.ratis.server.raftlog.segmented.SegmentedRaftLogWorker$WriteLog.execute(SegmentedRaftLogWorker.java:477)
	at org.apache.ratis.server.raftlog.segmented.SegmentedRaftLogWorker.run(SegmentedRaftLogWorker.java:289)
	at java.lang.Thread.run(Thread.java:748)
Caused by: java.util.concurrent.TimeoutException
	at java.util.concurrent.CompletableFuture.timedGet(CompletableFuture.java:1771)
	at java.util.concurrent.CompletableFuture.get(CompletableFuture.java:1915)
	at org.apache.ratis.util.IOUtils.getFromFuture(IOUtils.java:79)
	... 4 more
2019-09-10 13:20:09,223 [c9bddf00-2197-4e52-a76a-1743bb04b5e3@group-DD7833F53F4E-SegmentedRaftLogWorker] WARN  segmented.SegmentedRaftLogWorker (SegmentedRaftLogWorker.java:getFromFuture(90)) - Timeout 0/~
org.apache.ratis.protocol.TimeoutIOException: Timeout 10s: WriteLog:32: (t:2, i:32), STATEMACHINELOGENTRY, client-7AEE289B780F, cid=64-writeStateMachineData
	at org.apache.ratis.util.IOUtils.getFromFuture(IOUtils.java:87)
	at org.apache.ratis.server.raftlog.segmented.SegmentedRaftLogWorker$StateMachineDataPolicy.getFromFuture(SegmentedRaftLogWorker.java:87)
	at org.apache.ratis.server.raftlog.segmented.SegmentedRaftLogWorker$WriteLog.execute(SegmentedRaftLogWorker.java:477)
	at org.apache.ratis.server.raftlog.segmented.SegmentedRaftLogWorker.run(SegmentedRaftLogWorker.java:289)
	at java.lang.Thread.run(Thread.java:748)
Caused by: java.util.concurrent.TimeoutException
	at java.util.concurrent.CompletableFuture.timedGet(CompletableFuture.java:1771)
	at java.util.concurrent.CompletableFuture.get(CompletableFuture.java:1915)
	at org.apache.ratis.util.IOUtils.getFromFuture(IOUtils.java:79)
	... 4 more
2019-09-10 13:20:09,224 [fa25b701-8575-4c87-a8ca-f6672565109a@group-DD7833F53F4E-SegmentedRaftLogWorker] WARN  segmented.SegmentedRaftLogWorker (SegmentedRaftLogWorker.java:getFromFuture(90)) - Timeout 0/~
org.apache.ratis.protocol.TimeoutIOException: Timeout 10s: WriteLog:32: (t:2, i:32), STATEMACHINELOGENTRY, client-7AEE289B780F, cid=64-writeStateMachineData
	at org.apache.ratis.util.IOUtils.getFromFuture(IOUtils.java:87)
	at org.apache.ratis.server.raftlog.segmented.SegmentedRaftLogWorker$StateMachineDataPolicy.getFromFuture(SegmentedRaftLogWorker.java:87)
	at org.apache.ratis.server.raftlog.segmented.SegmentedRaftLogWorker$WriteLog.execute(SegmentedRaftLogWorker.java:477)
	at org.apache.ratis.server.raftlog.segmented.SegmentedRaftLogWorker.run(SegmentedRaftLogWorker.java:289)
	at java.lang.Thread.run(Thread.java:748)
Caused by: java.util.concurrent.TimeoutException
	at java.util.concurrent.CompletableFuture.timedGet(CompletableFuture.java:1771)
	at java.util.concurrent.CompletableFuture.get(CompletableFuture.java:1915)
	at org.apache.ratis.util.IOUtils.getFromFuture(IOUtils.java:79)
	... 4 more
2019-09-10 13:20:09,235 [java.util.concurrent.ThreadPoolExecutor$Worker@590640b[State = -1, empty queue]] WARN  server.GrpcLogAppender (GrpcLogAppender.java:timeoutAppendRequest(200)) - af983c11-9397-41ec-9bfb-0705919241eb@group-DD7833F53F4E->c9bddf00-2197-4e52-a76a-1743bb04b5e3-GrpcLogAppender: appendEntries Timeout, request=af983c11-9397-41ec-9bfb-0705919241eb->c9bddf00-2197-4e52-a76a-1743bb04b5e3#145-t2, previous=(t:2, i:35), leaderCommit=31, initializing? false, entries: <empty>
2019-09-10 13:20:09,235 [java.util.concurrent.ThreadPoolExecutor$Worker@33ee767[State = -1, empty queue]] WARN  server.GrpcLogAppender (GrpcLogAppender.java:timeoutAppendRequest(200)) - af983c11-9397-41ec-9bfb-0705919241eb@group-DD7833F53F4E->fa25b701-8575-4c87-a8ca-f6672565109a-GrpcLogAppender: appendEntries Timeout, request=af983c11-9397-41ec-9bfb-0705919241eb->fa25b701-8575-4c87-a8ca-f6672565109a#145-t2, previous=(t:2, i:35), leaderCommit=31, initializing? false, entries: <empty>
2019-09-10 13:20:09,269 [java.util.concurrent.ThreadPoolExecutor$Worker@2bd31529[State = -1, empty queue]] WARN  server.GrpcLogAppender (GrpcLogAppender.java:timeoutAppendRequest(200)) - 77c590a9-0e60-42d8-bbf8-e31004d5a9e8@group-5DD09A43E0EE->05e9b83b-b6ec-4168-9e18-fac302cf5421-GrpcLogAppender: appendEntries Timeout, request=77c590a9-0e60-42d8-bbf8-e31004d5a9e8->05e9b83b-b6ec-4168-9e18-fac302cf5421#131-t2, previous=(t:2, i:19), leaderCommit=15, initializing? false, entries: <empty>
2019-09-10 13:20:09,269 [java.util.concurrent.ThreadPoolExecutor$Worker@6cb6bbf9[State = -1, empty queue]] WARN  server.GrpcLogAppender (GrpcLogAppender.java:timeoutAppendRequest(200)) - 77c590a9-0e60-42d8-bbf8-e31004d5a9e8@group-5DD09A43E0EE->598fdd25-f3b3-418d-bbd3-bcbfa35279b9-GrpcLogAppender: appendEntries Timeout, request=77c590a9-0e60-42d8-bbf8-e31004d5a9e8->598fdd25-f3b3-418d-bbd3-bcbfa35279b9#131-t2, previous=(t:2, i:19), leaderCommit=15, initializing? false, entries: <empty>
2019-09-10 13:20:09,284 [grpc-default-executor-2] INFO  client.GrpcClientProtocolClient (GrpcClientProtocolClient.java:onNext(264)) - client-7AEE289B780F->fa25b701-8575-4c87-a8ca-f6672565109a: receive RaftClientReply:client-7AEE289B780F->fa25b701-8575-4c87-a8ca-f6672565109a@group-DD7833F53F4E, cid=64, FAILED org.apache.ratis.protocol.NotLeaderException: Server fa25b701-8575-4c87-a8ca-f6672565109a@group-DD7833F53F4E is not the leader af983c11-9397-41ec-9bfb-0705919241eb:192.168.34.50:34977, logIndex=0, commits[fa25b701-8575-4c87-a8ca-f6672565109a:c31, af983c11-9397-41ec-9bfb-0705919241eb:c31, c9bddf00-2197-4e52-a76a-1743bb04b5e3:c29]
2019-09-10 13:20:09,292 [grpc-default-executor-5] WARN  server.GrpcLogAppender (LogUtils.java:warn(134)) - 0f4aa411-f22d-408f-a3ae-026c0e4d845c@group-447053F58748->82b87940-075a-4240-9714-83f9b1f11359-AppendLogResponseHandler: Failed appendEntries: org.apache.ratis.thirdparty.io.grpc.StatusRuntimeException: UNAVAILABLE: io exception
2019-09-10 13:20:09,295 [grpc-default-executor-5] INFO  impl.FollowerInfo (FollowerInfo.java:lambda$new$0(51)) - 0f4aa411-f22d-408f-a3ae-026c0e4d845c@group-447053F58748->82b87940-075a-4240-9714-83f9b1f11359: nextIndex: updateUnconditionally 0 -> 0
2019-09-10 13:20:09,311 [grpc-default-executor-0] WARN  server.GrpcLogAppender (LogUtils.java:warn(134)) - 0f4aa411-f22d-408f-a3ae-026c0e4d845c@group-447053F58748->e5557321-17be-433a-8d96-d7d186384118-AppendLogResponseHandler: Failed appendEntries: org.apache.ratis.thirdparty.io.grpc.StatusRuntimeException: UNAVAILABLE: io exception
2019-09-10 13:20:09,314 [grpc-default-executor-0] INFO  impl.FollowerInfo (FollowerInfo.java:lambda$new$0(51)) - 0f4aa411-f22d-408f-a3ae-026c0e4d845c@group-447053F58748->e5557321-17be-433a-8d96-d7d186384118: nextIndex: updateUnconditionally 0 -> 0
2019-09-10 13:20:09,735 [java.util.concurrent.ThreadPoolExecutor$Worker@590640b[State = -1, empty queue]] WARN  server.GrpcLogAppender (GrpcLogAppender.java:timeoutAppendRequest(200)) - af983c11-9397-41ec-9bfb-0705919241eb@group-DD7833F53F4E->c9bddf00-2197-4e52-a76a-1743bb04b5e3-GrpcLogAppender: appendEntries Timeout, request=af983c11-9397-41ec-9bfb-0705919241eb->c9bddf00-2197-4e52-a76a-1743bb04b5e3#146-t2, previous=(t:2, i:35), leaderCommit=31, initializing? false, entries: <empty>
2019-09-10 13:20:09,735 [java.util.concurrent.ThreadPoolExecutor$Worker@33ee767[State = -1, empty queue]] WARN  server.GrpcLogAppender (GrpcLogAppender.java:timeoutAppendRequest(200)) - af983c11-9397-41ec-9bfb-0705919241eb@group-DD7833F53F4E->fa25b701-8575-4c87-a8ca-f6672565109a-GrpcLogAppender: appendEntries Timeout, request=af983c11-9397-41ec-9bfb-0705919241eb->fa25b701-8575-4c87-a8ca-f6672565109a#146-t2, previous=(t:2, i:35), leaderCommit=31, initializing? false, entries: <empty>
2019-09-10 13:20:09,770 [java.util.concurrent.ThreadPoolExecutor$Worker@6cb6bbf9[State = -1, empty queue]] WARN  server.GrpcLogAppender (GrpcLogAppender.java:timeoutAppendRequest(200)) - 77c590a9-0e60-42d8-bbf8-e31004d5a9e8@group-5DD09A43E0EE->598fdd25-f3b3-418d-bbd3-bcbfa35279b9-GrpcLogAppender: appendEntries Timeout, request=77c590a9-0e60-42d8-bbf8-e31004d5a9e8->598fdd25-f3b3-418d-bbd3-bcbfa35279b9#132-t2, previous=(t:2, i:19), leaderCommit=15, initializing? false, entries: <empty>
2019-09-10 13:20:09,770 [java.util.concurrent.ThreadPoolExecutor$Worker@2bd31529[State = -1, empty queue]] WARN  server.GrpcLogAppender (GrpcLogAppender.java:timeoutAppendRequest(200)) - 77c590a9-0e60-42d8-bbf8-e31004d5a9e8@group-5DD09A43E0EE->05e9b83b-b6ec-4168-9e18-fac302cf5421-GrpcLogAppender: appendEntries Timeout, request=77c590a9-0e60-42d8-bbf8-e31004d5a9e8->05e9b83b-b6ec-4168-9e18-fac302cf5421#132-t2, previous=(t:2, i:19), leaderCommit=15, initializing? false, entries: <empty>
2019-09-10 13:20:09,785 [grpc-default-executor-4] WARN  server.GrpcLogAppender (LogUtils.java:warn(134)) - 0f4aa411-f22d-408f-a3ae-026c0e4d845c@group-447053F58748->82b87940-075a-4240-9714-83f9b1f11359-AppendLogResponseHandler: Failed appendEntries: org.apache.ratis.thirdparty.io.grpc.StatusRuntimeException: UNAVAILABLE: io exception
2019-09-10 13:20:09,786 [grpc-default-executor-4] INFO  impl.FollowerInfo (FollowerInfo.java:lambda$new$0(51)) - 0f4aa411-f22d-408f-a3ae-026c0e4d845c@group-447053F58748->82b87940-075a-4240-9714-83f9b1f11359: nextIndex: updateUnconditionally 0 -> 0
2019-09-10 13:20:09,812 [grpc-default-executor-0] WARN  server.GrpcLogAppender (LogUtils.java:warn(134)) - 0f4aa411-f22d-408f-a3ae-026c0e4d845c@group-447053F58748->e5557321-17be-433a-8d96-d7d186384118-AppendLogResponseHandler: Failed appendEntries: org.apache.ratis.thirdparty.io.grpc.StatusRuntimeException: UNAVAILABLE: io exception
2019-09-10 13:20:09,812 [grpc-default-executor-0] INFO  impl.FollowerInfo (FollowerInfo.java:lambda$new$0(51)) - 0f4aa411-f22d-408f-a3ae-026c0e4d845c@group-447053F58748->e5557321-17be-433a-8d96-d7d186384118: nextIndex: updateUnconditionally 0 -> 0
2019-09-10 13:20:10,235 [java.util.concurrent.ThreadPoolExecutor$Worker@590640b[State = -1, empty queue]] WARN  server.GrpcLogAppender (GrpcLogAppender.java:timeoutAppendRequest(200)) - af983c11-9397-41ec-9bfb-0705919241eb@group-DD7833F53F4E->c9bddf00-2197-4e52-a76a-1743bb04b5e3-GrpcLogAppender: appendEntries Timeout, request=af983c11-9397-41ec-9bfb-0705919241eb->c9bddf00-2197-4e52-a76a-1743bb04b5e3#147-t2, previous=(t:2, i:35), leaderCommit=31, initializing? false, entries: <empty>
2019-09-10 13:20:10,236 [java.util.concurrent.ThreadPoolExecutor$Worker@33ee767[State = -1, empty queue]] WARN  server.GrpcLogAppender (GrpcLogAppender.java:timeoutAppendRequest(200)) - af983c11-9397-41ec-9bfb-0705919241eb@group-DD7833F53F4E->fa25b701-8575-4c87-a8ca-f6672565109a-GrpcLogAppender: appendEntries Timeout, request=af983c11-9397-41ec-9bfb-0705919241eb->fa25b701-8575-4c87-a8ca-f6672565109a#147-t2, previous=(t:2, i:35), leaderCommit=31, initializing? false, entries: <empty>
2019-09-10 13:20:10,270 [java.util.concurrent.ThreadPoolExecutor$Worker@6cb6bbf9[State = -1, empty queue]] WARN  server.GrpcLogAppender (GrpcLogAppender.java:timeoutAppendRequest(200)) - 77c590a9-0e60-42d8-bbf8-e31004d5a9e8@group-5DD09A43E0EE->598fdd25-f3b3-418d-bbd3-bcbfa35279b9-GrpcLogAppender: appendEntries Timeout, request=77c590a9-0e60-42d8-bbf8-e31004d5a9e8->598fdd25-f3b3-418d-bbd3-bcbfa35279b9#133-t2, previous=(t:2, i:19), leaderCommit=15, initializing? false, entries: <empty>
2019-09-10 13:20:10,270 [java.util.concurrent.ThreadPoolExecutor$Worker@2bd31529[State = -1, empty queue]] WARN  server.GrpcLogAppender (GrpcLogAppender.java:timeoutAppendRequest(200)) - 77c590a9-0e60-42d8-bbf8-e31004d5a9e8@group-5DD09A43E0EE->05e9b83b-b6ec-4168-9e18-fac302cf5421-GrpcLogAppender: appendEntries Timeout, request=77c590a9-0e60-42d8-bbf8-e31004d5a9e8->05e9b83b-b6ec-4168-9e18-fac302cf5421#133-t2, previous=(t:2, i:19), leaderCommit=15, initializing? false, entries: <empty>
2019-09-10 13:20:10,286 [grpc-default-executor-5] WARN  server.GrpcLogAppender (LogUtils.java:warn(134)) - 0f4aa411-f22d-408f-a3ae-026c0e4d845c@group-447053F58748->82b87940-075a-4240-9714-83f9b1f11359-AppendLogResponseHandler: Failed appendEntries: org.apache.ratis.thirdparty.io.grpc.StatusRuntimeException: UNAVAILABLE: io exception
2019-09-10 13:20:10,286 [grpc-default-executor-5] INFO  impl.FollowerInfo (FollowerInfo.java:lambda$new$0(51)) - 0f4aa411-f22d-408f-a3ae-026c0e4d845c@group-447053F58748->82b87940-075a-4240-9714-83f9b1f11359: nextIndex: updateUnconditionally 0 -> 0
2019-09-10 13:20:10,312 [grpc-default-executor-0] WARN  server.GrpcLogAppender (LogUtils.java:warn(134)) - 0f4aa411-f22d-408f-a3ae-026c0e4d845c@group-447053F58748->e5557321-17be-433a-8d96-d7d186384118-AppendLogResponseHandler: Failed appendEntries: org.apache.ratis.thirdparty.io.grpc.StatusRuntimeException: UNAVAILABLE: io exception
2019-09-10 13:20:10,312 [grpc-default-executor-0] INFO  impl.FollowerInfo (FollowerInfo.java:lambda$new$0(51)) - 0f4aa411-f22d-408f-a3ae-026c0e4d845c@group-447053F58748->e5557321-17be-433a-8d96-d7d186384118: nextIndex: updateUnconditionally 0 -> 0
2019-09-10 13:20:10,736 [java.util.concurrent.ThreadPoolExecutor$Worker@590640b[State = -1, empty queue]] WARN  server.GrpcLogAppender (GrpcLogAppender.java:timeoutAppendRequest(200)) - af983c11-9397-41ec-9bfb-0705919241eb@group-DD7833F53F4E->c9bddf00-2197-4e52-a76a-1743bb04b5e3-GrpcLogAppender: appendEntries Timeout, request=af983c11-9397-41ec-9bfb-0705919241eb->c9bddf00-2197-4e52-a76a-1743bb04b5e3#148-t2, previous=(t:2, i:35), leaderCommit=31, initializing? false, entries: <empty>
2019-09-10 13:20:10,736 [java.util.concurrent.ThreadPoolExecutor$Worker@33ee767[State = -1, empty queue]] WARN  server.GrpcLogAppender (GrpcLogAppender.java:timeoutAppendRequest(200)) - af983c11-9397-41ec-9bfb-0705919241eb@group-DD7833F53F4E->fa25b701-8575-4c87-a8ca-f6672565109a-GrpcLogAppender: appendEntries Timeout, request=af983c11-9397-41ec-9bfb-0705919241eb->fa25b701-8575-4c87-a8ca-f6672565109a#148-t2, previous=(t:2, i:35), leaderCommit=31, initializing? false, entries: <empty>
2019-09-10 13:20:10,770 [java.util.concurrent.ThreadPoolExecutor$Worker@6cb6bbf9[State = -1, empty queue]] WARN  server.GrpcLogAppender (GrpcLogAppender.java:timeoutAppendRequest(200)) - 77c590a9-0e60-42d8-bbf8-e31004d5a9e8@group-5DD09A43E0EE->598fdd25-f3b3-418d-bbd3-bcbfa35279b9-GrpcLogAppender: appendEntries Timeout, request=77c590a9-0e60-42d8-bbf8-e31004d5a9e8->598fdd25-f3b3-418d-bbd3-bcbfa35279b9#134-t2, previous=(t:2, i:19), leaderCommit=15, initializing? false, entries: <empty>
2019-09-10 13:20:10,770 [java.util.concurrent.ThreadPoolExecutor$Worker@2bd31529[State = -1, empty queue]] WARN  server.GrpcLogAppender (GrpcLogAppender.java:timeoutAppendRequest(200)) - 77c590a9-0e60-42d8-bbf8-e31004d5a9e8@group-5DD09A43E0EE->05e9b83b-b6ec-4168-9e18-fac302cf5421-GrpcLogAppender: appendEntries Timeout, request=77c590a9-0e60-42d8-bbf8-e31004d5a9e8->05e9b83b-b6ec-4168-9e18-fac302cf5421#134-t2, previous=(t:2, i:19), leaderCommit=15, initializing? false, entries: <empty>
2019-09-10 13:20:10,786 [grpc-default-executor-5] WARN  server.GrpcLogAppender (LogUtils.java:warn(134)) - 0f4aa411-f22d-408f-a3ae-026c0e4d845c@group-447053F58748->82b87940-075a-4240-9714-83f9b1f11359-AppendLogResponseHandler: Failed appendEntries: org.apache.ratis.thirdparty.io.grpc.StatusRuntimeException: UNAVAILABLE: io exception
2019-09-10 13:20:10,786 [grpc-default-executor-5] INFO  impl.FollowerInfo (FollowerInfo.java:lambda$new$0(51)) - 0f4aa411-f22d-408f-a3ae-026c0e4d845c@group-447053F58748->82b87940-075a-4240-9714-83f9b1f11359: nextIndex: updateUnconditionally 0 -> 0
2019-09-10 13:20:10,812 [grpc-default-executor-0] WARN  server.GrpcLogAppender (LogUtils.java:warn(134)) - 0f4aa411-f22d-408f-a3ae-026c0e4d845c@group-447053F58748->e5557321-17be-433a-8d96-d7d186384118-AppendLogResponseHandler: Failed appendEntries: org.apache.ratis.thirdparty.io.grpc.StatusRuntimeException: UNAVAILABLE: io exception
2019-09-10 13:20:10,813 [grpc-default-executor-0] INFO  impl.FollowerInfo (FollowerInfo.java:lambda$new$0(51)) - 0f4aa411-f22d-408f-a3ae-026c0e4d845c@group-447053F58748->e5557321-17be-433a-8d96-d7d186384118: nextIndex: updateUnconditionally 0 -> 0
2019-09-10 13:20:11,142 [0f4aa411-f22d-408f-a3ae-026c0e4d845c@group-447053F58748-SegmentedRaftLogWorker] WARN  segmented.SegmentedRaftLogWorker (SegmentedRaftLogWorker.java:getFromFuture(90)) - Timeout 5/~
org.apache.ratis.protocol.TimeoutIOException: Timeout 10s: WriteLog:19: (t:2, i:19), STATEMACHINELOGENTRY, client-7A030D982070, cid=39-writeStateMachineData
	at org.apache.ratis.util.IOUtils.getFromFuture(IOUtils.java:87)
	at org.apache.ratis.server.raftlog.segmented.SegmentedRaftLogWorker$StateMachineDataPolicy.getFromFuture(SegmentedRaftLogWorker.java:87)
	at org.apache.ratis.server.raftlog.segmented.SegmentedRaftLogWorker$WriteLog.execute(SegmentedRaftLogWorker.java:477)
	at org.apache.ratis.server.raftlog.segmented.SegmentedRaftLogWorker.run(SegmentedRaftLogWorker.java:289)
	at java.lang.Thread.run(Thread.java:748)
Caused by: java.util.concurrent.TimeoutException
	at java.util.concurrent.CompletableFuture.timedGet(CompletableFuture.java:1771)
	at java.util.concurrent.CompletableFuture.get(CompletableFuture.java:1915)
	at org.apache.ratis.util.IOUtils.getFromFuture(IOUtils.java:79)
	... 4 more
2019-09-10 13:20:11,236 [java.util.concurrent.ThreadPoolExecutor$Worker@590640b[State = -1, empty queue]] WARN  server.GrpcLogAppender (GrpcLogAppender.java:timeoutAppendRequest(200)) - af983c11-9397-41ec-9bfb-0705919241eb@group-DD7833F53F4E->c9bddf00-2197-4e52-a76a-1743bb04b5e3-GrpcLogAppender: appendEntries Timeout, request=af983c11-9397-41ec-9bfb-0705919241eb->c9bddf00-2197-4e52-a76a-1743bb04b5e3#149-t2, previous=(t:2, i:35), leaderCommit=31, initializing? false, entries: <empty>
2019-09-10 13:20:11,236 [java.util.concurrent.ThreadPoolExecutor$Worker@33ee767[State = -1, empty queue]] WARN  server.GrpcLogAppender (GrpcLogAppender.java:timeoutAppendRequest(200)) - af983c11-9397-41ec-9bfb-0705919241eb@group-DD7833F53F4E->fa25b701-8575-4c87-a8ca-f6672565109a-GrpcLogAppender: appendEntries Timeout, request=af983c11-9397-41ec-9bfb-0705919241eb->fa25b701-8575-4c87-a8ca-f6672565109a#149-t2, previous=(t:2, i:35), leaderCommit=31, initializing? false, entries: <empty>
2019-09-10 13:20:11,270 [java.util.concurrent.ThreadPoolExecutor$Worker@6cb6bbf9[State = -1, empty queue]] WARN  server.GrpcLogAppender (GrpcLogAppender.java:timeoutAppendRequest(200)) - 77c590a9-0e60-42d8-bbf8-e31004d5a9e8@group-5DD09A43E0EE->598fdd25-f3b3-418d-bbd3-bcbfa35279b9-GrpcLogAppender: appendEntries Timeout, request=77c590a9-0e60-42d8-bbf8-e31004d5a9e8->598fdd25-f3b3-418d-bbd3-bcbfa35279b9#135-t2, previous=(t:2, i:19), leaderCommit=15, initializing? false, entries: <empty>
2019-09-10 13:20:11,270 [java.util.concurrent.ThreadPoolExecutor$Worker@2bd31529[State = -1, empty queue]] WARN  server.GrpcLogAppender (GrpcLogAppender.java:timeoutAppendRequest(200)) - 77c590a9-0e60-42d8-bbf8-e31004d5a9e8@group-5DD09A43E0EE->05e9b83b-b6ec-4168-9e18-fac302cf5421-GrpcLogAppender: appendEntries Timeout, request=77c590a9-0e60-42d8-bbf8-e31004d5a9e8->05e9b83b-b6ec-4168-9e18-fac302cf5421#135-t2, previous=(t:2, i:19), leaderCommit=15, initializing? false, entries: <empty>
2019-09-10 13:20:11,287 [grpc-default-executor-4] WARN  server.GrpcLogAppender (LogUtils.java:warn(134)) - 0f4aa411-f22d-408f-a3ae-026c0e4d845c@group-447053F58748->82b87940-075a-4240-9714-83f9b1f11359-AppendLogResponseHandler: Failed appendEntries: org.apache.ratis.thirdparty.io.grpc.StatusRuntimeException: UNAVAILABLE: io exception
2019-09-10 13:20:11,287 [grpc-default-executor-4] INFO  impl.FollowerInfo (FollowerInfo.java:lambda$new$0(51)) - 0f4aa411-f22d-408f-a3ae-026c0e4d845c@group-447053F58748->82b87940-075a-4240-9714-83f9b1f11359: nextIndex: updateUnconditionally 0 -> 0
2019-09-10 13:20:11,313 [grpc-default-executor-0] WARN  server.GrpcLogAppender (LogUtils.java:warn(134)) - 0f4aa411-f22d-408f-a3ae-026c0e4d845c@group-447053F58748->e5557321-17be-433a-8d96-d7d186384118-AppendLogResponseHandler: Failed appendEntries: org.apache.ratis.thirdparty.io.grpc.StatusRuntimeException: UNAVAILABLE: io exception
2019-09-10 13:20:11,314 [grpc-default-executor-0] INFO  impl.FollowerInfo (FollowerInfo.java:lambda$new$0(51)) - 0f4aa411-f22d-408f-a3ae-026c0e4d845c@group-447053F58748->e5557321-17be-433a-8d96-d7d186384118: nextIndex: updateUnconditionally 0 -> 0
2019-09-10 13:20:11,736 [java.util.concurrent.ThreadPoolExecutor$Worker@590640b[State = -1, empty queue]] WARN  server.GrpcLogAppender (GrpcLogAppender.java:timeoutAppendRequest(200)) - af983c11-9397-41ec-9bfb-0705919241eb@group-DD7833F53F4E->c9bddf00-2197-4e52-a76a-1743bb04b5e3-GrpcLogAppender: appendEntries Timeout, request=af983c11-9397-41ec-9bfb-0705919241eb->c9bddf00-2197-4e52-a76a-1743bb04b5e3#150-t2, previous=(t:2, i:35), leaderCommit=31, initializing? false, entries: <empty>
2019-09-10 13:20:11,737 [java.util.concurrent.ThreadPoolExecutor$Worker@33ee767[State = -1, empty queue]] WARN  server.GrpcLogAppender (GrpcLogAppender.java:timeoutAppendRequest(200)) - af983c11-9397-41ec-9bfb-0705919241eb@group-DD7833F53F4E->fa25b701-8575-4c87-a8ca-f6672565109a-GrpcLogAppender: appendEntries Timeout, request=af983c11-9397-41ec-9bfb-0705919241eb->fa25b701-8575-4c87-a8ca-f6672565109a#150-t2, previous=(t:2, i:35), leaderCommit=31, initializing? false, entries: <empty>
2019-09-10 13:20:11,771 [java.util.concurrent.ThreadPoolExecutor$Worker@6cb6bbf9[State = -1, empty queue]] WARN  server.GrpcLogAppender (GrpcLogAppender.java:timeoutAppendRequest(200)) - 77c590a9-0e60-42d8-bbf8-e31004d5a9e8@group-5DD09A43E0EE->598fdd25-f3b3-418d-bbd3-bcbfa35279b9-GrpcLogAppender: appendEntries Timeout, request=77c590a9-0e60-42d8-bbf8-e31004d5a9e8->598fdd25-f3b3-418d-bbd3-bcbfa35279b9#136-t2, previous=(t:2, i:19), leaderCommit=15, initializing? false, entries: <empty>
2019-09-10 13:20:11,771 [java.util.concurrent.ThreadPoolExecutor$Worker@2bd31529[State = -1, empty queue]] WARN  server.GrpcLogAppender (GrpcLogAppender.java:timeoutAppendRequest(200)) - 77c590a9-0e60-42d8-bbf8-e31004d5a9e8@group-5DD09A43E0EE->05e9b83b-b6ec-4168-9e18-fac302cf5421-GrpcLogAppender: appendEntries Timeout, request=77c590a9-0e60-42d8-bbf8-e31004d5a9e8->05e9b83b-b6ec-4168-9e18-fac302cf5421#136-t2, previous=(t:2, i:19), leaderCommit=15, initializing? false, entries: <empty>
2019-09-10 13:20:11,787 [grpc-default-executor-5] WARN  server.GrpcLogAppender (LogUtils.java:warn(134)) - 0f4aa411-f22d-408f-a3ae-026c0e4d845c@group-447053F58748->82b87940-075a-4240-9714-83f9b1f11359-AppendLogResponseHandler: Failed appendEntries: org.apache.ratis.thirdparty.io.grpc.StatusRuntimeException: UNAVAILABLE: io exception
2019-09-10 13:20:11,788 [grpc-default-executor-5] INFO  impl.FollowerInfo (FollowerInfo.java:lambda$new$0(51)) - 0f4aa411-f22d-408f-a3ae-026c0e4d845c@group-447053F58748->82b87940-075a-4240-9714-83f9b1f11359: nextIndex: updateUnconditionally 0 -> 0
2019-09-10 13:20:11,813 [grpc-default-executor-0] WARN  server.GrpcLogAppender (LogUtils.java:warn(134)) - 0f4aa411-f22d-408f-a3ae-026c0e4d845c@group-447053F58748->e5557321-17be-433a-8d96-d7d186384118-AppendLogResponseHandler: Failed appendEntries: org.apache.ratis.thirdparty.io.grpc.StatusRuntimeException: UNAVAILABLE: io exception
2019-09-10 13:20:11,814 [grpc-default-executor-0] INFO  impl.FollowerInfo (FollowerInfo.java:lambda$new$0(51)) - 0f4aa411-f22d-408f-a3ae-026c0e4d845c@group-447053F58748->e5557321-17be-433a-8d96-d7d186384118: nextIndex: updateUnconditionally 0 -> 0
2019-09-10 13:20:12,236 [java.util.concurrent.ThreadPoolExecutor$Worker@590640b[State = -1, empty queue]] WARN  server.GrpcLogAppender (GrpcLogAppender.java:timeoutAppendRequest(200)) - af983c11-9397-41ec-9bfb-0705919241eb@group-DD7833F53F4E->c9bddf00-2197-4e52-a76a-1743bb04b5e3-GrpcLogAppender: appendEntries Timeout, request=af983c11-9397-41ec-9bfb-0705919241eb->c9bddf00-2197-4e52-a76a-1743bb04b5e3#151-t2, previous=(t:2, i:35), leaderCommit=31, initializing? false, entries: <empty>
2019-09-10 13:20:12,237 [java.util.concurrent.ThreadPoolExecutor$Worker@33ee767[State = -1, empty queue]] WARN  server.GrpcLogAppender (GrpcLogAppender.java:timeoutAppendRequest(200)) - af983c11-9397-41ec-9bfb-0705919241eb@group-DD7833F53F4E->fa25b701-8575-4c87-a8ca-f6672565109a-GrpcLogAppender: appendEntries Timeout, request=af983c11-9397-41ec-9bfb-0705919241eb->fa25b701-8575-4c87-a8ca-f6672565109a#151-t2, previous=(t:2, i:35), leaderCommit=31, initializing? false, entries: <empty>
2019-09-10 13:20:12,271 [java.util.concurrent.ThreadPoolExecutor$Worker@6cb6bbf9[State = -1, empty queue]] WARN  server.GrpcLogAppender (GrpcLogAppender.java:timeoutAppendRequest(200)) - 77c590a9-0e60-42d8-bbf8-e31004d5a9e8@group-5DD09A43E0EE->598fdd25-f3b3-418d-bbd3-bcbfa35279b9-GrpcLogAppender: appendEntries Timeout, request=77c590a9-0e60-42d8-bbf8-e31004d5a9e8->598fdd25-f3b3-418d-bbd3-bcbfa35279b9#137-t2, previous=(t:2, i:19), leaderCommit=15, initializing? false, entries: <empty>
2019-09-10 13:20:12,271 [java.util.concurrent.ThreadPoolExecutor$Worker@2bd31529[State = -1, empty queue]] WARN  server.GrpcLogAppender (GrpcLogAppender.java:timeoutAppendRequest(200)) - 77c590a9-0e60-42d8-bbf8-e31004d5a9e8@group-5DD09A43E0EE->05e9b83b-b6ec-4168-9e18-fac302cf5421-GrpcLogAppender: appendEntries Timeout, request=77c590a9-0e60-42d8-bbf8-e31004d5a9e8->05e9b83b-b6ec-4168-9e18-fac302cf5421#137-t2, previous=(t:2, i:19), leaderCommit=15, initializing? false, entries: <empty>
2019-09-10 13:20:12,288 [grpc-default-executor-4] WARN  server.GrpcLogAppender (LogUtils.java:warn(134)) - 0f4aa411-f22d-408f-a3ae-026c0e4d845c@group-447053F58748->82b87940-075a-4240-9714-83f9b1f11359-AppendLogResponseHandler: Failed appendEntries: org.apache.ratis.thirdparty.io.grpc.StatusRuntimeException: UNAVAILABLE: io exception
2019-09-10 13:20:12,288 [grpc-default-executor-4] INFO  impl.FollowerInfo (FollowerInfo.java:lambda$new$0(51)) - 0f4aa411-f22d-408f-a3ae-026c0e4d845c@group-447053F58748->82b87940-075a-4240-9714-83f9b1f11359: nextIndex: updateUnconditionally 0 -> 0
2019-09-10 13:20:12,314 [grpc-default-executor-0] WARN  server.GrpcLogAppender (LogUtils.java:warn(134)) - 0f4aa411-f22d-408f-a3ae-026c0e4d845c@group-447053F58748->e5557321-17be-433a-8d96-d7d186384118-AppendLogResponseHandler: Failed appendEntries: org.apache.ratis.thirdparty.io.grpc.StatusRuntimeException: UNAVAILABLE: io exception
2019-09-10 13:20:12,314 [grpc-default-executor-0] INFO  impl.FollowerInfo (FollowerInfo.java:lambda$new$0(51)) - 0f4aa411-f22d-408f-a3ae-026c0e4d845c@group-447053F58748->e5557321-17be-433a-8d96-d7d186384118: nextIndex: updateUnconditionally 0 -> 0
2019-09-10 13:20:12,737 [java.util.concurrent.ThreadPoolExecutor$Worker@590640b[State = -1, empty queue]] WARN  server.GrpcLogAppender (GrpcLogAppender.java:timeoutAppendRequest(200)) - af983c11-9397-41ec-9bfb-0705919241eb@group-DD7833F53F4E->c9bddf00-2197-4e52-a76a-1743bb04b5e3-GrpcLogAppender: appendEntries Timeout, request=af983c11-9397-41ec-9bfb-0705919241eb->c9bddf00-2197-4e52-a76a-1743bb04b5e3#152-t2, previous=(t:2, i:35), leaderCommit=31, initializing? false, entries: <empty>
2019-09-10 13:20:12,737 [java.util.concurrent.ThreadPoolExecutor$Worker@33ee767[State = -1, empty queue]] WARN  server.GrpcLogAppender (GrpcLogAppender.java:timeoutAppendRequest(200)) - af983c11-9397-41ec-9bfb-0705919241eb@group-DD7833F53F4E->fa25b701-8575-4c87-a8ca-f6672565109a-GrpcLogAppender: appendEntries Timeout, request=af983c11-9397-41ec-9bfb-0705919241eb->fa25b701-8575-4c87-a8ca-f6672565109a#152-t2, previous=(t:2, i:35), leaderCommit=31, initializing? false, entries: <empty>
2019-09-10 13:20:12,771 [java.util.concurrent.ThreadPoolExecutor$Worker@6cb6bbf9[State = -1, empty queue]] WARN  server.GrpcLogAppender (GrpcLogAppender.java:timeoutAppendRequest(200)) - 77c590a9-0e60-42d8-bbf8-e31004d5a9e8@group-5DD09A43E0EE->598fdd25-f3b3-418d-bbd3-bcbfa35279b9-GrpcLogAppender: appendEntries Timeout, request=77c590a9-0e60-42d8-bbf8-e31004d5a9e8->598fdd25-f3b3-418d-bbd3-bcbfa35279b9#138-t2, previous=(t:2, i:19), leaderCommit=15, initializing? false, entries: <empty>
2019-09-10 13:20:12,771 [java.util.concurrent.ThreadPoolExecutor$Worker@2bd31529[State = -1, empty queue]] WARN  server.GrpcLogAppender (GrpcLogAppender.java:timeoutAppendRequest(200)) - 77c590a9-0e60-42d8-bbf8-e31004d5a9e8@group-5DD09A43E0EE->05e9b83b-b6ec-4168-9e18-fac302cf5421-GrpcLogAppender: appendEntries Timeout, request=77c590a9-0e60-42d8-bbf8-e31004d5a9e8->05e9b83b-b6ec-4168-9e18-fac302cf5421#138-t2, previous=(t:2, i:19), leaderCommit=15, initializing? false, entries: <empty>
2019-09-10 13:20:12,789 [grpc-default-executor-5] WARN  server.GrpcLogAppender (LogUtils.java:warn(134)) - 0f4aa411-f22d-408f-a3ae-026c0e4d845c@group-447053F58748->82b87940-075a-4240-9714-83f9b1f11359-AppendLogResponseHandler: Failed appendEntries: org.apache.ratis.thirdparty.io.grpc.StatusRuntimeException: UNAVAILABLE: io exception
2019-09-10 13:20:12,790 [grpc-default-executor-5] INFO  impl.FollowerInfo (FollowerInfo.java:lambda$new$0(51)) - 0f4aa411-f22d-408f-a3ae-026c0e4d845c@group-447053F58748->82b87940-075a-4240-9714-83f9b1f11359: nextIndex: updateUnconditionally 0 -> 0
2019-09-10 13:20:12,815 [grpc-default-executor-0] WARN  server.GrpcLogAppender (LogUtils.java:warn(134)) - 0f4aa411-f22d-408f-a3ae-026c0e4d845c@group-447053F58748->e5557321-17be-433a-8d96-d7d186384118-AppendLogResponseHandler: Failed appendEntries: org.apache.ratis.thirdparty.io.grpc.StatusRuntimeException: UNAVAILABLE: io exception
2019-09-10 13:20:12,815 [grpc-default-executor-0] INFO  impl.FollowerInfo (FollowerInfo.java:lambda$new$0(51)) - 0f4aa411-f22d-408f-a3ae-026c0e4d845c@group-447053F58748->e5557321-17be-433a-8d96-d7d186384118: nextIndex: updateUnconditionally 0 -> 0
2019-09-10 13:20:13,237 [java.util.concurrent.ThreadPoolExecutor$Worker@590640b[State = -1, empty queue]] WARN  server.GrpcLogAppender (GrpcLogAppender.java:timeoutAppendRequest(200)) - af983c11-9397-41ec-9bfb-0705919241eb@group-DD7833F53F4E->c9bddf00-2197-4e52-a76a-1743bb04b5e3-GrpcLogAppender: appendEntries Timeout, request=af983c11-9397-41ec-9bfb-0705919241eb->c9bddf00-2197-4e52-a76a-1743bb04b5e3#153-t2, previous=(t:2, i:35), leaderCommit=31, initializing? false, entries: <empty>
2019-09-10 13:20:13,237 [java.util.concurrent.ThreadPoolExecutor$Worker@33ee767[State = -1, empty queue]] WARN  server.GrpcLogAppender (GrpcLogAppender.java:timeoutAppendRequest(200)) - af983c11-9397-41ec-9bfb-0705919241eb@group-DD7833F53F4E->fa25b701-8575-4c87-a8ca-f6672565109a-GrpcLogAppender: appendEntries Timeout, request=af983c11-9397-41ec-9bfb-0705919241eb->fa25b701-8575-4c87-a8ca-f6672565109a#153-t2, previous=(t:2, i:35), leaderCommit=31, initializing? false, entries: <empty>
2019-09-10 13:20:13,271 [java.util.concurrent.ThreadPoolExecutor$Worker@6cb6bbf9[State = -1, empty queue]] WARN  server.GrpcLogAppender (GrpcLogAppender.java:timeoutAppendRequest(200)) - 77c590a9-0e60-42d8-bbf8-e31004d5a9e8@group-5DD09A43E0EE->598fdd25-f3b3-418d-bbd3-bcbfa35279b9-GrpcLogAppender: appendEntries Timeout, request=77c590a9-0e60-42d8-bbf8-e31004d5a9e8->598fdd25-f3b3-418d-bbd3-bcbfa35279b9#139-t2, previous=(t:2, i:19), leaderCommit=15, initializing? false, entries: <empty>
2019-09-10 13:20:13,271 [java.util.concurrent.ThreadPoolExecutor$Worker@2bd31529[State = -1, empty queue]] WARN  server.GrpcLogAppender (GrpcLogAppender.java:timeoutAppendRequest(200)) - 77c590a9-0e60-42d8-bbf8-e31004d5a9e8@group-5DD09A43E0EE->05e9b83b-b6ec-4168-9e18-fac302cf5421-GrpcLogAppender: appendEntries Timeout, request=77c590a9-0e60-42d8-bbf8-e31004d5a9e8->05e9b83b-b6ec-4168-9e18-fac302cf5421#139-t2, previous=(t:2, i:19), leaderCommit=15, initializing? false, entries: <empty>
2019-09-10 13:20:13,290 [grpc-default-executor-5] WARN  server.GrpcLogAppender (LogUtils.java:warn(134)) - 0f4aa411-f22d-408f-a3ae-026c0e4d845c@group-447053F58748->82b87940-075a-4240-9714-83f9b1f11359-AppendLogResponseHandler: Failed appendEntries: org.apache.ratis.thirdparty.io.grpc.StatusRuntimeException: UNAVAILABLE: io exception
2019-09-10 13:20:13,290 [grpc-default-executor-5] INFO  impl.FollowerInfo (FollowerInfo.java:lambda$new$0(51)) - 0f4aa411-f22d-408f-a3ae-026c0e4d845c@group-447053F58748->82b87940-075a-4240-9714-83f9b1f11359: nextIndex: updateUnconditionally 0 -> 0
2019-09-10 13:20:13,315 [grpc-default-executor-0] WARN  server.GrpcLogAppender (LogUtils.java:warn(134)) - 0f4aa411-f22d-408f-a3ae-026c0e4d845c@group-447053F58748->e5557321-17be-433a-8d96-d7d186384118-AppendLogResponseHandler: Failed appendEntries: org.apache.ratis.thirdparty.io.grpc.StatusRuntimeException: UNAVAILABLE: io exception
2019-09-10 13:20:13,316 [grpc-default-executor-0] INFO  impl.FollowerInfo (FollowerInfo.java:lambda$new$0(51)) - 0f4aa411-f22d-408f-a3ae-026c0e4d845c@group-447053F58748->e5557321-17be-433a-8d96-d7d186384118: nextIndex: updateUnconditionally 0 -> 0
2019-09-10 13:20:13,737 [java.util.concurrent.ThreadPoolExecutor$Worker@590640b[State = -1, empty queue]] WARN  server.GrpcLogAppender (GrpcLogAppender.java:timeoutAppendRequest(200)) - af983c11-9397-41ec-9bfb-0705919241eb@group-DD7833F53F4E->c9bddf00-2197-4e52-a76a-1743bb04b5e3-GrpcLogAppender: appendEntries Timeout, request=af983c11-9397-41ec-9bfb-0705919241eb->c9bddf00-2197-4e52-a76a-1743bb04b5e3#154-t2, previous=(t:2, i:35), leaderCommit=31, initializing? false, entries: <empty>
2019-09-10 13:20:13,738 [java.util.concurrent.ThreadPoolExecutor$Worker@33ee767[State = -1, empty queue]] WARN  server.GrpcLogAppender (GrpcLogAppender.java:timeoutAppendRequest(200)) - af983c11-9397-41ec-9bfb-0705919241eb@group-DD7833F53F4E->fa25b701-8575-4c87-a8ca-f6672565109a-GrpcLogAppender: appendEntries Timeout, request=af983c11-9397-41ec-9bfb-0705919241eb->fa25b701-8575-4c87-a8ca-f6672565109a#154-t2, previous=(t:2, i:35), leaderCommit=31, initializing? false, entries: <empty>
2019-09-10 13:20:13,771 [java.util.concurrent.ThreadPoolExecutor$Worker@6cb6bbf9[State = -1, empty queue]] WARN  server.GrpcLogAppender (GrpcLogAppender.java:timeoutAppendRequest(200)) - 77c590a9-0e60-42d8-bbf8-e31004d5a9e8@group-5DD09A43E0EE->598fdd25-f3b3-418d-bbd3-bcbfa35279b9-GrpcLogAppender: appendEntries Timeout, request=77c590a9-0e60-42d8-bbf8-e31004d5a9e8->598fdd25-f3b3-418d-bbd3-bcbfa35279b9#140-t2, previous=(t:2, i:19), leaderCommit=15, initializing? false, entries: <empty>
2019-09-10 13:20:13,772 [java.util.concurrent.ThreadPoolExecutor$Worker@2bd31529[State = -1, empty queue]] WARN  server.GrpcLogAppender (GrpcLogAppender.java:timeoutAppendRequest(200)) - 77c590a9-0e60-42d8-bbf8-e31004d5a9e8@group-5DD09A43E0EE->05e9b83b-b6ec-4168-9e18-fac302cf5421-GrpcLogAppender: appendEntries Timeout, request=77c590a9-0e60-42d8-bbf8-e31004d5a9e8->05e9b83b-b6ec-4168-9e18-fac302cf5421#140-t2, previous=(t:2, i:19), leaderCommit=15, initializing? false, entries: <empty>
2019-09-10 13:20:13,790 [grpc-default-executor-4] WARN  server.GrpcLogAppender (LogUtils.java:warn(134)) - 0f4aa411-f22d-408f-a3ae-026c0e4d845c@group-447053F58748->82b87940-075a-4240-9714-83f9b1f11359-AppendLogResponseHandler: Failed appendEntries: org.apache.ratis.thirdparty.io.grpc.StatusRuntimeException: UNAVAILABLE: io exception
2019-09-10 13:20:13,791 [grpc-default-executor-4] INFO  impl.FollowerInfo (FollowerInfo.java:lambda$new$0(51)) - 0f4aa411-f22d-408f-a3ae-026c0e4d845c@group-447053F58748->82b87940-075a-4240-9714-83f9b1f11359: nextIndex: updateUnconditionally 0 -> 0
2019-09-10 13:20:13,816 [grpc-default-executor-4] WARN  server.GrpcLogAppender (LogUtils.java:warn(134)) - 0f4aa411-f22d-408f-a3ae-026c0e4d845c@group-447053F58748->e5557321-17be-433a-8d96-d7d186384118-AppendLogResponseHandler: Failed appendEntries: org.apache.ratis.thirdparty.io.grpc.StatusRuntimeException: UNAVAILABLE: io exception
2019-09-10 13:20:13,816 [grpc-default-executor-4] INFO  impl.FollowerInfo (FollowerInfo.java:lambda$new$0(51)) - 0f4aa411-f22d-408f-a3ae-026c0e4d845c@group-447053F58748->e5557321-17be-433a-8d96-d7d186384118: nextIndex: updateUnconditionally 0 -> 0
2019-09-10 13:20:14,238 [java.util.concurrent.ThreadPoolExecutor$Worker@590640b[State = -1, empty queue]] WARN  server.GrpcLogAppender (GrpcLogAppender.java:timeoutAppendRequest(200)) - af983c11-9397-41ec-9bfb-0705919241eb@group-DD7833F53F4E->c9bddf00-2197-4e52-a76a-1743bb04b5e3-GrpcLogAppender: appendEntries Timeout, request=af983c11-9397-41ec-9bfb-0705919241eb->c9bddf00-2197-4e52-a76a-1743bb04b5e3#155-t2, previous=(t:2, i:35), leaderCommit=31, initializing? false, entries: <empty>
2019-09-10 13:20:14,238 [java.util.concurrent.ThreadPoolExecutor$Worker@33ee767[State = -1, empty queue]] WARN  server.GrpcLogAppender (GrpcLogAppender.java:timeoutAppendRequest(200)) - af983c11-9397-41ec-9bfb-0705919241eb@group-DD7833F53F4E->fa25b701-8575-4c87-a8ca-f6672565109a-GrpcLogAppender: appendEntries Timeout, request=af983c11-9397-41ec-9bfb-0705919241eb->fa25b701-8575-4c87-a8ca-f6672565109a#155-t2, previous=(t:2, i:35), leaderCommit=31, initializing? false, entries: <empty>
2019-09-10 13:20:14,272 [java.util.concurrent.ThreadPoolExecutor$Worker@6cb6bbf9[State = -1, empty queue]] WARN  server.GrpcLogAppender (GrpcLogAppender.java:timeoutAppendRequest(200)) - 77c590a9-0e60-42d8-bbf8-e31004d5a9e8@group-5DD09A43E0EE->598fdd25-f3b3-418d-bbd3-bcbfa35279b9-GrpcLogAppender: appendEntries Timeout, request=77c590a9-0e60-42d8-bbf8-e31004d5a9e8->598fdd25-f3b3-418d-bbd3-bcbfa35279b9#141-t2, previous=(t:2, i:19), leaderCommit=15, initializing? false, entries: <empty>
2019-09-10 13:20:14,272 [java.util.concurrent.ThreadPoolExecutor$Worker@2bd31529[State = -1, empty queue]] WARN  server.GrpcLogAppender (GrpcLogAppender.java:timeoutAppendRequest(200)) - 77c590a9-0e60-42d8-bbf8-e31004d5a9e8@group-5DD09A43E0EE->05e9b83b-b6ec-4168-9e18-fac302cf5421-GrpcLogAppender: appendEntries Timeout, request=77c590a9-0e60-42d8-bbf8-e31004d5a9e8->05e9b83b-b6ec-4168-9e18-fac302cf5421#141-t2, previous=(t:2, i:19), leaderCommit=15, initializing? false, entries: <empty>
2019-09-10 13:20:14,292 [grpc-default-executor-0] WARN  server.GrpcLogAppender (LogUtils.java:warn(134)) - 0f4aa411-f22d-408f-a3ae-026c0e4d845c@group-447053F58748->82b87940-075a-4240-9714-83f9b1f11359-AppendLogResponseHandler: Failed appendEntries: org.apache.ratis.thirdparty.io.grpc.StatusRuntimeException: UNAVAILABLE: io exception
2019-09-10 13:20:14,293 [grpc-default-executor-0] INFO  impl.FollowerInfo (FollowerInfo.java:lambda$new$0(51)) - 0f4aa411-f22d-408f-a3ae-026c0e4d845c@group-447053F58748->82b87940-075a-4240-9714-83f9b1f11359: nextIndex: updateUnconditionally 0 -> 0
2019-09-10 13:20:14,317 [grpc-default-executor-5] WARN  server.GrpcLogAppender (LogUtils.java:warn(134)) - 0f4aa411-f22d-408f-a3ae-026c0e4d845c@group-447053F58748->e5557321-17be-433a-8d96-d7d186384118-AppendLogResponseHandler: Failed appendEntries: org.apache.ratis.thirdparty.io.grpc.StatusRuntimeException: UNAVAILABLE: io exception
2019-09-10 13:20:14,318 [grpc-default-executor-5] INFO  impl.FollowerInfo (FollowerInfo.java:lambda$new$0(51)) - 0f4aa411-f22d-408f-a3ae-026c0e4d845c@group-447053F58748->e5557321-17be-433a-8d96-d7d186384118: nextIndex: updateUnconditionally 0 -> 0
2019-09-10 13:20:14,342 [grpc-default-executor-5] INFO  client.GrpcClientProtocolClient (GrpcClientProtocolClient.java:onNext(264)) - client-7AEE289B780F->fa25b701-8575-4c87-a8ca-f6672565109a: receive RaftClientReply:client-7AEE289B780F->fa25b701-8575-4c87-a8ca-f6672565109a@group-DD7833F53F4E, cid=64, FAILED org.apache.ratis.protocol.NotLeaderException: Server fa25b701-8575-4c87-a8ca-f6672565109a@group-DD7833F53F4E is not the leader af983c11-9397-41ec-9bfb-0705919241eb:192.168.34.50:34977, logIndex=0, commits[fa25b701-8575-4c87-a8ca-f6672565109a:c31, af983c11-9397-41ec-9bfb-0705919241eb:c31, c9bddf00-2197-4e52-a76a-1743bb04b5e3:c29]
2019-09-10 13:20:14,738 [java.util.concurrent.ThreadPoolExecutor$Worker@590640b[State = -1, empty queue]] WARN  server.GrpcLogAppender (GrpcLogAppender.java:timeoutAppendRequest(200)) - af983c11-9397-41ec-9bfb-0705919241eb@group-DD7833F53F4E->c9bddf00-2197-4e52-a76a-1743bb04b5e3-GrpcLogAppender: appendEntries Timeout, request=af983c11-9397-41ec-9bfb-0705919241eb->c9bddf00-2197-4e52-a76a-1743bb04b5e3#156-t2, previous=(t:2, i:35), leaderCommit=31, initializing? false, entries: <empty>
2019-09-10 13:20:14,739 [java.util.concurrent.ThreadPoolExecutor$Worker@33ee767[State = -1, empty queue]] WARN  server.GrpcLogAppender (GrpcLogAppender.java:timeoutAppendRequest(200)) - af983c11-9397-41ec-9bfb-0705919241eb@group-DD7833F53F4E->fa25b701-8575-4c87-a8ca-f6672565109a-GrpcLogAppender: appendEntries Timeout, request=af983c11-9397-41ec-9bfb-0705919241eb->fa25b701-8575-4c87-a8ca-f6672565109a#156-t2, previous=(t:2, i:35), leaderCommit=31, initializing? false, entries: <empty>
2019-09-10 13:20:14,772 [java.util.concurrent.ThreadPoolExecutor$Worker@6cb6bbf9[State = -1, empty queue]] WARN  server.GrpcLogAppender (GrpcLogAppender.java:timeoutAppendRequest(200)) - 77c590a9-0e60-42d8-bbf8-e31004d5a9e8@group-5DD09A43E0EE->598fdd25-f3b3-418d-bbd3-bcbfa35279b9-GrpcLogAppender: appendEntries Timeout, request=77c590a9-0e60-42d8-bbf8-e31004d5a9e8->598fdd25-f3b3-418d-bbd3-bcbfa35279b9#142-t2, previous=(t:2, i:19), leaderCommit=15, initializing? false, entries: <empty>
2019-09-10 13:20:14,772 [java.util.concurrent.ThreadPoolExecutor$Worker@2bd31529[State = -1, empty queue]] WARN  server.GrpcLogAppender (GrpcLogAppender.java:timeoutAppendRequest(200)) - 77c590a9-0e60-42d8-bbf8-e31004d5a9e8@group-5DD09A43E0EE->05e9b83b-b6ec-4168-9e18-fac302cf5421-GrpcLogAppender: appendEntries Timeout, request=77c590a9-0e60-42d8-bbf8-e31004d5a9e8->05e9b83b-b6ec-4168-9e18-fac302cf5421#142-t2, previous=(t:2, i:19), leaderCommit=15, initializing? false, entries: <empty>
2019-09-10 13:20:14,793 [grpc-default-executor-0] WARN  server.GrpcLogAppender (LogUtils.java:warn(134)) - 0f4aa411-f22d-408f-a3ae-026c0e4d845c@group-447053F58748->82b87940-075a-4240-9714-83f9b1f11359-AppendLogResponseHandler: Failed appendEntries: org.apache.ratis.thirdparty.io.grpc.StatusRuntimeException: UNAVAILABLE: io exception
2019-09-10 13:20:14,793 [grpc-default-executor-0] INFO  impl.FollowerInfo (FollowerInfo.java:lambda$new$0(51)) - 0f4aa411-f22d-408f-a3ae-026c0e4d845c@group-447053F58748->82b87940-075a-4240-9714-83f9b1f11359: nextIndex: updateUnconditionally 0 -> 0
2019-09-10 13:20:14,819 [grpc-default-executor-4] WARN  server.GrpcLogAppender (LogUtils.java:warn(134)) - 0f4aa411-f22d-408f-a3ae-026c0e4d845c@group-447053F58748->e5557321-17be-433a-8d96-d7d186384118-AppendLogResponseHandler: Failed appendEntries: org.apache.ratis.thirdparty.io.grpc.StatusRuntimeException: UNAVAILABLE: io exception
2019-09-10 13:20:14,819 [grpc-default-executor-4] INFO  impl.FollowerInfo (FollowerInfo.java:lambda$new$0(51)) - 0f4aa411-f22d-408f-a3ae-026c0e4d845c@group-447053F58748->e5557321-17be-433a-8d96-d7d186384118: nextIndex: updateUnconditionally 0 -> 0
2019-09-10 13:20:15,214 [598fdd25-f3b3-418d-bbd3-bcbfa35279b9@group-5DD09A43E0EE-SegmentedRaftLogWorker] WARN  segmented.SegmentedRaftLogWorker (SegmentedRaftLogWorker.java:getFromFuture(90)) - Timeout 3/~
org.apache.ratis.protocol.TimeoutIOException: Timeout 10s: WriteLog:16: (t:2, i:16), STATEMACHINELOGENTRY, client-7BF1329EB290, cid=51-writeStateMachineData
	at org.apache.ratis.util.IOUtils.getFromFuture(IOUtils.java:87)
	at org.apache.ratis.server.raftlog.segmented.SegmentedRaftLogWorker$StateMachineDataPolicy.getFromFuture(SegmentedRaftLogWorker.java:87)
	at org.apache.ratis.server.raftlog.segmented.SegmentedRaftLogWorker$WriteLog.execute(SegmentedRaftLogWorker.java:477)
	at org.apache.ratis.server.raftlog.segmented.SegmentedRaftLogWorker.run(SegmentedRaftLogWorker.java:289)
	at java.lang.Thread.run(Thread.java:748)
Caused by: java.util.concurrent.TimeoutException
	at java.util.concurrent.CompletableFuture.timedGet(CompletableFuture.java:1771)
	at java.util.concurrent.CompletableFuture.get(CompletableFuture.java:1915)
	at org.apache.ratis.util.IOUtils.getFromFuture(IOUtils.java:79)
	... 4 more
2019-09-10 13:20:15,215 [05e9b83b-b6ec-4168-9e18-fac302cf5421@group-5DD09A43E0EE-SegmentedRaftLogWorker] WARN  segmented.SegmentedRaftLogWorker (SegmentedRaftLogWorker.java:getFromFuture(90)) - Timeout 3/~
org.apache.ratis.protocol.TimeoutIOException: Timeout 10s: WriteLog:16: (t:2, i:16), STATEMACHINELOGENTRY, client-7BF1329EB290, cid=51-writeStateMachineData
	at org.apache.ratis.util.IOUtils.getFromFuture(IOUtils.java:87)
	at org.apache.ratis.server.raftlog.segmented.SegmentedRaftLogWorker$StateMachineDataPolicy.getFromFuture(SegmentedRaftLogWorker.java:87)
	at org.apache.ratis.server.raftlog.segmented.SegmentedRaftLogWorker$WriteLog.execute(SegmentedRaftLogWorker.java:477)
	at org.apache.ratis.server.raftlog.segmented.SegmentedRaftLogWorker.run(SegmentedRaftLogWorker.java:289)
	at java.lang.Thread.run(Thread.java:748)
Caused by: java.util.concurrent.TimeoutException
	at java.util.concurrent.CompletableFuture.timedGet(CompletableFuture.java:1771)
	at java.util.concurrent.CompletableFuture.get(CompletableFuture.java:1915)
	at org.apache.ratis.util.IOUtils.getFromFuture(IOUtils.java:79)
	... 4 more
2019-09-10 13:20:15,238 [java.util.concurrent.ThreadPoolExecutor$Worker@590640b[State = -1, empty queue]] WARN  server.GrpcLogAppender (GrpcLogAppender.java:timeoutAppendRequest(200)) - af983c11-9397-41ec-9bfb-0705919241eb@group-DD7833F53F4E->c9bddf00-2197-4e52-a76a-1743bb04b5e3-GrpcLogAppender: appendEntries Timeout, request=af983c11-9397-41ec-9bfb-0705919241eb->c9bddf00-2197-4e52-a76a-1743bb04b5e3#157-t2, previous=(t:2, i:35), leaderCommit=31, initializing? false, entries: <empty>
2019-09-10 13:20:15,239 [java.util.concurrent.ThreadPoolExecutor$Worker@33ee767[State = -1, empty queue]] WARN  server.GrpcLogAppender (GrpcLogAppender.java:timeoutAppendRequest(200)) - af983c11-9397-41ec-9bfb-0705919241eb@group-DD7833F53F4E->fa25b701-8575-4c87-a8ca-f6672565109a-GrpcLogAppender: appendEntries Timeout, request=af983c11-9397-41ec-9bfb-0705919241eb->fa25b701-8575-4c87-a8ca-f6672565109a#157-t2, previous=(t:2, i:35), leaderCommit=31, initializing? false, entries: <empty>
2019-09-10 13:20:15,272 [java.util.concurrent.ThreadPoolExecutor$Worker@6cb6bbf9[State = -1, empty queue]] WARN  server.GrpcLogAppender (GrpcLogAppender.java:timeoutAppendRequest(200)) - 77c590a9-0e60-42d8-bbf8-e31004d5a9e8@group-5DD09A43E0EE->598fdd25-f3b3-418d-bbd3-bcbfa35279b9-GrpcLogAppender: appendEntries Timeout, request=77c590a9-0e60-42d8-bbf8-e31004d5a9e8->598fdd25-f3b3-418d-bbd3-bcbfa35279b9#143-t2, previous=(t:2, i:19), leaderCommit=15, initializing? false, entries: <empty>
2019-09-10 13:20:15,272 [java.util.concurrent.ThreadPoolExecutor$Worker@2bd31529[State = -1, empty queue]] WARN  server.GrpcLogAppender (GrpcLogAppender.java:timeoutAppendRequest(200)) - 77c590a9-0e60-42d8-bbf8-e31004d5a9e8@group-5DD09A43E0EE->05e9b83b-b6ec-4168-9e18-fac302cf5421-GrpcLogAppender: appendEntries Timeout, request=77c590a9-0e60-42d8-bbf8-e31004d5a9e8->05e9b83b-b6ec-4168-9e18-fac302cf5421#143-t2, previous=(t:2, i:19), leaderCommit=15, initializing? false, entries: <empty>
2019-09-10 13:20:15,294 [grpc-default-executor-0] WARN  server.GrpcLogAppender (LogUtils.java:warn(134)) - 0f4aa411-f22d-408f-a3ae-026c0e4d845c@group-447053F58748->82b87940-075a-4240-9714-83f9b1f11359-AppendLogResponseHandler: Failed appendEntries: org.apache.ratis.thirdparty.io.grpc.StatusRuntimeException: UNAVAILABLE: io exception
2019-09-10 13:20:15,294 [grpc-default-executor-0] INFO  impl.FollowerInfo (FollowerInfo.java:lambda$new$0(51)) - 0f4aa411-f22d-408f-a3ae-026c0e4d845c@group-447053F58748->82b87940-075a-4240-9714-83f9b1f11359: nextIndex: updateUnconditionally 0 -> 0
2019-09-10 13:20:15,319 [grpc-default-executor-4] WARN  server.GrpcLogAppender (LogUtils.java:warn(134)) - 0f4aa411-f22d-408f-a3ae-026c0e4d845c@group-447053F58748->e5557321-17be-433a-8d96-d7d186384118-AppendLogResponseHandler: Failed appendEntries: org.apache.ratis.thirdparty.io.grpc.StatusRuntimeException: UNAVAILABLE: io exception
2019-09-10 13:20:15,319 [grpc-default-executor-4] INFO  impl.FollowerInfo (FollowerInfo.java:lambda$new$0(51)) - 0f4aa411-f22d-408f-a3ae-026c0e4d845c@group-447053F58748->e5557321-17be-433a-8d96-d7d186384118: nextIndex: updateUnconditionally 0 -> 0
2019-09-10 13:20:15,408 [77c590a9-0e60-42d8-bbf8-e31004d5a9e8@group-5DD09A43E0EE-SegmentedRaftLogWorker] WARN  segmented.SegmentedRaftLogWorker (SegmentedRaftLogWorker.java:getFromFuture(90)) - Timeout 3/~
org.apache.ratis.protocol.TimeoutIOException: Timeout 10s: WriteLog:18: (t:2, i:18), STATEMACHINELOGENTRY, client-7BF1329EB290, cid=53-writeStateMachineData
	at org.apache.ratis.util.IOUtils.getFromFuture(IOUtils.java:87)
	at org.apache.ratis.server.raftlog.segmented.SegmentedRaftLogWorker$StateMachineDataPolicy.getFromFuture(SegmentedRaftLogWorker.java:87)
	at org.apache.ratis.server.raftlog.segmented.SegmentedRaftLogWorker$WriteLog.execute(SegmentedRaftLogWorker.java:477)
	at org.apache.ratis.server.raftlog.segmented.SegmentedRaftLogWorker.run(SegmentedRaftLogWorker.java:289)
	at java.lang.Thread.run(Thread.java:748)
Caused by: java.util.concurrent.TimeoutException
	at java.util.concurrent.CompletableFuture.timedGet(CompletableFuture.java:1771)
	at java.util.concurrent.CompletableFuture.get(CompletableFuture.java:1915)
	at org.apache.ratis.util.IOUtils.getFromFuture(IOUtils.java:79)
	... 4 more
2019-09-10 13:20:15,738 [java.util.concurrent.ThreadPoolExecutor$Worker@590640b[State = -1, empty queue]] WARN  server.GrpcLogAppender (GrpcLogAppender.java:timeoutAppendRequest(200)) - af983c11-9397-41ec-9bfb-0705919241eb@group-DD7833F53F4E->c9bddf00-2197-4e52-a76a-1743bb04b5e3-GrpcLogAppender: appendEntries Timeout, request=af983c11-9397-41ec-9bfb-0705919241eb->c9bddf00-2197-4e52-a76a-1743bb04b5e3#158-t2, previous=(t:2, i:35), leaderCommit=31, initializing? false, entries: <empty>
2019-09-10 13:20:15,739 [java.util.concurrent.ThreadPoolExecutor$Worker@33ee767[State = -1, empty queue]] WARN  server.GrpcLogAppender (GrpcLogAppender.java:timeoutAppendRequest(200)) - af983c11-9397-41ec-9bfb-0705919241eb@group-DD7833F53F4E->fa25b701-8575-4c87-a8ca-f6672565109a-GrpcLogAppender: appendEntries Timeout, request=af983c11-9397-41ec-9bfb-0705919241eb->fa25b701-8575-4c87-a8ca-f6672565109a#158-t2, previous=(t:2, i:35), leaderCommit=31, initializing? false, entries: <empty>
2019-09-10 13:20:15,772 [java.util.concurrent.ThreadPoolExecutor$Worker@6cb6bbf9[State = -1, empty queue]] WARN  server.GrpcLogAppender (GrpcLogAppender.java:timeoutAppendRequest(200)) - 77c590a9-0e60-42d8-bbf8-e31004d5a9e8@group-5DD09A43E0EE->598fdd25-f3b3-418d-bbd3-bcbfa35279b9-GrpcLogAppender: appendEntries Timeout, request=77c590a9-0e60-42d8-bbf8-e31004d5a9e8->598fdd25-f3b3-418d-bbd3-bcbfa35279b9#144-t2, previous=(t:2, i:19), leaderCommit=15, initializing? false, entries: <empty>
2019-09-10 13:20:15,773 [java.util.concurrent.ThreadPoolExecutor$Worker@2bd31529[State = -1, empty queue]] WARN  server.GrpcLogAppender (GrpcLogAppender.java:timeoutAppendRequest(200)) - 77c590a9-0e60-42d8-bbf8-e31004d5a9e8@group-5DD09A43E0EE->05e9b83b-b6ec-4168-9e18-fac302cf5421-GrpcLogAppender: appendEntries Timeout, request=77c590a9-0e60-42d8-bbf8-e31004d5a9e8->05e9b83b-b6ec-4168-9e18-fac302cf5421#144-t2, previous=(t:2, i:19), leaderCommit=15, initializing? false, entries: <empty>
2019-09-10 13:20:15,795 [grpc-default-executor-0] WARN  server.GrpcLogAppender (LogUtils.java:warn(134)) - 0f4aa411-f22d-408f-a3ae-026c0e4d845c@group-447053F58748->82b87940-075a-4240-9714-83f9b1f11359-AppendLogResponseHandler: Failed appendEntries: org.apache.ratis.thirdparty.io.grpc.StatusRuntimeException: UNAVAILABLE: io exception
2019-09-10 13:20:15,795 [grpc-default-executor-0] INFO  impl.FollowerInfo (FollowerInfo.java:lambda$new$0(51)) - 0f4aa411-f22d-408f-a3ae-026c0e4d845c@group-447053F58748->82b87940-075a-4240-9714-83f9b1f11359: nextIndex: updateUnconditionally 0 -> 0
2019-09-10 13:20:15,819 [grpc-default-executor-5] WARN  server.GrpcLogAppender (LogUtils.java:warn(134)) - 0f4aa411-f22d-408f-a3ae-026c0e4d845c@group-447053F58748->e5557321-17be-433a-8d96-d7d186384118-AppendLogResponseHandler: Failed appendEntries: org.apache.ratis.thirdparty.io.grpc.StatusRuntimeException: UNAVAILABLE: io exception
2019-09-10 13:20:15,819 [grpc-default-executor-5] INFO  impl.FollowerInfo (FollowerInfo.java:lambda$new$0(51)) - 0f4aa411-f22d-408f-a3ae-026c0e4d845c@group-447053F58748->e5557321-17be-433a-8d96-d7d186384118: nextIndex: updateUnconditionally 0 -> 0
2019-09-10 13:20:16,239 [java.util.concurrent.ThreadPoolExecutor$Worker@590640b[State = -1, empty queue]] WARN  server.GrpcLogAppender (GrpcLogAppender.java:timeoutAppendRequest(200)) - af983c11-9397-41ec-9bfb-0705919241eb@group-DD7833F53F4E->c9bddf00-2197-4e52-a76a-1743bb04b5e3-GrpcLogAppender: appendEntries Timeout, request=af983c11-9397-41ec-9bfb-0705919241eb->c9bddf00-2197-4e52-a76a-1743bb04b5e3#159-t2, previous=(t:2, i:35), leaderCommit=31, initializing? false, entries: <empty>
2019-09-10 13:20:16,240 [java.util.concurrent.ThreadPoolExecutor$Worker@33ee767[State = -1, empty queue]] WARN  server.GrpcLogAppender (GrpcLogAppender.java:timeoutAppendRequest(200)) - af983c11-9397-41ec-9bfb-0705919241eb@group-DD7833F53F4E->fa25b701-8575-4c87-a8ca-f6672565109a-GrpcLogAppender: appendEntries Timeout, request=af983c11-9397-41ec-9bfb-0705919241eb->fa25b701-8575-4c87-a8ca-f6672565109a#159-t2, previous=(t:2, i:35), leaderCommit=31, initializing? false, entries: <empty>
2019-09-10 13:20:16,273 [java.util.concurrent.ThreadPoolExecutor$Worker@6cb6bbf9[State = -1, empty queue]] WARN  server.GrpcLogAppender (GrpcLogAppender.java:timeoutAppendRequest(200)) - 77c590a9-0e60-42d8-bbf8-e31004d5a9e8@group-5DD09A43E0EE->598fdd25-f3b3-418d-bbd3-bcbfa35279b9-GrpcLogAppender: appendEntries Timeout, request=77c590a9-0e60-42d8-bbf8-e31004d5a9e8->598fdd25-f3b3-418d-bbd3-bcbfa35279b9#145-t2, previous=(t:2, i:19), leaderCommit=15, initializing? false, entries: <empty>
2019-09-10 13:20:16,273 [java.util.concurrent.ThreadPoolExecutor$Worker@2bd31529[State = -1, empty queue]] WARN  server.GrpcLogAppender (GrpcLogAppender.java:timeoutAppendRequest(200)) - 77c590a9-0e60-42d8-bbf8-e31004d5a9e8@group-5DD09A43E0EE->05e9b83b-b6ec-4168-9e18-fac302cf5421-GrpcLogAppender: appendEntries Timeout, request=77c590a9-0e60-42d8-bbf8-e31004d5a9e8->05e9b83b-b6ec-4168-9e18-fac302cf5421#145-t2, previous=(t:2, i:19), leaderCommit=15, initializing? false, entries: <empty>
2019-09-10 13:20:16,296 [grpc-default-executor-4] WARN  server.GrpcLogAppender (LogUtils.java:warn(134)) - 0f4aa411-f22d-408f-a3ae-026c0e4d845c@group-447053F58748->82b87940-075a-4240-9714-83f9b1f11359-AppendLogResponseHandler: Failed appendEntries: org.apache.ratis.thirdparty.io.grpc.StatusRuntimeException: UNAVAILABLE: io exception
2019-09-10 13:20:16,297 [grpc-default-executor-4] INFO  impl.FollowerInfo (FollowerInfo.java:lambda$new$0(51)) - 0f4aa411-f22d-408f-a3ae-026c0e4d845c@group-447053F58748->82b87940-075a-4240-9714-83f9b1f11359: nextIndex: updateUnconditionally 0 -> 0
2019-09-10 13:20:16,320 [grpc-default-executor-0] WARN  server.GrpcLogAppender (LogUtils.java:warn(134)) - 0f4aa411-f22d-408f-a3ae-026c0e4d845c@group-447053F58748->e5557321-17be-433a-8d96-d7d186384118-AppendLogResponseHandler: Failed appendEntries: org.apache.ratis.thirdparty.io.grpc.StatusRuntimeException: UNAVAILABLE: io exception
2019-09-10 13:20:16,320 [grpc-default-executor-0] INFO  impl.FollowerInfo (FollowerInfo.java:lambda$new$0(51)) - 0f4aa411-f22d-408f-a3ae-026c0e4d845c@group-447053F58748->e5557321-17be-433a-8d96-d7d186384118: nextIndex: updateUnconditionally 0 -> 0
2019-09-10 13:20:16,739 [java.util.concurrent.ThreadPoolExecutor$Worker@590640b[State = -1, empty queue]] WARN  server.GrpcLogAppender (GrpcLogAppender.java:timeoutAppendRequest(200)) - af983c11-9397-41ec-9bfb-0705919241eb@group-DD7833F53F4E->c9bddf00-2197-4e52-a76a-1743bb04b5e3-GrpcLogAppender: appendEntries Timeout, request=af983c11-9397-41ec-9bfb-0705919241eb->c9bddf00-2197-4e52-a76a-1743bb04b5e3#160-t2, previous=(t:2, i:35), leaderCommit=31, initializing? false, entries: <empty>
2019-09-10 13:20:16,740 [java.util.concurrent.ThreadPoolExecutor$Worker@33ee767[State = -1, empty queue]] WARN  server.GrpcLogAppender (GrpcLogAppender.java:timeoutAppendRequest(200)) - af983c11-9397-41ec-9bfb-0705919241eb@group-DD7833F53F4E->fa25b701-8575-4c87-a8ca-f6672565109a-GrpcLogAppender: appendEntries Timeout, request=af983c11-9397-41ec-9bfb-0705919241eb->fa25b701-8575-4c87-a8ca-f6672565109a#160-t2, previous=(t:2, i:35), leaderCommit=31, initializing? false, entries: <empty>
2019-09-10 13:20:16,773 [java.util.concurrent.ThreadPoolExecutor$Worker@6cb6bbf9[State = -1, empty queue]] WARN  server.GrpcLogAppender (GrpcLogAppender.java:timeoutAppendRequest(200)) - 77c590a9-0e60-42d8-bbf8-e31004d5a9e8@group-5DD09A43E0EE->598fdd25-f3b3-418d-bbd3-bcbfa35279b9-GrpcLogAppender: appendEntries Timeout, request=77c590a9-0e60-42d8-bbf8-e31004d5a9e8->598fdd25-f3b3-418d-bbd3-bcbfa35279b9#146-t2, previous=(t:2, i:19), leaderCommit=15, initializing? false, entries: <empty>
2019-09-10 13:20:16,773 [java.util.concurrent.ThreadPoolExecutor$Worker@2bd31529[State = -1, empty queue]] WARN  server.GrpcLogAppender (GrpcLogAppender.java:timeoutAppendRequest(200)) - 77c590a9-0e60-42d8-bbf8-e31004d5a9e8@group-5DD09A43E0EE->05e9b83b-b6ec-4168-9e18-fac302cf5421-GrpcLogAppender: appendEntries Timeout, request=77c590a9-0e60-42d8-bbf8-e31004d5a9e8->05e9b83b-b6ec-4168-9e18-fac302cf5421#146-t2, previous=(t:2, i:19), leaderCommit=15, initializing? false, entries: <empty>
2019-09-10 13:20:16,796 [grpc-default-executor-5] WARN  server.GrpcLogAppender (LogUtils.java:warn(134)) - 0f4aa411-f22d-408f-a3ae-026c0e4d845c@group-447053F58748->82b87940-075a-4240-9714-83f9b1f11359-AppendLogResponseHandler: Failed appendEntries: org.apache.ratis.thirdparty.io.grpc.StatusRuntimeException: UNAVAILABLE: io exception
2019-09-10 13:20:16,797 [grpc-default-executor-5] INFO  impl.FollowerInfo (FollowerInfo.java:lambda$new$0(51)) - 0f4aa411-f22d-408f-a3ae-026c0e4d845c@group-447053F58748->82b87940-075a-4240-9714-83f9b1f11359: nextIndex: updateUnconditionally 0 -> 0
2019-09-10 13:20:16,821 [grpc-default-executor-0] WARN  server.GrpcLogAppender (LogUtils.java:warn(134)) - 0f4aa411-f22d-408f-a3ae-026c0e4d845c@group-447053F58748->e5557321-17be-433a-8d96-d7d186384118-AppendLogResponseHandler: Failed appendEntries: org.apache.ratis.thirdparty.io.grpc.StatusRuntimeException: UNAVAILABLE: io exception
2019-09-10 13:20:16,821 [grpc-default-executor-0] INFO  impl.FollowerInfo (FollowerInfo.java:lambda$new$0(51)) - 0f4aa411-f22d-408f-a3ae-026c0e4d845c@group-447053F58748->e5557321-17be-433a-8d96-d7d186384118: nextIndex: updateUnconditionally 0 -> 0
2019-09-10 13:20:17,239 [java.util.concurrent.ThreadPoolExecutor$Worker@590640b[State = -1, empty queue]] WARN  server.GrpcLogAppender (GrpcLogAppender.java:timeoutAppendRequest(200)) - af983c11-9397-41ec-9bfb-0705919241eb@group-DD7833F53F4E->c9bddf00-2197-4e52-a76a-1743bb04b5e3-GrpcLogAppender: appendEntries Timeout, request=af983c11-9397-41ec-9bfb-0705919241eb->c9bddf00-2197-4e52-a76a-1743bb04b5e3#161-t2, previous=(t:2, i:35), leaderCommit=31, initializing? false, entries: <empty>
2019-09-10 13:20:17,240 [java.util.concurrent.ThreadPoolExecutor$Worker@33ee767[State = -1, empty queue]] WARN  server.GrpcLogAppender (GrpcLogAppender.java:timeoutAppendRequest(200)) - af983c11-9397-41ec-9bfb-0705919241eb@group-DD7833F53F4E->fa25b701-8575-4c87-a8ca-f6672565109a-GrpcLogAppender: appendEntries Timeout, request=af983c11-9397-41ec-9bfb-0705919241eb->fa25b701-8575-4c87-a8ca-f6672565109a#161-t2, previous=(t:2, i:35), leaderCommit=31, initializing? false, entries: <empty>
2019-09-10 13:20:17,273 [java.util.concurrent.ThreadPoolExecutor$Worker@6cb6bbf9[State = -1, empty queue]] WARN  server.GrpcLogAppender (GrpcLogAppender.java:timeoutAppendRequest(200)) - 77c590a9-0e60-42d8-bbf8-e31004d5a9e8@group-5DD09A43E0EE->598fdd25-f3b3-418d-bbd3-bcbfa35279b9-GrpcLogAppender: appendEntries Timeout, request=77c590a9-0e60-42d8-bbf8-e31004d5a9e8->598fdd25-f3b3-418d-bbd3-bcbfa35279b9#147-t2, previous=(t:2, i:19), leaderCommit=15, initializing? false, entries: <empty>
2019-09-10 13:20:17,273 [java.util.concurrent.ThreadPoolExecutor$Worker@2bd31529[State = -1, empty queue]] WARN  server.GrpcLogAppender (GrpcLogAppender.java:timeoutAppendRequest(200)) - 77c590a9-0e60-42d8-bbf8-e31004d5a9e8@group-5DD09A43E0EE->05e9b83b-b6ec-4168-9e18-fac302cf5421-GrpcLogAppender: appendEntries Timeout, request=77c590a9-0e60-42d8-bbf8-e31004d5a9e8->05e9b83b-b6ec-4168-9e18-fac302cf5421#147-t2, previous=(t:2, i:19), leaderCommit=15, initializing? false, entries: <empty>
2019-09-10 13:20:17,297 [grpc-default-executor-4] WARN  server.GrpcLogAppender (LogUtils.java:warn(134)) - 0f4aa411-f22d-408f-a3ae-026c0e4d845c@group-447053F58748->82b87940-075a-4240-9714-83f9b1f11359-AppendLogResponseHandler: Failed appendEntries: org.apache.ratis.thirdparty.io.grpc.StatusRuntimeException: UNAVAILABLE: io exception
2019-09-10 13:20:17,298 [grpc-default-executor-4] INFO  impl.FollowerInfo (FollowerInfo.java:lambda$new$0(51)) - 0f4aa411-f22d-408f-a3ae-026c0e4d845c@group-447053F58748->82b87940-075a-4240-9714-83f9b1f11359: nextIndex: updateUnconditionally 0 -> 0
2019-09-10 13:20:17,322 [grpc-default-executor-5] WARN  server.GrpcLogAppender (LogUtils.java:warn(134)) - 0f4aa411-f22d-408f-a3ae-026c0e4d845c@group-447053F58748->e5557321-17be-433a-8d96-d7d186384118-AppendLogResponseHandler: Failed appendEntries: org.apache.ratis.thirdparty.io.grpc.StatusRuntimeException: UNAVAILABLE: io exception
2019-09-10 13:20:17,322 [grpc-default-executor-5] INFO  impl.FollowerInfo (FollowerInfo.java:lambda$new$0(51)) - 0f4aa411-f22d-408f-a3ae-026c0e4d845c@group-447053F58748->e5557321-17be-433a-8d96-d7d186384118: nextIndex: updateUnconditionally 0 -> 0
2019-09-10 13:20:17,370 [main] WARN  io.KeyOutputStream (KeyOutputStream.java:handleException(276)) - Encountered exception java.io.IOException: Unexpected Storage Container Exception: java.util.concurrent.CompletionException: java.util.concurrent.CompletionException: org.apache.ratis.protocol.RaftRetryFailureException: Failed RaftClientRequest:client-7AEE289B780F->af983c11-9397-41ec-9bfb-0705919241eb@group-DD7833F53F4E, cid=64, seq=9*, RW, org.apache.hadoop.hdds.scm.XceiverClientRatis$$Lambda$435/787298292@621badc5 for 10 attempts with RetryLimited(maxAttempts=10, sleepTime=1000ms) on the pipeline Pipeline[ Id: 96240272-0a0b-4b42-9081-dd7833f53f4e, Nodes: fa25b701-8575-4c87-a8ca-f6672565109a{ip: 192.168.34.50, host: pr-hdds-1879-pp2l2-2511026898, networkLocation: /default-rack, certSerialId: null}af983c11-9397-41ec-9bfb-0705919241eb{ip: 192.168.34.50, host: pr-hdds-1879-pp2l2-2511026898, networkLocation: /default-rack, certSerialId: null}c9bddf00-2197-4e52-a76a-1743bb04b5e3{ip: 192.168.34.50, host: pr-hdds-1879-pp2l2-2511026898, networkLocation: /default-rack, certSerialId: null}, Type:RATIS, Factor:THREE, State:OPEN]. The last committed block length is 0, uncommitted data length is 2097152 retry count 0
2019-09-10 13:20:17,435 [IPC Server handler 11 on 40452] WARN  block.BlockManagerImpl (BlockManagerImpl.java:allocateBlock(192)) - Pipeline creation failed for type:RATIS factor:THREE. Retrying get pipelines call once.
org.apache.hadoop.hdds.scm.pipeline.InsufficientDatanodesException: Cannot create pipeline of factor 3 using 1 nodes.
	at org.apache.hadoop.hdds.scm.pipeline.RatisPipelineProvider.create(RatisPipelineProvider.java:152)
	at org.apache.hadoop.hdds.scm.pipeline.PipelineFactory.create(PipelineFactory.java:57)
	at org.apache.hadoop.hdds.scm.pipeline.SCMPipelineManager.createPipeline(SCMPipelineManager.java:151)
	at org.apache.hadoop.hdds.scm.block.BlockManagerImpl.allocateBlock(BlockManagerImpl.java:190)
	at org.apache.hadoop.hdds.scm.server.SCMBlockProtocolServer.allocateBlock(SCMBlockProtocolServer.java:182)
	at org.apache.hadoop.ozone.protocolPB.ScmBlockLocationProtocolServerSideTranslatorPB.allocateScmBlock(ScmBlockLocationProtocolServerSideTranslatorPB.java:183)
	at org.apache.hadoop.ozone.protocolPB.ScmBlockLocationProtocolServerSideTranslatorPB.processMessage(ScmBlockLocationProtocolServerSideTranslatorPB.java:141)
	at org.apache.hadoop.ozone.protocolPB.ScmBlockLocationProtocolServerSideTranslatorPB.send(ScmBlockLocationProtocolServerSideTranslatorPB.java:116)
	at org.apache.hadoop.hdds.protocol.proto.ScmBlockLocationProtocolProtos$ScmBlockLocationProtocolService$2.callBlockingMethod(ScmBlockLocationProtocolProtos.java:13157)
	at org.apache.hadoop.ipc.ProtobufRpcEngine$Server$ProtoBufRpcInvoker.call(ProtobufRpcEngine.java:524)
	at org.apache.hadoop.ipc.RPC$Server.call(RPC.java:1025)
	at org.apache.hadoop.ipc.Server$RpcCall.run(Server.java:876)
	at org.apache.hadoop.ipc.Server$RpcCall.run(Server.java:822)
	at java.security.AccessController.doPrivileged(Native Method)
	at javax.security.auth.Subject.doAs(Subject.java:422)
	at org.apache.hadoop.security.UserGroupInformation.doAs(UserGroupInformation.java:1730)
	at org.apache.hadoop.ipc.Server$Handler.run(Server.java:2682)
2019-09-10 13:20:17,436 [IPC Server handler 11 on 40452] INFO  block.BlockManagerImpl (BlockManagerImpl.java:allocateBlock(198)) - Could not find available pipeline of type:RATIS and factor:THREE even after retrying
2019-09-10 13:20:17,436 [IPC Server handler 11 on 40452] ERROR block.BlockManagerImpl (BlockManagerImpl.java:allocateBlock(222)) - Unable to allocate a block for the size: 4194304, type: RATIS, factor: THREE
2019-09-10 13:20:17,443 [main] ERROR io.BlockOutputStreamEntryPool (BlockOutputStreamEntryPool.java:allocateBlockIfNeeded(299)) - Try to allocate more blocks for write failed, already allocated 0 blocks for this write.
INTERNAL_ERROR org.apache.hadoop.ozone.om.exceptions.OMException: Allocated 0 blocks. Requested 1 blocks
	at org.apache.hadoop.ozone.om.protocolPB.OzoneManagerProtocolClientSideTranslatorPB.handleError(OzoneManagerProtocolClientSideTranslatorPB.java:725)
	at org.apache.hadoop.ozone.om.protocolPB.OzoneManagerProtocolClientSideTranslatorPB.allocateBlock(OzoneManagerProtocolClientSideTranslatorPB.java:757)
	at org.apache.hadoop.ozone.client.io.BlockOutputStreamEntryPool.allocateNewBlock(BlockOutputStreamEntryPool.java:248)
	at org.apache.hadoop.ozone.client.io.BlockOutputStreamEntryPool.allocateBlockIfNeeded(BlockOutputStreamEntryPool.java:296)
	at org.apache.hadoop.ozone.client.io.KeyOutputStream.handleWrite(KeyOutputStream.java:201)
	at org.apache.hadoop.ozone.client.io.KeyOutputStream.handleRetry(KeyOutputStream.java:376)
	at org.apache.hadoop.ozone.client.io.KeyOutputStream.handleException(KeyOutputStream.java:325)
	at org.apache.hadoop.ozone.client.io.KeyOutputStream.handleWrite(KeyOutputStream.java:231)
	at org.apache.hadoop.ozone.client.io.KeyOutputStream.write(KeyOutputStream.java:193)
	at org.apache.hadoop.ozone.client.io.OzoneOutputStream.write(OzoneOutputStream.java:49)
	at java.io.OutputStream.write(OutputStream.java:75)
	at org.apache.hadoop.ozone.client.rpc.TestMultiBlockWritesWithDnFailures.testMultiBlockWritesWithIntermittentDnFailures(TestMultiBlockWritesWithDnFailures.java:196)
	at sun.reflect.NativeMethodAccessorImpl.invoke0(Native Method)
	at sun.reflect.NativeMethodAccessorImpl.invoke(NativeMethodAccessorImpl.java:62)
	at sun.reflect.DelegatingMethodAccessorImpl.invoke(DelegatingMethodAccessorImpl.java:43)
	at java.lang.reflect.Method.invoke(Method.java:498)
	at org.junit.runners.model.FrameworkMethod$1.runReflectiveCall(FrameworkMethod.java:47)
	at org.junit.internal.runners.model.ReflectiveCallable.run(ReflectiveCallable.java:12)
	at org.junit.runners.model.FrameworkMethod.invokeExplosively(FrameworkMethod.java:44)
	at org.junit.internal.runners.statements.InvokeMethod.evaluate(InvokeMethod.java:17)
	at org.junit.internal.runners.statements.RunAfters.evaluate(RunAfters.java:27)
	at org.junit.runners.ParentRunner.runLeaf(ParentRunner.java:271)
	at org.junit.runners.BlockJUnit4ClassRunner.runChild(BlockJUnit4ClassRunner.java:70)
	at org.junit.runners.BlockJUnit4ClassRunner.runChild(BlockJUnit4ClassRunner.java:50)
	at org.junit.runners.ParentRunner$3.run(ParentRunner.java:238)
	at org.junit.runners.ParentRunner$1.schedule(ParentRunner.java:63)
	at org.junit.runners.ParentRunner.runChildren(ParentRunner.java:236)
	at org.junit.runners.ParentRunner.access$000(ParentRunner.java:53)
	at org.junit.runners.ParentRunner$2.evaluate(ParentRunner.java:229)
	at org.junit.runners.ParentRunner.run(ParentRunner.java:309)
	at org.apache.maven.surefire.junit4.JUnit4Provider.execute(JUnit4Provider.java:365)
	at org.apache.maven.surefire.junit4.JUnit4Provider.executeWithRerun(JUnit4Provider.java:273)
	at org.apache.maven.surefire.junit4.JUnit4Provider.executeTestSet(JUnit4Provider.java:238)
	at org.apache.maven.surefire.junit4.JUnit4Provider.invoke(JUnit4Provider.java:159)
	at org.apache.maven.surefire.booter.ForkedBooter.invokeProviderInSameClassLoader(ForkedBooter.java:384)
	at org.apache.maven.surefire.booter.ForkedBooter.runSuitesInProcess(ForkedBooter.java:345)
	at org.apache.maven.surefire.booter.ForkedBooter.execute(ForkedBooter.java:126)
	at org.apache.maven.surefire.booter.ForkedBooter.main(ForkedBooter.java:418)
2019-09-10 13:20:17,452 [main] INFO  ozone.MiniOzoneClusterImpl (MiniOzoneClusterImpl.java:shutdown(307)) - Shutting down the Mini Ozone Cluster
2019-09-10 13:20:17,453 [main] INFO  ozone.MiniOzoneClusterImpl (MiniOzoneClusterImpl.java:stop(322)) - Stopping the Mini Ozone Cluster
2019-09-10 13:20:17,453 [main] INFO  ozone.MiniOzoneClusterImpl (MiniOzoneClusterImpl.java:stop(324)) - Stopping the OzoneManager
2019-09-10 13:20:17,453 [main] INFO  ipc.Server (Server.java:stop(3082)) - Stopping server on 46376
2019-09-10 13:20:17,477 [IPC Server listener on 46376] INFO  ipc.Server (Server.java:run(1185)) - Stopping IPC Server listener on 46376
2019-09-10 13:20:17,480 [main] INFO  ratis.OzoneManagerDoubleBuffer (OzoneManagerDoubleBuffer.java:stop(248)) - Stopping OMDoubleBuffer flush thread
2019-09-10 13:20:17,486 [IPC Server Responder] INFO  ipc.Server (Server.java:run(1319)) - Stopping IPC Server Responder
2019-09-10 13:20:17,499 [OMDoubleBufferFlushThread] INFO  ratis.OzoneManagerDoubleBuffer (OzoneManagerDoubleBuffer.java:flushTransactions(191)) - OMDoubleBuffer flush thread OMDoubleBufferFlushThread is interrupted and will exit. OMDoubleBufferFlushThread
2019-09-10 13:20:17,646 [main] INFO  utils.BackgroundService (BackgroundService.java:shutdown(148)) - Shutting down service KeyDeletingService
2019-09-10 13:20:17,650 [main] INFO  handler.ContextHandler (ContextHandler.java:doStop(910)) - Stopped o.e.j.w.WebAppContext@444548a0{/,null,UNAVAILABLE}{/ozoneManager}
2019-09-10 13:20:17,652 [main] INFO  server.AbstractConnector (AbstractConnector.java:doStop(318)) - Stopped ServerConnector@3766c667{HTTP/1.1,[http/1.1]}{0.0.0.0:0}
2019-09-10 13:20:17,653 [main] INFO  handler.ContextHandler (ContextHandler.java:doStop(910)) - Stopped o.e.j.s.ServletContextHandler@2571066a{/static,file:///workdir/hadoop-ozone/integration-test/target/test-classes/webapps/static,UNAVAILABLE}
2019-09-10 13:20:17,653 [main] INFO  handler.ContextHandler (ContextHandler.java:doStop(910)) - Stopped o.e.j.s.ServletContextHandler@25d3cfc8{/logs,file:///workdir/hadoop-ozone/integration-test/target/log,UNAVAILABLE}
2019-09-10 13:20:17,659 [main] INFO  ozone.MiniOzoneClusterImpl (MiniOzoneClusterImpl.java:stop(330)) - Shutting the HddsDatanodes
2019-09-10 13:20:17,743 [java.util.concurrent.ThreadPoolExecutor$Worker@590640b[State = -1, empty queue]] WARN  server.GrpcLogAppender (GrpcLogAppender.java:timeoutAppendRequest(200)) - af983c11-9397-41ec-9bfb-0705919241eb@group-DD7833F53F4E->c9bddf00-2197-4e52-a76a-1743bb04b5e3-GrpcLogAppender: appendEntries Timeout, request=af983c11-9397-41ec-9bfb-0705919241eb->c9bddf00-2197-4e52-a76a-1743bb04b5e3#162-t2, previous=(t:2, i:35), leaderCommit=31, initializing? false, entries: <empty>
2019-09-10 13:20:17,743 [java.util.concurrent.ThreadPoolExecutor$Worker@33ee767[State = -1, empty queue]] WARN  server.GrpcLogAppender (GrpcLogAppender.java:timeoutAppendRequest(200)) - af983c11-9397-41ec-9bfb-0705919241eb@group-DD7833F53F4E->fa25b701-8575-4c87-a8ca-f6672565109a-GrpcLogAppender: appendEntries Timeout, request=af983c11-9397-41ec-9bfb-0705919241eb->fa25b701-8575-4c87-a8ca-f6672565109a#162-t2, previous=(t:2, i:35), leaderCommit=31, initializing? false, entries: <empty>
2019-09-10 13:20:17,773 [java.util.concurrent.ThreadPoolExecutor$Worker@6cb6bbf9[State = -1, empty queue]] WARN  server.GrpcLogAppender (GrpcLogAppender.java:timeoutAppendRequest(200)) - 77c590a9-0e60-42d8-bbf8-e31004d5a9e8@group-5DD09A43E0EE->598fdd25-f3b3-418d-bbd3-bcbfa35279b9-GrpcLogAppender: appendEntries Timeout, request=77c590a9-0e60-42d8-bbf8-e31004d5a9e8->598fdd25-f3b3-418d-bbd3-bcbfa35279b9#148-t2, previous=(t:2, i:19), leaderCommit=15, initializing? false, entries: <empty>
2019-09-10 13:20:17,773 [java.util.concurrent.ThreadPoolExecutor$Worker@2bd31529[State = -1, empty queue]] WARN  server.GrpcLogAppender (GrpcLogAppender.java:timeoutAppendRequest(200)) - 77c590a9-0e60-42d8-bbf8-e31004d5a9e8@group-5DD09A43E0EE->05e9b83b-b6ec-4168-9e18-fac302cf5421-GrpcLogAppender: appendEntries Timeout, request=77c590a9-0e60-42d8-bbf8-e31004d5a9e8->05e9b83b-b6ec-4168-9e18-fac302cf5421#148-t2, previous=(t:2, i:19), leaderCommit=15, initializing? false, entries: <empty>
2019-09-10 13:20:17,798 [grpc-default-executor-0] WARN  server.GrpcLogAppender (LogUtils.java:warn(134)) - 0f4aa411-f22d-408f-a3ae-026c0e4d845c@group-447053F58748->82b87940-075a-4240-9714-83f9b1f11359-AppendLogResponseHandler: Failed appendEntries: org.apache.ratis.thirdparty.io.grpc.StatusRuntimeException: UNAVAILABLE: io exception
2019-09-10 13:20:17,799 [grpc-default-executor-0] INFO  impl.FollowerInfo (FollowerInfo.java:lambda$new$0(51)) - 0f4aa411-f22d-408f-a3ae-026c0e4d845c@group-447053F58748->82b87940-075a-4240-9714-83f9b1f11359: nextIndex: updateUnconditionally 0 -> 0
2019-09-10 13:20:17,803 [Datanode State Machine Thread - 0] INFO  statemachine.DatanodeStateMachine (DatanodeStateMachine.java:lambda$startDaemon$0(350)) - Ozone container server started.
2019-09-10 13:20:17,822 [grpc-default-executor-4] WARN  server.GrpcLogAppender (LogUtils.java:warn(134)) - 0f4aa411-f22d-408f-a3ae-026c0e4d845c@group-447053F58748->e5557321-17be-433a-8d96-d7d186384118-AppendLogResponseHandler: Failed appendEntries: org.apache.ratis.thirdparty.io.grpc.StatusRuntimeException: UNAVAILABLE: io exception
2019-09-10 13:20:17,822 [grpc-default-executor-4] INFO  impl.FollowerInfo (FollowerInfo.java:lambda$new$0(51)) - 0f4aa411-f22d-408f-a3ae-026c0e4d845c@group-447053F58748->e5557321-17be-433a-8d96-d7d186384118: nextIndex: updateUnconditionally 0 -> 0
2019-09-10 13:20:18,243 [java.util.concurrent.ThreadPoolExecutor$Worker@590640b[State = -1, empty queue]] WARN  server.GrpcLogAppender (GrpcLogAppender.java:timeoutAppendRequest(200)) - af983c11-9397-41ec-9bfb-0705919241eb@group-DD7833F53F4E->c9bddf00-2197-4e52-a76a-1743bb04b5e3-GrpcLogAppender: appendEntries Timeout, request=af983c11-9397-41ec-9bfb-0705919241eb->c9bddf00-2197-4e52-a76a-1743bb04b5e3#163-t2, previous=(t:2, i:35), leaderCommit=31, initializing? false, entries: <empty>
2019-09-10 13:20:18,243 [java.util.concurrent.ThreadPoolExecutor$Worker@33ee767[State = -1, empty queue]] WARN  server.GrpcLogAppender (GrpcLogAppender.java:timeoutAppendRequest(200)) - af983c11-9397-41ec-9bfb-0705919241eb@group-DD7833F53F4E->fa25b701-8575-4c87-a8ca-f6672565109a-GrpcLogAppender: appendEntries Timeout, request=af983c11-9397-41ec-9bfb-0705919241eb->fa25b701-8575-4c87-a8ca-f6672565109a#163-t2, previous=(t:2, i:35), leaderCommit=31, initializing? false, entries: <empty>
2019-09-10 13:20:18,273 [java.util.concurrent.ThreadPoolExecutor$Worker@6cb6bbf9[State = -1, empty queue]] WARN  server.GrpcLogAppender (GrpcLogAppender.java:timeoutAppendRequest(200)) - 77c590a9-0e60-42d8-bbf8-e31004d5a9e8@group-5DD09A43E0EE->598fdd25-f3b3-418d-bbd3-bcbfa35279b9-GrpcLogAppender: appendEntries Timeout, request=77c590a9-0e60-42d8-bbf8-e31004d5a9e8->598fdd25-f3b3-418d-bbd3-bcbfa35279b9#149-t2, previous=(t:2, i:19), leaderCommit=15, initializing? false, entries: <empty>
2019-09-10 13:20:18,274 [java.util.concurrent.ThreadPoolExecutor$Worker@2bd31529[State = -1, empty queue]] WARN  server.GrpcLogAppender (GrpcLogAppender.java:timeoutAppendRequest(200)) - 77c590a9-0e60-42d8-bbf8-e31004d5a9e8@group-5DD09A43E0EE->05e9b83b-b6ec-4168-9e18-fac302cf5421-GrpcLogAppender: appendEntries Timeout, request=77c590a9-0e60-42d8-bbf8-e31004d5a9e8->05e9b83b-b6ec-4168-9e18-fac302cf5421#149-t2, previous=(t:2, i:19), leaderCommit=15, initializing? false, entries: <empty>
2019-09-10 13:20:18,300 [grpc-default-executor-5] WARN  server.GrpcLogAppender (LogUtils.java:warn(134)) - 0f4aa411-f22d-408f-a3ae-026c0e4d845c@group-447053F58748->82b87940-075a-4240-9714-83f9b1f11359-AppendLogResponseHandler: Failed appendEntries: org.apache.ratis.thirdparty.io.grpc.StatusRuntimeException: UNAVAILABLE: io exception
2019-09-10 13:20:18,300 [grpc-default-executor-5] INFO  impl.FollowerInfo (FollowerInfo.java:lambda$new$0(51)) - 0f4aa411-f22d-408f-a3ae-026c0e4d845c@group-447053F58748->82b87940-075a-4240-9714-83f9b1f11359: nextIndex: updateUnconditionally 0 -> 0
2019-09-10 13:20:18,323 [grpc-default-executor-5] WARN  server.GrpcLogAppender (LogUtils.java:warn(134)) - 0f4aa411-f22d-408f-a3ae-026c0e4d845c@group-447053F58748->e5557321-17be-433a-8d96-d7d186384118-AppendLogResponseHandler: Failed appendEntries: org.apache.ratis.thirdparty.io.grpc.StatusRuntimeException: UNAVAILABLE: io exception
2019-09-10 13:20:18,324 [grpc-default-executor-5] INFO  impl.FollowerInfo (FollowerInfo.java:lambda$new$0(51)) - 0f4aa411-f22d-408f-a3ae-026c0e4d845c@group-447053F58748->e5557321-17be-433a-8d96-d7d186384118: nextIndex: updateUnconditionally 0 -> 0
2019-09-10 13:20:18,383 [Datanode State Machine Thread - 0] INFO  statemachine.DatanodeStateMachine (DatanodeStateMachine.java:lambda$startDaemon$0(350)) - Ozone container server started.
2019-09-10 13:20:18,749 [java.util.concurrent.ThreadPoolExecutor$Worker@590640b[State = -1, empty queue]] WARN  server.GrpcLogAppender (GrpcLogAppender.java:timeoutAppendRequest(200)) - af983c11-9397-41ec-9bfb-0705919241eb@group-DD7833F53F4E->c9bddf00-2197-4e52-a76a-1743bb04b5e3-GrpcLogAppender: appendEntries Timeout, request=af983c11-9397-41ec-9bfb-0705919241eb->c9bddf00-2197-4e52-a76a-1743bb04b5e3#164-t2, previous=(t:2, i:35), leaderCommit=31, initializing? false, entries: <empty>
2019-09-10 13:20:18,749 [java.util.concurrent.ThreadPoolExecutor$Worker@33ee767[State = -1, empty queue]] WARN  server.GrpcLogAppender (GrpcLogAppender.java:timeoutAppendRequest(200)) - af983c11-9397-41ec-9bfb-0705919241eb@group-DD7833F53F4E->fa25b701-8575-4c87-a8ca-f6672565109a-GrpcLogAppender: appendEntries Timeout, request=af983c11-9397-41ec-9bfb-0705919241eb->fa25b701-8575-4c87-a8ca-f6672565109a#164-t2, previous=(t:2, i:35), leaderCommit=31, initializing? false, entries: <empty>
2019-09-10 13:20:18,774 [java.util.concurrent.ThreadPoolExecutor$Worker@6cb6bbf9[State = -1, empty queue]] WARN  server.GrpcLogAppender (GrpcLogAppender.java:timeoutAppendRequest(200)) - 77c590a9-0e60-42d8-bbf8-e31004d5a9e8@group-5DD09A43E0EE->598fdd25-f3b3-418d-bbd3-bcbfa35279b9-GrpcLogAppender: appendEntries Timeout, request=77c590a9-0e60-42d8-bbf8-e31004d5a9e8->598fdd25-f3b3-418d-bbd3-bcbfa35279b9#150-t2, previous=(t:2, i:19), leaderCommit=15, initializing? false, entries: <empty>
2019-09-10 13:20:18,774 [java.util.concurrent.ThreadPoolExecutor$Worker@2bd31529[State = -1, empty queue]] WARN  server.GrpcLogAppender (GrpcLogAppender.java:timeoutAppendRequest(200)) - 77c590a9-0e60-42d8-bbf8-e31004d5a9e8@group-5DD09A43E0EE->05e9b83b-b6ec-4168-9e18-fac302cf5421-GrpcLogAppender: appendEntries Timeout, request=77c590a9-0e60-42d8-bbf8-e31004d5a9e8->05e9b83b-b6ec-4168-9e18-fac302cf5421#150-t2, previous=(t:2, i:19), leaderCommit=15, initializing? false, entries: <empty>
2019-09-10 13:20:18,801 [grpc-default-executor-5] WARN  server.GrpcLogAppender (LogUtils.java:warn(134)) - 0f4aa411-f22d-408f-a3ae-026c0e4d845c@group-447053F58748->82b87940-075a-4240-9714-83f9b1f11359-AppendLogResponseHandler: Failed appendEntries: org.apache.ratis.thirdparty.io.grpc.StatusRuntimeException: UNAVAILABLE: io exception
2019-09-10 13:20:18,801 [grpc-default-executor-5] INFO  impl.FollowerInfo (FollowerInfo.java:lambda$new$0(51)) - 0f4aa411-f22d-408f-a3ae-026c0e4d845c@group-447053F58748->82b87940-075a-4240-9714-83f9b1f11359: nextIndex: updateUnconditionally 0 -> 0
2019-09-10 13:20:18,824 [grpc-default-executor-0] WARN  server.GrpcLogAppender (LogUtils.java:warn(134)) - 0f4aa411-f22d-408f-a3ae-026c0e4d845c@group-447053F58748->e5557321-17be-433a-8d96-d7d186384118-AppendLogResponseHandler: Failed appendEntries: org.apache.ratis.thirdparty.io.grpc.StatusRuntimeException: UNAVAILABLE: io exception
2019-09-10 13:20:18,824 [grpc-default-executor-0] INFO  impl.FollowerInfo (FollowerInfo.java:lambda$new$0(51)) - 0f4aa411-f22d-408f-a3ae-026c0e4d845c@group-447053F58748->e5557321-17be-433a-8d96-d7d186384118: nextIndex: updateUnconditionally 0 -> 0
2019-09-10 13:20:19,220 [af983c11-9397-41ec-9bfb-0705919241eb@group-DD7833F53F4E-SegmentedRaftLogWorker] WARN  segmented.SegmentedRaftLogWorker (SegmentedRaftLogWorker.java:getFromFuture(90)) - Timeout 1/~
org.apache.ratis.protocol.TimeoutIOException: Timeout 10s: WriteLog:32: (t:2, i:32), STATEMACHINELOGENTRY, client-7AEE289B780F, cid=64-writeStateMachineData
	at org.apache.ratis.util.IOUtils.getFromFuture(IOUtils.java:87)
	at org.apache.ratis.server.raftlog.segmented.SegmentedRaftLogWorker$StateMachineDataPolicy.getFromFuture(SegmentedRaftLogWorker.java:87)
	at org.apache.ratis.server.raftlog.segmented.SegmentedRaftLogWorker$WriteLog.execute(SegmentedRaftLogWorker.java:477)
	at org.apache.ratis.server.raftlog.segmented.SegmentedRaftLogWorker.run(SegmentedRaftLogWorker.java:289)
	at java.lang.Thread.run(Thread.java:748)
Caused by: java.util.concurrent.TimeoutException
	at java.util.concurrent.CompletableFuture.timedGet(CompletableFuture.java:1771)
	at java.util.concurrent.CompletableFuture.get(CompletableFuture.java:1915)
	at org.apache.ratis.util.IOUtils.getFromFuture(IOUtils.java:79)
	... 4 more
2019-09-10 13:20:19,224 [c9bddf00-2197-4e52-a76a-1743bb04b5e3@group-DD7833F53F4E-SegmentedRaftLogWorker] WARN  segmented.SegmentedRaftLogWorker (SegmentedRaftLogWorker.java:getFromFuture(90)) - Timeout 1/~
org.apache.ratis.protocol.TimeoutIOException: Timeout 10s: WriteLog:32: (t:2, i:32), STATEMACHINELOGENTRY, client-7AEE289B780F, cid=64-writeStateMachineData
	at org.apache.ratis.util.IOUtils.getFromFuture(IOUtils.java:87)
	at org.apache.ratis.server.raftlog.segmented.SegmentedRaftLogWorker$StateMachineDataPolicy.getFromFuture(SegmentedRaftLogWorker.java:87)
	at org.apache.ratis.server.raftlog.segmented.SegmentedRaftLogWorker$WriteLog.execute(SegmentedRaftLogWorker.java:477)
	at org.apache.ratis.server.raftlog.segmented.SegmentedRaftLogWorker.run(SegmentedRaftLogWorker.java:289)
	at java.lang.Thread.run(Thread.java:748)
Caused by: java.util.concurrent.TimeoutException
	at java.util.concurrent.CompletableFuture.timedGet(CompletableFuture.java:1771)
	at java.util.concurrent.CompletableFuture.get(CompletableFuture.java:1915)
	at org.apache.ratis.util.IOUtils.getFromFuture(IOUtils.java:79)
	... 4 more
2019-09-10 13:20:19,224 [fa25b701-8575-4c87-a8ca-f6672565109a@group-DD7833F53F4E-SegmentedRaftLogWorker] WARN  segmented.SegmentedRaftLogWorker (SegmentedRaftLogWorker.java:getFromFuture(90)) - Timeout 1/~
org.apache.ratis.protocol.TimeoutIOException: Timeout 10s: WriteLog:32: (t:2, i:32), STATEMACHINELOGENTRY, client-7AEE289B780F, cid=64-writeStateMachineData
	at org.apache.ratis.util.IOUtils.getFromFuture(IOUtils.java:87)
	at org.apache.ratis.server.raftlog.segmented.SegmentedRaftLogWorker$StateMachineDataPolicy.getFromFuture(SegmentedRaftLogWorker.java:87)
	at org.apache.ratis.server.raftlog.segmented.SegmentedRaftLogWorker$WriteLog.execute(SegmentedRaftLogWorker.java:477)
	at org.apache.ratis.server.raftlog.segmented.SegmentedRaftLogWorker.run(SegmentedRaftLogWorker.java:289)
	at java.lang.Thread.run(Thread.java:748)
Caused by: java.util.concurrent.TimeoutException
	at java.util.concurrent.CompletableFuture.timedGet(CompletableFuture.java:1771)
	at java.util.concurrent.CompletableFuture.get(CompletableFuture.java:1915)
	at org.apache.ratis.util.IOUtils.getFromFuture(IOUtils.java:79)
	... 4 more
2019-09-10 13:20:19,250 [java.util.concurrent.ThreadPoolExecutor$Worker@33ee767[State = -1, empty queue]] WARN  server.GrpcLogAppender (GrpcLogAppender.java:timeoutAppendRequest(200)) - af983c11-9397-41ec-9bfb-0705919241eb@group-DD7833F53F4E->fa25b701-8575-4c87-a8ca-f6672565109a-GrpcLogAppender: appendEntries Timeout, request=af983c11-9397-41ec-9bfb-0705919241eb->fa25b701-8575-4c87-a8ca-f6672565109a#165-t2, previous=(t:2, i:35), leaderCommit=31, initializing? false, entries: <empty>
2019-09-10 13:20:19,250 [java.util.concurrent.ThreadPoolExecutor$Worker@590640b[State = -1, empty queue]] WARN  server.GrpcLogAppender (GrpcLogAppender.java:timeoutAppendRequest(200)) - af983c11-9397-41ec-9bfb-0705919241eb@group-DD7833F53F4E->c9bddf00-2197-4e52-a76a-1743bb04b5e3-GrpcLogAppender: appendEntries Timeout, request=af983c11-9397-41ec-9bfb-0705919241eb->c9bddf00-2197-4e52-a76a-1743bb04b5e3#165-t2, previous=(t:2, i:35), leaderCommit=31, initializing? false, entries: <empty>
2019-09-10 13:20:19,274 [java.util.concurrent.ThreadPoolExecutor$Worker@6cb6bbf9[State = -1, empty queue]] WARN  server.GrpcLogAppender (GrpcLogAppender.java:timeoutAppendRequest(200)) - 77c590a9-0e60-42d8-bbf8-e31004d5a9e8@group-5DD09A43E0EE->598fdd25-f3b3-418d-bbd3-bcbfa35279b9-GrpcLogAppender: appendEntries Timeout, request=77c590a9-0e60-42d8-bbf8-e31004d5a9e8->598fdd25-f3b3-418d-bbd3-bcbfa35279b9#151-t2, previous=(t:2, i:19), leaderCommit=15, initializing? false, entries: <empty>
2019-09-10 13:20:19,274 [java.util.concurrent.ThreadPoolExecutor$Worker@2bd31529[State = -1, empty queue]] WARN  server.GrpcLogAppender (GrpcLogAppender.java:timeoutAppendRequest(200)) - 77c590a9-0e60-42d8-bbf8-e31004d5a9e8@group-5DD09A43E0EE->05e9b83b-b6ec-4168-9e18-fac302cf5421-GrpcLogAppender: appendEntries Timeout, request=77c590a9-0e60-42d8-bbf8-e31004d5a9e8->05e9b83b-b6ec-4168-9e18-fac302cf5421#151-t2, previous=(t:2, i:19), leaderCommit=15, initializing? false, entries: <empty>
2019-09-10 13:20:19,301 [grpc-default-executor-5] WARN  server.GrpcLogAppender (LogUtils.java:warn(134)) - 0f4aa411-f22d-408f-a3ae-026c0e4d845c@group-447053F58748->82b87940-075a-4240-9714-83f9b1f11359-AppendLogResponseHandler: Failed appendEntries: org.apache.ratis.thirdparty.io.grpc.StatusRuntimeException: UNAVAILABLE: io exception
2019-09-10 13:20:19,302 [grpc-default-executor-5] INFO  impl.FollowerInfo (FollowerInfo.java:lambda$new$0(51)) - 0f4aa411-f22d-408f-a3ae-026c0e4d845c@group-447053F58748->82b87940-075a-4240-9714-83f9b1f11359: nextIndex: updateUnconditionally 0 -> 0
2019-09-10 13:20:19,324 [grpc-default-executor-4] WARN  server.GrpcLogAppender (LogUtils.java:warn(134)) - 0f4aa411-f22d-408f-a3ae-026c0e4d845c@group-447053F58748->e5557321-17be-433a-8d96-d7d186384118-AppendLogResponseHandler: Failed appendEntries: org.apache.ratis.thirdparty.io.grpc.StatusRuntimeException: UNAVAILABLE: io exception
2019-09-10 13:20:19,325 [grpc-default-executor-4] INFO  impl.FollowerInfo (FollowerInfo.java:lambda$new$0(51)) - 0f4aa411-f22d-408f-a3ae-026c0e4d845c@group-447053F58748->e5557321-17be-433a-8d96-d7d186384118: nextIndex: updateUnconditionally 0 -> 0
2019-09-10 13:20:19,753 [java.util.concurrent.ThreadPoolExecutor$Worker@590640b[State = -1, empty queue]] WARN  server.GrpcLogAppender (GrpcLogAppender.java:timeoutAppendRequest(200)) - af983c11-9397-41ec-9bfb-0705919241eb@group-DD7833F53F4E->c9bddf00-2197-4e52-a76a-1743bb04b5e3-GrpcLogAppender: appendEntries Timeout, request=af983c11-9397-41ec-9bfb-0705919241eb->c9bddf00-2197-4e52-a76a-1743bb04b5e3#166-t2, previous=(t:2, i:35), leaderCommit=31, initializing? false, entries: <empty>
2019-09-10 13:20:19,753 [java.util.concurrent.ThreadPoolExecutor$Worker@33ee767[State = -1, empty queue]] WARN  server.GrpcLogAppender (GrpcLogAppender.java:timeoutAppendRequest(200)) - af983c11-9397-41ec-9bfb-0705919241eb@group-DD7833F53F4E->fa25b701-8575-4c87-a8ca-f6672565109a-GrpcLogAppender: appendEntries Timeout, request=af983c11-9397-41ec-9bfb-0705919241eb->fa25b701-8575-4c87-a8ca-f6672565109a#166-t2, previous=(t:2, i:35), leaderCommit=31, initializing? false, entries: <empty>
2019-09-10 13:20:19,774 [java.util.concurrent.ThreadPoolExecutor$Worker@6cb6bbf9[State = -1, empty queue]] WARN  server.GrpcLogAppender (GrpcLogAppender.java:timeoutAppendRequest(200)) - 77c590a9-0e60-42d8-bbf8-e31004d5a9e8@group-5DD09A43E0EE->598fdd25-f3b3-418d-bbd3-bcbfa35279b9-GrpcLogAppender: appendEntries Timeout, request=77c590a9-0e60-42d8-bbf8-e31004d5a9e8->598fdd25-f3b3-418d-bbd3-bcbfa35279b9#152-t2, previous=(t:2, i:19), leaderCommit=15, initializing? false, entries: <empty>
2019-09-10 13:20:19,774 [java.util.concurrent.ThreadPoolExecutor$Worker@2bd31529[State = -1, empty queue]] WARN  server.GrpcLogAppender (GrpcLogAppender.java:timeoutAppendRequest(200)) - 77c590a9-0e60-42d8-bbf8-e31004d5a9e8@group-5DD09A43E0EE->05e9b83b-b6ec-4168-9e18-fac302cf5421-GrpcLogAppender: appendEntries Timeout, request=77c590a9-0e60-42d8-bbf8-e31004d5a9e8->05e9b83b-b6ec-4168-9e18-fac302cf5421#152-t2, previous=(t:2, i:19), leaderCommit=15, initializing? false, entries: <empty>
2019-09-10 13:20:19,803 [grpc-default-executor-5] WARN  server.GrpcLogAppender (LogUtils.java:warn(134)) - 0f4aa411-f22d-408f-a3ae-026c0e4d845c@group-447053F58748->82b87940-075a-4240-9714-83f9b1f11359-AppendLogResponseHandler: Failed appendEntries: org.apache.ratis.thirdparty.io.grpc.StatusRuntimeException: UNAVAILABLE: io exception
2019-09-10 13:20:19,804 [grpc-default-executor-5] INFO  impl.FollowerInfo (FollowerInfo.java:lambda$new$0(51)) - 0f4aa411-f22d-408f-a3ae-026c0e4d845c@group-447053F58748->82b87940-075a-4240-9714-83f9b1f11359: nextIndex: updateUnconditionally 0 -> 0
2019-09-10 13:20:19,825 [grpc-default-executor-4] WARN  server.GrpcLogAppender (LogUtils.java:warn(134)) - 0f4aa411-f22d-408f-a3ae-026c0e4d845c@group-447053F58748->e5557321-17be-433a-8d96-d7d186384118-AppendLogResponseHandler: Failed appendEntries: org.apache.ratis.thirdparty.io.grpc.StatusRuntimeException: UNAVAILABLE: io exception
2019-09-10 13:20:19,825 [grpc-default-executor-4] INFO  impl.FollowerInfo (FollowerInfo.java:lambda$new$0(51)) - 0f4aa411-f22d-408f-a3ae-026c0e4d845c@group-447053F58748->e5557321-17be-433a-8d96-d7d186384118: nextIndex: updateUnconditionally 0 -> 0
2019-09-10 13:20:20,253 [java.util.concurrent.ThreadPoolExecutor$Worker@33ee767[State = -1, empty queue]] WARN  server.GrpcLogAppender (GrpcLogAppender.java:timeoutAppendRequest(200)) - af983c11-9397-41ec-9bfb-0705919241eb@group-DD7833F53F4E->fa25b701-8575-4c87-a8ca-f6672565109a-GrpcLogAppender: appendEntries Timeout, request=af983c11-9397-41ec-9bfb-0705919241eb->fa25b701-8575-4c87-a8ca-f6672565109a#167-t2, previous=(t:2, i:35), leaderCommit=31, initializing? false, entries: <empty>
2019-09-10 13:20:20,253 [java.util.concurrent.ThreadPoolExecutor$Worker@590640b[State = -1, empty queue]] WARN  server.GrpcLogAppender (GrpcLogAppender.java:timeoutAppendRequest(200)) - af983c11-9397-41ec-9bfb-0705919241eb@group-DD7833F53F4E->c9bddf00-2197-4e52-a76a-1743bb04b5e3-GrpcLogAppender: appendEntries Timeout, request=af983c11-9397-41ec-9bfb-0705919241eb->c9bddf00-2197-4e52-a76a-1743bb04b5e3#167-t2, previous=(t:2, i:35), leaderCommit=31, initializing? false, entries: <empty>
2019-09-10 13:20:20,275 [java.util.concurrent.ThreadPoolExecutor$Worker@6cb6bbf9[State = -1, empty queue]] WARN  server.GrpcLogAppender (GrpcLogAppender.java:timeoutAppendRequest(200)) - 77c590a9-0e60-42d8-bbf8-e31004d5a9e8@group-5DD09A43E0EE->598fdd25-f3b3-418d-bbd3-bcbfa35279b9-GrpcLogAppender: appendEntries Timeout, request=77c590a9-0e60-42d8-bbf8-e31004d5a9e8->598fdd25-f3b3-418d-bbd3-bcbfa35279b9#153-t2, previous=(t:2, i:19), leaderCommit=15, initializing? false, entries: <empty>
2019-09-10 13:20:20,275 [java.util.concurrent.ThreadPoolExecutor$Worker@2bd31529[State = -1, empty queue]] WARN  server.GrpcLogAppender (GrpcLogAppender.java:timeoutAppendRequest(200)) - 77c590a9-0e60-42d8-bbf8-e31004d5a9e8@group-5DD09A43E0EE->05e9b83b-b6ec-4168-9e18-fac302cf5421-GrpcLogAppender: appendEntries Timeout, request=77c590a9-0e60-42d8-bbf8-e31004d5a9e8->05e9b83b-b6ec-4168-9e18-fac302cf5421#153-t2, previous=(t:2, i:19), leaderCommit=15, initializing? false, entries: <empty>
2019-09-10 13:20:20,304 [grpc-default-executor-0] WARN  server.GrpcLogAppender (LogUtils.java:warn(134)) - 0f4aa411-f22d-408f-a3ae-026c0e4d845c@group-447053F58748->82b87940-075a-4240-9714-83f9b1f11359-AppendLogResponseHandler: Failed appendEntries: org.apache.ratis.thirdparty.io.grpc.StatusRuntimeException: UNAVAILABLE: io exception
2019-09-10 13:20:20,304 [grpc-default-executor-0] INFO  impl.FollowerInfo (FollowerInfo.java:lambda$new$0(51)) - 0f4aa411-f22d-408f-a3ae-026c0e4d845c@group-447053F58748->82b87940-075a-4240-9714-83f9b1f11359: nextIndex: updateUnconditionally 0 -> 0
2019-09-10 13:20:20,326 [grpc-default-executor-4] WARN  server.GrpcLogAppender (LogUtils.java:warn(134)) - 0f4aa411-f22d-408f-a3ae-026c0e4d845c@group-447053F58748->e5557321-17be-433a-8d96-d7d186384118-AppendLogResponseHandler: Failed appendEntries: org.apache.ratis.thirdparty.io.grpc.StatusRuntimeException: UNAVAILABLE: io exception
2019-09-10 13:20:20,326 [grpc-default-executor-4] INFO  impl.FollowerInfo (FollowerInfo.java:lambda$new$0(51)) - 0f4aa411-f22d-408f-a3ae-026c0e4d845c@group-447053F58748->e5557321-17be-433a-8d96-d7d186384118: nextIndex: updateUnconditionally 0 -> 0
2019-09-10 13:20:20,754 [java.util.concurrent.ThreadPoolExecutor$Worker@33ee767[State = -1, empty queue]] WARN  server.GrpcLogAppender (GrpcLogAppender.java:timeoutAppendRequest(200)) - af983c11-9397-41ec-9bfb-0705919241eb@group-DD7833F53F4E->fa25b701-8575-4c87-a8ca-f6672565109a-GrpcLogAppender: appendEntries Timeout, request=af983c11-9397-41ec-9bfb-0705919241eb->fa25b701-8575-4c87-a8ca-f6672565109a#168-t2, previous=(t:2, i:35), leaderCommit=31, initializing? false, entries: <empty>
2019-09-10 13:20:20,754 [java.util.concurrent.ThreadPoolExecutor$Worker@590640b[State = -1, empty queue]] WARN  server.GrpcLogAppender (GrpcLogAppender.java:timeoutAppendRequest(200)) - af983c11-9397-41ec-9bfb-0705919241eb@group-DD7833F53F4E->c9bddf00-2197-4e52-a76a-1743bb04b5e3-GrpcLogAppender: appendEntries Timeout, request=af983c11-9397-41ec-9bfb-0705919241eb->c9bddf00-2197-4e52-a76a-1743bb04b5e3#168-t2, previous=(t:2, i:35), leaderCommit=31, initializing? false, entries: <empty>
2019-09-10 13:20:20,775 [java.util.concurrent.ThreadPoolExecutor$Worker@6cb6bbf9[State = -1, empty queue]] WARN  server.GrpcLogAppender (GrpcLogAppender.java:timeoutAppendRequest(200)) - 77c590a9-0e60-42d8-bbf8-e31004d5a9e8@group-5DD09A43E0EE->598fdd25-f3b3-418d-bbd3-bcbfa35279b9-GrpcLogAppender: appendEntries Timeout, request=77c590a9-0e60-42d8-bbf8-e31004d5a9e8->598fdd25-f3b3-418d-bbd3-bcbfa35279b9#154-t2, previous=(t:2, i:19), leaderCommit=15, initializing? false, entries: <empty>
2019-09-10 13:20:20,775 [java.util.concurrent.ThreadPoolExecutor$Worker@2bd31529[State = -1, empty queue]] WARN  server.GrpcLogAppender (GrpcLogAppender.java:timeoutAppendRequest(200)) - 77c590a9-0e60-42d8-bbf8-e31004d5a9e8@group-5DD09A43E0EE->05e9b83b-b6ec-4168-9e18-fac302cf5421-GrpcLogAppender: appendEntries Timeout, request=77c590a9-0e60-42d8-bbf8-e31004d5a9e8->05e9b83b-b6ec-4168-9e18-fac302cf5421#154-t2, previous=(t:2, i:19), leaderCommit=15, initializing? false, entries: <empty>
2019-09-10 13:20:20,805 [grpc-default-executor-5] WARN  server.GrpcLogAppender (LogUtils.java:warn(134)) - 0f4aa411-f22d-408f-a3ae-026c0e4d845c@group-447053F58748->82b87940-075a-4240-9714-83f9b1f11359-AppendLogResponseHandler: Failed appendEntries: org.apache.ratis.thirdparty.io.grpc.StatusRuntimeException: UNAVAILABLE: io exception
2019-09-10 13:20:20,805 [grpc-default-executor-5] INFO  impl.FollowerInfo (FollowerInfo.java:lambda$new$0(51)) - 0f4aa411-f22d-408f-a3ae-026c0e4d845c@group-447053F58748->82b87940-075a-4240-9714-83f9b1f11359: nextIndex: updateUnconditionally 0 -> 0
2019-09-10 13:20:20,826 [grpc-default-executor-4] WARN  server.GrpcLogAppender (LogUtils.java:warn(134)) - 0f4aa411-f22d-408f-a3ae-026c0e4d845c@group-447053F58748->e5557321-17be-433a-8d96-d7d186384118-AppendLogResponseHandler: Failed appendEntries: org.apache.ratis.thirdparty.io.grpc.StatusRuntimeException: UNAVAILABLE: io exception
2019-09-10 13:20:20,826 [grpc-default-executor-4] INFO  impl.FollowerInfo (FollowerInfo.java:lambda$new$0(51)) - 0f4aa411-f22d-408f-a3ae-026c0e4d845c@group-447053F58748->e5557321-17be-433a-8d96-d7d186384118: nextIndex: updateUnconditionally 0 -> 0
2019-09-10 13:20:21,143 [0f4aa411-f22d-408f-a3ae-026c0e4d845c@group-447053F58748-SegmentedRaftLogWorker] WARN  segmented.SegmentedRaftLogWorker (SegmentedRaftLogWorker.java:getFromFuture(90)) - Timeout 6/~
org.apache.ratis.protocol.TimeoutIOException: Timeout 10s: WriteLog:19: (t:2, i:19), STATEMACHINELOGENTRY, client-7A030D982070, cid=39-writeStateMachineData
	at org.apache.ratis.util.IOUtils.getFromFuture(IOUtils.java:87)
	at org.apache.ratis.server.raftlog.segmented.SegmentedRaftLogWorker$StateMachineDataPolicy.getFromFuture(SegmentedRaftLogWorker.java:87)
	at org.apache.ratis.server.raftlog.segmented.SegmentedRaftLogWorker$WriteLog.execute(SegmentedRaftLogWorker.java:477)
	at org.apache.ratis.server.raftlog.segmented.SegmentedRaftLogWorker.run(SegmentedRaftLogWorker.java:289)
	at java.lang.Thread.run(Thread.java:748)
Caused by: java.util.concurrent.TimeoutException
	at java.util.concurrent.CompletableFuture.timedGet(CompletableFuture.java:1771)
	at java.util.concurrent.CompletableFuture.get(CompletableFuture.java:1915)
	at org.apache.ratis.util.IOUtils.getFromFuture(IOUtils.java:79)
	... 4 more
2019-09-10 13:20:21,255 [java.util.concurrent.ThreadPoolExecutor$Worker@33ee767[State = -1, empty queue]] WARN  server.GrpcLogAppender (GrpcLogAppender.java:timeoutAppendRequest(200)) - af983c11-9397-41ec-9bfb-0705919241eb@group-DD7833F53F4E->fa25b701-8575-4c87-a8ca-f6672565109a-GrpcLogAppender: appendEntries Timeout, request=af983c11-9397-41ec-9bfb-0705919241eb->fa25b701-8575-4c87-a8ca-f6672565109a#169-t2, previous=(t:2, i:35), leaderCommit=31, initializing? false, entries: <empty>
2019-09-10 13:20:21,255 [java.util.concurrent.ThreadPoolExecutor$Worker@590640b[State = -1, empty queue]] WARN  server.GrpcLogAppender (GrpcLogAppender.java:timeoutAppendRequest(200)) - af983c11-9397-41ec-9bfb-0705919241eb@group-DD7833F53F4E->c9bddf00-2197-4e52-a76a-1743bb04b5e3-GrpcLogAppender: appendEntries Timeout, request=af983c11-9397-41ec-9bfb-0705919241eb->c9bddf00-2197-4e52-a76a-1743bb04b5e3#169-t2, previous=(t:2, i:35), leaderCommit=31, initializing? false, entries: <empty>
2019-09-10 13:20:21,275 [java.util.concurrent.ThreadPoolExecutor$Worker@6cb6bbf9[State = -1, empty queue]] WARN  server.GrpcLogAppender (GrpcLogAppender.java:timeoutAppendRequest(200)) - 77c590a9-0e60-42d8-bbf8-e31004d5a9e8@group-5DD09A43E0EE->598fdd25-f3b3-418d-bbd3-bcbfa35279b9-GrpcLogAppender: appendEntries Timeout, request=77c590a9-0e60-42d8-bbf8-e31004d5a9e8->598fdd25-f3b3-418d-bbd3-bcbfa35279b9#155-t2, previous=(t:2, i:19), leaderCommit=15, initializing? false, entries: <empty>
2019-09-10 13:20:21,275 [java.util.concurrent.ThreadPoolExecutor$Worker@2bd31529[State = -1, empty queue]] WARN  server.GrpcLogAppender (GrpcLogAppender.java:timeoutAppendRequest(200)) - 77c590a9-0e60-42d8-bbf8-e31004d5a9e8@group-5DD09A43E0EE->05e9b83b-b6ec-4168-9e18-fac302cf5421-GrpcLogAppender: appendEntries Timeout, request=77c590a9-0e60-42d8-bbf8-e31004d5a9e8->05e9b83b-b6ec-4168-9e18-fac302cf5421#155-t2, previous=(t:2, i:19), leaderCommit=15, initializing? false, entries: <empty>
2019-09-10 13:20:21,305 [grpc-default-executor-0] WARN  server.GrpcLogAppender (LogUtils.java:warn(134)) - 0f4aa411-f22d-408f-a3ae-026c0e4d845c@group-447053F58748->82b87940-075a-4240-9714-83f9b1f11359-AppendLogResponseHandler: Failed appendEntries: org.apache.ratis.thirdparty.io.grpc.StatusRuntimeException: UNAVAILABLE: io exception
2019-09-10 13:20:21,306 [grpc-default-executor-0] INFO  impl.FollowerInfo (FollowerInfo.java:lambda$new$0(51)) - 0f4aa411-f22d-408f-a3ae-026c0e4d845c@group-447053F58748->82b87940-075a-4240-9714-83f9b1f11359: nextIndex: updateUnconditionally 0 -> 0
2019-09-10 13:20:21,327 [grpc-default-executor-5] WARN  server.GrpcLogAppender (LogUtils.java:warn(134)) - 0f4aa411-f22d-408f-a3ae-026c0e4d845c@group-447053F58748->e5557321-17be-433a-8d96-d7d186384118-AppendLogResponseHandler: Failed appendEntries: org.apache.ratis.thirdparty.io.grpc.StatusRuntimeException: UNAVAILABLE: io exception
2019-09-10 13:20:21,327 [grpc-default-executor-5] INFO  impl.FollowerInfo (FollowerInfo.java:lambda$new$0(51)) - 0f4aa411-f22d-408f-a3ae-026c0e4d845c@group-447053F58748->e5557321-17be-433a-8d96-d7d186384118: nextIndex: updateUnconditionally 0 -> 0
2019-09-10 13:20:21,755 [java.util.concurrent.ThreadPoolExecutor$Worker@33ee767[State = -1, empty queue]] WARN  server.GrpcLogAppender (GrpcLogAppender.java:timeoutAppendRequest(200)) - af983c11-9397-41ec-9bfb-0705919241eb@group-DD7833F53F4E->fa25b701-8575-4c87-a8ca-f6672565109a-GrpcLogAppender: appendEntries Timeout, request=af983c11-9397-41ec-9bfb-0705919241eb->fa25b701-8575-4c87-a8ca-f6672565109a#170-t2, previous=(t:2, i:35), leaderCommit=31, initializing? false, entries: <empty>
2019-09-10 13:20:21,755 [java.util.concurrent.ThreadPoolExecutor$Worker@590640b[State = -1, empty queue]] WARN  server.GrpcLogAppender (GrpcLogAppender.java:timeoutAppendRequest(200)) - af983c11-9397-41ec-9bfb-0705919241eb@group-DD7833F53F4E->c9bddf00-2197-4e52-a76a-1743bb04b5e3-GrpcLogAppender: appendEntries Timeout, request=af983c11-9397-41ec-9bfb-0705919241eb->c9bddf00-2197-4e52-a76a-1743bb04b5e3#170-t2, previous=(t:2, i:35), leaderCommit=31, initializing? false, entries: <empty>
2019-09-10 13:20:21,775 [java.util.concurrent.ThreadPoolExecutor$Worker@6cb6bbf9[State = -1, empty queue]] WARN  server.GrpcLogAppender (GrpcLogAppender.java:timeoutAppendRequest(200)) - 77c590a9-0e60-42d8-bbf8-e31004d5a9e8@group-5DD09A43E0EE->598fdd25-f3b3-418d-bbd3-bcbfa35279b9-GrpcLogAppender: appendEntries Timeout, request=77c590a9-0e60-42d8-bbf8-e31004d5a9e8->598fdd25-f3b3-418d-bbd3-bcbfa35279b9#156-t2, previous=(t:2, i:19), leaderCommit=15, initializing? false, entries: <empty>
2019-09-10 13:20:21,775 [java.util.concurrent.ThreadPoolExecutor$Worker@2bd31529[State = -1, empty queue]] WARN  server.GrpcLogAppender (GrpcLogAppender.java:timeoutAppendRequest(200)) - 77c590a9-0e60-42d8-bbf8-e31004d5a9e8@group-5DD09A43E0EE->05e9b83b-b6ec-4168-9e18-fac302cf5421-GrpcLogAppender: appendEntries Timeout, request=77c590a9-0e60-42d8-bbf8-e31004d5a9e8->05e9b83b-b6ec-4168-9e18-fac302cf5421#156-t2, previous=(t:2, i:19), leaderCommit=15, initializing? false, entries: <empty>
2019-09-10 13:20:21,806 [grpc-default-executor-4] WARN  server.GrpcLogAppender (LogUtils.java:warn(134)) - 0f4aa411-f22d-408f-a3ae-026c0e4d845c@group-447053F58748->82b87940-075a-4240-9714-83f9b1f11359-AppendLogResponseHandler: Failed appendEntries: org.apache.ratis.thirdparty.io.grpc.StatusRuntimeException: UNAVAILABLE: io exception
2019-09-10 13:20:21,806 [grpc-default-executor-4] INFO  impl.FollowerInfo (FollowerInfo.java:lambda$new$0(51)) - 0f4aa411-f22d-408f-a3ae-026c0e4d845c@group-447053F58748->82b87940-075a-4240-9714-83f9b1f11359: nextIndex: updateUnconditionally 0 -> 0
2019-09-10 13:20:21,827 [grpc-default-executor-0] WARN  server.GrpcLogAppender (LogUtils.java:warn(134)) - 0f4aa411-f22d-408f-a3ae-026c0e4d845c@group-447053F58748->e5557321-17be-433a-8d96-d7d186384118-AppendLogResponseHandler: Failed appendEntries: org.apache.ratis.thirdparty.io.grpc.StatusRuntimeException: UNAVAILABLE: io exception
2019-09-10 13:20:21,827 [grpc-default-executor-0] INFO  impl.FollowerInfo (FollowerInfo.java:lambda$new$0(51)) - 0f4aa411-f22d-408f-a3ae-026c0e4d845c@group-447053F58748->e5557321-17be-433a-8d96-d7d186384118: nextIndex: updateUnconditionally 0 -> 0
2019-09-10 13:20:22,255 [java.util.concurrent.ThreadPoolExecutor$Worker@33ee767[State = -1, empty queue]] WARN  server.GrpcLogAppender (GrpcLogAppender.java:timeoutAppendRequest(200)) - af983c11-9397-41ec-9bfb-0705919241eb@group-DD7833F53F4E->fa25b701-8575-4c87-a8ca-f6672565109a-GrpcLogAppender: appendEntries Timeout, request=af983c11-9397-41ec-9bfb-0705919241eb->fa25b701-8575-4c87-a8ca-f6672565109a#171-t2, previous=(t:2, i:35), leaderCommit=31, initializing? false, entries: <empty>
2019-09-10 13:20:22,255 [java.util.concurrent.ThreadPoolExecutor$Worker@590640b[State = -1, empty queue]] WARN  server.GrpcLogAppender (GrpcLogAppender.java:timeoutAppendRequest(200)) - af983c11-9397-41ec-9bfb-0705919241eb@group-DD7833F53F4E->c9bddf00-2197-4e52-a76a-1743bb04b5e3-GrpcLogAppender: appendEntries Timeout, request=af983c11-9397-41ec-9bfb-0705919241eb->c9bddf00-2197-4e52-a76a-1743bb04b5e3#171-t2, previous=(t:2, i:35), leaderCommit=31, initializing? false, entries: <empty>
2019-09-10 13:20:22,275 [java.util.concurrent.ThreadPoolExecutor$Worker@6cb6bbf9[State = -1, empty queue]] WARN  server.GrpcLogAppender (GrpcLogAppender.java:timeoutAppendRequest(200)) - 77c590a9-0e60-42d8-bbf8-e31004d5a9e8@group-5DD09A43E0EE->598fdd25-f3b3-418d-bbd3-bcbfa35279b9-GrpcLogAppender: appendEntries Timeout, request=77c590a9-0e60-42d8-bbf8-e31004d5a9e8->598fdd25-f3b3-418d-bbd3-bcbfa35279b9#157-t2, previous=(t:2, i:19), leaderCommit=15, initializing? false, entries: <empty>
2019-09-10 13:20:22,276 [java.util.concurrent.ThreadPoolExecutor$Worker@2bd31529[State = -1, empty queue]] WARN  server.GrpcLogAppender (GrpcLogAppender.java:timeoutAppendRequest(200)) - 77c590a9-0e60-42d8-bbf8-e31004d5a9e8@group-5DD09A43E0EE->05e9b83b-b6ec-4168-9e18-fac302cf5421-GrpcLogAppender: appendEntries Timeout, request=77c590a9-0e60-42d8-bbf8-e31004d5a9e8->05e9b83b-b6ec-4168-9e18-fac302cf5421#157-t2, previous=(t:2, i:19), leaderCommit=15, initializing? false, entries: <empty>
2019-09-10 13:20:22,306 [grpc-default-executor-0] WARN  server.GrpcLogAppender (LogUtils.java:warn(134)) - 0f4aa411-f22d-408f-a3ae-026c0e4d845c@group-447053F58748->82b87940-075a-4240-9714-83f9b1f11359-AppendLogResponseHandler: Failed appendEntries: org.apache.ratis.thirdparty.io.grpc.StatusRuntimeException: UNAVAILABLE: io exception
2019-09-10 13:20:22,307 [grpc-default-executor-0] INFO  impl.FollowerInfo (FollowerInfo.java:lambda$new$0(51)) - 0f4aa411-f22d-408f-a3ae-026c0e4d845c@group-447053F58748->82b87940-075a-4240-9714-83f9b1f11359: nextIndex: updateUnconditionally 0 -> 0
2019-09-10 13:20:22,327 [grpc-default-executor-5] WARN  server.GrpcLogAppender (LogUtils.java:warn(134)) - 0f4aa411-f22d-408f-a3ae-026c0e4d845c@group-447053F58748->e5557321-17be-433a-8d96-d7d186384118-AppendLogResponseHandler: Failed appendEntries: org.apache.ratis.thirdparty.io.grpc.StatusRuntimeException: UNAVAILABLE: io exception
2019-09-10 13:20:22,328 [grpc-default-executor-5] INFO  impl.FollowerInfo (FollowerInfo.java:lambda$new$0(51)) - 0f4aa411-f22d-408f-a3ae-026c0e4d845c@group-447053F58748->e5557321-17be-433a-8d96-d7d186384118: nextIndex: updateUnconditionally 0 -> 0
2019-09-10 13:20:22,662 [main] INFO  ozoneimpl.OzoneContainer (OzoneContainer.java:stop(231)) - Attempting to stop container services.
2019-09-10 13:20:22,662 [ForkJoinPool.commonPool-worker-0] INFO  ozoneimpl.OzoneContainer (OzoneContainer.java:stop(231)) - Attempting to stop container services.
2019-09-10 13:20:22,664 [main] INFO  impl.RaftServerProxy (RaftServerProxy.java:lambda$close$4(314)) - 0e7366ec-fcf4-49d3-a5f0-1fd138ea9cde: close
2019-09-10 13:20:22,664 [ForkJoinPool.commonPool-worker-0] INFO  impl.RaftServerProxy (RaftServerProxy.java:lambda$close$4(314)) - 598fdd25-f3b3-418d-bbd3-bcbfa35279b9: close
2019-09-10 13:20:22,664 [main] INFO  impl.RaftServerImpl (RaftServerImpl.java:lambda$shutdown$3(251)) - 0e7366ec-fcf4-49d3-a5f0-1fd138ea9cde@group-F913E3BF0737: shutdown
2019-09-10 13:20:22,664 [ForkJoinPool.commonPool-worker-0] INFO  impl.RaftServerImpl (RaftServerImpl.java:lambda$shutdown$3(251)) - 598fdd25-f3b3-418d-bbd3-bcbfa35279b9@group-24818B8B9254: shutdown
2019-09-10 13:20:22,665 [main] INFO  util.JmxRegister (JmxRegister.java:unregister(73)) - Successfully un-registered JMX Bean with object name Ratis:service=RaftServer,group=group-F913E3BF0737,id=0e7366ec-fcf4-49d3-a5f0-1fd138ea9cde
2019-09-10 13:20:22,665 [ForkJoinPool.commonPool-worker-0] INFO  util.JmxRegister (JmxRegister.java:unregister(73)) - Successfully un-registered JMX Bean with object name Ratis:service=RaftServer,group=group-24818B8B9254,id=598fdd25-f3b3-418d-bbd3-bcbfa35279b9
2019-09-10 13:20:22,666 [main] INFO  impl.RoleInfo (RoleInfo.java:shutdownLeaderState(104)) - 0e7366ec-fcf4-49d3-a5f0-1fd138ea9cde: shutdown LeaderState
2019-09-10 13:20:22,666 [ForkJoinPool.commonPool-worker-0] INFO  impl.RoleInfo (RoleInfo.java:shutdownLeaderState(104)) - 598fdd25-f3b3-418d-bbd3-bcbfa35279b9: shutdown LeaderState
2019-09-10 13:20:22,667 [main] INFO  impl.PendingRequests (PendingRequests.java:sendNotLeaderResponses(202)) - 0e7366ec-fcf4-49d3-a5f0-1fd138ea9cde-PendingRequests: sendNotLeaderResponses
2019-09-10 13:20:22,667 [ForkJoinPool.commonPool-worker-0] INFO  impl.PendingRequests (PendingRequests.java:sendNotLeaderResponses(202)) - 598fdd25-f3b3-418d-bbd3-bcbfa35279b9-PendingRequests: sendNotLeaderResponses
2019-09-10 13:20:22,671 [main] INFO  impl.StateMachineUpdater (StateMachineUpdater.java:stopAndJoin(125)) - 0e7366ec-fcf4-49d3-a5f0-1fd138ea9cde@group-F913E3BF0737-StateMachineUpdater: set stopIndex = 0
2019-09-10 13:20:22,671 [ForkJoinPool.commonPool-worker-0] INFO  impl.StateMachineUpdater (StateMachineUpdater.java:stopAndJoin(125)) - 598fdd25-f3b3-418d-bbd3-bcbfa35279b9@group-24818B8B9254-StateMachineUpdater: set stopIndex = 0
2019-09-10 13:20:22,671 [main] INFO  impl.RaftServerImpl (ServerState.java:close(385)) - 0e7366ec-fcf4-49d3-a5f0-1fd138ea9cde@group-F913E3BF0737: closes. applyIndex: 0
2019-09-10 13:20:22,672 [ForkJoinPool.commonPool-worker-0] INFO  impl.RaftServerImpl (ServerState.java:close(385)) - 598fdd25-f3b3-418d-bbd3-bcbfa35279b9@group-24818B8B9254: closes. applyIndex: 0
2019-09-10 13:20:22,675 [0e7366ec-fcf4-49d3-a5f0-1fd138ea9cde@group-F913E3BF0737-SegmentedRaftLogWorker] INFO  segmented.SegmentedRaftLogWorker (SegmentedRaftLogWorker.java:run(313)) - 0e7366ec-fcf4-49d3-a5f0-1fd138ea9cde@group-F913E3BF0737-SegmentedRaftLogWorker was interrupted, exiting. There are 0 tasks remaining in the queue.
2019-09-10 13:20:22,676 [598fdd25-f3b3-418d-bbd3-bcbfa35279b9@group-24818B8B9254-SegmentedRaftLogWorker] INFO  segmented.SegmentedRaftLogWorker (SegmentedRaftLogWorker.java:run(313)) - 598fdd25-f3b3-418d-bbd3-bcbfa35279b9@group-24818B8B9254-SegmentedRaftLogWorker was interrupted, exiting. There are 0 tasks remaining in the queue.
2019-09-10 13:20:22,679 [main] INFO  segmented.SegmentedRaftLogWorker (SegmentedRaftLogWorker.java:close(228)) - 0e7366ec-fcf4-49d3-a5f0-1fd138ea9cde@group-F913E3BF0737-SegmentedRaftLogWorker close()
2019-09-10 13:20:22,685 [ForkJoinPool.commonPool-worker-0] INFO  segmented.SegmentedRaftLogWorker (SegmentedRaftLogWorker.java:close(228)) - 598fdd25-f3b3-418d-bbd3-bcbfa35279b9@group-24818B8B9254-SegmentedRaftLogWorker close()
2019-09-10 13:20:22,691 [main] INFO  server.GrpcService (GrpcService.java:closeImpl(164)) - 0e7366ec-fcf4-49d3-a5f0-1fd138ea9cde: shutdown server with port 39667 now
2019-09-10 13:20:22,695 [ForkJoinPool.commonPool-worker-0] INFO  impl.RaftServerImpl (RaftServerImpl.java:lambda$shutdown$3(251)) - 598fdd25-f3b3-418d-bbd3-bcbfa35279b9@group-5DD09A43E0EE: shutdown
2019-09-10 13:20:22,698 [main] INFO  server.GrpcService (GrpcService.java:closeImpl(172)) - 0e7366ec-fcf4-49d3-a5f0-1fd138ea9cde: shutdown server with port 39667 successfully
2019-09-10 13:20:22,698 [ForkJoinPool.commonPool-worker-0] INFO  util.JmxRegister (JmxRegister.java:unregister(73)) - Successfully un-registered JMX Bean with object name Ratis:service=RaftServer,group=group-5DD09A43E0EE,id=598fdd25-f3b3-418d-bbd3-bcbfa35279b9
2019-09-10 13:20:22,699 [ForkJoinPool.commonPool-worker-0] INFO  impl.RoleInfo (RoleInfo.java:shutdownFollowerState(121)) - 598fdd25-f3b3-418d-bbd3-bcbfa35279b9: shutdown FollowerState
2019-09-10 13:20:22,699 [ForkJoinPool.commonPool-worker-0] INFO  impl.StateMachineUpdater (StateMachineUpdater.java:stopAndJoin(125)) - 598fdd25-f3b3-418d-bbd3-bcbfa35279b9@group-5DD09A43E0EE-StateMachineUpdater: set stopIndex = 15
2019-09-10 13:20:22,700 [598fdd25-f3b3-418d-bbd3-bcbfa35279b9@group-5DD09A43E0EE-StateMachineUpdater] INFO  ratis.ContainerStateMachine (ContainerStateMachine.java:takeSnapshot(289)) - group-5DD09A43E0EE: Taking a snapshot at:(t:2, i:12) file /workdir/hadoop-ozone/integration-test/target/test-dir/MiniOzoneClusterImpl-bbba21db-ec34-461e-a1c1-b53f0753d0be/datanode-2/data/ratis/a1875e11-a122-4470-9655-5dd09a43e0ee/sm/snapshot.2_12
2019-09-10 13:20:22,700 [Thread-409] INFO  impl.FollowerState (FollowerState.java:run(115)) - 598fdd25-f3b3-418d-bbd3-bcbfa35279b9: FollowerState was interrupted: java.lang.InterruptedException: sleep interrupted
2019-09-10 13:20:22,711 [refreshUsed-/workdir/hadoop-ozone/integration-test/target/test-dir/MiniOzoneClusterImpl-bbba21db-ec34-461e-a1c1-b53f0753d0be/datanode-8/data/containers] WARN  fs.CachingGetSpaceUsed (CachingGetSpaceUsed.java:run(183)) - Thread Interrupted waiting to refresh disk information: sleep interrupted
2019-09-10 13:20:22,716 [598fdd25-f3b3-418d-bbd3-bcbfa35279b9@group-5DD09A43E0EE-StateMachineUpdater] INFO  ratis.ContainerStateMachine (ContainerStateMachine.java:takeSnapshot(300)) - group-5DD09A43E0EE: Finished taking a snapshot at:(t:2, i:12) file:/workdir/hadoop-ozone/integration-test/target/test-dir/MiniOzoneClusterImpl-bbba21db-ec34-461e-a1c1-b53f0753d0be/datanode-2/data/ratis/a1875e11-a122-4470-9655-5dd09a43e0ee/sm/snapshot.2_12 time:16
2019-09-10 13:20:22,716 [598fdd25-f3b3-418d-bbd3-bcbfa35279b9@group-5DD09A43E0EE-StateMachineUpdater] INFO  impl.StateMachineUpdater (StateMachineUpdater.java:takeSnapshot(258)) - 598fdd25-f3b3-418d-bbd3-bcbfa35279b9@group-5DD09A43E0EE-StateMachineUpdater: Took a snapshot at index 12
2019-09-10 13:20:22,716 [598fdd25-f3b3-418d-bbd3-bcbfa35279b9@group-5DD09A43E0EE-StateMachineUpdater] INFO  impl.StateMachineUpdater (StateMachineUpdater.java:lambda$new$0(83)) - 598fdd25-f3b3-418d-bbd3-bcbfa35279b9@group-5DD09A43E0EE-StateMachineUpdater: snapshotIndex: updateIncreasingly -1 -> 12
2019-09-10 13:20:22,717 [598fdd25-f3b3-418d-bbd3-bcbfa35279b9@group-5DD09A43E0EE-StateMachineUpdater] INFO  ratis.ContainerStateMachine (ContainerStateMachine.java:takeSnapshot(289)) - group-5DD09A43E0EE: Taking a snapshot at:(t:2, i:12) file /workdir/hadoop-ozone/integration-test/target/test-dir/MiniOzoneClusterImpl-bbba21db-ec34-461e-a1c1-b53f0753d0be/datanode-2/data/ratis/a1875e11-a122-4470-9655-5dd09a43e0ee/sm/snapshot.2_12
2019-09-10 13:20:22,728 [main] INFO  utils.BackgroundService (BackgroundService.java:shutdown(148)) - Shutting down service BlockDeletingService
2019-09-10 13:20:22,729 [598fdd25-f3b3-418d-bbd3-bcbfa35279b9@group-5DD09A43E0EE-StateMachineUpdater] INFO  ratis.ContainerStateMachine (ContainerStateMachine.java:takeSnapshot(300)) - group-5DD09A43E0EE: Finished taking a snapshot at:(t:2, i:12) file:/workdir/hadoop-ozone/integration-test/target/test-dir/MiniOzoneClusterImpl-bbba21db-ec34-461e-a1c1-b53f0753d0be/datanode-2/data/ratis/a1875e11-a122-4470-9655-5dd09a43e0ee/sm/snapshot.2_12 time:12
2019-09-10 13:20:22,733 [598fdd25-f3b3-418d-bbd3-bcbfa35279b9@group-5DD09A43E0EE-StateMachineUpdater] INFO  impl.StateMachineUpdater (StateMachineUpdater.java:takeSnapshot(258)) - 598fdd25-f3b3-418d-bbd3-bcbfa35279b9@group-5DD09A43E0EE-StateMachineUpdater: Took a snapshot at index 12
2019-09-10 13:20:22,735 [main] INFO  statemachine.DatanodeStateMachine (DatanodeStateMachine.java:stopDaemon(395)) - Ozone container server stopped.
2019-09-10 13:20:22,735 [598fdd25-f3b3-418d-bbd3-bcbfa35279b9@group-5DD09A43E0EE-StateMachineUpdater] INFO  impl.StateMachineUpdater (StateMachineUpdater.java:lambda$new$0(83)) - 598fdd25-f3b3-418d-bbd3-bcbfa35279b9@group-5DD09A43E0EE-StateMachineUpdater: snapshotIndex: updateIncreasingly 12 -> 12
2019-09-10 13:20:22,736 [ForkJoinPool.commonPool-worker-0] INFO  impl.RaftServerImpl (ServerState.java:close(385)) - 598fdd25-f3b3-418d-bbd3-bcbfa35279b9@group-5DD09A43E0EE: closes. applyIndex: 15
2019-09-10 13:20:22,738 [598fdd25-f3b3-418d-bbd3-bcbfa35279b9@group-5DD09A43E0EE-SegmentedRaftLogWorker] ERROR ratis.XceiverServerRatis (XceiverServerRatis.java:triggerPipelineClose(568)) - pipeline Action CLOSE  on pipeline PipelineID=a1875e11-a122-4470-9655-5dd09a43e0ee.Reason : WriteLog:16: (t:2, i:16), STATEMACHINELOGENTRY, client-7BF1329EB290, cid=51-writeStateMachineData interrupted.
2019-09-10 13:20:22,740 [ForkJoinPool.commonPool-worker-0] INFO  segmented.SegmentedRaftLogWorker (SegmentedRaftLogWorker.java:close(228)) - 598fdd25-f3b3-418d-bbd3-bcbfa35279b9@group-5DD09A43E0EE-SegmentedRaftLogWorker close()
2019-09-10 13:20:22,740 [main] INFO  handler.ContextHandler (ContextHandler.java:doStop(910)) - Stopped o.e.j.w.WebAppContext@4b0f2299{/,null,UNAVAILABLE}{/hddsDatanode}
2019-09-10 13:20:22,743 [ForkJoinPool.commonPool-worker-0] INFO  server.GrpcService (GrpcService.java:closeImpl(164)) - 598fdd25-f3b3-418d-bbd3-bcbfa35279b9: shutdown server with port 46100 now
2019-09-10 13:20:22,744 [main] INFO  server.AbstractConnector (AbstractConnector.java:doStop(318)) - Stopped ServerConnector@33063f5b{HTTP/1.1,[http/1.1]}{0.0.0.0:0}
2019-09-10 13:20:22,744 [grpc-default-executor-0] WARN  server.GrpcServerProtocolService (LogUtils.java:warn(134)) - 598fdd25-f3b3-418d-bbd3-bcbfa35279b9: installSnapshot onError, lastRequest: 77c590a9-0e60-42d8-bbf8-e31004d5a9e8->598fdd25-f3b3-418d-bbd3-bcbfa35279b9#163-t2, previous=(t:2, i:19), leaderCommit=15, initializing? false, entries: <empty>: org.apache.ratis.thirdparty.io.grpc.StatusRuntimeException: CANCELLED: cancelled before receiving half close
2019-09-10 13:20:22,746 [ForkJoinPool.commonPool-worker-0] INFO  server.GrpcService (GrpcService.java:closeImpl(172)) - 598fdd25-f3b3-418d-bbd3-bcbfa35279b9: shutdown server with port 46100 successfully
2019-09-10 13:20:22,746 [main] INFO  handler.ContextHandler (ContextHandler.java:doStop(910)) - Stopped o.e.j.s.ServletContextHandler@58740366{/static,jar:file:/home/user/.m2/repository/org/apache/hadoop/hadoop-hdds-container-service/0.5.0-SNAPSHOT/hadoop-hdds-container-service-0.5.0-SNAPSHOT.jar!/webapps/static,UNAVAILABLE}
2019-09-10 13:20:22,749 [grpc-default-executor-4] WARN  server.GrpcLogAppender (LogUtils.java:warn(134)) - 77c590a9-0e60-42d8-bbf8-e31004d5a9e8@group-5DD09A43E0EE->598fdd25-f3b3-418d-bbd3-bcbfa35279b9-AppendLogResponseHandler: Failed appendEntries: org.apache.ratis.thirdparty.io.grpc.StatusRuntimeException: CANCELLED: HTTP/2 error code: CANCEL
Received Rst Stream
2019-09-10 13:20:22,750 [grpc-default-executor-4] INFO  impl.FollowerInfo (FollowerInfo.java:lambda$new$0(51)) - 77c590a9-0e60-42d8-bbf8-e31004d5a9e8@group-5DD09A43E0EE->598fdd25-f3b3-418d-bbd3-bcbfa35279b9: nextIndex: updateUnconditionally 20 -> 16
2019-09-10 13:20:22,750 [main] INFO  handler.ContextHandler (ContextHandler.java:doStop(910)) - Stopped o.e.j.s.ServletContextHandler@176f7f3b{/logs,file:///workdir/hadoop-ozone/integration-test/target/log,UNAVAILABLE}
2019-09-10 13:20:22,752 [refreshUsed-/workdir/hadoop-ozone/integration-test/target/test-dir/MiniOzoneClusterImpl-bbba21db-ec34-461e-a1c1-b53f0753d0be/datanode-2/data/containers] WARN  fs.CachingGetSpaceUsed (CachingGetSpaceUsed.java:run(183)) - Thread Interrupted waiting to refresh disk information: sleep interrupted
2019-09-10 13:20:22,915 [java.util.concurrent.ThreadPoolExecutor$Worker@33ee767[State = -1, empty queue]] WARN  server.GrpcLogAppender (GrpcLogAppender.java:timeoutAppendRequest(200)) - af983c11-9397-41ec-9bfb-0705919241eb@group-DD7833F53F4E->fa25b701-8575-4c87-a8ca-f6672565109a-GrpcLogAppender: appendEntries Timeout, request=af983c11-9397-41ec-9bfb-0705919241eb->fa25b701-8575-4c87-a8ca-f6672565109a#172-t2, previous=(t:2, i:35), leaderCommit=31, initializing? false, entries: <empty>
2019-09-10 13:20:22,917 [java.util.concurrent.ThreadPoolExecutor$Worker@2bd31529[State = -1, empty queue]] WARN  server.GrpcLogAppender (GrpcLogAppender.java:timeoutAppendRequest(200)) - 77c590a9-0e60-42d8-bbf8-e31004d5a9e8@group-5DD09A43E0EE->05e9b83b-b6ec-4168-9e18-fac302cf5421-GrpcLogAppender: appendEntries Timeout, request=77c590a9-0e60-42d8-bbf8-e31004d5a9e8->05e9b83b-b6ec-4168-9e18-fac302cf5421#158-t2, previous=(t:2, i:19), leaderCommit=15, initializing? false, entries: <empty>
2019-09-10 13:20:22,919 [java.util.concurrent.ThreadPoolExecutor$Worker@590640b[State = -1, empty queue]] WARN  server.GrpcLogAppender (GrpcLogAppender.java:timeoutAppendRequest(200)) - af983c11-9397-41ec-9bfb-0705919241eb@group-DD7833F53F4E->c9bddf00-2197-4e52-a76a-1743bb04b5e3-GrpcLogAppender: appendEntries Timeout, request=af983c11-9397-41ec-9bfb-0705919241eb->c9bddf00-2197-4e52-a76a-1743bb04b5e3#172-t2, previous=(t:2, i:35), leaderCommit=31, initializing? false, entries: <empty>
2019-09-10 13:20:22,950 [grpc-default-executor-3] WARN  server.GrpcLogAppender (LogUtils.java:warn(134)) - 77c590a9-0e60-42d8-bbf8-e31004d5a9e8@group-5DD09A43E0EE->598fdd25-f3b3-418d-bbd3-bcbfa35279b9-AppendLogResponseHandler: Failed appendEntries: org.apache.ratis.thirdparty.io.grpc.StatusRuntimeException: UNAVAILABLE: io exception
2019-09-10 13:20:22,950 [grpc-default-executor-4] WARN  server.GrpcLogAppender (LogUtils.java:warn(134)) - 0f4aa411-f22d-408f-a3ae-026c0e4d845c@group-447053F58748->e5557321-17be-433a-8d96-d7d186384118-AppendLogResponseHandler: Failed appendEntries: org.apache.ratis.thirdparty.io.grpc.StatusRuntimeException: UNAVAILABLE: io exception
2019-09-10 13:20:22,953 [grpc-default-executor-3] INFO  impl.FollowerInfo (FollowerInfo.java:lambda$new$0(51)) - 77c590a9-0e60-42d8-bbf8-e31004d5a9e8@group-5DD09A43E0EE->598fdd25-f3b3-418d-bbd3-bcbfa35279b9: nextIndex: updateUnconditionally 16 -> 15
2019-09-10 13:20:22,954 [grpc-default-executor-4] INFO  impl.FollowerInfo (FollowerInfo.java:lambda$new$0(51)) - 0f4aa411-f22d-408f-a3ae-026c0e4d845c@group-447053F58748->e5557321-17be-433a-8d96-d7d186384118: nextIndex: updateUnconditionally 0 -> 0
2019-09-10 13:20:22,953 [grpc-default-executor-2] WARN  server.GrpcLogAppender (LogUtils.java:warn(134)) - 0f4aa411-f22d-408f-a3ae-026c0e4d845c@group-447053F58748->82b87940-075a-4240-9714-83f9b1f11359-AppendLogResponseHandler: Failed appendEntries: org.apache.ratis.thirdparty.io.grpc.StatusRuntimeException: UNAVAILABLE: io exception
2019-09-10 13:20:22,958 [grpc-default-executor-2] INFO  impl.FollowerInfo (FollowerInfo.java:lambda$new$0(51)) - 0f4aa411-f22d-408f-a3ae-026c0e4d845c@group-447053F58748->82b87940-075a-4240-9714-83f9b1f11359: nextIndex: updateUnconditionally 0 -> 0
2019-09-10 13:20:22,971 [ForkJoinPool.commonPool-worker-0] INFO  utils.BackgroundService (BackgroundService.java:shutdown(148)) - Shutting down service BlockDeletingService
2019-09-10 13:20:22,976 [ForkJoinPool.commonPool-worker-0] INFO  statemachine.DatanodeStateMachine (DatanodeStateMachine.java:stopDaemon(395)) - Ozone container server stopped.
2019-09-10 13:20:22,980 [ForkJoinPool.commonPool-worker-0] INFO  handler.ContextHandler (ContextHandler.java:doStop(910)) - Stopped o.e.j.w.WebAppContext@4745e9c{/,null,UNAVAILABLE}{/hddsDatanode}
2019-09-10 13:20:22,981 [ForkJoinPool.commonPool-worker-0] INFO  server.AbstractConnector (AbstractConnector.java:doStop(318)) - Stopped ServerConnector@2f2bff16{HTTP/1.1,[http/1.1]}{0.0.0.0:0}
2019-09-10 13:20:22,982 [ForkJoinPool.commonPool-worker-0] INFO  handler.ContextHandler (ContextHandler.java:doStop(910)) - Stopped o.e.j.s.ServletContextHandler@4b65d9f4{/static,jar:file:/home/user/.m2/repository/org/apache/hadoop/hadoop-hdds-container-service/0.5.0-SNAPSHOT/hadoop-hdds-container-service-0.5.0-SNAPSHOT.jar!/webapps/static,UNAVAILABLE}
2019-09-10 13:20:22,983 [ForkJoinPool.commonPool-worker-0] INFO  handler.ContextHandler (ContextHandler.java:doStop(910)) - Stopped o.e.j.s.ServletContextHandler@2e66bc32{/logs,file:///workdir/hadoop-ozone/integration-test/target/log,UNAVAILABLE}
2019-09-10 13:20:23,139 [Datanode State Machine Thread - 0] INFO  statemachine.DatanodeStateMachine (DatanodeStateMachine.java:lambda$startDaemon$0(350)) - Ozone container server started.
2019-09-10 13:20:23,257 [java.util.concurrent.ThreadPoolExecutor$Worker@590640b[State = -1, empty queue]] WARN  server.GrpcLogAppender (GrpcLogAppender.java:timeoutAppendRequest(200)) - af983c11-9397-41ec-9bfb-0705919241eb@group-DD7833F53F4E->c9bddf00-2197-4e52-a76a-1743bb04b5e3-GrpcLogAppender: appendEntries Timeout, request=af983c11-9397-41ec-9bfb-0705919241eb->c9bddf00-2197-4e52-a76a-1743bb04b5e3#173-t2, previous=(t:2, i:35), leaderCommit=31, initializing? false, entries: <empty>
2019-09-10 13:20:23,257 [java.util.concurrent.ThreadPoolExecutor$Worker@33ee767[State = -1, empty queue]] WARN  server.GrpcLogAppender (GrpcLogAppender.java:timeoutAppendRequest(200)) - af983c11-9397-41ec-9bfb-0705919241eb@group-DD7833F53F4E->fa25b701-8575-4c87-a8ca-f6672565109a-GrpcLogAppender: appendEntries Timeout, request=af983c11-9397-41ec-9bfb-0705919241eb->fa25b701-8575-4c87-a8ca-f6672565109a#173-t2, previous=(t:2, i:35), leaderCommit=31, initializing? false, entries: <empty>
2019-09-10 13:20:23,276 [java.util.concurrent.ThreadPoolExecutor$Worker@2bd31529[State = -1, empty queue]] WARN  server.GrpcLogAppender (GrpcLogAppender.java:timeoutAppendRequest(200)) - 77c590a9-0e60-42d8-bbf8-e31004d5a9e8@group-5DD09A43E0EE->05e9b83b-b6ec-4168-9e18-fac302cf5421-GrpcLogAppender: appendEntries Timeout, request=77c590a9-0e60-42d8-bbf8-e31004d5a9e8->05e9b83b-b6ec-4168-9e18-fac302cf5421#159-t2, previous=(t:2, i:19), leaderCommit=15, initializing? false, entries: <empty>
2019-09-10 13:20:23,355 [Datanode State Machine Thread - 0] INFO  statemachine.DatanodeStateMachine (DatanodeStateMachine.java:lambda$startDaemon$0(350)) - Ozone container server started.
2019-09-10 13:20:23,422 [grpc-default-executor-3] WARN  server.GrpcLogAppender (LogUtils.java:warn(134)) - 0f4aa411-f22d-408f-a3ae-026c0e4d845c@group-447053F58748->e5557321-17be-433a-8d96-d7d186384118-AppendLogResponseHandler: Failed appendEntries: org.apache.ratis.thirdparty.io.grpc.StatusRuntimeException: UNAVAILABLE: io exception
2019-09-10 13:20:23,422 [grpc-default-executor-0] WARN  server.GrpcLogAppender (LogUtils.java:warn(134)) - 0f4aa411-f22d-408f-a3ae-026c0e4d845c@group-447053F58748->82b87940-075a-4240-9714-83f9b1f11359-AppendLogResponseHandler: Failed appendEntries: org.apache.ratis.thirdparty.io.grpc.StatusRuntimeException: UNAVAILABLE: io exception
2019-09-10 13:20:23,422 [grpc-default-executor-3] INFO  impl.FollowerInfo (FollowerInfo.java:lambda$new$0(51)) - 0f4aa411-f22d-408f-a3ae-026c0e4d845c@group-447053F58748->e5557321-17be-433a-8d96-d7d186384118: nextIndex: updateUnconditionally 0 -> 0
2019-09-10 13:20:23,423 [grpc-default-executor-0] INFO  impl.FollowerInfo (FollowerInfo.java:lambda$new$0(51)) - 0f4aa411-f22d-408f-a3ae-026c0e4d845c@group-447053F58748->82b87940-075a-4240-9714-83f9b1f11359: nextIndex: updateUnconditionally 0 -> 0
2019-09-10 13:20:23,427 [grpc-default-executor-2] WARN  server.GrpcLogAppender (LogUtils.java:warn(134)) - 77c590a9-0e60-42d8-bbf8-e31004d5a9e8@group-5DD09A43E0EE->598fdd25-f3b3-418d-bbd3-bcbfa35279b9-AppendLogResponseHandler: Failed appendEntries: org.apache.ratis.thirdparty.io.grpc.StatusRuntimeException: UNAVAILABLE: io exception
2019-09-10 13:20:23,427 [grpc-default-executor-2] INFO  impl.FollowerInfo (FollowerInfo.java:lambda$new$0(51)) - 77c590a9-0e60-42d8-bbf8-e31004d5a9e8@group-5DD09A43E0EE->598fdd25-f3b3-418d-bbd3-bcbfa35279b9: nextIndex: updateUnconditionally 15 -> 14
2019-09-10 13:20:23,757 [java.util.concurrent.ThreadPoolExecutor$Worker@33ee767[State = -1, empty queue]] WARN  server.GrpcLogAppender (GrpcLogAppender.java:timeoutAppendRequest(200)) - af983c11-9397-41ec-9bfb-0705919241eb@group-DD7833F53F4E->fa25b701-8575-4c87-a8ca-f6672565109a-GrpcLogAppender: appendEntries Timeout, request=af983c11-9397-41ec-9bfb-0705919241eb->fa25b701-8575-4c87-a8ca-f6672565109a#174-t2, previous=(t:2, i:35), leaderCommit=31, initializing? false, entries: <empty>
2019-09-10 13:20:23,757 [java.util.concurrent.ThreadPoolExecutor$Worker@590640b[State = -1, empty queue]] WARN  server.GrpcLogAppender (GrpcLogAppender.java:timeoutAppendRequest(200)) - af983c11-9397-41ec-9bfb-0705919241eb@group-DD7833F53F4E->c9bddf00-2197-4e52-a76a-1743bb04b5e3-GrpcLogAppender: appendEntries Timeout, request=af983c11-9397-41ec-9bfb-0705919241eb->c9bddf00-2197-4e52-a76a-1743bb04b5e3#174-t2, previous=(t:2, i:35), leaderCommit=31, initializing? false, entries: <empty>
2019-09-10 13:20:23,776 [java.util.concurrent.ThreadPoolExecutor$Worker@2bd31529[State = -1, empty queue]] WARN  server.GrpcLogAppender (GrpcLogAppender.java:timeoutAppendRequest(200)) - 77c590a9-0e60-42d8-bbf8-e31004d5a9e8@group-5DD09A43E0EE->05e9b83b-b6ec-4168-9e18-fac302cf5421-GrpcLogAppender: appendEntries Timeout, request=77c590a9-0e60-42d8-bbf8-e31004d5a9e8->05e9b83b-b6ec-4168-9e18-fac302cf5421#160-t2, previous=(t:2, i:19), leaderCommit=15, initializing? false, entries: <empty>
2019-09-10 13:20:23,923 [grpc-default-executor-5] WARN  server.GrpcLogAppender (LogUtils.java:warn(134)) - 0f4aa411-f22d-408f-a3ae-026c0e4d845c@group-447053F58748->e5557321-17be-433a-8d96-d7d186384118-AppendLogResponseHandler: Failed appendEntries: org.apache.ratis.thirdparty.io.grpc.StatusRuntimeException: UNAVAILABLE: io exception
2019-09-10 13:20:23,923 [grpc-default-executor-6] WARN  server.GrpcLogAppender (LogUtils.java:warn(134)) - 0f4aa411-f22d-408f-a3ae-026c0e4d845c@group-447053F58748->82b87940-075a-4240-9714-83f9b1f11359-AppendLogResponseHandler: Failed appendEntries: org.apache.ratis.thirdparty.io.grpc.StatusRuntimeException: UNAVAILABLE: io exception
2019-09-10 13:20:23,923 [grpc-default-executor-5] INFO  impl.FollowerInfo (FollowerInfo.java:lambda$new$0(51)) - 0f4aa411-f22d-408f-a3ae-026c0e4d845c@group-447053F58748->e5557321-17be-433a-8d96-d7d186384118: nextIndex: updateUnconditionally 0 -> 0
2019-09-10 13:20:23,924 [grpc-default-executor-6] INFO  impl.FollowerInfo (FollowerInfo.java:lambda$new$0(51)) - 0f4aa411-f22d-408f-a3ae-026c0e4d845c@group-447053F58748->82b87940-075a-4240-9714-83f9b1f11359: nextIndex: updateUnconditionally 0 -> 0
2019-09-10 13:20:23,928 [grpc-default-executor-0] WARN  server.GrpcLogAppender (LogUtils.java:warn(134)) - 77c590a9-0e60-42d8-bbf8-e31004d5a9e8@group-5DD09A43E0EE->598fdd25-f3b3-418d-bbd3-bcbfa35279b9-AppendLogResponseHandler: Failed appendEntries: org.apache.ratis.thirdparty.io.grpc.StatusRuntimeException: UNAVAILABLE: io exception
2019-09-10 13:20:23,928 [grpc-default-executor-0] INFO  impl.FollowerInfo (FollowerInfo.java:lambda$new$0(51)) - 77c590a9-0e60-42d8-bbf8-e31004d5a9e8@group-5DD09A43E0EE->598fdd25-f3b3-418d-bbd3-bcbfa35279b9: nextIndex: updateUnconditionally 14 -> 13
2019-09-10 13:20:24,258 [java.util.concurrent.ThreadPoolExecutor$Worker@590640b[State = -1, empty queue]] WARN  server.GrpcLogAppender (GrpcLogAppender.java:timeoutAppendRequest(200)) - af983c11-9397-41ec-9bfb-0705919241eb@group-DD7833F53F4E->c9bddf00-2197-4e52-a76a-1743bb04b5e3-GrpcLogAppender: appendEntries Timeout, request=af983c11-9397-41ec-9bfb-0705919241eb->c9bddf00-2197-4e52-a76a-1743bb04b5e3#175-t2, previous=(t:2, i:35), leaderCommit=31, initializing? false, entries: <empty>
2019-09-10 13:20:24,258 [java.util.concurrent.ThreadPoolExecutor$Worker@33ee767[State = -1, empty queue]] WARN  server.GrpcLogAppender (GrpcLogAppender.java:timeoutAppendRequest(200)) - af983c11-9397-41ec-9bfb-0705919241eb@group-DD7833F53F4E->fa25b701-8575-4c87-a8ca-f6672565109a-GrpcLogAppender: appendEntries Timeout, request=af983c11-9397-41ec-9bfb-0705919241eb->fa25b701-8575-4c87-a8ca-f6672565109a#175-t2, previous=(t:2, i:35), leaderCommit=31, initializing? false, entries: <empty>
2019-09-10 13:20:24,276 [java.util.concurrent.ThreadPoolExecutor$Worker@2bd31529[State = -1, empty queue]] WARN  server.GrpcLogAppender (GrpcLogAppender.java:timeoutAppendRequest(200)) - 77c590a9-0e60-42d8-bbf8-e31004d5a9e8@group-5DD09A43E0EE->05e9b83b-b6ec-4168-9e18-fac302cf5421-GrpcLogAppender: appendEntries Timeout, request=77c590a9-0e60-42d8-bbf8-e31004d5a9e8->05e9b83b-b6ec-4168-9e18-fac302cf5421#161-t2, previous=(t:2, i:19), leaderCommit=15, initializing? false, entries: <empty>
2019-09-10 13:20:24,423 [grpc-default-executor-6] WARN  server.GrpcLogAppender (LogUtils.java:warn(134)) - 0f4aa411-f22d-408f-a3ae-026c0e4d845c@group-447053F58748->e5557321-17be-433a-8d96-d7d186384118-AppendLogResponseHandler: Failed appendEntries: org.apache.ratis.thirdparty.io.grpc.StatusRuntimeException: UNAVAILABLE: io exception
2019-09-10 13:20:24,423 [grpc-default-executor-2] WARN  server.GrpcLogAppender (LogUtils.java:warn(134)) - 0f4aa411-f22d-408f-a3ae-026c0e4d845c@group-447053F58748->82b87940-075a-4240-9714-83f9b1f11359-AppendLogResponseHandler: Failed appendEntries: org.apache.ratis.thirdparty.io.grpc.StatusRuntimeException: UNAVAILABLE: io exception
2019-09-10 13:20:24,424 [grpc-default-executor-6] INFO  impl.FollowerInfo (FollowerInfo.java:lambda$new$0(51)) - 0f4aa411-f22d-408f-a3ae-026c0e4d845c@group-447053F58748->e5557321-17be-433a-8d96-d7d186384118: nextIndex: updateUnconditionally 0 -> 0
2019-09-10 13:20:24,424 [grpc-default-executor-2] INFO  impl.FollowerInfo (FollowerInfo.java:lambda$new$0(51)) - 0f4aa411-f22d-408f-a3ae-026c0e4d845c@group-447053F58748->82b87940-075a-4240-9714-83f9b1f11359: nextIndex: updateUnconditionally 0 -> 0
2019-09-10 13:20:24,428 [grpc-default-executor-5] WARN  server.GrpcLogAppender (LogUtils.java:warn(134)) - 77c590a9-0e60-42d8-bbf8-e31004d5a9e8@group-5DD09A43E0EE->598fdd25-f3b3-418d-bbd3-bcbfa35279b9-AppendLogResponseHandler: Failed appendEntries: org.apache.ratis.thirdparty.io.grpc.StatusRuntimeException: UNAVAILABLE: io exception
2019-09-10 13:20:24,428 [grpc-default-executor-5] INFO  impl.FollowerInfo (FollowerInfo.java:lambda$new$0(51)) - 77c590a9-0e60-42d8-bbf8-e31004d5a9e8@group-5DD09A43E0EE->598fdd25-f3b3-418d-bbd3-bcbfa35279b9: nextIndex: updateUnconditionally 13 -> 12
2019-09-10 13:20:24,758 [java.util.concurrent.ThreadPoolExecutor$Worker@590640b[State = -1, empty queue]] WARN  server.GrpcLogAppender (GrpcLogAppender.java:timeoutAppendRequest(200)) - af983c11-9397-41ec-9bfb-0705919241eb@group-DD7833F53F4E->c9bddf00-2197-4e52-a76a-1743bb04b5e3-GrpcLogAppender: appendEntries Timeout, request=af983c11-9397-41ec-9bfb-0705919241eb->c9bddf00-2197-4e52-a76a-1743bb04b5e3#176-t2, previous=(t:2, i:35), leaderCommit=31, initializing? false, entries: <empty>
2019-09-10 13:20:24,758 [java.util.concurrent.ThreadPoolExecutor$Worker@33ee767[State = -1, empty queue]] WARN  server.GrpcLogAppender (GrpcLogAppender.java:timeoutAppendRequest(200)) - af983c11-9397-41ec-9bfb-0705919241eb@group-DD7833F53F4E->fa25b701-8575-4c87-a8ca-f6672565109a-GrpcLogAppender: appendEntries Timeout, request=af983c11-9397-41ec-9bfb-0705919241eb->fa25b701-8575-4c87-a8ca-f6672565109a#176-t2, previous=(t:2, i:35), leaderCommit=31, initializing? false, entries: <empty>
2019-09-10 13:20:24,777 [java.util.concurrent.ThreadPoolExecutor$Worker@2bd31529[State = -1, empty queue]] WARN  server.GrpcLogAppender (GrpcLogAppender.java:timeoutAppendRequest(200)) - 77c590a9-0e60-42d8-bbf8-e31004d5a9e8@group-5DD09A43E0EE->05e9b83b-b6ec-4168-9e18-fac302cf5421-GrpcLogAppender: appendEntries Timeout, request=77c590a9-0e60-42d8-bbf8-e31004d5a9e8->05e9b83b-b6ec-4168-9e18-fac302cf5421#162-t2, previous=(t:2, i:19), leaderCommit=15, initializing? false, entries: <empty>
2019-09-10 13:20:24,924 [grpc-default-executor-5] WARN  server.GrpcLogAppender (LogUtils.java:warn(134)) - 0f4aa411-f22d-408f-a3ae-026c0e4d845c@group-447053F58748->e5557321-17be-433a-8d96-d7d186384118-AppendLogResponseHandler: Failed appendEntries: org.apache.ratis.thirdparty.io.grpc.StatusRuntimeException: UNAVAILABLE: io exception
2019-09-10 13:20:24,924 [grpc-default-executor-4] WARN  server.GrpcLogAppender (LogUtils.java:warn(134)) - 0f4aa411-f22d-408f-a3ae-026c0e4d845c@group-447053F58748->82b87940-075a-4240-9714-83f9b1f11359-AppendLogResponseHandler: Failed appendEntries: org.apache.ratis.thirdparty.io.grpc.StatusRuntimeException: UNAVAILABLE: io exception
2019-09-10 13:20:24,925 [grpc-default-executor-5] INFO  impl.FollowerInfo (FollowerInfo.java:lambda$new$0(51)) - 0f4aa411-f22d-408f-a3ae-026c0e4d845c@group-447053F58748->e5557321-17be-433a-8d96-d7d186384118: nextIndex: updateUnconditionally 0 -> 0
2019-09-10 13:20:24,925 [grpc-default-executor-4] INFO  impl.FollowerInfo (FollowerInfo.java:lambda$new$0(51)) - 0f4aa411-f22d-408f-a3ae-026c0e4d845c@group-447053F58748->82b87940-075a-4240-9714-83f9b1f11359: nextIndex: updateUnconditionally 0 -> 0
2019-09-10 13:20:24,928 [grpc-default-executor-2] WARN  server.GrpcLogAppender (LogUtils.java:warn(134)) - 77c590a9-0e60-42d8-bbf8-e31004d5a9e8@group-5DD09A43E0EE->598fdd25-f3b3-418d-bbd3-bcbfa35279b9-AppendLogResponseHandler: Failed appendEntries: org.apache.ratis.thirdparty.io.grpc.StatusRuntimeException: UNAVAILABLE: io exception
2019-09-10 13:20:24,929 [grpc-default-executor-2] INFO  impl.FollowerInfo (FollowerInfo.java:lambda$new$0(51)) - 77c590a9-0e60-42d8-bbf8-e31004d5a9e8@group-5DD09A43E0EE->598fdd25-f3b3-418d-bbd3-bcbfa35279b9: nextIndex: updateUnconditionally 12 -> 11
2019-09-10 13:20:25,216 [05e9b83b-b6ec-4168-9e18-fac302cf5421@group-5DD09A43E0EE-SegmentedRaftLogWorker] WARN  segmented.SegmentedRaftLogWorker (SegmentedRaftLogWorker.java:getFromFuture(90)) - Timeout 4/~
org.apache.ratis.protocol.TimeoutIOException: Timeout 10s: WriteLog:16: (t:2, i:16), STATEMACHINELOGENTRY, client-7BF1329EB290, cid=51-writeStateMachineData
	at org.apache.ratis.util.IOUtils.getFromFuture(IOUtils.java:87)
	at org.apache.ratis.server.raftlog.segmented.SegmentedRaftLogWorker$StateMachineDataPolicy.getFromFuture(SegmentedRaftLogWorker.java:87)
	at org.apache.ratis.server.raftlog.segmented.SegmentedRaftLogWorker$WriteLog.execute(SegmentedRaftLogWorker.java:477)
	at org.apache.ratis.server.raftlog.segmented.SegmentedRaftLogWorker.run(SegmentedRaftLogWorker.java:289)
	at java.lang.Thread.run(Thread.java:748)
Caused by: java.util.concurrent.TimeoutException
	at java.util.concurrent.CompletableFuture.timedGet(CompletableFuture.java:1771)
	at java.util.concurrent.CompletableFuture.get(CompletableFuture.java:1915)
	at org.apache.ratis.util.IOUtils.getFromFuture(IOUtils.java:79)
	... 4 more
2019-09-10 13:20:25,258 [java.util.concurrent.ThreadPoolExecutor$Worker@590640b[State = -1, empty queue]] WARN  server.GrpcLogAppender (GrpcLogAppender.java:timeoutAppendRequest(200)) - af983c11-9397-41ec-9bfb-0705919241eb@group-DD7833F53F4E->c9bddf00-2197-4e52-a76a-1743bb04b5e3-GrpcLogAppender: appendEntries Timeout, request=af983c11-9397-41ec-9bfb-0705919241eb->c9bddf00-2197-4e52-a76a-1743bb04b5e3#177-t2, previous=(t:2, i:35), leaderCommit=31, initializing? false, entries: <empty>
2019-09-10 13:20:25,258 [java.util.concurrent.ThreadPoolExecutor$Worker@33ee767[State = -1, empty queue]] WARN  server.GrpcLogAppender (GrpcLogAppender.java:timeoutAppendRequest(200)) - af983c11-9397-41ec-9bfb-0705919241eb@group-DD7833F53F4E->fa25b701-8575-4c87-a8ca-f6672565109a-GrpcLogAppender: appendEntries Timeout, request=af983c11-9397-41ec-9bfb-0705919241eb->fa25b701-8575-4c87-a8ca-f6672565109a#177-t2, previous=(t:2, i:35), leaderCommit=31, initializing? false, entries: <empty>
2019-09-10 13:20:25,277 [java.util.concurrent.ThreadPoolExecutor$Worker@2bd31529[State = -1, empty queue]] WARN  server.GrpcLogAppender (GrpcLogAppender.java:timeoutAppendRequest(200)) - 77c590a9-0e60-42d8-bbf8-e31004d5a9e8@group-5DD09A43E0EE->05e9b83b-b6ec-4168-9e18-fac302cf5421-GrpcLogAppender: appendEntries Timeout, request=77c590a9-0e60-42d8-bbf8-e31004d5a9e8->05e9b83b-b6ec-4168-9e18-fac302cf5421#163-t2, previous=(t:2, i:19), leaderCommit=15, initializing? false, entries: <empty>
2019-09-10 13:20:25,409 [77c590a9-0e60-42d8-bbf8-e31004d5a9e8@group-5DD09A43E0EE-SegmentedRaftLogWorker] WARN  segmented.SegmentedRaftLogWorker (SegmentedRaftLogWorker.java:getFromFuture(90)) - Timeout 4/~
org.apache.ratis.protocol.TimeoutIOException: Timeout 10s: WriteLog:18: (t:2, i:18), STATEMACHINELOGENTRY, client-7BF1329EB290, cid=53-writeStateMachineData
	at org.apache.ratis.util.IOUtils.getFromFuture(IOUtils.java:87)
	at org.apache.ratis.server.raftlog.segmented.SegmentedRaftLogWorker$StateMachineDataPolicy.getFromFuture(SegmentedRaftLogWorker.java:87)
	at org.apache.ratis.server.raftlog.segmented.SegmentedRaftLogWorker$WriteLog.execute(SegmentedRaftLogWorker.java:477)
	at org.apache.ratis.server.raftlog.segmented.SegmentedRaftLogWorker.run(SegmentedRaftLogWorker.java:289)
	at java.lang.Thread.run(Thread.java:748)
Caused by: java.util.concurrent.TimeoutException
	at java.util.concurrent.CompletableFuture.timedGet(CompletableFuture.java:1771)
	at java.util.concurrent.CompletableFuture.get(CompletableFuture.java:1915)
	at org.apache.ratis.util.IOUtils.getFromFuture(IOUtils.java:79)
	... 4 more
2019-09-10 13:20:25,425 [grpc-default-executor-0] WARN  server.GrpcLogAppender (LogUtils.java:warn(134)) - 0f4aa411-f22d-408f-a3ae-026c0e4d845c@group-447053F58748->82b87940-075a-4240-9714-83f9b1f11359-AppendLogResponseHandler: Failed appendEntries: org.apache.ratis.thirdparty.io.grpc.StatusRuntimeException: UNAVAILABLE: io exception
2019-09-10 13:20:25,425 [grpc-default-executor-4] WARN  server.GrpcLogAppender (LogUtils.java:warn(134)) - 0f4aa411-f22d-408f-a3ae-026c0e4d845c@group-447053F58748->e5557321-17be-433a-8d96-d7d186384118-AppendLogResponseHandler: Failed appendEntries: org.apache.ratis.thirdparty.io.grpc.StatusRuntimeException: UNAVAILABLE: io exception
2019-09-10 13:20:25,425 [grpc-default-executor-0] INFO  impl.FollowerInfo (FollowerInfo.java:lambda$new$0(51)) - 0f4aa411-f22d-408f-a3ae-026c0e4d845c@group-447053F58748->82b87940-075a-4240-9714-83f9b1f11359: nextIndex: updateUnconditionally 0 -> 0
2019-09-10 13:20:25,425 [grpc-default-executor-4] INFO  impl.FollowerInfo (FollowerInfo.java:lambda$new$0(51)) - 0f4aa411-f22d-408f-a3ae-026c0e4d845c@group-447053F58748->e5557321-17be-433a-8d96-d7d186384118: nextIndex: updateUnconditionally 0 -> 0
2019-09-10 13:20:25,429 [grpc-default-executor-5] WARN  server.GrpcLogAppender (LogUtils.java:warn(134)) - 77c590a9-0e60-42d8-bbf8-e31004d5a9e8@group-5DD09A43E0EE->598fdd25-f3b3-418d-bbd3-bcbfa35279b9-AppendLogResponseHandler: Failed appendEntries: org.apache.ratis.thirdparty.io.grpc.StatusRuntimeException: UNAVAILABLE: io exception
2019-09-10 13:20:25,429 [grpc-default-executor-5] INFO  impl.FollowerInfo (FollowerInfo.java:lambda$new$0(51)) - 77c590a9-0e60-42d8-bbf8-e31004d5a9e8@group-5DD09A43E0EE->598fdd25-f3b3-418d-bbd3-bcbfa35279b9: nextIndex: updateUnconditionally 11 -> 10
2019-09-10 13:20:25,917 [java.util.concurrent.ThreadPoolExecutor$Worker@2bd31529[State = -1, empty queue]] WARN  server.GrpcLogAppender (GrpcLogAppender.java:timeoutAppendRequest(200)) - 77c590a9-0e60-42d8-bbf8-e31004d5a9e8@group-5DD09A43E0EE->05e9b83b-b6ec-4168-9e18-fac302cf5421-GrpcLogAppender: appendEntries Timeout, request=77c590a9-0e60-42d8-bbf8-e31004d5a9e8->05e9b83b-b6ec-4168-9e18-fac302cf5421#164-t2, previous=(t:2, i:19), leaderCommit=15, initializing? false, entries: <empty>
2019-09-10 13:20:25,918 [java.util.concurrent.ThreadPoolExecutor$Worker@33ee767[State = -1, empty queue]] WARN  server.GrpcLogAppender (GrpcLogAppender.java:timeoutAppendRequest(200)) - af983c11-9397-41ec-9bfb-0705919241eb@group-DD7833F53F4E->fa25b701-8575-4c87-a8ca-f6672565109a-GrpcLogAppender: appendEntries Timeout, request=af983c11-9397-41ec-9bfb-0705919241eb->fa25b701-8575-4c87-a8ca-f6672565109a#178-t2, previous=(t:2, i:35), leaderCommit=31, initializing? false, entries: <empty>
2019-09-10 13:20:25,919 [java.util.concurrent.ThreadPoolExecutor$Worker@590640b[State = -1, empty queue]] WARN  server.GrpcLogAppender (GrpcLogAppender.java:timeoutAppendRequest(200)) - af983c11-9397-41ec-9bfb-0705919241eb@group-DD7833F53F4E->c9bddf00-2197-4e52-a76a-1743bb04b5e3-GrpcLogAppender: appendEntries Timeout, request=af983c11-9397-41ec-9bfb-0705919241eb->c9bddf00-2197-4e52-a76a-1743bb04b5e3#178-t2, previous=(t:2, i:35), leaderCommit=31, initializing? false, entries: <empty>
2019-09-10 13:20:25,925 [grpc-default-executor-0] WARN  server.GrpcLogAppender (LogUtils.java:warn(134)) - 0f4aa411-f22d-408f-a3ae-026c0e4d845c@group-447053F58748->e5557321-17be-433a-8d96-d7d186384118-AppendLogResponseHandler: Failed appendEntries: org.apache.ratis.thirdparty.io.grpc.StatusRuntimeException: UNAVAILABLE: io exception
2019-09-10 13:20:25,925 [grpc-default-executor-6] WARN  server.GrpcLogAppender (LogUtils.java:warn(134)) - 0f4aa411-f22d-408f-a3ae-026c0e4d845c@group-447053F58748->82b87940-075a-4240-9714-83f9b1f11359-AppendLogResponseHandler: Failed appendEntries: org.apache.ratis.thirdparty.io.grpc.StatusRuntimeException: UNAVAILABLE: io exception
2019-09-10 13:20:25,926 [grpc-default-executor-0] INFO  impl.FollowerInfo (FollowerInfo.java:lambda$new$0(51)) - 0f4aa411-f22d-408f-a3ae-026c0e4d845c@group-447053F58748->e5557321-17be-433a-8d96-d7d186384118: nextIndex: updateUnconditionally 0 -> 0
2019-09-10 13:20:25,926 [grpc-default-executor-6] INFO  impl.FollowerInfo (FollowerInfo.java:lambda$new$0(51)) - 0f4aa411-f22d-408f-a3ae-026c0e4d845c@group-447053F58748->82b87940-075a-4240-9714-83f9b1f11359: nextIndex: updateUnconditionally 0 -> 0
2019-09-10 13:20:25,930 [grpc-default-executor-2] WARN  server.GrpcLogAppender (LogUtils.java:warn(134)) - 77c590a9-0e60-42d8-bbf8-e31004d5a9e8@group-5DD09A43E0EE->598fdd25-f3b3-418d-bbd3-bcbfa35279b9-AppendLogResponseHandler: Failed appendEntries: org.apache.ratis.thirdparty.io.grpc.StatusRuntimeException: UNAVAILABLE: io exception
2019-09-10 13:20:25,930 [grpc-default-executor-2] INFO  impl.FollowerInfo (FollowerInfo.java:lambda$new$0(51)) - 77c590a9-0e60-42d8-bbf8-e31004d5a9e8@group-5DD09A43E0EE->598fdd25-f3b3-418d-bbd3-bcbfa35279b9: nextIndex: updateUnconditionally 10 -> 9
2019-09-10 13:20:26,417 [java.util.concurrent.ThreadPoolExecutor$Worker@2bd31529[State = -1, empty queue]] WARN  server.GrpcLogAppender (GrpcLogAppender.java:timeoutAppendRequest(200)) - 77c590a9-0e60-42d8-bbf8-e31004d5a9e8@group-5DD09A43E0EE->05e9b83b-b6ec-4168-9e18-fac302cf5421-GrpcLogAppender: appendEntries Timeout, request=77c590a9-0e60-42d8-bbf8-e31004d5a9e8->05e9b83b-b6ec-4168-9e18-fac302cf5421#165-t2, previous=(t:2, i:19), leaderCommit=15, initializing? false, entries: <empty>
2019-09-10 13:20:26,418 [java.util.concurrent.ThreadPoolExecutor$Worker@33ee767[State = -1, empty queue]] WARN  server.GrpcLogAppender (GrpcLogAppender.java:timeoutAppendRequest(200)) - af983c11-9397-41ec-9bfb-0705919241eb@group-DD7833F53F4E->fa25b701-8575-4c87-a8ca-f6672565109a-GrpcLogAppender: appendEntries Timeout, request=af983c11-9397-41ec-9bfb-0705919241eb->fa25b701-8575-4c87-a8ca-f6672565109a#179-t2, previous=(t:2, i:35), leaderCommit=31, initializing? false, entries: <empty>
2019-09-10 13:20:26,419 [java.util.concurrent.ThreadPoolExecutor$Worker@590640b[State = -1, empty queue]] WARN  server.GrpcLogAppender (GrpcLogAppender.java:timeoutAppendRequest(200)) - af983c11-9397-41ec-9bfb-0705919241eb@group-DD7833F53F4E->c9bddf00-2197-4e52-a76a-1743bb04b5e3-GrpcLogAppender: appendEntries Timeout, request=af983c11-9397-41ec-9bfb-0705919241eb->c9bddf00-2197-4e52-a76a-1743bb04b5e3#179-t2, previous=(t:2, i:35), leaderCommit=31, initializing? false, entries: <empty>
2019-09-10 13:20:26,426 [grpc-default-executor-5] WARN  server.GrpcLogAppender (LogUtils.java:warn(134)) - 0f4aa411-f22d-408f-a3ae-026c0e4d845c@group-447053F58748->82b87940-075a-4240-9714-83f9b1f11359-AppendLogResponseHandler: Failed appendEntries: org.apache.ratis.thirdparty.io.grpc.StatusRuntimeException: UNAVAILABLE: io exception
2019-09-10 13:20:26,426 [grpc-default-executor-2] WARN  server.GrpcLogAppender (LogUtils.java:warn(134)) - 0f4aa411-f22d-408f-a3ae-026c0e4d845c@group-447053F58748->e5557321-17be-433a-8d96-d7d186384118-AppendLogResponseHandler: Failed appendEntries: org.apache.ratis.thirdparty.io.grpc.StatusRuntimeException: UNAVAILABLE: io exception
2019-09-10 13:20:26,427 [grpc-default-executor-5] INFO  impl.FollowerInfo (FollowerInfo.java:lambda$new$0(51)) - 0f4aa411-f22d-408f-a3ae-026c0e4d845c@group-447053F58748->82b87940-075a-4240-9714-83f9b1f11359: nextIndex: updateUnconditionally 0 -> 0
2019-09-10 13:20:26,427 [grpc-default-executor-2] INFO  impl.FollowerInfo (FollowerInfo.java:lambda$new$0(51)) - 0f4aa411-f22d-408f-a3ae-026c0e4d845c@group-447053F58748->e5557321-17be-433a-8d96-d7d186384118: nextIndex: updateUnconditionally 0 -> 0
2019-09-10 13:20:26,430 [grpc-default-executor-0] WARN  server.GrpcLogAppender (LogUtils.java:warn(134)) - 77c590a9-0e60-42d8-bbf8-e31004d5a9e8@group-5DD09A43E0EE->598fdd25-f3b3-418d-bbd3-bcbfa35279b9-AppendLogResponseHandler: Failed appendEntries: org.apache.ratis.thirdparty.io.grpc.StatusRuntimeException: UNAVAILABLE: io exception
2019-09-10 13:20:26,430 [grpc-default-executor-0] INFO  impl.FollowerInfo (FollowerInfo.java:lambda$new$0(51)) - 77c590a9-0e60-42d8-bbf8-e31004d5a9e8@group-5DD09A43E0EE->598fdd25-f3b3-418d-bbd3-bcbfa35279b9: nextIndex: updateUnconditionally 9 -> 8
2019-09-10 13:20:26,918 [java.util.concurrent.ThreadPoolExecutor$Worker@2bd31529[State = -1, empty queue]] WARN  server.GrpcLogAppender (GrpcLogAppender.java:timeoutAppendRequest(200)) - 77c590a9-0e60-42d8-bbf8-e31004d5a9e8@group-5DD09A43E0EE->05e9b83b-b6ec-4168-9e18-fac302cf5421-GrpcLogAppender: appendEntries Timeout, request=77c590a9-0e60-42d8-bbf8-e31004d5a9e8->05e9b83b-b6ec-4168-9e18-fac302cf5421#166-t2, previous=(t:2, i:19), leaderCommit=15, initializing? false, entries: <empty>
2019-09-10 13:20:26,918 [java.util.concurrent.ThreadPoolExecutor$Worker@33ee767[State = -1, empty queue]] WARN  server.GrpcLogAppender (GrpcLogAppender.java:timeoutAppendRequest(200)) - af983c11-9397-41ec-9bfb-0705919241eb@group-DD7833F53F4E->fa25b701-8575-4c87-a8ca-f6672565109a-GrpcLogAppender: appendEntries Timeout, request=af983c11-9397-41ec-9bfb-0705919241eb->fa25b701-8575-4c87-a8ca-f6672565109a#180-t2, previous=(t:2, i:35), leaderCommit=31, initializing? false, entries: <empty>
2019-09-10 13:20:26,919 [java.util.concurrent.ThreadPoolExecutor$Worker@590640b[State = -1, empty queue]] WARN  server.GrpcLogAppender (GrpcLogAppender.java:timeoutAppendRequest(200)) - af983c11-9397-41ec-9bfb-0705919241eb@group-DD7833F53F4E->c9bddf00-2197-4e52-a76a-1743bb04b5e3-GrpcLogAppender: appendEntries Timeout, request=af983c11-9397-41ec-9bfb-0705919241eb->c9bddf00-2197-4e52-a76a-1743bb04b5e3#180-t2, previous=(t:2, i:35), leaderCommit=31, initializing? false, entries: <empty>
2019-09-10 13:20:26,928 [grpc-default-executor-0] WARN  server.GrpcLogAppender (LogUtils.java:warn(134)) - 0f4aa411-f22d-408f-a3ae-026c0e4d845c@group-447053F58748->82b87940-075a-4240-9714-83f9b1f11359-AppendLogResponseHandler: Failed appendEntries: org.apache.ratis.thirdparty.io.grpc.StatusRuntimeException: UNAVAILABLE: io exception
2019-09-10 13:20:26,928 [grpc-default-executor-6] WARN  server.GrpcLogAppender (LogUtils.java:warn(134)) - 0f4aa411-f22d-408f-a3ae-026c0e4d845c@group-447053F58748->e5557321-17be-433a-8d96-d7d186384118-AppendLogResponseHandler: Failed appendEntries: org.apache.ratis.thirdparty.io.grpc.StatusRuntimeException: UNAVAILABLE: io exception
2019-09-10 13:20:26,929 [grpc-default-executor-0] INFO  impl.FollowerInfo (FollowerInfo.java:lambda$new$0(51)) - 0f4aa411-f22d-408f-a3ae-026c0e4d845c@group-447053F58748->82b87940-075a-4240-9714-83f9b1f11359: nextIndex: updateUnconditionally 0 -> 0
2019-09-10 13:20:26,929 [grpc-default-executor-6] INFO  impl.FollowerInfo (FollowerInfo.java:lambda$new$0(51)) - 0f4aa411-f22d-408f-a3ae-026c0e4d845c@group-447053F58748->e5557321-17be-433a-8d96-d7d186384118: nextIndex: updateUnconditionally 0 -> 0
2019-09-10 13:20:26,931 [grpc-default-executor-4] WARN  server.GrpcLogAppender (LogUtils.java:warn(134)) - 77c590a9-0e60-42d8-bbf8-e31004d5a9e8@group-5DD09A43E0EE->598fdd25-f3b3-418d-bbd3-bcbfa35279b9-AppendLogResponseHandler: Failed appendEntries: org.apache.ratis.thirdparty.io.grpc.StatusRuntimeException: UNAVAILABLE: io exception
2019-09-10 13:20:26,931 [grpc-default-executor-4] INFO  impl.FollowerInfo (FollowerInfo.java:lambda$new$0(51)) - 77c590a9-0e60-42d8-bbf8-e31004d5a9e8@group-5DD09A43E0EE->598fdd25-f3b3-418d-bbd3-bcbfa35279b9: nextIndex: updateUnconditionally 8 -> 7
2019-09-10 13:20:27,418 [java.util.concurrent.ThreadPoolExecutor$Worker@2bd31529[State = -1, empty queue]] WARN  server.GrpcLogAppender (GrpcLogAppender.java:timeoutAppendRequest(200)) - 77c590a9-0e60-42d8-bbf8-e31004d5a9e8@group-5DD09A43E0EE->05e9b83b-b6ec-4168-9e18-fac302cf5421-GrpcLogAppender: appendEntries Timeout, request=77c590a9-0e60-42d8-bbf8-e31004d5a9e8->05e9b83b-b6ec-4168-9e18-fac302cf5421#167-t2, previous=(t:2, i:19), leaderCommit=15, initializing? false, entries: <empty>
2019-09-10 13:20:27,418 [java.util.concurrent.ThreadPoolExecutor$Worker@33ee767[State = -1, empty queue]] WARN  server.GrpcLogAppender (GrpcLogAppender.java:timeoutAppendRequest(200)) - af983c11-9397-41ec-9bfb-0705919241eb@group-DD7833F53F4E->fa25b701-8575-4c87-a8ca-f6672565109a-GrpcLogAppender: appendEntries Timeout, request=af983c11-9397-41ec-9bfb-0705919241eb->fa25b701-8575-4c87-a8ca-f6672565109a#181-t2, previous=(t:2, i:35), leaderCommit=31, initializing? false, entries: <empty>
2019-09-10 13:20:27,419 [java.util.concurrent.ThreadPoolExecutor$Worker@590640b[State = -1, empty queue]] WARN  server.GrpcLogAppender (GrpcLogAppender.java:timeoutAppendRequest(200)) - af983c11-9397-41ec-9bfb-0705919241eb@group-DD7833F53F4E->c9bddf00-2197-4e52-a76a-1743bb04b5e3-GrpcLogAppender: appendEntries Timeout, request=af983c11-9397-41ec-9bfb-0705919241eb->c9bddf00-2197-4e52-a76a-1743bb04b5e3#181-t2, previous=(t:2, i:35), leaderCommit=31, initializing? false, entries: <empty>
2019-09-10 13:20:27,428 [grpc-default-executor-6] WARN  server.GrpcLogAppender (LogUtils.java:warn(134)) - 0f4aa411-f22d-408f-a3ae-026c0e4d845c@group-447053F58748->82b87940-075a-4240-9714-83f9b1f11359-AppendLogResponseHandler: Failed appendEntries: org.apache.ratis.thirdparty.io.grpc.StatusRuntimeException: UNAVAILABLE: io exception
2019-09-10 13:20:27,428 [grpc-default-executor-5] WARN  server.GrpcLogAppender (LogUtils.java:warn(134)) - 0f4aa411-f22d-408f-a3ae-026c0e4d845c@group-447053F58748->e5557321-17be-433a-8d96-d7d186384118-AppendLogResponseHandler: Failed appendEntries: org.apache.ratis.thirdparty.io.grpc.StatusRuntimeException: UNAVAILABLE: io exception
2019-09-10 13:20:27,429 [grpc-default-executor-6] INFO  impl.FollowerInfo (FollowerInfo.java:lambda$new$0(51)) - 0f4aa411-f22d-408f-a3ae-026c0e4d845c@group-447053F58748->82b87940-075a-4240-9714-83f9b1f11359: nextIndex: updateUnconditionally 0 -> 0
2019-09-10 13:20:27,429 [grpc-default-executor-5] INFO  impl.FollowerInfo (FollowerInfo.java:lambda$new$0(51)) - 0f4aa411-f22d-408f-a3ae-026c0e4d845c@group-447053F58748->e5557321-17be-433a-8d96-d7d186384118: nextIndex: updateUnconditionally 0 -> 0
2019-09-10 13:20:27,431 [grpc-default-executor-5] WARN  server.GrpcLogAppender (LogUtils.java:warn(134)) - 77c590a9-0e60-42d8-bbf8-e31004d5a9e8@group-5DD09A43E0EE->598fdd25-f3b3-418d-bbd3-bcbfa35279b9-AppendLogResponseHandler: Failed appendEntries: org.apache.ratis.thirdparty.io.grpc.StatusRuntimeException: UNAVAILABLE: io exception
2019-09-10 13:20:27,431 [grpc-default-executor-5] INFO  impl.FollowerInfo (FollowerInfo.java:lambda$new$0(51)) - 77c590a9-0e60-42d8-bbf8-e31004d5a9e8@group-5DD09A43E0EE->598fdd25-f3b3-418d-bbd3-bcbfa35279b9: nextIndex: updateUnconditionally 7 -> 6
2019-09-10 13:20:27,754 [main] INFO  ozoneimpl.OzoneContainer (OzoneContainer.java:stop(231)) - Attempting to stop container services.
2019-09-10 13:20:27,756 [main] INFO  impl.RaftServerProxy (RaftServerProxy.java:lambda$close$4(314)) - c9bddf00-2197-4e52-a76a-1743bb04b5e3: close
2019-09-10 13:20:27,757 [main] INFO  impl.RaftServerImpl (RaftServerImpl.java:lambda$shutdown$3(251)) - c9bddf00-2197-4e52-a76a-1743bb04b5e3@group-3C88ACFB8710: shutdown
2019-09-10 13:20:27,757 [main] INFO  util.JmxRegister (JmxRegister.java:unregister(73)) - Successfully un-registered JMX Bean with object name Ratis:service=RaftServer,group=group-3C88ACFB8710,id=c9bddf00-2197-4e52-a76a-1743bb04b5e3
2019-09-10 13:20:27,758 [main] INFO  impl.RoleInfo (RoleInfo.java:shutdownLeaderState(104)) - c9bddf00-2197-4e52-a76a-1743bb04b5e3: shutdown LeaderState
2019-09-10 13:20:27,758 [main] INFO  impl.PendingRequests (PendingRequests.java:sendNotLeaderResponses(202)) - c9bddf00-2197-4e52-a76a-1743bb04b5e3-PendingRequests: sendNotLeaderResponses
2019-09-10 13:20:27,759 [main] INFO  impl.StateMachineUpdater (StateMachineUpdater.java:stopAndJoin(125)) - c9bddf00-2197-4e52-a76a-1743bb04b5e3@group-3C88ACFB8710-StateMachineUpdater: set stopIndex = 0
2019-09-10 13:20:27,760 [main] INFO  impl.RaftServerImpl (ServerState.java:close(385)) - c9bddf00-2197-4e52-a76a-1743bb04b5e3@group-3C88ACFB8710: closes. applyIndex: 0
2019-09-10 13:20:27,761 [c9bddf00-2197-4e52-a76a-1743bb04b5e3@group-3C88ACFB8710-SegmentedRaftLogWorker] INFO  segmented.SegmentedRaftLogWorker (SegmentedRaftLogWorker.java:run(313)) - c9bddf00-2197-4e52-a76a-1743bb04b5e3@group-3C88ACFB8710-SegmentedRaftLogWorker was interrupted, exiting. There are 0 tasks remaining in the queue.
2019-09-10 13:20:27,767 [main] INFO  segmented.SegmentedRaftLogWorker (SegmentedRaftLogWorker.java:close(228)) - c9bddf00-2197-4e52-a76a-1743bb04b5e3@group-3C88ACFB8710-SegmentedRaftLogWorker close()
2019-09-10 13:20:27,772 [main] INFO  impl.RaftServerImpl (RaftServerImpl.java:lambda$shutdown$3(251)) - c9bddf00-2197-4e52-a76a-1743bb04b5e3@group-DD7833F53F4E: shutdown
2019-09-10 13:20:27,772 [main] INFO  util.JmxRegister (JmxRegister.java:unregister(73)) - Successfully un-registered JMX Bean with object name Ratis:service=RaftServer,group=group-DD7833F53F4E,id=c9bddf00-2197-4e52-a76a-1743bb04b5e3
2019-09-10 13:20:27,772 [main] INFO  impl.RoleInfo (RoleInfo.java:shutdownFollowerState(121)) - c9bddf00-2197-4e52-a76a-1743bb04b5e3: shutdown FollowerState
2019-09-10 13:20:27,773 [main] INFO  impl.StateMachineUpdater (StateMachineUpdater.java:stopAndJoin(125)) - c9bddf00-2197-4e52-a76a-1743bb04b5e3@group-DD7833F53F4E-StateMachineUpdater: set stopIndex = 31
2019-09-10 13:20:27,773 [c9bddf00-2197-4e52-a76a-1743bb04b5e3@group-DD7833F53F4E-StateMachineUpdater] INFO  ratis.ContainerStateMachine (ContainerStateMachine.java:takeSnapshot(289)) - group-DD7833F53F4E: Taking a snapshot at:(t:2, i:29) file /workdir/hadoop-ozone/integration-test/target/test-dir/MiniOzoneClusterImpl-bbba21db-ec34-461e-a1c1-b53f0753d0be/datanode-9/data/ratis/96240272-0a0b-4b42-9081-dd7833f53f4e/sm/snapshot.2_29
2019-09-10 13:20:27,773 [Thread-431] INFO  impl.FollowerState (FollowerState.java:run(115)) - c9bddf00-2197-4e52-a76a-1743bb04b5e3: FollowerState was interrupted: java.lang.InterruptedException: sleep interrupted
2019-09-10 13:20:27,789 [c9bddf00-2197-4e52-a76a-1743bb04b5e3@group-DD7833F53F4E-StateMachineUpdater] INFO  ratis.ContainerStateMachine (ContainerStateMachine.java:takeSnapshot(300)) - group-DD7833F53F4E: Finished taking a snapshot at:(t:2, i:29) file:/workdir/hadoop-ozone/integration-test/target/test-dir/MiniOzoneClusterImpl-bbba21db-ec34-461e-a1c1-b53f0753d0be/datanode-9/data/ratis/96240272-0a0b-4b42-9081-dd7833f53f4e/sm/snapshot.2_29 time:17
2019-09-10 13:20:27,789 [c9bddf00-2197-4e52-a76a-1743bb04b5e3@group-DD7833F53F4E-StateMachineUpdater] INFO  impl.StateMachineUpdater (StateMachineUpdater.java:takeSnapshot(258)) - c9bddf00-2197-4e52-a76a-1743bb04b5e3@group-DD7833F53F4E-StateMachineUpdater: Took a snapshot at index 29
2019-09-10 13:20:27,790 [c9bddf00-2197-4e52-a76a-1743bb04b5e3@group-DD7833F53F4E-StateMachineUpdater] INFO  impl.StateMachineUpdater (StateMachineUpdater.java:lambda$new$0(83)) - c9bddf00-2197-4e52-a76a-1743bb04b5e3@group-DD7833F53F4E-StateMachineUpdater: snapshotIndex: updateIncreasingly -1 -> 29
2019-09-10 13:20:27,790 [c9bddf00-2197-4e52-a76a-1743bb04b5e3@group-DD7833F53F4E-StateMachineUpdater] INFO  ratis.ContainerStateMachine (ContainerStateMachine.java:takeSnapshot(289)) - group-DD7833F53F4E: Taking a snapshot at:(t:2, i:29) file /workdir/hadoop-ozone/integration-test/target/test-dir/MiniOzoneClusterImpl-bbba21db-ec34-461e-a1c1-b53f0753d0be/datanode-9/data/ratis/96240272-0a0b-4b42-9081-dd7833f53f4e/sm/snapshot.2_29
2019-09-10 13:20:27,803 [c9bddf00-2197-4e52-a76a-1743bb04b5e3@group-DD7833F53F4E-StateMachineUpdater] INFO  ratis.ContainerStateMachine (ContainerStateMachine.java:takeSnapshot(300)) - group-DD7833F53F4E: Finished taking a snapshot at:(t:2, i:29) file:/workdir/hadoop-ozone/integration-test/target/test-dir/MiniOzoneClusterImpl-bbba21db-ec34-461e-a1c1-b53f0753d0be/datanode-9/data/ratis/96240272-0a0b-4b42-9081-dd7833f53f4e/sm/snapshot.2_29 time:13
2019-09-10 13:20:27,803 [c9bddf00-2197-4e52-a76a-1743bb04b5e3@group-DD7833F53F4E-StateMachineUpdater] INFO  impl.StateMachineUpdater (StateMachineUpdater.java:takeSnapshot(258)) - c9bddf00-2197-4e52-a76a-1743bb04b5e3@group-DD7833F53F4E-StateMachineUpdater: Took a snapshot at index 29
2019-09-10 13:20:27,803 [c9bddf00-2197-4e52-a76a-1743bb04b5e3@group-DD7833F53F4E-StateMachineUpdater] INFO  impl.StateMachineUpdater (StateMachineUpdater.java:lambda$new$0(83)) - c9bddf00-2197-4e52-a76a-1743bb04b5e3@group-DD7833F53F4E-StateMachineUpdater: snapshotIndex: updateIncreasingly 29 -> 29
2019-09-10 13:20:27,803 [main] INFO  impl.RaftServerImpl (ServerState.java:close(385)) - c9bddf00-2197-4e52-a76a-1743bb04b5e3@group-DD7833F53F4E: closes. applyIndex: 31
2019-09-10 13:20:27,807 [c9bddf00-2197-4e52-a76a-1743bb04b5e3@group-DD7833F53F4E-SegmentedRaftLogWorker] ERROR ratis.XceiverServerRatis (XceiverServerRatis.java:triggerPipelineClose(568)) - pipeline Action CLOSE  on pipeline PipelineID=96240272-0a0b-4b42-9081-dd7833f53f4e.Reason : WriteLog:32: (t:2, i:32), STATEMACHINELOGENTRY, client-7AEE289B780F, cid=64-writeStateMachineData interrupted.
2019-09-10 13:20:27,810 [main] INFO  segmented.SegmentedRaftLogWorker (SegmentedRaftLogWorker.java:close(228)) - c9bddf00-2197-4e52-a76a-1743bb04b5e3@group-DD7833F53F4E-SegmentedRaftLogWorker close()
2019-09-10 13:20:27,814 [main] INFO  server.GrpcService (GrpcService.java:closeImpl(164)) - c9bddf00-2197-4e52-a76a-1743bb04b5e3: shutdown server with port 40372 now
2019-09-10 13:20:27,816 [main] INFO  server.GrpcService (GrpcService.java:closeImpl(172)) - c9bddf00-2197-4e52-a76a-1743bb04b5e3: shutdown server with port 40372 successfully
2019-09-10 13:20:27,816 [grpc-default-executor-5] WARN  server.GrpcLogAppender (LogUtils.java:warn(134)) - af983c11-9397-41ec-9bfb-0705919241eb@group-DD7833F53F4E->c9bddf00-2197-4e52-a76a-1743bb04b5e3-AppendLogResponseHandler: Failed appendEntries: org.apache.ratis.thirdparty.io.grpc.StatusRuntimeException: CANCELLED: HTTP/2 error code: CANCEL
Received Rst Stream
2019-09-10 13:20:27,816 [grpc-default-executor-6] WARN  server.GrpcServerProtocolService (LogUtils.java:warn(134)) - c9bddf00-2197-4e52-a76a-1743bb04b5e3: installSnapshot onError, lastRequest: af983c11-9397-41ec-9bfb-0705919241eb->c9bddf00-2197-4e52-a76a-1743bb04b5e3#187-t2, previous=(t:2, i:35), leaderCommit=31, initializing? false, entries: <empty>: org.apache.ratis.thirdparty.io.grpc.StatusRuntimeException: CANCELLED: cancelled before receiving half close
2019-09-10 13:20:27,817 [grpc-default-executor-5] INFO  impl.FollowerInfo (FollowerInfo.java:lambda$new$0(51)) - af983c11-9397-41ec-9bfb-0705919241eb@group-DD7833F53F4E->c9bddf00-2197-4e52-a76a-1743bb04b5e3: nextIndex: updateUnconditionally 36 -> 32
2019-09-10 13:20:27,822 [refreshUsed-/workdir/hadoop-ozone/integration-test/target/test-dir/MiniOzoneClusterImpl-bbba21db-ec34-461e-a1c1-b53f0753d0be/datanode-9/data/containers] WARN  fs.CachingGetSpaceUsed (CachingGetSpaceUsed.java:run(183)) - Thread Interrupted waiting to refresh disk information: sleep interrupted
2019-09-10 13:20:27,841 [main] INFO  utils.BackgroundService (BackgroundService.java:shutdown(148)) - Shutting down service BlockDeletingService
2019-09-10 13:20:27,846 [main] INFO  statemachine.DatanodeStateMachine (DatanodeStateMachine.java:stopDaemon(395)) - Ozone container server stopped.
2019-09-10 13:20:27,848 [main] INFO  handler.ContextHandler (ContextHandler.java:doStop(910)) - Stopped o.e.j.w.WebAppContext@3c87fdf2{/,null,UNAVAILABLE}{/hddsDatanode}
2019-09-10 13:20:27,849 [main] INFO  server.AbstractConnector (AbstractConnector.java:doStop(318)) - Stopped ServerConnector@26bbe604{HTTP/1.1,[http/1.1]}{0.0.0.0:0}
2019-09-10 13:20:27,850 [main] INFO  handler.ContextHandler (ContextHandler.java:doStop(910)) - Stopped o.e.j.s.ServletContextHandler@4e49ce2b{/static,jar:file:/home/user/.m2/repository/org/apache/hadoop/hadoop-hdds-container-service/0.5.0-SNAPSHOT/hadoop-hdds-container-service-0.5.0-SNAPSHOT.jar!/webapps/static,UNAVAILABLE}
2019-09-10 13:20:27,850 [main] INFO  handler.ContextHandler (ContextHandler.java:doStop(910)) - Stopped o.e.j.s.ServletContextHandler@7b676112{/logs,file:///workdir/hadoop-ozone/integration-test/target/log,UNAVAILABLE}
2019-09-10 13:20:27,918 [java.util.concurrent.ThreadPoolExecutor$Worker@2bd31529[State = -1, empty queue]] WARN  server.GrpcLogAppender (GrpcLogAppender.java:timeoutAppendRequest(200)) - 77c590a9-0e60-42d8-bbf8-e31004d5a9e8@group-5DD09A43E0EE->05e9b83b-b6ec-4168-9e18-fac302cf5421-GrpcLogAppender: appendEntries Timeout, request=77c590a9-0e60-42d8-bbf8-e31004d5a9e8->05e9b83b-b6ec-4168-9e18-fac302cf5421#168-t2, previous=(t:2, i:19), leaderCommit=15, initializing? false, entries: <empty>
2019-09-10 13:20:27,919 [java.util.concurrent.ThreadPoolExecutor$Worker@33ee767[State = -1, empty queue]] WARN  server.GrpcLogAppender (GrpcLogAppender.java:timeoutAppendRequest(200)) - af983c11-9397-41ec-9bfb-0705919241eb@group-DD7833F53F4E->fa25b701-8575-4c87-a8ca-f6672565109a-GrpcLogAppender: appendEntries Timeout, request=af983c11-9397-41ec-9bfb-0705919241eb->fa25b701-8575-4c87-a8ca-f6672565109a#182-t2, previous=(t:2, i:35), leaderCommit=31, initializing? false, entries: <empty>
2019-09-10 13:20:27,923 [grpc-default-executor-5] WARN  server.GrpcLogAppender (LogUtils.java:warn(134)) - af983c11-9397-41ec-9bfb-0705919241eb@group-DD7833F53F4E->c9bddf00-2197-4e52-a76a-1743bb04b5e3-AppendLogResponseHandler: Failed appendEntries: org.apache.ratis.thirdparty.io.grpc.StatusRuntimeException: UNAVAILABLE: io exception
2019-09-10 13:20:27,924 [grpc-default-executor-5] INFO  impl.FollowerInfo (FollowerInfo.java:lambda$new$0(51)) - af983c11-9397-41ec-9bfb-0705919241eb@group-DD7833F53F4E->c9bddf00-2197-4e52-a76a-1743bb04b5e3: nextIndex: updateUnconditionally 32 -> 31
2019-09-10 13:20:27,928 [grpc-default-executor-0] WARN  server.GrpcLogAppender (LogUtils.java:warn(134)) - 0f4aa411-f22d-408f-a3ae-026c0e4d845c@group-447053F58748->e5557321-17be-433a-8d96-d7d186384118-AppendLogResponseHandler: Failed appendEntries: org.apache.ratis.thirdparty.io.grpc.StatusRuntimeException: UNAVAILABLE: io exception
2019-09-10 13:20:27,928 [grpc-default-executor-4] WARN  server.GrpcLogAppender (LogUtils.java:warn(134)) - 0f4aa411-f22d-408f-a3ae-026c0e4d845c@group-447053F58748->82b87940-075a-4240-9714-83f9b1f11359-AppendLogResponseHandler: Failed appendEntries: org.apache.ratis.thirdparty.io.grpc.StatusRuntimeException: UNAVAILABLE: io exception
2019-09-10 13:20:27,928 [grpc-default-executor-0] INFO  impl.FollowerInfo (FollowerInfo.java:lambda$new$0(51)) - 0f4aa411-f22d-408f-a3ae-026c0e4d845c@group-447053F58748->e5557321-17be-433a-8d96-d7d186384118: nextIndex: updateUnconditionally 0 -> 0
2019-09-10 13:20:27,929 [grpc-default-executor-4] INFO  impl.FollowerInfo (FollowerInfo.java:lambda$new$0(51)) - 0f4aa411-f22d-408f-a3ae-026c0e4d845c@group-447053F58748->82b87940-075a-4240-9714-83f9b1f11359: nextIndex: updateUnconditionally 0 -> 0
2019-09-10 13:20:27,931 [grpc-default-executor-5] WARN  server.GrpcLogAppender (LogUtils.java:warn(134)) - 77c590a9-0e60-42d8-bbf8-e31004d5a9e8@group-5DD09A43E0EE->598fdd25-f3b3-418d-bbd3-bcbfa35279b9-AppendLogResponseHandler: Failed appendEntries: org.apache.ratis.thirdparty.io.grpc.StatusRuntimeException: UNAVAILABLE: io exception
2019-09-10 13:20:27,932 [grpc-default-executor-5] INFO  impl.FollowerInfo (FollowerInfo.java:lambda$new$0(51)) - 77c590a9-0e60-42d8-bbf8-e31004d5a9e8@group-5DD09A43E0EE->598fdd25-f3b3-418d-bbd3-bcbfa35279b9: nextIndex: updateUnconditionally 6 -> 5
2019-09-10 13:20:27,985 [ForkJoinPool.commonPool-worker-0] INFO  ozoneimpl.OzoneContainer (OzoneContainer.java:stop(231)) - Attempting to stop container services.
2019-09-10 13:20:27,985 [ForkJoinPool.commonPool-worker-0] INFO  impl.RaftServerProxy (RaftServerProxy.java:lambda$close$4(314)) - 0f4aa411-f22d-408f-a3ae-026c0e4d845c: close
2019-09-10 13:20:27,986 [ForkJoinPool.commonPool-worker-0] INFO  impl.RaftServerImpl (RaftServerImpl.java:lambda$shutdown$3(251)) - 0f4aa411-f22d-408f-a3ae-026c0e4d845c@group-27B6EA3D8BBD: shutdown
2019-09-10 13:20:27,986 [ForkJoinPool.commonPool-worker-0] INFO  util.JmxRegister (JmxRegister.java:unregister(73)) - Successfully un-registered JMX Bean with object name Ratis:service=RaftServer,group=group-27B6EA3D8BBD,id=0f4aa411-f22d-408f-a3ae-026c0e4d845c
2019-09-10 13:20:27,986 [ForkJoinPool.commonPool-worker-0] INFO  impl.RoleInfo (RoleInfo.java:shutdownLeaderState(104)) - 0f4aa411-f22d-408f-a3ae-026c0e4d845c: shutdown LeaderState
2019-09-10 13:20:27,986 [ForkJoinPool.commonPool-worker-0] INFO  impl.PendingRequests (PendingRequests.java:sendNotLeaderResponses(202)) - 0f4aa411-f22d-408f-a3ae-026c0e4d845c-PendingRequests: sendNotLeaderResponses
2019-09-10 13:20:27,986 [ForkJoinPool.commonPool-worker-0] INFO  impl.StateMachineUpdater (StateMachineUpdater.java:stopAndJoin(125)) - 0f4aa411-f22d-408f-a3ae-026c0e4d845c@group-27B6EA3D8BBD-StateMachineUpdater: set stopIndex = 0
2019-09-10 13:20:27,987 [ForkJoinPool.commonPool-worker-0] INFO  impl.RaftServerImpl (ServerState.java:close(385)) - 0f4aa411-f22d-408f-a3ae-026c0e4d845c@group-27B6EA3D8BBD: closes. applyIndex: 0
2019-09-10 13:20:27,987 [0f4aa411-f22d-408f-a3ae-026c0e4d845c@group-27B6EA3D8BBD-SegmentedRaftLogWorker] INFO  segmented.SegmentedRaftLogWorker (SegmentedRaftLogWorker.java:run(313)) - 0f4aa411-f22d-408f-a3ae-026c0e4d845c@group-27B6EA3D8BBD-SegmentedRaftLogWorker was interrupted, exiting. There are 0 tasks remaining in the queue.
2019-09-10 13:20:27,989 [ForkJoinPool.commonPool-worker-0] INFO  segmented.SegmentedRaftLogWorker (SegmentedRaftLogWorker.java:close(228)) - 0f4aa411-f22d-408f-a3ae-026c0e4d845c@group-27B6EA3D8BBD-SegmentedRaftLogWorker close()
2019-09-10 13:20:27,993 [ForkJoinPool.commonPool-worker-0] INFO  impl.RaftServerImpl (RaftServerImpl.java:lambda$shutdown$3(251)) - 0f4aa411-f22d-408f-a3ae-026c0e4d845c@group-447053F58748: shutdown
2019-09-10 13:20:27,993 [ForkJoinPool.commonPool-worker-0] INFO  util.JmxRegister (JmxRegister.java:unregister(73)) - Successfully un-registered JMX Bean with object name Ratis:service=RaftServer,group=group-447053F58748,id=0f4aa411-f22d-408f-a3ae-026c0e4d845c
2019-09-10 13:20:27,993 [ForkJoinPool.commonPool-worker-0] INFO  impl.RoleInfo (RoleInfo.java:shutdownLeaderState(104)) - 0f4aa411-f22d-408f-a3ae-026c0e4d845c: shutdown LeaderState
2019-09-10 13:20:27,997 [ForkJoinPool.commonPool-worker-0] INFO  impl.PendingRequests (PendingRequests.java:sendNotLeaderResponses(202)) - 0f4aa411-f22d-408f-a3ae-026c0e4d845c-PendingRequests: sendNotLeaderResponses
2019-09-10 13:20:27,997 [org.apache.ratis.server.impl.LogAppender$AppenderDaemon$$Lambda$506/756286561@63ed816a] WARN  server.GrpcLogAppender (GrpcLogAppender.java:mayWait(143)) - 0f4aa411-f22d-408f-a3ae-026c0e4d845c@group-447053F58748->82b87940-075a-4240-9714-83f9b1f11359-GrpcLogAppender: Wait interrupted by java.lang.InterruptedException
2019-09-10 13:20:27,997 [org.apache.ratis.server.impl.LogAppender$AppenderDaemon$$Lambda$506/756286561@74e8e7cc] WARN  server.GrpcLogAppender (GrpcLogAppender.java:mayWait(143)) - 0f4aa411-f22d-408f-a3ae-026c0e4d845c@group-447053F58748->e5557321-17be-433a-8d96-d7d186384118-GrpcLogAppender: Wait interrupted by java.lang.InterruptedException
2019-09-10 13:20:28,000 [ForkJoinPool.commonPool-worker-0] INFO  impl.StateMachineUpdater (StateMachineUpdater.java:stopAndJoin(125)) - 0f4aa411-f22d-408f-a3ae-026c0e4d845c@group-447053F58748-StateMachineUpdater: set stopIndex = 16
2019-09-10 13:20:28,000 [0f4aa411-f22d-408f-a3ae-026c0e4d845c@group-447053F58748-StateMachineUpdater] INFO  ratis.ContainerStateMachine (ContainerStateMachine.java:takeSnapshot(289)) - group-447053F58748: Taking a snapshot at:(t:2, i:14) file /workdir/hadoop-ozone/integration-test/target/test-dir/MiniOzoneClusterImpl-bbba21db-ec34-461e-a1c1-b53f0753d0be/datanode-3/data/ratis/82764ad5-c52e-41ab-bff6-447053f58748/sm/snapshot.2_14
2019-09-10 13:20:28,025 [0f4aa411-f22d-408f-a3ae-026c0e4d845c@group-447053F58748-StateMachineUpdater] INFO  ratis.ContainerStateMachine (ContainerStateMachine.java:takeSnapshot(300)) - group-447053F58748: Finished taking a snapshot at:(t:2, i:14) file:/workdir/hadoop-ozone/integration-test/target/test-dir/MiniOzoneClusterImpl-bbba21db-ec34-461e-a1c1-b53f0753d0be/datanode-3/data/ratis/82764ad5-c52e-41ab-bff6-447053f58748/sm/snapshot.2_14 time:25
2019-09-10 13:20:28,026 [0f4aa411-f22d-408f-a3ae-026c0e4d845c@group-447053F58748-StateMachineUpdater] INFO  impl.StateMachineUpdater (StateMachineUpdater.java:takeSnapshot(258)) - 0f4aa411-f22d-408f-a3ae-026c0e4d845c@group-447053F58748-StateMachineUpdater: Took a snapshot at index 14
2019-09-10 13:20:28,026 [0f4aa411-f22d-408f-a3ae-026c0e4d845c@group-447053F58748-StateMachineUpdater] INFO  impl.StateMachineUpdater (StateMachineUpdater.java:lambda$new$0(83)) - 0f4aa411-f22d-408f-a3ae-026c0e4d845c@group-447053F58748-StateMachineUpdater: snapshotIndex: updateIncreasingly -1 -> 14
2019-09-10 13:20:28,026 [0f4aa411-f22d-408f-a3ae-026c0e4d845c@group-447053F58748-StateMachineUpdater] INFO  ratis.ContainerStateMachine (ContainerStateMachine.java:takeSnapshot(289)) - group-447053F58748: Taking a snapshot at:(t:2, i:14) file /workdir/hadoop-ozone/integration-test/target/test-dir/MiniOzoneClusterImpl-bbba21db-ec34-461e-a1c1-b53f0753d0be/datanode-3/data/ratis/82764ad5-c52e-41ab-bff6-447053f58748/sm/snapshot.2_14
2019-09-10 13:20:28,038 [0f4aa411-f22d-408f-a3ae-026c0e4d845c@group-447053F58748-StateMachineUpdater] INFO  ratis.ContainerStateMachine (ContainerStateMachine.java:takeSnapshot(300)) - group-447053F58748: Finished taking a snapshot at:(t:2, i:14) file:/workdir/hadoop-ozone/integration-test/target/test-dir/MiniOzoneClusterImpl-bbba21db-ec34-461e-a1c1-b53f0753d0be/datanode-3/data/ratis/82764ad5-c52e-41ab-bff6-447053f58748/sm/snapshot.2_14 time:13
2019-09-10 13:20:28,039 [0f4aa411-f22d-408f-a3ae-026c0e4d845c@group-447053F58748-StateMachineUpdater] INFO  impl.StateMachineUpdater (StateMachineUpdater.java:takeSnapshot(258)) - 0f4aa411-f22d-408f-a3ae-026c0e4d845c@group-447053F58748-StateMachineUpdater: Took a snapshot at index 14
2019-09-10 13:20:28,039 [0f4aa411-f22d-408f-a3ae-026c0e4d845c@group-447053F58748-StateMachineUpdater] INFO  impl.StateMachineUpdater (StateMachineUpdater.java:lambda$new$0(83)) - 0f4aa411-f22d-408f-a3ae-026c0e4d845c@group-447053F58748-StateMachineUpdater: snapshotIndex: updateIncreasingly 14 -> 14
2019-09-10 13:20:28,039 [ForkJoinPool.commonPool-worker-0] INFO  impl.RaftServerImpl (ServerState.java:close(385)) - 0f4aa411-f22d-408f-a3ae-026c0e4d845c@group-447053F58748: closes. applyIndex: 16
2019-09-10 13:20:28,042 [0f4aa411-f22d-408f-a3ae-026c0e4d845c@group-447053F58748-SegmentedRaftLogWorker] ERROR ratis.XceiverServerRatis (XceiverServerRatis.java:triggerPipelineClose(568)) - pipeline Action CLOSE  on pipeline PipelineID=82764ad5-c52e-41ab-bff6-447053f58748.Reason : WriteLog:19: (t:2, i:19), STATEMACHINELOGENTRY, client-7A030D982070, cid=39-writeStateMachineData interrupted.
2019-09-10 13:20:28,062 [ForkJoinPool.commonPool-worker-0] INFO  segmented.SegmentedRaftLogWorker (SegmentedRaftLogWorker.java:close(228)) - 0f4aa411-f22d-408f-a3ae-026c0e4d845c@group-447053F58748-SegmentedRaftLogWorker close()
2019-09-10 13:20:28,064 [ForkJoinPool.commonPool-worker-0] INFO  server.GrpcService (GrpcService.java:closeImpl(164)) - 0f4aa411-f22d-408f-a3ae-026c0e4d845c: shutdown server with port 36087 now
2019-09-10 13:20:28,064 [ForkJoinPool.commonPool-worker-0] INFO  server.GrpcService (GrpcService.java:closeImpl(172)) - 0f4aa411-f22d-408f-a3ae-026c0e4d845c: shutdown server with port 36087 successfully
2019-09-10 13:20:28,073 [refreshUsed-/workdir/hadoop-ozone/integration-test/target/test-dir/MiniOzoneClusterImpl-bbba21db-ec34-461e-a1c1-b53f0753d0be/datanode-3/data/containers] WARN  fs.CachingGetSpaceUsed (CachingGetSpaceUsed.java:run(183)) - Thread Interrupted waiting to refresh disk information: sleep interrupted
2019-09-10 13:20:28,092 [ForkJoinPool.commonPool-worker-0] INFO  utils.BackgroundService (BackgroundService.java:shutdown(148)) - Shutting down service BlockDeletingService
2019-09-10 13:20:28,098 [ForkJoinPool.commonPool-worker-0] INFO  statemachine.DatanodeStateMachine (DatanodeStateMachine.java:stopDaemon(395)) - Ozone container server stopped.
2019-09-10 13:20:28,115 [ForkJoinPool.commonPool-worker-0] INFO  handler.ContextHandler (ContextHandler.java:doStop(910)) - Stopped o.e.j.w.WebAppContext@7d44a19{/,null,UNAVAILABLE}{/hddsDatanode}
2019-09-10 13:20:28,116 [ForkJoinPool.commonPool-worker-0] INFO  server.AbstractConnector (AbstractConnector.java:doStop(318)) - Stopped ServerConnector@1fb2d5e{HTTP/1.1,[http/1.1]}{0.0.0.0:0}
2019-09-10 13:20:28,118 [ForkJoinPool.commonPool-worker-0] INFO  handler.ContextHandler (ContextHandler.java:doStop(910)) - Stopped o.e.j.s.ServletContextHandler@53b7ce6{/static,jar:file:/home/user/.m2/repository/org/apache/hadoop/hadoop-hdds-container-service/0.5.0-SNAPSHOT/hadoop-hdds-container-service-0.5.0-SNAPSHOT.jar!/webapps/static,UNAVAILABLE}
2019-09-10 13:20:28,120 [ForkJoinPool.commonPool-worker-0] INFO  handler.ContextHandler (ContextHandler.java:doStop(910)) - Stopped o.e.j.s.ServletContextHandler@74ecacc3{/logs,file:///workdir/hadoop-ozone/integration-test/target/log,UNAVAILABLE}
2019-09-10 13:20:28,355 [Datanode State Machine Thread - 0] INFO  statemachine.DatanodeStateMachine (DatanodeStateMachine.java:lambda$startDaemon$0(350)) - Ozone container server started.
2019-09-10 13:20:28,411 [Datanode State Machine Thread - 0] INFO  statemachine.DatanodeStateMachine (DatanodeStateMachine.java:lambda$startDaemon$0(350)) - Ozone container server started.
2019-09-10 13:20:28,419 [java.util.concurrent.ThreadPoolExecutor$Worker@2bd31529[State = -1, empty queue]] WARN  server.GrpcLogAppender (GrpcLogAppender.java:timeoutAppendRequest(200)) - 77c590a9-0e60-42d8-bbf8-e31004d5a9e8@group-5DD09A43E0EE->05e9b83b-b6ec-4168-9e18-fac302cf5421-GrpcLogAppender: appendEntries Timeout, request=77c590a9-0e60-42d8-bbf8-e31004d5a9e8->05e9b83b-b6ec-4168-9e18-fac302cf5421#169-t2, previous=(t:2, i:19), leaderCommit=15, initializing? false, entries: <empty>
2019-09-10 13:20:28,419 [java.util.concurrent.ThreadPoolExecutor$Worker@33ee767[State = -1, empty queue]] WARN  server.GrpcLogAppender (GrpcLogAppender.java:timeoutAppendRequest(200)) - af983c11-9397-41ec-9bfb-0705919241eb@group-DD7833F53F4E->fa25b701-8575-4c87-a8ca-f6672565109a-GrpcLogAppender: appendEntries Timeout, request=af983c11-9397-41ec-9bfb-0705919241eb->fa25b701-8575-4c87-a8ca-f6672565109a#183-t2, previous=(t:2, i:35), leaderCommit=31, initializing? false, entries: <empty>
2019-09-10 13:20:28,426 [grpc-default-executor-0] WARN  server.GrpcLogAppender (LogUtils.java:warn(134)) - af983c11-9397-41ec-9bfb-0705919241eb@group-DD7833F53F4E->c9bddf00-2197-4e52-a76a-1743bb04b5e3-AppendLogResponseHandler: Failed appendEntries: org.apache.ratis.thirdparty.io.grpc.StatusRuntimeException: UNAVAILABLE: io exception
2019-09-10 13:20:28,426 [grpc-default-executor-0] INFO  impl.FollowerInfo (FollowerInfo.java:lambda$new$0(51)) - af983c11-9397-41ec-9bfb-0705919241eb@group-DD7833F53F4E->c9bddf00-2197-4e52-a76a-1743bb04b5e3: nextIndex: updateUnconditionally 31 -> 30
2019-09-10 13:20:28,432 [grpc-default-executor-5] WARN  server.GrpcLogAppender (LogUtils.java:warn(134)) - 77c590a9-0e60-42d8-bbf8-e31004d5a9e8@group-5DD09A43E0EE->598fdd25-f3b3-418d-bbd3-bcbfa35279b9-AppendLogResponseHandler: Failed appendEntries: org.apache.ratis.thirdparty.io.grpc.StatusRuntimeException: UNAVAILABLE: io exception
2019-09-10 13:20:28,433 [grpc-default-executor-5] INFO  impl.FollowerInfo (FollowerInfo.java:lambda$new$0(51)) - 77c590a9-0e60-42d8-bbf8-e31004d5a9e8@group-5DD09A43E0EE->598fdd25-f3b3-418d-bbd3-bcbfa35279b9: nextIndex: updateUnconditionally 5 -> 4
2019-09-10 13:20:28,919 [java.util.concurrent.ThreadPoolExecutor$Worker@2bd31529[State = -1, empty queue]] WARN  server.GrpcLogAppender (GrpcLogAppender.java:timeoutAppendRequest(200)) - 77c590a9-0e60-42d8-bbf8-e31004d5a9e8@group-5DD09A43E0EE->05e9b83b-b6ec-4168-9e18-fac302cf5421-GrpcLogAppender: appendEntries Timeout, request=77c590a9-0e60-42d8-bbf8-e31004d5a9e8->05e9b83b-b6ec-4168-9e18-fac302cf5421#170-t2, previous=(t:2, i:19), leaderCommit=15, initializing? false, entries: <empty>
2019-09-10 13:20:28,919 [java.util.concurrent.ThreadPoolExecutor$Worker@33ee767[State = -1, empty queue]] WARN  server.GrpcLogAppender (GrpcLogAppender.java:timeoutAppendRequest(200)) - af983c11-9397-41ec-9bfb-0705919241eb@group-DD7833F53F4E->fa25b701-8575-4c87-a8ca-f6672565109a-GrpcLogAppender: appendEntries Timeout, request=af983c11-9397-41ec-9bfb-0705919241eb->fa25b701-8575-4c87-a8ca-f6672565109a#184-t2, previous=(t:2, i:35), leaderCommit=31, initializing? false, entries: <empty>
2019-09-10 13:20:28,925 [grpc-default-executor-0] WARN  server.GrpcLogAppender (LogUtils.java:warn(134)) - af983c11-9397-41ec-9bfb-0705919241eb@group-DD7833F53F4E->c9bddf00-2197-4e52-a76a-1743bb04b5e3-AppendLogResponseHandler: Failed appendEntries: org.apache.ratis.thirdparty.io.grpc.StatusRuntimeException: UNAVAILABLE: io exception
2019-09-10 13:20:28,926 [grpc-default-executor-0] INFO  impl.FollowerInfo (FollowerInfo.java:lambda$new$0(51)) - af983c11-9397-41ec-9bfb-0705919241eb@group-DD7833F53F4E->c9bddf00-2197-4e52-a76a-1743bb04b5e3: nextIndex: updateUnconditionally 30 -> 29
2019-09-10 13:20:28,933 [grpc-default-executor-5] WARN  server.GrpcLogAppender (LogUtils.java:warn(134)) - 77c590a9-0e60-42d8-bbf8-e31004d5a9e8@group-5DD09A43E0EE->598fdd25-f3b3-418d-bbd3-bcbfa35279b9-AppendLogResponseHandler: Failed appendEntries: org.apache.ratis.thirdparty.io.grpc.StatusRuntimeException: UNAVAILABLE: io exception
2019-09-10 13:20:28,933 [grpc-default-executor-5] INFO  impl.FollowerInfo (FollowerInfo.java:lambda$new$0(51)) - 77c590a9-0e60-42d8-bbf8-e31004d5a9e8@group-5DD09A43E0EE->598fdd25-f3b3-418d-bbd3-bcbfa35279b9: nextIndex: updateUnconditionally 4 -> 3
2019-09-10 13:20:29,222 [af983c11-9397-41ec-9bfb-0705919241eb@group-DD7833F53F4E-SegmentedRaftLogWorker] WARN  segmented.SegmentedRaftLogWorker (SegmentedRaftLogWorker.java:getFromFuture(90)) - Timeout 2/~
org.apache.ratis.protocol.TimeoutIOException: Timeout 10s: WriteLog:32: (t:2, i:32), STATEMACHINELOGENTRY, client-7AEE289B780F, cid=64-writeStateMachineData
	at org.apache.ratis.util.IOUtils.getFromFuture(IOUtils.java:87)
	at org.apache.ratis.server.raftlog.segmented.SegmentedRaftLogWorker$StateMachineDataPolicy.getFromFuture(SegmentedRaftLogWorker.java:87)
	at org.apache.ratis.server.raftlog.segmented.SegmentedRaftLogWorker$WriteLog.execute(SegmentedRaftLogWorker.java:477)
	at org.apache.ratis.server.raftlog.segmented.SegmentedRaftLogWorker.run(SegmentedRaftLogWorker.java:289)
	at java.lang.Thread.run(Thread.java:748)
Caused by: java.util.concurrent.TimeoutException
	at java.util.concurrent.CompletableFuture.timedGet(CompletableFuture.java:1771)
	at java.util.concurrent.CompletableFuture.get(CompletableFuture.java:1915)
	at org.apache.ratis.util.IOUtils.getFromFuture(IOUtils.java:79)
	... 4 more
2019-09-10 13:20:29,225 [fa25b701-8575-4c87-a8ca-f6672565109a@group-DD7833F53F4E-SegmentedRaftLogWorker] WARN  segmented.SegmentedRaftLogWorker (SegmentedRaftLogWorker.java:getFromFuture(90)) - Timeout 2/~
org.apache.ratis.protocol.TimeoutIOException: Timeout 10s: WriteLog:32: (t:2, i:32), STATEMACHINELOGENTRY, client-7AEE289B780F, cid=64-writeStateMachineData
	at org.apache.ratis.util.IOUtils.getFromFuture(IOUtils.java:87)
	at org.apache.ratis.server.raftlog.segmented.SegmentedRaftLogWorker$StateMachineDataPolicy.getFromFuture(SegmentedRaftLogWorker.java:87)
	at org.apache.ratis.server.raftlog.segmented.SegmentedRaftLogWorker$WriteLog.execute(SegmentedRaftLogWorker.java:477)
	at org.apache.ratis.server.raftlog.segmented.SegmentedRaftLogWorker.run(SegmentedRaftLogWorker.java:289)
	at java.lang.Thread.run(Thread.java:748)
Caused by: java.util.concurrent.TimeoutException
	at java.util.concurrent.CompletableFuture.timedGet(CompletableFuture.java:1771)
	at java.util.concurrent.CompletableFuture.get(CompletableFuture.java:1915)
	at org.apache.ratis.util.IOUtils.getFromFuture(IOUtils.java:79)
	... 4 more
2019-09-10 13:20:29,419 [java.util.concurrent.ThreadPoolExecutor$Worker@2bd31529[State = -1, empty queue]] WARN  server.GrpcLogAppender (GrpcLogAppender.java:timeoutAppendRequest(200)) - 77c590a9-0e60-42d8-bbf8-e31004d5a9e8@group-5DD09A43E0EE->05e9b83b-b6ec-4168-9e18-fac302cf5421-GrpcLogAppender: appendEntries Timeout, request=77c590a9-0e60-42d8-bbf8-e31004d5a9e8->05e9b83b-b6ec-4168-9e18-fac302cf5421#171-t2, previous=(t:2, i:19), leaderCommit=15, initializing? false, entries: <empty>
2019-09-10 13:20:29,420 [java.util.concurrent.ThreadPoolExecutor$Worker@33ee767[State = -1, empty queue]] WARN  server.GrpcLogAppender (GrpcLogAppender.java:timeoutAppendRequest(200)) - af983c11-9397-41ec-9bfb-0705919241eb@group-DD7833F53F4E->fa25b701-8575-4c87-a8ca-f6672565109a-GrpcLogAppender: appendEntries Timeout, request=af983c11-9397-41ec-9bfb-0705919241eb->fa25b701-8575-4c87-a8ca-f6672565109a#185-t2, previous=(t:2, i:35), leaderCommit=31, initializing? false, entries: <empty>
2019-09-10 13:20:29,426 [grpc-default-executor-4] WARN  server.GrpcLogAppender (LogUtils.java:warn(134)) - af983c11-9397-41ec-9bfb-0705919241eb@group-DD7833F53F4E->c9bddf00-2197-4e52-a76a-1743bb04b5e3-AppendLogResponseHandler: Failed appendEntries: org.apache.ratis.thirdparty.io.grpc.StatusRuntimeException: UNAVAILABLE: io exception
2019-09-10 13:20:29,427 [grpc-default-executor-4] INFO  impl.FollowerInfo (FollowerInfo.java:lambda$new$0(51)) - af983c11-9397-41ec-9bfb-0705919241eb@group-DD7833F53F4E->c9bddf00-2197-4e52-a76a-1743bb04b5e3: nextIndex: updateUnconditionally 29 -> 28
2019-09-10 13:20:29,433 [grpc-default-executor-5] WARN  server.GrpcLogAppender (LogUtils.java:warn(134)) - 77c590a9-0e60-42d8-bbf8-e31004d5a9e8@group-5DD09A43E0EE->598fdd25-f3b3-418d-bbd3-bcbfa35279b9-AppendLogResponseHandler: Failed appendEntries: org.apache.ratis.thirdparty.io.grpc.StatusRuntimeException: UNAVAILABLE: io exception
2019-09-10 13:20:29,433 [grpc-default-executor-5] INFO  impl.FollowerInfo (FollowerInfo.java:lambda$new$0(51)) - 77c590a9-0e60-42d8-bbf8-e31004d5a9e8@group-5DD09A43E0EE->598fdd25-f3b3-418d-bbd3-bcbfa35279b9: nextIndex: updateUnconditionally 3 -> 2
2019-09-10 13:20:29,920 [java.util.concurrent.ThreadPoolExecutor$Worker@33ee767[State = -1, empty queue]] WARN  server.GrpcLogAppender (GrpcLogAppender.java:timeoutAppendRequest(200)) - af983c11-9397-41ec-9bfb-0705919241eb@group-DD7833F53F4E->fa25b701-8575-4c87-a8ca-f6672565109a-GrpcLogAppender: appendEntries Timeout, request=af983c11-9397-41ec-9bfb-0705919241eb->fa25b701-8575-4c87-a8ca-f6672565109a#186-t2, previous=(t:2, i:35), leaderCommit=31, initializing? false, entries: <empty>
2019-09-10 13:20:29,920 [java.util.concurrent.ThreadPoolExecutor$Worker@2bd31529[State = -1, empty queue]] WARN  server.GrpcLogAppender (GrpcLogAppender.java:timeoutAppendRequest(200)) - 77c590a9-0e60-42d8-bbf8-e31004d5a9e8@group-5DD09A43E0EE->05e9b83b-b6ec-4168-9e18-fac302cf5421-GrpcLogAppender: appendEntries Timeout, request=77c590a9-0e60-42d8-bbf8-e31004d5a9e8->05e9b83b-b6ec-4168-9e18-fac302cf5421#172-t2, previous=(t:2, i:19), leaderCommit=15, initializing? false, entries: <empty>
2019-09-10 13:20:29,928 [grpc-default-executor-4] WARN  server.GrpcLogAppender (LogUtils.java:warn(134)) - af983c11-9397-41ec-9bfb-0705919241eb@group-DD7833F53F4E->c9bddf00-2197-4e52-a76a-1743bb04b5e3-AppendLogResponseHandler: Failed appendEntries: org.apache.ratis.thirdparty.io.grpc.StatusRuntimeException: UNAVAILABLE: io exception
2019-09-10 13:20:29,929 [grpc-default-executor-4] INFO  impl.FollowerInfo (FollowerInfo.java:lambda$new$0(51)) - af983c11-9397-41ec-9bfb-0705919241eb@group-DD7833F53F4E->c9bddf00-2197-4e52-a76a-1743bb04b5e3: nextIndex: updateUnconditionally 28 -> 27
2019-09-10 13:20:29,934 [grpc-default-executor-0] WARN  server.GrpcLogAppender (LogUtils.java:warn(134)) - 77c590a9-0e60-42d8-bbf8-e31004d5a9e8@group-5DD09A43E0EE->598fdd25-f3b3-418d-bbd3-bcbfa35279b9-AppendLogResponseHandler: Failed appendEntries: org.apache.ratis.thirdparty.io.grpc.StatusRuntimeException: UNAVAILABLE: io exception
2019-09-10 13:20:29,934 [grpc-default-executor-0] INFO  impl.FollowerInfo (FollowerInfo.java:lambda$new$0(51)) - 77c590a9-0e60-42d8-bbf8-e31004d5a9e8@group-5DD09A43E0EE->598fdd25-f3b3-418d-bbd3-bcbfa35279b9: nextIndex: updateUnconditionally 2 -> 1
2019-09-10 13:20:30,421 [java.util.concurrent.ThreadPoolExecutor$Worker@2bd31529[State = -1, empty queue]] WARN  server.GrpcLogAppender (GrpcLogAppender.java:timeoutAppendRequest(200)) - 77c590a9-0e60-42d8-bbf8-e31004d5a9e8@group-5DD09A43E0EE->05e9b83b-b6ec-4168-9e18-fac302cf5421-GrpcLogAppender: appendEntries Timeout, request=77c590a9-0e60-42d8-bbf8-e31004d5a9e8->05e9b83b-b6ec-4168-9e18-fac302cf5421#173-t2, previous=(t:2, i:19), leaderCommit=15, initializing? false, entries: <empty>
2019-09-10 13:20:30,421 [java.util.concurrent.ThreadPoolExecutor$Worker@33ee767[State = -1, empty queue]] WARN  server.GrpcLogAppender (GrpcLogAppender.java:timeoutAppendRequest(200)) - af983c11-9397-41ec-9bfb-0705919241eb@group-DD7833F53F4E->fa25b701-8575-4c87-a8ca-f6672565109a-GrpcLogAppender: appendEntries Timeout, request=af983c11-9397-41ec-9bfb-0705919241eb->fa25b701-8575-4c87-a8ca-f6672565109a#187-t2, previous=(t:2, i:35), leaderCommit=31, initializing? false, entries: <empty>
2019-09-10 13:20:30,429 [grpc-default-executor-5] WARN  server.GrpcLogAppender (LogUtils.java:warn(134)) - af983c11-9397-41ec-9bfb-0705919241eb@group-DD7833F53F4E->c9bddf00-2197-4e52-a76a-1743bb04b5e3-AppendLogResponseHandler: Failed appendEntries: org.apache.ratis.thirdparty.io.grpc.StatusRuntimeException: UNAVAILABLE: io exception
2019-09-10 13:20:30,429 [grpc-default-executor-5] INFO  impl.FollowerInfo (FollowerInfo.java:lambda$new$0(51)) - af983c11-9397-41ec-9bfb-0705919241eb@group-DD7833F53F4E->c9bddf00-2197-4e52-a76a-1743bb04b5e3: nextIndex: updateUnconditionally 27 -> 26
2019-09-10 13:20:30,435 [grpc-default-executor-4] WARN  server.GrpcLogAppender (LogUtils.java:warn(134)) - 77c590a9-0e60-42d8-bbf8-e31004d5a9e8@group-5DD09A43E0EE->598fdd25-f3b3-418d-bbd3-bcbfa35279b9-AppendLogResponseHandler: Failed appendEntries: org.apache.ratis.thirdparty.io.grpc.StatusRuntimeException: UNAVAILABLE: io exception
2019-09-10 13:20:30,435 [grpc-default-executor-4] INFO  impl.FollowerInfo (FollowerInfo.java:lambda$new$0(51)) - 77c590a9-0e60-42d8-bbf8-e31004d5a9e8@group-5DD09A43E0EE->598fdd25-f3b3-418d-bbd3-bcbfa35279b9: nextIndex: updateUnconditionally 1 -> 0
2019-09-10 13:20:30,921 [java.util.concurrent.ThreadPoolExecutor$Worker@33ee767[State = -1, empty queue]] WARN  server.GrpcLogAppender (GrpcLogAppender.java:timeoutAppendRequest(200)) - af983c11-9397-41ec-9bfb-0705919241eb@group-DD7833F53F4E->fa25b701-8575-4c87-a8ca-f6672565109a-GrpcLogAppender: appendEntries Timeout, request=af983c11-9397-41ec-9bfb-0705919241eb->fa25b701-8575-4c87-a8ca-f6672565109a#188-t2, previous=(t:2, i:35), leaderCommit=31, initializing? false, entries: <empty>
2019-09-10 13:20:30,921 [java.util.concurrent.ThreadPoolExecutor$Worker@2bd31529[State = -1, empty queue]] WARN  server.GrpcLogAppender (GrpcLogAppender.java:timeoutAppendRequest(200)) - 77c590a9-0e60-42d8-bbf8-e31004d5a9e8@group-5DD09A43E0EE->05e9b83b-b6ec-4168-9e18-fac302cf5421-GrpcLogAppender: appendEntries Timeout, request=77c590a9-0e60-42d8-bbf8-e31004d5a9e8->05e9b83b-b6ec-4168-9e18-fac302cf5421#174-t2, previous=(t:2, i:19), leaderCommit=15, initializing? false, entries: <empty>
2019-09-10 13:20:30,932 [grpc-default-executor-0] WARN  server.GrpcLogAppender (LogUtils.java:warn(134)) - af983c11-9397-41ec-9bfb-0705919241eb@group-DD7833F53F4E->c9bddf00-2197-4e52-a76a-1743bb04b5e3-AppendLogResponseHandler: Failed appendEntries: org.apache.ratis.thirdparty.io.grpc.StatusRuntimeException: UNAVAILABLE: io exception
2019-09-10 13:20:30,932 [grpc-default-executor-0] INFO  impl.FollowerInfo (FollowerInfo.java:lambda$new$0(51)) - af983c11-9397-41ec-9bfb-0705919241eb@group-DD7833F53F4E->c9bddf00-2197-4e52-a76a-1743bb04b5e3: nextIndex: updateUnconditionally 26 -> 25
2019-09-10 13:20:30,935 [grpc-default-executor-4] WARN  server.GrpcLogAppender (LogUtils.java:warn(134)) - 77c590a9-0e60-42d8-bbf8-e31004d5a9e8@group-5DD09A43E0EE->598fdd25-f3b3-418d-bbd3-bcbfa35279b9-AppendLogResponseHandler: Failed appendEntries: org.apache.ratis.thirdparty.io.grpc.StatusRuntimeException: UNAVAILABLE: io exception
2019-09-10 13:20:30,935 [grpc-default-executor-4] INFO  impl.FollowerInfo (FollowerInfo.java:lambda$new$0(51)) - 77c590a9-0e60-42d8-bbf8-e31004d5a9e8@group-5DD09A43E0EE->598fdd25-f3b3-418d-bbd3-bcbfa35279b9: nextIndex: updateUnconditionally 0 -> 0
2019-09-10 13:20:31,422 [java.util.concurrent.ThreadPoolExecutor$Worker@33ee767[State = -1, empty queue]] WARN  server.GrpcLogAppender (GrpcLogAppender.java:timeoutAppendRequest(200)) - af983c11-9397-41ec-9bfb-0705919241eb@group-DD7833F53F4E->fa25b701-8575-4c87-a8ca-f6672565109a-GrpcLogAppender: appendEntries Timeout, request=af983c11-9397-41ec-9bfb-0705919241eb->fa25b701-8575-4c87-a8ca-f6672565109a#189-t2, previous=(t:2, i:35), leaderCommit=31, initializing? false, entries: <empty>
2019-09-10 13:20:31,422 [java.util.concurrent.ThreadPoolExecutor$Worker@2bd31529[State = -1, empty queue]] WARN  server.GrpcLogAppender (GrpcLogAppender.java:timeoutAppendRequest(200)) - 77c590a9-0e60-42d8-bbf8-e31004d5a9e8@group-5DD09A43E0EE->05e9b83b-b6ec-4168-9e18-fac302cf5421-GrpcLogAppender: appendEntries Timeout, request=77c590a9-0e60-42d8-bbf8-e31004d5a9e8->05e9b83b-b6ec-4168-9e18-fac302cf5421#175-t2, previous=(t:2, i:19), leaderCommit=15, initializing? false, entries: <empty>
2019-09-10 13:20:31,431 [grpc-default-executor-4] WARN  server.GrpcLogAppender (LogUtils.java:warn(134)) - af983c11-9397-41ec-9bfb-0705919241eb@group-DD7833F53F4E->c9bddf00-2197-4e52-a76a-1743bb04b5e3-AppendLogResponseHandler: Failed appendEntries: org.apache.ratis.thirdparty.io.grpc.StatusRuntimeException: UNAVAILABLE: io exception
2019-09-10 13:20:31,432 [grpc-default-executor-4] INFO  impl.FollowerInfo (FollowerInfo.java:lambda$new$0(51)) - af983c11-9397-41ec-9bfb-0705919241eb@group-DD7833F53F4E->c9bddf00-2197-4e52-a76a-1743bb04b5e3: nextIndex: updateUnconditionally 25 -> 24
2019-09-10 13:20:31,435 [grpc-default-executor-5] WARN  server.GrpcLogAppender (LogUtils.java:warn(134)) - 77c590a9-0e60-42d8-bbf8-e31004d5a9e8@group-5DD09A43E0EE->598fdd25-f3b3-418d-bbd3-bcbfa35279b9-AppendLogResponseHandler: Failed appendEntries: org.apache.ratis.thirdparty.io.grpc.StatusRuntimeException: UNAVAILABLE: io exception
2019-09-10 13:20:31,436 [grpc-default-executor-5] INFO  impl.FollowerInfo (FollowerInfo.java:lambda$new$0(51)) - 77c590a9-0e60-42d8-bbf8-e31004d5a9e8@group-5DD09A43E0EE->598fdd25-f3b3-418d-bbd3-bcbfa35279b9: nextIndex: updateUnconditionally 0 -> 0
2019-09-10 13:20:31,922 [java.util.concurrent.ThreadPoolExecutor$Worker@33ee767[State = -1, empty queue]] WARN  server.GrpcLogAppender (GrpcLogAppender.java:timeoutAppendRequest(200)) - af983c11-9397-41ec-9bfb-0705919241eb@group-DD7833F53F4E->fa25b701-8575-4c87-a8ca-f6672565109a-GrpcLogAppender: appendEntries Timeout, request=af983c11-9397-41ec-9bfb-0705919241eb->fa25b701-8575-4c87-a8ca-f6672565109a#190-t2, previous=(t:2, i:35), leaderCommit=31, initializing? false, entries: <empty>
2019-09-10 13:20:31,922 [java.util.concurrent.ThreadPoolExecutor$Worker@2bd31529[State = -1, empty queue]] WARN  server.GrpcLogAppender (GrpcLogAppender.java:timeoutAppendRequest(200)) - 77c590a9-0e60-42d8-bbf8-e31004d5a9e8@group-5DD09A43E0EE->05e9b83b-b6ec-4168-9e18-fac302cf5421-GrpcLogAppender: appendEntries Timeout, request=77c590a9-0e60-42d8-bbf8-e31004d5a9e8->05e9b83b-b6ec-4168-9e18-fac302cf5421#176-t2, previous=(t:2, i:19), leaderCommit=15, initializing? false, entries: <empty>
2019-09-10 13:20:31,932 [grpc-default-executor-5] WARN  server.GrpcLogAppender (LogUtils.java:warn(134)) - af983c11-9397-41ec-9bfb-0705919241eb@group-DD7833F53F4E->c9bddf00-2197-4e52-a76a-1743bb04b5e3-AppendLogResponseHandler: Failed appendEntries: org.apache.ratis.thirdparty.io.grpc.StatusRuntimeException: UNAVAILABLE: io exception
2019-09-10 13:20:31,932 [grpc-default-executor-5] INFO  impl.FollowerInfo (FollowerInfo.java:lambda$new$0(51)) - af983c11-9397-41ec-9bfb-0705919241eb@group-DD7833F53F4E->c9bddf00-2197-4e52-a76a-1743bb04b5e3: nextIndex: updateUnconditionally 24 -> 23
2019-09-10 13:20:31,936 [grpc-default-executor-0] WARN  server.GrpcLogAppender (LogUtils.java:warn(134)) - 77c590a9-0e60-42d8-bbf8-e31004d5a9e8@group-5DD09A43E0EE->598fdd25-f3b3-418d-bbd3-bcbfa35279b9-AppendLogResponseHandler: Failed appendEntries: org.apache.ratis.thirdparty.io.grpc.StatusRuntimeException: UNAVAILABLE: io exception
2019-09-10 13:20:31,936 [grpc-default-executor-0] INFO  impl.FollowerInfo (FollowerInfo.java:lambda$new$0(51)) - 77c590a9-0e60-42d8-bbf8-e31004d5a9e8@group-5DD09A43E0EE->598fdd25-f3b3-418d-bbd3-bcbfa35279b9: nextIndex: updateUnconditionally 0 -> 0
2019-09-10 13:20:32,423 [java.util.concurrent.ThreadPoolExecutor$Worker@2bd31529[State = -1, empty queue]] WARN  server.GrpcLogAppender (GrpcLogAppender.java:timeoutAppendRequest(200)) - 77c590a9-0e60-42d8-bbf8-e31004d5a9e8@group-5DD09A43E0EE->05e9b83b-b6ec-4168-9e18-fac302cf5421-GrpcLogAppender: appendEntries Timeout, request=77c590a9-0e60-42d8-bbf8-e31004d5a9e8->05e9b83b-b6ec-4168-9e18-fac302cf5421#177-t2, previous=(t:2, i:19), leaderCommit=15, initializing? false, entries: <empty>
2019-09-10 13:20:32,423 [java.util.concurrent.ThreadPoolExecutor$Worker@33ee767[State = -1, empty queue]] WARN  server.GrpcLogAppender (GrpcLogAppender.java:timeoutAppendRequest(200)) - af983c11-9397-41ec-9bfb-0705919241eb@group-DD7833F53F4E->fa25b701-8575-4c87-a8ca-f6672565109a-GrpcLogAppender: appendEntries Timeout, request=af983c11-9397-41ec-9bfb-0705919241eb->fa25b701-8575-4c87-a8ca-f6672565109a#191-t2, previous=(t:2, i:35), leaderCommit=31, initializing? false, entries: <empty>
2019-09-10 13:20:32,433 [grpc-default-executor-0] WARN  server.GrpcLogAppender (LogUtils.java:warn(134)) - af983c11-9397-41ec-9bfb-0705919241eb@group-DD7833F53F4E->c9bddf00-2197-4e52-a76a-1743bb04b5e3-AppendLogResponseHandler: Failed appendEntries: org.apache.ratis.thirdparty.io.grpc.StatusRuntimeException: UNAVAILABLE: io exception
2019-09-10 13:20:32,434 [grpc-default-executor-0] INFO  impl.FollowerInfo (FollowerInfo.java:lambda$new$0(51)) - af983c11-9397-41ec-9bfb-0705919241eb@group-DD7833F53F4E->c9bddf00-2197-4e52-a76a-1743bb04b5e3: nextIndex: updateUnconditionally 23 -> 22
2019-09-10 13:20:32,437 [grpc-default-executor-4] WARN  server.GrpcLogAppender (LogUtils.java:warn(134)) - 77c590a9-0e60-42d8-bbf8-e31004d5a9e8@group-5DD09A43E0EE->598fdd25-f3b3-418d-bbd3-bcbfa35279b9-AppendLogResponseHandler: Failed appendEntries: org.apache.ratis.thirdparty.io.grpc.StatusRuntimeException: UNAVAILABLE: io exception
2019-09-10 13:20:32,437 [grpc-default-executor-4] INFO  impl.FollowerInfo (FollowerInfo.java:lambda$new$0(51)) - 77c590a9-0e60-42d8-bbf8-e31004d5a9e8@group-5DD09A43E0EE->598fdd25-f3b3-418d-bbd3-bcbfa35279b9: nextIndex: updateUnconditionally 0 -> 0
2019-09-10 13:20:32,852 [main] INFO  ozoneimpl.OzoneContainer (OzoneContainer.java:stop(231)) - Attempting to stop container services.
2019-09-10 13:20:32,854 [main] INFO  impl.RaftServerProxy (RaftServerProxy.java:lambda$close$4(314)) - fa25b701-8575-4c87-a8ca-f6672565109a: close
2019-09-10 13:20:32,855 [main] INFO  impl.RaftServerImpl (RaftServerImpl.java:lambda$shutdown$3(251)) - fa25b701-8575-4c87-a8ca-f6672565109a@group-F60B88CEFD68: shutdown
2019-09-10 13:20:32,855 [main] INFO  util.JmxRegister (JmxRegister.java:unregister(73)) - Successfully un-registered JMX Bean with object name Ratis:service=RaftServer,group=group-F60B88CEFD68,id=fa25b701-8575-4c87-a8ca-f6672565109a
2019-09-10 13:20:32,856 [main] INFO  impl.RoleInfo (RoleInfo.java:shutdownLeaderState(104)) - fa25b701-8575-4c87-a8ca-f6672565109a: shutdown LeaderState
2019-09-10 13:20:32,856 [main] INFO  impl.PendingRequests (PendingRequests.java:sendNotLeaderResponses(202)) - fa25b701-8575-4c87-a8ca-f6672565109a-PendingRequests: sendNotLeaderResponses
2019-09-10 13:20:32,857 [main] INFO  impl.StateMachineUpdater (StateMachineUpdater.java:stopAndJoin(125)) - fa25b701-8575-4c87-a8ca-f6672565109a@group-F60B88CEFD68-StateMachineUpdater: set stopIndex = 0
2019-09-10 13:20:32,858 [main] INFO  impl.RaftServerImpl (ServerState.java:close(385)) - fa25b701-8575-4c87-a8ca-f6672565109a@group-F60B88CEFD68: closes. applyIndex: 0
2019-09-10 13:20:32,859 [fa25b701-8575-4c87-a8ca-f6672565109a@group-F60B88CEFD68-SegmentedRaftLogWorker] INFO  segmented.SegmentedRaftLogWorker (SegmentedRaftLogWorker.java:run(313)) - fa25b701-8575-4c87-a8ca-f6672565109a@group-F60B88CEFD68-SegmentedRaftLogWorker was interrupted, exiting. There are 0 tasks remaining in the queue.
2019-09-10 13:20:32,859 [main] INFO  segmented.SegmentedRaftLogWorker (SegmentedRaftLogWorker.java:close(228)) - fa25b701-8575-4c87-a8ca-f6672565109a@group-F60B88CEFD68-SegmentedRaftLogWorker close()
2019-09-10 13:20:32,865 [main] INFO  impl.RaftServerImpl (RaftServerImpl.java:lambda$shutdown$3(251)) - fa25b701-8575-4c87-a8ca-f6672565109a@group-DD7833F53F4E: shutdown
2019-09-10 13:20:32,866 [main] INFO  util.JmxRegister (JmxRegister.java:unregister(73)) - Successfully un-registered JMX Bean with object name Ratis:service=RaftServer,group=group-DD7833F53F4E,id=fa25b701-8575-4c87-a8ca-f6672565109a
2019-09-10 13:20:32,866 [main] INFO  impl.RoleInfo (RoleInfo.java:shutdownFollowerState(121)) - fa25b701-8575-4c87-a8ca-f6672565109a: shutdown FollowerState
2019-09-10 13:20:32,866 [main] INFO  impl.StateMachineUpdater (StateMachineUpdater.java:stopAndJoin(125)) - fa25b701-8575-4c87-a8ca-f6672565109a@group-DD7833F53F4E-StateMachineUpdater: set stopIndex = 31
2019-09-10 13:20:32,867 [Thread-417] INFO  impl.FollowerState (FollowerState.java:run(115)) - fa25b701-8575-4c87-a8ca-f6672565109a: FollowerState was interrupted: java.lang.InterruptedException: sleep interrupted
2019-09-10 13:20:32,867 [fa25b701-8575-4c87-a8ca-f6672565109a@group-DD7833F53F4E-StateMachineUpdater] INFO  ratis.ContainerStateMachine (ContainerStateMachine.java:takeSnapshot(289)) - group-DD7833F53F4E: Taking a snapshot at:(t:2, i:29) file /workdir/hadoop-ozone/integration-test/target/test-dir/MiniOzoneClusterImpl-bbba21db-ec34-461e-a1c1-b53f0753d0be/datanode-7/data/ratis/96240272-0a0b-4b42-9081-dd7833f53f4e/sm/snapshot.2_29
2019-09-10 13:20:32,891 [fa25b701-8575-4c87-a8ca-f6672565109a@group-DD7833F53F4E-StateMachineUpdater] INFO  ratis.ContainerStateMachine (ContainerStateMachine.java:takeSnapshot(300)) - group-DD7833F53F4E: Finished taking a snapshot at:(t:2, i:29) file:/workdir/hadoop-ozone/integration-test/target/test-dir/MiniOzoneClusterImpl-bbba21db-ec34-461e-a1c1-b53f0753d0be/datanode-7/data/ratis/96240272-0a0b-4b42-9081-dd7833f53f4e/sm/snapshot.2_29 time:24
2019-09-10 13:20:32,891 [fa25b701-8575-4c87-a8ca-f6672565109a@group-DD7833F53F4E-StateMachineUpdater] INFO  impl.StateMachineUpdater (StateMachineUpdater.java:takeSnapshot(258)) - fa25b701-8575-4c87-a8ca-f6672565109a@group-DD7833F53F4E-StateMachineUpdater: Took a snapshot at index 29
2019-09-10 13:20:32,891 [fa25b701-8575-4c87-a8ca-f6672565109a@group-DD7833F53F4E-StateMachineUpdater] INFO  impl.StateMachineUpdater (StateMachineUpdater.java:lambda$new$0(83)) - fa25b701-8575-4c87-a8ca-f6672565109a@group-DD7833F53F4E-StateMachineUpdater: snapshotIndex: updateIncreasingly -1 -> 29
2019-09-10 13:20:32,892 [fa25b701-8575-4c87-a8ca-f6672565109a@group-DD7833F53F4E-StateMachineUpdater] INFO  ratis.ContainerStateMachine (ContainerStateMachine.java:takeSnapshot(289)) - group-DD7833F53F4E: Taking a snapshot at:(t:2, i:29) file /workdir/hadoop-ozone/integration-test/target/test-dir/MiniOzoneClusterImpl-bbba21db-ec34-461e-a1c1-b53f0753d0be/datanode-7/data/ratis/96240272-0a0b-4b42-9081-dd7833f53f4e/sm/snapshot.2_29
2019-09-10 13:20:32,904 [fa25b701-8575-4c87-a8ca-f6672565109a@group-DD7833F53F4E-StateMachineUpdater] INFO  ratis.ContainerStateMachine (ContainerStateMachine.java:takeSnapshot(300)) - group-DD7833F53F4E: Finished taking a snapshot at:(t:2, i:29) file:/workdir/hadoop-ozone/integration-test/target/test-dir/MiniOzoneClusterImpl-bbba21db-ec34-461e-a1c1-b53f0753d0be/datanode-7/data/ratis/96240272-0a0b-4b42-9081-dd7833f53f4e/sm/snapshot.2_29 time:12
2019-09-10 13:20:32,904 [fa25b701-8575-4c87-a8ca-f6672565109a@group-DD7833F53F4E-StateMachineUpdater] INFO  impl.StateMachineUpdater (StateMachineUpdater.java:takeSnapshot(258)) - fa25b701-8575-4c87-a8ca-f6672565109a@group-DD7833F53F4E-StateMachineUpdater: Took a snapshot at index 29
2019-09-10 13:20:32,904 [fa25b701-8575-4c87-a8ca-f6672565109a@group-DD7833F53F4E-StateMachineUpdater] INFO  impl.StateMachineUpdater (StateMachineUpdater.java:lambda$new$0(83)) - fa25b701-8575-4c87-a8ca-f6672565109a@group-DD7833F53F4E-StateMachineUpdater: snapshotIndex: updateIncreasingly 29 -> 29
2019-09-10 13:20:32,904 [main] INFO  impl.RaftServerImpl (ServerState.java:close(385)) - fa25b701-8575-4c87-a8ca-f6672565109a@group-DD7833F53F4E: closes. applyIndex: 31
2019-09-10 13:20:32,907 [fa25b701-8575-4c87-a8ca-f6672565109a@group-DD7833F53F4E-SegmentedRaftLogWorker] ERROR ratis.XceiverServerRatis (XceiverServerRatis.java:triggerPipelineClose(568)) - pipeline Action CLOSE  on pipeline PipelineID=96240272-0a0b-4b42-9081-dd7833f53f4e.Reason : WriteLog:32: (t:2, i:32), STATEMACHINELOGENTRY, client-7AEE289B780F, cid=64-writeStateMachineData interrupted.
2019-09-10 13:20:32,908 [main] INFO  segmented.SegmentedRaftLogWorker (SegmentedRaftLogWorker.java:close(228)) - fa25b701-8575-4c87-a8ca-f6672565109a@group-DD7833F53F4E-SegmentedRaftLogWorker close()
2019-09-10 13:20:32,910 [main] INFO  server.GrpcService (GrpcService.java:closeImpl(164)) - fa25b701-8575-4c87-a8ca-f6672565109a: shutdown server with port 36005 now
2019-09-10 13:20:32,912 [grpc-default-executor-0] WARN  server.GrpcServerProtocolService (LogUtils.java:warn(134)) - fa25b701-8575-4c87-a8ca-f6672565109a: installSnapshot onError, lastRequest: af983c11-9397-41ec-9bfb-0705919241eb->fa25b701-8575-4c87-a8ca-f6672565109a#197-t2, previous=(t:2, i:35), leaderCommit=31, initializing? false, entries: <empty>: org.apache.ratis.thirdparty.io.grpc.StatusRuntimeException: CANCELLED: cancelled before receiving half close
2019-09-10 13:20:32,912 [main] INFO  server.GrpcService (GrpcService.java:closeImpl(172)) - fa25b701-8575-4c87-a8ca-f6672565109a: shutdown server with port 36005 successfully
2019-09-10 13:20:32,912 [grpc-default-executor-4] WARN  server.GrpcLogAppender (LogUtils.java:warn(134)) - af983c11-9397-41ec-9bfb-0705919241eb@group-DD7833F53F4E->fa25b701-8575-4c87-a8ca-f6672565109a-AppendLogResponseHandler: Failed appendEntries: org.apache.ratis.thirdparty.io.grpc.StatusRuntimeException: CANCELLED: HTTP/2 error code: CANCEL
Received Rst Stream
2019-09-10 13:20:32,913 [grpc-default-executor-4] INFO  impl.FollowerInfo (FollowerInfo.java:lambda$new$0(51)) - af983c11-9397-41ec-9bfb-0705919241eb@group-DD7833F53F4E->fa25b701-8575-4c87-a8ca-f6672565109a: nextIndex: updateUnconditionally 36 -> 32
2019-09-10 13:20:32,914 [refreshUsed-/workdir/hadoop-ozone/integration-test/target/test-dir/MiniOzoneClusterImpl-bbba21db-ec34-461e-a1c1-b53f0753d0be/datanode-7/data/containers] WARN  fs.CachingGetSpaceUsed (CachingGetSpaceUsed.java:run(183)) - Thread Interrupted waiting to refresh disk information: sleep interrupted
2019-09-10 13:20:32,923 [java.util.concurrent.ThreadPoolExecutor$Worker@2bd31529[State = -1, empty queue]] WARN  server.GrpcLogAppender (GrpcLogAppender.java:timeoutAppendRequest(200)) - 77c590a9-0e60-42d8-bbf8-e31004d5a9e8@group-5DD09A43E0EE->05e9b83b-b6ec-4168-9e18-fac302cf5421-GrpcLogAppender: appendEntries Timeout, request=77c590a9-0e60-42d8-bbf8-e31004d5a9e8->05e9b83b-b6ec-4168-9e18-fac302cf5421#178-t2, previous=(t:2, i:19), leaderCommit=15, initializing? false, entries: <empty>
2019-09-10 13:20:32,929 [grpc-default-executor-5] WARN  server.GrpcLogAppender (LogUtils.java:warn(134)) - af983c11-9397-41ec-9bfb-0705919241eb@group-DD7833F53F4E->fa25b701-8575-4c87-a8ca-f6672565109a-AppendLogResponseHandler: Failed appendEntries: org.apache.ratis.thirdparty.io.grpc.StatusRuntimeException: UNAVAILABLE: io exception
2019-09-10 13:20:32,930 [grpc-default-executor-5] INFO  impl.FollowerInfo (FollowerInfo.java:lambda$new$0(51)) - af983c11-9397-41ec-9bfb-0705919241eb@group-DD7833F53F4E->fa25b701-8575-4c87-a8ca-f6672565109a: nextIndex: updateUnconditionally 32 -> 31
2019-09-10 13:20:32,941 [grpc-default-executor-0] WARN  server.GrpcLogAppender (LogUtils.java:warn(134)) - 77c590a9-0e60-42d8-bbf8-e31004d5a9e8@group-5DD09A43E0EE->598fdd25-f3b3-418d-bbd3-bcbfa35279b9-AppendLogResponseHandler: Failed appendEntries: org.apache.ratis.thirdparty.io.grpc.StatusRuntimeException: UNAVAILABLE: io exception
2019-09-10 13:20:32,942 [grpc-default-executor-5] WARN  server.GrpcLogAppender (LogUtils.java:warn(134)) - af983c11-9397-41ec-9bfb-0705919241eb@group-DD7833F53F4E->c9bddf00-2197-4e52-a76a-1743bb04b5e3-AppendLogResponseHandler: Failed appendEntries: org.apache.ratis.thirdparty.io.grpc.StatusRuntimeException: UNAVAILABLE: io exception
2019-09-10 13:20:32,942 [grpc-default-executor-0] INFO  impl.FollowerInfo (FollowerInfo.java:lambda$new$0(51)) - 77c590a9-0e60-42d8-bbf8-e31004d5a9e8@group-5DD09A43E0EE->598fdd25-f3b3-418d-bbd3-bcbfa35279b9: nextIndex: updateUnconditionally 0 -> 0
2019-09-10 13:20:32,942 [grpc-default-executor-5] INFO  impl.FollowerInfo (FollowerInfo.java:lambda$new$0(51)) - af983c11-9397-41ec-9bfb-0705919241eb@group-DD7833F53F4E->c9bddf00-2197-4e52-a76a-1743bb04b5e3: nextIndex: updateUnconditionally 22 -> 21
2019-09-10 13:20:32,945 [main] INFO  utils.BackgroundService (BackgroundService.java:shutdown(148)) - Shutting down service BlockDeletingService
2019-09-10 13:20:32,950 [main] INFO  statemachine.DatanodeStateMachine (DatanodeStateMachine.java:stopDaemon(395)) - Ozone container server stopped.
2019-09-10 13:20:32,952 [main] INFO  handler.ContextHandler (ContextHandler.java:doStop(910)) - Stopped o.e.j.w.WebAppContext@663bb8ef{/,null,UNAVAILABLE}{/hddsDatanode}
2019-09-10 13:20:32,953 [main] INFO  server.AbstractConnector (AbstractConnector.java:doStop(318)) - Stopped ServerConnector@2f4e40d7{HTTP/1.1,[http/1.1]}{0.0.0.0:0}
2019-09-10 13:20:32,953 [main] INFO  handler.ContextHandler (ContextHandler.java:doStop(910)) - Stopped o.e.j.s.ServletContextHandler@6cd3ad8a{/static,jar:file:/home/user/.m2/repository/org/apache/hadoop/hadoop-hdds-container-service/0.5.0-SNAPSHOT/hadoop-hdds-container-service-0.5.0-SNAPSHOT.jar!/webapps/static,UNAVAILABLE}
2019-09-10 13:20:32,954 [main] INFO  handler.ContextHandler (ContextHandler.java:doStop(910)) - Stopped o.e.j.s.ServletContextHandler@b9a77c8{/logs,file:///workdir/hadoop-ozone/integration-test/target/log,UNAVAILABLE}
2019-09-10 13:20:33,122 [ForkJoinPool.commonPool-worker-0] INFO  ozoneimpl.OzoneContainer (OzoneContainer.java:stop(231)) - Attempting to stop container services.
2019-09-10 13:20:33,122 [ForkJoinPool.commonPool-worker-0] INFO  impl.RaftServerProxy (RaftServerProxy.java:lambda$close$4(314)) - 05e9b83b-b6ec-4168-9e18-fac302cf5421: close
2019-09-10 13:20:33,122 [ForkJoinPool.commonPool-worker-0] INFO  impl.RaftServerImpl (RaftServerImpl.java:lambda$shutdown$3(251)) - 05e9b83b-b6ec-4168-9e18-fac302cf5421@group-5DD09A43E0EE: shutdown
2019-09-10 13:20:33,122 [ForkJoinPool.commonPool-worker-0] INFO  util.JmxRegister (JmxRegister.java:unregister(73)) - Successfully un-registered JMX Bean with object name Ratis:service=RaftServer,group=group-5DD09A43E0EE,id=05e9b83b-b6ec-4168-9e18-fac302cf5421
2019-09-10 13:20:33,122 [ForkJoinPool.commonPool-worker-0] INFO  impl.RoleInfo (RoleInfo.java:shutdownFollowerState(121)) - 05e9b83b-b6ec-4168-9e18-fac302cf5421: shutdown FollowerState
2019-09-10 13:20:33,123 [ForkJoinPool.commonPool-worker-0] INFO  impl.StateMachineUpdater (StateMachineUpdater.java:stopAndJoin(125)) - 05e9b83b-b6ec-4168-9e18-fac302cf5421@group-5DD09A43E0EE-StateMachineUpdater: set stopIndex = 15
2019-09-10 13:20:33,123 [Thread-408] INFO  impl.FollowerState (FollowerState.java:run(115)) - 05e9b83b-b6ec-4168-9e18-fac302cf5421: FollowerState was interrupted: java.lang.InterruptedException: sleep interrupted
2019-09-10 13:20:33,123 [05e9b83b-b6ec-4168-9e18-fac302cf5421@group-5DD09A43E0EE-StateMachineUpdater] INFO  ratis.ContainerStateMachine (ContainerStateMachine.java:takeSnapshot(289)) - group-5DD09A43E0EE: Taking a snapshot at:(t:2, i:12) file /workdir/hadoop-ozone/integration-test/target/test-dir/MiniOzoneClusterImpl-bbba21db-ec34-461e-a1c1-b53f0753d0be/datanode-4/data/ratis/a1875e11-a122-4470-9655-5dd09a43e0ee/sm/snapshot.2_12
2019-09-10 13:20:33,138 [05e9b83b-b6ec-4168-9e18-fac302cf5421@group-5DD09A43E0EE-StateMachineUpdater] INFO  ratis.ContainerStateMachine (ContainerStateMachine.java:takeSnapshot(300)) - group-5DD09A43E0EE: Finished taking a snapshot at:(t:2, i:12) file:/workdir/hadoop-ozone/integration-test/target/test-dir/MiniOzoneClusterImpl-bbba21db-ec34-461e-a1c1-b53f0753d0be/datanode-4/data/ratis/a1875e11-a122-4470-9655-5dd09a43e0ee/sm/snapshot.2_12 time:16
2019-09-10 13:20:33,138 [05e9b83b-b6ec-4168-9e18-fac302cf5421@group-5DD09A43E0EE-StateMachineUpdater] INFO  impl.StateMachineUpdater (StateMachineUpdater.java:takeSnapshot(258)) - 05e9b83b-b6ec-4168-9e18-fac302cf5421@group-5DD09A43E0EE-StateMachineUpdater: Took a snapshot at index 12
2019-09-10 13:20:33,138 [05e9b83b-b6ec-4168-9e18-fac302cf5421@group-5DD09A43E0EE-StateMachineUpdater] INFO  impl.StateMachineUpdater (StateMachineUpdater.java:lambda$new$0(83)) - 05e9b83b-b6ec-4168-9e18-fac302cf5421@group-5DD09A43E0EE-StateMachineUpdater: snapshotIndex: updateIncreasingly -1 -> 12
2019-09-10 13:20:33,139 [05e9b83b-b6ec-4168-9e18-fac302cf5421@group-5DD09A43E0EE-StateMachineUpdater] INFO  ratis.ContainerStateMachine (ContainerStateMachine.java:takeSnapshot(289)) - group-5DD09A43E0EE: Taking a snapshot at:(t:2, i:12) file /workdir/hadoop-ozone/integration-test/target/test-dir/MiniOzoneClusterImpl-bbba21db-ec34-461e-a1c1-b53f0753d0be/datanode-4/data/ratis/a1875e11-a122-4470-9655-5dd09a43e0ee/sm/snapshot.2_12
2019-09-10 13:20:33,151 [05e9b83b-b6ec-4168-9e18-fac302cf5421@group-5DD09A43E0EE-StateMachineUpdater] INFO  ratis.ContainerStateMachine (ContainerStateMachine.java:takeSnapshot(300)) - group-5DD09A43E0EE: Finished taking a snapshot at:(t:2, i:12) file:/workdir/hadoop-ozone/integration-test/target/test-dir/MiniOzoneClusterImpl-bbba21db-ec34-461e-a1c1-b53f0753d0be/datanode-4/data/ratis/a1875e11-a122-4470-9655-5dd09a43e0ee/sm/snapshot.2_12 time:12
2019-09-10 13:20:33,151 [05e9b83b-b6ec-4168-9e18-fac302cf5421@group-5DD09A43E0EE-StateMachineUpdater] INFO  impl.StateMachineUpdater (StateMachineUpdater.java:takeSnapshot(258)) - 05e9b83b-b6ec-4168-9e18-fac302cf5421@group-5DD09A43E0EE-StateMachineUpdater: Took a snapshot at index 12
2019-09-10 13:20:33,151 [05e9b83b-b6ec-4168-9e18-fac302cf5421@group-5DD09A43E0EE-StateMachineUpdater] INFO  impl.StateMachineUpdater (StateMachineUpdater.java:lambda$new$0(83)) - 05e9b83b-b6ec-4168-9e18-fac302cf5421@group-5DD09A43E0EE-StateMachineUpdater: snapshotIndex: updateIncreasingly 12 -> 12
2019-09-10 13:20:33,152 [ForkJoinPool.commonPool-worker-0] INFO  impl.RaftServerImpl (ServerState.java:close(385)) - 05e9b83b-b6ec-4168-9e18-fac302cf5421@group-5DD09A43E0EE: closes. applyIndex: 15
2019-09-10 13:20:33,154 [05e9b83b-b6ec-4168-9e18-fac302cf5421@group-5DD09A43E0EE-SegmentedRaftLogWorker] ERROR ratis.XceiverServerRatis (XceiverServerRatis.java:triggerPipelineClose(568)) - pipeline Action CLOSE  on pipeline PipelineID=a1875e11-a122-4470-9655-5dd09a43e0ee.Reason : WriteLog:16: (t:2, i:16), STATEMACHINELOGENTRY, client-7BF1329EB290, cid=51-writeStateMachineData interrupted.
2019-09-10 13:20:33,154 [ForkJoinPool.commonPool-worker-0] INFO  segmented.SegmentedRaftLogWorker (SegmentedRaftLogWorker.java:close(228)) - 05e9b83b-b6ec-4168-9e18-fac302cf5421@group-5DD09A43E0EE-SegmentedRaftLogWorker close()
2019-09-10 13:20:33,156 [ForkJoinPool.commonPool-worker-0] INFO  impl.RaftServerImpl (RaftServerImpl.java:lambda$shutdown$3(251)) - 05e9b83b-b6ec-4168-9e18-fac302cf5421@group-C110F6027FBD: shutdown
2019-09-10 13:20:33,156 [ForkJoinPool.commonPool-worker-0] INFO  util.JmxRegister (JmxRegister.java:unregister(73)) - Successfully un-registered JMX Bean with object name Ratis:service=RaftServer,group=group-C110F6027FBD,id=05e9b83b-b6ec-4168-9e18-fac302cf5421
2019-09-10 13:20:33,157 [ForkJoinPool.commonPool-worker-0] INFO  impl.RoleInfo (RoleInfo.java:shutdownLeaderState(104)) - 05e9b83b-b6ec-4168-9e18-fac302cf5421: shutdown LeaderState
2019-09-10 13:20:33,157 [ForkJoinPool.commonPool-worker-0] INFO  impl.PendingRequests (PendingRequests.java:sendNotLeaderResponses(202)) - 05e9b83b-b6ec-4168-9e18-fac302cf5421-PendingRequests: sendNotLeaderResponses
2019-09-10 13:20:33,158 [ForkJoinPool.commonPool-worker-0] INFO  impl.StateMachineUpdater (StateMachineUpdater.java:stopAndJoin(125)) - 05e9b83b-b6ec-4168-9e18-fac302cf5421@group-C110F6027FBD-StateMachineUpdater: set stopIndex = 0
2019-09-10 13:20:33,158 [ForkJoinPool.commonPool-worker-0] INFO  impl.RaftServerImpl (ServerState.java:close(385)) - 05e9b83b-b6ec-4168-9e18-fac302cf5421@group-C110F6027FBD: closes. applyIndex: 0
2019-09-10 13:20:33,158 [05e9b83b-b6ec-4168-9e18-fac302cf5421@group-C110F6027FBD-SegmentedRaftLogWorker] INFO  segmented.SegmentedRaftLogWorker (SegmentedRaftLogWorker.java:run(313)) - 05e9b83b-b6ec-4168-9e18-fac302cf5421@group-C110F6027FBD-SegmentedRaftLogWorker was interrupted, exiting. There are 0 tasks remaining in the queue.
2019-09-10 13:20:33,159 [ForkJoinPool.commonPool-worker-0] INFO  segmented.SegmentedRaftLogWorker (SegmentedRaftLogWorker.java:close(228)) - 05e9b83b-b6ec-4168-9e18-fac302cf5421@group-C110F6027FBD-SegmentedRaftLogWorker close()
2019-09-10 13:20:33,160 [ForkJoinPool.commonPool-worker-0] INFO  server.GrpcService (GrpcService.java:closeImpl(164)) - 05e9b83b-b6ec-4168-9e18-fac302cf5421: shutdown server with port 39992 now
2019-09-10 13:20:33,161 [grpc-default-executor-0] WARN  server.GrpcServerProtocolService (LogUtils.java:warn(134)) - 05e9b83b-b6ec-4168-9e18-fac302cf5421: installSnapshot onError, lastRequest: 77c590a9-0e60-42d8-bbf8-e31004d5a9e8->05e9b83b-b6ec-4168-9e18-fac302cf5421#184-t2, previous=(t:2, i:19), leaderCommit=15, initializing? false, entries: <empty>: org.apache.ratis.thirdparty.io.grpc.StatusRuntimeException: CANCELLED: cancelled before receiving half close
2019-09-10 13:20:33,161 [ForkJoinPool.commonPool-worker-0] INFO  server.GrpcService (GrpcService.java:closeImpl(172)) - 05e9b83b-b6ec-4168-9e18-fac302cf5421: shutdown server with port 39992 successfully
2019-09-10 13:20:33,162 [grpc-default-executor-5] WARN  server.GrpcLogAppender (LogUtils.java:warn(134)) - 77c590a9-0e60-42d8-bbf8-e31004d5a9e8@group-5DD09A43E0EE->05e9b83b-b6ec-4168-9e18-fac302cf5421-AppendLogResponseHandler: Failed appendEntries: org.apache.ratis.thirdparty.io.grpc.StatusRuntimeException: CANCELLED: HTTP/2 error code: CANCEL
Received Rst Stream
2019-09-10 13:20:33,163 [refreshUsed-/workdir/hadoop-ozone/integration-test/target/test-dir/MiniOzoneClusterImpl-bbba21db-ec34-461e-a1c1-b53f0753d0be/datanode-4/data/containers] WARN  fs.CachingGetSpaceUsed (CachingGetSpaceUsed.java:run(183)) - Thread Interrupted waiting to refresh disk information: sleep interrupted
2019-09-10 13:20:33,163 [grpc-default-executor-5] INFO  impl.FollowerInfo (FollowerInfo.java:lambda$new$0(51)) - 77c590a9-0e60-42d8-bbf8-e31004d5a9e8@group-5DD09A43E0EE->05e9b83b-b6ec-4168-9e18-fac302cf5421: nextIndex: updateUnconditionally 20 -> 16
2019-09-10 13:20:33,182 [ForkJoinPool.commonPool-worker-0] INFO  utils.BackgroundService (BackgroundService.java:shutdown(148)) - Shutting down service BlockDeletingService
2019-09-10 13:20:33,186 [ForkJoinPool.commonPool-worker-0] INFO  statemachine.DatanodeStateMachine (DatanodeStateMachine.java:stopDaemon(395)) - Ozone container server stopped.
2019-09-10 13:20:33,190 [ForkJoinPool.commonPool-worker-0] INFO  handler.ContextHandler (ContextHandler.java:doStop(910)) - Stopped o.e.j.w.WebAppContext@38ed139b{/,null,UNAVAILABLE}{/hddsDatanode}
2019-09-10 13:20:33,191 [ForkJoinPool.commonPool-worker-0] INFO  server.AbstractConnector (AbstractConnector.java:doStop(318)) - Stopped ServerConnector@a5272be{HTTP/1.1,[http/1.1]}{0.0.0.0:0}
2019-09-10 13:20:33,192 [ForkJoinPool.commonPool-worker-0] INFO  handler.ContextHandler (ContextHandler.java:doStop(910)) - Stopped o.e.j.s.ServletContextHandler@6c0e13b7{/static,jar:file:/home/user/.m2/repository/org/apache/hadoop/hadoop-hdds-container-service/0.5.0-SNAPSHOT/hadoop-hdds-container-service-0.5.0-SNAPSHOT.jar!/webapps/static,UNAVAILABLE}
2019-09-10 13:20:33,193 [ForkJoinPool.commonPool-worker-0] INFO  handler.ContextHandler (ContextHandler.java:doStop(910)) - Stopped o.e.j.s.ServletContextHandler@77a074b4{/logs,file:///workdir/hadoop-ozone/integration-test/target/log,UNAVAILABLE}
2019-09-10 13:20:33,356 [Datanode State Machine Thread - 0] INFO  statemachine.DatanodeStateMachine (DatanodeStateMachine.java:lambda$startDaemon$0(350)) - Ozone container server started.
2019-09-10 13:20:33,430 [grpc-default-executor-5] WARN  server.GrpcLogAppender (LogUtils.java:warn(134)) - af983c11-9397-41ec-9bfb-0705919241eb@group-DD7833F53F4E->fa25b701-8575-4c87-a8ca-f6672565109a-AppendLogResponseHandler: Failed appendEntries: org.apache.ratis.thirdparty.io.grpc.StatusRuntimeException: UNAVAILABLE: io exception
2019-09-10 13:20:33,430 [grpc-default-executor-2] WARN  server.GrpcLogAppender (LogUtils.java:warn(134)) - 77c590a9-0e60-42d8-bbf8-e31004d5a9e8@group-5DD09A43E0EE->05e9b83b-b6ec-4168-9e18-fac302cf5421-AppendLogResponseHandler: Failed appendEntries: org.apache.ratis.thirdparty.io.grpc.StatusRuntimeException: UNAVAILABLE: io exception
2019-09-10 13:20:33,430 [grpc-default-executor-5] INFO  impl.FollowerInfo (FollowerInfo.java:lambda$new$0(51)) - af983c11-9397-41ec-9bfb-0705919241eb@group-DD7833F53F4E->fa25b701-8575-4c87-a8ca-f6672565109a: nextIndex: updateUnconditionally 31 -> 30
2019-09-10 13:20:33,430 [grpc-default-executor-2] INFO  impl.FollowerInfo (FollowerInfo.java:lambda$new$0(51)) - 77c590a9-0e60-42d8-bbf8-e31004d5a9e8@group-5DD09A43E0EE->05e9b83b-b6ec-4168-9e18-fac302cf5421: nextIndex: updateUnconditionally 16 -> 15
2019-09-10 13:20:33,442 [grpc-default-executor-6] WARN  server.GrpcLogAppender (LogUtils.java:warn(134)) - 77c590a9-0e60-42d8-bbf8-e31004d5a9e8@group-5DD09A43E0EE->598fdd25-f3b3-418d-bbd3-bcbfa35279b9-AppendLogResponseHandler: Failed appendEntries: org.apache.ratis.thirdparty.io.grpc.StatusRuntimeException: UNAVAILABLE: io exception
2019-09-10 13:20:33,442 [grpc-default-executor-4] WARN  server.GrpcLogAppender (LogUtils.java:warn(134)) - af983c11-9397-41ec-9bfb-0705919241eb@group-DD7833F53F4E->c9bddf00-2197-4e52-a76a-1743bb04b5e3-AppendLogResponseHandler: Failed appendEntries: org.apache.ratis.thirdparty.io.grpc.StatusRuntimeException: UNAVAILABLE: io exception
2019-09-10 13:20:33,442 [grpc-default-executor-6] INFO  impl.FollowerInfo (FollowerInfo.java:lambda$new$0(51)) - 77c590a9-0e60-42d8-bbf8-e31004d5a9e8@group-5DD09A43E0EE->598fdd25-f3b3-418d-bbd3-bcbfa35279b9: nextIndex: updateUnconditionally 0 -> 0
2019-09-10 13:20:33,442 [grpc-default-executor-4] INFO  impl.FollowerInfo (FollowerInfo.java:lambda$new$0(51)) - af983c11-9397-41ec-9bfb-0705919241eb@group-DD7833F53F4E->c9bddf00-2197-4e52-a76a-1743bb04b5e3: nextIndex: updateUnconditionally 21 -> 20
2019-09-10 13:20:33,930 [grpc-default-executor-5] WARN  server.GrpcLogAppender (LogUtils.java:warn(134)) - 77c590a9-0e60-42d8-bbf8-e31004d5a9e8@group-5DD09A43E0EE->05e9b83b-b6ec-4168-9e18-fac302cf5421-AppendLogResponseHandler: Failed appendEntries: org.apache.ratis.thirdparty.io.grpc.StatusRuntimeException: UNAVAILABLE: io exception
2019-09-10 13:20:33,930 [grpc-default-executor-6] WARN  server.GrpcLogAppender (LogUtils.java:warn(134)) - af983c11-9397-41ec-9bfb-0705919241eb@group-DD7833F53F4E->fa25b701-8575-4c87-a8ca-f6672565109a-AppendLogResponseHandler: Failed appendEntries: org.apache.ratis.thirdparty.io.grpc.StatusRuntimeException: UNAVAILABLE: io exception
2019-09-10 13:20:33,930 [grpc-default-executor-5] INFO  impl.FollowerInfo (FollowerInfo.java:lambda$new$0(51)) - 77c590a9-0e60-42d8-bbf8-e31004d5a9e8@group-5DD09A43E0EE->05e9b83b-b6ec-4168-9e18-fac302cf5421: nextIndex: updateUnconditionally 15 -> 14
2019-09-10 13:20:33,931 [grpc-default-executor-6] INFO  impl.FollowerInfo (FollowerInfo.java:lambda$new$0(51)) - af983c11-9397-41ec-9bfb-0705919241eb@group-DD7833F53F4E->fa25b701-8575-4c87-a8ca-f6672565109a: nextIndex: updateUnconditionally 30 -> 29
2019-09-10 13:20:33,942 [grpc-default-executor-2] WARN  server.GrpcLogAppender (LogUtils.java:warn(134)) - af983c11-9397-41ec-9bfb-0705919241eb@group-DD7833F53F4E->c9bddf00-2197-4e52-a76a-1743bb04b5e3-AppendLogResponseHandler: Failed appendEntries: org.apache.ratis.thirdparty.io.grpc.StatusRuntimeException: UNAVAILABLE: io exception
2019-09-10 13:20:33,942 [grpc-default-executor-3] WARN  server.GrpcLogAppender (LogUtils.java:warn(134)) - 77c590a9-0e60-42d8-bbf8-e31004d5a9e8@group-5DD09A43E0EE->598fdd25-f3b3-418d-bbd3-bcbfa35279b9-AppendLogResponseHandler: Failed appendEntries: org.apache.ratis.thirdparty.io.grpc.StatusRuntimeException: UNAVAILABLE: io exception
2019-09-10 13:20:33,943 [grpc-default-executor-2] INFO  impl.FollowerInfo (FollowerInfo.java:lambda$new$0(51)) - af983c11-9397-41ec-9bfb-0705919241eb@group-DD7833F53F4E->c9bddf00-2197-4e52-a76a-1743bb04b5e3: nextIndex: updateUnconditionally 20 -> 19
2019-09-10 13:20:33,943 [grpc-default-executor-3] INFO  impl.FollowerInfo (FollowerInfo.java:lambda$new$0(51)) - 77c590a9-0e60-42d8-bbf8-e31004d5a9e8@group-5DD09A43E0EE->598fdd25-f3b3-418d-bbd3-bcbfa35279b9: nextIndex: updateUnconditionally 0 -> 0
2019-09-10 13:20:34,431 [grpc-default-executor-4] WARN  server.GrpcLogAppender (LogUtils.java:warn(134)) - af983c11-9397-41ec-9bfb-0705919241eb@group-DD7833F53F4E->fa25b701-8575-4c87-a8ca-f6672565109a-AppendLogResponseHandler: Failed appendEntries: org.apache.ratis.thirdparty.io.grpc.StatusRuntimeException: UNAVAILABLE: io exception
2019-09-10 13:20:34,431 [grpc-default-executor-5] WARN  server.GrpcLogAppender (LogUtils.java:warn(134)) - 77c590a9-0e60-42d8-bbf8-e31004d5a9e8@group-5DD09A43E0EE->05e9b83b-b6ec-4168-9e18-fac302cf5421-AppendLogResponseHandler: Failed appendEntries: org.apache.ratis.thirdparty.io.grpc.StatusRuntimeException: UNAVAILABLE: io exception
2019-09-10 13:20:34,431 [grpc-default-executor-4] INFO  impl.FollowerInfo (FollowerInfo.java:lambda$new$0(51)) - af983c11-9397-41ec-9bfb-0705919241eb@group-DD7833F53F4E->fa25b701-8575-4c87-a8ca-f6672565109a: nextIndex: updateUnconditionally 29 -> 28
2019-09-10 13:20:34,431 [grpc-default-executor-5] INFO  impl.FollowerInfo (FollowerInfo.java:lambda$new$0(51)) - 77c590a9-0e60-42d8-bbf8-e31004d5a9e8@group-5DD09A43E0EE->05e9b83b-b6ec-4168-9e18-fac302cf5421: nextIndex: updateUnconditionally 14 -> 13
2019-09-10 13:20:34,443 [grpc-default-executor-3] WARN  server.GrpcLogAppender (LogUtils.java:warn(134)) - af983c11-9397-41ec-9bfb-0705919241eb@group-DD7833F53F4E->c9bddf00-2197-4e52-a76a-1743bb04b5e3-AppendLogResponseHandler: Failed appendEntries: org.apache.ratis.thirdparty.io.grpc.StatusRuntimeException: UNAVAILABLE: io exception
2019-09-10 13:20:34,443 [grpc-default-executor-2] WARN  server.GrpcLogAppender (LogUtils.java:warn(134)) - 77c590a9-0e60-42d8-bbf8-e31004d5a9e8@group-5DD09A43E0EE->598fdd25-f3b3-418d-bbd3-bcbfa35279b9-AppendLogResponseHandler: Failed appendEntries: org.apache.ratis.thirdparty.io.grpc.StatusRuntimeException: UNAVAILABLE: io exception
2019-09-10 13:20:34,443 [grpc-default-executor-3] INFO  impl.FollowerInfo (FollowerInfo.java:lambda$new$0(51)) - af983c11-9397-41ec-9bfb-0705919241eb@group-DD7833F53F4E->c9bddf00-2197-4e52-a76a-1743bb04b5e3: nextIndex: updateUnconditionally 19 -> 18
2019-09-10 13:20:34,443 [grpc-default-executor-2] INFO  impl.FollowerInfo (FollowerInfo.java:lambda$new$0(51)) - 77c590a9-0e60-42d8-bbf8-e31004d5a9e8@group-5DD09A43E0EE->598fdd25-f3b3-418d-bbd3-bcbfa35279b9: nextIndex: updateUnconditionally 0 -> 0
2019-09-10 13:20:34,931 [grpc-default-executor-4] WARN  server.GrpcLogAppender (LogUtils.java:warn(134)) - 77c590a9-0e60-42d8-bbf8-e31004d5a9e8@group-5DD09A43E0EE->05e9b83b-b6ec-4168-9e18-fac302cf5421-AppendLogResponseHandler: Failed appendEntries: org.apache.ratis.thirdparty.io.grpc.StatusRuntimeException: UNAVAILABLE: io exception
2019-09-10 13:20:34,931 [grpc-default-executor-5] WARN  server.GrpcLogAppender (LogUtils.java:warn(134)) - af983c11-9397-41ec-9bfb-0705919241eb@group-DD7833F53F4E->fa25b701-8575-4c87-a8ca-f6672565109a-AppendLogResponseHandler: Failed appendEntries: org.apache.ratis.thirdparty.io.grpc.StatusRuntimeException: UNAVAILABLE: io exception
2019-09-10 13:20:34,932 [grpc-default-executor-4] INFO  impl.FollowerInfo (FollowerInfo.java:lambda$new$0(51)) - 77c590a9-0e60-42d8-bbf8-e31004d5a9e8@group-5DD09A43E0EE->05e9b83b-b6ec-4168-9e18-fac302cf5421: nextIndex: updateUnconditionally 13 -> 12
2019-09-10 13:20:34,932 [grpc-default-executor-5] INFO  impl.FollowerInfo (FollowerInfo.java:lambda$new$0(51)) - af983c11-9397-41ec-9bfb-0705919241eb@group-DD7833F53F4E->fa25b701-8575-4c87-a8ca-f6672565109a: nextIndex: updateUnconditionally 28 -> 27
2019-09-10 13:20:34,944 [grpc-default-executor-0] WARN  server.GrpcLogAppender (LogUtils.java:warn(134)) - 77c590a9-0e60-42d8-bbf8-e31004d5a9e8@group-5DD09A43E0EE->598fdd25-f3b3-418d-bbd3-bcbfa35279b9-AppendLogResponseHandler: Failed appendEntries: org.apache.ratis.thirdparty.io.grpc.StatusRuntimeException: UNAVAILABLE: io exception
2019-09-10 13:20:34,944 [grpc-default-executor-6] WARN  server.GrpcLogAppender (LogUtils.java:warn(134)) - af983c11-9397-41ec-9bfb-0705919241eb@group-DD7833F53F4E->c9bddf00-2197-4e52-a76a-1743bb04b5e3-AppendLogResponseHandler: Failed appendEntries: org.apache.ratis.thirdparty.io.grpc.StatusRuntimeException: UNAVAILABLE: io exception
2019-09-10 13:20:34,944 [grpc-default-executor-0] INFO  impl.FollowerInfo (FollowerInfo.java:lambda$new$0(51)) - 77c590a9-0e60-42d8-bbf8-e31004d5a9e8@group-5DD09A43E0EE->598fdd25-f3b3-418d-bbd3-bcbfa35279b9: nextIndex: updateUnconditionally 0 -> 0
2019-09-10 13:20:34,944 [grpc-default-executor-6] INFO  impl.FollowerInfo (FollowerInfo.java:lambda$new$0(51)) - af983c11-9397-41ec-9bfb-0705919241eb@group-DD7833F53F4E->c9bddf00-2197-4e52-a76a-1743bb04b5e3: nextIndex: updateUnconditionally 18 -> 17
2019-09-10 13:20:35,410 [77c590a9-0e60-42d8-bbf8-e31004d5a9e8@group-5DD09A43E0EE-SegmentedRaftLogWorker] WARN  segmented.SegmentedRaftLogWorker (SegmentedRaftLogWorker.java:getFromFuture(90)) - Timeout 5/~
org.apache.ratis.protocol.TimeoutIOException: Timeout 10s: WriteLog:18: (t:2, i:18), STATEMACHINELOGENTRY, client-7BF1329EB290, cid=53-writeStateMachineData
	at org.apache.ratis.util.IOUtils.getFromFuture(IOUtils.java:87)
	at org.apache.ratis.server.raftlog.segmented.SegmentedRaftLogWorker$StateMachineDataPolicy.getFromFuture(SegmentedRaftLogWorker.java:87)
	at org.apache.ratis.server.raftlog.segmented.SegmentedRaftLogWorker$WriteLog.execute(SegmentedRaftLogWorker.java:477)
	at org.apache.ratis.server.raftlog.segmented.SegmentedRaftLogWorker.run(SegmentedRaftLogWorker.java:289)
	at java.lang.Thread.run(Thread.java:748)
Caused by: java.util.concurrent.TimeoutException
	at java.util.concurrent.CompletableFuture.timedGet(CompletableFuture.java:1771)
	at java.util.concurrent.CompletableFuture.get(CompletableFuture.java:1915)
	at org.apache.ratis.util.IOUtils.getFromFuture(IOUtils.java:79)
	... 4 more
2019-09-10 13:20:35,433 [grpc-default-executor-0] WARN  server.GrpcLogAppender (LogUtils.java:warn(134)) - 77c590a9-0e60-42d8-bbf8-e31004d5a9e8@group-5DD09A43E0EE->05e9b83b-b6ec-4168-9e18-fac302cf5421-AppendLogResponseHandler: Failed appendEntries: org.apache.ratis.thirdparty.io.grpc.StatusRuntimeException: UNAVAILABLE: io exception
2019-09-10 13:20:35,433 [grpc-default-executor-4] WARN  server.GrpcLogAppender (LogUtils.java:warn(134)) - af983c11-9397-41ec-9bfb-0705919241eb@group-DD7833F53F4E->fa25b701-8575-4c87-a8ca-f6672565109a-AppendLogResponseHandler: Failed appendEntries: org.apache.ratis.thirdparty.io.grpc.StatusRuntimeException: UNAVAILABLE: io exception
2019-09-10 13:20:35,434 [grpc-default-executor-0] INFO  impl.FollowerInfo (FollowerInfo.java:lambda$new$0(51)) - 77c590a9-0e60-42d8-bbf8-e31004d5a9e8@group-5DD09A43E0EE->05e9b83b-b6ec-4168-9e18-fac302cf5421: nextIndex: updateUnconditionally 12 -> 11
2019-09-10 13:20:35,434 [grpc-default-executor-4] INFO  impl.FollowerInfo (FollowerInfo.java:lambda$new$0(51)) - af983c11-9397-41ec-9bfb-0705919241eb@group-DD7833F53F4E->fa25b701-8575-4c87-a8ca-f6672565109a: nextIndex: updateUnconditionally 27 -> 26
2019-09-10 13:20:35,444 [grpc-default-executor-5] WARN  server.GrpcLogAppender (LogUtils.java:warn(134)) - af983c11-9397-41ec-9bfb-0705919241eb@group-DD7833F53F4E->c9bddf00-2197-4e52-a76a-1743bb04b5e3-AppendLogResponseHandler: Failed appendEntries: org.apache.ratis.thirdparty.io.grpc.StatusRuntimeException: UNAVAILABLE: io exception
2019-09-10 13:20:35,444 [grpc-default-executor-0] WARN  server.GrpcLogAppender (LogUtils.java:warn(134)) - 77c590a9-0e60-42d8-bbf8-e31004d5a9e8@group-5DD09A43E0EE->598fdd25-f3b3-418d-bbd3-bcbfa35279b9-AppendLogResponseHandler: Failed appendEntries: org.apache.ratis.thirdparty.io.grpc.StatusRuntimeException: UNAVAILABLE: io exception
2019-09-10 13:20:35,444 [grpc-default-executor-5] INFO  impl.FollowerInfo (FollowerInfo.java:lambda$new$0(51)) - af983c11-9397-41ec-9bfb-0705919241eb@group-DD7833F53F4E->c9bddf00-2197-4e52-a76a-1743bb04b5e3: nextIndex: updateUnconditionally 17 -> 16
2019-09-10 13:20:35,445 [grpc-default-executor-0] INFO  impl.FollowerInfo (FollowerInfo.java:lambda$new$0(51)) - 77c590a9-0e60-42d8-bbf8-e31004d5a9e8@group-5DD09A43E0EE->598fdd25-f3b3-418d-bbd3-bcbfa35279b9: nextIndex: updateUnconditionally 0 -> 0
2019-09-10 13:20:35,936 [grpc-default-executor-5] WARN  server.GrpcLogAppender (LogUtils.java:warn(134)) - af983c11-9397-41ec-9bfb-0705919241eb@group-DD7833F53F4E->fa25b701-8575-4c87-a8ca-f6672565109a-AppendLogResponseHandler: Failed appendEntries: org.apache.ratis.thirdparty.io.grpc.StatusRuntimeException: UNAVAILABLE: io exception
2019-09-10 13:20:35,936 [grpc-default-executor-4] WARN  server.GrpcLogAppender (LogUtils.java:warn(134)) - 77c590a9-0e60-42d8-bbf8-e31004d5a9e8@group-5DD09A43E0EE->05e9b83b-b6ec-4168-9e18-fac302cf5421-AppendLogResponseHandler: Failed appendEntries: org.apache.ratis.thirdparty.io.grpc.StatusRuntimeException: UNAVAILABLE: io exception
2019-09-10 13:20:35,937 [grpc-default-executor-5] INFO  impl.FollowerInfo (FollowerInfo.java:lambda$new$0(51)) - af983c11-9397-41ec-9bfb-0705919241eb@group-DD7833F53F4E->fa25b701-8575-4c87-a8ca-f6672565109a: nextIndex: updateUnconditionally 26 -> 25
2019-09-10 13:20:35,937 [grpc-default-executor-4] INFO  impl.FollowerInfo (FollowerInfo.java:lambda$new$0(51)) - 77c590a9-0e60-42d8-bbf8-e31004d5a9e8@group-5DD09A43E0EE->05e9b83b-b6ec-4168-9e18-fac302cf5421: nextIndex: updateUnconditionally 11 -> 10
2019-09-10 13:20:35,945 [grpc-default-executor-3] WARN  server.GrpcLogAppender (LogUtils.java:warn(134)) - af983c11-9397-41ec-9bfb-0705919241eb@group-DD7833F53F4E->c9bddf00-2197-4e52-a76a-1743bb04b5e3-AppendLogResponseHandler: Failed appendEntries: org.apache.ratis.thirdparty.io.grpc.StatusRuntimeException: UNAVAILABLE: io exception
2019-09-10 13:20:35,945 [grpc-default-executor-4] WARN  server.GrpcLogAppender (LogUtils.java:warn(134)) - 77c590a9-0e60-42d8-bbf8-e31004d5a9e8@group-5DD09A43E0EE->598fdd25-f3b3-418d-bbd3-bcbfa35279b9-AppendLogResponseHandler: Failed appendEntries: org.apache.ratis.thirdparty.io.grpc.StatusRuntimeException: UNAVAILABLE: io exception
2019-09-10 13:20:35,945 [grpc-default-executor-3] INFO  impl.FollowerInfo (FollowerInfo.java:lambda$new$0(51)) - af983c11-9397-41ec-9bfb-0705919241eb@group-DD7833F53F4E->c9bddf00-2197-4e52-a76a-1743bb04b5e3: nextIndex: updateUnconditionally 16 -> 15
2019-09-10 13:20:35,945 [grpc-default-executor-4] INFO  impl.FollowerInfo (FollowerInfo.java:lambda$new$0(51)) - 77c590a9-0e60-42d8-bbf8-e31004d5a9e8@group-5DD09A43E0EE->598fdd25-f3b3-418d-bbd3-bcbfa35279b9: nextIndex: updateUnconditionally 0 -> 0
2019-09-10 13:20:36,438 [grpc-default-executor-0] WARN  server.GrpcLogAppender (LogUtils.java:warn(134)) - af983c11-9397-41ec-9bfb-0705919241eb@group-DD7833F53F4E->fa25b701-8575-4c87-a8ca-f6672565109a-AppendLogResponseHandler: Failed appendEntries: org.apache.ratis.thirdparty.io.grpc.StatusRuntimeException: UNAVAILABLE: io exception
2019-09-10 13:20:36,438 [grpc-default-executor-6] WARN  server.GrpcLogAppender (LogUtils.java:warn(134)) - 77c590a9-0e60-42d8-bbf8-e31004d5a9e8@group-5DD09A43E0EE->05e9b83b-b6ec-4168-9e18-fac302cf5421-AppendLogResponseHandler: Failed appendEntries: org.apache.ratis.thirdparty.io.grpc.StatusRuntimeException: UNAVAILABLE: io exception
2019-09-10 13:20:36,439 [grpc-default-executor-0] INFO  impl.FollowerInfo (FollowerInfo.java:lambda$new$0(51)) - af983c11-9397-41ec-9bfb-0705919241eb@group-DD7833F53F4E->fa25b701-8575-4c87-a8ca-f6672565109a: nextIndex: updateUnconditionally 25 -> 24
2019-09-10 13:20:36,439 [grpc-default-executor-6] INFO  impl.FollowerInfo (FollowerInfo.java:lambda$new$0(51)) - 77c590a9-0e60-42d8-bbf8-e31004d5a9e8@group-5DD09A43E0EE->05e9b83b-b6ec-4168-9e18-fac302cf5421: nextIndex: updateUnconditionally 10 -> 9
2019-09-10 13:20:36,445 [grpc-default-executor-4] WARN  server.GrpcLogAppender (LogUtils.java:warn(134)) - 77c590a9-0e60-42d8-bbf8-e31004d5a9e8@group-5DD09A43E0EE->598fdd25-f3b3-418d-bbd3-bcbfa35279b9-AppendLogResponseHandler: Failed appendEntries: org.apache.ratis.thirdparty.io.grpc.StatusRuntimeException: UNAVAILABLE: io exception
2019-09-10 13:20:36,445 [grpc-default-executor-0] WARN  server.GrpcLogAppender (LogUtils.java:warn(134)) - af983c11-9397-41ec-9bfb-0705919241eb@group-DD7833F53F4E->c9bddf00-2197-4e52-a76a-1743bb04b5e3-AppendLogResponseHandler: Failed appendEntries: org.apache.ratis.thirdparty.io.grpc.StatusRuntimeException: UNAVAILABLE: io exception
2019-09-10 13:20:36,446 [grpc-default-executor-4] INFO  impl.FollowerInfo (FollowerInfo.java:lambda$new$0(51)) - 77c590a9-0e60-42d8-bbf8-e31004d5a9e8@group-5DD09A43E0EE->598fdd25-f3b3-418d-bbd3-bcbfa35279b9: nextIndex: updateUnconditionally 0 -> 0
2019-09-10 13:20:36,446 [grpc-default-executor-0] INFO  impl.FollowerInfo (FollowerInfo.java:lambda$new$0(51)) - af983c11-9397-41ec-9bfb-0705919241eb@group-DD7833F53F4E->c9bddf00-2197-4e52-a76a-1743bb04b5e3: nextIndex: updateUnconditionally 15 -> 14
2019-09-10 13:20:36,940 [grpc-default-executor-4] WARN  server.GrpcLogAppender (LogUtils.java:warn(134)) - 77c590a9-0e60-42d8-bbf8-e31004d5a9e8@group-5DD09A43E0EE->05e9b83b-b6ec-4168-9e18-fac302cf5421-AppendLogResponseHandler: Failed appendEntries: org.apache.ratis.thirdparty.io.grpc.StatusRuntimeException: UNAVAILABLE: io exception
2019-09-10 13:20:36,940 [grpc-default-executor-3] WARN  server.GrpcLogAppender (LogUtils.java:warn(134)) - af983c11-9397-41ec-9bfb-0705919241eb@group-DD7833F53F4E->fa25b701-8575-4c87-a8ca-f6672565109a-AppendLogResponseHandler: Failed appendEntries: org.apache.ratis.thirdparty.io.grpc.StatusRuntimeException: UNAVAILABLE: io exception
2019-09-10 13:20:36,940 [grpc-default-executor-4] INFO  impl.FollowerInfo (FollowerInfo.java:lambda$new$0(51)) - 77c590a9-0e60-42d8-bbf8-e31004d5a9e8@group-5DD09A43E0EE->05e9b83b-b6ec-4168-9e18-fac302cf5421: nextIndex: updateUnconditionally 9 -> 8
2019-09-10 13:20:36,941 [grpc-default-executor-3] INFO  impl.FollowerInfo (FollowerInfo.java:lambda$new$0(51)) - af983c11-9397-41ec-9bfb-0705919241eb@group-DD7833F53F4E->fa25b701-8575-4c87-a8ca-f6672565109a: nextIndex: updateUnconditionally 24 -> 23
2019-09-10 13:20:36,946 [grpc-default-executor-4] WARN  server.GrpcLogAppender (LogUtils.java:warn(134)) - af983c11-9397-41ec-9bfb-0705919241eb@group-DD7833F53F4E->c9bddf00-2197-4e52-a76a-1743bb04b5e3-AppendLogResponseHandler: Failed appendEntries: org.apache.ratis.thirdparty.io.grpc.StatusRuntimeException: UNAVAILABLE: io exception
2019-09-10 13:20:36,946 [grpc-default-executor-6] WARN  server.GrpcLogAppender (LogUtils.java:warn(134)) - 77c590a9-0e60-42d8-bbf8-e31004d5a9e8@group-5DD09A43E0EE->598fdd25-f3b3-418d-bbd3-bcbfa35279b9-AppendLogResponseHandler: Failed appendEntries: org.apache.ratis.thirdparty.io.grpc.StatusRuntimeException: UNAVAILABLE: io exception
2019-09-10 13:20:36,947 [grpc-default-executor-4] INFO  impl.FollowerInfo (FollowerInfo.java:lambda$new$0(51)) - af983c11-9397-41ec-9bfb-0705919241eb@group-DD7833F53F4E->c9bddf00-2197-4e52-a76a-1743bb04b5e3: nextIndex: updateUnconditionally 14 -> 13
2019-09-10 13:20:36,947 [grpc-default-executor-6] INFO  impl.FollowerInfo (FollowerInfo.java:lambda$new$0(51)) - 77c590a9-0e60-42d8-bbf8-e31004d5a9e8@group-5DD09A43E0EE->598fdd25-f3b3-418d-bbd3-bcbfa35279b9: nextIndex: updateUnconditionally 0 -> 0
2019-09-10 13:20:37,441 [grpc-default-executor-2] WARN  server.GrpcLogAppender (LogUtils.java:warn(134)) - 77c590a9-0e60-42d8-bbf8-e31004d5a9e8@group-5DD09A43E0EE->05e9b83b-b6ec-4168-9e18-fac302cf5421-AppendLogResponseHandler: Failed appendEntries: org.apache.ratis.thirdparty.io.grpc.StatusRuntimeException: UNAVAILABLE: io exception
2019-09-10 13:20:37,441 [grpc-default-executor-5] WARN  server.GrpcLogAppender (LogUtils.java:warn(134)) - af983c11-9397-41ec-9bfb-0705919241eb@group-DD7833F53F4E->fa25b701-8575-4c87-a8ca-f6672565109a-AppendLogResponseHandler: Failed appendEntries: org.apache.ratis.thirdparty.io.grpc.StatusRuntimeException: UNAVAILABLE: io exception
2019-09-10 13:20:37,441 [grpc-default-executor-2] INFO  impl.FollowerInfo (FollowerInfo.java:lambda$new$0(51)) - 77c590a9-0e60-42d8-bbf8-e31004d5a9e8@group-5DD09A43E0EE->05e9b83b-b6ec-4168-9e18-fac302cf5421: nextIndex: updateUnconditionally 8 -> 7
2019-09-10 13:20:37,442 [grpc-default-executor-5] INFO  impl.FollowerInfo (FollowerInfo.java:lambda$new$0(51)) - af983c11-9397-41ec-9bfb-0705919241eb@group-DD7833F53F4E->fa25b701-8575-4c87-a8ca-f6672565109a: nextIndex: updateUnconditionally 23 -> 22
2019-09-10 13:20:37,446 [grpc-default-executor-3] WARN  server.GrpcLogAppender (LogUtils.java:warn(134)) - 77c590a9-0e60-42d8-bbf8-e31004d5a9e8@group-5DD09A43E0EE->598fdd25-f3b3-418d-bbd3-bcbfa35279b9-AppendLogResponseHandler: Failed appendEntries: org.apache.ratis.thirdparty.io.grpc.StatusRuntimeException: UNAVAILABLE: io exception
2019-09-10 13:20:37,446 [grpc-default-executor-2] WARN  server.GrpcLogAppender (LogUtils.java:warn(134)) - af983c11-9397-41ec-9bfb-0705919241eb@group-DD7833F53F4E->c9bddf00-2197-4e52-a76a-1743bb04b5e3-AppendLogResponseHandler: Failed appendEntries: org.apache.ratis.thirdparty.io.grpc.StatusRuntimeException: UNAVAILABLE: io exception
2019-09-10 13:20:37,446 [grpc-default-executor-3] INFO  impl.FollowerInfo (FollowerInfo.java:lambda$new$0(51)) - 77c590a9-0e60-42d8-bbf8-e31004d5a9e8@group-5DD09A43E0EE->598fdd25-f3b3-418d-bbd3-bcbfa35279b9: nextIndex: updateUnconditionally 0 -> 0
2019-09-10 13:20:37,447 [grpc-default-executor-2] INFO  impl.FollowerInfo (FollowerInfo.java:lambda$new$0(51)) - af983c11-9397-41ec-9bfb-0705919241eb@group-DD7833F53F4E->c9bddf00-2197-4e52-a76a-1743bb04b5e3: nextIndex: updateUnconditionally 13 -> 12
2019-09-10 13:20:37,940 [grpc-default-executor-2] WARN  server.GrpcLogAppender (LogUtils.java:warn(134)) - af983c11-9397-41ec-9bfb-0705919241eb@group-DD7833F53F4E->fa25b701-8575-4c87-a8ca-f6672565109a-AppendLogResponseHandler: Failed appendEntries: org.apache.ratis.thirdparty.io.grpc.StatusRuntimeException: UNAVAILABLE: io exception
2019-09-10 13:20:37,940 [grpc-default-executor-6] WARN  server.GrpcLogAppender (LogUtils.java:warn(134)) - 77c590a9-0e60-42d8-bbf8-e31004d5a9e8@group-5DD09A43E0EE->05e9b83b-b6ec-4168-9e18-fac302cf5421-AppendLogResponseHandler: Failed appendEntries: org.apache.ratis.thirdparty.io.grpc.StatusRuntimeException: UNAVAILABLE: io exception
2019-09-10 13:20:37,940 [grpc-default-executor-2] INFO  impl.FollowerInfo (FollowerInfo.java:lambda$new$0(51)) - af983c11-9397-41ec-9bfb-0705919241eb@group-DD7833F53F4E->fa25b701-8575-4c87-a8ca-f6672565109a: nextIndex: updateUnconditionally 22 -> 21
2019-09-10 13:20:37,941 [grpc-default-executor-6] INFO  impl.FollowerInfo (FollowerInfo.java:lambda$new$0(51)) - 77c590a9-0e60-42d8-bbf8-e31004d5a9e8@group-5DD09A43E0EE->05e9b83b-b6ec-4168-9e18-fac302cf5421: nextIndex: updateUnconditionally 7 -> 6
2019-09-10 13:20:37,946 [grpc-default-executor-5] WARN  server.GrpcLogAppender (LogUtils.java:warn(134)) - 77c590a9-0e60-42d8-bbf8-e31004d5a9e8@group-5DD09A43E0EE->598fdd25-f3b3-418d-bbd3-bcbfa35279b9-AppendLogResponseHandler: Failed appendEntries: org.apache.ratis.thirdparty.io.grpc.StatusRuntimeException: UNAVAILABLE: io exception
2019-09-10 13:20:37,947 [grpc-default-executor-5] INFO  impl.FollowerInfo (FollowerInfo.java:lambda$new$0(51)) - 77c590a9-0e60-42d8-bbf8-e31004d5a9e8@group-5DD09A43E0EE->598fdd25-f3b3-418d-bbd3-bcbfa35279b9: nextIndex: updateUnconditionally 0 -> 0
2019-09-10 13:20:37,947 [grpc-default-executor-3] WARN  server.GrpcLogAppender (LogUtils.java:warn(134)) - af983c11-9397-41ec-9bfb-0705919241eb@group-DD7833F53F4E->c9bddf00-2197-4e52-a76a-1743bb04b5e3-AppendLogResponseHandler: Failed appendEntries: org.apache.ratis.thirdparty.io.grpc.StatusRuntimeException: UNAVAILABLE: io exception
2019-09-10 13:20:37,947 [grpc-default-executor-3] INFO  impl.FollowerInfo (FollowerInfo.java:lambda$new$0(51)) - af983c11-9397-41ec-9bfb-0705919241eb@group-DD7833F53F4E->c9bddf00-2197-4e52-a76a-1743bb04b5e3: nextIndex: updateUnconditionally 12 -> 11
2019-09-10 13:20:37,956 [main] INFO  ozoneimpl.OzoneContainer (OzoneContainer.java:stop(231)) - Attempting to stop container services.
2019-09-10 13:20:37,957 [main] INFO  impl.RaftServerProxy (RaftServerProxy.java:lambda$close$4(314)) - af983c11-9397-41ec-9bfb-0705919241eb: close
2019-09-10 13:20:37,958 [main] INFO  impl.RaftServerImpl (RaftServerImpl.java:lambda$shutdown$3(251)) - af983c11-9397-41ec-9bfb-0705919241eb@group-DD77ACFF1C9A: shutdown
2019-09-10 13:20:37,958 [main] INFO  util.JmxRegister (JmxRegister.java:unregister(73)) - Successfully un-registered JMX Bean with object name Ratis:service=RaftServer,group=group-DD77ACFF1C9A,id=af983c11-9397-41ec-9bfb-0705919241eb
2019-09-10 13:20:37,959 [main] INFO  impl.RoleInfo (RoleInfo.java:shutdownLeaderState(104)) - af983c11-9397-41ec-9bfb-0705919241eb: shutdown LeaderState
2019-09-10 13:20:37,959 [main] INFO  impl.PendingRequests (PendingRequests.java:sendNotLeaderResponses(202)) - af983c11-9397-41ec-9bfb-0705919241eb-PendingRequests: sendNotLeaderResponses
2019-09-10 13:20:37,960 [main] INFO  impl.StateMachineUpdater (StateMachineUpdater.java:stopAndJoin(125)) - af983c11-9397-41ec-9bfb-0705919241eb@group-DD77ACFF1C9A-StateMachineUpdater: set stopIndex = 0
2019-09-10 13:20:37,961 [main] INFO  impl.RaftServerImpl (ServerState.java:close(385)) - af983c11-9397-41ec-9bfb-0705919241eb@group-DD77ACFF1C9A: closes. applyIndex: 0
2019-09-10 13:20:37,962 [af983c11-9397-41ec-9bfb-0705919241eb@group-DD77ACFF1C9A-SegmentedRaftLogWorker] INFO  segmented.SegmentedRaftLogWorker (SegmentedRaftLogWorker.java:run(313)) - af983c11-9397-41ec-9bfb-0705919241eb@group-DD77ACFF1C9A-SegmentedRaftLogWorker was interrupted, exiting. There are 0 tasks remaining in the queue.
2019-09-10 13:20:37,962 [main] INFO  segmented.SegmentedRaftLogWorker (SegmentedRaftLogWorker.java:close(228)) - af983c11-9397-41ec-9bfb-0705919241eb@group-DD77ACFF1C9A-SegmentedRaftLogWorker close()
2019-09-10 13:20:37,964 [main] INFO  impl.RaftServerImpl (RaftServerImpl.java:lambda$shutdown$3(251)) - af983c11-9397-41ec-9bfb-0705919241eb@group-DD7833F53F4E: shutdown
2019-09-10 13:20:37,964 [main] INFO  util.JmxRegister (JmxRegister.java:unregister(73)) - Successfully un-registered JMX Bean with object name Ratis:service=RaftServer,group=group-DD7833F53F4E,id=af983c11-9397-41ec-9bfb-0705919241eb
2019-09-10 13:20:37,965 [main] INFO  impl.RoleInfo (RoleInfo.java:shutdownLeaderState(104)) - af983c11-9397-41ec-9bfb-0705919241eb: shutdown LeaderState
2019-09-10 13:20:37,967 [main] INFO  impl.PendingRequests (PendingRequests.java:sendNotLeaderResponses(202)) - af983c11-9397-41ec-9bfb-0705919241eb-PendingRequests: sendNotLeaderResponses
2019-09-10 13:20:37,967 [org.apache.ratis.server.impl.LogAppender$AppenderDaemon$$Lambda$506/756286561@4205fc70] WARN  server.GrpcLogAppender (GrpcLogAppender.java:mayWait(143)) - af983c11-9397-41ec-9bfb-0705919241eb@group-DD7833F53F4E->fa25b701-8575-4c87-a8ca-f6672565109a-GrpcLogAppender: Wait interrupted by java.lang.InterruptedException
2019-09-10 13:20:37,967 [org.apache.ratis.server.impl.LogAppender$AppenderDaemon$$Lambda$506/756286561@3743fe8d] WARN  server.GrpcLogAppender (GrpcLogAppender.java:mayWait(143)) - af983c11-9397-41ec-9bfb-0705919241eb@group-DD7833F53F4E->c9bddf00-2197-4e52-a76a-1743bb04b5e3-GrpcLogAppender: Wait interrupted by java.lang.InterruptedException
2019-09-10 13:20:37,971 [main] INFO  impl.StateMachineUpdater (StateMachineUpdater.java:stopAndJoin(125)) - af983c11-9397-41ec-9bfb-0705919241eb@group-DD7833F53F4E-StateMachineUpdater: set stopIndex = 31
2019-09-10 13:20:37,971 [af983c11-9397-41ec-9bfb-0705919241eb@group-DD7833F53F4E-StateMachineUpdater] INFO  ratis.ContainerStateMachine (ContainerStateMachine.java:takeSnapshot(289)) - group-DD7833F53F4E: Taking a snapshot at:(t:2, i:29) file /workdir/hadoop-ozone/integration-test/target/test-dir/MiniOzoneClusterImpl-bbba21db-ec34-461e-a1c1-b53f0753d0be/datanode-0/data/ratis/96240272-0a0b-4b42-9081-dd7833f53f4e/sm/snapshot.2_29
2019-09-10 13:20:37,997 [af983c11-9397-41ec-9bfb-0705919241eb@group-DD7833F53F4E-StateMachineUpdater] INFO  ratis.ContainerStateMachine (ContainerStateMachine.java:takeSnapshot(300)) - group-DD7833F53F4E: Finished taking a snapshot at:(t:2, i:29) file:/workdir/hadoop-ozone/integration-test/target/test-dir/MiniOzoneClusterImpl-bbba21db-ec34-461e-a1c1-b53f0753d0be/datanode-0/data/ratis/96240272-0a0b-4b42-9081-dd7833f53f4e/sm/snapshot.2_29 time:26
2019-09-10 13:20:37,997 [af983c11-9397-41ec-9bfb-0705919241eb@group-DD7833F53F4E-StateMachineUpdater] INFO  impl.StateMachineUpdater (StateMachineUpdater.java:takeSnapshot(258)) - af983c11-9397-41ec-9bfb-0705919241eb@group-DD7833F53F4E-StateMachineUpdater: Took a snapshot at index 29
2019-09-10 13:20:37,997 [af983c11-9397-41ec-9bfb-0705919241eb@group-DD7833F53F4E-StateMachineUpdater] INFO  impl.StateMachineUpdater (StateMachineUpdater.java:lambda$new$0(83)) - af983c11-9397-41ec-9bfb-0705919241eb@group-DD7833F53F4E-StateMachineUpdater: snapshotIndex: updateIncreasingly -1 -> 29
2019-09-10 13:20:37,997 [af983c11-9397-41ec-9bfb-0705919241eb@group-DD7833F53F4E-StateMachineUpdater] INFO  ratis.ContainerStateMachine (ContainerStateMachine.java:takeSnapshot(289)) - group-DD7833F53F4E: Taking a snapshot at:(t:2, i:29) file /workdir/hadoop-ozone/integration-test/target/test-dir/MiniOzoneClusterImpl-bbba21db-ec34-461e-a1c1-b53f0753d0be/datanode-0/data/ratis/96240272-0a0b-4b42-9081-dd7833f53f4e/sm/snapshot.2_29
2019-09-10 13:20:38,009 [af983c11-9397-41ec-9bfb-0705919241eb@group-DD7833F53F4E-StateMachineUpdater] INFO  ratis.ContainerStateMachine (ContainerStateMachine.java:takeSnapshot(300)) - group-DD7833F53F4E: Finished taking a snapshot at:(t:2, i:29) file:/workdir/hadoop-ozone/integration-test/target/test-dir/MiniOzoneClusterImpl-bbba21db-ec34-461e-a1c1-b53f0753d0be/datanode-0/data/ratis/96240272-0a0b-4b42-9081-dd7833f53f4e/sm/snapshot.2_29 time:13
2019-09-10 13:20:38,010 [af983c11-9397-41ec-9bfb-0705919241eb@group-DD7833F53F4E-StateMachineUpdater] INFO  impl.StateMachineUpdater (StateMachineUpdater.java:takeSnapshot(258)) - af983c11-9397-41ec-9bfb-0705919241eb@group-DD7833F53F4E-StateMachineUpdater: Took a snapshot at index 29
2019-09-10 13:20:38,010 [af983c11-9397-41ec-9bfb-0705919241eb@group-DD7833F53F4E-StateMachineUpdater] INFO  impl.StateMachineUpdater (StateMachineUpdater.java:lambda$new$0(83)) - af983c11-9397-41ec-9bfb-0705919241eb@group-DD7833F53F4E-StateMachineUpdater: snapshotIndex: updateIncreasingly 29 -> 29
2019-09-10 13:20:38,010 [main] INFO  impl.RaftServerImpl (ServerState.java:close(385)) - af983c11-9397-41ec-9bfb-0705919241eb@group-DD7833F53F4E: closes. applyIndex: 31
2019-09-10 13:20:38,012 [af983c11-9397-41ec-9bfb-0705919241eb@group-DD7833F53F4E-SegmentedRaftLogWorker] ERROR ratis.XceiverServerRatis (XceiverServerRatis.java:triggerPipelineClose(568)) - pipeline Action CLOSE  on pipeline PipelineID=96240272-0a0b-4b42-9081-dd7833f53f4e.Reason : WriteLog:32: (t:2, i:32), STATEMACHINELOGENTRY, client-7AEE289B780F, cid=64-writeStateMachineData interrupted.
2019-09-10 13:20:38,013 [main] INFO  segmented.SegmentedRaftLogWorker (SegmentedRaftLogWorker.java:close(228)) - af983c11-9397-41ec-9bfb-0705919241eb@group-DD7833F53F4E-SegmentedRaftLogWorker close()
2019-09-10 13:20:38,014 [main] INFO  server.GrpcService (GrpcService.java:closeImpl(164)) - af983c11-9397-41ec-9bfb-0705919241eb: shutdown server with port 34977 now
2019-09-10 13:20:38,015 [main] INFO  server.GrpcService (GrpcService.java:closeImpl(172)) - af983c11-9397-41ec-9bfb-0705919241eb: shutdown server with port 34977 successfully
2019-09-10 13:20:38,027 [refreshUsed-/workdir/hadoop-ozone/integration-test/target/test-dir/MiniOzoneClusterImpl-bbba21db-ec34-461e-a1c1-b53f0753d0be/datanode-0/data/containers] WARN  fs.CachingGetSpaceUsed (CachingGetSpaceUsed.java:run(183)) - Thread Interrupted waiting to refresh disk information: sleep interrupted
2019-09-10 13:20:38,045 [main] INFO  utils.BackgroundService (BackgroundService.java:shutdown(148)) - Shutting down service BlockDeletingService
2019-09-10 13:20:38,049 [main] INFO  statemachine.DatanodeStateMachine (DatanodeStateMachine.java:stopDaemon(395)) - Ozone container server stopped.
2019-09-10 13:20:38,051 [main] INFO  handler.ContextHandler (ContextHandler.java:doStop(910)) - Stopped o.e.j.w.WebAppContext@476fe690{/,null,UNAVAILABLE}{/hddsDatanode}
2019-09-10 13:20:38,052 [main] INFO  server.AbstractConnector (AbstractConnector.java:doStop(318)) - Stopped ServerConnector@7a0e7ecd{HTTP/1.1,[http/1.1]}{0.0.0.0:0}
2019-09-10 13:20:38,053 [main] INFO  handler.ContextHandler (ContextHandler.java:doStop(910)) - Stopped o.e.j.s.ServletContextHandler@6920614{/static,jar:file:/home/user/.m2/repository/org/apache/hadoop/hadoop-hdds-container-service/0.5.0-SNAPSHOT/hadoop-hdds-container-service-0.5.0-SNAPSHOT.jar!/webapps/static,UNAVAILABLE}
2019-09-10 13:20:38,053 [main] INFO  handler.ContextHandler (ContextHandler.java:doStop(910)) - Stopped o.e.j.s.ServletContextHandler@1effd53c{/logs,file:///workdir/hadoop-ozone/integration-test/target/log,UNAVAILABLE}
2019-09-10 13:20:38,411 [Datanode State Machine Thread - 0] INFO  statemachine.DatanodeStateMachine (DatanodeStateMachine.java:lambda$startDaemon$0(350)) - Ozone container server started.
2019-09-10 13:20:38,441 [grpc-default-executor-6] WARN  server.GrpcLogAppender (LogUtils.java:warn(134)) - 77c590a9-0e60-42d8-bbf8-e31004d5a9e8@group-5DD09A43E0EE->05e9b83b-b6ec-4168-9e18-fac302cf5421-AppendLogResponseHandler: Failed appendEntries: org.apache.ratis.thirdparty.io.grpc.StatusRuntimeException: UNAVAILABLE: io exception
2019-09-10 13:20:38,441 [grpc-default-executor-6] INFO  impl.FollowerInfo (FollowerInfo.java:lambda$new$0(51)) - 77c590a9-0e60-42d8-bbf8-e31004d5a9e8@group-5DD09A43E0EE->05e9b83b-b6ec-4168-9e18-fac302cf5421: nextIndex: updateUnconditionally 6 -> 5
2019-09-10 13:20:38,447 [grpc-default-executor-5] WARN  server.GrpcLogAppender (LogUtils.java:warn(134)) - 77c590a9-0e60-42d8-bbf8-e31004d5a9e8@group-5DD09A43E0EE->598fdd25-f3b3-418d-bbd3-bcbfa35279b9-AppendLogResponseHandler: Failed appendEntries: org.apache.ratis.thirdparty.io.grpc.StatusRuntimeException: UNAVAILABLE: io exception
2019-09-10 13:20:38,447 [grpc-default-executor-5] INFO  impl.FollowerInfo (FollowerInfo.java:lambda$new$0(51)) - 77c590a9-0e60-42d8-bbf8-e31004d5a9e8@group-5DD09A43E0EE->598fdd25-f3b3-418d-bbd3-bcbfa35279b9: nextIndex: updateUnconditionally 0 -> 0
2019-09-10 13:20:38,941 [grpc-default-executor-3] WARN  server.GrpcLogAppender (LogUtils.java:warn(134)) - 77c590a9-0e60-42d8-bbf8-e31004d5a9e8@group-5DD09A43E0EE->05e9b83b-b6ec-4168-9e18-fac302cf5421-AppendLogResponseHandler: Failed appendEntries: org.apache.ratis.thirdparty.io.grpc.StatusRuntimeException: UNAVAILABLE: io exception
2019-09-10 13:20:38,941 [grpc-default-executor-3] INFO  impl.FollowerInfo (FollowerInfo.java:lambda$new$0(51)) - 77c590a9-0e60-42d8-bbf8-e31004d5a9e8@group-5DD09A43E0EE->05e9b83b-b6ec-4168-9e18-fac302cf5421: nextIndex: updateUnconditionally 5 -> 4
2019-09-10 13:20:38,947 [grpc-default-executor-5] WARN  server.GrpcLogAppender (LogUtils.java:warn(134)) - 77c590a9-0e60-42d8-bbf8-e31004d5a9e8@group-5DD09A43E0EE->598fdd25-f3b3-418d-bbd3-bcbfa35279b9-AppendLogResponseHandler: Failed appendEntries: org.apache.ratis.thirdparty.io.grpc.StatusRuntimeException: UNAVAILABLE: io exception
2019-09-10 13:20:38,947 [grpc-default-executor-5] INFO  impl.FollowerInfo (FollowerInfo.java:lambda$new$0(51)) - 77c590a9-0e60-42d8-bbf8-e31004d5a9e8@group-5DD09A43E0EE->598fdd25-f3b3-418d-bbd3-bcbfa35279b9: nextIndex: updateUnconditionally 0 -> 0
2019-09-10 13:20:39,442 [grpc-default-executor-5] WARN  server.GrpcLogAppender (LogUtils.java:warn(134)) - 77c590a9-0e60-42d8-bbf8-e31004d5a9e8@group-5DD09A43E0EE->05e9b83b-b6ec-4168-9e18-fac302cf5421-AppendLogResponseHandler: Failed appendEntries: org.apache.ratis.thirdparty.io.grpc.StatusRuntimeException: UNAVAILABLE: io exception
2019-09-10 13:20:39,442 [grpc-default-executor-5] INFO  impl.FollowerInfo (FollowerInfo.java:lambda$new$0(51)) - 77c590a9-0e60-42d8-bbf8-e31004d5a9e8@group-5DD09A43E0EE->05e9b83b-b6ec-4168-9e18-fac302cf5421: nextIndex: updateUnconditionally 4 -> 3
2019-09-10 13:20:39,448 [grpc-default-executor-5] WARN  server.GrpcLogAppender (LogUtils.java:warn(134)) - 77c590a9-0e60-42d8-bbf8-e31004d5a9e8@group-5DD09A43E0EE->598fdd25-f3b3-418d-bbd3-bcbfa35279b9-AppendLogResponseHandler: Failed appendEntries: org.apache.ratis.thirdparty.io.grpc.StatusRuntimeException: UNAVAILABLE: io exception
2019-09-10 13:20:39,448 [grpc-default-executor-5] INFO  impl.FollowerInfo (FollowerInfo.java:lambda$new$0(51)) - 77c590a9-0e60-42d8-bbf8-e31004d5a9e8@group-5DD09A43E0EE->598fdd25-f3b3-418d-bbd3-bcbfa35279b9: nextIndex: updateUnconditionally 0 -> 0
2019-09-10 13:20:39,943 [grpc-default-executor-5] WARN  server.GrpcLogAppender (LogUtils.java:warn(134)) - 77c590a9-0e60-42d8-bbf8-e31004d5a9e8@group-5DD09A43E0EE->05e9b83b-b6ec-4168-9e18-fac302cf5421-AppendLogResponseHandler: Failed appendEntries: org.apache.ratis.thirdparty.io.grpc.StatusRuntimeException: UNAVAILABLE: io exception
2019-09-10 13:20:39,943 [grpc-default-executor-5] INFO  impl.FollowerInfo (FollowerInfo.java:lambda$new$0(51)) - 77c590a9-0e60-42d8-bbf8-e31004d5a9e8@group-5DD09A43E0EE->05e9b83b-b6ec-4168-9e18-fac302cf5421: nextIndex: updateUnconditionally 3 -> 2
2019-09-10 13:20:39,948 [grpc-default-executor-6] WARN  server.GrpcLogAppender (LogUtils.java:warn(134)) - 77c590a9-0e60-42d8-bbf8-e31004d5a9e8@group-5DD09A43E0EE->598fdd25-f3b3-418d-bbd3-bcbfa35279b9-AppendLogResponseHandler: Failed appendEntries: org.apache.ratis.thirdparty.io.grpc.StatusRuntimeException: UNAVAILABLE: io exception
2019-09-10 13:20:39,949 [grpc-default-executor-6] INFO  impl.FollowerInfo (FollowerInfo.java:lambda$new$0(51)) - 77c590a9-0e60-42d8-bbf8-e31004d5a9e8@group-5DD09A43E0EE->598fdd25-f3b3-418d-bbd3-bcbfa35279b9: nextIndex: updateUnconditionally 0 -> 0
2019-09-10 13:20:40,443 [grpc-default-executor-5] WARN  server.GrpcLogAppender (LogUtils.java:warn(134)) - 77c590a9-0e60-42d8-bbf8-e31004d5a9e8@group-5DD09A43E0EE->05e9b83b-b6ec-4168-9e18-fac302cf5421-AppendLogResponseHandler: Failed appendEntries: org.apache.ratis.thirdparty.io.grpc.StatusRuntimeException: UNAVAILABLE: io exception
2019-09-10 13:20:40,444 [grpc-default-executor-5] INFO  impl.FollowerInfo (FollowerInfo.java:lambda$new$0(51)) - 77c590a9-0e60-42d8-bbf8-e31004d5a9e8@group-5DD09A43E0EE->05e9b83b-b6ec-4168-9e18-fac302cf5421: nextIndex: updateUnconditionally 2 -> 1
2019-09-10 13:20:40,449 [grpc-default-executor-6] WARN  server.GrpcLogAppender (LogUtils.java:warn(134)) - 77c590a9-0e60-42d8-bbf8-e31004d5a9e8@group-5DD09A43E0EE->598fdd25-f3b3-418d-bbd3-bcbfa35279b9-AppendLogResponseHandler: Failed appendEntries: org.apache.ratis.thirdparty.io.grpc.StatusRuntimeException: UNAVAILABLE: io exception
2019-09-10 13:20:40,449 [grpc-default-executor-6] INFO  impl.FollowerInfo (FollowerInfo.java:lambda$new$0(51)) - 77c590a9-0e60-42d8-bbf8-e31004d5a9e8@group-5DD09A43E0EE->598fdd25-f3b3-418d-bbd3-bcbfa35279b9: nextIndex: updateUnconditionally 0 -> 0
2019-09-10 13:20:40,946 [grpc-default-executor-6] WARN  server.GrpcLogAppender (LogUtils.java:warn(134)) - 77c590a9-0e60-42d8-bbf8-e31004d5a9e8@group-5DD09A43E0EE->05e9b83b-b6ec-4168-9e18-fac302cf5421-AppendLogResponseHandler: Failed appendEntries: org.apache.ratis.thirdparty.io.grpc.StatusRuntimeException: UNAVAILABLE: io exception
2019-09-10 13:20:40,947 [grpc-default-executor-6] INFO  impl.FollowerInfo (FollowerInfo.java:lambda$new$0(51)) - 77c590a9-0e60-42d8-bbf8-e31004d5a9e8@group-5DD09A43E0EE->05e9b83b-b6ec-4168-9e18-fac302cf5421: nextIndex: updateUnconditionally 1 -> 0
2019-09-10 13:20:40,949 [grpc-default-executor-6] WARN  server.GrpcLogAppender (LogUtils.java:warn(134)) - 77c590a9-0e60-42d8-bbf8-e31004d5a9e8@group-5DD09A43E0EE->598fdd25-f3b3-418d-bbd3-bcbfa35279b9-AppendLogResponseHandler: Failed appendEntries: org.apache.ratis.thirdparty.io.grpc.StatusRuntimeException: UNAVAILABLE: io exception
2019-09-10 13:20:40,949 [grpc-default-executor-6] INFO  impl.FollowerInfo (FollowerInfo.java:lambda$new$0(51)) - 77c590a9-0e60-42d8-bbf8-e31004d5a9e8@group-5DD09A43E0EE->598fdd25-f3b3-418d-bbd3-bcbfa35279b9: nextIndex: updateUnconditionally 0 -> 0
2019-09-10 13:20:41,448 [grpc-default-executor-6] WARN  server.GrpcLogAppender (LogUtils.java:warn(134)) - 77c590a9-0e60-42d8-bbf8-e31004d5a9e8@group-5DD09A43E0EE->05e9b83b-b6ec-4168-9e18-fac302cf5421-AppendLogResponseHandler: Failed appendEntries: org.apache.ratis.thirdparty.io.grpc.StatusRuntimeException: UNAVAILABLE: io exception
2019-09-10 13:20:41,449 [grpc-default-executor-6] INFO  impl.FollowerInfo (FollowerInfo.java:lambda$new$0(51)) - 77c590a9-0e60-42d8-bbf8-e31004d5a9e8@group-5DD09A43E0EE->05e9b83b-b6ec-4168-9e18-fac302cf5421: nextIndex: updateUnconditionally 0 -> 0
2019-09-10 13:20:41,450 [grpc-default-executor-5] WARN  server.GrpcLogAppender (LogUtils.java:warn(134)) - 77c590a9-0e60-42d8-bbf8-e31004d5a9e8@group-5DD09A43E0EE->598fdd25-f3b3-418d-bbd3-bcbfa35279b9-AppendLogResponseHandler: Failed appendEntries: org.apache.ratis.thirdparty.io.grpc.StatusRuntimeException: UNAVAILABLE: io exception
2019-09-10 13:20:41,450 [grpc-default-executor-5] INFO  impl.FollowerInfo (FollowerInfo.java:lambda$new$0(51)) - 77c590a9-0e60-42d8-bbf8-e31004d5a9e8@group-5DD09A43E0EE->598fdd25-f3b3-418d-bbd3-bcbfa35279b9: nextIndex: updateUnconditionally 0 -> 0
2019-09-10 13:20:41,951 [grpc-default-executor-3] WARN  server.GrpcLogAppender (LogUtils.java:warn(134)) - 77c590a9-0e60-42d8-bbf8-e31004d5a9e8@group-5DD09A43E0EE->598fdd25-f3b3-418d-bbd3-bcbfa35279b9-AppendLogResponseHandler: Failed appendEntries: org.apache.ratis.thirdparty.io.grpc.StatusRuntimeException: UNAVAILABLE: io exception
2019-09-10 13:20:41,951 [grpc-default-executor-5] WARN  server.GrpcLogAppender (LogUtils.java:warn(134)) - 77c590a9-0e60-42d8-bbf8-e31004d5a9e8@group-5DD09A43E0EE->05e9b83b-b6ec-4168-9e18-fac302cf5421-AppendLogResponseHandler: Failed appendEntries: org.apache.ratis.thirdparty.io.grpc.StatusRuntimeException: UNAVAILABLE: io exception
2019-09-10 13:20:41,952 [grpc-default-executor-3] INFO  impl.FollowerInfo (FollowerInfo.java:lambda$new$0(51)) - 77c590a9-0e60-42d8-bbf8-e31004d5a9e8@group-5DD09A43E0EE->598fdd25-f3b3-418d-bbd3-bcbfa35279b9: nextIndex: updateUnconditionally 0 -> 0
2019-09-10 13:20:41,952 [grpc-default-executor-5] INFO  impl.FollowerInfo (FollowerInfo.java:lambda$new$0(51)) - 77c590a9-0e60-42d8-bbf8-e31004d5a9e8@group-5DD09A43E0EE->05e9b83b-b6ec-4168-9e18-fac302cf5421: nextIndex: updateUnconditionally 0 -> 0
2019-09-10 13:20:42,450 [grpc-default-executor-2] WARN  server.GrpcLogAppender (LogUtils.java:warn(134)) - 77c590a9-0e60-42d8-bbf8-e31004d5a9e8@group-5DD09A43E0EE->05e9b83b-b6ec-4168-9e18-fac302cf5421-AppendLogResponseHandler: Failed appendEntries: org.apache.ratis.thirdparty.io.grpc.StatusRuntimeException: UNAVAILABLE: io exception
2019-09-10 13:20:42,451 [grpc-default-executor-6] WARN  server.GrpcLogAppender (LogUtils.java:warn(134)) - 77c590a9-0e60-42d8-bbf8-e31004d5a9e8@group-5DD09A43E0EE->598fdd25-f3b3-418d-bbd3-bcbfa35279b9-AppendLogResponseHandler: Failed appendEntries: org.apache.ratis.thirdparty.io.grpc.StatusRuntimeException: UNAVAILABLE: io exception
2019-09-10 13:20:42,451 [grpc-default-executor-2] INFO  impl.FollowerInfo (FollowerInfo.java:lambda$new$0(51)) - 77c590a9-0e60-42d8-bbf8-e31004d5a9e8@group-5DD09A43E0EE->05e9b83b-b6ec-4168-9e18-fac302cf5421: nextIndex: updateUnconditionally 0 -> 0
2019-09-10 13:20:42,451 [grpc-default-executor-6] INFO  impl.FollowerInfo (FollowerInfo.java:lambda$new$0(51)) - 77c590a9-0e60-42d8-bbf8-e31004d5a9e8@group-5DD09A43E0EE->598fdd25-f3b3-418d-bbd3-bcbfa35279b9: nextIndex: updateUnconditionally 0 -> 0
2019-09-10 13:20:42,950 [grpc-default-executor-5] WARN  server.GrpcLogAppender (LogUtils.java:warn(134)) - 77c590a9-0e60-42d8-bbf8-e31004d5a9e8@group-5DD09A43E0EE->05e9b83b-b6ec-4168-9e18-fac302cf5421-AppendLogResponseHandler: Failed appendEntries: org.apache.ratis.thirdparty.io.grpc.StatusRuntimeException: UNAVAILABLE: io exception
2019-09-10 13:20:42,951 [grpc-default-executor-5] INFO  impl.FollowerInfo (FollowerInfo.java:lambda$new$0(51)) - 77c590a9-0e60-42d8-bbf8-e31004d5a9e8@group-5DD09A43E0EE->05e9b83b-b6ec-4168-9e18-fac302cf5421: nextIndex: updateUnconditionally 0 -> 0
2019-09-10 13:20:42,951 [grpc-default-executor-5] WARN  server.GrpcLogAppender (LogUtils.java:warn(134)) - 77c590a9-0e60-42d8-bbf8-e31004d5a9e8@group-5DD09A43E0EE->598fdd25-f3b3-418d-bbd3-bcbfa35279b9-AppendLogResponseHandler: Failed appendEntries: org.apache.ratis.thirdparty.io.grpc.StatusRuntimeException: UNAVAILABLE: io exception
2019-09-10 13:20:42,951 [grpc-default-executor-5] INFO  impl.FollowerInfo (FollowerInfo.java:lambda$new$0(51)) - 77c590a9-0e60-42d8-bbf8-e31004d5a9e8@group-5DD09A43E0EE->598fdd25-f3b3-418d-bbd3-bcbfa35279b9: nextIndex: updateUnconditionally 0 -> 0
2019-09-10 13:20:43,056 [main] INFO  ozoneimpl.OzoneContainer (OzoneContainer.java:stop(231)) - Attempting to stop container services.
2019-09-10 13:20:43,057 [main] INFO  impl.RaftServerProxy (RaftServerProxy.java:lambda$close$4(314)) - 77c590a9-0e60-42d8-bbf8-e31004d5a9e8: close
2019-09-10 13:20:43,058 [main] INFO  impl.RaftServerImpl (RaftServerImpl.java:lambda$shutdown$3(251)) - 77c590a9-0e60-42d8-bbf8-e31004d5a9e8@group-2A77EECC8ADC: shutdown
2019-09-10 13:20:43,058 [main] INFO  util.JmxRegister (JmxRegister.java:unregister(73)) - Successfully un-registered JMX Bean with object name Ratis:service=RaftServer,group=group-2A77EECC8ADC,id=77c590a9-0e60-42d8-bbf8-e31004d5a9e8
2019-09-10 13:20:43,058 [main] INFO  impl.RoleInfo (RoleInfo.java:shutdownLeaderState(104)) - 77c590a9-0e60-42d8-bbf8-e31004d5a9e8: shutdown LeaderState
2019-09-10 13:20:43,059 [main] INFO  impl.PendingRequests (PendingRequests.java:sendNotLeaderResponses(202)) - 77c590a9-0e60-42d8-bbf8-e31004d5a9e8-PendingRequests: sendNotLeaderResponses
2019-09-10 13:20:43,059 [main] INFO  impl.StateMachineUpdater (StateMachineUpdater.java:stopAndJoin(125)) - 77c590a9-0e60-42d8-bbf8-e31004d5a9e8@group-2A77EECC8ADC-StateMachineUpdater: set stopIndex = 0
2019-09-10 13:20:43,060 [main] INFO  impl.RaftServerImpl (ServerState.java:close(385)) - 77c590a9-0e60-42d8-bbf8-e31004d5a9e8@group-2A77EECC8ADC: closes. applyIndex: 0
2019-09-10 13:20:43,061 [77c590a9-0e60-42d8-bbf8-e31004d5a9e8@group-2A77EECC8ADC-SegmentedRaftLogWorker] INFO  segmented.SegmentedRaftLogWorker (SegmentedRaftLogWorker.java:run(313)) - 77c590a9-0e60-42d8-bbf8-e31004d5a9e8@group-2A77EECC8ADC-SegmentedRaftLogWorker was interrupted, exiting. There are 0 tasks remaining in the queue.
2019-09-10 13:20:43,061 [main] INFO  segmented.SegmentedRaftLogWorker (SegmentedRaftLogWorker.java:close(228)) - 77c590a9-0e60-42d8-bbf8-e31004d5a9e8@group-2A77EECC8ADC-SegmentedRaftLogWorker close()
2019-09-10 13:20:43,062 [main] INFO  impl.RaftServerImpl (RaftServerImpl.java:lambda$shutdown$3(251)) - 77c590a9-0e60-42d8-bbf8-e31004d5a9e8@group-5DD09A43E0EE: shutdown
2019-09-10 13:20:43,063 [main] INFO  util.JmxRegister (JmxRegister.java:unregister(73)) - Successfully un-registered JMX Bean with object name Ratis:service=RaftServer,group=group-5DD09A43E0EE,id=77c590a9-0e60-42d8-bbf8-e31004d5a9e8
2019-09-10 13:20:43,063 [main] INFO  impl.RoleInfo (RoleInfo.java:shutdownLeaderState(104)) - 77c590a9-0e60-42d8-bbf8-e31004d5a9e8: shutdown LeaderState
2019-09-10 13:20:43,065 [main] INFO  impl.PendingRequests (PendingRequests.java:sendNotLeaderResponses(202)) - 77c590a9-0e60-42d8-bbf8-e31004d5a9e8-PendingRequests: sendNotLeaderResponses
2019-09-10 13:20:43,065 [org.apache.ratis.server.impl.LogAppender$AppenderDaemon$$Lambda$506/756286561@130b39c1] WARN  server.GrpcLogAppender (GrpcLogAppender.java:mayWait(143)) - 77c590a9-0e60-42d8-bbf8-e31004d5a9e8@group-5DD09A43E0EE->598fdd25-f3b3-418d-bbd3-bcbfa35279b9-GrpcLogAppender: Wait interrupted by java.lang.InterruptedException
2019-09-10 13:20:43,065 [org.apache.ratis.server.impl.LogAppender$AppenderDaemon$$Lambda$506/756286561@390296d5] WARN  server.GrpcLogAppender (GrpcLogAppender.java:mayWait(143)) - 77c590a9-0e60-42d8-bbf8-e31004d5a9e8@group-5DD09A43E0EE->05e9b83b-b6ec-4168-9e18-fac302cf5421-GrpcLogAppender: Wait interrupted by java.lang.InterruptedException
2019-09-10 13:20:43,068 [main] INFO  impl.StateMachineUpdater (StateMachineUpdater.java:stopAndJoin(125)) - 77c590a9-0e60-42d8-bbf8-e31004d5a9e8@group-5DD09A43E0EE-StateMachineUpdater: set stopIndex = 15
2019-09-10 13:20:43,068 [77c590a9-0e60-42d8-bbf8-e31004d5a9e8@group-5DD09A43E0EE-StateMachineUpdater] INFO  ratis.ContainerStateMachine (ContainerStateMachine.java:takeSnapshot(289)) - group-5DD09A43E0EE: Taking a snapshot at:(t:2, i:12) file /workdir/hadoop-ozone/integration-test/target/test-dir/MiniOzoneClusterImpl-bbba21db-ec34-461e-a1c1-b53f0753d0be/datanode-1/data/ratis/a1875e11-a122-4470-9655-5dd09a43e0ee/sm/snapshot.2_12
2019-09-10 13:20:43,087 [77c590a9-0e60-42d8-bbf8-e31004d5a9e8@group-5DD09A43E0EE-StateMachineUpdater] INFO  ratis.ContainerStateMachine (ContainerStateMachine.java:takeSnapshot(300)) - group-5DD09A43E0EE: Finished taking a snapshot at:(t:2, i:12) file:/workdir/hadoop-ozone/integration-test/target/test-dir/MiniOzoneClusterImpl-bbba21db-ec34-461e-a1c1-b53f0753d0be/datanode-1/data/ratis/a1875e11-a122-4470-9655-5dd09a43e0ee/sm/snapshot.2_12 time:19
2019-09-10 13:20:43,087 [77c590a9-0e60-42d8-bbf8-e31004d5a9e8@group-5DD09A43E0EE-StateMachineUpdater] INFO  impl.StateMachineUpdater (StateMachineUpdater.java:takeSnapshot(258)) - 77c590a9-0e60-42d8-bbf8-e31004d5a9e8@group-5DD09A43E0EE-StateMachineUpdater: Took a snapshot at index 12
2019-09-10 13:20:43,087 [77c590a9-0e60-42d8-bbf8-e31004d5a9e8@group-5DD09A43E0EE-StateMachineUpdater] INFO  impl.StateMachineUpdater (StateMachineUpdater.java:lambda$new$0(83)) - 77c590a9-0e60-42d8-bbf8-e31004d5a9e8@group-5DD09A43E0EE-StateMachineUpdater: snapshotIndex: updateIncreasingly -1 -> 12
2019-09-10 13:20:43,087 [77c590a9-0e60-42d8-bbf8-e31004d5a9e8@group-5DD09A43E0EE-StateMachineUpdater] INFO  ratis.ContainerStateMachine (ContainerStateMachine.java:takeSnapshot(289)) - group-5DD09A43E0EE: Taking a snapshot at:(t:2, i:12) file /workdir/hadoop-ozone/integration-test/target/test-dir/MiniOzoneClusterImpl-bbba21db-ec34-461e-a1c1-b53f0753d0be/datanode-1/data/ratis/a1875e11-a122-4470-9655-5dd09a43e0ee/sm/snapshot.2_12
2019-09-10 13:20:43,100 [77c590a9-0e60-42d8-bbf8-e31004d5a9e8@group-5DD09A43E0EE-StateMachineUpdater] INFO  ratis.ContainerStateMachine (ContainerStateMachine.java:takeSnapshot(300)) - group-5DD09A43E0EE: Finished taking a snapshot at:(t:2, i:12) file:/workdir/hadoop-ozone/integration-test/target/test-dir/MiniOzoneClusterImpl-bbba21db-ec34-461e-a1c1-b53f0753d0be/datanode-1/data/ratis/a1875e11-a122-4470-9655-5dd09a43e0ee/sm/snapshot.2_12 time:12
2019-09-10 13:20:43,100 [77c590a9-0e60-42d8-bbf8-e31004d5a9e8@group-5DD09A43E0EE-StateMachineUpdater] INFO  impl.StateMachineUpdater (StateMachineUpdater.java:takeSnapshot(258)) - 77c590a9-0e60-42d8-bbf8-e31004d5a9e8@group-5DD09A43E0EE-StateMachineUpdater: Took a snapshot at index 12
2019-09-10 13:20:43,100 [77c590a9-0e60-42d8-bbf8-e31004d5a9e8@group-5DD09A43E0EE-StateMachineUpdater] INFO  impl.StateMachineUpdater (StateMachineUpdater.java:lambda$new$0(83)) - 77c590a9-0e60-42d8-bbf8-e31004d5a9e8@group-5DD09A43E0EE-StateMachineUpdater: snapshotIndex: updateIncreasingly 12 -> 12
2019-09-10 13:20:43,100 [main] INFO  impl.RaftServerImpl (ServerState.java:close(385)) - 77c590a9-0e60-42d8-bbf8-e31004d5a9e8@group-5DD09A43E0EE: closes. applyIndex: 15
2019-09-10 13:20:43,102 [77c590a9-0e60-42d8-bbf8-e31004d5a9e8@group-5DD09A43E0EE-SegmentedRaftLogWorker] ERROR ratis.XceiverServerRatis (XceiverServerRatis.java:triggerPipelineClose(568)) - pipeline Action CLOSE  on pipeline PipelineID=a1875e11-a122-4470-9655-5dd09a43e0ee.Reason : WriteLog:18: (t:2, i:18), STATEMACHINELOGENTRY, client-7BF1329EB290, cid=53-writeStateMachineData interrupted.
2019-09-10 13:20:43,113 [main] INFO  segmented.SegmentedRaftLogWorker (SegmentedRaftLogWorker.java:close(228)) - 77c590a9-0e60-42d8-bbf8-e31004d5a9e8@group-5DD09A43E0EE-SegmentedRaftLogWorker close()
2019-09-10 13:20:43,115 [main] INFO  server.GrpcService (GrpcService.java:closeImpl(164)) - 77c590a9-0e60-42d8-bbf8-e31004d5a9e8: shutdown server with port 41260 now
2019-09-10 13:20:43,115 [main] INFO  server.GrpcService (GrpcService.java:closeImpl(172)) - 77c590a9-0e60-42d8-bbf8-e31004d5a9e8: shutdown server with port 41260 successfully
2019-09-10 13:20:43,124 [refreshUsed-/workdir/hadoop-ozone/integration-test/target/test-dir/MiniOzoneClusterImpl-bbba21db-ec34-461e-a1c1-b53f0753d0be/datanode-1/data/containers] WARN  fs.CachingGetSpaceUsed (CachingGetSpaceUsed.java:run(183)) - Thread Interrupted waiting to refresh disk information: sleep interrupted
2019-09-10 13:20:43,143 [main] INFO  utils.BackgroundService (BackgroundService.java:shutdown(148)) - Shutting down service BlockDeletingService
2019-09-10 13:20:43,147 [main] INFO  statemachine.DatanodeStateMachine (DatanodeStateMachine.java:stopDaemon(395)) - Ozone container server stopped.
2019-09-10 13:20:43,149 [main] INFO  handler.ContextHandler (ContextHandler.java:doStop(910)) - Stopped o.e.j.w.WebAppContext@25ad4f71{/,null,UNAVAILABLE}{/hddsDatanode}
2019-09-10 13:20:43,150 [main] INFO  server.AbstractConnector (AbstractConnector.java:doStop(318)) - Stopped ServerConnector@49faf066{HTTP/1.1,[http/1.1]}{0.0.0.0:0}
2019-09-10 13:20:43,150 [main] INFO  handler.ContextHandler (ContextHandler.java:doStop(910)) - Stopped o.e.j.s.ServletContextHandler@15400fff{/static,jar:file:/home/user/.m2/repository/org/apache/hadoop/hadoop-hdds-container-service/0.5.0-SNAPSHOT/hadoop-hdds-container-service-0.5.0-SNAPSHOT.jar!/webapps/static,UNAVAILABLE}
2019-09-10 13:20:43,151 [main] INFO  handler.ContextHandler (ContextHandler.java:doStop(910)) - Stopped o.e.j.s.ServletContextHandler@654c7d2d{/logs,file:///workdir/hadoop-ozone/integration-test/target/log,UNAVAILABLE}
2019-09-10 13:20:43,152 [main] INFO  ozone.MiniOzoneClusterImpl (MiniOzoneClusterImpl.java:stop(339)) - Stopping the StorageContainerManager
2019-09-10 13:20:43,152 [main] INFO  server.StorageContainerManager (StorageContainerManager.java:stop(801)) - Stopping Replication Manager Service.
2019-09-10 13:20:43,152 [main] INFO  container.ReplicationManager (ReplicationManager.java:stop(203)) - Stopping Replication Monitor Thread.
2019-09-10 13:20:43,153 [main] INFO  server.StorageContainerManager (StorageContainerManager.java:stop(808)) - Stopping Lease Manager of the command watchers
2019-09-10 13:20:43,153 [main] INFO  server.StorageContainerManager (StorageContainerManager.java:stop(815)) - Stopping datanode service RPC server
2019-09-10 13:20:43,153 [main] INFO  server.SCMDatanodeProtocolServer (SCMDatanodeProtocolServer.java:stop(367)) - Stopping the RPC server for DataNodes
2019-09-10 13:20:43,154 [main] INFO  ipc.Server (Server.java:stop(3082)) - Stopping server on 33462
2019-09-10 13:20:43,156 [IPC Server listener on 33462] INFO  ipc.Server (Server.java:run(1185)) - Stopping IPC Server listener on 33462
2019-09-10 13:20:43,156 [IPC Server Responder] INFO  ipc.Server (Server.java:run(1319)) - Stopping IPC Server Responder
2019-09-10 13:20:43,245 [SCM Heartbeat Processing Thread - 0] WARN  node.NodeStateManager (NodeStateManager.java:scheduleNextHealthCheck(646)) - Current Thread is interrupted, shutting down HB processing thread for Node Manager.
2019-09-10 13:20:43,246 [main] INFO  server.StorageContainerManager (StorageContainerManager.java:stop(823)) - Stopping block service RPC server
2019-09-10 13:20:43,246 [main] INFO  server.SCMBlockProtocolServer (SCMBlockProtocolServer.java:stop(155)) - Stopping the RPC server for Block Protocol
2019-09-10 13:20:43,246 [main] INFO  ipc.Server (Server.java:stop(3082)) - Stopping server on 40452
2019-09-10 13:20:43,249 [IPC Server listener on 40452] INFO  ipc.Server (Server.java:run(1185)) - Stopping IPC Server listener on 40452
2019-09-10 13:20:43,249 [main] INFO  server.StorageContainerManager (StorageContainerManager.java:stop(830)) - Stopping the StorageContainerLocationProtocol RPC server
2019-09-10 13:20:43,249 [IPC Server Responder] INFO  ipc.Server (Server.java:run(1319)) - Stopping IPC Server Responder
2019-09-10 13:20:43,249 [main] INFO  server.SCMClientProtocolServer (SCMClientProtocolServer.java:stop(159)) - Stopping the RPC server for Client Protocol
2019-09-10 13:20:43,250 [main] INFO  ipc.Server (Server.java:stop(3082)) - Stopping server on 38784
2019-09-10 13:20:43,252 [IPC Server listener on 38784] INFO  ipc.Server (Server.java:run(1185)) - Stopping IPC Server listener on 38784
2019-09-10 13:20:43,252 [IPC Server Responder] INFO  ipc.Server (Server.java:run(1319)) - Stopping IPC Server Responder
2019-09-10 13:20:43,252 [main] INFO  server.StorageContainerManager (StorageContainerManager.java:stop(837)) - Stopping Storage Container Manager HTTP server.
2019-09-10 13:20:43,253 [main] INFO  handler.ContextHandler (ContextHandler.java:doStop(910)) - Stopped o.e.j.w.WebAppContext@7555b920{/,null,UNAVAILABLE}{/scm}
2019-09-10 13:20:43,254 [main] INFO  server.AbstractConnector (AbstractConnector.java:doStop(318)) - Stopped ServerConnector@6db66836{HTTP/1.1,[http/1.1]}{0.0.0.0:0}
2019-09-10 13:20:43,254 [main] INFO  handler.ContextHandler (ContextHandler.java:doStop(910)) - Stopped o.e.j.s.ServletContextHandler@6622fc65{/static,file:///workdir/hadoop-ozone/integration-test/target/test-classes/webapps/static,UNAVAILABLE}
2019-09-10 13:20:43,255 [main] INFO  handler.ContextHandler (ContextHandler.java:doStop(910)) - Stopped o.e.j.s.ServletContextHandler@732f29af{/logs,file:///workdir/hadoop-ozone/integration-test/target/log,UNAVAILABLE}
2019-09-10 13:20:43,256 [main] INFO  server.StorageContainerManager (StorageContainerManager.java:stop(848)) - Stopping Block Manager Service.
2019-09-10 13:20:43,256 [main] INFO  utils.BackgroundService (BackgroundService.java:shutdown(148)) - Shutting down service SCMBlockDeletingService
2019-09-10 13:20:43,257 [main] INFO  utils.BackgroundService (BackgroundService.java:shutdown(148)) - Shutting down service SCMBlockDeletingService
2019-09-10 13:20:43,257 [main] INFO  server.StorageContainerManager (StorageContainerManager.java:stop(870)) - Stopping SCM Event Queue.
2019-09-10 13:20:43,266 [main] INFO  impl.MetricsSystemImpl (MetricsSystemImpl.java:stop(210)) - Stopping XceiverClientMetrics metrics system...
2019-09-10 13:20:43,280 [prometheus] INFO  impl.MetricsSinkAdapter (MetricsSinkAdapter.java:publishMetricsFromQueue(141)) - prometheus thread interrupted.
2019-09-10 13:20:43,281 [main] INFO  impl.MetricsSystemImpl (MetricsSystemImpl.java:stop(216)) - XceiverClientMetrics metrics system stopped.
]]></system-out>
    <system-err><![CDATA[ERROR StatusLogger No Log4j 2 configuration file found. Using default configuration (logging only errors to the console), or user programmatically provided configurations. Set system property 'log4j2.debug' to show Log4j 2 internal initialization logging. See https://logging.apache.org/log4j/2.x/manual/configuration.html for instructions on how to configure Log4j 2
Sep 10, 2019 1:19:35 PM org.apache.ratis.thirdparty.io.grpc.internal.SerializingExecutor run
SEVERE: Exception while executing runnable org.apache.ratis.thirdparty.io.grpc.internal.ServerImpl$JumpToApplicationThreadServerStreamListener$1Closed@4e71ce57
org.apache.ratis.thirdparty.io.grpc.StatusRuntimeException: CANCELLED: call already cancelled
	at org.apache.ratis.thirdparty.io.grpc.Status.asRuntimeException(Status.java:517)
	at org.apache.ratis.thirdparty.io.grpc.stub.ServerCalls$ServerCallStreamObserverImpl.onCompleted(ServerCalls.java:356)
	at org.apache.ratis.grpc.server.GrpcServerProtocolService$ServerRequestStreamObserver.onError(GrpcServerProtocolService.java:121)
	at org.apache.ratis.thirdparty.io.grpc.stub.ServerCalls$StreamingServerCallHandler$StreamingServerCallListener.onCancel(ServerCalls.java:269)
	at org.apache.ratis.thirdparty.io.grpc.internal.ServerCallImpl$ServerStreamListenerImpl.closed(ServerCallImpl.java:293)
	at org.apache.ratis.thirdparty.io.grpc.internal.ServerImpl$JumpToApplicationThreadServerStreamListener$1Closed.runInContext(ServerImpl.java:741)
	at org.apache.ratis.thirdparty.io.grpc.internal.ContextRunnable.run(ContextRunnable.java:37)
	at org.apache.ratis.thirdparty.io.grpc.internal.SerializingExecutor.run(SerializingExecutor.java:123)
	at java.util.concurrent.ThreadPoolExecutor.runWorker(ThreadPoolExecutor.java:1149)
	at java.util.concurrent.ThreadPoolExecutor$Worker.run(ThreadPoolExecutor.java:624)
	at java.lang.Thread.run(Thread.java:748)

Sep 10, 2019 1:19:59 PM org.apache.ratis.thirdparty.io.grpc.internal.SerializingExecutor run
SEVERE: Exception while executing runnable org.apache.ratis.thirdparty.io.grpc.internal.ServerImpl$JumpToApplicationThreadServerStreamListener$1Closed@9777a96
org.apache.ratis.thirdparty.io.grpc.StatusRuntimeException: CANCELLED: call already cancelled
	at org.apache.ratis.thirdparty.io.grpc.Status.asRuntimeException(Status.java:517)
	at org.apache.ratis.thirdparty.io.grpc.stub.ServerCalls$ServerCallStreamObserverImpl.onCompleted(ServerCalls.java:356)
	at org.apache.ratis.grpc.server.GrpcServerProtocolService$ServerRequestStreamObserver.onError(GrpcServerProtocolService.java:121)
	at org.apache.ratis.thirdparty.io.grpc.stub.ServerCalls$StreamingServerCallHandler$StreamingServerCallListener.onCancel(ServerCalls.java:269)
	at org.apache.ratis.thirdparty.io.grpc.internal.ServerCallImpl$ServerStreamListenerImpl.closed(ServerCallImpl.java:293)
	at org.apache.ratis.thirdparty.io.grpc.internal.ServerImpl$JumpToApplicationThreadServerStreamListener$1Closed.runInContext(ServerImpl.java:741)
	at org.apache.ratis.thirdparty.io.grpc.internal.ContextRunnable.run(ContextRunnable.java:37)
	at org.apache.ratis.thirdparty.io.grpc.internal.SerializingExecutor.run(SerializingExecutor.java:123)
	at java.util.concurrent.ThreadPoolExecutor.runWorker(ThreadPoolExecutor.java:1149)
	at java.util.concurrent.ThreadPoolExecutor$Worker.run(ThreadPoolExecutor.java:624)
	at java.lang.Thread.run(Thread.java:748)

Sep 10, 2019 1:20:22 PM org.apache.ratis.thirdparty.io.grpc.internal.SerializingExecutor run
SEVERE: Exception while executing runnable org.apache.ratis.thirdparty.io.grpc.internal.ServerImpl$JumpToApplicationThreadServerStreamListener$1Closed@74fc0e8f
org.apache.ratis.thirdparty.io.grpc.StatusRuntimeException: CANCELLED: call already cancelled
	at org.apache.ratis.thirdparty.io.grpc.Status.asRuntimeException(Status.java:517)
	at org.apache.ratis.thirdparty.io.grpc.stub.ServerCalls$ServerCallStreamObserverImpl.onCompleted(ServerCalls.java:356)
	at org.apache.ratis.grpc.server.GrpcServerProtocolService$ServerRequestStreamObserver.onError(GrpcServerProtocolService.java:121)
	at org.apache.ratis.thirdparty.io.grpc.stub.ServerCalls$StreamingServerCallHandler$StreamingServerCallListener.onCancel(ServerCalls.java:269)
	at org.apache.ratis.thirdparty.io.grpc.internal.ServerCallImpl$ServerStreamListenerImpl.closed(ServerCallImpl.java:293)
	at org.apache.ratis.thirdparty.io.grpc.internal.ServerImpl$JumpToApplicationThreadServerStreamListener$1Closed.runInContext(ServerImpl.java:741)
	at org.apache.ratis.thirdparty.io.grpc.internal.ContextRunnable.run(ContextRunnable.java:37)
	at org.apache.ratis.thirdparty.io.grpc.internal.SerializingExecutor.run(SerializingExecutor.java:123)
	at java.util.concurrent.ThreadPoolExecutor.runWorker(ThreadPoolExecutor.java:1149)
	at java.util.concurrent.ThreadPoolExecutor$Worker.run(ThreadPoolExecutor.java:624)
	at java.lang.Thread.run(Thread.java:748)

Sep 10, 2019 1:20:27 PM org.apache.ratis.thirdparty.io.grpc.internal.SerializingExecutor run
SEVERE: Exception while executing runnable org.apache.ratis.thirdparty.io.grpc.internal.ServerImpl$JumpToApplicationThreadServerStreamListener$1Closed@1f9fdc4d
org.apache.ratis.thirdparty.io.grpc.StatusRuntimeException: CANCELLED: call already cancelled
	at org.apache.ratis.thirdparty.io.grpc.Status.asRuntimeException(Status.java:517)
	at org.apache.ratis.thirdparty.io.grpc.stub.ServerCalls$ServerCallStreamObserverImpl.onCompleted(ServerCalls.java:356)
	at org.apache.ratis.grpc.server.GrpcServerProtocolService$ServerRequestStreamObserver.onError(GrpcServerProtocolService.java:121)
	at org.apache.ratis.thirdparty.io.grpc.stub.ServerCalls$StreamingServerCallHandler$StreamingServerCallListener.onCancel(ServerCalls.java:269)
	at org.apache.ratis.thirdparty.io.grpc.internal.ServerCallImpl$ServerStreamListenerImpl.closed(ServerCallImpl.java:293)
	at org.apache.ratis.thirdparty.io.grpc.internal.ServerImpl$JumpToApplicationThreadServerStreamListener$1Closed.runInContext(ServerImpl.java:741)
	at org.apache.ratis.thirdparty.io.grpc.internal.ContextRunnable.run(ContextRunnable.java:37)
	at org.apache.ratis.thirdparty.io.grpc.internal.SerializingExecutor.run(SerializingExecutor.java:123)
	at java.util.concurrent.ThreadPoolExecutor.runWorker(ThreadPoolExecutor.java:1149)
	at java.util.concurrent.ThreadPoolExecutor$Worker.run(ThreadPoolExecutor.java:624)
	at java.lang.Thread.run(Thread.java:748)

Sep 10, 2019 1:20:32 PM org.apache.ratis.thirdparty.io.grpc.internal.SerializingExecutor run
SEVERE: Exception while executing runnable org.apache.ratis.thirdparty.io.grpc.internal.ServerImpl$JumpToApplicationThreadServerStreamListener$1Closed@4b14f9c9
org.apache.ratis.thirdparty.io.grpc.StatusRuntimeException: CANCELLED: call already cancelled
	at org.apache.ratis.thirdparty.io.grpc.Status.asRuntimeException(Status.java:517)
	at org.apache.ratis.thirdparty.io.grpc.stub.ServerCalls$ServerCallStreamObserverImpl.onCompleted(ServerCalls.java:356)
	at org.apache.ratis.grpc.server.GrpcServerProtocolService$ServerRequestStreamObserver.onError(GrpcServerProtocolService.java:121)
	at org.apache.ratis.thirdparty.io.grpc.stub.ServerCalls$StreamingServerCallHandler$StreamingServerCallListener.onCancel(ServerCalls.java:269)
	at org.apache.ratis.thirdparty.io.grpc.internal.ServerCallImpl$ServerStreamListenerImpl.closed(ServerCallImpl.java:293)
	at org.apache.ratis.thirdparty.io.grpc.internal.ServerImpl$JumpToApplicationThreadServerStreamListener$1Closed.runInContext(ServerImpl.java:741)
	at org.apache.ratis.thirdparty.io.grpc.internal.ContextRunnable.run(ContextRunnable.java:37)
	at org.apache.ratis.thirdparty.io.grpc.internal.SerializingExecutor.run(SerializingExecutor.java:123)
	at java.util.concurrent.ThreadPoolExecutor.runWorker(ThreadPoolExecutor.java:1149)
	at java.util.concurrent.ThreadPoolExecutor$Worker.run(ThreadPoolExecutor.java:624)
	at java.lang.Thread.run(Thread.java:748)

Sep 10, 2019 1:20:33 PM org.apache.ratis.thirdparty.io.grpc.internal.SerializingExecutor run
SEVERE: Exception while executing runnable org.apache.ratis.thirdparty.io.grpc.internal.ServerImpl$JumpToApplicationThreadServerStreamListener$1Closed@7a56be09
org.apache.ratis.thirdparty.io.grpc.StatusRuntimeException: CANCELLED: call already cancelled
	at org.apache.ratis.thirdparty.io.grpc.Status.asRuntimeException(Status.java:517)
	at org.apache.ratis.thirdparty.io.grpc.stub.ServerCalls$ServerCallStreamObserverImpl.onCompleted(ServerCalls.java:356)
	at org.apache.ratis.grpc.server.GrpcServerProtocolService$ServerRequestStreamObserver.onError(GrpcServerProtocolService.java:121)
	at org.apache.ratis.thirdparty.io.grpc.stub.ServerCalls$StreamingServerCallHandler$StreamingServerCallListener.onCancel(ServerCalls.java:269)
	at org.apache.ratis.thirdparty.io.grpc.internal.ServerCallImpl$ServerStreamListenerImpl.closed(ServerCallImpl.java:293)
	at org.apache.ratis.thirdparty.io.grpc.internal.ServerImpl$JumpToApplicationThreadServerStreamListener$1Closed.runInContext(ServerImpl.java:741)
	at org.apache.ratis.thirdparty.io.grpc.internal.ContextRunnable.run(ContextRunnable.java:37)
	at org.apache.ratis.thirdparty.io.grpc.internal.SerializingExecutor.run(SerializingExecutor.java:123)
	at java.util.concurrent.ThreadPoolExecutor.runWorker(ThreadPoolExecutor.java:1149)
	at java.util.concurrent.ThreadPoolExecutor$Worker.run(ThreadPoolExecutor.java:624)
	at java.lang.Thread.run(Thread.java:748)

]]></system-err>
  </testcase>
  <testcase name="testMultiBlockWritesWithDnFailures" classname="org.apache.hadoop.ozone.client.rpc.TestMultiBlockWritesWithDnFailures" time="46.211"/>
</testsuite>