<?xml version="1.0" encoding="UTF-8"?>
<testsuite xmlns:xsi="http://www.w3.org/2001/XMLSchema-instance" xsi:noNamespaceSchemaLocation="https://maven.apache.org/surefire/maven-surefire-plugin/xsd/surefire-test-report.xsd" name="org.apache.hadoop.ozone.freon.TestRandomKeyGenerator" time="144.475" tests="6" errors="1" skipped="0" failures="0">
  <properties>
    <property name="awt.toolkit" value="sun.awt.X11.XToolkit"/>
    <property name="file.encoding.pkg" value="sun.io"/>
    <property name="java.specification.version" value="1.8"/>
    <property name="sun.cpu.isalist" value=""/>
    <property name="sun.jnu.encoding" value="UTF-8"/>
    <property name="java.class.path" value="/workdir/hadoop-ozone/tools/target/test-classes:/workdir/hadoop-ozone/tools/target/classes:/home/user/.m2/repository/org/apache/hadoop/hadoop-ozone-ozone-manager/0.5.0-SNAPSHOT/hadoop-ozone-ozone-manager-0.5.0-SNAPSHOT.jar:/home/user/.m2/repository/org/apache/hadoop/hadoop-hdds-docs/0.5.0-SNAPSHOT/hadoop-hdds-docs-0.5.0-SNAPSHOT.jar:/home/user/.m2/repository/org/bouncycastle/bcprov-jdk15on/1.60/bcprov-jdk15on-1.60.jar:/home/user/.m2/repository/org/apache/hadoop/hadoop-ozone-common/0.5.0-SNAPSHOT/hadoop-ozone-common-0.5.0-SNAPSHOT.jar:/home/user/.m2/repository/org/apache/commons/commons-compress/1.4.1/commons-compress-1.4.1.jar:/home/user/.m2/repository/org/tukaani/xz/1.0/xz-1.0.jar:/home/user/.m2/repository/org/apache/hadoop/hadoop-hdfs-client/3.2.0/hadoop-hdfs-client-3.2.0.jar:/home/user/.m2/repository/com/fasterxml/jackson/core/jackson-annotations/2.9.5/jackson-annotations-2.9.5.jar:/home/user/.m2/repository/org/apache/hadoop/hadoop-hdds-common/0.5.0-SNAPSHOT/hadoop-hdds-common-0.5.0-SNAPSHOT.jar:/home/user/.m2/repository/org/apache/hadoop/hadoop-hdds-config/0.5.0-SNAPSHOT/hadoop-hdds-config-0.5.0-SNAPSHOT.jar:/home/user/.m2/repository/javax/annotation/javax.annotation-api/1.2/javax.annotation-api-1.2.jar:/home/user/.m2/repository/org/apache/ratis/ratis-server/0.4.0-2337318-SNAPSHOT/ratis-server-0.4.0-2337318-SNAPSHOT.jar:/home/user/.m2/repository/org/apache/ratis/ratis-thirdparty-misc/0.2.0/ratis-thirdparty-misc-0.2.0.jar:/home/user/.m2/repository/org/apache/ratis/ratis-proto/0.4.0-2337318-SNAPSHOT/ratis-proto-0.4.0-2337318-SNAPSHOT.jar:/home/user/.m2/repository/org/apache/ratis/ratis-common/0.4.0-2337318-SNAPSHOT/ratis-common-0.4.0-2337318-SNAPSHOT.jar:/home/user/.m2/repository/org/apache/ratis/ratis-client/0.4.0-2337318-SNAPSHOT/ratis-client-0.4.0-2337318-SNAPSHOT.jar:/home/user/.m2/repository/org/apache/ratis/ratis-metrics/0.4.0-2337318-SNAPSHOT/ratis-metrics-0.4.0-2337318-SNAPSHOT.jar:/home/user/.m2/repository/org/apache/ratis/ratis-netty/0.4.0-2337318-SNAPSHOT/ratis-netty-0.4.0-2337318-SNAPSHOT.jar:/home/user/.m2/repository/org/apache/ratis/ratis-grpc/0.4.0-2337318-SNAPSHOT/ratis-grpc-0.4.0-2337318-SNAPSHOT.jar:/home/user/.m2/repository/org/rocksdb/rocksdbjni/6.0.1/rocksdbjni-6.0.1.jar:/home/user/.m2/repository/org/apache/logging/log4j/log4j-api/2.11.0/log4j-api-2.11.0.jar:/home/user/.m2/repository/org/apache/logging/log4j/log4j-core/2.11.0/log4j-core-2.11.0.jar:/home/user/.m2/repository/com/lmax/disruptor/3.4.2/disruptor-3.4.2.jar:/home/user/.m2/repository/org/apache/commons/commons-pool2/2.6.0/commons-pool2-2.6.0.jar:/home/user/.m2/repository/org/bouncycastle/bcpkix-jdk15on/1.60/bcpkix-jdk15on-1.60.jar:/home/user/.m2/repository/commons-validator/commons-validator/1.6/commons-validator-1.6.jar:/home/user/.m2/repository/commons-digester/commons-digester/1.8.1/commons-digester-1.8.1.jar:/home/user/.m2/repository/io/jaegertracing/jaeger-client/0.33.1/jaeger-client-0.33.1.jar:/home/user/.m2/repository/io/jaegertracing/jaeger-thrift/0.33.1/jaeger-thrift-0.33.1.jar:/home/user/.m2/repository/org/apache/thrift/libthrift/0.11.0/libthrift-0.11.0.jar:/home/user/.m2/repository/com/squareup/okhttp3/okhttp/3.9.0/okhttp-3.9.0.jar:/home/user/.m2/repository/com/squareup/okio/okio/1.13.0/okio-1.13.0.jar:/home/user/.m2/repository/io/jaegertracing/jaeger-core/0.33.1/jaeger-core-0.33.1.jar:/home/user/.m2/repository/io/jaegertracing/jaeger-tracerresolver/0.33.1/jaeger-tracerresolver-0.33.1.jar:/home/user/.m2/repository/io/opentracing/contrib/opentracing-tracerresolver/0.1.5/opentracing-tracerresolver-0.1.5.jar:/home/user/.m2/repository/io/opentracing/opentracing-util/0.31.0/opentracing-util-0.31.0.jar:/home/user/.m2/repository/io/opentracing/opentracing-api/0.31.0/opentracing-api-0.31.0.jar:/home/user/.m2/repository/io/opentracing/opentracing-noop/0.31.0/opentracing-noop-0.31.0.jar:/home/user/.m2/repository/org/yaml/snakeyaml/1.16/snakeyaml-1.16.jar:/home/user/.m2/repository/org/apache/hadoop/hadoop-hdds-container-service/0.5.0-SNAPSHOT/hadoop-hdds-container-service-0.5.0-SNAPSHOT.jar:/home/user/.m2/repository/org/apache/hadoop/hadoop-hdds-client/0.5.0-SNAPSHOT/hadoop-hdds-client-0.5.0-SNAPSHOT.jar:/home/user/.m2/repository/org/apache/hadoop/hadoop-hdds-tools/0.5.0-SNAPSHOT/hadoop-hdds-tools-0.5.0-SNAPSHOT.jar:/home/user/.m2/repository/org/xerial/sqlite-jdbc/3.25.2/sqlite-jdbc-3.25.2.jar:/home/user/.m2/repository/org/apache/hadoop/hadoop-hdds-server-scm/0.5.0-SNAPSHOT/hadoop-hdds-server-scm-0.5.0-SNAPSHOT.jar:/home/user/.m2/repository/org/hamcrest/hamcrest-all/1.3/hamcrest-all-1.3.jar:/home/user/.m2/repository/info/picocli/picocli/3.9.6/picocli-3.9.6.jar:/home/user/.m2/repository/com/google/protobuf/protobuf-java/2.5.0/protobuf-java-2.5.0.jar:/home/user/.m2/repository/com/google/guava/guava/11.0.2/guava-11.0.2.jar:/home/user/.m2/repository/org/apache/hadoop/hadoop-ozone-client/0.5.0-SNAPSHOT/hadoop-ozone-client-0.5.0-SNAPSHOT.jar:/workdir/hadoop-ozone/ozonefs/target/classes:/home/user/.m2/repository/org/apache/hadoop/hadoop-hdds-server-framework/0.5.0-SNAPSHOT/hadoop-hdds-server-framework-0.5.0-SNAPSHOT.jar:/home/user/.m2/repository/org/apache/hadoop/hadoop-common/3.2.0/hadoop-common-3.2.0.jar:/home/user/.m2/repository/org/apache/hadoop/hadoop-annotations/3.2.0/hadoop-annotations-3.2.0.jar:/usr/lib/jvm/java-1.8-openjdk/jre/../lib/tools.jar:/home/user/.m2/repository/commons-cli/commons-cli/1.2/commons-cli-1.2.jar:/home/user/.m2/repository/org/apache/commons/commons-math3/3.1.1/commons-math3-3.1.1.jar:/home/user/.m2/repository/org/apache/httpcomponents/httpclient/4.5.2/httpclient-4.5.2.jar:/home/user/.m2/repository/org/apache/httpcomponents/httpcore/4.4.4/httpcore-4.4.4.jar:/home/user/.m2/repository/commons-codec/commons-codec/1.11/commons-codec-1.11.jar:/home/user/.m2/repository/commons-io/commons-io/2.5/commons-io-2.5.jar:/home/user/.m2/repository/commons-net/commons-net/3.6/commons-net-3.6.jar:/home/user/.m2/repository/commons-collections/commons-collections/3.2.2/commons-collections-3.2.2.jar:/home/user/.m2/repository/javax/servlet/javax.servlet-api/3.1.0/javax.servlet-api-3.1.0.jar:/home/user/.m2/repository/org/eclipse/jetty/jetty-server/9.3.24.v20180605/jetty-server-9.3.24.v20180605.jar:/home/user/.m2/repository/org/eclipse/jetty/jetty-http/9.3.24.v20180605/jetty-http-9.3.24.v20180605.jar:/home/user/.m2/repository/org/eclipse/jetty/jetty-io/9.3.24.v20180605/jetty-io-9.3.24.v20180605.jar:/home/user/.m2/repository/org/eclipse/jetty/jetty-util/9.3.24.v20180605/jetty-util-9.3.24.v20180605.jar:/home/user/.m2/repository/org/eclipse/jetty/jetty-servlet/9.3.24.v20180605/jetty-servlet-9.3.24.v20180605.jar:/home/user/.m2/repository/org/eclipse/jetty/jetty-security/9.3.24.v20180605/jetty-security-9.3.24.v20180605.jar:/home/user/.m2/repository/org/eclipse/jetty/jetty-webapp/9.3.24.v20180605/jetty-webapp-9.3.24.v20180605.jar:/home/user/.m2/repository/org/eclipse/jetty/jetty-xml/9.3.24.v20180605/jetty-xml-9.3.24.v20180605.jar:/home/user/.m2/repository/javax/servlet/jsp/jsp-api/2.1/jsp-api-2.1.jar:/home/user/.m2/repository/com/sun/jersey/jersey-core/1.19/jersey-core-1.19.jar:/home/user/.m2/repository/javax/ws/rs/jsr311-api/1.1.1/jsr311-api-1.1.1.jar:/home/user/.m2/repository/com/sun/jersey/jersey-servlet/1.19/jersey-servlet-1.19.jar:/home/user/.m2/repository/com/sun/jersey/jersey-json/1.19/jersey-json-1.19.jar:/home/user/.m2/repository/org/codehaus/jettison/jettison/1.1/jettison-1.1.jar:/home/user/.m2/repository/com/sun/xml/bind/jaxb-impl/2.3.0.1/jaxb-impl-2.3.0.1.jar:/home/user/.m2/repository/org/codehaus/jackson/jackson-core-asl/1.9.13/jackson-core-asl-1.9.13.jar:/home/user/.m2/repository/org/codehaus/jackson/jackson-mapper-asl/1.9.13/jackson-mapper-asl-1.9.13.jar:/home/user/.m2/repository/org/codehaus/jackson/jackson-jaxrs/1.9.13/jackson-jaxrs-1.9.13.jar:/home/user/.m2/repository/org/codehaus/jackson/jackson-xc/1.9.13/jackson-xc-1.9.13.jar:/home/user/.m2/repository/com/sun/jersey/jersey-server/1.19/jersey-server-1.19.jar:/home/user/.m2/repository/commons-logging/commons-logging/1.1.3/commons-logging-1.1.3.jar:/home/user/.m2/repository/log4j/log4j/1.2.17/log4j-1.2.17.jar:/home/user/.m2/repository/commons-beanutils/commons-beanutils/1.9.3/commons-beanutils-1.9.3.jar:/home/user/.m2/repository/org/apache/commons/commons-configuration2/2.1.1/commons-configuration2-2.1.1.jar:/home/user/.m2/repository/org/apache/commons/commons-lang3/3.7/commons-lang3-3.7.jar:/home/user/.m2/repository/org/apache/commons/commons-text/1.4/commons-text-1.4.jar:/home/user/.m2/repository/org/slf4j/slf4j-api/1.7.25/slf4j-api-1.7.25.jar:/home/user/.m2/repository/org/slf4j/slf4j-log4j12/1.7.25/slf4j-log4j12-1.7.25.jar:/home/user/.m2/repository/org/apache/avro/avro/1.7.7/avro-1.7.7.jar:/home/user/.m2/repository/com/thoughtworks/paranamer/paranamer/2.3/paranamer-2.3.jar:/home/user/.m2/repository/org/xerial/snappy/snappy-java/1.0.5/snappy-java-1.0.5.jar:/home/user/.m2/repository/com/google/re2j/re2j/1.1/re2j-1.1.jar:/home/user/.m2/repository/com/google/code/gson/gson/2.2.4/gson-2.2.4.jar:/home/user/.m2/repository/org/apache/hadoop/hadoop-auth/3.2.0/hadoop-auth-3.2.0.jar:/home/user/.m2/repository/com/nimbusds/nimbus-jose-jwt/4.41.1/nimbus-jose-jwt-4.41.1.jar:/home/user/.m2/repository/com/github/stephenc/jcip/jcip-annotations/1.0-1/jcip-annotations-1.0-1.jar:/home/user/.m2/repository/net/minidev/json-smart/2.3/json-smart-2.3.jar:/home/user/.m2/repository/net/minidev/accessors-smart/1.2/accessors-smart-1.2.jar:/home/user/.m2/repository/org/apache/curator/curator-framework/2.12.0/curator-framework-2.12.0.jar:/home/user/.m2/repository/com/jcraft/jsch/0.1.54/jsch-0.1.54.jar:/home/user/.m2/repository/org/apache/curator/curator-client/2.12.0/curator-client-2.12.0.jar:/home/user/.m2/repository/org/apache/curator/curator-recipes/2.12.0/curator-recipes-2.12.0.jar:/home/user/.m2/repository/com/google/code/findbugs/jsr305/3.0.0/jsr305-3.0.0.jar:/home/user/.m2/repository/org/apache/htrace/htrace-core4/4.1.0-incubating/htrace-core4-4.1.0-incubating.jar:/home/user/.m2/repository/org/apache/zookeeper/zookeeper/3.4.13/zookeeper-3.4.13.jar:/home/user/.m2/repository/org/apache/yetus/audience-annotations/0.5.0/audience-annotations-0.5.0.jar:/home/user/.m2/repository/org/apache/kerby/kerb-simplekdc/1.0.1/kerb-simplekdc-1.0.1.jar:/home/user/.m2/repository/org/apache/kerby/kerb-client/1.0.1/kerb-client-1.0.1.jar:/home/user/.m2/repository/org/apache/kerby/kerby-config/1.0.1/kerby-config-1.0.1.jar:/home/user/.m2/repository/org/apache/kerby/kerb-core/1.0.1/kerb-core-1.0.1.jar:/home/user/.m2/repository/org/apache/kerby/kerby-pkix/1.0.1/kerby-pkix-1.0.1.jar:/home/user/.m2/repository/org/apache/kerby/kerby-asn1/1.0.1/kerby-asn1-1.0.1.jar:/home/user/.m2/repository/org/apache/kerby/kerby-util/1.0.1/kerby-util-1.0.1.jar:/home/user/.m2/repository/org/apache/kerby/kerb-common/1.0.1/kerb-common-1.0.1.jar:/home/user/.m2/repository/org/apache/kerby/kerb-crypto/1.0.1/kerb-crypto-1.0.1.jar:/home/user/.m2/repository/org/apache/kerby/kerb-util/1.0.1/kerb-util-1.0.1.jar:/home/user/.m2/repository/org/apache/kerby/token-provider/1.0.1/token-provider-1.0.1.jar:/home/user/.m2/repository/org/apache/kerby/kerb-admin/1.0.1/kerb-admin-1.0.1.jar:/home/user/.m2/repository/org/apache/kerby/kerb-server/1.0.1/kerb-server-1.0.1.jar:/home/user/.m2/repository/org/apache/kerby/kerb-identity/1.0.1/kerb-identity-1.0.1.jar:/home/user/.m2/repository/org/apache/kerby/kerby-xdr/1.0.1/kerby-xdr-1.0.1.jar:/home/user/.m2/repository/com/fasterxml/jackson/core/jackson-databind/2.9.5/jackson-databind-2.9.5.jar:/home/user/.m2/repository/com/fasterxml/jackson/core/jackson-core/2.9.5/jackson-core-2.9.5.jar:/home/user/.m2/repository/org/codehaus/woodstox/stax2-api/3.1.4/stax2-api-3.1.4.jar:/home/user/.m2/repository/com/fasterxml/woodstox/woodstox-core/5.0.3/woodstox-core-5.0.3.jar:/home/user/.m2/repository/dnsjava/dnsjava/2.1.7/dnsjava-2.1.7.jar:/home/user/.m2/repository/org/apache/hadoop/hadoop-hdfs/3.2.0/hadoop-hdfs-3.2.0.jar:/home/user/.m2/repository/org/eclipse/jetty/jetty-util-ajax/9.3.24.v20180605/jetty-util-ajax-9.3.24.v20180605.jar:/home/user/.m2/repository/commons-daemon/commons-daemon/1.0.13/commons-daemon-1.0.13.jar:/home/user/.m2/repository/io/netty/netty/3.10.5.Final/netty-3.10.5.Final.jar:/home/user/.m2/repository/io/netty/netty-all/4.0.52.Final/netty-all-4.0.52.Final.jar:/home/user/.m2/repository/org/fusesource/leveldbjni/leveldbjni-all/1.8/leveldbjni-all-1.8.jar:/home/user/.m2/repository/com/sun/xml/bind/jaxb-core/2.3.0.1/jaxb-core-2.3.0.1.jar:/home/user/.m2/repository/javax/xml/bind/jaxb-api/2.3.0/jaxb-api-2.3.0.jar:/home/user/.m2/repository/javax/activation/activation/1.1.1/activation-1.1.1.jar:/home/user/.m2/repository/io/dropwizard/metrics/metrics-core/3.2.4/metrics-core-3.2.4.jar:/home/user/.m2/repository/org/openjdk/jmh/jmh-core/1.19/jmh-core-1.19.jar:/home/user/.m2/repository/net/sf/jopt-simple/jopt-simple/4.6/jopt-simple-4.6.jar:/home/user/.m2/repository/org/openjdk/jmh/jmh-generator-annprocess/1.19/jmh-generator-annprocess-1.19.jar:/home/user/.m2/repository/com/google/code/findbugs/findbugs/3.0.1/findbugs-3.0.1.jar:/home/user/.m2/repository/net/jcip/jcip-annotations/1.0/jcip-annotations-1.0.jar:/home/user/.m2/repository/com/google/code/findbugs/bcel-findbugs/6.0/bcel-findbugs-6.0.jar:/home/user/.m2/repository/com/google/code/findbugs/jFormatString/2.0.1/jFormatString-2.0.1.jar:/home/user/.m2/repository/dom4j/dom4j/1.6.1/dom4j-1.6.1.jar:/home/user/.m2/repository/xml-apis/xml-apis/1.0.b2/xml-apis-1.0.b2.jar:/home/user/.m2/repository/org/ow2/asm/asm-debug-all/5.0.2/asm-debug-all-5.0.2.jar:/home/user/.m2/repository/org/ow2/asm/asm-commons/5.0.2/asm-commons-5.0.2.jar:/home/user/.m2/repository/org/ow2/asm/asm-tree/5.0.2/asm-tree-5.0.2.jar:/home/user/.m2/repository/org/ow2/asm/asm/5.0.4/asm-5.0.4.jar:/home/user/.m2/repository/commons-lang/commons-lang/2.6/commons-lang-2.6.jar:/home/user/.m2/repository/com/apple/AppleJavaExtensions/1.4/AppleJavaExtensions-1.4.jar:/home/user/.m2/repository/jaxen/jaxen/1.1.6/jaxen-1.1.6.jar:/home/user/.m2/repository/junit/junit/4.11/junit-4.11.jar:/home/user/.m2/repository/org/hamcrest/hamcrest-core/1.3/hamcrest-core-1.3.jar:/home/user/.m2/repository/org/apache/hadoop/hadoop-common/3.2.0/hadoop-common-3.2.0-tests.jar:/workdir/hadoop-ozone/integration-test/target/test-classes:/home/user/.m2/repository/org/apache/hadoop/hadoop-ozone-objectstore-service/0.5.0-SNAPSHOT/hadoop-ozone-objectstore-service-0.5.0-SNAPSHOT.jar:/home/user/.m2/repository/org/apache/hadoop/hadoop-ozone-s3gateway/0.5.0-SNAPSHOT/hadoop-ozone-s3gateway-0.5.0-SNAPSHOT.jar:/home/user/.m2/repository/org/jboss/weld/servlet/weld-servlet/2.4.7.Final/weld-servlet-2.4.7.Final.jar:/home/user/.m2/repository/org/glassfish/jersey/containers/jersey-container-servlet-core/2.27/jersey-container-servlet-core-2.27.jar:/home/user/.m2/repository/org/glassfish/hk2/external/javax.inject/2.5.0-b42/javax.inject-2.5.0-b42.jar:/home/user/.m2/repository/org/glassfish/jersey/core/jersey-common/2.27/jersey-common-2.27.jar:/home/user/.m2/repository/org/glassfish/hk2/osgi-resource-locator/1.0.1/osgi-resource-locator-1.0.1.jar:/home/user/.m2/repository/javax/ws/rs/javax.ws.rs-api/2.1/javax.ws.rs-api-2.1.jar:/home/user/.m2/repository/org/glassfish/jersey/ext/cdi/jersey-cdi1x/2.27/jersey-cdi1x-2.27.jar:/home/user/.m2/repository/org/glassfish/jersey/inject/jersey-hk2/2.27/jersey-hk2-2.27.jar:/home/user/.m2/repository/org/glassfish/hk2/hk2-locator/2.5.0-b42/hk2-locator-2.5.0-b42.jar:/home/user/.m2/repository/org/javassist/javassist/3.22.0-CR2/javassist-3.22.0-CR2.jar:/home/user/.m2/repository/org/glassfish/hk2/hk2-api/2.5.0/hk2-api-2.5.0.jar:/home/user/.m2/repository/org/glassfish/hk2/external/jakarta.inject/2.5.0/jakarta.inject-2.5.0.jar:/home/user/.m2/repository/org/glassfish/hk2/hk2-utils/2.5.0/hk2-utils-2.5.0.jar:/home/user/.m2/repository/jakarta/annotation/jakarta.annotation-api/1.3.4/jakarta.annotation-api-1.3.4.jar:/home/user/.m2/repository/org/glassfish/hk2/external/aopalliance-repackaged/2.5.0/aopalliance-repackaged-2.5.0.jar:/home/user/.m2/repository/com/fasterxml/jackson/dataformat/jackson-dataformat-xml/2.9.0/jackson-dataformat-xml-2.9.0.jar:/home/user/.m2/repository/com/fasterxml/jackson/module/jackson-module-jaxb-annotations/2.9.5/jackson-module-jaxb-annotations-2.9.5.jar:/home/user/.m2/repository/javax/enterprise/cdi-api/1.2/cdi-api-1.2.jar:/home/user/.m2/repository/javax/el/javax.el-api/3.0.0/javax.el-api-3.0.0.jar:/home/user/.m2/repository/javax/interceptor/javax.interceptor-api/1.2/javax.interceptor-api-1.2.jar:/home/user/.m2/repository/javax/inject/javax.inject/1/javax.inject-1.jar:/home/user/.m2/repository/org/apache/hadoop/hadoop-ozone-csi/0.5.0-SNAPSHOT/hadoop-ozone-csi-0.5.0-SNAPSHOT.jar:/home/user/.m2/repository/com/google/protobuf/protobuf-java-util/3.5.1/protobuf-java-util-3.5.1.jar:/home/user/.m2/repository/io/grpc/grpc-netty/1.17.1/grpc-netty-1.17.1.jar:/home/user/.m2/repository/io/grpc/grpc-core/1.17.1/grpc-core-1.17.1.jar:/home/user/.m2/repository/io/grpc/grpc-context/1.17.1/grpc-context-1.17.1.jar:/home/user/.m2/repository/com/google/errorprone/error_prone_annotations/2.2.0/error_prone_annotations-2.2.0.jar:/home/user/.m2/repository/org/codehaus/mojo/animal-sniffer-annotations/1.17/animal-sniffer-annotations-1.17.jar:/home/user/.m2/repository/io/opencensus/opencensus-api/0.17.0/opencensus-api-0.17.0.jar:/home/user/.m2/repository/io/opencensus/opencensus-contrib-grpc-metrics/0.17.0/opencensus-contrib-grpc-metrics-0.17.0.jar:/home/user/.m2/repository/io/netty/netty-codec-http2/4.1.30.Final/netty-codec-http2-4.1.30.Final.jar:/home/user/.m2/repository/io/netty/netty-codec-http/4.1.30.Final/netty-codec-http-4.1.30.Final.jar:/home/user/.m2/repository/io/netty/netty-codec/4.1.30.Final/netty-codec-4.1.30.Final.jar:/home/user/.m2/repository/io/netty/netty-handler/4.1.30.Final/netty-handler-4.1.30.Final.jar:/home/user/.m2/repository/io/netty/netty-handler-proxy/4.1.30.Final/netty-handler-proxy-4.1.30.Final.jar:/home/user/.m2/repository/io/netty/netty-codec-socks/4.1.30.Final/netty-codec-socks-4.1.30.Final.jar:/home/user/.m2/repository/io/netty/netty-transport-native-epoll/4.1.30.Final/netty-transport-native-epoll-4.1.30.Final.jar:/home/user/.m2/repository/io/netty/netty-common/4.1.30.Final/netty-common-4.1.30.Final.jar:/home/user/.m2/repository/io/netty/netty-buffer/4.1.30.Final/netty-buffer-4.1.30.Final.jar:/home/user/.m2/repository/io/netty/netty-transport/4.1.30.Final/netty-transport-4.1.30.Final.jar:/home/user/.m2/repository/io/netty/netty-resolver/4.1.30.Final/netty-resolver-4.1.30.Final.jar:/home/user/.m2/repository/io/netty/netty-transport-native-unix-common/4.1.30.Final/netty-transport-native-unix-common-4.1.30.Final.jar:/home/user/.m2/repository/io/grpc/grpc-protobuf/1.17.1/grpc-protobuf-1.17.1.jar:/home/user/.m2/repository/com/google/api/grpc/proto-google-common-protos/1.0.0/proto-google-common-protos-1.0.0.jar:/home/user/.m2/repository/io/grpc/grpc-protobuf-lite/1.17.1/grpc-protobuf-lite-1.17.1.jar:/home/user/.m2/repository/io/grpc/grpc-stub/1.17.1/grpc-stub-1.17.1.jar:/home/user/.m2/repository/org/apache/hadoop/hadoop-ozone-recon/0.5.0-SNAPSHOT/hadoop-ozone-recon-0.5.0-SNAPSHOT.jar:/home/user/.m2/repository/org/apache/hadoop/hadoop-ozone-reconcodegen/0.5.0-SNAPSHOT/hadoop-ozone-reconcodegen-0.5.0-SNAPSHOT.jar:/home/user/.m2/repository/com/google/inject/extensions/guice-multibindings/4.0/guice-multibindings-4.0.jar:/home/user/.m2/repository/com/google/inject/guice/4.0/guice-4.0.jar:/home/user/.m2/repository/aopalliance/aopalliance/1.0/aopalliance-1.0.jar:/home/user/.m2/repository/com/google/inject/extensions/guice-servlet/4.0/guice-servlet-4.0.jar:/home/user/.m2/repository/org/glassfish/jersey/containers/jersey-container-servlet/2.27/jersey-container-servlet-2.27.jar:/home/user/.m2/repository/org/glassfish/hk2/guice-bridge/2.5.0/guice-bridge-2.5.0.jar:/home/user/.m2/repository/org/glassfish/jersey/core/jersey-server/2.27/jersey-server-2.27.jar:/home/user/.m2/repository/org/glassfish/jersey/core/jersey-client/2.27/jersey-client-2.27.jar:/home/user/.m2/repository/org/glassfish/jersey/media/jersey-media-jaxb/2.27/jersey-media-jaxb-2.27.jar:/home/user/.m2/repository/javax/validation/validation-api/1.1.0.Final/validation-api-1.1.0.Final.jar:/home/user/.m2/repository/org/glassfish/jersey/media/jersey-media-json-jackson/2.27/jersey-media-json-jackson-2.27.jar:/home/user/.m2/repository/org/glassfish/jersey/ext/jersey-entity-filtering/2.27/jersey-entity-filtering-2.27.jar:/home/user/.m2/repository/com/google/inject/extensions/guice-assistedinject/4.0/guice-assistedinject-4.0.jar:/home/user/.m2/repository/org/jooq/jooq/3.11.10/jooq-3.11.10.jar:/home/user/.m2/repository/org/jooq/jooq-meta/3.11.10/jooq-meta-3.11.10.jar:/home/user/.m2/repository/org/jooq/jooq-codegen/3.11.10/jooq-codegen-3.11.10.jar:/home/user/.m2/repository/com/jolbox/bonecp/0.8.0.RELEASE/bonecp-0.8.0.RELEASE.jar:/home/user/.m2/repository/org/springframework/spring-jdbc/5.1.3.RELEASE/spring-jdbc-5.1.3.RELEASE.jar:/home/user/.m2/repository/org/springframework/spring-beans/5.1.3.RELEASE/spring-beans-5.1.3.RELEASE.jar:/home/user/.m2/repository/org/springframework/spring-core/5.1.3.RELEASE/spring-core-5.1.3.RELEASE.jar:/home/user/.m2/repository/org/springframework/spring-jcl/5.1.3.RELEASE/spring-jcl-5.1.3.RELEASE.jar:/home/user/.m2/repository/org/springframework/spring-tx/5.1.3.RELEASE/spring-tx-5.1.3.RELEASE.jar:/home/user/.m2/repository/org/mockito/mockito-core/2.15.0/mockito-core-2.15.0.jar:/home/user/.m2/repository/net/bytebuddy/byte-buddy/1.7.9/byte-buddy-1.7.9.jar:/home/user/.m2/repository/net/bytebuddy/byte-buddy-agent/1.7.9/byte-buddy-agent-1.7.9.jar:/home/user/.m2/repository/org/objenesis/objenesis/1.0/objenesis-1.0.jar:"/>
    <property name="java.vm.vendor" value="IcedTea"/>
    <property name="sun.arch.data.model" value="64"/>
    <property name="test.build.dir" value="/workdir/hadoop-ozone/tools/target/test-dir"/>
    <property name="test.cache.data" value=""/>
    <property name="java.vendor.url" value="https://icedtea.classpath.org"/>
    <property name="user.timezone" value=""/>
    <property name="java.vm.specification.version" value="1.8"/>
    <property name="os.name" value="Linux"/>
    <property name="test.build.data" value="/workdir/hadoop-ozone/tools/target/test-dir"/>
    <property name="user.country" value="US"/>
    <property name="sun.java.launcher" value="SUN_STANDARD"/>
    <property name="sun.boot.library.path" value="/usr/lib/jvm/java-1.8-openjdk/jre/lib/amd64"/>
    <property name="sun.java.command" value="/workdir/hadoop-ozone/tools/target/surefire/surefirebooter4875089895935234907.jar /workdir/hadoop-ozone/tools/target/surefire 2019-08-21T17-19-33_753-jvmRun1 surefire2572813057063119044tmp surefire_1215607097744990728369tmp"/>
    <property name="test" value="!TestMiniChaosOzoneCluster"/>
    <property name="surefire.test.class.path" value="/workdir/hadoop-ozone/tools/target/test-classes:/workdir/hadoop-ozone/tools/target/classes:/home/user/.m2/repository/org/apache/hadoop/hadoop-ozone-ozone-manager/0.5.0-SNAPSHOT/hadoop-ozone-ozone-manager-0.5.0-SNAPSHOT.jar:/home/user/.m2/repository/org/apache/hadoop/hadoop-hdds-docs/0.5.0-SNAPSHOT/hadoop-hdds-docs-0.5.0-SNAPSHOT.jar:/home/user/.m2/repository/org/bouncycastle/bcprov-jdk15on/1.60/bcprov-jdk15on-1.60.jar:/home/user/.m2/repository/org/apache/hadoop/hadoop-ozone-common/0.5.0-SNAPSHOT/hadoop-ozone-common-0.5.0-SNAPSHOT.jar:/home/user/.m2/repository/org/apache/commons/commons-compress/1.4.1/commons-compress-1.4.1.jar:/home/user/.m2/repository/org/tukaani/xz/1.0/xz-1.0.jar:/home/user/.m2/repository/org/apache/hadoop/hadoop-hdfs-client/3.2.0/hadoop-hdfs-client-3.2.0.jar:/home/user/.m2/repository/com/fasterxml/jackson/core/jackson-annotations/2.9.5/jackson-annotations-2.9.5.jar:/home/user/.m2/repository/org/apache/hadoop/hadoop-hdds-common/0.5.0-SNAPSHOT/hadoop-hdds-common-0.5.0-SNAPSHOT.jar:/home/user/.m2/repository/org/apache/hadoop/hadoop-hdds-config/0.5.0-SNAPSHOT/hadoop-hdds-config-0.5.0-SNAPSHOT.jar:/home/user/.m2/repository/javax/annotation/javax.annotation-api/1.2/javax.annotation-api-1.2.jar:/home/user/.m2/repository/org/apache/ratis/ratis-server/0.4.0-2337318-SNAPSHOT/ratis-server-0.4.0-2337318-SNAPSHOT.jar:/home/user/.m2/repository/org/apache/ratis/ratis-thirdparty-misc/0.2.0/ratis-thirdparty-misc-0.2.0.jar:/home/user/.m2/repository/org/apache/ratis/ratis-proto/0.4.0-2337318-SNAPSHOT/ratis-proto-0.4.0-2337318-SNAPSHOT.jar:/home/user/.m2/repository/org/apache/ratis/ratis-common/0.4.0-2337318-SNAPSHOT/ratis-common-0.4.0-2337318-SNAPSHOT.jar:/home/user/.m2/repository/org/apache/ratis/ratis-client/0.4.0-2337318-SNAPSHOT/ratis-client-0.4.0-2337318-SNAPSHOT.jar:/home/user/.m2/repository/org/apache/ratis/ratis-metrics/0.4.0-2337318-SNAPSHOT/ratis-metrics-0.4.0-2337318-SNAPSHOT.jar:/home/user/.m2/repository/org/apache/ratis/ratis-netty/0.4.0-2337318-SNAPSHOT/ratis-netty-0.4.0-2337318-SNAPSHOT.jar:/home/user/.m2/repository/org/apache/ratis/ratis-grpc/0.4.0-2337318-SNAPSHOT/ratis-grpc-0.4.0-2337318-SNAPSHOT.jar:/home/user/.m2/repository/org/rocksdb/rocksdbjni/6.0.1/rocksdbjni-6.0.1.jar:/home/user/.m2/repository/org/apache/logging/log4j/log4j-api/2.11.0/log4j-api-2.11.0.jar:/home/user/.m2/repository/org/apache/logging/log4j/log4j-core/2.11.0/log4j-core-2.11.0.jar:/home/user/.m2/repository/com/lmax/disruptor/3.4.2/disruptor-3.4.2.jar:/home/user/.m2/repository/org/apache/commons/commons-pool2/2.6.0/commons-pool2-2.6.0.jar:/home/user/.m2/repository/org/bouncycastle/bcpkix-jdk15on/1.60/bcpkix-jdk15on-1.60.jar:/home/user/.m2/repository/commons-validator/commons-validator/1.6/commons-validator-1.6.jar:/home/user/.m2/repository/commons-digester/commons-digester/1.8.1/commons-digester-1.8.1.jar:/home/user/.m2/repository/io/jaegertracing/jaeger-client/0.33.1/jaeger-client-0.33.1.jar:/home/user/.m2/repository/io/jaegertracing/jaeger-thrift/0.33.1/jaeger-thrift-0.33.1.jar:/home/user/.m2/repository/org/apache/thrift/libthrift/0.11.0/libthrift-0.11.0.jar:/home/user/.m2/repository/com/squareup/okhttp3/okhttp/3.9.0/okhttp-3.9.0.jar:/home/user/.m2/repository/com/squareup/okio/okio/1.13.0/okio-1.13.0.jar:/home/user/.m2/repository/io/jaegertracing/jaeger-core/0.33.1/jaeger-core-0.33.1.jar:/home/user/.m2/repository/io/jaegertracing/jaeger-tracerresolver/0.33.1/jaeger-tracerresolver-0.33.1.jar:/home/user/.m2/repository/io/opentracing/contrib/opentracing-tracerresolver/0.1.5/opentracing-tracerresolver-0.1.5.jar:/home/user/.m2/repository/io/opentracing/opentracing-util/0.31.0/opentracing-util-0.31.0.jar:/home/user/.m2/repository/io/opentracing/opentracing-api/0.31.0/opentracing-api-0.31.0.jar:/home/user/.m2/repository/io/opentracing/opentracing-noop/0.31.0/opentracing-noop-0.31.0.jar:/home/user/.m2/repository/org/yaml/snakeyaml/1.16/snakeyaml-1.16.jar:/home/user/.m2/repository/org/apache/hadoop/hadoop-hdds-container-service/0.5.0-SNAPSHOT/hadoop-hdds-container-service-0.5.0-SNAPSHOT.jar:/home/user/.m2/repository/org/apache/hadoop/hadoop-hdds-client/0.5.0-SNAPSHOT/hadoop-hdds-client-0.5.0-SNAPSHOT.jar:/home/user/.m2/repository/org/apache/hadoop/hadoop-hdds-tools/0.5.0-SNAPSHOT/hadoop-hdds-tools-0.5.0-SNAPSHOT.jar:/home/user/.m2/repository/org/xerial/sqlite-jdbc/3.25.2/sqlite-jdbc-3.25.2.jar:/home/user/.m2/repository/org/apache/hadoop/hadoop-hdds-server-scm/0.5.0-SNAPSHOT/hadoop-hdds-server-scm-0.5.0-SNAPSHOT.jar:/home/user/.m2/repository/org/hamcrest/hamcrest-all/1.3/hamcrest-all-1.3.jar:/home/user/.m2/repository/info/picocli/picocli/3.9.6/picocli-3.9.6.jar:/home/user/.m2/repository/com/google/protobuf/protobuf-java/2.5.0/protobuf-java-2.5.0.jar:/home/user/.m2/repository/com/google/guava/guava/11.0.2/guava-11.0.2.jar:/home/user/.m2/repository/org/apache/hadoop/hadoop-ozone-client/0.5.0-SNAPSHOT/hadoop-ozone-client-0.5.0-SNAPSHOT.jar:/workdir/hadoop-ozone/ozonefs/target/classes:/home/user/.m2/repository/org/apache/hadoop/hadoop-hdds-server-framework/0.5.0-SNAPSHOT/hadoop-hdds-server-framework-0.5.0-SNAPSHOT.jar:/home/user/.m2/repository/org/apache/hadoop/hadoop-common/3.2.0/hadoop-common-3.2.0.jar:/home/user/.m2/repository/org/apache/hadoop/hadoop-annotations/3.2.0/hadoop-annotations-3.2.0.jar:/usr/lib/jvm/java-1.8-openjdk/jre/../lib/tools.jar:/home/user/.m2/repository/commons-cli/commons-cli/1.2/commons-cli-1.2.jar:/home/user/.m2/repository/org/apache/commons/commons-math3/3.1.1/commons-math3-3.1.1.jar:/home/user/.m2/repository/org/apache/httpcomponents/httpclient/4.5.2/httpclient-4.5.2.jar:/home/user/.m2/repository/org/apache/httpcomponents/httpcore/4.4.4/httpcore-4.4.4.jar:/home/user/.m2/repository/commons-codec/commons-codec/1.11/commons-codec-1.11.jar:/home/user/.m2/repository/commons-io/commons-io/2.5/commons-io-2.5.jar:/home/user/.m2/repository/commons-net/commons-net/3.6/commons-net-3.6.jar:/home/user/.m2/repository/commons-collections/commons-collections/3.2.2/commons-collections-3.2.2.jar:/home/user/.m2/repository/javax/servlet/javax.servlet-api/3.1.0/javax.servlet-api-3.1.0.jar:/home/user/.m2/repository/org/eclipse/jetty/jetty-server/9.3.24.v20180605/jetty-server-9.3.24.v20180605.jar:/home/user/.m2/repository/org/eclipse/jetty/jetty-http/9.3.24.v20180605/jetty-http-9.3.24.v20180605.jar:/home/user/.m2/repository/org/eclipse/jetty/jetty-io/9.3.24.v20180605/jetty-io-9.3.24.v20180605.jar:/home/user/.m2/repository/org/eclipse/jetty/jetty-util/9.3.24.v20180605/jetty-util-9.3.24.v20180605.jar:/home/user/.m2/repository/org/eclipse/jetty/jetty-servlet/9.3.24.v20180605/jetty-servlet-9.3.24.v20180605.jar:/home/user/.m2/repository/org/eclipse/jetty/jetty-security/9.3.24.v20180605/jetty-security-9.3.24.v20180605.jar:/home/user/.m2/repository/org/eclipse/jetty/jetty-webapp/9.3.24.v20180605/jetty-webapp-9.3.24.v20180605.jar:/home/user/.m2/repository/org/eclipse/jetty/jetty-xml/9.3.24.v20180605/jetty-xml-9.3.24.v20180605.jar:/home/user/.m2/repository/javax/servlet/jsp/jsp-api/2.1/jsp-api-2.1.jar:/home/user/.m2/repository/com/sun/jersey/jersey-core/1.19/jersey-core-1.19.jar:/home/user/.m2/repository/javax/ws/rs/jsr311-api/1.1.1/jsr311-api-1.1.1.jar:/home/user/.m2/repository/com/sun/jersey/jersey-servlet/1.19/jersey-servlet-1.19.jar:/home/user/.m2/repository/com/sun/jersey/jersey-json/1.19/jersey-json-1.19.jar:/home/user/.m2/repository/org/codehaus/jettison/jettison/1.1/jettison-1.1.jar:/home/user/.m2/repository/com/sun/xml/bind/jaxb-impl/2.3.0.1/jaxb-impl-2.3.0.1.jar:/home/user/.m2/repository/org/codehaus/jackson/jackson-core-asl/1.9.13/jackson-core-asl-1.9.13.jar:/home/user/.m2/repository/org/codehaus/jackson/jackson-mapper-asl/1.9.13/jackson-mapper-asl-1.9.13.jar:/home/user/.m2/repository/org/codehaus/jackson/jackson-jaxrs/1.9.13/jackson-jaxrs-1.9.13.jar:/home/user/.m2/repository/org/codehaus/jackson/jackson-xc/1.9.13/jackson-xc-1.9.13.jar:/home/user/.m2/repository/com/sun/jersey/jersey-server/1.19/jersey-server-1.19.jar:/home/user/.m2/repository/commons-logging/commons-logging/1.1.3/commons-logging-1.1.3.jar:/home/user/.m2/repository/log4j/log4j/1.2.17/log4j-1.2.17.jar:/home/user/.m2/repository/commons-beanutils/commons-beanutils/1.9.3/commons-beanutils-1.9.3.jar:/home/user/.m2/repository/org/apache/commons/commons-configuration2/2.1.1/commons-configuration2-2.1.1.jar:/home/user/.m2/repository/org/apache/commons/commons-lang3/3.7/commons-lang3-3.7.jar:/home/user/.m2/repository/org/apache/commons/commons-text/1.4/commons-text-1.4.jar:/home/user/.m2/repository/org/slf4j/slf4j-api/1.7.25/slf4j-api-1.7.25.jar:/home/user/.m2/repository/org/slf4j/slf4j-log4j12/1.7.25/slf4j-log4j12-1.7.25.jar:/home/user/.m2/repository/org/apache/avro/avro/1.7.7/avro-1.7.7.jar:/home/user/.m2/repository/com/thoughtworks/paranamer/paranamer/2.3/paranamer-2.3.jar:/home/user/.m2/repository/org/xerial/snappy/snappy-java/1.0.5/snappy-java-1.0.5.jar:/home/user/.m2/repository/com/google/re2j/re2j/1.1/re2j-1.1.jar:/home/user/.m2/repository/com/google/code/gson/gson/2.2.4/gson-2.2.4.jar:/home/user/.m2/repository/org/apache/hadoop/hadoop-auth/3.2.0/hadoop-auth-3.2.0.jar:/home/user/.m2/repository/com/nimbusds/nimbus-jose-jwt/4.41.1/nimbus-jose-jwt-4.41.1.jar:/home/user/.m2/repository/com/github/stephenc/jcip/jcip-annotations/1.0-1/jcip-annotations-1.0-1.jar:/home/user/.m2/repository/net/minidev/json-smart/2.3/json-smart-2.3.jar:/home/user/.m2/repository/net/minidev/accessors-smart/1.2/accessors-smart-1.2.jar:/home/user/.m2/repository/org/apache/curator/curator-framework/2.12.0/curator-framework-2.12.0.jar:/home/user/.m2/repository/com/jcraft/jsch/0.1.54/jsch-0.1.54.jar:/home/user/.m2/repository/org/apache/curator/curator-client/2.12.0/curator-client-2.12.0.jar:/home/user/.m2/repository/org/apache/curator/curator-recipes/2.12.0/curator-recipes-2.12.0.jar:/home/user/.m2/repository/com/google/code/findbugs/jsr305/3.0.0/jsr305-3.0.0.jar:/home/user/.m2/repository/org/apache/htrace/htrace-core4/4.1.0-incubating/htrace-core4-4.1.0-incubating.jar:/home/user/.m2/repository/org/apache/zookeeper/zookeeper/3.4.13/zookeeper-3.4.13.jar:/home/user/.m2/repository/org/apache/yetus/audience-annotations/0.5.0/audience-annotations-0.5.0.jar:/home/user/.m2/repository/org/apache/kerby/kerb-simplekdc/1.0.1/kerb-simplekdc-1.0.1.jar:/home/user/.m2/repository/org/apache/kerby/kerb-client/1.0.1/kerb-client-1.0.1.jar:/home/user/.m2/repository/org/apache/kerby/kerby-config/1.0.1/kerby-config-1.0.1.jar:/home/user/.m2/repository/org/apache/kerby/kerb-core/1.0.1/kerb-core-1.0.1.jar:/home/user/.m2/repository/org/apache/kerby/kerby-pkix/1.0.1/kerby-pkix-1.0.1.jar:/home/user/.m2/repository/org/apache/kerby/kerby-asn1/1.0.1/kerby-asn1-1.0.1.jar:/home/user/.m2/repository/org/apache/kerby/kerby-util/1.0.1/kerby-util-1.0.1.jar:/home/user/.m2/repository/org/apache/kerby/kerb-common/1.0.1/kerb-common-1.0.1.jar:/home/user/.m2/repository/org/apache/kerby/kerb-crypto/1.0.1/kerb-crypto-1.0.1.jar:/home/user/.m2/repository/org/apache/kerby/kerb-util/1.0.1/kerb-util-1.0.1.jar:/home/user/.m2/repository/org/apache/kerby/token-provider/1.0.1/token-provider-1.0.1.jar:/home/user/.m2/repository/org/apache/kerby/kerb-admin/1.0.1/kerb-admin-1.0.1.jar:/home/user/.m2/repository/org/apache/kerby/kerb-server/1.0.1/kerb-server-1.0.1.jar:/home/user/.m2/repository/org/apache/kerby/kerb-identity/1.0.1/kerb-identity-1.0.1.jar:/home/user/.m2/repository/org/apache/kerby/kerby-xdr/1.0.1/kerby-xdr-1.0.1.jar:/home/user/.m2/repository/com/fasterxml/jackson/core/jackson-databind/2.9.5/jackson-databind-2.9.5.jar:/home/user/.m2/repository/com/fasterxml/jackson/core/jackson-core/2.9.5/jackson-core-2.9.5.jar:/home/user/.m2/repository/org/codehaus/woodstox/stax2-api/3.1.4/stax2-api-3.1.4.jar:/home/user/.m2/repository/com/fasterxml/woodstox/woodstox-core/5.0.3/woodstox-core-5.0.3.jar:/home/user/.m2/repository/dnsjava/dnsjava/2.1.7/dnsjava-2.1.7.jar:/home/user/.m2/repository/org/apache/hadoop/hadoop-hdfs/3.2.0/hadoop-hdfs-3.2.0.jar:/home/user/.m2/repository/org/eclipse/jetty/jetty-util-ajax/9.3.24.v20180605/jetty-util-ajax-9.3.24.v20180605.jar:/home/user/.m2/repository/commons-daemon/commons-daemon/1.0.13/commons-daemon-1.0.13.jar:/home/user/.m2/repository/io/netty/netty/3.10.5.Final/netty-3.10.5.Final.jar:/home/user/.m2/repository/io/netty/netty-all/4.0.52.Final/netty-all-4.0.52.Final.jar:/home/user/.m2/repository/org/fusesource/leveldbjni/leveldbjni-all/1.8/leveldbjni-all-1.8.jar:/home/user/.m2/repository/com/sun/xml/bind/jaxb-core/2.3.0.1/jaxb-core-2.3.0.1.jar:/home/user/.m2/repository/javax/xml/bind/jaxb-api/2.3.0/jaxb-api-2.3.0.jar:/home/user/.m2/repository/javax/activation/activation/1.1.1/activation-1.1.1.jar:/home/user/.m2/repository/io/dropwizard/metrics/metrics-core/3.2.4/metrics-core-3.2.4.jar:/home/user/.m2/repository/org/openjdk/jmh/jmh-core/1.19/jmh-core-1.19.jar:/home/user/.m2/repository/net/sf/jopt-simple/jopt-simple/4.6/jopt-simple-4.6.jar:/home/user/.m2/repository/org/openjdk/jmh/jmh-generator-annprocess/1.19/jmh-generator-annprocess-1.19.jar:/home/user/.m2/repository/com/google/code/findbugs/findbugs/3.0.1/findbugs-3.0.1.jar:/home/user/.m2/repository/net/jcip/jcip-annotations/1.0/jcip-annotations-1.0.jar:/home/user/.m2/repository/com/google/code/findbugs/bcel-findbugs/6.0/bcel-findbugs-6.0.jar:/home/user/.m2/repository/com/google/code/findbugs/jFormatString/2.0.1/jFormatString-2.0.1.jar:/home/user/.m2/repository/dom4j/dom4j/1.6.1/dom4j-1.6.1.jar:/home/user/.m2/repository/xml-apis/xml-apis/1.0.b2/xml-apis-1.0.b2.jar:/home/user/.m2/repository/org/ow2/asm/asm-debug-all/5.0.2/asm-debug-all-5.0.2.jar:/home/user/.m2/repository/org/ow2/asm/asm-commons/5.0.2/asm-commons-5.0.2.jar:/home/user/.m2/repository/org/ow2/asm/asm-tree/5.0.2/asm-tree-5.0.2.jar:/home/user/.m2/repository/org/ow2/asm/asm/5.0.4/asm-5.0.4.jar:/home/user/.m2/repository/commons-lang/commons-lang/2.6/commons-lang-2.6.jar:/home/user/.m2/repository/com/apple/AppleJavaExtensions/1.4/AppleJavaExtensions-1.4.jar:/home/user/.m2/repository/jaxen/jaxen/1.1.6/jaxen-1.1.6.jar:/home/user/.m2/repository/junit/junit/4.11/junit-4.11.jar:/home/user/.m2/repository/org/hamcrest/hamcrest-core/1.3/hamcrest-core-1.3.jar:/home/user/.m2/repository/org/apache/hadoop/hadoop-common/3.2.0/hadoop-common-3.2.0-tests.jar:/workdir/hadoop-ozone/integration-test/target/test-classes:/home/user/.m2/repository/org/apache/hadoop/hadoop-ozone-objectstore-service/0.5.0-SNAPSHOT/hadoop-ozone-objectstore-service-0.5.0-SNAPSHOT.jar:/home/user/.m2/repository/org/apache/hadoop/hadoop-ozone-s3gateway/0.5.0-SNAPSHOT/hadoop-ozone-s3gateway-0.5.0-SNAPSHOT.jar:/home/user/.m2/repository/org/jboss/weld/servlet/weld-servlet/2.4.7.Final/weld-servlet-2.4.7.Final.jar:/home/user/.m2/repository/org/glassfish/jersey/containers/jersey-container-servlet-core/2.27/jersey-container-servlet-core-2.27.jar:/home/user/.m2/repository/org/glassfish/hk2/external/javax.inject/2.5.0-b42/javax.inject-2.5.0-b42.jar:/home/user/.m2/repository/org/glassfish/jersey/core/jersey-common/2.27/jersey-common-2.27.jar:/home/user/.m2/repository/org/glassfish/hk2/osgi-resource-locator/1.0.1/osgi-resource-locator-1.0.1.jar:/home/user/.m2/repository/javax/ws/rs/javax.ws.rs-api/2.1/javax.ws.rs-api-2.1.jar:/home/user/.m2/repository/org/glassfish/jersey/ext/cdi/jersey-cdi1x/2.27/jersey-cdi1x-2.27.jar:/home/user/.m2/repository/org/glassfish/jersey/inject/jersey-hk2/2.27/jersey-hk2-2.27.jar:/home/user/.m2/repository/org/glassfish/hk2/hk2-locator/2.5.0-b42/hk2-locator-2.5.0-b42.jar:/home/user/.m2/repository/org/javassist/javassist/3.22.0-CR2/javassist-3.22.0-CR2.jar:/home/user/.m2/repository/org/glassfish/hk2/hk2-api/2.5.0/hk2-api-2.5.0.jar:/home/user/.m2/repository/org/glassfish/hk2/external/jakarta.inject/2.5.0/jakarta.inject-2.5.0.jar:/home/user/.m2/repository/org/glassfish/hk2/hk2-utils/2.5.0/hk2-utils-2.5.0.jar:/home/user/.m2/repository/jakarta/annotation/jakarta.annotation-api/1.3.4/jakarta.annotation-api-1.3.4.jar:/home/user/.m2/repository/org/glassfish/hk2/external/aopalliance-repackaged/2.5.0/aopalliance-repackaged-2.5.0.jar:/home/user/.m2/repository/com/fasterxml/jackson/dataformat/jackson-dataformat-xml/2.9.0/jackson-dataformat-xml-2.9.0.jar:/home/user/.m2/repository/com/fasterxml/jackson/module/jackson-module-jaxb-annotations/2.9.5/jackson-module-jaxb-annotations-2.9.5.jar:/home/user/.m2/repository/javax/enterprise/cdi-api/1.2/cdi-api-1.2.jar:/home/user/.m2/repository/javax/el/javax.el-api/3.0.0/javax.el-api-3.0.0.jar:/home/user/.m2/repository/javax/interceptor/javax.interceptor-api/1.2/javax.interceptor-api-1.2.jar:/home/user/.m2/repository/javax/inject/javax.inject/1/javax.inject-1.jar:/home/user/.m2/repository/org/apache/hadoop/hadoop-ozone-csi/0.5.0-SNAPSHOT/hadoop-ozone-csi-0.5.0-SNAPSHOT.jar:/home/user/.m2/repository/com/google/protobuf/protobuf-java-util/3.5.1/protobuf-java-util-3.5.1.jar:/home/user/.m2/repository/io/grpc/grpc-netty/1.17.1/grpc-netty-1.17.1.jar:/home/user/.m2/repository/io/grpc/grpc-core/1.17.1/grpc-core-1.17.1.jar:/home/user/.m2/repository/io/grpc/grpc-context/1.17.1/grpc-context-1.17.1.jar:/home/user/.m2/repository/com/google/errorprone/error_prone_annotations/2.2.0/error_prone_annotations-2.2.0.jar:/home/user/.m2/repository/org/codehaus/mojo/animal-sniffer-annotations/1.17/animal-sniffer-annotations-1.17.jar:/home/user/.m2/repository/io/opencensus/opencensus-api/0.17.0/opencensus-api-0.17.0.jar:/home/user/.m2/repository/io/opencensus/opencensus-contrib-grpc-metrics/0.17.0/opencensus-contrib-grpc-metrics-0.17.0.jar:/home/user/.m2/repository/io/netty/netty-codec-http2/4.1.30.Final/netty-codec-http2-4.1.30.Final.jar:/home/user/.m2/repository/io/netty/netty-codec-http/4.1.30.Final/netty-codec-http-4.1.30.Final.jar:/home/user/.m2/repository/io/netty/netty-codec/4.1.30.Final/netty-codec-4.1.30.Final.jar:/home/user/.m2/repository/io/netty/netty-handler/4.1.30.Final/netty-handler-4.1.30.Final.jar:/home/user/.m2/repository/io/netty/netty-handler-proxy/4.1.30.Final/netty-handler-proxy-4.1.30.Final.jar:/home/user/.m2/repository/io/netty/netty-codec-socks/4.1.30.Final/netty-codec-socks-4.1.30.Final.jar:/home/user/.m2/repository/io/netty/netty-transport-native-epoll/4.1.30.Final/netty-transport-native-epoll-4.1.30.Final.jar:/home/user/.m2/repository/io/netty/netty-common/4.1.30.Final/netty-common-4.1.30.Final.jar:/home/user/.m2/repository/io/netty/netty-buffer/4.1.30.Final/netty-buffer-4.1.30.Final.jar:/home/user/.m2/repository/io/netty/netty-transport/4.1.30.Final/netty-transport-4.1.30.Final.jar:/home/user/.m2/repository/io/netty/netty-resolver/4.1.30.Final/netty-resolver-4.1.30.Final.jar:/home/user/.m2/repository/io/netty/netty-transport-native-unix-common/4.1.30.Final/netty-transport-native-unix-common-4.1.30.Final.jar:/home/user/.m2/repository/io/grpc/grpc-protobuf/1.17.1/grpc-protobuf-1.17.1.jar:/home/user/.m2/repository/com/google/api/grpc/proto-google-common-protos/1.0.0/proto-google-common-protos-1.0.0.jar:/home/user/.m2/repository/io/grpc/grpc-protobuf-lite/1.17.1/grpc-protobuf-lite-1.17.1.jar:/home/user/.m2/repository/io/grpc/grpc-stub/1.17.1/grpc-stub-1.17.1.jar:/home/user/.m2/repository/org/apache/hadoop/hadoop-ozone-recon/0.5.0-SNAPSHOT/hadoop-ozone-recon-0.5.0-SNAPSHOT.jar:/home/user/.m2/repository/org/apache/hadoop/hadoop-ozone-reconcodegen/0.5.0-SNAPSHOT/hadoop-ozone-reconcodegen-0.5.0-SNAPSHOT.jar:/home/user/.m2/repository/com/google/inject/extensions/guice-multibindings/4.0/guice-multibindings-4.0.jar:/home/user/.m2/repository/com/google/inject/guice/4.0/guice-4.0.jar:/home/user/.m2/repository/aopalliance/aopalliance/1.0/aopalliance-1.0.jar:/home/user/.m2/repository/com/google/inject/extensions/guice-servlet/4.0/guice-servlet-4.0.jar:/home/user/.m2/repository/org/glassfish/jersey/containers/jersey-container-servlet/2.27/jersey-container-servlet-2.27.jar:/home/user/.m2/repository/org/glassfish/hk2/guice-bridge/2.5.0/guice-bridge-2.5.0.jar:/home/user/.m2/repository/org/glassfish/jersey/core/jersey-server/2.27/jersey-server-2.27.jar:/home/user/.m2/repository/org/glassfish/jersey/core/jersey-client/2.27/jersey-client-2.27.jar:/home/user/.m2/repository/org/glassfish/jersey/media/jersey-media-jaxb/2.27/jersey-media-jaxb-2.27.jar:/home/user/.m2/repository/javax/validation/validation-api/1.1.0.Final/validation-api-1.1.0.Final.jar:/home/user/.m2/repository/org/glassfish/jersey/media/jersey-media-json-jackson/2.27/jersey-media-json-jackson-2.27.jar:/home/user/.m2/repository/org/glassfish/jersey/ext/jersey-entity-filtering/2.27/jersey-entity-filtering-2.27.jar:/home/user/.m2/repository/com/google/inject/extensions/guice-assistedinject/4.0/guice-assistedinject-4.0.jar:/home/user/.m2/repository/org/jooq/jooq/3.11.10/jooq-3.11.10.jar:/home/user/.m2/repository/org/jooq/jooq-meta/3.11.10/jooq-meta-3.11.10.jar:/home/user/.m2/repository/org/jooq/jooq-codegen/3.11.10/jooq-codegen-3.11.10.jar:/home/user/.m2/repository/com/jolbox/bonecp/0.8.0.RELEASE/bonecp-0.8.0.RELEASE.jar:/home/user/.m2/repository/org/springframework/spring-jdbc/5.1.3.RELEASE/spring-jdbc-5.1.3.RELEASE.jar:/home/user/.m2/repository/org/springframework/spring-beans/5.1.3.RELEASE/spring-beans-5.1.3.RELEASE.jar:/home/user/.m2/repository/org/springframework/spring-core/5.1.3.RELEASE/spring-core-5.1.3.RELEASE.jar:/home/user/.m2/repository/org/springframework/spring-jcl/5.1.3.RELEASE/spring-jcl-5.1.3.RELEASE.jar:/home/user/.m2/repository/org/springframework/spring-tx/5.1.3.RELEASE/spring-tx-5.1.3.RELEASE.jar:/home/user/.m2/repository/org/mockito/mockito-core/2.15.0/mockito-core-2.15.0.jar:/home/user/.m2/repository/net/bytebuddy/byte-buddy/1.7.9/byte-buddy-1.7.9.jar:/home/user/.m2/repository/net/bytebuddy/byte-buddy-agent/1.7.9/byte-buddy-agent-1.7.9.jar:/home/user/.m2/repository/org/objenesis/objenesis/1.0/objenesis-1.0.jar:"/>
    <property name="sun.cpu.endian" value="little"/>
    <property name="user.home" value="/home/user"/>
    <property name="user.language" value="en"/>
    <property name="java.specification.vendor" value="Oracle Corporation"/>
    <property name="java.home" value="/usr/lib/jvm/java-1.8-openjdk/jre"/>
    <property name="java.security.krb5.conf" value="/workdir/hadoop-ozone/tools/target/test-classes/krb5.conf"/>
    <property name="basedir" value="/workdir/hadoop-ozone/tools"/>
    <property name="file.separator" value="/"/>
    <property name="line.separator" value="&#10;"/>
    <property name="java.vm.specification.vendor" value="Oracle Corporation"/>
    <property name="java.specification.name" value="Java Platform API Specification"/>
    <property name="java.awt.graphicsenv" value="sun.awt.X11GraphicsEnvironment"/>
    <property name="surefire.real.class.path" value="/workdir/hadoop-ozone/tools/target/surefire/surefirebooter4875089895935234907.jar"/>
    <property name="hadoop.log.dir" value="/workdir/hadoop-ozone/tools/target/log"/>
    <property name="sun.boot.class.path" value="/usr/lib/jvm/java-1.8-openjdk/jre/lib/resources.jar:/usr/lib/jvm/java-1.8-openjdk/jre/lib/rt.jar:/usr/lib/jvm/java-1.8-openjdk/jre/lib/sunrsasign.jar:/usr/lib/jvm/java-1.8-openjdk/jre/lib/jsse.jar:/usr/lib/jvm/java-1.8-openjdk/jre/lib/jce.jar:/usr/lib/jvm/java-1.8-openjdk/jre/lib/charsets.jar:/usr/lib/jvm/java-1.8-openjdk/jre/lib/jfr.jar:/usr/lib/jvm/java-1.8-openjdk/jre/classes"/>
    <property name="sun.management.compiler" value="HotSpot 64-Bit Tiered Compilers"/>
    <property name="java.runtime.version" value="1.8.0_212-b04"/>
    <property name="java.net.preferIPv4Stack" value="true"/>
    <property name="user.name" value="jenkins1000"/>
    <property name="path.separator" value=":"/>
    <property name="java.security.egd" value="file:///dev/urandom"/>
    <property name="os.version" value="3.10.0-957.12.2.el7.x86_64"/>
    <property name="java.endorsed.dirs" value="/usr/lib/jvm/java-1.8-openjdk/jre/lib/endorsed"/>
    <property name="java.runtime.name" value="OpenJDK Runtime Environment"/>
    <property name="file.encoding" value="UTF-8"/>
    <property name="java.vm.name" value="OpenJDK 64-Bit Server VM"/>
    <property name="test.build.webapps" value=""/>
    <property name="localRepository" value="/home/user/.m2/repository"/>
    <property name="java.vendor.url.bug" value="https://icedtea.classpath.org/bugzilla"/>
    <property name="java.io.tmpdir" value="/tmp"/>
    <property name="require.test.libhadoop" value=""/>
    <property name="java.version" value="1.8.0_212"/>
    <property name="user.dir" value="/workdir/hadoop-ozone/tools"/>
    <property name="os.arch" value="amd64"/>
    <property name="java.vm.specification.name" value="Java Virtual Machine Specification"/>
    <property name="test.build.classes" value="/workdir/hadoop-ozone/tools/target/test-classes"/>
    <property name="java.awt.printerjob" value="sun.print.PSPrinterJob"/>
    <property name="sun.os.patch.level" value="unknown"/>
    <property name="hadoop.tmp.dir" value="/workdir/hadoop-ozone/tools/target/tmp"/>
    <property name="java.library.path" value="/usr/lib/jvm/java-1.8-openjdk/jre/lib/amd64/server:/usr/lib/jvm/java-1.8-openjdk/jre/lib/amd64:/usr/lib/jvm/java-1.8-openjdk/jre/../lib/amd64:/workdir/hadoop-ozone/tools/target/native/target/usr/local/lib:/workdir/hadoop-ozone/tools/../../hadoop-common-project/hadoop-common/target/native/target/usr/local/lib:/usr/java/packages/lib/amd64:/usr/lib64:/lib64:/lib:/usr/lib"/>
    <property name="java.vm.info" value="mixed mode"/>
    <property name="java.vendor" value="IcedTea"/>
    <property name="java.vm.version" value="25.212-b04"/>
    <property name="java.ext.dirs" value="/usr/lib/jvm/java-1.8-openjdk/jre/lib/ext:/usr/java/packages/lib/ext"/>
    <property name="sun.io.unicode.encoding" value="UnicodeLittle"/>
    <property name="java.class.version" value="52.0"/>
  </properties>
  <testcase name="ratisTest3" classname="org.apache.hadoop.ozone.freon.TestRandomKeyGenerator" time="30.306"/>
  <testcase name="testThreadPoolSize" classname="org.apache.hadoop.ozone.freon.TestRandomKeyGenerator" time="5.03"/>
  <testcase name="defaultTest" classname="org.apache.hadoop.ozone.freon.TestRandomKeyGenerator" time="5.029"/>
  <testcase name="bigFileThan2GB" classname="org.apache.hadoop.ozone.freon.TestRandomKeyGenerator" time="48.189">
    <error message="Allocated 0 blocks. Requested 1 blocks" type="INTERNAL_ERROR org.apache.hadoop.ozone.om.exceptions.OMException">INTERNAL_ERROR org.apache.hadoop.ozone.om.exceptions.OMException: Allocated 0 blocks. Requested 1 blocks
	at org.apache.hadoop.ozone.om.protocolPB.OzoneManagerProtocolClientSideTranslatorPB.handleError(OzoneManagerProtocolClientSideTranslatorPB.java:725)
	at org.apache.hadoop.ozone.om.protocolPB.OzoneManagerProtocolClientSideTranslatorPB.allocateBlock(OzoneManagerProtocolClientSideTranslatorPB.java:757)
	at org.apache.hadoop.ozone.client.io.BlockOutputStreamEntryPool.allocateNewBlock(BlockOutputStreamEntryPool.java:248)
	at org.apache.hadoop.ozone.client.io.BlockOutputStreamEntryPool.allocateBlockIfNeeded(BlockOutputStreamEntryPool.java:296)
	at org.apache.hadoop.ozone.client.io.KeyOutputStream.handleWrite(KeyOutputStream.java:201)
	at org.apache.hadoop.ozone.client.io.KeyOutputStream.write(KeyOutputStream.java:193)
	at org.apache.hadoop.ozone.client.io.OzoneOutputStream.write(OzoneOutputStream.java:49)
	at org.apache.hadoop.ozone.freon.RandomKeyGenerator.createKey(RandomKeyGenerator.java:699)
	at org.apache.hadoop.ozone.freon.RandomKeyGenerator.access$1100(RandomKeyGenerator.java:87)
	at org.apache.hadoop.ozone.freon.RandomKeyGenerator$ObjectCreator.run(RandomKeyGenerator.java:606)
	at java.util.concurrent.Executors$RunnableAdapter.call(Executors.java:511)
	at java.util.concurrent.FutureTask.run(FutureTask.java:266)
	at java.util.concurrent.ThreadPoolExecutor.runWorker(ThreadPoolExecutor.java:1149)
	at java.util.concurrent.ThreadPoolExecutor$Worker.run(ThreadPoolExecutor.java:624)
	at java.lang.Thread.run(Thread.java:748)
</error>
    <system-out><![CDATA[2019-08-21 19:23:47,944 | INFO  | SCMAudit | user=jenkins1000 | ip=192.168.69.88 | op=SEND_HEARTBEAT {datanodeUUID=1df8bd03-73ef-4b9c-8622-5dc9d0e29c31, command=[]} | ret=SUCCESS |  
2019-08-21 19:23:47,944 | INFO  | SCMAudit | user=jenkins1000 | ip=192.168.69.88 | op=SEND_HEARTBEAT {datanodeUUID=12aca755-ada5-42df-801b-c61f99d8e8b8, command=[]} | ret=SUCCESS |  
2019-08-21 19:23:47,944 | INFO  | SCMAudit | user=jenkins1000 | ip=192.168.69.88 | op=SEND_HEARTBEAT {datanodeUUID=a308b8bf-0324-43a1-a87f-1e10a96e3042, command=[]} | ret=SUCCESS |  
2019-08-21 19:23:48,094 | INFO  | SCMAudit | user=jenkins1000 | ip=192.168.69.88 | op=SEND_HEARTBEAT {datanodeUUID=cfaf9666-ca64-459e-bd34-ff7c349f752a, command=[]} | ret=SUCCESS |  
2019-08-21 19:23:48,519 | INFO  | SCMAudit | user=jenkins1000 | ip=192.168.69.88 | op=SEND_HEARTBEAT {datanodeUUID=c4b21f74-9dba-4f39-a92d-300bdd5c7775, command=[]} | ret=SUCCESS |  
2019-08-21 19:23:48,945 | INFO  | SCMAudit | user=jenkins1000 | ip=192.168.69.88 | op=SEND_HEARTBEAT {datanodeUUID=1df8bd03-73ef-4b9c-8622-5dc9d0e29c31, command=[]} | ret=SUCCESS |  
2019-08-21 19:23:48,945 | INFO  | SCMAudit | user=jenkins1000 | ip=192.168.69.88 | op=SEND_HEARTBEAT {datanodeUUID=12aca755-ada5-42df-801b-c61f99d8e8b8, command=[]} | ret=SUCCESS |  
2019-08-21 19:23:48,946 | INFO  | SCMAudit | user=jenkins1000 | ip=192.168.69.88 | op=SEND_HEARTBEAT {datanodeUUID=a308b8bf-0324-43a1-a87f-1e10a96e3042, command=[]} | ret=SUCCESS |  
2019-08-21 19:23:49,095 | INFO  | SCMAudit | user=jenkins1000 | ip=192.168.69.88 | op=SEND_HEARTBEAT {datanodeUUID=cfaf9666-ca64-459e-bd34-ff7c349f752a, command=[]} | ret=SUCCESS |  
2019-08-21 19:23:49,518 | INFO  | SCMAudit | user=jenkins1000 | ip=192.168.69.88 | op=SEND_HEARTBEAT {datanodeUUID=c4b21f74-9dba-4f39-a92d-300bdd5c7775, command=[]} | ret=SUCCESS |  
2019-08-21 19:23:49,950 | INFO  | SCMAudit | user=jenkins1000 | ip=192.168.69.88 | op=SEND_HEARTBEAT {datanodeUUID=1df8bd03-73ef-4b9c-8622-5dc9d0e29c31, command=[]} | ret=SUCCESS |  
2019-08-21 19:23:49,950 | INFO  | SCMAudit | user=jenkins1000 | ip=192.168.69.88 | op=SEND_HEARTBEAT {datanodeUUID=a308b8bf-0324-43a1-a87f-1e10a96e3042, command=[]} | ret=SUCCESS |  
2019-08-21 19:23:49,950 | INFO  | SCMAudit | user=jenkins1000 | ip=192.168.69.88 | op=SEND_HEARTBEAT {datanodeUUID=12aca755-ada5-42df-801b-c61f99d8e8b8, command=[]} | ret=SUCCESS |  
2019-08-21 19:23:50,096 | INFO  | SCMAudit | user=jenkins1000 | ip=192.168.69.88 | op=SEND_HEARTBEAT {datanodeUUID=cfaf9666-ca64-459e-bd34-ff7c349f752a, command=[]} | ret=SUCCESS |  
2019-08-21 19:23:50,518 | INFO  | SCMAudit | user=jenkins1000 | ip=192.168.69.88 | op=SEND_HEARTBEAT {datanodeUUID=c4b21f74-9dba-4f39-a92d-300bdd5c7775, command=[]} | ret=SUCCESS |  
2019-08-21 19:23:50,945 | INFO  | SCMAudit | user=jenkins1000 | ip=192.168.69.88 | op=SEND_HEARTBEAT {datanodeUUID=a308b8bf-0324-43a1-a87f-1e10a96e3042, command=[]} | ret=SUCCESS |  
2019-08-21 19:23:50,945 | INFO  | SCMAudit | user=jenkins1000 | ip=192.168.69.88 | op=SEND_HEARTBEAT {datanodeUUID=12aca755-ada5-42df-801b-c61f99d8e8b8, command=[]} | ret=SUCCESS |  
2019-08-21 19:23:50,945 | INFO  | SCMAudit | user=jenkins1000 | ip=192.168.69.88 | op=SEND_HEARTBEAT {datanodeUUID=1df8bd03-73ef-4b9c-8622-5dc9d0e29c31, command=[]} | ret=SUCCESS |  
2019-08-21 19:23:51,096 | INFO  | SCMAudit | user=jenkins1000 | ip=192.168.69.88 | op=SEND_HEARTBEAT {datanodeUUID=cfaf9666-ca64-459e-bd34-ff7c349f752a, command=[]} | ret=SUCCESS |  
2019-08-21 19:23:51,517 | INFO  | SCMAudit | user=jenkins1000 | ip=192.168.69.88 | op=SEND_HEARTBEAT {datanodeUUID=c4b21f74-9dba-4f39-a92d-300bdd5c7775, command=[]} | ret=SUCCESS |  
2019-08-21 19:23:51,947 | INFO  | SCMAudit | user=jenkins1000 | ip=192.168.69.88 | op=SEND_HEARTBEAT {datanodeUUID=a308b8bf-0324-43a1-a87f-1e10a96e3042, command=[]} | ret=SUCCESS |  
2019-08-21 19:23:51,947 | INFO  | SCMAudit | user=jenkins1000 | ip=192.168.69.88 | op=SEND_HEARTBEAT {datanodeUUID=1df8bd03-73ef-4b9c-8622-5dc9d0e29c31, command=[]} | ret=SUCCESS |  
2019-08-21 19:23:51,947 | INFO  | SCMAudit | user=jenkins1000 | ip=192.168.69.88 | op=SEND_HEARTBEAT {datanodeUUID=12aca755-ada5-42df-801b-c61f99d8e8b8, command=[]} | ret=SUCCESS |  
2019-08-21 19:23:52,096 | INFO  | SCMAudit | user=jenkins1000 | ip=192.168.69.88 | op=SEND_HEARTBEAT {datanodeUUID=cfaf9666-ca64-459e-bd34-ff7c349f752a, command=[]} | ret=SUCCESS |  
2019-08-21 19:23:52,518 | INFO  | SCMAudit | user=jenkins1000 | ip=192.168.69.88 | op=SEND_HEARTBEAT {datanodeUUID=c4b21f74-9dba-4f39-a92d-300bdd5c7775, command=[]} | ret=SUCCESS |  
2019-08-21 19:23:52,950 | INFO  | SCMAudit | user=jenkins1000 | ip=192.168.69.88 | op=SEND_HEARTBEAT {datanodeUUID=a308b8bf-0324-43a1-a87f-1e10a96e3042, command=[]} | ret=SUCCESS |  
2019-08-21 19:23:52,950 | INFO  | SCMAudit | user=jenkins1000 | ip=192.168.69.88 | op=SEND_HEARTBEAT {datanodeUUID=1df8bd03-73ef-4b9c-8622-5dc9d0e29c31, command=[]} | ret=SUCCESS |  
2019-08-21 19:23:52,950 | INFO  | SCMAudit | user=jenkins1000 | ip=192.168.69.88 | op=SEND_HEARTBEAT {datanodeUUID=12aca755-ada5-42df-801b-c61f99d8e8b8, command=[]} | ret=SUCCESS |  
2019-08-21 19:23:53,096 | INFO  | SCMAudit | user=jenkins1000 | ip=192.168.69.88 | op=SEND_HEARTBEAT {datanodeUUID=cfaf9666-ca64-459e-bd34-ff7c349f752a, command=[]} | ret=SUCCESS |  
2019-08-21 19:23:53,517 | INFO  | SCMAudit | user=jenkins1000 | ip=192.168.69.88 | op=SEND_HEARTBEAT {datanodeUUID=c4b21f74-9dba-4f39-a92d-300bdd5c7775, command=[]} | ret=SUCCESS |  
2019-08-21 19:23:53,945 | INFO  | SCMAudit | user=jenkins1000 | ip=192.168.69.88 | op=SEND_HEARTBEAT {datanodeUUID=1df8bd03-73ef-4b9c-8622-5dc9d0e29c31, command=[]} | ret=SUCCESS |  
2019-08-21 19:23:53,945 | INFO  | SCMAudit | user=jenkins1000 | ip=192.168.69.88 | op=SEND_HEARTBEAT {datanodeUUID=12aca755-ada5-42df-801b-c61f99d8e8b8, command=[]} | ret=SUCCESS |  
2019-08-21 19:23:53,946 | INFO  | SCMAudit | user=jenkins1000 | ip=192.168.69.88 | op=SEND_HEARTBEAT {datanodeUUID=a308b8bf-0324-43a1-a87f-1e10a96e3042, command=[]} | ret=SUCCESS |  
2019-08-21 19:23:54,098 | INFO  | SCMAudit | user=jenkins1000 | ip=192.168.69.88 | op=SEND_HEARTBEAT {datanodeUUID=cfaf9666-ca64-459e-bd34-ff7c349f752a, command=[]} | ret=SUCCESS |  
2019-08-21 19:23:54,518 | INFO  | SCMAudit | user=jenkins1000 | ip=192.168.69.88 | op=SEND_HEARTBEAT {datanodeUUID=c4b21f74-9dba-4f39-a92d-300bdd5c7775, command=[]} | ret=SUCCESS |  
2019-08-21 19:23:54,946 | INFO  | SCMAudit | user=jenkins1000 | ip=192.168.69.88 | op=SEND_HEARTBEAT {datanodeUUID=1df8bd03-73ef-4b9c-8622-5dc9d0e29c31, command=[]} | ret=SUCCESS |  
2019-08-21 19:23:54,946 | INFO  | SCMAudit | user=jenkins1000 | ip=192.168.69.88 | op=SEND_HEARTBEAT {datanodeUUID=12aca755-ada5-42df-801b-c61f99d8e8b8, command=[]} | ret=SUCCESS |  
2019-08-21 19:23:54,947 | INFO  | SCMAudit | user=jenkins1000 | ip=192.168.69.88 | op=SEND_HEARTBEAT {datanodeUUID=a308b8bf-0324-43a1-a87f-1e10a96e3042, command=[]} | ret=SUCCESS |  
2019-08-21 19:23:55,100 | INFO  | SCMAudit | user=jenkins1000 | ip=192.168.69.88 | op=SEND_HEARTBEAT {datanodeUUID=cfaf9666-ca64-459e-bd34-ff7c349f752a, command=[]} | ret=SUCCESS |  
2019-08-21 19:23:55,415 [main] INFO  freon.RandomKeyGenerator (RandomKeyGenerator.java:call(275)) - Number of Threads: 1
2019-08-21 19:23:55,417 [main] INFO  freon.RandomKeyGenerator (RandomKeyGenerator.java:call(280)) - Number of Volumes: 1.
2019-08-21 19:23:55,417 [main] INFO  freon.RandomKeyGenerator (RandomKeyGenerator.java:call(281)) - Number of Buckets per Volume: 1.
2019-08-21 19:23:55,417 [main] INFO  freon.RandomKeyGenerator (RandomKeyGenerator.java:call(282)) - Number of Keys per Bucket: 1.
2019-08-21 19:23:55,417 [main] INFO  freon.RandomKeyGenerator (RandomKeyGenerator.java:call(283)) - Key size: 2147483657 bytes
2019-08-21 19:23:55,417 [main] INFO  freon.RandomKeyGenerator (RandomKeyGenerator.java:call(284)) - Buffer size: 4096 bytes
2019-08-21 19:23:55,420 [main] INFO  freon.RandomKeyGenerator (RandomKeyGenerator.java:call(298)) - Data validation is enabled.
2019-08-21 19:23:55,421 [main] INFO  freon.RandomKeyGenerator (RandomKeyGenerator.java:call(304)) - Starting progress bar Thread.

 0.00% |█                                                                                                    |  0/1 Time: 0:00:002019-08-21 19:23:55,424 [pool-282-thread-1] INFO  rpc.RpcClient (RpcClient.java:createVolume(292)) - Creating Volume: vol-0-90666, with jenkins1000 as owner.
2019-08-21 19:23:55,435 | INFO  | OMAudit | user=jenkins1000 | ip=127.0.0.1 | op=CREATE_VOLUME {admin=jenkins1000, owner=jenkins1000, volume=vol-0-90666, creationTime=1566415435434, quotaInBytes=1152921504606846976} | ret=SUCCESS |  
2019-08-21 19:23:55,437 | INFO  | OMAudit | user=jenkins1000 | ip=127.0.0.1 | op=READ_VOLUME {volume=vol-0-90666} | ret=SUCCESS |  
2019-08-21 19:23:55,441 [pool-282-thread-1] INFO  rpc.RpcClient (RpcClient.java:createBucket(431)) - Creating Bucket: vol-0-90666/bucket-0-29336, with Versioning false and Storage Type set to DISK and Encryption set to false 
2019-08-21 19:23:55,443 | INFO  | OMAudit | user=jenkins1000 | ip=127.0.0.1 | op=CREATE_BUCKET {volume=vol-0-90666, bucket=bucket-0-29336, acls=[user:jenkins1000:a[ACCESS], group:default:a[ACCESS]], isVersionEnabled=false, storageType=DISK, creationTime=0} | ret=SUCCESS |  
2019-08-21 19:23:55,444 | INFO  | OMAudit | user=jenkins1000 | ip=127.0.0.1 | op=READ_BUCKET {volume=vol-0-90666, bucket=bucket-0-29336} | ret=SUCCESS |  
2019-08-21 19:23:55,463 | INFO  | SCMAudit | user=jenkins1000 | ip=192.168.69.88 | op=ALLOCATE_BLOCK {owner=a4b1d482-4fe6-4e71-84a6-a95f4ce3f696, size=4194304, type=RATIS, factor=THREE} | ret=SUCCESS |  
2019-08-21 19:23:55,479 | INFO  | OMAudit | user=jenkins1000 | ip=127.0.0.1 | op=ALLOCATE_KEY {volume=vol-0-90666, bucket=bucket-0-29336, key=key-0-94354, dataSize=2147483657, replicationType=RATIS, replicationFactor=THREE, keyLocationInfo=null} | ret=SUCCESS |  
2019-08-21 19:23:55,518 | INFO  | SCMAudit | user=jenkins1000 | ip=192.168.69.88 | op=SEND_HEARTBEAT {datanodeUUID=c4b21f74-9dba-4f39-a92d-300bdd5c7775, command=[]} | ret=SUCCESS |  
2019-08-21 19:23:55,527 | INFO  | DNAudit | user=null | ip=null | op=WRITE_CHUNK {blockData=conID: 3 locID: 102656601977979283 bcsId: 0} | ret=SUCCESS |  
2019-08-21 19:23:55,536 | INFO  | DNAudit | user=null | ip=null | op=WRITE_CHUNK {blockData=conID: 3 locID: 102656601977979283 bcsId: 0} | ret=SUCCESS |  
2019-08-21 19:23:55,538 | INFO  | DNAudit | user=null | ip=null | op=WRITE_CHUNK {blockData=conID: 3 locID: 102656601977979283 bcsId: 0} | ret=SUCCESS |  
2019-08-21 19:23:55,542 | INFO  | DNAudit | user=null | ip=null | op=WRITE_CHUNK {blockData=conID: 3 locID: 102656601977979283 bcsId: 0} | ret=SUCCESS |  
2019-08-21 19:23:55,546 [grpc-default-executor-0] INFO  client.GrpcClientProtocolClient (GrpcClientProtocolClient.java:onNext(255)) - client-DA9582518C67->1df8bd03-73ef-4b9c-8622-5dc9d0e29c31: receive RaftClientReply:client-DA9582518C67->1df8bd03-73ef-4b9c-8622-5dc9d0e29c31@group-F45402591F47, cid=600, SUCCESS, logIndex=688, commits[1df8bd03-73ef-4b9c-8622-5dc9d0e29c31:c688, 12aca755-ada5-42df-801b-c61f99d8e8b8:c687, a308b8bf-0324-43a1-a87f-1e10a96e3042:c687]
2019-08-21 19:23:55,553 | INFO  | DNAudit | user=null | ip=null | op=WRITE_CHUNK {blockData=conID: 3 locID: 102656601977979283 bcsId: 0} | ret=SUCCESS |  
2019-08-21 19:23:55,554 | INFO  | DNAudit | user=null | ip=null | op=WRITE_CHUNK {blockData=conID: 3 locID: 102656601977979283 bcsId: 0} | ret=SUCCESS |  
2019-08-21 19:23:55,562 | INFO  | DNAudit | user=null | ip=null | op=WRITE_CHUNK {blockData=conID: 3 locID: 102656601977979283 bcsId: 0} | ret=SUCCESS |  
2019-08-21 19:23:55,566 | INFO  | DNAudit | user=null | ip=null | op=PUT_BLOCK {blockData=[blockId=conID: 3 locID: 102656601977979283 bcsId: 0,size=1048576]} | ret=SUCCESS |  
2019-08-21 19:23:55,569 [grpc-default-executor-2] INFO  client.GrpcClientProtocolClient (GrpcClientProtocolClient.java:onNext(255)) - client-DA9582518C67->1df8bd03-73ef-4b9c-8622-5dc9d0e29c31: receive RaftClientReply:client-DA9582518C67->1df8bd03-73ef-4b9c-8622-5dc9d0e29c31@group-F45402591F47, cid=601, SUCCESS, logIndex=690, commits[1df8bd03-73ef-4b9c-8622-5dc9d0e29c31:c690, 12aca755-ada5-42df-801b-c61f99d8e8b8:c688, a308b8bf-0324-43a1-a87f-1e10a96e3042:c688]
2019-08-21 19:23:55,570 | INFO  | DNAudit | user=null | ip=null | op=WRITE_CHUNK {blockData=conID: 3 locID: 102656601977979283 bcsId: 0} | ret=SUCCESS |  
2019-08-21 19:23:55,572 | INFO  | DNAudit | user=null | ip=null | op=WRITE_CHUNK {blockData=conID: 3 locID: 102656601977979283 bcsId: 0} | ret=SUCCESS |  
2019-08-21 19:23:55,579 | INFO  | DNAudit | user=null | ip=null | op=PUT_BLOCK {blockData=[blockId=conID: 3 locID: 102656601977979283 bcsId: 0,size=1048576]} | ret=SUCCESS |  
2019-08-21 19:23:55,579 | INFO  | DNAudit | user=null | ip=null | op=PUT_BLOCK {blockData=[blockId=conID: 3 locID: 102656601977979283 bcsId: 0,size=1048576]} | ret=SUCCESS |  
2019-08-21 19:23:55,579 | INFO  | DNAudit | user=null | ip=null | op=WRITE_CHUNK {blockData=conID: 3 locID: 102656601977979283 bcsId: 0} | ret=SUCCESS |  
2019-08-21 19:23:55,579 | INFO  | DNAudit | user=null | ip=null | op=PUT_BLOCK {blockData=[blockId=conID: 3 locID: 102656601977979283 bcsId: 0,size=2097152]} | ret=SUCCESS |  
2019-08-21 19:23:55,580 [grpc-default-executor-2] INFO  client.GrpcClientProtocolClient (GrpcClientProtocolClient.java:onNext(255)) - client-DA9582518C67->1df8bd03-73ef-4b9c-8622-5dc9d0e29c31: receive RaftClientReply:client-DA9582518C67->1df8bd03-73ef-4b9c-8622-5dc9d0e29c31@group-F45402591F47, cid=602, SUCCESS, logIndex=691, commits[1df8bd03-73ef-4b9c-8622-5dc9d0e29c31:c693, 12aca755-ada5-42df-801b-c61f99d8e8b8:c690, a308b8bf-0324-43a1-a87f-1e10a96e3042:c690]
2019-08-21 19:23:55,581 [grpc-default-executor-2] INFO  client.GrpcClientProtocolClient (GrpcClientProtocolClient.java:onNext(255)) - client-DA9582518C67->1df8bd03-73ef-4b9c-8622-5dc9d0e29c31: receive RaftClientReply:client-DA9582518C67->1df8bd03-73ef-4b9c-8622-5dc9d0e29c31@group-F45402591F47, cid=603, SUCCESS, logIndex=692, commits[1df8bd03-73ef-4b9c-8622-5dc9d0e29c31:c693, 12aca755-ada5-42df-801b-c61f99d8e8b8:c690, a308b8bf-0324-43a1-a87f-1e10a96e3042:c690]
2019-08-21 19:23:55,590 | INFO  | DNAudit | user=null | ip=null | op=WRITE_CHUNK {blockData=conID: 3 locID: 102656601977979283 bcsId: 0} | ret=SUCCESS |  
2019-08-21 19:23:55,591 | INFO  | DNAudit | user=null | ip=null | op=WRITE_CHUNK {blockData=conID: 3 locID: 102656601977979283 bcsId: 0} | ret=SUCCESS |  
2019-08-21 19:23:55,594 | INFO  | DNAudit | user=null | ip=null | op=PUT_BLOCK {blockData=[blockId=conID: 3 locID: 102656601977979283 bcsId: 0,size=2097152]} | ret=SUCCESS |  
2019-08-21 19:23:55,594 | INFO  | DNAudit | user=null | ip=null | op=PUT_BLOCK {blockData=[blockId=conID: 3 locID: 102656601977979283 bcsId: 0,size=2097152]} | ret=SUCCESS |  
2019-08-21 19:23:55,599 | INFO  | DNAudit | user=null | ip=null | op=WRITE_CHUNK {blockData=conID: 3 locID: 102656601977979283 bcsId: 692} | ret=SUCCESS |  
2019-08-21 19:23:55,607 | INFO  | DNAudit | user=null | ip=null | op=WRITE_CHUNK {blockData=conID: 3 locID: 102656601977979283 bcsId: 692} | ret=SUCCESS |  
2019-08-21 19:23:55,607 | INFO  | DNAudit | user=null | ip=null | op=WRITE_CHUNK {blockData=conID: 3 locID: 102656601977979283 bcsId: 692} | ret=SUCCESS |  
2019-08-21 19:23:55,613 | INFO  | DNAudit | user=null | ip=null | op=WRITE_CHUNK {blockData=conID: 3 locID: 102656601977979283 bcsId: 692} | ret=SUCCESS |  
2019-08-21 19:23:55,614 | INFO  | DNAudit | user=null | ip=null | op=PUT_BLOCK {blockData=[blockId=conID: 3 locID: 102656601977979283 bcsId: 0,size=3145728]} | ret=SUCCESS |  
2019-08-21 19:23:55,614 [grpc-default-executor-2] INFO  client.GrpcClientProtocolClient (GrpcClientProtocolClient.java:onNext(255)) - client-DA9582518C67->1df8bd03-73ef-4b9c-8622-5dc9d0e29c31: receive RaftClientReply:client-DA9582518C67->1df8bd03-73ef-4b9c-8622-5dc9d0e29c31@group-F45402591F47, cid=604, SUCCESS, logIndex=696, commits[1df8bd03-73ef-4b9c-8622-5dc9d0e29c31:c697, 12aca755-ada5-42df-801b-c61f99d8e8b8:c695, a308b8bf-0324-43a1-a87f-1e10a96e3042:c695]
2019-08-21 19:23:55,615 [grpc-default-executor-2] INFO  client.GrpcClientProtocolClient (GrpcClientProtocolClient.java:onNext(255)) - client-DA9582518C67->1df8bd03-73ef-4b9c-8622-5dc9d0e29c31: receive RaftClientReply:client-DA9582518C67->1df8bd03-73ef-4b9c-8622-5dc9d0e29c31@group-F45402591F47, cid=605, SUCCESS, logIndex=697, commits[1df8bd03-73ef-4b9c-8622-5dc9d0e29c31:c697, 12aca755-ada5-42df-801b-c61f99d8e8b8:c695, a308b8bf-0324-43a1-a87f-1e10a96e3042:c695]
2019-08-21 19:23:55,896 | INFO  | DNAudit | user=null | ip=null | op=WRITE_CHUNK {blockData=conID: 3 locID: 102656601977979283 bcsId: 692} | ret=SUCCESS |  
2019-08-21 19:23:55,896 | INFO  | DNAudit | user=null | ip=null | op=WRITE_CHUNK {blockData=conID: 3 locID: 102656601977979283 bcsId: 692} | ret=SUCCESS |  
2019-08-21 19:23:55,897 | INFO  | DNAudit | user=null | ip=null | op=PUT_BLOCK {blockData=[blockId=conID: 3 locID: 102656601977979283 bcsId: 0,size=3145728]} | ret=SUCCESS |  
2019-08-21 19:23:55,897 | INFO  | DNAudit | user=null | ip=null | op=PUT_BLOCK {blockData=[blockId=conID: 3 locID: 102656601977979283 bcsId: 0,size=3145728]} | ret=SUCCESS |  
2019-08-21 19:23:55,909 | INFO  | DNAudit | user=null | ip=null | op=WRITE_CHUNK {blockData=conID: 3 locID: 102656601977979283 bcsId: 697} | ret=SUCCESS |  
2019-08-21 19:23:55,920 | INFO  | DNAudit | user=null | ip=null | op=WRITE_CHUNK {blockData=conID: 3 locID: 102656601977979283 bcsId: 697} | ret=SUCCESS |  
2019-08-21 19:23:55,921 | INFO  | DNAudit | user=null | ip=null | op=WRITE_CHUNK {blockData=conID: 3 locID: 102656601977979283 bcsId: 697} | ret=SUCCESS |  
2019-08-21 19:23:55,923 | INFO  | DNAudit | user=null | ip=null | op=WRITE_CHUNK {blockData=conID: 3 locID: 102656601977979283 bcsId: 697} | ret=SUCCESS |  
2019-08-21 19:23:55,924 | INFO  | DNAudit | user=null | ip=null | op=PUT_BLOCK {blockData=[blockId=conID: 3 locID: 102656601977979283 bcsId: 0,size=4194304]} | ret=SUCCESS |  
2019-08-21 19:23:55,925 [grpc-default-executor-5] INFO  client.GrpcClientProtocolClient (GrpcClientProtocolClient.java:onNext(255)) - client-DA9582518C67->1df8bd03-73ef-4b9c-8622-5dc9d0e29c31: receive RaftClientReply:client-DA9582518C67->1df8bd03-73ef-4b9c-8622-5dc9d0e29c31@group-F45402591F47, cid=606, SUCCESS, logIndex=700, commits[1df8bd03-73ef-4b9c-8622-5dc9d0e29c31:c701, 12aca755-ada5-42df-801b-c61f99d8e8b8:c698, a308b8bf-0324-43a1-a87f-1e10a96e3042:c698]
2019-08-21 19:23:55,925 [grpc-default-executor-5] INFO  client.GrpcClientProtocolClient (GrpcClientProtocolClient.java:onNext(255)) - client-DA9582518C67->1df8bd03-73ef-4b9c-8622-5dc9d0e29c31: receive RaftClientReply:client-DA9582518C67->1df8bd03-73ef-4b9c-8622-5dc9d0e29c31@group-F45402591F47, cid=607, SUCCESS, logIndex=701, commits[1df8bd03-73ef-4b9c-8622-5dc9d0e29c31:c701, 12aca755-ada5-42df-801b-c61f99d8e8b8:c698, a308b8bf-0324-43a1-a87f-1e10a96e3042:c698]
2019-08-21 19:23:55,935 | INFO  | DNAudit | user=null | ip=null | op=WRITE_CHUNK {blockData=conID: 3 locID: 102656601977979283 bcsId: 697} | ret=SUCCESS |  
2019-08-21 19:23:55,935 | INFO  | DNAudit | user=null | ip=null | op=WRITE_CHUNK {blockData=conID: 3 locID: 102656601977979283 bcsId: 697} | ret=SUCCESS |  
2019-08-21 19:23:55,938 | INFO  | DNAudit | user=null | ip=null | op=PUT_BLOCK {blockData=[blockId=conID: 3 locID: 102656601977979283 bcsId: 0,size=4194304]} | ret=SUCCESS |  
2019-08-21 19:23:55,938 | INFO  | DNAudit | user=null | ip=null | op=PUT_BLOCK {blockData=[blockId=conID: 3 locID: 102656601977979283 bcsId: 0,size=4194304]} | ret=SUCCESS |  
2019-08-21 19:23:55,939 [grpc-default-executor-5] INFO  client.GrpcClientProtocolClient (GrpcClientProtocolClient.java:onNext(255)) - client-DA9582518C67->1df8bd03-73ef-4b9c-8622-5dc9d0e29c31: receive RaftClientReply:client-DA9582518C67->1df8bd03-73ef-4b9c-8622-5dc9d0e29c31@group-F45402591F47, cid=608, SUCCESS, logIndex=0, commits[1df8bd03-73ef-4b9c-8622-5dc9d0e29c31:c702, 12aca755-ada5-42df-801b-c61f99d8e8b8:c701, a308b8bf-0324-43a1-a87f-1e10a96e3042:c701]
2019-08-21 19:23:55,945 | INFO  | SCMAudit | user=jenkins1000 | ip=192.168.69.88 | op=SEND_HEARTBEAT {datanodeUUID=1df8bd03-73ef-4b9c-8622-5dc9d0e29c31, command=[]} | ret=SUCCESS |  
2019-08-21 19:23:55,945 | INFO  | SCMAudit | user=jenkins1000 | ip=192.168.69.88 | op=SEND_HEARTBEAT {datanodeUUID=12aca755-ada5-42df-801b-c61f99d8e8b8, command=[]} | ret=SUCCESS |  
2019-08-21 19:23:55,946 | INFO  | SCMAudit | user=jenkins1000 | ip=192.168.69.88 | op=SEND_HEARTBEAT {datanodeUUID=a308b8bf-0324-43a1-a87f-1e10a96e3042, command=[]} | ret=SUCCESS |  
2019-08-21 19:23:55,951 | INFO  | DNAudit | user=null | ip=null | op=WRITE_CHUNK {blockData=conID: 1 locID: 102656601977979284 bcsId: 0} | ret=SUCCESS |  
2019-08-21 19:23:55,954 | INFO  | DNAudit | user=null | ip=null | op=WRITE_CHUNK {blockData=conID: 1 locID: 102656601977979284 bcsId: 0} | ret=SUCCESS |  
2019-08-21 19:23:55,959 | INFO  | DNAudit | user=null | ip=null | op=WRITE_CHUNK {blockData=conID: 1 locID: 102656601977979284 bcsId: 0} | ret=SUCCESS |  
2019-08-21 19:23:55,960 | INFO  | DNAudit | user=null | ip=null | op=WRITE_CHUNK {blockData=conID: 1 locID: 102656601977979284 bcsId: 0} | ret=SUCCESS |  
2019-08-21 19:23:55,961 | INFO  | DNAudit | user=null | ip=null | op=WRITE_CHUNK {blockData=conID: 1 locID: 102656601977979284 bcsId: 0} | ret=SUCCESS |  
2019-08-21 19:23:55,962 | INFO  | DNAudit | user=null | ip=null | op=WRITE_CHUNK {blockData=conID: 1 locID: 102656601977979284 bcsId: 0} | ret=SUCCESS |  
2019-08-21 19:23:55,968 | INFO  | DNAudit | user=null | ip=null | op=WRITE_CHUNK {blockData=conID: 1 locID: 102656601977979284 bcsId: 0} | ret=SUCCESS |  
2019-08-21 19:23:55,969 | INFO  | DNAudit | user=null | ip=null | op=PUT_BLOCK {blockData=[blockId=conID: 1 locID: 102656601977979284 bcsId: 0,size=1048576]} | ret=SUCCESS |  
2019-08-21 19:23:55,970 | INFO  | DNAudit | user=null | ip=null | op=WRITE_CHUNK {blockData=conID: 1 locID: 102656601977979284 bcsId: 0} | ret=SUCCESS |  
2019-08-21 19:23:55,970 [grpc-default-executor-0] INFO  client.GrpcClientProtocolClient (GrpcClientProtocolClient.java:onNext(255)) - client-DA9582518C67->1df8bd03-73ef-4b9c-8622-5dc9d0e29c31: receive RaftClientReply:client-DA9582518C67->1df8bd03-73ef-4b9c-8622-5dc9d0e29c31@group-F45402591F47, cid=609, SUCCESS, logIndex=704, commits[1df8bd03-73ef-4b9c-8622-5dc9d0e29c31:c705, 12aca755-ada5-42df-801b-c61f99d8e8b8:c703, a308b8bf-0324-43a1-a87f-1e10a96e3042:c703]
2019-08-21 19:23:55,970 | INFO  | DNAudit | user=null | ip=null | op=PUT_BLOCK {blockData=[blockId=conID: 1 locID: 102656601977979284 bcsId: 0,size=2097152]} | ret=SUCCESS |  
2019-08-21 19:23:55,970 [grpc-default-executor-0] INFO  client.GrpcClientProtocolClient (GrpcClientProtocolClient.java:onNext(255)) - client-DA9582518C67->1df8bd03-73ef-4b9c-8622-5dc9d0e29c31: receive RaftClientReply:client-DA9582518C67->1df8bd03-73ef-4b9c-8622-5dc9d0e29c31@group-F45402591F47, cid=610, SUCCESS, logIndex=705, commits[1df8bd03-73ef-4b9c-8622-5dc9d0e29c31:c707, 12aca755-ada5-42df-801b-c61f99d8e8b8:c703, a308b8bf-0324-43a1-a87f-1e10a96e3042:c703]
2019-08-21 19:23:55,971 [grpc-default-executor-0] INFO  client.GrpcClientProtocolClient (GrpcClientProtocolClient.java:onNext(255)) - client-DA9582518C67->1df8bd03-73ef-4b9c-8622-5dc9d0e29c31: receive RaftClientReply:client-DA9582518C67->1df8bd03-73ef-4b9c-8622-5dc9d0e29c31@group-F45402591F47, cid=611, SUCCESS, logIndex=706, commits[1df8bd03-73ef-4b9c-8622-5dc9d0e29c31:c707, 12aca755-ada5-42df-801b-c61f99d8e8b8:c703, a308b8bf-0324-43a1-a87f-1e10a96e3042:c703]
2019-08-21 19:23:55,971 [grpc-default-executor-0] INFO  client.GrpcClientProtocolClient (GrpcClientProtocolClient.java:onNext(255)) - client-DA9582518C67->1df8bd03-73ef-4b9c-8622-5dc9d0e29c31: receive RaftClientReply:client-DA9582518C67->1df8bd03-73ef-4b9c-8622-5dc9d0e29c31@group-F45402591F47, cid=612, SUCCESS, logIndex=707, commits[1df8bd03-73ef-4b9c-8622-5dc9d0e29c31:c707, 12aca755-ada5-42df-801b-c61f99d8e8b8:c703, a308b8bf-0324-43a1-a87f-1e10a96e3042:c703]
2019-08-21 19:23:55,979 | INFO  | DNAudit | user=null | ip=null | op=WRITE_CHUNK {blockData=conID: 1 locID: 102656601977979284 bcsId: 0} | ret=SUCCESS |  
2019-08-21 19:23:55,980 | INFO  | DNAudit | user=null | ip=null | op=PUT_BLOCK {blockData=[blockId=conID: 1 locID: 102656601977979284 bcsId: 0,size=1048576]} | ret=SUCCESS |  
2019-08-21 19:23:55,980 | INFO  | DNAudit | user=null | ip=null | op=WRITE_CHUNK {blockData=conID: 1 locID: 102656601977979284 bcsId: 0} | ret=SUCCESS |  
2019-08-21 19:23:55,980 | INFO  | DNAudit | user=null | ip=null | op=PUT_BLOCK {blockData=[blockId=conID: 1 locID: 102656601977979284 bcsId: 0,size=1048576]} | ret=SUCCESS |  
2019-08-21 19:23:55,980 | INFO  | DNAudit | user=null | ip=null | op=WRITE_CHUNK {blockData=conID: 1 locID: 102656601977979284 bcsId: 0} | ret=SUCCESS |  
2019-08-21 19:23:55,980 [grpc-default-executor-0] INFO  client.GrpcClientProtocolClient (GrpcClientProtocolClient.java:onNext(255)) - client-DA9582518C67->1df8bd03-73ef-4b9c-8622-5dc9d0e29c31: receive RaftClientReply:client-DA9582518C67->1df8bd03-73ef-4b9c-8622-5dc9d0e29c31@group-F45402591F47, cid=613, SUCCESS, logIndex=0, commits[1df8bd03-73ef-4b9c-8622-5dc9d0e29c31:c708, 12aca755-ada5-42df-801b-c61f99d8e8b8:c705, a308b8bf-0324-43a1-a87f-1e10a96e3042:c705]
2019-08-21 19:23:55,981 | INFO  | DNAudit | user=null | ip=null | op=PUT_BLOCK {blockData=[blockId=conID: 1 locID: 102656601977979284 bcsId: 0,size=2097152]} | ret=SUCCESS |  
2019-08-21 19:23:55,982 | INFO  | DNAudit | user=null | ip=null | op=WRITE_CHUNK {blockData=conID: 1 locID: 102656601977979284 bcsId: 0} | ret=SUCCESS |  
2019-08-21 19:23:55,982 | INFO  | DNAudit | user=null | ip=null | op=PUT_BLOCK {blockData=[blockId=conID: 1 locID: 102656601977979284 bcsId: 0,size=2097152]} | ret=SUCCESS |  
2019-08-21 19:23:55,991 | INFO  | DNAudit | user=null | ip=null | op=WRITE_CHUNK {blockData=conID: 1 locID: 102656601977979284 bcsId: 707} | ret=SUCCESS |  
2019-08-21 19:23:55,996 | INFO  | DNAudit | user=null | ip=null | op=WRITE_CHUNK {blockData=conID: 1 locID: 102656601977979284 bcsId: 707} | ret=SUCCESS |  
2019-08-21 19:23:55,997 | INFO  | DNAudit | user=null | ip=null | op=WRITE_CHUNK {blockData=conID: 1 locID: 102656601977979284 bcsId: 707} | ret=SUCCESS |  
2019-08-21 19:23:56,005 | INFO  | DNAudit | user=null | ip=null | op=WRITE_CHUNK {blockData=conID: 1 locID: 102656601977979284 bcsId: 707} | ret=SUCCESS |  
2019-08-21 19:23:56,006 | INFO  | DNAudit | user=null | ip=null | op=PUT_BLOCK {blockData=[blockId=conID: 1 locID: 102656601977979284 bcsId: 0,size=3145728]} | ret=SUCCESS |  
2019-08-21 19:23:56,006 [grpc-default-executor-0] INFO  client.GrpcClientProtocolClient (GrpcClientProtocolClient.java:onNext(255)) - client-DA9582518C67->1df8bd03-73ef-4b9c-8622-5dc9d0e29c31: receive RaftClientReply:client-DA9582518C67->1df8bd03-73ef-4b9c-8622-5dc9d0e29c31@group-F45402591F47, cid=614, SUCCESS, logIndex=711, commits[1df8bd03-73ef-4b9c-8622-5dc9d0e29c31:c712, 12aca755-ada5-42df-801b-c61f99d8e8b8:c710, a308b8bf-0324-43a1-a87f-1e10a96e3042:c710]
2019-08-21 19:23:56,007 [grpc-default-executor-0] INFO  client.GrpcClientProtocolClient (GrpcClientProtocolClient.java:onNext(255)) - client-DA9582518C67->1df8bd03-73ef-4b9c-8622-5dc9d0e29c31: receive RaftClientReply:client-DA9582518C67->1df8bd03-73ef-4b9c-8622-5dc9d0e29c31@group-F45402591F47, cid=615, SUCCESS, logIndex=712, commits[1df8bd03-73ef-4b9c-8622-5dc9d0e29c31:c712, 12aca755-ada5-42df-801b-c61f99d8e8b8:c710, a308b8bf-0324-43a1-a87f-1e10a96e3042:c710]
2019-08-21 19:23:56,015 | INFO  | DNAudit | user=null | ip=null | op=WRITE_CHUNK {blockData=conID: 1 locID: 102656601977979284 bcsId: 707} | ret=SUCCESS |  
2019-08-21 19:23:56,015 | INFO  | DNAudit | user=null | ip=null | op=WRITE_CHUNK {blockData=conID: 1 locID: 102656601977979284 bcsId: 707} | ret=SUCCESS |  
2019-08-21 19:23:56,016 | INFO  | DNAudit | user=null | ip=null | op=PUT_BLOCK {blockData=[blockId=conID: 1 locID: 102656601977979284 bcsId: 0,size=3145728]} | ret=SUCCESS |  
2019-08-21 19:23:56,016 | INFO  | DNAudit | user=null | ip=null | op=PUT_BLOCK {blockData=[blockId=conID: 1 locID: 102656601977979284 bcsId: 0,size=3145728]} | ret=SUCCESS |  
2019-08-21 19:23:56,017 | INFO  | DNAudit | user=null | ip=null | op=WRITE_CHUNK {blockData=conID: 1 locID: 102656601977979284 bcsId: 712} | ret=SUCCESS |  
2019-08-21 19:23:56,022 | INFO  | DNAudit | user=null | ip=null | op=WRITE_CHUNK {blockData=conID: 1 locID: 102656601977979284 bcsId: 712} | ret=SUCCESS |  
2019-08-21 19:23:56,023 | INFO  | DNAudit | user=null | ip=null | op=WRITE_CHUNK {blockData=conID: 1 locID: 102656601977979284 bcsId: 712} | ret=SUCCESS |  
2019-08-21 19:23:56,047 | INFO  | DNAudit | user=null | ip=null | op=WRITE_CHUNK {blockData=conID: 1 locID: 102656601977979284 bcsId: 712} | ret=SUCCESS |  
2019-08-21 19:23:56,048 | INFO  | DNAudit | user=null | ip=null | op=PUT_BLOCK {blockData=[blockId=conID: 1 locID: 102656601977979284 bcsId: 0,size=4194304]} | ret=SUCCESS |  
2019-08-21 19:23:56,049 [grpc-default-executor-5] INFO  client.GrpcClientProtocolClient (GrpcClientProtocolClient.java:onNext(255)) - client-DA9582518C67->1df8bd03-73ef-4b9c-8622-5dc9d0e29c31: receive RaftClientReply:client-DA9582518C67->1df8bd03-73ef-4b9c-8622-5dc9d0e29c31@group-F45402591F47, cid=616, SUCCESS, logIndex=715, commits[1df8bd03-73ef-4b9c-8622-5dc9d0e29c31:c716, 12aca755-ada5-42df-801b-c61f99d8e8b8:c712, a308b8bf-0324-43a1-a87f-1e10a96e3042:c712]
2019-08-21 19:23:56,050 [grpc-default-executor-5] INFO  client.GrpcClientProtocolClient (GrpcClientProtocolClient.java:onNext(255)) - client-DA9582518C67->1df8bd03-73ef-4b9c-8622-5dc9d0e29c31: receive RaftClientReply:client-DA9582518C67->1df8bd03-73ef-4b9c-8622-5dc9d0e29c31@group-F45402591F47, cid=617, SUCCESS, logIndex=716, commits[1df8bd03-73ef-4b9c-8622-5dc9d0e29c31:c716, 12aca755-ada5-42df-801b-c61f99d8e8b8:c712, a308b8bf-0324-43a1-a87f-1e10a96e3042:c712]
2019-08-21 19:23:56,061 | INFO  | DNAudit | user=null | ip=null | op=WRITE_CHUNK {blockData=conID: 1 locID: 102656601977979284 bcsId: 712} | ret=SUCCESS |  
2019-08-21 19:23:56,061 | INFO  | DNAudit | user=null | ip=null | op=WRITE_CHUNK {blockData=conID: 1 locID: 102656601977979284 bcsId: 712} | ret=SUCCESS |  
2019-08-21 19:23:56,063 | INFO  | DNAudit | user=null | ip=null | op=PUT_BLOCK {blockData=[blockId=conID: 1 locID: 102656601977979284 bcsId: 0,size=4194304]} | ret=SUCCESS |  
2019-08-21 19:23:56,063 | INFO  | DNAudit | user=null | ip=null | op=PUT_BLOCK {blockData=[blockId=conID: 1 locID: 102656601977979284 bcsId: 0,size=4194304]} | ret=SUCCESS |  
2019-08-21 19:23:56,065 [grpc-default-executor-2] INFO  client.GrpcClientProtocolClient (GrpcClientProtocolClient.java:onNext(255)) - client-DA9582518C67->1df8bd03-73ef-4b9c-8622-5dc9d0e29c31: receive RaftClientReply:client-DA9582518C67->1df8bd03-73ef-4b9c-8622-5dc9d0e29c31@group-F45402591F47, cid=618, SUCCESS, logIndex=0, commits[1df8bd03-73ef-4b9c-8622-5dc9d0e29c31:c718, 12aca755-ada5-42df-801b-c61f99d8e8b8:c716, a308b8bf-0324-43a1-a87f-1e10a96e3042:c716]
2019-08-21 19:23:56,077 | INFO  | DNAudit | user=null | ip=null | op=WRITE_CHUNK {blockData=conID: 2 locID: 102656601977979285 bcsId: 0} | ret=SUCCESS |  
2019-08-21 19:23:56,083 | INFO  | DNAudit | user=null | ip=null | op=WRITE_CHUNK {blockData=conID: 2 locID: 102656601977979285 bcsId: 0} | ret=SUCCESS |  
2019-08-21 19:23:56,083 | INFO  | DNAudit | user=null | ip=null | op=WRITE_CHUNK {blockData=conID: 2 locID: 102656601977979285 bcsId: 0} | ret=SUCCESS |  
2019-08-21 19:23:56,083 | INFO  | DNAudit | user=null | ip=null | op=WRITE_CHUNK {blockData=conID: 2 locID: 102656601977979285 bcsId: 0} | ret=SUCCESS |  
2019-08-21 19:23:56,087 | INFO  | DNAudit | user=null | ip=null | op=WRITE_CHUNK {blockData=conID: 2 locID: 102656601977979285 bcsId: 0} | ret=SUCCESS |  
2019-08-21 19:23:56,088 | INFO  | DNAudit | user=null | ip=null | op=WRITE_CHUNK {blockData=conID: 2 locID: 102656601977979285 bcsId: 0} | ret=SUCCESS |  
2019-08-21 19:23:56,092 | INFO  | DNAudit | user=null | ip=null | op=WRITE_CHUNK {blockData=conID: 2 locID: 102656601977979285 bcsId: 0} | ret=SUCCESS |  
2019-08-21 19:23:56,092 | INFO  | DNAudit | user=null | ip=null | op=PUT_BLOCK {blockData=[blockId=conID: 2 locID: 102656601977979285 bcsId: 0,size=1048576]} | ret=SUCCESS |  
2019-08-21 19:23:56,093 | INFO  | DNAudit | user=null | ip=null | op=WRITE_CHUNK {blockData=conID: 2 locID: 102656601977979285 bcsId: 0} | ret=SUCCESS |  
2019-08-21 19:23:56,093 [grpc-default-executor-2] INFO  client.GrpcClientProtocolClient (GrpcClientProtocolClient.java:onNext(255)) - client-DA9582518C67->1df8bd03-73ef-4b9c-8622-5dc9d0e29c31: receive RaftClientReply:client-DA9582518C67->1df8bd03-73ef-4b9c-8622-5dc9d0e29c31@group-F45402591F47, cid=619, SUCCESS, logIndex=719, commits[1df8bd03-73ef-4b9c-8622-5dc9d0e29c31:c722, 12aca755-ada5-42df-801b-c61f99d8e8b8:c718, a308b8bf-0324-43a1-a87f-1e10a96e3042:c718]
2019-08-21 19:23:56,094 | INFO  | DNAudit | user=null | ip=null | op=PUT_BLOCK {blockData=[blockId=conID: 2 locID: 102656601977979285 bcsId: 0,size=2097152]} | ret=SUCCESS |  
2019-08-21 19:23:56,094 [grpc-default-executor-2] INFO  client.GrpcClientProtocolClient (GrpcClientProtocolClient.java:onNext(255)) - client-DA9582518C67->1df8bd03-73ef-4b9c-8622-5dc9d0e29c31: receive RaftClientReply:client-DA9582518C67->1df8bd03-73ef-4b9c-8622-5dc9d0e29c31@group-F45402591F47, cid=620, SUCCESS, logIndex=720, commits[1df8bd03-73ef-4b9c-8622-5dc9d0e29c31:c722, 12aca755-ada5-42df-801b-c61f99d8e8b8:c718, a308b8bf-0324-43a1-a87f-1e10a96e3042:c718]
2019-08-21 19:23:56,094 [grpc-default-executor-2] INFO  client.GrpcClientProtocolClient (GrpcClientProtocolClient.java:onNext(255)) - client-DA9582518C67->1df8bd03-73ef-4b9c-8622-5dc9d0e29c31: receive RaftClientReply:client-DA9582518C67->1df8bd03-73ef-4b9c-8622-5dc9d0e29c31@group-F45402591F47, cid=621, SUCCESS, logIndex=721, commits[1df8bd03-73ef-4b9c-8622-5dc9d0e29c31:c722, 12aca755-ada5-42df-801b-c61f99d8e8b8:c718, a308b8bf-0324-43a1-a87f-1e10a96e3042:c718]
2019-08-21 19:23:56,094 [grpc-default-executor-2] INFO  client.GrpcClientProtocolClient (GrpcClientProtocolClient.java:onNext(255)) - client-DA9582518C67->1df8bd03-73ef-4b9c-8622-5dc9d0e29c31: receive RaftClientReply:client-DA9582518C67->1df8bd03-73ef-4b9c-8622-5dc9d0e29c31@group-F45402591F47, cid=622, SUCCESS, logIndex=722, commits[1df8bd03-73ef-4b9c-8622-5dc9d0e29c31:c722, 12aca755-ada5-42df-801b-c61f99d8e8b8:c718, a308b8bf-0324-43a1-a87f-1e10a96e3042:c718]
2019-08-21 19:23:56,095 | INFO  | DNAudit | user=null | ip=null | op=WRITE_CHUNK {blockData=conID: 2 locID: 102656601977979285 bcsId: 0} | ret=SUCCESS |  
2019-08-21 19:23:56,095 | INFO  | DNAudit | user=null | ip=null | op=WRITE_CHUNK {blockData=conID: 2 locID: 102656601977979285 bcsId: 0} | ret=SUCCESS |  
2019-08-21 19:23:56,096 | INFO  | SCMAudit | user=jenkins1000 | ip=192.168.69.88 | op=SEND_HEARTBEAT {datanodeUUID=cfaf9666-ca64-459e-bd34-ff7c349f752a, command=[]} | ret=SUCCESS |  
2019-08-21 19:23:56,106 | INFO  | DNAudit | user=null | ip=null | op=PUT_BLOCK {blockData=[blockId=conID: 2 locID: 102656601977979285 bcsId: 0,size=1048576]} | ret=SUCCESS |  
2019-08-21 19:23:56,107 | INFO  | DNAudit | user=null | ip=null | op=PUT_BLOCK {blockData=[blockId=conID: 2 locID: 102656601977979285 bcsId: 0,size=1048576]} | ret=SUCCESS |  
2019-08-21 19:23:56,107 | INFO  | DNAudit | user=null | ip=null | op=WRITE_CHUNK {blockData=conID: 2 locID: 102656601977979285 bcsId: 0} | ret=SUCCESS |  
2019-08-21 19:23:56,107 | INFO  | DNAudit | user=null | ip=null | op=WRITE_CHUNK {blockData=conID: 2 locID: 102656601977979285 bcsId: 0} | ret=SUCCESS |  
2019-08-21 19:23:56,107 | INFO  | DNAudit | user=null | ip=null | op=PUT_BLOCK {blockData=[blockId=conID: 2 locID: 102656601977979285 bcsId: 0,size=2097152]} | ret=SUCCESS |  
2019-08-21 19:23:56,107 | INFO  | DNAudit | user=null | ip=null | op=PUT_BLOCK {blockData=[blockId=conID: 2 locID: 102656601977979285 bcsId: 0,size=2097152]} | ret=SUCCESS |  
2019-08-21 19:23:56,108 [grpc-default-executor-2] INFO  client.GrpcClientProtocolClient (GrpcClientProtocolClient.java:onNext(255)) - client-DA9582518C67->1df8bd03-73ef-4b9c-8622-5dc9d0e29c31: receive RaftClientReply:client-DA9582518C67->1df8bd03-73ef-4b9c-8622-5dc9d0e29c31@group-F45402591F47, cid=623, SUCCESS, logIndex=0, commits[1df8bd03-73ef-4b9c-8622-5dc9d0e29c31:c723, 12aca755-ada5-42df-801b-c61f99d8e8b8:c720, a308b8bf-0324-43a1-a87f-1e10a96e3042:c720]
2019-08-21 19:23:56,117 | INFO  | DNAudit | user=null | ip=null | op=WRITE_CHUNK {blockData=conID: 2 locID: 102656601977979285 bcsId: 722} | ret=SUCCESS |  
2019-08-21 19:23:56,123 | INFO  | DNAudit | user=null | ip=null | op=WRITE_CHUNK {blockData=conID: 2 locID: 102656601977979285 bcsId: 722} | ret=SUCCESS |  
2019-08-21 19:23:56,125 | INFO  | DNAudit | user=null | ip=null | op=WRITE_CHUNK {blockData=conID: 2 locID: 102656601977979285 bcsId: 722} | ret=SUCCESS |  
2019-08-21 19:23:56,130 | INFO  | DNAudit | user=null | ip=null | op=WRITE_CHUNK {blockData=conID: 2 locID: 102656601977979285 bcsId: 722} | ret=SUCCESS |  
2019-08-21 19:23:56,131 | INFO  | DNAudit | user=null | ip=null | op=PUT_BLOCK {blockData=[blockId=conID: 2 locID: 102656601977979285 bcsId: 0,size=3145728]} | ret=SUCCESS |  
2019-08-21 19:23:56,131 [grpc-default-executor-5] INFO  client.GrpcClientProtocolClient (GrpcClientProtocolClient.java:onNext(255)) - client-DA9582518C67->1df8bd03-73ef-4b9c-8622-5dc9d0e29c31: receive RaftClientReply:client-DA9582518C67->1df8bd03-73ef-4b9c-8622-5dc9d0e29c31@group-F45402591F47, cid=624, SUCCESS, logIndex=727, commits[1df8bd03-73ef-4b9c-8622-5dc9d0e29c31:c728, 12aca755-ada5-42df-801b-c61f99d8e8b8:c726, a308b8bf-0324-43a1-a87f-1e10a96e3042:c726]
2019-08-21 19:23:56,132 [grpc-default-executor-5] INFO  client.GrpcClientProtocolClient (GrpcClientProtocolClient.java:onNext(255)) - client-DA9582518C67->1df8bd03-73ef-4b9c-8622-5dc9d0e29c31: receive RaftClientReply:client-DA9582518C67->1df8bd03-73ef-4b9c-8622-5dc9d0e29c31@group-F45402591F47, cid=625, SUCCESS, logIndex=728, commits[1df8bd03-73ef-4b9c-8622-5dc9d0e29c31:c728, 12aca755-ada5-42df-801b-c61f99d8e8b8:c726, a308b8bf-0324-43a1-a87f-1e10a96e3042:c726]
2019-08-21 19:23:56,142 | INFO  | DNAudit | user=null | ip=null | op=WRITE_CHUNK {blockData=conID: 2 locID: 102656601977979285 bcsId: 728} | ret=SUCCESS |  
2019-08-21 19:23:56,142 | INFO  | DNAudit | user=null | ip=null | op=WRITE_CHUNK {blockData=conID: 2 locID: 102656601977979285 bcsId: 722} | ret=SUCCESS |  
2019-08-21 19:23:56,142 | INFO  | DNAudit | user=null | ip=null | op=WRITE_CHUNK {blockData=conID: 2 locID: 102656601977979285 bcsId: 722} | ret=SUCCESS |  
2019-08-21 19:23:56,143 | INFO  | DNAudit | user=null | ip=null | op=PUT_BLOCK {blockData=[blockId=conID: 2 locID: 102656601977979285 bcsId: 0,size=3145728]} | ret=SUCCESS |  
2019-08-21 19:23:56,143 | INFO  | DNAudit | user=null | ip=null | op=PUT_BLOCK {blockData=[blockId=conID: 2 locID: 102656601977979285 bcsId: 0,size=3145728]} | ret=SUCCESS |  
2019-08-21 19:23:56,147 | INFO  | DNAudit | user=null | ip=null | op=WRITE_CHUNK {blockData=conID: 2 locID: 102656601977979285 bcsId: 728} | ret=SUCCESS |  
2019-08-21 19:23:56,148 | INFO  | DNAudit | user=null | ip=null | op=WRITE_CHUNK {blockData=conID: 2 locID: 102656601977979285 bcsId: 728} | ret=SUCCESS |  
2019-08-21 19:23:56,155 | INFO  | DNAudit | user=null | ip=null | op=WRITE_CHUNK {blockData=conID: 2 locID: 102656601977979285 bcsId: 728} | ret=SUCCESS |  
2019-08-21 19:23:56,156 | INFO  | DNAudit | user=null | ip=null | op=PUT_BLOCK {blockData=[blockId=conID: 2 locID: 102656601977979285 bcsId: 0,size=4194304]} | ret=SUCCESS |  
2019-08-21 19:23:56,156 [grpc-default-executor-0] INFO  client.GrpcClientProtocolClient (GrpcClientProtocolClient.java:onNext(255)) - client-DA9582518C67->1df8bd03-73ef-4b9c-8622-5dc9d0e29c31: receive RaftClientReply:client-DA9582518C67->1df8bd03-73ef-4b9c-8622-5dc9d0e29c31@group-F45402591F47, cid=626, SUCCESS, logIndex=731, commits[1df8bd03-73ef-4b9c-8622-5dc9d0e29c31:c732, 12aca755-ada5-42df-801b-c61f99d8e8b8:c728, a308b8bf-0324-43a1-a87f-1e10a96e3042:c728]
2019-08-21 19:23:56,156 | INFO  | DNAudit | user=null | ip=null | op=WRITE_CHUNK {blockData=conID: 2 locID: 102656601977979285 bcsId: 728} | ret=SUCCESS |  
2019-08-21 19:23:56,156 | INFO  | DNAudit | user=null | ip=null | op=WRITE_CHUNK {blockData=conID: 2 locID: 102656601977979285 bcsId: 728} | ret=SUCCESS |  
2019-08-21 19:23:56,157 | INFO  | DNAudit | user=null | ip=null | op=PUT_BLOCK {blockData=[blockId=conID: 2 locID: 102656601977979285 bcsId: 0,size=4194304]} | ret=SUCCESS |  
2019-08-21 19:23:56,157 | INFO  | DNAudit | user=null | ip=null | op=PUT_BLOCK {blockData=[blockId=conID: 2 locID: 102656601977979285 bcsId: 0,size=4194304]} | ret=SUCCESS |  
2019-08-21 19:23:56,157 [grpc-default-executor-0] INFO  client.GrpcClientProtocolClient (GrpcClientProtocolClient.java:onNext(255)) - client-DA9582518C67->1df8bd03-73ef-4b9c-8622-5dc9d0e29c31: receive RaftClientReply:client-DA9582518C67->1df8bd03-73ef-4b9c-8622-5dc9d0e29c31@group-F45402591F47, cid=627, SUCCESS, logIndex=732, commits[1df8bd03-73ef-4b9c-8622-5dc9d0e29c31:c732, 12aca755-ada5-42df-801b-c61f99d8e8b8:c728, a308b8bf-0324-43a1-a87f-1e10a96e3042:c728]
2019-08-21 19:23:56,158 [grpc-default-executor-0] INFO  client.GrpcClientProtocolClient (GrpcClientProtocolClient.java:onNext(255)) - client-DA9582518C67->1df8bd03-73ef-4b9c-8622-5dc9d0e29c31: receive RaftClientReply:client-DA9582518C67->1df8bd03-73ef-4b9c-8622-5dc9d0e29c31@group-F45402591F47, cid=628, SUCCESS, logIndex=0, commits[1df8bd03-73ef-4b9c-8622-5dc9d0e29c31:c733, 12aca755-ada5-42df-801b-c61f99d8e8b8:c732, a308b8bf-0324-43a1-a87f-1e10a96e3042:c732]
2019-08-21 19:23:56,168 | INFO  | DNAudit | user=null | ip=null | op=WRITE_CHUNK {blockData=conID: 3 locID: 102656601977979286 bcsId: 0} | ret=SUCCESS |  
2019-08-21 19:23:56,173 | INFO  | DNAudit | user=null | ip=null | op=WRITE_CHUNK {blockData=conID: 3 locID: 102656601977979286 bcsId: 0} | ret=SUCCESS |  
2019-08-21 19:23:56,174 | INFO  | DNAudit | user=null | ip=null | op=WRITE_CHUNK {blockData=conID: 3 locID: 102656601977979286 bcsId: 0} | ret=SUCCESS |  
2019-08-21 19:23:56,174 | INFO  | DNAudit | user=null | ip=null | op=WRITE_CHUNK {blockData=conID: 3 locID: 102656601977979286 bcsId: 0} | ret=SUCCESS |  
2019-08-21 19:23:56,179 | INFO  | DNAudit | user=null | ip=null | op=WRITE_CHUNK {blockData=conID: 3 locID: 102656601977979286 bcsId: 0} | ret=SUCCESS |  
2019-08-21 19:23:56,179 | INFO  | DNAudit | user=null | ip=null | op=WRITE_CHUNK {blockData=conID: 3 locID: 102656601977979286 bcsId: 0} | ret=SUCCESS |  
2019-08-21 19:23:56,182 | INFO  | DNAudit | user=null | ip=null | op=WRITE_CHUNK {blockData=conID: 3 locID: 102656601977979286 bcsId: 0} | ret=SUCCESS |  
2019-08-21 19:23:56,183 | INFO  | DNAudit | user=null | ip=null | op=PUT_BLOCK {blockData=[blockId=conID: 3 locID: 102656601977979286 bcsId: 0,size=1048576]} | ret=SUCCESS |  
2019-08-21 19:23:56,183 | INFO  | DNAudit | user=null | ip=null | op=WRITE_CHUNK {blockData=conID: 3 locID: 102656601977979286 bcsId: 0} | ret=SUCCESS |  
2019-08-21 19:23:56,183 [grpc-default-executor-0] INFO  client.GrpcClientProtocolClient (GrpcClientProtocolClient.java:onNext(255)) - client-DA9582518C67->1df8bd03-73ef-4b9c-8622-5dc9d0e29c31: receive RaftClientReply:client-DA9582518C67->1df8bd03-73ef-4b9c-8622-5dc9d0e29c31@group-F45402591F47, cid=629, SUCCESS, logIndex=735, commits[1df8bd03-73ef-4b9c-8622-5dc9d0e29c31:c738, 12aca755-ada5-42df-801b-c61f99d8e8b8:c734, a308b8bf-0324-43a1-a87f-1e10a96e3042:c734]
2019-08-21 19:23:56,184 | INFO  | DNAudit | user=null | ip=null | op=WRITE_CHUNK {blockData=conID: 3 locID: 102656601977979286 bcsId: 0} | ret=SUCCESS |  
2019-08-21 19:23:56,184 | INFO  | DNAudit | user=null | ip=null | op=PUT_BLOCK {blockData=[blockId=conID: 3 locID: 102656601977979286 bcsId: 0,size=1048576]} | ret=SUCCESS |  
2019-08-21 19:23:56,184 | INFO  | DNAudit | user=null | ip=null | op=PUT_BLOCK {blockData=[blockId=conID: 3 locID: 102656601977979286 bcsId: 0,size=2097152]} | ret=SUCCESS |  
2019-08-21 19:23:56,184 [grpc-default-executor-0] INFO  client.GrpcClientProtocolClient (GrpcClientProtocolClient.java:onNext(255)) - client-DA9582518C67->1df8bd03-73ef-4b9c-8622-5dc9d0e29c31: receive RaftClientReply:client-DA9582518C67->1df8bd03-73ef-4b9c-8622-5dc9d0e29c31@group-F45402591F47, cid=630, SUCCESS, logIndex=736, commits[1df8bd03-73ef-4b9c-8622-5dc9d0e29c31:c738, 12aca755-ada5-42df-801b-c61f99d8e8b8:c734, a308b8bf-0324-43a1-a87f-1e10a96e3042:c734]
2019-08-21 19:23:56,184 [grpc-default-executor-0] INFO  client.GrpcClientProtocolClient (GrpcClientProtocolClient.java:onNext(255)) - client-DA9582518C67->1df8bd03-73ef-4b9c-8622-5dc9d0e29c31: receive RaftClientReply:client-DA9582518C67->1df8bd03-73ef-4b9c-8622-5dc9d0e29c31@group-F45402591F47, cid=631, SUCCESS, logIndex=737, commits[1df8bd03-73ef-4b9c-8622-5dc9d0e29c31:c739, 12aca755-ada5-42df-801b-c61f99d8e8b8:c734, a308b8bf-0324-43a1-a87f-1e10a96e3042:c736]
2019-08-21 19:23:56,185 [grpc-default-executor-0] INFO  client.GrpcClientProtocolClient (GrpcClientProtocolClient.java:onNext(255)) - client-DA9582518C67->1df8bd03-73ef-4b9c-8622-5dc9d0e29c31: receive RaftClientReply:client-DA9582518C67->1df8bd03-73ef-4b9c-8622-5dc9d0e29c31@group-F45402591F47, cid=632, SUCCESS, logIndex=738, commits[1df8bd03-73ef-4b9c-8622-5dc9d0e29c31:c739, 12aca755-ada5-42df-801b-c61f99d8e8b8:c734, a308b8bf-0324-43a1-a87f-1e10a96e3042:c736]
2019-08-21 19:23:56,186 | INFO  | DNAudit | user=null | ip=null | op=WRITE_CHUNK {blockData=conID: 3 locID: 102656601977979286 bcsId: 0} | ret=SUCCESS |  
2019-08-21 19:23:56,186 | INFO  | DNAudit | user=null | ip=null | op=PUT_BLOCK {blockData=[blockId=conID: 3 locID: 102656601977979286 bcsId: 0,size=1048576]} | ret=SUCCESS |  
2019-08-21 19:23:56,186 [grpc-default-executor-0] INFO  client.GrpcClientProtocolClient (GrpcClientProtocolClient.java:onNext(255)) - client-DA9582518C67->1df8bd03-73ef-4b9c-8622-5dc9d0e29c31: receive RaftClientReply:client-DA9582518C67->1df8bd03-73ef-4b9c-8622-5dc9d0e29c31@group-F45402591F47, cid=633, SUCCESS, logIndex=0, commits[1df8bd03-73ef-4b9c-8622-5dc9d0e29c31:c739, 12aca755-ada5-42df-801b-c61f99d8e8b8:c736, a308b8bf-0324-43a1-a87f-1e10a96e3042:c736]
2019-08-21 19:23:56,195 | INFO  | DNAudit | user=null | ip=null | op=WRITE_CHUNK {blockData=conID: 3 locID: 102656601977979286 bcsId: 0} | ret=SUCCESS |  
2019-08-21 19:23:56,196 | INFO  | DNAudit | user=null | ip=null | op=WRITE_CHUNK {blockData=conID: 3 locID: 102656601977979286 bcsId: 0} | ret=SUCCESS |  
2019-08-21 19:23:56,196 | INFO  | DNAudit | user=null | ip=null | op=WRITE_CHUNK {blockData=conID: 3 locID: 102656601977979286 bcsId: 738} | ret=SUCCESS |  
2019-08-21 19:23:56,196 | INFO  | DNAudit | user=null | ip=null | op=PUT_BLOCK {blockData=[blockId=conID: 3 locID: 102656601977979286 bcsId: 0,size=2097152]} | ret=SUCCESS |  
2019-08-21 19:23:56,196 | INFO  | DNAudit | user=null | ip=null | op=PUT_BLOCK {blockData=[blockId=conID: 3 locID: 102656601977979286 bcsId: 0,size=2097152]} | ret=SUCCESS |  
2019-08-21 19:23:56,202 | INFO  | DNAudit | user=null | ip=null | op=WRITE_CHUNK {blockData=conID: 3 locID: 102656601977979286 bcsId: 738} | ret=SUCCESS |  
2019-08-21 19:23:56,202 | INFO  | DNAudit | user=null | ip=null | op=WRITE_CHUNK {blockData=conID: 3 locID: 102656601977979286 bcsId: 738} | ret=SUCCESS |  
2019-08-21 19:23:56,209 | INFO  | DNAudit | user=null | ip=null | op=WRITE_CHUNK {blockData=conID: 3 locID: 102656601977979286 bcsId: 738} | ret=SUCCESS |  
2019-08-21 19:23:56,210 | INFO  | DNAudit | user=null | ip=null | op=PUT_BLOCK {blockData=[blockId=conID: 3 locID: 102656601977979286 bcsId: 0,size=3145728]} | ret=SUCCESS |  
2019-08-21 19:23:56,210 [grpc-default-executor-0] INFO  client.GrpcClientProtocolClient (GrpcClientProtocolClient.java:onNext(255)) - client-DA9582518C67->1df8bd03-73ef-4b9c-8622-5dc9d0e29c31: receive RaftClientReply:client-DA9582518C67->1df8bd03-73ef-4b9c-8622-5dc9d0e29c31@group-F45402591F47, cid=634, SUCCESS, logIndex=743, commits[1df8bd03-73ef-4b9c-8622-5dc9d0e29c31:c744, 12aca755-ada5-42df-801b-c61f99d8e8b8:c739, a308b8bf-0324-43a1-a87f-1e10a96e3042:c739]
2019-08-21 19:23:56,210 [grpc-default-executor-0] INFO  client.GrpcClientProtocolClient (GrpcClientProtocolClient.java:onNext(255)) - client-DA9582518C67->1df8bd03-73ef-4b9c-8622-5dc9d0e29c31: receive RaftClientReply:client-DA9582518C67->1df8bd03-73ef-4b9c-8622-5dc9d0e29c31@group-F45402591F47, cid=635, SUCCESS, logIndex=744, commits[1df8bd03-73ef-4b9c-8622-5dc9d0e29c31:c744, 12aca755-ada5-42df-801b-c61f99d8e8b8:c739, a308b8bf-0324-43a1-a87f-1e10a96e3042:c739]
2019-08-21 19:23:56,218 | INFO  | DNAudit | user=null | ip=null | op=WRITE_CHUNK {blockData=conID: 3 locID: 102656601977979286 bcsId: 738} | ret=SUCCESS |  
2019-08-21 19:23:56,218 | INFO  | DNAudit | user=null | ip=null | op=WRITE_CHUNK {blockData=conID: 3 locID: 102656601977979286 bcsId: 738} | ret=SUCCESS |  
2019-08-21 19:23:56,218 | INFO  | DNAudit | user=null | ip=null | op=PUT_BLOCK {blockData=[blockId=conID: 3 locID: 102656601977979286 bcsId: 0,size=3145728]} | ret=SUCCESS |  
2019-08-21 19:23:56,218 | INFO  | DNAudit | user=null | ip=null | op=PUT_BLOCK {blockData=[blockId=conID: 3 locID: 102656601977979286 bcsId: 0,size=3145728]} | ret=SUCCESS |  
2019-08-21 19:23:56,221 | INFO  | DNAudit | user=null | ip=null | op=WRITE_CHUNK {blockData=conID: 3 locID: 102656601977979286 bcsId: 744} | ret=SUCCESS |  
2019-08-21 19:23:56,225 | INFO  | DNAudit | user=null | ip=null | op=WRITE_CHUNK {blockData=conID: 3 locID: 102656601977979286 bcsId: 744} | ret=SUCCESS |  
2019-08-21 19:23:56,225 | INFO  | DNAudit | user=null | ip=null | op=WRITE_CHUNK {blockData=conID: 3 locID: 102656601977979286 bcsId: 744} | ret=SUCCESS |  
2019-08-21 19:23:56,238 | INFO  | DNAudit | user=null | ip=null | op=WRITE_CHUNK {blockData=conID: 3 locID: 102656601977979286 bcsId: 744} | ret=SUCCESS |  
2019-08-21 19:23:56,238 | INFO  | DNAudit | user=null | ip=null | op=PUT_BLOCK {blockData=[blockId=conID: 3 locID: 102656601977979286 bcsId: 0,size=4194304]} | ret=SUCCESS |  
2019-08-21 19:23:56,239 [grpc-default-executor-0] INFO  client.GrpcClientProtocolClient (GrpcClientProtocolClient.java:onNext(255)) - client-DA9582518C67->1df8bd03-73ef-4b9c-8622-5dc9d0e29c31: receive RaftClientReply:client-DA9582518C67->1df8bd03-73ef-4b9c-8622-5dc9d0e29c31@group-F45402591F47, cid=636, SUCCESS, logIndex=747, commits[1df8bd03-73ef-4b9c-8622-5dc9d0e29c31:c748, 12aca755-ada5-42df-801b-c61f99d8e8b8:c744, a308b8bf-0324-43a1-a87f-1e10a96e3042:c744]
2019-08-21 19:23:56,239 [grpc-default-executor-0] INFO  client.GrpcClientProtocolClient (GrpcClientProtocolClient.java:onNext(255)) - client-DA9582518C67->1df8bd03-73ef-4b9c-8622-5dc9d0e29c31: receive RaftClientReply:client-DA9582518C67->1df8bd03-73ef-4b9c-8622-5dc9d0e29c31@group-F45402591F47, cid=637, SUCCESS, logIndex=748, commits[1df8bd03-73ef-4b9c-8622-5dc9d0e29c31:c748, 12aca755-ada5-42df-801b-c61f99d8e8b8:c744, a308b8bf-0324-43a1-a87f-1e10a96e3042:c744]
2019-08-21 19:23:56,248 | INFO  | DNAudit | user=null | ip=null | op=WRITE_CHUNK {blockData=conID: 3 locID: 102656601977979286 bcsId: 744} | ret=SUCCESS |  
2019-08-21 19:23:56,248 | INFO  | DNAudit | user=null | ip=null | op=WRITE_CHUNK {blockData=conID: 3 locID: 102656601977979286 bcsId: 744} | ret=SUCCESS |  
2019-08-21 19:23:56,248 | INFO  | DNAudit | user=null | ip=null | op=PUT_BLOCK {blockData=[blockId=conID: 3 locID: 102656601977979286 bcsId: 0,size=4194304]} | ret=SUCCESS |  
2019-08-21 19:23:56,248 | INFO  | DNAudit | user=null | ip=null | op=PUT_BLOCK {blockData=[blockId=conID: 3 locID: 102656601977979286 bcsId: 0,size=4194304]} | ret=SUCCESS |  
2019-08-21 19:23:56,249 [grpc-default-executor-2] INFO  client.GrpcClientProtocolClient (GrpcClientProtocolClient.java:onNext(255)) - client-DA9582518C67->1df8bd03-73ef-4b9c-8622-5dc9d0e29c31: receive RaftClientReply:client-DA9582518C67->1df8bd03-73ef-4b9c-8622-5dc9d0e29c31@group-F45402591F47, cid=638, SUCCESS, logIndex=0, commits[1df8bd03-73ef-4b9c-8622-5dc9d0e29c31:c748, 12aca755-ada5-42df-801b-c61f99d8e8b8:c748, a308b8bf-0324-43a1-a87f-1e10a96e3042:c748]
2019-08-21 19:23:56,258 | INFO  | DNAudit | user=null | ip=null | op=WRITE_CHUNK {blockData=conID: 1 locID: 102656601977979287 bcsId: 0} | ret=SUCCESS |  
2019-08-21 19:23:56,262 | INFO  | DNAudit | user=null | ip=null | op=WRITE_CHUNK {blockData=conID: 1 locID: 102656601977979287 bcsId: 0} | ret=SUCCESS |  
2019-08-21 19:23:56,263 | INFO  | DNAudit | user=null | ip=null | op=WRITE_CHUNK {blockData=conID: 1 locID: 102656601977979287 bcsId: 0} | ret=SUCCESS |  
2019-08-21 19:23:56,263 | INFO  | DNAudit | user=null | ip=null | op=WRITE_CHUNK {blockData=conID: 1 locID: 102656601977979287 bcsId: 0} | ret=SUCCESS |  
2019-08-21 19:23:56,265 | INFO  | DNAudit | user=null | ip=null | op=WRITE_CHUNK {blockData=conID: 1 locID: 102656601977979287 bcsId: 0} | ret=SUCCESS |  
2019-08-21 19:23:56,266 | INFO  | DNAudit | user=null | ip=null | op=WRITE_CHUNK {blockData=conID: 1 locID: 102656601977979287 bcsId: 0} | ret=SUCCESS |  
2019-08-21 19:23:56,269 | INFO  | DNAudit | user=null | ip=null | op=WRITE_CHUNK {blockData=conID: 1 locID: 102656601977979287 bcsId: 0} | ret=SUCCESS |  
2019-08-21 19:23:56,270 | INFO  | DNAudit | user=null | ip=null | op=PUT_BLOCK {blockData=[blockId=conID: 1 locID: 102656601977979287 bcsId: 0,size=1048576]} | ret=SUCCESS |  
2019-08-21 19:23:56,270 [grpc-default-executor-0] INFO  client.GrpcClientProtocolClient (GrpcClientProtocolClient.java:onNext(255)) - client-DA9582518C67->1df8bd03-73ef-4b9c-8622-5dc9d0e29c31: receive RaftClientReply:client-DA9582518C67->1df8bd03-73ef-4b9c-8622-5dc9d0e29c31@group-F45402591F47, cid=639, SUCCESS, logIndex=751, commits[1df8bd03-73ef-4b9c-8622-5dc9d0e29c31:c752, 12aca755-ada5-42df-801b-c61f99d8e8b8:c750, a308b8bf-0324-43a1-a87f-1e10a96e3042:c750]
2019-08-21 19:23:56,271 | INFO  | DNAudit | user=null | ip=null | op=WRITE_CHUNK {blockData=conID: 1 locID: 102656601977979287 bcsId: 0} | ret=SUCCESS |  
2019-08-21 19:23:56,271 [grpc-default-executor-2] INFO  client.GrpcClientProtocolClient (GrpcClientProtocolClient.java:onNext(255)) - client-DA9582518C67->1df8bd03-73ef-4b9c-8622-5dc9d0e29c31: receive RaftClientReply:client-DA9582518C67->1df8bd03-73ef-4b9c-8622-5dc9d0e29c31@group-F45402591F47, cid=640, SUCCESS, logIndex=752, commits[1df8bd03-73ef-4b9c-8622-5dc9d0e29c31:c752, 12aca755-ada5-42df-801b-c61f99d8e8b8:c750, a308b8bf-0324-43a1-a87f-1e10a96e3042:c750]
2019-08-21 19:23:56,271 | INFO  | DNAudit | user=null | ip=null | op=PUT_BLOCK {blockData=[blockId=conID: 1 locID: 102656601977979287 bcsId: 0,size=2097152]} | ret=SUCCESS |  
2019-08-21 19:23:56,272 [grpc-default-executor-2] INFO  client.GrpcClientProtocolClient (GrpcClientProtocolClient.java:onNext(255)) - client-DA9582518C67->1df8bd03-73ef-4b9c-8622-5dc9d0e29c31: receive RaftClientReply:client-DA9582518C67->1df8bd03-73ef-4b9c-8622-5dc9d0e29c31@group-F45402591F47, cid=641, SUCCESS, logIndex=753, commits[1df8bd03-73ef-4b9c-8622-5dc9d0e29c31:c754, 12aca755-ada5-42df-801b-c61f99d8e8b8:c750, a308b8bf-0324-43a1-a87f-1e10a96e3042:c750]
2019-08-21 19:23:56,272 [grpc-default-executor-2] INFO  client.GrpcClientProtocolClient (GrpcClientProtocolClient.java:onNext(255)) - client-DA9582518C67->1df8bd03-73ef-4b9c-8622-5dc9d0e29c31: receive RaftClientReply:client-DA9582518C67->1df8bd03-73ef-4b9c-8622-5dc9d0e29c31@group-F45402591F47, cid=642, SUCCESS, logIndex=754, commits[1df8bd03-73ef-4b9c-8622-5dc9d0e29c31:c754, 12aca755-ada5-42df-801b-c61f99d8e8b8:c750, a308b8bf-0324-43a1-a87f-1e10a96e3042:c750]
2019-08-21 19:23:56,281 | INFO  | DNAudit | user=null | ip=null | op=WRITE_CHUNK {blockData=conID: 1 locID: 102656601977979287 bcsId: 0} | ret=SUCCESS |  
2019-08-21 19:23:56,281 | INFO  | DNAudit | user=null | ip=null | op=WRITE_CHUNK {blockData=conID: 1 locID: 102656601977979287 bcsId: 0} | ret=SUCCESS |  
2019-08-21 19:23:56,281 | INFO  | DNAudit | user=null | ip=null | op=PUT_BLOCK {blockData=[blockId=conID: 1 locID: 102656601977979287 bcsId: 0,size=1048576]} | ret=SUCCESS |  
2019-08-21 19:23:56,281 | INFO  | DNAudit | user=null | ip=null | op=PUT_BLOCK {blockData=[blockId=conID: 1 locID: 102656601977979287 bcsId: 0,size=1048576]} | ret=SUCCESS |  
2019-08-21 19:23:56,282 [grpc-default-executor-5] INFO  client.GrpcClientProtocolClient (GrpcClientProtocolClient.java:onNext(255)) - client-DA9582518C67->1df8bd03-73ef-4b9c-8622-5dc9d0e29c31: receive RaftClientReply:client-DA9582518C67->1df8bd03-73ef-4b9c-8622-5dc9d0e29c31@group-F45402591F47, cid=643, SUCCESS, logIndex=0, commits[1df8bd03-73ef-4b9c-8622-5dc9d0e29c31:c756, 12aca755-ada5-42df-801b-c61f99d8e8b8:c752, a308b8bf-0324-43a1-a87f-1e10a96e3042:c752]
2019-08-21 19:23:56,283 | INFO  | DNAudit | user=null | ip=null | op=WRITE_CHUNK {blockData=conID: 1 locID: 102656601977979287 bcsId: 0} | ret=SUCCESS |  
2019-08-21 19:23:56,283 | INFO  | DNAudit | user=null | ip=null | op=WRITE_CHUNK {blockData=conID: 1 locID: 102656601977979287 bcsId: 0} | ret=SUCCESS |  
2019-08-21 19:23:56,284 | INFO  | DNAudit | user=null | ip=null | op=PUT_BLOCK {blockData=[blockId=conID: 1 locID: 102656601977979287 bcsId: 0,size=2097152]} | ret=SUCCESS |  
2019-08-21 19:23:56,284 | INFO  | DNAudit | user=null | ip=null | op=PUT_BLOCK {blockData=[blockId=conID: 1 locID: 102656601977979287 bcsId: 0,size=2097152]} | ret=SUCCESS |  
2019-08-21 19:23:56,291 | INFO  | DNAudit | user=null | ip=null | op=WRITE_CHUNK {blockData=conID: 1 locID: 102656601977979287 bcsId: 754} | ret=SUCCESS |  
2019-08-21 19:23:56,296 | INFO  | DNAudit | user=null | ip=null | op=WRITE_CHUNK {blockData=conID: 1 locID: 102656601977979287 bcsId: 754} | ret=SUCCESS |  
2019-08-21 19:23:56,296 | INFO  | DNAudit | user=null | ip=null | op=WRITE_CHUNK {blockData=conID: 1 locID: 102656601977979287 bcsId: 754} | ret=SUCCESS |  
2019-08-21 19:23:56,306 | INFO  | DNAudit | user=null | ip=null | op=WRITE_CHUNK {blockData=conID: 1 locID: 102656601977979287 bcsId: 754} | ret=SUCCESS |  
2019-08-21 19:23:56,307 | INFO  | DNAudit | user=null | ip=null | op=PUT_BLOCK {blockData=[blockId=conID: 1 locID: 102656601977979287 bcsId: 0,size=3145728]} | ret=SUCCESS |  
2019-08-21 19:23:56,307 [grpc-default-executor-2] INFO  client.GrpcClientProtocolClient (GrpcClientProtocolClient.java:onNext(255)) - client-DA9582518C67->1df8bd03-73ef-4b9c-8622-5dc9d0e29c31: receive RaftClientReply:client-DA9582518C67->1df8bd03-73ef-4b9c-8622-5dc9d0e29c31@group-F45402591F47, cid=644, SUCCESS, logIndex=759, commits[1df8bd03-73ef-4b9c-8622-5dc9d0e29c31:c760, 12aca755-ada5-42df-801b-c61f99d8e8b8:c758, a308b8bf-0324-43a1-a87f-1e10a96e3042:c758]
2019-08-21 19:23:56,308 [grpc-default-executor-2] INFO  client.GrpcClientProtocolClient (GrpcClientProtocolClient.java:onNext(255)) - client-DA9582518C67->1df8bd03-73ef-4b9c-8622-5dc9d0e29c31: receive RaftClientReply:client-DA9582518C67->1df8bd03-73ef-4b9c-8622-5dc9d0e29c31@group-F45402591F47, cid=645, SUCCESS, logIndex=760, commits[1df8bd03-73ef-4b9c-8622-5dc9d0e29c31:c760, 12aca755-ada5-42df-801b-c61f99d8e8b8:c758, a308b8bf-0324-43a1-a87f-1e10a96e3042:c758]
2019-08-21 19:23:56,318 | INFO  | DNAudit | user=null | ip=null | op=WRITE_CHUNK {blockData=conID: 1 locID: 102656601977979287 bcsId: 760} | ret=SUCCESS |  
2019-08-21 19:23:56,319 | INFO  | DNAudit | user=null | ip=null | op=WRITE_CHUNK {blockData=conID: 1 locID: 102656601977979287 bcsId: 754} | ret=SUCCESS |  
2019-08-21 19:23:56,320 | INFO  | DNAudit | user=null | ip=null | op=PUT_BLOCK {blockData=[blockId=conID: 1 locID: 102656601977979287 bcsId: 0,size=3145728]} | ret=SUCCESS |  
2019-08-21 19:23:56,320 | INFO  | DNAudit | user=null | ip=null | op=WRITE_CHUNK {blockData=conID: 1 locID: 102656601977979287 bcsId: 754} | ret=SUCCESS |  
2019-08-21 19:23:56,321 | INFO  | DNAudit | user=null | ip=null | op=PUT_BLOCK {blockData=[blockId=conID: 1 locID: 102656601977979287 bcsId: 0,size=3145728]} | ret=SUCCESS |  
2019-08-21 19:23:56,325 | INFO  | DNAudit | user=null | ip=null | op=WRITE_CHUNK {blockData=conID: 1 locID: 102656601977979287 bcsId: 760} | ret=SUCCESS |  
2019-08-21 19:23:56,325 | INFO  | DNAudit | user=null | ip=null | op=WRITE_CHUNK {blockData=conID: 1 locID: 102656601977979287 bcsId: 760} | ret=SUCCESS |  
2019-08-21 19:23:56,338 | INFO  | DNAudit | user=null | ip=null | op=WRITE_CHUNK {blockData=conID: 1 locID: 102656601977979287 bcsId: 760} | ret=SUCCESS |  
2019-08-21 19:23:56,339 | INFO  | DNAudit | user=null | ip=null | op=PUT_BLOCK {blockData=[blockId=conID: 1 locID: 102656601977979287 bcsId: 0,size=4194304]} | ret=SUCCESS |  
2019-08-21 19:23:56,339 [grpc-default-executor-2] INFO  client.GrpcClientProtocolClient (GrpcClientProtocolClient.java:onNext(255)) - client-DA9582518C67->1df8bd03-73ef-4b9c-8622-5dc9d0e29c31: receive RaftClientReply:client-DA9582518C67->1df8bd03-73ef-4b9c-8622-5dc9d0e29c31@group-F45402591F47, cid=646, SUCCESS, logIndex=763, commits[1df8bd03-73ef-4b9c-8622-5dc9d0e29c31:c764, 12aca755-ada5-42df-801b-c61f99d8e8b8:c760, a308b8bf-0324-43a1-a87f-1e10a96e3042:c760]
2019-08-21 19:23:56,339 [grpc-default-executor-2] INFO  client.GrpcClientProtocolClient (GrpcClientProtocolClient.java:onNext(255)) - client-DA9582518C67->1df8bd03-73ef-4b9c-8622-5dc9d0e29c31: receive RaftClientReply:client-DA9582518C67->1df8bd03-73ef-4b9c-8622-5dc9d0e29c31@group-F45402591F47, cid=647, SUCCESS, logIndex=764, commits[1df8bd03-73ef-4b9c-8622-5dc9d0e29c31:c764, 12aca755-ada5-42df-801b-c61f99d8e8b8:c760, a308b8bf-0324-43a1-a87f-1e10a96e3042:c760]
2019-08-21 19:23:56,350 | INFO  | DNAudit | user=null | ip=null | op=WRITE_CHUNK {blockData=conID: 1 locID: 102656601977979287 bcsId: 760} | ret=SUCCESS |  
2019-08-21 19:23:56,350 | INFO  | DNAudit | user=null | ip=null | op=WRITE_CHUNK {blockData=conID: 1 locID: 102656601977979287 bcsId: 760} | ret=SUCCESS |  
2019-08-21 19:23:56,350 | INFO  | DNAudit | user=null | ip=null | op=PUT_BLOCK {blockData=[blockId=conID: 1 locID: 102656601977979287 bcsId: 0,size=4194304]} | ret=SUCCESS |  
2019-08-21 19:23:56,350 | INFO  | DNAudit | user=null | ip=null | op=PUT_BLOCK {blockData=[blockId=conID: 1 locID: 102656601977979287 bcsId: 0,size=4194304]} | ret=SUCCESS |  
2019-08-21 19:23:56,350 [grpc-default-executor-5] INFO  client.GrpcClientProtocolClient (GrpcClientProtocolClient.java:onNext(255)) - client-DA9582518C67->1df8bd03-73ef-4b9c-8622-5dc9d0e29c31: receive RaftClientReply:client-DA9582518C67->1df8bd03-73ef-4b9c-8622-5dc9d0e29c31@group-F45402591F47, cid=648, SUCCESS, logIndex=0, commits[1df8bd03-73ef-4b9c-8622-5dc9d0e29c31:c764, 12aca755-ada5-42df-801b-c61f99d8e8b8:c764, a308b8bf-0324-43a1-a87f-1e10a96e3042:c764]
2019-08-21 19:23:56,360 | INFO  | DNAudit | user=null | ip=null | op=WRITE_CHUNK {blockData=conID: 2 locID: 102656601977979288 bcsId: 0} | ret=SUCCESS |  
2019-08-21 19:23:56,364 | INFO  | DNAudit | user=null | ip=null | op=WRITE_CHUNK {blockData=conID: 2 locID: 102656601977979288 bcsId: 0} | ret=SUCCESS |  
2019-08-21 19:23:56,366 | INFO  | DNAudit | user=null | ip=null | op=WRITE_CHUNK {blockData=conID: 2 locID: 102656601977979288 bcsId: 0} | ret=SUCCESS |  
2019-08-21 19:23:56,367 | INFO  | DNAudit | user=null | ip=null | op=WRITE_CHUNK {blockData=conID: 2 locID: 102656601977979288 bcsId: 0} | ret=SUCCESS |  
2019-08-21 19:23:56,370 | INFO  | DNAudit | user=null | ip=null | op=WRITE_CHUNK {blockData=conID: 2 locID: 102656601977979288 bcsId: 0} | ret=SUCCESS |  
2019-08-21 19:23:56,371 | INFO  | DNAudit | user=null | ip=null | op=WRITE_CHUNK {blockData=conID: 2 locID: 102656601977979288 bcsId: 0} | ret=SUCCESS |  
2019-08-21 19:23:56,373 | INFO  | DNAudit | user=null | ip=null | op=WRITE_CHUNK {blockData=conID: 2 locID: 102656601977979288 bcsId: 0} | ret=SUCCESS |  
2019-08-21 19:23:56,374 | INFO  | DNAudit | user=null | ip=null | op=PUT_BLOCK {blockData=[blockId=conID: 2 locID: 102656601977979288 bcsId: 0,size=1048576]} | ret=SUCCESS |  
2019-08-21 19:23:56,374 | INFO  | DNAudit | user=null | ip=null | op=WRITE_CHUNK {blockData=conID: 2 locID: 102656601977979288 bcsId: 0} | ret=SUCCESS |  
2019-08-21 19:23:56,374 [grpc-default-executor-5] INFO  client.GrpcClientProtocolClient (GrpcClientProtocolClient.java:onNext(255)) - client-DA9582518C67->1df8bd03-73ef-4b9c-8622-5dc9d0e29c31: receive RaftClientReply:client-DA9582518C67->1df8bd03-73ef-4b9c-8622-5dc9d0e29c31@group-F45402591F47, cid=649, SUCCESS, logIndex=767, commits[1df8bd03-73ef-4b9c-8622-5dc9d0e29c31:c768, 12aca755-ada5-42df-801b-c61f99d8e8b8:c766, a308b8bf-0324-43a1-a87f-1e10a96e3042:c766]
2019-08-21 19:23:56,375 | INFO  | DNAudit | user=null | ip=null | op=WRITE_CHUNK {blockData=conID: 2 locID: 102656601977979288 bcsId: 0} | ret=SUCCESS |  
2019-08-21 19:23:56,375 | INFO  | DNAudit | user=null | ip=null | op=PUT_BLOCK {blockData=[blockId=conID: 2 locID: 102656601977979288 bcsId: 0,size=2097152]} | ret=SUCCESS |  
2019-08-21 19:23:56,375 [grpc-default-executor-5] INFO  client.GrpcClientProtocolClient (GrpcClientProtocolClient.java:onNext(255)) - client-DA9582518C67->1df8bd03-73ef-4b9c-8622-5dc9d0e29c31: receive RaftClientReply:client-DA9582518C67->1df8bd03-73ef-4b9c-8622-5dc9d0e29c31@group-F45402591F47, cid=650, SUCCESS, logIndex=768, commits[1df8bd03-73ef-4b9c-8622-5dc9d0e29c31:c770, 12aca755-ada5-42df-801b-c61f99d8e8b8:c766, a308b8bf-0324-43a1-a87f-1e10a96e3042:c766]
2019-08-21 19:23:56,375 [grpc-default-executor-5] INFO  client.GrpcClientProtocolClient (GrpcClientProtocolClient.java:onNext(255)) - client-DA9582518C67->1df8bd03-73ef-4b9c-8622-5dc9d0e29c31: receive RaftClientReply:client-DA9582518C67->1df8bd03-73ef-4b9c-8622-5dc9d0e29c31@group-F45402591F47, cid=651, SUCCESS, logIndex=769, commits[1df8bd03-73ef-4b9c-8622-5dc9d0e29c31:c770, 12aca755-ada5-42df-801b-c61f99d8e8b8:c766, a308b8bf-0324-43a1-a87f-1e10a96e3042:c766]
2019-08-21 19:23:56,375 | INFO  | DNAudit | user=null | ip=null | op=PUT_BLOCK {blockData=[blockId=conID: 2 locID: 102656601977979288 bcsId: 0,size=1048576]} | ret=SUCCESS |  
2019-08-21 19:23:56,375 | INFO  | DNAudit | user=null | ip=null | op=WRITE_CHUNK {blockData=conID: 2 locID: 102656601977979288 bcsId: 0} | ret=SUCCESS |  
2019-08-21 19:23:56,375 [grpc-default-executor-5] INFO  client.GrpcClientProtocolClient (GrpcClientProtocolClient.java:onNext(255)) - client-DA9582518C67->1df8bd03-73ef-4b9c-8622-5dc9d0e29c31: receive RaftClientReply:client-DA9582518C67->1df8bd03-73ef-4b9c-8622-5dc9d0e29c31@group-F45402591F47, cid=652, SUCCESS, logIndex=770, commits[1df8bd03-73ef-4b9c-8622-5dc9d0e29c31:c770, 12aca755-ada5-42df-801b-c61f99d8e8b8:c766, a308b8bf-0324-43a1-a87f-1e10a96e3042:c766]
2019-08-21 19:23:56,376 | INFO  | DNAudit | user=null | ip=null | op=PUT_BLOCK {blockData=[blockId=conID: 2 locID: 102656601977979288 bcsId: 0,size=1048576]} | ret=SUCCESS |  
2019-08-21 19:23:56,377 [grpc-default-executor-5] INFO  client.GrpcClientProtocolClient (GrpcClientProtocolClient.java:onNext(255)) - client-DA9582518C67->1df8bd03-73ef-4b9c-8622-5dc9d0e29c31: receive RaftClientReply:client-DA9582518C67->1df8bd03-73ef-4b9c-8622-5dc9d0e29c31@group-F45402591F47, cid=653, SUCCESS, logIndex=0, commits[1df8bd03-73ef-4b9c-8622-5dc9d0e29c31:c772, 12aca755-ada5-42df-801b-c61f99d8e8b8:c768, a308b8bf-0324-43a1-a87f-1e10a96e3042:c768]
2019-08-21 19:23:56,377 | INFO  | DNAudit | user=null | ip=null | op=WRITE_CHUNK {blockData=conID: 2 locID: 102656601977979288 bcsId: 0} | ret=SUCCESS |  
2019-08-21 19:23:56,378 | INFO  | DNAudit | user=null | ip=null | op=PUT_BLOCK {blockData=[blockId=conID: 2 locID: 102656601977979288 bcsId: 0,size=2097152]} | ret=SUCCESS |  
2019-08-21 19:23:56,384 | INFO  | DNAudit | user=null | ip=null | op=WRITE_CHUNK {blockData=conID: 2 locID: 102656601977979288 bcsId: 770} | ret=SUCCESS |  
2019-08-21 19:23:56,389 | INFO  | DNAudit | user=null | ip=null | op=WRITE_CHUNK {blockData=conID: 2 locID: 102656601977979288 bcsId: 0} | ret=SUCCESS |  
2019-08-21 19:23:56,389 | INFO  | DNAudit | user=null | ip=null | op=PUT_BLOCK {blockData=[blockId=conID: 2 locID: 102656601977979288 bcsId: 0,size=2097152]} | ret=SUCCESS |  
2019-08-21 19:23:56,389 | INFO  | DNAudit | user=null | ip=null | op=WRITE_CHUNK {blockData=conID: 2 locID: 102656601977979288 bcsId: 770} | ret=SUCCESS |  
2019-08-21 19:23:56,390 | INFO  | DNAudit | user=null | ip=null | op=WRITE_CHUNK {blockData=conID: 2 locID: 102656601977979288 bcsId: 770} | ret=SUCCESS |  
2019-08-21 19:23:56,402 | INFO  | DNAudit | user=null | ip=null | op=WRITE_CHUNK {blockData=conID: 2 locID: 102656601977979288 bcsId: 770} | ret=SUCCESS |  
2019-08-21 19:23:56,402 | INFO  | DNAudit | user=null | ip=null | op=PUT_BLOCK {blockData=[blockId=conID: 2 locID: 102656601977979288 bcsId: 0,size=3145728]} | ret=SUCCESS |  
2019-08-21 19:23:56,403 [grpc-default-executor-5] INFO  client.GrpcClientProtocolClient (GrpcClientProtocolClient.java:onNext(255)) - client-DA9582518C67->1df8bd03-73ef-4b9c-8622-5dc9d0e29c31: receive RaftClientReply:client-DA9582518C67->1df8bd03-73ef-4b9c-8622-5dc9d0e29c31@group-F45402591F47, cid=654, SUCCESS, logIndex=775, commits[1df8bd03-73ef-4b9c-8622-5dc9d0e29c31:c776, 12aca755-ada5-42df-801b-c61f99d8e8b8:c774, a308b8bf-0324-43a1-a87f-1e10a96e3042:c774]
2019-08-21 19:23:56,403 [grpc-default-executor-5] INFO  client.GrpcClientProtocolClient (GrpcClientProtocolClient.java:onNext(255)) - client-DA9582518C67->1df8bd03-73ef-4b9c-8622-5dc9d0e29c31: receive RaftClientReply:client-DA9582518C67->1df8bd03-73ef-4b9c-8622-5dc9d0e29c31@group-F45402591F47, cid=655, SUCCESS, logIndex=776, commits[1df8bd03-73ef-4b9c-8622-5dc9d0e29c31:c776, 12aca755-ada5-42df-801b-c61f99d8e8b8:c774, a308b8bf-0324-43a1-a87f-1e10a96e3042:c774]
2019-08-21 19:23:56,411 | INFO  | DNAudit | user=null | ip=null | op=WRITE_CHUNK {blockData=conID: 2 locID: 102656601977979288 bcsId: 776} | ret=SUCCESS |  
2019-08-21 19:23:56,413 | INFO  | DNAudit | user=null | ip=null | op=WRITE_CHUNK {blockData=conID: 2 locID: 102656601977979288 bcsId: 770} | ret=SUCCESS |  
2019-08-21 19:23:56,413 | INFO  | DNAudit | user=null | ip=null | op=WRITE_CHUNK {blockData=conID: 2 locID: 102656601977979288 bcsId: 770} | ret=SUCCESS |  
2019-08-21 19:23:56,413 | INFO  | DNAudit | user=null | ip=null | op=PUT_BLOCK {blockData=[blockId=conID: 2 locID: 102656601977979288 bcsId: 0,size=3145728]} | ret=SUCCESS |  
2019-08-21 19:23:56,413 | INFO  | DNAudit | user=null | ip=null | op=PUT_BLOCK {blockData=[blockId=conID: 2 locID: 102656601977979288 bcsId: 0,size=3145728]} | ret=SUCCESS |  
2019-08-21 19:23:56,417 | INFO  | DNAudit | user=null | ip=null | op=WRITE_CHUNK {blockData=conID: 2 locID: 102656601977979288 bcsId: 776} | ret=SUCCESS |  
2019-08-21 19:23:56,418 | INFO  | DNAudit | user=null | ip=null | op=WRITE_CHUNK {blockData=conID: 2 locID: 102656601977979288 bcsId: 776} | ret=SUCCESS |  
 0.00% |█                                                                                                    |  0/1 Time: 0:00:012019-08-21 19:23:56,431 | INFO  | DNAudit | user=null | ip=null | op=WRITE_CHUNK {blockData=conID: 2 locID: 102656601977979288 bcsId: 776} | ret=SUCCESS |  
2019-08-21 19:23:56,431 | INFO  | DNAudit | user=null | ip=null | op=PUT_BLOCK {blockData=[blockId=conID: 2 locID: 102656601977979288 bcsId: 0,size=4194304]} | ret=SUCCESS |  
2019-08-21 19:23:56,431 [grpc-default-executor-6] INFO  client.GrpcClientProtocolClient (GrpcClientProtocolClient.java:onNext(255)) - client-DA9582518C67->1df8bd03-73ef-4b9c-8622-5dc9d0e29c31: receive RaftClientReply:client-DA9582518C67->1df8bd03-73ef-4b9c-8622-5dc9d0e29c31@group-F45402591F47, cid=656, SUCCESS, logIndex=779, commits[1df8bd03-73ef-4b9c-8622-5dc9d0e29c31:c780, 12aca755-ada5-42df-801b-c61f99d8e8b8:c776, a308b8bf-0324-43a1-a87f-1e10a96e3042:c776]
2019-08-21 19:23:56,432 [grpc-default-executor-6] INFO  client.GrpcClientProtocolClient (GrpcClientProtocolClient.java:onNext(255)) - client-DA9582518C67->1df8bd03-73ef-4b9c-8622-5dc9d0e29c31: receive RaftClientReply:client-DA9582518C67->1df8bd03-73ef-4b9c-8622-5dc9d0e29c31@group-F45402591F47, cid=657, SUCCESS, logIndex=780, commits[1df8bd03-73ef-4b9c-8622-5dc9d0e29c31:c780, 12aca755-ada5-42df-801b-c61f99d8e8b8:c776, a308b8bf-0324-43a1-a87f-1e10a96e3042:c776]
2019-08-21 19:23:56,442 | INFO  | DNAudit | user=null | ip=null | op=WRITE_CHUNK {blockData=conID: 2 locID: 102656601977979288 bcsId: 776} | ret=SUCCESS |  
2019-08-21 19:23:56,442 | INFO  | DNAudit | user=null | ip=null | op=WRITE_CHUNK {blockData=conID: 2 locID: 102656601977979288 bcsId: 776} | ret=SUCCESS |  
2019-08-21 19:23:56,442 | INFO  | DNAudit | user=null | ip=null | op=PUT_BLOCK {blockData=[blockId=conID: 2 locID: 102656601977979288 bcsId: 0,size=4194304]} | ret=SUCCESS |  
2019-08-21 19:23:56,442 | INFO  | DNAudit | user=null | ip=null | op=PUT_BLOCK {blockData=[blockId=conID: 2 locID: 102656601977979288 bcsId: 0,size=4194304]} | ret=SUCCESS |  
2019-08-21 19:23:56,443 [grpc-default-executor-5] INFO  client.GrpcClientProtocolClient (GrpcClientProtocolClient.java:onNext(255)) - client-DA9582518C67->1df8bd03-73ef-4b9c-8622-5dc9d0e29c31: receive RaftClientReply:client-DA9582518C67->1df8bd03-73ef-4b9c-8622-5dc9d0e29c31@group-F45402591F47, cid=658, SUCCESS, logIndex=0, commits[1df8bd03-73ef-4b9c-8622-5dc9d0e29c31:c781, 12aca755-ada5-42df-801b-c61f99d8e8b8:c780, a308b8bf-0324-43a1-a87f-1e10a96e3042:c780]
2019-08-21 19:23:56,452 | INFO  | DNAudit | user=null | ip=null | op=WRITE_CHUNK {blockData=conID: 3 locID: 102656601977979289 bcsId: 0} | ret=SUCCESS |  
2019-08-21 19:23:56,456 | INFO  | DNAudit | user=null | ip=null | op=WRITE_CHUNK {blockData=conID: 3 locID: 102656601977979289 bcsId: 0} | ret=SUCCESS |  
2019-08-21 19:23:56,477 | INFO  | DNAudit | user=null | ip=null | op=WRITE_CHUNK {blockData=conID: 3 locID: 102656601977979289 bcsId: 0} | ret=SUCCESS |  
2019-08-21 19:23:56,477 | INFO  | DNAudit | user=null | ip=null | op=WRITE_CHUNK {blockData=conID: 3 locID: 102656601977979289 bcsId: 0} | ret=SUCCESS |  
2019-08-21 19:23:56,477 | INFO  | DNAudit | user=null | ip=null | op=WRITE_CHUNK {blockData=conID: 3 locID: 102656601977979289 bcsId: 0} | ret=SUCCESS |  
2019-08-21 19:23:56,477 | INFO  | DNAudit | user=null | ip=null | op=WRITE_CHUNK {blockData=conID: 3 locID: 102656601977979289 bcsId: 0} | ret=SUCCESS |  
2019-08-21 19:23:56,487 | INFO  | DNAudit | user=null | ip=null | op=WRITE_CHUNK {blockData=conID: 3 locID: 102656601977979289 bcsId: 0} | ret=SUCCESS |  
2019-08-21 19:23:56,488 | INFO  | DNAudit | user=null | ip=null | op=PUT_BLOCK {blockData=[blockId=conID: 3 locID: 102656601977979289 bcsId: 0,size=1048576]} | ret=SUCCESS |  
2019-08-21 19:23:56,489 | INFO  | DNAudit | user=null | ip=null | op=WRITE_CHUNK {blockData=conID: 3 locID: 102656601977979289 bcsId: 0} | ret=SUCCESS |  
2019-08-21 19:23:56,489 [grpc-default-executor-6] INFO  client.GrpcClientProtocolClient (GrpcClientProtocolClient.java:onNext(255)) - client-DA9582518C67->1df8bd03-73ef-4b9c-8622-5dc9d0e29c31: receive RaftClientReply:client-DA9582518C67->1df8bd03-73ef-4b9c-8622-5dc9d0e29c31@group-F45402591F47, cid=659, SUCCESS, logIndex=783, commits[1df8bd03-73ef-4b9c-8622-5dc9d0e29c31:c786, 12aca755-ada5-42df-801b-c61f99d8e8b8:c782, a308b8bf-0324-43a1-a87f-1e10a96e3042:c782]
2019-08-21 19:23:56,489 | INFO  | DNAudit | user=null | ip=null | op=PUT_BLOCK {blockData=[blockId=conID: 3 locID: 102656601977979289 bcsId: 0,size=2097152]} | ret=SUCCESS |  
2019-08-21 19:23:56,490 [grpc-default-executor-6] INFO  client.GrpcClientProtocolClient (GrpcClientProtocolClient.java:onNext(255)) - client-DA9582518C67->1df8bd03-73ef-4b9c-8622-5dc9d0e29c31: receive RaftClientReply:client-DA9582518C67->1df8bd03-73ef-4b9c-8622-5dc9d0e29c31@group-F45402591F47, cid=660, SUCCESS, logIndex=784, commits[1df8bd03-73ef-4b9c-8622-5dc9d0e29c31:c786, 12aca755-ada5-42df-801b-c61f99d8e8b8:c782, a308b8bf-0324-43a1-a87f-1e10a96e3042:c782]
2019-08-21 19:23:56,490 [grpc-default-executor-6] INFO  client.GrpcClientProtocolClient (GrpcClientProtocolClient.java:onNext(255)) - client-DA9582518C67->1df8bd03-73ef-4b9c-8622-5dc9d0e29c31: receive RaftClientReply:client-DA9582518C67->1df8bd03-73ef-4b9c-8622-5dc9d0e29c31@group-F45402591F47, cid=661, SUCCESS, logIndex=785, commits[1df8bd03-73ef-4b9c-8622-5dc9d0e29c31:c786, 12aca755-ada5-42df-801b-c61f99d8e8b8:c782, a308b8bf-0324-43a1-a87f-1e10a96e3042:c782]
2019-08-21 19:23:56,491 [grpc-default-executor-6] INFO  client.GrpcClientProtocolClient (GrpcClientProtocolClient.java:onNext(255)) - client-DA9582518C67->1df8bd03-73ef-4b9c-8622-5dc9d0e29c31: receive RaftClientReply:client-DA9582518C67->1df8bd03-73ef-4b9c-8622-5dc9d0e29c31@group-F45402591F47, cid=662, SUCCESS, logIndex=786, commits[1df8bd03-73ef-4b9c-8622-5dc9d0e29c31:c786, 12aca755-ada5-42df-801b-c61f99d8e8b8:c782, a308b8bf-0324-43a1-a87f-1e10a96e3042:c782]
2019-08-21 19:23:56,497 | INFO  | DNAudit | user=null | ip=null | op=WRITE_CHUNK {blockData=conID: 3 locID: 102656601977979289 bcsId: 0} | ret=SUCCESS |  
2019-08-21 19:23:56,497 | INFO  | DNAudit | user=null | ip=null | op=WRITE_CHUNK {blockData=conID: 3 locID: 102656601977979289 bcsId: 0} | ret=SUCCESS |  
2019-08-21 19:23:56,500 | INFO  | DNAudit | user=null | ip=null | op=PUT_BLOCK {blockData=[blockId=conID: 3 locID: 102656601977979289 bcsId: 0,size=1048576]} | ret=SUCCESS |  
2019-08-21 19:23:56,500 | INFO  | DNAudit | user=null | ip=null | op=PUT_BLOCK {blockData=[blockId=conID: 3 locID: 102656601977979289 bcsId: 0,size=1048576]} | ret=SUCCESS |  
2019-08-21 19:23:56,500 | INFO  | DNAudit | user=null | ip=null | op=WRITE_CHUNK {blockData=conID: 3 locID: 102656601977979289 bcsId: 0} | ret=SUCCESS |  
2019-08-21 19:23:56,501 | INFO  | DNAudit | user=null | ip=null | op=PUT_BLOCK {blockData=[blockId=conID: 3 locID: 102656601977979289 bcsId: 0,size=2097152]} | ret=SUCCESS |  
2019-08-21 19:23:56,501 | INFO  | DNAudit | user=null | ip=null | op=WRITE_CHUNK {blockData=conID: 3 locID: 102656601977979289 bcsId: 0} | ret=SUCCESS |  
2019-08-21 19:23:56,501 | INFO  | DNAudit | user=null | ip=null | op=PUT_BLOCK {blockData=[blockId=conID: 3 locID: 102656601977979289 bcsId: 0,size=2097152]} | ret=SUCCESS |  
2019-08-21 19:23:56,501 [grpc-default-executor-5] INFO  client.GrpcClientProtocolClient (GrpcClientProtocolClient.java:onNext(255)) - client-DA9582518C67->1df8bd03-73ef-4b9c-8622-5dc9d0e29c31: receive RaftClientReply:client-DA9582518C67->1df8bd03-73ef-4b9c-8622-5dc9d0e29c31@group-F45402591F47, cid=663, SUCCESS, logIndex=0, commits[1df8bd03-73ef-4b9c-8622-5dc9d0e29c31:c789, 12aca755-ada5-42df-801b-c61f99d8e8b8:c784, a308b8bf-0324-43a1-a87f-1e10a96e3042:c786]
2019-08-21 19:23:56,509 | INFO  | DNAudit | user=null | ip=null | op=WRITE_CHUNK {blockData=conID: 3 locID: 102656601977979289 bcsId: 786} | ret=SUCCESS |  
2019-08-21 19:23:56,515 | INFO  | DNAudit | user=null | ip=null | op=WRITE_CHUNK {blockData=conID: 3 locID: 102656601977979289 bcsId: 786} | ret=SUCCESS |  
2019-08-21 19:23:56,515 | INFO  | DNAudit | user=null | ip=null | op=WRITE_CHUNK {blockData=conID: 3 locID: 102656601977979289 bcsId: 786} | ret=SUCCESS |  
2019-08-21 19:23:56,519 | INFO  | SCMAudit | user=jenkins1000 | ip=192.168.69.88 | op=SEND_HEARTBEAT {datanodeUUID=c4b21f74-9dba-4f39-a92d-300bdd5c7775, command=[]} | ret=SUCCESS |  
2019-08-21 19:23:56,521 | INFO  | DNAudit | user=null | ip=null | op=WRITE_CHUNK {blockData=conID: 3 locID: 102656601977979289 bcsId: 786} | ret=SUCCESS |  
2019-08-21 19:23:56,521 | INFO  | DNAudit | user=null | ip=null | op=PUT_BLOCK {blockData=[blockId=conID: 3 locID: 102656601977979289 bcsId: 0,size=3145728]} | ret=SUCCESS |  
2019-08-21 19:23:56,522 [grpc-default-executor-6] INFO  client.GrpcClientProtocolClient (GrpcClientProtocolClient.java:onNext(255)) - client-DA9582518C67->1df8bd03-73ef-4b9c-8622-5dc9d0e29c31: receive RaftClientReply:client-DA9582518C67->1df8bd03-73ef-4b9c-8622-5dc9d0e29c31@group-F45402591F47, cid=664, SUCCESS, logIndex=791, commits[1df8bd03-73ef-4b9c-8622-5dc9d0e29c31:c792, 12aca755-ada5-42df-801b-c61f99d8e8b8:c790, a308b8bf-0324-43a1-a87f-1e10a96e3042:c790]
2019-08-21 19:23:56,522 [grpc-default-executor-6] INFO  client.GrpcClientProtocolClient (GrpcClientProtocolClient.java:onNext(255)) - client-DA9582518C67->1df8bd03-73ef-4b9c-8622-5dc9d0e29c31: receive RaftClientReply:client-DA9582518C67->1df8bd03-73ef-4b9c-8622-5dc9d0e29c31@group-F45402591F47, cid=665, SUCCESS, logIndex=792, commits[1df8bd03-73ef-4b9c-8622-5dc9d0e29c31:c792, 12aca755-ada5-42df-801b-c61f99d8e8b8:c790, a308b8bf-0324-43a1-a87f-1e10a96e3042:c790]
2019-08-21 19:23:56,531 | INFO  | DNAudit | user=null | ip=null | op=WRITE_CHUNK {blockData=conID: 3 locID: 102656601977979289 bcsId: 786} | ret=SUCCESS |  
2019-08-21 19:23:56,531 | INFO  | DNAudit | user=null | ip=null | op=WRITE_CHUNK {blockData=conID: 3 locID: 102656601977979289 bcsId: 792} | ret=SUCCESS |  
2019-08-21 19:23:56,531 | INFO  | DNAudit | user=null | ip=null | op=WRITE_CHUNK {blockData=conID: 3 locID: 102656601977979289 bcsId: 786} | ret=SUCCESS |  
2019-08-21 19:23:56,531 | INFO  | DNAudit | user=null | ip=null | op=PUT_BLOCK {blockData=[blockId=conID: 3 locID: 102656601977979289 bcsId: 0,size=3145728]} | ret=SUCCESS |  
2019-08-21 19:23:56,532 | INFO  | DNAudit | user=null | ip=null | op=PUT_BLOCK {blockData=[blockId=conID: 3 locID: 102656601977979289 bcsId: 0,size=3145728]} | ret=SUCCESS |  
2019-08-21 19:23:56,546 | INFO  | DNAudit | user=null | ip=null | op=WRITE_CHUNK {blockData=conID: 3 locID: 102656601977979289 bcsId: 792} | ret=SUCCESS |  
2019-08-21 19:23:56,546 | INFO  | DNAudit | user=null | ip=null | op=WRITE_CHUNK {blockData=conID: 3 locID: 102656601977979289 bcsId: 792} | ret=SUCCESS |  
2019-08-21 19:23:56,571 | INFO  | DNAudit | user=null | ip=null | op=WRITE_CHUNK {blockData=conID: 3 locID: 102656601977979289 bcsId: 792} | ret=SUCCESS |  
2019-08-21 19:23:56,572 [grpc-default-executor-6] INFO  client.GrpcClientProtocolClient (GrpcClientProtocolClient.java:onNext(255)) - client-DA9582518C67->1df8bd03-73ef-4b9c-8622-5dc9d0e29c31: receive RaftClientReply:client-DA9582518C67->1df8bd03-73ef-4b9c-8622-5dc9d0e29c31@group-F45402591F47, cid=666, SUCCESS, logIndex=795, commits[1df8bd03-73ef-4b9c-8622-5dc9d0e29c31:c796, 12aca755-ada5-42df-801b-c61f99d8e8b8:c792, a308b8bf-0324-43a1-a87f-1e10a96e3042:c792]
2019-08-21 19:23:56,580 | INFO  | DNAudit | user=null | ip=null | op=PUT_BLOCK {blockData=[blockId=conID: 3 locID: 102656601977979289 bcsId: 0,size=4194304]} | ret=SUCCESS |  
2019-08-21 19:23:56,582 [grpc-default-executor-6] INFO  client.GrpcClientProtocolClient (GrpcClientProtocolClient.java:onNext(255)) - client-DA9582518C67->1df8bd03-73ef-4b9c-8622-5dc9d0e29c31: receive RaftClientReply:client-DA9582518C67->1df8bd03-73ef-4b9c-8622-5dc9d0e29c31@group-F45402591F47, cid=667, SUCCESS, logIndex=796, commits[1df8bd03-73ef-4b9c-8622-5dc9d0e29c31:c796, 12aca755-ada5-42df-801b-c61f99d8e8b8:c792, a308b8bf-0324-43a1-a87f-1e10a96e3042:c792]
2019-08-21 19:23:56,583 | INFO  | DNAudit | user=null | ip=null | op=WRITE_CHUNK {blockData=conID: 3 locID: 102656601977979289 bcsId: 792} | ret=SUCCESS |  
2019-08-21 19:23:56,583 | INFO  | DNAudit | user=null | ip=null | op=WRITE_CHUNK {blockData=conID: 3 locID: 102656601977979289 bcsId: 792} | ret=SUCCESS |  
2019-08-21 19:23:56,583 | INFO  | DNAudit | user=null | ip=null | op=PUT_BLOCK {blockData=[blockId=conID: 3 locID: 102656601977979289 bcsId: 0,size=4194304]} | ret=SUCCESS |  
2019-08-21 19:23:56,583 | INFO  | DNAudit | user=null | ip=null | op=PUT_BLOCK {blockData=[blockId=conID: 3 locID: 102656601977979289 bcsId: 0,size=4194304]} | ret=SUCCESS |  
2019-08-21 19:23:56,584 [grpc-default-executor-5] INFO  client.GrpcClientProtocolClient (GrpcClientProtocolClient.java:onNext(255)) - client-DA9582518C67->1df8bd03-73ef-4b9c-8622-5dc9d0e29c31: receive RaftClientReply:client-DA9582518C67->1df8bd03-73ef-4b9c-8622-5dc9d0e29c31@group-F45402591F47, cid=668, SUCCESS, logIndex=0, commits[1df8bd03-73ef-4b9c-8622-5dc9d0e29c31:c797, 12aca755-ada5-42df-801b-c61f99d8e8b8:c796, a308b8bf-0324-43a1-a87f-1e10a96e3042:c796]
2019-08-21 19:23:56,594 | INFO  | DNAudit | user=null | ip=null | op=WRITE_CHUNK {blockData=conID: 1 locID: 102656601978044826 bcsId: 0} | ret=SUCCESS |  
2019-08-21 19:23:56,597 | INFO  | DNAudit | user=null | ip=null | op=WRITE_CHUNK {blockData=conID: 1 locID: 102656601978044826 bcsId: 0} | ret=SUCCESS |  
2019-08-21 19:23:56,600 | INFO  | DNAudit | user=null | ip=null | op=WRITE_CHUNK {blockData=conID: 1 locID: 102656601978044826 bcsId: 0} | ret=SUCCESS |  
2019-08-21 19:23:56,602 | INFO  | DNAudit | user=null | ip=null | op=WRITE_CHUNK {blockData=conID: 1 locID: 102656601978044826 bcsId: 0} | ret=SUCCESS |  
2019-08-21 19:23:56,605 | INFO  | DNAudit | user=null | ip=null | op=WRITE_CHUNK {blockData=conID: 1 locID: 102656601978044826 bcsId: 0} | ret=SUCCESS |  
2019-08-21 19:23:56,605 | INFO  | DNAudit | user=null | ip=null | op=WRITE_CHUNK {blockData=conID: 1 locID: 102656601978044826 bcsId: 0} | ret=SUCCESS |  
2019-08-21 19:23:56,607 | INFO  | DNAudit | user=null | ip=null | op=WRITE_CHUNK {blockData=conID: 1 locID: 102656601978044826 bcsId: 0} | ret=SUCCESS |  
2019-08-21 19:23:56,610 | INFO  | DNAudit | user=null | ip=null | op=PUT_BLOCK {blockData=[blockId=conID: 1 locID: 102656601978044826 bcsId: 0,size=1048576]} | ret=SUCCESS |  
2019-08-21 19:23:56,610 [grpc-default-executor-2] INFO  client.GrpcClientProtocolClient (GrpcClientProtocolClient.java:onNext(255)) - client-DA9582518C67->1df8bd03-73ef-4b9c-8622-5dc9d0e29c31: receive RaftClientReply:client-DA9582518C67->1df8bd03-73ef-4b9c-8622-5dc9d0e29c31@group-F45402591F47, cid=669, SUCCESS, logIndex=799, commits[1df8bd03-73ef-4b9c-8622-5dc9d0e29c31:c800, 12aca755-ada5-42df-801b-c61f99d8e8b8:c798, a308b8bf-0324-43a1-a87f-1e10a96e3042:c798]
2019-08-21 19:23:56,610 | INFO  | DNAudit | user=null | ip=null | op=WRITE_CHUNK {blockData=conID: 1 locID: 102656601978044826 bcsId: 0} | ret=SUCCESS |  
2019-08-21 19:23:56,610 | INFO  | DNAudit | user=null | ip=null | op=WRITE_CHUNK {blockData=conID: 1 locID: 102656601978044826 bcsId: 0} | ret=SUCCESS |  
2019-08-21 19:23:56,610 | INFO  | DNAudit | user=null | ip=null | op=WRITE_CHUNK {blockData=conID: 1 locID: 102656601978044826 bcsId: 0} | ret=SUCCESS |  
2019-08-21 19:23:56,611 [grpc-default-executor-6] INFO  client.GrpcClientProtocolClient (GrpcClientProtocolClient.java:onNext(255)) - client-DA9582518C67->1df8bd03-73ef-4b9c-8622-5dc9d0e29c31: receive RaftClientReply:client-DA9582518C67->1df8bd03-73ef-4b9c-8622-5dc9d0e29c31@group-F45402591F47, cid=670, SUCCESS, logIndex=800, commits[1df8bd03-73ef-4b9c-8622-5dc9d0e29c31:c801, 12aca755-ada5-42df-801b-c61f99d8e8b8:c798, a308b8bf-0324-43a1-a87f-1e10a96e3042:c798]
2019-08-21 19:23:56,611 | INFO  | DNAudit | user=null | ip=null | op=PUT_BLOCK {blockData=[blockId=conID: 1 locID: 102656601978044826 bcsId: 0,size=2097152]} | ret=SUCCESS |  
2019-08-21 19:23:56,611 [grpc-default-executor-6] INFO  client.GrpcClientProtocolClient (GrpcClientProtocolClient.java:onNext(255)) - client-DA9582518C67->1df8bd03-73ef-4b9c-8622-5dc9d0e29c31: receive RaftClientReply:client-DA9582518C67->1df8bd03-73ef-4b9c-8622-5dc9d0e29c31@group-F45402591F47, cid=671, SUCCESS, logIndex=801, commits[1df8bd03-73ef-4b9c-8622-5dc9d0e29c31:c802, 12aca755-ada5-42df-801b-c61f99d8e8b8:c798, a308b8bf-0324-43a1-a87f-1e10a96e3042:c798]
2019-08-21 19:23:56,612 [grpc-default-executor-6] INFO  client.GrpcClientProtocolClient (GrpcClientProtocolClient.java:onNext(255)) - client-DA9582518C67->1df8bd03-73ef-4b9c-8622-5dc9d0e29c31: receive RaftClientReply:client-DA9582518C67->1df8bd03-73ef-4b9c-8622-5dc9d0e29c31@group-F45402591F47, cid=672, SUCCESS, logIndex=802, commits[1df8bd03-73ef-4b9c-8622-5dc9d0e29c31:c803, 12aca755-ada5-42df-801b-c61f99d8e8b8:c799, a308b8bf-0324-43a1-a87f-1e10a96e3042:c799]
2019-08-21 19:23:56,621 | INFO  | DNAudit | user=null | ip=null | op=PUT_BLOCK {blockData=[blockId=conID: 1 locID: 102656601978044826 bcsId: 0,size=1048576]} | ret=SUCCESS |  
2019-08-21 19:23:56,621 | INFO  | DNAudit | user=null | ip=null | op=PUT_BLOCK {blockData=[blockId=conID: 1 locID: 102656601978044826 bcsId: 0,size=1048576]} | ret=SUCCESS |  
2019-08-21 19:23:56,622 | INFO  | DNAudit | user=null | ip=null | op=WRITE_CHUNK {blockData=conID: 1 locID: 102656601978044826 bcsId: 0} | ret=SUCCESS |  
2019-08-21 19:23:56,622 | INFO  | DNAudit | user=null | ip=null | op=WRITE_CHUNK {blockData=conID: 1 locID: 102656601978044826 bcsId: 0} | ret=SUCCESS |  
2019-08-21 19:23:56,622 | INFO  | DNAudit | user=null | ip=null | op=PUT_BLOCK {blockData=[blockId=conID: 1 locID: 102656601978044826 bcsId: 0,size=2097152]} | ret=SUCCESS |  
2019-08-21 19:23:56,623 [grpc-default-executor-6] INFO  client.GrpcClientProtocolClient (GrpcClientProtocolClient.java:onNext(255)) - client-DA9582518C67->1df8bd03-73ef-4b9c-8622-5dc9d0e29c31: receive RaftClientReply:client-DA9582518C67->1df8bd03-73ef-4b9c-8622-5dc9d0e29c31@group-F45402591F47, cid=673, SUCCESS, logIndex=0, commits[1df8bd03-73ef-4b9c-8622-5dc9d0e29c31:c804, 12aca755-ada5-42df-801b-c61f99d8e8b8:c800, a308b8bf-0324-43a1-a87f-1e10a96e3042:c800]
2019-08-21 19:23:56,624 | INFO  | DNAudit | user=null | ip=null | op=PUT_BLOCK {blockData=[blockId=conID: 1 locID: 102656601978044826 bcsId: 0,size=2097152]} | ret=SUCCESS |  
2019-08-21 19:23:56,631 | INFO  | DNAudit | user=null | ip=null | op=WRITE_CHUNK {blockData=conID: 1 locID: 102656601978044826 bcsId: 802} | ret=SUCCESS |  
2019-08-21 19:23:56,636 | INFO  | DNAudit | user=null | ip=null | op=WRITE_CHUNK {blockData=conID: 1 locID: 102656601978044826 bcsId: 802} | ret=SUCCESS |  
2019-08-21 19:23:56,636 | INFO  | DNAudit | user=null | ip=null | op=WRITE_CHUNK {blockData=conID: 1 locID: 102656601978044826 bcsId: 802} | ret=SUCCESS |  
2019-08-21 19:23:56,645 | INFO  | DNAudit | user=null | ip=null | op=WRITE_CHUNK {blockData=conID: 1 locID: 102656601978044826 bcsId: 802} | ret=SUCCESS |  
2019-08-21 19:23:56,645 | INFO  | DNAudit | user=null | ip=null | op=PUT_BLOCK {blockData=[blockId=conID: 1 locID: 102656601978044826 bcsId: 0,size=3145728]} | ret=SUCCESS |  
2019-08-21 19:23:56,645 [grpc-default-executor-5] INFO  client.GrpcClientProtocolClient (GrpcClientProtocolClient.java:onNext(255)) - client-DA9582518C67->1df8bd03-73ef-4b9c-8622-5dc9d0e29c31: receive RaftClientReply:client-DA9582518C67->1df8bd03-73ef-4b9c-8622-5dc9d0e29c31@group-F45402591F47, cid=674, SUCCESS, logIndex=807, commits[1df8bd03-73ef-4b9c-8622-5dc9d0e29c31:c808, 12aca755-ada5-42df-801b-c61f99d8e8b8:c806, a308b8bf-0324-43a1-a87f-1e10a96e3042:c806]
2019-08-21 19:23:56,646 [grpc-default-executor-5] INFO  client.GrpcClientProtocolClient (GrpcClientProtocolClient.java:onNext(255)) - client-DA9582518C67->1df8bd03-73ef-4b9c-8622-5dc9d0e29c31: receive RaftClientReply:client-DA9582518C67->1df8bd03-73ef-4b9c-8622-5dc9d0e29c31@group-F45402591F47, cid=675, SUCCESS, logIndex=808, commits[1df8bd03-73ef-4b9c-8622-5dc9d0e29c31:c808, 12aca755-ada5-42df-801b-c61f99d8e8b8:c806, a308b8bf-0324-43a1-a87f-1e10a96e3042:c806]
2019-08-21 19:23:56,654 | INFO  | DNAudit | user=null | ip=null | op=WRITE_CHUNK {blockData=conID: 1 locID: 102656601978044826 bcsId: 808} | ret=SUCCESS |  
2019-08-21 19:23:56,656 | INFO  | DNAudit | user=null | ip=null | op=WRITE_CHUNK {blockData=conID: 1 locID: 102656601978044826 bcsId: 802} | ret=SUCCESS |  
2019-08-21 19:23:56,656 | INFO  | DNAudit | user=null | ip=null | op=WRITE_CHUNK {blockData=conID: 1 locID: 102656601978044826 bcsId: 802} | ret=SUCCESS |  
2019-08-21 19:23:56,657 | INFO  | DNAudit | user=null | ip=null | op=PUT_BLOCK {blockData=[blockId=conID: 1 locID: 102656601978044826 bcsId: 0,size=3145728]} | ret=SUCCESS |  
2019-08-21 19:23:56,657 | INFO  | DNAudit | user=null | ip=null | op=PUT_BLOCK {blockData=[blockId=conID: 1 locID: 102656601978044826 bcsId: 0,size=3145728]} | ret=SUCCESS |  
2019-08-21 19:23:56,657 | INFO  | DNAudit | user=null | ip=null | op=WRITE_CHUNK {blockData=conID: 1 locID: 102656601978044826 bcsId: 808} | ret=SUCCESS |  
2019-08-21 19:23:56,659 | INFO  | DNAudit | user=null | ip=null | op=WRITE_CHUNK {blockData=conID: 1 locID: 102656601978044826 bcsId: 808} | ret=SUCCESS |  
2019-08-21 19:23:56,670 | INFO  | DNAudit | user=null | ip=null | op=WRITE_CHUNK {blockData=conID: 1 locID: 102656601978044826 bcsId: 808} | ret=SUCCESS |  
2019-08-21 19:23:56,670 | INFO  | DNAudit | user=null | ip=null | op=PUT_BLOCK {blockData=[blockId=conID: 1 locID: 102656601978044826 bcsId: 0,size=4194304]} | ret=SUCCESS |  
2019-08-21 19:23:56,671 [grpc-default-executor-6] INFO  client.GrpcClientProtocolClient (GrpcClientProtocolClient.java:onNext(255)) - client-DA9582518C67->1df8bd03-73ef-4b9c-8622-5dc9d0e29c31: receive RaftClientReply:client-DA9582518C67->1df8bd03-73ef-4b9c-8622-5dc9d0e29c31@group-F45402591F47, cid=676, SUCCESS, logIndex=811, commits[1df8bd03-73ef-4b9c-8622-5dc9d0e29c31:c812, 12aca755-ada5-42df-801b-c61f99d8e8b8:c808, a308b8bf-0324-43a1-a87f-1e10a96e3042:c808]
2019-08-21 19:23:56,671 [grpc-default-executor-6] INFO  client.GrpcClientProtocolClient (GrpcClientProtocolClient.java:onNext(255)) - client-DA9582518C67->1df8bd03-73ef-4b9c-8622-5dc9d0e29c31: receive RaftClientReply:client-DA9582518C67->1df8bd03-73ef-4b9c-8622-5dc9d0e29c31@group-F45402591F47, cid=677, SUCCESS, logIndex=812, commits[1df8bd03-73ef-4b9c-8622-5dc9d0e29c31:c812, 12aca755-ada5-42df-801b-c61f99d8e8b8:c808, a308b8bf-0324-43a1-a87f-1e10a96e3042:c808]
2019-08-21 19:23:56,681 | INFO  | DNAudit | user=null | ip=null | op=WRITE_CHUNK {blockData=conID: 1 locID: 102656601978044826 bcsId: 808} | ret=SUCCESS |  
2019-08-21 19:23:56,681 | INFO  | DNAudit | user=null | ip=null | op=WRITE_CHUNK {blockData=conID: 1 locID: 102656601978044826 bcsId: 808} | ret=SUCCESS |  
2019-08-21 19:23:56,682 | INFO  | DNAudit | user=null | ip=null | op=PUT_BLOCK {blockData=[blockId=conID: 1 locID: 102656601978044826 bcsId: 0,size=4194304]} | ret=SUCCESS |  
2019-08-21 19:23:56,682 | INFO  | DNAudit | user=null | ip=null | op=PUT_BLOCK {blockData=[blockId=conID: 1 locID: 102656601978044826 bcsId: 0,size=4194304]} | ret=SUCCESS |  
2019-08-21 19:23:56,682 [grpc-default-executor-6] INFO  client.GrpcClientProtocolClient (GrpcClientProtocolClient.java:onNext(255)) - client-DA9582518C67->1df8bd03-73ef-4b9c-8622-5dc9d0e29c31: receive RaftClientReply:client-DA9582518C67->1df8bd03-73ef-4b9c-8622-5dc9d0e29c31@group-F45402591F47, cid=678, SUCCESS, logIndex=0, commits[1df8bd03-73ef-4b9c-8622-5dc9d0e29c31:c813, 12aca755-ada5-42df-801b-c61f99d8e8b8:c812, a308b8bf-0324-43a1-a87f-1e10a96e3042:c812]
2019-08-21 19:23:56,692 | INFO  | DNAudit | user=null | ip=null | op=WRITE_CHUNK {blockData=conID: 2 locID: 102656601978044827 bcsId: 0} | ret=SUCCESS |  
2019-08-21 19:23:56,695 | INFO  | DNAudit | user=null | ip=null | op=WRITE_CHUNK {blockData=conID: 2 locID: 102656601978044827 bcsId: 0} | ret=SUCCESS |  
2019-08-21 19:23:56,696 | INFO  | DNAudit | user=null | ip=null | op=WRITE_CHUNK {blockData=conID: 2 locID: 102656601978044827 bcsId: 0} | ret=SUCCESS |  
2019-08-21 19:23:56,696 | INFO  | DNAudit | user=null | ip=null | op=WRITE_CHUNK {blockData=conID: 2 locID: 102656601978044827 bcsId: 0} | ret=SUCCESS |  
2019-08-21 19:23:56,700 | INFO  | DNAudit | user=null | ip=null | op=WRITE_CHUNK {blockData=conID: 2 locID: 102656601978044827 bcsId: 0} | ret=SUCCESS |  
2019-08-21 19:23:56,700 | INFO  | DNAudit | user=null | ip=null | op=WRITE_CHUNK {blockData=conID: 2 locID: 102656601978044827 bcsId: 0} | ret=SUCCESS |  
2019-08-21 19:23:56,708 | INFO  | DNAudit | user=null | ip=null | op=WRITE_CHUNK {blockData=conID: 2 locID: 102656601978044827 bcsId: 0} | ret=SUCCESS |  
2019-08-21 19:23:56,708 | INFO  | DNAudit | user=null | ip=null | op=PUT_BLOCK {blockData=[blockId=conID: 2 locID: 102656601978044827 bcsId: 0,size=1048576]} | ret=SUCCESS |  
2019-08-21 19:23:56,709 | INFO  | DNAudit | user=null | ip=null | op=WRITE_CHUNK {blockData=conID: 2 locID: 102656601978044827 bcsId: 0} | ret=SUCCESS |  
2019-08-21 19:23:56,709 [grpc-default-executor-5] INFO  client.GrpcClientProtocolClient (GrpcClientProtocolClient.java:onNext(255)) - client-DA9582518C67->1df8bd03-73ef-4b9c-8622-5dc9d0e29c31: receive RaftClientReply:client-DA9582518C67->1df8bd03-73ef-4b9c-8622-5dc9d0e29c31@group-F45402591F47, cid=679, SUCCESS, logIndex=815, commits[1df8bd03-73ef-4b9c-8622-5dc9d0e29c31:c817, 12aca755-ada5-42df-801b-c61f99d8e8b8:c814, a308b8bf-0324-43a1-a87f-1e10a96e3042:c814]
2019-08-21 19:23:56,709 | INFO  | DNAudit | user=null | ip=null | op=PUT_BLOCK {blockData=[blockId=conID: 2 locID: 102656601978044827 bcsId: 0,size=2097152]} | ret=SUCCESS |  
2019-08-21 19:23:56,710 [grpc-default-executor-5] INFO  client.GrpcClientProtocolClient (GrpcClientProtocolClient.java:onNext(255)) - client-DA9582518C67->1df8bd03-73ef-4b9c-8622-5dc9d0e29c31: receive RaftClientReply:client-DA9582518C67->1df8bd03-73ef-4b9c-8622-5dc9d0e29c31@group-F45402591F47, cid=680, SUCCESS, logIndex=816, commits[1df8bd03-73ef-4b9c-8622-5dc9d0e29c31:c818, 12aca755-ada5-42df-801b-c61f99d8e8b8:c814, a308b8bf-0324-43a1-a87f-1e10a96e3042:c814]
2019-08-21 19:23:56,710 [grpc-default-executor-5] INFO  client.GrpcClientProtocolClient (GrpcClientProtocolClient.java:onNext(255)) - client-DA9582518C67->1df8bd03-73ef-4b9c-8622-5dc9d0e29c31: receive RaftClientReply:client-DA9582518C67->1df8bd03-73ef-4b9c-8622-5dc9d0e29c31@group-F45402591F47, cid=681, SUCCESS, logIndex=817, commits[1df8bd03-73ef-4b9c-8622-5dc9d0e29c31:c818, 12aca755-ada5-42df-801b-c61f99d8e8b8:c814, a308b8bf-0324-43a1-a87f-1e10a96e3042:c814]
2019-08-21 19:23:56,710 [grpc-default-executor-5] INFO  client.GrpcClientProtocolClient (GrpcClientProtocolClient.java:onNext(255)) - client-DA9582518C67->1df8bd03-73ef-4b9c-8622-5dc9d0e29c31: receive RaftClientReply:client-DA9582518C67->1df8bd03-73ef-4b9c-8622-5dc9d0e29c31@group-F45402591F47, cid=682, SUCCESS, logIndex=818, commits[1df8bd03-73ef-4b9c-8622-5dc9d0e29c31:c818, 12aca755-ada5-42df-801b-c61f99d8e8b8:c814, a308b8bf-0324-43a1-a87f-1e10a96e3042:c814]
2019-08-21 19:23:56,711 | INFO  | DNAudit | user=null | ip=null | op=WRITE_CHUNK {blockData=conID: 2 locID: 102656601978044827 bcsId: 0} | ret=SUCCESS |  
2019-08-21 19:23:56,711 | INFO  | DNAudit | user=null | ip=null | op=WRITE_CHUNK {blockData=conID: 2 locID: 102656601978044827 bcsId: 0} | ret=SUCCESS |  
2019-08-21 19:23:56,711 | INFO  | DNAudit | user=null | ip=null | op=PUT_BLOCK {blockData=[blockId=conID: 2 locID: 102656601978044827 bcsId: 0,size=1048576]} | ret=SUCCESS |  
2019-08-21 19:23:56,711 | INFO  | DNAudit | user=null | ip=null | op=PUT_BLOCK {blockData=[blockId=conID: 2 locID: 102656601978044827 bcsId: 0,size=1048576]} | ret=SUCCESS |  
2019-08-21 19:23:56,712 [grpc-default-executor-6] INFO  client.GrpcClientProtocolClient (GrpcClientProtocolClient.java:onNext(255)) - client-DA9582518C67->1df8bd03-73ef-4b9c-8622-5dc9d0e29c31: receive RaftClientReply:client-DA9582518C67->1df8bd03-73ef-4b9c-8622-5dc9d0e29c31@group-F45402591F47, cid=683, SUCCESS, logIndex=0, commits[1df8bd03-73ef-4b9c-8622-5dc9d0e29c31:c819, 12aca755-ada5-42df-801b-c61f99d8e8b8:c816, a308b8bf-0324-43a1-a87f-1e10a96e3042:c816]
2019-08-21 19:23:56,719 | INFO  | DNAudit | user=null | ip=null | op=WRITE_CHUNK {blockData=conID: 2 locID: 102656601978044827 bcsId: 818} | ret=SUCCESS |  
2019-08-21 19:23:56,723 | INFO  | DNAudit | user=null | ip=null | op=WRITE_CHUNK {blockData=conID: 2 locID: 102656601978044827 bcsId: 0} | ret=SUCCESS |  
2019-08-21 19:23:56,723 | INFO  | DNAudit | user=null | ip=null | op=WRITE_CHUNK {blockData=conID: 2 locID: 102656601978044827 bcsId: 0} | ret=SUCCESS |  
2019-08-21 19:23:56,723 | INFO  | DNAudit | user=null | ip=null | op=PUT_BLOCK {blockData=[blockId=conID: 2 locID: 102656601978044827 bcsId: 0,size=2097152]} | ret=SUCCESS |  
2019-08-21 19:23:56,723 | INFO  | DNAudit | user=null | ip=null | op=PUT_BLOCK {blockData=[blockId=conID: 2 locID: 102656601978044827 bcsId: 0,size=2097152]} | ret=SUCCESS |  
2019-08-21 19:23:56,727 | INFO  | DNAudit | user=null | ip=null | op=WRITE_CHUNK {blockData=conID: 2 locID: 102656601978044827 bcsId: 818} | ret=SUCCESS |  
2019-08-21 19:23:56,727 | INFO  | DNAudit | user=null | ip=null | op=WRITE_CHUNK {blockData=conID: 2 locID: 102656601978044827 bcsId: 818} | ret=SUCCESS |  
2019-08-21 19:23:56,739 | INFO  | DNAudit | user=null | ip=null | op=WRITE_CHUNK {blockData=conID: 2 locID: 102656601978044827 bcsId: 818} | ret=SUCCESS |  
2019-08-21 19:23:56,740 | INFO  | DNAudit | user=null | ip=null | op=PUT_BLOCK {blockData=[blockId=conID: 2 locID: 102656601978044827 bcsId: 0,size=3145728]} | ret=SUCCESS |  
2019-08-21 19:23:56,740 [grpc-default-executor-5] INFO  client.GrpcClientProtocolClient (GrpcClientProtocolClient.java:onNext(255)) - client-DA9582518C67->1df8bd03-73ef-4b9c-8622-5dc9d0e29c31: receive RaftClientReply:client-DA9582518C67->1df8bd03-73ef-4b9c-8622-5dc9d0e29c31@group-F45402591F47, cid=684, SUCCESS, logIndex=823, commits[1df8bd03-73ef-4b9c-8622-5dc9d0e29c31:c824, 12aca755-ada5-42df-801b-c61f99d8e8b8:c819, a308b8bf-0324-43a1-a87f-1e10a96e3042:c819]
2019-08-21 19:23:56,740 [grpc-default-executor-5] INFO  client.GrpcClientProtocolClient (GrpcClientProtocolClient.java:onNext(255)) - client-DA9582518C67->1df8bd03-73ef-4b9c-8622-5dc9d0e29c31: receive RaftClientReply:client-DA9582518C67->1df8bd03-73ef-4b9c-8622-5dc9d0e29c31@group-F45402591F47, cid=685, SUCCESS, logIndex=824, commits[1df8bd03-73ef-4b9c-8622-5dc9d0e29c31:c824, 12aca755-ada5-42df-801b-c61f99d8e8b8:c819, a308b8bf-0324-43a1-a87f-1e10a96e3042:c819]
2019-08-21 19:23:56,748 | INFO  | DNAudit | user=null | ip=null | op=WRITE_CHUNK {blockData=conID: 2 locID: 102656601978044827 bcsId: 824} | ret=SUCCESS |  
2019-08-21 19:23:56,751 | INFO  | DNAudit | user=null | ip=null | op=WRITE_CHUNK {blockData=conID: 2 locID: 102656601978044827 bcsId: 818} | ret=SUCCESS |  
2019-08-21 19:23:56,751 | INFO  | DNAudit | user=null | ip=null | op=WRITE_CHUNK {blockData=conID: 2 locID: 102656601978044827 bcsId: 818} | ret=SUCCESS |  
2019-08-21 19:23:56,751 | INFO  | DNAudit | user=null | ip=null | op=PUT_BLOCK {blockData=[blockId=conID: 2 locID: 102656601978044827 bcsId: 0,size=3145728]} | ret=SUCCESS |  
2019-08-21 19:23:56,752 | INFO  | DNAudit | user=null | ip=null | op=PUT_BLOCK {blockData=[blockId=conID: 2 locID: 102656601978044827 bcsId: 0,size=3145728]} | ret=SUCCESS |  
2019-08-21 19:23:56,753 | INFO  | DNAudit | user=null | ip=null | op=WRITE_CHUNK {blockData=conID: 2 locID: 102656601978044827 bcsId: 824} | ret=SUCCESS |  
2019-08-21 19:23:56,753 | INFO  | DNAudit | user=null | ip=null | op=WRITE_CHUNK {blockData=conID: 2 locID: 102656601978044827 bcsId: 824} | ret=SUCCESS |  
2019-08-21 19:23:56,764 | INFO  | DNAudit | user=null | ip=null | op=WRITE_CHUNK {blockData=conID: 2 locID: 102656601978044827 bcsId: 824} | ret=SUCCESS |  
2019-08-21 19:23:56,764 | INFO  | DNAudit | user=null | ip=null | op=PUT_BLOCK {blockData=[blockId=conID: 2 locID: 102656601978044827 bcsId: 0,size=4194304]} | ret=SUCCESS |  
2019-08-21 19:23:56,765 [grpc-default-executor-2] INFO  client.GrpcClientProtocolClient (GrpcClientProtocolClient.java:onNext(255)) - client-DA9582518C67->1df8bd03-73ef-4b9c-8622-5dc9d0e29c31: receive RaftClientReply:client-DA9582518C67->1df8bd03-73ef-4b9c-8622-5dc9d0e29c31@group-F45402591F47, cid=686, SUCCESS, logIndex=827, commits[1df8bd03-73ef-4b9c-8622-5dc9d0e29c31:c828, 12aca755-ada5-42df-801b-c61f99d8e8b8:c824, a308b8bf-0324-43a1-a87f-1e10a96e3042:c824]
2019-08-21 19:23:56,765 [grpc-default-executor-2] INFO  client.GrpcClientProtocolClient (GrpcClientProtocolClient.java:onNext(255)) - client-DA9582518C67->1df8bd03-73ef-4b9c-8622-5dc9d0e29c31: receive RaftClientReply:client-DA9582518C67->1df8bd03-73ef-4b9c-8622-5dc9d0e29c31@group-F45402591F47, cid=687, SUCCESS, logIndex=828, commits[1df8bd03-73ef-4b9c-8622-5dc9d0e29c31:c828, 12aca755-ada5-42df-801b-c61f99d8e8b8:c824, a308b8bf-0324-43a1-a87f-1e10a96e3042:c824]
2019-08-21 19:23:56,773 | INFO  | DNAudit | user=null | ip=null | op=WRITE_CHUNK {blockData=conID: 2 locID: 102656601978044827 bcsId: 824} | ret=SUCCESS |  
2019-08-21 19:23:56,773 | INFO  | DNAudit | user=null | ip=null | op=WRITE_CHUNK {blockData=conID: 2 locID: 102656601978044827 bcsId: 824} | ret=SUCCESS |  
2019-08-21 19:23:56,774 | INFO  | DNAudit | user=null | ip=null | op=PUT_BLOCK {blockData=[blockId=conID: 2 locID: 102656601978044827 bcsId: 0,size=4194304]} | ret=SUCCESS |  
2019-08-21 19:23:56,774 | INFO  | DNAudit | user=null | ip=null | op=PUT_BLOCK {blockData=[blockId=conID: 2 locID: 102656601978044827 bcsId: 0,size=4194304]} | ret=SUCCESS |  
2019-08-21 19:23:56,774 [grpc-default-executor-2] INFO  client.GrpcClientProtocolClient (GrpcClientProtocolClient.java:onNext(255)) - client-DA9582518C67->1df8bd03-73ef-4b9c-8622-5dc9d0e29c31: receive RaftClientReply:client-DA9582518C67->1df8bd03-73ef-4b9c-8622-5dc9d0e29c31@group-F45402591F47, cid=688, SUCCESS, logIndex=0, commits[1df8bd03-73ef-4b9c-8622-5dc9d0e29c31:c828, 12aca755-ada5-42df-801b-c61f99d8e8b8:c828, a308b8bf-0324-43a1-a87f-1e10a96e3042:c828]
2019-08-21 19:23:56,783 | INFO  | DNAudit | user=null | ip=null | op=WRITE_CHUNK {blockData=conID: 3 locID: 102656601978044828 bcsId: 0} | ret=SUCCESS |  
2019-08-21 19:23:56,786 | INFO  | DNAudit | user=null | ip=null | op=WRITE_CHUNK {blockData=conID: 3 locID: 102656601978044828 bcsId: 0} | ret=SUCCESS |  
2019-08-21 19:23:56,786 | INFO  | DNAudit | user=null | ip=null | op=WRITE_CHUNK {blockData=conID: 3 locID: 102656601978044828 bcsId: 0} | ret=SUCCESS |  
2019-08-21 19:23:56,788 | INFO  | DNAudit | user=null | ip=null | op=WRITE_CHUNK {blockData=conID: 3 locID: 102656601978044828 bcsId: 0} | ret=SUCCESS |  
2019-08-21 19:23:56,790 | INFO  | DNAudit | user=null | ip=null | op=WRITE_CHUNK {blockData=conID: 3 locID: 102656601978044828 bcsId: 0} | ret=SUCCESS |  
2019-08-21 19:23:56,790 | INFO  | DNAudit | user=null | ip=null | op=WRITE_CHUNK {blockData=conID: 3 locID: 102656601978044828 bcsId: 0} | ret=SUCCESS |  
2019-08-21 19:23:56,815 | INFO  | DNAudit | user=null | ip=null | op=WRITE_CHUNK {blockData=conID: 3 locID: 102656601978044828 bcsId: 0} | ret=SUCCESS |  
2019-08-21 19:23:56,816 | INFO  | DNAudit | user=null | ip=null | op=PUT_BLOCK {blockData=[blockId=conID: 3 locID: 102656601978044828 bcsId: 0,size=1048576]} | ret=SUCCESS |  
2019-08-21 19:23:56,816 [grpc-default-executor-6] INFO  client.GrpcClientProtocolClient (GrpcClientProtocolClient.java:onNext(255)) - client-DA9582518C67->1df8bd03-73ef-4b9c-8622-5dc9d0e29c31: receive RaftClientReply:client-DA9582518C67->1df8bd03-73ef-4b9c-8622-5dc9d0e29c31@group-F45402591F47, cid=689, SUCCESS, logIndex=831, commits[1df8bd03-73ef-4b9c-8622-5dc9d0e29c31:c832, 12aca755-ada5-42df-801b-c61f99d8e8b8:c829, a308b8bf-0324-43a1-a87f-1e10a96e3042:c829]
2019-08-21 19:23:56,817 [grpc-default-executor-6] INFO  client.GrpcClientProtocolClient (GrpcClientProtocolClient.java:onNext(255)) - client-DA9582518C67->1df8bd03-73ef-4b9c-8622-5dc9d0e29c31: receive RaftClientReply:client-DA9582518C67->1df8bd03-73ef-4b9c-8622-5dc9d0e29c31@group-F45402591F47, cid=690, SUCCESS, logIndex=832, commits[1df8bd03-73ef-4b9c-8622-5dc9d0e29c31:c832, 12aca755-ada5-42df-801b-c61f99d8e8b8:c829, a308b8bf-0324-43a1-a87f-1e10a96e3042:c829]
2019-08-21 19:23:56,818 | INFO  | DNAudit | user=null | ip=null | op=WRITE_CHUNK {blockData=conID: 3 locID: 102656601978044828 bcsId: 0} | ret=SUCCESS |  
2019-08-21 19:23:56,818 | INFO  | DNAudit | user=null | ip=null | op=PUT_BLOCK {blockData=[blockId=conID: 3 locID: 102656601978044828 bcsId: 0,size=2097152]} | ret=SUCCESS |  
2019-08-21 19:23:56,818 [grpc-default-executor-6] INFO  client.GrpcClientProtocolClient (GrpcClientProtocolClient.java:onNext(255)) - client-DA9582518C67->1df8bd03-73ef-4b9c-8622-5dc9d0e29c31: receive RaftClientReply:client-DA9582518C67->1df8bd03-73ef-4b9c-8622-5dc9d0e29c31@group-F45402591F47, cid=691, SUCCESS, logIndex=833, commits[1df8bd03-73ef-4b9c-8622-5dc9d0e29c31:c834, 12aca755-ada5-42df-801b-c61f99d8e8b8:c830, a308b8bf-0324-43a1-a87f-1e10a96e3042:c830]
2019-08-21 19:23:56,819 [grpc-default-executor-6] INFO  client.GrpcClientProtocolClient (GrpcClientProtocolClient.java:onNext(255)) - client-DA9582518C67->1df8bd03-73ef-4b9c-8622-5dc9d0e29c31: receive RaftClientReply:client-DA9582518C67->1df8bd03-73ef-4b9c-8622-5dc9d0e29c31@group-F45402591F47, cid=692, SUCCESS, logIndex=834, commits[1df8bd03-73ef-4b9c-8622-5dc9d0e29c31:c834, 12aca755-ada5-42df-801b-c61f99d8e8b8:c830, a308b8bf-0324-43a1-a87f-1e10a96e3042:c830]
2019-08-21 19:23:56,829 | INFO  | DNAudit | user=null | ip=null | op=WRITE_CHUNK {blockData=conID: 3 locID: 102656601978044828 bcsId: 0} | ret=SUCCESS |  
2019-08-21 19:23:56,829 | INFO  | DNAudit | user=null | ip=null | op=WRITE_CHUNK {blockData=conID: 3 locID: 102656601978044828 bcsId: 0} | ret=SUCCESS |  
2019-08-21 19:23:56,830 | INFO  | DNAudit | user=null | ip=null | op=PUT_BLOCK {blockData=[blockId=conID: 3 locID: 102656601978044828 bcsId: 0,size=1048576]} | ret=SUCCESS |  
2019-08-21 19:23:56,830 | INFO  | DNAudit | user=null | ip=null | op=PUT_BLOCK {blockData=[blockId=conID: 3 locID: 102656601978044828 bcsId: 0,size=1048576]} | ret=SUCCESS |  
2019-08-21 19:23:56,830 | INFO  | DNAudit | user=null | ip=null | op=WRITE_CHUNK {blockData=conID: 3 locID: 102656601978044828 bcsId: 0} | ret=SUCCESS |  
2019-08-21 19:23:56,831 | INFO  | DNAudit | user=null | ip=null | op=PUT_BLOCK {blockData=[blockId=conID: 3 locID: 102656601978044828 bcsId: 0,size=2097152]} | ret=SUCCESS |  
2019-08-21 19:23:56,831 [grpc-default-executor-5] INFO  client.GrpcClientProtocolClient (GrpcClientProtocolClient.java:onNext(255)) - client-DA9582518C67->1df8bd03-73ef-4b9c-8622-5dc9d0e29c31: receive RaftClientReply:client-DA9582518C67->1df8bd03-73ef-4b9c-8622-5dc9d0e29c31@group-F45402591F47, cid=693, SUCCESS, logIndex=0, commits[1df8bd03-73ef-4b9c-8622-5dc9d0e29c31:c836, 12aca755-ada5-42df-801b-c61f99d8e8b8:c832, a308b8bf-0324-43a1-a87f-1e10a96e3042:c832]
2019-08-21 19:23:56,831 | INFO  | DNAudit | user=null | ip=null | op=WRITE_CHUNK {blockData=conID: 3 locID: 102656601978044828 bcsId: 0} | ret=SUCCESS |  
2019-08-21 19:23:56,832 | INFO  | DNAudit | user=null | ip=null | op=PUT_BLOCK {blockData=[blockId=conID: 3 locID: 102656601978044828 bcsId: 0,size=2097152]} | ret=SUCCESS |  
2019-08-21 19:23:56,839 | INFO  | DNAudit | user=null | ip=null | op=WRITE_CHUNK {blockData=conID: 3 locID: 102656601978044828 bcsId: 834} | ret=SUCCESS |  
2019-08-21 19:23:56,843 | INFO  | DNAudit | user=null | ip=null | op=WRITE_CHUNK {blockData=conID: 3 locID: 102656601978044828 bcsId: 834} | ret=SUCCESS |  
2019-08-21 19:23:56,843 | INFO  | DNAudit | user=null | ip=null | op=WRITE_CHUNK {blockData=conID: 3 locID: 102656601978044828 bcsId: 834} | ret=SUCCESS |  
2019-08-21 19:23:56,850 | INFO  | DNAudit | user=null | ip=null | op=WRITE_CHUNK {blockData=conID: 3 locID: 102656601978044828 bcsId: 834} | ret=SUCCESS |  
2019-08-21 19:23:56,850 | INFO  | DNAudit | user=null | ip=null | op=PUT_BLOCK {blockData=[blockId=conID: 3 locID: 102656601978044828 bcsId: 0,size=3145728]} | ret=SUCCESS |  
2019-08-21 19:23:56,851 [grpc-default-executor-5] INFO  client.GrpcClientProtocolClient (GrpcClientProtocolClient.java:onNext(255)) - client-DA9582518C67->1df8bd03-73ef-4b9c-8622-5dc9d0e29c31: receive RaftClientReply:client-DA9582518C67->1df8bd03-73ef-4b9c-8622-5dc9d0e29c31@group-F45402591F47, cid=694, SUCCESS, logIndex=839, commits[1df8bd03-73ef-4b9c-8622-5dc9d0e29c31:c840, 12aca755-ada5-42df-801b-c61f99d8e8b8:c838, a308b8bf-0324-43a1-a87f-1e10a96e3042:c838]
2019-08-21 19:23:56,851 [grpc-default-executor-5] INFO  client.GrpcClientProtocolClient (GrpcClientProtocolClient.java:onNext(255)) - client-DA9582518C67->1df8bd03-73ef-4b9c-8622-5dc9d0e29c31: receive RaftClientReply:client-DA9582518C67->1df8bd03-73ef-4b9c-8622-5dc9d0e29c31@group-F45402591F47, cid=695, SUCCESS, logIndex=840, commits[1df8bd03-73ef-4b9c-8622-5dc9d0e29c31:c840, 12aca755-ada5-42df-801b-c61f99d8e8b8:c838, a308b8bf-0324-43a1-a87f-1e10a96e3042:c838]
2019-08-21 19:23:56,859 | INFO  | DNAudit | user=null | ip=null | op=WRITE_CHUNK {blockData=conID: 3 locID: 102656601978044828 bcsId: 840} | ret=SUCCESS |  
2019-08-21 19:23:56,861 | INFO  | DNAudit | user=null | ip=null | op=WRITE_CHUNK {blockData=conID: 3 locID: 102656601978044828 bcsId: 834} | ret=SUCCESS |  
2019-08-21 19:23:56,861 | INFO  | DNAudit | user=null | ip=null | op=WRITE_CHUNK {blockData=conID: 3 locID: 102656601978044828 bcsId: 834} | ret=SUCCESS |  
2019-08-21 19:23:56,862 | INFO  | DNAudit | user=null | ip=null | op=PUT_BLOCK {blockData=[blockId=conID: 3 locID: 102656601978044828 bcsId: 0,size=3145728]} | ret=SUCCESS |  
2019-08-21 19:23:56,862 | INFO  | DNAudit | user=null | ip=null | op=PUT_BLOCK {blockData=[blockId=conID: 3 locID: 102656601978044828 bcsId: 0,size=3145728]} | ret=SUCCESS |  
2019-08-21 19:23:56,864 | INFO  | DNAudit | user=null | ip=null | op=WRITE_CHUNK {blockData=conID: 3 locID: 102656601978044828 bcsId: 840} | ret=SUCCESS |  
2019-08-21 19:23:56,864 | INFO  | DNAudit | user=null | ip=null | op=WRITE_CHUNK {blockData=conID: 3 locID: 102656601978044828 bcsId: 840} | ret=SUCCESS |  
2019-08-21 19:23:56,877 | INFO  | DNAudit | user=null | ip=null | op=WRITE_CHUNK {blockData=conID: 3 locID: 102656601978044828 bcsId: 840} | ret=SUCCESS |  
2019-08-21 19:23:56,878 | INFO  | DNAudit | user=null | ip=null | op=PUT_BLOCK {blockData=[blockId=conID: 3 locID: 102656601978044828 bcsId: 0,size=4194304]} | ret=SUCCESS |  
2019-08-21 19:23:56,879 [grpc-default-executor-6] INFO  client.GrpcClientProtocolClient (GrpcClientProtocolClient.java:onNext(255)) - client-DA9582518C67->1df8bd03-73ef-4b9c-8622-5dc9d0e29c31: receive RaftClientReply:client-DA9582518C67->1df8bd03-73ef-4b9c-8622-5dc9d0e29c31@group-F45402591F47, cid=696, SUCCESS, logIndex=843, commits[1df8bd03-73ef-4b9c-8622-5dc9d0e29c31:c844, 12aca755-ada5-42df-801b-c61f99d8e8b8:c840, a308b8bf-0324-43a1-a87f-1e10a96e3042:c840]
2019-08-21 19:23:56,879 [grpc-default-executor-6] INFO  client.GrpcClientProtocolClient (GrpcClientProtocolClient.java:onNext(255)) - client-DA9582518C67->1df8bd03-73ef-4b9c-8622-5dc9d0e29c31: receive RaftClientReply:client-DA9582518C67->1df8bd03-73ef-4b9c-8622-5dc9d0e29c31@group-F45402591F47, cid=697, SUCCESS, logIndex=844, commits[1df8bd03-73ef-4b9c-8622-5dc9d0e29c31:c844, 12aca755-ada5-42df-801b-c61f99d8e8b8:c840, a308b8bf-0324-43a1-a87f-1e10a96e3042:c840]
2019-08-21 19:23:56,890 | INFO  | DNAudit | user=null | ip=null | op=WRITE_CHUNK {blockData=conID: 3 locID: 102656601978044828 bcsId: 840} | ret=SUCCESS |  
2019-08-21 19:23:56,890 | INFO  | DNAudit | user=null | ip=null | op=WRITE_CHUNK {blockData=conID: 3 locID: 102656601978044828 bcsId: 840} | ret=SUCCESS |  
2019-08-21 19:23:56,890 | INFO  | DNAudit | user=null | ip=null | op=PUT_BLOCK {blockData=[blockId=conID: 3 locID: 102656601978044828 bcsId: 0,size=4194304]} | ret=SUCCESS |  
2019-08-21 19:23:56,890 | INFO  | DNAudit | user=null | ip=null | op=PUT_BLOCK {blockData=[blockId=conID: 3 locID: 102656601978044828 bcsId: 0,size=4194304]} | ret=SUCCESS |  
2019-08-21 19:23:56,892 [grpc-default-executor-6] INFO  client.GrpcClientProtocolClient (GrpcClientProtocolClient.java:onNext(255)) - client-DA9582518C67->1df8bd03-73ef-4b9c-8622-5dc9d0e29c31: receive RaftClientReply:client-DA9582518C67->1df8bd03-73ef-4b9c-8622-5dc9d0e29c31@group-F45402591F47, cid=698, SUCCESS, logIndex=0, commits[1df8bd03-73ef-4b9c-8622-5dc9d0e29c31:c845, 12aca755-ada5-42df-801b-c61f99d8e8b8:c844, a308b8bf-0324-43a1-a87f-1e10a96e3042:c844]
2019-08-21 19:23:56,900 | INFO  | DNAudit | user=null | ip=null | op=WRITE_CHUNK {blockData=conID: 1 locID: 102656601978044829 bcsId: 0} | ret=SUCCESS |  
2019-08-21 19:23:56,905 | INFO  | DNAudit | user=null | ip=null | op=WRITE_CHUNK {blockData=conID: 1 locID: 102656601978044829 bcsId: 0} | ret=SUCCESS |  
2019-08-21 19:23:56,905 | INFO  | DNAudit | user=null | ip=null | op=WRITE_CHUNK {blockData=conID: 1 locID: 102656601978044829 bcsId: 0} | ret=SUCCESS |  
2019-08-21 19:23:56,905 | INFO  | DNAudit | user=null | ip=null | op=WRITE_CHUNK {blockData=conID: 1 locID: 102656601978044829 bcsId: 0} | ret=SUCCESS |  
2019-08-21 19:23:56,909 | INFO  | DNAudit | user=null | ip=null | op=WRITE_CHUNK {blockData=conID: 1 locID: 102656601978044829 bcsId: 0} | ret=SUCCESS |  
2019-08-21 19:23:56,909 | INFO  | DNAudit | user=null | ip=null | op=WRITE_CHUNK {blockData=conID: 1 locID: 102656601978044829 bcsId: 0} | ret=SUCCESS |  
2019-08-21 19:23:56,914 | INFO  | DNAudit | user=null | ip=null | op=WRITE_CHUNK {blockData=conID: 1 locID: 102656601978044829 bcsId: 0} | ret=SUCCESS |  
2019-08-21 19:23:56,915 | INFO  | DNAudit | user=null | ip=null | op=PUT_BLOCK {blockData=[blockId=conID: 1 locID: 102656601978044829 bcsId: 0,size=1048576]} | ret=SUCCESS |  
2019-08-21 19:23:56,915 | INFO  | DNAudit | user=null | ip=null | op=WRITE_CHUNK {blockData=conID: 1 locID: 102656601978044829 bcsId: 0} | ret=SUCCESS |  
2019-08-21 19:23:56,915 | INFO  | DNAudit | user=null | ip=null | op=WRITE_CHUNK {blockData=conID: 1 locID: 102656601978044829 bcsId: 0} | ret=SUCCESS |  
2019-08-21 19:23:56,915 | INFO  | DNAudit | user=null | ip=null | op=WRITE_CHUNK {blockData=conID: 1 locID: 102656601978044829 bcsId: 0} | ret=SUCCESS |  
2019-08-21 19:23:56,915 | INFO  | DNAudit | user=null | ip=null | op=PUT_BLOCK {blockData=[blockId=conID: 1 locID: 102656601978044829 bcsId: 0,size=1048576]} | ret=SUCCESS |  
2019-08-21 19:23:56,915 [grpc-default-executor-6] INFO  client.GrpcClientProtocolClient (GrpcClientProtocolClient.java:onNext(255)) - client-DA9582518C67->1df8bd03-73ef-4b9c-8622-5dc9d0e29c31: receive RaftClientReply:client-DA9582518C67->1df8bd03-73ef-4b9c-8622-5dc9d0e29c31@group-F45402591F47, cid=699, SUCCESS, logIndex=847, commits[1df8bd03-73ef-4b9c-8622-5dc9d0e29c31:c848, 12aca755-ada5-42df-801b-c61f99d8e8b8:c846, a308b8bf-0324-43a1-a87f-1e10a96e3042:c846]
2019-08-21 19:23:56,915 | INFO  | DNAudit | user=null | ip=null | op=PUT_BLOCK {blockData=[blockId=conID: 1 locID: 102656601978044829 bcsId: 0,size=1048576]} | ret=SUCCESS |  
2019-08-21 19:23:56,916 | INFO  | DNAudit | user=null | ip=null | op=PUT_BLOCK {blockData=[blockId=conID: 1 locID: 102656601978044829 bcsId: 0,size=2097152]} | ret=SUCCESS |  
2019-08-21 19:23:56,916 [grpc-default-executor-6] INFO  client.GrpcClientProtocolClient (GrpcClientProtocolClient.java:onNext(255)) - client-DA9582518C67->1df8bd03-73ef-4b9c-8622-5dc9d0e29c31: receive RaftClientReply:client-DA9582518C67->1df8bd03-73ef-4b9c-8622-5dc9d0e29c31@group-F45402591F47, cid=700, SUCCESS, logIndex=848, commits[1df8bd03-73ef-4b9c-8622-5dc9d0e29c31:c850, 12aca755-ada5-42df-801b-c61f99d8e8b8:c846, a308b8bf-0324-43a1-a87f-1e10a96e3042:c846]
2019-08-21 19:23:56,916 | INFO  | DNAudit | user=null | ip=null | op=WRITE_CHUNK {blockData=conID: 1 locID: 102656601978044829 bcsId: 0} | ret=SUCCESS |  
2019-08-21 19:23:56,917 | INFO  | DNAudit | user=null | ip=null | op=PUT_BLOCK {blockData=[blockId=conID: 1 locID: 102656601978044829 bcsId: 0,size=2097152]} | ret=SUCCESS |  
2019-08-21 19:23:56,917 | INFO  | DNAudit | user=null | ip=null | op=WRITE_CHUNK {blockData=conID: 1 locID: 102656601978044829 bcsId: 0} | ret=SUCCESS |  
2019-08-21 19:23:56,917 | INFO  | DNAudit | user=null | ip=null | op=PUT_BLOCK {blockData=[blockId=conID: 1 locID: 102656601978044829 bcsId: 0,size=2097152]} | ret=SUCCESS |  
2019-08-21 19:23:56,917 [grpc-default-executor-6] INFO  client.GrpcClientProtocolClient (GrpcClientProtocolClient.java:onNext(255)) - client-DA9582518C67->1df8bd03-73ef-4b9c-8622-5dc9d0e29c31: receive RaftClientReply:client-DA9582518C67->1df8bd03-73ef-4b9c-8622-5dc9d0e29c31@group-F45402591F47, cid=701, SUCCESS, logIndex=849, commits[1df8bd03-73ef-4b9c-8622-5dc9d0e29c31:c850, 12aca755-ada5-42df-801b-c61f99d8e8b8:c846, a308b8bf-0324-43a1-a87f-1e10a96e3042:c846]
2019-08-21 19:23:56,918 [grpc-default-executor-5] INFO  client.GrpcClientProtocolClient (GrpcClientProtocolClient.java:onNext(255)) - client-DA9582518C67->1df8bd03-73ef-4b9c-8622-5dc9d0e29c31: receive RaftClientReply:client-DA9582518C67->1df8bd03-73ef-4b9c-8622-5dc9d0e29c31@group-F45402591F47, cid=702, SUCCESS, logIndex=850, commits[1df8bd03-73ef-4b9c-8622-5dc9d0e29c31:c851, 12aca755-ada5-42df-801b-c61f99d8e8b8:c848, a308b8bf-0324-43a1-a87f-1e10a96e3042:c846]
2019-08-21 19:23:56,919 [grpc-default-executor-5] INFO  client.GrpcClientProtocolClient (GrpcClientProtocolClient.java:onNext(255)) - client-DA9582518C67->1df8bd03-73ef-4b9c-8622-5dc9d0e29c31: receive RaftClientReply:client-DA9582518C67->1df8bd03-73ef-4b9c-8622-5dc9d0e29c31@group-F45402591F47, cid=703, SUCCESS, logIndex=0, commits[1df8bd03-73ef-4b9c-8622-5dc9d0e29c31:c854, 12aca755-ada5-42df-801b-c61f99d8e8b8:c850, a308b8bf-0324-43a1-a87f-1e10a96e3042:c850]
2019-08-21 19:23:56,928 | INFO  | DNAudit | user=null | ip=null | op=WRITE_CHUNK {blockData=conID: 1 locID: 102656601978044829 bcsId: 850} | ret=SUCCESS |  
2019-08-21 19:23:56,932 | INFO  | DNAudit | user=null | ip=null | op=WRITE_CHUNK {blockData=conID: 1 locID: 102656601978044829 bcsId: 850} | ret=SUCCESS |  
2019-08-21 19:23:56,932 | INFO  | DNAudit | user=null | ip=null | op=WRITE_CHUNK {blockData=conID: 1 locID: 102656601978044829 bcsId: 850} | ret=SUCCESS |  
2019-08-21 19:23:56,942 | INFO  | DNAudit | user=null | ip=null | op=WRITE_CHUNK {blockData=conID: 1 locID: 102656601978044829 bcsId: 850} | ret=SUCCESS |  
2019-08-21 19:23:56,943 | INFO  | DNAudit | user=null | ip=null | op=PUT_BLOCK {blockData=[blockId=conID: 1 locID: 102656601978044829 bcsId: 0,size=3145728]} | ret=SUCCESS |  
2019-08-21 19:23:56,943 [grpc-default-executor-5] INFO  client.GrpcClientProtocolClient (GrpcClientProtocolClient.java:onNext(255)) - client-DA9582518C67->1df8bd03-73ef-4b9c-8622-5dc9d0e29c31: receive RaftClientReply:client-DA9582518C67->1df8bd03-73ef-4b9c-8622-5dc9d0e29c31@group-F45402591F47, cid=704, SUCCESS, logIndex=855, commits[1df8bd03-73ef-4b9c-8622-5dc9d0e29c31:c856, 12aca755-ada5-42df-801b-c61f99d8e8b8:c854, a308b8bf-0324-43a1-a87f-1e10a96e3042:c854]
2019-08-21 19:23:56,943 [grpc-default-executor-5] INFO  client.GrpcClientProtocolClient (GrpcClientProtocolClient.java:onNext(255)) - client-DA9582518C67->1df8bd03-73ef-4b9c-8622-5dc9d0e29c31: receive RaftClientReply:client-DA9582518C67->1df8bd03-73ef-4b9c-8622-5dc9d0e29c31@group-F45402591F47, cid=705, SUCCESS, logIndex=856, commits[1df8bd03-73ef-4b9c-8622-5dc9d0e29c31:c856, 12aca755-ada5-42df-801b-c61f99d8e8b8:c854, a308b8bf-0324-43a1-a87f-1e10a96e3042:c854]
2019-08-21 19:23:56,945 | INFO  | SCMAudit | user=jenkins1000 | ip=192.168.69.88 | op=SEND_HEARTBEAT {datanodeUUID=1df8bd03-73ef-4b9c-8622-5dc9d0e29c31, command=[]} | ret=SUCCESS |  
2019-08-21 19:23:56,945 | INFO  | SCMAudit | user=jenkins1000 | ip=192.168.69.88 | op=SEND_HEARTBEAT {datanodeUUID=12aca755-ada5-42df-801b-c61f99d8e8b8, command=[]} | ret=SUCCESS |  
2019-08-21 19:23:56,946 | INFO  | SCMAudit | user=jenkins1000 | ip=192.168.69.88 | op=SEND_HEARTBEAT {datanodeUUID=a308b8bf-0324-43a1-a87f-1e10a96e3042, command=[]} | ret=SUCCESS |  
2019-08-21 19:23:56,951 | INFO  | DNAudit | user=null | ip=null | op=WRITE_CHUNK {blockData=conID: 1 locID: 102656601978044829 bcsId: 856} | ret=SUCCESS |  
2019-08-21 19:23:56,954 | INFO  | DNAudit | user=null | ip=null | op=WRITE_CHUNK {blockData=conID: 1 locID: 102656601978044829 bcsId: 850} | ret=SUCCESS |  
2019-08-21 19:23:56,954 | INFO  | DNAudit | user=null | ip=null | op=WRITE_CHUNK {blockData=conID: 1 locID: 102656601978044829 bcsId: 850} | ret=SUCCESS |  
2019-08-21 19:23:56,954 | INFO  | DNAudit | user=null | ip=null | op=PUT_BLOCK {blockData=[blockId=conID: 1 locID: 102656601978044829 bcsId: 0,size=3145728]} | ret=SUCCESS |  
2019-08-21 19:23:56,954 | INFO  | DNAudit | user=null | ip=null | op=PUT_BLOCK {blockData=[blockId=conID: 1 locID: 102656601978044829 bcsId: 0,size=3145728]} | ret=SUCCESS |  
2019-08-21 19:23:56,956 | INFO  | DNAudit | user=null | ip=null | op=WRITE_CHUNK {blockData=conID: 1 locID: 102656601978044829 bcsId: 856} | ret=SUCCESS |  
2019-08-21 19:23:56,956 | INFO  | DNAudit | user=null | ip=null | op=WRITE_CHUNK {blockData=conID: 1 locID: 102656601978044829 bcsId: 856} | ret=SUCCESS |  
2019-08-21 19:23:56,969 | INFO  | DNAudit | user=null | ip=null | op=WRITE_CHUNK {blockData=conID: 1 locID: 102656601978044829 bcsId: 856} | ret=SUCCESS |  
2019-08-21 19:23:56,969 | INFO  | DNAudit | user=null | ip=null | op=PUT_BLOCK {blockData=[blockId=conID: 1 locID: 102656601978044829 bcsId: 0,size=4194304]} | ret=SUCCESS |  
2019-08-21 19:23:56,970 [grpc-default-executor-6] INFO  client.GrpcClientProtocolClient (GrpcClientProtocolClient.java:onNext(255)) - client-DA9582518C67->1df8bd03-73ef-4b9c-8622-5dc9d0e29c31: receive RaftClientReply:client-DA9582518C67->1df8bd03-73ef-4b9c-8622-5dc9d0e29c31@group-F45402591F47, cid=706, SUCCESS, logIndex=859, commits[1df8bd03-73ef-4b9c-8622-5dc9d0e29c31:c860, 12aca755-ada5-42df-801b-c61f99d8e8b8:c856, a308b8bf-0324-43a1-a87f-1e10a96e3042:c856]
2019-08-21 19:23:56,970 [grpc-default-executor-6] INFO  client.GrpcClientProtocolClient (GrpcClientProtocolClient.java:onNext(255)) - client-DA9582518C67->1df8bd03-73ef-4b9c-8622-5dc9d0e29c31: receive RaftClientReply:client-DA9582518C67->1df8bd03-73ef-4b9c-8622-5dc9d0e29c31@group-F45402591F47, cid=707, SUCCESS, logIndex=860, commits[1df8bd03-73ef-4b9c-8622-5dc9d0e29c31:c860, 12aca755-ada5-42df-801b-c61f99d8e8b8:c856, a308b8bf-0324-43a1-a87f-1e10a96e3042:c856]
2019-08-21 19:23:56,981 | INFO  | DNAudit | user=null | ip=null | op=WRITE_CHUNK {blockData=conID: 1 locID: 102656601978044829 bcsId: 856} | ret=SUCCESS |  
2019-08-21 19:23:56,981 | INFO  | DNAudit | user=null | ip=null | op=WRITE_CHUNK {blockData=conID: 1 locID: 102656601978044829 bcsId: 856} | ret=SUCCESS |  
2019-08-21 19:23:56,981 | INFO  | DNAudit | user=null | ip=null | op=PUT_BLOCK {blockData=[blockId=conID: 1 locID: 102656601978044829 bcsId: 0,size=4194304]} | ret=SUCCESS |  
2019-08-21 19:23:56,981 | INFO  | DNAudit | user=null | ip=null | op=PUT_BLOCK {blockData=[blockId=conID: 1 locID: 102656601978044829 bcsId: 0,size=4194304]} | ret=SUCCESS |  
2019-08-21 19:23:56,981 [grpc-default-executor-5] INFO  client.GrpcClientProtocolClient (GrpcClientProtocolClient.java:onNext(255)) - client-DA9582518C67->1df8bd03-73ef-4b9c-8622-5dc9d0e29c31: receive RaftClientReply:client-DA9582518C67->1df8bd03-73ef-4b9c-8622-5dc9d0e29c31@group-F45402591F47, cid=708, SUCCESS, logIndex=0, commits[1df8bd03-73ef-4b9c-8622-5dc9d0e29c31:c861, 12aca755-ada5-42df-801b-c61f99d8e8b8:c860, a308b8bf-0324-43a1-a87f-1e10a96e3042:c860]
2019-08-21 19:23:56,989 | INFO  | DNAudit | user=null | ip=null | op=WRITE_CHUNK {blockData=conID: 2 locID: 102656601978044830 bcsId: 0} | ret=SUCCESS |  
2019-08-21 19:23:56,992 | INFO  | DNAudit | user=null | ip=null | op=WRITE_CHUNK {blockData=conID: 2 locID: 102656601978044830 bcsId: 0} | ret=SUCCESS |  
2019-08-21 19:23:56,993 | INFO  | DNAudit | user=null | ip=null | op=WRITE_CHUNK {blockData=conID: 2 locID: 102656601978044830 bcsId: 0} | ret=SUCCESS |  
2019-08-21 19:23:56,994 | INFO  | DNAudit | user=null | ip=null | op=WRITE_CHUNK {blockData=conID: 2 locID: 102656601978044830 bcsId: 0} | ret=SUCCESS |  
2019-08-21 19:23:56,997 | INFO  | DNAudit | user=null | ip=null | op=WRITE_CHUNK {blockData=conID: 2 locID: 102656601978044830 bcsId: 0} | ret=SUCCESS |  
2019-08-21 19:23:56,997 | INFO  | DNAudit | user=null | ip=null | op=WRITE_CHUNK {blockData=conID: 2 locID: 102656601978044830 bcsId: 0} | ret=SUCCESS |  
2019-08-21 19:23:57,002 | INFO  | DNAudit | user=null | ip=null | op=WRITE_CHUNK {blockData=conID: 2 locID: 102656601978044830 bcsId: 0} | ret=SUCCESS |  
2019-08-21 19:23:57,003 | INFO  | DNAudit | user=null | ip=null | op=PUT_BLOCK {blockData=[blockId=conID: 2 locID: 102656601978044830 bcsId: 0,size=1048576]} | ret=SUCCESS |  
2019-08-21 19:23:57,003 | INFO  | DNAudit | user=null | ip=null | op=WRITE_CHUNK {blockData=conID: 2 locID: 102656601978044830 bcsId: 0} | ret=SUCCESS |  
2019-08-21 19:23:57,004 | INFO  | DNAudit | user=null | ip=null | op=PUT_BLOCK {blockData=[blockId=conID: 2 locID: 102656601978044830 bcsId: 0,size=2097152]} | ret=SUCCESS |  
2019-08-21 19:23:57,004 [grpc-default-executor-5] INFO  client.GrpcClientProtocolClient (GrpcClientProtocolClient.java:onNext(255)) - client-DA9582518C67->1df8bd03-73ef-4b9c-8622-5dc9d0e29c31: receive RaftClientReply:client-DA9582518C67->1df8bd03-73ef-4b9c-8622-5dc9d0e29c31@group-F45402591F47, cid=709, SUCCESS, logIndex=863, commits[1df8bd03-73ef-4b9c-8622-5dc9d0e29c31:c864, 12aca755-ada5-42df-801b-c61f99d8e8b8:c862, a308b8bf-0324-43a1-a87f-1e10a96e3042:c860]
2019-08-21 19:23:57,004 | INFO  | DNAudit | user=null | ip=null | op=WRITE_CHUNK {blockData=conID: 2 locID: 102656601978044830 bcsId: 0} | ret=SUCCESS |  
2019-08-21 19:23:57,004 | INFO  | DNAudit | user=null | ip=null | op=WRITE_CHUNK {blockData=conID: 2 locID: 102656601978044830 bcsId: 0} | ret=SUCCESS |  
2019-08-21 19:23:57,004 [grpc-default-executor-5] INFO  client.GrpcClientProtocolClient (GrpcClientProtocolClient.java:onNext(255)) - client-DA9582518C67->1df8bd03-73ef-4b9c-8622-5dc9d0e29c31: receive RaftClientReply:client-DA9582518C67->1df8bd03-73ef-4b9c-8622-5dc9d0e29c31@group-F45402591F47, cid=710, SUCCESS, logIndex=864, commits[1df8bd03-73ef-4b9c-8622-5dc9d0e29c31:c866, 12aca755-ada5-42df-801b-c61f99d8e8b8:c862, a308b8bf-0324-43a1-a87f-1e10a96e3042:c862]
2019-08-21 19:23:57,005 | INFO  | DNAudit | user=null | ip=null | op=PUT_BLOCK {blockData=[blockId=conID: 2 locID: 102656601978044830 bcsId: 0,size=1048576]} | ret=SUCCESS |  
2019-08-21 19:23:57,005 | INFO  | DNAudit | user=null | ip=null | op=PUT_BLOCK {blockData=[blockId=conID: 2 locID: 102656601978044830 bcsId: 0,size=1048576]} | ret=SUCCESS |  
2019-08-21 19:23:57,007 [grpc-default-executor-5] INFO  client.GrpcClientProtocolClient (GrpcClientProtocolClient.java:onNext(255)) - client-DA9582518C67->1df8bd03-73ef-4b9c-8622-5dc9d0e29c31: receive RaftClientReply:client-DA9582518C67->1df8bd03-73ef-4b9c-8622-5dc9d0e29c31@group-F45402591F47, cid=711, SUCCESS, logIndex=865, commits[1df8bd03-73ef-4b9c-8622-5dc9d0e29c31:c866, 12aca755-ada5-42df-801b-c61f99d8e8b8:c862, a308b8bf-0324-43a1-a87f-1e10a96e3042:c862]
2019-08-21 19:23:57,007 | INFO  | DNAudit | user=null | ip=null | op=WRITE_CHUNK {blockData=conID: 2 locID: 102656601978044830 bcsId: 0} | ret=SUCCESS |  
2019-08-21 19:23:57,007 [grpc-default-executor-5] INFO  client.GrpcClientProtocolClient (GrpcClientProtocolClient.java:onNext(255)) - client-DA9582518C67->1df8bd03-73ef-4b9c-8622-5dc9d0e29c31: receive RaftClientReply:client-DA9582518C67->1df8bd03-73ef-4b9c-8622-5dc9d0e29c31@group-F45402591F47, cid=712, SUCCESS, logIndex=866, commits[1df8bd03-73ef-4b9c-8622-5dc9d0e29c31:c866, 12aca755-ada5-42df-801b-c61f99d8e8b8:c862, a308b8bf-0324-43a1-a87f-1e10a96e3042:c862]
2019-08-21 19:23:57,008 | INFO  | DNAudit | user=null | ip=null | op=PUT_BLOCK {blockData=[blockId=conID: 2 locID: 102656601978044830 bcsId: 0,size=2097152]} | ret=SUCCESS |  
2019-08-21 19:23:57,008 | INFO  | DNAudit | user=null | ip=null | op=WRITE_CHUNK {blockData=conID: 2 locID: 102656601978044830 bcsId: 0} | ret=SUCCESS |  
2019-08-21 19:23:57,008 | INFO  | DNAudit | user=null | ip=null | op=PUT_BLOCK {blockData=[blockId=conID: 2 locID: 102656601978044830 bcsId: 0,size=2097152]} | ret=SUCCESS |  
2019-08-21 19:23:57,009 [grpc-default-executor-6] INFO  client.GrpcClientProtocolClient (GrpcClientProtocolClient.java:onNext(255)) - client-DA9582518C67->1df8bd03-73ef-4b9c-8622-5dc9d0e29c31: receive RaftClientReply:client-DA9582518C67->1df8bd03-73ef-4b9c-8622-5dc9d0e29c31@group-F45402591F47, cid=713, SUCCESS, logIndex=0, commits[1df8bd03-73ef-4b9c-8622-5dc9d0e29c31:c869, 12aca755-ada5-42df-801b-c61f99d8e8b8:c866, a308b8bf-0324-43a1-a87f-1e10a96e3042:c864]
2019-08-21 19:23:57,018 | INFO  | DNAudit | user=null | ip=null | op=WRITE_CHUNK {blockData=conID: 2 locID: 102656601978044830 bcsId: 866} | ret=SUCCESS |  
2019-08-21 19:23:57,023 | INFO  | DNAudit | user=null | ip=null | op=WRITE_CHUNK {blockData=conID: 2 locID: 102656601978044830 bcsId: 866} | ret=SUCCESS |  
2019-08-21 19:23:57,023 | INFO  | DNAudit | user=null | ip=null | op=WRITE_CHUNK {blockData=conID: 2 locID: 102656601978044830 bcsId: 866} | ret=SUCCESS |  
2019-08-21 19:23:57,031 | INFO  | DNAudit | user=null | ip=null | op=WRITE_CHUNK {blockData=conID: 2 locID: 102656601978044830 bcsId: 866} | ret=SUCCESS |  
2019-08-21 19:23:57,031 | INFO  | DNAudit | user=null | ip=null | op=PUT_BLOCK {blockData=[blockId=conID: 2 locID: 102656601978044830 bcsId: 0,size=3145728]} | ret=SUCCESS |  
2019-08-21 19:23:57,032 [grpc-default-executor-5] INFO  client.GrpcClientProtocolClient (GrpcClientProtocolClient.java:onNext(255)) - client-DA9582518C67->1df8bd03-73ef-4b9c-8622-5dc9d0e29c31: receive RaftClientReply:client-DA9582518C67->1df8bd03-73ef-4b9c-8622-5dc9d0e29c31@group-F45402591F47, cid=714, SUCCESS, logIndex=871, commits[1df8bd03-73ef-4b9c-8622-5dc9d0e29c31:c872, 12aca755-ada5-42df-801b-c61f99d8e8b8:c870, a308b8bf-0324-43a1-a87f-1e10a96e3042:c870]
2019-08-21 19:23:57,032 [grpc-default-executor-5] INFO  client.GrpcClientProtocolClient (GrpcClientProtocolClient.java:onNext(255)) - client-DA9582518C67->1df8bd03-73ef-4b9c-8622-5dc9d0e29c31: receive RaftClientReply:client-DA9582518C67->1df8bd03-73ef-4b9c-8622-5dc9d0e29c31@group-F45402591F47, cid=715, SUCCESS, logIndex=872, commits[1df8bd03-73ef-4b9c-8622-5dc9d0e29c31:c872, 12aca755-ada5-42df-801b-c61f99d8e8b8:c870, a308b8bf-0324-43a1-a87f-1e10a96e3042:c870]
2019-08-21 19:23:57,040 | INFO  | DNAudit | user=null | ip=null | op=WRITE_CHUNK {blockData=conID: 2 locID: 102656601978044830 bcsId: 872} | ret=SUCCESS |  
2019-08-21 19:23:57,042 | INFO  | DNAudit | user=null | ip=null | op=WRITE_CHUNK {blockData=conID: 2 locID: 102656601978044830 bcsId: 866} | ret=SUCCESS |  
2019-08-21 19:23:57,042 | INFO  | DNAudit | user=null | ip=null | op=WRITE_CHUNK {blockData=conID: 2 locID: 102656601978044830 bcsId: 866} | ret=SUCCESS |  
2019-08-21 19:23:57,042 | INFO  | DNAudit | user=null | ip=null | op=PUT_BLOCK {blockData=[blockId=conID: 2 locID: 102656601978044830 bcsId: 0,size=3145728]} | ret=SUCCESS |  
2019-08-21 19:23:57,043 | INFO  | DNAudit | user=null | ip=null | op=PUT_BLOCK {blockData=[blockId=conID: 2 locID: 102656601978044830 bcsId: 0,size=3145728]} | ret=SUCCESS |  
2019-08-21 19:23:57,046 | INFO  | DNAudit | user=null | ip=null | op=WRITE_CHUNK {blockData=conID: 2 locID: 102656601978044830 bcsId: 872} | ret=SUCCESS |  
2019-08-21 19:23:57,047 | INFO  | DNAudit | user=null | ip=null | op=WRITE_CHUNK {blockData=conID: 2 locID: 102656601978044830 bcsId: 872} | ret=SUCCESS |  
2019-08-21 19:23:57,057 | INFO  | DNAudit | user=null | ip=null | op=WRITE_CHUNK {blockData=conID: 2 locID: 102656601978044830 bcsId: 872} | ret=SUCCESS |  
2019-08-21 19:23:57,058 | INFO  | DNAudit | user=null | ip=null | op=PUT_BLOCK {blockData=[blockId=conID: 2 locID: 102656601978044830 bcsId: 0,size=4194304]} | ret=SUCCESS |  
2019-08-21 19:23:57,059 [grpc-default-executor-6] INFO  client.GrpcClientProtocolClient (GrpcClientProtocolClient.java:onNext(255)) - client-DA9582518C67->1df8bd03-73ef-4b9c-8622-5dc9d0e29c31: receive RaftClientReply:client-DA9582518C67->1df8bd03-73ef-4b9c-8622-5dc9d0e29c31@group-F45402591F47, cid=716, SUCCESS, logIndex=875, commits[1df8bd03-73ef-4b9c-8622-5dc9d0e29c31:c876, 12aca755-ada5-42df-801b-c61f99d8e8b8:c872, a308b8bf-0324-43a1-a87f-1e10a96e3042:c872]
2019-08-21 19:23:57,059 [grpc-default-executor-6] INFO  client.GrpcClientProtocolClient (GrpcClientProtocolClient.java:onNext(255)) - client-DA9582518C67->1df8bd03-73ef-4b9c-8622-5dc9d0e29c31: receive RaftClientReply:client-DA9582518C67->1df8bd03-73ef-4b9c-8622-5dc9d0e29c31@group-F45402591F47, cid=717, SUCCESS, logIndex=876, commits[1df8bd03-73ef-4b9c-8622-5dc9d0e29c31:c876, 12aca755-ada5-42df-801b-c61f99d8e8b8:c872, a308b8bf-0324-43a1-a87f-1e10a96e3042:c872]
2019-08-21 19:23:57,068 | INFO  | DNAudit | user=null | ip=null | op=WRITE_CHUNK {blockData=conID: 2 locID: 102656601978044830 bcsId: 872} | ret=SUCCESS |  
2019-08-21 19:23:57,068 | INFO  | DNAudit | user=null | ip=null | op=WRITE_CHUNK {blockData=conID: 2 locID: 102656601978044830 bcsId: 872} | ret=SUCCESS |  
2019-08-21 19:23:57,068 | INFO  | DNAudit | user=null | ip=null | op=PUT_BLOCK {blockData=[blockId=conID: 2 locID: 102656601978044830 bcsId: 0,size=4194304]} | ret=SUCCESS |  
2019-08-21 19:23:57,068 | INFO  | DNAudit | user=null | ip=null | op=PUT_BLOCK {blockData=[blockId=conID: 2 locID: 102656601978044830 bcsId: 0,size=4194304]} | ret=SUCCESS |  
2019-08-21 19:23:57,070 [grpc-default-executor-6] INFO  client.GrpcClientProtocolClient (GrpcClientProtocolClient.java:onNext(255)) - client-DA9582518C67->1df8bd03-73ef-4b9c-8622-5dc9d0e29c31: receive RaftClientReply:client-DA9582518C67->1df8bd03-73ef-4b9c-8622-5dc9d0e29c31@group-F45402591F47, cid=718, SUCCESS, logIndex=0, commits[1df8bd03-73ef-4b9c-8622-5dc9d0e29c31:c877, 12aca755-ada5-42df-801b-c61f99d8e8b8:c876, a308b8bf-0324-43a1-a87f-1e10a96e3042:c876]
2019-08-21 19:23:57,190 | INFO  | SCMAudit | user=jenkins1000 | ip=192.168.69.88 | op=SEND_HEARTBEAT {datanodeUUID=cfaf9666-ca64-459e-bd34-ff7c349f752a, command=[]} | ret=SUCCESS |  
2019-08-21 19:23:57,198 | INFO  | DNAudit | user=null | ip=null | op=WRITE_CHUNK {blockData=conID: 3 locID: 102656601978044831 bcsId: 0} | ret=SUCCESS |  
2019-08-21 19:23:57,202 | INFO  | DNAudit | user=null | ip=null | op=WRITE_CHUNK {blockData=conID: 3 locID: 102656601978044831 bcsId: 0} | ret=SUCCESS |  
2019-08-21 19:23:57,202 | INFO  | DNAudit | user=null | ip=null | op=WRITE_CHUNK {blockData=conID: 3 locID: 102656601978044831 bcsId: 0} | ret=SUCCESS |  
2019-08-21 19:23:57,203 | INFO  | DNAudit | user=null | ip=null | op=WRITE_CHUNK {blockData=conID: 3 locID: 102656601978044831 bcsId: 0} | ret=SUCCESS |  
2019-08-21 19:23:57,208 | INFO  | DNAudit | user=null | ip=null | op=WRITE_CHUNK {blockData=conID: 3 locID: 102656601978044831 bcsId: 0} | ret=SUCCESS |  
2019-08-21 19:23:57,209 | INFO  | DNAudit | user=null | ip=null | op=WRITE_CHUNK {blockData=conID: 3 locID: 102656601978044831 bcsId: 0} | ret=SUCCESS |  
2019-08-21 19:23:57,211 | INFO  | DNAudit | user=null | ip=null | op=WRITE_CHUNK {blockData=conID: 3 locID: 102656601978044831 bcsId: 0} | ret=SUCCESS |  
2019-08-21 19:23:57,212 | INFO  | DNAudit | user=null | ip=null | op=PUT_BLOCK {blockData=[blockId=conID: 3 locID: 102656601978044831 bcsId: 0,size=1048576]} | ret=SUCCESS |  
2019-08-21 19:23:57,212 | INFO  | DNAudit | user=null | ip=null | op=WRITE_CHUNK {blockData=conID: 3 locID: 102656601978044831 bcsId: 0} | ret=SUCCESS |  
2019-08-21 19:23:57,212 [grpc-default-executor-5] INFO  client.GrpcClientProtocolClient (GrpcClientProtocolClient.java:onNext(255)) - client-DA9582518C67->1df8bd03-73ef-4b9c-8622-5dc9d0e29c31: receive RaftClientReply:client-DA9582518C67->1df8bd03-73ef-4b9c-8622-5dc9d0e29c31@group-F45402591F47, cid=719, SUCCESS, logIndex=879, commits[1df8bd03-73ef-4b9c-8622-5dc9d0e29c31:c881, 12aca755-ada5-42df-801b-c61f99d8e8b8:c878, a308b8bf-0324-43a1-a87f-1e10a96e3042:c878]
2019-08-21 19:23:57,213 [grpc-default-executor-5] INFO  client.GrpcClientProtocolClient (GrpcClientProtocolClient.java:onNext(255)) - client-DA9582518C67->1df8bd03-73ef-4b9c-8622-5dc9d0e29c31: receive RaftClientReply:client-DA9582518C67->1df8bd03-73ef-4b9c-8622-5dc9d0e29c31@group-F45402591F47, cid=720, SUCCESS, logIndex=880, commits[1df8bd03-73ef-4b9c-8622-5dc9d0e29c31:c882, 12aca755-ada5-42df-801b-c61f99d8e8b8:c878, a308b8bf-0324-43a1-a87f-1e10a96e3042:c878]
2019-08-21 19:23:57,213 | INFO  | DNAudit | user=null | ip=null | op=PUT_BLOCK {blockData=[blockId=conID: 3 locID: 102656601978044831 bcsId: 0,size=2097152]} | ret=SUCCESS |  
2019-08-21 19:23:57,213 [grpc-default-executor-5] INFO  client.GrpcClientProtocolClient (GrpcClientProtocolClient.java:onNext(255)) - client-DA9582518C67->1df8bd03-73ef-4b9c-8622-5dc9d0e29c31: receive RaftClientReply:client-DA9582518C67->1df8bd03-73ef-4b9c-8622-5dc9d0e29c31@group-F45402591F47, cid=721, SUCCESS, logIndex=881, commits[1df8bd03-73ef-4b9c-8622-5dc9d0e29c31:c882, 12aca755-ada5-42df-801b-c61f99d8e8b8:c878, a308b8bf-0324-43a1-a87f-1e10a96e3042:c878]
2019-08-21 19:23:57,213 [grpc-default-executor-5] INFO  client.GrpcClientProtocolClient (GrpcClientProtocolClient.java:onNext(255)) - client-DA9582518C67->1df8bd03-73ef-4b9c-8622-5dc9d0e29c31: receive RaftClientReply:client-DA9582518C67->1df8bd03-73ef-4b9c-8622-5dc9d0e29c31@group-F45402591F47, cid=722, SUCCESS, logIndex=882, commits[1df8bd03-73ef-4b9c-8622-5dc9d0e29c31:c882, 12aca755-ada5-42df-801b-c61f99d8e8b8:c878, a308b8bf-0324-43a1-a87f-1e10a96e3042:c878]
2019-08-21 19:23:57,225 | INFO  | DNAudit | user=null | ip=null | op=WRITE_CHUNK {blockData=conID: 3 locID: 102656601978044831 bcsId: 0} | ret=SUCCESS |  
2019-08-21 19:23:57,225 | INFO  | DNAudit | user=null | ip=null | op=WRITE_CHUNK {blockData=conID: 3 locID: 102656601978044831 bcsId: 0} | ret=SUCCESS |  
2019-08-21 19:23:57,225 | INFO  | DNAudit | user=null | ip=null | op=PUT_BLOCK {blockData=[blockId=conID: 3 locID: 102656601978044831 bcsId: 0,size=1048576]} | ret=SUCCESS |  
2019-08-21 19:23:57,226 | INFO  | DNAudit | user=null | ip=null | op=PUT_BLOCK {blockData=[blockId=conID: 3 locID: 102656601978044831 bcsId: 0,size=1048576]} | ret=SUCCESS |  
2019-08-21 19:23:57,226 | INFO  | DNAudit | user=null | ip=null | op=WRITE_CHUNK {blockData=conID: 3 locID: 102656601978044831 bcsId: 0} | ret=SUCCESS |  
2019-08-21 19:23:57,226 [grpc-default-executor-5] INFO  client.GrpcClientProtocolClient (GrpcClientProtocolClient.java:onNext(255)) - client-DA9582518C67->1df8bd03-73ef-4b9c-8622-5dc9d0e29c31: receive RaftClientReply:client-DA9582518C67->1df8bd03-73ef-4b9c-8622-5dc9d0e29c31@group-F45402591F47, cid=723, SUCCESS, logIndex=0, commits[1df8bd03-73ef-4b9c-8622-5dc9d0e29c31:c883, 12aca755-ada5-42df-801b-c61f99d8e8b8:c880, a308b8bf-0324-43a1-a87f-1e10a96e3042:c880]
2019-08-21 19:23:57,226 | INFO  | DNAudit | user=null | ip=null | op=PUT_BLOCK {blockData=[blockId=conID: 3 locID: 102656601978044831 bcsId: 0,size=2097152]} | ret=SUCCESS |  
2019-08-21 19:23:57,226 | INFO  | DNAudit | user=null | ip=null | op=WRITE_CHUNK {blockData=conID: 3 locID: 102656601978044831 bcsId: 0} | ret=SUCCESS |  
2019-08-21 19:23:57,227 | INFO  | DNAudit | user=null | ip=null | op=PUT_BLOCK {blockData=[blockId=conID: 3 locID: 102656601978044831 bcsId: 0,size=2097152]} | ret=SUCCESS |  
2019-08-21 19:23:57,234 | INFO  | DNAudit | user=null | ip=null | op=WRITE_CHUNK {blockData=conID: 3 locID: 102656601978044831 bcsId: 882} | ret=SUCCESS |  
2019-08-21 19:23:57,239 | INFO  | DNAudit | user=null | ip=null | op=WRITE_CHUNK {blockData=conID: 3 locID: 102656601978044831 bcsId: 882} | ret=SUCCESS |  
2019-08-21 19:23:57,240 | INFO  | DNAudit | user=null | ip=null | op=WRITE_CHUNK {blockData=conID: 3 locID: 102656601978044831 bcsId: 882} | ret=SUCCESS |  
2019-08-21 19:23:57,248 | INFO  | DNAudit | user=null | ip=null | op=WRITE_CHUNK {blockData=conID: 3 locID: 102656601978044831 bcsId: 882} | ret=SUCCESS |  
2019-08-21 19:23:57,248 | INFO  | DNAudit | user=null | ip=null | op=PUT_BLOCK {blockData=[blockId=conID: 3 locID: 102656601978044831 bcsId: 0,size=3145728]} | ret=SUCCESS |  
2019-08-21 19:23:57,248 [grpc-default-executor-5] INFO  client.GrpcClientProtocolClient (GrpcClientProtocolClient.java:onNext(255)) - client-DA9582518C67->1df8bd03-73ef-4b9c-8622-5dc9d0e29c31: receive RaftClientReply:client-DA9582518C67->1df8bd03-73ef-4b9c-8622-5dc9d0e29c31@group-F45402591F47, cid=724, SUCCESS, logIndex=887, commits[1df8bd03-73ef-4b9c-8622-5dc9d0e29c31:c888, 12aca755-ada5-42df-801b-c61f99d8e8b8:c886, a308b8bf-0324-43a1-a87f-1e10a96e3042:c886]
2019-08-21 19:23:57,249 [grpc-default-executor-5] INFO  client.GrpcClientProtocolClient (GrpcClientProtocolClient.java:onNext(255)) - client-DA9582518C67->1df8bd03-73ef-4b9c-8622-5dc9d0e29c31: receive RaftClientReply:client-DA9582518C67->1df8bd03-73ef-4b9c-8622-5dc9d0e29c31@group-F45402591F47, cid=725, SUCCESS, logIndex=888, commits[1df8bd03-73ef-4b9c-8622-5dc9d0e29c31:c888, 12aca755-ada5-42df-801b-c61f99d8e8b8:c886, a308b8bf-0324-43a1-a87f-1e10a96e3042:c886]
2019-08-21 19:23:57,259 | INFO  | DNAudit | user=null | ip=null | op=WRITE_CHUNK {blockData=conID: 3 locID: 102656601978044831 bcsId: 888} | ret=SUCCESS |  
2019-08-21 19:23:57,264 | INFO  | DNAudit | user=null | ip=null | op=WRITE_CHUNK {blockData=conID: 3 locID: 102656601978044831 bcsId: 888} | ret=SUCCESS |  
2019-08-21 19:23:57,264 | INFO  | DNAudit | user=null | ip=null | op=WRITE_CHUNK {blockData=conID: 3 locID: 102656601978044831 bcsId: 888} | ret=SUCCESS |  
2019-08-21 19:23:57,284 | INFO  | DNAudit | user=null | ip=null | op=WRITE_CHUNK {blockData=conID: 3 locID: 102656601978044831 bcsId: 882} | ret=SUCCESS |  
2019-08-21 19:23:57,284 | INFO  | DNAudit | user=null | ip=null | op=WRITE_CHUNK {blockData=conID: 3 locID: 102656601978044831 bcsId: 882} | ret=SUCCESS |  
2019-08-21 19:23:57,285 | INFO  | DNAudit | user=null | ip=null | op=PUT_BLOCK {blockData=[blockId=conID: 3 locID: 102656601978044831 bcsId: 0,size=3145728]} | ret=SUCCESS |  
2019-08-21 19:23:57,285 | INFO  | DNAudit | user=null | ip=null | op=PUT_BLOCK {blockData=[blockId=conID: 3 locID: 102656601978044831 bcsId: 0,size=3145728]} | ret=SUCCESS |  
2019-08-21 19:23:57,286 | INFO  | DNAudit | user=null | ip=null | op=WRITE_CHUNK {blockData=conID: 3 locID: 102656601978044831 bcsId: 888} | ret=SUCCESS |  
2019-08-21 19:23:57,287 | INFO  | DNAudit | user=null | ip=null | op=PUT_BLOCK {blockData=[blockId=conID: 3 locID: 102656601978044831 bcsId: 0,size=4194304]} | ret=SUCCESS |  
2019-08-21 19:23:57,287 [grpc-default-executor-0] INFO  client.GrpcClientProtocolClient (GrpcClientProtocolClient.java:onNext(255)) - client-DA9582518C67->1df8bd03-73ef-4b9c-8622-5dc9d0e29c31: receive RaftClientReply:client-DA9582518C67->1df8bd03-73ef-4b9c-8622-5dc9d0e29c31@group-F45402591F47, cid=726, SUCCESS, logIndex=891, commits[1df8bd03-73ef-4b9c-8622-5dc9d0e29c31:c892, 12aca755-ada5-42df-801b-c61f99d8e8b8:c888, a308b8bf-0324-43a1-a87f-1e10a96e3042:c888]
2019-08-21 19:23:57,287 [grpc-default-executor-0] INFO  client.GrpcClientProtocolClient (GrpcClientProtocolClient.java:onNext(255)) - client-DA9582518C67->1df8bd03-73ef-4b9c-8622-5dc9d0e29c31: receive RaftClientReply:client-DA9582518C67->1df8bd03-73ef-4b9c-8622-5dc9d0e29c31@group-F45402591F47, cid=727, SUCCESS, logIndex=892, commits[1df8bd03-73ef-4b9c-8622-5dc9d0e29c31:c892, 12aca755-ada5-42df-801b-c61f99d8e8b8:c888, a308b8bf-0324-43a1-a87f-1e10a96e3042:c888]
2019-08-21 19:23:57,298 | INFO  | DNAudit | user=null | ip=null | op=WRITE_CHUNK {blockData=conID: 3 locID: 102656601978044831 bcsId: 888} | ret=SUCCESS |  
2019-08-21 19:23:57,298 | INFO  | DNAudit | user=null | ip=null | op=WRITE_CHUNK {blockData=conID: 3 locID: 102656601978044831 bcsId: 888} | ret=SUCCESS |  
2019-08-21 19:23:57,299 | INFO  | DNAudit | user=null | ip=null | op=PUT_BLOCK {blockData=[blockId=conID: 3 locID: 102656601978044831 bcsId: 0,size=4194304]} | ret=SUCCESS |  
2019-08-21 19:23:57,299 | INFO  | DNAudit | user=null | ip=null | op=PUT_BLOCK {blockData=[blockId=conID: 3 locID: 102656601978044831 bcsId: 0,size=4194304]} | ret=SUCCESS |  
2019-08-21 19:23:57,299 [grpc-default-executor-0] INFO  client.GrpcClientProtocolClient (GrpcClientProtocolClient.java:onNext(255)) - client-DA9582518C67->1df8bd03-73ef-4b9c-8622-5dc9d0e29c31: receive RaftClientReply:client-DA9582518C67->1df8bd03-73ef-4b9c-8622-5dc9d0e29c31@group-F45402591F47, cid=728, SUCCESS, logIndex=0, commits[1df8bd03-73ef-4b9c-8622-5dc9d0e29c31:c894, 12aca755-ada5-42df-801b-c61f99d8e8b8:c892, a308b8bf-0324-43a1-a87f-1e10a96e3042:c892]
2019-08-21 19:23:57,307 | INFO  | DNAudit | user=null | ip=null | op=WRITE_CHUNK {blockData=conID: 1 locID: 102656601978044832 bcsId: 0} | ret=SUCCESS |  
2019-08-21 19:23:57,310 | INFO  | DNAudit | user=null | ip=null | op=WRITE_CHUNK {blockData=conID: 1 locID: 102656601978044832 bcsId: 0} | ret=SUCCESS |  
2019-08-21 19:23:57,313 | INFO  | DNAudit | user=null | ip=null | op=WRITE_CHUNK {blockData=conID: 1 locID: 102656601978044832 bcsId: 0} | ret=SUCCESS |  
2019-08-21 19:23:57,313 | INFO  | DNAudit | user=null | ip=null | op=WRITE_CHUNK {blockData=conID: 1 locID: 102656601978044832 bcsId: 0} | ret=SUCCESS |  
2019-08-21 19:23:57,314 | INFO  | DNAudit | user=null | ip=null | op=WRITE_CHUNK {blockData=conID: 1 locID: 102656601978044832 bcsId: 0} | ret=SUCCESS |  
2019-08-21 19:23:57,315 | INFO  | DNAudit | user=null | ip=null | op=WRITE_CHUNK {blockData=conID: 1 locID: 102656601978044832 bcsId: 0} | ret=SUCCESS |  
2019-08-21 19:23:57,323 | INFO  | DNAudit | user=null | ip=null | op=WRITE_CHUNK {blockData=conID: 1 locID: 102656601978044832 bcsId: 0} | ret=SUCCESS |  
2019-08-21 19:23:57,324 | INFO  | DNAudit | user=null | ip=null | op=PUT_BLOCK {blockData=[blockId=conID: 1 locID: 102656601978044832 bcsId: 0,size=1048576]} | ret=SUCCESS |  
2019-08-21 19:23:57,324 | INFO  | DNAudit | user=null | ip=null | op=WRITE_CHUNK {blockData=conID: 1 locID: 102656601978044832 bcsId: 0} | ret=SUCCESS |  
2019-08-21 19:23:57,324 [grpc-default-executor-0] INFO  client.GrpcClientProtocolClient (GrpcClientProtocolClient.java:onNext(255)) - client-DA9582518C67->1df8bd03-73ef-4b9c-8622-5dc9d0e29c31: receive RaftClientReply:client-DA9582518C67->1df8bd03-73ef-4b9c-8622-5dc9d0e29c31@group-F45402591F47, cid=729, SUCCESS, logIndex=895, commits[1df8bd03-73ef-4b9c-8622-5dc9d0e29c31:c898, 12aca755-ada5-42df-801b-c61f99d8e8b8:c894, a308b8bf-0324-43a1-a87f-1e10a96e3042:c894]
2019-08-21 19:23:57,325 | INFO  | DNAudit | user=null | ip=null | op=PUT_BLOCK {blockData=[blockId=conID: 1 locID: 102656601978044832 bcsId: 0,size=2097152]} | ret=SUCCESS |  
2019-08-21 19:23:57,325 [grpc-default-executor-0] INFO  client.GrpcClientProtocolClient (GrpcClientProtocolClient.java:onNext(255)) - client-DA9582518C67->1df8bd03-73ef-4b9c-8622-5dc9d0e29c31: receive RaftClientReply:client-DA9582518C67->1df8bd03-73ef-4b9c-8622-5dc9d0e29c31@group-F45402591F47, cid=730, SUCCESS, logIndex=896, commits[1df8bd03-73ef-4b9c-8622-5dc9d0e29c31:c898, 12aca755-ada5-42df-801b-c61f99d8e8b8:c894, a308b8bf-0324-43a1-a87f-1e10a96e3042:c894]
2019-08-21 19:23:57,325 [grpc-default-executor-0] INFO  client.GrpcClientProtocolClient (GrpcClientProtocolClient.java:onNext(255)) - client-DA9582518C67->1df8bd03-73ef-4b9c-8622-5dc9d0e29c31: receive RaftClientReply:client-DA9582518C67->1df8bd03-73ef-4b9c-8622-5dc9d0e29c31@group-F45402591F47, cid=731, SUCCESS, logIndex=897, commits[1df8bd03-73ef-4b9c-8622-5dc9d0e29c31:c898, 12aca755-ada5-42df-801b-c61f99d8e8b8:c894, a308b8bf-0324-43a1-a87f-1e10a96e3042:c894]
2019-08-21 19:23:57,325 [grpc-default-executor-0] INFO  client.GrpcClientProtocolClient (GrpcClientProtocolClient.java:onNext(255)) - client-DA9582518C67->1df8bd03-73ef-4b9c-8622-5dc9d0e29c31: receive RaftClientReply:client-DA9582518C67->1df8bd03-73ef-4b9c-8622-5dc9d0e29c31@group-F45402591F47, cid=732, SUCCESS, logIndex=898, commits[1df8bd03-73ef-4b9c-8622-5dc9d0e29c31:c898, 12aca755-ada5-42df-801b-c61f99d8e8b8:c894, a308b8bf-0324-43a1-a87f-1e10a96e3042:c894]
2019-08-21 19:23:57,335 | INFO  | DNAudit | user=null | ip=null | op=WRITE_CHUNK {blockData=conID: 1 locID: 102656601978044832 bcsId: 0} | ret=SUCCESS |  
2019-08-21 19:23:57,335 | INFO  | DNAudit | user=null | ip=null | op=WRITE_CHUNK {blockData=conID: 1 locID: 102656601978044832 bcsId: 0} | ret=SUCCESS |  
2019-08-21 19:23:57,335 | INFO  | DNAudit | user=null | ip=null | op=PUT_BLOCK {blockData=[blockId=conID: 1 locID: 102656601978044832 bcsId: 0,size=1048576]} | ret=SUCCESS |  
2019-08-21 19:23:57,337 | INFO  | DNAudit | user=null | ip=null | op=WRITE_CHUNK {blockData=conID: 1 locID: 102656601978044832 bcsId: 0} | ret=SUCCESS |  
2019-08-21 19:23:57,337 | INFO  | DNAudit | user=null | ip=null | op=PUT_BLOCK {blockData=[blockId=conID: 1 locID: 102656601978044832 bcsId: 0,size=1048576]} | ret=SUCCESS |  
2019-08-21 19:23:57,338 | INFO  | DNAudit | user=null | ip=null | op=WRITE_CHUNK {blockData=conID: 1 locID: 102656601978044832 bcsId: 0} | ret=SUCCESS |  
2019-08-21 19:23:57,338 | INFO  | DNAudit | user=null | ip=null | op=PUT_BLOCK {blockData=[blockId=conID: 1 locID: 102656601978044832 bcsId: 0,size=2097152]} | ret=SUCCESS |  
2019-08-21 19:23:57,338 | INFO  | DNAudit | user=null | ip=null | op=PUT_BLOCK {blockData=[blockId=conID: 1 locID: 102656601978044832 bcsId: 0,size=2097152]} | ret=SUCCESS |  
2019-08-21 19:23:57,338 [grpc-default-executor-6] INFO  client.GrpcClientProtocolClient (GrpcClientProtocolClient.java:onNext(255)) - client-DA9582518C67->1df8bd03-73ef-4b9c-8622-5dc9d0e29c31: receive RaftClientReply:client-DA9582518C67->1df8bd03-73ef-4b9c-8622-5dc9d0e29c31@group-F45402591F47, cid=733, SUCCESS, logIndex=0, commits[1df8bd03-73ef-4b9c-8622-5dc9d0e29c31:c900, 12aca755-ada5-42df-801b-c61f99d8e8b8:c897, a308b8bf-0324-43a1-a87f-1e10a96e3042:c897]
2019-08-21 19:23:57,346 | INFO  | DNAudit | user=null | ip=null | op=WRITE_CHUNK {blockData=conID: 1 locID: 102656601978044832 bcsId: 898} | ret=SUCCESS |  
2019-08-21 19:23:57,350 | INFO  | DNAudit | user=null | ip=null | op=WRITE_CHUNK {blockData=conID: 1 locID: 102656601978044832 bcsId: 898} | ret=SUCCESS |  
2019-08-21 19:23:57,351 | INFO  | DNAudit | user=null | ip=null | op=WRITE_CHUNK {blockData=conID: 1 locID: 102656601978044832 bcsId: 898} | ret=SUCCESS |  
2019-08-21 19:23:57,359 | INFO  | DNAudit | user=null | ip=null | op=WRITE_CHUNK {blockData=conID: 1 locID: 102656601978044832 bcsId: 898} | ret=SUCCESS |  
2019-08-21 19:23:57,360 | INFO  | DNAudit | user=null | ip=null | op=PUT_BLOCK {blockData=[blockId=conID: 1 locID: 102656601978044832 bcsId: 0,size=3145728]} | ret=SUCCESS |  
2019-08-21 19:23:57,360 [grpc-default-executor-6] INFO  client.GrpcClientProtocolClient (GrpcClientProtocolClient.java:onNext(255)) - client-DA9582518C67->1df8bd03-73ef-4b9c-8622-5dc9d0e29c31: receive RaftClientReply:client-DA9582518C67->1df8bd03-73ef-4b9c-8622-5dc9d0e29c31@group-F45402591F47, cid=734, SUCCESS, logIndex=903, commits[1df8bd03-73ef-4b9c-8622-5dc9d0e29c31:c904, 12aca755-ada5-42df-801b-c61f99d8e8b8:c902, a308b8bf-0324-43a1-a87f-1e10a96e3042:c902]
2019-08-21 19:23:57,361 [grpc-default-executor-6] INFO  client.GrpcClientProtocolClient (GrpcClientProtocolClient.java:onNext(255)) - client-DA9582518C67->1df8bd03-73ef-4b9c-8622-5dc9d0e29c31: receive RaftClientReply:client-DA9582518C67->1df8bd03-73ef-4b9c-8622-5dc9d0e29c31@group-F45402591F47, cid=735, SUCCESS, logIndex=904, commits[1df8bd03-73ef-4b9c-8622-5dc9d0e29c31:c904, 12aca755-ada5-42df-801b-c61f99d8e8b8:c902, a308b8bf-0324-43a1-a87f-1e10a96e3042:c902]
2019-08-21 19:23:57,368 | INFO  | DNAudit | user=null | ip=null | op=WRITE_CHUNK {blockData=conID: 1 locID: 102656601978044832 bcsId: 904} | ret=SUCCESS |  
2019-08-21 19:23:57,372 | INFO  | DNAudit | user=null | ip=null | op=WRITE_CHUNK {blockData=conID: 1 locID: 102656601978044832 bcsId: 904} | ret=SUCCESS |  
2019-08-21 19:23:57,372 | INFO  | DNAudit | user=null | ip=null | op=WRITE_CHUNK {blockData=conID: 1 locID: 102656601978044832 bcsId: 904} | ret=SUCCESS |  
2019-08-21 19:23:57,372 | INFO  | DNAudit | user=null | ip=null | op=WRITE_CHUNK {blockData=conID: 1 locID: 102656601978044832 bcsId: 898} | ret=SUCCESS |  
2019-08-21 19:23:57,372 | INFO  | DNAudit | user=null | ip=null | op=WRITE_CHUNK {blockData=conID: 1 locID: 102656601978044832 bcsId: 898} | ret=SUCCESS |  
2019-08-21 19:23:57,373 | INFO  | DNAudit | user=null | ip=null | op=PUT_BLOCK {blockData=[blockId=conID: 1 locID: 102656601978044832 bcsId: 0,size=3145728]} | ret=SUCCESS |  
2019-08-21 19:23:57,373 | INFO  | DNAudit | user=null | ip=null | op=PUT_BLOCK {blockData=[blockId=conID: 1 locID: 102656601978044832 bcsId: 0,size=3145728]} | ret=SUCCESS |  
 0.00% |█                                                                                                    |  0/1 Time: 0:00:022019-08-21 19:23:57,427 | INFO  | DNAudit | user=null | ip=null | op=WRITE_CHUNK {blockData=conID: 1 locID: 102656601978044832 bcsId: 904} | ret=SUCCESS |  
2019-08-21 19:23:57,428 | INFO  | DNAudit | user=null | ip=null | op=PUT_BLOCK {blockData=[blockId=conID: 1 locID: 102656601978044832 bcsId: 0,size=4194304]} | ret=SUCCESS |  
2019-08-21 19:23:57,428 [grpc-default-executor-6] INFO  client.GrpcClientProtocolClient (GrpcClientProtocolClient.java:onNext(255)) - client-DA9582518C67->1df8bd03-73ef-4b9c-8622-5dc9d0e29c31: receive RaftClientReply:client-DA9582518C67->1df8bd03-73ef-4b9c-8622-5dc9d0e29c31@group-F45402591F47, cid=736, SUCCESS, logIndex=907, commits[1df8bd03-73ef-4b9c-8622-5dc9d0e29c31:c908, 12aca755-ada5-42df-801b-c61f99d8e8b8:c904, a308b8bf-0324-43a1-a87f-1e10a96e3042:c904]
2019-08-21 19:23:57,429 [grpc-default-executor-6] INFO  client.GrpcClientProtocolClient (GrpcClientProtocolClient.java:onNext(255)) - client-DA9582518C67->1df8bd03-73ef-4b9c-8622-5dc9d0e29c31: receive RaftClientReply:client-DA9582518C67->1df8bd03-73ef-4b9c-8622-5dc9d0e29c31@group-F45402591F47, cid=737, SUCCESS, logIndex=908, commits[1df8bd03-73ef-4b9c-8622-5dc9d0e29c31:c908, 12aca755-ada5-42df-801b-c61f99d8e8b8:c904, a308b8bf-0324-43a1-a87f-1e10a96e3042:c904]
2019-08-21 19:23:57,438 | INFO  | DNAudit | user=null | ip=null | op=WRITE_CHUNK {blockData=conID: 1 locID: 102656601978044832 bcsId: 904} | ret=SUCCESS |  
2019-08-21 19:23:57,438 | INFO  | DNAudit | user=null | ip=null | op=WRITE_CHUNK {blockData=conID: 1 locID: 102656601978044832 bcsId: 904} | ret=SUCCESS |  
2019-08-21 19:23:57,441 | INFO  | DNAudit | user=null | ip=null | op=PUT_BLOCK {blockData=[blockId=conID: 1 locID: 102656601978044832 bcsId: 0,size=4194304]} | ret=SUCCESS |  
2019-08-21 19:23:57,441 | INFO  | DNAudit | user=null | ip=null | op=PUT_BLOCK {blockData=[blockId=conID: 1 locID: 102656601978044832 bcsId: 0,size=4194304]} | ret=SUCCESS |  
2019-08-21 19:23:57,441 [grpc-default-executor-6] INFO  client.GrpcClientProtocolClient (GrpcClientProtocolClient.java:onNext(255)) - client-DA9582518C67->1df8bd03-73ef-4b9c-8622-5dc9d0e29c31: receive RaftClientReply:client-DA9582518C67->1df8bd03-73ef-4b9c-8622-5dc9d0e29c31@group-F45402591F47, cid=738, SUCCESS, logIndex=0, commits[1df8bd03-73ef-4b9c-8622-5dc9d0e29c31:c910, 12aca755-ada5-42df-801b-c61f99d8e8b8:c908, a308b8bf-0324-43a1-a87f-1e10a96e3042:c908]
2019-08-21 19:23:57,450 | INFO  | DNAudit | user=null | ip=null | op=WRITE_CHUNK {blockData=conID: 2 locID: 102656601978044833 bcsId: 0} | ret=SUCCESS |  
2019-08-21 19:23:57,452 | INFO  | DNAudit | user=null | ip=null | op=WRITE_CHUNK {blockData=conID: 2 locID: 102656601978044833 bcsId: 0} | ret=SUCCESS |  
2019-08-21 19:23:57,454 | INFO  | DNAudit | user=null | ip=null | op=WRITE_CHUNK {blockData=conID: 2 locID: 102656601978044833 bcsId: 0} | ret=SUCCESS |  
2019-08-21 19:23:57,454 | INFO  | DNAudit | user=null | ip=null | op=WRITE_CHUNK {blockData=conID: 2 locID: 102656601978044833 bcsId: 0} | ret=SUCCESS |  
2019-08-21 19:23:57,456 | INFO  | DNAudit | user=null | ip=null | op=WRITE_CHUNK {blockData=conID: 2 locID: 102656601978044833 bcsId: 0} | ret=SUCCESS |  
2019-08-21 19:23:57,457 | INFO  | DNAudit | user=null | ip=null | op=WRITE_CHUNK {blockData=conID: 2 locID: 102656601978044833 bcsId: 0} | ret=SUCCESS |  
2019-08-21 19:23:57,464 | INFO  | DNAudit | user=null | ip=null | op=WRITE_CHUNK {blockData=conID: 2 locID: 102656601978044833 bcsId: 0} | ret=SUCCESS |  
2019-08-21 19:23:57,465 | INFO  | DNAudit | user=null | ip=null | op=PUT_BLOCK {blockData=[blockId=conID: 2 locID: 102656601978044833 bcsId: 0,size=1048576]} | ret=SUCCESS |  
2019-08-21 19:23:57,465 | INFO  | DNAudit | user=null | ip=null | op=WRITE_CHUNK {blockData=conID: 2 locID: 102656601978044833 bcsId: 0} | ret=SUCCESS |  
2019-08-21 19:23:57,465 [grpc-default-executor-0] INFO  client.GrpcClientProtocolClient (GrpcClientProtocolClient.java:onNext(255)) - client-DA9582518C67->1df8bd03-73ef-4b9c-8622-5dc9d0e29c31: receive RaftClientReply:client-DA9582518C67->1df8bd03-73ef-4b9c-8622-5dc9d0e29c31@group-F45402591F47, cid=739, SUCCESS, logIndex=911, commits[1df8bd03-73ef-4b9c-8622-5dc9d0e29c31:c914, 12aca755-ada5-42df-801b-c61f99d8e8b8:c910, a308b8bf-0324-43a1-a87f-1e10a96e3042:c910]
2019-08-21 19:23:57,465 | INFO  | DNAudit | user=null | ip=null | op=PUT_BLOCK {blockData=[blockId=conID: 2 locID: 102656601978044833 bcsId: 0,size=2097152]} | ret=SUCCESS |  
2019-08-21 19:23:57,465 [grpc-default-executor-0] INFO  client.GrpcClientProtocolClient (GrpcClientProtocolClient.java:onNext(255)) - client-DA9582518C67->1df8bd03-73ef-4b9c-8622-5dc9d0e29c31: receive RaftClientReply:client-DA9582518C67->1df8bd03-73ef-4b9c-8622-5dc9d0e29c31@group-F45402591F47, cid=740, SUCCESS, logIndex=912, commits[1df8bd03-73ef-4b9c-8622-5dc9d0e29c31:c914, 12aca755-ada5-42df-801b-c61f99d8e8b8:c910, a308b8bf-0324-43a1-a87f-1e10a96e3042:c910]
2019-08-21 19:23:57,466 [grpc-default-executor-0] INFO  client.GrpcClientProtocolClient (GrpcClientProtocolClient.java:onNext(255)) - client-DA9582518C67->1df8bd03-73ef-4b9c-8622-5dc9d0e29c31: receive RaftClientReply:client-DA9582518C67->1df8bd03-73ef-4b9c-8622-5dc9d0e29c31@group-F45402591F47, cid=741, SUCCESS, logIndex=913, commits[1df8bd03-73ef-4b9c-8622-5dc9d0e29c31:c914, 12aca755-ada5-42df-801b-c61f99d8e8b8:c910, a308b8bf-0324-43a1-a87f-1e10a96e3042:c910]
2019-08-21 19:23:57,466 [grpc-default-executor-0] INFO  client.GrpcClientProtocolClient (GrpcClientProtocolClient.java:onNext(255)) - client-DA9582518C67->1df8bd03-73ef-4b9c-8622-5dc9d0e29c31: receive RaftClientReply:client-DA9582518C67->1df8bd03-73ef-4b9c-8622-5dc9d0e29c31@group-F45402591F47, cid=742, SUCCESS, logIndex=914, commits[1df8bd03-73ef-4b9c-8622-5dc9d0e29c31:c914, 12aca755-ada5-42df-801b-c61f99d8e8b8:c910, a308b8bf-0324-43a1-a87f-1e10a96e3042:c910]
2019-08-21 19:23:57,476 | INFO  | DNAudit | user=null | ip=null | op=WRITE_CHUNK {blockData=conID: 2 locID: 102656601978044833 bcsId: 0} | ret=SUCCESS |  
2019-08-21 19:23:57,484 | INFO  | DNAudit | user=null | ip=null | op=WRITE_CHUNK {blockData=conID: 2 locID: 102656601978044833 bcsId: 0} | ret=SUCCESS |  
2019-08-21 19:23:57,484 | INFO  | DNAudit | user=null | ip=null | op=PUT_BLOCK {blockData=[blockId=conID: 2 locID: 102656601978044833 bcsId: 0,size=1048576]} | ret=SUCCESS |  
2019-08-21 19:23:57,485 | INFO  | DNAudit | user=null | ip=null | op=WRITE_CHUNK {blockData=conID: 2 locID: 102656601978044833 bcsId: 0} | ret=SUCCESS |  
2019-08-21 19:23:57,485 | INFO  | DNAudit | user=null | ip=null | op=PUT_BLOCK {blockData=[blockId=conID: 2 locID: 102656601978044833 bcsId: 0,size=2097152]} | ret=SUCCESS |  
2019-08-21 19:23:57,486 | INFO  | DNAudit | user=null | ip=null | op=PUT_BLOCK {blockData=[blockId=conID: 2 locID: 102656601978044833 bcsId: 0,size=1048576]} | ret=SUCCESS |  
2019-08-21 19:23:57,487 | INFO  | DNAudit | user=null | ip=null | op=WRITE_CHUNK {blockData=conID: 2 locID: 102656601978044833 bcsId: 0} | ret=SUCCESS |  
2019-08-21 19:23:57,487 | INFO  | DNAudit | user=null | ip=null | op=PUT_BLOCK {blockData=[blockId=conID: 2 locID: 102656601978044833 bcsId: 0,size=2097152]} | ret=SUCCESS |  
2019-08-21 19:23:57,487 [grpc-default-executor-0] INFO  client.GrpcClientProtocolClient (GrpcClientProtocolClient.java:onNext(255)) - client-DA9582518C67->1df8bd03-73ef-4b9c-8622-5dc9d0e29c31: receive RaftClientReply:client-DA9582518C67->1df8bd03-73ef-4b9c-8622-5dc9d0e29c31@group-F45402591F47, cid=743, SUCCESS, logIndex=0, commits[1df8bd03-73ef-4b9c-8622-5dc9d0e29c31:c917, 12aca755-ada5-42df-801b-c61f99d8e8b8:c914, a308b8bf-0324-43a1-a87f-1e10a96e3042:c913]
2019-08-21 19:23:57,494 | INFO  | DNAudit | user=null | ip=null | op=WRITE_CHUNK {blockData=conID: 2 locID: 102656601978044833 bcsId: 914} | ret=SUCCESS |  
2019-08-21 19:23:57,498 | INFO  | DNAudit | user=null | ip=null | op=WRITE_CHUNK {blockData=conID: 2 locID: 102656601978044833 bcsId: 914} | ret=SUCCESS |  
2019-08-21 19:23:57,499 | INFO  | DNAudit | user=null | ip=null | op=WRITE_CHUNK {blockData=conID: 2 locID: 102656601978044833 bcsId: 914} | ret=SUCCESS |  
2019-08-21 19:23:57,506 | INFO  | DNAudit | user=null | ip=null | op=WRITE_CHUNK {blockData=conID: 2 locID: 102656601978044833 bcsId: 914} | ret=SUCCESS |  
2019-08-21 19:23:57,507 | INFO  | DNAudit | user=null | ip=null | op=PUT_BLOCK {blockData=[blockId=conID: 2 locID: 102656601978044833 bcsId: 0,size=3145728]} | ret=SUCCESS |  
2019-08-21 19:23:57,507 [grpc-default-executor-6] INFO  client.GrpcClientProtocolClient (GrpcClientProtocolClient.java:onNext(255)) - client-DA9582518C67->1df8bd03-73ef-4b9c-8622-5dc9d0e29c31: receive RaftClientReply:client-DA9582518C67->1df8bd03-73ef-4b9c-8622-5dc9d0e29c31@group-F45402591F47, cid=744, SUCCESS, logIndex=918, commits[1df8bd03-73ef-4b9c-8622-5dc9d0e29c31:c919, 12aca755-ada5-42df-801b-c61f99d8e8b8:c917, a308b8bf-0324-43a1-a87f-1e10a96e3042:c917]
2019-08-21 19:23:57,508 [grpc-default-executor-6] INFO  client.GrpcClientProtocolClient (GrpcClientProtocolClient.java:onNext(255)) - client-DA9582518C67->1df8bd03-73ef-4b9c-8622-5dc9d0e29c31: receive RaftClientReply:client-DA9582518C67->1df8bd03-73ef-4b9c-8622-5dc9d0e29c31@group-F45402591F47, cid=745, SUCCESS, logIndex=919, commits[1df8bd03-73ef-4b9c-8622-5dc9d0e29c31:c919, 12aca755-ada5-42df-801b-c61f99d8e8b8:c917, a308b8bf-0324-43a1-a87f-1e10a96e3042:c917]
2019-08-21 19:23:57,515 | INFO  | DNAudit | user=null | ip=null | op=WRITE_CHUNK {blockData=conID: 2 locID: 102656601978044833 bcsId: 914} | ret=SUCCESS |  
2019-08-21 19:23:57,515 | INFO  | DNAudit | user=null | ip=null | op=WRITE_CHUNK {blockData=conID: 2 locID: 102656601978044833 bcsId: 914} | ret=SUCCESS |  
2019-08-21 19:23:57,516 | INFO  | DNAudit | user=null | ip=null | op=PUT_BLOCK {blockData=[blockId=conID: 2 locID: 102656601978044833 bcsId: 0,size=3145728]} | ret=SUCCESS |  
2019-08-21 19:23:57,517 | INFO  | DNAudit | user=null | ip=null | op=PUT_BLOCK {blockData=[blockId=conID: 2 locID: 102656601978044833 bcsId: 0,size=3145728]} | ret=SUCCESS |  
2019-08-21 19:23:57,517 | INFO  | DNAudit | user=null | ip=null | op=WRITE_CHUNK {blockData=conID: 2 locID: 102656601978044833 bcsId: 919} | ret=SUCCESS |  
2019-08-21 19:23:57,518 | INFO  | SCMAudit | user=jenkins1000 | ip=192.168.69.88 | op=SEND_HEARTBEAT {datanodeUUID=c4b21f74-9dba-4f39-a92d-300bdd5c7775, command=[]} | ret=SUCCESS |  
2019-08-21 19:23:57,520 | INFO  | DNAudit | user=null | ip=null | op=WRITE_CHUNK {blockData=conID: 2 locID: 102656601978044833 bcsId: 919} | ret=SUCCESS |  
2019-08-21 19:23:57,521 | INFO  | DNAudit | user=null | ip=null | op=WRITE_CHUNK {blockData=conID: 2 locID: 102656601978044833 bcsId: 919} | ret=SUCCESS |  
2019-08-21 19:23:57,530 | INFO  | DNAudit | user=null | ip=null | op=WRITE_CHUNK {blockData=conID: 2 locID: 102656601978044833 bcsId: 919} | ret=SUCCESS |  
2019-08-21 19:23:57,531 | INFO  | DNAudit | user=null | ip=null | op=PUT_BLOCK {blockData=[blockId=conID: 2 locID: 102656601978044833 bcsId: 0,size=4194304]} | ret=SUCCESS |  
2019-08-21 19:23:57,531 [grpc-default-executor-6] INFO  client.GrpcClientProtocolClient (GrpcClientProtocolClient.java:onNext(255)) - client-DA9582518C67->1df8bd03-73ef-4b9c-8622-5dc9d0e29c31: receive RaftClientReply:client-DA9582518C67->1df8bd03-73ef-4b9c-8622-5dc9d0e29c31@group-F45402591F47, cid=746, SUCCESS, logIndex=922, commits[1df8bd03-73ef-4b9c-8622-5dc9d0e29c31:c923, 12aca755-ada5-42df-801b-c61f99d8e8b8:c919, a308b8bf-0324-43a1-a87f-1e10a96e3042:c919]
2019-08-21 19:23:57,531 [grpc-default-executor-6] INFO  client.GrpcClientProtocolClient (GrpcClientProtocolClient.java:onNext(255)) - client-DA9582518C67->1df8bd03-73ef-4b9c-8622-5dc9d0e29c31: receive RaftClientReply:client-DA9582518C67->1df8bd03-73ef-4b9c-8622-5dc9d0e29c31@group-F45402591F47, cid=747, SUCCESS, logIndex=923, commits[1df8bd03-73ef-4b9c-8622-5dc9d0e29c31:c923, 12aca755-ada5-42df-801b-c61f99d8e8b8:c919, a308b8bf-0324-43a1-a87f-1e10a96e3042:c919]
2019-08-21 19:23:57,542 | INFO  | DNAudit | user=null | ip=null | op=WRITE_CHUNK {blockData=conID: 2 locID: 102656601978044833 bcsId: 919} | ret=SUCCESS |  
2019-08-21 19:23:57,542 | INFO  | DNAudit | user=null | ip=null | op=WRITE_CHUNK {blockData=conID: 2 locID: 102656601978044833 bcsId: 919} | ret=SUCCESS |  
2019-08-21 19:23:57,542 | INFO  | DNAudit | user=null | ip=null | op=PUT_BLOCK {blockData=[blockId=conID: 2 locID: 102656601978044833 bcsId: 0,size=4194304]} | ret=SUCCESS |  
2019-08-21 19:23:57,542 | INFO  | DNAudit | user=null | ip=null | op=PUT_BLOCK {blockData=[blockId=conID: 2 locID: 102656601978044833 bcsId: 0,size=4194304]} | ret=SUCCESS |  
2019-08-21 19:23:57,543 [grpc-default-executor-0] INFO  client.GrpcClientProtocolClient (GrpcClientProtocolClient.java:onNext(255)) - client-DA9582518C67->1df8bd03-73ef-4b9c-8622-5dc9d0e29c31: receive RaftClientReply:client-DA9582518C67->1df8bd03-73ef-4b9c-8622-5dc9d0e29c31@group-F45402591F47, cid=748, SUCCESS, logIndex=0, commits[1df8bd03-73ef-4b9c-8622-5dc9d0e29c31:c924, 12aca755-ada5-42df-801b-c61f99d8e8b8:c923, a308b8bf-0324-43a1-a87f-1e10a96e3042:c923]
2019-08-21 19:23:57,550 | INFO  | DNAudit | user=null | ip=null | op=WRITE_CHUNK {blockData=conID: 3 locID: 102656601978044834 bcsId: 0} | ret=SUCCESS |  
2019-08-21 19:23:57,554 | INFO  | DNAudit | user=null | ip=null | op=WRITE_CHUNK {blockData=conID: 3 locID: 102656601978044834 bcsId: 0} | ret=SUCCESS |  
2019-08-21 19:23:57,554 | INFO  | DNAudit | user=null | ip=null | op=WRITE_CHUNK {blockData=conID: 3 locID: 102656601978044834 bcsId: 0} | ret=SUCCESS |  
2019-08-21 19:23:57,554 | INFO  | DNAudit | user=null | ip=null | op=WRITE_CHUNK {blockData=conID: 3 locID: 102656601978044834 bcsId: 0} | ret=SUCCESS |  
2019-08-21 19:23:57,557 | INFO  | DNAudit | user=null | ip=null | op=WRITE_CHUNK {blockData=conID: 3 locID: 102656601978044834 bcsId: 0} | ret=SUCCESS |  
2019-08-21 19:23:57,557 | INFO  | DNAudit | user=null | ip=null | op=WRITE_CHUNK {blockData=conID: 3 locID: 102656601978044834 bcsId: 0} | ret=SUCCESS |  
2019-08-21 19:23:57,565 | INFO  | DNAudit | user=null | ip=null | op=WRITE_CHUNK {blockData=conID: 3 locID: 102656601978044834 bcsId: 0} | ret=SUCCESS |  
2019-08-21 19:23:57,566 | INFO  | DNAudit | user=null | ip=null | op=PUT_BLOCK {blockData=[blockId=conID: 3 locID: 102656601978044834 bcsId: 0,size=1048576]} | ret=SUCCESS |  
2019-08-21 19:23:57,566 [grpc-default-executor-6] INFO  client.GrpcClientProtocolClient (GrpcClientProtocolClient.java:onNext(255)) - client-DA9582518C67->1df8bd03-73ef-4b9c-8622-5dc9d0e29c31: receive RaftClientReply:client-DA9582518C67->1df8bd03-73ef-4b9c-8622-5dc9d0e29c31@group-F45402591F47, cid=749, SUCCESS, logIndex=926, commits[1df8bd03-73ef-4b9c-8622-5dc9d0e29c31:c927, 12aca755-ada5-42df-801b-c61f99d8e8b8:c925, a308b8bf-0324-43a1-a87f-1e10a96e3042:c925]
2019-08-21 19:23:57,566 [grpc-default-executor-6] INFO  client.GrpcClientProtocolClient (GrpcClientProtocolClient.java:onNext(255)) - client-DA9582518C67->1df8bd03-73ef-4b9c-8622-5dc9d0e29c31: receive RaftClientReply:client-DA9582518C67->1df8bd03-73ef-4b9c-8622-5dc9d0e29c31@group-F45402591F47, cid=750, SUCCESS, logIndex=927, commits[1df8bd03-73ef-4b9c-8622-5dc9d0e29c31:c927, 12aca755-ada5-42df-801b-c61f99d8e8b8:c925, a308b8bf-0324-43a1-a87f-1e10a96e3042:c925]
2019-08-21 19:23:57,578 | INFO  | DNAudit | user=null | ip=null | op=WRITE_CHUNK {blockData=conID: 3 locID: 102656601978044834 bcsId: 0} | ret=SUCCESS |  
2019-08-21 19:23:57,579 | INFO  | DNAudit | user=null | ip=null | op=PUT_BLOCK {blockData=[blockId=conID: 3 locID: 102656601978044834 bcsId: 0,size=2097152]} | ret=SUCCESS |  
2019-08-21 19:23:57,579 [grpc-default-executor-0] INFO  client.GrpcClientProtocolClient (GrpcClientProtocolClient.java:onNext(255)) - client-DA9582518C67->1df8bd03-73ef-4b9c-8622-5dc9d0e29c31: receive RaftClientReply:client-DA9582518C67->1df8bd03-73ef-4b9c-8622-5dc9d0e29c31@group-F45402591F47, cid=751, SUCCESS, logIndex=928, commits[1df8bd03-73ef-4b9c-8622-5dc9d0e29c31:c929, 12aca755-ada5-42df-801b-c61f99d8e8b8:c925, a308b8bf-0324-43a1-a87f-1e10a96e3042:c925]
2019-08-21 19:23:57,579 [grpc-default-executor-0] INFO  client.GrpcClientProtocolClient (GrpcClientProtocolClient.java:onNext(255)) - client-DA9582518C67->1df8bd03-73ef-4b9c-8622-5dc9d0e29c31: receive RaftClientReply:client-DA9582518C67->1df8bd03-73ef-4b9c-8622-5dc9d0e29c31@group-F45402591F47, cid=752, SUCCESS, logIndex=929, commits[1df8bd03-73ef-4b9c-8622-5dc9d0e29c31:c929, 12aca755-ada5-42df-801b-c61f99d8e8b8:c925, a308b8bf-0324-43a1-a87f-1e10a96e3042:c925]
2019-08-21 19:23:57,589 | INFO  | DNAudit | user=null | ip=null | op=WRITE_CHUNK {blockData=conID: 3 locID: 102656601978044834 bcsId: 0} | ret=SUCCESS |  
2019-08-21 19:23:57,589 | INFO  | DNAudit | user=null | ip=null | op=WRITE_CHUNK {blockData=conID: 3 locID: 102656601978044834 bcsId: 0} | ret=SUCCESS |  
2019-08-21 19:23:57,589 | INFO  | DNAudit | user=null | ip=null | op=PUT_BLOCK {blockData=[blockId=conID: 3 locID: 102656601978044834 bcsId: 0,size=1048576]} | ret=SUCCESS |  
2019-08-21 19:23:57,589 | INFO  | DNAudit | user=null | ip=null | op=PUT_BLOCK {blockData=[blockId=conID: 3 locID: 102656601978044834 bcsId: 0,size=1048576]} | ret=SUCCESS |  
2019-08-21 19:23:57,590 [grpc-default-executor-0] INFO  client.GrpcClientProtocolClient (GrpcClientProtocolClient.java:onNext(255)) - client-DA9582518C67->1df8bd03-73ef-4b9c-8622-5dc9d0e29c31: receive RaftClientReply:client-DA9582518C67->1df8bd03-73ef-4b9c-8622-5dc9d0e29c31@group-F45402591F47, cid=753, SUCCESS, logIndex=0, commits[1df8bd03-73ef-4b9c-8622-5dc9d0e29c31:c929, 12aca755-ada5-42df-801b-c61f99d8e8b8:c927, a308b8bf-0324-43a1-a87f-1e10a96e3042:c927]
2019-08-21 19:23:57,591 | INFO  | DNAudit | user=null | ip=null | op=WRITE_CHUNK {blockData=conID: 3 locID: 102656601978044834 bcsId: 0} | ret=SUCCESS |  
2019-08-21 19:23:57,592 | INFO  | DNAudit | user=null | ip=null | op=PUT_BLOCK {blockData=[blockId=conID: 3 locID: 102656601978044834 bcsId: 0,size=2097152]} | ret=SUCCESS |  
2019-08-21 19:23:57,598 | INFO  | DNAudit | user=null | ip=null | op=WRITE_CHUNK {blockData=conID: 3 locID: 102656601978044834 bcsId: 929} | ret=SUCCESS |  
2019-08-21 19:23:57,601 | INFO  | DNAudit | user=null | ip=null | op=WRITE_CHUNK {blockData=conID: 3 locID: 102656601978044834 bcsId: 929} | ret=SUCCESS |  
2019-08-21 19:23:57,602 | INFO  | DNAudit | user=null | ip=null | op=WRITE_CHUNK {blockData=conID: 3 locID: 102656601978044834 bcsId: 929} | ret=SUCCESS |  
2019-08-21 19:23:57,603 | INFO  | DNAudit | user=null | ip=null | op=WRITE_CHUNK {blockData=conID: 3 locID: 102656601978044834 bcsId: 0} | ret=SUCCESS |  
2019-08-21 19:23:57,603 | INFO  | DNAudit | user=null | ip=null | op=PUT_BLOCK {blockData=[blockId=conID: 3 locID: 102656601978044834 bcsId: 0,size=2097152]} | ret=SUCCESS |  
2019-08-21 19:23:57,605 | INFO  | DNAudit | user=null | ip=null | op=WRITE_CHUNK {blockData=conID: 3 locID: 102656601978044834 bcsId: 929} | ret=SUCCESS |  
2019-08-21 19:23:57,606 | INFO  | DNAudit | user=null | ip=null | op=PUT_BLOCK {blockData=[blockId=conID: 3 locID: 102656601978044834 bcsId: 0,size=3145728]} | ret=SUCCESS |  
2019-08-21 19:23:57,606 [grpc-default-executor-0] INFO  client.GrpcClientProtocolClient (GrpcClientProtocolClient.java:onNext(255)) - client-DA9582518C67->1df8bd03-73ef-4b9c-8622-5dc9d0e29c31: receive RaftClientReply:client-DA9582518C67->1df8bd03-73ef-4b9c-8622-5dc9d0e29c31@group-F45402591F47, cid=754, SUCCESS, logIndex=934, commits[1df8bd03-73ef-4b9c-8622-5dc9d0e29c31:c935, 12aca755-ada5-42df-801b-c61f99d8e8b8:c929, a308b8bf-0324-43a1-a87f-1e10a96e3042:c933]
2019-08-21 19:23:57,606 [grpc-default-executor-0] INFO  client.GrpcClientProtocolClient (GrpcClientProtocolClient.java:onNext(255)) - client-DA9582518C67->1df8bd03-73ef-4b9c-8622-5dc9d0e29c31: receive RaftClientReply:client-DA9582518C67->1df8bd03-73ef-4b9c-8622-5dc9d0e29c31@group-F45402591F47, cid=755, SUCCESS, logIndex=935, commits[1df8bd03-73ef-4b9c-8622-5dc9d0e29c31:c935, 12aca755-ada5-42df-801b-c61f99d8e8b8:c929, a308b8bf-0324-43a1-a87f-1e10a96e3042:c933]
2019-08-21 19:23:57,614 | INFO  | DNAudit | user=null | ip=null | op=WRITE_CHUNK {blockData=conID: 3 locID: 102656601978044834 bcsId: 935} | ret=SUCCESS |  
2019-08-21 19:23:57,617 | INFO  | DNAudit | user=null | ip=null | op=WRITE_CHUNK {blockData=conID: 3 locID: 102656601978044834 bcsId: 935} | ret=SUCCESS |  
2019-08-21 19:23:57,617 | INFO  | DNAudit | user=null | ip=null | op=WRITE_CHUNK {blockData=conID: 3 locID: 102656601978044834 bcsId: 929} | ret=SUCCESS |  
2019-08-21 19:23:57,618 | INFO  | DNAudit | user=null | ip=null | op=WRITE_CHUNK {blockData=conID: 3 locID: 102656601978044834 bcsId: 935} | ret=SUCCESS |  
2019-08-21 19:23:57,629 | INFO  | DNAudit | user=null | ip=null | op=WRITE_CHUNK {blockData=conID: 3 locID: 102656601978044834 bcsId: 929} | ret=SUCCESS |  
2019-08-21 19:23:57,629 | INFO  | DNAudit | user=null | ip=null | op=PUT_BLOCK {blockData=[blockId=conID: 3 locID: 102656601978044834 bcsId: 0,size=3145728]} | ret=SUCCESS |  
2019-08-21 19:23:57,631 | INFO  | DNAudit | user=null | ip=null | op=PUT_BLOCK {blockData=[blockId=conID: 3 locID: 102656601978044834 bcsId: 0,size=3145728]} | ret=SUCCESS |  
2019-08-21 19:23:57,631 | INFO  | DNAudit | user=null | ip=null | op=WRITE_CHUNK {blockData=conID: 3 locID: 102656601978044834 bcsId: 935} | ret=SUCCESS |  
2019-08-21 19:23:57,636 [grpc-default-executor-5] INFO  client.GrpcClientProtocolClient (GrpcClientProtocolClient.java:onNext(255)) - client-DA9582518C67->1df8bd03-73ef-4b9c-8622-5dc9d0e29c31: receive RaftClientReply:client-DA9582518C67->1df8bd03-73ef-4b9c-8622-5dc9d0e29c31@group-F45402591F47, cid=756, SUCCESS, logIndex=938, commits[1df8bd03-73ef-4b9c-8622-5dc9d0e29c31:c938, 12aca755-ada5-42df-801b-c61f99d8e8b8:c935, a308b8bf-0324-43a1-a87f-1e10a96e3042:c935]
2019-08-21 19:23:57,636 | INFO  | DNAudit | user=null | ip=null | op=PUT_BLOCK {blockData=[blockId=conID: 3 locID: 102656601978044834 bcsId: 0,size=4194304]} | ret=SUCCESS |  
2019-08-21 19:23:57,637 [grpc-default-executor-6] INFO  client.GrpcClientProtocolClient (GrpcClientProtocolClient.java:onNext(255)) - client-DA9582518C67->1df8bd03-73ef-4b9c-8622-5dc9d0e29c31: receive RaftClientReply:client-DA9582518C67->1df8bd03-73ef-4b9c-8622-5dc9d0e29c31@group-F45402591F47, cid=757, SUCCESS, logIndex=939, commits[1df8bd03-73ef-4b9c-8622-5dc9d0e29c31:c939, 12aca755-ada5-42df-801b-c61f99d8e8b8:c935, a308b8bf-0324-43a1-a87f-1e10a96e3042:c935]
2019-08-21 19:23:57,642 | INFO  | DNAudit | user=null | ip=null | op=WRITE_CHUNK {blockData=conID: 3 locID: 102656601978044834 bcsId: 935} | ret=SUCCESS |  
2019-08-21 19:23:57,653 | INFO  | DNAudit | user=null | ip=null | op=WRITE_CHUNK {blockData=conID: 3 locID: 102656601978044834 bcsId: 935} | ret=SUCCESS |  
2019-08-21 19:23:57,653 | INFO  | DNAudit | user=null | ip=null | op=PUT_BLOCK {blockData=[blockId=conID: 3 locID: 102656601978044834 bcsId: 0,size=4194304]} | ret=SUCCESS |  
2019-08-21 19:23:57,655 | INFO  | DNAudit | user=null | ip=null | op=PUT_BLOCK {blockData=[blockId=conID: 3 locID: 102656601978044834 bcsId: 0,size=4194304]} | ret=SUCCESS |  
2019-08-21 19:23:57,655 [grpc-default-executor-6] INFO  client.GrpcClientProtocolClient (GrpcClientProtocolClient.java:onNext(255)) - client-DA9582518C67->1df8bd03-73ef-4b9c-8622-5dc9d0e29c31: receive RaftClientReply:client-DA9582518C67->1df8bd03-73ef-4b9c-8622-5dc9d0e29c31@group-F45402591F47, cid=758, SUCCESS, logIndex=0, commits[1df8bd03-73ef-4b9c-8622-5dc9d0e29c31:c941, 12aca755-ada5-42df-801b-c61f99d8e8b8:c939, a308b8bf-0324-43a1-a87f-1e10a96e3042:c939]
2019-08-21 19:23:57,663 | INFO  | DNAudit | user=null | ip=null | op=WRITE_CHUNK {blockData=conID: 1 locID: 102656601978110371 bcsId: 0} | ret=SUCCESS |  
2019-08-21 19:23:57,665 | INFO  | DNAudit | user=null | ip=null | op=WRITE_CHUNK {blockData=conID: 1 locID: 102656601978110371 bcsId: 0} | ret=SUCCESS |  
2019-08-21 19:23:57,665 | INFO  | DNAudit | user=null | ip=null | op=WRITE_CHUNK {blockData=conID: 1 locID: 102656601978110371 bcsId: 0} | ret=SUCCESS |  
2019-08-21 19:23:57,667 | INFO  | DNAudit | user=null | ip=null | op=WRITE_CHUNK {blockData=conID: 1 locID: 102656601978110371 bcsId: 0} | ret=SUCCESS |  
2019-08-21 19:23:57,668 | INFO  | DNAudit | user=null | ip=null | op=WRITE_CHUNK {blockData=conID: 1 locID: 102656601978110371 bcsId: 0} | ret=SUCCESS |  
2019-08-21 19:23:57,669 | INFO  | DNAudit | user=null | ip=null | op=WRITE_CHUNK {blockData=conID: 1 locID: 102656601978110371 bcsId: 0} | ret=SUCCESS |  
2019-08-21 19:23:57,677 | INFO  | DNAudit | user=null | ip=null | op=WRITE_CHUNK {blockData=conID: 1 locID: 102656601978110371 bcsId: 0} | ret=SUCCESS |  
2019-08-21 19:23:57,677 | INFO  | DNAudit | user=null | ip=null | op=PUT_BLOCK {blockData=[blockId=conID: 1 locID: 102656601978110371 bcsId: 0,size=1048576]} | ret=SUCCESS |  
2019-08-21 19:23:57,677 [grpc-default-executor-5] INFO  client.GrpcClientProtocolClient (GrpcClientProtocolClient.java:onNext(255)) - client-DA9582518C67->1df8bd03-73ef-4b9c-8622-5dc9d0e29c31: receive RaftClientReply:client-DA9582518C67->1df8bd03-73ef-4b9c-8622-5dc9d0e29c31@group-F45402591F47, cid=759, SUCCESS, logIndex=942, commits[1df8bd03-73ef-4b9c-8622-5dc9d0e29c31:c943, 12aca755-ada5-42df-801b-c61f99d8e8b8:c941, a308b8bf-0324-43a1-a87f-1e10a96e3042:c941]
2019-08-21 19:23:57,678 [grpc-default-executor-5] INFO  client.GrpcClientProtocolClient (GrpcClientProtocolClient.java:onNext(255)) - client-DA9582518C67->1df8bd03-73ef-4b9c-8622-5dc9d0e29c31: receive RaftClientReply:client-DA9582518C67->1df8bd03-73ef-4b9c-8622-5dc9d0e29c31@group-F45402591F47, cid=760, SUCCESS, logIndex=943, commits[1df8bd03-73ef-4b9c-8622-5dc9d0e29c31:c943, 12aca755-ada5-42df-801b-c61f99d8e8b8:c941, a308b8bf-0324-43a1-a87f-1e10a96e3042:c941]
2019-08-21 19:23:57,685 | INFO  | DNAudit | user=null | ip=null | op=WRITE_CHUNK {blockData=conID: 1 locID: 102656601978110371 bcsId: 0} | ret=SUCCESS |  
2019-08-21 19:23:57,686 | INFO  | DNAudit | user=null | ip=null | op=PUT_BLOCK {blockData=[blockId=conID: 1 locID: 102656601978110371 bcsId: 0,size=2097152]} | ret=SUCCESS |  
2019-08-21 19:23:57,686 [grpc-default-executor-0] INFO  client.GrpcClientProtocolClient (GrpcClientProtocolClient.java:onNext(255)) - client-DA9582518C67->1df8bd03-73ef-4b9c-8622-5dc9d0e29c31: receive RaftClientReply:client-DA9582518C67->1df8bd03-73ef-4b9c-8622-5dc9d0e29c31@group-F45402591F47, cid=761, SUCCESS, logIndex=944, commits[1df8bd03-73ef-4b9c-8622-5dc9d0e29c31:c945, 12aca755-ada5-42df-801b-c61f99d8e8b8:c941, a308b8bf-0324-43a1-a87f-1e10a96e3042:c941]
2019-08-21 19:23:57,686 [grpc-default-executor-0] INFO  client.GrpcClientProtocolClient (GrpcClientProtocolClient.java:onNext(255)) - client-DA9582518C67->1df8bd03-73ef-4b9c-8622-5dc9d0e29c31: receive RaftClientReply:client-DA9582518C67->1df8bd03-73ef-4b9c-8622-5dc9d0e29c31@group-F45402591F47, cid=762, SUCCESS, logIndex=945, commits[1df8bd03-73ef-4b9c-8622-5dc9d0e29c31:c945, 12aca755-ada5-42df-801b-c61f99d8e8b8:c941, a308b8bf-0324-43a1-a87f-1e10a96e3042:c941]
2019-08-21 19:23:57,687 | INFO  | DNAudit | user=null | ip=null | op=WRITE_CHUNK {blockData=conID: 1 locID: 102656601978110371 bcsId: 0} | ret=SUCCESS |  
2019-08-21 19:23:57,688 | INFO  | DNAudit | user=null | ip=null | op=PUT_BLOCK {blockData=[blockId=conID: 1 locID: 102656601978110371 bcsId: 0,size=1048576]} | ret=SUCCESS |  
2019-08-21 19:23:57,699 | INFO  | DNAudit | user=null | ip=null | op=WRITE_CHUNK {blockData=conID: 1 locID: 102656601978110371 bcsId: 0} | ret=SUCCESS |  
2019-08-21 19:23:57,699 | INFO  | DNAudit | user=null | ip=null | op=WRITE_CHUNK {blockData=conID: 1 locID: 102656601978110371 bcsId: 0} | ret=SUCCESS |  
2019-08-21 19:23:57,700 | INFO  | DNAudit | user=null | ip=null | op=PUT_BLOCK {blockData=[blockId=conID: 1 locID: 102656601978110371 bcsId: 0,size=1048576]} | ret=SUCCESS |  
2019-08-21 19:23:57,700 | INFO  | DNAudit | user=null | ip=null | op=PUT_BLOCK {blockData=[blockId=conID: 1 locID: 102656601978110371 bcsId: 0,size=2097152]} | ret=SUCCESS |  
2019-08-21 19:23:57,700 [grpc-default-executor-0] INFO  client.GrpcClientProtocolClient (GrpcClientProtocolClient.java:onNext(255)) - client-DA9582518C67->1df8bd03-73ef-4b9c-8622-5dc9d0e29c31: receive RaftClientReply:client-DA9582518C67->1df8bd03-73ef-4b9c-8622-5dc9d0e29c31@group-F45402591F47, cid=763, SUCCESS, logIndex=0, commits[1df8bd03-73ef-4b9c-8622-5dc9d0e29c31:c946, 12aca755-ada5-42df-801b-c61f99d8e8b8:c943, a308b8bf-0324-43a1-a87f-1e10a96e3042:c943]
2019-08-21 19:23:57,700 | INFO  | DNAudit | user=null | ip=null | op=WRITE_CHUNK {blockData=conID: 1 locID: 102656601978110371 bcsId: 0} | ret=SUCCESS |  
2019-08-21 19:23:57,700 | INFO  | DNAudit | user=null | ip=null | op=PUT_BLOCK {blockData=[blockId=conID: 1 locID: 102656601978110371 bcsId: 0,size=2097152]} | ret=SUCCESS |  
2019-08-21 19:23:57,706 | INFO  | DNAudit | user=null | ip=null | op=WRITE_CHUNK {blockData=conID: 1 locID: 102656601978110371 bcsId: 945} | ret=SUCCESS |  
2019-08-21 19:23:57,710 | INFO  | DNAudit | user=null | ip=null | op=WRITE_CHUNK {blockData=conID: 1 locID: 102656601978110371 bcsId: 945} | ret=SUCCESS |  
2019-08-21 19:23:57,710 | INFO  | DNAudit | user=null | ip=null | op=WRITE_CHUNK {blockData=conID: 1 locID: 102656601978110371 bcsId: 945} | ret=SUCCESS |  
2019-08-21 19:23:57,727 | INFO  | DNAudit | user=null | ip=null | op=WRITE_CHUNK {blockData=conID: 1 locID: 102656601978110371 bcsId: 945} | ret=SUCCESS |  
2019-08-21 19:23:57,728 | INFO  | DNAudit | user=null | ip=null | op=PUT_BLOCK {blockData=[blockId=conID: 1 locID: 102656601978110371 bcsId: 0,size=3145728]} | ret=SUCCESS |  
2019-08-21 19:23:57,728 [grpc-default-executor-5] INFO  client.GrpcClientProtocolClient (GrpcClientProtocolClient.java:onNext(255)) - client-DA9582518C67->1df8bd03-73ef-4b9c-8622-5dc9d0e29c31: receive RaftClientReply:client-DA9582518C67->1df8bd03-73ef-4b9c-8622-5dc9d0e29c31@group-F45402591F47, cid=764, SUCCESS, logIndex=949, commits[1df8bd03-73ef-4b9c-8622-5dc9d0e29c31:c950, 12aca755-ada5-42df-801b-c61f99d8e8b8:c947, a308b8bf-0324-43a1-a87f-1e10a96e3042:c947]
2019-08-21 19:23:57,729 [grpc-default-executor-5] INFO  client.GrpcClientProtocolClient (GrpcClientProtocolClient.java:onNext(255)) - client-DA9582518C67->1df8bd03-73ef-4b9c-8622-5dc9d0e29c31: receive RaftClientReply:client-DA9582518C67->1df8bd03-73ef-4b9c-8622-5dc9d0e29c31@group-F45402591F47, cid=765, SUCCESS, logIndex=950, commits[1df8bd03-73ef-4b9c-8622-5dc9d0e29c31:c950, 12aca755-ada5-42df-801b-c61f99d8e8b8:c947, a308b8bf-0324-43a1-a87f-1e10a96e3042:c947]
2019-08-21 19:23:57,735 | INFO  | DNAudit | user=null | ip=null | op=WRITE_CHUNK {blockData=conID: 1 locID: 102656601978110371 bcsId: 950} | ret=SUCCESS |  
2019-08-21 19:23:57,738 | INFO  | DNAudit | user=null | ip=null | op=WRITE_CHUNK {blockData=conID: 1 locID: 102656601978110371 bcsId: 950} | ret=SUCCESS |  
2019-08-21 19:23:57,739 | INFO  | DNAudit | user=null | ip=null | op=WRITE_CHUNK {blockData=conID: 1 locID: 102656601978110371 bcsId: 950} | ret=SUCCESS |  
2019-08-21 19:23:57,755 | INFO  | DNAudit | user=null | ip=null | op=WRITE_CHUNK {blockData=conID: 1 locID: 102656601978110371 bcsId: 945} | ret=SUCCESS |  
2019-08-21 19:23:57,755 | INFO  | DNAudit | user=null | ip=null | op=WRITE_CHUNK {blockData=conID: 1 locID: 102656601978110371 bcsId: 945} | ret=SUCCESS |  
2019-08-21 19:23:57,755 | INFO  | DNAudit | user=null | ip=null | op=PUT_BLOCK {blockData=[blockId=conID: 1 locID: 102656601978110371 bcsId: 0,size=3145728]} | ret=SUCCESS |  
2019-08-21 19:23:57,755 | INFO  | DNAudit | user=null | ip=null | op=PUT_BLOCK {blockData=[blockId=conID: 1 locID: 102656601978110371 bcsId: 0,size=3145728]} | ret=SUCCESS |  
2019-08-21 19:23:57,757 | INFO  | DNAudit | user=null | ip=null | op=WRITE_CHUNK {blockData=conID: 1 locID: 102656601978110371 bcsId: 950} | ret=SUCCESS |  
2019-08-21 19:23:57,758 | INFO  | DNAudit | user=null | ip=null | op=PUT_BLOCK {blockData=[blockId=conID: 1 locID: 102656601978110371 bcsId: 0,size=4194304]} | ret=SUCCESS |  
2019-08-21 19:23:57,758 [grpc-default-executor-5] INFO  client.GrpcClientProtocolClient (GrpcClientProtocolClient.java:onNext(255)) - client-DA9582518C67->1df8bd03-73ef-4b9c-8622-5dc9d0e29c31: receive RaftClientReply:client-DA9582518C67->1df8bd03-73ef-4b9c-8622-5dc9d0e29c31@group-F45402591F47, cid=766, SUCCESS, logIndex=953, commits[1df8bd03-73ef-4b9c-8622-5dc9d0e29c31:c954, 12aca755-ada5-42df-801b-c61f99d8e8b8:c950, a308b8bf-0324-43a1-a87f-1e10a96e3042:c950]
2019-08-21 19:23:57,758 [grpc-default-executor-5] INFO  client.GrpcClientProtocolClient (GrpcClientProtocolClient.java:onNext(255)) - client-DA9582518C67->1df8bd03-73ef-4b9c-8622-5dc9d0e29c31: receive RaftClientReply:client-DA9582518C67->1df8bd03-73ef-4b9c-8622-5dc9d0e29c31@group-F45402591F47, cid=767, SUCCESS, logIndex=954, commits[1df8bd03-73ef-4b9c-8622-5dc9d0e29c31:c954, 12aca755-ada5-42df-801b-c61f99d8e8b8:c950, a308b8bf-0324-43a1-a87f-1e10a96e3042:c950]
2019-08-21 19:23:57,770 | INFO  | DNAudit | user=null | ip=null | op=WRITE_CHUNK {blockData=conID: 1 locID: 102656601978110371 bcsId: 950} | ret=SUCCESS |  
2019-08-21 19:23:57,770 | INFO  | DNAudit | user=null | ip=null | op=PUT_BLOCK {blockData=[blockId=conID: 1 locID: 102656601978110371 bcsId: 0,size=4194304]} | ret=SUCCESS |  
2019-08-21 19:23:57,781 | INFO  | DNAudit | user=null | ip=null | op=WRITE_CHUNK {blockData=conID: 1 locID: 102656601978110371 bcsId: 950} | ret=SUCCESS |  
2019-08-21 19:23:57,781 | INFO  | DNAudit | user=null | ip=null | op=PUT_BLOCK {blockData=[blockId=conID: 1 locID: 102656601978110371 bcsId: 0,size=4194304]} | ret=SUCCESS |  
2019-08-21 19:23:57,781 [grpc-default-executor-5] INFO  client.GrpcClientProtocolClient (GrpcClientProtocolClient.java:onNext(255)) - client-DA9582518C67->1df8bd03-73ef-4b9c-8622-5dc9d0e29c31: receive RaftClientReply:client-DA9582518C67->1df8bd03-73ef-4b9c-8622-5dc9d0e29c31@group-F45402591F47, cid=768, SUCCESS, logIndex=0, commits[1df8bd03-73ef-4b9c-8622-5dc9d0e29c31:c955, 12aca755-ada5-42df-801b-c61f99d8e8b8:c954, a308b8bf-0324-43a1-a87f-1e10a96e3042:c954]
2019-08-21 19:23:57,789 | INFO  | DNAudit | user=null | ip=null | op=WRITE_CHUNK {blockData=conID: 2 locID: 102656601978110372 bcsId: 0} | ret=SUCCESS |  
2019-08-21 19:23:57,792 | INFO  | DNAudit | user=null | ip=null | op=WRITE_CHUNK {blockData=conID: 2 locID: 102656601978110372 bcsId: 0} | ret=SUCCESS |  
2019-08-21 19:23:57,793 | INFO  | DNAudit | user=null | ip=null | op=WRITE_CHUNK {blockData=conID: 2 locID: 102656601978110372 bcsId: 0} | ret=SUCCESS |  
2019-08-21 19:23:57,793 | INFO  | DNAudit | user=null | ip=null | op=WRITE_CHUNK {blockData=conID: 2 locID: 102656601978110372 bcsId: 0} | ret=SUCCESS |  
2019-08-21 19:23:57,796 | INFO  | DNAudit | user=null | ip=null | op=WRITE_CHUNK {blockData=conID: 2 locID: 102656601978110372 bcsId: 0} | ret=SUCCESS |  
2019-08-21 19:23:57,797 | INFO  | DNAudit | user=null | ip=null | op=WRITE_CHUNK {blockData=conID: 2 locID: 102656601978110372 bcsId: 0} | ret=SUCCESS |  
2019-08-21 19:23:57,798 | INFO  | DNAudit | user=null | ip=null | op=WRITE_CHUNK {blockData=conID: 2 locID: 102656601978110372 bcsId: 0} | ret=SUCCESS |  
2019-08-21 19:23:57,798 | INFO  | DNAudit | user=null | ip=null | op=PUT_BLOCK {blockData=[blockId=conID: 2 locID: 102656601978110372 bcsId: 0,size=1048576]} | ret=SUCCESS |  
2019-08-21 19:23:57,799 | INFO  | DNAudit | user=null | ip=null | op=WRITE_CHUNK {blockData=conID: 2 locID: 102656601978110372 bcsId: 0} | ret=SUCCESS |  
2019-08-21 19:23:57,799 [grpc-default-executor-0] INFO  client.GrpcClientProtocolClient (GrpcClientProtocolClient.java:onNext(255)) - client-DA9582518C67->1df8bd03-73ef-4b9c-8622-5dc9d0e29c31: receive RaftClientReply:client-DA9582518C67->1df8bd03-73ef-4b9c-8622-5dc9d0e29c31@group-F45402591F47, cid=769, SUCCESS, logIndex=957, commits[1df8bd03-73ef-4b9c-8622-5dc9d0e29c31:c958, 12aca755-ada5-42df-801b-c61f99d8e8b8:c956, a308b8bf-0324-43a1-a87f-1e10a96e3042:c956]
2019-08-21 19:23:57,799 | INFO  | DNAudit | user=null | ip=null | op=PUT_BLOCK {blockData=[blockId=conID: 2 locID: 102656601978110372 bcsId: 0,size=2097152]} | ret=SUCCESS |  
2019-08-21 19:23:57,800 | INFO  | DNAudit | user=null | ip=null | op=WRITE_CHUNK {blockData=conID: 2 locID: 102656601978110372 bcsId: 0} | ret=SUCCESS |  
2019-08-21 19:23:57,800 [grpc-default-executor-2] INFO  client.GrpcClientProtocolClient (GrpcClientProtocolClient.java:onNext(255)) - client-DA9582518C67->1df8bd03-73ef-4b9c-8622-5dc9d0e29c31: receive RaftClientReply:client-DA9582518C67->1df8bd03-73ef-4b9c-8622-5dc9d0e29c31@group-F45402591F47, cid=770, SUCCESS, logIndex=958, commits[1df8bd03-73ef-4b9c-8622-5dc9d0e29c31:c959, 12aca755-ada5-42df-801b-c61f99d8e8b8:c956, a308b8bf-0324-43a1-a87f-1e10a96e3042:c956]
2019-08-21 19:23:57,800 | INFO  | DNAudit | user=null | ip=null | op=PUT_BLOCK {blockData=[blockId=conID: 2 locID: 102656601978110372 bcsId: 0,size=1048576]} | ret=SUCCESS |  
2019-08-21 19:23:57,800 [grpc-default-executor-2] INFO  client.GrpcClientProtocolClient (GrpcClientProtocolClient.java:onNext(255)) - client-DA9582518C67->1df8bd03-73ef-4b9c-8622-5dc9d0e29c31: receive RaftClientReply:client-DA9582518C67->1df8bd03-73ef-4b9c-8622-5dc9d0e29c31@group-F45402591F47, cid=771, SUCCESS, logIndex=959, commits[1df8bd03-73ef-4b9c-8622-5dc9d0e29c31:c960, 12aca755-ada5-42df-801b-c61f99d8e8b8:c956, a308b8bf-0324-43a1-a87f-1e10a96e3042:c956]
2019-08-21 19:23:57,800 [grpc-default-executor-2] INFO  client.GrpcClientProtocolClient (GrpcClientProtocolClient.java:onNext(255)) - client-DA9582518C67->1df8bd03-73ef-4b9c-8622-5dc9d0e29c31: receive RaftClientReply:client-DA9582518C67->1df8bd03-73ef-4b9c-8622-5dc9d0e29c31@group-F45402591F47, cid=772, SUCCESS, logIndex=960, commits[1df8bd03-73ef-4b9c-8622-5dc9d0e29c31:c960, 12aca755-ada5-42df-801b-c61f99d8e8b8:c956, a308b8bf-0324-43a1-a87f-1e10a96e3042:c956]
2019-08-21 19:23:57,802 | INFO  | DNAudit | user=null | ip=null | op=WRITE_CHUNK {blockData=conID: 2 locID: 102656601978110372 bcsId: 0} | ret=SUCCESS |  
2019-08-21 19:23:57,802 | INFO  | DNAudit | user=null | ip=null | op=PUT_BLOCK {blockData=[blockId=conID: 2 locID: 102656601978110372 bcsId: 0,size=1048576]} | ret=SUCCESS |  
2019-08-21 19:23:57,802 [grpc-default-executor-2] INFO  client.GrpcClientProtocolClient (GrpcClientProtocolClient.java:onNext(255)) - client-DA9582518C67->1df8bd03-73ef-4b9c-8622-5dc9d0e29c31: receive RaftClientReply:client-DA9582518C67->1df8bd03-73ef-4b9c-8622-5dc9d0e29c31@group-F45402591F47, cid=773, SUCCESS, logIndex=0, commits[1df8bd03-73ef-4b9c-8622-5dc9d0e29c31:c962, 12aca755-ada5-42df-801b-c61f99d8e8b8:c958, a308b8bf-0324-43a1-a87f-1e10a96e3042:c958]
2019-08-21 19:23:57,811 | INFO  | DNAudit | user=null | ip=null | op=WRITE_CHUNK {blockData=conID: 2 locID: 102656601978110372 bcsId: 960} | ret=SUCCESS |  
2019-08-21 19:23:57,812 | INFO  | DNAudit | user=null | ip=null | op=WRITE_CHUNK {blockData=conID: 2 locID: 102656601978110372 bcsId: 960} | ret=SUCCESS |  
2019-08-21 19:23:57,812 | INFO  | DNAudit | user=null | ip=null | op=WRITE_CHUNK {blockData=conID: 2 locID: 102656601978110372 bcsId: 960} | ret=SUCCESS |  
2019-08-21 19:23:57,813 | INFO  | DNAudit | user=null | ip=null | op=WRITE_CHUNK {blockData=conID: 2 locID: 102656601978110372 bcsId: 0} | ret=SUCCESS |  
2019-08-21 19:23:57,813 | INFO  | DNAudit | user=null | ip=null | op=WRITE_CHUNK {blockData=conID: 2 locID: 102656601978110372 bcsId: 0} | ret=SUCCESS |  
2019-08-21 19:23:57,813 | INFO  | DNAudit | user=null | ip=null | op=PUT_BLOCK {blockData=[blockId=conID: 2 locID: 102656601978110372 bcsId: 0,size=2097152]} | ret=SUCCESS |  
2019-08-21 19:23:57,813 | INFO  | DNAudit | user=null | ip=null | op=PUT_BLOCK {blockData=[blockId=conID: 2 locID: 102656601978110372 bcsId: 0,size=2097152]} | ret=SUCCESS |  
2019-08-21 19:23:57,825 | INFO  | DNAudit | user=null | ip=null | op=WRITE_CHUNK {blockData=conID: 2 locID: 102656601978110372 bcsId: 960} | ret=SUCCESS |  
2019-08-21 19:23:57,825 | INFO  | DNAudit | user=null | ip=null | op=PUT_BLOCK {blockData=[blockId=conID: 2 locID: 102656601978110372 bcsId: 0,size=3145728]} | ret=SUCCESS |  
2019-08-21 19:23:57,826 [grpc-default-executor-2] INFO  client.GrpcClientProtocolClient (GrpcClientProtocolClient.java:onNext(255)) - client-DA9582518C67->1df8bd03-73ef-4b9c-8622-5dc9d0e29c31: receive RaftClientReply:client-DA9582518C67->1df8bd03-73ef-4b9c-8622-5dc9d0e29c31@group-F45402591F47, cid=774, SUCCESS, logIndex=965, commits[1df8bd03-73ef-4b9c-8622-5dc9d0e29c31:c966, 12aca755-ada5-42df-801b-c61f99d8e8b8:c962, a308b8bf-0324-43a1-a87f-1e10a96e3042:c962]
2019-08-21 19:23:57,826 [grpc-default-executor-2] INFO  client.GrpcClientProtocolClient (GrpcClientProtocolClient.java:onNext(255)) - client-DA9582518C67->1df8bd03-73ef-4b9c-8622-5dc9d0e29c31: receive RaftClientReply:client-DA9582518C67->1df8bd03-73ef-4b9c-8622-5dc9d0e29c31@group-F45402591F47, cid=775, SUCCESS, logIndex=966, commits[1df8bd03-73ef-4b9c-8622-5dc9d0e29c31:c966, 12aca755-ada5-42df-801b-c61f99d8e8b8:c962, a308b8bf-0324-43a1-a87f-1e10a96e3042:c962]
2019-08-21 19:23:57,833 | INFO  | DNAudit | user=null | ip=null | op=WRITE_CHUNK {blockData=conID: 2 locID: 102656601978110372 bcsId: 966} | ret=SUCCESS |  
2019-08-21 19:23:57,835 | INFO  | DNAudit | user=null | ip=null | op=WRITE_CHUNK {blockData=conID: 2 locID: 102656601978110372 bcsId: 966} | ret=SUCCESS |  
2019-08-21 19:23:57,837 | INFO  | DNAudit | user=null | ip=null | op=WRITE_CHUNK {blockData=conID: 2 locID: 102656601978110372 bcsId: 966} | ret=SUCCESS |  
2019-08-21 19:23:57,838 | INFO  | DNAudit | user=null | ip=null | op=WRITE_CHUNK {blockData=conID: 2 locID: 102656601978110372 bcsId: 960} | ret=SUCCESS |  
2019-08-21 19:23:57,838 | INFO  | DNAudit | user=null | ip=null | op=WRITE_CHUNK {blockData=conID: 2 locID: 102656601978110372 bcsId: 960} | ret=SUCCESS |  
2019-08-21 19:23:57,838 | INFO  | DNAudit | user=null | ip=null | op=PUT_BLOCK {blockData=[blockId=conID: 2 locID: 102656601978110372 bcsId: 0,size=3145728]} | ret=SUCCESS |  
2019-08-21 19:23:57,838 | INFO  | DNAudit | user=null | ip=null | op=PUT_BLOCK {blockData=[blockId=conID: 2 locID: 102656601978110372 bcsId: 0,size=3145728]} | ret=SUCCESS |  
2019-08-21 19:23:57,851 | INFO  | DNAudit | user=null | ip=null | op=WRITE_CHUNK {blockData=conID: 2 locID: 102656601978110372 bcsId: 966} | ret=SUCCESS |  
2019-08-21 19:23:57,852 | INFO  | DNAudit | user=null | ip=null | op=PUT_BLOCK {blockData=[blockId=conID: 2 locID: 102656601978110372 bcsId: 0,size=4194304]} | ret=SUCCESS |  
2019-08-21 19:23:57,852 [grpc-default-executor-5] INFO  client.GrpcClientProtocolClient (GrpcClientProtocolClient.java:onNext(255)) - client-DA9582518C67->1df8bd03-73ef-4b9c-8622-5dc9d0e29c31: receive RaftClientReply:client-DA9582518C67->1df8bd03-73ef-4b9c-8622-5dc9d0e29c31@group-F45402591F47, cid=776, SUCCESS, logIndex=969, commits[1df8bd03-73ef-4b9c-8622-5dc9d0e29c31:c970, 12aca755-ada5-42df-801b-c61f99d8e8b8:c966, a308b8bf-0324-43a1-a87f-1e10a96e3042:c966]
2019-08-21 19:23:57,853 [grpc-default-executor-5] INFO  client.GrpcClientProtocolClient (GrpcClientProtocolClient.java:onNext(255)) - client-DA9582518C67->1df8bd03-73ef-4b9c-8622-5dc9d0e29c31: receive RaftClientReply:client-DA9582518C67->1df8bd03-73ef-4b9c-8622-5dc9d0e29c31@group-F45402591F47, cid=777, SUCCESS, logIndex=970, commits[1df8bd03-73ef-4b9c-8622-5dc9d0e29c31:c970, 12aca755-ada5-42df-801b-c61f99d8e8b8:c966, a308b8bf-0324-43a1-a87f-1e10a96e3042:c966]
2019-08-21 19:23:57,864 | INFO  | DNAudit | user=null | ip=null | op=WRITE_CHUNK {blockData=conID: 2 locID: 102656601978110372 bcsId: 966} | ret=SUCCESS |  
2019-08-21 19:23:57,864 | INFO  | DNAudit | user=null | ip=null | op=WRITE_CHUNK {blockData=conID: 2 locID: 102656601978110372 bcsId: 966} | ret=SUCCESS |  
2019-08-21 19:23:57,864 | INFO  | DNAudit | user=null | ip=null | op=PUT_BLOCK {blockData=[blockId=conID: 2 locID: 102656601978110372 bcsId: 0,size=4194304]} | ret=SUCCESS |  
2019-08-21 19:23:57,865 | INFO  | DNAudit | user=null | ip=null | op=PUT_BLOCK {blockData=[blockId=conID: 2 locID: 102656601978110372 bcsId: 0,size=4194304]} | ret=SUCCESS |  
2019-08-21 19:23:57,865 [grpc-default-executor-2] INFO  client.GrpcClientProtocolClient (GrpcClientProtocolClient.java:onNext(255)) - client-DA9582518C67->1df8bd03-73ef-4b9c-8622-5dc9d0e29c31: receive RaftClientReply:client-DA9582518C67->1df8bd03-73ef-4b9c-8622-5dc9d0e29c31@group-F45402591F47, cid=778, SUCCESS, logIndex=0, commits[1df8bd03-73ef-4b9c-8622-5dc9d0e29c31:c971, 12aca755-ada5-42df-801b-c61f99d8e8b8:c970, a308b8bf-0324-43a1-a87f-1e10a96e3042:c970]
2019-08-21 19:23:57,872 | INFO  | DNAudit | user=null | ip=null | op=WRITE_CHUNK {blockData=conID: 3 locID: 102656601978110373 bcsId: 0} | ret=SUCCESS |  
2019-08-21 19:23:57,876 | INFO  | DNAudit | user=null | ip=null | op=WRITE_CHUNK {blockData=conID: 3 locID: 102656601978110373 bcsId: 0} | ret=SUCCESS |  
2019-08-21 19:23:57,876 | INFO  | DNAudit | user=null | ip=null | op=WRITE_CHUNK {blockData=conID: 3 locID: 102656601978110373 bcsId: 0} | ret=SUCCESS |  
2019-08-21 19:23:57,877 | INFO  | DNAudit | user=null | ip=null | op=WRITE_CHUNK {blockData=conID: 3 locID: 102656601978110373 bcsId: 0} | ret=SUCCESS |  
2019-08-21 19:23:57,884 | INFO  | DNAudit | user=null | ip=null | op=WRITE_CHUNK {blockData=conID: 3 locID: 102656601978110373 bcsId: 0} | ret=SUCCESS |  
2019-08-21 19:23:57,884 | INFO  | DNAudit | user=null | ip=null | op=WRITE_CHUNK {blockData=conID: 3 locID: 102656601978110373 bcsId: 0} | ret=SUCCESS |  
2019-08-21 19:23:57,889 | INFO  | DNAudit | user=null | ip=null | op=WRITE_CHUNK {blockData=conID: 3 locID: 102656601978110373 bcsId: 0} | ret=SUCCESS |  
2019-08-21 19:23:57,890 | INFO  | DNAudit | user=null | ip=null | op=PUT_BLOCK {blockData=[blockId=conID: 3 locID: 102656601978110373 bcsId: 0,size=1048576]} | ret=SUCCESS |  
2019-08-21 19:23:57,890 [grpc-default-executor-5] INFO  client.GrpcClientProtocolClient (GrpcClientProtocolClient.java:onNext(255)) - client-DA9582518C67->1df8bd03-73ef-4b9c-8622-5dc9d0e29c31: receive RaftClientReply:client-DA9582518C67->1df8bd03-73ef-4b9c-8622-5dc9d0e29c31@group-F45402591F47, cid=779, SUCCESS, logIndex=973, commits[1df8bd03-73ef-4b9c-8622-5dc9d0e29c31:c974, 12aca755-ada5-42df-801b-c61f99d8e8b8:c971, a308b8bf-0324-43a1-a87f-1e10a96e3042:c971]
2019-08-21 19:23:57,891 [grpc-default-executor-5] INFO  client.GrpcClientProtocolClient (GrpcClientProtocolClient.java:onNext(255)) - client-DA9582518C67->1df8bd03-73ef-4b9c-8622-5dc9d0e29c31: receive RaftClientReply:client-DA9582518C67->1df8bd03-73ef-4b9c-8622-5dc9d0e29c31@group-F45402591F47, cid=780, SUCCESS, logIndex=974, commits[1df8bd03-73ef-4b9c-8622-5dc9d0e29c31:c974, 12aca755-ada5-42df-801b-c61f99d8e8b8:c971, a308b8bf-0324-43a1-a87f-1e10a96e3042:c971]
2019-08-21 19:23:57,902 | INFO  | DNAudit | user=null | ip=null | op=WRITE_CHUNK {blockData=conID: 3 locID: 102656601978110373 bcsId: 0} | ret=SUCCESS |  
2019-08-21 19:23:57,902 | INFO  | DNAudit | user=null | ip=null | op=PUT_BLOCK {blockData=[blockId=conID: 3 locID: 102656601978110373 bcsId: 0,size=2097152]} | ret=SUCCESS |  
2019-08-21 19:23:57,903 [grpc-default-executor-2] INFO  client.GrpcClientProtocolClient (GrpcClientProtocolClient.java:onNext(255)) - client-DA9582518C67->1df8bd03-73ef-4b9c-8622-5dc9d0e29c31: receive RaftClientReply:client-DA9582518C67->1df8bd03-73ef-4b9c-8622-5dc9d0e29c31@group-F45402591F47, cid=781, SUCCESS, logIndex=975, commits[1df8bd03-73ef-4b9c-8622-5dc9d0e29c31:c976, 12aca755-ada5-42df-801b-c61f99d8e8b8:c971, a308b8bf-0324-43a1-a87f-1e10a96e3042:c971]
2019-08-21 19:23:57,903 [grpc-default-executor-2] INFO  client.GrpcClientProtocolClient (GrpcClientProtocolClient.java:onNext(255)) - client-DA9582518C67->1df8bd03-73ef-4b9c-8622-5dc9d0e29c31: receive RaftClientReply:client-DA9582518C67->1df8bd03-73ef-4b9c-8622-5dc9d0e29c31@group-F45402591F47, cid=782, SUCCESS, logIndex=976, commits[1df8bd03-73ef-4b9c-8622-5dc9d0e29c31:c976, 12aca755-ada5-42df-801b-c61f99d8e8b8:c971, a308b8bf-0324-43a1-a87f-1e10a96e3042:c971]
2019-08-21 19:23:57,914 | INFO  | DNAudit | user=null | ip=null | op=WRITE_CHUNK {blockData=conID: 3 locID: 102656601978110373 bcsId: 0} | ret=SUCCESS |  
2019-08-21 19:23:57,914 | INFO  | DNAudit | user=null | ip=null | op=WRITE_CHUNK {blockData=conID: 3 locID: 102656601978110373 bcsId: 0} | ret=SUCCESS |  
2019-08-21 19:23:57,915 | INFO  | DNAudit | user=null | ip=null | op=PUT_BLOCK {blockData=[blockId=conID: 3 locID: 102656601978110373 bcsId: 0,size=1048576]} | ret=SUCCESS |  
2019-08-21 19:23:57,915 | INFO  | DNAudit | user=null | ip=null | op=PUT_BLOCK {blockData=[blockId=conID: 3 locID: 102656601978110373 bcsId: 0,size=1048576]} | ret=SUCCESS |  
2019-08-21 19:23:57,915 [grpc-default-executor-2] INFO  client.GrpcClientProtocolClient (GrpcClientProtocolClient.java:onNext(255)) - client-DA9582518C67->1df8bd03-73ef-4b9c-8622-5dc9d0e29c31: receive RaftClientReply:client-DA9582518C67->1df8bd03-73ef-4b9c-8622-5dc9d0e29c31@group-F45402591F47, cid=783, SUCCESS, logIndex=0, commits[1df8bd03-73ef-4b9c-8622-5dc9d0e29c31:c977, 12aca755-ada5-42df-801b-c61f99d8e8b8:c974, a308b8bf-0324-43a1-a87f-1e10a96e3042:c974]
2019-08-21 19:23:57,921 | INFO  | DNAudit | user=null | ip=null | op=WRITE_CHUNK {blockData=conID: 3 locID: 102656601978110373 bcsId: 976} | ret=SUCCESS |  
2019-08-21 19:23:57,925 | INFO  | DNAudit | user=null | ip=null | op=WRITE_CHUNK {blockData=conID: 3 locID: 102656601978110373 bcsId: 976} | ret=SUCCESS |  
2019-08-21 19:23:57,925 | INFO  | DNAudit | user=null | ip=null | op=WRITE_CHUNK {blockData=conID: 3 locID: 102656601978110373 bcsId: 976} | ret=SUCCESS |  
2019-08-21 19:23:57,926 | INFO  | DNAudit | user=null | ip=null | op=WRITE_CHUNK {blockData=conID: 3 locID: 102656601978110373 bcsId: 0} | ret=SUCCESS |  
2019-08-21 19:23:57,926 | INFO  | DNAudit | user=null | ip=null | op=WRITE_CHUNK {blockData=conID: 3 locID: 102656601978110373 bcsId: 0} | ret=SUCCESS |  
2019-08-21 19:23:57,926 | INFO  | DNAudit | user=null | ip=null | op=PUT_BLOCK {blockData=[blockId=conID: 3 locID: 102656601978110373 bcsId: 0,size=2097152]} | ret=SUCCESS |  
2019-08-21 19:23:57,926 | INFO  | DNAudit | user=null | ip=null | op=PUT_BLOCK {blockData=[blockId=conID: 3 locID: 102656601978110373 bcsId: 0,size=2097152]} | ret=SUCCESS |  
2019-08-21 19:23:57,929 | INFO  | DNAudit | user=null | ip=null | op=WRITE_CHUNK {blockData=conID: 3 locID: 102656601978110373 bcsId: 976} | ret=SUCCESS |  
2019-08-21 19:23:57,929 | INFO  | DNAudit | user=null | ip=null | op=PUT_BLOCK {blockData=[blockId=conID: 3 locID: 102656601978110373 bcsId: 0,size=3145728]} | ret=SUCCESS |  
2019-08-21 19:23:57,929 [grpc-default-executor-2] INFO  client.GrpcClientProtocolClient (GrpcClientProtocolClient.java:onNext(255)) - client-DA9582518C67->1df8bd03-73ef-4b9c-8622-5dc9d0e29c31: receive RaftClientReply:client-DA9582518C67->1df8bd03-73ef-4b9c-8622-5dc9d0e29c31@group-F45402591F47, cid=784, SUCCESS, logIndex=981, commits[1df8bd03-73ef-4b9c-8622-5dc9d0e29c31:c982, 12aca755-ada5-42df-801b-c61f99d8e8b8:c978, a308b8bf-0324-43a1-a87f-1e10a96e3042:c978]
2019-08-21 19:23:57,930 [grpc-default-executor-2] INFO  client.GrpcClientProtocolClient (GrpcClientProtocolClient.java:onNext(255)) - client-DA9582518C67->1df8bd03-73ef-4b9c-8622-5dc9d0e29c31: receive RaftClientReply:client-DA9582518C67->1df8bd03-73ef-4b9c-8622-5dc9d0e29c31@group-F45402591F47, cid=785, SUCCESS, logIndex=982, commits[1df8bd03-73ef-4b9c-8622-5dc9d0e29c31:c982, 12aca755-ada5-42df-801b-c61f99d8e8b8:c978, a308b8bf-0324-43a1-a87f-1e10a96e3042:c978]
2019-08-21 19:23:57,936 | INFO  | DNAudit | user=null | ip=null | op=WRITE_CHUNK {blockData=conID: 3 locID: 102656601978110373 bcsId: 982} | ret=SUCCESS |  
2019-08-21 19:23:57,938 | INFO  | DNAudit | user=null | ip=null | op=WRITE_CHUNK {blockData=conID: 3 locID: 102656601978110373 bcsId: 982} | ret=SUCCESS |  
2019-08-21 19:23:57,939 | INFO  | DNAudit | user=null | ip=null | op=WRITE_CHUNK {blockData=conID: 3 locID: 102656601978110373 bcsId: 976} | ret=SUCCESS |  
2019-08-21 19:23:57,939 | INFO  | DNAudit | user=null | ip=null | op=WRITE_CHUNK {blockData=conID: 3 locID: 102656601978110373 bcsId: 976} | ret=SUCCESS |  
2019-08-21 19:23:57,939 | INFO  | DNAudit | user=null | ip=null | op=WRITE_CHUNK {blockData=conID: 3 locID: 102656601978110373 bcsId: 982} | ret=SUCCESS |  
2019-08-21 19:23:57,941 | INFO  | DNAudit | user=null | ip=null | op=PUT_BLOCK {blockData=[blockId=conID: 3 locID: 102656601978110373 bcsId: 0,size=3145728]} | ret=SUCCESS |  
2019-08-21 19:23:57,941 | INFO  | DNAudit | user=null | ip=null | op=WRITE_CHUNK {blockData=conID: 3 locID: 102656601978110373 bcsId: 982} | ret=SUCCESS |  
2019-08-21 19:23:57,942 | INFO  | DNAudit | user=null | ip=null | op=PUT_BLOCK {blockData=[blockId=conID: 3 locID: 102656601978110373 bcsId: 0,size=4194304]} | ret=SUCCESS |  
2019-08-21 19:23:57,942 [grpc-default-executor-0] INFO  client.GrpcClientProtocolClient (GrpcClientProtocolClient.java:onNext(255)) - client-DA9582518C67->1df8bd03-73ef-4b9c-8622-5dc9d0e29c31: receive RaftClientReply:client-DA9582518C67->1df8bd03-73ef-4b9c-8622-5dc9d0e29c31@group-F45402591F47, cid=786, SUCCESS, logIndex=985, commits[1df8bd03-73ef-4b9c-8622-5dc9d0e29c31:c986, 12aca755-ada5-42df-801b-c61f99d8e8b8:c981, a308b8bf-0324-43a1-a87f-1e10a96e3042:c982]
2019-08-21 19:23:57,942 [grpc-default-executor-0] INFO  client.GrpcClientProtocolClient (GrpcClientProtocolClient.java:onNext(255)) - client-DA9582518C67->1df8bd03-73ef-4b9c-8622-5dc9d0e29c31: receive RaftClientReply:client-DA9582518C67->1df8bd03-73ef-4b9c-8622-5dc9d0e29c31@group-F45402591F47, cid=787, SUCCESS, logIndex=986, commits[1df8bd03-73ef-4b9c-8622-5dc9d0e29c31:c986, 12aca755-ada5-42df-801b-c61f99d8e8b8:c981, a308b8bf-0324-43a1-a87f-1e10a96e3042:c982]
2019-08-21 19:23:57,945 | INFO  | SCMAudit | user=jenkins1000 | ip=192.168.69.88 | op=SEND_HEARTBEAT {datanodeUUID=a308b8bf-0324-43a1-a87f-1e10a96e3042, command=[]} | ret=SUCCESS |  
2019-08-21 19:23:57,945 | INFO  | SCMAudit | user=jenkins1000 | ip=192.168.69.88 | op=SEND_HEARTBEAT {datanodeUUID=1df8bd03-73ef-4b9c-8622-5dc9d0e29c31, command=[]} | ret=SUCCESS |  
2019-08-21 19:23:57,945 | INFO  | SCMAudit | user=jenkins1000 | ip=192.168.69.88 | op=SEND_HEARTBEAT {datanodeUUID=12aca755-ada5-42df-801b-c61f99d8e8b8, command=[]} | ret=SUCCESS |  
2019-08-21 19:23:57,950 | INFO  | DNAudit | user=null | ip=null | op=PUT_BLOCK {blockData=[blockId=conID: 3 locID: 102656601978110373 bcsId: 0,size=3145728]} | ret=SUCCESS |  
2019-08-21 19:23:57,951 [grpc-default-executor-0] INFO  client.GrpcClientProtocolClient (GrpcClientProtocolClient.java:onNext(255)) - client-DA9582518C67->1df8bd03-73ef-4b9c-8622-5dc9d0e29c31: receive RaftClientReply:client-DA9582518C67->1df8bd03-73ef-4b9c-8622-5dc9d0e29c31@group-F45402591F47, cid=788, SUCCESS, logIndex=0, commits[1df8bd03-73ef-4b9c-8622-5dc9d0e29c31:c986, 12aca755-ada5-42df-801b-c61f99d8e8b8:c982, a308b8bf-0324-43a1-a87f-1e10a96e3042:c982]
2019-08-21 19:23:57,952 | INFO  | DNAudit | user=null | ip=null | op=WRITE_CHUNK {blockData=conID: 3 locID: 102656601978110373 bcsId: 982} | ret=SUCCESS |  
2019-08-21 19:23:57,961 | INFO  | DNAudit | user=null | ip=null | op=WRITE_CHUNK {blockData=conID: 3 locID: 102656601978110373 bcsId: 982} | ret=SUCCESS |  
2019-08-21 19:23:57,962 | INFO  | DNAudit | user=null | ip=null | op=PUT_BLOCK {blockData=[blockId=conID: 3 locID: 102656601978110373 bcsId: 0,size=4194304]} | ret=SUCCESS |  
2019-08-21 19:23:57,962 | INFO  | DNAudit | user=null | ip=null | op=PUT_BLOCK {blockData=[blockId=conID: 3 locID: 102656601978110373 bcsId: 0,size=4194304]} | ret=SUCCESS |  
2019-08-21 19:23:57,962 [grpc-default-executor-0] INFO  client.GrpcClientProtocolClient (GrpcClientProtocolClient.java:onNext(255)) - client-DA9582518C67->1df8bd03-73ef-4b9c-8622-5dc9d0e29c31: receive RaftClientReply:client-DA9582518C67->1df8bd03-73ef-4b9c-8622-5dc9d0e29c31@group-F45402591F47, cid=789, SUCCESS, logIndex=0, commits[1df8bd03-73ef-4b9c-8622-5dc9d0e29c31:c988, 12aca755-ada5-42df-801b-c61f99d8e8b8:c986, a308b8bf-0324-43a1-a87f-1e10a96e3042:c986]
2019-08-21 19:23:57,969 | INFO  | DNAudit | user=null | ip=null | op=WRITE_CHUNK {blockData=conID: 1 locID: 102656601978110374 bcsId: 0} | ret=SUCCESS |  
2019-08-21 19:23:57,971 | INFO  | DNAudit | user=null | ip=null | op=WRITE_CHUNK {blockData=conID: 1 locID: 102656601978110374 bcsId: 0} | ret=SUCCESS |  
2019-08-21 19:23:57,972 | INFO  | DNAudit | user=null | ip=null | op=WRITE_CHUNK {blockData=conID: 1 locID: 102656601978110374 bcsId: 0} | ret=SUCCESS |  
2019-08-21 19:23:57,972 | INFO  | DNAudit | user=null | ip=null | op=WRITE_CHUNK {blockData=conID: 1 locID: 102656601978110374 bcsId: 0} | ret=SUCCESS |  
2019-08-21 19:23:57,974 | INFO  | DNAudit | user=null | ip=null | op=WRITE_CHUNK {blockData=conID: 1 locID: 102656601978110374 bcsId: 0} | ret=SUCCESS |  
2019-08-21 19:23:57,974 | INFO  | DNAudit | user=null | ip=null | op=WRITE_CHUNK {blockData=conID: 1 locID: 102656601978110374 bcsId: 0} | ret=SUCCESS |  
2019-08-21 19:23:57,982 | INFO  | DNAudit | user=null | ip=null | op=WRITE_CHUNK {blockData=conID: 1 locID: 102656601978110374 bcsId: 0} | ret=SUCCESS |  
2019-08-21 19:23:57,983 | INFO  | DNAudit | user=null | ip=null | op=PUT_BLOCK {blockData=[blockId=conID: 1 locID: 102656601978110374 bcsId: 0,size=1048576]} | ret=SUCCESS |  
2019-08-21 19:23:57,983 | INFO  | DNAudit | user=null | ip=null | op=WRITE_CHUNK {blockData=conID: 1 locID: 102656601978110374 bcsId: 0} | ret=SUCCESS |  
2019-08-21 19:23:57,983 [grpc-default-executor-2] INFO  client.GrpcClientProtocolClient (GrpcClientProtocolClient.java:onNext(255)) - client-DA9582518C67->1df8bd03-73ef-4b9c-8622-5dc9d0e29c31: receive RaftClientReply:client-DA9582518C67->1df8bd03-73ef-4b9c-8622-5dc9d0e29c31@group-F45402591F47, cid=790, SUCCESS, logIndex=989, commits[1df8bd03-73ef-4b9c-8622-5dc9d0e29c31:c990, 12aca755-ada5-42df-801b-c61f99d8e8b8:c988, a308b8bf-0324-43a1-a87f-1e10a96e3042:c988]
2019-08-21 19:23:57,983 | INFO  | DNAudit | user=null | ip=null | op=PUT_BLOCK {blockData=[blockId=conID: 1 locID: 102656601978110374 bcsId: 0,size=2097152]} | ret=SUCCESS |  
2019-08-21 19:23:57,984 | INFO  | DNAudit | user=null | ip=null | op=WRITE_CHUNK {blockData=conID: 1 locID: 102656601978110374 bcsId: 0} | ret=SUCCESS |  
2019-08-21 19:23:57,984 [grpc-default-executor-2] INFO  client.GrpcClientProtocolClient (GrpcClientProtocolClient.java:onNext(255)) - client-DA9582518C67->1df8bd03-73ef-4b9c-8622-5dc9d0e29c31: receive RaftClientReply:client-DA9582518C67->1df8bd03-73ef-4b9c-8622-5dc9d0e29c31@group-F45402591F47, cid=791, SUCCESS, logIndex=990, commits[1df8bd03-73ef-4b9c-8622-5dc9d0e29c31:c992, 12aca755-ada5-42df-801b-c61f99d8e8b8:c988, a308b8bf-0324-43a1-a87f-1e10a96e3042:c988]
2019-08-21 19:23:57,984 | INFO  | DNAudit | user=null | ip=null | op=PUT_BLOCK {blockData=[blockId=conID: 1 locID: 102656601978110374 bcsId: 0,size=1048576]} | ret=SUCCESS |  
2019-08-21 19:23:57,984 [grpc-default-executor-2] INFO  client.GrpcClientProtocolClient (GrpcClientProtocolClient.java:onNext(255)) - client-DA9582518C67->1df8bd03-73ef-4b9c-8622-5dc9d0e29c31: receive RaftClientReply:client-DA9582518C67->1df8bd03-73ef-4b9c-8622-5dc9d0e29c31@group-F45402591F47, cid=792, SUCCESS, logIndex=991, commits[1df8bd03-73ef-4b9c-8622-5dc9d0e29c31:c992, 12aca755-ada5-42df-801b-c61f99d8e8b8:c988, a308b8bf-0324-43a1-a87f-1e10a96e3042:c988]
2019-08-21 19:23:57,984 | INFO  | DNAudit | user=null | ip=null | op=WRITE_CHUNK {blockData=conID: 1 locID: 102656601978110374 bcsId: 0} | ret=SUCCESS |  
2019-08-21 19:23:57,984 [grpc-default-executor-2] INFO  client.GrpcClientProtocolClient (GrpcClientProtocolClient.java:onNext(255)) - client-DA9582518C67->1df8bd03-73ef-4b9c-8622-5dc9d0e29c31: receive RaftClientReply:client-DA9582518C67->1df8bd03-73ef-4b9c-8622-5dc9d0e29c31@group-F45402591F47, cid=793, SUCCESS, logIndex=992, commits[1df8bd03-73ef-4b9c-8622-5dc9d0e29c31:c992, 12aca755-ada5-42df-801b-c61f99d8e8b8:c988, a308b8bf-0324-43a1-a87f-1e10a96e3042:c988]
2019-08-21 19:23:57,984 | INFO  | DNAudit | user=null | ip=null | op=PUT_BLOCK {blockData=[blockId=conID: 1 locID: 102656601978110374 bcsId: 0,size=1048576]} | ret=SUCCESS |  
2019-08-21 19:23:57,985 [grpc-default-executor-2] INFO  client.GrpcClientProtocolClient (GrpcClientProtocolClient.java:onNext(255)) - client-DA9582518C67->1df8bd03-73ef-4b9c-8622-5dc9d0e29c31: receive RaftClientReply:client-DA9582518C67->1df8bd03-73ef-4b9c-8622-5dc9d0e29c31@group-F45402591F47, cid=794, SUCCESS, logIndex=0, commits[1df8bd03-73ef-4b9c-8622-5dc9d0e29c31:c993, 12aca755-ada5-42df-801b-c61f99d8e8b8:c990, a308b8bf-0324-43a1-a87f-1e10a96e3042:c990]
2019-08-21 19:23:57,987 | INFO  | DNAudit | user=null | ip=null | op=WRITE_CHUNK {blockData=conID: 1 locID: 102656601978110374 bcsId: 0} | ret=SUCCESS |  
2019-08-21 19:23:57,987 | INFO  | DNAudit | user=null | ip=null | op=PUT_BLOCK {blockData=[blockId=conID: 1 locID: 102656601978110374 bcsId: 0,size=2097152]} | ret=SUCCESS |  
2019-08-21 19:23:57,987 | INFO  | DNAudit | user=null | ip=null | op=WRITE_CHUNK {blockData=conID: 1 locID: 102656601978110374 bcsId: 0} | ret=SUCCESS |  
2019-08-21 19:23:57,988 | INFO  | DNAudit | user=null | ip=null | op=PUT_BLOCK {blockData=[blockId=conID: 1 locID: 102656601978110374 bcsId: 0,size=2097152]} | ret=SUCCESS |  
2019-08-21 19:23:57,991 | INFO  | DNAudit | user=null | ip=null | op=WRITE_CHUNK {blockData=conID: 1 locID: 102656601978110374 bcsId: 992} | ret=SUCCESS |  
2019-08-21 19:23:57,994 | INFO  | DNAudit | user=null | ip=null | op=WRITE_CHUNK {blockData=conID: 1 locID: 102656601978110374 bcsId: 992} | ret=SUCCESS |  
2019-08-21 19:23:57,994 | INFO  | DNAudit | user=null | ip=null | op=WRITE_CHUNK {blockData=conID: 1 locID: 102656601978110374 bcsId: 992} | ret=SUCCESS |  
2019-08-21 19:23:58,002 | INFO  | DNAudit | user=null | ip=null | op=WRITE_CHUNK {blockData=conID: 1 locID: 102656601978110374 bcsId: 992} | ret=SUCCESS |  
2019-08-21 19:23:58,003 | INFO  | DNAudit | user=null | ip=null | op=PUT_BLOCK {blockData=[blockId=conID: 1 locID: 102656601978110374 bcsId: 0,size=3145728]} | ret=SUCCESS |  
2019-08-21 19:23:58,003 [grpc-default-executor-2] INFO  client.GrpcClientProtocolClient (GrpcClientProtocolClient.java:onNext(255)) - client-DA9582518C67->1df8bd03-73ef-4b9c-8622-5dc9d0e29c31: receive RaftClientReply:client-DA9582518C67->1df8bd03-73ef-4b9c-8622-5dc9d0e29c31@group-F45402591F47, cid=795, SUCCESS, logIndex=997, commits[1df8bd03-73ef-4b9c-8622-5dc9d0e29c31:c998, 12aca755-ada5-42df-801b-c61f99d8e8b8:c996, a308b8bf-0324-43a1-a87f-1e10a96e3042:c996]
2019-08-21 19:23:58,004 [grpc-default-executor-2] INFO  client.GrpcClientProtocolClient (GrpcClientProtocolClient.java:onNext(255)) - client-DA9582518C67->1df8bd03-73ef-4b9c-8622-5dc9d0e29c31: receive RaftClientReply:client-DA9582518C67->1df8bd03-73ef-4b9c-8622-5dc9d0e29c31@group-F45402591F47, cid=796, SUCCESS, logIndex=998, commits[1df8bd03-73ef-4b9c-8622-5dc9d0e29c31:c998, 12aca755-ada5-42df-801b-c61f99d8e8b8:c996, a308b8bf-0324-43a1-a87f-1e10a96e3042:c996]
2019-08-21 19:23:58,009 | INFO  | DNAudit | user=null | ip=null | op=WRITE_CHUNK {blockData=conID: 1 locID: 102656601978110374 bcsId: 998} | ret=SUCCESS |  
2019-08-21 19:23:58,012 | INFO  | DNAudit | user=null | ip=null | op=WRITE_CHUNK {blockData=conID: 1 locID: 102656601978110374 bcsId: 998} | ret=SUCCESS |  
2019-08-21 19:23:58,013 | INFO  | DNAudit | user=null | ip=null | op=WRITE_CHUNK {blockData=conID: 1 locID: 102656601978110374 bcsId: 998} | ret=SUCCESS |  
2019-08-21 19:23:58,014 | INFO  | DNAudit | user=null | ip=null | op=WRITE_CHUNK {blockData=conID: 1 locID: 102656601978110374 bcsId: 992} | ret=SUCCESS |  
2019-08-21 19:23:58,014 | INFO  | DNAudit | user=null | ip=null | op=WRITE_CHUNK {blockData=conID: 1 locID: 102656601978110374 bcsId: 992} | ret=SUCCESS |  
2019-08-21 19:23:58,014 | INFO  | DNAudit | user=null | ip=null | op=PUT_BLOCK {blockData=[blockId=conID: 1 locID: 102656601978110374 bcsId: 0,size=3145728]} | ret=SUCCESS |  
2019-08-21 19:23:58,014 | INFO  | DNAudit | user=null | ip=null | op=PUT_BLOCK {blockData=[blockId=conID: 1 locID: 102656601978110374 bcsId: 0,size=3145728]} | ret=SUCCESS |  
2019-08-21 19:23:58,017 | INFO  | DNAudit | user=null | ip=null | op=WRITE_CHUNK {blockData=conID: 1 locID: 102656601978110374 bcsId: 998} | ret=SUCCESS |  
2019-08-21 19:23:58,018 | INFO  | DNAudit | user=null | ip=null | op=PUT_BLOCK {blockData=[blockId=conID: 1 locID: 102656601978110374 bcsId: 0,size=4194304]} | ret=SUCCESS |  
2019-08-21 19:23:58,018 [grpc-default-executor-2] INFO  client.GrpcClientProtocolClient (GrpcClientProtocolClient.java:onNext(255)) - client-DA9582518C67->1df8bd03-73ef-4b9c-8622-5dc9d0e29c31: receive RaftClientReply:client-DA9582518C67->1df8bd03-73ef-4b9c-8622-5dc9d0e29c31@group-F45402591F47, cid=797, SUCCESS, logIndex=1001, commits[1df8bd03-73ef-4b9c-8622-5dc9d0e29c31:c1002, 12aca755-ada5-42df-801b-c61f99d8e8b8:c998, a308b8bf-0324-43a1-a87f-1e10a96e3042:c998]
2019-08-21 19:23:58,018 [grpc-default-executor-2] INFO  client.GrpcClientProtocolClient (GrpcClientProtocolClient.java:onNext(255)) - client-DA9582518C67->1df8bd03-73ef-4b9c-8622-5dc9d0e29c31: receive RaftClientReply:client-DA9582518C67->1df8bd03-73ef-4b9c-8622-5dc9d0e29c31@group-F45402591F47, cid=798, SUCCESS, logIndex=1002, commits[1df8bd03-73ef-4b9c-8622-5dc9d0e29c31:c1002, 12aca755-ada5-42df-801b-c61f99d8e8b8:c998, a308b8bf-0324-43a1-a87f-1e10a96e3042:c998]
2019-08-21 19:23:58,047 | INFO  | DNAudit | user=null | ip=null | op=WRITE_CHUNK {blockData=conID: 1 locID: 102656601978110374 bcsId: 998} | ret=SUCCESS |  
2019-08-21 19:23:58,047 | INFO  | DNAudit | user=null | ip=null | op=WRITE_CHUNK {blockData=conID: 1 locID: 102656601978110374 bcsId: 998} | ret=SUCCESS |  
2019-08-21 19:23:58,049 | INFO  | DNAudit | user=null | ip=null | op=PUT_BLOCK {blockData=[blockId=conID: 1 locID: 102656601978110374 bcsId: 0,size=4194304]} | ret=SUCCESS |  
2019-08-21 19:23:58,059 | INFO  | DNAudit | user=null | ip=null | op=PUT_BLOCK {blockData=[blockId=conID: 1 locID: 102656601978110374 bcsId: 0,size=4194304]} | ret=SUCCESS |  
2019-08-21 19:23:58,060 [grpc-default-executor-2] INFO  client.GrpcClientProtocolClient (GrpcClientProtocolClient.java:onNext(255)) - client-DA9582518C67->1df8bd03-73ef-4b9c-8622-5dc9d0e29c31: receive RaftClientReply:client-DA9582518C67->1df8bd03-73ef-4b9c-8622-5dc9d0e29c31@group-F45402591F47, cid=799, SUCCESS, logIndex=0, commits[1df8bd03-73ef-4b9c-8622-5dc9d0e29c31:c1004, 12aca755-ada5-42df-801b-c61f99d8e8b8:c1002, a308b8bf-0324-43a1-a87f-1e10a96e3042:c1002]
2019-08-21 19:23:58,067 | INFO  | DNAudit | user=null | ip=null | op=WRITE_CHUNK {blockData=conID: 2 locID: 102656601978110375 bcsId: 0} | ret=SUCCESS |  
2019-08-21 19:23:58,069 | INFO  | DNAudit | user=null | ip=null | op=WRITE_CHUNK {blockData=conID: 2 locID: 102656601978110375 bcsId: 0} | ret=SUCCESS |  
2019-08-21 19:23:58,072 | INFO  | DNAudit | user=null | ip=null | op=WRITE_CHUNK {blockData=conID: 2 locID: 102656601978110375 bcsId: 0} | ret=SUCCESS |  
2019-08-21 19:23:58,073 | INFO  | DNAudit | user=null | ip=null | op=WRITE_CHUNK {blockData=conID: 2 locID: 102656601978110375 bcsId: 0} | ret=SUCCESS |  
2019-08-21 19:23:58,074 | INFO  | DNAudit | user=null | ip=null | op=WRITE_CHUNK {blockData=conID: 2 locID: 102656601978110375 bcsId: 0} | ret=SUCCESS |  
2019-08-21 19:23:58,074 | INFO  | DNAudit | user=null | ip=null | op=WRITE_CHUNK {blockData=conID: 2 locID: 102656601978110375 bcsId: 0} | ret=SUCCESS |  
2019-08-21 19:23:58,075 | INFO  | DNAudit | user=null | ip=null | op=PUT_BLOCK {blockData=[blockId=conID: 2 locID: 102656601978110375 bcsId: 0,size=1048576]} | ret=SUCCESS |  
2019-08-21 19:23:58,075 | INFO  | DNAudit | user=null | ip=null | op=WRITE_CHUNK {blockData=conID: 2 locID: 102656601978110375 bcsId: 0} | ret=SUCCESS |  
2019-08-21 19:23:58,075 [grpc-default-executor-2] INFO  client.GrpcClientProtocolClient (GrpcClientProtocolClient.java:onNext(255)) - client-DA9582518C67->1df8bd03-73ef-4b9c-8622-5dc9d0e29c31: receive RaftClientReply:client-DA9582518C67->1df8bd03-73ef-4b9c-8622-5dc9d0e29c31@group-F45402591F47, cid=800, SUCCESS, logIndex=1005, commits[1df8bd03-73ef-4b9c-8622-5dc9d0e29c31:c1006, 12aca755-ada5-42df-801b-c61f99d8e8b8:c1004, a308b8bf-0324-43a1-a87f-1e10a96e3042:c1004]
2019-08-21 19:23:58,076 [grpc-default-executor-5] INFO  client.GrpcClientProtocolClient (GrpcClientProtocolClient.java:onNext(255)) - client-DA9582518C67->1df8bd03-73ef-4b9c-8622-5dc9d0e29c31: receive RaftClientReply:client-DA9582518C67->1df8bd03-73ef-4b9c-8622-5dc9d0e29c31@group-F45402591F47, cid=801, SUCCESS, logIndex=1006, commits[1df8bd03-73ef-4b9c-8622-5dc9d0e29c31:c1006, 12aca755-ada5-42df-801b-c61f99d8e8b8:c1004, a308b8bf-0324-43a1-a87f-1e10a96e3042:c1004]
2019-08-21 19:23:58,076 | INFO  | DNAudit | user=null | ip=null | op=WRITE_CHUNK {blockData=conID: 2 locID: 102656601978110375 bcsId: 0} | ret=SUCCESS |  
2019-08-21 19:23:58,076 | INFO  | DNAudit | user=null | ip=null | op=WRITE_CHUNK {blockData=conID: 2 locID: 102656601978110375 bcsId: 0} | ret=SUCCESS |  
2019-08-21 19:23:58,076 | INFO  | DNAudit | user=null | ip=null | op=PUT_BLOCK {blockData=[blockId=conID: 2 locID: 102656601978110375 bcsId: 0,size=1048576]} | ret=SUCCESS |  
2019-08-21 19:23:58,076 | INFO  | DNAudit | user=null | ip=null | op=PUT_BLOCK {blockData=[blockId=conID: 2 locID: 102656601978110375 bcsId: 0,size=2097152]} | ret=SUCCESS |  
2019-08-21 19:23:58,077 | INFO  | DNAudit | user=null | ip=null | op=WRITE_CHUNK {blockData=conID: 2 locID: 102656601978110375 bcsId: 0} | ret=SUCCESS |  
2019-08-21 19:23:58,077 [grpc-default-executor-2] INFO  client.GrpcClientProtocolClient (GrpcClientProtocolClient.java:onNext(255)) - client-DA9582518C67->1df8bd03-73ef-4b9c-8622-5dc9d0e29c31: receive RaftClientReply:client-DA9582518C67->1df8bd03-73ef-4b9c-8622-5dc9d0e29c31@group-F45402591F47, cid=802, SUCCESS, logIndex=1007, commits[1df8bd03-73ef-4b9c-8622-5dc9d0e29c31:c1008, 12aca755-ada5-42df-801b-c61f99d8e8b8:c1004, a308b8bf-0324-43a1-a87f-1e10a96e3042:c1004]
2019-08-21 19:23:58,077 | INFO  | DNAudit | user=null | ip=null | op=PUT_BLOCK {blockData=[blockId=conID: 2 locID: 102656601978110375 bcsId: 0,size=1048576]} | ret=SUCCESS |  
2019-08-21 19:23:58,077 [grpc-default-executor-2] INFO  client.GrpcClientProtocolClient (GrpcClientProtocolClient.java:onNext(255)) - client-DA9582518C67->1df8bd03-73ef-4b9c-8622-5dc9d0e29c31: receive RaftClientReply:client-DA9582518C67->1df8bd03-73ef-4b9c-8622-5dc9d0e29c31@group-F45402591F47, cid=803, SUCCESS, logIndex=1008, commits[1df8bd03-73ef-4b9c-8622-5dc9d0e29c31:c1009, 12aca755-ada5-42df-801b-c61f99d8e8b8:c1006, a308b8bf-0324-43a1-a87f-1e10a96e3042:c1006]
2019-08-21 19:23:58,079 | INFO  | DNAudit | user=null | ip=null | op=WRITE_CHUNK {blockData=conID: 2 locID: 102656601978110375 bcsId: 0} | ret=SUCCESS |  
2019-08-21 19:23:58,079 | INFO  | DNAudit | user=null | ip=null | op=WRITE_CHUNK {blockData=conID: 2 locID: 102656601978110375 bcsId: 0} | ret=SUCCESS |  
2019-08-21 19:23:58,080 | INFO  | DNAudit | user=null | ip=null | op=PUT_BLOCK {blockData=[blockId=conID: 2 locID: 102656601978110375 bcsId: 0,size=2097152]} | ret=SUCCESS |  
2019-08-21 19:23:58,084 | INFO  | DNAudit | user=null | ip=null | op=WRITE_CHUNK {blockData=conID: 2 locID: 102656601978110375 bcsId: 1008} | ret=SUCCESS |  
2019-08-21 19:23:58,088 | INFO  | DNAudit | user=null | ip=null | op=WRITE_CHUNK {blockData=conID: 2 locID: 102656601978110375 bcsId: 1008} | ret=SUCCESS |  
2019-08-21 19:23:58,088 | INFO  | DNAudit | user=null | ip=null | op=WRITE_CHUNK {blockData=conID: 2 locID: 102656601978110375 bcsId: 1008} | ret=SUCCESS |  
2019-08-21 19:23:58,093 | INFO  | DNAudit | user=null | ip=null | op=PUT_BLOCK {blockData=[blockId=conID: 2 locID: 102656601978110375 bcsId: 0,size=2097152]} | ret=SUCCESS |  
2019-08-21 19:23:58,103 | INFO  | DNAudit | user=null | ip=null | op=WRITE_CHUNK {blockData=conID: 2 locID: 102656601978110375 bcsId: 1008} | ret=SUCCESS |  
2019-08-21 19:23:58,104 | INFO  | DNAudit | user=null | ip=null | op=PUT_BLOCK {blockData=[blockId=conID: 2 locID: 102656601978110375 bcsId: 0,size=3145728]} | ret=SUCCESS |  
2019-08-21 19:23:58,104 [grpc-default-executor-5] INFO  client.GrpcClientProtocolClient (GrpcClientProtocolClient.java:onNext(255)) - client-DA9582518C67->1df8bd03-73ef-4b9c-8622-5dc9d0e29c31: receive RaftClientReply:client-DA9582518C67->1df8bd03-73ef-4b9c-8622-5dc9d0e29c31@group-F45402591F47, cid=804, SUCCESS, logIndex=1012, commits[1df8bd03-73ef-4b9c-8622-5dc9d0e29c31:c1013, 12aca755-ada5-42df-801b-c61f99d8e8b8:c1008, a308b8bf-0324-43a1-a87f-1e10a96e3042:c1010]
2019-08-21 19:23:58,105 [grpc-default-executor-5] INFO  client.GrpcClientProtocolClient (GrpcClientProtocolClient.java:onNext(255)) - client-DA9582518C67->1df8bd03-73ef-4b9c-8622-5dc9d0e29c31: receive RaftClientReply:client-DA9582518C67->1df8bd03-73ef-4b9c-8622-5dc9d0e29c31@group-F45402591F47, cid=805, SUCCESS, logIndex=1013, commits[1df8bd03-73ef-4b9c-8622-5dc9d0e29c31:c1013, 12aca755-ada5-42df-801b-c61f99d8e8b8:c1010, a308b8bf-0324-43a1-a87f-1e10a96e3042:c1010]
2019-08-21 19:23:58,106 | INFO  | DNAudit | user=null | ip=null | op=WRITE_CHUNK {blockData=conID: 2 locID: 102656601978110375 bcsId: 1008} | ret=SUCCESS |  
2019-08-21 19:23:58,106 | INFO  | DNAudit | user=null | ip=null | op=WRITE_CHUNK {blockData=conID: 2 locID: 102656601978110375 bcsId: 1008} | ret=SUCCESS |  
2019-08-21 19:23:58,107 | INFO  | DNAudit | user=null | ip=null | op=PUT_BLOCK {blockData=[blockId=conID: 2 locID: 102656601978110375 bcsId: 0,size=3145728]} | ret=SUCCESS |  
2019-08-21 19:23:58,107 | INFO  | DNAudit | user=null | ip=null | op=PUT_BLOCK {blockData=[blockId=conID: 2 locID: 102656601978110375 bcsId: 0,size=3145728]} | ret=SUCCESS |  
2019-08-21 19:23:58,111 | INFO  | DNAudit | user=null | ip=null | op=WRITE_CHUNK {blockData=conID: 2 locID: 102656601978110375 bcsId: 1013} | ret=SUCCESS |  
2019-08-21 19:23:58,114 | INFO  | DNAudit | user=null | ip=null | op=WRITE_CHUNK {blockData=conID: 2 locID: 102656601978110375 bcsId: 1013} | ret=SUCCESS |  
2019-08-21 19:23:58,115 | INFO  | DNAudit | user=null | ip=null | op=WRITE_CHUNK {blockData=conID: 2 locID: 102656601978110375 bcsId: 1013} | ret=SUCCESS |  
2019-08-21 19:23:58,125 | INFO  | DNAudit | user=null | ip=null | op=WRITE_CHUNK {blockData=conID: 2 locID: 102656601978110375 bcsId: 1013} | ret=SUCCESS |  
2019-08-21 19:23:58,125 | INFO  | DNAudit | user=null | ip=null | op=PUT_BLOCK {blockData=[blockId=conID: 2 locID: 102656601978110375 bcsId: 0,size=4194304]} | ret=SUCCESS |  
2019-08-21 19:23:58,125 [grpc-default-executor-5] INFO  client.GrpcClientProtocolClient (GrpcClientProtocolClient.java:onNext(255)) - client-DA9582518C67->1df8bd03-73ef-4b9c-8622-5dc9d0e29c31: receive RaftClientReply:client-DA9582518C67->1df8bd03-73ef-4b9c-8622-5dc9d0e29c31@group-F45402591F47, cid=806, SUCCESS, logIndex=1015, commits[1df8bd03-73ef-4b9c-8622-5dc9d0e29c31:c1016, 12aca755-ada5-42df-801b-c61f99d8e8b8:c1014, a308b8bf-0324-43a1-a87f-1e10a96e3042:c1014]
2019-08-21 19:23:58,126 [grpc-default-executor-5] INFO  client.GrpcClientProtocolClient (GrpcClientProtocolClient.java:onNext(255)) - client-DA9582518C67->1df8bd03-73ef-4b9c-8622-5dc9d0e29c31: receive RaftClientReply:client-DA9582518C67->1df8bd03-73ef-4b9c-8622-5dc9d0e29c31@group-F45402591F47, cid=807, SUCCESS, logIndex=1016, commits[1df8bd03-73ef-4b9c-8622-5dc9d0e29c31:c1016, 12aca755-ada5-42df-801b-c61f99d8e8b8:c1014, a308b8bf-0324-43a1-a87f-1e10a96e3042:c1014]
2019-08-21 19:23:58,138 | INFO  | DNAudit | user=null | ip=null | op=WRITE_CHUNK {blockData=conID: 2 locID: 102656601978110375 bcsId: 1013} | ret=SUCCESS |  
2019-08-21 19:23:58,138 | INFO  | DNAudit | user=null | ip=null | op=WRITE_CHUNK {blockData=conID: 2 locID: 102656601978110375 bcsId: 1013} | ret=SUCCESS |  
2019-08-21 19:23:58,138 | INFO  | DNAudit | user=null | ip=null | op=PUT_BLOCK {blockData=[blockId=conID: 2 locID: 102656601978110375 bcsId: 0,size=4194304]} | ret=SUCCESS |  
2019-08-21 19:23:58,138 | INFO  | DNAudit | user=null | ip=null | op=PUT_BLOCK {blockData=[blockId=conID: 2 locID: 102656601978110375 bcsId: 0,size=4194304]} | ret=SUCCESS |  
2019-08-21 19:23:58,138 [grpc-default-executor-5] INFO  client.GrpcClientProtocolClient (GrpcClientProtocolClient.java:onNext(255)) - client-DA9582518C67->1df8bd03-73ef-4b9c-8622-5dc9d0e29c31: receive RaftClientReply:client-DA9582518C67->1df8bd03-73ef-4b9c-8622-5dc9d0e29c31@group-F45402591F47, cid=808, SUCCESS, logIndex=0, commits[1df8bd03-73ef-4b9c-8622-5dc9d0e29c31:c1016, 12aca755-ada5-42df-801b-c61f99d8e8b8:c1016, a308b8bf-0324-43a1-a87f-1e10a96e3042:c1016]
2019-08-21 19:23:58,145 | INFO  | DNAudit | user=null | ip=null | op=WRITE_CHUNK {blockData=conID: 3 locID: 102656601978110376 bcsId: 0} | ret=SUCCESS |  
2019-08-21 19:23:58,148 | INFO  | DNAudit | user=null | ip=null | op=WRITE_CHUNK {blockData=conID: 3 locID: 102656601978110376 bcsId: 0} | ret=SUCCESS |  
2019-08-21 19:23:58,149 | INFO  | DNAudit | user=null | ip=null | op=WRITE_CHUNK {blockData=conID: 3 locID: 102656601978110376 bcsId: 0} | ret=SUCCESS |  
2019-08-21 19:23:58,149 | INFO  | DNAudit | user=null | ip=null | op=WRITE_CHUNK {blockData=conID: 3 locID: 102656601978110376 bcsId: 0} | ret=SUCCESS |  
2019-08-21 19:23:58,151 | INFO  | DNAudit | user=null | ip=null | op=WRITE_CHUNK {blockData=conID: 3 locID: 102656601978110376 bcsId: 0} | ret=SUCCESS |  
2019-08-21 19:23:58,151 | INFO  | DNAudit | user=null | ip=null | op=WRITE_CHUNK {blockData=conID: 3 locID: 102656601978110376 bcsId: 0} | ret=SUCCESS |  
2019-08-21 19:23:58,175 | INFO  | DNAudit | user=null | ip=null | op=WRITE_CHUNK {blockData=conID: 3 locID: 102656601978110376 bcsId: 0} | ret=SUCCESS |  
2019-08-21 19:23:58,176 | INFO  | DNAudit | user=null | ip=null | op=PUT_BLOCK {blockData=[blockId=conID: 3 locID: 102656601978110376 bcsId: 0,size=1048576]} | ret=SUCCESS |  
2019-08-21 19:23:58,176 | INFO  | DNAudit | user=null | ip=null | op=WRITE_CHUNK {blockData=conID: 3 locID: 102656601978110376 bcsId: 0} | ret=SUCCESS |  
2019-08-21 19:23:58,177 | INFO  | DNAudit | user=null | ip=null | op=PUT_BLOCK {blockData=[blockId=conID: 3 locID: 102656601978110376 bcsId: 0,size=2097152]} | ret=SUCCESS |  
2019-08-21 19:23:58,176 [grpc-default-executor-0] INFO  client.GrpcClientProtocolClient (GrpcClientProtocolClient.java:onNext(255)) - client-DA9582518C67->1df8bd03-73ef-4b9c-8622-5dc9d0e29c31: receive RaftClientReply:client-DA9582518C67->1df8bd03-73ef-4b9c-8622-5dc9d0e29c31@group-F45402591F47, cid=809, SUCCESS, logIndex=1019, commits[1df8bd03-73ef-4b9c-8622-5dc9d0e29c31:c1021, 12aca755-ada5-42df-801b-c61f99d8e8b8:c1017, a308b8bf-0324-43a1-a87f-1e10a96e3042:c1017]
2019-08-21 19:23:58,177 [grpc-default-executor-0] INFO  client.GrpcClientProtocolClient (GrpcClientProtocolClient.java:onNext(255)) - client-DA9582518C67->1df8bd03-73ef-4b9c-8622-5dc9d0e29c31: receive RaftClientReply:client-DA9582518C67->1df8bd03-73ef-4b9c-8622-5dc9d0e29c31@group-F45402591F47, cid=810, SUCCESS, logIndex=1020, commits[1df8bd03-73ef-4b9c-8622-5dc9d0e29c31:c1022, 12aca755-ada5-42df-801b-c61f99d8e8b8:c1017, a308b8bf-0324-43a1-a87f-1e10a96e3042:c1017]
2019-08-21 19:23:58,177 [grpc-default-executor-0] INFO  client.GrpcClientProtocolClient (GrpcClientProtocolClient.java:onNext(255)) - client-DA9582518C67->1df8bd03-73ef-4b9c-8622-5dc9d0e29c31: receive RaftClientReply:client-DA9582518C67->1df8bd03-73ef-4b9c-8622-5dc9d0e29c31@group-F45402591F47, cid=811, SUCCESS, logIndex=1021, commits[1df8bd03-73ef-4b9c-8622-5dc9d0e29c31:c1022, 12aca755-ada5-42df-801b-c61f99d8e8b8:c1017, a308b8bf-0324-43a1-a87f-1e10a96e3042:c1017]
2019-08-21 19:23:58,178 [grpc-default-executor-0] INFO  client.GrpcClientProtocolClient (GrpcClientProtocolClient.java:onNext(255)) - client-DA9582518C67->1df8bd03-73ef-4b9c-8622-5dc9d0e29c31: receive RaftClientReply:client-DA9582518C67->1df8bd03-73ef-4b9c-8622-5dc9d0e29c31@group-F45402591F47, cid=812, SUCCESS, logIndex=1022, commits[1df8bd03-73ef-4b9c-8622-5dc9d0e29c31:c1022, 12aca755-ada5-42df-801b-c61f99d8e8b8:c1017, a308b8bf-0324-43a1-a87f-1e10a96e3042:c1017]
2019-08-21 19:23:58,189 | INFO  | DNAudit | user=null | ip=null | op=WRITE_CHUNK {blockData=conID: 3 locID: 102656601978110376 bcsId: 0} | ret=SUCCESS |  
2019-08-21 19:23:58,189 | INFO  | DNAudit | user=null | ip=null | op=WRITE_CHUNK {blockData=conID: 3 locID: 102656601978110376 bcsId: 0} | ret=SUCCESS |  
2019-08-21 19:23:58,190 | INFO  | SCMAudit | user=jenkins1000 | ip=192.168.69.88 | op=SEND_HEARTBEAT {datanodeUUID=cfaf9666-ca64-459e-bd34-ff7c349f752a, command=[]} | ret=SUCCESS |  
2019-08-21 19:23:58,202 | INFO  | DNAudit | user=null | ip=null | op=PUT_BLOCK {blockData=[blockId=conID: 3 locID: 102656601978110376 bcsId: 0,size=1048576]} | ret=SUCCESS |  
2019-08-21 19:23:58,202 | INFO  | DNAudit | user=null | ip=null | op=PUT_BLOCK {blockData=[blockId=conID: 3 locID: 102656601978110376 bcsId: 0,size=1048576]} | ret=SUCCESS |  
2019-08-21 19:23:58,202 | INFO  | DNAudit | user=null | ip=null | op=WRITE_CHUNK {blockData=conID: 3 locID: 102656601978110376 bcsId: 0} | ret=SUCCESS |  
2019-08-21 19:23:58,202 | INFO  | DNAudit | user=null | ip=null | op=WRITE_CHUNK {blockData=conID: 3 locID: 102656601978110376 bcsId: 0} | ret=SUCCESS |  
2019-08-21 19:23:58,202 | INFO  | DNAudit | user=null | ip=null | op=PUT_BLOCK {blockData=[blockId=conID: 3 locID: 102656601978110376 bcsId: 0,size=2097152]} | ret=SUCCESS |  
2019-08-21 19:23:58,202 | INFO  | DNAudit | user=null | ip=null | op=PUT_BLOCK {blockData=[blockId=conID: 3 locID: 102656601978110376 bcsId: 0,size=2097152]} | ret=SUCCESS |  
2019-08-21 19:23:58,203 [grpc-default-executor-0] INFO  client.GrpcClientProtocolClient (GrpcClientProtocolClient.java:onNext(255)) - client-DA9582518C67->1df8bd03-73ef-4b9c-8622-5dc9d0e29c31: receive RaftClientReply:client-DA9582518C67->1df8bd03-73ef-4b9c-8622-5dc9d0e29c31@group-F45402591F47, cid=813, SUCCESS, logIndex=0, commits[1df8bd03-73ef-4b9c-8622-5dc9d0e29c31:c1024, 12aca755-ada5-42df-801b-c61f99d8e8b8:c1021, a308b8bf-0324-43a1-a87f-1e10a96e3042:c1021]
2019-08-21 19:23:58,210 | INFO  | DNAudit | user=null | ip=null | op=WRITE_CHUNK {blockData=conID: 3 locID: 102656601978110376 bcsId: 1022} | ret=SUCCESS |  
2019-08-21 19:23:58,214 | INFO  | DNAudit | user=null | ip=null | op=WRITE_CHUNK {blockData=conID: 3 locID: 102656601978110376 bcsId: 1022} | ret=SUCCESS |  
2019-08-21 19:23:58,215 | INFO  | DNAudit | user=null | ip=null | op=WRITE_CHUNK {blockData=conID: 3 locID: 102656601978110376 bcsId: 1022} | ret=SUCCESS |  
2019-08-21 19:23:58,223 | INFO  | DNAudit | user=null | ip=null | op=WRITE_CHUNK {blockData=conID: 3 locID: 102656601978110376 bcsId: 1022} | ret=SUCCESS |  
2019-08-21 19:23:58,224 | INFO  | DNAudit | user=null | ip=null | op=PUT_BLOCK {blockData=[blockId=conID: 3 locID: 102656601978110376 bcsId: 0,size=3145728]} | ret=SUCCESS |  
2019-08-21 19:23:58,224 [grpc-default-executor-5] INFO  client.GrpcClientProtocolClient (GrpcClientProtocolClient.java:onNext(255)) - client-DA9582518C67->1df8bd03-73ef-4b9c-8622-5dc9d0e29c31: receive RaftClientReply:client-DA9582518C67->1df8bd03-73ef-4b9c-8622-5dc9d0e29c31@group-F45402591F47, cid=814, SUCCESS, logIndex=1027, commits[1df8bd03-73ef-4b9c-8622-5dc9d0e29c31:c1028, 12aca755-ada5-42df-801b-c61f99d8e8b8:c1026, a308b8bf-0324-43a1-a87f-1e10a96e3042:c1026]
2019-08-21 19:23:58,224 [grpc-default-executor-5] INFO  client.GrpcClientProtocolClient (GrpcClientProtocolClient.java:onNext(255)) - client-DA9582518C67->1df8bd03-73ef-4b9c-8622-5dc9d0e29c31: receive RaftClientReply:client-DA9582518C67->1df8bd03-73ef-4b9c-8622-5dc9d0e29c31@group-F45402591F47, cid=815, SUCCESS, logIndex=1028, commits[1df8bd03-73ef-4b9c-8622-5dc9d0e29c31:c1028, 12aca755-ada5-42df-801b-c61f99d8e8b8:c1026, a308b8bf-0324-43a1-a87f-1e10a96e3042:c1026]
2019-08-21 19:23:58,233 | INFO  | DNAudit | user=null | ip=null | op=WRITE_CHUNK {blockData=conID: 3 locID: 102656601978110376 bcsId: 1028} | ret=SUCCESS |  
2019-08-21 19:23:58,235 | INFO  | DNAudit | user=null | ip=null | op=WRITE_CHUNK {blockData=conID: 3 locID: 102656601978110376 bcsId: 1022} | ret=SUCCESS |  
2019-08-21 19:23:58,235 | INFO  | DNAudit | user=null | ip=null | op=WRITE_CHUNK {blockData=conID: 3 locID: 102656601978110376 bcsId: 1022} | ret=SUCCESS |  
2019-08-21 19:23:58,235 | INFO  | DNAudit | user=null | ip=null | op=WRITE_CHUNK {blockData=conID: 3 locID: 102656601978110376 bcsId: 1028} | ret=SUCCESS |  
2019-08-21 19:23:58,235 | INFO  | DNAudit | user=null | ip=null | op=WRITE_CHUNK {blockData=conID: 3 locID: 102656601978110376 bcsId: 1028} | ret=SUCCESS |  
2019-08-21 19:23:58,244 | INFO  | DNAudit | user=null | ip=null | op=PUT_BLOCK {blockData=[blockId=conID: 3 locID: 102656601978110376 bcsId: 0,size=3145728]} | ret=SUCCESS |  
2019-08-21 19:23:58,244 | INFO  | DNAudit | user=null | ip=null | op=PUT_BLOCK {blockData=[blockId=conID: 3 locID: 102656601978110376 bcsId: 0,size=3145728]} | ret=SUCCESS |  
2019-08-21 19:23:58,245 | INFO  | DNAudit | user=null | ip=null | op=WRITE_CHUNK {blockData=conID: 3 locID: 102656601978110376 bcsId: 1028} | ret=SUCCESS |  
2019-08-21 19:23:58,245 | INFO  | DNAudit | user=null | ip=null | op=PUT_BLOCK {blockData=[blockId=conID: 3 locID: 102656601978110376 bcsId: 0,size=4194304]} | ret=SUCCESS |  
2019-08-21 19:23:58,246 [grpc-default-executor-2] INFO  client.GrpcClientProtocolClient (GrpcClientProtocolClient.java:onNext(255)) - client-DA9582518C67->1df8bd03-73ef-4b9c-8622-5dc9d0e29c31: receive RaftClientReply:client-DA9582518C67->1df8bd03-73ef-4b9c-8622-5dc9d0e29c31@group-F45402591F47, cid=816, SUCCESS, logIndex=1031, commits[1df8bd03-73ef-4b9c-8622-5dc9d0e29c31:c1032, 12aca755-ada5-42df-801b-c61f99d8e8b8:c1028, a308b8bf-0324-43a1-a87f-1e10a96e3042:c1028]
2019-08-21 19:23:58,246 [grpc-default-executor-2] INFO  client.GrpcClientProtocolClient (GrpcClientProtocolClient.java:onNext(255)) - client-DA9582518C67->1df8bd03-73ef-4b9c-8622-5dc9d0e29c31: receive RaftClientReply:client-DA9582518C67->1df8bd03-73ef-4b9c-8622-5dc9d0e29c31@group-F45402591F47, cid=817, SUCCESS, logIndex=1032, commits[1df8bd03-73ef-4b9c-8622-5dc9d0e29c31:c1032, 12aca755-ada5-42df-801b-c61f99d8e8b8:c1028, a308b8bf-0324-43a1-a87f-1e10a96e3042:c1028]
2019-08-21 19:23:58,256 | INFO  | DNAudit | user=null | ip=null | op=WRITE_CHUNK {blockData=conID: 3 locID: 102656601978110376 bcsId: 1028} | ret=SUCCESS |  
2019-08-21 19:23:58,256 | INFO  | DNAudit | user=null | ip=null | op=WRITE_CHUNK {blockData=conID: 3 locID: 102656601978110376 bcsId: 1028} | ret=SUCCESS |  
2019-08-21 19:23:58,267 | INFO  | DNAudit | user=null | ip=null | op=PUT_BLOCK {blockData=[blockId=conID: 3 locID: 102656601978110376 bcsId: 0,size=4194304]} | ret=SUCCESS |  
2019-08-21 19:23:58,267 | INFO  | DNAudit | user=null | ip=null | op=PUT_BLOCK {blockData=[blockId=conID: 3 locID: 102656601978110376 bcsId: 0,size=4194304]} | ret=SUCCESS |  
2019-08-21 19:23:58,268 [grpc-default-executor-5] INFO  client.GrpcClientProtocolClient (GrpcClientProtocolClient.java:onNext(255)) - client-DA9582518C67->1df8bd03-73ef-4b9c-8622-5dc9d0e29c31: receive RaftClientReply:client-DA9582518C67->1df8bd03-73ef-4b9c-8622-5dc9d0e29c31@group-F45402591F47, cid=818, SUCCESS, logIndex=0, commits[1df8bd03-73ef-4b9c-8622-5dc9d0e29c31:c1034, 12aca755-ada5-42df-801b-c61f99d8e8b8:c1032, a308b8bf-0324-43a1-a87f-1e10a96e3042:c1032]
2019-08-21 19:23:58,277 | INFO  | DNAudit | user=null | ip=null | op=WRITE_CHUNK {blockData=conID: 1 locID: 102656601978110377 bcsId: 0} | ret=SUCCESS |  
2019-08-21 19:23:58,281 | INFO  | DNAudit | user=null | ip=null | op=WRITE_CHUNK {blockData=conID: 1 locID: 102656601978110377 bcsId: 0} | ret=SUCCESS |  
2019-08-21 19:23:58,281 | INFO  | DNAudit | user=null | ip=null | op=WRITE_CHUNK {blockData=conID: 1 locID: 102656601978110377 bcsId: 0} | ret=SUCCESS |  
2019-08-21 19:23:58,282 | INFO  | DNAudit | user=null | ip=null | op=WRITE_CHUNK {blockData=conID: 1 locID: 102656601978110377 bcsId: 0} | ret=SUCCESS |  
2019-08-21 19:23:58,284 | INFO  | DNAudit | user=null | ip=null | op=WRITE_CHUNK {blockData=conID: 1 locID: 102656601978110377 bcsId: 0} | ret=SUCCESS |  
2019-08-21 19:23:58,285 | INFO  | DNAudit | user=null | ip=null | op=WRITE_CHUNK {blockData=conID: 1 locID: 102656601978110377 bcsId: 0} | ret=SUCCESS |  
2019-08-21 19:23:58,288 | INFO  | DNAudit | user=null | ip=null | op=WRITE_CHUNK {blockData=conID: 1 locID: 102656601978110377 bcsId: 0} | ret=SUCCESS |  
2019-08-21 19:23:58,289 | INFO  | DNAudit | user=null | ip=null | op=PUT_BLOCK {blockData=[blockId=conID: 1 locID: 102656601978110377 bcsId: 0,size=1048576]} | ret=SUCCESS |  
2019-08-21 19:23:58,289 [grpc-default-executor-2] INFO  client.GrpcClientProtocolClient (GrpcClientProtocolClient.java:onNext(255)) - client-DA9582518C67->1df8bd03-73ef-4b9c-8622-5dc9d0e29c31: receive RaftClientReply:client-DA9582518C67->1df8bd03-73ef-4b9c-8622-5dc9d0e29c31@group-F45402591F47, cid=819, SUCCESS, logIndex=1035, commits[1df8bd03-73ef-4b9c-8622-5dc9d0e29c31:c1036, 12aca755-ada5-42df-801b-c61f99d8e8b8:c1034, a308b8bf-0324-43a1-a87f-1e10a96e3042:c1034]
2019-08-21 19:23:58,290 [grpc-default-executor-2] INFO  client.GrpcClientProtocolClient (GrpcClientProtocolClient.java:onNext(255)) - client-DA9582518C67->1df8bd03-73ef-4b9c-8622-5dc9d0e29c31: receive RaftClientReply:client-DA9582518C67->1df8bd03-73ef-4b9c-8622-5dc9d0e29c31@group-F45402591F47, cid=820, SUCCESS, logIndex=1036, commits[1df8bd03-73ef-4b9c-8622-5dc9d0e29c31:c1036, 12aca755-ada5-42df-801b-c61f99d8e8b8:c1034, a308b8bf-0324-43a1-a87f-1e10a96e3042:c1034]
2019-08-21 19:23:58,298 | INFO  | DNAudit | user=null | ip=null | op=WRITE_CHUNK {blockData=conID: 1 locID: 102656601978110377 bcsId: 0} | ret=SUCCESS |  
2019-08-21 19:23:58,298 | INFO  | DNAudit | user=null | ip=null | op=PUT_BLOCK {blockData=[blockId=conID: 1 locID: 102656601978110377 bcsId: 0,size=2097152]} | ret=SUCCESS |  
2019-08-21 19:23:58,298 [grpc-default-executor-5] INFO  client.GrpcClientProtocolClient (GrpcClientProtocolClient.java:onNext(255)) - client-DA9582518C67->1df8bd03-73ef-4b9c-8622-5dc9d0e29c31: receive RaftClientReply:client-DA9582518C67->1df8bd03-73ef-4b9c-8622-5dc9d0e29c31@group-F45402591F47, cid=821, SUCCESS, logIndex=1037, commits[1df8bd03-73ef-4b9c-8622-5dc9d0e29c31:c1038, 12aca755-ada5-42df-801b-c61f99d8e8b8:c1034, a308b8bf-0324-43a1-a87f-1e10a96e3042:c1034]
2019-08-21 19:23:58,299 [grpc-default-executor-5] INFO  client.GrpcClientProtocolClient (GrpcClientProtocolClient.java:onNext(255)) - client-DA9582518C67->1df8bd03-73ef-4b9c-8622-5dc9d0e29c31: receive RaftClientReply:client-DA9582518C67->1df8bd03-73ef-4b9c-8622-5dc9d0e29c31@group-F45402591F47, cid=822, SUCCESS, logIndex=1038, commits[1df8bd03-73ef-4b9c-8622-5dc9d0e29c31:c1038, 12aca755-ada5-42df-801b-c61f99d8e8b8:c1034, a308b8bf-0324-43a1-a87f-1e10a96e3042:c1034]
2019-08-21 19:23:58,309 | INFO  | DNAudit | user=null | ip=null | op=WRITE_CHUNK {blockData=conID: 1 locID: 102656601978110377 bcsId: 0} | ret=SUCCESS |  
2019-08-21 19:23:58,309 | INFO  | DNAudit | user=null | ip=null | op=PUT_BLOCK {blockData=[blockId=conID: 1 locID: 102656601978110377 bcsId: 0,size=1048576]} | ret=SUCCESS |  
2019-08-21 19:23:58,311 | INFO  | DNAudit | user=null | ip=null | op=WRITE_CHUNK {blockData=conID: 1 locID: 102656601978110377 bcsId: 0} | ret=SUCCESS |  
2019-08-21 19:23:58,311 | INFO  | DNAudit | user=null | ip=null | op=PUT_BLOCK {blockData=[blockId=conID: 1 locID: 102656601978110377 bcsId: 0,size=1048576]} | ret=SUCCESS |  
2019-08-21 19:23:58,311 | INFO  | DNAudit | user=null | ip=null | op=WRITE_CHUNK {blockData=conID: 1 locID: 102656601978110377 bcsId: 0} | ret=SUCCESS |  
2019-08-21 19:23:58,311 | INFO  | DNAudit | user=null | ip=null | op=PUT_BLOCK {blockData=[blockId=conID: 1 locID: 102656601978110377 bcsId: 0,size=2097152]} | ret=SUCCESS |  
2019-08-21 19:23:58,311 [grpc-default-executor-5] INFO  client.GrpcClientProtocolClient (GrpcClientProtocolClient.java:onNext(255)) - client-DA9582518C67->1df8bd03-73ef-4b9c-8622-5dc9d0e29c31: receive RaftClientReply:client-DA9582518C67->1df8bd03-73ef-4b9c-8622-5dc9d0e29c31@group-F45402591F47, cid=823, SUCCESS, logIndex=0, commits[1df8bd03-73ef-4b9c-8622-5dc9d0e29c31:c1040, 12aca755-ada5-42df-801b-c61f99d8e8b8:c1036, a308b8bf-0324-43a1-a87f-1e10a96e3042:c1036]
2019-08-21 19:23:58,318 | INFO  | DNAudit | user=null | ip=null | op=WRITE_CHUNK {blockData=conID: 1 locID: 102656601978110377 bcsId: 1038} | ret=SUCCESS |  
2019-08-21 19:23:58,320 | INFO  | DNAudit | user=null | ip=null | op=WRITE_CHUNK {blockData=conID: 1 locID: 102656601978110377 bcsId: 0} | ret=SUCCESS |  
2019-08-21 19:23:58,320 | INFO  | DNAudit | user=null | ip=null | op=PUT_BLOCK {blockData=[blockId=conID: 1 locID: 102656601978110377 bcsId: 0,size=2097152]} | ret=SUCCESS |  
2019-08-21 19:23:58,321 | INFO  | DNAudit | user=null | ip=null | op=WRITE_CHUNK {blockData=conID: 1 locID: 102656601978110377 bcsId: 1038} | ret=SUCCESS |  
2019-08-21 19:23:58,322 | INFO  | DNAudit | user=null | ip=null | op=WRITE_CHUNK {blockData=conID: 1 locID: 102656601978110377 bcsId: 1038} | ret=SUCCESS |  
2019-08-21 19:23:58,356 | INFO  | DNAudit | user=null | ip=null | op=WRITE_CHUNK {blockData=conID: 1 locID: 102656601978110377 bcsId: 1038} | ret=SUCCESS |  
2019-08-21 19:23:58,357 | INFO  | DNAudit | user=null | ip=null | op=PUT_BLOCK {blockData=[blockId=conID: 1 locID: 102656601978110377 bcsId: 0,size=3145728]} | ret=SUCCESS |  
2019-08-21 19:23:58,357 [grpc-default-executor-5] INFO  client.GrpcClientProtocolClient (GrpcClientProtocolClient.java:onNext(255)) - client-DA9582518C67->1df8bd03-73ef-4b9c-8622-5dc9d0e29c31: receive RaftClientReply:client-DA9582518C67->1df8bd03-73ef-4b9c-8622-5dc9d0e29c31@group-F45402591F47, cid=824, SUCCESS, logIndex=1043, commits[1df8bd03-73ef-4b9c-8622-5dc9d0e29c31:c1044, 12aca755-ada5-42df-801b-c61f99d8e8b8:c1042, a308b8bf-0324-43a1-a87f-1e10a96e3042:c1042]
2019-08-21 19:23:58,358 [grpc-default-executor-5] INFO  client.GrpcClientProtocolClient (GrpcClientProtocolClient.java:onNext(255)) - client-DA9582518C67->1df8bd03-73ef-4b9c-8622-5dc9d0e29c31: receive RaftClientReply:client-DA9582518C67->1df8bd03-73ef-4b9c-8622-5dc9d0e29c31@group-F45402591F47, cid=825, SUCCESS, logIndex=1044, commits[1df8bd03-73ef-4b9c-8622-5dc9d0e29c31:c1044, 12aca755-ada5-42df-801b-c61f99d8e8b8:c1042, a308b8bf-0324-43a1-a87f-1e10a96e3042:c1042]
2019-08-21 19:23:58,366 | INFO  | DNAudit | user=null | ip=null | op=WRITE_CHUNK {blockData=conID: 1 locID: 102656601978110377 bcsId: 1044} | ret=SUCCESS |  
2019-08-21 19:23:58,370 | INFO  | DNAudit | user=null | ip=null | op=WRITE_CHUNK {blockData=conID: 1 locID: 102656601978110377 bcsId: 1044} | ret=SUCCESS |  
2019-08-21 19:23:58,371 | INFO  | DNAudit | user=null | ip=null | op=WRITE_CHUNK {blockData=conID: 1 locID: 102656601978110377 bcsId: 1044} | ret=SUCCESS |  
2019-08-21 19:23:58,373 | INFO  | DNAudit | user=null | ip=null | op=WRITE_CHUNK {blockData=conID: 1 locID: 102656601978110377 bcsId: 1038} | ret=SUCCESS |  
2019-08-21 19:23:58,373 | INFO  | DNAudit | user=null | ip=null | op=WRITE_CHUNK {blockData=conID: 1 locID: 102656601978110377 bcsId: 1038} | ret=SUCCESS |  
2019-08-21 19:23:58,374 | INFO  | DNAudit | user=null | ip=null | op=PUT_BLOCK {blockData=[blockId=conID: 1 locID: 102656601978110377 bcsId: 0,size=3145728]} | ret=SUCCESS |  
2019-08-21 19:23:58,374 | INFO  | DNAudit | user=null | ip=null | op=PUT_BLOCK {blockData=[blockId=conID: 1 locID: 102656601978110377 bcsId: 0,size=3145728]} | ret=SUCCESS |  
2019-08-21 19:23:58,375 | INFO  | DNAudit | user=null | ip=null | op=WRITE_CHUNK {blockData=conID: 1 locID: 102656601978110377 bcsId: 1044} | ret=SUCCESS |  
2019-08-21 19:23:58,375 | INFO  | DNAudit | user=null | ip=null | op=PUT_BLOCK {blockData=[blockId=conID: 1 locID: 102656601978110377 bcsId: 0,size=4194304]} | ret=SUCCESS |  
2019-08-21 19:23:58,375 [grpc-default-executor-0] INFO  client.GrpcClientProtocolClient (GrpcClientProtocolClient.java:onNext(255)) - client-DA9582518C67->1df8bd03-73ef-4b9c-8622-5dc9d0e29c31: receive RaftClientReply:client-DA9582518C67->1df8bd03-73ef-4b9c-8622-5dc9d0e29c31@group-F45402591F47, cid=826, SUCCESS, logIndex=1047, commits[1df8bd03-73ef-4b9c-8622-5dc9d0e29c31:c1048, 12aca755-ada5-42df-801b-c61f99d8e8b8:c1044, a308b8bf-0324-43a1-a87f-1e10a96e3042:c1044]
2019-08-21 19:23:58,376 [grpc-default-executor-0] INFO  client.GrpcClientProtocolClient (GrpcClientProtocolClient.java:onNext(255)) - client-DA9582518C67->1df8bd03-73ef-4b9c-8622-5dc9d0e29c31: receive RaftClientReply:client-DA9582518C67->1df8bd03-73ef-4b9c-8622-5dc9d0e29c31@group-F45402591F47, cid=827, SUCCESS, logIndex=1048, commits[1df8bd03-73ef-4b9c-8622-5dc9d0e29c31:c1048, 12aca755-ada5-42df-801b-c61f99d8e8b8:c1044, a308b8bf-0324-43a1-a87f-1e10a96e3042:c1044]
2019-08-21 19:23:58,386 | INFO  | DNAudit | user=null | ip=null | op=WRITE_CHUNK {blockData=conID: 1 locID: 102656601978110377 bcsId: 1044} | ret=SUCCESS |  
2019-08-21 19:23:58,386 | INFO  | DNAudit | user=null | ip=null | op=WRITE_CHUNK {blockData=conID: 1 locID: 102656601978110377 bcsId: 1044} | ret=SUCCESS |  
2019-08-21 19:23:58,389 | INFO  | DNAudit | user=null | ip=null | op=PUT_BLOCK {blockData=[blockId=conID: 1 locID: 102656601978110377 bcsId: 0,size=4194304]} | ret=SUCCESS |  
2019-08-21 19:23:58,389 | INFO  | DNAudit | user=null | ip=null | op=PUT_BLOCK {blockData=[blockId=conID: 1 locID: 102656601978110377 bcsId: 0,size=4194304]} | ret=SUCCESS |  
2019-08-21 19:23:58,390 [grpc-default-executor-0] INFO  client.GrpcClientProtocolClient (GrpcClientProtocolClient.java:onNext(255)) - client-DA9582518C67->1df8bd03-73ef-4b9c-8622-5dc9d0e29c31: receive RaftClientReply:client-DA9582518C67->1df8bd03-73ef-4b9c-8622-5dc9d0e29c31@group-F45402591F47, cid=828, SUCCESS, logIndex=0, commits[1df8bd03-73ef-4b9c-8622-5dc9d0e29c31:c1050, 12aca755-ada5-42df-801b-c61f99d8e8b8:c1048, a308b8bf-0324-43a1-a87f-1e10a96e3042:c1048]
2019-08-21 19:23:58,397 | INFO  | DNAudit | user=null | ip=null | op=WRITE_CHUNK {blockData=conID: 2 locID: 102656601978110378 bcsId: 0} | ret=SUCCESS |  
 0.00% |█                                                                                                    |  0/1 Time: 0:00:032019-08-21 19:23:58,582 | INFO  | DNAudit | user=null | ip=null | op=WRITE_CHUNK {blockData=conID: 2 locID: 102656601978110378 bcsId: 0} | ret=SUCCESS |  
2019-08-21 19:23:58,583 | INFO  | SCMAudit | user=jenkins1000 | ip=192.168.69.88 | op=SEND_HEARTBEAT {datanodeUUID=c4b21f74-9dba-4f39-a92d-300bdd5c7775, command=[]} | ret=SUCCESS |  
2019-08-21 19:23:58,584 | INFO  | DNAudit | user=null | ip=null | op=WRITE_CHUNK {blockData=conID: 2 locID: 102656601978110378 bcsId: 0} | ret=SUCCESS |  
2019-08-21 19:23:58,584 | INFO  | DNAudit | user=null | ip=null | op=WRITE_CHUNK {blockData=conID: 2 locID: 102656601978110378 bcsId: 0} | ret=SUCCESS |  
2019-08-21 19:23:58,591 | INFO  | DNAudit | user=null | ip=null | op=WRITE_CHUNK {blockData=conID: 2 locID: 102656601978110378 bcsId: 0} | ret=SUCCESS |  
2019-08-21 19:23:58,591 | INFO  | DNAudit | user=null | ip=null | op=WRITE_CHUNK {blockData=conID: 2 locID: 102656601978110378 bcsId: 0} | ret=SUCCESS |  
2019-08-21 19:23:58,611 | INFO  | DNAudit | user=null | ip=null | op=WRITE_CHUNK {blockData=conID: 2 locID: 102656601978110378 bcsId: 0} | ret=SUCCESS |  
2019-08-21 19:23:58,612 | INFO  | DNAudit | user=null | ip=null | op=PUT_BLOCK {blockData=[blockId=conID: 2 locID: 102656601978110378 bcsId: 0,size=1048576]} | ret=SUCCESS |  
2019-08-21 19:23:58,613 | INFO  | DNAudit | user=null | ip=null | op=WRITE_CHUNK {blockData=conID: 2 locID: 102656601978110378 bcsId: 0} | ret=SUCCESS |  
2019-08-21 19:23:58,612 [grpc-default-executor-5] INFO  client.GrpcClientProtocolClient (GrpcClientProtocolClient.java:onNext(255)) - client-DA9582518C67->1df8bd03-73ef-4b9c-8622-5dc9d0e29c31: receive RaftClientReply:client-DA9582518C67->1df8bd03-73ef-4b9c-8622-5dc9d0e29c31@group-F45402591F47, cid=829, SUCCESS, logIndex=1051, commits[1df8bd03-73ef-4b9c-8622-5dc9d0e29c31:c1054, 12aca755-ada5-42df-801b-c61f99d8e8b8:c1050, a308b8bf-0324-43a1-a87f-1e10a96e3042:c1050]
2019-08-21 19:23:58,613 | INFO  | DNAudit | user=null | ip=null | op=PUT_BLOCK {blockData=[blockId=conID: 2 locID: 102656601978110378 bcsId: 0,size=2097152]} | ret=SUCCESS |  
2019-08-21 19:23:58,613 [grpc-default-executor-5] INFO  client.GrpcClientProtocolClient (GrpcClientProtocolClient.java:onNext(255)) - client-DA9582518C67->1df8bd03-73ef-4b9c-8622-5dc9d0e29c31: receive RaftClientReply:client-DA9582518C67->1df8bd03-73ef-4b9c-8622-5dc9d0e29c31@group-F45402591F47, cid=830, SUCCESS, logIndex=1052, commits[1df8bd03-73ef-4b9c-8622-5dc9d0e29c31:c1054, 12aca755-ada5-42df-801b-c61f99d8e8b8:c1050, a308b8bf-0324-43a1-a87f-1e10a96e3042:c1050]
2019-08-21 19:23:58,614 [grpc-default-executor-5] INFO  client.GrpcClientProtocolClient (GrpcClientProtocolClient.java:onNext(255)) - client-DA9582518C67->1df8bd03-73ef-4b9c-8622-5dc9d0e29c31: receive RaftClientReply:client-DA9582518C67->1df8bd03-73ef-4b9c-8622-5dc9d0e29c31@group-F45402591F47, cid=831, SUCCESS, logIndex=1053, commits[1df8bd03-73ef-4b9c-8622-5dc9d0e29c31:c1054, 12aca755-ada5-42df-801b-c61f99d8e8b8:c1050, a308b8bf-0324-43a1-a87f-1e10a96e3042:c1050]
2019-08-21 19:23:58,614 [grpc-default-executor-5] INFO  client.GrpcClientProtocolClient (GrpcClientProtocolClient.java:onNext(255)) - client-DA9582518C67->1df8bd03-73ef-4b9c-8622-5dc9d0e29c31: receive RaftClientReply:client-DA9582518C67->1df8bd03-73ef-4b9c-8622-5dc9d0e29c31@group-F45402591F47, cid=832, SUCCESS, logIndex=1054, commits[1df8bd03-73ef-4b9c-8622-5dc9d0e29c31:c1054, 12aca755-ada5-42df-801b-c61f99d8e8b8:c1050, a308b8bf-0324-43a1-a87f-1e10a96e3042:c1050]
2019-08-21 19:23:58,620 | INFO  | DNAudit | user=null | ip=null | op=WRITE_CHUNK {blockData=conID: 2 locID: 102656601978110378 bcsId: 0} | ret=SUCCESS |  
2019-08-21 19:23:58,620 | INFO  | DNAudit | user=null | ip=null | op=PUT_BLOCK {blockData=[blockId=conID: 2 locID: 102656601978110378 bcsId: 0,size=1048576]} | ret=SUCCESS |  
2019-08-21 19:23:58,620 | INFO  | DNAudit | user=null | ip=null | op=WRITE_CHUNK {blockData=conID: 2 locID: 102656601978110378 bcsId: 0} | ret=SUCCESS |  
2019-08-21 19:23:58,621 | INFO  | DNAudit | user=null | ip=null | op=PUT_BLOCK {blockData=[blockId=conID: 2 locID: 102656601978110378 bcsId: 0,size=1048576]} | ret=SUCCESS |  
2019-08-21 19:23:58,621 | INFO  | DNAudit | user=null | ip=null | op=WRITE_CHUNK {blockData=conID: 2 locID: 102656601978110378 bcsId: 0} | ret=SUCCESS |  
2019-08-21 19:23:58,621 | INFO  | DNAudit | user=null | ip=null | op=WRITE_CHUNK {blockData=conID: 2 locID: 102656601978110378 bcsId: 0} | ret=SUCCESS |  
2019-08-21 19:23:58,621 | INFO  | DNAudit | user=null | ip=null | op=PUT_BLOCK {blockData=[blockId=conID: 2 locID: 102656601978110378 bcsId: 0,size=2097152]} | ret=SUCCESS |  
2019-08-21 19:23:58,621 | INFO  | DNAudit | user=null | ip=null | op=PUT_BLOCK {blockData=[blockId=conID: 2 locID: 102656601978110378 bcsId: 0,size=2097152]} | ret=SUCCESS |  
2019-08-21 19:23:58,621 [grpc-default-executor-5] INFO  client.GrpcClientProtocolClient (GrpcClientProtocolClient.java:onNext(255)) - client-DA9582518C67->1df8bd03-73ef-4b9c-8622-5dc9d0e29c31: receive RaftClientReply:client-DA9582518C67->1df8bd03-73ef-4b9c-8622-5dc9d0e29c31@group-F45402591F47, cid=833, SUCCESS, logIndex=0, commits[1df8bd03-73ef-4b9c-8622-5dc9d0e29c31:c1055, 12aca755-ada5-42df-801b-c61f99d8e8b8:c1052, a308b8bf-0324-43a1-a87f-1e10a96e3042:c1052]
2019-08-21 19:23:58,630 | INFO  | DNAudit | user=null | ip=null | op=WRITE_CHUNK {blockData=conID: 2 locID: 102656601978110378 bcsId: 1054} | ret=SUCCESS |  
2019-08-21 19:23:58,633 | INFO  | DNAudit | user=null | ip=null | op=WRITE_CHUNK {blockData=conID: 2 locID: 102656601978110378 bcsId: 1054} | ret=SUCCESS |  
2019-08-21 19:23:58,634 | INFO  | DNAudit | user=null | ip=null | op=WRITE_CHUNK {blockData=conID: 2 locID: 102656601978110378 bcsId: 1054} | ret=SUCCESS |  
2019-08-21 19:23:58,639 | INFO  | DNAudit | user=null | ip=null | op=WRITE_CHUNK {blockData=conID: 2 locID: 102656601978110378 bcsId: 1054} | ret=SUCCESS |  
2019-08-21 19:23:58,639 | INFO  | DNAudit | user=null | ip=null | op=PUT_BLOCK {blockData=[blockId=conID: 2 locID: 102656601978110378 bcsId: 0,size=3145728]} | ret=SUCCESS |  
2019-08-21 19:23:58,639 [grpc-default-executor-0] INFO  client.GrpcClientProtocolClient (GrpcClientProtocolClient.java:onNext(255)) - client-DA9582518C67->1df8bd03-73ef-4b9c-8622-5dc9d0e29c31: receive RaftClientReply:client-DA9582518C67->1df8bd03-73ef-4b9c-8622-5dc9d0e29c31@group-F45402591F47, cid=834, SUCCESS, logIndex=1058, commits[1df8bd03-73ef-4b9c-8622-5dc9d0e29c31:c1059, 12aca755-ada5-42df-801b-c61f99d8e8b8:c1057, a308b8bf-0324-43a1-a87f-1e10a96e3042:c1057]
2019-08-21 19:23:58,640 [grpc-default-executor-0] INFO  client.GrpcClientProtocolClient (GrpcClientProtocolClient.java:onNext(255)) - client-DA9582518C67->1df8bd03-73ef-4b9c-8622-5dc9d0e29c31: receive RaftClientReply:client-DA9582518C67->1df8bd03-73ef-4b9c-8622-5dc9d0e29c31@group-F45402591F47, cid=835, SUCCESS, logIndex=1059, commits[1df8bd03-73ef-4b9c-8622-5dc9d0e29c31:c1059, 12aca755-ada5-42df-801b-c61f99d8e8b8:c1057, a308b8bf-0324-43a1-a87f-1e10a96e3042:c1057]
2019-08-21 19:23:58,648 | INFO  | DNAudit | user=null | ip=null | op=WRITE_CHUNK {blockData=conID: 2 locID: 102656601978110378 bcsId: 1059} | ret=SUCCESS |  
2019-08-21 19:23:58,650 | INFO  | DNAudit | user=null | ip=null | op=WRITE_CHUNK {blockData=conID: 2 locID: 102656601978110378 bcsId: 1054} | ret=SUCCESS |  
2019-08-21 19:23:58,650 | INFO  | DNAudit | user=null | ip=null | op=WRITE_CHUNK {blockData=conID: 2 locID: 102656601978110378 bcsId: 1054} | ret=SUCCESS |  
2019-08-21 19:23:58,651 | INFO  | DNAudit | user=null | ip=null | op=PUT_BLOCK {blockData=[blockId=conID: 2 locID: 102656601978110378 bcsId: 0,size=3145728]} | ret=SUCCESS |  
2019-08-21 19:23:58,651 | INFO  | DNAudit | user=null | ip=null | op=PUT_BLOCK {blockData=[blockId=conID: 2 locID: 102656601978110378 bcsId: 0,size=3145728]} | ret=SUCCESS |  
2019-08-21 19:23:58,652 | INFO  | DNAudit | user=null | ip=null | op=WRITE_CHUNK {blockData=conID: 2 locID: 102656601978110378 bcsId: 1059} | ret=SUCCESS |  
2019-08-21 19:23:58,652 | INFO  | DNAudit | user=null | ip=null | op=WRITE_CHUNK {blockData=conID: 2 locID: 102656601978110378 bcsId: 1059} | ret=SUCCESS |  
2019-08-21 19:23:58,665 | INFO  | DNAudit | user=null | ip=null | op=WRITE_CHUNK {blockData=conID: 2 locID: 102656601978110378 bcsId: 1059} | ret=SUCCESS |  
2019-08-21 19:23:58,665 | INFO  | DNAudit | user=null | ip=null | op=PUT_BLOCK {blockData=[blockId=conID: 2 locID: 102656601978110378 bcsId: 0,size=4194304]} | ret=SUCCESS |  
2019-08-21 19:23:58,666 [grpc-default-executor-5] INFO  client.GrpcClientProtocolClient (GrpcClientProtocolClient.java:onNext(255)) - client-DA9582518C67->1df8bd03-73ef-4b9c-8622-5dc9d0e29c31: receive RaftClientReply:client-DA9582518C67->1df8bd03-73ef-4b9c-8622-5dc9d0e29c31@group-F45402591F47, cid=836, SUCCESS, logIndex=1062, commits[1df8bd03-73ef-4b9c-8622-5dc9d0e29c31:c1063, 12aca755-ada5-42df-801b-c61f99d8e8b8:c1059, a308b8bf-0324-43a1-a87f-1e10a96e3042:c1059]
2019-08-21 19:23:58,666 [grpc-default-executor-5] INFO  client.GrpcClientProtocolClient (GrpcClientProtocolClient.java:onNext(255)) - client-DA9582518C67->1df8bd03-73ef-4b9c-8622-5dc9d0e29c31: receive RaftClientReply:client-DA9582518C67->1df8bd03-73ef-4b9c-8622-5dc9d0e29c31@group-F45402591F47, cid=837, SUCCESS, logIndex=1063, commits[1df8bd03-73ef-4b9c-8622-5dc9d0e29c31:c1063, 12aca755-ada5-42df-801b-c61f99d8e8b8:c1059, a308b8bf-0324-43a1-a87f-1e10a96e3042:c1059]
2019-08-21 19:23:58,678 | INFO  | DNAudit | user=null | ip=null | op=WRITE_CHUNK {blockData=conID: 2 locID: 102656601978110378 bcsId: 1059} | ret=SUCCESS |  
2019-08-21 19:23:58,678 | INFO  | DNAudit | user=null | ip=null | op=WRITE_CHUNK {blockData=conID: 2 locID: 102656601978110378 bcsId: 1059} | ret=SUCCESS |  
2019-08-21 19:23:58,678 | INFO  | DNAudit | user=null | ip=null | op=PUT_BLOCK {blockData=[blockId=conID: 2 locID: 102656601978110378 bcsId: 0,size=4194304]} | ret=SUCCESS |  
2019-08-21 19:23:58,678 | INFO  | DNAudit | user=null | ip=null | op=PUT_BLOCK {blockData=[blockId=conID: 2 locID: 102656601978110378 bcsId: 0,size=4194304]} | ret=SUCCESS |  
2019-08-21 19:23:58,678 [grpc-default-executor-0] INFO  client.GrpcClientProtocolClient (GrpcClientProtocolClient.java:onNext(255)) - client-DA9582518C67->1df8bd03-73ef-4b9c-8622-5dc9d0e29c31: receive RaftClientReply:client-DA9582518C67->1df8bd03-73ef-4b9c-8622-5dc9d0e29c31@group-F45402591F47, cid=838, SUCCESS, logIndex=0, commits[1df8bd03-73ef-4b9c-8622-5dc9d0e29c31:c1064, 12aca755-ada5-42df-801b-c61f99d8e8b8:c1063, a308b8bf-0324-43a1-a87f-1e10a96e3042:c1063]
2019-08-21 19:23:58,685 | INFO  | DNAudit | user=null | ip=null | op=WRITE_CHUNK {blockData=conID: 3 locID: 102656601978175915 bcsId: 0} | ret=SUCCESS |  
2019-08-21 19:23:58,687 | INFO  | DNAudit | user=null | ip=null | op=WRITE_CHUNK {blockData=conID: 3 locID: 102656601978175915 bcsId: 0} | ret=SUCCESS |  
2019-08-21 19:23:58,689 | INFO  | DNAudit | user=null | ip=null | op=WRITE_CHUNK {blockData=conID: 3 locID: 102656601978175915 bcsId: 0} | ret=SUCCESS |  
2019-08-21 19:23:58,690 | INFO  | DNAudit | user=null | ip=null | op=WRITE_CHUNK {blockData=conID: 3 locID: 102656601978175915 bcsId: 0} | ret=SUCCESS |  
2019-08-21 19:23:58,691 | INFO  | DNAudit | user=null | ip=null | op=WRITE_CHUNK {blockData=conID: 3 locID: 102656601978175915 bcsId: 0} | ret=SUCCESS |  
2019-08-21 19:23:58,691 | INFO  | DNAudit | user=null | ip=null | op=WRITE_CHUNK {blockData=conID: 3 locID: 102656601978175915 bcsId: 0} | ret=SUCCESS |  
2019-08-21 19:23:58,704 | INFO  | DNAudit | user=null | ip=null | op=WRITE_CHUNK {blockData=conID: 3 locID: 102656601978175915 bcsId: 0} | ret=SUCCESS |  
2019-08-21 19:23:58,704 | INFO  | DNAudit | user=null | ip=null | op=PUT_BLOCK {blockData=[blockId=conID: 3 locID: 102656601978175915 bcsId: 0,size=1048576]} | ret=SUCCESS |  
2019-08-21 19:23:58,705 | INFO  | DNAudit | user=null | ip=null | op=WRITE_CHUNK {blockData=conID: 3 locID: 102656601978175915 bcsId: 0} | ret=SUCCESS |  
2019-08-21 19:23:58,705 [grpc-default-executor-2] INFO  client.GrpcClientProtocolClient (GrpcClientProtocolClient.java:onNext(255)) - client-DA9582518C67->1df8bd03-73ef-4b9c-8622-5dc9d0e29c31: receive RaftClientReply:client-DA9582518C67->1df8bd03-73ef-4b9c-8622-5dc9d0e29c31@group-F45402591F47, cid=839, SUCCESS, logIndex=1066, commits[1df8bd03-73ef-4b9c-8622-5dc9d0e29c31:c1068, 12aca755-ada5-42df-801b-c61f99d8e8b8:c1064, a308b8bf-0324-43a1-a87f-1e10a96e3042:c1064]
2019-08-21 19:23:58,705 | INFO  | DNAudit | user=null | ip=null | op=PUT_BLOCK {blockData=[blockId=conID: 3 locID: 102656601978175915 bcsId: 0,size=2097152]} | ret=SUCCESS |  
2019-08-21 19:23:58,705 [grpc-default-executor-2] INFO  client.GrpcClientProtocolClient (GrpcClientProtocolClient.java:onNext(255)) - client-DA9582518C67->1df8bd03-73ef-4b9c-8622-5dc9d0e29c31: receive RaftClientReply:client-DA9582518C67->1df8bd03-73ef-4b9c-8622-5dc9d0e29c31@group-F45402591F47, cid=840, SUCCESS, logIndex=1067, commits[1df8bd03-73ef-4b9c-8622-5dc9d0e29c31:c1069, 12aca755-ada5-42df-801b-c61f99d8e8b8:c1064, a308b8bf-0324-43a1-a87f-1e10a96e3042:c1064]
2019-08-21 19:23:58,706 [grpc-default-executor-2] INFO  client.GrpcClientProtocolClient (GrpcClientProtocolClient.java:onNext(255)) - client-DA9582518C67->1df8bd03-73ef-4b9c-8622-5dc9d0e29c31: receive RaftClientReply:client-DA9582518C67->1df8bd03-73ef-4b9c-8622-5dc9d0e29c31@group-F45402591F47, cid=841, SUCCESS, logIndex=1068, commits[1df8bd03-73ef-4b9c-8622-5dc9d0e29c31:c1069, 12aca755-ada5-42df-801b-c61f99d8e8b8:c1064, a308b8bf-0324-43a1-a87f-1e10a96e3042:c1064]
2019-08-21 19:23:58,706 [grpc-default-executor-2] INFO  client.GrpcClientProtocolClient (GrpcClientProtocolClient.java:onNext(255)) - client-DA9582518C67->1df8bd03-73ef-4b9c-8622-5dc9d0e29c31: receive RaftClientReply:client-DA9582518C67->1df8bd03-73ef-4b9c-8622-5dc9d0e29c31@group-F45402591F47, cid=842, SUCCESS, logIndex=1069, commits[1df8bd03-73ef-4b9c-8622-5dc9d0e29c31:c1069, 12aca755-ada5-42df-801b-c61f99d8e8b8:c1064, a308b8bf-0324-43a1-a87f-1e10a96e3042:c1064]
2019-08-21 19:23:58,717 | INFO  | DNAudit | user=null | ip=null | op=WRITE_CHUNK {blockData=conID: 3 locID: 102656601978175915 bcsId: 0} | ret=SUCCESS |  
2019-08-21 19:23:58,717 | INFO  | DNAudit | user=null | ip=null | op=WRITE_CHUNK {blockData=conID: 3 locID: 102656601978175915 bcsId: 0} | ret=SUCCESS |  
2019-08-21 19:23:58,717 | INFO  | DNAudit | user=null | ip=null | op=PUT_BLOCK {blockData=[blockId=conID: 3 locID: 102656601978175915 bcsId: 0,size=1048576]} | ret=SUCCESS |  
2019-08-21 19:23:58,718 | INFO  | DNAudit | user=null | ip=null | op=PUT_BLOCK {blockData=[blockId=conID: 3 locID: 102656601978175915 bcsId: 0,size=1048576]} | ret=SUCCESS |  
2019-08-21 19:23:58,717 [grpc-default-executor-5] INFO  client.GrpcClientProtocolClient (GrpcClientProtocolClient.java:onNext(255)) - client-DA9582518C67->1df8bd03-73ef-4b9c-8622-5dc9d0e29c31: receive RaftClientReply:client-DA9582518C67->1df8bd03-73ef-4b9c-8622-5dc9d0e29c31@group-F45402591F47, cid=843, SUCCESS, logIndex=0, commits[1df8bd03-73ef-4b9c-8622-5dc9d0e29c31:c1070, 12aca755-ada5-42df-801b-c61f99d8e8b8:c1068, a308b8bf-0324-43a1-a87f-1e10a96e3042:c1068]
2019-08-21 19:23:58,718 | INFO  | DNAudit | user=null | ip=null | op=WRITE_CHUNK {blockData=conID: 3 locID: 102656601978175915 bcsId: 0} | ret=SUCCESS |  
2019-08-21 19:23:58,718 | INFO  | DNAudit | user=null | ip=null | op=WRITE_CHUNK {blockData=conID: 3 locID: 102656601978175915 bcsId: 0} | ret=SUCCESS |  
2019-08-21 19:23:58,724 | INFO  | DNAudit | user=null | ip=null | op=WRITE_CHUNK {blockData=conID: 3 locID: 102656601978175915 bcsId: 1069} | ret=SUCCESS |  
2019-08-21 19:23:58,727 | INFO  | DNAudit | user=null | ip=null | op=WRITE_CHUNK {blockData=conID: 3 locID: 102656601978175915 bcsId: 1069} | ret=SUCCESS |  
2019-08-21 19:23:58,728 | INFO  | DNAudit | user=null | ip=null | op=WRITE_CHUNK {blockData=conID: 3 locID: 102656601978175915 bcsId: 1069} | ret=SUCCESS |  
2019-08-21 19:23:58,729 | INFO  | DNAudit | user=null | ip=null | op=PUT_BLOCK {blockData=[blockId=conID: 3 locID: 102656601978175915 bcsId: 0,size=2097152]} | ret=SUCCESS |  
2019-08-21 19:23:58,729 | INFO  | DNAudit | user=null | ip=null | op=PUT_BLOCK {blockData=[blockId=conID: 3 locID: 102656601978175915 bcsId: 0,size=2097152]} | ret=SUCCESS |  
2019-08-21 19:23:58,730 | INFO  | DNAudit | user=null | ip=null | op=WRITE_CHUNK {blockData=conID: 3 locID: 102656601978175915 bcsId: 1069} | ret=SUCCESS |  
2019-08-21 19:23:58,730 | INFO  | DNAudit | user=null | ip=null | op=PUT_BLOCK {blockData=[blockId=conID: 3 locID: 102656601978175915 bcsId: 0,size=3145728]} | ret=SUCCESS |  
2019-08-21 19:23:58,731 [grpc-default-executor-5] INFO  client.GrpcClientProtocolClient (GrpcClientProtocolClient.java:onNext(255)) - client-DA9582518C67->1df8bd03-73ef-4b9c-8622-5dc9d0e29c31: receive RaftClientReply:client-DA9582518C67->1df8bd03-73ef-4b9c-8622-5dc9d0e29c31@group-F45402591F47, cid=844, SUCCESS, logIndex=1073, commits[1df8bd03-73ef-4b9c-8622-5dc9d0e29c31:c1074, 12aca755-ada5-42df-801b-c61f99d8e8b8:c1069, a308b8bf-0324-43a1-a87f-1e10a96e3042:c1070]
2019-08-21 19:23:58,731 [grpc-default-executor-5] INFO  client.GrpcClientProtocolClient (GrpcClientProtocolClient.java:onNext(255)) - client-DA9582518C67->1df8bd03-73ef-4b9c-8622-5dc9d0e29c31: receive RaftClientReply:client-DA9582518C67->1df8bd03-73ef-4b9c-8622-5dc9d0e29c31@group-F45402591F47, cid=845, SUCCESS, logIndex=1074, commits[1df8bd03-73ef-4b9c-8622-5dc9d0e29c31:c1074, 12aca755-ada5-42df-801b-c61f99d8e8b8:c1070, a308b8bf-0324-43a1-a87f-1e10a96e3042:c1070]
2019-08-21 19:23:58,732 | INFO  | DNAudit | user=null | ip=null | op=WRITE_CHUNK {blockData=conID: 3 locID: 102656601978175915 bcsId: 1069} | ret=SUCCESS |  
2019-08-21 19:23:58,732 | INFO  | DNAudit | user=null | ip=null | op=PUT_BLOCK {blockData=[blockId=conID: 3 locID: 102656601978175915 bcsId: 0,size=3145728]} | ret=SUCCESS |  
2019-08-21 19:23:58,732 | INFO  | DNAudit | user=null | ip=null | op=WRITE_CHUNK {blockData=conID: 3 locID: 102656601978175915 bcsId: 1069} | ret=SUCCESS |  
2019-08-21 19:23:58,732 | INFO  | DNAudit | user=null | ip=null | op=PUT_BLOCK {blockData=[blockId=conID: 3 locID: 102656601978175915 bcsId: 0,size=3145728]} | ret=SUCCESS |  
2019-08-21 19:23:58,737 | INFO  | DNAudit | user=null | ip=null | op=WRITE_CHUNK {blockData=conID: 3 locID: 102656601978175915 bcsId: 1074} | ret=SUCCESS |  
2019-08-21 19:23:58,740 | INFO  | DNAudit | user=null | ip=null | op=WRITE_CHUNK {blockData=conID: 3 locID: 102656601978175915 bcsId: 1074} | ret=SUCCESS |  
2019-08-21 19:23:58,741 | INFO  | DNAudit | user=null | ip=null | op=WRITE_CHUNK {blockData=conID: 3 locID: 102656601978175915 bcsId: 1074} | ret=SUCCESS |  
2019-08-21 19:23:58,753 | INFO  | DNAudit | user=null | ip=null | op=WRITE_CHUNK {blockData=conID: 3 locID: 102656601978175915 bcsId: 1074} | ret=SUCCESS |  
2019-08-21 19:23:58,753 | INFO  | DNAudit | user=null | ip=null | op=PUT_BLOCK {blockData=[blockId=conID: 3 locID: 102656601978175915 bcsId: 0,size=4194304]} | ret=SUCCESS |  
2019-08-21 19:23:58,754 [grpc-default-executor-2] INFO  client.GrpcClientProtocolClient (GrpcClientProtocolClient.java:onNext(255)) - client-DA9582518C67->1df8bd03-73ef-4b9c-8622-5dc9d0e29c31: receive RaftClientReply:client-DA9582518C67->1df8bd03-73ef-4b9c-8622-5dc9d0e29c31@group-F45402591F47, cid=846, SUCCESS, logIndex=1077, commits[1df8bd03-73ef-4b9c-8622-5dc9d0e29c31:c1078, 12aca755-ada5-42df-801b-c61f99d8e8b8:c1074, a308b8bf-0324-43a1-a87f-1e10a96e3042:c1075]
2019-08-21 19:23:58,754 | INFO  | DNAudit | user=null | ip=null | op=WRITE_CHUNK {blockData=conID: 3 locID: 102656601978175915 bcsId: 1074} | ret=SUCCESS |  
2019-08-21 19:23:58,754 | INFO  | DNAudit | user=null | ip=null | op=WRITE_CHUNK {blockData=conID: 3 locID: 102656601978175915 bcsId: 1074} | ret=SUCCESS |  
2019-08-21 19:23:58,754 [grpc-default-executor-2] INFO  client.GrpcClientProtocolClient (GrpcClientProtocolClient.java:onNext(255)) - client-DA9582518C67->1df8bd03-73ef-4b9c-8622-5dc9d0e29c31: receive RaftClientReply:client-DA9582518C67->1df8bd03-73ef-4b9c-8622-5dc9d0e29c31@group-F45402591F47, cid=847, SUCCESS, logIndex=1078, commits[1df8bd03-73ef-4b9c-8622-5dc9d0e29c31:c1078, 12aca755-ada5-42df-801b-c61f99d8e8b8:c1075, a308b8bf-0324-43a1-a87f-1e10a96e3042:c1075]
2019-08-21 19:23:58,755 | INFO  | DNAudit | user=null | ip=null | op=PUT_BLOCK {blockData=[blockId=conID: 3 locID: 102656601978175915 bcsId: 0,size=4194304]} | ret=SUCCESS |  
2019-08-21 19:23:58,755 | INFO  | DNAudit | user=null | ip=null | op=PUT_BLOCK {blockData=[blockId=conID: 3 locID: 102656601978175915 bcsId: 0,size=4194304]} | ret=SUCCESS |  
2019-08-21 19:23:58,755 [grpc-default-executor-2] INFO  client.GrpcClientProtocolClient (GrpcClientProtocolClient.java:onNext(255)) - client-DA9582518C67->1df8bd03-73ef-4b9c-8622-5dc9d0e29c31: receive RaftClientReply:client-DA9582518C67->1df8bd03-73ef-4b9c-8622-5dc9d0e29c31@group-F45402591F47, cid=848, SUCCESS, logIndex=0, commits[1df8bd03-73ef-4b9c-8622-5dc9d0e29c31:c1080, 12aca755-ada5-42df-801b-c61f99d8e8b8:c1078, a308b8bf-0324-43a1-a87f-1e10a96e3042:c1078]
2019-08-21 19:23:58,762 | INFO  | DNAudit | user=null | ip=null | op=WRITE_CHUNK {blockData=conID: 1 locID: 102656601978175916 bcsId: 0} | ret=SUCCESS |  
2019-08-21 19:23:58,764 | INFO  | DNAudit | user=null | ip=null | op=WRITE_CHUNK {blockData=conID: 1 locID: 102656601978175916 bcsId: 0} | ret=SUCCESS |  
2019-08-21 19:23:58,765 | INFO  | DNAudit | user=null | ip=null | op=WRITE_CHUNK {blockData=conID: 1 locID: 102656601978175916 bcsId: 0} | ret=SUCCESS |  
2019-08-21 19:23:58,765 | INFO  | DNAudit | user=null | ip=null | op=WRITE_CHUNK {blockData=conID: 1 locID: 102656601978175916 bcsId: 0} | ret=SUCCESS |  
2019-08-21 19:23:58,767 | INFO  | DNAudit | user=null | ip=null | op=WRITE_CHUNK {blockData=conID: 1 locID: 102656601978175916 bcsId: 0} | ret=SUCCESS |  
2019-08-21 19:23:58,767 | INFO  | DNAudit | user=null | ip=null | op=WRITE_CHUNK {blockData=conID: 1 locID: 102656601978175916 bcsId: 0} | ret=SUCCESS |  
2019-08-21 19:23:58,776 | INFO  | DNAudit | user=null | ip=null | op=WRITE_CHUNK {blockData=conID: 1 locID: 102656601978175916 bcsId: 0} | ret=SUCCESS |  
2019-08-21 19:23:58,777 | INFO  | DNAudit | user=null | ip=null | op=PUT_BLOCK {blockData=[blockId=conID: 1 locID: 102656601978175916 bcsId: 0,size=1048576]} | ret=SUCCESS |  
2019-08-21 19:23:58,777 [grpc-default-executor-0] INFO  client.GrpcClientProtocolClient (GrpcClientProtocolClient.java:onNext(255)) - client-DA9582518C67->1df8bd03-73ef-4b9c-8622-5dc9d0e29c31: receive RaftClientReply:client-DA9582518C67->1df8bd03-73ef-4b9c-8622-5dc9d0e29c31@group-F45402591F47, cid=849, SUCCESS, logIndex=1081, commits[1df8bd03-73ef-4b9c-8622-5dc9d0e29c31:c1082, 12aca755-ada5-42df-801b-c61f99d8e8b8:c1080, a308b8bf-0324-43a1-a87f-1e10a96e3042:c1080]
2019-08-21 19:23:58,778 [grpc-default-executor-0] INFO  client.GrpcClientProtocolClient (GrpcClientProtocolClient.java:onNext(255)) - client-DA9582518C67->1df8bd03-73ef-4b9c-8622-5dc9d0e29c31: receive RaftClientReply:client-DA9582518C67->1df8bd03-73ef-4b9c-8622-5dc9d0e29c31@group-F45402591F47, cid=850, SUCCESS, logIndex=1082, commits[1df8bd03-73ef-4b9c-8622-5dc9d0e29c31:c1082, 12aca755-ada5-42df-801b-c61f99d8e8b8:c1080, a308b8bf-0324-43a1-a87f-1e10a96e3042:c1080]
2019-08-21 19:23:58,787 | INFO  | DNAudit | user=null | ip=null | op=WRITE_CHUNK {blockData=conID: 1 locID: 102656601978175916 bcsId: 0} | ret=SUCCESS |  
2019-08-21 19:23:58,788 | INFO  | DNAudit | user=null | ip=null | op=PUT_BLOCK {blockData=[blockId=conID: 1 locID: 102656601978175916 bcsId: 0,size=2097152]} | ret=SUCCESS |  
2019-08-21 19:23:58,788 [grpc-default-executor-0] INFO  client.GrpcClientProtocolClient (GrpcClientProtocolClient.java:onNext(255)) - client-DA9582518C67->1df8bd03-73ef-4b9c-8622-5dc9d0e29c31: receive RaftClientReply:client-DA9582518C67->1df8bd03-73ef-4b9c-8622-5dc9d0e29c31@group-F45402591F47, cid=851, SUCCESS, logIndex=1083, commits[1df8bd03-73ef-4b9c-8622-5dc9d0e29c31:c1084, 12aca755-ada5-42df-801b-c61f99d8e8b8:c1080, a308b8bf-0324-43a1-a87f-1e10a96e3042:c1080]
2019-08-21 19:23:58,788 [grpc-default-executor-0] INFO  client.GrpcClientProtocolClient (GrpcClientProtocolClient.java:onNext(255)) - client-DA9582518C67->1df8bd03-73ef-4b9c-8622-5dc9d0e29c31: receive RaftClientReply:client-DA9582518C67->1df8bd03-73ef-4b9c-8622-5dc9d0e29c31@group-F45402591F47, cid=852, SUCCESS, logIndex=1084, commits[1df8bd03-73ef-4b9c-8622-5dc9d0e29c31:c1084, 12aca755-ada5-42df-801b-c61f99d8e8b8:c1080, a308b8bf-0324-43a1-a87f-1e10a96e3042:c1080]
2019-08-21 19:23:58,798 | INFO  | DNAudit | user=null | ip=null | op=WRITE_CHUNK {blockData=conID: 1 locID: 102656601978175916 bcsId: 0} | ret=SUCCESS |  
2019-08-21 19:23:58,798 | INFO  | DNAudit | user=null | ip=null | op=WRITE_CHUNK {blockData=conID: 1 locID: 102656601978175916 bcsId: 0} | ret=SUCCESS |  
2019-08-21 19:23:58,798 | INFO  | DNAudit | user=null | ip=null | op=PUT_BLOCK {blockData=[blockId=conID: 1 locID: 102656601978175916 bcsId: 0,size=1048576]} | ret=SUCCESS |  
2019-08-21 19:23:58,798 | INFO  | DNAudit | user=null | ip=null | op=PUT_BLOCK {blockData=[blockId=conID: 1 locID: 102656601978175916 bcsId: 0,size=1048576]} | ret=SUCCESS |  
2019-08-21 19:23:58,799 [grpc-default-executor-5] INFO  client.GrpcClientProtocolClient (GrpcClientProtocolClient.java:onNext(255)) - client-DA9582518C67->1df8bd03-73ef-4b9c-8622-5dc9d0e29c31: receive RaftClientReply:client-DA9582518C67->1df8bd03-73ef-4b9c-8622-5dc9d0e29c31@group-F45402591F47, cid=853, SUCCESS, logIndex=0, commits[1df8bd03-73ef-4b9c-8622-5dc9d0e29c31:c1086, 12aca755-ada5-42df-801b-c61f99d8e8b8:c1082, a308b8bf-0324-43a1-a87f-1e10a96e3042:c1082]
2019-08-21 19:23:58,805 | INFO  | DNAudit | user=null | ip=null | op=WRITE_CHUNK {blockData=conID: 1 locID: 102656601978175916 bcsId: 1084} | ret=SUCCESS |  
2019-08-21 19:23:58,808 | INFO  | DNAudit | user=null | ip=null | op=WRITE_CHUNK {blockData=conID: 1 locID: 102656601978175916 bcsId: 1084} | ret=SUCCESS |  
2019-08-21 19:23:58,808 | INFO  | DNAudit | user=null | ip=null | op=WRITE_CHUNK {blockData=conID: 1 locID: 102656601978175916 bcsId: 1084} | ret=SUCCESS |  
2019-08-21 19:23:58,809 | INFO  | DNAudit | user=null | ip=null | op=WRITE_CHUNK {blockData=conID: 1 locID: 102656601978175916 bcsId: 0} | ret=SUCCESS |  
2019-08-21 19:23:58,809 | INFO  | DNAudit | user=null | ip=null | op=WRITE_CHUNK {blockData=conID: 1 locID: 102656601978175916 bcsId: 0} | ret=SUCCESS |  
2019-08-21 19:23:58,809 | INFO  | DNAudit | user=null | ip=null | op=PUT_BLOCK {blockData=[blockId=conID: 1 locID: 102656601978175916 bcsId: 0,size=2097152]} | ret=SUCCESS |  
2019-08-21 19:23:58,809 | INFO  | DNAudit | user=null | ip=null | op=PUT_BLOCK {blockData=[blockId=conID: 1 locID: 102656601978175916 bcsId: 0,size=2097152]} | ret=SUCCESS |  
2019-08-21 19:23:58,812 | INFO  | DNAudit | user=null | ip=null | op=WRITE_CHUNK {blockData=conID: 1 locID: 102656601978175916 bcsId: 1084} | ret=SUCCESS |  
2019-08-21 19:23:58,813 | INFO  | DNAudit | user=null | ip=null | op=PUT_BLOCK {blockData=[blockId=conID: 1 locID: 102656601978175916 bcsId: 0,size=3145728]} | ret=SUCCESS |  
2019-08-21 19:23:58,813 [grpc-default-executor-0] INFO  client.GrpcClientProtocolClient (GrpcClientProtocolClient.java:onNext(255)) - client-DA9582518C67->1df8bd03-73ef-4b9c-8622-5dc9d0e29c31: receive RaftClientReply:client-DA9582518C67->1df8bd03-73ef-4b9c-8622-5dc9d0e29c31@group-F45402591F47, cid=854, SUCCESS, logIndex=1089, commits[1df8bd03-73ef-4b9c-8622-5dc9d0e29c31:c1090, 12aca755-ada5-42df-801b-c61f99d8e8b8:c1086, a308b8bf-0324-43a1-a87f-1e10a96e3042:c1086]
2019-08-21 19:23:58,814 [grpc-default-executor-0] INFO  client.GrpcClientProtocolClient (GrpcClientProtocolClient.java:onNext(255)) - client-DA9582518C67->1df8bd03-73ef-4b9c-8622-5dc9d0e29c31: receive RaftClientReply:client-DA9582518C67->1df8bd03-73ef-4b9c-8622-5dc9d0e29c31@group-F45402591F47, cid=855, SUCCESS, logIndex=1090, commits[1df8bd03-73ef-4b9c-8622-5dc9d0e29c31:c1090, 12aca755-ada5-42df-801b-c61f99d8e8b8:c1086, a308b8bf-0324-43a1-a87f-1e10a96e3042:c1086]
2019-08-21 19:23:58,820 | INFO  | DNAudit | user=null | ip=null | op=WRITE_CHUNK {blockData=conID: 1 locID: 102656601978175916 bcsId: 1090} | ret=SUCCESS |  
2019-08-21 19:23:58,822 | INFO  | DNAudit | user=null | ip=null | op=WRITE_CHUNK {blockData=conID: 1 locID: 102656601978175916 bcsId: 1090} | ret=SUCCESS |  
2019-08-21 19:23:58,823 | INFO  | DNAudit | user=null | ip=null | op=WRITE_CHUNK {blockData=conID: 1 locID: 102656601978175916 bcsId: 1090} | ret=SUCCESS |  
2019-08-21 19:23:58,824 | INFO  | DNAudit | user=null | ip=null | op=WRITE_CHUNK {blockData=conID: 1 locID: 102656601978175916 bcsId: 1084} | ret=SUCCESS |  
2019-08-21 19:23:58,824 | INFO  | DNAudit | user=null | ip=null | op=WRITE_CHUNK {blockData=conID: 1 locID: 102656601978175916 bcsId: 1084} | ret=SUCCESS |  
2019-08-21 19:23:58,835 | INFO  | DNAudit | user=null | ip=null | op=PUT_BLOCK {blockData=[blockId=conID: 1 locID: 102656601978175916 bcsId: 0,size=3145728]} | ret=SUCCESS |  
2019-08-21 19:23:58,835 | INFO  | DNAudit | user=null | ip=null | op=PUT_BLOCK {blockData=[blockId=conID: 1 locID: 102656601978175916 bcsId: 0,size=3145728]} | ret=SUCCESS |  
2019-08-21 19:23:58,836 | INFO  | DNAudit | user=null | ip=null | op=WRITE_CHUNK {blockData=conID: 1 locID: 102656601978175916 bcsId: 1090} | ret=SUCCESS |  
2019-08-21 19:23:58,836 | INFO  | DNAudit | user=null | ip=null | op=PUT_BLOCK {blockData=[blockId=conID: 1 locID: 102656601978175916 bcsId: 0,size=4194304]} | ret=SUCCESS |  
2019-08-21 19:23:58,837 [grpc-default-executor-2] INFO  client.GrpcClientProtocolClient (GrpcClientProtocolClient.java:onNext(255)) - client-DA9582518C67->1df8bd03-73ef-4b9c-8622-5dc9d0e29c31: receive RaftClientReply:client-DA9582518C67->1df8bd03-73ef-4b9c-8622-5dc9d0e29c31@group-F45402591F47, cid=856, SUCCESS, logIndex=1093, commits[1df8bd03-73ef-4b9c-8622-5dc9d0e29c31:c1094, 12aca755-ada5-42df-801b-c61f99d8e8b8:c1090, a308b8bf-0324-43a1-a87f-1e10a96e3042:c1090]
2019-08-21 19:23:58,837 [grpc-default-executor-2] INFO  client.GrpcClientProtocolClient (GrpcClientProtocolClient.java:onNext(255)) - client-DA9582518C67->1df8bd03-73ef-4b9c-8622-5dc9d0e29c31: receive RaftClientReply:client-DA9582518C67->1df8bd03-73ef-4b9c-8622-5dc9d0e29c31@group-F45402591F47, cid=857, SUCCESS, logIndex=1094, commits[1df8bd03-73ef-4b9c-8622-5dc9d0e29c31:c1094, 12aca755-ada5-42df-801b-c61f99d8e8b8:c1090, a308b8bf-0324-43a1-a87f-1e10a96e3042:c1090]
2019-08-21 19:23:58,846 | INFO  | DNAudit | user=null | ip=null | op=WRITE_CHUNK {blockData=conID: 1 locID: 102656601978175916 bcsId: 1090} | ret=SUCCESS |  
2019-08-21 19:23:58,846 | INFO  | DNAudit | user=null | ip=null | op=WRITE_CHUNK {blockData=conID: 1 locID: 102656601978175916 bcsId: 1090} | ret=SUCCESS |  
2019-08-21 19:23:58,846 | INFO  | DNAudit | user=null | ip=null | op=PUT_BLOCK {blockData=[blockId=conID: 1 locID: 102656601978175916 bcsId: 0,size=4194304]} | ret=SUCCESS |  
2019-08-21 19:23:58,847 | INFO  | DNAudit | user=null | ip=null | op=PUT_BLOCK {blockData=[blockId=conID: 1 locID: 102656601978175916 bcsId: 0,size=4194304]} | ret=SUCCESS |  
2019-08-21 19:23:58,848 [grpc-default-executor-0] INFO  client.GrpcClientProtocolClient (GrpcClientProtocolClient.java:onNext(255)) - client-DA9582518C67->1df8bd03-73ef-4b9c-8622-5dc9d0e29c31: receive RaftClientReply:client-DA9582518C67->1df8bd03-73ef-4b9c-8622-5dc9d0e29c31@group-F45402591F47, cid=858, SUCCESS, logIndex=0, commits[1df8bd03-73ef-4b9c-8622-5dc9d0e29c31:c1095, 12aca755-ada5-42df-801b-c61f99d8e8b8:c1094, a308b8bf-0324-43a1-a87f-1e10a96e3042:c1094]
2019-08-21 19:23:58,853 | INFO  | DNAudit | user=null | ip=null | op=WRITE_CHUNK {blockData=conID: 2 locID: 102656601978175917 bcsId: 0} | ret=SUCCESS |  
2019-08-21 19:23:58,855 | INFO  | DNAudit | user=null | ip=null | op=WRITE_CHUNK {blockData=conID: 2 locID: 102656601978175917 bcsId: 0} | ret=SUCCESS |  
2019-08-21 19:23:58,856 | INFO  | DNAudit | user=null | ip=null | op=WRITE_CHUNK {blockData=conID: 2 locID: 102656601978175917 bcsId: 0} | ret=SUCCESS |  
2019-08-21 19:23:58,857 | INFO  | DNAudit | user=null | ip=null | op=WRITE_CHUNK {blockData=conID: 2 locID: 102656601978175917 bcsId: 0} | ret=SUCCESS |  
2019-08-21 19:23:58,859 | INFO  | DNAudit | user=null | ip=null | op=WRITE_CHUNK {blockData=conID: 2 locID: 102656601978175917 bcsId: 0} | ret=SUCCESS |  
2019-08-21 19:23:58,859 | INFO  | DNAudit | user=null | ip=null | op=WRITE_CHUNK {blockData=conID: 2 locID: 102656601978175917 bcsId: 0} | ret=SUCCESS |  
2019-08-21 19:23:58,866 | INFO  | DNAudit | user=null | ip=null | op=WRITE_CHUNK {blockData=conID: 2 locID: 102656601978175917 bcsId: 0} | ret=SUCCESS |  
2019-08-21 19:23:58,867 | INFO  | DNAudit | user=null | ip=null | op=PUT_BLOCK {blockData=[blockId=conID: 2 locID: 102656601978175917 bcsId: 0,size=1048576]} | ret=SUCCESS |  
2019-08-21 19:23:58,867 [grpc-default-executor-0] INFO  client.GrpcClientProtocolClient (GrpcClientProtocolClient.java:onNext(255)) - client-DA9582518C67->1df8bd03-73ef-4b9c-8622-5dc9d0e29c31: receive RaftClientReply:client-DA9582518C67->1df8bd03-73ef-4b9c-8622-5dc9d0e29c31@group-F45402591F47, cid=859, SUCCESS, logIndex=1097, commits[1df8bd03-73ef-4b9c-8622-5dc9d0e29c31:c1098, 12aca755-ada5-42df-801b-c61f99d8e8b8:c1096, a308b8bf-0324-43a1-a87f-1e10a96e3042:c1096]
2019-08-21 19:23:58,867 [grpc-default-executor-0] INFO  client.GrpcClientProtocolClient (GrpcClientProtocolClient.java:onNext(255)) - client-DA9582518C67->1df8bd03-73ef-4b9c-8622-5dc9d0e29c31: receive RaftClientReply:client-DA9582518C67->1df8bd03-73ef-4b9c-8622-5dc9d0e29c31@group-F45402591F47, cid=860, SUCCESS, logIndex=1098, commits[1df8bd03-73ef-4b9c-8622-5dc9d0e29c31:c1098, 12aca755-ada5-42df-801b-c61f99d8e8b8:c1096, a308b8bf-0324-43a1-a87f-1e10a96e3042:c1096]
2019-08-21 19:23:58,877 | INFO  | DNAudit | user=null | ip=null | op=WRITE_CHUNK {blockData=conID: 2 locID: 102656601978175917 bcsId: 0} | ret=SUCCESS |  
2019-08-21 19:23:58,878 | INFO  | DNAudit | user=null | ip=null | op=WRITE_CHUNK {blockData=conID: 2 locID: 102656601978175917 bcsId: 0} | ret=SUCCESS |  
2019-08-21 19:23:58,879 | INFO  | DNAudit | user=null | ip=null | op=PUT_BLOCK {blockData=[blockId=conID: 2 locID: 102656601978175917 bcsId: 0,size=1048576]} | ret=SUCCESS |  
2019-08-21 19:23:58,879 | INFO  | DNAudit | user=null | ip=null | op=WRITE_CHUNK {blockData=conID: 2 locID: 102656601978175917 bcsId: 0} | ret=SUCCESS |  
2019-08-21 19:23:58,879 | INFO  | DNAudit | user=null | ip=null | op=PUT_BLOCK {blockData=[blockId=conID: 2 locID: 102656601978175917 bcsId: 0,size=2097152]} | ret=SUCCESS |  
2019-08-21 19:23:58,879 | INFO  | DNAudit | user=null | ip=null | op=PUT_BLOCK {blockData=[blockId=conID: 2 locID: 102656601978175917 bcsId: 0,size=1048576]} | ret=SUCCESS |  
2019-08-21 19:23:58,880 [grpc-default-executor-5] INFO  client.GrpcClientProtocolClient (GrpcClientProtocolClient.java:onNext(255)) - client-DA9582518C67->1df8bd03-73ef-4b9c-8622-5dc9d0e29c31: receive RaftClientReply:client-DA9582518C67->1df8bd03-73ef-4b9c-8622-5dc9d0e29c31@group-F45402591F47, cid=861, SUCCESS, logIndex=1099, commits[1df8bd03-73ef-4b9c-8622-5dc9d0e29c31:c1099, 12aca755-ada5-42df-801b-c61f99d8e8b8:c1096, a308b8bf-0324-43a1-a87f-1e10a96e3042:c1096]
2019-08-21 19:23:58,880 [grpc-default-executor-5] INFO  client.GrpcClientProtocolClient (GrpcClientProtocolClient.java:onNext(255)) - client-DA9582518C67->1df8bd03-73ef-4b9c-8622-5dc9d0e29c31: receive RaftClientReply:client-DA9582518C67->1df8bd03-73ef-4b9c-8622-5dc9d0e29c31@group-F45402591F47, cid=862, SUCCESS, logIndex=1100, commits[1df8bd03-73ef-4b9c-8622-5dc9d0e29c31:c1102, 12aca755-ada5-42df-801b-c61f99d8e8b8:c1098, a308b8bf-0324-43a1-a87f-1e10a96e3042:c1098]
2019-08-21 19:23:58,885 | INFO  | DNAudit | user=null | ip=null | op=WRITE_CHUNK {blockData=conID: 2 locID: 102656601978175917 bcsId: 1100} | ret=SUCCESS |  
2019-08-21 19:23:58,888 | INFO  | DNAudit | user=null | ip=null | op=WRITE_CHUNK {blockData=conID: 2 locID: 102656601978175917 bcsId: 1100} | ret=SUCCESS |  
2019-08-21 19:23:58,889 | INFO  | DNAudit | user=null | ip=null | op=WRITE_CHUNK {blockData=conID: 2 locID: 102656601978175917 bcsId: 1100} | ret=SUCCESS |  
2019-08-21 19:23:58,897 | INFO  | DNAudit | user=null | ip=null | op=WRITE_CHUNK {blockData=conID: 2 locID: 102656601978175917 bcsId: 0} | ret=SUCCESS |  
2019-08-21 19:23:58,897 | INFO  | DNAudit | user=null | ip=null | op=WRITE_CHUNK {blockData=conID: 2 locID: 102656601978175917 bcsId: 0} | ret=SUCCESS |  
2019-08-21 19:23:58,898 | INFO  | DNAudit | user=null | ip=null | op=PUT_BLOCK {blockData=[blockId=conID: 2 locID: 102656601978175917 bcsId: 0,size=2097152]} | ret=SUCCESS |  
2019-08-21 19:23:58,898 | INFO  | DNAudit | user=null | ip=null | op=WRITE_CHUNK {blockData=conID: 2 locID: 102656601978175917 bcsId: 1100} | ret=SUCCESS |  
2019-08-21 19:23:58,899 | INFO  | DNAudit | user=null | ip=null | op=PUT_BLOCK {blockData=[blockId=conID: 2 locID: 102656601978175917 bcsId: 0,size=3145728]} | ret=SUCCESS |  
2019-08-21 19:23:58,899 [grpc-default-executor-5] INFO  client.GrpcClientProtocolClient (GrpcClientProtocolClient.java:onNext(255)) - client-DA9582518C67->1df8bd03-73ef-4b9c-8622-5dc9d0e29c31: receive RaftClientReply:client-DA9582518C67->1df8bd03-73ef-4b9c-8622-5dc9d0e29c31@group-F45402591F47, cid=863, SUCCESS, logIndex=1104, commits[1df8bd03-73ef-4b9c-8622-5dc9d0e29c31:c1105, 12aca755-ada5-42df-801b-c61f99d8e8b8:c1099, a308b8bf-0324-43a1-a87f-1e10a96e3042:c1102]
2019-08-21 19:23:58,899 [grpc-default-executor-5] INFO  client.GrpcClientProtocolClient (GrpcClientProtocolClient.java:onNext(255)) - client-DA9582518C67->1df8bd03-73ef-4b9c-8622-5dc9d0e29c31: receive RaftClientReply:client-DA9582518C67->1df8bd03-73ef-4b9c-8622-5dc9d0e29c31@group-F45402591F47, cid=864, SUCCESS, logIndex=1105, commits[1df8bd03-73ef-4b9c-8622-5dc9d0e29c31:c1105, 12aca755-ada5-42df-801b-c61f99d8e8b8:c1099, a308b8bf-0324-43a1-a87f-1e10a96e3042:c1102]
2019-08-21 19:23:58,899 | INFO  | DNAudit | user=null | ip=null | op=PUT_BLOCK {blockData=[blockId=conID: 2 locID: 102656601978175917 bcsId: 0,size=2097152]} | ret=SUCCESS |  
2019-08-21 19:23:58,900 [grpc-default-executor-5] INFO  client.GrpcClientProtocolClient (GrpcClientProtocolClient.java:onNext(255)) - client-DA9582518C67->1df8bd03-73ef-4b9c-8622-5dc9d0e29c31: receive RaftClientReply:client-DA9582518C67->1df8bd03-73ef-4b9c-8622-5dc9d0e29c31@group-F45402591F47, cid=865, SUCCESS, logIndex=0, commits[1df8bd03-73ef-4b9c-8622-5dc9d0e29c31:c1105, 12aca755-ada5-42df-801b-c61f99d8e8b8:c1102, a308b8bf-0324-43a1-a87f-1e10a96e3042:c1102]
2019-08-21 19:23:58,906 | INFO  | DNAudit | user=null | ip=null | op=WRITE_CHUNK {blockData=conID: 2 locID: 102656601978175917 bcsId: 1105} | ret=SUCCESS |  
2019-08-21 19:23:58,909 | INFO  | DNAudit | user=null | ip=null | op=WRITE_CHUNK {blockData=conID: 2 locID: 102656601978175917 bcsId: 1105} | ret=SUCCESS |  
2019-08-21 19:23:58,910 | INFO  | DNAudit | user=null | ip=null | op=WRITE_CHUNK {blockData=conID: 2 locID: 102656601978175917 bcsId: 1105} | ret=SUCCESS |  
2019-08-21 19:23:58,911 | INFO  | DNAudit | user=null | ip=null | op=WRITE_CHUNK {blockData=conID: 2 locID: 102656601978175917 bcsId: 1100} | ret=SUCCESS |  
2019-08-21 19:23:58,911 | INFO  | DNAudit | user=null | ip=null | op=WRITE_CHUNK {blockData=conID: 2 locID: 102656601978175917 bcsId: 1100} | ret=SUCCESS |  
2019-08-21 19:23:58,912 | INFO  | DNAudit | user=null | ip=null | op=PUT_BLOCK {blockData=[blockId=conID: 2 locID: 102656601978175917 bcsId: 0,size=3145728]} | ret=SUCCESS |  
2019-08-21 19:23:58,912 | INFO  | DNAudit | user=null | ip=null | op=PUT_BLOCK {blockData=[blockId=conID: 2 locID: 102656601978175917 bcsId: 0,size=3145728]} | ret=SUCCESS |  
2019-08-21 19:23:58,913 | INFO  | DNAudit | user=null | ip=null | op=WRITE_CHUNK {blockData=conID: 2 locID: 102656601978175917 bcsId: 1105} | ret=SUCCESS |  
2019-08-21 19:23:58,913 | INFO  | DNAudit | user=null | ip=null | op=PUT_BLOCK {blockData=[blockId=conID: 2 locID: 102656601978175917 bcsId: 0,size=4194304]} | ret=SUCCESS |  
2019-08-21 19:23:58,914 [grpc-default-executor-2] INFO  client.GrpcClientProtocolClient (GrpcClientProtocolClient.java:onNext(255)) - client-DA9582518C67->1df8bd03-73ef-4b9c-8622-5dc9d0e29c31: receive RaftClientReply:client-DA9582518C67->1df8bd03-73ef-4b9c-8622-5dc9d0e29c31@group-F45402591F47, cid=866, SUCCESS, logIndex=1108, commits[1df8bd03-73ef-4b9c-8622-5dc9d0e29c31:c1109, 12aca755-ada5-42df-801b-c61f99d8e8b8:c1105, a308b8bf-0324-43a1-a87f-1e10a96e3042:c1105]
2019-08-21 19:23:58,914 [grpc-default-executor-2] INFO  client.GrpcClientProtocolClient (GrpcClientProtocolClient.java:onNext(255)) - client-DA9582518C67->1df8bd03-73ef-4b9c-8622-5dc9d0e29c31: receive RaftClientReply:client-DA9582518C67->1df8bd03-73ef-4b9c-8622-5dc9d0e29c31@group-F45402591F47, cid=867, SUCCESS, logIndex=1109, commits[1df8bd03-73ef-4b9c-8622-5dc9d0e29c31:c1109, 12aca755-ada5-42df-801b-c61f99d8e8b8:c1105, a308b8bf-0324-43a1-a87f-1e10a96e3042:c1105]
2019-08-21 19:23:58,916 | INFO  | DNAudit | user=null | ip=null | op=WRITE_CHUNK {blockData=conID: 2 locID: 102656601978175917 bcsId: 1105} | ret=SUCCESS |  
2019-08-21 19:23:58,916 | INFO  | DNAudit | user=null | ip=null | op=WRITE_CHUNK {blockData=conID: 2 locID: 102656601978175917 bcsId: 1105} | ret=SUCCESS |  
2019-08-21 19:23:58,916 | INFO  | DNAudit | user=null | ip=null | op=PUT_BLOCK {blockData=[blockId=conID: 2 locID: 102656601978175917 bcsId: 0,size=4194304]} | ret=SUCCESS |  
2019-08-21 19:23:58,916 | INFO  | DNAudit | user=null | ip=null | op=PUT_BLOCK {blockData=[blockId=conID: 2 locID: 102656601978175917 bcsId: 0,size=4194304]} | ret=SUCCESS |  
2019-08-21 19:23:58,916 [grpc-default-executor-6] INFO  client.GrpcClientProtocolClient (GrpcClientProtocolClient.java:onNext(255)) - client-DA9582518C67->1df8bd03-73ef-4b9c-8622-5dc9d0e29c31: receive RaftClientReply:client-DA9582518C67->1df8bd03-73ef-4b9c-8622-5dc9d0e29c31@group-F45402591F47, cid=868, SUCCESS, logIndex=0, commits[1df8bd03-73ef-4b9c-8622-5dc9d0e29c31:c1110, 12aca755-ada5-42df-801b-c61f99d8e8b8:c1109, a308b8bf-0324-43a1-a87f-1e10a96e3042:c1109]
2019-08-21 19:23:58,922 | INFO  | DNAudit | user=null | ip=null | op=WRITE_CHUNK {blockData=conID: 3 locID: 102656601978175918 bcsId: 0} | ret=SUCCESS |  
2019-08-21 19:23:58,924 | INFO  | DNAudit | user=null | ip=null | op=WRITE_CHUNK {blockData=conID: 3 locID: 102656601978175918 bcsId: 0} | ret=SUCCESS |  
2019-08-21 19:23:58,925 | INFO  | DNAudit | user=null | ip=null | op=WRITE_CHUNK {blockData=conID: 3 locID: 102656601978175918 bcsId: 0} | ret=SUCCESS |  
2019-08-21 19:23:58,925 | INFO  | DNAudit | user=null | ip=null | op=WRITE_CHUNK {blockData=conID: 3 locID: 102656601978175918 bcsId: 0} | ret=SUCCESS |  
2019-08-21 19:23:58,927 | INFO  | DNAudit | user=null | ip=null | op=WRITE_CHUNK {blockData=conID: 3 locID: 102656601978175918 bcsId: 0} | ret=SUCCESS |  
2019-08-21 19:23:58,928 | INFO  | DNAudit | user=null | ip=null | op=WRITE_CHUNK {blockData=conID: 3 locID: 102656601978175918 bcsId: 0} | ret=SUCCESS |  
2019-08-21 19:23:58,941 | INFO  | DNAudit | user=null | ip=null | op=WRITE_CHUNK {blockData=conID: 3 locID: 102656601978175918 bcsId: 0} | ret=SUCCESS |  
2019-08-21 19:23:58,941 | INFO  | DNAudit | user=null | ip=null | op=PUT_BLOCK {blockData=[blockId=conID: 3 locID: 102656601978175918 bcsId: 0,size=1048576]} | ret=SUCCESS |  
2019-08-21 19:23:58,942 | INFO  | DNAudit | user=null | ip=null | op=WRITE_CHUNK {blockData=conID: 3 locID: 102656601978175918 bcsId: 0} | ret=SUCCESS |  
2019-08-21 19:23:58,942 [grpc-default-executor-5] INFO  client.GrpcClientProtocolClient (GrpcClientProtocolClient.java:onNext(255)) - client-DA9582518C67->1df8bd03-73ef-4b9c-8622-5dc9d0e29c31: receive RaftClientReply:client-DA9582518C67->1df8bd03-73ef-4b9c-8622-5dc9d0e29c31@group-F45402591F47, cid=869, SUCCESS, logIndex=1112, commits[1df8bd03-73ef-4b9c-8622-5dc9d0e29c31:c1115, 12aca755-ada5-42df-801b-c61f99d8e8b8:c1110, a308b8bf-0324-43a1-a87f-1e10a96e3042:c1110]
2019-08-21 19:23:58,942 | INFO  | DNAudit | user=null | ip=null | op=PUT_BLOCK {blockData=[blockId=conID: 3 locID: 102656601978175918 bcsId: 0,size=2097152]} | ret=SUCCESS |  
2019-08-21 19:23:58,942 [grpc-default-executor-5] INFO  client.GrpcClientProtocolClient (GrpcClientProtocolClient.java:onNext(255)) - client-DA9582518C67->1df8bd03-73ef-4b9c-8622-5dc9d0e29c31: receive RaftClientReply:client-DA9582518C67->1df8bd03-73ef-4b9c-8622-5dc9d0e29c31@group-F45402591F47, cid=870, SUCCESS, logIndex=1113, commits[1df8bd03-73ef-4b9c-8622-5dc9d0e29c31:c1115, 12aca755-ada5-42df-801b-c61f99d8e8b8:c1110, a308b8bf-0324-43a1-a87f-1e10a96e3042:c1110]
2019-08-21 19:23:58,942 [grpc-default-executor-5] INFO  client.GrpcClientProtocolClient (GrpcClientProtocolClient.java:onNext(255)) - client-DA9582518C67->1df8bd03-73ef-4b9c-8622-5dc9d0e29c31: receive RaftClientReply:client-DA9582518C67->1df8bd03-73ef-4b9c-8622-5dc9d0e29c31@group-F45402591F47, cid=871, SUCCESS, logIndex=1114, commits[1df8bd03-73ef-4b9c-8622-5dc9d0e29c31:c1115, 12aca755-ada5-42df-801b-c61f99d8e8b8:c1110, a308b8bf-0324-43a1-a87f-1e10a96e3042:c1110]
2019-08-21 19:23:58,943 [grpc-default-executor-5] INFO  client.GrpcClientProtocolClient (GrpcClientProtocolClient.java:onNext(255)) - client-DA9582518C67->1df8bd03-73ef-4b9c-8622-5dc9d0e29c31: receive RaftClientReply:client-DA9582518C67->1df8bd03-73ef-4b9c-8622-5dc9d0e29c31@group-F45402591F47, cid=872, SUCCESS, logIndex=1115, commits[1df8bd03-73ef-4b9c-8622-5dc9d0e29c31:c1115, 12aca755-ada5-42df-801b-c61f99d8e8b8:c1110, a308b8bf-0324-43a1-a87f-1e10a96e3042:c1110]
2019-08-21 19:23:58,945 | INFO  | SCMAudit | user=jenkins1000 | ip=192.168.69.88 | op=SEND_HEARTBEAT {datanodeUUID=12aca755-ada5-42df-801b-c61f99d8e8b8, command=[]} | ret=SUCCESS |  
2019-08-21 19:23:58,945 | INFO  | SCMAudit | user=jenkins1000 | ip=192.168.69.88 | op=SEND_HEARTBEAT {datanodeUUID=1df8bd03-73ef-4b9c-8622-5dc9d0e29c31, command=[]} | ret=SUCCESS |  
2019-08-21 19:23:58,946 | INFO  | SCMAudit | user=jenkins1000 | ip=192.168.69.88 | op=SEND_HEARTBEAT {datanodeUUID=a308b8bf-0324-43a1-a87f-1e10a96e3042, command=[]} | ret=SUCCESS |  
2019-08-21 19:23:58,972 | INFO  | DNAudit | user=null | ip=null | op=WRITE_CHUNK {blockData=conID: 3 locID: 102656601978175918 bcsId: 0} | ret=SUCCESS |  
2019-08-21 19:23:58,972 | INFO  | DNAudit | user=null | ip=null | op=WRITE_CHUNK {blockData=conID: 3 locID: 102656601978175918 bcsId: 0} | ret=SUCCESS |  
2019-08-21 19:23:58,974 | INFO  | DNAudit | user=null | ip=null | op=PUT_BLOCK {blockData=[blockId=conID: 3 locID: 102656601978175918 bcsId: 0,size=1048576]} | ret=SUCCESS |  
2019-08-21 19:23:58,974 | INFO  | DNAudit | user=null | ip=null | op=WRITE_CHUNK {blockData=conID: 3 locID: 102656601978175918 bcsId: 0} | ret=SUCCESS |  
2019-08-21 19:23:58,974 | INFO  | DNAudit | user=null | ip=null | op=PUT_BLOCK {blockData=[blockId=conID: 3 locID: 102656601978175918 bcsId: 0,size=2097152]} | ret=SUCCESS |  
2019-08-21 19:23:58,984 | INFO  | DNAudit | user=null | ip=null | op=PUT_BLOCK {blockData=[blockId=conID: 3 locID: 102656601978175918 bcsId: 0,size=1048576]} | ret=SUCCESS |  
2019-08-21 19:23:58,985 | INFO  | DNAudit | user=null | ip=null | op=WRITE_CHUNK {blockData=conID: 3 locID: 102656601978175918 bcsId: 0} | ret=SUCCESS |  
2019-08-21 19:23:58,985 | INFO  | DNAudit | user=null | ip=null | op=PUT_BLOCK {blockData=[blockId=conID: 3 locID: 102656601978175918 bcsId: 0,size=2097152]} | ret=SUCCESS |  
2019-08-21 19:23:58,985 [grpc-default-executor-2] INFO  client.GrpcClientProtocolClient (GrpcClientProtocolClient.java:onNext(255)) - client-DA9582518C67->1df8bd03-73ef-4b9c-8622-5dc9d0e29c31: receive RaftClientReply:client-DA9582518C67->1df8bd03-73ef-4b9c-8622-5dc9d0e29c31@group-F45402591F47, cid=873, SUCCESS, logIndex=0, commits[1df8bd03-73ef-4b9c-8622-5dc9d0e29c31:c1119, 12aca755-ada5-42df-801b-c61f99d8e8b8:c1113, a308b8bf-0324-43a1-a87f-1e10a96e3042:c1115]
2019-08-21 19:23:58,992 | INFO  | DNAudit | user=null | ip=null | op=WRITE_CHUNK {blockData=conID: 3 locID: 102656601978175918 bcsId: 1115} | ret=SUCCESS |  
2019-08-21 19:23:58,996 | INFO  | DNAudit | user=null | ip=null | op=WRITE_CHUNK {blockData=conID: 3 locID: 102656601978175918 bcsId: 1115} | ret=SUCCESS |  
2019-08-21 19:23:58,996 | INFO  | DNAudit | user=null | ip=null | op=WRITE_CHUNK {blockData=conID: 3 locID: 102656601978175918 bcsId: 1115} | ret=SUCCESS |  
2019-08-21 19:23:59,007 | INFO  | DNAudit | user=null | ip=null | op=WRITE_CHUNK {blockData=conID: 3 locID: 102656601978175918 bcsId: 1115} | ret=SUCCESS |  
2019-08-21 19:23:59,007 | INFO  | DNAudit | user=null | ip=null | op=PUT_BLOCK {blockData=[blockId=conID: 3 locID: 102656601978175918 bcsId: 0,size=3145728]} | ret=SUCCESS |  
2019-08-21 19:23:59,007 [grpc-default-executor-2] INFO  client.GrpcClientProtocolClient (GrpcClientProtocolClient.java:onNext(255)) - client-DA9582518C67->1df8bd03-73ef-4b9c-8622-5dc9d0e29c31: receive RaftClientReply:client-DA9582518C67->1df8bd03-73ef-4b9c-8622-5dc9d0e29c31@group-F45402591F47, cid=874, SUCCESS, logIndex=1120, commits[1df8bd03-73ef-4b9c-8622-5dc9d0e29c31:c1121, 12aca755-ada5-42df-801b-c61f99d8e8b8:c1119, a308b8bf-0324-43a1-a87f-1e10a96e3042:c1119]
2019-08-21 19:23:59,008 [grpc-default-executor-2] INFO  client.GrpcClientProtocolClient (GrpcClientProtocolClient.java:onNext(255)) - client-DA9582518C67->1df8bd03-73ef-4b9c-8622-5dc9d0e29c31: receive RaftClientReply:client-DA9582518C67->1df8bd03-73ef-4b9c-8622-5dc9d0e29c31@group-F45402591F47, cid=875, SUCCESS, logIndex=1121, commits[1df8bd03-73ef-4b9c-8622-5dc9d0e29c31:c1121, 12aca755-ada5-42df-801b-c61f99d8e8b8:c1119, a308b8bf-0324-43a1-a87f-1e10a96e3042:c1119]
2019-08-21 19:23:59,014 | INFO  | DNAudit | user=null | ip=null | op=WRITE_CHUNK {blockData=conID: 3 locID: 102656601978175918 bcsId: 1121} | ret=SUCCESS |  
2019-08-21 19:23:59,017 | INFO  | DNAudit | user=null | ip=null | op=WRITE_CHUNK {blockData=conID: 3 locID: 102656601978175918 bcsId: 1121} | ret=SUCCESS |  
2019-08-21 19:23:59,018 | INFO  | DNAudit | user=null | ip=null | op=WRITE_CHUNK {blockData=conID: 3 locID: 102656601978175918 bcsId: 1121} | ret=SUCCESS |  
2019-08-21 19:23:59,018 | INFO  | DNAudit | user=null | ip=null | op=WRITE_CHUNK {blockData=conID: 3 locID: 102656601978175918 bcsId: 1115} | ret=SUCCESS |  
2019-08-21 19:23:59,018 | INFO  | DNAudit | user=null | ip=null | op=WRITE_CHUNK {blockData=conID: 3 locID: 102656601978175918 bcsId: 1115} | ret=SUCCESS |  
2019-08-21 19:23:59,018 | INFO  | DNAudit | user=null | ip=null | op=PUT_BLOCK {blockData=[blockId=conID: 3 locID: 102656601978175918 bcsId: 0,size=3145728]} | ret=SUCCESS |  
2019-08-21 19:23:59,020 | INFO  | DNAudit | user=null | ip=null | op=WRITE_CHUNK {blockData=conID: 3 locID: 102656601978175918 bcsId: 1121} | ret=SUCCESS |  
2019-08-21 19:23:59,020 | INFO  | DNAudit | user=null | ip=null | op=PUT_BLOCK {blockData=[blockId=conID: 3 locID: 102656601978175918 bcsId: 0,size=3145728]} | ret=SUCCESS |  
2019-08-21 19:23:59,021 | INFO  | DNAudit | user=null | ip=null | op=PUT_BLOCK {blockData=[blockId=conID: 3 locID: 102656601978175918 bcsId: 0,size=4194304]} | ret=SUCCESS |  
2019-08-21 19:23:59,021 [grpc-default-executor-5] INFO  client.GrpcClientProtocolClient (GrpcClientProtocolClient.java:onNext(255)) - client-DA9582518C67->1df8bd03-73ef-4b9c-8622-5dc9d0e29c31: receive RaftClientReply:client-DA9582518C67->1df8bd03-73ef-4b9c-8622-5dc9d0e29c31@group-F45402591F47, cid=876, SUCCESS, logIndex=1124, commits[1df8bd03-73ef-4b9c-8622-5dc9d0e29c31:c1125, 12aca755-ada5-42df-801b-c61f99d8e8b8:c1120, a308b8bf-0324-43a1-a87f-1e10a96e3042:c1121]
2019-08-21 19:23:59,021 | INFO  | DNAudit | user=null | ip=null | op=WRITE_CHUNK {blockData=conID: 3 locID: 102656601978175918 bcsId: 1121} | ret=SUCCESS |  
2019-08-21 19:23:59,021 [grpc-default-executor-5] INFO  client.GrpcClientProtocolClient (GrpcClientProtocolClient.java:onNext(255)) - client-DA9582518C67->1df8bd03-73ef-4b9c-8622-5dc9d0e29c31: receive RaftClientReply:client-DA9582518C67->1df8bd03-73ef-4b9c-8622-5dc9d0e29c31@group-F45402591F47, cid=877, SUCCESS, logIndex=1125, commits[1df8bd03-73ef-4b9c-8622-5dc9d0e29c31:c1125, 12aca755-ada5-42df-801b-c61f99d8e8b8:c1121, a308b8bf-0324-43a1-a87f-1e10a96e3042:c1121]
2019-08-21 19:23:59,022 | INFO  | DNAudit | user=null | ip=null | op=PUT_BLOCK {blockData=[blockId=conID: 3 locID: 102656601978175918 bcsId: 0,size=4194304]} | ret=SUCCESS |  
2019-08-21 19:23:59,026 | INFO  | DNAudit | user=null | ip=null | op=WRITE_CHUNK {blockData=conID: 3 locID: 102656601978175918 bcsId: 1121} | ret=SUCCESS |  
2019-08-21 19:23:59,026 | INFO  | DNAudit | user=null | ip=null | op=PUT_BLOCK {blockData=[blockId=conID: 3 locID: 102656601978175918 bcsId: 0,size=4194304]} | ret=SUCCESS |  
2019-08-21 19:23:59,027 [grpc-default-executor-5] INFO  client.GrpcClientProtocolClient (GrpcClientProtocolClient.java:onNext(255)) - client-DA9582518C67->1df8bd03-73ef-4b9c-8622-5dc9d0e29c31: receive RaftClientReply:client-DA9582518C67->1df8bd03-73ef-4b9c-8622-5dc9d0e29c31@group-F45402591F47, cid=878, SUCCESS, logIndex=0, commits[1df8bd03-73ef-4b9c-8622-5dc9d0e29c31:c1126, 12aca755-ada5-42df-801b-c61f99d8e8b8:c1125, a308b8bf-0324-43a1-a87f-1e10a96e3042:c1125]
2019-08-21 19:23:59,038 | INFO  | DNAudit | user=null | ip=null | op=WRITE_CHUNK {blockData=conID: 1 locID: 102656601978175919 bcsId: 0} | ret=SUCCESS |  
2019-08-21 19:23:59,041 | INFO  | DNAudit | user=null | ip=null | op=WRITE_CHUNK {blockData=conID: 1 locID: 102656601978175919 bcsId: 0} | ret=SUCCESS |  
2019-08-21 19:23:59,043 | INFO  | DNAudit | user=null | ip=null | op=WRITE_CHUNK {blockData=conID: 1 locID: 102656601978175919 bcsId: 0} | ret=SUCCESS |  
2019-08-21 19:23:59,043 | INFO  | DNAudit | user=null | ip=null | op=WRITE_CHUNK {blockData=conID: 1 locID: 102656601978175919 bcsId: 0} | ret=SUCCESS |  
2019-08-21 19:23:59,045 | INFO  | DNAudit | user=null | ip=null | op=WRITE_CHUNK {blockData=conID: 1 locID: 102656601978175919 bcsId: 0} | ret=SUCCESS |  
2019-08-21 19:23:59,045 | INFO  | DNAudit | user=null | ip=null | op=WRITE_CHUNK {blockData=conID: 1 locID: 102656601978175919 bcsId: 0} | ret=SUCCESS |  
2019-08-21 19:23:59,075 | INFO  | DNAudit | user=null | ip=null | op=WRITE_CHUNK {blockData=conID: 1 locID: 102656601978175919 bcsId: 0} | ret=SUCCESS |  
2019-08-21 19:23:59,075 | INFO  | DNAudit | user=null | ip=null | op=PUT_BLOCK {blockData=[blockId=conID: 1 locID: 102656601978175919 bcsId: 0,size=1048576]} | ret=SUCCESS |  
2019-08-21 19:23:59,076 [grpc-default-executor-2] INFO  client.GrpcClientProtocolClient (GrpcClientProtocolClient.java:onNext(255)) - client-DA9582518C67->1df8bd03-73ef-4b9c-8622-5dc9d0e29c31: receive RaftClientReply:client-DA9582518C67->1df8bd03-73ef-4b9c-8622-5dc9d0e29c31@group-F45402591F47, cid=879, SUCCESS, logIndex=1128, commits[1df8bd03-73ef-4b9c-8622-5dc9d0e29c31:c1129, 12aca755-ada5-42df-801b-c61f99d8e8b8:c1127, a308b8bf-0324-43a1-a87f-1e10a96e3042:c1127]
2019-08-21 19:23:59,077 [grpc-default-executor-2] INFO  client.GrpcClientProtocolClient (GrpcClientProtocolClient.java:onNext(255)) - client-DA9582518C67->1df8bd03-73ef-4b9c-8622-5dc9d0e29c31: receive RaftClientReply:client-DA9582518C67->1df8bd03-73ef-4b9c-8622-5dc9d0e29c31@group-F45402591F47, cid=880, SUCCESS, logIndex=1129, commits[1df8bd03-73ef-4b9c-8622-5dc9d0e29c31:c1129, 12aca755-ada5-42df-801b-c61f99d8e8b8:c1127, a308b8bf-0324-43a1-a87f-1e10a96e3042:c1127]
2019-08-21 19:23:59,087 | INFO  | DNAudit | user=null | ip=null | op=WRITE_CHUNK {blockData=conID: 1 locID: 102656601978175919 bcsId: 0} | ret=SUCCESS |  
2019-08-21 19:23:59,088 | INFO  | DNAudit | user=null | ip=null | op=PUT_BLOCK {blockData=[blockId=conID: 1 locID: 102656601978175919 bcsId: 0,size=2097152]} | ret=SUCCESS |  
2019-08-21 19:23:59,089 [grpc-default-executor-6] INFO  client.GrpcClientProtocolClient (GrpcClientProtocolClient.java:onNext(255)) - client-DA9582518C67->1df8bd03-73ef-4b9c-8622-5dc9d0e29c31: receive RaftClientReply:client-DA9582518C67->1df8bd03-73ef-4b9c-8622-5dc9d0e29c31@group-F45402591F47, cid=881, SUCCESS, logIndex=1130, commits[1df8bd03-73ef-4b9c-8622-5dc9d0e29c31:c1131, 12aca755-ada5-42df-801b-c61f99d8e8b8:c1127, a308b8bf-0324-43a1-a87f-1e10a96e3042:c1127]
2019-08-21 19:23:59,089 [grpc-default-executor-6] INFO  client.GrpcClientProtocolClient (GrpcClientProtocolClient.java:onNext(255)) - client-DA9582518C67->1df8bd03-73ef-4b9c-8622-5dc9d0e29c31: receive RaftClientReply:client-DA9582518C67->1df8bd03-73ef-4b9c-8622-5dc9d0e29c31@group-F45402591F47, cid=882, SUCCESS, logIndex=1131, commits[1df8bd03-73ef-4b9c-8622-5dc9d0e29c31:c1131, 12aca755-ada5-42df-801b-c61f99d8e8b8:c1127, a308b8bf-0324-43a1-a87f-1e10a96e3042:c1127]
2019-08-21 19:23:59,099 | INFO  | DNAudit | user=null | ip=null | op=WRITE_CHUNK {blockData=conID: 1 locID: 102656601978175919 bcsId: 0} | ret=SUCCESS |  
2019-08-21 19:23:59,100 | INFO  | DNAudit | user=null | ip=null | op=WRITE_CHUNK {blockData=conID: 1 locID: 102656601978175919 bcsId: 0} | ret=SUCCESS |  
2019-08-21 19:23:59,100 | INFO  | DNAudit | user=null | ip=null | op=PUT_BLOCK {blockData=[blockId=conID: 1 locID: 102656601978175919 bcsId: 0,size=1048576]} | ret=SUCCESS |  
2019-08-21 19:23:59,100 | INFO  | DNAudit | user=null | ip=null | op=PUT_BLOCK {blockData=[blockId=conID: 1 locID: 102656601978175919 bcsId: 0,size=1048576]} | ret=SUCCESS |  
2019-08-21 19:23:59,101 [grpc-default-executor-2] INFO  client.GrpcClientProtocolClient (GrpcClientProtocolClient.java:onNext(255)) - client-DA9582518C67->1df8bd03-73ef-4b9c-8622-5dc9d0e29c31: receive RaftClientReply:client-DA9582518C67->1df8bd03-73ef-4b9c-8622-5dc9d0e29c31@group-F45402591F47, cid=883, SUCCESS, logIndex=0, commits[1df8bd03-73ef-4b9c-8622-5dc9d0e29c31:c1133, 12aca755-ada5-42df-801b-c61f99d8e8b8:c1129, a308b8bf-0324-43a1-a87f-1e10a96e3042:c1129]
2019-08-21 19:23:59,113 | INFO  | DNAudit | user=null | ip=null | op=WRITE_CHUNK {blockData=conID: 1 locID: 102656601978175919 bcsId: 0} | ret=SUCCESS |  
2019-08-21 19:23:59,113 | INFO  | DNAudit | user=null | ip=null | op=WRITE_CHUNK {blockData=conID: 1 locID: 102656601978175919 bcsId: 0} | ret=SUCCESS |  
2019-08-21 19:23:59,113 | INFO  | DNAudit | user=null | ip=null | op=PUT_BLOCK {blockData=[blockId=conID: 1 locID: 102656601978175919 bcsId: 0,size=2097152]} | ret=SUCCESS |  
2019-08-21 19:23:59,113 | INFO  | DNAudit | user=null | ip=null | op=PUT_BLOCK {blockData=[blockId=conID: 1 locID: 102656601978175919 bcsId: 0,size=2097152]} | ret=SUCCESS |  
2019-08-21 19:23:59,114 | INFO  | DNAudit | user=null | ip=null | op=WRITE_CHUNK {blockData=conID: 1 locID: 102656601978175919 bcsId: 1131} | ret=SUCCESS |  
2019-08-21 19:23:59,117 | INFO  | DNAudit | user=null | ip=null | op=WRITE_CHUNK {blockData=conID: 1 locID: 102656601978175919 bcsId: 1131} | ret=SUCCESS |  
2019-08-21 19:23:59,119 | INFO  | DNAudit | user=null | ip=null | op=WRITE_CHUNK {blockData=conID: 1 locID: 102656601978175919 bcsId: 1131} | ret=SUCCESS |  
2019-08-21 19:23:59,128 | INFO  | DNAudit | user=null | ip=null | op=WRITE_CHUNK {blockData=conID: 1 locID: 102656601978175919 bcsId: 1131} | ret=SUCCESS |  
2019-08-21 19:23:59,129 | INFO  | DNAudit | user=null | ip=null | op=PUT_BLOCK {blockData=[blockId=conID: 1 locID: 102656601978175919 bcsId: 0,size=3145728]} | ret=SUCCESS |  
2019-08-21 19:23:59,129 [grpc-default-executor-6] INFO  client.GrpcClientProtocolClient (GrpcClientProtocolClient.java:onNext(255)) - client-DA9582518C67->1df8bd03-73ef-4b9c-8622-5dc9d0e29c31: receive RaftClientReply:client-DA9582518C67->1df8bd03-73ef-4b9c-8622-5dc9d0e29c31@group-F45402591F47, cid=884, SUCCESS, logIndex=1136, commits[1df8bd03-73ef-4b9c-8622-5dc9d0e29c31:c1137, 12aca755-ada5-42df-801b-c61f99d8e8b8:c1133, a308b8bf-0324-43a1-a87f-1e10a96e3042:c1133]
2019-08-21 19:23:59,130 [grpc-default-executor-6] INFO  client.GrpcClientProtocolClient (GrpcClientProtocolClient.java:onNext(255)) - client-DA9582518C67->1df8bd03-73ef-4b9c-8622-5dc9d0e29c31: receive RaftClientReply:client-DA9582518C67->1df8bd03-73ef-4b9c-8622-5dc9d0e29c31@group-F45402591F47, cid=885, SUCCESS, logIndex=1137, commits[1df8bd03-73ef-4b9c-8622-5dc9d0e29c31:c1137, 12aca755-ada5-42df-801b-c61f99d8e8b8:c1133, a308b8bf-0324-43a1-a87f-1e10a96e3042:c1133]
2019-08-21 19:23:59,139 | INFO  | DNAudit | user=null | ip=null | op=WRITE_CHUNK {blockData=conID: 1 locID: 102656601978175919 bcsId: 1137} | ret=SUCCESS |  
2019-08-21 19:23:59,139 | INFO  | DNAudit | user=null | ip=null | op=WRITE_CHUNK {blockData=conID: 1 locID: 102656601978175919 bcsId: 1131} | ret=SUCCESS |  
2019-08-21 19:23:59,139 | INFO  | DNAudit | user=null | ip=null | op=WRITE_CHUNK {blockData=conID: 1 locID: 102656601978175919 bcsId: 1131} | ret=SUCCESS |  
2019-08-21 19:23:59,140 | INFO  | DNAudit | user=null | ip=null | op=PUT_BLOCK {blockData=[blockId=conID: 1 locID: 102656601978175919 bcsId: 0,size=3145728]} | ret=SUCCESS |  
2019-08-21 19:23:59,140 | INFO  | DNAudit | user=null | ip=null | op=PUT_BLOCK {blockData=[blockId=conID: 1 locID: 102656601978175919 bcsId: 0,size=3145728]} | ret=SUCCESS |  
2019-08-21 19:23:59,142 | INFO  | DNAudit | user=null | ip=null | op=WRITE_CHUNK {blockData=conID: 1 locID: 102656601978175919 bcsId: 1137} | ret=SUCCESS |  
2019-08-21 19:23:59,143 | INFO  | DNAudit | user=null | ip=null | op=WRITE_CHUNK {blockData=conID: 1 locID: 102656601978175919 bcsId: 1137} | ret=SUCCESS |  
2019-08-21 19:23:59,162 | INFO  | DNAudit | user=null | ip=null | op=WRITE_CHUNK {blockData=conID: 1 locID: 102656601978175919 bcsId: 1137} | ret=SUCCESS |  
2019-08-21 19:23:59,163 | INFO  | DNAudit | user=null | ip=null | op=PUT_BLOCK {blockData=[blockId=conID: 1 locID: 102656601978175919 bcsId: 0,size=4194304]} | ret=SUCCESS |  
2019-08-21 19:23:59,163 [grpc-default-executor-2] INFO  client.GrpcClientProtocolClient (GrpcClientProtocolClient.java:onNext(255)) - client-DA9582518C67->1df8bd03-73ef-4b9c-8622-5dc9d0e29c31: receive RaftClientReply:client-DA9582518C67->1df8bd03-73ef-4b9c-8622-5dc9d0e29c31@group-F45402591F47, cid=886, SUCCESS, logIndex=1140, commits[1df8bd03-73ef-4b9c-8622-5dc9d0e29c31:c1141, 12aca755-ada5-42df-801b-c61f99d8e8b8:c1137, a308b8bf-0324-43a1-a87f-1e10a96e3042:c1137]
2019-08-21 19:23:59,164 [grpc-default-executor-2] INFO  client.GrpcClientProtocolClient (GrpcClientProtocolClient.java:onNext(255)) - client-DA9582518C67->1df8bd03-73ef-4b9c-8622-5dc9d0e29c31: receive RaftClientReply:client-DA9582518C67->1df8bd03-73ef-4b9c-8622-5dc9d0e29c31@group-F45402591F47, cid=887, SUCCESS, logIndex=1141, commits[1df8bd03-73ef-4b9c-8622-5dc9d0e29c31:c1141, 12aca755-ada5-42df-801b-c61f99d8e8b8:c1137, a308b8bf-0324-43a1-a87f-1e10a96e3042:c1137]
2019-08-21 19:23:59,181 | INFO  | DNAudit | user=null | ip=null | op=WRITE_CHUNK {blockData=conID: 1 locID: 102656601978175919 bcsId: 1137} | ret=SUCCESS |  
2019-08-21 19:23:59,181 | INFO  | DNAudit | user=null | ip=null | op=WRITE_CHUNK {blockData=conID: 1 locID: 102656601978175919 bcsId: 1137} | ret=SUCCESS |  
2019-08-21 19:23:59,184 | INFO  | DNAudit | user=null | ip=null | op=PUT_BLOCK {blockData=[blockId=conID: 1 locID: 102656601978175919 bcsId: 0,size=4194304]} | ret=SUCCESS |  
2019-08-21 19:23:59,184 | INFO  | DNAudit | user=null | ip=null | op=PUT_BLOCK {blockData=[blockId=conID: 1 locID: 102656601978175919 bcsId: 0,size=4194304]} | ret=SUCCESS |  
2019-08-21 19:23:59,184 [grpc-default-executor-2] INFO  client.GrpcClientProtocolClient (GrpcClientProtocolClient.java:onNext(255)) - client-DA9582518C67->1df8bd03-73ef-4b9c-8622-5dc9d0e29c31: receive RaftClientReply:client-DA9582518C67->1df8bd03-73ef-4b9c-8622-5dc9d0e29c31@group-F45402591F47, cid=888, SUCCESS, logIndex=0, commits[1df8bd03-73ef-4b9c-8622-5dc9d0e29c31:c1143, 12aca755-ada5-42df-801b-c61f99d8e8b8:c1141, a308b8bf-0324-43a1-a87f-1e10a96e3042:c1141]
2019-08-21 19:23:59,190 | INFO  | SCMAudit | user=jenkins1000 | ip=192.168.69.88 | op=SEND_HEARTBEAT {datanodeUUID=cfaf9666-ca64-459e-bd34-ff7c349f752a, command=[]} | ret=SUCCESS |  
2019-08-21 19:23:59,194 | INFO  | DNAudit | user=null | ip=null | op=WRITE_CHUNK {blockData=conID: 2 locID: 102656601978175920 bcsId: 0} | ret=SUCCESS |  
2019-08-21 19:23:59,197 | INFO  | DNAudit | user=null | ip=null | op=WRITE_CHUNK {blockData=conID: 2 locID: 102656601978175920 bcsId: 0} | ret=SUCCESS |  
2019-08-21 19:23:59,198 | INFO  | DNAudit | user=null | ip=null | op=WRITE_CHUNK {blockData=conID: 2 locID: 102656601978175920 bcsId: 0} | ret=SUCCESS |  
2019-08-21 19:23:59,198 | INFO  | DNAudit | user=null | ip=null | op=WRITE_CHUNK {blockData=conID: 2 locID: 102656601978175920 bcsId: 0} | ret=SUCCESS |  
2019-08-21 19:23:59,201 | INFO  | DNAudit | user=null | ip=null | op=WRITE_CHUNK {blockData=conID: 2 locID: 102656601978175920 bcsId: 0} | ret=SUCCESS |  
2019-08-21 19:23:59,201 | INFO  | DNAudit | user=null | ip=null | op=WRITE_CHUNK {blockData=conID: 2 locID: 102656601978175920 bcsId: 0} | ret=SUCCESS |  
2019-08-21 19:23:59,207 | INFO  | DNAudit | user=null | ip=null | op=WRITE_CHUNK {blockData=conID: 2 locID: 102656601978175920 bcsId: 0} | ret=SUCCESS |  
2019-08-21 19:23:59,207 | INFO  | DNAudit | user=null | ip=null | op=PUT_BLOCK {blockData=[blockId=conID: 2 locID: 102656601978175920 bcsId: 0,size=1048576]} | ret=SUCCESS |  
2019-08-21 19:23:59,207 [grpc-default-executor-5] INFO  client.GrpcClientProtocolClient (GrpcClientProtocolClient.java:onNext(255)) - client-DA9582518C67->1df8bd03-73ef-4b9c-8622-5dc9d0e29c31: receive RaftClientReply:client-DA9582518C67->1df8bd03-73ef-4b9c-8622-5dc9d0e29c31@group-F45402591F47, cid=889, SUCCESS, logIndex=1144, commits[1df8bd03-73ef-4b9c-8622-5dc9d0e29c31:c1145, 12aca755-ada5-42df-801b-c61f99d8e8b8:c1143, a308b8bf-0324-43a1-a87f-1e10a96e3042:c1143]
2019-08-21 19:23:59,208 [grpc-default-executor-5] INFO  client.GrpcClientProtocolClient (GrpcClientProtocolClient.java:onNext(255)) - client-DA9582518C67->1df8bd03-73ef-4b9c-8622-5dc9d0e29c31: receive RaftClientReply:client-DA9582518C67->1df8bd03-73ef-4b9c-8622-5dc9d0e29c31@group-F45402591F47, cid=890, SUCCESS, logIndex=1145, commits[1df8bd03-73ef-4b9c-8622-5dc9d0e29c31:c1145, 12aca755-ada5-42df-801b-c61f99d8e8b8:c1143, a308b8bf-0324-43a1-a87f-1e10a96e3042:c1143]
2019-08-21 19:23:59,217 | INFO  | DNAudit | user=null | ip=null | op=WRITE_CHUNK {blockData=conID: 2 locID: 102656601978175920 bcsId: 0} | ret=SUCCESS |  
2019-08-21 19:23:59,218 | INFO  | DNAudit | user=null | ip=null | op=PUT_BLOCK {blockData=[blockId=conID: 2 locID: 102656601978175920 bcsId: 0,size=2097152]} | ret=SUCCESS |  
2019-08-21 19:23:59,218 [grpc-default-executor-2] INFO  client.GrpcClientProtocolClient (GrpcClientProtocolClient.java:onNext(255)) - client-DA9582518C67->1df8bd03-73ef-4b9c-8622-5dc9d0e29c31: receive RaftClientReply:client-DA9582518C67->1df8bd03-73ef-4b9c-8622-5dc9d0e29c31@group-F45402591F47, cid=891, SUCCESS, logIndex=1146, commits[1df8bd03-73ef-4b9c-8622-5dc9d0e29c31:c1147, 12aca755-ada5-42df-801b-c61f99d8e8b8:c1143, a308b8bf-0324-43a1-a87f-1e10a96e3042:c1143]
2019-08-21 19:23:59,219 [grpc-default-executor-2] INFO  client.GrpcClientProtocolClient (GrpcClientProtocolClient.java:onNext(255)) - client-DA9582518C67->1df8bd03-73ef-4b9c-8622-5dc9d0e29c31: receive RaftClientReply:client-DA9582518C67->1df8bd03-73ef-4b9c-8622-5dc9d0e29c31@group-F45402591F47, cid=892, SUCCESS, logIndex=1147, commits[1df8bd03-73ef-4b9c-8622-5dc9d0e29c31:c1147, 12aca755-ada5-42df-801b-c61f99d8e8b8:c1143, a308b8bf-0324-43a1-a87f-1e10a96e3042:c1143]
2019-08-21 19:23:59,230 | INFO  | DNAudit | user=null | ip=null | op=WRITE_CHUNK {blockData=conID: 2 locID: 102656601978175920 bcsId: 0} | ret=SUCCESS |  
2019-08-21 19:23:59,231 | INFO  | DNAudit | user=null | ip=null | op=PUT_BLOCK {blockData=[blockId=conID: 2 locID: 102656601978175920 bcsId: 0,size=1048576]} | ret=SUCCESS |  
2019-08-21 19:23:59,232 | INFO  | DNAudit | user=null | ip=null | op=WRITE_CHUNK {blockData=conID: 2 locID: 102656601978175920 bcsId: 0} | ret=SUCCESS |  
2019-08-21 19:23:59,232 | INFO  | DNAudit | user=null | ip=null | op=PUT_BLOCK {blockData=[blockId=conID: 2 locID: 102656601978175920 bcsId: 0,size=1048576]} | ret=SUCCESS |  
2019-08-21 19:23:59,233 | INFO  | DNAudit | user=null | ip=null | op=WRITE_CHUNK {blockData=conID: 2 locID: 102656601978175920 bcsId: 0} | ret=SUCCESS |  
2019-08-21 19:23:59,233 | INFO  | DNAudit | user=null | ip=null | op=PUT_BLOCK {blockData=[blockId=conID: 2 locID: 102656601978175920 bcsId: 0,size=2097152]} | ret=SUCCESS |  
2019-08-21 19:23:59,233 [grpc-default-executor-2] INFO  client.GrpcClientProtocolClient (GrpcClientProtocolClient.java:onNext(255)) - client-DA9582518C67->1df8bd03-73ef-4b9c-8622-5dc9d0e29c31: receive RaftClientReply:client-DA9582518C67->1df8bd03-73ef-4b9c-8622-5dc9d0e29c31@group-F45402591F47, cid=893, SUCCESS, logIndex=0, commits[1df8bd03-73ef-4b9c-8622-5dc9d0e29c31:c1149, 12aca755-ada5-42df-801b-c61f99d8e8b8:c1145, a308b8bf-0324-43a1-a87f-1e10a96e3042:c1145]
2019-08-21 19:23:59,241 | INFO  | DNAudit | user=null | ip=null | op=WRITE_CHUNK {blockData=conID: 2 locID: 102656601978175920 bcsId: 1147} | ret=SUCCESS |  
2019-08-21 19:23:59,243 | INFO  | DNAudit | user=null | ip=null | op=WRITE_CHUNK {blockData=conID: 2 locID: 102656601978175920 bcsId: 0} | ret=SUCCESS |  
2019-08-21 19:23:59,244 | INFO  | DNAudit | user=null | ip=null | op=PUT_BLOCK {blockData=[blockId=conID: 2 locID: 102656601978175920 bcsId: 0,size=2097152]} | ret=SUCCESS |  
2019-08-21 19:23:59,244 | INFO  | DNAudit | user=null | ip=null | op=WRITE_CHUNK {blockData=conID: 2 locID: 102656601978175920 bcsId: 1147} | ret=SUCCESS |  
2019-08-21 19:23:59,245 | INFO  | DNAudit | user=null | ip=null | op=WRITE_CHUNK {blockData=conID: 2 locID: 102656601978175920 bcsId: 1147} | ret=SUCCESS |  
2019-08-21 19:23:59,257 | INFO  | DNAudit | user=null | ip=null | op=WRITE_CHUNK {blockData=conID: 2 locID: 102656601978175920 bcsId: 1147} | ret=SUCCESS |  
2019-08-21 19:23:59,257 | INFO  | DNAudit | user=null | ip=null | op=PUT_BLOCK {blockData=[blockId=conID: 2 locID: 102656601978175920 bcsId: 0,size=3145728]} | ret=SUCCESS |  
2019-08-21 19:23:59,257 [grpc-default-executor-2] INFO  client.GrpcClientProtocolClient (GrpcClientProtocolClient.java:onNext(255)) - client-DA9582518C67->1df8bd03-73ef-4b9c-8622-5dc9d0e29c31: receive RaftClientReply:client-DA9582518C67->1df8bd03-73ef-4b9c-8622-5dc9d0e29c31@group-F45402591F47, cid=894, SUCCESS, logIndex=1152, commits[1df8bd03-73ef-4b9c-8622-5dc9d0e29c31:c1153, 12aca755-ada5-42df-801b-c61f99d8e8b8:c1151, a308b8bf-0324-43a1-a87f-1e10a96e3042:c1151]
2019-08-21 19:23:59,258 [grpc-default-executor-2] INFO  client.GrpcClientProtocolClient (GrpcClientProtocolClient.java:onNext(255)) - client-DA9582518C67->1df8bd03-73ef-4b9c-8622-5dc9d0e29c31: receive RaftClientReply:client-DA9582518C67->1df8bd03-73ef-4b9c-8622-5dc9d0e29c31@group-F45402591F47, cid=895, SUCCESS, logIndex=1153, commits[1df8bd03-73ef-4b9c-8622-5dc9d0e29c31:c1153, 12aca755-ada5-42df-801b-c61f99d8e8b8:c1151, a308b8bf-0324-43a1-a87f-1e10a96e3042:c1151]
2019-08-21 19:23:59,258 | INFO  | DNAudit | user=null | ip=null | op=WRITE_CHUNK {blockData=conID: 2 locID: 102656601978175920 bcsId: 1147} | ret=SUCCESS |  
2019-08-21 19:23:59,258 | INFO  | DNAudit | user=null | ip=null | op=WRITE_CHUNK {blockData=conID: 2 locID: 102656601978175920 bcsId: 1147} | ret=SUCCESS |  
2019-08-21 19:23:59,259 | INFO  | DNAudit | user=null | ip=null | op=PUT_BLOCK {blockData=[blockId=conID: 2 locID: 102656601978175920 bcsId: 0,size=3145728]} | ret=SUCCESS |  
2019-08-21 19:23:59,259 | INFO  | DNAudit | user=null | ip=null | op=PUT_BLOCK {blockData=[blockId=conID: 2 locID: 102656601978175920 bcsId: 0,size=3145728]} | ret=SUCCESS |  
2019-08-21 19:23:59,266 | INFO  | DNAudit | user=null | ip=null | op=WRITE_CHUNK {blockData=conID: 2 locID: 102656601978175920 bcsId: 1153} | ret=SUCCESS |  
2019-08-21 19:23:59,269 | INFO  | DNAudit | user=null | ip=null | op=WRITE_CHUNK {blockData=conID: 2 locID: 102656601978175920 bcsId: 1153} | ret=SUCCESS |  
2019-08-21 19:23:59,269 | INFO  | DNAudit | user=null | ip=null | op=WRITE_CHUNK {blockData=conID: 2 locID: 102656601978175920 bcsId: 1153} | ret=SUCCESS |  
2019-08-21 19:23:59,274 | INFO  | DNAudit | user=null | ip=null | op=WRITE_CHUNK {blockData=conID: 2 locID: 102656601978175920 bcsId: 1153} | ret=SUCCESS |  
2019-08-21 19:23:59,275 | INFO  | DNAudit | user=null | ip=null | op=PUT_BLOCK {blockData=[blockId=conID: 2 locID: 102656601978175920 bcsId: 0,size=4194304]} | ret=SUCCESS |  
2019-08-21 19:23:59,275 [grpc-default-executor-2] INFO  client.GrpcClientProtocolClient (GrpcClientProtocolClient.java:onNext(255)) - client-DA9582518C67->1df8bd03-73ef-4b9c-8622-5dc9d0e29c31: receive RaftClientReply:client-DA9582518C67->1df8bd03-73ef-4b9c-8622-5dc9d0e29c31@group-F45402591F47, cid=896, SUCCESS, logIndex=1156, commits[1df8bd03-73ef-4b9c-8622-5dc9d0e29c31:c1157, 12aca755-ada5-42df-801b-c61f99d8e8b8:c1153, a308b8bf-0324-43a1-a87f-1e10a96e3042:c1155]
2019-08-21 19:23:59,276 [grpc-default-executor-2] INFO  client.GrpcClientProtocolClient (GrpcClientProtocolClient.java:onNext(255)) - client-DA9582518C67->1df8bd03-73ef-4b9c-8622-5dc9d0e29c31: receive RaftClientReply:client-DA9582518C67->1df8bd03-73ef-4b9c-8622-5dc9d0e29c31@group-F45402591F47, cid=897, SUCCESS, logIndex=1157, commits[1df8bd03-73ef-4b9c-8622-5dc9d0e29c31:c1157, 12aca755-ada5-42df-801b-c61f99d8e8b8:c1153, a308b8bf-0324-43a1-a87f-1e10a96e3042:c1155]
2019-08-21 19:23:59,287 | INFO  | DNAudit | user=null | ip=null | op=WRITE_CHUNK {blockData=conID: 2 locID: 102656601978175920 bcsId: 1153} | ret=SUCCESS |  
2019-08-21 19:23:59,287 | INFO  | DNAudit | user=null | ip=null | op=PUT_BLOCK {blockData=[blockId=conID: 2 locID: 102656601978175920 bcsId: 0,size=4194304]} | ret=SUCCESS |  
2019-08-21 19:23:59,298 | INFO  | DNAudit | user=null | ip=null | op=WRITE_CHUNK {blockData=conID: 2 locID: 102656601978175920 bcsId: 1153} | ret=SUCCESS |  
2019-08-21 19:23:59,298 | INFO  | DNAudit | user=null | ip=null | op=PUT_BLOCK {blockData=[blockId=conID: 2 locID: 102656601978175920 bcsId: 0,size=4194304]} | ret=SUCCESS |  
2019-08-21 19:23:59,298 [grpc-default-executor-2] INFO  client.GrpcClientProtocolClient (GrpcClientProtocolClient.java:onNext(255)) - client-DA9582518C67->1df8bd03-73ef-4b9c-8622-5dc9d0e29c31: receive RaftClientReply:client-DA9582518C67->1df8bd03-73ef-4b9c-8622-5dc9d0e29c31@group-F45402591F47, cid=898, SUCCESS, logIndex=0, commits[1df8bd03-73ef-4b9c-8622-5dc9d0e29c31:c1158, 12aca755-ada5-42df-801b-c61f99d8e8b8:c1157, a308b8bf-0324-43a1-a87f-1e10a96e3042:c1157]
2019-08-21 19:23:59,307 | INFO  | DNAudit | user=null | ip=null | op=WRITE_CHUNK {blockData=conID: 3 locID: 102656601978175921 bcsId: 0} | ret=SUCCESS |  
2019-08-21 19:23:59,311 | INFO  | DNAudit | user=null | ip=null | op=WRITE_CHUNK {blockData=conID: 3 locID: 102656601978175921 bcsId: 0} | ret=SUCCESS |  
2019-08-21 19:23:59,312 | INFO  | DNAudit | user=null | ip=null | op=WRITE_CHUNK {blockData=conID: 3 locID: 102656601978175921 bcsId: 0} | ret=SUCCESS |  
2019-08-21 19:23:59,312 | INFO  | DNAudit | user=null | ip=null | op=WRITE_CHUNK {blockData=conID: 3 locID: 102656601978175921 bcsId: 0} | ret=SUCCESS |  
2019-08-21 19:23:59,315 | INFO  | DNAudit | user=null | ip=null | op=WRITE_CHUNK {blockData=conID: 3 locID: 102656601978175921 bcsId: 0} | ret=SUCCESS |  
2019-08-21 19:23:59,316 | INFO  | DNAudit | user=null | ip=null | op=WRITE_CHUNK {blockData=conID: 3 locID: 102656601978175921 bcsId: 0} | ret=SUCCESS |  
2019-08-21 19:23:59,319 | INFO  | DNAudit | user=null | ip=null | op=WRITE_CHUNK {blockData=conID: 3 locID: 102656601978175921 bcsId: 0} | ret=SUCCESS |  
2019-08-21 19:23:59,320 | INFO  | DNAudit | user=null | ip=null | op=PUT_BLOCK {blockData=[blockId=conID: 3 locID: 102656601978175921 bcsId: 0,size=1048576]} | ret=SUCCESS |  
2019-08-21 19:23:59,320 [grpc-default-executor-5] INFO  client.GrpcClientProtocolClient (GrpcClientProtocolClient.java:onNext(255)) - client-DA9582518C67->1df8bd03-73ef-4b9c-8622-5dc9d0e29c31: receive RaftClientReply:client-DA9582518C67->1df8bd03-73ef-4b9c-8622-5dc9d0e29c31@group-F45402591F47, cid=899, SUCCESS, logIndex=1160, commits[1df8bd03-73ef-4b9c-8622-5dc9d0e29c31:c1161, 12aca755-ada5-42df-801b-c61f99d8e8b8:c1159, a308b8bf-0324-43a1-a87f-1e10a96e3042:c1159]
2019-08-21 19:23:59,321 [grpc-default-executor-5] INFO  client.GrpcClientProtocolClient (GrpcClientProtocolClient.java:onNext(255)) - client-DA9582518C67->1df8bd03-73ef-4b9c-8622-5dc9d0e29c31: receive RaftClientReply:client-DA9582518C67->1df8bd03-73ef-4b9c-8622-5dc9d0e29c31@group-F45402591F47, cid=900, SUCCESS, logIndex=1161, commits[1df8bd03-73ef-4b9c-8622-5dc9d0e29c31:c1161, 12aca755-ada5-42df-801b-c61f99d8e8b8:c1159, a308b8bf-0324-43a1-a87f-1e10a96e3042:c1159]
2019-08-21 19:23:59,322 | INFO  | DNAudit | user=null | ip=null | op=WRITE_CHUNK {blockData=conID: 3 locID: 102656601978175921 bcsId: 0} | ret=SUCCESS |  
2019-08-21 19:23:59,322 | INFO  | DNAudit | user=null | ip=null | op=PUT_BLOCK {blockData=[blockId=conID: 3 locID: 102656601978175921 bcsId: 0,size=2097152]} | ret=SUCCESS |  
2019-08-21 19:23:59,322 [grpc-default-executor-5] INFO  client.GrpcClientProtocolClient (GrpcClientProtocolClient.java:onNext(255)) - client-DA9582518C67->1df8bd03-73ef-4b9c-8622-5dc9d0e29c31: receive RaftClientReply:client-DA9582518C67->1df8bd03-73ef-4b9c-8622-5dc9d0e29c31@group-F45402591F47, cid=901, SUCCESS, logIndex=1162, commits[1df8bd03-73ef-4b9c-8622-5dc9d0e29c31:c1163, 12aca755-ada5-42df-801b-c61f99d8e8b8:c1159, a308b8bf-0324-43a1-a87f-1e10a96e3042:c1159]
2019-08-21 19:23:59,323 [grpc-default-executor-5] INFO  client.GrpcClientProtocolClient (GrpcClientProtocolClient.java:onNext(255)) - client-DA9582518C67->1df8bd03-73ef-4b9c-8622-5dc9d0e29c31: receive RaftClientReply:client-DA9582518C67->1df8bd03-73ef-4b9c-8622-5dc9d0e29c31@group-F45402591F47, cid=902, SUCCESS, logIndex=1163, commits[1df8bd03-73ef-4b9c-8622-5dc9d0e29c31:c1163, 12aca755-ada5-42df-801b-c61f99d8e8b8:c1159, a308b8bf-0324-43a1-a87f-1e10a96e3042:c1159]
2019-08-21 19:23:59,334 | INFO  | DNAudit | user=null | ip=null | op=WRITE_CHUNK {blockData=conID: 3 locID: 102656601978175921 bcsId: 0} | ret=SUCCESS |  
2019-08-21 19:23:59,334 | INFO  | DNAudit | user=null | ip=null | op=PUT_BLOCK {blockData=[blockId=conID: 3 locID: 102656601978175921 bcsId: 0,size=1048576]} | ret=SUCCESS |  
2019-08-21 19:23:59,343 | INFO  | DNAudit | user=null | ip=null | op=WRITE_CHUNK {blockData=conID: 3 locID: 102656601978175921 bcsId: 0} | ret=SUCCESS |  
2019-08-21 19:23:59,343 | INFO  | DNAudit | user=null | ip=null | op=PUT_BLOCK {blockData=[blockId=conID: 3 locID: 102656601978175921 bcsId: 0,size=1048576]} | ret=SUCCESS |  
2019-08-21 19:23:59,343 | INFO  | DNAudit | user=null | ip=null | op=WRITE_CHUNK {blockData=conID: 3 locID: 102656601978175921 bcsId: 0} | ret=SUCCESS |  
2019-08-21 19:23:59,344 | INFO  | DNAudit | user=null | ip=null | op=PUT_BLOCK {blockData=[blockId=conID: 3 locID: 102656601978175921 bcsId: 0,size=2097152]} | ret=SUCCESS |  
2019-08-21 19:23:59,344 [grpc-default-executor-5] INFO  client.GrpcClientProtocolClient (GrpcClientProtocolClient.java:onNext(255)) - client-DA9582518C67->1df8bd03-73ef-4b9c-8622-5dc9d0e29c31: receive RaftClientReply:client-DA9582518C67->1df8bd03-73ef-4b9c-8622-5dc9d0e29c31@group-F45402591F47, cid=903, SUCCESS, logIndex=0, commits[1df8bd03-73ef-4b9c-8622-5dc9d0e29c31:c1164, 12aca755-ada5-42df-801b-c61f99d8e8b8:c1161, a308b8bf-0324-43a1-a87f-1e10a96e3042:c1161]
2019-08-21 19:23:59,345 | INFO  | DNAudit | user=null | ip=null | op=WRITE_CHUNK {blockData=conID: 3 locID: 102656601978175921 bcsId: 0} | ret=SUCCESS |  
2019-08-21 19:23:59,345 | INFO  | DNAudit | user=null | ip=null | op=PUT_BLOCK {blockData=[blockId=conID: 3 locID: 102656601978175921 bcsId: 0,size=2097152]} | ret=SUCCESS |  
2019-08-21 19:23:59,483 | INFO  | DNAudit | user=null | ip=null | op=WRITE_CHUNK {blockData=conID: 3 locID: 102656601978175921 bcsId: 1163} | ret=SUCCESS |  
2019-08-21 19:23:59,488 | INFO  | DNAudit | user=null | ip=null | op=WRITE_CHUNK {blockData=conID: 3 locID: 102656601978175921 bcsId: 1163} | ret=SUCCESS |  
2019-08-21 19:23:59,489 | INFO  | DNAudit | user=null | ip=null | op=WRITE_CHUNK {blockData=conID: 3 locID: 102656601978175921 bcsId: 1163} | ret=SUCCESS |  
2019-08-21 19:23:59,502 | INFO  | DNAudit | user=null | ip=null | op=WRITE_CHUNK {blockData=conID: 3 locID: 102656601978175921 bcsId: 1163} | ret=SUCCESS |  
2019-08-21 19:23:59,502 | INFO  | DNAudit | user=null | ip=null | op=PUT_BLOCK {blockData=[blockId=conID: 3 locID: 102656601978175921 bcsId: 0,size=3145728]} | ret=SUCCESS |  
2019-08-21 19:23:59,503 [grpc-default-executor-5] INFO  client.GrpcClientProtocolClient (GrpcClientProtocolClient.java:onNext(255)) - client-DA9582518C67->1df8bd03-73ef-4b9c-8622-5dc9d0e29c31: receive RaftClientReply:client-DA9582518C67->1df8bd03-73ef-4b9c-8622-5dc9d0e29c31@group-F45402591F47, cid=904, SUCCESS, logIndex=1167, commits[1df8bd03-73ef-4b9c-8622-5dc9d0e29c31:c1168, 12aca755-ada5-42df-801b-c61f99d8e8b8:c1166, a308b8bf-0324-43a1-a87f-1e10a96e3042:c1166]
2019-08-21 19:23:59,503 [grpc-default-executor-5] INFO  client.GrpcClientProtocolClient (GrpcClientProtocolClient.java:onNext(255)) - client-DA9582518C67->1df8bd03-73ef-4b9c-8622-5dc9d0e29c31: receive RaftClientReply:client-DA9582518C67->1df8bd03-73ef-4b9c-8622-5dc9d0e29c31@group-F45402591F47, cid=905, SUCCESS, logIndex=1168, commits[1df8bd03-73ef-4b9c-8622-5dc9d0e29c31:c1168, 12aca755-ada5-42df-801b-c61f99d8e8b8:c1166, a308b8bf-0324-43a1-a87f-1e10a96e3042:c1166]
2019-08-21 19:23:59,511 | INFO  | DNAudit | user=null | ip=null | op=WRITE_CHUNK {blockData=conID: 3 locID: 102656601978175921 bcsId: 1168} | ret=SUCCESS |  
2019-08-21 19:23:59,512 | INFO  | DNAudit | user=null | ip=null | op=WRITE_CHUNK {blockData=conID: 3 locID: 102656601978175921 bcsId: 1163} | ret=SUCCESS |  
2019-08-21 19:23:59,512 | INFO  | DNAudit | user=null | ip=null | op=WRITE_CHUNK {blockData=conID: 3 locID: 102656601978175921 bcsId: 1163} | ret=SUCCESS |  
2019-08-21 19:23:59,512 | INFO  | DNAudit | user=null | ip=null | op=PUT_BLOCK {blockData=[blockId=conID: 3 locID: 102656601978175921 bcsId: 0,size=3145728]} | ret=SUCCESS |  
2019-08-21 19:23:59,512 | INFO  | DNAudit | user=null | ip=null | op=PUT_BLOCK {blockData=[blockId=conID: 3 locID: 102656601978175921 bcsId: 0,size=3145728]} | ret=SUCCESS |  
2019-08-21 19:23:59,514 | INFO  | DNAudit | user=null | ip=null | op=WRITE_CHUNK {blockData=conID: 3 locID: 102656601978175921 bcsId: 1168} | ret=SUCCESS |  
2019-08-21 19:23:59,515 | INFO  | DNAudit | user=null | ip=null | op=WRITE_CHUNK {blockData=conID: 3 locID: 102656601978175921 bcsId: 1168} | ret=SUCCESS |  
2019-08-21 19:23:59,528 | INFO  | DNAudit | user=null | ip=null | op=WRITE_CHUNK {blockData=conID: 3 locID: 102656601978175921 bcsId: 1168} | ret=SUCCESS |  
2019-08-21 19:23:59,528 | INFO  | DNAudit | user=null | ip=null | op=PUT_BLOCK {blockData=[blockId=conID: 3 locID: 102656601978175921 bcsId: 0,size=4194304]} | ret=SUCCESS |  
2019-08-21 19:23:59,529 [grpc-default-executor-2] INFO  client.GrpcClientProtocolClient (GrpcClientProtocolClient.java:onNext(255)) - client-DA9582518C67->1df8bd03-73ef-4b9c-8622-5dc9d0e29c31: receive RaftClientReply:client-DA9582518C67->1df8bd03-73ef-4b9c-8622-5dc9d0e29c31@group-F45402591F47, cid=906, SUCCESS, logIndex=1171, commits[1df8bd03-73ef-4b9c-8622-5dc9d0e29c31:c1172, 12aca755-ada5-42df-801b-c61f99d8e8b8:c1168, a308b8bf-0324-43a1-a87f-1e10a96e3042:c1168]
2019-08-21 19:23:59,529 [grpc-default-executor-2] INFO  client.GrpcClientProtocolClient (GrpcClientProtocolClient.java:onNext(255)) - client-DA9582518C67->1df8bd03-73ef-4b9c-8622-5dc9d0e29c31: receive RaftClientReply:client-DA9582518C67->1df8bd03-73ef-4b9c-8622-5dc9d0e29c31@group-F45402591F47, cid=907, SUCCESS, logIndex=1172, commits[1df8bd03-73ef-4b9c-8622-5dc9d0e29c31:c1172, 12aca755-ada5-42df-801b-c61f99d8e8b8:c1168, a308b8bf-0324-43a1-a87f-1e10a96e3042:c1168]
2019-08-21 19:23:59,539 | INFO  | DNAudit | user=null | ip=null | op=WRITE_CHUNK {blockData=conID: 3 locID: 102656601978175921 bcsId: 1168} | ret=SUCCESS |  
2019-08-21 19:23:59,539 | INFO  | DNAudit | user=null | ip=null | op=WRITE_CHUNK {blockData=conID: 3 locID: 102656601978175921 bcsId: 1168} | ret=SUCCESS |  
2019-08-21 19:23:59,539 | INFO  | DNAudit | user=null | ip=null | op=PUT_BLOCK {blockData=[blockId=conID: 3 locID: 102656601978175921 bcsId: 0,size=4194304]} | ret=SUCCESS |  
2019-08-21 19:23:59,539 | INFO  | DNAudit | user=null | ip=null | op=PUT_BLOCK {blockData=[blockId=conID: 3 locID: 102656601978175921 bcsId: 0,size=4194304]} | ret=SUCCESS |  
2019-08-21 19:23:59,539 [grpc-default-executor-2] INFO  client.GrpcClientProtocolClient (GrpcClientProtocolClient.java:onNext(255)) - client-DA9582518C67->1df8bd03-73ef-4b9c-8622-5dc9d0e29c31: receive RaftClientReply:client-DA9582518C67->1df8bd03-73ef-4b9c-8622-5dc9d0e29c31@group-F45402591F47, cid=908, SUCCESS, logIndex=0, commits[1df8bd03-73ef-4b9c-8622-5dc9d0e29c31:c1173, 12aca755-ada5-42df-801b-c61f99d8e8b8:c1172, a308b8bf-0324-43a1-a87f-1e10a96e3042:c1172]
2019-08-21 19:23:59,548 | INFO  | DNAudit | user=null | ip=null | op=WRITE_CHUNK {blockData=conID: 1 locID: 102656601978241458 bcsId: 0} | ret=SUCCESS |  
2019-08-21 19:23:59,552 | INFO  | DNAudit | user=null | ip=null | op=WRITE_CHUNK {blockData=conID: 1 locID: 102656601978241458 bcsId: 0} | ret=SUCCESS |  
2019-08-21 19:23:59,552 | INFO  | DNAudit | user=null | ip=null | op=WRITE_CHUNK {blockData=conID: 1 locID: 102656601978241458 bcsId: 0} | ret=SUCCESS |  
2019-08-21 19:23:59,553 | INFO  | DNAudit | user=null | ip=null | op=WRITE_CHUNK {blockData=conID: 1 locID: 102656601978241458 bcsId: 0} | ret=SUCCESS |  
2019-08-21 19:23:59,556 | INFO  | DNAudit | user=null | ip=null | op=WRITE_CHUNK {blockData=conID: 1 locID: 102656601978241458 bcsId: 0} | ret=SUCCESS |  
2019-08-21 19:23:59,556 | INFO  | DNAudit | user=null | ip=null | op=WRITE_CHUNK {blockData=conID: 1 locID: 102656601978241458 bcsId: 0} | ret=SUCCESS |  
2019-08-21 19:23:59,562 | INFO  | DNAudit | user=null | ip=null | op=WRITE_CHUNK {blockData=conID: 1 locID: 102656601978241458 bcsId: 0} | ret=SUCCESS |  
2019-08-21 19:23:59,563 | INFO  | DNAudit | user=null | ip=null | op=PUT_BLOCK {blockData=[blockId=conID: 1 locID: 102656601978241458 bcsId: 0,size=1048576]} | ret=SUCCESS |  
2019-08-21 19:23:59,563 [grpc-default-executor-0] INFO  client.GrpcClientProtocolClient (GrpcClientProtocolClient.java:onNext(255)) - client-DA9582518C67->1df8bd03-73ef-4b9c-8622-5dc9d0e29c31: receive RaftClientReply:client-DA9582518C67->1df8bd03-73ef-4b9c-8622-5dc9d0e29c31@group-F45402591F47, cid=909, SUCCESS, logIndex=1175, commits[1df8bd03-73ef-4b9c-8622-5dc9d0e29c31:c1176, 12aca755-ada5-42df-801b-c61f99d8e8b8:c1174, a308b8bf-0324-43a1-a87f-1e10a96e3042:c1174]
2019-08-21 19:23:59,564 [grpc-default-executor-0] INFO  client.GrpcClientProtocolClient (GrpcClientProtocolClient.java:onNext(255)) - client-DA9582518C67->1df8bd03-73ef-4b9c-8622-5dc9d0e29c31: receive RaftClientReply:client-DA9582518C67->1df8bd03-73ef-4b9c-8622-5dc9d0e29c31@group-F45402591F47, cid=910, SUCCESS, logIndex=1176, commits[1df8bd03-73ef-4b9c-8622-5dc9d0e29c31:c1176, 12aca755-ada5-42df-801b-c61f99d8e8b8:c1174, a308b8bf-0324-43a1-a87f-1e10a96e3042:c1174]
2019-08-21 19:23:59,576 | INFO  | DNAudit | user=null | ip=null | op=WRITE_CHUNK {blockData=conID: 1 locID: 102656601978241458 bcsId: 0} | ret=SUCCESS |  
2019-08-21 19:23:59,576 | INFO  | DNAudit | user=null | ip=null | op=PUT_BLOCK {blockData=[blockId=conID: 1 locID: 102656601978241458 bcsId: 0,size=2097152]} | ret=SUCCESS |  
2019-08-21 19:23:59,576 [grpc-default-executor-0] INFO  client.GrpcClientProtocolClient (GrpcClientProtocolClient.java:onNext(255)) - client-DA9582518C67->1df8bd03-73ef-4b9c-8622-5dc9d0e29c31: receive RaftClientReply:client-DA9582518C67->1df8bd03-73ef-4b9c-8622-5dc9d0e29c31@group-F45402591F47, cid=911, SUCCESS, logIndex=1177, commits[1df8bd03-73ef-4b9c-8622-5dc9d0e29c31:c1178, 12aca755-ada5-42df-801b-c61f99d8e8b8:c1174, a308b8bf-0324-43a1-a87f-1e10a96e3042:c1174]
2019-08-21 19:23:59,577 [grpc-default-executor-0] INFO  client.GrpcClientProtocolClient (GrpcClientProtocolClient.java:onNext(255)) - client-DA9582518C67->1df8bd03-73ef-4b9c-8622-5dc9d0e29c31: receive RaftClientReply:client-DA9582518C67->1df8bd03-73ef-4b9c-8622-5dc9d0e29c31@group-F45402591F47, cid=912, SUCCESS, logIndex=1178, commits[1df8bd03-73ef-4b9c-8622-5dc9d0e29c31:c1178, 12aca755-ada5-42df-801b-c61f99d8e8b8:c1174, a308b8bf-0324-43a1-a87f-1e10a96e3042:c1174]
2019-08-21 19:23:59,582 | INFO  | SCMAudit | user=jenkins1000 | ip=192.168.69.88 | op=SEND_HEARTBEAT {datanodeUUID=c4b21f74-9dba-4f39-a92d-300bdd5c7775, command=[]} | ret=SUCCESS |  
 0.00% |█                                                                                                    |  0/1 Time: 0:00:042019-08-21 19:23:59,588 | INFO  | DNAudit | user=null | ip=null | op=WRITE_CHUNK {blockData=conID: 1 locID: 102656601978241458 bcsId: 0} | ret=SUCCESS |  
2019-08-21 19:23:59,588 | INFO  | DNAudit | user=null | ip=null | op=WRITE_CHUNK {blockData=conID: 1 locID: 102656601978241458 bcsId: 0} | ret=SUCCESS |  
2019-08-21 19:23:59,588 | INFO  | DNAudit | user=null | ip=null | op=PUT_BLOCK {blockData=[blockId=conID: 1 locID: 102656601978241458 bcsId: 0,size=1048576]} | ret=SUCCESS |  
2019-08-21 19:23:59,588 | INFO  | DNAudit | user=null | ip=null | op=PUT_BLOCK {blockData=[blockId=conID: 1 locID: 102656601978241458 bcsId: 0,size=1048576]} | ret=SUCCESS |  
2019-08-21 19:23:59,589 [grpc-default-executor-0] INFO  client.GrpcClientProtocolClient (GrpcClientProtocolClient.java:onNext(255)) - client-DA9582518C67->1df8bd03-73ef-4b9c-8622-5dc9d0e29c31: receive RaftClientReply:client-DA9582518C67->1df8bd03-73ef-4b9c-8622-5dc9d0e29c31@group-F45402591F47, cid=913, SUCCESS, logIndex=0, commits[1df8bd03-73ef-4b9c-8622-5dc9d0e29c31:c1180, 12aca755-ada5-42df-801b-c61f99d8e8b8:c1176, a308b8bf-0324-43a1-a87f-1e10a96e3042:c1176]
2019-08-21 19:23:59,597 | INFO  | DNAudit | user=null | ip=null | op=WRITE_CHUNK {blockData=conID: 1 locID: 102656601978241458 bcsId: 1178} | ret=SUCCESS |  
2019-08-21 19:23:59,600 | INFO  | DNAudit | user=null | ip=null | op=WRITE_CHUNK {blockData=conID: 1 locID: 102656601978241458 bcsId: 0} | ret=SUCCESS |  
2019-08-21 19:23:59,600 | INFO  | DNAudit | user=null | ip=null | op=WRITE_CHUNK {blockData=conID: 1 locID: 102656601978241458 bcsId: 0} | ret=SUCCESS |  
2019-08-21 19:23:59,600 | INFO  | DNAudit | user=null | ip=null | op=WRITE_CHUNK {blockData=conID: 1 locID: 102656601978241458 bcsId: 1178} | ret=SUCCESS |  
2019-08-21 19:23:59,600 | INFO  | DNAudit | user=null | ip=null | op=PUT_BLOCK {blockData=[blockId=conID: 1 locID: 102656601978241458 bcsId: 0,size=2097152]} | ret=SUCCESS |  
2019-08-21 19:23:59,600 | INFO  | DNAudit | user=null | ip=null | op=PUT_BLOCK {blockData=[blockId=conID: 1 locID: 102656601978241458 bcsId: 0,size=2097152]} | ret=SUCCESS |  
2019-08-21 19:23:59,600 | INFO  | DNAudit | user=null | ip=null | op=WRITE_CHUNK {blockData=conID: 1 locID: 102656601978241458 bcsId: 1178} | ret=SUCCESS |  
2019-08-21 19:23:59,602 | INFO  | DNAudit | user=null | ip=null | op=WRITE_CHUNK {blockData=conID: 1 locID: 102656601978241458 bcsId: 1178} | ret=SUCCESS |  
2019-08-21 19:23:59,602 | INFO  | DNAudit | user=null | ip=null | op=PUT_BLOCK {blockData=[blockId=conID: 1 locID: 102656601978241458 bcsId: 0,size=3145728]} | ret=SUCCESS |  
2019-08-21 19:23:59,602 [grpc-default-executor-2] INFO  client.GrpcClientProtocolClient (GrpcClientProtocolClient.java:onNext(255)) - client-DA9582518C67->1df8bd03-73ef-4b9c-8622-5dc9d0e29c31: receive RaftClientReply:client-DA9582518C67->1df8bd03-73ef-4b9c-8622-5dc9d0e29c31@group-F45402591F47, cid=914, SUCCESS, logIndex=1183, commits[1df8bd03-73ef-4b9c-8622-5dc9d0e29c31:c1184, 12aca755-ada5-42df-801b-c61f99d8e8b8:c1178, a308b8bf-0324-43a1-a87f-1e10a96e3042:c1180]
2019-08-21 19:23:59,603 [grpc-default-executor-2] INFO  client.GrpcClientProtocolClient (GrpcClientProtocolClient.java:onNext(255)) - client-DA9582518C67->1df8bd03-73ef-4b9c-8622-5dc9d0e29c31: receive RaftClientReply:client-DA9582518C67->1df8bd03-73ef-4b9c-8622-5dc9d0e29c31@group-F45402591F47, cid=915, SUCCESS, logIndex=1184, commits[1df8bd03-73ef-4b9c-8622-5dc9d0e29c31:c1184, 12aca755-ada5-42df-801b-c61f99d8e8b8:c1180, a308b8bf-0324-43a1-a87f-1e10a96e3042:c1180]
2019-08-21 19:23:59,603 | INFO  | DNAudit | user=null | ip=null | op=WRITE_CHUNK {blockData=conID: 1 locID: 102656601978241458 bcsId: 1178} | ret=SUCCESS |  
2019-08-21 19:23:59,603 | INFO  | DNAudit | user=null | ip=null | op=PUT_BLOCK {blockData=[blockId=conID: 1 locID: 102656601978241458 bcsId: 0,size=3145728]} | ret=SUCCESS |  
2019-08-21 19:23:59,609 | INFO  | DNAudit | user=null | ip=null | op=WRITE_CHUNK {blockData=conID: 1 locID: 102656601978241458 bcsId: 1184} | ret=SUCCESS |  
2019-08-21 19:23:59,612 | INFO  | DNAudit | user=null | ip=null | op=WRITE_CHUNK {blockData=conID: 1 locID: 102656601978241458 bcsId: 1178} | ret=SUCCESS |  
2019-08-21 19:23:59,613 | INFO  | DNAudit | user=null | ip=null | op=PUT_BLOCK {blockData=[blockId=conID: 1 locID: 102656601978241458 bcsId: 0,size=3145728]} | ret=SUCCESS |  
2019-08-21 19:23:59,613 | INFO  | DNAudit | user=null | ip=null | op=WRITE_CHUNK {blockData=conID: 1 locID: 102656601978241458 bcsId: 1184} | ret=SUCCESS |  
2019-08-21 19:23:59,613 | INFO  | DNAudit | user=null | ip=null | op=WRITE_CHUNK {blockData=conID: 1 locID: 102656601978241458 bcsId: 1184} | ret=SUCCESS |  
2019-08-21 19:23:59,624 | INFO  | DNAudit | user=null | ip=null | op=WRITE_CHUNK {blockData=conID: 1 locID: 102656601978241458 bcsId: 1184} | ret=SUCCESS |  
2019-08-21 19:23:59,625 | INFO  | DNAudit | user=null | ip=null | op=PUT_BLOCK {blockData=[blockId=conID: 1 locID: 102656601978241458 bcsId: 0,size=4194304]} | ret=SUCCESS |  
2019-08-21 19:23:59,625 [grpc-default-executor-2] INFO  client.GrpcClientProtocolClient (GrpcClientProtocolClient.java:onNext(255)) - client-DA9582518C67->1df8bd03-73ef-4b9c-8622-5dc9d0e29c31: receive RaftClientReply:client-DA9582518C67->1df8bd03-73ef-4b9c-8622-5dc9d0e29c31@group-F45402591F47, cid=916, SUCCESS, logIndex=1187, commits[1df8bd03-73ef-4b9c-8622-5dc9d0e29c31:c1188, 12aca755-ada5-42df-801b-c61f99d8e8b8:c1185, a308b8bf-0324-43a1-a87f-1e10a96e3042:c1184]
2019-08-21 19:23:59,626 [grpc-default-executor-2] INFO  client.GrpcClientProtocolClient (GrpcClientProtocolClient.java:onNext(255)) - client-DA9582518C67->1df8bd03-73ef-4b9c-8622-5dc9d0e29c31: receive RaftClientReply:client-DA9582518C67->1df8bd03-73ef-4b9c-8622-5dc9d0e29c31@group-F45402591F47, cid=917, SUCCESS, logIndex=1188, commits[1df8bd03-73ef-4b9c-8622-5dc9d0e29c31:c1188, 12aca755-ada5-42df-801b-c61f99d8e8b8:c1185, a308b8bf-0324-43a1-a87f-1e10a96e3042:c1185]
2019-08-21 19:23:59,626 | INFO  | DNAudit | user=null | ip=null | op=WRITE_CHUNK {blockData=conID: 1 locID: 102656601978241458 bcsId: 1184} | ret=SUCCESS |  
2019-08-21 19:23:59,627 | INFO  | DNAudit | user=null | ip=null | op=WRITE_CHUNK {blockData=conID: 1 locID: 102656601978241458 bcsId: 1184} | ret=SUCCESS |  
2019-08-21 19:23:59,627 | INFO  | DNAudit | user=null | ip=null | op=PUT_BLOCK {blockData=[blockId=conID: 1 locID: 102656601978241458 bcsId: 0,size=4194304]} | ret=SUCCESS |  
2019-08-21 19:23:59,636 | INFO  | DNAudit | user=null | ip=null | op=PUT_BLOCK {blockData=[blockId=conID: 1 locID: 102656601978241458 bcsId: 0,size=4194304]} | ret=SUCCESS |  
2019-08-21 19:23:59,637 [grpc-default-executor-0] INFO  client.GrpcClientProtocolClient (GrpcClientProtocolClient.java:onNext(255)) - client-DA9582518C67->1df8bd03-73ef-4b9c-8622-5dc9d0e29c31: receive RaftClientReply:client-DA9582518C67->1df8bd03-73ef-4b9c-8622-5dc9d0e29c31@group-F45402591F47, cid=918, SUCCESS, logIndex=0, commits[1df8bd03-73ef-4b9c-8622-5dc9d0e29c31:c1190, 12aca755-ada5-42df-801b-c61f99d8e8b8:c1188, a308b8bf-0324-43a1-a87f-1e10a96e3042:c1188]
2019-08-21 19:23:59,644 | INFO  | DNAudit | user=null | ip=null | op=WRITE_CHUNK {blockData=conID: 2 locID: 102656601978241459 bcsId: 0} | ret=SUCCESS |  
2019-08-21 19:23:59,647 | INFO  | DNAudit | user=null | ip=null | op=WRITE_CHUNK {blockData=conID: 2 locID: 102656601978241459 bcsId: 0} | ret=SUCCESS |  
2019-08-21 19:23:59,648 | INFO  | DNAudit | user=null | ip=null | op=WRITE_CHUNK {blockData=conID: 2 locID: 102656601978241459 bcsId: 0} | ret=SUCCESS |  
2019-08-21 19:23:59,648 | INFO  | DNAudit | user=null | ip=null | op=WRITE_CHUNK {blockData=conID: 2 locID: 102656601978241459 bcsId: 0} | ret=SUCCESS |  
2019-08-21 19:23:59,650 | INFO  | DNAudit | user=null | ip=null | op=WRITE_CHUNK {blockData=conID: 2 locID: 102656601978241459 bcsId: 0} | ret=SUCCESS |  
2019-08-21 19:23:59,651 | INFO  | DNAudit | user=null | ip=null | op=WRITE_CHUNK {blockData=conID: 2 locID: 102656601978241459 bcsId: 0} | ret=SUCCESS |  
2019-08-21 19:23:59,657 | INFO  | DNAudit | user=null | ip=null | op=WRITE_CHUNK {blockData=conID: 2 locID: 102656601978241459 bcsId: 0} | ret=SUCCESS |  
2019-08-21 19:23:59,658 | INFO  | DNAudit | user=null | ip=null | op=PUT_BLOCK {blockData=[blockId=conID: 2 locID: 102656601978241459 bcsId: 0,size=1048576]} | ret=SUCCESS |  
2019-08-21 19:23:59,658 [grpc-default-executor-0] INFO  client.GrpcClientProtocolClient (GrpcClientProtocolClient.java:onNext(255)) - client-DA9582518C67->1df8bd03-73ef-4b9c-8622-5dc9d0e29c31: receive RaftClientReply:client-DA9582518C67->1df8bd03-73ef-4b9c-8622-5dc9d0e29c31@group-F45402591F47, cid=919, SUCCESS, logIndex=1191, commits[1df8bd03-73ef-4b9c-8622-5dc9d0e29c31:c1192, 12aca755-ada5-42df-801b-c61f99d8e8b8:c1190, a308b8bf-0324-43a1-a87f-1e10a96e3042:c1190]
2019-08-21 19:23:59,659 [grpc-default-executor-0] INFO  client.GrpcClientProtocolClient (GrpcClientProtocolClient.java:onNext(255)) - client-DA9582518C67->1df8bd03-73ef-4b9c-8622-5dc9d0e29c31: receive RaftClientReply:client-DA9582518C67->1df8bd03-73ef-4b9c-8622-5dc9d0e29c31@group-F45402591F47, cid=920, SUCCESS, logIndex=1192, commits[1df8bd03-73ef-4b9c-8622-5dc9d0e29c31:c1192, 12aca755-ada5-42df-801b-c61f99d8e8b8:c1190, a308b8bf-0324-43a1-a87f-1e10a96e3042:c1190]
2019-08-21 19:23:59,675 | INFO  | DNAudit | user=null | ip=null | op=WRITE_CHUNK {blockData=conID: 2 locID: 102656601978241459 bcsId: 0} | ret=SUCCESS |  
2019-08-21 19:23:59,676 | INFO  | DNAudit | user=null | ip=null | op=PUT_BLOCK {blockData=[blockId=conID: 2 locID: 102656601978241459 bcsId: 0,size=2097152]} | ret=SUCCESS |  
2019-08-21 19:23:59,676 [grpc-default-executor-0] INFO  client.GrpcClientProtocolClient (GrpcClientProtocolClient.java:onNext(255)) - client-DA9582518C67->1df8bd03-73ef-4b9c-8622-5dc9d0e29c31: receive RaftClientReply:client-DA9582518C67->1df8bd03-73ef-4b9c-8622-5dc9d0e29c31@group-F45402591F47, cid=921, SUCCESS, logIndex=1193, commits[1df8bd03-73ef-4b9c-8622-5dc9d0e29c31:c1194, 12aca755-ada5-42df-801b-c61f99d8e8b8:c1190, a308b8bf-0324-43a1-a87f-1e10a96e3042:c1190]
2019-08-21 19:23:59,676 [grpc-default-executor-0] INFO  client.GrpcClientProtocolClient (GrpcClientProtocolClient.java:onNext(255)) - client-DA9582518C67->1df8bd03-73ef-4b9c-8622-5dc9d0e29c31: receive RaftClientReply:client-DA9582518C67->1df8bd03-73ef-4b9c-8622-5dc9d0e29c31@group-F45402591F47, cid=922, SUCCESS, logIndex=1194, commits[1df8bd03-73ef-4b9c-8622-5dc9d0e29c31:c1194, 12aca755-ada5-42df-801b-c61f99d8e8b8:c1190, a308b8bf-0324-43a1-a87f-1e10a96e3042:c1190]
2019-08-21 19:23:59,686 | INFO  | DNAudit | user=null | ip=null | op=WRITE_CHUNK {blockData=conID: 2 locID: 102656601978241459 bcsId: 0} | ret=SUCCESS |  
2019-08-21 19:23:59,686 | INFO  | DNAudit | user=null | ip=null | op=WRITE_CHUNK {blockData=conID: 2 locID: 102656601978241459 bcsId: 0} | ret=SUCCESS |  
2019-08-21 19:23:59,686 | INFO  | DNAudit | user=null | ip=null | op=PUT_BLOCK {blockData=[blockId=conID: 2 locID: 102656601978241459 bcsId: 0,size=1048576]} | ret=SUCCESS |  
2019-08-21 19:23:59,686 | INFO  | DNAudit | user=null | ip=null | op=PUT_BLOCK {blockData=[blockId=conID: 2 locID: 102656601978241459 bcsId: 0,size=1048576]} | ret=SUCCESS |  
2019-08-21 19:23:59,686 [grpc-default-executor-5] INFO  client.GrpcClientProtocolClient (GrpcClientProtocolClient.java:onNext(255)) - client-DA9582518C67->1df8bd03-73ef-4b9c-8622-5dc9d0e29c31: receive RaftClientReply:client-DA9582518C67->1df8bd03-73ef-4b9c-8622-5dc9d0e29c31@group-F45402591F47, cid=923, SUCCESS, logIndex=0, commits[1df8bd03-73ef-4b9c-8622-5dc9d0e29c31:c1195, 12aca755-ada5-42df-801b-c61f99d8e8b8:c1192, a308b8bf-0324-43a1-a87f-1e10a96e3042:c1192]
2019-08-21 19:23:59,695 | INFO  | DNAudit | user=null | ip=null | op=WRITE_CHUNK {blockData=conID: 2 locID: 102656601978241459 bcsId: 1194} | ret=SUCCESS |  
2019-08-21 19:23:59,697 | INFO  | DNAudit | user=null | ip=null | op=WRITE_CHUNK {blockData=conID: 2 locID: 102656601978241459 bcsId: 0} | ret=SUCCESS |  
2019-08-21 19:23:59,697 | INFO  | DNAudit | user=null | ip=null | op=WRITE_CHUNK {blockData=conID: 2 locID: 102656601978241459 bcsId: 0} | ret=SUCCESS |  
2019-08-21 19:23:59,698 | INFO  | DNAudit | user=null | ip=null | op=PUT_BLOCK {blockData=[blockId=conID: 2 locID: 102656601978241459 bcsId: 0,size=2097152]} | ret=SUCCESS |  
2019-08-21 19:23:59,698 | INFO  | DNAudit | user=null | ip=null | op=PUT_BLOCK {blockData=[blockId=conID: 2 locID: 102656601978241459 bcsId: 0,size=2097152]} | ret=SUCCESS |  
2019-08-21 19:23:59,698 | INFO  | DNAudit | user=null | ip=null | op=WRITE_CHUNK {blockData=conID: 2 locID: 102656601978241459 bcsId: 1194} | ret=SUCCESS |  
2019-08-21 19:23:59,698 | INFO  | DNAudit | user=null | ip=null | op=WRITE_CHUNK {blockData=conID: 2 locID: 102656601978241459 bcsId: 1194} | ret=SUCCESS |  
2019-08-21 19:23:59,709 | INFO  | DNAudit | user=null | ip=null | op=WRITE_CHUNK {blockData=conID: 2 locID: 102656601978241459 bcsId: 1194} | ret=SUCCESS |  
2019-08-21 19:23:59,709 | INFO  | DNAudit | user=null | ip=null | op=PUT_BLOCK {blockData=[blockId=conID: 2 locID: 102656601978241459 bcsId: 0,size=3145728]} | ret=SUCCESS |  
2019-08-21 19:23:59,709 [grpc-default-executor-2] INFO  client.GrpcClientProtocolClient (GrpcClientProtocolClient.java:onNext(255)) - client-DA9582518C67->1df8bd03-73ef-4b9c-8622-5dc9d0e29c31: receive RaftClientReply:client-DA9582518C67->1df8bd03-73ef-4b9c-8622-5dc9d0e29c31@group-F45402591F47, cid=924, SUCCESS, logIndex=1199, commits[1df8bd03-73ef-4b9c-8622-5dc9d0e29c31:c1200, 12aca755-ada5-42df-801b-c61f99d8e8b8:c1196, a308b8bf-0324-43a1-a87f-1e10a96e3042:c1196]
2019-08-21 19:23:59,710 [grpc-default-executor-2] INFO  client.GrpcClientProtocolClient (GrpcClientProtocolClient.java:onNext(255)) - client-DA9582518C67->1df8bd03-73ef-4b9c-8622-5dc9d0e29c31: receive RaftClientReply:client-DA9582518C67->1df8bd03-73ef-4b9c-8622-5dc9d0e29c31@group-F45402591F47, cid=925, SUCCESS, logIndex=1200, commits[1df8bd03-73ef-4b9c-8622-5dc9d0e29c31:c1200, 12aca755-ada5-42df-801b-c61f99d8e8b8:c1196, a308b8bf-0324-43a1-a87f-1e10a96e3042:c1196]
2019-08-21 19:23:59,718 | INFO  | DNAudit | user=null | ip=null | op=WRITE_CHUNK {blockData=conID: 2 locID: 102656601978241459 bcsId: 1200} | ret=SUCCESS |  
2019-08-21 19:23:59,720 | INFO  | DNAudit | user=null | ip=null | op=WRITE_CHUNK {blockData=conID: 2 locID: 102656601978241459 bcsId: 1194} | ret=SUCCESS |  
2019-08-21 19:23:59,721 | INFO  | DNAudit | user=null | ip=null | op=WRITE_CHUNK {blockData=conID: 2 locID: 102656601978241459 bcsId: 1194} | ret=SUCCESS |  
2019-08-21 19:23:59,721 | INFO  | DNAudit | user=null | ip=null | op=WRITE_CHUNK {blockData=conID: 2 locID: 102656601978241459 bcsId: 1200} | ret=SUCCESS |  
2019-08-21 19:23:59,723 | INFO  | DNAudit | user=null | ip=null | op=WRITE_CHUNK {blockData=conID: 2 locID: 102656601978241459 bcsId: 1200} | ret=SUCCESS |  
2019-08-21 19:23:59,733 | INFO  | DNAudit | user=null | ip=null | op=PUT_BLOCK {blockData=[blockId=conID: 2 locID: 102656601978241459 bcsId: 0,size=3145728]} | ret=SUCCESS |  
2019-08-21 19:23:59,734 | INFO  | DNAudit | user=null | ip=null | op=PUT_BLOCK {blockData=[blockId=conID: 2 locID: 102656601978241459 bcsId: 0,size=3145728]} | ret=SUCCESS |  
2019-08-21 19:23:59,734 | INFO  | DNAudit | user=null | ip=null | op=WRITE_CHUNK {blockData=conID: 2 locID: 102656601978241459 bcsId: 1200} | ret=SUCCESS |  
2019-08-21 19:23:59,735 | INFO  | DNAudit | user=null | ip=null | op=PUT_BLOCK {blockData=[blockId=conID: 2 locID: 102656601978241459 bcsId: 0,size=4194304]} | ret=SUCCESS |  
2019-08-21 19:23:59,735 [grpc-default-executor-5] INFO  client.GrpcClientProtocolClient (GrpcClientProtocolClient.java:onNext(255)) - client-DA9582518C67->1df8bd03-73ef-4b9c-8622-5dc9d0e29c31: receive RaftClientReply:client-DA9582518C67->1df8bd03-73ef-4b9c-8622-5dc9d0e29c31@group-F45402591F47, cid=926, SUCCESS, logIndex=1203, commits[1df8bd03-73ef-4b9c-8622-5dc9d0e29c31:c1204, 12aca755-ada5-42df-801b-c61f99d8e8b8:c1200, a308b8bf-0324-43a1-a87f-1e10a96e3042:c1200]
2019-08-21 19:23:59,735 [grpc-default-executor-5] INFO  client.GrpcClientProtocolClient (GrpcClientProtocolClient.java:onNext(255)) - client-DA9582518C67->1df8bd03-73ef-4b9c-8622-5dc9d0e29c31: receive RaftClientReply:client-DA9582518C67->1df8bd03-73ef-4b9c-8622-5dc9d0e29c31@group-F45402591F47, cid=927, SUCCESS, logIndex=1204, commits[1df8bd03-73ef-4b9c-8622-5dc9d0e29c31:c1204, 12aca755-ada5-42df-801b-c61f99d8e8b8:c1200, a308b8bf-0324-43a1-a87f-1e10a96e3042:c1200]
2019-08-21 19:23:59,746 | INFO  | DNAudit | user=null | ip=null | op=WRITE_CHUNK {blockData=conID: 2 locID: 102656601978241459 bcsId: 1200} | ret=SUCCESS |  
2019-08-21 19:23:59,746 | INFO  | DNAudit | user=null | ip=null | op=PUT_BLOCK {blockData=[blockId=conID: 2 locID: 102656601978241459 bcsId: 0,size=4194304]} | ret=SUCCESS |  
2019-08-21 19:23:59,757 | INFO  | DNAudit | user=null | ip=null | op=WRITE_CHUNK {blockData=conID: 2 locID: 102656601978241459 bcsId: 1200} | ret=SUCCESS |  
2019-08-21 19:23:59,757 | INFO  | DNAudit | user=null | ip=null | op=PUT_BLOCK {blockData=[blockId=conID: 2 locID: 102656601978241459 bcsId: 0,size=4194304]} | ret=SUCCESS |  
2019-08-21 19:23:59,758 [grpc-default-executor-5] INFO  client.GrpcClientProtocolClient (GrpcClientProtocolClient.java:onNext(255)) - client-DA9582518C67->1df8bd03-73ef-4b9c-8622-5dc9d0e29c31: receive RaftClientReply:client-DA9582518C67->1df8bd03-73ef-4b9c-8622-5dc9d0e29c31@group-F45402591F47, cid=928, SUCCESS, logIndex=0, commits[1df8bd03-73ef-4b9c-8622-5dc9d0e29c31:c1205, 12aca755-ada5-42df-801b-c61f99d8e8b8:c1204, a308b8bf-0324-43a1-a87f-1e10a96e3042:c1204]
2019-08-21 19:23:59,768 | INFO  | DNAudit | user=null | ip=null | op=WRITE_CHUNK {blockData=conID: 3 locID: 102656601978241460 bcsId: 0} | ret=SUCCESS |  
2019-08-21 19:23:59,770 | INFO  | DNAudit | user=null | ip=null | op=WRITE_CHUNK {blockData=conID: 3 locID: 102656601978241460 bcsId: 0} | ret=SUCCESS |  
2019-08-21 19:23:59,770 | INFO  | DNAudit | user=null | ip=null | op=WRITE_CHUNK {blockData=conID: 3 locID: 102656601978241460 bcsId: 0} | ret=SUCCESS |  
2019-08-21 19:23:59,770 | INFO  | DNAudit | user=null | ip=null | op=WRITE_CHUNK {blockData=conID: 3 locID: 102656601978241460 bcsId: 0} | ret=SUCCESS |  
2019-08-21 19:23:59,773 | INFO  | DNAudit | user=null | ip=null | op=WRITE_CHUNK {blockData=conID: 3 locID: 102656601978241460 bcsId: 0} | ret=SUCCESS |  
2019-08-21 19:23:59,773 | INFO  | DNAudit | user=null | ip=null | op=WRITE_CHUNK {blockData=conID: 3 locID: 102656601978241460 bcsId: 0} | ret=SUCCESS |  
2019-08-21 19:23:59,783 | INFO  | DNAudit | user=null | ip=null | op=WRITE_CHUNK {blockData=conID: 3 locID: 102656601978241460 bcsId: 0} | ret=SUCCESS |  
2019-08-21 19:23:59,783 | INFO  | DNAudit | user=null | ip=null | op=PUT_BLOCK {blockData=[blockId=conID: 3 locID: 102656601978241460 bcsId: 0,size=1048576]} | ret=SUCCESS |  
2019-08-21 19:23:59,783 [grpc-default-executor-0] INFO  client.GrpcClientProtocolClient (GrpcClientProtocolClient.java:onNext(255)) - client-DA9582518C67->1df8bd03-73ef-4b9c-8622-5dc9d0e29c31: receive RaftClientReply:client-DA9582518C67->1df8bd03-73ef-4b9c-8622-5dc9d0e29c31@group-F45402591F47, cid=929, SUCCESS, logIndex=1207, commits[1df8bd03-73ef-4b9c-8622-5dc9d0e29c31:c1208, 12aca755-ada5-42df-801b-c61f99d8e8b8:c1206, a308b8bf-0324-43a1-a87f-1e10a96e3042:c1206]
2019-08-21 19:23:59,784 | INFO  | DNAudit | user=null | ip=null | op=WRITE_CHUNK {blockData=conID: 3 locID: 102656601978241460 bcsId: 0} | ret=SUCCESS |  
2019-08-21 19:23:59,784 [grpc-default-executor-0] INFO  client.GrpcClientProtocolClient (GrpcClientProtocolClient.java:onNext(255)) - client-DA9582518C67->1df8bd03-73ef-4b9c-8622-5dc9d0e29c31: receive RaftClientReply:client-DA9582518C67->1df8bd03-73ef-4b9c-8622-5dc9d0e29c31@group-F45402591F47, cid=930, SUCCESS, logIndex=1208, commits[1df8bd03-73ef-4b9c-8622-5dc9d0e29c31:c1210, 12aca755-ada5-42df-801b-c61f99d8e8b8:c1206, a308b8bf-0324-43a1-a87f-1e10a96e3042:c1206]
2019-08-21 19:23:59,784 | INFO  | DNAudit | user=null | ip=null | op=PUT_BLOCK {blockData=[blockId=conID: 3 locID: 102656601978241460 bcsId: 0,size=2097152]} | ret=SUCCESS |  
2019-08-21 19:23:59,785 [grpc-default-executor-0] INFO  client.GrpcClientProtocolClient (GrpcClientProtocolClient.java:onNext(255)) - client-DA9582518C67->1df8bd03-73ef-4b9c-8622-5dc9d0e29c31: receive RaftClientReply:client-DA9582518C67->1df8bd03-73ef-4b9c-8622-5dc9d0e29c31@group-F45402591F47, cid=931, SUCCESS, logIndex=1209, commits[1df8bd03-73ef-4b9c-8622-5dc9d0e29c31:c1210, 12aca755-ada5-42df-801b-c61f99d8e8b8:c1206, a308b8bf-0324-43a1-a87f-1e10a96e3042:c1206]
2019-08-21 19:23:59,785 [grpc-default-executor-0] INFO  client.GrpcClientProtocolClient (GrpcClientProtocolClient.java:onNext(255)) - client-DA9582518C67->1df8bd03-73ef-4b9c-8622-5dc9d0e29c31: receive RaftClientReply:client-DA9582518C67->1df8bd03-73ef-4b9c-8622-5dc9d0e29c31@group-F45402591F47, cid=932, SUCCESS, logIndex=1210, commits[1df8bd03-73ef-4b9c-8622-5dc9d0e29c31:c1210, 12aca755-ada5-42df-801b-c61f99d8e8b8:c1206, a308b8bf-0324-43a1-a87f-1e10a96e3042:c1206]
2019-08-21 19:23:59,786 | INFO  | DNAudit | user=null | ip=null | op=WRITE_CHUNK {blockData=conID: 3 locID: 102656601978241460 bcsId: 0} | ret=SUCCESS |  
2019-08-21 19:23:59,786 | INFO  | DNAudit | user=null | ip=null | op=PUT_BLOCK {blockData=[blockId=conID: 3 locID: 102656601978241460 bcsId: 0,size=1048576]} | ret=SUCCESS |  
2019-08-21 19:23:59,797 | INFO  | DNAudit | user=null | ip=null | op=WRITE_CHUNK {blockData=conID: 3 locID: 102656601978241460 bcsId: 0} | ret=SUCCESS |  
2019-08-21 19:23:59,797 | INFO  | DNAudit | user=null | ip=null | op=PUT_BLOCK {blockData=[blockId=conID: 3 locID: 102656601978241460 bcsId: 0,size=1048576]} | ret=SUCCESS |  
2019-08-21 19:23:59,797 [grpc-default-executor-0] INFO  client.GrpcClientProtocolClient (GrpcClientProtocolClient.java:onNext(255)) - client-DA9582518C67->1df8bd03-73ef-4b9c-8622-5dc9d0e29c31: receive RaftClientReply:client-DA9582518C67->1df8bd03-73ef-4b9c-8622-5dc9d0e29c31@group-F45402591F47, cid=933, SUCCESS, logIndex=0, commits[1df8bd03-73ef-4b9c-8622-5dc9d0e29c31:c1211, 12aca755-ada5-42df-801b-c61f99d8e8b8:c1208, a308b8bf-0324-43a1-a87f-1e10a96e3042:c1208]
2019-08-21 19:23:59,799 | INFO  | DNAudit | user=null | ip=null | op=WRITE_CHUNK {blockData=conID: 3 locID: 102656601978241460 bcsId: 0} | ret=SUCCESS |  
2019-08-21 19:23:59,799 | INFO  | DNAudit | user=null | ip=null | op=PUT_BLOCK {blockData=[blockId=conID: 3 locID: 102656601978241460 bcsId: 0,size=2097152]} | ret=SUCCESS |  
2019-08-21 19:23:59,806 | INFO  | DNAudit | user=null | ip=null | op=WRITE_CHUNK {blockData=conID: 3 locID: 102656601978241460 bcsId: 1210} | ret=SUCCESS |  
2019-08-21 19:23:59,809 | INFO  | DNAudit | user=null | ip=null | op=WRITE_CHUNK {blockData=conID: 3 locID: 102656601978241460 bcsId: 1210} | ret=SUCCESS |  
2019-08-21 19:23:59,810 | INFO  | DNAudit | user=null | ip=null | op=WRITE_CHUNK {blockData=conID: 3 locID: 102656601978241460 bcsId: 0} | ret=SUCCESS |  
2019-08-21 19:23:59,810 | INFO  | DNAudit | user=null | ip=null | op=WRITE_CHUNK {blockData=conID: 3 locID: 102656601978241460 bcsId: 1210} | ret=SUCCESS |  
2019-08-21 19:23:59,810 | INFO  | DNAudit | user=null | ip=null | op=PUT_BLOCK {blockData=[blockId=conID: 3 locID: 102656601978241460 bcsId: 0,size=2097152]} | ret=SUCCESS |  
2019-08-21 19:23:59,813 | INFO  | DNAudit | user=null | ip=null | op=WRITE_CHUNK {blockData=conID: 3 locID: 102656601978241460 bcsId: 1210} | ret=SUCCESS |  
2019-08-21 19:23:59,813 | INFO  | DNAudit | user=null | ip=null | op=PUT_BLOCK {blockData=[blockId=conID: 3 locID: 102656601978241460 bcsId: 0,size=3145728]} | ret=SUCCESS |  
2019-08-21 19:23:59,813 [grpc-default-executor-0] INFO  client.GrpcClientProtocolClient (GrpcClientProtocolClient.java:onNext(255)) - client-DA9582518C67->1df8bd03-73ef-4b9c-8622-5dc9d0e29c31: receive RaftClientReply:client-DA9582518C67->1df8bd03-73ef-4b9c-8622-5dc9d0e29c31@group-F45402591F47, cid=934, SUCCESS, logIndex=1214, commits[1df8bd03-73ef-4b9c-8622-5dc9d0e29c31:c1215, 12aca755-ada5-42df-801b-c61f99d8e8b8:c1210, a308b8bf-0324-43a1-a87f-1e10a96e3042:c1213]
2019-08-21 19:23:59,814 [grpc-default-executor-0] INFO  client.GrpcClientProtocolClient (GrpcClientProtocolClient.java:onNext(255)) - client-DA9582518C67->1df8bd03-73ef-4b9c-8622-5dc9d0e29c31: receive RaftClientReply:client-DA9582518C67->1df8bd03-73ef-4b9c-8622-5dc9d0e29c31@group-F45402591F47, cid=935, SUCCESS, logIndex=1215, commits[1df8bd03-73ef-4b9c-8622-5dc9d0e29c31:c1215, 12aca755-ada5-42df-801b-c61f99d8e8b8:c1210, a308b8bf-0324-43a1-a87f-1e10a96e3042:c1213]
2019-08-21 19:23:59,821 | INFO  | DNAudit | user=null | ip=null | op=WRITE_CHUNK {blockData=conID: 3 locID: 102656601978241460 bcsId: 1215} | ret=SUCCESS |  
2019-08-21 19:23:59,824 | INFO  | DNAudit | user=null | ip=null | op=WRITE_CHUNK {blockData=conID: 3 locID: 102656601978241460 bcsId: 1215} | ret=SUCCESS |  
2019-08-21 19:23:59,825 | INFO  | DNAudit | user=null | ip=null | op=WRITE_CHUNK {blockData=conID: 3 locID: 102656601978241460 bcsId: 1215} | ret=SUCCESS |  
2019-08-21 19:23:59,825 | INFO  | DNAudit | user=null | ip=null | op=WRITE_CHUNK {blockData=conID: 3 locID: 102656601978241460 bcsId: 1210} | ret=SUCCESS |  
2019-08-21 19:23:59,826 | INFO  | DNAudit | user=null | ip=null | op=PUT_BLOCK {blockData=[blockId=conID: 3 locID: 102656601978241460 bcsId: 0,size=3145728]} | ret=SUCCESS |  
2019-08-21 19:23:59,836 | INFO  | DNAudit | user=null | ip=null | op=WRITE_CHUNK {blockData=conID: 3 locID: 102656601978241460 bcsId: 1210} | ret=SUCCESS |  
2019-08-21 19:23:59,836 | INFO  | DNAudit | user=null | ip=null | op=PUT_BLOCK {blockData=[blockId=conID: 3 locID: 102656601978241460 bcsId: 0,size=3145728]} | ret=SUCCESS |  
2019-08-21 19:23:59,838 | INFO  | DNAudit | user=null | ip=null | op=WRITE_CHUNK {blockData=conID: 3 locID: 102656601978241460 bcsId: 1215} | ret=SUCCESS |  
2019-08-21 19:23:59,838 | INFO  | DNAudit | user=null | ip=null | op=PUT_BLOCK {blockData=[blockId=conID: 3 locID: 102656601978241460 bcsId: 0,size=4194304]} | ret=SUCCESS |  
2019-08-21 19:23:59,839 [grpc-default-executor-0] INFO  client.GrpcClientProtocolClient (GrpcClientProtocolClient.java:onNext(255)) - client-DA9582518C67->1df8bd03-73ef-4b9c-8622-5dc9d0e29c31: receive RaftClientReply:client-DA9582518C67->1df8bd03-73ef-4b9c-8622-5dc9d0e29c31@group-F45402591F47, cid=936, SUCCESS, logIndex=1218, commits[1df8bd03-73ef-4b9c-8622-5dc9d0e29c31:c1219, 12aca755-ada5-42df-801b-c61f99d8e8b8:c1215, a308b8bf-0324-43a1-a87f-1e10a96e3042:c1215]
2019-08-21 19:23:59,839 [grpc-default-executor-0] INFO  client.GrpcClientProtocolClient (GrpcClientProtocolClient.java:onNext(255)) - client-DA9582518C67->1df8bd03-73ef-4b9c-8622-5dc9d0e29c31: receive RaftClientReply:client-DA9582518C67->1df8bd03-73ef-4b9c-8622-5dc9d0e29c31@group-F45402591F47, cid=937, SUCCESS, logIndex=1219, commits[1df8bd03-73ef-4b9c-8622-5dc9d0e29c31:c1219, 12aca755-ada5-42df-801b-c61f99d8e8b8:c1215, a308b8bf-0324-43a1-a87f-1e10a96e3042:c1215]
2019-08-21 19:23:59,852 | INFO  | DNAudit | user=null | ip=null | op=WRITE_CHUNK {blockData=conID: 3 locID: 102656601978241460 bcsId: 1215} | ret=SUCCESS |  
2019-08-21 19:23:59,852 | INFO  | DNAudit | user=null | ip=null | op=WRITE_CHUNK {blockData=conID: 3 locID: 102656601978241460 bcsId: 1215} | ret=SUCCESS |  
2019-08-21 19:23:59,852 | INFO  | DNAudit | user=null | ip=null | op=PUT_BLOCK {blockData=[blockId=conID: 3 locID: 102656601978241460 bcsId: 0,size=4194304]} | ret=SUCCESS |  
2019-08-21 19:23:59,852 | INFO  | DNAudit | user=null | ip=null | op=PUT_BLOCK {blockData=[blockId=conID: 3 locID: 102656601978241460 bcsId: 0,size=4194304]} | ret=SUCCESS |  
2019-08-21 19:23:59,853 [grpc-default-executor-2] INFO  client.GrpcClientProtocolClient (GrpcClientProtocolClient.java:onNext(255)) - client-DA9582518C67->1df8bd03-73ef-4b9c-8622-5dc9d0e29c31: receive RaftClientReply:client-DA9582518C67->1df8bd03-73ef-4b9c-8622-5dc9d0e29c31@group-F45402591F47, cid=938, SUCCESS, logIndex=0, commits[1df8bd03-73ef-4b9c-8622-5dc9d0e29c31:c1220, 12aca755-ada5-42df-801b-c61f99d8e8b8:c1219, a308b8bf-0324-43a1-a87f-1e10a96e3042:c1219]
2019-08-21 19:23:59,860 | INFO  | DNAudit | user=null | ip=null | op=WRITE_CHUNK {blockData=conID: 1 locID: 102656601978241461 bcsId: 0} | ret=SUCCESS |  
2019-08-21 19:23:59,864 | INFO  | DNAudit | user=null | ip=null | op=WRITE_CHUNK {blockData=conID: 1 locID: 102656601978241461 bcsId: 0} | ret=SUCCESS |  
2019-08-21 19:23:59,865 | INFO  | DNAudit | user=null | ip=null | op=WRITE_CHUNK {blockData=conID: 1 locID: 102656601978241461 bcsId: 0} | ret=SUCCESS |  
2019-08-21 19:23:59,865 | INFO  | DNAudit | user=null | ip=null | op=WRITE_CHUNK {blockData=conID: 1 locID: 102656601978241461 bcsId: 0} | ret=SUCCESS |  
2019-08-21 19:23:59,867 | INFO  | DNAudit | user=null | ip=null | op=WRITE_CHUNK {blockData=conID: 1 locID: 102656601978241461 bcsId: 0} | ret=SUCCESS |  
2019-08-21 19:23:59,867 | INFO  | DNAudit | user=null | ip=null | op=WRITE_CHUNK {blockData=conID: 1 locID: 102656601978241461 bcsId: 0} | ret=SUCCESS |  
2019-08-21 19:23:59,875 | INFO  | DNAudit | user=null | ip=null | op=WRITE_CHUNK {blockData=conID: 1 locID: 102656601978241461 bcsId: 0} | ret=SUCCESS |  
2019-08-21 19:23:59,875 | INFO  | DNAudit | user=null | ip=null | op=PUT_BLOCK {blockData=[blockId=conID: 1 locID: 102656601978241461 bcsId: 0,size=1048576]} | ret=SUCCESS |  
2019-08-21 19:23:59,875 [grpc-default-executor-5] INFO  client.GrpcClientProtocolClient (GrpcClientProtocolClient.java:onNext(255)) - client-DA9582518C67->1df8bd03-73ef-4b9c-8622-5dc9d0e29c31: receive RaftClientReply:client-DA9582518C67->1df8bd03-73ef-4b9c-8622-5dc9d0e29c31@group-F45402591F47, cid=939, SUCCESS, logIndex=1221, commits[1df8bd03-73ef-4b9c-8622-5dc9d0e29c31:c1222, 12aca755-ada5-42df-801b-c61f99d8e8b8:c1220, a308b8bf-0324-43a1-a87f-1e10a96e3042:c1220]
2019-08-21 19:23:59,876 [grpc-default-executor-5] INFO  client.GrpcClientProtocolClient (GrpcClientProtocolClient.java:onNext(255)) - client-DA9582518C67->1df8bd03-73ef-4b9c-8622-5dc9d0e29c31: receive RaftClientReply:client-DA9582518C67->1df8bd03-73ef-4b9c-8622-5dc9d0e29c31@group-F45402591F47, cid=940, SUCCESS, logIndex=1222, commits[1df8bd03-73ef-4b9c-8622-5dc9d0e29c31:c1222, 12aca755-ada5-42df-801b-c61f99d8e8b8:c1220, a308b8bf-0324-43a1-a87f-1e10a96e3042:c1220]
2019-08-21 19:23:59,886 | INFO  | DNAudit | user=null | ip=null | op=WRITE_CHUNK {blockData=conID: 1 locID: 102656601978241461 bcsId: 0} | ret=SUCCESS |  
2019-08-21 19:23:59,886 | INFO  | DNAudit | user=null | ip=null | op=PUT_BLOCK {blockData=[blockId=conID: 1 locID: 102656601978241461 bcsId: 0,size=2097152]} | ret=SUCCESS |  
2019-08-21 19:23:59,886 [grpc-default-executor-5] INFO  client.GrpcClientProtocolClient (GrpcClientProtocolClient.java:onNext(255)) - client-DA9582518C67->1df8bd03-73ef-4b9c-8622-5dc9d0e29c31: receive RaftClientReply:client-DA9582518C67->1df8bd03-73ef-4b9c-8622-5dc9d0e29c31@group-F45402591F47, cid=941, SUCCESS, logIndex=1223, commits[1df8bd03-73ef-4b9c-8622-5dc9d0e29c31:c1224, 12aca755-ada5-42df-801b-c61f99d8e8b8:c1220, a308b8bf-0324-43a1-a87f-1e10a96e3042:c1220]
2019-08-21 19:23:59,887 [grpc-default-executor-5] INFO  client.GrpcClientProtocolClient (GrpcClientProtocolClient.java:onNext(255)) - client-DA9582518C67->1df8bd03-73ef-4b9c-8622-5dc9d0e29c31: receive RaftClientReply:client-DA9582518C67->1df8bd03-73ef-4b9c-8622-5dc9d0e29c31@group-F45402591F47, cid=942, SUCCESS, logIndex=1224, commits[1df8bd03-73ef-4b9c-8622-5dc9d0e29c31:c1224, 12aca755-ada5-42df-801b-c61f99d8e8b8:c1220, a308b8bf-0324-43a1-a87f-1e10a96e3042:c1220]
2019-08-21 19:23:59,903 | INFO  | DNAudit | user=null | ip=null | op=WRITE_CHUNK {blockData=conID: 1 locID: 102656601978241461 bcsId: 0} | ret=SUCCESS |  
2019-08-21 19:23:59,903 | INFO  | DNAudit | user=null | ip=null | op=WRITE_CHUNK {blockData=conID: 1 locID: 102656601978241461 bcsId: 0} | ret=SUCCESS |  
2019-08-21 19:23:59,903 | INFO  | DNAudit | user=null | ip=null | op=PUT_BLOCK {blockData=[blockId=conID: 1 locID: 102656601978241461 bcsId: 0,size=1048576]} | ret=SUCCESS |  
2019-08-21 19:23:59,903 | INFO  | DNAudit | user=null | ip=null | op=PUT_BLOCK {blockData=[blockId=conID: 1 locID: 102656601978241461 bcsId: 0,size=1048576]} | ret=SUCCESS |  
2019-08-21 19:23:59,904 [grpc-default-executor-2] INFO  client.GrpcClientProtocolClient (GrpcClientProtocolClient.java:onNext(255)) - client-DA9582518C67->1df8bd03-73ef-4b9c-8622-5dc9d0e29c31: receive RaftClientReply:client-DA9582518C67->1df8bd03-73ef-4b9c-8622-5dc9d0e29c31@group-F45402591F47, cid=943, SUCCESS, logIndex=0, commits[1df8bd03-73ef-4b9c-8622-5dc9d0e29c31:c1226, 12aca755-ada5-42df-801b-c61f99d8e8b8:c1222, a308b8bf-0324-43a1-a87f-1e10a96e3042:c1222]
2019-08-21 19:23:59,912 | INFO  | DNAudit | user=null | ip=null | op=WRITE_CHUNK {blockData=conID: 1 locID: 102656601978241461 bcsId: 1224} | ret=SUCCESS |  
2019-08-21 19:23:59,913 | INFO  | DNAudit | user=null | ip=null | op=WRITE_CHUNK {blockData=conID: 1 locID: 102656601978241461 bcsId: 0} | ret=SUCCESS |  
2019-08-21 19:23:59,913 | INFO  | DNAudit | user=null | ip=null | op=PUT_BLOCK {blockData=[blockId=conID: 1 locID: 102656601978241461 bcsId: 0,size=2097152]} | ret=SUCCESS |  
2019-08-21 19:23:59,913 | INFO  | DNAudit | user=null | ip=null | op=WRITE_CHUNK {blockData=conID: 1 locID: 102656601978241461 bcsId: 0} | ret=SUCCESS |  
2019-08-21 19:23:59,913 | INFO  | DNAudit | user=null | ip=null | op=PUT_BLOCK {blockData=[blockId=conID: 1 locID: 102656601978241461 bcsId: 0,size=2097152]} | ret=SUCCESS |  
2019-08-21 19:23:59,917 | INFO  | DNAudit | user=null | ip=null | op=WRITE_CHUNK {blockData=conID: 1 locID: 102656601978241461 bcsId: 1224} | ret=SUCCESS |  
2019-08-21 19:23:59,918 | INFO  | DNAudit | user=null | ip=null | op=WRITE_CHUNK {blockData=conID: 1 locID: 102656601978241461 bcsId: 1224} | ret=SUCCESS |  
2019-08-21 19:23:59,928 | INFO  | DNAudit | user=null | ip=null | op=WRITE_CHUNK {blockData=conID: 1 locID: 102656601978241461 bcsId: 1224} | ret=SUCCESS |  
2019-08-21 19:23:59,929 | INFO  | DNAudit | user=null | ip=null | op=PUT_BLOCK {blockData=[blockId=conID: 1 locID: 102656601978241461 bcsId: 0,size=3145728]} | ret=SUCCESS |  
2019-08-21 19:23:59,929 [grpc-default-executor-5] INFO  client.GrpcClientProtocolClient (GrpcClientProtocolClient.java:onNext(255)) - client-DA9582518C67->1df8bd03-73ef-4b9c-8622-5dc9d0e29c31: receive RaftClientReply:client-DA9582518C67->1df8bd03-73ef-4b9c-8622-5dc9d0e29c31@group-F45402591F47, cid=944, SUCCESS, logIndex=1229, commits[1df8bd03-73ef-4b9c-8622-5dc9d0e29c31:c1230, 12aca755-ada5-42df-801b-c61f99d8e8b8:c1226, a308b8bf-0324-43a1-a87f-1e10a96e3042:c1226]
2019-08-21 19:23:59,929 [grpc-default-executor-5] INFO  client.GrpcClientProtocolClient (GrpcClientProtocolClient.java:onNext(255)) - client-DA9582518C67->1df8bd03-73ef-4b9c-8622-5dc9d0e29c31: receive RaftClientReply:client-DA9582518C67->1df8bd03-73ef-4b9c-8622-5dc9d0e29c31@group-F45402591F47, cid=945, SUCCESS, logIndex=1230, commits[1df8bd03-73ef-4b9c-8622-5dc9d0e29c31:c1230, 12aca755-ada5-42df-801b-c61f99d8e8b8:c1226, a308b8bf-0324-43a1-a87f-1e10a96e3042:c1226]
2019-08-21 19:23:59,936 | INFO  | DNAudit | user=null | ip=null | op=WRITE_CHUNK {blockData=conID: 1 locID: 102656601978241461 bcsId: 1230} | ret=SUCCESS |  
2019-08-21 19:23:59,938 | INFO  | DNAudit | user=null | ip=null | op=WRITE_CHUNK {blockData=conID: 1 locID: 102656601978241461 bcsId: 1224} | ret=SUCCESS |  
2019-08-21 19:23:59,938 | INFO  | DNAudit | user=null | ip=null | op=WRITE_CHUNK {blockData=conID: 1 locID: 102656601978241461 bcsId: 1224} | ret=SUCCESS |  
2019-08-21 19:23:59,938 | INFO  | DNAudit | user=null | ip=null | op=WRITE_CHUNK {blockData=conID: 1 locID: 102656601978241461 bcsId: 1230} | ret=SUCCESS |  
2019-08-21 19:23:59,939 | INFO  | DNAudit | user=null | ip=null | op=PUT_BLOCK {blockData=[blockId=conID: 1 locID: 102656601978241461 bcsId: 0,size=3145728]} | ret=SUCCESS |  
2019-08-21 19:23:59,939 | INFO  | DNAudit | user=null | ip=null | op=WRITE_CHUNK {blockData=conID: 1 locID: 102656601978241461 bcsId: 1230} | ret=SUCCESS |  
2019-08-21 19:23:59,940 | INFO  | DNAudit | user=null | ip=null | op=PUT_BLOCK {blockData=[blockId=conID: 1 locID: 102656601978241461 bcsId: 0,size=3145728]} | ret=SUCCESS |  
2019-08-21 19:23:59,941 | INFO  | DNAudit | user=null | ip=null | op=WRITE_CHUNK {blockData=conID: 1 locID: 102656601978241461 bcsId: 1230} | ret=SUCCESS |  
2019-08-21 19:23:59,941 | INFO  | DNAudit | user=null | ip=null | op=PUT_BLOCK {blockData=[blockId=conID: 1 locID: 102656601978241461 bcsId: 0,size=4194304]} | ret=SUCCESS |  
2019-08-21 19:23:59,941 [grpc-default-executor-2] INFO  client.GrpcClientProtocolClient (GrpcClientProtocolClient.java:onNext(255)) - client-DA9582518C67->1df8bd03-73ef-4b9c-8622-5dc9d0e29c31: receive RaftClientReply:client-DA9582518C67->1df8bd03-73ef-4b9c-8622-5dc9d0e29c31@group-F45402591F47, cid=946, SUCCESS, logIndex=1233, commits[1df8bd03-73ef-4b9c-8622-5dc9d0e29c31:c1234, 12aca755-ada5-42df-801b-c61f99d8e8b8:c1230, a308b8bf-0324-43a1-a87f-1e10a96e3042:c1230]
2019-08-21 19:23:59,942 [grpc-default-executor-2] INFO  client.GrpcClientProtocolClient (GrpcClientProtocolClient.java:onNext(255)) - client-DA9582518C67->1df8bd03-73ef-4b9c-8622-5dc9d0e29c31: receive RaftClientReply:client-DA9582518C67->1df8bd03-73ef-4b9c-8622-5dc9d0e29c31@group-F45402591F47, cid=947, SUCCESS, logIndex=1234, commits[1df8bd03-73ef-4b9c-8622-5dc9d0e29c31:c1234, 12aca755-ada5-42df-801b-c61f99d8e8b8:c1230, a308b8bf-0324-43a1-a87f-1e10a96e3042:c1230]
2019-08-21 19:23:59,946 | INFO  | SCMAudit | user=jenkins1000 | ip=192.168.69.88 | op=SEND_HEARTBEAT {datanodeUUID=12aca755-ada5-42df-801b-c61f99d8e8b8, command=[]} | ret=SUCCESS |  
2019-08-21 19:23:59,946 | INFO  | SCMAudit | user=jenkins1000 | ip=192.168.69.88 | op=SEND_HEARTBEAT {datanodeUUID=1df8bd03-73ef-4b9c-8622-5dc9d0e29c31, command=[]} | ret=SUCCESS |  
2019-08-21 19:23:59,946 | INFO  | SCMAudit | user=jenkins1000 | ip=192.168.69.88 | op=SEND_HEARTBEAT {datanodeUUID=a308b8bf-0324-43a1-a87f-1e10a96e3042, command=[]} | ret=SUCCESS |  
2019-08-21 19:23:59,958 | INFO  | DNAudit | user=null | ip=null | op=WRITE_CHUNK {blockData=conID: 1 locID: 102656601978241461 bcsId: 1230} | ret=SUCCESS |  
2019-08-21 19:23:59,959 | INFO  | DNAudit | user=null | ip=null | op=PUT_BLOCK {blockData=[blockId=conID: 1 locID: 102656601978241461 bcsId: 0,size=4194304]} | ret=SUCCESS |  
2019-08-21 19:23:59,967 | INFO  | DNAudit | user=null | ip=null | op=WRITE_CHUNK {blockData=conID: 1 locID: 102656601978241461 bcsId: 1230} | ret=SUCCESS |  
2019-08-21 19:23:59,968 | INFO  | DNAudit | user=null | ip=null | op=PUT_BLOCK {blockData=[blockId=conID: 1 locID: 102656601978241461 bcsId: 0,size=4194304]} | ret=SUCCESS |  
2019-08-21 19:23:59,968 [grpc-default-executor-2] INFO  client.GrpcClientProtocolClient (GrpcClientProtocolClient.java:onNext(255)) - client-DA9582518C67->1df8bd03-73ef-4b9c-8622-5dc9d0e29c31: receive RaftClientReply:client-DA9582518C67->1df8bd03-73ef-4b9c-8622-5dc9d0e29c31@group-F45402591F47, cid=948, SUCCESS, logIndex=0, commits[1df8bd03-73ef-4b9c-8622-5dc9d0e29c31:c1235, 12aca755-ada5-42df-801b-c61f99d8e8b8:c1234, a308b8bf-0324-43a1-a87f-1e10a96e3042:c1234]
2019-08-21 19:23:59,975 | INFO  | DNAudit | user=null | ip=null | op=WRITE_CHUNK {blockData=conID: 2 locID: 102656601978241462 bcsId: 0} | ret=SUCCESS |  
2019-08-21 19:23:59,978 | INFO  | DNAudit | user=null | ip=null | op=WRITE_CHUNK {blockData=conID: 2 locID: 102656601978241462 bcsId: 0} | ret=SUCCESS |  
2019-08-21 19:23:59,980 | INFO  | DNAudit | user=null | ip=null | op=WRITE_CHUNK {blockData=conID: 2 locID: 102656601978241462 bcsId: 0} | ret=SUCCESS |  
2019-08-21 19:23:59,982 | INFO  | DNAudit | user=null | ip=null | op=WRITE_CHUNK {blockData=conID: 2 locID: 102656601978241462 bcsId: 0} | ret=SUCCESS |  
2019-08-21 19:23:59,982 | INFO  | DNAudit | user=null | ip=null | op=WRITE_CHUNK {blockData=conID: 2 locID: 102656601978241462 bcsId: 0} | ret=SUCCESS |  
2019-08-21 19:23:59,983 | INFO  | DNAudit | user=null | ip=null | op=WRITE_CHUNK {blockData=conID: 2 locID: 102656601978241462 bcsId: 0} | ret=SUCCESS |  
2019-08-21 19:24:00,025 | INFO  | DNAudit | user=null | ip=null | op=WRITE_CHUNK {blockData=conID: 2 locID: 102656601978241462 bcsId: 0} | ret=SUCCESS |  
2019-08-21 19:24:00,025 | INFO  | DNAudit | user=null | ip=null | op=PUT_BLOCK {blockData=[blockId=conID: 2 locID: 102656601978241462 bcsId: 0,size=1048576]} | ret=SUCCESS |  
2019-08-21 19:24:00,026 [grpc-default-executor-5] INFO  client.GrpcClientProtocolClient (GrpcClientProtocolClient.java:onNext(255)) - client-DA9582518C67->1df8bd03-73ef-4b9c-8622-5dc9d0e29c31: receive RaftClientReply:client-DA9582518C67->1df8bd03-73ef-4b9c-8622-5dc9d0e29c31@group-F45402591F47, cid=949, SUCCESS, logIndex=1237, commits[1df8bd03-73ef-4b9c-8622-5dc9d0e29c31:c1238, 12aca755-ada5-42df-801b-c61f99d8e8b8:c1236, a308b8bf-0324-43a1-a87f-1e10a96e3042:c1236]
2019-08-21 19:24:00,026 [grpc-default-executor-5] INFO  client.GrpcClientProtocolClient (GrpcClientProtocolClient.java:onNext(255)) - client-DA9582518C67->1df8bd03-73ef-4b9c-8622-5dc9d0e29c31: receive RaftClientReply:client-DA9582518C67->1df8bd03-73ef-4b9c-8622-5dc9d0e29c31@group-F45402591F47, cid=950, SUCCESS, logIndex=1238, commits[1df8bd03-73ef-4b9c-8622-5dc9d0e29c31:c1238, 12aca755-ada5-42df-801b-c61f99d8e8b8:c1236, a308b8bf-0324-43a1-a87f-1e10a96e3042:c1236]
2019-08-21 19:24:00,034 | INFO  | DNAudit | user=null | ip=null | op=WRITE_CHUNK {blockData=conID: 2 locID: 102656601978241462 bcsId: 0} | ret=SUCCESS |  
2019-08-21 19:24:00,035 | INFO  | DNAudit | user=null | ip=null | op=PUT_BLOCK {blockData=[blockId=conID: 2 locID: 102656601978241462 bcsId: 0,size=2097152]} | ret=SUCCESS |  
2019-08-21 19:24:00,035 [grpc-default-executor-2] INFO  client.GrpcClientProtocolClient (GrpcClientProtocolClient.java:onNext(255)) - client-DA9582518C67->1df8bd03-73ef-4b9c-8622-5dc9d0e29c31: receive RaftClientReply:client-DA9582518C67->1df8bd03-73ef-4b9c-8622-5dc9d0e29c31@group-F45402591F47, cid=951, SUCCESS, logIndex=1239, commits[1df8bd03-73ef-4b9c-8622-5dc9d0e29c31:c1240, 12aca755-ada5-42df-801b-c61f99d8e8b8:c1236, a308b8bf-0324-43a1-a87f-1e10a96e3042:c1236]
2019-08-21 19:24:00,035 | INFO  | DNAudit | user=null | ip=null | op=WRITE_CHUNK {blockData=conID: 2 locID: 102656601978241462 bcsId: 0} | ret=SUCCESS |  
2019-08-21 19:24:00,036 [grpc-default-executor-2] INFO  client.GrpcClientProtocolClient (GrpcClientProtocolClient.java:onNext(255)) - client-DA9582518C67->1df8bd03-73ef-4b9c-8622-5dc9d0e29c31: receive RaftClientReply:client-DA9582518C67->1df8bd03-73ef-4b9c-8622-5dc9d0e29c31@group-F45402591F47, cid=952, SUCCESS, logIndex=1240, commits[1df8bd03-73ef-4b9c-8622-5dc9d0e29c31:c1240, 12aca755-ada5-42df-801b-c61f99d8e8b8:c1236, a308b8bf-0324-43a1-a87f-1e10a96e3042:c1236]
2019-08-21 19:24:00,036 | INFO  | DNAudit | user=null | ip=null | op=PUT_BLOCK {blockData=[blockId=conID: 2 locID: 102656601978241462 bcsId: 0,size=1048576]} | ret=SUCCESS |  
2019-08-21 19:24:00,036 | INFO  | DNAudit | user=null | ip=null | op=WRITE_CHUNK {blockData=conID: 2 locID: 102656601978241462 bcsId: 0} | ret=SUCCESS |  
2019-08-21 19:24:00,036 | INFO  | DNAudit | user=null | ip=null | op=PUT_BLOCK {blockData=[blockId=conID: 2 locID: 102656601978241462 bcsId: 0,size=2097152]} | ret=SUCCESS |  
2019-08-21 19:24:00,045 | INFO  | DNAudit | user=null | ip=null | op=WRITE_CHUNK {blockData=conID: 2 locID: 102656601978241462 bcsId: 0} | ret=SUCCESS |  
2019-08-21 19:24:00,046 | INFO  | DNAudit | user=null | ip=null | op=PUT_BLOCK {blockData=[blockId=conID: 2 locID: 102656601978241462 bcsId: 0,size=1048576]} | ret=SUCCESS |  
2019-08-21 19:24:00,046 | INFO  | DNAudit | user=null | ip=null | op=WRITE_CHUNK {blockData=conID: 2 locID: 102656601978241462 bcsId: 0} | ret=SUCCESS |  
2019-08-21 19:24:00,046 | INFO  | DNAudit | user=null | ip=null | op=PUT_BLOCK {blockData=[blockId=conID: 2 locID: 102656601978241462 bcsId: 0,size=2097152]} | ret=SUCCESS |  
2019-08-21 19:24:00,046 [grpc-default-executor-2] INFO  client.GrpcClientProtocolClient (GrpcClientProtocolClient.java:onNext(255)) - client-DA9582518C67->1df8bd03-73ef-4b9c-8622-5dc9d0e29c31: receive RaftClientReply:client-DA9582518C67->1df8bd03-73ef-4b9c-8622-5dc9d0e29c31@group-F45402591F47, cid=953, SUCCESS, logIndex=0, commits[1df8bd03-73ef-4b9c-8622-5dc9d0e29c31:c1243, 12aca755-ada5-42df-801b-c61f99d8e8b8:c1240, a308b8bf-0324-43a1-a87f-1e10a96e3042:c1238]
2019-08-21 19:24:00,051 | INFO  | DNAudit | user=null | ip=null | op=WRITE_CHUNK {blockData=conID: 2 locID: 102656601978241462 bcsId: 1240} | ret=SUCCESS |  
2019-08-21 19:24:00,055 | INFO  | DNAudit | user=null | ip=null | op=WRITE_CHUNK {blockData=conID: 2 locID: 102656601978241462 bcsId: 1240} | ret=SUCCESS |  
2019-08-21 19:24:00,055 | INFO  | DNAudit | user=null | ip=null | op=WRITE_CHUNK {blockData=conID: 2 locID: 102656601978241462 bcsId: 1240} | ret=SUCCESS |  
2019-08-21 19:24:00,064 | INFO  | DNAudit | user=null | ip=null | op=WRITE_CHUNK {blockData=conID: 2 locID: 102656601978241462 bcsId: 1240} | ret=SUCCESS |  
2019-08-21 19:24:00,065 | INFO  | DNAudit | user=null | ip=null | op=PUT_BLOCK {blockData=[blockId=conID: 2 locID: 102656601978241462 bcsId: 0,size=3145728]} | ret=SUCCESS |  
2019-08-21 19:24:00,065 [grpc-default-executor-2] INFO  client.GrpcClientProtocolClient (GrpcClientProtocolClient.java:onNext(255)) - client-DA9582518C67->1df8bd03-73ef-4b9c-8622-5dc9d0e29c31: receive RaftClientReply:client-DA9582518C67->1df8bd03-73ef-4b9c-8622-5dc9d0e29c31@group-F45402591F47, cid=954, SUCCESS, logIndex=1244, commits[1df8bd03-73ef-4b9c-8622-5dc9d0e29c31:c1245, 12aca755-ada5-42df-801b-c61f99d8e8b8:c1243, a308b8bf-0324-43a1-a87f-1e10a96e3042:c1243]
2019-08-21 19:24:00,066 [grpc-default-executor-2] INFO  client.GrpcClientProtocolClient (GrpcClientProtocolClient.java:onNext(255)) - client-DA9582518C67->1df8bd03-73ef-4b9c-8622-5dc9d0e29c31: receive RaftClientReply:client-DA9582518C67->1df8bd03-73ef-4b9c-8622-5dc9d0e29c31@group-F45402591F47, cid=955, SUCCESS, logIndex=1245, commits[1df8bd03-73ef-4b9c-8622-5dc9d0e29c31:c1245, 12aca755-ada5-42df-801b-c61f99d8e8b8:c1243, a308b8bf-0324-43a1-a87f-1e10a96e3042:c1243]
2019-08-21 19:24:00,071 | INFO  | DNAudit | user=null | ip=null | op=WRITE_CHUNK {blockData=conID: 2 locID: 102656601978241462 bcsId: 1245} | ret=SUCCESS |  
2019-08-21 19:24:00,075 | INFO  | DNAudit | user=null | ip=null | op=WRITE_CHUNK {blockData=conID: 2 locID: 102656601978241462 bcsId: 1245} | ret=SUCCESS |  
2019-08-21 19:24:00,075 | INFO  | DNAudit | user=null | ip=null | op=WRITE_CHUNK {blockData=conID: 2 locID: 102656601978241462 bcsId: 1245} | ret=SUCCESS |  
2019-08-21 19:24:00,076 | INFO  | DNAudit | user=null | ip=null | op=WRITE_CHUNK {blockData=conID: 2 locID: 102656601978241462 bcsId: 1240} | ret=SUCCESS |  
2019-08-21 19:24:00,076 | INFO  | DNAudit | user=null | ip=null | op=WRITE_CHUNK {blockData=conID: 2 locID: 102656601978241462 bcsId: 1240} | ret=SUCCESS |  
2019-08-21 19:24:00,076 | INFO  | DNAudit | user=null | ip=null | op=PUT_BLOCK {blockData=[blockId=conID: 2 locID: 102656601978241462 bcsId: 0,size=3145728]} | ret=SUCCESS |  
2019-08-21 19:24:00,076 | INFO  | DNAudit | user=null | ip=null | op=PUT_BLOCK {blockData=[blockId=conID: 2 locID: 102656601978241462 bcsId: 0,size=3145728]} | ret=SUCCESS |  
2019-08-21 19:24:00,079 | INFO  | DNAudit | user=null | ip=null | op=WRITE_CHUNK {blockData=conID: 2 locID: 102656601978241462 bcsId: 1245} | ret=SUCCESS |  
2019-08-21 19:24:00,080 | INFO  | DNAudit | user=null | ip=null | op=PUT_BLOCK {blockData=[blockId=conID: 2 locID: 102656601978241462 bcsId: 0,size=4194304]} | ret=SUCCESS |  
2019-08-21 19:24:00,080 [grpc-default-executor-2] INFO  client.GrpcClientProtocolClient (GrpcClientProtocolClient.java:onNext(255)) - client-DA9582518C67->1df8bd03-73ef-4b9c-8622-5dc9d0e29c31: receive RaftClientReply:client-DA9582518C67->1df8bd03-73ef-4b9c-8622-5dc9d0e29c31@group-F45402591F47, cid=956, SUCCESS, logIndex=1248, commits[1df8bd03-73ef-4b9c-8622-5dc9d0e29c31:c1249, 12aca755-ada5-42df-801b-c61f99d8e8b8:c1245, a308b8bf-0324-43a1-a87f-1e10a96e3042:c1245]
2019-08-21 19:24:00,080 [grpc-default-executor-2] INFO  client.GrpcClientProtocolClient (GrpcClientProtocolClient.java:onNext(255)) - client-DA9582518C67->1df8bd03-73ef-4b9c-8622-5dc9d0e29c31: receive RaftClientReply:client-DA9582518C67->1df8bd03-73ef-4b9c-8622-5dc9d0e29c31@group-F45402591F47, cid=957, SUCCESS, logIndex=1249, commits[1df8bd03-73ef-4b9c-8622-5dc9d0e29c31:c1249, 12aca755-ada5-42df-801b-c61f99d8e8b8:c1245, a308b8bf-0324-43a1-a87f-1e10a96e3042:c1245]
2019-08-21 19:24:00,091 | INFO  | DNAudit | user=null | ip=null | op=WRITE_CHUNK {blockData=conID: 2 locID: 102656601978241462 bcsId: 1245} | ret=SUCCESS |  
2019-08-21 19:24:00,091 | INFO  | DNAudit | user=null | ip=null | op=WRITE_CHUNK {blockData=conID: 2 locID: 102656601978241462 bcsId: 1245} | ret=SUCCESS |  
2019-08-21 19:24:00,091 | INFO  | DNAudit | user=null | ip=null | op=PUT_BLOCK {blockData=[blockId=conID: 2 locID: 102656601978241462 bcsId: 0,size=4194304]} | ret=SUCCESS |  
2019-08-21 19:24:00,092 | INFO  | DNAudit | user=null | ip=null | op=PUT_BLOCK {blockData=[blockId=conID: 2 locID: 102656601978241462 bcsId: 0,size=4194304]} | ret=SUCCESS |  
2019-08-21 19:24:00,092 [grpc-default-executor-5] INFO  client.GrpcClientProtocolClient (GrpcClientProtocolClient.java:onNext(255)) - client-DA9582518C67->1df8bd03-73ef-4b9c-8622-5dc9d0e29c31: receive RaftClientReply:client-DA9582518C67->1df8bd03-73ef-4b9c-8622-5dc9d0e29c31@group-F45402591F47, cid=958, SUCCESS, logIndex=0, commits[1df8bd03-73ef-4b9c-8622-5dc9d0e29c31:c1250, 12aca755-ada5-42df-801b-c61f99d8e8b8:c1249, a308b8bf-0324-43a1-a87f-1e10a96e3042:c1249]
2019-08-21 19:24:00,097 | INFO  | DNAudit | user=null | ip=null | op=WRITE_CHUNK {blockData=conID: 3 locID: 102656601978241463 bcsId: 0} | ret=SUCCESS |  
2019-08-21 19:24:00,099 | INFO  | DNAudit | user=null | ip=null | op=WRITE_CHUNK {blockData=conID: 3 locID: 102656601978241463 bcsId: 0} | ret=SUCCESS |  
2019-08-21 19:24:00,101 | INFO  | DNAudit | user=null | ip=null | op=WRITE_CHUNK {blockData=conID: 3 locID: 102656601978241463 bcsId: 0} | ret=SUCCESS |  
2019-08-21 19:24:00,101 | INFO  | DNAudit | user=null | ip=null | op=WRITE_CHUNK {blockData=conID: 3 locID: 102656601978241463 bcsId: 0} | ret=SUCCESS |  
2019-08-21 19:24:00,103 | INFO  | DNAudit | user=null | ip=null | op=WRITE_CHUNK {blockData=conID: 3 locID: 102656601978241463 bcsId: 0} | ret=SUCCESS |  
2019-08-21 19:24:00,104 | INFO  | DNAudit | user=null | ip=null | op=WRITE_CHUNK {blockData=conID: 3 locID: 102656601978241463 bcsId: 0} | ret=SUCCESS |  
2019-08-21 19:24:00,108 | INFO  | DNAudit | user=null | ip=null | op=WRITE_CHUNK {blockData=conID: 3 locID: 102656601978241463 bcsId: 0} | ret=SUCCESS |  
2019-08-21 19:24:00,109 | INFO  | DNAudit | user=null | ip=null | op=PUT_BLOCK {blockData=[blockId=conID: 3 locID: 102656601978241463 bcsId: 0,size=1048576]} | ret=SUCCESS |  
2019-08-21 19:24:00,109 [grpc-default-executor-5] INFO  client.GrpcClientProtocolClient (GrpcClientProtocolClient.java:onNext(255)) - client-DA9582518C67->1df8bd03-73ef-4b9c-8622-5dc9d0e29c31: receive RaftClientReply:client-DA9582518C67->1df8bd03-73ef-4b9c-8622-5dc9d0e29c31@group-F45402591F47, cid=959, SUCCESS, logIndex=1252, commits[1df8bd03-73ef-4b9c-8622-5dc9d0e29c31:c1253, 12aca755-ada5-42df-801b-c61f99d8e8b8:c1251, a308b8bf-0324-43a1-a87f-1e10a96e3042:c1251]
2019-08-21 19:24:00,109 | INFO  | DNAudit | user=null | ip=null | op=WRITE_CHUNK {blockData=conID: 3 locID: 102656601978241463 bcsId: 0} | ret=SUCCESS |  
2019-08-21 19:24:00,109 [grpc-default-executor-5] INFO  client.GrpcClientProtocolClient (GrpcClientProtocolClient.java:onNext(255)) - client-DA9582518C67->1df8bd03-73ef-4b9c-8622-5dc9d0e29c31: receive RaftClientReply:client-DA9582518C67->1df8bd03-73ef-4b9c-8622-5dc9d0e29c31@group-F45402591F47, cid=960, SUCCESS, logIndex=1253, commits[1df8bd03-73ef-4b9c-8622-5dc9d0e29c31:c1255, 12aca755-ada5-42df-801b-c61f99d8e8b8:c1251, a308b8bf-0324-43a1-a87f-1e10a96e3042:c1251]
2019-08-21 19:24:00,109 | INFO  | DNAudit | user=null | ip=null | op=PUT_BLOCK {blockData=[blockId=conID: 3 locID: 102656601978241463 bcsId: 0,size=2097152]} | ret=SUCCESS |  
2019-08-21 19:24:00,109 [grpc-default-executor-5] INFO  client.GrpcClientProtocolClient (GrpcClientProtocolClient.java:onNext(255)) - client-DA9582518C67->1df8bd03-73ef-4b9c-8622-5dc9d0e29c31: receive RaftClientReply:client-DA9582518C67->1df8bd03-73ef-4b9c-8622-5dc9d0e29c31@group-F45402591F47, cid=961, SUCCESS, logIndex=1254, commits[1df8bd03-73ef-4b9c-8622-5dc9d0e29c31:c1255, 12aca755-ada5-42df-801b-c61f99d8e8b8:c1251, a308b8bf-0324-43a1-a87f-1e10a96e3042:c1251]
2019-08-21 19:24:00,110 [grpc-default-executor-5] INFO  client.GrpcClientProtocolClient (GrpcClientProtocolClient.java:onNext(255)) - client-DA9582518C67->1df8bd03-73ef-4b9c-8622-5dc9d0e29c31: receive RaftClientReply:client-DA9582518C67->1df8bd03-73ef-4b9c-8622-5dc9d0e29c31@group-F45402591F47, cid=962, SUCCESS, logIndex=1255, commits[1df8bd03-73ef-4b9c-8622-5dc9d0e29c31:c1255, 12aca755-ada5-42df-801b-c61f99d8e8b8:c1251, a308b8bf-0324-43a1-a87f-1e10a96e3042:c1251]
2019-08-21 19:24:00,122 | INFO  | DNAudit | user=null | ip=null | op=WRITE_CHUNK {blockData=conID: 3 locID: 102656601978241463 bcsId: 0} | ret=SUCCESS |  
2019-08-21 19:24:00,122 | INFO  | DNAudit | user=null | ip=null | op=PUT_BLOCK {blockData=[blockId=conID: 3 locID: 102656601978241463 bcsId: 0,size=1048576]} | ret=SUCCESS |  
2019-08-21 19:24:00,124 | INFO  | DNAudit | user=null | ip=null | op=WRITE_CHUNK {blockData=conID: 3 locID: 102656601978241463 bcsId: 0} | ret=SUCCESS |  
2019-08-21 19:24:00,124 | INFO  | DNAudit | user=null | ip=null | op=PUT_BLOCK {blockData=[blockId=conID: 3 locID: 102656601978241463 bcsId: 0,size=1048576]} | ret=SUCCESS |  
2019-08-21 19:24:00,124 | INFO  | DNAudit | user=null | ip=null | op=WRITE_CHUNK {blockData=conID: 3 locID: 102656601978241463 bcsId: 0} | ret=SUCCESS |  
2019-08-21 19:24:00,124 | INFO  | DNAudit | user=null | ip=null | op=PUT_BLOCK {blockData=[blockId=conID: 3 locID: 102656601978241463 bcsId: 0,size=2097152]} | ret=SUCCESS |  
2019-08-21 19:24:00,124 [grpc-default-executor-0] INFO  client.GrpcClientProtocolClient (GrpcClientProtocolClient.java:onNext(255)) - client-DA9582518C67->1df8bd03-73ef-4b9c-8622-5dc9d0e29c31: receive RaftClientReply:client-DA9582518C67->1df8bd03-73ef-4b9c-8622-5dc9d0e29c31@group-F45402591F47, cid=963, SUCCESS, logIndex=0, commits[1df8bd03-73ef-4b9c-8622-5dc9d0e29c31:c1257, 12aca755-ada5-42df-801b-c61f99d8e8b8:c1253, a308b8bf-0324-43a1-a87f-1e10a96e3042:c1253]
2019-08-21 19:24:00,130 | INFO  | DNAudit | user=null | ip=null | op=WRITE_CHUNK {blockData=conID: 3 locID: 102656601978241463 bcsId: 1255} | ret=SUCCESS |  
2019-08-21 19:24:00,133 | INFO  | DNAudit | user=null | ip=null | op=WRITE_CHUNK {blockData=conID: 3 locID: 102656601978241463 bcsId: 1255} | ret=SUCCESS |  
2019-08-21 19:24:00,134 | INFO  | DNAudit | user=null | ip=null | op=WRITE_CHUNK {blockData=conID: 3 locID: 102656601978241463 bcsId: 1255} | ret=SUCCESS |  
2019-08-21 19:24:00,135 | INFO  | DNAudit | user=null | ip=null | op=WRITE_CHUNK {blockData=conID: 3 locID: 102656601978241463 bcsId: 0} | ret=SUCCESS |  
2019-08-21 19:24:00,135 | INFO  | DNAudit | user=null | ip=null | op=PUT_BLOCK {blockData=[blockId=conID: 3 locID: 102656601978241463 bcsId: 0,size=2097152]} | ret=SUCCESS |  
2019-08-21 19:24:00,138 | INFO  | DNAudit | user=null | ip=null | op=WRITE_CHUNK {blockData=conID: 3 locID: 102656601978241463 bcsId: 1255} | ret=SUCCESS |  
2019-08-21 19:24:00,138 | INFO  | DNAudit | user=null | ip=null | op=PUT_BLOCK {blockData=[blockId=conID: 3 locID: 102656601978241463 bcsId: 0,size=3145728]} | ret=SUCCESS |  
2019-08-21 19:24:00,138 [grpc-default-executor-5] INFO  client.GrpcClientProtocolClient (GrpcClientProtocolClient.java:onNext(255)) - client-DA9582518C67->1df8bd03-73ef-4b9c-8622-5dc9d0e29c31: receive RaftClientReply:client-DA9582518C67->1df8bd03-73ef-4b9c-8622-5dc9d0e29c31@group-F45402591F47, cid=964, SUCCESS, logIndex=1260, commits[1df8bd03-73ef-4b9c-8622-5dc9d0e29c31:c1261, 12aca755-ada5-42df-801b-c61f99d8e8b8:c1255, a308b8bf-0324-43a1-a87f-1e10a96e3042:c1259]
2019-08-21 19:24:00,138 [grpc-default-executor-5] INFO  client.GrpcClientProtocolClient (GrpcClientProtocolClient.java:onNext(255)) - client-DA9582518C67->1df8bd03-73ef-4b9c-8622-5dc9d0e29c31: receive RaftClientReply:client-DA9582518C67->1df8bd03-73ef-4b9c-8622-5dc9d0e29c31@group-F45402591F47, cid=965, SUCCESS, logIndex=1261, commits[1df8bd03-73ef-4b9c-8622-5dc9d0e29c31:c1261, 12aca755-ada5-42df-801b-c61f99d8e8b8:c1255, a308b8bf-0324-43a1-a87f-1e10a96e3042:c1259]
2019-08-21 19:24:00,144 | INFO  | DNAudit | user=null | ip=null | op=WRITE_CHUNK {blockData=conID: 3 locID: 102656601978241463 bcsId: 1261} | ret=SUCCESS |  
2019-08-21 19:24:00,147 | INFO  | DNAudit | user=null | ip=null | op=WRITE_CHUNK {blockData=conID: 3 locID: 102656601978241463 bcsId: 1261} | ret=SUCCESS |  
2019-08-21 19:24:00,147 | INFO  | DNAudit | user=null | ip=null | op=WRITE_CHUNK {blockData=conID: 3 locID: 102656601978241463 bcsId: 1261} | ret=SUCCESS |  
2019-08-21 19:24:00,150 | INFO  | DNAudit | user=null | ip=null | op=WRITE_CHUNK {blockData=conID: 3 locID: 102656601978241463 bcsId: 1255} | ret=SUCCESS |  
2019-08-21 19:24:00,150 | INFO  | DNAudit | user=null | ip=null | op=PUT_BLOCK {blockData=[blockId=conID: 3 locID: 102656601978241463 bcsId: 0,size=3145728]} | ret=SUCCESS |  
2019-08-21 19:24:00,161 | INFO  | DNAudit | user=null | ip=null | op=WRITE_CHUNK {blockData=conID: 3 locID: 102656601978241463 bcsId: 1255} | ret=SUCCESS |  
2019-08-21 19:24:00,162 | INFO  | DNAudit | user=null | ip=null | op=PUT_BLOCK {blockData=[blockId=conID: 3 locID: 102656601978241463 bcsId: 0,size=3145728]} | ret=SUCCESS |  
2019-08-21 19:24:00,162 | INFO  | DNAudit | user=null | ip=null | op=WRITE_CHUNK {blockData=conID: 3 locID: 102656601978241463 bcsId: 1261} | ret=SUCCESS |  
2019-08-21 19:24:00,162 | INFO  | DNAudit | user=null | ip=null | op=PUT_BLOCK {blockData=[blockId=conID: 3 locID: 102656601978241463 bcsId: 0,size=4194304]} | ret=SUCCESS |  
2019-08-21 19:24:00,162 [grpc-default-executor-0] INFO  client.GrpcClientProtocolClient (GrpcClientProtocolClient.java:onNext(255)) - client-DA9582518C67->1df8bd03-73ef-4b9c-8622-5dc9d0e29c31: receive RaftClientReply:client-DA9582518C67->1df8bd03-73ef-4b9c-8622-5dc9d0e29c31@group-F45402591F47, cid=966, SUCCESS, logIndex=1264, commits[1df8bd03-73ef-4b9c-8622-5dc9d0e29c31:c1265, 12aca755-ada5-42df-801b-c61f99d8e8b8:c1261, a308b8bf-0324-43a1-a87f-1e10a96e3042:c1261]
2019-08-21 19:24:00,163 [grpc-default-executor-0] INFO  client.GrpcClientProtocolClient (GrpcClientProtocolClient.java:onNext(255)) - client-DA9582518C67->1df8bd03-73ef-4b9c-8622-5dc9d0e29c31: receive RaftClientReply:client-DA9582518C67->1df8bd03-73ef-4b9c-8622-5dc9d0e29c31@group-F45402591F47, cid=967, SUCCESS, logIndex=1265, commits[1df8bd03-73ef-4b9c-8622-5dc9d0e29c31:c1265, 12aca755-ada5-42df-801b-c61f99d8e8b8:c1261, a308b8bf-0324-43a1-a87f-1e10a96e3042:c1261]
2019-08-21 19:24:00,165 | INFO  | DNAudit | user=null | ip=null | op=WRITE_CHUNK {blockData=conID: 3 locID: 102656601978241463 bcsId: 1261} | ret=SUCCESS |  
2019-08-21 19:24:00,165 | INFO  | DNAudit | user=null | ip=null | op=WRITE_CHUNK {blockData=conID: 3 locID: 102656601978241463 bcsId: 1261} | ret=SUCCESS |  
2019-08-21 19:24:00,165 | INFO  | DNAudit | user=null | ip=null | op=PUT_BLOCK {blockData=[blockId=conID: 3 locID: 102656601978241463 bcsId: 0,size=4194304]} | ret=SUCCESS |  
2019-08-21 19:24:00,165 | INFO  | DNAudit | user=null | ip=null | op=PUT_BLOCK {blockData=[blockId=conID: 3 locID: 102656601978241463 bcsId: 0,size=4194304]} | ret=SUCCESS |  
2019-08-21 19:24:00,165 [grpc-default-executor-5] INFO  client.GrpcClientProtocolClient (GrpcClientProtocolClient.java:onNext(255)) - client-DA9582518C67->1df8bd03-73ef-4b9c-8622-5dc9d0e29c31: receive RaftClientReply:client-DA9582518C67->1df8bd03-73ef-4b9c-8622-5dc9d0e29c31@group-F45402591F47, cid=968, SUCCESS, logIndex=0, commits[1df8bd03-73ef-4b9c-8622-5dc9d0e29c31:c1266, 12aca755-ada5-42df-801b-c61f99d8e8b8:c1265, a308b8bf-0324-43a1-a87f-1e10a96e3042:c1265]
2019-08-21 19:24:00,171 | INFO  | DNAudit | user=null | ip=null | op=WRITE_CHUNK {blockData=conID: 1 locID: 102656601978241464 bcsId: 0} | ret=SUCCESS |  
2019-08-21 19:24:00,174 | INFO  | DNAudit | user=null | ip=null | op=WRITE_CHUNK {blockData=conID: 1 locID: 102656601978241464 bcsId: 0} | ret=SUCCESS |  
2019-08-21 19:24:00,174 | INFO  | DNAudit | user=null | ip=null | op=WRITE_CHUNK {blockData=conID: 1 locID: 102656601978241464 bcsId: 0} | ret=SUCCESS |  
2019-08-21 19:24:00,175 | INFO  | DNAudit | user=null | ip=null | op=WRITE_CHUNK {blockData=conID: 1 locID: 102656601978241464 bcsId: 0} | ret=SUCCESS |  
2019-08-21 19:24:00,176 | INFO  | DNAudit | user=null | ip=null | op=WRITE_CHUNK {blockData=conID: 1 locID: 102656601978241464 bcsId: 0} | ret=SUCCESS |  
2019-08-21 19:24:00,177 | INFO  | DNAudit | user=null | ip=null | op=WRITE_CHUNK {blockData=conID: 1 locID: 102656601978241464 bcsId: 0} | ret=SUCCESS |  
2019-08-21 19:24:00,180 | INFO  | DNAudit | user=null | ip=null | op=WRITE_CHUNK {blockData=conID: 1 locID: 102656601978241464 bcsId: 0} | ret=SUCCESS |  
2019-08-21 19:24:00,180 | INFO  | DNAudit | user=null | ip=null | op=PUT_BLOCK {blockData=[blockId=conID: 1 locID: 102656601978241464 bcsId: 0,size=1048576]} | ret=SUCCESS |  
2019-08-21 19:24:00,181 | INFO  | DNAudit | user=null | ip=null | op=WRITE_CHUNK {blockData=conID: 1 locID: 102656601978241464 bcsId: 0} | ret=SUCCESS |  
2019-08-21 19:24:00,180 [grpc-default-executor-0] INFO  client.GrpcClientProtocolClient (GrpcClientProtocolClient.java:onNext(255)) - client-DA9582518C67->1df8bd03-73ef-4b9c-8622-5dc9d0e29c31: receive RaftClientReply:client-DA9582518C67->1df8bd03-73ef-4b9c-8622-5dc9d0e29c31@group-F45402591F47, cid=969, SUCCESS, logIndex=1268, commits[1df8bd03-73ef-4b9c-8622-5dc9d0e29c31:c1271, 12aca755-ada5-42df-801b-c61f99d8e8b8:c1265, a308b8bf-0324-43a1-a87f-1e10a96e3042:c1266]
2019-08-21 19:24:00,181 | INFO  | DNAudit | user=null | ip=null | op=PUT_BLOCK {blockData=[blockId=conID: 1 locID: 102656601978241464 bcsId: 0,size=2097152]} | ret=SUCCESS |  
2019-08-21 19:24:00,181 [grpc-default-executor-0] INFO  client.GrpcClientProtocolClient (GrpcClientProtocolClient.java:onNext(255)) - client-DA9582518C67->1df8bd03-73ef-4b9c-8622-5dc9d0e29c31: receive RaftClientReply:client-DA9582518C67->1df8bd03-73ef-4b9c-8622-5dc9d0e29c31@group-F45402591F47, cid=970, SUCCESS, logIndex=1269, commits[1df8bd03-73ef-4b9c-8622-5dc9d0e29c31:c1271, 12aca755-ada5-42df-801b-c61f99d8e8b8:c1265, a308b8bf-0324-43a1-a87f-1e10a96e3042:c1266]
2019-08-21 19:24:00,181 [grpc-default-executor-0] INFO  client.GrpcClientProtocolClient (GrpcClientProtocolClient.java:onNext(255)) - client-DA9582518C67->1df8bd03-73ef-4b9c-8622-5dc9d0e29c31: receive RaftClientReply:client-DA9582518C67->1df8bd03-73ef-4b9c-8622-5dc9d0e29c31@group-F45402591F47, cid=971, SUCCESS, logIndex=1270, commits[1df8bd03-73ef-4b9c-8622-5dc9d0e29c31:c1271, 12aca755-ada5-42df-801b-c61f99d8e8b8:c1265, a308b8bf-0324-43a1-a87f-1e10a96e3042:c1266]
2019-08-21 19:24:00,181 [grpc-default-executor-0] INFO  client.GrpcClientProtocolClient (GrpcClientProtocolClient.java:onNext(255)) - client-DA9582518C67->1df8bd03-73ef-4b9c-8622-5dc9d0e29c31: receive RaftClientReply:client-DA9582518C67->1df8bd03-73ef-4b9c-8622-5dc9d0e29c31@group-F45402591F47, cid=972, SUCCESS, logIndex=1271, commits[1df8bd03-73ef-4b9c-8622-5dc9d0e29c31:c1271, 12aca755-ada5-42df-801b-c61f99d8e8b8:c1265, a308b8bf-0324-43a1-a87f-1e10a96e3042:c1266]
2019-08-21 19:24:00,190 | INFO  | SCMAudit | user=jenkins1000 | ip=192.168.69.88 | op=SEND_HEARTBEAT {datanodeUUID=cfaf9666-ca64-459e-bd34-ff7c349f752a, command=[]} | ret=SUCCESS |  
2019-08-21 19:24:00,190 | INFO  | DNAudit | user=null | ip=null | op=WRITE_CHUNK {blockData=conID: 1 locID: 102656601978241464 bcsId: 0} | ret=SUCCESS |  
2019-08-21 19:24:00,191 | INFO  | DNAudit | user=null | ip=null | op=PUT_BLOCK {blockData=[blockId=conID: 1 locID: 102656601978241464 bcsId: 0,size=1048576]} | ret=SUCCESS |  
2019-08-21 19:24:00,200 | INFO  | DNAudit | user=null | ip=null | op=WRITE_CHUNK {blockData=conID: 1 locID: 102656601978241464 bcsId: 0} | ret=SUCCESS |  
2019-08-21 19:24:00,200 | INFO  | DNAudit | user=null | ip=null | op=PUT_BLOCK {blockData=[blockId=conID: 1 locID: 102656601978241464 bcsId: 0,size=1048576]} | ret=SUCCESS |  
2019-08-21 19:24:00,200 [grpc-default-executor-0] INFO  client.GrpcClientProtocolClient (GrpcClientProtocolClient.java:onNext(255)) - client-DA9582518C67->1df8bd03-73ef-4b9c-8622-5dc9d0e29c31: receive RaftClientReply:client-DA9582518C67->1df8bd03-73ef-4b9c-8622-5dc9d0e29c31@group-F45402591F47, cid=973, SUCCESS, logIndex=0, commits[1df8bd03-73ef-4b9c-8622-5dc9d0e29c31:c1272, 12aca755-ada5-42df-801b-c61f99d8e8b8:c1269, a308b8bf-0324-43a1-a87f-1e10a96e3042:c1269]
2019-08-21 19:24:00,200 | INFO  | DNAudit | user=null | ip=null | op=WRITE_CHUNK {blockData=conID: 1 locID: 102656601978241464 bcsId: 0} | ret=SUCCESS |  
2019-08-21 19:24:00,200 | INFO  | DNAudit | user=null | ip=null | op=PUT_BLOCK {blockData=[blockId=conID: 1 locID: 102656601978241464 bcsId: 0,size=2097152]} | ret=SUCCESS |  
2019-08-21 19:24:00,201 | INFO  | DNAudit | user=null | ip=null | op=WRITE_CHUNK {blockData=conID: 1 locID: 102656601978241464 bcsId: 0} | ret=SUCCESS |  
2019-08-21 19:24:00,202 | INFO  | DNAudit | user=null | ip=null | op=PUT_BLOCK {blockData=[blockId=conID: 1 locID: 102656601978241464 bcsId: 0,size=2097152]} | ret=SUCCESS |  
2019-08-21 19:24:00,205 | INFO  | DNAudit | user=null | ip=null | op=WRITE_CHUNK {blockData=conID: 1 locID: 102656601978241464 bcsId: 1271} | ret=SUCCESS |  
2019-08-21 19:24:00,208 | INFO  | DNAudit | user=null | ip=null | op=WRITE_CHUNK {blockData=conID: 1 locID: 102656601978241464 bcsId: 1271} | ret=SUCCESS |  
2019-08-21 19:24:00,209 | INFO  | DNAudit | user=null | ip=null | op=WRITE_CHUNK {blockData=conID: 1 locID: 102656601978241464 bcsId: 1271} | ret=SUCCESS |  
2019-08-21 19:24:00,218 | INFO  | DNAudit | user=null | ip=null | op=WRITE_CHUNK {blockData=conID: 1 locID: 102656601978241464 bcsId: 1271} | ret=SUCCESS |  
2019-08-21 19:24:00,218 | INFO  | DNAudit | user=null | ip=null | op=PUT_BLOCK {blockData=[blockId=conID: 1 locID: 102656601978241464 bcsId: 0,size=3145728]} | ret=SUCCESS |  
2019-08-21 19:24:00,219 [grpc-default-executor-0] INFO  client.GrpcClientProtocolClient (GrpcClientProtocolClient.java:onNext(255)) - client-DA9582518C67->1df8bd03-73ef-4b9c-8622-5dc9d0e29c31: receive RaftClientReply:client-DA9582518C67->1df8bd03-73ef-4b9c-8622-5dc9d0e29c31@group-F45402591F47, cid=974, SUCCESS, logIndex=1276, commits[1df8bd03-73ef-4b9c-8622-5dc9d0e29c31:c1277, 12aca755-ada5-42df-801b-c61f99d8e8b8:c1275, a308b8bf-0324-43a1-a87f-1e10a96e3042:c1275]
2019-08-21 19:24:00,219 [grpc-default-executor-0] INFO  client.GrpcClientProtocolClient (GrpcClientProtocolClient.java:onNext(255)) - client-DA9582518C67->1df8bd03-73ef-4b9c-8622-5dc9d0e29c31: receive RaftClientReply:client-DA9582518C67->1df8bd03-73ef-4b9c-8622-5dc9d0e29c31@group-F45402591F47, cid=975, SUCCESS, logIndex=1277, commits[1df8bd03-73ef-4b9c-8622-5dc9d0e29c31:c1277, 12aca755-ada5-42df-801b-c61f99d8e8b8:c1275, a308b8bf-0324-43a1-a87f-1e10a96e3042:c1275]
2019-08-21 19:24:00,224 | INFO  | DNAudit | user=null | ip=null | op=WRITE_CHUNK {blockData=conID: 1 locID: 102656601978241464 bcsId: 1277} | ret=SUCCESS |  
2019-08-21 19:24:00,227 | INFO  | DNAudit | user=null | ip=null | op=WRITE_CHUNK {blockData=conID: 1 locID: 102656601978241464 bcsId: 1277} | ret=SUCCESS |  
2019-08-21 19:24:00,227 | INFO  | DNAudit | user=null | ip=null | op=WRITE_CHUNK {blockData=conID: 1 locID: 102656601978241464 bcsId: 1277} | ret=SUCCESS |  
2019-08-21 19:24:00,229 | INFO  | DNAudit | user=null | ip=null | op=WRITE_CHUNK {blockData=conID: 1 locID: 102656601978241464 bcsId: 1271} | ret=SUCCESS |  
2019-08-21 19:24:00,229 | INFO  | DNAudit | user=null | ip=null | op=WRITE_CHUNK {blockData=conID: 1 locID: 102656601978241464 bcsId: 1271} | ret=SUCCESS |  
2019-08-21 19:24:00,230 | INFO  | DNAudit | user=null | ip=null | op=PUT_BLOCK {blockData=[blockId=conID: 1 locID: 102656601978241464 bcsId: 0,size=3145728]} | ret=SUCCESS |  
2019-08-21 19:24:00,230 | INFO  | DNAudit | user=null | ip=null | op=PUT_BLOCK {blockData=[blockId=conID: 1 locID: 102656601978241464 bcsId: 0,size=3145728]} | ret=SUCCESS |  
2019-08-21 19:24:00,334 | INFO  | DNAudit | user=null | ip=null | op=WRITE_CHUNK {blockData=conID: 1 locID: 102656601978241464 bcsId: 1277} | ret=SUCCESS |  
2019-08-21 19:24:00,334 | INFO  | DNAudit | user=null | ip=null | op=PUT_BLOCK {blockData=[blockId=conID: 1 locID: 102656601978241464 bcsId: 0,size=4194304]} | ret=SUCCESS |  
2019-08-21 19:24:00,339 [grpc-default-executor-0] INFO  client.GrpcClientProtocolClient (GrpcClientProtocolClient.java:onNext(255)) - client-DA9582518C67->1df8bd03-73ef-4b9c-8622-5dc9d0e29c31: receive RaftClientReply:client-DA9582518C67->1df8bd03-73ef-4b9c-8622-5dc9d0e29c31@group-F45402591F47, cid=976, SUCCESS, logIndex=1280, commits[1df8bd03-73ef-4b9c-8622-5dc9d0e29c31:c1281, 12aca755-ada5-42df-801b-c61f99d8e8b8:c1277, a308b8bf-0324-43a1-a87f-1e10a96e3042:c1277]
2019-08-21 19:24:00,339 [grpc-default-executor-0] INFO  client.GrpcClientProtocolClient (GrpcClientProtocolClient.java:onNext(255)) - client-DA9582518C67->1df8bd03-73ef-4b9c-8622-5dc9d0e29c31: receive RaftClientReply:client-DA9582518C67->1df8bd03-73ef-4b9c-8622-5dc9d0e29c31@group-F45402591F47, cid=977, SUCCESS, logIndex=1281, commits[1df8bd03-73ef-4b9c-8622-5dc9d0e29c31:c1281, 12aca755-ada5-42df-801b-c61f99d8e8b8:c1277, a308b8bf-0324-43a1-a87f-1e10a96e3042:c1277]
2019-08-21 19:24:00,347 | INFO  | DNAudit | user=null | ip=null | op=WRITE_CHUNK {blockData=conID: 1 locID: 102656601978241464 bcsId: 1277} | ret=SUCCESS |  
2019-08-21 19:24:00,347 | INFO  | DNAudit | user=null | ip=null | op=WRITE_CHUNK {blockData=conID: 1 locID: 102656601978241464 bcsId: 1277} | ret=SUCCESS |  
2019-08-21 19:24:00,347 | INFO  | DNAudit | user=null | ip=null | op=PUT_BLOCK {blockData=[blockId=conID: 1 locID: 102656601978241464 bcsId: 0,size=4194304]} | ret=SUCCESS |  
2019-08-21 19:24:00,347 | INFO  | DNAudit | user=null | ip=null | op=PUT_BLOCK {blockData=[blockId=conID: 1 locID: 102656601978241464 bcsId: 0,size=4194304]} | ret=SUCCESS |  
2019-08-21 19:24:00,348 [grpc-default-executor-6] INFO  client.GrpcClientProtocolClient (GrpcClientProtocolClient.java:onNext(255)) - client-DA9582518C67->1df8bd03-73ef-4b9c-8622-5dc9d0e29c31: receive RaftClientReply:client-DA9582518C67->1df8bd03-73ef-4b9c-8622-5dc9d0e29c31@group-F45402591F47, cid=978, SUCCESS, logIndex=0, commits[1df8bd03-73ef-4b9c-8622-5dc9d0e29c31:c1281, 12aca755-ada5-42df-801b-c61f99d8e8b8:c1281, a308b8bf-0324-43a1-a87f-1e10a96e3042:c1281]
2019-08-21 19:24:00,355 | INFO  | DNAudit | user=null | ip=null | op=WRITE_CHUNK {blockData=conID: 2 locID: 102656601978241465 bcsId: 0} | ret=SUCCESS |  
2019-08-21 19:24:00,358 | INFO  | DNAudit | user=null | ip=null | op=WRITE_CHUNK {blockData=conID: 2 locID: 102656601978241465 bcsId: 0} | ret=SUCCESS |  
2019-08-21 19:24:00,358 | INFO  | DNAudit | user=null | ip=null | op=WRITE_CHUNK {blockData=conID: 2 locID: 102656601978241465 bcsId: 0} | ret=SUCCESS |  
2019-08-21 19:24:00,359 | INFO  | DNAudit | user=null | ip=null | op=WRITE_CHUNK {blockData=conID: 2 locID: 102656601978241465 bcsId: 0} | ret=SUCCESS |  
2019-08-21 19:24:00,361 | INFO  | DNAudit | user=null | ip=null | op=WRITE_CHUNK {blockData=conID: 2 locID: 102656601978241465 bcsId: 0} | ret=SUCCESS |  
2019-08-21 19:24:00,361 | INFO  | DNAudit | user=null | ip=null | op=WRITE_CHUNK {blockData=conID: 2 locID: 102656601978241465 bcsId: 0} | ret=SUCCESS |  
2019-08-21 19:24:00,369 | INFO  | DNAudit | user=null | ip=null | op=WRITE_CHUNK {blockData=conID: 2 locID: 102656601978241465 bcsId: 0} | ret=SUCCESS |  
2019-08-21 19:24:00,370 | INFO  | DNAudit | user=null | ip=null | op=PUT_BLOCK {blockData=[blockId=conID: 2 locID: 102656601978241465 bcsId: 0,size=1048576]} | ret=SUCCESS |  
2019-08-21 19:24:00,370 [grpc-default-executor-6] INFO  client.GrpcClientProtocolClient (GrpcClientProtocolClient.java:onNext(255)) - client-DA9582518C67->1df8bd03-73ef-4b9c-8622-5dc9d0e29c31: receive RaftClientReply:client-DA9582518C67->1df8bd03-73ef-4b9c-8622-5dc9d0e29c31@group-F45402591F47, cid=979, SUCCESS, logIndex=1284, commits[1df8bd03-73ef-4b9c-8622-5dc9d0e29c31:c1285, 12aca755-ada5-42df-801b-c61f99d8e8b8:c1281, a308b8bf-0324-43a1-a87f-1e10a96e3042:c1282]
2019-08-21 19:24:00,371 [grpc-default-executor-6] INFO  client.GrpcClientProtocolClient (GrpcClientProtocolClient.java:onNext(255)) - client-DA9582518C67->1df8bd03-73ef-4b9c-8622-5dc9d0e29c31: receive RaftClientReply:client-DA9582518C67->1df8bd03-73ef-4b9c-8622-5dc9d0e29c31@group-F45402591F47, cid=980, SUCCESS, logIndex=1285, commits[1df8bd03-73ef-4b9c-8622-5dc9d0e29c31:c1285, 12aca755-ada5-42df-801b-c61f99d8e8b8:c1282, a308b8bf-0324-43a1-a87f-1e10a96e3042:c1282]
2019-08-21 19:24:00,372 | INFO  | DNAudit | user=null | ip=null | op=WRITE_CHUNK {blockData=conID: 2 locID: 102656601978241465 bcsId: 0} | ret=SUCCESS |  
2019-08-21 19:24:00,372 | INFO  | DNAudit | user=null | ip=null | op=PUT_BLOCK {blockData=[blockId=conID: 2 locID: 102656601978241465 bcsId: 0,size=2097152]} | ret=SUCCESS |  
2019-08-21 19:24:00,372 [grpc-default-executor-6] INFO  client.GrpcClientProtocolClient (GrpcClientProtocolClient.java:onNext(255)) - client-DA9582518C67->1df8bd03-73ef-4b9c-8622-5dc9d0e29c31: receive RaftClientReply:client-DA9582518C67->1df8bd03-73ef-4b9c-8622-5dc9d0e29c31@group-F45402591F47, cid=981, SUCCESS, logIndex=1286, commits[1df8bd03-73ef-4b9c-8622-5dc9d0e29c31:c1287, 12aca755-ada5-42df-801b-c61f99d8e8b8:c1282, a308b8bf-0324-43a1-a87f-1e10a96e3042:c1282]
2019-08-21 19:24:00,372 [grpc-default-executor-6] INFO  client.GrpcClientProtocolClient (GrpcClientProtocolClient.java:onNext(255)) - client-DA9582518C67->1df8bd03-73ef-4b9c-8622-5dc9d0e29c31: receive RaftClientReply:client-DA9582518C67->1df8bd03-73ef-4b9c-8622-5dc9d0e29c31@group-F45402591F47, cid=982, SUCCESS, logIndex=1287, commits[1df8bd03-73ef-4b9c-8622-5dc9d0e29c31:c1287, 12aca755-ada5-42df-801b-c61f99d8e8b8:c1282, a308b8bf-0324-43a1-a87f-1e10a96e3042:c1282]
2019-08-21 19:24:00,383 | INFO  | DNAudit | user=null | ip=null | op=WRITE_CHUNK {blockData=conID: 2 locID: 102656601978241465 bcsId: 0} | ret=SUCCESS |  
2019-08-21 19:24:00,384 | INFO  | DNAudit | user=null | ip=null | op=WRITE_CHUNK {blockData=conID: 2 locID: 102656601978241465 bcsId: 0} | ret=SUCCESS |  
2019-08-21 19:24:00,384 | INFO  | DNAudit | user=null | ip=null | op=PUT_BLOCK {blockData=[blockId=conID: 2 locID: 102656601978241465 bcsId: 0,size=1048576]} | ret=SUCCESS |  
2019-08-21 19:24:00,384 | INFO  | DNAudit | user=null | ip=null | op=PUT_BLOCK {blockData=[blockId=conID: 2 locID: 102656601978241465 bcsId: 0,size=1048576]} | ret=SUCCESS |  
2019-08-21 19:24:00,384 [grpc-default-executor-2] INFO  client.GrpcClientProtocolClient (GrpcClientProtocolClient.java:onNext(255)) - client-DA9582518C67->1df8bd03-73ef-4b9c-8622-5dc9d0e29c31: receive RaftClientReply:client-DA9582518C67->1df8bd03-73ef-4b9c-8622-5dc9d0e29c31@group-F45402591F47, cid=983, SUCCESS, logIndex=0, commits[1df8bd03-73ef-4b9c-8622-5dc9d0e29c31:c1287, 12aca755-ada5-42df-801b-c61f99d8e8b8:c1285, a308b8bf-0324-43a1-a87f-1e10a96e3042:c1285]
2019-08-21 19:24:00,385 | INFO  | DNAudit | user=null | ip=null | op=WRITE_CHUNK {blockData=conID: 2 locID: 102656601978241465 bcsId: 0} | ret=SUCCESS |  
2019-08-21 19:24:00,385 | INFO  | DNAudit | user=null | ip=null | op=WRITE_CHUNK {blockData=conID: 2 locID: 102656601978241465 bcsId: 0} | ret=SUCCESS |  
2019-08-21 19:24:00,386 | INFO  | DNAudit | user=null | ip=null | op=PUT_BLOCK {blockData=[blockId=conID: 2 locID: 102656601978241465 bcsId: 0,size=2097152]} | ret=SUCCESS |  
2019-08-21 19:24:00,386 | INFO  | DNAudit | user=null | ip=null | op=PUT_BLOCK {blockData=[blockId=conID: 2 locID: 102656601978241465 bcsId: 0,size=2097152]} | ret=SUCCESS |  
2019-08-21 19:24:00,391 | INFO  | DNAudit | user=null | ip=null | op=WRITE_CHUNK {blockData=conID: 2 locID: 102656601978241465 bcsId: 1287} | ret=SUCCESS |  
2019-08-21 19:24:00,394 | INFO  | DNAudit | user=null | ip=null | op=WRITE_CHUNK {blockData=conID: 2 locID: 102656601978241465 bcsId: 1287} | ret=SUCCESS |  
2019-08-21 19:24:00,395 | INFO  | DNAudit | user=null | ip=null | op=WRITE_CHUNK {blockData=conID: 2 locID: 102656601978241465 bcsId: 1287} | ret=SUCCESS |  
2019-08-21 19:24:00,402 | INFO  | DNAudit | user=null | ip=null | op=WRITE_CHUNK {blockData=conID: 2 locID: 102656601978241465 bcsId: 1287} | ret=SUCCESS |  
2019-08-21 19:24:00,403 | INFO  | DNAudit | user=null | ip=null | op=PUT_BLOCK {blockData=[blockId=conID: 2 locID: 102656601978241465 bcsId: 0,size=3145728]} | ret=SUCCESS |  
2019-08-21 19:24:00,403 [grpc-default-executor-2] INFO  client.GrpcClientProtocolClient (GrpcClientProtocolClient.java:onNext(255)) - client-DA9582518C67->1df8bd03-73ef-4b9c-8622-5dc9d0e29c31: receive RaftClientReply:client-DA9582518C67->1df8bd03-73ef-4b9c-8622-5dc9d0e29c31@group-F45402591F47, cid=984, SUCCESS, logIndex=1291, commits[1df8bd03-73ef-4b9c-8622-5dc9d0e29c31:c1292, 12aca755-ada5-42df-801b-c61f99d8e8b8:c1290, a308b8bf-0324-43a1-a87f-1e10a96e3042:c1290]
2019-08-21 19:24:00,403 | INFO  | DNAudit | user=null | ip=null | op=WRITE_CHUNK {blockData=conID: 2 locID: 102656601978241465 bcsId: 1287} | ret=SUCCESS |  
2019-08-21 19:24:00,403 [grpc-default-executor-6] INFO  client.GrpcClientProtocolClient (GrpcClientProtocolClient.java:onNext(255)) - client-DA9582518C67->1df8bd03-73ef-4b9c-8622-5dc9d0e29c31: receive RaftClientReply:client-DA9582518C67->1df8bd03-73ef-4b9c-8622-5dc9d0e29c31@group-F45402591F47, cid=985, SUCCESS, logIndex=1292, commits[1df8bd03-73ef-4b9c-8622-5dc9d0e29c31:c1292, 12aca755-ada5-42df-801b-c61f99d8e8b8:c1290, a308b8bf-0324-43a1-a87f-1e10a96e3042:c1290]
2019-08-21 19:24:00,403 | INFO  | DNAudit | user=null | ip=null | op=PUT_BLOCK {blockData=[blockId=conID: 2 locID: 102656601978241465 bcsId: 0,size=3145728]} | ret=SUCCESS |  
2019-08-21 19:24:00,404 | INFO  | DNAudit | user=null | ip=null | op=WRITE_CHUNK {blockData=conID: 2 locID: 102656601978241465 bcsId: 1287} | ret=SUCCESS |  
2019-08-21 19:24:00,404 | INFO  | DNAudit | user=null | ip=null | op=PUT_BLOCK {blockData=[blockId=conID: 2 locID: 102656601978241465 bcsId: 0,size=3145728]} | ret=SUCCESS |  
2019-08-21 19:24:00,410 | INFO  | DNAudit | user=null | ip=null | op=WRITE_CHUNK {blockData=conID: 2 locID: 102656601978241465 bcsId: 1292} | ret=SUCCESS |  
2019-08-21 19:24:00,413 | INFO  | DNAudit | user=null | ip=null | op=WRITE_CHUNK {blockData=conID: 2 locID: 102656601978241465 bcsId: 1292} | ret=SUCCESS |  
2019-08-21 19:24:00,413 | INFO  | DNAudit | user=null | ip=null | op=WRITE_CHUNK {blockData=conID: 2 locID: 102656601978241465 bcsId: 1292} | ret=SUCCESS |  
2019-08-21 19:24:00,421 | INFO  | DNAudit | user=null | ip=null | op=WRITE_CHUNK {blockData=conID: 2 locID: 102656601978241465 bcsId: 1292} | ret=SUCCESS |  
2019-08-21 19:24:00,421 | INFO  | DNAudit | user=null | ip=null | op=PUT_BLOCK {blockData=[blockId=conID: 2 locID: 102656601978241465 bcsId: 0,size=4194304]} | ret=SUCCESS |  
2019-08-21 19:24:00,421 [grpc-default-executor-6] INFO  client.GrpcClientProtocolClient (GrpcClientProtocolClient.java:onNext(255)) - client-DA9582518C67->1df8bd03-73ef-4b9c-8622-5dc9d0e29c31: receive RaftClientReply:client-DA9582518C67->1df8bd03-73ef-4b9c-8622-5dc9d0e29c31@group-F45402591F47, cid=986, SUCCESS, logIndex=1295, commits[1df8bd03-73ef-4b9c-8622-5dc9d0e29c31:c1296, 12aca755-ada5-42df-801b-c61f99d8e8b8:c1294, a308b8bf-0324-43a1-a87f-1e10a96e3042:c1294]
2019-08-21 19:24:00,422 [grpc-default-executor-6] INFO  client.GrpcClientProtocolClient (GrpcClientProtocolClient.java:onNext(255)) - client-DA9582518C67->1df8bd03-73ef-4b9c-8622-5dc9d0e29c31: receive RaftClientReply:client-DA9582518C67->1df8bd03-73ef-4b9c-8622-5dc9d0e29c31@group-F45402591F47, cid=987, SUCCESS, logIndex=1296, commits[1df8bd03-73ef-4b9c-8622-5dc9d0e29c31:c1296, 12aca755-ada5-42df-801b-c61f99d8e8b8:c1294, a308b8bf-0324-43a1-a87f-1e10a96e3042:c1294]
2019-08-21 19:24:00,432 | INFO  | DNAudit | user=null | ip=null | op=WRITE_CHUNK {blockData=conID: 2 locID: 102656601978241465 bcsId: 1292} | ret=SUCCESS |  
2019-08-21 19:24:00,432 | INFO  | DNAudit | user=null | ip=null | op=WRITE_CHUNK {blockData=conID: 2 locID: 102656601978241465 bcsId: 1292} | ret=SUCCESS |  
2019-08-21 19:24:00,434 | INFO  | DNAudit | user=null | ip=null | op=PUT_BLOCK {blockData=[blockId=conID: 2 locID: 102656601978241465 bcsId: 0,size=4194304]} | ret=SUCCESS |  
2019-08-21 19:24:00,445 | INFO  | DNAudit | user=null | ip=null | op=PUT_BLOCK {blockData=[blockId=conID: 2 locID: 102656601978241465 bcsId: 0,size=4194304]} | ret=SUCCESS |  
2019-08-21 19:24:00,446 [grpc-default-executor-2] INFO  client.GrpcClientProtocolClient (GrpcClientProtocolClient.java:onNext(255)) - client-DA9582518C67->1df8bd03-73ef-4b9c-8622-5dc9d0e29c31: receive RaftClientReply:client-DA9582518C67->1df8bd03-73ef-4b9c-8622-5dc9d0e29c31@group-F45402591F47, cid=988, SUCCESS, logIndex=0, commits[1df8bd03-73ef-4b9c-8622-5dc9d0e29c31:c1298, 12aca755-ada5-42df-801b-c61f99d8e8b8:c1296, a308b8bf-0324-43a1-a87f-1e10a96e3042:c1296]
2019-08-21 19:24:00,453 | INFO  | DNAudit | user=null | ip=null | op=WRITE_CHUNK {blockData=conID: 3 locID: 102656601978307002 bcsId: 0} | ret=SUCCESS |  
2019-08-21 19:24:00,456 | INFO  | DNAudit | user=null | ip=null | op=WRITE_CHUNK {blockData=conID: 3 locID: 102656601978307002 bcsId: 0} | ret=SUCCESS |  
2019-08-21 19:24:00,456 | INFO  | DNAudit | user=null | ip=null | op=WRITE_CHUNK {blockData=conID: 3 locID: 102656601978307002 bcsId: 0} | ret=SUCCESS |  
2019-08-21 19:24:00,456 | INFO  | DNAudit | user=null | ip=null | op=WRITE_CHUNK {blockData=conID: 3 locID: 102656601978307002 bcsId: 0} | ret=SUCCESS |  
2019-08-21 19:24:00,459 | INFO  | DNAudit | user=null | ip=null | op=WRITE_CHUNK {blockData=conID: 3 locID: 102656601978307002 bcsId: 0} | ret=SUCCESS |  
2019-08-21 19:24:00,459 | INFO  | DNAudit | user=null | ip=null | op=WRITE_CHUNK {blockData=conID: 3 locID: 102656601978307002 bcsId: 0} | ret=SUCCESS |  
2019-08-21 19:24:00,467 | INFO  | DNAudit | user=null | ip=null | op=WRITE_CHUNK {blockData=conID: 3 locID: 102656601978307002 bcsId: 0} | ret=SUCCESS |  
2019-08-21 19:24:00,467 | INFO  | DNAudit | user=null | ip=null | op=PUT_BLOCK {blockData=[blockId=conID: 3 locID: 102656601978307002 bcsId: 0,size=1048576]} | ret=SUCCESS |  
2019-08-21 19:24:00,468 [grpc-default-executor-0] INFO  client.GrpcClientProtocolClient (GrpcClientProtocolClient.java:onNext(255)) - client-DA9582518C67->1df8bd03-73ef-4b9c-8622-5dc9d0e29c31: receive RaftClientReply:client-DA9582518C67->1df8bd03-73ef-4b9c-8622-5dc9d0e29c31@group-F45402591F47, cid=989, SUCCESS, logIndex=1299, commits[1df8bd03-73ef-4b9c-8622-5dc9d0e29c31:c1300, 12aca755-ada5-42df-801b-c61f99d8e8b8:c1298, a308b8bf-0324-43a1-a87f-1e10a96e3042:c1298]
2019-08-21 19:24:00,468 [grpc-default-executor-0] INFO  client.GrpcClientProtocolClient (GrpcClientProtocolClient.java:onNext(255)) - client-DA9582518C67->1df8bd03-73ef-4b9c-8622-5dc9d0e29c31: receive RaftClientReply:client-DA9582518C67->1df8bd03-73ef-4b9c-8622-5dc9d0e29c31@group-F45402591F47, cid=990, SUCCESS, logIndex=1300, commits[1df8bd03-73ef-4b9c-8622-5dc9d0e29c31:c1300, 12aca755-ada5-42df-801b-c61f99d8e8b8:c1298, a308b8bf-0324-43a1-a87f-1e10a96e3042:c1298]
2019-08-21 19:24:00,480 | INFO  | DNAudit | user=null | ip=null | op=WRITE_CHUNK {blockData=conID: 3 locID: 102656601978307002 bcsId: 0} | ret=SUCCESS |  
2019-08-21 19:24:00,481 | INFO  | DNAudit | user=null | ip=null | op=PUT_BLOCK {blockData=[blockId=conID: 3 locID: 102656601978307002 bcsId: 0,size=2097152]} | ret=SUCCESS |  
2019-08-21 19:24:00,481 [grpc-default-executor-0] INFO  client.GrpcClientProtocolClient (GrpcClientProtocolClient.java:onNext(255)) - client-DA9582518C67->1df8bd03-73ef-4b9c-8622-5dc9d0e29c31: receive RaftClientReply:client-DA9582518C67->1df8bd03-73ef-4b9c-8622-5dc9d0e29c31@group-F45402591F47, cid=991, SUCCESS, logIndex=1301, commits[1df8bd03-73ef-4b9c-8622-5dc9d0e29c31:c1302, 12aca755-ada5-42df-801b-c61f99d8e8b8:c1298, a308b8bf-0324-43a1-a87f-1e10a96e3042:c1298]
2019-08-21 19:24:00,481 [grpc-default-executor-0] INFO  client.GrpcClientProtocolClient (GrpcClientProtocolClient.java:onNext(255)) - client-DA9582518C67->1df8bd03-73ef-4b9c-8622-5dc9d0e29c31: receive RaftClientReply:client-DA9582518C67->1df8bd03-73ef-4b9c-8622-5dc9d0e29c31@group-F45402591F47, cid=992, SUCCESS, logIndex=1302, commits[1df8bd03-73ef-4b9c-8622-5dc9d0e29c31:c1302, 12aca755-ada5-42df-801b-c61f99d8e8b8:c1298, a308b8bf-0324-43a1-a87f-1e10a96e3042:c1298]
2019-08-21 19:24:00,493 | INFO  | DNAudit | user=null | ip=null | op=WRITE_CHUNK {blockData=conID: 3 locID: 102656601978307002 bcsId: 0} | ret=SUCCESS |  
2019-08-21 19:24:00,493 | INFO  | DNAudit | user=null | ip=null | op=WRITE_CHUNK {blockData=conID: 3 locID: 102656601978307002 bcsId: 0} | ret=SUCCESS |  
2019-08-21 19:24:00,493 | INFO  | DNAudit | user=null | ip=null | op=PUT_BLOCK {blockData=[blockId=conID: 3 locID: 102656601978307002 bcsId: 0,size=1048576]} | ret=SUCCESS |  
2019-08-21 19:24:00,493 | INFO  | DNAudit | user=null | ip=null | op=PUT_BLOCK {blockData=[blockId=conID: 3 locID: 102656601978307002 bcsId: 0,size=1048576]} | ret=SUCCESS |  
2019-08-21 19:24:00,493 [grpc-default-executor-6] INFO  client.GrpcClientProtocolClient (GrpcClientProtocolClient.java:onNext(255)) - client-DA9582518C67->1df8bd03-73ef-4b9c-8622-5dc9d0e29c31: receive RaftClientReply:client-DA9582518C67->1df8bd03-73ef-4b9c-8622-5dc9d0e29c31@group-F45402591F47, cid=993, SUCCESS, logIndex=0, commits[1df8bd03-73ef-4b9c-8622-5dc9d0e29c31:c1302, 12aca755-ada5-42df-801b-c61f99d8e8b8:c1300, a308b8bf-0324-43a1-a87f-1e10a96e3042:c1300]
2019-08-21 19:24:00,499 | INFO  | DNAudit | user=null | ip=null | op=WRITE_CHUNK {blockData=conID: 3 locID: 102656601978307002 bcsId: 1302} | ret=SUCCESS |  
2019-08-21 19:24:00,503 | INFO  | DNAudit | user=null | ip=null | op=WRITE_CHUNK {blockData=conID: 3 locID: 102656601978307002 bcsId: 1302} | ret=SUCCESS |  
2019-08-21 19:24:00,503 | INFO  | DNAudit | user=null | ip=null | op=WRITE_CHUNK {blockData=conID: 3 locID: 102656601978307002 bcsId: 1302} | ret=SUCCESS |  
2019-08-21 19:24:00,504 | INFO  | DNAudit | user=null | ip=null | op=WRITE_CHUNK {blockData=conID: 3 locID: 102656601978307002 bcsId: 0} | ret=SUCCESS |  
2019-08-21 19:24:00,504 | INFO  | DNAudit | user=null | ip=null | op=WRITE_CHUNK {blockData=conID: 3 locID: 102656601978307002 bcsId: 0} | ret=SUCCESS |  
2019-08-21 19:24:00,504 | INFO  | DNAudit | user=null | ip=null | op=PUT_BLOCK {blockData=[blockId=conID: 3 locID: 102656601978307002 bcsId: 0,size=2097152]} | ret=SUCCESS |  
2019-08-21 19:24:00,504 | INFO  | DNAudit | user=null | ip=null | op=PUT_BLOCK {blockData=[blockId=conID: 3 locID: 102656601978307002 bcsId: 0,size=2097152]} | ret=SUCCESS |  
2019-08-21 19:24:00,507 | INFO  | DNAudit | user=null | ip=null | op=WRITE_CHUNK {blockData=conID: 3 locID: 102656601978307002 bcsId: 1302} | ret=SUCCESS |  
2019-08-21 19:24:00,507 | INFO  | DNAudit | user=null | ip=null | op=PUT_BLOCK {blockData=[blockId=conID: 3 locID: 102656601978307002 bcsId: 0,size=3145728]} | ret=SUCCESS |  
2019-08-21 19:24:00,507 [grpc-default-executor-6] INFO  client.GrpcClientProtocolClient (GrpcClientProtocolClient.java:onNext(255)) - client-DA9582518C67->1df8bd03-73ef-4b9c-8622-5dc9d0e29c31: receive RaftClientReply:client-DA9582518C67->1df8bd03-73ef-4b9c-8622-5dc9d0e29c31@group-F45402591F47, cid=994, SUCCESS, logIndex=1306, commits[1df8bd03-73ef-4b9c-8622-5dc9d0e29c31:c1307, 12aca755-ada5-42df-801b-c61f99d8e8b8:c1302, a308b8bf-0324-43a1-a87f-1e10a96e3042:c1304]
2019-08-21 19:24:00,508 [grpc-default-executor-6] INFO  client.GrpcClientProtocolClient (GrpcClientProtocolClient.java:onNext(255)) - client-DA9582518C67->1df8bd03-73ef-4b9c-8622-5dc9d0e29c31: receive RaftClientReply:client-DA9582518C67->1df8bd03-73ef-4b9c-8622-5dc9d0e29c31@group-F45402591F47, cid=995, SUCCESS, logIndex=1307, commits[1df8bd03-73ef-4b9c-8622-5dc9d0e29c31:c1307, 12aca755-ada5-42df-801b-c61f99d8e8b8:c1302, a308b8bf-0324-43a1-a87f-1e10a96e3042:c1304]
2019-08-21 19:24:00,514 | INFO  | DNAudit | user=null | ip=null | op=WRITE_CHUNK {blockData=conID: 3 locID: 102656601978307002 bcsId: 1307} | ret=SUCCESS |  
2019-08-21 19:24:00,517 | INFO  | DNAudit | user=null | ip=null | op=WRITE_CHUNK {blockData=conID: 3 locID: 102656601978307002 bcsId: 1307} | ret=SUCCESS |  
2019-08-21 19:24:00,517 | INFO  | DNAudit | user=null | ip=null | op=WRITE_CHUNK {blockData=conID: 3 locID: 102656601978307002 bcsId: 1307} | ret=SUCCESS |  
2019-08-21 19:24:00,538 | INFO  | DNAudit | user=null | ip=null | op=WRITE_CHUNK {blockData=conID: 3 locID: 102656601978307002 bcsId: 1302} | ret=SUCCESS |  
2019-08-21 19:24:00,538 | INFO  | DNAudit | user=null | ip=null | op=WRITE_CHUNK {blockData=conID: 3 locID: 102656601978307002 bcsId: 1302} | ret=SUCCESS |  
2019-08-21 19:24:00,538 | INFO  | DNAudit | user=null | ip=null | op=PUT_BLOCK {blockData=[blockId=conID: 3 locID: 102656601978307002 bcsId: 0,size=3145728]} | ret=SUCCESS |  
2019-08-21 19:24:00,540 | INFO  | DNAudit | user=null | ip=null | op=PUT_BLOCK {blockData=[blockId=conID: 3 locID: 102656601978307002 bcsId: 0,size=3145728]} | ret=SUCCESS |  
2019-08-21 19:24:00,541 | INFO  | DNAudit | user=null | ip=null | op=WRITE_CHUNK {blockData=conID: 3 locID: 102656601978307002 bcsId: 1307} | ret=SUCCESS |  
2019-08-21 19:24:00,541 | INFO  | DNAudit | user=null | ip=null | op=PUT_BLOCK {blockData=[blockId=conID: 3 locID: 102656601978307002 bcsId: 0,size=4194304]} | ret=SUCCESS |  
2019-08-21 19:24:00,541 [grpc-default-executor-2] INFO  client.GrpcClientProtocolClient (GrpcClientProtocolClient.java:onNext(255)) - client-DA9582518C67->1df8bd03-73ef-4b9c-8622-5dc9d0e29c31: receive RaftClientReply:client-DA9582518C67->1df8bd03-73ef-4b9c-8622-5dc9d0e29c31@group-F45402591F47, cid=996, SUCCESS, logIndex=1310, commits[1df8bd03-73ef-4b9c-8622-5dc9d0e29c31:c1311, 12aca755-ada5-42df-801b-c61f99d8e8b8:c1307, a308b8bf-0324-43a1-a87f-1e10a96e3042:c1307]
2019-08-21 19:24:00,542 [grpc-default-executor-2] INFO  client.GrpcClientProtocolClient (GrpcClientProtocolClient.java:onNext(255)) - client-DA9582518C67->1df8bd03-73ef-4b9c-8622-5dc9d0e29c31: receive RaftClientReply:client-DA9582518C67->1df8bd03-73ef-4b9c-8622-5dc9d0e29c31@group-F45402591F47, cid=997, SUCCESS, logIndex=1311, commits[1df8bd03-73ef-4b9c-8622-5dc9d0e29c31:c1311, 12aca755-ada5-42df-801b-c61f99d8e8b8:c1307, a308b8bf-0324-43a1-a87f-1e10a96e3042:c1307]
2019-08-21 19:24:00,552 | INFO  | DNAudit | user=null | ip=null | op=WRITE_CHUNK {blockData=conID: 3 locID: 102656601978307002 bcsId: 1307} | ret=SUCCESS |  
2019-08-21 19:24:00,552 | INFO  | DNAudit | user=null | ip=null | op=WRITE_CHUNK {blockData=conID: 3 locID: 102656601978307002 bcsId: 1307} | ret=SUCCESS |  
2019-08-21 19:24:00,552 | INFO  | DNAudit | user=null | ip=null | op=PUT_BLOCK {blockData=[blockId=conID: 3 locID: 102656601978307002 bcsId: 0,size=4194304]} | ret=SUCCESS |  
2019-08-21 19:24:00,553 | INFO  | DNAudit | user=null | ip=null | op=PUT_BLOCK {blockData=[blockId=conID: 3 locID: 102656601978307002 bcsId: 0,size=4194304]} | ret=SUCCESS |  
2019-08-21 19:24:00,553 [grpc-default-executor-6] INFO  client.GrpcClientProtocolClient (GrpcClientProtocolClient.java:onNext(255)) - client-DA9582518C67->1df8bd03-73ef-4b9c-8622-5dc9d0e29c31: receive RaftClientReply:client-DA9582518C67->1df8bd03-73ef-4b9c-8622-5dc9d0e29c31@group-F45402591F47, cid=998, SUCCESS, logIndex=0, commits[1df8bd03-73ef-4b9c-8622-5dc9d0e29c31:c1313, 12aca755-ada5-42df-801b-c61f99d8e8b8:c1311, a308b8bf-0324-43a1-a87f-1e10a96e3042:c1311]
2019-08-21 19:24:00,560 | INFO  | DNAudit | user=null | ip=null | op=WRITE_CHUNK {blockData=conID: 1 locID: 102656601978307003 bcsId: 0} | ret=SUCCESS |  
2019-08-21 19:24:00,563 | INFO  | DNAudit | user=null | ip=null | op=WRITE_CHUNK {blockData=conID: 1 locID: 102656601978307003 bcsId: 0} | ret=SUCCESS |  
2019-08-21 19:24:00,564 | INFO  | DNAudit | user=null | ip=null | op=WRITE_CHUNK {blockData=conID: 1 locID: 102656601978307003 bcsId: 0} | ret=SUCCESS |  
2019-08-21 19:24:00,564 | INFO  | DNAudit | user=null | ip=null | op=WRITE_CHUNK {blockData=conID: 1 locID: 102656601978307003 bcsId: 0} | ret=SUCCESS |  
2019-08-21 19:24:00,565 | INFO  | DNAudit | user=null | ip=null | op=WRITE_CHUNK {blockData=conID: 1 locID: 102656601978307003 bcsId: 0} | ret=SUCCESS |  
2019-08-21 19:24:00,565 | INFO  | DNAudit | user=null | ip=null | op=WRITE_CHUNK {blockData=conID: 1 locID: 102656601978307003 bcsId: 0} | ret=SUCCESS |  
2019-08-21 19:24:00,568 | INFO  | DNAudit | user=null | ip=null | op=WRITE_CHUNK {blockData=conID: 1 locID: 102656601978307003 bcsId: 0} | ret=SUCCESS |  
2019-08-21 19:24:00,569 | INFO  | DNAudit | user=null | ip=null | op=PUT_BLOCK {blockData=[blockId=conID: 1 locID: 102656601978307003 bcsId: 0,size=1048576]} | ret=SUCCESS |  
2019-08-21 19:24:00,569 [grpc-default-executor-6] INFO  client.GrpcClientProtocolClient (GrpcClientProtocolClient.java:onNext(255)) - client-DA9582518C67->1df8bd03-73ef-4b9c-8622-5dc9d0e29c31: receive RaftClientReply:client-DA9582518C67->1df8bd03-73ef-4b9c-8622-5dc9d0e29c31@group-F45402591F47, cid=999, SUCCESS, logIndex=1314, commits[1df8bd03-73ef-4b9c-8622-5dc9d0e29c31:c1315, 12aca755-ada5-42df-801b-c61f99d8e8b8:c1311, a308b8bf-0324-43a1-a87f-1e10a96e3042:c1313]
2019-08-21 19:24:00,570 [grpc-default-executor-6] INFO  client.GrpcClientProtocolClient (GrpcClientProtocolClient.java:onNext(255)) - client-DA9582518C67->1df8bd03-73ef-4b9c-8622-5dc9d0e29c31: receive RaftClientReply:client-DA9582518C67->1df8bd03-73ef-4b9c-8622-5dc9d0e29c31@group-F45402591F47, cid=1000, SUCCESS, logIndex=1315, commits[1df8bd03-73ef-4b9c-8622-5dc9d0e29c31:c1315, 12aca755-ada5-42df-801b-c61f99d8e8b8:c1311, a308b8bf-0324-43a1-a87f-1e10a96e3042:c1313]
2019-08-21 19:24:00,580 | INFO  | DNAudit | user=null | ip=null | op=WRITE_CHUNK {blockData=conID: 1 locID: 102656601978307003 bcsId: 0} | ret=SUCCESS |  
2019-08-21 19:24:00,580 | INFO  | DNAudit | user=null | ip=null | op=PUT_BLOCK {blockData=[blockId=conID: 1 locID: 102656601978307003 bcsId: 0,size=2097152]} | ret=SUCCESS |  
2019-08-21 19:24:00,581 [grpc-default-executor-2] INFO  client.GrpcClientProtocolClient (GrpcClientProtocolClient.java:onNext(255)) - client-DA9582518C67->1df8bd03-73ef-4b9c-8622-5dc9d0e29c31: receive RaftClientReply:client-DA9582518C67->1df8bd03-73ef-4b9c-8622-5dc9d0e29c31@group-F45402591F47, cid=1001, SUCCESS, logIndex=1316, commits[1df8bd03-73ef-4b9c-8622-5dc9d0e29c31:c1317, 12aca755-ada5-42df-801b-c61f99d8e8b8:c1313, a308b8bf-0324-43a1-a87f-1e10a96e3042:c1313]
2019-08-21 19:24:00,581 [grpc-default-executor-2] INFO  client.GrpcClientProtocolClient (GrpcClientProtocolClient.java:onNext(255)) - client-DA9582518C67->1df8bd03-73ef-4b9c-8622-5dc9d0e29c31: receive RaftClientReply:client-DA9582518C67->1df8bd03-73ef-4b9c-8622-5dc9d0e29c31@group-F45402591F47, cid=1002, SUCCESS, logIndex=1317, commits[1df8bd03-73ef-4b9c-8622-5dc9d0e29c31:c1317, 12aca755-ada5-42df-801b-c61f99d8e8b8:c1313, a308b8bf-0324-43a1-a87f-1e10a96e3042:c1313]
2019-08-21 19:24:00,582 | INFO  | DNAudit | user=null | ip=null | op=WRITE_CHUNK {blockData=conID: 1 locID: 102656601978307003 bcsId: 0} | ret=SUCCESS |  
2019-08-21 19:24:00,582 | INFO  | SCMAudit | user=jenkins1000 | ip=192.168.69.88 | op=SEND_HEARTBEAT {datanodeUUID=c4b21f74-9dba-4f39-a92d-300bdd5c7775, command=[]} | ret=SUCCESS |  
2019-08-21 19:24:00,582 | INFO  | DNAudit | user=null | ip=null | op=PUT_BLOCK {blockData=[blockId=conID: 1 locID: 102656601978307003 bcsId: 0,size=1048576]} | ret=SUCCESS |  
 0.00% |█                                                                                                    |  0/1 Time: 0:00:052019-08-21 19:24:00,593 | INFO  | DNAudit | user=null | ip=null | op=WRITE_CHUNK {blockData=conID: 1 locID: 102656601978307003 bcsId: 0} | ret=SUCCESS |  
2019-08-21 19:24:00,593 | INFO  | DNAudit | user=null | ip=null | op=WRITE_CHUNK {blockData=conID: 1 locID: 102656601978307003 bcsId: 0} | ret=SUCCESS |  
2019-08-21 19:24:00,594 | INFO  | DNAudit | user=null | ip=null | op=PUT_BLOCK {blockData=[blockId=conID: 1 locID: 102656601978307003 bcsId: 0,size=1048576]} | ret=SUCCESS |  
2019-08-21 19:24:00,594 | INFO  | DNAudit | user=null | ip=null | op=PUT_BLOCK {blockData=[blockId=conID: 1 locID: 102656601978307003 bcsId: 0,size=2097152]} | ret=SUCCESS |  
2019-08-21 19:24:00,594 | INFO  | DNAudit | user=null | ip=null | op=WRITE_CHUNK {blockData=conID: 1 locID: 102656601978307003 bcsId: 0} | ret=SUCCESS |  
2019-08-21 19:24:00,594 [grpc-default-executor-2] INFO  client.GrpcClientProtocolClient (GrpcClientProtocolClient.java:onNext(255)) - client-DA9582518C67->1df8bd03-73ef-4b9c-8622-5dc9d0e29c31: receive RaftClientReply:client-DA9582518C67->1df8bd03-73ef-4b9c-8622-5dc9d0e29c31@group-F45402591F47, cid=1003, SUCCESS, logIndex=0, commits[1df8bd03-73ef-4b9c-8622-5dc9d0e29c31:c1319, 12aca755-ada5-42df-801b-c61f99d8e8b8:c1315, a308b8bf-0324-43a1-a87f-1e10a96e3042:c1315]
2019-08-21 19:24:00,594 | INFO  | DNAudit | user=null | ip=null | op=PUT_BLOCK {blockData=[blockId=conID: 1 locID: 102656601978307003 bcsId: 0,size=2097152]} | ret=SUCCESS |  
2019-08-21 19:24:00,600 | INFO  | DNAudit | user=null | ip=null | op=WRITE_CHUNK {blockData=conID: 1 locID: 102656601978307003 bcsId: 1317} | ret=SUCCESS |  
2019-08-21 19:24:00,603 | INFO  | DNAudit | user=null | ip=null | op=WRITE_CHUNK {blockData=conID: 1 locID: 102656601978307003 bcsId: 1317} | ret=SUCCESS |  
2019-08-21 19:24:00,603 | INFO  | DNAudit | user=null | ip=null | op=WRITE_CHUNK {blockData=conID: 1 locID: 102656601978307003 bcsId: 1317} | ret=SUCCESS |  
2019-08-21 19:24:00,611 | INFO  | DNAudit | user=null | ip=null | op=WRITE_CHUNK {blockData=conID: 1 locID: 102656601978307003 bcsId: 1317} | ret=SUCCESS |  
2019-08-21 19:24:00,611 | INFO  | DNAudit | user=null | ip=null | op=PUT_BLOCK {blockData=[blockId=conID: 1 locID: 102656601978307003 bcsId: 0,size=3145728]} | ret=SUCCESS |  
2019-08-21 19:24:00,611 [grpc-default-executor-6] INFO  client.GrpcClientProtocolClient (GrpcClientProtocolClient.java:onNext(255)) - client-DA9582518C67->1df8bd03-73ef-4b9c-8622-5dc9d0e29c31: receive RaftClientReply:client-DA9582518C67->1df8bd03-73ef-4b9c-8622-5dc9d0e29c31@group-F45402591F47, cid=1004, SUCCESS, logIndex=1322, commits[1df8bd03-73ef-4b9c-8622-5dc9d0e29c31:c1323, 12aca755-ada5-42df-801b-c61f99d8e8b8:c1321, a308b8bf-0324-43a1-a87f-1e10a96e3042:c1321]
2019-08-21 19:24:00,612 [grpc-default-executor-6] INFO  client.GrpcClientProtocolClient (GrpcClientProtocolClient.java:onNext(255)) - client-DA9582518C67->1df8bd03-73ef-4b9c-8622-5dc9d0e29c31: receive RaftClientReply:client-DA9582518C67->1df8bd03-73ef-4b9c-8622-5dc9d0e29c31@group-F45402591F47, cid=1005, SUCCESS, logIndex=1323, commits[1df8bd03-73ef-4b9c-8622-5dc9d0e29c31:c1323, 12aca755-ada5-42df-801b-c61f99d8e8b8:c1321, a308b8bf-0324-43a1-a87f-1e10a96e3042:c1321]
2019-08-21 19:24:00,617 | INFO  | DNAudit | user=null | ip=null | op=WRITE_CHUNK {blockData=conID: 1 locID: 102656601978307003 bcsId: 1323} | ret=SUCCESS |  
2019-08-21 19:24:00,621 | INFO  | DNAudit | user=null | ip=null | op=WRITE_CHUNK {blockData=conID: 1 locID: 102656601978307003 bcsId: 1323} | ret=SUCCESS |  
2019-08-21 19:24:00,621 | INFO  | DNAudit | user=null | ip=null | op=WRITE_CHUNK {blockData=conID: 1 locID: 102656601978307003 bcsId: 1323} | ret=SUCCESS |  
2019-08-21 19:24:00,622 | INFO  | DNAudit | user=null | ip=null | op=WRITE_CHUNK {blockData=conID: 1 locID: 102656601978307003 bcsId: 1317} | ret=SUCCESS |  
2019-08-21 19:24:00,622 | INFO  | DNAudit | user=null | ip=null | op=WRITE_CHUNK {blockData=conID: 1 locID: 102656601978307003 bcsId: 1317} | ret=SUCCESS |  
2019-08-21 19:24:00,623 | INFO  | DNAudit | user=null | ip=null | op=PUT_BLOCK {blockData=[blockId=conID: 1 locID: 102656601978307003 bcsId: 0,size=3145728]} | ret=SUCCESS |  
2019-08-21 19:24:00,623 | INFO  | DNAudit | user=null | ip=null | op=PUT_BLOCK {blockData=[blockId=conID: 1 locID: 102656601978307003 bcsId: 0,size=3145728]} | ret=SUCCESS |  
2019-08-21 19:24:00,626 | INFO  | DNAudit | user=null | ip=null | op=WRITE_CHUNK {blockData=conID: 1 locID: 102656601978307003 bcsId: 1323} | ret=SUCCESS |  
2019-08-21 19:24:00,626 | INFO  | DNAudit | user=null | ip=null | op=PUT_BLOCK {blockData=[blockId=conID: 1 locID: 102656601978307003 bcsId: 0,size=4194304]} | ret=SUCCESS |  
2019-08-21 19:24:00,626 [grpc-default-executor-6] INFO  client.GrpcClientProtocolClient (GrpcClientProtocolClient.java:onNext(255)) - client-DA9582518C67->1df8bd03-73ef-4b9c-8622-5dc9d0e29c31: receive RaftClientReply:client-DA9582518C67->1df8bd03-73ef-4b9c-8622-5dc9d0e29c31@group-F45402591F47, cid=1006, SUCCESS, logIndex=1326, commits[1df8bd03-73ef-4b9c-8622-5dc9d0e29c31:c1327, 12aca755-ada5-42df-801b-c61f99d8e8b8:c1323, a308b8bf-0324-43a1-a87f-1e10a96e3042:c1323]
2019-08-21 19:24:00,627 [grpc-default-executor-6] INFO  client.GrpcClientProtocolClient (GrpcClientProtocolClient.java:onNext(255)) - client-DA9582518C67->1df8bd03-73ef-4b9c-8622-5dc9d0e29c31: receive RaftClientReply:client-DA9582518C67->1df8bd03-73ef-4b9c-8622-5dc9d0e29c31@group-F45402591F47, cid=1007, SUCCESS, logIndex=1327, commits[1df8bd03-73ef-4b9c-8622-5dc9d0e29c31:c1327, 12aca755-ada5-42df-801b-c61f99d8e8b8:c1323, a308b8bf-0324-43a1-a87f-1e10a96e3042:c1323]
2019-08-21 19:24:00,637 | INFO  | DNAudit | user=null | ip=null | op=WRITE_CHUNK {blockData=conID: 1 locID: 102656601978307003 bcsId: 1323} | ret=SUCCESS |  
2019-08-21 19:24:00,637 | INFO  | DNAudit | user=null | ip=null | op=WRITE_CHUNK {blockData=conID: 1 locID: 102656601978307003 bcsId: 1323} | ret=SUCCESS |  
2019-08-21 19:24:00,640 | INFO  | DNAudit | user=null | ip=null | op=PUT_BLOCK {blockData=[blockId=conID: 1 locID: 102656601978307003 bcsId: 0,size=4194304]} | ret=SUCCESS |  
2019-08-21 19:24:00,640 | INFO  | DNAudit | user=null | ip=null | op=PUT_BLOCK {blockData=[blockId=conID: 1 locID: 102656601978307003 bcsId: 0,size=4194304]} | ret=SUCCESS |  
2019-08-21 19:24:00,641 [grpc-default-executor-6] INFO  client.GrpcClientProtocolClient (GrpcClientProtocolClient.java:onNext(255)) - client-DA9582518C67->1df8bd03-73ef-4b9c-8622-5dc9d0e29c31: receive RaftClientReply:client-DA9582518C67->1df8bd03-73ef-4b9c-8622-5dc9d0e29c31@group-F45402591F47, cid=1008, SUCCESS, logIndex=0, commits[1df8bd03-73ef-4b9c-8622-5dc9d0e29c31:c1328, 12aca755-ada5-42df-801b-c61f99d8e8b8:c1327, a308b8bf-0324-43a1-a87f-1e10a96e3042:c1327]
2019-08-21 19:24:00,646 | INFO  | DNAudit | user=null | ip=null | op=WRITE_CHUNK {blockData=conID: 2 locID: 102656601978307004 bcsId: 0} | ret=SUCCESS |  
2019-08-21 19:24:00,649 | INFO  | DNAudit | user=null | ip=null | op=WRITE_CHUNK {blockData=conID: 2 locID: 102656601978307004 bcsId: 0} | ret=SUCCESS |  
2019-08-21 19:24:00,649 | INFO  | DNAudit | user=null | ip=null | op=WRITE_CHUNK {blockData=conID: 2 locID: 102656601978307004 bcsId: 0} | ret=SUCCESS |  
2019-08-21 19:24:00,650 | INFO  | DNAudit | user=null | ip=null | op=WRITE_CHUNK {blockData=conID: 2 locID: 102656601978307004 bcsId: 0} | ret=SUCCESS |  
2019-08-21 19:24:00,652 | INFO  | DNAudit | user=null | ip=null | op=WRITE_CHUNK {blockData=conID: 2 locID: 102656601978307004 bcsId: 0} | ret=SUCCESS |  
2019-08-21 19:24:00,652 | INFO  | DNAudit | user=null | ip=null | op=WRITE_CHUNK {blockData=conID: 2 locID: 102656601978307004 bcsId: 0} | ret=SUCCESS |  
2019-08-21 19:24:00,657 | INFO  | DNAudit | user=null | ip=null | op=WRITE_CHUNK {blockData=conID: 2 locID: 102656601978307004 bcsId: 0} | ret=SUCCESS |  
2019-08-21 19:24:00,657 | INFO  | DNAudit | user=null | ip=null | op=PUT_BLOCK {blockData=[blockId=conID: 2 locID: 102656601978307004 bcsId: 0,size=1048576]} | ret=SUCCESS |  
2019-08-21 19:24:00,657 [grpc-default-executor-0] INFO  client.GrpcClientProtocolClient (GrpcClientProtocolClient.java:onNext(255)) - client-DA9582518C67->1df8bd03-73ef-4b9c-8622-5dc9d0e29c31: receive RaftClientReply:client-DA9582518C67->1df8bd03-73ef-4b9c-8622-5dc9d0e29c31@group-F45402591F47, cid=1009, SUCCESS, logIndex=1330, commits[1df8bd03-73ef-4b9c-8622-5dc9d0e29c31:c1331, 12aca755-ada5-42df-801b-c61f99d8e8b8:c1329, a308b8bf-0324-43a1-a87f-1e10a96e3042:c1329]
2019-08-21 19:24:00,658 | INFO  | DNAudit | user=null | ip=null | op=WRITE_CHUNK {blockData=conID: 2 locID: 102656601978307004 bcsId: 0} | ret=SUCCESS |  
2019-08-21 19:24:00,658 | INFO  | DNAudit | user=null | ip=null | op=PUT_BLOCK {blockData=[blockId=conID: 2 locID: 102656601978307004 bcsId: 0,size=2097152]} | ret=SUCCESS |  
2019-08-21 19:24:00,658 [grpc-default-executor-0] INFO  client.GrpcClientProtocolClient (GrpcClientProtocolClient.java:onNext(255)) - client-DA9582518C67->1df8bd03-73ef-4b9c-8622-5dc9d0e29c31: receive RaftClientReply:client-DA9582518C67->1df8bd03-73ef-4b9c-8622-5dc9d0e29c31@group-F45402591F47, cid=1010, SUCCESS, logIndex=1331, commits[1df8bd03-73ef-4b9c-8622-5dc9d0e29c31:c1331, 12aca755-ada5-42df-801b-c61f99d8e8b8:c1329, a308b8bf-0324-43a1-a87f-1e10a96e3042:c1329]
2019-08-21 19:24:00,658 [grpc-default-executor-0] INFO  client.GrpcClientProtocolClient (GrpcClientProtocolClient.java:onNext(255)) - client-DA9582518C67->1df8bd03-73ef-4b9c-8622-5dc9d0e29c31: receive RaftClientReply:client-DA9582518C67->1df8bd03-73ef-4b9c-8622-5dc9d0e29c31@group-F45402591F47, cid=1011, SUCCESS, logIndex=1332, commits[1df8bd03-73ef-4b9c-8622-5dc9d0e29c31:c1333, 12aca755-ada5-42df-801b-c61f99d8e8b8:c1329, a308b8bf-0324-43a1-a87f-1e10a96e3042:c1329]
2019-08-21 19:24:00,658 [grpc-default-executor-0] INFO  client.GrpcClientProtocolClient (GrpcClientProtocolClient.java:onNext(255)) - client-DA9582518C67->1df8bd03-73ef-4b9c-8622-5dc9d0e29c31: receive RaftClientReply:client-DA9582518C67->1df8bd03-73ef-4b9c-8622-5dc9d0e29c31@group-F45402591F47, cid=1012, SUCCESS, logIndex=1333, commits[1df8bd03-73ef-4b9c-8622-5dc9d0e29c31:c1333, 12aca755-ada5-42df-801b-c61f99d8e8b8:c1329, a308b8bf-0324-43a1-a87f-1e10a96e3042:c1329]
2019-08-21 19:24:00,660 | INFO  | DNAudit | user=null | ip=null | op=WRITE_CHUNK {blockData=conID: 2 locID: 102656601978307004 bcsId: 0} | ret=SUCCESS |  
2019-08-21 19:24:00,661 | INFO  | DNAudit | user=null | ip=null | op=PUT_BLOCK {blockData=[blockId=conID: 2 locID: 102656601978307004 bcsId: 0,size=1048576]} | ret=SUCCESS |  
2019-08-21 19:24:00,671 | INFO  | DNAudit | user=null | ip=null | op=WRITE_CHUNK {blockData=conID: 2 locID: 102656601978307004 bcsId: 0} | ret=SUCCESS |  
2019-08-21 19:24:00,671 | INFO  | DNAudit | user=null | ip=null | op=PUT_BLOCK {blockData=[blockId=conID: 2 locID: 102656601978307004 bcsId: 0,size=1048576]} | ret=SUCCESS |  
2019-08-21 19:24:00,671 | INFO  | DNAudit | user=null | ip=null | op=WRITE_CHUNK {blockData=conID: 2 locID: 102656601978307004 bcsId: 0} | ret=SUCCESS |  
2019-08-21 19:24:00,672 | INFO  | DNAudit | user=null | ip=null | op=PUT_BLOCK {blockData=[blockId=conID: 2 locID: 102656601978307004 bcsId: 0,size=2097152]} | ret=SUCCESS |  
2019-08-21 19:24:00,672 | INFO  | DNAudit | user=null | ip=null | op=WRITE_CHUNK {blockData=conID: 2 locID: 102656601978307004 bcsId: 0} | ret=SUCCESS |  
2019-08-21 19:24:00,672 [grpc-default-executor-0] INFO  client.GrpcClientProtocolClient (GrpcClientProtocolClient.java:onNext(255)) - client-DA9582518C67->1df8bd03-73ef-4b9c-8622-5dc9d0e29c31: receive RaftClientReply:client-DA9582518C67->1df8bd03-73ef-4b9c-8622-5dc9d0e29c31@group-F45402591F47, cid=1013, SUCCESS, logIndex=0, commits[1df8bd03-73ef-4b9c-8622-5dc9d0e29c31:c1335, 12aca755-ada5-42df-801b-c61f99d8e8b8:c1331, a308b8bf-0324-43a1-a87f-1e10a96e3042:c1331]
2019-08-21 19:24:00,672 | INFO  | DNAudit | user=null | ip=null | op=PUT_BLOCK {blockData=[blockId=conID: 2 locID: 102656601978307004 bcsId: 0,size=2097152]} | ret=SUCCESS |  
2019-08-21 19:24:00,678 | INFO  | DNAudit | user=null | ip=null | op=WRITE_CHUNK {blockData=conID: 2 locID: 102656601978307004 bcsId: 1333} | ret=SUCCESS |  
2019-08-21 19:24:00,680 | INFO  | DNAudit | user=null | ip=null | op=WRITE_CHUNK {blockData=conID: 2 locID: 102656601978307004 bcsId: 1333} | ret=SUCCESS |  
2019-08-21 19:24:00,681 | INFO  | DNAudit | user=null | ip=null | op=WRITE_CHUNK {blockData=conID: 2 locID: 102656601978307004 bcsId: 1333} | ret=SUCCESS |  
2019-08-21 19:24:00,688 | INFO  | DNAudit | user=null | ip=null | op=WRITE_CHUNK {blockData=conID: 2 locID: 102656601978307004 bcsId: 1333} | ret=SUCCESS |  
2019-08-21 19:24:00,689 | INFO  | DNAudit | user=null | ip=null | op=PUT_BLOCK {blockData=[blockId=conID: 2 locID: 102656601978307004 bcsId: 0,size=3145728]} | ret=SUCCESS |  
2019-08-21 19:24:00,689 [grpc-default-executor-2] INFO  client.GrpcClientProtocolClient (GrpcClientProtocolClient.java:onNext(255)) - client-DA9582518C67->1df8bd03-73ef-4b9c-8622-5dc9d0e29c31: receive RaftClientReply:client-DA9582518C67->1df8bd03-73ef-4b9c-8622-5dc9d0e29c31@group-F45402591F47, cid=1014, SUCCESS, logIndex=1338, commits[1df8bd03-73ef-4b9c-8622-5dc9d0e29c31:c1339, 12aca755-ada5-42df-801b-c61f99d8e8b8:c1337, a308b8bf-0324-43a1-a87f-1e10a96e3042:c1337]
2019-08-21 19:24:00,690 [grpc-default-executor-2] INFO  client.GrpcClientProtocolClient (GrpcClientProtocolClient.java:onNext(255)) - client-DA9582518C67->1df8bd03-73ef-4b9c-8622-5dc9d0e29c31: receive RaftClientReply:client-DA9582518C67->1df8bd03-73ef-4b9c-8622-5dc9d0e29c31@group-F45402591F47, cid=1015, SUCCESS, logIndex=1339, commits[1df8bd03-73ef-4b9c-8622-5dc9d0e29c31:c1339, 12aca755-ada5-42df-801b-c61f99d8e8b8:c1337, a308b8bf-0324-43a1-a87f-1e10a96e3042:c1337]
2019-08-21 19:24:00,695 | INFO  | DNAudit | user=null | ip=null | op=WRITE_CHUNK {blockData=conID: 2 locID: 102656601978307004 bcsId: 1339} | ret=SUCCESS |  
2019-08-21 19:24:00,698 | INFO  | DNAudit | user=null | ip=null | op=WRITE_CHUNK {blockData=conID: 2 locID: 102656601978307004 bcsId: 1339} | ret=SUCCESS |  
2019-08-21 19:24:00,698 | INFO  | DNAudit | user=null | ip=null | op=WRITE_CHUNK {blockData=conID: 2 locID: 102656601978307004 bcsId: 1333} | ret=SUCCESS |  
2019-08-21 19:24:00,698 | INFO  | DNAudit | user=null | ip=null | op=WRITE_CHUNK {blockData=conID: 2 locID: 102656601978307004 bcsId: 1333} | ret=SUCCESS |  
2019-08-21 19:24:00,698 | INFO  | DNAudit | user=null | ip=null | op=WRITE_CHUNK {blockData=conID: 2 locID: 102656601978307004 bcsId: 1339} | ret=SUCCESS |  
2019-08-21 19:24:00,698 | INFO  | DNAudit | user=null | ip=null | op=PUT_BLOCK {blockData=[blockId=conID: 2 locID: 102656601978307004 bcsId: 0,size=3145728]} | ret=SUCCESS |  
2019-08-21 19:24:00,698 | INFO  | DNAudit | user=null | ip=null | op=PUT_BLOCK {blockData=[blockId=conID: 2 locID: 102656601978307004 bcsId: 0,size=3145728]} | ret=SUCCESS |  
2019-08-21 19:24:00,700 | INFO  | DNAudit | user=null | ip=null | op=WRITE_CHUNK {blockData=conID: 2 locID: 102656601978307004 bcsId: 1339} | ret=SUCCESS |  
2019-08-21 19:24:00,700 | INFO  | DNAudit | user=null | ip=null | op=PUT_BLOCK {blockData=[blockId=conID: 2 locID: 102656601978307004 bcsId: 0,size=4194304]} | ret=SUCCESS |  
2019-08-21 19:24:00,700 [grpc-default-executor-0] INFO  client.GrpcClientProtocolClient (GrpcClientProtocolClient.java:onNext(255)) - client-DA9582518C67->1df8bd03-73ef-4b9c-8622-5dc9d0e29c31: receive RaftClientReply:client-DA9582518C67->1df8bd03-73ef-4b9c-8622-5dc9d0e29c31@group-F45402591F47, cid=1016, SUCCESS, logIndex=1342, commits[1df8bd03-73ef-4b9c-8622-5dc9d0e29c31:c1343, 12aca755-ada5-42df-801b-c61f99d8e8b8:c1339, a308b8bf-0324-43a1-a87f-1e10a96e3042:c1339]
2019-08-21 19:24:00,701 [grpc-default-executor-0] INFO  client.GrpcClientProtocolClient (GrpcClientProtocolClient.java:onNext(255)) - client-DA9582518C67->1df8bd03-73ef-4b9c-8622-5dc9d0e29c31: receive RaftClientReply:client-DA9582518C67->1df8bd03-73ef-4b9c-8622-5dc9d0e29c31@group-F45402591F47, cid=1017, SUCCESS, logIndex=1343, commits[1df8bd03-73ef-4b9c-8622-5dc9d0e29c31:c1343, 12aca755-ada5-42df-801b-c61f99d8e8b8:c1339, a308b8bf-0324-43a1-a87f-1e10a96e3042:c1339]
2019-08-21 19:24:00,718 | INFO  | DNAudit | user=null | ip=null | op=WRITE_CHUNK {blockData=conID: 2 locID: 102656601978307004 bcsId: 1339} | ret=SUCCESS |  
2019-08-21 19:24:00,718 | INFO  | DNAudit | user=null | ip=null | op=WRITE_CHUNK {blockData=conID: 2 locID: 102656601978307004 bcsId: 1339} | ret=SUCCESS |  
2019-08-21 19:24:00,719 | INFO  | DNAudit | user=null | ip=null | op=PUT_BLOCK {blockData=[blockId=conID: 2 locID: 102656601978307004 bcsId: 0,size=4194304]} | ret=SUCCESS |  
2019-08-21 19:24:00,719 | INFO  | DNAudit | user=null | ip=null | op=PUT_BLOCK {blockData=[blockId=conID: 2 locID: 102656601978307004 bcsId: 0,size=4194304]} | ret=SUCCESS |  
2019-08-21 19:24:00,720 [grpc-default-executor-2] INFO  client.GrpcClientProtocolClient (GrpcClientProtocolClient.java:onNext(255)) - client-DA9582518C67->1df8bd03-73ef-4b9c-8622-5dc9d0e29c31: receive RaftClientReply:client-DA9582518C67->1df8bd03-73ef-4b9c-8622-5dc9d0e29c31@group-F45402591F47, cid=1018, SUCCESS, logIndex=0, commits[1df8bd03-73ef-4b9c-8622-5dc9d0e29c31:c1345, 12aca755-ada5-42df-801b-c61f99d8e8b8:c1343, a308b8bf-0324-43a1-a87f-1e10a96e3042:c1343]
2019-08-21 19:24:00,726 | INFO  | DNAudit | user=null | ip=null | op=WRITE_CHUNK {blockData=conID: 3 locID: 102656601978307005 bcsId: 0} | ret=SUCCESS |  
2019-08-21 19:24:00,728 | INFO  | DNAudit | user=null | ip=null | op=WRITE_CHUNK {blockData=conID: 3 locID: 102656601978307005 bcsId: 0} | ret=SUCCESS |  
2019-08-21 19:24:00,730 | INFO  | DNAudit | user=null | ip=null | op=WRITE_CHUNK {blockData=conID: 3 locID: 102656601978307005 bcsId: 0} | ret=SUCCESS |  
2019-08-21 19:24:00,730 | INFO  | DNAudit | user=null | ip=null | op=WRITE_CHUNK {blockData=conID: 3 locID: 102656601978307005 bcsId: 0} | ret=SUCCESS |  
2019-08-21 19:24:00,733 | INFO  | DNAudit | user=null | ip=null | op=WRITE_CHUNK {blockData=conID: 3 locID: 102656601978307005 bcsId: 0} | ret=SUCCESS |  
2019-08-21 19:24:00,733 | INFO  | DNAudit | user=null | ip=null | op=WRITE_CHUNK {blockData=conID: 3 locID: 102656601978307005 bcsId: 0} | ret=SUCCESS |  
2019-08-21 19:24:00,751 | INFO  | DNAudit | user=null | ip=null | op=WRITE_CHUNK {blockData=conID: 3 locID: 102656601978307005 bcsId: 0} | ret=SUCCESS |  
2019-08-21 19:24:00,752 | INFO  | DNAudit | user=null | ip=null | op=PUT_BLOCK {blockData=[blockId=conID: 3 locID: 102656601978307005 bcsId: 0,size=1048576]} | ret=SUCCESS |  
2019-08-21 19:24:00,752 [grpc-default-executor-0] INFO  client.GrpcClientProtocolClient (GrpcClientProtocolClient.java:onNext(255)) - client-DA9582518C67->1df8bd03-73ef-4b9c-8622-5dc9d0e29c31: receive RaftClientReply:client-DA9582518C67->1df8bd03-73ef-4b9c-8622-5dc9d0e29c31@group-F45402591F47, cid=1019, SUCCESS, logIndex=1346, commits[1df8bd03-73ef-4b9c-8622-5dc9d0e29c31:c1347, 12aca755-ada5-42df-801b-c61f99d8e8b8:c1345, a308b8bf-0324-43a1-a87f-1e10a96e3042:c1345]
2019-08-21 19:24:00,753 [grpc-default-executor-0] INFO  client.GrpcClientProtocolClient (GrpcClientProtocolClient.java:onNext(255)) - client-DA9582518C67->1df8bd03-73ef-4b9c-8622-5dc9d0e29c31: receive RaftClientReply:client-DA9582518C67->1df8bd03-73ef-4b9c-8622-5dc9d0e29c31@group-F45402591F47, cid=1020, SUCCESS, logIndex=1347, commits[1df8bd03-73ef-4b9c-8622-5dc9d0e29c31:c1347, 12aca755-ada5-42df-801b-c61f99d8e8b8:c1345, a308b8bf-0324-43a1-a87f-1e10a96e3042:c1345]
2019-08-21 19:24:00,764 | INFO  | DNAudit | user=null | ip=null | op=WRITE_CHUNK {blockData=conID: 3 locID: 102656601978307005 bcsId: 0} | ret=SUCCESS |  
2019-08-21 19:24:00,765 | INFO  | DNAudit | user=null | ip=null | op=PUT_BLOCK {blockData=[blockId=conID: 3 locID: 102656601978307005 bcsId: 0,size=2097152]} | ret=SUCCESS |  
2019-08-21 19:24:00,765 | INFO  | DNAudit | user=null | ip=null | op=WRITE_CHUNK {blockData=conID: 3 locID: 102656601978307005 bcsId: 0} | ret=SUCCESS |  
2019-08-21 19:24:00,765 [grpc-default-executor-2] INFO  client.GrpcClientProtocolClient (GrpcClientProtocolClient.java:onNext(255)) - client-DA9582518C67->1df8bd03-73ef-4b9c-8622-5dc9d0e29c31: receive RaftClientReply:client-DA9582518C67->1df8bd03-73ef-4b9c-8622-5dc9d0e29c31@group-F45402591F47, cid=1021, SUCCESS, logIndex=1348, commits[1df8bd03-73ef-4b9c-8622-5dc9d0e29c31:c1349, 12aca755-ada5-42df-801b-c61f99d8e8b8:c1345, a308b8bf-0324-43a1-a87f-1e10a96e3042:c1345]
2019-08-21 19:24:00,765 | INFO  | DNAudit | user=null | ip=null | op=PUT_BLOCK {blockData=[blockId=conID: 3 locID: 102656601978307005 bcsId: 0,size=1048576]} | ret=SUCCESS |  
2019-08-21 19:24:00,765 | INFO  | DNAudit | user=null | ip=null | op=WRITE_CHUNK {blockData=conID: 3 locID: 102656601978307005 bcsId: 0} | ret=SUCCESS |  
2019-08-21 19:24:00,765 [grpc-default-executor-2] INFO  client.GrpcClientProtocolClient (GrpcClientProtocolClient.java:onNext(255)) - client-DA9582518C67->1df8bd03-73ef-4b9c-8622-5dc9d0e29c31: receive RaftClientReply:client-DA9582518C67->1df8bd03-73ef-4b9c-8622-5dc9d0e29c31@group-F45402591F47, cid=1022, SUCCESS, logIndex=1349, commits[1df8bd03-73ef-4b9c-8622-5dc9d0e29c31:c1349, 12aca755-ada5-42df-801b-c61f99d8e8b8:c1345, a308b8bf-0324-43a1-a87f-1e10a96e3042:c1345]
2019-08-21 19:24:00,766 | INFO  | DNAudit | user=null | ip=null | op=PUT_BLOCK {blockData=[blockId=conID: 3 locID: 102656601978307005 bcsId: 0,size=1048576]} | ret=SUCCESS |  
2019-08-21 19:24:00,766 | INFO  | DNAudit | user=null | ip=null | op=WRITE_CHUNK {blockData=conID: 3 locID: 102656601978307005 bcsId: 0} | ret=SUCCESS |  
2019-08-21 19:24:00,766 | INFO  | DNAudit | user=null | ip=null | op=PUT_BLOCK {blockData=[blockId=conID: 3 locID: 102656601978307005 bcsId: 0,size=2097152]} | ret=SUCCESS |  
2019-08-21 19:24:00,766 [grpc-default-executor-5] INFO  client.GrpcClientProtocolClient (GrpcClientProtocolClient.java:onNext(255)) - client-DA9582518C67->1df8bd03-73ef-4b9c-8622-5dc9d0e29c31: receive RaftClientReply:client-DA9582518C67->1df8bd03-73ef-4b9c-8622-5dc9d0e29c31@group-F45402591F47, cid=1023, SUCCESS, logIndex=0, commits[1df8bd03-73ef-4b9c-8622-5dc9d0e29c31:c1351, 12aca755-ada5-42df-801b-c61f99d8e8b8:c1347, a308b8bf-0324-43a1-a87f-1e10a96e3042:c1347]
2019-08-21 19:24:00,767 | INFO  | DNAudit | user=null | ip=null | op=WRITE_CHUNK {blockData=conID: 3 locID: 102656601978307005 bcsId: 0} | ret=SUCCESS |  
2019-08-21 19:24:00,767 | INFO  | DNAudit | user=null | ip=null | op=PUT_BLOCK {blockData=[blockId=conID: 3 locID: 102656601978307005 bcsId: 0,size=2097152]} | ret=SUCCESS |  
2019-08-21 19:24:00,772 | INFO  | DNAudit | user=null | ip=null | op=WRITE_CHUNK {blockData=conID: 3 locID: 102656601978307005 bcsId: 1349} | ret=SUCCESS |  
2019-08-21 19:24:00,776 | INFO  | DNAudit | user=null | ip=null | op=WRITE_CHUNK {blockData=conID: 3 locID: 102656601978307005 bcsId: 1349} | ret=SUCCESS |  
2019-08-21 19:24:00,776 | INFO  | DNAudit | user=null | ip=null | op=WRITE_CHUNK {blockData=conID: 3 locID: 102656601978307005 bcsId: 1349} | ret=SUCCESS |  
2019-08-21 19:24:00,780 | INFO  | DNAudit | user=null | ip=null | op=WRITE_CHUNK {blockData=conID: 3 locID: 102656601978307005 bcsId: 1349} | ret=SUCCESS |  
2019-08-21 19:24:00,780 | INFO  | DNAudit | user=null | ip=null | op=PUT_BLOCK {blockData=[blockId=conID: 3 locID: 102656601978307005 bcsId: 0,size=3145728]} | ret=SUCCESS |  
2019-08-21 19:24:00,780 [grpc-default-executor-5] INFO  client.GrpcClientProtocolClient (GrpcClientProtocolClient.java:onNext(255)) - client-DA9582518C67->1df8bd03-73ef-4b9c-8622-5dc9d0e29c31: receive RaftClientReply:client-DA9582518C67->1df8bd03-73ef-4b9c-8622-5dc9d0e29c31@group-F45402591F47, cid=1024, SUCCESS, logIndex=1354, commits[1df8bd03-73ef-4b9c-8622-5dc9d0e29c31:c1355, 12aca755-ada5-42df-801b-c61f99d8e8b8:c1353, a308b8bf-0324-43a1-a87f-1e10a96e3042:c1353]
2019-08-21 19:24:00,781 | INFO  | DNAudit | user=null | ip=null | op=WRITE_CHUNK {blockData=conID: 3 locID: 102656601978307005 bcsId: 1349} | ret=SUCCESS |  
2019-08-21 19:24:00,781 [grpc-default-executor-5] INFO  client.GrpcClientProtocolClient (GrpcClientProtocolClient.java:onNext(255)) - client-DA9582518C67->1df8bd03-73ef-4b9c-8622-5dc9d0e29c31: receive RaftClientReply:client-DA9582518C67->1df8bd03-73ef-4b9c-8622-5dc9d0e29c31@group-F45402591F47, cid=1025, SUCCESS, logIndex=1355, commits[1df8bd03-73ef-4b9c-8622-5dc9d0e29c31:c1355, 12aca755-ada5-42df-801b-c61f99d8e8b8:c1353, a308b8bf-0324-43a1-a87f-1e10a96e3042:c1353]
2019-08-21 19:24:00,781 | INFO  | DNAudit | user=null | ip=null | op=PUT_BLOCK {blockData=[blockId=conID: 3 locID: 102656601978307005 bcsId: 0,size=3145728]} | ret=SUCCESS |  
2019-08-21 19:24:00,781 | INFO  | DNAudit | user=null | ip=null | op=WRITE_CHUNK {blockData=conID: 3 locID: 102656601978307005 bcsId: 1349} | ret=SUCCESS |  
2019-08-21 19:24:00,781 | INFO  | DNAudit | user=null | ip=null | op=PUT_BLOCK {blockData=[blockId=conID: 3 locID: 102656601978307005 bcsId: 0,size=3145728]} | ret=SUCCESS |  
2019-08-21 19:24:00,787 | INFO  | DNAudit | user=null | ip=null | op=WRITE_CHUNK {blockData=conID: 3 locID: 102656601978307005 bcsId: 1355} | ret=SUCCESS |  
2019-08-21 19:24:00,789 | INFO  | DNAudit | user=null | ip=null | op=WRITE_CHUNK {blockData=conID: 3 locID: 102656601978307005 bcsId: 1355} | ret=SUCCESS |  
2019-08-21 19:24:00,791 | INFO  | DNAudit | user=null | ip=null | op=WRITE_CHUNK {blockData=conID: 3 locID: 102656601978307005 bcsId: 1355} | ret=SUCCESS |  
2019-08-21 19:24:00,804 | INFO  | DNAudit | user=null | ip=null | op=WRITE_CHUNK {blockData=conID: 3 locID: 102656601978307005 bcsId: 1355} | ret=SUCCESS |  
2019-08-21 19:24:00,805 | INFO  | DNAudit | user=null | ip=null | op=PUT_BLOCK {blockData=[blockId=conID: 3 locID: 102656601978307005 bcsId: 0,size=4194304]} | ret=SUCCESS |  
2019-08-21 19:24:00,805 [grpc-default-executor-2] INFO  client.GrpcClientProtocolClient (GrpcClientProtocolClient.java:onNext(255)) - client-DA9582518C67->1df8bd03-73ef-4b9c-8622-5dc9d0e29c31: receive RaftClientReply:client-DA9582518C67->1df8bd03-73ef-4b9c-8622-5dc9d0e29c31@group-F45402591F47, cid=1026, SUCCESS, logIndex=1358, commits[1df8bd03-73ef-4b9c-8622-5dc9d0e29c31:c1359, 12aca755-ada5-42df-801b-c61f99d8e8b8:c1357, a308b8bf-0324-43a1-a87f-1e10a96e3042:c1357]
2019-08-21 19:24:00,805 [grpc-default-executor-2] INFO  client.GrpcClientProtocolClient (GrpcClientProtocolClient.java:onNext(255)) - client-DA9582518C67->1df8bd03-73ef-4b9c-8622-5dc9d0e29c31: receive RaftClientReply:client-DA9582518C67->1df8bd03-73ef-4b9c-8622-5dc9d0e29c31@group-F45402591F47, cid=1027, SUCCESS, logIndex=1359, commits[1df8bd03-73ef-4b9c-8622-5dc9d0e29c31:c1359, 12aca755-ada5-42df-801b-c61f99d8e8b8:c1357, a308b8bf-0324-43a1-a87f-1e10a96e3042:c1357]
2019-08-21 19:24:00,807 | INFO  | DNAudit | user=null | ip=null | op=WRITE_CHUNK {blockData=conID: 3 locID: 102656601978307005 bcsId: 1355} | ret=SUCCESS |  
2019-08-21 19:24:00,807 | INFO  | DNAudit | user=null | ip=null | op=PUT_BLOCK {blockData=[blockId=conID: 3 locID: 102656601978307005 bcsId: 0,size=4194304]} | ret=SUCCESS |  
2019-08-21 19:24:00,818 | INFO  | DNAudit | user=null | ip=null | op=WRITE_CHUNK {blockData=conID: 3 locID: 102656601978307005 bcsId: 1355} | ret=SUCCESS |  
2019-08-21 19:24:00,819 | INFO  | DNAudit | user=null | ip=null | op=PUT_BLOCK {blockData=[blockId=conID: 3 locID: 102656601978307005 bcsId: 0,size=4194304]} | ret=SUCCESS |  
2019-08-21 19:24:00,819 [grpc-default-executor-2] INFO  client.GrpcClientProtocolClient (GrpcClientProtocolClient.java:onNext(255)) - client-DA9582518C67->1df8bd03-73ef-4b9c-8622-5dc9d0e29c31: receive RaftClientReply:client-DA9582518C67->1df8bd03-73ef-4b9c-8622-5dc9d0e29c31@group-F45402591F47, cid=1028, SUCCESS, logIndex=0, commits[1df8bd03-73ef-4b9c-8622-5dc9d0e29c31:c1360, 12aca755-ada5-42df-801b-c61f99d8e8b8:c1359, a308b8bf-0324-43a1-a87f-1e10a96e3042:c1359]
2019-08-21 19:24:00,825 | INFO  | DNAudit | user=null | ip=null | op=WRITE_CHUNK {blockData=conID: 1 locID: 102656601978307006 bcsId: 0} | ret=SUCCESS |  
2019-08-21 19:24:00,827 | INFO  | DNAudit | user=null | ip=null | op=WRITE_CHUNK {blockData=conID: 1 locID: 102656601978307006 bcsId: 0} | ret=SUCCESS |  
2019-08-21 19:24:00,829 | INFO  | DNAudit | user=null | ip=null | op=WRITE_CHUNK {blockData=conID: 1 locID: 102656601978307006 bcsId: 0} | ret=SUCCESS |  
2019-08-21 19:24:00,829 | INFO  | DNAudit | user=null | ip=null | op=WRITE_CHUNK {blockData=conID: 1 locID: 102656601978307006 bcsId: 0} | ret=SUCCESS |  
2019-08-21 19:24:00,831 | INFO  | DNAudit | user=null | ip=null | op=WRITE_CHUNK {blockData=conID: 1 locID: 102656601978307006 bcsId: 0} | ret=SUCCESS |  
2019-08-21 19:24:00,831 | INFO  | DNAudit | user=null | ip=null | op=WRITE_CHUNK {blockData=conID: 1 locID: 102656601978307006 bcsId: 0} | ret=SUCCESS |  
2019-08-21 19:24:00,838 | INFO  | DNAudit | user=null | ip=null | op=WRITE_CHUNK {blockData=conID: 1 locID: 102656601978307006 bcsId: 0} | ret=SUCCESS |  
2019-08-21 19:24:00,838 | INFO  | DNAudit | user=null | ip=null | op=PUT_BLOCK {blockData=[blockId=conID: 1 locID: 102656601978307006 bcsId: 0,size=1048576]} | ret=SUCCESS |  
2019-08-21 19:24:00,838 [grpc-default-executor-2] INFO  client.GrpcClientProtocolClient (GrpcClientProtocolClient.java:onNext(255)) - client-DA9582518C67->1df8bd03-73ef-4b9c-8622-5dc9d0e29c31: receive RaftClientReply:client-DA9582518C67->1df8bd03-73ef-4b9c-8622-5dc9d0e29c31@group-F45402591F47, cid=1029, SUCCESS, logIndex=1362, commits[1df8bd03-73ef-4b9c-8622-5dc9d0e29c31:c1363, 12aca755-ada5-42df-801b-c61f99d8e8b8:c1361, a308b8bf-0324-43a1-a87f-1e10a96e3042:c1361]
2019-08-21 19:24:00,839 [grpc-default-executor-2] INFO  client.GrpcClientProtocolClient (GrpcClientProtocolClient.java:onNext(255)) - client-DA9582518C67->1df8bd03-73ef-4b9c-8622-5dc9d0e29c31: receive RaftClientReply:client-DA9582518C67->1df8bd03-73ef-4b9c-8622-5dc9d0e29c31@group-F45402591F47, cid=1030, SUCCESS, logIndex=1363, commits[1df8bd03-73ef-4b9c-8622-5dc9d0e29c31:c1363, 12aca755-ada5-42df-801b-c61f99d8e8b8:c1361, a308b8bf-0324-43a1-a87f-1e10a96e3042:c1361]
2019-08-21 19:24:00,840 | INFO  | DNAudit | user=null | ip=null | op=WRITE_CHUNK {blockData=conID: 1 locID: 102656601978307006 bcsId: 0} | ret=SUCCESS |  
2019-08-21 19:24:00,840 | INFO  | DNAudit | user=null | ip=null | op=PUT_BLOCK {blockData=[blockId=conID: 1 locID: 102656601978307006 bcsId: 0,size=2097152]} | ret=SUCCESS |  
2019-08-21 19:24:00,840 [grpc-default-executor-2] INFO  client.GrpcClientProtocolClient (GrpcClientProtocolClient.java:onNext(255)) - client-DA9582518C67->1df8bd03-73ef-4b9c-8622-5dc9d0e29c31: receive RaftClientReply:client-DA9582518C67->1df8bd03-73ef-4b9c-8622-5dc9d0e29c31@group-F45402591F47, cid=1031, SUCCESS, logIndex=1364, commits[1df8bd03-73ef-4b9c-8622-5dc9d0e29c31:c1365, 12aca755-ada5-42df-801b-c61f99d8e8b8:c1361, a308b8bf-0324-43a1-a87f-1e10a96e3042:c1361]
2019-08-21 19:24:00,841 [grpc-default-executor-2] INFO  client.GrpcClientProtocolClient (GrpcClientProtocolClient.java:onNext(255)) - client-DA9582518C67->1df8bd03-73ef-4b9c-8622-5dc9d0e29c31: receive RaftClientReply:client-DA9582518C67->1df8bd03-73ef-4b9c-8622-5dc9d0e29c31@group-F45402591F47, cid=1032, SUCCESS, logIndex=1365, commits[1df8bd03-73ef-4b9c-8622-5dc9d0e29c31:c1365, 12aca755-ada5-42df-801b-c61f99d8e8b8:c1361, a308b8bf-0324-43a1-a87f-1e10a96e3042:c1361]
2019-08-21 19:24:00,851 | INFO  | DNAudit | user=null | ip=null | op=WRITE_CHUNK {blockData=conID: 1 locID: 102656601978307006 bcsId: 0} | ret=SUCCESS |  
2019-08-21 19:24:00,851 | INFO  | DNAudit | user=null | ip=null | op=PUT_BLOCK {blockData=[blockId=conID: 1 locID: 102656601978307006 bcsId: 0,size=1048576]} | ret=SUCCESS |  
2019-08-21 19:24:00,851 | INFO  | DNAudit | user=null | ip=null | op=WRITE_CHUNK {blockData=conID: 1 locID: 102656601978307006 bcsId: 0} | ret=SUCCESS |  
2019-08-21 19:24:00,851 | INFO  | DNAudit | user=null | ip=null | op=PUT_BLOCK {blockData=[blockId=conID: 1 locID: 102656601978307006 bcsId: 0,size=1048576]} | ret=SUCCESS |  
2019-08-21 19:24:00,851 | INFO  | DNAudit | user=null | ip=null | op=WRITE_CHUNK {blockData=conID: 1 locID: 102656601978307006 bcsId: 0} | ret=SUCCESS |  
2019-08-21 19:24:00,852 | INFO  | DNAudit | user=null | ip=null | op=PUT_BLOCK {blockData=[blockId=conID: 1 locID: 102656601978307006 bcsId: 0,size=2097152]} | ret=SUCCESS |  
2019-08-21 19:24:00,852 [grpc-default-executor-2] INFO  client.GrpcClientProtocolClient (GrpcClientProtocolClient.java:onNext(255)) - client-DA9582518C67->1df8bd03-73ef-4b9c-8622-5dc9d0e29c31: receive RaftClientReply:client-DA9582518C67->1df8bd03-73ef-4b9c-8622-5dc9d0e29c31@group-F45402591F47, cid=1033, SUCCESS, logIndex=0, commits[1df8bd03-73ef-4b9c-8622-5dc9d0e29c31:c1366, 12aca755-ada5-42df-801b-c61f99d8e8b8:c1363, a308b8bf-0324-43a1-a87f-1e10a96e3042:c1363]
2019-08-21 19:24:00,853 | INFO  | DNAudit | user=null | ip=null | op=WRITE_CHUNK {blockData=conID: 1 locID: 102656601978307006 bcsId: 0} | ret=SUCCESS |  
2019-08-21 19:24:00,854 | INFO  | DNAudit | user=null | ip=null | op=PUT_BLOCK {blockData=[blockId=conID: 1 locID: 102656601978307006 bcsId: 0,size=2097152]} | ret=SUCCESS |  
2019-08-21 19:24:00,858 | INFO  | DNAudit | user=null | ip=null | op=WRITE_CHUNK {blockData=conID: 1 locID: 102656601978307006 bcsId: 1365} | ret=SUCCESS |  
2019-08-21 19:24:00,860 | INFO  | DNAudit | user=null | ip=null | op=WRITE_CHUNK {blockData=conID: 1 locID: 102656601978307006 bcsId: 1365} | ret=SUCCESS |  
2019-08-21 19:24:00,861 | INFO  | DNAudit | user=null | ip=null | op=WRITE_CHUNK {blockData=conID: 1 locID: 102656601978307006 bcsId: 1365} | ret=SUCCESS |  
2019-08-21 19:24:00,870 | INFO  | DNAudit | user=null | ip=null | op=WRITE_CHUNK {blockData=conID: 1 locID: 102656601978307006 bcsId: 1365} | ret=SUCCESS |  
2019-08-21 19:24:00,871 | INFO  | DNAudit | user=null | ip=null | op=PUT_BLOCK {blockData=[blockId=conID: 1 locID: 102656601978307006 bcsId: 0,size=3145728]} | ret=SUCCESS |  
2019-08-21 19:24:00,871 [grpc-default-executor-5] INFO  client.GrpcClientProtocolClient (GrpcClientProtocolClient.java:onNext(255)) - client-DA9582518C67->1df8bd03-73ef-4b9c-8622-5dc9d0e29c31: receive RaftClientReply:client-DA9582518C67->1df8bd03-73ef-4b9c-8622-5dc9d0e29c31@group-F45402591F47, cid=1034, SUCCESS, logIndex=1370, commits[1df8bd03-73ef-4b9c-8622-5dc9d0e29c31:c1371, 12aca755-ada5-42df-801b-c61f99d8e8b8:c1369, a308b8bf-0324-43a1-a87f-1e10a96e3042:c1369]
2019-08-21 19:24:00,871 [grpc-default-executor-5] INFO  client.GrpcClientProtocolClient (GrpcClientProtocolClient.java:onNext(255)) - client-DA9582518C67->1df8bd03-73ef-4b9c-8622-5dc9d0e29c31: receive RaftClientReply:client-DA9582518C67->1df8bd03-73ef-4b9c-8622-5dc9d0e29c31@group-F45402591F47, cid=1035, SUCCESS, logIndex=1371, commits[1df8bd03-73ef-4b9c-8622-5dc9d0e29c31:c1371, 12aca755-ada5-42df-801b-c61f99d8e8b8:c1369, a308b8bf-0324-43a1-a87f-1e10a96e3042:c1369]
2019-08-21 19:24:00,877 | INFO  | DNAudit | user=null | ip=null | op=WRITE_CHUNK {blockData=conID: 1 locID: 102656601978307006 bcsId: 1371} | ret=SUCCESS |  
2019-08-21 19:24:00,880 | INFO  | DNAudit | user=null | ip=null | op=WRITE_CHUNK {blockData=conID: 1 locID: 102656601978307006 bcsId: 1371} | ret=SUCCESS |  
2019-08-21 19:24:00,881 | INFO  | DNAudit | user=null | ip=null | op=WRITE_CHUNK {blockData=conID: 1 locID: 102656601978307006 bcsId: 1371} | ret=SUCCESS |  
2019-08-21 19:24:00,881 | INFO  | DNAudit | user=null | ip=null | op=WRITE_CHUNK {blockData=conID: 1 locID: 102656601978307006 bcsId: 1365} | ret=SUCCESS |  
2019-08-21 19:24:00,881 | INFO  | DNAudit | user=null | ip=null | op=WRITE_CHUNK {blockData=conID: 1 locID: 102656601978307006 bcsId: 1365} | ret=SUCCESS |  
2019-08-21 19:24:00,882 | INFO  | DNAudit | user=null | ip=null | op=PUT_BLOCK {blockData=[blockId=conID: 1 locID: 102656601978307006 bcsId: 0,size=3145728]} | ret=SUCCESS |  
2019-08-21 19:24:00,882 | INFO  | DNAudit | user=null | ip=null | op=PUT_BLOCK {blockData=[blockId=conID: 1 locID: 102656601978307006 bcsId: 0,size=3145728]} | ret=SUCCESS |  
2019-08-21 19:24:00,885 | INFO  | DNAudit | user=null | ip=null | op=WRITE_CHUNK {blockData=conID: 1 locID: 102656601978307006 bcsId: 1371} | ret=SUCCESS |  
2019-08-21 19:24:00,885 | INFO  | DNAudit | user=null | ip=null | op=PUT_BLOCK {blockData=[blockId=conID: 1 locID: 102656601978307006 bcsId: 0,size=4194304]} | ret=SUCCESS |  
2019-08-21 19:24:00,885 [grpc-default-executor-2] INFO  client.GrpcClientProtocolClient (GrpcClientProtocolClient.java:onNext(255)) - client-DA9582518C67->1df8bd03-73ef-4b9c-8622-5dc9d0e29c31: receive RaftClientReply:client-DA9582518C67->1df8bd03-73ef-4b9c-8622-5dc9d0e29c31@group-F45402591F47, cid=1036, SUCCESS, logIndex=1374, commits[1df8bd03-73ef-4b9c-8622-5dc9d0e29c31:c1375, 12aca755-ada5-42df-801b-c61f99d8e8b8:c1371, a308b8bf-0324-43a1-a87f-1e10a96e3042:c1371]
2019-08-21 19:24:00,886 [grpc-default-executor-2] INFO  client.GrpcClientProtocolClient (GrpcClientProtocolClient.java:onNext(255)) - client-DA9582518C67->1df8bd03-73ef-4b9c-8622-5dc9d0e29c31: receive RaftClientReply:client-DA9582518C67->1df8bd03-73ef-4b9c-8622-5dc9d0e29c31@group-F45402591F47, cid=1037, SUCCESS, logIndex=1375, commits[1df8bd03-73ef-4b9c-8622-5dc9d0e29c31:c1375, 12aca755-ada5-42df-801b-c61f99d8e8b8:c1371, a308b8bf-0324-43a1-a87f-1e10a96e3042:c1371]
2019-08-21 19:24:00,896 | INFO  | DNAudit | user=null | ip=null | op=WRITE_CHUNK {blockData=conID: 1 locID: 102656601978307006 bcsId: 1371} | ret=SUCCESS |  
2019-08-21 19:24:00,896 | INFO  | DNAudit | user=null | ip=null | op=WRITE_CHUNK {blockData=conID: 1 locID: 102656601978307006 bcsId: 1371} | ret=SUCCESS |  
2019-08-21 19:24:00,899 | INFO  | DNAudit | user=null | ip=null | op=PUT_BLOCK {blockData=[blockId=conID: 1 locID: 102656601978307006 bcsId: 0,size=4194304]} | ret=SUCCESS |  
2019-08-21 19:24:00,899 | INFO  | DNAudit | user=null | ip=null | op=PUT_BLOCK {blockData=[blockId=conID: 1 locID: 102656601978307006 bcsId: 0,size=4194304]} | ret=SUCCESS |  
2019-08-21 19:24:00,900 [grpc-default-executor-2] INFO  client.GrpcClientProtocolClient (GrpcClientProtocolClient.java:onNext(255)) - client-DA9582518C67->1df8bd03-73ef-4b9c-8622-5dc9d0e29c31: receive RaftClientReply:client-DA9582518C67->1df8bd03-73ef-4b9c-8622-5dc9d0e29c31@group-F45402591F47, cid=1038, SUCCESS, logIndex=0, commits[1df8bd03-73ef-4b9c-8622-5dc9d0e29c31:c1377, 12aca755-ada5-42df-801b-c61f99d8e8b8:c1375, a308b8bf-0324-43a1-a87f-1e10a96e3042:c1375]
2019-08-21 19:24:00,906 | INFO  | DNAudit | user=null | ip=null | op=WRITE_CHUNK {blockData=conID: 2 locID: 102656601978307007 bcsId: 0} | ret=SUCCESS |  
2019-08-21 19:24:00,909 | INFO  | DNAudit | user=null | ip=null | op=WRITE_CHUNK {blockData=conID: 2 locID: 102656601978307007 bcsId: 0} | ret=SUCCESS |  
2019-08-21 19:24:00,909 | INFO  | DNAudit | user=null | ip=null | op=WRITE_CHUNK {blockData=conID: 2 locID: 102656601978307007 bcsId: 0} | ret=SUCCESS |  
2019-08-21 19:24:00,910 | INFO  | DNAudit | user=null | ip=null | op=WRITE_CHUNK {blockData=conID: 2 locID: 102656601978307007 bcsId: 0} | ret=SUCCESS |  
2019-08-21 19:24:00,911 | INFO  | DNAudit | user=null | ip=null | op=WRITE_CHUNK {blockData=conID: 2 locID: 102656601978307007 bcsId: 0} | ret=SUCCESS |  
2019-08-21 19:24:00,912 | INFO  | DNAudit | user=null | ip=null | op=WRITE_CHUNK {blockData=conID: 2 locID: 102656601978307007 bcsId: 0} | ret=SUCCESS |  
2019-08-21 19:24:00,920 | INFO  | DNAudit | user=null | ip=null | op=WRITE_CHUNK {blockData=conID: 2 locID: 102656601978307007 bcsId: 0} | ret=SUCCESS |  
2019-08-21 19:24:00,921 | INFO  | DNAudit | user=null | ip=null | op=PUT_BLOCK {blockData=[blockId=conID: 2 locID: 102656601978307007 bcsId: 0,size=1048576]} | ret=SUCCESS |  
2019-08-21 19:24:00,921 [grpc-default-executor-2] INFO  client.GrpcClientProtocolClient (GrpcClientProtocolClient.java:onNext(255)) - client-DA9582518C67->1df8bd03-73ef-4b9c-8622-5dc9d0e29c31: receive RaftClientReply:client-DA9582518C67->1df8bd03-73ef-4b9c-8622-5dc9d0e29c31@group-F45402591F47, cid=1039, SUCCESS, logIndex=1378, commits[1df8bd03-73ef-4b9c-8622-5dc9d0e29c31:c1379, 12aca755-ada5-42df-801b-c61f99d8e8b8:c1377, a308b8bf-0324-43a1-a87f-1e10a96e3042:c1377]
2019-08-21 19:24:00,921 [grpc-default-executor-2] INFO  client.GrpcClientProtocolClient (GrpcClientProtocolClient.java:onNext(255)) - client-DA9582518C67->1df8bd03-73ef-4b9c-8622-5dc9d0e29c31: receive RaftClientReply:client-DA9582518C67->1df8bd03-73ef-4b9c-8622-5dc9d0e29c31@group-F45402591F47, cid=1040, SUCCESS, logIndex=1379, commits[1df8bd03-73ef-4b9c-8622-5dc9d0e29c31:c1379, 12aca755-ada5-42df-801b-c61f99d8e8b8:c1377, a308b8bf-0324-43a1-a87f-1e10a96e3042:c1377]
2019-08-21 19:24:00,932 | INFO  | DNAudit | user=null | ip=null | op=WRITE_CHUNK {blockData=conID: 2 locID: 102656601978307007 bcsId: 0} | ret=SUCCESS |  
2019-08-21 19:24:00,932 | INFO  | DNAudit | user=null | ip=null | op=WRITE_CHUNK {blockData=conID: 2 locID: 102656601978307007 bcsId: 0} | ret=SUCCESS |  
2019-08-21 19:24:00,932 | INFO  | DNAudit | user=null | ip=null | op=PUT_BLOCK {blockData=[blockId=conID: 2 locID: 102656601978307007 bcsId: 0,size=2097152]} | ret=SUCCESS |  
2019-08-21 19:24:00,932 | INFO  | DNAudit | user=null | ip=null | op=PUT_BLOCK {blockData=[blockId=conID: 2 locID: 102656601978307007 bcsId: 0,size=1048576]} | ret=SUCCESS |  
2019-08-21 19:24:00,932 [grpc-default-executor-2] INFO  client.GrpcClientProtocolClient (GrpcClientProtocolClient.java:onNext(255)) - client-DA9582518C67->1df8bd03-73ef-4b9c-8622-5dc9d0e29c31: receive RaftClientReply:client-DA9582518C67->1df8bd03-73ef-4b9c-8622-5dc9d0e29c31@group-F45402591F47, cid=1041, SUCCESS, logIndex=1380, commits[1df8bd03-73ef-4b9c-8622-5dc9d0e29c31:c1381, 12aca755-ada5-42df-801b-c61f99d8e8b8:c1377, a308b8bf-0324-43a1-a87f-1e10a96e3042:c1377]
2019-08-21 19:24:00,933 [grpc-default-executor-2] INFO  client.GrpcClientProtocolClient (GrpcClientProtocolClient.java:onNext(255)) - client-DA9582518C67->1df8bd03-73ef-4b9c-8622-5dc9d0e29c31: receive RaftClientReply:client-DA9582518C67->1df8bd03-73ef-4b9c-8622-5dc9d0e29c31@group-F45402591F47, cid=1042, SUCCESS, logIndex=1381, commits[1df8bd03-73ef-4b9c-8622-5dc9d0e29c31:c1382, 12aca755-ada5-42df-801b-c61f99d8e8b8:c1377, a308b8bf-0324-43a1-a87f-1e10a96e3042:c1379]
2019-08-21 19:24:00,934 | INFO  | DNAudit | user=null | ip=null | op=WRITE_CHUNK {blockData=conID: 2 locID: 102656601978307007 bcsId: 0} | ret=SUCCESS |  
2019-08-21 19:24:00,934 | INFO  | DNAudit | user=null | ip=null | op=PUT_BLOCK {blockData=[blockId=conID: 2 locID: 102656601978307007 bcsId: 0,size=1048576]} | ret=SUCCESS |  
2019-08-21 19:24:00,935 [grpc-default-executor-2] INFO  client.GrpcClientProtocolClient (GrpcClientProtocolClient.java:onNext(255)) - client-DA9582518C67->1df8bd03-73ef-4b9c-8622-5dc9d0e29c31: receive RaftClientReply:client-DA9582518C67->1df8bd03-73ef-4b9c-8622-5dc9d0e29c31@group-F45402591F47, cid=1043, SUCCESS, logIndex=0, commits[1df8bd03-73ef-4b9c-8622-5dc9d0e29c31:c1383, 12aca755-ada5-42df-801b-c61f99d8e8b8:c1379, a308b8bf-0324-43a1-a87f-1e10a96e3042:c1379]
2019-08-21 19:24:00,941 | INFO  | DNAudit | user=null | ip=null | op=WRITE_CHUNK {blockData=conID: 2 locID: 102656601978307007 bcsId: 1381} | ret=SUCCESS |  
2019-08-21 19:24:00,945 | INFO  | DNAudit | user=null | ip=null | op=WRITE_CHUNK {blockData=conID: 2 locID: 102656601978307007 bcsId: 1381} | ret=SUCCESS |  
2019-08-21 19:24:00,945 | INFO  | DNAudit | user=null | ip=null | op=WRITE_CHUNK {blockData=conID: 2 locID: 102656601978307007 bcsId: 1381} | ret=SUCCESS |  
2019-08-21 19:24:00,946 | INFO  | DNAudit | user=null | ip=null | op=WRITE_CHUNK {blockData=conID: 2 locID: 102656601978307007 bcsId: 0} | ret=SUCCESS |  
2019-08-21 19:24:00,946 | INFO  | SCMAudit | user=jenkins1000 | ip=192.168.69.88 | op=SEND_HEARTBEAT {datanodeUUID=1df8bd03-73ef-4b9c-8622-5dc9d0e29c31, command=[]} | ret=SUCCESS |  
2019-08-21 19:24:00,946 | INFO  | SCMAudit | user=jenkins1000 | ip=192.168.69.88 | op=SEND_HEARTBEAT {datanodeUUID=12aca755-ada5-42df-801b-c61f99d8e8b8, command=[]} | ret=SUCCESS |  
2019-08-21 19:24:00,946 | INFO  | SCMAudit | user=jenkins1000 | ip=192.168.69.88 | op=SEND_HEARTBEAT {datanodeUUID=a308b8bf-0324-43a1-a87f-1e10a96e3042, command=[]} | ret=SUCCESS |  
2019-08-21 19:24:00,946 | INFO  | DNAudit | user=null | ip=null | op=WRITE_CHUNK {blockData=conID: 2 locID: 102656601978307007 bcsId: 0} | ret=SUCCESS |  
2019-08-21 19:24:00,946 | INFO  | DNAudit | user=null | ip=null | op=PUT_BLOCK {blockData=[blockId=conID: 2 locID: 102656601978307007 bcsId: 0,size=2097152]} | ret=SUCCESS |  
2019-08-21 19:24:00,946 | INFO  | DNAudit | user=null | ip=null | op=PUT_BLOCK {blockData=[blockId=conID: 2 locID: 102656601978307007 bcsId: 0,size=2097152]} | ret=SUCCESS |  
2019-08-21 19:24:00,947 | INFO  | DNAudit | user=null | ip=null | op=WRITE_CHUNK {blockData=conID: 2 locID: 102656601978307007 bcsId: 1381} | ret=SUCCESS |  
2019-08-21 19:24:00,947 | INFO  | DNAudit | user=null | ip=null | op=PUT_BLOCK {blockData=[blockId=conID: 2 locID: 102656601978307007 bcsId: 0,size=3145728]} | ret=SUCCESS |  
2019-08-21 19:24:00,947 [grpc-default-executor-0] INFO  client.GrpcClientProtocolClient (GrpcClientProtocolClient.java:onNext(255)) - client-DA9582518C67->1df8bd03-73ef-4b9c-8622-5dc9d0e29c31: receive RaftClientReply:client-DA9582518C67->1df8bd03-73ef-4b9c-8622-5dc9d0e29c31@group-F45402591F47, cid=1044, SUCCESS, logIndex=1386, commits[1df8bd03-73ef-4b9c-8622-5dc9d0e29c31:c1387, 12aca755-ada5-42df-801b-c61f99d8e8b8:c1381, a308b8bf-0324-43a1-a87f-1e10a96e3042:c1383]
2019-08-21 19:24:00,948 [grpc-default-executor-0] INFO  client.GrpcClientProtocolClient (GrpcClientProtocolClient.java:onNext(255)) - client-DA9582518C67->1df8bd03-73ef-4b9c-8622-5dc9d0e29c31: receive RaftClientReply:client-DA9582518C67->1df8bd03-73ef-4b9c-8622-5dc9d0e29c31@group-F45402591F47, cid=1045, SUCCESS, logIndex=1387, commits[1df8bd03-73ef-4b9c-8622-5dc9d0e29c31:c1387, 12aca755-ada5-42df-801b-c61f99d8e8b8:c1381, a308b8bf-0324-43a1-a87f-1e10a96e3042:c1383]
2019-08-21 19:24:00,948 | INFO  | DNAudit | user=null | ip=null | op=WRITE_CHUNK {blockData=conID: 2 locID: 102656601978307007 bcsId: 1381} | ret=SUCCESS |  
2019-08-21 19:24:00,948 | INFO  | DNAudit | user=null | ip=null | op=WRITE_CHUNK {blockData=conID: 2 locID: 102656601978307007 bcsId: 1381} | ret=SUCCESS |  
2019-08-21 19:24:00,949 | INFO  | DNAudit | user=null | ip=null | op=PUT_BLOCK {blockData=[blockId=conID: 2 locID: 102656601978307007 bcsId: 0,size=3145728]} | ret=SUCCESS |  
2019-08-21 19:24:00,949 | INFO  | DNAudit | user=null | ip=null | op=PUT_BLOCK {blockData=[blockId=conID: 2 locID: 102656601978307007 bcsId: 0,size=3145728]} | ret=SUCCESS |  
2019-08-21 19:24:00,954 | INFO  | DNAudit | user=null | ip=null | op=WRITE_CHUNK {blockData=conID: 2 locID: 102656601978307007 bcsId: 1387} | ret=SUCCESS |  
2019-08-21 19:24:00,957 | INFO  | DNAudit | user=null | ip=null | op=WRITE_CHUNK {blockData=conID: 2 locID: 102656601978307007 bcsId: 1387} | ret=SUCCESS |  
2019-08-21 19:24:00,958 | INFO  | DNAudit | user=null | ip=null | op=WRITE_CHUNK {blockData=conID: 2 locID: 102656601978307007 bcsId: 1387} | ret=SUCCESS |  
2019-08-21 19:24:00,965 | INFO  | DNAudit | user=null | ip=null | op=WRITE_CHUNK {blockData=conID: 2 locID: 102656601978307007 bcsId: 1387} | ret=SUCCESS |  
2019-08-21 19:24:00,966 | INFO  | DNAudit | user=null | ip=null | op=PUT_BLOCK {blockData=[blockId=conID: 2 locID: 102656601978307007 bcsId: 0,size=4194304]} | ret=SUCCESS |  
2019-08-21 19:24:00,966 [grpc-default-executor-2] INFO  client.GrpcClientProtocolClient (GrpcClientProtocolClient.java:onNext(255)) - client-DA9582518C67->1df8bd03-73ef-4b9c-8622-5dc9d0e29c31: receive RaftClientReply:client-DA9582518C67->1df8bd03-73ef-4b9c-8622-5dc9d0e29c31@group-F45402591F47, cid=1046, SUCCESS, logIndex=1390, commits[1df8bd03-73ef-4b9c-8622-5dc9d0e29c31:c1391, 12aca755-ada5-42df-801b-c61f99d8e8b8:c1389, a308b8bf-0324-43a1-a87f-1e10a96e3042:c1389]
2019-08-21 19:24:00,966 [grpc-default-executor-2] INFO  client.GrpcClientProtocolClient (GrpcClientProtocolClient.java:onNext(255)) - client-DA9582518C67->1df8bd03-73ef-4b9c-8622-5dc9d0e29c31: receive RaftClientReply:client-DA9582518C67->1df8bd03-73ef-4b9c-8622-5dc9d0e29c31@group-F45402591F47, cid=1047, SUCCESS, logIndex=1391, commits[1df8bd03-73ef-4b9c-8622-5dc9d0e29c31:c1391, 12aca755-ada5-42df-801b-c61f99d8e8b8:c1389, a308b8bf-0324-43a1-a87f-1e10a96e3042:c1389]
2019-08-21 19:24:00,975 | INFO  | DNAudit | user=null | ip=null | op=WRITE_CHUNK {blockData=conID: 2 locID: 102656601978307007 bcsId: 1387} | ret=SUCCESS |  
2019-08-21 19:24:00,975 | INFO  | DNAudit | user=null | ip=null | op=WRITE_CHUNK {blockData=conID: 2 locID: 102656601978307007 bcsId: 1387} | ret=SUCCESS |  
2019-08-21 19:24:00,975 | INFO  | DNAudit | user=null | ip=null | op=PUT_BLOCK {blockData=[blockId=conID: 2 locID: 102656601978307007 bcsId: 0,size=4194304]} | ret=SUCCESS |  
2019-08-21 19:24:00,975 | INFO  | DNAudit | user=null | ip=null | op=PUT_BLOCK {blockData=[blockId=conID: 2 locID: 102656601978307007 bcsId: 0,size=4194304]} | ret=SUCCESS |  
2019-08-21 19:24:00,976 [grpc-default-executor-2] INFO  client.GrpcClientProtocolClient (GrpcClientProtocolClient.java:onNext(255)) - client-DA9582518C67->1df8bd03-73ef-4b9c-8622-5dc9d0e29c31: receive RaftClientReply:client-DA9582518C67->1df8bd03-73ef-4b9c-8622-5dc9d0e29c31@group-F45402591F47, cid=1048, SUCCESS, logIndex=0, commits[1df8bd03-73ef-4b9c-8622-5dc9d0e29c31:c1392, 12aca755-ada5-42df-801b-c61f99d8e8b8:c1391, a308b8bf-0324-43a1-a87f-1e10a96e3042:c1391]
2019-08-21 19:24:00,982 | INFO  | DNAudit | user=null | ip=null | op=WRITE_CHUNK {blockData=conID: 3 locID: 102656601978307008 bcsId: 0} | ret=SUCCESS |  
2019-08-21 19:24:00,983 | INFO  | DNAudit | user=null | ip=null | op=WRITE_CHUNK {blockData=conID: 3 locID: 102656601978307008 bcsId: 0} | ret=SUCCESS |  
2019-08-21 19:24:00,985 | INFO  | DNAudit | user=null | ip=null | op=WRITE_CHUNK {blockData=conID: 3 locID: 102656601978307008 bcsId: 0} | ret=SUCCESS |  
2019-08-21 19:24:00,985 | INFO  | DNAudit | user=null | ip=null | op=WRITE_CHUNK {blockData=conID: 3 locID: 102656601978307008 bcsId: 0} | ret=SUCCESS |  
2019-08-21 19:24:01,091 | INFO  | DNAudit | user=null | ip=null | op=WRITE_CHUNK {blockData=conID: 3 locID: 102656601978307008 bcsId: 0} | ret=SUCCESS |  
2019-08-21 19:24:01,091 | INFO  | DNAudit | user=null | ip=null | op=WRITE_CHUNK {blockData=conID: 3 locID: 102656601978307008 bcsId: 0} | ret=SUCCESS |  
2019-08-21 19:24:01,092 | INFO  | DNAudit | user=null | ip=null | op=PUT_BLOCK {blockData=[blockId=conID: 3 locID: 102656601978307008 bcsId: 0,size=1048576]} | ret=SUCCESS |  
2019-08-21 19:24:01,092 [grpc-default-executor-0] INFO  client.GrpcClientProtocolClient (GrpcClientProtocolClient.java:onNext(255)) - client-DA9582518C67->1df8bd03-73ef-4b9c-8622-5dc9d0e29c31: receive RaftClientReply:client-DA9582518C67->1df8bd03-73ef-4b9c-8622-5dc9d0e29c31@group-F45402591F47, cid=1049, SUCCESS, logIndex=1394, commits[1df8bd03-73ef-4b9c-8622-5dc9d0e29c31:c1395, 12aca755-ada5-42df-801b-c61f99d8e8b8:c1393, a308b8bf-0324-43a1-a87f-1e10a96e3042:c1393]
2019-08-21 19:24:01,092 | INFO  | DNAudit | user=null | ip=null | op=WRITE_CHUNK {blockData=conID: 3 locID: 102656601978307008 bcsId: 0} | ret=SUCCESS |  
2019-08-21 19:24:01,093 [grpc-default-executor-0] INFO  client.GrpcClientProtocolClient (GrpcClientProtocolClient.java:onNext(255)) - client-DA9582518C67->1df8bd03-73ef-4b9c-8622-5dc9d0e29c31: receive RaftClientReply:client-DA9582518C67->1df8bd03-73ef-4b9c-8622-5dc9d0e29c31@group-F45402591F47, cid=1050, SUCCESS, logIndex=1395, commits[1df8bd03-73ef-4b9c-8622-5dc9d0e29c31:c1395, 12aca755-ada5-42df-801b-c61f99d8e8b8:c1393, a308b8bf-0324-43a1-a87f-1e10a96e3042:c1393]
2019-08-21 19:24:01,104 | INFO  | DNAudit | user=null | ip=null | op=WRITE_CHUNK {blockData=conID: 3 locID: 102656601978307008 bcsId: 0} | ret=SUCCESS |  
2019-08-21 19:24:01,104 | INFO  | DNAudit | user=null | ip=null | op=WRITE_CHUNK {blockData=conID: 3 locID: 102656601978307008 bcsId: 0} | ret=SUCCESS |  
2019-08-21 19:24:01,104 | INFO  | DNAudit | user=null | ip=null | op=WRITE_CHUNK {blockData=conID: 3 locID: 102656601978307008 bcsId: 0} | ret=SUCCESS |  
2019-08-21 19:24:01,104 | INFO  | DNAudit | user=null | ip=null | op=PUT_BLOCK {blockData=[blockId=conID: 3 locID: 102656601978307008 bcsId: 0,size=1048576]} | ret=SUCCESS |  
2019-08-21 19:24:01,104 | INFO  | DNAudit | user=null | ip=null | op=PUT_BLOCK {blockData=[blockId=conID: 3 locID: 102656601978307008 bcsId: 0,size=2097152]} | ret=SUCCESS |  
2019-08-21 19:24:01,104 | INFO  | DNAudit | user=null | ip=null | op=PUT_BLOCK {blockData=[blockId=conID: 3 locID: 102656601978307008 bcsId: 0,size=1048576]} | ret=SUCCESS |  
2019-08-21 19:24:01,104 [grpc-default-executor-5] INFO  client.GrpcClientProtocolClient (GrpcClientProtocolClient.java:onNext(255)) - client-DA9582518C67->1df8bd03-73ef-4b9c-8622-5dc9d0e29c31: receive RaftClientReply:client-DA9582518C67->1df8bd03-73ef-4b9c-8622-5dc9d0e29c31@group-F45402591F47, cid=1051, SUCCESS, logIndex=1396, commits[1df8bd03-73ef-4b9c-8622-5dc9d0e29c31:c1397, 12aca755-ada5-42df-801b-c61f99d8e8b8:c1393, a308b8bf-0324-43a1-a87f-1e10a96e3042:c1393]
2019-08-21 19:24:01,105 [grpc-default-executor-5] INFO  client.GrpcClientProtocolClient (GrpcClientProtocolClient.java:onNext(255)) - client-DA9582518C67->1df8bd03-73ef-4b9c-8622-5dc9d0e29c31: receive RaftClientReply:client-DA9582518C67->1df8bd03-73ef-4b9c-8622-5dc9d0e29c31@group-F45402591F47, cid=1052, SUCCESS, logIndex=1397, commits[1df8bd03-73ef-4b9c-8622-5dc9d0e29c31:c1398, 12aca755-ada5-42df-801b-c61f99d8e8b8:c1394, a308b8bf-0324-43a1-a87f-1e10a96e3042:c1395]
2019-08-21 19:24:01,106 [grpc-default-executor-5] INFO  client.GrpcClientProtocolClient (GrpcClientProtocolClient.java:onNext(255)) - client-DA9582518C67->1df8bd03-73ef-4b9c-8622-5dc9d0e29c31: receive RaftClientReply:client-DA9582518C67->1df8bd03-73ef-4b9c-8622-5dc9d0e29c31@group-F45402591F47, cid=1053, SUCCESS, logIndex=0, commits[1df8bd03-73ef-4b9c-8622-5dc9d0e29c31:c1399, 12aca755-ada5-42df-801b-c61f99d8e8b8:c1395, a308b8bf-0324-43a1-a87f-1e10a96e3042:c1395]
2019-08-21 19:24:01,107 | INFO  | DNAudit | user=null | ip=null | op=WRITE_CHUNK {blockData=conID: 3 locID: 102656601978307008 bcsId: 0} | ret=SUCCESS |  
2019-08-21 19:24:01,107 | INFO  | DNAudit | user=null | ip=null | op=WRITE_CHUNK {blockData=conID: 3 locID: 102656601978307008 bcsId: 0} | ret=SUCCESS |  
2019-08-21 19:24:01,114 | INFO  | DNAudit | user=null | ip=null | op=WRITE_CHUNK {blockData=conID: 3 locID: 102656601978307008 bcsId: 1397} | ret=SUCCESS |  
2019-08-21 19:24:01,118 | INFO  | DNAudit | user=null | ip=null | op=PUT_BLOCK {blockData=[blockId=conID: 3 locID: 102656601978307008 bcsId: 0,size=2097152]} | ret=SUCCESS |  
2019-08-21 19:24:01,118 | INFO  | DNAudit | user=null | ip=null | op=PUT_BLOCK {blockData=[blockId=conID: 3 locID: 102656601978307008 bcsId: 0,size=2097152]} | ret=SUCCESS |  
2019-08-21 19:24:01,119 | INFO  | DNAudit | user=null | ip=null | op=WRITE_CHUNK {blockData=conID: 3 locID: 102656601978307008 bcsId: 1397} | ret=SUCCESS |  
2019-08-21 19:24:01,119 | INFO  | DNAudit | user=null | ip=null | op=WRITE_CHUNK {blockData=conID: 3 locID: 102656601978307008 bcsId: 1397} | ret=SUCCESS |  
2019-08-21 19:24:01,131 | INFO  | DNAudit | user=null | ip=null | op=WRITE_CHUNK {blockData=conID: 3 locID: 102656601978307008 bcsId: 1397} | ret=SUCCESS |  
2019-08-21 19:24:01,131 | INFO  | DNAudit | user=null | ip=null | op=PUT_BLOCK {blockData=[blockId=conID: 3 locID: 102656601978307008 bcsId: 0,size=3145728]} | ret=SUCCESS |  
2019-08-21 19:24:01,131 [grpc-default-executor-5] INFO  client.GrpcClientProtocolClient (GrpcClientProtocolClient.java:onNext(255)) - client-DA9582518C67->1df8bd03-73ef-4b9c-8622-5dc9d0e29c31: receive RaftClientReply:client-DA9582518C67->1df8bd03-73ef-4b9c-8622-5dc9d0e29c31@group-F45402591F47, cid=1054, SUCCESS, logIndex=1402, commits[1df8bd03-73ef-4b9c-8622-5dc9d0e29c31:c1403, 12aca755-ada5-42df-801b-c61f99d8e8b8:c1400, a308b8bf-0324-43a1-a87f-1e10a96e3042:c1397]
2019-08-21 19:24:01,132 [grpc-default-executor-5] INFO  client.GrpcClientProtocolClient (GrpcClientProtocolClient.java:onNext(255)) - client-DA9582518C67->1df8bd03-73ef-4b9c-8622-5dc9d0e29c31: receive RaftClientReply:client-DA9582518C67->1df8bd03-73ef-4b9c-8622-5dc9d0e29c31@group-F45402591F47, cid=1055, SUCCESS, logIndex=1403, commits[1df8bd03-73ef-4b9c-8622-5dc9d0e29c31:c1403, 12aca755-ada5-42df-801b-c61f99d8e8b8:c1400, a308b8bf-0324-43a1-a87f-1e10a96e3042:c1400]
2019-08-21 19:24:01,132 | INFO  | DNAudit | user=null | ip=null | op=WRITE_CHUNK {blockData=conID: 3 locID: 102656601978307008 bcsId: 1397} | ret=SUCCESS |  
2019-08-21 19:24:01,132 | INFO  | DNAudit | user=null | ip=null | op=PUT_BLOCK {blockData=[blockId=conID: 3 locID: 102656601978307008 bcsId: 0,size=3145728]} | ret=SUCCESS |  
2019-08-21 19:24:01,134 | INFO  | DNAudit | user=null | ip=null | op=WRITE_CHUNK {blockData=conID: 3 locID: 102656601978307008 bcsId: 1397} | ret=SUCCESS |  
2019-08-21 19:24:01,134 | INFO  | DNAudit | user=null | ip=null | op=PUT_BLOCK {blockData=[blockId=conID: 3 locID: 102656601978307008 bcsId: 0,size=3145728]} | ret=SUCCESS |  
2019-08-21 19:24:01,139 | INFO  | DNAudit | user=null | ip=null | op=WRITE_CHUNK {blockData=conID: 3 locID: 102656601978307008 bcsId: 1403} | ret=SUCCESS |  
2019-08-21 19:24:01,141 | INFO  | DNAudit | user=null | ip=null | op=WRITE_CHUNK {blockData=conID: 3 locID: 102656601978307008 bcsId: 1403} | ret=SUCCESS |  
2019-08-21 19:24:01,142 | INFO  | DNAudit | user=null | ip=null | op=WRITE_CHUNK {blockData=conID: 3 locID: 102656601978307008 bcsId: 1403} | ret=SUCCESS |  
2019-08-21 19:24:01,159 | INFO  | DNAudit | user=null | ip=null | op=WRITE_CHUNK {blockData=conID: 3 locID: 102656601978307008 bcsId: 1403} | ret=SUCCESS |  
2019-08-21 19:24:01,160 | INFO  | DNAudit | user=null | ip=null | op=PUT_BLOCK {blockData=[blockId=conID: 3 locID: 102656601978307008 bcsId: 0,size=4194304]} | ret=SUCCESS |  
2019-08-21 19:24:01,160 [grpc-default-executor-0] INFO  client.GrpcClientProtocolClient (GrpcClientProtocolClient.java:onNext(255)) - client-DA9582518C67->1df8bd03-73ef-4b9c-8622-5dc9d0e29c31: receive RaftClientReply:client-DA9582518C67->1df8bd03-73ef-4b9c-8622-5dc9d0e29c31@group-F45402591F47, cid=1056, SUCCESS, logIndex=1406, commits[1df8bd03-73ef-4b9c-8622-5dc9d0e29c31:c1407, 12aca755-ada5-42df-801b-c61f99d8e8b8:c1404, a308b8bf-0324-43a1-a87f-1e10a96e3042:c1404]
2019-08-21 19:24:01,161 | INFO  | DNAudit | user=null | ip=null | op=WRITE_CHUNK {blockData=conID: 3 locID: 102656601978307008 bcsId: 1403} | ret=SUCCESS |  
2019-08-21 19:24:01,161 [grpc-default-executor-0] INFO  client.GrpcClientProtocolClient (GrpcClientProtocolClient.java:onNext(255)) - client-DA9582518C67->1df8bd03-73ef-4b9c-8622-5dc9d0e29c31: receive RaftClientReply:client-DA9582518C67->1df8bd03-73ef-4b9c-8622-5dc9d0e29c31@group-F45402591F47, cid=1057, SUCCESS, logIndex=1407, commits[1df8bd03-73ef-4b9c-8622-5dc9d0e29c31:c1407, 12aca755-ada5-42df-801b-c61f99d8e8b8:c1404, a308b8bf-0324-43a1-a87f-1e10a96e3042:c1404]
2019-08-21 19:24:01,162 | INFO  | DNAudit | user=null | ip=null | op=WRITE_CHUNK {blockData=conID: 3 locID: 102656601978307008 bcsId: 1403} | ret=SUCCESS |  
2019-08-21 19:24:01,174 | INFO  | DNAudit | user=null | ip=null | op=PUT_BLOCK {blockData=[blockId=conID: 3 locID: 102656601978307008 bcsId: 0,size=4194304]} | ret=SUCCESS |  
2019-08-21 19:24:01,174 | INFO  | DNAudit | user=null | ip=null | op=PUT_BLOCK {blockData=[blockId=conID: 3 locID: 102656601978307008 bcsId: 0,size=4194304]} | ret=SUCCESS |  
2019-08-21 19:24:01,175 [grpc-default-executor-0] INFO  client.GrpcClientProtocolClient (GrpcClientProtocolClient.java:onNext(255)) - client-DA9582518C67->1df8bd03-73ef-4b9c-8622-5dc9d0e29c31: receive RaftClientReply:client-DA9582518C67->1df8bd03-73ef-4b9c-8622-5dc9d0e29c31@group-F45402591F47, cid=1058, SUCCESS, logIndex=0, commits[1df8bd03-73ef-4b9c-8622-5dc9d0e29c31:c1409, 12aca755-ada5-42df-801b-c61f99d8e8b8:c1407, a308b8bf-0324-43a1-a87f-1e10a96e3042:c1407]
2019-08-21 19:24:01,181 | INFO  | DNAudit | user=null | ip=null | op=WRITE_CHUNK {blockData=conID: 1 locID: 102656601978307009 bcsId: 0} | ret=SUCCESS |  
2019-08-21 19:24:01,183 | INFO  | DNAudit | user=null | ip=null | op=WRITE_CHUNK {blockData=conID: 1 locID: 102656601978307009 bcsId: 0} | ret=SUCCESS |  
2019-08-21 19:24:01,185 | INFO  | DNAudit | user=null | ip=null | op=WRITE_CHUNK {blockData=conID: 1 locID: 102656601978307009 bcsId: 0} | ret=SUCCESS |  
2019-08-21 19:24:01,185 | INFO  | DNAudit | user=null | ip=null | op=WRITE_CHUNK {blockData=conID: 1 locID: 102656601978307009 bcsId: 0} | ret=SUCCESS |  
2019-08-21 19:24:01,186 | INFO  | DNAudit | user=null | ip=null | op=WRITE_CHUNK {blockData=conID: 1 locID: 102656601978307009 bcsId: 0} | ret=SUCCESS |  
2019-08-21 19:24:01,186 | INFO  | DNAudit | user=null | ip=null | op=WRITE_CHUNK {blockData=conID: 1 locID: 102656601978307009 bcsId: 0} | ret=SUCCESS |  
2019-08-21 19:24:01,190 | INFO  | SCMAudit | user=jenkins1000 | ip=192.168.69.88 | op=SEND_HEARTBEAT {datanodeUUID=cfaf9666-ca64-459e-bd34-ff7c349f752a, command=[]} | ret=SUCCESS |  
2019-08-21 19:24:01,192 | INFO  | DNAudit | user=null | ip=null | op=WRITE_CHUNK {blockData=conID: 1 locID: 102656601978307009 bcsId: 0} | ret=SUCCESS |  
2019-08-21 19:24:01,193 | INFO  | DNAudit | user=null | ip=null | op=PUT_BLOCK {blockData=[blockId=conID: 1 locID: 102656601978307009 bcsId: 0,size=1048576]} | ret=SUCCESS |  
2019-08-21 19:24:01,193 [grpc-default-executor-2] INFO  client.GrpcClientProtocolClient (GrpcClientProtocolClient.java:onNext(255)) - client-DA9582518C67->1df8bd03-73ef-4b9c-8622-5dc9d0e29c31: receive RaftClientReply:client-DA9582518C67->1df8bd03-73ef-4b9c-8622-5dc9d0e29c31@group-F45402591F47, cid=1059, SUCCESS, logIndex=1410, commits[1df8bd03-73ef-4b9c-8622-5dc9d0e29c31:c1412, 12aca755-ada5-42df-801b-c61f99d8e8b8:c1409, a308b8bf-0324-43a1-a87f-1e10a96e3042:c1409]
2019-08-21 19:24:01,193 | INFO  | DNAudit | user=null | ip=null | op=WRITE_CHUNK {blockData=conID: 1 locID: 102656601978307009 bcsId: 0} | ret=SUCCESS |  
2019-08-21 19:24:01,193 | INFO  | DNAudit | user=null | ip=null | op=WRITE_CHUNK {blockData=conID: 1 locID: 102656601978307009 bcsId: 0} | ret=SUCCESS |  
2019-08-21 19:24:01,193 [grpc-default-executor-2] INFO  client.GrpcClientProtocolClient (GrpcClientProtocolClient.java:onNext(255)) - client-DA9582518C67->1df8bd03-73ef-4b9c-8622-5dc9d0e29c31: receive RaftClientReply:client-DA9582518C67->1df8bd03-73ef-4b9c-8622-5dc9d0e29c31@group-F45402591F47, cid=1060, SUCCESS, logIndex=1411, commits[1df8bd03-73ef-4b9c-8622-5dc9d0e29c31:c1413, 12aca755-ada5-42df-801b-c61f99d8e8b8:c1409, a308b8bf-0324-43a1-a87f-1e10a96e3042:c1409]
2019-08-21 19:24:01,194 | INFO  | DNAudit | user=null | ip=null | op=PUT_BLOCK {blockData=[blockId=conID: 1 locID: 102656601978307009 bcsId: 0,size=2097152]} | ret=SUCCESS |  
2019-08-21 19:24:01,194 [grpc-default-executor-2] INFO  client.GrpcClientProtocolClient (GrpcClientProtocolClient.java:onNext(255)) - client-DA9582518C67->1df8bd03-73ef-4b9c-8622-5dc9d0e29c31: receive RaftClientReply:client-DA9582518C67->1df8bd03-73ef-4b9c-8622-5dc9d0e29c31@group-F45402591F47, cid=1061, SUCCESS, logIndex=1412, commits[1df8bd03-73ef-4b9c-8622-5dc9d0e29c31:c1413, 12aca755-ada5-42df-801b-c61f99d8e8b8:c1409, a308b8bf-0324-43a1-a87f-1e10a96e3042:c1409]
2019-08-21 19:24:01,194 [grpc-default-executor-2] INFO  client.GrpcClientProtocolClient (GrpcClientProtocolClient.java:onNext(255)) - client-DA9582518C67->1df8bd03-73ef-4b9c-8622-5dc9d0e29c31: receive RaftClientReply:client-DA9582518C67->1df8bd03-73ef-4b9c-8622-5dc9d0e29c31@group-F45402591F47, cid=1062, SUCCESS, logIndex=1413, commits[1df8bd03-73ef-4b9c-8622-5dc9d0e29c31:c1414, 12aca755-ada5-42df-801b-c61f99d8e8b8:c1409, a308b8bf-0324-43a1-a87f-1e10a96e3042:c1410]
2019-08-21 19:24:01,196 | INFO  | DNAudit | user=null | ip=null | op=WRITE_CHUNK {blockData=conID: 1 locID: 102656601978307009 bcsId: 0} | ret=SUCCESS |  
2019-08-21 19:24:01,205 | INFO  | DNAudit | user=null | ip=null | op=PUT_BLOCK {blockData=[blockId=conID: 1 locID: 102656601978307009 bcsId: 0,size=1048576]} | ret=SUCCESS |  
2019-08-21 19:24:01,205 | INFO  | DNAudit | user=null | ip=null | op=WRITE_CHUNK {blockData=conID: 1 locID: 102656601978307009 bcsId: 0} | ret=SUCCESS |  
2019-08-21 19:24:01,205 | INFO  | DNAudit | user=null | ip=null | op=PUT_BLOCK {blockData=[blockId=conID: 1 locID: 102656601978307009 bcsId: 0,size=2097152]} | ret=SUCCESS |  
2019-08-21 19:24:01,207 | INFO  | DNAudit | user=null | ip=null | op=PUT_BLOCK {blockData=[blockId=conID: 1 locID: 102656601978307009 bcsId: 0,size=1048576]} | ret=SUCCESS |  
2019-08-21 19:24:01,207 | INFO  | DNAudit | user=null | ip=null | op=WRITE_CHUNK {blockData=conID: 1 locID: 102656601978307009 bcsId: 0} | ret=SUCCESS |  
2019-08-21 19:24:01,207 [grpc-default-executor-0] INFO  client.GrpcClientProtocolClient (GrpcClientProtocolClient.java:onNext(255)) - client-DA9582518C67->1df8bd03-73ef-4b9c-8622-5dc9d0e29c31: receive RaftClientReply:client-DA9582518C67->1df8bd03-73ef-4b9c-8622-5dc9d0e29c31@group-F45402591F47, cid=1063, SUCCESS, logIndex=0, commits[1df8bd03-73ef-4b9c-8622-5dc9d0e29c31:c1417, 12aca755-ada5-42df-801b-c61f99d8e8b8:c1412, a308b8bf-0324-43a1-a87f-1e10a96e3042:c1413]
2019-08-21 19:24:01,208 | INFO  | DNAudit | user=null | ip=null | op=PUT_BLOCK {blockData=[blockId=conID: 1 locID: 102656601978307009 bcsId: 0,size=2097152]} | ret=SUCCESS |  
2019-08-21 19:24:01,213 | INFO  | DNAudit | user=null | ip=null | op=WRITE_CHUNK {blockData=conID: 1 locID: 102656601978307009 bcsId: 1413} | ret=SUCCESS |  
2019-08-21 19:24:01,216 | INFO  | DNAudit | user=null | ip=null | op=WRITE_CHUNK {blockData=conID: 1 locID: 102656601978307009 bcsId: 1413} | ret=SUCCESS |  
2019-08-21 19:24:01,216 | INFO  | DNAudit | user=null | ip=null | op=WRITE_CHUNK {blockData=conID: 1 locID: 102656601978307009 bcsId: 1413} | ret=SUCCESS |  
2019-08-21 19:24:01,225 | INFO  | DNAudit | user=null | ip=null | op=WRITE_CHUNK {blockData=conID: 1 locID: 102656601978307009 bcsId: 1413} | ret=SUCCESS |  
2019-08-21 19:24:01,225 | INFO  | DNAudit | user=null | ip=null | op=PUT_BLOCK {blockData=[blockId=conID: 1 locID: 102656601978307009 bcsId: 0,size=3145728]} | ret=SUCCESS |  
2019-08-21 19:24:01,225 [grpc-default-executor-2] INFO  client.GrpcClientProtocolClient (GrpcClientProtocolClient.java:onNext(255)) - client-DA9582518C67->1df8bd03-73ef-4b9c-8622-5dc9d0e29c31: receive RaftClientReply:client-DA9582518C67->1df8bd03-73ef-4b9c-8622-5dc9d0e29c31@group-F45402591F47, cid=1064, SUCCESS, logIndex=1418, commits[1df8bd03-73ef-4b9c-8622-5dc9d0e29c31:c1419, 12aca755-ada5-42df-801b-c61f99d8e8b8:c1417, a308b8bf-0324-43a1-a87f-1e10a96e3042:c1417]
2019-08-21 19:24:01,226 [grpc-default-executor-2] INFO  client.GrpcClientProtocolClient (GrpcClientProtocolClient.java:onNext(255)) - client-DA9582518C67->1df8bd03-73ef-4b9c-8622-5dc9d0e29c31: receive RaftClientReply:client-DA9582518C67->1df8bd03-73ef-4b9c-8622-5dc9d0e29c31@group-F45402591F47, cid=1065, SUCCESS, logIndex=1419, commits[1df8bd03-73ef-4b9c-8622-5dc9d0e29c31:c1419, 12aca755-ada5-42df-801b-c61f99d8e8b8:c1417, a308b8bf-0324-43a1-a87f-1e10a96e3042:c1417]
2019-08-21 19:24:01,231 | INFO  | DNAudit | user=null | ip=null | op=WRITE_CHUNK {blockData=conID: 1 locID: 102656601978307009 bcsId: 1419} | ret=SUCCESS |  
2019-08-21 19:24:01,235 | INFO  | DNAudit | user=null | ip=null | op=WRITE_CHUNK {blockData=conID: 1 locID: 102656601978307009 bcsId: 1419} | ret=SUCCESS |  
2019-08-21 19:24:01,235 | INFO  | DNAudit | user=null | ip=null | op=WRITE_CHUNK {blockData=conID: 1 locID: 102656601978307009 bcsId: 1419} | ret=SUCCESS |  
2019-08-21 19:24:01,236 | INFO  | DNAudit | user=null | ip=null | op=WRITE_CHUNK {blockData=conID: 1 locID: 102656601978307009 bcsId: 1413} | ret=SUCCESS |  
2019-08-21 19:24:01,236 | INFO  | DNAudit | user=null | ip=null | op=WRITE_CHUNK {blockData=conID: 1 locID: 102656601978307009 bcsId: 1413} | ret=SUCCESS |  
2019-08-21 19:24:01,236 | INFO  | DNAudit | user=null | ip=null | op=PUT_BLOCK {blockData=[blockId=conID: 1 locID: 102656601978307009 bcsId: 0,size=3145728]} | ret=SUCCESS |  
2019-08-21 19:24:01,236 | INFO  | DNAudit | user=null | ip=null | op=PUT_BLOCK {blockData=[blockId=conID: 1 locID: 102656601978307009 bcsId: 0,size=3145728]} | ret=SUCCESS |  
2019-08-21 19:24:01,255 | INFO  | DNAudit | user=null | ip=null | op=WRITE_CHUNK {blockData=conID: 1 locID: 102656601978307009 bcsId: 1419} | ret=SUCCESS |  
2019-08-21 19:24:01,255 | INFO  | DNAudit | user=null | ip=null | op=PUT_BLOCK {blockData=[blockId=conID: 1 locID: 102656601978307009 bcsId: 0,size=4194304]} | ret=SUCCESS |  
2019-08-21 19:24:01,255 [grpc-default-executor-2] INFO  client.GrpcClientProtocolClient (GrpcClientProtocolClient.java:onNext(255)) - client-DA9582518C67->1df8bd03-73ef-4b9c-8622-5dc9d0e29c31: receive RaftClientReply:client-DA9582518C67->1df8bd03-73ef-4b9c-8622-5dc9d0e29c31@group-F45402591F47, cid=1066, SUCCESS, logIndex=1422, commits[1df8bd03-73ef-4b9c-8622-5dc9d0e29c31:c1423, 12aca755-ada5-42df-801b-c61f99d8e8b8:c1419, a308b8bf-0324-43a1-a87f-1e10a96e3042:c1419]
2019-08-21 19:24:01,256 [grpc-default-executor-2] INFO  client.GrpcClientProtocolClient (GrpcClientProtocolClient.java:onNext(255)) - client-DA9582518C67->1df8bd03-73ef-4b9c-8622-5dc9d0e29c31: receive RaftClientReply:client-DA9582518C67->1df8bd03-73ef-4b9c-8622-5dc9d0e29c31@group-F45402591F47, cid=1067, SUCCESS, logIndex=1423, commits[1df8bd03-73ef-4b9c-8622-5dc9d0e29c31:c1423, 12aca755-ada5-42df-801b-c61f99d8e8b8:c1419, a308b8bf-0324-43a1-a87f-1e10a96e3042:c1419]
2019-08-21 19:24:01,266 | INFO  | DNAudit | user=null | ip=null | op=WRITE_CHUNK {blockData=conID: 1 locID: 102656601978307009 bcsId: 1419} | ret=SUCCESS |  
2019-08-21 19:24:01,266 | INFO  | DNAudit | user=null | ip=null | op=WRITE_CHUNK {blockData=conID: 1 locID: 102656601978307009 bcsId: 1419} | ret=SUCCESS |  
2019-08-21 19:24:01,268 | INFO  | DNAudit | user=null | ip=null | op=PUT_BLOCK {blockData=[blockId=conID: 1 locID: 102656601978307009 bcsId: 0,size=4194304]} | ret=SUCCESS |  
2019-08-21 19:24:01,268 | INFO  | DNAudit | user=null | ip=null | op=PUT_BLOCK {blockData=[blockId=conID: 1 locID: 102656601978307009 bcsId: 0,size=4194304]} | ret=SUCCESS |  
2019-08-21 19:24:01,269 [grpc-default-executor-0] INFO  client.GrpcClientProtocolClient (GrpcClientProtocolClient.java:onNext(255)) - client-DA9582518C67->1df8bd03-73ef-4b9c-8622-5dc9d0e29c31: receive RaftClientReply:client-DA9582518C67->1df8bd03-73ef-4b9c-8622-5dc9d0e29c31@group-F45402591F47, cid=1068, SUCCESS, logIndex=0, commits[1df8bd03-73ef-4b9c-8622-5dc9d0e29c31:c1425, 12aca755-ada5-42df-801b-c61f99d8e8b8:c1423, a308b8bf-0324-43a1-a87f-1e10a96e3042:c1423]
2019-08-21 19:24:01,275 | INFO  | DNAudit | user=null | ip=null | op=WRITE_CHUNK {blockData=conID: 2 locID: 102656601978372546 bcsId: 0} | ret=SUCCESS |  
2019-08-21 19:24:01,278 | INFO  | DNAudit | user=null | ip=null | op=WRITE_CHUNK {blockData=conID: 2 locID: 102656601978372546 bcsId: 0} | ret=SUCCESS |  
2019-08-21 19:24:01,278 | INFO  | DNAudit | user=null | ip=null | op=WRITE_CHUNK {blockData=conID: 2 locID: 102656601978372546 bcsId: 0} | ret=SUCCESS |  
2019-08-21 19:24:01,279 | INFO  | DNAudit | user=null | ip=null | op=WRITE_CHUNK {blockData=conID: 2 locID: 102656601978372546 bcsId: 0} | ret=SUCCESS |  
2019-08-21 19:24:01,280 | INFO  | DNAudit | user=null | ip=null | op=WRITE_CHUNK {blockData=conID: 2 locID: 102656601978372546 bcsId: 0} | ret=SUCCESS |  
2019-08-21 19:24:01,281 | INFO  | DNAudit | user=null | ip=null | op=WRITE_CHUNK {blockData=conID: 2 locID: 102656601978372546 bcsId: 0} | ret=SUCCESS |  
2019-08-21 19:24:01,289 | INFO  | DNAudit | user=null | ip=null | op=WRITE_CHUNK {blockData=conID: 2 locID: 102656601978372546 bcsId: 0} | ret=SUCCESS |  
2019-08-21 19:24:01,289 | INFO  | DNAudit | user=null | ip=null | op=PUT_BLOCK {blockData=[blockId=conID: 2 locID: 102656601978372546 bcsId: 0,size=1048576]} | ret=SUCCESS |  
2019-08-21 19:24:01,290 | INFO  | DNAudit | user=null | ip=null | op=WRITE_CHUNK {blockData=conID: 2 locID: 102656601978372546 bcsId: 0} | ret=SUCCESS |  
2019-08-21 19:24:01,289 [grpc-default-executor-0] INFO  client.GrpcClientProtocolClient (GrpcClientProtocolClient.java:onNext(255)) - client-DA9582518C67->1df8bd03-73ef-4b9c-8622-5dc9d0e29c31: receive RaftClientReply:client-DA9582518C67->1df8bd03-73ef-4b9c-8622-5dc9d0e29c31@group-F45402591F47, cid=1069, SUCCESS, logIndex=1426, commits[1df8bd03-73ef-4b9c-8622-5dc9d0e29c31:c1427, 12aca755-ada5-42df-801b-c61f99d8e8b8:c1425, a308b8bf-0324-43a1-a87f-1e10a96e3042:c1425]
2019-08-21 19:24:01,290 | INFO  | DNAudit | user=null | ip=null | op=PUT_BLOCK {blockData=[blockId=conID: 2 locID: 102656601978372546 bcsId: 0,size=2097152]} | ret=SUCCESS |  
2019-08-21 19:24:01,290 [grpc-default-executor-0] INFO  client.GrpcClientProtocolClient (GrpcClientProtocolClient.java:onNext(255)) - client-DA9582518C67->1df8bd03-73ef-4b9c-8622-5dc9d0e29c31: receive RaftClientReply:client-DA9582518C67->1df8bd03-73ef-4b9c-8622-5dc9d0e29c31@group-F45402591F47, cid=1070, SUCCESS, logIndex=1427, commits[1df8bd03-73ef-4b9c-8622-5dc9d0e29c31:c1429, 12aca755-ada5-42df-801b-c61f99d8e8b8:c1425, a308b8bf-0324-43a1-a87f-1e10a96e3042:c1425]
2019-08-21 19:24:01,290 [grpc-default-executor-0] INFO  client.GrpcClientProtocolClient (GrpcClientProtocolClient.java:onNext(255)) - client-DA9582518C67->1df8bd03-73ef-4b9c-8622-5dc9d0e29c31: receive RaftClientReply:client-DA9582518C67->1df8bd03-73ef-4b9c-8622-5dc9d0e29c31@group-F45402591F47, cid=1071, SUCCESS, logIndex=1428, commits[1df8bd03-73ef-4b9c-8622-5dc9d0e29c31:c1429, 12aca755-ada5-42df-801b-c61f99d8e8b8:c1425, a308b8bf-0324-43a1-a87f-1e10a96e3042:c1425]
2019-08-21 19:24:01,290 [grpc-default-executor-0] INFO  client.GrpcClientProtocolClient (GrpcClientProtocolClient.java:onNext(255)) - client-DA9582518C67->1df8bd03-73ef-4b9c-8622-5dc9d0e29c31: receive RaftClientReply:client-DA9582518C67->1df8bd03-73ef-4b9c-8622-5dc9d0e29c31@group-F45402591F47, cid=1072, SUCCESS, logIndex=1429, commits[1df8bd03-73ef-4b9c-8622-5dc9d0e29c31:c1429, 12aca755-ada5-42df-801b-c61f99d8e8b8:c1425, a308b8bf-0324-43a1-a87f-1e10a96e3042:c1425]
2019-08-21 19:24:01,301 | INFO  | DNAudit | user=null | ip=null | op=WRITE_CHUNK {blockData=conID: 2 locID: 102656601978372546 bcsId: 0} | ret=SUCCESS |  
2019-08-21 19:24:01,301 | INFO  | DNAudit | user=null | ip=null | op=PUT_BLOCK {blockData=[blockId=conID: 2 locID: 102656601978372546 bcsId: 0,size=1048576]} | ret=SUCCESS |  
2019-08-21 19:24:01,303 | INFO  | DNAudit | user=null | ip=null | op=WRITE_CHUNK {blockData=conID: 2 locID: 102656601978372546 bcsId: 0} | ret=SUCCESS |  
2019-08-21 19:24:01,303 | INFO  | DNAudit | user=null | ip=null | op=PUT_BLOCK {blockData=[blockId=conID: 2 locID: 102656601978372546 bcsId: 0,size=1048576]} | ret=SUCCESS |  
2019-08-21 19:24:01,303 | INFO  | DNAudit | user=null | ip=null | op=WRITE_CHUNK {blockData=conID: 2 locID: 102656601978372546 bcsId: 0} | ret=SUCCESS |  
2019-08-21 19:24:01,303 [grpc-default-executor-0] INFO  client.GrpcClientProtocolClient (GrpcClientProtocolClient.java:onNext(255)) - client-DA9582518C67->1df8bd03-73ef-4b9c-8622-5dc9d0e29c31: receive RaftClientReply:client-DA9582518C67->1df8bd03-73ef-4b9c-8622-5dc9d0e29c31@group-F45402591F47, cid=1073, SUCCESS, logIndex=0, commits[1df8bd03-73ef-4b9c-8622-5dc9d0e29c31:c1430, 12aca755-ada5-42df-801b-c61f99d8e8b8:c1427, a308b8bf-0324-43a1-a87f-1e10a96e3042:c1427]
2019-08-21 19:24:01,303 | INFO  | DNAudit | user=null | ip=null | op=PUT_BLOCK {blockData=[blockId=conID: 2 locID: 102656601978372546 bcsId: 0,size=2097152]} | ret=SUCCESS |  
2019-08-21 19:24:01,309 | INFO  | DNAudit | user=null | ip=null | op=WRITE_CHUNK {blockData=conID: 2 locID: 102656601978372546 bcsId: 1429} | ret=SUCCESS |  
2019-08-21 19:24:01,312 | INFO  | DNAudit | user=null | ip=null | op=WRITE_CHUNK {blockData=conID: 2 locID: 102656601978372546 bcsId: 0} | ret=SUCCESS |  
2019-08-21 19:24:01,312 | INFO  | DNAudit | user=null | ip=null | op=WRITE_CHUNK {blockData=conID: 2 locID: 102656601978372546 bcsId: 1429} | ret=SUCCESS |  
2019-08-21 19:24:01,312 | INFO  | DNAudit | user=null | ip=null | op=PUT_BLOCK {blockData=[blockId=conID: 2 locID: 102656601978372546 bcsId: 0,size=2097152]} | ret=SUCCESS |  
2019-08-21 19:24:01,313 | INFO  | DNAudit | user=null | ip=null | op=WRITE_CHUNK {blockData=conID: 2 locID: 102656601978372546 bcsId: 1429} | ret=SUCCESS |  
2019-08-21 19:24:01,324 | INFO  | DNAudit | user=null | ip=null | op=WRITE_CHUNK {blockData=conID: 2 locID: 102656601978372546 bcsId: 1429} | ret=SUCCESS |  
2019-08-21 19:24:01,325 | INFO  | DNAudit | user=null | ip=null | op=PUT_BLOCK {blockData=[blockId=conID: 2 locID: 102656601978372546 bcsId: 0,size=3145728]} | ret=SUCCESS |  
2019-08-21 19:24:01,325 [grpc-default-executor-2] INFO  client.GrpcClientProtocolClient (GrpcClientProtocolClient.java:onNext(255)) - client-DA9582518C67->1df8bd03-73ef-4b9c-8622-5dc9d0e29c31: receive RaftClientReply:client-DA9582518C67->1df8bd03-73ef-4b9c-8622-5dc9d0e29c31@group-F45402591F47, cid=1074, SUCCESS, logIndex=1434, commits[1df8bd03-73ef-4b9c-8622-5dc9d0e29c31:c1435, 12aca755-ada5-42df-801b-c61f99d8e8b8:c1433, a308b8bf-0324-43a1-a87f-1e10a96e3042:c1433]
2019-08-21 19:24:01,325 [grpc-default-executor-2] INFO  client.GrpcClientProtocolClient (GrpcClientProtocolClient.java:onNext(255)) - client-DA9582518C67->1df8bd03-73ef-4b9c-8622-5dc9d0e29c31: receive RaftClientReply:client-DA9582518C67->1df8bd03-73ef-4b9c-8622-5dc9d0e29c31@group-F45402591F47, cid=1075, SUCCESS, logIndex=1435, commits[1df8bd03-73ef-4b9c-8622-5dc9d0e29c31:c1435, 12aca755-ada5-42df-801b-c61f99d8e8b8:c1433, a308b8bf-0324-43a1-a87f-1e10a96e3042:c1433]
2019-08-21 19:24:01,331 | INFO  | DNAudit | user=null | ip=null | op=WRITE_CHUNK {blockData=conID: 2 locID: 102656601978372546 bcsId: 1435} | ret=SUCCESS |  
2019-08-21 19:24:01,334 | INFO  | DNAudit | user=null | ip=null | op=WRITE_CHUNK {blockData=conID: 2 locID: 102656601978372546 bcsId: 1435} | ret=SUCCESS |  
2019-08-21 19:24:01,335 | INFO  | DNAudit | user=null | ip=null | op=WRITE_CHUNK {blockData=conID: 2 locID: 102656601978372546 bcsId: 1435} | ret=SUCCESS |  
2019-08-21 19:24:01,337 | INFO  | DNAudit | user=null | ip=null | op=WRITE_CHUNK {blockData=conID: 2 locID: 102656601978372546 bcsId: 1429} | ret=SUCCESS |  
2019-08-21 19:24:01,337 | INFO  | DNAudit | user=null | ip=null | op=WRITE_CHUNK {blockData=conID: 2 locID: 102656601978372546 bcsId: 1429} | ret=SUCCESS |  
2019-08-21 19:24:01,337 | INFO  | DNAudit | user=null | ip=null | op=PUT_BLOCK {blockData=[blockId=conID: 2 locID: 102656601978372546 bcsId: 0,size=3145728]} | ret=SUCCESS |  
2019-08-21 19:24:01,337 | INFO  | DNAudit | user=null | ip=null | op=PUT_BLOCK {blockData=[blockId=conID: 2 locID: 102656601978372546 bcsId: 0,size=3145728]} | ret=SUCCESS |  
2019-08-21 19:24:01,351 | INFO  | DNAudit | user=null | ip=null | op=WRITE_CHUNK {blockData=conID: 2 locID: 102656601978372546 bcsId: 1435} | ret=SUCCESS |  
2019-08-21 19:24:01,351 | INFO  | DNAudit | user=null | ip=null | op=PUT_BLOCK {blockData=[blockId=conID: 2 locID: 102656601978372546 bcsId: 0,size=4194304]} | ret=SUCCESS |  
2019-08-21 19:24:01,351 [grpc-default-executor-2] INFO  client.GrpcClientProtocolClient (GrpcClientProtocolClient.java:onNext(255)) - client-DA9582518C67->1df8bd03-73ef-4b9c-8622-5dc9d0e29c31: receive RaftClientReply:client-DA9582518C67->1df8bd03-73ef-4b9c-8622-5dc9d0e29c31@group-F45402591F47, cid=1076, SUCCESS, logIndex=1438, commits[1df8bd03-73ef-4b9c-8622-5dc9d0e29c31:c1439, 12aca755-ada5-42df-801b-c61f99d8e8b8:c1435, a308b8bf-0324-43a1-a87f-1e10a96e3042:c1435]
2019-08-21 19:24:01,352 [grpc-default-executor-2] INFO  client.GrpcClientProtocolClient (GrpcClientProtocolClient.java:onNext(255)) - client-DA9582518C67->1df8bd03-73ef-4b9c-8622-5dc9d0e29c31: receive RaftClientReply:client-DA9582518C67->1df8bd03-73ef-4b9c-8622-5dc9d0e29c31@group-F45402591F47, cid=1077, SUCCESS, logIndex=1439, commits[1df8bd03-73ef-4b9c-8622-5dc9d0e29c31:c1439, 12aca755-ada5-42df-801b-c61f99d8e8b8:c1435, a308b8bf-0324-43a1-a87f-1e10a96e3042:c1435]
2019-08-21 19:24:01,371 | INFO  | DNAudit | user=null | ip=null | op=WRITE_CHUNK {blockData=conID: 2 locID: 102656601978372546 bcsId: 1435} | ret=SUCCESS |  
2019-08-21 19:24:01,371 | INFO  | DNAudit | user=null | ip=null | op=WRITE_CHUNK {blockData=conID: 2 locID: 102656601978372546 bcsId: 1435} | ret=SUCCESS |  
2019-08-21 19:24:01,371 | INFO  | DNAudit | user=null | ip=null | op=PUT_BLOCK {blockData=[blockId=conID: 2 locID: 102656601978372546 bcsId: 0,size=4194304]} | ret=SUCCESS |  
2019-08-21 19:24:01,371 | INFO  | DNAudit | user=null | ip=null | op=PUT_BLOCK {blockData=[blockId=conID: 2 locID: 102656601978372546 bcsId: 0,size=4194304]} | ret=SUCCESS |  
2019-08-21 19:24:01,372 [grpc-default-executor-2] INFO  client.GrpcClientProtocolClient (GrpcClientProtocolClient.java:onNext(255)) - client-DA9582518C67->1df8bd03-73ef-4b9c-8622-5dc9d0e29c31: receive RaftClientReply:client-DA9582518C67->1df8bd03-73ef-4b9c-8622-5dc9d0e29c31@group-F45402591F47, cid=1078, SUCCESS, logIndex=0, commits[1df8bd03-73ef-4b9c-8622-5dc9d0e29c31:c1440, 12aca755-ada5-42df-801b-c61f99d8e8b8:c1439, a308b8bf-0324-43a1-a87f-1e10a96e3042:c1439]
2019-08-21 19:24:01,380 | INFO  | DNAudit | user=null | ip=null | op=WRITE_CHUNK {blockData=conID: 3 locID: 102656601978372547 bcsId: 0} | ret=SUCCESS |  
2019-08-21 19:24:01,383 | INFO  | DNAudit | user=null | ip=null | op=WRITE_CHUNK {blockData=conID: 3 locID: 102656601978372547 bcsId: 0} | ret=SUCCESS |  
2019-08-21 19:24:01,383 | INFO  | DNAudit | user=null | ip=null | op=WRITE_CHUNK {blockData=conID: 3 locID: 102656601978372547 bcsId: 0} | ret=SUCCESS |  
2019-08-21 19:24:01,385 | INFO  | DNAudit | user=null | ip=null | op=WRITE_CHUNK {blockData=conID: 3 locID: 102656601978372547 bcsId: 0} | ret=SUCCESS |  
2019-08-21 19:24:01,387 | INFO  | DNAudit | user=null | ip=null | op=WRITE_CHUNK {blockData=conID: 3 locID: 102656601978372547 bcsId: 0} | ret=SUCCESS |  
2019-08-21 19:24:01,388 | INFO  | DNAudit | user=null | ip=null | op=WRITE_CHUNK {blockData=conID: 3 locID: 102656601978372547 bcsId: 0} | ret=SUCCESS |  
2019-08-21 19:24:01,393 | INFO  | DNAudit | user=null | ip=null | op=WRITE_CHUNK {blockData=conID: 3 locID: 102656601978372547 bcsId: 0} | ret=SUCCESS |  
2019-08-21 19:24:01,394 | INFO  | DNAudit | user=null | ip=null | op=PUT_BLOCK {blockData=[blockId=conID: 3 locID: 102656601978372547 bcsId: 0,size=1048576]} | ret=SUCCESS |  
2019-08-21 19:24:01,394 [grpc-default-executor-0] INFO  client.GrpcClientProtocolClient (GrpcClientProtocolClient.java:onNext(255)) - client-DA9582518C67->1df8bd03-73ef-4b9c-8622-5dc9d0e29c31: receive RaftClientReply:client-DA9582518C67->1df8bd03-73ef-4b9c-8622-5dc9d0e29c31@group-F45402591F47, cid=1079, SUCCESS, logIndex=1442, commits[1df8bd03-73ef-4b9c-8622-5dc9d0e29c31:c1443, 12aca755-ada5-42df-801b-c61f99d8e8b8:c1441, a308b8bf-0324-43a1-a87f-1e10a96e3042:c1441]
2019-08-21 19:24:01,394 | INFO  | DNAudit | user=null | ip=null | op=WRITE_CHUNK {blockData=conID: 3 locID: 102656601978372547 bcsId: 0} | ret=SUCCESS |  
2019-08-21 19:24:01,394 [grpc-default-executor-0] INFO  client.GrpcClientProtocolClient (GrpcClientProtocolClient.java:onNext(255)) - client-DA9582518C67->1df8bd03-73ef-4b9c-8622-5dc9d0e29c31: receive RaftClientReply:client-DA9582518C67->1df8bd03-73ef-4b9c-8622-5dc9d0e29c31@group-F45402591F47, cid=1080, SUCCESS, logIndex=1443, commits[1df8bd03-73ef-4b9c-8622-5dc9d0e29c31:c1443, 12aca755-ada5-42df-801b-c61f99d8e8b8:c1441, a308b8bf-0324-43a1-a87f-1e10a96e3042:c1441]
2019-08-21 19:24:01,395 | INFO  | DNAudit | user=null | ip=null | op=WRITE_CHUNK {blockData=conID: 3 locID: 102656601978372547 bcsId: 0} | ret=SUCCESS |  
2019-08-21 19:24:01,395 | INFO  | DNAudit | user=null | ip=null | op=WRITE_CHUNK {blockData=conID: 3 locID: 102656601978372547 bcsId: 0} | ret=SUCCESS |  
2019-08-21 19:24:01,395 | INFO  | DNAudit | user=null | ip=null | op=PUT_BLOCK {blockData=[blockId=conID: 3 locID: 102656601978372547 bcsId: 0,size=1048576]} | ret=SUCCESS |  
2019-08-21 19:24:01,396 | INFO  | DNAudit | user=null | ip=null | op=PUT_BLOCK {blockData=[blockId=conID: 3 locID: 102656601978372547 bcsId: 0,size=2097152]} | ret=SUCCESS |  
2019-08-21 19:24:01,396 [grpc-default-executor-0] INFO  client.GrpcClientProtocolClient (GrpcClientProtocolClient.java:onNext(255)) - client-DA9582518C67->1df8bd03-73ef-4b9c-8622-5dc9d0e29c31: receive RaftClientReply:client-DA9582518C67->1df8bd03-73ef-4b9c-8622-5dc9d0e29c31@group-F45402591F47, cid=1081, SUCCESS, logIndex=1444, commits[1df8bd03-73ef-4b9c-8622-5dc9d0e29c31:c1444, 12aca755-ada5-42df-801b-c61f99d8e8b8:c1441, a308b8bf-0324-43a1-a87f-1e10a96e3042:c1441]
2019-08-21 19:24:01,396 | INFO  | DNAudit | user=null | ip=null | op=PUT_BLOCK {blockData=[blockId=conID: 3 locID: 102656601978372547 bcsId: 0,size=1048576]} | ret=SUCCESS |  
2019-08-21 19:24:01,396 | INFO  | DNAudit | user=null | ip=null | op=WRITE_CHUNK {blockData=conID: 3 locID: 102656601978372547 bcsId: 0} | ret=SUCCESS |  
2019-08-21 19:24:01,396 [grpc-default-executor-0] INFO  client.GrpcClientProtocolClient (GrpcClientProtocolClient.java:onNext(255)) - client-DA9582518C67->1df8bd03-73ef-4b9c-8622-5dc9d0e29c31: receive RaftClientReply:client-DA9582518C67->1df8bd03-73ef-4b9c-8622-5dc9d0e29c31@group-F45402591F47, cid=1082, SUCCESS, logIndex=1445, commits[1df8bd03-73ef-4b9c-8622-5dc9d0e29c31:c1447, 12aca755-ada5-42df-801b-c61f99d8e8b8:c1443, a308b8bf-0324-43a1-a87f-1e10a96e3042:c1443]
2019-08-21 19:24:01,396 | INFO  | DNAudit | user=null | ip=null | op=PUT_BLOCK {blockData=[blockId=conID: 3 locID: 102656601978372547 bcsId: 0,size=2097152]} | ret=SUCCESS |  
2019-08-21 19:24:01,397 | INFO  | DNAudit | user=null | ip=null | op=WRITE_CHUNK {blockData=conID: 3 locID: 102656601978372547 bcsId: 0} | ret=SUCCESS |  
2019-08-21 19:24:01,397 | INFO  | DNAudit | user=null | ip=null | op=PUT_BLOCK {blockData=[blockId=conID: 3 locID: 102656601978372547 bcsId: 0,size=2097152]} | ret=SUCCESS |  
2019-08-21 19:24:01,403 | INFO  | DNAudit | user=null | ip=null | op=WRITE_CHUNK {blockData=conID: 3 locID: 102656601978372547 bcsId: 1445} | ret=SUCCESS |  
2019-08-21 19:24:01,406 | INFO  | DNAudit | user=null | ip=null | op=WRITE_CHUNK {blockData=conID: 3 locID: 102656601978372547 bcsId: 1445} | ret=SUCCESS |  
2019-08-21 19:24:01,407 | INFO  | DNAudit | user=null | ip=null | op=WRITE_CHUNK {blockData=conID: 3 locID: 102656601978372547 bcsId: 1445} | ret=SUCCESS |  
2019-08-21 19:24:01,417 | INFO  | DNAudit | user=null | ip=null | op=WRITE_CHUNK {blockData=conID: 3 locID: 102656601978372547 bcsId: 1445} | ret=SUCCESS |  
2019-08-21 19:24:01,418 | INFO  | DNAudit | user=null | ip=null | op=PUT_BLOCK {blockData=[blockId=conID: 3 locID: 102656601978372547 bcsId: 0,size=3145728]} | ret=SUCCESS |  
2019-08-21 19:24:01,418 [grpc-default-executor-0] INFO  client.GrpcClientProtocolClient (GrpcClientProtocolClient.java:onNext(255)) - client-DA9582518C67->1df8bd03-73ef-4b9c-8622-5dc9d0e29c31: receive RaftClientReply:client-DA9582518C67->1df8bd03-73ef-4b9c-8622-5dc9d0e29c31@group-F45402591F47, cid=1083, SUCCESS, logIndex=1450, commits[1df8bd03-73ef-4b9c-8622-5dc9d0e29c31:c1451, 12aca755-ada5-42df-801b-c61f99d8e8b8:c1449, a308b8bf-0324-43a1-a87f-1e10a96e3042:c1449]
2019-08-21 19:24:01,419 [grpc-default-executor-0] INFO  client.GrpcClientProtocolClient (GrpcClientProtocolClient.java:onNext(255)) - client-DA9582518C67->1df8bd03-73ef-4b9c-8622-5dc9d0e29c31: receive RaftClientReply:client-DA9582518C67->1df8bd03-73ef-4b9c-8622-5dc9d0e29c31@group-F45402591F47, cid=1084, SUCCESS, logIndex=1451, commits[1df8bd03-73ef-4b9c-8622-5dc9d0e29c31:c1451, 12aca755-ada5-42df-801b-c61f99d8e8b8:c1449, a308b8bf-0324-43a1-a87f-1e10a96e3042:c1449]
2019-08-21 19:24:01,425 | INFO  | DNAudit | user=null | ip=null | op=WRITE_CHUNK {blockData=conID: 3 locID: 102656601978372547 bcsId: 1451} | ret=SUCCESS |  
2019-08-21 19:24:01,428 | INFO  | DNAudit | user=null | ip=null | op=WRITE_CHUNK {blockData=conID: 3 locID: 102656601978372547 bcsId: 1451} | ret=SUCCESS |  
2019-08-21 19:24:01,428 | INFO  | DNAudit | user=null | ip=null | op=WRITE_CHUNK {blockData=conID: 3 locID: 102656601978372547 bcsId: 1451} | ret=SUCCESS |  
2019-08-21 19:24:01,430 | INFO  | DNAudit | user=null | ip=null | op=WRITE_CHUNK {blockData=conID: 3 locID: 102656601978372547 bcsId: 1445} | ret=SUCCESS |  
2019-08-21 19:24:01,430 | INFO  | DNAudit | user=null | ip=null | op=WRITE_CHUNK {blockData=conID: 3 locID: 102656601978372547 bcsId: 1445} | ret=SUCCESS |  
2019-08-21 19:24:01,443 | INFO  | DNAudit | user=null | ip=null | op=PUT_BLOCK {blockData=[blockId=conID: 3 locID: 102656601978372547 bcsId: 0,size=3145728]} | ret=SUCCESS |  
2019-08-21 19:24:01,443 | INFO  | DNAudit | user=null | ip=null | op=PUT_BLOCK {blockData=[blockId=conID: 3 locID: 102656601978372547 bcsId: 0,size=3145728]} | ret=SUCCESS |  
2019-08-21 19:24:01,443 | INFO  | DNAudit | user=null | ip=null | op=WRITE_CHUNK {blockData=conID: 3 locID: 102656601978372547 bcsId: 1451} | ret=SUCCESS |  
2019-08-21 19:24:01,444 | INFO  | DNAudit | user=null | ip=null | op=PUT_BLOCK {blockData=[blockId=conID: 3 locID: 102656601978372547 bcsId: 0,size=4194304]} | ret=SUCCESS |  
2019-08-21 19:24:01,444 [grpc-default-executor-0] INFO  client.GrpcClientProtocolClient (GrpcClientProtocolClient.java:onNext(255)) - client-DA9582518C67->1df8bd03-73ef-4b9c-8622-5dc9d0e29c31: receive RaftClientReply:client-DA9582518C67->1df8bd03-73ef-4b9c-8622-5dc9d0e29c31@group-F45402591F47, cid=1085, SUCCESS, logIndex=1454, commits[1df8bd03-73ef-4b9c-8622-5dc9d0e29c31:c1455, 12aca755-ada5-42df-801b-c61f99d8e8b8:c1451, a308b8bf-0324-43a1-a87f-1e10a96e3042:c1451]
2019-08-21 19:24:01,444 [grpc-default-executor-0] INFO  client.GrpcClientProtocolClient (GrpcClientProtocolClient.java:onNext(255)) - client-DA9582518C67->1df8bd03-73ef-4b9c-8622-5dc9d0e29c31: receive RaftClientReply:client-DA9582518C67->1df8bd03-73ef-4b9c-8622-5dc9d0e29c31@group-F45402591F47, cid=1086, SUCCESS, logIndex=1455, commits[1df8bd03-73ef-4b9c-8622-5dc9d0e29c31:c1455, 12aca755-ada5-42df-801b-c61f99d8e8b8:c1451, a308b8bf-0324-43a1-a87f-1e10a96e3042:c1451]
2019-08-21 19:24:01,456 | INFO  | DNAudit | user=null | ip=null | op=WRITE_CHUNK {blockData=conID: 3 locID: 102656601978372547 bcsId: 1451} | ret=SUCCESS |  
2019-08-21 19:24:01,456 | INFO  | DNAudit | user=null | ip=null | op=WRITE_CHUNK {blockData=conID: 3 locID: 102656601978372547 bcsId: 1451} | ret=SUCCESS |  
2019-08-21 19:24:01,469 | INFO  | DNAudit | user=null | ip=null | op=PUT_BLOCK {blockData=[blockId=conID: 3 locID: 102656601978372547 bcsId: 0,size=4194304]} | ret=SUCCESS |  
2019-08-21 19:24:01,469 | INFO  | DNAudit | user=null | ip=null | op=PUT_BLOCK {blockData=[blockId=conID: 3 locID: 102656601978372547 bcsId: 0,size=4194304]} | ret=SUCCESS |  
2019-08-21 19:24:01,469 [grpc-default-executor-2] INFO  client.GrpcClientProtocolClient (GrpcClientProtocolClient.java:onNext(255)) - client-DA9582518C67->1df8bd03-73ef-4b9c-8622-5dc9d0e29c31: receive RaftClientReply:client-DA9582518C67->1df8bd03-73ef-4b9c-8622-5dc9d0e29c31@group-F45402591F47, cid=1087, SUCCESS, logIndex=0, commits[1df8bd03-73ef-4b9c-8622-5dc9d0e29c31:c1457, 12aca755-ada5-42df-801b-c61f99d8e8b8:c1455, a308b8bf-0324-43a1-a87f-1e10a96e3042:c1455]
2019-08-21 19:24:01,477 | INFO  | DNAudit | user=null | ip=null | op=WRITE_CHUNK {blockData=conID: 1 locID: 102656601978372548 bcsId: 0} | ret=SUCCESS |  
2019-08-21 19:24:01,479 | INFO  | DNAudit | user=null | ip=null | op=WRITE_CHUNK {blockData=conID: 1 locID: 102656601978372548 bcsId: 0} | ret=SUCCESS |  
2019-08-21 19:24:01,480 | INFO  | DNAudit | user=null | ip=null | op=WRITE_CHUNK {blockData=conID: 1 locID: 102656601978372548 bcsId: 0} | ret=SUCCESS |  
2019-08-21 19:24:01,480 | INFO  | DNAudit | user=null | ip=null | op=WRITE_CHUNK {blockData=conID: 1 locID: 102656601978372548 bcsId: 0} | ret=SUCCESS |  
2019-08-21 19:24:01,483 | INFO  | DNAudit | user=null | ip=null | op=WRITE_CHUNK {blockData=conID: 1 locID: 102656601978372548 bcsId: 0} | ret=SUCCESS |  
2019-08-21 19:24:01,483 | INFO  | DNAudit | user=null | ip=null | op=WRITE_CHUNK {blockData=conID: 1 locID: 102656601978372548 bcsId: 0} | ret=SUCCESS |  
2019-08-21 19:24:01,501 | INFO  | DNAudit | user=null | ip=null | op=WRITE_CHUNK {blockData=conID: 1 locID: 102656601978372548 bcsId: 0} | ret=SUCCESS |  
2019-08-21 19:24:01,502 | INFO  | DNAudit | user=null | ip=null | op=PUT_BLOCK {blockData=[blockId=conID: 1 locID: 102656601978372548 bcsId: 0,size=1048576]} | ret=SUCCESS |  
2019-08-21 19:24:01,502 [grpc-default-executor-0] INFO  client.GrpcClientProtocolClient (GrpcClientProtocolClient.java:onNext(255)) - client-DA9582518C67->1df8bd03-73ef-4b9c-8622-5dc9d0e29c31: receive RaftClientReply:client-DA9582518C67->1df8bd03-73ef-4b9c-8622-5dc9d0e29c31@group-F45402591F47, cid=1088, SUCCESS, logIndex=1458, commits[1df8bd03-73ef-4b9c-8622-5dc9d0e29c31:c1459, 12aca755-ada5-42df-801b-c61f99d8e8b8:c1457, a308b8bf-0324-43a1-a87f-1e10a96e3042:c1457]
2019-08-21 19:24:01,503 [grpc-default-executor-0] INFO  client.GrpcClientProtocolClient (GrpcClientProtocolClient.java:onNext(255)) - client-DA9582518C67->1df8bd03-73ef-4b9c-8622-5dc9d0e29c31: receive RaftClientReply:client-DA9582518C67->1df8bd03-73ef-4b9c-8622-5dc9d0e29c31@group-F45402591F47, cid=1089, SUCCESS, logIndex=1459, commits[1df8bd03-73ef-4b9c-8622-5dc9d0e29c31:c1459, 12aca755-ada5-42df-801b-c61f99d8e8b8:c1457, a308b8bf-0324-43a1-a87f-1e10a96e3042:c1457]
2019-08-21 19:24:01,514 | INFO  | DNAudit | user=null | ip=null | op=WRITE_CHUNK {blockData=conID: 1 locID: 102656601978372548 bcsId: 0} | ret=SUCCESS |  
2019-08-21 19:24:01,515 | INFO  | DNAudit | user=null | ip=null | op=PUT_BLOCK {blockData=[blockId=conID: 1 locID: 102656601978372548 bcsId: 0,size=2097152]} | ret=SUCCESS |  
2019-08-21 19:24:01,515 [grpc-default-executor-2] INFO  client.GrpcClientProtocolClient (GrpcClientProtocolClient.java:onNext(255)) - client-DA9582518C67->1df8bd03-73ef-4b9c-8622-5dc9d0e29c31: receive RaftClientReply:client-DA9582518C67->1df8bd03-73ef-4b9c-8622-5dc9d0e29c31@group-F45402591F47, cid=1090, SUCCESS, logIndex=1460, commits[1df8bd03-73ef-4b9c-8622-5dc9d0e29c31:c1461, 12aca755-ada5-42df-801b-c61f99d8e8b8:c1457, a308b8bf-0324-43a1-a87f-1e10a96e3042:c1457]
2019-08-21 19:24:01,515 [grpc-default-executor-2] INFO  client.GrpcClientProtocolClient (GrpcClientProtocolClient.java:onNext(255)) - client-DA9582518C67->1df8bd03-73ef-4b9c-8622-5dc9d0e29c31: receive RaftClientReply:client-DA9582518C67->1df8bd03-73ef-4b9c-8622-5dc9d0e29c31@group-F45402591F47, cid=1091, SUCCESS, logIndex=1461, commits[1df8bd03-73ef-4b9c-8622-5dc9d0e29c31:c1461, 12aca755-ada5-42df-801b-c61f99d8e8b8:c1457, a308b8bf-0324-43a1-a87f-1e10a96e3042:c1457]
2019-08-21 19:24:01,527 | INFO  | DNAudit | user=null | ip=null | op=WRITE_CHUNK {blockData=conID: 1 locID: 102656601978372548 bcsId: 0} | ret=SUCCESS |  
2019-08-21 19:24:01,528 | INFO  | DNAudit | user=null | ip=null | op=PUT_BLOCK {blockData=[blockId=conID: 1 locID: 102656601978372548 bcsId: 0,size=1048576]} | ret=SUCCESS |  
2019-08-21 19:24:01,528 | INFO  | DNAudit | user=null | ip=null | op=WRITE_CHUNK {blockData=conID: 1 locID: 102656601978372548 bcsId: 0} | ret=SUCCESS |  
2019-08-21 19:24:01,528 [grpc-default-executor-6] INFO  client.GrpcClientProtocolClient (GrpcClientProtocolClient.java:onNext(255)) - client-DA9582518C67->1df8bd03-73ef-4b9c-8622-5dc9d0e29c31: receive RaftClientReply:client-DA9582518C67->1df8bd03-73ef-4b9c-8622-5dc9d0e29c31@group-F45402591F47, cid=1092, SUCCESS, logIndex=0, commits[1df8bd03-73ef-4b9c-8622-5dc9d0e29c31:c1462, 12aca755-ada5-42df-801b-c61f99d8e8b8:c1459, a308b8bf-0324-43a1-a87f-1e10a96e3042:c1459]
2019-08-21 19:24:01,528 | INFO  | DNAudit | user=null | ip=null | op=PUT_BLOCK {blockData=[blockId=conID: 1 locID: 102656601978372548 bcsId: 0,size=1048576]} | ret=SUCCESS |  
2019-08-21 19:24:01,533 | INFO  | DNAudit | user=null | ip=null | op=WRITE_CHUNK {blockData=conID: 1 locID: 102656601978372548 bcsId: 1461} | ret=SUCCESS |  
2019-08-21 19:24:01,536 | INFO  | DNAudit | user=null | ip=null | op=WRITE_CHUNK {blockData=conID: 1 locID: 102656601978372548 bcsId: 1461} | ret=SUCCESS |  
2019-08-21 19:24:01,536 | INFO  | DNAudit | user=null | ip=null | op=WRITE_CHUNK {blockData=conID: 1 locID: 102656601978372548 bcsId: 1461} | ret=SUCCESS |  
2019-08-21 19:24:01,545 | INFO  | DNAudit | user=null | ip=null | op=WRITE_CHUNK {blockData=conID: 1 locID: 102656601978372548 bcsId: 0} | ret=SUCCESS |  
2019-08-21 19:24:01,545 | INFO  | DNAudit | user=null | ip=null | op=WRITE_CHUNK {blockData=conID: 1 locID: 102656601978372548 bcsId: 0} | ret=SUCCESS |  
2019-08-21 19:24:01,546 | INFO  | DNAudit | user=null | ip=null | op=PUT_BLOCK {blockData=[blockId=conID: 1 locID: 102656601978372548 bcsId: 0,size=2097152]} | ret=SUCCESS |  
2019-08-21 19:24:01,546 | INFO  | DNAudit | user=null | ip=null | op=PUT_BLOCK {blockData=[blockId=conID: 1 locID: 102656601978372548 bcsId: 0,size=2097152]} | ret=SUCCESS |  
2019-08-21 19:24:01,555 | INFO  | DNAudit | user=null | ip=null | op=WRITE_CHUNK {blockData=conID: 1 locID: 102656601978372548 bcsId: 1461} | ret=SUCCESS |  
2019-08-21 19:24:01,556 | INFO  | DNAudit | user=null | ip=null | op=PUT_BLOCK {blockData=[blockId=conID: 1 locID: 102656601978372548 bcsId: 0,size=3145728]} | ret=SUCCESS |  
2019-08-21 19:24:01,556 [grpc-default-executor-2] INFO  client.GrpcClientProtocolClient (GrpcClientProtocolClient.java:onNext(255)) - client-DA9582518C67->1df8bd03-73ef-4b9c-8622-5dc9d0e29c31: receive RaftClientReply:client-DA9582518C67->1df8bd03-73ef-4b9c-8622-5dc9d0e29c31@group-F45402591F47, cid=1093, SUCCESS, logIndex=1466, commits[1df8bd03-73ef-4b9c-8622-5dc9d0e29c31:c1467, 12aca755-ada5-42df-801b-c61f99d8e8b8:c1463, a308b8bf-0324-43a1-a87f-1e10a96e3042:c1463]
2019-08-21 19:24:01,556 [grpc-default-executor-2] INFO  client.GrpcClientProtocolClient (GrpcClientProtocolClient.java:onNext(255)) - client-DA9582518C67->1df8bd03-73ef-4b9c-8622-5dc9d0e29c31: receive RaftClientReply:client-DA9582518C67->1df8bd03-73ef-4b9c-8622-5dc9d0e29c31@group-F45402591F47, cid=1094, SUCCESS, logIndex=1467, commits[1df8bd03-73ef-4b9c-8622-5dc9d0e29c31:c1467, 12aca755-ada5-42df-801b-c61f99d8e8b8:c1463, a308b8bf-0324-43a1-a87f-1e10a96e3042:c1463]
2019-08-21 19:24:01,563 | INFO  | DNAudit | user=null | ip=null | op=WRITE_CHUNK {blockData=conID: 1 locID: 102656601978372548 bcsId: 1467} | ret=SUCCESS |  
2019-08-21 19:24:01,565 | INFO  | DNAudit | user=null | ip=null | op=WRITE_CHUNK {blockData=conID: 1 locID: 102656601978372548 bcsId: 1461} | ret=SUCCESS |  
2019-08-21 19:24:01,566 | INFO  | DNAudit | user=null | ip=null | op=WRITE_CHUNK {blockData=conID: 1 locID: 102656601978372548 bcsId: 1461} | ret=SUCCESS |  
2019-08-21 19:24:01,566 | INFO  | DNAudit | user=null | ip=null | op=WRITE_CHUNK {blockData=conID: 1 locID: 102656601978372548 bcsId: 1467} | ret=SUCCESS |  
2019-08-21 19:24:01,566 | INFO  | DNAudit | user=null | ip=null | op=WRITE_CHUNK {blockData=conID: 1 locID: 102656601978372548 bcsId: 1467} | ret=SUCCESS |  
2019-08-21 19:24:01,566 | INFO  | DNAudit | user=null | ip=null | op=PUT_BLOCK {blockData=[blockId=conID: 1 locID: 102656601978372548 bcsId: 0,size=3145728]} | ret=SUCCESS |  
2019-08-21 19:24:01,566 | INFO  | DNAudit | user=null | ip=null | op=PUT_BLOCK {blockData=[blockId=conID: 1 locID: 102656601978372548 bcsId: 0,size=3145728]} | ret=SUCCESS |  
2019-08-21 19:24:01,576 | INFO  | DNAudit | user=null | ip=null | op=WRITE_CHUNK {blockData=conID: 1 locID: 102656601978372548 bcsId: 1467} | ret=SUCCESS |  
2019-08-21 19:24:01,577 | INFO  | DNAudit | user=null | ip=null | op=PUT_BLOCK {blockData=[blockId=conID: 1 locID: 102656601978372548 bcsId: 0,size=4194304]} | ret=SUCCESS |  
2019-08-21 19:24:01,577 [grpc-default-executor-2] INFO  client.GrpcClientProtocolClient (GrpcClientProtocolClient.java:onNext(255)) - client-DA9582518C67->1df8bd03-73ef-4b9c-8622-5dc9d0e29c31: receive RaftClientReply:client-DA9582518C67->1df8bd03-73ef-4b9c-8622-5dc9d0e29c31@group-F45402591F47, cid=1095, SUCCESS, logIndex=1470, commits[1df8bd03-73ef-4b9c-8622-5dc9d0e29c31:c1471, 12aca755-ada5-42df-801b-c61f99d8e8b8:c1467, a308b8bf-0324-43a1-a87f-1e10a96e3042:c1467]
2019-08-21 19:24:01,577 | INFO  | DNAudit | user=null | ip=null | op=WRITE_CHUNK {blockData=conID: 1 locID: 102656601978372548 bcsId: 1467} | ret=SUCCESS |  
2019-08-21 19:24:01,577 [grpc-default-executor-2] INFO  client.GrpcClientProtocolClient (GrpcClientProtocolClient.java:onNext(255)) - client-DA9582518C67->1df8bd03-73ef-4b9c-8622-5dc9d0e29c31: receive RaftClientReply:client-DA9582518C67->1df8bd03-73ef-4b9c-8622-5dc9d0e29c31@group-F45402591F47, cid=1096, SUCCESS, logIndex=1471, commits[1df8bd03-73ef-4b9c-8622-5dc9d0e29c31:c1471, 12aca755-ada5-42df-801b-c61f99d8e8b8:c1467, a308b8bf-0324-43a1-a87f-1e10a96e3042:c1467]
2019-08-21 19:24:01,578 | INFO  | DNAudit | user=null | ip=null | op=WRITE_CHUNK {blockData=conID: 1 locID: 102656601978372548 bcsId: 1467} | ret=SUCCESS |  
2019-08-21 19:24:01,578 | INFO  | DNAudit | user=null | ip=null | op=PUT_BLOCK {blockData=[blockId=conID: 1 locID: 102656601978372548 bcsId: 0,size=4194304]} | ret=SUCCESS |  
2019-08-21 19:24:01,579 | INFO  | DNAudit | user=null | ip=null | op=PUT_BLOCK {blockData=[blockId=conID: 1 locID: 102656601978372548 bcsId: 0,size=4194304]} | ret=SUCCESS |  
2019-08-21 19:24:01,579 [grpc-default-executor-2] INFO  client.GrpcClientProtocolClient (GrpcClientProtocolClient.java:onNext(255)) - client-DA9582518C67->1df8bd03-73ef-4b9c-8622-5dc9d0e29c31: receive RaftClientReply:client-DA9582518C67->1df8bd03-73ef-4b9c-8622-5dc9d0e29c31@group-F45402591F47, cid=1097, SUCCESS, logIndex=0, commits[1df8bd03-73ef-4b9c-8622-5dc9d0e29c31:c1473, 12aca755-ada5-42df-801b-c61f99d8e8b8:c1471, a308b8bf-0324-43a1-a87f-1e10a96e3042:c1471]
 0.00% |█                                                                                                    |  0/1 Time: 0:00:062019-08-21 19:24:01,584 | INFO  | SCMAudit | user=jenkins1000 | ip=192.168.69.88 | op=SEND_HEARTBEAT {datanodeUUID=c4b21f74-9dba-4f39-a92d-300bdd5c7775, command=[]} | ret=SUCCESS |  
2019-08-21 19:24:01,585 | INFO  | DNAudit | user=null | ip=null | op=WRITE_CHUNK {blockData=conID: 2 locID: 102656601978372549 bcsId: 0} | ret=SUCCESS |  
2019-08-21 19:24:01,588 | INFO  | DNAudit | user=null | ip=null | op=WRITE_CHUNK {blockData=conID: 2 locID: 102656601978372549 bcsId: 0} | ret=SUCCESS |  
2019-08-21 19:24:01,588 | INFO  | DNAudit | user=null | ip=null | op=WRITE_CHUNK {blockData=conID: 2 locID: 102656601978372549 bcsId: 0} | ret=SUCCESS |  
2019-08-21 19:24:01,588 | INFO  | DNAudit | user=null | ip=null | op=WRITE_CHUNK {blockData=conID: 2 locID: 102656601978372549 bcsId: 0} | ret=SUCCESS |  
2019-08-21 19:24:01,590 | INFO  | DNAudit | user=null | ip=null | op=WRITE_CHUNK {blockData=conID: 2 locID: 102656601978372549 bcsId: 0} | ret=SUCCESS |  
2019-08-21 19:24:01,591 | INFO  | DNAudit | user=null | ip=null | op=WRITE_CHUNK {blockData=conID: 2 locID: 102656601978372549 bcsId: 0} | ret=SUCCESS |  
2019-08-21 19:24:01,616 | INFO  | DNAudit | user=null | ip=null | op=WRITE_CHUNK {blockData=conID: 2 locID: 102656601978372549 bcsId: 0} | ret=SUCCESS |  
2019-08-21 19:24:01,617 | INFO  | DNAudit | user=null | ip=null | op=PUT_BLOCK {blockData=[blockId=conID: 2 locID: 102656601978372549 bcsId: 0,size=1048576]} | ret=SUCCESS |  
2019-08-21 19:24:01,617 | INFO  | DNAudit | user=null | ip=null | op=WRITE_CHUNK {blockData=conID: 2 locID: 102656601978372549 bcsId: 0} | ret=SUCCESS |  
2019-08-21 19:24:01,617 [grpc-default-executor-2] INFO  client.GrpcClientProtocolClient (GrpcClientProtocolClient.java:onNext(255)) - client-DA9582518C67->1df8bd03-73ef-4b9c-8622-5dc9d0e29c31: receive RaftClientReply:client-DA9582518C67->1df8bd03-73ef-4b9c-8622-5dc9d0e29c31@group-F45402591F47, cid=1098, SUCCESS, logIndex=1474, commits[1df8bd03-73ef-4b9c-8622-5dc9d0e29c31:c1475, 12aca755-ada5-42df-801b-c61f99d8e8b8:c1473, a308b8bf-0324-43a1-a87f-1e10a96e3042:c1473]
2019-08-21 19:24:01,618 | INFO  | DNAudit | user=null | ip=null | op=PUT_BLOCK {blockData=[blockId=conID: 2 locID: 102656601978372549 bcsId: 0,size=2097152]} | ret=SUCCESS |  
2019-08-21 19:24:01,618 [grpc-default-executor-2] INFO  client.GrpcClientProtocolClient (GrpcClientProtocolClient.java:onNext(255)) - client-DA9582518C67->1df8bd03-73ef-4b9c-8622-5dc9d0e29c31: receive RaftClientReply:client-DA9582518C67->1df8bd03-73ef-4b9c-8622-5dc9d0e29c31@group-F45402591F47, cid=1099, SUCCESS, logIndex=1475, commits[1df8bd03-73ef-4b9c-8622-5dc9d0e29c31:c1477, 12aca755-ada5-42df-801b-c61f99d8e8b8:c1473, a308b8bf-0324-43a1-a87f-1e10a96e3042:c1473]
2019-08-21 19:24:01,618 [grpc-default-executor-2] INFO  client.GrpcClientProtocolClient (GrpcClientProtocolClient.java:onNext(255)) - client-DA9582518C67->1df8bd03-73ef-4b9c-8622-5dc9d0e29c31: receive RaftClientReply:client-DA9582518C67->1df8bd03-73ef-4b9c-8622-5dc9d0e29c31@group-F45402591F47, cid=1100, SUCCESS, logIndex=1476, commits[1df8bd03-73ef-4b9c-8622-5dc9d0e29c31:c1477, 12aca755-ada5-42df-801b-c61f99d8e8b8:c1473, a308b8bf-0324-43a1-a87f-1e10a96e3042:c1473]
2019-08-21 19:24:01,619 [grpc-default-executor-2] INFO  client.GrpcClientProtocolClient (GrpcClientProtocolClient.java:onNext(255)) - client-DA9582518C67->1df8bd03-73ef-4b9c-8622-5dc9d0e29c31: receive RaftClientReply:client-DA9582518C67->1df8bd03-73ef-4b9c-8622-5dc9d0e29c31@group-F45402591F47, cid=1101, SUCCESS, logIndex=1477, commits[1df8bd03-73ef-4b9c-8622-5dc9d0e29c31:c1477, 12aca755-ada5-42df-801b-c61f99d8e8b8:c1473, a308b8bf-0324-43a1-a87f-1e10a96e3042:c1473]
2019-08-21 19:24:01,630 | INFO  | DNAudit | user=null | ip=null | op=WRITE_CHUNK {blockData=conID: 2 locID: 102656601978372549 bcsId: 0} | ret=SUCCESS |  
2019-08-21 19:24:01,630 | INFO  | DNAudit | user=null | ip=null | op=PUT_BLOCK {blockData=[blockId=conID: 2 locID: 102656601978372549 bcsId: 0,size=1048576]} | ret=SUCCESS |  
2019-08-21 19:24:01,632 | INFO  | DNAudit | user=null | ip=null | op=WRITE_CHUNK {blockData=conID: 2 locID: 102656601978372549 bcsId: 0} | ret=SUCCESS |  
2019-08-21 19:24:01,632 | INFO  | DNAudit | user=null | ip=null | op=PUT_BLOCK {blockData=[blockId=conID: 2 locID: 102656601978372549 bcsId: 0,size=1048576]} | ret=SUCCESS |  
2019-08-21 19:24:01,632 | INFO  | DNAudit | user=null | ip=null | op=WRITE_CHUNK {blockData=conID: 2 locID: 102656601978372549 bcsId: 0} | ret=SUCCESS |  
2019-08-21 19:24:01,632 | INFO  | DNAudit | user=null | ip=null | op=PUT_BLOCK {blockData=[blockId=conID: 2 locID: 102656601978372549 bcsId: 0,size=2097152]} | ret=SUCCESS |  
2019-08-21 19:24:01,632 [grpc-default-executor-0] INFO  client.GrpcClientProtocolClient (GrpcClientProtocolClient.java:onNext(255)) - client-DA9582518C67->1df8bd03-73ef-4b9c-8622-5dc9d0e29c31: receive RaftClientReply:client-DA9582518C67->1df8bd03-73ef-4b9c-8622-5dc9d0e29c31@group-F45402591F47, cid=1102, SUCCESS, logIndex=0, commits[1df8bd03-73ef-4b9c-8622-5dc9d0e29c31:c1478, 12aca755-ada5-42df-801b-c61f99d8e8b8:c1475, a308b8bf-0324-43a1-a87f-1e10a96e3042:c1475]
2019-08-21 19:24:01,638 | INFO  | DNAudit | user=null | ip=null | op=WRITE_CHUNK {blockData=conID: 2 locID: 102656601978372549 bcsId: 1477} | ret=SUCCESS |  
2019-08-21 19:24:01,640 | INFO  | DNAudit | user=null | ip=null | op=WRITE_CHUNK {blockData=conID: 2 locID: 102656601978372549 bcsId: 1477} | ret=SUCCESS |  
2019-08-21 19:24:01,641 | INFO  | DNAudit | user=null | ip=null | op=WRITE_CHUNK {blockData=conID: 2 locID: 102656601978372549 bcsId: 1477} | ret=SUCCESS |  
2019-08-21 19:24:01,642 | INFO  | DNAudit | user=null | ip=null | op=WRITE_CHUNK {blockData=conID: 2 locID: 102656601978372549 bcsId: 0} | ret=SUCCESS |  
2019-08-21 19:24:01,643 | INFO  | DNAudit | user=null | ip=null | op=PUT_BLOCK {blockData=[blockId=conID: 2 locID: 102656601978372549 bcsId: 0,size=2097152]} | ret=SUCCESS |  
2019-08-21 19:24:01,645 | INFO  | DNAudit | user=null | ip=null | op=WRITE_CHUNK {blockData=conID: 2 locID: 102656601978372549 bcsId: 1477} | ret=SUCCESS |  
2019-08-21 19:24:01,645 | INFO  | DNAudit | user=null | ip=null | op=PUT_BLOCK {blockData=[blockId=conID: 2 locID: 102656601978372549 bcsId: 0,size=3145728]} | ret=SUCCESS |  
2019-08-21 19:24:01,646 [grpc-default-executor-2] INFO  client.GrpcClientProtocolClient (GrpcClientProtocolClient.java:onNext(255)) - client-DA9582518C67->1df8bd03-73ef-4b9c-8622-5dc9d0e29c31: receive RaftClientReply:client-DA9582518C67->1df8bd03-73ef-4b9c-8622-5dc9d0e29c31@group-F45402591F47, cid=1103, SUCCESS, logIndex=1482, commits[1df8bd03-73ef-4b9c-8622-5dc9d0e29c31:c1483, 12aca755-ada5-42df-801b-c61f99d8e8b8:c1477, a308b8bf-0324-43a1-a87f-1e10a96e3042:c1481]
2019-08-21 19:24:01,646 [grpc-default-executor-2] INFO  client.GrpcClientProtocolClient (GrpcClientProtocolClient.java:onNext(255)) - client-DA9582518C67->1df8bd03-73ef-4b9c-8622-5dc9d0e29c31: receive RaftClientReply:client-DA9582518C67->1df8bd03-73ef-4b9c-8622-5dc9d0e29c31@group-F45402591F47, cid=1104, SUCCESS, logIndex=1483, commits[1df8bd03-73ef-4b9c-8622-5dc9d0e29c31:c1483, 12aca755-ada5-42df-801b-c61f99d8e8b8:c1477, a308b8bf-0324-43a1-a87f-1e10a96e3042:c1481]
2019-08-21 19:24:01,651 | INFO  | DNAudit | user=null | ip=null | op=WRITE_CHUNK {blockData=conID: 2 locID: 102656601978372549 bcsId: 1483} | ret=SUCCESS |  
2019-08-21 19:24:01,653 | INFO  | DNAudit | user=null | ip=null | op=WRITE_CHUNK {blockData=conID: 2 locID: 102656601978372549 bcsId: 1483} | ret=SUCCESS |  
2019-08-21 19:24:01,654 | INFO  | DNAudit | user=null | ip=null | op=WRITE_CHUNK {blockData=conID: 2 locID: 102656601978372549 bcsId: 1483} | ret=SUCCESS |  
2019-08-21 19:24:01,656 | INFO  | DNAudit | user=null | ip=null | op=WRITE_CHUNK {blockData=conID: 2 locID: 102656601978372549 bcsId: 1477} | ret=SUCCESS |  
2019-08-21 19:24:01,657 | INFO  | DNAudit | user=null | ip=null | op=WRITE_CHUNK {blockData=conID: 2 locID: 102656601978372549 bcsId: 1477} | ret=SUCCESS |  
2019-08-21 19:24:01,657 | INFO  | DNAudit | user=null | ip=null | op=PUT_BLOCK {blockData=[blockId=conID: 2 locID: 102656601978372549 bcsId: 0,size=3145728]} | ret=SUCCESS |  
2019-08-21 19:24:01,657 | INFO  | DNAudit | user=null | ip=null | op=PUT_BLOCK {blockData=[blockId=conID: 2 locID: 102656601978372549 bcsId: 0,size=3145728]} | ret=SUCCESS |  
2019-08-21 19:24:01,659 | INFO  | DNAudit | user=null | ip=null | op=WRITE_CHUNK {blockData=conID: 2 locID: 102656601978372549 bcsId: 1483} | ret=SUCCESS |  
2019-08-21 19:24:01,659 | INFO  | DNAudit | user=null | ip=null | op=PUT_BLOCK {blockData=[blockId=conID: 2 locID: 102656601978372549 bcsId: 0,size=4194304]} | ret=SUCCESS |  
2019-08-21 19:24:01,659 [grpc-default-executor-2] INFO  client.GrpcClientProtocolClient (GrpcClientProtocolClient.java:onNext(255)) - client-DA9582518C67->1df8bd03-73ef-4b9c-8622-5dc9d0e29c31: receive RaftClientReply:client-DA9582518C67->1df8bd03-73ef-4b9c-8622-5dc9d0e29c31@group-F45402591F47, cid=1105, SUCCESS, logIndex=1486, commits[1df8bd03-73ef-4b9c-8622-5dc9d0e29c31:c1487, 12aca755-ada5-42df-801b-c61f99d8e8b8:c1483, a308b8bf-0324-43a1-a87f-1e10a96e3042:c1483]
2019-08-21 19:24:01,660 [grpc-default-executor-2] INFO  client.GrpcClientProtocolClient (GrpcClientProtocolClient.java:onNext(255)) - client-DA9582518C67->1df8bd03-73ef-4b9c-8622-5dc9d0e29c31: receive RaftClientReply:client-DA9582518C67->1df8bd03-73ef-4b9c-8622-5dc9d0e29c31@group-F45402591F47, cid=1106, SUCCESS, logIndex=1487, commits[1df8bd03-73ef-4b9c-8622-5dc9d0e29c31:c1487, 12aca755-ada5-42df-801b-c61f99d8e8b8:c1483, a308b8bf-0324-43a1-a87f-1e10a96e3042:c1483]
2019-08-21 19:24:01,672 | INFO  | DNAudit | user=null | ip=null | op=WRITE_CHUNK {blockData=conID: 2 locID: 102656601978372549 bcsId: 1483} | ret=SUCCESS |  
2019-08-21 19:24:01,672 | INFO  | DNAudit | user=null | ip=null | op=WRITE_CHUNK {blockData=conID: 2 locID: 102656601978372549 bcsId: 1483} | ret=SUCCESS |  
2019-08-21 19:24:01,673 | INFO  | DNAudit | user=null | ip=null | op=PUT_BLOCK {blockData=[blockId=conID: 2 locID: 102656601978372549 bcsId: 0,size=4194304]} | ret=SUCCESS |  
2019-08-21 19:24:01,673 | INFO  | DNAudit | user=null | ip=null | op=PUT_BLOCK {blockData=[blockId=conID: 2 locID: 102656601978372549 bcsId: 0,size=4194304]} | ret=SUCCESS |  
2019-08-21 19:24:01,673 [grpc-default-executor-2] INFO  client.GrpcClientProtocolClient (GrpcClientProtocolClient.java:onNext(255)) - client-DA9582518C67->1df8bd03-73ef-4b9c-8622-5dc9d0e29c31: receive RaftClientReply:client-DA9582518C67->1df8bd03-73ef-4b9c-8622-5dc9d0e29c31@group-F45402591F47, cid=1107, SUCCESS, logIndex=0, commits[1df8bd03-73ef-4b9c-8622-5dc9d0e29c31:c1488, 12aca755-ada5-42df-801b-c61f99d8e8b8:c1487, a308b8bf-0324-43a1-a87f-1e10a96e3042:c1487]
2019-08-21 19:24:01,679 | INFO  | DNAudit | user=null | ip=null | op=WRITE_CHUNK {blockData=conID: 3 locID: 102656601978372550 bcsId: 0} | ret=SUCCESS |  
2019-08-21 19:24:01,681 | INFO  | DNAudit | user=null | ip=null | op=WRITE_CHUNK {blockData=conID: 3 locID: 102656601978372550 bcsId: 0} | ret=SUCCESS |  
2019-08-21 19:24:01,681 | INFO  | DNAudit | user=null | ip=null | op=WRITE_CHUNK {blockData=conID: 3 locID: 102656601978372550 bcsId: 0} | ret=SUCCESS |  
2019-08-21 19:24:01,682 | INFO  | DNAudit | user=null | ip=null | op=WRITE_CHUNK {blockData=conID: 3 locID: 102656601978372550 bcsId: 0} | ret=SUCCESS |  
2019-08-21 19:24:01,683 | INFO  | DNAudit | user=null | ip=null | op=WRITE_CHUNK {blockData=conID: 3 locID: 102656601978372550 bcsId: 0} | ret=SUCCESS |  
2019-08-21 19:24:01,684 | INFO  | DNAudit | user=null | ip=null | op=WRITE_CHUNK {blockData=conID: 3 locID: 102656601978372550 bcsId: 0} | ret=SUCCESS |  
2019-08-21 19:24:01,693 | INFO  | DNAudit | user=null | ip=null | op=WRITE_CHUNK {blockData=conID: 3 locID: 102656601978372550 bcsId: 0} | ret=SUCCESS |  
2019-08-21 19:24:01,694 | INFO  | DNAudit | user=null | ip=null | op=PUT_BLOCK {blockData=[blockId=conID: 3 locID: 102656601978372550 bcsId: 0,size=1048576]} | ret=SUCCESS |  
2019-08-21 19:24:01,694 [grpc-default-executor-0] INFO  client.GrpcClientProtocolClient (GrpcClientProtocolClient.java:onNext(255)) - client-DA9582518C67->1df8bd03-73ef-4b9c-8622-5dc9d0e29c31: receive RaftClientReply:client-DA9582518C67->1df8bd03-73ef-4b9c-8622-5dc9d0e29c31@group-F45402591F47, cid=1108, SUCCESS, logIndex=1489, commits[1df8bd03-73ef-4b9c-8622-5dc9d0e29c31:c1490, 12aca755-ada5-42df-801b-c61f99d8e8b8:c1488, a308b8bf-0324-43a1-a87f-1e10a96e3042:c1488]
2019-08-21 19:24:01,695 [grpc-default-executor-0] INFO  client.GrpcClientProtocolClient (GrpcClientProtocolClient.java:onNext(255)) - client-DA9582518C67->1df8bd03-73ef-4b9c-8622-5dc9d0e29c31: receive RaftClientReply:client-DA9582518C67->1df8bd03-73ef-4b9c-8622-5dc9d0e29c31@group-F45402591F47, cid=1109, SUCCESS, logIndex=1490, commits[1df8bd03-73ef-4b9c-8622-5dc9d0e29c31:c1490, 12aca755-ada5-42df-801b-c61f99d8e8b8:c1488, a308b8bf-0324-43a1-a87f-1e10a96e3042:c1488]
2019-08-21 19:24:01,703 | INFO  | DNAudit | user=null | ip=null | op=WRITE_CHUNK {blockData=conID: 3 locID: 102656601978372550 bcsId: 0} | ret=SUCCESS |  
2019-08-21 19:24:01,704 | INFO  | DNAudit | user=null | ip=null | op=PUT_BLOCK {blockData=[blockId=conID: 3 locID: 102656601978372550 bcsId: 0,size=2097152]} | ret=SUCCESS |  
2019-08-21 19:24:01,704 [grpc-default-executor-2] INFO  client.GrpcClientProtocolClient (GrpcClientProtocolClient.java:onNext(255)) - client-DA9582518C67->1df8bd03-73ef-4b9c-8622-5dc9d0e29c31: receive RaftClientReply:client-DA9582518C67->1df8bd03-73ef-4b9c-8622-5dc9d0e29c31@group-F45402591F47, cid=1110, SUCCESS, logIndex=1491, commits[1df8bd03-73ef-4b9c-8622-5dc9d0e29c31:c1492, 12aca755-ada5-42df-801b-c61f99d8e8b8:c1488, a308b8bf-0324-43a1-a87f-1e10a96e3042:c1488]
2019-08-21 19:24:01,704 [grpc-default-executor-2] INFO  client.GrpcClientProtocolClient (GrpcClientProtocolClient.java:onNext(255)) - client-DA9582518C67->1df8bd03-73ef-4b9c-8622-5dc9d0e29c31: receive RaftClientReply:client-DA9582518C67->1df8bd03-73ef-4b9c-8622-5dc9d0e29c31@group-F45402591F47, cid=1111, SUCCESS, logIndex=1492, commits[1df8bd03-73ef-4b9c-8622-5dc9d0e29c31:c1492, 12aca755-ada5-42df-801b-c61f99d8e8b8:c1488, a308b8bf-0324-43a1-a87f-1e10a96e3042:c1488]
2019-08-21 19:24:01,706 | INFO  | DNAudit | user=null | ip=null | op=WRITE_CHUNK {blockData=conID: 3 locID: 102656601978372550 bcsId: 0} | ret=SUCCESS |  
2019-08-21 19:24:01,706 | INFO  | DNAudit | user=null | ip=null | op=PUT_BLOCK {blockData=[blockId=conID: 3 locID: 102656601978372550 bcsId: 0,size=1048576]} | ret=SUCCESS |  
2019-08-21 19:24:01,719 | INFO  | DNAudit | user=null | ip=null | op=WRITE_CHUNK {blockData=conID: 3 locID: 102656601978372550 bcsId: 0} | ret=SUCCESS |  
2019-08-21 19:24:01,719 | INFO  | DNAudit | user=null | ip=null | op=WRITE_CHUNK {blockData=conID: 3 locID: 102656601978372550 bcsId: 0} | ret=SUCCESS |  
2019-08-21 19:24:01,719 [grpc-default-executor-2] INFO  client.GrpcClientProtocolClient (GrpcClientProtocolClient.java:onNext(255)) - client-DA9582518C67->1df8bd03-73ef-4b9c-8622-5dc9d0e29c31: receive RaftClientReply:client-DA9582518C67->1df8bd03-73ef-4b9c-8622-5dc9d0e29c31@group-F45402591F47, cid=1112, SUCCESS, logIndex=0, commits[1df8bd03-73ef-4b9c-8622-5dc9d0e29c31:c1493, 12aca755-ada5-42df-801b-c61f99d8e8b8:c1490, a308b8bf-0324-43a1-a87f-1e10a96e3042:c1490]
2019-08-21 19:24:01,719 | INFO  | DNAudit | user=null | ip=null | op=PUT_BLOCK {blockData=[blockId=conID: 3 locID: 102656601978372550 bcsId: 0,size=1048576]} | ret=SUCCESS |  
2019-08-21 19:24:01,720 | INFO  | DNAudit | user=null | ip=null | op=PUT_BLOCK {blockData=[blockId=conID: 3 locID: 102656601978372550 bcsId: 0,size=2097152]} | ret=SUCCESS |  
2019-08-21 19:24:01,720 | INFO  | DNAudit | user=null | ip=null | op=WRITE_CHUNK {blockData=conID: 3 locID: 102656601978372550 bcsId: 0} | ret=SUCCESS |  
2019-08-21 19:24:01,720 | INFO  | DNAudit | user=null | ip=null | op=PUT_BLOCK {blockData=[blockId=conID: 3 locID: 102656601978372550 bcsId: 0,size=2097152]} | ret=SUCCESS |  
2019-08-21 19:24:01,725 | INFO  | DNAudit | user=null | ip=null | op=WRITE_CHUNK {blockData=conID: 3 locID: 102656601978372550 bcsId: 1492} | ret=SUCCESS |  
2019-08-21 19:24:01,727 | INFO  | DNAudit | user=null | ip=null | op=WRITE_CHUNK {blockData=conID: 3 locID: 102656601978372550 bcsId: 1492} | ret=SUCCESS |  
2019-08-21 19:24:01,731 | INFO  | DNAudit | user=null | ip=null | op=WRITE_CHUNK {blockData=conID: 3 locID: 102656601978372550 bcsId: 1492} | ret=SUCCESS |  
2019-08-21 19:24:01,731 | INFO  | DNAudit | user=null | ip=null | op=PUT_BLOCK {blockData=[blockId=conID: 3 locID: 102656601978372550 bcsId: 0,size=3145728]} | ret=SUCCESS |  
2019-08-21 19:24:01,732 [grpc-default-executor-0] INFO  client.GrpcClientProtocolClient (GrpcClientProtocolClient.java:onNext(255)) - client-DA9582518C67->1df8bd03-73ef-4b9c-8622-5dc9d0e29c31: receive RaftClientReply:client-DA9582518C67->1df8bd03-73ef-4b9c-8622-5dc9d0e29c31@group-F45402591F47, cid=1113, SUCCESS, logIndex=1496, commits[1df8bd03-73ef-4b9c-8622-5dc9d0e29c31:c1497, 12aca755-ada5-42df-801b-c61f99d8e8b8:c1494, a308b8bf-0324-43a1-a87f-1e10a96e3042:c1492]
2019-08-21 19:24:01,732 [grpc-default-executor-0] INFO  client.GrpcClientProtocolClient (GrpcClientProtocolClient.java:onNext(255)) - client-DA9582518C67->1df8bd03-73ef-4b9c-8622-5dc9d0e29c31: receive RaftClientReply:client-DA9582518C67->1df8bd03-73ef-4b9c-8622-5dc9d0e29c31@group-F45402591F47, cid=1114, SUCCESS, logIndex=1497, commits[1df8bd03-73ef-4b9c-8622-5dc9d0e29c31:c1497, 12aca755-ada5-42df-801b-c61f99d8e8b8:c1494, a308b8bf-0324-43a1-a87f-1e10a96e3042:c1492]
2019-08-21 19:24:01,733 | INFO  | DNAudit | user=null | ip=null | op=WRITE_CHUNK {blockData=conID: 3 locID: 102656601978372550 bcsId: 1492} | ret=SUCCESS |  
2019-08-21 19:24:01,733 | INFO  | DNAudit | user=null | ip=null | op=WRITE_CHUNK {blockData=conID: 3 locID: 102656601978372550 bcsId: 1492} | ret=SUCCESS |  
2019-08-21 19:24:01,734 | INFO  | DNAudit | user=null | ip=null | op=PUT_BLOCK {blockData=[blockId=conID: 3 locID: 102656601978372550 bcsId: 0,size=3145728]} | ret=SUCCESS |  
2019-08-21 19:24:01,737 | INFO  | DNAudit | user=null | ip=null | op=WRITE_CHUNK {blockData=conID: 3 locID: 102656601978372550 bcsId: 1497} | ret=SUCCESS |  
2019-08-21 19:24:01,740 | INFO  | DNAudit | user=null | ip=null | op=WRITE_CHUNK {blockData=conID: 3 locID: 102656601978372550 bcsId: 1497} | ret=SUCCESS |  
2019-08-21 19:24:01,740 | INFO  | DNAudit | user=null | ip=null | op=WRITE_CHUNK {blockData=conID: 3 locID: 102656601978372550 bcsId: 1497} | ret=SUCCESS |  
2019-08-21 19:24:01,745 | INFO  | DNAudit | user=null | ip=null | op=WRITE_CHUNK {blockData=conID: 3 locID: 102656601978372550 bcsId: 1492} | ret=SUCCESS |  
2019-08-21 19:24:01,746 | INFO  | DNAudit | user=null | ip=null | op=PUT_BLOCK {blockData=[blockId=conID: 3 locID: 102656601978372550 bcsId: 0,size=3145728]} | ret=SUCCESS |  
2019-08-21 19:24:01,747 | INFO  | DNAudit | user=null | ip=null | op=WRITE_CHUNK {blockData=conID: 3 locID: 102656601978372550 bcsId: 1497} | ret=SUCCESS |  
2019-08-21 19:24:01,748 | INFO  | DNAudit | user=null | ip=null | op=PUT_BLOCK {blockData=[blockId=conID: 3 locID: 102656601978372550 bcsId: 0,size=4194304]} | ret=SUCCESS |  
2019-08-21 19:24:01,748 [grpc-default-executor-0] INFO  client.GrpcClientProtocolClient (GrpcClientProtocolClient.java:onNext(255)) - client-DA9582518C67->1df8bd03-73ef-4b9c-8622-5dc9d0e29c31: receive RaftClientReply:client-DA9582518C67->1df8bd03-73ef-4b9c-8622-5dc9d0e29c31@group-F45402591F47, cid=1115, SUCCESS, logIndex=1499, commits[1df8bd03-73ef-4b9c-8622-5dc9d0e29c31:c1500, 12aca755-ada5-42df-801b-c61f99d8e8b8:c1498, a308b8bf-0324-43a1-a87f-1e10a96e3042:c1497]
2019-08-21 19:24:01,750 [grpc-default-executor-0] INFO  client.GrpcClientProtocolClient (GrpcClientProtocolClient.java:onNext(255)) - client-DA9582518C67->1df8bd03-73ef-4b9c-8622-5dc9d0e29c31: receive RaftClientReply:client-DA9582518C67->1df8bd03-73ef-4b9c-8622-5dc9d0e29c31@group-F45402591F47, cid=1116, SUCCESS, logIndex=1500, commits[1df8bd03-73ef-4b9c-8622-5dc9d0e29c31:c1500, 12aca755-ada5-42df-801b-c61f99d8e8b8:c1498, a308b8bf-0324-43a1-a87f-1e10a96e3042:c1497]
2019-08-21 19:24:01,758 | INFO  | DNAudit | user=null | ip=null | op=WRITE_CHUNK {blockData=conID: 3 locID: 102656601978372550 bcsId: 1497} | ret=SUCCESS |  
2019-08-21 19:24:01,759 | INFO  | DNAudit | user=null | ip=null | op=PUT_BLOCK {blockData=[blockId=conID: 3 locID: 102656601978372550 bcsId: 0,size=4194304]} | ret=SUCCESS |  
2019-08-21 19:24:01,768 | INFO  | DNAudit | user=null | ip=null | op=WRITE_CHUNK {blockData=conID: 3 locID: 102656601978372550 bcsId: 1497} | ret=SUCCESS |  
2019-08-21 19:24:01,768 | INFO  | DNAudit | user=null | ip=null | op=PUT_BLOCK {blockData=[blockId=conID: 3 locID: 102656601978372550 bcsId: 0,size=4194304]} | ret=SUCCESS |  
2019-08-21 19:24:01,768 [grpc-default-executor-0] INFO  client.GrpcClientProtocolClient (GrpcClientProtocolClient.java:onNext(255)) - client-DA9582518C67->1df8bd03-73ef-4b9c-8622-5dc9d0e29c31: receive RaftClientReply:client-DA9582518C67->1df8bd03-73ef-4b9c-8622-5dc9d0e29c31@group-F45402591F47, cid=1117, SUCCESS, logIndex=0, commits[1df8bd03-73ef-4b9c-8622-5dc9d0e29c31:c1501, 12aca755-ada5-42df-801b-c61f99d8e8b8:c1500, a308b8bf-0324-43a1-a87f-1e10a96e3042:c1500]
2019-08-21 19:24:01,775 | INFO  | DNAudit | user=null | ip=null | op=WRITE_CHUNK {blockData=conID: 1 locID: 102656601978372551 bcsId: 0} | ret=SUCCESS |  
2019-08-21 19:24:01,778 | INFO  | DNAudit | user=null | ip=null | op=WRITE_CHUNK {blockData=conID: 1 locID: 102656601978372551 bcsId: 0} | ret=SUCCESS |  
2019-08-21 19:24:01,778 | INFO  | DNAudit | user=null | ip=null | op=WRITE_CHUNK {blockData=conID: 1 locID: 102656601978372551 bcsId: 0} | ret=SUCCESS |  
2019-08-21 19:24:01,778 | INFO  | DNAudit | user=null | ip=null | op=WRITE_CHUNK {blockData=conID: 1 locID: 102656601978372551 bcsId: 0} | ret=SUCCESS |  
2019-08-21 19:24:01,781 | INFO  | DNAudit | user=null | ip=null | op=WRITE_CHUNK {blockData=conID: 1 locID: 102656601978372551 bcsId: 0} | ret=SUCCESS |  
2019-08-21 19:24:01,781 | INFO  | DNAudit | user=null | ip=null | op=WRITE_CHUNK {blockData=conID: 1 locID: 102656601978372551 bcsId: 0} | ret=SUCCESS |  
2019-08-21 19:24:01,787 | INFO  | DNAudit | user=null | ip=null | op=WRITE_CHUNK {blockData=conID: 1 locID: 102656601978372551 bcsId: 0} | ret=SUCCESS |  
2019-08-21 19:24:01,788 | INFO  | DNAudit | user=null | ip=null | op=PUT_BLOCK {blockData=[blockId=conID: 1 locID: 102656601978372551 bcsId: 0,size=1048576]} | ret=SUCCESS |  
2019-08-21 19:24:01,788 [grpc-default-executor-0] INFO  client.GrpcClientProtocolClient (GrpcClientProtocolClient.java:onNext(255)) - client-DA9582518C67->1df8bd03-73ef-4b9c-8622-5dc9d0e29c31: receive RaftClientReply:client-DA9582518C67->1df8bd03-73ef-4b9c-8622-5dc9d0e29c31@group-F45402591F47, cid=1118, SUCCESS, logIndex=1503, commits[1df8bd03-73ef-4b9c-8622-5dc9d0e29c31:c1504, 12aca755-ada5-42df-801b-c61f99d8e8b8:c1502, a308b8bf-0324-43a1-a87f-1e10a96e3042:c1502]
2019-08-21 19:24:01,788 [grpc-default-executor-0] INFO  client.GrpcClientProtocolClient (GrpcClientProtocolClient.java:onNext(255)) - client-DA9582518C67->1df8bd03-73ef-4b9c-8622-5dc9d0e29c31: receive RaftClientReply:client-DA9582518C67->1df8bd03-73ef-4b9c-8622-5dc9d0e29c31@group-F45402591F47, cid=1119, SUCCESS, logIndex=1504, commits[1df8bd03-73ef-4b9c-8622-5dc9d0e29c31:c1504, 12aca755-ada5-42df-801b-c61f99d8e8b8:c1502, a308b8bf-0324-43a1-a87f-1e10a96e3042:c1502]
2019-08-21 19:24:01,799 | INFO  | DNAudit | user=null | ip=null | op=WRITE_CHUNK {blockData=conID: 1 locID: 102656601978372551 bcsId: 0} | ret=SUCCESS |  
2019-08-21 19:24:01,799 | INFO  | DNAudit | user=null | ip=null | op=PUT_BLOCK {blockData=[blockId=conID: 1 locID: 102656601978372551 bcsId: 0,size=2097152]} | ret=SUCCESS |  
2019-08-21 19:24:01,799 [grpc-default-executor-0] INFO  client.GrpcClientProtocolClient (GrpcClientProtocolClient.java:onNext(255)) - client-DA9582518C67->1df8bd03-73ef-4b9c-8622-5dc9d0e29c31: receive RaftClientReply:client-DA9582518C67->1df8bd03-73ef-4b9c-8622-5dc9d0e29c31@group-F45402591F47, cid=1120, SUCCESS, logIndex=1505, commits[1df8bd03-73ef-4b9c-8622-5dc9d0e29c31:c1506, 12aca755-ada5-42df-801b-c61f99d8e8b8:c1502, a308b8bf-0324-43a1-a87f-1e10a96e3042:c1502]
2019-08-21 19:24:01,799 [grpc-default-executor-0] INFO  client.GrpcClientProtocolClient (GrpcClientProtocolClient.java:onNext(255)) - client-DA9582518C67->1df8bd03-73ef-4b9c-8622-5dc9d0e29c31: receive RaftClientReply:client-DA9582518C67->1df8bd03-73ef-4b9c-8622-5dc9d0e29c31@group-F45402591F47, cid=1121, SUCCESS, logIndex=1506, commits[1df8bd03-73ef-4b9c-8622-5dc9d0e29c31:c1506, 12aca755-ada5-42df-801b-c61f99d8e8b8:c1502, a308b8bf-0324-43a1-a87f-1e10a96e3042:c1502]
2019-08-21 19:24:01,816 | INFO  | DNAudit | user=null | ip=null | op=WRITE_CHUNK {blockData=conID: 1 locID: 102656601978372551 bcsId: 0} | ret=SUCCESS |  
2019-08-21 19:24:01,816 | INFO  | DNAudit | user=null | ip=null | op=WRITE_CHUNK {blockData=conID: 1 locID: 102656601978372551 bcsId: 0} | ret=SUCCESS |  
2019-08-21 19:24:01,817 | INFO  | DNAudit | user=null | ip=null | op=PUT_BLOCK {blockData=[blockId=conID: 1 locID: 102656601978372551 bcsId: 0,size=1048576]} | ret=SUCCESS |  
2019-08-21 19:24:01,817 | INFO  | DNAudit | user=null | ip=null | op=PUT_BLOCK {blockData=[blockId=conID: 1 locID: 102656601978372551 bcsId: 0,size=1048576]} | ret=SUCCESS |  
2019-08-21 19:24:01,817 [grpc-default-executor-0] INFO  client.GrpcClientProtocolClient (GrpcClientProtocolClient.java:onNext(255)) - client-DA9582518C67->1df8bd03-73ef-4b9c-8622-5dc9d0e29c31: receive RaftClientReply:client-DA9582518C67->1df8bd03-73ef-4b9c-8622-5dc9d0e29c31@group-F45402591F47, cid=1122, SUCCESS, logIndex=0, commits[1df8bd03-73ef-4b9c-8622-5dc9d0e29c31:c1508, 12aca755-ada5-42df-801b-c61f99d8e8b8:c1504, a308b8bf-0324-43a1-a87f-1e10a96e3042:c1504]
2019-08-21 19:24:01,822 | INFO  | DNAudit | user=null | ip=null | op=WRITE_CHUNK {blockData=conID: 1 locID: 102656601978372551 bcsId: 1506} | ret=SUCCESS |  
2019-08-21 19:24:01,910 | INFO  | DNAudit | user=null | ip=null | op=WRITE_CHUNK {blockData=conID: 1 locID: 102656601978372551 bcsId: 0} | ret=SUCCESS |  
2019-08-21 19:24:01,910 | INFO  | DNAudit | user=null | ip=null | op=WRITE_CHUNK {blockData=conID: 1 locID: 102656601978372551 bcsId: 0} | ret=SUCCESS |  
2019-08-21 19:24:01,910 | INFO  | DNAudit | user=null | ip=null | op=PUT_BLOCK {blockData=[blockId=conID: 1 locID: 102656601978372551 bcsId: 0,size=2097152]} | ret=SUCCESS |  
2019-08-21 19:24:01,910 | INFO  | DNAudit | user=null | ip=null | op=PUT_BLOCK {blockData=[blockId=conID: 1 locID: 102656601978372551 bcsId: 0,size=2097152]} | ret=SUCCESS |  
2019-08-21 19:24:01,911 | INFO  | DNAudit | user=null | ip=null | op=WRITE_CHUNK {blockData=conID: 1 locID: 102656601978372551 bcsId: 1506} | ret=SUCCESS |  
2019-08-21 19:24:01,913 | INFO  | DNAudit | user=null | ip=null | op=WRITE_CHUNK {blockData=conID: 1 locID: 102656601978372551 bcsId: 1506} | ret=SUCCESS |  
2019-08-21 19:24:01,933 | INFO  | DNAudit | user=null | ip=null | op=WRITE_CHUNK {blockData=conID: 1 locID: 102656601978372551 bcsId: 1506} | ret=SUCCESS |  
2019-08-21 19:24:01,933 | INFO  | DNAudit | user=null | ip=null | op=PUT_BLOCK {blockData=[blockId=conID: 1 locID: 102656601978372551 bcsId: 0,size=3145728]} | ret=SUCCESS |  
2019-08-21 19:24:01,933 [grpc-default-executor-6] INFO  client.GrpcClientProtocolClient (GrpcClientProtocolClient.java:onNext(255)) - client-DA9582518C67->1df8bd03-73ef-4b9c-8622-5dc9d0e29c31: receive RaftClientReply:client-DA9582518C67->1df8bd03-73ef-4b9c-8622-5dc9d0e29c31@group-F45402591F47, cid=1123, SUCCESS, logIndex=1511, commits[1df8bd03-73ef-4b9c-8622-5dc9d0e29c31:c1512, 12aca755-ada5-42df-801b-c61f99d8e8b8:c1508, a308b8bf-0324-43a1-a87f-1e10a96e3042:c1508]
2019-08-21 19:24:01,934 [grpc-default-executor-6] INFO  client.GrpcClientProtocolClient (GrpcClientProtocolClient.java:onNext(255)) - client-DA9582518C67->1df8bd03-73ef-4b9c-8622-5dc9d0e29c31: receive RaftClientReply:client-DA9582518C67->1df8bd03-73ef-4b9c-8622-5dc9d0e29c31@group-F45402591F47, cid=1124, SUCCESS, logIndex=1512, commits[1df8bd03-73ef-4b9c-8622-5dc9d0e29c31:c1512, 12aca755-ada5-42df-801b-c61f99d8e8b8:c1508, a308b8bf-0324-43a1-a87f-1e10a96e3042:c1508]
2019-08-21 19:24:01,939 | INFO  | DNAudit | user=null | ip=null | op=WRITE_CHUNK {blockData=conID: 1 locID: 102656601978372551 bcsId: 1512} | ret=SUCCESS |  
2019-08-21 19:24:01,942 | INFO  | DNAudit | user=null | ip=null | op=WRITE_CHUNK {blockData=conID: 1 locID: 102656601978372551 bcsId: 1512} | ret=SUCCESS |  
2019-08-21 19:24:01,942 | INFO  | DNAudit | user=null | ip=null | op=WRITE_CHUNK {blockData=conID: 1 locID: 102656601978372551 bcsId: 1512} | ret=SUCCESS |  
2019-08-21 19:24:01,944 | INFO  | DNAudit | user=null | ip=null | op=WRITE_CHUNK {blockData=conID: 1 locID: 102656601978372551 bcsId: 1506} | ret=SUCCESS |  
2019-08-21 19:24:01,944 | INFO  | DNAudit | user=null | ip=null | op=WRITE_CHUNK {blockData=conID: 1 locID: 102656601978372551 bcsId: 1506} | ret=SUCCESS |  
2019-08-21 19:24:01,944 | INFO  | DNAudit | user=null | ip=null | op=PUT_BLOCK {blockData=[blockId=conID: 1 locID: 102656601978372551 bcsId: 0,size=3145728]} | ret=SUCCESS |  
2019-08-21 19:24:01,944 | INFO  | DNAudit | user=null | ip=null | op=PUT_BLOCK {blockData=[blockId=conID: 1 locID: 102656601978372551 bcsId: 0,size=3145728]} | ret=SUCCESS |  
2019-08-21 19:24:01,946 | INFO  | SCMAudit | user=jenkins1000 | ip=192.168.69.88 | op=SEND_HEARTBEAT {datanodeUUID=a308b8bf-0324-43a1-a87f-1e10a96e3042, command=[]} | ret=SUCCESS |  
2019-08-21 19:24:01,946 | INFO  | SCMAudit | user=jenkins1000 | ip=192.168.69.88 | op=SEND_HEARTBEAT {datanodeUUID=12aca755-ada5-42df-801b-c61f99d8e8b8, command=[]} | ret=SUCCESS |  
2019-08-21 19:24:01,946 | INFO  | SCMAudit | user=jenkins1000 | ip=192.168.69.88 | op=SEND_HEARTBEAT {datanodeUUID=1df8bd03-73ef-4b9c-8622-5dc9d0e29c31, command=[]} | ret=SUCCESS |  
2019-08-21 19:24:01,947 | INFO  | DNAudit | user=null | ip=null | op=WRITE_CHUNK {blockData=conID: 1 locID: 102656601978372551 bcsId: 1512} | ret=SUCCESS |  
2019-08-21 19:24:01,948 | INFO  | DNAudit | user=null | ip=null | op=PUT_BLOCK {blockData=[blockId=conID: 1 locID: 102656601978372551 bcsId: 0,size=4194304]} | ret=SUCCESS |  
2019-08-21 19:24:01,948 [grpc-default-executor-6] INFO  client.GrpcClientProtocolClient (GrpcClientProtocolClient.java:onNext(255)) - client-DA9582518C67->1df8bd03-73ef-4b9c-8622-5dc9d0e29c31: receive RaftClientReply:client-DA9582518C67->1df8bd03-73ef-4b9c-8622-5dc9d0e29c31@group-F45402591F47, cid=1125, SUCCESS, logIndex=1515, commits[1df8bd03-73ef-4b9c-8622-5dc9d0e29c31:c1516, 12aca755-ada5-42df-801b-c61f99d8e8b8:c1512, a308b8bf-0324-43a1-a87f-1e10a96e3042:c1512]
2019-08-21 19:24:01,948 [grpc-default-executor-6] INFO  client.GrpcClientProtocolClient (GrpcClientProtocolClient.java:onNext(255)) - client-DA9582518C67->1df8bd03-73ef-4b9c-8622-5dc9d0e29c31: receive RaftClientReply:client-DA9582518C67->1df8bd03-73ef-4b9c-8622-5dc9d0e29c31@group-F45402591F47, cid=1126, SUCCESS, logIndex=1516, commits[1df8bd03-73ef-4b9c-8622-5dc9d0e29c31:c1516, 12aca755-ada5-42df-801b-c61f99d8e8b8:c1512, a308b8bf-0324-43a1-a87f-1e10a96e3042:c1512]
2019-08-21 19:24:01,961 | INFO  | DNAudit | user=null | ip=null | op=WRITE_CHUNK {blockData=conID: 1 locID: 102656601978372551 bcsId: 1512} | ret=SUCCESS |  
2019-08-21 19:24:01,961 | INFO  | DNAudit | user=null | ip=null | op=WRITE_CHUNK {blockData=conID: 1 locID: 102656601978372551 bcsId: 1512} | ret=SUCCESS |  
2019-08-21 19:24:01,973 | INFO  | DNAudit | user=null | ip=null | op=PUT_BLOCK {blockData=[blockId=conID: 1 locID: 102656601978372551 bcsId: 0,size=4194304]} | ret=SUCCESS |  
2019-08-21 19:24:01,973 | INFO  | DNAudit | user=null | ip=null | op=PUT_BLOCK {blockData=[blockId=conID: 1 locID: 102656601978372551 bcsId: 0,size=4194304]} | ret=SUCCESS |  
2019-08-21 19:24:01,974 [grpc-default-executor-6] INFO  client.GrpcClientProtocolClient (GrpcClientProtocolClient.java:onNext(255)) - client-DA9582518C67->1df8bd03-73ef-4b9c-8622-5dc9d0e29c31: receive RaftClientReply:client-DA9582518C67->1df8bd03-73ef-4b9c-8622-5dc9d0e29c31@group-F45402591F47, cid=1127, SUCCESS, logIndex=0, commits[1df8bd03-73ef-4b9c-8622-5dc9d0e29c31:c1517, 12aca755-ada5-42df-801b-c61f99d8e8b8:c1516, a308b8bf-0324-43a1-a87f-1e10a96e3042:c1516]
2019-08-21 19:24:01,980 | INFO  | DNAudit | user=null | ip=null | op=WRITE_CHUNK {blockData=conID: 2 locID: 102656601978372552 bcsId: 0} | ret=SUCCESS |  
2019-08-21 19:24:01,983 | INFO  | DNAudit | user=null | ip=null | op=WRITE_CHUNK {blockData=conID: 2 locID: 102656601978372552 bcsId: 0} | ret=SUCCESS |  
2019-08-21 19:24:01,984 | INFO  | DNAudit | user=null | ip=null | op=WRITE_CHUNK {blockData=conID: 2 locID: 102656601978372552 bcsId: 0} | ret=SUCCESS |  
2019-08-21 19:24:01,984 | INFO  | DNAudit | user=null | ip=null | op=WRITE_CHUNK {blockData=conID: 2 locID: 102656601978372552 bcsId: 0} | ret=SUCCESS |  
2019-08-21 19:24:01,985 | INFO  | DNAudit | user=null | ip=null | op=WRITE_CHUNK {blockData=conID: 2 locID: 102656601978372552 bcsId: 0} | ret=SUCCESS |  
2019-08-21 19:24:01,986 | INFO  | DNAudit | user=null | ip=null | op=WRITE_CHUNK {blockData=conID: 2 locID: 102656601978372552 bcsId: 0} | ret=SUCCESS |  
2019-08-21 19:24:01,994 | INFO  | DNAudit | user=null | ip=null | op=WRITE_CHUNK {blockData=conID: 2 locID: 102656601978372552 bcsId: 0} | ret=SUCCESS |  
2019-08-21 19:24:01,995 | INFO  | DNAudit | user=null | ip=null | op=PUT_BLOCK {blockData=[blockId=conID: 2 locID: 102656601978372552 bcsId: 0,size=1048576]} | ret=SUCCESS |  
2019-08-21 19:24:01,995 [grpc-default-executor-2] INFO  client.GrpcClientProtocolClient (GrpcClientProtocolClient.java:onNext(255)) - client-DA9582518C67->1df8bd03-73ef-4b9c-8622-5dc9d0e29c31: receive RaftClientReply:client-DA9582518C67->1df8bd03-73ef-4b9c-8622-5dc9d0e29c31@group-F45402591F47, cid=1128, SUCCESS, logIndex=1519, commits[1df8bd03-73ef-4b9c-8622-5dc9d0e29c31:c1520, 12aca755-ada5-42df-801b-c61f99d8e8b8:c1518, a308b8bf-0324-43a1-a87f-1e10a96e3042:c1518]
2019-08-21 19:24:01,996 [grpc-default-executor-2] INFO  client.GrpcClientProtocolClient (GrpcClientProtocolClient.java:onNext(255)) - client-DA9582518C67->1df8bd03-73ef-4b9c-8622-5dc9d0e29c31: receive RaftClientReply:client-DA9582518C67->1df8bd03-73ef-4b9c-8622-5dc9d0e29c31@group-F45402591F47, cid=1129, SUCCESS, logIndex=1520, commits[1df8bd03-73ef-4b9c-8622-5dc9d0e29c31:c1520, 12aca755-ada5-42df-801b-c61f99d8e8b8:c1518, a308b8bf-0324-43a1-a87f-1e10a96e3042:c1518]
2019-08-21 19:24:02,004 | INFO  | DNAudit | user=null | ip=null | op=WRITE_CHUNK {blockData=conID: 2 locID: 102656601978372552 bcsId: 0} | ret=SUCCESS |  
2019-08-21 19:24:02,005 | INFO  | DNAudit | user=null | ip=null | op=PUT_BLOCK {blockData=[blockId=conID: 2 locID: 102656601978372552 bcsId: 0,size=2097152]} | ret=SUCCESS |  
2019-08-21 19:24:02,005 [grpc-default-executor-2] INFO  client.GrpcClientProtocolClient (GrpcClientProtocolClient.java:onNext(255)) - client-DA9582518C67->1df8bd03-73ef-4b9c-8622-5dc9d0e29c31: receive RaftClientReply:client-DA9582518C67->1df8bd03-73ef-4b9c-8622-5dc9d0e29c31@group-F45402591F47, cid=1130, SUCCESS, logIndex=1521, commits[1df8bd03-73ef-4b9c-8622-5dc9d0e29c31:c1522, 12aca755-ada5-42df-801b-c61f99d8e8b8:c1518, a308b8bf-0324-43a1-a87f-1e10a96e3042:c1518]
2019-08-21 19:24:02,005 [grpc-default-executor-2] INFO  client.GrpcClientProtocolClient (GrpcClientProtocolClient.java:onNext(255)) - client-DA9582518C67->1df8bd03-73ef-4b9c-8622-5dc9d0e29c31: receive RaftClientReply:client-DA9582518C67->1df8bd03-73ef-4b9c-8622-5dc9d0e29c31@group-F45402591F47, cid=1131, SUCCESS, logIndex=1522, commits[1df8bd03-73ef-4b9c-8622-5dc9d0e29c31:c1522, 12aca755-ada5-42df-801b-c61f99d8e8b8:c1518, a308b8bf-0324-43a1-a87f-1e10a96e3042:c1518]
2019-08-21 19:24:02,006 | INFO  | DNAudit | user=null | ip=null | op=WRITE_CHUNK {blockData=conID: 2 locID: 102656601978372552 bcsId: 0} | ret=SUCCESS |  
2019-08-21 19:24:02,006 | INFO  | DNAudit | user=null | ip=null | op=PUT_BLOCK {blockData=[blockId=conID: 2 locID: 102656601978372552 bcsId: 0,size=1048576]} | ret=SUCCESS |  
2019-08-21 19:24:02,019 | INFO  | DNAudit | user=null | ip=null | op=WRITE_CHUNK {blockData=conID: 2 locID: 102656601978372552 bcsId: 0} | ret=SUCCESS |  
2019-08-21 19:24:02,019 | INFO  | DNAudit | user=null | ip=null | op=WRITE_CHUNK {blockData=conID: 2 locID: 102656601978372552 bcsId: 0} | ret=SUCCESS |  
2019-08-21 19:24:02,019 | INFO  | DNAudit | user=null | ip=null | op=PUT_BLOCK {blockData=[blockId=conID: 2 locID: 102656601978372552 bcsId: 0,size=2097152]} | ret=SUCCESS |  
2019-08-21 19:24:02,020 | INFO  | DNAudit | user=null | ip=null | op=PUT_BLOCK {blockData=[blockId=conID: 2 locID: 102656601978372552 bcsId: 0,size=1048576]} | ret=SUCCESS |  
2019-08-21 19:24:02,020 | INFO  | DNAudit | user=null | ip=null | op=WRITE_CHUNK {blockData=conID: 2 locID: 102656601978372552 bcsId: 0} | ret=SUCCESS |  
2019-08-21 19:24:02,020 | INFO  | DNAudit | user=null | ip=null | op=PUT_BLOCK {blockData=[blockId=conID: 2 locID: 102656601978372552 bcsId: 0,size=2097152]} | ret=SUCCESS |  
2019-08-21 19:24:02,021 [grpc-default-executor-2] INFO  client.GrpcClientProtocolClient (GrpcClientProtocolClient.java:onNext(255)) - client-DA9582518C67->1df8bd03-73ef-4b9c-8622-5dc9d0e29c31: receive RaftClientReply:client-DA9582518C67->1df8bd03-73ef-4b9c-8622-5dc9d0e29c31@group-F45402591F47, cid=1132, SUCCESS, logIndex=0, commits[1df8bd03-73ef-4b9c-8622-5dc9d0e29c31:c1524, 12aca755-ada5-42df-801b-c61f99d8e8b8:c1520, a308b8bf-0324-43a1-a87f-1e10a96e3042:c1522]
2019-08-21 19:24:02,027 | INFO  | DNAudit | user=null | ip=null | op=WRITE_CHUNK {blockData=conID: 2 locID: 102656601978372552 bcsId: 1522} | ret=SUCCESS |  
2019-08-21 19:24:02,028 | INFO  | DNAudit | user=null | ip=null | op=WRITE_CHUNK {blockData=conID: 2 locID: 102656601978372552 bcsId: 1522} | ret=SUCCESS |  
2019-08-21 19:24:02,029 | INFO  | DNAudit | user=null | ip=null | op=WRITE_CHUNK {blockData=conID: 2 locID: 102656601978372552 bcsId: 1522} | ret=SUCCESS |  
2019-08-21 19:24:02,044 | INFO  | DNAudit | user=null | ip=null | op=WRITE_CHUNK {blockData=conID: 2 locID: 102656601978372552 bcsId: 1522} | ret=SUCCESS |  
2019-08-21 19:24:02,044 | INFO  | DNAudit | user=null | ip=null | op=PUT_BLOCK {blockData=[blockId=conID: 2 locID: 102656601978372552 bcsId: 0,size=3145728]} | ret=SUCCESS |  
2019-08-21 19:24:02,044 [grpc-default-executor-2] INFO  client.GrpcClientProtocolClient (GrpcClientProtocolClient.java:onNext(255)) - client-DA9582518C67->1df8bd03-73ef-4b9c-8622-5dc9d0e29c31: receive RaftClientReply:client-DA9582518C67->1df8bd03-73ef-4b9c-8622-5dc9d0e29c31@group-F45402591F47, cid=1133, SUCCESS, logIndex=1526, commits[1df8bd03-73ef-4b9c-8622-5dc9d0e29c31:c1527, 12aca755-ada5-42df-801b-c61f99d8e8b8:c1524, a308b8bf-0324-43a1-a87f-1e10a96e3042:c1524]
2019-08-21 19:24:02,045 [grpc-default-executor-2] INFO  client.GrpcClientProtocolClient (GrpcClientProtocolClient.java:onNext(255)) - client-DA9582518C67->1df8bd03-73ef-4b9c-8622-5dc9d0e29c31: receive RaftClientReply:client-DA9582518C67->1df8bd03-73ef-4b9c-8622-5dc9d0e29c31@group-F45402591F47, cid=1134, SUCCESS, logIndex=1527, commits[1df8bd03-73ef-4b9c-8622-5dc9d0e29c31:c1527, 12aca755-ada5-42df-801b-c61f99d8e8b8:c1524, a308b8bf-0324-43a1-a87f-1e10a96e3042:c1524]
2019-08-21 19:24:02,051 | INFO  | DNAudit | user=null | ip=null | op=WRITE_CHUNK {blockData=conID: 2 locID: 102656601978372552 bcsId: 1527} | ret=SUCCESS |  
2019-08-21 19:24:02,054 | INFO  | DNAudit | user=null | ip=null | op=WRITE_CHUNK {blockData=conID: 2 locID: 102656601978372552 bcsId: 1527} | ret=SUCCESS |  
2019-08-21 19:24:02,054 | INFO  | DNAudit | user=null | ip=null | op=WRITE_CHUNK {blockData=conID: 2 locID: 102656601978372552 bcsId: 1527} | ret=SUCCESS |  
2019-08-21 19:24:02,068 | INFO  | DNAudit | user=null | ip=null | op=WRITE_CHUNK {blockData=conID: 2 locID: 102656601978372552 bcsId: 1522} | ret=SUCCESS |  
2019-08-21 19:24:02,068 | INFO  | DNAudit | user=null | ip=null | op=WRITE_CHUNK {blockData=conID: 2 locID: 102656601978372552 bcsId: 1522} | ret=SUCCESS |  
2019-08-21 19:24:02,068 | INFO  | DNAudit | user=null | ip=null | op=WRITE_CHUNK {blockData=conID: 2 locID: 102656601978372552 bcsId: 1527} | ret=SUCCESS |  
2019-08-21 19:24:02,068 | INFO  | DNAudit | user=null | ip=null | op=PUT_BLOCK {blockData=[blockId=conID: 2 locID: 102656601978372552 bcsId: 0,size=3145728]} | ret=SUCCESS |  
2019-08-21 19:24:02,068 | INFO  | DNAudit | user=null | ip=null | op=PUT_BLOCK {blockData=[blockId=conID: 2 locID: 102656601978372552 bcsId: 0,size=3145728]} | ret=SUCCESS |  
2019-08-21 19:24:02,069 | INFO  | DNAudit | user=null | ip=null | op=PUT_BLOCK {blockData=[blockId=conID: 2 locID: 102656601978372552 bcsId: 0,size=4194304]} | ret=SUCCESS |  
2019-08-21 19:24:02,069 [grpc-default-executor-0] INFO  client.GrpcClientProtocolClient (GrpcClientProtocolClient.java:onNext(255)) - client-DA9582518C67->1df8bd03-73ef-4b9c-8622-5dc9d0e29c31: receive RaftClientReply:client-DA9582518C67->1df8bd03-73ef-4b9c-8622-5dc9d0e29c31@group-F45402591F47, cid=1135, SUCCESS, logIndex=1530, commits[1df8bd03-73ef-4b9c-8622-5dc9d0e29c31:c1531, 12aca755-ada5-42df-801b-c61f99d8e8b8:c1527, a308b8bf-0324-43a1-a87f-1e10a96e3042:c1527]
2019-08-21 19:24:02,069 [grpc-default-executor-0] INFO  client.GrpcClientProtocolClient (GrpcClientProtocolClient.java:onNext(255)) - client-DA9582518C67->1df8bd03-73ef-4b9c-8622-5dc9d0e29c31: receive RaftClientReply:client-DA9582518C67->1df8bd03-73ef-4b9c-8622-5dc9d0e29c31@group-F45402591F47, cid=1136, SUCCESS, logIndex=1531, commits[1df8bd03-73ef-4b9c-8622-5dc9d0e29c31:c1531, 12aca755-ada5-42df-801b-c61f99d8e8b8:c1527, a308b8bf-0324-43a1-a87f-1e10a96e3042:c1527]
2019-08-21 19:24:02,080 | INFO  | DNAudit | user=null | ip=null | op=WRITE_CHUNK {blockData=conID: 2 locID: 102656601978372552 bcsId: 1527} | ret=SUCCESS |  
2019-08-21 19:24:02,080 | INFO  | DNAudit | user=null | ip=null | op=WRITE_CHUNK {blockData=conID: 2 locID: 102656601978372552 bcsId: 1527} | ret=SUCCESS |  
2019-08-21 19:24:02,080 | INFO  | DNAudit | user=null | ip=null | op=PUT_BLOCK {blockData=[blockId=conID: 2 locID: 102656601978372552 bcsId: 0,size=4194304]} | ret=SUCCESS |  
2019-08-21 19:24:02,080 | INFO  | DNAudit | user=null | ip=null | op=PUT_BLOCK {blockData=[blockId=conID: 2 locID: 102656601978372552 bcsId: 0,size=4194304]} | ret=SUCCESS |  
2019-08-21 19:24:02,080 [grpc-default-executor-2] INFO  client.GrpcClientProtocolClient (GrpcClientProtocolClient.java:onNext(255)) - client-DA9582518C67->1df8bd03-73ef-4b9c-8622-5dc9d0e29c31: receive RaftClientReply:client-DA9582518C67->1df8bd03-73ef-4b9c-8622-5dc9d0e29c31@group-F45402591F47, cid=1137, SUCCESS, logIndex=0, commits[1df8bd03-73ef-4b9c-8622-5dc9d0e29c31:c1531, 12aca755-ada5-42df-801b-c61f99d8e8b8:c1531, a308b8bf-0324-43a1-a87f-1e10a96e3042:c1531]
2019-08-21 19:24:02,086 | INFO  | DNAudit | user=null | ip=null | op=WRITE_CHUNK {blockData=conID: 3 locID: 102656601978438089 bcsId: 0} | ret=SUCCESS |  
2019-08-21 19:24:02,089 | INFO  | DNAudit | user=null | ip=null | op=WRITE_CHUNK {blockData=conID: 3 locID: 102656601978438089 bcsId: 0} | ret=SUCCESS |  
2019-08-21 19:24:02,089 | INFO  | DNAudit | user=null | ip=null | op=WRITE_CHUNK {blockData=conID: 3 locID: 102656601978438089 bcsId: 0} | ret=SUCCESS |  
2019-08-21 19:24:02,089 | INFO  | DNAudit | user=null | ip=null | op=WRITE_CHUNK {blockData=conID: 3 locID: 102656601978438089 bcsId: 0} | ret=SUCCESS |  
2019-08-21 19:24:02,091 | INFO  | DNAudit | user=null | ip=null | op=WRITE_CHUNK {blockData=conID: 3 locID: 102656601978438089 bcsId: 0} | ret=SUCCESS |  
2019-08-21 19:24:02,091 | INFO  | DNAudit | user=null | ip=null | op=WRITE_CHUNK {blockData=conID: 3 locID: 102656601978438089 bcsId: 0} | ret=SUCCESS |  
2019-08-21 19:24:02,109 | INFO  | DNAudit | user=null | ip=null | op=WRITE_CHUNK {blockData=conID: 3 locID: 102656601978438089 bcsId: 0} | ret=SUCCESS |  
2019-08-21 19:24:02,110 | INFO  | DNAudit | user=null | ip=null | op=PUT_BLOCK {blockData=[blockId=conID: 3 locID: 102656601978438089 bcsId: 0,size=1048576]} | ret=SUCCESS |  
2019-08-21 19:24:02,110 | INFO  | DNAudit | user=null | ip=null | op=WRITE_CHUNK {blockData=conID: 3 locID: 102656601978438089 bcsId: 0} | ret=SUCCESS |  
2019-08-21 19:24:02,110 [grpc-default-executor-0] INFO  client.GrpcClientProtocolClient (GrpcClientProtocolClient.java:onNext(255)) - client-DA9582518C67->1df8bd03-73ef-4b9c-8622-5dc9d0e29c31: receive RaftClientReply:client-DA9582518C67->1df8bd03-73ef-4b9c-8622-5dc9d0e29c31@group-F45402591F47, cid=1138, SUCCESS, logIndex=1534, commits[1df8bd03-73ef-4b9c-8622-5dc9d0e29c31:c1535, 12aca755-ada5-42df-801b-c61f99d8e8b8:c1532, a308b8bf-0324-43a1-a87f-1e10a96e3042:c1532]
2019-08-21 19:24:02,110 | INFO  | DNAudit | user=null | ip=null | op=PUT_BLOCK {blockData=[blockId=conID: 3 locID: 102656601978438089 bcsId: 0,size=2097152]} | ret=SUCCESS |  
2019-08-21 19:24:02,111 [grpc-default-executor-0] INFO  client.GrpcClientProtocolClient (GrpcClientProtocolClient.java:onNext(255)) - client-DA9582518C67->1df8bd03-73ef-4b9c-8622-5dc9d0e29c31: receive RaftClientReply:client-DA9582518C67->1df8bd03-73ef-4b9c-8622-5dc9d0e29c31@group-F45402591F47, cid=1139, SUCCESS, logIndex=1535, commits[1df8bd03-73ef-4b9c-8622-5dc9d0e29c31:c1536, 12aca755-ada5-42df-801b-c61f99d8e8b8:c1532, a308b8bf-0324-43a1-a87f-1e10a96e3042:c1532]
2019-08-21 19:24:02,111 [grpc-default-executor-0] INFO  client.GrpcClientProtocolClient (GrpcClientProtocolClient.java:onNext(255)) - client-DA9582518C67->1df8bd03-73ef-4b9c-8622-5dc9d0e29c31: receive RaftClientReply:client-DA9582518C67->1df8bd03-73ef-4b9c-8622-5dc9d0e29c31@group-F45402591F47, cid=1140, SUCCESS, logIndex=1536, commits[1df8bd03-73ef-4b9c-8622-5dc9d0e29c31:c1537, 12aca755-ada5-42df-801b-c61f99d8e8b8:c1532, a308b8bf-0324-43a1-a87f-1e10a96e3042:c1532]
2019-08-21 19:24:02,111 [grpc-default-executor-0] INFO  client.GrpcClientProtocolClient (GrpcClientProtocolClient.java:onNext(255)) - client-DA9582518C67->1df8bd03-73ef-4b9c-8622-5dc9d0e29c31: receive RaftClientReply:client-DA9582518C67->1df8bd03-73ef-4b9c-8622-5dc9d0e29c31@group-F45402591F47, cid=1141, SUCCESS, logIndex=1537, commits[1df8bd03-73ef-4b9c-8622-5dc9d0e29c31:c1537, 12aca755-ada5-42df-801b-c61f99d8e8b8:c1532, a308b8bf-0324-43a1-a87f-1e10a96e3042:c1532]
2019-08-21 19:24:02,127 | INFO  | DNAudit | user=null | ip=null | op=WRITE_CHUNK {blockData=conID: 3 locID: 102656601978438089 bcsId: 0} | ret=SUCCESS |  
2019-08-21 19:24:02,127 | INFO  | DNAudit | user=null | ip=null | op=WRITE_CHUNK {blockData=conID: 3 locID: 102656601978438089 bcsId: 0} | ret=SUCCESS |  
2019-08-21 19:24:02,128 | INFO  | DNAudit | user=null | ip=null | op=PUT_BLOCK {blockData=[blockId=conID: 3 locID: 102656601978438089 bcsId: 0,size=1048576]} | ret=SUCCESS |  
2019-08-21 19:24:02,128 | INFO  | DNAudit | user=null | ip=null | op=PUT_BLOCK {blockData=[blockId=conID: 3 locID: 102656601978438089 bcsId: 0,size=1048576]} | ret=SUCCESS |  
2019-08-21 19:24:02,128 [grpc-default-executor-6] INFO  client.GrpcClientProtocolClient (GrpcClientProtocolClient.java:onNext(255)) - client-DA9582518C67->1df8bd03-73ef-4b9c-8622-5dc9d0e29c31: receive RaftClientReply:client-DA9582518C67->1df8bd03-73ef-4b9c-8622-5dc9d0e29c31@group-F45402591F47, cid=1142, SUCCESS, logIndex=0, commits[1df8bd03-73ef-4b9c-8622-5dc9d0e29c31:c1537, 12aca755-ada5-42df-801b-c61f99d8e8b8:c1535, a308b8bf-0324-43a1-a87f-1e10a96e3042:c1535]
2019-08-21 19:24:02,133 | INFO  | DNAudit | user=null | ip=null | op=WRITE_CHUNK {blockData=conID: 3 locID: 102656601978438089 bcsId: 1537} | ret=SUCCESS |  
2019-08-21 19:24:02,137 | INFO  | DNAudit | user=null | ip=null | op=WRITE_CHUNK {blockData=conID: 3 locID: 102656601978438089 bcsId: 1537} | ret=SUCCESS |  
2019-08-21 19:24:02,137 | INFO  | DNAudit | user=null | ip=null | op=WRITE_CHUNK {blockData=conID: 3 locID: 102656601978438089 bcsId: 1537} | ret=SUCCESS |  
2019-08-21 19:24:02,137 | INFO  | DNAudit | user=null | ip=null | op=WRITE_CHUNK {blockData=conID: 3 locID: 102656601978438089 bcsId: 0} | ret=SUCCESS |  
2019-08-21 19:24:02,137 | INFO  | DNAudit | user=null | ip=null | op=WRITE_CHUNK {blockData=conID: 3 locID: 102656601978438089 bcsId: 0} | ret=SUCCESS |  
2019-08-21 19:24:02,137 | INFO  | DNAudit | user=null | ip=null | op=PUT_BLOCK {blockData=[blockId=conID: 3 locID: 102656601978438089 bcsId: 0,size=2097152]} | ret=SUCCESS |  
2019-08-21 19:24:02,138 | INFO  | DNAudit | user=null | ip=null | op=PUT_BLOCK {blockData=[blockId=conID: 3 locID: 102656601978438089 bcsId: 0,size=2097152]} | ret=SUCCESS |  
2019-08-21 19:24:02,149 | INFO  | DNAudit | user=null | ip=null | op=WRITE_CHUNK {blockData=conID: 3 locID: 102656601978438089 bcsId: 1537} | ret=SUCCESS |  
2019-08-21 19:24:02,149 | INFO  | DNAudit | user=null | ip=null | op=PUT_BLOCK {blockData=[blockId=conID: 3 locID: 102656601978438089 bcsId: 0,size=3145728]} | ret=SUCCESS |  
2019-08-21 19:24:02,149 [grpc-default-executor-6] INFO  client.GrpcClientProtocolClient (GrpcClientProtocolClient.java:onNext(255)) - client-DA9582518C67->1df8bd03-73ef-4b9c-8622-5dc9d0e29c31: receive RaftClientReply:client-DA9582518C67->1df8bd03-73ef-4b9c-8622-5dc9d0e29c31@group-F45402591F47, cid=1143, SUCCESS, logIndex=1542, commits[1df8bd03-73ef-4b9c-8622-5dc9d0e29c31:c1543, 12aca755-ada5-42df-801b-c61f99d8e8b8:c1538, a308b8bf-0324-43a1-a87f-1e10a96e3042:c1538]
2019-08-21 19:24:02,150 [grpc-default-executor-6] INFO  client.GrpcClientProtocolClient (GrpcClientProtocolClient.java:onNext(255)) - client-DA9582518C67->1df8bd03-73ef-4b9c-8622-5dc9d0e29c31: receive RaftClientReply:client-DA9582518C67->1df8bd03-73ef-4b9c-8622-5dc9d0e29c31@group-F45402591F47, cid=1144, SUCCESS, logIndex=1543, commits[1df8bd03-73ef-4b9c-8622-5dc9d0e29c31:c1543, 12aca755-ada5-42df-801b-c61f99d8e8b8:c1538, a308b8bf-0324-43a1-a87f-1e10a96e3042:c1538]
2019-08-21 19:24:02,155 | INFO  | DNAudit | user=null | ip=null | op=WRITE_CHUNK {blockData=conID: 3 locID: 102656601978438089 bcsId: 1543} | ret=SUCCESS |  
2019-08-21 19:24:02,159 | INFO  | DNAudit | user=null | ip=null | op=WRITE_CHUNK {blockData=conID: 3 locID: 102656601978438089 bcsId: 1543} | ret=SUCCESS |  
2019-08-21 19:24:02,159 | INFO  | DNAudit | user=null | ip=null | op=WRITE_CHUNK {blockData=conID: 3 locID: 102656601978438089 bcsId: 1543} | ret=SUCCESS |  
2019-08-21 19:24:02,167 | INFO  | DNAudit | user=null | ip=null | op=WRITE_CHUNK {blockData=conID: 3 locID: 102656601978438089 bcsId: 1537} | ret=SUCCESS |  
2019-08-21 19:24:02,167 | INFO  | DNAudit | user=null | ip=null | op=WRITE_CHUNK {blockData=conID: 3 locID: 102656601978438089 bcsId: 1537} | ret=SUCCESS |  
2019-08-21 19:24:02,167 | INFO  | DNAudit | user=null | ip=null | op=PUT_BLOCK {blockData=[blockId=conID: 3 locID: 102656601978438089 bcsId: 0,size=3145728]} | ret=SUCCESS |  
2019-08-21 19:24:02,167 | INFO  | DNAudit | user=null | ip=null | op=PUT_BLOCK {blockData=[blockId=conID: 3 locID: 102656601978438089 bcsId: 0,size=3145728]} | ret=SUCCESS |  
2019-08-21 19:24:02,179 | INFO  | DNAudit | user=null | ip=null | op=WRITE_CHUNK {blockData=conID: 3 locID: 102656601978438089 bcsId: 1543} | ret=SUCCESS |  
2019-08-21 19:24:02,180 | INFO  | DNAudit | user=null | ip=null | op=PUT_BLOCK {blockData=[blockId=conID: 3 locID: 102656601978438089 bcsId: 0,size=4194304]} | ret=SUCCESS |  
2019-08-21 19:24:02,180 [grpc-default-executor-0] INFO  client.GrpcClientProtocolClient (GrpcClientProtocolClient.java:onNext(255)) - client-DA9582518C67->1df8bd03-73ef-4b9c-8622-5dc9d0e29c31: receive RaftClientReply:client-DA9582518C67->1df8bd03-73ef-4b9c-8622-5dc9d0e29c31@group-F45402591F47, cid=1145, SUCCESS, logIndex=1546, commits[1df8bd03-73ef-4b9c-8622-5dc9d0e29c31:c1547, 12aca755-ada5-42df-801b-c61f99d8e8b8:c1543, a308b8bf-0324-43a1-a87f-1e10a96e3042:c1543]
2019-08-21 19:24:02,180 [grpc-default-executor-0] INFO  client.GrpcClientProtocolClient (GrpcClientProtocolClient.java:onNext(255)) - client-DA9582518C67->1df8bd03-73ef-4b9c-8622-5dc9d0e29c31: receive RaftClientReply:client-DA9582518C67->1df8bd03-73ef-4b9c-8622-5dc9d0e29c31@group-F45402591F47, cid=1146, SUCCESS, logIndex=1547, commits[1df8bd03-73ef-4b9c-8622-5dc9d0e29c31:c1547, 12aca755-ada5-42df-801b-c61f99d8e8b8:c1543, a308b8bf-0324-43a1-a87f-1e10a96e3042:c1543]
2019-08-21 19:24:02,190 | INFO  | SCMAudit | user=jenkins1000 | ip=192.168.69.88 | op=SEND_HEARTBEAT {datanodeUUID=cfaf9666-ca64-459e-bd34-ff7c349f752a, command=[]} | ret=SUCCESS |  
2019-08-21 19:24:02,197 | INFO  | DNAudit | user=null | ip=null | op=WRITE_CHUNK {blockData=conID: 3 locID: 102656601978438089 bcsId: 1543} | ret=SUCCESS |  
2019-08-21 19:24:02,197 | INFO  | DNAudit | user=null | ip=null | op=WRITE_CHUNK {blockData=conID: 3 locID: 102656601978438089 bcsId: 1543} | ret=SUCCESS |  
2019-08-21 19:24:02,199 | INFO  | DNAudit | user=null | ip=null | op=PUT_BLOCK {blockData=[blockId=conID: 3 locID: 102656601978438089 bcsId: 0,size=4194304]} | ret=SUCCESS |  
2019-08-21 19:24:02,200 | INFO  | DNAudit | user=null | ip=null | op=PUT_BLOCK {blockData=[blockId=conID: 3 locID: 102656601978438089 bcsId: 0,size=4194304]} | ret=SUCCESS |  
2019-08-21 19:24:02,200 [grpc-default-executor-6] INFO  client.GrpcClientProtocolClient (GrpcClientProtocolClient.java:onNext(255)) - client-DA9582518C67->1df8bd03-73ef-4b9c-8622-5dc9d0e29c31: receive RaftClientReply:client-DA9582518C67->1df8bd03-73ef-4b9c-8622-5dc9d0e29c31@group-F45402591F47, cid=1147, SUCCESS, logIndex=0, commits[1df8bd03-73ef-4b9c-8622-5dc9d0e29c31:c1549, 12aca755-ada5-42df-801b-c61f99d8e8b8:c1547, a308b8bf-0324-43a1-a87f-1e10a96e3042:c1547]
2019-08-21 19:24:02,208 | INFO  | DNAudit | user=null | ip=null | op=WRITE_CHUNK {blockData=conID: 1 locID: 102656601978438090 bcsId: 0} | ret=SUCCESS |  
2019-08-21 19:24:02,211 | INFO  | DNAudit | user=null | ip=null | op=WRITE_CHUNK {blockData=conID: 1 locID: 102656601978438090 bcsId: 0} | ret=SUCCESS |  
2019-08-21 19:24:02,211 | INFO  | DNAudit | user=null | ip=null | op=WRITE_CHUNK {blockData=conID: 1 locID: 102656601978438090 bcsId: 0} | ret=SUCCESS |  
2019-08-21 19:24:02,212 | INFO  | DNAudit | user=null | ip=null | op=WRITE_CHUNK {blockData=conID: 1 locID: 102656601978438090 bcsId: 0} | ret=SUCCESS |  
2019-08-21 19:24:02,214 | INFO  | DNAudit | user=null | ip=null | op=WRITE_CHUNK {blockData=conID: 1 locID: 102656601978438090 bcsId: 0} | ret=SUCCESS |  
2019-08-21 19:24:02,215 | INFO  | DNAudit | user=null | ip=null | op=WRITE_CHUNK {blockData=conID: 1 locID: 102656601978438090 bcsId: 0} | ret=SUCCESS |  
2019-08-21 19:24:02,231 | INFO  | DNAudit | user=null | ip=null | op=WRITE_CHUNK {blockData=conID: 1 locID: 102656601978438090 bcsId: 0} | ret=SUCCESS |  
2019-08-21 19:24:02,232 | INFO  | DNAudit | user=null | ip=null | op=PUT_BLOCK {blockData=[blockId=conID: 1 locID: 102656601978438090 bcsId: 0,size=1048576]} | ret=SUCCESS |  
2019-08-21 19:24:02,232 [grpc-default-executor-0] INFO  client.GrpcClientProtocolClient (GrpcClientProtocolClient.java:onNext(255)) - client-DA9582518C67->1df8bd03-73ef-4b9c-8622-5dc9d0e29c31: receive RaftClientReply:client-DA9582518C67->1df8bd03-73ef-4b9c-8622-5dc9d0e29c31@group-F45402591F47, cid=1148, SUCCESS, logIndex=1550, commits[1df8bd03-73ef-4b9c-8622-5dc9d0e29c31:c1551, 12aca755-ada5-42df-801b-c61f99d8e8b8:c1549, a308b8bf-0324-43a1-a87f-1e10a96e3042:c1549]
2019-08-21 19:24:02,232 [grpc-default-executor-0] INFO  client.GrpcClientProtocolClient (GrpcClientProtocolClient.java:onNext(255)) - client-DA9582518C67->1df8bd03-73ef-4b9c-8622-5dc9d0e29c31: receive RaftClientReply:client-DA9582518C67->1df8bd03-73ef-4b9c-8622-5dc9d0e29c31@group-F45402591F47, cid=1149, SUCCESS, logIndex=1551, commits[1df8bd03-73ef-4b9c-8622-5dc9d0e29c31:c1551, 12aca755-ada5-42df-801b-c61f99d8e8b8:c1549, a308b8bf-0324-43a1-a87f-1e10a96e3042:c1549]
2019-08-21 19:24:02,234 | INFO  | DNAudit | user=null | ip=null | op=WRITE_CHUNK {blockData=conID: 1 locID: 102656601978438090 bcsId: 0} | ret=SUCCESS |  
2019-08-21 19:24:02,234 | INFO  | DNAudit | user=null | ip=null | op=PUT_BLOCK {blockData=[blockId=conID: 1 locID: 102656601978438090 bcsId: 0,size=2097152]} | ret=SUCCESS |  
2019-08-21 19:24:02,234 [grpc-default-executor-6] INFO  client.GrpcClientProtocolClient (GrpcClientProtocolClient.java:onNext(255)) - client-DA9582518C67->1df8bd03-73ef-4b9c-8622-5dc9d0e29c31: receive RaftClientReply:client-DA9582518C67->1df8bd03-73ef-4b9c-8622-5dc9d0e29c31@group-F45402591F47, cid=1150, SUCCESS, logIndex=1552, commits[1df8bd03-73ef-4b9c-8622-5dc9d0e29c31:c1553, 12aca755-ada5-42df-801b-c61f99d8e8b8:c1549, a308b8bf-0324-43a1-a87f-1e10a96e3042:c1549]
2019-08-21 19:24:02,235 [grpc-default-executor-6] INFO  client.GrpcClientProtocolClient (GrpcClientProtocolClient.java:onNext(255)) - client-DA9582518C67->1df8bd03-73ef-4b9c-8622-5dc9d0e29c31: receive RaftClientReply:client-DA9582518C67->1df8bd03-73ef-4b9c-8622-5dc9d0e29c31@group-F45402591F47, cid=1151, SUCCESS, logIndex=1553, commits[1df8bd03-73ef-4b9c-8622-5dc9d0e29c31:c1553, 12aca755-ada5-42df-801b-c61f99d8e8b8:c1549, a308b8bf-0324-43a1-a87f-1e10a96e3042:c1549]
2019-08-21 19:24:02,246 | INFO  | DNAudit | user=null | ip=null | op=WRITE_CHUNK {blockData=conID: 1 locID: 102656601978438090 bcsId: 0} | ret=SUCCESS |  
2019-08-21 19:24:02,246 | INFO  | DNAudit | user=null | ip=null | op=WRITE_CHUNK {blockData=conID: 1 locID: 102656601978438090 bcsId: 0} | ret=SUCCESS |  
2019-08-21 19:24:02,247 | INFO  | DNAudit | user=null | ip=null | op=PUT_BLOCK {blockData=[blockId=conID: 1 locID: 102656601978438090 bcsId: 0,size=1048576]} | ret=SUCCESS |  
2019-08-21 19:24:02,247 | INFO  | DNAudit | user=null | ip=null | op=PUT_BLOCK {blockData=[blockId=conID: 1 locID: 102656601978438090 bcsId: 0,size=1048576]} | ret=SUCCESS |  
2019-08-21 19:24:02,247 [grpc-default-executor-0] INFO  client.GrpcClientProtocolClient (GrpcClientProtocolClient.java:onNext(255)) - client-DA9582518C67->1df8bd03-73ef-4b9c-8622-5dc9d0e29c31: receive RaftClientReply:client-DA9582518C67->1df8bd03-73ef-4b9c-8622-5dc9d0e29c31@group-F45402591F47, cid=1152, SUCCESS, logIndex=0, commits[1df8bd03-73ef-4b9c-8622-5dc9d0e29c31:c1553, 12aca755-ada5-42df-801b-c61f99d8e8b8:c1551, a308b8bf-0324-43a1-a87f-1e10a96e3042:c1551]
2019-08-21 19:24:02,253 | INFO  | DNAudit | user=null | ip=null | op=WRITE_CHUNK {blockData=conID: 1 locID: 102656601978438090 bcsId: 1553} | ret=SUCCESS |  
2019-08-21 19:24:02,256 | INFO  | DNAudit | user=null | ip=null | op=WRITE_CHUNK {blockData=conID: 1 locID: 102656601978438090 bcsId: 1553} | ret=SUCCESS |  
2019-08-21 19:24:02,256 | INFO  | DNAudit | user=null | ip=null | op=WRITE_CHUNK {blockData=conID: 1 locID: 102656601978438090 bcsId: 1553} | ret=SUCCESS |  
2019-08-21 19:24:02,258 | INFO  | DNAudit | user=null | ip=null | op=WRITE_CHUNK {blockData=conID: 1 locID: 102656601978438090 bcsId: 0} | ret=SUCCESS |  
2019-08-21 19:24:02,258 | INFO  | DNAudit | user=null | ip=null | op=WRITE_CHUNK {blockData=conID: 1 locID: 102656601978438090 bcsId: 0} | ret=SUCCESS |  
2019-08-21 19:24:02,258 | INFO  | DNAudit | user=null | ip=null | op=PUT_BLOCK {blockData=[blockId=conID: 1 locID: 102656601978438090 bcsId: 0,size=2097152]} | ret=SUCCESS |  
2019-08-21 19:24:02,258 | INFO  | DNAudit | user=null | ip=null | op=PUT_BLOCK {blockData=[blockId=conID: 1 locID: 102656601978438090 bcsId: 0,size=2097152]} | ret=SUCCESS |  
2019-08-21 19:24:02,260 | INFO  | DNAudit | user=null | ip=null | op=WRITE_CHUNK {blockData=conID: 1 locID: 102656601978438090 bcsId: 1553} | ret=SUCCESS |  
2019-08-21 19:24:02,260 | INFO  | DNAudit | user=null | ip=null | op=PUT_BLOCK {blockData=[blockId=conID: 1 locID: 102656601978438090 bcsId: 0,size=3145728]} | ret=SUCCESS |  
2019-08-21 19:24:02,260 [grpc-default-executor-6] INFO  client.GrpcClientProtocolClient (GrpcClientProtocolClient.java:onNext(255)) - client-DA9582518C67->1df8bd03-73ef-4b9c-8622-5dc9d0e29c31: receive RaftClientReply:client-DA9582518C67->1df8bd03-73ef-4b9c-8622-5dc9d0e29c31@group-F45402591F47, cid=1153, SUCCESS, logIndex=1558, commits[1df8bd03-73ef-4b9c-8622-5dc9d0e29c31:c1559, 12aca755-ada5-42df-801b-c61f99d8e8b8:c1553, a308b8bf-0324-43a1-a87f-1e10a96e3042:c1555]
2019-08-21 19:24:02,261 [grpc-default-executor-6] INFO  client.GrpcClientProtocolClient (GrpcClientProtocolClient.java:onNext(255)) - client-DA9582518C67->1df8bd03-73ef-4b9c-8622-5dc9d0e29c31: receive RaftClientReply:client-DA9582518C67->1df8bd03-73ef-4b9c-8622-5dc9d0e29c31@group-F45402591F47, cid=1154, SUCCESS, logIndex=1559, commits[1df8bd03-73ef-4b9c-8622-5dc9d0e29c31:c1559, 12aca755-ada5-42df-801b-c61f99d8e8b8:c1555, a308b8bf-0324-43a1-a87f-1e10a96e3042:c1555]
2019-08-21 19:24:02,262 | INFO  | DNAudit | user=null | ip=null | op=WRITE_CHUNK {blockData=conID: 1 locID: 102656601978438090 bcsId: 1553} | ret=SUCCESS |  
2019-08-21 19:24:02,263 | INFO  | DNAudit | user=null | ip=null | op=WRITE_CHUNK {blockData=conID: 1 locID: 102656601978438090 bcsId: 1553} | ret=SUCCESS |  
2019-08-21 19:24:02,263 | INFO  | DNAudit | user=null | ip=null | op=PUT_BLOCK {blockData=[blockId=conID: 1 locID: 102656601978438090 bcsId: 0,size=3145728]} | ret=SUCCESS |  
2019-08-21 19:24:02,266 | INFO  | DNAudit | user=null | ip=null | op=WRITE_CHUNK {blockData=conID: 1 locID: 102656601978438090 bcsId: 1559} | ret=SUCCESS |  
2019-08-21 19:24:02,269 | INFO  | DNAudit | user=null | ip=null | op=WRITE_CHUNK {blockData=conID: 1 locID: 102656601978438090 bcsId: 1559} | ret=SUCCESS |  
2019-08-21 19:24:02,270 | INFO  | DNAudit | user=null | ip=null | op=WRITE_CHUNK {blockData=conID: 1 locID: 102656601978438090 bcsId: 1559} | ret=SUCCESS |  
2019-08-21 19:24:02,274 | INFO  | DNAudit | user=null | ip=null | op=PUT_BLOCK {blockData=[blockId=conID: 1 locID: 102656601978438090 bcsId: 0,size=3145728]} | ret=SUCCESS |  
2019-08-21 19:24:02,277 | INFO  | DNAudit | user=null | ip=null | op=WRITE_CHUNK {blockData=conID: 1 locID: 102656601978438090 bcsId: 1559} | ret=SUCCESS |  
2019-08-21 19:24:02,278 | INFO  | DNAudit | user=null | ip=null | op=PUT_BLOCK {blockData=[blockId=conID: 1 locID: 102656601978438090 bcsId: 0,size=4194304]} | ret=SUCCESS |  
2019-08-21 19:24:02,278 [grpc-default-executor-0] INFO  client.GrpcClientProtocolClient (GrpcClientProtocolClient.java:onNext(255)) - client-DA9582518C67->1df8bd03-73ef-4b9c-8622-5dc9d0e29c31: receive RaftClientReply:client-DA9582518C67->1df8bd03-73ef-4b9c-8622-5dc9d0e29c31@group-F45402591F47, cid=1155, SUCCESS, logIndex=1562, commits[1df8bd03-73ef-4b9c-8622-5dc9d0e29c31:c1563, 12aca755-ada5-42df-801b-c61f99d8e8b8:c1559, a308b8bf-0324-43a1-a87f-1e10a96e3042:c1560]
2019-08-21 19:24:02,278 [grpc-default-executor-0] INFO  client.GrpcClientProtocolClient (GrpcClientProtocolClient.java:onNext(255)) - client-DA9582518C67->1df8bd03-73ef-4b9c-8622-5dc9d0e29c31: receive RaftClientReply:client-DA9582518C67->1df8bd03-73ef-4b9c-8622-5dc9d0e29c31@group-F45402591F47, cid=1156, SUCCESS, logIndex=1563, commits[1df8bd03-73ef-4b9c-8622-5dc9d0e29c31:c1563, 12aca755-ada5-42df-801b-c61f99d8e8b8:c1560, a308b8bf-0324-43a1-a87f-1e10a96e3042:c1560]
2019-08-21 19:24:02,290 | INFO  | DNAudit | user=null | ip=null | op=WRITE_CHUNK {blockData=conID: 1 locID: 102656601978438090 bcsId: 1559} | ret=SUCCESS |  
2019-08-21 19:24:02,290 | INFO  | DNAudit | user=null | ip=null | op=WRITE_CHUNK {blockData=conID: 1 locID: 102656601978438090 bcsId: 1559} | ret=SUCCESS |  
2019-08-21 19:24:02,302 | INFO  | DNAudit | user=null | ip=null | op=PUT_BLOCK {blockData=[blockId=conID: 1 locID: 102656601978438090 bcsId: 0,size=4194304]} | ret=SUCCESS |  
2019-08-21 19:24:02,302 | INFO  | DNAudit | user=null | ip=null | op=PUT_BLOCK {blockData=[blockId=conID: 1 locID: 102656601978438090 bcsId: 0,size=4194304]} | ret=SUCCESS |  
2019-08-21 19:24:02,303 [grpc-default-executor-0] INFO  client.GrpcClientProtocolClient (GrpcClientProtocolClient.java:onNext(255)) - client-DA9582518C67->1df8bd03-73ef-4b9c-8622-5dc9d0e29c31: receive RaftClientReply:client-DA9582518C67->1df8bd03-73ef-4b9c-8622-5dc9d0e29c31@group-F45402591F47, cid=1157, SUCCESS, logIndex=0, commits[1df8bd03-73ef-4b9c-8622-5dc9d0e29c31:c1565, 12aca755-ada5-42df-801b-c61f99d8e8b8:c1563, a308b8bf-0324-43a1-a87f-1e10a96e3042:c1563]
2019-08-21 19:24:02,308 | INFO  | DNAudit | user=null | ip=null | op=WRITE_CHUNK {blockData=conID: 2 locID: 102656601978438091 bcsId: 0} | ret=SUCCESS |  
2019-08-21 19:24:02,310 | INFO  | DNAudit | user=null | ip=null | op=WRITE_CHUNK {blockData=conID: 2 locID: 102656601978438091 bcsId: 0} | ret=SUCCESS |  
2019-08-21 19:24:02,311 | INFO  | DNAudit | user=null | ip=null | op=WRITE_CHUNK {blockData=conID: 2 locID: 102656601978438091 bcsId: 0} | ret=SUCCESS |  
2019-08-21 19:24:02,312 | INFO  | DNAudit | user=null | ip=null | op=WRITE_CHUNK {blockData=conID: 2 locID: 102656601978438091 bcsId: 0} | ret=SUCCESS |  
2019-08-21 19:24:02,314 | INFO  | DNAudit | user=null | ip=null | op=WRITE_CHUNK {blockData=conID: 2 locID: 102656601978438091 bcsId: 0} | ret=SUCCESS |  
2019-08-21 19:24:02,314 | INFO  | DNAudit | user=null | ip=null | op=WRITE_CHUNK {blockData=conID: 2 locID: 102656601978438091 bcsId: 0} | ret=SUCCESS |  
2019-08-21 19:24:02,359 | INFO  | DNAudit | user=null | ip=null | op=WRITE_CHUNK {blockData=conID: 2 locID: 102656601978438091 bcsId: 0} | ret=SUCCESS |  
2019-08-21 19:24:02,359 | INFO  | DNAudit | user=null | ip=null | op=PUT_BLOCK {blockData=[blockId=conID: 2 locID: 102656601978438091 bcsId: 0,size=1048576]} | ret=SUCCESS |  
2019-08-21 19:24:02,359 [grpc-default-executor-0] INFO  client.GrpcClientProtocolClient (GrpcClientProtocolClient.java:onNext(255)) - client-DA9582518C67->1df8bd03-73ef-4b9c-8622-5dc9d0e29c31: receive RaftClientReply:client-DA9582518C67->1df8bd03-73ef-4b9c-8622-5dc9d0e29c31@group-F45402591F47, cid=1158, SUCCESS, logIndex=1566, commits[1df8bd03-73ef-4b9c-8622-5dc9d0e29c31:c1567, 12aca755-ada5-42df-801b-c61f99d8e8b8:c1565, a308b8bf-0324-43a1-a87f-1e10a96e3042:c1565]
2019-08-21 19:24:02,360 [grpc-default-executor-5] INFO  client.GrpcClientProtocolClient (GrpcClientProtocolClient.java:onNext(255)) - client-DA9582518C67->1df8bd03-73ef-4b9c-8622-5dc9d0e29c31: receive RaftClientReply:client-DA9582518C67->1df8bd03-73ef-4b9c-8622-5dc9d0e29c31@group-F45402591F47, cid=1159, SUCCESS, logIndex=1567, commits[1df8bd03-73ef-4b9c-8622-5dc9d0e29c31:c1567, 12aca755-ada5-42df-801b-c61f99d8e8b8:c1565, a308b8bf-0324-43a1-a87f-1e10a96e3042:c1565]
2019-08-21 19:24:02,367 | INFO  | DNAudit | user=null | ip=null | op=WRITE_CHUNK {blockData=conID: 2 locID: 102656601978438091 bcsId: 0} | ret=SUCCESS |  
2019-08-21 19:24:02,368 | INFO  | DNAudit | user=null | ip=null | op=PUT_BLOCK {blockData=[blockId=conID: 2 locID: 102656601978438091 bcsId: 0,size=2097152]} | ret=SUCCESS |  
2019-08-21 19:24:02,368 | INFO  | DNAudit | user=null | ip=null | op=WRITE_CHUNK {blockData=conID: 2 locID: 102656601978438091 bcsId: 0} | ret=SUCCESS |  
2019-08-21 19:24:02,368 [grpc-default-executor-6] INFO  client.GrpcClientProtocolClient (GrpcClientProtocolClient.java:onNext(255)) - client-DA9582518C67->1df8bd03-73ef-4b9c-8622-5dc9d0e29c31: receive RaftClientReply:client-DA9582518C67->1df8bd03-73ef-4b9c-8622-5dc9d0e29c31@group-F45402591F47, cid=1160, SUCCESS, logIndex=1568, commits[1df8bd03-73ef-4b9c-8622-5dc9d0e29c31:c1569, 12aca755-ada5-42df-801b-c61f99d8e8b8:c1565, a308b8bf-0324-43a1-a87f-1e10a96e3042:c1565]
2019-08-21 19:24:02,368 | INFO  | DNAudit | user=null | ip=null | op=PUT_BLOCK {blockData=[blockId=conID: 2 locID: 102656601978438091 bcsId: 0,size=1048576]} | ret=SUCCESS |  
2019-08-21 19:24:02,369 [grpc-default-executor-2] INFO  client.GrpcClientProtocolClient (GrpcClientProtocolClient.java:onNext(255)) - client-DA9582518C67->1df8bd03-73ef-4b9c-8622-5dc9d0e29c31: receive RaftClientReply:client-DA9582518C67->1df8bd03-73ef-4b9c-8622-5dc9d0e29c31@group-F45402591F47, cid=1161, SUCCESS, logIndex=1569, commits[1df8bd03-73ef-4b9c-8622-5dc9d0e29c31:c1569, 12aca755-ada5-42df-801b-c61f99d8e8b8:c1565, a308b8bf-0324-43a1-a87f-1e10a96e3042:c1565]
2019-08-21 19:24:02,371 | INFO  | DNAudit | user=null | ip=null | op=WRITE_CHUNK {blockData=conID: 2 locID: 102656601978438091 bcsId: 0} | ret=SUCCESS |  
2019-08-21 19:24:02,371 | INFO  | DNAudit | user=null | ip=null | op=PUT_BLOCK {blockData=[blockId=conID: 2 locID: 102656601978438091 bcsId: 0,size=1048576]} | ret=SUCCESS |  
2019-08-21 19:24:02,371 [grpc-default-executor-2] INFO  client.GrpcClientProtocolClient (GrpcClientProtocolClient.java:onNext(255)) - client-DA9582518C67->1df8bd03-73ef-4b9c-8622-5dc9d0e29c31: receive RaftClientReply:client-DA9582518C67->1df8bd03-73ef-4b9c-8622-5dc9d0e29c31@group-F45402591F47, cid=1162, SUCCESS, logIndex=0, commits[1df8bd03-73ef-4b9c-8622-5dc9d0e29c31:c1571, 12aca755-ada5-42df-801b-c61f99d8e8b8:c1567, a308b8bf-0324-43a1-a87f-1e10a96e3042:c1567]
2019-08-21 19:24:02,377 | INFO  | DNAudit | user=null | ip=null | op=WRITE_CHUNK {blockData=conID: 2 locID: 102656601978438091 bcsId: 1569} | ret=SUCCESS |  
2019-08-21 19:24:02,379 | INFO  | DNAudit | user=null | ip=null | op=WRITE_CHUNK {blockData=conID: 2 locID: 102656601978438091 bcsId: 1569} | ret=SUCCESS |  
2019-08-21 19:24:02,380 | INFO  | DNAudit | user=null | ip=null | op=WRITE_CHUNK {blockData=conID: 2 locID: 102656601978438091 bcsId: 1569} | ret=SUCCESS |  
2019-08-21 19:24:02,381 | INFO  | DNAudit | user=null | ip=null | op=WRITE_CHUNK {blockData=conID: 2 locID: 102656601978438091 bcsId: 0} | ret=SUCCESS |  
2019-08-21 19:24:02,382 | INFO  | DNAudit | user=null | ip=null | op=WRITE_CHUNK {blockData=conID: 2 locID: 102656601978438091 bcsId: 0} | ret=SUCCESS |  
2019-08-21 19:24:02,382 | INFO  | DNAudit | user=null | ip=null | op=PUT_BLOCK {blockData=[blockId=conID: 2 locID: 102656601978438091 bcsId: 0,size=2097152]} | ret=SUCCESS |  
2019-08-21 19:24:02,382 | INFO  | DNAudit | user=null | ip=null | op=PUT_BLOCK {blockData=[blockId=conID: 2 locID: 102656601978438091 bcsId: 0,size=2097152]} | ret=SUCCESS |  
2019-08-21 19:24:02,384 | INFO  | DNAudit | user=null | ip=null | op=WRITE_CHUNK {blockData=conID: 2 locID: 102656601978438091 bcsId: 1569} | ret=SUCCESS |  
2019-08-21 19:24:02,385 | INFO  | DNAudit | user=null | ip=null | op=PUT_BLOCK {blockData=[blockId=conID: 2 locID: 102656601978438091 bcsId: 0,size=3145728]} | ret=SUCCESS |  
2019-08-21 19:24:02,385 [grpc-default-executor-2] INFO  client.GrpcClientProtocolClient (GrpcClientProtocolClient.java:onNext(255)) - client-DA9582518C67->1df8bd03-73ef-4b9c-8622-5dc9d0e29c31: receive RaftClientReply:client-DA9582518C67->1df8bd03-73ef-4b9c-8622-5dc9d0e29c31@group-F45402591F47, cid=1163, SUCCESS, logIndex=1574, commits[1df8bd03-73ef-4b9c-8622-5dc9d0e29c31:c1575, 12aca755-ada5-42df-801b-c61f99d8e8b8:c1569, a308b8bf-0324-43a1-a87f-1e10a96e3042:c1571]
2019-08-21 19:24:02,385 [grpc-default-executor-2] INFO  client.GrpcClientProtocolClient (GrpcClientProtocolClient.java:onNext(255)) - client-DA9582518C67->1df8bd03-73ef-4b9c-8622-5dc9d0e29c31: receive RaftClientReply:client-DA9582518C67->1df8bd03-73ef-4b9c-8622-5dc9d0e29c31@group-F45402591F47, cid=1164, SUCCESS, logIndex=1575, commits[1df8bd03-73ef-4b9c-8622-5dc9d0e29c31:c1575, 12aca755-ada5-42df-801b-c61f99d8e8b8:c1571, a308b8bf-0324-43a1-a87f-1e10a96e3042:c1571]
2019-08-21 19:24:02,391 | INFO  | DNAudit | user=null | ip=null | op=WRITE_CHUNK {blockData=conID: 2 locID: 102656601978438091 bcsId: 1575} | ret=SUCCESS |  
2019-08-21 19:24:02,392 | INFO  | DNAudit | user=null | ip=null | op=WRITE_CHUNK {blockData=conID: 2 locID: 102656601978438091 bcsId: 1575} | ret=SUCCESS |  
2019-08-21 19:24:02,393 | INFO  | DNAudit | user=null | ip=null | op=WRITE_CHUNK {blockData=conID: 2 locID: 102656601978438091 bcsId: 1575} | ret=SUCCESS |  
2019-08-21 19:24:02,396 | INFO  | DNAudit | user=null | ip=null | op=WRITE_CHUNK {blockData=conID: 2 locID: 102656601978438091 bcsId: 1569} | ret=SUCCESS |  
2019-08-21 19:24:02,396 | INFO  | DNAudit | user=null | ip=null | op=WRITE_CHUNK {blockData=conID: 2 locID: 102656601978438091 bcsId: 1569} | ret=SUCCESS |  
2019-08-21 19:24:02,396 | INFO  | DNAudit | user=null | ip=null | op=PUT_BLOCK {blockData=[blockId=conID: 2 locID: 102656601978438091 bcsId: 0,size=3145728]} | ret=SUCCESS |  
2019-08-21 19:24:02,396 | INFO  | DNAudit | user=null | ip=null | op=PUT_BLOCK {blockData=[blockId=conID: 2 locID: 102656601978438091 bcsId: 0,size=3145728]} | ret=SUCCESS |  
2019-08-21 19:24:02,397 | INFO  | DNAudit | user=null | ip=null | op=WRITE_CHUNK {blockData=conID: 2 locID: 102656601978438091 bcsId: 1575} | ret=SUCCESS |  
2019-08-21 19:24:02,397 | INFO  | DNAudit | user=null | ip=null | op=PUT_BLOCK {blockData=[blockId=conID: 2 locID: 102656601978438091 bcsId: 0,size=4194304]} | ret=SUCCESS |  
2019-08-21 19:24:02,397 [grpc-default-executor-5] INFO  client.GrpcClientProtocolClient (GrpcClientProtocolClient.java:onNext(255)) - client-DA9582518C67->1df8bd03-73ef-4b9c-8622-5dc9d0e29c31: receive RaftClientReply:client-DA9582518C67->1df8bd03-73ef-4b9c-8622-5dc9d0e29c31@group-F45402591F47, cid=1165, SUCCESS, logIndex=1577, commits[1df8bd03-73ef-4b9c-8622-5dc9d0e29c31:c1578, 12aca755-ada5-42df-801b-c61f99d8e8b8:c1575, a308b8bf-0324-43a1-a87f-1e10a96e3042:c1575]
2019-08-21 19:24:02,398 [grpc-default-executor-5] INFO  client.GrpcClientProtocolClient (GrpcClientProtocolClient.java:onNext(255)) - client-DA9582518C67->1df8bd03-73ef-4b9c-8622-5dc9d0e29c31: receive RaftClientReply:client-DA9582518C67->1df8bd03-73ef-4b9c-8622-5dc9d0e29c31@group-F45402591F47, cid=1166, SUCCESS, logIndex=1578, commits[1df8bd03-73ef-4b9c-8622-5dc9d0e29c31:c1578, 12aca755-ada5-42df-801b-c61f99d8e8b8:c1575, a308b8bf-0324-43a1-a87f-1e10a96e3042:c1575]
2019-08-21 19:24:02,398 | INFO  | DNAudit | user=null | ip=null | op=WRITE_CHUNK {blockData=conID: 2 locID: 102656601978438091 bcsId: 1575} | ret=SUCCESS |  
2019-08-21 19:24:02,398 | INFO  | DNAudit | user=null | ip=null | op=WRITE_CHUNK {blockData=conID: 2 locID: 102656601978438091 bcsId: 1575} | ret=SUCCESS |  
2019-08-21 19:24:02,398 | INFO  | DNAudit | user=null | ip=null | op=PUT_BLOCK {blockData=[blockId=conID: 2 locID: 102656601978438091 bcsId: 0,size=4194304]} | ret=SUCCESS |  
2019-08-21 19:24:02,399 | INFO  | DNAudit | user=null | ip=null | op=PUT_BLOCK {blockData=[blockId=conID: 2 locID: 102656601978438091 bcsId: 0,size=4194304]} | ret=SUCCESS |  
2019-08-21 19:24:02,400 [grpc-default-executor-2] INFO  client.GrpcClientProtocolClient (GrpcClientProtocolClient.java:onNext(255)) - client-DA9582518C67->1df8bd03-73ef-4b9c-8622-5dc9d0e29c31: receive RaftClientReply:client-DA9582518C67->1df8bd03-73ef-4b9c-8622-5dc9d0e29c31@group-F45402591F47, cid=1167, SUCCESS, logIndex=0, commits[1df8bd03-73ef-4b9c-8622-5dc9d0e29c31:c1580, 12aca755-ada5-42df-801b-c61f99d8e8b8:c1578, a308b8bf-0324-43a1-a87f-1e10a96e3042:c1578]
2019-08-21 19:24:02,406 | INFO  | DNAudit | user=null | ip=null | op=WRITE_CHUNK {blockData=conID: 3 locID: 102656601978438092 bcsId: 0} | ret=SUCCESS |  
2019-08-21 19:24:02,407 | INFO  | DNAudit | user=null | ip=null | op=WRITE_CHUNK {blockData=conID: 3 locID: 102656601978438092 bcsId: 0} | ret=SUCCESS |  
2019-08-21 19:24:02,408 | INFO  | DNAudit | user=null | ip=null | op=WRITE_CHUNK {blockData=conID: 3 locID: 102656601978438092 bcsId: 0} | ret=SUCCESS |  
2019-08-21 19:24:02,409 | INFO  | DNAudit | user=null | ip=null | op=WRITE_CHUNK {blockData=conID: 3 locID: 102656601978438092 bcsId: 0} | ret=SUCCESS |  
2019-08-21 19:24:02,410 | INFO  | DNAudit | user=null | ip=null | op=WRITE_CHUNK {blockData=conID: 3 locID: 102656601978438092 bcsId: 0} | ret=SUCCESS |  
2019-08-21 19:24:02,411 | INFO  | DNAudit | user=null | ip=null | op=WRITE_CHUNK {blockData=conID: 3 locID: 102656601978438092 bcsId: 0} | ret=SUCCESS |  
2019-08-21 19:24:02,413 | INFO  | DNAudit | user=null | ip=null | op=WRITE_CHUNK {blockData=conID: 3 locID: 102656601978438092 bcsId: 0} | ret=SUCCESS |  
2019-08-21 19:24:02,414 | INFO  | DNAudit | user=null | ip=null | op=PUT_BLOCK {blockData=[blockId=conID: 3 locID: 102656601978438092 bcsId: 0,size=1048576]} | ret=SUCCESS |  
2019-08-21 19:24:02,414 | INFO  | DNAudit | user=null | ip=null | op=WRITE_CHUNK {blockData=conID: 3 locID: 102656601978438092 bcsId: 0} | ret=SUCCESS |  
2019-08-21 19:24:02,414 [grpc-default-executor-0] INFO  client.GrpcClientProtocolClient (GrpcClientProtocolClient.java:onNext(255)) - client-DA9582518C67->1df8bd03-73ef-4b9c-8622-5dc9d0e29c31: receive RaftClientReply:client-DA9582518C67->1df8bd03-73ef-4b9c-8622-5dc9d0e29c31@group-F45402591F47, cid=1168, SUCCESS, logIndex=1581, commits[1df8bd03-73ef-4b9c-8622-5dc9d0e29c31:c1583, 12aca755-ada5-42df-801b-c61f99d8e8b8:c1580, a308b8bf-0324-43a1-a87f-1e10a96e3042:c1580]
2019-08-21 19:24:02,414 | INFO  | DNAudit | user=null | ip=null | op=PUT_BLOCK {blockData=[blockId=conID: 3 locID: 102656601978438092 bcsId: 0,size=2097152]} | ret=SUCCESS |  
2019-08-21 19:24:02,415 [grpc-default-executor-0] INFO  client.GrpcClientProtocolClient (GrpcClientProtocolClient.java:onNext(255)) - client-DA9582518C67->1df8bd03-73ef-4b9c-8622-5dc9d0e29c31: receive RaftClientReply:client-DA9582518C67->1df8bd03-73ef-4b9c-8622-5dc9d0e29c31@group-F45402591F47, cid=1169, SUCCESS, logIndex=1582, commits[1df8bd03-73ef-4b9c-8622-5dc9d0e29c31:c1584, 12aca755-ada5-42df-801b-c61f99d8e8b8:c1580, a308b8bf-0324-43a1-a87f-1e10a96e3042:c1580]
2019-08-21 19:24:02,415 [grpc-default-executor-0] INFO  client.GrpcClientProtocolClient (GrpcClientProtocolClient.java:onNext(255)) - client-DA9582518C67->1df8bd03-73ef-4b9c-8622-5dc9d0e29c31: receive RaftClientReply:client-DA9582518C67->1df8bd03-73ef-4b9c-8622-5dc9d0e29c31@group-F45402591F47, cid=1170, SUCCESS, logIndex=1583, commits[1df8bd03-73ef-4b9c-8622-5dc9d0e29c31:c1584, 12aca755-ada5-42df-801b-c61f99d8e8b8:c1580, a308b8bf-0324-43a1-a87f-1e10a96e3042:c1580]
2019-08-21 19:24:02,415 [grpc-default-executor-0] INFO  client.GrpcClientProtocolClient (GrpcClientProtocolClient.java:onNext(255)) - client-DA9582518C67->1df8bd03-73ef-4b9c-8622-5dc9d0e29c31: receive RaftClientReply:client-DA9582518C67->1df8bd03-73ef-4b9c-8622-5dc9d0e29c31@group-F45402591F47, cid=1171, SUCCESS, logIndex=1584, commits[1df8bd03-73ef-4b9c-8622-5dc9d0e29c31:c1584, 12aca755-ada5-42df-801b-c61f99d8e8b8:c1580, a308b8bf-0324-43a1-a87f-1e10a96e3042:c1580]
2019-08-21 19:24:02,416 | INFO  | DNAudit | user=null | ip=null | op=WRITE_CHUNK {blockData=conID: 3 locID: 102656601978438092 bcsId: 0} | ret=SUCCESS |  
2019-08-21 19:24:02,416 | INFO  | DNAudit | user=null | ip=null | op=WRITE_CHUNK {blockData=conID: 3 locID: 102656601978438092 bcsId: 0} | ret=SUCCESS |  
2019-08-21 19:24:02,417 | INFO  | DNAudit | user=null | ip=null | op=PUT_BLOCK {blockData=[blockId=conID: 3 locID: 102656601978438092 bcsId: 0,size=1048576]} | ret=SUCCESS |  
2019-08-21 19:24:02,417 | INFO  | DNAudit | user=null | ip=null | op=PUT_BLOCK {blockData=[blockId=conID: 3 locID: 102656601978438092 bcsId: 0,size=1048576]} | ret=SUCCESS |  
2019-08-21 19:24:02,417 [grpc-default-executor-5] INFO  client.GrpcClientProtocolClient (GrpcClientProtocolClient.java:onNext(255)) - client-DA9582518C67->1df8bd03-73ef-4b9c-8622-5dc9d0e29c31: receive RaftClientReply:client-DA9582518C67->1df8bd03-73ef-4b9c-8622-5dc9d0e29c31@group-F45402591F47, cid=1172, SUCCESS, logIndex=0, commits[1df8bd03-73ef-4b9c-8622-5dc9d0e29c31:c1585, 12aca755-ada5-42df-801b-c61f99d8e8b8:c1582, a308b8bf-0324-43a1-a87f-1e10a96e3042:c1582]
2019-08-21 19:24:02,422 | INFO  | DNAudit | user=null | ip=null | op=WRITE_CHUNK {blockData=conID: 3 locID: 102656601978438092 bcsId: 1584} | ret=SUCCESS |  
2019-08-21 19:24:02,425 | INFO  | DNAudit | user=null | ip=null | op=WRITE_CHUNK {blockData=conID: 3 locID: 102656601978438092 bcsId: 1584} | ret=SUCCESS |  
2019-08-21 19:24:02,426 | INFO  | DNAudit | user=null | ip=null | op=WRITE_CHUNK {blockData=conID: 3 locID: 102656601978438092 bcsId: 1584} | ret=SUCCESS |  
2019-08-21 19:24:02,428 | INFO  | DNAudit | user=null | ip=null | op=WRITE_CHUNK {blockData=conID: 3 locID: 102656601978438092 bcsId: 0} | ret=SUCCESS |  
2019-08-21 19:24:02,429 | INFO  | DNAudit | user=null | ip=null | op=WRITE_CHUNK {blockData=conID: 3 locID: 102656601978438092 bcsId: 0} | ret=SUCCESS |  
2019-08-21 19:24:02,429 | INFO  | DNAudit | user=null | ip=null | op=PUT_BLOCK {blockData=[blockId=conID: 3 locID: 102656601978438092 bcsId: 0,size=2097152]} | ret=SUCCESS |  
2019-08-21 19:24:02,429 | INFO  | DNAudit | user=null | ip=null | op=PUT_BLOCK {blockData=[blockId=conID: 3 locID: 102656601978438092 bcsId: 0,size=2097152]} | ret=SUCCESS |  
2019-08-21 19:24:02,444 | INFO  | DNAudit | user=null | ip=null | op=WRITE_CHUNK {blockData=conID: 3 locID: 102656601978438092 bcsId: 1584} | ret=SUCCESS |  
2019-08-21 19:24:02,444 | INFO  | DNAudit | user=null | ip=null | op=PUT_BLOCK {blockData=[blockId=conID: 3 locID: 102656601978438092 bcsId: 0,size=3145728]} | ret=SUCCESS |  
2019-08-21 19:24:02,445 [grpc-default-executor-0] INFO  client.GrpcClientProtocolClient (GrpcClientProtocolClient.java:onNext(255)) - client-DA9582518C67->1df8bd03-73ef-4b9c-8622-5dc9d0e29c31: receive RaftClientReply:client-DA9582518C67->1df8bd03-73ef-4b9c-8622-5dc9d0e29c31@group-F45402591F47, cid=1173, SUCCESS, logIndex=1589, commits[1df8bd03-73ef-4b9c-8622-5dc9d0e29c31:c1590, 12aca755-ada5-42df-801b-c61f99d8e8b8:c1585, a308b8bf-0324-43a1-a87f-1e10a96e3042:c1585]
2019-08-21 19:24:02,445 [grpc-default-executor-0] INFO  client.GrpcClientProtocolClient (GrpcClientProtocolClient.java:onNext(255)) - client-DA9582518C67->1df8bd03-73ef-4b9c-8622-5dc9d0e29c31: receive RaftClientReply:client-DA9582518C67->1df8bd03-73ef-4b9c-8622-5dc9d0e29c31@group-F45402591F47, cid=1174, SUCCESS, logIndex=1590, commits[1df8bd03-73ef-4b9c-8622-5dc9d0e29c31:c1590, 12aca755-ada5-42df-801b-c61f99d8e8b8:c1585, a308b8bf-0324-43a1-a87f-1e10a96e3042:c1585]
2019-08-21 19:24:02,445 | INFO  | DNAudit | user=null | ip=null | op=WRITE_CHUNK {blockData=conID: 3 locID: 102656601978438092 bcsId: 1584} | ret=SUCCESS |  
2019-08-21 19:24:02,446 | INFO  | DNAudit | user=null | ip=null | op=PUT_BLOCK {blockData=[blockId=conID: 3 locID: 102656601978438092 bcsId: 0,size=3145728]} | ret=SUCCESS |  
2019-08-21 19:24:02,446 | INFO  | DNAudit | user=null | ip=null | op=WRITE_CHUNK {blockData=conID: 3 locID: 102656601978438092 bcsId: 1584} | ret=SUCCESS |  
2019-08-21 19:24:02,446 | INFO  | DNAudit | user=null | ip=null | op=PUT_BLOCK {blockData=[blockId=conID: 3 locID: 102656601978438092 bcsId: 0,size=3145728]} | ret=SUCCESS |  
2019-08-21 19:24:02,450 | INFO  | DNAudit | user=null | ip=null | op=WRITE_CHUNK {blockData=conID: 3 locID: 102656601978438092 bcsId: 1590} | ret=SUCCESS |  
2019-08-21 19:24:02,454 | INFO  | DNAudit | user=null | ip=null | op=WRITE_CHUNK {blockData=conID: 3 locID: 102656601978438092 bcsId: 1590} | ret=SUCCESS |  
2019-08-21 19:24:02,454 | INFO  | DNAudit | user=null | ip=null | op=WRITE_CHUNK {blockData=conID: 3 locID: 102656601978438092 bcsId: 1590} | ret=SUCCESS |  
2019-08-21 19:24:02,463 | INFO  | DNAudit | user=null | ip=null | op=WRITE_CHUNK {blockData=conID: 3 locID: 102656601978438092 bcsId: 1590} | ret=SUCCESS |  
2019-08-21 19:24:02,463 | INFO  | DNAudit | user=null | ip=null | op=PUT_BLOCK {blockData=[blockId=conID: 3 locID: 102656601978438092 bcsId: 0,size=4194304]} | ret=SUCCESS |  
2019-08-21 19:24:02,463 [grpc-default-executor-0] INFO  client.GrpcClientProtocolClient (GrpcClientProtocolClient.java:onNext(255)) - client-DA9582518C67->1df8bd03-73ef-4b9c-8622-5dc9d0e29c31: receive RaftClientReply:client-DA9582518C67->1df8bd03-73ef-4b9c-8622-5dc9d0e29c31@group-F45402591F47, cid=1175, SUCCESS, logIndex=1593, commits[1df8bd03-73ef-4b9c-8622-5dc9d0e29c31:c1594, 12aca755-ada5-42df-801b-c61f99d8e8b8:c1592, a308b8bf-0324-43a1-a87f-1e10a96e3042:c1592]
2019-08-21 19:24:02,464 [grpc-default-executor-0] INFO  client.GrpcClientProtocolClient (GrpcClientProtocolClient.java:onNext(255)) - client-DA9582518C67->1df8bd03-73ef-4b9c-8622-5dc9d0e29c31: receive RaftClientReply:client-DA9582518C67->1df8bd03-73ef-4b9c-8622-5dc9d0e29c31@group-F45402591F47, cid=1176, SUCCESS, logIndex=1594, commits[1df8bd03-73ef-4b9c-8622-5dc9d0e29c31:c1594, 12aca755-ada5-42df-801b-c61f99d8e8b8:c1592, a308b8bf-0324-43a1-a87f-1e10a96e3042:c1592]
2019-08-21 19:24:02,474 | INFO  | DNAudit | user=null | ip=null | op=WRITE_CHUNK {blockData=conID: 3 locID: 102656601978438092 bcsId: 1590} | ret=SUCCESS |  
2019-08-21 19:24:02,474 | INFO  | DNAudit | user=null | ip=null | op=WRITE_CHUNK {blockData=conID: 3 locID: 102656601978438092 bcsId: 1590} | ret=SUCCESS |  
2019-08-21 19:24:02,475 | INFO  | DNAudit | user=null | ip=null | op=PUT_BLOCK {blockData=[blockId=conID: 3 locID: 102656601978438092 bcsId: 0,size=4194304]} | ret=SUCCESS |  
2019-08-21 19:24:02,475 | INFO  | DNAudit | user=null | ip=null | op=PUT_BLOCK {blockData=[blockId=conID: 3 locID: 102656601978438092 bcsId: 0,size=4194304]} | ret=SUCCESS |  
2019-08-21 19:24:02,475 [grpc-default-executor-6] INFO  client.GrpcClientProtocolClient (GrpcClientProtocolClient.java:onNext(255)) - client-DA9582518C67->1df8bd03-73ef-4b9c-8622-5dc9d0e29c31: receive RaftClientReply:client-DA9582518C67->1df8bd03-73ef-4b9c-8622-5dc9d0e29c31@group-F45402591F47, cid=1177, SUCCESS, logIndex=0, commits[1df8bd03-73ef-4b9c-8622-5dc9d0e29c31:c1594, 12aca755-ada5-42df-801b-c61f99d8e8b8:c1594, a308b8bf-0324-43a1-a87f-1e10a96e3042:c1594]
2019-08-21 19:24:02,480 | INFO  | DNAudit | user=null | ip=null | op=WRITE_CHUNK {blockData=conID: 1 locID: 102656601978438093 bcsId: 0} | ret=SUCCESS |  
2019-08-21 19:24:02,484 | INFO  | DNAudit | user=null | ip=null | op=WRITE_CHUNK {blockData=conID: 1 locID: 102656601978438093 bcsId: 0} | ret=SUCCESS |  
2019-08-21 19:24:02,484 | INFO  | DNAudit | user=null | ip=null | op=WRITE_CHUNK {blockData=conID: 1 locID: 102656601978438093 bcsId: 0} | ret=SUCCESS |  
2019-08-21 19:24:02,485 | INFO  | DNAudit | user=null | ip=null | op=WRITE_CHUNK {blockData=conID: 1 locID: 102656601978438093 bcsId: 0} | ret=SUCCESS |  
2019-08-21 19:24:02,486 | INFO  | DNAudit | user=null | ip=null | op=WRITE_CHUNK {blockData=conID: 1 locID: 102656601978438093 bcsId: 0} | ret=SUCCESS |  
2019-08-21 19:24:02,486 | INFO  | DNAudit | user=null | ip=null | op=WRITE_CHUNK {blockData=conID: 1 locID: 102656601978438093 bcsId: 0} | ret=SUCCESS |  
2019-08-21 19:24:02,489 | INFO  | DNAudit | user=null | ip=null | op=WRITE_CHUNK {blockData=conID: 1 locID: 102656601978438093 bcsId: 0} | ret=SUCCESS |  
2019-08-21 19:24:02,489 | INFO  | DNAudit | user=null | ip=null | op=PUT_BLOCK {blockData=[blockId=conID: 1 locID: 102656601978438093 bcsId: 0,size=1048576]} | ret=SUCCESS |  
2019-08-21 19:24:02,490 | INFO  | DNAudit | user=null | ip=null | op=WRITE_CHUNK {blockData=conID: 1 locID: 102656601978438093 bcsId: 0} | ret=SUCCESS |  
2019-08-21 19:24:02,490 [grpc-default-executor-2] INFO  client.GrpcClientProtocolClient (GrpcClientProtocolClient.java:onNext(255)) - client-DA9582518C67->1df8bd03-73ef-4b9c-8622-5dc9d0e29c31: receive RaftClientReply:client-DA9582518C67->1df8bd03-73ef-4b9c-8622-5dc9d0e29c31@group-F45402591F47, cid=1178, SUCCESS, logIndex=1597, commits[1df8bd03-73ef-4b9c-8622-5dc9d0e29c31:c1598, 12aca755-ada5-42df-801b-c61f99d8e8b8:c1596, a308b8bf-0324-43a1-a87f-1e10a96e3042:c1596]
2019-08-21 19:24:02,490 | INFO  | DNAudit | user=null | ip=null | op=PUT_BLOCK {blockData=[blockId=conID: 1 locID: 102656601978438093 bcsId: 0,size=2097152]} | ret=SUCCESS |  
2019-08-21 19:24:02,490 [grpc-default-executor-2] INFO  client.GrpcClientProtocolClient (GrpcClientProtocolClient.java:onNext(255)) - client-DA9582518C67->1df8bd03-73ef-4b9c-8622-5dc9d0e29c31: receive RaftClientReply:client-DA9582518C67->1df8bd03-73ef-4b9c-8622-5dc9d0e29c31@group-F45402591F47, cid=1179, SUCCESS, logIndex=1598, commits[1df8bd03-73ef-4b9c-8622-5dc9d0e29c31:c1600, 12aca755-ada5-42df-801b-c61f99d8e8b8:c1596, a308b8bf-0324-43a1-a87f-1e10a96e3042:c1596]
2019-08-21 19:24:02,490 | INFO  | DNAudit | user=null | ip=null | op=WRITE_CHUNK {blockData=conID: 1 locID: 102656601978438093 bcsId: 0} | ret=SUCCESS |  
2019-08-21 19:24:02,490 [grpc-default-executor-0] INFO  client.GrpcClientProtocolClient (GrpcClientProtocolClient.java:onNext(255)) - client-DA9582518C67->1df8bd03-73ef-4b9c-8622-5dc9d0e29c31: receive RaftClientReply:client-DA9582518C67->1df8bd03-73ef-4b9c-8622-5dc9d0e29c31@group-F45402591F47, cid=1180, SUCCESS, logIndex=1599, commits[1df8bd03-73ef-4b9c-8622-5dc9d0e29c31:c1600, 12aca755-ada5-42df-801b-c61f99d8e8b8:c1596, a308b8bf-0324-43a1-a87f-1e10a96e3042:c1596]
2019-08-21 19:24:02,491 [grpc-default-executor-0] INFO  client.GrpcClientProtocolClient (GrpcClientProtocolClient.java:onNext(255)) - client-DA9582518C67->1df8bd03-73ef-4b9c-8622-5dc9d0e29c31: receive RaftClientReply:client-DA9582518C67->1df8bd03-73ef-4b9c-8622-5dc9d0e29c31@group-F45402591F47, cid=1181, SUCCESS, logIndex=1600, commits[1df8bd03-73ef-4b9c-8622-5dc9d0e29c31:c1600, 12aca755-ada5-42df-801b-c61f99d8e8b8:c1596, a308b8bf-0324-43a1-a87f-1e10a96e3042:c1596]
2019-08-21 19:24:02,491 | INFO  | DNAudit | user=null | ip=null | op=WRITE_CHUNK {blockData=conID: 1 locID: 102656601978438093 bcsId: 0} | ret=SUCCESS |  
2019-08-21 19:24:02,491 | INFO  | DNAudit | user=null | ip=null | op=PUT_BLOCK {blockData=[blockId=conID: 1 locID: 102656601978438093 bcsId: 0,size=1048576]} | ret=SUCCESS |  
2019-08-21 19:24:02,491 | INFO  | DNAudit | user=null | ip=null | op=WRITE_CHUNK {blockData=conID: 1 locID: 102656601978438093 bcsId: 0} | ret=SUCCESS |  
2019-08-21 19:24:02,494 | INFO  | DNAudit | user=null | ip=null | op=PUT_BLOCK {blockData=[blockId=conID: 1 locID: 102656601978438093 bcsId: 0,size=1048576]} | ret=SUCCESS |  
2019-08-21 19:24:02,494 | INFO  | DNAudit | user=null | ip=null | op=WRITE_CHUNK {blockData=conID: 1 locID: 102656601978438093 bcsId: 0} | ret=SUCCESS |  
2019-08-21 19:24:02,494 | INFO  | DNAudit | user=null | ip=null | op=PUT_BLOCK {blockData=[blockId=conID: 1 locID: 102656601978438093 bcsId: 0,size=2097152]} | ret=SUCCESS |  
2019-08-21 19:24:02,494 [grpc-default-executor-2] INFO  client.GrpcClientProtocolClient (GrpcClientProtocolClient.java:onNext(255)) - client-DA9582518C67->1df8bd03-73ef-4b9c-8622-5dc9d0e29c31: receive RaftClientReply:client-DA9582518C67->1df8bd03-73ef-4b9c-8622-5dc9d0e29c31@group-F45402591F47, cid=1182, SUCCESS, logIndex=0, commits[1df8bd03-73ef-4b9c-8622-5dc9d0e29c31:c1603, 12aca755-ada5-42df-801b-c61f99d8e8b8:c1598, a308b8bf-0324-43a1-a87f-1e10a96e3042:c1599]
2019-08-21 19:24:02,499 | INFO  | DNAudit | user=null | ip=null | op=WRITE_CHUNK {blockData=conID: 1 locID: 102656601978438093 bcsId: 1600} | ret=SUCCESS |  
2019-08-21 19:24:02,502 | INFO  | DNAudit | user=null | ip=null | op=WRITE_CHUNK {blockData=conID: 1 locID: 102656601978438093 bcsId: 1600} | ret=SUCCESS |  
2019-08-21 19:24:02,502 | INFO  | DNAudit | user=null | ip=null | op=WRITE_CHUNK {blockData=conID: 1 locID: 102656601978438093 bcsId: 1600} | ret=SUCCESS |  
2019-08-21 19:24:02,511 | INFO  | DNAudit | user=null | ip=null | op=PUT_BLOCK {blockData=[blockId=conID: 1 locID: 102656601978438093 bcsId: 0,size=2097152]} | ret=SUCCESS |  
2019-08-21 19:24:02,512 | INFO  | DNAudit | user=null | ip=null | op=WRITE_CHUNK {blockData=conID: 1 locID: 102656601978438093 bcsId: 1600} | ret=SUCCESS |  
2019-08-21 19:24:02,513 | INFO  | DNAudit | user=null | ip=null | op=PUT_BLOCK {blockData=[blockId=conID: 1 locID: 102656601978438093 bcsId: 0,size=3145728]} | ret=SUCCESS |  
2019-08-21 19:24:02,513 [grpc-default-executor-0] INFO  client.GrpcClientProtocolClient (GrpcClientProtocolClient.java:onNext(255)) - client-DA9582518C67->1df8bd03-73ef-4b9c-8622-5dc9d0e29c31: receive RaftClientReply:client-DA9582518C67->1df8bd03-73ef-4b9c-8622-5dc9d0e29c31@group-F45402591F47, cid=1183, SUCCESS, logIndex=1605, commits[1df8bd03-73ef-4b9c-8622-5dc9d0e29c31:c1606, 12aca755-ada5-42df-801b-c61f99d8e8b8:c1604, a308b8bf-0324-43a1-a87f-1e10a96e3042:c1604]
2019-08-21 19:24:02,513 [grpc-default-executor-0] INFO  client.GrpcClientProtocolClient (GrpcClientProtocolClient.java:onNext(255)) - client-DA9582518C67->1df8bd03-73ef-4b9c-8622-5dc9d0e29c31: receive RaftClientReply:client-DA9582518C67->1df8bd03-73ef-4b9c-8622-5dc9d0e29c31@group-F45402591F47, cid=1184, SUCCESS, logIndex=1606, commits[1df8bd03-73ef-4b9c-8622-5dc9d0e29c31:c1606, 12aca755-ada5-42df-801b-c61f99d8e8b8:c1604, a308b8bf-0324-43a1-a87f-1e10a96e3042:c1604]
2019-08-21 19:24:02,513 | INFO  | DNAudit | user=null | ip=null | op=WRITE_CHUNK {blockData=conID: 1 locID: 102656601978438093 bcsId: 1600} | ret=SUCCESS |  
2019-08-21 19:24:02,514 | INFO  | DNAudit | user=null | ip=null | op=PUT_BLOCK {blockData=[blockId=conID: 1 locID: 102656601978438093 bcsId: 0,size=3145728]} | ret=SUCCESS |  
2019-08-21 19:24:02,514 | INFO  | DNAudit | user=null | ip=null | op=WRITE_CHUNK {blockData=conID: 1 locID: 102656601978438093 bcsId: 1600} | ret=SUCCESS |  
2019-08-21 19:24:02,514 | INFO  | DNAudit | user=null | ip=null | op=PUT_BLOCK {blockData=[blockId=conID: 1 locID: 102656601978438093 bcsId: 0,size=3145728]} | ret=SUCCESS |  
2019-08-21 19:24:02,519 | INFO  | DNAudit | user=null | ip=null | op=WRITE_CHUNK {blockData=conID: 1 locID: 102656601978438093 bcsId: 1606} | ret=SUCCESS |  
2019-08-21 19:24:02,522 | INFO  | DNAudit | user=null | ip=null | op=WRITE_CHUNK {blockData=conID: 1 locID: 102656601978438093 bcsId: 1606} | ret=SUCCESS |  
2019-08-21 19:24:02,522 | INFO  | DNAudit | user=null | ip=null | op=WRITE_CHUNK {blockData=conID: 1 locID: 102656601978438093 bcsId: 1606} | ret=SUCCESS |  
2019-08-21 19:24:02,536 | INFO  | DNAudit | user=null | ip=null | op=WRITE_CHUNK {blockData=conID: 1 locID: 102656601978438093 bcsId: 1606} | ret=SUCCESS |  
2019-08-21 19:24:02,536 | INFO  | DNAudit | user=null | ip=null | op=PUT_BLOCK {blockData=[blockId=conID: 1 locID: 102656601978438093 bcsId: 0,size=4194304]} | ret=SUCCESS |  
2019-08-21 19:24:02,536 [grpc-default-executor-6] INFO  client.GrpcClientProtocolClient (GrpcClientProtocolClient.java:onNext(255)) - client-DA9582518C67->1df8bd03-73ef-4b9c-8622-5dc9d0e29c31: receive RaftClientReply:client-DA9582518C67->1df8bd03-73ef-4b9c-8622-5dc9d0e29c31@group-F45402591F47, cid=1185, SUCCESS, logIndex=1609, commits[1df8bd03-73ef-4b9c-8622-5dc9d0e29c31:c1610, 12aca755-ada5-42df-801b-c61f99d8e8b8:c1607, a308b8bf-0324-43a1-a87f-1e10a96e3042:c1607]
2019-08-21 19:24:02,537 [grpc-default-executor-6] INFO  client.GrpcClientProtocolClient (GrpcClientProtocolClient.java:onNext(255)) - client-DA9582518C67->1df8bd03-73ef-4b9c-8622-5dc9d0e29c31: receive RaftClientReply:client-DA9582518C67->1df8bd03-73ef-4b9c-8622-5dc9d0e29c31@group-F45402591F47, cid=1186, SUCCESS, logIndex=1610, commits[1df8bd03-73ef-4b9c-8622-5dc9d0e29c31:c1610, 12aca755-ada5-42df-801b-c61f99d8e8b8:c1607, a308b8bf-0324-43a1-a87f-1e10a96e3042:c1607]
2019-08-21 19:24:02,548 | INFO  | DNAudit | user=null | ip=null | op=WRITE_CHUNK {blockData=conID: 1 locID: 102656601978438093 bcsId: 1606} | ret=SUCCESS |  
2019-08-21 19:24:02,548 | INFO  | DNAudit | user=null | ip=null | op=WRITE_CHUNK {blockData=conID: 1 locID: 102656601978438093 bcsId: 1606} | ret=SUCCESS |  
2019-08-21 19:24:02,548 | INFO  | DNAudit | user=null | ip=null | op=PUT_BLOCK {blockData=[blockId=conID: 1 locID: 102656601978438093 bcsId: 0,size=4194304]} | ret=SUCCESS |  
2019-08-21 19:24:02,548 | INFO  | DNAudit | user=null | ip=null | op=PUT_BLOCK {blockData=[blockId=conID: 1 locID: 102656601978438093 bcsId: 0,size=4194304]} | ret=SUCCESS |  
2019-08-21 19:24:02,548 [grpc-default-executor-6] INFO  client.GrpcClientProtocolClient (GrpcClientProtocolClient.java:onNext(255)) - client-DA9582518C67->1df8bd03-73ef-4b9c-8622-5dc9d0e29c31: receive RaftClientReply:client-DA9582518C67->1df8bd03-73ef-4b9c-8622-5dc9d0e29c31@group-F45402591F47, cid=1187, SUCCESS, logIndex=0, commits[1df8bd03-73ef-4b9c-8622-5dc9d0e29c31:c1611, 12aca755-ada5-42df-801b-c61f99d8e8b8:c1610, a308b8bf-0324-43a1-a87f-1e10a96e3042:c1610]
2019-08-21 19:24:02,554 | INFO  | DNAudit | user=null | ip=null | op=WRITE_CHUNK {blockData=conID: 2 locID: 102656601978438094 bcsId: 0} | ret=SUCCESS |  
2019-08-21 19:24:02,557 | INFO  | DNAudit | user=null | ip=null | op=WRITE_CHUNK {blockData=conID: 2 locID: 102656601978438094 bcsId: 0} | ret=SUCCESS |  
2019-08-21 19:24:02,557 | INFO  | DNAudit | user=null | ip=null | op=WRITE_CHUNK {blockData=conID: 2 locID: 102656601978438094 bcsId: 0} | ret=SUCCESS |  
2019-08-21 19:24:02,557 | INFO  | DNAudit | user=null | ip=null | op=WRITE_CHUNK {blockData=conID: 2 locID: 102656601978438094 bcsId: 0} | ret=SUCCESS |  
2019-08-21 19:24:02,560 | INFO  | DNAudit | user=null | ip=null | op=WRITE_CHUNK {blockData=conID: 2 locID: 102656601978438094 bcsId: 0} | ret=SUCCESS |  
2019-08-21 19:24:02,560 | INFO  | DNAudit | user=null | ip=null | op=WRITE_CHUNK {blockData=conID: 2 locID: 102656601978438094 bcsId: 0} | ret=SUCCESS |  
2019-08-21 19:24:02,562 | INFO  | DNAudit | user=null | ip=null | op=WRITE_CHUNK {blockData=conID: 2 locID: 102656601978438094 bcsId: 0} | ret=SUCCESS |  
2019-08-21 19:24:02,563 | INFO  | DNAudit | user=null | ip=null | op=PUT_BLOCK {blockData=[blockId=conID: 2 locID: 102656601978438094 bcsId: 0,size=1048576]} | ret=SUCCESS |  
2019-08-21 19:24:02,563 [grpc-default-executor-0] INFO  client.GrpcClientProtocolClient (GrpcClientProtocolClient.java:onNext(255)) - client-DA9582518C67->1df8bd03-73ef-4b9c-8622-5dc9d0e29c31: receive RaftClientReply:client-DA9582518C67->1df8bd03-73ef-4b9c-8622-5dc9d0e29c31@group-F45402591F47, cid=1188, SUCCESS, logIndex=1613, commits[1df8bd03-73ef-4b9c-8622-5dc9d0e29c31:c1614, 12aca755-ada5-42df-801b-c61f99d8e8b8:c1612, a308b8bf-0324-43a1-a87f-1e10a96e3042:c1612]
2019-08-21 19:24:02,563 [grpc-default-executor-0] INFO  client.GrpcClientProtocolClient (GrpcClientProtocolClient.java:onNext(255)) - client-DA9582518C67->1df8bd03-73ef-4b9c-8622-5dc9d0e29c31: receive RaftClientReply:client-DA9582518C67->1df8bd03-73ef-4b9c-8622-5dc9d0e29c31@group-F45402591F47, cid=1189, SUCCESS, logIndex=1614, commits[1df8bd03-73ef-4b9c-8622-5dc9d0e29c31:c1614, 12aca755-ada5-42df-801b-c61f99d8e8b8:c1612, a308b8bf-0324-43a1-a87f-1e10a96e3042:c1612]
2019-08-21 19:24:02,572 | INFO  | DNAudit | user=null | ip=null | op=WRITE_CHUNK {blockData=conID: 2 locID: 102656601978438094 bcsId: 0} | ret=SUCCESS |  
2019-08-21 19:24:02,572 | INFO  | DNAudit | user=null | ip=null | op=PUT_BLOCK {blockData=[blockId=conID: 2 locID: 102656601978438094 bcsId: 0,size=2097152]} | ret=SUCCESS |  
2019-08-21 19:24:02,572 [grpc-default-executor-2] INFO  client.GrpcClientProtocolClient (GrpcClientProtocolClient.java:onNext(255)) - client-DA9582518C67->1df8bd03-73ef-4b9c-8622-5dc9d0e29c31: receive RaftClientReply:client-DA9582518C67->1df8bd03-73ef-4b9c-8622-5dc9d0e29c31@group-F45402591F47, cid=1190, SUCCESS, logIndex=1615, commits[1df8bd03-73ef-4b9c-8622-5dc9d0e29c31:c1616, 12aca755-ada5-42df-801b-c61f99d8e8b8:c1612, a308b8bf-0324-43a1-a87f-1e10a96e3042:c1612]
2019-08-21 19:24:02,573 [grpc-default-executor-2] INFO  client.GrpcClientProtocolClient (GrpcClientProtocolClient.java:onNext(255)) - client-DA9582518C67->1df8bd03-73ef-4b9c-8622-5dc9d0e29c31: receive RaftClientReply:client-DA9582518C67->1df8bd03-73ef-4b9c-8622-5dc9d0e29c31@group-F45402591F47, cid=1191, SUCCESS, logIndex=1616, commits[1df8bd03-73ef-4b9c-8622-5dc9d0e29c31:c1616, 12aca755-ada5-42df-801b-c61f99d8e8b8:c1612, a308b8bf-0324-43a1-a87f-1e10a96e3042:c1612]
2019-08-21 19:24:02,582 | INFO  | SCMAudit | user=jenkins1000 | ip=192.168.69.88 | op=SEND_HEARTBEAT {datanodeUUID=c4b21f74-9dba-4f39-a92d-300bdd5c7775, command=[]} | ret=SUCCESS |  
2019-08-21 19:24:02,583 | INFO  | DNAudit | user=null | ip=null | op=WRITE_CHUNK {blockData=conID: 2 locID: 102656601978438094 bcsId: 0} | ret=SUCCESS |  
2019-08-21 19:24:02,583 | INFO  | DNAudit | user=null | ip=null | op=WRITE_CHUNK {blockData=conID: 2 locID: 102656601978438094 bcsId: 0} | ret=SUCCESS |  
2019-08-21 19:24:02,583 | INFO  | DNAudit | user=null | ip=null | op=PUT_BLOCK {blockData=[blockId=conID: 2 locID: 102656601978438094 bcsId: 0,size=1048576]} | ret=SUCCESS |  
2019-08-21 19:24:02,583 | INFO  | DNAudit | user=null | ip=null | op=PUT_BLOCK {blockData=[blockId=conID: 2 locID: 102656601978438094 bcsId: 0,size=1048576]} | ret=SUCCESS |  
 0.00% |█                                                                                                    |  0/1 Time: 0:00:072019-08-21 19:24:02,583 [grpc-default-executor-2] INFO  client.GrpcClientProtocolClient (GrpcClientProtocolClient.java:onNext(255)) - client-DA9582518C67->1df8bd03-73ef-4b9c-8622-5dc9d0e29c31: receive RaftClientReply:client-DA9582518C67->1df8bd03-73ef-4b9c-8622-5dc9d0e29c31@group-F45402591F47, cid=1192, SUCCESS, logIndex=0, commits[1df8bd03-73ef-4b9c-8622-5dc9d0e29c31:c1617, 12aca755-ada5-42df-801b-c61f99d8e8b8:c1614, a308b8bf-0324-43a1-a87f-1e10a96e3042:c1614]
2019-08-21 19:24:02,589 | INFO  | DNAudit | user=null | ip=null | op=WRITE_CHUNK {blockData=conID: 2 locID: 102656601978438094 bcsId: 1616} | ret=SUCCESS |  
2019-08-21 19:24:02,591 | INFO  | DNAudit | user=null | ip=null | op=WRITE_CHUNK {blockData=conID: 2 locID: 102656601978438094 bcsId: 1616} | ret=SUCCESS |  
2019-08-21 19:24:02,592 | INFO  | DNAudit | user=null | ip=null | op=WRITE_CHUNK {blockData=conID: 2 locID: 102656601978438094 bcsId: 1616} | ret=SUCCESS |  
2019-08-21 19:24:02,597 | INFO  | DNAudit | user=null | ip=null | op=WRITE_CHUNK {blockData=conID: 2 locID: 102656601978438094 bcsId: 0} | ret=SUCCESS |  
2019-08-21 19:24:02,597 | INFO  | DNAudit | user=null | ip=null | op=PUT_BLOCK {blockData=[blockId=conID: 2 locID: 102656601978438094 bcsId: 0,size=2097152]} | ret=SUCCESS |  
2019-08-21 19:24:02,597 | INFO  | DNAudit | user=null | ip=null | op=WRITE_CHUNK {blockData=conID: 2 locID: 102656601978438094 bcsId: 0} | ret=SUCCESS |  
2019-08-21 19:24:02,598 | INFO  | DNAudit | user=null | ip=null | op=PUT_BLOCK {blockData=[blockId=conID: 2 locID: 102656601978438094 bcsId: 0,size=2097152]} | ret=SUCCESS |  
2019-08-21 19:24:02,598 | INFO  | DNAudit | user=null | ip=null | op=WRITE_CHUNK {blockData=conID: 2 locID: 102656601978438094 bcsId: 1616} | ret=SUCCESS |  
2019-08-21 19:24:02,599 | INFO  | DNAudit | user=null | ip=null | op=PUT_BLOCK {blockData=[blockId=conID: 2 locID: 102656601978438094 bcsId: 0,size=3145728]} | ret=SUCCESS |  
2019-08-21 19:24:02,599 [grpc-default-executor-6] INFO  client.GrpcClientProtocolClient (GrpcClientProtocolClient.java:onNext(255)) - client-DA9582518C67->1df8bd03-73ef-4b9c-8622-5dc9d0e29c31: receive RaftClientReply:client-DA9582518C67->1df8bd03-73ef-4b9c-8622-5dc9d0e29c31@group-F45402591F47, cid=1193, SUCCESS, logIndex=1621, commits[1df8bd03-73ef-4b9c-8622-5dc9d0e29c31:c1622, 12aca755-ada5-42df-801b-c61f99d8e8b8:c1616, a308b8bf-0324-43a1-a87f-1e10a96e3042:c1618]
2019-08-21 19:24:02,599 [grpc-default-executor-6] INFO  client.GrpcClientProtocolClient (GrpcClientProtocolClient.java:onNext(255)) - client-DA9582518C67->1df8bd03-73ef-4b9c-8622-5dc9d0e29c31: receive RaftClientReply:client-DA9582518C67->1df8bd03-73ef-4b9c-8622-5dc9d0e29c31@group-F45402591F47, cid=1194, SUCCESS, logIndex=1622, commits[1df8bd03-73ef-4b9c-8622-5dc9d0e29c31:c1622, 12aca755-ada5-42df-801b-c61f99d8e8b8:c1618, a308b8bf-0324-43a1-a87f-1e10a96e3042:c1618]
2019-08-21 19:24:02,599 | INFO  | DNAudit | user=null | ip=null | op=WRITE_CHUNK {blockData=conID: 2 locID: 102656601978438094 bcsId: 1616} | ret=SUCCESS |  
2019-08-21 19:24:02,600 | INFO  | DNAudit | user=null | ip=null | op=WRITE_CHUNK {blockData=conID: 2 locID: 102656601978438094 bcsId: 1616} | ret=SUCCESS |  
2019-08-21 19:24:02,601 | INFO  | DNAudit | user=null | ip=null | op=PUT_BLOCK {blockData=[blockId=conID: 2 locID: 102656601978438094 bcsId: 0,size=3145728]} | ret=SUCCESS |  
2019-08-21 19:24:02,601 | INFO  | DNAudit | user=null | ip=null | op=PUT_BLOCK {blockData=[blockId=conID: 2 locID: 102656601978438094 bcsId: 0,size=3145728]} | ret=SUCCESS |  
2019-08-21 19:24:02,605 | INFO  | DNAudit | user=null | ip=null | op=WRITE_CHUNK {blockData=conID: 2 locID: 102656601978438094 bcsId: 1622} | ret=SUCCESS |  
2019-08-21 19:24:02,607 | INFO  | DNAudit | user=null | ip=null | op=WRITE_CHUNK {blockData=conID: 2 locID: 102656601978438094 bcsId: 1622} | ret=SUCCESS |  
2019-08-21 19:24:02,608 | INFO  | DNAudit | user=null | ip=null | op=WRITE_CHUNK {blockData=conID: 2 locID: 102656601978438094 bcsId: 1622} | ret=SUCCESS |  
2019-08-21 19:24:02,613 | INFO  | DNAudit | user=null | ip=null | op=WRITE_CHUNK {blockData=conID: 2 locID: 102656601978438094 bcsId: 1622} | ret=SUCCESS |  
2019-08-21 19:24:02,614 | INFO  | DNAudit | user=null | ip=null | op=PUT_BLOCK {blockData=[blockId=conID: 2 locID: 102656601978438094 bcsId: 0,size=4194304]} | ret=SUCCESS |  
2019-08-21 19:24:02,614 [grpc-default-executor-6] INFO  client.GrpcClientProtocolClient (GrpcClientProtocolClient.java:onNext(255)) - client-DA9582518C67->1df8bd03-73ef-4b9c-8622-5dc9d0e29c31: receive RaftClientReply:client-DA9582518C67->1df8bd03-73ef-4b9c-8622-5dc9d0e29c31@group-F45402591F47, cid=1195, SUCCESS, logIndex=1625, commits[1df8bd03-73ef-4b9c-8622-5dc9d0e29c31:c1626, 12aca755-ada5-42df-801b-c61f99d8e8b8:c1624, a308b8bf-0324-43a1-a87f-1e10a96e3042:c1624]
2019-08-21 19:24:02,614 [grpc-default-executor-6] INFO  client.GrpcClientProtocolClient (GrpcClientProtocolClient.java:onNext(255)) - client-DA9582518C67->1df8bd03-73ef-4b9c-8622-5dc9d0e29c31: receive RaftClientReply:client-DA9582518C67->1df8bd03-73ef-4b9c-8622-5dc9d0e29c31@group-F45402591F47, cid=1196, SUCCESS, logIndex=1626, commits[1df8bd03-73ef-4b9c-8622-5dc9d0e29c31:c1626, 12aca755-ada5-42df-801b-c61f99d8e8b8:c1624, a308b8bf-0324-43a1-a87f-1e10a96e3042:c1624]
2019-08-21 19:24:02,625 | INFO  | DNAudit | user=null | ip=null | op=WRITE_CHUNK {blockData=conID: 2 locID: 102656601978438094 bcsId: 1622} | ret=SUCCESS |  
2019-08-21 19:24:02,625 | INFO  | DNAudit | user=null | ip=null | op=WRITE_CHUNK {blockData=conID: 2 locID: 102656601978438094 bcsId: 1622} | ret=SUCCESS |  
2019-08-21 19:24:02,626 | INFO  | DNAudit | user=null | ip=null | op=PUT_BLOCK {blockData=[blockId=conID: 2 locID: 102656601978438094 bcsId: 0,size=4194304]} | ret=SUCCESS |  
2019-08-21 19:24:02,626 | INFO  | DNAudit | user=null | ip=null | op=PUT_BLOCK {blockData=[blockId=conID: 2 locID: 102656601978438094 bcsId: 0,size=4194304]} | ret=SUCCESS |  
2019-08-21 19:24:02,626 [grpc-default-executor-2] INFO  client.GrpcClientProtocolClient (GrpcClientProtocolClient.java:onNext(255)) - client-DA9582518C67->1df8bd03-73ef-4b9c-8622-5dc9d0e29c31: receive RaftClientReply:client-DA9582518C67->1df8bd03-73ef-4b9c-8622-5dc9d0e29c31@group-F45402591F47, cid=1197, SUCCESS, logIndex=0, commits[1df8bd03-73ef-4b9c-8622-5dc9d0e29c31:c1626, 12aca755-ada5-42df-801b-c61f99d8e8b8:c1626, a308b8bf-0324-43a1-a87f-1e10a96e3042:c1626]
2019-08-21 19:24:02,715 | INFO  | DNAudit | user=null | ip=null | op=WRITE_CHUNK {blockData=conID: 3 locID: 102656601978438095 bcsId: 0} | ret=SUCCESS |  
2019-08-21 19:24:02,718 | INFO  | DNAudit | user=null | ip=null | op=WRITE_CHUNK {blockData=conID: 3 locID: 102656601978438095 bcsId: 0} | ret=SUCCESS |  
2019-08-21 19:24:02,718 | INFO  | DNAudit | user=null | ip=null | op=WRITE_CHUNK {blockData=conID: 3 locID: 102656601978438095 bcsId: 0} | ret=SUCCESS |  
2019-08-21 19:24:02,718 | INFO  | DNAudit | user=null | ip=null | op=WRITE_CHUNK {blockData=conID: 3 locID: 102656601978438095 bcsId: 0} | ret=SUCCESS |  
2019-08-21 19:24:02,721 | INFO  | DNAudit | user=null | ip=null | op=WRITE_CHUNK {blockData=conID: 3 locID: 102656601978438095 bcsId: 0} | ret=SUCCESS |  
2019-08-21 19:24:02,721 | INFO  | DNAudit | user=null | ip=null | op=WRITE_CHUNK {blockData=conID: 3 locID: 102656601978438095 bcsId: 0} | ret=SUCCESS |  
2019-08-21 19:24:02,721 | INFO  | DNAudit | user=null | ip=null | op=WRITE_CHUNK {blockData=conID: 3 locID: 102656601978438095 bcsId: 0} | ret=SUCCESS |  
2019-08-21 19:24:02,722 | INFO  | DNAudit | user=null | ip=null | op=PUT_BLOCK {blockData=[blockId=conID: 3 locID: 102656601978438095 bcsId: 0,size=1048576]} | ret=SUCCESS |  
2019-08-21 19:24:02,722 [grpc-default-executor-2] INFO  client.GrpcClientProtocolClient (GrpcClientProtocolClient.java:onNext(255)) - client-DA9582518C67->1df8bd03-73ef-4b9c-8622-5dc9d0e29c31: receive RaftClientReply:client-DA9582518C67->1df8bd03-73ef-4b9c-8622-5dc9d0e29c31@group-F45402591F47, cid=1198, SUCCESS, logIndex=1629, commits[1df8bd03-73ef-4b9c-8622-5dc9d0e29c31:c1630, 12aca755-ada5-42df-801b-c61f99d8e8b8:c1628, a308b8bf-0324-43a1-a87f-1e10a96e3042:c1628]
2019-08-21 19:24:02,723 | INFO  | DNAudit | user=null | ip=null | op=WRITE_CHUNK {blockData=conID: 3 locID: 102656601978438095 bcsId: 0} | ret=SUCCESS |  
2019-08-21 19:24:02,723 [grpc-default-executor-2] INFO  client.GrpcClientProtocolClient (GrpcClientProtocolClient.java:onNext(255)) - client-DA9582518C67->1df8bd03-73ef-4b9c-8622-5dc9d0e29c31: receive RaftClientReply:client-DA9582518C67->1df8bd03-73ef-4b9c-8622-5dc9d0e29c31@group-F45402591F47, cid=1199, SUCCESS, logIndex=1630, commits[1df8bd03-73ef-4b9c-8622-5dc9d0e29c31:c1630, 12aca755-ada5-42df-801b-c61f99d8e8b8:c1628, a308b8bf-0324-43a1-a87f-1e10a96e3042:c1628]
2019-08-21 19:24:02,723 | INFO  | DNAudit | user=null | ip=null | op=PUT_BLOCK {blockData=[blockId=conID: 3 locID: 102656601978438095 bcsId: 0,size=2097152]} | ret=SUCCESS |  
2019-08-21 19:24:02,723 [grpc-default-executor-6] INFO  client.GrpcClientProtocolClient (GrpcClientProtocolClient.java:onNext(255)) - client-DA9582518C67->1df8bd03-73ef-4b9c-8622-5dc9d0e29c31: receive RaftClientReply:client-DA9582518C67->1df8bd03-73ef-4b9c-8622-5dc9d0e29c31@group-F45402591F47, cid=1200, SUCCESS, logIndex=1631, commits[1df8bd03-73ef-4b9c-8622-5dc9d0e29c31:c1632, 12aca755-ada5-42df-801b-c61f99d8e8b8:c1628, a308b8bf-0324-43a1-a87f-1e10a96e3042:c1628]
2019-08-21 19:24:02,724 [grpc-default-executor-6] INFO  client.GrpcClientProtocolClient (GrpcClientProtocolClient.java:onNext(255)) - client-DA9582518C67->1df8bd03-73ef-4b9c-8622-5dc9d0e29c31: receive RaftClientReply:client-DA9582518C67->1df8bd03-73ef-4b9c-8622-5dc9d0e29c31@group-F45402591F47, cid=1201, SUCCESS, logIndex=1632, commits[1df8bd03-73ef-4b9c-8622-5dc9d0e29c31:c1632, 12aca755-ada5-42df-801b-c61f99d8e8b8:c1628, a308b8bf-0324-43a1-a87f-1e10a96e3042:c1628]
2019-08-21 19:24:02,725 | INFO  | DNAudit | user=null | ip=null | op=WRITE_CHUNK {blockData=conID: 3 locID: 102656601978438095 bcsId: 0} | ret=SUCCESS |  
2019-08-21 19:24:02,726 | INFO  | DNAudit | user=null | ip=null | op=PUT_BLOCK {blockData=[blockId=conID: 3 locID: 102656601978438095 bcsId: 0,size=1048576]} | ret=SUCCESS |  
2019-08-21 19:24:02,726 | INFO  | DNAudit | user=null | ip=null | op=WRITE_CHUNK {blockData=conID: 3 locID: 102656601978438095 bcsId: 0} | ret=SUCCESS |  
2019-08-21 19:24:02,726 | INFO  | DNAudit | user=null | ip=null | op=PUT_BLOCK {blockData=[blockId=conID: 3 locID: 102656601978438095 bcsId: 0,size=1048576]} | ret=SUCCESS |  
2019-08-21 19:24:02,726 [grpc-default-executor-6] INFO  client.GrpcClientProtocolClient (GrpcClientProtocolClient.java:onNext(255)) - client-DA9582518C67->1df8bd03-73ef-4b9c-8622-5dc9d0e29c31: receive RaftClientReply:client-DA9582518C67->1df8bd03-73ef-4b9c-8622-5dc9d0e29c31@group-F45402591F47, cid=1202, SUCCESS, logIndex=0, commits[1df8bd03-73ef-4b9c-8622-5dc9d0e29c31:c1634, 12aca755-ada5-42df-801b-c61f99d8e8b8:c1630, a308b8bf-0324-43a1-a87f-1e10a96e3042:c1630]
2019-08-21 19:24:02,733 | INFO  | DNAudit | user=null | ip=null | op=WRITE_CHUNK {blockData=conID: 3 locID: 102656601978438095 bcsId: 1632} | ret=SUCCESS |  
2019-08-21 19:24:02,736 | INFO  | DNAudit | user=null | ip=null | op=WRITE_CHUNK {blockData=conID: 3 locID: 102656601978438095 bcsId: 1632} | ret=SUCCESS |  
2019-08-21 19:24:02,737 | INFO  | DNAudit | user=null | ip=null | op=WRITE_CHUNK {blockData=conID: 3 locID: 102656601978438095 bcsId: 1632} | ret=SUCCESS |  
2019-08-21 19:24:02,737 | INFO  | DNAudit | user=null | ip=null | op=WRITE_CHUNK {blockData=conID: 3 locID: 102656601978438095 bcsId: 0} | ret=SUCCESS |  
2019-08-21 19:24:02,737 | INFO  | DNAudit | user=null | ip=null | op=WRITE_CHUNK {blockData=conID: 3 locID: 102656601978438095 bcsId: 0} | ret=SUCCESS |  
2019-08-21 19:24:02,738 | INFO  | DNAudit | user=null | ip=null | op=PUT_BLOCK {blockData=[blockId=conID: 3 locID: 102656601978438095 bcsId: 0,size=2097152]} | ret=SUCCESS |  
2019-08-21 19:24:02,738 | INFO  | DNAudit | user=null | ip=null | op=PUT_BLOCK {blockData=[blockId=conID: 3 locID: 102656601978438095 bcsId: 0,size=2097152]} | ret=SUCCESS |  
2019-08-21 19:24:02,739 | INFO  | DNAudit | user=null | ip=null | op=WRITE_CHUNK {blockData=conID: 3 locID: 102656601978438095 bcsId: 1632} | ret=SUCCESS |  
2019-08-21 19:24:02,739 | INFO  | DNAudit | user=null | ip=null | op=PUT_BLOCK {blockData=[blockId=conID: 3 locID: 102656601978438095 bcsId: 0,size=3145728]} | ret=SUCCESS |  
2019-08-21 19:24:02,739 [grpc-default-executor-6] INFO  client.GrpcClientProtocolClient (GrpcClientProtocolClient.java:onNext(255)) - client-DA9582518C67->1df8bd03-73ef-4b9c-8622-5dc9d0e29c31: receive RaftClientReply:client-DA9582518C67->1df8bd03-73ef-4b9c-8622-5dc9d0e29c31@group-F45402591F47, cid=1203, SUCCESS, logIndex=1637, commits[1df8bd03-73ef-4b9c-8622-5dc9d0e29c31:c1638, 12aca755-ada5-42df-801b-c61f99d8e8b8:c1632, a308b8bf-0324-43a1-a87f-1e10a96e3042:c1634]
2019-08-21 19:24:02,739 [grpc-default-executor-6] INFO  client.GrpcClientProtocolClient (GrpcClientProtocolClient.java:onNext(255)) - client-DA9582518C67->1df8bd03-73ef-4b9c-8622-5dc9d0e29c31: receive RaftClientReply:client-DA9582518C67->1df8bd03-73ef-4b9c-8622-5dc9d0e29c31@group-F45402591F47, cid=1204, SUCCESS, logIndex=1638, commits[1df8bd03-73ef-4b9c-8622-5dc9d0e29c31:c1638, 12aca755-ada5-42df-801b-c61f99d8e8b8:c1632, a308b8bf-0324-43a1-a87f-1e10a96e3042:c1634]
2019-08-21 19:24:02,746 | INFO  | DNAudit | user=null | ip=null | op=WRITE_CHUNK {blockData=conID: 3 locID: 102656601978438095 bcsId: 1638} | ret=SUCCESS |  
2019-08-21 19:24:02,749 | INFO  | DNAudit | user=null | ip=null | op=WRITE_CHUNK {blockData=conID: 3 locID: 102656601978438095 bcsId: 1638} | ret=SUCCESS |  
2019-08-21 19:24:02,749 | INFO  | DNAudit | user=null | ip=null | op=WRITE_CHUNK {blockData=conID: 3 locID: 102656601978438095 bcsId: 1638} | ret=SUCCESS |  
2019-08-21 19:24:02,751 | INFO  | DNAudit | user=null | ip=null | op=WRITE_CHUNK {blockData=conID: 3 locID: 102656601978438095 bcsId: 1632} | ret=SUCCESS |  
2019-08-21 19:24:02,751 | INFO  | DNAudit | user=null | ip=null | op=WRITE_CHUNK {blockData=conID: 3 locID: 102656601978438095 bcsId: 1632} | ret=SUCCESS |  
2019-08-21 19:24:02,752 | INFO  | DNAudit | user=null | ip=null | op=PUT_BLOCK {blockData=[blockId=conID: 3 locID: 102656601978438095 bcsId: 0,size=3145728]} | ret=SUCCESS |  
2019-08-21 19:24:02,752 | INFO  | DNAudit | user=null | ip=null | op=PUT_BLOCK {blockData=[blockId=conID: 3 locID: 102656601978438095 bcsId: 0,size=3145728]} | ret=SUCCESS |  
2019-08-21 19:24:02,754 | INFO  | DNAudit | user=null | ip=null | op=WRITE_CHUNK {blockData=conID: 3 locID: 102656601978438095 bcsId: 1638} | ret=SUCCESS |  
2019-08-21 19:24:02,755 | INFO  | DNAudit | user=null | ip=null | op=PUT_BLOCK {blockData=[blockId=conID: 3 locID: 102656601978438095 bcsId: 0,size=4194304]} | ret=SUCCESS |  
2019-08-21 19:24:02,755 [grpc-default-executor-6] INFO  client.GrpcClientProtocolClient (GrpcClientProtocolClient.java:onNext(255)) - client-DA9582518C67->1df8bd03-73ef-4b9c-8622-5dc9d0e29c31: receive RaftClientReply:client-DA9582518C67->1df8bd03-73ef-4b9c-8622-5dc9d0e29c31@group-F45402591F47, cid=1205, SUCCESS, logIndex=1641, commits[1df8bd03-73ef-4b9c-8622-5dc9d0e29c31:c1642, 12aca755-ada5-42df-801b-c61f99d8e8b8:c1638, a308b8bf-0324-43a1-a87f-1e10a96e3042:c1638]
2019-08-21 19:24:02,755 [grpc-default-executor-6] INFO  client.GrpcClientProtocolClient (GrpcClientProtocolClient.java:onNext(255)) - client-DA9582518C67->1df8bd03-73ef-4b9c-8622-5dc9d0e29c31: receive RaftClientReply:client-DA9582518C67->1df8bd03-73ef-4b9c-8622-5dc9d0e29c31@group-F45402591F47, cid=1206, SUCCESS, logIndex=1642, commits[1df8bd03-73ef-4b9c-8622-5dc9d0e29c31:c1642, 12aca755-ada5-42df-801b-c61f99d8e8b8:c1638, a308b8bf-0324-43a1-a87f-1e10a96e3042:c1638]
2019-08-21 19:24:02,767 | INFO  | DNAudit | user=null | ip=null | op=WRITE_CHUNK {blockData=conID: 3 locID: 102656601978438095 bcsId: 1638} | ret=SUCCESS |  
2019-08-21 19:24:02,767 | INFO  | DNAudit | user=null | ip=null | op=WRITE_CHUNK {blockData=conID: 3 locID: 102656601978438095 bcsId: 1638} | ret=SUCCESS |  
2019-08-21 19:24:02,770 | INFO  | DNAudit | user=null | ip=null | op=PUT_BLOCK {blockData=[blockId=conID: 3 locID: 102656601978438095 bcsId: 0,size=4194304]} | ret=SUCCESS |  
2019-08-21 19:24:02,781 | INFO  | DNAudit | user=null | ip=null | op=PUT_BLOCK {blockData=[blockId=conID: 3 locID: 102656601978438095 bcsId: 0,size=4194304]} | ret=SUCCESS |  
2019-08-21 19:24:02,782 [grpc-default-executor-0] INFO  client.GrpcClientProtocolClient (GrpcClientProtocolClient.java:onNext(255)) - client-DA9582518C67->1df8bd03-73ef-4b9c-8622-5dc9d0e29c31: receive RaftClientReply:client-DA9582518C67->1df8bd03-73ef-4b9c-8622-5dc9d0e29c31@group-F45402591F47, cid=1207, SUCCESS, logIndex=0, commits[1df8bd03-73ef-4b9c-8622-5dc9d0e29c31:c1644, 12aca755-ada5-42df-801b-c61f99d8e8b8:c1642, a308b8bf-0324-43a1-a87f-1e10a96e3042:c1642]
2019-08-21 19:24:02,790 | INFO  | DNAudit | user=null | ip=null | op=WRITE_CHUNK {blockData=conID: 1 locID: 102656601978503632 bcsId: 0} | ret=SUCCESS |  
2019-08-21 19:24:02,793 | INFO  | DNAudit | user=null | ip=null | op=WRITE_CHUNK {blockData=conID: 1 locID: 102656601978503632 bcsId: 0} | ret=SUCCESS |  
2019-08-21 19:24:02,793 | INFO  | DNAudit | user=null | ip=null | op=WRITE_CHUNK {blockData=conID: 1 locID: 102656601978503632 bcsId: 0} | ret=SUCCESS |  
2019-08-21 19:24:02,793 | INFO  | DNAudit | user=null | ip=null | op=WRITE_CHUNK {blockData=conID: 1 locID: 102656601978503632 bcsId: 0} | ret=SUCCESS |  
2019-08-21 19:24:02,795 | INFO  | DNAudit | user=null | ip=null | op=WRITE_CHUNK {blockData=conID: 1 locID: 102656601978503632 bcsId: 0} | ret=SUCCESS |  
2019-08-21 19:24:02,795 | INFO  | DNAudit | user=null | ip=null | op=WRITE_CHUNK {blockData=conID: 1 locID: 102656601978503632 bcsId: 0} | ret=SUCCESS |  
2019-08-21 19:24:02,796 | INFO  | DNAudit | user=null | ip=null | op=WRITE_CHUNK {blockData=conID: 1 locID: 102656601978503632 bcsId: 0} | ret=SUCCESS |  
2019-08-21 19:24:02,797 | INFO  | DNAudit | user=null | ip=null | op=PUT_BLOCK {blockData=[blockId=conID: 1 locID: 102656601978503632 bcsId: 0,size=1048576]} | ret=SUCCESS |  
2019-08-21 19:24:02,797 [grpc-default-executor-5] INFO  client.GrpcClientProtocolClient (GrpcClientProtocolClient.java:onNext(255)) - client-DA9582518C67->1df8bd03-73ef-4b9c-8622-5dc9d0e29c31: receive RaftClientReply:client-DA9582518C67->1df8bd03-73ef-4b9c-8622-5dc9d0e29c31@group-F45402591F47, cid=1208, SUCCESS, logIndex=1645, commits[1df8bd03-73ef-4b9c-8622-5dc9d0e29c31:c1646, 12aca755-ada5-42df-801b-c61f99d8e8b8:c1644, a308b8bf-0324-43a1-a87f-1e10a96e3042:c1644]
2019-08-21 19:24:02,798 [grpc-default-executor-5] INFO  client.GrpcClientProtocolClient (GrpcClientProtocolClient.java:onNext(255)) - client-DA9582518C67->1df8bd03-73ef-4b9c-8622-5dc9d0e29c31: receive RaftClientReply:client-DA9582518C67->1df8bd03-73ef-4b9c-8622-5dc9d0e29c31@group-F45402591F47, cid=1209, SUCCESS, logIndex=1646, commits[1df8bd03-73ef-4b9c-8622-5dc9d0e29c31:c1646, 12aca755-ada5-42df-801b-c61f99d8e8b8:c1644, a308b8bf-0324-43a1-a87f-1e10a96e3042:c1644]
2019-08-21 19:24:02,808 | INFO  | DNAudit | user=null | ip=null | op=WRITE_CHUNK {blockData=conID: 1 locID: 102656601978503632 bcsId: 0} | ret=SUCCESS |  
2019-08-21 19:24:02,809 | INFO  | DNAudit | user=null | ip=null | op=PUT_BLOCK {blockData=[blockId=conID: 1 locID: 102656601978503632 bcsId: 0,size=2097152]} | ret=SUCCESS |  
2019-08-21 19:24:02,809 [grpc-default-executor-5] INFO  client.GrpcClientProtocolClient (GrpcClientProtocolClient.java:onNext(255)) - client-DA9582518C67->1df8bd03-73ef-4b9c-8622-5dc9d0e29c31: receive RaftClientReply:client-DA9582518C67->1df8bd03-73ef-4b9c-8622-5dc9d0e29c31@group-F45402591F47, cid=1210, SUCCESS, logIndex=1647, commits[1df8bd03-73ef-4b9c-8622-5dc9d0e29c31:c1648, 12aca755-ada5-42df-801b-c61f99d8e8b8:c1644, a308b8bf-0324-43a1-a87f-1e10a96e3042:c1644]
2019-08-21 19:24:02,809 | INFO  | DNAudit | user=null | ip=null | op=WRITE_CHUNK {blockData=conID: 1 locID: 102656601978503632 bcsId: 0} | ret=SUCCESS |  
2019-08-21 19:24:02,809 | INFO  | DNAudit | user=null | ip=null | op=PUT_BLOCK {blockData=[blockId=conID: 1 locID: 102656601978503632 bcsId: 0,size=1048576]} | ret=SUCCESS |  
2019-08-21 19:24:02,809 [grpc-default-executor-5] INFO  client.GrpcClientProtocolClient (GrpcClientProtocolClient.java:onNext(255)) - client-DA9582518C67->1df8bd03-73ef-4b9c-8622-5dc9d0e29c31: receive RaftClientReply:client-DA9582518C67->1df8bd03-73ef-4b9c-8622-5dc9d0e29c31@group-F45402591F47, cid=1211, SUCCESS, logIndex=1648, commits[1df8bd03-73ef-4b9c-8622-5dc9d0e29c31:c1648, 12aca755-ada5-42df-801b-c61f99d8e8b8:c1644, a308b8bf-0324-43a1-a87f-1e10a96e3042:c1644]
2019-08-21 19:24:02,818 | INFO  | DNAudit | user=null | ip=null | op=WRITE_CHUNK {blockData=conID: 1 locID: 102656601978503632 bcsId: 0} | ret=SUCCESS |  
2019-08-21 19:24:02,818 | INFO  | DNAudit | user=null | ip=null | op=PUT_BLOCK {blockData=[blockId=conID: 1 locID: 102656601978503632 bcsId: 0,size=1048576]} | ret=SUCCESS |  
2019-08-21 19:24:02,819 [grpc-default-executor-5] INFO  client.GrpcClientProtocolClient (GrpcClientProtocolClient.java:onNext(255)) - client-DA9582518C67->1df8bd03-73ef-4b9c-8622-5dc9d0e29c31: receive RaftClientReply:client-DA9582518C67->1df8bd03-73ef-4b9c-8622-5dc9d0e29c31@group-F45402591F47, cid=1212, SUCCESS, logIndex=0, commits[1df8bd03-73ef-4b9c-8622-5dc9d0e29c31:c1650, 12aca755-ada5-42df-801b-c61f99d8e8b8:c1646, a308b8bf-0324-43a1-a87f-1e10a96e3042:c1646]
2019-08-21 19:24:02,825 | INFO  | DNAudit | user=null | ip=null | op=WRITE_CHUNK {blockData=conID: 1 locID: 102656601978503632 bcsId: 1648} | ret=SUCCESS |  
2019-08-21 19:24:02,827 | INFO  | DNAudit | user=null | ip=null | op=WRITE_CHUNK {blockData=conID: 1 locID: 102656601978503632 bcsId: 1648} | ret=SUCCESS |  
2019-08-21 19:24:02,827 | INFO  | DNAudit | user=null | ip=null | op=WRITE_CHUNK {blockData=conID: 1 locID: 102656601978503632 bcsId: 1648} | ret=SUCCESS |  
2019-08-21 19:24:02,829 | INFO  | DNAudit | user=null | ip=null | op=WRITE_CHUNK {blockData=conID: 1 locID: 102656601978503632 bcsId: 0} | ret=SUCCESS |  
2019-08-21 19:24:02,830 | INFO  | DNAudit | user=null | ip=null | op=WRITE_CHUNK {blockData=conID: 1 locID: 102656601978503632 bcsId: 0} | ret=SUCCESS |  
2019-08-21 19:24:02,830 | INFO  | DNAudit | user=null | ip=null | op=PUT_BLOCK {blockData=[blockId=conID: 1 locID: 102656601978503632 bcsId: 0,size=2097152]} | ret=SUCCESS |  
2019-08-21 19:24:02,830 | INFO  | DNAudit | user=null | ip=null | op=PUT_BLOCK {blockData=[blockId=conID: 1 locID: 102656601978503632 bcsId: 0,size=2097152]} | ret=SUCCESS |  
2019-08-21 19:24:02,831 | INFO  | DNAudit | user=null | ip=null | op=WRITE_CHUNK {blockData=conID: 1 locID: 102656601978503632 bcsId: 1648} | ret=SUCCESS |  
2019-08-21 19:24:02,831 | INFO  | DNAudit | user=null | ip=null | op=PUT_BLOCK {blockData=[blockId=conID: 1 locID: 102656601978503632 bcsId: 0,size=3145728]} | ret=SUCCESS |  
2019-08-21 19:24:02,831 [grpc-default-executor-5] INFO  client.GrpcClientProtocolClient (GrpcClientProtocolClient.java:onNext(255)) - client-DA9582518C67->1df8bd03-73ef-4b9c-8622-5dc9d0e29c31: receive RaftClientReply:client-DA9582518C67->1df8bd03-73ef-4b9c-8622-5dc9d0e29c31@group-F45402591F47, cid=1213, SUCCESS, logIndex=1653, commits[1df8bd03-73ef-4b9c-8622-5dc9d0e29c31:c1654, 12aca755-ada5-42df-801b-c61f99d8e8b8:c1648, a308b8bf-0324-43a1-a87f-1e10a96e3042:c1650]
2019-08-21 19:24:02,832 [grpc-default-executor-5] INFO  client.GrpcClientProtocolClient (GrpcClientProtocolClient.java:onNext(255)) - client-DA9582518C67->1df8bd03-73ef-4b9c-8622-5dc9d0e29c31: receive RaftClientReply:client-DA9582518C67->1df8bd03-73ef-4b9c-8622-5dc9d0e29c31@group-F45402591F47, cid=1214, SUCCESS, logIndex=1654, commits[1df8bd03-73ef-4b9c-8622-5dc9d0e29c31:c1654, 12aca755-ada5-42df-801b-c61f99d8e8b8:c1650, a308b8bf-0324-43a1-a87f-1e10a96e3042:c1650]
2019-08-21 19:24:02,833 | INFO  | DNAudit | user=null | ip=null | op=WRITE_CHUNK {blockData=conID: 1 locID: 102656601978503632 bcsId: 1648} | ret=SUCCESS |  
2019-08-21 19:24:02,833 | INFO  | DNAudit | user=null | ip=null | op=PUT_BLOCK {blockData=[blockId=conID: 1 locID: 102656601978503632 bcsId: 0,size=3145728]} | ret=SUCCESS |  
2019-08-21 19:24:02,833 | INFO  | DNAudit | user=null | ip=null | op=WRITE_CHUNK {blockData=conID: 1 locID: 102656601978503632 bcsId: 1648} | ret=SUCCESS |  
2019-08-21 19:24:02,833 | INFO  | DNAudit | user=null | ip=null | op=PUT_BLOCK {blockData=[blockId=conID: 1 locID: 102656601978503632 bcsId: 0,size=3145728]} | ret=SUCCESS |  
2019-08-21 19:24:02,837 | INFO  | DNAudit | user=null | ip=null | op=WRITE_CHUNK {blockData=conID: 1 locID: 102656601978503632 bcsId: 1654} | ret=SUCCESS |  
2019-08-21 19:24:02,840 | INFO  | DNAudit | user=null | ip=null | op=WRITE_CHUNK {blockData=conID: 1 locID: 102656601978503632 bcsId: 1654} | ret=SUCCESS |  
2019-08-21 19:24:02,841 | INFO  | DNAudit | user=null | ip=null | op=WRITE_CHUNK {blockData=conID: 1 locID: 102656601978503632 bcsId: 1654} | ret=SUCCESS |  
2019-08-21 19:24:02,852 | INFO  | DNAudit | user=null | ip=null | op=WRITE_CHUNK {blockData=conID: 1 locID: 102656601978503632 bcsId: 1654} | ret=SUCCESS |  
2019-08-21 19:24:02,852 | INFO  | DNAudit | user=null | ip=null | op=PUT_BLOCK {blockData=[blockId=conID: 1 locID: 102656601978503632 bcsId: 0,size=4194304]} | ret=SUCCESS |  
2019-08-21 19:24:02,853 [grpc-default-executor-6] INFO  client.GrpcClientProtocolClient (GrpcClientProtocolClient.java:onNext(255)) - client-DA9582518C67->1df8bd03-73ef-4b9c-8622-5dc9d0e29c31: receive RaftClientReply:client-DA9582518C67->1df8bd03-73ef-4b9c-8622-5dc9d0e29c31@group-F45402591F47, cid=1215, SUCCESS, logIndex=1656, commits[1df8bd03-73ef-4b9c-8622-5dc9d0e29c31:c1657, 12aca755-ada5-42df-801b-c61f99d8e8b8:c1655, a308b8bf-0324-43a1-a87f-1e10a96e3042:c1655]
2019-08-21 19:24:02,853 [grpc-default-executor-6] INFO  client.GrpcClientProtocolClient (GrpcClientProtocolClient.java:onNext(255)) - client-DA9582518C67->1df8bd03-73ef-4b9c-8622-5dc9d0e29c31: receive RaftClientReply:client-DA9582518C67->1df8bd03-73ef-4b9c-8622-5dc9d0e29c31@group-F45402591F47, cid=1216, SUCCESS, logIndex=1657, commits[1df8bd03-73ef-4b9c-8622-5dc9d0e29c31:c1657, 12aca755-ada5-42df-801b-c61f99d8e8b8:c1655, a308b8bf-0324-43a1-a87f-1e10a96e3042:c1655]
2019-08-21 19:24:02,863 | INFO  | DNAudit | user=null | ip=null | op=WRITE_CHUNK {blockData=conID: 1 locID: 102656601978503632 bcsId: 1654} | ret=SUCCESS |  
2019-08-21 19:24:02,863 | INFO  | DNAudit | user=null | ip=null | op=WRITE_CHUNK {blockData=conID: 1 locID: 102656601978503632 bcsId: 1654} | ret=SUCCESS |  
2019-08-21 19:24:02,864 | INFO  | DNAudit | user=null | ip=null | op=PUT_BLOCK {blockData=[blockId=conID: 1 locID: 102656601978503632 bcsId: 0,size=4194304]} | ret=SUCCESS |  
2019-08-21 19:24:02,864 | INFO  | DNAudit | user=null | ip=null | op=PUT_BLOCK {blockData=[blockId=conID: 1 locID: 102656601978503632 bcsId: 0,size=4194304]} | ret=SUCCESS |  
2019-08-21 19:24:02,865 [grpc-default-executor-0] INFO  client.GrpcClientProtocolClient (GrpcClientProtocolClient.java:onNext(255)) - client-DA9582518C67->1df8bd03-73ef-4b9c-8622-5dc9d0e29c31: receive RaftClientReply:client-DA9582518C67->1df8bd03-73ef-4b9c-8622-5dc9d0e29c31@group-F45402591F47, cid=1217, SUCCESS, logIndex=0, commits[1df8bd03-73ef-4b9c-8622-5dc9d0e29c31:c1659, 12aca755-ada5-42df-801b-c61f99d8e8b8:c1657, a308b8bf-0324-43a1-a87f-1e10a96e3042:c1657]
2019-08-21 19:24:02,872 | INFO  | DNAudit | user=null | ip=null | op=WRITE_CHUNK {blockData=conID: 2 locID: 102656601978503633 bcsId: 0} | ret=SUCCESS |  
2019-08-21 19:24:02,873 | INFO  | DNAudit | user=null | ip=null | op=WRITE_CHUNK {blockData=conID: 2 locID: 102656601978503633 bcsId: 0} | ret=SUCCESS |  
2019-08-21 19:24:02,874 | INFO  | DNAudit | user=null | ip=null | op=WRITE_CHUNK {blockData=conID: 2 locID: 102656601978503633 bcsId: 0} | ret=SUCCESS |  
2019-08-21 19:24:02,875 | INFO  | DNAudit | user=null | ip=null | op=WRITE_CHUNK {blockData=conID: 2 locID: 102656601978503633 bcsId: 0} | ret=SUCCESS |  
2019-08-21 19:24:02,876 | INFO  | DNAudit | user=null | ip=null | op=WRITE_CHUNK {blockData=conID: 2 locID: 102656601978503633 bcsId: 0} | ret=SUCCESS |  
2019-08-21 19:24:02,876 | INFO  | DNAudit | user=null | ip=null | op=WRITE_CHUNK {blockData=conID: 2 locID: 102656601978503633 bcsId: 0} | ret=SUCCESS |  
2019-08-21 19:24:02,878 | INFO  | DNAudit | user=null | ip=null | op=WRITE_CHUNK {blockData=conID: 2 locID: 102656601978503633 bcsId: 0} | ret=SUCCESS |  
2019-08-21 19:24:02,878 | INFO  | DNAudit | user=null | ip=null | op=PUT_BLOCK {blockData=[blockId=conID: 2 locID: 102656601978503633 bcsId: 0,size=1048576]} | ret=SUCCESS |  
2019-08-21 19:24:02,878 | INFO  | DNAudit | user=null | ip=null | op=WRITE_CHUNK {blockData=conID: 2 locID: 102656601978503633 bcsId: 0} | ret=SUCCESS |  
2019-08-21 19:24:02,878 [grpc-default-executor-0] INFO  client.GrpcClientProtocolClient (GrpcClientProtocolClient.java:onNext(255)) - client-DA9582518C67->1df8bd03-73ef-4b9c-8622-5dc9d0e29c31: receive RaftClientReply:client-DA9582518C67->1df8bd03-73ef-4b9c-8622-5dc9d0e29c31@group-F45402591F47, cid=1218, SUCCESS, logIndex=1660, commits[1df8bd03-73ef-4b9c-8622-5dc9d0e29c31:c1661, 12aca755-ada5-42df-801b-c61f99d8e8b8:c1659, a308b8bf-0324-43a1-a87f-1e10a96e3042:c1657]
2019-08-21 19:24:02,879 | INFO  | DNAudit | user=null | ip=null | op=PUT_BLOCK {blockData=[blockId=conID: 2 locID: 102656601978503633 bcsId: 0,size=2097152]} | ret=SUCCESS |  
2019-08-21 19:24:02,879 [grpc-default-executor-0] INFO  client.GrpcClientProtocolClient (GrpcClientProtocolClient.java:onNext(255)) - client-DA9582518C67->1df8bd03-73ef-4b9c-8622-5dc9d0e29c31: receive RaftClientReply:client-DA9582518C67->1df8bd03-73ef-4b9c-8622-5dc9d0e29c31@group-F45402591F47, cid=1219, SUCCESS, logIndex=1661, commits[1df8bd03-73ef-4b9c-8622-5dc9d0e29c31:c1662, 12aca755-ada5-42df-801b-c61f99d8e8b8:c1659, a308b8bf-0324-43a1-a87f-1e10a96e3042:c1659]
2019-08-21 19:24:02,879 [grpc-default-executor-0] INFO  client.GrpcClientProtocolClient (GrpcClientProtocolClient.java:onNext(255)) - client-DA9582518C67->1df8bd03-73ef-4b9c-8622-5dc9d0e29c31: receive RaftClientReply:client-DA9582518C67->1df8bd03-73ef-4b9c-8622-5dc9d0e29c31@group-F45402591F47, cid=1220, SUCCESS, logIndex=1662, commits[1df8bd03-73ef-4b9c-8622-5dc9d0e29c31:c1663, 12aca755-ada5-42df-801b-c61f99d8e8b8:c1659, a308b8bf-0324-43a1-a87f-1e10a96e3042:c1659]
2019-08-21 19:24:02,880 [grpc-default-executor-0] INFO  client.GrpcClientProtocolClient (GrpcClientProtocolClient.java:onNext(255)) - client-DA9582518C67->1df8bd03-73ef-4b9c-8622-5dc9d0e29c31: receive RaftClientReply:client-DA9582518C67->1df8bd03-73ef-4b9c-8622-5dc9d0e29c31@group-F45402591F47, cid=1221, SUCCESS, logIndex=1663, commits[1df8bd03-73ef-4b9c-8622-5dc9d0e29c31:c1663, 12aca755-ada5-42df-801b-c61f99d8e8b8:c1659, a308b8bf-0324-43a1-a87f-1e10a96e3042:c1659]
2019-08-21 19:24:02,882 | INFO  | DNAudit | user=null | ip=null | op=WRITE_CHUNK {blockData=conID: 2 locID: 102656601978503633 bcsId: 0} | ret=SUCCESS |  
2019-08-21 19:24:02,882 | INFO  | DNAudit | user=null | ip=null | op=WRITE_CHUNK {blockData=conID: 2 locID: 102656601978503633 bcsId: 0} | ret=SUCCESS |  
2019-08-21 19:24:02,882 | INFO  | DNAudit | user=null | ip=null | op=PUT_BLOCK {blockData=[blockId=conID: 2 locID: 102656601978503633 bcsId: 0,size=1048576]} | ret=SUCCESS |  
2019-08-21 19:24:02,882 | INFO  | DNAudit | user=null | ip=null | op=PUT_BLOCK {blockData=[blockId=conID: 2 locID: 102656601978503633 bcsId: 0,size=1048576]} | ret=SUCCESS |  
2019-08-21 19:24:02,882 [grpc-default-executor-4] INFO  client.GrpcClientProtocolClient (GrpcClientProtocolClient.java:onNext(255)) - client-DA9582518C67->1df8bd03-73ef-4b9c-8622-5dc9d0e29c31: receive RaftClientReply:client-DA9582518C67->1df8bd03-73ef-4b9c-8622-5dc9d0e29c31@group-F45402591F47, cid=1222, SUCCESS, logIndex=0, commits[1df8bd03-73ef-4b9c-8622-5dc9d0e29c31:c1664, 12aca755-ada5-42df-801b-c61f99d8e8b8:c1661, a308b8bf-0324-43a1-a87f-1e10a96e3042:c1661]
2019-08-21 19:24:02,888 | INFO  | DNAudit | user=null | ip=null | op=WRITE_CHUNK {blockData=conID: 2 locID: 102656601978503633 bcsId: 1663} | ret=SUCCESS |  
2019-08-21 19:24:02,891 | INFO  | DNAudit | user=null | ip=null | op=WRITE_CHUNK {blockData=conID: 2 locID: 102656601978503633 bcsId: 1663} | ret=SUCCESS |  
2019-08-21 19:24:02,891 | INFO  | DNAudit | user=null | ip=null | op=WRITE_CHUNK {blockData=conID: 2 locID: 102656601978503633 bcsId: 1663} | ret=SUCCESS |  
2019-08-21 19:24:02,893 | INFO  | DNAudit | user=null | ip=null | op=WRITE_CHUNK {blockData=conID: 2 locID: 102656601978503633 bcsId: 0} | ret=SUCCESS |  
2019-08-21 19:24:02,893 | INFO  | DNAudit | user=null | ip=null | op=WRITE_CHUNK {blockData=conID: 2 locID: 102656601978503633 bcsId: 0} | ret=SUCCESS |  
2019-08-21 19:24:02,894 | INFO  | DNAudit | user=null | ip=null | op=PUT_BLOCK {blockData=[blockId=conID: 2 locID: 102656601978503633 bcsId: 0,size=2097152]} | ret=SUCCESS |  
2019-08-21 19:24:02,894 | INFO  | DNAudit | user=null | ip=null | op=PUT_BLOCK {blockData=[blockId=conID: 2 locID: 102656601978503633 bcsId: 0,size=2097152]} | ret=SUCCESS |  
2019-08-21 19:24:02,895 | INFO  | DNAudit | user=null | ip=null | op=WRITE_CHUNK {blockData=conID: 2 locID: 102656601978503633 bcsId: 1663} | ret=SUCCESS |  
2019-08-21 19:24:02,895 | INFO  | DNAudit | user=null | ip=null | op=PUT_BLOCK {blockData=[blockId=conID: 2 locID: 102656601978503633 bcsId: 0,size=3145728]} | ret=SUCCESS |  
2019-08-21 19:24:02,895 [grpc-default-executor-0] INFO  client.GrpcClientProtocolClient (GrpcClientProtocolClient.java:onNext(255)) - client-DA9582518C67->1df8bd03-73ef-4b9c-8622-5dc9d0e29c31: receive RaftClientReply:client-DA9582518C67->1df8bd03-73ef-4b9c-8622-5dc9d0e29c31@group-F45402591F47, cid=1223, SUCCESS, logIndex=1668, commits[1df8bd03-73ef-4b9c-8622-5dc9d0e29c31:c1669, 12aca755-ada5-42df-801b-c61f99d8e8b8:c1663, a308b8bf-0324-43a1-a87f-1e10a96e3042:c1665]
2019-08-21 19:24:02,895 [grpc-default-executor-0] INFO  client.GrpcClientProtocolClient (GrpcClientProtocolClient.java:onNext(255)) - client-DA9582518C67->1df8bd03-73ef-4b9c-8622-5dc9d0e29c31: receive RaftClientReply:client-DA9582518C67->1df8bd03-73ef-4b9c-8622-5dc9d0e29c31@group-F45402591F47, cid=1224, SUCCESS, logIndex=1669, commits[1df8bd03-73ef-4b9c-8622-5dc9d0e29c31:c1669, 12aca755-ada5-42df-801b-c61f99d8e8b8:c1665, a308b8bf-0324-43a1-a87f-1e10a96e3042:c1665]
2019-08-21 19:24:02,896 | INFO  | DNAudit | user=null | ip=null | op=WRITE_CHUNK {blockData=conID: 2 locID: 102656601978503633 bcsId: 1663} | ret=SUCCESS |  
2019-08-21 19:24:02,896 | INFO  | DNAudit | user=null | ip=null | op=WRITE_CHUNK {blockData=conID: 2 locID: 102656601978503633 bcsId: 1663} | ret=SUCCESS |  
2019-08-21 19:24:02,896 | INFO  | DNAudit | user=null | ip=null | op=PUT_BLOCK {blockData=[blockId=conID: 2 locID: 102656601978503633 bcsId: 0,size=3145728]} | ret=SUCCESS |  
2019-08-21 19:24:02,896 | INFO  | DNAudit | user=null | ip=null | op=PUT_BLOCK {blockData=[blockId=conID: 2 locID: 102656601978503633 bcsId: 0,size=3145728]} | ret=SUCCESS |  
2019-08-21 19:24:02,901 | INFO  | DNAudit | user=null | ip=null | op=WRITE_CHUNK {blockData=conID: 2 locID: 102656601978503633 bcsId: 1669} | ret=SUCCESS |  
2019-08-21 19:24:02,903 | INFO  | DNAudit | user=null | ip=null | op=WRITE_CHUNK {blockData=conID: 2 locID: 102656601978503633 bcsId: 1669} | ret=SUCCESS |  
2019-08-21 19:24:02,903 | INFO  | DNAudit | user=null | ip=null | op=WRITE_CHUNK {blockData=conID: 2 locID: 102656601978503633 bcsId: 1669} | ret=SUCCESS |  
2019-08-21 19:24:02,911 | INFO  | DNAudit | user=null | ip=null | op=WRITE_CHUNK {blockData=conID: 2 locID: 102656601978503633 bcsId: 1669} | ret=SUCCESS |  
2019-08-21 19:24:02,912 | INFO  | DNAudit | user=null | ip=null | op=PUT_BLOCK {blockData=[blockId=conID: 2 locID: 102656601978503633 bcsId: 0,size=4194304]} | ret=SUCCESS |  
2019-08-21 19:24:02,912 [grpc-default-executor-2] INFO  client.GrpcClientProtocolClient (GrpcClientProtocolClient.java:onNext(255)) - client-DA9582518C67->1df8bd03-73ef-4b9c-8622-5dc9d0e29c31: receive RaftClientReply:client-DA9582518C67->1df8bd03-73ef-4b9c-8622-5dc9d0e29c31@group-F45402591F47, cid=1225, SUCCESS, logIndex=1672, commits[1df8bd03-73ef-4b9c-8622-5dc9d0e29c31:c1673, 12aca755-ada5-42df-801b-c61f99d8e8b8:c1671, a308b8bf-0324-43a1-a87f-1e10a96e3042:c1671]
2019-08-21 19:24:02,912 [grpc-default-executor-2] INFO  client.GrpcClientProtocolClient (GrpcClientProtocolClient.java:onNext(255)) - client-DA9582518C67->1df8bd03-73ef-4b9c-8622-5dc9d0e29c31: receive RaftClientReply:client-DA9582518C67->1df8bd03-73ef-4b9c-8622-5dc9d0e29c31@group-F45402591F47, cid=1226, SUCCESS, logIndex=1673, commits[1df8bd03-73ef-4b9c-8622-5dc9d0e29c31:c1673, 12aca755-ada5-42df-801b-c61f99d8e8b8:c1671, a308b8bf-0324-43a1-a87f-1e10a96e3042:c1671]
2019-08-21 19:24:02,922 | INFO  | DNAudit | user=null | ip=null | op=WRITE_CHUNK {blockData=conID: 2 locID: 102656601978503633 bcsId: 1669} | ret=SUCCESS |  
2019-08-21 19:24:02,923 | INFO  | DNAudit | user=null | ip=null | op=WRITE_CHUNK {blockData=conID: 2 locID: 102656601978503633 bcsId: 1669} | ret=SUCCESS |  
2019-08-21 19:24:02,923 | INFO  | DNAudit | user=null | ip=null | op=PUT_BLOCK {blockData=[blockId=conID: 2 locID: 102656601978503633 bcsId: 0,size=4194304]} | ret=SUCCESS |  
2019-08-21 19:24:02,934 | INFO  | DNAudit | user=null | ip=null | op=PUT_BLOCK {blockData=[blockId=conID: 2 locID: 102656601978503633 bcsId: 0,size=4194304]} | ret=SUCCESS |  
2019-08-21 19:24:02,934 [grpc-default-executor-4] INFO  client.GrpcClientProtocolClient (GrpcClientProtocolClient.java:onNext(255)) - client-DA9582518C67->1df8bd03-73ef-4b9c-8622-5dc9d0e29c31: receive RaftClientReply:client-DA9582518C67->1df8bd03-73ef-4b9c-8622-5dc9d0e29c31@group-F45402591F47, cid=1227, SUCCESS, logIndex=0, commits[1df8bd03-73ef-4b9c-8622-5dc9d0e29c31:c1674, 12aca755-ada5-42df-801b-c61f99d8e8b8:c1673, a308b8bf-0324-43a1-a87f-1e10a96e3042:c1673]
2019-08-21 19:24:02,942 | INFO  | DNAudit | user=null | ip=null | op=WRITE_CHUNK {blockData=conID: 3 locID: 102656601978503634 bcsId: 0} | ret=SUCCESS |  
2019-08-21 19:24:02,944 | INFO  | DNAudit | user=null | ip=null | op=WRITE_CHUNK {blockData=conID: 3 locID: 102656601978503634 bcsId: 0} | ret=SUCCESS |  
2019-08-21 19:24:02,945 | INFO  | DNAudit | user=null | ip=null | op=WRITE_CHUNK {blockData=conID: 3 locID: 102656601978503634 bcsId: 0} | ret=SUCCESS |  
2019-08-21 19:24:02,946 | INFO  | SCMAudit | user=jenkins1000 | ip=192.168.69.88 | op=SEND_HEARTBEAT {datanodeUUID=a308b8bf-0324-43a1-a87f-1e10a96e3042, command=[]} | ret=SUCCESS |  
2019-08-21 19:24:02,946 | INFO  | SCMAudit | user=jenkins1000 | ip=192.168.69.88 | op=SEND_HEARTBEAT {datanodeUUID=1df8bd03-73ef-4b9c-8622-5dc9d0e29c31, command=[]} | ret=SUCCESS |  
2019-08-21 19:24:02,946 | INFO  | SCMAudit | user=jenkins1000 | ip=192.168.69.88 | op=SEND_HEARTBEAT {datanodeUUID=12aca755-ada5-42df-801b-c61f99d8e8b8, command=[]} | ret=SUCCESS |  
2019-08-21 19:24:02,957 | INFO  | DNAudit | user=null | ip=null | op=WRITE_CHUNK {blockData=conID: 3 locID: 102656601978503634 bcsId: 0} | ret=SUCCESS |  
2019-08-21 19:24:02,958 | INFO  | DNAudit | user=null | ip=null | op=WRITE_CHUNK {blockData=conID: 3 locID: 102656601978503634 bcsId: 0} | ret=SUCCESS |  
2019-08-21 19:24:02,958 | INFO  | DNAudit | user=null | ip=null | op=WRITE_CHUNK {blockData=conID: 3 locID: 102656601978503634 bcsId: 0} | ret=SUCCESS |  
2019-08-21 19:24:02,972 | INFO  | DNAudit | user=null | ip=null | op=WRITE_CHUNK {blockData=conID: 3 locID: 102656601978503634 bcsId: 0} | ret=SUCCESS |  
2019-08-21 19:24:02,972 | INFO  | DNAudit | user=null | ip=null | op=PUT_BLOCK {blockData=[blockId=conID: 3 locID: 102656601978503634 bcsId: 0,size=1048576]} | ret=SUCCESS |  
2019-08-21 19:24:02,972 [grpc-default-executor-0] INFO  client.GrpcClientProtocolClient (GrpcClientProtocolClient.java:onNext(255)) - client-DA9582518C67->1df8bd03-73ef-4b9c-8622-5dc9d0e29c31: receive RaftClientReply:client-DA9582518C67->1df8bd03-73ef-4b9c-8622-5dc9d0e29c31@group-F45402591F47, cid=1228, SUCCESS, logIndex=1676, commits[1df8bd03-73ef-4b9c-8622-5dc9d0e29c31:c1677, 12aca755-ada5-42df-801b-c61f99d8e8b8:c1675, a308b8bf-0324-43a1-a87f-1e10a96e3042:c1675]
2019-08-21 19:24:02,972 | INFO  | DNAudit | user=null | ip=null | op=WRITE_CHUNK {blockData=conID: 3 locID: 102656601978503634 bcsId: 0} | ret=SUCCESS |  
2019-08-21 19:24:02,973 | INFO  | DNAudit | user=null | ip=null | op=PUT_BLOCK {blockData=[blockId=conID: 3 locID: 102656601978503634 bcsId: 0,size=2097152]} | ret=SUCCESS |  
2019-08-21 19:24:02,973 [grpc-default-executor-0] INFO  client.GrpcClientProtocolClient (GrpcClientProtocolClient.java:onNext(255)) - client-DA9582518C67->1df8bd03-73ef-4b9c-8622-5dc9d0e29c31: receive RaftClientReply:client-DA9582518C67->1df8bd03-73ef-4b9c-8622-5dc9d0e29c31@group-F45402591F47, cid=1229, SUCCESS, logIndex=1677, commits[1df8bd03-73ef-4b9c-8622-5dc9d0e29c31:c1679, 12aca755-ada5-42df-801b-c61f99d8e8b8:c1675, a308b8bf-0324-43a1-a87f-1e10a96e3042:c1675]
2019-08-21 19:24:02,973 [grpc-default-executor-0] INFO  client.GrpcClientProtocolClient (GrpcClientProtocolClient.java:onNext(255)) - client-DA9582518C67->1df8bd03-73ef-4b9c-8622-5dc9d0e29c31: receive RaftClientReply:client-DA9582518C67->1df8bd03-73ef-4b9c-8622-5dc9d0e29c31@group-F45402591F47, cid=1230, SUCCESS, logIndex=1678, commits[1df8bd03-73ef-4b9c-8622-5dc9d0e29c31:c1679, 12aca755-ada5-42df-801b-c61f99d8e8b8:c1675, a308b8bf-0324-43a1-a87f-1e10a96e3042:c1675]
2019-08-21 19:24:02,973 [grpc-default-executor-0] INFO  client.GrpcClientProtocolClient (GrpcClientProtocolClient.java:onNext(255)) - client-DA9582518C67->1df8bd03-73ef-4b9c-8622-5dc9d0e29c31: receive RaftClientReply:client-DA9582518C67->1df8bd03-73ef-4b9c-8622-5dc9d0e29c31@group-F45402591F47, cid=1231, SUCCESS, logIndex=1679, commits[1df8bd03-73ef-4b9c-8622-5dc9d0e29c31:c1679, 12aca755-ada5-42df-801b-c61f99d8e8b8:c1675, a308b8bf-0324-43a1-a87f-1e10a96e3042:c1675]
2019-08-21 19:24:02,991 | INFO  | DNAudit | user=null | ip=null | op=WRITE_CHUNK {blockData=conID: 3 locID: 102656601978503634 bcsId: 0} | ret=SUCCESS |  
2019-08-21 19:24:02,991 | INFO  | DNAudit | user=null | ip=null | op=WRITE_CHUNK {blockData=conID: 3 locID: 102656601978503634 bcsId: 0} | ret=SUCCESS |  
2019-08-21 19:24:02,991 | INFO  | DNAudit | user=null | ip=null | op=PUT_BLOCK {blockData=[blockId=conID: 3 locID: 102656601978503634 bcsId: 0,size=1048576]} | ret=SUCCESS |  
2019-08-21 19:24:03,000 | INFO  | DNAudit | user=null | ip=null | op=PUT_BLOCK {blockData=[blockId=conID: 3 locID: 102656601978503634 bcsId: 0,size=1048576]} | ret=SUCCESS |  
2019-08-21 19:24:03,000 | INFO  | DNAudit | user=null | ip=null | op=WRITE_CHUNK {blockData=conID: 3 locID: 102656601978503634 bcsId: 0} | ret=SUCCESS |  
2019-08-21 19:24:03,001 | INFO  | DNAudit | user=null | ip=null | op=WRITE_CHUNK {blockData=conID: 3 locID: 102656601978503634 bcsId: 0} | ret=SUCCESS |  
2019-08-21 19:24:03,001 | INFO  | DNAudit | user=null | ip=null | op=PUT_BLOCK {blockData=[blockId=conID: 3 locID: 102656601978503634 bcsId: 0,size=2097152]} | ret=SUCCESS |  
2019-08-21 19:24:03,001 [grpc-default-executor-0] INFO  client.GrpcClientProtocolClient (GrpcClientProtocolClient.java:onNext(255)) - client-DA9582518C67->1df8bd03-73ef-4b9c-8622-5dc9d0e29c31: receive RaftClientReply:client-DA9582518C67->1df8bd03-73ef-4b9c-8622-5dc9d0e29c31@group-F45402591F47, cid=1232, SUCCESS, logIndex=0, commits[1df8bd03-73ef-4b9c-8622-5dc9d0e29c31:c1680, 12aca755-ada5-42df-801b-c61f99d8e8b8:c1677, a308b8bf-0324-43a1-a87f-1e10a96e3042:c1677]
2019-08-21 19:24:03,001 | INFO  | DNAudit | user=null | ip=null | op=PUT_BLOCK {blockData=[blockId=conID: 3 locID: 102656601978503634 bcsId: 0,size=2097152]} | ret=SUCCESS |  
2019-08-21 19:24:03,009 | INFO  | DNAudit | user=null | ip=null | op=WRITE_CHUNK {blockData=conID: 3 locID: 102656601978503634 bcsId: 1679} | ret=SUCCESS |  
2019-08-21 19:24:03,010 | INFO  | DNAudit | user=null | ip=null | op=WRITE_CHUNK {blockData=conID: 3 locID: 102656601978503634 bcsId: 1679} | ret=SUCCESS |  
2019-08-21 19:24:03,011 | INFO  | DNAudit | user=null | ip=null | op=WRITE_CHUNK {blockData=conID: 3 locID: 102656601978503634 bcsId: 1679} | ret=SUCCESS |  
2019-08-21 19:24:03,022 | INFO  | DNAudit | user=null | ip=null | op=WRITE_CHUNK {blockData=conID: 3 locID: 102656601978503634 bcsId: 1679} | ret=SUCCESS |  
2019-08-21 19:24:03,022 | INFO  | DNAudit | user=null | ip=null | op=PUT_BLOCK {blockData=[blockId=conID: 3 locID: 102656601978503634 bcsId: 0,size=3145728]} | ret=SUCCESS |  
2019-08-21 19:24:03,023 [grpc-default-executor-2] INFO  client.GrpcClientProtocolClient (GrpcClientProtocolClient.java:onNext(255)) - client-DA9582518C67->1df8bd03-73ef-4b9c-8622-5dc9d0e29c31: receive RaftClientReply:client-DA9582518C67->1df8bd03-73ef-4b9c-8622-5dc9d0e29c31@group-F45402591F47, cid=1233, SUCCESS, logIndex=1684, commits[1df8bd03-73ef-4b9c-8622-5dc9d0e29c31:c1685, 12aca755-ada5-42df-801b-c61f99d8e8b8:c1683, a308b8bf-0324-43a1-a87f-1e10a96e3042:c1683]
2019-08-21 19:24:03,023 [grpc-default-executor-2] INFO  client.GrpcClientProtocolClient (GrpcClientProtocolClient.java:onNext(255)) - client-DA9582518C67->1df8bd03-73ef-4b9c-8622-5dc9d0e29c31: receive RaftClientReply:client-DA9582518C67->1df8bd03-73ef-4b9c-8622-5dc9d0e29c31@group-F45402591F47, cid=1234, SUCCESS, logIndex=1685, commits[1df8bd03-73ef-4b9c-8622-5dc9d0e29c31:c1685, 12aca755-ada5-42df-801b-c61f99d8e8b8:c1683, a308b8bf-0324-43a1-a87f-1e10a96e3042:c1683]
2019-08-21 19:24:03,031 | INFO  | DNAudit | user=null | ip=null | op=WRITE_CHUNK {blockData=conID: 3 locID: 102656601978503634 bcsId: 1685} | ret=SUCCESS |  
2019-08-21 19:24:03,033 | INFO  | DNAudit | user=null | ip=null | op=WRITE_CHUNK {blockData=conID: 3 locID: 102656601978503634 bcsId: 1685} | ret=SUCCESS |  
2019-08-21 19:24:03,034 | INFO  | DNAudit | user=null | ip=null | op=WRITE_CHUNK {blockData=conID: 3 locID: 102656601978503634 bcsId: 1685} | ret=SUCCESS |  
2019-08-21 19:24:03,038 | INFO  | DNAudit | user=null | ip=null | op=WRITE_CHUNK {blockData=conID: 3 locID: 102656601978503634 bcsId: 1679} | ret=SUCCESS |  
2019-08-21 19:24:03,038 | INFO  | DNAudit | user=null | ip=null | op=WRITE_CHUNK {blockData=conID: 3 locID: 102656601978503634 bcsId: 1679} | ret=SUCCESS |  
2019-08-21 19:24:03,038 | INFO  | DNAudit | user=null | ip=null | op=PUT_BLOCK {blockData=[blockId=conID: 3 locID: 102656601978503634 bcsId: 0,size=3145728]} | ret=SUCCESS |  
2019-08-21 19:24:03,038 | INFO  | DNAudit | user=null | ip=null | op=PUT_BLOCK {blockData=[blockId=conID: 3 locID: 102656601978503634 bcsId: 0,size=3145728]} | ret=SUCCESS |  
2019-08-21 19:24:03,047 | INFO  | DNAudit | user=null | ip=null | op=WRITE_CHUNK {blockData=conID: 3 locID: 102656601978503634 bcsId: 1685} | ret=SUCCESS |  
2019-08-21 19:24:03,047 | INFO  | DNAudit | user=null | ip=null | op=PUT_BLOCK {blockData=[blockId=conID: 3 locID: 102656601978503634 bcsId: 0,size=4194304]} | ret=SUCCESS |  
2019-08-21 19:24:03,047 [grpc-default-executor-0] INFO  client.GrpcClientProtocolClient (GrpcClientProtocolClient.java:onNext(255)) - client-DA9582518C67->1df8bd03-73ef-4b9c-8622-5dc9d0e29c31: receive RaftClientReply:client-DA9582518C67->1df8bd03-73ef-4b9c-8622-5dc9d0e29c31@group-F45402591F47, cid=1235, SUCCESS, logIndex=1688, commits[1df8bd03-73ef-4b9c-8622-5dc9d0e29c31:c1689, 12aca755-ada5-42df-801b-c61f99d8e8b8:c1685, a308b8bf-0324-43a1-a87f-1e10a96e3042:c1685]
2019-08-21 19:24:03,048 [grpc-default-executor-0] INFO  client.GrpcClientProtocolClient (GrpcClientProtocolClient.java:onNext(255)) - client-DA9582518C67->1df8bd03-73ef-4b9c-8622-5dc9d0e29c31: receive RaftClientReply:client-DA9582518C67->1df8bd03-73ef-4b9c-8622-5dc9d0e29c31@group-F45402591F47, cid=1236, SUCCESS, logIndex=1689, commits[1df8bd03-73ef-4b9c-8622-5dc9d0e29c31:c1689, 12aca755-ada5-42df-801b-c61f99d8e8b8:c1685, a308b8bf-0324-43a1-a87f-1e10a96e3042:c1685]
2019-08-21 19:24:03,061 | INFO  | DNAudit | user=null | ip=null | op=WRITE_CHUNK {blockData=conID: 3 locID: 102656601978503634 bcsId: 1685} | ret=SUCCESS |  
2019-08-21 19:24:03,061 | INFO  | DNAudit | user=null | ip=null | op=WRITE_CHUNK {blockData=conID: 3 locID: 102656601978503634 bcsId: 1685} | ret=SUCCESS |  
2019-08-21 19:24:03,062 | INFO  | DNAudit | user=null | ip=null | op=PUT_BLOCK {blockData=[blockId=conID: 3 locID: 102656601978503634 bcsId: 0,size=4194304]} | ret=SUCCESS |  
2019-08-21 19:24:03,062 | INFO  | DNAudit | user=null | ip=null | op=PUT_BLOCK {blockData=[blockId=conID: 3 locID: 102656601978503634 bcsId: 0,size=4194304]} | ret=SUCCESS |  
2019-08-21 19:24:03,062 [grpc-default-executor-2] INFO  client.GrpcClientProtocolClient (GrpcClientProtocolClient.java:onNext(255)) - client-DA9582518C67->1df8bd03-73ef-4b9c-8622-5dc9d0e29c31: receive RaftClientReply:client-DA9582518C67->1df8bd03-73ef-4b9c-8622-5dc9d0e29c31@group-F45402591F47, cid=1237, SUCCESS, logIndex=0, commits[1df8bd03-73ef-4b9c-8622-5dc9d0e29c31:c1689, 12aca755-ada5-42df-801b-c61f99d8e8b8:c1689, a308b8bf-0324-43a1-a87f-1e10a96e3042:c1689]
2019-08-21 19:24:03,078 | INFO  | SCMAudit | user=jenkins1000 | ip=192.168.69.88 | op=ALLOCATE_BLOCK {owner=a4b1d482-4fe6-4e71-84a6-a95f4ce3f696, size=4194304, type=RATIS, factor=THREE} | ret=SUCCESS |  
2019-08-21 19:24:03,095 | INFO  | OMAudit | user=jenkins1000 | ip=127.0.0.1 | op=ALLOCATE_BLOCK {volume=vol-0-90666, bucket=bucket-0-29336, key=key-0-94354, dataSize=0, replicationType=null, replicationFactor=null, keyLocationInfo=null, clientID=102656601977389458} | ret=SUCCESS |  
2019-08-21 19:24:03,103 | INFO  | DNAudit | user=null | ip=null | op=WRITE_CHUNK {blockData=conID: 1 locID: 102656602477560275 bcsId: 0} | ret=SUCCESS |  
2019-08-21 19:24:03,107 | INFO  | DNAudit | user=null | ip=null | op=WRITE_CHUNK {blockData=conID: 1 locID: 102656602477560275 bcsId: 0} | ret=SUCCESS |  
2019-08-21 19:24:03,107 | INFO  | DNAudit | user=null | ip=null | op=WRITE_CHUNK {blockData=conID: 1 locID: 102656602477560275 bcsId: 0} | ret=SUCCESS |  
2019-08-21 19:24:03,108 | INFO  | DNAudit | user=null | ip=null | op=WRITE_CHUNK {blockData=conID: 1 locID: 102656602477560275 bcsId: 0} | ret=SUCCESS |  
2019-08-21 19:24:03,110 | INFO  | DNAudit | user=null | ip=null | op=WRITE_CHUNK {blockData=conID: 1 locID: 102656602477560275 bcsId: 0} | ret=SUCCESS |  
2019-08-21 19:24:03,111 | INFO  | DNAudit | user=null | ip=null | op=WRITE_CHUNK {blockData=conID: 1 locID: 102656602477560275 bcsId: 0} | ret=SUCCESS |  
2019-08-21 19:24:03,117 | INFO  | DNAudit | user=null | ip=null | op=WRITE_CHUNK {blockData=conID: 1 locID: 102656602477560275 bcsId: 0} | ret=SUCCESS |  
2019-08-21 19:24:03,118 | INFO  | DNAudit | user=null | ip=null | op=PUT_BLOCK {blockData=[blockId=conID: 1 locID: 102656602477560275 bcsId: 0,size=1048576]} | ret=SUCCESS |  
2019-08-21 19:24:03,118 [grpc-default-executor-2] INFO  client.GrpcClientProtocolClient (GrpcClientProtocolClient.java:onNext(255)) - client-DA9582518C67->1df8bd03-73ef-4b9c-8622-5dc9d0e29c31: receive RaftClientReply:client-DA9582518C67->1df8bd03-73ef-4b9c-8622-5dc9d0e29c31@group-F45402591F47, cid=1238, SUCCESS, logIndex=1692, commits[1df8bd03-73ef-4b9c-8622-5dc9d0e29c31:c1693, 12aca755-ada5-42df-801b-c61f99d8e8b8:c1691, a308b8bf-0324-43a1-a87f-1e10a96e3042:c1691]
2019-08-21 19:24:03,118 [grpc-default-executor-2] INFO  client.GrpcClientProtocolClient (GrpcClientProtocolClient.java:onNext(255)) - client-DA9582518C67->1df8bd03-73ef-4b9c-8622-5dc9d0e29c31: receive RaftClientReply:client-DA9582518C67->1df8bd03-73ef-4b9c-8622-5dc9d0e29c31@group-F45402591F47, cid=1239, SUCCESS, logIndex=1693, commits[1df8bd03-73ef-4b9c-8622-5dc9d0e29c31:c1693, 12aca755-ada5-42df-801b-c61f99d8e8b8:c1691, a308b8bf-0324-43a1-a87f-1e10a96e3042:c1691]
2019-08-21 19:24:03,130 | INFO  | DNAudit | user=null | ip=null | op=WRITE_CHUNK {blockData=conID: 1 locID: 102656602477560275 bcsId: 0} | ret=SUCCESS |  
2019-08-21 19:24:03,130 | INFO  | DNAudit | user=null | ip=null | op=PUT_BLOCK {blockData=[blockId=conID: 1 locID: 102656602477560275 bcsId: 0,size=2097152]} | ret=SUCCESS |  
2019-08-21 19:24:03,131 [grpc-default-executor-0] INFO  client.GrpcClientProtocolClient (GrpcClientProtocolClient.java:onNext(255)) - client-DA9582518C67->1df8bd03-73ef-4b9c-8622-5dc9d0e29c31: receive RaftClientReply:client-DA9582518C67->1df8bd03-73ef-4b9c-8622-5dc9d0e29c31@group-F45402591F47, cid=1240, SUCCESS, logIndex=1694, commits[1df8bd03-73ef-4b9c-8622-5dc9d0e29c31:c1695, 12aca755-ada5-42df-801b-c61f99d8e8b8:c1691, a308b8bf-0324-43a1-a87f-1e10a96e3042:c1691]
2019-08-21 19:24:03,131 [grpc-default-executor-0] INFO  client.GrpcClientProtocolClient (GrpcClientProtocolClient.java:onNext(255)) - client-DA9582518C67->1df8bd03-73ef-4b9c-8622-5dc9d0e29c31: receive RaftClientReply:client-DA9582518C67->1df8bd03-73ef-4b9c-8622-5dc9d0e29c31@group-F45402591F47, cid=1241, SUCCESS, logIndex=1695, commits[1df8bd03-73ef-4b9c-8622-5dc9d0e29c31:c1695, 12aca755-ada5-42df-801b-c61f99d8e8b8:c1691, a308b8bf-0324-43a1-a87f-1e10a96e3042:c1691]
2019-08-21 19:24:03,141 | INFO  | DNAudit | user=null | ip=null | op=WRITE_CHUNK {blockData=conID: 1 locID: 102656602477560275 bcsId: 0} | ret=SUCCESS |  
2019-08-21 19:24:03,141 | INFO  | DNAudit | user=null | ip=null | op=WRITE_CHUNK {blockData=conID: 1 locID: 102656602477560275 bcsId: 0} | ret=SUCCESS |  
2019-08-21 19:24:03,141 | INFO  | DNAudit | user=null | ip=null | op=PUT_BLOCK {blockData=[blockId=conID: 1 locID: 102656602477560275 bcsId: 0,size=1048576]} | ret=SUCCESS |  
2019-08-21 19:24:03,141 | INFO  | DNAudit | user=null | ip=null | op=PUT_BLOCK {blockData=[blockId=conID: 1 locID: 102656602477560275 bcsId: 0,size=1048576]} | ret=SUCCESS |  
2019-08-21 19:24:03,142 [grpc-default-executor-2] INFO  client.GrpcClientProtocolClient (GrpcClientProtocolClient.java:onNext(255)) - client-DA9582518C67->1df8bd03-73ef-4b9c-8622-5dc9d0e29c31: receive RaftClientReply:client-DA9582518C67->1df8bd03-73ef-4b9c-8622-5dc9d0e29c31@group-F45402591F47, cid=1242, SUCCESS, logIndex=0, commits[1df8bd03-73ef-4b9c-8622-5dc9d0e29c31:c1695, 12aca755-ada5-42df-801b-c61f99d8e8b8:c1693, a308b8bf-0324-43a1-a87f-1e10a96e3042:c1693]
2019-08-21 19:24:03,142 | INFO  | DNAudit | user=null | ip=null | op=WRITE_CHUNK {blockData=conID: 1 locID: 102656602477560275 bcsId: 0} | ret=SUCCESS |  
2019-08-21 19:24:03,142 | INFO  | DNAudit | user=null | ip=null | op=PUT_BLOCK {blockData=[blockId=conID: 1 locID: 102656602477560275 bcsId: 0,size=2097152]} | ret=SUCCESS |  
2019-08-21 19:24:03,143 | INFO  | DNAudit | user=null | ip=null | op=WRITE_CHUNK {blockData=conID: 1 locID: 102656602477560275 bcsId: 0} | ret=SUCCESS |  
2019-08-21 19:24:03,143 | INFO  | DNAudit | user=null | ip=null | op=PUT_BLOCK {blockData=[blockId=conID: 1 locID: 102656602477560275 bcsId: 0,size=2097152]} | ret=SUCCESS |  
2019-08-21 19:24:03,148 | INFO  | DNAudit | user=null | ip=null | op=WRITE_CHUNK {blockData=conID: 1 locID: 102656602477560275 bcsId: 1695} | ret=SUCCESS |  
2019-08-21 19:24:03,152 | INFO  | DNAudit | user=null | ip=null | op=WRITE_CHUNK {blockData=conID: 1 locID: 102656602477560275 bcsId: 1695} | ret=SUCCESS |  
2019-08-21 19:24:03,152 | INFO  | DNAudit | user=null | ip=null | op=WRITE_CHUNK {blockData=conID: 1 locID: 102656602477560275 bcsId: 1695} | ret=SUCCESS |  
2019-08-21 19:24:03,161 | INFO  | DNAudit | user=null | ip=null | op=WRITE_CHUNK {blockData=conID: 1 locID: 102656602477560275 bcsId: 1695} | ret=SUCCESS |  
2019-08-21 19:24:03,161 | INFO  | DNAudit | user=null | ip=null | op=PUT_BLOCK {blockData=[blockId=conID: 1 locID: 102656602477560275 bcsId: 0,size=3145728]} | ret=SUCCESS |  
2019-08-21 19:24:03,161 [grpc-default-executor-2] INFO  client.GrpcClientProtocolClient (GrpcClientProtocolClient.java:onNext(255)) - client-DA9582518C67->1df8bd03-73ef-4b9c-8622-5dc9d0e29c31: receive RaftClientReply:client-DA9582518C67->1df8bd03-73ef-4b9c-8622-5dc9d0e29c31@group-F45402591F47, cid=1243, SUCCESS, logIndex=1700, commits[1df8bd03-73ef-4b9c-8622-5dc9d0e29c31:c1701, 12aca755-ada5-42df-801b-c61f99d8e8b8:c1699, a308b8bf-0324-43a1-a87f-1e10a96e3042:c1699]
2019-08-21 19:24:03,162 [grpc-default-executor-2] INFO  client.GrpcClientProtocolClient (GrpcClientProtocolClient.java:onNext(255)) - client-DA9582518C67->1df8bd03-73ef-4b9c-8622-5dc9d0e29c31: receive RaftClientReply:client-DA9582518C67->1df8bd03-73ef-4b9c-8622-5dc9d0e29c31@group-F45402591F47, cid=1244, SUCCESS, logIndex=1701, commits[1df8bd03-73ef-4b9c-8622-5dc9d0e29c31:c1701, 12aca755-ada5-42df-801b-c61f99d8e8b8:c1699, a308b8bf-0324-43a1-a87f-1e10a96e3042:c1699]
2019-08-21 19:24:03,168 | INFO  | DNAudit | user=null | ip=null | op=WRITE_CHUNK {blockData=conID: 1 locID: 102656602477560275 bcsId: 1701} | ret=SUCCESS |  
2019-08-21 19:24:03,170 | INFO  | DNAudit | user=null | ip=null | op=WRITE_CHUNK {blockData=conID: 1 locID: 102656602477560275 bcsId: 1695} | ret=SUCCESS |  
2019-08-21 19:24:03,170 | INFO  | DNAudit | user=null | ip=null | op=WRITE_CHUNK {blockData=conID: 1 locID: 102656602477560275 bcsId: 1695} | ret=SUCCESS |  
2019-08-21 19:24:03,171 | INFO  | DNAudit | user=null | ip=null | op=PUT_BLOCK {blockData=[blockId=conID: 1 locID: 102656602477560275 bcsId: 0,size=3145728]} | ret=SUCCESS |  
2019-08-21 19:24:03,171 | INFO  | DNAudit | user=null | ip=null | op=PUT_BLOCK {blockData=[blockId=conID: 1 locID: 102656602477560275 bcsId: 0,size=3145728]} | ret=SUCCESS |  
2019-08-21 19:24:03,171 | INFO  | DNAudit | user=null | ip=null | op=WRITE_CHUNK {blockData=conID: 1 locID: 102656602477560275 bcsId: 1701} | ret=SUCCESS |  
2019-08-21 19:24:03,172 | INFO  | DNAudit | user=null | ip=null | op=WRITE_CHUNK {blockData=conID: 1 locID: 102656602477560275 bcsId: 1701} | ret=SUCCESS |  
2019-08-21 19:24:03,183 | INFO  | DNAudit | user=null | ip=null | op=WRITE_CHUNK {blockData=conID: 1 locID: 102656602477560275 bcsId: 1701} | ret=SUCCESS |  
2019-08-21 19:24:03,183 | INFO  | DNAudit | user=null | ip=null | op=PUT_BLOCK {blockData=[blockId=conID: 1 locID: 102656602477560275 bcsId: 0,size=4194304]} | ret=SUCCESS |  
2019-08-21 19:24:03,183 [grpc-default-executor-0] INFO  client.GrpcClientProtocolClient (GrpcClientProtocolClient.java:onNext(255)) - client-DA9582518C67->1df8bd03-73ef-4b9c-8622-5dc9d0e29c31: receive RaftClientReply:client-DA9582518C67->1df8bd03-73ef-4b9c-8622-5dc9d0e29c31@group-F45402591F47, cid=1245, SUCCESS, logIndex=1704, commits[1df8bd03-73ef-4b9c-8622-5dc9d0e29c31:c1705, 12aca755-ada5-42df-801b-c61f99d8e8b8:c1701, a308b8bf-0324-43a1-a87f-1e10a96e3042:c1701]
2019-08-21 19:24:03,184 [grpc-default-executor-0] INFO  client.GrpcClientProtocolClient (GrpcClientProtocolClient.java:onNext(255)) - client-DA9582518C67->1df8bd03-73ef-4b9c-8622-5dc9d0e29c31: receive RaftClientReply:client-DA9582518C67->1df8bd03-73ef-4b9c-8622-5dc9d0e29c31@group-F45402591F47, cid=1246, SUCCESS, logIndex=1705, commits[1df8bd03-73ef-4b9c-8622-5dc9d0e29c31:c1705, 12aca755-ada5-42df-801b-c61f99d8e8b8:c1701, a308b8bf-0324-43a1-a87f-1e10a96e3042:c1701]
2019-08-21 19:24:03,186 | INFO  | DNAudit | user=null | ip=null | op=WRITE_CHUNK {blockData=conID: 1 locID: 102656602477560275 bcsId: 1701} | ret=SUCCESS |  
2019-08-21 19:24:03,186 | INFO  | DNAudit | user=null | ip=null | op=WRITE_CHUNK {blockData=conID: 1 locID: 102656602477560275 bcsId: 1701} | ret=SUCCESS |  
2019-08-21 19:24:03,186 | INFO  | DNAudit | user=null | ip=null | op=PUT_BLOCK {blockData=[blockId=conID: 1 locID: 102656602477560275 bcsId: 0,size=4194304]} | ret=SUCCESS |  
2019-08-21 19:24:03,186 | INFO  | DNAudit | user=null | ip=null | op=PUT_BLOCK {blockData=[blockId=conID: 1 locID: 102656602477560275 bcsId: 0,size=4194304]} | ret=SUCCESS |  
2019-08-21 19:24:03,187 [grpc-default-executor-4] INFO  client.GrpcClientProtocolClient (GrpcClientProtocolClient.java:onNext(255)) - client-DA9582518C67->1df8bd03-73ef-4b9c-8622-5dc9d0e29c31: receive RaftClientReply:client-DA9582518C67->1df8bd03-73ef-4b9c-8622-5dc9d0e29c31@group-F45402591F47, cid=1247, SUCCESS, logIndex=0, commits[1df8bd03-73ef-4b9c-8622-5dc9d0e29c31:c1706, 12aca755-ada5-42df-801b-c61f99d8e8b8:c1705, a308b8bf-0324-43a1-a87f-1e10a96e3042:c1705]
2019-08-21 19:24:03,191 | INFO  | SCMAudit | user=jenkins1000 | ip=192.168.69.88 | op=SEND_HEARTBEAT {datanodeUUID=cfaf9666-ca64-459e-bd34-ff7c349f752a, command=[]} | ret=SUCCESS |  
2019-08-21 19:24:03,191 | INFO  | SCMAudit | user=jenkins1000 | ip=192.168.69.88 | op=ALLOCATE_BLOCK {owner=a4b1d482-4fe6-4e71-84a6-a95f4ce3f696, size=4194304, type=RATIS, factor=THREE} | ret=SUCCESS |  
2019-08-21 19:24:03,194 | INFO  | OMAudit | user=jenkins1000 | ip=127.0.0.1 | op=ALLOCATE_BLOCK {volume=vol-0-90666, bucket=bucket-0-29336, key=key-0-94354, dataSize=0, replicationType=null, replicationFactor=null, keyLocationInfo=null, clientID=102656601977389458} | ret=SUCCESS |  
2019-08-21 19:24:03,200 | INFO  | DNAudit | user=null | ip=null | op=WRITE_CHUNK {blockData=conID: 2 locID: 102656602484965844 bcsId: 0} | ret=SUCCESS |  
2019-08-21 19:24:03,202 | INFO  | DNAudit | user=null | ip=null | op=WRITE_CHUNK {blockData=conID: 2 locID: 102656602484965844 bcsId: 0} | ret=SUCCESS |  
2019-08-21 19:24:03,204 | INFO  | DNAudit | user=null | ip=null | op=WRITE_CHUNK {blockData=conID: 2 locID: 102656602484965844 bcsId: 0} | ret=SUCCESS |  
2019-08-21 19:24:03,204 | INFO  | DNAudit | user=null | ip=null | op=WRITE_CHUNK {blockData=conID: 2 locID: 102656602484965844 bcsId: 0} | ret=SUCCESS |  
2019-08-21 19:24:03,206 | INFO  | DNAudit | user=null | ip=null | op=WRITE_CHUNK {blockData=conID: 2 locID: 102656602484965844 bcsId: 0} | ret=SUCCESS |  
2019-08-21 19:24:03,206 | INFO  | DNAudit | user=null | ip=null | op=WRITE_CHUNK {blockData=conID: 2 locID: 102656602484965844 bcsId: 0} | ret=SUCCESS |  
2019-08-21 19:24:03,210 | INFO  | DNAudit | user=null | ip=null | op=WRITE_CHUNK {blockData=conID: 2 locID: 102656602484965844 bcsId: 0} | ret=SUCCESS |  
2019-08-21 19:24:03,211 | INFO  | DNAudit | user=null | ip=null | op=PUT_BLOCK {blockData=[blockId=conID: 2 locID: 102656602484965844 bcsId: 0,size=1048576]} | ret=SUCCESS |  
2019-08-21 19:24:03,211 [grpc-default-executor-2] INFO  client.GrpcClientProtocolClient (GrpcClientProtocolClient.java:onNext(255)) - client-DA9582518C67->1df8bd03-73ef-4b9c-8622-5dc9d0e29c31: receive RaftClientReply:client-DA9582518C67->1df8bd03-73ef-4b9c-8622-5dc9d0e29c31@group-F45402591F47, cid=1248, SUCCESS, logIndex=1708, commits[1df8bd03-73ef-4b9c-8622-5dc9d0e29c31:c1709, 12aca755-ada5-42df-801b-c61f99d8e8b8:c1707, a308b8bf-0324-43a1-a87f-1e10a96e3042:c1707]
2019-08-21 19:24:03,211 | INFO  | DNAudit | user=null | ip=null | op=WRITE_CHUNK {blockData=conID: 2 locID: 102656602484965844 bcsId: 0} | ret=SUCCESS |  
2019-08-21 19:24:03,211 | INFO  | DNAudit | user=null | ip=null | op=PUT_BLOCK {blockData=[blockId=conID: 2 locID: 102656602484965844 bcsId: 0,size=2097152]} | ret=SUCCESS |  
2019-08-21 19:24:03,211 [grpc-default-executor-2] INFO  client.GrpcClientProtocolClient (GrpcClientProtocolClient.java:onNext(255)) - client-DA9582518C67->1df8bd03-73ef-4b9c-8622-5dc9d0e29c31: receive RaftClientReply:client-DA9582518C67->1df8bd03-73ef-4b9c-8622-5dc9d0e29c31@group-F45402591F47, cid=1249, SUCCESS, logIndex=1709, commits[1df8bd03-73ef-4b9c-8622-5dc9d0e29c31:c1709, 12aca755-ada5-42df-801b-c61f99d8e8b8:c1707, a308b8bf-0324-43a1-a87f-1e10a96e3042:c1707]
2019-08-21 19:24:03,212 [grpc-default-executor-2] INFO  client.GrpcClientProtocolClient (GrpcClientProtocolClient.java:onNext(255)) - client-DA9582518C67->1df8bd03-73ef-4b9c-8622-5dc9d0e29c31: receive RaftClientReply:client-DA9582518C67->1df8bd03-73ef-4b9c-8622-5dc9d0e29c31@group-F45402591F47, cid=1250, SUCCESS, logIndex=1710, commits[1df8bd03-73ef-4b9c-8622-5dc9d0e29c31:c1711, 12aca755-ada5-42df-801b-c61f99d8e8b8:c1707, a308b8bf-0324-43a1-a87f-1e10a96e3042:c1707]
2019-08-21 19:24:03,212 [grpc-default-executor-2] INFO  client.GrpcClientProtocolClient (GrpcClientProtocolClient.java:onNext(255)) - client-DA9582518C67->1df8bd03-73ef-4b9c-8622-5dc9d0e29c31: receive RaftClientReply:client-DA9582518C67->1df8bd03-73ef-4b9c-8622-5dc9d0e29c31@group-F45402591F47, cid=1251, SUCCESS, logIndex=1711, commits[1df8bd03-73ef-4b9c-8622-5dc9d0e29c31:c1711, 12aca755-ada5-42df-801b-c61f99d8e8b8:c1707, a308b8bf-0324-43a1-a87f-1e10a96e3042:c1707]
2019-08-21 19:24:03,222 | INFO  | DNAudit | user=null | ip=null | op=WRITE_CHUNK {blockData=conID: 2 locID: 102656602484965844 bcsId: 0} | ret=SUCCESS |  
2019-08-21 19:24:03,223 | INFO  | DNAudit | user=null | ip=null | op=PUT_BLOCK {blockData=[blockId=conID: 2 locID: 102656602484965844 bcsId: 0,size=1048576]} | ret=SUCCESS |  
2019-08-21 19:24:03,224 | INFO  | DNAudit | user=null | ip=null | op=WRITE_CHUNK {blockData=conID: 2 locID: 102656602484965844 bcsId: 0} | ret=SUCCESS |  
2019-08-21 19:24:03,224 | INFO  | DNAudit | user=null | ip=null | op=PUT_BLOCK {blockData=[blockId=conID: 2 locID: 102656602484965844 bcsId: 0,size=1048576]} | ret=SUCCESS |  
2019-08-21 19:24:03,225 | INFO  | DNAudit | user=null | ip=null | op=WRITE_CHUNK {blockData=conID: 2 locID: 102656602484965844 bcsId: 0} | ret=SUCCESS |  
2019-08-21 19:24:03,225 | INFO  | DNAudit | user=null | ip=null | op=PUT_BLOCK {blockData=[blockId=conID: 2 locID: 102656602484965844 bcsId: 0,size=2097152]} | ret=SUCCESS |  
2019-08-21 19:24:03,225 [grpc-default-executor-2] INFO  client.GrpcClientProtocolClient (GrpcClientProtocolClient.java:onNext(255)) - client-DA9582518C67->1df8bd03-73ef-4b9c-8622-5dc9d0e29c31: receive RaftClientReply:client-DA9582518C67->1df8bd03-73ef-4b9c-8622-5dc9d0e29c31@group-F45402591F47, cid=1252, SUCCESS, logIndex=0, commits[1df8bd03-73ef-4b9c-8622-5dc9d0e29c31:c1713, 12aca755-ada5-42df-801b-c61f99d8e8b8:c1709, a308b8bf-0324-43a1-a87f-1e10a96e3042:c1709]
2019-08-21 19:24:03,232 | INFO  | DNAudit | user=null | ip=null | op=WRITE_CHUNK {blockData=conID: 2 locID: 102656602484965844 bcsId: 1711} | ret=SUCCESS |  
2019-08-21 19:24:03,233 | INFO  | DNAudit | user=null | ip=null | op=WRITE_CHUNK {blockData=conID: 2 locID: 102656602484965844 bcsId: 0} | ret=SUCCESS |  
2019-08-21 19:24:03,234 | INFO  | DNAudit | user=null | ip=null | op=PUT_BLOCK {blockData=[blockId=conID: 2 locID: 102656602484965844 bcsId: 0,size=2097152]} | ret=SUCCESS |  
2019-08-21 19:24:03,235 | INFO  | DNAudit | user=null | ip=null | op=WRITE_CHUNK {blockData=conID: 2 locID: 102656602484965844 bcsId: 1711} | ret=SUCCESS |  
2019-08-21 19:24:03,236 | INFO  | DNAudit | user=null | ip=null | op=WRITE_CHUNK {blockData=conID: 2 locID: 102656602484965844 bcsId: 1711} | ret=SUCCESS |  
2019-08-21 19:24:03,246 | INFO  | DNAudit | user=null | ip=null | op=WRITE_CHUNK {blockData=conID: 2 locID: 102656602484965844 bcsId: 1711} | ret=SUCCESS |  
2019-08-21 19:24:03,246 | INFO  | DNAudit | user=null | ip=null | op=PUT_BLOCK {blockData=[blockId=conID: 2 locID: 102656602484965844 bcsId: 0,size=3145728]} | ret=SUCCESS |  
2019-08-21 19:24:03,246 [grpc-default-executor-0] INFO  client.GrpcClientProtocolClient (GrpcClientProtocolClient.java:onNext(255)) - client-DA9582518C67->1df8bd03-73ef-4b9c-8622-5dc9d0e29c31: receive RaftClientReply:client-DA9582518C67->1df8bd03-73ef-4b9c-8622-5dc9d0e29c31@group-F45402591F47, cid=1253, SUCCESS, logIndex=1716, commits[1df8bd03-73ef-4b9c-8622-5dc9d0e29c31:c1717, 12aca755-ada5-42df-801b-c61f99d8e8b8:c1711, a308b8bf-0324-43a1-a87f-1e10a96e3042:c1715]
2019-08-21 19:24:03,247 [grpc-default-executor-0] INFO  client.GrpcClientProtocolClient (GrpcClientProtocolClient.java:onNext(255)) - client-DA9582518C67->1df8bd03-73ef-4b9c-8622-5dc9d0e29c31: receive RaftClientReply:client-DA9582518C67->1df8bd03-73ef-4b9c-8622-5dc9d0e29c31@group-F45402591F47, cid=1254, SUCCESS, logIndex=1717, commits[1df8bd03-73ef-4b9c-8622-5dc9d0e29c31:c1717, 12aca755-ada5-42df-801b-c61f99d8e8b8:c1715, a308b8bf-0324-43a1-a87f-1e10a96e3042:c1715]
2019-08-21 19:24:03,249 | INFO  | DNAudit | user=null | ip=null | op=WRITE_CHUNK {blockData=conID: 2 locID: 102656602484965844 bcsId: 1711} | ret=SUCCESS |  
2019-08-21 19:24:03,250 | INFO  | DNAudit | user=null | ip=null | op=WRITE_CHUNK {blockData=conID: 2 locID: 102656602484965844 bcsId: 1711} | ret=SUCCESS |  
2019-08-21 19:24:03,250 | INFO  | DNAudit | user=null | ip=null | op=PUT_BLOCK {blockData=[blockId=conID: 2 locID: 102656602484965844 bcsId: 0,size=3145728]} | ret=SUCCESS |  
2019-08-21 19:24:03,250 | INFO  | DNAudit | user=null | ip=null | op=PUT_BLOCK {blockData=[blockId=conID: 2 locID: 102656602484965844 bcsId: 0,size=3145728]} | ret=SUCCESS |  
2019-08-21 19:24:03,253 | INFO  | DNAudit | user=null | ip=null | op=WRITE_CHUNK {blockData=conID: 2 locID: 102656602484965844 bcsId: 1717} | ret=SUCCESS |  
2019-08-21 19:24:03,256 | INFO  | DNAudit | user=null | ip=null | op=WRITE_CHUNK {blockData=conID: 2 locID: 102656602484965844 bcsId: 1717} | ret=SUCCESS |  
2019-08-21 19:24:03,256 | INFO  | DNAudit | user=null | ip=null | op=WRITE_CHUNK {blockData=conID: 2 locID: 102656602484965844 bcsId: 1717} | ret=SUCCESS |  
2019-08-21 19:24:03,260 | INFO  | DNAudit | user=null | ip=null | op=WRITE_CHUNK {blockData=conID: 2 locID: 102656602484965844 bcsId: 1717} | ret=SUCCESS |  
2019-08-21 19:24:03,261 | INFO  | DNAudit | user=null | ip=null | op=PUT_BLOCK {blockData=[blockId=conID: 2 locID: 102656602484965844 bcsId: 0,size=4194304]} | ret=SUCCESS |  
2019-08-21 19:24:03,261 [grpc-default-executor-2] INFO  client.GrpcClientProtocolClient (GrpcClientProtocolClient.java:onNext(255)) - client-DA9582518C67->1df8bd03-73ef-4b9c-8622-5dc9d0e29c31: receive RaftClientReply:client-DA9582518C67->1df8bd03-73ef-4b9c-8622-5dc9d0e29c31@group-F45402591F47, cid=1255, SUCCESS, logIndex=1720, commits[1df8bd03-73ef-4b9c-8622-5dc9d0e29c31:c1721, 12aca755-ada5-42df-801b-c61f99d8e8b8:c1717, a308b8bf-0324-43a1-a87f-1e10a96e3042:c1718]
2019-08-21 19:24:03,261 [grpc-default-executor-2] INFO  client.GrpcClientProtocolClient (GrpcClientProtocolClient.java:onNext(255)) - client-DA9582518C67->1df8bd03-73ef-4b9c-8622-5dc9d0e29c31: receive RaftClientReply:client-DA9582518C67->1df8bd03-73ef-4b9c-8622-5dc9d0e29c31@group-F45402591F47, cid=1256, SUCCESS, logIndex=1721, commits[1df8bd03-73ef-4b9c-8622-5dc9d0e29c31:c1721, 12aca755-ada5-42df-801b-c61f99d8e8b8:c1718, a308b8bf-0324-43a1-a87f-1e10a96e3042:c1718]
2019-08-21 19:24:03,262 | INFO  | DNAudit | user=null | ip=null | op=WRITE_CHUNK {blockData=conID: 2 locID: 102656602484965844 bcsId: 1717} | ret=SUCCESS |  
2019-08-21 19:24:03,262 | INFO  | DNAudit | user=null | ip=null | op=WRITE_CHUNK {blockData=conID: 2 locID: 102656602484965844 bcsId: 1717} | ret=SUCCESS |  
2019-08-21 19:24:03,262 | INFO  | DNAudit | user=null | ip=null | op=PUT_BLOCK {blockData=[blockId=conID: 2 locID: 102656602484965844 bcsId: 0,size=4194304]} | ret=SUCCESS |  
2019-08-21 19:24:03,263 | INFO  | DNAudit | user=null | ip=null | op=PUT_BLOCK {blockData=[blockId=conID: 2 locID: 102656602484965844 bcsId: 0,size=4194304]} | ret=SUCCESS |  
2019-08-21 19:24:03,264 [grpc-default-executor-2] INFO  client.GrpcClientProtocolClient (GrpcClientProtocolClient.java:onNext(255)) - client-DA9582518C67->1df8bd03-73ef-4b9c-8622-5dc9d0e29c31: receive RaftClientReply:client-DA9582518C67->1df8bd03-73ef-4b9c-8622-5dc9d0e29c31@group-F45402591F47, cid=1257, SUCCESS, logIndex=0, commits[1df8bd03-73ef-4b9c-8622-5dc9d0e29c31:c1723, 12aca755-ada5-42df-801b-c61f99d8e8b8:c1721, a308b8bf-0324-43a1-a87f-1e10a96e3042:c1721]
2019-08-21 19:24:03,268 | INFO  | SCMAudit | user=jenkins1000 | ip=192.168.69.88 | op=ALLOCATE_BLOCK {owner=a4b1d482-4fe6-4e71-84a6-a95f4ce3f696, size=4194304, type=RATIS, factor=THREE} | ret=SUCCESS |  
2019-08-21 19:24:03,270 | INFO  | OMAudit | user=jenkins1000 | ip=127.0.0.1 | op=ALLOCATE_BLOCK {volume=vol-0-90666, bucket=bucket-0-29336, key=key-0-94354, dataSize=0, replicationType=null, replicationFactor=null, keyLocationInfo=null, clientID=102656601977389458} | ret=SUCCESS |  
2019-08-21 19:24:03,277 | INFO  | DNAudit | user=null | ip=null | op=WRITE_CHUNK {blockData=conID: 3 locID: 102656602490012117 bcsId: 0} | ret=SUCCESS |  
2019-08-21 19:24:03,280 | INFO  | DNAudit | user=null | ip=null | op=WRITE_CHUNK {blockData=conID: 3 locID: 102656602490012117 bcsId: 0} | ret=SUCCESS |  
2019-08-21 19:24:03,280 | INFO  | DNAudit | user=null | ip=null | op=WRITE_CHUNK {blockData=conID: 3 locID: 102656602490012117 bcsId: 0} | ret=SUCCESS |  
2019-08-21 19:24:03,280 | INFO  | DNAudit | user=null | ip=null | op=WRITE_CHUNK {blockData=conID: 3 locID: 102656602490012117 bcsId: 0} | ret=SUCCESS |  
2019-08-21 19:24:03,282 | INFO  | DNAudit | user=null | ip=null | op=WRITE_CHUNK {blockData=conID: 3 locID: 102656602490012117 bcsId: 0} | ret=SUCCESS |  
2019-08-21 19:24:03,282 | INFO  | DNAudit | user=null | ip=null | op=WRITE_CHUNK {blockData=conID: 3 locID: 102656602490012117 bcsId: 0} | ret=SUCCESS |  
2019-08-21 19:24:03,289 | INFO  | DNAudit | user=null | ip=null | op=WRITE_CHUNK {blockData=conID: 3 locID: 102656602490012117 bcsId: 0} | ret=SUCCESS |  
2019-08-21 19:24:03,290 | INFO  | DNAudit | user=null | ip=null | op=PUT_BLOCK {blockData=[blockId=conID: 3 locID: 102656602490012117 bcsId: 0,size=1048576]} | ret=SUCCESS |  
2019-08-21 19:24:03,290 [grpc-default-executor-0] INFO  client.GrpcClientProtocolClient (GrpcClientProtocolClient.java:onNext(255)) - client-DA9582518C67->1df8bd03-73ef-4b9c-8622-5dc9d0e29c31: receive RaftClientReply:client-DA9582518C67->1df8bd03-73ef-4b9c-8622-5dc9d0e29c31@group-F45402591F47, cid=1258, SUCCESS, logIndex=1724, commits[1df8bd03-73ef-4b9c-8622-5dc9d0e29c31:c1727, 12aca755-ada5-42df-801b-c61f99d8e8b8:c1723, a308b8bf-0324-43a1-a87f-1e10a96e3042:c1723]
2019-08-21 19:24:03,290 | INFO  | DNAudit | user=null | ip=null | op=WRITE_CHUNK {blockData=conID: 3 locID: 102656602490012117 bcsId: 0} | ret=SUCCESS |  
2019-08-21 19:24:03,290 | INFO  | DNAudit | user=null | ip=null | op=PUT_BLOCK {blockData=[blockId=conID: 3 locID: 102656602490012117 bcsId: 0,size=2097152]} | ret=SUCCESS |  
2019-08-21 19:24:03,290 [grpc-default-executor-0] INFO  client.GrpcClientProtocolClient (GrpcClientProtocolClient.java:onNext(255)) - client-DA9582518C67->1df8bd03-73ef-4b9c-8622-5dc9d0e29c31: receive RaftClientReply:client-DA9582518C67->1df8bd03-73ef-4b9c-8622-5dc9d0e29c31@group-F45402591F47, cid=1259, SUCCESS, logIndex=1725, commits[1df8bd03-73ef-4b9c-8622-5dc9d0e29c31:c1727, 12aca755-ada5-42df-801b-c61f99d8e8b8:c1723, a308b8bf-0324-43a1-a87f-1e10a96e3042:c1723]
2019-08-21 19:24:03,291 [grpc-default-executor-0] INFO  client.GrpcClientProtocolClient (GrpcClientProtocolClient.java:onNext(255)) - client-DA9582518C67->1df8bd03-73ef-4b9c-8622-5dc9d0e29c31: receive RaftClientReply:client-DA9582518C67->1df8bd03-73ef-4b9c-8622-5dc9d0e29c31@group-F45402591F47, cid=1260, SUCCESS, logIndex=1726, commits[1df8bd03-73ef-4b9c-8622-5dc9d0e29c31:c1727, 12aca755-ada5-42df-801b-c61f99d8e8b8:c1723, a308b8bf-0324-43a1-a87f-1e10a96e3042:c1723]
2019-08-21 19:24:03,291 | INFO  | DNAudit | user=null | ip=null | op=WRITE_CHUNK {blockData=conID: 3 locID: 102656602490012117 bcsId: 0} | ret=SUCCESS |  
2019-08-21 19:24:03,291 [grpc-default-executor-0] INFO  client.GrpcClientProtocolClient (GrpcClientProtocolClient.java:onNext(255)) - client-DA9582518C67->1df8bd03-73ef-4b9c-8622-5dc9d0e29c31: receive RaftClientReply:client-DA9582518C67->1df8bd03-73ef-4b9c-8622-5dc9d0e29c31@group-F45402591F47, cid=1261, SUCCESS, logIndex=1727, commits[1df8bd03-73ef-4b9c-8622-5dc9d0e29c31:c1727, 12aca755-ada5-42df-801b-c61f99d8e8b8:c1723, a308b8bf-0324-43a1-a87f-1e10a96e3042:c1723]
2019-08-21 19:24:03,291 | INFO  | DNAudit | user=null | ip=null | op=WRITE_CHUNK {blockData=conID: 3 locID: 102656602490012117 bcsId: 0} | ret=SUCCESS |  
2019-08-21 19:24:03,291 | INFO  | DNAudit | user=null | ip=null | op=PUT_BLOCK {blockData=[blockId=conID: 3 locID: 102656602490012117 bcsId: 0,size=1048576]} | ret=SUCCESS |  
2019-08-21 19:24:03,291 | INFO  | DNAudit | user=null | ip=null | op=PUT_BLOCK {blockData=[blockId=conID: 3 locID: 102656602490012117 bcsId: 0,size=1048576]} | ret=SUCCESS |  
2019-08-21 19:24:03,291 | INFO  | DNAudit | user=null | ip=null | op=WRITE_CHUNK {blockData=conID: 3 locID: 102656602490012117 bcsId: 0} | ret=SUCCESS |  
2019-08-21 19:24:03,292 [grpc-default-executor-0] INFO  client.GrpcClientProtocolClient (GrpcClientProtocolClient.java:onNext(255)) - client-DA9582518C67->1df8bd03-73ef-4b9c-8622-5dc9d0e29c31: receive RaftClientReply:client-DA9582518C67->1df8bd03-73ef-4b9c-8622-5dc9d0e29c31@group-F45402591F47, cid=1262, SUCCESS, logIndex=0, commits[1df8bd03-73ef-4b9c-8622-5dc9d0e29c31:c1730, 12aca755-ada5-42df-801b-c61f99d8e8b8:c1726, a308b8bf-0324-43a1-a87f-1e10a96e3042:c1725]
2019-08-21 19:24:03,293 | INFO  | DNAudit | user=null | ip=null | op=WRITE_CHUNK {blockData=conID: 3 locID: 102656602490012117 bcsId: 0} | ret=SUCCESS |  
2019-08-21 19:24:03,293 | INFO  | DNAudit | user=null | ip=null | op=PUT_BLOCK {blockData=[blockId=conID: 3 locID: 102656602490012117 bcsId: 0,size=2097152]} | ret=SUCCESS |  
2019-08-21 19:24:03,293 | INFO  | DNAudit | user=null | ip=null | op=PUT_BLOCK {blockData=[blockId=conID: 3 locID: 102656602490012117 bcsId: 0,size=2097152]} | ret=SUCCESS |  
2019-08-21 19:24:03,297 | INFO  | DNAudit | user=null | ip=null | op=WRITE_CHUNK {blockData=conID: 3 locID: 102656602490012117 bcsId: 1727} | ret=SUCCESS |  
2019-08-21 19:24:03,301 | INFO  | DNAudit | user=null | ip=null | op=WRITE_CHUNK {blockData=conID: 3 locID: 102656602490012117 bcsId: 1727} | ret=SUCCESS |  
2019-08-21 19:24:03,301 | INFO  | DNAudit | user=null | ip=null | op=WRITE_CHUNK {blockData=conID: 3 locID: 102656602490012117 bcsId: 1727} | ret=SUCCESS |  
2019-08-21 19:24:03,310 | INFO  | DNAudit | user=null | ip=null | op=WRITE_CHUNK {blockData=conID: 3 locID: 102656602490012117 bcsId: 1727} | ret=SUCCESS |  
2019-08-21 19:24:03,310 | INFO  | DNAudit | user=null | ip=null | op=PUT_BLOCK {blockData=[blockId=conID: 3 locID: 102656602490012117 bcsId: 0,size=3145728]} | ret=SUCCESS |  
2019-08-21 19:24:03,310 [grpc-default-executor-2] INFO  client.GrpcClientProtocolClient (GrpcClientProtocolClient.java:onNext(255)) - client-DA9582518C67->1df8bd03-73ef-4b9c-8622-5dc9d0e29c31: receive RaftClientReply:client-DA9582518C67->1df8bd03-73ef-4b9c-8622-5dc9d0e29c31@group-F45402591F47, cid=1263, SUCCESS, logIndex=1732, commits[1df8bd03-73ef-4b9c-8622-5dc9d0e29c31:c1733, 12aca755-ada5-42df-801b-c61f99d8e8b8:c1731, a308b8bf-0324-43a1-a87f-1e10a96e3042:c1731]
2019-08-21 19:24:03,311 [grpc-default-executor-2] INFO  client.GrpcClientProtocolClient (GrpcClientProtocolClient.java:onNext(255)) - client-DA9582518C67->1df8bd03-73ef-4b9c-8622-5dc9d0e29c31: receive RaftClientReply:client-DA9582518C67->1df8bd03-73ef-4b9c-8622-5dc9d0e29c31@group-F45402591F47, cid=1264, SUCCESS, logIndex=1733, commits[1df8bd03-73ef-4b9c-8622-5dc9d0e29c31:c1733, 12aca755-ada5-42df-801b-c61f99d8e8b8:c1731, a308b8bf-0324-43a1-a87f-1e10a96e3042:c1731]
2019-08-21 19:24:03,414 | INFO  | DNAudit | user=null | ip=null | op=WRITE_CHUNK {blockData=conID: 3 locID: 102656602490012117 bcsId: 1727} | ret=SUCCESS |  
2019-08-21 19:24:03,414 | INFO  | DNAudit | user=null | ip=null | op=WRITE_CHUNK {blockData=conID: 3 locID: 102656602490012117 bcsId: 1727} | ret=SUCCESS |  
2019-08-21 19:24:03,415 | INFO  | DNAudit | user=null | ip=null | op=PUT_BLOCK {blockData=[blockId=conID: 3 locID: 102656602490012117 bcsId: 0,size=3145728]} | ret=SUCCESS |  
2019-08-21 19:24:03,415 | INFO  | DNAudit | user=null | ip=null | op=PUT_BLOCK {blockData=[blockId=conID: 3 locID: 102656602490012117 bcsId: 0,size=3145728]} | ret=SUCCESS |  
2019-08-21 19:24:03,415 | INFO  | DNAudit | user=null | ip=null | op=WRITE_CHUNK {blockData=conID: 3 locID: 102656602490012117 bcsId: 1733} | ret=SUCCESS |  
2019-08-21 19:24:03,420 | INFO  | DNAudit | user=null | ip=null | op=WRITE_CHUNK {blockData=conID: 3 locID: 102656602490012117 bcsId: 1733} | ret=SUCCESS |  
2019-08-21 19:24:03,420 | INFO  | DNAudit | user=null | ip=null | op=WRITE_CHUNK {blockData=conID: 3 locID: 102656602490012117 bcsId: 1733} | ret=SUCCESS |  
2019-08-21 19:24:03,427 | INFO  | DNAudit | user=null | ip=null | op=WRITE_CHUNK {blockData=conID: 3 locID: 102656602490012117 bcsId: 1733} | ret=SUCCESS |  
2019-08-21 19:24:03,427 | INFO  | DNAudit | user=null | ip=null | op=PUT_BLOCK {blockData=[blockId=conID: 3 locID: 102656602490012117 bcsId: 0,size=4194304]} | ret=SUCCESS |  
2019-08-21 19:24:03,427 [grpc-default-executor-4] INFO  client.GrpcClientProtocolClient (GrpcClientProtocolClient.java:onNext(255)) - client-DA9582518C67->1df8bd03-73ef-4b9c-8622-5dc9d0e29c31: receive RaftClientReply:client-DA9582518C67->1df8bd03-73ef-4b9c-8622-5dc9d0e29c31@group-F45402591F47, cid=1265, SUCCESS, logIndex=1736, commits[1df8bd03-73ef-4b9c-8622-5dc9d0e29c31:c1737, 12aca755-ada5-42df-801b-c61f99d8e8b8:c1733, a308b8bf-0324-43a1-a87f-1e10a96e3042:c1733]
2019-08-21 19:24:03,428 [grpc-default-executor-4] INFO  client.GrpcClientProtocolClient (GrpcClientProtocolClient.java:onNext(255)) - client-DA9582518C67->1df8bd03-73ef-4b9c-8622-5dc9d0e29c31: receive RaftClientReply:client-DA9582518C67->1df8bd03-73ef-4b9c-8622-5dc9d0e29c31@group-F45402591F47, cid=1266, SUCCESS, logIndex=1737, commits[1df8bd03-73ef-4b9c-8622-5dc9d0e29c31:c1737, 12aca755-ada5-42df-801b-c61f99d8e8b8:c1733, a308b8bf-0324-43a1-a87f-1e10a96e3042:c1733]
2019-08-21 19:24:03,430 | INFO  | DNAudit | user=null | ip=null | op=WRITE_CHUNK {blockData=conID: 3 locID: 102656602490012117 bcsId: 1733} | ret=SUCCESS |  
2019-08-21 19:24:03,430 | INFO  | DNAudit | user=null | ip=null | op=WRITE_CHUNK {blockData=conID: 3 locID: 102656602490012117 bcsId: 1733} | ret=SUCCESS |  
2019-08-21 19:24:03,443 | INFO  | DNAudit | user=null | ip=null | op=PUT_BLOCK {blockData=[blockId=conID: 3 locID: 102656602490012117 bcsId: 0,size=4194304]} | ret=SUCCESS |  
2019-08-21 19:24:03,443 | INFO  | DNAudit | user=null | ip=null | op=PUT_BLOCK {blockData=[blockId=conID: 3 locID: 102656602490012117 bcsId: 0,size=4194304]} | ret=SUCCESS |  
2019-08-21 19:24:03,444 [grpc-default-executor-2] INFO  client.GrpcClientProtocolClient (GrpcClientProtocolClient.java:onNext(255)) - client-DA9582518C67->1df8bd03-73ef-4b9c-8622-5dc9d0e29c31: receive RaftClientReply:client-DA9582518C67->1df8bd03-73ef-4b9c-8622-5dc9d0e29c31@group-F45402591F47, cid=1267, SUCCESS, logIndex=0, commits[1df8bd03-73ef-4b9c-8622-5dc9d0e29c31:c1738, 12aca755-ada5-42df-801b-c61f99d8e8b8:c1737, a308b8bf-0324-43a1-a87f-1e10a96e3042:c1737]
2019-08-21 19:24:03,451 | INFO  | SCMAudit | user=jenkins1000 | ip=192.168.69.88 | op=ALLOCATE_BLOCK {owner=a4b1d482-4fe6-4e71-84a6-a95f4ce3f696, size=4194304, type=RATIS, factor=THREE} | ret=SUCCESS |  
2019-08-21 19:24:03,457 | INFO  | OMAudit | user=jenkins1000 | ip=127.0.0.1 | op=ALLOCATE_BLOCK {volume=vol-0-90666, bucket=bucket-0-29336, key=key-0-94354, dataSize=0, replicationType=null, replicationFactor=null, keyLocationInfo=null, clientID=102656601977389458} | ret=SUCCESS |  
2019-08-21 19:24:03,465 | INFO  | DNAudit | user=null | ip=null | op=WRITE_CHUNK {blockData=conID: 1 locID: 102656602502005206 bcsId: 0} | ret=SUCCESS |  
2019-08-21 19:24:03,469 | INFO  | DNAudit | user=null | ip=null | op=WRITE_CHUNK {blockData=conID: 1 locID: 102656602502005206 bcsId: 0} | ret=SUCCESS |  
2019-08-21 19:24:03,469 | INFO  | DNAudit | user=null | ip=null | op=WRITE_CHUNK {blockData=conID: 1 locID: 102656602502005206 bcsId: 0} | ret=SUCCESS |  
2019-08-21 19:24:03,469 | INFO  | DNAudit | user=null | ip=null | op=WRITE_CHUNK {blockData=conID: 1 locID: 102656602502005206 bcsId: 0} | ret=SUCCESS |  
2019-08-21 19:24:03,471 | INFO  | DNAudit | user=null | ip=null | op=WRITE_CHUNK {blockData=conID: 1 locID: 102656602502005206 bcsId: 0} | ret=SUCCESS |  
2019-08-21 19:24:03,472 | INFO  | DNAudit | user=null | ip=null | op=WRITE_CHUNK {blockData=conID: 1 locID: 102656602502005206 bcsId: 0} | ret=SUCCESS |  
2019-08-21 19:24:03,476 | INFO  | DNAudit | user=null | ip=null | op=WRITE_CHUNK {blockData=conID: 1 locID: 102656602502005206 bcsId: 0} | ret=SUCCESS |  
2019-08-21 19:24:03,476 | INFO  | DNAudit | user=null | ip=null | op=PUT_BLOCK {blockData=[blockId=conID: 1 locID: 102656602502005206 bcsId: 0,size=1048576]} | ret=SUCCESS |  
2019-08-21 19:24:03,476 [grpc-default-executor-2] INFO  client.GrpcClientProtocolClient (GrpcClientProtocolClient.java:onNext(255)) - client-DA9582518C67->1df8bd03-73ef-4b9c-8622-5dc9d0e29c31: receive RaftClientReply:client-DA9582518C67->1df8bd03-73ef-4b9c-8622-5dc9d0e29c31@group-F45402591F47, cid=1268, SUCCESS, logIndex=1740, commits[1df8bd03-73ef-4b9c-8622-5dc9d0e29c31:c1741, 12aca755-ada5-42df-801b-c61f99d8e8b8:c1739, a308b8bf-0324-43a1-a87f-1e10a96e3042:c1739]
2019-08-21 19:24:03,477 | INFO  | DNAudit | user=null | ip=null | op=WRITE_CHUNK {blockData=conID: 1 locID: 102656602502005206 bcsId: 0} | ret=SUCCESS |  
2019-08-21 19:24:03,477 [grpc-default-executor-2] INFO  client.GrpcClientProtocolClient (GrpcClientProtocolClient.java:onNext(255)) - client-DA9582518C67->1df8bd03-73ef-4b9c-8622-5dc9d0e29c31: receive RaftClientReply:client-DA9582518C67->1df8bd03-73ef-4b9c-8622-5dc9d0e29c31@group-F45402591F47, cid=1269, SUCCESS, logIndex=1741, commits[1df8bd03-73ef-4b9c-8622-5dc9d0e29c31:c1743, 12aca755-ada5-42df-801b-c61f99d8e8b8:c1739, a308b8bf-0324-43a1-a87f-1e10a96e3042:c1739]
2019-08-21 19:24:03,477 | INFO  | DNAudit | user=null | ip=null | op=PUT_BLOCK {blockData=[blockId=conID: 1 locID: 102656602502005206 bcsId: 0,size=2097152]} | ret=SUCCESS |  
2019-08-21 19:24:03,477 [grpc-default-executor-2] INFO  client.GrpcClientProtocolClient (GrpcClientProtocolClient.java:onNext(255)) - client-DA9582518C67->1df8bd03-73ef-4b9c-8622-5dc9d0e29c31: receive RaftClientReply:client-DA9582518C67->1df8bd03-73ef-4b9c-8622-5dc9d0e29c31@group-F45402591F47, cid=1270, SUCCESS, logIndex=1742, commits[1df8bd03-73ef-4b9c-8622-5dc9d0e29c31:c1743, 12aca755-ada5-42df-801b-c61f99d8e8b8:c1739, a308b8bf-0324-43a1-a87f-1e10a96e3042:c1739]
2019-08-21 19:24:03,478 [grpc-default-executor-2] INFO  client.GrpcClientProtocolClient (GrpcClientProtocolClient.java:onNext(255)) - client-DA9582518C67->1df8bd03-73ef-4b9c-8622-5dc9d0e29c31: receive RaftClientReply:client-DA9582518C67->1df8bd03-73ef-4b9c-8622-5dc9d0e29c31@group-F45402591F47, cid=1271, SUCCESS, logIndex=1743, commits[1df8bd03-73ef-4b9c-8622-5dc9d0e29c31:c1743, 12aca755-ada5-42df-801b-c61f99d8e8b8:c1739, a308b8bf-0324-43a1-a87f-1e10a96e3042:c1739]
2019-08-21 19:24:03,488 | INFO  | DNAudit | user=null | ip=null | op=WRITE_CHUNK {blockData=conID: 1 locID: 102656602502005206 bcsId: 0} | ret=SUCCESS |  
2019-08-21 19:24:03,488 | INFO  | DNAudit | user=null | ip=null | op=PUT_BLOCK {blockData=[blockId=conID: 1 locID: 102656602502005206 bcsId: 0,size=1048576]} | ret=SUCCESS |  
2019-08-21 19:24:03,488 | INFO  | DNAudit | user=null | ip=null | op=WRITE_CHUNK {blockData=conID: 1 locID: 102656602502005206 bcsId: 0} | ret=SUCCESS |  
2019-08-21 19:24:03,488 | INFO  | DNAudit | user=null | ip=null | op=PUT_BLOCK {blockData=[blockId=conID: 1 locID: 102656602502005206 bcsId: 0,size=1048576]} | ret=SUCCESS |  
2019-08-21 19:24:03,488 | INFO  | DNAudit | user=null | ip=null | op=WRITE_CHUNK {blockData=conID: 1 locID: 102656602502005206 bcsId: 0} | ret=SUCCESS |  
2019-08-21 19:24:03,488 | INFO  | DNAudit | user=null | ip=null | op=PUT_BLOCK {blockData=[blockId=conID: 1 locID: 102656602502005206 bcsId: 0,size=2097152]} | ret=SUCCESS |  
2019-08-21 19:24:03,489 | INFO  | DNAudit | user=null | ip=null | op=WRITE_CHUNK {blockData=conID: 1 locID: 102656602502005206 bcsId: 0} | ret=SUCCESS |  
2019-08-21 19:24:03,489 [grpc-default-executor-2] INFO  client.GrpcClientProtocolClient (GrpcClientProtocolClient.java:onNext(255)) - client-DA9582518C67->1df8bd03-73ef-4b9c-8622-5dc9d0e29c31: receive RaftClientReply:client-DA9582518C67->1df8bd03-73ef-4b9c-8622-5dc9d0e29c31@group-F45402591F47, cid=1272, SUCCESS, logIndex=0, commits[1df8bd03-73ef-4b9c-8622-5dc9d0e29c31:c1745, 12aca755-ada5-42df-801b-c61f99d8e8b8:c1741, a308b8bf-0324-43a1-a87f-1e10a96e3042:c1741]
2019-08-21 19:24:03,489 | INFO  | DNAudit | user=null | ip=null | op=PUT_BLOCK {blockData=[blockId=conID: 1 locID: 102656602502005206 bcsId: 0,size=2097152]} | ret=SUCCESS |  
2019-08-21 19:24:03,495 | INFO  | DNAudit | user=null | ip=null | op=WRITE_CHUNK {blockData=conID: 1 locID: 102656602502005206 bcsId: 1743} | ret=SUCCESS |  
2019-08-21 19:24:03,498 | INFO  | DNAudit | user=null | ip=null | op=WRITE_CHUNK {blockData=conID: 1 locID: 102656602502005206 bcsId: 1743} | ret=SUCCESS |  
2019-08-21 19:24:03,498 | INFO  | DNAudit | user=null | ip=null | op=WRITE_CHUNK {blockData=conID: 1 locID: 102656602502005206 bcsId: 1743} | ret=SUCCESS |  
2019-08-21 19:24:03,506 | INFO  | DNAudit | user=null | ip=null | op=WRITE_CHUNK {blockData=conID: 1 locID: 102656602502005206 bcsId: 1743} | ret=SUCCESS |  
2019-08-21 19:24:03,506 | INFO  | DNAudit | user=null | ip=null | op=PUT_BLOCK {blockData=[blockId=conID: 1 locID: 102656602502005206 bcsId: 0,size=3145728]} | ret=SUCCESS |  
2019-08-21 19:24:03,506 [grpc-default-executor-2] INFO  client.GrpcClientProtocolClient (GrpcClientProtocolClient.java:onNext(255)) - client-DA9582518C67->1df8bd03-73ef-4b9c-8622-5dc9d0e29c31: receive RaftClientReply:client-DA9582518C67->1df8bd03-73ef-4b9c-8622-5dc9d0e29c31@group-F45402591F47, cid=1273, SUCCESS, logIndex=1748, commits[1df8bd03-73ef-4b9c-8622-5dc9d0e29c31:c1749, 12aca755-ada5-42df-801b-c61f99d8e8b8:c1747, a308b8bf-0324-43a1-a87f-1e10a96e3042:c1747]
2019-08-21 19:24:03,506 [grpc-default-executor-2] INFO  client.GrpcClientProtocolClient (GrpcClientProtocolClient.java:onNext(255)) - client-DA9582518C67->1df8bd03-73ef-4b9c-8622-5dc9d0e29c31: receive RaftClientReply:client-DA9582518C67->1df8bd03-73ef-4b9c-8622-5dc9d0e29c31@group-F45402591F47, cid=1274, SUCCESS, logIndex=1749, commits[1df8bd03-73ef-4b9c-8622-5dc9d0e29c31:c1749, 12aca755-ada5-42df-801b-c61f99d8e8b8:c1747, a308b8bf-0324-43a1-a87f-1e10a96e3042:c1747]
2019-08-21 19:24:03,512 | INFO  | DNAudit | user=null | ip=null | op=WRITE_CHUNK {blockData=conID: 1 locID: 102656602502005206 bcsId: 1749} | ret=SUCCESS |  
2019-08-21 19:24:03,516 | INFO  | DNAudit | user=null | ip=null | op=WRITE_CHUNK {blockData=conID: 1 locID: 102656602502005206 bcsId: 1743} | ret=SUCCESS |  
2019-08-21 19:24:03,516 | INFO  | DNAudit | user=null | ip=null | op=WRITE_CHUNK {blockData=conID: 1 locID: 102656602502005206 bcsId: 1743} | ret=SUCCESS |  
2019-08-21 19:24:03,516 | INFO  | DNAudit | user=null | ip=null | op=WRITE_CHUNK {blockData=conID: 1 locID: 102656602502005206 bcsId: 1749} | ret=SUCCESS |  
2019-08-21 19:24:03,516 | INFO  | DNAudit | user=null | ip=null | op=PUT_BLOCK {blockData=[blockId=conID: 1 locID: 102656602502005206 bcsId: 0,size=3145728]} | ret=SUCCESS |  
2019-08-21 19:24:03,516 | INFO  | DNAudit | user=null | ip=null | op=PUT_BLOCK {blockData=[blockId=conID: 1 locID: 102656602502005206 bcsId: 0,size=3145728]} | ret=SUCCESS |  
2019-08-21 19:24:03,517 | INFO  | DNAudit | user=null | ip=null | op=WRITE_CHUNK {blockData=conID: 1 locID: 102656602502005206 bcsId: 1749} | ret=SUCCESS |  
2019-08-21 19:24:03,526 | INFO  | DNAudit | user=null | ip=null | op=WRITE_CHUNK {blockData=conID: 1 locID: 102656602502005206 bcsId: 1749} | ret=SUCCESS |  
2019-08-21 19:24:03,526 | INFO  | DNAudit | user=null | ip=null | op=PUT_BLOCK {blockData=[blockId=conID: 1 locID: 102656602502005206 bcsId: 0,size=4194304]} | ret=SUCCESS |  
2019-08-21 19:24:03,526 [grpc-default-executor-2] INFO  client.GrpcClientProtocolClient (GrpcClientProtocolClient.java:onNext(255)) - client-DA9582518C67->1df8bd03-73ef-4b9c-8622-5dc9d0e29c31: receive RaftClientReply:client-DA9582518C67->1df8bd03-73ef-4b9c-8622-5dc9d0e29c31@group-F45402591F47, cid=1275, SUCCESS, logIndex=1752, commits[1df8bd03-73ef-4b9c-8622-5dc9d0e29c31:c1753, 12aca755-ada5-42df-801b-c61f99d8e8b8:c1749, a308b8bf-0324-43a1-a87f-1e10a96e3042:c1749]
2019-08-21 19:24:03,527 [grpc-default-executor-2] INFO  client.GrpcClientProtocolClient (GrpcClientProtocolClient.java:onNext(255)) - client-DA9582518C67->1df8bd03-73ef-4b9c-8622-5dc9d0e29c31: receive RaftClientReply:client-DA9582518C67->1df8bd03-73ef-4b9c-8622-5dc9d0e29c31@group-F45402591F47, cid=1276, SUCCESS, logIndex=1753, commits[1df8bd03-73ef-4b9c-8622-5dc9d0e29c31:c1753, 12aca755-ada5-42df-801b-c61f99d8e8b8:c1749, a308b8bf-0324-43a1-a87f-1e10a96e3042:c1749]
2019-08-21 19:24:03,544 | INFO  | DNAudit | user=null | ip=null | op=WRITE_CHUNK {blockData=conID: 1 locID: 102656602502005206 bcsId: 1749} | ret=SUCCESS |  
2019-08-21 19:24:03,544 | INFO  | DNAudit | user=null | ip=null | op=WRITE_CHUNK {blockData=conID: 1 locID: 102656602502005206 bcsId: 1749} | ret=SUCCESS |  
2019-08-21 19:24:03,544 | INFO  | DNAudit | user=null | ip=null | op=PUT_BLOCK {blockData=[blockId=conID: 1 locID: 102656602502005206 bcsId: 0,size=4194304]} | ret=SUCCESS |  
2019-08-21 19:24:03,544 | INFO  | DNAudit | user=null | ip=null | op=PUT_BLOCK {blockData=[blockId=conID: 1 locID: 102656602502005206 bcsId: 0,size=4194304]} | ret=SUCCESS |  
2019-08-21 19:24:03,544 [grpc-default-executor-0] INFO  client.GrpcClientProtocolClient (GrpcClientProtocolClient.java:onNext(255)) - client-DA9582518C67->1df8bd03-73ef-4b9c-8622-5dc9d0e29c31: receive RaftClientReply:client-DA9582518C67->1df8bd03-73ef-4b9c-8622-5dc9d0e29c31@group-F45402591F47, cid=1277, SUCCESS, logIndex=0, commits[1df8bd03-73ef-4b9c-8622-5dc9d0e29c31:c1754, 12aca755-ada5-42df-801b-c61f99d8e8b8:c1753, a308b8bf-0324-43a1-a87f-1e10a96e3042:c1753]
2019-08-21 19:24:03,548 | INFO  | SCMAudit | user=jenkins1000 | ip=192.168.69.88 | op=ALLOCATE_BLOCK {owner=a4b1d482-4fe6-4e71-84a6-a95f4ce3f696, size=4194304, type=RATIS, factor=THREE} | ret=SUCCESS |  
2019-08-21 19:24:03,551 | INFO  | OMAudit | user=jenkins1000 | ip=127.0.0.1 | op=ALLOCATE_BLOCK {volume=vol-0-90666, bucket=bucket-0-29336, key=key-0-94354, dataSize=0, replicationType=null, replicationFactor=null, keyLocationInfo=null, clientID=102656601977389458} | ret=SUCCESS |  
2019-08-21 19:24:03,558 | INFO  | DNAudit | user=null | ip=null | op=WRITE_CHUNK {blockData=conID: 2 locID: 102656602508362199 bcsId: 0} | ret=SUCCESS |  
2019-08-21 19:24:03,562 | INFO  | DNAudit | user=null | ip=null | op=WRITE_CHUNK {blockData=conID: 2 locID: 102656602508362199 bcsId: 0} | ret=SUCCESS |  
2019-08-21 19:24:03,562 | INFO  | DNAudit | user=null | ip=null | op=WRITE_CHUNK {blockData=conID: 2 locID: 102656602508362199 bcsId: 0} | ret=SUCCESS |  
2019-08-21 19:24:03,562 | INFO  | DNAudit | user=null | ip=null | op=WRITE_CHUNK {blockData=conID: 2 locID: 102656602508362199 bcsId: 0} | ret=SUCCESS |  
2019-08-21 19:24:03,564 | INFO  | DNAudit | user=null | ip=null | op=WRITE_CHUNK {blockData=conID: 2 locID: 102656602508362199 bcsId: 0} | ret=SUCCESS |  
2019-08-21 19:24:03,565 | INFO  | DNAudit | user=null | ip=null | op=WRITE_CHUNK {blockData=conID: 2 locID: 102656602508362199 bcsId: 0} | ret=SUCCESS |  
2019-08-21 19:24:03,577 | INFO  | DNAudit | user=null | ip=null | op=WRITE_CHUNK {blockData=conID: 2 locID: 102656602508362199 bcsId: 0} | ret=SUCCESS |  
2019-08-21 19:24:03,577 | INFO  | DNAudit | user=null | ip=null | op=PUT_BLOCK {blockData=[blockId=conID: 2 locID: 102656602508362199 bcsId: 0,size=1048576]} | ret=SUCCESS |  
2019-08-21 19:24:03,578 | INFO  | DNAudit | user=null | ip=null | op=WRITE_CHUNK {blockData=conID: 2 locID: 102656602508362199 bcsId: 0} | ret=SUCCESS |  
2019-08-21 19:24:03,577 [grpc-default-executor-4] INFO  client.GrpcClientProtocolClient (GrpcClientProtocolClient.java:onNext(255)) - client-DA9582518C67->1df8bd03-73ef-4b9c-8622-5dc9d0e29c31: receive RaftClientReply:client-DA9582518C67->1df8bd03-73ef-4b9c-8622-5dc9d0e29c31@group-F45402591F47, cid=1278, SUCCESS, logIndex=1756, commits[1df8bd03-73ef-4b9c-8622-5dc9d0e29c31:c1757, 12aca755-ada5-42df-801b-c61f99d8e8b8:c1755, a308b8bf-0324-43a1-a87f-1e10a96e3042:c1755]
2019-08-21 19:24:03,578 | INFO  | DNAudit | user=null | ip=null | op=PUT_BLOCK {blockData=[blockId=conID: 2 locID: 102656602508362199 bcsId: 0,size=2097152]} | ret=SUCCESS |  
2019-08-21 19:24:03,578 [grpc-default-executor-4] INFO  client.GrpcClientProtocolClient (GrpcClientProtocolClient.java:onNext(255)) - client-DA9582518C67->1df8bd03-73ef-4b9c-8622-5dc9d0e29c31: receive RaftClientReply:client-DA9582518C67->1df8bd03-73ef-4b9c-8622-5dc9d0e29c31@group-F45402591F47, cid=1279, SUCCESS, logIndex=1757, commits[1df8bd03-73ef-4b9c-8622-5dc9d0e29c31:c1758, 12aca755-ada5-42df-801b-c61f99d8e8b8:c1755, a308b8bf-0324-43a1-a87f-1e10a96e3042:c1755]
2019-08-21 19:24:03,578 [grpc-default-executor-4] INFO  client.GrpcClientProtocolClient (GrpcClientProtocolClient.java:onNext(255)) - client-DA9582518C67->1df8bd03-73ef-4b9c-8622-5dc9d0e29c31: receive RaftClientReply:client-DA9582518C67->1df8bd03-73ef-4b9c-8622-5dc9d0e29c31@group-F45402591F47, cid=1280, SUCCESS, logIndex=1758, commits[1df8bd03-73ef-4b9c-8622-5dc9d0e29c31:c1759, 12aca755-ada5-42df-801b-c61f99d8e8b8:c1755, a308b8bf-0324-43a1-a87f-1e10a96e3042:c1755]
2019-08-21 19:24:03,578 [grpc-default-executor-4] INFO  client.GrpcClientProtocolClient (GrpcClientProtocolClient.java:onNext(255)) - client-DA9582518C67->1df8bd03-73ef-4b9c-8622-5dc9d0e29c31: receive RaftClientReply:client-DA9582518C67->1df8bd03-73ef-4b9c-8622-5dc9d0e29c31@group-F45402591F47, cid=1281, SUCCESS, logIndex=1759, commits[1df8bd03-73ef-4b9c-8622-5dc9d0e29c31:c1759, 12aca755-ada5-42df-801b-c61f99d8e8b8:c1755, a308b8bf-0324-43a1-a87f-1e10a96e3042:c1755]
2019-08-21 19:24:03,581 | INFO  | DNAudit | user=null | ip=null | op=WRITE_CHUNK {blockData=conID: 2 locID: 102656602508362199 bcsId: 0} | ret=SUCCESS |  
2019-08-21 19:24:03,581 | INFO  | DNAudit | user=null | ip=null | op=PUT_BLOCK {blockData=[blockId=conID: 2 locID: 102656602508362199 bcsId: 0,size=1048576]} | ret=SUCCESS |  
2019-08-21 19:24:03,582 | INFO  | DNAudit | user=null | ip=null | op=WRITE_CHUNK {blockData=conID: 2 locID: 102656602508362199 bcsId: 0} | ret=SUCCESS |  
2019-08-21 19:24:03,582 | INFO  | SCMAudit | user=jenkins1000 | ip=192.168.69.88 | op=SEND_HEARTBEAT {datanodeUUID=c4b21f74-9dba-4f39-a92d-300bdd5c7775, command=[]} | ret=SUCCESS |  
2019-08-21 19:24:03,582 | INFO  | DNAudit | user=null | ip=null | op=PUT_BLOCK {blockData=[blockId=conID: 2 locID: 102656602508362199 bcsId: 0,size=1048576]} | ret=SUCCESS |  
2019-08-21 19:24:03,582 | INFO  | DNAudit | user=null | ip=null | op=WRITE_CHUNK {blockData=conID: 2 locID: 102656602508362199 bcsId: 0} | ret=SUCCESS |  
2019-08-21 19:24:03,582 | INFO  | DNAudit | user=null | ip=null | op=WRITE_CHUNK {blockData=conID: 2 locID: 102656602508362199 bcsId: 0} | ret=SUCCESS |  
2019-08-21 19:24:03,582 | INFO  | DNAudit | user=null | ip=null | op=PUT_BLOCK {blockData=[blockId=conID: 2 locID: 102656602508362199 bcsId: 0,size=2097152]} | ret=SUCCESS |  
2019-08-21 19:24:03,582 | INFO  | DNAudit | user=null | ip=null | op=PUT_BLOCK {blockData=[blockId=conID: 2 locID: 102656602508362199 bcsId: 0,size=2097152]} | ret=SUCCESS |  
2019-08-21 19:24:03,582 [grpc-default-executor-0] INFO  client.GrpcClientProtocolClient (GrpcClientProtocolClient.java:onNext(255)) - client-DA9582518C67->1df8bd03-73ef-4b9c-8622-5dc9d0e29c31: receive RaftClientReply:client-DA9582518C67->1df8bd03-73ef-4b9c-8622-5dc9d0e29c31@group-F45402591F47, cid=1282, SUCCESS, logIndex=0, commits[1df8bd03-73ef-4b9c-8622-5dc9d0e29c31:c1761, 12aca755-ada5-42df-801b-c61f99d8e8b8:c1757, a308b8bf-0324-43a1-a87f-1e10a96e3042:c1757]
 0.00% |█                                                                                                    |  0/1 Time: 0:00:082019-08-21 19:24:03,590 | INFO  | DNAudit | user=null | ip=null | op=WRITE_CHUNK {blockData=conID: 2 locID: 102656602508362199 bcsId: 1759} | ret=SUCCESS |  
2019-08-21 19:24:03,593 | INFO  | DNAudit | user=null | ip=null | op=WRITE_CHUNK {blockData=conID: 2 locID: 102656602508362199 bcsId: 1759} | ret=SUCCESS |  
2019-08-21 19:24:03,593 | INFO  | DNAudit | user=null | ip=null | op=WRITE_CHUNK {blockData=conID: 2 locID: 102656602508362199 bcsId: 1759} | ret=SUCCESS |  
2019-08-21 19:24:03,595 | INFO  | DNAudit | user=null | ip=null | op=WRITE_CHUNK {blockData=conID: 2 locID: 102656602508362199 bcsId: 1759} | ret=SUCCESS |  
2019-08-21 19:24:03,596 | INFO  | DNAudit | user=null | ip=null | op=PUT_BLOCK {blockData=[blockId=conID: 2 locID: 102656602508362199 bcsId: 0,size=3145728]} | ret=SUCCESS |  
2019-08-21 19:24:03,596 [grpc-default-executor-0] INFO  client.GrpcClientProtocolClient (GrpcClientProtocolClient.java:onNext(255)) - client-DA9582518C67->1df8bd03-73ef-4b9c-8622-5dc9d0e29c31: receive RaftClientReply:client-DA9582518C67->1df8bd03-73ef-4b9c-8622-5dc9d0e29c31@group-F45402591F47, cid=1283, SUCCESS, logIndex=1764, commits[1df8bd03-73ef-4b9c-8622-5dc9d0e29c31:c1765, 12aca755-ada5-42df-801b-c61f99d8e8b8:c1763, a308b8bf-0324-43a1-a87f-1e10a96e3042:c1763]
2019-08-21 19:24:03,596 [grpc-default-executor-0] INFO  client.GrpcClientProtocolClient (GrpcClientProtocolClient.java:onNext(255)) - client-DA9582518C67->1df8bd03-73ef-4b9c-8622-5dc9d0e29c31: receive RaftClientReply:client-DA9582518C67->1df8bd03-73ef-4b9c-8622-5dc9d0e29c31@group-F45402591F47, cid=1284, SUCCESS, logIndex=1765, commits[1df8bd03-73ef-4b9c-8622-5dc9d0e29c31:c1765, 12aca755-ada5-42df-801b-c61f99d8e8b8:c1763, a308b8bf-0324-43a1-a87f-1e10a96e3042:c1763]
2019-08-21 19:24:03,602 | INFO  | DNAudit | user=null | ip=null | op=WRITE_CHUNK {blockData=conID: 2 locID: 102656602508362199 bcsId: 1765} | ret=SUCCESS |  
2019-08-21 19:24:03,605 | INFO  | DNAudit | user=null | ip=null | op=WRITE_CHUNK {blockData=conID: 2 locID: 102656602508362199 bcsId: 1765} | ret=SUCCESS |  
2019-08-21 19:24:03,605 | INFO  | DNAudit | user=null | ip=null | op=WRITE_CHUNK {blockData=conID: 2 locID: 102656602508362199 bcsId: 1759} | ret=SUCCESS |  
2019-08-21 19:24:03,605 | INFO  | DNAudit | user=null | ip=null | op=WRITE_CHUNK {blockData=conID: 2 locID: 102656602508362199 bcsId: 1759} | ret=SUCCESS |  
2019-08-21 19:24:03,605 | INFO  | DNAudit | user=null | ip=null | op=WRITE_CHUNK {blockData=conID: 2 locID: 102656602508362199 bcsId: 1765} | ret=SUCCESS |  
2019-08-21 19:24:03,617 | INFO  | DNAudit | user=null | ip=null | op=PUT_BLOCK {blockData=[blockId=conID: 2 locID: 102656602508362199 bcsId: 0,size=3145728]} | ret=SUCCESS |  
2019-08-21 19:24:03,617 | INFO  | DNAudit | user=null | ip=null | op=PUT_BLOCK {blockData=[blockId=conID: 2 locID: 102656602508362199 bcsId: 0,size=3145728]} | ret=SUCCESS |  
2019-08-21 19:24:03,617 | INFO  | DNAudit | user=null | ip=null | op=WRITE_CHUNK {blockData=conID: 2 locID: 102656602508362199 bcsId: 1765} | ret=SUCCESS |  
2019-08-21 19:24:03,618 | INFO  | DNAudit | user=null | ip=null | op=PUT_BLOCK {blockData=[blockId=conID: 2 locID: 102656602508362199 bcsId: 0,size=4194304]} | ret=SUCCESS |  
2019-08-21 19:24:03,618 [grpc-default-executor-4] INFO  client.GrpcClientProtocolClient (GrpcClientProtocolClient.java:onNext(255)) - client-DA9582518C67->1df8bd03-73ef-4b9c-8622-5dc9d0e29c31: receive RaftClientReply:client-DA9582518C67->1df8bd03-73ef-4b9c-8622-5dc9d0e29c31@group-F45402591F47, cid=1285, SUCCESS, logIndex=1768, commits[1df8bd03-73ef-4b9c-8622-5dc9d0e29c31:c1769, 12aca755-ada5-42df-801b-c61f99d8e8b8:c1765, a308b8bf-0324-43a1-a87f-1e10a96e3042:c1765]
2019-08-21 19:24:03,618 [grpc-default-executor-4] INFO  client.GrpcClientProtocolClient (GrpcClientProtocolClient.java:onNext(255)) - client-DA9582518C67->1df8bd03-73ef-4b9c-8622-5dc9d0e29c31: receive RaftClientReply:client-DA9582518C67->1df8bd03-73ef-4b9c-8622-5dc9d0e29c31@group-F45402591F47, cid=1286, SUCCESS, logIndex=1769, commits[1df8bd03-73ef-4b9c-8622-5dc9d0e29c31:c1769, 12aca755-ada5-42df-801b-c61f99d8e8b8:c1765, a308b8bf-0324-43a1-a87f-1e10a96e3042:c1765]
2019-08-21 19:24:03,618 | INFO  | DNAudit | user=null | ip=null | op=WRITE_CHUNK {blockData=conID: 2 locID: 102656602508362199 bcsId: 1765} | ret=SUCCESS |  
2019-08-21 19:24:03,619 | INFO  | DNAudit | user=null | ip=null | op=WRITE_CHUNK {blockData=conID: 2 locID: 102656602508362199 bcsId: 1765} | ret=SUCCESS |  
2019-08-21 19:24:03,621 | INFO  | DNAudit | user=null | ip=null | op=PUT_BLOCK {blockData=[blockId=conID: 2 locID: 102656602508362199 bcsId: 0,size=4194304]} | ret=SUCCESS |  
2019-08-21 19:24:03,633 | INFO  | DNAudit | user=null | ip=null | op=PUT_BLOCK {blockData=[blockId=conID: 2 locID: 102656602508362199 bcsId: 0,size=4194304]} | ret=SUCCESS |  
2019-08-21 19:24:03,633 [grpc-default-executor-4] INFO  client.GrpcClientProtocolClient (GrpcClientProtocolClient.java:onNext(255)) - client-DA9582518C67->1df8bd03-73ef-4b9c-8622-5dc9d0e29c31: receive RaftClientReply:client-DA9582518C67->1df8bd03-73ef-4b9c-8622-5dc9d0e29c31@group-F45402591F47, cid=1287, SUCCESS, logIndex=0, commits[1df8bd03-73ef-4b9c-8622-5dc9d0e29c31:c1771, 12aca755-ada5-42df-801b-c61f99d8e8b8:c1769, a308b8bf-0324-43a1-a87f-1e10a96e3042:c1769]
2019-08-21 19:24:03,638 | INFO  | SCMAudit | user=jenkins1000 | ip=192.168.69.88 | op=ALLOCATE_BLOCK {owner=a4b1d482-4fe6-4e71-84a6-a95f4ce3f696, size=4194304, type=RATIS, factor=THREE} | ret=SUCCESS |  
2019-08-21 19:24:03,642 | INFO  | OMAudit | user=jenkins1000 | ip=127.0.0.1 | op=ALLOCATE_BLOCK {volume=vol-0-90666, bucket=bucket-0-29336, key=key-0-94354, dataSize=0, replicationType=null, replicationFactor=null, keyLocationInfo=null, clientID=102656601977389458} | ret=SUCCESS |  
2019-08-21 19:24:03,648 | INFO  | DNAudit | user=null | ip=null | op=WRITE_CHUNK {blockData=conID: 3 locID: 102656602514260440 bcsId: 0} | ret=SUCCESS |  
2019-08-21 19:24:03,651 | INFO  | DNAudit | user=null | ip=null | op=WRITE_CHUNK {blockData=conID: 3 locID: 102656602514260440 bcsId: 0} | ret=SUCCESS |  
2019-08-21 19:24:03,652 | INFO  | DNAudit | user=null | ip=null | op=WRITE_CHUNK {blockData=conID: 3 locID: 102656602514260440 bcsId: 0} | ret=SUCCESS |  
2019-08-21 19:24:03,652 | INFO  | DNAudit | user=null | ip=null | op=WRITE_CHUNK {blockData=conID: 3 locID: 102656602514260440 bcsId: 0} | ret=SUCCESS |  
2019-08-21 19:24:03,654 | INFO  | DNAudit | user=null | ip=null | op=WRITE_CHUNK {blockData=conID: 3 locID: 102656602514260440 bcsId: 0} | ret=SUCCESS |  
2019-08-21 19:24:03,654 | INFO  | DNAudit | user=null | ip=null | op=WRITE_CHUNK {blockData=conID: 3 locID: 102656602514260440 bcsId: 0} | ret=SUCCESS |  
2019-08-21 19:24:03,661 | INFO  | DNAudit | user=null | ip=null | op=WRITE_CHUNK {blockData=conID: 3 locID: 102656602514260440 bcsId: 0} | ret=SUCCESS |  
2019-08-21 19:24:03,662 | INFO  | DNAudit | user=null | ip=null | op=PUT_BLOCK {blockData=[blockId=conID: 3 locID: 102656602514260440 bcsId: 0,size=1048576]} | ret=SUCCESS |  
2019-08-21 19:24:03,662 [grpc-default-executor-2] INFO  client.GrpcClientProtocolClient (GrpcClientProtocolClient.java:onNext(255)) - client-DA9582518C67->1df8bd03-73ef-4b9c-8622-5dc9d0e29c31: receive RaftClientReply:client-DA9582518C67->1df8bd03-73ef-4b9c-8622-5dc9d0e29c31@group-F45402591F47, cid=1288, SUCCESS, logIndex=1772, commits[1df8bd03-73ef-4b9c-8622-5dc9d0e29c31:c1773, 12aca755-ada5-42df-801b-c61f99d8e8b8:c1771, a308b8bf-0324-43a1-a87f-1e10a96e3042:c1771]
2019-08-21 19:24:03,662 | INFO  | DNAudit | user=null | ip=null | op=WRITE_CHUNK {blockData=conID: 3 locID: 102656602514260440 bcsId: 0} | ret=SUCCESS |  
2019-08-21 19:24:03,663 [grpc-default-executor-2] INFO  client.GrpcClientProtocolClient (GrpcClientProtocolClient.java:onNext(255)) - client-DA9582518C67->1df8bd03-73ef-4b9c-8622-5dc9d0e29c31: receive RaftClientReply:client-DA9582518C67->1df8bd03-73ef-4b9c-8622-5dc9d0e29c31@group-F45402591F47, cid=1289, SUCCESS, logIndex=1773, commits[1df8bd03-73ef-4b9c-8622-5dc9d0e29c31:c1773, 12aca755-ada5-42df-801b-c61f99d8e8b8:c1771, a308b8bf-0324-43a1-a87f-1e10a96e3042:c1771]
2019-08-21 19:24:03,663 | INFO  | DNAudit | user=null | ip=null | op=PUT_BLOCK {blockData=[blockId=conID: 3 locID: 102656602514260440 bcsId: 0,size=2097152]} | ret=SUCCESS |  
2019-08-21 19:24:03,663 [grpc-default-executor-2] INFO  client.GrpcClientProtocolClient (GrpcClientProtocolClient.java:onNext(255)) - client-DA9582518C67->1df8bd03-73ef-4b9c-8622-5dc9d0e29c31: receive RaftClientReply:client-DA9582518C67->1df8bd03-73ef-4b9c-8622-5dc9d0e29c31@group-F45402591F47, cid=1290, SUCCESS, logIndex=1774, commits[1df8bd03-73ef-4b9c-8622-5dc9d0e29c31:c1774, 12aca755-ada5-42df-801b-c61f99d8e8b8:c1771, a308b8bf-0324-43a1-a87f-1e10a96e3042:c1771]
2019-08-21 19:24:03,663 [grpc-default-executor-2] INFO  client.GrpcClientProtocolClient (GrpcClientProtocolClient.java:onNext(255)) - client-DA9582518C67->1df8bd03-73ef-4b9c-8622-5dc9d0e29c31: receive RaftClientReply:client-DA9582518C67->1df8bd03-73ef-4b9c-8622-5dc9d0e29c31@group-F45402591F47, cid=1291, SUCCESS, logIndex=1775, commits[1df8bd03-73ef-4b9c-8622-5dc9d0e29c31:c1775, 12aca755-ada5-42df-801b-c61f99d8e8b8:c1771, a308b8bf-0324-43a1-a87f-1e10a96e3042:c1771]
2019-08-21 19:24:03,676 | INFO  | DNAudit | user=null | ip=null | op=WRITE_CHUNK {blockData=conID: 3 locID: 102656602514260440 bcsId: 0} | ret=SUCCESS |  
2019-08-21 19:24:03,676 | INFO  | DNAudit | user=null | ip=null | op=WRITE_CHUNK {blockData=conID: 3 locID: 102656602514260440 bcsId: 0} | ret=SUCCESS |  
2019-08-21 19:24:03,676 | INFO  | DNAudit | user=null | ip=null | op=PUT_BLOCK {blockData=[blockId=conID: 3 locID: 102656602514260440 bcsId: 0,size=1048576]} | ret=SUCCESS |  
2019-08-21 19:24:03,676 | INFO  | DNAudit | user=null | ip=null | op=PUT_BLOCK {blockData=[blockId=conID: 3 locID: 102656602514260440 bcsId: 0,size=1048576]} | ret=SUCCESS |  
2019-08-21 19:24:03,676 | INFO  | DNAudit | user=null | ip=null | op=WRITE_CHUNK {blockData=conID: 3 locID: 102656602514260440 bcsId: 0} | ret=SUCCESS |  
2019-08-21 19:24:03,677 | INFO  | DNAudit | user=null | ip=null | op=WRITE_CHUNK {blockData=conID: 3 locID: 102656602514260440 bcsId: 0} | ret=SUCCESS |  
2019-08-21 19:24:03,677 | INFO  | DNAudit | user=null | ip=null | op=PUT_BLOCK {blockData=[blockId=conID: 3 locID: 102656602514260440 bcsId: 0,size=2097152]} | ret=SUCCESS |  
2019-08-21 19:24:03,677 [grpc-default-executor-0] INFO  client.GrpcClientProtocolClient (GrpcClientProtocolClient.java:onNext(255)) - client-DA9582518C67->1df8bd03-73ef-4b9c-8622-5dc9d0e29c31: receive RaftClientReply:client-DA9582518C67->1df8bd03-73ef-4b9c-8622-5dc9d0e29c31@group-F45402591F47, cid=1292, SUCCESS, logIndex=0, commits[1df8bd03-73ef-4b9c-8622-5dc9d0e29c31:c1777, 12aca755-ada5-42df-801b-c61f99d8e8b8:c1773, a308b8bf-0324-43a1-a87f-1e10a96e3042:c1773]
2019-08-21 19:24:03,677 | INFO  | DNAudit | user=null | ip=null | op=PUT_BLOCK {blockData=[blockId=conID: 3 locID: 102656602514260440 bcsId: 0,size=2097152]} | ret=SUCCESS |  
2019-08-21 19:24:03,683 | INFO  | DNAudit | user=null | ip=null | op=WRITE_CHUNK {blockData=conID: 3 locID: 102656602514260440 bcsId: 1775} | ret=SUCCESS |  
2019-08-21 19:24:03,686 | INFO  | DNAudit | user=null | ip=null | op=WRITE_CHUNK {blockData=conID: 3 locID: 102656602514260440 bcsId: 1775} | ret=SUCCESS |  
2019-08-21 19:24:03,686 | INFO  | DNAudit | user=null | ip=null | op=WRITE_CHUNK {blockData=conID: 3 locID: 102656602514260440 bcsId: 1775} | ret=SUCCESS |  
2019-08-21 19:24:03,690 | INFO  | DNAudit | user=null | ip=null | op=WRITE_CHUNK {blockData=conID: 3 locID: 102656602514260440 bcsId: 1775} | ret=SUCCESS |  
2019-08-21 19:24:03,690 | INFO  | DNAudit | user=null | ip=null | op=PUT_BLOCK {blockData=[blockId=conID: 3 locID: 102656602514260440 bcsId: 0,size=3145728]} | ret=SUCCESS |  
2019-08-21 19:24:03,691 [grpc-default-executor-4] INFO  client.GrpcClientProtocolClient (GrpcClientProtocolClient.java:onNext(255)) - client-DA9582518C67->1df8bd03-73ef-4b9c-8622-5dc9d0e29c31: receive RaftClientReply:client-DA9582518C67->1df8bd03-73ef-4b9c-8622-5dc9d0e29c31@group-F45402591F47, cid=1293, SUCCESS, logIndex=1780, commits[1df8bd03-73ef-4b9c-8622-5dc9d0e29c31:c1781, 12aca755-ada5-42df-801b-c61f99d8e8b8:c1779, a308b8bf-0324-43a1-a87f-1e10a96e3042:c1779]
2019-08-21 19:24:03,691 [grpc-default-executor-4] INFO  client.GrpcClientProtocolClient (GrpcClientProtocolClient.java:onNext(255)) - client-DA9582518C67->1df8bd03-73ef-4b9c-8622-5dc9d0e29c31: receive RaftClientReply:client-DA9582518C67->1df8bd03-73ef-4b9c-8622-5dc9d0e29c31@group-F45402591F47, cid=1294, SUCCESS, logIndex=1781, commits[1df8bd03-73ef-4b9c-8622-5dc9d0e29c31:c1781, 12aca755-ada5-42df-801b-c61f99d8e8b8:c1779, a308b8bf-0324-43a1-a87f-1e10a96e3042:c1779]
2019-08-21 19:24:03,693 | INFO  | DNAudit | user=null | ip=null | op=WRITE_CHUNK {blockData=conID: 3 locID: 102656602514260440 bcsId: 1775} | ret=SUCCESS |  
2019-08-21 19:24:03,693 | INFO  | DNAudit | user=null | ip=null | op=WRITE_CHUNK {blockData=conID: 3 locID: 102656602514260440 bcsId: 1775} | ret=SUCCESS |  
2019-08-21 19:24:03,696 | INFO  | DNAudit | user=null | ip=null | op=PUT_BLOCK {blockData=[blockId=conID: 3 locID: 102656602514260440 bcsId: 0,size=3145728]} | ret=SUCCESS |  
2019-08-21 19:24:03,696 | INFO  | DNAudit | user=null | ip=null | op=PUT_BLOCK {blockData=[blockId=conID: 3 locID: 102656602514260440 bcsId: 0,size=3145728]} | ret=SUCCESS |  
2019-08-21 19:24:03,697 | INFO  | DNAudit | user=null | ip=null | op=WRITE_CHUNK {blockData=conID: 3 locID: 102656602514260440 bcsId: 1781} | ret=SUCCESS |  
2019-08-21 19:24:03,699 | INFO  | DNAudit | user=null | ip=null | op=WRITE_CHUNK {blockData=conID: 3 locID: 102656602514260440 bcsId: 1781} | ret=SUCCESS |  
2019-08-21 19:24:03,700 | INFO  | DNAudit | user=null | ip=null | op=WRITE_CHUNK {blockData=conID: 3 locID: 102656602514260440 bcsId: 1781} | ret=SUCCESS |  
2019-08-21 19:24:03,707 | INFO  | DNAudit | user=null | ip=null | op=WRITE_CHUNK {blockData=conID: 3 locID: 102656602514260440 bcsId: 1781} | ret=SUCCESS |  
2019-08-21 19:24:03,707 | INFO  | DNAudit | user=null | ip=null | op=PUT_BLOCK {blockData=[blockId=conID: 3 locID: 102656602514260440 bcsId: 0,size=4194304]} | ret=SUCCESS |  
2019-08-21 19:24:03,707 [grpc-default-executor-4] INFO  client.GrpcClientProtocolClient (GrpcClientProtocolClient.java:onNext(255)) - client-DA9582518C67->1df8bd03-73ef-4b9c-8622-5dc9d0e29c31: receive RaftClientReply:client-DA9582518C67->1df8bd03-73ef-4b9c-8622-5dc9d0e29c31@group-F45402591F47, cid=1295, SUCCESS, logIndex=1784, commits[1df8bd03-73ef-4b9c-8622-5dc9d0e29c31:c1785, 12aca755-ada5-42df-801b-c61f99d8e8b8:c1783, a308b8bf-0324-43a1-a87f-1e10a96e3042:c1783]
2019-08-21 19:24:03,708 [grpc-default-executor-4] INFO  client.GrpcClientProtocolClient (GrpcClientProtocolClient.java:onNext(255)) - client-DA9582518C67->1df8bd03-73ef-4b9c-8622-5dc9d0e29c31: receive RaftClientReply:client-DA9582518C67->1df8bd03-73ef-4b9c-8622-5dc9d0e29c31@group-F45402591F47, cid=1296, SUCCESS, logIndex=1785, commits[1df8bd03-73ef-4b9c-8622-5dc9d0e29c31:c1785, 12aca755-ada5-42df-801b-c61f99d8e8b8:c1783, a308b8bf-0324-43a1-a87f-1e10a96e3042:c1783]
2019-08-21 19:24:03,708 | INFO  | DNAudit | user=null | ip=null | op=WRITE_CHUNK {blockData=conID: 3 locID: 102656602514260440 bcsId: 1781} | ret=SUCCESS |  
2019-08-21 19:24:03,708 | INFO  | DNAudit | user=null | ip=null | op=WRITE_CHUNK {blockData=conID: 3 locID: 102656602514260440 bcsId: 1781} | ret=SUCCESS |  
2019-08-21 19:24:03,708 | INFO  | DNAudit | user=null | ip=null | op=PUT_BLOCK {blockData=[blockId=conID: 3 locID: 102656602514260440 bcsId: 0,size=4194304]} | ret=SUCCESS |  
2019-08-21 19:24:03,708 | INFO  | DNAudit | user=null | ip=null | op=PUT_BLOCK {blockData=[blockId=conID: 3 locID: 102656602514260440 bcsId: 0,size=4194304]} | ret=SUCCESS |  
2019-08-21 19:24:03,709 [grpc-default-executor-4] INFO  client.GrpcClientProtocolClient (GrpcClientProtocolClient.java:onNext(255)) - client-DA9582518C67->1df8bd03-73ef-4b9c-8622-5dc9d0e29c31: receive RaftClientReply:client-DA9582518C67->1df8bd03-73ef-4b9c-8622-5dc9d0e29c31@group-F45402591F47, cid=1297, SUCCESS, logIndex=0, commits[1df8bd03-73ef-4b9c-8622-5dc9d0e29c31:c1786, 12aca755-ada5-42df-801b-c61f99d8e8b8:c1785, a308b8bf-0324-43a1-a87f-1e10a96e3042:c1785]
2019-08-21 19:24:03,712 | INFO  | SCMAudit | user=jenkins1000 | ip=192.168.69.88 | op=ALLOCATE_BLOCK {owner=a4b1d482-4fe6-4e71-84a6-a95f4ce3f696, size=4194304, type=RATIS, factor=THREE} | ret=SUCCESS |  
2019-08-21 19:24:03,714 | INFO  | OMAudit | user=jenkins1000 | ip=127.0.0.1 | op=ALLOCATE_BLOCK {volume=vol-0-90666, bucket=bucket-0-29336, key=key-0-94354, dataSize=0, replicationType=null, replicationFactor=null, keyLocationInfo=null, clientID=102656601977389458} | ret=SUCCESS |  
2019-08-21 19:24:03,720 | INFO  | DNAudit | user=null | ip=null | op=WRITE_CHUNK {blockData=conID: 1 locID: 102656602519110105 bcsId: 0} | ret=SUCCESS |  
2019-08-21 19:24:03,722 | INFO  | DNAudit | user=null | ip=null | op=WRITE_CHUNK {blockData=conID: 1 locID: 102656602519110105 bcsId: 0} | ret=SUCCESS |  
2019-08-21 19:24:03,729 | INFO  | DNAudit | user=null | ip=null | op=WRITE_CHUNK {blockData=conID: 1 locID: 102656602519110105 bcsId: 0} | ret=SUCCESS |  
2019-08-21 19:24:03,729 | INFO  | DNAudit | user=null | ip=null | op=WRITE_CHUNK {blockData=conID: 1 locID: 102656602519110105 bcsId: 0} | ret=SUCCESS |  
2019-08-21 19:24:03,729 | INFO  | DNAudit | user=null | ip=null | op=WRITE_CHUNK {blockData=conID: 1 locID: 102656602519110105 bcsId: 0} | ret=SUCCESS |  
2019-08-21 19:24:03,729 | INFO  | DNAudit | user=null | ip=null | op=WRITE_CHUNK {blockData=conID: 1 locID: 102656602519110105 bcsId: 0} | ret=SUCCESS |  
2019-08-21 19:24:03,751 | INFO  | DNAudit | user=null | ip=null | op=WRITE_CHUNK {blockData=conID: 1 locID: 102656602519110105 bcsId: 0} | ret=SUCCESS |  
2019-08-21 19:24:03,751 | INFO  | DNAudit | user=null | ip=null | op=PUT_BLOCK {blockData=[blockId=conID: 1 locID: 102656602519110105 bcsId: 0,size=1048576]} | ret=SUCCESS |  
2019-08-21 19:24:03,752 [grpc-default-executor-2] INFO  client.GrpcClientProtocolClient (GrpcClientProtocolClient.java:onNext(255)) - client-DA9582518C67->1df8bd03-73ef-4b9c-8622-5dc9d0e29c31: receive RaftClientReply:client-DA9582518C67->1df8bd03-73ef-4b9c-8622-5dc9d0e29c31@group-F45402591F47, cid=1298, SUCCESS, logIndex=1788, commits[1df8bd03-73ef-4b9c-8622-5dc9d0e29c31:c1791, 12aca755-ada5-42df-801b-c61f99d8e8b8:c1787, a308b8bf-0324-43a1-a87f-1e10a96e3042:c1787]
2019-08-21 19:24:03,752 | INFO  | DNAudit | user=null | ip=null | op=WRITE_CHUNK {blockData=conID: 1 locID: 102656602519110105 bcsId: 0} | ret=SUCCESS |  
2019-08-21 19:24:03,752 [grpc-default-executor-2] INFO  client.GrpcClientProtocolClient (GrpcClientProtocolClient.java:onNext(255)) - client-DA9582518C67->1df8bd03-73ef-4b9c-8622-5dc9d0e29c31: receive RaftClientReply:client-DA9582518C67->1df8bd03-73ef-4b9c-8622-5dc9d0e29c31@group-F45402591F47, cid=1299, SUCCESS, logIndex=1789, commits[1df8bd03-73ef-4b9c-8622-5dc9d0e29c31:c1791, 12aca755-ada5-42df-801b-c61f99d8e8b8:c1787, a308b8bf-0324-43a1-a87f-1e10a96e3042:c1787]
2019-08-21 19:24:03,752 | INFO  | DNAudit | user=null | ip=null | op=PUT_BLOCK {blockData=[blockId=conID: 1 locID: 102656602519110105 bcsId: 0,size=2097152]} | ret=SUCCESS |  
2019-08-21 19:24:03,752 [grpc-default-executor-2] INFO  client.GrpcClientProtocolClient (GrpcClientProtocolClient.java:onNext(255)) - client-DA9582518C67->1df8bd03-73ef-4b9c-8622-5dc9d0e29c31: receive RaftClientReply:client-DA9582518C67->1df8bd03-73ef-4b9c-8622-5dc9d0e29c31@group-F45402591F47, cid=1300, SUCCESS, logIndex=1790, commits[1df8bd03-73ef-4b9c-8622-5dc9d0e29c31:c1791, 12aca755-ada5-42df-801b-c61f99d8e8b8:c1787, a308b8bf-0324-43a1-a87f-1e10a96e3042:c1787]
2019-08-21 19:24:03,753 [grpc-default-executor-2] INFO  client.GrpcClientProtocolClient (GrpcClientProtocolClient.java:onNext(255)) - client-DA9582518C67->1df8bd03-73ef-4b9c-8622-5dc9d0e29c31: receive RaftClientReply:client-DA9582518C67->1df8bd03-73ef-4b9c-8622-5dc9d0e29c31@group-F45402591F47, cid=1301, SUCCESS, logIndex=1791, commits[1df8bd03-73ef-4b9c-8622-5dc9d0e29c31:c1791, 12aca755-ada5-42df-801b-c61f99d8e8b8:c1787, a308b8bf-0324-43a1-a87f-1e10a96e3042:c1787]
2019-08-21 19:24:03,758 | INFO  | DNAudit | user=null | ip=null | op=WRITE_CHUNK {blockData=conID: 1 locID: 102656602519110105 bcsId: 0} | ret=SUCCESS |  
2019-08-21 19:24:03,758 | INFO  | DNAudit | user=null | ip=null | op=WRITE_CHUNK {blockData=conID: 1 locID: 102656602519110105 bcsId: 0} | ret=SUCCESS |  
2019-08-21 19:24:03,758 | INFO  | DNAudit | user=null | ip=null | op=PUT_BLOCK {blockData=[blockId=conID: 1 locID: 102656602519110105 bcsId: 0,size=1048576]} | ret=SUCCESS |  
2019-08-21 19:24:03,758 | INFO  | DNAudit | user=null | ip=null | op=PUT_BLOCK {blockData=[blockId=conID: 1 locID: 102656602519110105 bcsId: 0,size=1048576]} | ret=SUCCESS |  
2019-08-21 19:24:03,759 | INFO  | DNAudit | user=null | ip=null | op=WRITE_CHUNK {blockData=conID: 1 locID: 102656602519110105 bcsId: 0} | ret=SUCCESS |  
2019-08-21 19:24:03,759 | INFO  | DNAudit | user=null | ip=null | op=WRITE_CHUNK {blockData=conID: 1 locID: 102656602519110105 bcsId: 0} | ret=SUCCESS |  
2019-08-21 19:24:03,759 [grpc-default-executor-4] INFO  client.GrpcClientProtocolClient (GrpcClientProtocolClient.java:onNext(255)) - client-DA9582518C67->1df8bd03-73ef-4b9c-8622-5dc9d0e29c31: receive RaftClientReply:client-DA9582518C67->1df8bd03-73ef-4b9c-8622-5dc9d0e29c31@group-F45402591F47, cid=1302, SUCCESS, logIndex=0, commits[1df8bd03-73ef-4b9c-8622-5dc9d0e29c31:c1792, 12aca755-ada5-42df-801b-c61f99d8e8b8:c1791, a308b8bf-0324-43a1-a87f-1e10a96e3042:c1791]
2019-08-21 19:24:03,759 | INFO  | DNAudit | user=null | ip=null | op=PUT_BLOCK {blockData=[blockId=conID: 1 locID: 102656602519110105 bcsId: 0,size=2097152]} | ret=SUCCESS |  
2019-08-21 19:24:03,759 | INFO  | DNAudit | user=null | ip=null | op=PUT_BLOCK {blockData=[blockId=conID: 1 locID: 102656602519110105 bcsId: 0,size=2097152]} | ret=SUCCESS |  
2019-08-21 19:24:03,765 | INFO  | DNAudit | user=null | ip=null | op=WRITE_CHUNK {blockData=conID: 1 locID: 102656602519110105 bcsId: 1791} | ret=SUCCESS |  
2019-08-21 19:24:03,768 | INFO  | DNAudit | user=null | ip=null | op=WRITE_CHUNK {blockData=conID: 1 locID: 102656602519110105 bcsId: 1791} | ret=SUCCESS |  
2019-08-21 19:24:03,768 | INFO  | DNAudit | user=null | ip=null | op=WRITE_CHUNK {blockData=conID: 1 locID: 102656602519110105 bcsId: 1791} | ret=SUCCESS |  
2019-08-21 19:24:03,773 | INFO  | DNAudit | user=null | ip=null | op=WRITE_CHUNK {blockData=conID: 1 locID: 102656602519110105 bcsId: 1791} | ret=SUCCESS |  
2019-08-21 19:24:03,774 | INFO  | DNAudit | user=null | ip=null | op=PUT_BLOCK {blockData=[blockId=conID: 1 locID: 102656602519110105 bcsId: 0,size=3145728]} | ret=SUCCESS |  
2019-08-21 19:24:03,774 [grpc-default-executor-2] INFO  client.GrpcClientProtocolClient (GrpcClientProtocolClient.java:onNext(255)) - client-DA9582518C67->1df8bd03-73ef-4b9c-8622-5dc9d0e29c31: receive RaftClientReply:client-DA9582518C67->1df8bd03-73ef-4b9c-8622-5dc9d0e29c31@group-F45402591F47, cid=1303, SUCCESS, logIndex=1794, commits[1df8bd03-73ef-4b9c-8622-5dc9d0e29c31:c1795, 12aca755-ada5-42df-801b-c61f99d8e8b8:c1793, a308b8bf-0324-43a1-a87f-1e10a96e3042:c1793]
2019-08-21 19:24:03,774 [grpc-default-executor-2] INFO  client.GrpcClientProtocolClient (GrpcClientProtocolClient.java:onNext(255)) - client-DA9582518C67->1df8bd03-73ef-4b9c-8622-5dc9d0e29c31: receive RaftClientReply:client-DA9582518C67->1df8bd03-73ef-4b9c-8622-5dc9d0e29c31@group-F45402591F47, cid=1304, SUCCESS, logIndex=1795, commits[1df8bd03-73ef-4b9c-8622-5dc9d0e29c31:c1795, 12aca755-ada5-42df-801b-c61f99d8e8b8:c1793, a308b8bf-0324-43a1-a87f-1e10a96e3042:c1793]
2019-08-21 19:24:03,780 | INFO  | DNAudit | user=null | ip=null | op=WRITE_CHUNK {blockData=conID: 1 locID: 102656602519110105 bcsId: 1795} | ret=SUCCESS |  
2019-08-21 19:24:03,783 | INFO  | DNAudit | user=null | ip=null | op=WRITE_CHUNK {blockData=conID: 1 locID: 102656602519110105 bcsId: 1795} | ret=SUCCESS |  
2019-08-21 19:24:03,783 | INFO  | DNAudit | user=null | ip=null | op=WRITE_CHUNK {blockData=conID: 1 locID: 102656602519110105 bcsId: 1795} | ret=SUCCESS |  
2019-08-21 19:24:03,786 | INFO  | DNAudit | user=null | ip=null | op=WRITE_CHUNK {blockData=conID: 1 locID: 102656602519110105 bcsId: 1791} | ret=SUCCESS |  
2019-08-21 19:24:03,786 | INFO  | DNAudit | user=null | ip=null | op=WRITE_CHUNK {blockData=conID: 1 locID: 102656602519110105 bcsId: 1791} | ret=SUCCESS |  
2019-08-21 19:24:03,787 | INFO  | DNAudit | user=null | ip=null | op=PUT_BLOCK {blockData=[blockId=conID: 1 locID: 102656602519110105 bcsId: 0,size=3145728]} | ret=SUCCESS |  
2019-08-21 19:24:03,787 | INFO  | DNAudit | user=null | ip=null | op=PUT_BLOCK {blockData=[blockId=conID: 1 locID: 102656602519110105 bcsId: 0,size=3145728]} | ret=SUCCESS |  
2019-08-21 19:24:03,788 | INFO  | DNAudit | user=null | ip=null | op=WRITE_CHUNK {blockData=conID: 1 locID: 102656602519110105 bcsId: 1795} | ret=SUCCESS |  
2019-08-21 19:24:03,788 | INFO  | DNAudit | user=null | ip=null | op=PUT_BLOCK {blockData=[blockId=conID: 1 locID: 102656602519110105 bcsId: 0,size=4194304]} | ret=SUCCESS |  
2019-08-21 19:24:03,788 [grpc-default-executor-2] INFO  client.GrpcClientProtocolClient (GrpcClientProtocolClient.java:onNext(255)) - client-DA9582518C67->1df8bd03-73ef-4b9c-8622-5dc9d0e29c31: receive RaftClientReply:client-DA9582518C67->1df8bd03-73ef-4b9c-8622-5dc9d0e29c31@group-F45402591F47, cid=1305, SUCCESS, logIndex=1798, commits[1df8bd03-73ef-4b9c-8622-5dc9d0e29c31:c1799, 12aca755-ada5-42df-801b-c61f99d8e8b8:c1795, a308b8bf-0324-43a1-a87f-1e10a96e3042:c1795]
2019-08-21 19:24:03,789 [grpc-default-executor-2] INFO  client.GrpcClientProtocolClient (GrpcClientProtocolClient.java:onNext(255)) - client-DA9582518C67->1df8bd03-73ef-4b9c-8622-5dc9d0e29c31: receive RaftClientReply:client-DA9582518C67->1df8bd03-73ef-4b9c-8622-5dc9d0e29c31@group-F45402591F47, cid=1306, SUCCESS, logIndex=1799, commits[1df8bd03-73ef-4b9c-8622-5dc9d0e29c31:c1799, 12aca755-ada5-42df-801b-c61f99d8e8b8:c1795, a308b8bf-0324-43a1-a87f-1e10a96e3042:c1795]
2019-08-21 19:24:03,797 | INFO  | DNAudit | user=null | ip=null | op=WRITE_CHUNK {blockData=conID: 1 locID: 102656602519110105 bcsId: 1795} | ret=SUCCESS |  
2019-08-21 19:24:03,798 | INFO  | DNAudit | user=null | ip=null | op=WRITE_CHUNK {blockData=conID: 1 locID: 102656602519110105 bcsId: 1795} | ret=SUCCESS |  
2019-08-21 19:24:03,798 | INFO  | DNAudit | user=null | ip=null | op=PUT_BLOCK {blockData=[blockId=conID: 1 locID: 102656602519110105 bcsId: 0,size=4194304]} | ret=SUCCESS |  
2019-08-21 19:24:03,799 | INFO  | DNAudit | user=null | ip=null | op=PUT_BLOCK {blockData=[blockId=conID: 1 locID: 102656602519110105 bcsId: 0,size=4194304]} | ret=SUCCESS |  
2019-08-21 19:24:03,799 [grpc-default-executor-2] INFO  client.GrpcClientProtocolClient (GrpcClientProtocolClient.java:onNext(255)) - client-DA9582518C67->1df8bd03-73ef-4b9c-8622-5dc9d0e29c31: receive RaftClientReply:client-DA9582518C67->1df8bd03-73ef-4b9c-8622-5dc9d0e29c31@group-F45402591F47, cid=1307, SUCCESS, logIndex=0, commits[1df8bd03-73ef-4b9c-8622-5dc9d0e29c31:c1801, 12aca755-ada5-42df-801b-c61f99d8e8b8:c1799, a308b8bf-0324-43a1-a87f-1e10a96e3042:c1799]
2019-08-21 19:24:03,804 | INFO  | SCMAudit | user=jenkins1000 | ip=192.168.69.88 | op=ALLOCATE_BLOCK {owner=a4b1d482-4fe6-4e71-84a6-a95f4ce3f696, size=4194304, type=RATIS, factor=THREE} | ret=SUCCESS |  
2019-08-21 19:24:03,807 | INFO  | OMAudit | user=jenkins1000 | ip=127.0.0.1 | op=ALLOCATE_BLOCK {volume=vol-0-90666, bucket=bucket-0-29336, key=key-0-94354, dataSize=0, replicationType=null, replicationFactor=null, keyLocationInfo=null, clientID=102656601977389458} | ret=SUCCESS |  
2019-08-21 19:24:03,813 | INFO  | DNAudit | user=null | ip=null | op=WRITE_CHUNK {blockData=conID: 2 locID: 102656602525139418 bcsId: 0} | ret=SUCCESS |  
2019-08-21 19:24:03,816 | INFO  | DNAudit | user=null | ip=null | op=WRITE_CHUNK {blockData=conID: 2 locID: 102656602525139418 bcsId: 0} | ret=SUCCESS |  
2019-08-21 19:24:03,816 | INFO  | DNAudit | user=null | ip=null | op=WRITE_CHUNK {blockData=conID: 2 locID: 102656602525139418 bcsId: 0} | ret=SUCCESS |  
2019-08-21 19:24:03,817 | INFO  | DNAudit | user=null | ip=null | op=WRITE_CHUNK {blockData=conID: 2 locID: 102656602525139418 bcsId: 0} | ret=SUCCESS |  
2019-08-21 19:24:03,819 | INFO  | DNAudit | user=null | ip=null | op=WRITE_CHUNK {blockData=conID: 2 locID: 102656602525139418 bcsId: 0} | ret=SUCCESS |  
2019-08-21 19:24:03,820 | INFO  | DNAudit | user=null | ip=null | op=WRITE_CHUNK {blockData=conID: 2 locID: 102656602525139418 bcsId: 0} | ret=SUCCESS |  
2019-08-21 19:24:03,826 | INFO  | DNAudit | user=null | ip=null | op=WRITE_CHUNK {blockData=conID: 2 locID: 102656602525139418 bcsId: 0} | ret=SUCCESS |  
2019-08-21 19:24:03,827 | INFO  | DNAudit | user=null | ip=null | op=PUT_BLOCK {blockData=[blockId=conID: 2 locID: 102656602525139418 bcsId: 0,size=1048576]} | ret=SUCCESS |  
2019-08-21 19:24:03,827 | INFO  | DNAudit | user=null | ip=null | op=WRITE_CHUNK {blockData=conID: 2 locID: 102656602525139418 bcsId: 0} | ret=SUCCESS |  
2019-08-21 19:24:03,827 [grpc-default-executor-0] INFO  client.GrpcClientProtocolClient (GrpcClientProtocolClient.java:onNext(255)) - client-DA9582518C67->1df8bd03-73ef-4b9c-8622-5dc9d0e29c31: receive RaftClientReply:client-DA9582518C67->1df8bd03-73ef-4b9c-8622-5dc9d0e29c31@group-F45402591F47, cid=1308, SUCCESS, logIndex=1802, commits[1df8bd03-73ef-4b9c-8622-5dc9d0e29c31:c1803, 12aca755-ada5-42df-801b-c61f99d8e8b8:c1801, a308b8bf-0324-43a1-a87f-1e10a96e3042:c1801]
2019-08-21 19:24:03,827 | INFO  | DNAudit | user=null | ip=null | op=PUT_BLOCK {blockData=[blockId=conID: 2 locID: 102656602525139418 bcsId: 0,size=2097152]} | ret=SUCCESS |  
2019-08-21 19:24:03,828 [grpc-default-executor-0] INFO  client.GrpcClientProtocolClient (GrpcClientProtocolClient.java:onNext(255)) - client-DA9582518C67->1df8bd03-73ef-4b9c-8622-5dc9d0e29c31: receive RaftClientReply:client-DA9582518C67->1df8bd03-73ef-4b9c-8622-5dc9d0e29c31@group-F45402591F47, cid=1309, SUCCESS, logIndex=1803, commits[1df8bd03-73ef-4b9c-8622-5dc9d0e29c31:c1804, 12aca755-ada5-42df-801b-c61f99d8e8b8:c1801, a308b8bf-0324-43a1-a87f-1e10a96e3042:c1801]
2019-08-21 19:24:03,828 [grpc-default-executor-0] INFO  client.GrpcClientProtocolClient (GrpcClientProtocolClient.java:onNext(255)) - client-DA9582518C67->1df8bd03-73ef-4b9c-8622-5dc9d0e29c31: receive RaftClientReply:client-DA9582518C67->1df8bd03-73ef-4b9c-8622-5dc9d0e29c31@group-F45402591F47, cid=1310, SUCCESS, logIndex=1804, commits[1df8bd03-73ef-4b9c-8622-5dc9d0e29c31:c1805, 12aca755-ada5-42df-801b-c61f99d8e8b8:c1801, a308b8bf-0324-43a1-a87f-1e10a96e3042:c1801]
2019-08-21 19:24:03,828 [grpc-default-executor-0] INFO  client.GrpcClientProtocolClient (GrpcClientProtocolClient.java:onNext(255)) - client-DA9582518C67->1df8bd03-73ef-4b9c-8622-5dc9d0e29c31: receive RaftClientReply:client-DA9582518C67->1df8bd03-73ef-4b9c-8622-5dc9d0e29c31@group-F45402591F47, cid=1311, SUCCESS, logIndex=1805, commits[1df8bd03-73ef-4b9c-8622-5dc9d0e29c31:c1805, 12aca755-ada5-42df-801b-c61f99d8e8b8:c1801, a308b8bf-0324-43a1-a87f-1e10a96e3042:c1801]
2019-08-21 19:24:03,828 | INFO  | DNAudit | user=null | ip=null | op=WRITE_CHUNK {blockData=conID: 2 locID: 102656602525139418 bcsId: 0} | ret=SUCCESS |  
2019-08-21 19:24:03,829 | INFO  | DNAudit | user=null | ip=null | op=PUT_BLOCK {blockData=[blockId=conID: 2 locID: 102656602525139418 bcsId: 0,size=1048576]} | ret=SUCCESS |  
2019-08-21 19:24:03,829 | INFO  | DNAudit | user=null | ip=null | op=WRITE_CHUNK {blockData=conID: 2 locID: 102656602525139418 bcsId: 0} | ret=SUCCESS |  
2019-08-21 19:24:03,829 | INFO  | DNAudit | user=null | ip=null | op=PUT_BLOCK {blockData=[blockId=conID: 2 locID: 102656602525139418 bcsId: 0,size=1048576]} | ret=SUCCESS |  
2019-08-21 19:24:03,829 [grpc-default-executor-0] INFO  client.GrpcClientProtocolClient (GrpcClientProtocolClient.java:onNext(255)) - client-DA9582518C67->1df8bd03-73ef-4b9c-8622-5dc9d0e29c31: receive RaftClientReply:client-DA9582518C67->1df8bd03-73ef-4b9c-8622-5dc9d0e29c31@group-F45402591F47, cid=1312, SUCCESS, logIndex=0, commits[1df8bd03-73ef-4b9c-8622-5dc9d0e29c31:c1807, 12aca755-ada5-42df-801b-c61f99d8e8b8:c1803, a308b8bf-0324-43a1-a87f-1e10a96e3042:c1803]
2019-08-21 19:24:03,830 | INFO  | DNAudit | user=null | ip=null | op=WRITE_CHUNK {blockData=conID: 2 locID: 102656602525139418 bcsId: 0} | ret=SUCCESS |  
2019-08-21 19:24:03,830 | INFO  | DNAudit | user=null | ip=null | op=PUT_BLOCK {blockData=[blockId=conID: 2 locID: 102656602525139418 bcsId: 0,size=2097152]} | ret=SUCCESS |  
2019-08-21 19:24:03,830 | INFO  | DNAudit | user=null | ip=null | op=WRITE_CHUNK {blockData=conID: 2 locID: 102656602525139418 bcsId: 0} | ret=SUCCESS |  
2019-08-21 19:24:03,830 | INFO  | DNAudit | user=null | ip=null | op=PUT_BLOCK {blockData=[blockId=conID: 2 locID: 102656602525139418 bcsId: 0,size=2097152]} | ret=SUCCESS |  
2019-08-21 19:24:03,835 | INFO  | DNAudit | user=null | ip=null | op=WRITE_CHUNK {blockData=conID: 2 locID: 102656602525139418 bcsId: 1805} | ret=SUCCESS |  
2019-08-21 19:24:03,838 | INFO  | DNAudit | user=null | ip=null | op=WRITE_CHUNK {blockData=conID: 2 locID: 102656602525139418 bcsId: 1805} | ret=SUCCESS |  
2019-08-21 19:24:03,838 | INFO  | DNAudit | user=null | ip=null | op=WRITE_CHUNK {blockData=conID: 2 locID: 102656602525139418 bcsId: 1805} | ret=SUCCESS |  
2019-08-21 19:24:03,848 | INFO  | DNAudit | user=null | ip=null | op=WRITE_CHUNK {blockData=conID: 2 locID: 102656602525139418 bcsId: 1805} | ret=SUCCESS |  
2019-08-21 19:24:03,849 | INFO  | DNAudit | user=null | ip=null | op=PUT_BLOCK {blockData=[blockId=conID: 2 locID: 102656602525139418 bcsId: 0,size=3145728]} | ret=SUCCESS |  
2019-08-21 19:24:03,849 [grpc-default-executor-0] INFO  client.GrpcClientProtocolClient (GrpcClientProtocolClient.java:onNext(255)) - client-DA9582518C67->1df8bd03-73ef-4b9c-8622-5dc9d0e29c31: receive RaftClientReply:client-DA9582518C67->1df8bd03-73ef-4b9c-8622-5dc9d0e29c31@group-F45402591F47, cid=1313, SUCCESS, logIndex=1810, commits[1df8bd03-73ef-4b9c-8622-5dc9d0e29c31:c1811, 12aca755-ada5-42df-801b-c61f99d8e8b8:c1809, a308b8bf-0324-43a1-a87f-1e10a96e3042:c1809]
2019-08-21 19:24:03,849 [grpc-default-executor-0] INFO  client.GrpcClientProtocolClient (GrpcClientProtocolClient.java:onNext(255)) - client-DA9582518C67->1df8bd03-73ef-4b9c-8622-5dc9d0e29c31: receive RaftClientReply:client-DA9582518C67->1df8bd03-73ef-4b9c-8622-5dc9d0e29c31@group-F45402591F47, cid=1314, SUCCESS, logIndex=1811, commits[1df8bd03-73ef-4b9c-8622-5dc9d0e29c31:c1811, 12aca755-ada5-42df-801b-c61f99d8e8b8:c1809, a308b8bf-0324-43a1-a87f-1e10a96e3042:c1809]
2019-08-21 19:24:03,850 | INFO  | DNAudit | user=null | ip=null | op=WRITE_CHUNK {blockData=conID: 2 locID: 102656602525139418 bcsId: 1805} | ret=SUCCESS |  
2019-08-21 19:24:03,850 | INFO  | DNAudit | user=null | ip=null | op=WRITE_CHUNK {blockData=conID: 2 locID: 102656602525139418 bcsId: 1805} | ret=SUCCESS |  
2019-08-21 19:24:03,850 | INFO  | DNAudit | user=null | ip=null | op=PUT_BLOCK {blockData=[blockId=conID: 2 locID: 102656602525139418 bcsId: 0,size=3145728]} | ret=SUCCESS |  
2019-08-21 19:24:03,850 | INFO  | DNAudit | user=null | ip=null | op=PUT_BLOCK {blockData=[blockId=conID: 2 locID: 102656602525139418 bcsId: 0,size=3145728]} | ret=SUCCESS |  
2019-08-21 19:24:03,855 | INFO  | DNAudit | user=null | ip=null | op=WRITE_CHUNK {blockData=conID: 2 locID: 102656602525139418 bcsId: 1811} | ret=SUCCESS |  
2019-08-21 19:24:03,858 | INFO  | DNAudit | user=null | ip=null | op=WRITE_CHUNK {blockData=conID: 2 locID: 102656602525139418 bcsId: 1811} | ret=SUCCESS |  
2019-08-21 19:24:03,858 | INFO  | DNAudit | user=null | ip=null | op=WRITE_CHUNK {blockData=conID: 2 locID: 102656602525139418 bcsId: 1811} | ret=SUCCESS |  
2019-08-21 19:24:03,915 | INFO  | DNAudit | user=null | ip=null | op=WRITE_CHUNK {blockData=conID: 2 locID: 102656602525139418 bcsId: 1811} | ret=SUCCESS |  
2019-08-21 19:24:03,916 | INFO  | DNAudit | user=null | ip=null | op=PUT_BLOCK {blockData=[blockId=conID: 2 locID: 102656602525139418 bcsId: 0,size=4194304]} | ret=SUCCESS |  
2019-08-21 19:24:03,916 [grpc-default-executor-5] INFO  client.GrpcClientProtocolClient (GrpcClientProtocolClient.java:onNext(255)) - client-DA9582518C67->1df8bd03-73ef-4b9c-8622-5dc9d0e29c31: receive RaftClientReply:client-DA9582518C67->1df8bd03-73ef-4b9c-8622-5dc9d0e29c31@group-F45402591F47, cid=1315, SUCCESS, logIndex=1814, commits[1df8bd03-73ef-4b9c-8622-5dc9d0e29c31:c1815, 12aca755-ada5-42df-801b-c61f99d8e8b8:c1812, a308b8bf-0324-43a1-a87f-1e10a96e3042:c1812]
2019-08-21 19:24:03,916 [grpc-default-executor-5] INFO  client.GrpcClientProtocolClient (GrpcClientProtocolClient.java:onNext(255)) - client-DA9582518C67->1df8bd03-73ef-4b9c-8622-5dc9d0e29c31: receive RaftClientReply:client-DA9582518C67->1df8bd03-73ef-4b9c-8622-5dc9d0e29c31@group-F45402591F47, cid=1316, SUCCESS, logIndex=1815, commits[1df8bd03-73ef-4b9c-8622-5dc9d0e29c31:c1815, 12aca755-ada5-42df-801b-c61f99d8e8b8:c1812, a308b8bf-0324-43a1-a87f-1e10a96e3042:c1812]
2019-08-21 19:24:03,946 | INFO  | SCMAudit | user=jenkins1000 | ip=192.168.69.88 | op=SEND_HEARTBEAT {datanodeUUID=a308b8bf-0324-43a1-a87f-1e10a96e3042, command=[]} | ret=SUCCESS |  
2019-08-21 19:24:03,946 | INFO  | SCMAudit | user=jenkins1000 | ip=192.168.69.88 | op=SEND_HEARTBEAT {datanodeUUID=12aca755-ada5-42df-801b-c61f99d8e8b8, command=[]} | ret=SUCCESS |  
2019-08-21 19:24:03,947 | INFO  | SCMAudit | user=jenkins1000 | ip=192.168.69.88 | op=SEND_HEARTBEAT {datanodeUUID=1df8bd03-73ef-4b9c-8622-5dc9d0e29c31, command=[]} | ret=SUCCESS |  
2019-08-21 19:24:04,191 | INFO  | SCMAudit | user=jenkins1000 | ip=192.168.69.88 | op=SEND_HEARTBEAT {datanodeUUID=cfaf9666-ca64-459e-bd34-ff7c349f752a, command=[]} | ret=SUCCESS |  
2019-08-21 19:24:04,582 | INFO  | SCMAudit | user=jenkins1000 | ip=192.168.69.88 | op=SEND_HEARTBEAT {datanodeUUID=c4b21f74-9dba-4f39-a92d-300bdd5c7775, command=[]} | ret=SUCCESS |  
 0.00% |█                                                                                                    |  0/1 Time: 0:00:092019-08-21 19:24:04,618 | INFO  | DNAudit | user=null | ip=null | op=WRITE_CHUNK {blockData=conID: 2 locID: 102656602525139418 bcsId: 1811} | ret=SUCCESS |  
2019-08-21 19:24:04,618 | INFO  | DNAudit | user=null | ip=null | op=WRITE_CHUNK {blockData=conID: 2 locID: 102656602525139418 bcsId: 1811} | ret=SUCCESS |  
2019-08-21 19:24:04,619 | INFO  | DNAudit | user=null | ip=null | op=PUT_BLOCK {blockData=[blockId=conID: 2 locID: 102656602525139418 bcsId: 0,size=4194304]} | ret=SUCCESS |  
2019-08-21 19:24:04,619 | INFO  | DNAudit | user=null | ip=null | op=PUT_BLOCK {blockData=[blockId=conID: 2 locID: 102656602525139418 bcsId: 0,size=4194304]} | ret=SUCCESS |  
2019-08-21 19:24:04,619 [grpc-default-executor-0] INFO  client.GrpcClientProtocolClient (GrpcClientProtocolClient.java:onNext(255)) - client-DA9582518C67->1df8bd03-73ef-4b9c-8622-5dc9d0e29c31: receive RaftClientReply:client-DA9582518C67->1df8bd03-73ef-4b9c-8622-5dc9d0e29c31@group-F45402591F47, cid=1317, SUCCESS, logIndex=0, commits[1df8bd03-73ef-4b9c-8622-5dc9d0e29c31:c1816, 12aca755-ada5-42df-801b-c61f99d8e8b8:c1815, a308b8bf-0324-43a1-a87f-1e10a96e3042:c1815]
2019-08-21 19:24:04,625 | INFO  | SCMAudit | user=jenkins1000 | ip=192.168.69.88 | op=ALLOCATE_BLOCK {owner=a4b1d482-4fe6-4e71-84a6-a95f4ce3f696, size=4194304, type=RATIS, factor=THREE} | ret=SUCCESS |  
2019-08-21 19:24:04,629 | INFO  | OMAudit | user=jenkins1000 | ip=127.0.0.1 | op=ALLOCATE_BLOCK {volume=vol-0-90666, bucket=bucket-0-29336, key=key-0-94354, dataSize=0, replicationType=null, replicationFactor=null, keyLocationInfo=null, clientID=102656601977389458} | ret=SUCCESS |  
2019-08-21 19:24:04,638 | INFO  | DNAudit | user=null | ip=null | op=WRITE_CHUNK {blockData=conID: 3 locID: 102656602578944475 bcsId: 0} | ret=SUCCESS |  
2019-08-21 19:24:04,641 | INFO  | DNAudit | user=null | ip=null | op=WRITE_CHUNK {blockData=conID: 3 locID: 102656602578944475 bcsId: 0} | ret=SUCCESS |  
2019-08-21 19:24:04,642 | INFO  | DNAudit | user=null | ip=null | op=WRITE_CHUNK {blockData=conID: 3 locID: 102656602578944475 bcsId: 0} | ret=SUCCESS |  
2019-08-21 19:24:04,642 | INFO  | DNAudit | user=null | ip=null | op=WRITE_CHUNK {blockData=conID: 3 locID: 102656602578944475 bcsId: 0} | ret=SUCCESS |  
2019-08-21 19:24:04,646 | INFO  | DNAudit | user=null | ip=null | op=WRITE_CHUNK {blockData=conID: 3 locID: 102656602578944475 bcsId: 0} | ret=SUCCESS |  
2019-08-21 19:24:04,646 | INFO  | DNAudit | user=null | ip=null | op=WRITE_CHUNK {blockData=conID: 3 locID: 102656602578944475 bcsId: 0} | ret=SUCCESS |  
2019-08-21 19:24:04,647 | INFO  | DNAudit | user=null | ip=null | op=WRITE_CHUNK {blockData=conID: 3 locID: 102656602578944475 bcsId: 0} | ret=SUCCESS |  
2019-08-21 19:24:04,647 | INFO  | DNAudit | user=null | ip=null | op=PUT_BLOCK {blockData=[blockId=conID: 3 locID: 102656602578944475 bcsId: 0,size=1048576]} | ret=SUCCESS |  
2019-08-21 19:24:04,648 [grpc-default-executor-2] INFO  client.GrpcClientProtocolClient (GrpcClientProtocolClient.java:onNext(255)) - client-DA9582518C67->1df8bd03-73ef-4b9c-8622-5dc9d0e29c31: receive RaftClientReply:client-DA9582518C67->1df8bd03-73ef-4b9c-8622-5dc9d0e29c31@group-F45402591F47, cid=1318, SUCCESS, logIndex=1818, commits[1df8bd03-73ef-4b9c-8622-5dc9d0e29c31:c1819, 12aca755-ada5-42df-801b-c61f99d8e8b8:c1817, a308b8bf-0324-43a1-a87f-1e10a96e3042:c1817]
2019-08-21 19:24:04,648 | INFO  | DNAudit | user=null | ip=null | op=WRITE_CHUNK {blockData=conID: 3 locID: 102656602578944475 bcsId: 0} | ret=SUCCESS |  
2019-08-21 19:24:04,648 [grpc-default-executor-2] INFO  client.GrpcClientProtocolClient (GrpcClientProtocolClient.java:onNext(255)) - client-DA9582518C67->1df8bd03-73ef-4b9c-8622-5dc9d0e29c31: receive RaftClientReply:client-DA9582518C67->1df8bd03-73ef-4b9c-8622-5dc9d0e29c31@group-F45402591F47, cid=1319, SUCCESS, logIndex=1819, commits[1df8bd03-73ef-4b9c-8622-5dc9d0e29c31:c1819, 12aca755-ada5-42df-801b-c61f99d8e8b8:c1817, a308b8bf-0324-43a1-a87f-1e10a96e3042:c1817]
2019-08-21 19:24:04,649 | INFO  | DNAudit | user=null | ip=null | op=PUT_BLOCK {blockData=[blockId=conID: 3 locID: 102656602578944475 bcsId: 0,size=2097152]} | ret=SUCCESS |  
2019-08-21 19:24:04,649 [grpc-default-executor-2] INFO  client.GrpcClientProtocolClient (GrpcClientProtocolClient.java:onNext(255)) - client-DA9582518C67->1df8bd03-73ef-4b9c-8622-5dc9d0e29c31: receive RaftClientReply:client-DA9582518C67->1df8bd03-73ef-4b9c-8622-5dc9d0e29c31@group-F45402591F47, cid=1320, SUCCESS, logIndex=1820, commits[1df8bd03-73ef-4b9c-8622-5dc9d0e29c31:c1821, 12aca755-ada5-42df-801b-c61f99d8e8b8:c1817, a308b8bf-0324-43a1-a87f-1e10a96e3042:c1817]
2019-08-21 19:24:04,649 [grpc-default-executor-2] INFO  client.GrpcClientProtocolClient (GrpcClientProtocolClient.java:onNext(255)) - client-DA9582518C67->1df8bd03-73ef-4b9c-8622-5dc9d0e29c31: receive RaftClientReply:client-DA9582518C67->1df8bd03-73ef-4b9c-8622-5dc9d0e29c31@group-F45402591F47, cid=1321, SUCCESS, logIndex=1821, commits[1df8bd03-73ef-4b9c-8622-5dc9d0e29c31:c1821, 12aca755-ada5-42df-801b-c61f99d8e8b8:c1817, a308b8bf-0324-43a1-a87f-1e10a96e3042:c1817]
2019-08-21 19:24:04,650 | INFO  | DNAudit | user=null | ip=null | op=WRITE_CHUNK {blockData=conID: 3 locID: 102656602578944475 bcsId: 0} | ret=SUCCESS |  
2019-08-21 19:24:04,650 | INFO  | DNAudit | user=null | ip=null | op=PUT_BLOCK {blockData=[blockId=conID: 3 locID: 102656602578944475 bcsId: 0,size=1048576]} | ret=SUCCESS |  
2019-08-21 19:24:04,651 | INFO  | DNAudit | user=null | ip=null | op=WRITE_CHUNK {blockData=conID: 3 locID: 102656602578944475 bcsId: 0} | ret=SUCCESS |  
2019-08-21 19:24:04,651 | INFO  | DNAudit | user=null | ip=null | op=PUT_BLOCK {blockData=[blockId=conID: 3 locID: 102656602578944475 bcsId: 0,size=1048576]} | ret=SUCCESS |  
2019-08-21 19:24:04,652 | INFO  | DNAudit | user=null | ip=null | op=WRITE_CHUNK {blockData=conID: 3 locID: 102656602578944475 bcsId: 0} | ret=SUCCESS |  
2019-08-21 19:24:04,651 [grpc-default-executor-2] INFO  client.GrpcClientProtocolClient (GrpcClientProtocolClient.java:onNext(255)) - client-DA9582518C67->1df8bd03-73ef-4b9c-8622-5dc9d0e29c31: receive RaftClientReply:client-DA9582518C67->1df8bd03-73ef-4b9c-8622-5dc9d0e29c31@group-F45402591F47, cid=1322, SUCCESS, logIndex=0, commits[1df8bd03-73ef-4b9c-8622-5dc9d0e29c31:c1823, 12aca755-ada5-42df-801b-c61f99d8e8b8:c1819, a308b8bf-0324-43a1-a87f-1e10a96e3042:c1819]
2019-08-21 19:24:04,652 | INFO  | DNAudit | user=null | ip=null | op=PUT_BLOCK {blockData=[blockId=conID: 3 locID: 102656602578944475 bcsId: 0,size=2097152]} | ret=SUCCESS |  
2019-08-21 19:24:04,660 | INFO  | DNAudit | user=null | ip=null | op=WRITE_CHUNK {blockData=conID: 3 locID: 102656602578944475 bcsId: 1821} | ret=SUCCESS |  
2019-08-21 19:24:04,662 | INFO  | DNAudit | user=null | ip=null | op=WRITE_CHUNK {blockData=conID: 3 locID: 102656602578944475 bcsId: 0} | ret=SUCCESS |  
2019-08-21 19:24:04,662 | INFO  | DNAudit | user=null | ip=null | op=PUT_BLOCK {blockData=[blockId=conID: 3 locID: 102656602578944475 bcsId: 0,size=2097152]} | ret=SUCCESS |  
2019-08-21 19:24:04,663 | INFO  | DNAudit | user=null | ip=null | op=WRITE_CHUNK {blockData=conID: 3 locID: 102656602578944475 bcsId: 1821} | ret=SUCCESS |  
2019-08-21 19:24:04,664 | INFO  | DNAudit | user=null | ip=null | op=WRITE_CHUNK {blockData=conID: 3 locID: 102656602578944475 bcsId: 1821} | ret=SUCCESS |  
2019-08-21 19:24:04,691 | INFO  | DNAudit | user=null | ip=null | op=WRITE_CHUNK {blockData=conID: 3 locID: 102656602578944475 bcsId: 1821} | ret=SUCCESS |  
2019-08-21 19:24:04,692 | INFO  | DNAudit | user=null | ip=null | op=PUT_BLOCK {blockData=[blockId=conID: 3 locID: 102656602578944475 bcsId: 0,size=3145728]} | ret=SUCCESS |  
2019-08-21 19:24:04,692 [grpc-default-executor-2] INFO  client.GrpcClientProtocolClient (GrpcClientProtocolClient.java:onNext(255)) - client-DA9582518C67->1df8bd03-73ef-4b9c-8622-5dc9d0e29c31: receive RaftClientReply:client-DA9582518C67->1df8bd03-73ef-4b9c-8622-5dc9d0e29c31@group-F45402591F47, cid=1323, SUCCESS, logIndex=1826, commits[1df8bd03-73ef-4b9c-8622-5dc9d0e29c31:c1827, 12aca755-ada5-42df-801b-c61f99d8e8b8:c1825, a308b8bf-0324-43a1-a87f-1e10a96e3042:c1825]
2019-08-21 19:24:04,693 [grpc-default-executor-2] INFO  client.GrpcClientProtocolClient (GrpcClientProtocolClient.java:onNext(255)) - client-DA9582518C67->1df8bd03-73ef-4b9c-8622-5dc9d0e29c31: receive RaftClientReply:client-DA9582518C67->1df8bd03-73ef-4b9c-8622-5dc9d0e29c31@group-F45402591F47, cid=1324, SUCCESS, logIndex=1827, commits[1df8bd03-73ef-4b9c-8622-5dc9d0e29c31:c1827, 12aca755-ada5-42df-801b-c61f99d8e8b8:c1825, a308b8bf-0324-43a1-a87f-1e10a96e3042:c1825]
2019-08-21 19:24:04,700 | INFO  | DNAudit | user=null | ip=null | op=WRITE_CHUNK {blockData=conID: 3 locID: 102656602578944475 bcsId: 1827} | ret=SUCCESS |  
2019-08-21 19:24:04,702 | INFO  | DNAudit | user=null | ip=null | op=WRITE_CHUNK {blockData=conID: 3 locID: 102656602578944475 bcsId: 1821} | ret=SUCCESS |  
2019-08-21 19:24:04,702 | INFO  | DNAudit | user=null | ip=null | op=WRITE_CHUNK {blockData=conID: 3 locID: 102656602578944475 bcsId: 1821} | ret=SUCCESS |  
2019-08-21 19:24:04,703 | INFO  | DNAudit | user=null | ip=null | op=PUT_BLOCK {blockData=[blockId=conID: 3 locID: 102656602578944475 bcsId: 0,size=3145728]} | ret=SUCCESS |  
2019-08-21 19:24:04,703 | INFO  | DNAudit | user=null | ip=null | op=PUT_BLOCK {blockData=[blockId=conID: 3 locID: 102656602578944475 bcsId: 0,size=3145728]} | ret=SUCCESS |  
2019-08-21 19:24:04,704 | INFO  | DNAudit | user=null | ip=null | op=WRITE_CHUNK {blockData=conID: 3 locID: 102656602578944475 bcsId: 1827} | ret=SUCCESS |  
2019-08-21 19:24:04,705 | INFO  | DNAudit | user=null | ip=null | op=WRITE_CHUNK {blockData=conID: 3 locID: 102656602578944475 bcsId: 1827} | ret=SUCCESS |  
2019-08-21 19:24:04,720 | INFO  | DNAudit | user=null | ip=null | op=WRITE_CHUNK {blockData=conID: 3 locID: 102656602578944475 bcsId: 1827} | ret=SUCCESS |  
2019-08-21 19:24:04,720 | INFO  | DNAudit | user=null | ip=null | op=PUT_BLOCK {blockData=[blockId=conID: 3 locID: 102656602578944475 bcsId: 0,size=4194304]} | ret=SUCCESS |  
2019-08-21 19:24:04,721 [grpc-default-executor-2] INFO  client.GrpcClientProtocolClient (GrpcClientProtocolClient.java:onNext(255)) - client-DA9582518C67->1df8bd03-73ef-4b9c-8622-5dc9d0e29c31: receive RaftClientReply:client-DA9582518C67->1df8bd03-73ef-4b9c-8622-5dc9d0e29c31@group-F45402591F47, cid=1325, SUCCESS, logIndex=1830, commits[1df8bd03-73ef-4b9c-8622-5dc9d0e29c31:c1831, 12aca755-ada5-42df-801b-c61f99d8e8b8:c1827, a308b8bf-0324-43a1-a87f-1e10a96e3042:c1827]
2019-08-21 19:24:04,721 [grpc-default-executor-2] INFO  client.GrpcClientProtocolClient (GrpcClientProtocolClient.java:onNext(255)) - client-DA9582518C67->1df8bd03-73ef-4b9c-8622-5dc9d0e29c31: receive RaftClientReply:client-DA9582518C67->1df8bd03-73ef-4b9c-8622-5dc9d0e29c31@group-F45402591F47, cid=1326, SUCCESS, logIndex=1831, commits[1df8bd03-73ef-4b9c-8622-5dc9d0e29c31:c1831, 12aca755-ada5-42df-801b-c61f99d8e8b8:c1827, a308b8bf-0324-43a1-a87f-1e10a96e3042:c1827]
2019-08-21 19:24:04,728 | INFO  | DNAudit | user=null | ip=null | op=WRITE_CHUNK {blockData=conID: 3 locID: 102656602578944475 bcsId: 1827} | ret=SUCCESS |  
2019-08-21 19:24:04,728 | INFO  | DNAudit | user=null | ip=null | op=WRITE_CHUNK {blockData=conID: 3 locID: 102656602578944475 bcsId: 1827} | ret=SUCCESS |  
2019-08-21 19:24:04,728 | INFO  | DNAudit | user=null | ip=null | op=PUT_BLOCK {blockData=[blockId=conID: 3 locID: 102656602578944475 bcsId: 0,size=4194304]} | ret=SUCCESS |  
2019-08-21 19:24:04,728 | INFO  | DNAudit | user=null | ip=null | op=PUT_BLOCK {blockData=[blockId=conID: 3 locID: 102656602578944475 bcsId: 0,size=4194304]} | ret=SUCCESS |  
2019-08-21 19:24:04,729 [grpc-default-executor-2] INFO  client.GrpcClientProtocolClient (GrpcClientProtocolClient.java:onNext(255)) - client-DA9582518C67->1df8bd03-73ef-4b9c-8622-5dc9d0e29c31: receive RaftClientReply:client-DA9582518C67->1df8bd03-73ef-4b9c-8622-5dc9d0e29c31@group-F45402591F47, cid=1327, SUCCESS, logIndex=0, commits[1df8bd03-73ef-4b9c-8622-5dc9d0e29c31:c1832, 12aca755-ada5-42df-801b-c61f99d8e8b8:c1831, a308b8bf-0324-43a1-a87f-1e10a96e3042:c1831]
2019-08-21 19:24:04,734 | INFO  | SCMAudit | user=jenkins1000 | ip=192.168.69.88 | op=ALLOCATE_BLOCK {owner=a4b1d482-4fe6-4e71-84a6-a95f4ce3f696, size=4194304, type=RATIS, factor=THREE} | ret=SUCCESS |  
2019-08-21 19:24:04,738 | INFO  | OMAudit | user=jenkins1000 | ip=127.0.0.1 | op=ALLOCATE_BLOCK {volume=vol-0-90666, bucket=bucket-0-29336, key=key-0-94354, dataSize=0, replicationType=null, replicationFactor=null, keyLocationInfo=null, clientID=102656601977389458} | ret=SUCCESS |  
2019-08-21 19:24:04,746 | INFO  | DNAudit | user=null | ip=null | op=WRITE_CHUNK {blockData=conID: 1 locID: 102656602586087900 bcsId: 0} | ret=SUCCESS |  
2019-08-21 19:24:04,749 | INFO  | DNAudit | user=null | ip=null | op=WRITE_CHUNK {blockData=conID: 1 locID: 102656602586087900 bcsId: 0} | ret=SUCCESS |  
2019-08-21 19:24:04,749 | INFO  | DNAudit | user=null | ip=null | op=WRITE_CHUNK {blockData=conID: 1 locID: 102656602586087900 bcsId: 0} | ret=SUCCESS |  
2019-08-21 19:24:04,749 | INFO  | DNAudit | user=null | ip=null | op=WRITE_CHUNK {blockData=conID: 1 locID: 102656602586087900 bcsId: 0} | ret=SUCCESS |  
2019-08-21 19:24:04,752 | INFO  | DNAudit | user=null | ip=null | op=WRITE_CHUNK {blockData=conID: 1 locID: 102656602586087900 bcsId: 0} | ret=SUCCESS |  
2019-08-21 19:24:04,753 | INFO  | DNAudit | user=null | ip=null | op=WRITE_CHUNK {blockData=conID: 1 locID: 102656602586087900 bcsId: 0} | ret=SUCCESS |  
2019-08-21 19:24:04,759 | INFO  | DNAudit | user=null | ip=null | op=WRITE_CHUNK {blockData=conID: 1 locID: 102656602586087900 bcsId: 0} | ret=SUCCESS |  
2019-08-21 19:24:04,759 | INFO  | DNAudit | user=null | ip=null | op=PUT_BLOCK {blockData=[blockId=conID: 1 locID: 102656602586087900 bcsId: 0,size=1048576]} | ret=SUCCESS |  
2019-08-21 19:24:04,760 | INFO  | DNAudit | user=null | ip=null | op=WRITE_CHUNK {blockData=conID: 1 locID: 102656602586087900 bcsId: 0} | ret=SUCCESS |  
2019-08-21 19:24:04,759 [grpc-default-executor-5] INFO  client.GrpcClientProtocolClient (GrpcClientProtocolClient.java:onNext(255)) - client-DA9582518C67->1df8bd03-73ef-4b9c-8622-5dc9d0e29c31: receive RaftClientReply:client-DA9582518C67->1df8bd03-73ef-4b9c-8622-5dc9d0e29c31@group-F45402591F47, cid=1328, SUCCESS, logIndex=1834, commits[1df8bd03-73ef-4b9c-8622-5dc9d0e29c31:c1835, 12aca755-ada5-42df-801b-c61f99d8e8b8:c1833, a308b8bf-0324-43a1-a87f-1e10a96e3042:c1833]
2019-08-21 19:24:04,760 | INFO  | DNAudit | user=null | ip=null | op=PUT_BLOCK {blockData=[blockId=conID: 1 locID: 102656602586087900 bcsId: 0,size=2097152]} | ret=SUCCESS |  
2019-08-21 19:24:04,760 [grpc-default-executor-5] INFO  client.GrpcClientProtocolClient (GrpcClientProtocolClient.java:onNext(255)) - client-DA9582518C67->1df8bd03-73ef-4b9c-8622-5dc9d0e29c31: receive RaftClientReply:client-DA9582518C67->1df8bd03-73ef-4b9c-8622-5dc9d0e29c31@group-F45402591F47, cid=1329, SUCCESS, logIndex=1835, commits[1df8bd03-73ef-4b9c-8622-5dc9d0e29c31:c1836, 12aca755-ada5-42df-801b-c61f99d8e8b8:c1833, a308b8bf-0324-43a1-a87f-1e10a96e3042:c1833]
2019-08-21 19:24:04,761 [grpc-default-executor-5] INFO  client.GrpcClientProtocolClient (GrpcClientProtocolClient.java:onNext(255)) - client-DA9582518C67->1df8bd03-73ef-4b9c-8622-5dc9d0e29c31: receive RaftClientReply:client-DA9582518C67->1df8bd03-73ef-4b9c-8622-5dc9d0e29c31@group-F45402591F47, cid=1330, SUCCESS, logIndex=1836, commits[1df8bd03-73ef-4b9c-8622-5dc9d0e29c31:c1837, 12aca755-ada5-42df-801b-c61f99d8e8b8:c1833, a308b8bf-0324-43a1-a87f-1e10a96e3042:c1833]
2019-08-21 19:24:04,761 [grpc-default-executor-5] INFO  client.GrpcClientProtocolClient (GrpcClientProtocolClient.java:onNext(255)) - client-DA9582518C67->1df8bd03-73ef-4b9c-8622-5dc9d0e29c31: receive RaftClientReply:client-DA9582518C67->1df8bd03-73ef-4b9c-8622-5dc9d0e29c31@group-F45402591F47, cid=1331, SUCCESS, logIndex=1837, commits[1df8bd03-73ef-4b9c-8622-5dc9d0e29c31:c1837, 12aca755-ada5-42df-801b-c61f99d8e8b8:c1833, a308b8bf-0324-43a1-a87f-1e10a96e3042:c1833]
2019-08-21 19:24:04,772 | INFO  | DNAudit | user=null | ip=null | op=WRITE_CHUNK {blockData=conID: 1 locID: 102656602586087900 bcsId: 0} | ret=SUCCESS |  
2019-08-21 19:24:04,774 | INFO  | DNAudit | user=null | ip=null | op=WRITE_CHUNK {blockData=conID: 1 locID: 102656602586087900 bcsId: 0} | ret=SUCCESS |  
2019-08-21 19:24:04,774 | INFO  | DNAudit | user=null | ip=null | op=PUT_BLOCK {blockData=[blockId=conID: 1 locID: 102656602586087900 bcsId: 0,size=1048576]} | ret=SUCCESS |  
2019-08-21 19:24:04,775 | INFO  | DNAudit | user=null | ip=null | op=WRITE_CHUNK {blockData=conID: 1 locID: 102656602586087900 bcsId: 0} | ret=SUCCESS |  
2019-08-21 19:24:04,775 | INFO  | DNAudit | user=null | ip=null | op=PUT_BLOCK {blockData=[blockId=conID: 1 locID: 102656602586087900 bcsId: 0,size=2097152]} | ret=SUCCESS |  
2019-08-21 19:24:04,785 | INFO  | DNAudit | user=null | ip=null | op=PUT_BLOCK {blockData=[blockId=conID: 1 locID: 102656602586087900 bcsId: 0,size=1048576]} | ret=SUCCESS |  
2019-08-21 19:24:04,786 | INFO  | DNAudit | user=null | ip=null | op=WRITE_CHUNK {blockData=conID: 1 locID: 102656602586087900 bcsId: 0} | ret=SUCCESS |  
2019-08-21 19:24:04,786 | INFO  | DNAudit | user=null | ip=null | op=PUT_BLOCK {blockData=[blockId=conID: 1 locID: 102656602586087900 bcsId: 0,size=2097152]} | ret=SUCCESS |  
2019-08-21 19:24:04,786 [grpc-default-executor-0] INFO  client.GrpcClientProtocolClient (GrpcClientProtocolClient.java:onNext(255)) - client-DA9582518C67->1df8bd03-73ef-4b9c-8622-5dc9d0e29c31: receive RaftClientReply:client-DA9582518C67->1df8bd03-73ef-4b9c-8622-5dc9d0e29c31@group-F45402591F47, cid=1332, SUCCESS, logIndex=0, commits[1df8bd03-73ef-4b9c-8622-5dc9d0e29c31:c1841, 12aca755-ada5-42df-801b-c61f99d8e8b8:c1837, a308b8bf-0324-43a1-a87f-1e10a96e3042:c1835]
2019-08-21 19:24:04,793 | INFO  | DNAudit | user=null | ip=null | op=WRITE_CHUNK {blockData=conID: 1 locID: 102656602586087900 bcsId: 1837} | ret=SUCCESS |  
2019-08-21 19:24:04,921 | INFO  | DNAudit | user=null | ip=null | op=WRITE_CHUNK {blockData=conID: 1 locID: 102656602586087900 bcsId: 1837} | ret=SUCCESS |  
2019-08-21 19:24:04,921 | INFO  | DNAudit | user=null | ip=null | op=WRITE_CHUNK {blockData=conID: 1 locID: 102656602586087900 bcsId: 1837} | ret=SUCCESS |  
2019-08-21 19:24:04,923 | INFO  | DNAudit | user=null | ip=null | op=WRITE_CHUNK {blockData=conID: 1 locID: 102656602586087900 bcsId: 1837} | ret=SUCCESS |  
2019-08-21 19:24:04,924 | INFO  | DNAudit | user=null | ip=null | op=PUT_BLOCK {blockData=[blockId=conID: 1 locID: 102656602586087900 bcsId: 0,size=3145728]} | ret=SUCCESS |  
2019-08-21 19:24:04,924 [grpc-default-executor-0] INFO  client.GrpcClientProtocolClient (GrpcClientProtocolClient.java:onNext(255)) - client-DA9582518C67->1df8bd03-73ef-4b9c-8622-5dc9d0e29c31: receive RaftClientReply:client-DA9582518C67->1df8bd03-73ef-4b9c-8622-5dc9d0e29c31@group-F45402591F47, cid=1333, SUCCESS, logIndex=1842, commits[1df8bd03-73ef-4b9c-8622-5dc9d0e29c31:c1843, 12aca755-ada5-42df-801b-c61f99d8e8b8:c1841, a308b8bf-0324-43a1-a87f-1e10a96e3042:c1841]
2019-08-21 19:24:04,924 [grpc-default-executor-0] INFO  client.GrpcClientProtocolClient (GrpcClientProtocolClient.java:onNext(255)) - client-DA9582518C67->1df8bd03-73ef-4b9c-8622-5dc9d0e29c31: receive RaftClientReply:client-DA9582518C67->1df8bd03-73ef-4b9c-8622-5dc9d0e29c31@group-F45402591F47, cid=1334, SUCCESS, logIndex=1843, commits[1df8bd03-73ef-4b9c-8622-5dc9d0e29c31:c1843, 12aca755-ada5-42df-801b-c61f99d8e8b8:c1841, a308b8bf-0324-43a1-a87f-1e10a96e3042:c1841]
2019-08-21 19:24:04,925 | INFO  | DNAudit | user=null | ip=null | op=WRITE_CHUNK {blockData=conID: 1 locID: 102656602586087900 bcsId: 1837} | ret=SUCCESS |  
2019-08-21 19:24:04,925 | INFO  | DNAudit | user=null | ip=null | op=PUT_BLOCK {blockData=[blockId=conID: 1 locID: 102656602586087900 bcsId: 0,size=3145728]} | ret=SUCCESS |  
2019-08-21 19:24:04,927 | INFO  | DNAudit | user=null | ip=null | op=WRITE_CHUNK {blockData=conID: 1 locID: 102656602586087900 bcsId: 1837} | ret=SUCCESS |  
2019-08-21 19:24:04,927 | INFO  | DNAudit | user=null | ip=null | op=PUT_BLOCK {blockData=[blockId=conID: 1 locID: 102656602586087900 bcsId: 0,size=3145728]} | ret=SUCCESS |  
2019-08-21 19:24:04,932 | INFO  | DNAudit | user=null | ip=null | op=WRITE_CHUNK {blockData=conID: 1 locID: 102656602586087900 bcsId: 1843} | ret=SUCCESS |  
2019-08-21 19:24:04,935 | INFO  | DNAudit | user=null | ip=null | op=WRITE_CHUNK {blockData=conID: 1 locID: 102656602586087900 bcsId: 1843} | ret=SUCCESS |  
2019-08-21 19:24:04,936 | INFO  | DNAudit | user=null | ip=null | op=WRITE_CHUNK {blockData=conID: 1 locID: 102656602586087900 bcsId: 1843} | ret=SUCCESS |  
2019-08-21 19:24:04,939 | INFO  | DNAudit | user=null | ip=null | op=WRITE_CHUNK {blockData=conID: 1 locID: 102656602586087900 bcsId: 1843} | ret=SUCCESS |  
2019-08-21 19:24:04,940 | INFO  | DNAudit | user=null | ip=null | op=PUT_BLOCK {blockData=[blockId=conID: 1 locID: 102656602586087900 bcsId: 0,size=4194304]} | ret=SUCCESS |  
2019-08-21 19:24:04,940 [grpc-default-executor-2] INFO  client.GrpcClientProtocolClient (GrpcClientProtocolClient.java:onNext(255)) - client-DA9582518C67->1df8bd03-73ef-4b9c-8622-5dc9d0e29c31: receive RaftClientReply:client-DA9582518C67->1df8bd03-73ef-4b9c-8622-5dc9d0e29c31@group-F45402591F47, cid=1335, SUCCESS, logIndex=1846, commits[1df8bd03-73ef-4b9c-8622-5dc9d0e29c31:c1847, 12aca755-ada5-42df-801b-c61f99d8e8b8:c1844, a308b8bf-0324-43a1-a87f-1e10a96e3042:c1843]
2019-08-21 19:24:04,940 [grpc-default-executor-2] INFO  client.GrpcClientProtocolClient (GrpcClientProtocolClient.java:onNext(255)) - client-DA9582518C67->1df8bd03-73ef-4b9c-8622-5dc9d0e29c31: receive RaftClientReply:client-DA9582518C67->1df8bd03-73ef-4b9c-8622-5dc9d0e29c31@group-F45402591F47, cid=1336, SUCCESS, logIndex=1847, commits[1df8bd03-73ef-4b9c-8622-5dc9d0e29c31:c1847, 12aca755-ada5-42df-801b-c61f99d8e8b8:c1844, a308b8bf-0324-43a1-a87f-1e10a96e3042:c1843]
2019-08-21 19:24:04,947 | INFO  | SCMAudit | user=jenkins1000 | ip=192.168.69.88 | op=SEND_HEARTBEAT {datanodeUUID=1df8bd03-73ef-4b9c-8622-5dc9d0e29c31, command=[]} | ret=SUCCESS |  
2019-08-21 19:24:04,947 | INFO  | SCMAudit | user=jenkins1000 | ip=192.168.69.88 | op=SEND_HEARTBEAT {datanodeUUID=12aca755-ada5-42df-801b-c61f99d8e8b8, command=[]} | ret=SUCCESS |  
2019-08-21 19:24:04,948 | INFO  | SCMAudit | user=jenkins1000 | ip=192.168.69.88 | op=SEND_HEARTBEAT {datanodeUUID=a308b8bf-0324-43a1-a87f-1e10a96e3042, command=[]} | ret=SUCCESS |  
2019-08-21 19:24:04,952 | INFO  | DNAudit | user=null | ip=null | op=WRITE_CHUNK {blockData=conID: 1 locID: 102656602586087900 bcsId: 1843} | ret=SUCCESS |  
2019-08-21 19:24:04,952 | INFO  | DNAudit | user=null | ip=null | op=WRITE_CHUNK {blockData=conID: 1 locID: 102656602586087900 bcsId: 1843} | ret=SUCCESS |  
2019-08-21 19:24:04,953 | INFO  | DNAudit | user=null | ip=null | op=PUT_BLOCK {blockData=[blockId=conID: 1 locID: 102656602586087900 bcsId: 0,size=4194304]} | ret=SUCCESS |  
2019-08-21 19:24:04,953 | INFO  | DNAudit | user=null | ip=null | op=PUT_BLOCK {blockData=[blockId=conID: 1 locID: 102656602586087900 bcsId: 0,size=4194304]} | ret=SUCCESS |  
2019-08-21 19:24:04,953 [grpc-default-executor-0] INFO  client.GrpcClientProtocolClient (GrpcClientProtocolClient.java:onNext(255)) - client-DA9582518C67->1df8bd03-73ef-4b9c-8622-5dc9d0e29c31: receive RaftClientReply:client-DA9582518C67->1df8bd03-73ef-4b9c-8622-5dc9d0e29c31@group-F45402591F47, cid=1337, SUCCESS, logIndex=0, commits[1df8bd03-73ef-4b9c-8622-5dc9d0e29c31:c1848, 12aca755-ada5-42df-801b-c61f99d8e8b8:c1847, a308b8bf-0324-43a1-a87f-1e10a96e3042:c1847]
2019-08-21 19:24:04,957 | INFO  | SCMAudit | user=jenkins1000 | ip=192.168.69.88 | op=ALLOCATE_BLOCK {owner=a4b1d482-4fe6-4e71-84a6-a95f4ce3f696, size=4194304, type=RATIS, factor=THREE} | ret=SUCCESS |  
2019-08-21 19:24:04,960 | INFO  | OMAudit | user=jenkins1000 | ip=127.0.0.1 | op=ALLOCATE_BLOCK {volume=vol-0-90666, bucket=bucket-0-29336, key=key-0-94354, dataSize=0, replicationType=null, replicationFactor=null, keyLocationInfo=null, clientID=102656601977389458} | ret=SUCCESS |  
2019-08-21 19:24:04,968 | INFO  | DNAudit | user=null | ip=null | op=WRITE_CHUNK {blockData=conID: 2 locID: 102656602600702429 bcsId: 0} | ret=SUCCESS |  
2019-08-21 19:24:04,971 | INFO  | DNAudit | user=null | ip=null | op=WRITE_CHUNK {blockData=conID: 2 locID: 102656602600702429 bcsId: 0} | ret=SUCCESS |  
2019-08-21 19:24:04,971 | INFO  | DNAudit | user=null | ip=null | op=WRITE_CHUNK {blockData=conID: 2 locID: 102656602600702429 bcsId: 0} | ret=SUCCESS |  
2019-08-21 19:24:04,971 | INFO  | DNAudit | user=null | ip=null | op=WRITE_CHUNK {blockData=conID: 2 locID: 102656602600702429 bcsId: 0} | ret=SUCCESS |  
2019-08-21 19:24:04,973 | INFO  | DNAudit | user=null | ip=null | op=WRITE_CHUNK {blockData=conID: 2 locID: 102656602600702429 bcsId: 0} | ret=SUCCESS |  
2019-08-21 19:24:04,974 | INFO  | DNAudit | user=null | ip=null | op=WRITE_CHUNK {blockData=conID: 2 locID: 102656602600702429 bcsId: 0} | ret=SUCCESS |  
2019-08-21 19:24:04,980 | INFO  | DNAudit | user=null | ip=null | op=WRITE_CHUNK {blockData=conID: 2 locID: 102656602600702429 bcsId: 0} | ret=SUCCESS |  
2019-08-21 19:24:04,980 | INFO  | DNAudit | user=null | ip=null | op=PUT_BLOCK {blockData=[blockId=conID: 2 locID: 102656602600702429 bcsId: 0,size=1048576]} | ret=SUCCESS |  
2019-08-21 19:24:04,981 [grpc-default-executor-5] INFO  client.GrpcClientProtocolClient (GrpcClientProtocolClient.java:onNext(255)) - client-DA9582518C67->1df8bd03-73ef-4b9c-8622-5dc9d0e29c31: receive RaftClientReply:client-DA9582518C67->1df8bd03-73ef-4b9c-8622-5dc9d0e29c31@group-F45402591F47, cid=1338, SUCCESS, logIndex=1850, commits[1df8bd03-73ef-4b9c-8622-5dc9d0e29c31:c1851, 12aca755-ada5-42df-801b-c61f99d8e8b8:c1849, a308b8bf-0324-43a1-a87f-1e10a96e3042:c1849]
2019-08-21 19:24:04,981 [grpc-default-executor-5] INFO  client.GrpcClientProtocolClient (GrpcClientProtocolClient.java:onNext(255)) - client-DA9582518C67->1df8bd03-73ef-4b9c-8622-5dc9d0e29c31: receive RaftClientReply:client-DA9582518C67->1df8bd03-73ef-4b9c-8622-5dc9d0e29c31@group-F45402591F47, cid=1339, SUCCESS, logIndex=1851, commits[1df8bd03-73ef-4b9c-8622-5dc9d0e29c31:c1851, 12aca755-ada5-42df-801b-c61f99d8e8b8:c1849, a308b8bf-0324-43a1-a87f-1e10a96e3042:c1849]
2019-08-21 19:24:05,005 | INFO  | DNAudit | user=null | ip=null | op=WRITE_CHUNK {blockData=conID: 2 locID: 102656602600702429 bcsId: 0} | ret=SUCCESS |  
2019-08-21 19:24:05,005 | INFO  | DNAudit | user=null | ip=null | op=WRITE_CHUNK {blockData=conID: 2 locID: 102656602600702429 bcsId: 0} | ret=SUCCESS |  
2019-08-21 19:24:05,006 | INFO  | DNAudit | user=null | ip=null | op=PUT_BLOCK {blockData=[blockId=conID: 2 locID: 102656602600702429 bcsId: 0,size=2097152]} | ret=SUCCESS |  
2019-08-21 19:24:05,006 | INFO  | DNAudit | user=null | ip=null | op=PUT_BLOCK {blockData=[blockId=conID: 2 locID: 102656602600702429 bcsId: 0,size=1048576]} | ret=SUCCESS |  
2019-08-21 19:24:05,006 [grpc-default-executor-2] INFO  client.GrpcClientProtocolClient (GrpcClientProtocolClient.java:onNext(255)) - client-DA9582518C67->1df8bd03-73ef-4b9c-8622-5dc9d0e29c31: receive RaftClientReply:client-DA9582518C67->1df8bd03-73ef-4b9c-8622-5dc9d0e29c31@group-F45402591F47, cid=1340, SUCCESS, logIndex=1852, commits[1df8bd03-73ef-4b9c-8622-5dc9d0e29c31:c1853, 12aca755-ada5-42df-801b-c61f99d8e8b8:c1849, a308b8bf-0324-43a1-a87f-1e10a96e3042:c1849]
2019-08-21 19:24:05,006 [grpc-default-executor-2] INFO  client.GrpcClientProtocolClient (GrpcClientProtocolClient.java:onNext(255)) - client-DA9582518C67->1df8bd03-73ef-4b9c-8622-5dc9d0e29c31: receive RaftClientReply:client-DA9582518C67->1df8bd03-73ef-4b9c-8622-5dc9d0e29c31@group-F45402591F47, cid=1341, SUCCESS, logIndex=1853, commits[1df8bd03-73ef-4b9c-8622-5dc9d0e29c31:c1854, 12aca755-ada5-42df-801b-c61f99d8e8b8:c1849, a308b8bf-0324-43a1-a87f-1e10a96e3042:c1850]
2019-08-21 19:24:05,008 | INFO  | DNAudit | user=null | ip=null | op=WRITE_CHUNK {blockData=conID: 2 locID: 102656602600702429 bcsId: 0} | ret=SUCCESS |  
2019-08-21 19:24:05,008 | INFO  | DNAudit | user=null | ip=null | op=PUT_BLOCK {blockData=[blockId=conID: 2 locID: 102656602600702429 bcsId: 0,size=1048576]} | ret=SUCCESS |  
2019-08-21 19:24:05,008 [grpc-default-executor-2] INFO  client.GrpcClientProtocolClient (GrpcClientProtocolClient.java:onNext(255)) - client-DA9582518C67->1df8bd03-73ef-4b9c-8622-5dc9d0e29c31: receive RaftClientReply:client-DA9582518C67->1df8bd03-73ef-4b9c-8622-5dc9d0e29c31@group-F45402591F47, cid=1342, SUCCESS, logIndex=0, commits[1df8bd03-73ef-4b9c-8622-5dc9d0e29c31:c1855, 12aca755-ada5-42df-801b-c61f99d8e8b8:c1851, a308b8bf-0324-43a1-a87f-1e10a96e3042:c1851]
2019-08-21 19:24:05,015 | INFO  | DNAudit | user=null | ip=null | op=WRITE_CHUNK {blockData=conID: 2 locID: 102656602600702429 bcsId: 1853} | ret=SUCCESS |  
2019-08-21 19:24:05,018 | INFO  | DNAudit | user=null | ip=null | op=WRITE_CHUNK {blockData=conID: 2 locID: 102656602600702429 bcsId: 1853} | ret=SUCCESS |  
2019-08-21 19:24:05,018 | INFO  | DNAudit | user=null | ip=null | op=WRITE_CHUNK {blockData=conID: 2 locID: 102656602600702429 bcsId: 1853} | ret=SUCCESS |  
2019-08-21 19:24:05,018 | INFO  | DNAudit | user=null | ip=null | op=WRITE_CHUNK {blockData=conID: 2 locID: 102656602600702429 bcsId: 0} | ret=SUCCESS |  
2019-08-21 19:24:05,019 | INFO  | DNAudit | user=null | ip=null | op=PUT_BLOCK {blockData=[blockId=conID: 2 locID: 102656602600702429 bcsId: 0,size=2097152]} | ret=SUCCESS |  
2019-08-21 19:24:05,019 | INFO  | DNAudit | user=null | ip=null | op=WRITE_CHUNK {blockData=conID: 2 locID: 102656602600702429 bcsId: 0} | ret=SUCCESS |  
2019-08-21 19:24:05,019 | INFO  | DNAudit | user=null | ip=null | op=PUT_BLOCK {blockData=[blockId=conID: 2 locID: 102656602600702429 bcsId: 0,size=2097152]} | ret=SUCCESS |  
2019-08-21 19:24:05,020 | INFO  | DNAudit | user=null | ip=null | op=WRITE_CHUNK {blockData=conID: 2 locID: 102656602600702429 bcsId: 1853} | ret=SUCCESS |  
2019-08-21 19:24:05,020 | INFO  | DNAudit | user=null | ip=null | op=PUT_BLOCK {blockData=[blockId=conID: 2 locID: 102656602600702429 bcsId: 0,size=3145728]} | ret=SUCCESS |  
2019-08-21 19:24:05,020 [grpc-default-executor-5] INFO  client.GrpcClientProtocolClient (GrpcClientProtocolClient.java:onNext(255)) - client-DA9582518C67->1df8bd03-73ef-4b9c-8622-5dc9d0e29c31: receive RaftClientReply:client-DA9582518C67->1df8bd03-73ef-4b9c-8622-5dc9d0e29c31@group-F45402591F47, cid=1343, SUCCESS, logIndex=1858, commits[1df8bd03-73ef-4b9c-8622-5dc9d0e29c31:c1859, 12aca755-ada5-42df-801b-c61f99d8e8b8:c1853, a308b8bf-0324-43a1-a87f-1e10a96e3042:c1855]
2019-08-21 19:24:05,021 [grpc-default-executor-5] INFO  client.GrpcClientProtocolClient (GrpcClientProtocolClient.java:onNext(255)) - client-DA9582518C67->1df8bd03-73ef-4b9c-8622-5dc9d0e29c31: receive RaftClientReply:client-DA9582518C67->1df8bd03-73ef-4b9c-8622-5dc9d0e29c31@group-F45402591F47, cid=1344, SUCCESS, logIndex=1859, commits[1df8bd03-73ef-4b9c-8622-5dc9d0e29c31:c1859, 12aca755-ada5-42df-801b-c61f99d8e8b8:c1853, a308b8bf-0324-43a1-a87f-1e10a96e3042:c1855]
2019-08-21 19:24:05,023 | INFO  | DNAudit | user=null | ip=null | op=WRITE_CHUNK {blockData=conID: 2 locID: 102656602600702429 bcsId: 1853} | ret=SUCCESS |  
2019-08-21 19:24:05,023 | INFO  | DNAudit | user=null | ip=null | op=PUT_BLOCK {blockData=[blockId=conID: 2 locID: 102656602600702429 bcsId: 0,size=3145728]} | ret=SUCCESS |  
2019-08-21 19:24:05,028 | INFO  | DNAudit | user=null | ip=null | op=WRITE_CHUNK {blockData=conID: 2 locID: 102656602600702429 bcsId: 1859} | ret=SUCCESS |  
2019-08-21 19:24:05,031 | INFO  | DNAudit | user=null | ip=null | op=WRITE_CHUNK {blockData=conID: 2 locID: 102656602600702429 bcsId: 1859} | ret=SUCCESS |  
2019-08-21 19:24:05,031 | INFO  | DNAudit | user=null | ip=null | op=WRITE_CHUNK {blockData=conID: 2 locID: 102656602600702429 bcsId: 1859} | ret=SUCCESS |  
2019-08-21 19:24:05,034 | INFO  | DNAudit | user=null | ip=null | op=WRITE_CHUNK {blockData=conID: 2 locID: 102656602600702429 bcsId: 1853} | ret=SUCCESS |  
2019-08-21 19:24:05,035 | INFO  | DNAudit | user=null | ip=null | op=PUT_BLOCK {blockData=[blockId=conID: 2 locID: 102656602600702429 bcsId: 0,size=3145728]} | ret=SUCCESS |  
2019-08-21 19:24:05,035 | INFO  | DNAudit | user=null | ip=null | op=WRITE_CHUNK {blockData=conID: 2 locID: 102656602600702429 bcsId: 1859} | ret=SUCCESS |  
2019-08-21 19:24:05,035 | INFO  | DNAudit | user=null | ip=null | op=PUT_BLOCK {blockData=[blockId=conID: 2 locID: 102656602600702429 bcsId: 0,size=4194304]} | ret=SUCCESS |  
2019-08-21 19:24:05,035 [grpc-default-executor-2] INFO  client.GrpcClientProtocolClient (GrpcClientProtocolClient.java:onNext(255)) - client-DA9582518C67->1df8bd03-73ef-4b9c-8622-5dc9d0e29c31: receive RaftClientReply:client-DA9582518C67->1df8bd03-73ef-4b9c-8622-5dc9d0e29c31@group-F45402591F47, cid=1345, SUCCESS, logIndex=1861, commits[1df8bd03-73ef-4b9c-8622-5dc9d0e29c31:c1862, 12aca755-ada5-42df-801b-c61f99d8e8b8:c1859, a308b8bf-0324-43a1-a87f-1e10a96e3042:c1860]
2019-08-21 19:24:05,036 [grpc-default-executor-2] INFO  client.GrpcClientProtocolClient (GrpcClientProtocolClient.java:onNext(255)) - client-DA9582518C67->1df8bd03-73ef-4b9c-8622-5dc9d0e29c31: receive RaftClientReply:client-DA9582518C67->1df8bd03-73ef-4b9c-8622-5dc9d0e29c31@group-F45402591F47, cid=1346, SUCCESS, logIndex=1862, commits[1df8bd03-73ef-4b9c-8622-5dc9d0e29c31:c1862, 12aca755-ada5-42df-801b-c61f99d8e8b8:c1860, a308b8bf-0324-43a1-a87f-1e10a96e3042:c1860]
2019-08-21 19:24:05,036 | INFO  | DNAudit | user=null | ip=null | op=WRITE_CHUNK {blockData=conID: 2 locID: 102656602600702429 bcsId: 1859} | ret=SUCCESS |  
2019-08-21 19:24:05,036 | INFO  | DNAudit | user=null | ip=null | op=WRITE_CHUNK {blockData=conID: 2 locID: 102656602600702429 bcsId: 1859} | ret=SUCCESS |  
2019-08-21 19:24:05,036 | INFO  | DNAudit | user=null | ip=null | op=PUT_BLOCK {blockData=[blockId=conID: 2 locID: 102656602600702429 bcsId: 0,size=4194304]} | ret=SUCCESS |  
2019-08-21 19:24:05,036 | INFO  | DNAudit | user=null | ip=null | op=PUT_BLOCK {blockData=[blockId=conID: 2 locID: 102656602600702429 bcsId: 0,size=4194304]} | ret=SUCCESS |  
2019-08-21 19:24:05,037 [grpc-default-executor-2] INFO  client.GrpcClientProtocolClient (GrpcClientProtocolClient.java:onNext(255)) - client-DA9582518C67->1df8bd03-73ef-4b9c-8622-5dc9d0e29c31: receive RaftClientReply:client-DA9582518C67->1df8bd03-73ef-4b9c-8622-5dc9d0e29c31@group-F45402591F47, cid=1347, SUCCESS, logIndex=0, commits[1df8bd03-73ef-4b9c-8622-5dc9d0e29c31:c1863, 12aca755-ada5-42df-801b-c61f99d8e8b8:c1862, a308b8bf-0324-43a1-a87f-1e10a96e3042:c1862]
2019-08-21 19:24:05,041 | INFO  | SCMAudit | user=jenkins1000 | ip=192.168.69.88 | op=ALLOCATE_BLOCK {owner=a4b1d482-4fe6-4e71-84a6-a95f4ce3f696, size=4194304, type=RATIS, factor=THREE} | ret=SUCCESS |  
2019-08-21 19:24:05,044 | INFO  | OMAudit | user=jenkins1000 | ip=127.0.0.1 | op=ALLOCATE_BLOCK {volume=vol-0-90666, bucket=bucket-0-29336, key=key-0-94354, dataSize=0, replicationType=null, replicationFactor=null, keyLocationInfo=null, clientID=102656601977389458} | ret=SUCCESS |  
2019-08-21 19:24:05,051 | INFO  | DNAudit | user=null | ip=null | op=WRITE_CHUNK {blockData=conID: 3 locID: 102656602606207454 bcsId: 0} | ret=SUCCESS |  
2019-08-21 19:24:05,054 | INFO  | DNAudit | user=null | ip=null | op=WRITE_CHUNK {blockData=conID: 3 locID: 102656602606207454 bcsId: 0} | ret=SUCCESS |  
2019-08-21 19:24:05,054 | INFO  | DNAudit | user=null | ip=null | op=WRITE_CHUNK {blockData=conID: 3 locID: 102656602606207454 bcsId: 0} | ret=SUCCESS |  
2019-08-21 19:24:05,054 | INFO  | DNAudit | user=null | ip=null | op=WRITE_CHUNK {blockData=conID: 3 locID: 102656602606207454 bcsId: 0} | ret=SUCCESS |  
2019-08-21 19:24:05,056 | INFO  | DNAudit | user=null | ip=null | op=WRITE_CHUNK {blockData=conID: 3 locID: 102656602606207454 bcsId: 0} | ret=SUCCESS |  
2019-08-21 19:24:05,056 | INFO  | DNAudit | user=null | ip=null | op=WRITE_CHUNK {blockData=conID: 3 locID: 102656602606207454 bcsId: 0} | ret=SUCCESS |  
2019-08-21 19:24:05,080 | INFO  | DNAudit | user=null | ip=null | op=WRITE_CHUNK {blockData=conID: 3 locID: 102656602606207454 bcsId: 0} | ret=SUCCESS |  
2019-08-21 19:24:05,081 | INFO  | DNAudit | user=null | ip=null | op=PUT_BLOCK {blockData=[blockId=conID: 3 locID: 102656602606207454 bcsId: 0,size=1048576]} | ret=SUCCESS |  
2019-08-21 19:24:05,081 [grpc-default-executor-2] INFO  client.GrpcClientProtocolClient (GrpcClientProtocolClient.java:onNext(255)) - client-DA9582518C67->1df8bd03-73ef-4b9c-8622-5dc9d0e29c31: receive RaftClientReply:client-DA9582518C67->1df8bd03-73ef-4b9c-8622-5dc9d0e29c31@group-F45402591F47, cid=1348, SUCCESS, logIndex=1865, commits[1df8bd03-73ef-4b9c-8622-5dc9d0e29c31:c1866, 12aca755-ada5-42df-801b-c61f99d8e8b8:c1864, a308b8bf-0324-43a1-a87f-1e10a96e3042:c1864]
2019-08-21 19:24:05,081 | INFO  | DNAudit | user=null | ip=null | op=WRITE_CHUNK {blockData=conID: 3 locID: 102656602606207454 bcsId: 0} | ret=SUCCESS |  
2019-08-21 19:24:05,082 | INFO  | DNAudit | user=null | ip=null | op=PUT_BLOCK {blockData=[blockId=conID: 3 locID: 102656602606207454 bcsId: 0,size=2097152]} | ret=SUCCESS |  
2019-08-21 19:24:05,082 | INFO  | DNAudit | user=null | ip=null | op=WRITE_CHUNK {blockData=conID: 3 locID: 102656602606207454 bcsId: 0} | ret=SUCCESS |  
2019-08-21 19:24:05,082 [grpc-default-executor-5] INFO  client.GrpcClientProtocolClient (GrpcClientProtocolClient.java:onNext(255)) - client-DA9582518C67->1df8bd03-73ef-4b9c-8622-5dc9d0e29c31: receive RaftClientReply:client-DA9582518C67->1df8bd03-73ef-4b9c-8622-5dc9d0e29c31@group-F45402591F47, cid=1349, SUCCESS, logIndex=1866, commits[1df8bd03-73ef-4b9c-8622-5dc9d0e29c31:c1868, 12aca755-ada5-42df-801b-c61f99d8e8b8:c1864, a308b8bf-0324-43a1-a87f-1e10a96e3042:c1864]
2019-08-21 19:24:05,082 [grpc-default-executor-5] INFO  client.GrpcClientProtocolClient (GrpcClientProtocolClient.java:onNext(255)) - client-DA9582518C67->1df8bd03-73ef-4b9c-8622-5dc9d0e29c31: receive RaftClientReply:client-DA9582518C67->1df8bd03-73ef-4b9c-8622-5dc9d0e29c31@group-F45402591F47, cid=1350, SUCCESS, logIndex=1867, commits[1df8bd03-73ef-4b9c-8622-5dc9d0e29c31:c1868, 12aca755-ada5-42df-801b-c61f99d8e8b8:c1864, a308b8bf-0324-43a1-a87f-1e10a96e3042:c1864]
2019-08-21 19:24:05,083 [grpc-default-executor-5] INFO  client.GrpcClientProtocolClient (GrpcClientProtocolClient.java:onNext(255)) - client-DA9582518C67->1df8bd03-73ef-4b9c-8622-5dc9d0e29c31: receive RaftClientReply:client-DA9582518C67->1df8bd03-73ef-4b9c-8622-5dc9d0e29c31@group-F45402591F47, cid=1351, SUCCESS, logIndex=1868, commits[1df8bd03-73ef-4b9c-8622-5dc9d0e29c31:c1868, 12aca755-ada5-42df-801b-c61f99d8e8b8:c1864, a308b8bf-0324-43a1-a87f-1e10a96e3042:c1864]
2019-08-21 19:24:05,084 | INFO  | DNAudit | user=null | ip=null | op=WRITE_CHUNK {blockData=conID: 3 locID: 102656602606207454 bcsId: 0} | ret=SUCCESS |  
2019-08-21 19:24:05,084 | INFO  | DNAudit | user=null | ip=null | op=PUT_BLOCK {blockData=[blockId=conID: 3 locID: 102656602606207454 bcsId: 0,size=1048576]} | ret=SUCCESS |  
2019-08-21 19:24:05,085 | INFO  | DNAudit | user=null | ip=null | op=WRITE_CHUNK {blockData=conID: 3 locID: 102656602606207454 bcsId: 0} | ret=SUCCESS |  
2019-08-21 19:24:05,085 | INFO  | DNAudit | user=null | ip=null | op=PUT_BLOCK {blockData=[blockId=conID: 3 locID: 102656602606207454 bcsId: 0,size=2097152]} | ret=SUCCESS |  
2019-08-21 19:24:05,098 | INFO  | DNAudit | user=null | ip=null | op=PUT_BLOCK {blockData=[blockId=conID: 3 locID: 102656602606207454 bcsId: 0,size=1048576]} | ret=SUCCESS |  
2019-08-21 19:24:05,098 | INFO  | DNAudit | user=null | ip=null | op=WRITE_CHUNK {blockData=conID: 3 locID: 102656602606207454 bcsId: 0} | ret=SUCCESS |  
2019-08-21 19:24:05,099 | INFO  | DNAudit | user=null | ip=null | op=PUT_BLOCK {blockData=[blockId=conID: 3 locID: 102656602606207454 bcsId: 0,size=2097152]} | ret=SUCCESS |  
2019-08-21 19:24:05,099 [grpc-default-executor-5] INFO  client.GrpcClientProtocolClient (GrpcClientProtocolClient.java:onNext(255)) - client-DA9582518C67->1df8bd03-73ef-4b9c-8622-5dc9d0e29c31: receive RaftClientReply:client-DA9582518C67->1df8bd03-73ef-4b9c-8622-5dc9d0e29c31@group-F45402591F47, cid=1352, SUCCESS, logIndex=0, commits[1df8bd03-73ef-4b9c-8622-5dc9d0e29c31:c1872, 12aca755-ada5-42df-801b-c61f99d8e8b8:c1868, a308b8bf-0324-43a1-a87f-1e10a96e3042:c1866]
2019-08-21 19:24:05,106 | INFO  | DNAudit | user=null | ip=null | op=WRITE_CHUNK {blockData=conID: 3 locID: 102656602606207454 bcsId: 1868} | ret=SUCCESS |  
2019-08-21 19:24:05,109 | INFO  | DNAudit | user=null | ip=null | op=WRITE_CHUNK {blockData=conID: 3 locID: 102656602606207454 bcsId: 1868} | ret=SUCCESS |  
2019-08-21 19:24:05,109 | INFO  | DNAudit | user=null | ip=null | op=WRITE_CHUNK {blockData=conID: 3 locID: 102656602606207454 bcsId: 1868} | ret=SUCCESS |  
2019-08-21 19:24:05,113 | INFO  | DNAudit | user=null | ip=null | op=WRITE_CHUNK {blockData=conID: 3 locID: 102656602606207454 bcsId: 1868} | ret=SUCCESS |  
2019-08-21 19:24:05,114 | INFO  | DNAudit | user=null | ip=null | op=PUT_BLOCK {blockData=[blockId=conID: 3 locID: 102656602606207454 bcsId: 0,size=3145728]} | ret=SUCCESS |  
2019-08-21 19:24:05,114 [grpc-default-executor-2] INFO  client.GrpcClientProtocolClient (GrpcClientProtocolClient.java:onNext(255)) - client-DA9582518C67->1df8bd03-73ef-4b9c-8622-5dc9d0e29c31: receive RaftClientReply:client-DA9582518C67->1df8bd03-73ef-4b9c-8622-5dc9d0e29c31@group-F45402591F47, cid=1353, SUCCESS, logIndex=1873, commits[1df8bd03-73ef-4b9c-8622-5dc9d0e29c31:c1874, 12aca755-ada5-42df-801b-c61f99d8e8b8:c1868, a308b8bf-0324-43a1-a87f-1e10a96e3042:c1872]
2019-08-21 19:24:05,115 [grpc-default-executor-2] INFO  client.GrpcClientProtocolClient (GrpcClientProtocolClient.java:onNext(255)) - client-DA9582518C67->1df8bd03-73ef-4b9c-8622-5dc9d0e29c31: receive RaftClientReply:client-DA9582518C67->1df8bd03-73ef-4b9c-8622-5dc9d0e29c31@group-F45402591F47, cid=1354, SUCCESS, logIndex=1874, commits[1df8bd03-73ef-4b9c-8622-5dc9d0e29c31:c1874, 12aca755-ada5-42df-801b-c61f99d8e8b8:c1868, a308b8bf-0324-43a1-a87f-1e10a96e3042:c1872]
2019-08-21 19:24:05,121 | INFO  | DNAudit | user=null | ip=null | op=WRITE_CHUNK {blockData=conID: 3 locID: 102656602606207454 bcsId: 1874} | ret=SUCCESS |  
2019-08-21 19:24:05,124 | INFO  | DNAudit | user=null | ip=null | op=WRITE_CHUNK {blockData=conID: 3 locID: 102656602606207454 bcsId: 1874} | ret=SUCCESS |  
2019-08-21 19:24:05,124 | INFO  | DNAudit | user=null | ip=null | op=WRITE_CHUNK {blockData=conID: 3 locID: 102656602606207454 bcsId: 1874} | ret=SUCCESS |  
2019-08-21 19:24:05,126 | INFO  | DNAudit | user=null | ip=null | op=WRITE_CHUNK {blockData=conID: 3 locID: 102656602606207454 bcsId: 1868} | ret=SUCCESS |  
2019-08-21 19:24:05,138 | INFO  | DNAudit | user=null | ip=null | op=WRITE_CHUNK {blockData=conID: 3 locID: 102656602606207454 bcsId: 1868} | ret=SUCCESS |  
2019-08-21 19:24:05,138 | INFO  | DNAudit | user=null | ip=null | op=PUT_BLOCK {blockData=[blockId=conID: 3 locID: 102656602606207454 bcsId: 0,size=3145728]} | ret=SUCCESS |  
2019-08-21 19:24:05,138 | INFO  | DNAudit | user=null | ip=null | op=PUT_BLOCK {blockData=[blockId=conID: 3 locID: 102656602606207454 bcsId: 0,size=3145728]} | ret=SUCCESS |  
2019-08-21 19:24:05,139 | INFO  | DNAudit | user=null | ip=null | op=WRITE_CHUNK {blockData=conID: 3 locID: 102656602606207454 bcsId: 1874} | ret=SUCCESS |  
2019-08-21 19:24:05,139 | INFO  | DNAudit | user=null | ip=null | op=PUT_BLOCK {blockData=[blockId=conID: 3 locID: 102656602606207454 bcsId: 0,size=4194304]} | ret=SUCCESS |  
2019-08-21 19:24:05,139 [grpc-default-executor-2] INFO  client.GrpcClientProtocolClient (GrpcClientProtocolClient.java:onNext(255)) - client-DA9582518C67->1df8bd03-73ef-4b9c-8622-5dc9d0e29c31: receive RaftClientReply:client-DA9582518C67->1df8bd03-73ef-4b9c-8622-5dc9d0e29c31@group-F45402591F47, cid=1355, SUCCESS, logIndex=1877, commits[1df8bd03-73ef-4b9c-8622-5dc9d0e29c31:c1878, 12aca755-ada5-42df-801b-c61f99d8e8b8:c1874, a308b8bf-0324-43a1-a87f-1e10a96e3042:c1874]
2019-08-21 19:24:05,140 [grpc-default-executor-2] INFO  client.GrpcClientProtocolClient (GrpcClientProtocolClient.java:onNext(255)) - client-DA9582518C67->1df8bd03-73ef-4b9c-8622-5dc9d0e29c31: receive RaftClientReply:client-DA9582518C67->1df8bd03-73ef-4b9c-8622-5dc9d0e29c31@group-F45402591F47, cid=1356, SUCCESS, logIndex=1878, commits[1df8bd03-73ef-4b9c-8622-5dc9d0e29c31:c1878, 12aca755-ada5-42df-801b-c61f99d8e8b8:c1874, a308b8bf-0324-43a1-a87f-1e10a96e3042:c1874]
2019-08-21 19:24:05,156 | INFO  | DNAudit | user=null | ip=null | op=WRITE_CHUNK {blockData=conID: 3 locID: 102656602606207454 bcsId: 1874} | ret=SUCCESS |  
2019-08-21 19:24:05,156 | INFO  | DNAudit | user=null | ip=null | op=WRITE_CHUNK {blockData=conID: 3 locID: 102656602606207454 bcsId: 1874} | ret=SUCCESS |  
2019-08-21 19:24:05,156 | INFO  | DNAudit | user=null | ip=null | op=PUT_BLOCK {blockData=[blockId=conID: 3 locID: 102656602606207454 bcsId: 0,size=4194304]} | ret=SUCCESS |  
2019-08-21 19:24:05,156 | INFO  | DNAudit | user=null | ip=null | op=PUT_BLOCK {blockData=[blockId=conID: 3 locID: 102656602606207454 bcsId: 0,size=4194304]} | ret=SUCCESS |  
2019-08-21 19:24:05,156 [grpc-default-executor-5] INFO  client.GrpcClientProtocolClient (GrpcClientProtocolClient.java:onNext(255)) - client-DA9582518C67->1df8bd03-73ef-4b9c-8622-5dc9d0e29c31: receive RaftClientReply:client-DA9582518C67->1df8bd03-73ef-4b9c-8622-5dc9d0e29c31@group-F45402591F47, cid=1357, SUCCESS, logIndex=0, commits[1df8bd03-73ef-4b9c-8622-5dc9d0e29c31:c1879, 12aca755-ada5-42df-801b-c61f99d8e8b8:c1878, a308b8bf-0324-43a1-a87f-1e10a96e3042:c1878]
2019-08-21 19:24:05,160 | INFO  | SCMAudit | user=jenkins1000 | ip=192.168.69.88 | op=ALLOCATE_BLOCK {owner=a4b1d482-4fe6-4e71-84a6-a95f4ce3f696, size=4194304, type=RATIS, factor=THREE} | ret=SUCCESS |  
2019-08-21 19:24:05,162 | INFO  | OMAudit | user=jenkins1000 | ip=127.0.0.1 | op=ALLOCATE_BLOCK {volume=vol-0-90666, bucket=bucket-0-29336, key=key-0-94354, dataSize=0, replicationType=null, replicationFactor=null, keyLocationInfo=null, clientID=102656601977389458} | ret=SUCCESS |  
2019-08-21 19:24:05,168 | INFO  | DNAudit | user=null | ip=null | op=WRITE_CHUNK {blockData=conID: 1 locID: 102656602614006239 bcsId: 0} | ret=SUCCESS |  
2019-08-21 19:24:05,170 | INFO  | DNAudit | user=null | ip=null | op=WRITE_CHUNK {blockData=conID: 1 locID: 102656602614006239 bcsId: 0} | ret=SUCCESS |  
2019-08-21 19:24:05,171 | INFO  | DNAudit | user=null | ip=null | op=WRITE_CHUNK {blockData=conID: 1 locID: 102656602614006239 bcsId: 0} | ret=SUCCESS |  
2019-08-21 19:24:05,171 | INFO  | DNAudit | user=null | ip=null | op=WRITE_CHUNK {blockData=conID: 1 locID: 102656602614006239 bcsId: 0} | ret=SUCCESS |  
2019-08-21 19:24:05,173 | INFO  | DNAudit | user=null | ip=null | op=WRITE_CHUNK {blockData=conID: 1 locID: 102656602614006239 bcsId: 0} | ret=SUCCESS |  
2019-08-21 19:24:05,173 | INFO  | DNAudit | user=null | ip=null | op=WRITE_CHUNK {blockData=conID: 1 locID: 102656602614006239 bcsId: 0} | ret=SUCCESS |  
2019-08-21 19:24:05,173 | INFO  | DNAudit | user=null | ip=null | op=WRITE_CHUNK {blockData=conID: 1 locID: 102656602614006239 bcsId: 0} | ret=SUCCESS |  
2019-08-21 19:24:05,174 | INFO  | DNAudit | user=null | ip=null | op=PUT_BLOCK {blockData=[blockId=conID: 1 locID: 102656602614006239 bcsId: 0,size=1048576]} | ret=SUCCESS |  
2019-08-21 19:24:05,174 [grpc-default-executor-5] INFO  client.GrpcClientProtocolClient (GrpcClientProtocolClient.java:onNext(255)) - client-DA9582518C67->1df8bd03-73ef-4b9c-8622-5dc9d0e29c31: receive RaftClientReply:client-DA9582518C67->1df8bd03-73ef-4b9c-8622-5dc9d0e29c31@group-F45402591F47, cid=1358, SUCCESS, logIndex=1881, commits[1df8bd03-73ef-4b9c-8622-5dc9d0e29c31:c1882, 12aca755-ada5-42df-801b-c61f99d8e8b8:c1880, a308b8bf-0324-43a1-a87f-1e10a96e3042:c1880]
2019-08-21 19:24:05,174 | INFO  | DNAudit | user=null | ip=null | op=WRITE_CHUNK {blockData=conID: 1 locID: 102656602614006239 bcsId: 0} | ret=SUCCESS |  
2019-08-21 19:24:05,175 | INFO  | DNAudit | user=null | ip=null | op=PUT_BLOCK {blockData=[blockId=conID: 1 locID: 102656602614006239 bcsId: 0,size=2097152]} | ret=SUCCESS |  
2019-08-21 19:24:05,175 [grpc-default-executor-0] INFO  client.GrpcClientProtocolClient (GrpcClientProtocolClient.java:onNext(255)) - client-DA9582518C67->1df8bd03-73ef-4b9c-8622-5dc9d0e29c31: receive RaftClientReply:client-DA9582518C67->1df8bd03-73ef-4b9c-8622-5dc9d0e29c31@group-F45402591F47, cid=1359, SUCCESS, logIndex=1882, commits[1df8bd03-73ef-4b9c-8622-5dc9d0e29c31:c1882, 12aca755-ada5-42df-801b-c61f99d8e8b8:c1880, a308b8bf-0324-43a1-a87f-1e10a96e3042:c1880]
2019-08-21 19:24:05,175 [grpc-default-executor-0] INFO  client.GrpcClientProtocolClient (GrpcClientProtocolClient.java:onNext(255)) - client-DA9582518C67->1df8bd03-73ef-4b9c-8622-5dc9d0e29c31: receive RaftClientReply:client-DA9582518C67->1df8bd03-73ef-4b9c-8622-5dc9d0e29c31@group-F45402591F47, cid=1360, SUCCESS, logIndex=1883, commits[1df8bd03-73ef-4b9c-8622-5dc9d0e29c31:c1884, 12aca755-ada5-42df-801b-c61f99d8e8b8:c1880, a308b8bf-0324-43a1-a87f-1e10a96e3042:c1880]
2019-08-21 19:24:05,175 [grpc-default-executor-0] INFO  client.GrpcClientProtocolClient (GrpcClientProtocolClient.java:onNext(255)) - client-DA9582518C67->1df8bd03-73ef-4b9c-8622-5dc9d0e29c31: receive RaftClientReply:client-DA9582518C67->1df8bd03-73ef-4b9c-8622-5dc9d0e29c31@group-F45402591F47, cid=1361, SUCCESS, logIndex=1884, commits[1df8bd03-73ef-4b9c-8622-5dc9d0e29c31:c1884, 12aca755-ada5-42df-801b-c61f99d8e8b8:c1880, a308b8bf-0324-43a1-a87f-1e10a96e3042:c1880]
2019-08-21 19:24:05,176 | INFO  | DNAudit | user=null | ip=null | op=WRITE_CHUNK {blockData=conID: 1 locID: 102656602614006239 bcsId: 0} | ret=SUCCESS |  
2019-08-21 19:24:05,176 | INFO  | DNAudit | user=null | ip=null | op=PUT_BLOCK {blockData=[blockId=conID: 1 locID: 102656602614006239 bcsId: 0,size=1048576]} | ret=SUCCESS |  
2019-08-21 19:24:05,187 | INFO  | DNAudit | user=null | ip=null | op=WRITE_CHUNK {blockData=conID: 1 locID: 102656602614006239 bcsId: 0} | ret=SUCCESS |  
2019-08-21 19:24:05,188 | INFO  | DNAudit | user=null | ip=null | op=PUT_BLOCK {blockData=[blockId=conID: 1 locID: 102656602614006239 bcsId: 0,size=1048576]} | ret=SUCCESS |  
2019-08-21 19:24:05,188 | INFO  | DNAudit | user=null | ip=null | op=WRITE_CHUNK {blockData=conID: 1 locID: 102656602614006239 bcsId: 0} | ret=SUCCESS |  
2019-08-21 19:24:05,188 [grpc-default-executor-0] INFO  client.GrpcClientProtocolClient (GrpcClientProtocolClient.java:onNext(255)) - client-DA9582518C67->1df8bd03-73ef-4b9c-8622-5dc9d0e29c31: receive RaftClientReply:client-DA9582518C67->1df8bd03-73ef-4b9c-8622-5dc9d0e29c31@group-F45402591F47, cid=1362, SUCCESS, logIndex=0, commits[1df8bd03-73ef-4b9c-8622-5dc9d0e29c31:c1886, 12aca755-ada5-42df-801b-c61f99d8e8b8:c1882, a308b8bf-0324-43a1-a87f-1e10a96e3042:c1882]
2019-08-21 19:24:05,188 | INFO  | DNAudit | user=null | ip=null | op=PUT_BLOCK {blockData=[blockId=conID: 1 locID: 102656602614006239 bcsId: 0,size=2097152]} | ret=SUCCESS |  
2019-08-21 19:24:05,189 | INFO  | DNAudit | user=null | ip=null | op=WRITE_CHUNK {blockData=conID: 1 locID: 102656602614006239 bcsId: 0} | ret=SUCCESS |  
2019-08-21 19:24:05,189 | INFO  | DNAudit | user=null | ip=null | op=PUT_BLOCK {blockData=[blockId=conID: 1 locID: 102656602614006239 bcsId: 0,size=2097152]} | ret=SUCCESS |  
2019-08-21 19:24:05,191 | INFO  | SCMAudit | user=jenkins1000 | ip=192.168.69.88 | op=SEND_HEARTBEAT {datanodeUUID=cfaf9666-ca64-459e-bd34-ff7c349f752a, command=[]} | ret=SUCCESS |  
2019-08-21 19:24:05,193 | INFO  | DNAudit | user=null | ip=null | op=WRITE_CHUNK {blockData=conID: 1 locID: 102656602614006239 bcsId: 1884} | ret=SUCCESS |  
2019-08-21 19:24:05,196 | INFO  | DNAudit | user=null | ip=null | op=WRITE_CHUNK {blockData=conID: 1 locID: 102656602614006239 bcsId: 1884} | ret=SUCCESS |  
2019-08-21 19:24:05,196 | INFO  | DNAudit | user=null | ip=null | op=WRITE_CHUNK {blockData=conID: 1 locID: 102656602614006239 bcsId: 1884} | ret=SUCCESS |  
2019-08-21 19:24:05,285 | INFO  | DNAudit | user=null | ip=null | op=WRITE_CHUNK {blockData=conID: 1 locID: 102656602614006239 bcsId: 1884} | ret=SUCCESS |  
2019-08-21 19:24:05,287 | INFO  | DNAudit | user=null | ip=null | op=PUT_BLOCK {blockData=[blockId=conID: 1 locID: 102656602614006239 bcsId: 0,size=3145728]} | ret=SUCCESS |  
2019-08-21 19:24:05,287 [grpc-default-executor-5] INFO  client.GrpcClientProtocolClient (GrpcClientProtocolClient.java:onNext(255)) - client-DA9582518C67->1df8bd03-73ef-4b9c-8622-5dc9d0e29c31: receive RaftClientReply:client-DA9582518C67->1df8bd03-73ef-4b9c-8622-5dc9d0e29c31@group-F45402591F47, cid=1363, SUCCESS, logIndex=1889, commits[1df8bd03-73ef-4b9c-8622-5dc9d0e29c31:c1890, 12aca755-ada5-42df-801b-c61f99d8e8b8:c1888, a308b8bf-0324-43a1-a87f-1e10a96e3042:c1888]
2019-08-21 19:24:05,287 [grpc-default-executor-5] INFO  client.GrpcClientProtocolClient (GrpcClientProtocolClient.java:onNext(255)) - client-DA9582518C67->1df8bd03-73ef-4b9c-8622-5dc9d0e29c31: receive RaftClientReply:client-DA9582518C67->1df8bd03-73ef-4b9c-8622-5dc9d0e29c31@group-F45402591F47, cid=1364, SUCCESS, logIndex=1890, commits[1df8bd03-73ef-4b9c-8622-5dc9d0e29c31:c1890, 12aca755-ada5-42df-801b-c61f99d8e8b8:c1888, a308b8bf-0324-43a1-a87f-1e10a96e3042:c1888]
2019-08-21 19:24:05,294 | INFO  | DNAudit | user=null | ip=null | op=WRITE_CHUNK {blockData=conID: 1 locID: 102656602614006239 bcsId: 1884} | ret=SUCCESS |  
2019-08-21 19:24:05,294 | INFO  | DNAudit | user=null | ip=null | op=WRITE_CHUNK {blockData=conID: 1 locID: 102656602614006239 bcsId: 1884} | ret=SUCCESS |  
2019-08-21 19:24:05,295 | INFO  | DNAudit | user=null | ip=null | op=WRITE_CHUNK {blockData=conID: 1 locID: 102656602614006239 bcsId: 1890} | ret=SUCCESS |  
2019-08-21 19:24:05,295 | INFO  | DNAudit | user=null | ip=null | op=PUT_BLOCK {blockData=[blockId=conID: 1 locID: 102656602614006239 bcsId: 0,size=3145728]} | ret=SUCCESS |  
2019-08-21 19:24:05,295 | INFO  | DNAudit | user=null | ip=null | op=PUT_BLOCK {blockData=[blockId=conID: 1 locID: 102656602614006239 bcsId: 0,size=3145728]} | ret=SUCCESS |  
2019-08-21 19:24:05,298 | INFO  | DNAudit | user=null | ip=null | op=WRITE_CHUNK {blockData=conID: 1 locID: 102656602614006239 bcsId: 1890} | ret=SUCCESS |  
2019-08-21 19:24:05,298 | INFO  | DNAudit | user=null | ip=null | op=WRITE_CHUNK {blockData=conID: 1 locID: 102656602614006239 bcsId: 1890} | ret=SUCCESS |  
2019-08-21 19:24:05,315 | INFO  | DNAudit | user=null | ip=null | op=WRITE_CHUNK {blockData=conID: 1 locID: 102656602614006239 bcsId: 1890} | ret=SUCCESS |  
2019-08-21 19:24:05,315 | INFO  | DNAudit | user=null | ip=null | op=PUT_BLOCK {blockData=[blockId=conID: 1 locID: 102656602614006239 bcsId: 0,size=4194304]} | ret=SUCCESS |  
2019-08-21 19:24:05,315 [grpc-default-executor-0] INFO  client.GrpcClientProtocolClient (GrpcClientProtocolClient.java:onNext(255)) - client-DA9582518C67->1df8bd03-73ef-4b9c-8622-5dc9d0e29c31: receive RaftClientReply:client-DA9582518C67->1df8bd03-73ef-4b9c-8622-5dc9d0e29c31@group-F45402591F47, cid=1365, SUCCESS, logIndex=1893, commits[1df8bd03-73ef-4b9c-8622-5dc9d0e29c31:c1894, 12aca755-ada5-42df-801b-c61f99d8e8b8:c1890, a308b8bf-0324-43a1-a87f-1e10a96e3042:c1890]
2019-08-21 19:24:05,316 [grpc-default-executor-0] INFO  client.GrpcClientProtocolClient (GrpcClientProtocolClient.java:onNext(255)) - client-DA9582518C67->1df8bd03-73ef-4b9c-8622-5dc9d0e29c31: receive RaftClientReply:client-DA9582518C67->1df8bd03-73ef-4b9c-8622-5dc9d0e29c31@group-F45402591F47, cid=1366, SUCCESS, logIndex=1894, commits[1df8bd03-73ef-4b9c-8622-5dc9d0e29c31:c1894, 12aca755-ada5-42df-801b-c61f99d8e8b8:c1890, a308b8bf-0324-43a1-a87f-1e10a96e3042:c1890]
2019-08-21 19:24:05,318 | INFO  | DNAudit | user=null | ip=null | op=WRITE_CHUNK {blockData=conID: 1 locID: 102656602614006239 bcsId: 1890} | ret=SUCCESS |  
2019-08-21 19:24:05,318 | INFO  | DNAudit | user=null | ip=null | op=WRITE_CHUNK {blockData=conID: 1 locID: 102656602614006239 bcsId: 1890} | ret=SUCCESS |  
2019-08-21 19:24:05,318 | INFO  | DNAudit | user=null | ip=null | op=PUT_BLOCK {blockData=[blockId=conID: 1 locID: 102656602614006239 bcsId: 0,size=4194304]} | ret=SUCCESS |  
2019-08-21 19:24:05,318 | INFO  | DNAudit | user=null | ip=null | op=PUT_BLOCK {blockData=[blockId=conID: 1 locID: 102656602614006239 bcsId: 0,size=4194304]} | ret=SUCCESS |  
2019-08-21 19:24:05,318 [grpc-default-executor-5] INFO  client.GrpcClientProtocolClient (GrpcClientProtocolClient.java:onNext(255)) - client-DA9582518C67->1df8bd03-73ef-4b9c-8622-5dc9d0e29c31: receive RaftClientReply:client-DA9582518C67->1df8bd03-73ef-4b9c-8622-5dc9d0e29c31@group-F45402591F47, cid=1367, SUCCESS, logIndex=0, commits[1df8bd03-73ef-4b9c-8622-5dc9d0e29c31:c1895, 12aca755-ada5-42df-801b-c61f99d8e8b8:c1894, a308b8bf-0324-43a1-a87f-1e10a96e3042:c1894]
2019-08-21 19:24:05,323 | INFO  | SCMAudit | user=jenkins1000 | ip=192.168.69.88 | op=ALLOCATE_BLOCK {owner=a4b1d482-4fe6-4e71-84a6-a95f4ce3f696, size=4194304, type=RATIS, factor=THREE} | ret=SUCCESS |  
2019-08-21 19:24:05,327 | INFO  | OMAudit | user=jenkins1000 | ip=127.0.0.1 | op=ALLOCATE_BLOCK {volume=vol-0-90666, bucket=bucket-0-29336, key=key-0-94354, dataSize=0, replicationType=null, replicationFactor=null, keyLocationInfo=null, clientID=102656601977389458} | ret=SUCCESS |  
2019-08-21 19:24:05,333 | INFO  | DNAudit | user=null | ip=null | op=WRITE_CHUNK {blockData=conID: 2 locID: 102656602624688608 bcsId: 0} | ret=SUCCESS |  
2019-08-21 19:24:05,335 | INFO  | DNAudit | user=null | ip=null | op=WRITE_CHUNK {blockData=conID: 2 locID: 102656602624688608 bcsId: 0} | ret=SUCCESS |  
2019-08-21 19:24:05,335 | INFO  | DNAudit | user=null | ip=null | op=WRITE_CHUNK {blockData=conID: 2 locID: 102656602624688608 bcsId: 0} | ret=SUCCESS |  
2019-08-21 19:24:05,336 | INFO  | DNAudit | user=null | ip=null | op=WRITE_CHUNK {blockData=conID: 2 locID: 102656602624688608 bcsId: 0} | ret=SUCCESS |  
2019-08-21 19:24:05,338 | INFO  | DNAudit | user=null | ip=null | op=WRITE_CHUNK {blockData=conID: 2 locID: 102656602624688608 bcsId: 0} | ret=SUCCESS |  
2019-08-21 19:24:05,338 | INFO  | DNAudit | user=null | ip=null | op=WRITE_CHUNK {blockData=conID: 2 locID: 102656602624688608 bcsId: 0} | ret=SUCCESS |  
2019-08-21 19:24:05,411 | INFO  | DNAudit | user=null | ip=null | op=WRITE_CHUNK {blockData=conID: 2 locID: 102656602624688608 bcsId: 0} | ret=SUCCESS |  
2019-08-21 19:24:05,411 | INFO  | DNAudit | user=null | ip=null | op=PUT_BLOCK {blockData=[blockId=conID: 2 locID: 102656602624688608 bcsId: 0,size=1048576]} | ret=SUCCESS |  
2019-08-21 19:24:05,411 | INFO  | DNAudit | user=null | ip=null | op=WRITE_CHUNK {blockData=conID: 2 locID: 102656602624688608 bcsId: 0} | ret=SUCCESS |  
2019-08-21 19:24:05,411 [grpc-default-executor-2] INFO  client.GrpcClientProtocolClient (GrpcClientProtocolClient.java:onNext(255)) - client-DA9582518C67->1df8bd03-73ef-4b9c-8622-5dc9d0e29c31: receive RaftClientReply:client-DA9582518C67->1df8bd03-73ef-4b9c-8622-5dc9d0e29c31@group-F45402591F47, cid=1368, SUCCESS, logIndex=1897, commits[1df8bd03-73ef-4b9c-8622-5dc9d0e29c31:c1899, 12aca755-ada5-42df-801b-c61f99d8e8b8:c1895, a308b8bf-0324-43a1-a87f-1e10a96e3042:c1895]
2019-08-21 19:24:05,412 | INFO  | DNAudit | user=null | ip=null | op=PUT_BLOCK {blockData=[blockId=conID: 2 locID: 102656602624688608 bcsId: 0,size=2097152]} | ret=SUCCESS |  
2019-08-21 19:24:05,412 [grpc-default-executor-2] INFO  client.GrpcClientProtocolClient (GrpcClientProtocolClient.java:onNext(255)) - client-DA9582518C67->1df8bd03-73ef-4b9c-8622-5dc9d0e29c31: receive RaftClientReply:client-DA9582518C67->1df8bd03-73ef-4b9c-8622-5dc9d0e29c31@group-F45402591F47, cid=1369, SUCCESS, logIndex=1898, commits[1df8bd03-73ef-4b9c-8622-5dc9d0e29c31:c1900, 12aca755-ada5-42df-801b-c61f99d8e8b8:c1895, a308b8bf-0324-43a1-a87f-1e10a96e3042:c1895]
2019-08-21 19:24:05,412 [grpc-default-executor-2] INFO  client.GrpcClientProtocolClient (GrpcClientProtocolClient.java:onNext(255)) - client-DA9582518C67->1df8bd03-73ef-4b9c-8622-5dc9d0e29c31: receive RaftClientReply:client-DA9582518C67->1df8bd03-73ef-4b9c-8622-5dc9d0e29c31@group-F45402591F47, cid=1370, SUCCESS, logIndex=1899, commits[1df8bd03-73ef-4b9c-8622-5dc9d0e29c31:c1900, 12aca755-ada5-42df-801b-c61f99d8e8b8:c1895, a308b8bf-0324-43a1-a87f-1e10a96e3042:c1895]
2019-08-21 19:24:05,412 [grpc-default-executor-2] INFO  client.GrpcClientProtocolClient (GrpcClientProtocolClient.java:onNext(255)) - client-DA9582518C67->1df8bd03-73ef-4b9c-8622-5dc9d0e29c31: receive RaftClientReply:client-DA9582518C67->1df8bd03-73ef-4b9c-8622-5dc9d0e29c31@group-F45402591F47, cid=1371, SUCCESS, logIndex=1900, commits[1df8bd03-73ef-4b9c-8622-5dc9d0e29c31:c1900, 12aca755-ada5-42df-801b-c61f99d8e8b8:c1895, a308b8bf-0324-43a1-a87f-1e10a96e3042:c1895]
2019-08-21 19:24:05,434 | INFO  | DNAudit | user=null | ip=null | op=WRITE_CHUNK {blockData=conID: 2 locID: 102656602624688608 bcsId: 0} | ret=SUCCESS |  
2019-08-21 19:24:05,434 | INFO  | DNAudit | user=null | ip=null | op=WRITE_CHUNK {blockData=conID: 2 locID: 102656602624688608 bcsId: 0} | ret=SUCCESS |  
2019-08-21 19:24:05,445 | INFO  | DNAudit | user=null | ip=null | op=PUT_BLOCK {blockData=[blockId=conID: 2 locID: 102656602624688608 bcsId: 0,size=1048576]} | ret=SUCCESS |  
2019-08-21 19:24:05,446 | INFO  | DNAudit | user=null | ip=null | op=PUT_BLOCK {blockData=[blockId=conID: 2 locID: 102656602624688608 bcsId: 0,size=1048576]} | ret=SUCCESS |  
2019-08-21 19:24:05,446 | INFO  | DNAudit | user=null | ip=null | op=WRITE_CHUNK {blockData=conID: 2 locID: 102656602624688608 bcsId: 0} | ret=SUCCESS |  
2019-08-21 19:24:05,446 | INFO  | DNAudit | user=null | ip=null | op=WRITE_CHUNK {blockData=conID: 2 locID: 102656602624688608 bcsId: 0} | ret=SUCCESS |  
2019-08-21 19:24:05,446 | INFO  | DNAudit | user=null | ip=null | op=PUT_BLOCK {blockData=[blockId=conID: 2 locID: 102656602624688608 bcsId: 0,size=2097152]} | ret=SUCCESS |  
2019-08-21 19:24:05,446 | INFO  | DNAudit | user=null | ip=null | op=PUT_BLOCK {blockData=[blockId=conID: 2 locID: 102656602624688608 bcsId: 0,size=2097152]} | ret=SUCCESS |  
2019-08-21 19:24:05,446 [grpc-default-executor-0] INFO  client.GrpcClientProtocolClient (GrpcClientProtocolClient.java:onNext(255)) - client-DA9582518C67->1df8bd03-73ef-4b9c-8622-5dc9d0e29c31: receive RaftClientReply:client-DA9582518C67->1df8bd03-73ef-4b9c-8622-5dc9d0e29c31@group-F45402591F47, cid=1372, SUCCESS, logIndex=0, commits[1df8bd03-73ef-4b9c-8622-5dc9d0e29c31:c1904, 12aca755-ada5-42df-801b-c61f99d8e8b8:c1898, a308b8bf-0324-43a1-a87f-1e10a96e3042:c1900]
2019-08-21 19:24:05,453 | INFO  | DNAudit | user=null | ip=null | op=WRITE_CHUNK {blockData=conID: 2 locID: 102656602624688608 bcsId: 1900} | ret=SUCCESS |  
2019-08-21 19:24:05,455 | INFO  | DNAudit | user=null | ip=null | op=WRITE_CHUNK {blockData=conID: 2 locID: 102656602624688608 bcsId: 1900} | ret=SUCCESS |  
2019-08-21 19:24:05,455 | INFO  | DNAudit | user=null | ip=null | op=WRITE_CHUNK {blockData=conID: 2 locID: 102656602624688608 bcsId: 1900} | ret=SUCCESS |  
2019-08-21 19:24:05,521 | INFO  | DNAudit | user=null | ip=null | op=WRITE_CHUNK {blockData=conID: 2 locID: 102656602624688608 bcsId: 1900} | ret=SUCCESS |  
2019-08-21 19:24:05,522 | INFO  | DNAudit | user=null | ip=null | op=PUT_BLOCK {blockData=[blockId=conID: 2 locID: 102656602624688608 bcsId: 0,size=3145728]} | ret=SUCCESS |  
2019-08-21 19:24:05,522 [grpc-default-executor-0] INFO  client.GrpcClientProtocolClient (GrpcClientProtocolClient.java:onNext(255)) - client-DA9582518C67->1df8bd03-73ef-4b9c-8622-5dc9d0e29c31: receive RaftClientReply:client-DA9582518C67->1df8bd03-73ef-4b9c-8622-5dc9d0e29c31@group-F45402591F47, cid=1373, SUCCESS, logIndex=1905, commits[1df8bd03-73ef-4b9c-8622-5dc9d0e29c31:c1906, 12aca755-ada5-42df-801b-c61f99d8e8b8:c1904, a308b8bf-0324-43a1-a87f-1e10a96e3042:c1904]
2019-08-21 19:24:05,523 [grpc-default-executor-0] INFO  client.GrpcClientProtocolClient (GrpcClientProtocolClient.java:onNext(255)) - client-DA9582518C67->1df8bd03-73ef-4b9c-8622-5dc9d0e29c31: receive RaftClientReply:client-DA9582518C67->1df8bd03-73ef-4b9c-8622-5dc9d0e29c31@group-F45402591F47, cid=1374, SUCCESS, logIndex=1906, commits[1df8bd03-73ef-4b9c-8622-5dc9d0e29c31:c1906, 12aca755-ada5-42df-801b-c61f99d8e8b8:c1904, a308b8bf-0324-43a1-a87f-1e10a96e3042:c1904]
2019-08-21 19:24:05,531 | INFO  | DNAudit | user=null | ip=null | op=WRITE_CHUNK {blockData=conID: 2 locID: 102656602624688608 bcsId: 1900} | ret=SUCCESS |  
2019-08-21 19:24:05,532 | INFO  | DNAudit | user=null | ip=null | op=WRITE_CHUNK {blockData=conID: 2 locID: 102656602624688608 bcsId: 1900} | ret=SUCCESS |  
2019-08-21 19:24:05,532 | INFO  | DNAudit | user=null | ip=null | op=PUT_BLOCK {blockData=[blockId=conID: 2 locID: 102656602624688608 bcsId: 0,size=3145728]} | ret=SUCCESS |  
2019-08-21 19:24:05,532 | INFO  | DNAudit | user=null | ip=null | op=PUT_BLOCK {blockData=[blockId=conID: 2 locID: 102656602624688608 bcsId: 0,size=3145728]} | ret=SUCCESS |  
2019-08-21 19:24:05,532 | INFO  | DNAudit | user=null | ip=null | op=WRITE_CHUNK {blockData=conID: 2 locID: 102656602624688608 bcsId: 1906} | ret=SUCCESS |  
2019-08-21 19:24:05,536 | INFO  | DNAudit | user=null | ip=null | op=WRITE_CHUNK {blockData=conID: 2 locID: 102656602624688608 bcsId: 1906} | ret=SUCCESS |  
2019-08-21 19:24:05,537 | INFO  | DNAudit | user=null | ip=null | op=WRITE_CHUNK {blockData=conID: 2 locID: 102656602624688608 bcsId: 1906} | ret=SUCCESS |  
2019-08-21 19:24:05,555 | INFO  | DNAudit | user=null | ip=null | op=WRITE_CHUNK {blockData=conID: 2 locID: 102656602624688608 bcsId: 1906} | ret=SUCCESS |  
2019-08-21 19:24:05,555 | INFO  | DNAudit | user=null | ip=null | op=PUT_BLOCK {blockData=[blockId=conID: 2 locID: 102656602624688608 bcsId: 0,size=4194304]} | ret=SUCCESS |  
2019-08-21 19:24:05,556 [grpc-default-executor-5] INFO  client.GrpcClientProtocolClient (GrpcClientProtocolClient.java:onNext(255)) - client-DA9582518C67->1df8bd03-73ef-4b9c-8622-5dc9d0e29c31: receive RaftClientReply:client-DA9582518C67->1df8bd03-73ef-4b9c-8622-5dc9d0e29c31@group-F45402591F47, cid=1375, SUCCESS, logIndex=1909, commits[1df8bd03-73ef-4b9c-8622-5dc9d0e29c31:c1910, 12aca755-ada5-42df-801b-c61f99d8e8b8:c1906, a308b8bf-0324-43a1-a87f-1e10a96e3042:c1906]
2019-08-21 19:24:05,556 [grpc-default-executor-5] INFO  client.GrpcClientProtocolClient (GrpcClientProtocolClient.java:onNext(255)) - client-DA9582518C67->1df8bd03-73ef-4b9c-8622-5dc9d0e29c31: receive RaftClientReply:client-DA9582518C67->1df8bd03-73ef-4b9c-8622-5dc9d0e29c31@group-F45402591F47, cid=1376, SUCCESS, logIndex=1910, commits[1df8bd03-73ef-4b9c-8622-5dc9d0e29c31:c1910, 12aca755-ada5-42df-801b-c61f99d8e8b8:c1906, a308b8bf-0324-43a1-a87f-1e10a96e3042:c1906]
2019-08-21 19:24:05,583 | INFO  | SCMAudit | user=jenkins1000 | ip=192.168.69.88 | op=SEND_HEARTBEAT {datanodeUUID=c4b21f74-9dba-4f39-a92d-300bdd5c7775, command=[]} | ret=SUCCESS |  
 0.00% |█                                                                                                    |  0/1 Time: 0:00:102019-08-21 19:24:05,637 | INFO  | DNAudit | user=null | ip=null | op=WRITE_CHUNK {blockData=conID: 2 locID: 102656602624688608 bcsId: 1906} | ret=SUCCESS |  
2019-08-21 19:24:05,638 | INFO  | DNAudit | user=null | ip=null | op=WRITE_CHUNK {blockData=conID: 2 locID: 102656602624688608 bcsId: 1906} | ret=SUCCESS |  
2019-08-21 19:24:05,638 | INFO  | DNAudit | user=null | ip=null | op=PUT_BLOCK {blockData=[blockId=conID: 2 locID: 102656602624688608 bcsId: 0,size=4194304]} | ret=SUCCESS |  
2019-08-21 19:24:05,638 | INFO  | DNAudit | user=null | ip=null | op=PUT_BLOCK {blockData=[blockId=conID: 2 locID: 102656602624688608 bcsId: 0,size=4194304]} | ret=SUCCESS |  
2019-08-21 19:24:05,638 [grpc-default-executor-5] INFO  client.GrpcClientProtocolClient (GrpcClientProtocolClient.java:onNext(255)) - client-DA9582518C67->1df8bd03-73ef-4b9c-8622-5dc9d0e29c31: receive RaftClientReply:client-DA9582518C67->1df8bd03-73ef-4b9c-8622-5dc9d0e29c31@group-F45402591F47, cid=1377, SUCCESS, logIndex=0, commits[1df8bd03-73ef-4b9c-8622-5dc9d0e29c31:c1911, 12aca755-ada5-42df-801b-c61f99d8e8b8:c1910, a308b8bf-0324-43a1-a87f-1e10a96e3042:c1910]
2019-08-21 19:24:05,644 | INFO  | SCMAudit | user=jenkins1000 | ip=192.168.69.88 | op=ALLOCATE_BLOCK {owner=a4b1d482-4fe6-4e71-84a6-a95f4ce3f696, size=4194304, type=RATIS, factor=THREE} | ret=SUCCESS |  
2019-08-21 19:24:05,647 | INFO  | OMAudit | user=jenkins1000 | ip=127.0.0.1 | op=ALLOCATE_BLOCK {volume=vol-0-90666, bucket=bucket-0-29336, key=key-0-94354, dataSize=0, replicationType=null, replicationFactor=null, keyLocationInfo=null, clientID=102656601977389458} | ret=SUCCESS |  
2019-08-21 19:24:05,659 | INFO  | DNAudit | user=null | ip=null | op=WRITE_CHUNK {blockData=conID: 3 locID: 102656602645725665 bcsId: 0} | ret=SUCCESS |  
2019-08-21 19:24:05,660 | INFO  | DNAudit | user=null | ip=null | op=WRITE_CHUNK {blockData=conID: 3 locID: 102656602645725665 bcsId: 0} | ret=SUCCESS |  
2019-08-21 19:24:05,660 | INFO  | DNAudit | user=null | ip=null | op=WRITE_CHUNK {blockData=conID: 3 locID: 102656602645725665 bcsId: 0} | ret=SUCCESS |  
2019-08-21 19:24:05,662 | INFO  | DNAudit | user=null | ip=null | op=WRITE_CHUNK {blockData=conID: 3 locID: 102656602645725665 bcsId: 0} | ret=SUCCESS |  
2019-08-21 19:24:05,662 | INFO  | DNAudit | user=null | ip=null | op=WRITE_CHUNK {blockData=conID: 3 locID: 102656602645725665 bcsId: 0} | ret=SUCCESS |  
2019-08-21 19:24:05,663 | INFO  | DNAudit | user=null | ip=null | op=WRITE_CHUNK {blockData=conID: 3 locID: 102656602645725665 bcsId: 0} | ret=SUCCESS |  
2019-08-21 19:24:05,670 | INFO  | DNAudit | user=null | ip=null | op=WRITE_CHUNK {blockData=conID: 3 locID: 102656602645725665 bcsId: 0} | ret=SUCCESS |  
2019-08-21 19:24:05,671 | INFO  | DNAudit | user=null | ip=null | op=PUT_BLOCK {blockData=[blockId=conID: 3 locID: 102656602645725665 bcsId: 0,size=1048576]} | ret=SUCCESS |  
2019-08-21 19:24:05,671 [grpc-default-executor-4] INFO  client.GrpcClientProtocolClient (GrpcClientProtocolClient.java:onNext(255)) - client-DA9582518C67->1df8bd03-73ef-4b9c-8622-5dc9d0e29c31: receive RaftClientReply:client-DA9582518C67->1df8bd03-73ef-4b9c-8622-5dc9d0e29c31@group-F45402591F47, cid=1378, SUCCESS, logIndex=1913, commits[1df8bd03-73ef-4b9c-8622-5dc9d0e29c31:c1915, 12aca755-ada5-42df-801b-c61f99d8e8b8:c1912, a308b8bf-0324-43a1-a87f-1e10a96e3042:c1912]
2019-08-21 19:24:05,671 | INFO  | DNAudit | user=null | ip=null | op=WRITE_CHUNK {blockData=conID: 3 locID: 102656602645725665 bcsId: 0} | ret=SUCCESS |  
2019-08-21 19:24:05,671 [grpc-default-executor-4] INFO  client.GrpcClientProtocolClient (GrpcClientProtocolClient.java:onNext(255)) - client-DA9582518C67->1df8bd03-73ef-4b9c-8622-5dc9d0e29c31: receive RaftClientReply:client-DA9582518C67->1df8bd03-73ef-4b9c-8622-5dc9d0e29c31@group-F45402591F47, cid=1379, SUCCESS, logIndex=1914, commits[1df8bd03-73ef-4b9c-8622-5dc9d0e29c31:c1916, 12aca755-ada5-42df-801b-c61f99d8e8b8:c1912, a308b8bf-0324-43a1-a87f-1e10a96e3042:c1912]
2019-08-21 19:24:05,672 | INFO  | DNAudit | user=null | ip=null | op=PUT_BLOCK {blockData=[blockId=conID: 3 locID: 102656602645725665 bcsId: 0,size=2097152]} | ret=SUCCESS |  
2019-08-21 19:24:05,672 [grpc-default-executor-4] INFO  client.GrpcClientProtocolClient (GrpcClientProtocolClient.java:onNext(255)) - client-DA9582518C67->1df8bd03-73ef-4b9c-8622-5dc9d0e29c31: receive RaftClientReply:client-DA9582518C67->1df8bd03-73ef-4b9c-8622-5dc9d0e29c31@group-F45402591F47, cid=1380, SUCCESS, logIndex=1915, commits[1df8bd03-73ef-4b9c-8622-5dc9d0e29c31:c1916, 12aca755-ada5-42df-801b-c61f99d8e8b8:c1912, a308b8bf-0324-43a1-a87f-1e10a96e3042:c1912]
2019-08-21 19:24:05,672 [grpc-default-executor-4] INFO  client.GrpcClientProtocolClient (GrpcClientProtocolClient.java:onNext(255)) - client-DA9582518C67->1df8bd03-73ef-4b9c-8622-5dc9d0e29c31: receive RaftClientReply:client-DA9582518C67->1df8bd03-73ef-4b9c-8622-5dc9d0e29c31@group-F45402591F47, cid=1381, SUCCESS, logIndex=1916, commits[1df8bd03-73ef-4b9c-8622-5dc9d0e29c31:c1916, 12aca755-ada5-42df-801b-c61f99d8e8b8:c1912, a308b8bf-0324-43a1-a87f-1e10a96e3042:c1912]
2019-08-21 19:24:05,676 | INFO  | DNAudit | user=null | ip=null | op=WRITE_CHUNK {blockData=conID: 3 locID: 102656602645725665 bcsId: 0} | ret=SUCCESS |  
2019-08-21 19:24:05,676 | INFO  | DNAudit | user=null | ip=null | op=WRITE_CHUNK {blockData=conID: 3 locID: 102656602645725665 bcsId: 0} | ret=SUCCESS |  
2019-08-21 19:24:05,676 | INFO  | DNAudit | user=null | ip=null | op=PUT_BLOCK {blockData=[blockId=conID: 3 locID: 102656602645725665 bcsId: 0,size=1048576]} | ret=SUCCESS |  
2019-08-21 19:24:05,676 | INFO  | DNAudit | user=null | ip=null | op=WRITE_CHUNK {blockData=conID: 3 locID: 102656602645725665 bcsId: 0} | ret=SUCCESS |  
2019-08-21 19:24:05,676 [grpc-default-executor-5] INFO  client.GrpcClientProtocolClient (GrpcClientProtocolClient.java:onNext(255)) - client-DA9582518C67->1df8bd03-73ef-4b9c-8622-5dc9d0e29c31: receive RaftClientReply:client-DA9582518C67->1df8bd03-73ef-4b9c-8622-5dc9d0e29c31@group-F45402591F47, cid=1382, SUCCESS, logIndex=0, commits[1df8bd03-73ef-4b9c-8622-5dc9d0e29c31:c1916, 12aca755-ada5-42df-801b-c61f99d8e8b8:c1915, a308b8bf-0324-43a1-a87f-1e10a96e3042:c1915]
2019-08-21 19:24:05,677 | INFO  | DNAudit | user=null | ip=null | op=PUT_BLOCK {blockData=[blockId=conID: 3 locID: 102656602645725665 bcsId: 0,size=1048576]} | ret=SUCCESS |  
2019-08-21 19:24:05,677 | INFO  | DNAudit | user=null | ip=null | op=WRITE_CHUNK {blockData=conID: 3 locID: 102656602645725665 bcsId: 0} | ret=SUCCESS |  
2019-08-21 19:24:05,683 | INFO  | DNAudit | user=null | ip=null | op=WRITE_CHUNK {blockData=conID: 3 locID: 102656602645725665 bcsId: 1916} | ret=SUCCESS |  
2019-08-21 19:24:05,685 | INFO  | DNAudit | user=null | ip=null | op=WRITE_CHUNK {blockData=conID: 3 locID: 102656602645725665 bcsId: 1916} | ret=SUCCESS |  
2019-08-21 19:24:05,686 | INFO  | DNAudit | user=null | ip=null | op=WRITE_CHUNK {blockData=conID: 3 locID: 102656602645725665 bcsId: 1916} | ret=SUCCESS |  
2019-08-21 19:24:05,688 | INFO  | DNAudit | user=null | ip=null | op=PUT_BLOCK {blockData=[blockId=conID: 3 locID: 102656602645725665 bcsId: 0,size=2097152]} | ret=SUCCESS |  
2019-08-21 19:24:05,689 | INFO  | DNAudit | user=null | ip=null | op=PUT_BLOCK {blockData=[blockId=conID: 3 locID: 102656602645725665 bcsId: 0,size=2097152]} | ret=SUCCESS |  
2019-08-21 19:24:05,700 | INFO  | DNAudit | user=null | ip=null | op=WRITE_CHUNK {blockData=conID: 3 locID: 102656602645725665 bcsId: 1916} | ret=SUCCESS |  
2019-08-21 19:24:05,701 | INFO  | DNAudit | user=null | ip=null | op=PUT_BLOCK {blockData=[blockId=conID: 3 locID: 102656602645725665 bcsId: 0,size=3145728]} | ret=SUCCESS |  
2019-08-21 19:24:05,701 [grpc-default-executor-4] INFO  client.GrpcClientProtocolClient (GrpcClientProtocolClient.java:onNext(255)) - client-DA9582518C67->1df8bd03-73ef-4b9c-8622-5dc9d0e29c31: receive RaftClientReply:client-DA9582518C67->1df8bd03-73ef-4b9c-8622-5dc9d0e29c31@group-F45402591F47, cid=1383, SUCCESS, logIndex=1920, commits[1df8bd03-73ef-4b9c-8622-5dc9d0e29c31:c1921, 12aca755-ada5-42df-801b-c61f99d8e8b8:c1917, a308b8bf-0324-43a1-a87f-1e10a96e3042:c1917]
2019-08-21 19:24:05,701 [grpc-default-executor-4] INFO  client.GrpcClientProtocolClient (GrpcClientProtocolClient.java:onNext(255)) - client-DA9582518C67->1df8bd03-73ef-4b9c-8622-5dc9d0e29c31: receive RaftClientReply:client-DA9582518C67->1df8bd03-73ef-4b9c-8622-5dc9d0e29c31@group-F45402591F47, cid=1384, SUCCESS, logIndex=1921, commits[1df8bd03-73ef-4b9c-8622-5dc9d0e29c31:c1921, 12aca755-ada5-42df-801b-c61f99d8e8b8:c1917, a308b8bf-0324-43a1-a87f-1e10a96e3042:c1917]
2019-08-21 19:24:05,708 | INFO  | DNAudit | user=null | ip=null | op=WRITE_CHUNK {blockData=conID: 3 locID: 102656602645725665 bcsId: 1921} | ret=SUCCESS |  
2019-08-21 19:24:05,710 | INFO  | DNAudit | user=null | ip=null | op=WRITE_CHUNK {blockData=conID: 3 locID: 102656602645725665 bcsId: 1921} | ret=SUCCESS |  
2019-08-21 19:24:05,711 | INFO  | DNAudit | user=null | ip=null | op=WRITE_CHUNK {blockData=conID: 3 locID: 102656602645725665 bcsId: 1921} | ret=SUCCESS |  
2019-08-21 19:24:05,713 | INFO  | DNAudit | user=null | ip=null | op=WRITE_CHUNK {blockData=conID: 3 locID: 102656602645725665 bcsId: 1916} | ret=SUCCESS |  
2019-08-21 19:24:05,714 | INFO  | DNAudit | user=null | ip=null | op=PUT_BLOCK {blockData=[blockId=conID: 3 locID: 102656602645725665 bcsId: 0,size=3145728]} | ret=SUCCESS |  
2019-08-21 19:24:05,714 | INFO  | DNAudit | user=null | ip=null | op=WRITE_CHUNK {blockData=conID: 3 locID: 102656602645725665 bcsId: 1916} | ret=SUCCESS |  
2019-08-21 19:24:05,714 | INFO  | DNAudit | user=null | ip=null | op=PUT_BLOCK {blockData=[blockId=conID: 3 locID: 102656602645725665 bcsId: 0,size=3145728]} | ret=SUCCESS |  
2019-08-21 19:24:05,716 | INFO  | DNAudit | user=null | ip=null | op=WRITE_CHUNK {blockData=conID: 3 locID: 102656602645725665 bcsId: 1921} | ret=SUCCESS |  
2019-08-21 19:24:05,716 | INFO  | DNAudit | user=null | ip=null | op=PUT_BLOCK {blockData=[blockId=conID: 3 locID: 102656602645725665 bcsId: 0,size=4194304]} | ret=SUCCESS |  
2019-08-21 19:24:05,717 [grpc-default-executor-4] INFO  client.GrpcClientProtocolClient (GrpcClientProtocolClient.java:onNext(255)) - client-DA9582518C67->1df8bd03-73ef-4b9c-8622-5dc9d0e29c31: receive RaftClientReply:client-DA9582518C67->1df8bd03-73ef-4b9c-8622-5dc9d0e29c31@group-F45402591F47, cid=1385, SUCCESS, logIndex=1924, commits[1df8bd03-73ef-4b9c-8622-5dc9d0e29c31:c1925, 12aca755-ada5-42df-801b-c61f99d8e8b8:c1921, a308b8bf-0324-43a1-a87f-1e10a96e3042:c1921]
2019-08-21 19:24:05,717 [grpc-default-executor-4] INFO  client.GrpcClientProtocolClient (GrpcClientProtocolClient.java:onNext(255)) - client-DA9582518C67->1df8bd03-73ef-4b9c-8622-5dc9d0e29c31: receive RaftClientReply:client-DA9582518C67->1df8bd03-73ef-4b9c-8622-5dc9d0e29c31@group-F45402591F47, cid=1386, SUCCESS, logIndex=1925, commits[1df8bd03-73ef-4b9c-8622-5dc9d0e29c31:c1925, 12aca755-ada5-42df-801b-c61f99d8e8b8:c1921, a308b8bf-0324-43a1-a87f-1e10a96e3042:c1921]
2019-08-21 19:24:05,733 | INFO  | DNAudit | user=null | ip=null | op=WRITE_CHUNK {blockData=conID: 3 locID: 102656602645725665 bcsId: 1921} | ret=SUCCESS |  
2019-08-21 19:24:05,733 | INFO  | DNAudit | user=null | ip=null | op=WRITE_CHUNK {blockData=conID: 3 locID: 102656602645725665 bcsId: 1921} | ret=SUCCESS |  
2019-08-21 19:24:05,733 | INFO  | DNAudit | user=null | ip=null | op=PUT_BLOCK {blockData=[blockId=conID: 3 locID: 102656602645725665 bcsId: 0,size=4194304]} | ret=SUCCESS |  
2019-08-21 19:24:05,733 | INFO  | DNAudit | user=null | ip=null | op=PUT_BLOCK {blockData=[blockId=conID: 3 locID: 102656602645725665 bcsId: 0,size=4194304]} | ret=SUCCESS |  
2019-08-21 19:24:05,733 [grpc-default-executor-2] INFO  client.GrpcClientProtocolClient (GrpcClientProtocolClient.java:onNext(255)) - client-DA9582518C67->1df8bd03-73ef-4b9c-8622-5dc9d0e29c31: receive RaftClientReply:client-DA9582518C67->1df8bd03-73ef-4b9c-8622-5dc9d0e29c31@group-F45402591F47, cid=1387, SUCCESS, logIndex=0, commits[1df8bd03-73ef-4b9c-8622-5dc9d0e29c31:c1926, 12aca755-ada5-42df-801b-c61f99d8e8b8:c1925, a308b8bf-0324-43a1-a87f-1e10a96e3042:c1925]
2019-08-21 19:24:05,737 | INFO  | SCMAudit | user=jenkins1000 | ip=192.168.69.88 | op=ALLOCATE_BLOCK {owner=a4b1d482-4fe6-4e71-84a6-a95f4ce3f696, size=4194304, type=RATIS, factor=THREE} | ret=SUCCESS |  
2019-08-21 19:24:05,739 | INFO  | OMAudit | user=jenkins1000 | ip=127.0.0.1 | op=ALLOCATE_BLOCK {volume=vol-0-90666, bucket=bucket-0-29336, key=key-0-94354, dataSize=0, replicationType=null, replicationFactor=null, keyLocationInfo=null, clientID=102656601977389458} | ret=SUCCESS |  
2019-08-21 19:24:05,746 | INFO  | DNAudit | user=null | ip=null | op=WRITE_CHUNK {blockData=conID: 1 locID: 102656602651820514 bcsId: 0} | ret=SUCCESS |  
2019-08-21 19:24:05,750 | INFO  | DNAudit | user=null | ip=null | op=WRITE_CHUNK {blockData=conID: 1 locID: 102656602651820514 bcsId: 0} | ret=SUCCESS |  
2019-08-21 19:24:05,751 | INFO  | DNAudit | user=null | ip=null | op=WRITE_CHUNK {blockData=conID: 1 locID: 102656602651820514 bcsId: 0} | ret=SUCCESS |  
2019-08-21 19:24:05,752 | INFO  | DNAudit | user=null | ip=null | op=WRITE_CHUNK {blockData=conID: 1 locID: 102656602651820514 bcsId: 0} | ret=SUCCESS |  
2019-08-21 19:24:05,753 | INFO  | DNAudit | user=null | ip=null | op=WRITE_CHUNK {blockData=conID: 1 locID: 102656602651820514 bcsId: 0} | ret=SUCCESS |  
2019-08-21 19:24:05,753 | INFO  | DNAudit | user=null | ip=null | op=PUT_BLOCK {blockData=[blockId=conID: 1 locID: 102656602651820514 bcsId: 0,size=1048576]} | ret=SUCCESS |  
2019-08-21 19:24:05,754 [grpc-default-executor-4] INFO  client.GrpcClientProtocolClient (GrpcClientProtocolClient.java:onNext(255)) - client-DA9582518C67->1df8bd03-73ef-4b9c-8622-5dc9d0e29c31: receive RaftClientReply:client-DA9582518C67->1df8bd03-73ef-4b9c-8622-5dc9d0e29c31@group-F45402591F47, cid=1388, SUCCESS, logIndex=1927, commits[1df8bd03-73ef-4b9c-8622-5dc9d0e29c31:c1928, 12aca755-ada5-42df-801b-c61f99d8e8b8:c1926, a308b8bf-0324-43a1-a87f-1e10a96e3042:c1926]
2019-08-21 19:24:05,754 [grpc-default-executor-4] INFO  client.GrpcClientProtocolClient (GrpcClientProtocolClient.java:onNext(255)) - client-DA9582518C67->1df8bd03-73ef-4b9c-8622-5dc9d0e29c31: receive RaftClientReply:client-DA9582518C67->1df8bd03-73ef-4b9c-8622-5dc9d0e29c31@group-F45402591F47, cid=1389, SUCCESS, logIndex=1928, commits[1df8bd03-73ef-4b9c-8622-5dc9d0e29c31:c1928, 12aca755-ada5-42df-801b-c61f99d8e8b8:c1926, a308b8bf-0324-43a1-a87f-1e10a96e3042:c1926]
2019-08-21 19:24:05,755 | INFO  | DNAudit | user=null | ip=null | op=WRITE_CHUNK {blockData=conID: 1 locID: 102656602651820514 bcsId: 0} | ret=SUCCESS |  
2019-08-21 19:24:05,756 | INFO  | DNAudit | user=null | ip=null | op=WRITE_CHUNK {blockData=conID: 1 locID: 102656602651820514 bcsId: 0} | ret=SUCCESS |  
2019-08-21 19:24:05,761 | INFO  | DNAudit | user=null | ip=null | op=WRITE_CHUNK {blockData=conID: 1 locID: 102656602651820514 bcsId: 0} | ret=SUCCESS |  
2019-08-21 19:24:05,761 | INFO  | DNAudit | user=null | ip=null | op=WRITE_CHUNK {blockData=conID: 1 locID: 102656602651820514 bcsId: 0} | ret=SUCCESS |  
2019-08-21 19:24:05,761 | INFO  | DNAudit | user=null | ip=null | op=WRITE_CHUNK {blockData=conID: 1 locID: 102656602651820514 bcsId: 0} | ret=SUCCESS |  
2019-08-21 19:24:05,762 | INFO  | DNAudit | user=null | ip=null | op=PUT_BLOCK {blockData=[blockId=conID: 1 locID: 102656602651820514 bcsId: 0,size=2097152]} | ret=SUCCESS |  
2019-08-21 19:24:05,762 | INFO  | DNAudit | user=null | ip=null | op=PUT_BLOCK {blockData=[blockId=conID: 1 locID: 102656602651820514 bcsId: 0,size=1048576]} | ret=SUCCESS |  
2019-08-21 19:24:05,762 | INFO  | DNAudit | user=null | ip=null | op=PUT_BLOCK {blockData=[blockId=conID: 1 locID: 102656602651820514 bcsId: 0,size=1048576]} | ret=SUCCESS |  
2019-08-21 19:24:05,762 [grpc-default-executor-5] INFO  client.GrpcClientProtocolClient (GrpcClientProtocolClient.java:onNext(255)) - client-DA9582518C67->1df8bd03-73ef-4b9c-8622-5dc9d0e29c31: receive RaftClientReply:client-DA9582518C67->1df8bd03-73ef-4b9c-8622-5dc9d0e29c31@group-F45402591F47, cid=1390, SUCCESS, logIndex=1929, commits[1df8bd03-73ef-4b9c-8622-5dc9d0e29c31:c1930, 12aca755-ada5-42df-801b-c61f99d8e8b8:c1926, a308b8bf-0324-43a1-a87f-1e10a96e3042:c1928]
2019-08-21 19:24:05,762 [grpc-default-executor-5] INFO  client.GrpcClientProtocolClient (GrpcClientProtocolClient.java:onNext(255)) - client-DA9582518C67->1df8bd03-73ef-4b9c-8622-5dc9d0e29c31: receive RaftClientReply:client-DA9582518C67->1df8bd03-73ef-4b9c-8622-5dc9d0e29c31@group-F45402591F47, cid=1391, SUCCESS, logIndex=1930, commits[1df8bd03-73ef-4b9c-8622-5dc9d0e29c31:c1932, 12aca755-ada5-42df-801b-c61f99d8e8b8:c1928, a308b8bf-0324-43a1-a87f-1e10a96e3042:c1928]
2019-08-21 19:24:05,766 | INFO  | DNAudit | user=null | ip=null | op=WRITE_CHUNK {blockData=conID: 1 locID: 102656602651820514 bcsId: 0} | ret=SUCCESS |  
2019-08-21 19:24:05,766 | INFO  | DNAudit | user=null | ip=null | op=WRITE_CHUNK {blockData=conID: 1 locID: 102656602651820514 bcsId: 0} | ret=SUCCESS |  
2019-08-21 19:24:05,768 | INFO  | DNAudit | user=null | ip=null | op=WRITE_CHUNK {blockData=conID: 1 locID: 102656602651820514 bcsId: 1930} | ret=SUCCESS |  
2019-08-21 19:24:05,769 | INFO  | DNAudit | user=null | ip=null | op=PUT_BLOCK {blockData=[blockId=conID: 1 locID: 102656602651820514 bcsId: 0,size=2097152]} | ret=SUCCESS |  
2019-08-21 19:24:05,769 | INFO  | DNAudit | user=null | ip=null | op=PUT_BLOCK {blockData=[blockId=conID: 1 locID: 102656602651820514 bcsId: 0,size=2097152]} | ret=SUCCESS |  
2019-08-21 19:24:05,772 | INFO  | DNAudit | user=null | ip=null | op=WRITE_CHUNK {blockData=conID: 1 locID: 102656602651820514 bcsId: 1930} | ret=SUCCESS |  
2019-08-21 19:24:05,772 | INFO  | DNAudit | user=null | ip=null | op=WRITE_CHUNK {blockData=conID: 1 locID: 102656602651820514 bcsId: 1930} | ret=SUCCESS |  
2019-08-21 19:24:05,781 | INFO  | DNAudit | user=null | ip=null | op=WRITE_CHUNK {blockData=conID: 1 locID: 102656602651820514 bcsId: 1930} | ret=SUCCESS |  
2019-08-21 19:24:05,781 | INFO  | DNAudit | user=null | ip=null | op=PUT_BLOCK {blockData=[blockId=conID: 1 locID: 102656602651820514 bcsId: 0,size=3145728]} | ret=SUCCESS |  
2019-08-21 19:24:05,782 [grpc-default-executor-5] INFO  client.GrpcClientProtocolClient (GrpcClientProtocolClient.java:onNext(255)) - client-DA9582518C67->1df8bd03-73ef-4b9c-8622-5dc9d0e29c31: receive RaftClientReply:client-DA9582518C67->1df8bd03-73ef-4b9c-8622-5dc9d0e29c31@group-F45402591F47, cid=1392, SUCCESS, logIndex=1935, commits[1df8bd03-73ef-4b9c-8622-5dc9d0e29c31:c1936, 12aca755-ada5-42df-801b-c61f99d8e8b8:c1933, a308b8bf-0324-43a1-a87f-1e10a96e3042:c1933]
2019-08-21 19:24:05,782 [grpc-default-executor-5] INFO  client.GrpcClientProtocolClient (GrpcClientProtocolClient.java:onNext(255)) - client-DA9582518C67->1df8bd03-73ef-4b9c-8622-5dc9d0e29c31: receive RaftClientReply:client-DA9582518C67->1df8bd03-73ef-4b9c-8622-5dc9d0e29c31@group-F45402591F47, cid=1393, SUCCESS, logIndex=1936, commits[1df8bd03-73ef-4b9c-8622-5dc9d0e29c31:c1936, 12aca755-ada5-42df-801b-c61f99d8e8b8:c1933, a308b8bf-0324-43a1-a87f-1e10a96e3042:c1933]
2019-08-21 19:24:05,783 | INFO  | DNAudit | user=null | ip=null | op=WRITE_CHUNK {blockData=conID: 1 locID: 102656602651820514 bcsId: 1930} | ret=SUCCESS |  
2019-08-21 19:24:05,783 | INFO  | DNAudit | user=null | ip=null | op=WRITE_CHUNK {blockData=conID: 1 locID: 102656602651820514 bcsId: 1930} | ret=SUCCESS |  
2019-08-21 19:24:05,786 | INFO  | DNAudit | user=null | ip=null | op=PUT_BLOCK {blockData=[blockId=conID: 1 locID: 102656602651820514 bcsId: 0,size=3145728]} | ret=SUCCESS |  
2019-08-21 19:24:05,786 | INFO  | DNAudit | user=null | ip=null | op=PUT_BLOCK {blockData=[blockId=conID: 1 locID: 102656602651820514 bcsId: 0,size=3145728]} | ret=SUCCESS |  
2019-08-21 19:24:05,787 | INFO  | DNAudit | user=null | ip=null | op=WRITE_CHUNK {blockData=conID: 1 locID: 102656602651820514 bcsId: 1936} | ret=SUCCESS |  
2019-08-21 19:24:05,791 | INFO  | DNAudit | user=null | ip=null | op=WRITE_CHUNK {blockData=conID: 1 locID: 102656602651820514 bcsId: 1936} | ret=SUCCESS |  
2019-08-21 19:24:05,791 | INFO  | DNAudit | user=null | ip=null | op=WRITE_CHUNK {blockData=conID: 1 locID: 102656602651820514 bcsId: 1936} | ret=SUCCESS |  
2019-08-21 19:24:05,798 | INFO  | DNAudit | user=null | ip=null | op=WRITE_CHUNK {blockData=conID: 1 locID: 102656602651820514 bcsId: 1936} | ret=SUCCESS |  
2019-08-21 19:24:05,798 | INFO  | DNAudit | user=null | ip=null | op=PUT_BLOCK {blockData=[blockId=conID: 1 locID: 102656602651820514 bcsId: 0,size=4194304]} | ret=SUCCESS |  
2019-08-21 19:24:05,798 [grpc-default-executor-2] INFO  client.GrpcClientProtocolClient (GrpcClientProtocolClient.java:onNext(255)) - client-DA9582518C67->1df8bd03-73ef-4b9c-8622-5dc9d0e29c31: receive RaftClientReply:client-DA9582518C67->1df8bd03-73ef-4b9c-8622-5dc9d0e29c31@group-F45402591F47, cid=1394, SUCCESS, logIndex=1939, commits[1df8bd03-73ef-4b9c-8622-5dc9d0e29c31:c1940, 12aca755-ada5-42df-801b-c61f99d8e8b8:c1937, a308b8bf-0324-43a1-a87f-1e10a96e3042:c1937]
2019-08-21 19:24:05,799 [grpc-default-executor-2] INFO  client.GrpcClientProtocolClient (GrpcClientProtocolClient.java:onNext(255)) - client-DA9582518C67->1df8bd03-73ef-4b9c-8622-5dc9d0e29c31: receive RaftClientReply:client-DA9582518C67->1df8bd03-73ef-4b9c-8622-5dc9d0e29c31@group-F45402591F47, cid=1395, SUCCESS, logIndex=1940, commits[1df8bd03-73ef-4b9c-8622-5dc9d0e29c31:c1940, 12aca755-ada5-42df-801b-c61f99d8e8b8:c1937, a308b8bf-0324-43a1-a87f-1e10a96e3042:c1937]
2019-08-21 19:24:05,799 | INFO  | DNAudit | user=null | ip=null | op=WRITE_CHUNK {blockData=conID: 1 locID: 102656602651820514 bcsId: 1936} | ret=SUCCESS |  
2019-08-21 19:24:05,800 | INFO  | DNAudit | user=null | ip=null | op=WRITE_CHUNK {blockData=conID: 1 locID: 102656602651820514 bcsId: 1936} | ret=SUCCESS |  
2019-08-21 19:24:05,801 | INFO  | DNAudit | user=null | ip=null | op=PUT_BLOCK {blockData=[blockId=conID: 1 locID: 102656602651820514 bcsId: 0,size=4194304]} | ret=SUCCESS |  
2019-08-21 19:24:05,801 | INFO  | DNAudit | user=null | ip=null | op=PUT_BLOCK {blockData=[blockId=conID: 1 locID: 102656602651820514 bcsId: 0,size=4194304]} | ret=SUCCESS |  
2019-08-21 19:24:05,801 [grpc-default-executor-4] INFO  client.GrpcClientProtocolClient (GrpcClientProtocolClient.java:onNext(255)) - client-DA9582518C67->1df8bd03-73ef-4b9c-8622-5dc9d0e29c31: receive RaftClientReply:client-DA9582518C67->1df8bd03-73ef-4b9c-8622-5dc9d0e29c31@group-F45402591F47, cid=1396, SUCCESS, logIndex=0, commits[1df8bd03-73ef-4b9c-8622-5dc9d0e29c31:c1942, 12aca755-ada5-42df-801b-c61f99d8e8b8:c1940, a308b8bf-0324-43a1-a87f-1e10a96e3042:c1940]
2019-08-21 19:24:05,806 | INFO  | SCMAudit | user=jenkins1000 | ip=192.168.69.88 | op=ALLOCATE_BLOCK {owner=a4b1d482-4fe6-4e71-84a6-a95f4ce3f696, size=4194304, type=RATIS, factor=THREE} | ret=SUCCESS |  
2019-08-21 19:24:05,810 | INFO  | OMAudit | user=jenkins1000 | ip=127.0.0.1 | op=ALLOCATE_BLOCK {volume=vol-0-90666, bucket=bucket-0-29336, key=key-0-94354, dataSize=0, replicationType=null, replicationFactor=null, keyLocationInfo=null, clientID=102656601977389458} | ret=SUCCESS |  
2019-08-21 19:24:05,819 | INFO  | DNAudit | user=null | ip=null | op=WRITE_CHUNK {blockData=conID: 2 locID: 102656602656342499 bcsId: 0} | ret=SUCCESS |  
2019-08-21 19:24:05,820 | INFO  | DNAudit | user=null | ip=null | op=WRITE_CHUNK {blockData=conID: 2 locID: 102656602656342499 bcsId: 0} | ret=SUCCESS |  
2019-08-21 19:24:05,820 | INFO  | DNAudit | user=null | ip=null | op=WRITE_CHUNK {blockData=conID: 2 locID: 102656602656342499 bcsId: 0} | ret=SUCCESS |  
2019-08-21 19:24:05,820 | INFO  | DNAudit | user=null | ip=null | op=WRITE_CHUNK {blockData=conID: 2 locID: 102656602656342499 bcsId: 0} | ret=SUCCESS |  
2019-08-21 19:24:05,822 | INFO  | DNAudit | user=null | ip=null | op=WRITE_CHUNK {blockData=conID: 2 locID: 102656602656342499 bcsId: 0} | ret=SUCCESS |  
2019-08-21 19:24:05,823 | INFO  | DNAudit | user=null | ip=null | op=WRITE_CHUNK {blockData=conID: 2 locID: 102656602656342499 bcsId: 0} | ret=SUCCESS |  
2019-08-21 19:24:05,834 | INFO  | DNAudit | user=null | ip=null | op=WRITE_CHUNK {blockData=conID: 2 locID: 102656602656342499 bcsId: 0} | ret=SUCCESS |  
2019-08-21 19:24:05,834 | INFO  | DNAudit | user=null | ip=null | op=PUT_BLOCK {blockData=[blockId=conID: 2 locID: 102656602656342499 bcsId: 0,size=1048576]} | ret=SUCCESS |  
2019-08-21 19:24:05,835 [grpc-default-executor-2] INFO  client.GrpcClientProtocolClient (GrpcClientProtocolClient.java:onNext(255)) - client-DA9582518C67->1df8bd03-73ef-4b9c-8622-5dc9d0e29c31: receive RaftClientReply:client-DA9582518C67->1df8bd03-73ef-4b9c-8622-5dc9d0e29c31@group-F45402591F47, cid=1397, SUCCESS, logIndex=1943, commits[1df8bd03-73ef-4b9c-8622-5dc9d0e29c31:c1943, 12aca755-ada5-42df-801b-c61f99d8e8b8:c1942, a308b8bf-0324-43a1-a87f-1e10a96e3042:c1942]
2019-08-21 19:24:05,835 [grpc-default-executor-2] INFO  client.GrpcClientProtocolClient (GrpcClientProtocolClient.java:onNext(255)) - client-DA9582518C67->1df8bd03-73ef-4b9c-8622-5dc9d0e29c31: receive RaftClientReply:client-DA9582518C67->1df8bd03-73ef-4b9c-8622-5dc9d0e29c31@group-F45402591F47, cid=1398, SUCCESS, logIndex=1944, commits[1df8bd03-73ef-4b9c-8622-5dc9d0e29c31:c1944, 12aca755-ada5-42df-801b-c61f99d8e8b8:c1942, a308b8bf-0324-43a1-a87f-1e10a96e3042:c1942]
2019-08-21 19:24:05,836 | INFO  | DNAudit | user=null | ip=null | op=WRITE_CHUNK {blockData=conID: 2 locID: 102656602656342499 bcsId: 0} | ret=SUCCESS |  
2019-08-21 19:24:05,837 | INFO  | DNAudit | user=null | ip=null | op=PUT_BLOCK {blockData=[blockId=conID: 2 locID: 102656602656342499 bcsId: 0,size=2097152]} | ret=SUCCESS |  
2019-08-21 19:24:05,837 [grpc-default-executor-5] INFO  client.GrpcClientProtocolClient (GrpcClientProtocolClient.java:onNext(255)) - client-DA9582518C67->1df8bd03-73ef-4b9c-8622-5dc9d0e29c31: receive RaftClientReply:client-DA9582518C67->1df8bd03-73ef-4b9c-8622-5dc9d0e29c31@group-F45402591F47, cid=1399, SUCCESS, logIndex=1945, commits[1df8bd03-73ef-4b9c-8622-5dc9d0e29c31:c1946, 12aca755-ada5-42df-801b-c61f99d8e8b8:c1942, a308b8bf-0324-43a1-a87f-1e10a96e3042:c1942]
2019-08-21 19:24:05,837 [grpc-default-executor-5] INFO  client.GrpcClientProtocolClient (GrpcClientProtocolClient.java:onNext(255)) - client-DA9582518C67->1df8bd03-73ef-4b9c-8622-5dc9d0e29c31: receive RaftClientReply:client-DA9582518C67->1df8bd03-73ef-4b9c-8622-5dc9d0e29c31@group-F45402591F47, cid=1400, SUCCESS, logIndex=1946, commits[1df8bd03-73ef-4b9c-8622-5dc9d0e29c31:c1946, 12aca755-ada5-42df-801b-c61f99d8e8b8:c1942, a308b8bf-0324-43a1-a87f-1e10a96e3042:c1942]
2019-08-21 19:24:05,838 | INFO  | DNAudit | user=null | ip=null | op=WRITE_CHUNK {blockData=conID: 2 locID: 102656602656342499 bcsId: 0} | ret=SUCCESS |  
2019-08-21 19:24:05,838 | INFO  | DNAudit | user=null | ip=null | op=PUT_BLOCK {blockData=[blockId=conID: 2 locID: 102656602656342499 bcsId: 0,size=1048576]} | ret=SUCCESS |  
2019-08-21 19:24:05,851 | INFO  | DNAudit | user=null | ip=null | op=WRITE_CHUNK {blockData=conID: 2 locID: 102656602656342499 bcsId: 0} | ret=SUCCESS |  
2019-08-21 19:24:05,851 | INFO  | DNAudit | user=null | ip=null | op=PUT_BLOCK {blockData=[blockId=conID: 2 locID: 102656602656342499 bcsId: 0,size=1048576]} | ret=SUCCESS |  
2019-08-21 19:24:05,851 | INFO  | DNAudit | user=null | ip=null | op=WRITE_CHUNK {blockData=conID: 2 locID: 102656602656342499 bcsId: 0} | ret=SUCCESS |  
2019-08-21 19:24:05,851 | INFO  | DNAudit | user=null | ip=null | op=WRITE_CHUNK {blockData=conID: 2 locID: 102656602656342499 bcsId: 0} | ret=SUCCESS |  
2019-08-21 19:24:05,851 | INFO  | DNAudit | user=null | ip=null | op=PUT_BLOCK {blockData=[blockId=conID: 2 locID: 102656602656342499 bcsId: 0,size=2097152]} | ret=SUCCESS |  
2019-08-21 19:24:05,852 | INFO  | DNAudit | user=null | ip=null | op=PUT_BLOCK {blockData=[blockId=conID: 2 locID: 102656602656342499 bcsId: 0,size=2097152]} | ret=SUCCESS |  
2019-08-21 19:24:05,852 [grpc-default-executor-5] INFO  client.GrpcClientProtocolClient (GrpcClientProtocolClient.java:onNext(255)) - client-DA9582518C67->1df8bd03-73ef-4b9c-8622-5dc9d0e29c31: receive RaftClientReply:client-DA9582518C67->1df8bd03-73ef-4b9c-8622-5dc9d0e29c31@group-F45402591F47, cid=1401, SUCCESS, logIndex=0, commits[1df8bd03-73ef-4b9c-8622-5dc9d0e29c31:c1948, 12aca755-ada5-42df-801b-c61f99d8e8b8:c1944, a308b8bf-0324-43a1-a87f-1e10a96e3042:c1944]
2019-08-21 19:24:05,972 | INFO  | SCMAudit | user=jenkins1000 | ip=192.168.69.88 | op=SEND_HEARTBEAT {datanodeUUID=a308b8bf-0324-43a1-a87f-1e10a96e3042, command=[]} | ret=SUCCESS |  
2019-08-21 19:24:05,972 | INFO  | SCMAudit | user=jenkins1000 | ip=192.168.69.88 | op=SEND_HEARTBEAT {datanodeUUID=12aca755-ada5-42df-801b-c61f99d8e8b8, command=[]} | ret=SUCCESS |  
2019-08-21 19:24:05,972 | INFO  | SCMAudit | user=jenkins1000 | ip=192.168.69.88 | op=SEND_HEARTBEAT {datanodeUUID=1df8bd03-73ef-4b9c-8622-5dc9d0e29c31, command=[]} | ret=SUCCESS |  
2019-08-21 19:24:05,975 | INFO  | DNAudit | user=null | ip=null | op=WRITE_CHUNK {blockData=conID: 2 locID: 102656602656342499 bcsId: 1946} | ret=SUCCESS |  
2019-08-21 19:24:05,978 | INFO  | DNAudit | user=null | ip=null | op=WRITE_CHUNK {blockData=conID: 2 locID: 102656602656342499 bcsId: 1946} | ret=SUCCESS |  
2019-08-21 19:24:05,979 | INFO  | DNAudit | user=null | ip=null | op=WRITE_CHUNK {blockData=conID: 2 locID: 102656602656342499 bcsId: 1946} | ret=SUCCESS |  
2019-08-21 19:24:06,033 | INFO  | DNAudit | user=null | ip=null | op=WRITE_CHUNK {blockData=conID: 2 locID: 102656602656342499 bcsId: 1946} | ret=SUCCESS |  
2019-08-21 19:24:06,034 | INFO  | DNAudit | user=null | ip=null | op=PUT_BLOCK {blockData=[blockId=conID: 2 locID: 102656602656342499 bcsId: 0,size=3145728]} | ret=SUCCESS |  
2019-08-21 19:24:06,034 [grpc-default-executor-2] INFO  client.GrpcClientProtocolClient (GrpcClientProtocolClient.java:onNext(255)) - client-DA9582518C67->1df8bd03-73ef-4b9c-8622-5dc9d0e29c31: receive RaftClientReply:client-DA9582518C67->1df8bd03-73ef-4b9c-8622-5dc9d0e29c31@group-F45402591F47, cid=1402, SUCCESS, logIndex=1951, commits[1df8bd03-73ef-4b9c-8622-5dc9d0e29c31:c1952, 12aca755-ada5-42df-801b-c61f99d8e8b8:c1950, a308b8bf-0324-43a1-a87f-1e10a96e3042:c1950]
2019-08-21 19:24:06,035 [grpc-default-executor-2] INFO  client.GrpcClientProtocolClient (GrpcClientProtocolClient.java:onNext(255)) - client-DA9582518C67->1df8bd03-73ef-4b9c-8622-5dc9d0e29c31: receive RaftClientReply:client-DA9582518C67->1df8bd03-73ef-4b9c-8622-5dc9d0e29c31@group-F45402591F47, cid=1403, SUCCESS, logIndex=1952, commits[1df8bd03-73ef-4b9c-8622-5dc9d0e29c31:c1952, 12aca755-ada5-42df-801b-c61f99d8e8b8:c1950, a308b8bf-0324-43a1-a87f-1e10a96e3042:c1950]
2019-08-21 19:24:06,042 | INFO  | DNAudit | user=null | ip=null | op=WRITE_CHUNK {blockData=conID: 2 locID: 102656602656342499 bcsId: 1952} | ret=SUCCESS |  
2019-08-21 19:24:06,044 | INFO  | DNAudit | user=null | ip=null | op=WRITE_CHUNK {blockData=conID: 2 locID: 102656602656342499 bcsId: 1952} | ret=SUCCESS |  
2019-08-21 19:24:06,045 | INFO  | DNAudit | user=null | ip=null | op=WRITE_CHUNK {blockData=conID: 2 locID: 102656602656342499 bcsId: 1952} | ret=SUCCESS |  
2019-08-21 19:24:06,048 | INFO  | DNAudit | user=null | ip=null | op=WRITE_CHUNK {blockData=conID: 2 locID: 102656602656342499 bcsId: 1946} | ret=SUCCESS |  
2019-08-21 19:24:06,048 | INFO  | DNAudit | user=null | ip=null | op=WRITE_CHUNK {blockData=conID: 2 locID: 102656602656342499 bcsId: 1946} | ret=SUCCESS |  
2019-08-21 19:24:06,048 | INFO  | DNAudit | user=null | ip=null | op=PUT_BLOCK {blockData=[blockId=conID: 2 locID: 102656602656342499 bcsId: 0,size=3145728]} | ret=SUCCESS |  
2019-08-21 19:24:06,048 | INFO  | DNAudit | user=null | ip=null | op=PUT_BLOCK {blockData=[blockId=conID: 2 locID: 102656602656342499 bcsId: 0,size=3145728]} | ret=SUCCESS |  
2019-08-21 19:24:06,060 | INFO  | DNAudit | user=null | ip=null | op=WRITE_CHUNK {blockData=conID: 2 locID: 102656602656342499 bcsId: 1952} | ret=SUCCESS |  
2019-08-21 19:24:06,060 | INFO  | DNAudit | user=null | ip=null | op=PUT_BLOCK {blockData=[blockId=conID: 2 locID: 102656602656342499 bcsId: 0,size=4194304]} | ret=SUCCESS |  
2019-08-21 19:24:06,060 [grpc-default-executor-2] INFO  client.GrpcClientProtocolClient (GrpcClientProtocolClient.java:onNext(255)) - client-DA9582518C67->1df8bd03-73ef-4b9c-8622-5dc9d0e29c31: receive RaftClientReply:client-DA9582518C67->1df8bd03-73ef-4b9c-8622-5dc9d0e29c31@group-F45402591F47, cid=1404, SUCCESS, logIndex=1955, commits[1df8bd03-73ef-4b9c-8622-5dc9d0e29c31:c1956, 12aca755-ada5-42df-801b-c61f99d8e8b8:c1952, a308b8bf-0324-43a1-a87f-1e10a96e3042:c1952]
2019-08-21 19:24:06,061 [grpc-default-executor-2] INFO  client.GrpcClientProtocolClient (GrpcClientProtocolClient.java:onNext(255)) - client-DA9582518C67->1df8bd03-73ef-4b9c-8622-5dc9d0e29c31: receive RaftClientReply:client-DA9582518C67->1df8bd03-73ef-4b9c-8622-5dc9d0e29c31@group-F45402591F47, cid=1405, SUCCESS, logIndex=1956, commits[1df8bd03-73ef-4b9c-8622-5dc9d0e29c31:c1956, 12aca755-ada5-42df-801b-c61f99d8e8b8:c1952, a308b8bf-0324-43a1-a87f-1e10a96e3042:c1952]
2019-08-21 19:24:06,081 | INFO  | DNAudit | user=null | ip=null | op=WRITE_CHUNK {blockData=conID: 2 locID: 102656602656342499 bcsId: 1952} | ret=SUCCESS |  
2019-08-21 19:24:06,081 | INFO  | DNAudit | user=null | ip=null | op=WRITE_CHUNK {blockData=conID: 2 locID: 102656602656342499 bcsId: 1952} | ret=SUCCESS |  
2019-08-21 19:24:06,082 | INFO  | DNAudit | user=null | ip=null | op=PUT_BLOCK {blockData=[blockId=conID: 2 locID: 102656602656342499 bcsId: 0,size=4194304]} | ret=SUCCESS |  
2019-08-21 19:24:06,082 | INFO  | DNAudit | user=null | ip=null | op=PUT_BLOCK {blockData=[blockId=conID: 2 locID: 102656602656342499 bcsId: 0,size=4194304]} | ret=SUCCESS |  
2019-08-21 19:24:06,082 [grpc-default-executor-2] INFO  client.GrpcClientProtocolClient (GrpcClientProtocolClient.java:onNext(255)) - client-DA9582518C67->1df8bd03-73ef-4b9c-8622-5dc9d0e29c31: receive RaftClientReply:client-DA9582518C67->1df8bd03-73ef-4b9c-8622-5dc9d0e29c31@group-F45402591F47, cid=1406, SUCCESS, logIndex=0, commits[1df8bd03-73ef-4b9c-8622-5dc9d0e29c31:c1957, 12aca755-ada5-42df-801b-c61f99d8e8b8:c1956, a308b8bf-0324-43a1-a87f-1e10a96e3042:c1956]
2019-08-21 19:24:06,087 | INFO  | SCMAudit | user=jenkins1000 | ip=192.168.69.88 | op=ALLOCATE_BLOCK {owner=a4b1d482-4fe6-4e71-84a6-a95f4ce3f696, size=4194304, type=RATIS, factor=THREE} | ret=SUCCESS |  
2019-08-21 19:24:06,089 | INFO  | OMAudit | user=jenkins1000 | ip=127.0.0.1 | op=ALLOCATE_BLOCK {volume=vol-0-90666, bucket=bucket-0-29336, key=key-0-94354, dataSize=0, replicationType=null, replicationFactor=null, keyLocationInfo=null, clientID=102656601977389458} | ret=SUCCESS |  
2019-08-21 19:24:06,097 | INFO  | DNAudit | user=null | ip=null | op=WRITE_CHUNK {blockData=conID: 3 locID: 102656602674758116 bcsId: 0} | ret=SUCCESS |  
2019-08-21 19:24:06,098 | INFO  | DNAudit | user=null | ip=null | op=WRITE_CHUNK {blockData=conID: 3 locID: 102656602674758116 bcsId: 0} | ret=SUCCESS |  
2019-08-21 19:24:06,099 | INFO  | DNAudit | user=null | ip=null | op=WRITE_CHUNK {blockData=conID: 3 locID: 102656602674758116 bcsId: 0} | ret=SUCCESS |  
2019-08-21 19:24:06,101 | INFO  | DNAudit | user=null | ip=null | op=WRITE_CHUNK {blockData=conID: 3 locID: 102656602674758116 bcsId: 0} | ret=SUCCESS |  
2019-08-21 19:24:06,103 | INFO  | DNAudit | user=null | ip=null | op=WRITE_CHUNK {blockData=conID: 3 locID: 102656602674758116 bcsId: 0} | ret=SUCCESS |  
2019-08-21 19:24:06,104 | INFO  | DNAudit | user=null | ip=null | op=WRITE_CHUNK {blockData=conID: 3 locID: 102656602674758116 bcsId: 0} | ret=SUCCESS |  
2019-08-21 19:24:06,105 | INFO  | DNAudit | user=null | ip=null | op=WRITE_CHUNK {blockData=conID: 3 locID: 102656602674758116 bcsId: 0} | ret=SUCCESS |  
2019-08-21 19:24:06,106 | INFO  | DNAudit | user=null | ip=null | op=PUT_BLOCK {blockData=[blockId=conID: 3 locID: 102656602674758116 bcsId: 0,size=1048576]} | ret=SUCCESS |  
2019-08-21 19:24:06,106 | INFO  | DNAudit | user=null | ip=null | op=WRITE_CHUNK {blockData=conID: 3 locID: 102656602674758116 bcsId: 0} | ret=SUCCESS |  
2019-08-21 19:24:06,106 [grpc-default-executor-5] INFO  client.GrpcClientProtocolClient (GrpcClientProtocolClient.java:onNext(255)) - client-DA9582518C67->1df8bd03-73ef-4b9c-8622-5dc9d0e29c31: receive RaftClientReply:client-DA9582518C67->1df8bd03-73ef-4b9c-8622-5dc9d0e29c31@group-F45402591F47, cid=1407, SUCCESS, logIndex=1959, commits[1df8bd03-73ef-4b9c-8622-5dc9d0e29c31:c1960, 12aca755-ada5-42df-801b-c61f99d8e8b8:c1958, a308b8bf-0324-43a1-a87f-1e10a96e3042:c1958]
2019-08-21 19:24:06,106 | INFO  | DNAudit | user=null | ip=null | op=PUT_BLOCK {blockData=[blockId=conID: 3 locID: 102656602674758116 bcsId: 0,size=2097152]} | ret=SUCCESS |  
2019-08-21 19:24:06,107 [grpc-default-executor-5] INFO  client.GrpcClientProtocolClient (GrpcClientProtocolClient.java:onNext(255)) - client-DA9582518C67->1df8bd03-73ef-4b9c-8622-5dc9d0e29c31: receive RaftClientReply:client-DA9582518C67->1df8bd03-73ef-4b9c-8622-5dc9d0e29c31@group-F45402591F47, cid=1408, SUCCESS, logIndex=1960, commits[1df8bd03-73ef-4b9c-8622-5dc9d0e29c31:c1962, 12aca755-ada5-42df-801b-c61f99d8e8b8:c1958, a308b8bf-0324-43a1-a87f-1e10a96e3042:c1958]
2019-08-21 19:24:06,107 [grpc-default-executor-5] INFO  client.GrpcClientProtocolClient (GrpcClientProtocolClient.java:onNext(255)) - client-DA9582518C67->1df8bd03-73ef-4b9c-8622-5dc9d0e29c31: receive RaftClientReply:client-DA9582518C67->1df8bd03-73ef-4b9c-8622-5dc9d0e29c31@group-F45402591F47, cid=1409, SUCCESS, logIndex=1961, commits[1df8bd03-73ef-4b9c-8622-5dc9d0e29c31:c1962, 12aca755-ada5-42df-801b-c61f99d8e8b8:c1958, a308b8bf-0324-43a1-a87f-1e10a96e3042:c1958]
2019-08-21 19:24:06,107 [grpc-default-executor-5] INFO  client.GrpcClientProtocolClient (GrpcClientProtocolClient.java:onNext(255)) - client-DA9582518C67->1df8bd03-73ef-4b9c-8622-5dc9d0e29c31: receive RaftClientReply:client-DA9582518C67->1df8bd03-73ef-4b9c-8622-5dc9d0e29c31@group-F45402591F47, cid=1410, SUCCESS, logIndex=1962, commits[1df8bd03-73ef-4b9c-8622-5dc9d0e29c31:c1962, 12aca755-ada5-42df-801b-c61f99d8e8b8:c1958, a308b8bf-0324-43a1-a87f-1e10a96e3042:c1958]
2019-08-21 19:24:06,119 | INFO  | DNAudit | user=null | ip=null | op=WRITE_CHUNK {blockData=conID: 3 locID: 102656602674758116 bcsId: 0} | ret=SUCCESS |  
2019-08-21 19:24:06,120 | INFO  | DNAudit | user=null | ip=null | op=WRITE_CHUNK {blockData=conID: 3 locID: 102656602674758116 bcsId: 0} | ret=SUCCESS |  
2019-08-21 19:24:06,120 | INFO  | DNAudit | user=null | ip=null | op=PUT_BLOCK {blockData=[blockId=conID: 3 locID: 102656602674758116 bcsId: 0,size=1048576]} | ret=SUCCESS |  
2019-08-21 19:24:06,120 | INFO  | DNAudit | user=null | ip=null | op=WRITE_CHUNK {blockData=conID: 3 locID: 102656602674758116 bcsId: 0} | ret=SUCCESS |  
2019-08-21 19:24:06,120 | INFO  | DNAudit | user=null | ip=null | op=PUT_BLOCK {blockData=[blockId=conID: 3 locID: 102656602674758116 bcsId: 0,size=2097152]} | ret=SUCCESS |  
2019-08-21 19:24:06,122 | INFO  | DNAudit | user=null | ip=null | op=PUT_BLOCK {blockData=[blockId=conID: 3 locID: 102656602674758116 bcsId: 0,size=1048576]} | ret=SUCCESS |  
2019-08-21 19:24:06,122 | INFO  | DNAudit | user=null | ip=null | op=WRITE_CHUNK {blockData=conID: 3 locID: 102656602674758116 bcsId: 0} | ret=SUCCESS |  
2019-08-21 19:24:06,122 | INFO  | DNAudit | user=null | ip=null | op=PUT_BLOCK {blockData=[blockId=conID: 3 locID: 102656602674758116 bcsId: 0,size=2097152]} | ret=SUCCESS |  
2019-08-21 19:24:06,122 [grpc-default-executor-5] INFO  client.GrpcClientProtocolClient (GrpcClientProtocolClient.java:onNext(255)) - client-DA9582518C67->1df8bd03-73ef-4b9c-8622-5dc9d0e29c31: receive RaftClientReply:client-DA9582518C67->1df8bd03-73ef-4b9c-8622-5dc9d0e29c31@group-F45402591F47, cid=1411, SUCCESS, logIndex=0, commits[1df8bd03-73ef-4b9c-8622-5dc9d0e29c31:c1965, 12aca755-ada5-42df-801b-c61f99d8e8b8:c1962, a308b8bf-0324-43a1-a87f-1e10a96e3042:c1960]
2019-08-21 19:24:06,130 | INFO  | DNAudit | user=null | ip=null | op=WRITE_CHUNK {blockData=conID: 3 locID: 102656602674758116 bcsId: 1962} | ret=SUCCESS |  
2019-08-21 19:24:06,132 | INFO  | DNAudit | user=null | ip=null | op=WRITE_CHUNK {blockData=conID: 3 locID: 102656602674758116 bcsId: 1962} | ret=SUCCESS |  
2019-08-21 19:24:06,132 | INFO  | DNAudit | user=null | ip=null | op=WRITE_CHUNK {blockData=conID: 3 locID: 102656602674758116 bcsId: 1962} | ret=SUCCESS |  
2019-08-21 19:24:06,142 | INFO  | DNAudit | user=null | ip=null | op=WRITE_CHUNK {blockData=conID: 3 locID: 102656602674758116 bcsId: 1962} | ret=SUCCESS |  
2019-08-21 19:24:06,143 | INFO  | DNAudit | user=null | ip=null | op=PUT_BLOCK {blockData=[blockId=conID: 3 locID: 102656602674758116 bcsId: 0,size=3145728]} | ret=SUCCESS |  
2019-08-21 19:24:06,143 [grpc-default-executor-4] INFO  client.GrpcClientProtocolClient (GrpcClientProtocolClient.java:onNext(255)) - client-DA9582518C67->1df8bd03-73ef-4b9c-8622-5dc9d0e29c31: receive RaftClientReply:client-DA9582518C67->1df8bd03-73ef-4b9c-8622-5dc9d0e29c31@group-F45402591F47, cid=1412, SUCCESS, logIndex=1966, commits[1df8bd03-73ef-4b9c-8622-5dc9d0e29c31:c1967, 12aca755-ada5-42df-801b-c61f99d8e8b8:c1965, a308b8bf-0324-43a1-a87f-1e10a96e3042:c1965]
2019-08-21 19:24:06,143 [grpc-default-executor-4] INFO  client.GrpcClientProtocolClient (GrpcClientProtocolClient.java:onNext(255)) - client-DA9582518C67->1df8bd03-73ef-4b9c-8622-5dc9d0e29c31: receive RaftClientReply:client-DA9582518C67->1df8bd03-73ef-4b9c-8622-5dc9d0e29c31@group-F45402591F47, cid=1413, SUCCESS, logIndex=1967, commits[1df8bd03-73ef-4b9c-8622-5dc9d0e29c31:c1967, 12aca755-ada5-42df-801b-c61f99d8e8b8:c1965, a308b8bf-0324-43a1-a87f-1e10a96e3042:c1965]
2019-08-21 19:24:06,150 | INFO  | DNAudit | user=null | ip=null | op=WRITE_CHUNK {blockData=conID: 3 locID: 102656602674758116 bcsId: 1967} | ret=SUCCESS |  
2019-08-21 19:24:06,152 | INFO  | DNAudit | user=null | ip=null | op=WRITE_CHUNK {blockData=conID: 3 locID: 102656602674758116 bcsId: 1967} | ret=SUCCESS |  
2019-08-21 19:24:06,152 | INFO  | DNAudit | user=null | ip=null | op=WRITE_CHUNK {blockData=conID: 3 locID: 102656602674758116 bcsId: 1967} | ret=SUCCESS |  
2019-08-21 19:24:06,155 | INFO  | DNAudit | user=null | ip=null | op=WRITE_CHUNK {blockData=conID: 3 locID: 102656602674758116 bcsId: 1962} | ret=SUCCESS |  
2019-08-21 19:24:06,156 | INFO  | DNAudit | user=null | ip=null | op=WRITE_CHUNK {blockData=conID: 3 locID: 102656602674758116 bcsId: 1962} | ret=SUCCESS |  
2019-08-21 19:24:06,157 | INFO  | DNAudit | user=null | ip=null | op=PUT_BLOCK {blockData=[blockId=conID: 3 locID: 102656602674758116 bcsId: 0,size=3145728]} | ret=SUCCESS |  
2019-08-21 19:24:06,157 | INFO  | DNAudit | user=null | ip=null | op=PUT_BLOCK {blockData=[blockId=conID: 3 locID: 102656602674758116 bcsId: 0,size=3145728]} | ret=SUCCESS |  
2019-08-21 19:24:06,157 | INFO  | DNAudit | user=null | ip=null | op=WRITE_CHUNK {blockData=conID: 3 locID: 102656602674758116 bcsId: 1967} | ret=SUCCESS |  
2019-08-21 19:24:06,157 | INFO  | DNAudit | user=null | ip=null | op=PUT_BLOCK {blockData=[blockId=conID: 3 locID: 102656602674758116 bcsId: 0,size=4194304]} | ret=SUCCESS |  
2019-08-21 19:24:06,158 [grpc-default-executor-4] INFO  client.GrpcClientProtocolClient (GrpcClientProtocolClient.java:onNext(255)) - client-DA9582518C67->1df8bd03-73ef-4b9c-8622-5dc9d0e29c31: receive RaftClientReply:client-DA9582518C67->1df8bd03-73ef-4b9c-8622-5dc9d0e29c31@group-F45402591F47, cid=1414, SUCCESS, logIndex=1970, commits[1df8bd03-73ef-4b9c-8622-5dc9d0e29c31:c1970, 12aca755-ada5-42df-801b-c61f99d8e8b8:c1967, a308b8bf-0324-43a1-a87f-1e10a96e3042:c1967]
2019-08-21 19:24:06,158 [grpc-default-executor-4] INFO  client.GrpcClientProtocolClient (GrpcClientProtocolClient.java:onNext(255)) - client-DA9582518C67->1df8bd03-73ef-4b9c-8622-5dc9d0e29c31: receive RaftClientReply:client-DA9582518C67->1df8bd03-73ef-4b9c-8622-5dc9d0e29c31@group-F45402591F47, cid=1415, SUCCESS, logIndex=1971, commits[1df8bd03-73ef-4b9c-8622-5dc9d0e29c31:c1971, 12aca755-ada5-42df-801b-c61f99d8e8b8:c1967, a308b8bf-0324-43a1-a87f-1e10a96e3042:c1967]
2019-08-21 19:24:06,173 | INFO  | DNAudit | user=null | ip=null | op=WRITE_CHUNK {blockData=conID: 3 locID: 102656602674758116 bcsId: 1967} | ret=SUCCESS |  
2019-08-21 19:24:06,173 | INFO  | DNAudit | user=null | ip=null | op=WRITE_CHUNK {blockData=conID: 3 locID: 102656602674758116 bcsId: 1967} | ret=SUCCESS |  
2019-08-21 19:24:06,175 | INFO  | DNAudit | user=null | ip=null | op=PUT_BLOCK {blockData=[blockId=conID: 3 locID: 102656602674758116 bcsId: 0,size=4194304]} | ret=SUCCESS |  
2019-08-21 19:24:06,175 | INFO  | DNAudit | user=null | ip=null | op=PUT_BLOCK {blockData=[blockId=conID: 3 locID: 102656602674758116 bcsId: 0,size=4194304]} | ret=SUCCESS |  
2019-08-21 19:24:06,176 [grpc-default-executor-2] INFO  client.GrpcClientProtocolClient (GrpcClientProtocolClient.java:onNext(255)) - client-DA9582518C67->1df8bd03-73ef-4b9c-8622-5dc9d0e29c31: receive RaftClientReply:client-DA9582518C67->1df8bd03-73ef-4b9c-8622-5dc9d0e29c31@group-F45402591F47, cid=1416, SUCCESS, logIndex=0, commits[1df8bd03-73ef-4b9c-8622-5dc9d0e29c31:c1973, 12aca755-ada5-42df-801b-c61f99d8e8b8:c1971, a308b8bf-0324-43a1-a87f-1e10a96e3042:c1971]
2019-08-21 19:24:06,181 | INFO  | SCMAudit | user=jenkins1000 | ip=192.168.69.88 | op=ALLOCATE_BLOCK {owner=a4b1d482-4fe6-4e71-84a6-a95f4ce3f696, size=4194304, type=RATIS, factor=THREE} | ret=SUCCESS |  
2019-08-21 19:24:06,184 | INFO  | OMAudit | user=jenkins1000 | ip=127.0.0.1 | op=ALLOCATE_BLOCK {volume=vol-0-90666, bucket=bucket-0-29336, key=key-0-94354, dataSize=0, replicationType=null, replicationFactor=null, keyLocationInfo=null, clientID=102656601977389458} | ret=SUCCESS |  
2019-08-21 19:24:06,190 | INFO  | DNAudit | user=null | ip=null | op=WRITE_CHUNK {blockData=conID: 1 locID: 102656602680918501 bcsId: 0} | ret=SUCCESS |  
2019-08-21 19:24:06,191 | INFO  | DNAudit | user=null | ip=null | op=WRITE_CHUNK {blockData=conID: 1 locID: 102656602680918501 bcsId: 0} | ret=SUCCESS |  
2019-08-21 19:24:06,192 | INFO  | SCMAudit | user=jenkins1000 | ip=192.168.69.88 | op=SEND_HEARTBEAT {datanodeUUID=cfaf9666-ca64-459e-bd34-ff7c349f752a, command=[]} | ret=SUCCESS |  
2019-08-21 19:24:06,192 | INFO  | DNAudit | user=null | ip=null | op=WRITE_CHUNK {blockData=conID: 1 locID: 102656602680918501 bcsId: 0} | ret=SUCCESS |  
2019-08-21 19:24:06,193 | INFO  | DNAudit | user=null | ip=null | op=WRITE_CHUNK {blockData=conID: 1 locID: 102656602680918501 bcsId: 0} | ret=SUCCESS |  
2019-08-21 19:24:06,194 | INFO  | DNAudit | user=null | ip=null | op=WRITE_CHUNK {blockData=conID: 1 locID: 102656602680918501 bcsId: 0} | ret=SUCCESS |  
2019-08-21 19:24:06,194 | INFO  | DNAudit | user=null | ip=null | op=WRITE_CHUNK {blockData=conID: 1 locID: 102656602680918501 bcsId: 0} | ret=SUCCESS |  
2019-08-21 19:24:06,208 | INFO  | DNAudit | user=null | ip=null | op=WRITE_CHUNK {blockData=conID: 1 locID: 102656602680918501 bcsId: 0} | ret=SUCCESS |  
2019-08-21 19:24:06,209 | INFO  | DNAudit | user=null | ip=null | op=PUT_BLOCK {blockData=[blockId=conID: 1 locID: 102656602680918501 bcsId: 0,size=1048576]} | ret=SUCCESS |  
2019-08-21 19:24:06,209 | INFO  | DNAudit | user=null | ip=null | op=WRITE_CHUNK {blockData=conID: 1 locID: 102656602680918501 bcsId: 0} | ret=SUCCESS |  
2019-08-21 19:24:06,209 [grpc-default-executor-2] INFO  client.GrpcClientProtocolClient (GrpcClientProtocolClient.java:onNext(255)) - client-DA9582518C67->1df8bd03-73ef-4b9c-8622-5dc9d0e29c31: receive RaftClientReply:client-DA9582518C67->1df8bd03-73ef-4b9c-8622-5dc9d0e29c31@group-F45402591F47, cid=1417, SUCCESS, logIndex=1974, commits[1df8bd03-73ef-4b9c-8622-5dc9d0e29c31:c1977, 12aca755-ada5-42df-801b-c61f99d8e8b8:c1973, a308b8bf-0324-43a1-a87f-1e10a96e3042:c1973]
2019-08-21 19:24:06,209 | INFO  | DNAudit | user=null | ip=null | op=WRITE_CHUNK {blockData=conID: 1 locID: 102656602680918501 bcsId: 0} | ret=SUCCESS |  
2019-08-21 19:24:06,210 [grpc-default-executor-2] INFO  client.GrpcClientProtocolClient (GrpcClientProtocolClient.java:onNext(255)) - client-DA9582518C67->1df8bd03-73ef-4b9c-8622-5dc9d0e29c31: receive RaftClientReply:client-DA9582518C67->1df8bd03-73ef-4b9c-8622-5dc9d0e29c31@group-F45402591F47, cid=1418, SUCCESS, logIndex=1975, commits[1df8bd03-73ef-4b9c-8622-5dc9d0e29c31:c1977, 12aca755-ada5-42df-801b-c61f99d8e8b8:c1973, a308b8bf-0324-43a1-a87f-1e10a96e3042:c1973]
2019-08-21 19:24:06,210 | INFO  | DNAudit | user=null | ip=null | op=WRITE_CHUNK {blockData=conID: 1 locID: 102656602680918501 bcsId: 0} | ret=SUCCESS |  
2019-08-21 19:24:06,210 | INFO  | DNAudit | user=null | ip=null | op=PUT_BLOCK {blockData=[blockId=conID: 1 locID: 102656602680918501 bcsId: 0,size=1048576]} | ret=SUCCESS |  
2019-08-21 19:24:06,210 | INFO  | DNAudit | user=null | ip=null | op=PUT_BLOCK {blockData=[blockId=conID: 1 locID: 102656602680918501 bcsId: 0,size=2097152]} | ret=SUCCESS |  
2019-08-21 19:24:06,210 | INFO  | DNAudit | user=null | ip=null | op=PUT_BLOCK {blockData=[blockId=conID: 1 locID: 102656602680918501 bcsId: 0,size=1048576]} | ret=SUCCESS |  
2019-08-21 19:24:06,210 [grpc-default-executor-5] INFO  client.GrpcClientProtocolClient (GrpcClientProtocolClient.java:onNext(255)) - client-DA9582518C67->1df8bd03-73ef-4b9c-8622-5dc9d0e29c31: receive RaftClientReply:client-DA9582518C67->1df8bd03-73ef-4b9c-8622-5dc9d0e29c31@group-F45402591F47, cid=1419, SUCCESS, logIndex=1976, commits[1df8bd03-73ef-4b9c-8622-5dc9d0e29c31:c1977, 12aca755-ada5-42df-801b-c61f99d8e8b8:c1973, a308b8bf-0324-43a1-a87f-1e10a96e3042:c1973]
2019-08-21 19:24:06,210 [grpc-default-executor-5] INFO  client.GrpcClientProtocolClient (GrpcClientProtocolClient.java:onNext(255)) - client-DA9582518C67->1df8bd03-73ef-4b9c-8622-5dc9d0e29c31: receive RaftClientReply:client-DA9582518C67->1df8bd03-73ef-4b9c-8622-5dc9d0e29c31@group-F45402591F47, cid=1420, SUCCESS, logIndex=1977, commits[1df8bd03-73ef-4b9c-8622-5dc9d0e29c31:c1978, 12aca755-ada5-42df-801b-c61f99d8e8b8:c1973, a308b8bf-0324-43a1-a87f-1e10a96e3042:c1975]
2019-08-21 19:24:06,211 [grpc-default-executor-5] INFO  client.GrpcClientProtocolClient (GrpcClientProtocolClient.java:onNext(255)) - client-DA9582518C67->1df8bd03-73ef-4b9c-8622-5dc9d0e29c31: receive RaftClientReply:client-DA9582518C67->1df8bd03-73ef-4b9c-8622-5dc9d0e29c31@group-F45402591F47, cid=1421, SUCCESS, logIndex=0, commits[1df8bd03-73ef-4b9c-8622-5dc9d0e29c31:c1978, 12aca755-ada5-42df-801b-c61f99d8e8b8:c1975, a308b8bf-0324-43a1-a87f-1e10a96e3042:c1975]
2019-08-21 19:24:06,212 | INFO  | DNAudit | user=null | ip=null | op=WRITE_CHUNK {blockData=conID: 1 locID: 102656602680918501 bcsId: 0} | ret=SUCCESS |  
2019-08-21 19:24:06,212 | INFO  | DNAudit | user=null | ip=null | op=WRITE_CHUNK {blockData=conID: 1 locID: 102656602680918501 bcsId: 0} | ret=SUCCESS |  
2019-08-21 19:24:06,213 | INFO  | DNAudit | user=null | ip=null | op=PUT_BLOCK {blockData=[blockId=conID: 1 locID: 102656602680918501 bcsId: 0,size=2097152]} | ret=SUCCESS |  
2019-08-21 19:24:06,213 | INFO  | DNAudit | user=null | ip=null | op=PUT_BLOCK {blockData=[blockId=conID: 1 locID: 102656602680918501 bcsId: 0,size=2097152]} | ret=SUCCESS |  
2019-08-21 19:24:06,217 | INFO  | DNAudit | user=null | ip=null | op=WRITE_CHUNK {blockData=conID: 1 locID: 102656602680918501 bcsId: 1977} | ret=SUCCESS |  
2019-08-21 19:24:06,220 | INFO  | DNAudit | user=null | ip=null | op=WRITE_CHUNK {blockData=conID: 1 locID: 102656602680918501 bcsId: 1977} | ret=SUCCESS |  
2019-08-21 19:24:06,220 | INFO  | DNAudit | user=null | ip=null | op=WRITE_CHUNK {blockData=conID: 1 locID: 102656602680918501 bcsId: 1977} | ret=SUCCESS |  
2019-08-21 19:24:06,225 | INFO  | DNAudit | user=null | ip=null | op=WRITE_CHUNK {blockData=conID: 1 locID: 102656602680918501 bcsId: 1977} | ret=SUCCESS |  
2019-08-21 19:24:06,226 | INFO  | DNAudit | user=null | ip=null | op=PUT_BLOCK {blockData=[blockId=conID: 1 locID: 102656602680918501 bcsId: 0,size=3145728]} | ret=SUCCESS |  
2019-08-21 19:24:06,226 [grpc-default-executor-5] INFO  client.GrpcClientProtocolClient (GrpcClientProtocolClient.java:onNext(255)) - client-DA9582518C67->1df8bd03-73ef-4b9c-8622-5dc9d0e29c31: receive RaftClientReply:client-DA9582518C67->1df8bd03-73ef-4b9c-8622-5dc9d0e29c31@group-F45402591F47, cid=1422, SUCCESS, logIndex=1982, commits[1df8bd03-73ef-4b9c-8622-5dc9d0e29c31:c1983, 12aca755-ada5-42df-801b-c61f99d8e8b8:c1981, a308b8bf-0324-43a1-a87f-1e10a96e3042:c1981]
2019-08-21 19:24:06,226 [grpc-default-executor-5] INFO  client.GrpcClientProtocolClient (GrpcClientProtocolClient.java:onNext(255)) - client-DA9582518C67->1df8bd03-73ef-4b9c-8622-5dc9d0e29c31: receive RaftClientReply:client-DA9582518C67->1df8bd03-73ef-4b9c-8622-5dc9d0e29c31@group-F45402591F47, cid=1423, SUCCESS, logIndex=1983, commits[1df8bd03-73ef-4b9c-8622-5dc9d0e29c31:c1983, 12aca755-ada5-42df-801b-c61f99d8e8b8:c1981, a308b8bf-0324-43a1-a87f-1e10a96e3042:c1981]
2019-08-21 19:24:06,232 | INFO  | DNAudit | user=null | ip=null | op=WRITE_CHUNK {blockData=conID: 1 locID: 102656602680918501 bcsId: 1983} | ret=SUCCESS |  
2019-08-21 19:24:06,234 | INFO  | DNAudit | user=null | ip=null | op=WRITE_CHUNK {blockData=conID: 1 locID: 102656602680918501 bcsId: 1983} | ret=SUCCESS |  
2019-08-21 19:24:06,235 | INFO  | DNAudit | user=null | ip=null | op=WRITE_CHUNK {blockData=conID: 1 locID: 102656602680918501 bcsId: 1983} | ret=SUCCESS |  
2019-08-21 19:24:06,240 | INFO  | DNAudit | user=null | ip=null | op=WRITE_CHUNK {blockData=conID: 1 locID: 102656602680918501 bcsId: 1977} | ret=SUCCESS |  
2019-08-21 19:24:06,240 | INFO  | DNAudit | user=null | ip=null | op=WRITE_CHUNK {blockData=conID: 1 locID: 102656602680918501 bcsId: 1977} | ret=SUCCESS |  
2019-08-21 19:24:06,241 | INFO  | DNAudit | user=null | ip=null | op=PUT_BLOCK {blockData=[blockId=conID: 1 locID: 102656602680918501 bcsId: 0,size=3145728]} | ret=SUCCESS |  
2019-08-21 19:24:06,241 | INFO  | DNAudit | user=null | ip=null | op=PUT_BLOCK {blockData=[blockId=conID: 1 locID: 102656602680918501 bcsId: 0,size=3145728]} | ret=SUCCESS |  
2019-08-21 19:24:06,242 | INFO  | DNAudit | user=null | ip=null | op=WRITE_CHUNK {blockData=conID: 1 locID: 102656602680918501 bcsId: 1983} | ret=SUCCESS |  
2019-08-21 19:24:06,242 | INFO  | DNAudit | user=null | ip=null | op=PUT_BLOCK {blockData=[blockId=conID: 1 locID: 102656602680918501 bcsId: 0,size=4194304]} | ret=SUCCESS |  
2019-08-21 19:24:06,242 [grpc-default-executor-4] INFO  client.GrpcClientProtocolClient (GrpcClientProtocolClient.java:onNext(255)) - client-DA9582518C67->1df8bd03-73ef-4b9c-8622-5dc9d0e29c31: receive RaftClientReply:client-DA9582518C67->1df8bd03-73ef-4b9c-8622-5dc9d0e29c31@group-F45402591F47, cid=1424, SUCCESS, logIndex=1986, commits[1df8bd03-73ef-4b9c-8622-5dc9d0e29c31:c1986, 12aca755-ada5-42df-801b-c61f99d8e8b8:c1983, a308b8bf-0324-43a1-a87f-1e10a96e3042:c1983]
2019-08-21 19:24:06,243 [grpc-default-executor-4] INFO  client.GrpcClientProtocolClient (GrpcClientProtocolClient.java:onNext(255)) - client-DA9582518C67->1df8bd03-73ef-4b9c-8622-5dc9d0e29c31: receive RaftClientReply:client-DA9582518C67->1df8bd03-73ef-4b9c-8622-5dc9d0e29c31@group-F45402591F47, cid=1425, SUCCESS, logIndex=1987, commits[1df8bd03-73ef-4b9c-8622-5dc9d0e29c31:c1987, 12aca755-ada5-42df-801b-c61f99d8e8b8:c1983, a308b8bf-0324-43a1-a87f-1e10a96e3042:c1983]
2019-08-21 19:24:06,261 | INFO  | DNAudit | user=null | ip=null | op=WRITE_CHUNK {blockData=conID: 1 locID: 102656602680918501 bcsId: 1983} | ret=SUCCESS |  
2019-08-21 19:24:06,261 | INFO  | DNAudit | user=null | ip=null | op=WRITE_CHUNK {blockData=conID: 1 locID: 102656602680918501 bcsId: 1983} | ret=SUCCESS |  
2019-08-21 19:24:06,264 | INFO  | DNAudit | user=null | ip=null | op=PUT_BLOCK {blockData=[blockId=conID: 1 locID: 102656602680918501 bcsId: 0,size=4194304]} | ret=SUCCESS |  
2019-08-21 19:24:06,264 | INFO  | DNAudit | user=null | ip=null | op=PUT_BLOCK {blockData=[blockId=conID: 1 locID: 102656602680918501 bcsId: 0,size=4194304]} | ret=SUCCESS |  
2019-08-21 19:24:06,264 [grpc-default-executor-5] INFO  client.GrpcClientProtocolClient (GrpcClientProtocolClient.java:onNext(255)) - client-DA9582518C67->1df8bd03-73ef-4b9c-8622-5dc9d0e29c31: receive RaftClientReply:client-DA9582518C67->1df8bd03-73ef-4b9c-8622-5dc9d0e29c31@group-F45402591F47, cid=1426, SUCCESS, logIndex=0, commits[1df8bd03-73ef-4b9c-8622-5dc9d0e29c31:c1989, 12aca755-ada5-42df-801b-c61f99d8e8b8:c1987, a308b8bf-0324-43a1-a87f-1e10a96e3042:c1987]
2019-08-21 19:24:06,268 | INFO  | SCMAudit | user=jenkins1000 | ip=192.168.69.88 | op=ALLOCATE_BLOCK {owner=a4b1d482-4fe6-4e71-84a6-a95f4ce3f696, size=4194304, type=RATIS, factor=THREE} | ret=SUCCESS |  
2019-08-21 19:24:06,270 | INFO  | OMAudit | user=jenkins1000 | ip=127.0.0.1 | op=ALLOCATE_BLOCK {volume=vol-0-90666, bucket=bucket-0-29336, key=key-0-94354, dataSize=0, replicationType=null, replicationFactor=null, keyLocationInfo=null, clientID=102656601977389458} | ret=SUCCESS |  
2019-08-21 19:24:06,276 | INFO  | DNAudit | user=null | ip=null | op=WRITE_CHUNK {blockData=conID: 2 locID: 102656602686620134 bcsId: 0} | ret=SUCCESS |  
2019-08-21 19:24:06,278 | INFO  | DNAudit | user=null | ip=null | op=WRITE_CHUNK {blockData=conID: 2 locID: 102656602686620134 bcsId: 0} | ret=SUCCESS |  
2019-08-21 19:24:06,279 | INFO  | DNAudit | user=null | ip=null | op=WRITE_CHUNK {blockData=conID: 2 locID: 102656602686620134 bcsId: 0} | ret=SUCCESS |  
2019-08-21 19:24:06,279 | INFO  | DNAudit | user=null | ip=null | op=WRITE_CHUNK {blockData=conID: 2 locID: 102656602686620134 bcsId: 0} | ret=SUCCESS |  
2019-08-21 19:24:06,280 | INFO  | DNAudit | user=null | ip=null | op=WRITE_CHUNK {blockData=conID: 2 locID: 102656602686620134 bcsId: 0} | ret=SUCCESS |  
2019-08-21 19:24:06,281 | INFO  | DNAudit | user=null | ip=null | op=WRITE_CHUNK {blockData=conID: 2 locID: 102656602686620134 bcsId: 0} | ret=SUCCESS |  
2019-08-21 19:24:06,287 | INFO  | DNAudit | user=null | ip=null | op=WRITE_CHUNK {blockData=conID: 2 locID: 102656602686620134 bcsId: 0} | ret=SUCCESS |  
2019-08-21 19:24:06,287 | INFO  | DNAudit | user=null | ip=null | op=PUT_BLOCK {blockData=[blockId=conID: 2 locID: 102656602686620134 bcsId: 0,size=1048576]} | ret=SUCCESS |  
2019-08-21 19:24:06,288 | INFO  | DNAudit | user=null | ip=null | op=WRITE_CHUNK {blockData=conID: 2 locID: 102656602686620134 bcsId: 0} | ret=SUCCESS |  
2019-08-21 19:24:06,288 [grpc-default-executor-4] INFO  client.GrpcClientProtocolClient (GrpcClientProtocolClient.java:onNext(255)) - client-DA9582518C67->1df8bd03-73ef-4b9c-8622-5dc9d0e29c31: receive RaftClientReply:client-DA9582518C67->1df8bd03-73ef-4b9c-8622-5dc9d0e29c31@group-F45402591F47, cid=1427, SUCCESS, logIndex=1990, commits[1df8bd03-73ef-4b9c-8622-5dc9d0e29c31:c1992, 12aca755-ada5-42df-801b-c61f99d8e8b8:c1989, a308b8bf-0324-43a1-a87f-1e10a96e3042:c1989]
2019-08-21 19:24:06,288 | INFO  | DNAudit | user=null | ip=null | op=PUT_BLOCK {blockData=[blockId=conID: 2 locID: 102656602686620134 bcsId: 0,size=2097152]} | ret=SUCCESS |  
2019-08-21 19:24:06,288 [grpc-default-executor-4] INFO  client.GrpcClientProtocolClient (GrpcClientProtocolClient.java:onNext(255)) - client-DA9582518C67->1df8bd03-73ef-4b9c-8622-5dc9d0e29c31: receive RaftClientReply:client-DA9582518C67->1df8bd03-73ef-4b9c-8622-5dc9d0e29c31@group-F45402591F47, cid=1428, SUCCESS, logIndex=1991, commits[1df8bd03-73ef-4b9c-8622-5dc9d0e29c31:c1993, 12aca755-ada5-42df-801b-c61f99d8e8b8:c1989, a308b8bf-0324-43a1-a87f-1e10a96e3042:c1989]
2019-08-21 19:24:06,288 [grpc-default-executor-4] INFO  client.GrpcClientProtocolClient (GrpcClientProtocolClient.java:onNext(255)) - client-DA9582518C67->1df8bd03-73ef-4b9c-8622-5dc9d0e29c31: receive RaftClientReply:client-DA9582518C67->1df8bd03-73ef-4b9c-8622-5dc9d0e29c31@group-F45402591F47, cid=1429, SUCCESS, logIndex=1992, commits[1df8bd03-73ef-4b9c-8622-5dc9d0e29c31:c1993, 12aca755-ada5-42df-801b-c61f99d8e8b8:c1989, a308b8bf-0324-43a1-a87f-1e10a96e3042:c1989]
2019-08-21 19:24:06,289 [grpc-default-executor-4] INFO  client.GrpcClientProtocolClient (GrpcClientProtocolClient.java:onNext(255)) - client-DA9582518C67->1df8bd03-73ef-4b9c-8622-5dc9d0e29c31: receive RaftClientReply:client-DA9582518C67->1df8bd03-73ef-4b9c-8622-5dc9d0e29c31@group-F45402591F47, cid=1430, SUCCESS, logIndex=1993, commits[1df8bd03-73ef-4b9c-8622-5dc9d0e29c31:c1993, 12aca755-ada5-42df-801b-c61f99d8e8b8:c1989, a308b8bf-0324-43a1-a87f-1e10a96e3042:c1989]
2019-08-21 19:24:06,289 | INFO  | DNAudit | user=null | ip=null | op=WRITE_CHUNK {blockData=conID: 2 locID: 102656602686620134 bcsId: 0} | ret=SUCCESS |  
2019-08-21 19:24:06,291 | INFO  | DNAudit | user=null | ip=null | op=WRITE_CHUNK {blockData=conID: 2 locID: 102656602686620134 bcsId: 0} | ret=SUCCESS |  
2019-08-21 19:24:06,292 | INFO  | DNAudit | user=null | ip=null | op=PUT_BLOCK {blockData=[blockId=conID: 2 locID: 102656602686620134 bcsId: 0,size=1048576]} | ret=SUCCESS |  
2019-08-21 19:24:06,292 | INFO  | DNAudit | user=null | ip=null | op=PUT_BLOCK {blockData=[blockId=conID: 2 locID: 102656602686620134 bcsId: 0,size=1048576]} | ret=SUCCESS |  
2019-08-21 19:24:06,292 | INFO  | DNAudit | user=null | ip=null | op=WRITE_CHUNK {blockData=conID: 2 locID: 102656602686620134 bcsId: 0} | ret=SUCCESS |  
2019-08-21 19:24:06,292 | INFO  | DNAudit | user=null | ip=null | op=WRITE_CHUNK {blockData=conID: 2 locID: 102656602686620134 bcsId: 0} | ret=SUCCESS |  
2019-08-21 19:24:06,293 | INFO  | DNAudit | user=null | ip=null | op=PUT_BLOCK {blockData=[blockId=conID: 2 locID: 102656602686620134 bcsId: 0,size=2097152]} | ret=SUCCESS |  
2019-08-21 19:24:06,293 | INFO  | DNAudit | user=null | ip=null | op=PUT_BLOCK {blockData=[blockId=conID: 2 locID: 102656602686620134 bcsId: 0,size=2097152]} | ret=SUCCESS |  
2019-08-21 19:24:06,293 [grpc-default-executor-5] INFO  client.GrpcClientProtocolClient (GrpcClientProtocolClient.java:onNext(255)) - client-DA9582518C67->1df8bd03-73ef-4b9c-8622-5dc9d0e29c31: receive RaftClientReply:client-DA9582518C67->1df8bd03-73ef-4b9c-8622-5dc9d0e29c31@group-F45402591F47, cid=1431, SUCCESS, logIndex=0, commits[1df8bd03-73ef-4b9c-8622-5dc9d0e29c31:c1993, 12aca755-ada5-42df-801b-c61f99d8e8b8:c1991, a308b8bf-0324-43a1-a87f-1e10a96e3042:c1991]
2019-08-21 19:24:06,300 | INFO  | DNAudit | user=null | ip=null | op=WRITE_CHUNK {blockData=conID: 2 locID: 102656602686620134 bcsId: 1993} | ret=SUCCESS |  
2019-08-21 19:24:06,304 | INFO  | DNAudit | user=null | ip=null | op=WRITE_CHUNK {blockData=conID: 2 locID: 102656602686620134 bcsId: 1993} | ret=SUCCESS |  
2019-08-21 19:24:06,304 | INFO  | DNAudit | user=null | ip=null | op=WRITE_CHUNK {blockData=conID: 2 locID: 102656602686620134 bcsId: 1993} | ret=SUCCESS |  
2019-08-21 19:24:06,309 | INFO  | DNAudit | user=null | ip=null | op=WRITE_CHUNK {blockData=conID: 2 locID: 102656602686620134 bcsId: 1993} | ret=SUCCESS |  
2019-08-21 19:24:06,309 | INFO  | DNAudit | user=null | ip=null | op=PUT_BLOCK {blockData=[blockId=conID: 2 locID: 102656602686620134 bcsId: 0,size=3145728]} | ret=SUCCESS |  
2019-08-21 19:24:06,309 [grpc-default-executor-4] INFO  client.GrpcClientProtocolClient (GrpcClientProtocolClient.java:onNext(255)) - client-DA9582518C67->1df8bd03-73ef-4b9c-8622-5dc9d0e29c31: receive RaftClientReply:client-DA9582518C67->1df8bd03-73ef-4b9c-8622-5dc9d0e29c31@group-F45402591F47, cid=1432, SUCCESS, logIndex=1998, commits[1df8bd03-73ef-4b9c-8622-5dc9d0e29c31:c1999, 12aca755-ada5-42df-801b-c61f99d8e8b8:c1997, a308b8bf-0324-43a1-a87f-1e10a96e3042:c1997]
2019-08-21 19:24:06,310 [grpc-default-executor-4] INFO  client.GrpcClientProtocolClient (GrpcClientProtocolClient.java:onNext(255)) - client-DA9582518C67->1df8bd03-73ef-4b9c-8622-5dc9d0e29c31: receive RaftClientReply:client-DA9582518C67->1df8bd03-73ef-4b9c-8622-5dc9d0e29c31@group-F45402591F47, cid=1433, SUCCESS, logIndex=1999, commits[1df8bd03-73ef-4b9c-8622-5dc9d0e29c31:c1999, 12aca755-ada5-42df-801b-c61f99d8e8b8:c1997, a308b8bf-0324-43a1-a87f-1e10a96e3042:c1997]
2019-08-21 19:24:06,316 | INFO  | DNAudit | user=null | ip=null | op=WRITE_CHUNK {blockData=conID: 2 locID: 102656602686620134 bcsId: 1999} | ret=SUCCESS |  
2019-08-21 19:24:06,319 | INFO  | DNAudit | user=null | ip=null | op=WRITE_CHUNK {blockData=conID: 2 locID: 102656602686620134 bcsId: 1999} | ret=SUCCESS |  
2019-08-21 19:24:06,319 | INFO  | DNAudit | user=null | ip=null | op=WRITE_CHUNK {blockData=conID: 2 locID: 102656602686620134 bcsId: 1999} | ret=SUCCESS |  
2019-08-21 19:24:06,323 | INFO  | DNAudit | user=null | ip=null | op=WRITE_CHUNK {blockData=conID: 2 locID: 102656602686620134 bcsId: 1993} | ret=SUCCESS |  
2019-08-21 19:24:06,323 | INFO  | DNAudit | user=null | ip=null | op=WRITE_CHUNK {blockData=conID: 2 locID: 102656602686620134 bcsId: 1993} | ret=SUCCESS |  
2019-08-21 19:24:06,324 | INFO  | DNAudit | user=null | ip=null | op=PUT_BLOCK {blockData=[blockId=conID: 2 locID: 102656602686620134 bcsId: 0,size=3145728]} | ret=SUCCESS |  
2019-08-21 19:24:06,324 | INFO  | DNAudit | user=null | ip=null | op=PUT_BLOCK {blockData=[blockId=conID: 2 locID: 102656602686620134 bcsId: 0,size=3145728]} | ret=SUCCESS |  
2019-08-21 19:24:06,340 | INFO  | DNAudit | user=null | ip=null | op=WRITE_CHUNK {blockData=conID: 2 locID: 102656602686620134 bcsId: 1999} | ret=SUCCESS |  
2019-08-21 19:24:06,341 | INFO  | DNAudit | user=null | ip=null | op=PUT_BLOCK {blockData=[blockId=conID: 2 locID: 102656602686620134 bcsId: 0,size=4194304]} | ret=SUCCESS |  
2019-08-21 19:24:06,341 [grpc-default-executor-5] INFO  client.GrpcClientProtocolClient (GrpcClientProtocolClient.java:onNext(255)) - client-DA9582518C67->1df8bd03-73ef-4b9c-8622-5dc9d0e29c31: receive RaftClientReply:client-DA9582518C67->1df8bd03-73ef-4b9c-8622-5dc9d0e29c31@group-F45402591F47, cid=1434, SUCCESS, logIndex=2002, commits[1df8bd03-73ef-4b9c-8622-5dc9d0e29c31:c2003, 12aca755-ada5-42df-801b-c61f99d8e8b8:c1999, a308b8bf-0324-43a1-a87f-1e10a96e3042:c1999]
2019-08-21 19:24:06,341 [grpc-default-executor-5] INFO  client.GrpcClientProtocolClient (GrpcClientProtocolClient.java:onNext(255)) - client-DA9582518C67->1df8bd03-73ef-4b9c-8622-5dc9d0e29c31: receive RaftClientReply:client-DA9582518C67->1df8bd03-73ef-4b9c-8622-5dc9d0e29c31@group-F45402591F47, cid=1435, SUCCESS, logIndex=2003, commits[1df8bd03-73ef-4b9c-8622-5dc9d0e29c31:c2003, 12aca755-ada5-42df-801b-c61f99d8e8b8:c1999, a308b8bf-0324-43a1-a87f-1e10a96e3042:c1999]
2019-08-21 19:24:06,351 | INFO  | DNAudit | user=null | ip=null | op=WRITE_CHUNK {blockData=conID: 2 locID: 102656602686620134 bcsId: 1999} | ret=SUCCESS |  
2019-08-21 19:24:06,351 | INFO  | DNAudit | user=null | ip=null | op=WRITE_CHUNK {blockData=conID: 2 locID: 102656602686620134 bcsId: 1999} | ret=SUCCESS |  
2019-08-21 19:24:06,351 | INFO  | DNAudit | user=null | ip=null | op=PUT_BLOCK {blockData=[blockId=conID: 2 locID: 102656602686620134 bcsId: 0,size=4194304]} | ret=SUCCESS |  
2019-08-21 19:24:06,351 | INFO  | DNAudit | user=null | ip=null | op=PUT_BLOCK {blockData=[blockId=conID: 2 locID: 102656602686620134 bcsId: 0,size=4194304]} | ret=SUCCESS |  
2019-08-21 19:24:06,351 [grpc-default-executor-4] INFO  client.GrpcClientProtocolClient (GrpcClientProtocolClient.java:onNext(255)) - client-DA9582518C67->1df8bd03-73ef-4b9c-8622-5dc9d0e29c31: receive RaftClientReply:client-DA9582518C67->1df8bd03-73ef-4b9c-8622-5dc9d0e29c31@group-F45402591F47, cid=1436, SUCCESS, logIndex=0, commits[1df8bd03-73ef-4b9c-8622-5dc9d0e29c31:c2004, 12aca755-ada5-42df-801b-c61f99d8e8b8:c2003, a308b8bf-0324-43a1-a87f-1e10a96e3042:c2003]
2019-08-21 19:24:06,359 | INFO  | SCMAudit | user=jenkins1000 | ip=192.168.69.88 | op=ALLOCATE_BLOCK {owner=a4b1d482-4fe6-4e71-84a6-a95f4ce3f696, size=4194304, type=RATIS, factor=THREE} | ret=SUCCESS |  
2019-08-21 19:24:06,363 | INFO  | OMAudit | user=jenkins1000 | ip=127.0.0.1 | op=ALLOCATE_BLOCK {volume=vol-0-90666, bucket=bucket-0-29336, key=key-0-94354, dataSize=0, replicationType=null, replicationFactor=null, keyLocationInfo=null, clientID=102656601977389458} | ret=SUCCESS |  
2019-08-21 19:24:06,369 | INFO  | DNAudit | user=null | ip=null | op=WRITE_CHUNK {blockData=conID: 3 locID: 102656602692518375 bcsId: 0} | ret=SUCCESS |  
2019-08-21 19:24:06,372 | INFO  | DNAudit | user=null | ip=null | op=WRITE_CHUNK {blockData=conID: 3 locID: 102656602692518375 bcsId: 0} | ret=SUCCESS |  
2019-08-21 19:24:06,373 | INFO  | DNAudit | user=null | ip=null | op=WRITE_CHUNK {blockData=conID: 3 locID: 102656602692518375 bcsId: 0} | ret=SUCCESS |  
2019-08-21 19:24:06,373 | INFO  | DNAudit | user=null | ip=null | op=WRITE_CHUNK {blockData=conID: 3 locID: 102656602692518375 bcsId: 0} | ret=SUCCESS |  
2019-08-21 19:24:06,374 | INFO  | DNAudit | user=null | ip=null | op=WRITE_CHUNK {blockData=conID: 3 locID: 102656602692518375 bcsId: 0} | ret=SUCCESS |  
2019-08-21 19:24:06,375 | INFO  | DNAudit | user=null | ip=null | op=WRITE_CHUNK {blockData=conID: 3 locID: 102656602692518375 bcsId: 0} | ret=SUCCESS |  
2019-08-21 19:24:06,389 | INFO  | DNAudit | user=null | ip=null | op=WRITE_CHUNK {blockData=conID: 3 locID: 102656602692518375 bcsId: 0} | ret=SUCCESS |  
2019-08-21 19:24:06,390 | INFO  | DNAudit | user=null | ip=null | op=PUT_BLOCK {blockData=[blockId=conID: 3 locID: 102656602692518375 bcsId: 0,size=1048576]} | ret=SUCCESS |  
2019-08-21 19:24:06,390 [grpc-default-executor-5] INFO  client.GrpcClientProtocolClient (GrpcClientProtocolClient.java:onNext(255)) - client-DA9582518C67->1df8bd03-73ef-4b9c-8622-5dc9d0e29c31: receive RaftClientReply:client-DA9582518C67->1df8bd03-73ef-4b9c-8622-5dc9d0e29c31@group-F45402591F47, cid=1437, SUCCESS, logIndex=2006, commits[1df8bd03-73ef-4b9c-8622-5dc9d0e29c31:c2008, 12aca755-ada5-42df-801b-c61f99d8e8b8:c2005, a308b8bf-0324-43a1-a87f-1e10a96e3042:c2005]
2019-08-21 19:24:06,390 | INFO  | DNAudit | user=null | ip=null | op=WRITE_CHUNK {blockData=conID: 3 locID: 102656602692518375 bcsId: 0} | ret=SUCCESS |  
2019-08-21 19:24:06,390 | INFO  | DNAudit | user=null | ip=null | op=PUT_BLOCK {blockData=[blockId=conID: 3 locID: 102656602692518375 bcsId: 0,size=2097152]} | ret=SUCCESS |  
2019-08-21 19:24:06,391 [grpc-default-executor-5] INFO  client.GrpcClientProtocolClient (GrpcClientProtocolClient.java:onNext(255)) - client-DA9582518C67->1df8bd03-73ef-4b9c-8622-5dc9d0e29c31: receive RaftClientReply:client-DA9582518C67->1df8bd03-73ef-4b9c-8622-5dc9d0e29c31@group-F45402591F47, cid=1438, SUCCESS, logIndex=2007, commits[1df8bd03-73ef-4b9c-8622-5dc9d0e29c31:c2009, 12aca755-ada5-42df-801b-c61f99d8e8b8:c2005, a308b8bf-0324-43a1-a87f-1e10a96e3042:c2005]
2019-08-21 19:24:06,391 [grpc-default-executor-5] INFO  client.GrpcClientProtocolClient (GrpcClientProtocolClient.java:onNext(255)) - client-DA9582518C67->1df8bd03-73ef-4b9c-8622-5dc9d0e29c31: receive RaftClientReply:client-DA9582518C67->1df8bd03-73ef-4b9c-8622-5dc9d0e29c31@group-F45402591F47, cid=1439, SUCCESS, logIndex=2008, commits[1df8bd03-73ef-4b9c-8622-5dc9d0e29c31:c2009, 12aca755-ada5-42df-801b-c61f99d8e8b8:c2005, a308b8bf-0324-43a1-a87f-1e10a96e3042:c2005]
2019-08-21 19:24:06,391 [grpc-default-executor-5] INFO  client.GrpcClientProtocolClient (GrpcClientProtocolClient.java:onNext(255)) - client-DA9582518C67->1df8bd03-73ef-4b9c-8622-5dc9d0e29c31: receive RaftClientReply:client-DA9582518C67->1df8bd03-73ef-4b9c-8622-5dc9d0e29c31@group-F45402591F47, cid=1440, SUCCESS, logIndex=2009, commits[1df8bd03-73ef-4b9c-8622-5dc9d0e29c31:c2009, 12aca755-ada5-42df-801b-c61f99d8e8b8:c2005, a308b8bf-0324-43a1-a87f-1e10a96e3042:c2005]
2019-08-21 19:24:06,409 | INFO  | DNAudit | user=null | ip=null | op=WRITE_CHUNK {blockData=conID: 3 locID: 102656602692518375 bcsId: 0} | ret=SUCCESS |  
2019-08-21 19:24:06,409 | INFO  | DNAudit | user=null | ip=null | op=WRITE_CHUNK {blockData=conID: 3 locID: 102656602692518375 bcsId: 0} | ret=SUCCESS |  
2019-08-21 19:24:06,410 | INFO  | DNAudit | user=null | ip=null | op=PUT_BLOCK {blockData=[blockId=conID: 3 locID: 102656602692518375 bcsId: 0,size=1048576]} | ret=SUCCESS |  
2019-08-21 19:24:06,422 | INFO  | DNAudit | user=null | ip=null | op=WRITE_CHUNK {blockData=conID: 3 locID: 102656602692518375 bcsId: 0} | ret=SUCCESS |  
2019-08-21 19:24:06,422 | INFO  | DNAudit | user=null | ip=null | op=PUT_BLOCK {blockData=[blockId=conID: 3 locID: 102656602692518375 bcsId: 0,size=2097152]} | ret=SUCCESS |  
2019-08-21 19:24:06,423 | INFO  | DNAudit | user=null | ip=null | op=PUT_BLOCK {blockData=[blockId=conID: 3 locID: 102656602692518375 bcsId: 0,size=1048576]} | ret=SUCCESS |  
2019-08-21 19:24:06,423 | INFO  | DNAudit | user=null | ip=null | op=WRITE_CHUNK {blockData=conID: 3 locID: 102656602692518375 bcsId: 0} | ret=SUCCESS |  
2019-08-21 19:24:06,423 | INFO  | DNAudit | user=null | ip=null | op=PUT_BLOCK {blockData=[blockId=conID: 3 locID: 102656602692518375 bcsId: 0,size=2097152]} | ret=SUCCESS |  
2019-08-21 19:24:06,423 [grpc-default-executor-4] INFO  client.GrpcClientProtocolClient (GrpcClientProtocolClient.java:onNext(255)) - client-DA9582518C67->1df8bd03-73ef-4b9c-8622-5dc9d0e29c31: receive RaftClientReply:client-DA9582518C67->1df8bd03-73ef-4b9c-8622-5dc9d0e29c31@group-F45402591F47, cid=1441, SUCCESS, logIndex=0, commits[1df8bd03-73ef-4b9c-8622-5dc9d0e29c31:c2013, 12aca755-ada5-42df-801b-c61f99d8e8b8:c2007, a308b8bf-0324-43a1-a87f-1e10a96e3042:c2009]
2019-08-21 19:24:06,429 | INFO  | DNAudit | user=null | ip=null | op=WRITE_CHUNK {blockData=conID: 3 locID: 102656602692518375 bcsId: 2009} | ret=SUCCESS |  
2019-08-21 19:24:06,432 | INFO  | DNAudit | user=null | ip=null | op=WRITE_CHUNK {blockData=conID: 3 locID: 102656602692518375 bcsId: 2009} | ret=SUCCESS |  
2019-08-21 19:24:06,433 | INFO  | DNAudit | user=null | ip=null | op=WRITE_CHUNK {blockData=conID: 3 locID: 102656602692518375 bcsId: 2009} | ret=SUCCESS |  
2019-08-21 19:24:06,443 | INFO  | DNAudit | user=null | ip=null | op=WRITE_CHUNK {blockData=conID: 3 locID: 102656602692518375 bcsId: 2009} | ret=SUCCESS |  
2019-08-21 19:24:06,444 | INFO  | DNAudit | user=null | ip=null | op=PUT_BLOCK {blockData=[blockId=conID: 3 locID: 102656602692518375 bcsId: 0,size=3145728]} | ret=SUCCESS |  
2019-08-21 19:24:06,444 [grpc-default-executor-4] INFO  client.GrpcClientProtocolClient (GrpcClientProtocolClient.java:onNext(255)) - client-DA9582518C67->1df8bd03-73ef-4b9c-8622-5dc9d0e29c31: receive RaftClientReply:client-DA9582518C67->1df8bd03-73ef-4b9c-8622-5dc9d0e29c31@group-F45402591F47, cid=1442, SUCCESS, logIndex=2014, commits[1df8bd03-73ef-4b9c-8622-5dc9d0e29c31:c2015, 12aca755-ada5-42df-801b-c61f99d8e8b8:c2013, a308b8bf-0324-43a1-a87f-1e10a96e3042:c2013]
2019-08-21 19:24:06,444 [grpc-default-executor-4] INFO  client.GrpcClientProtocolClient (GrpcClientProtocolClient.java:onNext(255)) - client-DA9582518C67->1df8bd03-73ef-4b9c-8622-5dc9d0e29c31: receive RaftClientReply:client-DA9582518C67->1df8bd03-73ef-4b9c-8622-5dc9d0e29c31@group-F45402591F47, cid=1443, SUCCESS, logIndex=2015, commits[1df8bd03-73ef-4b9c-8622-5dc9d0e29c31:c2015, 12aca755-ada5-42df-801b-c61f99d8e8b8:c2013, a308b8bf-0324-43a1-a87f-1e10a96e3042:c2013]
2019-08-21 19:24:06,445 | INFO  | DNAudit | user=null | ip=null | op=WRITE_CHUNK {blockData=conID: 3 locID: 102656602692518375 bcsId: 2009} | ret=SUCCESS |  
2019-08-21 19:24:06,446 | INFO  | DNAudit | user=null | ip=null | op=WRITE_CHUNK {blockData=conID: 3 locID: 102656602692518375 bcsId: 2009} | ret=SUCCESS |  
2019-08-21 19:24:06,446 | INFO  | DNAudit | user=null | ip=null | op=PUT_BLOCK {blockData=[blockId=conID: 3 locID: 102656602692518375 bcsId: 0,size=3145728]} | ret=SUCCESS |  
2019-08-21 19:24:06,446 | INFO  | DNAudit | user=null | ip=null | op=PUT_BLOCK {blockData=[blockId=conID: 3 locID: 102656602692518375 bcsId: 0,size=3145728]} | ret=SUCCESS |  
2019-08-21 19:24:06,450 | INFO  | DNAudit | user=null | ip=null | op=WRITE_CHUNK {blockData=conID: 3 locID: 102656602692518375 bcsId: 2015} | ret=SUCCESS |  
2019-08-21 19:24:06,452 | INFO  | DNAudit | user=null | ip=null | op=WRITE_CHUNK {blockData=conID: 3 locID: 102656602692518375 bcsId: 2015} | ret=SUCCESS |  
2019-08-21 19:24:06,452 | INFO  | DNAudit | user=null | ip=null | op=WRITE_CHUNK {blockData=conID: 3 locID: 102656602692518375 bcsId: 2015} | ret=SUCCESS |  
2019-08-21 19:24:06,477 | INFO  | DNAudit | user=null | ip=null | op=WRITE_CHUNK {blockData=conID: 3 locID: 102656602692518375 bcsId: 2015} | ret=SUCCESS |  
2019-08-21 19:24:06,477 | INFO  | DNAudit | user=null | ip=null | op=PUT_BLOCK {blockData=[blockId=conID: 3 locID: 102656602692518375 bcsId: 0,size=4194304]} | ret=SUCCESS |  
2019-08-21 19:24:06,477 [grpc-default-executor-0] INFO  client.GrpcClientProtocolClient (GrpcClientProtocolClient.java:onNext(255)) - client-DA9582518C67->1df8bd03-73ef-4b9c-8622-5dc9d0e29c31: receive RaftClientReply:client-DA9582518C67->1df8bd03-73ef-4b9c-8622-5dc9d0e29c31@group-F45402591F47, cid=1444, SUCCESS, logIndex=2018, commits[1df8bd03-73ef-4b9c-8622-5dc9d0e29c31:c2019, 12aca755-ada5-42df-801b-c61f99d8e8b8:c2016, a308b8bf-0324-43a1-a87f-1e10a96e3042:c2016]
2019-08-21 19:24:06,478 [grpc-default-executor-0] INFO  client.GrpcClientProtocolClient (GrpcClientProtocolClient.java:onNext(255)) - client-DA9582518C67->1df8bd03-73ef-4b9c-8622-5dc9d0e29c31: receive RaftClientReply:client-DA9582518C67->1df8bd03-73ef-4b9c-8622-5dc9d0e29c31@group-F45402591F47, cid=1445, SUCCESS, logIndex=2019, commits[1df8bd03-73ef-4b9c-8622-5dc9d0e29c31:c2019, 12aca755-ada5-42df-801b-c61f99d8e8b8:c2016, a308b8bf-0324-43a1-a87f-1e10a96e3042:c2016]
2019-08-21 19:24:06,489 | INFO  | DNAudit | user=null | ip=null | op=WRITE_CHUNK {blockData=conID: 3 locID: 102656602692518375 bcsId: 2015} | ret=SUCCESS |  
2019-08-21 19:24:06,490 | INFO  | DNAudit | user=null | ip=null | op=PUT_BLOCK {blockData=[blockId=conID: 3 locID: 102656602692518375 bcsId: 0,size=4194304]} | ret=SUCCESS |  
2019-08-21 19:24:06,490 | INFO  | DNAudit | user=null | ip=null | op=WRITE_CHUNK {blockData=conID: 3 locID: 102656602692518375 bcsId: 2015} | ret=SUCCESS |  
2019-08-21 19:24:06,490 | INFO  | DNAudit | user=null | ip=null | op=PUT_BLOCK {blockData=[blockId=conID: 3 locID: 102656602692518375 bcsId: 0,size=4194304]} | ret=SUCCESS |  
2019-08-21 19:24:06,490 [grpc-default-executor-0] INFO  client.GrpcClientProtocolClient (GrpcClientProtocolClient.java:onNext(255)) - client-DA9582518C67->1df8bd03-73ef-4b9c-8622-5dc9d0e29c31: receive RaftClientReply:client-DA9582518C67->1df8bd03-73ef-4b9c-8622-5dc9d0e29c31@group-F45402591F47, cid=1446, SUCCESS, logIndex=0, commits[1df8bd03-73ef-4b9c-8622-5dc9d0e29c31:c2020, 12aca755-ada5-42df-801b-c61f99d8e8b8:c2019, a308b8bf-0324-43a1-a87f-1e10a96e3042:c2019]
2019-08-21 19:24:06,494 | INFO  | SCMAudit | user=jenkins1000 | ip=192.168.69.88 | op=ALLOCATE_BLOCK {owner=a4b1d482-4fe6-4e71-84a6-a95f4ce3f696, size=4194304, type=RATIS, factor=THREE} | ret=SUCCESS |  
2019-08-21 19:24:06,496 | INFO  | OMAudit | user=jenkins1000 | ip=127.0.0.1 | op=ALLOCATE_BLOCK {volume=vol-0-90666, bucket=bucket-0-29336, key=key-0-94354, dataSize=0, replicationType=null, replicationFactor=null, keyLocationInfo=null, clientID=102656601977389458} | ret=SUCCESS |  
2019-08-21 19:24:06,502 | INFO  | DNAudit | user=null | ip=null | op=WRITE_CHUNK {blockData=conID: 1 locID: 102656602701431272 bcsId: 0} | ret=SUCCESS |  
2019-08-21 19:24:06,504 | INFO  | DNAudit | user=null | ip=null | op=WRITE_CHUNK {blockData=conID: 1 locID: 102656602701431272 bcsId: 0} | ret=SUCCESS |  
2019-08-21 19:24:06,505 | INFO  | DNAudit | user=null | ip=null | op=WRITE_CHUNK {blockData=conID: 1 locID: 102656602701431272 bcsId: 0} | ret=SUCCESS |  
2019-08-21 19:24:06,505 | INFO  | DNAudit | user=null | ip=null | op=WRITE_CHUNK {blockData=conID: 1 locID: 102656602701431272 bcsId: 0} | ret=SUCCESS |  
2019-08-21 19:24:06,507 | INFO  | DNAudit | user=null | ip=null | op=WRITE_CHUNK {blockData=conID: 1 locID: 102656602701431272 bcsId: 0} | ret=SUCCESS |  
2019-08-21 19:24:06,508 | INFO  | DNAudit | user=null | ip=null | op=WRITE_CHUNK {blockData=conID: 1 locID: 102656602701431272 bcsId: 0} | ret=SUCCESS |  
2019-08-21 19:24:06,509 | INFO  | DNAudit | user=null | ip=null | op=WRITE_CHUNK {blockData=conID: 1 locID: 102656602701431272 bcsId: 0} | ret=SUCCESS |  
2019-08-21 19:24:06,509 | INFO  | DNAudit | user=null | ip=null | op=PUT_BLOCK {blockData=[blockId=conID: 1 locID: 102656602701431272 bcsId: 0,size=1048576]} | ret=SUCCESS |  
2019-08-21 19:24:06,509 [grpc-default-executor-0] INFO  client.GrpcClientProtocolClient (GrpcClientProtocolClient.java:onNext(255)) - client-DA9582518C67->1df8bd03-73ef-4b9c-8622-5dc9d0e29c31: receive RaftClientReply:client-DA9582518C67->1df8bd03-73ef-4b9c-8622-5dc9d0e29c31@group-F45402591F47, cid=1447, SUCCESS, logIndex=2022, commits[1df8bd03-73ef-4b9c-8622-5dc9d0e29c31:c2023, 12aca755-ada5-42df-801b-c61f99d8e8b8:c2021, a308b8bf-0324-43a1-a87f-1e10a96e3042:c2021]
2019-08-21 19:24:06,510 [grpc-default-executor-0] INFO  client.GrpcClientProtocolClient (GrpcClientProtocolClient.java:onNext(255)) - client-DA9582518C67->1df8bd03-73ef-4b9c-8622-5dc9d0e29c31: receive RaftClientReply:client-DA9582518C67->1df8bd03-73ef-4b9c-8622-5dc9d0e29c31@group-F45402591F47, cid=1448, SUCCESS, logIndex=2023, commits[1df8bd03-73ef-4b9c-8622-5dc9d0e29c31:c2023, 12aca755-ada5-42df-801b-c61f99d8e8b8:c2021, a308b8bf-0324-43a1-a87f-1e10a96e3042:c2021]
2019-08-21 19:24:06,512 | INFO  | DNAudit | user=null | ip=null | op=WRITE_CHUNK {blockData=conID: 1 locID: 102656602701431272 bcsId: 0} | ret=SUCCESS |  
2019-08-21 19:24:06,513 | INFO  | DNAudit | user=null | ip=null | op=PUT_BLOCK {blockData=[blockId=conID: 1 locID: 102656602701431272 bcsId: 0,size=2097152]} | ret=SUCCESS |  
2019-08-21 19:24:06,513 [grpc-default-executor-0] INFO  client.GrpcClientProtocolClient (GrpcClientProtocolClient.java:onNext(255)) - client-DA9582518C67->1df8bd03-73ef-4b9c-8622-5dc9d0e29c31: receive RaftClientReply:client-DA9582518C67->1df8bd03-73ef-4b9c-8622-5dc9d0e29c31@group-F45402591F47, cid=1449, SUCCESS, logIndex=2024, commits[1df8bd03-73ef-4b9c-8622-5dc9d0e29c31:c2025, 12aca755-ada5-42df-801b-c61f99d8e8b8:c2021, a308b8bf-0324-43a1-a87f-1e10a96e3042:c2021]
2019-08-21 19:24:06,513 [grpc-default-executor-0] INFO  client.GrpcClientProtocolClient (GrpcClientProtocolClient.java:onNext(255)) - client-DA9582518C67->1df8bd03-73ef-4b9c-8622-5dc9d0e29c31: receive RaftClientReply:client-DA9582518C67->1df8bd03-73ef-4b9c-8622-5dc9d0e29c31@group-F45402591F47, cid=1450, SUCCESS, logIndex=2025, commits[1df8bd03-73ef-4b9c-8622-5dc9d0e29c31:c2025, 12aca755-ada5-42df-801b-c61f99d8e8b8:c2021, a308b8bf-0324-43a1-a87f-1e10a96e3042:c2021]
2019-08-21 19:24:06,528 | INFO  | DNAudit | user=null | ip=null | op=WRITE_CHUNK {blockData=conID: 1 locID: 102656602701431272 bcsId: 0} | ret=SUCCESS |  
2019-08-21 19:24:06,528 | INFO  | DNAudit | user=null | ip=null | op=WRITE_CHUNK {blockData=conID: 1 locID: 102656602701431272 bcsId: 0} | ret=SUCCESS |  
2019-08-21 19:24:06,529 | INFO  | DNAudit | user=null | ip=null | op=PUT_BLOCK {blockData=[blockId=conID: 1 locID: 102656602701431272 bcsId: 0,size=1048576]} | ret=SUCCESS |  
2019-08-21 19:24:06,529 | INFO  | DNAudit | user=null | ip=null | op=PUT_BLOCK {blockData=[blockId=conID: 1 locID: 102656602701431272 bcsId: 0,size=1048576]} | ret=SUCCESS |  
2019-08-21 19:24:06,529 [grpc-default-executor-0] INFO  client.GrpcClientProtocolClient (GrpcClientProtocolClient.java:onNext(255)) - client-DA9582518C67->1df8bd03-73ef-4b9c-8622-5dc9d0e29c31: receive RaftClientReply:client-DA9582518C67->1df8bd03-73ef-4b9c-8622-5dc9d0e29c31@group-F45402591F47, cid=1451, SUCCESS, logIndex=0, commits[1df8bd03-73ef-4b9c-8622-5dc9d0e29c31:c2027, 12aca755-ada5-42df-801b-c61f99d8e8b8:c2023, a308b8bf-0324-43a1-a87f-1e10a96e3042:c2023]
2019-08-21 19:24:06,531 | INFO  | DNAudit | user=null | ip=null | op=WRITE_CHUNK {blockData=conID: 1 locID: 102656602701431272 bcsId: 0} | ret=SUCCESS |  
2019-08-21 19:24:06,531 | INFO  | DNAudit | user=null | ip=null | op=WRITE_CHUNK {blockData=conID: 1 locID: 102656602701431272 bcsId: 0} | ret=SUCCESS |  
2019-08-21 19:24:06,531 | INFO  | DNAudit | user=null | ip=null | op=PUT_BLOCK {blockData=[blockId=conID: 1 locID: 102656602701431272 bcsId: 0,size=2097152]} | ret=SUCCESS |  
2019-08-21 19:24:06,531 | INFO  | DNAudit | user=null | ip=null | op=PUT_BLOCK {blockData=[blockId=conID: 1 locID: 102656602701431272 bcsId: 0,size=2097152]} | ret=SUCCESS |  
2019-08-21 19:24:06,535 | INFO  | DNAudit | user=null | ip=null | op=WRITE_CHUNK {blockData=conID: 1 locID: 102656602701431272 bcsId: 2025} | ret=SUCCESS |  
2019-08-21 19:24:06,537 | INFO  | DNAudit | user=null | ip=null | op=WRITE_CHUNK {blockData=conID: 1 locID: 102656602701431272 bcsId: 2025} | ret=SUCCESS |  
2019-08-21 19:24:06,538 | INFO  | DNAudit | user=null | ip=null | op=WRITE_CHUNK {blockData=conID: 1 locID: 102656602701431272 bcsId: 2025} | ret=SUCCESS |  
2019-08-21 19:24:06,544 | INFO  | DNAudit | user=null | ip=null | op=WRITE_CHUNK {blockData=conID: 1 locID: 102656602701431272 bcsId: 2025} | ret=SUCCESS |  
2019-08-21 19:24:06,545 | INFO  | DNAudit | user=null | ip=null | op=PUT_BLOCK {blockData=[blockId=conID: 1 locID: 102656602701431272 bcsId: 0,size=3145728]} | ret=SUCCESS |  
2019-08-21 19:24:06,545 [grpc-default-executor-0] INFO  client.GrpcClientProtocolClient (GrpcClientProtocolClient.java:onNext(255)) - client-DA9582518C67->1df8bd03-73ef-4b9c-8622-5dc9d0e29c31: receive RaftClientReply:client-DA9582518C67->1df8bd03-73ef-4b9c-8622-5dc9d0e29c31@group-F45402591F47, cid=1452, SUCCESS, logIndex=2030, commits[1df8bd03-73ef-4b9c-8622-5dc9d0e29c31:c2031, 12aca755-ada5-42df-801b-c61f99d8e8b8:c2029, a308b8bf-0324-43a1-a87f-1e10a96e3042:c2025]
2019-08-21 19:24:06,545 [grpc-default-executor-0] INFO  client.GrpcClientProtocolClient (GrpcClientProtocolClient.java:onNext(255)) - client-DA9582518C67->1df8bd03-73ef-4b9c-8622-5dc9d0e29c31: receive RaftClientReply:client-DA9582518C67->1df8bd03-73ef-4b9c-8622-5dc9d0e29c31@group-F45402591F47, cid=1453, SUCCESS, logIndex=2031, commits[1df8bd03-73ef-4b9c-8622-5dc9d0e29c31:c2031, 12aca755-ada5-42df-801b-c61f99d8e8b8:c2029, a308b8bf-0324-43a1-a87f-1e10a96e3042:c2025]
2019-08-21 19:24:06,549 | INFO  | DNAudit | user=null | ip=null | op=WRITE_CHUNK {blockData=conID: 1 locID: 102656602701431272 bcsId: 2025} | ret=SUCCESS |  
2019-08-21 19:24:06,549 | INFO  | DNAudit | user=null | ip=null | op=WRITE_CHUNK {blockData=conID: 1 locID: 102656602701431272 bcsId: 2025} | ret=SUCCESS |  
2019-08-21 19:24:06,549 | INFO  | DNAudit | user=null | ip=null | op=PUT_BLOCK {blockData=[blockId=conID: 1 locID: 102656602701431272 bcsId: 0,size=3145728]} | ret=SUCCESS |  
2019-08-21 19:24:06,549 | INFO  | DNAudit | user=null | ip=null | op=PUT_BLOCK {blockData=[blockId=conID: 1 locID: 102656602701431272 bcsId: 0,size=3145728]} | ret=SUCCESS |  
2019-08-21 19:24:06,551 | INFO  | DNAudit | user=null | ip=null | op=WRITE_CHUNK {blockData=conID: 1 locID: 102656602701431272 bcsId: 2031} | ret=SUCCESS |  
2019-08-21 19:24:06,554 | INFO  | DNAudit | user=null | ip=null | op=WRITE_CHUNK {blockData=conID: 1 locID: 102656602701431272 bcsId: 2031} | ret=SUCCESS |  
2019-08-21 19:24:06,554 | INFO  | DNAudit | user=null | ip=null | op=WRITE_CHUNK {blockData=conID: 1 locID: 102656602701431272 bcsId: 2031} | ret=SUCCESS |  
2019-08-21 19:24:06,558 | INFO  | DNAudit | user=null | ip=null | op=WRITE_CHUNK {blockData=conID: 1 locID: 102656602701431272 bcsId: 2031} | ret=SUCCESS |  
2019-08-21 19:24:06,558 | INFO  | DNAudit | user=null | ip=null | op=PUT_BLOCK {blockData=[blockId=conID: 1 locID: 102656602701431272 bcsId: 0,size=4194304]} | ret=SUCCESS |  
2019-08-21 19:24:06,558 [grpc-default-executor-0] INFO  client.GrpcClientProtocolClient (GrpcClientProtocolClient.java:onNext(255)) - client-DA9582518C67->1df8bd03-73ef-4b9c-8622-5dc9d0e29c31: receive RaftClientReply:client-DA9582518C67->1df8bd03-73ef-4b9c-8622-5dc9d0e29c31@group-F45402591F47, cid=1454, SUCCESS, logIndex=2034, commits[1df8bd03-73ef-4b9c-8622-5dc9d0e29c31:c2035, 12aca755-ada5-42df-801b-c61f99d8e8b8:c2033, a308b8bf-0324-43a1-a87f-1e10a96e3042:c2033]
2019-08-21 19:24:06,559 [grpc-default-executor-0] INFO  client.GrpcClientProtocolClient (GrpcClientProtocolClient.java:onNext(255)) - client-DA9582518C67->1df8bd03-73ef-4b9c-8622-5dc9d0e29c31: receive RaftClientReply:client-DA9582518C67->1df8bd03-73ef-4b9c-8622-5dc9d0e29c31@group-F45402591F47, cid=1455, SUCCESS, logIndex=2035, commits[1df8bd03-73ef-4b9c-8622-5dc9d0e29c31:c2035, 12aca755-ada5-42df-801b-c61f99d8e8b8:c2033, a308b8bf-0324-43a1-a87f-1e10a96e3042:c2033]
2019-08-21 19:24:06,559 | INFO  | DNAudit | user=null | ip=null | op=WRITE_CHUNK {blockData=conID: 1 locID: 102656602701431272 bcsId: 2031} | ret=SUCCESS |  
2019-08-21 19:24:06,559 | INFO  | DNAudit | user=null | ip=null | op=WRITE_CHUNK {blockData=conID: 1 locID: 102656602701431272 bcsId: 2031} | ret=SUCCESS |  
2019-08-21 19:24:06,559 | INFO  | DNAudit | user=null | ip=null | op=PUT_BLOCK {blockData=[blockId=conID: 1 locID: 102656602701431272 bcsId: 0,size=4194304]} | ret=SUCCESS |  
2019-08-21 19:24:06,559 | INFO  | DNAudit | user=null | ip=null | op=PUT_BLOCK {blockData=[blockId=conID: 1 locID: 102656602701431272 bcsId: 0,size=4194304]} | ret=SUCCESS |  
2019-08-21 19:24:06,560 [grpc-default-executor-5] INFO  client.GrpcClientProtocolClient (GrpcClientProtocolClient.java:onNext(255)) - client-DA9582518C67->1df8bd03-73ef-4b9c-8622-5dc9d0e29c31: receive RaftClientReply:client-DA9582518C67->1df8bd03-73ef-4b9c-8622-5dc9d0e29c31@group-F45402591F47, cid=1456, SUCCESS, logIndex=0, commits[1df8bd03-73ef-4b9c-8622-5dc9d0e29c31:c2036, 12aca755-ada5-42df-801b-c61f99d8e8b8:c2035, a308b8bf-0324-43a1-a87f-1e10a96e3042:c2035]
2019-08-21 19:24:06,564 | INFO  | SCMAudit | user=jenkins1000 | ip=192.168.69.88 | op=ALLOCATE_BLOCK {owner=a4b1d482-4fe6-4e71-84a6-a95f4ce3f696, size=4194304, type=RATIS, factor=THREE} | ret=SUCCESS |  
2019-08-21 19:24:06,566 | INFO  | OMAudit | user=jenkins1000 | ip=127.0.0.1 | op=ALLOCATE_BLOCK {volume=vol-0-90666, bucket=bucket-0-29336, key=key-0-94354, dataSize=0, replicationType=null, replicationFactor=null, keyLocationInfo=null, clientID=102656601977389458} | ret=SUCCESS |  
2019-08-21 19:24:06,572 | INFO  | DNAudit | user=null | ip=null | op=WRITE_CHUNK {blockData=conID: 2 locID: 102656602705953257 bcsId: 0} | ret=SUCCESS |  
2019-08-21 19:24:06,575 | INFO  | DNAudit | user=null | ip=null | op=WRITE_CHUNK {blockData=conID: 2 locID: 102656602705953257 bcsId: 0} | ret=SUCCESS |  
2019-08-21 19:24:06,575 | INFO  | DNAudit | user=null | ip=null | op=WRITE_CHUNK {blockData=conID: 2 locID: 102656602705953257 bcsId: 0} | ret=SUCCESS |  
2019-08-21 19:24:06,575 | INFO  | DNAudit | user=null | ip=null | op=WRITE_CHUNK {blockData=conID: 2 locID: 102656602705953257 bcsId: 0} | ret=SUCCESS |  
2019-08-21 19:24:06,577 | INFO  | DNAudit | user=null | ip=null | op=WRITE_CHUNK {blockData=conID: 2 locID: 102656602705953257 bcsId: 0} | ret=SUCCESS |  
2019-08-21 19:24:06,579 | INFO  | DNAudit | user=null | ip=null | op=WRITE_CHUNK {blockData=conID: 2 locID: 102656602705953257 bcsId: 0} | ret=SUCCESS |  
2019-08-21 19:24:06,582 | INFO  | SCMAudit | user=jenkins1000 | ip=192.168.69.88 | op=SEND_HEARTBEAT {datanodeUUID=c4b21f74-9dba-4f39-a92d-300bdd5c7775, command=[]} | ret=SUCCESS |  
 0.00% |█                                                                                                    |  0/1 Time: 0:00:112019-08-21 19:24:06,586 | INFO  | DNAudit | user=null | ip=null | op=WRITE_CHUNK {blockData=conID: 2 locID: 102656602705953257 bcsId: 0} | ret=SUCCESS |  
2019-08-21 19:24:06,586 | INFO  | DNAudit | user=null | ip=null | op=PUT_BLOCK {blockData=[blockId=conID: 2 locID: 102656602705953257 bcsId: 0,size=1048576]} | ret=SUCCESS |  
2019-08-21 19:24:06,586 [grpc-default-executor-0] INFO  client.GrpcClientProtocolClient (GrpcClientProtocolClient.java:onNext(255)) - client-DA9582518C67->1df8bd03-73ef-4b9c-8622-5dc9d0e29c31: receive RaftClientReply:client-DA9582518C67->1df8bd03-73ef-4b9c-8622-5dc9d0e29c31@group-F45402591F47, cid=1457, SUCCESS, logIndex=2038, commits[1df8bd03-73ef-4b9c-8622-5dc9d0e29c31:c2039, 12aca755-ada5-42df-801b-c61f99d8e8b8:c2037, a308b8bf-0324-43a1-a87f-1e10a96e3042:c2037]
2019-08-21 19:24:06,586 | INFO  | DNAudit | user=null | ip=null | op=WRITE_CHUNK {blockData=conID: 2 locID: 102656602705953257 bcsId: 0} | ret=SUCCESS |  
2019-08-21 19:24:06,587 | INFO  | DNAudit | user=null | ip=null | op=PUT_BLOCK {blockData=[blockId=conID: 2 locID: 102656602705953257 bcsId: 0,size=2097152]} | ret=SUCCESS |  
2019-08-21 19:24:06,587 [grpc-default-executor-0] INFO  client.GrpcClientProtocolClient (GrpcClientProtocolClient.java:onNext(255)) - client-DA9582518C67->1df8bd03-73ef-4b9c-8622-5dc9d0e29c31: receive RaftClientReply:client-DA9582518C67->1df8bd03-73ef-4b9c-8622-5dc9d0e29c31@group-F45402591F47, cid=1458, SUCCESS, logIndex=2039, commits[1df8bd03-73ef-4b9c-8622-5dc9d0e29c31:c2041, 12aca755-ada5-42df-801b-c61f99d8e8b8:c2037, a308b8bf-0324-43a1-a87f-1e10a96e3042:c2037]
2019-08-21 19:24:06,587 [grpc-default-executor-0] INFO  client.GrpcClientProtocolClient (GrpcClientProtocolClient.java:onNext(255)) - client-DA9582518C67->1df8bd03-73ef-4b9c-8622-5dc9d0e29c31: receive RaftClientReply:client-DA9582518C67->1df8bd03-73ef-4b9c-8622-5dc9d0e29c31@group-F45402591F47, cid=1459, SUCCESS, logIndex=2040, commits[1df8bd03-73ef-4b9c-8622-5dc9d0e29c31:c2041, 12aca755-ada5-42df-801b-c61f99d8e8b8:c2037, a308b8bf-0324-43a1-a87f-1e10a96e3042:c2037]
2019-08-21 19:24:06,587 [grpc-default-executor-0] INFO  client.GrpcClientProtocolClient (GrpcClientProtocolClient.java:onNext(255)) - client-DA9582518C67->1df8bd03-73ef-4b9c-8622-5dc9d0e29c31: receive RaftClientReply:client-DA9582518C67->1df8bd03-73ef-4b9c-8622-5dc9d0e29c31@group-F45402591F47, cid=1460, SUCCESS, logIndex=2041, commits[1df8bd03-73ef-4b9c-8622-5dc9d0e29c31:c2041, 12aca755-ada5-42df-801b-c61f99d8e8b8:c2037, a308b8bf-0324-43a1-a87f-1e10a96e3042:c2037]
2019-08-21 19:24:06,600 | INFO  | DNAudit | user=null | ip=null | op=WRITE_CHUNK {blockData=conID: 2 locID: 102656602705953257 bcsId: 0} | ret=SUCCESS |  
2019-08-21 19:24:06,600 | INFO  | DNAudit | user=null | ip=null | op=WRITE_CHUNK {blockData=conID: 2 locID: 102656602705953257 bcsId: 0} | ret=SUCCESS |  
2019-08-21 19:24:06,600 | INFO  | DNAudit | user=null | ip=null | op=PUT_BLOCK {blockData=[blockId=conID: 2 locID: 102656602705953257 bcsId: 0,size=1048576]} | ret=SUCCESS |  
2019-08-21 19:24:06,600 | INFO  | DNAudit | user=null | ip=null | op=PUT_BLOCK {blockData=[blockId=conID: 2 locID: 102656602705953257 bcsId: 0,size=1048576]} | ret=SUCCESS |  
2019-08-21 19:24:06,600 | INFO  | DNAudit | user=null | ip=null | op=WRITE_CHUNK {blockData=conID: 2 locID: 102656602705953257 bcsId: 0} | ret=SUCCESS |  
2019-08-21 19:24:06,600 [grpc-default-executor-5] INFO  client.GrpcClientProtocolClient (GrpcClientProtocolClient.java:onNext(255)) - client-DA9582518C67->1df8bd03-73ef-4b9c-8622-5dc9d0e29c31: receive RaftClientReply:client-DA9582518C67->1df8bd03-73ef-4b9c-8622-5dc9d0e29c31@group-F45402591F47, cid=1461, SUCCESS, logIndex=0, commits[1df8bd03-73ef-4b9c-8622-5dc9d0e29c31:c2042, 12aca755-ada5-42df-801b-c61f99d8e8b8:c2039, a308b8bf-0324-43a1-a87f-1e10a96e3042:c2039]
2019-08-21 19:24:06,601 | INFO  | DNAudit | user=null | ip=null | op=PUT_BLOCK {blockData=[blockId=conID: 2 locID: 102656602705953257 bcsId: 0,size=2097152]} | ret=SUCCESS |  
2019-08-21 19:24:06,607 | INFO  | DNAudit | user=null | ip=null | op=WRITE_CHUNK {blockData=conID: 2 locID: 102656602705953257 bcsId: 2041} | ret=SUCCESS |  
2019-08-21 19:24:06,611 | INFO  | DNAudit | user=null | ip=null | op=WRITE_CHUNK {blockData=conID: 2 locID: 102656602705953257 bcsId: 2041} | ret=SUCCESS |  
2019-08-21 19:24:06,611 | INFO  | DNAudit | user=null | ip=null | op=WRITE_CHUNK {blockData=conID: 2 locID: 102656602705953257 bcsId: 2041} | ret=SUCCESS |  
2019-08-21 19:24:06,615 | INFO  | DNAudit | user=null | ip=null | op=WRITE_CHUNK {blockData=conID: 2 locID: 102656602705953257 bcsId: 0} | ret=SUCCESS |  
2019-08-21 19:24:06,615 | INFO  | DNAudit | user=null | ip=null | op=PUT_BLOCK {blockData=[blockId=conID: 2 locID: 102656602705953257 bcsId: 0,size=2097152]} | ret=SUCCESS |  
2019-08-21 19:24:06,616 | INFO  | DNAudit | user=null | ip=null | op=WRITE_CHUNK {blockData=conID: 2 locID: 102656602705953257 bcsId: 2041} | ret=SUCCESS |  
2019-08-21 19:24:06,616 | INFO  | DNAudit | user=null | ip=null | op=PUT_BLOCK {blockData=[blockId=conID: 2 locID: 102656602705953257 bcsId: 0,size=3145728]} | ret=SUCCESS |  
2019-08-21 19:24:06,616 [grpc-default-executor-0] INFO  client.GrpcClientProtocolClient (GrpcClientProtocolClient.java:onNext(255)) - client-DA9582518C67->1df8bd03-73ef-4b9c-8622-5dc9d0e29c31: receive RaftClientReply:client-DA9582518C67->1df8bd03-73ef-4b9c-8622-5dc9d0e29c31@group-F45402591F47, cid=1462, SUCCESS, logIndex=2045, commits[1df8bd03-73ef-4b9c-8622-5dc9d0e29c31:c2046, 12aca755-ada5-42df-801b-c61f99d8e8b8:c2044, a308b8bf-0324-43a1-a87f-1e10a96e3042:c2041]
2019-08-21 19:24:06,617 [grpc-default-executor-0] INFO  client.GrpcClientProtocolClient (GrpcClientProtocolClient.java:onNext(255)) - client-DA9582518C67->1df8bd03-73ef-4b9c-8622-5dc9d0e29c31: receive RaftClientReply:client-DA9582518C67->1df8bd03-73ef-4b9c-8622-5dc9d0e29c31@group-F45402591F47, cid=1463, SUCCESS, logIndex=2046, commits[1df8bd03-73ef-4b9c-8622-5dc9d0e29c31:c2046, 12aca755-ada5-42df-801b-c61f99d8e8b8:c2044, a308b8bf-0324-43a1-a87f-1e10a96e3042:c2044]
2019-08-21 19:24:06,619 | INFO  | DNAudit | user=null | ip=null | op=WRITE_CHUNK {blockData=conID: 2 locID: 102656602705953257 bcsId: 2041} | ret=SUCCESS |  
2019-08-21 19:24:06,619 | INFO  | DNAudit | user=null | ip=null | op=WRITE_CHUNK {blockData=conID: 2 locID: 102656602705953257 bcsId: 2041} | ret=SUCCESS |  
2019-08-21 19:24:06,622 | INFO  | DNAudit | user=null | ip=null | op=WRITE_CHUNK {blockData=conID: 2 locID: 102656602705953257 bcsId: 2046} | ret=SUCCESS |  
2019-08-21 19:24:06,626 | INFO  | DNAudit | user=null | ip=null | op=WRITE_CHUNK {blockData=conID: 2 locID: 102656602705953257 bcsId: 2046} | ret=SUCCESS |  
2019-08-21 19:24:06,626 | INFO  | DNAudit | user=null | ip=null | op=WRITE_CHUNK {blockData=conID: 2 locID: 102656602705953257 bcsId: 2046} | ret=SUCCESS |  
2019-08-21 19:24:06,631 | INFO  | DNAudit | user=null | ip=null | op=PUT_BLOCK {blockData=[blockId=conID: 2 locID: 102656602705953257 bcsId: 0,size=3145728]} | ret=SUCCESS |  
2019-08-21 19:24:06,631 | INFO  | DNAudit | user=null | ip=null | op=PUT_BLOCK {blockData=[blockId=conID: 2 locID: 102656602705953257 bcsId: 0,size=3145728]} | ret=SUCCESS |  
2019-08-21 19:24:06,633 | INFO  | DNAudit | user=null | ip=null | op=WRITE_CHUNK {blockData=conID: 2 locID: 102656602705953257 bcsId: 2046} | ret=SUCCESS |  
2019-08-21 19:24:06,633 | INFO  | DNAudit | user=null | ip=null | op=PUT_BLOCK {blockData=[blockId=conID: 2 locID: 102656602705953257 bcsId: 0,size=4194304]} | ret=SUCCESS |  
2019-08-21 19:24:06,633 [grpc-default-executor-0] INFO  client.GrpcClientProtocolClient (GrpcClientProtocolClient.java:onNext(255)) - client-DA9582518C67->1df8bd03-73ef-4b9c-8622-5dc9d0e29c31: receive RaftClientReply:client-DA9582518C67->1df8bd03-73ef-4b9c-8622-5dc9d0e29c31@group-F45402591F47, cid=1464, SUCCESS, logIndex=2049, commits[1df8bd03-73ef-4b9c-8622-5dc9d0e29c31:c2050, 12aca755-ada5-42df-801b-c61f99d8e8b8:c2047, a308b8bf-0324-43a1-a87f-1e10a96e3042:c2047]
2019-08-21 19:24:06,634 [grpc-default-executor-0] INFO  client.GrpcClientProtocolClient (GrpcClientProtocolClient.java:onNext(255)) - client-DA9582518C67->1df8bd03-73ef-4b9c-8622-5dc9d0e29c31: receive RaftClientReply:client-DA9582518C67->1df8bd03-73ef-4b9c-8622-5dc9d0e29c31@group-F45402591F47, cid=1465, SUCCESS, logIndex=2050, commits[1df8bd03-73ef-4b9c-8622-5dc9d0e29c31:c2050, 12aca755-ada5-42df-801b-c61f99d8e8b8:c2047, a308b8bf-0324-43a1-a87f-1e10a96e3042:c2047]
2019-08-21 19:24:06,643 | INFO  | DNAudit | user=null | ip=null | op=WRITE_CHUNK {blockData=conID: 2 locID: 102656602705953257 bcsId: 2046} | ret=SUCCESS |  
2019-08-21 19:24:06,643 | INFO  | DNAudit | user=null | ip=null | op=WRITE_CHUNK {blockData=conID: 2 locID: 102656602705953257 bcsId: 2046} | ret=SUCCESS |  
2019-08-21 19:24:06,645 | INFO  | DNAudit | user=null | ip=null | op=PUT_BLOCK {blockData=[blockId=conID: 2 locID: 102656602705953257 bcsId: 0,size=4194304]} | ret=SUCCESS |  
2019-08-21 19:24:06,645 | INFO  | DNAudit | user=null | ip=null | op=PUT_BLOCK {blockData=[blockId=conID: 2 locID: 102656602705953257 bcsId: 0,size=4194304]} | ret=SUCCESS |  
2019-08-21 19:24:06,646 [grpc-default-executor-0] INFO  client.GrpcClientProtocolClient (GrpcClientProtocolClient.java:onNext(255)) - client-DA9582518C67->1df8bd03-73ef-4b9c-8622-5dc9d0e29c31: receive RaftClientReply:client-DA9582518C67->1df8bd03-73ef-4b9c-8622-5dc9d0e29c31@group-F45402591F47, cid=1466, SUCCESS, logIndex=0, commits[1df8bd03-73ef-4b9c-8622-5dc9d0e29c31:c2052, 12aca755-ada5-42df-801b-c61f99d8e8b8:c2050, a308b8bf-0324-43a1-a87f-1e10a96e3042:c2050]
2019-08-21 19:24:06,649 | INFO  | SCMAudit | user=jenkins1000 | ip=192.168.69.88 | op=ALLOCATE_BLOCK {owner=a4b1d482-4fe6-4e71-84a6-a95f4ce3f696, size=4194304, type=RATIS, factor=THREE} | ret=SUCCESS |  
2019-08-21 19:24:06,651 | INFO  | OMAudit | user=jenkins1000 | ip=127.0.0.1 | op=ALLOCATE_BLOCK {volume=vol-0-90666, bucket=bucket-0-29336, key=key-0-94354, dataSize=0, replicationType=null, replicationFactor=null, keyLocationInfo=null, clientID=102656601977389458} | ret=SUCCESS |  
2019-08-21 19:24:06,659 | INFO  | DNAudit | user=null | ip=null | op=WRITE_CHUNK {blockData=conID: 3 locID: 102656602711589354 bcsId: 0} | ret=SUCCESS |  
2019-08-21 19:24:06,661 | INFO  | DNAudit | user=null | ip=null | op=WRITE_CHUNK {blockData=conID: 3 locID: 102656602711589354 bcsId: 0} | ret=SUCCESS |  
2019-08-21 19:24:06,661 | INFO  | DNAudit | user=null | ip=null | op=WRITE_CHUNK {blockData=conID: 3 locID: 102656602711589354 bcsId: 0} | ret=SUCCESS |  
2019-08-21 19:24:06,662 | INFO  | DNAudit | user=null | ip=null | op=WRITE_CHUNK {blockData=conID: 3 locID: 102656602711589354 bcsId: 0} | ret=SUCCESS |  
2019-08-21 19:24:06,665 | INFO  | DNAudit | user=null | ip=null | op=WRITE_CHUNK {blockData=conID: 3 locID: 102656602711589354 bcsId: 0} | ret=SUCCESS |  
2019-08-21 19:24:06,665 | INFO  | DNAudit | user=null | ip=null | op=WRITE_CHUNK {blockData=conID: 3 locID: 102656602711589354 bcsId: 0} | ret=SUCCESS |  
2019-08-21 19:24:06,676 | INFO  | DNAudit | user=null | ip=null | op=WRITE_CHUNK {blockData=conID: 3 locID: 102656602711589354 bcsId: 0} | ret=SUCCESS |  
2019-08-21 19:24:06,676 | INFO  | DNAudit | user=null | ip=null | op=PUT_BLOCK {blockData=[blockId=conID: 3 locID: 102656602711589354 bcsId: 0,size=1048576]} | ret=SUCCESS |  
2019-08-21 19:24:06,676 | INFO  | DNAudit | user=null | ip=null | op=WRITE_CHUNK {blockData=conID: 3 locID: 102656602711589354 bcsId: 0} | ret=SUCCESS |  
2019-08-21 19:24:06,676 [grpc-default-executor-0] INFO  client.GrpcClientProtocolClient (GrpcClientProtocolClient.java:onNext(255)) - client-DA9582518C67->1df8bd03-73ef-4b9c-8622-5dc9d0e29c31: receive RaftClientReply:client-DA9582518C67->1df8bd03-73ef-4b9c-8622-5dc9d0e29c31@group-F45402591F47, cid=1467, SUCCESS, logIndex=2053, commits[1df8bd03-73ef-4b9c-8622-5dc9d0e29c31:c2054, 12aca755-ada5-42df-801b-c61f99d8e8b8:c2052, a308b8bf-0324-43a1-a87f-1e10a96e3042:c2052]
2019-08-21 19:24:06,677 | INFO  | DNAudit | user=null | ip=null | op=PUT_BLOCK {blockData=[blockId=conID: 3 locID: 102656602711589354 bcsId: 0,size=2097152]} | ret=SUCCESS |  
2019-08-21 19:24:06,677 [grpc-default-executor-0] INFO  client.GrpcClientProtocolClient (GrpcClientProtocolClient.java:onNext(255)) - client-DA9582518C67->1df8bd03-73ef-4b9c-8622-5dc9d0e29c31: receive RaftClientReply:client-DA9582518C67->1df8bd03-73ef-4b9c-8622-5dc9d0e29c31@group-F45402591F47, cid=1468, SUCCESS, logIndex=2054, commits[1df8bd03-73ef-4b9c-8622-5dc9d0e29c31:c2056, 12aca755-ada5-42df-801b-c61f99d8e8b8:c2052, a308b8bf-0324-43a1-a87f-1e10a96e3042:c2052]
2019-08-21 19:24:06,678 [grpc-default-executor-0] INFO  client.GrpcClientProtocolClient (GrpcClientProtocolClient.java:onNext(255)) - client-DA9582518C67->1df8bd03-73ef-4b9c-8622-5dc9d0e29c31: receive RaftClientReply:client-DA9582518C67->1df8bd03-73ef-4b9c-8622-5dc9d0e29c31@group-F45402591F47, cid=1469, SUCCESS, logIndex=2055, commits[1df8bd03-73ef-4b9c-8622-5dc9d0e29c31:c2056, 12aca755-ada5-42df-801b-c61f99d8e8b8:c2052, a308b8bf-0324-43a1-a87f-1e10a96e3042:c2052]
2019-08-21 19:24:06,678 [grpc-default-executor-0] INFO  client.GrpcClientProtocolClient (GrpcClientProtocolClient.java:onNext(255)) - client-DA9582518C67->1df8bd03-73ef-4b9c-8622-5dc9d0e29c31: receive RaftClientReply:client-DA9582518C67->1df8bd03-73ef-4b9c-8622-5dc9d0e29c31@group-F45402591F47, cid=1470, SUCCESS, logIndex=2056, commits[1df8bd03-73ef-4b9c-8622-5dc9d0e29c31:c2056, 12aca755-ada5-42df-801b-c61f99d8e8b8:c2052, a308b8bf-0324-43a1-a87f-1e10a96e3042:c2052]
2019-08-21 19:24:06,772 | INFO  | DNAudit | user=null | ip=null | op=WRITE_CHUNK {blockData=conID: 3 locID: 102656602711589354 bcsId: 0} | ret=SUCCESS |  
2019-08-21 19:24:06,772 | INFO  | DNAudit | user=null | ip=null | op=WRITE_CHUNK {blockData=conID: 3 locID: 102656602711589354 bcsId: 0} | ret=SUCCESS |  
2019-08-21 19:24:06,773 | INFO  | DNAudit | user=null | ip=null | op=PUT_BLOCK {blockData=[blockId=conID: 3 locID: 102656602711589354 bcsId: 0,size=1048576]} | ret=SUCCESS |  
2019-08-21 19:24:06,773 | INFO  | DNAudit | user=null | ip=null | op=PUT_BLOCK {blockData=[blockId=conID: 3 locID: 102656602711589354 bcsId: 0,size=1048576]} | ret=SUCCESS |  
2019-08-21 19:24:06,773 | INFO  | DNAudit | user=null | ip=null | op=WRITE_CHUNK {blockData=conID: 3 locID: 102656602711589354 bcsId: 0} | ret=SUCCESS |  
2019-08-21 19:24:06,773 | INFO  | DNAudit | user=null | ip=null | op=WRITE_CHUNK {blockData=conID: 3 locID: 102656602711589354 bcsId: 0} | ret=SUCCESS |  
2019-08-21 19:24:06,773 | INFO  | DNAudit | user=null | ip=null | op=PUT_BLOCK {blockData=[blockId=conID: 3 locID: 102656602711589354 bcsId: 0,size=2097152]} | ret=SUCCESS |  
2019-08-21 19:24:06,773 [grpc-default-executor-0] INFO  client.GrpcClientProtocolClient (GrpcClientProtocolClient.java:onNext(255)) - client-DA9582518C67->1df8bd03-73ef-4b9c-8622-5dc9d0e29c31: receive RaftClientReply:client-DA9582518C67->1df8bd03-73ef-4b9c-8622-5dc9d0e29c31@group-F45402591F47, cid=1471, SUCCESS, logIndex=0, commits[1df8bd03-73ef-4b9c-8622-5dc9d0e29c31:c2060, 12aca755-ada5-42df-801b-c61f99d8e8b8:c2054, a308b8bf-0324-43a1-a87f-1e10a96e3042:c2056]
2019-08-21 19:24:06,774 | INFO  | DNAudit | user=null | ip=null | op=PUT_BLOCK {blockData=[blockId=conID: 3 locID: 102656602711589354 bcsId: 0,size=2097152]} | ret=SUCCESS |  
2019-08-21 19:24:06,780 | INFO  | DNAudit | user=null | ip=null | op=WRITE_CHUNK {blockData=conID: 3 locID: 102656602711589354 bcsId: 2056} | ret=SUCCESS |  
2019-08-21 19:24:06,783 | INFO  | DNAudit | user=null | ip=null | op=WRITE_CHUNK {blockData=conID: 3 locID: 102656602711589354 bcsId: 2056} | ret=SUCCESS |  
2019-08-21 19:24:06,785 | INFO  | DNAudit | user=null | ip=null | op=WRITE_CHUNK {blockData=conID: 3 locID: 102656602711589354 bcsId: 2056} | ret=SUCCESS |  
2019-08-21 19:24:06,785 | INFO  | DNAudit | user=null | ip=null | op=WRITE_CHUNK {blockData=conID: 3 locID: 102656602711589354 bcsId: 2056} | ret=SUCCESS |  
2019-08-21 19:24:06,786 | INFO  | DNAudit | user=null | ip=null | op=PUT_BLOCK {blockData=[blockId=conID: 3 locID: 102656602711589354 bcsId: 0,size=3145728]} | ret=SUCCESS |  
2019-08-21 19:24:06,786 [grpc-default-executor-0] INFO  client.GrpcClientProtocolClient (GrpcClientProtocolClient.java:onNext(255)) - client-DA9582518C67->1df8bd03-73ef-4b9c-8622-5dc9d0e29c31: receive RaftClientReply:client-DA9582518C67->1df8bd03-73ef-4b9c-8622-5dc9d0e29c31@group-F45402591F47, cid=1472, SUCCESS, logIndex=2061, commits[1df8bd03-73ef-4b9c-8622-5dc9d0e29c31:c2062, 12aca755-ada5-42df-801b-c61f99d8e8b8:c2056, a308b8bf-0324-43a1-a87f-1e10a96e3042:c2060]
2019-08-21 19:24:06,787 [grpc-default-executor-0] INFO  client.GrpcClientProtocolClient (GrpcClientProtocolClient.java:onNext(255)) - client-DA9582518C67->1df8bd03-73ef-4b9c-8622-5dc9d0e29c31: receive RaftClientReply:client-DA9582518C67->1df8bd03-73ef-4b9c-8622-5dc9d0e29c31@group-F45402591F47, cid=1473, SUCCESS, logIndex=2062, commits[1df8bd03-73ef-4b9c-8622-5dc9d0e29c31:c2062, 12aca755-ada5-42df-801b-c61f99d8e8b8:c2056, a308b8bf-0324-43a1-a87f-1e10a96e3042:c2060]
2019-08-21 19:24:06,795 | INFO  | DNAudit | user=null | ip=null | op=WRITE_CHUNK {blockData=conID: 3 locID: 102656602711589354 bcsId: 2062} | ret=SUCCESS |  
2019-08-21 19:24:06,797 | INFO  | DNAudit | user=null | ip=null | op=WRITE_CHUNK {blockData=conID: 3 locID: 102656602711589354 bcsId: 2056} | ret=SUCCESS |  
2019-08-21 19:24:06,797 | INFO  | DNAudit | user=null | ip=null | op=WRITE_CHUNK {blockData=conID: 3 locID: 102656602711589354 bcsId: 2062} | ret=SUCCESS |  
2019-08-21 19:24:06,797 | INFO  | DNAudit | user=null | ip=null | op=PUT_BLOCK {blockData=[blockId=conID: 3 locID: 102656602711589354 bcsId: 0,size=3145728]} | ret=SUCCESS |  
2019-08-21 19:24:06,798 | INFO  | DNAudit | user=null | ip=null | op=WRITE_CHUNK {blockData=conID: 3 locID: 102656602711589354 bcsId: 2062} | ret=SUCCESS |  
2019-08-21 19:24:06,798 | INFO  | DNAudit | user=null | ip=null | op=WRITE_CHUNK {blockData=conID: 3 locID: 102656602711589354 bcsId: 2062} | ret=SUCCESS |  
2019-08-21 19:24:06,799 | INFO  | DNAudit | user=null | ip=null | op=PUT_BLOCK {blockData=[blockId=conID: 3 locID: 102656602711589354 bcsId: 0,size=4194304]} | ret=SUCCESS |  
2019-08-21 19:24:06,799 [grpc-default-executor-4] INFO  client.GrpcClientProtocolClient (GrpcClientProtocolClient.java:onNext(255)) - client-DA9582518C67->1df8bd03-73ef-4b9c-8622-5dc9d0e29c31: receive RaftClientReply:client-DA9582518C67->1df8bd03-73ef-4b9c-8622-5dc9d0e29c31@group-F45402591F47, cid=1474, SUCCESS, logIndex=2065, commits[1df8bd03-73ef-4b9c-8622-5dc9d0e29c31:c2066, 12aca755-ada5-42df-801b-c61f99d8e8b8:c2060, a308b8bf-0324-43a1-a87f-1e10a96e3042:c2062]
2019-08-21 19:24:06,799 [grpc-default-executor-4] INFO  client.GrpcClientProtocolClient (GrpcClientProtocolClient.java:onNext(255)) - client-DA9582518C67->1df8bd03-73ef-4b9c-8622-5dc9d0e29c31: receive RaftClientReply:client-DA9582518C67->1df8bd03-73ef-4b9c-8622-5dc9d0e29c31@group-F45402591F47, cid=1475, SUCCESS, logIndex=2066, commits[1df8bd03-73ef-4b9c-8622-5dc9d0e29c31:c2066, 12aca755-ada5-42df-801b-c61f99d8e8b8:c2060, a308b8bf-0324-43a1-a87f-1e10a96e3042:c2062]
2019-08-21 19:24:06,812 | INFO  | DNAudit | user=null | ip=null | op=WRITE_CHUNK {blockData=conID: 3 locID: 102656602711589354 bcsId: 2056} | ret=SUCCESS |  
2019-08-21 19:24:06,812 | INFO  | DNAudit | user=null | ip=null | op=WRITE_CHUNK {blockData=conID: 3 locID: 102656602711589354 bcsId: 2062} | ret=SUCCESS |  
2019-08-21 19:24:06,812 | INFO  | DNAudit | user=null | ip=null | op=PUT_BLOCK {blockData=[blockId=conID: 3 locID: 102656602711589354 bcsId: 0,size=3145728]} | ret=SUCCESS |  
2019-08-21 19:24:06,813 | INFO  | DNAudit | user=null | ip=null | op=PUT_BLOCK {blockData=[blockId=conID: 3 locID: 102656602711589354 bcsId: 0,size=4194304]} | ret=SUCCESS |  
2019-08-21 19:24:06,813 [grpc-default-executor-4] INFO  client.GrpcClientProtocolClient (GrpcClientProtocolClient.java:onNext(255)) - client-DA9582518C67->1df8bd03-73ef-4b9c-8622-5dc9d0e29c31: receive RaftClientReply:client-DA9582518C67->1df8bd03-73ef-4b9c-8622-5dc9d0e29c31@group-F45402591F47, cid=1476, SUCCESS, logIndex=0, commits[1df8bd03-73ef-4b9c-8622-5dc9d0e29c31:c2067, 12aca755-ada5-42df-801b-c61f99d8e8b8:c2062, a308b8bf-0324-43a1-a87f-1e10a96e3042:c2066]
2019-08-21 19:24:06,815 | INFO  | DNAudit | user=null | ip=null | op=WRITE_CHUNK {blockData=conID: 3 locID: 102656602711589354 bcsId: 2062} | ret=SUCCESS |  
2019-08-21 19:24:06,815 | INFO  | DNAudit | user=null | ip=null | op=PUT_BLOCK {blockData=[blockId=conID: 3 locID: 102656602711589354 bcsId: 0,size=4194304]} | ret=SUCCESS |  
2019-08-21 19:24:06,815 [grpc-default-executor-4] INFO  client.GrpcClientProtocolClient (GrpcClientProtocolClient.java:onNext(255)) - client-DA9582518C67->1df8bd03-73ef-4b9c-8622-5dc9d0e29c31: receive RaftClientReply:client-DA9582518C67->1df8bd03-73ef-4b9c-8622-5dc9d0e29c31@group-F45402591F47, cid=1477, SUCCESS, logIndex=0, commits[1df8bd03-73ef-4b9c-8622-5dc9d0e29c31:c2068, 12aca755-ada5-42df-801b-c61f99d8e8b8:c2066, a308b8bf-0324-43a1-a87f-1e10a96e3042:c2066]
2019-08-21 19:24:06,820 | INFO  | SCMAudit | user=jenkins1000 | ip=192.168.69.88 | op=ALLOCATE_BLOCK {owner=a4b1d482-4fe6-4e71-84a6-a95f4ce3f696, size=4194304, type=RATIS, factor=THREE} | ret=SUCCESS |  
2019-08-21 19:24:06,823 | INFO  | OMAudit | user=jenkins1000 | ip=127.0.0.1 | op=ALLOCATE_BLOCK {volume=vol-0-90666, bucket=bucket-0-29336, key=key-0-94354, dataSize=0, replicationType=null, replicationFactor=null, keyLocationInfo=null, clientID=102656601977389458} | ret=SUCCESS |  
2019-08-21 19:24:06,831 | INFO  | DNAudit | user=null | ip=null | op=WRITE_CHUNK {blockData=conID: 1 locID: 102656602722796011 bcsId: 0} | ret=SUCCESS |  
2019-08-21 19:24:06,834 | INFO  | DNAudit | user=null | ip=null | op=WRITE_CHUNK {blockData=conID: 1 locID: 102656602722796011 bcsId: 0} | ret=SUCCESS |  
2019-08-21 19:24:06,834 | INFO  | DNAudit | user=null | ip=null | op=WRITE_CHUNK {blockData=conID: 1 locID: 102656602722796011 bcsId: 0} | ret=SUCCESS |  
2019-08-21 19:24:06,834 | INFO  | DNAudit | user=null | ip=null | op=WRITE_CHUNK {blockData=conID: 1 locID: 102656602722796011 bcsId: 0} | ret=SUCCESS |  
2019-08-21 19:24:06,836 | INFO  | DNAudit | user=null | ip=null | op=WRITE_CHUNK {blockData=conID: 1 locID: 102656602722796011 bcsId: 0} | ret=SUCCESS |  
2019-08-21 19:24:06,836 | INFO  | DNAudit | user=null | ip=null | op=WRITE_CHUNK {blockData=conID: 1 locID: 102656602722796011 bcsId: 0} | ret=SUCCESS |  
2019-08-21 19:24:06,840 | INFO  | DNAudit | user=null | ip=null | op=WRITE_CHUNK {blockData=conID: 1 locID: 102656602722796011 bcsId: 0} | ret=SUCCESS |  
2019-08-21 19:24:06,840 | INFO  | DNAudit | user=null | ip=null | op=PUT_BLOCK {blockData=[blockId=conID: 1 locID: 102656602722796011 bcsId: 0,size=1048576]} | ret=SUCCESS |  
2019-08-21 19:24:06,841 [grpc-default-executor-0] INFO  client.GrpcClientProtocolClient (GrpcClientProtocolClient.java:onNext(255)) - client-DA9582518C67->1df8bd03-73ef-4b9c-8622-5dc9d0e29c31: receive RaftClientReply:client-DA9582518C67->1df8bd03-73ef-4b9c-8622-5dc9d0e29c31@group-F45402591F47, cid=1478, SUCCESS, logIndex=2069, commits[1df8bd03-73ef-4b9c-8622-5dc9d0e29c31:c2070, 12aca755-ada5-42df-801b-c61f99d8e8b8:c2068, a308b8bf-0324-43a1-a87f-1e10a96e3042:c2068]
2019-08-21 19:24:06,841 | INFO  | DNAudit | user=null | ip=null | op=WRITE_CHUNK {blockData=conID: 1 locID: 102656602722796011 bcsId: 0} | ret=SUCCESS |  
2019-08-21 19:24:06,841 [grpc-default-executor-4] INFO  client.GrpcClientProtocolClient (GrpcClientProtocolClient.java:onNext(255)) - client-DA9582518C67->1df8bd03-73ef-4b9c-8622-5dc9d0e29c31: receive RaftClientReply:client-DA9582518C67->1df8bd03-73ef-4b9c-8622-5dc9d0e29c31@group-F45402591F47, cid=1479, SUCCESS, logIndex=2070, commits[1df8bd03-73ef-4b9c-8622-5dc9d0e29c31:c2070, 12aca755-ada5-42df-801b-c61f99d8e8b8:c2068, a308b8bf-0324-43a1-a87f-1e10a96e3042:c2068]
2019-08-21 19:24:06,841 | INFO  | DNAudit | user=null | ip=null | op=PUT_BLOCK {blockData=[blockId=conID: 1 locID: 102656602722796011 bcsId: 0,size=2097152]} | ret=SUCCESS |  
2019-08-21 19:24:06,841 [grpc-default-executor-4] INFO  client.GrpcClientProtocolClient (GrpcClientProtocolClient.java:onNext(255)) - client-DA9582518C67->1df8bd03-73ef-4b9c-8622-5dc9d0e29c31: receive RaftClientReply:client-DA9582518C67->1df8bd03-73ef-4b9c-8622-5dc9d0e29c31@group-F45402591F47, cid=1480, SUCCESS, logIndex=2071, commits[1df8bd03-73ef-4b9c-8622-5dc9d0e29c31:c2072, 12aca755-ada5-42df-801b-c61f99d8e8b8:c2068, a308b8bf-0324-43a1-a87f-1e10a96e3042:c2068]
2019-08-21 19:24:06,842 [grpc-default-executor-4] INFO  client.GrpcClientProtocolClient (GrpcClientProtocolClient.java:onNext(255)) - client-DA9582518C67->1df8bd03-73ef-4b9c-8622-5dc9d0e29c31: receive RaftClientReply:client-DA9582518C67->1df8bd03-73ef-4b9c-8622-5dc9d0e29c31@group-F45402591F47, cid=1481, SUCCESS, logIndex=2072, commits[1df8bd03-73ef-4b9c-8622-5dc9d0e29c31:c2072, 12aca755-ada5-42df-801b-c61f99d8e8b8:c2068, a308b8bf-0324-43a1-a87f-1e10a96e3042:c2068]
2019-08-21 19:24:06,842 | INFO  | DNAudit | user=null | ip=null | op=WRITE_CHUNK {blockData=conID: 1 locID: 102656602722796011 bcsId: 0} | ret=SUCCESS |  
2019-08-21 19:24:06,842 | INFO  | DNAudit | user=null | ip=null | op=PUT_BLOCK {blockData=[blockId=conID: 1 locID: 102656602722796011 bcsId: 0,size=1048576]} | ret=SUCCESS |  
2019-08-21 19:24:06,842 | INFO  | DNAudit | user=null | ip=null | op=WRITE_CHUNK {blockData=conID: 1 locID: 102656602722796011 bcsId: 0} | ret=SUCCESS |  
2019-08-21 19:24:06,843 | INFO  | DNAudit | user=null | ip=null | op=PUT_BLOCK {blockData=[blockId=conID: 1 locID: 102656602722796011 bcsId: 0,size=1048576]} | ret=SUCCESS |  
2019-08-21 19:24:06,843 | INFO  | DNAudit | user=null | ip=null | op=WRITE_CHUNK {blockData=conID: 1 locID: 102656602722796011 bcsId: 0} | ret=SUCCESS |  
2019-08-21 19:24:06,843 | INFO  | DNAudit | user=null | ip=null | op=PUT_BLOCK {blockData=[blockId=conID: 1 locID: 102656602722796011 bcsId: 0,size=2097152]} | ret=SUCCESS |  
2019-08-21 19:24:06,843 [grpc-default-executor-5] INFO  client.GrpcClientProtocolClient (GrpcClientProtocolClient.java:onNext(255)) - client-DA9582518C67->1df8bd03-73ef-4b9c-8622-5dc9d0e29c31: receive RaftClientReply:client-DA9582518C67->1df8bd03-73ef-4b9c-8622-5dc9d0e29c31@group-F45402591F47, cid=1482, SUCCESS, logIndex=0, commits[1df8bd03-73ef-4b9c-8622-5dc9d0e29c31:c2074, 12aca755-ada5-42df-801b-c61f99d8e8b8:c2070, a308b8bf-0324-43a1-a87f-1e10a96e3042:c2070]
2019-08-21 19:24:06,845 | INFO  | DNAudit | user=null | ip=null | op=WRITE_CHUNK {blockData=conID: 1 locID: 102656602722796011 bcsId: 0} | ret=SUCCESS |  
2019-08-21 19:24:06,846 | INFO  | DNAudit | user=null | ip=null | op=PUT_BLOCK {blockData=[blockId=conID: 1 locID: 102656602722796011 bcsId: 0,size=2097152]} | ret=SUCCESS |  
2019-08-21 19:24:06,850 | INFO  | DNAudit | user=null | ip=null | op=WRITE_CHUNK {blockData=conID: 1 locID: 102656602722796011 bcsId: 2072} | ret=SUCCESS |  
2019-08-21 19:24:06,852 | INFO  | DNAudit | user=null | ip=null | op=WRITE_CHUNK {blockData=conID: 1 locID: 102656602722796011 bcsId: 2072} | ret=SUCCESS |  
2019-08-21 19:24:06,853 | INFO  | DNAudit | user=null | ip=null | op=WRITE_CHUNK {blockData=conID: 1 locID: 102656602722796011 bcsId: 2072} | ret=SUCCESS |  
2019-08-21 19:24:06,857 | INFO  | DNAudit | user=null | ip=null | op=WRITE_CHUNK {blockData=conID: 1 locID: 102656602722796011 bcsId: 2072} | ret=SUCCESS |  
2019-08-21 19:24:06,857 | INFO  | DNAudit | user=null | ip=null | op=PUT_BLOCK {blockData=[blockId=conID: 1 locID: 102656602722796011 bcsId: 0,size=3145728]} | ret=SUCCESS |  
2019-08-21 19:24:06,857 [grpc-default-executor-4] INFO  client.GrpcClientProtocolClient (GrpcClientProtocolClient.java:onNext(255)) - client-DA9582518C67->1df8bd03-73ef-4b9c-8622-5dc9d0e29c31: receive RaftClientReply:client-DA9582518C67->1df8bd03-73ef-4b9c-8622-5dc9d0e29c31@group-F45402591F47, cid=1483, SUCCESS, logIndex=2077, commits[1df8bd03-73ef-4b9c-8622-5dc9d0e29c31:c2078, 12aca755-ada5-42df-801b-c61f99d8e8b8:c2076, a308b8bf-0324-43a1-a87f-1e10a96e3042:c2076]
2019-08-21 19:24:06,858 [grpc-default-executor-4] INFO  client.GrpcClientProtocolClient (GrpcClientProtocolClient.java:onNext(255)) - client-DA9582518C67->1df8bd03-73ef-4b9c-8622-5dc9d0e29c31: receive RaftClientReply:client-DA9582518C67->1df8bd03-73ef-4b9c-8622-5dc9d0e29c31@group-F45402591F47, cid=1484, SUCCESS, logIndex=2078, commits[1df8bd03-73ef-4b9c-8622-5dc9d0e29c31:c2078, 12aca755-ada5-42df-801b-c61f99d8e8b8:c2076, a308b8bf-0324-43a1-a87f-1e10a96e3042:c2076]
2019-08-21 19:24:06,859 | INFO  | DNAudit | user=null | ip=null | op=WRITE_CHUNK {blockData=conID: 1 locID: 102656602722796011 bcsId: 2072} | ret=SUCCESS |  
2019-08-21 19:24:06,859 | INFO  | DNAudit | user=null | ip=null | op=WRITE_CHUNK {blockData=conID: 1 locID: 102656602722796011 bcsId: 2072} | ret=SUCCESS |  
2019-08-21 19:24:06,862 | INFO  | DNAudit | user=null | ip=null | op=PUT_BLOCK {blockData=[blockId=conID: 1 locID: 102656602722796011 bcsId: 0,size=3145728]} | ret=SUCCESS |  
2019-08-21 19:24:06,862 | INFO  | DNAudit | user=null | ip=null | op=PUT_BLOCK {blockData=[blockId=conID: 1 locID: 102656602722796011 bcsId: 0,size=3145728]} | ret=SUCCESS |  
2019-08-21 19:24:06,864 | INFO  | DNAudit | user=null | ip=null | op=WRITE_CHUNK {blockData=conID: 1 locID: 102656602722796011 bcsId: 2078} | ret=SUCCESS |  
2019-08-21 19:24:06,867 | INFO  | DNAudit | user=null | ip=null | op=WRITE_CHUNK {blockData=conID: 1 locID: 102656602722796011 bcsId: 2078} | ret=SUCCESS |  
2019-08-21 19:24:06,867 | INFO  | DNAudit | user=null | ip=null | op=WRITE_CHUNK {blockData=conID: 1 locID: 102656602722796011 bcsId: 2078} | ret=SUCCESS |  
2019-08-21 19:24:06,871 | INFO  | DNAudit | user=null | ip=null | op=WRITE_CHUNK {blockData=conID: 1 locID: 102656602722796011 bcsId: 2078} | ret=SUCCESS |  
2019-08-21 19:24:06,871 | INFO  | DNAudit | user=null | ip=null | op=PUT_BLOCK {blockData=[blockId=conID: 1 locID: 102656602722796011 bcsId: 0,size=4194304]} | ret=SUCCESS |  
2019-08-21 19:24:06,871 [grpc-default-executor-0] INFO  client.GrpcClientProtocolClient (GrpcClientProtocolClient.java:onNext(255)) - client-DA9582518C67->1df8bd03-73ef-4b9c-8622-5dc9d0e29c31: receive RaftClientReply:client-DA9582518C67->1df8bd03-73ef-4b9c-8622-5dc9d0e29c31@group-F45402591F47, cid=1485, SUCCESS, logIndex=2081, commits[1df8bd03-73ef-4b9c-8622-5dc9d0e29c31:c2082, 12aca755-ada5-42df-801b-c61f99d8e8b8:c2080, a308b8bf-0324-43a1-a87f-1e10a96e3042:c2080]
2019-08-21 19:24:06,872 [grpc-default-executor-0] INFO  client.GrpcClientProtocolClient (GrpcClientProtocolClient.java:onNext(255)) - client-DA9582518C67->1df8bd03-73ef-4b9c-8622-5dc9d0e29c31: receive RaftClientReply:client-DA9582518C67->1df8bd03-73ef-4b9c-8622-5dc9d0e29c31@group-F45402591F47, cid=1486, SUCCESS, logIndex=2082, commits[1df8bd03-73ef-4b9c-8622-5dc9d0e29c31:c2082, 12aca755-ada5-42df-801b-c61f99d8e8b8:c2080, a308b8bf-0324-43a1-a87f-1e10a96e3042:c2080]
2019-08-21 19:24:06,875 | INFO  | DNAudit | user=null | ip=null | op=WRITE_CHUNK {blockData=conID: 1 locID: 102656602722796011 bcsId: 2078} | ret=SUCCESS |  
2019-08-21 19:24:06,875 | INFO  | DNAudit | user=null | ip=null | op=WRITE_CHUNK {blockData=conID: 1 locID: 102656602722796011 bcsId: 2078} | ret=SUCCESS |  
2019-08-21 19:24:06,875 | INFO  | DNAudit | user=null | ip=null | op=PUT_BLOCK {blockData=[blockId=conID: 1 locID: 102656602722796011 bcsId: 0,size=4194304]} | ret=SUCCESS |  
2019-08-21 19:24:06,875 | INFO  | DNAudit | user=null | ip=null | op=PUT_BLOCK {blockData=[blockId=conID: 1 locID: 102656602722796011 bcsId: 0,size=4194304]} | ret=SUCCESS |  
2019-08-21 19:24:06,875 [grpc-default-executor-0] INFO  client.GrpcClientProtocolClient (GrpcClientProtocolClient.java:onNext(255)) - client-DA9582518C67->1df8bd03-73ef-4b9c-8622-5dc9d0e29c31: receive RaftClientReply:client-DA9582518C67->1df8bd03-73ef-4b9c-8622-5dc9d0e29c31@group-F45402591F47, cid=1487, SUCCESS, logIndex=0, commits[1df8bd03-73ef-4b9c-8622-5dc9d0e29c31:c2083, 12aca755-ada5-42df-801b-c61f99d8e8b8:c2082, a308b8bf-0324-43a1-a87f-1e10a96e3042:c2082]
2019-08-21 19:24:06,879 | INFO  | SCMAudit | user=jenkins1000 | ip=192.168.69.88 | op=ALLOCATE_BLOCK {owner=a4b1d482-4fe6-4e71-84a6-a95f4ce3f696, size=4194304, type=RATIS, factor=THREE} | ret=SUCCESS |  
2019-08-21 19:24:06,882 | INFO  | OMAudit | user=jenkins1000 | ip=127.0.0.1 | op=ALLOCATE_BLOCK {volume=vol-0-90666, bucket=bucket-0-29336, key=key-0-94354, dataSize=0, replicationType=null, replicationFactor=null, keyLocationInfo=null, clientID=102656601977389458} | ret=SUCCESS |  
2019-08-21 19:24:06,888 | INFO  | DNAudit | user=null | ip=null | op=WRITE_CHUNK {blockData=conID: 2 locID: 102656602726662636 bcsId: 0} | ret=SUCCESS |  
2019-08-21 19:24:06,890 | INFO  | DNAudit | user=null | ip=null | op=WRITE_CHUNK {blockData=conID: 2 locID: 102656602726662636 bcsId: 0} | ret=SUCCESS |  
2019-08-21 19:24:06,891 | INFO  | DNAudit | user=null | ip=null | op=WRITE_CHUNK {blockData=conID: 2 locID: 102656602726662636 bcsId: 0} | ret=SUCCESS |  
2019-08-21 19:24:06,891 | INFO  | DNAudit | user=null | ip=null | op=WRITE_CHUNK {blockData=conID: 2 locID: 102656602726662636 bcsId: 0} | ret=SUCCESS |  
2019-08-21 19:24:06,893 | INFO  | DNAudit | user=null | ip=null | op=WRITE_CHUNK {blockData=conID: 2 locID: 102656602726662636 bcsId: 0} | ret=SUCCESS |  
2019-08-21 19:24:06,893 | INFO  | DNAudit | user=null | ip=null | op=WRITE_CHUNK {blockData=conID: 2 locID: 102656602726662636 bcsId: 0} | ret=SUCCESS |  
2019-08-21 19:24:06,896 | INFO  | DNAudit | user=null | ip=null | op=WRITE_CHUNK {blockData=conID: 2 locID: 102656602726662636 bcsId: 0} | ret=SUCCESS |  
2019-08-21 19:24:06,897 | INFO  | DNAudit | user=null | ip=null | op=PUT_BLOCK {blockData=[blockId=conID: 2 locID: 102656602726662636 bcsId: 0,size=1048576]} | ret=SUCCESS |  
2019-08-21 19:24:06,897 [grpc-default-executor-0] INFO  client.GrpcClientProtocolClient (GrpcClientProtocolClient.java:onNext(255)) - client-DA9582518C67->1df8bd03-73ef-4b9c-8622-5dc9d0e29c31: receive RaftClientReply:client-DA9582518C67->1df8bd03-73ef-4b9c-8622-5dc9d0e29c31@group-F45402591F47, cid=1488, SUCCESS, logIndex=2085, commits[1df8bd03-73ef-4b9c-8622-5dc9d0e29c31:c2086, 12aca755-ada5-42df-801b-c61f99d8e8b8:c2084, a308b8bf-0324-43a1-a87f-1e10a96e3042:c2084]
2019-08-21 19:24:06,897 | INFO  | DNAudit | user=null | ip=null | op=WRITE_CHUNK {blockData=conID: 2 locID: 102656602726662636 bcsId: 0} | ret=SUCCESS |  
2019-08-21 19:24:06,897 [grpc-default-executor-0] INFO  client.GrpcClientProtocolClient (GrpcClientProtocolClient.java:onNext(255)) - client-DA9582518C67->1df8bd03-73ef-4b9c-8622-5dc9d0e29c31: receive RaftClientReply:client-DA9582518C67->1df8bd03-73ef-4b9c-8622-5dc9d0e29c31@group-F45402591F47, cid=1489, SUCCESS, logIndex=2086, commits[1df8bd03-73ef-4b9c-8622-5dc9d0e29c31:c2088, 12aca755-ada5-42df-801b-c61f99d8e8b8:c2084, a308b8bf-0324-43a1-a87f-1e10a96e3042:c2084]
2019-08-21 19:24:06,897 | INFO  | DNAudit | user=null | ip=null | op=WRITE_CHUNK {blockData=conID: 2 locID: 102656602726662636 bcsId: 0} | ret=SUCCESS |  
2019-08-21 19:24:06,897 | INFO  | DNAudit | user=null | ip=null | op=PUT_BLOCK {blockData=[blockId=conID: 2 locID: 102656602726662636 bcsId: 0,size=2097152]} | ret=SUCCESS |  
2019-08-21 19:24:06,897 [grpc-default-executor-0] INFO  client.GrpcClientProtocolClient (GrpcClientProtocolClient.java:onNext(255)) - client-DA9582518C67->1df8bd03-73ef-4b9c-8622-5dc9d0e29c31: receive RaftClientReply:client-DA9582518C67->1df8bd03-73ef-4b9c-8622-5dc9d0e29c31@group-F45402591F47, cid=1490, SUCCESS, logIndex=2087, commits[1df8bd03-73ef-4b9c-8622-5dc9d0e29c31:c2088, 12aca755-ada5-42df-801b-c61f99d8e8b8:c2084, a308b8bf-0324-43a1-a87f-1e10a96e3042:c2084]
2019-08-21 19:24:06,898 [grpc-default-executor-0] INFO  client.GrpcClientProtocolClient (GrpcClientProtocolClient.java:onNext(255)) - client-DA9582518C67->1df8bd03-73ef-4b9c-8622-5dc9d0e29c31: receive RaftClientReply:client-DA9582518C67->1df8bd03-73ef-4b9c-8622-5dc9d0e29c31@group-F45402591F47, cid=1491, SUCCESS, logIndex=2088, commits[1df8bd03-73ef-4b9c-8622-5dc9d0e29c31:c2088, 12aca755-ada5-42df-801b-c61f99d8e8b8:c2085, a308b8bf-0324-43a1-a87f-1e10a96e3042:c2084]
2019-08-21 19:24:06,899 | INFO  | DNAudit | user=null | ip=null | op=WRITE_CHUNK {blockData=conID: 2 locID: 102656602726662636 bcsId: 0} | ret=SUCCESS |  
2019-08-21 19:24:06,900 | INFO  | DNAudit | user=null | ip=null | op=PUT_BLOCK {blockData=[blockId=conID: 2 locID: 102656602726662636 bcsId: 0,size=1048576]} | ret=SUCCESS |  
2019-08-21 19:24:06,900 | INFO  | DNAudit | user=null | ip=null | op=WRITE_CHUNK {blockData=conID: 2 locID: 102656602726662636 bcsId: 0} | ret=SUCCESS |  
2019-08-21 19:24:06,900 | INFO  | DNAudit | user=null | ip=null | op=PUT_BLOCK {blockData=[blockId=conID: 2 locID: 102656602726662636 bcsId: 0,size=2097152]} | ret=SUCCESS |  
2019-08-21 19:24:06,911 | INFO  | DNAudit | user=null | ip=null | op=PUT_BLOCK {blockData=[blockId=conID: 2 locID: 102656602726662636 bcsId: 0,size=1048576]} | ret=SUCCESS |  
2019-08-21 19:24:06,911 | INFO  | DNAudit | user=null | ip=null | op=WRITE_CHUNK {blockData=conID: 2 locID: 102656602726662636 bcsId: 0} | ret=SUCCESS |  
2019-08-21 19:24:06,911 [grpc-default-executor-0] INFO  client.GrpcClientProtocolClient (GrpcClientProtocolClient.java:onNext(255)) - client-DA9582518C67->1df8bd03-73ef-4b9c-8622-5dc9d0e29c31: receive RaftClientReply:client-DA9582518C67->1df8bd03-73ef-4b9c-8622-5dc9d0e29c31@group-F45402591F47, cid=1492, SUCCESS, logIndex=0, commits[1df8bd03-73ef-4b9c-8622-5dc9d0e29c31:c2091, 12aca755-ada5-42df-801b-c61f99d8e8b8:c2086, a308b8bf-0324-43a1-a87f-1e10a96e3042:c2088]
2019-08-21 19:24:06,912 | INFO  | DNAudit | user=null | ip=null | op=PUT_BLOCK {blockData=[blockId=conID: 2 locID: 102656602726662636 bcsId: 0,size=2097152]} | ret=SUCCESS |  
2019-08-21 19:24:06,917 | INFO  | DNAudit | user=null | ip=null | op=WRITE_CHUNK {blockData=conID: 2 locID: 102656602726662636 bcsId: 2088} | ret=SUCCESS |  
2019-08-21 19:24:06,920 | INFO  | DNAudit | user=null | ip=null | op=WRITE_CHUNK {blockData=conID: 2 locID: 102656602726662636 bcsId: 2088} | ret=SUCCESS |  
2019-08-21 19:24:06,921 | INFO  | DNAudit | user=null | ip=null | op=WRITE_CHUNK {blockData=conID: 2 locID: 102656602726662636 bcsId: 2088} | ret=SUCCESS |  
2019-08-21 19:24:06,922 | INFO  | DNAudit | user=null | ip=null | op=WRITE_CHUNK {blockData=conID: 2 locID: 102656602726662636 bcsId: 2088} | ret=SUCCESS |  
2019-08-21 19:24:06,923 | INFO  | DNAudit | user=null | ip=null | op=PUT_BLOCK {blockData=[blockId=conID: 2 locID: 102656602726662636 bcsId: 0,size=3145728]} | ret=SUCCESS |  
2019-08-21 19:24:06,923 [grpc-default-executor-0] INFO  client.GrpcClientProtocolClient (GrpcClientProtocolClient.java:onNext(255)) - client-DA9582518C67->1df8bd03-73ef-4b9c-8622-5dc9d0e29c31: receive RaftClientReply:client-DA9582518C67->1df8bd03-73ef-4b9c-8622-5dc9d0e29c31@group-F45402591F47, cid=1493, SUCCESS, logIndex=2092, commits[1df8bd03-73ef-4b9c-8622-5dc9d0e29c31:c2093, 12aca755-ada5-42df-801b-c61f99d8e8b8:c2091, a308b8bf-0324-43a1-a87f-1e10a96e3042:c2088]
2019-08-21 19:24:06,923 [grpc-default-executor-0] INFO  client.GrpcClientProtocolClient (GrpcClientProtocolClient.java:onNext(255)) - client-DA9582518C67->1df8bd03-73ef-4b9c-8622-5dc9d0e29c31: receive RaftClientReply:client-DA9582518C67->1df8bd03-73ef-4b9c-8622-5dc9d0e29c31@group-F45402591F47, cid=1494, SUCCESS, logIndex=2093, commits[1df8bd03-73ef-4b9c-8622-5dc9d0e29c31:c2093, 12aca755-ada5-42df-801b-c61f99d8e8b8:c2091, a308b8bf-0324-43a1-a87f-1e10a96e3042:c2091]
2019-08-21 19:24:06,925 | INFO  | DNAudit | user=null | ip=null | op=WRITE_CHUNK {blockData=conID: 2 locID: 102656602726662636 bcsId: 2088} | ret=SUCCESS |  
2019-08-21 19:24:06,925 | INFO  | DNAudit | user=null | ip=null | op=WRITE_CHUNK {blockData=conID: 2 locID: 102656602726662636 bcsId: 2088} | ret=SUCCESS |  
2019-08-21 19:24:06,926 | INFO  | DNAudit | user=null | ip=null | op=PUT_BLOCK {blockData=[blockId=conID: 2 locID: 102656602726662636 bcsId: 0,size=3145728]} | ret=SUCCESS |  
2019-08-21 19:24:06,926 | INFO  | DNAudit | user=null | ip=null | op=PUT_BLOCK {blockData=[blockId=conID: 2 locID: 102656602726662636 bcsId: 0,size=3145728]} | ret=SUCCESS |  
2019-08-21 19:24:06,929 | INFO  | DNAudit | user=null | ip=null | op=WRITE_CHUNK {blockData=conID: 2 locID: 102656602726662636 bcsId: 2093} | ret=SUCCESS |  
2019-08-21 19:24:06,931 | INFO  | DNAudit | user=null | ip=null | op=WRITE_CHUNK {blockData=conID: 2 locID: 102656602726662636 bcsId: 2093} | ret=SUCCESS |  
2019-08-21 19:24:06,932 | INFO  | DNAudit | user=null | ip=null | op=WRITE_CHUNK {blockData=conID: 2 locID: 102656602726662636 bcsId: 2093} | ret=SUCCESS |  
2019-08-21 19:24:06,940 | INFO  | DNAudit | user=null | ip=null | op=WRITE_CHUNK {blockData=conID: 2 locID: 102656602726662636 bcsId: 2093} | ret=SUCCESS |  
2019-08-21 19:24:06,941 | INFO  | DNAudit | user=null | ip=null | op=PUT_BLOCK {blockData=[blockId=conID: 2 locID: 102656602726662636 bcsId: 0,size=4194304]} | ret=SUCCESS |  
2019-08-21 19:24:06,941 [grpc-default-executor-4] INFO  client.GrpcClientProtocolClient (GrpcClientProtocolClient.java:onNext(255)) - client-DA9582518C67->1df8bd03-73ef-4b9c-8622-5dc9d0e29c31: receive RaftClientReply:client-DA9582518C67->1df8bd03-73ef-4b9c-8622-5dc9d0e29c31@group-F45402591F47, cid=1495, SUCCESS, logIndex=2096, commits[1df8bd03-73ef-4b9c-8622-5dc9d0e29c31:c2097, 12aca755-ada5-42df-801b-c61f99d8e8b8:c2094, a308b8bf-0324-43a1-a87f-1e10a96e3042:c2094]
2019-08-21 19:24:06,941 [grpc-default-executor-4] INFO  client.GrpcClientProtocolClient (GrpcClientProtocolClient.java:onNext(255)) - client-DA9582518C67->1df8bd03-73ef-4b9c-8622-5dc9d0e29c31: receive RaftClientReply:client-DA9582518C67->1df8bd03-73ef-4b9c-8622-5dc9d0e29c31@group-F45402591F47, cid=1496, SUCCESS, logIndex=2097, commits[1df8bd03-73ef-4b9c-8622-5dc9d0e29c31:c2097, 12aca755-ada5-42df-801b-c61f99d8e8b8:c2094, a308b8bf-0324-43a1-a87f-1e10a96e3042:c2094]
2019-08-21 19:24:06,959 | INFO  | DNAudit | user=null | ip=null | op=WRITE_CHUNK {blockData=conID: 2 locID: 102656602726662636 bcsId: 2093} | ret=SUCCESS |  
2019-08-21 19:24:06,959 | INFO  | DNAudit | user=null | ip=null | op=WRITE_CHUNK {blockData=conID: 2 locID: 102656602726662636 bcsId: 2093} | ret=SUCCESS |  
2019-08-21 19:24:06,960 | INFO  | DNAudit | user=null | ip=null | op=PUT_BLOCK {blockData=[blockId=conID: 2 locID: 102656602726662636 bcsId: 0,size=4194304]} | ret=SUCCESS |  
2019-08-21 19:24:06,960 | INFO  | DNAudit | user=null | ip=null | op=PUT_BLOCK {blockData=[blockId=conID: 2 locID: 102656602726662636 bcsId: 0,size=4194304]} | ret=SUCCESS |  
2019-08-21 19:24:06,960 [grpc-default-executor-0] INFO  client.GrpcClientProtocolClient (GrpcClientProtocolClient.java:onNext(255)) - client-DA9582518C67->1df8bd03-73ef-4b9c-8622-5dc9d0e29c31: receive RaftClientReply:client-DA9582518C67->1df8bd03-73ef-4b9c-8622-5dc9d0e29c31@group-F45402591F47, cid=1497, SUCCESS, logIndex=0, commits[1df8bd03-73ef-4b9c-8622-5dc9d0e29c31:c2099, 12aca755-ada5-42df-801b-c61f99d8e8b8:c2097, a308b8bf-0324-43a1-a87f-1e10a96e3042:c2097]
2019-08-21 19:24:06,964 | INFO  | SCMAudit | user=jenkins1000 | ip=192.168.69.88 | op=ALLOCATE_BLOCK {owner=a4b1d482-4fe6-4e71-84a6-a95f4ce3f696, size=4194304, type=RATIS, factor=THREE} | ret=SUCCESS |  
2019-08-21 19:24:06,966 | INFO  | OMAudit | user=jenkins1000 | ip=127.0.0.1 | op=ALLOCATE_BLOCK {volume=vol-0-90666, bucket=bucket-0-29336, key=key-0-94354, dataSize=0, replicationType=null, replicationFactor=null, keyLocationInfo=null, clientID=102656601977389458} | ret=SUCCESS |  
2019-08-21 19:24:06,973 | INFO  | DNAudit | user=null | ip=null | op=WRITE_CHUNK {blockData=conID: 3 locID: 102656602732233197 bcsId: 0} | ret=SUCCESS |  
2019-08-21 19:24:06,973 | INFO  | SCMAudit | user=jenkins1000 | ip=192.168.69.88 | op=SEND_HEARTBEAT {datanodeUUID=1df8bd03-73ef-4b9c-8622-5dc9d0e29c31, command=[]} | ret=SUCCESS |  
2019-08-21 19:24:06,973 | INFO  | SCMAudit | user=jenkins1000 | ip=192.168.69.88 | op=SEND_HEARTBEAT {datanodeUUID=12aca755-ada5-42df-801b-c61f99d8e8b8, command=[]} | ret=SUCCESS |  
2019-08-21 19:24:06,973 | INFO  | SCMAudit | user=jenkins1000 | ip=192.168.69.88 | op=SEND_HEARTBEAT {datanodeUUID=a308b8bf-0324-43a1-a87f-1e10a96e3042, command=[]} | ret=SUCCESS |  
2019-08-21 19:24:06,975 | INFO  | DNAudit | user=null | ip=null | op=WRITE_CHUNK {blockData=conID: 3 locID: 102656602732233197 bcsId: 0} | ret=SUCCESS |  
2019-08-21 19:24:06,975 | INFO  | DNAudit | user=null | ip=null | op=WRITE_CHUNK {blockData=conID: 3 locID: 102656602732233197 bcsId: 0} | ret=SUCCESS |  
2019-08-21 19:24:06,976 | INFO  | DNAudit | user=null | ip=null | op=WRITE_CHUNK {blockData=conID: 3 locID: 102656602732233197 bcsId: 0} | ret=SUCCESS |  
2019-08-21 19:24:06,978 | INFO  | DNAudit | user=null | ip=null | op=WRITE_CHUNK {blockData=conID: 3 locID: 102656602732233197 bcsId: 0} | ret=SUCCESS |  
2019-08-21 19:24:06,979 | INFO  | DNAudit | user=null | ip=null | op=WRITE_CHUNK {blockData=conID: 3 locID: 102656602732233197 bcsId: 0} | ret=SUCCESS |  
2019-08-21 19:24:06,981 | INFO  | DNAudit | user=null | ip=null | op=WRITE_CHUNK {blockData=conID: 3 locID: 102656602732233197 bcsId: 0} | ret=SUCCESS |  
2019-08-21 19:24:06,982 | INFO  | DNAudit | user=null | ip=null | op=PUT_BLOCK {blockData=[blockId=conID: 3 locID: 102656602732233197 bcsId: 0,size=1048576]} | ret=SUCCESS |  
2019-08-21 19:24:06,982 [grpc-default-executor-5] INFO  client.GrpcClientProtocolClient (GrpcClientProtocolClient.java:onNext(255)) - client-DA9582518C67->1df8bd03-73ef-4b9c-8622-5dc9d0e29c31: receive RaftClientReply:client-DA9582518C67->1df8bd03-73ef-4b9c-8622-5dc9d0e29c31@group-F45402591F47, cid=1498, SUCCESS, logIndex=2100, commits[1df8bd03-73ef-4b9c-8622-5dc9d0e29c31:c2101, 12aca755-ada5-42df-801b-c61f99d8e8b8:c2099, a308b8bf-0324-43a1-a87f-1e10a96e3042:c2099]
2019-08-21 19:24:06,982 [grpc-default-executor-5] INFO  client.GrpcClientProtocolClient (GrpcClientProtocolClient.java:onNext(255)) - client-DA9582518C67->1df8bd03-73ef-4b9c-8622-5dc9d0e29c31: receive RaftClientReply:client-DA9582518C67->1df8bd03-73ef-4b9c-8622-5dc9d0e29c31@group-F45402591F47, cid=1499, SUCCESS, logIndex=2101, commits[1df8bd03-73ef-4b9c-8622-5dc9d0e29c31:c2101, 12aca755-ada5-42df-801b-c61f99d8e8b8:c2099, a308b8bf-0324-43a1-a87f-1e10a96e3042:c2099]
2019-08-21 19:24:06,984 | INFO  | DNAudit | user=null | ip=null | op=WRITE_CHUNK {blockData=conID: 3 locID: 102656602732233197 bcsId: 0} | ret=SUCCESS |  
2019-08-21 19:24:06,984 | INFO  | DNAudit | user=null | ip=null | op=PUT_BLOCK {blockData=[blockId=conID: 3 locID: 102656602732233197 bcsId: 0,size=2097152]} | ret=SUCCESS |  
2019-08-21 19:24:06,984 [grpc-default-executor-5] INFO  client.GrpcClientProtocolClient (GrpcClientProtocolClient.java:onNext(255)) - client-DA9582518C67->1df8bd03-73ef-4b9c-8622-5dc9d0e29c31: receive RaftClientReply:client-DA9582518C67->1df8bd03-73ef-4b9c-8622-5dc9d0e29c31@group-F45402591F47, cid=1500, SUCCESS, logIndex=2102, commits[1df8bd03-73ef-4b9c-8622-5dc9d0e29c31:c2102, 12aca755-ada5-42df-801b-c61f99d8e8b8:c2099, a308b8bf-0324-43a1-a87f-1e10a96e3042:c2099]
2019-08-21 19:24:06,985 [grpc-default-executor-5] INFO  client.GrpcClientProtocolClient (GrpcClientProtocolClient.java:onNext(255)) - client-DA9582518C67->1df8bd03-73ef-4b9c-8622-5dc9d0e29c31: receive RaftClientReply:client-DA9582518C67->1df8bd03-73ef-4b9c-8622-5dc9d0e29c31@group-F45402591F47, cid=1501, SUCCESS, logIndex=2103, commits[1df8bd03-73ef-4b9c-8622-5dc9d0e29c31:c2103, 12aca755-ada5-42df-801b-c61f99d8e8b8:c2099, a308b8bf-0324-43a1-a87f-1e10a96e3042:c2099]
2019-08-21 19:24:06,996 | INFO  | DNAudit | user=null | ip=null | op=WRITE_CHUNK {blockData=conID: 3 locID: 102656602732233197 bcsId: 0} | ret=SUCCESS |  
2019-08-21 19:24:06,996 | INFO  | DNAudit | user=null | ip=null | op=WRITE_CHUNK {blockData=conID: 3 locID: 102656602732233197 bcsId: 0} | ret=SUCCESS |  
2019-08-21 19:24:06,996 | INFO  | DNAudit | user=null | ip=null | op=PUT_BLOCK {blockData=[blockId=conID: 3 locID: 102656602732233197 bcsId: 0,size=1048576]} | ret=SUCCESS |  
2019-08-21 19:24:06,996 | INFO  | DNAudit | user=null | ip=null | op=PUT_BLOCK {blockData=[blockId=conID: 3 locID: 102656602732233197 bcsId: 0,size=1048576]} | ret=SUCCESS |  
2019-08-21 19:24:06,996 | INFO  | DNAudit | user=null | ip=null | op=WRITE_CHUNK {blockData=conID: 3 locID: 102656602732233197 bcsId: 0} | ret=SUCCESS |  
2019-08-21 19:24:06,996 [grpc-default-executor-4] INFO  client.GrpcClientProtocolClient (GrpcClientProtocolClient.java:onNext(255)) - client-DA9582518C67->1df8bd03-73ef-4b9c-8622-5dc9d0e29c31: receive RaftClientReply:client-DA9582518C67->1df8bd03-73ef-4b9c-8622-5dc9d0e29c31@group-F45402591F47, cid=1502, SUCCESS, logIndex=0, commits[1df8bd03-73ef-4b9c-8622-5dc9d0e29c31:c2103, 12aca755-ada5-42df-801b-c61f99d8e8b8:c2101, a308b8bf-0324-43a1-a87f-1e10a96e3042:c2101]
2019-08-21 19:24:06,997 | INFO  | DNAudit | user=null | ip=null | op=WRITE_CHUNK {blockData=conID: 3 locID: 102656602732233197 bcsId: 0} | ret=SUCCESS |  
2019-08-21 19:24:06,997 | INFO  | DNAudit | user=null | ip=null | op=PUT_BLOCK {blockData=[blockId=conID: 3 locID: 102656602732233197 bcsId: 0,size=2097152]} | ret=SUCCESS |  
2019-08-21 19:24:06,998 | INFO  | DNAudit | user=null | ip=null | op=PUT_BLOCK {blockData=[blockId=conID: 3 locID: 102656602732233197 bcsId: 0,size=2097152]} | ret=SUCCESS |  
2019-08-21 19:24:07,001 | INFO  | DNAudit | user=null | ip=null | op=WRITE_CHUNK {blockData=conID: 3 locID: 102656602732233197 bcsId: 2103} | ret=SUCCESS |  
2019-08-21 19:24:07,005 | INFO  | DNAudit | user=null | ip=null | op=WRITE_CHUNK {blockData=conID: 3 locID: 102656602732233197 bcsId: 2103} | ret=SUCCESS |  
2019-08-21 19:24:07,005 | INFO  | DNAudit | user=null | ip=null | op=WRITE_CHUNK {blockData=conID: 3 locID: 102656602732233197 bcsId: 2103} | ret=SUCCESS |  
2019-08-21 19:24:07,010 | INFO  | DNAudit | user=null | ip=null | op=WRITE_CHUNK {blockData=conID: 3 locID: 102656602732233197 bcsId: 2103} | ret=SUCCESS |  
2019-08-21 19:24:07,010 | INFO  | DNAudit | user=null | ip=null | op=PUT_BLOCK {blockData=[blockId=conID: 3 locID: 102656602732233197 bcsId: 0,size=3145728]} | ret=SUCCESS |  
2019-08-21 19:24:07,010 [grpc-default-executor-5] INFO  client.GrpcClientProtocolClient (GrpcClientProtocolClient.java:onNext(255)) - client-DA9582518C67->1df8bd03-73ef-4b9c-8622-5dc9d0e29c31: receive RaftClientReply:client-DA9582518C67->1df8bd03-73ef-4b9c-8622-5dc9d0e29c31@group-F45402591F47, cid=1503, SUCCESS, logIndex=2108, commits[1df8bd03-73ef-4b9c-8622-5dc9d0e29c31:c2109, 12aca755-ada5-42df-801b-c61f99d8e8b8:c2107, a308b8bf-0324-43a1-a87f-1e10a96e3042:c2107]
2019-08-21 19:24:07,011 [grpc-default-executor-5] INFO  client.GrpcClientProtocolClient (GrpcClientProtocolClient.java:onNext(255)) - client-DA9582518C67->1df8bd03-73ef-4b9c-8622-5dc9d0e29c31: receive RaftClientReply:client-DA9582518C67->1df8bd03-73ef-4b9c-8622-5dc9d0e29c31@group-F45402591F47, cid=1504, SUCCESS, logIndex=2109, commits[1df8bd03-73ef-4b9c-8622-5dc9d0e29c31:c2109, 12aca755-ada5-42df-801b-c61f99d8e8b8:c2107, a308b8bf-0324-43a1-a87f-1e10a96e3042:c2107]
2019-08-21 19:24:07,013 | INFO  | DNAudit | user=null | ip=null | op=WRITE_CHUNK {blockData=conID: 3 locID: 102656602732233197 bcsId: 2103} | ret=SUCCESS |  
2019-08-21 19:24:07,013 | INFO  | DNAudit | user=null | ip=null | op=WRITE_CHUNK {blockData=conID: 3 locID: 102656602732233197 bcsId: 2103} | ret=SUCCESS |  
2019-08-21 19:24:07,013 | INFO  | DNAudit | user=null | ip=null | op=PUT_BLOCK {blockData=[blockId=conID: 3 locID: 102656602732233197 bcsId: 0,size=3145728]} | ret=SUCCESS |  
2019-08-21 19:24:07,013 | INFO  | DNAudit | user=null | ip=null | op=PUT_BLOCK {blockData=[blockId=conID: 3 locID: 102656602732233197 bcsId: 0,size=3145728]} | ret=SUCCESS |  
2019-08-21 19:24:07,016 | INFO  | DNAudit | user=null | ip=null | op=WRITE_CHUNK {blockData=conID: 3 locID: 102656602732233197 bcsId: 2109} | ret=SUCCESS |  
2019-08-21 19:24:07,018 | INFO  | DNAudit | user=null | ip=null | op=WRITE_CHUNK {blockData=conID: 3 locID: 102656602732233197 bcsId: 2109} | ret=SUCCESS |  
2019-08-21 19:24:07,022 | INFO  | DNAudit | user=null | ip=null | op=WRITE_CHUNK {blockData=conID: 3 locID: 102656602732233197 bcsId: 2109} | ret=SUCCESS |  
2019-08-21 19:24:07,036 | INFO  | DNAudit | user=null | ip=null | op=WRITE_CHUNK {blockData=conID: 3 locID: 102656602732233197 bcsId: 2109} | ret=SUCCESS |  
2019-08-21 19:24:07,036 | INFO  | DNAudit | user=null | ip=null | op=PUT_BLOCK {blockData=[blockId=conID: 3 locID: 102656602732233197 bcsId: 0,size=4194304]} | ret=SUCCESS |  
2019-08-21 19:24:07,036 [grpc-default-executor-5] INFO  client.GrpcClientProtocolClient (GrpcClientProtocolClient.java:onNext(255)) - client-DA9582518C67->1df8bd03-73ef-4b9c-8622-5dc9d0e29c31: receive RaftClientReply:client-DA9582518C67->1df8bd03-73ef-4b9c-8622-5dc9d0e29c31@group-F45402591F47, cid=1505, SUCCESS, logIndex=2112, commits[1df8bd03-73ef-4b9c-8622-5dc9d0e29c31:c2113, 12aca755-ada5-42df-801b-c61f99d8e8b8:c2110, a308b8bf-0324-43a1-a87f-1e10a96e3042:c2110]
2019-08-21 19:24:07,037 [grpc-default-executor-5] INFO  client.GrpcClientProtocolClient (GrpcClientProtocolClient.java:onNext(255)) - client-DA9582518C67->1df8bd03-73ef-4b9c-8622-5dc9d0e29c31: receive RaftClientReply:client-DA9582518C67->1df8bd03-73ef-4b9c-8622-5dc9d0e29c31@group-F45402591F47, cid=1506, SUCCESS, logIndex=2113, commits[1df8bd03-73ef-4b9c-8622-5dc9d0e29c31:c2113, 12aca755-ada5-42df-801b-c61f99d8e8b8:c2110, a308b8bf-0324-43a1-a87f-1e10a96e3042:c2110]
2019-08-21 19:24:07,045 | INFO  | DNAudit | user=null | ip=null | op=WRITE_CHUNK {blockData=conID: 3 locID: 102656602732233197 bcsId: 2109} | ret=SUCCESS |  
2019-08-21 19:24:07,045 | INFO  | DNAudit | user=null | ip=null | op=WRITE_CHUNK {blockData=conID: 3 locID: 102656602732233197 bcsId: 2109} | ret=SUCCESS |  
2019-08-21 19:24:07,046 | INFO  | DNAudit | user=null | ip=null | op=PUT_BLOCK {blockData=[blockId=conID: 3 locID: 102656602732233197 bcsId: 0,size=4194304]} | ret=SUCCESS |  
2019-08-21 19:24:07,046 | INFO  | DNAudit | user=null | ip=null | op=PUT_BLOCK {blockData=[blockId=conID: 3 locID: 102656602732233197 bcsId: 0,size=4194304]} | ret=SUCCESS |  
2019-08-21 19:24:07,046 [grpc-default-executor-4] INFO  client.GrpcClientProtocolClient (GrpcClientProtocolClient.java:onNext(255)) - client-DA9582518C67->1df8bd03-73ef-4b9c-8622-5dc9d0e29c31: receive RaftClientReply:client-DA9582518C67->1df8bd03-73ef-4b9c-8622-5dc9d0e29c31@group-F45402591F47, cid=1507, SUCCESS, logIndex=0, commits[1df8bd03-73ef-4b9c-8622-5dc9d0e29c31:c2113, 12aca755-ada5-42df-801b-c61f99d8e8b8:c2113, a308b8bf-0324-43a1-a87f-1e10a96e3042:c2113]
2019-08-21 19:24:07,049 | INFO  | SCMAudit | user=jenkins1000 | ip=192.168.69.88 | op=ALLOCATE_BLOCK {owner=a4b1d482-4fe6-4e71-84a6-a95f4ce3f696, size=4194304, type=RATIS, factor=THREE} | ret=SUCCESS |  
2019-08-21 19:24:07,051 | INFO  | OMAudit | user=jenkins1000 | ip=127.0.0.1 | op=ALLOCATE_BLOCK {volume=vol-0-90666, bucket=bucket-0-29336, key=key-0-94354, dataSize=0, replicationType=null, replicationFactor=null, keyLocationInfo=null, clientID=102656601977389458} | ret=SUCCESS |  
2019-08-21 19:24:07,057 | INFO  | DNAudit | user=null | ip=null | op=WRITE_CHUNK {blockData=conID: 1 locID: 102656602737803758 bcsId: 0} | ret=SUCCESS |  
2019-08-21 19:24:07,060 | INFO  | DNAudit | user=null | ip=null | op=WRITE_CHUNK {blockData=conID: 1 locID: 102656602737803758 bcsId: 0} | ret=SUCCESS |  
2019-08-21 19:24:07,061 | INFO  | DNAudit | user=null | ip=null | op=WRITE_CHUNK {blockData=conID: 1 locID: 102656602737803758 bcsId: 0} | ret=SUCCESS |  
2019-08-21 19:24:07,063 | INFO  | DNAudit | user=null | ip=null | op=WRITE_CHUNK {blockData=conID: 1 locID: 102656602737803758 bcsId: 0} | ret=SUCCESS |  
2019-08-21 19:24:07,063 | INFO  | DNAudit | user=null | ip=null | op=WRITE_CHUNK {blockData=conID: 1 locID: 102656602737803758 bcsId: 0} | ret=SUCCESS |  
2019-08-21 19:24:07,063 | INFO  | DNAudit | user=null | ip=null | op=WRITE_CHUNK {blockData=conID: 1 locID: 102656602737803758 bcsId: 0} | ret=SUCCESS |  
2019-08-21 19:24:07,103 | INFO  | DNAudit | user=null | ip=null | op=WRITE_CHUNK {blockData=conID: 1 locID: 102656602737803758 bcsId: 0} | ret=SUCCESS |  
2019-08-21 19:24:07,103 | INFO  | DNAudit | user=null | ip=null | op=PUT_BLOCK {blockData=[blockId=conID: 1 locID: 102656602737803758 bcsId: 0,size=1048576]} | ret=SUCCESS |  
2019-08-21 19:24:07,103 [grpc-default-executor-0] INFO  client.GrpcClientProtocolClient (GrpcClientProtocolClient.java:onNext(255)) - client-DA9582518C67->1df8bd03-73ef-4b9c-8622-5dc9d0e29c31: receive RaftClientReply:client-DA9582518C67->1df8bd03-73ef-4b9c-8622-5dc9d0e29c31@group-F45402591F47, cid=1508, SUCCESS, logIndex=2116, commits[1df8bd03-73ef-4b9c-8622-5dc9d0e29c31:c2117, 12aca755-ada5-42df-801b-c61f99d8e8b8:c2115, a308b8bf-0324-43a1-a87f-1e10a96e3042:c2115]
2019-08-21 19:24:07,104 [grpc-default-executor-0] INFO  client.GrpcClientProtocolClient (GrpcClientProtocolClient.java:onNext(255)) - client-DA9582518C67->1df8bd03-73ef-4b9c-8622-5dc9d0e29c31: receive RaftClientReply:client-DA9582518C67->1df8bd03-73ef-4b9c-8622-5dc9d0e29c31@group-F45402591F47, cid=1509, SUCCESS, logIndex=2117, commits[1df8bd03-73ef-4b9c-8622-5dc9d0e29c31:c2117, 12aca755-ada5-42df-801b-c61f99d8e8b8:c2115, a308b8bf-0324-43a1-a87f-1e10a96e3042:c2115]
2019-08-21 19:24:07,104 | INFO  | DNAudit | user=null | ip=null | op=WRITE_CHUNK {blockData=conID: 1 locID: 102656602737803758 bcsId: 0} | ret=SUCCESS |  
2019-08-21 19:24:07,104 | INFO  | DNAudit | user=null | ip=null | op=WRITE_CHUNK {blockData=conID: 1 locID: 102656602737803758 bcsId: 0} | ret=SUCCESS |  
2019-08-21 19:24:07,104 | INFO  | DNAudit | user=null | ip=null | op=PUT_BLOCK {blockData=[blockId=conID: 1 locID: 102656602737803758 bcsId: 0,size=2097152]} | ret=SUCCESS |  
2019-08-21 19:24:07,104 | INFO  | DNAudit | user=null | ip=null | op=WRITE_CHUNK {blockData=conID: 1 locID: 102656602737803758 bcsId: 0} | ret=SUCCESS |  
2019-08-21 19:24:07,105 [grpc-default-executor-0] INFO  client.GrpcClientProtocolClient (GrpcClientProtocolClient.java:onNext(255)) - client-DA9582518C67->1df8bd03-73ef-4b9c-8622-5dc9d0e29c31: receive RaftClientReply:client-DA9582518C67->1df8bd03-73ef-4b9c-8622-5dc9d0e29c31@group-F45402591F47, cid=1510, SUCCESS, logIndex=2118, commits[1df8bd03-73ef-4b9c-8622-5dc9d0e29c31:c2119, 12aca755-ada5-42df-801b-c61f99d8e8b8:c2115, a308b8bf-0324-43a1-a87f-1e10a96e3042:c2115]
2019-08-21 19:24:07,105 [grpc-default-executor-0] INFO  client.GrpcClientProtocolClient (GrpcClientProtocolClient.java:onNext(255)) - client-DA9582518C67->1df8bd03-73ef-4b9c-8622-5dc9d0e29c31: receive RaftClientReply:client-DA9582518C67->1df8bd03-73ef-4b9c-8622-5dc9d0e29c31@group-F45402591F47, cid=1511, SUCCESS, logIndex=2119, commits[1df8bd03-73ef-4b9c-8622-5dc9d0e29c31:c2119, 12aca755-ada5-42df-801b-c61f99d8e8b8:c2116, a308b8bf-0324-43a1-a87f-1e10a96e3042:c2116]
2019-08-21 19:24:07,107 | INFO  | DNAudit | user=null | ip=null | op=PUT_BLOCK {blockData=[blockId=conID: 1 locID: 102656602737803758 bcsId: 0,size=1048576]} | ret=SUCCESS |  
2019-08-21 19:24:07,118 | INFO  | DNAudit | user=null | ip=null | op=PUT_BLOCK {blockData=[blockId=conID: 1 locID: 102656602737803758 bcsId: 0,size=1048576]} | ret=SUCCESS |  
2019-08-21 19:24:07,119 [grpc-default-executor-0] INFO  client.GrpcClientProtocolClient (GrpcClientProtocolClient.java:onNext(255)) - client-DA9582518C67->1df8bd03-73ef-4b9c-8622-5dc9d0e29c31: receive RaftClientReply:client-DA9582518C67->1df8bd03-73ef-4b9c-8622-5dc9d0e29c31@group-F45402591F47, cid=1512, SUCCESS, logIndex=0, commits[1df8bd03-73ef-4b9c-8622-5dc9d0e29c31:c2123, 12aca755-ada5-42df-801b-c61f99d8e8b8:c2117, a308b8bf-0324-43a1-a87f-1e10a96e3042:c2117]
2019-08-21 19:24:07,125 | INFO  | DNAudit | user=null | ip=null | op=WRITE_CHUNK {blockData=conID: 1 locID: 102656602737803758 bcsId: 2119} | ret=SUCCESS |  
2019-08-21 19:24:07,127 | INFO  | DNAudit | user=null | ip=null | op=WRITE_CHUNK {blockData=conID: 1 locID: 102656602737803758 bcsId: 2119} | ret=SUCCESS |  
2019-08-21 19:24:07,127 | INFO  | DNAudit | user=null | ip=null | op=WRITE_CHUNK {blockData=conID: 1 locID: 102656602737803758 bcsId: 2119} | ret=SUCCESS |  
2019-08-21 19:24:07,136 | INFO  | DNAudit | user=null | ip=null | op=WRITE_CHUNK {blockData=conID: 1 locID: 102656602737803758 bcsId: 0} | ret=SUCCESS |  
2019-08-21 19:24:07,136 | INFO  | DNAudit | user=null | ip=null | op=WRITE_CHUNK {blockData=conID: 1 locID: 102656602737803758 bcsId: 0} | ret=SUCCESS |  
2019-08-21 19:24:07,136 | INFO  | DNAudit | user=null | ip=null | op=WRITE_CHUNK {blockData=conID: 1 locID: 102656602737803758 bcsId: 2119} | ret=SUCCESS |  
2019-08-21 19:24:07,136 | INFO  | DNAudit | user=null | ip=null | op=PUT_BLOCK {blockData=[blockId=conID: 1 locID: 102656602737803758 bcsId: 0,size=2097152]} | ret=SUCCESS |  
2019-08-21 19:24:07,136 | INFO  | DNAudit | user=null | ip=null | op=PUT_BLOCK {blockData=[blockId=conID: 1 locID: 102656602737803758 bcsId: 0,size=2097152]} | ret=SUCCESS |  
2019-08-21 19:24:07,137 [grpc-default-executor-5] INFO  client.GrpcClientProtocolClient (GrpcClientProtocolClient.java:onNext(255)) - client-DA9582518C67->1df8bd03-73ef-4b9c-8622-5dc9d0e29c31: receive RaftClientReply:client-DA9582518C67->1df8bd03-73ef-4b9c-8622-5dc9d0e29c31@group-F45402591F47, cid=1513, SUCCESS, logIndex=2124, commits[1df8bd03-73ef-4b9c-8622-5dc9d0e29c31:c2125, 12aca755-ada5-42df-801b-c61f99d8e8b8:c2123, a308b8bf-0324-43a1-a87f-1e10a96e3042:c2123]
2019-08-21 19:24:07,136 | INFO  | DNAudit | user=null | ip=null | op=PUT_BLOCK {blockData=[blockId=conID: 1 locID: 102656602737803758 bcsId: 0,size=3145728]} | ret=SUCCESS |  
2019-08-21 19:24:07,137 [grpc-default-executor-5] INFO  client.GrpcClientProtocolClient (GrpcClientProtocolClient.java:onNext(255)) - client-DA9582518C67->1df8bd03-73ef-4b9c-8622-5dc9d0e29c31: receive RaftClientReply:client-DA9582518C67->1df8bd03-73ef-4b9c-8622-5dc9d0e29c31@group-F45402591F47, cid=1514, SUCCESS, logIndex=2125, commits[1df8bd03-73ef-4b9c-8622-5dc9d0e29c31:c2125, 12aca755-ada5-42df-801b-c61f99d8e8b8:c2123, a308b8bf-0324-43a1-a87f-1e10a96e3042:c2123]
2019-08-21 19:24:07,143 | INFO  | DNAudit | user=null | ip=null | op=WRITE_CHUNK {blockData=conID: 1 locID: 102656602737803758 bcsId: 2125} | ret=SUCCESS |  
2019-08-21 19:24:07,146 | INFO  | DNAudit | user=null | ip=null | op=WRITE_CHUNK {blockData=conID: 1 locID: 102656602737803758 bcsId: 2125} | ret=SUCCESS |  
2019-08-21 19:24:07,146 | INFO  | DNAudit | user=null | ip=null | op=WRITE_CHUNK {blockData=conID: 1 locID: 102656602737803758 bcsId: 2125} | ret=SUCCESS |  
2019-08-21 19:24:07,148 | INFO  | DNAudit | user=null | ip=null | op=WRITE_CHUNK {blockData=conID: 1 locID: 102656602737803758 bcsId: 2119} | ret=SUCCESS |  
2019-08-21 19:24:07,148 | INFO  | DNAudit | user=null | ip=null | op=WRITE_CHUNK {blockData=conID: 1 locID: 102656602737803758 bcsId: 2119} | ret=SUCCESS |  
2019-08-21 19:24:07,148 | INFO  | DNAudit | user=null | ip=null | op=PUT_BLOCK {blockData=[blockId=conID: 1 locID: 102656602737803758 bcsId: 0,size=3145728]} | ret=SUCCESS |  
2019-08-21 19:24:07,148 | INFO  | DNAudit | user=null | ip=null | op=PUT_BLOCK {blockData=[blockId=conID: 1 locID: 102656602737803758 bcsId: 0,size=3145728]} | ret=SUCCESS |  
2019-08-21 19:24:07,151 | INFO  | DNAudit | user=null | ip=null | op=WRITE_CHUNK {blockData=conID: 1 locID: 102656602737803758 bcsId: 2125} | ret=SUCCESS |  
2019-08-21 19:24:07,151 | INFO  | DNAudit | user=null | ip=null | op=PUT_BLOCK {blockData=[blockId=conID: 1 locID: 102656602737803758 bcsId: 0,size=4194304]} | ret=SUCCESS |  
2019-08-21 19:24:07,151 [grpc-default-executor-5] INFO  client.GrpcClientProtocolClient (GrpcClientProtocolClient.java:onNext(255)) - client-DA9582518C67->1df8bd03-73ef-4b9c-8622-5dc9d0e29c31: receive RaftClientReply:client-DA9582518C67->1df8bd03-73ef-4b9c-8622-5dc9d0e29c31@group-F45402591F47, cid=1515, SUCCESS, logIndex=2128, commits[1df8bd03-73ef-4b9c-8622-5dc9d0e29c31:c2129, 12aca755-ada5-42df-801b-c61f99d8e8b8:c2125, a308b8bf-0324-43a1-a87f-1e10a96e3042:c2125]
2019-08-21 19:24:07,152 [grpc-default-executor-5] INFO  client.GrpcClientProtocolClient (GrpcClientProtocolClient.java:onNext(255)) - client-DA9582518C67->1df8bd03-73ef-4b9c-8622-5dc9d0e29c31: receive RaftClientReply:client-DA9582518C67->1df8bd03-73ef-4b9c-8622-5dc9d0e29c31@group-F45402591F47, cid=1516, SUCCESS, logIndex=2129, commits[1df8bd03-73ef-4b9c-8622-5dc9d0e29c31:c2129, 12aca755-ada5-42df-801b-c61f99d8e8b8:c2125, a308b8bf-0324-43a1-a87f-1e10a96e3042:c2125]
2019-08-21 19:24:07,162 | INFO  | DNAudit | user=null | ip=null | op=WRITE_CHUNK {blockData=conID: 1 locID: 102656602737803758 bcsId: 2125} | ret=SUCCESS |  
2019-08-21 19:24:07,162 | INFO  | DNAudit | user=null | ip=null | op=WRITE_CHUNK {blockData=conID: 1 locID: 102656602737803758 bcsId: 2125} | ret=SUCCESS |  
2019-08-21 19:24:07,162 | INFO  | DNAudit | user=null | ip=null | op=PUT_BLOCK {blockData=[blockId=conID: 1 locID: 102656602737803758 bcsId: 0,size=4194304]} | ret=SUCCESS |  
2019-08-21 19:24:07,162 | INFO  | DNAudit | user=null | ip=null | op=PUT_BLOCK {blockData=[blockId=conID: 1 locID: 102656602737803758 bcsId: 0,size=4194304]} | ret=SUCCESS |  
2019-08-21 19:24:07,163 [grpc-default-executor-0] INFO  client.GrpcClientProtocolClient (GrpcClientProtocolClient.java:onNext(255)) - client-DA9582518C67->1df8bd03-73ef-4b9c-8622-5dc9d0e29c31: receive RaftClientReply:client-DA9582518C67->1df8bd03-73ef-4b9c-8622-5dc9d0e29c31@group-F45402591F47, cid=1517, SUCCESS, logIndex=0, commits[1df8bd03-73ef-4b9c-8622-5dc9d0e29c31:c2130, 12aca755-ada5-42df-801b-c61f99d8e8b8:c2129, a308b8bf-0324-43a1-a87f-1e10a96e3042:c2129]
2019-08-21 19:24:07,167 | INFO  | SCMAudit | user=jenkins1000 | ip=192.168.69.88 | op=ALLOCATE_BLOCK {owner=a4b1d482-4fe6-4e71-84a6-a95f4ce3f696, size=4194304, type=RATIS, factor=THREE} | ret=SUCCESS |  
2019-08-21 19:24:07,170 | INFO  | OMAudit | user=jenkins1000 | ip=127.0.0.1 | op=ALLOCATE_BLOCK {volume=vol-0-90666, bucket=bucket-0-29336, key=key-0-94354, dataSize=0, replicationType=null, replicationFactor=null, keyLocationInfo=null, clientID=102656601977389458} | ret=SUCCESS |  
2019-08-21 19:24:07,177 | INFO  | DNAudit | user=null | ip=null | op=WRITE_CHUNK {blockData=conID: 2 locID: 102656602745537007 bcsId: 0} | ret=SUCCESS |  
2019-08-21 19:24:07,180 | INFO  | DNAudit | user=null | ip=null | op=WRITE_CHUNK {blockData=conID: 2 locID: 102656602745537007 bcsId: 0} | ret=SUCCESS |  
2019-08-21 19:24:07,180 | INFO  | DNAudit | user=null | ip=null | op=WRITE_CHUNK {blockData=conID: 2 locID: 102656602745537007 bcsId: 0} | ret=SUCCESS |  
2019-08-21 19:24:07,180 | INFO  | DNAudit | user=null | ip=null | op=WRITE_CHUNK {blockData=conID: 2 locID: 102656602745537007 bcsId: 0} | ret=SUCCESS |  
2019-08-21 19:24:07,183 | INFO  | DNAudit | user=null | ip=null | op=WRITE_CHUNK {blockData=conID: 2 locID: 102656602745537007 bcsId: 0} | ret=SUCCESS |  
2019-08-21 19:24:07,183 | INFO  | DNAudit | user=null | ip=null | op=WRITE_CHUNK {blockData=conID: 2 locID: 102656602745537007 bcsId: 0} | ret=SUCCESS |  
2019-08-21 19:24:07,188 | INFO  | DNAudit | user=null | ip=null | op=WRITE_CHUNK {blockData=conID: 2 locID: 102656602745537007 bcsId: 0} | ret=SUCCESS |  
2019-08-21 19:24:07,189 | INFO  | DNAudit | user=null | ip=null | op=PUT_BLOCK {blockData=[blockId=conID: 2 locID: 102656602745537007 bcsId: 0,size=1048576]} | ret=SUCCESS |  
2019-08-21 19:24:07,189 [grpc-default-executor-0] INFO  client.GrpcClientProtocolClient (GrpcClientProtocolClient.java:onNext(255)) - client-DA9582518C67->1df8bd03-73ef-4b9c-8622-5dc9d0e29c31: receive RaftClientReply:client-DA9582518C67->1df8bd03-73ef-4b9c-8622-5dc9d0e29c31@group-F45402591F47, cid=1518, SUCCESS, logIndex=2132, commits[1df8bd03-73ef-4b9c-8622-5dc9d0e29c31:c2133, 12aca755-ada5-42df-801b-c61f99d8e8b8:c2131, a308b8bf-0324-43a1-a87f-1e10a96e3042:c2131]
2019-08-21 19:24:07,189 [grpc-default-executor-0] INFO  client.GrpcClientProtocolClient (GrpcClientProtocolClient.java:onNext(255)) - client-DA9582518C67->1df8bd03-73ef-4b9c-8622-5dc9d0e29c31: receive RaftClientReply:client-DA9582518C67->1df8bd03-73ef-4b9c-8622-5dc9d0e29c31@group-F45402591F47, cid=1519, SUCCESS, logIndex=2133, commits[1df8bd03-73ef-4b9c-8622-5dc9d0e29c31:c2133, 12aca755-ada5-42df-801b-c61f99d8e8b8:c2131, a308b8bf-0324-43a1-a87f-1e10a96e3042:c2131]
2019-08-21 19:24:07,191 | INFO  | SCMAudit | user=jenkins1000 | ip=192.168.69.88 | op=SEND_HEARTBEAT {datanodeUUID=cfaf9666-ca64-459e-bd34-ff7c349f752a, command=[]} | ret=SUCCESS |  
2019-08-21 19:24:07,205 | INFO  | DNAudit | user=null | ip=null | op=WRITE_CHUNK {blockData=conID: 2 locID: 102656602745537007 bcsId: 0} | ret=SUCCESS |  
2019-08-21 19:24:07,206 | INFO  | DNAudit | user=null | ip=null | op=WRITE_CHUNK {blockData=conID: 2 locID: 102656602745537007 bcsId: 0} | ret=SUCCESS |  
2019-08-21 19:24:07,206 | INFO  | DNAudit | user=null | ip=null | op=PUT_BLOCK {blockData=[blockId=conID: 2 locID: 102656602745537007 bcsId: 0,size=1048576]} | ret=SUCCESS |  
2019-08-21 19:24:07,206 | INFO  | DNAudit | user=null | ip=null | op=PUT_BLOCK {blockData=[blockId=conID: 2 locID: 102656602745537007 bcsId: 0,size=2097152]} | ret=SUCCESS |  
2019-08-21 19:24:07,206 [grpc-default-executor-5] INFO  client.GrpcClientProtocolClient (GrpcClientProtocolClient.java:onNext(255)) - client-DA9582518C67->1df8bd03-73ef-4b9c-8622-5dc9d0e29c31: receive RaftClientReply:client-DA9582518C67->1df8bd03-73ef-4b9c-8622-5dc9d0e29c31@group-F45402591F47, cid=1520, SUCCESS, logIndex=2134, commits[1df8bd03-73ef-4b9c-8622-5dc9d0e29c31:c2136, 12aca755-ada5-42df-801b-c61f99d8e8b8:c2132, a308b8bf-0324-43a1-a87f-1e10a96e3042:c2131]
2019-08-21 19:24:07,206 [grpc-default-executor-5] INFO  client.GrpcClientProtocolClient (GrpcClientProtocolClient.java:onNext(255)) - client-DA9582518C67->1df8bd03-73ef-4b9c-8622-5dc9d0e29c31: receive RaftClientReply:client-DA9582518C67->1df8bd03-73ef-4b9c-8622-5dc9d0e29c31@group-F45402591F47, cid=1521, SUCCESS, logIndex=2135, commits[1df8bd03-73ef-4b9c-8622-5dc9d0e29c31:c2136, 12aca755-ada5-42df-801b-c61f99d8e8b8:c2133, a308b8bf-0324-43a1-a87f-1e10a96e3042:c2131]
2019-08-21 19:24:07,207 | INFO  | DNAudit | user=null | ip=null | op=WRITE_CHUNK {blockData=conID: 2 locID: 102656602745537007 bcsId: 0} | ret=SUCCESS |  
2019-08-21 19:24:07,208 | INFO  | DNAudit | user=null | ip=null | op=PUT_BLOCK {blockData=[blockId=conID: 2 locID: 102656602745537007 bcsId: 0,size=1048576]} | ret=SUCCESS |  
2019-08-21 19:24:07,208 [grpc-default-executor-5] INFO  client.GrpcClientProtocolClient (GrpcClientProtocolClient.java:onNext(255)) - client-DA9582518C67->1df8bd03-73ef-4b9c-8622-5dc9d0e29c31: receive RaftClientReply:client-DA9582518C67->1df8bd03-73ef-4b9c-8622-5dc9d0e29c31@group-F45402591F47, cid=1522, SUCCESS, logIndex=0, commits[1df8bd03-73ef-4b9c-8622-5dc9d0e29c31:c2137, 12aca755-ada5-42df-801b-c61f99d8e8b8:c2133, a308b8bf-0324-43a1-a87f-1e10a96e3042:c2133]
2019-08-21 19:24:07,214 | INFO  | DNAudit | user=null | ip=null | op=WRITE_CHUNK {blockData=conID: 2 locID: 102656602745537007 bcsId: 2135} | ret=SUCCESS |  
2019-08-21 19:24:07,216 | INFO  | DNAudit | user=null | ip=null | op=WRITE_CHUNK {blockData=conID: 2 locID: 102656602745537007 bcsId: 2135} | ret=SUCCESS |  
2019-08-21 19:24:07,217 | INFO  | DNAudit | user=null | ip=null | op=WRITE_CHUNK {blockData=conID: 2 locID: 102656602745537007 bcsId: 2135} | ret=SUCCESS |  
2019-08-21 19:24:07,219 | INFO  | DNAudit | user=null | ip=null | op=WRITE_CHUNK {blockData=conID: 2 locID: 102656602745537007 bcsId: 0} | ret=SUCCESS |  
2019-08-21 19:24:07,219 | INFO  | DNAudit | user=null | ip=null | op=PUT_BLOCK {blockData=[blockId=conID: 2 locID: 102656602745537007 bcsId: 0,size=2097152]} | ret=SUCCESS |  
2019-08-21 19:24:07,219 | INFO  | DNAudit | user=null | ip=null | op=WRITE_CHUNK {blockData=conID: 2 locID: 102656602745537007 bcsId: 0} | ret=SUCCESS |  
2019-08-21 19:24:07,219 | INFO  | DNAudit | user=null | ip=null | op=PUT_BLOCK {blockData=[blockId=conID: 2 locID: 102656602745537007 bcsId: 0,size=2097152]} | ret=SUCCESS |  
2019-08-21 19:24:07,220 | INFO  | DNAudit | user=null | ip=null | op=WRITE_CHUNK {blockData=conID: 2 locID: 102656602745537007 bcsId: 2135} | ret=SUCCESS |  
2019-08-21 19:24:07,220 | INFO  | DNAudit | user=null | ip=null | op=PUT_BLOCK {blockData=[blockId=conID: 2 locID: 102656602745537007 bcsId: 0,size=3145728]} | ret=SUCCESS |  
2019-08-21 19:24:07,221 [grpc-default-executor-0] INFO  client.GrpcClientProtocolClient (GrpcClientProtocolClient.java:onNext(255)) - client-DA9582518C67->1df8bd03-73ef-4b9c-8622-5dc9d0e29c31: receive RaftClientReply:client-DA9582518C67->1df8bd03-73ef-4b9c-8622-5dc9d0e29c31@group-F45402591F47, cid=1523, SUCCESS, logIndex=2140, commits[1df8bd03-73ef-4b9c-8622-5dc9d0e29c31:c2141, 12aca755-ada5-42df-801b-c61f99d8e8b8:c2137, a308b8bf-0324-43a1-a87f-1e10a96e3042:c2135]
2019-08-21 19:24:07,221 [grpc-default-executor-0] INFO  client.GrpcClientProtocolClient (GrpcClientProtocolClient.java:onNext(255)) - client-DA9582518C67->1df8bd03-73ef-4b9c-8622-5dc9d0e29c31: receive RaftClientReply:client-DA9582518C67->1df8bd03-73ef-4b9c-8622-5dc9d0e29c31@group-F45402591F47, cid=1524, SUCCESS, logIndex=2141, commits[1df8bd03-73ef-4b9c-8622-5dc9d0e29c31:c2141, 12aca755-ada5-42df-801b-c61f99d8e8b8:c2137, a308b8bf-0324-43a1-a87f-1e10a96e3042:c2135]
2019-08-21 19:24:07,227 | INFO  | DNAudit | user=null | ip=null | op=WRITE_CHUNK {blockData=conID: 2 locID: 102656602745537007 bcsId: 2141} | ret=SUCCESS |  
2019-08-21 19:24:07,229 | INFO  | DNAudit | user=null | ip=null | op=WRITE_CHUNK {blockData=conID: 2 locID: 102656602745537007 bcsId: 2141} | ret=SUCCESS |  
2019-08-21 19:24:07,230 | INFO  | DNAudit | user=null | ip=null | op=WRITE_CHUNK {blockData=conID: 2 locID: 102656602745537007 bcsId: 2141} | ret=SUCCESS |  
2019-08-21 19:24:07,230 | INFO  | DNAudit | user=null | ip=null | op=WRITE_CHUNK {blockData=conID: 2 locID: 102656602745537007 bcsId: 2135} | ret=SUCCESS |  
2019-08-21 19:24:07,231 | INFO  | DNAudit | user=null | ip=null | op=PUT_BLOCK {blockData=[blockId=conID: 2 locID: 102656602745537007 bcsId: 0,size=3145728]} | ret=SUCCESS |  
2019-08-21 19:24:07,242 | INFO  | DNAudit | user=null | ip=null | op=WRITE_CHUNK {blockData=conID: 2 locID: 102656602745537007 bcsId: 2135} | ret=SUCCESS |  
2019-08-21 19:24:07,242 | INFO  | DNAudit | user=null | ip=null | op=PUT_BLOCK {blockData=[blockId=conID: 2 locID: 102656602745537007 bcsId: 0,size=3145728]} | ret=SUCCESS |  
2019-08-21 19:24:07,243 | INFO  | DNAudit | user=null | ip=null | op=WRITE_CHUNK {blockData=conID: 2 locID: 102656602745537007 bcsId: 2141} | ret=SUCCESS |  
2019-08-21 19:24:07,243 | INFO  | DNAudit | user=null | ip=null | op=PUT_BLOCK {blockData=[blockId=conID: 2 locID: 102656602745537007 bcsId: 0,size=4194304]} | ret=SUCCESS |  
2019-08-21 19:24:07,243 [grpc-default-executor-0] INFO  client.GrpcClientProtocolClient (GrpcClientProtocolClient.java:onNext(255)) - client-DA9582518C67->1df8bd03-73ef-4b9c-8622-5dc9d0e29c31: receive RaftClientReply:client-DA9582518C67->1df8bd03-73ef-4b9c-8622-5dc9d0e29c31@group-F45402591F47, cid=1525, SUCCESS, logIndex=2143, commits[1df8bd03-73ef-4b9c-8622-5dc9d0e29c31:c2144, 12aca755-ada5-42df-801b-c61f99d8e8b8:c2141, a308b8bf-0324-43a1-a87f-1e10a96e3042:c2141]
2019-08-21 19:24:07,243 [grpc-default-executor-0] INFO  client.GrpcClientProtocolClient (GrpcClientProtocolClient.java:onNext(255)) - client-DA9582518C67->1df8bd03-73ef-4b9c-8622-5dc9d0e29c31: receive RaftClientReply:client-DA9582518C67->1df8bd03-73ef-4b9c-8622-5dc9d0e29c31@group-F45402591F47, cid=1526, SUCCESS, logIndex=2144, commits[1df8bd03-73ef-4b9c-8622-5dc9d0e29c31:c2144, 12aca755-ada5-42df-801b-c61f99d8e8b8:c2141, a308b8bf-0324-43a1-a87f-1e10a96e3042:c2141]
2019-08-21 19:24:07,244 | INFO  | DNAudit | user=null | ip=null | op=WRITE_CHUNK {blockData=conID: 2 locID: 102656602745537007 bcsId: 2141} | ret=SUCCESS |  
2019-08-21 19:24:07,244 | INFO  | DNAudit | user=null | ip=null | op=WRITE_CHUNK {blockData=conID: 2 locID: 102656602745537007 bcsId: 2141} | ret=SUCCESS |  
2019-08-21 19:24:07,244 | INFO  | DNAudit | user=null | ip=null | op=PUT_BLOCK {blockData=[blockId=conID: 2 locID: 102656602745537007 bcsId: 0,size=4194304]} | ret=SUCCESS |  
2019-08-21 19:24:07,244 | INFO  | DNAudit | user=null | ip=null | op=PUT_BLOCK {blockData=[blockId=conID: 2 locID: 102656602745537007 bcsId: 0,size=4194304]} | ret=SUCCESS |  
2019-08-21 19:24:07,245 [grpc-default-executor-4] INFO  client.GrpcClientProtocolClient (GrpcClientProtocolClient.java:onNext(255)) - client-DA9582518C67->1df8bd03-73ef-4b9c-8622-5dc9d0e29c31: receive RaftClientReply:client-DA9582518C67->1df8bd03-73ef-4b9c-8622-5dc9d0e29c31@group-F45402591F47, cid=1527, SUCCESS, logIndex=0, commits[1df8bd03-73ef-4b9c-8622-5dc9d0e29c31:c2145, 12aca755-ada5-42df-801b-c61f99d8e8b8:c2144, a308b8bf-0324-43a1-a87f-1e10a96e3042:c2144]
2019-08-21 19:24:07,248 | INFO  | SCMAudit | user=jenkins1000 | ip=192.168.69.88 | op=ALLOCATE_BLOCK {owner=a4b1d482-4fe6-4e71-84a6-a95f4ce3f696, size=4194304, type=RATIS, factor=THREE} | ret=SUCCESS |  
2019-08-21 19:24:07,250 | INFO  | OMAudit | user=jenkins1000 | ip=127.0.0.1 | op=ALLOCATE_BLOCK {volume=vol-0-90666, bucket=bucket-0-29336, key=key-0-94354, dataSize=0, replicationType=null, replicationFactor=null, keyLocationInfo=null, clientID=102656601977389458} | ret=SUCCESS |  
2019-08-21 19:24:07,256 | INFO  | DNAudit | user=null | ip=null | op=WRITE_CHUNK {blockData=conID: 3 locID: 102656602750845424 bcsId: 0} | ret=SUCCESS |  
2019-08-21 19:24:07,258 | INFO  | DNAudit | user=null | ip=null | op=WRITE_CHUNK {blockData=conID: 3 locID: 102656602750845424 bcsId: 0} | ret=SUCCESS |  
2019-08-21 19:24:07,259 | INFO  | DNAudit | user=null | ip=null | op=WRITE_CHUNK {blockData=conID: 3 locID: 102656602750845424 bcsId: 0} | ret=SUCCESS |  
2019-08-21 19:24:07,259 | INFO  | DNAudit | user=null | ip=null | op=WRITE_CHUNK {blockData=conID: 3 locID: 102656602750845424 bcsId: 0} | ret=SUCCESS |  
2019-08-21 19:24:07,261 | INFO  | DNAudit | user=null | ip=null | op=WRITE_CHUNK {blockData=conID: 3 locID: 102656602750845424 bcsId: 0} | ret=SUCCESS |  
2019-08-21 19:24:07,261 | INFO  | DNAudit | user=null | ip=null | op=WRITE_CHUNK {blockData=conID: 3 locID: 102656602750845424 bcsId: 0} | ret=SUCCESS |  
2019-08-21 19:24:07,270 | INFO  | DNAudit | user=null | ip=null | op=WRITE_CHUNK {blockData=conID: 3 locID: 102656602750845424 bcsId: 0} | ret=SUCCESS |  
2019-08-21 19:24:07,270 | INFO  | DNAudit | user=null | ip=null | op=PUT_BLOCK {blockData=[blockId=conID: 3 locID: 102656602750845424 bcsId: 0,size=1048576]} | ret=SUCCESS |  
2019-08-21 19:24:07,271 [grpc-default-executor-0] INFO  client.GrpcClientProtocolClient (GrpcClientProtocolClient.java:onNext(255)) - client-DA9582518C67->1df8bd03-73ef-4b9c-8622-5dc9d0e29c31: receive RaftClientReply:client-DA9582518C67->1df8bd03-73ef-4b9c-8622-5dc9d0e29c31@group-F45402591F47, cid=1528, SUCCESS, logIndex=2147, commits[1df8bd03-73ef-4b9c-8622-5dc9d0e29c31:c2148, 12aca755-ada5-42df-801b-c61f99d8e8b8:c2146, a308b8bf-0324-43a1-a87f-1e10a96e3042:c2146]
2019-08-21 19:24:07,271 [grpc-default-executor-0] INFO  client.GrpcClientProtocolClient (GrpcClientProtocolClient.java:onNext(255)) - client-DA9582518C67->1df8bd03-73ef-4b9c-8622-5dc9d0e29c31: receive RaftClientReply:client-DA9582518C67->1df8bd03-73ef-4b9c-8622-5dc9d0e29c31@group-F45402591F47, cid=1529, SUCCESS, logIndex=2148, commits[1df8bd03-73ef-4b9c-8622-5dc9d0e29c31:c2148, 12aca755-ada5-42df-801b-c61f99d8e8b8:c2146, a308b8bf-0324-43a1-a87f-1e10a96e3042:c2146]
2019-08-21 19:24:07,281 | INFO  | DNAudit | user=null | ip=null | op=WRITE_CHUNK {blockData=conID: 3 locID: 102656602750845424 bcsId: 0} | ret=SUCCESS |  
2019-08-21 19:24:07,282 | INFO  | DNAudit | user=null | ip=null | op=PUT_BLOCK {blockData=[blockId=conID: 3 locID: 102656602750845424 bcsId: 0,size=2097152]} | ret=SUCCESS |  
2019-08-21 19:24:07,282 [grpc-default-executor-0] INFO  client.GrpcClientProtocolClient (GrpcClientProtocolClient.java:onNext(255)) - client-DA9582518C67->1df8bd03-73ef-4b9c-8622-5dc9d0e29c31: receive RaftClientReply:client-DA9582518C67->1df8bd03-73ef-4b9c-8622-5dc9d0e29c31@group-F45402591F47, cid=1530, SUCCESS, logIndex=2149, commits[1df8bd03-73ef-4b9c-8622-5dc9d0e29c31:c2150, 12aca755-ada5-42df-801b-c61f99d8e8b8:c2146, a308b8bf-0324-43a1-a87f-1e10a96e3042:c2146]
2019-08-21 19:24:07,282 | INFO  | DNAudit | user=null | ip=null | op=WRITE_CHUNK {blockData=conID: 3 locID: 102656602750845424 bcsId: 0} | ret=SUCCESS |  
2019-08-21 19:24:07,282 [grpc-default-executor-0] INFO  client.GrpcClientProtocolClient (GrpcClientProtocolClient.java:onNext(255)) - client-DA9582518C67->1df8bd03-73ef-4b9c-8622-5dc9d0e29c31: receive RaftClientReply:client-DA9582518C67->1df8bd03-73ef-4b9c-8622-5dc9d0e29c31@group-F45402591F47, cid=1531, SUCCESS, logIndex=2150, commits[1df8bd03-73ef-4b9c-8622-5dc9d0e29c31:c2150, 12aca755-ada5-42df-801b-c61f99d8e8b8:c2146, a308b8bf-0324-43a1-a87f-1e10a96e3042:c2146]
2019-08-21 19:24:07,282 | INFO  | DNAudit | user=null | ip=null | op=PUT_BLOCK {blockData=[blockId=conID: 3 locID: 102656602750845424 bcsId: 0,size=1048576]} | ret=SUCCESS |  
2019-08-21 19:24:07,285 | INFO  | DNAudit | user=null | ip=null | op=WRITE_CHUNK {blockData=conID: 3 locID: 102656602750845424 bcsId: 0} | ret=SUCCESS |  
2019-08-21 19:24:07,285 | INFO  | DNAudit | user=null | ip=null | op=PUT_BLOCK {blockData=[blockId=conID: 3 locID: 102656602750845424 bcsId: 0,size=1048576]} | ret=SUCCESS |  
2019-08-21 19:24:07,285 [grpc-default-executor-0] INFO  client.GrpcClientProtocolClient (GrpcClientProtocolClient.java:onNext(255)) - client-DA9582518C67->1df8bd03-73ef-4b9c-8622-5dc9d0e29c31: receive RaftClientReply:client-DA9582518C67->1df8bd03-73ef-4b9c-8622-5dc9d0e29c31@group-F45402591F47, cid=1532, SUCCESS, logIndex=0, commits[1df8bd03-73ef-4b9c-8622-5dc9d0e29c31:c2152, 12aca755-ada5-42df-801b-c61f99d8e8b8:c2148, a308b8bf-0324-43a1-a87f-1e10a96e3042:c2148]
2019-08-21 19:24:07,291 | INFO  | DNAudit | user=null | ip=null | op=WRITE_CHUNK {blockData=conID: 3 locID: 102656602750845424 bcsId: 2150} | ret=SUCCESS |  
2019-08-21 19:24:07,293 | INFO  | DNAudit | user=null | ip=null | op=WRITE_CHUNK {blockData=conID: 3 locID: 102656602750845424 bcsId: 2150} | ret=SUCCESS |  
2019-08-21 19:24:07,294 | INFO  | DNAudit | user=null | ip=null | op=WRITE_CHUNK {blockData=conID: 3 locID: 102656602750845424 bcsId: 2150} | ret=SUCCESS |  
2019-08-21 19:24:07,296 | INFO  | DNAudit | user=null | ip=null | op=WRITE_CHUNK {blockData=conID: 3 locID: 102656602750845424 bcsId: 0} | ret=SUCCESS |  
2019-08-21 19:24:07,297 | INFO  | DNAudit | user=null | ip=null | op=WRITE_CHUNK {blockData=conID: 3 locID: 102656602750845424 bcsId: 0} | ret=SUCCESS |  
2019-08-21 19:24:07,297 | INFO  | DNAudit | user=null | ip=null | op=PUT_BLOCK {blockData=[blockId=conID: 3 locID: 102656602750845424 bcsId: 0,size=2097152]} | ret=SUCCESS |  
2019-08-21 19:24:07,297 | INFO  | DNAudit | user=null | ip=null | op=PUT_BLOCK {blockData=[blockId=conID: 3 locID: 102656602750845424 bcsId: 0,size=2097152]} | ret=SUCCESS |  
2019-08-21 19:24:07,298 | INFO  | DNAudit | user=null | ip=null | op=WRITE_CHUNK {blockData=conID: 3 locID: 102656602750845424 bcsId: 2150} | ret=SUCCESS |  
2019-08-21 19:24:07,298 | INFO  | DNAudit | user=null | ip=null | op=PUT_BLOCK {blockData=[blockId=conID: 3 locID: 102656602750845424 bcsId: 0,size=3145728]} | ret=SUCCESS |  
2019-08-21 19:24:07,298 [grpc-default-executor-4] INFO  client.GrpcClientProtocolClient (GrpcClientProtocolClient.java:onNext(255)) - client-DA9582518C67->1df8bd03-73ef-4b9c-8622-5dc9d0e29c31: receive RaftClientReply:client-DA9582518C67->1df8bd03-73ef-4b9c-8622-5dc9d0e29c31@group-F45402591F47, cid=1533, SUCCESS, logIndex=2155, commits[1df8bd03-73ef-4b9c-8622-5dc9d0e29c31:c2156, 12aca755-ada5-42df-801b-c61f99d8e8b8:c2150, a308b8bf-0324-43a1-a87f-1e10a96e3042:c2152]
2019-08-21 19:24:07,299 [grpc-default-executor-4] INFO  client.GrpcClientProtocolClient (GrpcClientProtocolClient.java:onNext(255)) - client-DA9582518C67->1df8bd03-73ef-4b9c-8622-5dc9d0e29c31: receive RaftClientReply:client-DA9582518C67->1df8bd03-73ef-4b9c-8622-5dc9d0e29c31@group-F45402591F47, cid=1534, SUCCESS, logIndex=2156, commits[1df8bd03-73ef-4b9c-8622-5dc9d0e29c31:c2156, 12aca755-ada5-42df-801b-c61f99d8e8b8:c2152, a308b8bf-0324-43a1-a87f-1e10a96e3042:c2152]
2019-08-21 19:24:07,305 | INFO  | DNAudit | user=null | ip=null | op=WRITE_CHUNK {blockData=conID: 3 locID: 102656602750845424 bcsId: 2156} | ret=SUCCESS |  
2019-08-21 19:24:07,307 | INFO  | DNAudit | user=null | ip=null | op=WRITE_CHUNK {blockData=conID: 3 locID: 102656602750845424 bcsId: 2156} | ret=SUCCESS |  
2019-08-21 19:24:07,308 | INFO  | DNAudit | user=null | ip=null | op=WRITE_CHUNK {blockData=conID: 3 locID: 102656602750845424 bcsId: 2156} | ret=SUCCESS |  
2019-08-21 19:24:07,312 | INFO  | DNAudit | user=null | ip=null | op=WRITE_CHUNK {blockData=conID: 3 locID: 102656602750845424 bcsId: 2150} | ret=SUCCESS |  
2019-08-21 19:24:07,312 | INFO  | DNAudit | user=null | ip=null | op=PUT_BLOCK {blockData=[blockId=conID: 3 locID: 102656602750845424 bcsId: 0,size=3145728]} | ret=SUCCESS |  
2019-08-21 19:24:07,312 | INFO  | DNAudit | user=null | ip=null | op=WRITE_CHUNK {blockData=conID: 3 locID: 102656602750845424 bcsId: 2150} | ret=SUCCESS |  
2019-08-21 19:24:07,313 | INFO  | DNAudit | user=null | ip=null | op=PUT_BLOCK {blockData=[blockId=conID: 3 locID: 102656602750845424 bcsId: 0,size=3145728]} | ret=SUCCESS |  
2019-08-21 19:24:07,313 | INFO  | DNAudit | user=null | ip=null | op=WRITE_CHUNK {blockData=conID: 3 locID: 102656602750845424 bcsId: 2156} | ret=SUCCESS |  
2019-08-21 19:24:07,314 | INFO  | DNAudit | user=null | ip=null | op=PUT_BLOCK {blockData=[blockId=conID: 3 locID: 102656602750845424 bcsId: 0,size=4194304]} | ret=SUCCESS |  
2019-08-21 19:24:07,314 [grpc-default-executor-0] INFO  client.GrpcClientProtocolClient (GrpcClientProtocolClient.java:onNext(255)) - client-DA9582518C67->1df8bd03-73ef-4b9c-8622-5dc9d0e29c31: receive RaftClientReply:client-DA9582518C67->1df8bd03-73ef-4b9c-8622-5dc9d0e29c31@group-F45402591F47, cid=1535, SUCCESS, logIndex=2159, commits[1df8bd03-73ef-4b9c-8622-5dc9d0e29c31:c2160, 12aca755-ada5-42df-801b-c61f99d8e8b8:c2156, a308b8bf-0324-43a1-a87f-1e10a96e3042:c2156]
2019-08-21 19:24:07,314 [grpc-default-executor-0] INFO  client.GrpcClientProtocolClient (GrpcClientProtocolClient.java:onNext(255)) - client-DA9582518C67->1df8bd03-73ef-4b9c-8622-5dc9d0e29c31: receive RaftClientReply:client-DA9582518C67->1df8bd03-73ef-4b9c-8622-5dc9d0e29c31@group-F45402591F47, cid=1536, SUCCESS, logIndex=2160, commits[1df8bd03-73ef-4b9c-8622-5dc9d0e29c31:c2160, 12aca755-ada5-42df-801b-c61f99d8e8b8:c2156, a308b8bf-0324-43a1-a87f-1e10a96e3042:c2156]
2019-08-21 19:24:07,315 | INFO  | DNAudit | user=null | ip=null | op=WRITE_CHUNK {blockData=conID: 3 locID: 102656602750845424 bcsId: 2156} | ret=SUCCESS |  
2019-08-21 19:24:07,315 | INFO  | DNAudit | user=null | ip=null | op=WRITE_CHUNK {blockData=conID: 3 locID: 102656602750845424 bcsId: 2156} | ret=SUCCESS |  
2019-08-21 19:24:07,315 | INFO  | DNAudit | user=null | ip=null | op=PUT_BLOCK {blockData=[blockId=conID: 3 locID: 102656602750845424 bcsId: 0,size=4194304]} | ret=SUCCESS |  
2019-08-21 19:24:07,315 | INFO  | DNAudit | user=null | ip=null | op=PUT_BLOCK {blockData=[blockId=conID: 3 locID: 102656602750845424 bcsId: 0,size=4194304]} | ret=SUCCESS |  
2019-08-21 19:24:07,315 [grpc-default-executor-5] INFO  client.GrpcClientProtocolClient (GrpcClientProtocolClient.java:onNext(255)) - client-DA9582518C67->1df8bd03-73ef-4b9c-8622-5dc9d0e29c31: receive RaftClientReply:client-DA9582518C67->1df8bd03-73ef-4b9c-8622-5dc9d0e29c31@group-F45402591F47, cid=1537, SUCCESS, logIndex=0, commits[1df8bd03-73ef-4b9c-8622-5dc9d0e29c31:c2161, 12aca755-ada5-42df-801b-c61f99d8e8b8:c2160, a308b8bf-0324-43a1-a87f-1e10a96e3042:c2160]
2019-08-21 19:24:07,318 | INFO  | SCMAudit | user=jenkins1000 | ip=192.168.69.88 | op=ALLOCATE_BLOCK {owner=a4b1d482-4fe6-4e71-84a6-a95f4ce3f696, size=4194304, type=RATIS, factor=THREE} | ret=SUCCESS |  
2019-08-21 19:24:07,321 | INFO  | OMAudit | user=jenkins1000 | ip=127.0.0.1 | op=ALLOCATE_BLOCK {volume=vol-0-90666, bucket=bucket-0-29336, key=key-0-94354, dataSize=0, replicationType=null, replicationFactor=null, keyLocationInfo=null, clientID=102656601977389458} | ret=SUCCESS |  
2019-08-21 19:24:07,327 | INFO  | DNAudit | user=null | ip=null | op=WRITE_CHUNK {blockData=conID: 1 locID: 102656602755432945 bcsId: 0} | ret=SUCCESS |  
2019-08-21 19:24:07,329 | INFO  | DNAudit | user=null | ip=null | op=WRITE_CHUNK {blockData=conID: 1 locID: 102656602755432945 bcsId: 0} | ret=SUCCESS |  
2019-08-21 19:24:07,330 | INFO  | DNAudit | user=null | ip=null | op=WRITE_CHUNK {blockData=conID: 1 locID: 102656602755432945 bcsId: 0} | ret=SUCCESS |  
2019-08-21 19:24:07,330 | INFO  | DNAudit | user=null | ip=null | op=WRITE_CHUNK {blockData=conID: 1 locID: 102656602755432945 bcsId: 0} | ret=SUCCESS |  
2019-08-21 19:24:07,421 | INFO  | DNAudit | user=null | ip=null | op=WRITE_CHUNK {blockData=conID: 1 locID: 102656602755432945 bcsId: 0} | ret=SUCCESS |  
2019-08-21 19:24:07,421 | INFO  | DNAudit | user=null | ip=null | op=WRITE_CHUNK {blockData=conID: 1 locID: 102656602755432945 bcsId: 0} | ret=SUCCESS |  
2019-08-21 19:24:07,421 | INFO  | DNAudit | user=null | ip=null | op=PUT_BLOCK {blockData=[blockId=conID: 1 locID: 102656602755432945 bcsId: 0,size=1048576]} | ret=SUCCESS |  
2019-08-21 19:24:07,421 | INFO  | DNAudit | user=null | ip=null | op=WRITE_CHUNK {blockData=conID: 1 locID: 102656602755432945 bcsId: 0} | ret=SUCCESS |  
2019-08-21 19:24:07,421 [grpc-default-executor-5] INFO  client.GrpcClientProtocolClient (GrpcClientProtocolClient.java:onNext(255)) - client-DA9582518C67->1df8bd03-73ef-4b9c-8622-5dc9d0e29c31: receive RaftClientReply:client-DA9582518C67->1df8bd03-73ef-4b9c-8622-5dc9d0e29c31@group-F45402591F47, cid=1538, SUCCESS, logIndex=2162, commits[1df8bd03-73ef-4b9c-8622-5dc9d0e29c31:c2163, 12aca755-ada5-42df-801b-c61f99d8e8b8:c2161, a308b8bf-0324-43a1-a87f-1e10a96e3042:c2161]
2019-08-21 19:24:07,422 [grpc-default-executor-5] INFO  client.GrpcClientProtocolClient (GrpcClientProtocolClient.java:onNext(255)) - client-DA9582518C67->1df8bd03-73ef-4b9c-8622-5dc9d0e29c31: receive RaftClientReply:client-DA9582518C67->1df8bd03-73ef-4b9c-8622-5dc9d0e29c31@group-F45402591F47, cid=1539, SUCCESS, logIndex=2163, commits[1df8bd03-73ef-4b9c-8622-5dc9d0e29c31:c2163, 12aca755-ada5-42df-801b-c61f99d8e8b8:c2161, a308b8bf-0324-43a1-a87f-1e10a96e3042:c2161]
2019-08-21 19:24:07,425 | INFO  | DNAudit | user=null | ip=null | op=WRITE_CHUNK {blockData=conID: 1 locID: 102656602755432945 bcsId: 0} | ret=SUCCESS |  
2019-08-21 19:24:07,425 | INFO  | DNAudit | user=null | ip=null | op=WRITE_CHUNK {blockData=conID: 1 locID: 102656602755432945 bcsId: 0} | ret=SUCCESS |  
2019-08-21 19:24:07,425 | INFO  | DNAudit | user=null | ip=null | op=PUT_BLOCK {blockData=[blockId=conID: 1 locID: 102656602755432945 bcsId: 0,size=1048576]} | ret=SUCCESS |  
2019-08-21 19:24:07,425 | INFO  | DNAudit | user=null | ip=null | op=WRITE_CHUNK {blockData=conID: 1 locID: 102656602755432945 bcsId: 0} | ret=SUCCESS |  
2019-08-21 19:24:07,426 | INFO  | DNAudit | user=null | ip=null | op=PUT_BLOCK {blockData=[blockId=conID: 1 locID: 102656602755432945 bcsId: 0,size=2097152]} | ret=SUCCESS |  
2019-08-21 19:24:07,426 | INFO  | DNAudit | user=null | ip=null | op=PUT_BLOCK {blockData=[blockId=conID: 1 locID: 102656602755432945 bcsId: 0,size=1048576]} | ret=SUCCESS |  
2019-08-21 19:24:07,426 [grpc-default-executor-0] INFO  client.GrpcClientProtocolClient (GrpcClientProtocolClient.java:onNext(255)) - client-DA9582518C67->1df8bd03-73ef-4b9c-8622-5dc9d0e29c31: receive RaftClientReply:client-DA9582518C67->1df8bd03-73ef-4b9c-8622-5dc9d0e29c31@group-F45402591F47, cid=1540, SUCCESS, logIndex=2164, commits[1df8bd03-73ef-4b9c-8622-5dc9d0e29c31:c2166, 12aca755-ada5-42df-801b-c61f99d8e8b8:c2161, a308b8bf-0324-43a1-a87f-1e10a96e3042:c2163]
2019-08-21 19:24:07,426 [grpc-default-executor-0] INFO  client.GrpcClientProtocolClient (GrpcClientProtocolClient.java:onNext(255)) - client-DA9582518C67->1df8bd03-73ef-4b9c-8622-5dc9d0e29c31: receive RaftClientReply:client-DA9582518C67->1df8bd03-73ef-4b9c-8622-5dc9d0e29c31@group-F45402591F47, cid=1541, SUCCESS, logIndex=2165, commits[1df8bd03-73ef-4b9c-8622-5dc9d0e29c31:c2166, 12aca755-ada5-42df-801b-c61f99d8e8b8:c2161, a308b8bf-0324-43a1-a87f-1e10a96e3042:c2163]
2019-08-21 19:24:07,427 | INFO  | DNAudit | user=null | ip=null | op=WRITE_CHUNK {blockData=conID: 1 locID: 102656602755432945 bcsId: 0} | ret=SUCCESS |  
2019-08-21 19:24:07,427 | INFO  | DNAudit | user=null | ip=null | op=WRITE_CHUNK {blockData=conID: 1 locID: 102656602755432945 bcsId: 0} | ret=SUCCESS |  
2019-08-21 19:24:07,427 [grpc-default-executor-0] INFO  client.GrpcClientProtocolClient (GrpcClientProtocolClient.java:onNext(255)) - client-DA9582518C67->1df8bd03-73ef-4b9c-8622-5dc9d0e29c31: receive RaftClientReply:client-DA9582518C67->1df8bd03-73ef-4b9c-8622-5dc9d0e29c31@group-F45402591F47, cid=1542, SUCCESS, logIndex=0, commits[1df8bd03-73ef-4b9c-8622-5dc9d0e29c31:c2167, 12aca755-ada5-42df-801b-c61f99d8e8b8:c2163, a308b8bf-0324-43a1-a87f-1e10a96e3042:c2163]
2019-08-21 19:24:07,429 | INFO  | DNAudit | user=null | ip=null | op=PUT_BLOCK {blockData=[blockId=conID: 1 locID: 102656602755432945 bcsId: 0,size=2097152]} | ret=SUCCESS |  
2019-08-21 19:24:07,429 | INFO  | DNAudit | user=null | ip=null | op=PUT_BLOCK {blockData=[blockId=conID: 1 locID: 102656602755432945 bcsId: 0,size=2097152]} | ret=SUCCESS |  
2019-08-21 19:24:07,433 | INFO  | DNAudit | user=null | ip=null | op=WRITE_CHUNK {blockData=conID: 1 locID: 102656602755432945 bcsId: 2165} | ret=SUCCESS |  
2019-08-21 19:24:07,435 | INFO  | DNAudit | user=null | ip=null | op=WRITE_CHUNK {blockData=conID: 1 locID: 102656602755432945 bcsId: 2165} | ret=SUCCESS |  
2019-08-21 19:24:07,435 | INFO  | DNAudit | user=null | ip=null | op=WRITE_CHUNK {blockData=conID: 1 locID: 102656602755432945 bcsId: 2165} | ret=SUCCESS |  
2019-08-21 19:24:07,445 | INFO  | DNAudit | user=null | ip=null | op=WRITE_CHUNK {blockData=conID: 1 locID: 102656602755432945 bcsId: 2165} | ret=SUCCESS |  
2019-08-21 19:24:07,446 | INFO  | DNAudit | user=null | ip=null | op=PUT_BLOCK {blockData=[blockId=conID: 1 locID: 102656602755432945 bcsId: 0,size=3145728]} | ret=SUCCESS |  
2019-08-21 19:24:07,446 [grpc-default-executor-4] INFO  client.GrpcClientProtocolClient (GrpcClientProtocolClient.java:onNext(255)) - client-DA9582518C67->1df8bd03-73ef-4b9c-8622-5dc9d0e29c31: receive RaftClientReply:client-DA9582518C67->1df8bd03-73ef-4b9c-8622-5dc9d0e29c31@group-F45402591F47, cid=1543, SUCCESS, logIndex=2170, commits[1df8bd03-73ef-4b9c-8622-5dc9d0e29c31:c2171, 12aca755-ada5-42df-801b-c61f99d8e8b8:c2169, a308b8bf-0324-43a1-a87f-1e10a96e3042:c2169]
2019-08-21 19:24:07,446 [grpc-default-executor-4] INFO  client.GrpcClientProtocolClient (GrpcClientProtocolClient.java:onNext(255)) - client-DA9582518C67->1df8bd03-73ef-4b9c-8622-5dc9d0e29c31: receive RaftClientReply:client-DA9582518C67->1df8bd03-73ef-4b9c-8622-5dc9d0e29c31@group-F45402591F47, cid=1544, SUCCESS, logIndex=2171, commits[1df8bd03-73ef-4b9c-8622-5dc9d0e29c31:c2171, 12aca755-ada5-42df-801b-c61f99d8e8b8:c2169, a308b8bf-0324-43a1-a87f-1e10a96e3042:c2169]
2019-08-21 19:24:07,451 | INFO  | DNAudit | user=null | ip=null | op=WRITE_CHUNK {blockData=conID: 1 locID: 102656602755432945 bcsId: 2171} | ret=SUCCESS |  
2019-08-21 19:24:07,451 | INFO  | DNAudit | user=null | ip=null | op=WRITE_CHUNK {blockData=conID: 1 locID: 102656602755432945 bcsId: 2165} | ret=SUCCESS |  
2019-08-21 19:24:07,451 | INFO  | DNAudit | user=null | ip=null | op=WRITE_CHUNK {blockData=conID: 1 locID: 102656602755432945 bcsId: 2165} | ret=SUCCESS |  
2019-08-21 19:24:07,454 | INFO  | DNAudit | user=null | ip=null | op=PUT_BLOCK {blockData=[blockId=conID: 1 locID: 102656602755432945 bcsId: 0,size=3145728]} | ret=SUCCESS |  
2019-08-21 19:24:07,454 | INFO  | DNAudit | user=null | ip=null | op=PUT_BLOCK {blockData=[blockId=conID: 1 locID: 102656602755432945 bcsId: 0,size=3145728]} | ret=SUCCESS |  
2019-08-21 19:24:07,454 | INFO  | DNAudit | user=null | ip=null | op=WRITE_CHUNK {blockData=conID: 1 locID: 102656602755432945 bcsId: 2171} | ret=SUCCESS |  
2019-08-21 19:24:07,454 | INFO  | DNAudit | user=null | ip=null | op=WRITE_CHUNK {blockData=conID: 1 locID: 102656602755432945 bcsId: 2171} | ret=SUCCESS |  
2019-08-21 19:24:07,465 | INFO  | DNAudit | user=null | ip=null | op=WRITE_CHUNK {blockData=conID: 1 locID: 102656602755432945 bcsId: 2171} | ret=SUCCESS |  
2019-08-21 19:24:07,466 | INFO  | DNAudit | user=null | ip=null | op=PUT_BLOCK {blockData=[blockId=conID: 1 locID: 102656602755432945 bcsId: 0,size=4194304]} | ret=SUCCESS |  
2019-08-21 19:24:07,466 [grpc-default-executor-5] INFO  client.GrpcClientProtocolClient (GrpcClientProtocolClient.java:onNext(255)) - client-DA9582518C67->1df8bd03-73ef-4b9c-8622-5dc9d0e29c31: receive RaftClientReply:client-DA9582518C67->1df8bd03-73ef-4b9c-8622-5dc9d0e29c31@group-F45402591F47, cid=1545, SUCCESS, logIndex=2174, commits[1df8bd03-73ef-4b9c-8622-5dc9d0e29c31:c2175, 12aca755-ada5-42df-801b-c61f99d8e8b8:c2171, a308b8bf-0324-43a1-a87f-1e10a96e3042:c2171]
2019-08-21 19:24:07,466 [grpc-default-executor-5] INFO  client.GrpcClientProtocolClient (GrpcClientProtocolClient.java:onNext(255)) - client-DA9582518C67->1df8bd03-73ef-4b9c-8622-5dc9d0e29c31: receive RaftClientReply:client-DA9582518C67->1df8bd03-73ef-4b9c-8622-5dc9d0e29c31@group-F45402591F47, cid=1546, SUCCESS, logIndex=2175, commits[1df8bd03-73ef-4b9c-8622-5dc9d0e29c31:c2175, 12aca755-ada5-42df-801b-c61f99d8e8b8:c2171, a308b8bf-0324-43a1-a87f-1e10a96e3042:c2171]
2019-08-21 19:24:07,477 | INFO  | DNAudit | user=null | ip=null | op=WRITE_CHUNK {blockData=conID: 1 locID: 102656602755432945 bcsId: 2171} | ret=SUCCESS |  
2019-08-21 19:24:07,477 | INFO  | DNAudit | user=null | ip=null | op=WRITE_CHUNK {blockData=conID: 1 locID: 102656602755432945 bcsId: 2171} | ret=SUCCESS |  
2019-08-21 19:24:07,478 | INFO  | DNAudit | user=null | ip=null | op=PUT_BLOCK {blockData=[blockId=conID: 1 locID: 102656602755432945 bcsId: 0,size=4194304]} | ret=SUCCESS |  
2019-08-21 19:24:07,478 | INFO  | DNAudit | user=null | ip=null | op=PUT_BLOCK {blockData=[blockId=conID: 1 locID: 102656602755432945 bcsId: 0,size=4194304]} | ret=SUCCESS |  
2019-08-21 19:24:07,478 [grpc-default-executor-4] INFO  client.GrpcClientProtocolClient (GrpcClientProtocolClient.java:onNext(255)) - client-DA9582518C67->1df8bd03-73ef-4b9c-8622-5dc9d0e29c31: receive RaftClientReply:client-DA9582518C67->1df8bd03-73ef-4b9c-8622-5dc9d0e29c31@group-F45402591F47, cid=1547, SUCCESS, logIndex=0, commits[1df8bd03-73ef-4b9c-8622-5dc9d0e29c31:c2175, 12aca755-ada5-42df-801b-c61f99d8e8b8:c2175, a308b8bf-0324-43a1-a87f-1e10a96e3042:c2175]
2019-08-21 19:24:07,484 | INFO  | SCMAudit | user=jenkins1000 | ip=192.168.69.88 | op=ALLOCATE_BLOCK {owner=a4b1d482-4fe6-4e71-84a6-a95f4ce3f696, size=4194304, type=RATIS, factor=THREE} | ret=SUCCESS |  
2019-08-21 19:24:07,486 | INFO  | OMAudit | user=jenkins1000 | ip=127.0.0.1 | op=ALLOCATE_BLOCK {volume=vol-0-90666, bucket=bucket-0-29336, key=key-0-94354, dataSize=0, replicationType=null, replicationFactor=null, keyLocationInfo=null, clientID=102656601977389458} | ret=SUCCESS |  
2019-08-21 19:24:07,492 | INFO  | DNAudit | user=null | ip=null | op=WRITE_CHUNK {blockData=conID: 2 locID: 102656602766311922 bcsId: 0} | ret=SUCCESS |  
2019-08-21 19:24:07,494 | INFO  | DNAudit | user=null | ip=null | op=WRITE_CHUNK {blockData=conID: 2 locID: 102656602766311922 bcsId: 0} | ret=SUCCESS |  
2019-08-21 19:24:07,495 | INFO  | DNAudit | user=null | ip=null | op=WRITE_CHUNK {blockData=conID: 2 locID: 102656602766311922 bcsId: 0} | ret=SUCCESS |  
2019-08-21 19:24:07,495 | INFO  | DNAudit | user=null | ip=null | op=WRITE_CHUNK {blockData=conID: 2 locID: 102656602766311922 bcsId: 0} | ret=SUCCESS |  
2019-08-21 19:24:07,496 | INFO  | DNAudit | user=null | ip=null | op=WRITE_CHUNK {blockData=conID: 2 locID: 102656602766311922 bcsId: 0} | ret=SUCCESS |  
2019-08-21 19:24:07,496 | INFO  | DNAudit | user=null | ip=null | op=WRITE_CHUNK {blockData=conID: 2 locID: 102656602766311922 bcsId: 0} | ret=SUCCESS |  
2019-08-21 19:24:07,499 | INFO  | DNAudit | user=null | ip=null | op=WRITE_CHUNK {blockData=conID: 2 locID: 102656602766311922 bcsId: 0} | ret=SUCCESS |  
2019-08-21 19:24:07,500 | INFO  | DNAudit | user=null | ip=null | op=PUT_BLOCK {blockData=[blockId=conID: 2 locID: 102656602766311922 bcsId: 0,size=1048576]} | ret=SUCCESS |  
2019-08-21 19:24:07,500 [grpc-default-executor-0] INFO  client.GrpcClientProtocolClient (GrpcClientProtocolClient.java:onNext(255)) - client-DA9582518C67->1df8bd03-73ef-4b9c-8622-5dc9d0e29c31: receive RaftClientReply:client-DA9582518C67->1df8bd03-73ef-4b9c-8622-5dc9d0e29c31@group-F45402591F47, cid=1548, SUCCESS, logIndex=2178, commits[1df8bd03-73ef-4b9c-8622-5dc9d0e29c31:c2179, 12aca755-ada5-42df-801b-c61f99d8e8b8:c2177, a308b8bf-0324-43a1-a87f-1e10a96e3042:c2177]
2019-08-21 19:24:07,500 | INFO  | DNAudit | user=null | ip=null | op=WRITE_CHUNK {blockData=conID: 2 locID: 102656602766311922 bcsId: 0} | ret=SUCCESS |  
2019-08-21 19:24:07,500 [grpc-default-executor-0] INFO  client.GrpcClientProtocolClient (GrpcClientProtocolClient.java:onNext(255)) - client-DA9582518C67->1df8bd03-73ef-4b9c-8622-5dc9d0e29c31: receive RaftClientReply:client-DA9582518C67->1df8bd03-73ef-4b9c-8622-5dc9d0e29c31@group-F45402591F47, cid=1549, SUCCESS, logIndex=2179, commits[1df8bd03-73ef-4b9c-8622-5dc9d0e29c31:c2181, 12aca755-ada5-42df-801b-c61f99d8e8b8:c2177, a308b8bf-0324-43a1-a87f-1e10a96e3042:c2177]
2019-08-21 19:24:07,501 | INFO  | DNAudit | user=null | ip=null | op=PUT_BLOCK {blockData=[blockId=conID: 2 locID: 102656602766311922 bcsId: 0,size=2097152]} | ret=SUCCESS |  
2019-08-21 19:24:07,501 [grpc-default-executor-0] INFO  client.GrpcClientProtocolClient (GrpcClientProtocolClient.java:onNext(255)) - client-DA9582518C67->1df8bd03-73ef-4b9c-8622-5dc9d0e29c31: receive RaftClientReply:client-DA9582518C67->1df8bd03-73ef-4b9c-8622-5dc9d0e29c31@group-F45402591F47, cid=1550, SUCCESS, logIndex=2180, commits[1df8bd03-73ef-4b9c-8622-5dc9d0e29c31:c2181, 12aca755-ada5-42df-801b-c61f99d8e8b8:c2177, a308b8bf-0324-43a1-a87f-1e10a96e3042:c2177]
2019-08-21 19:24:07,501 [grpc-default-executor-0] INFO  client.GrpcClientProtocolClient (GrpcClientProtocolClient.java:onNext(255)) - client-DA9582518C67->1df8bd03-73ef-4b9c-8622-5dc9d0e29c31: receive RaftClientReply:client-DA9582518C67->1df8bd03-73ef-4b9c-8622-5dc9d0e29c31@group-F45402591F47, cid=1551, SUCCESS, logIndex=2181, commits[1df8bd03-73ef-4b9c-8622-5dc9d0e29c31:c2181, 12aca755-ada5-42df-801b-c61f99d8e8b8:c2177, a308b8bf-0324-43a1-a87f-1e10a96e3042:c2177]
2019-08-21 19:24:07,503 | INFO  | DNAudit | user=null | ip=null | op=WRITE_CHUNK {blockData=conID: 2 locID: 102656602766311922 bcsId: 0} | ret=SUCCESS |  
2019-08-21 19:24:07,514 | INFO  | DNAudit | user=null | ip=null | op=WRITE_CHUNK {blockData=conID: 2 locID: 102656602766311922 bcsId: 0} | ret=SUCCESS |  
2019-08-21 19:24:07,514 | INFO  | DNAudit | user=null | ip=null | op=PUT_BLOCK {blockData=[blockId=conID: 2 locID: 102656602766311922 bcsId: 0,size=1048576]} | ret=SUCCESS |  
2019-08-21 19:24:07,515 | INFO  | DNAudit | user=null | ip=null | op=WRITE_CHUNK {blockData=conID: 2 locID: 102656602766311922 bcsId: 0} | ret=SUCCESS |  
2019-08-21 19:24:07,515 | INFO  | DNAudit | user=null | ip=null | op=PUT_BLOCK {blockData=[blockId=conID: 2 locID: 102656602766311922 bcsId: 0,size=2097152]} | ret=SUCCESS |  
2019-08-21 19:24:07,515 | INFO  | DNAudit | user=null | ip=null | op=PUT_BLOCK {blockData=[blockId=conID: 2 locID: 102656602766311922 bcsId: 0,size=1048576]} | ret=SUCCESS |  
2019-08-21 19:24:07,515 | INFO  | DNAudit | user=null | ip=null | op=WRITE_CHUNK {blockData=conID: 2 locID: 102656602766311922 bcsId: 0} | ret=SUCCESS |  
2019-08-21 19:24:07,515 | INFO  | DNAudit | user=null | ip=null | op=PUT_BLOCK {blockData=[blockId=conID: 2 locID: 102656602766311922 bcsId: 0,size=2097152]} | ret=SUCCESS |  
2019-08-21 19:24:07,515 [grpc-default-executor-0] INFO  client.GrpcClientProtocolClient (GrpcClientProtocolClient.java:onNext(255)) - client-DA9582518C67->1df8bd03-73ef-4b9c-8622-5dc9d0e29c31: receive RaftClientReply:client-DA9582518C67->1df8bd03-73ef-4b9c-8622-5dc9d0e29c31@group-F45402591F47, cid=1552, SUCCESS, logIndex=0, commits[1df8bd03-73ef-4b9c-8622-5dc9d0e29c31:c2184, 12aca755-ada5-42df-801b-c61f99d8e8b8:c2179, a308b8bf-0324-43a1-a87f-1e10a96e3042:c2181]
2019-08-21 19:24:07,522 | INFO  | DNAudit | user=null | ip=null | op=WRITE_CHUNK {blockData=conID: 2 locID: 102656602766311922 bcsId: 2181} | ret=SUCCESS |  
2019-08-21 19:24:07,523 | INFO  | DNAudit | user=null | ip=null | op=WRITE_CHUNK {blockData=conID: 2 locID: 102656602766311922 bcsId: 2181} | ret=SUCCESS |  
2019-08-21 19:24:07,524 | INFO  | DNAudit | user=null | ip=null | op=WRITE_CHUNK {blockData=conID: 2 locID: 102656602766311922 bcsId: 2181} | ret=SUCCESS |  
2019-08-21 19:24:07,530 | INFO  | DNAudit | user=null | ip=null | op=WRITE_CHUNK {blockData=conID: 2 locID: 102656602766311922 bcsId: 2181} | ret=SUCCESS |  
2019-08-21 19:24:07,530 | INFO  | DNAudit | user=null | ip=null | op=PUT_BLOCK {blockData=[blockId=conID: 2 locID: 102656602766311922 bcsId: 0,size=3145728]} | ret=SUCCESS |  
2019-08-21 19:24:07,530 [grpc-default-executor-0] INFO  client.GrpcClientProtocolClient (GrpcClientProtocolClient.java:onNext(255)) - client-DA9582518C67->1df8bd03-73ef-4b9c-8622-5dc9d0e29c31: receive RaftClientReply:client-DA9582518C67->1df8bd03-73ef-4b9c-8622-5dc9d0e29c31@group-F45402591F47, cid=1553, SUCCESS, logIndex=2185, commits[1df8bd03-73ef-4b9c-8622-5dc9d0e29c31:c2186, 12aca755-ada5-42df-801b-c61f99d8e8b8:c2184, a308b8bf-0324-43a1-a87f-1e10a96e3042:c2184]
2019-08-21 19:24:07,531 [grpc-default-executor-5] INFO  client.GrpcClientProtocolClient (GrpcClientProtocolClient.java:onNext(255)) - client-DA9582518C67->1df8bd03-73ef-4b9c-8622-5dc9d0e29c31: receive RaftClientReply:client-DA9582518C67->1df8bd03-73ef-4b9c-8622-5dc9d0e29c31@group-F45402591F47, cid=1554, SUCCESS, logIndex=2186, commits[1df8bd03-73ef-4b9c-8622-5dc9d0e29c31:c2186, 12aca755-ada5-42df-801b-c61f99d8e8b8:c2184, a308b8bf-0324-43a1-a87f-1e10a96e3042:c2184]
2019-08-21 19:24:07,536 | INFO  | DNAudit | user=null | ip=null | op=WRITE_CHUNK {blockData=conID: 2 locID: 102656602766311922 bcsId: 2186} | ret=SUCCESS |  
2019-08-21 19:24:07,539 | INFO  | DNAudit | user=null | ip=null | op=WRITE_CHUNK {blockData=conID: 2 locID: 102656602766311922 bcsId: 2186} | ret=SUCCESS |  
2019-08-21 19:24:07,539 | INFO  | DNAudit | user=null | ip=null | op=WRITE_CHUNK {blockData=conID: 2 locID: 102656602766311922 bcsId: 2186} | ret=SUCCESS |  
2019-08-21 19:24:07,542 | INFO  | DNAudit | user=null | ip=null | op=WRITE_CHUNK {blockData=conID: 2 locID: 102656602766311922 bcsId: 2181} | ret=SUCCESS |  
2019-08-21 19:24:07,542 | INFO  | DNAudit | user=null | ip=null | op=WRITE_CHUNK {blockData=conID: 2 locID: 102656602766311922 bcsId: 2181} | ret=SUCCESS |  
2019-08-21 19:24:07,545 | INFO  | DNAudit | user=null | ip=null | op=PUT_BLOCK {blockData=[blockId=conID: 2 locID: 102656602766311922 bcsId: 0,size=3145728]} | ret=SUCCESS |  
2019-08-21 19:24:07,545 | INFO  | DNAudit | user=null | ip=null | op=PUT_BLOCK {blockData=[blockId=conID: 2 locID: 102656602766311922 bcsId: 0,size=3145728]} | ret=SUCCESS |  
2019-08-21 19:24:07,545 | INFO  | DNAudit | user=null | ip=null | op=WRITE_CHUNK {blockData=conID: 2 locID: 102656602766311922 bcsId: 2186} | ret=SUCCESS |  
2019-08-21 19:24:07,545 | INFO  | DNAudit | user=null | ip=null | op=PUT_BLOCK {blockData=[blockId=conID: 2 locID: 102656602766311922 bcsId: 0,size=4194304]} | ret=SUCCESS |  
2019-08-21 19:24:07,545 [grpc-default-executor-0] INFO  client.GrpcClientProtocolClient (GrpcClientProtocolClient.java:onNext(255)) - client-DA9582518C67->1df8bd03-73ef-4b9c-8622-5dc9d0e29c31: receive RaftClientReply:client-DA9582518C67->1df8bd03-73ef-4b9c-8622-5dc9d0e29c31@group-F45402591F47, cid=1555, SUCCESS, logIndex=2189, commits[1df8bd03-73ef-4b9c-8622-5dc9d0e29c31:c2190, 12aca755-ada5-42df-801b-c61f99d8e8b8:c2186, a308b8bf-0324-43a1-a87f-1e10a96e3042:c2186]
2019-08-21 19:24:07,546 [grpc-default-executor-0] INFO  client.GrpcClientProtocolClient (GrpcClientProtocolClient.java:onNext(255)) - client-DA9582518C67->1df8bd03-73ef-4b9c-8622-5dc9d0e29c31: receive RaftClientReply:client-DA9582518C67->1df8bd03-73ef-4b9c-8622-5dc9d0e29c31@group-F45402591F47, cid=1556, SUCCESS, logIndex=2190, commits[1df8bd03-73ef-4b9c-8622-5dc9d0e29c31:c2190, 12aca755-ada5-42df-801b-c61f99d8e8b8:c2186, a308b8bf-0324-43a1-a87f-1e10a96e3042:c2186]
2019-08-21 19:24:07,556 | INFO  | DNAudit | user=null | ip=null | op=WRITE_CHUNK {blockData=conID: 2 locID: 102656602766311922 bcsId: 2186} | ret=SUCCESS |  
2019-08-21 19:24:07,557 | INFO  | DNAudit | user=null | ip=null | op=WRITE_CHUNK {blockData=conID: 2 locID: 102656602766311922 bcsId: 2186} | ret=SUCCESS |  
2019-08-21 19:24:07,557 | INFO  | DNAudit | user=null | ip=null | op=PUT_BLOCK {blockData=[blockId=conID: 2 locID: 102656602766311922 bcsId: 0,size=4194304]} | ret=SUCCESS |  
2019-08-21 19:24:07,557 | INFO  | DNAudit | user=null | ip=null | op=PUT_BLOCK {blockData=[blockId=conID: 2 locID: 102656602766311922 bcsId: 0,size=4194304]} | ret=SUCCESS |  
2019-08-21 19:24:07,558 [grpc-default-executor-0] INFO  client.GrpcClientProtocolClient (GrpcClientProtocolClient.java:onNext(255)) - client-DA9582518C67->1df8bd03-73ef-4b9c-8622-5dc9d0e29c31: receive RaftClientReply:client-DA9582518C67->1df8bd03-73ef-4b9c-8622-5dc9d0e29c31@group-F45402591F47, cid=1557, SUCCESS, logIndex=0, commits[1df8bd03-73ef-4b9c-8622-5dc9d0e29c31:c2192, 12aca755-ada5-42df-801b-c61f99d8e8b8:c2190, a308b8bf-0324-43a1-a87f-1e10a96e3042:c2190]
2019-08-21 19:24:07,561 | INFO  | SCMAudit | user=jenkins1000 | ip=192.168.69.88 | op=ALLOCATE_BLOCK {owner=a4b1d482-4fe6-4e71-84a6-a95f4ce3f696, size=4194304, type=RATIS, factor=THREE} | ret=SUCCESS |  
2019-08-21 19:24:07,563 | INFO  | OMAudit | user=jenkins1000 | ip=127.0.0.1 | op=ALLOCATE_BLOCK {volume=vol-0-90666, bucket=bucket-0-29336, key=key-0-94354, dataSize=0, replicationType=null, replicationFactor=null, keyLocationInfo=null, clientID=102656601977389458} | ret=SUCCESS |  
2019-08-21 19:24:07,569 | INFO  | DNAudit | user=null | ip=null | op=WRITE_CHUNK {blockData=conID: 3 locID: 102656602771358195 bcsId: 0} | ret=SUCCESS |  
2019-08-21 19:24:07,570 | INFO  | DNAudit | user=null | ip=null | op=WRITE_CHUNK {blockData=conID: 3 locID: 102656602771358195 bcsId: 0} | ret=SUCCESS |  
2019-08-21 19:24:07,571 | INFO  | DNAudit | user=null | ip=null | op=WRITE_CHUNK {blockData=conID: 3 locID: 102656602771358195 bcsId: 0} | ret=SUCCESS |  
2019-08-21 19:24:07,571 | INFO  | DNAudit | user=null | ip=null | op=WRITE_CHUNK {blockData=conID: 3 locID: 102656602771358195 bcsId: 0} | ret=SUCCESS |  
2019-08-21 19:24:07,573 | INFO  | DNAudit | user=null | ip=null | op=WRITE_CHUNK {blockData=conID: 3 locID: 102656602771358195 bcsId: 0} | ret=SUCCESS |  
2019-08-21 19:24:07,573 | INFO  | DNAudit | user=null | ip=null | op=WRITE_CHUNK {blockData=conID: 3 locID: 102656602771358195 bcsId: 0} | ret=SUCCESS |  
2019-08-21 19:24:07,573 | INFO  | DNAudit | user=null | ip=null | op=WRITE_CHUNK {blockData=conID: 3 locID: 102656602771358195 bcsId: 0} | ret=SUCCESS |  
2019-08-21 19:24:07,573 | INFO  | DNAudit | user=null | ip=null | op=PUT_BLOCK {blockData=[blockId=conID: 3 locID: 102656602771358195 bcsId: 0,size=1048576]} | ret=SUCCESS |  
2019-08-21 19:24:07,573 [grpc-default-executor-0] INFO  client.GrpcClientProtocolClient (GrpcClientProtocolClient.java:onNext(255)) - client-DA9582518C67->1df8bd03-73ef-4b9c-8622-5dc9d0e29c31: receive RaftClientReply:client-DA9582518C67->1df8bd03-73ef-4b9c-8622-5dc9d0e29c31@group-F45402591F47, cid=1558, SUCCESS, logIndex=2193, commits[1df8bd03-73ef-4b9c-8622-5dc9d0e29c31:c2194, 12aca755-ada5-42df-801b-c61f99d8e8b8:c2190, a308b8bf-0324-43a1-a87f-1e10a96e3042:c2192]
2019-08-21 19:24:07,574 [grpc-default-executor-0] INFO  client.GrpcClientProtocolClient (GrpcClientProtocolClient.java:onNext(255)) - client-DA9582518C67->1df8bd03-73ef-4b9c-8622-5dc9d0e29c31: receive RaftClientReply:client-DA9582518C67->1df8bd03-73ef-4b9c-8622-5dc9d0e29c31@group-F45402591F47, cid=1559, SUCCESS, logIndex=2194, commits[1df8bd03-73ef-4b9c-8622-5dc9d0e29c31:c2194, 12aca755-ada5-42df-801b-c61f99d8e8b8:c2190, a308b8bf-0324-43a1-a87f-1e10a96e3042:c2192]
2019-08-21 19:24:07,582 | INFO  | SCMAudit | user=jenkins1000 | ip=192.168.69.88 | op=SEND_HEARTBEAT {datanodeUUID=c4b21f74-9dba-4f39-a92d-300bdd5c7775, command=[]} | ret=SUCCESS |  
 0.00% |█                                                                                                    |  0/1 Time: 0:00:122019-08-21 19:24:07,586 | INFO  | DNAudit | user=null | ip=null | op=WRITE_CHUNK {blockData=conID: 3 locID: 102656602771358195 bcsId: 0} | ret=SUCCESS |  
2019-08-21 19:24:07,586 | INFO  | DNAudit | user=null | ip=null | op=WRITE_CHUNK {blockData=conID: 3 locID: 102656602771358195 bcsId: 0} | ret=SUCCESS |  
2019-08-21 19:24:07,586 | INFO  | DNAudit | user=null | ip=null | op=WRITE_CHUNK {blockData=conID: 3 locID: 102656602771358195 bcsId: 0} | ret=SUCCESS |  
2019-08-21 19:24:07,586 | INFO  | DNAudit | user=null | ip=null | op=PUT_BLOCK {blockData=[blockId=conID: 3 locID: 102656602771358195 bcsId: 0,size=1048576]} | ret=SUCCESS |  
2019-08-21 19:24:07,587 | INFO  | DNAudit | user=null | ip=null | op=PUT_BLOCK {blockData=[blockId=conID: 3 locID: 102656602771358195 bcsId: 0,size=1048576]} | ret=SUCCESS |  
2019-08-21 19:24:07,587 | INFO  | DNAudit | user=null | ip=null | op=PUT_BLOCK {blockData=[blockId=conID: 3 locID: 102656602771358195 bcsId: 0,size=2097152]} | ret=SUCCESS |  
2019-08-21 19:24:07,587 [grpc-default-executor-0] INFO  client.GrpcClientProtocolClient (GrpcClientProtocolClient.java:onNext(255)) - client-DA9582518C67->1df8bd03-73ef-4b9c-8622-5dc9d0e29c31: receive RaftClientReply:client-DA9582518C67->1df8bd03-73ef-4b9c-8622-5dc9d0e29c31@group-F45402591F47, cid=1560, SUCCESS, logIndex=2195, commits[1df8bd03-73ef-4b9c-8622-5dc9d0e29c31:c2196, 12aca755-ada5-42df-801b-c61f99d8e8b8:c2192, a308b8bf-0324-43a1-a87f-1e10a96e3042:c2192]
2019-08-21 19:24:07,588 [grpc-default-executor-0] INFO  client.GrpcClientProtocolClient (GrpcClientProtocolClient.java:onNext(255)) - client-DA9582518C67->1df8bd03-73ef-4b9c-8622-5dc9d0e29c31: receive RaftClientReply:client-DA9582518C67->1df8bd03-73ef-4b9c-8622-5dc9d0e29c31@group-F45402591F47, cid=1561, SUCCESS, logIndex=2196, commits[1df8bd03-73ef-4b9c-8622-5dc9d0e29c31:c2198, 12aca755-ada5-42df-801b-c61f99d8e8b8:c2192, a308b8bf-0324-43a1-a87f-1e10a96e3042:c2194]
2019-08-21 19:24:07,588 [grpc-default-executor-0] INFO  client.GrpcClientProtocolClient (GrpcClientProtocolClient.java:onNext(255)) - client-DA9582518C67->1df8bd03-73ef-4b9c-8622-5dc9d0e29c31: receive RaftClientReply:client-DA9582518C67->1df8bd03-73ef-4b9c-8622-5dc9d0e29c31@group-F45402591F47, cid=1562, SUCCESS, logIndex=0, commits[1df8bd03-73ef-4b9c-8622-5dc9d0e29c31:c2198, 12aca755-ada5-42df-801b-c61f99d8e8b8:c2194, a308b8bf-0324-43a1-a87f-1e10a96e3042:c2194]
2019-08-21 19:24:07,594 | INFO  | DNAudit | user=null | ip=null | op=WRITE_CHUNK {blockData=conID: 3 locID: 102656602771358195 bcsId: 2196} | ret=SUCCESS |  
2019-08-21 19:24:07,596 | INFO  | DNAudit | user=null | ip=null | op=WRITE_CHUNK {blockData=conID: 3 locID: 102656602771358195 bcsId: 2196} | ret=SUCCESS |  
2019-08-21 19:24:07,597 | INFO  | DNAudit | user=null | ip=null | op=WRITE_CHUNK {blockData=conID: 3 locID: 102656602771358195 bcsId: 2196} | ret=SUCCESS |  
2019-08-21 19:24:07,607 | INFO  | DNAudit | user=null | ip=null | op=WRITE_CHUNK {blockData=conID: 3 locID: 102656602771358195 bcsId: 0} | ret=SUCCESS |  
2019-08-21 19:24:07,607 | INFO  | DNAudit | user=null | ip=null | op=WRITE_CHUNK {blockData=conID: 3 locID: 102656602771358195 bcsId: 0} | ret=SUCCESS |  
2019-08-21 19:24:07,609 | INFO  | DNAudit | user=null | ip=null | op=PUT_BLOCK {blockData=[blockId=conID: 3 locID: 102656602771358195 bcsId: 0,size=2097152]} | ret=SUCCESS |  
2019-08-21 19:24:07,609 | INFO  | DNAudit | user=null | ip=null | op=PUT_BLOCK {blockData=[blockId=conID: 3 locID: 102656602771358195 bcsId: 0,size=2097152]} | ret=SUCCESS |  
2019-08-21 19:24:07,610 | INFO  | DNAudit | user=null | ip=null | op=WRITE_CHUNK {blockData=conID: 3 locID: 102656602771358195 bcsId: 2196} | ret=SUCCESS |  
2019-08-21 19:24:07,610 | INFO  | DNAudit | user=null | ip=null | op=PUT_BLOCK {blockData=[blockId=conID: 3 locID: 102656602771358195 bcsId: 0,size=3145728]} | ret=SUCCESS |  
2019-08-21 19:24:07,610 [grpc-default-executor-0] INFO  client.GrpcClientProtocolClient (GrpcClientProtocolClient.java:onNext(255)) - client-DA9582518C67->1df8bd03-73ef-4b9c-8622-5dc9d0e29c31: receive RaftClientReply:client-DA9582518C67->1df8bd03-73ef-4b9c-8622-5dc9d0e29c31@group-F45402591F47, cid=1563, SUCCESS, logIndex=2201, commits[1df8bd03-73ef-4b9c-8622-5dc9d0e29c31:c2202, 12aca755-ada5-42df-801b-c61f99d8e8b8:c2198, a308b8bf-0324-43a1-a87f-1e10a96e3042:c2198]
2019-08-21 19:24:07,610 [grpc-default-executor-0] INFO  client.GrpcClientProtocolClient (GrpcClientProtocolClient.java:onNext(255)) - client-DA9582518C67->1df8bd03-73ef-4b9c-8622-5dc9d0e29c31: receive RaftClientReply:client-DA9582518C67->1df8bd03-73ef-4b9c-8622-5dc9d0e29c31@group-F45402591F47, cid=1564, SUCCESS, logIndex=2202, commits[1df8bd03-73ef-4b9c-8622-5dc9d0e29c31:c2202, 12aca755-ada5-42df-801b-c61f99d8e8b8:c2198, a308b8bf-0324-43a1-a87f-1e10a96e3042:c2198]
2019-08-21 19:24:07,611 | INFO  | DNAudit | user=null | ip=null | op=WRITE_CHUNK {blockData=conID: 3 locID: 102656602771358195 bcsId: 2196} | ret=SUCCESS |  
2019-08-21 19:24:07,612 | INFO  | DNAudit | user=null | ip=null | op=WRITE_CHUNK {blockData=conID: 3 locID: 102656602771358195 bcsId: 2196} | ret=SUCCESS |  
2019-08-21 19:24:07,613 | INFO  | DNAudit | user=null | ip=null | op=PUT_BLOCK {blockData=[blockId=conID: 3 locID: 102656602771358195 bcsId: 0,size=3145728]} | ret=SUCCESS |  
2019-08-21 19:24:07,613 | INFO  | DNAudit | user=null | ip=null | op=PUT_BLOCK {blockData=[blockId=conID: 3 locID: 102656602771358195 bcsId: 0,size=3145728]} | ret=SUCCESS |  
2019-08-21 19:24:07,616 | INFO  | DNAudit | user=null | ip=null | op=WRITE_CHUNK {blockData=conID: 3 locID: 102656602771358195 bcsId: 2202} | ret=SUCCESS |  
2019-08-21 19:24:07,618 | INFO  | DNAudit | user=null | ip=null | op=WRITE_CHUNK {blockData=conID: 3 locID: 102656602771358195 bcsId: 2202} | ret=SUCCESS |  
2019-08-21 19:24:07,619 | INFO  | DNAudit | user=null | ip=null | op=WRITE_CHUNK {blockData=conID: 3 locID: 102656602771358195 bcsId: 2202} | ret=SUCCESS |  
2019-08-21 19:24:07,624 | INFO  | DNAudit | user=null | ip=null | op=WRITE_CHUNK {blockData=conID: 3 locID: 102656602771358195 bcsId: 2202} | ret=SUCCESS |  
2019-08-21 19:24:07,625 | INFO  | DNAudit | user=null | ip=null | op=PUT_BLOCK {blockData=[blockId=conID: 3 locID: 102656602771358195 bcsId: 0,size=4194304]} | ret=SUCCESS |  
2019-08-21 19:24:07,625 [grpc-default-executor-0] INFO  client.GrpcClientProtocolClient (GrpcClientProtocolClient.java:onNext(255)) - client-DA9582518C67->1df8bd03-73ef-4b9c-8622-5dc9d0e29c31: receive RaftClientReply:client-DA9582518C67->1df8bd03-73ef-4b9c-8622-5dc9d0e29c31@group-F45402591F47, cid=1565, SUCCESS, logIndex=2205, commits[1df8bd03-73ef-4b9c-8622-5dc9d0e29c31:c2206, 12aca755-ada5-42df-801b-c61f99d8e8b8:c2204, a308b8bf-0324-43a1-a87f-1e10a96e3042:c2204]
2019-08-21 19:24:07,625 [grpc-default-executor-0] INFO  client.GrpcClientProtocolClient (GrpcClientProtocolClient.java:onNext(255)) - client-DA9582518C67->1df8bd03-73ef-4b9c-8622-5dc9d0e29c31: receive RaftClientReply:client-DA9582518C67->1df8bd03-73ef-4b9c-8622-5dc9d0e29c31@group-F45402591F47, cid=1566, SUCCESS, logIndex=2206, commits[1df8bd03-73ef-4b9c-8622-5dc9d0e29c31:c2206, 12aca755-ada5-42df-801b-c61f99d8e8b8:c2204, a308b8bf-0324-43a1-a87f-1e10a96e3042:c2204]
2019-08-21 19:24:07,625 | INFO  | DNAudit | user=null | ip=null | op=WRITE_CHUNK {blockData=conID: 3 locID: 102656602771358195 bcsId: 2202} | ret=SUCCESS |  
2019-08-21 19:24:07,625 | INFO  | DNAudit | user=null | ip=null | op=WRITE_CHUNK {blockData=conID: 3 locID: 102656602771358195 bcsId: 2202} | ret=SUCCESS |  
2019-08-21 19:24:07,626 | INFO  | DNAudit | user=null | ip=null | op=PUT_BLOCK {blockData=[blockId=conID: 3 locID: 102656602771358195 bcsId: 0,size=4194304]} | ret=SUCCESS |  
2019-08-21 19:24:07,627 | INFO  | DNAudit | user=null | ip=null | op=PUT_BLOCK {blockData=[blockId=conID: 3 locID: 102656602771358195 bcsId: 0,size=4194304]} | ret=SUCCESS |  
2019-08-21 19:24:07,627 [grpc-default-executor-5] INFO  client.GrpcClientProtocolClient (GrpcClientProtocolClient.java:onNext(255)) - client-DA9582518C67->1df8bd03-73ef-4b9c-8622-5dc9d0e29c31: receive RaftClientReply:client-DA9582518C67->1df8bd03-73ef-4b9c-8622-5dc9d0e29c31@group-F45402591F47, cid=1567, SUCCESS, logIndex=0, commits[1df8bd03-73ef-4b9c-8622-5dc9d0e29c31:c2208, 12aca755-ada5-42df-801b-c61f99d8e8b8:c2206, a308b8bf-0324-43a1-a87f-1e10a96e3042:c2206]
2019-08-21 19:24:07,632 | INFO  | SCMAudit | user=jenkins1000 | ip=192.168.69.88 | op=ALLOCATE_BLOCK {owner=a4b1d482-4fe6-4e71-84a6-a95f4ce3f696, size=4194304, type=RATIS, factor=THREE} | ret=SUCCESS |  
2019-08-21 19:24:07,633 | INFO  | OMAudit | user=jenkins1000 | ip=127.0.0.1 | op=ALLOCATE_BLOCK {volume=vol-0-90666, bucket=bucket-0-29336, key=key-0-94354, dataSize=0, replicationType=null, replicationFactor=null, keyLocationInfo=null, clientID=102656601977389458} | ret=SUCCESS |  
2019-08-21 19:24:07,639 | INFO  | DNAudit | user=null | ip=null | op=WRITE_CHUNK {blockData=conID: 1 locID: 102656602776011252 bcsId: 0} | ret=SUCCESS |  
2019-08-21 19:24:07,641 | INFO  | DNAudit | user=null | ip=null | op=WRITE_CHUNK {blockData=conID: 1 locID: 102656602776011252 bcsId: 0} | ret=SUCCESS |  
2019-08-21 19:24:07,643 | INFO  | DNAudit | user=null | ip=null | op=WRITE_CHUNK {blockData=conID: 1 locID: 102656602776011252 bcsId: 0} | ret=SUCCESS |  
2019-08-21 19:24:07,643 | INFO  | DNAudit | user=null | ip=null | op=WRITE_CHUNK {blockData=conID: 1 locID: 102656602776011252 bcsId: 0} | ret=SUCCESS |  
2019-08-21 19:24:07,645 | INFO  | DNAudit | user=null | ip=null | op=WRITE_CHUNK {blockData=conID: 1 locID: 102656602776011252 bcsId: 0} | ret=SUCCESS |  
2019-08-21 19:24:07,645 | INFO  | DNAudit | user=null | ip=null | op=WRITE_CHUNK {blockData=conID: 1 locID: 102656602776011252 bcsId: 0} | ret=SUCCESS |  
2019-08-21 19:24:07,651 | INFO  | DNAudit | user=null | ip=null | op=WRITE_CHUNK {blockData=conID: 1 locID: 102656602776011252 bcsId: 0} | ret=SUCCESS |  
2019-08-21 19:24:07,652 | INFO  | DNAudit | user=null | ip=null | op=PUT_BLOCK {blockData=[blockId=conID: 1 locID: 102656602776011252 bcsId: 0,size=1048576]} | ret=SUCCESS |  
2019-08-21 19:24:07,652 [grpc-default-executor-4] INFO  client.GrpcClientProtocolClient (GrpcClientProtocolClient.java:onNext(255)) - client-DA9582518C67->1df8bd03-73ef-4b9c-8622-5dc9d0e29c31: receive RaftClientReply:client-DA9582518C67->1df8bd03-73ef-4b9c-8622-5dc9d0e29c31@group-F45402591F47, cid=1568, SUCCESS, logIndex=2209, commits[1df8bd03-73ef-4b9c-8622-5dc9d0e29c31:c2210, 12aca755-ada5-42df-801b-c61f99d8e8b8:c2208, a308b8bf-0324-43a1-a87f-1e10a96e3042:c2208]
2019-08-21 19:24:07,653 | INFO  | DNAudit | user=null | ip=null | op=WRITE_CHUNK {blockData=conID: 1 locID: 102656602776011252 bcsId: 0} | ret=SUCCESS |  
2019-08-21 19:24:07,653 [grpc-default-executor-4] INFO  client.GrpcClientProtocolClient (GrpcClientProtocolClient.java:onNext(255)) - client-DA9582518C67->1df8bd03-73ef-4b9c-8622-5dc9d0e29c31: receive RaftClientReply:client-DA9582518C67->1df8bd03-73ef-4b9c-8622-5dc9d0e29c31@group-F45402591F47, cid=1569, SUCCESS, logIndex=2210, commits[1df8bd03-73ef-4b9c-8622-5dc9d0e29c31:c2210, 12aca755-ada5-42df-801b-c61f99d8e8b8:c2208, a308b8bf-0324-43a1-a87f-1e10a96e3042:c2208]
2019-08-21 19:24:07,653 | INFO  | DNAudit | user=null | ip=null | op=PUT_BLOCK {blockData=[blockId=conID: 1 locID: 102656602776011252 bcsId: 0,size=2097152]} | ret=SUCCESS |  
2019-08-21 19:24:07,653 [grpc-default-executor-5] INFO  client.GrpcClientProtocolClient (GrpcClientProtocolClient.java:onNext(255)) - client-DA9582518C67->1df8bd03-73ef-4b9c-8622-5dc9d0e29c31: receive RaftClientReply:client-DA9582518C67->1df8bd03-73ef-4b9c-8622-5dc9d0e29c31@group-F45402591F47, cid=1570, SUCCESS, logIndex=2211, commits[1df8bd03-73ef-4b9c-8622-5dc9d0e29c31:c2212, 12aca755-ada5-42df-801b-c61f99d8e8b8:c2208, a308b8bf-0324-43a1-a87f-1e10a96e3042:c2208]
2019-08-21 19:24:07,653 [grpc-default-executor-5] INFO  client.GrpcClientProtocolClient (GrpcClientProtocolClient.java:onNext(255)) - client-DA9582518C67->1df8bd03-73ef-4b9c-8622-5dc9d0e29c31: receive RaftClientReply:client-DA9582518C67->1df8bd03-73ef-4b9c-8622-5dc9d0e29c31@group-F45402591F47, cid=1571, SUCCESS, logIndex=2212, commits[1df8bd03-73ef-4b9c-8622-5dc9d0e29c31:c2212, 12aca755-ada5-42df-801b-c61f99d8e8b8:c2208, a308b8bf-0324-43a1-a87f-1e10a96e3042:c2208]
2019-08-21 19:24:07,654 | INFO  | DNAudit | user=null | ip=null | op=WRITE_CHUNK {blockData=conID: 1 locID: 102656602776011252 bcsId: 0} | ret=SUCCESS |  
2019-08-21 19:24:07,654 | INFO  | DNAudit | user=null | ip=null | op=PUT_BLOCK {blockData=[blockId=conID: 1 locID: 102656602776011252 bcsId: 0,size=1048576]} | ret=SUCCESS |  
2019-08-21 19:24:07,655 | INFO  | DNAudit | user=null | ip=null | op=WRITE_CHUNK {blockData=conID: 1 locID: 102656602776011252 bcsId: 0} | ret=SUCCESS |  
2019-08-21 19:24:07,655 | INFO  | DNAudit | user=null | ip=null | op=PUT_BLOCK {blockData=[blockId=conID: 1 locID: 102656602776011252 bcsId: 0,size=1048576]} | ret=SUCCESS |  
2019-08-21 19:24:07,655 | INFO  | DNAudit | user=null | ip=null | op=WRITE_CHUNK {blockData=conID: 1 locID: 102656602776011252 bcsId: 0} | ret=SUCCESS |  
2019-08-21 19:24:07,655 [grpc-default-executor-4] INFO  client.GrpcClientProtocolClient (GrpcClientProtocolClient.java:onNext(255)) - client-DA9582518C67->1df8bd03-73ef-4b9c-8622-5dc9d0e29c31: receive RaftClientReply:client-DA9582518C67->1df8bd03-73ef-4b9c-8622-5dc9d0e29c31@group-F45402591F47, cid=1572, SUCCESS, logIndex=0, commits[1df8bd03-73ef-4b9c-8622-5dc9d0e29c31:c2214, 12aca755-ada5-42df-801b-c61f99d8e8b8:c2210, a308b8bf-0324-43a1-a87f-1e10a96e3042:c2210]
2019-08-21 19:24:07,655 | INFO  | DNAudit | user=null | ip=null | op=PUT_BLOCK {blockData=[blockId=conID: 1 locID: 102656602776011252 bcsId: 0,size=2097152]} | ret=SUCCESS |  
2019-08-21 19:24:07,660 | INFO  | DNAudit | user=null | ip=null | op=WRITE_CHUNK {blockData=conID: 1 locID: 102656602776011252 bcsId: 2212} | ret=SUCCESS |  
2019-08-21 19:24:07,662 | INFO  | DNAudit | user=null | ip=null | op=WRITE_CHUNK {blockData=conID: 1 locID: 102656602776011252 bcsId: 2212} | ret=SUCCESS |  
2019-08-21 19:24:07,663 | INFO  | DNAudit | user=null | ip=null | op=WRITE_CHUNK {blockData=conID: 1 locID: 102656602776011252 bcsId: 2212} | ret=SUCCESS |  
2019-08-21 19:24:07,666 | INFO  | DNAudit | user=null | ip=null | op=WRITE_CHUNK {blockData=conID: 1 locID: 102656602776011252 bcsId: 0} | ret=SUCCESS |  
2019-08-21 19:24:07,666 | INFO  | DNAudit | user=null | ip=null | op=PUT_BLOCK {blockData=[blockId=conID: 1 locID: 102656602776011252 bcsId: 0,size=2097152]} | ret=SUCCESS |  
2019-08-21 19:24:07,669 | INFO  | DNAudit | user=null | ip=null | op=WRITE_CHUNK {blockData=conID: 1 locID: 102656602776011252 bcsId: 2212} | ret=SUCCESS |  
2019-08-21 19:24:07,670 | INFO  | DNAudit | user=null | ip=null | op=PUT_BLOCK {blockData=[blockId=conID: 1 locID: 102656602776011252 bcsId: 0,size=3145728]} | ret=SUCCESS |  
2019-08-21 19:24:07,670 [grpc-default-executor-4] INFO  client.GrpcClientProtocolClient (GrpcClientProtocolClient.java:onNext(255)) - client-DA9582518C67->1df8bd03-73ef-4b9c-8622-5dc9d0e29c31: receive RaftClientReply:client-DA9582518C67->1df8bd03-73ef-4b9c-8622-5dc9d0e29c31@group-F45402591F47, cid=1573, SUCCESS, logIndex=2217, commits[1df8bd03-73ef-4b9c-8622-5dc9d0e29c31:c2218, 12aca755-ada5-42df-801b-c61f99d8e8b8:c2215, a308b8bf-0324-43a1-a87f-1e10a96e3042:c2215]
2019-08-21 19:24:07,670 [grpc-default-executor-4] INFO  client.GrpcClientProtocolClient (GrpcClientProtocolClient.java:onNext(255)) - client-DA9582518C67->1df8bd03-73ef-4b9c-8622-5dc9d0e29c31: receive RaftClientReply:client-DA9582518C67->1df8bd03-73ef-4b9c-8622-5dc9d0e29c31@group-F45402591F47, cid=1574, SUCCESS, logIndex=2218, commits[1df8bd03-73ef-4b9c-8622-5dc9d0e29c31:c2218, 12aca755-ada5-42df-801b-c61f99d8e8b8:c2215, a308b8bf-0324-43a1-a87f-1e10a96e3042:c2215]
2019-08-21 19:24:07,675 | INFO  | DNAudit | user=null | ip=null | op=WRITE_CHUNK {blockData=conID: 1 locID: 102656602776011252 bcsId: 2218} | ret=SUCCESS |  
2019-08-21 19:24:07,677 | INFO  | DNAudit | user=null | ip=null | op=WRITE_CHUNK {blockData=conID: 1 locID: 102656602776011252 bcsId: 2218} | ret=SUCCESS |  
2019-08-21 19:24:07,678 | INFO  | DNAudit | user=null | ip=null | op=WRITE_CHUNK {blockData=conID: 1 locID: 102656602776011252 bcsId: 2218} | ret=SUCCESS |  
2019-08-21 19:24:07,683 | INFO  | DNAudit | user=null | ip=null | op=WRITE_CHUNK {blockData=conID: 1 locID: 102656602776011252 bcsId: 2212} | ret=SUCCESS |  
2019-08-21 19:24:07,683 | INFO  | DNAudit | user=null | ip=null | op=PUT_BLOCK {blockData=[blockId=conID: 1 locID: 102656602776011252 bcsId: 0,size=3145728]} | ret=SUCCESS |  
2019-08-21 19:24:07,692 | INFO  | DNAudit | user=null | ip=null | op=WRITE_CHUNK {blockData=conID: 1 locID: 102656602776011252 bcsId: 2218} | ret=SUCCESS |  
2019-08-21 19:24:07,693 | INFO  | DNAudit | user=null | ip=null | op=WRITE_CHUNK {blockData=conID: 1 locID: 102656602776011252 bcsId: 2212} | ret=SUCCESS |  
2019-08-21 19:24:07,693 | INFO  | DNAudit | user=null | ip=null | op=PUT_BLOCK {blockData=[blockId=conID: 1 locID: 102656602776011252 bcsId: 0,size=4194304]} | ret=SUCCESS |  
2019-08-21 19:24:07,693 | INFO  | DNAudit | user=null | ip=null | op=PUT_BLOCK {blockData=[blockId=conID: 1 locID: 102656602776011252 bcsId: 0,size=3145728]} | ret=SUCCESS |  
2019-08-21 19:24:07,693 [grpc-default-executor-5] INFO  client.GrpcClientProtocolClient (GrpcClientProtocolClient.java:onNext(255)) - client-DA9582518C67->1df8bd03-73ef-4b9c-8622-5dc9d0e29c31: receive RaftClientReply:client-DA9582518C67->1df8bd03-73ef-4b9c-8622-5dc9d0e29c31@group-F45402591F47, cid=1575, SUCCESS, logIndex=2221, commits[1df8bd03-73ef-4b9c-8622-5dc9d0e29c31:c2222, 12aca755-ada5-42df-801b-c61f99d8e8b8:c2216, a308b8bf-0324-43a1-a87f-1e10a96e3042:c2218]
2019-08-21 19:24:07,693 [grpc-default-executor-5] INFO  client.GrpcClientProtocolClient (GrpcClientProtocolClient.java:onNext(255)) - client-DA9582518C67->1df8bd03-73ef-4b9c-8622-5dc9d0e29c31: receive RaftClientReply:client-DA9582518C67->1df8bd03-73ef-4b9c-8622-5dc9d0e29c31@group-F45402591F47, cid=1576, SUCCESS, logIndex=2222, commits[1df8bd03-73ef-4b9c-8622-5dc9d0e29c31:c2222, 12aca755-ada5-42df-801b-c61f99d8e8b8:c2218, a308b8bf-0324-43a1-a87f-1e10a96e3042:c2218]
2019-08-21 19:24:07,704 | INFO  | DNAudit | user=null | ip=null | op=WRITE_CHUNK {blockData=conID: 1 locID: 102656602776011252 bcsId: 2218} | ret=SUCCESS |  
2019-08-21 19:24:07,704 | INFO  | DNAudit | user=null | ip=null | op=WRITE_CHUNK {blockData=conID: 1 locID: 102656602776011252 bcsId: 2218} | ret=SUCCESS |  
2019-08-21 19:24:07,704 | INFO  | DNAudit | user=null | ip=null | op=PUT_BLOCK {blockData=[blockId=conID: 1 locID: 102656602776011252 bcsId: 0,size=4194304]} | ret=SUCCESS |  
2019-08-21 19:24:07,704 | INFO  | DNAudit | user=null | ip=null | op=PUT_BLOCK {blockData=[blockId=conID: 1 locID: 102656602776011252 bcsId: 0,size=4194304]} | ret=SUCCESS |  
2019-08-21 19:24:07,704 [grpc-default-executor-4] INFO  client.GrpcClientProtocolClient (GrpcClientProtocolClient.java:onNext(255)) - client-DA9582518C67->1df8bd03-73ef-4b9c-8622-5dc9d0e29c31: receive RaftClientReply:client-DA9582518C67->1df8bd03-73ef-4b9c-8622-5dc9d0e29c31@group-F45402591F47, cid=1577, SUCCESS, logIndex=0, commits[1df8bd03-73ef-4b9c-8622-5dc9d0e29c31:c2222, 12aca755-ada5-42df-801b-c61f99d8e8b8:c2222, a308b8bf-0324-43a1-a87f-1e10a96e3042:c2222]
2019-08-21 19:24:07,708 | INFO  | SCMAudit | user=jenkins1000 | ip=192.168.69.88 | op=ALLOCATE_BLOCK {owner=a4b1d482-4fe6-4e71-84a6-a95f4ce3f696, size=4194304, type=RATIS, factor=THREE} | ret=SUCCESS |  
2019-08-21 19:24:07,710 | INFO  | OMAudit | user=jenkins1000 | ip=127.0.0.1 | op=ALLOCATE_BLOCK {volume=vol-0-90666, bucket=bucket-0-29336, key=key-0-94354, dataSize=0, replicationType=null, replicationFactor=null, keyLocationInfo=null, clientID=102656601977389458} | ret=SUCCESS |  
2019-08-21 19:24:07,716 | INFO  | DNAudit | user=null | ip=null | op=WRITE_CHUNK {blockData=conID: 2 locID: 102656602780991989 bcsId: 0} | ret=SUCCESS |  
2019-08-21 19:24:07,718 | INFO  | DNAudit | user=null | ip=null | op=WRITE_CHUNK {blockData=conID: 2 locID: 102656602780991989 bcsId: 0} | ret=SUCCESS |  
2019-08-21 19:24:07,719 | INFO  | DNAudit | user=null | ip=null | op=WRITE_CHUNK {blockData=conID: 2 locID: 102656602780991989 bcsId: 0} | ret=SUCCESS |  
2019-08-21 19:24:07,721 | INFO  | DNAudit | user=null | ip=null | op=WRITE_CHUNK {blockData=conID: 2 locID: 102656602780991989 bcsId: 0} | ret=SUCCESS |  
2019-08-21 19:24:07,721 | INFO  | DNAudit | user=null | ip=null | op=WRITE_CHUNK {blockData=conID: 2 locID: 102656602780991989 bcsId: 0} | ret=SUCCESS |  
2019-08-21 19:24:07,722 | INFO  | DNAudit | user=null | ip=null | op=WRITE_CHUNK {blockData=conID: 2 locID: 102656602780991989 bcsId: 0} | ret=SUCCESS |  
2019-08-21 19:24:07,746 | INFO  | DNAudit | user=null | ip=null | op=WRITE_CHUNK {blockData=conID: 2 locID: 102656602780991989 bcsId: 0} | ret=SUCCESS |  
2019-08-21 19:24:07,747 | INFO  | DNAudit | user=null | ip=null | op=PUT_BLOCK {blockData=[blockId=conID: 2 locID: 102656602780991989 bcsId: 0,size=1048576]} | ret=SUCCESS |  
2019-08-21 19:24:07,747 [grpc-default-executor-4] INFO  client.GrpcClientProtocolClient (GrpcClientProtocolClient.java:onNext(255)) - client-DA9582518C67->1df8bd03-73ef-4b9c-8622-5dc9d0e29c31: receive RaftClientReply:client-DA9582518C67->1df8bd03-73ef-4b9c-8622-5dc9d0e29c31@group-F45402591F47, cid=1578, SUCCESS, logIndex=2224, commits[1df8bd03-73ef-4b9c-8622-5dc9d0e29c31:c2225, 12aca755-ada5-42df-801b-c61f99d8e8b8:c2222, a308b8bf-0324-43a1-a87f-1e10a96e3042:c2223]
2019-08-21 19:24:07,748 [grpc-default-executor-4] INFO  client.GrpcClientProtocolClient (GrpcClientProtocolClient.java:onNext(255)) - client-DA9582518C67->1df8bd03-73ef-4b9c-8622-5dc9d0e29c31: receive RaftClientReply:client-DA9582518C67->1df8bd03-73ef-4b9c-8622-5dc9d0e29c31@group-F45402591F47, cid=1579, SUCCESS, logIndex=2225, commits[1df8bd03-73ef-4b9c-8622-5dc9d0e29c31:c2225, 12aca755-ada5-42df-801b-c61f99d8e8b8:c2222, a308b8bf-0324-43a1-a87f-1e10a96e3042:c2223]
2019-08-21 19:24:07,748 | INFO  | DNAudit | user=null | ip=null | op=WRITE_CHUNK {blockData=conID: 2 locID: 102656602780991989 bcsId: 0} | ret=SUCCESS |  
2019-08-21 19:24:07,749 | INFO  | DNAudit | user=null | ip=null | op=PUT_BLOCK {blockData=[blockId=conID: 2 locID: 102656602780991989 bcsId: 0,size=2097152]} | ret=SUCCESS |  
2019-08-21 19:24:07,749 [grpc-default-executor-4] INFO  client.GrpcClientProtocolClient (GrpcClientProtocolClient.java:onNext(255)) - client-DA9582518C67->1df8bd03-73ef-4b9c-8622-5dc9d0e29c31: receive RaftClientReply:client-DA9582518C67->1df8bd03-73ef-4b9c-8622-5dc9d0e29c31@group-F45402591F47, cid=1580, SUCCESS, logIndex=2226, commits[1df8bd03-73ef-4b9c-8622-5dc9d0e29c31:c2227, 12aca755-ada5-42df-801b-c61f99d8e8b8:c2223, a308b8bf-0324-43a1-a87f-1e10a96e3042:c2223]
2019-08-21 19:24:07,749 [grpc-default-executor-4] INFO  client.GrpcClientProtocolClient (GrpcClientProtocolClient.java:onNext(255)) - client-DA9582518C67->1df8bd03-73ef-4b9c-8622-5dc9d0e29c31: receive RaftClientReply:client-DA9582518C67->1df8bd03-73ef-4b9c-8622-5dc9d0e29c31@group-F45402591F47, cid=1581, SUCCESS, logIndex=2227, commits[1df8bd03-73ef-4b9c-8622-5dc9d0e29c31:c2227, 12aca755-ada5-42df-801b-c61f99d8e8b8:c2223, a308b8bf-0324-43a1-a87f-1e10a96e3042:c2223]
2019-08-21 19:24:07,761 | INFO  | DNAudit | user=null | ip=null | op=WRITE_CHUNK {blockData=conID: 2 locID: 102656602780991989 bcsId: 0} | ret=SUCCESS |  
2019-08-21 19:24:07,761 | INFO  | DNAudit | user=null | ip=null | op=PUT_BLOCK {blockData=[blockId=conID: 2 locID: 102656602780991989 bcsId: 0,size=1048576]} | ret=SUCCESS |  
2019-08-21 19:24:07,763 | INFO  | DNAudit | user=null | ip=null | op=WRITE_CHUNK {blockData=conID: 2 locID: 102656602780991989 bcsId: 0} | ret=SUCCESS |  
2019-08-21 19:24:07,763 | INFO  | DNAudit | user=null | ip=null | op=PUT_BLOCK {blockData=[blockId=conID: 2 locID: 102656602780991989 bcsId: 0,size=1048576]} | ret=SUCCESS |  
2019-08-21 19:24:07,763 [grpc-default-executor-4] INFO  client.GrpcClientProtocolClient (GrpcClientProtocolClient.java:onNext(255)) - client-DA9582518C67->1df8bd03-73ef-4b9c-8622-5dc9d0e29c31: receive RaftClientReply:client-DA9582518C67->1df8bd03-73ef-4b9c-8622-5dc9d0e29c31@group-F45402591F47, cid=1582, SUCCESS, logIndex=0, commits[1df8bd03-73ef-4b9c-8622-5dc9d0e29c31:c2229, 12aca755-ada5-42df-801b-c61f99d8e8b8:c2225, a308b8bf-0324-43a1-a87f-1e10a96e3042:c2225]
2019-08-21 19:24:07,769 | INFO  | DNAudit | user=null | ip=null | op=WRITE_CHUNK {blockData=conID: 2 locID: 102656602780991989 bcsId: 2227} | ret=SUCCESS |  
2019-08-21 19:24:07,770 | INFO  | DNAudit | user=null | ip=null | op=WRITE_CHUNK {blockData=conID: 2 locID: 102656602780991989 bcsId: 0} | ret=SUCCESS |  
2019-08-21 19:24:07,770 | INFO  | DNAudit | user=null | ip=null | op=WRITE_CHUNK {blockData=conID: 2 locID: 102656602780991989 bcsId: 0} | ret=SUCCESS |  
2019-08-21 19:24:07,770 | INFO  | DNAudit | user=null | ip=null | op=PUT_BLOCK {blockData=[blockId=conID: 2 locID: 102656602780991989 bcsId: 0,size=2097152]} | ret=SUCCESS |  
2019-08-21 19:24:07,770 | INFO  | DNAudit | user=null | ip=null | op=PUT_BLOCK {blockData=[blockId=conID: 2 locID: 102656602780991989 bcsId: 0,size=2097152]} | ret=SUCCESS |  
2019-08-21 19:24:07,770 | INFO  | DNAudit | user=null | ip=null | op=WRITE_CHUNK {blockData=conID: 2 locID: 102656602780991989 bcsId: 2227} | ret=SUCCESS |  
2019-08-21 19:24:07,771 | INFO  | DNAudit | user=null | ip=null | op=WRITE_CHUNK {blockData=conID: 2 locID: 102656602780991989 bcsId: 2227} | ret=SUCCESS |  
2019-08-21 19:24:07,772 | INFO  | DNAudit | user=null | ip=null | op=WRITE_CHUNK {blockData=conID: 2 locID: 102656602780991989 bcsId: 2227} | ret=SUCCESS |  
2019-08-21 19:24:07,772 | INFO  | DNAudit | user=null | ip=null | op=PUT_BLOCK {blockData=[blockId=conID: 2 locID: 102656602780991989 bcsId: 0,size=3145728]} | ret=SUCCESS |  
2019-08-21 19:24:07,772 [grpc-default-executor-5] INFO  client.GrpcClientProtocolClient (GrpcClientProtocolClient.java:onNext(255)) - client-DA9582518C67->1df8bd03-73ef-4b9c-8622-5dc9d0e29c31: receive RaftClientReply:client-DA9582518C67->1df8bd03-73ef-4b9c-8622-5dc9d0e29c31@group-F45402591F47, cid=1583, SUCCESS, logIndex=2232, commits[1df8bd03-73ef-4b9c-8622-5dc9d0e29c31:c2233, 12aca755-ada5-42df-801b-c61f99d8e8b8:c2227, a308b8bf-0324-43a1-a87f-1e10a96e3042:c2229]
2019-08-21 19:24:07,773 [grpc-default-executor-5] INFO  client.GrpcClientProtocolClient (GrpcClientProtocolClient.java:onNext(255)) - client-DA9582518C67->1df8bd03-73ef-4b9c-8622-5dc9d0e29c31: receive RaftClientReply:client-DA9582518C67->1df8bd03-73ef-4b9c-8622-5dc9d0e29c31@group-F45402591F47, cid=1584, SUCCESS, logIndex=2233, commits[1df8bd03-73ef-4b9c-8622-5dc9d0e29c31:c2233, 12aca755-ada5-42df-801b-c61f99d8e8b8:c2229, a308b8bf-0324-43a1-a87f-1e10a96e3042:c2229]
2019-08-21 19:24:07,774 | INFO  | DNAudit | user=null | ip=null | op=WRITE_CHUNK {blockData=conID: 2 locID: 102656602780991989 bcsId: 2227} | ret=SUCCESS |  
2019-08-21 19:24:07,774 | INFO  | DNAudit | user=null | ip=null | op=WRITE_CHUNK {blockData=conID: 2 locID: 102656602780991989 bcsId: 2227} | ret=SUCCESS |  
2019-08-21 19:24:07,775 | INFO  | DNAudit | user=null | ip=null | op=PUT_BLOCK {blockData=[blockId=conID: 2 locID: 102656602780991989 bcsId: 0,size=3145728]} | ret=SUCCESS |  
2019-08-21 19:24:07,775 | INFO  | DNAudit | user=null | ip=null | op=PUT_BLOCK {blockData=[blockId=conID: 2 locID: 102656602780991989 bcsId: 0,size=3145728]} | ret=SUCCESS |  
2019-08-21 19:24:07,778 | INFO  | DNAudit | user=null | ip=null | op=WRITE_CHUNK {blockData=conID: 2 locID: 102656602780991989 bcsId: 2233} | ret=SUCCESS |  
2019-08-21 19:24:07,780 | INFO  | DNAudit | user=null | ip=null | op=WRITE_CHUNK {blockData=conID: 2 locID: 102656602780991989 bcsId: 2233} | ret=SUCCESS |  
2019-08-21 19:24:07,781 | INFO  | DNAudit | user=null | ip=null | op=WRITE_CHUNK {blockData=conID: 2 locID: 102656602780991989 bcsId: 2233} | ret=SUCCESS |  
2019-08-21 19:24:07,789 | INFO  | DNAudit | user=null | ip=null | op=WRITE_CHUNK {blockData=conID: 2 locID: 102656602780991989 bcsId: 2233} | ret=SUCCESS |  
2019-08-21 19:24:07,790 | INFO  | DNAudit | user=null | ip=null | op=PUT_BLOCK {blockData=[blockId=conID: 2 locID: 102656602780991989 bcsId: 0,size=4194304]} | ret=SUCCESS |  
2019-08-21 19:24:07,790 [grpc-default-executor-5] INFO  client.GrpcClientProtocolClient (GrpcClientProtocolClient.java:onNext(255)) - client-DA9582518C67->1df8bd03-73ef-4b9c-8622-5dc9d0e29c31: receive RaftClientReply:client-DA9582518C67->1df8bd03-73ef-4b9c-8622-5dc9d0e29c31@group-F45402591F47, cid=1585, SUCCESS, logIndex=2236, commits[1df8bd03-73ef-4b9c-8622-5dc9d0e29c31:c2237, 12aca755-ada5-42df-801b-c61f99d8e8b8:c2235, a308b8bf-0324-43a1-a87f-1e10a96e3042:c2235]
2019-08-21 19:24:07,790 [grpc-default-executor-5] INFO  client.GrpcClientProtocolClient (GrpcClientProtocolClient.java:onNext(255)) - client-DA9582518C67->1df8bd03-73ef-4b9c-8622-5dc9d0e29c31: receive RaftClientReply:client-DA9582518C67->1df8bd03-73ef-4b9c-8622-5dc9d0e29c31@group-F45402591F47, cid=1586, SUCCESS, logIndex=2237, commits[1df8bd03-73ef-4b9c-8622-5dc9d0e29c31:c2237, 12aca755-ada5-42df-801b-c61f99d8e8b8:c2235, a308b8bf-0324-43a1-a87f-1e10a96e3042:c2235]
2019-08-21 19:24:07,803 | INFO  | DNAudit | user=null | ip=null | op=WRITE_CHUNK {blockData=conID: 2 locID: 102656602780991989 bcsId: 2233} | ret=SUCCESS |  
2019-08-21 19:24:07,803 | INFO  | DNAudit | user=null | ip=null | op=WRITE_CHUNK {blockData=conID: 2 locID: 102656602780991989 bcsId: 2233} | ret=SUCCESS |  
2019-08-21 19:24:07,803 | INFO  | DNAudit | user=null | ip=null | op=PUT_BLOCK {blockData=[blockId=conID: 2 locID: 102656602780991989 bcsId: 0,size=4194304]} | ret=SUCCESS |  
2019-08-21 19:24:07,804 | INFO  | DNAudit | user=null | ip=null | op=PUT_BLOCK {blockData=[blockId=conID: 2 locID: 102656602780991989 bcsId: 0,size=4194304]} | ret=SUCCESS |  
2019-08-21 19:24:07,804 [grpc-default-executor-5] INFO  client.GrpcClientProtocolClient (GrpcClientProtocolClient.java:onNext(255)) - client-DA9582518C67->1df8bd03-73ef-4b9c-8622-5dc9d0e29c31: receive RaftClientReply:client-DA9582518C67->1df8bd03-73ef-4b9c-8622-5dc9d0e29c31@group-F45402591F47, cid=1587, SUCCESS, logIndex=0, commits[1df8bd03-73ef-4b9c-8622-5dc9d0e29c31:c2238, 12aca755-ada5-42df-801b-c61f99d8e8b8:c2237, a308b8bf-0324-43a1-a87f-1e10a96e3042:c2237]
2019-08-21 19:24:07,807 | INFO  | SCMAudit | user=jenkins1000 | ip=192.168.69.88 | op=ALLOCATE_BLOCK {owner=a4b1d482-4fe6-4e71-84a6-a95f4ce3f696, size=4194304, type=RATIS, factor=THREE} | ret=SUCCESS |  
2019-08-21 19:24:07,809 | INFO  | OMAudit | user=jenkins1000 | ip=127.0.0.1 | op=ALLOCATE_BLOCK {volume=vol-0-90666, bucket=bucket-0-29336, key=key-0-94354, dataSize=0, replicationType=null, replicationFactor=null, keyLocationInfo=null, clientID=102656601977389458} | ret=SUCCESS |  
2019-08-21 19:24:07,815 | INFO  | DNAudit | user=null | ip=null | op=WRITE_CHUNK {blockData=conID: 3 locID: 102656602787480054 bcsId: 0} | ret=SUCCESS |  
2019-08-21 19:24:07,817 | INFO  | DNAudit | user=null | ip=null | op=WRITE_CHUNK {blockData=conID: 3 locID: 102656602787480054 bcsId: 0} | ret=SUCCESS |  
2019-08-21 19:24:07,818 | INFO  | DNAudit | user=null | ip=null | op=WRITE_CHUNK {blockData=conID: 3 locID: 102656602787480054 bcsId: 0} | ret=SUCCESS |  
2019-08-21 19:24:07,818 | INFO  | DNAudit | user=null | ip=null | op=WRITE_CHUNK {blockData=conID: 3 locID: 102656602787480054 bcsId: 0} | ret=SUCCESS |  
2019-08-21 19:24:07,820 | INFO  | DNAudit | user=null | ip=null | op=WRITE_CHUNK {blockData=conID: 3 locID: 102656602787480054 bcsId: 0} | ret=SUCCESS |  
2019-08-21 19:24:07,820 | INFO  | DNAudit | user=null | ip=null | op=WRITE_CHUNK {blockData=conID: 3 locID: 102656602787480054 bcsId: 0} | ret=SUCCESS |  
2019-08-21 19:24:07,828 | INFO  | DNAudit | user=null | ip=null | op=WRITE_CHUNK {blockData=conID: 3 locID: 102656602787480054 bcsId: 0} | ret=SUCCESS |  
2019-08-21 19:24:07,828 | INFO  | DNAudit | user=null | ip=null | op=PUT_BLOCK {blockData=[blockId=conID: 3 locID: 102656602787480054 bcsId: 0,size=1048576]} | ret=SUCCESS |  
2019-08-21 19:24:07,828 [grpc-default-executor-4] INFO  client.GrpcClientProtocolClient (GrpcClientProtocolClient.java:onNext(255)) - client-DA9582518C67->1df8bd03-73ef-4b9c-8622-5dc9d0e29c31: receive RaftClientReply:client-DA9582518C67->1df8bd03-73ef-4b9c-8622-5dc9d0e29c31@group-F45402591F47, cid=1588, SUCCESS, logIndex=2240, commits[1df8bd03-73ef-4b9c-8622-5dc9d0e29c31:c2241, 12aca755-ada5-42df-801b-c61f99d8e8b8:c2239, a308b8bf-0324-43a1-a87f-1e10a96e3042:c2239]
2019-08-21 19:24:07,828 | INFO  | DNAudit | user=null | ip=null | op=WRITE_CHUNK {blockData=conID: 3 locID: 102656602787480054 bcsId: 0} | ret=SUCCESS |  
2019-08-21 19:24:07,829 [grpc-default-executor-5] INFO  client.GrpcClientProtocolClient (GrpcClientProtocolClient.java:onNext(255)) - client-DA9582518C67->1df8bd03-73ef-4b9c-8622-5dc9d0e29c31: receive RaftClientReply:client-DA9582518C67->1df8bd03-73ef-4b9c-8622-5dc9d0e29c31@group-F45402591F47, cid=1589, SUCCESS, logIndex=2241, commits[1df8bd03-73ef-4b9c-8622-5dc9d0e29c31:c2241, 12aca755-ada5-42df-801b-c61f99d8e8b8:c2239, a308b8bf-0324-43a1-a87f-1e10a96e3042:c2239]
2019-08-21 19:24:07,829 | INFO  | DNAudit | user=null | ip=null | op=PUT_BLOCK {blockData=[blockId=conID: 3 locID: 102656602787480054 bcsId: 0,size=2097152]} | ret=SUCCESS |  
2019-08-21 19:24:07,829 [grpc-default-executor-5] INFO  client.GrpcClientProtocolClient (GrpcClientProtocolClient.java:onNext(255)) - client-DA9582518C67->1df8bd03-73ef-4b9c-8622-5dc9d0e29c31: receive RaftClientReply:client-DA9582518C67->1df8bd03-73ef-4b9c-8622-5dc9d0e29c31@group-F45402591F47, cid=1590, SUCCESS, logIndex=2242, commits[1df8bd03-73ef-4b9c-8622-5dc9d0e29c31:c2243, 12aca755-ada5-42df-801b-c61f99d8e8b8:c2239, a308b8bf-0324-43a1-a87f-1e10a96e3042:c2239]
2019-08-21 19:24:07,829 [grpc-default-executor-5] INFO  client.GrpcClientProtocolClient (GrpcClientProtocolClient.java:onNext(255)) - client-DA9582518C67->1df8bd03-73ef-4b9c-8622-5dc9d0e29c31: receive RaftClientReply:client-DA9582518C67->1df8bd03-73ef-4b9c-8622-5dc9d0e29c31@group-F45402591F47, cid=1591, SUCCESS, logIndex=2243, commits[1df8bd03-73ef-4b9c-8622-5dc9d0e29c31:c2243, 12aca755-ada5-42df-801b-c61f99d8e8b8:c2239, a308b8bf-0324-43a1-a87f-1e10a96e3042:c2239]
2019-08-21 19:24:07,830 | INFO  | DNAudit | user=null | ip=null | op=WRITE_CHUNK {blockData=conID: 3 locID: 102656602787480054 bcsId: 0} | ret=SUCCESS |  
2019-08-21 19:24:07,830 | INFO  | DNAudit | user=null | ip=null | op=PUT_BLOCK {blockData=[blockId=conID: 3 locID: 102656602787480054 bcsId: 0,size=1048576]} | ret=SUCCESS |  
2019-08-21 19:24:07,830 | INFO  | DNAudit | user=null | ip=null | op=WRITE_CHUNK {blockData=conID: 3 locID: 102656602787480054 bcsId: 0} | ret=SUCCESS |  
2019-08-21 19:24:07,831 | INFO  | DNAudit | user=null | ip=null | op=PUT_BLOCK {blockData=[blockId=conID: 3 locID: 102656602787480054 bcsId: 0,size=1048576]} | ret=SUCCESS |  
2019-08-21 19:24:07,831 [grpc-default-executor-0] INFO  client.GrpcClientProtocolClient (GrpcClientProtocolClient.java:onNext(255)) - client-DA9582518C67->1df8bd03-73ef-4b9c-8622-5dc9d0e29c31: receive RaftClientReply:client-DA9582518C67->1df8bd03-73ef-4b9c-8622-5dc9d0e29c31@group-F45402591F47, cid=1592, SUCCESS, logIndex=0, commits[1df8bd03-73ef-4b9c-8622-5dc9d0e29c31:c2245, 12aca755-ada5-42df-801b-c61f99d8e8b8:c2241, a308b8bf-0324-43a1-a87f-1e10a96e3042:c2241]
2019-08-21 19:24:07,831 | INFO  | DNAudit | user=null | ip=null | op=WRITE_CHUNK {blockData=conID: 3 locID: 102656602787480054 bcsId: 0} | ret=SUCCESS |  
2019-08-21 19:24:07,831 | INFO  | DNAudit | user=null | ip=null | op=WRITE_CHUNK {blockData=conID: 3 locID: 102656602787480054 bcsId: 0} | ret=SUCCESS |  
2019-08-21 19:24:07,831 | INFO  | DNAudit | user=null | ip=null | op=PUT_BLOCK {blockData=[blockId=conID: 3 locID: 102656602787480054 bcsId: 0,size=2097152]} | ret=SUCCESS |  
2019-08-21 19:24:07,831 | INFO  | DNAudit | user=null | ip=null | op=PUT_BLOCK {blockData=[blockId=conID: 3 locID: 102656602787480054 bcsId: 0,size=2097152]} | ret=SUCCESS |  
2019-08-21 19:24:07,836 | INFO  | DNAudit | user=null | ip=null | op=WRITE_CHUNK {blockData=conID: 3 locID: 102656602787480054 bcsId: 2243} | ret=SUCCESS |  
2019-08-21 19:24:07,839 | INFO  | DNAudit | user=null | ip=null | op=WRITE_CHUNK {blockData=conID: 3 locID: 102656602787480054 bcsId: 2243} | ret=SUCCESS |  
2019-08-21 19:24:07,839 | INFO  | DNAudit | user=null | ip=null | op=WRITE_CHUNK {blockData=conID: 3 locID: 102656602787480054 bcsId: 2243} | ret=SUCCESS |  
2019-08-21 19:24:07,844 | INFO  | DNAudit | user=null | ip=null | op=WRITE_CHUNK {blockData=conID: 3 locID: 102656602787480054 bcsId: 2243} | ret=SUCCESS |  
2019-08-21 19:24:07,845 | INFO  | DNAudit | user=null | ip=null | op=PUT_BLOCK {blockData=[blockId=conID: 3 locID: 102656602787480054 bcsId: 0,size=3145728]} | ret=SUCCESS |  
2019-08-21 19:24:07,845 [grpc-default-executor-4] INFO  client.GrpcClientProtocolClient (GrpcClientProtocolClient.java:onNext(255)) - client-DA9582518C67->1df8bd03-73ef-4b9c-8622-5dc9d0e29c31: receive RaftClientReply:client-DA9582518C67->1df8bd03-73ef-4b9c-8622-5dc9d0e29c31@group-F45402591F47, cid=1593, SUCCESS, logIndex=2248, commits[1df8bd03-73ef-4b9c-8622-5dc9d0e29c31:c2249, 12aca755-ada5-42df-801b-c61f99d8e8b8:c2247, a308b8bf-0324-43a1-a87f-1e10a96e3042:c2247]
2019-08-21 19:24:07,845 [grpc-default-executor-4] INFO  client.GrpcClientProtocolClient (GrpcClientProtocolClient.java:onNext(255)) - client-DA9582518C67->1df8bd03-73ef-4b9c-8622-5dc9d0e29c31: receive RaftClientReply:client-DA9582518C67->1df8bd03-73ef-4b9c-8622-5dc9d0e29c31@group-F45402591F47, cid=1594, SUCCESS, logIndex=2249, commits[1df8bd03-73ef-4b9c-8622-5dc9d0e29c31:c2249, 12aca755-ada5-42df-801b-c61f99d8e8b8:c2247, a308b8bf-0324-43a1-a87f-1e10a96e3042:c2247]
2019-08-21 19:24:07,848 | INFO  | DNAudit | user=null | ip=null | op=WRITE_CHUNK {blockData=conID: 3 locID: 102656602787480054 bcsId: 2243} | ret=SUCCESS |  
2019-08-21 19:24:07,848 | INFO  | DNAudit | user=null | ip=null | op=WRITE_CHUNK {blockData=conID: 3 locID: 102656602787480054 bcsId: 2243} | ret=SUCCESS |  
2019-08-21 19:24:07,848 | INFO  | DNAudit | user=null | ip=null | op=PUT_BLOCK {blockData=[blockId=conID: 3 locID: 102656602787480054 bcsId: 0,size=3145728]} | ret=SUCCESS |  
2019-08-21 19:24:07,848 | INFO  | DNAudit | user=null | ip=null | op=PUT_BLOCK {blockData=[blockId=conID: 3 locID: 102656602787480054 bcsId: 0,size=3145728]} | ret=SUCCESS |  
2019-08-21 19:24:07,851 | INFO  | DNAudit | user=null | ip=null | op=WRITE_CHUNK {blockData=conID: 3 locID: 102656602787480054 bcsId: 2249} | ret=SUCCESS |  
2019-08-21 19:24:07,853 | INFO  | DNAudit | user=null | ip=null | op=WRITE_CHUNK {blockData=conID: 3 locID: 102656602787480054 bcsId: 2249} | ret=SUCCESS |  
2019-08-21 19:24:07,853 | INFO  | DNAudit | user=null | ip=null | op=WRITE_CHUNK {blockData=conID: 3 locID: 102656602787480054 bcsId: 2249} | ret=SUCCESS |  
2019-08-21 19:24:07,869 | INFO  | DNAudit | user=null | ip=null | op=WRITE_CHUNK {blockData=conID: 3 locID: 102656602787480054 bcsId: 2249} | ret=SUCCESS |  
2019-08-21 19:24:07,870 | INFO  | DNAudit | user=null | ip=null | op=PUT_BLOCK {blockData=[blockId=conID: 3 locID: 102656602787480054 bcsId: 0,size=4194304]} | ret=SUCCESS |  
2019-08-21 19:24:07,870 [grpc-default-executor-5] INFO  client.GrpcClientProtocolClient (GrpcClientProtocolClient.java:onNext(255)) - client-DA9582518C67->1df8bd03-73ef-4b9c-8622-5dc9d0e29c31: receive RaftClientReply:client-DA9582518C67->1df8bd03-73ef-4b9c-8622-5dc9d0e29c31@group-F45402591F47, cid=1595, SUCCESS, logIndex=2252, commits[1df8bd03-73ef-4b9c-8622-5dc9d0e29c31:c2253, 12aca755-ada5-42df-801b-c61f99d8e8b8:c2250, a308b8bf-0324-43a1-a87f-1e10a96e3042:c2250]
2019-08-21 19:24:07,870 [grpc-default-executor-5] INFO  client.GrpcClientProtocolClient (GrpcClientProtocolClient.java:onNext(255)) - client-DA9582518C67->1df8bd03-73ef-4b9c-8622-5dc9d0e29c31: receive RaftClientReply:client-DA9582518C67->1df8bd03-73ef-4b9c-8622-5dc9d0e29c31@group-F45402591F47, cid=1596, SUCCESS, logIndex=2253, commits[1df8bd03-73ef-4b9c-8622-5dc9d0e29c31:c2253, 12aca755-ada5-42df-801b-c61f99d8e8b8:c2250, a308b8bf-0324-43a1-a87f-1e10a96e3042:c2250]
2019-08-21 19:24:07,880 | INFO  | DNAudit | user=null | ip=null | op=WRITE_CHUNK {blockData=conID: 3 locID: 102656602787480054 bcsId: 2249} | ret=SUCCESS |  
2019-08-21 19:24:07,880 | INFO  | DNAudit | user=null | ip=null | op=WRITE_CHUNK {blockData=conID: 3 locID: 102656602787480054 bcsId: 2249} | ret=SUCCESS |  
2019-08-21 19:24:07,897 | INFO  | DNAudit | user=null | ip=null | op=PUT_BLOCK {blockData=[blockId=conID: 3 locID: 102656602787480054 bcsId: 0,size=4194304]} | ret=SUCCESS |  
2019-08-21 19:24:07,897 | INFO  | DNAudit | user=null | ip=null | op=PUT_BLOCK {blockData=[blockId=conID: 3 locID: 102656602787480054 bcsId: 0,size=4194304]} | ret=SUCCESS |  
2019-08-21 19:24:07,897 [grpc-default-executor-0] INFO  client.GrpcClientProtocolClient (GrpcClientProtocolClient.java:onNext(255)) - client-DA9582518C67->1df8bd03-73ef-4b9c-8622-5dc9d0e29c31: receive RaftClientReply:client-DA9582518C67->1df8bd03-73ef-4b9c-8622-5dc9d0e29c31@group-F45402591F47, cid=1597, SUCCESS, logIndex=0, commits[1df8bd03-73ef-4b9c-8622-5dc9d0e29c31:c2254, 12aca755-ada5-42df-801b-c61f99d8e8b8:c2253, a308b8bf-0324-43a1-a87f-1e10a96e3042:c2253]
2019-08-21 19:24:07,901 | INFO  | SCMAudit | user=jenkins1000 | ip=192.168.69.88 | op=ALLOCATE_BLOCK {owner=a4b1d482-4fe6-4e71-84a6-a95f4ce3f696, size=4194304, type=RATIS, factor=THREE} | ret=SUCCESS |  
2019-08-21 19:24:07,903 | INFO  | OMAudit | user=jenkins1000 | ip=127.0.0.1 | op=ALLOCATE_BLOCK {volume=vol-0-90666, bucket=bucket-0-29336, key=key-0-94354, dataSize=0, replicationType=null, replicationFactor=null, keyLocationInfo=null, clientID=102656601977389458} | ret=SUCCESS |  
2019-08-21 19:24:07,910 | INFO  | DNAudit | user=null | ip=null | op=WRITE_CHUNK {blockData=conID: 1 locID: 102656602793640439 bcsId: 0} | ret=SUCCESS |  
2019-08-21 19:24:07,913 | INFO  | DNAudit | user=null | ip=null | op=WRITE_CHUNK {blockData=conID: 1 locID: 102656602793640439 bcsId: 0} | ret=SUCCESS |  
2019-08-21 19:24:07,913 | INFO  | DNAudit | user=null | ip=null | op=WRITE_CHUNK {blockData=conID: 1 locID: 102656602793640439 bcsId: 0} | ret=SUCCESS |  
2019-08-21 19:24:07,913 | INFO  | DNAudit | user=null | ip=null | op=WRITE_CHUNK {blockData=conID: 1 locID: 102656602793640439 bcsId: 0} | ret=SUCCESS |  
2019-08-21 19:24:07,915 | INFO  | DNAudit | user=null | ip=null | op=WRITE_CHUNK {blockData=conID: 1 locID: 102656602793640439 bcsId: 0} | ret=SUCCESS |  
2019-08-21 19:24:07,915 | INFO  | DNAudit | user=null | ip=null | op=WRITE_CHUNK {blockData=conID: 1 locID: 102656602793640439 bcsId: 0} | ret=SUCCESS |  
2019-08-21 19:24:07,924 | INFO  | DNAudit | user=null | ip=null | op=WRITE_CHUNK {blockData=conID: 1 locID: 102656602793640439 bcsId: 0} | ret=SUCCESS |  
2019-08-21 19:24:07,926 | INFO  | DNAudit | user=null | ip=null | op=PUT_BLOCK {blockData=[blockId=conID: 1 locID: 102656602793640439 bcsId: 0,size=1048576]} | ret=SUCCESS |  
2019-08-21 19:24:07,927 | INFO  | DNAudit | user=null | ip=null | op=WRITE_CHUNK {blockData=conID: 1 locID: 102656602793640439 bcsId: 0} | ret=SUCCESS |  
2019-08-21 19:24:07,927 | INFO  | DNAudit | user=null | ip=null | op=PUT_BLOCK {blockData=[blockId=conID: 1 locID: 102656602793640439 bcsId: 0,size=1048576]} | ret=SUCCESS |  
2019-08-21 19:24:07,927 [grpc-default-executor-0] INFO  client.GrpcClientProtocolClient (GrpcClientProtocolClient.java:onNext(255)) - client-DA9582518C67->1df8bd03-73ef-4b9c-8622-5dc9d0e29c31: receive RaftClientReply:client-DA9582518C67->1df8bd03-73ef-4b9c-8622-5dc9d0e29c31@group-F45402591F47, cid=1598, SUCCESS, logIndex=2256, commits[1df8bd03-73ef-4b9c-8622-5dc9d0e29c31:c2259, 12aca755-ada5-42df-801b-c61f99d8e8b8:c2255, a308b8bf-0324-43a1-a87f-1e10a96e3042:c2255]
2019-08-21 19:24:07,927 | INFO  | DNAudit | user=null | ip=null | op=WRITE_CHUNK {blockData=conID: 1 locID: 102656602793640439 bcsId: 0} | ret=SUCCESS |  
2019-08-21 19:24:07,927 | INFO  | DNAudit | user=null | ip=null | op=WRITE_CHUNK {blockData=conID: 1 locID: 102656602793640439 bcsId: 0} | ret=SUCCESS |  
2019-08-21 19:24:07,927 | INFO  | DNAudit | user=null | ip=null | op=PUT_BLOCK {blockData=[blockId=conID: 1 locID: 102656602793640439 bcsId: 0,size=2097152]} | ret=SUCCESS |  
2019-08-21 19:24:07,927 [grpc-default-executor-0] INFO  client.GrpcClientProtocolClient (GrpcClientProtocolClient.java:onNext(255)) - client-DA9582518C67->1df8bd03-73ef-4b9c-8622-5dc9d0e29c31: receive RaftClientReply:client-DA9582518C67->1df8bd03-73ef-4b9c-8622-5dc9d0e29c31@group-F45402591F47, cid=1599, SUCCESS, logIndex=2257, commits[1df8bd03-73ef-4b9c-8622-5dc9d0e29c31:c2259, 12aca755-ada5-42df-801b-c61f99d8e8b8:c2255, a308b8bf-0324-43a1-a87f-1e10a96e3042:c2255]
2019-08-21 19:24:07,927 | INFO  | DNAudit | user=null | ip=null | op=PUT_BLOCK {blockData=[blockId=conID: 1 locID: 102656602793640439 bcsId: 0,size=1048576]} | ret=SUCCESS |  
2019-08-21 19:24:07,927 [grpc-default-executor-0] INFO  client.GrpcClientProtocolClient (GrpcClientProtocolClient.java:onNext(255)) - client-DA9582518C67->1df8bd03-73ef-4b9c-8622-5dc9d0e29c31: receive RaftClientReply:client-DA9582518C67->1df8bd03-73ef-4b9c-8622-5dc9d0e29c31@group-F45402591F47, cid=1600, SUCCESS, logIndex=2258, commits[1df8bd03-73ef-4b9c-8622-5dc9d0e29c31:c2260, 12aca755-ada5-42df-801b-c61f99d8e8b8:c2257, a308b8bf-0324-43a1-a87f-1e10a96e3042:c2257]
2019-08-21 19:24:07,928 | INFO  | DNAudit | user=null | ip=null | op=WRITE_CHUNK {blockData=conID: 1 locID: 102656602793640439 bcsId: 0} | ret=SUCCESS |  
2019-08-21 19:24:07,928 [grpc-default-executor-0] INFO  client.GrpcClientProtocolClient (GrpcClientProtocolClient.java:onNext(255)) - client-DA9582518C67->1df8bd03-73ef-4b9c-8622-5dc9d0e29c31: receive RaftClientReply:client-DA9582518C67->1df8bd03-73ef-4b9c-8622-5dc9d0e29c31@group-F45402591F47, cid=1601, SUCCESS, logIndex=2259, commits[1df8bd03-73ef-4b9c-8622-5dc9d0e29c31:c2263, 12aca755-ada5-42df-801b-c61f99d8e8b8:c2259, a308b8bf-0324-43a1-a87f-1e10a96e3042:c2257]
2019-08-21 19:24:07,928 | INFO  | DNAudit | user=null | ip=null | op=PUT_BLOCK {blockData=[blockId=conID: 1 locID: 102656602793640439 bcsId: 0,size=2097152]} | ret=SUCCESS |  
2019-08-21 19:24:07,929 | INFO  | DNAudit | user=null | ip=null | op=WRITE_CHUNK {blockData=conID: 1 locID: 102656602793640439 bcsId: 0} | ret=SUCCESS |  
2019-08-21 19:24:07,929 | INFO  | DNAudit | user=null | ip=null | op=PUT_BLOCK {blockData=[blockId=conID: 1 locID: 102656602793640439 bcsId: 0,size=2097152]} | ret=SUCCESS |  
2019-08-21 19:24:07,933 | INFO  | DNAudit | user=null | ip=null | op=WRITE_CHUNK {blockData=conID: 1 locID: 102656602793640439 bcsId: 2259} | ret=SUCCESS |  
2019-08-21 19:24:07,936 | INFO  | DNAudit | user=null | ip=null | op=WRITE_CHUNK {blockData=conID: 1 locID: 102656602793640439 bcsId: 2259} | ret=SUCCESS |  
2019-08-21 19:24:07,936 | INFO  | DNAudit | user=null | ip=null | op=WRITE_CHUNK {blockData=conID: 1 locID: 102656602793640439 bcsId: 2259} | ret=SUCCESS |  
2019-08-21 19:24:07,950 | INFO  | DNAudit | user=null | ip=null | op=WRITE_CHUNK {blockData=conID: 1 locID: 102656602793640439 bcsId: 2259} | ret=SUCCESS |  
2019-08-21 19:24:07,950 | INFO  | DNAudit | user=null | ip=null | op=PUT_BLOCK {blockData=[blockId=conID: 1 locID: 102656602793640439 bcsId: 0,size=3145728]} | ret=SUCCESS |  
2019-08-21 19:24:07,950 [grpc-default-executor-4] INFO  client.GrpcClientProtocolClient (GrpcClientProtocolClient.java:onNext(255)) - client-DA9582518C67->1df8bd03-73ef-4b9c-8622-5dc9d0e29c31: receive RaftClientReply:client-DA9582518C67->1df8bd03-73ef-4b9c-8622-5dc9d0e29c31@group-F45402591F47, cid=1602, SUCCESS, logIndex=2264, commits[1df8bd03-73ef-4b9c-8622-5dc9d0e29c31:c2265, 12aca755-ada5-42df-801b-c61f99d8e8b8:c2263, a308b8bf-0324-43a1-a87f-1e10a96e3042:c2263]
2019-08-21 19:24:07,951 [grpc-default-executor-4] INFO  client.GrpcClientProtocolClient (GrpcClientProtocolClient.java:onNext(255)) - client-DA9582518C67->1df8bd03-73ef-4b9c-8622-5dc9d0e29c31: receive RaftClientReply:client-DA9582518C67->1df8bd03-73ef-4b9c-8622-5dc9d0e29c31@group-F45402591F47, cid=1603, SUCCESS, logIndex=2265, commits[1df8bd03-73ef-4b9c-8622-5dc9d0e29c31:c2265, 12aca755-ada5-42df-801b-c61f99d8e8b8:c2263, a308b8bf-0324-43a1-a87f-1e10a96e3042:c2263]
2019-08-21 19:24:07,956 | INFO  | DNAudit | user=null | ip=null | op=WRITE_CHUNK {blockData=conID: 1 locID: 102656602793640439 bcsId: 2265} | ret=SUCCESS |  
2019-08-21 19:24:07,959 | INFO  | DNAudit | user=null | ip=null | op=WRITE_CHUNK {blockData=conID: 1 locID: 102656602793640439 bcsId: 2265} | ret=SUCCESS |  
2019-08-21 19:24:07,959 | INFO  | DNAudit | user=null | ip=null | op=WRITE_CHUNK {blockData=conID: 1 locID: 102656602793640439 bcsId: 2265} | ret=SUCCESS |  
2019-08-21 19:24:07,961 | INFO  | DNAudit | user=null | ip=null | op=WRITE_CHUNK {blockData=conID: 1 locID: 102656602793640439 bcsId: 2259} | ret=SUCCESS |  
2019-08-21 19:24:07,961 | INFO  | DNAudit | user=null | ip=null | op=WRITE_CHUNK {blockData=conID: 1 locID: 102656602793640439 bcsId: 2259} | ret=SUCCESS |  
2019-08-21 19:24:07,962 | INFO  | DNAudit | user=null | ip=null | op=PUT_BLOCK {blockData=[blockId=conID: 1 locID: 102656602793640439 bcsId: 0,size=3145728]} | ret=SUCCESS |  
2019-08-21 19:24:07,962 | INFO  | DNAudit | user=null | ip=null | op=PUT_BLOCK {blockData=[blockId=conID: 1 locID: 102656602793640439 bcsId: 0,size=3145728]} | ret=SUCCESS |  
2019-08-21 19:24:07,964 | INFO  | DNAudit | user=null | ip=null | op=WRITE_CHUNK {blockData=conID: 1 locID: 102656602793640439 bcsId: 2265} | ret=SUCCESS |  
2019-08-21 19:24:07,965 | INFO  | DNAudit | user=null | ip=null | op=PUT_BLOCK {blockData=[blockId=conID: 1 locID: 102656602793640439 bcsId: 0,size=4194304]} | ret=SUCCESS |  
2019-08-21 19:24:07,965 [grpc-default-executor-0] INFO  client.GrpcClientProtocolClient (GrpcClientProtocolClient.java:onNext(255)) - client-DA9582518C67->1df8bd03-73ef-4b9c-8622-5dc9d0e29c31: receive RaftClientReply:client-DA9582518C67->1df8bd03-73ef-4b9c-8622-5dc9d0e29c31@group-F45402591F47, cid=1604, SUCCESS, logIndex=2268, commits[1df8bd03-73ef-4b9c-8622-5dc9d0e29c31:c2269, 12aca755-ada5-42df-801b-c61f99d8e8b8:c2265, a308b8bf-0324-43a1-a87f-1e10a96e3042:c2265]
2019-08-21 19:24:07,965 [grpc-default-executor-0] INFO  client.GrpcClientProtocolClient (GrpcClientProtocolClient.java:onNext(255)) - client-DA9582518C67->1df8bd03-73ef-4b9c-8622-5dc9d0e29c31: receive RaftClientReply:client-DA9582518C67->1df8bd03-73ef-4b9c-8622-5dc9d0e29c31@group-F45402591F47, cid=1605, SUCCESS, logIndex=2269, commits[1df8bd03-73ef-4b9c-8622-5dc9d0e29c31:c2269, 12aca755-ada5-42df-801b-c61f99d8e8b8:c2265, a308b8bf-0324-43a1-a87f-1e10a96e3042:c2265]
2019-08-21 19:24:07,972 | INFO  | SCMAudit | user=jenkins1000 | ip=192.168.69.88 | op=SEND_HEARTBEAT {datanodeUUID=12aca755-ada5-42df-801b-c61f99d8e8b8, command=[]} | ret=SUCCESS |  
2019-08-21 19:24:07,972 | INFO  | SCMAudit | user=jenkins1000 | ip=192.168.69.88 | op=SEND_HEARTBEAT {datanodeUUID=a308b8bf-0324-43a1-a87f-1e10a96e3042, command=[]} | ret=SUCCESS |  
2019-08-21 19:24:07,972 | INFO  | SCMAudit | user=jenkins1000 | ip=192.168.69.88 | op=SEND_HEARTBEAT {datanodeUUID=1df8bd03-73ef-4b9c-8622-5dc9d0e29c31, command=[]} | ret=SUCCESS |  
2019-08-21 19:24:07,974 | INFO  | DNAudit | user=null | ip=null | op=WRITE_CHUNK {blockData=conID: 1 locID: 102656602793640439 bcsId: 2265} | ret=SUCCESS |  
2019-08-21 19:24:07,974 | INFO  | DNAudit | user=null | ip=null | op=WRITE_CHUNK {blockData=conID: 1 locID: 102656602793640439 bcsId: 2265} | ret=SUCCESS |  
2019-08-21 19:24:07,974 | INFO  | DNAudit | user=null | ip=null | op=PUT_BLOCK {blockData=[blockId=conID: 1 locID: 102656602793640439 bcsId: 0,size=4194304]} | ret=SUCCESS |  
2019-08-21 19:24:07,974 | INFO  | DNAudit | user=null | ip=null | op=PUT_BLOCK {blockData=[blockId=conID: 1 locID: 102656602793640439 bcsId: 0,size=4194304]} | ret=SUCCESS |  
2019-08-21 19:24:07,974 [grpc-default-executor-4] INFO  client.GrpcClientProtocolClient (GrpcClientProtocolClient.java:onNext(255)) - client-DA9582518C67->1df8bd03-73ef-4b9c-8622-5dc9d0e29c31: receive RaftClientReply:client-DA9582518C67->1df8bd03-73ef-4b9c-8622-5dc9d0e29c31@group-F45402591F47, cid=1606, SUCCESS, logIndex=0, commits[1df8bd03-73ef-4b9c-8622-5dc9d0e29c31:c2270, 12aca755-ada5-42df-801b-c61f99d8e8b8:c2269, a308b8bf-0324-43a1-a87f-1e10a96e3042:c2269]
2019-08-21 19:24:07,978 | INFO  | SCMAudit | user=jenkins1000 | ip=192.168.69.88 | op=ALLOCATE_BLOCK {owner=a4b1d482-4fe6-4e71-84a6-a95f4ce3f696, size=4194304, type=RATIS, factor=THREE} | ret=SUCCESS |  
2019-08-21 19:24:07,980 | INFO  | OMAudit | user=jenkins1000 | ip=127.0.0.1 | op=ALLOCATE_BLOCK {volume=vol-0-90666, bucket=bucket-0-29336, key=key-0-94354, dataSize=0, replicationType=null, replicationFactor=null, keyLocationInfo=null, clientID=102656601977389458} | ret=SUCCESS |  
2019-08-21 19:24:08,086 | INFO  | DNAudit | user=null | ip=null | op=WRITE_CHUNK {blockData=conID: 2 locID: 102656602798686712 bcsId: 0} | ret=SUCCESS |  
2019-08-21 19:24:08,089 | INFO  | DNAudit | user=null | ip=null | op=WRITE_CHUNK {blockData=conID: 2 locID: 102656602798686712 bcsId: 0} | ret=SUCCESS |  
2019-08-21 19:24:08,090 | INFO  | DNAudit | user=null | ip=null | op=WRITE_CHUNK {blockData=conID: 2 locID: 102656602798686712 bcsId: 0} | ret=SUCCESS |  
2019-08-21 19:24:08,090 | INFO  | DNAudit | user=null | ip=null | op=WRITE_CHUNK {blockData=conID: 2 locID: 102656602798686712 bcsId: 0} | ret=SUCCESS |  
2019-08-21 19:24:08,091 | INFO  | DNAudit | user=null | ip=null | op=WRITE_CHUNK {blockData=conID: 2 locID: 102656602798686712 bcsId: 0} | ret=SUCCESS |  
2019-08-21 19:24:08,092 | INFO  | DNAudit | user=null | ip=null | op=WRITE_CHUNK {blockData=conID: 2 locID: 102656602798686712 bcsId: 0} | ret=SUCCESS |  
2019-08-21 19:24:08,097 | INFO  | DNAudit | user=null | ip=null | op=WRITE_CHUNK {blockData=conID: 2 locID: 102656602798686712 bcsId: 0} | ret=SUCCESS |  
2019-08-21 19:24:08,098 | INFO  | DNAudit | user=null | ip=null | op=PUT_BLOCK {blockData=[blockId=conID: 2 locID: 102656602798686712 bcsId: 0,size=1048576]} | ret=SUCCESS |  
2019-08-21 19:24:08,098 [grpc-default-executor-5] INFO  client.GrpcClientProtocolClient (GrpcClientProtocolClient.java:onNext(255)) - client-DA9582518C67->1df8bd03-73ef-4b9c-8622-5dc9d0e29c31: receive RaftClientReply:client-DA9582518C67->1df8bd03-73ef-4b9c-8622-5dc9d0e29c31@group-F45402591F47, cid=1607, SUCCESS, logIndex=2272, commits[1df8bd03-73ef-4b9c-8622-5dc9d0e29c31:c2273, 12aca755-ada5-42df-801b-c61f99d8e8b8:c2271, a308b8bf-0324-43a1-a87f-1e10a96e3042:c2271]
2019-08-21 19:24:08,098 [grpc-default-executor-5] INFO  client.GrpcClientProtocolClient (GrpcClientProtocolClient.java:onNext(255)) - client-DA9582518C67->1df8bd03-73ef-4b9c-8622-5dc9d0e29c31: receive RaftClientReply:client-DA9582518C67->1df8bd03-73ef-4b9c-8622-5dc9d0e29c31@group-F45402591F47, cid=1608, SUCCESS, logIndex=2273, commits[1df8bd03-73ef-4b9c-8622-5dc9d0e29c31:c2273, 12aca755-ada5-42df-801b-c61f99d8e8b8:c2271, a308b8bf-0324-43a1-a87f-1e10a96e3042:c2271]
2019-08-21 19:24:08,113 | INFO  | DNAudit | user=null | ip=null | op=WRITE_CHUNK {blockData=conID: 2 locID: 102656602798686712 bcsId: 0} | ret=SUCCESS |  
2019-08-21 19:24:08,113 | INFO  | DNAudit | user=null | ip=null | op=PUT_BLOCK {blockData=[blockId=conID: 2 locID: 102656602798686712 bcsId: 0,size=2097152]} | ret=SUCCESS |  
2019-08-21 19:24:08,113 [grpc-default-executor-0] INFO  client.GrpcClientProtocolClient (GrpcClientProtocolClient.java:onNext(255)) - client-DA9582518C67->1df8bd03-73ef-4b9c-8622-5dc9d0e29c31: receive RaftClientReply:client-DA9582518C67->1df8bd03-73ef-4b9c-8622-5dc9d0e29c31@group-F45402591F47, cid=1609, SUCCESS, logIndex=2274, commits[1df8bd03-73ef-4b9c-8622-5dc9d0e29c31:c2275, 12aca755-ada5-42df-801b-c61f99d8e8b8:c2271, a308b8bf-0324-43a1-a87f-1e10a96e3042:c2271]
2019-08-21 19:24:08,114 [grpc-default-executor-0] INFO  client.GrpcClientProtocolClient (GrpcClientProtocolClient.java:onNext(255)) - client-DA9582518C67->1df8bd03-73ef-4b9c-8622-5dc9d0e29c31: receive RaftClientReply:client-DA9582518C67->1df8bd03-73ef-4b9c-8622-5dc9d0e29c31@group-F45402591F47, cid=1610, SUCCESS, logIndex=2275, commits[1df8bd03-73ef-4b9c-8622-5dc9d0e29c31:c2275, 12aca755-ada5-42df-801b-c61f99d8e8b8:c2271, a308b8bf-0324-43a1-a87f-1e10a96e3042:c2271]
2019-08-21 19:24:08,115 | INFO  | DNAudit | user=null | ip=null | op=WRITE_CHUNK {blockData=conID: 2 locID: 102656602798686712 bcsId: 0} | ret=SUCCESS |  
2019-08-21 19:24:08,115 | INFO  | DNAudit | user=null | ip=null | op=WRITE_CHUNK {blockData=conID: 2 locID: 102656602798686712 bcsId: 0} | ret=SUCCESS |  
2019-08-21 19:24:08,116 | INFO  | DNAudit | user=null | ip=null | op=PUT_BLOCK {blockData=[blockId=conID: 2 locID: 102656602798686712 bcsId: 0,size=1048576]} | ret=SUCCESS |  
2019-08-21 19:24:08,116 | INFO  | DNAudit | user=null | ip=null | op=PUT_BLOCK {blockData=[blockId=conID: 2 locID: 102656602798686712 bcsId: 0,size=1048576]} | ret=SUCCESS |  
2019-08-21 19:24:08,116 [grpc-default-executor-0] INFO  client.GrpcClientProtocolClient (GrpcClientProtocolClient.java:onNext(255)) - client-DA9582518C67->1df8bd03-73ef-4b9c-8622-5dc9d0e29c31: receive RaftClientReply:client-DA9582518C67->1df8bd03-73ef-4b9c-8622-5dc9d0e29c31@group-F45402591F47, cid=1611, SUCCESS, logIndex=0, commits[1df8bd03-73ef-4b9c-8622-5dc9d0e29c31:c2276, 12aca755-ada5-42df-801b-c61f99d8e8b8:c2273, a308b8bf-0324-43a1-a87f-1e10a96e3042:c2273]
2019-08-21 19:24:08,121 | INFO  | DNAudit | user=null | ip=null | op=WRITE_CHUNK {blockData=conID: 2 locID: 102656602798686712 bcsId: 2275} | ret=SUCCESS |  
2019-08-21 19:24:08,124 | INFO  | DNAudit | user=null | ip=null | op=WRITE_CHUNK {blockData=conID: 2 locID: 102656602798686712 bcsId: 2275} | ret=SUCCESS |  
2019-08-21 19:24:08,124 | INFO  | DNAudit | user=null | ip=null | op=WRITE_CHUNK {blockData=conID: 2 locID: 102656602798686712 bcsId: 2275} | ret=SUCCESS |  
2019-08-21 19:24:08,127 | INFO  | DNAudit | user=null | ip=null | op=WRITE_CHUNK {blockData=conID: 2 locID: 102656602798686712 bcsId: 0} | ret=SUCCESS |  
2019-08-21 19:24:08,127 | INFO  | DNAudit | user=null | ip=null | op=WRITE_CHUNK {blockData=conID: 2 locID: 102656602798686712 bcsId: 0} | ret=SUCCESS |  
2019-08-21 19:24:08,127 | INFO  | DNAudit | user=null | ip=null | op=PUT_BLOCK {blockData=[blockId=conID: 2 locID: 102656602798686712 bcsId: 0,size=2097152]} | ret=SUCCESS |  
2019-08-21 19:24:08,127 | INFO  | DNAudit | user=null | ip=null | op=PUT_BLOCK {blockData=[blockId=conID: 2 locID: 102656602798686712 bcsId: 0,size=2097152]} | ret=SUCCESS |  
2019-08-21 19:24:08,128 | INFO  | DNAudit | user=null | ip=null | op=WRITE_CHUNK {blockData=conID: 2 locID: 102656602798686712 bcsId: 2275} | ret=SUCCESS |  
2019-08-21 19:24:08,129 | INFO  | DNAudit | user=null | ip=null | op=PUT_BLOCK {blockData=[blockId=conID: 2 locID: 102656602798686712 bcsId: 0,size=3145728]} | ret=SUCCESS |  
2019-08-21 19:24:08,129 [grpc-default-executor-4] INFO  client.GrpcClientProtocolClient (GrpcClientProtocolClient.java:onNext(255)) - client-DA9582518C67->1df8bd03-73ef-4b9c-8622-5dc9d0e29c31: receive RaftClientReply:client-DA9582518C67->1df8bd03-73ef-4b9c-8622-5dc9d0e29c31@group-F45402591F47, cid=1612, SUCCESS, logIndex=2280, commits[1df8bd03-73ef-4b9c-8622-5dc9d0e29c31:c2281, 12aca755-ada5-42df-801b-c61f99d8e8b8:c2275, a308b8bf-0324-43a1-a87f-1e10a96e3042:c2277]
2019-08-21 19:24:08,129 [grpc-default-executor-4] INFO  client.GrpcClientProtocolClient (GrpcClientProtocolClient.java:onNext(255)) - client-DA9582518C67->1df8bd03-73ef-4b9c-8622-5dc9d0e29c31: receive RaftClientReply:client-DA9582518C67->1df8bd03-73ef-4b9c-8622-5dc9d0e29c31@group-F45402591F47, cid=1613, SUCCESS, logIndex=2281, commits[1df8bd03-73ef-4b9c-8622-5dc9d0e29c31:c2281, 12aca755-ada5-42df-801b-c61f99d8e8b8:c2277, a308b8bf-0324-43a1-a87f-1e10a96e3042:c2277]
2019-08-21 19:24:08,132 | INFO  | DNAudit | user=null | ip=null | op=WRITE_CHUNK {blockData=conID: 2 locID: 102656602798686712 bcsId: 2275} | ret=SUCCESS |  
2019-08-21 19:24:08,132 | INFO  | DNAudit | user=null | ip=null | op=WRITE_CHUNK {blockData=conID: 2 locID: 102656602798686712 bcsId: 2275} | ret=SUCCESS |  
2019-08-21 19:24:08,132 | INFO  | DNAudit | user=null | ip=null | op=PUT_BLOCK {blockData=[blockId=conID: 2 locID: 102656602798686712 bcsId: 0,size=3145728]} | ret=SUCCESS |  
2019-08-21 19:24:08,132 | INFO  | DNAudit | user=null | ip=null | op=PUT_BLOCK {blockData=[blockId=conID: 2 locID: 102656602798686712 bcsId: 0,size=3145728]} | ret=SUCCESS |  
2019-08-21 19:24:08,135 | INFO  | DNAudit | user=null | ip=null | op=WRITE_CHUNK {blockData=conID: 2 locID: 102656602798686712 bcsId: 2281} | ret=SUCCESS |  
2019-08-21 19:24:08,137 | INFO  | DNAudit | user=null | ip=null | op=WRITE_CHUNK {blockData=conID: 2 locID: 102656602798686712 bcsId: 2281} | ret=SUCCESS |  
2019-08-21 19:24:08,137 | INFO  | DNAudit | user=null | ip=null | op=WRITE_CHUNK {blockData=conID: 2 locID: 102656602798686712 bcsId: 2281} | ret=SUCCESS |  
2019-08-21 19:24:08,144 | INFO  | DNAudit | user=null | ip=null | op=WRITE_CHUNK {blockData=conID: 2 locID: 102656602798686712 bcsId: 2281} | ret=SUCCESS |  
2019-08-21 19:24:08,144 | INFO  | DNAudit | user=null | ip=null | op=PUT_BLOCK {blockData=[blockId=conID: 2 locID: 102656602798686712 bcsId: 0,size=4194304]} | ret=SUCCESS |  
2019-08-21 19:24:08,145 [grpc-default-executor-4] INFO  client.GrpcClientProtocolClient (GrpcClientProtocolClient.java:onNext(255)) - client-DA9582518C67->1df8bd03-73ef-4b9c-8622-5dc9d0e29c31: receive RaftClientReply:client-DA9582518C67->1df8bd03-73ef-4b9c-8622-5dc9d0e29c31@group-F45402591F47, cid=1614, SUCCESS, logIndex=2284, commits[1df8bd03-73ef-4b9c-8622-5dc9d0e29c31:c2285, 12aca755-ada5-42df-801b-c61f99d8e8b8:c2282, a308b8bf-0324-43a1-a87f-1e10a96e3042:c2281]
2019-08-21 19:24:08,145 [grpc-default-executor-4] INFO  client.GrpcClientProtocolClient (GrpcClientProtocolClient.java:onNext(255)) - client-DA9582518C67->1df8bd03-73ef-4b9c-8622-5dc9d0e29c31: receive RaftClientReply:client-DA9582518C67->1df8bd03-73ef-4b9c-8622-5dc9d0e29c31@group-F45402591F47, cid=1615, SUCCESS, logIndex=2285, commits[1df8bd03-73ef-4b9c-8622-5dc9d0e29c31:c2285, 12aca755-ada5-42df-801b-c61f99d8e8b8:c2282, a308b8bf-0324-43a1-a87f-1e10a96e3042:c2281]
2019-08-21 19:24:08,147 | INFO  | DNAudit | user=null | ip=null | op=WRITE_CHUNK {blockData=conID: 2 locID: 102656602798686712 bcsId: 2281} | ret=SUCCESS |  
2019-08-21 19:24:08,147 | INFO  | DNAudit | user=null | ip=null | op=PUT_BLOCK {blockData=[blockId=conID: 2 locID: 102656602798686712 bcsId: 0,size=4194304]} | ret=SUCCESS |  
2019-08-21 19:24:08,158 | INFO  | DNAudit | user=null | ip=null | op=WRITE_CHUNK {blockData=conID: 2 locID: 102656602798686712 bcsId: 2281} | ret=SUCCESS |  
2019-08-21 19:24:08,158 | INFO  | DNAudit | user=null | ip=null | op=PUT_BLOCK {blockData=[blockId=conID: 2 locID: 102656602798686712 bcsId: 0,size=4194304]} | ret=SUCCESS |  
2019-08-21 19:24:08,158 [grpc-default-executor-4] INFO  client.GrpcClientProtocolClient (GrpcClientProtocolClient.java:onNext(255)) - client-DA9582518C67->1df8bd03-73ef-4b9c-8622-5dc9d0e29c31: receive RaftClientReply:client-DA9582518C67->1df8bd03-73ef-4b9c-8622-5dc9d0e29c31@group-F45402591F47, cid=1616, SUCCESS, logIndex=0, commits[1df8bd03-73ef-4b9c-8622-5dc9d0e29c31:c2286, 12aca755-ada5-42df-801b-c61f99d8e8b8:c2285, a308b8bf-0324-43a1-a87f-1e10a96e3042:c2285]
2019-08-21 19:24:08,162 | INFO  | SCMAudit | user=jenkins1000 | ip=192.168.69.88 | op=ALLOCATE_BLOCK {owner=a4b1d482-4fe6-4e71-84a6-a95f4ce3f696, size=4194304, type=RATIS, factor=THREE} | ret=SUCCESS |  
2019-08-21 19:24:08,164 | INFO  | OMAudit | user=jenkins1000 | ip=127.0.0.1 | op=ALLOCATE_BLOCK {volume=vol-0-90666, bucket=bucket-0-29336, key=key-0-94354, dataSize=0, replicationType=null, replicationFactor=null, keyLocationInfo=null, clientID=102656601977389458} | ret=SUCCESS |  
2019-08-21 19:24:08,169 | INFO  | DNAudit | user=null | ip=null | op=WRITE_CHUNK {blockData=conID: 3 locID: 102656602810745337 bcsId: 0} | ret=SUCCESS |  
2019-08-21 19:24:08,172 | INFO  | DNAudit | user=null | ip=null | op=WRITE_CHUNK {blockData=conID: 3 locID: 102656602810745337 bcsId: 0} | ret=SUCCESS |  
2019-08-21 19:24:08,172 | INFO  | DNAudit | user=null | ip=null | op=WRITE_CHUNK {blockData=conID: 3 locID: 102656602810745337 bcsId: 0} | ret=SUCCESS |  
2019-08-21 19:24:08,173 | INFO  | DNAudit | user=null | ip=null | op=WRITE_CHUNK {blockData=conID: 3 locID: 102656602810745337 bcsId: 0} | ret=SUCCESS |  
2019-08-21 19:24:08,175 | INFO  | DNAudit | user=null | ip=null | op=WRITE_CHUNK {blockData=conID: 3 locID: 102656602810745337 bcsId: 0} | ret=SUCCESS |  
2019-08-21 19:24:08,175 | INFO  | DNAudit | user=null | ip=null | op=WRITE_CHUNK {blockData=conID: 3 locID: 102656602810745337 bcsId: 0} | ret=SUCCESS |  
2019-08-21 19:24:08,189 | INFO  | DNAudit | user=null | ip=null | op=WRITE_CHUNK {blockData=conID: 3 locID: 102656602810745337 bcsId: 0} | ret=SUCCESS |  
2019-08-21 19:24:08,190 | INFO  | DNAudit | user=null | ip=null | op=PUT_BLOCK {blockData=[blockId=conID: 3 locID: 102656602810745337 bcsId: 0,size=1048576]} | ret=SUCCESS |  
2019-08-21 19:24:08,190 [grpc-default-executor-5] INFO  client.GrpcClientProtocolClient (GrpcClientProtocolClient.java:onNext(255)) - client-DA9582518C67->1df8bd03-73ef-4b9c-8622-5dc9d0e29c31: receive RaftClientReply:client-DA9582518C67->1df8bd03-73ef-4b9c-8622-5dc9d0e29c31@group-F45402591F47, cid=1617, SUCCESS, logIndex=2287, commits[1df8bd03-73ef-4b9c-8622-5dc9d0e29c31:c2290, 12aca755-ada5-42df-801b-c61f99d8e8b8:c2286, a308b8bf-0324-43a1-a87f-1e10a96e3042:c2286]
2019-08-21 19:24:08,190 | INFO  | DNAudit | user=null | ip=null | op=WRITE_CHUNK {blockData=conID: 3 locID: 102656602810745337 bcsId: 0} | ret=SUCCESS |  
2019-08-21 19:24:08,190 [grpc-default-executor-5] INFO  client.GrpcClientProtocolClient (GrpcClientProtocolClient.java:onNext(255)) - client-DA9582518C67->1df8bd03-73ef-4b9c-8622-5dc9d0e29c31: receive RaftClientReply:client-DA9582518C67->1df8bd03-73ef-4b9c-8622-5dc9d0e29c31@group-F45402591F47, cid=1618, SUCCESS, logIndex=2288, commits[1df8bd03-73ef-4b9c-8622-5dc9d0e29c31:c2290, 12aca755-ada5-42df-801b-c61f99d8e8b8:c2286, a308b8bf-0324-43a1-a87f-1e10a96e3042:c2286]
2019-08-21 19:24:08,190 | INFO  | DNAudit | user=null | ip=null | op=PUT_BLOCK {blockData=[blockId=conID: 3 locID: 102656602810745337 bcsId: 0,size=2097152]} | ret=SUCCESS |  
2019-08-21 19:24:08,190 [grpc-default-executor-5] INFO  client.GrpcClientProtocolClient (GrpcClientProtocolClient.java:onNext(255)) - client-DA9582518C67->1df8bd03-73ef-4b9c-8622-5dc9d0e29c31: receive RaftClientReply:client-DA9582518C67->1df8bd03-73ef-4b9c-8622-5dc9d0e29c31@group-F45402591F47, cid=1619, SUCCESS, logIndex=2289, commits[1df8bd03-73ef-4b9c-8622-5dc9d0e29c31:c2290, 12aca755-ada5-42df-801b-c61f99d8e8b8:c2286, a308b8bf-0324-43a1-a87f-1e10a96e3042:c2286]
2019-08-21 19:24:08,191 [grpc-default-executor-5] INFO  client.GrpcClientProtocolClient (GrpcClientProtocolClient.java:onNext(255)) - client-DA9582518C67->1df8bd03-73ef-4b9c-8622-5dc9d0e29c31: receive RaftClientReply:client-DA9582518C67->1df8bd03-73ef-4b9c-8622-5dc9d0e29c31@group-F45402591F47, cid=1620, SUCCESS, logIndex=2290, commits[1df8bd03-73ef-4b9c-8622-5dc9d0e29c31:c2290, 12aca755-ada5-42df-801b-c61f99d8e8b8:c2286, a308b8bf-0324-43a1-a87f-1e10a96e3042:c2286]
2019-08-21 19:24:08,191 | INFO  | SCMAudit | user=jenkins1000 | ip=192.168.69.88 | op=SEND_HEARTBEAT {datanodeUUID=cfaf9666-ca64-459e-bd34-ff7c349f752a, command=[]} | ret=SUCCESS |  
2019-08-21 19:24:08,201 | INFO  | DNAudit | user=null | ip=null | op=WRITE_CHUNK {blockData=conID: 3 locID: 102656602810745337 bcsId: 0} | ret=SUCCESS |  
2019-08-21 19:24:08,201 | INFO  | DNAudit | user=null | ip=null | op=PUT_BLOCK {blockData=[blockId=conID: 3 locID: 102656602810745337 bcsId: 0,size=1048576]} | ret=SUCCESS |  
2019-08-21 19:24:08,201 | INFO  | DNAudit | user=null | ip=null | op=WRITE_CHUNK {blockData=conID: 3 locID: 102656602810745337 bcsId: 0} | ret=SUCCESS |  
2019-08-21 19:24:08,202 | INFO  | DNAudit | user=null | ip=null | op=PUT_BLOCK {blockData=[blockId=conID: 3 locID: 102656602810745337 bcsId: 0,size=1048576]} | ret=SUCCESS |  
2019-08-21 19:24:08,202 | INFO  | DNAudit | user=null | ip=null | op=WRITE_CHUNK {blockData=conID: 3 locID: 102656602810745337 bcsId: 0} | ret=SUCCESS |  
2019-08-21 19:24:08,202 | INFO  | DNAudit | user=null | ip=null | op=PUT_BLOCK {blockData=[blockId=conID: 3 locID: 102656602810745337 bcsId: 0,size=2097152]} | ret=SUCCESS |  
2019-08-21 19:24:08,202 | INFO  | DNAudit | user=null | ip=null | op=WRITE_CHUNK {blockData=conID: 3 locID: 102656602810745337 bcsId: 0} | ret=SUCCESS |  
2019-08-21 19:24:08,202 [grpc-default-executor-5] INFO  client.GrpcClientProtocolClient (GrpcClientProtocolClient.java:onNext(255)) - client-DA9582518C67->1df8bd03-73ef-4b9c-8622-5dc9d0e29c31: receive RaftClientReply:client-DA9582518C67->1df8bd03-73ef-4b9c-8622-5dc9d0e29c31@group-F45402591F47, cid=1621, SUCCESS, logIndex=0, commits[1df8bd03-73ef-4b9c-8622-5dc9d0e29c31:c2291, 12aca755-ada5-42df-801b-c61f99d8e8b8:c2288, a308b8bf-0324-43a1-a87f-1e10a96e3042:c2288]
2019-08-21 19:24:08,202 | INFO  | DNAudit | user=null | ip=null | op=PUT_BLOCK {blockData=[blockId=conID: 3 locID: 102656602810745337 bcsId: 0,size=2097152]} | ret=SUCCESS |  
2019-08-21 19:24:08,208 | INFO  | DNAudit | user=null | ip=null | op=WRITE_CHUNK {blockData=conID: 3 locID: 102656602810745337 bcsId: 2290} | ret=SUCCESS |  
2019-08-21 19:24:08,210 | INFO  | DNAudit | user=null | ip=null | op=WRITE_CHUNK {blockData=conID: 3 locID: 102656602810745337 bcsId: 2290} | ret=SUCCESS |  
2019-08-21 19:24:08,210 | INFO  | DNAudit | user=null | ip=null | op=WRITE_CHUNK {blockData=conID: 3 locID: 102656602810745337 bcsId: 2290} | ret=SUCCESS |  
2019-08-21 19:24:08,222 | INFO  | DNAudit | user=null | ip=null | op=WRITE_CHUNK {blockData=conID: 3 locID: 102656602810745337 bcsId: 2290} | ret=SUCCESS |  
2019-08-21 19:24:08,223 | INFO  | DNAudit | user=null | ip=null | op=PUT_BLOCK {blockData=[blockId=conID: 3 locID: 102656602810745337 bcsId: 0,size=3145728]} | ret=SUCCESS |  
2019-08-21 19:24:08,223 [grpc-default-executor-5] INFO  client.GrpcClientProtocolClient (GrpcClientProtocolClient.java:onNext(255)) - client-DA9582518C67->1df8bd03-73ef-4b9c-8622-5dc9d0e29c31: receive RaftClientReply:client-DA9582518C67->1df8bd03-73ef-4b9c-8622-5dc9d0e29c31@group-F45402591F47, cid=1622, SUCCESS, logIndex=2295, commits[1df8bd03-73ef-4b9c-8622-5dc9d0e29c31:c2296, 12aca755-ada5-42df-801b-c61f99d8e8b8:c2294, a308b8bf-0324-43a1-a87f-1e10a96e3042:c2294]
2019-08-21 19:24:08,223 [grpc-default-executor-5] INFO  client.GrpcClientProtocolClient (GrpcClientProtocolClient.java:onNext(255)) - client-DA9582518C67->1df8bd03-73ef-4b9c-8622-5dc9d0e29c31: receive RaftClientReply:client-DA9582518C67->1df8bd03-73ef-4b9c-8622-5dc9d0e29c31@group-F45402591F47, cid=1623, SUCCESS, logIndex=2296, commits[1df8bd03-73ef-4b9c-8622-5dc9d0e29c31:c2296, 12aca755-ada5-42df-801b-c61f99d8e8b8:c2294, a308b8bf-0324-43a1-a87f-1e10a96e3042:c2294]
2019-08-21 19:24:08,223 | INFO  | DNAudit | user=null | ip=null | op=WRITE_CHUNK {blockData=conID: 3 locID: 102656602810745337 bcsId: 2290} | ret=SUCCESS |  
2019-08-21 19:24:08,223 | INFO  | DNAudit | user=null | ip=null | op=WRITE_CHUNK {blockData=conID: 3 locID: 102656602810745337 bcsId: 2290} | ret=SUCCESS |  
2019-08-21 19:24:08,223 | INFO  | DNAudit | user=null | ip=null | op=PUT_BLOCK {blockData=[blockId=conID: 3 locID: 102656602810745337 bcsId: 0,size=3145728]} | ret=SUCCESS |  
2019-08-21 19:24:08,223 | INFO  | DNAudit | user=null | ip=null | op=PUT_BLOCK {blockData=[blockId=conID: 3 locID: 102656602810745337 bcsId: 0,size=3145728]} | ret=SUCCESS |  
2019-08-21 19:24:08,228 | INFO  | DNAudit | user=null | ip=null | op=WRITE_CHUNK {blockData=conID: 3 locID: 102656602810745337 bcsId: 2296} | ret=SUCCESS |  
2019-08-21 19:24:08,249 | INFO  | DNAudit | user=null | ip=null | op=WRITE_CHUNK {blockData=conID: 3 locID: 102656602810745337 bcsId: 2296} | ret=SUCCESS |  
2019-08-21 19:24:08,249 | INFO  | DNAudit | user=null | ip=null | op=WRITE_CHUNK {blockData=conID: 3 locID: 102656602810745337 bcsId: 2296} | ret=SUCCESS |  
2019-08-21 19:24:08,251 | INFO  | DNAudit | user=null | ip=null | op=WRITE_CHUNK {blockData=conID: 3 locID: 102656602810745337 bcsId: 2296} | ret=SUCCESS |  
2019-08-21 19:24:08,252 | INFO  | DNAudit | user=null | ip=null | op=PUT_BLOCK {blockData=[blockId=conID: 3 locID: 102656602810745337 bcsId: 0,size=4194304]} | ret=SUCCESS |  
2019-08-21 19:24:08,252 [grpc-default-executor-0] INFO  client.GrpcClientProtocolClient (GrpcClientProtocolClient.java:onNext(255)) - client-DA9582518C67->1df8bd03-73ef-4b9c-8622-5dc9d0e29c31: receive RaftClientReply:client-DA9582518C67->1df8bd03-73ef-4b9c-8622-5dc9d0e29c31@group-F45402591F47, cid=1624, SUCCESS, logIndex=2299, commits[1df8bd03-73ef-4b9c-8622-5dc9d0e29c31:c2300, 12aca755-ada5-42df-801b-c61f99d8e8b8:c2298, a308b8bf-0324-43a1-a87f-1e10a96e3042:c2298]
2019-08-21 19:24:08,252 [grpc-default-executor-0] INFO  client.GrpcClientProtocolClient (GrpcClientProtocolClient.java:onNext(255)) - client-DA9582518C67->1df8bd03-73ef-4b9c-8622-5dc9d0e29c31: receive RaftClientReply:client-DA9582518C67->1df8bd03-73ef-4b9c-8622-5dc9d0e29c31@group-F45402591F47, cid=1625, SUCCESS, logIndex=2300, commits[1df8bd03-73ef-4b9c-8622-5dc9d0e29c31:c2300, 12aca755-ada5-42df-801b-c61f99d8e8b8:c2298, a308b8bf-0324-43a1-a87f-1e10a96e3042:c2298]
2019-08-21 19:24:08,262 | INFO  | DNAudit | user=null | ip=null | op=WRITE_CHUNK {blockData=conID: 3 locID: 102656602810745337 bcsId: 2296} | ret=SUCCESS |  
2019-08-21 19:24:08,262 | INFO  | DNAudit | user=null | ip=null | op=WRITE_CHUNK {blockData=conID: 3 locID: 102656602810745337 bcsId: 2296} | ret=SUCCESS |  
2019-08-21 19:24:08,263 | INFO  | DNAudit | user=null | ip=null | op=PUT_BLOCK {blockData=[blockId=conID: 3 locID: 102656602810745337 bcsId: 0,size=4194304]} | ret=SUCCESS |  
2019-08-21 19:24:08,263 | INFO  | DNAudit | user=null | ip=null | op=PUT_BLOCK {blockData=[blockId=conID: 3 locID: 102656602810745337 bcsId: 0,size=4194304]} | ret=SUCCESS |  
2019-08-21 19:24:08,263 [grpc-default-executor-0] INFO  client.GrpcClientProtocolClient (GrpcClientProtocolClient.java:onNext(255)) - client-DA9582518C67->1df8bd03-73ef-4b9c-8622-5dc9d0e29c31: receive RaftClientReply:client-DA9582518C67->1df8bd03-73ef-4b9c-8622-5dc9d0e29c31@group-F45402591F47, cid=1626, SUCCESS, logIndex=0, commits[1df8bd03-73ef-4b9c-8622-5dc9d0e29c31:c2301, 12aca755-ada5-42df-801b-c61f99d8e8b8:c2300, a308b8bf-0324-43a1-a87f-1e10a96e3042:c2300]
2019-08-21 19:24:08,266 | INFO  | SCMAudit | user=jenkins1000 | ip=192.168.69.88 | op=ALLOCATE_BLOCK {owner=a4b1d482-4fe6-4e71-84a6-a95f4ce3f696, size=4194304, type=RATIS, factor=THREE} | ret=SUCCESS |  
2019-08-21 19:24:08,268 | INFO  | OMAudit | user=jenkins1000 | ip=127.0.0.1 | op=ALLOCATE_BLOCK {volume=vol-0-90666, bucket=bucket-0-29336, key=key-0-94354, dataSize=0, replicationType=null, replicationFactor=null, keyLocationInfo=null, clientID=102656601977389458} | ret=SUCCESS |  
2019-08-21 19:24:08,274 | INFO  | DNAudit | user=null | ip=null | op=WRITE_CHUNK {blockData=conID: 1 locID: 102656602817561082 bcsId: 0} | ret=SUCCESS |  
2019-08-21 19:24:08,276 | INFO  | DNAudit | user=null | ip=null | op=WRITE_CHUNK {blockData=conID: 1 locID: 102656602817561082 bcsId: 0} | ret=SUCCESS |  
2019-08-21 19:24:08,276 | INFO  | DNAudit | user=null | ip=null | op=WRITE_CHUNK {blockData=conID: 1 locID: 102656602817561082 bcsId: 0} | ret=SUCCESS |  
2019-08-21 19:24:08,277 | INFO  | DNAudit | user=null | ip=null | op=WRITE_CHUNK {blockData=conID: 1 locID: 102656602817561082 bcsId: 0} | ret=SUCCESS |  
2019-08-21 19:24:08,279 | INFO  | DNAudit | user=null | ip=null | op=WRITE_CHUNK {blockData=conID: 1 locID: 102656602817561082 bcsId: 0} | ret=SUCCESS |  
2019-08-21 19:24:08,279 | INFO  | DNAudit | user=null | ip=null | op=WRITE_CHUNK {blockData=conID: 1 locID: 102656602817561082 bcsId: 0} | ret=SUCCESS |  
2019-08-21 19:24:08,280 | INFO  | DNAudit | user=null | ip=null | op=WRITE_CHUNK {blockData=conID: 1 locID: 102656602817561082 bcsId: 0} | ret=SUCCESS |  
2019-08-21 19:24:08,280 | INFO  | DNAudit | user=null | ip=null | op=PUT_BLOCK {blockData=[blockId=conID: 1 locID: 102656602817561082 bcsId: 0,size=1048576]} | ret=SUCCESS |  
2019-08-21 19:24:08,281 [grpc-default-executor-4] INFO  client.GrpcClientProtocolClient (GrpcClientProtocolClient.java:onNext(255)) - client-DA9582518C67->1df8bd03-73ef-4b9c-8622-5dc9d0e29c31: receive RaftClientReply:client-DA9582518C67->1df8bd03-73ef-4b9c-8622-5dc9d0e29c31@group-F45402591F47, cid=1627, SUCCESS, logIndex=2303, commits[1df8bd03-73ef-4b9c-8622-5dc9d0e29c31:c2304, 12aca755-ada5-42df-801b-c61f99d8e8b8:c2302, a308b8bf-0324-43a1-a87f-1e10a96e3042:c2302]
2019-08-21 19:24:08,281 [grpc-default-executor-4] INFO  client.GrpcClientProtocolClient (GrpcClientProtocolClient.java:onNext(255)) - client-DA9582518C67->1df8bd03-73ef-4b9c-8622-5dc9d0e29c31: receive RaftClientReply:client-DA9582518C67->1df8bd03-73ef-4b9c-8622-5dc9d0e29c31@group-F45402591F47, cid=1628, SUCCESS, logIndex=2304, commits[1df8bd03-73ef-4b9c-8622-5dc9d0e29c31:c2304, 12aca755-ada5-42df-801b-c61f99d8e8b8:c2302, a308b8bf-0324-43a1-a87f-1e10a96e3042:c2302]
2019-08-21 19:24:08,284 | INFO  | DNAudit | user=null | ip=null | op=WRITE_CHUNK {blockData=conID: 1 locID: 102656602817561082 bcsId: 0} | ret=SUCCESS |  
2019-08-21 19:24:08,284 | INFO  | DNAudit | user=null | ip=null | op=PUT_BLOCK {blockData=[blockId=conID: 1 locID: 102656602817561082 bcsId: 0,size=2097152]} | ret=SUCCESS |  
2019-08-21 19:24:08,284 [grpc-default-executor-0] INFO  client.GrpcClientProtocolClient (GrpcClientProtocolClient.java:onNext(255)) - client-DA9582518C67->1df8bd03-73ef-4b9c-8622-5dc9d0e29c31: receive RaftClientReply:client-DA9582518C67->1df8bd03-73ef-4b9c-8622-5dc9d0e29c31@group-F45402591F47, cid=1629, SUCCESS, logIndex=2305, commits[1df8bd03-73ef-4b9c-8622-5dc9d0e29c31:c2306, 12aca755-ada5-42df-801b-c61f99d8e8b8:c2302, a308b8bf-0324-43a1-a87f-1e10a96e3042:c2302]
2019-08-21 19:24:08,284 [grpc-default-executor-0] INFO  client.GrpcClientProtocolClient (GrpcClientProtocolClient.java:onNext(255)) - client-DA9582518C67->1df8bd03-73ef-4b9c-8622-5dc9d0e29c31: receive RaftClientReply:client-DA9582518C67->1df8bd03-73ef-4b9c-8622-5dc9d0e29c31@group-F45402591F47, cid=1630, SUCCESS, logIndex=2306, commits[1df8bd03-73ef-4b9c-8622-5dc9d0e29c31:c2306, 12aca755-ada5-42df-801b-c61f99d8e8b8:c2302, a308b8bf-0324-43a1-a87f-1e10a96e3042:c2302]
2019-08-21 19:24:08,297 | INFO  | DNAudit | user=null | ip=null | op=WRITE_CHUNK {blockData=conID: 1 locID: 102656602817561082 bcsId: 0} | ret=SUCCESS |  
2019-08-21 19:24:08,297 | INFO  | DNAudit | user=null | ip=null | op=WRITE_CHUNK {blockData=conID: 1 locID: 102656602817561082 bcsId: 0} | ret=SUCCESS |  
2019-08-21 19:24:08,297 | INFO  | DNAudit | user=null | ip=null | op=PUT_BLOCK {blockData=[blockId=conID: 1 locID: 102656602817561082 bcsId: 0,size=1048576]} | ret=SUCCESS |  
2019-08-21 19:24:08,297 | INFO  | DNAudit | user=null | ip=null | op=PUT_BLOCK {blockData=[blockId=conID: 1 locID: 102656602817561082 bcsId: 0,size=1048576]} | ret=SUCCESS |  
2019-08-21 19:24:08,297 [grpc-default-executor-0] INFO  client.GrpcClientProtocolClient (GrpcClientProtocolClient.java:onNext(255)) - client-DA9582518C67->1df8bd03-73ef-4b9c-8622-5dc9d0e29c31: receive RaftClientReply:client-DA9582518C67->1df8bd03-73ef-4b9c-8622-5dc9d0e29c31@group-F45402591F47, cid=1631, SUCCESS, logIndex=0, commits[1df8bd03-73ef-4b9c-8622-5dc9d0e29c31:c2307, 12aca755-ada5-42df-801b-c61f99d8e8b8:c2304, a308b8bf-0324-43a1-a87f-1e10a96e3042:c2304]
2019-08-21 19:24:08,302 | INFO  | DNAudit | user=null | ip=null | op=WRITE_CHUNK {blockData=conID: 1 locID: 102656602817561082 bcsId: 2306} | ret=SUCCESS |  
2019-08-21 19:24:08,305 | INFO  | DNAudit | user=null | ip=null | op=WRITE_CHUNK {blockData=conID: 1 locID: 102656602817561082 bcsId: 2306} | ret=SUCCESS |  
2019-08-21 19:24:08,305 | INFO  | DNAudit | user=null | ip=null | op=WRITE_CHUNK {blockData=conID: 1 locID: 102656602817561082 bcsId: 2306} | ret=SUCCESS |  
2019-08-21 19:24:08,310 | INFO  | DNAudit | user=null | ip=null | op=WRITE_CHUNK {blockData=conID: 1 locID: 102656602817561082 bcsId: 0} | ret=SUCCESS |  
2019-08-21 19:24:08,310 | INFO  | DNAudit | user=null | ip=null | op=WRITE_CHUNK {blockData=conID: 1 locID: 102656602817561082 bcsId: 0} | ret=SUCCESS |  
2019-08-21 19:24:08,310 | INFO  | DNAudit | user=null | ip=null | op=PUT_BLOCK {blockData=[blockId=conID: 1 locID: 102656602817561082 bcsId: 0,size=2097152]} | ret=SUCCESS |  
2019-08-21 19:24:08,310 | INFO  | DNAudit | user=null | ip=null | op=PUT_BLOCK {blockData=[blockId=conID: 1 locID: 102656602817561082 bcsId: 0,size=2097152]} | ret=SUCCESS |  
2019-08-21 19:24:08,321 | INFO  | DNAudit | user=null | ip=null | op=WRITE_CHUNK {blockData=conID: 1 locID: 102656602817561082 bcsId: 2306} | ret=SUCCESS |  
2019-08-21 19:24:08,322 | INFO  | DNAudit | user=null | ip=null | op=PUT_BLOCK {blockData=[blockId=conID: 1 locID: 102656602817561082 bcsId: 0,size=3145728]} | ret=SUCCESS |  
2019-08-21 19:24:08,322 [grpc-default-executor-4] INFO  client.GrpcClientProtocolClient (GrpcClientProtocolClient.java:onNext(255)) - client-DA9582518C67->1df8bd03-73ef-4b9c-8622-5dc9d0e29c31: receive RaftClientReply:client-DA9582518C67->1df8bd03-73ef-4b9c-8622-5dc9d0e29c31@group-F45402591F47, cid=1632, SUCCESS, logIndex=2311, commits[1df8bd03-73ef-4b9c-8622-5dc9d0e29c31:c2312, 12aca755-ada5-42df-801b-c61f99d8e8b8:c2307, a308b8bf-0324-43a1-a87f-1e10a96e3042:c2307]
2019-08-21 19:24:08,322 [grpc-default-executor-4] INFO  client.GrpcClientProtocolClient (GrpcClientProtocolClient.java:onNext(255)) - client-DA9582518C67->1df8bd03-73ef-4b9c-8622-5dc9d0e29c31: receive RaftClientReply:client-DA9582518C67->1df8bd03-73ef-4b9c-8622-5dc9d0e29c31@group-F45402591F47, cid=1633, SUCCESS, logIndex=2312, commits[1df8bd03-73ef-4b9c-8622-5dc9d0e29c31:c2312, 12aca755-ada5-42df-801b-c61f99d8e8b8:c2307, a308b8bf-0324-43a1-a87f-1e10a96e3042:c2307]
2019-08-21 19:24:08,327 | INFO  | DNAudit | user=null | ip=null | op=WRITE_CHUNK {blockData=conID: 1 locID: 102656602817561082 bcsId: 2312} | ret=SUCCESS |  
2019-08-21 19:24:08,329 | INFO  | DNAudit | user=null | ip=null | op=WRITE_CHUNK {blockData=conID: 1 locID: 102656602817561082 bcsId: 2312} | ret=SUCCESS |  
2019-08-21 19:24:08,329 | INFO  | DNAudit | user=null | ip=null | op=WRITE_CHUNK {blockData=conID: 1 locID: 102656602817561082 bcsId: 2312} | ret=SUCCESS |  
2019-08-21 19:24:08,335 | INFO  | DNAudit | user=null | ip=null | op=WRITE_CHUNK {blockData=conID: 1 locID: 102656602817561082 bcsId: 2306} | ret=SUCCESS |  
2019-08-21 19:24:08,335 | INFO  | DNAudit | user=null | ip=null | op=PUT_BLOCK {blockData=[blockId=conID: 1 locID: 102656602817561082 bcsId: 0,size=3145728]} | ret=SUCCESS |  
2019-08-21 19:24:08,335 | INFO  | DNAudit | user=null | ip=null | op=WRITE_CHUNK {blockData=conID: 1 locID: 102656602817561082 bcsId: 2306} | ret=SUCCESS |  
2019-08-21 19:24:08,335 | INFO  | DNAudit | user=null | ip=null | op=PUT_BLOCK {blockData=[blockId=conID: 1 locID: 102656602817561082 bcsId: 0,size=3145728]} | ret=SUCCESS |  
2019-08-21 19:24:08,338 | INFO  | DNAudit | user=null | ip=null | op=WRITE_CHUNK {blockData=conID: 1 locID: 102656602817561082 bcsId: 2312} | ret=SUCCESS |  
2019-08-21 19:24:08,338 | INFO  | DNAudit | user=null | ip=null | op=PUT_BLOCK {blockData=[blockId=conID: 1 locID: 102656602817561082 bcsId: 0,size=4194304]} | ret=SUCCESS |  
2019-08-21 19:24:08,339 [grpc-default-executor-4] INFO  client.GrpcClientProtocolClient (GrpcClientProtocolClient.java:onNext(255)) - client-DA9582518C67->1df8bd03-73ef-4b9c-8622-5dc9d0e29c31: receive RaftClientReply:client-DA9582518C67->1df8bd03-73ef-4b9c-8622-5dc9d0e29c31@group-F45402591F47, cid=1634, SUCCESS, logIndex=2315, commits[1df8bd03-73ef-4b9c-8622-5dc9d0e29c31:c2316, 12aca755-ada5-42df-801b-c61f99d8e8b8:c2312, a308b8bf-0324-43a1-a87f-1e10a96e3042:c2312]
2019-08-21 19:24:08,339 [grpc-default-executor-4] INFO  client.GrpcClientProtocolClient (GrpcClientProtocolClient.java:onNext(255)) - client-DA9582518C67->1df8bd03-73ef-4b9c-8622-5dc9d0e29c31: receive RaftClientReply:client-DA9582518C67->1df8bd03-73ef-4b9c-8622-5dc9d0e29c31@group-F45402591F47, cid=1635, SUCCESS, logIndex=2316, commits[1df8bd03-73ef-4b9c-8622-5dc9d0e29c31:c2316, 12aca755-ada5-42df-801b-c61f99d8e8b8:c2312, a308b8bf-0324-43a1-a87f-1e10a96e3042:c2312]
2019-08-21 19:24:08,349 | INFO  | DNAudit | user=null | ip=null | op=WRITE_CHUNK {blockData=conID: 1 locID: 102656602817561082 bcsId: 2312} | ret=SUCCESS |  
2019-08-21 19:24:08,349 | INFO  | DNAudit | user=null | ip=null | op=WRITE_CHUNK {blockData=conID: 1 locID: 102656602817561082 bcsId: 2312} | ret=SUCCESS |  
2019-08-21 19:24:08,350 | INFO  | DNAudit | user=null | ip=null | op=PUT_BLOCK {blockData=[blockId=conID: 1 locID: 102656602817561082 bcsId: 0,size=4194304]} | ret=SUCCESS |  
2019-08-21 19:24:08,350 | INFO  | DNAudit | user=null | ip=null | op=PUT_BLOCK {blockData=[blockId=conID: 1 locID: 102656602817561082 bcsId: 0,size=4194304]} | ret=SUCCESS |  
2019-08-21 19:24:08,350 [grpc-default-executor-0] INFO  client.GrpcClientProtocolClient (GrpcClientProtocolClient.java:onNext(255)) - client-DA9582518C67->1df8bd03-73ef-4b9c-8622-5dc9d0e29c31: receive RaftClientReply:client-DA9582518C67->1df8bd03-73ef-4b9c-8622-5dc9d0e29c31@group-F45402591F47, cid=1636, SUCCESS, logIndex=0, commits[1df8bd03-73ef-4b9c-8622-5dc9d0e29c31:c2316, 12aca755-ada5-42df-801b-c61f99d8e8b8:c2316, a308b8bf-0324-43a1-a87f-1e10a96e3042:c2316]
2019-08-21 19:24:08,353 | INFO  | SCMAudit | user=jenkins1000 | ip=192.168.69.88 | op=ALLOCATE_BLOCK {owner=a4b1d482-4fe6-4e71-84a6-a95f4ce3f696, size=4194304, type=RATIS, factor=THREE} | ret=SUCCESS |  
2019-08-21 19:24:08,355 | INFO  | OMAudit | user=jenkins1000 | ip=127.0.0.1 | op=ALLOCATE_BLOCK {volume=vol-0-90666, bucket=bucket-0-29336, key=key-0-94354, dataSize=0, replicationType=null, replicationFactor=null, keyLocationInfo=null, clientID=102656601977389458} | ret=SUCCESS |  
2019-08-21 19:24:08,361 | INFO  | DNAudit | user=null | ip=null | op=WRITE_CHUNK {blockData=conID: 2 locID: 102656602823262715 bcsId: 0} | ret=SUCCESS |  
2019-08-21 19:24:08,363 | INFO  | DNAudit | user=null | ip=null | op=WRITE_CHUNK {blockData=conID: 2 locID: 102656602823262715 bcsId: 0} | ret=SUCCESS |  
2019-08-21 19:24:08,364 | INFO  | DNAudit | user=null | ip=null | op=WRITE_CHUNK {blockData=conID: 2 locID: 102656602823262715 bcsId: 0} | ret=SUCCESS |  
2019-08-21 19:24:08,364 | INFO  | DNAudit | user=null | ip=null | op=WRITE_CHUNK {blockData=conID: 2 locID: 102656602823262715 bcsId: 0} | ret=SUCCESS |  
2019-08-21 19:24:08,365 | INFO  | DNAudit | user=null | ip=null | op=WRITE_CHUNK {blockData=conID: 2 locID: 102656602823262715 bcsId: 0} | ret=SUCCESS |  
2019-08-21 19:24:08,365 | INFO  | DNAudit | user=null | ip=null | op=WRITE_CHUNK {blockData=conID: 2 locID: 102656602823262715 bcsId: 0} | ret=SUCCESS |  
2019-08-21 19:24:08,372 | INFO  | DNAudit | user=null | ip=null | op=WRITE_CHUNK {blockData=conID: 2 locID: 102656602823262715 bcsId: 0} | ret=SUCCESS |  
2019-08-21 19:24:08,373 | INFO  | DNAudit | user=null | ip=null | op=PUT_BLOCK {blockData=[blockId=conID: 2 locID: 102656602823262715 bcsId: 0,size=1048576]} | ret=SUCCESS |  
2019-08-21 19:24:08,373 | INFO  | DNAudit | user=null | ip=null | op=WRITE_CHUNK {blockData=conID: 2 locID: 102656602823262715 bcsId: 0} | ret=SUCCESS |  
2019-08-21 19:24:08,373 [grpc-default-executor-0] INFO  client.GrpcClientProtocolClient (GrpcClientProtocolClient.java:onNext(255)) - client-DA9582518C67->1df8bd03-73ef-4b9c-8622-5dc9d0e29c31: receive RaftClientReply:client-DA9582518C67->1df8bd03-73ef-4b9c-8622-5dc9d0e29c31@group-F45402591F47, cid=1637, SUCCESS, logIndex=2318, commits[1df8bd03-73ef-4b9c-8622-5dc9d0e29c31:c2321, 12aca755-ada5-42df-801b-c61f99d8e8b8:c2317, a308b8bf-0324-43a1-a87f-1e10a96e3042:c2317]
2019-08-21 19:24:08,373 | INFO  | DNAudit | user=null | ip=null | op=PUT_BLOCK {blockData=[blockId=conID: 2 locID: 102656602823262715 bcsId: 0,size=2097152]} | ret=SUCCESS |  
2019-08-21 19:24:08,373 [grpc-default-executor-0] INFO  client.GrpcClientProtocolClient (GrpcClientProtocolClient.java:onNext(255)) - client-DA9582518C67->1df8bd03-73ef-4b9c-8622-5dc9d0e29c31: receive RaftClientReply:client-DA9582518C67->1df8bd03-73ef-4b9c-8622-5dc9d0e29c31@group-F45402591F47, cid=1638, SUCCESS, logIndex=2319, commits[1df8bd03-73ef-4b9c-8622-5dc9d0e29c31:c2321, 12aca755-ada5-42df-801b-c61f99d8e8b8:c2317, a308b8bf-0324-43a1-a87f-1e10a96e3042:c2317]
2019-08-21 19:24:08,373 [grpc-default-executor-0] INFO  client.GrpcClientProtocolClient (GrpcClientProtocolClient.java:onNext(255)) - client-DA9582518C67->1df8bd03-73ef-4b9c-8622-5dc9d0e29c31: receive RaftClientReply:client-DA9582518C67->1df8bd03-73ef-4b9c-8622-5dc9d0e29c31@group-F45402591F47, cid=1639, SUCCESS, logIndex=2320, commits[1df8bd03-73ef-4b9c-8622-5dc9d0e29c31:c2321, 12aca755-ada5-42df-801b-c61f99d8e8b8:c2317, a308b8bf-0324-43a1-a87f-1e10a96e3042:c2317]
2019-08-21 19:24:08,374 [grpc-default-executor-0] INFO  client.GrpcClientProtocolClient (GrpcClientProtocolClient.java:onNext(255)) - client-DA9582518C67->1df8bd03-73ef-4b9c-8622-5dc9d0e29c31: receive RaftClientReply:client-DA9582518C67->1df8bd03-73ef-4b9c-8622-5dc9d0e29c31@group-F45402591F47, cid=1640, SUCCESS, logIndex=2321, commits[1df8bd03-73ef-4b9c-8622-5dc9d0e29c31:c2321, 12aca755-ada5-42df-801b-c61f99d8e8b8:c2317, a308b8bf-0324-43a1-a87f-1e10a96e3042:c2317]
2019-08-21 19:24:08,377 | INFO  | DNAudit | user=null | ip=null | op=WRITE_CHUNK {blockData=conID: 2 locID: 102656602823262715 bcsId: 0} | ret=SUCCESS |  
2019-08-21 19:24:08,377 | INFO  | DNAudit | user=null | ip=null | op=WRITE_CHUNK {blockData=conID: 2 locID: 102656602823262715 bcsId: 0} | ret=SUCCESS |  
2019-08-21 19:24:08,377 [grpc-default-executor-4] INFO  client.GrpcClientProtocolClient (GrpcClientProtocolClient.java:onNext(255)) - client-DA9582518C67->1df8bd03-73ef-4b9c-8622-5dc9d0e29c31: receive RaftClientReply:client-DA9582518C67->1df8bd03-73ef-4b9c-8622-5dc9d0e29c31@group-F45402591F47, cid=1641, SUCCESS, logIndex=0, commits[1df8bd03-73ef-4b9c-8622-5dc9d0e29c31:c2321, 12aca755-ada5-42df-801b-c61f99d8e8b8:c2319, a308b8bf-0324-43a1-a87f-1e10a96e3042:c2319]
2019-08-21 19:24:08,377 | INFO  | DNAudit | user=null | ip=null | op=PUT_BLOCK {blockData=[blockId=conID: 2 locID: 102656602823262715 bcsId: 0,size=1048576]} | ret=SUCCESS |  
2019-08-21 19:24:08,377 | INFO  | DNAudit | user=null | ip=null | op=PUT_BLOCK {blockData=[blockId=conID: 2 locID: 102656602823262715 bcsId: 0,size=1048576]} | ret=SUCCESS |  
2019-08-21 19:24:08,380 | INFO  | DNAudit | user=null | ip=null | op=WRITE_CHUNK {blockData=conID: 2 locID: 102656602823262715 bcsId: 0} | ret=SUCCESS |  
2019-08-21 19:24:08,380 | INFO  | DNAudit | user=null | ip=null | op=PUT_BLOCK {blockData=[blockId=conID: 2 locID: 102656602823262715 bcsId: 0,size=2097152]} | ret=SUCCESS |  
2019-08-21 19:24:08,380 | INFO  | DNAudit | user=null | ip=null | op=WRITE_CHUNK {blockData=conID: 2 locID: 102656602823262715 bcsId: 0} | ret=SUCCESS |  
2019-08-21 19:24:08,380 | INFO  | DNAudit | user=null | ip=null | op=PUT_BLOCK {blockData=[blockId=conID: 2 locID: 102656602823262715 bcsId: 0,size=2097152]} | ret=SUCCESS |  
2019-08-21 19:24:08,382 | INFO  | DNAudit | user=null | ip=null | op=WRITE_CHUNK {blockData=conID: 2 locID: 102656602823262715 bcsId: 2321} | ret=SUCCESS |  
2019-08-21 19:24:08,384 | INFO  | DNAudit | user=null | ip=null | op=WRITE_CHUNK {blockData=conID: 2 locID: 102656602823262715 bcsId: 2321} | ret=SUCCESS |  
2019-08-21 19:24:08,385 | INFO  | DNAudit | user=null | ip=null | op=WRITE_CHUNK {blockData=conID: 2 locID: 102656602823262715 bcsId: 2321} | ret=SUCCESS |  
2019-08-21 19:24:08,387 | INFO  | DNAudit | user=null | ip=null | op=WRITE_CHUNK {blockData=conID: 2 locID: 102656602823262715 bcsId: 2321} | ret=SUCCESS |  
2019-08-21 19:24:08,388 | INFO  | DNAudit | user=null | ip=null | op=PUT_BLOCK {blockData=[blockId=conID: 2 locID: 102656602823262715 bcsId: 0,size=3145728]} | ret=SUCCESS |  
2019-08-21 19:24:08,388 [grpc-default-executor-0] INFO  client.GrpcClientProtocolClient (GrpcClientProtocolClient.java:onNext(255)) - client-DA9582518C67->1df8bd03-73ef-4b9c-8622-5dc9d0e29c31: receive RaftClientReply:client-DA9582518C67->1df8bd03-73ef-4b9c-8622-5dc9d0e29c31@group-F45402591F47, cid=1642, SUCCESS, logIndex=2325, commits[1df8bd03-73ef-4b9c-8622-5dc9d0e29c31:c2326, 12aca755-ada5-42df-801b-c61f99d8e8b8:c2324, a308b8bf-0324-43a1-a87f-1e10a96e3042:c2324]
2019-08-21 19:24:08,388 [grpc-default-executor-0] INFO  client.GrpcClientProtocolClient (GrpcClientProtocolClient.java:onNext(255)) - client-DA9582518C67->1df8bd03-73ef-4b9c-8622-5dc9d0e29c31: receive RaftClientReply:client-DA9582518C67->1df8bd03-73ef-4b9c-8622-5dc9d0e29c31@group-F45402591F47, cid=1643, SUCCESS, logIndex=2326, commits[1df8bd03-73ef-4b9c-8622-5dc9d0e29c31:c2326, 12aca755-ada5-42df-801b-c61f99d8e8b8:c2324, a308b8bf-0324-43a1-a87f-1e10a96e3042:c2324]
2019-08-21 19:24:08,392 | INFO  | DNAudit | user=null | ip=null | op=WRITE_CHUNK {blockData=conID: 2 locID: 102656602823262715 bcsId: 2326} | ret=SUCCESS |  
2019-08-21 19:24:08,395 | INFO  | DNAudit | user=null | ip=null | op=WRITE_CHUNK {blockData=conID: 2 locID: 102656602823262715 bcsId: 2326} | ret=SUCCESS |  
2019-08-21 19:24:08,395 | INFO  | DNAudit | user=null | ip=null | op=WRITE_CHUNK {blockData=conID: 2 locID: 102656602823262715 bcsId: 2326} | ret=SUCCESS |  
2019-08-21 19:24:08,401 | INFO  | DNAudit | user=null | ip=null | op=WRITE_CHUNK {blockData=conID: 2 locID: 102656602823262715 bcsId: 2321} | ret=SUCCESS |  
2019-08-21 19:24:08,401 | INFO  | DNAudit | user=null | ip=null | op=WRITE_CHUNK {blockData=conID: 2 locID: 102656602823262715 bcsId: 2321} | ret=SUCCESS |  
2019-08-21 19:24:08,401 | INFO  | DNAudit | user=null | ip=null | op=PUT_BLOCK {blockData=[blockId=conID: 2 locID: 102656602823262715 bcsId: 0,size=3145728]} | ret=SUCCESS |  
2019-08-21 19:24:08,401 | INFO  | DNAudit | user=null | ip=null | op=PUT_BLOCK {blockData=[blockId=conID: 2 locID: 102656602823262715 bcsId: 0,size=3145728]} | ret=SUCCESS |  
2019-08-21 19:24:08,414 | INFO  | DNAudit | user=null | ip=null | op=WRITE_CHUNK {blockData=conID: 2 locID: 102656602823262715 bcsId: 2326} | ret=SUCCESS |  
2019-08-21 19:24:08,414 | INFO  | DNAudit | user=null | ip=null | op=PUT_BLOCK {blockData=[blockId=conID: 2 locID: 102656602823262715 bcsId: 0,size=4194304]} | ret=SUCCESS |  
2019-08-21 19:24:08,414 [grpc-default-executor-5] INFO  client.GrpcClientProtocolClient (GrpcClientProtocolClient.java:onNext(255)) - client-DA9582518C67->1df8bd03-73ef-4b9c-8622-5dc9d0e29c31: receive RaftClientReply:client-DA9582518C67->1df8bd03-73ef-4b9c-8622-5dc9d0e29c31@group-F45402591F47, cid=1644, SUCCESS, logIndex=2329, commits[1df8bd03-73ef-4b9c-8622-5dc9d0e29c31:c2330, 12aca755-ada5-42df-801b-c61f99d8e8b8:c2326, a308b8bf-0324-43a1-a87f-1e10a96e3042:c2326]
2019-08-21 19:24:08,415 [grpc-default-executor-5] INFO  client.GrpcClientProtocolClient (GrpcClientProtocolClient.java:onNext(255)) - client-DA9582518C67->1df8bd03-73ef-4b9c-8622-5dc9d0e29c31: receive RaftClientReply:client-DA9582518C67->1df8bd03-73ef-4b9c-8622-5dc9d0e29c31@group-F45402591F47, cid=1645, SUCCESS, logIndex=2330, commits[1df8bd03-73ef-4b9c-8622-5dc9d0e29c31:c2330, 12aca755-ada5-42df-801b-c61f99d8e8b8:c2326, a308b8bf-0324-43a1-a87f-1e10a96e3042:c2326]
2019-08-21 19:24:08,425 | INFO  | DNAudit | user=null | ip=null | op=WRITE_CHUNK {blockData=conID: 2 locID: 102656602823262715 bcsId: 2326} | ret=SUCCESS |  
2019-08-21 19:24:08,425 | INFO  | DNAudit | user=null | ip=null | op=WRITE_CHUNK {blockData=conID: 2 locID: 102656602823262715 bcsId: 2326} | ret=SUCCESS |  
2019-08-21 19:24:08,425 | INFO  | DNAudit | user=null | ip=null | op=PUT_BLOCK {blockData=[blockId=conID: 2 locID: 102656602823262715 bcsId: 0,size=4194304]} | ret=SUCCESS |  
2019-08-21 19:24:08,425 [grpc-default-executor-0] INFO  client.GrpcClientProtocolClient (GrpcClientProtocolClient.java:onNext(255)) - client-DA9582518C67->1df8bd03-73ef-4b9c-8622-5dc9d0e29c31: receive RaftClientReply:client-DA9582518C67->1df8bd03-73ef-4b9c-8622-5dc9d0e29c31@group-F45402591F47, cid=1646, SUCCESS, logIndex=0, commits[1df8bd03-73ef-4b9c-8622-5dc9d0e29c31:c2331, 12aca755-ada5-42df-801b-c61f99d8e8b8:c2330, a308b8bf-0324-43a1-a87f-1e10a96e3042:c2330]
2019-08-21 19:24:08,425 | INFO  | DNAudit | user=null | ip=null | op=PUT_BLOCK {blockData=[blockId=conID: 2 locID: 102656602823262715 bcsId: 0,size=4194304]} | ret=SUCCESS |  
2019-08-21 19:24:08,431 | INFO  | SCMAudit | user=jenkins1000 | ip=192.168.69.88 | op=ALLOCATE_BLOCK {owner=a4b1d482-4fe6-4e71-84a6-a95f4ce3f696, size=4194304, type=RATIS, factor=THREE} | ret=SUCCESS |  
2019-08-21 19:24:08,434 | INFO  | OMAudit | user=jenkins1000 | ip=127.0.0.1 | op=ALLOCATE_BLOCK {volume=vol-0-90666, bucket=bucket-0-29336, key=key-0-94354, dataSize=0, replicationType=null, replicationFactor=null, keyLocationInfo=null, clientID=102656601977389458} | ret=SUCCESS |  
2019-08-21 19:24:08,440 | INFO  | DNAudit | user=null | ip=null | op=WRITE_CHUNK {blockData=conID: 3 locID: 102656602828374524 bcsId: 0} | ret=SUCCESS |  
2019-08-21 19:24:08,441 | INFO  | DNAudit | user=null | ip=null | op=WRITE_CHUNK {blockData=conID: 3 locID: 102656602828374524 bcsId: 0} | ret=SUCCESS |  
2019-08-21 19:24:08,443 | INFO  | DNAudit | user=null | ip=null | op=WRITE_CHUNK {blockData=conID: 3 locID: 102656602828374524 bcsId: 0} | ret=SUCCESS |  
2019-08-21 19:24:08,443 | INFO  | DNAudit | user=null | ip=null | op=WRITE_CHUNK {blockData=conID: 3 locID: 102656602828374524 bcsId: 0} | ret=SUCCESS |  
2019-08-21 19:24:08,444 | INFO  | DNAudit | user=null | ip=null | op=WRITE_CHUNK {blockData=conID: 3 locID: 102656602828374524 bcsId: 0} | ret=SUCCESS |  
2019-08-21 19:24:08,444 | INFO  | DNAudit | user=null | ip=null | op=WRITE_CHUNK {blockData=conID: 3 locID: 102656602828374524 bcsId: 0} | ret=SUCCESS |  
2019-08-21 19:24:08,487 | INFO  | DNAudit | user=null | ip=null | op=WRITE_CHUNK {blockData=conID: 3 locID: 102656602828374524 bcsId: 0} | ret=SUCCESS |  
2019-08-21 19:24:08,488 | INFO  | DNAudit | user=null | ip=null | op=PUT_BLOCK {blockData=[blockId=conID: 3 locID: 102656602828374524 bcsId: 0,size=1048576]} | ret=SUCCESS |  
2019-08-21 19:24:08,488 [grpc-default-executor-4] INFO  client.GrpcClientProtocolClient (GrpcClientProtocolClient.java:onNext(255)) - client-DA9582518C67->1df8bd03-73ef-4b9c-8622-5dc9d0e29c31: receive RaftClientReply:client-DA9582518C67->1df8bd03-73ef-4b9c-8622-5dc9d0e29c31@group-F45402591F47, cid=1647, SUCCESS, logIndex=2333, commits[1df8bd03-73ef-4b9c-8622-5dc9d0e29c31:c2335, 12aca755-ada5-42df-801b-c61f99d8e8b8:c2332, a308b8bf-0324-43a1-a87f-1e10a96e3042:c2332]
2019-08-21 19:24:08,488 | INFO  | DNAudit | user=null | ip=null | op=WRITE_CHUNK {blockData=conID: 3 locID: 102656602828374524 bcsId: 0} | ret=SUCCESS |  
2019-08-21 19:24:08,488 [grpc-default-executor-4] INFO  client.GrpcClientProtocolClient (GrpcClientProtocolClient.java:onNext(255)) - client-DA9582518C67->1df8bd03-73ef-4b9c-8622-5dc9d0e29c31: receive RaftClientReply:client-DA9582518C67->1df8bd03-73ef-4b9c-8622-5dc9d0e29c31@group-F45402591F47, cid=1648, SUCCESS, logIndex=2334, commits[1df8bd03-73ef-4b9c-8622-5dc9d0e29c31:c2336, 12aca755-ada5-42df-801b-c61f99d8e8b8:c2332, a308b8bf-0324-43a1-a87f-1e10a96e3042:c2332]
2019-08-21 19:24:08,489 | INFO  | DNAudit | user=null | ip=null | op=PUT_BLOCK {blockData=[blockId=conID: 3 locID: 102656602828374524 bcsId: 0,size=2097152]} | ret=SUCCESS |  
2019-08-21 19:24:08,489 [grpc-default-executor-4] INFO  client.GrpcClientProtocolClient (GrpcClientProtocolClient.java:onNext(255)) - client-DA9582518C67->1df8bd03-73ef-4b9c-8622-5dc9d0e29c31: receive RaftClientReply:client-DA9582518C67->1df8bd03-73ef-4b9c-8622-5dc9d0e29c31@group-F45402591F47, cid=1649, SUCCESS, logIndex=2335, commits[1df8bd03-73ef-4b9c-8622-5dc9d0e29c31:c2336, 12aca755-ada5-42df-801b-c61f99d8e8b8:c2332, a308b8bf-0324-43a1-a87f-1e10a96e3042:c2332]
2019-08-21 19:24:08,489 [grpc-default-executor-4] INFO  client.GrpcClientProtocolClient (GrpcClientProtocolClient.java:onNext(255)) - client-DA9582518C67->1df8bd03-73ef-4b9c-8622-5dc9d0e29c31: receive RaftClientReply:client-DA9582518C67->1df8bd03-73ef-4b9c-8622-5dc9d0e29c31@group-F45402591F47, cid=1650, SUCCESS, logIndex=2336, commits[1df8bd03-73ef-4b9c-8622-5dc9d0e29c31:c2336, 12aca755-ada5-42df-801b-c61f99d8e8b8:c2332, a308b8bf-0324-43a1-a87f-1e10a96e3042:c2332]
2019-08-21 19:24:08,541 | INFO  | DNAudit | user=null | ip=null | op=WRITE_CHUNK {blockData=conID: 3 locID: 102656602828374524 bcsId: 0} | ret=SUCCESS |  
2019-08-21 19:24:08,542 | INFO  | DNAudit | user=null | ip=null | op=PUT_BLOCK {blockData=[blockId=conID: 3 locID: 102656602828374524 bcsId: 0,size=1048576]} | ret=SUCCESS |  
2019-08-21 19:24:08,554 | INFO  | DNAudit | user=null | ip=null | op=WRITE_CHUNK {blockData=conID: 3 locID: 102656602828374524 bcsId: 0} | ret=SUCCESS |  
2019-08-21 19:24:08,555 | INFO  | DNAudit | user=null | ip=null | op=PUT_BLOCK {blockData=[blockId=conID: 3 locID: 102656602828374524 bcsId: 0,size=2097152]} | ret=SUCCESS |  
2019-08-21 19:24:08,557 | INFO  | DNAudit | user=null | ip=null | op=WRITE_CHUNK {blockData=conID: 3 locID: 102656602828374524 bcsId: 0} | ret=SUCCESS |  
2019-08-21 19:24:08,557 | INFO  | DNAudit | user=null | ip=null | op=PUT_BLOCK {blockData=[blockId=conID: 3 locID: 102656602828374524 bcsId: 0,size=1048576]} | ret=SUCCESS |  
2019-08-21 19:24:08,557 | INFO  | DNAudit | user=null | ip=null | op=WRITE_CHUNK {blockData=conID: 3 locID: 102656602828374524 bcsId: 0} | ret=SUCCESS |  
2019-08-21 19:24:08,557 | INFO  | DNAudit | user=null | ip=null | op=PUT_BLOCK {blockData=[blockId=conID: 3 locID: 102656602828374524 bcsId: 0,size=2097152]} | ret=SUCCESS |  
2019-08-21 19:24:08,557 [grpc-default-executor-4] INFO  client.GrpcClientProtocolClient (GrpcClientProtocolClient.java:onNext(255)) - client-DA9582518C67->1df8bd03-73ef-4b9c-8622-5dc9d0e29c31: receive RaftClientReply:client-DA9582518C67->1df8bd03-73ef-4b9c-8622-5dc9d0e29c31@group-F45402591F47, cid=1651, SUCCESS, logIndex=0, commits[1df8bd03-73ef-4b9c-8622-5dc9d0e29c31:c2339, 12aca755-ada5-42df-801b-c61f99d8e8b8:c2336, a308b8bf-0324-43a1-a87f-1e10a96e3042:c2334]
2019-08-21 19:24:08,564 | INFO  | DNAudit | user=null | ip=null | op=WRITE_CHUNK {blockData=conID: 3 locID: 102656602828374524 bcsId: 2336} | ret=SUCCESS |  
2019-08-21 19:24:08,568 | INFO  | DNAudit | user=null | ip=null | op=WRITE_CHUNK {blockData=conID: 3 locID: 102656602828374524 bcsId: 2336} | ret=SUCCESS |  
2019-08-21 19:24:08,568 | INFO  | DNAudit | user=null | ip=null | op=WRITE_CHUNK {blockData=conID: 3 locID: 102656602828374524 bcsId: 2336} | ret=SUCCESS |  
2019-08-21 19:24:08,580 | INFO  | DNAudit | user=null | ip=null | op=WRITE_CHUNK {blockData=conID: 3 locID: 102656602828374524 bcsId: 2336} | ret=SUCCESS |  
2019-08-21 19:24:08,581 | INFO  | DNAudit | user=null | ip=null | op=PUT_BLOCK {blockData=[blockId=conID: 3 locID: 102656602828374524 bcsId: 0,size=3145728]} | ret=SUCCESS |  
2019-08-21 19:24:08,581 [grpc-default-executor-0] INFO  client.GrpcClientProtocolClient (GrpcClientProtocolClient.java:onNext(255)) - client-DA9582518C67->1df8bd03-73ef-4b9c-8622-5dc9d0e29c31: receive RaftClientReply:client-DA9582518C67->1df8bd03-73ef-4b9c-8622-5dc9d0e29c31@group-F45402591F47, cid=1652, SUCCESS, logIndex=2340, commits[1df8bd03-73ef-4b9c-8622-5dc9d0e29c31:c2341, 12aca755-ada5-42df-801b-c61f99d8e8b8:c2336, a308b8bf-0324-43a1-a87f-1e10a96e3042:c2339]
2019-08-21 19:24:08,581 [grpc-default-executor-0] INFO  client.GrpcClientProtocolClient (GrpcClientProtocolClient.java:onNext(255)) - client-DA9582518C67->1df8bd03-73ef-4b9c-8622-5dc9d0e29c31: receive RaftClientReply:client-DA9582518C67->1df8bd03-73ef-4b9c-8622-5dc9d0e29c31@group-F45402591F47, cid=1653, SUCCESS, logIndex=2341, commits[1df8bd03-73ef-4b9c-8622-5dc9d0e29c31:c2341, 12aca755-ada5-42df-801b-c61f99d8e8b8:c2336, a308b8bf-0324-43a1-a87f-1e10a96e3042:c2339]
2019-08-21 19:24:08,582 | INFO  | SCMAudit | user=jenkins1000 | ip=192.168.69.88 | op=SEND_HEARTBEAT {datanodeUUID=c4b21f74-9dba-4f39-a92d-300bdd5c7775, command=[]} | ret=SUCCESS |  
 0.00% |█                                                                                                    |  0/1 Time: 0:00:132019-08-21 19:24:08,587 | INFO  | DNAudit | user=null | ip=null | op=WRITE_CHUNK {blockData=conID: 3 locID: 102656602828374524 bcsId: 2341} | ret=SUCCESS |  
2019-08-21 19:24:08,591 | INFO  | DNAudit | user=null | ip=null | op=WRITE_CHUNK {blockData=conID: 3 locID: 102656602828374524 bcsId: 2341} | ret=SUCCESS |  
2019-08-21 19:24:08,591 | INFO  | DNAudit | user=null | ip=null | op=WRITE_CHUNK {blockData=conID: 3 locID: 102656602828374524 bcsId: 2341} | ret=SUCCESS |  
2019-08-21 19:24:08,604 | INFO  | DNAudit | user=null | ip=null | op=WRITE_CHUNK {blockData=conID: 3 locID: 102656602828374524 bcsId: 2336} | ret=SUCCESS |  
2019-08-21 19:24:08,604 | INFO  | DNAudit | user=null | ip=null | op=WRITE_CHUNK {blockData=conID: 3 locID: 102656602828374524 bcsId: 2336} | ret=SUCCESS |  
2019-08-21 19:24:08,605 | INFO  | DNAudit | user=null | ip=null | op=PUT_BLOCK {blockData=[blockId=conID: 3 locID: 102656602828374524 bcsId: 0,size=3145728]} | ret=SUCCESS |  
2019-08-21 19:24:08,605 | INFO  | DNAudit | user=null | ip=null | op=PUT_BLOCK {blockData=[blockId=conID: 3 locID: 102656602828374524 bcsId: 0,size=3145728]} | ret=SUCCESS |  
2019-08-21 19:24:08,613 | INFO  | DNAudit | user=null | ip=null | op=WRITE_CHUNK {blockData=conID: 3 locID: 102656602828374524 bcsId: 2341} | ret=SUCCESS |  
2019-08-21 19:24:08,613 | INFO  | DNAudit | user=null | ip=null | op=PUT_BLOCK {blockData=[blockId=conID: 3 locID: 102656602828374524 bcsId: 0,size=4194304]} | ret=SUCCESS |  
2019-08-21 19:24:08,614 [grpc-default-executor-4] INFO  client.GrpcClientProtocolClient (GrpcClientProtocolClient.java:onNext(255)) - client-DA9582518C67->1df8bd03-73ef-4b9c-8622-5dc9d0e29c31: receive RaftClientReply:client-DA9582518C67->1df8bd03-73ef-4b9c-8622-5dc9d0e29c31@group-F45402591F47, cid=1654, SUCCESS, logIndex=2344, commits[1df8bd03-73ef-4b9c-8622-5dc9d0e29c31:c2345, 12aca755-ada5-42df-801b-c61f99d8e8b8:c2341, a308b8bf-0324-43a1-a87f-1e10a96e3042:c2341]
2019-08-21 19:24:08,614 [grpc-default-executor-4] INFO  client.GrpcClientProtocolClient (GrpcClientProtocolClient.java:onNext(255)) - client-DA9582518C67->1df8bd03-73ef-4b9c-8622-5dc9d0e29c31: receive RaftClientReply:client-DA9582518C67->1df8bd03-73ef-4b9c-8622-5dc9d0e29c31@group-F45402591F47, cid=1655, SUCCESS, logIndex=2345, commits[1df8bd03-73ef-4b9c-8622-5dc9d0e29c31:c2345, 12aca755-ada5-42df-801b-c61f99d8e8b8:c2341, a308b8bf-0324-43a1-a87f-1e10a96e3042:c2341]
2019-08-21 19:24:08,627 | INFO  | DNAudit | user=null | ip=null | op=WRITE_CHUNK {blockData=conID: 3 locID: 102656602828374524 bcsId: 2341} | ret=SUCCESS |  
2019-08-21 19:24:08,627 | INFO  | DNAudit | user=null | ip=null | op=WRITE_CHUNK {blockData=conID: 3 locID: 102656602828374524 bcsId: 2341} | ret=SUCCESS |  
2019-08-21 19:24:08,627 | INFO  | DNAudit | user=null | ip=null | op=PUT_BLOCK {blockData=[blockId=conID: 3 locID: 102656602828374524 bcsId: 0,size=4194304]} | ret=SUCCESS |  
2019-08-21 19:24:08,627 | INFO  | DNAudit | user=null | ip=null | op=PUT_BLOCK {blockData=[blockId=conID: 3 locID: 102656602828374524 bcsId: 0,size=4194304]} | ret=SUCCESS |  
2019-08-21 19:24:08,627 [grpc-default-executor-0] INFO  client.GrpcClientProtocolClient (GrpcClientProtocolClient.java:onNext(255)) - client-DA9582518C67->1df8bd03-73ef-4b9c-8622-5dc9d0e29c31: receive RaftClientReply:client-DA9582518C67->1df8bd03-73ef-4b9c-8622-5dc9d0e29c31@group-F45402591F47, cid=1656, SUCCESS, logIndex=0, commits[1df8bd03-73ef-4b9c-8622-5dc9d0e29c31:c2345, 12aca755-ada5-42df-801b-c61f99d8e8b8:c2345, a308b8bf-0324-43a1-a87f-1e10a96e3042:c2345]
2019-08-21 19:24:08,633 | INFO  | SCMAudit | user=jenkins1000 | ip=192.168.69.88 | op=ALLOCATE_BLOCK {owner=a4b1d482-4fe6-4e71-84a6-a95f4ce3f696, size=4194304, type=RATIS, factor=THREE} | ret=SUCCESS |  
2019-08-21 19:24:08,636 | INFO  | OMAudit | user=jenkins1000 | ip=127.0.0.1 | op=ALLOCATE_BLOCK {volume=vol-0-90666, bucket=bucket-0-29336, key=key-0-94354, dataSize=0, replicationType=null, replicationFactor=null, keyLocationInfo=null, clientID=102656601977389458} | ret=SUCCESS |  
2019-08-21 19:24:08,643 | INFO  | DNAudit | user=null | ip=null | op=WRITE_CHUNK {blockData=conID: 1 locID: 102656602841547261 bcsId: 0} | ret=SUCCESS |  
2019-08-21 19:24:08,645 | INFO  | DNAudit | user=null | ip=null | op=WRITE_CHUNK {blockData=conID: 1 locID: 102656602841547261 bcsId: 0} | ret=SUCCESS |  
2019-08-21 19:24:08,646 | INFO  | DNAudit | user=null | ip=null | op=WRITE_CHUNK {blockData=conID: 1 locID: 102656602841547261 bcsId: 0} | ret=SUCCESS |  
2019-08-21 19:24:08,648 | INFO  | DNAudit | user=null | ip=null | op=WRITE_CHUNK {blockData=conID: 1 locID: 102656602841547261 bcsId: 0} | ret=SUCCESS |  
2019-08-21 19:24:08,648 | INFO  | DNAudit | user=null | ip=null | op=WRITE_CHUNK {blockData=conID: 1 locID: 102656602841547261 bcsId: 0} | ret=SUCCESS |  
2019-08-21 19:24:08,649 | INFO  | DNAudit | user=null | ip=null | op=WRITE_CHUNK {blockData=conID: 1 locID: 102656602841547261 bcsId: 0} | ret=SUCCESS |  
2019-08-21 19:24:08,649 | INFO  | DNAudit | user=null | ip=null | op=PUT_BLOCK {blockData=[blockId=conID: 1 locID: 102656602841547261 bcsId: 0,size=1048576]} | ret=SUCCESS |  
2019-08-21 19:24:08,649 [grpc-default-executor-0] INFO  client.GrpcClientProtocolClient (GrpcClientProtocolClient.java:onNext(255)) - client-DA9582518C67->1df8bd03-73ef-4b9c-8622-5dc9d0e29c31: receive RaftClientReply:client-DA9582518C67->1df8bd03-73ef-4b9c-8622-5dc9d0e29c31@group-F45402591F47, cid=1657, SUCCESS, logIndex=2348, commits[1df8bd03-73ef-4b9c-8622-5dc9d0e29c31:c2349, 12aca755-ada5-42df-801b-c61f99d8e8b8:c2345, a308b8bf-0324-43a1-a87f-1e10a96e3042:c2347]
2019-08-21 19:24:08,650 [grpc-default-executor-0] INFO  client.GrpcClientProtocolClient (GrpcClientProtocolClient.java:onNext(255)) - client-DA9582518C67->1df8bd03-73ef-4b9c-8622-5dc9d0e29c31: receive RaftClientReply:client-DA9582518C67->1df8bd03-73ef-4b9c-8622-5dc9d0e29c31@group-F45402591F47, cid=1658, SUCCESS, logIndex=2349, commits[1df8bd03-73ef-4b9c-8622-5dc9d0e29c31:c2349, 12aca755-ada5-42df-801b-c61f99d8e8b8:c2345, a308b8bf-0324-43a1-a87f-1e10a96e3042:c2347]
2019-08-21 19:24:08,650 | INFO  | DNAudit | user=null | ip=null | op=WRITE_CHUNK {blockData=conID: 1 locID: 102656602841547261 bcsId: 0} | ret=SUCCESS |  
2019-08-21 19:24:08,652 | INFO  | DNAudit | user=null | ip=null | op=WRITE_CHUNK {blockData=conID: 1 locID: 102656602841547261 bcsId: 0} | ret=SUCCESS |  
2019-08-21 19:24:08,653 | INFO  | DNAudit | user=null | ip=null | op=PUT_BLOCK {blockData=[blockId=conID: 1 locID: 102656602841547261 bcsId: 0,size=2097152]} | ret=SUCCESS |  
2019-08-21 19:24:08,653 [grpc-default-executor-4] INFO  client.GrpcClientProtocolClient (GrpcClientProtocolClient.java:onNext(255)) - client-DA9582518C67->1df8bd03-73ef-4b9c-8622-5dc9d0e29c31: receive RaftClientReply:client-DA9582518C67->1df8bd03-73ef-4b9c-8622-5dc9d0e29c31@group-F45402591F47, cid=1659, SUCCESS, logIndex=2350, commits[1df8bd03-73ef-4b9c-8622-5dc9d0e29c31:c2351, 12aca755-ada5-42df-801b-c61f99d8e8b8:c2347, a308b8bf-0324-43a1-a87f-1e10a96e3042:c2347]
2019-08-21 19:24:08,653 [grpc-default-executor-4] INFO  client.GrpcClientProtocolClient (GrpcClientProtocolClient.java:onNext(255)) - client-DA9582518C67->1df8bd03-73ef-4b9c-8622-5dc9d0e29c31: receive RaftClientReply:client-DA9582518C67->1df8bd03-73ef-4b9c-8622-5dc9d0e29c31@group-F45402591F47, cid=1660, SUCCESS, logIndex=2351, commits[1df8bd03-73ef-4b9c-8622-5dc9d0e29c31:c2351, 12aca755-ada5-42df-801b-c61f99d8e8b8:c2347, a308b8bf-0324-43a1-a87f-1e10a96e3042:c2347]
2019-08-21 19:24:08,663 | INFO  | DNAudit | user=null | ip=null | op=WRITE_CHUNK {blockData=conID: 1 locID: 102656602841547261 bcsId: 0} | ret=SUCCESS |  
2019-08-21 19:24:08,663 | INFO  | DNAudit | user=null | ip=null | op=PUT_BLOCK {blockData=[blockId=conID: 1 locID: 102656602841547261 bcsId: 0,size=1048576]} | ret=SUCCESS |  
2019-08-21 19:24:08,663 | INFO  | DNAudit | user=null | ip=null | op=WRITE_CHUNK {blockData=conID: 1 locID: 102656602841547261 bcsId: 0} | ret=SUCCESS |  
2019-08-21 19:24:08,664 | INFO  | DNAudit | user=null | ip=null | op=PUT_BLOCK {blockData=[blockId=conID: 1 locID: 102656602841547261 bcsId: 0,size=1048576]} | ret=SUCCESS |  
2019-08-21 19:24:08,664 [grpc-default-executor-4] INFO  client.GrpcClientProtocolClient (GrpcClientProtocolClient.java:onNext(255)) - client-DA9582518C67->1df8bd03-73ef-4b9c-8622-5dc9d0e29c31: receive RaftClientReply:client-DA9582518C67->1df8bd03-73ef-4b9c-8622-5dc9d0e29c31@group-F45402591F47, cid=1661, SUCCESS, logIndex=0, commits[1df8bd03-73ef-4b9c-8622-5dc9d0e29c31:c2353, 12aca755-ada5-42df-801b-c61f99d8e8b8:c2349, a308b8bf-0324-43a1-a87f-1e10a96e3042:c2349]
2019-08-21 19:24:08,664 | INFO  | DNAudit | user=null | ip=null | op=WRITE_CHUNK {blockData=conID: 1 locID: 102656602841547261 bcsId: 0} | ret=SUCCESS |  
2019-08-21 19:24:08,665 | INFO  | DNAudit | user=null | ip=null | op=PUT_BLOCK {blockData=[blockId=conID: 1 locID: 102656602841547261 bcsId: 0,size=2097152]} | ret=SUCCESS |  
2019-08-21 19:24:08,665 | INFO  | DNAudit | user=null | ip=null | op=WRITE_CHUNK {blockData=conID: 1 locID: 102656602841547261 bcsId: 0} | ret=SUCCESS |  
2019-08-21 19:24:08,665 | INFO  | DNAudit | user=null | ip=null | op=PUT_BLOCK {blockData=[blockId=conID: 1 locID: 102656602841547261 bcsId: 0,size=2097152]} | ret=SUCCESS |  
2019-08-21 19:24:08,670 | INFO  | DNAudit | user=null | ip=null | op=WRITE_CHUNK {blockData=conID: 1 locID: 102656602841547261 bcsId: 2351} | ret=SUCCESS |  
2019-08-21 19:24:08,673 | INFO  | DNAudit | user=null | ip=null | op=WRITE_CHUNK {blockData=conID: 1 locID: 102656602841547261 bcsId: 2351} | ret=SUCCESS |  
2019-08-21 19:24:08,673 | INFO  | DNAudit | user=null | ip=null | op=WRITE_CHUNK {blockData=conID: 1 locID: 102656602841547261 bcsId: 2351} | ret=SUCCESS |  
2019-08-21 19:24:08,676 | INFO  | DNAudit | user=null | ip=null | op=WRITE_CHUNK {blockData=conID: 1 locID: 102656602841547261 bcsId: 2351} | ret=SUCCESS |  
2019-08-21 19:24:08,677 | INFO  | DNAudit | user=null | ip=null | op=PUT_BLOCK {blockData=[blockId=conID: 1 locID: 102656602841547261 bcsId: 0,size=3145728]} | ret=SUCCESS |  
2019-08-21 19:24:08,677 [grpc-default-executor-4] INFO  client.GrpcClientProtocolClient (GrpcClientProtocolClient.java:onNext(255)) - client-DA9582518C67->1df8bd03-73ef-4b9c-8622-5dc9d0e29c31: receive RaftClientReply:client-DA9582518C67->1df8bd03-73ef-4b9c-8622-5dc9d0e29c31@group-F45402591F47, cid=1662, SUCCESS, logIndex=2356, commits[1df8bd03-73ef-4b9c-8622-5dc9d0e29c31:c2357, 12aca755-ada5-42df-801b-c61f99d8e8b8:c2355, a308b8bf-0324-43a1-a87f-1e10a96e3042:c2355]
2019-08-21 19:24:08,677 [grpc-default-executor-4] INFO  client.GrpcClientProtocolClient (GrpcClientProtocolClient.java:onNext(255)) - client-DA9582518C67->1df8bd03-73ef-4b9c-8622-5dc9d0e29c31: receive RaftClientReply:client-DA9582518C67->1df8bd03-73ef-4b9c-8622-5dc9d0e29c31@group-F45402591F47, cid=1663, SUCCESS, logIndex=2357, commits[1df8bd03-73ef-4b9c-8622-5dc9d0e29c31:c2357, 12aca755-ada5-42df-801b-c61f99d8e8b8:c2355, a308b8bf-0324-43a1-a87f-1e10a96e3042:c2355]
2019-08-21 19:24:08,682 | INFO  | DNAudit | user=null | ip=null | op=WRITE_CHUNK {blockData=conID: 1 locID: 102656602841547261 bcsId: 2357} | ret=SUCCESS |  
2019-08-21 19:24:08,684 | INFO  | DNAudit | user=null | ip=null | op=WRITE_CHUNK {blockData=conID: 1 locID: 102656602841547261 bcsId: 2357} | ret=SUCCESS |  
2019-08-21 19:24:08,685 | INFO  | DNAudit | user=null | ip=null | op=WRITE_CHUNK {blockData=conID: 1 locID: 102656602841547261 bcsId: 2357} | ret=SUCCESS |  
2019-08-21 19:24:08,688 | INFO  | DNAudit | user=null | ip=null | op=WRITE_CHUNK {blockData=conID: 1 locID: 102656602841547261 bcsId: 2351} | ret=SUCCESS |  
2019-08-21 19:24:08,688 | INFO  | DNAudit | user=null | ip=null | op=WRITE_CHUNK {blockData=conID: 1 locID: 102656602841547261 bcsId: 2351} | ret=SUCCESS |  
2019-08-21 19:24:08,688 | INFO  | DNAudit | user=null | ip=null | op=PUT_BLOCK {blockData=[blockId=conID: 1 locID: 102656602841547261 bcsId: 0,size=3145728]} | ret=SUCCESS |  
2019-08-21 19:24:08,689 | INFO  | DNAudit | user=null | ip=null | op=PUT_BLOCK {blockData=[blockId=conID: 1 locID: 102656602841547261 bcsId: 0,size=3145728]} | ret=SUCCESS |  
2019-08-21 19:24:08,692 | INFO  | DNAudit | user=null | ip=null | op=WRITE_CHUNK {blockData=conID: 1 locID: 102656602841547261 bcsId: 2357} | ret=SUCCESS |  
2019-08-21 19:24:08,692 | INFO  | DNAudit | user=null | ip=null | op=PUT_BLOCK {blockData=[blockId=conID: 1 locID: 102656602841547261 bcsId: 0,size=4194304]} | ret=SUCCESS |  
2019-08-21 19:24:08,692 [grpc-default-executor-4] INFO  client.GrpcClientProtocolClient (GrpcClientProtocolClient.java:onNext(255)) - client-DA9582518C67->1df8bd03-73ef-4b9c-8622-5dc9d0e29c31: receive RaftClientReply:client-DA9582518C67->1df8bd03-73ef-4b9c-8622-5dc9d0e29c31@group-F45402591F47, cid=1664, SUCCESS, logIndex=2360, commits[1df8bd03-73ef-4b9c-8622-5dc9d0e29c31:c2361, 12aca755-ada5-42df-801b-c61f99d8e8b8:c2357, a308b8bf-0324-43a1-a87f-1e10a96e3042:c2357]
2019-08-21 19:24:08,692 [grpc-default-executor-4] INFO  client.GrpcClientProtocolClient (GrpcClientProtocolClient.java:onNext(255)) - client-DA9582518C67->1df8bd03-73ef-4b9c-8622-5dc9d0e29c31: receive RaftClientReply:client-DA9582518C67->1df8bd03-73ef-4b9c-8622-5dc9d0e29c31@group-F45402591F47, cid=1665, SUCCESS, logIndex=2361, commits[1df8bd03-73ef-4b9c-8622-5dc9d0e29c31:c2361, 12aca755-ada5-42df-801b-c61f99d8e8b8:c2357, a308b8bf-0324-43a1-a87f-1e10a96e3042:c2357]
2019-08-21 19:24:08,705 | INFO  | DNAudit | user=null | ip=null | op=WRITE_CHUNK {blockData=conID: 1 locID: 102656602841547261 bcsId: 2357} | ret=SUCCESS |  
2019-08-21 19:24:08,705 | INFO  | DNAudit | user=null | ip=null | op=WRITE_CHUNK {blockData=conID: 1 locID: 102656602841547261 bcsId: 2357} | ret=SUCCESS |  
2019-08-21 19:24:08,705 | INFO  | DNAudit | user=null | ip=null | op=PUT_BLOCK {blockData=[blockId=conID: 1 locID: 102656602841547261 bcsId: 0,size=4194304]} | ret=SUCCESS |  
2019-08-21 19:24:08,705 | INFO  | DNAudit | user=null | ip=null | op=PUT_BLOCK {blockData=[blockId=conID: 1 locID: 102656602841547261 bcsId: 0,size=4194304]} | ret=SUCCESS |  
2019-08-21 19:24:08,705 [grpc-default-executor-0] INFO  client.GrpcClientProtocolClient (GrpcClientProtocolClient.java:onNext(255)) - client-DA9582518C67->1df8bd03-73ef-4b9c-8622-5dc9d0e29c31: receive RaftClientReply:client-DA9582518C67->1df8bd03-73ef-4b9c-8622-5dc9d0e29c31@group-F45402591F47, cid=1666, SUCCESS, logIndex=0, commits[1df8bd03-73ef-4b9c-8622-5dc9d0e29c31:c2361, 12aca755-ada5-42df-801b-c61f99d8e8b8:c2361, a308b8bf-0324-43a1-a87f-1e10a96e3042:c2361]
2019-08-21 19:24:08,711 | INFO  | SCMAudit | user=jenkins1000 | ip=192.168.69.88 | op=ALLOCATE_BLOCK {owner=a4b1d482-4fe6-4e71-84a6-a95f4ce3f696, size=4194304, type=RATIS, factor=THREE} | ret=SUCCESS |  
2019-08-21 19:24:08,714 | INFO  | OMAudit | user=jenkins1000 | ip=127.0.0.1 | op=ALLOCATE_BLOCK {volume=vol-0-90666, bucket=bucket-0-29336, key=key-0-94354, dataSize=0, replicationType=null, replicationFactor=null, keyLocationInfo=null, clientID=102656601977389458} | ret=SUCCESS |  
2019-08-21 19:24:08,721 | INFO  | DNAudit | user=null | ip=null | op=WRITE_CHUNK {blockData=conID: 2 locID: 102656602846724606 bcsId: 0} | ret=SUCCESS |  
2019-08-21 19:24:08,722 | INFO  | DNAudit | user=null | ip=null | op=WRITE_CHUNK {blockData=conID: 2 locID: 102656602846724606 bcsId: 0} | ret=SUCCESS |  
2019-08-21 19:24:08,722 | INFO  | DNAudit | user=null | ip=null | op=WRITE_CHUNK {blockData=conID: 2 locID: 102656602846724606 bcsId: 0} | ret=SUCCESS |  
2019-08-21 19:24:08,723 | INFO  | DNAudit | user=null | ip=null | op=WRITE_CHUNK {blockData=conID: 2 locID: 102656602846724606 bcsId: 0} | ret=SUCCESS |  
2019-08-21 19:24:08,724 | INFO  | DNAudit | user=null | ip=null | op=WRITE_CHUNK {blockData=conID: 2 locID: 102656602846724606 bcsId: 0} | ret=SUCCESS |  
2019-08-21 19:24:08,724 | INFO  | DNAudit | user=null | ip=null | op=WRITE_CHUNK {blockData=conID: 2 locID: 102656602846724606 bcsId: 0} | ret=SUCCESS |  
2019-08-21 19:24:08,735 | INFO  | DNAudit | user=null | ip=null | op=WRITE_CHUNK {blockData=conID: 2 locID: 102656602846724606 bcsId: 0} | ret=SUCCESS |  
2019-08-21 19:24:08,736 | INFO  | DNAudit | user=null | ip=null | op=PUT_BLOCK {blockData=[blockId=conID: 2 locID: 102656602846724606 bcsId: 0,size=1048576]} | ret=SUCCESS |  
2019-08-21 19:24:08,736 | INFO  | DNAudit | user=null | ip=null | op=WRITE_CHUNK {blockData=conID: 2 locID: 102656602846724606 bcsId: 0} | ret=SUCCESS |  
2019-08-21 19:24:08,736 [grpc-default-executor-5] INFO  client.GrpcClientProtocolClient (GrpcClientProtocolClient.java:onNext(255)) - client-DA9582518C67->1df8bd03-73ef-4b9c-8622-5dc9d0e29c31: receive RaftClientReply:client-DA9582518C67->1df8bd03-73ef-4b9c-8622-5dc9d0e29c31@group-F45402591F47, cid=1667, SUCCESS, logIndex=2363, commits[1df8bd03-73ef-4b9c-8622-5dc9d0e29c31:c2366, 12aca755-ada5-42df-801b-c61f99d8e8b8:c2362, a308b8bf-0324-43a1-a87f-1e10a96e3042:c2362]
2019-08-21 19:24:08,736 | INFO  | DNAudit | user=null | ip=null | op=PUT_BLOCK {blockData=[blockId=conID: 2 locID: 102656602846724606 bcsId: 0,size=2097152]} | ret=SUCCESS |  
2019-08-21 19:24:08,736 [grpc-default-executor-5] INFO  client.GrpcClientProtocolClient (GrpcClientProtocolClient.java:onNext(255)) - client-DA9582518C67->1df8bd03-73ef-4b9c-8622-5dc9d0e29c31: receive RaftClientReply:client-DA9582518C67->1df8bd03-73ef-4b9c-8622-5dc9d0e29c31@group-F45402591F47, cid=1668, SUCCESS, logIndex=2364, commits[1df8bd03-73ef-4b9c-8622-5dc9d0e29c31:c2366, 12aca755-ada5-42df-801b-c61f99d8e8b8:c2362, a308b8bf-0324-43a1-a87f-1e10a96e3042:c2362]
2019-08-21 19:24:08,737 [grpc-default-executor-5] INFO  client.GrpcClientProtocolClient (GrpcClientProtocolClient.java:onNext(255)) - client-DA9582518C67->1df8bd03-73ef-4b9c-8622-5dc9d0e29c31: receive RaftClientReply:client-DA9582518C67->1df8bd03-73ef-4b9c-8622-5dc9d0e29c31@group-F45402591F47, cid=1669, SUCCESS, logIndex=2365, commits[1df8bd03-73ef-4b9c-8622-5dc9d0e29c31:c2366, 12aca755-ada5-42df-801b-c61f99d8e8b8:c2362, a308b8bf-0324-43a1-a87f-1e10a96e3042:c2362]
2019-08-21 19:24:08,737 [grpc-default-executor-5] INFO  client.GrpcClientProtocolClient (GrpcClientProtocolClient.java:onNext(255)) - client-DA9582518C67->1df8bd03-73ef-4b9c-8622-5dc9d0e29c31: receive RaftClientReply:client-DA9582518C67->1df8bd03-73ef-4b9c-8622-5dc9d0e29c31@group-F45402591F47, cid=1670, SUCCESS, logIndex=2366, commits[1df8bd03-73ef-4b9c-8622-5dc9d0e29c31:c2366, 12aca755-ada5-42df-801b-c61f99d8e8b8:c2362, a308b8bf-0324-43a1-a87f-1e10a96e3042:c2362]
2019-08-21 19:24:08,738 | INFO  | DNAudit | user=null | ip=null | op=WRITE_CHUNK {blockData=conID: 2 locID: 102656602846724606 bcsId: 0} | ret=SUCCESS |  
2019-08-21 19:24:08,738 | INFO  | DNAudit | user=null | ip=null | op=WRITE_CHUNK {blockData=conID: 2 locID: 102656602846724606 bcsId: 0} | ret=SUCCESS |  
2019-08-21 19:24:08,750 | INFO  | DNAudit | user=null | ip=null | op=PUT_BLOCK {blockData=[blockId=conID: 2 locID: 102656602846724606 bcsId: 0,size=1048576]} | ret=SUCCESS |  
2019-08-21 19:24:08,750 | INFO  | DNAudit | user=null | ip=null | op=PUT_BLOCK {blockData=[blockId=conID: 2 locID: 102656602846724606 bcsId: 0,size=1048576]} | ret=SUCCESS |  
2019-08-21 19:24:08,750 | INFO  | DNAudit | user=null | ip=null | op=WRITE_CHUNK {blockData=conID: 2 locID: 102656602846724606 bcsId: 0} | ret=SUCCESS |  
2019-08-21 19:24:08,750 | INFO  | DNAudit | user=null | ip=null | op=PUT_BLOCK {blockData=[blockId=conID: 2 locID: 102656602846724606 bcsId: 0,size=2097152]} | ret=SUCCESS |  
2019-08-21 19:24:08,750 | INFO  | DNAudit | user=null | ip=null | op=WRITE_CHUNK {blockData=conID: 2 locID: 102656602846724606 bcsId: 0} | ret=SUCCESS |  
2019-08-21 19:24:08,750 | INFO  | DNAudit | user=null | ip=null | op=PUT_BLOCK {blockData=[blockId=conID: 2 locID: 102656602846724606 bcsId: 0,size=2097152]} | ret=SUCCESS |  
2019-08-21 19:24:08,750 [grpc-default-executor-5] INFO  client.GrpcClientProtocolClient (GrpcClientProtocolClient.java:onNext(255)) - client-DA9582518C67->1df8bd03-73ef-4b9c-8622-5dc9d0e29c31: receive RaftClientReply:client-DA9582518C67->1df8bd03-73ef-4b9c-8622-5dc9d0e29c31@group-F45402591F47, cid=1671, SUCCESS, logIndex=0, commits[1df8bd03-73ef-4b9c-8622-5dc9d0e29c31:c2368, 12aca755-ada5-42df-801b-c61f99d8e8b8:c2364, a308b8bf-0324-43a1-a87f-1e10a96e3042:c2365]
2019-08-21 19:24:08,756 | INFO  | DNAudit | user=null | ip=null | op=WRITE_CHUNK {blockData=conID: 2 locID: 102656602846724606 bcsId: 2366} | ret=SUCCESS |  
2019-08-21 19:24:08,758 | INFO  | DNAudit | user=null | ip=null | op=WRITE_CHUNK {blockData=conID: 2 locID: 102656602846724606 bcsId: 2366} | ret=SUCCESS |  
2019-08-21 19:24:08,759 | INFO  | DNAudit | user=null | ip=null | op=WRITE_CHUNK {blockData=conID: 2 locID: 102656602846724606 bcsId: 2366} | ret=SUCCESS |  
2019-08-21 19:24:08,762 | INFO  | DNAudit | user=null | ip=null | op=WRITE_CHUNK {blockData=conID: 2 locID: 102656602846724606 bcsId: 2366} | ret=SUCCESS |  
2019-08-21 19:24:08,763 | INFO  | DNAudit | user=null | ip=null | op=PUT_BLOCK {blockData=[blockId=conID: 2 locID: 102656602846724606 bcsId: 0,size=3145728]} | ret=SUCCESS |  
2019-08-21 19:24:08,763 [grpc-default-executor-4] INFO  client.GrpcClientProtocolClient (GrpcClientProtocolClient.java:onNext(255)) - client-DA9582518C67->1df8bd03-73ef-4b9c-8622-5dc9d0e29c31: receive RaftClientReply:client-DA9582518C67->1df8bd03-73ef-4b9c-8622-5dc9d0e29c31@group-F45402591F47, cid=1672, SUCCESS, logIndex=2371, commits[1df8bd03-73ef-4b9c-8622-5dc9d0e29c31:c2372, 12aca755-ada5-42df-801b-c61f99d8e8b8:c2370, a308b8bf-0324-43a1-a87f-1e10a96e3042:c2370]
2019-08-21 19:24:08,763 [grpc-default-executor-4] INFO  client.GrpcClientProtocolClient (GrpcClientProtocolClient.java:onNext(255)) - client-DA9582518C67->1df8bd03-73ef-4b9c-8622-5dc9d0e29c31: receive RaftClientReply:client-DA9582518C67->1df8bd03-73ef-4b9c-8622-5dc9d0e29c31@group-F45402591F47, cid=1673, SUCCESS, logIndex=2372, commits[1df8bd03-73ef-4b9c-8622-5dc9d0e29c31:c2372, 12aca755-ada5-42df-801b-c61f99d8e8b8:c2370, a308b8bf-0324-43a1-a87f-1e10a96e3042:c2370]
2019-08-21 19:24:08,768 | INFO  | DNAudit | user=null | ip=null | op=WRITE_CHUNK {blockData=conID: 2 locID: 102656602846724606 bcsId: 2372} | ret=SUCCESS |  
2019-08-21 19:24:08,771 | INFO  | DNAudit | user=null | ip=null | op=WRITE_CHUNK {blockData=conID: 2 locID: 102656602846724606 bcsId: 2372} | ret=SUCCESS |  
2019-08-21 19:24:08,771 | INFO  | DNAudit | user=null | ip=null | op=WRITE_CHUNK {blockData=conID: 2 locID: 102656602846724606 bcsId: 2372} | ret=SUCCESS |  
2019-08-21 19:24:08,774 | INFO  | DNAudit | user=null | ip=null | op=WRITE_CHUNK {blockData=conID: 2 locID: 102656602846724606 bcsId: 2366} | ret=SUCCESS |  
2019-08-21 19:24:08,774 | INFO  | DNAudit | user=null | ip=null | op=WRITE_CHUNK {blockData=conID: 2 locID: 102656602846724606 bcsId: 2366} | ret=SUCCESS |  
2019-08-21 19:24:08,775 | INFO  | DNAudit | user=null | ip=null | op=PUT_BLOCK {blockData=[blockId=conID: 2 locID: 102656602846724606 bcsId: 0,size=3145728]} | ret=SUCCESS |  
2019-08-21 19:24:08,775 | INFO  | DNAudit | user=null | ip=null | op=WRITE_CHUNK {blockData=conID: 2 locID: 102656602846724606 bcsId: 2372} | ret=SUCCESS |  
2019-08-21 19:24:08,845 | INFO  | DNAudit | user=null | ip=null | op=PUT_BLOCK {blockData=[blockId=conID: 2 locID: 102656602846724606 bcsId: 0,size=4194304]} | ret=SUCCESS |  
2019-08-21 19:24:08,845 [grpc-default-executor-5] INFO  client.GrpcClientProtocolClient (GrpcClientProtocolClient.java:onNext(255)) - client-DA9582518C67->1df8bd03-73ef-4b9c-8622-5dc9d0e29c31: receive RaftClientReply:client-DA9582518C67->1df8bd03-73ef-4b9c-8622-5dc9d0e29c31@group-F45402591F47, cid=1674, SUCCESS, logIndex=2375, commits[1df8bd03-73ef-4b9c-8622-5dc9d0e29c31:c2376, 12aca755-ada5-42df-801b-c61f99d8e8b8:c2371, a308b8bf-0324-43a1-a87f-1e10a96e3042:c2372]
2019-08-21 19:24:08,846 | INFO  | DNAudit | user=null | ip=null | op=PUT_BLOCK {blockData=[blockId=conID: 2 locID: 102656602846724606 bcsId: 0,size=3145728]} | ret=SUCCESS |  
2019-08-21 19:24:08,846 [grpc-default-executor-5] INFO  client.GrpcClientProtocolClient (GrpcClientProtocolClient.java:onNext(255)) - client-DA9582518C67->1df8bd03-73ef-4b9c-8622-5dc9d0e29c31: receive RaftClientReply:client-DA9582518C67->1df8bd03-73ef-4b9c-8622-5dc9d0e29c31@group-F45402591F47, cid=1675, SUCCESS, logIndex=2376, commits[1df8bd03-73ef-4b9c-8622-5dc9d0e29c31:c2376, 12aca755-ada5-42df-801b-c61f99d8e8b8:c2371, a308b8bf-0324-43a1-a87f-1e10a96e3042:c2372]
2019-08-21 19:24:08,846 | INFO  | DNAudit | user=null | ip=null | op=WRITE_CHUNK {blockData=conID: 2 locID: 102656602846724606 bcsId: 2372} | ret=SUCCESS |  
2019-08-21 19:24:08,847 | INFO  | DNAudit | user=null | ip=null | op=WRITE_CHUNK {blockData=conID: 2 locID: 102656602846724606 bcsId: 2372} | ret=SUCCESS |  
2019-08-21 19:24:08,847 [grpc-default-executor-5] INFO  client.GrpcClientProtocolClient (GrpcClientProtocolClient.java:onNext(255)) - client-DA9582518C67->1df8bd03-73ef-4b9c-8622-5dc9d0e29c31: receive RaftClientReply:client-DA9582518C67->1df8bd03-73ef-4b9c-8622-5dc9d0e29c31@group-F45402591F47, cid=1676, SUCCESS, logIndex=0, commits[1df8bd03-73ef-4b9c-8622-5dc9d0e29c31:c2377, 12aca755-ada5-42df-801b-c61f99d8e8b8:c2372, a308b8bf-0324-43a1-a87f-1e10a96e3042:c2375]
2019-08-21 19:24:08,847 | INFO  | DNAudit | user=null | ip=null | op=PUT_BLOCK {blockData=[blockId=conID: 2 locID: 102656602846724606 bcsId: 0,size=4194304]} | ret=SUCCESS |  
2019-08-21 19:24:08,847 | INFO  | DNAudit | user=null | ip=null | op=PUT_BLOCK {blockData=[blockId=conID: 2 locID: 102656602846724606 bcsId: 0,size=4194304]} | ret=SUCCESS |  
2019-08-21 19:24:08,848 [grpc-default-executor-5] INFO  client.GrpcClientProtocolClient (GrpcClientProtocolClient.java:onNext(255)) - client-DA9582518C67->1df8bd03-73ef-4b9c-8622-5dc9d0e29c31: receive RaftClientReply:client-DA9582518C67->1df8bd03-73ef-4b9c-8622-5dc9d0e29c31@group-F45402591F47, cid=1677, SUCCESS, logIndex=0, commits[1df8bd03-73ef-4b9c-8622-5dc9d0e29c31:c2378, 12aca755-ada5-42df-801b-c61f99d8e8b8:c2376, a308b8bf-0324-43a1-a87f-1e10a96e3042:c2376]
2019-08-21 19:24:08,851 | INFO  | SCMAudit | user=jenkins1000 | ip=192.168.69.88 | op=ALLOCATE_BLOCK {owner=a4b1d482-4fe6-4e71-84a6-a95f4ce3f696, size=4194304, type=RATIS, factor=THREE} | ret=SUCCESS |  
2019-08-21 19:24:08,854 | INFO  | OMAudit | user=jenkins1000 | ip=127.0.0.1 | op=ALLOCATE_BLOCK {volume=vol-0-90666, bucket=bucket-0-29336, key=key-0-94354, dataSize=0, replicationType=null, replicationFactor=null, keyLocationInfo=null, clientID=102656601977389458} | ret=SUCCESS |  
2019-08-21 19:24:08,861 | INFO  | DNAudit | user=null | ip=null | op=WRITE_CHUNK {blockData=conID: 3 locID: 102656602855899647 bcsId: 0} | ret=SUCCESS |  
2019-08-21 19:24:08,862 | INFO  | DNAudit | user=null | ip=null | op=WRITE_CHUNK {blockData=conID: 3 locID: 102656602855899647 bcsId: 0} | ret=SUCCESS |  
2019-08-21 19:24:08,862 | INFO  | DNAudit | user=null | ip=null | op=WRITE_CHUNK {blockData=conID: 3 locID: 102656602855899647 bcsId: 0} | ret=SUCCESS |  
2019-08-21 19:24:08,862 | INFO  | DNAudit | user=null | ip=null | op=WRITE_CHUNK {blockData=conID: 3 locID: 102656602855899647 bcsId: 0} | ret=SUCCESS |  
2019-08-21 19:24:08,864 | INFO  | DNAudit | user=null | ip=null | op=WRITE_CHUNK {blockData=conID: 3 locID: 102656602855899647 bcsId: 0} | ret=SUCCESS |  
2019-08-21 19:24:08,865 | INFO  | DNAudit | user=null | ip=null | op=WRITE_CHUNK {blockData=conID: 3 locID: 102656602855899647 bcsId: 0} | ret=SUCCESS |  
2019-08-21 19:24:08,875 | INFO  | DNAudit | user=null | ip=null | op=WRITE_CHUNK {blockData=conID: 3 locID: 102656602855899647 bcsId: 0} | ret=SUCCESS |  
2019-08-21 19:24:08,876 | INFO  | DNAudit | user=null | ip=null | op=PUT_BLOCK {blockData=[blockId=conID: 3 locID: 102656602855899647 bcsId: 0,size=1048576]} | ret=SUCCESS |  
2019-08-21 19:24:08,876 [grpc-default-executor-0] INFO  client.GrpcClientProtocolClient (GrpcClientProtocolClient.java:onNext(255)) - client-DA9582518C67->1df8bd03-73ef-4b9c-8622-5dc9d0e29c31: receive RaftClientReply:client-DA9582518C67->1df8bd03-73ef-4b9c-8622-5dc9d0e29c31@group-F45402591F47, cid=1678, SUCCESS, logIndex=2379, commits[1df8bd03-73ef-4b9c-8622-5dc9d0e29c31:c2380, 12aca755-ada5-42df-801b-c61f99d8e8b8:c2378, a308b8bf-0324-43a1-a87f-1e10a96e3042:c2378]
2019-08-21 19:24:08,876 [grpc-default-executor-0] INFO  client.GrpcClientProtocolClient (GrpcClientProtocolClient.java:onNext(255)) - client-DA9582518C67->1df8bd03-73ef-4b9c-8622-5dc9d0e29c31: receive RaftClientReply:client-DA9582518C67->1df8bd03-73ef-4b9c-8622-5dc9d0e29c31@group-F45402591F47, cid=1679, SUCCESS, logIndex=2380, commits[1df8bd03-73ef-4b9c-8622-5dc9d0e29c31:c2380, 12aca755-ada5-42df-801b-c61f99d8e8b8:c2378, a308b8bf-0324-43a1-a87f-1e10a96e3042:c2378]
2019-08-21 19:24:08,878 | INFO  | DNAudit | user=null | ip=null | op=WRITE_CHUNK {blockData=conID: 3 locID: 102656602855899647 bcsId: 0} | ret=SUCCESS |  
2019-08-21 19:24:08,878 | INFO  | DNAudit | user=null | ip=null | op=PUT_BLOCK {blockData=[blockId=conID: 3 locID: 102656602855899647 bcsId: 0,size=2097152]} | ret=SUCCESS |  
2019-08-21 19:24:08,878 [grpc-default-executor-5] INFO  client.GrpcClientProtocolClient (GrpcClientProtocolClient.java:onNext(255)) - client-DA9582518C67->1df8bd03-73ef-4b9c-8622-5dc9d0e29c31: receive RaftClientReply:client-DA9582518C67->1df8bd03-73ef-4b9c-8622-5dc9d0e29c31@group-F45402591F47, cid=1680, SUCCESS, logIndex=2381, commits[1df8bd03-73ef-4b9c-8622-5dc9d0e29c31:c2382, 12aca755-ada5-42df-801b-c61f99d8e8b8:c2378, a308b8bf-0324-43a1-a87f-1e10a96e3042:c2378]
2019-08-21 19:24:08,878 [grpc-default-executor-5] INFO  client.GrpcClientProtocolClient (GrpcClientProtocolClient.java:onNext(255)) - client-DA9582518C67->1df8bd03-73ef-4b9c-8622-5dc9d0e29c31: receive RaftClientReply:client-DA9582518C67->1df8bd03-73ef-4b9c-8622-5dc9d0e29c31@group-F45402591F47, cid=1681, SUCCESS, logIndex=2382, commits[1df8bd03-73ef-4b9c-8622-5dc9d0e29c31:c2382, 12aca755-ada5-42df-801b-c61f99d8e8b8:c2378, a308b8bf-0324-43a1-a87f-1e10a96e3042:c2378]
2019-08-21 19:24:08,889 | INFO  | DNAudit | user=null | ip=null | op=WRITE_CHUNK {blockData=conID: 3 locID: 102656602855899647 bcsId: 0} | ret=SUCCESS |  
2019-08-21 19:24:08,889 | INFO  | DNAudit | user=null | ip=null | op=WRITE_CHUNK {blockData=conID: 3 locID: 102656602855899647 bcsId: 0} | ret=SUCCESS |  
2019-08-21 19:24:08,889 | INFO  | DNAudit | user=null | ip=null | op=PUT_BLOCK {blockData=[blockId=conID: 3 locID: 102656602855899647 bcsId: 0,size=1048576]} | ret=SUCCESS |  
2019-08-21 19:24:08,889 | INFO  | DNAudit | user=null | ip=null | op=PUT_BLOCK {blockData=[blockId=conID: 3 locID: 102656602855899647 bcsId: 0,size=1048576]} | ret=SUCCESS |  
2019-08-21 19:24:08,889 [grpc-default-executor-0] INFO  client.GrpcClientProtocolClient (GrpcClientProtocolClient.java:onNext(255)) - client-DA9582518C67->1df8bd03-73ef-4b9c-8622-5dc9d0e29c31: receive RaftClientReply:client-DA9582518C67->1df8bd03-73ef-4b9c-8622-5dc9d0e29c31@group-F45402591F47, cid=1682, SUCCESS, logIndex=0, commits[1df8bd03-73ef-4b9c-8622-5dc9d0e29c31:c2382, 12aca755-ada5-42df-801b-c61f99d8e8b8:c2380, a308b8bf-0324-43a1-a87f-1e10a96e3042:c2380]
2019-08-21 19:24:08,892 | INFO  | DNAudit | user=null | ip=null | op=WRITE_CHUNK {blockData=conID: 3 locID: 102656602855899647 bcsId: 0} | ret=SUCCESS |  
2019-08-21 19:24:08,892 | INFO  | DNAudit | user=null | ip=null | op=WRITE_CHUNK {blockData=conID: 3 locID: 102656602855899647 bcsId: 0} | ret=SUCCESS |  
2019-08-21 19:24:08,892 | INFO  | DNAudit | user=null | ip=null | op=PUT_BLOCK {blockData=[blockId=conID: 3 locID: 102656602855899647 bcsId: 0,size=2097152]} | ret=SUCCESS |  
2019-08-21 19:24:08,892 | INFO  | DNAudit | user=null | ip=null | op=PUT_BLOCK {blockData=[blockId=conID: 3 locID: 102656602855899647 bcsId: 0,size=2097152]} | ret=SUCCESS |  
2019-08-21 19:24:08,895 | INFO  | DNAudit | user=null | ip=null | op=WRITE_CHUNK {blockData=conID: 3 locID: 102656602855899647 bcsId: 2382} | ret=SUCCESS |  
2019-08-21 19:24:08,897 | INFO  | DNAudit | user=null | ip=null | op=WRITE_CHUNK {blockData=conID: 3 locID: 102656602855899647 bcsId: 2382} | ret=SUCCESS |  
2019-08-21 19:24:08,897 | INFO  | DNAudit | user=null | ip=null | op=WRITE_CHUNK {blockData=conID: 3 locID: 102656602855899647 bcsId: 2382} | ret=SUCCESS |  
2019-08-21 19:24:08,900 | INFO  | DNAudit | user=null | ip=null | op=WRITE_CHUNK {blockData=conID: 3 locID: 102656602855899647 bcsId: 2382} | ret=SUCCESS |  
2019-08-21 19:24:08,901 | INFO  | DNAudit | user=null | ip=null | op=PUT_BLOCK {blockData=[blockId=conID: 3 locID: 102656602855899647 bcsId: 0,size=3145728]} | ret=SUCCESS |  
2019-08-21 19:24:08,901 [grpc-default-executor-5] INFO  client.GrpcClientProtocolClient (GrpcClientProtocolClient.java:onNext(255)) - client-DA9582518C67->1df8bd03-73ef-4b9c-8622-5dc9d0e29c31: receive RaftClientReply:client-DA9582518C67->1df8bd03-73ef-4b9c-8622-5dc9d0e29c31@group-F45402591F47, cid=1683, SUCCESS, logIndex=2386, commits[1df8bd03-73ef-4b9c-8622-5dc9d0e29c31:c2387, 12aca755-ada5-42df-801b-c61f99d8e8b8:c2385, a308b8bf-0324-43a1-a87f-1e10a96e3042:c2385]
2019-08-21 19:24:08,901 [grpc-default-executor-5] INFO  client.GrpcClientProtocolClient (GrpcClientProtocolClient.java:onNext(255)) - client-DA9582518C67->1df8bd03-73ef-4b9c-8622-5dc9d0e29c31: receive RaftClientReply:client-DA9582518C67->1df8bd03-73ef-4b9c-8622-5dc9d0e29c31@group-F45402591F47, cid=1684, SUCCESS, logIndex=2387, commits[1df8bd03-73ef-4b9c-8622-5dc9d0e29c31:c2387, 12aca755-ada5-42df-801b-c61f99d8e8b8:c2385, a308b8bf-0324-43a1-a87f-1e10a96e3042:c2385]
2019-08-21 19:24:08,902 | INFO  | DNAudit | user=null | ip=null | op=WRITE_CHUNK {blockData=conID: 3 locID: 102656602855899647 bcsId: 2382} | ret=SUCCESS |  
2019-08-21 19:24:08,902 | INFO  | DNAudit | user=null | ip=null | op=WRITE_CHUNK {blockData=conID: 3 locID: 102656602855899647 bcsId: 2382} | ret=SUCCESS |  
2019-08-21 19:24:08,902 | INFO  | DNAudit | user=null | ip=null | op=PUT_BLOCK {blockData=[blockId=conID: 3 locID: 102656602855899647 bcsId: 0,size=3145728]} | ret=SUCCESS |  
2019-08-21 19:24:08,902 | INFO  | DNAudit | user=null | ip=null | op=PUT_BLOCK {blockData=[blockId=conID: 3 locID: 102656602855899647 bcsId: 0,size=3145728]} | ret=SUCCESS |  
2019-08-21 19:24:08,907 | INFO  | DNAudit | user=null | ip=null | op=WRITE_CHUNK {blockData=conID: 3 locID: 102656602855899647 bcsId: 2387} | ret=SUCCESS |  
2019-08-21 19:24:08,910 | INFO  | DNAudit | user=null | ip=null | op=WRITE_CHUNK {blockData=conID: 3 locID: 102656602855899647 bcsId: 2387} | ret=SUCCESS |  
2019-08-21 19:24:08,910 | INFO  | DNAudit | user=null | ip=null | op=WRITE_CHUNK {blockData=conID: 3 locID: 102656602855899647 bcsId: 2387} | ret=SUCCESS |  
2019-08-21 19:24:08,916 | INFO  | DNAudit | user=null | ip=null | op=WRITE_CHUNK {blockData=conID: 3 locID: 102656602855899647 bcsId: 2387} | ret=SUCCESS |  
2019-08-21 19:24:08,917 | INFO  | DNAudit | user=null | ip=null | op=PUT_BLOCK {blockData=[blockId=conID: 3 locID: 102656602855899647 bcsId: 0,size=4194304]} | ret=SUCCESS |  
2019-08-21 19:24:08,917 [grpc-default-executor-0] INFO  client.GrpcClientProtocolClient (GrpcClientProtocolClient.java:onNext(255)) - client-DA9582518C67->1df8bd03-73ef-4b9c-8622-5dc9d0e29c31: receive RaftClientReply:client-DA9582518C67->1df8bd03-73ef-4b9c-8622-5dc9d0e29c31@group-F45402591F47, cid=1685, SUCCESS, logIndex=2390, commits[1df8bd03-73ef-4b9c-8622-5dc9d0e29c31:c2391, 12aca755-ada5-42df-801b-c61f99d8e8b8:c2389, a308b8bf-0324-43a1-a87f-1e10a96e3042:c2389]
2019-08-21 19:24:08,917 [grpc-default-executor-0] INFO  client.GrpcClientProtocolClient (GrpcClientProtocolClient.java:onNext(255)) - client-DA9582518C67->1df8bd03-73ef-4b9c-8622-5dc9d0e29c31: receive RaftClientReply:client-DA9582518C67->1df8bd03-73ef-4b9c-8622-5dc9d0e29c31@group-F45402591F47, cid=1686, SUCCESS, logIndex=2391, commits[1df8bd03-73ef-4b9c-8622-5dc9d0e29c31:c2391, 12aca755-ada5-42df-801b-c61f99d8e8b8:c2389, a308b8bf-0324-43a1-a87f-1e10a96e3042:c2389]
2019-08-21 19:24:08,918 | INFO  | DNAudit | user=null | ip=null | op=WRITE_CHUNK {blockData=conID: 3 locID: 102656602855899647 bcsId: 2387} | ret=SUCCESS |  
2019-08-21 19:24:08,918 | INFO  | DNAudit | user=null | ip=null | op=WRITE_CHUNK {blockData=conID: 3 locID: 102656602855899647 bcsId: 2387} | ret=SUCCESS |  
2019-08-21 19:24:08,920 | INFO  | DNAudit | user=null | ip=null | op=PUT_BLOCK {blockData=[blockId=conID: 3 locID: 102656602855899647 bcsId: 0,size=4194304]} | ret=SUCCESS |  
2019-08-21 19:24:08,920 | INFO  | DNAudit | user=null | ip=null | op=PUT_BLOCK {blockData=[blockId=conID: 3 locID: 102656602855899647 bcsId: 0,size=4194304]} | ret=SUCCESS |  
2019-08-21 19:24:08,921 [grpc-default-executor-5] INFO  client.GrpcClientProtocolClient (GrpcClientProtocolClient.java:onNext(255)) - client-DA9582518C67->1df8bd03-73ef-4b9c-8622-5dc9d0e29c31: receive RaftClientReply:client-DA9582518C67->1df8bd03-73ef-4b9c-8622-5dc9d0e29c31@group-F45402591F47, cid=1687, SUCCESS, logIndex=0, commits[1df8bd03-73ef-4b9c-8622-5dc9d0e29c31:c2393, 12aca755-ada5-42df-801b-c61f99d8e8b8:c2391, a308b8bf-0324-43a1-a87f-1e10a96e3042:c2391]
2019-08-21 19:24:08,924 | INFO  | SCMAudit | user=jenkins1000 | ip=192.168.69.88 | op=ALLOCATE_BLOCK {owner=a4b1d482-4fe6-4e71-84a6-a95f4ce3f696, size=4194304, type=RATIS, factor=THREE} | ret=SUCCESS |  
2019-08-21 19:24:08,926 | INFO  | OMAudit | user=jenkins1000 | ip=127.0.0.1 | op=ALLOCATE_BLOCK {volume=vol-0-90666, bucket=bucket-0-29336, key=key-0-94354, dataSize=0, replicationType=null, replicationFactor=null, keyLocationInfo=null, clientID=102656601977389458} | ret=SUCCESS |  
2019-08-21 19:24:08,932 | INFO  | DNAudit | user=null | ip=null | op=WRITE_CHUNK {blockData=conID: 1 locID: 102656602860683776 bcsId: 0} | ret=SUCCESS |  
2019-08-21 19:24:08,934 | INFO  | DNAudit | user=null | ip=null | op=WRITE_CHUNK {blockData=conID: 1 locID: 102656602860683776 bcsId: 0} | ret=SUCCESS |  
2019-08-21 19:24:08,934 | INFO  | DNAudit | user=null | ip=null | op=WRITE_CHUNK {blockData=conID: 1 locID: 102656602860683776 bcsId: 0} | ret=SUCCESS |  
2019-08-21 19:24:08,935 | INFO  | DNAudit | user=null | ip=null | op=WRITE_CHUNK {blockData=conID: 1 locID: 102656602860683776 bcsId: 0} | ret=SUCCESS |  
2019-08-21 19:24:08,936 | INFO  | DNAudit | user=null | ip=null | op=WRITE_CHUNK {blockData=conID: 1 locID: 102656602860683776 bcsId: 0} | ret=SUCCESS |  
2019-08-21 19:24:08,937 | INFO  | DNAudit | user=null | ip=null | op=WRITE_CHUNK {blockData=conID: 1 locID: 102656602860683776 bcsId: 0} | ret=SUCCESS |  
2019-08-21 19:24:08,945 | INFO  | DNAudit | user=null | ip=null | op=WRITE_CHUNK {blockData=conID: 1 locID: 102656602860683776 bcsId: 0} | ret=SUCCESS |  
2019-08-21 19:24:08,945 | INFO  | DNAudit | user=null | ip=null | op=PUT_BLOCK {blockData=[blockId=conID: 1 locID: 102656602860683776 bcsId: 0,size=1048576]} | ret=SUCCESS |  
2019-08-21 19:24:08,945 [grpc-default-executor-5] INFO  client.GrpcClientProtocolClient (GrpcClientProtocolClient.java:onNext(255)) - client-DA9582518C67->1df8bd03-73ef-4b9c-8622-5dc9d0e29c31: receive RaftClientReply:client-DA9582518C67->1df8bd03-73ef-4b9c-8622-5dc9d0e29c31@group-F45402591F47, cid=1688, SUCCESS, logIndex=2394, commits[1df8bd03-73ef-4b9c-8622-5dc9d0e29c31:c2395, 12aca755-ada5-42df-801b-c61f99d8e8b8:c2393, a308b8bf-0324-43a1-a87f-1e10a96e3042:c2393]
2019-08-21 19:24:08,945 | INFO  | DNAudit | user=null | ip=null | op=WRITE_CHUNK {blockData=conID: 1 locID: 102656602860683776 bcsId: 0} | ret=SUCCESS |  
2019-08-21 19:24:08,946 [grpc-default-executor-2] INFO  client.GrpcClientProtocolClient (GrpcClientProtocolClient.java:onNext(255)) - client-DA9582518C67->1df8bd03-73ef-4b9c-8622-5dc9d0e29c31: receive RaftClientReply:client-DA9582518C67->1df8bd03-73ef-4b9c-8622-5dc9d0e29c31@group-F45402591F47, cid=1689, SUCCESS, logIndex=2395, commits[1df8bd03-73ef-4b9c-8622-5dc9d0e29c31:c2395, 12aca755-ada5-42df-801b-c61f99d8e8b8:c2393, a308b8bf-0324-43a1-a87f-1e10a96e3042:c2393]
2019-08-21 19:24:08,946 | INFO  | DNAudit | user=null | ip=null | op=PUT_BLOCK {blockData=[blockId=conID: 1 locID: 102656602860683776 bcsId: 0,size=2097152]} | ret=SUCCESS |  
2019-08-21 19:24:08,946 [grpc-default-executor-2] INFO  client.GrpcClientProtocolClient (GrpcClientProtocolClient.java:onNext(255)) - client-DA9582518C67->1df8bd03-73ef-4b9c-8622-5dc9d0e29c31: receive RaftClientReply:client-DA9582518C67->1df8bd03-73ef-4b9c-8622-5dc9d0e29c31@group-F45402591F47, cid=1690, SUCCESS, logIndex=2396, commits[1df8bd03-73ef-4b9c-8622-5dc9d0e29c31:c2396, 12aca755-ada5-42df-801b-c61f99d8e8b8:c2393, a308b8bf-0324-43a1-a87f-1e10a96e3042:c2393]
2019-08-21 19:24:08,946 [grpc-default-executor-2] INFO  client.GrpcClientProtocolClient (GrpcClientProtocolClient.java:onNext(255)) - client-DA9582518C67->1df8bd03-73ef-4b9c-8622-5dc9d0e29c31: receive RaftClientReply:client-DA9582518C67->1df8bd03-73ef-4b9c-8622-5dc9d0e29c31@group-F45402591F47, cid=1691, SUCCESS, logIndex=2397, commits[1df8bd03-73ef-4b9c-8622-5dc9d0e29c31:c2397, 12aca755-ada5-42df-801b-c61f99d8e8b8:c2393, a308b8bf-0324-43a1-a87f-1e10a96e3042:c2393]
2019-08-21 19:24:08,946 | INFO  | DNAudit | user=null | ip=null | op=WRITE_CHUNK {blockData=conID: 1 locID: 102656602860683776 bcsId: 0} | ret=SUCCESS |  
2019-08-21 19:24:08,947 | INFO  | DNAudit | user=null | ip=null | op=PUT_BLOCK {blockData=[blockId=conID: 1 locID: 102656602860683776 bcsId: 0,size=1048576]} | ret=SUCCESS |  
2019-08-21 19:24:08,947 | INFO  | DNAudit | user=null | ip=null | op=WRITE_CHUNK {blockData=conID: 1 locID: 102656602860683776 bcsId: 0} | ret=SUCCESS |  
2019-08-21 19:24:08,947 | INFO  | DNAudit | user=null | ip=null | op=PUT_BLOCK {blockData=[blockId=conID: 1 locID: 102656602860683776 bcsId: 0,size=1048576]} | ret=SUCCESS |  
2019-08-21 19:24:08,947 [grpc-default-executor-5] INFO  client.GrpcClientProtocolClient (GrpcClientProtocolClient.java:onNext(255)) - client-DA9582518C67->1df8bd03-73ef-4b9c-8622-5dc9d0e29c31: receive RaftClientReply:client-DA9582518C67->1df8bd03-73ef-4b9c-8622-5dc9d0e29c31@group-F45402591F47, cid=1692, SUCCESS, logIndex=0, commits[1df8bd03-73ef-4b9c-8622-5dc9d0e29c31:c2399, 12aca755-ada5-42df-801b-c61f99d8e8b8:c2395, a308b8bf-0324-43a1-a87f-1e10a96e3042:c2395]
2019-08-21 19:24:08,948 | INFO  | DNAudit | user=null | ip=null | op=WRITE_CHUNK {blockData=conID: 1 locID: 102656602860683776 bcsId: 0} | ret=SUCCESS |  
2019-08-21 19:24:08,948 | INFO  | DNAudit | user=null | ip=null | op=PUT_BLOCK {blockData=[blockId=conID: 1 locID: 102656602860683776 bcsId: 0,size=2097152]} | ret=SUCCESS |  
2019-08-21 19:24:08,950 | INFO  | DNAudit | user=null | ip=null | op=WRITE_CHUNK {blockData=conID: 1 locID: 102656602860683776 bcsId: 0} | ret=SUCCESS |  
2019-08-21 19:24:08,950 | INFO  | DNAudit | user=null | ip=null | op=PUT_BLOCK {blockData=[blockId=conID: 1 locID: 102656602860683776 bcsId: 0,size=2097152]} | ret=SUCCESS |  
2019-08-21 19:24:08,953 | INFO  | DNAudit | user=null | ip=null | op=WRITE_CHUNK {blockData=conID: 1 locID: 102656602860683776 bcsId: 2397} | ret=SUCCESS |  
2019-08-21 19:24:08,955 | INFO  | DNAudit | user=null | ip=null | op=WRITE_CHUNK {blockData=conID: 1 locID: 102656602860683776 bcsId: 2397} | ret=SUCCESS |  
2019-08-21 19:24:08,956 | INFO  | DNAudit | user=null | ip=null | op=WRITE_CHUNK {blockData=conID: 1 locID: 102656602860683776 bcsId: 2397} | ret=SUCCESS |  
2019-08-21 19:24:08,963 | INFO  | DNAudit | user=null | ip=null | op=WRITE_CHUNK {blockData=conID: 1 locID: 102656602860683776 bcsId: 2397} | ret=SUCCESS |  
2019-08-21 19:24:08,963 | INFO  | DNAudit | user=null | ip=null | op=PUT_BLOCK {blockData=[blockId=conID: 1 locID: 102656602860683776 bcsId: 0,size=3145728]} | ret=SUCCESS |  
2019-08-21 19:24:08,963 [grpc-default-executor-5] INFO  client.GrpcClientProtocolClient (GrpcClientProtocolClient.java:onNext(255)) - client-DA9582518C67->1df8bd03-73ef-4b9c-8622-5dc9d0e29c31: receive RaftClientReply:client-DA9582518C67->1df8bd03-73ef-4b9c-8622-5dc9d0e29c31@group-F45402591F47, cid=1693, SUCCESS, logIndex=2402, commits[1df8bd03-73ef-4b9c-8622-5dc9d0e29c31:c2403, 12aca755-ada5-42df-801b-c61f99d8e8b8:c2401, a308b8bf-0324-43a1-a87f-1e10a96e3042:c2401]
2019-08-21 19:24:08,964 [grpc-default-executor-5] INFO  client.GrpcClientProtocolClient (GrpcClientProtocolClient.java:onNext(255)) - client-DA9582518C67->1df8bd03-73ef-4b9c-8622-5dc9d0e29c31: receive RaftClientReply:client-DA9582518C67->1df8bd03-73ef-4b9c-8622-5dc9d0e29c31@group-F45402591F47, cid=1694, SUCCESS, logIndex=2403, commits[1df8bd03-73ef-4b9c-8622-5dc9d0e29c31:c2403, 12aca755-ada5-42df-801b-c61f99d8e8b8:c2401, a308b8bf-0324-43a1-a87f-1e10a96e3042:c2401]
2019-08-21 19:24:08,964 | INFO  | DNAudit | user=null | ip=null | op=WRITE_CHUNK {blockData=conID: 1 locID: 102656602860683776 bcsId: 2397} | ret=SUCCESS |  
2019-08-21 19:24:08,964 | INFO  | DNAudit | user=null | ip=null | op=PUT_BLOCK {blockData=[blockId=conID: 1 locID: 102656602860683776 bcsId: 0,size=3145728]} | ret=SUCCESS |  
2019-08-21 19:24:08,966 | INFO  | DNAudit | user=null | ip=null | op=WRITE_CHUNK {blockData=conID: 1 locID: 102656602860683776 bcsId: 2397} | ret=SUCCESS |  
2019-08-21 19:24:08,966 | INFO  | DNAudit | user=null | ip=null | op=PUT_BLOCK {blockData=[blockId=conID: 1 locID: 102656602860683776 bcsId: 0,size=3145728]} | ret=SUCCESS |  
2019-08-21 19:24:08,969 | INFO  | DNAudit | user=null | ip=null | op=WRITE_CHUNK {blockData=conID: 1 locID: 102656602860683776 bcsId: 2403} | ret=SUCCESS |  
2019-08-21 19:24:08,971 | INFO  | DNAudit | user=null | ip=null | op=WRITE_CHUNK {blockData=conID: 1 locID: 102656602860683776 bcsId: 2403} | ret=SUCCESS |  
2019-08-21 19:24:08,971 | INFO  | DNAudit | user=null | ip=null | op=WRITE_CHUNK {blockData=conID: 1 locID: 102656602860683776 bcsId: 2403} | ret=SUCCESS |  
2019-08-21 19:24:08,972 | INFO  | SCMAudit | user=jenkins1000 | ip=192.168.69.88 | op=SEND_HEARTBEAT {datanodeUUID=a308b8bf-0324-43a1-a87f-1e10a96e3042, command=[]} | ret=SUCCESS |  
2019-08-21 19:24:08,972 | INFO  | SCMAudit | user=jenkins1000 | ip=192.168.69.88 | op=SEND_HEARTBEAT {datanodeUUID=12aca755-ada5-42df-801b-c61f99d8e8b8, command=[]} | ret=SUCCESS |  
2019-08-21 19:24:08,973 | INFO  | SCMAudit | user=jenkins1000 | ip=192.168.69.88 | op=SEND_HEARTBEAT {datanodeUUID=1df8bd03-73ef-4b9c-8622-5dc9d0e29c31, command=[]} | ret=SUCCESS |  
2019-08-21 19:24:09,002 | INFO  | DNAudit | user=null | ip=null | op=WRITE_CHUNK {blockData=conID: 1 locID: 102656602860683776 bcsId: 2403} | ret=SUCCESS |  
2019-08-21 19:24:09,002 | INFO  | DNAudit | user=null | ip=null | op=PUT_BLOCK {blockData=[blockId=conID: 1 locID: 102656602860683776 bcsId: 0,size=4194304]} | ret=SUCCESS |  
2019-08-21 19:24:09,002 [grpc-default-executor-5] INFO  client.GrpcClientProtocolClient (GrpcClientProtocolClient.java:onNext(255)) - client-DA9582518C67->1df8bd03-73ef-4b9c-8622-5dc9d0e29c31: receive RaftClientReply:client-DA9582518C67->1df8bd03-73ef-4b9c-8622-5dc9d0e29c31@group-F45402591F47, cid=1695, SUCCESS, logIndex=2406, commits[1df8bd03-73ef-4b9c-8622-5dc9d0e29c31:c2407, 12aca755-ada5-42df-801b-c61f99d8e8b8:c2404, a308b8bf-0324-43a1-a87f-1e10a96e3042:c2403]
2019-08-21 19:24:09,003 [grpc-default-executor-5] INFO  client.GrpcClientProtocolClient (GrpcClientProtocolClient.java:onNext(255)) - client-DA9582518C67->1df8bd03-73ef-4b9c-8622-5dc9d0e29c31: receive RaftClientReply:client-DA9582518C67->1df8bd03-73ef-4b9c-8622-5dc9d0e29c31@group-F45402591F47, cid=1696, SUCCESS, logIndex=2407, commits[1df8bd03-73ef-4b9c-8622-5dc9d0e29c31:c2407, 12aca755-ada5-42df-801b-c61f99d8e8b8:c2404, a308b8bf-0324-43a1-a87f-1e10a96e3042:c2403]
2019-08-21 19:24:09,004 | INFO  | DNAudit | user=null | ip=null | op=WRITE_CHUNK {blockData=conID: 1 locID: 102656602860683776 bcsId: 2403} | ret=SUCCESS |  
2019-08-21 19:24:09,005 | INFO  | DNAudit | user=null | ip=null | op=PUT_BLOCK {blockData=[blockId=conID: 1 locID: 102656602860683776 bcsId: 0,size=4194304]} | ret=SUCCESS |  
2019-08-21 19:24:09,005 | INFO  | DNAudit | user=null | ip=null | op=WRITE_CHUNK {blockData=conID: 1 locID: 102656602860683776 bcsId: 2403} | ret=SUCCESS |  
2019-08-21 19:24:09,005 | INFO  | DNAudit | user=null | ip=null | op=PUT_BLOCK {blockData=[blockId=conID: 1 locID: 102656602860683776 bcsId: 0,size=4194304]} | ret=SUCCESS |  
2019-08-21 19:24:09,005 [grpc-default-executor-5] INFO  client.GrpcClientProtocolClient (GrpcClientProtocolClient.java:onNext(255)) - client-DA9582518C67->1df8bd03-73ef-4b9c-8622-5dc9d0e29c31: receive RaftClientReply:client-DA9582518C67->1df8bd03-73ef-4b9c-8622-5dc9d0e29c31@group-F45402591F47, cid=1697, SUCCESS, logIndex=0, commits[1df8bd03-73ef-4b9c-8622-5dc9d0e29c31:c2408, 12aca755-ada5-42df-801b-c61f99d8e8b8:c2407, a308b8bf-0324-43a1-a87f-1e10a96e3042:c2407]
2019-08-21 19:24:09,008 | INFO  | SCMAudit | user=jenkins1000 | ip=192.168.69.88 | op=ALLOCATE_BLOCK {owner=a4b1d482-4fe6-4e71-84a6-a95f4ce3f696, size=4194304, type=RATIS, factor=THREE} | ret=SUCCESS |  
2019-08-21 19:24:09,010 | INFO  | OMAudit | user=jenkins1000 | ip=127.0.0.1 | op=ALLOCATE_BLOCK {volume=vol-0-90666, bucket=bucket-0-29336, key=key-0-94354, dataSize=0, replicationType=null, replicationFactor=null, keyLocationInfo=null, clientID=102656601977389458} | ret=SUCCESS |  
2019-08-21 19:24:09,016 | INFO  | DNAudit | user=null | ip=null | op=WRITE_CHUNK {blockData=conID: 2 locID: 102656602866188801 bcsId: 0} | ret=SUCCESS |  
2019-08-21 19:24:09,018 | INFO  | DNAudit | user=null | ip=null | op=WRITE_CHUNK {blockData=conID: 2 locID: 102656602866188801 bcsId: 0} | ret=SUCCESS |  
2019-08-21 19:24:09,019 | INFO  | DNAudit | user=null | ip=null | op=WRITE_CHUNK {blockData=conID: 2 locID: 102656602866188801 bcsId: 0} | ret=SUCCESS |  
2019-08-21 19:24:09,019 | INFO  | DNAudit | user=null | ip=null | op=WRITE_CHUNK {blockData=conID: 2 locID: 102656602866188801 bcsId: 0} | ret=SUCCESS |  
2019-08-21 19:24:09,020 | INFO  | DNAudit | user=null | ip=null | op=WRITE_CHUNK {blockData=conID: 2 locID: 102656602866188801 bcsId: 0} | ret=SUCCESS |  
2019-08-21 19:24:09,020 | INFO  | DNAudit | user=null | ip=null | op=WRITE_CHUNK {blockData=conID: 2 locID: 102656602866188801 bcsId: 0} | ret=SUCCESS |  
2019-08-21 19:24:09,029 | INFO  | DNAudit | user=null | ip=null | op=WRITE_CHUNK {blockData=conID: 2 locID: 102656602866188801 bcsId: 0} | ret=SUCCESS |  
2019-08-21 19:24:09,029 | INFO  | DNAudit | user=null | ip=null | op=PUT_BLOCK {blockData=[blockId=conID: 2 locID: 102656602866188801 bcsId: 0,size=1048576]} | ret=SUCCESS |  
2019-08-21 19:24:09,030 | INFO  | DNAudit | user=null | ip=null | op=WRITE_CHUNK {blockData=conID: 2 locID: 102656602866188801 bcsId: 0} | ret=SUCCESS |  
2019-08-21 19:24:09,029 [grpc-default-executor-5] INFO  client.GrpcClientProtocolClient (GrpcClientProtocolClient.java:onNext(255)) - client-DA9582518C67->1df8bd03-73ef-4b9c-8622-5dc9d0e29c31: receive RaftClientReply:client-DA9582518C67->1df8bd03-73ef-4b9c-8622-5dc9d0e29c31@group-F45402591F47, cid=1698, SUCCESS, logIndex=2410, commits[1df8bd03-73ef-4b9c-8622-5dc9d0e29c31:c2413, 12aca755-ada5-42df-801b-c61f99d8e8b8:c2409, a308b8bf-0324-43a1-a87f-1e10a96e3042:c2409]
2019-08-21 19:24:09,030 | INFO  | DNAudit | user=null | ip=null | op=PUT_BLOCK {blockData=[blockId=conID: 2 locID: 102656602866188801 bcsId: 0,size=2097152]} | ret=SUCCESS |  
2019-08-21 19:24:09,030 [grpc-default-executor-5] INFO  client.GrpcClientProtocolClient (GrpcClientProtocolClient.java:onNext(255)) - client-DA9582518C67->1df8bd03-73ef-4b9c-8622-5dc9d0e29c31: receive RaftClientReply:client-DA9582518C67->1df8bd03-73ef-4b9c-8622-5dc9d0e29c31@group-F45402591F47, cid=1699, SUCCESS, logIndex=2411, commits[1df8bd03-73ef-4b9c-8622-5dc9d0e29c31:c2413, 12aca755-ada5-42df-801b-c61f99d8e8b8:c2409, a308b8bf-0324-43a1-a87f-1e10a96e3042:c2409]
2019-08-21 19:24:09,030 [grpc-default-executor-5] INFO  client.GrpcClientProtocolClient (GrpcClientProtocolClient.java:onNext(255)) - client-DA9582518C67->1df8bd03-73ef-4b9c-8622-5dc9d0e29c31: receive RaftClientReply:client-DA9582518C67->1df8bd03-73ef-4b9c-8622-5dc9d0e29c31@group-F45402591F47, cid=1700, SUCCESS, logIndex=2412, commits[1df8bd03-73ef-4b9c-8622-5dc9d0e29c31:c2413, 12aca755-ada5-42df-801b-c61f99d8e8b8:c2409, a308b8bf-0324-43a1-a87f-1e10a96e3042:c2409]
2019-08-21 19:24:09,030 [grpc-default-executor-5] INFO  client.GrpcClientProtocolClient (GrpcClientProtocolClient.java:onNext(255)) - client-DA9582518C67->1df8bd03-73ef-4b9c-8622-5dc9d0e29c31: receive RaftClientReply:client-DA9582518C67->1df8bd03-73ef-4b9c-8622-5dc9d0e29c31@group-F45402591F47, cid=1701, SUCCESS, logIndex=2413, commits[1df8bd03-73ef-4b9c-8622-5dc9d0e29c31:c2413, 12aca755-ada5-42df-801b-c61f99d8e8b8:c2409, a308b8bf-0324-43a1-a87f-1e10a96e3042:c2409]
2019-08-21 19:24:09,040 | INFO  | DNAudit | user=null | ip=null | op=WRITE_CHUNK {blockData=conID: 2 locID: 102656602866188801 bcsId: 0} | ret=SUCCESS |  
2019-08-21 19:24:09,040 | INFO  | DNAudit | user=null | ip=null | op=WRITE_CHUNK {blockData=conID: 2 locID: 102656602866188801 bcsId: 0} | ret=SUCCESS |  
2019-08-21 19:24:09,040 | INFO  | DNAudit | user=null | ip=null | op=PUT_BLOCK {blockData=[blockId=conID: 2 locID: 102656602866188801 bcsId: 0,size=1048576]} | ret=SUCCESS |  
2019-08-21 19:24:09,040 | INFO  | DNAudit | user=null | ip=null | op=PUT_BLOCK {blockData=[blockId=conID: 2 locID: 102656602866188801 bcsId: 0,size=1048576]} | ret=SUCCESS |  
2019-08-21 19:24:09,040 [grpc-default-executor-4] INFO  client.GrpcClientProtocolClient (GrpcClientProtocolClient.java:onNext(255)) - client-DA9582518C67->1df8bd03-73ef-4b9c-8622-5dc9d0e29c31: receive RaftClientReply:client-DA9582518C67->1df8bd03-73ef-4b9c-8622-5dc9d0e29c31@group-F45402591F47, cid=1702, SUCCESS, logIndex=0, commits[1df8bd03-73ef-4b9c-8622-5dc9d0e29c31:c2414, 12aca755-ada5-42df-801b-c61f99d8e8b8:c2411, a308b8bf-0324-43a1-a87f-1e10a96e3042:c2411]
2019-08-21 19:24:09,041 | INFO  | DNAudit | user=null | ip=null | op=WRITE_CHUNK {blockData=conID: 2 locID: 102656602866188801 bcsId: 0} | ret=SUCCESS |  
2019-08-21 19:24:09,041 | INFO  | DNAudit | user=null | ip=null | op=PUT_BLOCK {blockData=[blockId=conID: 2 locID: 102656602866188801 bcsId: 0,size=2097152]} | ret=SUCCESS |  
2019-08-21 19:24:09,041 | INFO  | DNAudit | user=null | ip=null | op=WRITE_CHUNK {blockData=conID: 2 locID: 102656602866188801 bcsId: 0} | ret=SUCCESS |  
2019-08-21 19:24:09,041 | INFO  | DNAudit | user=null | ip=null | op=PUT_BLOCK {blockData=[blockId=conID: 2 locID: 102656602866188801 bcsId: 0,size=2097152]} | ret=SUCCESS |  
2019-08-21 19:24:09,045 | INFO  | DNAudit | user=null | ip=null | op=WRITE_CHUNK {blockData=conID: 2 locID: 102656602866188801 bcsId: 2413} | ret=SUCCESS |  
2019-08-21 19:24:09,047 | INFO  | DNAudit | user=null | ip=null | op=WRITE_CHUNK {blockData=conID: 2 locID: 102656602866188801 bcsId: 2413} | ret=SUCCESS |  
2019-08-21 19:24:09,048 | INFO  | DNAudit | user=null | ip=null | op=WRITE_CHUNK {blockData=conID: 2 locID: 102656602866188801 bcsId: 2413} | ret=SUCCESS |  
2019-08-21 19:24:09,050 | INFO  | DNAudit | user=null | ip=null | op=WRITE_CHUNK {blockData=conID: 2 locID: 102656602866188801 bcsId: 2413} | ret=SUCCESS |  
2019-08-21 19:24:09,050 | INFO  | DNAudit | user=null | ip=null | op=PUT_BLOCK {blockData=[blockId=conID: 2 locID: 102656602866188801 bcsId: 0,size=3145728]} | ret=SUCCESS |  
2019-08-21 19:24:09,050 [grpc-default-executor-0] INFO  client.GrpcClientProtocolClient (GrpcClientProtocolClient.java:onNext(255)) - client-DA9582518C67->1df8bd03-73ef-4b9c-8622-5dc9d0e29c31: receive RaftClientReply:client-DA9582518C67->1df8bd03-73ef-4b9c-8622-5dc9d0e29c31@group-F45402591F47, cid=1703, SUCCESS, logIndex=2418, commits[1df8bd03-73ef-4b9c-8622-5dc9d0e29c31:c2419, 12aca755-ada5-42df-801b-c61f99d8e8b8:c2417, a308b8bf-0324-43a1-a87f-1e10a96e3042:c2417]
2019-08-21 19:24:09,050 [grpc-default-executor-0] INFO  client.GrpcClientProtocolClient (GrpcClientProtocolClient.java:onNext(255)) - client-DA9582518C67->1df8bd03-73ef-4b9c-8622-5dc9d0e29c31: receive RaftClientReply:client-DA9582518C67->1df8bd03-73ef-4b9c-8622-5dc9d0e29c31@group-F45402591F47, cid=1704, SUCCESS, logIndex=2419, commits[1df8bd03-73ef-4b9c-8622-5dc9d0e29c31:c2419, 12aca755-ada5-42df-801b-c61f99d8e8b8:c2417, a308b8bf-0324-43a1-a87f-1e10a96e3042:c2417]
2019-08-21 19:24:09,056 | INFO  | DNAudit | user=null | ip=null | op=WRITE_CHUNK {blockData=conID: 2 locID: 102656602866188801 bcsId: 2419} | ret=SUCCESS |  
2019-08-21 19:24:09,058 | INFO  | DNAudit | user=null | ip=null | op=WRITE_CHUNK {blockData=conID: 2 locID: 102656602866188801 bcsId: 2419} | ret=SUCCESS |  
2019-08-21 19:24:09,058 | INFO  | DNAudit | user=null | ip=null | op=WRITE_CHUNK {blockData=conID: 2 locID: 102656602866188801 bcsId: 2419} | ret=SUCCESS |  
2019-08-21 19:24:09,061 | INFO  | DNAudit | user=null | ip=null | op=WRITE_CHUNK {blockData=conID: 2 locID: 102656602866188801 bcsId: 2413} | ret=SUCCESS |  
2019-08-21 19:24:09,061 | INFO  | DNAudit | user=null | ip=null | op=WRITE_CHUNK {blockData=conID: 2 locID: 102656602866188801 bcsId: 2413} | ret=SUCCESS |  
2019-08-21 19:24:09,064 | INFO  | DNAudit | user=null | ip=null | op=PUT_BLOCK {blockData=[blockId=conID: 2 locID: 102656602866188801 bcsId: 0,size=3145728]} | ret=SUCCESS |  
2019-08-21 19:24:09,064 | INFO  | DNAudit | user=null | ip=null | op=PUT_BLOCK {blockData=[blockId=conID: 2 locID: 102656602866188801 bcsId: 0,size=3145728]} | ret=SUCCESS |  
2019-08-21 19:24:09,064 | INFO  | DNAudit | user=null | ip=null | op=WRITE_CHUNK {blockData=conID: 2 locID: 102656602866188801 bcsId: 2419} | ret=SUCCESS |  
2019-08-21 19:24:09,065 | INFO  | DNAudit | user=null | ip=null | op=PUT_BLOCK {blockData=[blockId=conID: 2 locID: 102656602866188801 bcsId: 0,size=4194304]} | ret=SUCCESS |  
2019-08-21 19:24:09,065 [grpc-default-executor-4] INFO  client.GrpcClientProtocolClient (GrpcClientProtocolClient.java:onNext(255)) - client-DA9582518C67->1df8bd03-73ef-4b9c-8622-5dc9d0e29c31: receive RaftClientReply:client-DA9582518C67->1df8bd03-73ef-4b9c-8622-5dc9d0e29c31@group-F45402591F47, cid=1705, SUCCESS, logIndex=2422, commits[1df8bd03-73ef-4b9c-8622-5dc9d0e29c31:c2423, 12aca755-ada5-42df-801b-c61f99d8e8b8:c2419, a308b8bf-0324-43a1-a87f-1e10a96e3042:c2419]
2019-08-21 19:24:09,065 [grpc-default-executor-4] INFO  client.GrpcClientProtocolClient (GrpcClientProtocolClient.java:onNext(255)) - client-DA9582518C67->1df8bd03-73ef-4b9c-8622-5dc9d0e29c31: receive RaftClientReply:client-DA9582518C67->1df8bd03-73ef-4b9c-8622-5dc9d0e29c31@group-F45402591F47, cid=1706, SUCCESS, logIndex=2423, commits[1df8bd03-73ef-4b9c-8622-5dc9d0e29c31:c2423, 12aca755-ada5-42df-801b-c61f99d8e8b8:c2419, a308b8bf-0324-43a1-a87f-1e10a96e3042:c2419]
2019-08-21 19:24:09,092 | INFO  | DNAudit | user=null | ip=null | op=WRITE_CHUNK {blockData=conID: 2 locID: 102656602866188801 bcsId: 2419} | ret=SUCCESS |  
2019-08-21 19:24:09,092 | INFO  | DNAudit | user=null | ip=null | op=WRITE_CHUNK {blockData=conID: 2 locID: 102656602866188801 bcsId: 2419} | ret=SUCCESS |  
2019-08-21 19:24:09,095 | INFO  | DNAudit | user=null | ip=null | op=PUT_BLOCK {blockData=[blockId=conID: 2 locID: 102656602866188801 bcsId: 0,size=4194304]} | ret=SUCCESS |  
2019-08-21 19:24:09,095 | INFO  | DNAudit | user=null | ip=null | op=PUT_BLOCK {blockData=[blockId=conID: 2 locID: 102656602866188801 bcsId: 0,size=4194304]} | ret=SUCCESS |  
2019-08-21 19:24:09,095 [grpc-default-executor-4] INFO  client.GrpcClientProtocolClient (GrpcClientProtocolClient.java:onNext(255)) - client-DA9582518C67->1df8bd03-73ef-4b9c-8622-5dc9d0e29c31: receive RaftClientReply:client-DA9582518C67->1df8bd03-73ef-4b9c-8622-5dc9d0e29c31@group-F45402591F47, cid=1707, SUCCESS, logIndex=0, commits[1df8bd03-73ef-4b9c-8622-5dc9d0e29c31:c2424, 12aca755-ada5-42df-801b-c61f99d8e8b8:c2423, a308b8bf-0324-43a1-a87f-1e10a96e3042:c2423]
2019-08-21 19:24:09,099 | INFO  | SCMAudit | user=jenkins1000 | ip=192.168.69.88 | op=ALLOCATE_BLOCK {owner=a4b1d482-4fe6-4e71-84a6-a95f4ce3f696, size=4194304, type=RATIS, factor=THREE} | ret=SUCCESS |  
2019-08-21 19:24:09,101 | INFO  | OMAudit | user=jenkins1000 | ip=127.0.0.1 | op=ALLOCATE_BLOCK {volume=vol-0-90666, bucket=bucket-0-29336, key=key-0-94354, dataSize=0, replicationType=null, replicationFactor=null, keyLocationInfo=null, clientID=102656601977389458} | ret=SUCCESS |  
2019-08-21 19:24:09,107 | INFO  | DNAudit | user=null | ip=null | op=WRITE_CHUNK {blockData=conID: 3 locID: 102656602872152578 bcsId: 0} | ret=SUCCESS |  
2019-08-21 19:24:09,109 | INFO  | DNAudit | user=null | ip=null | op=WRITE_CHUNK {blockData=conID: 3 locID: 102656602872152578 bcsId: 0} | ret=SUCCESS |  
2019-08-21 19:24:09,109 | INFO  | DNAudit | user=null | ip=null | op=WRITE_CHUNK {blockData=conID: 3 locID: 102656602872152578 bcsId: 0} | ret=SUCCESS |  
2019-08-21 19:24:09,110 | INFO  | DNAudit | user=null | ip=null | op=WRITE_CHUNK {blockData=conID: 3 locID: 102656602872152578 bcsId: 0} | ret=SUCCESS |  
2019-08-21 19:24:09,111 | INFO  | DNAudit | user=null | ip=null | op=WRITE_CHUNK {blockData=conID: 3 locID: 102656602872152578 bcsId: 0} | ret=SUCCESS |  
2019-08-21 19:24:09,111 | INFO  | DNAudit | user=null | ip=null | op=WRITE_CHUNK {blockData=conID: 3 locID: 102656602872152578 bcsId: 0} | ret=SUCCESS |  
2019-08-21 19:24:09,125 | INFO  | DNAudit | user=null | ip=null | op=WRITE_CHUNK {blockData=conID: 3 locID: 102656602872152578 bcsId: 0} | ret=SUCCESS |  
2019-08-21 19:24:09,126 | INFO  | DNAudit | user=null | ip=null | op=PUT_BLOCK {blockData=[blockId=conID: 3 locID: 102656602872152578 bcsId: 0,size=1048576]} | ret=SUCCESS |  
2019-08-21 19:24:09,126 [grpc-default-executor-4] INFO  client.GrpcClientProtocolClient (GrpcClientProtocolClient.java:onNext(255)) - client-DA9582518C67->1df8bd03-73ef-4b9c-8622-5dc9d0e29c31: receive RaftClientReply:client-DA9582518C67->1df8bd03-73ef-4b9c-8622-5dc9d0e29c31@group-F45402591F47, cid=1708, SUCCESS, logIndex=2426, commits[1df8bd03-73ef-4b9c-8622-5dc9d0e29c31:c2427, 12aca755-ada5-42df-801b-c61f99d8e8b8:c2425, a308b8bf-0324-43a1-a87f-1e10a96e3042:c2425]
2019-08-21 19:24:09,126 [grpc-default-executor-4] INFO  client.GrpcClientProtocolClient (GrpcClientProtocolClient.java:onNext(255)) - client-DA9582518C67->1df8bd03-73ef-4b9c-8622-5dc9d0e29c31: receive RaftClientReply:client-DA9582518C67->1df8bd03-73ef-4b9c-8622-5dc9d0e29c31@group-F45402591F47, cid=1709, SUCCESS, logIndex=2427, commits[1df8bd03-73ef-4b9c-8622-5dc9d0e29c31:c2427, 12aca755-ada5-42df-801b-c61f99d8e8b8:c2425, a308b8bf-0324-43a1-a87f-1e10a96e3042:c2425]
2019-08-21 19:24:09,130 | INFO  | DNAudit | user=null | ip=null | op=WRITE_CHUNK {blockData=conID: 3 locID: 102656602872152578 bcsId: 0} | ret=SUCCESS |  
2019-08-21 19:24:09,131 | INFO  | DNAudit | user=null | ip=null | op=PUT_BLOCK {blockData=[blockId=conID: 3 locID: 102656602872152578 bcsId: 0,size=2097152]} | ret=SUCCESS |  
2019-08-21 19:24:09,131 [grpc-default-executor-4] INFO  client.GrpcClientProtocolClient (GrpcClientProtocolClient.java:onNext(255)) - client-DA9582518C67->1df8bd03-73ef-4b9c-8622-5dc9d0e29c31: receive RaftClientReply:client-DA9582518C67->1df8bd03-73ef-4b9c-8622-5dc9d0e29c31@group-F45402591F47, cid=1710, SUCCESS, logIndex=2428, commits[1df8bd03-73ef-4b9c-8622-5dc9d0e29c31:c2429, 12aca755-ada5-42df-801b-c61f99d8e8b8:c2425, a308b8bf-0324-43a1-a87f-1e10a96e3042:c2425]
2019-08-21 19:24:09,131 | INFO  | DNAudit | user=null | ip=null | op=WRITE_CHUNK {blockData=conID: 3 locID: 102656602872152578 bcsId: 0} | ret=SUCCESS |  
2019-08-21 19:24:09,131 | INFO  | DNAudit | user=null | ip=null | op=PUT_BLOCK {blockData=[blockId=conID: 3 locID: 102656602872152578 bcsId: 0,size=1048576]} | ret=SUCCESS |  
2019-08-21 19:24:09,131 [grpc-default-executor-5] INFO  client.GrpcClientProtocolClient (GrpcClientProtocolClient.java:onNext(255)) - client-DA9582518C67->1df8bd03-73ef-4b9c-8622-5dc9d0e29c31: receive RaftClientReply:client-DA9582518C67->1df8bd03-73ef-4b9c-8622-5dc9d0e29c31@group-F45402591F47, cid=1711, SUCCESS, logIndex=2429, commits[1df8bd03-73ef-4b9c-8622-5dc9d0e29c31:c2429, 12aca755-ada5-42df-801b-c61f99d8e8b8:c2425, a308b8bf-0324-43a1-a87f-1e10a96e3042:c2425]
2019-08-21 19:24:09,132 | INFO  | DNAudit | user=null | ip=null | op=WRITE_CHUNK {blockData=conID: 3 locID: 102656602872152578 bcsId: 0} | ret=SUCCESS |  
2019-08-21 19:24:09,132 | INFO  | DNAudit | user=null | ip=null | op=PUT_BLOCK {blockData=[blockId=conID: 3 locID: 102656602872152578 bcsId: 0,size=1048576]} | ret=SUCCESS |  
2019-08-21 19:24:09,133 | INFO  | DNAudit | user=null | ip=null | op=WRITE_CHUNK {blockData=conID: 3 locID: 102656602872152578 bcsId: 0} | ret=SUCCESS |  
2019-08-21 19:24:09,133 | INFO  | DNAudit | user=null | ip=null | op=WRITE_CHUNK {blockData=conID: 3 locID: 102656602872152578 bcsId: 0} | ret=SUCCESS |  
2019-08-21 19:24:09,133 | INFO  | DNAudit | user=null | ip=null | op=PUT_BLOCK {blockData=[blockId=conID: 3 locID: 102656602872152578 bcsId: 0,size=2097152]} | ret=SUCCESS |  
2019-08-21 19:24:09,133 | INFO  | DNAudit | user=null | ip=null | op=PUT_BLOCK {blockData=[blockId=conID: 3 locID: 102656602872152578 bcsId: 0,size=2097152]} | ret=SUCCESS |  
2019-08-21 19:24:09,133 [grpc-default-executor-4] INFO  client.GrpcClientProtocolClient (GrpcClientProtocolClient.java:onNext(255)) - client-DA9582518C67->1df8bd03-73ef-4b9c-8622-5dc9d0e29c31: receive RaftClientReply:client-DA9582518C67->1df8bd03-73ef-4b9c-8622-5dc9d0e29c31@group-F45402591F47, cid=1712, SUCCESS, logIndex=0, commits[1df8bd03-73ef-4b9c-8622-5dc9d0e29c31:c2430, 12aca755-ada5-42df-801b-c61f99d8e8b8:c2427, a308b8bf-0324-43a1-a87f-1e10a96e3042:c2427]
2019-08-21 19:24:09,138 | INFO  | DNAudit | user=null | ip=null | op=WRITE_CHUNK {blockData=conID: 3 locID: 102656602872152578 bcsId: 2429} | ret=SUCCESS |  
2019-08-21 19:24:09,141 | INFO  | DNAudit | user=null | ip=null | op=WRITE_CHUNK {blockData=conID: 3 locID: 102656602872152578 bcsId: 2429} | ret=SUCCESS |  
2019-08-21 19:24:09,141 | INFO  | DNAudit | user=null | ip=null | op=WRITE_CHUNK {blockData=conID: 3 locID: 102656602872152578 bcsId: 2429} | ret=SUCCESS |  
2019-08-21 19:24:09,156 | INFO  | DNAudit | user=null | ip=null | op=WRITE_CHUNK {blockData=conID: 3 locID: 102656602872152578 bcsId: 2429} | ret=SUCCESS |  
2019-08-21 19:24:09,157 | INFO  | DNAudit | user=null | ip=null | op=PUT_BLOCK {blockData=[blockId=conID: 3 locID: 102656602872152578 bcsId: 0,size=3145728]} | ret=SUCCESS |  
2019-08-21 19:24:09,157 [grpc-default-executor-4] INFO  client.GrpcClientProtocolClient (GrpcClientProtocolClient.java:onNext(255)) - client-DA9582518C67->1df8bd03-73ef-4b9c-8622-5dc9d0e29c31: receive RaftClientReply:client-DA9582518C67->1df8bd03-73ef-4b9c-8622-5dc9d0e29c31@group-F45402591F47, cid=1713, SUCCESS, logIndex=2433, commits[1df8bd03-73ef-4b9c-8622-5dc9d0e29c31:c2434, 12aca755-ada5-42df-801b-c61f99d8e8b8:c2431, a308b8bf-0324-43a1-a87f-1e10a96e3042:c2431]
2019-08-21 19:24:09,157 [grpc-default-executor-4] INFO  client.GrpcClientProtocolClient (GrpcClientProtocolClient.java:onNext(255)) - client-DA9582518C67->1df8bd03-73ef-4b9c-8622-5dc9d0e29c31: receive RaftClientReply:client-DA9582518C67->1df8bd03-73ef-4b9c-8622-5dc9d0e29c31@group-F45402591F47, cid=1714, SUCCESS, logIndex=2434, commits[1df8bd03-73ef-4b9c-8622-5dc9d0e29c31:c2434, 12aca755-ada5-42df-801b-c61f99d8e8b8:c2431, a308b8bf-0324-43a1-a87f-1e10a96e3042:c2431]
2019-08-21 19:24:09,162 | INFO  | DNAudit | user=null | ip=null | op=WRITE_CHUNK {blockData=conID: 3 locID: 102656602872152578 bcsId: 2434} | ret=SUCCESS |  
2019-08-21 19:24:09,165 | INFO  | DNAudit | user=null | ip=null | op=WRITE_CHUNK {blockData=conID: 3 locID: 102656602872152578 bcsId: 2434} | ret=SUCCESS |  
2019-08-21 19:24:09,165 | INFO  | DNAudit | user=null | ip=null | op=WRITE_CHUNK {blockData=conID: 3 locID: 102656602872152578 bcsId: 2434} | ret=SUCCESS |  
2019-08-21 19:24:09,183 | INFO  | DNAudit | user=null | ip=null | op=WRITE_CHUNK {blockData=conID: 3 locID: 102656602872152578 bcsId: 2429} | ret=SUCCESS |  
2019-08-21 19:24:09,183 | INFO  | DNAudit | user=null | ip=null | op=WRITE_CHUNK {blockData=conID: 3 locID: 102656602872152578 bcsId: 2429} | ret=SUCCESS |  
2019-08-21 19:24:09,183 | INFO  | DNAudit | user=null | ip=null | op=PUT_BLOCK {blockData=[blockId=conID: 3 locID: 102656602872152578 bcsId: 0,size=3145728]} | ret=SUCCESS |  
2019-08-21 19:24:09,183 | INFO  | DNAudit | user=null | ip=null | op=PUT_BLOCK {blockData=[blockId=conID: 3 locID: 102656602872152578 bcsId: 0,size=3145728]} | ret=SUCCESS |  
2019-08-21 19:24:09,183 | INFO  | DNAudit | user=null | ip=null | op=WRITE_CHUNK {blockData=conID: 3 locID: 102656602872152578 bcsId: 2434} | ret=SUCCESS |  
2019-08-21 19:24:09,184 | INFO  | DNAudit | user=null | ip=null | op=PUT_BLOCK {blockData=[blockId=conID: 3 locID: 102656602872152578 bcsId: 0,size=4194304]} | ret=SUCCESS |  
2019-08-21 19:24:09,184 [grpc-default-executor-4] INFO  client.GrpcClientProtocolClient (GrpcClientProtocolClient.java:onNext(255)) - client-DA9582518C67->1df8bd03-73ef-4b9c-8622-5dc9d0e29c31: receive RaftClientReply:client-DA9582518C67->1df8bd03-73ef-4b9c-8622-5dc9d0e29c31@group-F45402591F47, cid=1715, SUCCESS, logIndex=2437, commits[1df8bd03-73ef-4b9c-8622-5dc9d0e29c31:c2438, 12aca755-ada5-42df-801b-c61f99d8e8b8:c2434, a308b8bf-0324-43a1-a87f-1e10a96e3042:c2434]
2019-08-21 19:24:09,185 [grpc-default-executor-4] INFO  client.GrpcClientProtocolClient (GrpcClientProtocolClient.java:onNext(255)) - client-DA9582518C67->1df8bd03-73ef-4b9c-8622-5dc9d0e29c31: receive RaftClientReply:client-DA9582518C67->1df8bd03-73ef-4b9c-8622-5dc9d0e29c31@group-F45402591F47, cid=1716, SUCCESS, logIndex=2438, commits[1df8bd03-73ef-4b9c-8622-5dc9d0e29c31:c2438, 12aca755-ada5-42df-801b-c61f99d8e8b8:c2434, a308b8bf-0324-43a1-a87f-1e10a96e3042:c2434]
2019-08-21 19:24:09,191 | INFO  | SCMAudit | user=jenkins1000 | ip=192.168.69.88 | op=SEND_HEARTBEAT {datanodeUUID=cfaf9666-ca64-459e-bd34-ff7c349f752a, command=[]} | ret=SUCCESS |  
2019-08-21 19:24:09,192 | INFO  | DNAudit | user=null | ip=null | op=WRITE_CHUNK {blockData=conID: 3 locID: 102656602872152578 bcsId: 2434} | ret=SUCCESS |  
2019-08-21 19:24:09,192 | INFO  | DNAudit | user=null | ip=null | op=WRITE_CHUNK {blockData=conID: 3 locID: 102656602872152578 bcsId: 2434} | ret=SUCCESS |  
2019-08-21 19:24:09,195 | INFO  | DNAudit | user=null | ip=null | op=PUT_BLOCK {blockData=[blockId=conID: 3 locID: 102656602872152578 bcsId: 0,size=4194304]} | ret=SUCCESS |  
2019-08-21 19:24:09,195 | INFO  | DNAudit | user=null | ip=null | op=PUT_BLOCK {blockData=[blockId=conID: 3 locID: 102656602872152578 bcsId: 0,size=4194304]} | ret=SUCCESS |  
2019-08-21 19:24:09,196 [grpc-default-executor-4] INFO  client.GrpcClientProtocolClient (GrpcClientProtocolClient.java:onNext(255)) - client-DA9582518C67->1df8bd03-73ef-4b9c-8622-5dc9d0e29c31: receive RaftClientReply:client-DA9582518C67->1df8bd03-73ef-4b9c-8622-5dc9d0e29c31@group-F45402591F47, cid=1717, SUCCESS, logIndex=0, commits[1df8bd03-73ef-4b9c-8622-5dc9d0e29c31:c2440, 12aca755-ada5-42df-801b-c61f99d8e8b8:c2438, a308b8bf-0324-43a1-a87f-1e10a96e3042:c2438]
2019-08-21 19:24:09,200 | INFO  | SCMAudit | user=jenkins1000 | ip=192.168.69.88 | op=ALLOCATE_BLOCK {owner=a4b1d482-4fe6-4e71-84a6-a95f4ce3f696, size=4194304, type=RATIS, factor=THREE} | ret=SUCCESS |  
2019-08-21 19:24:09,203 | INFO  | OMAudit | user=jenkins1000 | ip=127.0.0.1 | op=ALLOCATE_BLOCK {volume=vol-0-90666, bucket=bucket-0-29336, key=key-0-94354, dataSize=0, replicationType=null, replicationFactor=null, keyLocationInfo=null, clientID=102656601977389458} | ret=SUCCESS |  
2019-08-21 19:24:09,209 | INFO  | DNAudit | user=null | ip=null | op=WRITE_CHUNK {blockData=conID: 1 locID: 102656602878771715 bcsId: 0} | ret=SUCCESS |  
2019-08-21 19:24:09,211 | INFO  | DNAudit | user=null | ip=null | op=WRITE_CHUNK {blockData=conID: 1 locID: 102656602878771715 bcsId: 0} | ret=SUCCESS |  
2019-08-21 19:24:09,212 | INFO  | DNAudit | user=null | ip=null | op=WRITE_CHUNK {blockData=conID: 1 locID: 102656602878771715 bcsId: 0} | ret=SUCCESS |  
2019-08-21 19:24:09,213 | INFO  | DNAudit | user=null | ip=null | op=WRITE_CHUNK {blockData=conID: 1 locID: 102656602878771715 bcsId: 0} | ret=SUCCESS |  
2019-08-21 19:24:09,214 | INFO  | DNAudit | user=null | ip=null | op=WRITE_CHUNK {blockData=conID: 1 locID: 102656602878771715 bcsId: 0} | ret=SUCCESS |  
2019-08-21 19:24:09,214 | INFO  | DNAudit | user=null | ip=null | op=WRITE_CHUNK {blockData=conID: 1 locID: 102656602878771715 bcsId: 0} | ret=SUCCESS |  
2019-08-21 19:24:09,307 | INFO  | DNAudit | user=null | ip=null | op=WRITE_CHUNK {blockData=conID: 1 locID: 102656602878771715 bcsId: 0} | ret=SUCCESS |  
2019-08-21 19:24:09,307 | INFO  | DNAudit | user=null | ip=null | op=PUT_BLOCK {blockData=[blockId=conID: 1 locID: 102656602878771715 bcsId: 0,size=1048576]} | ret=SUCCESS |  
2019-08-21 19:24:09,307 [grpc-default-executor-0] INFO  client.GrpcClientProtocolClient (GrpcClientProtocolClient.java:onNext(255)) - client-DA9582518C67->1df8bd03-73ef-4b9c-8622-5dc9d0e29c31: receive RaftClientReply:client-DA9582518C67->1df8bd03-73ef-4b9c-8622-5dc9d0e29c31@group-F45402591F47, cid=1718, SUCCESS, logIndex=2441, commits[1df8bd03-73ef-4b9c-8622-5dc9d0e29c31:c2444, 12aca755-ada5-42df-801b-c61f99d8e8b8:c2440, a308b8bf-0324-43a1-a87f-1e10a96e3042:c2440]
2019-08-21 19:24:09,307 | INFO  | DNAudit | user=null | ip=null | op=WRITE_CHUNK {blockData=conID: 1 locID: 102656602878771715 bcsId: 0} | ret=SUCCESS |  
2019-08-21 19:24:09,308 | INFO  | DNAudit | user=null | ip=null | op=PUT_BLOCK {blockData=[blockId=conID: 1 locID: 102656602878771715 bcsId: 0,size=2097152]} | ret=SUCCESS |  
2019-08-21 19:24:09,308 [grpc-default-executor-0] INFO  client.GrpcClientProtocolClient (GrpcClientProtocolClient.java:onNext(255)) - client-DA9582518C67->1df8bd03-73ef-4b9c-8622-5dc9d0e29c31: receive RaftClientReply:client-DA9582518C67->1df8bd03-73ef-4b9c-8622-5dc9d0e29c31@group-F45402591F47, cid=1719, SUCCESS, logIndex=2442, commits[1df8bd03-73ef-4b9c-8622-5dc9d0e29c31:c2444, 12aca755-ada5-42df-801b-c61f99d8e8b8:c2440, a308b8bf-0324-43a1-a87f-1e10a96e3042:c2440]
2019-08-21 19:24:09,308 [grpc-default-executor-0] INFO  client.GrpcClientProtocolClient (GrpcClientProtocolClient.java:onNext(255)) - client-DA9582518C67->1df8bd03-73ef-4b9c-8622-5dc9d0e29c31: receive RaftClientReply:client-DA9582518C67->1df8bd03-73ef-4b9c-8622-5dc9d0e29c31@group-F45402591F47, cid=1720, SUCCESS, logIndex=2443, commits[1df8bd03-73ef-4b9c-8622-5dc9d0e29c31:c2444, 12aca755-ada5-42df-801b-c61f99d8e8b8:c2440, a308b8bf-0324-43a1-a87f-1e10a96e3042:c2440]
2019-08-21 19:24:09,308 [grpc-default-executor-0] INFO  client.GrpcClientProtocolClient (GrpcClientProtocolClient.java:onNext(255)) - client-DA9582518C67->1df8bd03-73ef-4b9c-8622-5dc9d0e29c31: receive RaftClientReply:client-DA9582518C67->1df8bd03-73ef-4b9c-8622-5dc9d0e29c31@group-F45402591F47, cid=1721, SUCCESS, logIndex=2444, commits[1df8bd03-73ef-4b9c-8622-5dc9d0e29c31:c2444, 12aca755-ada5-42df-801b-c61f99d8e8b8:c2440, a308b8bf-0324-43a1-a87f-1e10a96e3042:c2440]
2019-08-21 19:24:09,311 | INFO  | DNAudit | user=null | ip=null | op=WRITE_CHUNK {blockData=conID: 1 locID: 102656602878771715 bcsId: 0} | ret=SUCCESS |  
2019-08-21 19:24:09,311 | INFO  | DNAudit | user=null | ip=null | op=WRITE_CHUNK {blockData=conID: 1 locID: 102656602878771715 bcsId: 0} | ret=SUCCESS |  
2019-08-21 19:24:09,311 | INFO  | DNAudit | user=null | ip=null | op=PUT_BLOCK {blockData=[blockId=conID: 1 locID: 102656602878771715 bcsId: 0,size=1048576]} | ret=SUCCESS |  
2019-08-21 19:24:09,314 | INFO  | DNAudit | user=null | ip=null | op=PUT_BLOCK {blockData=[blockId=conID: 1 locID: 102656602878771715 bcsId: 0,size=1048576]} | ret=SUCCESS |  
2019-08-21 19:24:09,314 | INFO  | DNAudit | user=null | ip=null | op=WRITE_CHUNK {blockData=conID: 1 locID: 102656602878771715 bcsId: 0} | ret=SUCCESS |  
2019-08-21 19:24:09,314 | INFO  | DNAudit | user=null | ip=null | op=WRITE_CHUNK {blockData=conID: 1 locID: 102656602878771715 bcsId: 0} | ret=SUCCESS |  
2019-08-21 19:24:09,314 | INFO  | DNAudit | user=null | ip=null | op=PUT_BLOCK {blockData=[blockId=conID: 1 locID: 102656602878771715 bcsId: 0,size=2097152]} | ret=SUCCESS |  
2019-08-21 19:24:09,314 | INFO  | DNAudit | user=null | ip=null | op=PUT_BLOCK {blockData=[blockId=conID: 1 locID: 102656602878771715 bcsId: 0,size=2097152]} | ret=SUCCESS |  
2019-08-21 19:24:09,314 [grpc-default-executor-4] INFO  client.GrpcClientProtocolClient (GrpcClientProtocolClient.java:onNext(255)) - client-DA9582518C67->1df8bd03-73ef-4b9c-8622-5dc9d0e29c31: receive RaftClientReply:client-DA9582518C67->1df8bd03-73ef-4b9c-8622-5dc9d0e29c31@group-F45402591F47, cid=1722, SUCCESS, logIndex=0, commits[1df8bd03-73ef-4b9c-8622-5dc9d0e29c31:c2445, 12aca755-ada5-42df-801b-c61f99d8e8b8:c2442, a308b8bf-0324-43a1-a87f-1e10a96e3042:c2443]
2019-08-21 19:24:09,321 | INFO  | DNAudit | user=null | ip=null | op=WRITE_CHUNK {blockData=conID: 1 locID: 102656602878771715 bcsId: 2444} | ret=SUCCESS |  
2019-08-21 19:24:09,323 | INFO  | DNAudit | user=null | ip=null | op=WRITE_CHUNK {blockData=conID: 1 locID: 102656602878771715 bcsId: 2444} | ret=SUCCESS |  
2019-08-21 19:24:09,324 | INFO  | DNAudit | user=null | ip=null | op=WRITE_CHUNK {blockData=conID: 1 locID: 102656602878771715 bcsId: 2444} | ret=SUCCESS |  
2019-08-21 19:24:09,327 | INFO  | DNAudit | user=null | ip=null | op=WRITE_CHUNK {blockData=conID: 1 locID: 102656602878771715 bcsId: 2444} | ret=SUCCESS |  
2019-08-21 19:24:09,327 | INFO  | DNAudit | user=null | ip=null | op=PUT_BLOCK {blockData=[blockId=conID: 1 locID: 102656602878771715 bcsId: 0,size=3145728]} | ret=SUCCESS |  
2019-08-21 19:24:09,327 [grpc-default-executor-0] INFO  client.GrpcClientProtocolClient (GrpcClientProtocolClient.java:onNext(255)) - client-DA9582518C67->1df8bd03-73ef-4b9c-8622-5dc9d0e29c31: receive RaftClientReply:client-DA9582518C67->1df8bd03-73ef-4b9c-8622-5dc9d0e29c31@group-F45402591F47, cid=1723, SUCCESS, logIndex=2449, commits[1df8bd03-73ef-4b9c-8622-5dc9d0e29c31:c2450, 12aca755-ada5-42df-801b-c61f99d8e8b8:c2448, a308b8bf-0324-43a1-a87f-1e10a96e3042:c2448]
2019-08-21 19:24:09,328 [grpc-default-executor-0] INFO  client.GrpcClientProtocolClient (GrpcClientProtocolClient.java:onNext(255)) - client-DA9582518C67->1df8bd03-73ef-4b9c-8622-5dc9d0e29c31: receive RaftClientReply:client-DA9582518C67->1df8bd03-73ef-4b9c-8622-5dc9d0e29c31@group-F45402591F47, cid=1724, SUCCESS, logIndex=2450, commits[1df8bd03-73ef-4b9c-8622-5dc9d0e29c31:c2450, 12aca755-ada5-42df-801b-c61f99d8e8b8:c2448, a308b8bf-0324-43a1-a87f-1e10a96e3042:c2448]
2019-08-21 19:24:09,335 | INFO  | DNAudit | user=null | ip=null | op=WRITE_CHUNK {blockData=conID: 1 locID: 102656602878771715 bcsId: 2450} | ret=SUCCESS |  
2019-08-21 19:24:09,337 | INFO  | DNAudit | user=null | ip=null | op=WRITE_CHUNK {blockData=conID: 1 locID: 102656602878771715 bcsId: 2450} | ret=SUCCESS |  
2019-08-21 19:24:09,338 | INFO  | DNAudit | user=null | ip=null | op=WRITE_CHUNK {blockData=conID: 1 locID: 102656602878771715 bcsId: 2450} | ret=SUCCESS |  
2019-08-21 19:24:09,338 | INFO  | DNAudit | user=null | ip=null | op=WRITE_CHUNK {blockData=conID: 1 locID: 102656602878771715 bcsId: 2444} | ret=SUCCESS |  
2019-08-21 19:24:09,339 | INFO  | DNAudit | user=null | ip=null | op=WRITE_CHUNK {blockData=conID: 1 locID: 102656602878771715 bcsId: 2444} | ret=SUCCESS |  
2019-08-21 19:24:09,341 | INFO  | DNAudit | user=null | ip=null | op=PUT_BLOCK {blockData=[blockId=conID: 1 locID: 102656602878771715 bcsId: 0,size=3145728]} | ret=SUCCESS |  
2019-08-21 19:24:09,341 | INFO  | DNAudit | user=null | ip=null | op=PUT_BLOCK {blockData=[blockId=conID: 1 locID: 102656602878771715 bcsId: 0,size=3145728]} | ret=SUCCESS |  
2019-08-21 19:24:09,341 | INFO  | DNAudit | user=null | ip=null | op=WRITE_CHUNK {blockData=conID: 1 locID: 102656602878771715 bcsId: 2450} | ret=SUCCESS |  
2019-08-21 19:24:09,342 | INFO  | DNAudit | user=null | ip=null | op=PUT_BLOCK {blockData=[blockId=conID: 1 locID: 102656602878771715 bcsId: 0,size=4194304]} | ret=SUCCESS |  
2019-08-21 19:24:09,342 [grpc-default-executor-0] INFO  client.GrpcClientProtocolClient (GrpcClientProtocolClient.java:onNext(255)) - client-DA9582518C67->1df8bd03-73ef-4b9c-8622-5dc9d0e29c31: receive RaftClientReply:client-DA9582518C67->1df8bd03-73ef-4b9c-8622-5dc9d0e29c31@group-F45402591F47, cid=1725, SUCCESS, logIndex=2453, commits[1df8bd03-73ef-4b9c-8622-5dc9d0e29c31:c2454, 12aca755-ada5-42df-801b-c61f99d8e8b8:c2450, a308b8bf-0324-43a1-a87f-1e10a96e3042:c2450]
2019-08-21 19:24:09,342 [grpc-default-executor-0] INFO  client.GrpcClientProtocolClient (GrpcClientProtocolClient.java:onNext(255)) - client-DA9582518C67->1df8bd03-73ef-4b9c-8622-5dc9d0e29c31: receive RaftClientReply:client-DA9582518C67->1df8bd03-73ef-4b9c-8622-5dc9d0e29c31@group-F45402591F47, cid=1726, SUCCESS, logIndex=2454, commits[1df8bd03-73ef-4b9c-8622-5dc9d0e29c31:c2454, 12aca755-ada5-42df-801b-c61f99d8e8b8:c2450, a308b8bf-0324-43a1-a87f-1e10a96e3042:c2450]
2019-08-21 19:24:09,352 | INFO  | DNAudit | user=null | ip=null | op=WRITE_CHUNK {blockData=conID: 1 locID: 102656602878771715 bcsId: 2450} | ret=SUCCESS |  
2019-08-21 19:24:09,352 | INFO  | DNAudit | user=null | ip=null | op=WRITE_CHUNK {blockData=conID: 1 locID: 102656602878771715 bcsId: 2450} | ret=SUCCESS |  
2019-08-21 19:24:09,363 | INFO  | DNAudit | user=null | ip=null | op=PUT_BLOCK {blockData=[blockId=conID: 1 locID: 102656602878771715 bcsId: 0,size=4194304]} | ret=SUCCESS |  
2019-08-21 19:24:09,363 | INFO  | DNAudit | user=null | ip=null | op=PUT_BLOCK {blockData=[blockId=conID: 1 locID: 102656602878771715 bcsId: 0,size=4194304]} | ret=SUCCESS |  
2019-08-21 19:24:09,364 [grpc-default-executor-0] INFO  client.GrpcClientProtocolClient (GrpcClientProtocolClient.java:onNext(255)) - client-DA9582518C67->1df8bd03-73ef-4b9c-8622-5dc9d0e29c31: receive RaftClientReply:client-DA9582518C67->1df8bd03-73ef-4b9c-8622-5dc9d0e29c31@group-F45402591F47, cid=1727, SUCCESS, logIndex=0, commits[1df8bd03-73ef-4b9c-8622-5dc9d0e29c31:c2455, 12aca755-ada5-42df-801b-c61f99d8e8b8:c2454, a308b8bf-0324-43a1-a87f-1e10a96e3042:c2454]
2019-08-21 19:24:09,368 | INFO  | SCMAudit | user=jenkins1000 | ip=192.168.69.88 | op=ALLOCATE_BLOCK {owner=a4b1d482-4fe6-4e71-84a6-a95f4ce3f696, size=4194304, type=RATIS, factor=THREE} | ret=SUCCESS |  
2019-08-21 19:24:09,370 | INFO  | OMAudit | user=jenkins1000 | ip=127.0.0.1 | op=ALLOCATE_BLOCK {volume=vol-0-90666, bucket=bucket-0-29336, key=key-0-94354, dataSize=0, replicationType=null, replicationFactor=null, keyLocationInfo=null, clientID=102656601977389458} | ret=SUCCESS |  
2019-08-21 19:24:09,379 | INFO  | DNAudit | user=null | ip=null | op=WRITE_CHUNK {blockData=conID: 2 locID: 102656602889781764 bcsId: 0} | ret=SUCCESS |  
2019-08-21 19:24:09,382 | INFO  | DNAudit | user=null | ip=null | op=WRITE_CHUNK {blockData=conID: 2 locID: 102656602889781764 bcsId: 0} | ret=SUCCESS |  
2019-08-21 19:24:09,383 | INFO  | DNAudit | user=null | ip=null | op=WRITE_CHUNK {blockData=conID: 2 locID: 102656602889781764 bcsId: 0} | ret=SUCCESS |  
2019-08-21 19:24:09,383 | INFO  | DNAudit | user=null | ip=null | op=WRITE_CHUNK {blockData=conID: 2 locID: 102656602889781764 bcsId: 0} | ret=SUCCESS |  
2019-08-21 19:24:09,385 | INFO  | DNAudit | user=null | ip=null | op=WRITE_CHUNK {blockData=conID: 2 locID: 102656602889781764 bcsId: 0} | ret=SUCCESS |  
2019-08-21 19:24:09,385 | INFO  | DNAudit | user=null | ip=null | op=WRITE_CHUNK {blockData=conID: 2 locID: 102656602889781764 bcsId: 0} | ret=SUCCESS |  
2019-08-21 19:24:09,392 | INFO  | DNAudit | user=null | ip=null | op=WRITE_CHUNK {blockData=conID: 2 locID: 102656602889781764 bcsId: 0} | ret=SUCCESS |  
2019-08-21 19:24:09,392 | INFO  | DNAudit | user=null | ip=null | op=PUT_BLOCK {blockData=[blockId=conID: 2 locID: 102656602889781764 bcsId: 0,size=1048576]} | ret=SUCCESS |  
2019-08-21 19:24:09,393 [grpc-default-executor-0] INFO  client.GrpcClientProtocolClient (GrpcClientProtocolClient.java:onNext(255)) - client-DA9582518C67->1df8bd03-73ef-4b9c-8622-5dc9d0e29c31: receive RaftClientReply:client-DA9582518C67->1df8bd03-73ef-4b9c-8622-5dc9d0e29c31@group-F45402591F47, cid=1728, SUCCESS, logIndex=2457, commits[1df8bd03-73ef-4b9c-8622-5dc9d0e29c31:c2458, 12aca755-ada5-42df-801b-c61f99d8e8b8:c2456, a308b8bf-0324-43a1-a87f-1e10a96e3042:c2456]
2019-08-21 19:24:09,393 [grpc-default-executor-0] INFO  client.GrpcClientProtocolClient (GrpcClientProtocolClient.java:onNext(255)) - client-DA9582518C67->1df8bd03-73ef-4b9c-8622-5dc9d0e29c31: receive RaftClientReply:client-DA9582518C67->1df8bd03-73ef-4b9c-8622-5dc9d0e29c31@group-F45402591F47, cid=1729, SUCCESS, logIndex=2458, commits[1df8bd03-73ef-4b9c-8622-5dc9d0e29c31:c2458, 12aca755-ada5-42df-801b-c61f99d8e8b8:c2456, a308b8bf-0324-43a1-a87f-1e10a96e3042:c2456]
2019-08-21 19:24:09,394 | INFO  | DNAudit | user=null | ip=null | op=WRITE_CHUNK {blockData=conID: 2 locID: 102656602889781764 bcsId: 0} | ret=SUCCESS |  
2019-08-21 19:24:09,395 | INFO  | DNAudit | user=null | ip=null | op=PUT_BLOCK {blockData=[blockId=conID: 2 locID: 102656602889781764 bcsId: 0,size=2097152]} | ret=SUCCESS |  
2019-08-21 19:24:09,395 [grpc-default-executor-5] INFO  client.GrpcClientProtocolClient (GrpcClientProtocolClient.java:onNext(255)) - client-DA9582518C67->1df8bd03-73ef-4b9c-8622-5dc9d0e29c31: receive RaftClientReply:client-DA9582518C67->1df8bd03-73ef-4b9c-8622-5dc9d0e29c31@group-F45402591F47, cid=1730, SUCCESS, logIndex=2459, commits[1df8bd03-73ef-4b9c-8622-5dc9d0e29c31:c2460, 12aca755-ada5-42df-801b-c61f99d8e8b8:c2456, a308b8bf-0324-43a1-a87f-1e10a96e3042:c2456]
2019-08-21 19:24:09,395 [grpc-default-executor-5] INFO  client.GrpcClientProtocolClient (GrpcClientProtocolClient.java:onNext(255)) - client-DA9582518C67->1df8bd03-73ef-4b9c-8622-5dc9d0e29c31: receive RaftClientReply:client-DA9582518C67->1df8bd03-73ef-4b9c-8622-5dc9d0e29c31@group-F45402591F47, cid=1731, SUCCESS, logIndex=2460, commits[1df8bd03-73ef-4b9c-8622-5dc9d0e29c31:c2460, 12aca755-ada5-42df-801b-c61f99d8e8b8:c2456, a308b8bf-0324-43a1-a87f-1e10a96e3042:c2456]
2019-08-21 19:24:09,407 | INFO  | DNAudit | user=null | ip=null | op=WRITE_CHUNK {blockData=conID: 2 locID: 102656602889781764 bcsId: 0} | ret=SUCCESS |  
2019-08-21 19:24:09,407 | INFO  | DNAudit | user=null | ip=null | op=WRITE_CHUNK {blockData=conID: 2 locID: 102656602889781764 bcsId: 0} | ret=SUCCESS |  
2019-08-21 19:24:09,408 | INFO  | DNAudit | user=null | ip=null | op=PUT_BLOCK {blockData=[blockId=conID: 2 locID: 102656602889781764 bcsId: 0,size=1048576]} | ret=SUCCESS |  
2019-08-21 19:24:09,408 | INFO  | DNAudit | user=null | ip=null | op=PUT_BLOCK {blockData=[blockId=conID: 2 locID: 102656602889781764 bcsId: 0,size=1048576]} | ret=SUCCESS |  
2019-08-21 19:24:09,408 [grpc-default-executor-0] INFO  client.GrpcClientProtocolClient (GrpcClientProtocolClient.java:onNext(255)) - client-DA9582518C67->1df8bd03-73ef-4b9c-8622-5dc9d0e29c31: receive RaftClientReply:client-DA9582518C67->1df8bd03-73ef-4b9c-8622-5dc9d0e29c31@group-F45402591F47, cid=1732, SUCCESS, logIndex=0, commits[1df8bd03-73ef-4b9c-8622-5dc9d0e29c31:c2461, 12aca755-ada5-42df-801b-c61f99d8e8b8:c2458, a308b8bf-0324-43a1-a87f-1e10a96e3042:c2458]
2019-08-21 19:24:09,414 | INFO  | DNAudit | user=null | ip=null | op=WRITE_CHUNK {blockData=conID: 2 locID: 102656602889781764 bcsId: 2460} | ret=SUCCESS |  
2019-08-21 19:24:09,417 | INFO  | DNAudit | user=null | ip=null | op=WRITE_CHUNK {blockData=conID: 2 locID: 102656602889781764 bcsId: 2460} | ret=SUCCESS |  
2019-08-21 19:24:09,418 | INFO  | DNAudit | user=null | ip=null | op=WRITE_CHUNK {blockData=conID: 2 locID: 102656602889781764 bcsId: 2460} | ret=SUCCESS |  
2019-08-21 19:24:09,420 | INFO  | DNAudit | user=null | ip=null | op=WRITE_CHUNK {blockData=conID: 2 locID: 102656602889781764 bcsId: 0} | ret=SUCCESS |  
2019-08-21 19:24:09,420 | INFO  | DNAudit | user=null | ip=null | op=WRITE_CHUNK {blockData=conID: 2 locID: 102656602889781764 bcsId: 0} | ret=SUCCESS |  
2019-08-21 19:24:09,420 | INFO  | DNAudit | user=null | ip=null | op=PUT_BLOCK {blockData=[blockId=conID: 2 locID: 102656602889781764 bcsId: 0,size=2097152]} | ret=SUCCESS |  
2019-08-21 19:24:09,420 | INFO  | DNAudit | user=null | ip=null | op=PUT_BLOCK {blockData=[blockId=conID: 2 locID: 102656602889781764 bcsId: 0,size=2097152]} | ret=SUCCESS |  
2019-08-21 19:24:09,434 | INFO  | DNAudit | user=null | ip=null | op=WRITE_CHUNK {blockData=conID: 2 locID: 102656602889781764 bcsId: 2460} | ret=SUCCESS |  
2019-08-21 19:24:09,434 | INFO  | DNAudit | user=null | ip=null | op=PUT_BLOCK {blockData=[blockId=conID: 2 locID: 102656602889781764 bcsId: 0,size=3145728]} | ret=SUCCESS |  
2019-08-21 19:24:09,434 [grpc-default-executor-0] INFO  client.GrpcClientProtocolClient (GrpcClientProtocolClient.java:onNext(255)) - client-DA9582518C67->1df8bd03-73ef-4b9c-8622-5dc9d0e29c31: receive RaftClientReply:client-DA9582518C67->1df8bd03-73ef-4b9c-8622-5dc9d0e29c31@group-F45402591F47, cid=1733, SUCCESS, logIndex=2465, commits[1df8bd03-73ef-4b9c-8622-5dc9d0e29c31:c2466, 12aca755-ada5-42df-801b-c61f99d8e8b8:c2461, a308b8bf-0324-43a1-a87f-1e10a96e3042:c2461]
2019-08-21 19:24:09,435 [grpc-default-executor-0] INFO  client.GrpcClientProtocolClient (GrpcClientProtocolClient.java:onNext(255)) - client-DA9582518C67->1df8bd03-73ef-4b9c-8622-5dc9d0e29c31: receive RaftClientReply:client-DA9582518C67->1df8bd03-73ef-4b9c-8622-5dc9d0e29c31@group-F45402591F47, cid=1734, SUCCESS, logIndex=2466, commits[1df8bd03-73ef-4b9c-8622-5dc9d0e29c31:c2466, 12aca755-ada5-42df-801b-c61f99d8e8b8:c2461, a308b8bf-0324-43a1-a87f-1e10a96e3042:c2461]
2019-08-21 19:24:09,441 | INFO  | DNAudit | user=null | ip=null | op=WRITE_CHUNK {blockData=conID: 2 locID: 102656602889781764 bcsId: 2466} | ret=SUCCESS |  
2019-08-21 19:24:09,444 | INFO  | DNAudit | user=null | ip=null | op=WRITE_CHUNK {blockData=conID: 2 locID: 102656602889781764 bcsId: 2466} | ret=SUCCESS |  
2019-08-21 19:24:09,444 | INFO  | DNAudit | user=null | ip=null | op=WRITE_CHUNK {blockData=conID: 2 locID: 102656602889781764 bcsId: 2466} | ret=SUCCESS |  
2019-08-21 19:24:09,446 | INFO  | DNAudit | user=null | ip=null | op=WRITE_CHUNK {blockData=conID: 2 locID: 102656602889781764 bcsId: 2460} | ret=SUCCESS |  
2019-08-21 19:24:09,446 | INFO  | DNAudit | user=null | ip=null | op=WRITE_CHUNK {blockData=conID: 2 locID: 102656602889781764 bcsId: 2460} | ret=SUCCESS |  
2019-08-21 19:24:09,446 | INFO  | DNAudit | user=null | ip=null | op=PUT_BLOCK {blockData=[blockId=conID: 2 locID: 102656602889781764 bcsId: 0,size=3145728]} | ret=SUCCESS |  
2019-08-21 19:24:09,446 | INFO  | DNAudit | user=null | ip=null | op=PUT_BLOCK {blockData=[blockId=conID: 2 locID: 102656602889781764 bcsId: 0,size=3145728]} | ret=SUCCESS |  
2019-08-21 19:24:09,459 | INFO  | DNAudit | user=null | ip=null | op=WRITE_CHUNK {blockData=conID: 2 locID: 102656602889781764 bcsId: 2466} | ret=SUCCESS |  
2019-08-21 19:24:09,460 | INFO  | DNAudit | user=null | ip=null | op=PUT_BLOCK {blockData=[blockId=conID: 2 locID: 102656602889781764 bcsId: 0,size=4194304]} | ret=SUCCESS |  
2019-08-21 19:24:09,460 [grpc-default-executor-5] INFO  client.GrpcClientProtocolClient (GrpcClientProtocolClient.java:onNext(255)) - client-DA9582518C67->1df8bd03-73ef-4b9c-8622-5dc9d0e29c31: receive RaftClientReply:client-DA9582518C67->1df8bd03-73ef-4b9c-8622-5dc9d0e29c31@group-F45402591F47, cid=1735, SUCCESS, logIndex=2469, commits[1df8bd03-73ef-4b9c-8622-5dc9d0e29c31:c2470, 12aca755-ada5-42df-801b-c61f99d8e8b8:c2466, a308b8bf-0324-43a1-a87f-1e10a96e3042:c2466]
2019-08-21 19:24:09,460 [grpc-default-executor-5] INFO  client.GrpcClientProtocolClient (GrpcClientProtocolClient.java:onNext(255)) - client-DA9582518C67->1df8bd03-73ef-4b9c-8622-5dc9d0e29c31: receive RaftClientReply:client-DA9582518C67->1df8bd03-73ef-4b9c-8622-5dc9d0e29c31@group-F45402591F47, cid=1736, SUCCESS, logIndex=2470, commits[1df8bd03-73ef-4b9c-8622-5dc9d0e29c31:c2470, 12aca755-ada5-42df-801b-c61f99d8e8b8:c2466, a308b8bf-0324-43a1-a87f-1e10a96e3042:c2466]
2019-08-21 19:24:09,469 | INFO  | DNAudit | user=null | ip=null | op=WRITE_CHUNK {blockData=conID: 2 locID: 102656602889781764 bcsId: 2466} | ret=SUCCESS |  
2019-08-21 19:24:09,469 | INFO  | DNAudit | user=null | ip=null | op=WRITE_CHUNK {blockData=conID: 2 locID: 102656602889781764 bcsId: 2466} | ret=SUCCESS |  
2019-08-21 19:24:09,469 | INFO  | DNAudit | user=null | ip=null | op=PUT_BLOCK {blockData=[blockId=conID: 2 locID: 102656602889781764 bcsId: 0,size=4194304]} | ret=SUCCESS |  
2019-08-21 19:24:09,469 | INFO  | DNAudit | user=null | ip=null | op=PUT_BLOCK {blockData=[blockId=conID: 2 locID: 102656602889781764 bcsId: 0,size=4194304]} | ret=SUCCESS |  
2019-08-21 19:24:09,469 [grpc-default-executor-5] INFO  client.GrpcClientProtocolClient (GrpcClientProtocolClient.java:onNext(255)) - client-DA9582518C67->1df8bd03-73ef-4b9c-8622-5dc9d0e29c31: receive RaftClientReply:client-DA9582518C67->1df8bd03-73ef-4b9c-8622-5dc9d0e29c31@group-F45402591F47, cid=1737, SUCCESS, logIndex=0, commits[1df8bd03-73ef-4b9c-8622-5dc9d0e29c31:c2471, 12aca755-ada5-42df-801b-c61f99d8e8b8:c2470, a308b8bf-0324-43a1-a87f-1e10a96e3042:c2470]
2019-08-21 19:24:09,473 | INFO  | SCMAudit | user=jenkins1000 | ip=192.168.69.88 | op=ALLOCATE_BLOCK {owner=a4b1d482-4fe6-4e71-84a6-a95f4ce3f696, size=4194304, type=RATIS, factor=THREE} | ret=SUCCESS |  
2019-08-21 19:24:09,476 | INFO  | OMAudit | user=jenkins1000 | ip=127.0.0.1 | op=ALLOCATE_BLOCK {volume=vol-0-90666, bucket=bucket-0-29336, key=key-0-94354, dataSize=0, replicationType=null, replicationFactor=null, keyLocationInfo=null, clientID=102656601977389458} | ret=SUCCESS |  
2019-08-21 19:24:09,482 | INFO  | DNAudit | user=null | ip=null | op=WRITE_CHUNK {blockData=conID: 3 locID: 102656602896663045 bcsId: 0} | ret=SUCCESS |  
2019-08-21 19:24:09,485 | INFO  | DNAudit | user=null | ip=null | op=WRITE_CHUNK {blockData=conID: 3 locID: 102656602896663045 bcsId: 0} | ret=SUCCESS |  
2019-08-21 19:24:09,485 | INFO  | DNAudit | user=null | ip=null | op=WRITE_CHUNK {blockData=conID: 3 locID: 102656602896663045 bcsId: 0} | ret=SUCCESS |  
2019-08-21 19:24:09,485 | INFO  | DNAudit | user=null | ip=null | op=WRITE_CHUNK {blockData=conID: 3 locID: 102656602896663045 bcsId: 0} | ret=SUCCESS |  
2019-08-21 19:24:09,486 | INFO  | DNAudit | user=null | ip=null | op=WRITE_CHUNK {blockData=conID: 3 locID: 102656602896663045 bcsId: 0} | ret=SUCCESS |  
2019-08-21 19:24:09,486 | INFO  | DNAudit | user=null | ip=null | op=WRITE_CHUNK {blockData=conID: 3 locID: 102656602896663045 bcsId: 0} | ret=SUCCESS |  
2019-08-21 19:24:09,490 | INFO  | DNAudit | user=null | ip=null | op=WRITE_CHUNK {blockData=conID: 3 locID: 102656602896663045 bcsId: 0} | ret=SUCCESS |  
2019-08-21 19:24:09,491 | INFO  | DNAudit | user=null | ip=null | op=PUT_BLOCK {blockData=[blockId=conID: 3 locID: 102656602896663045 bcsId: 0,size=1048576]} | ret=SUCCESS |  
2019-08-21 19:24:09,491 [grpc-default-executor-4] INFO  client.GrpcClientProtocolClient (GrpcClientProtocolClient.java:onNext(255)) - client-DA9582518C67->1df8bd03-73ef-4b9c-8622-5dc9d0e29c31: receive RaftClientReply:client-DA9582518C67->1df8bd03-73ef-4b9c-8622-5dc9d0e29c31@group-F45402591F47, cid=1738, SUCCESS, logIndex=2473, commits[1df8bd03-73ef-4b9c-8622-5dc9d0e29c31:c2474, 12aca755-ada5-42df-801b-c61f99d8e8b8:c2471, a308b8bf-0324-43a1-a87f-1e10a96e3042:c2471]
2019-08-21 19:24:09,491 | INFO  | DNAudit | user=null | ip=null | op=WRITE_CHUNK {blockData=conID: 3 locID: 102656602896663045 bcsId: 0} | ret=SUCCESS |  
2019-08-21 19:24:09,491 [grpc-default-executor-4] INFO  client.GrpcClientProtocolClient (GrpcClientProtocolClient.java:onNext(255)) - client-DA9582518C67->1df8bd03-73ef-4b9c-8622-5dc9d0e29c31: receive RaftClientReply:client-DA9582518C67->1df8bd03-73ef-4b9c-8622-5dc9d0e29c31@group-F45402591F47, cid=1739, SUCCESS, logIndex=2474, commits[1df8bd03-73ef-4b9c-8622-5dc9d0e29c31:c2475, 12aca755-ada5-42df-801b-c61f99d8e8b8:c2472, a308b8bf-0324-43a1-a87f-1e10a96e3042:c2471]
2019-08-21 19:24:09,492 [grpc-default-executor-4] INFO  client.GrpcClientProtocolClient (GrpcClientProtocolClient.java:onNext(255)) - client-DA9582518C67->1df8bd03-73ef-4b9c-8622-5dc9d0e29c31: receive RaftClientReply:client-DA9582518C67->1df8bd03-73ef-4b9c-8622-5dc9d0e29c31@group-F45402591F47, cid=1740, SUCCESS, logIndex=2475, commits[1df8bd03-73ef-4b9c-8622-5dc9d0e29c31:c2475, 12aca755-ada5-42df-801b-c61f99d8e8b8:c2472, a308b8bf-0324-43a1-a87f-1e10a96e3042:c2471]
2019-08-21 19:24:09,492 | INFO  | DNAudit | user=null | ip=null | op=PUT_BLOCK {blockData=[blockId=conID: 3 locID: 102656602896663045 bcsId: 0,size=2097152]} | ret=SUCCESS |  
2019-08-21 19:24:09,492 | INFO  | DNAudit | user=null | ip=null | op=WRITE_CHUNK {blockData=conID: 3 locID: 102656602896663045 bcsId: 0} | ret=SUCCESS |  
2019-08-21 19:24:09,492 | INFO  | DNAudit | user=null | ip=null | op=WRITE_CHUNK {blockData=conID: 3 locID: 102656602896663045 bcsId: 0} | ret=SUCCESS |  
2019-08-21 19:24:09,492 [grpc-default-executor-0] INFO  client.GrpcClientProtocolClient (GrpcClientProtocolClient.java:onNext(255)) - client-DA9582518C67->1df8bd03-73ef-4b9c-8622-5dc9d0e29c31: receive RaftClientReply:client-DA9582518C67->1df8bd03-73ef-4b9c-8622-5dc9d0e29c31@group-F45402591F47, cid=1741, SUCCESS, logIndex=2476, commits[1df8bd03-73ef-4b9c-8622-5dc9d0e29c31:c2476, 12aca755-ada5-42df-801b-c61f99d8e8b8:c2472, a308b8bf-0324-43a1-a87f-1e10a96e3042:c2472]
2019-08-21 19:24:09,493 | INFO  | DNAudit | user=null | ip=null | op=PUT_BLOCK {blockData=[blockId=conID: 3 locID: 102656602896663045 bcsId: 0,size=1048576]} | ret=SUCCESS |  
2019-08-21 19:24:09,494 | INFO  | DNAudit | user=null | ip=null | op=PUT_BLOCK {blockData=[blockId=conID: 3 locID: 102656602896663045 bcsId: 0,size=1048576]} | ret=SUCCESS |  
2019-08-21 19:24:09,494 | INFO  | DNAudit | user=null | ip=null | op=WRITE_CHUNK {blockData=conID: 3 locID: 102656602896663045 bcsId: 0} | ret=SUCCESS |  
2019-08-21 19:24:09,494 [grpc-default-executor-0] INFO  client.GrpcClientProtocolClient (GrpcClientProtocolClient.java:onNext(255)) - client-DA9582518C67->1df8bd03-73ef-4b9c-8622-5dc9d0e29c31: receive RaftClientReply:client-DA9582518C67->1df8bd03-73ef-4b9c-8622-5dc9d0e29c31@group-F45402591F47, cid=1742, SUCCESS, logIndex=0, commits[1df8bd03-73ef-4b9c-8622-5dc9d0e29c31:c2478, 12aca755-ada5-42df-801b-c61f99d8e8b8:c2474, a308b8bf-0324-43a1-a87f-1e10a96e3042:c2474]
 0.00% |█                                                                                                    |  0/1 Time: 0:00:142019-08-21 19:24:09,613 | INFO  | SCMAudit | user=jenkins1000 | ip=192.168.69.88 | op=SEND_HEARTBEAT {datanodeUUID=c4b21f74-9dba-4f39-a92d-300bdd5c7775, command=[]} | ret=SUCCESS |  
2019-08-21 19:24:09,613 | INFO  | DNAudit | user=null | ip=null | op=PUT_BLOCK {blockData=[blockId=conID: 3 locID: 102656602896663045 bcsId: 0,size=2097152]} | ret=SUCCESS |  
2019-08-21 19:24:09,613 | INFO  | DNAudit | user=null | ip=null | op=WRITE_CHUNK {blockData=conID: 3 locID: 102656602896663045 bcsId: 0} | ret=SUCCESS |  
2019-08-21 19:24:09,614 | INFO  | DNAudit | user=null | ip=null | op=PUT_BLOCK {blockData=[blockId=conID: 3 locID: 102656602896663045 bcsId: 0,size=2097152]} | ret=SUCCESS |  
2019-08-21 19:24:09,617 | INFO  | DNAudit | user=null | ip=null | op=WRITE_CHUNK {blockData=conID: 3 locID: 102656602896663045 bcsId: 2476} | ret=SUCCESS |  
2019-08-21 19:24:09,619 | INFO  | DNAudit | user=null | ip=null | op=WRITE_CHUNK {blockData=conID: 3 locID: 102656602896663045 bcsId: 2476} | ret=SUCCESS |  
2019-08-21 19:24:09,620 | INFO  | DNAudit | user=null | ip=null | op=WRITE_CHUNK {blockData=conID: 3 locID: 102656602896663045 bcsId: 2476} | ret=SUCCESS |  
2019-08-21 19:24:09,972 | INFO  | SCMAudit | user=jenkins1000 | ip=192.168.69.88 | op=SEND_HEARTBEAT {datanodeUUID=12aca755-ada5-42df-801b-c61f99d8e8b8, command=[]} | ret=SUCCESS |  
2019-08-21 19:24:09,972 | INFO  | SCMAudit | user=jenkins1000 | ip=192.168.69.88 | op=SEND_HEARTBEAT {datanodeUUID=a308b8bf-0324-43a1-a87f-1e10a96e3042, command=[]} | ret=SUCCESS |  
2019-08-21 19:24:09,972 | INFO  | SCMAudit | user=jenkins1000 | ip=192.168.69.88 | op=SEND_HEARTBEAT {datanodeUUID=1df8bd03-73ef-4b9c-8622-5dc9d0e29c31, command=[]} | ret=SUCCESS |  
2019-08-21 19:24:10,192 | INFO  | SCMAudit | user=jenkins1000 | ip=192.168.69.88 | op=SEND_HEARTBEAT {datanodeUUID=cfaf9666-ca64-459e-bd34-ff7c349f752a, command=[]} | ret=SUCCESS |  
 0.00% |█                                                                                                    |  0/1 Time: 0:00:152019-08-21 19:24:10,616 | INFO  | SCMAudit | user=jenkins1000 | ip=192.168.69.88 | op=SEND_HEARTBEAT {datanodeUUID=c4b21f74-9dba-4f39-a92d-300bdd5c7775, command=[]} | ret=SUCCESS |  
2019-08-21 19:24:10,972 | INFO  | SCMAudit | user=jenkins1000 | ip=192.168.69.88 | op=SEND_HEARTBEAT {datanodeUUID=12aca755-ada5-42df-801b-c61f99d8e8b8, command=[]} | ret=SUCCESS |  
2019-08-21 19:24:10,972 | INFO  | SCMAudit | user=jenkins1000 | ip=192.168.69.88 | op=SEND_HEARTBEAT {datanodeUUID=a308b8bf-0324-43a1-a87f-1e10a96e3042, command=[]} | ret=SUCCESS |  
2019-08-21 19:24:10,973 | INFO  | SCMAudit | user=jenkins1000 | ip=192.168.69.88 | op=SEND_HEARTBEAT {datanodeUUID=1df8bd03-73ef-4b9c-8622-5dc9d0e29c31, command=[]} | ret=SUCCESS |  
2019-08-21 19:24:11,191 | INFO  | SCMAudit | user=jenkins1000 | ip=192.168.69.88 | op=SEND_HEARTBEAT {datanodeUUID=cfaf9666-ca64-459e-bd34-ff7c349f752a, command=[]} | ret=SUCCESS |  
 0.00% |█                                                                                                    |  0/1 Time: 0:00:162019-08-21 19:24:11,622 | INFO  | SCMAudit | user=jenkins1000 | ip=192.168.69.88 | op=SEND_HEARTBEAT {datanodeUUID=c4b21f74-9dba-4f39-a92d-300bdd5c7775, command=[]} | ret=SUCCESS |  
2019-08-21 19:24:11,973 | INFO  | SCMAudit | user=jenkins1000 | ip=192.168.69.88 | op=SEND_HEARTBEAT {datanodeUUID=a308b8bf-0324-43a1-a87f-1e10a96e3042, command=[]} | ret=SUCCESS |  
2019-08-21 19:24:11,973 | INFO  | SCMAudit | user=jenkins1000 | ip=192.168.69.88 | op=SEND_HEARTBEAT {datanodeUUID=12aca755-ada5-42df-801b-c61f99d8e8b8, command=[]} | ret=SUCCESS |  
2019-08-21 19:24:11,973 | INFO  | SCMAudit | user=jenkins1000 | ip=192.168.69.88 | op=SEND_HEARTBEAT {datanodeUUID=1df8bd03-73ef-4b9c-8622-5dc9d0e29c31, command=[]} | ret=SUCCESS |  
2019-08-21 19:24:12,192 | INFO  | SCMAudit | user=jenkins1000 | ip=192.168.69.88 | op=SEND_HEARTBEAT {datanodeUUID=cfaf9666-ca64-459e-bd34-ff7c349f752a, command=[]} | ret=SUCCESS |  
2019-08-21 19:24:12,616 [java.util.concurrent.ThreadPoolExecutor$Worker@71305881[State = -1, empty queue]] WARN  server.GrpcLogAppender (GrpcLogAppender.java:timeoutAppendRequest(200)) - GrpcLogAppender(1df8bd03-73ef-4b9c-8622-5dc9d0e29c31->12aca755-ada5-42df-801b-c61f99d8e8b8): appendEntries Timeout, request=1df8bd03-73ef-4b9c-8622-5dc9d0e29c31->12aca755-ada5-42df-801b-c61f99d8e8b8#2488-t3, previous=(t:3, i:2480), leaderCommit=2480, initializing? false, entries: size=1, first=(t:3, i:2481), STATEMACHINELOGENTRY, client-DA9582518C67, cid=1743
2019-08-21 19:24:12,618 | INFO  | SCMAudit | user=jenkins1000 | ip=192.168.69.88 | op=SEND_HEARTBEAT {datanodeUUID=c4b21f74-9dba-4f39-a92d-300bdd5c7775, command=[]} | ret=SUCCESS |  
2019-08-21 19:24:12,616 [java.util.concurrent.ThreadPoolExecutor$Worker@4269570e[State = -1, empty queue]] WARN  server.GrpcLogAppender (GrpcLogAppender.java:timeoutAppendRequest(200)) - GrpcLogAppender(1df8bd03-73ef-4b9c-8622-5dc9d0e29c31->a308b8bf-0324-43a1-a87f-1e10a96e3042): appendEntries Timeout, request=1df8bd03-73ef-4b9c-8622-5dc9d0e29c31->a308b8bf-0324-43a1-a87f-1e10a96e3042#2488-t3, previous=(t:3, i:2480), leaderCommit=2480, initializing? false, entries: size=1, first=(t:3, i:2481), STATEMACHINELOGENTRY, client-DA9582518C67, cid=1743
2019-08-21 19:24:12,618 [java.util.concurrent.ThreadPoolExecutor$Worker@71305881[State = -1, empty queue]] WARN  server.GrpcLogAppender (GrpcLogAppender.java:timeoutAppendRequest(200)) - GrpcLogAppender(1df8bd03-73ef-4b9c-8622-5dc9d0e29c31->12aca755-ada5-42df-801b-c61f99d8e8b8): appendEntries Timeout, request=1df8bd03-73ef-4b9c-8622-5dc9d0e29c31->12aca755-ada5-42df-801b-c61f99d8e8b8#2489-t3, previous=(t:3, i:2481), leaderCommit=2480, initializing? false, entries: size=1, first=(t:3, i:2482), STATEMACHINELOGENTRY, client-DA9582518C67, cid=1744
2019-08-21 19:24:12,619 [java.util.concurrent.ThreadPoolExecutor$Worker@4269570e[State = -1, empty queue]] WARN  server.GrpcLogAppender (GrpcLogAppender.java:timeoutAppendRequest(200)) - GrpcLogAppender(1df8bd03-73ef-4b9c-8622-5dc9d0e29c31->a308b8bf-0324-43a1-a87f-1e10a96e3042): appendEntries Timeout, request=1df8bd03-73ef-4b9c-8622-5dc9d0e29c31->a308b8bf-0324-43a1-a87f-1e10a96e3042#2489-t3, previous=(t:3, i:2481), leaderCommit=2480, initializing? false, entries: size=1, first=(t:3, i:2482), STATEMACHINELOGENTRY, client-DA9582518C67, cid=1744
 0.00% |█                                                                                                    |  0/1 Time: 0:00:172019-08-21 19:24:12,972 | INFO  | SCMAudit | user=jenkins1000 | ip=192.168.69.88 | op=SEND_HEARTBEAT {datanodeUUID=a308b8bf-0324-43a1-a87f-1e10a96e3042, command=[]} | ret=SUCCESS |  
2019-08-21 19:24:12,972 | INFO  | SCMAudit | user=jenkins1000 | ip=192.168.69.88 | op=SEND_HEARTBEAT {datanodeUUID=12aca755-ada5-42df-801b-c61f99d8e8b8, command=[]} | ret=SUCCESS |  
2019-08-21 19:24:12,973 | INFO  | SCMAudit | user=jenkins1000 | ip=192.168.69.88 | op=SEND_HEARTBEAT {datanodeUUID=1df8bd03-73ef-4b9c-8622-5dc9d0e29c31, command=[]} | ret=SUCCESS |  
2019-08-21 19:24:13,191 | INFO  | SCMAudit | user=jenkins1000 | ip=192.168.69.88 | op=SEND_HEARTBEAT {datanodeUUID=cfaf9666-ca64-459e-bd34-ff7c349f752a, command=[]} | ret=SUCCESS |  
2019-08-21 19:24:13,617 | INFO  | SCMAudit | user=jenkins1000 | ip=192.168.69.88 | op=SEND_HEARTBEAT {datanodeUUID=c4b21f74-9dba-4f39-a92d-300bdd5c7775, command=[]} | ret=SUCCESS |  
 0.00% |█                                                                                                    |  0/1 Time: 0:00:182019-08-21 19:24:13,973 | INFO  | SCMAudit | user=jenkins1000 | ip=192.168.69.88 | op=SEND_HEARTBEAT {datanodeUUID=a308b8bf-0324-43a1-a87f-1e10a96e3042, command=[]} | ret=SUCCESS |  
2019-08-21 19:24:13,973 | INFO  | SCMAudit | user=jenkins1000 | ip=192.168.69.88 | op=SEND_HEARTBEAT {datanodeUUID=12aca755-ada5-42df-801b-c61f99d8e8b8, command=[]} | ret=SUCCESS |  
2019-08-21 19:24:13,973 | INFO  | SCMAudit | user=jenkins1000 | ip=192.168.69.88 | op=SEND_HEARTBEAT {datanodeUUID=1df8bd03-73ef-4b9c-8622-5dc9d0e29c31, command=[]} | ret=SUCCESS |  
2019-08-21 19:24:14,192 | INFO  | SCMAudit | user=jenkins1000 | ip=192.168.69.88 | op=SEND_HEARTBEAT {datanodeUUID=cfaf9666-ca64-459e-bd34-ff7c349f752a, command=[]} | ret=SUCCESS |  
2019-08-21 19:24:14,610 [grpc-default-executor-0] WARN  server.GrpcLogAppender (GrpcLogAppender.java:onNextImpl(250)) - org.apache.ratis.grpc.server.GrpcLogAppender$AppendLogResponseHandler@7f56a58b: Request not found, ignoring reply: 1df8bd03-73ef-4b9c-8622-5dc9d0e29c31<-a308b8bf-0324-43a1-a87f-1e10a96e3042#2488:OK,SUCCESS,nextIndex:2482,term:3,followerCommit:2480
2019-08-21 19:24:14,610 [grpc-default-executor-4] WARN  server.GrpcLogAppender (GrpcLogAppender.java:onNextImpl(250)) - org.apache.ratis.grpc.server.GrpcLogAppender$AppendLogResponseHandler@1a1e5f83: Request not found, ignoring reply: 1df8bd03-73ef-4b9c-8622-5dc9d0e29c31<-12aca755-ada5-42df-801b-c61f99d8e8b8#2488:OK,SUCCESS,nextIndex:2482,term:3,followerCommit:2480
2019-08-21 19:24:14,611 [grpc-default-executor-0] WARN  server.GrpcLogAppender (GrpcLogAppender.java:onNextImpl(250)) - org.apache.ratis.grpc.server.GrpcLogAppender$AppendLogResponseHandler@7f56a58b: Request not found, ignoring reply: 1df8bd03-73ef-4b9c-8622-5dc9d0e29c31<-a308b8bf-0324-43a1-a87f-1e10a96e3042#2489:OK,SUCCESS,nextIndex:2483,term:3,followerCommit:2480
2019-08-21 19:24:14,611 [grpc-default-executor-4] WARN  server.GrpcLogAppender (GrpcLogAppender.java:onNextImpl(250)) - org.apache.ratis.grpc.server.GrpcLogAppender$AppendLogResponseHandler@1a1e5f83: Request not found, ignoring reply: 1df8bd03-73ef-4b9c-8622-5dc9d0e29c31<-12aca755-ada5-42df-801b-c61f99d8e8b8#2489:OK,SUCCESS,nextIndex:2483,term:3,followerCommit:2480
2019-08-21 19:24:14,616 | INFO  | SCMAudit | user=jenkins1000 | ip=192.168.69.88 | op=SEND_HEARTBEAT {datanodeUUID=c4b21f74-9dba-4f39-a92d-300bdd5c7775, command=[]} | ret=SUCCESS |  
 0.00% |█                                                                                                    |  0/1 Time: 0:00:192019-08-21 19:24:14,642 | INFO  | DNAudit | user=null | ip=null | op=WRITE_CHUNK {blockData=conID: 3 locID: 102656602896663045 bcsId: 2476} | ret=SUCCESS |  
2019-08-21 19:24:14,643 | INFO  | DNAudit | user=null | ip=null | op=PUT_BLOCK {blockData=[blockId=conID: 3 locID: 102656602896663045 bcsId: 0,size=3145728]} | ret=SUCCESS |  
2019-08-21 19:24:14,667 | INFO  | DNAudit | user=null | ip=null | op=WRITE_CHUNK {blockData=conID: 3 locID: 102656602896663045 bcsId: 2476} | ret=SUCCESS |  
2019-08-21 19:24:14,667 | INFO  | DNAudit | user=null | ip=null | op=WRITE_CHUNK {blockData=conID: 3 locID: 102656602896663045 bcsId: 2476} | ret=SUCCESS |  
2019-08-21 19:24:14,667 | INFO  | DNAudit | user=null | ip=null | op=PUT_BLOCK {blockData=[blockId=conID: 3 locID: 102656602896663045 bcsId: 0,size=3145728]} | ret=SUCCESS |  
2019-08-21 19:24:14,667 | INFO  | DNAudit | user=null | ip=null | op=PUT_BLOCK {blockData=[blockId=conID: 3 locID: 102656602896663045 bcsId: 0,size=3145728]} | ret=SUCCESS |  
2019-08-21 19:24:14,707 [grpc-default-executor-0] INFO  client.GrpcClientProtocolClient (GrpcClientProtocolClient.java:onNext(255)) - client-DA9582518C67->12aca755-ada5-42df-801b-c61f99d8e8b8: receive RaftClientReply:client-DA9582518C67->12aca755-ada5-42df-801b-c61f99d8e8b8@group-F45402591F47, cid=1743, FAILED org.apache.ratis.protocol.NotLeaderException: Server 12aca755-ada5-42df-801b-c61f99d8e8b8 is not the leader (1df8bd03-73ef-4b9c-8622-5dc9d0e29c31:192.168.69.88:45766). Request must be sent to leader., logIndex=0, commits[12aca755-ada5-42df-801b-c61f99d8e8b8:c2482, 1df8bd03-73ef-4b9c-8622-5dc9d0e29c31:c2482, a308b8bf-0324-43a1-a87f-1e10a96e3042:c2480]
2019-08-21 19:24:14,723 [grpc-default-executor-4] INFO  client.GrpcClientProtocolClient (GrpcClientProtocolClient.java:onNext(255)) - client-DA9582518C67->1df8bd03-73ef-4b9c-8622-5dc9d0e29c31: receive RaftClientReply:client-DA9582518C67->1df8bd03-73ef-4b9c-8622-5dc9d0e29c31@group-F45402591F47, cid=1743, SUCCESS, logIndex=2481, commits[1df8bd03-73ef-4b9c-8622-5dc9d0e29c31:c2482, 12aca755-ada5-42df-801b-c61f99d8e8b8:c2480, a308b8bf-0324-43a1-a87f-1e10a96e3042:c2480]
2019-08-21 19:24:14,730 [grpc-default-executor-0] INFO  client.GrpcClientProtocolClient (GrpcClientProtocolClient.java:onNext(255)) - client-DA9582518C67->1df8bd03-73ef-4b9c-8622-5dc9d0e29c31: receive RaftClientReply:client-DA9582518C67->1df8bd03-73ef-4b9c-8622-5dc9d0e29c31@group-F45402591F47, cid=1744, SUCCESS, logIndex=2482, commits[1df8bd03-73ef-4b9c-8622-5dc9d0e29c31:c2482, 12aca755-ada5-42df-801b-c61f99d8e8b8:c2480, a308b8bf-0324-43a1-a87f-1e10a96e3042:c2480]
2019-08-21 19:24:14,736 | INFO  | DNAudit | user=null | ip=null | op=WRITE_CHUNK {blockData=conID: 3 locID: 102656602896663045 bcsId: 2482} | ret=SUCCESS |  
2019-08-21 19:24:14,739 | INFO  | DNAudit | user=null | ip=null | op=WRITE_CHUNK {blockData=conID: 3 locID: 102656602896663045 bcsId: 2482} | ret=SUCCESS |  
2019-08-21 19:24:14,739 | INFO  | DNAudit | user=null | ip=null | op=WRITE_CHUNK {blockData=conID: 3 locID: 102656602896663045 bcsId: 2482} | ret=SUCCESS |  
2019-08-21 19:24:14,798 | INFO  | DNAudit | user=null | ip=null | op=WRITE_CHUNK {blockData=conID: 3 locID: 102656602896663045 bcsId: 2482} | ret=SUCCESS |  
2019-08-21 19:24:14,799 | INFO  | DNAudit | user=null | ip=null | op=PUT_BLOCK {blockData=[blockId=conID: 3 locID: 102656602896663045 bcsId: 0,size=4194304]} | ret=SUCCESS |  
2019-08-21 19:24:14,799 [grpc-default-executor-0] INFO  client.GrpcClientProtocolClient (GrpcClientProtocolClient.java:onNext(255)) - client-DA9582518C67->1df8bd03-73ef-4b9c-8622-5dc9d0e29c31: receive RaftClientReply:client-DA9582518C67->1df8bd03-73ef-4b9c-8622-5dc9d0e29c31@group-F45402591F47, cid=1745, SUCCESS, logIndex=2484, commits[1df8bd03-73ef-4b9c-8622-5dc9d0e29c31:c2485, 12aca755-ada5-42df-801b-c61f99d8e8b8:c2483, a308b8bf-0324-43a1-a87f-1e10a96e3042:c2483]
2019-08-21 19:24:14,800 [grpc-default-executor-0] INFO  client.GrpcClientProtocolClient (GrpcClientProtocolClient.java:onNext(255)) - client-DA9582518C67->1df8bd03-73ef-4b9c-8622-5dc9d0e29c31: receive RaftClientReply:client-DA9582518C67->1df8bd03-73ef-4b9c-8622-5dc9d0e29c31@group-F45402591F47, cid=1746, SUCCESS, logIndex=2485, commits[1df8bd03-73ef-4b9c-8622-5dc9d0e29c31:c2485, 12aca755-ada5-42df-801b-c61f99d8e8b8:c2483, a308b8bf-0324-43a1-a87f-1e10a96e3042:c2483]
2019-08-21 19:24:14,807 | INFO  | DNAudit | user=null | ip=null | op=WRITE_CHUNK {blockData=conID: 3 locID: 102656602896663045 bcsId: 2482} | ret=SUCCESS |  
2019-08-21 19:24:14,807 | INFO  | DNAudit | user=null | ip=null | op=WRITE_CHUNK {blockData=conID: 3 locID: 102656602896663045 bcsId: 2482} | ret=SUCCESS |  
2019-08-21 19:24:14,810 | INFO  | DNAudit | user=null | ip=null | op=PUT_BLOCK {blockData=[blockId=conID: 3 locID: 102656602896663045 bcsId: 0,size=4194304]} | ret=SUCCESS |  
2019-08-21 19:24:14,810 | INFO  | DNAudit | user=null | ip=null | op=PUT_BLOCK {blockData=[blockId=conID: 3 locID: 102656602896663045 bcsId: 0,size=4194304]} | ret=SUCCESS |  
2019-08-21 19:24:14,810 [grpc-default-executor-4] INFO  client.GrpcClientProtocolClient (GrpcClientProtocolClient.java:onNext(255)) - client-DA9582518C67->1df8bd03-73ef-4b9c-8622-5dc9d0e29c31: receive RaftClientReply:client-DA9582518C67->1df8bd03-73ef-4b9c-8622-5dc9d0e29c31@group-F45402591F47, cid=1747, SUCCESS, logIndex=0, commits[1df8bd03-73ef-4b9c-8622-5dc9d0e29c31:c2486, 12aca755-ada5-42df-801b-c61f99d8e8b8:c2485, a308b8bf-0324-43a1-a87f-1e10a96e3042:c2485]
2019-08-21 19:24:14,815 | INFO  | SCMAudit | user=jenkins1000 | ip=192.168.69.88 | op=ALLOCATE_BLOCK {owner=a4b1d482-4fe6-4e71-84a6-a95f4ce3f696, size=4194304, type=RATIS, factor=THREE} | ret=SUCCESS |  
2019-08-21 19:24:14,818 | INFO  | OMAudit | user=jenkins1000 | ip=127.0.0.1 | op=ALLOCATE_BLOCK {volume=vol-0-90666, bucket=bucket-0-29336, key=key-0-94354, dataSize=0, replicationType=null, replicationFactor=null, keyLocationInfo=null, clientID=102656601977389458} | ret=SUCCESS |  
2019-08-21 19:24:14,827 | INFO  | DNAudit | user=null | ip=null | op=WRITE_CHUNK {blockData=conID: 1 locID: 102656603246756358 bcsId: 0} | ret=SUCCESS |  
2019-08-21 19:24:14,831 | INFO  | DNAudit | user=null | ip=null | op=WRITE_CHUNK {blockData=conID: 1 locID: 102656603246756358 bcsId: 0} | ret=SUCCESS |  
2019-08-21 19:24:14,832 | INFO  | DNAudit | user=null | ip=null | op=WRITE_CHUNK {blockData=conID: 1 locID: 102656603246756358 bcsId: 0} | ret=SUCCESS |  
2019-08-21 19:24:14,833 | INFO  | DNAudit | user=null | ip=null | op=WRITE_CHUNK {blockData=conID: 1 locID: 102656603246756358 bcsId: 0} | ret=SUCCESS |  
2019-08-21 19:24:14,836 | INFO  | DNAudit | user=null | ip=null | op=WRITE_CHUNK {blockData=conID: 1 locID: 102656603246756358 bcsId: 0} | ret=SUCCESS |  
2019-08-21 19:24:14,836 | INFO  | DNAudit | user=null | ip=null | op=WRITE_CHUNK {blockData=conID: 1 locID: 102656603246756358 bcsId: 0} | ret=SUCCESS |  
2019-08-21 19:24:14,915 | INFO  | DNAudit | user=null | ip=null | op=WRITE_CHUNK {blockData=conID: 1 locID: 102656603246756358 bcsId: 0} | ret=SUCCESS |  
2019-08-21 19:24:14,916 | INFO  | DNAudit | user=null | ip=null | op=PUT_BLOCK {blockData=[blockId=conID: 1 locID: 102656603246756358 bcsId: 0,size=1048576]} | ret=SUCCESS |  
2019-08-21 19:24:14,916 [grpc-default-executor-0] INFO  client.GrpcClientProtocolClient (GrpcClientProtocolClient.java:onNext(255)) - client-DA9582518C67->1df8bd03-73ef-4b9c-8622-5dc9d0e29c31: receive RaftClientReply:client-DA9582518C67->1df8bd03-73ef-4b9c-8622-5dc9d0e29c31@group-F45402591F47, cid=1748, SUCCESS, logIndex=2488, commits[1df8bd03-73ef-4b9c-8622-5dc9d0e29c31:c2489, 12aca755-ada5-42df-801b-c61f99d8e8b8:c2487, a308b8bf-0324-43a1-a87f-1e10a96e3042:c2487]
2019-08-21 19:24:14,917 [grpc-default-executor-0] INFO  client.GrpcClientProtocolClient (GrpcClientProtocolClient.java:onNext(255)) - client-DA9582518C67->1df8bd03-73ef-4b9c-8622-5dc9d0e29c31: receive RaftClientReply:client-DA9582518C67->1df8bd03-73ef-4b9c-8622-5dc9d0e29c31@group-F45402591F47, cid=1749, SUCCESS, logIndex=2489, commits[1df8bd03-73ef-4b9c-8622-5dc9d0e29c31:c2489, 12aca755-ada5-42df-801b-c61f99d8e8b8:c2487, a308b8bf-0324-43a1-a87f-1e10a96e3042:c2487]
2019-08-21 19:24:14,921 | INFO  | DNAudit | user=null | ip=null | op=WRITE_CHUNK {blockData=conID: 1 locID: 102656603246756358 bcsId: 0} | ret=SUCCESS |  
2019-08-21 19:24:14,922 | INFO  | DNAudit | user=null | ip=null | op=PUT_BLOCK {blockData=[blockId=conID: 1 locID: 102656603246756358 bcsId: 0,size=2097152]} | ret=SUCCESS |  
2019-08-21 19:24:14,922 [grpc-default-executor-0] INFO  client.GrpcClientProtocolClient (GrpcClientProtocolClient.java:onNext(255)) - client-DA9582518C67->1df8bd03-73ef-4b9c-8622-5dc9d0e29c31: receive RaftClientReply:client-DA9582518C67->1df8bd03-73ef-4b9c-8622-5dc9d0e29c31@group-F45402591F47, cid=1750, SUCCESS, logIndex=2490, commits[1df8bd03-73ef-4b9c-8622-5dc9d0e29c31:c2491, 12aca755-ada5-42df-801b-c61f99d8e8b8:c2487, a308b8bf-0324-43a1-a87f-1e10a96e3042:c2487]
2019-08-21 19:24:14,922 [grpc-default-executor-0] INFO  client.GrpcClientProtocolClient (GrpcClientProtocolClient.java:onNext(255)) - client-DA9582518C67->1df8bd03-73ef-4b9c-8622-5dc9d0e29c31: receive RaftClientReply:client-DA9582518C67->1df8bd03-73ef-4b9c-8622-5dc9d0e29c31@group-F45402591F47, cid=1751, SUCCESS, logIndex=2491, commits[1df8bd03-73ef-4b9c-8622-5dc9d0e29c31:c2491, 12aca755-ada5-42df-801b-c61f99d8e8b8:c2487, a308b8bf-0324-43a1-a87f-1e10a96e3042:c2487]
2019-08-21 19:24:14,939 | INFO  | DNAudit | user=null | ip=null | op=WRITE_CHUNK {blockData=conID: 1 locID: 102656603246756358 bcsId: 0} | ret=SUCCESS |  
2019-08-21 19:24:14,939 | INFO  | DNAudit | user=null | ip=null | op=WRITE_CHUNK {blockData=conID: 1 locID: 102656603246756358 bcsId: 0} | ret=SUCCESS |  
2019-08-21 19:24:14,939 | INFO  | DNAudit | user=null | ip=null | op=PUT_BLOCK {blockData=[blockId=conID: 1 locID: 102656603246756358 bcsId: 0,size=1048576]} | ret=SUCCESS |  
2019-08-21 19:24:14,939 | INFO  | DNAudit | user=null | ip=null | op=PUT_BLOCK {blockData=[blockId=conID: 1 locID: 102656603246756358 bcsId: 0,size=1048576]} | ret=SUCCESS |  
2019-08-21 19:24:14,940 | INFO  | DNAudit | user=null | ip=null | op=WRITE_CHUNK {blockData=conID: 1 locID: 102656603246756358 bcsId: 0} | ret=SUCCESS |  
2019-08-21 19:24:14,940 [grpc-default-executor-5] INFO  client.GrpcClientProtocolClient (GrpcClientProtocolClient.java:onNext(255)) - client-DA9582518C67->1df8bd03-73ef-4b9c-8622-5dc9d0e29c31: receive RaftClientReply:client-DA9582518C67->1df8bd03-73ef-4b9c-8622-5dc9d0e29c31@group-F45402591F47, cid=1752, SUCCESS, logIndex=0, commits[1df8bd03-73ef-4b9c-8622-5dc9d0e29c31:c2492, 12aca755-ada5-42df-801b-c61f99d8e8b8:c2489, a308b8bf-0324-43a1-a87f-1e10a96e3042:c2489]
2019-08-21 19:24:14,940 | INFO  | DNAudit | user=null | ip=null | op=PUT_BLOCK {blockData=[blockId=conID: 1 locID: 102656603246756358 bcsId: 0,size=2097152]} | ret=SUCCESS |  
2019-08-21 19:24:14,940 | INFO  | DNAudit | user=null | ip=null | op=WRITE_CHUNK {blockData=conID: 1 locID: 102656603246756358 bcsId: 0} | ret=SUCCESS |  
2019-08-21 19:24:14,941 | INFO  | DNAudit | user=null | ip=null | op=PUT_BLOCK {blockData=[blockId=conID: 1 locID: 102656603246756358 bcsId: 0,size=2097152]} | ret=SUCCESS |  
2019-08-21 19:24:14,953 | INFO  | DNAudit | user=null | ip=null | op=WRITE_CHUNK {blockData=conID: 1 locID: 102656603246756358 bcsId: 2491} | ret=SUCCESS |  
2019-08-21 19:24:14,954 | INFO  | DNAudit | user=null | ip=null | op=WRITE_CHUNK {blockData=conID: 1 locID: 102656603246756358 bcsId: 2491} | ret=SUCCESS |  
2019-08-21 19:24:14,954 | INFO  | DNAudit | user=null | ip=null | op=WRITE_CHUNK {blockData=conID: 1 locID: 102656603246756358 bcsId: 2491} | ret=SUCCESS |  
2019-08-21 19:24:14,965 | INFO  | DNAudit | user=null | ip=null | op=WRITE_CHUNK {blockData=conID: 1 locID: 102656603246756358 bcsId: 2491} | ret=SUCCESS |  
2019-08-21 19:24:14,965 | INFO  | DNAudit | user=null | ip=null | op=PUT_BLOCK {blockData=[blockId=conID: 1 locID: 102656603246756358 bcsId: 0,size=3145728]} | ret=SUCCESS |  
2019-08-21 19:24:14,965 [grpc-default-executor-5] INFO  client.GrpcClientProtocolClient (GrpcClientProtocolClient.java:onNext(255)) - client-DA9582518C67->1df8bd03-73ef-4b9c-8622-5dc9d0e29c31: receive RaftClientReply:client-DA9582518C67->1df8bd03-73ef-4b9c-8622-5dc9d0e29c31@group-F45402591F47, cid=1753, SUCCESS, logIndex=2496, commits[1df8bd03-73ef-4b9c-8622-5dc9d0e29c31:c2497, 12aca755-ada5-42df-801b-c61f99d8e8b8:c2495, a308b8bf-0324-43a1-a87f-1e10a96e3042:c2495]
2019-08-21 19:24:14,966 [grpc-default-executor-5] INFO  client.GrpcClientProtocolClient (GrpcClientProtocolClient.java:onNext(255)) - client-DA9582518C67->1df8bd03-73ef-4b9c-8622-5dc9d0e29c31: receive RaftClientReply:client-DA9582518C67->1df8bd03-73ef-4b9c-8622-5dc9d0e29c31@group-F45402591F47, cid=1754, SUCCESS, logIndex=2497, commits[1df8bd03-73ef-4b9c-8622-5dc9d0e29c31:c2497, 12aca755-ada5-42df-801b-c61f99d8e8b8:c2495, a308b8bf-0324-43a1-a87f-1e10a96e3042:c2495]
2019-08-21 19:24:14,972 | INFO  | SCMAudit | user=jenkins1000 | ip=192.168.69.88 | op=SEND_HEARTBEAT {datanodeUUID=12aca755-ada5-42df-801b-c61f99d8e8b8, command=[]} | ret=SUCCESS |  
2019-08-21 19:24:14,972 | INFO  | SCMAudit | user=jenkins1000 | ip=192.168.69.88 | op=SEND_HEARTBEAT {datanodeUUID=a308b8bf-0324-43a1-a87f-1e10a96e3042, command=[]} | ret=SUCCESS |  
2019-08-21 19:24:14,972 | INFO  | DNAudit | user=null | ip=null | op=WRITE_CHUNK {blockData=conID: 1 locID: 102656603246756358 bcsId: 2497} | ret=SUCCESS |  
2019-08-21 19:24:14,973 | INFO  | SCMAudit | user=jenkins1000 | ip=192.168.69.88 | op=SEND_HEARTBEAT {datanodeUUID=1df8bd03-73ef-4b9c-8622-5dc9d0e29c31, command=[]} | ret=SUCCESS |  
2019-08-21 19:24:14,976 | INFO  | DNAudit | user=null | ip=null | op=WRITE_CHUNK {blockData=conID: 1 locID: 102656603246756358 bcsId: 2497} | ret=SUCCESS |  
2019-08-21 19:24:14,981 | INFO  | DNAudit | user=null | ip=null | op=WRITE_CHUNK {blockData=conID: 1 locID: 102656603246756358 bcsId: 2497} | ret=SUCCESS |  
2019-08-21 19:24:15,042 | INFO  | DNAudit | user=null | ip=null | op=WRITE_CHUNK {blockData=conID: 1 locID: 102656603246756358 bcsId: 2491} | ret=SUCCESS |  
2019-08-21 19:24:15,042 | INFO  | DNAudit | user=null | ip=null | op=PUT_BLOCK {blockData=[blockId=conID: 1 locID: 102656603246756358 bcsId: 0,size=3145728]} | ret=SUCCESS |  
2019-08-21 19:24:15,055 | INFO  | DNAudit | user=null | ip=null | op=WRITE_CHUNK {blockData=conID: 1 locID: 102656603246756358 bcsId: 2497} | ret=SUCCESS |  
2019-08-21 19:24:15,055 | INFO  | DNAudit | user=null | ip=null | op=WRITE_CHUNK {blockData=conID: 1 locID: 102656603246756358 bcsId: 2491} | ret=SUCCESS |  
2019-08-21 19:24:15,055 | INFO  | DNAudit | user=null | ip=null | op=PUT_BLOCK {blockData=[blockId=conID: 1 locID: 102656603246756358 bcsId: 0,size=4194304]} | ret=SUCCESS |  
2019-08-21 19:24:15,055 | INFO  | DNAudit | user=null | ip=null | op=PUT_BLOCK {blockData=[blockId=conID: 1 locID: 102656603246756358 bcsId: 0,size=3145728]} | ret=SUCCESS |  
2019-08-21 19:24:15,056 [grpc-default-executor-4] INFO  client.GrpcClientProtocolClient (GrpcClientProtocolClient.java:onNext(255)) - client-DA9582518C67->1df8bd03-73ef-4b9c-8622-5dc9d0e29c31: receive RaftClientReply:client-DA9582518C67->1df8bd03-73ef-4b9c-8622-5dc9d0e29c31@group-F45402591F47, cid=1755, SUCCESS, logIndex=2500, commits[1df8bd03-73ef-4b9c-8622-5dc9d0e29c31:c2501, 12aca755-ada5-42df-801b-c61f99d8e8b8:c2497, a308b8bf-0324-43a1-a87f-1e10a96e3042:c2497]
2019-08-21 19:24:15,056 [grpc-default-executor-4] INFO  client.GrpcClientProtocolClient (GrpcClientProtocolClient.java:onNext(255)) - client-DA9582518C67->1df8bd03-73ef-4b9c-8622-5dc9d0e29c31: receive RaftClientReply:client-DA9582518C67->1df8bd03-73ef-4b9c-8622-5dc9d0e29c31@group-F45402591F47, cid=1756, SUCCESS, logIndex=2501, commits[1df8bd03-73ef-4b9c-8622-5dc9d0e29c31:c2501, 12aca755-ada5-42df-801b-c61f99d8e8b8:c2497, a308b8bf-0324-43a1-a87f-1e10a96e3042:c2497]
2019-08-21 19:24:15,057 | INFO  | DNAudit | user=null | ip=null | op=WRITE_CHUNK {blockData=conID: 1 locID: 102656603246756358 bcsId: 2497} | ret=SUCCESS |  
2019-08-21 19:24:15,057 | INFO  | DNAudit | user=null | ip=null | op=WRITE_CHUNK {blockData=conID: 1 locID: 102656603246756358 bcsId: 2497} | ret=SUCCESS |  
2019-08-21 19:24:15,057 | INFO  | DNAudit | user=null | ip=null | op=PUT_BLOCK {blockData=[blockId=conID: 1 locID: 102656603246756358 bcsId: 0,size=4194304]} | ret=SUCCESS |  
2019-08-21 19:24:15,057 | INFO  | DNAudit | user=null | ip=null | op=PUT_BLOCK {blockData=[blockId=conID: 1 locID: 102656603246756358 bcsId: 0,size=4194304]} | ret=SUCCESS |  
2019-08-21 19:24:15,057 [grpc-default-executor-5] INFO  client.GrpcClientProtocolClient (GrpcClientProtocolClient.java:onNext(255)) - client-DA9582518C67->1df8bd03-73ef-4b9c-8622-5dc9d0e29c31: receive RaftClientReply:client-DA9582518C67->1df8bd03-73ef-4b9c-8622-5dc9d0e29c31@group-F45402591F47, cid=1757, SUCCESS, logIndex=0, commits[1df8bd03-73ef-4b9c-8622-5dc9d0e29c31:c2502, 12aca755-ada5-42df-801b-c61f99d8e8b8:c2501, a308b8bf-0324-43a1-a87f-1e10a96e3042:c2501]
2019-08-21 19:24:15,062 | INFO  | SCMAudit | user=jenkins1000 | ip=192.168.69.88 | op=ALLOCATE_BLOCK {owner=a4b1d482-4fe6-4e71-84a6-a95f4ce3f696, size=4194304, type=RATIS, factor=THREE} | ret=SUCCESS |  
2019-08-21 19:24:15,065 | INFO  | OMAudit | user=jenkins1000 | ip=127.0.0.1 | op=ALLOCATE_BLOCK {volume=vol-0-90666, bucket=bucket-0-29336, key=key-0-94354, dataSize=0, replicationType=null, replicationFactor=null, keyLocationInfo=null, clientID=102656601977389458} | ret=SUCCESS |  
2019-08-21 19:24:15,073 | INFO  | DNAudit | user=null | ip=null | op=WRITE_CHUNK {blockData=conID: 2 locID: 102656603262943751 bcsId: 0} | ret=SUCCESS |  
2019-08-21 19:24:15,076 | INFO  | DNAudit | user=null | ip=null | op=WRITE_CHUNK {blockData=conID: 2 locID: 102656603262943751 bcsId: 0} | ret=SUCCESS |  
2019-08-21 19:24:15,078 | INFO  | DNAudit | user=null | ip=null | op=WRITE_CHUNK {blockData=conID: 2 locID: 102656603262943751 bcsId: 0} | ret=SUCCESS |  
2019-08-21 19:24:15,078 | INFO  | DNAudit | user=null | ip=null | op=WRITE_CHUNK {blockData=conID: 2 locID: 102656603262943751 bcsId: 0} | ret=SUCCESS |  
2019-08-21 19:24:15,080 | INFO  | DNAudit | user=null | ip=null | op=WRITE_CHUNK {blockData=conID: 2 locID: 102656603262943751 bcsId: 0} | ret=SUCCESS |  
2019-08-21 19:24:15,080 | INFO  | DNAudit | user=null | ip=null | op=WRITE_CHUNK {blockData=conID: 2 locID: 102656603262943751 bcsId: 0} | ret=SUCCESS |  
2019-08-21 19:24:15,085 | INFO  | DNAudit | user=null | ip=null | op=WRITE_CHUNK {blockData=conID: 2 locID: 102656603262943751 bcsId: 0} | ret=SUCCESS |  
2019-08-21 19:24:15,086 | INFO  | DNAudit | user=null | ip=null | op=PUT_BLOCK {blockData=[blockId=conID: 2 locID: 102656603262943751 bcsId: 0,size=1048576]} | ret=SUCCESS |  
2019-08-21 19:24:15,086 [grpc-default-executor-5] INFO  client.GrpcClientProtocolClient (GrpcClientProtocolClient.java:onNext(255)) - client-DA9582518C67->1df8bd03-73ef-4b9c-8622-5dc9d0e29c31: receive RaftClientReply:client-DA9582518C67->1df8bd03-73ef-4b9c-8622-5dc9d0e29c31@group-F45402591F47, cid=1758, SUCCESS, logIndex=2503, commits[1df8bd03-73ef-4b9c-8622-5dc9d0e29c31:c2504, 12aca755-ada5-42df-801b-c61f99d8e8b8:c2502, a308b8bf-0324-43a1-a87f-1e10a96e3042:c2502]
2019-08-21 19:24:15,086 [grpc-default-executor-5] INFO  client.GrpcClientProtocolClient (GrpcClientProtocolClient.java:onNext(255)) - client-DA9582518C67->1df8bd03-73ef-4b9c-8622-5dc9d0e29c31: receive RaftClientReply:client-DA9582518C67->1df8bd03-73ef-4b9c-8622-5dc9d0e29c31@group-F45402591F47, cid=1759, SUCCESS, logIndex=2504, commits[1df8bd03-73ef-4b9c-8622-5dc9d0e29c31:c2504, 12aca755-ada5-42df-801b-c61f99d8e8b8:c2502, a308b8bf-0324-43a1-a87f-1e10a96e3042:c2502]
2019-08-21 19:24:15,095 | INFO  | DNAudit | user=null | ip=null | op=WRITE_CHUNK {blockData=conID: 2 locID: 102656603262943751 bcsId: 0} | ret=SUCCESS |  
2019-08-21 19:24:15,096 [grpc-default-executor-5] INFO  client.GrpcClientProtocolClient (GrpcClientProtocolClient.java:onNext(255)) - client-DA9582518C67->1df8bd03-73ef-4b9c-8622-5dc9d0e29c31: receive RaftClientReply:client-DA9582518C67->1df8bd03-73ef-4b9c-8622-5dc9d0e29c31@group-F45402591F47, cid=1760, SUCCESS, logIndex=2505, commits[1df8bd03-73ef-4b9c-8622-5dc9d0e29c31:c2506, 12aca755-ada5-42df-801b-c61f99d8e8b8:c2502, a308b8bf-0324-43a1-a87f-1e10a96e3042:c2502]
2019-08-21 19:24:15,107 | INFO  | DNAudit | user=null | ip=null | op=WRITE_CHUNK {blockData=conID: 2 locID: 102656603262943751 bcsId: 0} | ret=SUCCESS |  
2019-08-21 19:24:15,107 | INFO  | DNAudit | user=null | ip=null | op=WRITE_CHUNK {blockData=conID: 2 locID: 102656603262943751 bcsId: 0} | ret=SUCCESS |  
2019-08-21 19:24:15,107 | INFO  | DNAudit | user=null | ip=null | op=PUT_BLOCK {blockData=[blockId=conID: 2 locID: 102656603262943751 bcsId: 0,size=2097152]} | ret=SUCCESS |  
2019-08-21 19:24:15,107 | INFO  | DNAudit | user=null | ip=null | op=PUT_BLOCK {blockData=[blockId=conID: 2 locID: 102656603262943751 bcsId: 0,size=1048576]} | ret=SUCCESS |  
2019-08-21 19:24:15,107 [grpc-default-executor-0] INFO  client.GrpcClientProtocolClient (GrpcClientProtocolClient.java:onNext(255)) - client-DA9582518C67->1df8bd03-73ef-4b9c-8622-5dc9d0e29c31: receive RaftClientReply:client-DA9582518C67->1df8bd03-73ef-4b9c-8622-5dc9d0e29c31@group-F45402591F47, cid=1761, SUCCESS, logIndex=2506, commits[1df8bd03-73ef-4b9c-8622-5dc9d0e29c31:c2508, 12aca755-ada5-42df-801b-c61f99d8e8b8:c2504, a308b8bf-0324-43a1-a87f-1e10a96e3042:c2503]
2019-08-21 19:24:15,110 | INFO  | DNAudit | user=null | ip=null | op=PUT_BLOCK {blockData=[blockId=conID: 2 locID: 102656603262943751 bcsId: 0,size=1048576]} | ret=SUCCESS |  
2019-08-21 19:24:15,110 [grpc-default-executor-5] INFO  client.GrpcClientProtocolClient (GrpcClientProtocolClient.java:onNext(255)) - client-DA9582518C67->1df8bd03-73ef-4b9c-8622-5dc9d0e29c31: receive RaftClientReply:client-DA9582518C67->1df8bd03-73ef-4b9c-8622-5dc9d0e29c31@group-F45402591F47, cid=1762, SUCCESS, logIndex=0, commits[1df8bd03-73ef-4b9c-8622-5dc9d0e29c31:c2508, 12aca755-ada5-42df-801b-c61f99d8e8b8:c2504, a308b8bf-0324-43a1-a87f-1e10a96e3042:c2504]
2019-08-21 19:24:15,116 | INFO  | DNAudit | user=null | ip=null | op=WRITE_CHUNK {blockData=conID: 2 locID: 102656603262943751 bcsId: 2506} | ret=SUCCESS |  
2019-08-21 19:24:15,120 | INFO  | DNAudit | user=null | ip=null | op=WRITE_CHUNK {blockData=conID: 2 locID: 102656603262943751 bcsId: 2506} | ret=SUCCESS |  
2019-08-21 19:24:15,120 | INFO  | DNAudit | user=null | ip=null | op=WRITE_CHUNK {blockData=conID: 2 locID: 102656603262943751 bcsId: 2506} | ret=SUCCESS |  
2019-08-21 19:24:15,177 | INFO  | DNAudit | user=null | ip=null | op=WRITE_CHUNK {blockData=conID: 2 locID: 102656603262943751 bcsId: 0} | ret=SUCCESS |  
2019-08-21 19:24:15,177 | INFO  | DNAudit | user=null | ip=null | op=WRITE_CHUNK {blockData=conID: 2 locID: 102656603262943751 bcsId: 0} | ret=SUCCESS |  
2019-08-21 19:24:15,177 | INFO  | DNAudit | user=null | ip=null | op=PUT_BLOCK {blockData=[blockId=conID: 2 locID: 102656603262943751 bcsId: 0,size=2097152]} | ret=SUCCESS |  
2019-08-21 19:24:15,177 | INFO  | DNAudit | user=null | ip=null | op=PUT_BLOCK {blockData=[blockId=conID: 2 locID: 102656603262943751 bcsId: 0,size=2097152]} | ret=SUCCESS |  
2019-08-21 19:24:15,177 | INFO  | DNAudit | user=null | ip=null | op=WRITE_CHUNK {blockData=conID: 2 locID: 102656603262943751 bcsId: 2506} | ret=SUCCESS |  
2019-08-21 19:24:15,178 | INFO  | DNAudit | user=null | ip=null | op=PUT_BLOCK {blockData=[blockId=conID: 2 locID: 102656603262943751 bcsId: 0,size=3145728]} | ret=SUCCESS |  
2019-08-21 19:24:15,178 [grpc-default-executor-4] INFO  client.GrpcClientProtocolClient (GrpcClientProtocolClient.java:onNext(255)) - client-DA9582518C67->1df8bd03-73ef-4b9c-8622-5dc9d0e29c31: receive RaftClientReply:client-DA9582518C67->1df8bd03-73ef-4b9c-8622-5dc9d0e29c31@group-F45402591F47, cid=1763, SUCCESS, logIndex=2511, commits[1df8bd03-73ef-4b9c-8622-5dc9d0e29c31:c2512, 12aca755-ada5-42df-801b-c61f99d8e8b8:c2510, a308b8bf-0324-43a1-a87f-1e10a96e3042:c2510]
2019-08-21 19:24:15,179 [grpc-default-executor-4] INFO  client.GrpcClientProtocolClient (GrpcClientProtocolClient.java:onNext(255)) - client-DA9582518C67->1df8bd03-73ef-4b9c-8622-5dc9d0e29c31: receive RaftClientReply:client-DA9582518C67->1df8bd03-73ef-4b9c-8622-5dc9d0e29c31@group-F45402591F47, cid=1764, SUCCESS, logIndex=2512, commits[1df8bd03-73ef-4b9c-8622-5dc9d0e29c31:c2512, 12aca755-ada5-42df-801b-c61f99d8e8b8:c2510, a308b8bf-0324-43a1-a87f-1e10a96e3042:c2510]
2019-08-21 19:24:15,185 | INFO  | DNAudit | user=null | ip=null | op=WRITE_CHUNK {blockData=conID: 2 locID: 102656603262943751 bcsId: 2512} | ret=SUCCESS |  
2019-08-21 19:24:15,188 | INFO  | DNAudit | user=null | ip=null | op=WRITE_CHUNK {blockData=conID: 2 locID: 102656603262943751 bcsId: 2512} | ret=SUCCESS |  
2019-08-21 19:24:15,188 | INFO  | DNAudit | user=null | ip=null | op=WRITE_CHUNK {blockData=conID: 2 locID: 102656603262943751 bcsId: 2512} | ret=SUCCESS |  
2019-08-21 19:24:15,189 | INFO  | DNAudit | user=null | ip=null | op=WRITE_CHUNK {blockData=conID: 2 locID: 102656603262943751 bcsId: 2506} | ret=SUCCESS |  
2019-08-21 19:24:15,189 | INFO  | DNAudit | user=null | ip=null | op=WRITE_CHUNK {blockData=conID: 2 locID: 102656603262943751 bcsId: 2506} | ret=SUCCESS |  
2019-08-21 19:24:15,191 | INFO  | SCMAudit | user=jenkins1000 | ip=192.168.69.88 | op=SEND_HEARTBEAT {datanodeUUID=cfaf9666-ca64-459e-bd34-ff7c349f752a, command=[]} | ret=SUCCESS |  
2019-08-21 19:24:15,192 | INFO  | DNAudit | user=null | ip=null | op=PUT_BLOCK {blockData=[blockId=conID: 2 locID: 102656603262943751 bcsId: 0,size=3145728]} | ret=SUCCESS |  
2019-08-21 19:24:15,192 | INFO  | DNAudit | user=null | ip=null | op=PUT_BLOCK {blockData=[blockId=conID: 2 locID: 102656603262943751 bcsId: 0,size=3145728]} | ret=SUCCESS |  
2019-08-21 19:24:15,192 | INFO  | DNAudit | user=null | ip=null | op=WRITE_CHUNK {blockData=conID: 2 locID: 102656603262943751 bcsId: 2512} | ret=SUCCESS |  
2019-08-21 19:24:15,193 | INFO  | DNAudit | user=null | ip=null | op=PUT_BLOCK {blockData=[blockId=conID: 2 locID: 102656603262943751 bcsId: 0,size=4194304]} | ret=SUCCESS |  
2019-08-21 19:24:15,193 [grpc-default-executor-0] INFO  client.GrpcClientProtocolClient (GrpcClientProtocolClient.java:onNext(255)) - client-DA9582518C67->1df8bd03-73ef-4b9c-8622-5dc9d0e29c31: receive RaftClientReply:client-DA9582518C67->1df8bd03-73ef-4b9c-8622-5dc9d0e29c31@group-F45402591F47, cid=1765, SUCCESS, logIndex=2515, commits[1df8bd03-73ef-4b9c-8622-5dc9d0e29c31:c2516, 12aca755-ada5-42df-801b-c61f99d8e8b8:c2512, a308b8bf-0324-43a1-a87f-1e10a96e3042:c2512]
2019-08-21 19:24:15,193 [grpc-default-executor-0] INFO  client.GrpcClientProtocolClient (GrpcClientProtocolClient.java:onNext(255)) - client-DA9582518C67->1df8bd03-73ef-4b9c-8622-5dc9d0e29c31: receive RaftClientReply:client-DA9582518C67->1df8bd03-73ef-4b9c-8622-5dc9d0e29c31@group-F45402591F47, cid=1766, SUCCESS, logIndex=2516, commits[1df8bd03-73ef-4b9c-8622-5dc9d0e29c31:c2516, 12aca755-ada5-42df-801b-c61f99d8e8b8:c2512, a308b8bf-0324-43a1-a87f-1e10a96e3042:c2512]
2019-08-21 19:24:15,201 | INFO  | DNAudit | user=null | ip=null | op=WRITE_CHUNK {blockData=conID: 2 locID: 102656603262943751 bcsId: 2512} | ret=SUCCESS |  
2019-08-21 19:24:15,201 | INFO  | DNAudit | user=null | ip=null | op=WRITE_CHUNK {blockData=conID: 2 locID: 102656603262943751 bcsId: 2512} | ret=SUCCESS |  
2019-08-21 19:24:15,202 | INFO  | DNAudit | user=null | ip=null | op=PUT_BLOCK {blockData=[blockId=conID: 2 locID: 102656603262943751 bcsId: 0,size=4194304]} | ret=SUCCESS |  
2019-08-21 19:24:15,202 | INFO  | DNAudit | user=null | ip=null | op=PUT_BLOCK {blockData=[blockId=conID: 2 locID: 102656603262943751 bcsId: 0,size=4194304]} | ret=SUCCESS |  
2019-08-21 19:24:15,203 [grpc-default-executor-4] INFO  client.GrpcClientProtocolClient (GrpcClientProtocolClient.java:onNext(255)) - client-DA9582518C67->1df8bd03-73ef-4b9c-8622-5dc9d0e29c31: receive RaftClientReply:client-DA9582518C67->1df8bd03-73ef-4b9c-8622-5dc9d0e29c31@group-F45402591F47, cid=1767, SUCCESS, logIndex=0, commits[1df8bd03-73ef-4b9c-8622-5dc9d0e29c31:c2518, 12aca755-ada5-42df-801b-c61f99d8e8b8:c2516, a308b8bf-0324-43a1-a87f-1e10a96e3042:c2516]
2019-08-21 19:24:15,207 | INFO  | SCMAudit | user=jenkins1000 | ip=192.168.69.88 | op=ALLOCATE_BLOCK {owner=a4b1d482-4fe6-4e71-84a6-a95f4ce3f696, size=4194304, type=RATIS, factor=THREE} | ret=SUCCESS |  
2019-08-21 19:24:15,209 | INFO  | OMAudit | user=jenkins1000 | ip=127.0.0.1 | op=ALLOCATE_BLOCK {volume=vol-0-90666, bucket=bucket-0-29336, key=key-0-94354, dataSize=0, replicationType=null, replicationFactor=null, keyLocationInfo=null, clientID=102656601977389458} | ret=SUCCESS |  
2019-08-21 19:24:15,216 | INFO  | DNAudit | user=null | ip=null | op=WRITE_CHUNK {blockData=conID: 3 locID: 102656603272446472 bcsId: 0} | ret=SUCCESS |  
2019-08-21 19:24:15,218 | INFO  | DNAudit | user=null | ip=null | op=WRITE_CHUNK {blockData=conID: 3 locID: 102656603272446472 bcsId: 0} | ret=SUCCESS |  
2019-08-21 19:24:15,219 | INFO  | DNAudit | user=null | ip=null | op=WRITE_CHUNK {blockData=conID: 3 locID: 102656603272446472 bcsId: 0} | ret=SUCCESS |  
2019-08-21 19:24:15,219 | INFO  | DNAudit | user=null | ip=null | op=WRITE_CHUNK {blockData=conID: 3 locID: 102656603272446472 bcsId: 0} | ret=SUCCESS |  
2019-08-21 19:24:15,221 | INFO  | DNAudit | user=null | ip=null | op=WRITE_CHUNK {blockData=conID: 3 locID: 102656603272446472 bcsId: 0} | ret=SUCCESS |  
2019-08-21 19:24:15,221 | INFO  | DNAudit | user=null | ip=null | op=WRITE_CHUNK {blockData=conID: 3 locID: 102656603272446472 bcsId: 0} | ret=SUCCESS |  
2019-08-21 19:24:15,222 | INFO  | DNAudit | user=null | ip=null | op=WRITE_CHUNK {blockData=conID: 3 locID: 102656603272446472 bcsId: 0} | ret=SUCCESS |  
2019-08-21 19:24:15,222 | INFO  | DNAudit | user=null | ip=null | op=PUT_BLOCK {blockData=[blockId=conID: 3 locID: 102656603272446472 bcsId: 0,size=1048576]} | ret=SUCCESS |  
2019-08-21 19:24:15,222 [grpc-default-executor-4] INFO  client.GrpcClientProtocolClient (GrpcClientProtocolClient.java:onNext(255)) - client-DA9582518C67->1df8bd03-73ef-4b9c-8622-5dc9d0e29c31: receive RaftClientReply:client-DA9582518C67->1df8bd03-73ef-4b9c-8622-5dc9d0e29c31@group-F45402591F47, cid=1768, SUCCESS, logIndex=2519, commits[1df8bd03-73ef-4b9c-8622-5dc9d0e29c31:c2520, 12aca755-ada5-42df-801b-c61f99d8e8b8:c2518, a308b8bf-0324-43a1-a87f-1e10a96e3042:c2518]
2019-08-21 19:24:15,223 | INFO  | DNAudit | user=null | ip=null | op=WRITE_CHUNK {blockData=conID: 3 locID: 102656603272446472 bcsId: 0} | ret=SUCCESS |  
2019-08-21 19:24:15,223 | INFO  | DNAudit | user=null | ip=null | op=PUT_BLOCK {blockData=[blockId=conID: 3 locID: 102656603272446472 bcsId: 0,size=2097152]} | ret=SUCCESS |  
2019-08-21 19:24:15,223 [grpc-default-executor-0] INFO  client.GrpcClientProtocolClient (GrpcClientProtocolClient.java:onNext(255)) - client-DA9582518C67->1df8bd03-73ef-4b9c-8622-5dc9d0e29c31: receive RaftClientReply:client-DA9582518C67->1df8bd03-73ef-4b9c-8622-5dc9d0e29c31@group-F45402591F47, cid=1769, SUCCESS, logIndex=2520, commits[1df8bd03-73ef-4b9c-8622-5dc9d0e29c31:c2520, 12aca755-ada5-42df-801b-c61f99d8e8b8:c2518, a308b8bf-0324-43a1-a87f-1e10a96e3042:c2518]
2019-08-21 19:24:15,223 [grpc-default-executor-0] INFO  client.GrpcClientProtocolClient (GrpcClientProtocolClient.java:onNext(255)) - client-DA9582518C67->1df8bd03-73ef-4b9c-8622-5dc9d0e29c31: receive RaftClientReply:client-DA9582518C67->1df8bd03-73ef-4b9c-8622-5dc9d0e29c31@group-F45402591F47, cid=1770, SUCCESS, logIndex=2521, commits[1df8bd03-73ef-4b9c-8622-5dc9d0e29c31:c2522, 12aca755-ada5-42df-801b-c61f99d8e8b8:c2518, a308b8bf-0324-43a1-a87f-1e10a96e3042:c2518]
2019-08-21 19:24:15,224 [grpc-default-executor-0] INFO  client.GrpcClientProtocolClient (GrpcClientProtocolClient.java:onNext(255)) - client-DA9582518C67->1df8bd03-73ef-4b9c-8622-5dc9d0e29c31: receive RaftClientReply:client-DA9582518C67->1df8bd03-73ef-4b9c-8622-5dc9d0e29c31@group-F45402591F47, cid=1771, SUCCESS, logIndex=2522, commits[1df8bd03-73ef-4b9c-8622-5dc9d0e29c31:c2522, 12aca755-ada5-42df-801b-c61f99d8e8b8:c2518, a308b8bf-0324-43a1-a87f-1e10a96e3042:c2518]
2019-08-21 19:24:15,225 | INFO  | DNAudit | user=null | ip=null | op=WRITE_CHUNK {blockData=conID: 3 locID: 102656603272446472 bcsId: 0} | ret=SUCCESS |  
2019-08-21 19:24:15,225 | INFO  | DNAudit | user=null | ip=null | op=WRITE_CHUNK {blockData=conID: 3 locID: 102656603272446472 bcsId: 0} | ret=SUCCESS |  
2019-08-21 19:24:15,226 | INFO  | DNAudit | user=null | ip=null | op=PUT_BLOCK {blockData=[blockId=conID: 3 locID: 102656603272446472 bcsId: 0,size=1048576]} | ret=SUCCESS |  
2019-08-21 19:24:15,226 [grpc-default-executor-0] INFO  client.GrpcClientProtocolClient (GrpcClientProtocolClient.java:onNext(255)) - client-DA9582518C67->1df8bd03-73ef-4b9c-8622-5dc9d0e29c31: receive RaftClientReply:client-DA9582518C67->1df8bd03-73ef-4b9c-8622-5dc9d0e29c31@group-F45402591F47, cid=1772, SUCCESS, logIndex=0, commits[1df8bd03-73ef-4b9c-8622-5dc9d0e29c31:c2523, 12aca755-ada5-42df-801b-c61f99d8e8b8:c2520, a308b8bf-0324-43a1-a87f-1e10a96e3042:c2520]
2019-08-21 19:24:15,226 | INFO  | DNAudit | user=null | ip=null | op=PUT_BLOCK {blockData=[blockId=conID: 3 locID: 102656603272446472 bcsId: 0,size=1048576]} | ret=SUCCESS |  
2019-08-21 19:24:15,231 | INFO  | DNAudit | user=null | ip=null | op=WRITE_CHUNK {blockData=conID: 3 locID: 102656603272446472 bcsId: 2522} | ret=SUCCESS |  
2019-08-21 19:24:15,234 | INFO  | DNAudit | user=null | ip=null | op=WRITE_CHUNK {blockData=conID: 3 locID: 102656603272446472 bcsId: 2522} | ret=SUCCESS |  
2019-08-21 19:24:15,234 | INFO  | DNAudit | user=null | ip=null | op=WRITE_CHUNK {blockData=conID: 3 locID: 102656603272446472 bcsId: 2522} | ret=SUCCESS |  
2019-08-21 19:24:15,247 | INFO  | DNAudit | user=null | ip=null | op=WRITE_CHUNK {blockData=conID: 3 locID: 102656603272446472 bcsId: 0} | ret=SUCCESS |  
2019-08-21 19:24:15,247 | INFO  | DNAudit | user=null | ip=null | op=WRITE_CHUNK {blockData=conID: 3 locID: 102656603272446472 bcsId: 0} | ret=SUCCESS |  
2019-08-21 19:24:15,247 | INFO  | DNAudit | user=null | ip=null | op=PUT_BLOCK {blockData=[blockId=conID: 3 locID: 102656603272446472 bcsId: 0,size=2097152]} | ret=SUCCESS |  
2019-08-21 19:24:15,248 | INFO  | DNAudit | user=null | ip=null | op=PUT_BLOCK {blockData=[blockId=conID: 3 locID: 102656603272446472 bcsId: 0,size=2097152]} | ret=SUCCESS |  
2019-08-21 19:24:15,256 | INFO  | DNAudit | user=null | ip=null | op=WRITE_CHUNK {blockData=conID: 3 locID: 102656603272446472 bcsId: 2522} | ret=SUCCESS |  
2019-08-21 19:24:15,257 | INFO  | DNAudit | user=null | ip=null | op=PUT_BLOCK {blockData=[blockId=conID: 3 locID: 102656603272446472 bcsId: 0,size=3145728]} | ret=SUCCESS |  
2019-08-21 19:24:15,257 [grpc-default-executor-4] INFO  client.GrpcClientProtocolClient (GrpcClientProtocolClient.java:onNext(255)) - client-DA9582518C67->1df8bd03-73ef-4b9c-8622-5dc9d0e29c31: receive RaftClientReply:client-DA9582518C67->1df8bd03-73ef-4b9c-8622-5dc9d0e29c31@group-F45402591F47, cid=1773, SUCCESS, logIndex=2527, commits[1df8bd03-73ef-4b9c-8622-5dc9d0e29c31:c2528, 12aca755-ada5-42df-801b-c61f99d8e8b8:c2523, a308b8bf-0324-43a1-a87f-1e10a96e3042:c2523]
2019-08-21 19:24:15,257 [grpc-default-executor-4] INFO  client.GrpcClientProtocolClient (GrpcClientProtocolClient.java:onNext(255)) - client-DA9582518C67->1df8bd03-73ef-4b9c-8622-5dc9d0e29c31: receive RaftClientReply:client-DA9582518C67->1df8bd03-73ef-4b9c-8622-5dc9d0e29c31@group-F45402591F47, cid=1774, SUCCESS, logIndex=2528, commits[1df8bd03-73ef-4b9c-8622-5dc9d0e29c31:c2528, 12aca755-ada5-42df-801b-c61f99d8e8b8:c2523, a308b8bf-0324-43a1-a87f-1e10a96e3042:c2523]
2019-08-21 19:24:15,257 | INFO  | DNAudit | user=null | ip=null | op=WRITE_CHUNK {blockData=conID: 3 locID: 102656603272446472 bcsId: 2522} | ret=SUCCESS |  
2019-08-21 19:24:15,258 | INFO  | DNAudit | user=null | ip=null | op=PUT_BLOCK {blockData=[blockId=conID: 3 locID: 102656603272446472 bcsId: 0,size=3145728]} | ret=SUCCESS |  
2019-08-21 19:24:15,260 | INFO  | DNAudit | user=null | ip=null | op=WRITE_CHUNK {blockData=conID: 3 locID: 102656603272446472 bcsId: 2522} | ret=SUCCESS |  
2019-08-21 19:24:15,261 | INFO  | DNAudit | user=null | ip=null | op=PUT_BLOCK {blockData=[blockId=conID: 3 locID: 102656603272446472 bcsId: 0,size=3145728]} | ret=SUCCESS |  
2019-08-21 19:24:15,263 | INFO  | DNAudit | user=null | ip=null | op=WRITE_CHUNK {blockData=conID: 3 locID: 102656603272446472 bcsId: 2528} | ret=SUCCESS |  
2019-08-21 19:24:15,265 | INFO  | DNAudit | user=null | ip=null | op=WRITE_CHUNK {blockData=conID: 3 locID: 102656603272446472 bcsId: 2528} | ret=SUCCESS |  
2019-08-21 19:24:15,266 | INFO  | DNAudit | user=null | ip=null | op=WRITE_CHUNK {blockData=conID: 3 locID: 102656603272446472 bcsId: 2528} | ret=SUCCESS |  
2019-08-21 19:24:15,273 | INFO  | DNAudit | user=null | ip=null | op=WRITE_CHUNK {blockData=conID: 3 locID: 102656603272446472 bcsId: 2528} | ret=SUCCESS |  
2019-08-21 19:24:15,274 | INFO  | DNAudit | user=null | ip=null | op=PUT_BLOCK {blockData=[blockId=conID: 3 locID: 102656603272446472 bcsId: 0,size=4194304]} | ret=SUCCESS |  
2019-08-21 19:24:15,274 [grpc-default-executor-5] INFO  client.GrpcClientProtocolClient (GrpcClientProtocolClient.java:onNext(255)) - client-DA9582518C67->1df8bd03-73ef-4b9c-8622-5dc9d0e29c31: receive RaftClientReply:client-DA9582518C67->1df8bd03-73ef-4b9c-8622-5dc9d0e29c31@group-F45402591F47, cid=1775, SUCCESS, logIndex=2531, commits[1df8bd03-73ef-4b9c-8622-5dc9d0e29c31:c2532, 12aca755-ada5-42df-801b-c61f99d8e8b8:c2528, a308b8bf-0324-43a1-a87f-1e10a96e3042:c2529]
2019-08-21 19:24:15,274 [grpc-default-executor-5] INFO  client.GrpcClientProtocolClient (GrpcClientProtocolClient.java:onNext(255)) - client-DA9582518C67->1df8bd03-73ef-4b9c-8622-5dc9d0e29c31: receive RaftClientReply:client-DA9582518C67->1df8bd03-73ef-4b9c-8622-5dc9d0e29c31@group-F45402591F47, cid=1776, SUCCESS, logIndex=2532, commits[1df8bd03-73ef-4b9c-8622-5dc9d0e29c31:c2532, 12aca755-ada5-42df-801b-c61f99d8e8b8:c2528, a308b8bf-0324-43a1-a87f-1e10a96e3042:c2529]
2019-08-21 19:24:15,283 | INFO  | DNAudit | user=null | ip=null | op=WRITE_CHUNK {blockData=conID: 3 locID: 102656603272446472 bcsId: 2528} | ret=SUCCESS |  
2019-08-21 19:24:15,283 | INFO  | DNAudit | user=null | ip=null | op=PUT_BLOCK {blockData=[blockId=conID: 3 locID: 102656603272446472 bcsId: 0,size=4194304]} | ret=SUCCESS |  
2019-08-21 19:24:15,294 | INFO  | DNAudit | user=null | ip=null | op=WRITE_CHUNK {blockData=conID: 3 locID: 102656603272446472 bcsId: 2528} | ret=SUCCESS |  
2019-08-21 19:24:15,294 [grpc-default-executor-5] INFO  client.GrpcClientProtocolClient (GrpcClientProtocolClient.java:onNext(255)) - client-DA9582518C67->1df8bd03-73ef-4b9c-8622-5dc9d0e29c31: receive RaftClientReply:client-DA9582518C67->1df8bd03-73ef-4b9c-8622-5dc9d0e29c31@group-F45402591F47, cid=1777, SUCCESS, logIndex=0, commits[1df8bd03-73ef-4b9c-8622-5dc9d0e29c31:c2533, 12aca755-ada5-42df-801b-c61f99d8e8b8:c2532, a308b8bf-0324-43a1-a87f-1e10a96e3042:c2532]
2019-08-21 19:24:15,294 | INFO  | DNAudit | user=null | ip=null | op=PUT_BLOCK {blockData=[blockId=conID: 3 locID: 102656603272446472 bcsId: 0,size=4194304]} | ret=SUCCESS |  
2019-08-21 19:24:15,298 | INFO  | SCMAudit | user=jenkins1000 | ip=192.168.69.88 | op=ALLOCATE_BLOCK {owner=a4b1d482-4fe6-4e71-84a6-a95f4ce3f696, size=4194304, type=RATIS, factor=THREE} | ret=SUCCESS |  
2019-08-21 19:24:15,300 | INFO  | OMAudit | user=jenkins1000 | ip=127.0.0.1 | op=ALLOCATE_BLOCK {volume=vol-0-90666, bucket=bucket-0-29336, key=key-0-94354, dataSize=0, replicationType=null, replicationFactor=null, keyLocationInfo=null, clientID=102656601977389458} | ret=SUCCESS |  
2019-08-21 19:24:15,307 | INFO  | DNAudit | user=null | ip=null | op=WRITE_CHUNK {blockData=conID: 1 locID: 102656603278410249 bcsId: 0} | ret=SUCCESS |  
2019-08-21 19:24:15,318 | INFO  | DNAudit | user=null | ip=null | op=WRITE_CHUNK {blockData=conID: 1 locID: 102656603278410249 bcsId: 0} | ret=SUCCESS |  
2019-08-21 19:24:15,318 | INFO  | DNAudit | user=null | ip=null | op=WRITE_CHUNK {blockData=conID: 1 locID: 102656603278410249 bcsId: 0} | ret=SUCCESS |  
2019-08-21 19:24:15,318 | INFO  | DNAudit | user=null | ip=null | op=WRITE_CHUNK {blockData=conID: 1 locID: 102656603278410249 bcsId: 0} | ret=SUCCESS |  
2019-08-21 19:24:15,318 | INFO  | DNAudit | user=null | ip=null | op=WRITE_CHUNK {blockData=conID: 1 locID: 102656603278410249 bcsId: 0} | ret=SUCCESS |  
2019-08-21 19:24:15,319 | INFO  | DNAudit | user=null | ip=null | op=WRITE_CHUNK {blockData=conID: 1 locID: 102656603278410249 bcsId: 0} | ret=SUCCESS |  
2019-08-21 19:24:15,320 | INFO  | DNAudit | user=null | ip=null | op=WRITE_CHUNK {blockData=conID: 1 locID: 102656603278410249 bcsId: 0} | ret=SUCCESS |  
2019-08-21 19:24:15,320 | INFO  | DNAudit | user=null | ip=null | op=PUT_BLOCK {blockData=[blockId=conID: 1 locID: 102656603278410249 bcsId: 0,size=1048576]} | ret=SUCCESS |  
2019-08-21 19:24:15,321 | INFO  | DNAudit | user=null | ip=null | op=WRITE_CHUNK {blockData=conID: 1 locID: 102656603278410249 bcsId: 0} | ret=SUCCESS |  
2019-08-21 19:24:15,321 [grpc-default-executor-5] INFO  client.GrpcClientProtocolClient (GrpcClientProtocolClient.java:onNext(255)) - client-DA9582518C67->1df8bd03-73ef-4b9c-8622-5dc9d0e29c31: receive RaftClientReply:client-DA9582518C67->1df8bd03-73ef-4b9c-8622-5dc9d0e29c31@group-F45402591F47, cid=1778, SUCCESS, logIndex=2535, commits[1df8bd03-73ef-4b9c-8622-5dc9d0e29c31:c2538, 12aca755-ada5-42df-801b-c61f99d8e8b8:c2534, a308b8bf-0324-43a1-a87f-1e10a96e3042:c2532]
2019-08-21 19:24:15,321 | INFO  | DNAudit | user=null | ip=null | op=PUT_BLOCK {blockData=[blockId=conID: 1 locID: 102656603278410249 bcsId: 0,size=2097152]} | ret=SUCCESS |  
2019-08-21 19:24:15,321 [grpc-default-executor-5] INFO  client.GrpcClientProtocolClient (GrpcClientProtocolClient.java:onNext(255)) - client-DA9582518C67->1df8bd03-73ef-4b9c-8622-5dc9d0e29c31: receive RaftClientReply:client-DA9582518C67->1df8bd03-73ef-4b9c-8622-5dc9d0e29c31@group-F45402591F47, cid=1779, SUCCESS, logIndex=2536, commits[1df8bd03-73ef-4b9c-8622-5dc9d0e29c31:c2538, 12aca755-ada5-42df-801b-c61f99d8e8b8:c2534, a308b8bf-0324-43a1-a87f-1e10a96e3042:c2534]
2019-08-21 19:24:15,321 | INFO  | DNAudit | user=null | ip=null | op=WRITE_CHUNK {blockData=conID: 1 locID: 102656603278410249 bcsId: 0} | ret=SUCCESS |  
2019-08-21 19:24:15,321 [grpc-default-executor-4] INFO  client.GrpcClientProtocolClient (GrpcClientProtocolClient.java:onNext(255)) - client-DA9582518C67->1df8bd03-73ef-4b9c-8622-5dc9d0e29c31: receive RaftClientReply:client-DA9582518C67->1df8bd03-73ef-4b9c-8622-5dc9d0e29c31@group-F45402591F47, cid=1780, SUCCESS, logIndex=2537, commits[1df8bd03-73ef-4b9c-8622-5dc9d0e29c31:c2538, 12aca755-ada5-42df-801b-c61f99d8e8b8:c2534, a308b8bf-0324-43a1-a87f-1e10a96e3042:c2534]
2019-08-21 19:24:15,321 | INFO  | DNAudit | user=null | ip=null | op=PUT_BLOCK {blockData=[blockId=conID: 1 locID: 102656603278410249 bcsId: 0,size=1048576]} | ret=SUCCESS |  
2019-08-21 19:24:15,321 [grpc-default-executor-4] INFO  client.GrpcClientProtocolClient (GrpcClientProtocolClient.java:onNext(255)) - client-DA9582518C67->1df8bd03-73ef-4b9c-8622-5dc9d0e29c31: receive RaftClientReply:client-DA9582518C67->1df8bd03-73ef-4b9c-8622-5dc9d0e29c31@group-F45402591F47, cid=1781, SUCCESS, logIndex=2538, commits[1df8bd03-73ef-4b9c-8622-5dc9d0e29c31:c2538, 12aca755-ada5-42df-801b-c61f99d8e8b8:c2534, a308b8bf-0324-43a1-a87f-1e10a96e3042:c2534]
2019-08-21 19:24:15,323 | INFO  | DNAudit | user=null | ip=null | op=WRITE_CHUNK {blockData=conID: 1 locID: 102656603278410249 bcsId: 0} | ret=SUCCESS |  
2019-08-21 19:24:15,324 | INFO  | DNAudit | user=null | ip=null | op=PUT_BLOCK {blockData=[blockId=conID: 1 locID: 102656603278410249 bcsId: 0,size=1048576]} | ret=SUCCESS |  
2019-08-21 19:24:15,324 [grpc-default-executor-4] INFO  client.GrpcClientProtocolClient (GrpcClientProtocolClient.java:onNext(255)) - client-DA9582518C67->1df8bd03-73ef-4b9c-8622-5dc9d0e29c31: receive RaftClientReply:client-DA9582518C67->1df8bd03-73ef-4b9c-8622-5dc9d0e29c31@group-F45402591F47, cid=1782, SUCCESS, logIndex=0, commits[1df8bd03-73ef-4b9c-8622-5dc9d0e29c31:c2539, 12aca755-ada5-42df-801b-c61f99d8e8b8:c2536, a308b8bf-0324-43a1-a87f-1e10a96e3042:c2536]
2019-08-21 19:24:15,329 | INFO  | DNAudit | user=null | ip=null | op=WRITE_CHUNK {blockData=conID: 1 locID: 102656603278410249 bcsId: 2538} | ret=SUCCESS |  
2019-08-21 19:24:15,332 | INFO  | DNAudit | user=null | ip=null | op=WRITE_CHUNK {blockData=conID: 1 locID: 102656603278410249 bcsId: 2538} | ret=SUCCESS |  
2019-08-21 19:24:15,332 | INFO  | DNAudit | user=null | ip=null | op=WRITE_CHUNK {blockData=conID: 1 locID: 102656603278410249 bcsId: 2538} | ret=SUCCESS |  
2019-08-21 19:24:15,335 | INFO  | DNAudit | user=null | ip=null | op=WRITE_CHUNK {blockData=conID: 1 locID: 102656603278410249 bcsId: 0} | ret=SUCCESS |  
2019-08-21 19:24:15,335 | INFO  | DNAudit | user=null | ip=null | op=PUT_BLOCK {blockData=[blockId=conID: 1 locID: 102656603278410249 bcsId: 0,size=2097152]} | ret=SUCCESS |  
2019-08-21 19:24:15,337 | INFO  | DNAudit | user=null | ip=null | op=WRITE_CHUNK {blockData=conID: 1 locID: 102656603278410249 bcsId: 0} | ret=SUCCESS |  
2019-08-21 19:24:15,337 | INFO  | DNAudit | user=null | ip=null | op=PUT_BLOCK {blockData=[blockId=conID: 1 locID: 102656603278410249 bcsId: 0,size=2097152]} | ret=SUCCESS |  
2019-08-21 19:24:15,348 | INFO  | DNAudit | user=null | ip=null | op=WRITE_CHUNK {blockData=conID: 1 locID: 102656603278410249 bcsId: 2538} | ret=SUCCESS |  
2019-08-21 19:24:15,348 | INFO  | DNAudit | user=null | ip=null | op=PUT_BLOCK {blockData=[blockId=conID: 1 locID: 102656603278410249 bcsId: 0,size=3145728]} | ret=SUCCESS |  
2019-08-21 19:24:15,348 [grpc-default-executor-4] INFO  client.GrpcClientProtocolClient (GrpcClientProtocolClient.java:onNext(255)) - client-DA9582518C67->1df8bd03-73ef-4b9c-8622-5dc9d0e29c31: receive RaftClientReply:client-DA9582518C67->1df8bd03-73ef-4b9c-8622-5dc9d0e29c31@group-F45402591F47, cid=1783, SUCCESS, logIndex=2543, commits[1df8bd03-73ef-4b9c-8622-5dc9d0e29c31:c2544, 12aca755-ada5-42df-801b-c61f99d8e8b8:c2539, a308b8bf-0324-43a1-a87f-1e10a96e3042:c2539]
2019-08-21 19:24:15,349 [grpc-default-executor-4] INFO  client.GrpcClientProtocolClient (GrpcClientProtocolClient.java:onNext(255)) - client-DA9582518C67->1df8bd03-73ef-4b9c-8622-5dc9d0e29c31: receive RaftClientReply:client-DA9582518C67->1df8bd03-73ef-4b9c-8622-5dc9d0e29c31@group-F45402591F47, cid=1784, SUCCESS, logIndex=2544, commits[1df8bd03-73ef-4b9c-8622-5dc9d0e29c31:c2544, 12aca755-ada5-42df-801b-c61f99d8e8b8:c2539, a308b8bf-0324-43a1-a87f-1e10a96e3042:c2539]
2019-08-21 19:24:15,354 | INFO  | DNAudit | user=null | ip=null | op=WRITE_CHUNK {blockData=conID: 1 locID: 102656603278410249 bcsId: 2544} | ret=SUCCESS |  
2019-08-21 19:24:15,357 | INFO  | DNAudit | user=null | ip=null | op=WRITE_CHUNK {blockData=conID: 1 locID: 102656603278410249 bcsId: 2544} | ret=SUCCESS |  
2019-08-21 19:24:15,357 | INFO  | DNAudit | user=null | ip=null | op=WRITE_CHUNK {blockData=conID: 1 locID: 102656603278410249 bcsId: 2544} | ret=SUCCESS |  
2019-08-21 19:24:15,361 | INFO  | DNAudit | user=null | ip=null | op=WRITE_CHUNK {blockData=conID: 1 locID: 102656603278410249 bcsId: 2538} | ret=SUCCESS |  
2019-08-21 19:24:15,361 | INFO  | DNAudit | user=null | ip=null | op=WRITE_CHUNK {blockData=conID: 1 locID: 102656603278410249 bcsId: 2538} | ret=SUCCESS |  
2019-08-21 19:24:15,361 | INFO  | DNAudit | user=null | ip=null | op=PUT_BLOCK {blockData=[blockId=conID: 1 locID: 102656603278410249 bcsId: 0,size=3145728]} | ret=SUCCESS |  
2019-08-21 19:24:15,361 | INFO  | DNAudit | user=null | ip=null | op=PUT_BLOCK {blockData=[blockId=conID: 1 locID: 102656603278410249 bcsId: 0,size=3145728]} | ret=SUCCESS |  
2019-08-21 19:24:15,364 | INFO  | DNAudit | user=null | ip=null | op=WRITE_CHUNK {blockData=conID: 1 locID: 102656603278410249 bcsId: 2544} | ret=SUCCESS |  
2019-08-21 19:24:15,364 | INFO  | DNAudit | user=null | ip=null | op=PUT_BLOCK {blockData=[blockId=conID: 1 locID: 102656603278410249 bcsId: 0,size=4194304]} | ret=SUCCESS |  
2019-08-21 19:24:15,368 [grpc-default-executor-5] INFO  client.GrpcClientProtocolClient (GrpcClientProtocolClient.java:onNext(255)) - client-DA9582518C67->1df8bd03-73ef-4b9c-8622-5dc9d0e29c31: receive RaftClientReply:client-DA9582518C67->1df8bd03-73ef-4b9c-8622-5dc9d0e29c31@group-F45402591F47, cid=1785, SUCCESS, logIndex=2547, commits[1df8bd03-73ef-4b9c-8622-5dc9d0e29c31:c2548, 12aca755-ada5-42df-801b-c61f99d8e8b8:c2544, a308b8bf-0324-43a1-a87f-1e10a96e3042:c2544]
2019-08-21 19:24:15,369 [grpc-default-executor-5] INFO  client.GrpcClientProtocolClient (GrpcClientProtocolClient.java:onNext(255)) - client-DA9582518C67->1df8bd03-73ef-4b9c-8622-5dc9d0e29c31: receive RaftClientReply:client-DA9582518C67->1df8bd03-73ef-4b9c-8622-5dc9d0e29c31@group-F45402591F47, cid=1786, SUCCESS, logIndex=2548, commits[1df8bd03-73ef-4b9c-8622-5dc9d0e29c31:c2548, 12aca755-ada5-42df-801b-c61f99d8e8b8:c2544, a308b8bf-0324-43a1-a87f-1e10a96e3042:c2544]
2019-08-21 19:24:15,375 | INFO  | DNAudit | user=null | ip=null | op=WRITE_CHUNK {blockData=conID: 1 locID: 102656603278410249 bcsId: 2544} | ret=SUCCESS |  
2019-08-21 19:24:15,376 | INFO  | DNAudit | user=null | ip=null | op=PUT_BLOCK {blockData=[blockId=conID: 1 locID: 102656603278410249 bcsId: 0,size=4194304]} | ret=SUCCESS |  
2019-08-21 19:24:15,376 | INFO  | DNAudit | user=null | ip=null | op=WRITE_CHUNK {blockData=conID: 1 locID: 102656603278410249 bcsId: 2544} | ret=SUCCESS |  
2019-08-21 19:24:15,376 | INFO  | DNAudit | user=null | ip=null | op=PUT_BLOCK {blockData=[blockId=conID: 1 locID: 102656603278410249 bcsId: 0,size=4194304]} | ret=SUCCESS |  
2019-08-21 19:24:15,377 [grpc-default-executor-5] INFO  client.GrpcClientProtocolClient (GrpcClientProtocolClient.java:onNext(255)) - client-DA9582518C67->1df8bd03-73ef-4b9c-8622-5dc9d0e29c31: receive RaftClientReply:client-DA9582518C67->1df8bd03-73ef-4b9c-8622-5dc9d0e29c31@group-F45402591F47, cid=1787, SUCCESS, logIndex=0, commits[1df8bd03-73ef-4b9c-8622-5dc9d0e29c31:c2549, 12aca755-ada5-42df-801b-c61f99d8e8b8:c2548, a308b8bf-0324-43a1-a87f-1e10a96e3042:c2548]
2019-08-21 19:24:15,381 | INFO  | SCMAudit | user=jenkins1000 | ip=192.168.69.88 | op=ALLOCATE_BLOCK {owner=a4b1d482-4fe6-4e71-84a6-a95f4ce3f696, size=4194304, type=RATIS, factor=THREE} | ret=SUCCESS |  
2019-08-21 19:24:15,383 | INFO  | OMAudit | user=jenkins1000 | ip=127.0.0.1 | op=ALLOCATE_BLOCK {volume=vol-0-90666, bucket=bucket-0-29336, key=key-0-94354, dataSize=0, replicationType=null, replicationFactor=null, keyLocationInfo=null, clientID=102656601977389458} | ret=SUCCESS |  
2019-08-21 19:24:15,389 | INFO  | DNAudit | user=null | ip=null | op=WRITE_CHUNK {blockData=conID: 2 locID: 102656603283849738 bcsId: 0} | ret=SUCCESS |  
2019-08-21 19:24:15,402 | INFO  | DNAudit | user=null | ip=null | op=WRITE_CHUNK {blockData=conID: 2 locID: 102656603283849738 bcsId: 0} | ret=SUCCESS |  
2019-08-21 19:24:15,402 | INFO  | DNAudit | user=null | ip=null | op=WRITE_CHUNK {blockData=conID: 2 locID: 102656603283849738 bcsId: 0} | ret=SUCCESS |  
2019-08-21 19:24:15,402 | INFO  | DNAudit | user=null | ip=null | op=WRITE_CHUNK {blockData=conID: 2 locID: 102656603283849738 bcsId: 0} | ret=SUCCESS |  
2019-08-21 19:24:15,402 | INFO  | DNAudit | user=null | ip=null | op=WRITE_CHUNK {blockData=conID: 2 locID: 102656603283849738 bcsId: 0} | ret=SUCCESS |  
2019-08-21 19:24:15,402 | INFO  | DNAudit | user=null | ip=null | op=WRITE_CHUNK {blockData=conID: 2 locID: 102656603283849738 bcsId: 0} | ret=SUCCESS |  
2019-08-21 19:24:15,426 | INFO  | DNAudit | user=null | ip=null | op=WRITE_CHUNK {blockData=conID: 2 locID: 102656603283849738 bcsId: 0} | ret=SUCCESS |  
2019-08-21 19:24:15,426 | INFO  | DNAudit | user=null | ip=null | op=PUT_BLOCK {blockData=[blockId=conID: 2 locID: 102656603283849738 bcsId: 0,size=1048576]} | ret=SUCCESS |  
2019-08-21 19:24:15,426 [grpc-default-executor-0] INFO  client.GrpcClientProtocolClient (GrpcClientProtocolClient.java:onNext(255)) - client-DA9582518C67->1df8bd03-73ef-4b9c-8622-5dc9d0e29c31: receive RaftClientReply:client-DA9582518C67->1df8bd03-73ef-4b9c-8622-5dc9d0e29c31@group-F45402591F47, cid=1788, SUCCESS, logIndex=2550, commits[1df8bd03-73ef-4b9c-8622-5dc9d0e29c31:c2552, 12aca755-ada5-42df-801b-c61f99d8e8b8:c2549, a308b8bf-0324-43a1-a87f-1e10a96e3042:c2549]
2019-08-21 19:24:15,427 | INFO  | DNAudit | user=null | ip=null | op=WRITE_CHUNK {blockData=conID: 2 locID: 102656603283849738 bcsId: 0} | ret=SUCCESS |  
2019-08-21 19:24:15,427 [grpc-default-executor-0] INFO  client.GrpcClientProtocolClient (GrpcClientProtocolClient.java:onNext(255)) - client-DA9582518C67->1df8bd03-73ef-4b9c-8622-5dc9d0e29c31: receive RaftClientReply:client-DA9582518C67->1df8bd03-73ef-4b9c-8622-5dc9d0e29c31@group-F45402591F47, cid=1789, SUCCESS, logIndex=2551, commits[1df8bd03-73ef-4b9c-8622-5dc9d0e29c31:c2553, 12aca755-ada5-42df-801b-c61f99d8e8b8:c2549, a308b8bf-0324-43a1-a87f-1e10a96e3042:c2549]
2019-08-21 19:24:15,427 | INFO  | DNAudit | user=null | ip=null | op=PUT_BLOCK {blockData=[blockId=conID: 2 locID: 102656603283849738 bcsId: 0,size=2097152]} | ret=SUCCESS |  
2019-08-21 19:24:15,427 [grpc-default-executor-0] INFO  client.GrpcClientProtocolClient (GrpcClientProtocolClient.java:onNext(255)) - client-DA9582518C67->1df8bd03-73ef-4b9c-8622-5dc9d0e29c31: receive RaftClientReply:client-DA9582518C67->1df8bd03-73ef-4b9c-8622-5dc9d0e29c31@group-F45402591F47, cid=1790, SUCCESS, logIndex=2552, commits[1df8bd03-73ef-4b9c-8622-5dc9d0e29c31:c2553, 12aca755-ada5-42df-801b-c61f99d8e8b8:c2549, a308b8bf-0324-43a1-a87f-1e10a96e3042:c2549]
2019-08-21 19:24:15,428 [grpc-default-executor-0] INFO  client.GrpcClientProtocolClient (GrpcClientProtocolClient.java:onNext(255)) - client-DA9582518C67->1df8bd03-73ef-4b9c-8622-5dc9d0e29c31: receive RaftClientReply:client-DA9582518C67->1df8bd03-73ef-4b9c-8622-5dc9d0e29c31@group-F45402591F47, cid=1791, SUCCESS, logIndex=2553, commits[1df8bd03-73ef-4b9c-8622-5dc9d0e29c31:c2553, 12aca755-ada5-42df-801b-c61f99d8e8b8:c2549, a308b8bf-0324-43a1-a87f-1e10a96e3042:c2549]
2019-08-21 19:24:15,432 | INFO  | DNAudit | user=null | ip=null | op=WRITE_CHUNK {blockData=conID: 2 locID: 102656603283849738 bcsId: 0} | ret=SUCCESS |  
2019-08-21 19:24:15,432 | INFO  | DNAudit | user=null | ip=null | op=WRITE_CHUNK {blockData=conID: 2 locID: 102656603283849738 bcsId: 0} | ret=SUCCESS |  
2019-08-21 19:24:15,432 | INFO  | DNAudit | user=null | ip=null | op=PUT_BLOCK {blockData=[blockId=conID: 2 locID: 102656603283849738 bcsId: 0,size=1048576]} | ret=SUCCESS |  
2019-08-21 19:24:15,432 | INFO  | DNAudit | user=null | ip=null | op=PUT_BLOCK {blockData=[blockId=conID: 2 locID: 102656603283849738 bcsId: 0,size=1048576]} | ret=SUCCESS |  
2019-08-21 19:24:15,432 [grpc-default-executor-5] INFO  client.GrpcClientProtocolClient (GrpcClientProtocolClient.java:onNext(255)) - client-DA9582518C67->1df8bd03-73ef-4b9c-8622-5dc9d0e29c31: receive RaftClientReply:client-DA9582518C67->1df8bd03-73ef-4b9c-8622-5dc9d0e29c31@group-F45402591F47, cid=1792, SUCCESS, logIndex=0, commits[1df8bd03-73ef-4b9c-8622-5dc9d0e29c31:c2554, 12aca755-ada5-42df-801b-c61f99d8e8b8:c2551, a308b8bf-0324-43a1-a87f-1e10a96e3042:c2551]
2019-08-21 19:24:15,435 | INFO  | DNAudit | user=null | ip=null | op=WRITE_CHUNK {blockData=conID: 2 locID: 102656603283849738 bcsId: 0} | ret=SUCCESS |  
2019-08-21 19:24:15,435 | INFO  | DNAudit | user=null | ip=null | op=WRITE_CHUNK {blockData=conID: 2 locID: 102656603283849738 bcsId: 0} | ret=SUCCESS |  
2019-08-21 19:24:15,435 | INFO  | DNAudit | user=null | ip=null | op=PUT_BLOCK {blockData=[blockId=conID: 2 locID: 102656603283849738 bcsId: 0,size=2097152]} | ret=SUCCESS |  
2019-08-21 19:24:15,435 | INFO  | DNAudit | user=null | ip=null | op=PUT_BLOCK {blockData=[blockId=conID: 2 locID: 102656603283849738 bcsId: 0,size=2097152]} | ret=SUCCESS |  
2019-08-21 19:24:15,437 | INFO  | DNAudit | user=null | ip=null | op=WRITE_CHUNK {blockData=conID: 2 locID: 102656603283849738 bcsId: 2553} | ret=SUCCESS |  
2019-08-21 19:24:15,440 | INFO  | DNAudit | user=null | ip=null | op=WRITE_CHUNK {blockData=conID: 2 locID: 102656603283849738 bcsId: 2553} | ret=SUCCESS |  
2019-08-21 19:24:15,440 | INFO  | DNAudit | user=null | ip=null | op=WRITE_CHUNK {blockData=conID: 2 locID: 102656603283849738 bcsId: 2553} | ret=SUCCESS |  
2019-08-21 19:24:15,444 | INFO  | DNAudit | user=null | ip=null | op=WRITE_CHUNK {blockData=conID: 2 locID: 102656603283849738 bcsId: 2553} | ret=SUCCESS |  
2019-08-21 19:24:15,445 | INFO  | DNAudit | user=null | ip=null | op=PUT_BLOCK {blockData=[blockId=conID: 2 locID: 102656603283849738 bcsId: 0,size=3145728]} | ret=SUCCESS |  
2019-08-21 19:24:15,444 [grpc-default-executor-0] INFO  client.GrpcClientProtocolClient (GrpcClientProtocolClient.java:onNext(255)) - client-DA9582518C67->1df8bd03-73ef-4b9c-8622-5dc9d0e29c31: receive RaftClientReply:client-DA9582518C67->1df8bd03-73ef-4b9c-8622-5dc9d0e29c31@group-F45402591F47, cid=1793, SUCCESS, logIndex=2558, commits[1df8bd03-73ef-4b9c-8622-5dc9d0e29c31:c2559, 12aca755-ada5-42df-801b-c61f99d8e8b8:c2557, a308b8bf-0324-43a1-a87f-1e10a96e3042:c2557]
2019-08-21 19:24:15,445 [grpc-default-executor-0] INFO  client.GrpcClientProtocolClient (GrpcClientProtocolClient.java:onNext(255)) - client-DA9582518C67->1df8bd03-73ef-4b9c-8622-5dc9d0e29c31: receive RaftClientReply:client-DA9582518C67->1df8bd03-73ef-4b9c-8622-5dc9d0e29c31@group-F45402591F47, cid=1794, SUCCESS, logIndex=2559, commits[1df8bd03-73ef-4b9c-8622-5dc9d0e29c31:c2559, 12aca755-ada5-42df-801b-c61f99d8e8b8:c2557, a308b8bf-0324-43a1-a87f-1e10a96e3042:c2557]
2019-08-21 19:24:15,449 | INFO  | DNAudit | user=null | ip=null | op=WRITE_CHUNK {blockData=conID: 2 locID: 102656603283849738 bcsId: 2553} | ret=SUCCESS |  
2019-08-21 19:24:15,449 | INFO  | DNAudit | user=null | ip=null | op=WRITE_CHUNK {blockData=conID: 2 locID: 102656603283849738 bcsId: 2553} | ret=SUCCESS |  
2019-08-21 19:24:15,449 | INFO  | DNAudit | user=null | ip=null | op=PUT_BLOCK {blockData=[blockId=conID: 2 locID: 102656603283849738 bcsId: 0,size=3145728]} | ret=SUCCESS |  
2019-08-21 19:24:15,450 | INFO  | DNAudit | user=null | ip=null | op=WRITE_CHUNK {blockData=conID: 2 locID: 102656603283849738 bcsId: 2559} | ret=SUCCESS |  
2019-08-21 19:24:15,452 | INFO  | DNAudit | user=null | ip=null | op=PUT_BLOCK {blockData=[blockId=conID: 2 locID: 102656603283849738 bcsId: 0,size=3145728]} | ret=SUCCESS |  
2019-08-21 19:24:15,452 | INFO  | DNAudit | user=null | ip=null | op=WRITE_CHUNK {blockData=conID: 2 locID: 102656603283849738 bcsId: 2559} | ret=SUCCESS |  
2019-08-21 19:24:15,452 | INFO  | DNAudit | user=null | ip=null | op=WRITE_CHUNK {blockData=conID: 2 locID: 102656603283849738 bcsId: 2559} | ret=SUCCESS |  
2019-08-21 19:24:15,464 | INFO  | DNAudit | user=null | ip=null | op=WRITE_CHUNK {blockData=conID: 2 locID: 102656603283849738 bcsId: 2559} | ret=SUCCESS |  
2019-08-21 19:24:15,464 | INFO  | DNAudit | user=null | ip=null | op=PUT_BLOCK {blockData=[blockId=conID: 2 locID: 102656603283849738 bcsId: 0,size=4194304]} | ret=SUCCESS |  
2019-08-21 19:24:15,465 [grpc-default-executor-4] INFO  client.GrpcClientProtocolClient (GrpcClientProtocolClient.java:onNext(255)) - client-DA9582518C67->1df8bd03-73ef-4b9c-8622-5dc9d0e29c31: receive RaftClientReply:client-DA9582518C67->1df8bd03-73ef-4b9c-8622-5dc9d0e29c31@group-F45402591F47, cid=1795, SUCCESS, logIndex=2562, commits[1df8bd03-73ef-4b9c-8622-5dc9d0e29c31:c2563, 12aca755-ada5-42df-801b-c61f99d8e8b8:c2559, a308b8bf-0324-43a1-a87f-1e10a96e3042:c2559]
2019-08-21 19:24:15,465 [grpc-default-executor-4] INFO  client.GrpcClientProtocolClient (GrpcClientProtocolClient.java:onNext(255)) - client-DA9582518C67->1df8bd03-73ef-4b9c-8622-5dc9d0e29c31: receive RaftClientReply:client-DA9582518C67->1df8bd03-73ef-4b9c-8622-5dc9d0e29c31@group-F45402591F47, cid=1796, SUCCESS, logIndex=2563, commits[1df8bd03-73ef-4b9c-8622-5dc9d0e29c31:c2563, 12aca755-ada5-42df-801b-c61f99d8e8b8:c2559, a308b8bf-0324-43a1-a87f-1e10a96e3042:c2559]
2019-08-21 19:24:15,477 | INFO  | DNAudit | user=null | ip=null | op=WRITE_CHUNK {blockData=conID: 2 locID: 102656603283849738 bcsId: 2559} | ret=SUCCESS |  
2019-08-21 19:24:15,477 | INFO  | DNAudit | user=null | ip=null | op=WRITE_CHUNK {blockData=conID: 2 locID: 102656603283849738 bcsId: 2559} | ret=SUCCESS |  
2019-08-21 19:24:15,488 | INFO  | DNAudit | user=null | ip=null | op=PUT_BLOCK {blockData=[blockId=conID: 2 locID: 102656603283849738 bcsId: 0,size=4194304]} | ret=SUCCESS |  
2019-08-21 19:24:15,489 | INFO  | DNAudit | user=null | ip=null | op=PUT_BLOCK {blockData=[blockId=conID: 2 locID: 102656603283849738 bcsId: 0,size=4194304]} | ret=SUCCESS |  
2019-08-21 19:24:15,489 [grpc-default-executor-4] INFO  client.GrpcClientProtocolClient (GrpcClientProtocolClient.java:onNext(255)) - client-DA9582518C67->1df8bd03-73ef-4b9c-8622-5dc9d0e29c31: receive RaftClientReply:client-DA9582518C67->1df8bd03-73ef-4b9c-8622-5dc9d0e29c31@group-F45402591F47, cid=1797, SUCCESS, logIndex=0, commits[1df8bd03-73ef-4b9c-8622-5dc9d0e29c31:c2565, 12aca755-ada5-42df-801b-c61f99d8e8b8:c2563, a308b8bf-0324-43a1-a87f-1e10a96e3042:c2563]
2019-08-21 19:24:15,493 | INFO  | SCMAudit | user=jenkins1000 | ip=192.168.69.88 | op=ALLOCATE_BLOCK {owner=a4b1d482-4fe6-4e71-84a6-a95f4ce3f696, size=4194304, type=RATIS, factor=THREE} | ret=SUCCESS |  
2019-08-21 19:24:15,496 | INFO  | OMAudit | user=jenkins1000 | ip=127.0.0.1 | op=ALLOCATE_BLOCK {volume=vol-0-90666, bucket=bucket-0-29336, key=key-0-94354, dataSize=0, replicationType=null, replicationFactor=null, keyLocationInfo=null, clientID=102656601977389458} | ret=SUCCESS |  
2019-08-21 19:24:15,501 | INFO  | DNAudit | user=null | ip=null | op=WRITE_CHUNK {blockData=conID: 3 locID: 102656603291124235 bcsId: 0} | ret=SUCCESS |  
2019-08-21 19:24:15,503 | INFO  | DNAudit | user=null | ip=null | op=WRITE_CHUNK {blockData=conID: 3 locID: 102656603291124235 bcsId: 0} | ret=SUCCESS |  
2019-08-21 19:24:15,504 | INFO  | DNAudit | user=null | ip=null | op=WRITE_CHUNK {blockData=conID: 3 locID: 102656603291124235 bcsId: 0} | ret=SUCCESS |  
2019-08-21 19:24:15,505 | INFO  | DNAudit | user=null | ip=null | op=WRITE_CHUNK {blockData=conID: 3 locID: 102656603291124235 bcsId: 0} | ret=SUCCESS |  
2019-08-21 19:24:15,506 | INFO  | DNAudit | user=null | ip=null | op=WRITE_CHUNK {blockData=conID: 3 locID: 102656603291124235 bcsId: 0} | ret=SUCCESS |  
2019-08-21 19:24:15,507 | INFO  | DNAudit | user=null | ip=null | op=WRITE_CHUNK {blockData=conID: 3 locID: 102656603291124235 bcsId: 0} | ret=SUCCESS |  
2019-08-21 19:24:15,510 | INFO  | DNAudit | user=null | ip=null | op=WRITE_CHUNK {blockData=conID: 3 locID: 102656603291124235 bcsId: 0} | ret=SUCCESS |  
2019-08-21 19:24:15,511 | INFO  | DNAudit | user=null | ip=null | op=PUT_BLOCK {blockData=[blockId=conID: 3 locID: 102656603291124235 bcsId: 0,size=1048576]} | ret=SUCCESS |  
2019-08-21 19:24:15,511 [grpc-default-executor-4] INFO  client.GrpcClientProtocolClient (GrpcClientProtocolClient.java:onNext(255)) - client-DA9582518C67->1df8bd03-73ef-4b9c-8622-5dc9d0e29c31: receive RaftClientReply:client-DA9582518C67->1df8bd03-73ef-4b9c-8622-5dc9d0e29c31@group-F45402591F47, cid=1798, SUCCESS, logIndex=2566, commits[1df8bd03-73ef-4b9c-8622-5dc9d0e29c31:c2567, 12aca755-ada5-42df-801b-c61f99d8e8b8:c2565, a308b8bf-0324-43a1-a87f-1e10a96e3042:c2565]
2019-08-21 19:24:15,511 [grpc-default-executor-4] INFO  client.GrpcClientProtocolClient (GrpcClientProtocolClient.java:onNext(255)) - client-DA9582518C67->1df8bd03-73ef-4b9c-8622-5dc9d0e29c31: receive RaftClientReply:client-DA9582518C67->1df8bd03-73ef-4b9c-8622-5dc9d0e29c31@group-F45402591F47, cid=1799, SUCCESS, logIndex=2567, commits[1df8bd03-73ef-4b9c-8622-5dc9d0e29c31:c2567, 12aca755-ada5-42df-801b-c61f99d8e8b8:c2565, a308b8bf-0324-43a1-a87f-1e10a96e3042:c2565]
2019-08-21 19:24:15,515 | INFO  | DNAudit | user=null | ip=null | op=WRITE_CHUNK {blockData=conID: 3 locID: 102656603291124235 bcsId: 0} | ret=SUCCESS |  
2019-08-21 19:24:15,516 | INFO  | DNAudit | user=null | ip=null | op=PUT_BLOCK {blockData=[blockId=conID: 3 locID: 102656603291124235 bcsId: 0,size=2097152]} | ret=SUCCESS |  
2019-08-21 19:24:15,516 [grpc-default-executor-4] INFO  client.GrpcClientProtocolClient (GrpcClientProtocolClient.java:onNext(255)) - client-DA9582518C67->1df8bd03-73ef-4b9c-8622-5dc9d0e29c31: receive RaftClientReply:client-DA9582518C67->1df8bd03-73ef-4b9c-8622-5dc9d0e29c31@group-F45402591F47, cid=1800, SUCCESS, logIndex=2568, commits[1df8bd03-73ef-4b9c-8622-5dc9d0e29c31:c2569, 12aca755-ada5-42df-801b-c61f99d8e8b8:c2565, a308b8bf-0324-43a1-a87f-1e10a96e3042:c2565]
2019-08-21 19:24:15,516 | INFO  | DNAudit | user=null | ip=null | op=WRITE_CHUNK {blockData=conID: 3 locID: 102656603291124235 bcsId: 0} | ret=SUCCESS |  
2019-08-21 19:24:15,516 | INFO  | DNAudit | user=null | ip=null | op=PUT_BLOCK {blockData=[blockId=conID: 3 locID: 102656603291124235 bcsId: 0,size=1048576]} | ret=SUCCESS |  
2019-08-21 19:24:15,516 [grpc-default-executor-4] INFO  client.GrpcClientProtocolClient (GrpcClientProtocolClient.java:onNext(255)) - client-DA9582518C67->1df8bd03-73ef-4b9c-8622-5dc9d0e29c31: receive RaftClientReply:client-DA9582518C67->1df8bd03-73ef-4b9c-8622-5dc9d0e29c31@group-F45402591F47, cid=1801, SUCCESS, logIndex=2569, commits[1df8bd03-73ef-4b9c-8622-5dc9d0e29c31:c2569, 12aca755-ada5-42df-801b-c61f99d8e8b8:c2565, a308b8bf-0324-43a1-a87f-1e10a96e3042:c2565]
2019-08-21 19:24:15,516 | INFO  | DNAudit | user=null | ip=null | op=WRITE_CHUNK {blockData=conID: 3 locID: 102656603291124235 bcsId: 0} | ret=SUCCESS |  
2019-08-21 19:24:15,517 | INFO  | DNAudit | user=null | ip=null | op=PUT_BLOCK {blockData=[blockId=conID: 3 locID: 102656603291124235 bcsId: 0,size=1048576]} | ret=SUCCESS |  
2019-08-21 19:24:15,517 [grpc-default-executor-5] INFO  client.GrpcClientProtocolClient (GrpcClientProtocolClient.java:onNext(255)) - client-DA9582518C67->1df8bd03-73ef-4b9c-8622-5dc9d0e29c31: receive RaftClientReply:client-DA9582518C67->1df8bd03-73ef-4b9c-8622-5dc9d0e29c31@group-F45402591F47, cid=1802, SUCCESS, logIndex=0, commits[1df8bd03-73ef-4b9c-8622-5dc9d0e29c31:c2571, 12aca755-ada5-42df-801b-c61f99d8e8b8:c2567, a308b8bf-0324-43a1-a87f-1e10a96e3042:c2567]
2019-08-21 19:24:15,517 | INFO  | DNAudit | user=null | ip=null | op=WRITE_CHUNK {blockData=conID: 3 locID: 102656603291124235 bcsId: 0} | ret=SUCCESS |  
2019-08-21 19:24:15,517 | INFO  | DNAudit | user=null | ip=null | op=PUT_BLOCK {blockData=[blockId=conID: 3 locID: 102656603291124235 bcsId: 0,size=2097152]} | ret=SUCCESS |  
2019-08-21 19:24:15,518 | INFO  | DNAudit | user=null | ip=null | op=WRITE_CHUNK {blockData=conID: 3 locID: 102656603291124235 bcsId: 0} | ret=SUCCESS |  
2019-08-21 19:24:15,518 | INFO  | DNAudit | user=null | ip=null | op=PUT_BLOCK {blockData=[blockId=conID: 3 locID: 102656603291124235 bcsId: 0,size=2097152]} | ret=SUCCESS |  
2019-08-21 19:24:15,522 | INFO  | DNAudit | user=null | ip=null | op=WRITE_CHUNK {blockData=conID: 3 locID: 102656603291124235 bcsId: 2569} | ret=SUCCESS |  
2019-08-21 19:24:15,525 | INFO  | DNAudit | user=null | ip=null | op=WRITE_CHUNK {blockData=conID: 3 locID: 102656603291124235 bcsId: 2569} | ret=SUCCESS |  
2019-08-21 19:24:15,525 | INFO  | DNAudit | user=null | ip=null | op=WRITE_CHUNK {blockData=conID: 3 locID: 102656603291124235 bcsId: 2569} | ret=SUCCESS |  
2019-08-21 19:24:15,530 | INFO  | DNAudit | user=null | ip=null | op=WRITE_CHUNK {blockData=conID: 3 locID: 102656603291124235 bcsId: 2569} | ret=SUCCESS |  
2019-08-21 19:24:15,530 | INFO  | DNAudit | user=null | ip=null | op=PUT_BLOCK {blockData=[blockId=conID: 3 locID: 102656603291124235 bcsId: 0,size=3145728]} | ret=SUCCESS |  
2019-08-21 19:24:15,530 [grpc-default-executor-2] INFO  client.GrpcClientProtocolClient (GrpcClientProtocolClient.java:onNext(255)) - client-DA9582518C67->1df8bd03-73ef-4b9c-8622-5dc9d0e29c31: receive RaftClientReply:client-DA9582518C67->1df8bd03-73ef-4b9c-8622-5dc9d0e29c31@group-F45402591F47, cid=1803, SUCCESS, logIndex=2574, commits[1df8bd03-73ef-4b9c-8622-5dc9d0e29c31:c2575, 12aca755-ada5-42df-801b-c61f99d8e8b8:c2573, a308b8bf-0324-43a1-a87f-1e10a96e3042:c2573]
2019-08-21 19:24:15,531 [grpc-default-executor-2] INFO  client.GrpcClientProtocolClient (GrpcClientProtocolClient.java:onNext(255)) - client-DA9582518C67->1df8bd03-73ef-4b9c-8622-5dc9d0e29c31: receive RaftClientReply:client-DA9582518C67->1df8bd03-73ef-4b9c-8622-5dc9d0e29c31@group-F45402591F47, cid=1804, SUCCESS, logIndex=2575, commits[1df8bd03-73ef-4b9c-8622-5dc9d0e29c31:c2575, 12aca755-ada5-42df-801b-c61f99d8e8b8:c2573, a308b8bf-0324-43a1-a87f-1e10a96e3042:c2573]
2019-08-21 19:24:15,600 | INFO  | DNAudit | user=null | ip=null | op=WRITE_CHUNK {blockData=conID: 3 locID: 102656603291124235 bcsId: 2569} | ret=SUCCESS |  
2019-08-21 19:24:15,600 | INFO  | DNAudit | user=null | ip=null | op=WRITE_CHUNK {blockData=conID: 3 locID: 102656603291124235 bcsId: 2569} | ret=SUCCESS |  
2019-08-21 19:24:15,604 | INFO  | DNAudit | user=null | ip=null | op=WRITE_CHUNK {blockData=conID: 3 locID: 102656603291124235 bcsId: 2575} | ret=SUCCESS |  
2019-08-21 19:24:15,607 | INFO  | DNAudit | user=null | ip=null | op=WRITE_CHUNK {blockData=conID: 3 locID: 102656603291124235 bcsId: 2575} | ret=SUCCESS |  
2019-08-21 19:24:15,608 | INFO  | DNAudit | user=null | ip=null | op=WRITE_CHUNK {blockData=conID: 3 locID: 102656603291124235 bcsId: 2575} | ret=SUCCESS |  
2019-08-21 19:24:15,613 | INFO  | DNAudit | user=null | ip=null | op=PUT_BLOCK {blockData=[blockId=conID: 3 locID: 102656603291124235 bcsId: 0,size=3145728]} | ret=SUCCESS |  
2019-08-21 19:24:15,613 | INFO  | DNAudit | user=null | ip=null | op=PUT_BLOCK {blockData=[blockId=conID: 3 locID: 102656603291124235 bcsId: 0,size=3145728]} | ret=SUCCESS |  
2019-08-21 19:24:15,616 | INFO  | DNAudit | user=null | ip=null | op=WRITE_CHUNK {blockData=conID: 3 locID: 102656603291124235 bcsId: 2575} | ret=SUCCESS |  
2019-08-21 19:24:15,616 | INFO  | SCMAudit | user=jenkins1000 | ip=192.168.69.88 | op=SEND_HEARTBEAT {datanodeUUID=c4b21f74-9dba-4f39-a92d-300bdd5c7775, command=[]} | ret=SUCCESS |  
2019-08-21 19:24:15,617 | INFO  | DNAudit | user=null | ip=null | op=PUT_BLOCK {blockData=[blockId=conID: 3 locID: 102656603291124235 bcsId: 0,size=4194304]} | ret=SUCCESS |  
2019-08-21 19:24:15,617 [grpc-default-executor-0] INFO  client.GrpcClientProtocolClient (GrpcClientProtocolClient.java:onNext(255)) - client-DA9582518C67->1df8bd03-73ef-4b9c-8622-5dc9d0e29c31: receive RaftClientReply:client-DA9582518C67->1df8bd03-73ef-4b9c-8622-5dc9d0e29c31@group-F45402591F47, cid=1805, SUCCESS, logIndex=2578, commits[1df8bd03-73ef-4b9c-8622-5dc9d0e29c31:c2579, 12aca755-ada5-42df-801b-c61f99d8e8b8:c2576, a308b8bf-0324-43a1-a87f-1e10a96e3042:c2576]
2019-08-21 19:24:15,617 [grpc-default-executor-0] INFO  client.GrpcClientProtocolClient (GrpcClientProtocolClient.java:onNext(255)) - client-DA9582518C67->1df8bd03-73ef-4b9c-8622-5dc9d0e29c31: receive RaftClientReply:client-DA9582518C67->1df8bd03-73ef-4b9c-8622-5dc9d0e29c31@group-F45402591F47, cid=1806, SUCCESS, logIndex=2579, commits[1df8bd03-73ef-4b9c-8622-5dc9d0e29c31:c2579, 12aca755-ada5-42df-801b-c61f99d8e8b8:c2576, a308b8bf-0324-43a1-a87f-1e10a96e3042:c2576]
 0.00% |█                                                                                                    |  0/1 Time: 0:00:202019-08-21 19:24:15,632 | INFO  | DNAudit | user=null | ip=null | op=WRITE_CHUNK {blockData=conID: 3 locID: 102656603291124235 bcsId: 2575} | ret=SUCCESS |  
2019-08-21 19:24:15,632 | INFO  | DNAudit | user=null | ip=null | op=WRITE_CHUNK {blockData=conID: 3 locID: 102656603291124235 bcsId: 2575} | ret=SUCCESS |  
2019-08-21 19:24:15,645 | INFO  | DNAudit | user=null | ip=null | op=PUT_BLOCK {blockData=[blockId=conID: 3 locID: 102656603291124235 bcsId: 0,size=4194304]} | ret=SUCCESS |  
2019-08-21 19:24:15,645 | INFO  | DNAudit | user=null | ip=null | op=PUT_BLOCK {blockData=[blockId=conID: 3 locID: 102656603291124235 bcsId: 0,size=4194304]} | ret=SUCCESS |  
2019-08-21 19:24:15,646 [grpc-default-executor-5] INFO  client.GrpcClientProtocolClient (GrpcClientProtocolClient.java:onNext(255)) - client-DA9582518C67->1df8bd03-73ef-4b9c-8622-5dc9d0e29c31: receive RaftClientReply:client-DA9582518C67->1df8bd03-73ef-4b9c-8622-5dc9d0e29c31@group-F45402591F47, cid=1807, SUCCESS, logIndex=0, commits[1df8bd03-73ef-4b9c-8622-5dc9d0e29c31:c2581, 12aca755-ada5-42df-801b-c61f99d8e8b8:c2579, a308b8bf-0324-43a1-a87f-1e10a96e3042:c2579]
2019-08-21 19:24:15,650 | INFO  | SCMAudit | user=jenkins1000 | ip=192.168.69.88 | op=ALLOCATE_BLOCK {owner=a4b1d482-4fe6-4e71-84a6-a95f4ce3f696, size=4194304, type=RATIS, factor=THREE} | ret=SUCCESS |  
2019-08-21 19:24:15,652 | INFO  | OMAudit | user=jenkins1000 | ip=127.0.0.1 | op=ALLOCATE_BLOCK {volume=vol-0-90666, bucket=bucket-0-29336, key=key-0-94354, dataSize=0, replicationType=null, replicationFactor=null, keyLocationInfo=null, clientID=102656601977389458} | ret=SUCCESS |  
2019-08-21 19:24:15,659 | INFO  | DNAudit | user=null | ip=null | op=WRITE_CHUNK {blockData=conID: 1 locID: 102656603301413388 bcsId: 0} | ret=SUCCESS |  
2019-08-21 19:24:15,660 | INFO  | DNAudit | user=null | ip=null | op=WRITE_CHUNK {blockData=conID: 1 locID: 102656603301413388 bcsId: 0} | ret=SUCCESS |  
2019-08-21 19:24:15,662 | INFO  | DNAudit | user=null | ip=null | op=WRITE_CHUNK {blockData=conID: 1 locID: 102656603301413388 bcsId: 0} | ret=SUCCESS |  
2019-08-21 19:24:15,662 | INFO  | DNAudit | user=null | ip=null | op=WRITE_CHUNK {blockData=conID: 1 locID: 102656603301413388 bcsId: 0} | ret=SUCCESS |  
2019-08-21 19:24:15,663 | INFO  | DNAudit | user=null | ip=null | op=WRITE_CHUNK {blockData=conID: 1 locID: 102656603301413388 bcsId: 0} | ret=SUCCESS |  
2019-08-21 19:24:15,664 | INFO  | DNAudit | user=null | ip=null | op=WRITE_CHUNK {blockData=conID: 1 locID: 102656603301413388 bcsId: 0} | ret=SUCCESS |  
2019-08-21 19:24:15,668 | INFO  | DNAudit | user=null | ip=null | op=WRITE_CHUNK {blockData=conID: 1 locID: 102656603301413388 bcsId: 0} | ret=SUCCESS |  
2019-08-21 19:24:15,668 | INFO  | DNAudit | user=null | ip=null | op=PUT_BLOCK {blockData=[blockId=conID: 1 locID: 102656603301413388 bcsId: 0,size=1048576]} | ret=SUCCESS |  
2019-08-21 19:24:15,668 | INFO  | DNAudit | user=null | ip=null | op=WRITE_CHUNK {blockData=conID: 1 locID: 102656603301413388 bcsId: 0} | ret=SUCCESS |  
2019-08-21 19:24:15,668 [grpc-default-executor-4] INFO  client.GrpcClientProtocolClient (GrpcClientProtocolClient.java:onNext(255)) - client-DA9582518C67->1df8bd03-73ef-4b9c-8622-5dc9d0e29c31: receive RaftClientReply:client-DA9582518C67->1df8bd03-73ef-4b9c-8622-5dc9d0e29c31@group-F45402591F47, cid=1808, SUCCESS, logIndex=2582, commits[1df8bd03-73ef-4b9c-8622-5dc9d0e29c31:c2584, 12aca755-ada5-42df-801b-c61f99d8e8b8:c2581, a308b8bf-0324-43a1-a87f-1e10a96e3042:c2581]
2019-08-21 19:24:15,669 | INFO  | DNAudit | user=null | ip=null | op=PUT_BLOCK {blockData=[blockId=conID: 1 locID: 102656603301413388 bcsId: 0,size=2097152]} | ret=SUCCESS |  
2019-08-21 19:24:15,669 [grpc-default-executor-4] INFO  client.GrpcClientProtocolClient (GrpcClientProtocolClient.java:onNext(255)) - client-DA9582518C67->1df8bd03-73ef-4b9c-8622-5dc9d0e29c31: receive RaftClientReply:client-DA9582518C67->1df8bd03-73ef-4b9c-8622-5dc9d0e29c31@group-F45402591F47, cid=1809, SUCCESS, logIndex=2583, commits[1df8bd03-73ef-4b9c-8622-5dc9d0e29c31:c2585, 12aca755-ada5-42df-801b-c61f99d8e8b8:c2581, a308b8bf-0324-43a1-a87f-1e10a96e3042:c2581]
2019-08-21 19:24:15,669 [grpc-default-executor-4] INFO  client.GrpcClientProtocolClient (GrpcClientProtocolClient.java:onNext(255)) - client-DA9582518C67->1df8bd03-73ef-4b9c-8622-5dc9d0e29c31: receive RaftClientReply:client-DA9582518C67->1df8bd03-73ef-4b9c-8622-5dc9d0e29c31@group-F45402591F47, cid=1810, SUCCESS, logIndex=2584, commits[1df8bd03-73ef-4b9c-8622-5dc9d0e29c31:c2585, 12aca755-ada5-42df-801b-c61f99d8e8b8:c2581, a308b8bf-0324-43a1-a87f-1e10a96e3042:c2581]
2019-08-21 19:24:15,669 [grpc-default-executor-4] INFO  client.GrpcClientProtocolClient (GrpcClientProtocolClient.java:onNext(255)) - client-DA9582518C67->1df8bd03-73ef-4b9c-8622-5dc9d0e29c31: receive RaftClientReply:client-DA9582518C67->1df8bd03-73ef-4b9c-8622-5dc9d0e29c31@group-F45402591F47, cid=1811, SUCCESS, logIndex=2585, commits[1df8bd03-73ef-4b9c-8622-5dc9d0e29c31:c2585, 12aca755-ada5-42df-801b-c61f99d8e8b8:c2581, a308b8bf-0324-43a1-a87f-1e10a96e3042:c2581]
2019-08-21 19:24:15,681 | INFO  | DNAudit | user=null | ip=null | op=WRITE_CHUNK {blockData=conID: 1 locID: 102656603301413388 bcsId: 0} | ret=SUCCESS |  
2019-08-21 19:24:15,681 | INFO  | DNAudit | user=null | ip=null | op=WRITE_CHUNK {blockData=conID: 1 locID: 102656603301413388 bcsId: 0} | ret=SUCCESS |  
2019-08-21 19:24:15,681 | INFO  | DNAudit | user=null | ip=null | op=PUT_BLOCK {blockData=[blockId=conID: 1 locID: 102656603301413388 bcsId: 0,size=1048576]} | ret=SUCCESS |  
2019-08-21 19:24:15,681 | INFO  | DNAudit | user=null | ip=null | op=PUT_BLOCK {blockData=[blockId=conID: 1 locID: 102656603301413388 bcsId: 0,size=1048576]} | ret=SUCCESS |  
2019-08-21 19:24:15,681 [grpc-default-executor-5] INFO  client.GrpcClientProtocolClient (GrpcClientProtocolClient.java:onNext(255)) - client-DA9582518C67->1df8bd03-73ef-4b9c-8622-5dc9d0e29c31: receive RaftClientReply:client-DA9582518C67->1df8bd03-73ef-4b9c-8622-5dc9d0e29c31@group-F45402591F47, cid=1812, SUCCESS, logIndex=0, commits[1df8bd03-73ef-4b9c-8622-5dc9d0e29c31:c2585, 12aca755-ada5-42df-801b-c61f99d8e8b8:c2583, a308b8bf-0324-43a1-a87f-1e10a96e3042:c2583]
2019-08-21 19:24:15,687 | INFO  | DNAudit | user=null | ip=null | op=WRITE_CHUNK {blockData=conID: 1 locID: 102656603301413388 bcsId: 2585} | ret=SUCCESS |  
2019-08-21 19:24:15,690 | INFO  | DNAudit | user=null | ip=null | op=WRITE_CHUNK {blockData=conID: 1 locID: 102656603301413388 bcsId: 2585} | ret=SUCCESS |  
2019-08-21 19:24:15,691 | INFO  | DNAudit | user=null | ip=null | op=WRITE_CHUNK {blockData=conID: 1 locID: 102656603301413388 bcsId: 2585} | ret=SUCCESS |  
2019-08-21 19:24:15,694 | INFO  | DNAudit | user=null | ip=null | op=WRITE_CHUNK {blockData=conID: 1 locID: 102656603301413388 bcsId: 0} | ret=SUCCESS |  
2019-08-21 19:24:15,694 | INFO  | DNAudit | user=null | ip=null | op=WRITE_CHUNK {blockData=conID: 1 locID: 102656603301413388 bcsId: 0} | ret=SUCCESS |  
2019-08-21 19:24:15,694 | INFO  | DNAudit | user=null | ip=null | op=PUT_BLOCK {blockData=[blockId=conID: 1 locID: 102656603301413388 bcsId: 0,size=2097152]} | ret=SUCCESS |  
2019-08-21 19:24:15,694 | INFO  | DNAudit | user=null | ip=null | op=PUT_BLOCK {blockData=[blockId=conID: 1 locID: 102656603301413388 bcsId: 0,size=2097152]} | ret=SUCCESS |  
2019-08-21 19:24:15,696 | INFO  | DNAudit | user=null | ip=null | op=WRITE_CHUNK {blockData=conID: 1 locID: 102656603301413388 bcsId: 2585} | ret=SUCCESS |  
2019-08-21 19:24:15,696 | INFO  | DNAudit | user=null | ip=null | op=PUT_BLOCK {blockData=[blockId=conID: 1 locID: 102656603301413388 bcsId: 0,size=3145728]} | ret=SUCCESS |  
2019-08-21 19:24:15,696 [grpc-default-executor-2] INFO  client.GrpcClientProtocolClient (GrpcClientProtocolClient.java:onNext(255)) - client-DA9582518C67->1df8bd03-73ef-4b9c-8622-5dc9d0e29c31: receive RaftClientReply:client-DA9582518C67->1df8bd03-73ef-4b9c-8622-5dc9d0e29c31@group-F45402591F47, cid=1813, SUCCESS, logIndex=2590, commits[1df8bd03-73ef-4b9c-8622-5dc9d0e29c31:c2591, 12aca755-ada5-42df-801b-c61f99d8e8b8:c2585, a308b8bf-0324-43a1-a87f-1e10a96e3042:c2586]
2019-08-21 19:24:15,697 [grpc-default-executor-2] INFO  client.GrpcClientProtocolClient (GrpcClientProtocolClient.java:onNext(255)) - client-DA9582518C67->1df8bd03-73ef-4b9c-8622-5dc9d0e29c31: receive RaftClientReply:client-DA9582518C67->1df8bd03-73ef-4b9c-8622-5dc9d0e29c31@group-F45402591F47, cid=1814, SUCCESS, logIndex=2591, commits[1df8bd03-73ef-4b9c-8622-5dc9d0e29c31:c2591, 12aca755-ada5-42df-801b-c61f99d8e8b8:c2585, a308b8bf-0324-43a1-a87f-1e10a96e3042:c2586]
2019-08-21 19:24:15,703 | INFO  | DNAudit | user=null | ip=null | op=WRITE_CHUNK {blockData=conID: 1 locID: 102656603301413388 bcsId: 2591} | ret=SUCCESS |  
2019-08-21 19:24:15,705 | INFO  | DNAudit | user=null | ip=null | op=WRITE_CHUNK {blockData=conID: 1 locID: 102656603301413388 bcsId: 2591} | ret=SUCCESS |  
2019-08-21 19:24:15,706 | INFO  | DNAudit | user=null | ip=null | op=WRITE_CHUNK {blockData=conID: 1 locID: 102656603301413388 bcsId: 2591} | ret=SUCCESS |  
2019-08-21 19:24:15,709 | INFO  | DNAudit | user=null | ip=null | op=WRITE_CHUNK {blockData=conID: 1 locID: 102656603301413388 bcsId: 2585} | ret=SUCCESS |  
2019-08-21 19:24:15,709 | INFO  | DNAudit | user=null | ip=null | op=PUT_BLOCK {blockData=[blockId=conID: 1 locID: 102656603301413388 bcsId: 0,size=3145728]} | ret=SUCCESS |  
2019-08-21 19:24:15,720 | INFO  | DNAudit | user=null | ip=null | op=WRITE_CHUNK {blockData=conID: 1 locID: 102656603301413388 bcsId: 2585} | ret=SUCCESS |  
2019-08-21 19:24:15,720 | INFO  | DNAudit | user=null | ip=null | op=PUT_BLOCK {blockData=[blockId=conID: 1 locID: 102656603301413388 bcsId: 0,size=3145728]} | ret=SUCCESS |  
2019-08-21 19:24:15,722 | INFO  | DNAudit | user=null | ip=null | op=WRITE_CHUNK {blockData=conID: 1 locID: 102656603301413388 bcsId: 2591} | ret=SUCCESS |  
2019-08-21 19:24:15,722 | INFO  | DNAudit | user=null | ip=null | op=PUT_BLOCK {blockData=[blockId=conID: 1 locID: 102656603301413388 bcsId: 0,size=4194304]} | ret=SUCCESS |  
2019-08-21 19:24:15,722 [grpc-default-executor-5] INFO  client.GrpcClientProtocolClient (GrpcClientProtocolClient.java:onNext(255)) - client-DA9582518C67->1df8bd03-73ef-4b9c-8622-5dc9d0e29c31: receive RaftClientReply:client-DA9582518C67->1df8bd03-73ef-4b9c-8622-5dc9d0e29c31@group-F45402591F47, cid=1815, SUCCESS, logIndex=2594, commits[1df8bd03-73ef-4b9c-8622-5dc9d0e29c31:c2595, 12aca755-ada5-42df-801b-c61f99d8e8b8:c2591, a308b8bf-0324-43a1-a87f-1e10a96e3042:c2591]
2019-08-21 19:24:15,722 [grpc-default-executor-5] INFO  client.GrpcClientProtocolClient (GrpcClientProtocolClient.java:onNext(255)) - client-DA9582518C67->1df8bd03-73ef-4b9c-8622-5dc9d0e29c31: receive RaftClientReply:client-DA9582518C67->1df8bd03-73ef-4b9c-8622-5dc9d0e29c31@group-F45402591F47, cid=1816, SUCCESS, logIndex=2595, commits[1df8bd03-73ef-4b9c-8622-5dc9d0e29c31:c2595, 12aca755-ada5-42df-801b-c61f99d8e8b8:c2591, a308b8bf-0324-43a1-a87f-1e10a96e3042:c2591]
2019-08-21 19:24:15,733 | INFO  | DNAudit | user=null | ip=null | op=WRITE_CHUNK {blockData=conID: 1 locID: 102656603301413388 bcsId: 2591} | ret=SUCCESS |  
2019-08-21 19:24:15,733 | INFO  | DNAudit | user=null | ip=null | op=WRITE_CHUNK {blockData=conID: 1 locID: 102656603301413388 bcsId: 2591} | ret=SUCCESS |  
2019-08-21 19:24:15,733 | INFO  | DNAudit | user=null | ip=null | op=PUT_BLOCK {blockData=[blockId=conID: 1 locID: 102656603301413388 bcsId: 0,size=4194304]} | ret=SUCCESS |  
2019-08-21 19:24:15,733 | INFO  | DNAudit | user=null | ip=null | op=PUT_BLOCK {blockData=[blockId=conID: 1 locID: 102656603301413388 bcsId: 0,size=4194304]} | ret=SUCCESS |  
2019-08-21 19:24:15,733 [grpc-default-executor-5] INFO  client.GrpcClientProtocolClient (GrpcClientProtocolClient.java:onNext(255)) - client-DA9582518C67->1df8bd03-73ef-4b9c-8622-5dc9d0e29c31: receive RaftClientReply:client-DA9582518C67->1df8bd03-73ef-4b9c-8622-5dc9d0e29c31@group-F45402591F47, cid=1817, SUCCESS, logIndex=0, commits[1df8bd03-73ef-4b9c-8622-5dc9d0e29c31:c2596, 12aca755-ada5-42df-801b-c61f99d8e8b8:c2595, a308b8bf-0324-43a1-a87f-1e10a96e3042:c2595]
2019-08-21 19:24:15,737 | INFO  | SCMAudit | user=jenkins1000 | ip=192.168.69.88 | op=ALLOCATE_BLOCK {owner=a4b1d482-4fe6-4e71-84a6-a95f4ce3f696, size=4194304, type=RATIS, factor=THREE} | ret=SUCCESS |  
2019-08-21 19:24:15,739 | INFO  | OMAudit | user=jenkins1000 | ip=127.0.0.1 | op=ALLOCATE_BLOCK {volume=vol-0-90666, bucket=bucket-0-29336, key=key-0-94354, dataSize=0, replicationType=null, replicationFactor=null, keyLocationInfo=null, clientID=102656601977389458} | ret=SUCCESS |  
2019-08-21 19:24:15,744 | INFO  | DNAudit | user=null | ip=null | op=WRITE_CHUNK {blockData=conID: 2 locID: 102656603307180557 bcsId: 0} | ret=SUCCESS |  
2019-08-21 19:24:15,748 | INFO  | DNAudit | user=null | ip=null | op=WRITE_CHUNK {blockData=conID: 2 locID: 102656603307180557 bcsId: 0} | ret=SUCCESS |  
2019-08-21 19:24:15,748 | INFO  | DNAudit | user=null | ip=null | op=WRITE_CHUNK {blockData=conID: 2 locID: 102656603307180557 bcsId: 0} | ret=SUCCESS |  
2019-08-21 19:24:15,748 | INFO  | DNAudit | user=null | ip=null | op=WRITE_CHUNK {blockData=conID: 2 locID: 102656603307180557 bcsId: 0} | ret=SUCCESS |  
2019-08-21 19:24:15,750 | INFO  | DNAudit | user=null | ip=null | op=WRITE_CHUNK {blockData=conID: 2 locID: 102656603307180557 bcsId: 0} | ret=SUCCESS |  
2019-08-21 19:24:15,750 | INFO  | DNAudit | user=null | ip=null | op=WRITE_CHUNK {blockData=conID: 2 locID: 102656603307180557 bcsId: 0} | ret=SUCCESS |  
2019-08-21 19:24:15,751 | INFO  | DNAudit | user=null | ip=null | op=WRITE_CHUNK {blockData=conID: 2 locID: 102656603307180557 bcsId: 0} | ret=SUCCESS |  
2019-08-21 19:24:15,751 | INFO  | DNAudit | user=null | ip=null | op=PUT_BLOCK {blockData=[blockId=conID: 2 locID: 102656603307180557 bcsId: 0,size=1048576]} | ret=SUCCESS |  
2019-08-21 19:24:15,751 [grpc-default-executor-5] INFO  client.GrpcClientProtocolClient (GrpcClientProtocolClient.java:onNext(255)) - client-DA9582518C67->1df8bd03-73ef-4b9c-8622-5dc9d0e29c31: receive RaftClientReply:client-DA9582518C67->1df8bd03-73ef-4b9c-8622-5dc9d0e29c31@group-F45402591F47, cid=1818, SUCCESS, logIndex=2597, commits[1df8bd03-73ef-4b9c-8622-5dc9d0e29c31:c2598, 12aca755-ada5-42df-801b-c61f99d8e8b8:c2596, a308b8bf-0324-43a1-a87f-1e10a96e3042:c2596]
2019-08-21 19:24:15,752 [grpc-default-executor-4] INFO  client.GrpcClientProtocolClient (GrpcClientProtocolClient.java:onNext(255)) - client-DA9582518C67->1df8bd03-73ef-4b9c-8622-5dc9d0e29c31: receive RaftClientReply:client-DA9582518C67->1df8bd03-73ef-4b9c-8622-5dc9d0e29c31@group-F45402591F47, cid=1819, SUCCESS, logIndex=2598, commits[1df8bd03-73ef-4b9c-8622-5dc9d0e29c31:c2598, 12aca755-ada5-42df-801b-c61f99d8e8b8:c2596, a308b8bf-0324-43a1-a87f-1e10a96e3042:c2596]
2019-08-21 19:24:15,752 | INFO  | DNAudit | user=null | ip=null | op=WRITE_CHUNK {blockData=conID: 2 locID: 102656603307180557 bcsId: 0} | ret=SUCCESS |  
2019-08-21 19:24:15,752 | INFO  | DNAudit | user=null | ip=null | op=PUT_BLOCK {blockData=[blockId=conID: 2 locID: 102656603307180557 bcsId: 0,size=2097152]} | ret=SUCCESS |  
2019-08-21 19:24:15,752 [grpc-default-executor-5] INFO  client.GrpcClientProtocolClient (GrpcClientProtocolClient.java:onNext(255)) - client-DA9582518C67->1df8bd03-73ef-4b9c-8622-5dc9d0e29c31: receive RaftClientReply:client-DA9582518C67->1df8bd03-73ef-4b9c-8622-5dc9d0e29c31@group-F45402591F47, cid=1820, SUCCESS, logIndex=2599, commits[1df8bd03-73ef-4b9c-8622-5dc9d0e29c31:c2600, 12aca755-ada5-42df-801b-c61f99d8e8b8:c2596, a308b8bf-0324-43a1-a87f-1e10a96e3042:c2596]
2019-08-21 19:24:15,753 [grpc-default-executor-5] INFO  client.GrpcClientProtocolClient (GrpcClientProtocolClient.java:onNext(255)) - client-DA9582518C67->1df8bd03-73ef-4b9c-8622-5dc9d0e29c31: receive RaftClientReply:client-DA9582518C67->1df8bd03-73ef-4b9c-8622-5dc9d0e29c31@group-F45402591F47, cid=1821, SUCCESS, logIndex=2600, commits[1df8bd03-73ef-4b9c-8622-5dc9d0e29c31:c2600, 12aca755-ada5-42df-801b-c61f99d8e8b8:c2596, a308b8bf-0324-43a1-a87f-1e10a96e3042:c2596]
2019-08-21 19:24:15,765 | INFO  | DNAudit | user=null | ip=null | op=WRITE_CHUNK {blockData=conID: 2 locID: 102656603307180557 bcsId: 0} | ret=SUCCESS |  
2019-08-21 19:24:15,765 | INFO  | DNAudit | user=null | ip=null | op=PUT_BLOCK {blockData=[blockId=conID: 2 locID: 102656603307180557 bcsId: 0,size=1048576]} | ret=SUCCESS |  
2019-08-21 19:24:15,767 | INFO  | DNAudit | user=null | ip=null | op=WRITE_CHUNK {blockData=conID: 2 locID: 102656603307180557 bcsId: 0} | ret=SUCCESS |  
2019-08-21 19:24:15,767 | INFO  | DNAudit | user=null | ip=null | op=PUT_BLOCK {blockData=[blockId=conID: 2 locID: 102656603307180557 bcsId: 0,size=1048576]} | ret=SUCCESS |  
2019-08-21 19:24:15,767 | INFO  | DNAudit | user=null | ip=null | op=WRITE_CHUNK {blockData=conID: 2 locID: 102656603307180557 bcsId: 0} | ret=SUCCESS |  
2019-08-21 19:24:15,768 | INFO  | DNAudit | user=null | ip=null | op=PUT_BLOCK {blockData=[blockId=conID: 2 locID: 102656603307180557 bcsId: 0,size=2097152]} | ret=SUCCESS |  
2019-08-21 19:24:15,768 [grpc-default-executor-5] INFO  client.GrpcClientProtocolClient (GrpcClientProtocolClient.java:onNext(255)) - client-DA9582518C67->1df8bd03-73ef-4b9c-8622-5dc9d0e29c31: receive RaftClientReply:client-DA9582518C67->1df8bd03-73ef-4b9c-8622-5dc9d0e29c31@group-F45402591F47, cid=1822, SUCCESS, logIndex=0, commits[1df8bd03-73ef-4b9c-8622-5dc9d0e29c31:c2602, 12aca755-ada5-42df-801b-c61f99d8e8b8:c2598, a308b8bf-0324-43a1-a87f-1e10a96e3042:c2598]
2019-08-21 19:24:15,773 | INFO  | DNAudit | user=null | ip=null | op=WRITE_CHUNK {blockData=conID: 2 locID: 102656603307180557 bcsId: 2600} | ret=SUCCESS |  
2019-08-21 19:24:15,776 | INFO  | DNAudit | user=null | ip=null | op=WRITE_CHUNK {blockData=conID: 2 locID: 102656603307180557 bcsId: 2600} | ret=SUCCESS |  
2019-08-21 19:24:15,776 | INFO  | DNAudit | user=null | ip=null | op=WRITE_CHUNK {blockData=conID: 2 locID: 102656603307180557 bcsId: 2600} | ret=SUCCESS |  
2019-08-21 19:24:15,846 | INFO  | DNAudit | user=null | ip=null | op=WRITE_CHUNK {blockData=conID: 2 locID: 102656603307180557 bcsId: 0} | ret=SUCCESS |  
2019-08-21 19:24:15,846 | INFO  | DNAudit | user=null | ip=null | op=PUT_BLOCK {blockData=[blockId=conID: 2 locID: 102656603307180557 bcsId: 0,size=2097152]} | ret=SUCCESS |  
2019-08-21 19:24:15,847 | INFO  | DNAudit | user=null | ip=null | op=WRITE_CHUNK {blockData=conID: 2 locID: 102656603307180557 bcsId: 2600} | ret=SUCCESS |  
2019-08-21 19:24:15,848 | INFO  | DNAudit | user=null | ip=null | op=PUT_BLOCK {blockData=[blockId=conID: 2 locID: 102656603307180557 bcsId: 0,size=3145728]} | ret=SUCCESS |  
2019-08-21 19:24:15,848 [grpc-default-executor-5] INFO  client.GrpcClientProtocolClient (GrpcClientProtocolClient.java:onNext(255)) - client-DA9582518C67->1df8bd03-73ef-4b9c-8622-5dc9d0e29c31: receive RaftClientReply:client-DA9582518C67->1df8bd03-73ef-4b9c-8622-5dc9d0e29c31@group-F45402591F47, cid=1823, SUCCESS, logIndex=2605, commits[1df8bd03-73ef-4b9c-8622-5dc9d0e29c31:c2606, 12aca755-ada5-42df-801b-c61f99d8e8b8:c2604, a308b8bf-0324-43a1-a87f-1e10a96e3042:c2600]
2019-08-21 19:24:15,848 [grpc-default-executor-5] INFO  client.GrpcClientProtocolClient (GrpcClientProtocolClient.java:onNext(255)) - client-DA9582518C67->1df8bd03-73ef-4b9c-8622-5dc9d0e29c31: receive RaftClientReply:client-DA9582518C67->1df8bd03-73ef-4b9c-8622-5dc9d0e29c31@group-F45402591F47, cid=1824, SUCCESS, logIndex=2606, commits[1df8bd03-73ef-4b9c-8622-5dc9d0e29c31:c2606, 12aca755-ada5-42df-801b-c61f99d8e8b8:c2604, a308b8bf-0324-43a1-a87f-1e10a96e3042:c2600]
2019-08-21 19:24:15,855 | INFO  | DNAudit | user=null | ip=null | op=WRITE_CHUNK {blockData=conID: 2 locID: 102656603307180557 bcsId: 2606} | ret=SUCCESS |  
2019-08-21 19:24:15,857 | INFO  | DNAudit | user=null | ip=null | op=WRITE_CHUNK {blockData=conID: 2 locID: 102656603307180557 bcsId: 2606} | ret=SUCCESS |  
2019-08-21 19:24:15,858 | INFO  | DNAudit | user=null | ip=null | op=WRITE_CHUNK {blockData=conID: 2 locID: 102656603307180557 bcsId: 2606} | ret=SUCCESS |  
2019-08-21 19:24:15,860 | INFO  | DNAudit | user=null | ip=null | op=WRITE_CHUNK {blockData=conID: 2 locID: 102656603307180557 bcsId: 2600} | ret=SUCCESS |  
2019-08-21 19:24:15,860 | INFO  | DNAudit | user=null | ip=null | op=PUT_BLOCK {blockData=[blockId=conID: 2 locID: 102656603307180557 bcsId: 0,size=3145728]} | ret=SUCCESS |  
2019-08-21 19:24:15,871 | INFO  | DNAudit | user=null | ip=null | op=WRITE_CHUNK {blockData=conID: 2 locID: 102656603307180557 bcsId: 2600} | ret=SUCCESS |  
2019-08-21 19:24:15,871 | INFO  | DNAudit | user=null | ip=null | op=PUT_BLOCK {blockData=[blockId=conID: 2 locID: 102656603307180557 bcsId: 0,size=3145728]} | ret=SUCCESS |  
2019-08-21 19:24:15,872 | INFO  | DNAudit | user=null | ip=null | op=WRITE_CHUNK {blockData=conID: 2 locID: 102656603307180557 bcsId: 2606} | ret=SUCCESS |  
2019-08-21 19:24:15,872 | INFO  | DNAudit | user=null | ip=null | op=PUT_BLOCK {blockData=[blockId=conID: 2 locID: 102656603307180557 bcsId: 0,size=4194304]} | ret=SUCCESS |  
2019-08-21 19:24:15,873 [grpc-default-executor-2] INFO  client.GrpcClientProtocolClient (GrpcClientProtocolClient.java:onNext(255)) - client-DA9582518C67->1df8bd03-73ef-4b9c-8622-5dc9d0e29c31: receive RaftClientReply:client-DA9582518C67->1df8bd03-73ef-4b9c-8622-5dc9d0e29c31@group-F45402591F47, cid=1825, SUCCESS, logIndex=2609, commits[1df8bd03-73ef-4b9c-8622-5dc9d0e29c31:c2610, 12aca755-ada5-42df-801b-c61f99d8e8b8:c2606, a308b8bf-0324-43a1-a87f-1e10a96e3042:c2606]
2019-08-21 19:24:15,873 [grpc-default-executor-2] INFO  client.GrpcClientProtocolClient (GrpcClientProtocolClient.java:onNext(255)) - client-DA9582518C67->1df8bd03-73ef-4b9c-8622-5dc9d0e29c31: receive RaftClientReply:client-DA9582518C67->1df8bd03-73ef-4b9c-8622-5dc9d0e29c31@group-F45402591F47, cid=1826, SUCCESS, logIndex=2610, commits[1df8bd03-73ef-4b9c-8622-5dc9d0e29c31:c2610, 12aca755-ada5-42df-801b-c61f99d8e8b8:c2606, a308b8bf-0324-43a1-a87f-1e10a96e3042:c2606]
2019-08-21 19:24:15,875 | INFO  | DNAudit | user=null | ip=null | op=WRITE_CHUNK {blockData=conID: 2 locID: 102656603307180557 bcsId: 2606} | ret=SUCCESS |  
2019-08-21 19:24:15,875 | INFO  | DNAudit | user=null | ip=null | op=PUT_BLOCK {blockData=[blockId=conID: 2 locID: 102656603307180557 bcsId: 0,size=4194304]} | ret=SUCCESS |  
2019-08-21 19:24:15,876 | INFO  | DNAudit | user=null | ip=null | op=WRITE_CHUNK {blockData=conID: 2 locID: 102656603307180557 bcsId: 2606} | ret=SUCCESS |  
2019-08-21 19:24:15,876 | INFO  | DNAudit | user=null | ip=null | op=PUT_BLOCK {blockData=[blockId=conID: 2 locID: 102656603307180557 bcsId: 0,size=4194304]} | ret=SUCCESS |  
2019-08-21 19:24:15,876 [grpc-default-executor-2] INFO  client.GrpcClientProtocolClient (GrpcClientProtocolClient.java:onNext(255)) - client-DA9582518C67->1df8bd03-73ef-4b9c-8622-5dc9d0e29c31: receive RaftClientReply:client-DA9582518C67->1df8bd03-73ef-4b9c-8622-5dc9d0e29c31@group-F45402591F47, cid=1827, SUCCESS, logIndex=0, commits[1df8bd03-73ef-4b9c-8622-5dc9d0e29c31:c2611, 12aca755-ada5-42df-801b-c61f99d8e8b8:c2610, a308b8bf-0324-43a1-a87f-1e10a96e3042:c2610]
2019-08-21 19:24:15,881 | INFO  | SCMAudit | user=jenkins1000 | ip=192.168.69.88 | op=ALLOCATE_BLOCK {owner=a4b1d482-4fe6-4e71-84a6-a95f4ce3f696, size=4194304, type=RATIS, factor=THREE} | ret=SUCCESS |  
2019-08-21 19:24:15,884 | INFO  | OMAudit | user=jenkins1000 | ip=127.0.0.1 | op=ALLOCATE_BLOCK {volume=vol-0-90666, bucket=bucket-0-29336, key=key-0-94354, dataSize=0, replicationType=null, replicationFactor=null, keyLocationInfo=null, clientID=102656601977389458} | ret=SUCCESS |  
2019-08-21 19:24:15,891 | INFO  | DNAudit | user=null | ip=null | op=WRITE_CHUNK {blockData=conID: 3 locID: 102656603316617742 bcsId: 0} | ret=SUCCESS |  
2019-08-21 19:24:15,894 | INFO  | DNAudit | user=null | ip=null | op=WRITE_CHUNK {blockData=conID: 3 locID: 102656603316617742 bcsId: 0} | ret=SUCCESS |  
2019-08-21 19:24:15,895 | INFO  | DNAudit | user=null | ip=null | op=WRITE_CHUNK {blockData=conID: 3 locID: 102656603316617742 bcsId: 0} | ret=SUCCESS |  
2019-08-21 19:24:15,896 | INFO  | DNAudit | user=null | ip=null | op=WRITE_CHUNK {blockData=conID: 3 locID: 102656603316617742 bcsId: 0} | ret=SUCCESS |  
2019-08-21 19:24:15,898 | INFO  | DNAudit | user=null | ip=null | op=WRITE_CHUNK {blockData=conID: 3 locID: 102656603316617742 bcsId: 0} | ret=SUCCESS |  
2019-08-21 19:24:15,899 | INFO  | DNAudit | user=null | ip=null | op=WRITE_CHUNK {blockData=conID: 3 locID: 102656603316617742 bcsId: 0} | ret=SUCCESS |  
2019-08-21 19:24:15,904 | INFO  | DNAudit | user=null | ip=null | op=WRITE_CHUNK {blockData=conID: 3 locID: 102656603316617742 bcsId: 0} | ret=SUCCESS |  
2019-08-21 19:24:15,905 | INFO  | DNAudit | user=null | ip=null | op=PUT_BLOCK {blockData=[blockId=conID: 3 locID: 102656603316617742 bcsId: 0,size=1048576]} | ret=SUCCESS |  
2019-08-21 19:24:15,905 [grpc-default-executor-4] INFO  client.GrpcClientProtocolClient (GrpcClientProtocolClient.java:onNext(255)) - client-DA9582518C67->1df8bd03-73ef-4b9c-8622-5dc9d0e29c31: receive RaftClientReply:client-DA9582518C67->1df8bd03-73ef-4b9c-8622-5dc9d0e29c31@group-F45402591F47, cid=1828, SUCCESS, logIndex=2613, commits[1df8bd03-73ef-4b9c-8622-5dc9d0e29c31:c2614, 12aca755-ada5-42df-801b-c61f99d8e8b8:c2612, a308b8bf-0324-43a1-a87f-1e10a96e3042:c2612]
2019-08-21 19:24:15,905 [grpc-default-executor-4] INFO  client.GrpcClientProtocolClient (GrpcClientProtocolClient.java:onNext(255)) - client-DA9582518C67->1df8bd03-73ef-4b9c-8622-5dc9d0e29c31: receive RaftClientReply:client-DA9582518C67->1df8bd03-73ef-4b9c-8622-5dc9d0e29c31@group-F45402591F47, cid=1829, SUCCESS, logIndex=2614, commits[1df8bd03-73ef-4b9c-8622-5dc9d0e29c31:c2614, 12aca755-ada5-42df-801b-c61f99d8e8b8:c2612, a308b8bf-0324-43a1-a87f-1e10a96e3042:c2612]
2019-08-21 19:24:15,907 | INFO  | DNAudit | user=null | ip=null | op=WRITE_CHUNK {blockData=conID: 3 locID: 102656603316617742 bcsId: 0} | ret=SUCCESS |  
2019-08-21 19:24:15,907 | INFO  | DNAudit | user=null | ip=null | op=PUT_BLOCK {blockData=[blockId=conID: 3 locID: 102656603316617742 bcsId: 0,size=2097152]} | ret=SUCCESS |  
2019-08-21 19:24:15,907 [grpc-default-executor-5] INFO  client.GrpcClientProtocolClient (GrpcClientProtocolClient.java:onNext(255)) - client-DA9582518C67->1df8bd03-73ef-4b9c-8622-5dc9d0e29c31: receive RaftClientReply:client-DA9582518C67->1df8bd03-73ef-4b9c-8622-5dc9d0e29c31@group-F45402591F47, cid=1830, SUCCESS, logIndex=2615, commits[1df8bd03-73ef-4b9c-8622-5dc9d0e29c31:c2616, 12aca755-ada5-42df-801b-c61f99d8e8b8:c2612, a308b8bf-0324-43a1-a87f-1e10a96e3042:c2612]
2019-08-21 19:24:15,908 [grpc-default-executor-5] INFO  client.GrpcClientProtocolClient (GrpcClientProtocolClient.java:onNext(255)) - client-DA9582518C67->1df8bd03-73ef-4b9c-8622-5dc9d0e29c31: receive RaftClientReply:client-DA9582518C67->1df8bd03-73ef-4b9c-8622-5dc9d0e29c31@group-F45402591F47, cid=1831, SUCCESS, logIndex=2616, commits[1df8bd03-73ef-4b9c-8622-5dc9d0e29c31:c2616, 12aca755-ada5-42df-801b-c61f99d8e8b8:c2612, a308b8bf-0324-43a1-a87f-1e10a96e3042:c2612]
2019-08-21 19:24:15,919 | INFO  | DNAudit | user=null | ip=null | op=WRITE_CHUNK {blockData=conID: 3 locID: 102656603316617742 bcsId: 0} | ret=SUCCESS |  
2019-08-21 19:24:15,920 | INFO  | DNAudit | user=null | ip=null | op=WRITE_CHUNK {blockData=conID: 3 locID: 102656603316617742 bcsId: 0} | ret=SUCCESS |  
2019-08-21 19:24:15,920 | INFO  | DNAudit | user=null | ip=null | op=PUT_BLOCK {blockData=[blockId=conID: 3 locID: 102656603316617742 bcsId: 0,size=1048576]} | ret=SUCCESS |  
2019-08-21 19:24:15,920 | INFO  | DNAudit | user=null | ip=null | op=PUT_BLOCK {blockData=[blockId=conID: 3 locID: 102656603316617742 bcsId: 0,size=1048576]} | ret=SUCCESS |  
2019-08-21 19:24:15,920 [grpc-default-executor-2] INFO  client.GrpcClientProtocolClient (GrpcClientProtocolClient.java:onNext(255)) - client-DA9582518C67->1df8bd03-73ef-4b9c-8622-5dc9d0e29c31: receive RaftClientReply:client-DA9582518C67->1df8bd03-73ef-4b9c-8622-5dc9d0e29c31@group-F45402591F47, cid=1832, SUCCESS, logIndex=0, commits[1df8bd03-73ef-4b9c-8622-5dc9d0e29c31:c2617, 12aca755-ada5-42df-801b-c61f99d8e8b8:c2614, a308b8bf-0324-43a1-a87f-1e10a96e3042:c2614]
2019-08-21 19:24:15,927 | INFO  | DNAudit | user=null | ip=null | op=WRITE_CHUNK {blockData=conID: 3 locID: 102656603316617742 bcsId: 2616} | ret=SUCCESS |  
2019-08-21 19:24:15,929 | INFO  | DNAudit | user=null | ip=null | op=WRITE_CHUNK {blockData=conID: 3 locID: 102656603316617742 bcsId: 2616} | ret=SUCCESS |  
2019-08-21 19:24:15,930 | INFO  | DNAudit | user=null | ip=null | op=WRITE_CHUNK {blockData=conID: 3 locID: 102656603316617742 bcsId: 2616} | ret=SUCCESS |  
2019-08-21 19:24:15,933 | INFO  | DNAudit | user=null | ip=null | op=WRITE_CHUNK {blockData=conID: 3 locID: 102656603316617742 bcsId: 0} | ret=SUCCESS |  
2019-08-21 19:24:15,933 | INFO  | DNAudit | user=null | ip=null | op=WRITE_CHUNK {blockData=conID: 3 locID: 102656603316617742 bcsId: 0} | ret=SUCCESS |  
2019-08-21 19:24:15,933 | INFO  | DNAudit | user=null | ip=null | op=PUT_BLOCK {blockData=[blockId=conID: 3 locID: 102656603316617742 bcsId: 0,size=2097152]} | ret=SUCCESS |  
2019-08-21 19:24:15,933 | INFO  | DNAudit | user=null | ip=null | op=PUT_BLOCK {blockData=[blockId=conID: 3 locID: 102656603316617742 bcsId: 0,size=2097152]} | ret=SUCCESS |  
2019-08-21 19:24:15,946 | INFO  | DNAudit | user=null | ip=null | op=WRITE_CHUNK {blockData=conID: 3 locID: 102656603316617742 bcsId: 2616} | ret=SUCCESS |  
2019-08-21 19:24:15,947 | INFO  | DNAudit | user=null | ip=null | op=PUT_BLOCK {blockData=[blockId=conID: 3 locID: 102656603316617742 bcsId: 0,size=3145728]} | ret=SUCCESS |  
2019-08-21 19:24:15,947 [grpc-default-executor-5] INFO  client.GrpcClientProtocolClient (GrpcClientProtocolClient.java:onNext(255)) - client-DA9582518C67->1df8bd03-73ef-4b9c-8622-5dc9d0e29c31: receive RaftClientReply:client-DA9582518C67->1df8bd03-73ef-4b9c-8622-5dc9d0e29c31@group-F45402591F47, cid=1833, SUCCESS, logIndex=2621, commits[1df8bd03-73ef-4b9c-8622-5dc9d0e29c31:c2622, 12aca755-ada5-42df-801b-c61f99d8e8b8:c2618, a308b8bf-0324-43a1-a87f-1e10a96e3042:c2618]
2019-08-21 19:24:15,947 [grpc-default-executor-5] INFO  client.GrpcClientProtocolClient (GrpcClientProtocolClient.java:onNext(255)) - client-DA9582518C67->1df8bd03-73ef-4b9c-8622-5dc9d0e29c31: receive RaftClientReply:client-DA9582518C67->1df8bd03-73ef-4b9c-8622-5dc9d0e29c31@group-F45402591F47, cid=1834, SUCCESS, logIndex=2622, commits[1df8bd03-73ef-4b9c-8622-5dc9d0e29c31:c2622, 12aca755-ada5-42df-801b-c61f99d8e8b8:c2618, a308b8bf-0324-43a1-a87f-1e10a96e3042:c2618]
2019-08-21 19:24:15,953 | INFO  | DNAudit | user=null | ip=null | op=WRITE_CHUNK {blockData=conID: 3 locID: 102656603316617742 bcsId: 2622} | ret=SUCCESS |  
2019-08-21 19:24:15,955 | INFO  | DNAudit | user=null | ip=null | op=WRITE_CHUNK {blockData=conID: 3 locID: 102656603316617742 bcsId: 2622} | ret=SUCCESS |  
2019-08-21 19:24:15,956 | INFO  | DNAudit | user=null | ip=null | op=WRITE_CHUNK {blockData=conID: 3 locID: 102656603316617742 bcsId: 2622} | ret=SUCCESS |  
2019-08-21 19:24:15,957 | INFO  | DNAudit | user=null | ip=null | op=WRITE_CHUNK {blockData=conID: 3 locID: 102656603316617742 bcsId: 2616} | ret=SUCCESS |  
2019-08-21 19:24:15,957 | INFO  | DNAudit | user=null | ip=null | op=WRITE_CHUNK {blockData=conID: 3 locID: 102656603316617742 bcsId: 2616} | ret=SUCCESS |  
2019-08-21 19:24:15,957 | INFO  | DNAudit | user=null | ip=null | op=PUT_BLOCK {blockData=[blockId=conID: 3 locID: 102656603316617742 bcsId: 0,size=3145728]} | ret=SUCCESS |  
2019-08-21 19:24:15,957 | INFO  | DNAudit | user=null | ip=null | op=PUT_BLOCK {blockData=[blockId=conID: 3 locID: 102656603316617742 bcsId: 0,size=3145728]} | ret=SUCCESS |  
2019-08-21 19:24:15,967 | INFO  | DNAudit | user=null | ip=null | op=WRITE_CHUNK {blockData=conID: 3 locID: 102656603316617742 bcsId: 2622} | ret=SUCCESS |  
2019-08-21 19:24:15,968 | INFO  | DNAudit | user=null | ip=null | op=PUT_BLOCK {blockData=[blockId=conID: 3 locID: 102656603316617742 bcsId: 0,size=4194304]} | ret=SUCCESS |  
2019-08-21 19:24:15,968 [grpc-default-executor-5] INFO  client.GrpcClientProtocolClient (GrpcClientProtocolClient.java:onNext(255)) - client-DA9582518C67->1df8bd03-73ef-4b9c-8622-5dc9d0e29c31: receive RaftClientReply:client-DA9582518C67->1df8bd03-73ef-4b9c-8622-5dc9d0e29c31@group-F45402591F47, cid=1835, SUCCESS, logIndex=2625, commits[1df8bd03-73ef-4b9c-8622-5dc9d0e29c31:c2626, 12aca755-ada5-42df-801b-c61f99d8e8b8:c2622, a308b8bf-0324-43a1-a87f-1e10a96e3042:c2622]
2019-08-21 19:24:15,968 [grpc-default-executor-5] INFO  client.GrpcClientProtocolClient (GrpcClientProtocolClient.java:onNext(255)) - client-DA9582518C67->1df8bd03-73ef-4b9c-8622-5dc9d0e29c31: receive RaftClientReply:client-DA9582518C67->1df8bd03-73ef-4b9c-8622-5dc9d0e29c31@group-F45402591F47, cid=1836, SUCCESS, logIndex=2626, commits[1df8bd03-73ef-4b9c-8622-5dc9d0e29c31:c2626, 12aca755-ada5-42df-801b-c61f99d8e8b8:c2622, a308b8bf-0324-43a1-a87f-1e10a96e3042:c2622]
2019-08-21 19:24:15,972 | INFO  | SCMAudit | user=jenkins1000 | ip=192.168.69.88 | op=SEND_HEARTBEAT {datanodeUUID=a308b8bf-0324-43a1-a87f-1e10a96e3042, command=[]} | ret=SUCCESS |  
2019-08-21 19:24:15,972 | INFO  | SCMAudit | user=jenkins1000 | ip=192.168.69.88 | op=SEND_HEARTBEAT {datanodeUUID=12aca755-ada5-42df-801b-c61f99d8e8b8, command=[]} | ret=SUCCESS |  
2019-08-21 19:24:15,973 | INFO  | DNAudit | user=null | ip=null | op=WRITE_CHUNK {blockData=conID: 3 locID: 102656603316617742 bcsId: 2622} | ret=SUCCESS |  
2019-08-21 19:24:15,973 | INFO  | SCMAudit | user=jenkins1000 | ip=192.168.69.88 | op=SEND_HEARTBEAT {datanodeUUID=1df8bd03-73ef-4b9c-8622-5dc9d0e29c31, command=[]} | ret=SUCCESS |  
2019-08-21 19:24:15,973 | INFO  | DNAudit | user=null | ip=null | op=WRITE_CHUNK {blockData=conID: 3 locID: 102656603316617742 bcsId: 2622} | ret=SUCCESS |  
2019-08-21 19:24:15,974 | INFO  | DNAudit | user=null | ip=null | op=PUT_BLOCK {blockData=[blockId=conID: 3 locID: 102656603316617742 bcsId: 0,size=4194304]} | ret=SUCCESS |  
2019-08-21 19:24:15,974 | INFO  | DNAudit | user=null | ip=null | op=PUT_BLOCK {blockData=[blockId=conID: 3 locID: 102656603316617742 bcsId: 0,size=4194304]} | ret=SUCCESS |  
2019-08-21 19:24:15,975 [grpc-default-executor-5] INFO  client.GrpcClientProtocolClient (GrpcClientProtocolClient.java:onNext(255)) - client-DA9582518C67->1df8bd03-73ef-4b9c-8622-5dc9d0e29c31: receive RaftClientReply:client-DA9582518C67->1df8bd03-73ef-4b9c-8622-5dc9d0e29c31@group-F45402591F47, cid=1837, SUCCESS, logIndex=0, commits[1df8bd03-73ef-4b9c-8622-5dc9d0e29c31:c2628, 12aca755-ada5-42df-801b-c61f99d8e8b8:c2626, a308b8bf-0324-43a1-a87f-1e10a96e3042:c2626]
2019-08-21 19:24:15,977 | INFO  | SCMAudit | user=jenkins1000 | ip=192.168.69.88 | op=ALLOCATE_BLOCK {owner=a4b1d482-4fe6-4e71-84a6-a95f4ce3f696, size=4194304, type=RATIS, factor=THREE} | ret=SUCCESS |  
2019-08-21 19:24:15,979 | INFO  | OMAudit | user=jenkins1000 | ip=127.0.0.1 | op=ALLOCATE_BLOCK {volume=vol-0-90666, bucket=bucket-0-29336, key=key-0-94354, dataSize=0, replicationType=null, replicationFactor=null, keyLocationInfo=null, clientID=102656601977389458} | ret=SUCCESS |  
2019-08-21 19:24:15,985 | INFO  | DNAudit | user=null | ip=null | op=WRITE_CHUNK {blockData=conID: 1 locID: 102656603322909199 bcsId: 0} | ret=SUCCESS |  
2019-08-21 19:24:15,988 | INFO  | DNAudit | user=null | ip=null | op=WRITE_CHUNK {blockData=conID: 1 locID: 102656603322909199 bcsId: 0} | ret=SUCCESS |  
2019-08-21 19:24:15,989 | INFO  | DNAudit | user=null | ip=null | op=WRITE_CHUNK {blockData=conID: 1 locID: 102656603322909199 bcsId: 0} | ret=SUCCESS |  
2019-08-21 19:24:15,989 | INFO  | DNAudit | user=null | ip=null | op=WRITE_CHUNK {blockData=conID: 1 locID: 102656603322909199 bcsId: 0} | ret=SUCCESS |  
2019-08-21 19:24:15,990 | INFO  | DNAudit | user=null | ip=null | op=WRITE_CHUNK {blockData=conID: 1 locID: 102656603322909199 bcsId: 0} | ret=SUCCESS |  
2019-08-21 19:24:15,990 | INFO  | DNAudit | user=null | ip=null | op=WRITE_CHUNK {blockData=conID: 1 locID: 102656603322909199 bcsId: 0} | ret=SUCCESS |  
2019-08-21 19:24:16,002 | INFO  | DNAudit | user=null | ip=null | op=WRITE_CHUNK {blockData=conID: 1 locID: 102656603322909199 bcsId: 0} | ret=SUCCESS |  
2019-08-21 19:24:16,002 | INFO  | DNAudit | user=null | ip=null | op=PUT_BLOCK {blockData=[blockId=conID: 1 locID: 102656603322909199 bcsId: 0,size=1048576]} | ret=SUCCESS |  
2019-08-21 19:24:16,002 | INFO  | DNAudit | user=null | ip=null | op=WRITE_CHUNK {blockData=conID: 1 locID: 102656603322909199 bcsId: 0} | ret=SUCCESS |  
2019-08-21 19:24:16,002 [grpc-default-executor-0] INFO  client.GrpcClientProtocolClient (GrpcClientProtocolClient.java:onNext(255)) - client-DA9582518C67->1df8bd03-73ef-4b9c-8622-5dc9d0e29c31: receive RaftClientReply:client-DA9582518C67->1df8bd03-73ef-4b9c-8622-5dc9d0e29c31@group-F45402591F47, cid=1838, SUCCESS, logIndex=2629, commits[1df8bd03-73ef-4b9c-8622-5dc9d0e29c31:c2632, 12aca755-ada5-42df-801b-c61f99d8e8b8:c2628, a308b8bf-0324-43a1-a87f-1e10a96e3042:c2628]
2019-08-21 19:24:16,003 | INFO  | DNAudit | user=null | ip=null | op=PUT_BLOCK {blockData=[blockId=conID: 1 locID: 102656603322909199 bcsId: 0,size=2097152]} | ret=SUCCESS |  
2019-08-21 19:24:16,003 [grpc-default-executor-0] INFO  client.GrpcClientProtocolClient (GrpcClientProtocolClient.java:onNext(255)) - client-DA9582518C67->1df8bd03-73ef-4b9c-8622-5dc9d0e29c31: receive RaftClientReply:client-DA9582518C67->1df8bd03-73ef-4b9c-8622-5dc9d0e29c31@group-F45402591F47, cid=1839, SUCCESS, logIndex=2630, commits[1df8bd03-73ef-4b9c-8622-5dc9d0e29c31:c2632, 12aca755-ada5-42df-801b-c61f99d8e8b8:c2628, a308b8bf-0324-43a1-a87f-1e10a96e3042:c2628]
2019-08-21 19:24:16,003 [grpc-default-executor-0] INFO  client.GrpcClientProtocolClient (GrpcClientProtocolClient.java:onNext(255)) - client-DA9582518C67->1df8bd03-73ef-4b9c-8622-5dc9d0e29c31: receive RaftClientReply:client-DA9582518C67->1df8bd03-73ef-4b9c-8622-5dc9d0e29c31@group-F45402591F47, cid=1840, SUCCESS, logIndex=2631, commits[1df8bd03-73ef-4b9c-8622-5dc9d0e29c31:c2632, 12aca755-ada5-42df-801b-c61f99d8e8b8:c2628, a308b8bf-0324-43a1-a87f-1e10a96e3042:c2628]
2019-08-21 19:24:16,004 [grpc-default-executor-0] INFO  client.GrpcClientProtocolClient (GrpcClientProtocolClient.java:onNext(255)) - client-DA9582518C67->1df8bd03-73ef-4b9c-8622-5dc9d0e29c31: receive RaftClientReply:client-DA9582518C67->1df8bd03-73ef-4b9c-8622-5dc9d0e29c31@group-F45402591F47, cid=1841, SUCCESS, logIndex=2632, commits[1df8bd03-73ef-4b9c-8622-5dc9d0e29c31:c2632, 12aca755-ada5-42df-801b-c61f99d8e8b8:c2628, a308b8bf-0324-43a1-a87f-1e10a96e3042:c2628]
2019-08-21 19:24:16,013 | INFO  | DNAudit | user=null | ip=null | op=WRITE_CHUNK {blockData=conID: 1 locID: 102656603322909199 bcsId: 0} | ret=SUCCESS |  
2019-08-21 19:24:16,013 | INFO  | DNAudit | user=null | ip=null | op=WRITE_CHUNK {blockData=conID: 1 locID: 102656603322909199 bcsId: 0} | ret=SUCCESS |  
2019-08-21 19:24:16,014 | INFO  | DNAudit | user=null | ip=null | op=PUT_BLOCK {blockData=[blockId=conID: 1 locID: 102656603322909199 bcsId: 0,size=1048576]} | ret=SUCCESS |  
2019-08-21 19:24:16,014 | INFO  | DNAudit | user=null | ip=null | op=PUT_BLOCK {blockData=[blockId=conID: 1 locID: 102656603322909199 bcsId: 0,size=1048576]} | ret=SUCCESS |  
2019-08-21 19:24:16,014 | INFO  | DNAudit | user=null | ip=null | op=WRITE_CHUNK {blockData=conID: 1 locID: 102656603322909199 bcsId: 0} | ret=SUCCESS |  
2019-08-21 19:24:16,014 | INFO  | DNAudit | user=null | ip=null | op=WRITE_CHUNK {blockData=conID: 1 locID: 102656603322909199 bcsId: 0} | ret=SUCCESS |  
2019-08-21 19:24:16,014 [grpc-default-executor-2] INFO  client.GrpcClientProtocolClient (GrpcClientProtocolClient.java:onNext(255)) - client-DA9582518C67->1df8bd03-73ef-4b9c-8622-5dc9d0e29c31: receive RaftClientReply:client-DA9582518C67->1df8bd03-73ef-4b9c-8622-5dc9d0e29c31@group-F45402591F47, cid=1842, SUCCESS, logIndex=0, commits[1df8bd03-73ef-4b9c-8622-5dc9d0e29c31:c2633, 12aca755-ada5-42df-801b-c61f99d8e8b8:c2631, a308b8bf-0324-43a1-a87f-1e10a96e3042:c2631]
2019-08-21 19:24:16,016 | INFO  | DNAudit | user=null | ip=null | op=PUT_BLOCK {blockData=[blockId=conID: 1 locID: 102656603322909199 bcsId: 0,size=2097152]} | ret=SUCCESS |  
2019-08-21 19:24:16,016 | INFO  | DNAudit | user=null | ip=null | op=PUT_BLOCK {blockData=[blockId=conID: 1 locID: 102656603322909199 bcsId: 0,size=2097152]} | ret=SUCCESS |  
2019-08-21 19:24:16,020 | INFO  | DNAudit | user=null | ip=null | op=WRITE_CHUNK {blockData=conID: 1 locID: 102656603322909199 bcsId: 2632} | ret=SUCCESS |  
2019-08-21 19:24:16,022 | INFO  | DNAudit | user=null | ip=null | op=WRITE_CHUNK {blockData=conID: 1 locID: 102656603322909199 bcsId: 2632} | ret=SUCCESS |  
2019-08-21 19:24:16,022 | INFO  | DNAudit | user=null | ip=null | op=WRITE_CHUNK {blockData=conID: 1 locID: 102656603322909199 bcsId: 2632} | ret=SUCCESS |  
2019-08-21 19:24:16,046 | INFO  | DNAudit | user=null | ip=null | op=WRITE_CHUNK {blockData=conID: 1 locID: 102656603322909199 bcsId: 2632} | ret=SUCCESS |  
2019-08-21 19:24:16,046 | INFO  | DNAudit | user=null | ip=null | op=PUT_BLOCK {blockData=[blockId=conID: 1 locID: 102656603322909199 bcsId: 0,size=3145728]} | ret=SUCCESS |  
2019-08-21 19:24:16,046 [grpc-default-executor-2] INFO  client.GrpcClientProtocolClient (GrpcClientProtocolClient.java:onNext(255)) - client-DA9582518C67->1df8bd03-73ef-4b9c-8622-5dc9d0e29c31: receive RaftClientReply:client-DA9582518C67->1df8bd03-73ef-4b9c-8622-5dc9d0e29c31@group-F45402591F47, cid=1843, SUCCESS, logIndex=2636, commits[1df8bd03-73ef-4b9c-8622-5dc9d0e29c31:c2637, 12aca755-ada5-42df-801b-c61f99d8e8b8:c2635, a308b8bf-0324-43a1-a87f-1e10a96e3042:c2635]
2019-08-21 19:24:16,047 [grpc-default-executor-2] INFO  client.GrpcClientProtocolClient (GrpcClientProtocolClient.java:onNext(255)) - client-DA9582518C67->1df8bd03-73ef-4b9c-8622-5dc9d0e29c31: receive RaftClientReply:client-DA9582518C67->1df8bd03-73ef-4b9c-8622-5dc9d0e29c31@group-F45402591F47, cid=1844, SUCCESS, logIndex=2637, commits[1df8bd03-73ef-4b9c-8622-5dc9d0e29c31:c2637, 12aca755-ada5-42df-801b-c61f99d8e8b8:c2635, a308b8bf-0324-43a1-a87f-1e10a96e3042:c2635]
2019-08-21 19:24:16,053 | INFO  | DNAudit | user=null | ip=null | op=WRITE_CHUNK {blockData=conID: 1 locID: 102656603322909199 bcsId: 2637} | ret=SUCCESS |  
2019-08-21 19:24:16,055 | INFO  | DNAudit | user=null | ip=null | op=WRITE_CHUNK {blockData=conID: 1 locID: 102656603322909199 bcsId: 2637} | ret=SUCCESS |  
2019-08-21 19:24:16,056 | INFO  | DNAudit | user=null | ip=null | op=WRITE_CHUNK {blockData=conID: 1 locID: 102656603322909199 bcsId: 2637} | ret=SUCCESS |  
2019-08-21 19:24:16,063 | INFO  | DNAudit | user=null | ip=null | op=WRITE_CHUNK {blockData=conID: 1 locID: 102656603322909199 bcsId: 2632} | ret=SUCCESS |  
2019-08-21 19:24:16,063 | INFO  | DNAudit | user=null | ip=null | op=WRITE_CHUNK {blockData=conID: 1 locID: 102656603322909199 bcsId: 2632} | ret=SUCCESS |  
2019-08-21 19:24:16,064 | INFO  | DNAudit | user=null | ip=null | op=PUT_BLOCK {blockData=[blockId=conID: 1 locID: 102656603322909199 bcsId: 0,size=3145728]} | ret=SUCCESS |  
2019-08-21 19:24:16,064 | INFO  | DNAudit | user=null | ip=null | op=PUT_BLOCK {blockData=[blockId=conID: 1 locID: 102656603322909199 bcsId: 0,size=3145728]} | ret=SUCCESS |  
2019-08-21 19:24:16,077 | INFO  | DNAudit | user=null | ip=null | op=WRITE_CHUNK {blockData=conID: 1 locID: 102656603322909199 bcsId: 2637} | ret=SUCCESS |  
2019-08-21 19:24:16,078 | INFO  | DNAudit | user=null | ip=null | op=PUT_BLOCK {blockData=[blockId=conID: 1 locID: 102656603322909199 bcsId: 0,size=4194304]} | ret=SUCCESS |  
2019-08-21 19:24:16,078 [grpc-default-executor-0] INFO  client.GrpcClientProtocolClient (GrpcClientProtocolClient.java:onNext(255)) - client-DA9582518C67->1df8bd03-73ef-4b9c-8622-5dc9d0e29c31: receive RaftClientReply:client-DA9582518C67->1df8bd03-73ef-4b9c-8622-5dc9d0e29c31@group-F45402591F47, cid=1845, SUCCESS, logIndex=2640, commits[1df8bd03-73ef-4b9c-8622-5dc9d0e29c31:c2641, 12aca755-ada5-42df-801b-c61f99d8e8b8:c2637, a308b8bf-0324-43a1-a87f-1e10a96e3042:c2637]
2019-08-21 19:24:16,078 [grpc-default-executor-0] INFO  client.GrpcClientProtocolClient (GrpcClientProtocolClient.java:onNext(255)) - client-DA9582518C67->1df8bd03-73ef-4b9c-8622-5dc9d0e29c31: receive RaftClientReply:client-DA9582518C67->1df8bd03-73ef-4b9c-8622-5dc9d0e29c31@group-F45402591F47, cid=1846, SUCCESS, logIndex=2641, commits[1df8bd03-73ef-4b9c-8622-5dc9d0e29c31:c2641, 12aca755-ada5-42df-801b-c61f99d8e8b8:c2637, a308b8bf-0324-43a1-a87f-1e10a96e3042:c2637]
2019-08-21 19:24:16,086 | INFO  | DNAudit | user=null | ip=null | op=WRITE_CHUNK {blockData=conID: 1 locID: 102656603322909199 bcsId: 2637} | ret=SUCCESS |  
2019-08-21 19:24:16,086 | INFO  | DNAudit | user=null | ip=null | op=WRITE_CHUNK {blockData=conID: 1 locID: 102656603322909199 bcsId: 2637} | ret=SUCCESS |  
2019-08-21 19:24:16,086 | INFO  | DNAudit | user=null | ip=null | op=PUT_BLOCK {blockData=[blockId=conID: 1 locID: 102656603322909199 bcsId: 0,size=4194304]} | ret=SUCCESS |  
2019-08-21 19:24:16,099 | INFO  | DNAudit | user=null | ip=null | op=PUT_BLOCK {blockData=[blockId=conID: 1 locID: 102656603322909199 bcsId: 0,size=4194304]} | ret=SUCCESS |  
2019-08-21 19:24:16,100 [grpc-default-executor-0] INFO  client.GrpcClientProtocolClient (GrpcClientProtocolClient.java:onNext(255)) - client-DA9582518C67->1df8bd03-73ef-4b9c-8622-5dc9d0e29c31: receive RaftClientReply:client-DA9582518C67->1df8bd03-73ef-4b9c-8622-5dc9d0e29c31@group-F45402591F47, cid=1847, SUCCESS, logIndex=0, commits[1df8bd03-73ef-4b9c-8622-5dc9d0e29c31:c2642, 12aca755-ada5-42df-801b-c61f99d8e8b8:c2641, a308b8bf-0324-43a1-a87f-1e10a96e3042:c2641]
2019-08-21 19:24:16,104 | INFO  | SCMAudit | user=jenkins1000 | ip=192.168.69.88 | op=ALLOCATE_BLOCK {owner=a4b1d482-4fe6-4e71-84a6-a95f4ce3f696, size=4194304, type=RATIS, factor=THREE} | ret=SUCCESS |  
2019-08-21 19:24:16,106 | INFO  | OMAudit | user=jenkins1000 | ip=127.0.0.1 | op=ALLOCATE_BLOCK {volume=vol-0-90666, bucket=bucket-0-29336, key=key-0-94354, dataSize=0, replicationType=null, replicationFactor=null, keyLocationInfo=null, clientID=102656601977389458} | ret=SUCCESS |  
2019-08-21 19:24:16,111 | INFO  | DNAudit | user=null | ip=null | op=WRITE_CHUNK {blockData=conID: 2 locID: 102656603331232272 bcsId: 0} | ret=SUCCESS |  
2019-08-21 19:24:16,114 | INFO  | DNAudit | user=null | ip=null | op=WRITE_CHUNK {blockData=conID: 2 locID: 102656603331232272 bcsId: 0} | ret=SUCCESS |  
2019-08-21 19:24:16,114 | INFO  | DNAudit | user=null | ip=null | op=WRITE_CHUNK {blockData=conID: 2 locID: 102656603331232272 bcsId: 0} | ret=SUCCESS |  
2019-08-21 19:24:16,114 | INFO  | DNAudit | user=null | ip=null | op=WRITE_CHUNK {blockData=conID: 2 locID: 102656603331232272 bcsId: 0} | ret=SUCCESS |  
2019-08-21 19:24:16,116 | INFO  | DNAudit | user=null | ip=null | op=WRITE_CHUNK {blockData=conID: 2 locID: 102656603331232272 bcsId: 0} | ret=SUCCESS |  
2019-08-21 19:24:16,116 | INFO  | DNAudit | user=null | ip=null | op=WRITE_CHUNK {blockData=conID: 2 locID: 102656603331232272 bcsId: 0} | ret=SUCCESS |  
2019-08-21 19:24:16,118 | INFO  | DNAudit | user=null | ip=null | op=WRITE_CHUNK {blockData=conID: 2 locID: 102656603331232272 bcsId: 0} | ret=SUCCESS |  
2019-08-21 19:24:16,118 | INFO  | DNAudit | user=null | ip=null | op=PUT_BLOCK {blockData=[blockId=conID: 2 locID: 102656603331232272 bcsId: 0,size=1048576]} | ret=SUCCESS |  
2019-08-21 19:24:16,118 [grpc-default-executor-4] INFO  client.GrpcClientProtocolClient (GrpcClientProtocolClient.java:onNext(255)) - client-DA9582518C67->1df8bd03-73ef-4b9c-8622-5dc9d0e29c31: receive RaftClientReply:client-DA9582518C67->1df8bd03-73ef-4b9c-8622-5dc9d0e29c31@group-F45402591F47, cid=1848, SUCCESS, logIndex=2644, commits[1df8bd03-73ef-4b9c-8622-5dc9d0e29c31:c2645, 12aca755-ada5-42df-801b-c61f99d8e8b8:c2643, a308b8bf-0324-43a1-a87f-1e10a96e3042:c2643]
2019-08-21 19:24:16,119 [grpc-default-executor-4] INFO  client.GrpcClientProtocolClient (GrpcClientProtocolClient.java:onNext(255)) - client-DA9582518C67->1df8bd03-73ef-4b9c-8622-5dc9d0e29c31: receive RaftClientReply:client-DA9582518C67->1df8bd03-73ef-4b9c-8622-5dc9d0e29c31@group-F45402591F47, cid=1849, SUCCESS, logIndex=2645, commits[1df8bd03-73ef-4b9c-8622-5dc9d0e29c31:c2645, 12aca755-ada5-42df-801b-c61f99d8e8b8:c2643, a308b8bf-0324-43a1-a87f-1e10a96e3042:c2643]
2019-08-21 19:24:16,119 | INFO  | DNAudit | user=null | ip=null | op=WRITE_CHUNK {blockData=conID: 2 locID: 102656603331232272 bcsId: 0} | ret=SUCCESS |  
2019-08-21 19:24:16,120 | INFO  | DNAudit | user=null | ip=null | op=PUT_BLOCK {blockData=[blockId=conID: 2 locID: 102656603331232272 bcsId: 0,size=2097152]} | ret=SUCCESS |  
2019-08-21 19:24:16,120 [grpc-default-executor-0] INFO  client.GrpcClientProtocolClient (GrpcClientProtocolClient.java:onNext(255)) - client-DA9582518C67->1df8bd03-73ef-4b9c-8622-5dc9d0e29c31: receive RaftClientReply:client-DA9582518C67->1df8bd03-73ef-4b9c-8622-5dc9d0e29c31@group-F45402591F47, cid=1850, SUCCESS, logIndex=2646, commits[1df8bd03-73ef-4b9c-8622-5dc9d0e29c31:c2647, 12aca755-ada5-42df-801b-c61f99d8e8b8:c2643, a308b8bf-0324-43a1-a87f-1e10a96e3042:c2643]
2019-08-21 19:24:16,120 [grpc-default-executor-0] INFO  client.GrpcClientProtocolClient (GrpcClientProtocolClient.java:onNext(255)) - client-DA9582518C67->1df8bd03-73ef-4b9c-8622-5dc9d0e29c31: receive RaftClientReply:client-DA9582518C67->1df8bd03-73ef-4b9c-8622-5dc9d0e29c31@group-F45402591F47, cid=1851, SUCCESS, logIndex=2647, commits[1df8bd03-73ef-4b9c-8622-5dc9d0e29c31:c2647, 12aca755-ada5-42df-801b-c61f99d8e8b8:c2643, a308b8bf-0324-43a1-a87f-1e10a96e3042:c2643]
2019-08-21 19:24:16,134 | INFO  | DNAudit | user=null | ip=null | op=WRITE_CHUNK {blockData=conID: 2 locID: 102656603331232272 bcsId: 0} | ret=SUCCESS |  
2019-08-21 19:24:16,134 | INFO  | DNAudit | user=null | ip=null | op=PUT_BLOCK {blockData=[blockId=conID: 2 locID: 102656603331232272 bcsId: 0,size=1048576]} | ret=SUCCESS |  
2019-08-21 19:24:16,135 | INFO  | DNAudit | user=null | ip=null | op=WRITE_CHUNK {blockData=conID: 2 locID: 102656603331232272 bcsId: 0} | ret=SUCCESS |  
2019-08-21 19:24:16,136 | INFO  | DNAudit | user=null | ip=null | op=PUT_BLOCK {blockData=[blockId=conID: 2 locID: 102656603331232272 bcsId: 0,size=1048576]} | ret=SUCCESS |  
2019-08-21 19:24:16,136 | INFO  | DNAudit | user=null | ip=null | op=WRITE_CHUNK {blockData=conID: 2 locID: 102656603331232272 bcsId: 0} | ret=SUCCESS |  
2019-08-21 19:24:16,136 [grpc-default-executor-4] INFO  client.GrpcClientProtocolClient (GrpcClientProtocolClient.java:onNext(255)) - client-DA9582518C67->1df8bd03-73ef-4b9c-8622-5dc9d0e29c31: receive RaftClientReply:client-DA9582518C67->1df8bd03-73ef-4b9c-8622-5dc9d0e29c31@group-F45402591F47, cid=1852, SUCCESS, logIndex=0, commits[1df8bd03-73ef-4b9c-8622-5dc9d0e29c31:c2649, 12aca755-ada5-42df-801b-c61f99d8e8b8:c2645, a308b8bf-0324-43a1-a87f-1e10a96e3042:c2645]
2019-08-21 19:24:16,136 | INFO  | DNAudit | user=null | ip=null | op=PUT_BLOCK {blockData=[blockId=conID: 2 locID: 102656603331232272 bcsId: 0,size=2097152]} | ret=SUCCESS |  
2019-08-21 19:24:16,141 | INFO  | DNAudit | user=null | ip=null | op=WRITE_CHUNK {blockData=conID: 2 locID: 102656603331232272 bcsId: 2647} | ret=SUCCESS |  
2019-08-21 19:24:16,143 | INFO  | DNAudit | user=null | ip=null | op=WRITE_CHUNK {blockData=conID: 2 locID: 102656603331232272 bcsId: 2647} | ret=SUCCESS |  
2019-08-21 19:24:16,144 | INFO  | DNAudit | user=null | ip=null | op=WRITE_CHUNK {blockData=conID: 2 locID: 102656603331232272 bcsId: 2647} | ret=SUCCESS |  
2019-08-21 19:24:16,146 | INFO  | DNAudit | user=null | ip=null | op=WRITE_CHUNK {blockData=conID: 2 locID: 102656603331232272 bcsId: 0} | ret=SUCCESS |  
2019-08-21 19:24:16,147 | INFO  | DNAudit | user=null | ip=null | op=PUT_BLOCK {blockData=[blockId=conID: 2 locID: 102656603331232272 bcsId: 0,size=2097152]} | ret=SUCCESS |  
2019-08-21 19:24:16,149 | INFO  | DNAudit | user=null | ip=null | op=WRITE_CHUNK {blockData=conID: 2 locID: 102656603331232272 bcsId: 2647} | ret=SUCCESS |  
2019-08-21 19:24:16,149 | INFO  | DNAudit | user=null | ip=null | op=PUT_BLOCK {blockData=[blockId=conID: 2 locID: 102656603331232272 bcsId: 0,size=3145728]} | ret=SUCCESS |  
2019-08-21 19:24:16,149 [grpc-default-executor-0] INFO  client.GrpcClientProtocolClient (GrpcClientProtocolClient.java:onNext(255)) - client-DA9582518C67->1df8bd03-73ef-4b9c-8622-5dc9d0e29c31: receive RaftClientReply:client-DA9582518C67->1df8bd03-73ef-4b9c-8622-5dc9d0e29c31@group-F45402591F47, cid=1853, SUCCESS, logIndex=2652, commits[1df8bd03-73ef-4b9c-8622-5dc9d0e29c31:c2653, 12aca755-ada5-42df-801b-c61f99d8e8b8:c2651, a308b8bf-0324-43a1-a87f-1e10a96e3042:c2647]
2019-08-21 19:24:16,149 [grpc-default-executor-0] INFO  client.GrpcClientProtocolClient (GrpcClientProtocolClient.java:onNext(255)) - client-DA9582518C67->1df8bd03-73ef-4b9c-8622-5dc9d0e29c31: receive RaftClientReply:client-DA9582518C67->1df8bd03-73ef-4b9c-8622-5dc9d0e29c31@group-F45402591F47, cid=1854, SUCCESS, logIndex=2653, commits[1df8bd03-73ef-4b9c-8622-5dc9d0e29c31:c2653, 12aca755-ada5-42df-801b-c61f99d8e8b8:c2651, a308b8bf-0324-43a1-a87f-1e10a96e3042:c2647]
2019-08-21 19:24:16,155 | INFO  | DNAudit | user=null | ip=null | op=WRITE_CHUNK {blockData=conID: 2 locID: 102656603331232272 bcsId: 2653} | ret=SUCCESS |  
2019-08-21 19:24:16,157 | INFO  | DNAudit | user=null | ip=null | op=WRITE_CHUNK {blockData=conID: 2 locID: 102656603331232272 bcsId: 2653} | ret=SUCCESS |  
2019-08-21 19:24:16,157 | INFO  | DNAudit | user=null | ip=null | op=WRITE_CHUNK {blockData=conID: 2 locID: 102656603331232272 bcsId: 2653} | ret=SUCCESS |  
2019-08-21 19:24:16,162 | INFO  | DNAudit | user=null | ip=null | op=WRITE_CHUNK {blockData=conID: 2 locID: 102656603331232272 bcsId: 2647} | ret=SUCCESS |  
2019-08-21 19:24:16,162 | INFO  | DNAudit | user=null | ip=null | op=PUT_BLOCK {blockData=[blockId=conID: 2 locID: 102656603331232272 bcsId: 0,size=3145728]} | ret=SUCCESS |  
2019-08-21 19:24:16,173 | INFO  | DNAudit | user=null | ip=null | op=WRITE_CHUNK {blockData=conID: 2 locID: 102656603331232272 bcsId: 2647} | ret=SUCCESS |  
2019-08-21 19:24:16,173 | INFO  | DNAudit | user=null | ip=null | op=PUT_BLOCK {blockData=[blockId=conID: 2 locID: 102656603331232272 bcsId: 0,size=3145728]} | ret=SUCCESS |  
2019-08-21 19:24:16,175 | INFO  | DNAudit | user=null | ip=null | op=WRITE_CHUNK {blockData=conID: 2 locID: 102656603331232272 bcsId: 2653} | ret=SUCCESS |  
2019-08-21 19:24:16,175 | INFO  | DNAudit | user=null | ip=null | op=PUT_BLOCK {blockData=[blockId=conID: 2 locID: 102656603331232272 bcsId: 0,size=4194304]} | ret=SUCCESS |  
2019-08-21 19:24:16,175 [grpc-default-executor-4] INFO  client.GrpcClientProtocolClient (GrpcClientProtocolClient.java:onNext(255)) - client-DA9582518C67->1df8bd03-73ef-4b9c-8622-5dc9d0e29c31: receive RaftClientReply:client-DA9582518C67->1df8bd03-73ef-4b9c-8622-5dc9d0e29c31@group-F45402591F47, cid=1855, SUCCESS, logIndex=2656, commits[1df8bd03-73ef-4b9c-8622-5dc9d0e29c31:c2657, 12aca755-ada5-42df-801b-c61f99d8e8b8:c2653, a308b8bf-0324-43a1-a87f-1e10a96e3042:c2653]
2019-08-21 19:24:16,176 [grpc-default-executor-4] INFO  client.GrpcClientProtocolClient (GrpcClientProtocolClient.java:onNext(255)) - client-DA9582518C67->1df8bd03-73ef-4b9c-8622-5dc9d0e29c31: receive RaftClientReply:client-DA9582518C67->1df8bd03-73ef-4b9c-8622-5dc9d0e29c31@group-F45402591F47, cid=1856, SUCCESS, logIndex=2657, commits[1df8bd03-73ef-4b9c-8622-5dc9d0e29c31:c2657, 12aca755-ada5-42df-801b-c61f99d8e8b8:c2653, a308b8bf-0324-43a1-a87f-1e10a96e3042:c2653]
2019-08-21 19:24:16,186 | INFO  | DNAudit | user=null | ip=null | op=WRITE_CHUNK {blockData=conID: 2 locID: 102656603331232272 bcsId: 2653} | ret=SUCCESS |  
2019-08-21 19:24:16,186 | INFO  | DNAudit | user=null | ip=null | op=WRITE_CHUNK {blockData=conID: 2 locID: 102656603331232272 bcsId: 2653} | ret=SUCCESS |  
2019-08-21 19:24:16,186 | INFO  | DNAudit | user=null | ip=null | op=PUT_BLOCK {blockData=[blockId=conID: 2 locID: 102656603331232272 bcsId: 0,size=4194304]} | ret=SUCCESS |  
2019-08-21 19:24:16,186 | INFO  | DNAudit | user=null | ip=null | op=PUT_BLOCK {blockData=[blockId=conID: 2 locID: 102656603331232272 bcsId: 0,size=4194304]} | ret=SUCCESS |  
2019-08-21 19:24:16,186 [grpc-default-executor-0] INFO  client.GrpcClientProtocolClient (GrpcClientProtocolClient.java:onNext(255)) - client-DA9582518C67->1df8bd03-73ef-4b9c-8622-5dc9d0e29c31: receive RaftClientReply:client-DA9582518C67->1df8bd03-73ef-4b9c-8622-5dc9d0e29c31@group-F45402591F47, cid=1857, SUCCESS, logIndex=0, commits[1df8bd03-73ef-4b9c-8622-5dc9d0e29c31:c2657, 12aca755-ada5-42df-801b-c61f99d8e8b8:c2657, a308b8bf-0324-43a1-a87f-1e10a96e3042:c2657]
2019-08-21 19:24:16,189 | INFO  | SCMAudit | user=jenkins1000 | ip=192.168.69.88 | op=ALLOCATE_BLOCK {owner=a4b1d482-4fe6-4e71-84a6-a95f4ce3f696, size=4194304, type=RATIS, factor=THREE} | ret=SUCCESS |  
2019-08-21 19:24:16,196 | INFO  | SCMAudit | user=jenkins1000 | ip=192.168.69.88 | op=SEND_HEARTBEAT {datanodeUUID=cfaf9666-ca64-459e-bd34-ff7c349f752a, command=[]} | ret=SUCCESS |  
2019-08-21 19:24:16,197 | INFO  | OMAudit | user=jenkins1000 | ip=127.0.0.1 | op=ALLOCATE_BLOCK {volume=vol-0-90666, bucket=bucket-0-29336, key=key-0-94354, dataSize=0, replicationType=null, replicationFactor=null, keyLocationInfo=null, clientID=102656601977389458} | ret=SUCCESS |  
2019-08-21 19:24:16,202 | INFO  | DNAudit | user=null | ip=null | op=WRITE_CHUNK {blockData=conID: 3 locID: 102656603336802833 bcsId: 0} | ret=SUCCESS |  
2019-08-21 19:24:16,204 | INFO  | DNAudit | user=null | ip=null | op=WRITE_CHUNK {blockData=conID: 3 locID: 102656603336802833 bcsId: 0} | ret=SUCCESS |  
2019-08-21 19:24:16,205 | INFO  | DNAudit | user=null | ip=null | op=WRITE_CHUNK {blockData=conID: 3 locID: 102656603336802833 bcsId: 0} | ret=SUCCESS |  
2019-08-21 19:24:16,205 | INFO  | DNAudit | user=null | ip=null | op=WRITE_CHUNK {blockData=conID: 3 locID: 102656603336802833 bcsId: 0} | ret=SUCCESS |  
2019-08-21 19:24:16,207 | INFO  | DNAudit | user=null | ip=null | op=WRITE_CHUNK {blockData=conID: 3 locID: 102656603336802833 bcsId: 0} | ret=SUCCESS |  
2019-08-21 19:24:16,207 | INFO  | DNAudit | user=null | ip=null | op=WRITE_CHUNK {blockData=conID: 3 locID: 102656603336802833 bcsId: 0} | ret=SUCCESS |  
2019-08-21 19:24:16,238 | INFO  | DNAudit | user=null | ip=null | op=WRITE_CHUNK {blockData=conID: 3 locID: 102656603336802833 bcsId: 0} | ret=SUCCESS |  
2019-08-21 19:24:16,239 | INFO  | DNAudit | user=null | ip=null | op=PUT_BLOCK {blockData=[blockId=conID: 3 locID: 102656603336802833 bcsId: 0,size=1048576]} | ret=SUCCESS |  
2019-08-21 19:24:16,239 [grpc-default-executor-4] INFO  client.GrpcClientProtocolClient (GrpcClientProtocolClient.java:onNext(255)) - client-DA9582518C67->1df8bd03-73ef-4b9c-8622-5dc9d0e29c31: receive RaftClientReply:client-DA9582518C67->1df8bd03-73ef-4b9c-8622-5dc9d0e29c31@group-F45402591F47, cid=1858, SUCCESS, logIndex=2659, commits[1df8bd03-73ef-4b9c-8622-5dc9d0e29c31:c2661, 12aca755-ada5-42df-801b-c61f99d8e8b8:c2658, a308b8bf-0324-43a1-a87f-1e10a96e3042:c2658]
2019-08-21 19:24:16,239 | INFO  | DNAudit | user=null | ip=null | op=WRITE_CHUNK {blockData=conID: 3 locID: 102656603336802833 bcsId: 0} | ret=SUCCESS |  
2019-08-21 19:24:16,239 [grpc-default-executor-4] INFO  client.GrpcClientProtocolClient (GrpcClientProtocolClient.java:onNext(255)) - client-DA9582518C67->1df8bd03-73ef-4b9c-8622-5dc9d0e29c31: receive RaftClientReply:client-DA9582518C67->1df8bd03-73ef-4b9c-8622-5dc9d0e29c31@group-F45402591F47, cid=1859, SUCCESS, logIndex=2660, commits[1df8bd03-73ef-4b9c-8622-5dc9d0e29c31:c2662, 12aca755-ada5-42df-801b-c61f99d8e8b8:c2658, a308b8bf-0324-43a1-a87f-1e10a96e3042:c2658]
2019-08-21 19:24:16,240 | INFO  | DNAudit | user=null | ip=null | op=PUT_BLOCK {blockData=[blockId=conID: 3 locID: 102656603336802833 bcsId: 0,size=2097152]} | ret=SUCCESS |  
2019-08-21 19:24:16,240 [grpc-default-executor-4] INFO  client.GrpcClientProtocolClient (GrpcClientProtocolClient.java:onNext(255)) - client-DA9582518C67->1df8bd03-73ef-4b9c-8622-5dc9d0e29c31: receive RaftClientReply:client-DA9582518C67->1df8bd03-73ef-4b9c-8622-5dc9d0e29c31@group-F45402591F47, cid=1860, SUCCESS, logIndex=2661, commits[1df8bd03-73ef-4b9c-8622-5dc9d0e29c31:c2662, 12aca755-ada5-42df-801b-c61f99d8e8b8:c2658, a308b8bf-0324-43a1-a87f-1e10a96e3042:c2658]
2019-08-21 19:24:16,240 [grpc-default-executor-4] INFO  client.GrpcClientProtocolClient (GrpcClientProtocolClient.java:onNext(255)) - client-DA9582518C67->1df8bd03-73ef-4b9c-8622-5dc9d0e29c31: receive RaftClientReply:client-DA9582518C67->1df8bd03-73ef-4b9c-8622-5dc9d0e29c31@group-F45402591F47, cid=1861, SUCCESS, logIndex=2662, commits[1df8bd03-73ef-4b9c-8622-5dc9d0e29c31:c2662, 12aca755-ada5-42df-801b-c61f99d8e8b8:c2658, a308b8bf-0324-43a1-a87f-1e10a96e3042:c2658]
2019-08-21 19:24:16,246 | INFO  | DNAudit | user=null | ip=null | op=WRITE_CHUNK {blockData=conID: 3 locID: 102656603336802833 bcsId: 0} | ret=SUCCESS |  
2019-08-21 19:24:16,246 | INFO  | DNAudit | user=null | ip=null | op=WRITE_CHUNK {blockData=conID: 3 locID: 102656603336802833 bcsId: 0} | ret=SUCCESS |  
2019-08-21 19:24:16,246 | INFO  | DNAudit | user=null | ip=null | op=PUT_BLOCK {blockData=[blockId=conID: 3 locID: 102656603336802833 bcsId: 0,size=1048576]} | ret=SUCCESS |  
2019-08-21 19:24:16,246 | INFO  | DNAudit | user=null | ip=null | op=PUT_BLOCK {blockData=[blockId=conID: 3 locID: 102656603336802833 bcsId: 0,size=1048576]} | ret=SUCCESS |  
2019-08-21 19:24:16,246 [grpc-default-executor-2] INFO  client.GrpcClientProtocolClient (GrpcClientProtocolClient.java:onNext(255)) - client-DA9582518C67->1df8bd03-73ef-4b9c-8622-5dc9d0e29c31: receive RaftClientReply:client-DA9582518C67->1df8bd03-73ef-4b9c-8622-5dc9d0e29c31@group-F45402591F47, cid=1862, SUCCESS, logIndex=0, commits[1df8bd03-73ef-4b9c-8622-5dc9d0e29c31:c2662, 12aca755-ada5-42df-801b-c61f99d8e8b8:c2660, a308b8bf-0324-43a1-a87f-1e10a96e3042:c2660]
2019-08-21 19:24:16,247 | INFO  | DNAudit | user=null | ip=null | op=WRITE_CHUNK {blockData=conID: 3 locID: 102656603336802833 bcsId: 0} | ret=SUCCESS |  
2019-08-21 19:24:16,247 | INFO  | DNAudit | user=null | ip=null | op=WRITE_CHUNK {blockData=conID: 3 locID: 102656603336802833 bcsId: 0} | ret=SUCCESS |  
2019-08-21 19:24:16,248 | INFO  | DNAudit | user=null | ip=null | op=PUT_BLOCK {blockData=[blockId=conID: 3 locID: 102656603336802833 bcsId: 0,size=2097152]} | ret=SUCCESS |  
2019-08-21 19:24:16,248 | INFO  | DNAudit | user=null | ip=null | op=PUT_BLOCK {blockData=[blockId=conID: 3 locID: 102656603336802833 bcsId: 0,size=2097152]} | ret=SUCCESS |  
2019-08-21 19:24:16,254 | INFO  | DNAudit | user=null | ip=null | op=WRITE_CHUNK {blockData=conID: 3 locID: 102656603336802833 bcsId: 2662} | ret=SUCCESS |  
2019-08-21 19:24:16,257 | INFO  | DNAudit | user=null | ip=null | op=WRITE_CHUNK {blockData=conID: 3 locID: 102656603336802833 bcsId: 2662} | ret=SUCCESS |  
2019-08-21 19:24:16,257 | INFO  | DNAudit | user=null | ip=null | op=WRITE_CHUNK {blockData=conID: 3 locID: 102656603336802833 bcsId: 2662} | ret=SUCCESS |  
2019-08-21 19:24:16,268 | INFO  | DNAudit | user=null | ip=null | op=WRITE_CHUNK {blockData=conID: 3 locID: 102656603336802833 bcsId: 2662} | ret=SUCCESS |  
2019-08-21 19:24:16,269 | INFO  | DNAudit | user=null | ip=null | op=PUT_BLOCK {blockData=[blockId=conID: 3 locID: 102656603336802833 bcsId: 0,size=3145728]} | ret=SUCCESS |  
2019-08-21 19:24:16,269 [grpc-default-executor-4] INFO  client.GrpcClientProtocolClient (GrpcClientProtocolClient.java:onNext(255)) - client-DA9582518C67->1df8bd03-73ef-4b9c-8622-5dc9d0e29c31: receive RaftClientReply:client-DA9582518C67->1df8bd03-73ef-4b9c-8622-5dc9d0e29c31@group-F45402591F47, cid=1863, SUCCESS, logIndex=2667, commits[1df8bd03-73ef-4b9c-8622-5dc9d0e29c31:c2668, 12aca755-ada5-42df-801b-c61f99d8e8b8:c2666, a308b8bf-0324-43a1-a87f-1e10a96e3042:c2666]
2019-08-21 19:24:16,270 [grpc-default-executor-4] INFO  client.GrpcClientProtocolClient (GrpcClientProtocolClient.java:onNext(255)) - client-DA9582518C67->1df8bd03-73ef-4b9c-8622-5dc9d0e29c31: receive RaftClientReply:client-DA9582518C67->1df8bd03-73ef-4b9c-8622-5dc9d0e29c31@group-F45402591F47, cid=1864, SUCCESS, logIndex=2668, commits[1df8bd03-73ef-4b9c-8622-5dc9d0e29c31:c2668, 12aca755-ada5-42df-801b-c61f99d8e8b8:c2666, a308b8bf-0324-43a1-a87f-1e10a96e3042:c2666]
2019-08-21 19:24:16,276 | INFO  | DNAudit | user=null | ip=null | op=WRITE_CHUNK {blockData=conID: 3 locID: 102656603336802833 bcsId: 2668} | ret=SUCCESS |  
2019-08-21 19:24:16,277 | INFO  | DNAudit | user=null | ip=null | op=WRITE_CHUNK {blockData=conID: 3 locID: 102656603336802833 bcsId: 2662} | ret=SUCCESS |  
2019-08-21 19:24:16,277 | INFO  | DNAudit | user=null | ip=null | op=WRITE_CHUNK {blockData=conID: 3 locID: 102656603336802833 bcsId: 2662} | ret=SUCCESS |  
2019-08-21 19:24:16,277 | INFO  | DNAudit | user=null | ip=null | op=PUT_BLOCK {blockData=[blockId=conID: 3 locID: 102656603336802833 bcsId: 0,size=3145728]} | ret=SUCCESS |  
2019-08-21 19:24:16,277 | INFO  | DNAudit | user=null | ip=null | op=PUT_BLOCK {blockData=[blockId=conID: 3 locID: 102656603336802833 bcsId: 0,size=3145728]} | ret=SUCCESS |  
2019-08-21 19:24:16,279 | INFO  | DNAudit | user=null | ip=null | op=WRITE_CHUNK {blockData=conID: 3 locID: 102656603336802833 bcsId: 2668} | ret=SUCCESS |  
2019-08-21 19:24:16,279 | INFO  | DNAudit | user=null | ip=null | op=WRITE_CHUNK {blockData=conID: 3 locID: 102656603336802833 bcsId: 2668} | ret=SUCCESS |  
2019-08-21 19:24:16,300 | INFO  | DNAudit | user=null | ip=null | op=WRITE_CHUNK {blockData=conID: 3 locID: 102656603336802833 bcsId: 2668} | ret=SUCCESS |  
2019-08-21 19:24:16,300 | INFO  | DNAudit | user=null | ip=null | op=PUT_BLOCK {blockData=[blockId=conID: 3 locID: 102656603336802833 bcsId: 0,size=4194304]} | ret=SUCCESS |  
2019-08-21 19:24:16,300 [grpc-default-executor-0] INFO  client.GrpcClientProtocolClient (GrpcClientProtocolClient.java:onNext(255)) - client-DA9582518C67->1df8bd03-73ef-4b9c-8622-5dc9d0e29c31: receive RaftClientReply:client-DA9582518C67->1df8bd03-73ef-4b9c-8622-5dc9d0e29c31@group-F45402591F47, cid=1865, SUCCESS, logIndex=2671, commits[1df8bd03-73ef-4b9c-8622-5dc9d0e29c31:c2672, 12aca755-ada5-42df-801b-c61f99d8e8b8:c2668, a308b8bf-0324-43a1-a87f-1e10a96e3042:c2668]
2019-08-21 19:24:16,301 [grpc-default-executor-0] INFO  client.GrpcClientProtocolClient (GrpcClientProtocolClient.java:onNext(255)) - client-DA9582518C67->1df8bd03-73ef-4b9c-8622-5dc9d0e29c31: receive RaftClientReply:client-DA9582518C67->1df8bd03-73ef-4b9c-8622-5dc9d0e29c31@group-F45402591F47, cid=1866, SUCCESS, logIndex=2672, commits[1df8bd03-73ef-4b9c-8622-5dc9d0e29c31:c2672, 12aca755-ada5-42df-801b-c61f99d8e8b8:c2668, a308b8bf-0324-43a1-a87f-1e10a96e3042:c2668]
2019-08-21 19:24:16,315 | INFO  | DNAudit | user=null | ip=null | op=WRITE_CHUNK {blockData=conID: 3 locID: 102656603336802833 bcsId: 2668} | ret=SUCCESS |  
2019-08-21 19:24:16,315 | INFO  | DNAudit | user=null | ip=null | op=WRITE_CHUNK {blockData=conID: 3 locID: 102656603336802833 bcsId: 2668} | ret=SUCCESS |  
2019-08-21 19:24:16,328 | INFO  | DNAudit | user=null | ip=null | op=PUT_BLOCK {blockData=[blockId=conID: 3 locID: 102656603336802833 bcsId: 0,size=4194304]} | ret=SUCCESS |  
2019-08-21 19:24:16,328 | INFO  | DNAudit | user=null | ip=null | op=PUT_BLOCK {blockData=[blockId=conID: 3 locID: 102656603336802833 bcsId: 0,size=4194304]} | ret=SUCCESS |  
2019-08-21 19:24:16,328 [grpc-default-executor-4] INFO  client.GrpcClientProtocolClient (GrpcClientProtocolClient.java:onNext(255)) - client-DA9582518C67->1df8bd03-73ef-4b9c-8622-5dc9d0e29c31: receive RaftClientReply:client-DA9582518C67->1df8bd03-73ef-4b9c-8622-5dc9d0e29c31@group-F45402591F47, cid=1867, SUCCESS, logIndex=0, commits[1df8bd03-73ef-4b9c-8622-5dc9d0e29c31:c2673, 12aca755-ada5-42df-801b-c61f99d8e8b8:c2672, a308b8bf-0324-43a1-a87f-1e10a96e3042:c2672]
2019-08-21 19:24:16,333 | INFO  | SCMAudit | user=jenkins1000 | ip=192.168.69.88 | op=ALLOCATE_BLOCK {owner=a4b1d482-4fe6-4e71-84a6-a95f4ce3f696, size=4194304, type=RATIS, factor=THREE} | ret=SUCCESS |  
2019-08-21 19:24:16,335 | INFO  | OMAudit | user=jenkins1000 | ip=127.0.0.1 | op=ALLOCATE_BLOCK {volume=vol-0-90666, bucket=bucket-0-29336, key=key-0-94354, dataSize=0, replicationType=null, replicationFactor=null, keyLocationInfo=null, clientID=102656601977389458} | ret=SUCCESS |  
2019-08-21 19:24:16,342 | INFO  | DNAudit | user=null | ip=null | op=WRITE_CHUNK {blockData=conID: 1 locID: 102656603346240018 bcsId: 0} | ret=SUCCESS |  
2019-08-21 19:24:16,345 | INFO  | DNAudit | user=null | ip=null | op=WRITE_CHUNK {blockData=conID: 1 locID: 102656603346240018 bcsId: 0} | ret=SUCCESS |  
2019-08-21 19:24:16,346 | INFO  | DNAudit | user=null | ip=null | op=WRITE_CHUNK {blockData=conID: 1 locID: 102656603346240018 bcsId: 0} | ret=SUCCESS |  
2019-08-21 19:24:16,346 | INFO  | DNAudit | user=null | ip=null | op=WRITE_CHUNK {blockData=conID: 1 locID: 102656603346240018 bcsId: 0} | ret=SUCCESS |  
2019-08-21 19:24:16,347 | INFO  | DNAudit | user=null | ip=null | op=WRITE_CHUNK {blockData=conID: 1 locID: 102656603346240018 bcsId: 0} | ret=SUCCESS |  
2019-08-21 19:24:16,348 | INFO  | DNAudit | user=null | ip=null | op=WRITE_CHUNK {blockData=conID: 1 locID: 102656603346240018 bcsId: 0} | ret=SUCCESS |  
2019-08-21 19:24:16,354 | INFO  | DNAudit | user=null | ip=null | op=WRITE_CHUNK {blockData=conID: 1 locID: 102656603346240018 bcsId: 0} | ret=SUCCESS |  
2019-08-21 19:24:16,354 | INFO  | DNAudit | user=null | ip=null | op=PUT_BLOCK {blockData=[blockId=conID: 1 locID: 102656603346240018 bcsId: 0,size=1048576]} | ret=SUCCESS |  
2019-08-21 19:24:16,354 | INFO  | DNAudit | user=null | ip=null | op=WRITE_CHUNK {blockData=conID: 1 locID: 102656603346240018 bcsId: 0} | ret=SUCCESS |  
2019-08-21 19:24:16,354 [grpc-default-executor-0] INFO  client.GrpcClientProtocolClient (GrpcClientProtocolClient.java:onNext(255)) - client-DA9582518C67->1df8bd03-73ef-4b9c-8622-5dc9d0e29c31: receive RaftClientReply:client-DA9582518C67->1df8bd03-73ef-4b9c-8622-5dc9d0e29c31@group-F45402591F47, cid=1868, SUCCESS, logIndex=2675, commits[1df8bd03-73ef-4b9c-8622-5dc9d0e29c31:c2677, 12aca755-ada5-42df-801b-c61f99d8e8b8:c2674, a308b8bf-0324-43a1-a87f-1e10a96e3042:c2674]
2019-08-21 19:24:16,355 | INFO  | DNAudit | user=null | ip=null | op=PUT_BLOCK {blockData=[blockId=conID: 1 locID: 102656603346240018 bcsId: 0,size=2097152]} | ret=SUCCESS |  
2019-08-21 19:24:16,355 [grpc-default-executor-0] INFO  client.GrpcClientProtocolClient (GrpcClientProtocolClient.java:onNext(255)) - client-DA9582518C67->1df8bd03-73ef-4b9c-8622-5dc9d0e29c31: receive RaftClientReply:client-DA9582518C67->1df8bd03-73ef-4b9c-8622-5dc9d0e29c31@group-F45402591F47, cid=1869, SUCCESS, logIndex=2676, commits[1df8bd03-73ef-4b9c-8622-5dc9d0e29c31:c2678, 12aca755-ada5-42df-801b-c61f99d8e8b8:c2674, a308b8bf-0324-43a1-a87f-1e10a96e3042:c2674]
2019-08-21 19:24:16,355 [grpc-default-executor-0] INFO  client.GrpcClientProtocolClient (GrpcClientProtocolClient.java:onNext(255)) - client-DA9582518C67->1df8bd03-73ef-4b9c-8622-5dc9d0e29c31: receive RaftClientReply:client-DA9582518C67->1df8bd03-73ef-4b9c-8622-5dc9d0e29c31@group-F45402591F47, cid=1870, SUCCESS, logIndex=2677, commits[1df8bd03-73ef-4b9c-8622-5dc9d0e29c31:c2678, 12aca755-ada5-42df-801b-c61f99d8e8b8:c2674, a308b8bf-0324-43a1-a87f-1e10a96e3042:c2674]
2019-08-21 19:24:16,355 [grpc-default-executor-0] INFO  client.GrpcClientProtocolClient (GrpcClientProtocolClient.java:onNext(255)) - client-DA9582518C67->1df8bd03-73ef-4b9c-8622-5dc9d0e29c31: receive RaftClientReply:client-DA9582518C67->1df8bd03-73ef-4b9c-8622-5dc9d0e29c31@group-F45402591F47, cid=1871, SUCCESS, logIndex=2678, commits[1df8bd03-73ef-4b9c-8622-5dc9d0e29c31:c2678, 12aca755-ada5-42df-801b-c61f99d8e8b8:c2674, a308b8bf-0324-43a1-a87f-1e10a96e3042:c2674]
2019-08-21 19:24:16,357 | INFO  | DNAudit | user=null | ip=null | op=WRITE_CHUNK {blockData=conID: 1 locID: 102656603346240018 bcsId: 0} | ret=SUCCESS |  
2019-08-21 19:24:16,357 | INFO  | DNAudit | user=null | ip=null | op=WRITE_CHUNK {blockData=conID: 1 locID: 102656603346240018 bcsId: 0} | ret=SUCCESS |  
2019-08-21 19:24:16,357 | INFO  | DNAudit | user=null | ip=null | op=PUT_BLOCK {blockData=[blockId=conID: 1 locID: 102656603346240018 bcsId: 0,size=1048576]} | ret=SUCCESS |  
2019-08-21 19:24:16,357 | INFO  | DNAudit | user=null | ip=null | op=PUT_BLOCK {blockData=[blockId=conID: 1 locID: 102656603346240018 bcsId: 0,size=1048576]} | ret=SUCCESS |  
2019-08-21 19:24:16,357 [grpc-default-executor-4] INFO  client.GrpcClientProtocolClient (GrpcClientProtocolClient.java:onNext(255)) - client-DA9582518C67->1df8bd03-73ef-4b9c-8622-5dc9d0e29c31: receive RaftClientReply:client-DA9582518C67->1df8bd03-73ef-4b9c-8622-5dc9d0e29c31@group-F45402591F47, cid=1872, SUCCESS, logIndex=0, commits[1df8bd03-73ef-4b9c-8622-5dc9d0e29c31:c2678, 12aca755-ada5-42df-801b-c61f99d8e8b8:c2676, a308b8bf-0324-43a1-a87f-1e10a96e3042:c2676]
2019-08-21 19:24:16,363 | INFO  | DNAudit | user=null | ip=null | op=WRITE_CHUNK {blockData=conID: 1 locID: 102656603346240018 bcsId: 2678} | ret=SUCCESS |  
2019-08-21 19:24:16,366 | INFO  | DNAudit | user=null | ip=null | op=WRITE_CHUNK {blockData=conID: 1 locID: 102656603346240018 bcsId: 2678} | ret=SUCCESS |  
2019-08-21 19:24:16,367 | INFO  | DNAudit | user=null | ip=null | op=WRITE_CHUNK {blockData=conID: 1 locID: 102656603346240018 bcsId: 2678} | ret=SUCCESS |  
2019-08-21 19:24:16,370 | INFO  | DNAudit | user=null | ip=null | op=WRITE_CHUNK {blockData=conID: 1 locID: 102656603346240018 bcsId: 0} | ret=SUCCESS |  
2019-08-21 19:24:16,370 | INFO  | DNAudit | user=null | ip=null | op=WRITE_CHUNK {blockData=conID: 1 locID: 102656603346240018 bcsId: 0} | ret=SUCCESS |  
2019-08-21 19:24:16,370 | INFO  | DNAudit | user=null | ip=null | op=PUT_BLOCK {blockData=[blockId=conID: 1 locID: 102656603346240018 bcsId: 0,size=2097152]} | ret=SUCCESS |  
2019-08-21 19:24:16,370 | INFO  | DNAudit | user=null | ip=null | op=PUT_BLOCK {blockData=[blockId=conID: 1 locID: 102656603346240018 bcsId: 0,size=2097152]} | ret=SUCCESS |  
2019-08-21 19:24:16,383 | INFO  | DNAudit | user=null | ip=null | op=WRITE_CHUNK {blockData=conID: 1 locID: 102656603346240018 bcsId: 2678} | ret=SUCCESS |  
2019-08-21 19:24:16,383 | INFO  | DNAudit | user=null | ip=null | op=PUT_BLOCK {blockData=[blockId=conID: 1 locID: 102656603346240018 bcsId: 0,size=3145728]} | ret=SUCCESS |  
2019-08-21 19:24:16,383 [grpc-default-executor-0] INFO  client.GrpcClientProtocolClient (GrpcClientProtocolClient.java:onNext(255)) - client-DA9582518C67->1df8bd03-73ef-4b9c-8622-5dc9d0e29c31: receive RaftClientReply:client-DA9582518C67->1df8bd03-73ef-4b9c-8622-5dc9d0e29c31@group-F45402591F47, cid=1873, SUCCESS, logIndex=2683, commits[1df8bd03-73ef-4b9c-8622-5dc9d0e29c31:c2684, 12aca755-ada5-42df-801b-c61f99d8e8b8:c2679, a308b8bf-0324-43a1-a87f-1e10a96e3042:c2679]
2019-08-21 19:24:16,384 [grpc-default-executor-0] INFO  client.GrpcClientProtocolClient (GrpcClientProtocolClient.java:onNext(255)) - client-DA9582518C67->1df8bd03-73ef-4b9c-8622-5dc9d0e29c31: receive RaftClientReply:client-DA9582518C67->1df8bd03-73ef-4b9c-8622-5dc9d0e29c31@group-F45402591F47, cid=1874, SUCCESS, logIndex=2684, commits[1df8bd03-73ef-4b9c-8622-5dc9d0e29c31:c2684, 12aca755-ada5-42df-801b-c61f99d8e8b8:c2679, a308b8bf-0324-43a1-a87f-1e10a96e3042:c2679]
2019-08-21 19:24:16,486 | INFO  | DNAudit | user=null | ip=null | op=WRITE_CHUNK {blockData=conID: 1 locID: 102656603346240018 bcsId: 2678} | ret=SUCCESS |  
2019-08-21 19:24:16,487 | INFO  | DNAudit | user=null | ip=null | op=PUT_BLOCK {blockData=[blockId=conID: 1 locID: 102656603346240018 bcsId: 0,size=3145728]} | ret=SUCCESS |  
2019-08-21 19:24:16,487 | INFO  | DNAudit | user=null | ip=null | op=WRITE_CHUNK {blockData=conID: 1 locID: 102656603346240018 bcsId: 2678} | ret=SUCCESS |  
2019-08-21 19:24:16,487 | INFO  | DNAudit | user=null | ip=null | op=WRITE_CHUNK {blockData=conID: 1 locID: 102656603346240018 bcsId: 2684} | ret=SUCCESS |  
2019-08-21 19:24:16,491 | INFO  | DNAudit | user=null | ip=null | op=WRITE_CHUNK {blockData=conID: 1 locID: 102656603346240018 bcsId: 2684} | ret=SUCCESS |  
2019-08-21 19:24:16,491 | INFO  | DNAudit | user=null | ip=null | op=WRITE_CHUNK {blockData=conID: 1 locID: 102656603346240018 bcsId: 2684} | ret=SUCCESS |  
2019-08-21 19:24:16,499 | INFO  | DNAudit | user=null | ip=null | op=PUT_BLOCK {blockData=[blockId=conID: 1 locID: 102656603346240018 bcsId: 0,size=3145728]} | ret=SUCCESS |  
2019-08-21 19:24:16,502 | INFO  | DNAudit | user=null | ip=null | op=WRITE_CHUNK {blockData=conID: 1 locID: 102656603346240018 bcsId: 2684} | ret=SUCCESS |  
2019-08-21 19:24:16,503 | INFO  | DNAudit | user=null | ip=null | op=PUT_BLOCK {blockData=[blockId=conID: 1 locID: 102656603346240018 bcsId: 0,size=4194304]} | ret=SUCCESS |  
2019-08-21 19:24:16,503 [grpc-default-executor-0] INFO  client.GrpcClientProtocolClient (GrpcClientProtocolClient.java:onNext(255)) - client-DA9582518C67->1df8bd03-73ef-4b9c-8622-5dc9d0e29c31: receive RaftClientReply:client-DA9582518C67->1df8bd03-73ef-4b9c-8622-5dc9d0e29c31@group-F45402591F47, cid=1875, SUCCESS, logIndex=2687, commits[1df8bd03-73ef-4b9c-8622-5dc9d0e29c31:c2688, 12aca755-ada5-42df-801b-c61f99d8e8b8:c2685, a308b8bf-0324-43a1-a87f-1e10a96e3042:c2685]
2019-08-21 19:24:16,503 [grpc-default-executor-0] INFO  client.GrpcClientProtocolClient (GrpcClientProtocolClient.java:onNext(255)) - client-DA9582518C67->1df8bd03-73ef-4b9c-8622-5dc9d0e29c31: receive RaftClientReply:client-DA9582518C67->1df8bd03-73ef-4b9c-8622-5dc9d0e29c31@group-F45402591F47, cid=1876, SUCCESS, logIndex=2688, commits[1df8bd03-73ef-4b9c-8622-5dc9d0e29c31:c2688, 12aca755-ada5-42df-801b-c61f99d8e8b8:c2685, a308b8bf-0324-43a1-a87f-1e10a96e3042:c2685]
2019-08-21 19:24:16,512 | INFO  | DNAudit | user=null | ip=null | op=WRITE_CHUNK {blockData=conID: 1 locID: 102656603346240018 bcsId: 2684} | ret=SUCCESS |  
2019-08-21 19:24:16,512 | INFO  | DNAudit | user=null | ip=null | op=WRITE_CHUNK {blockData=conID: 1 locID: 102656603346240018 bcsId: 2684} | ret=SUCCESS |  
2019-08-21 19:24:16,512 | INFO  | DNAudit | user=null | ip=null | op=PUT_BLOCK {blockData=[blockId=conID: 1 locID: 102656603346240018 bcsId: 0,size=4194304]} | ret=SUCCESS |  
2019-08-21 19:24:16,525 | INFO  | DNAudit | user=null | ip=null | op=PUT_BLOCK {blockData=[blockId=conID: 1 locID: 102656603346240018 bcsId: 0,size=4194304]} | ret=SUCCESS |  
2019-08-21 19:24:16,525 [grpc-default-executor-0] INFO  client.GrpcClientProtocolClient (GrpcClientProtocolClient.java:onNext(255)) - client-DA9582518C67->1df8bd03-73ef-4b9c-8622-5dc9d0e29c31: receive RaftClientReply:client-DA9582518C67->1df8bd03-73ef-4b9c-8622-5dc9d0e29c31@group-F45402591F47, cid=1877, SUCCESS, logIndex=0, commits[1df8bd03-73ef-4b9c-8622-5dc9d0e29c31:c2689, 12aca755-ada5-42df-801b-c61f99d8e8b8:c2688, a308b8bf-0324-43a1-a87f-1e10a96e3042:c2688]
2019-08-21 19:24:16,531 | INFO  | SCMAudit | user=jenkins1000 | ip=192.168.69.88 | op=ALLOCATE_BLOCK {owner=a4b1d482-4fe6-4e71-84a6-a95f4ce3f696, size=4194304, type=RATIS, factor=THREE} | ret=SUCCESS |  
2019-08-21 19:24:16,535 | INFO  | OMAudit | user=jenkins1000 | ip=127.0.0.1 | op=ALLOCATE_BLOCK {volume=vol-0-90666, bucket=bucket-0-29336, key=key-0-94354, dataSize=0, replicationType=null, replicationFactor=null, keyLocationInfo=null, clientID=102656601977389458} | ret=SUCCESS |  
2019-08-21 19:24:16,541 | INFO  | DNAudit | user=null | ip=null | op=WRITE_CHUNK {blockData=conID: 2 locID: 102656603359216147 bcsId: 0} | ret=SUCCESS |  
2019-08-21 19:24:16,544 | INFO  | DNAudit | user=null | ip=null | op=WRITE_CHUNK {blockData=conID: 2 locID: 102656603359216147 bcsId: 0} | ret=SUCCESS |  
2019-08-21 19:24:16,544 | INFO  | DNAudit | user=null | ip=null | op=WRITE_CHUNK {blockData=conID: 2 locID: 102656603359216147 bcsId: 0} | ret=SUCCESS |  
2019-08-21 19:24:16,545 | INFO  | DNAudit | user=null | ip=null | op=WRITE_CHUNK {blockData=conID: 2 locID: 102656603359216147 bcsId: 0} | ret=SUCCESS |  
2019-08-21 19:24:16,546 | INFO  | DNAudit | user=null | ip=null | op=WRITE_CHUNK {blockData=conID: 2 locID: 102656603359216147 bcsId: 0} | ret=SUCCESS |  
2019-08-21 19:24:16,547 | INFO  | DNAudit | user=null | ip=null | op=WRITE_CHUNK {blockData=conID: 2 locID: 102656603359216147 bcsId: 0} | ret=SUCCESS |  
2019-08-21 19:24:16,553 | INFO  | DNAudit | user=null | ip=null | op=WRITE_CHUNK {blockData=conID: 2 locID: 102656603359216147 bcsId: 0} | ret=SUCCESS |  
2019-08-21 19:24:16,554 | INFO  | DNAudit | user=null | ip=null | op=PUT_BLOCK {blockData=[blockId=conID: 2 locID: 102656603359216147 bcsId: 0,size=1048576]} | ret=SUCCESS |  
2019-08-21 19:24:16,554 [grpc-default-executor-4] INFO  client.GrpcClientProtocolClient (GrpcClientProtocolClient.java:onNext(255)) - client-DA9582518C67->1df8bd03-73ef-4b9c-8622-5dc9d0e29c31: receive RaftClientReply:client-DA9582518C67->1df8bd03-73ef-4b9c-8622-5dc9d0e29c31@group-F45402591F47, cid=1878, SUCCESS, logIndex=2691, commits[1df8bd03-73ef-4b9c-8622-5dc9d0e29c31:c2694, 12aca755-ada5-42df-801b-c61f99d8e8b8:c2690, a308b8bf-0324-43a1-a87f-1e10a96e3042:c2690]
2019-08-21 19:24:16,554 | INFO  | DNAudit | user=null | ip=null | op=WRITE_CHUNK {blockData=conID: 2 locID: 102656603359216147 bcsId: 0} | ret=SUCCESS |  
2019-08-21 19:24:16,555 | INFO  | DNAudit | user=null | ip=null | op=PUT_BLOCK {blockData=[blockId=conID: 2 locID: 102656603359216147 bcsId: 0,size=2097152]} | ret=SUCCESS |  
2019-08-21 19:24:16,555 [grpc-default-executor-4] INFO  client.GrpcClientProtocolClient (GrpcClientProtocolClient.java:onNext(255)) - client-DA9582518C67->1df8bd03-73ef-4b9c-8622-5dc9d0e29c31: receive RaftClientReply:client-DA9582518C67->1df8bd03-73ef-4b9c-8622-5dc9d0e29c31@group-F45402591F47, cid=1879, SUCCESS, logIndex=2692, commits[1df8bd03-73ef-4b9c-8622-5dc9d0e29c31:c2694, 12aca755-ada5-42df-801b-c61f99d8e8b8:c2690, a308b8bf-0324-43a1-a87f-1e10a96e3042:c2690]
2019-08-21 19:24:16,555 [grpc-default-executor-4] INFO  client.GrpcClientProtocolClient (GrpcClientProtocolClient.java:onNext(255)) - client-DA9582518C67->1df8bd03-73ef-4b9c-8622-5dc9d0e29c31: receive RaftClientReply:client-DA9582518C67->1df8bd03-73ef-4b9c-8622-5dc9d0e29c31@group-F45402591F47, cid=1880, SUCCESS, logIndex=2693, commits[1df8bd03-73ef-4b9c-8622-5dc9d0e29c31:c2694, 12aca755-ada5-42df-801b-c61f99d8e8b8:c2690, a308b8bf-0324-43a1-a87f-1e10a96e3042:c2690]
2019-08-21 19:24:16,555 [grpc-default-executor-4] INFO  client.GrpcClientProtocolClient (GrpcClientProtocolClient.java:onNext(255)) - client-DA9582518C67->1df8bd03-73ef-4b9c-8622-5dc9d0e29c31: receive RaftClientReply:client-DA9582518C67->1df8bd03-73ef-4b9c-8622-5dc9d0e29c31@group-F45402591F47, cid=1881, SUCCESS, logIndex=2694, commits[1df8bd03-73ef-4b9c-8622-5dc9d0e29c31:c2694, 12aca755-ada5-42df-801b-c61f99d8e8b8:c2690, a308b8bf-0324-43a1-a87f-1e10a96e3042:c2690]
2019-08-21 19:24:16,557 | INFO  | DNAudit | user=null | ip=null | op=WRITE_CHUNK {blockData=conID: 2 locID: 102656603359216147 bcsId: 0} | ret=SUCCESS |  
2019-08-21 19:24:16,557 | INFO  | DNAudit | user=null | ip=null | op=WRITE_CHUNK {blockData=conID: 2 locID: 102656603359216147 bcsId: 0} | ret=SUCCESS |  
2019-08-21 19:24:16,557 | INFO  | DNAudit | user=null | ip=null | op=PUT_BLOCK {blockData=[blockId=conID: 2 locID: 102656603359216147 bcsId: 0,size=1048576]} | ret=SUCCESS |  
2019-08-21 19:24:16,557 | INFO  | DNAudit | user=null | ip=null | op=WRITE_CHUNK {blockData=conID: 2 locID: 102656603359216147 bcsId: 0} | ret=SUCCESS |  
2019-08-21 19:24:16,558 | INFO  | DNAudit | user=null | ip=null | op=PUT_BLOCK {blockData=[blockId=conID: 2 locID: 102656603359216147 bcsId: 0,size=2097152]} | ret=SUCCESS |  
2019-08-21 19:24:16,568 | INFO  | DNAudit | user=null | ip=null | op=PUT_BLOCK {blockData=[blockId=conID: 2 locID: 102656603359216147 bcsId: 0,size=1048576]} | ret=SUCCESS |  
2019-08-21 19:24:16,568 | INFO  | DNAudit | user=null | ip=null | op=WRITE_CHUNK {blockData=conID: 2 locID: 102656603359216147 bcsId: 0} | ret=SUCCESS |  
2019-08-21 19:24:16,569 | INFO  | DNAudit | user=null | ip=null | op=PUT_BLOCK {blockData=[blockId=conID: 2 locID: 102656603359216147 bcsId: 0,size=2097152]} | ret=SUCCESS |  
2019-08-21 19:24:16,569 [grpc-default-executor-4] INFO  client.GrpcClientProtocolClient (GrpcClientProtocolClient.java:onNext(255)) - client-DA9582518C67->1df8bd03-73ef-4b9c-8622-5dc9d0e29c31: receive RaftClientReply:client-DA9582518C67->1df8bd03-73ef-4b9c-8622-5dc9d0e29c31@group-F45402591F47, cid=1882, SUCCESS, logIndex=0, commits[1df8bd03-73ef-4b9c-8622-5dc9d0e29c31:c2698, 12aca755-ada5-42df-801b-c61f99d8e8b8:c2694, a308b8bf-0324-43a1-a87f-1e10a96e3042:c2692]
2019-08-21 19:24:16,575 | INFO  | DNAudit | user=null | ip=null | op=WRITE_CHUNK {blockData=conID: 2 locID: 102656603359216147 bcsId: 2694} | ret=SUCCESS |  
2019-08-21 19:24:16,577 | INFO  | DNAudit | user=null | ip=null | op=WRITE_CHUNK {blockData=conID: 2 locID: 102656603359216147 bcsId: 2694} | ret=SUCCESS |  
2019-08-21 19:24:16,577 | INFO  | DNAudit | user=null | ip=null | op=WRITE_CHUNK {blockData=conID: 2 locID: 102656603359216147 bcsId: 2694} | ret=SUCCESS |  
2019-08-21 19:24:16,616 | INFO  | SCMAudit | user=jenkins1000 | ip=192.168.69.88 | op=SEND_HEARTBEAT {datanodeUUID=c4b21f74-9dba-4f39-a92d-300bdd5c7775, command=[]} | ret=SUCCESS |  
 0.00% |█                                                                                                    |  0/1 Time: 0:00:212019-08-21 19:24:16,652 | INFO  | DNAudit | user=null | ip=null | op=WRITE_CHUNK {blockData=conID: 2 locID: 102656603359216147 bcsId: 2694} | ret=SUCCESS |  
2019-08-21 19:24:16,653 | INFO  | DNAudit | user=null | ip=null | op=PUT_BLOCK {blockData=[blockId=conID: 2 locID: 102656603359216147 bcsId: 0,size=3145728]} | ret=SUCCESS |  
2019-08-21 19:24:16,653 [grpc-default-executor-0] INFO  client.GrpcClientProtocolClient (GrpcClientProtocolClient.java:onNext(255)) - client-DA9582518C67->1df8bd03-73ef-4b9c-8622-5dc9d0e29c31: receive RaftClientReply:client-DA9582518C67->1df8bd03-73ef-4b9c-8622-5dc9d0e29c31@group-F45402591F47, cid=1883, SUCCESS, logIndex=2699, commits[1df8bd03-73ef-4b9c-8622-5dc9d0e29c31:c2700, 12aca755-ada5-42df-801b-c61f99d8e8b8:c2698, a308b8bf-0324-43a1-a87f-1e10a96e3042:c2698]
2019-08-21 19:24:16,653 [grpc-default-executor-0] INFO  client.GrpcClientProtocolClient (GrpcClientProtocolClient.java:onNext(255)) - client-DA9582518C67->1df8bd03-73ef-4b9c-8622-5dc9d0e29c31: receive RaftClientReply:client-DA9582518C67->1df8bd03-73ef-4b9c-8622-5dc9d0e29c31@group-F45402591F47, cid=1884, SUCCESS, logIndex=2700, commits[1df8bd03-73ef-4b9c-8622-5dc9d0e29c31:c2700, 12aca755-ada5-42df-801b-c61f99d8e8b8:c2698, a308b8bf-0324-43a1-a87f-1e10a96e3042:c2698]
2019-08-21 19:24:16,659 | INFO  | DNAudit | user=null | ip=null | op=WRITE_CHUNK {blockData=conID: 2 locID: 102656603359216147 bcsId: 2700} | ret=SUCCESS |  
2019-08-21 19:24:16,660 | INFO  | DNAudit | user=null | ip=null | op=WRITE_CHUNK {blockData=conID: 2 locID: 102656603359216147 bcsId: 2694} | ret=SUCCESS |  
2019-08-21 19:24:16,661 | INFO  | DNAudit | user=null | ip=null | op=WRITE_CHUNK {blockData=conID: 2 locID: 102656603359216147 bcsId: 2694} | ret=SUCCESS |  
2019-08-21 19:24:16,661 | INFO  | DNAudit | user=null | ip=null | op=PUT_BLOCK {blockData=[blockId=conID: 2 locID: 102656603359216147 bcsId: 0,size=3145728]} | ret=SUCCESS |  
2019-08-21 19:24:16,661 | INFO  | DNAudit | user=null | ip=null | op=PUT_BLOCK {blockData=[blockId=conID: 2 locID: 102656603359216147 bcsId: 0,size=3145728]} | ret=SUCCESS |  
2019-08-21 19:24:16,663 | INFO  | DNAudit | user=null | ip=null | op=WRITE_CHUNK {blockData=conID: 2 locID: 102656603359216147 bcsId: 2700} | ret=SUCCESS |  
2019-08-21 19:24:16,663 | INFO  | DNAudit | user=null | ip=null | op=WRITE_CHUNK {blockData=conID: 2 locID: 102656603359216147 bcsId: 2700} | ret=SUCCESS |  
2019-08-21 19:24:16,677 | INFO  | DNAudit | user=null | ip=null | op=WRITE_CHUNK {blockData=conID: 2 locID: 102656603359216147 bcsId: 2700} | ret=SUCCESS |  
2019-08-21 19:24:16,677 | INFO  | DNAudit | user=null | ip=null | op=PUT_BLOCK {blockData=[blockId=conID: 2 locID: 102656603359216147 bcsId: 0,size=4194304]} | ret=SUCCESS |  
2019-08-21 19:24:16,677 [grpc-default-executor-2] INFO  client.GrpcClientProtocolClient (GrpcClientProtocolClient.java:onNext(255)) - client-DA9582518C67->1df8bd03-73ef-4b9c-8622-5dc9d0e29c31: receive RaftClientReply:client-DA9582518C67->1df8bd03-73ef-4b9c-8622-5dc9d0e29c31@group-F45402591F47, cid=1885, SUCCESS, logIndex=2703, commits[1df8bd03-73ef-4b9c-8622-5dc9d0e29c31:c2704, 12aca755-ada5-42df-801b-c61f99d8e8b8:c2700, a308b8bf-0324-43a1-a87f-1e10a96e3042:c2700]
2019-08-21 19:24:16,678 [grpc-default-executor-2] INFO  client.GrpcClientProtocolClient (GrpcClientProtocolClient.java:onNext(255)) - client-DA9582518C67->1df8bd03-73ef-4b9c-8622-5dc9d0e29c31: receive RaftClientReply:client-DA9582518C67->1df8bd03-73ef-4b9c-8622-5dc9d0e29c31@group-F45402591F47, cid=1886, SUCCESS, logIndex=2704, commits[1df8bd03-73ef-4b9c-8622-5dc9d0e29c31:c2704, 12aca755-ada5-42df-801b-c61f99d8e8b8:c2700, a308b8bf-0324-43a1-a87f-1e10a96e3042:c2700]
2019-08-21 19:24:16,690 | INFO  | DNAudit | user=null | ip=null | op=WRITE_CHUNK {blockData=conID: 2 locID: 102656603359216147 bcsId: 2700} | ret=SUCCESS |  
2019-08-21 19:24:16,691 | INFO  | DNAudit | user=null | ip=null | op=WRITE_CHUNK {blockData=conID: 2 locID: 102656603359216147 bcsId: 2700} | ret=SUCCESS |  
2019-08-21 19:24:16,691 | INFO  | DNAudit | user=null | ip=null | op=PUT_BLOCK {blockData=[blockId=conID: 2 locID: 102656603359216147 bcsId: 0,size=4194304]} | ret=SUCCESS |  
2019-08-21 19:24:16,703 | INFO  | DNAudit | user=null | ip=null | op=PUT_BLOCK {blockData=[blockId=conID: 2 locID: 102656603359216147 bcsId: 0,size=4194304]} | ret=SUCCESS |  
2019-08-21 19:24:16,704 [grpc-default-executor-2] INFO  client.GrpcClientProtocolClient (GrpcClientProtocolClient.java:onNext(255)) - client-DA9582518C67->1df8bd03-73ef-4b9c-8622-5dc9d0e29c31: receive RaftClientReply:client-DA9582518C67->1df8bd03-73ef-4b9c-8622-5dc9d0e29c31@group-F45402591F47, cid=1887, SUCCESS, logIndex=0, commits[1df8bd03-73ef-4b9c-8622-5dc9d0e29c31:c2705, 12aca755-ada5-42df-801b-c61f99d8e8b8:c2704, a308b8bf-0324-43a1-a87f-1e10a96e3042:c2704]
2019-08-21 19:24:16,710 | INFO  | SCMAudit | user=jenkins1000 | ip=192.168.69.88 | op=ALLOCATE_BLOCK {owner=a4b1d482-4fe6-4e71-84a6-a95f4ce3f696, size=4194304, type=RATIS, factor=THREE} | ret=SUCCESS |  
2019-08-21 19:24:16,713 | INFO  | OMAudit | user=jenkins1000 | ip=127.0.0.1 | op=ALLOCATE_BLOCK {volume=vol-0-90666, bucket=bucket-0-29336, key=key-0-94354, dataSize=0, replicationType=null, replicationFactor=null, keyLocationInfo=null, clientID=102656601977389458} | ret=SUCCESS |  
2019-08-21 19:24:16,719 | INFO  | DNAudit | user=null | ip=null | op=WRITE_CHUNK {blockData=conID: 3 locID: 102656603370947092 bcsId: 0} | ret=SUCCESS |  
2019-08-21 19:24:16,721 | INFO  | DNAudit | user=null | ip=null | op=WRITE_CHUNK {blockData=conID: 3 locID: 102656603370947092 bcsId: 0} | ret=SUCCESS |  
2019-08-21 19:24:16,722 | INFO  | DNAudit | user=null | ip=null | op=WRITE_CHUNK {blockData=conID: 3 locID: 102656603370947092 bcsId: 0} | ret=SUCCESS |  
2019-08-21 19:24:16,722 | INFO  | DNAudit | user=null | ip=null | op=WRITE_CHUNK {blockData=conID: 3 locID: 102656603370947092 bcsId: 0} | ret=SUCCESS |  
2019-08-21 19:24:16,723 | INFO  | DNAudit | user=null | ip=null | op=WRITE_CHUNK {blockData=conID: 3 locID: 102656603370947092 bcsId: 0} | ret=SUCCESS |  
2019-08-21 19:24:16,724 | INFO  | DNAudit | user=null | ip=null | op=WRITE_CHUNK {blockData=conID: 3 locID: 102656603370947092 bcsId: 0} | ret=SUCCESS |  
2019-08-21 19:24:16,735 | INFO  | DNAudit | user=null | ip=null | op=WRITE_CHUNK {blockData=conID: 3 locID: 102656603370947092 bcsId: 0} | ret=SUCCESS |  
2019-08-21 19:24:16,735 | INFO  | DNAudit | user=null | ip=null | op=PUT_BLOCK {blockData=[blockId=conID: 3 locID: 102656603370947092 bcsId: 0,size=1048576]} | ret=SUCCESS |  
2019-08-21 19:24:16,735 [grpc-default-executor-0] INFO  client.GrpcClientProtocolClient (GrpcClientProtocolClient.java:onNext(255)) - client-DA9582518C67->1df8bd03-73ef-4b9c-8622-5dc9d0e29c31: receive RaftClientReply:client-DA9582518C67->1df8bd03-73ef-4b9c-8622-5dc9d0e29c31@group-F45402591F47, cid=1888, SUCCESS, logIndex=2707, commits[1df8bd03-73ef-4b9c-8622-5dc9d0e29c31:c2708, 12aca755-ada5-42df-801b-c61f99d8e8b8:c2706, a308b8bf-0324-43a1-a87f-1e10a96e3042:c2706]
2019-08-21 19:24:16,736 [grpc-default-executor-0] INFO  client.GrpcClientProtocolClient (GrpcClientProtocolClient.java:onNext(255)) - client-DA9582518C67->1df8bd03-73ef-4b9c-8622-5dc9d0e29c31: receive RaftClientReply:client-DA9582518C67->1df8bd03-73ef-4b9c-8622-5dc9d0e29c31@group-F45402591F47, cid=1889, SUCCESS, logIndex=2708, commits[1df8bd03-73ef-4b9c-8622-5dc9d0e29c31:c2708, 12aca755-ada5-42df-801b-c61f99d8e8b8:c2706, a308b8bf-0324-43a1-a87f-1e10a96e3042:c2706]
2019-08-21 19:24:16,745 | INFO  | DNAudit | user=null | ip=null | op=WRITE_CHUNK {blockData=conID: 3 locID: 102656603370947092 bcsId: 0} | ret=SUCCESS |  
2019-08-21 19:24:16,745 | INFO  | DNAudit | user=null | ip=null | op=PUT_BLOCK {blockData=[blockId=conID: 3 locID: 102656603370947092 bcsId: 0,size=2097152]} | ret=SUCCESS |  
2019-08-21 19:24:16,745 [grpc-default-executor-5] INFO  client.GrpcClientProtocolClient (GrpcClientProtocolClient.java:onNext(255)) - client-DA9582518C67->1df8bd03-73ef-4b9c-8622-5dc9d0e29c31: receive RaftClientReply:client-DA9582518C67->1df8bd03-73ef-4b9c-8622-5dc9d0e29c31@group-F45402591F47, cid=1890, SUCCESS, logIndex=2709, commits[1df8bd03-73ef-4b9c-8622-5dc9d0e29c31:c2710, 12aca755-ada5-42df-801b-c61f99d8e8b8:c2706, a308b8bf-0324-43a1-a87f-1e10a96e3042:c2706]
2019-08-21 19:24:16,745 [grpc-default-executor-5] INFO  client.GrpcClientProtocolClient (GrpcClientProtocolClient.java:onNext(255)) - client-DA9582518C67->1df8bd03-73ef-4b9c-8622-5dc9d0e29c31: receive RaftClientReply:client-DA9582518C67->1df8bd03-73ef-4b9c-8622-5dc9d0e29c31@group-F45402591F47, cid=1891, SUCCESS, logIndex=2710, commits[1df8bd03-73ef-4b9c-8622-5dc9d0e29c31:c2710, 12aca755-ada5-42df-801b-c61f99d8e8b8:c2706, a308b8bf-0324-43a1-a87f-1e10a96e3042:c2706]
2019-08-21 19:24:16,747 | INFO  | DNAudit | user=null | ip=null | op=WRITE_CHUNK {blockData=conID: 3 locID: 102656603370947092 bcsId: 0} | ret=SUCCESS |  
2019-08-21 19:24:16,747 | INFO  | DNAudit | user=null | ip=null | op=PUT_BLOCK {blockData=[blockId=conID: 3 locID: 102656603370947092 bcsId: 0,size=1048576]} | ret=SUCCESS |  
2019-08-21 19:24:16,760 | INFO  | DNAudit | user=null | ip=null | op=WRITE_CHUNK {blockData=conID: 3 locID: 102656603370947092 bcsId: 0} | ret=SUCCESS |  
2019-08-21 19:24:16,761 | INFO  | DNAudit | user=null | ip=null | op=WRITE_CHUNK {blockData=conID: 3 locID: 102656603370947092 bcsId: 0} | ret=SUCCESS |  
2019-08-21 19:24:16,761 | INFO  | DNAudit | user=null | ip=null | op=PUT_BLOCK {blockData=[blockId=conID: 3 locID: 102656603370947092 bcsId: 0,size=1048576]} | ret=SUCCESS |  
2019-08-21 19:24:16,761 | INFO  | DNAudit | user=null | ip=null | op=PUT_BLOCK {blockData=[blockId=conID: 3 locID: 102656603370947092 bcsId: 0,size=2097152]} | ret=SUCCESS |  
2019-08-21 19:24:16,761 | INFO  | DNAudit | user=null | ip=null | op=WRITE_CHUNK {blockData=conID: 3 locID: 102656603370947092 bcsId: 0} | ret=SUCCESS |  
2019-08-21 19:24:16,761 [grpc-default-executor-0] INFO  client.GrpcClientProtocolClient (GrpcClientProtocolClient.java:onNext(255)) - client-DA9582518C67->1df8bd03-73ef-4b9c-8622-5dc9d0e29c31: receive RaftClientReply:client-DA9582518C67->1df8bd03-73ef-4b9c-8622-5dc9d0e29c31@group-F45402591F47, cid=1892, SUCCESS, logIndex=0, commits[1df8bd03-73ef-4b9c-8622-5dc9d0e29c31:c2711, 12aca755-ada5-42df-801b-c61f99d8e8b8:c2708, a308b8bf-0324-43a1-a87f-1e10a96e3042:c2708]
2019-08-21 19:24:16,761 | INFO  | DNAudit | user=null | ip=null | op=PUT_BLOCK {blockData=[blockId=conID: 3 locID: 102656603370947092 bcsId: 0,size=2097152]} | ret=SUCCESS |  
2019-08-21 19:24:16,766 | INFO  | DNAudit | user=null | ip=null | op=WRITE_CHUNK {blockData=conID: 3 locID: 102656603370947092 bcsId: 2710} | ret=SUCCESS |  
2019-08-21 19:24:16,770 | INFO  | DNAudit | user=null | ip=null | op=WRITE_CHUNK {blockData=conID: 3 locID: 102656603370947092 bcsId: 2710} | ret=SUCCESS |  
2019-08-21 19:24:16,770 | INFO  | DNAudit | user=null | ip=null | op=WRITE_CHUNK {blockData=conID: 3 locID: 102656603370947092 bcsId: 2710} | ret=SUCCESS |  
2019-08-21 19:24:16,772 | INFO  | DNAudit | user=null | ip=null | op=WRITE_CHUNK {blockData=conID: 3 locID: 102656603370947092 bcsId: 2710} | ret=SUCCESS |  
2019-08-21 19:24:16,773 | INFO  | DNAudit | user=null | ip=null | op=PUT_BLOCK {blockData=[blockId=conID: 3 locID: 102656603370947092 bcsId: 0,size=3145728]} | ret=SUCCESS |  
2019-08-21 19:24:16,773 [grpc-default-executor-0] INFO  client.GrpcClientProtocolClient (GrpcClientProtocolClient.java:onNext(255)) - client-DA9582518C67->1df8bd03-73ef-4b9c-8622-5dc9d0e29c31: receive RaftClientReply:client-DA9582518C67->1df8bd03-73ef-4b9c-8622-5dc9d0e29c31@group-F45402591F47, cid=1893, SUCCESS, logIndex=2714, commits[1df8bd03-73ef-4b9c-8622-5dc9d0e29c31:c2715, 12aca755-ada5-42df-801b-c61f99d8e8b8:c2712, a308b8bf-0324-43a1-a87f-1e10a96e3042:c2712]
2019-08-21 19:24:16,773 [grpc-default-executor-0] INFO  client.GrpcClientProtocolClient (GrpcClientProtocolClient.java:onNext(255)) - client-DA9582518C67->1df8bd03-73ef-4b9c-8622-5dc9d0e29c31: receive RaftClientReply:client-DA9582518C67->1df8bd03-73ef-4b9c-8622-5dc9d0e29c31@group-F45402591F47, cid=1894, SUCCESS, logIndex=2715, commits[1df8bd03-73ef-4b9c-8622-5dc9d0e29c31:c2715, 12aca755-ada5-42df-801b-c61f99d8e8b8:c2712, a308b8bf-0324-43a1-a87f-1e10a96e3042:c2712]
2019-08-21 19:24:16,774 | INFO  | DNAudit | user=null | ip=null | op=WRITE_CHUNK {blockData=conID: 3 locID: 102656603370947092 bcsId: 2710} | ret=SUCCESS |  
2019-08-21 19:24:16,776 | INFO  | DNAudit | user=null | ip=null | op=WRITE_CHUNK {blockData=conID: 3 locID: 102656603370947092 bcsId: 2710} | ret=SUCCESS |  
2019-08-21 19:24:16,778 | INFO  | DNAudit | user=null | ip=null | op=WRITE_CHUNK {blockData=conID: 3 locID: 102656603370947092 bcsId: 2715} | ret=SUCCESS |  
2019-08-21 19:24:16,781 | INFO  | DNAudit | user=null | ip=null | op=WRITE_CHUNK {blockData=conID: 3 locID: 102656603370947092 bcsId: 2715} | ret=SUCCESS |  
2019-08-21 19:24:16,781 | INFO  | DNAudit | user=null | ip=null | op=WRITE_CHUNK {blockData=conID: 3 locID: 102656603370947092 bcsId: 2715} | ret=SUCCESS |  
2019-08-21 19:24:16,786 | INFO  | DNAudit | user=null | ip=null | op=PUT_BLOCK {blockData=[blockId=conID: 3 locID: 102656603370947092 bcsId: 0,size=3145728]} | ret=SUCCESS |  
2019-08-21 19:24:16,788 | INFO  | DNAudit | user=null | ip=null | op=PUT_BLOCK {blockData=[blockId=conID: 3 locID: 102656603370947092 bcsId: 0,size=3145728]} | ret=SUCCESS |  
2019-08-21 19:24:16,798 | INFO  | DNAudit | user=null | ip=null | op=WRITE_CHUNK {blockData=conID: 3 locID: 102656603370947092 bcsId: 2715} | ret=SUCCESS |  
2019-08-21 19:24:16,799 | INFO  | DNAudit | user=null | ip=null | op=PUT_BLOCK {blockData=[blockId=conID: 3 locID: 102656603370947092 bcsId: 0,size=4194304]} | ret=SUCCESS |  
2019-08-21 19:24:16,799 [grpc-default-executor-0] INFO  client.GrpcClientProtocolClient (GrpcClientProtocolClient.java:onNext(255)) - client-DA9582518C67->1df8bd03-73ef-4b9c-8622-5dc9d0e29c31: receive RaftClientReply:client-DA9582518C67->1df8bd03-73ef-4b9c-8622-5dc9d0e29c31@group-F45402591F47, cid=1895, SUCCESS, logIndex=2718, commits[1df8bd03-73ef-4b9c-8622-5dc9d0e29c31:c2719, 12aca755-ada5-42df-801b-c61f99d8e8b8:c2716, a308b8bf-0324-43a1-a87f-1e10a96e3042:c2716]
2019-08-21 19:24:16,799 [grpc-default-executor-0] INFO  client.GrpcClientProtocolClient (GrpcClientProtocolClient.java:onNext(255)) - client-DA9582518C67->1df8bd03-73ef-4b9c-8622-5dc9d0e29c31: receive RaftClientReply:client-DA9582518C67->1df8bd03-73ef-4b9c-8622-5dc9d0e29c31@group-F45402591F47, cid=1896, SUCCESS, logIndex=2719, commits[1df8bd03-73ef-4b9c-8622-5dc9d0e29c31:c2719, 12aca755-ada5-42df-801b-c61f99d8e8b8:c2716, a308b8bf-0324-43a1-a87f-1e10a96e3042:c2716]
2019-08-21 19:24:16,799 | INFO  | DNAudit | user=null | ip=null | op=WRITE_CHUNK {blockData=conID: 3 locID: 102656603370947092 bcsId: 2715} | ret=SUCCESS |  
2019-08-21 19:24:16,799 | INFO  | DNAudit | user=null | ip=null | op=WRITE_CHUNK {blockData=conID: 3 locID: 102656603370947092 bcsId: 2715} | ret=SUCCESS |  
2019-08-21 19:24:16,800 | INFO  | DNAudit | user=null | ip=null | op=PUT_BLOCK {blockData=[blockId=conID: 3 locID: 102656603370947092 bcsId: 0,size=4194304]} | ret=SUCCESS |  
2019-08-21 19:24:16,800 | INFO  | DNAudit | user=null | ip=null | op=PUT_BLOCK {blockData=[blockId=conID: 3 locID: 102656603370947092 bcsId: 0,size=4194304]} | ret=SUCCESS |  
2019-08-21 19:24:16,800 [grpc-default-executor-0] INFO  client.GrpcClientProtocolClient (GrpcClientProtocolClient.java:onNext(255)) - client-DA9582518C67->1df8bd03-73ef-4b9c-8622-5dc9d0e29c31: receive RaftClientReply:client-DA9582518C67->1df8bd03-73ef-4b9c-8622-5dc9d0e29c31@group-F45402591F47, cid=1897, SUCCESS, logIndex=0, commits[1df8bd03-73ef-4b9c-8622-5dc9d0e29c31:c2720, 12aca755-ada5-42df-801b-c61f99d8e8b8:c2719, a308b8bf-0324-43a1-a87f-1e10a96e3042:c2719]
2019-08-21 19:24:16,804 | INFO  | SCMAudit | user=jenkins1000 | ip=192.168.69.88 | op=ALLOCATE_BLOCK {owner=a4b1d482-4fe6-4e71-84a6-a95f4ce3f696, size=4194304, type=RATIS, factor=THREE} | ret=SUCCESS |  
2019-08-21 19:24:16,806 | INFO  | OMAudit | user=jenkins1000 | ip=127.0.0.1 | op=ALLOCATE_BLOCK {volume=vol-0-90666, bucket=bucket-0-29336, key=key-0-94354, dataSize=0, replicationType=null, replicationFactor=null, keyLocationInfo=null, clientID=102656601977389458} | ret=SUCCESS |  
2019-08-21 19:24:16,812 | INFO  | DNAudit | user=null | ip=null | op=WRITE_CHUNK {blockData=conID: 1 locID: 102656603377107477 bcsId: 0} | ret=SUCCESS |  
2019-08-21 19:24:16,815 | INFO  | DNAudit | user=null | ip=null | op=WRITE_CHUNK {blockData=conID: 1 locID: 102656603377107477 bcsId: 0} | ret=SUCCESS |  
2019-08-21 19:24:16,815 | INFO  | DNAudit | user=null | ip=null | op=WRITE_CHUNK {blockData=conID: 1 locID: 102656603377107477 bcsId: 0} | ret=SUCCESS |  
2019-08-21 19:24:16,815 | INFO  | DNAudit | user=null | ip=null | op=WRITE_CHUNK {blockData=conID: 1 locID: 102656603377107477 bcsId: 0} | ret=SUCCESS |  
2019-08-21 19:24:16,816 | INFO  | DNAudit | user=null | ip=null | op=WRITE_CHUNK {blockData=conID: 1 locID: 102656603377107477 bcsId: 0} | ret=SUCCESS |  
2019-08-21 19:24:16,816 | INFO  | DNAudit | user=null | ip=null | op=WRITE_CHUNK {blockData=conID: 1 locID: 102656603377107477 bcsId: 0} | ret=SUCCESS |  
2019-08-21 19:24:16,824 | INFO  | DNAudit | user=null | ip=null | op=WRITE_CHUNK {blockData=conID: 1 locID: 102656603377107477 bcsId: 0} | ret=SUCCESS |  
2019-08-21 19:24:16,824 | INFO  | DNAudit | user=null | ip=null | op=PUT_BLOCK {blockData=[blockId=conID: 1 locID: 102656603377107477 bcsId: 0,size=1048576]} | ret=SUCCESS |  
2019-08-21 19:24:16,825 | INFO  | DNAudit | user=null | ip=null | op=WRITE_CHUNK {blockData=conID: 1 locID: 102656603377107477 bcsId: 0} | ret=SUCCESS |  
2019-08-21 19:24:16,824 [grpc-default-executor-0] INFO  client.GrpcClientProtocolClient (GrpcClientProtocolClient.java:onNext(255)) - client-DA9582518C67->1df8bd03-73ef-4b9c-8622-5dc9d0e29c31: receive RaftClientReply:client-DA9582518C67->1df8bd03-73ef-4b9c-8622-5dc9d0e29c31@group-F45402591F47, cid=1898, SUCCESS, logIndex=2721, commits[1df8bd03-73ef-4b9c-8622-5dc9d0e29c31:c2723, 12aca755-ada5-42df-801b-c61f99d8e8b8:c2720, a308b8bf-0324-43a1-a87f-1e10a96e3042:c2720]
2019-08-21 19:24:16,825 | INFO  | DNAudit | user=null | ip=null | op=PUT_BLOCK {blockData=[blockId=conID: 1 locID: 102656603377107477 bcsId: 0,size=2097152]} | ret=SUCCESS |  
2019-08-21 19:24:16,825 [grpc-default-executor-0] INFO  client.GrpcClientProtocolClient (GrpcClientProtocolClient.java:onNext(255)) - client-DA9582518C67->1df8bd03-73ef-4b9c-8622-5dc9d0e29c31: receive RaftClientReply:client-DA9582518C67->1df8bd03-73ef-4b9c-8622-5dc9d0e29c31@group-F45402591F47, cid=1899, SUCCESS, logIndex=2722, commits[1df8bd03-73ef-4b9c-8622-5dc9d0e29c31:c2724, 12aca755-ada5-42df-801b-c61f99d8e8b8:c2720, a308b8bf-0324-43a1-a87f-1e10a96e3042:c2720]
2019-08-21 19:24:16,825 [grpc-default-executor-0] INFO  client.GrpcClientProtocolClient (GrpcClientProtocolClient.java:onNext(255)) - client-DA9582518C67->1df8bd03-73ef-4b9c-8622-5dc9d0e29c31: receive RaftClientReply:client-DA9582518C67->1df8bd03-73ef-4b9c-8622-5dc9d0e29c31@group-F45402591F47, cid=1900, SUCCESS, logIndex=2723, commits[1df8bd03-73ef-4b9c-8622-5dc9d0e29c31:c2724, 12aca755-ada5-42df-801b-c61f99d8e8b8:c2720, a308b8bf-0324-43a1-a87f-1e10a96e3042:c2720]
2019-08-21 19:24:16,825 [grpc-default-executor-0] INFO  client.GrpcClientProtocolClient (GrpcClientProtocolClient.java:onNext(255)) - client-DA9582518C67->1df8bd03-73ef-4b9c-8622-5dc9d0e29c31: receive RaftClientReply:client-DA9582518C67->1df8bd03-73ef-4b9c-8622-5dc9d0e29c31@group-F45402591F47, cid=1901, SUCCESS, logIndex=2724, commits[1df8bd03-73ef-4b9c-8622-5dc9d0e29c31:c2724, 12aca755-ada5-42df-801b-c61f99d8e8b8:c2720, a308b8bf-0324-43a1-a87f-1e10a96e3042:c2720]
2019-08-21 19:24:16,835 | INFO  | DNAudit | user=null | ip=null | op=WRITE_CHUNK {blockData=conID: 1 locID: 102656603377107477 bcsId: 0} | ret=SUCCESS |  
2019-08-21 19:24:16,835 | INFO  | DNAudit | user=null | ip=null | op=WRITE_CHUNK {blockData=conID: 1 locID: 102656603377107477 bcsId: 0} | ret=SUCCESS |  
2019-08-21 19:24:16,835 | INFO  | DNAudit | user=null | ip=null | op=PUT_BLOCK {blockData=[blockId=conID: 1 locID: 102656603377107477 bcsId: 0,size=1048576]} | ret=SUCCESS |  
2019-08-21 19:24:16,848 | INFO  | DNAudit | user=null | ip=null | op=PUT_BLOCK {blockData=[blockId=conID: 1 locID: 102656603377107477 bcsId: 0,size=1048576]} | ret=SUCCESS |  
2019-08-21 19:24:16,848 | INFO  | DNAudit | user=null | ip=null | op=WRITE_CHUNK {blockData=conID: 1 locID: 102656603377107477 bcsId: 0} | ret=SUCCESS |  
2019-08-21 19:24:16,848 | INFO  | DNAudit | user=null | ip=null | op=WRITE_CHUNK {blockData=conID: 1 locID: 102656603377107477 bcsId: 0} | ret=SUCCESS |  
2019-08-21 19:24:16,849 | INFO  | DNAudit | user=null | ip=null | op=PUT_BLOCK {blockData=[blockId=conID: 1 locID: 102656603377107477 bcsId: 0,size=2097152]} | ret=SUCCESS |  
2019-08-21 19:24:16,849 | INFO  | DNAudit | user=null | ip=null | op=PUT_BLOCK {blockData=[blockId=conID: 1 locID: 102656603377107477 bcsId: 0,size=2097152]} | ret=SUCCESS |  
2019-08-21 19:24:16,850 [grpc-default-executor-0] INFO  client.GrpcClientProtocolClient (GrpcClientProtocolClient.java:onNext(255)) - client-DA9582518C67->1df8bd03-73ef-4b9c-8622-5dc9d0e29c31: receive RaftClientReply:client-DA9582518C67->1df8bd03-73ef-4b9c-8622-5dc9d0e29c31@group-F45402591F47, cid=1902, SUCCESS, logIndex=0, commits[1df8bd03-73ef-4b9c-8622-5dc9d0e29c31:c2726, 12aca755-ada5-42df-801b-c61f99d8e8b8:c2722, a308b8bf-0324-43a1-a87f-1e10a96e3042:c2722]
2019-08-21 19:24:16,856 | INFO  | DNAudit | user=null | ip=null | op=WRITE_CHUNK {blockData=conID: 1 locID: 102656603377107477 bcsId: 2724} | ret=SUCCESS |  
2019-08-21 19:24:16,858 | INFO  | DNAudit | user=null | ip=null | op=WRITE_CHUNK {blockData=conID: 1 locID: 102656603377107477 bcsId: 2724} | ret=SUCCESS |  
2019-08-21 19:24:16,858 | INFO  | DNAudit | user=null | ip=null | op=WRITE_CHUNK {blockData=conID: 1 locID: 102656603377107477 bcsId: 2724} | ret=SUCCESS |  
2019-08-21 19:24:16,870 | INFO  | DNAudit | user=null | ip=null | op=WRITE_CHUNK {blockData=conID: 1 locID: 102656603377107477 bcsId: 2724} | ret=SUCCESS |  
2019-08-21 19:24:16,870 | INFO  | DNAudit | user=null | ip=null | op=PUT_BLOCK {blockData=[blockId=conID: 1 locID: 102656603377107477 bcsId: 0,size=3145728]} | ret=SUCCESS |  
2019-08-21 19:24:16,870 [grpc-default-executor-5] INFO  client.GrpcClientProtocolClient (GrpcClientProtocolClient.java:onNext(255)) - client-DA9582518C67->1df8bd03-73ef-4b9c-8622-5dc9d0e29c31: receive RaftClientReply:client-DA9582518C67->1df8bd03-73ef-4b9c-8622-5dc9d0e29c31@group-F45402591F47, cid=1903, SUCCESS, logIndex=2729, commits[1df8bd03-73ef-4b9c-8622-5dc9d0e29c31:c2730, 12aca755-ada5-42df-801b-c61f99d8e8b8:c2728, a308b8bf-0324-43a1-a87f-1e10a96e3042:c2728]
2019-08-21 19:24:16,870 [grpc-default-executor-5] INFO  client.GrpcClientProtocolClient (GrpcClientProtocolClient.java:onNext(255)) - client-DA9582518C67->1df8bd03-73ef-4b9c-8622-5dc9d0e29c31: receive RaftClientReply:client-DA9582518C67->1df8bd03-73ef-4b9c-8622-5dc9d0e29c31@group-F45402591F47, cid=1904, SUCCESS, logIndex=2730, commits[1df8bd03-73ef-4b9c-8622-5dc9d0e29c31:c2730, 12aca755-ada5-42df-801b-c61f99d8e8b8:c2728, a308b8bf-0324-43a1-a87f-1e10a96e3042:c2728]
2019-08-21 19:24:16,875 | INFO  | DNAudit | user=null | ip=null | op=WRITE_CHUNK {blockData=conID: 1 locID: 102656603377107477 bcsId: 2730} | ret=SUCCESS |  
2019-08-21 19:24:16,878 | INFO  | DNAudit | user=null | ip=null | op=WRITE_CHUNK {blockData=conID: 1 locID: 102656603377107477 bcsId: 2730} | ret=SUCCESS |  
2019-08-21 19:24:16,878 | INFO  | DNAudit | user=null | ip=null | op=WRITE_CHUNK {blockData=conID: 1 locID: 102656603377107477 bcsId: 2730} | ret=SUCCESS |  
2019-08-21 19:24:16,880 | INFO  | DNAudit | user=null | ip=null | op=WRITE_CHUNK {blockData=conID: 1 locID: 102656603377107477 bcsId: 2724} | ret=SUCCESS |  
2019-08-21 19:24:16,880 | INFO  | DNAudit | user=null | ip=null | op=WRITE_CHUNK {blockData=conID: 1 locID: 102656603377107477 bcsId: 2724} | ret=SUCCESS |  
2019-08-21 19:24:16,881 | INFO  | DNAudit | user=null | ip=null | op=PUT_BLOCK {blockData=[blockId=conID: 1 locID: 102656603377107477 bcsId: 0,size=3145728]} | ret=SUCCESS |  
2019-08-21 19:24:16,881 | INFO  | DNAudit | user=null | ip=null | op=PUT_BLOCK {blockData=[blockId=conID: 1 locID: 102656603377107477 bcsId: 0,size=3145728]} | ret=SUCCESS |  
2019-08-21 19:24:16,894 | INFO  | DNAudit | user=null | ip=null | op=WRITE_CHUNK {blockData=conID: 1 locID: 102656603377107477 bcsId: 2730} | ret=SUCCESS |  
2019-08-21 19:24:16,894 | INFO  | DNAudit | user=null | ip=null | op=PUT_BLOCK {blockData=[blockId=conID: 1 locID: 102656603377107477 bcsId: 0,size=4194304]} | ret=SUCCESS |  
2019-08-21 19:24:16,894 [grpc-default-executor-0] INFO  client.GrpcClientProtocolClient (GrpcClientProtocolClient.java:onNext(255)) - client-DA9582518C67->1df8bd03-73ef-4b9c-8622-5dc9d0e29c31: receive RaftClientReply:client-DA9582518C67->1df8bd03-73ef-4b9c-8622-5dc9d0e29c31@group-F45402591F47, cid=1905, SUCCESS, logIndex=2733, commits[1df8bd03-73ef-4b9c-8622-5dc9d0e29c31:c2734, 12aca755-ada5-42df-801b-c61f99d8e8b8:c2730, a308b8bf-0324-43a1-a87f-1e10a96e3042:c2730]
2019-08-21 19:24:16,895 [grpc-default-executor-0] INFO  client.GrpcClientProtocolClient (GrpcClientProtocolClient.java:onNext(255)) - client-DA9582518C67->1df8bd03-73ef-4b9c-8622-5dc9d0e29c31: receive RaftClientReply:client-DA9582518C67->1df8bd03-73ef-4b9c-8622-5dc9d0e29c31@group-F45402591F47, cid=1906, SUCCESS, logIndex=2734, commits[1df8bd03-73ef-4b9c-8622-5dc9d0e29c31:c2734, 12aca755-ada5-42df-801b-c61f99d8e8b8:c2730, a308b8bf-0324-43a1-a87f-1e10a96e3042:c2730]
2019-08-21 19:24:16,903 | INFO  | DNAudit | user=null | ip=null | op=WRITE_CHUNK {blockData=conID: 1 locID: 102656603377107477 bcsId: 2730} | ret=SUCCESS |  
2019-08-21 19:24:16,903 | INFO  | DNAudit | user=null | ip=null | op=WRITE_CHUNK {blockData=conID: 1 locID: 102656603377107477 bcsId: 2730} | ret=SUCCESS |  
2019-08-21 19:24:16,904 | INFO  | DNAudit | user=null | ip=null | op=PUT_BLOCK {blockData=[blockId=conID: 1 locID: 102656603377107477 bcsId: 0,size=4194304]} | ret=SUCCESS |  
2019-08-21 19:24:16,904 | INFO  | DNAudit | user=null | ip=null | op=PUT_BLOCK {blockData=[blockId=conID: 1 locID: 102656603377107477 bcsId: 0,size=4194304]} | ret=SUCCESS |  
2019-08-21 19:24:16,904 [grpc-default-executor-0] INFO  client.GrpcClientProtocolClient (GrpcClientProtocolClient.java:onNext(255)) - client-DA9582518C67->1df8bd03-73ef-4b9c-8622-5dc9d0e29c31: receive RaftClientReply:client-DA9582518C67->1df8bd03-73ef-4b9c-8622-5dc9d0e29c31@group-F45402591F47, cid=1907, SUCCESS, logIndex=0, commits[1df8bd03-73ef-4b9c-8622-5dc9d0e29c31:c2734, 12aca755-ada5-42df-801b-c61f99d8e8b8:c2734, a308b8bf-0324-43a1-a87f-1e10a96e3042:c2734]
2019-08-21 19:24:16,907 | INFO  | SCMAudit | user=jenkins1000 | ip=192.168.69.88 | op=ALLOCATE_BLOCK {owner=a4b1d482-4fe6-4e71-84a6-a95f4ce3f696, size=4194304, type=RATIS, factor=THREE} | ret=SUCCESS |  
2019-08-21 19:24:16,909 | INFO  | OMAudit | user=jenkins1000 | ip=127.0.0.1 | op=ALLOCATE_BLOCK {volume=vol-0-90666, bucket=bucket-0-29336, key=key-0-94354, dataSize=0, replicationType=null, replicationFactor=null, keyLocationInfo=null, clientID=102656601977389458} | ret=SUCCESS |  
2019-08-21 19:24:16,915 | INFO  | DNAudit | user=null | ip=null | op=WRITE_CHUNK {blockData=conID: 2 locID: 102656603383857686 bcsId: 0} | ret=SUCCESS |  
2019-08-21 19:24:16,917 | INFO  | DNAudit | user=null | ip=null | op=WRITE_CHUNK {blockData=conID: 2 locID: 102656603383857686 bcsId: 0} | ret=SUCCESS |  
2019-08-21 19:24:16,917 | INFO  | DNAudit | user=null | ip=null | op=WRITE_CHUNK {blockData=conID: 2 locID: 102656603383857686 bcsId: 0} | ret=SUCCESS |  
2019-08-21 19:24:16,918 | INFO  | DNAudit | user=null | ip=null | op=WRITE_CHUNK {blockData=conID: 2 locID: 102656603383857686 bcsId: 0} | ret=SUCCESS |  
2019-08-21 19:24:16,919 | INFO  | DNAudit | user=null | ip=null | op=WRITE_CHUNK {blockData=conID: 2 locID: 102656603383857686 bcsId: 0} | ret=SUCCESS |  
2019-08-21 19:24:16,920 | INFO  | DNAudit | user=null | ip=null | op=WRITE_CHUNK {blockData=conID: 2 locID: 102656603383857686 bcsId: 0} | ret=SUCCESS |  
2019-08-21 19:24:16,928 | INFO  | DNAudit | user=null | ip=null | op=WRITE_CHUNK {blockData=conID: 2 locID: 102656603383857686 bcsId: 0} | ret=SUCCESS |  
2019-08-21 19:24:16,928 | INFO  | DNAudit | user=null | ip=null | op=PUT_BLOCK {blockData=[blockId=conID: 2 locID: 102656603383857686 bcsId: 0,size=1048576]} | ret=SUCCESS |  
2019-08-21 19:24:16,929 | INFO  | DNAudit | user=null | ip=null | op=WRITE_CHUNK {blockData=conID: 2 locID: 102656603383857686 bcsId: 0} | ret=SUCCESS |  
2019-08-21 19:24:16,928 [grpc-default-executor-5] INFO  client.GrpcClientProtocolClient (GrpcClientProtocolClient.java:onNext(255)) - client-DA9582518C67->1df8bd03-73ef-4b9c-8622-5dc9d0e29c31: receive RaftClientReply:client-DA9582518C67->1df8bd03-73ef-4b9c-8622-5dc9d0e29c31@group-F45402591F47, cid=1908, SUCCESS, logIndex=2737, commits[1df8bd03-73ef-4b9c-8622-5dc9d0e29c31:c2739, 12aca755-ada5-42df-801b-c61f99d8e8b8:c2735, a308b8bf-0324-43a1-a87f-1e10a96e3042:c2735]
2019-08-21 19:24:16,929 | INFO  | DNAudit | user=null | ip=null | op=PUT_BLOCK {blockData=[blockId=conID: 2 locID: 102656603383857686 bcsId: 0,size=2097152]} | ret=SUCCESS |  
2019-08-21 19:24:16,929 [grpc-default-executor-5] INFO  client.GrpcClientProtocolClient (GrpcClientProtocolClient.java:onNext(255)) - client-DA9582518C67->1df8bd03-73ef-4b9c-8622-5dc9d0e29c31: receive RaftClientReply:client-DA9582518C67->1df8bd03-73ef-4b9c-8622-5dc9d0e29c31@group-F45402591F47, cid=1909, SUCCESS, logIndex=2738, commits[1df8bd03-73ef-4b9c-8622-5dc9d0e29c31:c2740, 12aca755-ada5-42df-801b-c61f99d8e8b8:c2735, a308b8bf-0324-43a1-a87f-1e10a96e3042:c2735]
2019-08-21 19:24:16,929 [grpc-default-executor-5] INFO  client.GrpcClientProtocolClient (GrpcClientProtocolClient.java:onNext(255)) - client-DA9582518C67->1df8bd03-73ef-4b9c-8622-5dc9d0e29c31: receive RaftClientReply:client-DA9582518C67->1df8bd03-73ef-4b9c-8622-5dc9d0e29c31@group-F45402591F47, cid=1910, SUCCESS, logIndex=2739, commits[1df8bd03-73ef-4b9c-8622-5dc9d0e29c31:c2740, 12aca755-ada5-42df-801b-c61f99d8e8b8:c2735, a308b8bf-0324-43a1-a87f-1e10a96e3042:c2735]
2019-08-21 19:24:16,929 [grpc-default-executor-5] INFO  client.GrpcClientProtocolClient (GrpcClientProtocolClient.java:onNext(255)) - client-DA9582518C67->1df8bd03-73ef-4b9c-8622-5dc9d0e29c31: receive RaftClientReply:client-DA9582518C67->1df8bd03-73ef-4b9c-8622-5dc9d0e29c31@group-F45402591F47, cid=1911, SUCCESS, logIndex=2740, commits[1df8bd03-73ef-4b9c-8622-5dc9d0e29c31:c2740, 12aca755-ada5-42df-801b-c61f99d8e8b8:c2735, a308b8bf-0324-43a1-a87f-1e10a96e3042:c2735]
2019-08-21 19:24:16,941 | INFO  | DNAudit | user=null | ip=null | op=WRITE_CHUNK {blockData=conID: 2 locID: 102656603383857686 bcsId: 0} | ret=SUCCESS |  
2019-08-21 19:24:16,952 | INFO  | DNAudit | user=null | ip=null | op=WRITE_CHUNK {blockData=conID: 2 locID: 102656603383857686 bcsId: 0} | ret=SUCCESS |  
2019-08-21 19:24:16,952 | INFO  | DNAudit | user=null | ip=null | op=PUT_BLOCK {blockData=[blockId=conID: 2 locID: 102656603383857686 bcsId: 0,size=1048576]} | ret=SUCCESS |  
2019-08-21 19:24:16,953 | INFO  | DNAudit | user=null | ip=null | op=WRITE_CHUNK {blockData=conID: 2 locID: 102656603383857686 bcsId: 0} | ret=SUCCESS |  
2019-08-21 19:24:16,953 | INFO  | DNAudit | user=null | ip=null | op=PUT_BLOCK {blockData=[blockId=conID: 2 locID: 102656603383857686 bcsId: 0,size=2097152]} | ret=SUCCESS |  
2019-08-21 19:24:16,954 | INFO  | DNAudit | user=null | ip=null | op=PUT_BLOCK {blockData=[blockId=conID: 2 locID: 102656603383857686 bcsId: 0,size=1048576]} | ret=SUCCESS |  
2019-08-21 19:24:16,954 | INFO  | DNAudit | user=null | ip=null | op=WRITE_CHUNK {blockData=conID: 2 locID: 102656603383857686 bcsId: 0} | ret=SUCCESS |  
2019-08-21 19:24:16,954 | INFO  | DNAudit | user=null | ip=null | op=PUT_BLOCK {blockData=[blockId=conID: 2 locID: 102656603383857686 bcsId: 0,size=2097152]} | ret=SUCCESS |  
2019-08-21 19:24:16,955 [grpc-default-executor-5] INFO  client.GrpcClientProtocolClient (GrpcClientProtocolClient.java:onNext(255)) - client-DA9582518C67->1df8bd03-73ef-4b9c-8622-5dc9d0e29c31: receive RaftClientReply:client-DA9582518C67->1df8bd03-73ef-4b9c-8622-5dc9d0e29c31@group-F45402591F47, cid=1912, SUCCESS, logIndex=0, commits[1df8bd03-73ef-4b9c-8622-5dc9d0e29c31:c2744, 12aca755-ada5-42df-801b-c61f99d8e8b8:c2740, a308b8bf-0324-43a1-a87f-1e10a96e3042:c2738]
2019-08-21 19:24:16,961 | INFO  | DNAudit | user=null | ip=null | op=WRITE_CHUNK {blockData=conID: 2 locID: 102656603383857686 bcsId: 2740} | ret=SUCCESS |  
2019-08-21 19:24:16,963 | INFO  | DNAudit | user=null | ip=null | op=WRITE_CHUNK {blockData=conID: 2 locID: 102656603383857686 bcsId: 2740} | ret=SUCCESS |  
2019-08-21 19:24:16,963 | INFO  | DNAudit | user=null | ip=null | op=WRITE_CHUNK {blockData=conID: 2 locID: 102656603383857686 bcsId: 2740} | ret=SUCCESS |  
2019-08-21 19:24:16,966 | INFO  | DNAudit | user=null | ip=null | op=WRITE_CHUNK {blockData=conID: 2 locID: 102656603383857686 bcsId: 2740} | ret=SUCCESS |  
2019-08-21 19:24:16,966 | INFO  | DNAudit | user=null | ip=null | op=PUT_BLOCK {blockData=[blockId=conID: 2 locID: 102656603383857686 bcsId: 0,size=3145728]} | ret=SUCCESS |  
2019-08-21 19:24:16,966 [grpc-default-executor-2] INFO  client.GrpcClientProtocolClient (GrpcClientProtocolClient.java:onNext(255)) - client-DA9582518C67->1df8bd03-73ef-4b9c-8622-5dc9d0e29c31: receive RaftClientReply:client-DA9582518C67->1df8bd03-73ef-4b9c-8622-5dc9d0e29c31@group-F45402591F47, cid=1913, SUCCESS, logIndex=2745, commits[1df8bd03-73ef-4b9c-8622-5dc9d0e29c31:c2746, 12aca755-ada5-42df-801b-c61f99d8e8b8:c2744, a308b8bf-0324-43a1-a87f-1e10a96e3042:c2744]
2019-08-21 19:24:16,967 [grpc-default-executor-2] INFO  client.GrpcClientProtocolClient (GrpcClientProtocolClient.java:onNext(255)) - client-DA9582518C67->1df8bd03-73ef-4b9c-8622-5dc9d0e29c31: receive RaftClientReply:client-DA9582518C67->1df8bd03-73ef-4b9c-8622-5dc9d0e29c31@group-F45402591F47, cid=1914, SUCCESS, logIndex=2746, commits[1df8bd03-73ef-4b9c-8622-5dc9d0e29c31:c2746, 12aca755-ada5-42df-801b-c61f99d8e8b8:c2744, a308b8bf-0324-43a1-a87f-1e10a96e3042:c2744]
2019-08-21 19:24:16,972 | INFO  | SCMAudit | user=jenkins1000 | ip=192.168.69.88 | op=SEND_HEARTBEAT {datanodeUUID=a308b8bf-0324-43a1-a87f-1e10a96e3042, command=[]} | ret=SUCCESS |  
2019-08-21 19:24:16,972 | INFO  | SCMAudit | user=jenkins1000 | ip=192.168.69.88 | op=SEND_HEARTBEAT {datanodeUUID=12aca755-ada5-42df-801b-c61f99d8e8b8, command=[]} | ret=SUCCESS |  
2019-08-21 19:24:16,973 | INFO  | SCMAudit | user=jenkins1000 | ip=192.168.69.88 | op=SEND_HEARTBEAT {datanodeUUID=1df8bd03-73ef-4b9c-8622-5dc9d0e29c31, command=[]} | ret=SUCCESS |  
2019-08-21 19:24:16,973 | INFO  | DNAudit | user=null | ip=null | op=WRITE_CHUNK {blockData=conID: 2 locID: 102656603383857686 bcsId: 2746} | ret=SUCCESS |  
2019-08-21 19:24:16,976 | INFO  | DNAudit | user=null | ip=null | op=WRITE_CHUNK {blockData=conID: 2 locID: 102656603383857686 bcsId: 2746} | ret=SUCCESS |  
2019-08-21 19:24:16,976 | INFO  | DNAudit | user=null | ip=null | op=WRITE_CHUNK {blockData=conID: 2 locID: 102656603383857686 bcsId: 2746} | ret=SUCCESS |  
2019-08-21 19:24:16,980 | INFO  | DNAudit | user=null | ip=null | op=WRITE_CHUNK {blockData=conID: 2 locID: 102656603383857686 bcsId: 2740} | ret=SUCCESS |  
2019-08-21 19:24:16,980 | INFO  | DNAudit | user=null | ip=null | op=PUT_BLOCK {blockData=[blockId=conID: 2 locID: 102656603383857686 bcsId: 0,size=3145728]} | ret=SUCCESS |  
2019-08-21 19:24:16,981 | INFO  | DNAudit | user=null | ip=null | op=WRITE_CHUNK {blockData=conID: 2 locID: 102656603383857686 bcsId: 2740} | ret=SUCCESS |  
2019-08-21 19:24:16,992 | INFO  | DNAudit | user=null | ip=null | op=PUT_BLOCK {blockData=[blockId=conID: 2 locID: 102656603383857686 bcsId: 0,size=3145728]} | ret=SUCCESS |  
2019-08-21 19:24:16,993 | INFO  | DNAudit | user=null | ip=null | op=WRITE_CHUNK {blockData=conID: 2 locID: 102656603383857686 bcsId: 2746} | ret=SUCCESS |  
2019-08-21 19:24:16,993 | INFO  | DNAudit | user=null | ip=null | op=PUT_BLOCK {blockData=[blockId=conID: 2 locID: 102656603383857686 bcsId: 0,size=4194304]} | ret=SUCCESS |  
2019-08-21 19:24:16,993 [grpc-default-executor-5] INFO  client.GrpcClientProtocolClient (GrpcClientProtocolClient.java:onNext(255)) - client-DA9582518C67->1df8bd03-73ef-4b9c-8622-5dc9d0e29c31: receive RaftClientReply:client-DA9582518C67->1df8bd03-73ef-4b9c-8622-5dc9d0e29c31@group-F45402591F47, cid=1915, SUCCESS, logIndex=2749, commits[1df8bd03-73ef-4b9c-8622-5dc9d0e29c31:c2750, 12aca755-ada5-42df-801b-c61f99d8e8b8:c2746, a308b8bf-0324-43a1-a87f-1e10a96e3042:c2746]
2019-08-21 19:24:16,994 [grpc-default-executor-5] INFO  client.GrpcClientProtocolClient (GrpcClientProtocolClient.java:onNext(255)) - client-DA9582518C67->1df8bd03-73ef-4b9c-8622-5dc9d0e29c31: receive RaftClientReply:client-DA9582518C67->1df8bd03-73ef-4b9c-8622-5dc9d0e29c31@group-F45402591F47, cid=1916, SUCCESS, logIndex=2750, commits[1df8bd03-73ef-4b9c-8622-5dc9d0e29c31:c2750, 12aca755-ada5-42df-801b-c61f99d8e8b8:c2746, a308b8bf-0324-43a1-a87f-1e10a96e3042:c2746]
2019-08-21 19:24:17,003 | INFO  | DNAudit | user=null | ip=null | op=WRITE_CHUNK {blockData=conID: 2 locID: 102656603383857686 bcsId: 2746} | ret=SUCCESS |  
2019-08-21 19:24:17,003 | INFO  | DNAudit | user=null | ip=null | op=WRITE_CHUNK {blockData=conID: 2 locID: 102656603383857686 bcsId: 2746} | ret=SUCCESS |  
2019-08-21 19:24:17,015 | INFO  | DNAudit | user=null | ip=null | op=PUT_BLOCK {blockData=[blockId=conID: 2 locID: 102656603383857686 bcsId: 0,size=4194304]} | ret=SUCCESS |  
2019-08-21 19:24:17,015 | INFO  | DNAudit | user=null | ip=null | op=PUT_BLOCK {blockData=[blockId=conID: 2 locID: 102656603383857686 bcsId: 0,size=4194304]} | ret=SUCCESS |  
2019-08-21 19:24:17,015 [grpc-default-executor-5] INFO  client.GrpcClientProtocolClient (GrpcClientProtocolClient.java:onNext(255)) - client-DA9582518C67->1df8bd03-73ef-4b9c-8622-5dc9d0e29c31: receive RaftClientReply:client-DA9582518C67->1df8bd03-73ef-4b9c-8622-5dc9d0e29c31@group-F45402591F47, cid=1917, SUCCESS, logIndex=0, commits[1df8bd03-73ef-4b9c-8622-5dc9d0e29c31:c2752, 12aca755-ada5-42df-801b-c61f99d8e8b8:c2750, a308b8bf-0324-43a1-a87f-1e10a96e3042:c2750]
2019-08-21 19:24:17,019 | INFO  | SCMAudit | user=jenkins1000 | ip=192.168.69.88 | op=ALLOCATE_BLOCK {owner=a4b1d482-4fe6-4e71-84a6-a95f4ce3f696, size=4194304, type=RATIS, factor=THREE} | ret=SUCCESS |  
2019-08-21 19:24:17,021 | INFO  | OMAudit | user=jenkins1000 | ip=127.0.0.1 | op=ALLOCATE_BLOCK {volume=vol-0-90666, bucket=bucket-0-29336, key=key-0-94354, dataSize=0, replicationType=null, replicationFactor=null, keyLocationInfo=null, clientID=102656601977389458} | ret=SUCCESS |  
2019-08-21 19:24:17,028 | INFO  | DNAudit | user=null | ip=null | op=WRITE_CHUNK {blockData=conID: 3 locID: 102656603391197719 bcsId: 0} | ret=SUCCESS |  
2019-08-21 19:24:17,031 | INFO  | DNAudit | user=null | ip=null | op=WRITE_CHUNK {blockData=conID: 3 locID: 102656603391197719 bcsId: 0} | ret=SUCCESS |  
2019-08-21 19:24:17,032 | INFO  | DNAudit | user=null | ip=null | op=WRITE_CHUNK {blockData=conID: 3 locID: 102656603391197719 bcsId: 0} | ret=SUCCESS |  
2019-08-21 19:24:17,032 | INFO  | DNAudit | user=null | ip=null | op=WRITE_CHUNK {blockData=conID: 3 locID: 102656603391197719 bcsId: 0} | ret=SUCCESS |  
2019-08-21 19:24:17,033 | INFO  | DNAudit | user=null | ip=null | op=WRITE_CHUNK {blockData=conID: 3 locID: 102656603391197719 bcsId: 0} | ret=SUCCESS |  
2019-08-21 19:24:17,033 | INFO  | DNAudit | user=null | ip=null | op=WRITE_CHUNK {blockData=conID: 3 locID: 102656603391197719 bcsId: 0} | ret=SUCCESS |  
2019-08-21 19:24:17,043 | INFO  | DNAudit | user=null | ip=null | op=WRITE_CHUNK {blockData=conID: 3 locID: 102656603391197719 bcsId: 0} | ret=SUCCESS |  
2019-08-21 19:24:17,044 | INFO  | DNAudit | user=null | ip=null | op=PUT_BLOCK {blockData=[blockId=conID: 3 locID: 102656603391197719 bcsId: 0,size=1048576]} | ret=SUCCESS |  
2019-08-21 19:24:17,044 [grpc-default-executor-4] INFO  client.GrpcClientProtocolClient (GrpcClientProtocolClient.java:onNext(255)) - client-DA9582518C67->1df8bd03-73ef-4b9c-8622-5dc9d0e29c31: receive RaftClientReply:client-DA9582518C67->1df8bd03-73ef-4b9c-8622-5dc9d0e29c31@group-F45402591F47, cid=1918, SUCCESS, logIndex=2753, commits[1df8bd03-73ef-4b9c-8622-5dc9d0e29c31:c2754, 12aca755-ada5-42df-801b-c61f99d8e8b8:c2752, a308b8bf-0324-43a1-a87f-1e10a96e3042:c2752]
2019-08-21 19:24:17,044 | INFO  | DNAudit | user=null | ip=null | op=WRITE_CHUNK {blockData=conID: 3 locID: 102656603391197719 bcsId: 0} | ret=SUCCESS |  
2019-08-21 19:24:17,044 [grpc-default-executor-4] INFO  client.GrpcClientProtocolClient (GrpcClientProtocolClient.java:onNext(255)) - client-DA9582518C67->1df8bd03-73ef-4b9c-8622-5dc9d0e29c31: receive RaftClientReply:client-DA9582518C67->1df8bd03-73ef-4b9c-8622-5dc9d0e29c31@group-F45402591F47, cid=1919, SUCCESS, logIndex=2754, commits[1df8bd03-73ef-4b9c-8622-5dc9d0e29c31:c2756, 12aca755-ada5-42df-801b-c61f99d8e8b8:c2752, a308b8bf-0324-43a1-a87f-1e10a96e3042:c2752]
2019-08-21 19:24:17,045 | INFO  | DNAudit | user=null | ip=null | op=PUT_BLOCK {blockData=[blockId=conID: 3 locID: 102656603391197719 bcsId: 0,size=2097152]} | ret=SUCCESS |  
2019-08-21 19:24:17,045 [grpc-default-executor-4] INFO  client.GrpcClientProtocolClient (GrpcClientProtocolClient.java:onNext(255)) - client-DA9582518C67->1df8bd03-73ef-4b9c-8622-5dc9d0e29c31: receive RaftClientReply:client-DA9582518C67->1df8bd03-73ef-4b9c-8622-5dc9d0e29c31@group-F45402591F47, cid=1920, SUCCESS, logIndex=2755, commits[1df8bd03-73ef-4b9c-8622-5dc9d0e29c31:c2756, 12aca755-ada5-42df-801b-c61f99d8e8b8:c2752, a308b8bf-0324-43a1-a87f-1e10a96e3042:c2752]
2019-08-21 19:24:17,045 [grpc-default-executor-4] INFO  client.GrpcClientProtocolClient (GrpcClientProtocolClient.java:onNext(255)) - client-DA9582518C67->1df8bd03-73ef-4b9c-8622-5dc9d0e29c31: receive RaftClientReply:client-DA9582518C67->1df8bd03-73ef-4b9c-8622-5dc9d0e29c31@group-F45402591F47, cid=1921, SUCCESS, logIndex=2756, commits[1df8bd03-73ef-4b9c-8622-5dc9d0e29c31:c2756, 12aca755-ada5-42df-801b-c61f99d8e8b8:c2752, a308b8bf-0324-43a1-a87f-1e10a96e3042:c2752]
2019-08-21 19:24:17,054 | INFO  | DNAudit | user=null | ip=null | op=WRITE_CHUNK {blockData=conID: 3 locID: 102656603391197719 bcsId: 0} | ret=SUCCESS |  
2019-08-21 19:24:17,054 | INFO  | DNAudit | user=null | ip=null | op=WRITE_CHUNK {blockData=conID: 3 locID: 102656603391197719 bcsId: 0} | ret=SUCCESS |  
2019-08-21 19:24:17,067 | INFO  | DNAudit | user=null | ip=null | op=PUT_BLOCK {blockData=[blockId=conID: 3 locID: 102656603391197719 bcsId: 0,size=1048576]} | ret=SUCCESS |  
2019-08-21 19:24:17,067 | INFO  | DNAudit | user=null | ip=null | op=PUT_BLOCK {blockData=[blockId=conID: 3 locID: 102656603391197719 bcsId: 0,size=1048576]} | ret=SUCCESS |  
2019-08-21 19:24:17,067 [grpc-default-executor-5] INFO  client.GrpcClientProtocolClient (GrpcClientProtocolClient.java:onNext(255)) - client-DA9582518C67->1df8bd03-73ef-4b9c-8622-5dc9d0e29c31: receive RaftClientReply:client-DA9582518C67->1df8bd03-73ef-4b9c-8622-5dc9d0e29c31@group-F45402591F47, cid=1922, SUCCESS, logIndex=0, commits[1df8bd03-73ef-4b9c-8622-5dc9d0e29c31:c2758, 12aca755-ada5-42df-801b-c61f99d8e8b8:c2754, a308b8bf-0324-43a1-a87f-1e10a96e3042:c2754]
2019-08-21 19:24:17,074 | INFO  | DNAudit | user=null | ip=null | op=WRITE_CHUNK {blockData=conID: 3 locID: 102656603391197719 bcsId: 2756} | ret=SUCCESS |  
2019-08-21 19:24:17,076 | INFO  | DNAudit | user=null | ip=null | op=WRITE_CHUNK {blockData=conID: 3 locID: 102656603391197719 bcsId: 2756} | ret=SUCCESS |  
2019-08-21 19:24:17,076 | INFO  | DNAudit | user=null | ip=null | op=WRITE_CHUNK {blockData=conID: 3 locID: 102656603391197719 bcsId: 2756} | ret=SUCCESS |  
2019-08-21 19:24:17,079 | INFO  | DNAudit | user=null | ip=null | op=WRITE_CHUNK {blockData=conID: 3 locID: 102656603391197719 bcsId: 0} | ret=SUCCESS |  
2019-08-21 19:24:17,079 | INFO  | DNAudit | user=null | ip=null | op=WRITE_CHUNK {blockData=conID: 3 locID: 102656603391197719 bcsId: 0} | ret=SUCCESS |  
2019-08-21 19:24:17,079 | INFO  | DNAudit | user=null | ip=null | op=WRITE_CHUNK {blockData=conID: 3 locID: 102656603391197719 bcsId: 2756} | ret=SUCCESS |  
2019-08-21 19:24:17,079 | INFO  | DNAudit | user=null | ip=null | op=PUT_BLOCK {blockData=[blockId=conID: 3 locID: 102656603391197719 bcsId: 0,size=2097152]} | ret=SUCCESS |  
2019-08-21 19:24:17,079 | INFO  | DNAudit | user=null | ip=null | op=PUT_BLOCK {blockData=[blockId=conID: 3 locID: 102656603391197719 bcsId: 0,size=2097152]} | ret=SUCCESS |  
2019-08-21 19:24:17,079 | INFO  | DNAudit | user=null | ip=null | op=PUT_BLOCK {blockData=[blockId=conID: 3 locID: 102656603391197719 bcsId: 0,size=3145728]} | ret=SUCCESS |  
2019-08-21 19:24:17,079 [grpc-default-executor-4] INFO  client.GrpcClientProtocolClient (GrpcClientProtocolClient.java:onNext(255)) - client-DA9582518C67->1df8bd03-73ef-4b9c-8622-5dc9d0e29c31: receive RaftClientReply:client-DA9582518C67->1df8bd03-73ef-4b9c-8622-5dc9d0e29c31@group-F45402591F47, cid=1923, SUCCESS, logIndex=2761, commits[1df8bd03-73ef-4b9c-8622-5dc9d0e29c31:c2761, 12aca755-ada5-42df-801b-c61f99d8e8b8:c2760, a308b8bf-0324-43a1-a87f-1e10a96e3042:c2760]
2019-08-21 19:24:17,080 [grpc-default-executor-4] INFO  client.GrpcClientProtocolClient (GrpcClientProtocolClient.java:onNext(255)) - client-DA9582518C67->1df8bd03-73ef-4b9c-8622-5dc9d0e29c31: receive RaftClientReply:client-DA9582518C67->1df8bd03-73ef-4b9c-8622-5dc9d0e29c31@group-F45402591F47, cid=1924, SUCCESS, logIndex=2762, commits[1df8bd03-73ef-4b9c-8622-5dc9d0e29c31:c2762, 12aca755-ada5-42df-801b-c61f99d8e8b8:c2760, a308b8bf-0324-43a1-a87f-1e10a96e3042:c2760]
2019-08-21 19:24:17,086 | INFO  | DNAudit | user=null | ip=null | op=WRITE_CHUNK {blockData=conID: 3 locID: 102656603391197719 bcsId: 2762} | ret=SUCCESS |  
2019-08-21 19:24:17,089 | INFO  | DNAudit | user=null | ip=null | op=WRITE_CHUNK {blockData=conID: 3 locID: 102656603391197719 bcsId: 2762} | ret=SUCCESS |  
2019-08-21 19:24:17,089 | INFO  | DNAudit | user=null | ip=null | op=WRITE_CHUNK {blockData=conID: 3 locID: 102656603391197719 bcsId: 2762} | ret=SUCCESS |  
2019-08-21 19:24:17,092 | INFO  | DNAudit | user=null | ip=null | op=WRITE_CHUNK {blockData=conID: 3 locID: 102656603391197719 bcsId: 2756} | ret=SUCCESS |  
2019-08-21 19:24:17,092 | INFO  | DNAudit | user=null | ip=null | op=WRITE_CHUNK {blockData=conID: 3 locID: 102656603391197719 bcsId: 2756} | ret=SUCCESS |  
2019-08-21 19:24:17,105 | INFO  | DNAudit | user=null | ip=null | op=PUT_BLOCK {blockData=[blockId=conID: 3 locID: 102656603391197719 bcsId: 0,size=3145728]} | ret=SUCCESS |  
2019-08-21 19:24:17,105 | INFO  | DNAudit | user=null | ip=null | op=PUT_BLOCK {blockData=[blockId=conID: 3 locID: 102656603391197719 bcsId: 0,size=3145728]} | ret=SUCCESS |  
2019-08-21 19:24:17,106 | INFO  | DNAudit | user=null | ip=null | op=WRITE_CHUNK {blockData=conID: 3 locID: 102656603391197719 bcsId: 2762} | ret=SUCCESS |  
2019-08-21 19:24:17,106 | INFO  | DNAudit | user=null | ip=null | op=PUT_BLOCK {blockData=[blockId=conID: 3 locID: 102656603391197719 bcsId: 0,size=4194304]} | ret=SUCCESS |  
2019-08-21 19:24:17,106 [grpc-default-executor-4] INFO  client.GrpcClientProtocolClient (GrpcClientProtocolClient.java:onNext(255)) - client-DA9582518C67->1df8bd03-73ef-4b9c-8622-5dc9d0e29c31: receive RaftClientReply:client-DA9582518C67->1df8bd03-73ef-4b9c-8622-5dc9d0e29c31@group-F45402591F47, cid=1925, SUCCESS, logIndex=2765, commits[1df8bd03-73ef-4b9c-8622-5dc9d0e29c31:c2766, 12aca755-ada5-42df-801b-c61f99d8e8b8:c2762, a308b8bf-0324-43a1-a87f-1e10a96e3042:c2762]
2019-08-21 19:24:17,107 [grpc-default-executor-4] INFO  client.GrpcClientProtocolClient (GrpcClientProtocolClient.java:onNext(255)) - client-DA9582518C67->1df8bd03-73ef-4b9c-8622-5dc9d0e29c31: receive RaftClientReply:client-DA9582518C67->1df8bd03-73ef-4b9c-8622-5dc9d0e29c31@group-F45402591F47, cid=1926, SUCCESS, logIndex=2766, commits[1df8bd03-73ef-4b9c-8622-5dc9d0e29c31:c2766, 12aca755-ada5-42df-801b-c61f99d8e8b8:c2762, a308b8bf-0324-43a1-a87f-1e10a96e3042:c2762]
2019-08-21 19:24:17,114 | INFO  | DNAudit | user=null | ip=null | op=WRITE_CHUNK {blockData=conID: 3 locID: 102656603391197719 bcsId: 2762} | ret=SUCCESS |  
2019-08-21 19:24:17,114 | INFO  | DNAudit | user=null | ip=null | op=WRITE_CHUNK {blockData=conID: 3 locID: 102656603391197719 bcsId: 2762} | ret=SUCCESS |  
2019-08-21 19:24:17,114 | INFO  | DNAudit | user=null | ip=null | op=PUT_BLOCK {blockData=[blockId=conID: 3 locID: 102656603391197719 bcsId: 0,size=4194304]} | ret=SUCCESS |  
2019-08-21 19:24:17,114 | INFO  | DNAudit | user=null | ip=null | op=PUT_BLOCK {blockData=[blockId=conID: 3 locID: 102656603391197719 bcsId: 0,size=4194304]} | ret=SUCCESS |  
2019-08-21 19:24:17,115 [grpc-default-executor-4] INFO  client.GrpcClientProtocolClient (GrpcClientProtocolClient.java:onNext(255)) - client-DA9582518C67->1df8bd03-73ef-4b9c-8622-5dc9d0e29c31: receive RaftClientReply:client-DA9582518C67->1df8bd03-73ef-4b9c-8622-5dc9d0e29c31@group-F45402591F47, cid=1927, SUCCESS, logIndex=0, commits[1df8bd03-73ef-4b9c-8622-5dc9d0e29c31:c2767, 12aca755-ada5-42df-801b-c61f99d8e8b8:c2766, a308b8bf-0324-43a1-a87f-1e10a96e3042:c2766]
2019-08-21 19:24:17,118 | INFO  | SCMAudit | user=jenkins1000 | ip=192.168.69.88 | op=ALLOCATE_BLOCK {owner=a4b1d482-4fe6-4e71-84a6-a95f4ce3f696, size=4194304, type=RATIS, factor=THREE} | ret=SUCCESS |  
2019-08-21 19:24:17,120 | INFO  | OMAudit | user=jenkins1000 | ip=127.0.0.1 | op=ALLOCATE_BLOCK {volume=vol-0-90666, bucket=bucket-0-29336, key=key-0-94354, dataSize=0, replicationType=null, replicationFactor=null, keyLocationInfo=null, clientID=102656601977389458} | ret=SUCCESS |  
2019-08-21 19:24:17,125 | INFO  | DNAudit | user=null | ip=null | op=WRITE_CHUNK {blockData=conID: 1 locID: 102656603397685784 bcsId: 0} | ret=SUCCESS |  
2019-08-21 19:24:17,127 | INFO  | DNAudit | user=null | ip=null | op=WRITE_CHUNK {blockData=conID: 1 locID: 102656603397685784 bcsId: 0} | ret=SUCCESS |  
2019-08-21 19:24:17,129 | INFO  | DNAudit | user=null | ip=null | op=WRITE_CHUNK {blockData=conID: 1 locID: 102656603397685784 bcsId: 0} | ret=SUCCESS |  
2019-08-21 19:24:17,129 | INFO  | DNAudit | user=null | ip=null | op=WRITE_CHUNK {blockData=conID: 1 locID: 102656603397685784 bcsId: 0} | ret=SUCCESS |  
2019-08-21 19:24:17,131 | INFO  | DNAudit | user=null | ip=null | op=WRITE_CHUNK {blockData=conID: 1 locID: 102656603397685784 bcsId: 0} | ret=SUCCESS |  
2019-08-21 19:24:17,131 | INFO  | DNAudit | user=null | ip=null | op=WRITE_CHUNK {blockData=conID: 1 locID: 102656603397685784 bcsId: 0} | ret=SUCCESS |  
2019-08-21 19:24:17,161 | INFO  | DNAudit | user=null | ip=null | op=WRITE_CHUNK {blockData=conID: 1 locID: 102656603397685784 bcsId: 0} | ret=SUCCESS |  
2019-08-21 19:24:17,162 | INFO  | DNAudit | user=null | ip=null | op=PUT_BLOCK {blockData=[blockId=conID: 1 locID: 102656603397685784 bcsId: 0,size=1048576]} | ret=SUCCESS |  
2019-08-21 19:24:17,162 [grpc-default-executor-4] INFO  client.GrpcClientProtocolClient (GrpcClientProtocolClient.java:onNext(255)) - client-DA9582518C67->1df8bd03-73ef-4b9c-8622-5dc9d0e29c31: receive RaftClientReply:client-DA9582518C67->1df8bd03-73ef-4b9c-8622-5dc9d0e29c31@group-F45402591F47, cid=1928, SUCCESS, logIndex=2769, commits[1df8bd03-73ef-4b9c-8622-5dc9d0e29c31:c2770, 12aca755-ada5-42df-801b-c61f99d8e8b8:c2768, a308b8bf-0324-43a1-a87f-1e10a96e3042:c2768]
2019-08-21 19:24:17,163 [grpc-default-executor-4] INFO  client.GrpcClientProtocolClient (GrpcClientProtocolClient.java:onNext(255)) - client-DA9582518C67->1df8bd03-73ef-4b9c-8622-5dc9d0e29c31: receive RaftClientReply:client-DA9582518C67->1df8bd03-73ef-4b9c-8622-5dc9d0e29c31@group-F45402591F47, cid=1929, SUCCESS, logIndex=2770, commits[1df8bd03-73ef-4b9c-8622-5dc9d0e29c31:c2770, 12aca755-ada5-42df-801b-c61f99d8e8b8:c2768, a308b8bf-0324-43a1-a87f-1e10a96e3042:c2768]
2019-08-21 19:24:17,166 | INFO  | DNAudit | user=null | ip=null | op=WRITE_CHUNK {blockData=conID: 1 locID: 102656603397685784 bcsId: 0} | ret=SUCCESS |  
2019-08-21 19:24:17,166 | INFO  | DNAudit | user=null | ip=null | op=PUT_BLOCK {blockData=[blockId=conID: 1 locID: 102656603397685784 bcsId: 0,size=2097152]} | ret=SUCCESS |  
2019-08-21 19:24:17,166 [grpc-default-executor-4] INFO  client.GrpcClientProtocolClient (GrpcClientProtocolClient.java:onNext(255)) - client-DA9582518C67->1df8bd03-73ef-4b9c-8622-5dc9d0e29c31: receive RaftClientReply:client-DA9582518C67->1df8bd03-73ef-4b9c-8622-5dc9d0e29c31@group-F45402591F47, cid=1930, SUCCESS, logIndex=2771, commits[1df8bd03-73ef-4b9c-8622-5dc9d0e29c31:c2772, 12aca755-ada5-42df-801b-c61f99d8e8b8:c2768, a308b8bf-0324-43a1-a87f-1e10a96e3042:c2768]
2019-08-21 19:24:17,167 [grpc-default-executor-4] INFO  client.GrpcClientProtocolClient (GrpcClientProtocolClient.java:onNext(255)) - client-DA9582518C67->1df8bd03-73ef-4b9c-8622-5dc9d0e29c31: receive RaftClientReply:client-DA9582518C67->1df8bd03-73ef-4b9c-8622-5dc9d0e29c31@group-F45402591F47, cid=1931, SUCCESS, logIndex=2772, commits[1df8bd03-73ef-4b9c-8622-5dc9d0e29c31:c2772, 12aca755-ada5-42df-801b-c61f99d8e8b8:c2768, a308b8bf-0324-43a1-a87f-1e10a96e3042:c2768]
2019-08-21 19:24:17,179 | INFO  | DNAudit | user=null | ip=null | op=WRITE_CHUNK {blockData=conID: 1 locID: 102656603397685784 bcsId: 0} | ret=SUCCESS |  
2019-08-21 19:24:17,179 | INFO  | DNAudit | user=null | ip=null | op=WRITE_CHUNK {blockData=conID: 1 locID: 102656603397685784 bcsId: 0} | ret=SUCCESS |  
2019-08-21 19:24:17,179 | INFO  | DNAudit | user=null | ip=null | op=PUT_BLOCK {blockData=[blockId=conID: 1 locID: 102656603397685784 bcsId: 0,size=1048576]} | ret=SUCCESS |  
2019-08-21 19:24:17,179 | INFO  | DNAudit | user=null | ip=null | op=PUT_BLOCK {blockData=[blockId=conID: 1 locID: 102656603397685784 bcsId: 0,size=1048576]} | ret=SUCCESS |  
2019-08-21 19:24:17,179 [grpc-default-executor-2] INFO  client.GrpcClientProtocolClient (GrpcClientProtocolClient.java:onNext(255)) - client-DA9582518C67->1df8bd03-73ef-4b9c-8622-5dc9d0e29c31: receive RaftClientReply:client-DA9582518C67->1df8bd03-73ef-4b9c-8622-5dc9d0e29c31@group-F45402591F47, cid=1932, SUCCESS, logIndex=0, commits[1df8bd03-73ef-4b9c-8622-5dc9d0e29c31:c2772, 12aca755-ada5-42df-801b-c61f99d8e8b8:c2770, a308b8bf-0324-43a1-a87f-1e10a96e3042:c2770]
2019-08-21 19:24:17,185 | INFO  | DNAudit | user=null | ip=null | op=WRITE_CHUNK {blockData=conID: 1 locID: 102656603397685784 bcsId: 2772} | ret=SUCCESS |  
2019-08-21 19:24:17,188 | INFO  | DNAudit | user=null | ip=null | op=WRITE_CHUNK {blockData=conID: 1 locID: 102656603397685784 bcsId: 2772} | ret=SUCCESS |  
2019-08-21 19:24:17,189 | INFO  | DNAudit | user=null | ip=null | op=WRITE_CHUNK {blockData=conID: 1 locID: 102656603397685784 bcsId: 2772} | ret=SUCCESS |  
2019-08-21 19:24:17,191 | INFO  | SCMAudit | user=jenkins1000 | ip=192.168.69.88 | op=SEND_HEARTBEAT {datanodeUUID=cfaf9666-ca64-459e-bd34-ff7c349f752a, command=[]} | ret=SUCCESS |  
2019-08-21 19:24:17,192 | INFO  | DNAudit | user=null | ip=null | op=WRITE_CHUNK {blockData=conID: 1 locID: 102656603397685784 bcsId: 0} | ret=SUCCESS |  
2019-08-21 19:24:17,192 | INFO  | DNAudit | user=null | ip=null | op=WRITE_CHUNK {blockData=conID: 1 locID: 102656603397685784 bcsId: 0} | ret=SUCCESS |  
2019-08-21 19:24:17,192 | INFO  | DNAudit | user=null | ip=null | op=PUT_BLOCK {blockData=[blockId=conID: 1 locID: 102656603397685784 bcsId: 0,size=2097152]} | ret=SUCCESS |  
2019-08-21 19:24:17,192 | INFO  | DNAudit | user=null | ip=null | op=PUT_BLOCK {blockData=[blockId=conID: 1 locID: 102656603397685784 bcsId: 0,size=2097152]} | ret=SUCCESS |  
2019-08-21 19:24:17,205 | INFO  | DNAudit | user=null | ip=null | op=WRITE_CHUNK {blockData=conID: 1 locID: 102656603397685784 bcsId: 2772} | ret=SUCCESS |  
2019-08-21 19:24:17,206 | INFO  | DNAudit | user=null | ip=null | op=PUT_BLOCK {blockData=[blockId=conID: 1 locID: 102656603397685784 bcsId: 0,size=3145728]} | ret=SUCCESS |  
2019-08-21 19:24:17,206 [grpc-default-executor-4] INFO  client.GrpcClientProtocolClient (GrpcClientProtocolClient.java:onNext(255)) - client-DA9582518C67->1df8bd03-73ef-4b9c-8622-5dc9d0e29c31: receive RaftClientReply:client-DA9582518C67->1df8bd03-73ef-4b9c-8622-5dc9d0e29c31@group-F45402591F47, cid=1933, SUCCESS, logIndex=2777, commits[1df8bd03-73ef-4b9c-8622-5dc9d0e29c31:c2778, 12aca755-ada5-42df-801b-c61f99d8e8b8:c2774, a308b8bf-0324-43a1-a87f-1e10a96e3042:c2774]
2019-08-21 19:24:17,206 [grpc-default-executor-4] INFO  client.GrpcClientProtocolClient (GrpcClientProtocolClient.java:onNext(255)) - client-DA9582518C67->1df8bd03-73ef-4b9c-8622-5dc9d0e29c31: receive RaftClientReply:client-DA9582518C67->1df8bd03-73ef-4b9c-8622-5dc9d0e29c31@group-F45402591F47, cid=1934, SUCCESS, logIndex=2778, commits[1df8bd03-73ef-4b9c-8622-5dc9d0e29c31:c2778, 12aca755-ada5-42df-801b-c61f99d8e8b8:c2774, a308b8bf-0324-43a1-a87f-1e10a96e3042:c2774]
2019-08-21 19:24:17,211 | INFO  | DNAudit | user=null | ip=null | op=WRITE_CHUNK {blockData=conID: 1 locID: 102656603397685784 bcsId: 2778} | ret=SUCCESS |  
2019-08-21 19:24:17,214 | INFO  | DNAudit | user=null | ip=null | op=WRITE_CHUNK {blockData=conID: 1 locID: 102656603397685784 bcsId: 2778} | ret=SUCCESS |  
2019-08-21 19:24:17,214 | INFO  | DNAudit | user=null | ip=null | op=WRITE_CHUNK {blockData=conID: 1 locID: 102656603397685784 bcsId: 2778} | ret=SUCCESS |  
2019-08-21 19:24:17,216 | INFO  | DNAudit | user=null | ip=null | op=WRITE_CHUNK {blockData=conID: 1 locID: 102656603397685784 bcsId: 2772} | ret=SUCCESS |  
2019-08-21 19:24:17,216 | INFO  | DNAudit | user=null | ip=null | op=WRITE_CHUNK {blockData=conID: 1 locID: 102656603397685784 bcsId: 2772} | ret=SUCCESS |  
2019-08-21 19:24:17,230 | INFO  | DNAudit | user=null | ip=null | op=PUT_BLOCK {blockData=[blockId=conID: 1 locID: 102656603397685784 bcsId: 0,size=3145728]} | ret=SUCCESS |  
2019-08-21 19:24:17,230 | INFO  | DNAudit | user=null | ip=null | op=PUT_BLOCK {blockData=[blockId=conID: 1 locID: 102656603397685784 bcsId: 0,size=3145728]} | ret=SUCCESS |  
2019-08-21 19:24:17,230 | INFO  | DNAudit | user=null | ip=null | op=WRITE_CHUNK {blockData=conID: 1 locID: 102656603397685784 bcsId: 2778} | ret=SUCCESS |  
2019-08-21 19:24:17,230 | INFO  | DNAudit | user=null | ip=null | op=PUT_BLOCK {blockData=[blockId=conID: 1 locID: 102656603397685784 bcsId: 0,size=4194304]} | ret=SUCCESS |  
2019-08-21 19:24:17,230 [grpc-default-executor-0] INFO  client.GrpcClientProtocolClient (GrpcClientProtocolClient.java:onNext(255)) - client-DA9582518C67->1df8bd03-73ef-4b9c-8622-5dc9d0e29c31: receive RaftClientReply:client-DA9582518C67->1df8bd03-73ef-4b9c-8622-5dc9d0e29c31@group-F45402591F47, cid=1935, SUCCESS, logIndex=2781, commits[1df8bd03-73ef-4b9c-8622-5dc9d0e29c31:c2781, 12aca755-ada5-42df-801b-c61f99d8e8b8:c2778, a308b8bf-0324-43a1-a87f-1e10a96e3042:c2778]
2019-08-21 19:24:17,231 [grpc-default-executor-0] INFO  client.GrpcClientProtocolClient (GrpcClientProtocolClient.java:onNext(255)) - client-DA9582518C67->1df8bd03-73ef-4b9c-8622-5dc9d0e29c31: receive RaftClientReply:client-DA9582518C67->1df8bd03-73ef-4b9c-8622-5dc9d0e29c31@group-F45402591F47, cid=1936, SUCCESS, logIndex=2782, commits[1df8bd03-73ef-4b9c-8622-5dc9d0e29c31:c2782, 12aca755-ada5-42df-801b-c61f99d8e8b8:c2778, a308b8bf-0324-43a1-a87f-1e10a96e3042:c2778]
2019-08-21 19:24:17,247 | INFO  | DNAudit | user=null | ip=null | op=WRITE_CHUNK {blockData=conID: 1 locID: 102656603397685784 bcsId: 2778} | ret=SUCCESS |  
2019-08-21 19:24:17,247 | INFO  | DNAudit | user=null | ip=null | op=WRITE_CHUNK {blockData=conID: 1 locID: 102656603397685784 bcsId: 2778} | ret=SUCCESS |  
2019-08-21 19:24:17,250 | INFO  | DNAudit | user=null | ip=null | op=PUT_BLOCK {blockData=[blockId=conID: 1 locID: 102656603397685784 bcsId: 0,size=4194304]} | ret=SUCCESS |  
2019-08-21 19:24:17,250 | INFO  | DNAudit | user=null | ip=null | op=PUT_BLOCK {blockData=[blockId=conID: 1 locID: 102656603397685784 bcsId: 0,size=4194304]} | ret=SUCCESS |  
2019-08-21 19:24:17,251 [grpc-default-executor-5] INFO  client.GrpcClientProtocolClient (GrpcClientProtocolClient.java:onNext(255)) - client-DA9582518C67->1df8bd03-73ef-4b9c-8622-5dc9d0e29c31: receive RaftClientReply:client-DA9582518C67->1df8bd03-73ef-4b9c-8622-5dc9d0e29c31@group-F45402591F47, cid=1937, SUCCESS, logIndex=0, commits[1df8bd03-73ef-4b9c-8622-5dc9d0e29c31:c2784, 12aca755-ada5-42df-801b-c61f99d8e8b8:c2782, a308b8bf-0324-43a1-a87f-1e10a96e3042:c2782]
2019-08-21 19:24:17,255 | INFO  | SCMAudit | user=jenkins1000 | ip=192.168.69.88 | op=ALLOCATE_BLOCK {owner=a4b1d482-4fe6-4e71-84a6-a95f4ce3f696, size=4194304, type=RATIS, factor=THREE} | ret=SUCCESS |  
2019-08-21 19:24:17,257 | INFO  | OMAudit | user=jenkins1000 | ip=127.0.0.1 | op=ALLOCATE_BLOCK {volume=vol-0-90666, bucket=bucket-0-29336, key=key-0-94354, dataSize=0, replicationType=null, replicationFactor=null, keyLocationInfo=null, clientID=102656601977389458} | ret=SUCCESS |  
2019-08-21 19:24:17,262 | INFO  | DNAudit | user=null | ip=null | op=WRITE_CHUNK {blockData=conID: 2 locID: 102656603406598681 bcsId: 0} | ret=SUCCESS |  
2019-08-21 19:24:17,265 | INFO  | DNAudit | user=null | ip=null | op=WRITE_CHUNK {blockData=conID: 2 locID: 102656603406598681 bcsId: 0} | ret=SUCCESS |  
2019-08-21 19:24:17,265 | INFO  | DNAudit | user=null | ip=null | op=WRITE_CHUNK {blockData=conID: 2 locID: 102656603406598681 bcsId: 0} | ret=SUCCESS |  
2019-08-21 19:24:17,267 | INFO  | DNAudit | user=null | ip=null | op=WRITE_CHUNK {blockData=conID: 2 locID: 102656603406598681 bcsId: 0} | ret=SUCCESS |  
2019-08-21 19:24:17,268 | INFO  | DNAudit | user=null | ip=null | op=WRITE_CHUNK {blockData=conID: 2 locID: 102656603406598681 bcsId: 0} | ret=SUCCESS |  
2019-08-21 19:24:17,268 | INFO  | DNAudit | user=null | ip=null | op=WRITE_CHUNK {blockData=conID: 2 locID: 102656603406598681 bcsId: 0} | ret=SUCCESS |  
2019-08-21 19:24:17,269 | INFO  | DNAudit | user=null | ip=null | op=WRITE_CHUNK {blockData=conID: 2 locID: 102656603406598681 bcsId: 0} | ret=SUCCESS |  
2019-08-21 19:24:17,270 | INFO  | DNAudit | user=null | ip=null | op=PUT_BLOCK {blockData=[blockId=conID: 2 locID: 102656603406598681 bcsId: 0,size=1048576]} | ret=SUCCESS |  
2019-08-21 19:24:17,270 [grpc-default-executor-4] INFO  client.GrpcClientProtocolClient (GrpcClientProtocolClient.java:onNext(255)) - client-DA9582518C67->1df8bd03-73ef-4b9c-8622-5dc9d0e29c31: receive RaftClientReply:client-DA9582518C67->1df8bd03-73ef-4b9c-8622-5dc9d0e29c31@group-F45402591F47, cid=1938, SUCCESS, logIndex=2785, commits[1df8bd03-73ef-4b9c-8622-5dc9d0e29c31:c2788, 12aca755-ada5-42df-801b-c61f99d8e8b8:c2782, a308b8bf-0324-43a1-a87f-1e10a96e3042:c2784]
2019-08-21 19:24:17,270 | INFO  | DNAudit | user=null | ip=null | op=WRITE_CHUNK {blockData=conID: 2 locID: 102656603406598681 bcsId: 0} | ret=SUCCESS |  
2019-08-21 19:24:17,270 [grpc-default-executor-0] INFO  client.GrpcClientProtocolClient (GrpcClientProtocolClient.java:onNext(255)) - client-DA9582518C67->1df8bd03-73ef-4b9c-8622-5dc9d0e29c31: receive RaftClientReply:client-DA9582518C67->1df8bd03-73ef-4b9c-8622-5dc9d0e29c31@group-F45402591F47, cid=1939, SUCCESS, logIndex=2786, commits[1df8bd03-73ef-4b9c-8622-5dc9d0e29c31:c2788, 12aca755-ada5-42df-801b-c61f99d8e8b8:c2784, a308b8bf-0324-43a1-a87f-1e10a96e3042:c2784]
2019-08-21 19:24:17,271 | INFO  | DNAudit | user=null | ip=null | op=PUT_BLOCK {blockData=[blockId=conID: 2 locID: 102656603406598681 bcsId: 0,size=2097152]} | ret=SUCCESS |  
2019-08-21 19:24:17,271 [grpc-default-executor-0] INFO  client.GrpcClientProtocolClient (GrpcClientProtocolClient.java:onNext(255)) - client-DA9582518C67->1df8bd03-73ef-4b9c-8622-5dc9d0e29c31: receive RaftClientReply:client-DA9582518C67->1df8bd03-73ef-4b9c-8622-5dc9d0e29c31@group-F45402591F47, cid=1940, SUCCESS, logIndex=2787, commits[1df8bd03-73ef-4b9c-8622-5dc9d0e29c31:c2788, 12aca755-ada5-42df-801b-c61f99d8e8b8:c2784, a308b8bf-0324-43a1-a87f-1e10a96e3042:c2784]
2019-08-21 19:24:17,271 [grpc-default-executor-0] INFO  client.GrpcClientProtocolClient (GrpcClientProtocolClient.java:onNext(255)) - client-DA9582518C67->1df8bd03-73ef-4b9c-8622-5dc9d0e29c31: receive RaftClientReply:client-DA9582518C67->1df8bd03-73ef-4b9c-8622-5dc9d0e29c31@group-F45402591F47, cid=1941, SUCCESS, logIndex=2788, commits[1df8bd03-73ef-4b9c-8622-5dc9d0e29c31:c2788, 12aca755-ada5-42df-801b-c61f99d8e8b8:c2784, a308b8bf-0324-43a1-a87f-1e10a96e3042:c2784]
2019-08-21 19:24:17,272 | INFO  | DNAudit | user=null | ip=null | op=WRITE_CHUNK {blockData=conID: 2 locID: 102656603406598681 bcsId: 0} | ret=SUCCESS |  
2019-08-21 19:24:17,272 | INFO  | DNAudit | user=null | ip=null | op=PUT_BLOCK {blockData=[blockId=conID: 2 locID: 102656603406598681 bcsId: 0,size=1048576]} | ret=SUCCESS |  
2019-08-21 19:24:17,283 | INFO  | DNAudit | user=null | ip=null | op=WRITE_CHUNK {blockData=conID: 2 locID: 102656603406598681 bcsId: 0} | ret=SUCCESS |  
2019-08-21 19:24:17,283 | INFO  | DNAudit | user=null | ip=null | op=PUT_BLOCK {blockData=[blockId=conID: 2 locID: 102656603406598681 bcsId: 0,size=1048576]} | ret=SUCCESS |  
2019-08-21 19:24:17,283 | INFO  | DNAudit | user=null | ip=null | op=WRITE_CHUNK {blockData=conID: 2 locID: 102656603406598681 bcsId: 0} | ret=SUCCESS |  
2019-08-21 19:24:17,283 [grpc-default-executor-0] INFO  client.GrpcClientProtocolClient (GrpcClientProtocolClient.java:onNext(255)) - client-DA9582518C67->1df8bd03-73ef-4b9c-8622-5dc9d0e29c31: receive RaftClientReply:client-DA9582518C67->1df8bd03-73ef-4b9c-8622-5dc9d0e29c31@group-F45402591F47, cid=1942, SUCCESS, logIndex=0, commits[1df8bd03-73ef-4b9c-8622-5dc9d0e29c31:c2789, 12aca755-ada5-42df-801b-c61f99d8e8b8:c2786, a308b8bf-0324-43a1-a87f-1e10a96e3042:c2786]
2019-08-21 19:24:17,284 | INFO  | DNAudit | user=null | ip=null | op=PUT_BLOCK {blockData=[blockId=conID: 2 locID: 102656603406598681 bcsId: 0,size=2097152]} | ret=SUCCESS |  
2019-08-21 19:24:17,285 | INFO  | DNAudit | user=null | ip=null | op=WRITE_CHUNK {blockData=conID: 2 locID: 102656603406598681 bcsId: 0} | ret=SUCCESS |  
2019-08-21 19:24:17,285 | INFO  | DNAudit | user=null | ip=null | op=PUT_BLOCK {blockData=[blockId=conID: 2 locID: 102656603406598681 bcsId: 0,size=2097152]} | ret=SUCCESS |  
2019-08-21 19:24:17,289 | INFO  | DNAudit | user=null | ip=null | op=WRITE_CHUNK {blockData=conID: 2 locID: 102656603406598681 bcsId: 2788} | ret=SUCCESS |  
2019-08-21 19:24:17,292 | INFO  | DNAudit | user=null | ip=null | op=WRITE_CHUNK {blockData=conID: 2 locID: 102656603406598681 bcsId: 2788} | ret=SUCCESS |  
2019-08-21 19:24:17,292 | INFO  | DNAudit | user=null | ip=null | op=WRITE_CHUNK {blockData=conID: 2 locID: 102656603406598681 bcsId: 2788} | ret=SUCCESS |  
2019-08-21 19:24:17,295 | INFO  | DNAudit | user=null | ip=null | op=WRITE_CHUNK {blockData=conID: 2 locID: 102656603406598681 bcsId: 2788} | ret=SUCCESS |  
2019-08-21 19:24:17,296 | INFO  | DNAudit | user=null | ip=null | op=PUT_BLOCK {blockData=[blockId=conID: 2 locID: 102656603406598681 bcsId: 0,size=3145728]} | ret=SUCCESS |  
2019-08-21 19:24:17,296 [grpc-default-executor-0] INFO  client.GrpcClientProtocolClient (GrpcClientProtocolClient.java:onNext(255)) - client-DA9582518C67->1df8bd03-73ef-4b9c-8622-5dc9d0e29c31: receive RaftClientReply:client-DA9582518C67->1df8bd03-73ef-4b9c-8622-5dc9d0e29c31@group-F45402591F47, cid=1943, SUCCESS, logIndex=2793, commits[1df8bd03-73ef-4b9c-8622-5dc9d0e29c31:c2794, 12aca755-ada5-42df-801b-c61f99d8e8b8:c2792, a308b8bf-0324-43a1-a87f-1e10a96e3042:c2792]
2019-08-21 19:24:17,296 [grpc-default-executor-0] INFO  client.GrpcClientProtocolClient (GrpcClientProtocolClient.java:onNext(255)) - client-DA9582518C67->1df8bd03-73ef-4b9c-8622-5dc9d0e29c31: receive RaftClientReply:client-DA9582518C67->1df8bd03-73ef-4b9c-8622-5dc9d0e29c31@group-F45402591F47, cid=1944, SUCCESS, logIndex=2794, commits[1df8bd03-73ef-4b9c-8622-5dc9d0e29c31:c2794, 12aca755-ada5-42df-801b-c61f99d8e8b8:c2792, a308b8bf-0324-43a1-a87f-1e10a96e3042:c2792]
2019-08-21 19:24:17,408 | INFO  | DNAudit | user=null | ip=null | op=WRITE_CHUNK {blockData=conID: 2 locID: 102656603406598681 bcsId: 2788} | ret=SUCCESS |  
2019-08-21 19:24:17,408 | INFO  | DNAudit | user=null | ip=null | op=WRITE_CHUNK {blockData=conID: 2 locID: 102656603406598681 bcsId: 2788} | ret=SUCCESS |  
2019-08-21 19:24:17,410 | INFO  | DNAudit | user=null | ip=null | op=WRITE_CHUNK {blockData=conID: 2 locID: 102656603406598681 bcsId: 2794} | ret=SUCCESS |  
2019-08-21 19:24:17,413 | INFO  | DNAudit | user=null | ip=null | op=WRITE_CHUNK {blockData=conID: 2 locID: 102656603406598681 bcsId: 2794} | ret=SUCCESS |  
2019-08-21 19:24:17,413 | INFO  | DNAudit | user=null | ip=null | op=WRITE_CHUNK {blockData=conID: 2 locID: 102656603406598681 bcsId: 2794} | ret=SUCCESS |  
2019-08-21 19:24:17,471 | INFO  | DNAudit | user=null | ip=null | op=PUT_BLOCK {blockData=[blockId=conID: 2 locID: 102656603406598681 bcsId: 0,size=3145728]} | ret=SUCCESS |  
2019-08-21 19:24:17,471 | INFO  | DNAudit | user=null | ip=null | op=PUT_BLOCK {blockData=[blockId=conID: 2 locID: 102656603406598681 bcsId: 0,size=3145728]} | ret=SUCCESS |  
2019-08-21 19:24:17,481 | INFO  | DNAudit | user=null | ip=null | op=WRITE_CHUNK {blockData=conID: 2 locID: 102656603406598681 bcsId: 2794} | ret=SUCCESS |  
2019-08-21 19:24:17,481 | INFO  | DNAudit | user=null | ip=null | op=PUT_BLOCK {blockData=[blockId=conID: 2 locID: 102656603406598681 bcsId: 0,size=4194304]} | ret=SUCCESS |  
2019-08-21 19:24:17,481 [grpc-default-executor-4] INFO  client.GrpcClientProtocolClient (GrpcClientProtocolClient.java:onNext(255)) - client-DA9582518C67->1df8bd03-73ef-4b9c-8622-5dc9d0e29c31: receive RaftClientReply:client-DA9582518C67->1df8bd03-73ef-4b9c-8622-5dc9d0e29c31@group-F45402591F47, cid=1945, SUCCESS, logIndex=2797, commits[1df8bd03-73ef-4b9c-8622-5dc9d0e29c31:c2798, 12aca755-ada5-42df-801b-c61f99d8e8b8:c2795, a308b8bf-0324-43a1-a87f-1e10a96e3042:c2795]
2019-08-21 19:24:17,482 [grpc-default-executor-4] INFO  client.GrpcClientProtocolClient (GrpcClientProtocolClient.java:onNext(255)) - client-DA9582518C67->1df8bd03-73ef-4b9c-8622-5dc9d0e29c31: receive RaftClientReply:client-DA9582518C67->1df8bd03-73ef-4b9c-8622-5dc9d0e29c31@group-F45402591F47, cid=1946, SUCCESS, logIndex=2798, commits[1df8bd03-73ef-4b9c-8622-5dc9d0e29c31:c2798, 12aca755-ada5-42df-801b-c61f99d8e8b8:c2795, a308b8bf-0324-43a1-a87f-1e10a96e3042:c2795]
2019-08-21 19:24:17,489 | INFO  | DNAudit | user=null | ip=null | op=WRITE_CHUNK {blockData=conID: 2 locID: 102656603406598681 bcsId: 2794} | ret=SUCCESS |  
2019-08-21 19:24:17,489 | INFO  | DNAudit | user=null | ip=null | op=WRITE_CHUNK {blockData=conID: 2 locID: 102656603406598681 bcsId: 2794} | ret=SUCCESS |  
2019-08-21 19:24:17,490 | INFO  | DNAudit | user=null | ip=null | op=PUT_BLOCK {blockData=[blockId=conID: 2 locID: 102656603406598681 bcsId: 0,size=4194304]} | ret=SUCCESS |  
2019-08-21 19:24:17,490 | INFO  | DNAudit | user=null | ip=null | op=PUT_BLOCK {blockData=[blockId=conID: 2 locID: 102656603406598681 bcsId: 0,size=4194304]} | ret=SUCCESS |  
2019-08-21 19:24:17,490 [grpc-default-executor-4] INFO  client.GrpcClientProtocolClient (GrpcClientProtocolClient.java:onNext(255)) - client-DA9582518C67->1df8bd03-73ef-4b9c-8622-5dc9d0e29c31: receive RaftClientReply:client-DA9582518C67->1df8bd03-73ef-4b9c-8622-5dc9d0e29c31@group-F45402591F47, cid=1947, SUCCESS, logIndex=0, commits[1df8bd03-73ef-4b9c-8622-5dc9d0e29c31:c2799, 12aca755-ada5-42df-801b-c61f99d8e8b8:c2798, a308b8bf-0324-43a1-a87f-1e10a96e3042:c2798]
2019-08-21 19:24:17,495 | INFO  | SCMAudit | user=jenkins1000 | ip=192.168.69.88 | op=ALLOCATE_BLOCK {owner=a4b1d482-4fe6-4e71-84a6-a95f4ce3f696, size=4194304, type=RATIS, factor=THREE} | ret=SUCCESS |  
2019-08-21 19:24:17,498 | INFO  | OMAudit | user=jenkins1000 | ip=127.0.0.1 | op=ALLOCATE_BLOCK {volume=vol-0-90666, bucket=bucket-0-29336, key=key-0-94354, dataSize=0, replicationType=null, replicationFactor=null, keyLocationInfo=null, clientID=102656601977389458} | ret=SUCCESS |  
2019-08-21 19:24:17,504 | INFO  | DNAudit | user=null | ip=null | op=WRITE_CHUNK {blockData=conID: 3 locID: 102656603422392858 bcsId: 0} | ret=SUCCESS |  
2019-08-21 19:24:17,507 | INFO  | DNAudit | user=null | ip=null | op=WRITE_CHUNK {blockData=conID: 3 locID: 102656603422392858 bcsId: 0} | ret=SUCCESS |  
2019-08-21 19:24:17,508 | INFO  | DNAudit | user=null | ip=null | op=WRITE_CHUNK {blockData=conID: 3 locID: 102656603422392858 bcsId: 0} | ret=SUCCESS |  
2019-08-21 19:24:17,508 | INFO  | DNAudit | user=null | ip=null | op=WRITE_CHUNK {blockData=conID: 3 locID: 102656603422392858 bcsId: 0} | ret=SUCCESS |  
2019-08-21 19:24:17,508 | INFO  | DNAudit | user=null | ip=null | op=WRITE_CHUNK {blockData=conID: 3 locID: 102656603422392858 bcsId: 0} | ret=SUCCESS |  
2019-08-21 19:24:17,509 | INFO  | DNAudit | user=null | ip=null | op=WRITE_CHUNK {blockData=conID: 3 locID: 102656603422392858 bcsId: 0} | ret=SUCCESS |  
2019-08-21 19:24:17,522 | INFO  | DNAudit | user=null | ip=null | op=WRITE_CHUNK {blockData=conID: 3 locID: 102656603422392858 bcsId: 0} | ret=SUCCESS |  
2019-08-21 19:24:17,523 | INFO  | DNAudit | user=null | ip=null | op=PUT_BLOCK {blockData=[blockId=conID: 3 locID: 102656603422392858 bcsId: 0,size=1048576]} | ret=SUCCESS |  
2019-08-21 19:24:17,523 [grpc-default-executor-4] INFO  client.GrpcClientProtocolClient (GrpcClientProtocolClient.java:onNext(255)) - client-DA9582518C67->1df8bd03-73ef-4b9c-8622-5dc9d0e29c31: receive RaftClientReply:client-DA9582518C67->1df8bd03-73ef-4b9c-8622-5dc9d0e29c31@group-F45402591F47, cid=1948, SUCCESS, logIndex=2801, commits[1df8bd03-73ef-4b9c-8622-5dc9d0e29c31:c2804, 12aca755-ada5-42df-801b-c61f99d8e8b8:c2800, a308b8bf-0324-43a1-a87f-1e10a96e3042:c2800]
2019-08-21 19:24:17,523 | INFO  | DNAudit | user=null | ip=null | op=WRITE_CHUNK {blockData=conID: 3 locID: 102656603422392858 bcsId: 0} | ret=SUCCESS |  
2019-08-21 19:24:17,524 [grpc-default-executor-4] INFO  client.GrpcClientProtocolClient (GrpcClientProtocolClient.java:onNext(255)) - client-DA9582518C67->1df8bd03-73ef-4b9c-8622-5dc9d0e29c31: receive RaftClientReply:client-DA9582518C67->1df8bd03-73ef-4b9c-8622-5dc9d0e29c31@group-F45402591F47, cid=1949, SUCCESS, logIndex=2802, commits[1df8bd03-73ef-4b9c-8622-5dc9d0e29c31:c2804, 12aca755-ada5-42df-801b-c61f99d8e8b8:c2800, a308b8bf-0324-43a1-a87f-1e10a96e3042:c2800]
2019-08-21 19:24:17,524 | INFO  | DNAudit | user=null | ip=null | op=WRITE_CHUNK {blockData=conID: 3 locID: 102656603422392858 bcsId: 0} | ret=SUCCESS |  
2019-08-21 19:24:17,524 | INFO  | DNAudit | user=null | ip=null | op=PUT_BLOCK {blockData=[blockId=conID: 3 locID: 102656603422392858 bcsId: 0,size=2097152]} | ret=SUCCESS |  
2019-08-21 19:24:17,524 [grpc-default-executor-4] INFO  client.GrpcClientProtocolClient (GrpcClientProtocolClient.java:onNext(255)) - client-DA9582518C67->1df8bd03-73ef-4b9c-8622-5dc9d0e29c31: receive RaftClientReply:client-DA9582518C67->1df8bd03-73ef-4b9c-8622-5dc9d0e29c31@group-F45402591F47, cid=1950, SUCCESS, logIndex=2803, commits[1df8bd03-73ef-4b9c-8622-5dc9d0e29c31:c2804, 12aca755-ada5-42df-801b-c61f99d8e8b8:c2800, a308b8bf-0324-43a1-a87f-1e10a96e3042:c2800]
2019-08-21 19:24:17,524 | INFO  | DNAudit | user=null | ip=null | op=PUT_BLOCK {blockData=[blockId=conID: 3 locID: 102656603422392858 bcsId: 0,size=1048576]} | ret=SUCCESS |  
2019-08-21 19:24:17,524 | INFO  | DNAudit | user=null | ip=null | op=WRITE_CHUNK {blockData=conID: 3 locID: 102656603422392858 bcsId: 0} | ret=SUCCESS |  
2019-08-21 19:24:17,524 [grpc-default-executor-4] INFO  client.GrpcClientProtocolClient (GrpcClientProtocolClient.java:onNext(255)) - client-DA9582518C67->1df8bd03-73ef-4b9c-8622-5dc9d0e29c31: receive RaftClientReply:client-DA9582518C67->1df8bd03-73ef-4b9c-8622-5dc9d0e29c31@group-F45402591F47, cid=1951, SUCCESS, logIndex=2804, commits[1df8bd03-73ef-4b9c-8622-5dc9d0e29c31:c2805, 12aca755-ada5-42df-801b-c61f99d8e8b8:c2800, a308b8bf-0324-43a1-a87f-1e10a96e3042:c2803]
2019-08-21 19:24:17,524 | INFO  | DNAudit | user=null | ip=null | op=WRITE_CHUNK {blockData=conID: 3 locID: 102656603422392858 bcsId: 0} | ret=SUCCESS |  
2019-08-21 19:24:17,525 | INFO  | DNAudit | user=null | ip=null | op=PUT_BLOCK {blockData=[blockId=conID: 3 locID: 102656603422392858 bcsId: 0,size=1048576]} | ret=SUCCESS |  
2019-08-21 19:24:17,525 | INFO  | DNAudit | user=null | ip=null | op=WRITE_CHUNK {blockData=conID: 3 locID: 102656603422392858 bcsId: 0} | ret=SUCCESS |  
2019-08-21 19:24:17,525 | INFO  | DNAudit | user=null | ip=null | op=PUT_BLOCK {blockData=[blockId=conID: 3 locID: 102656603422392858 bcsId: 0,size=2097152]} | ret=SUCCESS |  
2019-08-21 19:24:17,525 [grpc-default-executor-4] INFO  client.GrpcClientProtocolClient (GrpcClientProtocolClient.java:onNext(255)) - client-DA9582518C67->1df8bd03-73ef-4b9c-8622-5dc9d0e29c31: receive RaftClientReply:client-DA9582518C67->1df8bd03-73ef-4b9c-8622-5dc9d0e29c31@group-F45402591F47, cid=1952, SUCCESS, logIndex=0, commits[1df8bd03-73ef-4b9c-8622-5dc9d0e29c31:c2807, 12aca755-ada5-42df-801b-c61f99d8e8b8:c2804, a308b8bf-0324-43a1-a87f-1e10a96e3042:c2803]
2019-08-21 19:24:17,525 | INFO  | DNAudit | user=null | ip=null | op=PUT_BLOCK {blockData=[blockId=conID: 3 locID: 102656603422392858 bcsId: 0,size=2097152]} | ret=SUCCESS |  
2019-08-21 19:24:17,532 | INFO  | DNAudit | user=null | ip=null | op=WRITE_CHUNK {blockData=conID: 3 locID: 102656603422392858 bcsId: 2804} | ret=SUCCESS |  
2019-08-21 19:24:17,534 | INFO  | DNAudit | user=null | ip=null | op=WRITE_CHUNK {blockData=conID: 3 locID: 102656603422392858 bcsId: 2804} | ret=SUCCESS |  
2019-08-21 19:24:17,535 | INFO  | DNAudit | user=null | ip=null | op=WRITE_CHUNK {blockData=conID: 3 locID: 102656603422392858 bcsId: 2804} | ret=SUCCESS |  
2019-08-21 19:24:17,538 | INFO  | DNAudit | user=null | ip=null | op=WRITE_CHUNK {blockData=conID: 3 locID: 102656603422392858 bcsId: 2804} | ret=SUCCESS |  
2019-08-21 19:24:17,538 | INFO  | DNAudit | user=null | ip=null | op=PUT_BLOCK {blockData=[blockId=conID: 3 locID: 102656603422392858 bcsId: 0,size=3145728]} | ret=SUCCESS |  
2019-08-21 19:24:17,538 [grpc-default-executor-4] INFO  client.GrpcClientProtocolClient (GrpcClientProtocolClient.java:onNext(255)) - client-DA9582518C67->1df8bd03-73ef-4b9c-8622-5dc9d0e29c31: receive RaftClientReply:client-DA9582518C67->1df8bd03-73ef-4b9c-8622-5dc9d0e29c31@group-F45402591F47, cid=1953, SUCCESS, logIndex=2808, commits[1df8bd03-73ef-4b9c-8622-5dc9d0e29c31:c2809, 12aca755-ada5-42df-801b-c61f99d8e8b8:c2807, a308b8bf-0324-43a1-a87f-1e10a96e3042:c2807]
2019-08-21 19:24:17,539 [grpc-default-executor-4] INFO  client.GrpcClientProtocolClient (GrpcClientProtocolClient.java:onNext(255)) - client-DA9582518C67->1df8bd03-73ef-4b9c-8622-5dc9d0e29c31: receive RaftClientReply:client-DA9582518C67->1df8bd03-73ef-4b9c-8622-5dc9d0e29c31@group-F45402591F47, cid=1954, SUCCESS, logIndex=2809, commits[1df8bd03-73ef-4b9c-8622-5dc9d0e29c31:c2809, 12aca755-ada5-42df-801b-c61f99d8e8b8:c2807, a308b8bf-0324-43a1-a87f-1e10a96e3042:c2807]
2019-08-21 19:24:17,544 | INFO  | DNAudit | user=null | ip=null | op=WRITE_CHUNK {blockData=conID: 3 locID: 102656603422392858 bcsId: 2809} | ret=SUCCESS |  
2019-08-21 19:24:17,547 | INFO  | DNAudit | user=null | ip=null | op=WRITE_CHUNK {blockData=conID: 3 locID: 102656603422392858 bcsId: 2809} | ret=SUCCESS |  
2019-08-21 19:24:17,547 | INFO  | DNAudit | user=null | ip=null | op=WRITE_CHUNK {blockData=conID: 3 locID: 102656603422392858 bcsId: 2809} | ret=SUCCESS |  
2019-08-21 19:24:17,551 | INFO  | DNAudit | user=null | ip=null | op=WRITE_CHUNK {blockData=conID: 3 locID: 102656603422392858 bcsId: 2804} | ret=SUCCESS |  
2019-08-21 19:24:17,551 | INFO  | DNAudit | user=null | ip=null | op=WRITE_CHUNK {blockData=conID: 3 locID: 102656603422392858 bcsId: 2804} | ret=SUCCESS |  
2019-08-21 19:24:17,564 | INFO  | DNAudit | user=null | ip=null | op=PUT_BLOCK {blockData=[blockId=conID: 3 locID: 102656603422392858 bcsId: 0,size=3145728]} | ret=SUCCESS |  
2019-08-21 19:24:17,564 | INFO  | DNAudit | user=null | ip=null | op=PUT_BLOCK {blockData=[blockId=conID: 3 locID: 102656603422392858 bcsId: 0,size=3145728]} | ret=SUCCESS |  
2019-08-21 19:24:17,564 | INFO  | DNAudit | user=null | ip=null | op=WRITE_CHUNK {blockData=conID: 3 locID: 102656603422392858 bcsId: 2809} | ret=SUCCESS |  
2019-08-21 19:24:17,565 | INFO  | DNAudit | user=null | ip=null | op=PUT_BLOCK {blockData=[blockId=conID: 3 locID: 102656603422392858 bcsId: 0,size=4194304]} | ret=SUCCESS |  
2019-08-21 19:24:17,565 [grpc-default-executor-4] INFO  client.GrpcClientProtocolClient (GrpcClientProtocolClient.java:onNext(255)) - client-DA9582518C67->1df8bd03-73ef-4b9c-8622-5dc9d0e29c31: receive RaftClientReply:client-DA9582518C67->1df8bd03-73ef-4b9c-8622-5dc9d0e29c31@group-F45402591F47, cid=1955, SUCCESS, logIndex=2812, commits[1df8bd03-73ef-4b9c-8622-5dc9d0e29c31:c2813, 12aca755-ada5-42df-801b-c61f99d8e8b8:c2809, a308b8bf-0324-43a1-a87f-1e10a96e3042:c2809]
2019-08-21 19:24:17,565 [grpc-default-executor-4] INFO  client.GrpcClientProtocolClient (GrpcClientProtocolClient.java:onNext(255)) - client-DA9582518C67->1df8bd03-73ef-4b9c-8622-5dc9d0e29c31: receive RaftClientReply:client-DA9582518C67->1df8bd03-73ef-4b9c-8622-5dc9d0e29c31@group-F45402591F47, cid=1956, SUCCESS, logIndex=2813, commits[1df8bd03-73ef-4b9c-8622-5dc9d0e29c31:c2813, 12aca755-ada5-42df-801b-c61f99d8e8b8:c2809, a308b8bf-0324-43a1-a87f-1e10a96e3042:c2809]
2019-08-21 19:24:17,582 | INFO  | DNAudit | user=null | ip=null | op=WRITE_CHUNK {blockData=conID: 3 locID: 102656603422392858 bcsId: 2809} | ret=SUCCESS |  
2019-08-21 19:24:17,582 | INFO  | DNAudit | user=null | ip=null | op=WRITE_CHUNK {blockData=conID: 3 locID: 102656603422392858 bcsId: 2809} | ret=SUCCESS |  
2019-08-21 19:24:17,584 | INFO  | DNAudit | user=null | ip=null | op=PUT_BLOCK {blockData=[blockId=conID: 3 locID: 102656603422392858 bcsId: 0,size=4194304]} | ret=SUCCESS |  
2019-08-21 19:24:17,584 | INFO  | DNAudit | user=null | ip=null | op=PUT_BLOCK {blockData=[blockId=conID: 3 locID: 102656603422392858 bcsId: 0,size=4194304]} | ret=SUCCESS |  
2019-08-21 19:24:17,585 [grpc-default-executor-0] INFO  client.GrpcClientProtocolClient (GrpcClientProtocolClient.java:onNext(255)) - client-DA9582518C67->1df8bd03-73ef-4b9c-8622-5dc9d0e29c31: receive RaftClientReply:client-DA9582518C67->1df8bd03-73ef-4b9c-8622-5dc9d0e29c31@group-F45402591F47, cid=1957, SUCCESS, logIndex=0, commits[1df8bd03-73ef-4b9c-8622-5dc9d0e29c31:c2815, 12aca755-ada5-42df-801b-c61f99d8e8b8:c2813, a308b8bf-0324-43a1-a87f-1e10a96e3042:c2813]
2019-08-21 19:24:17,589 | INFO  | SCMAudit | user=jenkins1000 | ip=192.168.69.88 | op=ALLOCATE_BLOCK {owner=a4b1d482-4fe6-4e71-84a6-a95f4ce3f696, size=4194304, type=RATIS, factor=THREE} | ret=SUCCESS |  
2019-08-21 19:24:17,592 | INFO  | OMAudit | user=jenkins1000 | ip=127.0.0.1 | op=ALLOCATE_BLOCK {volume=vol-0-90666, bucket=bucket-0-29336, key=key-0-94354, dataSize=0, replicationType=null, replicationFactor=null, keyLocationInfo=null, clientID=102656601977389458} | ret=SUCCESS |  
2019-08-21 19:24:17,597 | INFO  | DNAudit | user=null | ip=null | op=WRITE_CHUNK {blockData=conID: 1 locID: 102656603428553243 bcsId: 0} | ret=SUCCESS |  
2019-08-21 19:24:17,599 | INFO  | DNAudit | user=null | ip=null | op=WRITE_CHUNK {blockData=conID: 1 locID: 102656603428553243 bcsId: 0} | ret=SUCCESS |  
2019-08-21 19:24:17,600 | INFO  | DNAudit | user=null | ip=null | op=WRITE_CHUNK {blockData=conID: 1 locID: 102656603428553243 bcsId: 0} | ret=SUCCESS |  
2019-08-21 19:24:17,601 | INFO  | DNAudit | user=null | ip=null | op=WRITE_CHUNK {blockData=conID: 1 locID: 102656603428553243 bcsId: 0} | ret=SUCCESS |  
2019-08-21 19:24:17,602 | INFO  | DNAudit | user=null | ip=null | op=WRITE_CHUNK {blockData=conID: 1 locID: 102656603428553243 bcsId: 0} | ret=SUCCESS |  
2019-08-21 19:24:17,603 | INFO  | DNAudit | user=null | ip=null | op=WRITE_CHUNK {blockData=conID: 1 locID: 102656603428553243 bcsId: 0} | ret=SUCCESS |  
2019-08-21 19:24:17,613 | INFO  | DNAudit | user=null | ip=null | op=WRITE_CHUNK {blockData=conID: 1 locID: 102656603428553243 bcsId: 0} | ret=SUCCESS |  
2019-08-21 19:24:17,614 | INFO  | DNAudit | user=null | ip=null | op=PUT_BLOCK {blockData=[blockId=conID: 1 locID: 102656603428553243 bcsId: 0,size=1048576]} | ret=SUCCESS |  
2019-08-21 19:24:17,614 [grpc-default-executor-4] INFO  client.GrpcClientProtocolClient (GrpcClientProtocolClient.java:onNext(255)) - client-DA9582518C67->1df8bd03-73ef-4b9c-8622-5dc9d0e29c31: receive RaftClientReply:client-DA9582518C67->1df8bd03-73ef-4b9c-8622-5dc9d0e29c31@group-F45402591F47, cid=1958, SUCCESS, logIndex=2816, commits[1df8bd03-73ef-4b9c-8622-5dc9d0e29c31:c2819, 12aca755-ada5-42df-801b-c61f99d8e8b8:c2815, a308b8bf-0324-43a1-a87f-1e10a96e3042:c2815]
2019-08-21 19:24:17,614 | INFO  | DNAudit | user=null | ip=null | op=WRITE_CHUNK {blockData=conID: 1 locID: 102656603428553243 bcsId: 0} | ret=SUCCESS |  
2019-08-21 19:24:17,614 [grpc-default-executor-4] INFO  client.GrpcClientProtocolClient (GrpcClientProtocolClient.java:onNext(255)) - client-DA9582518C67->1df8bd03-73ef-4b9c-8622-5dc9d0e29c31: receive RaftClientReply:client-DA9582518C67->1df8bd03-73ef-4b9c-8622-5dc9d0e29c31@group-F45402591F47, cid=1959, SUCCESS, logIndex=2817, commits[1df8bd03-73ef-4b9c-8622-5dc9d0e29c31:c2819, 12aca755-ada5-42df-801b-c61f99d8e8b8:c2815, a308b8bf-0324-43a1-a87f-1e10a96e3042:c2815]
2019-08-21 19:24:17,614 | INFO  | DNAudit | user=null | ip=null | op=PUT_BLOCK {blockData=[blockId=conID: 1 locID: 102656603428553243 bcsId: 0,size=2097152]} | ret=SUCCESS |  
2019-08-21 19:24:17,614 [grpc-default-executor-4] INFO  client.GrpcClientProtocolClient (GrpcClientProtocolClient.java:onNext(255)) - client-DA9582518C67->1df8bd03-73ef-4b9c-8622-5dc9d0e29c31: receive RaftClientReply:client-DA9582518C67->1df8bd03-73ef-4b9c-8622-5dc9d0e29c31@group-F45402591F47, cid=1960, SUCCESS, logIndex=2818, commits[1df8bd03-73ef-4b9c-8622-5dc9d0e29c31:c2819, 12aca755-ada5-42df-801b-c61f99d8e8b8:c2815, a308b8bf-0324-43a1-a87f-1e10a96e3042:c2815]
2019-08-21 19:24:17,615 [grpc-default-executor-4] INFO  client.GrpcClientProtocolClient (GrpcClientProtocolClient.java:onNext(255)) - client-DA9582518C67->1df8bd03-73ef-4b9c-8622-5dc9d0e29c31: receive RaftClientReply:client-DA9582518C67->1df8bd03-73ef-4b9c-8622-5dc9d0e29c31@group-F45402591F47, cid=1961, SUCCESS, logIndex=2819, commits[1df8bd03-73ef-4b9c-8622-5dc9d0e29c31:c2819, 12aca755-ada5-42df-801b-c61f99d8e8b8:c2815, a308b8bf-0324-43a1-a87f-1e10a96e3042:c2815]
2019-08-21 19:24:17,617 | INFO  | SCMAudit | user=jenkins1000 | ip=192.168.69.88 | op=SEND_HEARTBEAT {datanodeUUID=c4b21f74-9dba-4f39-a92d-300bdd5c7775, command=[]} | ret=SUCCESS |  
 0.00% |█                                                                                                    |  0/1 Time: 0:00:222019-08-21 19:24:17,620 | INFO  | DNAudit | user=null | ip=null | op=WRITE_CHUNK {blockData=conID: 1 locID: 102656603428553243 bcsId: 0} | ret=SUCCESS |  
2019-08-21 19:24:17,620 | INFO  | DNAudit | user=null | ip=null | op=PUT_BLOCK {blockData=[blockId=conID: 1 locID: 102656603428553243 bcsId: 0,size=1048576]} | ret=SUCCESS |  
2019-08-21 19:24:17,633 | INFO  | DNAudit | user=null | ip=null | op=WRITE_CHUNK {blockData=conID: 1 locID: 102656603428553243 bcsId: 0} | ret=SUCCESS |  
2019-08-21 19:24:17,633 | INFO  | DNAudit | user=null | ip=null | op=WRITE_CHUNK {blockData=conID: 1 locID: 102656603428553243 bcsId: 0} | ret=SUCCESS |  
2019-08-21 19:24:17,633 | INFO  | DNAudit | user=null | ip=null | op=PUT_BLOCK {blockData=[blockId=conID: 1 locID: 102656603428553243 bcsId: 0,size=1048576]} | ret=SUCCESS |  
2019-08-21 19:24:17,633 | INFO  | DNAudit | user=null | ip=null | op=PUT_BLOCK {blockData=[blockId=conID: 1 locID: 102656603428553243 bcsId: 0,size=2097152]} | ret=SUCCESS |  
2019-08-21 19:24:17,633 [grpc-default-executor-4] INFO  client.GrpcClientProtocolClient (GrpcClientProtocolClient.java:onNext(255)) - client-DA9582518C67->1df8bd03-73ef-4b9c-8622-5dc9d0e29c31: receive RaftClientReply:client-DA9582518C67->1df8bd03-73ef-4b9c-8622-5dc9d0e29c31@group-F45402591F47, cid=1962, SUCCESS, logIndex=0, commits[1df8bd03-73ef-4b9c-8622-5dc9d0e29c31:c2820, 12aca755-ada5-42df-801b-c61f99d8e8b8:c2817, a308b8bf-0324-43a1-a87f-1e10a96e3042:c2817]
2019-08-21 19:24:17,633 | INFO  | DNAudit | user=null | ip=null | op=WRITE_CHUNK {blockData=conID: 1 locID: 102656603428553243 bcsId: 0} | ret=SUCCESS |  
2019-08-21 19:24:17,634 | INFO  | DNAudit | user=null | ip=null | op=PUT_BLOCK {blockData=[blockId=conID: 1 locID: 102656603428553243 bcsId: 0,size=2097152]} | ret=SUCCESS |  
2019-08-21 19:24:17,638 | INFO  | DNAudit | user=null | ip=null | op=WRITE_CHUNK {blockData=conID: 1 locID: 102656603428553243 bcsId: 2819} | ret=SUCCESS |  
2019-08-21 19:24:17,641 | INFO  | DNAudit | user=null | ip=null | op=WRITE_CHUNK {blockData=conID: 1 locID: 102656603428553243 bcsId: 2819} | ret=SUCCESS |  
2019-08-21 19:24:17,642 | INFO  | DNAudit | user=null | ip=null | op=WRITE_CHUNK {blockData=conID: 1 locID: 102656603428553243 bcsId: 2819} | ret=SUCCESS |  
2019-08-21 19:24:17,643 | INFO  | DNAudit | user=null | ip=null | op=WRITE_CHUNK {blockData=conID: 1 locID: 102656603428553243 bcsId: 2819} | ret=SUCCESS |  
2019-08-21 19:24:17,644 | INFO  | DNAudit | user=null | ip=null | op=PUT_BLOCK {blockData=[blockId=conID: 1 locID: 102656603428553243 bcsId: 0,size=3145728]} | ret=SUCCESS |  
2019-08-21 19:24:17,644 [grpc-default-executor-4] INFO  client.GrpcClientProtocolClient (GrpcClientProtocolClient.java:onNext(255)) - client-DA9582518C67->1df8bd03-73ef-4b9c-8622-5dc9d0e29c31: receive RaftClientReply:client-DA9582518C67->1df8bd03-73ef-4b9c-8622-5dc9d0e29c31@group-F45402591F47, cid=1963, SUCCESS, logIndex=2824, commits[1df8bd03-73ef-4b9c-8622-5dc9d0e29c31:c2825, 12aca755-ada5-42df-801b-c61f99d8e8b8:c2819, a308b8bf-0324-43a1-a87f-1e10a96e3042:c2823]
2019-08-21 19:24:17,644 [grpc-default-executor-4] INFO  client.GrpcClientProtocolClient (GrpcClientProtocolClient.java:onNext(255)) - client-DA9582518C67->1df8bd03-73ef-4b9c-8622-5dc9d0e29c31: receive RaftClientReply:client-DA9582518C67->1df8bd03-73ef-4b9c-8622-5dc9d0e29c31@group-F45402591F47, cid=1964, SUCCESS, logIndex=2825, commits[1df8bd03-73ef-4b9c-8622-5dc9d0e29c31:c2825, 12aca755-ada5-42df-801b-c61f99d8e8b8:c2823, a308b8bf-0324-43a1-a87f-1e10a96e3042:c2823]
2019-08-21 19:24:17,649 | INFO  | DNAudit | user=null | ip=null | op=WRITE_CHUNK {blockData=conID: 1 locID: 102656603428553243 bcsId: 2825} | ret=SUCCESS |  
2019-08-21 19:24:17,651 | INFO  | DNAudit | user=null | ip=null | op=WRITE_CHUNK {blockData=conID: 1 locID: 102656603428553243 bcsId: 2825} | ret=SUCCESS |  
2019-08-21 19:24:17,652 | INFO  | DNAudit | user=null | ip=null | op=WRITE_CHUNK {blockData=conID: 1 locID: 102656603428553243 bcsId: 2825} | ret=SUCCESS |  
2019-08-21 19:24:17,657 | INFO  | DNAudit | user=null | ip=null | op=WRITE_CHUNK {blockData=conID: 1 locID: 102656603428553243 bcsId: 2819} | ret=SUCCESS |  
2019-08-21 19:24:17,657 | INFO  | DNAudit | user=null | ip=null | op=WRITE_CHUNK {blockData=conID: 1 locID: 102656603428553243 bcsId: 2819} | ret=SUCCESS |  
2019-08-21 19:24:17,657 | INFO  | DNAudit | user=null | ip=null | op=PUT_BLOCK {blockData=[blockId=conID: 1 locID: 102656603428553243 bcsId: 0,size=3145728]} | ret=SUCCESS |  
2019-08-21 19:24:17,668 | INFO  | DNAudit | user=null | ip=null | op=PUT_BLOCK {blockData=[blockId=conID: 1 locID: 102656603428553243 bcsId: 0,size=3145728]} | ret=SUCCESS |  
2019-08-21 19:24:17,668 | INFO  | DNAudit | user=null | ip=null | op=WRITE_CHUNK {blockData=conID: 1 locID: 102656603428553243 bcsId: 2825} | ret=SUCCESS |  
2019-08-21 19:24:17,669 | INFO  | DNAudit | user=null | ip=null | op=PUT_BLOCK {blockData=[blockId=conID: 1 locID: 102656603428553243 bcsId: 0,size=4194304]} | ret=SUCCESS |  
2019-08-21 19:24:17,669 [grpc-default-executor-4] INFO  client.GrpcClientProtocolClient (GrpcClientProtocolClient.java:onNext(255)) - client-DA9582518C67->1df8bd03-73ef-4b9c-8622-5dc9d0e29c31: receive RaftClientReply:client-DA9582518C67->1df8bd03-73ef-4b9c-8622-5dc9d0e29c31@group-F45402591F47, cid=1965, SUCCESS, logIndex=2828, commits[1df8bd03-73ef-4b9c-8622-5dc9d0e29c31:c2829, 12aca755-ada5-42df-801b-c61f99d8e8b8:c2825, a308b8bf-0324-43a1-a87f-1e10a96e3042:c2825]
2019-08-21 19:24:17,669 [grpc-default-executor-4] INFO  client.GrpcClientProtocolClient (GrpcClientProtocolClient.java:onNext(255)) - client-DA9582518C67->1df8bd03-73ef-4b9c-8622-5dc9d0e29c31: receive RaftClientReply:client-DA9582518C67->1df8bd03-73ef-4b9c-8622-5dc9d0e29c31@group-F45402591F47, cid=1966, SUCCESS, logIndex=2829, commits[1df8bd03-73ef-4b9c-8622-5dc9d0e29c31:c2829, 12aca755-ada5-42df-801b-c61f99d8e8b8:c2825, a308b8bf-0324-43a1-a87f-1e10a96e3042:c2825]
2019-08-21 19:24:17,680 | INFO  | DNAudit | user=null | ip=null | op=WRITE_CHUNK {blockData=conID: 1 locID: 102656603428553243 bcsId: 2825} | ret=SUCCESS |  
2019-08-21 19:24:17,680 | INFO  | DNAudit | user=null | ip=null | op=WRITE_CHUNK {blockData=conID: 1 locID: 102656603428553243 bcsId: 2825} | ret=SUCCESS |  
2019-08-21 19:24:17,680 | INFO  | DNAudit | user=null | ip=null | op=PUT_BLOCK {blockData=[blockId=conID: 1 locID: 102656603428553243 bcsId: 0,size=4194304]} | ret=SUCCESS |  
2019-08-21 19:24:17,680 | INFO  | DNAudit | user=null | ip=null | op=PUT_BLOCK {blockData=[blockId=conID: 1 locID: 102656603428553243 bcsId: 0,size=4194304]} | ret=SUCCESS |  
2019-08-21 19:24:17,680 [grpc-default-executor-0] INFO  client.GrpcClientProtocolClient (GrpcClientProtocolClient.java:onNext(255)) - client-DA9582518C67->1df8bd03-73ef-4b9c-8622-5dc9d0e29c31: receive RaftClientReply:client-DA9582518C67->1df8bd03-73ef-4b9c-8622-5dc9d0e29c31@group-F45402591F47, cid=1967, SUCCESS, logIndex=0, commits[1df8bd03-73ef-4b9c-8622-5dc9d0e29c31:c2830, 12aca755-ada5-42df-801b-c61f99d8e8b8:c2829, a308b8bf-0324-43a1-a87f-1e10a96e3042:c2829]
2019-08-21 19:24:17,684 | INFO  | SCMAudit | user=jenkins1000 | ip=192.168.69.88 | op=ALLOCATE_BLOCK {owner=a4b1d482-4fe6-4e71-84a6-a95f4ce3f696, size=4194304, type=RATIS, factor=THREE} | ret=SUCCESS |  
2019-08-21 19:24:17,686 | INFO  | OMAudit | user=jenkins1000 | ip=127.0.0.1 | op=ALLOCATE_BLOCK {volume=vol-0-90666, bucket=bucket-0-29336, key=key-0-94354, dataSize=0, replicationType=null, replicationFactor=null, keyLocationInfo=null, clientID=102656601977389458} | ret=SUCCESS |  
2019-08-21 19:24:17,691 | INFO  | DNAudit | user=null | ip=null | op=WRITE_CHUNK {blockData=conID: 2 locID: 102656603434779164 bcsId: 0} | ret=SUCCESS |  
2019-08-21 19:24:17,693 | INFO  | DNAudit | user=null | ip=null | op=WRITE_CHUNK {blockData=conID: 2 locID: 102656603434779164 bcsId: 0} | ret=SUCCESS |  
2019-08-21 19:24:17,695 | INFO  | DNAudit | user=null | ip=null | op=WRITE_CHUNK {blockData=conID: 2 locID: 102656603434779164 bcsId: 0} | ret=SUCCESS |  
2019-08-21 19:24:17,695 | INFO  | DNAudit | user=null | ip=null | op=WRITE_CHUNK {blockData=conID: 2 locID: 102656603434779164 bcsId: 0} | ret=SUCCESS |  
2019-08-21 19:24:17,697 | INFO  | DNAudit | user=null | ip=null | op=WRITE_CHUNK {blockData=conID: 2 locID: 102656603434779164 bcsId: 0} | ret=SUCCESS |  
2019-08-21 19:24:17,697 | INFO  | DNAudit | user=null | ip=null | op=PUT_BLOCK {blockData=[blockId=conID: 2 locID: 102656603434779164 bcsId: 0,size=1048576]} | ret=SUCCESS |  
2019-08-21 19:24:17,697 [grpc-default-executor-0] INFO  client.GrpcClientProtocolClient (GrpcClientProtocolClient.java:onNext(255)) - client-DA9582518C67->1df8bd03-73ef-4b9c-8622-5dc9d0e29c31: receive RaftClientReply:client-DA9582518C67->1df8bd03-73ef-4b9c-8622-5dc9d0e29c31@group-F45402591F47, cid=1968, SUCCESS, logIndex=2832, commits[1df8bd03-73ef-4b9c-8622-5dc9d0e29c31:c2833, 12aca755-ada5-42df-801b-c61f99d8e8b8:c2831, a308b8bf-0324-43a1-a87f-1e10a96e3042:c2831]
2019-08-21 19:24:17,697 | INFO  | DNAudit | user=null | ip=null | op=WRITE_CHUNK {blockData=conID: 2 locID: 102656603434779164 bcsId: 0} | ret=SUCCESS |  
2019-08-21 19:24:17,698 | INFO  | DNAudit | user=null | ip=null | op=WRITE_CHUNK {blockData=conID: 2 locID: 102656603434779164 bcsId: 0} | ret=SUCCESS |  
2019-08-21 19:24:17,698 [grpc-default-executor-0] INFO  client.GrpcClientProtocolClient (GrpcClientProtocolClient.java:onNext(255)) - client-DA9582518C67->1df8bd03-73ef-4b9c-8622-5dc9d0e29c31: receive RaftClientReply:client-DA9582518C67->1df8bd03-73ef-4b9c-8622-5dc9d0e29c31@group-F45402591F47, cid=1969, SUCCESS, logIndex=2833, commits[1df8bd03-73ef-4b9c-8622-5dc9d0e29c31:c2833, 12aca755-ada5-42df-801b-c61f99d8e8b8:c2831, a308b8bf-0324-43a1-a87f-1e10a96e3042:c2831]
2019-08-21 19:24:17,701 | INFO  | DNAudit | user=null | ip=null | op=WRITE_CHUNK {blockData=conID: 2 locID: 102656603434779164 bcsId: 0} | ret=SUCCESS |  
2019-08-21 19:24:17,701 | INFO  | DNAudit | user=null | ip=null | op=WRITE_CHUNK {blockData=conID: 2 locID: 102656603434779164 bcsId: 0} | ret=SUCCESS |  
2019-08-21 19:24:17,702 | INFO  | DNAudit | user=null | ip=null | op=PUT_BLOCK {blockData=[blockId=conID: 2 locID: 102656603434779164 bcsId: 0,size=2097152]} | ret=SUCCESS |  
2019-08-21 19:24:17,702 | INFO  | DNAudit | user=null | ip=null | op=PUT_BLOCK {blockData=[blockId=conID: 2 locID: 102656603434779164 bcsId: 0,size=1048576]} | ret=SUCCESS |  
2019-08-21 19:24:17,702 [grpc-default-executor-4] INFO  client.GrpcClientProtocolClient (GrpcClientProtocolClient.java:onNext(255)) - client-DA9582518C67->1df8bd03-73ef-4b9c-8622-5dc9d0e29c31: receive RaftClientReply:client-DA9582518C67->1df8bd03-73ef-4b9c-8622-5dc9d0e29c31@group-F45402591F47, cid=1970, SUCCESS, logIndex=2834, commits[1df8bd03-73ef-4b9c-8622-5dc9d0e29c31:c2834, 12aca755-ada5-42df-801b-c61f99d8e8b8:c2831, a308b8bf-0324-43a1-a87f-1e10a96e3042:c2831]
2019-08-21 19:24:17,702 | INFO  | DNAudit | user=null | ip=null | op=WRITE_CHUNK {blockData=conID: 2 locID: 102656603434779164 bcsId: 0} | ret=SUCCESS |  
2019-08-21 19:24:17,702 | INFO  | DNAudit | user=null | ip=null | op=PUT_BLOCK {blockData=[blockId=conID: 2 locID: 102656603434779164 bcsId: 0,size=1048576]} | ret=SUCCESS |  
2019-08-21 19:24:17,702 [grpc-default-executor-4] INFO  client.GrpcClientProtocolClient (GrpcClientProtocolClient.java:onNext(255)) - client-DA9582518C67->1df8bd03-73ef-4b9c-8622-5dc9d0e29c31: receive RaftClientReply:client-DA9582518C67->1df8bd03-73ef-4b9c-8622-5dc9d0e29c31@group-F45402591F47, cid=1971, SUCCESS, logIndex=2835, commits[1df8bd03-73ef-4b9c-8622-5dc9d0e29c31:c2835, 12aca755-ada5-42df-801b-c61f99d8e8b8:c2831, a308b8bf-0324-43a1-a87f-1e10a96e3042:c2833]
2019-08-21 19:24:17,703 [grpc-default-executor-4] INFO  client.GrpcClientProtocolClient (GrpcClientProtocolClient.java:onNext(255)) - client-DA9582518C67->1df8bd03-73ef-4b9c-8622-5dc9d0e29c31: receive RaftClientReply:client-DA9582518C67->1df8bd03-73ef-4b9c-8622-5dc9d0e29c31@group-F45402591F47, cid=1972, SUCCESS, logIndex=0, commits[1df8bd03-73ef-4b9c-8622-5dc9d0e29c31:c2837, 12aca755-ada5-42df-801b-c61f99d8e8b8:c2833, a308b8bf-0324-43a1-a87f-1e10a96e3042:c2833]
2019-08-21 19:24:17,707 | INFO  | DNAudit | user=null | ip=null | op=WRITE_CHUNK {blockData=conID: 2 locID: 102656603434779164 bcsId: 2835} | ret=SUCCESS |  
2019-08-21 19:24:17,708 | INFO  | DNAudit | user=null | ip=null | op=WRITE_CHUNK {blockData=conID: 2 locID: 102656603434779164 bcsId: 0} | ret=SUCCESS |  
2019-08-21 19:24:17,708 | INFO  | DNAudit | user=null | ip=null | op=WRITE_CHUNK {blockData=conID: 2 locID: 102656603434779164 bcsId: 0} | ret=SUCCESS |  
2019-08-21 19:24:17,710 | INFO  | DNAudit | user=null | ip=null | op=WRITE_CHUNK {blockData=conID: 2 locID: 102656603434779164 bcsId: 2835} | ret=SUCCESS |  
2019-08-21 19:24:17,710 | INFO  | DNAudit | user=null | ip=null | op=WRITE_CHUNK {blockData=conID: 2 locID: 102656603434779164 bcsId: 2835} | ret=SUCCESS |  
2019-08-21 19:24:17,721 | INFO  | DNAudit | user=null | ip=null | op=PUT_BLOCK {blockData=[blockId=conID: 2 locID: 102656603434779164 bcsId: 0,size=2097152]} | ret=SUCCESS |  
2019-08-21 19:24:17,721 | INFO  | DNAudit | user=null | ip=null | op=PUT_BLOCK {blockData=[blockId=conID: 2 locID: 102656603434779164 bcsId: 0,size=2097152]} | ret=SUCCESS |  
2019-08-21 19:24:17,734 | INFO  | DNAudit | user=null | ip=null | op=WRITE_CHUNK {blockData=conID: 2 locID: 102656603434779164 bcsId: 2835} | ret=SUCCESS |  
2019-08-21 19:24:17,734 | INFO  | DNAudit | user=null | ip=null | op=PUT_BLOCK {blockData=[blockId=conID: 2 locID: 102656603434779164 bcsId: 0,size=3145728]} | ret=SUCCESS |  
2019-08-21 19:24:17,734 [grpc-default-executor-2] INFO  client.GrpcClientProtocolClient (GrpcClientProtocolClient.java:onNext(255)) - client-DA9582518C67->1df8bd03-73ef-4b9c-8622-5dc9d0e29c31: receive RaftClientReply:client-DA9582518C67->1df8bd03-73ef-4b9c-8622-5dc9d0e29c31@group-F45402591F47, cid=1973, SUCCESS, logIndex=2840, commits[1df8bd03-73ef-4b9c-8622-5dc9d0e29c31:c2841, 12aca755-ada5-42df-801b-c61f99d8e8b8:c2837, a308b8bf-0324-43a1-a87f-1e10a96e3042:c2837]
2019-08-21 19:24:17,735 [grpc-default-executor-2] INFO  client.GrpcClientProtocolClient (GrpcClientProtocolClient.java:onNext(255)) - client-DA9582518C67->1df8bd03-73ef-4b9c-8622-5dc9d0e29c31: receive RaftClientReply:client-DA9582518C67->1df8bd03-73ef-4b9c-8622-5dc9d0e29c31@group-F45402591F47, cid=1974, SUCCESS, logIndex=2841, commits[1df8bd03-73ef-4b9c-8622-5dc9d0e29c31:c2841, 12aca755-ada5-42df-801b-c61f99d8e8b8:c2837, a308b8bf-0324-43a1-a87f-1e10a96e3042:c2837]
2019-08-21 19:24:17,740 | INFO  | DNAudit | user=null | ip=null | op=WRITE_CHUNK {blockData=conID: 2 locID: 102656603434779164 bcsId: 2841} | ret=SUCCESS |  
2019-08-21 19:24:17,742 | INFO  | DNAudit | user=null | ip=null | op=WRITE_CHUNK {blockData=conID: 2 locID: 102656603434779164 bcsId: 2841} | ret=SUCCESS |  
2019-08-21 19:24:17,743 | INFO  | DNAudit | user=null | ip=null | op=WRITE_CHUNK {blockData=conID: 2 locID: 102656603434779164 bcsId: 2841} | ret=SUCCESS |  
2019-08-21 19:24:17,744 | INFO  | DNAudit | user=null | ip=null | op=WRITE_CHUNK {blockData=conID: 2 locID: 102656603434779164 bcsId: 2835} | ret=SUCCESS |  
2019-08-21 19:24:17,744 | INFO  | DNAudit | user=null | ip=null | op=WRITE_CHUNK {blockData=conID: 2 locID: 102656603434779164 bcsId: 2835} | ret=SUCCESS |  
2019-08-21 19:24:17,745 | INFO  | DNAudit | user=null | ip=null | op=PUT_BLOCK {blockData=[blockId=conID: 2 locID: 102656603434779164 bcsId: 0,size=3145728]} | ret=SUCCESS |  
2019-08-21 19:24:17,745 | INFO  | DNAudit | user=null | ip=null | op=PUT_BLOCK {blockData=[blockId=conID: 2 locID: 102656603434779164 bcsId: 0,size=3145728]} | ret=SUCCESS |  
2019-08-21 19:24:17,757 | INFO  | DNAudit | user=null | ip=null | op=WRITE_CHUNK {blockData=conID: 2 locID: 102656603434779164 bcsId: 2841} | ret=SUCCESS |  
2019-08-21 19:24:17,758 | INFO  | DNAudit | user=null | ip=null | op=PUT_BLOCK {blockData=[blockId=conID: 2 locID: 102656603434779164 bcsId: 0,size=4194304]} | ret=SUCCESS |  
2019-08-21 19:24:17,758 [grpc-default-executor-2] INFO  client.GrpcClientProtocolClient (GrpcClientProtocolClient.java:onNext(255)) - client-DA9582518C67->1df8bd03-73ef-4b9c-8622-5dc9d0e29c31: receive RaftClientReply:client-DA9582518C67->1df8bd03-73ef-4b9c-8622-5dc9d0e29c31@group-F45402591F47, cid=1975, SUCCESS, logIndex=2844, commits[1df8bd03-73ef-4b9c-8622-5dc9d0e29c31:c2845, 12aca755-ada5-42df-801b-c61f99d8e8b8:c2841, a308b8bf-0324-43a1-a87f-1e10a96e3042:c2841]
2019-08-21 19:24:17,758 [grpc-default-executor-2] INFO  client.GrpcClientProtocolClient (GrpcClientProtocolClient.java:onNext(255)) - client-DA9582518C67->1df8bd03-73ef-4b9c-8622-5dc9d0e29c31: receive RaftClientReply:client-DA9582518C67->1df8bd03-73ef-4b9c-8622-5dc9d0e29c31@group-F45402591F47, cid=1976, SUCCESS, logIndex=2845, commits[1df8bd03-73ef-4b9c-8622-5dc9d0e29c31:c2845, 12aca755-ada5-42df-801b-c61f99d8e8b8:c2841, a308b8bf-0324-43a1-a87f-1e10a96e3042:c2841]
2019-08-21 19:24:17,765 | INFO  | DNAudit | user=null | ip=null | op=WRITE_CHUNK {blockData=conID: 2 locID: 102656603434779164 bcsId: 2841} | ret=SUCCESS |  
2019-08-21 19:24:17,765 | INFO  | DNAudit | user=null | ip=null | op=WRITE_CHUNK {blockData=conID: 2 locID: 102656603434779164 bcsId: 2841} | ret=SUCCESS |  
2019-08-21 19:24:17,768 | INFO  | DNAudit | user=null | ip=null | op=PUT_BLOCK {blockData=[blockId=conID: 2 locID: 102656603434779164 bcsId: 0,size=4194304]} | ret=SUCCESS |  
2019-08-21 19:24:17,768 | INFO  | DNAudit | user=null | ip=null | op=PUT_BLOCK {blockData=[blockId=conID: 2 locID: 102656603434779164 bcsId: 0,size=4194304]} | ret=SUCCESS |  
2019-08-21 19:24:17,769 [grpc-default-executor-2] INFO  client.GrpcClientProtocolClient (GrpcClientProtocolClient.java:onNext(255)) - client-DA9582518C67->1df8bd03-73ef-4b9c-8622-5dc9d0e29c31: receive RaftClientReply:client-DA9582518C67->1df8bd03-73ef-4b9c-8622-5dc9d0e29c31@group-F45402591F47, cid=1977, SUCCESS, logIndex=0, commits[1df8bd03-73ef-4b9c-8622-5dc9d0e29c31:c2846, 12aca755-ada5-42df-801b-c61f99d8e8b8:c2845, a308b8bf-0324-43a1-a87f-1e10a96e3042:c2845]
2019-08-21 19:24:17,773 | INFO  | SCMAudit | user=jenkins1000 | ip=192.168.69.88 | op=ALLOCATE_BLOCK {owner=a4b1d482-4fe6-4e71-84a6-a95f4ce3f696, size=4194304, type=RATIS, factor=THREE} | ret=SUCCESS |  
2019-08-21 19:24:17,775 | INFO  | OMAudit | user=jenkins1000 | ip=127.0.0.1 | op=ALLOCATE_BLOCK {volume=vol-0-90666, bucket=bucket-0-29336, key=key-0-94354, dataSize=0, replicationType=null, replicationFactor=null, keyLocationInfo=null, clientID=102656601977389458} | ret=SUCCESS |  
2019-08-21 19:24:17,781 | INFO  | DNAudit | user=null | ip=null | op=WRITE_CHUNK {blockData=conID: 3 locID: 102656603440611869 bcsId: 0} | ret=SUCCESS |  
2019-08-21 19:24:17,783 | INFO  | DNAudit | user=null | ip=null | op=WRITE_CHUNK {blockData=conID: 3 locID: 102656603440611869 bcsId: 0} | ret=SUCCESS |  
2019-08-21 19:24:17,784 | INFO  | DNAudit | user=null | ip=null | op=WRITE_CHUNK {blockData=conID: 3 locID: 102656603440611869 bcsId: 0} | ret=SUCCESS |  
2019-08-21 19:24:17,785 | INFO  | DNAudit | user=null | ip=null | op=WRITE_CHUNK {blockData=conID: 3 locID: 102656603440611869 bcsId: 0} | ret=SUCCESS |  
2019-08-21 19:24:17,785 | INFO  | DNAudit | user=null | ip=null | op=WRITE_CHUNK {blockData=conID: 3 locID: 102656603440611869 bcsId: 0} | ret=SUCCESS |  
2019-08-21 19:24:17,786 | INFO  | DNAudit | user=null | ip=null | op=WRITE_CHUNK {blockData=conID: 3 locID: 102656603440611869 bcsId: 0} | ret=SUCCESS |  
2019-08-21 19:24:17,788 | INFO  | DNAudit | user=null | ip=null | op=WRITE_CHUNK {blockData=conID: 3 locID: 102656603440611869 bcsId: 0} | ret=SUCCESS |  
2019-08-21 19:24:17,788 | INFO  | DNAudit | user=null | ip=null | op=PUT_BLOCK {blockData=[blockId=conID: 3 locID: 102656603440611869 bcsId: 0,size=1048576]} | ret=SUCCESS |  
2019-08-21 19:24:17,788 | INFO  | DNAudit | user=null | ip=null | op=WRITE_CHUNK {blockData=conID: 3 locID: 102656603440611869 bcsId: 0} | ret=SUCCESS |  
2019-08-21 19:24:17,788 [grpc-default-executor-4] INFO  client.GrpcClientProtocolClient (GrpcClientProtocolClient.java:onNext(255)) - client-DA9582518C67->1df8bd03-73ef-4b9c-8622-5dc9d0e29c31: receive RaftClientReply:client-DA9582518C67->1df8bd03-73ef-4b9c-8622-5dc9d0e29c31@group-F45402591F47, cid=1978, SUCCESS, logIndex=2848, commits[1df8bd03-73ef-4b9c-8622-5dc9d0e29c31:c2851, 12aca755-ada5-42df-801b-c61f99d8e8b8:c2847, a308b8bf-0324-43a1-a87f-1e10a96e3042:c2847]
2019-08-21 19:24:17,789 | INFO  | DNAudit | user=null | ip=null | op=PUT_BLOCK {blockData=[blockId=conID: 3 locID: 102656603440611869 bcsId: 0,size=2097152]} | ret=SUCCESS |  
2019-08-21 19:24:17,789 [grpc-default-executor-4] INFO  client.GrpcClientProtocolClient (GrpcClientProtocolClient.java:onNext(255)) - client-DA9582518C67->1df8bd03-73ef-4b9c-8622-5dc9d0e29c31: receive RaftClientReply:client-DA9582518C67->1df8bd03-73ef-4b9c-8622-5dc9d0e29c31@group-F45402591F47, cid=1979, SUCCESS, logIndex=2849, commits[1df8bd03-73ef-4b9c-8622-5dc9d0e29c31:c2851, 12aca755-ada5-42df-801b-c61f99d8e8b8:c2847, a308b8bf-0324-43a1-a87f-1e10a96e3042:c2847]
2019-08-21 19:24:17,789 [grpc-default-executor-4] INFO  client.GrpcClientProtocolClient (GrpcClientProtocolClient.java:onNext(255)) - client-DA9582518C67->1df8bd03-73ef-4b9c-8622-5dc9d0e29c31: receive RaftClientReply:client-DA9582518C67->1df8bd03-73ef-4b9c-8622-5dc9d0e29c31@group-F45402591F47, cid=1980, SUCCESS, logIndex=2850, commits[1df8bd03-73ef-4b9c-8622-5dc9d0e29c31:c2851, 12aca755-ada5-42df-801b-c61f99d8e8b8:c2847, a308b8bf-0324-43a1-a87f-1e10a96e3042:c2847]
2019-08-21 19:24:17,789 [grpc-default-executor-4] INFO  client.GrpcClientProtocolClient (GrpcClientProtocolClient.java:onNext(255)) - client-DA9582518C67->1df8bd03-73ef-4b9c-8622-5dc9d0e29c31: receive RaftClientReply:client-DA9582518C67->1df8bd03-73ef-4b9c-8622-5dc9d0e29c31@group-F45402591F47, cid=1981, SUCCESS, logIndex=2851, commits[1df8bd03-73ef-4b9c-8622-5dc9d0e29c31:c2851, 12aca755-ada5-42df-801b-c61f99d8e8b8:c2847, a308b8bf-0324-43a1-a87f-1e10a96e3042:c2847]
2019-08-21 19:24:17,793 | INFO  | DNAudit | user=null | ip=null | op=WRITE_CHUNK {blockData=conID: 3 locID: 102656603440611869 bcsId: 0} | ret=SUCCESS |  
2019-08-21 19:24:17,793 | INFO  | DNAudit | user=null | ip=null | op=WRITE_CHUNK {blockData=conID: 3 locID: 102656603440611869 bcsId: 0} | ret=SUCCESS |  
2019-08-21 19:24:17,793 | INFO  | DNAudit | user=null | ip=null | op=PUT_BLOCK {blockData=[blockId=conID: 3 locID: 102656603440611869 bcsId: 0,size=1048576]} | ret=SUCCESS |  
2019-08-21 19:24:17,793 | INFO  | DNAudit | user=null | ip=null | op=PUT_BLOCK {blockData=[blockId=conID: 3 locID: 102656603440611869 bcsId: 0,size=1048576]} | ret=SUCCESS |  
2019-08-21 19:24:17,793 [grpc-default-executor-0] INFO  client.GrpcClientProtocolClient (GrpcClientProtocolClient.java:onNext(255)) - client-DA9582518C67->1df8bd03-73ef-4b9c-8622-5dc9d0e29c31: receive RaftClientReply:client-DA9582518C67->1df8bd03-73ef-4b9c-8622-5dc9d0e29c31@group-F45402591F47, cid=1982, SUCCESS, logIndex=0, commits[1df8bd03-73ef-4b9c-8622-5dc9d0e29c31:c2852, 12aca755-ada5-42df-801b-c61f99d8e8b8:c2849, a308b8bf-0324-43a1-a87f-1e10a96e3042:c2849]
2019-08-21 19:24:17,794 | INFO  | DNAudit | user=null | ip=null | op=WRITE_CHUNK {blockData=conID: 3 locID: 102656603440611869 bcsId: 0} | ret=SUCCESS |  
2019-08-21 19:24:17,794 | INFO  | DNAudit | user=null | ip=null | op=WRITE_CHUNK {blockData=conID: 3 locID: 102656603440611869 bcsId: 0} | ret=SUCCESS |  
2019-08-21 19:24:17,795 | INFO  | DNAudit | user=null | ip=null | op=PUT_BLOCK {blockData=[blockId=conID: 3 locID: 102656603440611869 bcsId: 0,size=2097152]} | ret=SUCCESS |  
2019-08-21 19:24:17,795 | INFO  | DNAudit | user=null | ip=null | op=PUT_BLOCK {blockData=[blockId=conID: 3 locID: 102656603440611869 bcsId: 0,size=2097152]} | ret=SUCCESS |  
2019-08-21 19:24:17,798 | INFO  | DNAudit | user=null | ip=null | op=WRITE_CHUNK {blockData=conID: 3 locID: 102656603440611869 bcsId: 2851} | ret=SUCCESS |  
2019-08-21 19:24:17,800 | INFO  | DNAudit | user=null | ip=null | op=WRITE_CHUNK {blockData=conID: 3 locID: 102656603440611869 bcsId: 2851} | ret=SUCCESS |  
2019-08-21 19:24:17,801 | INFO  | DNAudit | user=null | ip=null | op=WRITE_CHUNK {blockData=conID: 3 locID: 102656603440611869 bcsId: 2851} | ret=SUCCESS |  
2019-08-21 19:24:17,803 | INFO  | DNAudit | user=null | ip=null | op=WRITE_CHUNK {blockData=conID: 3 locID: 102656603440611869 bcsId: 2851} | ret=SUCCESS |  
2019-08-21 19:24:17,803 | INFO  | DNAudit | user=null | ip=null | op=PUT_BLOCK {blockData=[blockId=conID: 3 locID: 102656603440611869 bcsId: 0,size=3145728]} | ret=SUCCESS |  
2019-08-21 19:24:17,803 [grpc-default-executor-0] INFO  client.GrpcClientProtocolClient (GrpcClientProtocolClient.java:onNext(255)) - client-DA9582518C67->1df8bd03-73ef-4b9c-8622-5dc9d0e29c31: receive RaftClientReply:client-DA9582518C67->1df8bd03-73ef-4b9c-8622-5dc9d0e29c31@group-F45402591F47, cid=1983, SUCCESS, logIndex=2856, commits[1df8bd03-73ef-4b9c-8622-5dc9d0e29c31:c2857, 12aca755-ada5-42df-801b-c61f99d8e8b8:c2855, a308b8bf-0324-43a1-a87f-1e10a96e3042:c2855]
2019-08-21 19:24:17,804 [grpc-default-executor-0] INFO  client.GrpcClientProtocolClient (GrpcClientProtocolClient.java:onNext(255)) - client-DA9582518C67->1df8bd03-73ef-4b9c-8622-5dc9d0e29c31: receive RaftClientReply:client-DA9582518C67->1df8bd03-73ef-4b9c-8622-5dc9d0e29c31@group-F45402591F47, cid=1984, SUCCESS, logIndex=2857, commits[1df8bd03-73ef-4b9c-8622-5dc9d0e29c31:c2857, 12aca755-ada5-42df-801b-c61f99d8e8b8:c2855, a308b8bf-0324-43a1-a87f-1e10a96e3042:c2855]
2019-08-21 19:24:17,809 | INFO  | DNAudit | user=null | ip=null | op=WRITE_CHUNK {blockData=conID: 3 locID: 102656603440611869 bcsId: 2857} | ret=SUCCESS |  
2019-08-21 19:24:17,811 | INFO  | DNAudit | user=null | ip=null | op=WRITE_CHUNK {blockData=conID: 3 locID: 102656603440611869 bcsId: 2857} | ret=SUCCESS |  
2019-08-21 19:24:17,811 | INFO  | DNAudit | user=null | ip=null | op=WRITE_CHUNK {blockData=conID: 3 locID: 102656603440611869 bcsId: 2857} | ret=SUCCESS |  
2019-08-21 19:24:17,816 | INFO  | DNAudit | user=null | ip=null | op=WRITE_CHUNK {blockData=conID: 3 locID: 102656603440611869 bcsId: 2851} | ret=SUCCESS |  
2019-08-21 19:24:17,816 | INFO  | DNAudit | user=null | ip=null | op=WRITE_CHUNK {blockData=conID: 3 locID: 102656603440611869 bcsId: 2851} | ret=SUCCESS |  
2019-08-21 19:24:17,829 | INFO  | DNAudit | user=null | ip=null | op=PUT_BLOCK {blockData=[blockId=conID: 3 locID: 102656603440611869 bcsId: 0,size=3145728]} | ret=SUCCESS |  
2019-08-21 19:24:17,829 | INFO  | DNAudit | user=null | ip=null | op=PUT_BLOCK {blockData=[blockId=conID: 3 locID: 102656603440611869 bcsId: 0,size=3145728]} | ret=SUCCESS |  
2019-08-21 19:24:17,829 | INFO  | DNAudit | user=null | ip=null | op=WRITE_CHUNK {blockData=conID: 3 locID: 102656603440611869 bcsId: 2857} | ret=SUCCESS |  
2019-08-21 19:24:17,830 | INFO  | DNAudit | user=null | ip=null | op=PUT_BLOCK {blockData=[blockId=conID: 3 locID: 102656603440611869 bcsId: 0,size=4194304]} | ret=SUCCESS |  
2019-08-21 19:24:17,830 [grpc-default-executor-0] INFO  client.GrpcClientProtocolClient (GrpcClientProtocolClient.java:onNext(255)) - client-DA9582518C67->1df8bd03-73ef-4b9c-8622-5dc9d0e29c31: receive RaftClientReply:client-DA9582518C67->1df8bd03-73ef-4b9c-8622-5dc9d0e29c31@group-F45402591F47, cid=1985, SUCCESS, logIndex=2860, commits[1df8bd03-73ef-4b9c-8622-5dc9d0e29c31:c2861, 12aca755-ada5-42df-801b-c61f99d8e8b8:c2857, a308b8bf-0324-43a1-a87f-1e10a96e3042:c2857]
2019-08-21 19:24:17,830 [grpc-default-executor-0] INFO  client.GrpcClientProtocolClient (GrpcClientProtocolClient.java:onNext(255)) - client-DA9582518C67->1df8bd03-73ef-4b9c-8622-5dc9d0e29c31: receive RaftClientReply:client-DA9582518C67->1df8bd03-73ef-4b9c-8622-5dc9d0e29c31@group-F45402591F47, cid=1986, SUCCESS, logIndex=2861, commits[1df8bd03-73ef-4b9c-8622-5dc9d0e29c31:c2861, 12aca755-ada5-42df-801b-c61f99d8e8b8:c2857, a308b8bf-0324-43a1-a87f-1e10a96e3042:c2857]
2019-08-21 19:24:17,846 | INFO  | DNAudit | user=null | ip=null | op=WRITE_CHUNK {blockData=conID: 3 locID: 102656603440611869 bcsId: 2857} | ret=SUCCESS |  
2019-08-21 19:24:17,846 | INFO  | DNAudit | user=null | ip=null | op=WRITE_CHUNK {blockData=conID: 3 locID: 102656603440611869 bcsId: 2857} | ret=SUCCESS |  
2019-08-21 19:24:17,849 | INFO  | DNAudit | user=null | ip=null | op=PUT_BLOCK {blockData=[blockId=conID: 3 locID: 102656603440611869 bcsId: 0,size=4194304]} | ret=SUCCESS |  
2019-08-21 19:24:17,849 | INFO  | DNAudit | user=null | ip=null | op=PUT_BLOCK {blockData=[blockId=conID: 3 locID: 102656603440611869 bcsId: 0,size=4194304]} | ret=SUCCESS |  
2019-08-21 19:24:17,850 [grpc-default-executor-4] INFO  client.GrpcClientProtocolClient (GrpcClientProtocolClient.java:onNext(255)) - client-DA9582518C67->1df8bd03-73ef-4b9c-8622-5dc9d0e29c31: receive RaftClientReply:client-DA9582518C67->1df8bd03-73ef-4b9c-8622-5dc9d0e29c31@group-F45402591F47, cid=1987, SUCCESS, logIndex=0, commits[1df8bd03-73ef-4b9c-8622-5dc9d0e29c31:c2863, 12aca755-ada5-42df-801b-c61f99d8e8b8:c2861, a308b8bf-0324-43a1-a87f-1e10a96e3042:c2861]
2019-08-21 19:24:17,853 | INFO  | SCMAudit | user=jenkins1000 | ip=192.168.69.88 | op=ALLOCATE_BLOCK {owner=a4b1d482-4fe6-4e71-84a6-a95f4ce3f696, size=4194304, type=RATIS, factor=THREE} | ret=SUCCESS |  
2019-08-21 19:24:17,855 | INFO  | OMAudit | user=jenkins1000 | ip=127.0.0.1 | op=ALLOCATE_BLOCK {volume=vol-0-90666, bucket=bucket-0-29336, key=key-0-94354, dataSize=0, replicationType=null, replicationFactor=null, keyLocationInfo=null, clientID=102656601977389458} | ret=SUCCESS |  
2019-08-21 19:24:17,861 | INFO  | DNAudit | user=null | ip=null | op=WRITE_CHUNK {blockData=conID: 1 locID: 102656603445854750 bcsId: 0} | ret=SUCCESS |  
2019-08-21 19:24:17,864 | INFO  | DNAudit | user=null | ip=null | op=WRITE_CHUNK {blockData=conID: 1 locID: 102656603445854750 bcsId: 0} | ret=SUCCESS |  
2019-08-21 19:24:17,864 | INFO  | DNAudit | user=null | ip=null | op=WRITE_CHUNK {blockData=conID: 1 locID: 102656603445854750 bcsId: 0} | ret=SUCCESS |  
2019-08-21 19:24:17,864 | INFO  | DNAudit | user=null | ip=null | op=WRITE_CHUNK {blockData=conID: 1 locID: 102656603445854750 bcsId: 0} | ret=SUCCESS |  
2019-08-21 19:24:17,866 | INFO  | DNAudit | user=null | ip=null | op=WRITE_CHUNK {blockData=conID: 1 locID: 102656603445854750 bcsId: 0} | ret=SUCCESS |  
2019-08-21 19:24:17,866 | INFO  | DNAudit | user=null | ip=null | op=WRITE_CHUNK {blockData=conID: 1 locID: 102656603445854750 bcsId: 0} | ret=SUCCESS |  
2019-08-21 19:24:17,929 | INFO  | DNAudit | user=null | ip=null | op=WRITE_CHUNK {blockData=conID: 1 locID: 102656603445854750 bcsId: 0} | ret=SUCCESS |  
2019-08-21 19:24:17,930 | INFO  | DNAudit | user=null | ip=null | op=PUT_BLOCK {blockData=[blockId=conID: 1 locID: 102656603445854750 bcsId: 0,size=1048576]} | ret=SUCCESS |  
2019-08-21 19:24:17,930 [grpc-default-executor-4] INFO  client.GrpcClientProtocolClient (GrpcClientProtocolClient.java:onNext(255)) - client-DA9582518C67->1df8bd03-73ef-4b9c-8622-5dc9d0e29c31: receive RaftClientReply:client-DA9582518C67->1df8bd03-73ef-4b9c-8622-5dc9d0e29c31@group-F45402591F47, cid=1988, SUCCESS, logIndex=2864, commits[1df8bd03-73ef-4b9c-8622-5dc9d0e29c31:c2865, 12aca755-ada5-42df-801b-c61f99d8e8b8:c2863, a308b8bf-0324-43a1-a87f-1e10a96e3042:c2863]
2019-08-21 19:24:17,931 [grpc-default-executor-4] INFO  client.GrpcClientProtocolClient (GrpcClientProtocolClient.java:onNext(255)) - client-DA9582518C67->1df8bd03-73ef-4b9c-8622-5dc9d0e29c31: receive RaftClientReply:client-DA9582518C67->1df8bd03-73ef-4b9c-8622-5dc9d0e29c31@group-F45402591F47, cid=1989, SUCCESS, logIndex=2865, commits[1df8bd03-73ef-4b9c-8622-5dc9d0e29c31:c2865, 12aca755-ada5-42df-801b-c61f99d8e8b8:c2863, a308b8bf-0324-43a1-a87f-1e10a96e3042:c2863]
2019-08-21 19:24:17,941 | INFO  | DNAudit | user=null | ip=null | op=WRITE_CHUNK {blockData=conID: 1 locID: 102656603445854750 bcsId: 0} | ret=SUCCESS |  
2019-08-21 19:24:17,941 | INFO  | DNAudit | user=null | ip=null | op=PUT_BLOCK {blockData=[blockId=conID: 1 locID: 102656603445854750 bcsId: 0,size=2097152]} | ret=SUCCESS |  
2019-08-21 19:24:17,941 [grpc-default-executor-4] INFO  client.GrpcClientProtocolClient (GrpcClientProtocolClient.java:onNext(255)) - client-DA9582518C67->1df8bd03-73ef-4b9c-8622-5dc9d0e29c31: receive RaftClientReply:client-DA9582518C67->1df8bd03-73ef-4b9c-8622-5dc9d0e29c31@group-F45402591F47, cid=1990, SUCCESS, logIndex=2866, commits[1df8bd03-73ef-4b9c-8622-5dc9d0e29c31:c2867, 12aca755-ada5-42df-801b-c61f99d8e8b8:c2863, a308b8bf-0324-43a1-a87f-1e10a96e3042:c2863]
2019-08-21 19:24:17,942 [grpc-default-executor-4] INFO  client.GrpcClientProtocolClient (GrpcClientProtocolClient.java:onNext(255)) - client-DA9582518C67->1df8bd03-73ef-4b9c-8622-5dc9d0e29c31: receive RaftClientReply:client-DA9582518C67->1df8bd03-73ef-4b9c-8622-5dc9d0e29c31@group-F45402591F47, cid=1991, SUCCESS, logIndex=2867, commits[1df8bd03-73ef-4b9c-8622-5dc9d0e29c31:c2867, 12aca755-ada5-42df-801b-c61f99d8e8b8:c2863, a308b8bf-0324-43a1-a87f-1e10a96e3042:c2863]
2019-08-21 19:24:17,954 | INFO  | DNAudit | user=null | ip=null | op=WRITE_CHUNK {blockData=conID: 1 locID: 102656603445854750 bcsId: 0} | ret=SUCCESS |  
2019-08-21 19:24:17,954 | INFO  | DNAudit | user=null | ip=null | op=PUT_BLOCK {blockData=[blockId=conID: 1 locID: 102656603445854750 bcsId: 0,size=1048576]} | ret=SUCCESS |  
2019-08-21 19:24:17,956 | INFO  | DNAudit | user=null | ip=null | op=WRITE_CHUNK {blockData=conID: 1 locID: 102656603445854750 bcsId: 0} | ret=SUCCESS |  
2019-08-21 19:24:17,956 | INFO  | DNAudit | user=null | ip=null | op=PUT_BLOCK {blockData=[blockId=conID: 1 locID: 102656603445854750 bcsId: 0,size=1048576]} | ret=SUCCESS |  
2019-08-21 19:24:17,956 | INFO  | DNAudit | user=null | ip=null | op=WRITE_CHUNK {blockData=conID: 1 locID: 102656603445854750 bcsId: 0} | ret=SUCCESS |  
2019-08-21 19:24:17,956 [grpc-default-executor-4] INFO  client.GrpcClientProtocolClient (GrpcClientProtocolClient.java:onNext(255)) - client-DA9582518C67->1df8bd03-73ef-4b9c-8622-5dc9d0e29c31: receive RaftClientReply:client-DA9582518C67->1df8bd03-73ef-4b9c-8622-5dc9d0e29c31@group-F45402591F47, cid=1992, SUCCESS, logIndex=0, commits[1df8bd03-73ef-4b9c-8622-5dc9d0e29c31:c2869, 12aca755-ada5-42df-801b-c61f99d8e8b8:c2865, a308b8bf-0324-43a1-a87f-1e10a96e3042:c2865]
2019-08-21 19:24:17,956 | INFO  | DNAudit | user=null | ip=null | op=PUT_BLOCK {blockData=[blockId=conID: 1 locID: 102656603445854750 bcsId: 0,size=2097152]} | ret=SUCCESS |  
2019-08-21 19:24:17,963 | INFO  | DNAudit | user=null | ip=null | op=WRITE_CHUNK {blockData=conID: 1 locID: 102656603445854750 bcsId: 2867} | ret=SUCCESS |  
2019-08-21 19:24:17,965 | INFO  | DNAudit | user=null | ip=null | op=WRITE_CHUNK {blockData=conID: 1 locID: 102656603445854750 bcsId: 2867} | ret=SUCCESS |  
2019-08-21 19:24:17,965 | INFO  | DNAudit | user=null | ip=null | op=WRITE_CHUNK {blockData=conID: 1 locID: 102656603445854750 bcsId: 2867} | ret=SUCCESS |  
2019-08-21 19:24:17,967 | INFO  | DNAudit | user=null | ip=null | op=WRITE_CHUNK {blockData=conID: 1 locID: 102656603445854750 bcsId: 0} | ret=SUCCESS |  
2019-08-21 19:24:17,967 | INFO  | DNAudit | user=null | ip=null | op=PUT_BLOCK {blockData=[blockId=conID: 1 locID: 102656603445854750 bcsId: 0,size=2097152]} | ret=SUCCESS |  
2019-08-21 19:24:17,972 | INFO  | SCMAudit | user=jenkins1000 | ip=192.168.69.88 | op=SEND_HEARTBEAT {datanodeUUID=a308b8bf-0324-43a1-a87f-1e10a96e3042, command=[]} | ret=SUCCESS |  
2019-08-21 19:24:17,972 | INFO  | SCMAudit | user=jenkins1000 | ip=192.168.69.88 | op=SEND_HEARTBEAT {datanodeUUID=12aca755-ada5-42df-801b-c61f99d8e8b8, command=[]} | ret=SUCCESS |  
2019-08-21 19:24:17,973 | INFO  | SCMAudit | user=jenkins1000 | ip=192.168.69.88 | op=SEND_HEARTBEAT {datanodeUUID=1df8bd03-73ef-4b9c-8622-5dc9d0e29c31, command=[]} | ret=SUCCESS |  
2019-08-21 19:24:17,978 | INFO  | DNAudit | user=null | ip=null | op=WRITE_CHUNK {blockData=conID: 1 locID: 102656603445854750 bcsId: 2867} | ret=SUCCESS |  
2019-08-21 19:24:17,979 | INFO  | DNAudit | user=null | ip=null | op=PUT_BLOCK {blockData=[blockId=conID: 1 locID: 102656603445854750 bcsId: 0,size=3145728]} | ret=SUCCESS |  
2019-08-21 19:24:17,979 [grpc-default-executor-0] INFO  client.GrpcClientProtocolClient (GrpcClientProtocolClient.java:onNext(255)) - client-DA9582518C67->1df8bd03-73ef-4b9c-8622-5dc9d0e29c31: receive RaftClientReply:client-DA9582518C67->1df8bd03-73ef-4b9c-8622-5dc9d0e29c31@group-F45402591F47, cid=1993, SUCCESS, logIndex=2872, commits[1df8bd03-73ef-4b9c-8622-5dc9d0e29c31:c2873, 12aca755-ada5-42df-801b-c61f99d8e8b8:c2871, a308b8bf-0324-43a1-a87f-1e10a96e3042:c2871]
2019-08-21 19:24:17,979 [grpc-default-executor-0] INFO  client.GrpcClientProtocolClient (GrpcClientProtocolClient.java:onNext(255)) - client-DA9582518C67->1df8bd03-73ef-4b9c-8622-5dc9d0e29c31: receive RaftClientReply:client-DA9582518C67->1df8bd03-73ef-4b9c-8622-5dc9d0e29c31@group-F45402591F47, cid=1994, SUCCESS, logIndex=2873, commits[1df8bd03-73ef-4b9c-8622-5dc9d0e29c31:c2873, 12aca755-ada5-42df-801b-c61f99d8e8b8:c2871, a308b8bf-0324-43a1-a87f-1e10a96e3042:c2871]
2019-08-21 19:24:17,985 | INFO  | DNAudit | user=null | ip=null | op=WRITE_CHUNK {blockData=conID: 1 locID: 102656603445854750 bcsId: 2873} | ret=SUCCESS |  
2019-08-21 19:24:17,987 | INFO  | DNAudit | user=null | ip=null | op=WRITE_CHUNK {blockData=conID: 1 locID: 102656603445854750 bcsId: 2873} | ret=SUCCESS |  
2019-08-21 19:24:17,987 | INFO  | DNAudit | user=null | ip=null | op=WRITE_CHUNK {blockData=conID: 1 locID: 102656603445854750 bcsId: 2873} | ret=SUCCESS |  
2019-08-21 19:24:17,989 | INFO  | DNAudit | user=null | ip=null | op=WRITE_CHUNK {blockData=conID: 1 locID: 102656603445854750 bcsId: 2867} | ret=SUCCESS |  
2019-08-21 19:24:17,989 | INFO  | DNAudit | user=null | ip=null | op=WRITE_CHUNK {blockData=conID: 1 locID: 102656603445854750 bcsId: 2867} | ret=SUCCESS |  
2019-08-21 19:24:17,990 | INFO  | DNAudit | user=null | ip=null | op=PUT_BLOCK {blockData=[blockId=conID: 1 locID: 102656603445854750 bcsId: 0,size=3145728]} | ret=SUCCESS |  
2019-08-21 19:24:17,990 | INFO  | DNAudit | user=null | ip=null | op=PUT_BLOCK {blockData=[blockId=conID: 1 locID: 102656603445854750 bcsId: 0,size=3145728]} | ret=SUCCESS |  
2019-08-21 19:24:17,990 | INFO  | DNAudit | user=null | ip=null | op=WRITE_CHUNK {blockData=conID: 1 locID: 102656603445854750 bcsId: 2873} | ret=SUCCESS |  
2019-08-21 19:24:17,991 | INFO  | DNAudit | user=null | ip=null | op=PUT_BLOCK {blockData=[blockId=conID: 1 locID: 102656603445854750 bcsId: 0,size=4194304]} | ret=SUCCESS |  
2019-08-21 19:24:17,991 [grpc-default-executor-2] INFO  client.GrpcClientProtocolClient (GrpcClientProtocolClient.java:onNext(255)) - client-DA9582518C67->1df8bd03-73ef-4b9c-8622-5dc9d0e29c31: receive RaftClientReply:client-DA9582518C67->1df8bd03-73ef-4b9c-8622-5dc9d0e29c31@group-F45402591F47, cid=1995, SUCCESS, logIndex=2876, commits[1df8bd03-73ef-4b9c-8622-5dc9d0e29c31:c2877, 12aca755-ada5-42df-801b-c61f99d8e8b8:c2873, a308b8bf-0324-43a1-a87f-1e10a96e3042:c2873]
2019-08-21 19:24:17,991 [grpc-default-executor-2] INFO  client.GrpcClientProtocolClient (GrpcClientProtocolClient.java:onNext(255)) - client-DA9582518C67->1df8bd03-73ef-4b9c-8622-5dc9d0e29c31: receive RaftClientReply:client-DA9582518C67->1df8bd03-73ef-4b9c-8622-5dc9d0e29c31@group-F45402591F47, cid=1996, SUCCESS, logIndex=2877, commits[1df8bd03-73ef-4b9c-8622-5dc9d0e29c31:c2877, 12aca755-ada5-42df-801b-c61f99d8e8b8:c2873, a308b8bf-0324-43a1-a87f-1e10a96e3042:c2873]
2019-08-21 19:24:17,996 | INFO  | DNAudit | user=null | ip=null | op=WRITE_CHUNK {blockData=conID: 1 locID: 102656603445854750 bcsId: 2873} | ret=SUCCESS |  
2019-08-21 19:24:17,996 | INFO  | DNAudit | user=null | ip=null | op=WRITE_CHUNK {blockData=conID: 1 locID: 102656603445854750 bcsId: 2873} | ret=SUCCESS |  
2019-08-21 19:24:17,997 | INFO  | DNAudit | user=null | ip=null | op=PUT_BLOCK {blockData=[blockId=conID: 1 locID: 102656603445854750 bcsId: 0,size=4194304]} | ret=SUCCESS |  
2019-08-21 19:24:17,997 | INFO  | DNAudit | user=null | ip=null | op=PUT_BLOCK {blockData=[blockId=conID: 1 locID: 102656603445854750 bcsId: 0,size=4194304]} | ret=SUCCESS |  
2019-08-21 19:24:17,998 [grpc-default-executor-4] INFO  client.GrpcClientProtocolClient (GrpcClientProtocolClient.java:onNext(255)) - client-DA9582518C67->1df8bd03-73ef-4b9c-8622-5dc9d0e29c31: receive RaftClientReply:client-DA9582518C67->1df8bd03-73ef-4b9c-8622-5dc9d0e29c31@group-F45402591F47, cid=1997, SUCCESS, logIndex=0, commits[1df8bd03-73ef-4b9c-8622-5dc9d0e29c31:c2879, 12aca755-ada5-42df-801b-c61f99d8e8b8:c2877, a308b8bf-0324-43a1-a87f-1e10a96e3042:c2877]
2019-08-21 19:24:18,001 | INFO  | SCMAudit | user=jenkins1000 | ip=192.168.69.88 | op=ALLOCATE_BLOCK {owner=a4b1d482-4fe6-4e71-84a6-a95f4ce3f696, size=4194304, type=RATIS, factor=THREE} | ret=SUCCESS |  
2019-08-21 19:24:18,005 | INFO  | OMAudit | user=jenkins1000 | ip=127.0.0.1 | op=ALLOCATE_BLOCK {volume=vol-0-90666, bucket=bucket-0-29336, key=key-0-94354, dataSize=0, replicationType=null, replicationFactor=null, keyLocationInfo=null, clientID=102656601977389458} | ret=SUCCESS |  
2019-08-21 19:24:18,011 | INFO  | DNAudit | user=null | ip=null | op=WRITE_CHUNK {blockData=conID: 2 locID: 102656603455554079 bcsId: 0} | ret=SUCCESS |  
2019-08-21 19:24:18,014 | INFO  | DNAudit | user=null | ip=null | op=WRITE_CHUNK {blockData=conID: 2 locID: 102656603455554079 bcsId: 0} | ret=SUCCESS |  
2019-08-21 19:24:18,015 | INFO  | DNAudit | user=null | ip=null | op=WRITE_CHUNK {blockData=conID: 2 locID: 102656603455554079 bcsId: 0} | ret=SUCCESS |  
2019-08-21 19:24:18,015 | INFO  | DNAudit | user=null | ip=null | op=WRITE_CHUNK {blockData=conID: 2 locID: 102656603455554079 bcsId: 0} | ret=SUCCESS |  
2019-08-21 19:24:18,016 | INFO  | DNAudit | user=null | ip=null | op=WRITE_CHUNK {blockData=conID: 2 locID: 102656603455554079 bcsId: 0} | ret=SUCCESS |  
2019-08-21 19:24:18,017 | INFO  | DNAudit | user=null | ip=null | op=WRITE_CHUNK {blockData=conID: 2 locID: 102656603455554079 bcsId: 0} | ret=SUCCESS |  
2019-08-21 19:24:18,042 | INFO  | DNAudit | user=null | ip=null | op=WRITE_CHUNK {blockData=conID: 2 locID: 102656603455554079 bcsId: 0} | ret=SUCCESS |  
2019-08-21 19:24:18,043 | INFO  | DNAudit | user=null | ip=null | op=PUT_BLOCK {blockData=[blockId=conID: 2 locID: 102656603455554079 bcsId: 0,size=1048576]} | ret=SUCCESS |  
2019-08-21 19:24:18,043 [grpc-default-executor-4] INFO  client.GrpcClientProtocolClient (GrpcClientProtocolClient.java:onNext(255)) - client-DA9582518C67->1df8bd03-73ef-4b9c-8622-5dc9d0e29c31: receive RaftClientReply:client-DA9582518C67->1df8bd03-73ef-4b9c-8622-5dc9d0e29c31@group-F45402591F47, cid=1998, SUCCESS, logIndex=2880, commits[1df8bd03-73ef-4b9c-8622-5dc9d0e29c31:c2881, 12aca755-ada5-42df-801b-c61f99d8e8b8:c2879, a308b8bf-0324-43a1-a87f-1e10a96e3042:c2877]
2019-08-21 19:24:18,044 [grpc-default-executor-4] INFO  client.GrpcClientProtocolClient (GrpcClientProtocolClient.java:onNext(255)) - client-DA9582518C67->1df8bd03-73ef-4b9c-8622-5dc9d0e29c31: receive RaftClientReply:client-DA9582518C67->1df8bd03-73ef-4b9c-8622-5dc9d0e29c31@group-F45402591F47, cid=1999, SUCCESS, logIndex=2881, commits[1df8bd03-73ef-4b9c-8622-5dc9d0e29c31:c2881, 12aca755-ada5-42df-801b-c61f99d8e8b8:c2879, a308b8bf-0324-43a1-a87f-1e10a96e3042:c2877]
2019-08-21 19:24:18,055 | INFO  | DNAudit | user=null | ip=null | op=WRITE_CHUNK {blockData=conID: 2 locID: 102656603455554079 bcsId: 0} | ret=SUCCESS |  
2019-08-21 19:24:18,055 | INFO  | DNAudit | user=null | ip=null | op=PUT_BLOCK {blockData=[blockId=conID: 2 locID: 102656603455554079 bcsId: 0,size=2097152]} | ret=SUCCESS |  
2019-08-21 19:24:18,055 [grpc-default-executor-4] INFO  client.GrpcClientProtocolClient (GrpcClientProtocolClient.java:onNext(255)) - client-DA9582518C67->1df8bd03-73ef-4b9c-8622-5dc9d0e29c31: receive RaftClientReply:client-DA9582518C67->1df8bd03-73ef-4b9c-8622-5dc9d0e29c31@group-F45402591F47, cid=2000, SUCCESS, logIndex=2882, commits[1df8bd03-73ef-4b9c-8622-5dc9d0e29c31:c2883, 12aca755-ada5-42df-801b-c61f99d8e8b8:c2879, a308b8bf-0324-43a1-a87f-1e10a96e3042:c2879]
2019-08-21 19:24:18,056 [grpc-default-executor-4] INFO  client.GrpcClientProtocolClient (GrpcClientProtocolClient.java:onNext(255)) - client-DA9582518C67->1df8bd03-73ef-4b9c-8622-5dc9d0e29c31: receive RaftClientReply:client-DA9582518C67->1df8bd03-73ef-4b9c-8622-5dc9d0e29c31@group-F45402591F47, cid=2001, SUCCESS, logIndex=2883, commits[1df8bd03-73ef-4b9c-8622-5dc9d0e29c31:c2883, 12aca755-ada5-42df-801b-c61f99d8e8b8:c2879, a308b8bf-0324-43a1-a87f-1e10a96e3042:c2879]
2019-08-21 19:24:18,056 | INFO  | DNAudit | user=null | ip=null | op=WRITE_CHUNK {blockData=conID: 2 locID: 102656603455554079 bcsId: 0} | ret=SUCCESS |  
2019-08-21 19:24:18,056 | INFO  | DNAudit | user=null | ip=null | op=PUT_BLOCK {blockData=[blockId=conID: 2 locID: 102656603455554079 bcsId: 0,size=1048576]} | ret=SUCCESS |  
2019-08-21 19:24:18,064 | INFO  | DNAudit | user=null | ip=null | op=WRITE_CHUNK {blockData=conID: 2 locID: 102656603455554079 bcsId: 0} | ret=SUCCESS |  
2019-08-21 19:24:18,064 | INFO  | DNAudit | user=null | ip=null | op=WRITE_CHUNK {blockData=conID: 2 locID: 102656603455554079 bcsId: 0} | ret=SUCCESS |  
2019-08-21 19:24:18,064 | INFO  | DNAudit | user=null | ip=null | op=PUT_BLOCK {blockData=[blockId=conID: 2 locID: 102656603455554079 bcsId: 0,size=1048576]} | ret=SUCCESS |  
2019-08-21 19:24:18,064 | INFO  | DNAudit | user=null | ip=null | op=PUT_BLOCK {blockData=[blockId=conID: 2 locID: 102656603455554079 bcsId: 0,size=2097152]} | ret=SUCCESS |  
2019-08-21 19:24:18,065 [grpc-default-executor-4] INFO  client.GrpcClientProtocolClient (GrpcClientProtocolClient.java:onNext(255)) - client-DA9582518C67->1df8bd03-73ef-4b9c-8622-5dc9d0e29c31: receive RaftClientReply:client-DA9582518C67->1df8bd03-73ef-4b9c-8622-5dc9d0e29c31@group-F45402591F47, cid=2002, SUCCESS, logIndex=0, commits[1df8bd03-73ef-4b9c-8622-5dc9d0e29c31:c2885, 12aca755-ada5-42df-801b-c61f99d8e8b8:c2881, a308b8bf-0324-43a1-a87f-1e10a96e3042:c2881]
2019-08-21 19:24:18,070 | INFO  | DNAudit | user=null | ip=null | op=WRITE_CHUNK {blockData=conID: 2 locID: 102656603455554079 bcsId: 2883} | ret=SUCCESS |  
2019-08-21 19:24:18,072 | INFO  | DNAudit | user=null | ip=null | op=WRITE_CHUNK {blockData=conID: 2 locID: 102656603455554079 bcsId: 2883} | ret=SUCCESS |  
2019-08-21 19:24:18,074 | INFO  | DNAudit | user=null | ip=null | op=WRITE_CHUNK {blockData=conID: 2 locID: 102656603455554079 bcsId: 2883} | ret=SUCCESS |  
2019-08-21 19:24:18,074 | INFO  | DNAudit | user=null | ip=null | op=WRITE_CHUNK {blockData=conID: 2 locID: 102656603455554079 bcsId: 0} | ret=SUCCESS |  
2019-08-21 19:24:18,074 | INFO  | DNAudit | user=null | ip=null | op=PUT_BLOCK {blockData=[blockId=conID: 2 locID: 102656603455554079 bcsId: 0,size=2097152]} | ret=SUCCESS |  
2019-08-21 19:24:18,086 | INFO  | DNAudit | user=null | ip=null | op=WRITE_CHUNK {blockData=conID: 2 locID: 102656603455554079 bcsId: 2883} | ret=SUCCESS |  
2019-08-21 19:24:18,086 | INFO  | DNAudit | user=null | ip=null | op=PUT_BLOCK {blockData=[blockId=conID: 2 locID: 102656603455554079 bcsId: 0,size=3145728]} | ret=SUCCESS |  
2019-08-21 19:24:18,086 [grpc-default-executor-0] INFO  client.GrpcClientProtocolClient (GrpcClientProtocolClient.java:onNext(255)) - client-DA9582518C67->1df8bd03-73ef-4b9c-8622-5dc9d0e29c31: receive RaftClientReply:client-DA9582518C67->1df8bd03-73ef-4b9c-8622-5dc9d0e29c31@group-F45402591F47, cid=2003, SUCCESS, logIndex=2888, commits[1df8bd03-73ef-4b9c-8622-5dc9d0e29c31:c2889, 12aca755-ada5-42df-801b-c61f99d8e8b8:c2887, a308b8bf-0324-43a1-a87f-1e10a96e3042:c2887]
2019-08-21 19:24:18,087 [grpc-default-executor-0] INFO  client.GrpcClientProtocolClient (GrpcClientProtocolClient.java:onNext(255)) - client-DA9582518C67->1df8bd03-73ef-4b9c-8622-5dc9d0e29c31: receive RaftClientReply:client-DA9582518C67->1df8bd03-73ef-4b9c-8622-5dc9d0e29c31@group-F45402591F47, cid=2004, SUCCESS, logIndex=2889, commits[1df8bd03-73ef-4b9c-8622-5dc9d0e29c31:c2889, 12aca755-ada5-42df-801b-c61f99d8e8b8:c2887, a308b8bf-0324-43a1-a87f-1e10a96e3042:c2887]
2019-08-21 19:24:18,089 | INFO  | DNAudit | user=null | ip=null | op=WRITE_CHUNK {blockData=conID: 2 locID: 102656603455554079 bcsId: 2883} | ret=SUCCESS |  
2019-08-21 19:24:18,089 | INFO  | DNAudit | user=null | ip=null | op=WRITE_CHUNK {blockData=conID: 2 locID: 102656603455554079 bcsId: 2883} | ret=SUCCESS |  
2019-08-21 19:24:18,092 | INFO  | DNAudit | user=null | ip=null | op=WRITE_CHUNK {blockData=conID: 2 locID: 102656603455554079 bcsId: 2889} | ret=SUCCESS |  
2019-08-21 19:24:18,094 | INFO  | DNAudit | user=null | ip=null | op=WRITE_CHUNK {blockData=conID: 2 locID: 102656603455554079 bcsId: 2889} | ret=SUCCESS |  
2019-08-21 19:24:18,094 | INFO  | DNAudit | user=null | ip=null | op=WRITE_CHUNK {blockData=conID: 2 locID: 102656603455554079 bcsId: 2889} | ret=SUCCESS |  
2019-08-21 19:24:18,101 | INFO  | DNAudit | user=null | ip=null | op=PUT_BLOCK {blockData=[blockId=conID: 2 locID: 102656603455554079 bcsId: 0,size=3145728]} | ret=SUCCESS |  
2019-08-21 19:24:18,101 | INFO  | DNAudit | user=null | ip=null | op=PUT_BLOCK {blockData=[blockId=conID: 2 locID: 102656603455554079 bcsId: 0,size=3145728]} | ret=SUCCESS |  
2019-08-21 19:24:18,104 | INFO  | DNAudit | user=null | ip=null | op=WRITE_CHUNK {blockData=conID: 2 locID: 102656603455554079 bcsId: 2889} | ret=SUCCESS |  
2019-08-21 19:24:18,104 | INFO  | DNAudit | user=null | ip=null | op=PUT_BLOCK {blockData=[blockId=conID: 2 locID: 102656603455554079 bcsId: 0,size=4194304]} | ret=SUCCESS |  
2019-08-21 19:24:18,104 [grpc-default-executor-2] INFO  client.GrpcClientProtocolClient (GrpcClientProtocolClient.java:onNext(255)) - client-DA9582518C67->1df8bd03-73ef-4b9c-8622-5dc9d0e29c31: receive RaftClientReply:client-DA9582518C67->1df8bd03-73ef-4b9c-8622-5dc9d0e29c31@group-F45402591F47, cid=2005, SUCCESS, logIndex=2892, commits[1df8bd03-73ef-4b9c-8622-5dc9d0e29c31:c2893, 12aca755-ada5-42df-801b-c61f99d8e8b8:c2890, a308b8bf-0324-43a1-a87f-1e10a96e3042:c2890]
2019-08-21 19:24:18,105 [grpc-default-executor-2] INFO  client.GrpcClientProtocolClient (GrpcClientProtocolClient.java:onNext(255)) - client-DA9582518C67->1df8bd03-73ef-4b9c-8622-5dc9d0e29c31: receive RaftClientReply:client-DA9582518C67->1df8bd03-73ef-4b9c-8622-5dc9d0e29c31@group-F45402591F47, cid=2006, SUCCESS, logIndex=2893, commits[1df8bd03-73ef-4b9c-8622-5dc9d0e29c31:c2893, 12aca755-ada5-42df-801b-c61f99d8e8b8:c2890, a308b8bf-0324-43a1-a87f-1e10a96e3042:c2890]
2019-08-21 19:24:18,115 | INFO  | DNAudit | user=null | ip=null | op=WRITE_CHUNK {blockData=conID: 2 locID: 102656603455554079 bcsId: 2889} | ret=SUCCESS |  
2019-08-21 19:24:18,115 | INFO  | DNAudit | user=null | ip=null | op=WRITE_CHUNK {blockData=conID: 2 locID: 102656603455554079 bcsId: 2889} | ret=SUCCESS |  
2019-08-21 19:24:18,118 | INFO  | DNAudit | user=null | ip=null | op=PUT_BLOCK {blockData=[blockId=conID: 2 locID: 102656603455554079 bcsId: 0,size=4194304]} | ret=SUCCESS |  
2019-08-21 19:24:18,118 | INFO  | DNAudit | user=null | ip=null | op=PUT_BLOCK {blockData=[blockId=conID: 2 locID: 102656603455554079 bcsId: 0,size=4194304]} | ret=SUCCESS |  
2019-08-21 19:24:18,118 [grpc-default-executor-2] INFO  client.GrpcClientProtocolClient (GrpcClientProtocolClient.java:onNext(255)) - client-DA9582518C67->1df8bd03-73ef-4b9c-8622-5dc9d0e29c31: receive RaftClientReply:client-DA9582518C67->1df8bd03-73ef-4b9c-8622-5dc9d0e29c31@group-F45402591F47, cid=2007, SUCCESS, logIndex=0, commits[1df8bd03-73ef-4b9c-8622-5dc9d0e29c31:c2895, 12aca755-ada5-42df-801b-c61f99d8e8b8:c2893, a308b8bf-0324-43a1-a87f-1e10a96e3042:c2893]
2019-08-21 19:24:18,122 | INFO  | SCMAudit | user=jenkins1000 | ip=192.168.69.88 | op=ALLOCATE_BLOCK {owner=a4b1d482-4fe6-4e71-84a6-a95f4ce3f696, size=4194304, type=RATIS, factor=THREE} | ret=SUCCESS |  
2019-08-21 19:24:18,124 | INFO  | OMAudit | user=jenkins1000 | ip=127.0.0.1 | op=ALLOCATE_BLOCK {volume=vol-0-90666, bucket=bucket-0-29336, key=key-0-94354, dataSize=0, replicationType=null, replicationFactor=null, keyLocationInfo=null, clientID=102656601977389458} | ret=SUCCESS |  
2019-08-21 19:24:18,129 | INFO  | DNAudit | user=null | ip=null | op=WRITE_CHUNK {blockData=conID: 3 locID: 102656603463483936 bcsId: 0} | ret=SUCCESS |  
2019-08-21 19:24:18,132 | INFO  | DNAudit | user=null | ip=null | op=WRITE_CHUNK {blockData=conID: 3 locID: 102656603463483936 bcsId: 0} | ret=SUCCESS |  
2019-08-21 19:24:18,267 | INFO  | DNAudit | user=null | ip=null | op=WRITE_CHUNK {blockData=conID: 3 locID: 102656603463483936 bcsId: 0} | ret=SUCCESS |  
2019-08-21 19:24:18,268 | INFO  | SCMAudit | user=jenkins1000 | ip=192.168.69.88 | op=SEND_HEARTBEAT {datanodeUUID=cfaf9666-ca64-459e-bd34-ff7c349f752a, command=[]} | ret=SUCCESS |  
2019-08-21 19:24:18,269 | INFO  | DNAudit | user=null | ip=null | op=WRITE_CHUNK {blockData=conID: 3 locID: 102656603463483936 bcsId: 0} | ret=SUCCESS |  
2019-08-21 19:24:18,269 | INFO  | DNAudit | user=null | ip=null | op=WRITE_CHUNK {blockData=conID: 3 locID: 102656603463483936 bcsId: 0} | ret=SUCCESS |  
2019-08-21 19:24:18,271 | INFO  | DNAudit | user=null | ip=null | op=WRITE_CHUNK {blockData=conID: 3 locID: 102656603463483936 bcsId: 0} | ret=SUCCESS |  
2019-08-21 19:24:18,279 | INFO  | DNAudit | user=null | ip=null | op=WRITE_CHUNK {blockData=conID: 3 locID: 102656603463483936 bcsId: 0} | ret=SUCCESS |  
2019-08-21 19:24:18,280 | INFO  | DNAudit | user=null | ip=null | op=PUT_BLOCK {blockData=[blockId=conID: 3 locID: 102656603463483936 bcsId: 0,size=1048576]} | ret=SUCCESS |  
2019-08-21 19:24:18,280 [grpc-default-executor-2] INFO  client.GrpcClientProtocolClient (GrpcClientProtocolClient.java:onNext(255)) - client-DA9582518C67->1df8bd03-73ef-4b9c-8622-5dc9d0e29c31: receive RaftClientReply:client-DA9582518C67->1df8bd03-73ef-4b9c-8622-5dc9d0e29c31@group-F45402591F47, cid=2008, SUCCESS, logIndex=2896, commits[1df8bd03-73ef-4b9c-8622-5dc9d0e29c31:c2899, 12aca755-ada5-42df-801b-c61f99d8e8b8:c2895, a308b8bf-0324-43a1-a87f-1e10a96e3042:c2895]
2019-08-21 19:24:18,281 | INFO  | DNAudit | user=null | ip=null | op=WRITE_CHUNK {blockData=conID: 3 locID: 102656603463483936 bcsId: 0} | ret=SUCCESS |  
2019-08-21 19:24:18,281 [grpc-default-executor-2] INFO  client.GrpcClientProtocolClient (GrpcClientProtocolClient.java:onNext(255)) - client-DA9582518C67->1df8bd03-73ef-4b9c-8622-5dc9d0e29c31: receive RaftClientReply:client-DA9582518C67->1df8bd03-73ef-4b9c-8622-5dc9d0e29c31@group-F45402591F47, cid=2009, SUCCESS, logIndex=2897, commits[1df8bd03-73ef-4b9c-8622-5dc9d0e29c31:c2899, 12aca755-ada5-42df-801b-c61f99d8e8b8:c2895, a308b8bf-0324-43a1-a87f-1e10a96e3042:c2895]
2019-08-21 19:24:18,281 | INFO  | DNAudit | user=null | ip=null | op=PUT_BLOCK {blockData=[blockId=conID: 3 locID: 102656603463483936 bcsId: 0,size=2097152]} | ret=SUCCESS |  
2019-08-21 19:24:18,281 [grpc-default-executor-2] INFO  client.GrpcClientProtocolClient (GrpcClientProtocolClient.java:onNext(255)) - client-DA9582518C67->1df8bd03-73ef-4b9c-8622-5dc9d0e29c31: receive RaftClientReply:client-DA9582518C67->1df8bd03-73ef-4b9c-8622-5dc9d0e29c31@group-F45402591F47, cid=2010, SUCCESS, logIndex=2898, commits[1df8bd03-73ef-4b9c-8622-5dc9d0e29c31:c2899, 12aca755-ada5-42df-801b-c61f99d8e8b8:c2895, a308b8bf-0324-43a1-a87f-1e10a96e3042:c2895]
2019-08-21 19:24:18,281 [grpc-default-executor-2] INFO  client.GrpcClientProtocolClient (GrpcClientProtocolClient.java:onNext(255)) - client-DA9582518C67->1df8bd03-73ef-4b9c-8622-5dc9d0e29c31: receive RaftClientReply:client-DA9582518C67->1df8bd03-73ef-4b9c-8622-5dc9d0e29c31@group-F45402591F47, cid=2011, SUCCESS, logIndex=2899, commits[1df8bd03-73ef-4b9c-8622-5dc9d0e29c31:c2899, 12aca755-ada5-42df-801b-c61f99d8e8b8:c2895, a308b8bf-0324-43a1-a87f-1e10a96e3042:c2895]
2019-08-21 19:24:18,293 | INFO  | DNAudit | user=null | ip=null | op=WRITE_CHUNK {blockData=conID: 3 locID: 102656603463483936 bcsId: 0} | ret=SUCCESS |  
2019-08-21 19:24:18,294 | INFO  | DNAudit | user=null | ip=null | op=WRITE_CHUNK {blockData=conID: 3 locID: 102656603463483936 bcsId: 0} | ret=SUCCESS |  
2019-08-21 19:24:18,294 | INFO  | DNAudit | user=null | ip=null | op=PUT_BLOCK {blockData=[blockId=conID: 3 locID: 102656603463483936 bcsId: 0,size=1048576]} | ret=SUCCESS |  
2019-08-21 19:24:18,294 | INFO  | DNAudit | user=null | ip=null | op=PUT_BLOCK {blockData=[blockId=conID: 3 locID: 102656603463483936 bcsId: 0,size=1048576]} | ret=SUCCESS |  
2019-08-21 19:24:18,295 | INFO  | DNAudit | user=null | ip=null | op=WRITE_CHUNK {blockData=conID: 3 locID: 102656603463483936 bcsId: 0} | ret=SUCCESS |  
2019-08-21 19:24:18,294 [grpc-default-executor-2] INFO  client.GrpcClientProtocolClient (GrpcClientProtocolClient.java:onNext(255)) - client-DA9582518C67->1df8bd03-73ef-4b9c-8622-5dc9d0e29c31: receive RaftClientReply:client-DA9582518C67->1df8bd03-73ef-4b9c-8622-5dc9d0e29c31@group-F45402591F47, cid=2012, SUCCESS, logIndex=0, commits[1df8bd03-73ef-4b9c-8622-5dc9d0e29c31:c2901, 12aca755-ada5-42df-801b-c61f99d8e8b8:c2897, a308b8bf-0324-43a1-a87f-1e10a96e3042:c2897]
2019-08-21 19:24:18,295 | INFO  | DNAudit | user=null | ip=null | op=PUT_BLOCK {blockData=[blockId=conID: 3 locID: 102656603463483936 bcsId: 0,size=2097152]} | ret=SUCCESS |  
2019-08-21 19:24:18,302 | INFO  | DNAudit | user=null | ip=null | op=WRITE_CHUNK {blockData=conID: 3 locID: 102656603463483936 bcsId: 2899} | ret=SUCCESS |  
2019-08-21 19:24:18,303 | INFO  | DNAudit | user=null | ip=null | op=WRITE_CHUNK {blockData=conID: 3 locID: 102656603463483936 bcsId: 0} | ret=SUCCESS |  
2019-08-21 19:24:18,304 | INFO  | DNAudit | user=null | ip=null | op=PUT_BLOCK {blockData=[blockId=conID: 3 locID: 102656603463483936 bcsId: 0,size=2097152]} | ret=SUCCESS |  
2019-08-21 19:24:18,304 | INFO  | DNAudit | user=null | ip=null | op=WRITE_CHUNK {blockData=conID: 3 locID: 102656603463483936 bcsId: 2899} | ret=SUCCESS |  
2019-08-21 19:24:18,305 | INFO  | DNAudit | user=null | ip=null | op=WRITE_CHUNK {blockData=conID: 3 locID: 102656603463483936 bcsId: 2899} | ret=SUCCESS |  
2019-08-21 19:24:18,317 | INFO  | DNAudit | user=null | ip=null | op=WRITE_CHUNK {blockData=conID: 3 locID: 102656603463483936 bcsId: 2899} | ret=SUCCESS |  
2019-08-21 19:24:18,317 | INFO  | DNAudit | user=null | ip=null | op=PUT_BLOCK {blockData=[blockId=conID: 3 locID: 102656603463483936 bcsId: 0,size=3145728]} | ret=SUCCESS |  
2019-08-21 19:24:18,317 [grpc-default-executor-4] INFO  client.GrpcClientProtocolClient (GrpcClientProtocolClient.java:onNext(255)) - client-DA9582518C67->1df8bd03-73ef-4b9c-8622-5dc9d0e29c31: receive RaftClientReply:client-DA9582518C67->1df8bd03-73ef-4b9c-8622-5dc9d0e29c31@group-F45402591F47, cid=2013, SUCCESS, logIndex=2904, commits[1df8bd03-73ef-4b9c-8622-5dc9d0e29c31:c2905, 12aca755-ada5-42df-801b-c61f99d8e8b8:c2903, a308b8bf-0324-43a1-a87f-1e10a96e3042:c2903]
2019-08-21 19:24:18,318 [grpc-default-executor-4] INFO  client.GrpcClientProtocolClient (GrpcClientProtocolClient.java:onNext(255)) - client-DA9582518C67->1df8bd03-73ef-4b9c-8622-5dc9d0e29c31: receive RaftClientReply:client-DA9582518C67->1df8bd03-73ef-4b9c-8622-5dc9d0e29c31@group-F45402591F47, cid=2014, SUCCESS, logIndex=2905, commits[1df8bd03-73ef-4b9c-8622-5dc9d0e29c31:c2905, 12aca755-ada5-42df-801b-c61f99d8e8b8:c2903, a308b8bf-0324-43a1-a87f-1e10a96e3042:c2903]
2019-08-21 19:24:18,325 | INFO  | DNAudit | user=null | ip=null | op=WRITE_CHUNK {blockData=conID: 3 locID: 102656603463483936 bcsId: 2905} | ret=SUCCESS |  
2019-08-21 19:24:18,327 | INFO  | DNAudit | user=null | ip=null | op=WRITE_CHUNK {blockData=conID: 3 locID: 102656603463483936 bcsId: 2905} | ret=SUCCESS |  
2019-08-21 19:24:18,327 | INFO  | DNAudit | user=null | ip=null | op=WRITE_CHUNK {blockData=conID: 3 locID: 102656603463483936 bcsId: 2905} | ret=SUCCESS |  
2019-08-21 19:24:18,328 | INFO  | DNAudit | user=null | ip=null | op=WRITE_CHUNK {blockData=conID: 3 locID: 102656603463483936 bcsId: 2899} | ret=SUCCESS |  
2019-08-21 19:24:18,328 | INFO  | DNAudit | user=null | ip=null | op=WRITE_CHUNK {blockData=conID: 3 locID: 102656603463483936 bcsId: 2899} | ret=SUCCESS |  
2019-08-21 19:24:18,331 | INFO  | DNAudit | user=null | ip=null | op=PUT_BLOCK {blockData=[blockId=conID: 3 locID: 102656603463483936 bcsId: 0,size=3145728]} | ret=SUCCESS |  
2019-08-21 19:24:18,331 | INFO  | DNAudit | user=null | ip=null | op=PUT_BLOCK {blockData=[blockId=conID: 3 locID: 102656603463483936 bcsId: 0,size=3145728]} | ret=SUCCESS |  
2019-08-21 19:24:18,332 | INFO  | DNAudit | user=null | ip=null | op=WRITE_CHUNK {blockData=conID: 3 locID: 102656603463483936 bcsId: 2905} | ret=SUCCESS |  
2019-08-21 19:24:18,332 | INFO  | DNAudit | user=null | ip=null | op=PUT_BLOCK {blockData=[blockId=conID: 3 locID: 102656603463483936 bcsId: 0,size=4194304]} | ret=SUCCESS |  
2019-08-21 19:24:18,332 [grpc-default-executor-4] INFO  client.GrpcClientProtocolClient (GrpcClientProtocolClient.java:onNext(255)) - client-DA9582518C67->1df8bd03-73ef-4b9c-8622-5dc9d0e29c31: receive RaftClientReply:client-DA9582518C67->1df8bd03-73ef-4b9c-8622-5dc9d0e29c31@group-F45402591F47, cid=2015, SUCCESS, logIndex=2908, commits[1df8bd03-73ef-4b9c-8622-5dc9d0e29c31:c2909, 12aca755-ada5-42df-801b-c61f99d8e8b8:c2905, a308b8bf-0324-43a1-a87f-1e10a96e3042:c2905]
2019-08-21 19:24:18,333 [grpc-default-executor-4] INFO  client.GrpcClientProtocolClient (GrpcClientProtocolClient.java:onNext(255)) - client-DA9582518C67->1df8bd03-73ef-4b9c-8622-5dc9d0e29c31: receive RaftClientReply:client-DA9582518C67->1df8bd03-73ef-4b9c-8622-5dc9d0e29c31@group-F45402591F47, cid=2016, SUCCESS, logIndex=2909, commits[1df8bd03-73ef-4b9c-8622-5dc9d0e29c31:c2909, 12aca755-ada5-42df-801b-c61f99d8e8b8:c2905, a308b8bf-0324-43a1-a87f-1e10a96e3042:c2905]
2019-08-21 19:24:18,339 | INFO  | DNAudit | user=null | ip=null | op=WRITE_CHUNK {blockData=conID: 3 locID: 102656603463483936 bcsId: 2905} | ret=SUCCESS |  
2019-08-21 19:24:18,339 | INFO  | DNAudit | user=null | ip=null | op=WRITE_CHUNK {blockData=conID: 3 locID: 102656603463483936 bcsId: 2905} | ret=SUCCESS |  
2019-08-21 19:24:18,339 | INFO  | DNAudit | user=null | ip=null | op=PUT_BLOCK {blockData=[blockId=conID: 3 locID: 102656603463483936 bcsId: 0,size=4194304]} | ret=SUCCESS |  
2019-08-21 19:24:18,339 | INFO  | DNAudit | user=null | ip=null | op=PUT_BLOCK {blockData=[blockId=conID: 3 locID: 102656603463483936 bcsId: 0,size=4194304]} | ret=SUCCESS |  
2019-08-21 19:24:18,339 [grpc-default-executor-2] INFO  client.GrpcClientProtocolClient (GrpcClientProtocolClient.java:onNext(255)) - client-DA9582518C67->1df8bd03-73ef-4b9c-8622-5dc9d0e29c31: receive RaftClientReply:client-DA9582518C67->1df8bd03-73ef-4b9c-8622-5dc9d0e29c31@group-F45402591F47, cid=2017, SUCCESS, logIndex=0, commits[1df8bd03-73ef-4b9c-8622-5dc9d0e29c31:c2909, 12aca755-ada5-42df-801b-c61f99d8e8b8:c2909, a308b8bf-0324-43a1-a87f-1e10a96e3042:c2909]
2019-08-21 19:24:18,345 | INFO  | SCMAudit | user=jenkins1000 | ip=192.168.69.88 | op=ALLOCATE_BLOCK {owner=a4b1d482-4fe6-4e71-84a6-a95f4ce3f696, size=4194304, type=RATIS, factor=THREE} | ret=SUCCESS |  
2019-08-21 19:24:18,348 | INFO  | OMAudit | user=jenkins1000 | ip=127.0.0.1 | op=ALLOCATE_BLOCK {volume=vol-0-90666, bucket=bucket-0-29336, key=key-0-94354, dataSize=0, replicationType=null, replicationFactor=null, keyLocationInfo=null, clientID=102656601977389458} | ret=SUCCESS |  
2019-08-21 19:24:18,355 | INFO  | DNAudit | user=null | ip=null | op=WRITE_CHUNK {blockData=conID: 1 locID: 102656603478098465 bcsId: 0} | ret=SUCCESS |  
2019-08-21 19:24:18,358 | INFO  | DNAudit | user=null | ip=null | op=WRITE_CHUNK {blockData=conID: 1 locID: 102656603478098465 bcsId: 0} | ret=SUCCESS |  
2019-08-21 19:24:18,359 | INFO  | DNAudit | user=null | ip=null | op=WRITE_CHUNK {blockData=conID: 1 locID: 102656603478098465 bcsId: 0} | ret=SUCCESS |  
2019-08-21 19:24:18,359 | INFO  | DNAudit | user=null | ip=null | op=WRITE_CHUNK {blockData=conID: 1 locID: 102656603478098465 bcsId: 0} | ret=SUCCESS |  
2019-08-21 19:24:18,360 | INFO  | DNAudit | user=null | ip=null | op=WRITE_CHUNK {blockData=conID: 1 locID: 102656603478098465 bcsId: 0} | ret=SUCCESS |  
2019-08-21 19:24:18,360 | INFO  | DNAudit | user=null | ip=null | op=WRITE_CHUNK {blockData=conID: 1 locID: 102656603478098465 bcsId: 0} | ret=SUCCESS |  
2019-08-21 19:24:18,362 | INFO  | DNAudit | user=null | ip=null | op=WRITE_CHUNK {blockData=conID: 1 locID: 102656603478098465 bcsId: 0} | ret=SUCCESS |  
2019-08-21 19:24:18,362 | INFO  | DNAudit | user=null | ip=null | op=PUT_BLOCK {blockData=[blockId=conID: 1 locID: 102656603478098465 bcsId: 0,size=1048576]} | ret=SUCCESS |  
2019-08-21 19:24:18,363 [grpc-default-executor-0] INFO  client.GrpcClientProtocolClient (GrpcClientProtocolClient.java:onNext(255)) - client-DA9582518C67->1df8bd03-73ef-4b9c-8622-5dc9d0e29c31: receive RaftClientReply:client-DA9582518C67->1df8bd03-73ef-4b9c-8622-5dc9d0e29c31@group-F45402591F47, cid=2018, SUCCESS, logIndex=2912, commits[1df8bd03-73ef-4b9c-8622-5dc9d0e29c31:c2915, 12aca755-ada5-42df-801b-c61f99d8e8b8:c2911, a308b8bf-0324-43a1-a87f-1e10a96e3042:c2911]
2019-08-21 19:24:18,363 | INFO  | DNAudit | user=null | ip=null | op=WRITE_CHUNK {blockData=conID: 1 locID: 102656603478098465 bcsId: 0} | ret=SUCCESS |  
2019-08-21 19:24:18,363 [grpc-default-executor-0] INFO  client.GrpcClientProtocolClient (GrpcClientProtocolClient.java:onNext(255)) - client-DA9582518C67->1df8bd03-73ef-4b9c-8622-5dc9d0e29c31: receive RaftClientReply:client-DA9582518C67->1df8bd03-73ef-4b9c-8622-5dc9d0e29c31@group-F45402591F47, cid=2019, SUCCESS, logIndex=2913, commits[1df8bd03-73ef-4b9c-8622-5dc9d0e29c31:c2915, 12aca755-ada5-42df-801b-c61f99d8e8b8:c2911, a308b8bf-0324-43a1-a87f-1e10a96e3042:c2911]
2019-08-21 19:24:18,363 | INFO  | DNAudit | user=null | ip=null | op=PUT_BLOCK {blockData=[blockId=conID: 1 locID: 102656603478098465 bcsId: 0,size=2097152]} | ret=SUCCESS |  
2019-08-21 19:24:18,363 [grpc-default-executor-0] INFO  client.GrpcClientProtocolClient (GrpcClientProtocolClient.java:onNext(255)) - client-DA9582518C67->1df8bd03-73ef-4b9c-8622-5dc9d0e29c31: receive RaftClientReply:client-DA9582518C67->1df8bd03-73ef-4b9c-8622-5dc9d0e29c31@group-F45402591F47, cid=2020, SUCCESS, logIndex=2914, commits[1df8bd03-73ef-4b9c-8622-5dc9d0e29c31:c2915, 12aca755-ada5-42df-801b-c61f99d8e8b8:c2911, a308b8bf-0324-43a1-a87f-1e10a96e3042:c2911]
2019-08-21 19:24:18,363 [grpc-default-executor-0] INFO  client.GrpcClientProtocolClient (GrpcClientProtocolClient.java:onNext(255)) - client-DA9582518C67->1df8bd03-73ef-4b9c-8622-5dc9d0e29c31: receive RaftClientReply:client-DA9582518C67->1df8bd03-73ef-4b9c-8622-5dc9d0e29c31@group-F45402591F47, cid=2021, SUCCESS, logIndex=2915, commits[1df8bd03-73ef-4b9c-8622-5dc9d0e29c31:c2915, 12aca755-ada5-42df-801b-c61f99d8e8b8:c2911, a308b8bf-0324-43a1-a87f-1e10a96e3042:c2911]
2019-08-21 19:24:18,365 | INFO  | DNAudit | user=null | ip=null | op=WRITE_CHUNK {blockData=conID: 1 locID: 102656603478098465 bcsId: 0} | ret=SUCCESS |  
2019-08-21 19:24:18,365 | INFO  | DNAudit | user=null | ip=null | op=PUT_BLOCK {blockData=[blockId=conID: 1 locID: 102656603478098465 bcsId: 0,size=1048576]} | ret=SUCCESS |  
2019-08-21 19:24:18,376 | INFO  | DNAudit | user=null | ip=null | op=WRITE_CHUNK {blockData=conID: 1 locID: 102656603478098465 bcsId: 0} | ret=SUCCESS |  
2019-08-21 19:24:18,377 | INFO  | DNAudit | user=null | ip=null | op=PUT_BLOCK {blockData=[blockId=conID: 1 locID: 102656603478098465 bcsId: 0,size=1048576]} | ret=SUCCESS |  
2019-08-21 19:24:18,377 | INFO  | DNAudit | user=null | ip=null | op=WRITE_CHUNK {blockData=conID: 1 locID: 102656603478098465 bcsId: 0} | ret=SUCCESS |  
2019-08-21 19:24:18,377 [grpc-default-executor-0] INFO  client.GrpcClientProtocolClient (GrpcClientProtocolClient.java:onNext(255)) - client-DA9582518C67->1df8bd03-73ef-4b9c-8622-5dc9d0e29c31: receive RaftClientReply:client-DA9582518C67->1df8bd03-73ef-4b9c-8622-5dc9d0e29c31@group-F45402591F47, cid=2022, SUCCESS, logIndex=0, commits[1df8bd03-73ef-4b9c-8622-5dc9d0e29c31:c2916, 12aca755-ada5-42df-801b-c61f99d8e8b8:c2913, a308b8bf-0324-43a1-a87f-1e10a96e3042:c2913]
2019-08-21 19:24:18,377 | INFO  | DNAudit | user=null | ip=null | op=PUT_BLOCK {blockData=[blockId=conID: 1 locID: 102656603478098465 bcsId: 0,size=2097152]} | ret=SUCCESS |  
2019-08-21 19:24:18,379 | INFO  | DNAudit | user=null | ip=null | op=WRITE_CHUNK {blockData=conID: 1 locID: 102656603478098465 bcsId: 0} | ret=SUCCESS |  
2019-08-21 19:24:18,379 | INFO  | DNAudit | user=null | ip=null | op=PUT_BLOCK {blockData=[blockId=conID: 1 locID: 102656603478098465 bcsId: 0,size=2097152]} | ret=SUCCESS |  
2019-08-21 19:24:18,382 | INFO  | DNAudit | user=null | ip=null | op=WRITE_CHUNK {blockData=conID: 1 locID: 102656603478098465 bcsId: 2915} | ret=SUCCESS |  
2019-08-21 19:24:18,385 | INFO  | DNAudit | user=null | ip=null | op=WRITE_CHUNK {blockData=conID: 1 locID: 102656603478098465 bcsId: 2915} | ret=SUCCESS |  
2019-08-21 19:24:18,385 | INFO  | DNAudit | user=null | ip=null | op=WRITE_CHUNK {blockData=conID: 1 locID: 102656603478098465 bcsId: 2915} | ret=SUCCESS |  
2019-08-21 19:24:18,398 | INFO  | DNAudit | user=null | ip=null | op=WRITE_CHUNK {blockData=conID: 1 locID: 102656603478098465 bcsId: 2915} | ret=SUCCESS |  
2019-08-21 19:24:18,398 | INFO  | DNAudit | user=null | ip=null | op=PUT_BLOCK {blockData=[blockId=conID: 1 locID: 102656603478098465 bcsId: 0,size=3145728]} | ret=SUCCESS |  
2019-08-21 19:24:18,399 [grpc-default-executor-0] INFO  client.GrpcClientProtocolClient (GrpcClientProtocolClient.java:onNext(255)) - client-DA9582518C67->1df8bd03-73ef-4b9c-8622-5dc9d0e29c31: receive RaftClientReply:client-DA9582518C67->1df8bd03-73ef-4b9c-8622-5dc9d0e29c31@group-F45402591F47, cid=2023, SUCCESS, logIndex=2920, commits[1df8bd03-73ef-4b9c-8622-5dc9d0e29c31:c2921, 12aca755-ada5-42df-801b-c61f99d8e8b8:c2919, a308b8bf-0324-43a1-a87f-1e10a96e3042:c2919]
2019-08-21 19:24:18,399 [grpc-default-executor-0] INFO  client.GrpcClientProtocolClient (GrpcClientProtocolClient.java:onNext(255)) - client-DA9582518C67->1df8bd03-73ef-4b9c-8622-5dc9d0e29c31: receive RaftClientReply:client-DA9582518C67->1df8bd03-73ef-4b9c-8622-5dc9d0e29c31@group-F45402591F47, cid=2024, SUCCESS, logIndex=2921, commits[1df8bd03-73ef-4b9c-8622-5dc9d0e29c31:c2921, 12aca755-ada5-42df-801b-c61f99d8e8b8:c2919, a308b8bf-0324-43a1-a87f-1e10a96e3042:c2919]
2019-08-21 19:24:18,405 | INFO  | DNAudit | user=null | ip=null | op=WRITE_CHUNK {blockData=conID: 1 locID: 102656603478098465 bcsId: 2921} | ret=SUCCESS |  
2019-08-21 19:24:18,407 | INFO  | DNAudit | user=null | ip=null | op=WRITE_CHUNK {blockData=conID: 1 locID: 102656603478098465 bcsId: 2921} | ret=SUCCESS |  
2019-08-21 19:24:18,407 | INFO  | DNAudit | user=null | ip=null | op=WRITE_CHUNK {blockData=conID: 1 locID: 102656603478098465 bcsId: 2921} | ret=SUCCESS |  
2019-08-21 19:24:18,408 | INFO  | DNAudit | user=null | ip=null | op=WRITE_CHUNK {blockData=conID: 1 locID: 102656603478098465 bcsId: 2915} | ret=SUCCESS |  
2019-08-21 19:24:18,408 | INFO  | DNAudit | user=null | ip=null | op=WRITE_CHUNK {blockData=conID: 1 locID: 102656603478098465 bcsId: 2915} | ret=SUCCESS |  
2019-08-21 19:24:18,421 | INFO  | DNAudit | user=null | ip=null | op=PUT_BLOCK {blockData=[blockId=conID: 1 locID: 102656603478098465 bcsId: 0,size=3145728]} | ret=SUCCESS |  
2019-08-21 19:24:18,421 | INFO  | DNAudit | user=null | ip=null | op=PUT_BLOCK {blockData=[blockId=conID: 1 locID: 102656603478098465 bcsId: 0,size=3145728]} | ret=SUCCESS |  
2019-08-21 19:24:18,421 | INFO  | DNAudit | user=null | ip=null | op=WRITE_CHUNK {blockData=conID: 1 locID: 102656603478098465 bcsId: 2921} | ret=SUCCESS |  
2019-08-21 19:24:18,422 | INFO  | DNAudit | user=null | ip=null | op=PUT_BLOCK {blockData=[blockId=conID: 1 locID: 102656603478098465 bcsId: 0,size=4194304]} | ret=SUCCESS |  
2019-08-21 19:24:18,422 [grpc-default-executor-4] INFO  client.GrpcClientProtocolClient (GrpcClientProtocolClient.java:onNext(255)) - client-DA9582518C67->1df8bd03-73ef-4b9c-8622-5dc9d0e29c31: receive RaftClientReply:client-DA9582518C67->1df8bd03-73ef-4b9c-8622-5dc9d0e29c31@group-F45402591F47, cid=2025, SUCCESS, logIndex=2924, commits[1df8bd03-73ef-4b9c-8622-5dc9d0e29c31:c2925, 12aca755-ada5-42df-801b-c61f99d8e8b8:c2921, a308b8bf-0324-43a1-a87f-1e10a96e3042:c2921]
2019-08-21 19:24:18,422 [grpc-default-executor-4] INFO  client.GrpcClientProtocolClient (GrpcClientProtocolClient.java:onNext(255)) - client-DA9582518C67->1df8bd03-73ef-4b9c-8622-5dc9d0e29c31: receive RaftClientReply:client-DA9582518C67->1df8bd03-73ef-4b9c-8622-5dc9d0e29c31@group-F45402591F47, cid=2026, SUCCESS, logIndex=2925, commits[1df8bd03-73ef-4b9c-8622-5dc9d0e29c31:c2925, 12aca755-ada5-42df-801b-c61f99d8e8b8:c2921, a308b8bf-0324-43a1-a87f-1e10a96e3042:c2921]
2019-08-21 19:24:18,438 | INFO  | DNAudit | user=null | ip=null | op=WRITE_CHUNK {blockData=conID: 1 locID: 102656603478098465 bcsId: 2921} | ret=SUCCESS |  
2019-08-21 19:24:18,438 | INFO  | DNAudit | user=null | ip=null | op=WRITE_CHUNK {blockData=conID: 1 locID: 102656603478098465 bcsId: 2921} | ret=SUCCESS |  
2019-08-21 19:24:18,440 | INFO  | DNAudit | user=null | ip=null | op=PUT_BLOCK {blockData=[blockId=conID: 1 locID: 102656603478098465 bcsId: 0,size=4194304]} | ret=SUCCESS |  
2019-08-21 19:24:18,440 | INFO  | DNAudit | user=null | ip=null | op=PUT_BLOCK {blockData=[blockId=conID: 1 locID: 102656603478098465 bcsId: 0,size=4194304]} | ret=SUCCESS |  
2019-08-21 19:24:18,441 [grpc-default-executor-4] INFO  client.GrpcClientProtocolClient (GrpcClientProtocolClient.java:onNext(255)) - client-DA9582518C67->1df8bd03-73ef-4b9c-8622-5dc9d0e29c31: receive RaftClientReply:client-DA9582518C67->1df8bd03-73ef-4b9c-8622-5dc9d0e29c31@group-F45402591F47, cid=2027, SUCCESS, logIndex=0, commits[1df8bd03-73ef-4b9c-8622-5dc9d0e29c31:c2927, 12aca755-ada5-42df-801b-c61f99d8e8b8:c2925, a308b8bf-0324-43a1-a87f-1e10a96e3042:c2925]
2019-08-21 19:24:18,445 | INFO  | SCMAudit | user=jenkins1000 | ip=192.168.69.88 | op=ALLOCATE_BLOCK {owner=a4b1d482-4fe6-4e71-84a6-a95f4ce3f696, size=4194304, type=RATIS, factor=THREE} | ret=SUCCESS |  
2019-08-21 19:24:18,448 | INFO  | OMAudit | user=jenkins1000 | ip=127.0.0.1 | op=ALLOCATE_BLOCK {volume=vol-0-90666, bucket=bucket-0-29336, key=key-0-94354, dataSize=0, replicationType=null, replicationFactor=null, keyLocationInfo=null, clientID=102656601977389458} | ret=SUCCESS |  
2019-08-21 19:24:18,454 | INFO  | DNAudit | user=null | ip=null | op=WRITE_CHUNK {blockData=conID: 2 locID: 102656603484652066 bcsId: 0} | ret=SUCCESS |  
2019-08-21 19:24:18,457 | INFO  | DNAudit | user=null | ip=null | op=WRITE_CHUNK {blockData=conID: 2 locID: 102656603484652066 bcsId: 0} | ret=SUCCESS |  
2019-08-21 19:24:18,457 | INFO  | DNAudit | user=null | ip=null | op=WRITE_CHUNK {blockData=conID: 2 locID: 102656603484652066 bcsId: 0} | ret=SUCCESS |  
2019-08-21 19:24:18,458 | INFO  | DNAudit | user=null | ip=null | op=WRITE_CHUNK {blockData=conID: 2 locID: 102656603484652066 bcsId: 0} | ret=SUCCESS |  
2019-08-21 19:24:18,460 | INFO  | DNAudit | user=null | ip=null | op=WRITE_CHUNK {blockData=conID: 2 locID: 102656603484652066 bcsId: 0} | ret=SUCCESS |  
2019-08-21 19:24:18,461 | INFO  | DNAudit | user=null | ip=null | op=WRITE_CHUNK {blockData=conID: 2 locID: 102656603484652066 bcsId: 0} | ret=SUCCESS |  
2019-08-21 19:24:18,466 | INFO  | DNAudit | user=null | ip=null | op=WRITE_CHUNK {blockData=conID: 2 locID: 102656603484652066 bcsId: 0} | ret=SUCCESS |  
2019-08-21 19:24:18,466 | INFO  | DNAudit | user=null | ip=null | op=PUT_BLOCK {blockData=[blockId=conID: 2 locID: 102656603484652066 bcsId: 0,size=1048576]} | ret=SUCCESS |  
2019-08-21 19:24:18,466 [grpc-default-executor-4] INFO  client.GrpcClientProtocolClient (GrpcClientProtocolClient.java:onNext(255)) - client-DA9582518C67->1df8bd03-73ef-4b9c-8622-5dc9d0e29c31: receive RaftClientReply:client-DA9582518C67->1df8bd03-73ef-4b9c-8622-5dc9d0e29c31@group-F45402591F47, cid=2028, SUCCESS, logIndex=2928, commits[1df8bd03-73ef-4b9c-8622-5dc9d0e29c31:c2929, 12aca755-ada5-42df-801b-c61f99d8e8b8:c2927, a308b8bf-0324-43a1-a87f-1e10a96e3042:c2927]
2019-08-21 19:24:18,467 [grpc-default-executor-4] INFO  client.GrpcClientProtocolClient (GrpcClientProtocolClient.java:onNext(255)) - client-DA9582518C67->1df8bd03-73ef-4b9c-8622-5dc9d0e29c31: receive RaftClientReply:client-DA9582518C67->1df8bd03-73ef-4b9c-8622-5dc9d0e29c31@group-F45402591F47, cid=2029, SUCCESS, logIndex=2929, commits[1df8bd03-73ef-4b9c-8622-5dc9d0e29c31:c2929, 12aca755-ada5-42df-801b-c61f99d8e8b8:c2927, a308b8bf-0324-43a1-a87f-1e10a96e3042:c2927]
2019-08-21 19:24:18,468 | INFO  | DNAudit | user=null | ip=null | op=WRITE_CHUNK {blockData=conID: 2 locID: 102656603484652066 bcsId: 0} | ret=SUCCESS |  
2019-08-21 19:24:18,469 | INFO  | DNAudit | user=null | ip=null | op=PUT_BLOCK {blockData=[blockId=conID: 2 locID: 102656603484652066 bcsId: 0,size=2097152]} | ret=SUCCESS |  
2019-08-21 19:24:18,469 [grpc-default-executor-4] INFO  client.GrpcClientProtocolClient (GrpcClientProtocolClient.java:onNext(255)) - client-DA9582518C67->1df8bd03-73ef-4b9c-8622-5dc9d0e29c31: receive RaftClientReply:client-DA9582518C67->1df8bd03-73ef-4b9c-8622-5dc9d0e29c31@group-F45402591F47, cid=2030, SUCCESS, logIndex=2930, commits[1df8bd03-73ef-4b9c-8622-5dc9d0e29c31:c2931, 12aca755-ada5-42df-801b-c61f99d8e8b8:c2927, a308b8bf-0324-43a1-a87f-1e10a96e3042:c2927]
2019-08-21 19:24:18,469 [grpc-default-executor-4] INFO  client.GrpcClientProtocolClient (GrpcClientProtocolClient.java:onNext(255)) - client-DA9582518C67->1df8bd03-73ef-4b9c-8622-5dc9d0e29c31: receive RaftClientReply:client-DA9582518C67->1df8bd03-73ef-4b9c-8622-5dc9d0e29c31@group-F45402591F47, cid=2031, SUCCESS, logIndex=2931, commits[1df8bd03-73ef-4b9c-8622-5dc9d0e29c31:c2931, 12aca755-ada5-42df-801b-c61f99d8e8b8:c2927, a308b8bf-0324-43a1-a87f-1e10a96e3042:c2927]
2019-08-21 19:24:18,481 | INFO  | DNAudit | user=null | ip=null | op=WRITE_CHUNK {blockData=conID: 2 locID: 102656603484652066 bcsId: 0} | ret=SUCCESS |  
2019-08-21 19:24:18,481 | INFO  | DNAudit | user=null | ip=null | op=WRITE_CHUNK {blockData=conID: 2 locID: 102656603484652066 bcsId: 0} | ret=SUCCESS |  
2019-08-21 19:24:18,482 | INFO  | DNAudit | user=null | ip=null | op=PUT_BLOCK {blockData=[blockId=conID: 2 locID: 102656603484652066 bcsId: 0,size=1048576]} | ret=SUCCESS |  
2019-08-21 19:24:18,482 | INFO  | DNAudit | user=null | ip=null | op=PUT_BLOCK {blockData=[blockId=conID: 2 locID: 102656603484652066 bcsId: 0,size=1048576]} | ret=SUCCESS |  
2019-08-21 19:24:18,482 [grpc-default-executor-0] INFO  client.GrpcClientProtocolClient (GrpcClientProtocolClient.java:onNext(255)) - client-DA9582518C67->1df8bd03-73ef-4b9c-8622-5dc9d0e29c31: receive RaftClientReply:client-DA9582518C67->1df8bd03-73ef-4b9c-8622-5dc9d0e29c31@group-F45402591F47, cid=2032, SUCCESS, logIndex=0, commits[1df8bd03-73ef-4b9c-8622-5dc9d0e29c31:c2932, 12aca755-ada5-42df-801b-c61f99d8e8b8:c2929, a308b8bf-0324-43a1-a87f-1e10a96e3042:c2929]
2019-08-21 19:24:18,488 | INFO  | DNAudit | user=null | ip=null | op=WRITE_CHUNK {blockData=conID: 2 locID: 102656603484652066 bcsId: 2931} | ret=SUCCESS |  
2019-08-21 19:24:18,491 | INFO  | DNAudit | user=null | ip=null | op=WRITE_CHUNK {blockData=conID: 2 locID: 102656603484652066 bcsId: 2931} | ret=SUCCESS |  
2019-08-21 19:24:18,491 | INFO  | DNAudit | user=null | ip=null | op=WRITE_CHUNK {blockData=conID: 2 locID: 102656603484652066 bcsId: 2931} | ret=SUCCESS |  
2019-08-21 19:24:18,494 | INFO  | DNAudit | user=null | ip=null | op=WRITE_CHUNK {blockData=conID: 2 locID: 102656603484652066 bcsId: 0} | ret=SUCCESS |  
2019-08-21 19:24:18,494 | INFO  | DNAudit | user=null | ip=null | op=WRITE_CHUNK {blockData=conID: 2 locID: 102656603484652066 bcsId: 0} | ret=SUCCESS |  
2019-08-21 19:24:18,495 | INFO  | DNAudit | user=null | ip=null | op=PUT_BLOCK {blockData=[blockId=conID: 2 locID: 102656603484652066 bcsId: 0,size=2097152]} | ret=SUCCESS |  
2019-08-21 19:24:18,495 | INFO  | DNAudit | user=null | ip=null | op=PUT_BLOCK {blockData=[blockId=conID: 2 locID: 102656603484652066 bcsId: 0,size=2097152]} | ret=SUCCESS |  
2019-08-21 19:24:18,508 | INFO  | DNAudit | user=null | ip=null | op=WRITE_CHUNK {blockData=conID: 2 locID: 102656603484652066 bcsId: 2931} | ret=SUCCESS |  
2019-08-21 19:24:18,508 | INFO  | DNAudit | user=null | ip=null | op=PUT_BLOCK {blockData=[blockId=conID: 2 locID: 102656603484652066 bcsId: 0,size=3145728]} | ret=SUCCESS |  
2019-08-21 19:24:18,508 [grpc-default-executor-0] INFO  client.GrpcClientProtocolClient (GrpcClientProtocolClient.java:onNext(255)) - client-DA9582518C67->1df8bd03-73ef-4b9c-8622-5dc9d0e29c31: receive RaftClientReply:client-DA9582518C67->1df8bd03-73ef-4b9c-8622-5dc9d0e29c31@group-F45402591F47, cid=2033, SUCCESS, logIndex=2936, commits[1df8bd03-73ef-4b9c-8622-5dc9d0e29c31:c2936, 12aca755-ada5-42df-801b-c61f99d8e8b8:c2931, a308b8bf-0324-43a1-a87f-1e10a96e3042:c2932]
2019-08-21 19:24:18,508 [grpc-default-executor-0] INFO  client.GrpcClientProtocolClient (GrpcClientProtocolClient.java:onNext(255)) - client-DA9582518C67->1df8bd03-73ef-4b9c-8622-5dc9d0e29c31: receive RaftClientReply:client-DA9582518C67->1df8bd03-73ef-4b9c-8622-5dc9d0e29c31@group-F45402591F47, cid=2034, SUCCESS, logIndex=2937, commits[1df8bd03-73ef-4b9c-8622-5dc9d0e29c31:c2937, 12aca755-ada5-42df-801b-c61f99d8e8b8:c2932, a308b8bf-0324-43a1-a87f-1e10a96e3042:c2932]
2019-08-21 19:24:18,513 | INFO  | DNAudit | user=null | ip=null | op=WRITE_CHUNK {blockData=conID: 2 locID: 102656603484652066 bcsId: 2937} | ret=SUCCESS |  
2019-08-21 19:24:18,516 | INFO  | DNAudit | user=null | ip=null | op=WRITE_CHUNK {blockData=conID: 2 locID: 102656603484652066 bcsId: 2937} | ret=SUCCESS |  
2019-08-21 19:24:18,517 | INFO  | DNAudit | user=null | ip=null | op=WRITE_CHUNK {blockData=conID: 2 locID: 102656603484652066 bcsId: 2937} | ret=SUCCESS |  
2019-08-21 19:24:18,521 | INFO  | DNAudit | user=null | ip=null | op=WRITE_CHUNK {blockData=conID: 2 locID: 102656603484652066 bcsId: 2931} | ret=SUCCESS |  
2019-08-21 19:24:18,521 | INFO  | DNAudit | user=null | ip=null | op=WRITE_CHUNK {blockData=conID: 2 locID: 102656603484652066 bcsId: 2931} | ret=SUCCESS |  
2019-08-21 19:24:18,531 | INFO  | DNAudit | user=null | ip=null | op=PUT_BLOCK {blockData=[blockId=conID: 2 locID: 102656603484652066 bcsId: 0,size=3145728]} | ret=SUCCESS |  
2019-08-21 19:24:18,531 | INFO  | DNAudit | user=null | ip=null | op=PUT_BLOCK {blockData=[blockId=conID: 2 locID: 102656603484652066 bcsId: 0,size=3145728]} | ret=SUCCESS |  
2019-08-21 19:24:18,531 | INFO  | DNAudit | user=null | ip=null | op=WRITE_CHUNK {blockData=conID: 2 locID: 102656603484652066 bcsId: 2937} | ret=SUCCESS |  
2019-08-21 19:24:18,531 | INFO  | DNAudit | user=null | ip=null | op=PUT_BLOCK {blockData=[blockId=conID: 2 locID: 102656603484652066 bcsId: 0,size=4194304]} | ret=SUCCESS |  
2019-08-21 19:24:18,531 [grpc-default-executor-0] INFO  client.GrpcClientProtocolClient (GrpcClientProtocolClient.java:onNext(255)) - client-DA9582518C67->1df8bd03-73ef-4b9c-8622-5dc9d0e29c31: receive RaftClientReply:client-DA9582518C67->1df8bd03-73ef-4b9c-8622-5dc9d0e29c31@group-F45402591F47, cid=2035, SUCCESS, logIndex=2940, commits[1df8bd03-73ef-4b9c-8622-5dc9d0e29c31:c2941, 12aca755-ada5-42df-801b-c61f99d8e8b8:c2937, a308b8bf-0324-43a1-a87f-1e10a96e3042:c2937]
2019-08-21 19:24:18,532 [grpc-default-executor-0] INFO  client.GrpcClientProtocolClient (GrpcClientProtocolClient.java:onNext(255)) - client-DA9582518C67->1df8bd03-73ef-4b9c-8622-5dc9d0e29c31: receive RaftClientReply:client-DA9582518C67->1df8bd03-73ef-4b9c-8622-5dc9d0e29c31@group-F45402591F47, cid=2036, SUCCESS, logIndex=2941, commits[1df8bd03-73ef-4b9c-8622-5dc9d0e29c31:c2941, 12aca755-ada5-42df-801b-c61f99d8e8b8:c2937, a308b8bf-0324-43a1-a87f-1e10a96e3042:c2937]
2019-08-21 19:24:18,543 | INFO  | DNAudit | user=null | ip=null | op=WRITE_CHUNK {blockData=conID: 2 locID: 102656603484652066 bcsId: 2937} | ret=SUCCESS |  
2019-08-21 19:24:18,543 | INFO  | DNAudit | user=null | ip=null | op=WRITE_CHUNK {blockData=conID: 2 locID: 102656603484652066 bcsId: 2937} | ret=SUCCESS |  
2019-08-21 19:24:18,543 | INFO  | DNAudit | user=null | ip=null | op=PUT_BLOCK {blockData=[blockId=conID: 2 locID: 102656603484652066 bcsId: 0,size=4194304]} | ret=SUCCESS |  
2019-08-21 19:24:18,543 | INFO  | DNAudit | user=null | ip=null | op=PUT_BLOCK {blockData=[blockId=conID: 2 locID: 102656603484652066 bcsId: 0,size=4194304]} | ret=SUCCESS |  
2019-08-21 19:24:18,543 [grpc-default-executor-4] INFO  client.GrpcClientProtocolClient (GrpcClientProtocolClient.java:onNext(255)) - client-DA9582518C67->1df8bd03-73ef-4b9c-8622-5dc9d0e29c31: receive RaftClientReply:client-DA9582518C67->1df8bd03-73ef-4b9c-8622-5dc9d0e29c31@group-F45402591F47, cid=2037, SUCCESS, logIndex=0, commits[1df8bd03-73ef-4b9c-8622-5dc9d0e29c31:c2941, 12aca755-ada5-42df-801b-c61f99d8e8b8:c2941, a308b8bf-0324-43a1-a87f-1e10a96e3042:c2941]
2019-08-21 19:24:18,547 | INFO  | SCMAudit | user=jenkins1000 | ip=192.168.69.88 | op=ALLOCATE_BLOCK {owner=a4b1d482-4fe6-4e71-84a6-a95f4ce3f696, size=4194304, type=RATIS, factor=THREE} | ret=SUCCESS |  
2019-08-21 19:24:18,549 | INFO  | OMAudit | user=jenkins1000 | ip=127.0.0.1 | op=ALLOCATE_BLOCK {volume=vol-0-90666, bucket=bucket-0-29336, key=key-0-94354, dataSize=0, replicationType=null, replicationFactor=null, keyLocationInfo=null, clientID=102656601977389458} | ret=SUCCESS |  
2019-08-21 19:24:18,555 | INFO  | DNAudit | user=null | ip=null | op=WRITE_CHUNK {blockData=conID: 3 locID: 102656603491336739 bcsId: 0} | ret=SUCCESS |  
2019-08-21 19:24:18,558 | INFO  | DNAudit | user=null | ip=null | op=WRITE_CHUNK {blockData=conID: 3 locID: 102656603491336739 bcsId: 0} | ret=SUCCESS |  
2019-08-21 19:24:18,559 | INFO  | DNAudit | user=null | ip=null | op=WRITE_CHUNK {blockData=conID: 3 locID: 102656603491336739 bcsId: 0} | ret=SUCCESS |  
2019-08-21 19:24:18,559 | INFO  | DNAudit | user=null | ip=null | op=WRITE_CHUNK {blockData=conID: 3 locID: 102656603491336739 bcsId: 0} | ret=SUCCESS |  
2019-08-21 19:24:18,560 | INFO  | DNAudit | user=null | ip=null | op=WRITE_CHUNK {blockData=conID: 3 locID: 102656603491336739 bcsId: 0} | ret=SUCCESS |  
2019-08-21 19:24:18,561 | INFO  | DNAudit | user=null | ip=null | op=WRITE_CHUNK {blockData=conID: 3 locID: 102656603491336739 bcsId: 0} | ret=SUCCESS |  
2019-08-21 19:24:18,565 | INFO  | DNAudit | user=null | ip=null | op=WRITE_CHUNK {blockData=conID: 3 locID: 102656603491336739 bcsId: 0} | ret=SUCCESS |  
2019-08-21 19:24:18,566 | INFO  | DNAudit | user=null | ip=null | op=PUT_BLOCK {blockData=[blockId=conID: 3 locID: 102656603491336739 bcsId: 0,size=1048576]} | ret=SUCCESS |  
2019-08-21 19:24:18,566 [grpc-default-executor-4] INFO  client.GrpcClientProtocolClient (GrpcClientProtocolClient.java:onNext(255)) - client-DA9582518C67->1df8bd03-73ef-4b9c-8622-5dc9d0e29c31: receive RaftClientReply:client-DA9582518C67->1df8bd03-73ef-4b9c-8622-5dc9d0e29c31@group-F45402591F47, cid=2038, SUCCESS, logIndex=2944, commits[1df8bd03-73ef-4b9c-8622-5dc9d0e29c31:c2947, 12aca755-ada5-42df-801b-c61f99d8e8b8:c2943, a308b8bf-0324-43a1-a87f-1e10a96e3042:c2942]
2019-08-21 19:24:18,566 | INFO  | DNAudit | user=null | ip=null | op=WRITE_CHUNK {blockData=conID: 3 locID: 102656603491336739 bcsId: 0} | ret=SUCCESS |  
2019-08-21 19:24:18,566 [grpc-default-executor-4] INFO  client.GrpcClientProtocolClient (GrpcClientProtocolClient.java:onNext(255)) - client-DA9582518C67->1df8bd03-73ef-4b9c-8622-5dc9d0e29c31: receive RaftClientReply:client-DA9582518C67->1df8bd03-73ef-4b9c-8622-5dc9d0e29c31@group-F45402591F47, cid=2039, SUCCESS, logIndex=2945, commits[1df8bd03-73ef-4b9c-8622-5dc9d0e29c31:c2947, 12aca755-ada5-42df-801b-c61f99d8e8b8:c2943, a308b8bf-0324-43a1-a87f-1e10a96e3042:c2942]
2019-08-21 19:24:18,566 | INFO  | DNAudit | user=null | ip=null | op=PUT_BLOCK {blockData=[blockId=conID: 3 locID: 102656603491336739 bcsId: 0,size=2097152]} | ret=SUCCESS |  
2019-08-21 19:24:18,566 [grpc-default-executor-4] INFO  client.GrpcClientProtocolClient (GrpcClientProtocolClient.java:onNext(255)) - client-DA9582518C67->1df8bd03-73ef-4b9c-8622-5dc9d0e29c31: receive RaftClientReply:client-DA9582518C67->1df8bd03-73ef-4b9c-8622-5dc9d0e29c31@group-F45402591F47, cid=2040, SUCCESS, logIndex=2946, commits[1df8bd03-73ef-4b9c-8622-5dc9d0e29c31:c2947, 12aca755-ada5-42df-801b-c61f99d8e8b8:c2943, a308b8bf-0324-43a1-a87f-1e10a96e3042:c2943]
2019-08-21 19:24:18,567 [grpc-default-executor-4] INFO  client.GrpcClientProtocolClient (GrpcClientProtocolClient.java:onNext(255)) - client-DA9582518C67->1df8bd03-73ef-4b9c-8622-5dc9d0e29c31: receive RaftClientReply:client-DA9582518C67->1df8bd03-73ef-4b9c-8622-5dc9d0e29c31@group-F45402591F47, cid=2041, SUCCESS, logIndex=2947, commits[1df8bd03-73ef-4b9c-8622-5dc9d0e29c31:c2947, 12aca755-ada5-42df-801b-c61f99d8e8b8:c2943, a308b8bf-0324-43a1-a87f-1e10a96e3042:c2943]
2019-08-21 19:24:18,568 | INFO  | DNAudit | user=null | ip=null | op=WRITE_CHUNK {blockData=conID: 3 locID: 102656603491336739 bcsId: 0} | ret=SUCCESS |  
2019-08-21 19:24:18,579 | INFO  | DNAudit | user=null | ip=null | op=WRITE_CHUNK {blockData=conID: 3 locID: 102656603491336739 bcsId: 0} | ret=SUCCESS |  
2019-08-21 19:24:18,579 | INFO  | DNAudit | user=null | ip=null | op=PUT_BLOCK {blockData=[blockId=conID: 3 locID: 102656603491336739 bcsId: 0,size=1048576]} | ret=SUCCESS |  
2019-08-21 19:24:18,580 | INFO  | DNAudit | user=null | ip=null | op=WRITE_CHUNK {blockData=conID: 3 locID: 102656603491336739 bcsId: 0} | ret=SUCCESS |  
2019-08-21 19:24:18,580 | INFO  | DNAudit | user=null | ip=null | op=PUT_BLOCK {blockData=[blockId=conID: 3 locID: 102656603491336739 bcsId: 0,size=2097152]} | ret=SUCCESS |  
2019-08-21 19:24:18,581 | INFO  | DNAudit | user=null | ip=null | op=PUT_BLOCK {blockData=[blockId=conID: 3 locID: 102656603491336739 bcsId: 0,size=1048576]} | ret=SUCCESS |  
2019-08-21 19:24:18,581 | INFO  | DNAudit | user=null | ip=null | op=WRITE_CHUNK {blockData=conID: 3 locID: 102656603491336739 bcsId: 0} | ret=SUCCESS |  
2019-08-21 19:24:18,582 | INFO  | DNAudit | user=null | ip=null | op=PUT_BLOCK {blockData=[blockId=conID: 3 locID: 102656603491336739 bcsId: 0,size=2097152]} | ret=SUCCESS |  
2019-08-21 19:24:18,582 [grpc-default-executor-4] INFO  client.GrpcClientProtocolClient (GrpcClientProtocolClient.java:onNext(255)) - client-DA9582518C67->1df8bd03-73ef-4b9c-8622-5dc9d0e29c31: receive RaftClientReply:client-DA9582518C67->1df8bd03-73ef-4b9c-8622-5dc9d0e29c31@group-F45402591F47, cid=2042, SUCCESS, logIndex=0, commits[1df8bd03-73ef-4b9c-8622-5dc9d0e29c31:c2951, 12aca755-ada5-42df-801b-c61f99d8e8b8:c2945, a308b8bf-0324-43a1-a87f-1e10a96e3042:c2947]
2019-08-21 19:24:18,587 | INFO  | DNAudit | user=null | ip=null | op=WRITE_CHUNK {blockData=conID: 3 locID: 102656603491336739 bcsId: 2947} | ret=SUCCESS |  
2019-08-21 19:24:18,589 | INFO  | DNAudit | user=null | ip=null | op=WRITE_CHUNK {blockData=conID: 3 locID: 102656603491336739 bcsId: 2947} | ret=SUCCESS |  
2019-08-21 19:24:18,590 | INFO  | DNAudit | user=null | ip=null | op=WRITE_CHUNK {blockData=conID: 3 locID: 102656603491336739 bcsId: 2947} | ret=SUCCESS |  
2019-08-21 19:24:18,595 | INFO  | DNAudit | user=null | ip=null | op=WRITE_CHUNK {blockData=conID: 3 locID: 102656603491336739 bcsId: 2947} | ret=SUCCESS |  
2019-08-21 19:24:18,595 | INFO  | DNAudit | user=null | ip=null | op=PUT_BLOCK {blockData=[blockId=conID: 3 locID: 102656603491336739 bcsId: 0,size=3145728]} | ret=SUCCESS |  
2019-08-21 19:24:18,595 [grpc-default-executor-4] INFO  client.GrpcClientProtocolClient (GrpcClientProtocolClient.java:onNext(255)) - client-DA9582518C67->1df8bd03-73ef-4b9c-8622-5dc9d0e29c31: receive RaftClientReply:client-DA9582518C67->1df8bd03-73ef-4b9c-8622-5dc9d0e29c31@group-F45402591F47, cid=2043, SUCCESS, logIndex=2952, commits[1df8bd03-73ef-4b9c-8622-5dc9d0e29c31:c2953, 12aca755-ada5-42df-801b-c61f99d8e8b8:c2951, a308b8bf-0324-43a1-a87f-1e10a96e3042:c2951]
2019-08-21 19:24:18,595 [grpc-default-executor-4] INFO  client.GrpcClientProtocolClient (GrpcClientProtocolClient.java:onNext(255)) - client-DA9582518C67->1df8bd03-73ef-4b9c-8622-5dc9d0e29c31: receive RaftClientReply:client-DA9582518C67->1df8bd03-73ef-4b9c-8622-5dc9d0e29c31@group-F45402591F47, cid=2044, SUCCESS, logIndex=2953, commits[1df8bd03-73ef-4b9c-8622-5dc9d0e29c31:c2953, 12aca755-ada5-42df-801b-c61f99d8e8b8:c2951, a308b8bf-0324-43a1-a87f-1e10a96e3042:c2951]
2019-08-21 19:24:18,600 | INFO  | DNAudit | user=null | ip=null | op=WRITE_CHUNK {blockData=conID: 3 locID: 102656603491336739 bcsId: 2953} | ret=SUCCESS |  
2019-08-21 19:24:18,603 | INFO  | DNAudit | user=null | ip=null | op=WRITE_CHUNK {blockData=conID: 3 locID: 102656603491336739 bcsId: 2953} | ret=SUCCESS |  
2019-08-21 19:24:18,603 | INFO  | DNAudit | user=null | ip=null | op=WRITE_CHUNK {blockData=conID: 3 locID: 102656603491336739 bcsId: 2953} | ret=SUCCESS |  
2019-08-21 19:24:18,608 | INFO  | DNAudit | user=null | ip=null | op=WRITE_CHUNK {blockData=conID: 3 locID: 102656603491336739 bcsId: 2947} | ret=SUCCESS |  
2019-08-21 19:24:18,608 | INFO  | DNAudit | user=null | ip=null | op=WRITE_CHUNK {blockData=conID: 3 locID: 102656603491336739 bcsId: 2947} | ret=SUCCESS |  
2019-08-21 19:24:18,618 | INFO  | SCMAudit | user=jenkins1000 | ip=192.168.69.88 | op=SEND_HEARTBEAT {datanodeUUID=c4b21f74-9dba-4f39-a92d-300bdd5c7775, command=[]} | ret=SUCCESS |  
2019-08-21 19:24:18,619 | INFO  | DNAudit | user=null | ip=null | op=PUT_BLOCK {blockData=[blockId=conID: 3 locID: 102656603491336739 bcsId: 0,size=3145728]} | ret=SUCCESS |  
2019-08-21 19:24:18,619 | INFO  | DNAudit | user=null | ip=null | op=PUT_BLOCK {blockData=[blockId=conID: 3 locID: 102656603491336739 bcsId: 0,size=3145728]} | ret=SUCCESS |  
2019-08-21 19:24:18,620 | INFO  | DNAudit | user=null | ip=null | op=WRITE_CHUNK {blockData=conID: 3 locID: 102656603491336739 bcsId: 2953} | ret=SUCCESS |  
 0.00% |█                                                                                                    |  0/1 Time: 0:00:232019-08-21 19:24:18,620 | INFO  | DNAudit | user=null | ip=null | op=PUT_BLOCK {blockData=[blockId=conID: 3 locID: 102656603491336739 bcsId: 0,size=4194304]} | ret=SUCCESS |  
2019-08-21 19:24:18,620 [grpc-default-executor-5] INFO  client.GrpcClientProtocolClient (GrpcClientProtocolClient.java:onNext(255)) - client-DA9582518C67->1df8bd03-73ef-4b9c-8622-5dc9d0e29c31: receive RaftClientReply:client-DA9582518C67->1df8bd03-73ef-4b9c-8622-5dc9d0e29c31@group-F45402591F47, cid=2045, SUCCESS, logIndex=2956, commits[1df8bd03-73ef-4b9c-8622-5dc9d0e29c31:c2956, 12aca755-ada5-42df-801b-c61f99d8e8b8:c2953, a308b8bf-0324-43a1-a87f-1e10a96e3042:c2953]
2019-08-21 19:24:18,621 [grpc-default-executor-5] INFO  client.GrpcClientProtocolClient (GrpcClientProtocolClient.java:onNext(255)) - client-DA9582518C67->1df8bd03-73ef-4b9c-8622-5dc9d0e29c31: receive RaftClientReply:client-DA9582518C67->1df8bd03-73ef-4b9c-8622-5dc9d0e29c31@group-F45402591F47, cid=2046, SUCCESS, logIndex=2957, commits[1df8bd03-73ef-4b9c-8622-5dc9d0e29c31:c2957, 12aca755-ada5-42df-801b-c61f99d8e8b8:c2953, a308b8bf-0324-43a1-a87f-1e10a96e3042:c2953]
2019-08-21 19:24:18,633 | INFO  | DNAudit | user=null | ip=null | op=WRITE_CHUNK {blockData=conID: 3 locID: 102656603491336739 bcsId: 2953} | ret=SUCCESS |  
2019-08-21 19:24:18,633 | INFO  | DNAudit | user=null | ip=null | op=WRITE_CHUNK {blockData=conID: 3 locID: 102656603491336739 bcsId: 2953} | ret=SUCCESS |  
2019-08-21 19:24:18,644 | INFO  | DNAudit | user=null | ip=null | op=PUT_BLOCK {blockData=[blockId=conID: 3 locID: 102656603491336739 bcsId: 0,size=4194304]} | ret=SUCCESS |  
2019-08-21 19:24:18,644 | INFO  | DNAudit | user=null | ip=null | op=PUT_BLOCK {blockData=[blockId=conID: 3 locID: 102656603491336739 bcsId: 0,size=4194304]} | ret=SUCCESS |  
2019-08-21 19:24:18,645 [grpc-default-executor-5] INFO  client.GrpcClientProtocolClient (GrpcClientProtocolClient.java:onNext(255)) - client-DA9582518C67->1df8bd03-73ef-4b9c-8622-5dc9d0e29c31: receive RaftClientReply:client-DA9582518C67->1df8bd03-73ef-4b9c-8622-5dc9d0e29c31@group-F45402591F47, cid=2047, SUCCESS, logIndex=0, commits[1df8bd03-73ef-4b9c-8622-5dc9d0e29c31:c2959, 12aca755-ada5-42df-801b-c61f99d8e8b8:c2957, a308b8bf-0324-43a1-a87f-1e10a96e3042:c2957]
2019-08-21 19:24:18,648 | INFO  | SCMAudit | user=jenkins1000 | ip=192.168.69.88 | op=ALLOCATE_BLOCK {owner=a4b1d482-4fe6-4e71-84a6-a95f4ce3f696, size=4194304, type=RATIS, factor=THREE} | ret=SUCCESS |  
2019-08-21 19:24:18,651 | INFO  | OMAudit | user=jenkins1000 | ip=127.0.0.1 | op=ALLOCATE_BLOCK {volume=vol-0-90666, bucket=bucket-0-29336, key=key-0-94354, dataSize=0, replicationType=null, replicationFactor=null, keyLocationInfo=null, clientID=102656601977389458} | ret=SUCCESS |  
2019-08-21 19:24:18,656 | INFO  | DNAudit | user=null | ip=null | op=WRITE_CHUNK {blockData=conID: 1 locID: 102656603497955876 bcsId: 0} | ret=SUCCESS |  
2019-08-21 19:24:18,659 | INFO  | DNAudit | user=null | ip=null | op=WRITE_CHUNK {blockData=conID: 1 locID: 102656603497955876 bcsId: 0} | ret=SUCCESS |  
2019-08-21 19:24:18,660 | INFO  | DNAudit | user=null | ip=null | op=WRITE_CHUNK {blockData=conID: 1 locID: 102656603497955876 bcsId: 0} | ret=SUCCESS |  
2019-08-21 19:24:18,660 | INFO  | DNAudit | user=null | ip=null | op=WRITE_CHUNK {blockData=conID: 1 locID: 102656603497955876 bcsId: 0} | ret=SUCCESS |  
2019-08-21 19:24:18,661 | INFO  | DNAudit | user=null | ip=null | op=WRITE_CHUNK {blockData=conID: 1 locID: 102656603497955876 bcsId: 0} | ret=SUCCESS |  
2019-08-21 19:24:18,662 | INFO  | DNAudit | user=null | ip=null | op=WRITE_CHUNK {blockData=conID: 1 locID: 102656603497955876 bcsId: 0} | ret=SUCCESS |  
2019-08-21 19:24:18,662 | INFO  | DNAudit | user=null | ip=null | op=WRITE_CHUNK {blockData=conID: 1 locID: 102656603497955876 bcsId: 0} | ret=SUCCESS |  
2019-08-21 19:24:18,662 | INFO  | DNAudit | user=null | ip=null | op=PUT_BLOCK {blockData=[blockId=conID: 1 locID: 102656603497955876 bcsId: 0,size=1048576]} | ret=SUCCESS |  
2019-08-21 19:24:18,662 [grpc-default-executor-2] INFO  client.GrpcClientProtocolClient (GrpcClientProtocolClient.java:onNext(255)) - client-DA9582518C67->1df8bd03-73ef-4b9c-8622-5dc9d0e29c31: receive RaftClientReply:client-DA9582518C67->1df8bd03-73ef-4b9c-8622-5dc9d0e29c31@group-F45402591F47, cid=2048, SUCCESS, logIndex=2960, commits[1df8bd03-73ef-4b9c-8622-5dc9d0e29c31:c2961, 12aca755-ada5-42df-801b-c61f99d8e8b8:c2957, a308b8bf-0324-43a1-a87f-1e10a96e3042:c2959]
2019-08-21 19:24:18,663 [grpc-default-executor-2] INFO  client.GrpcClientProtocolClient (GrpcClientProtocolClient.java:onNext(255)) - client-DA9582518C67->1df8bd03-73ef-4b9c-8622-5dc9d0e29c31: receive RaftClientReply:client-DA9582518C67->1df8bd03-73ef-4b9c-8622-5dc9d0e29c31@group-F45402591F47, cid=2049, SUCCESS, logIndex=2961, commits[1df8bd03-73ef-4b9c-8622-5dc9d0e29c31:c2961, 12aca755-ada5-42df-801b-c61f99d8e8b8:c2957, a308b8bf-0324-43a1-a87f-1e10a96e3042:c2959]
2019-08-21 19:24:18,675 | INFO  | DNAudit | user=null | ip=null | op=WRITE_CHUNK {blockData=conID: 1 locID: 102656603497955876 bcsId: 0} | ret=SUCCESS |  
2019-08-21 19:24:18,675 | INFO  | DNAudit | user=null | ip=null | op=PUT_BLOCK {blockData=[blockId=conID: 1 locID: 102656603497955876 bcsId: 0,size=2097152]} | ret=SUCCESS |  
2019-08-21 19:24:18,675 [grpc-default-executor-4] INFO  client.GrpcClientProtocolClient (GrpcClientProtocolClient.java:onNext(255)) - client-DA9582518C67->1df8bd03-73ef-4b9c-8622-5dc9d0e29c31: receive RaftClientReply:client-DA9582518C67->1df8bd03-73ef-4b9c-8622-5dc9d0e29c31@group-F45402591F47, cid=2050, SUCCESS, logIndex=2962, commits[1df8bd03-73ef-4b9c-8622-5dc9d0e29c31:c2963, 12aca755-ada5-42df-801b-c61f99d8e8b8:c2959, a308b8bf-0324-43a1-a87f-1e10a96e3042:c2959]
2019-08-21 19:24:18,676 [grpc-default-executor-4] INFO  client.GrpcClientProtocolClient (GrpcClientProtocolClient.java:onNext(255)) - client-DA9582518C67->1df8bd03-73ef-4b9c-8622-5dc9d0e29c31: receive RaftClientReply:client-DA9582518C67->1df8bd03-73ef-4b9c-8622-5dc9d0e29c31@group-F45402591F47, cid=2051, SUCCESS, logIndex=2963, commits[1df8bd03-73ef-4b9c-8622-5dc9d0e29c31:c2963, 12aca755-ada5-42df-801b-c61f99d8e8b8:c2959, a308b8bf-0324-43a1-a87f-1e10a96e3042:c2959]
2019-08-21 19:24:18,677 | INFO  | DNAudit | user=null | ip=null | op=WRITE_CHUNK {blockData=conID: 1 locID: 102656603497955876 bcsId: 0} | ret=SUCCESS |  
2019-08-21 19:24:18,677 | INFO  | DNAudit | user=null | ip=null | op=PUT_BLOCK {blockData=[blockId=conID: 1 locID: 102656603497955876 bcsId: 0,size=1048576]} | ret=SUCCESS |  
2019-08-21 19:24:18,688 | INFO  | DNAudit | user=null | ip=null | op=WRITE_CHUNK {blockData=conID: 1 locID: 102656603497955876 bcsId: 0} | ret=SUCCESS |  
2019-08-21 19:24:18,688 | INFO  | DNAudit | user=null | ip=null | op=PUT_BLOCK {blockData=[blockId=conID: 1 locID: 102656603497955876 bcsId: 0,size=1048576]} | ret=SUCCESS |  
2019-08-21 19:24:18,688 [grpc-default-executor-4] INFO  client.GrpcClientProtocolClient (GrpcClientProtocolClient.java:onNext(255)) - client-DA9582518C67->1df8bd03-73ef-4b9c-8622-5dc9d0e29c31: receive RaftClientReply:client-DA9582518C67->1df8bd03-73ef-4b9c-8622-5dc9d0e29c31@group-F45402591F47, cid=2052, SUCCESS, logIndex=0, commits[1df8bd03-73ef-4b9c-8622-5dc9d0e29c31:c2965, 12aca755-ada5-42df-801b-c61f99d8e8b8:c2961, a308b8bf-0324-43a1-a87f-1e10a96e3042:c2961]
2019-08-21 19:24:18,689 | INFO  | DNAudit | user=null | ip=null | op=WRITE_CHUNK {blockData=conID: 1 locID: 102656603497955876 bcsId: 0} | ret=SUCCESS |  
2019-08-21 19:24:18,690 | INFO  | DNAudit | user=null | ip=null | op=PUT_BLOCK {blockData=[blockId=conID: 1 locID: 102656603497955876 bcsId: 0,size=2097152]} | ret=SUCCESS |  
2019-08-21 19:24:18,690 | INFO  | DNAudit | user=null | ip=null | op=WRITE_CHUNK {blockData=conID: 1 locID: 102656603497955876 bcsId: 0} | ret=SUCCESS |  
2019-08-21 19:24:18,690 | INFO  | DNAudit | user=null | ip=null | op=PUT_BLOCK {blockData=[blockId=conID: 1 locID: 102656603497955876 bcsId: 0,size=2097152]} | ret=SUCCESS |  
2019-08-21 19:24:18,694 | INFO  | DNAudit | user=null | ip=null | op=WRITE_CHUNK {blockData=conID: 1 locID: 102656603497955876 bcsId: 2963} | ret=SUCCESS |  
2019-08-21 19:24:18,695 | INFO  | DNAudit | user=null | ip=null | op=WRITE_CHUNK {blockData=conID: 1 locID: 102656603497955876 bcsId: 2963} | ret=SUCCESS |  
2019-08-21 19:24:18,696 | INFO  | DNAudit | user=null | ip=null | op=WRITE_CHUNK {blockData=conID: 1 locID: 102656603497955876 bcsId: 2963} | ret=SUCCESS |  
2019-08-21 19:24:18,703 | INFO  | DNAudit | user=null | ip=null | op=WRITE_CHUNK {blockData=conID: 1 locID: 102656603497955876 bcsId: 2963} | ret=SUCCESS |  
2019-08-21 19:24:18,703 | INFO  | DNAudit | user=null | ip=null | op=PUT_BLOCK {blockData=[blockId=conID: 1 locID: 102656603497955876 bcsId: 0,size=3145728]} | ret=SUCCESS |  
2019-08-21 19:24:18,703 [grpc-default-executor-2] INFO  client.GrpcClientProtocolClient (GrpcClientProtocolClient.java:onNext(255)) - client-DA9582518C67->1df8bd03-73ef-4b9c-8622-5dc9d0e29c31: receive RaftClientReply:client-DA9582518C67->1df8bd03-73ef-4b9c-8622-5dc9d0e29c31@group-F45402591F47, cid=2053, SUCCESS, logIndex=2968, commits[1df8bd03-73ef-4b9c-8622-5dc9d0e29c31:c2969, 12aca755-ada5-42df-801b-c61f99d8e8b8:c2967, a308b8bf-0324-43a1-a87f-1e10a96e3042:c2967]
2019-08-21 19:24:18,704 [grpc-default-executor-2] INFO  client.GrpcClientProtocolClient (GrpcClientProtocolClient.java:onNext(255)) - client-DA9582518C67->1df8bd03-73ef-4b9c-8622-5dc9d0e29c31: receive RaftClientReply:client-DA9582518C67->1df8bd03-73ef-4b9c-8622-5dc9d0e29c31@group-F45402591F47, cid=2054, SUCCESS, logIndex=2969, commits[1df8bd03-73ef-4b9c-8622-5dc9d0e29c31:c2969, 12aca755-ada5-42df-801b-c61f99d8e8b8:c2967, a308b8bf-0324-43a1-a87f-1e10a96e3042:c2967]
2019-08-21 19:24:18,709 | INFO  | DNAudit | user=null | ip=null | op=WRITE_CHUNK {blockData=conID: 1 locID: 102656603497955876 bcsId: 2969} | ret=SUCCESS |  
2019-08-21 19:24:18,711 | INFO  | DNAudit | user=null | ip=null | op=WRITE_CHUNK {blockData=conID: 1 locID: 102656603497955876 bcsId: 2969} | ret=SUCCESS |  
2019-08-21 19:24:18,712 | INFO  | DNAudit | user=null | ip=null | op=WRITE_CHUNK {blockData=conID: 1 locID: 102656603497955876 bcsId: 2969} | ret=SUCCESS |  
2019-08-21 19:24:18,716 | INFO  | DNAudit | user=null | ip=null | op=WRITE_CHUNK {blockData=conID: 1 locID: 102656603497955876 bcsId: 2963} | ret=SUCCESS |  
2019-08-21 19:24:18,716 | INFO  | DNAudit | user=null | ip=null | op=WRITE_CHUNK {blockData=conID: 1 locID: 102656603497955876 bcsId: 2963} | ret=SUCCESS |  
2019-08-21 19:24:18,728 | INFO  | DNAudit | user=null | ip=null | op=PUT_BLOCK {blockData=[blockId=conID: 1 locID: 102656603497955876 bcsId: 0,size=3145728]} | ret=SUCCESS |  
2019-08-21 19:24:18,728 | INFO  | DNAudit | user=null | ip=null | op=PUT_BLOCK {blockData=[blockId=conID: 1 locID: 102656603497955876 bcsId: 0,size=3145728]} | ret=SUCCESS |  
2019-08-21 19:24:18,729 | INFO  | DNAudit | user=null | ip=null | op=WRITE_CHUNK {blockData=conID: 1 locID: 102656603497955876 bcsId: 2969} | ret=SUCCESS |  
2019-08-21 19:24:18,729 | INFO  | DNAudit | user=null | ip=null | op=PUT_BLOCK {blockData=[blockId=conID: 1 locID: 102656603497955876 bcsId: 0,size=4194304]} | ret=SUCCESS |  
2019-08-21 19:24:18,729 [grpc-default-executor-5] INFO  client.GrpcClientProtocolClient (GrpcClientProtocolClient.java:onNext(255)) - client-DA9582518C67->1df8bd03-73ef-4b9c-8622-5dc9d0e29c31: receive RaftClientReply:client-DA9582518C67->1df8bd03-73ef-4b9c-8622-5dc9d0e29c31@group-F45402591F47, cid=2055, SUCCESS, logIndex=2972, commits[1df8bd03-73ef-4b9c-8622-5dc9d0e29c31:c2973, 12aca755-ada5-42df-801b-c61f99d8e8b8:c2969, a308b8bf-0324-43a1-a87f-1e10a96e3042:c2969]
2019-08-21 19:24:18,729 [grpc-default-executor-5] INFO  client.GrpcClientProtocolClient (GrpcClientProtocolClient.java:onNext(255)) - client-DA9582518C67->1df8bd03-73ef-4b9c-8622-5dc9d0e29c31: receive RaftClientReply:client-DA9582518C67->1df8bd03-73ef-4b9c-8622-5dc9d0e29c31@group-F45402591F47, cid=2056, SUCCESS, logIndex=2973, commits[1df8bd03-73ef-4b9c-8622-5dc9d0e29c31:c2973, 12aca755-ada5-42df-801b-c61f99d8e8b8:c2969, a308b8bf-0324-43a1-a87f-1e10a96e3042:c2969]
2019-08-21 19:24:18,739 | INFO  | DNAudit | user=null | ip=null | op=WRITE_CHUNK {blockData=conID: 1 locID: 102656603497955876 bcsId: 2969} | ret=SUCCESS |  
2019-08-21 19:24:18,739 | INFO  | DNAudit | user=null | ip=null | op=WRITE_CHUNK {blockData=conID: 1 locID: 102656603497955876 bcsId: 2969} | ret=SUCCESS |  
2019-08-21 19:24:18,752 | INFO  | DNAudit | user=null | ip=null | op=PUT_BLOCK {blockData=[blockId=conID: 1 locID: 102656603497955876 bcsId: 0,size=4194304]} | ret=SUCCESS |  
2019-08-21 19:24:18,752 | INFO  | DNAudit | user=null | ip=null | op=PUT_BLOCK {blockData=[blockId=conID: 1 locID: 102656603497955876 bcsId: 0,size=4194304]} | ret=SUCCESS |  
2019-08-21 19:24:18,752 [grpc-default-executor-4] INFO  client.GrpcClientProtocolClient (GrpcClientProtocolClient.java:onNext(255)) - client-DA9582518C67->1df8bd03-73ef-4b9c-8622-5dc9d0e29c31: receive RaftClientReply:client-DA9582518C67->1df8bd03-73ef-4b9c-8622-5dc9d0e29c31@group-F45402591F47, cid=2057, SUCCESS, logIndex=0, commits[1df8bd03-73ef-4b9c-8622-5dc9d0e29c31:c2975, 12aca755-ada5-42df-801b-c61f99d8e8b8:c2973, a308b8bf-0324-43a1-a87f-1e10a96e3042:c2973]
2019-08-21 19:24:18,756 | INFO  | SCMAudit | user=jenkins1000 | ip=192.168.69.88 | op=ALLOCATE_BLOCK {owner=a4b1d482-4fe6-4e71-84a6-a95f4ce3f696, size=4194304, type=RATIS, factor=THREE} | ret=SUCCESS |  
2019-08-21 19:24:18,758 | INFO  | OMAudit | user=jenkins1000 | ip=127.0.0.1 | op=ALLOCATE_BLOCK {volume=vol-0-90666, bucket=bucket-0-29336, key=key-0-94354, dataSize=0, replicationType=null, replicationFactor=null, keyLocationInfo=null, clientID=102656601977389458} | ret=SUCCESS |  
2019-08-21 19:24:18,763 | INFO  | DNAudit | user=null | ip=null | op=WRITE_CHUNK {blockData=conID: 2 locID: 102656603505033765 bcsId: 0} | ret=SUCCESS |  
2019-08-21 19:24:18,766 | INFO  | DNAudit | user=null | ip=null | op=WRITE_CHUNK {blockData=conID: 2 locID: 102656603505033765 bcsId: 0} | ret=SUCCESS |  
2019-08-21 19:24:18,766 | INFO  | DNAudit | user=null | ip=null | op=WRITE_CHUNK {blockData=conID: 2 locID: 102656603505033765 bcsId: 0} | ret=SUCCESS |  
2019-08-21 19:24:18,767 | INFO  | DNAudit | user=null | ip=null | op=WRITE_CHUNK {blockData=conID: 2 locID: 102656603505033765 bcsId: 0} | ret=SUCCESS |  
2019-08-21 19:24:18,768 | INFO  | DNAudit | user=null | ip=null | op=WRITE_CHUNK {blockData=conID: 2 locID: 102656603505033765 bcsId: 0} | ret=SUCCESS |  
2019-08-21 19:24:18,769 | INFO  | DNAudit | user=null | ip=null | op=WRITE_CHUNK {blockData=conID: 2 locID: 102656603505033765 bcsId: 0} | ret=SUCCESS |  
2019-08-21 19:24:18,771 | INFO  | DNAudit | user=null | ip=null | op=WRITE_CHUNK {blockData=conID: 2 locID: 102656603505033765 bcsId: 0} | ret=SUCCESS |  
2019-08-21 19:24:18,771 | INFO  | DNAudit | user=null | ip=null | op=PUT_BLOCK {blockData=[blockId=conID: 2 locID: 102656603505033765 bcsId: 0,size=1048576]} | ret=SUCCESS |  
2019-08-21 19:24:18,771 [grpc-default-executor-4] INFO  client.GrpcClientProtocolClient (GrpcClientProtocolClient.java:onNext(255)) - client-DA9582518C67->1df8bd03-73ef-4b9c-8622-5dc9d0e29c31: receive RaftClientReply:client-DA9582518C67->1df8bd03-73ef-4b9c-8622-5dc9d0e29c31@group-F45402591F47, cid=2058, SUCCESS, logIndex=2976, commits[1df8bd03-73ef-4b9c-8622-5dc9d0e29c31:c2977, 12aca755-ada5-42df-801b-c61f99d8e8b8:c2975, a308b8bf-0324-43a1-a87f-1e10a96e3042:c2975]
2019-08-21 19:24:18,772 | INFO  | DNAudit | user=null | ip=null | op=WRITE_CHUNK {blockData=conID: 2 locID: 102656603505033765 bcsId: 0} | ret=SUCCESS |  
2019-08-21 19:24:18,772 [grpc-default-executor-4] INFO  client.GrpcClientProtocolClient (GrpcClientProtocolClient.java:onNext(255)) - client-DA9582518C67->1df8bd03-73ef-4b9c-8622-5dc9d0e29c31: receive RaftClientReply:client-DA9582518C67->1df8bd03-73ef-4b9c-8622-5dc9d0e29c31@group-F45402591F47, cid=2059, SUCCESS, logIndex=2977, commits[1df8bd03-73ef-4b9c-8622-5dc9d0e29c31:c2977, 12aca755-ada5-42df-801b-c61f99d8e8b8:c2975, a308b8bf-0324-43a1-a87f-1e10a96e3042:c2975]
2019-08-21 19:24:18,772 | INFO  | DNAudit | user=null | ip=null | op=PUT_BLOCK {blockData=[blockId=conID: 2 locID: 102656603505033765 bcsId: 0,size=2097152]} | ret=SUCCESS |  
2019-08-21 19:24:18,772 [grpc-default-executor-4] INFO  client.GrpcClientProtocolClient (GrpcClientProtocolClient.java:onNext(255)) - client-DA9582518C67->1df8bd03-73ef-4b9c-8622-5dc9d0e29c31: receive RaftClientReply:client-DA9582518C67->1df8bd03-73ef-4b9c-8622-5dc9d0e29c31@group-F45402591F47, cid=2060, SUCCESS, logIndex=2978, commits[1df8bd03-73ef-4b9c-8622-5dc9d0e29c31:c2979, 12aca755-ada5-42df-801b-c61f99d8e8b8:c2975, a308b8bf-0324-43a1-a87f-1e10a96e3042:c2975]
2019-08-21 19:24:18,773 [grpc-default-executor-4] INFO  client.GrpcClientProtocolClient (GrpcClientProtocolClient.java:onNext(255)) - client-DA9582518C67->1df8bd03-73ef-4b9c-8622-5dc9d0e29c31: receive RaftClientReply:client-DA9582518C67->1df8bd03-73ef-4b9c-8622-5dc9d0e29c31@group-F45402591F47, cid=2061, SUCCESS, logIndex=2979, commits[1df8bd03-73ef-4b9c-8622-5dc9d0e29c31:c2979, 12aca755-ada5-42df-801b-c61f99d8e8b8:c2975, a308b8bf-0324-43a1-a87f-1e10a96e3042:c2975]
2019-08-21 19:24:18,784 | INFO  | DNAudit | user=null | ip=null | op=WRITE_CHUNK {blockData=conID: 2 locID: 102656603505033765 bcsId: 0} | ret=SUCCESS |  
2019-08-21 19:24:18,785 | INFO  | DNAudit | user=null | ip=null | op=PUT_BLOCK {blockData=[blockId=conID: 2 locID: 102656603505033765 bcsId: 0,size=1048576]} | ret=SUCCESS |  
2019-08-21 19:24:18,787 | INFO  | DNAudit | user=null | ip=null | op=WRITE_CHUNK {blockData=conID: 2 locID: 102656603505033765 bcsId: 0} | ret=SUCCESS |  
2019-08-21 19:24:18,787 | INFO  | DNAudit | user=null | ip=null | op=PUT_BLOCK {blockData=[blockId=conID: 2 locID: 102656603505033765 bcsId: 0,size=1048576]} | ret=SUCCESS |  
2019-08-21 19:24:18,787 | INFO  | DNAudit | user=null | ip=null | op=WRITE_CHUNK {blockData=conID: 2 locID: 102656603505033765 bcsId: 0} | ret=SUCCESS |  
2019-08-21 19:24:18,787 [grpc-default-executor-4] INFO  client.GrpcClientProtocolClient (GrpcClientProtocolClient.java:onNext(255)) - client-DA9582518C67->1df8bd03-73ef-4b9c-8622-5dc9d0e29c31: receive RaftClientReply:client-DA9582518C67->1df8bd03-73ef-4b9c-8622-5dc9d0e29c31@group-F45402591F47, cid=2062, SUCCESS, logIndex=0, commits[1df8bd03-73ef-4b9c-8622-5dc9d0e29c31:c2981, 12aca755-ada5-42df-801b-c61f99d8e8b8:c2977, a308b8bf-0324-43a1-a87f-1e10a96e3042:c2977]
2019-08-21 19:24:18,787 | INFO  | DNAudit | user=null | ip=null | op=PUT_BLOCK {blockData=[blockId=conID: 2 locID: 102656603505033765 bcsId: 0,size=2097152]} | ret=SUCCESS |  
2019-08-21 19:24:18,792 | INFO  | DNAudit | user=null | ip=null | op=WRITE_CHUNK {blockData=conID: 2 locID: 102656603505033765 bcsId: 2979} | ret=SUCCESS |  
2019-08-21 19:24:18,795 | INFO  | DNAudit | user=null | ip=null | op=WRITE_CHUNK {blockData=conID: 2 locID: 102656603505033765 bcsId: 2979} | ret=SUCCESS |  
2019-08-21 19:24:18,795 | INFO  | DNAudit | user=null | ip=null | op=WRITE_CHUNK {blockData=conID: 2 locID: 102656603505033765 bcsId: 2979} | ret=SUCCESS |  
2019-08-21 19:24:18,797 | INFO  | DNAudit | user=null | ip=null | op=WRITE_CHUNK {blockData=conID: 2 locID: 102656603505033765 bcsId: 0} | ret=SUCCESS |  
2019-08-21 19:24:18,798 | INFO  | DNAudit | user=null | ip=null | op=PUT_BLOCK {blockData=[blockId=conID: 2 locID: 102656603505033765 bcsId: 0,size=2097152]} | ret=SUCCESS |  
2019-08-21 19:24:18,800 | INFO  | DNAudit | user=null | ip=null | op=WRITE_CHUNK {blockData=conID: 2 locID: 102656603505033765 bcsId: 2979} | ret=SUCCESS |  
2019-08-21 19:24:18,800 | INFO  | DNAudit | user=null | ip=null | op=PUT_BLOCK {blockData=[blockId=conID: 2 locID: 102656603505033765 bcsId: 0,size=3145728]} | ret=SUCCESS |  
2019-08-21 19:24:18,800 [grpc-default-executor-0] INFO  client.GrpcClientProtocolClient (GrpcClientProtocolClient.java:onNext(255)) - client-DA9582518C67->1df8bd03-73ef-4b9c-8622-5dc9d0e29c31: receive RaftClientReply:client-DA9582518C67->1df8bd03-73ef-4b9c-8622-5dc9d0e29c31@group-F45402591F47, cid=2063, SUCCESS, logIndex=2983, commits[1df8bd03-73ef-4b9c-8622-5dc9d0e29c31:c2984, 12aca755-ada5-42df-801b-c61f99d8e8b8:c2979, a308b8bf-0324-43a1-a87f-1e10a96e3042:c2982]
2019-08-21 19:24:18,801 [grpc-default-executor-0] INFO  client.GrpcClientProtocolClient (GrpcClientProtocolClient.java:onNext(255)) - client-DA9582518C67->1df8bd03-73ef-4b9c-8622-5dc9d0e29c31: receive RaftClientReply:client-DA9582518C67->1df8bd03-73ef-4b9c-8622-5dc9d0e29c31@group-F45402591F47, cid=2064, SUCCESS, logIndex=2984, commits[1df8bd03-73ef-4b9c-8622-5dc9d0e29c31:c2984, 12aca755-ada5-42df-801b-c61f99d8e8b8:c2979, a308b8bf-0324-43a1-a87f-1e10a96e3042:c2982]
2019-08-21 19:24:18,806 | INFO  | DNAudit | user=null | ip=null | op=WRITE_CHUNK {blockData=conID: 2 locID: 102656603505033765 bcsId: 2984} | ret=SUCCESS |  
2019-08-21 19:24:18,809 | INFO  | DNAudit | user=null | ip=null | op=WRITE_CHUNK {blockData=conID: 2 locID: 102656603505033765 bcsId: 2984} | ret=SUCCESS |  
2019-08-21 19:24:18,809 | INFO  | DNAudit | user=null | ip=null | op=WRITE_CHUNK {blockData=conID: 2 locID: 102656603505033765 bcsId: 2984} | ret=SUCCESS |  
2019-08-21 19:24:18,813 | INFO  | DNAudit | user=null | ip=null | op=WRITE_CHUNK {blockData=conID: 2 locID: 102656603505033765 bcsId: 2979} | ret=SUCCESS |  
2019-08-21 19:24:18,814 | INFO  | DNAudit | user=null | ip=null | op=WRITE_CHUNK {blockData=conID: 2 locID: 102656603505033765 bcsId: 2979} | ret=SUCCESS |  
2019-08-21 19:24:18,814 | INFO  | DNAudit | user=null | ip=null | op=PUT_BLOCK {blockData=[blockId=conID: 2 locID: 102656603505033765 bcsId: 0,size=3145728]} | ret=SUCCESS |  
2019-08-21 19:24:18,816 | INFO  | DNAudit | user=null | ip=null | op=WRITE_CHUNK {blockData=conID: 2 locID: 102656603505033765 bcsId: 2984} | ret=SUCCESS |  
2019-08-21 19:24:18,816 | INFO  | DNAudit | user=null | ip=null | op=PUT_BLOCK {blockData=[blockId=conID: 2 locID: 102656603505033765 bcsId: 0,size=3145728]} | ret=SUCCESS |  
2019-08-21 19:24:18,816 | INFO  | DNAudit | user=null | ip=null | op=PUT_BLOCK {blockData=[blockId=conID: 2 locID: 102656603505033765 bcsId: 0,size=4194304]} | ret=SUCCESS |  
2019-08-21 19:24:18,816 [grpc-default-executor-4] INFO  client.GrpcClientProtocolClient (GrpcClientProtocolClient.java:onNext(255)) - client-DA9582518C67->1df8bd03-73ef-4b9c-8622-5dc9d0e29c31: receive RaftClientReply:client-DA9582518C67->1df8bd03-73ef-4b9c-8622-5dc9d0e29c31@group-F45402591F47, cid=2065, SUCCESS, logIndex=2987, commits[1df8bd03-73ef-4b9c-8622-5dc9d0e29c31:c2988, 12aca755-ada5-42df-801b-c61f99d8e8b8:c2984, a308b8bf-0324-43a1-a87f-1e10a96e3042:c2983]
2019-08-21 19:24:18,816 [grpc-default-executor-4] INFO  client.GrpcClientProtocolClient (GrpcClientProtocolClient.java:onNext(255)) - client-DA9582518C67->1df8bd03-73ef-4b9c-8622-5dc9d0e29c31: receive RaftClientReply:client-DA9582518C67->1df8bd03-73ef-4b9c-8622-5dc9d0e29c31@group-F45402591F47, cid=2066, SUCCESS, logIndex=2988, commits[1df8bd03-73ef-4b9c-8622-5dc9d0e29c31:c2988, 12aca755-ada5-42df-801b-c61f99d8e8b8:c2984, a308b8bf-0324-43a1-a87f-1e10a96e3042:c2984]
2019-08-21 19:24:18,827 | INFO  | DNAudit | user=null | ip=null | op=WRITE_CHUNK {blockData=conID: 2 locID: 102656603505033765 bcsId: 2984} | ret=SUCCESS |  
2019-08-21 19:24:18,827 | INFO  | DNAudit | user=null | ip=null | op=WRITE_CHUNK {blockData=conID: 2 locID: 102656603505033765 bcsId: 2984} | ret=SUCCESS |  
2019-08-21 19:24:18,827 | INFO  | DNAudit | user=null | ip=null | op=PUT_BLOCK {blockData=[blockId=conID: 2 locID: 102656603505033765 bcsId: 0,size=4194304]} | ret=SUCCESS |  
2019-08-21 19:24:18,827 | INFO  | DNAudit | user=null | ip=null | op=PUT_BLOCK {blockData=[blockId=conID: 2 locID: 102656603505033765 bcsId: 0,size=4194304]} | ret=SUCCESS |  
2019-08-21 19:24:18,828 [grpc-default-executor-4] INFO  client.GrpcClientProtocolClient (GrpcClientProtocolClient.java:onNext(255)) - client-DA9582518C67->1df8bd03-73ef-4b9c-8622-5dc9d0e29c31: receive RaftClientReply:client-DA9582518C67->1df8bd03-73ef-4b9c-8622-5dc9d0e29c31@group-F45402591F47, cid=2067, SUCCESS, logIndex=0, commits[1df8bd03-73ef-4b9c-8622-5dc9d0e29c31:c2989, 12aca755-ada5-42df-801b-c61f99d8e8b8:c2988, a308b8bf-0324-43a1-a87f-1e10a96e3042:c2988]
2019-08-21 19:24:18,831 | INFO  | SCMAudit | user=jenkins1000 | ip=192.168.69.88 | op=ALLOCATE_BLOCK {owner=a4b1d482-4fe6-4e71-84a6-a95f4ce3f696, size=4194304, type=RATIS, factor=THREE} | ret=SUCCESS |  
2019-08-21 19:24:18,833 | INFO  | OMAudit | user=jenkins1000 | ip=127.0.0.1 | op=ALLOCATE_BLOCK {volume=vol-0-90666, bucket=bucket-0-29336, key=key-0-94354, dataSize=0, replicationType=null, replicationFactor=null, keyLocationInfo=null, clientID=102656601977389458} | ret=SUCCESS |  
2019-08-21 19:24:18,838 | INFO  | DNAudit | user=null | ip=null | op=WRITE_CHUNK {blockData=conID: 3 locID: 102656603509948966 bcsId: 0} | ret=SUCCESS |  
2019-08-21 19:24:18,840 | INFO  | DNAudit | user=null | ip=null | op=WRITE_CHUNK {blockData=conID: 3 locID: 102656603509948966 bcsId: 0} | ret=SUCCESS |  
2019-08-21 19:24:18,842 | INFO  | DNAudit | user=null | ip=null | op=WRITE_CHUNK {blockData=conID: 3 locID: 102656603509948966 bcsId: 0} | ret=SUCCESS |  
2019-08-21 19:24:18,842 | INFO  | DNAudit | user=null | ip=null | op=WRITE_CHUNK {blockData=conID: 3 locID: 102656603509948966 bcsId: 0} | ret=SUCCESS |  
2019-08-21 19:24:18,843 | INFO  | DNAudit | user=null | ip=null | op=WRITE_CHUNK {blockData=conID: 3 locID: 102656603509948966 bcsId: 0} | ret=SUCCESS |  
2019-08-21 19:24:18,843 | INFO  | DNAudit | user=null | ip=null | op=WRITE_CHUNK {blockData=conID: 3 locID: 102656603509948966 bcsId: 0} | ret=SUCCESS |  
2019-08-21 19:24:18,972 | INFO  | SCMAudit | user=jenkins1000 | ip=192.168.69.88 | op=SEND_HEARTBEAT {datanodeUUID=12aca755-ada5-42df-801b-c61f99d8e8b8, command=[]} | ret=SUCCESS |  
2019-08-21 19:24:18,972 | INFO  | SCMAudit | user=jenkins1000 | ip=192.168.69.88 | op=SEND_HEARTBEAT {datanodeUUID=a308b8bf-0324-43a1-a87f-1e10a96e3042, command=[]} | ret=SUCCESS |  
2019-08-21 19:24:18,974 | INFO  | SCMAudit | user=jenkins1000 | ip=192.168.69.88 | op=SEND_HEARTBEAT {datanodeUUID=1df8bd03-73ef-4b9c-8622-5dc9d0e29c31, command=[]} | ret=SUCCESS |  
2019-08-21 19:24:19,226 | INFO  | DNAudit | user=null | ip=null | op=WRITE_CHUNK {blockData=conID: 3 locID: 102656603509948966 bcsId: 0} | ret=SUCCESS |  
2019-08-21 19:24:19,227 | INFO  | DNAudit | user=null | ip=null | op=PUT_BLOCK {blockData=[blockId=conID: 3 locID: 102656603509948966 bcsId: 0,size=1048576]} | ret=SUCCESS |  
2019-08-21 19:24:19,227 [grpc-default-executor-4] INFO  client.GrpcClientProtocolClient (GrpcClientProtocolClient.java:onNext(255)) - client-DA9582518C67->1df8bd03-73ef-4b9c-8622-5dc9d0e29c31: receive RaftClientReply:client-DA9582518C67->1df8bd03-73ef-4b9c-8622-5dc9d0e29c31@group-F45402591F47, cid=2068, SUCCESS, logIndex=2990, commits[1df8bd03-73ef-4b9c-8622-5dc9d0e29c31:c2993, 12aca755-ada5-42df-801b-c61f99d8e8b8:c2988, a308b8bf-0324-43a1-a87f-1e10a96e3042:c2989]
2019-08-21 19:24:19,227 | INFO  | DNAudit | user=null | ip=null | op=WRITE_CHUNK {blockData=conID: 3 locID: 102656603509948966 bcsId: 0} | ret=SUCCESS |  
2019-08-21 19:24:19,228 | INFO  | DNAudit | user=null | ip=null | op=PUT_BLOCK {blockData=[blockId=conID: 3 locID: 102656603509948966 bcsId: 0,size=2097152]} | ret=SUCCESS |  
2019-08-21 19:24:19,228 [grpc-default-executor-4] INFO  client.GrpcClientProtocolClient (GrpcClientProtocolClient.java:onNext(255)) - client-DA9582518C67->1df8bd03-73ef-4b9c-8622-5dc9d0e29c31: receive RaftClientReply:client-DA9582518C67->1df8bd03-73ef-4b9c-8622-5dc9d0e29c31@group-F45402591F47, cid=2069, SUCCESS, logIndex=2991, commits[1df8bd03-73ef-4b9c-8622-5dc9d0e29c31:c2993, 12aca755-ada5-42df-801b-c61f99d8e8b8:c2988, a308b8bf-0324-43a1-a87f-1e10a96e3042:c2989]
2019-08-21 19:24:19,228 [grpc-default-executor-4] INFO  client.GrpcClientProtocolClient (GrpcClientProtocolClient.java:onNext(255)) - client-DA9582518C67->1df8bd03-73ef-4b9c-8622-5dc9d0e29c31: receive RaftClientReply:client-DA9582518C67->1df8bd03-73ef-4b9c-8622-5dc9d0e29c31@group-F45402591F47, cid=2070, SUCCESS, logIndex=2992, commits[1df8bd03-73ef-4b9c-8622-5dc9d0e29c31:c2993, 12aca755-ada5-42df-801b-c61f99d8e8b8:c2988, a308b8bf-0324-43a1-a87f-1e10a96e3042:c2989]
2019-08-21 19:24:19,228 [grpc-default-executor-4] INFO  client.GrpcClientProtocolClient (GrpcClientProtocolClient.java:onNext(255)) - client-DA9582518C67->1df8bd03-73ef-4b9c-8622-5dc9d0e29c31: receive RaftClientReply:client-DA9582518C67->1df8bd03-73ef-4b9c-8622-5dc9d0e29c31@group-F45402591F47, cid=2071, SUCCESS, logIndex=2993, commits[1df8bd03-73ef-4b9c-8622-5dc9d0e29c31:c2993, 12aca755-ada5-42df-801b-c61f99d8e8b8:c2988, a308b8bf-0324-43a1-a87f-1e10a96e3042:c2989]
2019-08-21 19:24:19,269 | INFO  | SCMAudit | user=jenkins1000 | ip=192.168.69.88 | op=SEND_HEARTBEAT {datanodeUUID=cfaf9666-ca64-459e-bd34-ff7c349f752a, command=[]} | ret=SUCCESS |  
2019-08-21 19:24:19,527 | INFO  | DNAudit | user=null | ip=null | op=WRITE_CHUNK {blockData=conID: 3 locID: 102656603509948966 bcsId: 0} | ret=SUCCESS |  
2019-08-21 19:24:19,527 | INFO  | DNAudit | user=null | ip=null | op=WRITE_CHUNK {blockData=conID: 3 locID: 102656603509948966 bcsId: 0} | ret=SUCCESS |  
2019-08-21 19:24:19,528 | INFO  | DNAudit | user=null | ip=null | op=PUT_BLOCK {blockData=[blockId=conID: 3 locID: 102656603509948966 bcsId: 0,size=1048576]} | ret=SUCCESS |  
2019-08-21 19:24:19,528 | INFO  | DNAudit | user=null | ip=null | op=PUT_BLOCK {blockData=[blockId=conID: 3 locID: 102656603509948966 bcsId: 0,size=1048576]} | ret=SUCCESS |  
2019-08-21 19:24:19,528 | INFO  | DNAudit | user=null | ip=null | op=WRITE_CHUNK {blockData=conID: 3 locID: 102656603509948966 bcsId: 0} | ret=SUCCESS |  
2019-08-21 19:24:19,528 | INFO  | DNAudit | user=null | ip=null | op=WRITE_CHUNK {blockData=conID: 3 locID: 102656603509948966 bcsId: 0} | ret=SUCCESS |  
2019-08-21 19:24:19,528 | INFO  | DNAudit | user=null | ip=null | op=PUT_BLOCK {blockData=[blockId=conID: 3 locID: 102656603509948966 bcsId: 0,size=2097152]} | ret=SUCCESS |  
2019-08-21 19:24:19,528 | INFO  | DNAudit | user=null | ip=null | op=PUT_BLOCK {blockData=[blockId=conID: 3 locID: 102656603509948966 bcsId: 0,size=2097152]} | ret=SUCCESS |  
2019-08-21 19:24:19,528 [grpc-default-executor-4] INFO  client.GrpcClientProtocolClient (GrpcClientProtocolClient.java:onNext(255)) - client-DA9582518C67->1df8bd03-73ef-4b9c-8622-5dc9d0e29c31: receive RaftClientReply:client-DA9582518C67->1df8bd03-73ef-4b9c-8622-5dc9d0e29c31@group-F45402591F47, cid=2072, SUCCESS, logIndex=0, commits[1df8bd03-73ef-4b9c-8622-5dc9d0e29c31:c2994, 12aca755-ada5-42df-801b-c61f99d8e8b8:c2993, a308b8bf-0324-43a1-a87f-1e10a96e3042:c2991]
2019-08-21 19:24:19,537 | INFO  | DNAudit | user=null | ip=null | op=WRITE_CHUNK {blockData=conID: 3 locID: 102656603509948966 bcsId: 2993} | ret=SUCCESS |  
2019-08-21 19:24:19,541 | INFO  | DNAudit | user=null | ip=null | op=WRITE_CHUNK {blockData=conID: 3 locID: 102656603509948966 bcsId: 2993} | ret=SUCCESS |  
2019-08-21 19:24:19,542 | INFO  | DNAudit | user=null | ip=null | op=WRITE_CHUNK {blockData=conID: 3 locID: 102656603509948966 bcsId: 2993} | ret=SUCCESS |  
2019-08-21 19:24:19,555 | INFO  | DNAudit | user=null | ip=null | op=WRITE_CHUNK {blockData=conID: 3 locID: 102656603509948966 bcsId: 2993} | ret=SUCCESS |  
2019-08-21 19:24:19,555 | INFO  | DNAudit | user=null | ip=null | op=PUT_BLOCK {blockData=[blockId=conID: 3 locID: 102656603509948966 bcsId: 0,size=3145728]} | ret=SUCCESS |  
2019-08-21 19:24:19,556 [grpc-default-executor-4] INFO  client.GrpcClientProtocolClient (GrpcClientProtocolClient.java:onNext(255)) - client-DA9582518C67->1df8bd03-73ef-4b9c-8622-5dc9d0e29c31: receive RaftClientReply:client-DA9582518C67->1df8bd03-73ef-4b9c-8622-5dc9d0e29c31@group-F45402591F47, cid=2073, SUCCESS, logIndex=2998, commits[1df8bd03-73ef-4b9c-8622-5dc9d0e29c31:c2999, 12aca755-ada5-42df-801b-c61f99d8e8b8:c2997, a308b8bf-0324-43a1-a87f-1e10a96e3042:c2997]
2019-08-21 19:24:19,556 [grpc-default-executor-4] INFO  client.GrpcClientProtocolClient (GrpcClientProtocolClient.java:onNext(255)) - client-DA9582518C67->1df8bd03-73ef-4b9c-8622-5dc9d0e29c31: receive RaftClientReply:client-DA9582518C67->1df8bd03-73ef-4b9c-8622-5dc9d0e29c31@group-F45402591F47, cid=2074, SUCCESS, logIndex=2999, commits[1df8bd03-73ef-4b9c-8622-5dc9d0e29c31:c2999, 12aca755-ada5-42df-801b-c61f99d8e8b8:c2997, a308b8bf-0324-43a1-a87f-1e10a96e3042:c2997]
2019-08-21 19:24:19,563 | INFO  | DNAudit | user=null | ip=null | op=WRITE_CHUNK {blockData=conID: 3 locID: 102656603509948966 bcsId: 2999} | ret=SUCCESS |  
2019-08-21 19:24:19,566 | INFO  | DNAudit | user=null | ip=null | op=WRITE_CHUNK {blockData=conID: 3 locID: 102656603509948966 bcsId: 2999} | ret=SUCCESS |  
2019-08-21 19:24:19,566 | INFO  | DNAudit | user=null | ip=null | op=WRITE_CHUNK {blockData=conID: 3 locID: 102656603509948966 bcsId: 2999} | ret=SUCCESS |  
2019-08-21 19:24:19,568 | INFO  | DNAudit | user=null | ip=null | op=WRITE_CHUNK {blockData=conID: 3 locID: 102656603509948966 bcsId: 2993} | ret=SUCCESS |  
2019-08-21 19:24:19,568 | INFO  | DNAudit | user=null | ip=null | op=WRITE_CHUNK {blockData=conID: 3 locID: 102656603509948966 bcsId: 2993} | ret=SUCCESS |  
2019-08-21 19:24:19,581 | INFO  | DNAudit | user=null | ip=null | op=PUT_BLOCK {blockData=[blockId=conID: 3 locID: 102656603509948966 bcsId: 0,size=3145728]} | ret=SUCCESS |  
2019-08-21 19:24:19,581 | INFO  | DNAudit | user=null | ip=null | op=PUT_BLOCK {blockData=[blockId=conID: 3 locID: 102656603509948966 bcsId: 0,size=3145728]} | ret=SUCCESS |  
2019-08-21 19:24:19,582 | INFO  | DNAudit | user=null | ip=null | op=WRITE_CHUNK {blockData=conID: 3 locID: 102656603509948966 bcsId: 2999} | ret=SUCCESS |  
2019-08-21 19:24:19,582 | INFO  | DNAudit | user=null | ip=null | op=PUT_BLOCK {blockData=[blockId=conID: 3 locID: 102656603509948966 bcsId: 0,size=4194304]} | ret=SUCCESS |  
2019-08-21 19:24:19,582 [grpc-default-executor-5] INFO  client.GrpcClientProtocolClient (GrpcClientProtocolClient.java:onNext(255)) - client-DA9582518C67->1df8bd03-73ef-4b9c-8622-5dc9d0e29c31: receive RaftClientReply:client-DA9582518C67->1df8bd03-73ef-4b9c-8622-5dc9d0e29c31@group-F45402591F47, cid=2075, SUCCESS, logIndex=3002, commits[1df8bd03-73ef-4b9c-8622-5dc9d0e29c31:c3003, 12aca755-ada5-42df-801b-c61f99d8e8b8:c2999, a308b8bf-0324-43a1-a87f-1e10a96e3042:c2999]
2019-08-21 19:24:19,583 [grpc-default-executor-5] INFO  client.GrpcClientProtocolClient (GrpcClientProtocolClient.java:onNext(255)) - client-DA9582518C67->1df8bd03-73ef-4b9c-8622-5dc9d0e29c31: receive RaftClientReply:client-DA9582518C67->1df8bd03-73ef-4b9c-8622-5dc9d0e29c31@group-F45402591F47, cid=2076, SUCCESS, logIndex=3003, commits[1df8bd03-73ef-4b9c-8622-5dc9d0e29c31:c3003, 12aca755-ada5-42df-801b-c61f99d8e8b8:c2999, a308b8bf-0324-43a1-a87f-1e10a96e3042:c2999]
2019-08-21 19:24:19,593 | INFO  | DNAudit | user=null | ip=null | op=WRITE_CHUNK {blockData=conID: 3 locID: 102656603509948966 bcsId: 2999} | ret=SUCCESS |  
2019-08-21 19:24:19,593 | INFO  | DNAudit | user=null | ip=null | op=WRITE_CHUNK {blockData=conID: 3 locID: 102656603509948966 bcsId: 2999} | ret=SUCCESS |  
2019-08-21 19:24:19,593 | INFO  | DNAudit | user=null | ip=null | op=PUT_BLOCK {blockData=[blockId=conID: 3 locID: 102656603509948966 bcsId: 0,size=4194304]} | ret=SUCCESS |  
2019-08-21 19:24:19,593 | INFO  | DNAudit | user=null | ip=null | op=PUT_BLOCK {blockData=[blockId=conID: 3 locID: 102656603509948966 bcsId: 0,size=4194304]} | ret=SUCCESS |  
2019-08-21 19:24:19,594 [grpc-default-executor-5] INFO  client.GrpcClientProtocolClient (GrpcClientProtocolClient.java:onNext(255)) - client-DA9582518C67->1df8bd03-73ef-4b9c-8622-5dc9d0e29c31: receive RaftClientReply:client-DA9582518C67->1df8bd03-73ef-4b9c-8622-5dc9d0e29c31@group-F45402591F47, cid=2077, SUCCESS, logIndex=0, commits[1df8bd03-73ef-4b9c-8622-5dc9d0e29c31:c3004, 12aca755-ada5-42df-801b-c61f99d8e8b8:c3003, a308b8bf-0324-43a1-a87f-1e10a96e3042:c3003]
 0.00% |█                                                                                                    |  0/1 Time: 0:00:242019-08-21 19:24:19,713 | INFO  | SCMAudit | user=jenkins1000 | ip=192.168.69.88 | op=SEND_HEARTBEAT {datanodeUUID=c4b21f74-9dba-4f39-a92d-300bdd5c7775, command=[]} | ret=SUCCESS |  
2019-08-21 19:24:19,714 | INFO  | SCMAudit | user=jenkins1000 | ip=192.168.69.88 | op=ALLOCATE_BLOCK {owner=a4b1d482-4fe6-4e71-84a6-a95f4ce3f696, size=4194304, type=RATIS, factor=THREE} | ret=SUCCESS |  
2019-08-21 19:24:19,716 | INFO  | OMAudit | user=jenkins1000 | ip=127.0.0.1 | op=ALLOCATE_BLOCK {volume=vol-0-90666, bucket=bucket-0-29336, key=key-0-94354, dataSize=0, replicationType=null, replicationFactor=null, keyLocationInfo=null, clientID=102656601977389458} | ret=SUCCESS |  
2019-08-21 19:24:19,723 | INFO  | DNAudit | user=null | ip=null | op=WRITE_CHUNK {blockData=conID: 1 locID: 102656603567751719 bcsId: 0} | ret=SUCCESS |  
2019-08-21 19:24:19,727 | INFO  | DNAudit | user=null | ip=null | op=WRITE_CHUNK {blockData=conID: 1 locID: 102656603567751719 bcsId: 0} | ret=SUCCESS |  
2019-08-21 19:24:19,728 | INFO  | DNAudit | user=null | ip=null | op=WRITE_CHUNK {blockData=conID: 1 locID: 102656603567751719 bcsId: 0} | ret=SUCCESS |  
2019-08-21 19:24:19,728 | INFO  | DNAudit | user=null | ip=null | op=WRITE_CHUNK {blockData=conID: 1 locID: 102656603567751719 bcsId: 0} | ret=SUCCESS |  
2019-08-21 19:24:19,730 | INFO  | DNAudit | user=null | ip=null | op=WRITE_CHUNK {blockData=conID: 1 locID: 102656603567751719 bcsId: 0} | ret=SUCCESS |  
2019-08-21 19:24:19,730 | INFO  | DNAudit | user=null | ip=null | op=WRITE_CHUNK {blockData=conID: 1 locID: 102656603567751719 bcsId: 0} | ret=SUCCESS |  
2019-08-21 19:24:19,738 | INFO  | DNAudit | user=null | ip=null | op=WRITE_CHUNK {blockData=conID: 1 locID: 102656603567751719 bcsId: 0} | ret=SUCCESS |  
2019-08-21 19:24:19,738 | INFO  | DNAudit | user=null | ip=null | op=PUT_BLOCK {blockData=[blockId=conID: 1 locID: 102656603567751719 bcsId: 0,size=1048576]} | ret=SUCCESS |  
2019-08-21 19:24:19,739 [grpc-default-executor-5] INFO  client.GrpcClientProtocolClient (GrpcClientProtocolClient.java:onNext(255)) - client-DA9582518C67->1df8bd03-73ef-4b9c-8622-5dc9d0e29c31: receive RaftClientReply:client-DA9582518C67->1df8bd03-73ef-4b9c-8622-5dc9d0e29c31@group-F45402591F47, cid=2078, SUCCESS, logIndex=3006, commits[1df8bd03-73ef-4b9c-8622-5dc9d0e29c31:c3007, 12aca755-ada5-42df-801b-c61f99d8e8b8:c3005, a308b8bf-0324-43a1-a87f-1e10a96e3042:c3005]
2019-08-21 19:24:19,739 [grpc-default-executor-5] INFO  client.GrpcClientProtocolClient (GrpcClientProtocolClient.java:onNext(255)) - client-DA9582518C67->1df8bd03-73ef-4b9c-8622-5dc9d0e29c31: receive RaftClientReply:client-DA9582518C67->1df8bd03-73ef-4b9c-8622-5dc9d0e29c31@group-F45402591F47, cid=2079, SUCCESS, logIndex=3007, commits[1df8bd03-73ef-4b9c-8622-5dc9d0e29c31:c3007, 12aca755-ada5-42df-801b-c61f99d8e8b8:c3005, a308b8bf-0324-43a1-a87f-1e10a96e3042:c3005]
2019-08-21 19:24:19,748 | INFO  | DNAudit | user=null | ip=null | op=WRITE_CHUNK {blockData=conID: 1 locID: 102656603567751719 bcsId: 0} | ret=SUCCESS |  
2019-08-21 19:24:19,748 | INFO  | DNAudit | user=null | ip=null | op=PUT_BLOCK {blockData=[blockId=conID: 1 locID: 102656603567751719 bcsId: 0,size=2097152]} | ret=SUCCESS |  
2019-08-21 19:24:19,749 [grpc-default-executor-5] INFO  client.GrpcClientProtocolClient (GrpcClientProtocolClient.java:onNext(255)) - client-DA9582518C67->1df8bd03-73ef-4b9c-8622-5dc9d0e29c31: receive RaftClientReply:client-DA9582518C67->1df8bd03-73ef-4b9c-8622-5dc9d0e29c31@group-F45402591F47, cid=2080, SUCCESS, logIndex=3008, commits[1df8bd03-73ef-4b9c-8622-5dc9d0e29c31:c3009, 12aca755-ada5-42df-801b-c61f99d8e8b8:c3005, a308b8bf-0324-43a1-a87f-1e10a96e3042:c3005]
2019-08-21 19:24:19,749 [grpc-default-executor-5] INFO  client.GrpcClientProtocolClient (GrpcClientProtocolClient.java:onNext(255)) - client-DA9582518C67->1df8bd03-73ef-4b9c-8622-5dc9d0e29c31: receive RaftClientReply:client-DA9582518C67->1df8bd03-73ef-4b9c-8622-5dc9d0e29c31@group-F45402591F47, cid=2081, SUCCESS, logIndex=3009, commits[1df8bd03-73ef-4b9c-8622-5dc9d0e29c31:c3009, 12aca755-ada5-42df-801b-c61f99d8e8b8:c3005, a308b8bf-0324-43a1-a87f-1e10a96e3042:c3005]
2019-08-21 19:24:19,750 | INFO  | DNAudit | user=null | ip=null | op=WRITE_CHUNK {blockData=conID: 1 locID: 102656603567751719 bcsId: 0} | ret=SUCCESS |  
2019-08-21 19:24:19,763 | INFO  | DNAudit | user=null | ip=null | op=PUT_BLOCK {blockData=[blockId=conID: 1 locID: 102656603567751719 bcsId: 0,size=1048576]} | ret=SUCCESS |  
2019-08-21 19:24:19,764 | INFO  | DNAudit | user=null | ip=null | op=WRITE_CHUNK {blockData=conID: 1 locID: 102656603567751719 bcsId: 0} | ret=SUCCESS |  
2019-08-21 19:24:19,764 | INFO  | DNAudit | user=null | ip=null | op=WRITE_CHUNK {blockData=conID: 1 locID: 102656603567751719 bcsId: 0} | ret=SUCCESS |  
2019-08-21 19:24:19,764 | INFO  | DNAudit | user=null | ip=null | op=PUT_BLOCK {blockData=[blockId=conID: 1 locID: 102656603567751719 bcsId: 0,size=1048576]} | ret=SUCCESS |  
2019-08-21 19:24:19,764 | INFO  | DNAudit | user=null | ip=null | op=PUT_BLOCK {blockData=[blockId=conID: 1 locID: 102656603567751719 bcsId: 0,size=2097152]} | ret=SUCCESS |  
2019-08-21 19:24:19,764 | INFO  | DNAudit | user=null | ip=null | op=WRITE_CHUNK {blockData=conID: 1 locID: 102656603567751719 bcsId: 0} | ret=SUCCESS |  
2019-08-21 19:24:19,764 | INFO  | DNAudit | user=null | ip=null | op=PUT_BLOCK {blockData=[blockId=conID: 1 locID: 102656603567751719 bcsId: 0,size=2097152]} | ret=SUCCESS |  
2019-08-21 19:24:19,764 [grpc-default-executor-4] INFO  client.GrpcClientProtocolClient (GrpcClientProtocolClient.java:onNext(255)) - client-DA9582518C67->1df8bd03-73ef-4b9c-8622-5dc9d0e29c31: receive RaftClientReply:client-DA9582518C67->1df8bd03-73ef-4b9c-8622-5dc9d0e29c31@group-F45402591F47, cid=2082, SUCCESS, logIndex=0, commits[1df8bd03-73ef-4b9c-8622-5dc9d0e29c31:c3011, 12aca755-ada5-42df-801b-c61f99d8e8b8:c3007, a308b8bf-0324-43a1-a87f-1e10a96e3042:c3009]
2019-08-21 19:24:19,771 | INFO  | DNAudit | user=null | ip=null | op=WRITE_CHUNK {blockData=conID: 1 locID: 102656603567751719 bcsId: 3009} | ret=SUCCESS |  
2019-08-21 19:24:19,773 | INFO  | DNAudit | user=null | ip=null | op=WRITE_CHUNK {blockData=conID: 1 locID: 102656603567751719 bcsId: 3009} | ret=SUCCESS |  
2019-08-21 19:24:19,774 | INFO  | DNAudit | user=null | ip=null | op=WRITE_CHUNK {blockData=conID: 1 locID: 102656603567751719 bcsId: 3009} | ret=SUCCESS |  
2019-08-21 19:24:19,777 | INFO  | DNAudit | user=null | ip=null | op=WRITE_CHUNK {blockData=conID: 1 locID: 102656603567751719 bcsId: 3009} | ret=SUCCESS |  
2019-08-21 19:24:19,777 | INFO  | DNAudit | user=null | ip=null | op=PUT_BLOCK {blockData=[blockId=conID: 1 locID: 102656603567751719 bcsId: 0,size=3145728]} | ret=SUCCESS |  
2019-08-21 19:24:19,777 [grpc-default-executor-5] INFO  client.GrpcClientProtocolClient (GrpcClientProtocolClient.java:onNext(255)) - client-DA9582518C67->1df8bd03-73ef-4b9c-8622-5dc9d0e29c31: receive RaftClientReply:client-DA9582518C67->1df8bd03-73ef-4b9c-8622-5dc9d0e29c31@group-F45402591F47, cid=2083, SUCCESS, logIndex=3013, commits[1df8bd03-73ef-4b9c-8622-5dc9d0e29c31:c3014, 12aca755-ada5-42df-801b-c61f99d8e8b8:c3009, a308b8bf-0324-43a1-a87f-1e10a96e3042:c3011]
2019-08-21 19:24:19,778 [grpc-default-executor-5] INFO  client.GrpcClientProtocolClient (GrpcClientProtocolClient.java:onNext(255)) - client-DA9582518C67->1df8bd03-73ef-4b9c-8622-5dc9d0e29c31: receive RaftClientReply:client-DA9582518C67->1df8bd03-73ef-4b9c-8622-5dc9d0e29c31@group-F45402591F47, cid=2084, SUCCESS, logIndex=3014, commits[1df8bd03-73ef-4b9c-8622-5dc9d0e29c31:c3014, 12aca755-ada5-42df-801b-c61f99d8e8b8:c3011, a308b8bf-0324-43a1-a87f-1e10a96e3042:c3011]
2019-08-21 19:24:19,783 | INFO  | DNAudit | user=null | ip=null | op=WRITE_CHUNK {blockData=conID: 1 locID: 102656603567751719 bcsId: 3014} | ret=SUCCESS |  
2019-08-21 19:24:19,785 | INFO  | DNAudit | user=null | ip=null | op=WRITE_CHUNK {blockData=conID: 1 locID: 102656603567751719 bcsId: 3014} | ret=SUCCESS |  
2019-08-21 19:24:19,786 | INFO  | DNAudit | user=null | ip=null | op=WRITE_CHUNK {blockData=conID: 1 locID: 102656603567751719 bcsId: 3014} | ret=SUCCESS |  
2019-08-21 19:24:19,790 | INFO  | DNAudit | user=null | ip=null | op=WRITE_CHUNK {blockData=conID: 1 locID: 102656603567751719 bcsId: 3009} | ret=SUCCESS |  
2019-08-21 19:24:19,790 | INFO  | DNAudit | user=null | ip=null | op=WRITE_CHUNK {blockData=conID: 1 locID: 102656603567751719 bcsId: 3009} | ret=SUCCESS |  
2019-08-21 19:24:19,790 | INFO  | DNAudit | user=null | ip=null | op=PUT_BLOCK {blockData=[blockId=conID: 1 locID: 102656603567751719 bcsId: 0,size=3145728]} | ret=SUCCESS |  
2019-08-21 19:24:19,790 | INFO  | DNAudit | user=null | ip=null | op=PUT_BLOCK {blockData=[blockId=conID: 1 locID: 102656603567751719 bcsId: 0,size=3145728]} | ret=SUCCESS |  
2019-08-21 19:24:19,803 | INFO  | DNAudit | user=null | ip=null | op=WRITE_CHUNK {blockData=conID: 1 locID: 102656603567751719 bcsId: 3014} | ret=SUCCESS |  
2019-08-21 19:24:19,804 | INFO  | DNAudit | user=null | ip=null | op=PUT_BLOCK {blockData=[blockId=conID: 1 locID: 102656603567751719 bcsId: 0,size=4194304]} | ret=SUCCESS |  
2019-08-21 19:24:19,804 [grpc-default-executor-0] INFO  client.GrpcClientProtocolClient (GrpcClientProtocolClient.java:onNext(255)) - client-DA9582518C67->1df8bd03-73ef-4b9c-8622-5dc9d0e29c31: receive RaftClientReply:client-DA9582518C67->1df8bd03-73ef-4b9c-8622-5dc9d0e29c31@group-F45402591F47, cid=2085, SUCCESS, logIndex=3016, commits[1df8bd03-73ef-4b9c-8622-5dc9d0e29c31:c3016, 12aca755-ada5-42df-801b-c61f99d8e8b8:c3014, a308b8bf-0324-43a1-a87f-1e10a96e3042:c3014]
2019-08-21 19:24:19,804 [grpc-default-executor-0] INFO  client.GrpcClientProtocolClient (GrpcClientProtocolClient.java:onNext(255)) - client-DA9582518C67->1df8bd03-73ef-4b9c-8622-5dc9d0e29c31: receive RaftClientReply:client-DA9582518C67->1df8bd03-73ef-4b9c-8622-5dc9d0e29c31@group-F45402591F47, cid=2086, SUCCESS, logIndex=3017, commits[1df8bd03-73ef-4b9c-8622-5dc9d0e29c31:c3017, 12aca755-ada5-42df-801b-c61f99d8e8b8:c3014, a308b8bf-0324-43a1-a87f-1e10a96e3042:c3014]
2019-08-21 19:24:19,818 | INFO  | DNAudit | user=null | ip=null | op=WRITE_CHUNK {blockData=conID: 1 locID: 102656603567751719 bcsId: 3014} | ret=SUCCESS |  
2019-08-21 19:24:19,818 | INFO  | DNAudit | user=null | ip=null | op=WRITE_CHUNK {blockData=conID: 1 locID: 102656603567751719 bcsId: 3014} | ret=SUCCESS |  
2019-08-21 19:24:19,831 | INFO  | DNAudit | user=null | ip=null | op=PUT_BLOCK {blockData=[blockId=conID: 1 locID: 102656603567751719 bcsId: 0,size=4194304]} | ret=SUCCESS |  
2019-08-21 19:24:19,831 | INFO  | DNAudit | user=null | ip=null | op=PUT_BLOCK {blockData=[blockId=conID: 1 locID: 102656603567751719 bcsId: 0,size=4194304]} | ret=SUCCESS |  
2019-08-21 19:24:19,831 [grpc-default-executor-0] INFO  client.GrpcClientProtocolClient (GrpcClientProtocolClient.java:onNext(255)) - client-DA9582518C67->1df8bd03-73ef-4b9c-8622-5dc9d0e29c31: receive RaftClientReply:client-DA9582518C67->1df8bd03-73ef-4b9c-8622-5dc9d0e29c31@group-F45402591F47, cid=2087, SUCCESS, logIndex=0, commits[1df8bd03-73ef-4b9c-8622-5dc9d0e29c31:c3019, 12aca755-ada5-42df-801b-c61f99d8e8b8:c3017, a308b8bf-0324-43a1-a87f-1e10a96e3042:c3017]
2019-08-21 19:24:19,837 | INFO  | SCMAudit | user=jenkins1000 | ip=192.168.69.88 | op=ALLOCATE_BLOCK {owner=a4b1d482-4fe6-4e71-84a6-a95f4ce3f696, size=4194304, type=RATIS, factor=THREE} | ret=SUCCESS |  
2019-08-21 19:24:19,841 | INFO  | OMAudit | user=jenkins1000 | ip=127.0.0.1 | op=ALLOCATE_BLOCK {volume=vol-0-90666, bucket=bucket-0-29336, key=key-0-94354, dataSize=0, replicationType=null, replicationFactor=null, keyLocationInfo=null, clientID=102656601977389458} | ret=SUCCESS |  
2019-08-21 19:24:19,847 | INFO  | DNAudit | user=null | ip=null | op=WRITE_CHUNK {blockData=conID: 2 locID: 102656603575878184 bcsId: 0} | ret=SUCCESS |  
2019-08-21 19:24:19,850 | INFO  | DNAudit | user=null | ip=null | op=WRITE_CHUNK {blockData=conID: 2 locID: 102656603575878184 bcsId: 0} | ret=SUCCESS |  
2019-08-21 19:24:19,850 | INFO  | DNAudit | user=null | ip=null | op=WRITE_CHUNK {blockData=conID: 2 locID: 102656603575878184 bcsId: 0} | ret=SUCCESS |  
2019-08-21 19:24:19,851 | INFO  | DNAudit | user=null | ip=null | op=WRITE_CHUNK {blockData=conID: 2 locID: 102656603575878184 bcsId: 0} | ret=SUCCESS |  
2019-08-21 19:24:19,853 | INFO  | DNAudit | user=null | ip=null | op=WRITE_CHUNK {blockData=conID: 2 locID: 102656603575878184 bcsId: 0} | ret=SUCCESS |  
2019-08-21 19:24:19,853 | INFO  | DNAudit | user=null | ip=null | op=WRITE_CHUNK {blockData=conID: 2 locID: 102656603575878184 bcsId: 0} | ret=SUCCESS |  
2019-08-21 19:24:19,859 | INFO  | DNAudit | user=null | ip=null | op=WRITE_CHUNK {blockData=conID: 2 locID: 102656603575878184 bcsId: 0} | ret=SUCCESS |  
2019-08-21 19:24:19,860 | INFO  | DNAudit | user=null | ip=null | op=PUT_BLOCK {blockData=[blockId=conID: 2 locID: 102656603575878184 bcsId: 0,size=1048576]} | ret=SUCCESS |  
2019-08-21 19:24:19,860 [grpc-default-executor-0] INFO  client.GrpcClientProtocolClient (GrpcClientProtocolClient.java:onNext(255)) - client-DA9582518C67->1df8bd03-73ef-4b9c-8622-5dc9d0e29c31: receive RaftClientReply:client-DA9582518C67->1df8bd03-73ef-4b9c-8622-5dc9d0e29c31@group-F45402591F47, cid=2088, SUCCESS, logIndex=3020, commits[1df8bd03-73ef-4b9c-8622-5dc9d0e29c31:c3021, 12aca755-ada5-42df-801b-c61f99d8e8b8:c3019, a308b8bf-0324-43a1-a87f-1e10a96e3042:c3019]
2019-08-21 19:24:19,860 | INFO  | DNAudit | user=null | ip=null | op=WRITE_CHUNK {blockData=conID: 2 locID: 102656603575878184 bcsId: 0} | ret=SUCCESS |  
2019-08-21 19:24:19,860 [grpc-default-executor-4] INFO  client.GrpcClientProtocolClient (GrpcClientProtocolClient.java:onNext(255)) - client-DA9582518C67->1df8bd03-73ef-4b9c-8622-5dc9d0e29c31: receive RaftClientReply:client-DA9582518C67->1df8bd03-73ef-4b9c-8622-5dc9d0e29c31@group-F45402591F47, cid=2089, SUCCESS, logIndex=3021, commits[1df8bd03-73ef-4b9c-8622-5dc9d0e29c31:c3021, 12aca755-ada5-42df-801b-c61f99d8e8b8:c3019, a308b8bf-0324-43a1-a87f-1e10a96e3042:c3019]
2019-08-21 19:24:19,860 | INFO  | DNAudit | user=null | ip=null | op=PUT_BLOCK {blockData=[blockId=conID: 2 locID: 102656603575878184 bcsId: 0,size=2097152]} | ret=SUCCESS |  
2019-08-21 19:24:19,861 [grpc-default-executor-4] INFO  client.GrpcClientProtocolClient (GrpcClientProtocolClient.java:onNext(255)) - client-DA9582518C67->1df8bd03-73ef-4b9c-8622-5dc9d0e29c31: receive RaftClientReply:client-DA9582518C67->1df8bd03-73ef-4b9c-8622-5dc9d0e29c31@group-F45402591F47, cid=2090, SUCCESS, logIndex=3022, commits[1df8bd03-73ef-4b9c-8622-5dc9d0e29c31:c3023, 12aca755-ada5-42df-801b-c61f99d8e8b8:c3019, a308b8bf-0324-43a1-a87f-1e10a96e3042:c3019]
2019-08-21 19:24:19,861 [grpc-default-executor-4] INFO  client.GrpcClientProtocolClient (GrpcClientProtocolClient.java:onNext(255)) - client-DA9582518C67->1df8bd03-73ef-4b9c-8622-5dc9d0e29c31: receive RaftClientReply:client-DA9582518C67->1df8bd03-73ef-4b9c-8622-5dc9d0e29c31@group-F45402591F47, cid=2091, SUCCESS, logIndex=3023, commits[1df8bd03-73ef-4b9c-8622-5dc9d0e29c31:c3023, 12aca755-ada5-42df-801b-c61f99d8e8b8:c3019, a308b8bf-0324-43a1-a87f-1e10a96e3042:c3019]
2019-08-21 19:24:19,873 | INFO  | DNAudit | user=null | ip=null | op=WRITE_CHUNK {blockData=conID: 2 locID: 102656603575878184 bcsId: 0} | ret=SUCCESS |  
2019-08-21 19:24:19,873 | INFO  | DNAudit | user=null | ip=null | op=PUT_BLOCK {blockData=[blockId=conID: 2 locID: 102656603575878184 bcsId: 0,size=1048576]} | ret=SUCCESS |  
2019-08-21 19:24:19,873 | INFO  | DNAudit | user=null | ip=null | op=WRITE_CHUNK {blockData=conID: 2 locID: 102656603575878184 bcsId: 0} | ret=SUCCESS |  
2019-08-21 19:24:19,873 | INFO  | DNAudit | user=null | ip=null | op=PUT_BLOCK {blockData=[blockId=conID: 2 locID: 102656603575878184 bcsId: 0,size=1048576]} | ret=SUCCESS |  
2019-08-21 19:24:19,874 | INFO  | DNAudit | user=null | ip=null | op=WRITE_CHUNK {blockData=conID: 2 locID: 102656603575878184 bcsId: 0} | ret=SUCCESS |  
2019-08-21 19:24:19,874 | INFO  | DNAudit | user=null | ip=null | op=PUT_BLOCK {blockData=[blockId=conID: 2 locID: 102656603575878184 bcsId: 0,size=2097152]} | ret=SUCCESS |  
2019-08-21 19:24:19,874 | INFO  | DNAudit | user=null | ip=null | op=WRITE_CHUNK {blockData=conID: 2 locID: 102656603575878184 bcsId: 0} | ret=SUCCESS |  
2019-08-21 19:24:19,874 | INFO  | DNAudit | user=null | ip=null | op=PUT_BLOCK {blockData=[blockId=conID: 2 locID: 102656603575878184 bcsId: 0,size=2097152]} | ret=SUCCESS |  
2019-08-21 19:24:19,874 [grpc-default-executor-2] INFO  client.GrpcClientProtocolClient (GrpcClientProtocolClient.java:onNext(255)) - client-DA9582518C67->1df8bd03-73ef-4b9c-8622-5dc9d0e29c31: receive RaftClientReply:client-DA9582518C67->1df8bd03-73ef-4b9c-8622-5dc9d0e29c31@group-F45402591F47, cid=2092, SUCCESS, logIndex=0, commits[1df8bd03-73ef-4b9c-8622-5dc9d0e29c31:c3025, 12aca755-ada5-42df-801b-c61f99d8e8b8:c3021, a308b8bf-0324-43a1-a87f-1e10a96e3042:c3021]
2019-08-21 19:24:19,880 | INFO  | DNAudit | user=null | ip=null | op=WRITE_CHUNK {blockData=conID: 2 locID: 102656603575878184 bcsId: 3023} | ret=SUCCESS |  
2019-08-21 19:24:19,882 | INFO  | DNAudit | user=null | ip=null | op=WRITE_CHUNK {blockData=conID: 2 locID: 102656603575878184 bcsId: 3023} | ret=SUCCESS |  
2019-08-21 19:24:19,882 | INFO  | DNAudit | user=null | ip=null | op=WRITE_CHUNK {blockData=conID: 2 locID: 102656603575878184 bcsId: 3023} | ret=SUCCESS |  
2019-08-21 19:24:19,893 | INFO  | DNAudit | user=null | ip=null | op=WRITE_CHUNK {blockData=conID: 2 locID: 102656603575878184 bcsId: 3023} | ret=SUCCESS |  
2019-08-21 19:24:19,893 | INFO  | DNAudit | user=null | ip=null | op=PUT_BLOCK {blockData=[blockId=conID: 2 locID: 102656603575878184 bcsId: 0,size=3145728]} | ret=SUCCESS |  
2019-08-21 19:24:19,893 [grpc-default-executor-2] INFO  client.GrpcClientProtocolClient (GrpcClientProtocolClient.java:onNext(255)) - client-DA9582518C67->1df8bd03-73ef-4b9c-8622-5dc9d0e29c31: receive RaftClientReply:client-DA9582518C67->1df8bd03-73ef-4b9c-8622-5dc9d0e29c31@group-F45402591F47, cid=2093, SUCCESS, logIndex=3028, commits[1df8bd03-73ef-4b9c-8622-5dc9d0e29c31:c3029, 12aca755-ada5-42df-801b-c61f99d8e8b8:c3027, a308b8bf-0324-43a1-a87f-1e10a96e3042:c3027]
2019-08-21 19:24:19,894 [grpc-default-executor-2] INFO  client.GrpcClientProtocolClient (GrpcClientProtocolClient.java:onNext(255)) - client-DA9582518C67->1df8bd03-73ef-4b9c-8622-5dc9d0e29c31: receive RaftClientReply:client-DA9582518C67->1df8bd03-73ef-4b9c-8622-5dc9d0e29c31@group-F45402591F47, cid=2094, SUCCESS, logIndex=3029, commits[1df8bd03-73ef-4b9c-8622-5dc9d0e29c31:c3029, 12aca755-ada5-42df-801b-c61f99d8e8b8:c3027, a308b8bf-0324-43a1-a87f-1e10a96e3042:c3027]
2019-08-21 19:24:19,900 | INFO  | DNAudit | user=null | ip=null | op=WRITE_CHUNK {blockData=conID: 2 locID: 102656603575878184 bcsId: 3029} | ret=SUCCESS |  
2019-08-21 19:24:19,903 | INFO  | DNAudit | user=null | ip=null | op=WRITE_CHUNK {blockData=conID: 2 locID: 102656603575878184 bcsId: 3029} | ret=SUCCESS |  
2019-08-21 19:24:19,903 | INFO  | DNAudit | user=null | ip=null | op=WRITE_CHUNK {blockData=conID: 2 locID: 102656603575878184 bcsId: 3029} | ret=SUCCESS |  
2019-08-21 19:24:19,904 | INFO  | DNAudit | user=null | ip=null | op=WRITE_CHUNK {blockData=conID: 2 locID: 102656603575878184 bcsId: 3023} | ret=SUCCESS |  
2019-08-21 19:24:19,904 | INFO  | DNAudit | user=null | ip=null | op=WRITE_CHUNK {blockData=conID: 2 locID: 102656603575878184 bcsId: 3023} | ret=SUCCESS |  
2019-08-21 19:24:19,907 | INFO  | DNAudit | user=null | ip=null | op=PUT_BLOCK {blockData=[blockId=conID: 2 locID: 102656603575878184 bcsId: 0,size=3145728]} | ret=SUCCESS |  
2019-08-21 19:24:19,907 | INFO  | DNAudit | user=null | ip=null | op=PUT_BLOCK {blockData=[blockId=conID: 2 locID: 102656603575878184 bcsId: 0,size=3145728]} | ret=SUCCESS |  
2019-08-21 19:24:19,908 | INFO  | DNAudit | user=null | ip=null | op=WRITE_CHUNK {blockData=conID: 2 locID: 102656603575878184 bcsId: 3029} | ret=SUCCESS |  
2019-08-21 19:24:19,908 | INFO  | DNAudit | user=null | ip=null | op=PUT_BLOCK {blockData=[blockId=conID: 2 locID: 102656603575878184 bcsId: 0,size=4194304]} | ret=SUCCESS |  
2019-08-21 19:24:19,908 [grpc-default-executor-0] INFO  client.GrpcClientProtocolClient (GrpcClientProtocolClient.java:onNext(255)) - client-DA9582518C67->1df8bd03-73ef-4b9c-8622-5dc9d0e29c31: receive RaftClientReply:client-DA9582518C67->1df8bd03-73ef-4b9c-8622-5dc9d0e29c31@group-F45402591F47, cid=2095, SUCCESS, logIndex=3032, commits[1df8bd03-73ef-4b9c-8622-5dc9d0e29c31:c3032, 12aca755-ada5-42df-801b-c61f99d8e8b8:c3029, a308b8bf-0324-43a1-a87f-1e10a96e3042:c3029]
2019-08-21 19:24:19,908 [grpc-default-executor-0] INFO  client.GrpcClientProtocolClient (GrpcClientProtocolClient.java:onNext(255)) - client-DA9582518C67->1df8bd03-73ef-4b9c-8622-5dc9d0e29c31: receive RaftClientReply:client-DA9582518C67->1df8bd03-73ef-4b9c-8622-5dc9d0e29c31@group-F45402591F47, cid=2096, SUCCESS, logIndex=3033, commits[1df8bd03-73ef-4b9c-8622-5dc9d0e29c31:c3033, 12aca755-ada5-42df-801b-c61f99d8e8b8:c3029, a308b8bf-0324-43a1-a87f-1e10a96e3042:c3029]
2019-08-21 19:24:19,921 | INFO  | DNAudit | user=null | ip=null | op=WRITE_CHUNK {blockData=conID: 2 locID: 102656603575878184 bcsId: 3029} | ret=SUCCESS |  
2019-08-21 19:24:19,921 | INFO  | DNAudit | user=null | ip=null | op=WRITE_CHUNK {blockData=conID: 2 locID: 102656603575878184 bcsId: 3029} | ret=SUCCESS |  
2019-08-21 19:24:19,934 | INFO  | DNAudit | user=null | ip=null | op=PUT_BLOCK {blockData=[blockId=conID: 2 locID: 102656603575878184 bcsId: 0,size=4194304]} | ret=SUCCESS |  
2019-08-21 19:24:19,934 | INFO  | DNAudit | user=null | ip=null | op=PUT_BLOCK {blockData=[blockId=conID: 2 locID: 102656603575878184 bcsId: 0,size=4194304]} | ret=SUCCESS |  
2019-08-21 19:24:19,934 [grpc-default-executor-0] INFO  client.GrpcClientProtocolClient (GrpcClientProtocolClient.java:onNext(255)) - client-DA9582518C67->1df8bd03-73ef-4b9c-8622-5dc9d0e29c31: receive RaftClientReply:client-DA9582518C67->1df8bd03-73ef-4b9c-8622-5dc9d0e29c31@group-F45402591F47, cid=2097, SUCCESS, logIndex=0, commits[1df8bd03-73ef-4b9c-8622-5dc9d0e29c31:c3034, 12aca755-ada5-42df-801b-c61f99d8e8b8:c3033, a308b8bf-0324-43a1-a87f-1e10a96e3042:c3033]
2019-08-21 19:24:19,939 | INFO  | SCMAudit | user=jenkins1000 | ip=192.168.69.88 | op=ALLOCATE_BLOCK {owner=a4b1d482-4fe6-4e71-84a6-a95f4ce3f696, size=4194304, type=RATIS, factor=THREE} | ret=SUCCESS |  
2019-08-21 19:24:19,941 | INFO  | OMAudit | user=jenkins1000 | ip=127.0.0.1 | op=ALLOCATE_BLOCK {volume=vol-0-90666, bucket=bucket-0-29336, key=key-0-94354, dataSize=0, replicationType=null, replicationFactor=null, keyLocationInfo=null, clientID=102656601977389458} | ret=SUCCESS |  
2019-08-21 19:24:19,947 | INFO  | DNAudit | user=null | ip=null | op=WRITE_CHUNK {blockData=conID: 3 locID: 102656603582562857 bcsId: 0} | ret=SUCCESS |  
2019-08-21 19:24:19,950 | INFO  | DNAudit | user=null | ip=null | op=WRITE_CHUNK {blockData=conID: 3 locID: 102656603582562857 bcsId: 0} | ret=SUCCESS |  
2019-08-21 19:24:19,950 | INFO  | DNAudit | user=null | ip=null | op=WRITE_CHUNK {blockData=conID: 3 locID: 102656603582562857 bcsId: 0} | ret=SUCCESS |  
2019-08-21 19:24:19,951 | INFO  | DNAudit | user=null | ip=null | op=WRITE_CHUNK {blockData=conID: 3 locID: 102656603582562857 bcsId: 0} | ret=SUCCESS |  
2019-08-21 19:24:19,952 | INFO  | DNAudit | user=null | ip=null | op=WRITE_CHUNK {blockData=conID: 3 locID: 102656603582562857 bcsId: 0} | ret=SUCCESS |  
2019-08-21 19:24:19,952 | INFO  | DNAudit | user=null | ip=null | op=WRITE_CHUNK {blockData=conID: 3 locID: 102656603582562857 bcsId: 0} | ret=SUCCESS |  
2019-08-21 19:24:19,961 | INFO  | DNAudit | user=null | ip=null | op=WRITE_CHUNK {blockData=conID: 3 locID: 102656603582562857 bcsId: 0} | ret=SUCCESS |  
2019-08-21 19:24:19,961 | INFO  | DNAudit | user=null | ip=null | op=PUT_BLOCK {blockData=[blockId=conID: 3 locID: 102656603582562857 bcsId: 0,size=1048576]} | ret=SUCCESS |  
2019-08-21 19:24:19,961 [grpc-default-executor-2] INFO  client.GrpcClientProtocolClient (GrpcClientProtocolClient.java:onNext(255)) - client-DA9582518C67->1df8bd03-73ef-4b9c-8622-5dc9d0e29c31: receive RaftClientReply:client-DA9582518C67->1df8bd03-73ef-4b9c-8622-5dc9d0e29c31@group-F45402591F47, cid=2098, SUCCESS, logIndex=3036, commits[1df8bd03-73ef-4b9c-8622-5dc9d0e29c31:c3037, 12aca755-ada5-42df-801b-c61f99d8e8b8:c3035, a308b8bf-0324-43a1-a87f-1e10a96e3042:c3035]
2019-08-21 19:24:19,962 [grpc-default-executor-2] INFO  client.GrpcClientProtocolClient (GrpcClientProtocolClient.java:onNext(255)) - client-DA9582518C67->1df8bd03-73ef-4b9c-8622-5dc9d0e29c31: receive RaftClientReply:client-DA9582518C67->1df8bd03-73ef-4b9c-8622-5dc9d0e29c31@group-F45402591F47, cid=2099, SUCCESS, logIndex=3037, commits[1df8bd03-73ef-4b9c-8622-5dc9d0e29c31:c3037, 12aca755-ada5-42df-801b-c61f99d8e8b8:c3035, a308b8bf-0324-43a1-a87f-1e10a96e3042:c3035]
2019-08-21 19:24:19,973 | INFO  | SCMAudit | user=jenkins1000 | ip=192.168.69.88 | op=SEND_HEARTBEAT {datanodeUUID=a308b8bf-0324-43a1-a87f-1e10a96e3042, command=[]} | ret=SUCCESS |  
2019-08-21 19:24:19,973 | INFO  | SCMAudit | user=jenkins1000 | ip=192.168.69.88 | op=SEND_HEARTBEAT {datanodeUUID=12aca755-ada5-42df-801b-c61f99d8e8b8, command=[]} | ret=SUCCESS |  
2019-08-21 19:24:19,973 | INFO  | DNAudit | user=null | ip=null | op=WRITE_CHUNK {blockData=conID: 3 locID: 102656603582562857 bcsId: 0} | ret=SUCCESS |  
2019-08-21 19:24:19,974 | INFO  | DNAudit | user=null | ip=null | op=PUT_BLOCK {blockData=[blockId=conID: 3 locID: 102656603582562857 bcsId: 0,size=2097152]} | ret=SUCCESS |  
2019-08-21 19:24:19,974 [grpc-default-executor-4] INFO  client.GrpcClientProtocolClient (GrpcClientProtocolClient.java:onNext(255)) - client-DA9582518C67->1df8bd03-73ef-4b9c-8622-5dc9d0e29c31: receive RaftClientReply:client-DA9582518C67->1df8bd03-73ef-4b9c-8622-5dc9d0e29c31@group-F45402591F47, cid=2100, SUCCESS, logIndex=3038, commits[1df8bd03-73ef-4b9c-8622-5dc9d0e29c31:c3039, 12aca755-ada5-42df-801b-c61f99d8e8b8:c3035, a308b8bf-0324-43a1-a87f-1e10a96e3042:c3035]
2019-08-21 19:24:19,974 | INFO  | SCMAudit | user=jenkins1000 | ip=192.168.69.88 | op=SEND_HEARTBEAT {datanodeUUID=1df8bd03-73ef-4b9c-8622-5dc9d0e29c31, command=[]} | ret=SUCCESS |  
2019-08-21 19:24:19,974 [grpc-default-executor-4] INFO  client.GrpcClientProtocolClient (GrpcClientProtocolClient.java:onNext(255)) - client-DA9582518C67->1df8bd03-73ef-4b9c-8622-5dc9d0e29c31: receive RaftClientReply:client-DA9582518C67->1df8bd03-73ef-4b9c-8622-5dc9d0e29c31@group-F45402591F47, cid=2101, SUCCESS, logIndex=3039, commits[1df8bd03-73ef-4b9c-8622-5dc9d0e29c31:c3039, 12aca755-ada5-42df-801b-c61f99d8e8b8:c3035, a308b8bf-0324-43a1-a87f-1e10a96e3042:c3035]
2019-08-21 19:24:19,987 [grpc-default-executor-0] INFO  client.GrpcClientProtocolClient (GrpcClientProtocolClient.java:onNext(255)) - client-DA9582518C67->1df8bd03-73ef-4b9c-8622-5dc9d0e29c31: receive RaftClientReply:client-DA9582518C67->1df8bd03-73ef-4b9c-8622-5dc9d0e29c31@group-F45402591F47, cid=2102, SUCCESS, logIndex=0, commits[1df8bd03-73ef-4b9c-8622-5dc9d0e29c31:c3041, 12aca755-ada5-42df-801b-c61f99d8e8b8:c3037, a308b8bf-0324-43a1-a87f-1e10a96e3042:c3037]
2019-08-21 19:24:20,267 | INFO  | SCMAudit | user=jenkins1000 | ip=192.168.69.88 | op=SEND_HEARTBEAT {datanodeUUID=cfaf9666-ca64-459e-bd34-ff7c349f752a, command=[]} | ret=SUCCESS |  
2019-08-21 19:24:20,382 | INFO  | DNAudit | user=null | ip=null | op=WRITE_CHUNK {blockData=conID: 3 locID: 102656603582562857 bcsId: 0} | ret=SUCCESS |  
2019-08-21 19:24:20,382 | INFO  | DNAudit | user=null | ip=null | op=WRITE_CHUNK {blockData=conID: 3 locID: 102656603582562857 bcsId: 0} | ret=SUCCESS |  
2019-08-21 19:24:20,383 | INFO  | DNAudit | user=null | ip=null | op=PUT_BLOCK {blockData=[blockId=conID: 3 locID: 102656603582562857 bcsId: 0,size=1048576]} | ret=SUCCESS |  
2019-08-21 19:24:20,383 | INFO  | DNAudit | user=null | ip=null | op=PUT_BLOCK {blockData=[blockId=conID: 3 locID: 102656603582562857 bcsId: 0,size=1048576]} | ret=SUCCESS |  
2019-08-21 19:24:20,383 | INFO  | DNAudit | user=null | ip=null | op=WRITE_CHUNK {blockData=conID: 3 locID: 102656603582562857 bcsId: 3039} | ret=SUCCESS |  
2019-08-21 19:24:20,384 | INFO  | DNAudit | user=null | ip=null | op=WRITE_CHUNK {blockData=conID: 3 locID: 102656603582562857 bcsId: 3039} | ret=SUCCESS |  
2019-08-21 19:24:20,385 | INFO  | DNAudit | user=null | ip=null | op=WRITE_CHUNK {blockData=conID: 3 locID: 102656603582562857 bcsId: 3039} | ret=SUCCESS |  
2019-08-21 19:24:20,394 | INFO  | DNAudit | user=null | ip=null | op=WRITE_CHUNK {blockData=conID: 3 locID: 102656603582562857 bcsId: 0} | ret=SUCCESS |  
2019-08-21 19:24:20,394 | INFO  | DNAudit | user=null | ip=null | op=PUT_BLOCK {blockData=[blockId=conID: 3 locID: 102656603582562857 bcsId: 0,size=2097152]} | ret=SUCCESS |  
2019-08-21 19:24:20,395 | INFO  | DNAudit | user=null | ip=null | op=WRITE_CHUNK {blockData=conID: 3 locID: 102656603582562857 bcsId: 0} | ret=SUCCESS |  
2019-08-21 19:24:20,395 | INFO  | DNAudit | user=null | ip=null | op=PUT_BLOCK {blockData=[blockId=conID: 3 locID: 102656603582562857 bcsId: 0,size=2097152]} | ret=SUCCESS |  
2019-08-21 19:24:20,396 | INFO  | DNAudit | user=null | ip=null | op=WRITE_CHUNK {blockData=conID: 3 locID: 102656603582562857 bcsId: 3039} | ret=SUCCESS |  
2019-08-21 19:24:20,397 | INFO  | DNAudit | user=null | ip=null | op=PUT_BLOCK {blockData=[blockId=conID: 3 locID: 102656603582562857 bcsId: 0,size=3145728]} | ret=SUCCESS |  
2019-08-21 19:24:20,397 [grpc-default-executor-4] INFO  client.GrpcClientProtocolClient (GrpcClientProtocolClient.java:onNext(255)) - client-DA9582518C67->1df8bd03-73ef-4b9c-8622-5dc9d0e29c31: receive RaftClientReply:client-DA9582518C67->1df8bd03-73ef-4b9c-8622-5dc9d0e29c31@group-F45402591F47, cid=2103, SUCCESS, logIndex=3044, commits[1df8bd03-73ef-4b9c-8622-5dc9d0e29c31:c3045, 12aca755-ada5-42df-801b-c61f99d8e8b8:c3039, a308b8bf-0324-43a1-a87f-1e10a96e3042:c3041]
2019-08-21 19:24:20,398 [grpc-default-executor-4] INFO  client.GrpcClientProtocolClient (GrpcClientProtocolClient.java:onNext(255)) - client-DA9582518C67->1df8bd03-73ef-4b9c-8622-5dc9d0e29c31: receive RaftClientReply:client-DA9582518C67->1df8bd03-73ef-4b9c-8622-5dc9d0e29c31@group-F45402591F47, cid=2104, SUCCESS, logIndex=3045, commits[1df8bd03-73ef-4b9c-8622-5dc9d0e29c31:c3045, 12aca755-ada5-42df-801b-c61f99d8e8b8:c3041, a308b8bf-0324-43a1-a87f-1e10a96e3042:c3041]
2019-08-21 19:24:20,404 | INFO  | DNAudit | user=null | ip=null | op=WRITE_CHUNK {blockData=conID: 3 locID: 102656603582562857 bcsId: 3045} | ret=SUCCESS |  
2019-08-21 19:24:20,406 | INFO  | DNAudit | user=null | ip=null | op=WRITE_CHUNK {blockData=conID: 3 locID: 102656603582562857 bcsId: 3039} | ret=SUCCESS |  
2019-08-21 19:24:20,407 | INFO  | DNAudit | user=null | ip=null | op=PUT_BLOCK {blockData=[blockId=conID: 3 locID: 102656603582562857 bcsId: 0,size=3145728]} | ret=SUCCESS |  
2019-08-21 19:24:20,407 | INFO  | DNAudit | user=null | ip=null | op=WRITE_CHUNK {blockData=conID: 3 locID: 102656603582562857 bcsId: 3039} | ret=SUCCESS |  
2019-08-21 19:24:20,407 | INFO  | DNAudit | user=null | ip=null | op=PUT_BLOCK {blockData=[blockId=conID: 3 locID: 102656603582562857 bcsId: 0,size=3145728]} | ret=SUCCESS |  
2019-08-21 19:24:20,407 | INFO  | DNAudit | user=null | ip=null | op=WRITE_CHUNK {blockData=conID: 3 locID: 102656603582562857 bcsId: 3045} | ret=SUCCESS |  
2019-08-21 19:24:20,408 | INFO  | DNAudit | user=null | ip=null | op=WRITE_CHUNK {blockData=conID: 3 locID: 102656603582562857 bcsId: 3045} | ret=SUCCESS |  
2019-08-21 19:24:20,430 | INFO  | DNAudit | user=null | ip=null | op=WRITE_CHUNK {blockData=conID: 3 locID: 102656603582562857 bcsId: 3045} | ret=SUCCESS |  
2019-08-21 19:24:20,430 | INFO  | DNAudit | user=null | ip=null | op=PUT_BLOCK {blockData=[blockId=conID: 3 locID: 102656603582562857 bcsId: 0,size=4194304]} | ret=SUCCESS |  
2019-08-21 19:24:20,431 [grpc-default-executor-2] INFO  client.GrpcClientProtocolClient (GrpcClientProtocolClient.java:onNext(255)) - client-DA9582518C67->1df8bd03-73ef-4b9c-8622-5dc9d0e29c31: receive RaftClientReply:client-DA9582518C67->1df8bd03-73ef-4b9c-8622-5dc9d0e29c31@group-F45402591F47, cid=2105, SUCCESS, logIndex=3048, commits[1df8bd03-73ef-4b9c-8622-5dc9d0e29c31:c3049, 12aca755-ada5-42df-801b-c61f99d8e8b8:c3045, a308b8bf-0324-43a1-a87f-1e10a96e3042:c3045]
2019-08-21 19:24:20,431 [grpc-default-executor-2] INFO  client.GrpcClientProtocolClient (GrpcClientProtocolClient.java:onNext(255)) - client-DA9582518C67->1df8bd03-73ef-4b9c-8622-5dc9d0e29c31: receive RaftClientReply:client-DA9582518C67->1df8bd03-73ef-4b9c-8622-5dc9d0e29c31@group-F45402591F47, cid=2106, SUCCESS, logIndex=3049, commits[1df8bd03-73ef-4b9c-8622-5dc9d0e29c31:c3049, 12aca755-ada5-42df-801b-c61f99d8e8b8:c3045, a308b8bf-0324-43a1-a87f-1e10a96e3042:c3045]
2019-08-21 19:24:20,433 | INFO  | DNAudit | user=null | ip=null | op=WRITE_CHUNK {blockData=conID: 3 locID: 102656603582562857 bcsId: 3045} | ret=SUCCESS |  
2019-08-21 19:24:20,433 | INFO  | DNAudit | user=null | ip=null | op=WRITE_CHUNK {blockData=conID: 3 locID: 102656603582562857 bcsId: 3045} | ret=SUCCESS |  
2019-08-21 19:24:20,433 | INFO  | DNAudit | user=null | ip=null | op=PUT_BLOCK {blockData=[blockId=conID: 3 locID: 102656603582562857 bcsId: 0,size=4194304]} | ret=SUCCESS |  
2019-08-21 19:24:20,434 | INFO  | DNAudit | user=null | ip=null | op=PUT_BLOCK {blockData=[blockId=conID: 3 locID: 102656603582562857 bcsId: 0,size=4194304]} | ret=SUCCESS |  
2019-08-21 19:24:20,434 [grpc-default-executor-4] INFO  client.GrpcClientProtocolClient (GrpcClientProtocolClient.java:onNext(255)) - client-DA9582518C67->1df8bd03-73ef-4b9c-8622-5dc9d0e29c31: receive RaftClientReply:client-DA9582518C67->1df8bd03-73ef-4b9c-8622-5dc9d0e29c31@group-F45402591F47, cid=2107, SUCCESS, logIndex=0, commits[1df8bd03-73ef-4b9c-8622-5dc9d0e29c31:c3050, 12aca755-ada5-42df-801b-c61f99d8e8b8:c3049, a308b8bf-0324-43a1-a87f-1e10a96e3042:c3049]
2019-08-21 19:24:20,439 | INFO  | SCMAudit | user=jenkins1000 | ip=192.168.69.88 | op=ALLOCATE_BLOCK {owner=a4b1d482-4fe6-4e71-84a6-a95f4ce3f696, size=4194304, type=RATIS, factor=THREE} | ret=SUCCESS |  
2019-08-21 19:24:20,441 | INFO  | OMAudit | user=jenkins1000 | ip=127.0.0.1 | op=ALLOCATE_BLOCK {volume=vol-0-90666, bucket=bucket-0-29336, key=key-0-94354, dataSize=0, replicationType=null, replicationFactor=null, keyLocationInfo=null, clientID=102656601977389458} | ret=SUCCESS |  
2019-08-21 19:24:20,447 | INFO  | DNAudit | user=null | ip=null | op=WRITE_CHUNK {blockData=conID: 1 locID: 102656603615265322 bcsId: 0} | ret=SUCCESS |  
2019-08-21 19:24:20,450 | INFO  | DNAudit | user=null | ip=null | op=WRITE_CHUNK {blockData=conID: 1 locID: 102656603615265322 bcsId: 0} | ret=SUCCESS |  
2019-08-21 19:24:20,451 | INFO  | DNAudit | user=null | ip=null | op=WRITE_CHUNK {blockData=conID: 1 locID: 102656603615265322 bcsId: 0} | ret=SUCCESS |  
2019-08-21 19:24:20,451 | INFO  | DNAudit | user=null | ip=null | op=WRITE_CHUNK {blockData=conID: 1 locID: 102656603615265322 bcsId: 0} | ret=SUCCESS |  
2019-08-21 19:24:20,453 | INFO  | DNAudit | user=null | ip=null | op=WRITE_CHUNK {blockData=conID: 1 locID: 102656603615265322 bcsId: 0} | ret=SUCCESS |  
2019-08-21 19:24:20,453 | INFO  | DNAudit | user=null | ip=null | op=WRITE_CHUNK {blockData=conID: 1 locID: 102656603615265322 bcsId: 0} | ret=SUCCESS |  
2019-08-21 19:24:20,460 | INFO  | DNAudit | user=null | ip=null | op=WRITE_CHUNK {blockData=conID: 1 locID: 102656603615265322 bcsId: 0} | ret=SUCCESS |  
2019-08-21 19:24:20,461 | INFO  | DNAudit | user=null | ip=null | op=PUT_BLOCK {blockData=[blockId=conID: 1 locID: 102656603615265322 bcsId: 0,size=1048576]} | ret=SUCCESS |  
2019-08-21 19:24:20,461 | INFO  | DNAudit | user=null | ip=null | op=WRITE_CHUNK {blockData=conID: 1 locID: 102656603615265322 bcsId: 0} | ret=SUCCESS |  
2019-08-21 19:24:20,461 [grpc-default-executor-0] INFO  client.GrpcClientProtocolClient (GrpcClientProtocolClient.java:onNext(255)) - client-DA9582518C67->1df8bd03-73ef-4b9c-8622-5dc9d0e29c31: receive RaftClientReply:client-DA9582518C67->1df8bd03-73ef-4b9c-8622-5dc9d0e29c31@group-F45402591F47, cid=2108, SUCCESS, logIndex=3051, commits[1df8bd03-73ef-4b9c-8622-5dc9d0e29c31:c3052, 12aca755-ada5-42df-801b-c61f99d8e8b8:c3050, a308b8bf-0324-43a1-a87f-1e10a96e3042:c3050]
2019-08-21 19:24:20,462 | INFO  | DNAudit | user=null | ip=null | op=PUT_BLOCK {blockData=[blockId=conID: 1 locID: 102656603615265322 bcsId: 0,size=2097152]} | ret=SUCCESS |  
2019-08-21 19:24:20,462 | INFO  | DNAudit | user=null | ip=null | op=WRITE_CHUNK {blockData=conID: 1 locID: 102656603615265322 bcsId: 0} | ret=SUCCESS |  
2019-08-21 19:24:20,462 | INFO  | DNAudit | user=null | ip=null | op=WRITE_CHUNK {blockData=conID: 1 locID: 102656603615265322 bcsId: 0} | ret=SUCCESS |  
2019-08-21 19:24:20,462 [grpc-default-executor-0] INFO  client.GrpcClientProtocolClient (GrpcClientProtocolClient.java:onNext(255)) - client-DA9582518C67->1df8bd03-73ef-4b9c-8622-5dc9d0e29c31: receive RaftClientReply:client-DA9582518C67->1df8bd03-73ef-4b9c-8622-5dc9d0e29c31@group-F45402591F47, cid=2109, SUCCESS, logIndex=3052, commits[1df8bd03-73ef-4b9c-8622-5dc9d0e29c31:c3054, 12aca755-ada5-42df-801b-c61f99d8e8b8:c3050, a308b8bf-0324-43a1-a87f-1e10a96e3042:c3050]
2019-08-21 19:24:20,462 [grpc-default-executor-4] INFO  client.GrpcClientProtocolClient (GrpcClientProtocolClient.java:onNext(255)) - client-DA9582518C67->1df8bd03-73ef-4b9c-8622-5dc9d0e29c31: receive RaftClientReply:client-DA9582518C67->1df8bd03-73ef-4b9c-8622-5dc9d0e29c31@group-F45402591F47, cid=2110, SUCCESS, logIndex=3053, commits[1df8bd03-73ef-4b9c-8622-5dc9d0e29c31:c3054, 12aca755-ada5-42df-801b-c61f99d8e8b8:c3050, a308b8bf-0324-43a1-a87f-1e10a96e3042:c3050]
2019-08-21 19:24:20,462 [grpc-default-executor-4] INFO  client.GrpcClientProtocolClient (GrpcClientProtocolClient.java:onNext(255)) - client-DA9582518C67->1df8bd03-73ef-4b9c-8622-5dc9d0e29c31: receive RaftClientReply:client-DA9582518C67->1df8bd03-73ef-4b9c-8622-5dc9d0e29c31@group-F45402591F47, cid=2111, SUCCESS, logIndex=3054, commits[1df8bd03-73ef-4b9c-8622-5dc9d0e29c31:c3054, 12aca755-ada5-42df-801b-c61f99d8e8b8:c3050, a308b8bf-0324-43a1-a87f-1e10a96e3042:c3050]
2019-08-21 19:24:20,464 | INFO  | DNAudit | user=null | ip=null | op=PUT_BLOCK {blockData=[blockId=conID: 1 locID: 102656603615265322 bcsId: 0,size=1048576]} | ret=SUCCESS |  
2019-08-21 19:24:20,465 | INFO  | DNAudit | user=null | ip=null | op=WRITE_CHUNK {blockData=conID: 1 locID: 102656603615265322 bcsId: 0} | ret=SUCCESS |  
2019-08-21 19:24:20,465 | INFO  | DNAudit | user=null | ip=null | op=PUT_BLOCK {blockData=[blockId=conID: 1 locID: 102656603615265322 bcsId: 0,size=2097152]} | ret=SUCCESS |  
2019-08-21 19:24:20,476 | INFO  | DNAudit | user=null | ip=null | op=PUT_BLOCK {blockData=[blockId=conID: 1 locID: 102656603615265322 bcsId: 0,size=1048576]} | ret=SUCCESS |  
2019-08-21 19:24:20,476 | INFO  | DNAudit | user=null | ip=null | op=WRITE_CHUNK {blockData=conID: 1 locID: 102656603615265322 bcsId: 0} | ret=SUCCESS |  
2019-08-21 19:24:20,476 | INFO  | DNAudit | user=null | ip=null | op=PUT_BLOCK {blockData=[blockId=conID: 1 locID: 102656603615265322 bcsId: 0,size=2097152]} | ret=SUCCESS |  
2019-08-21 19:24:20,476 [grpc-default-executor-4] INFO  client.GrpcClientProtocolClient (GrpcClientProtocolClient.java:onNext(255)) - client-DA9582518C67->1df8bd03-73ef-4b9c-8622-5dc9d0e29c31: receive RaftClientReply:client-DA9582518C67->1df8bd03-73ef-4b9c-8622-5dc9d0e29c31@group-F45402591F47, cid=2112, SUCCESS, logIndex=0, commits[1df8bd03-73ef-4b9c-8622-5dc9d0e29c31:c3057, 12aca755-ada5-42df-801b-c61f99d8e8b8:c3052, a308b8bf-0324-43a1-a87f-1e10a96e3042:c3054]
2019-08-21 19:24:20,482 | INFO  | DNAudit | user=null | ip=null | op=WRITE_CHUNK {blockData=conID: 1 locID: 102656603615265322 bcsId: 3054} | ret=SUCCESS |  
2019-08-21 19:24:20,484 | INFO  | DNAudit | user=null | ip=null | op=WRITE_CHUNK {blockData=conID: 1 locID: 102656603615265322 bcsId: 3054} | ret=SUCCESS |  
2019-08-21 19:24:20,484 | INFO  | DNAudit | user=null | ip=null | op=WRITE_CHUNK {blockData=conID: 1 locID: 102656603615265322 bcsId: 3054} | ret=SUCCESS |  
2019-08-21 19:24:20,495 | INFO  | DNAudit | user=null | ip=null | op=WRITE_CHUNK {blockData=conID: 1 locID: 102656603615265322 bcsId: 3054} | ret=SUCCESS |  
2019-08-21 19:24:20,495 | INFO  | DNAudit | user=null | ip=null | op=PUT_BLOCK {blockData=[blockId=conID: 1 locID: 102656603615265322 bcsId: 0,size=3145728]} | ret=SUCCESS |  
2019-08-21 19:24:20,495 [grpc-default-executor-0] INFO  client.GrpcClientProtocolClient (GrpcClientProtocolClient.java:onNext(255)) - client-DA9582518C67->1df8bd03-73ef-4b9c-8622-5dc9d0e29c31: receive RaftClientReply:client-DA9582518C67->1df8bd03-73ef-4b9c-8622-5dc9d0e29c31@group-F45402591F47, cid=2113, SUCCESS, logIndex=3058, commits[1df8bd03-73ef-4b9c-8622-5dc9d0e29c31:c3059, 12aca755-ada5-42df-801b-c61f99d8e8b8:c3057, a308b8bf-0324-43a1-a87f-1e10a96e3042:c3057]
2019-08-21 19:24:20,495 [grpc-default-executor-0] INFO  client.GrpcClientProtocolClient (GrpcClientProtocolClient.java:onNext(255)) - client-DA9582518C67->1df8bd03-73ef-4b9c-8622-5dc9d0e29c31: receive RaftClientReply:client-DA9582518C67->1df8bd03-73ef-4b9c-8622-5dc9d0e29c31@group-F45402591F47, cid=2114, SUCCESS, logIndex=3059, commits[1df8bd03-73ef-4b9c-8622-5dc9d0e29c31:c3059, 12aca755-ada5-42df-801b-c61f99d8e8b8:c3057, a308b8bf-0324-43a1-a87f-1e10a96e3042:c3057]
2019-08-21 19:24:20,502 | INFO  | DNAudit | user=null | ip=null | op=WRITE_CHUNK {blockData=conID: 1 locID: 102656603615265322 bcsId: 3059} | ret=SUCCESS |  
2019-08-21 19:24:20,504 | INFO  | DNAudit | user=null | ip=null | op=WRITE_CHUNK {blockData=conID: 1 locID: 102656603615265322 bcsId: 3059} | ret=SUCCESS |  
2019-08-21 19:24:20,505 | INFO  | DNAudit | user=null | ip=null | op=WRITE_CHUNK {blockData=conID: 1 locID: 102656603615265322 bcsId: 3059} | ret=SUCCESS |  
2019-08-21 19:24:20,508 | INFO  | DNAudit | user=null | ip=null | op=WRITE_CHUNK {blockData=conID: 1 locID: 102656603615265322 bcsId: 3054} | ret=SUCCESS |  
2019-08-21 19:24:20,508 | INFO  | DNAudit | user=null | ip=null | op=WRITE_CHUNK {blockData=conID: 1 locID: 102656603615265322 bcsId: 3054} | ret=SUCCESS |  
2019-08-21 19:24:20,508 | INFO  | DNAudit | user=null | ip=null | op=PUT_BLOCK {blockData=[blockId=conID: 1 locID: 102656603615265322 bcsId: 0,size=3145728]} | ret=SUCCESS |  
2019-08-21 19:24:20,508 | INFO  | DNAudit | user=null | ip=null | op=PUT_BLOCK {blockData=[blockId=conID: 1 locID: 102656603615265322 bcsId: 0,size=3145728]} | ret=SUCCESS |  
2019-08-21 19:24:20,522 | INFO  | DNAudit | user=null | ip=null | op=WRITE_CHUNK {blockData=conID: 1 locID: 102656603615265322 bcsId: 3059} | ret=SUCCESS |  
2019-08-21 19:24:20,522 | INFO  | DNAudit | user=null | ip=null | op=PUT_BLOCK {blockData=[blockId=conID: 1 locID: 102656603615265322 bcsId: 0,size=4194304]} | ret=SUCCESS |  
2019-08-21 19:24:20,522 [grpc-default-executor-4] INFO  client.GrpcClientProtocolClient (GrpcClientProtocolClient.java:onNext(255)) - client-DA9582518C67->1df8bd03-73ef-4b9c-8622-5dc9d0e29c31: receive RaftClientReply:client-DA9582518C67->1df8bd03-73ef-4b9c-8622-5dc9d0e29c31@group-F45402591F47, cid=2115, SUCCESS, logIndex=3062, commits[1df8bd03-73ef-4b9c-8622-5dc9d0e29c31:c3063, 12aca755-ada5-42df-801b-c61f99d8e8b8:c3059, a308b8bf-0324-43a1-a87f-1e10a96e3042:c3059]
2019-08-21 19:24:20,523 [grpc-default-executor-4] INFO  client.GrpcClientProtocolClient (GrpcClientProtocolClient.java:onNext(255)) - client-DA9582518C67->1df8bd03-73ef-4b9c-8622-5dc9d0e29c31: receive RaftClientReply:client-DA9582518C67->1df8bd03-73ef-4b9c-8622-5dc9d0e29c31@group-F45402591F47, cid=2116, SUCCESS, logIndex=3063, commits[1df8bd03-73ef-4b9c-8622-5dc9d0e29c31:c3063, 12aca755-ada5-42df-801b-c61f99d8e8b8:c3059, a308b8bf-0324-43a1-a87f-1e10a96e3042:c3059]
2019-08-21 19:24:20,535 | INFO  | DNAudit | user=null | ip=null | op=WRITE_CHUNK {blockData=conID: 1 locID: 102656603615265322 bcsId: 3059} | ret=SUCCESS |  
2019-08-21 19:24:20,535 | INFO  | DNAudit | user=null | ip=null | op=WRITE_CHUNK {blockData=conID: 1 locID: 102656603615265322 bcsId: 3059} | ret=SUCCESS |  
2019-08-21 19:24:20,535 | INFO  | DNAudit | user=null | ip=null | op=PUT_BLOCK {blockData=[blockId=conID: 1 locID: 102656603615265322 bcsId: 0,size=4194304]} | ret=SUCCESS |  
2019-08-21 19:24:20,546 | INFO  | DNAudit | user=null | ip=null | op=PUT_BLOCK {blockData=[blockId=conID: 1 locID: 102656603615265322 bcsId: 0,size=4194304]} | ret=SUCCESS |  
2019-08-21 19:24:20,547 [grpc-default-executor-4] INFO  client.GrpcClientProtocolClient (GrpcClientProtocolClient.java:onNext(255)) - client-DA9582518C67->1df8bd03-73ef-4b9c-8622-5dc9d0e29c31: receive RaftClientReply:client-DA9582518C67->1df8bd03-73ef-4b9c-8622-5dc9d0e29c31@group-F45402591F47, cid=2117, SUCCESS, logIndex=0, commits[1df8bd03-73ef-4b9c-8622-5dc9d0e29c31:c3065, 12aca755-ada5-42df-801b-c61f99d8e8b8:c3063, a308b8bf-0324-43a1-a87f-1e10a96e3042:c3063]
2019-08-21 19:24:20,551 | INFO  | SCMAudit | user=jenkins1000 | ip=192.168.69.88 | op=ALLOCATE_BLOCK {owner=a4b1d482-4fe6-4e71-84a6-a95f4ce3f696, size=4194304, type=RATIS, factor=THREE} | ret=SUCCESS |  
2019-08-21 19:24:20,554 | INFO  | OMAudit | user=jenkins1000 | ip=127.0.0.1 | op=ALLOCATE_BLOCK {volume=vol-0-90666, bucket=bucket-0-29336, key=key-0-94354, dataSize=0, replicationType=null, replicationFactor=null, keyLocationInfo=null, clientID=102656601977389458} | ret=SUCCESS |  
2019-08-21 19:24:20,559 | INFO  | DNAudit | user=null | ip=null | op=WRITE_CHUNK {blockData=conID: 2 locID: 102656603622670891 bcsId: 0} | ret=SUCCESS |  
2019-08-21 19:24:20,563 | INFO  | DNAudit | user=null | ip=null | op=WRITE_CHUNK {blockData=conID: 2 locID: 102656603622670891 bcsId: 0} | ret=SUCCESS |  
2019-08-21 19:24:20,564 | INFO  | DNAudit | user=null | ip=null | op=WRITE_CHUNK {blockData=conID: 2 locID: 102656603622670891 bcsId: 0} | ret=SUCCESS |  
2019-08-21 19:24:20,564 | INFO  | DNAudit | user=null | ip=null | op=WRITE_CHUNK {blockData=conID: 2 locID: 102656603622670891 bcsId: 0} | ret=SUCCESS |  
2019-08-21 19:24:20,565 | INFO  | DNAudit | user=null | ip=null | op=WRITE_CHUNK {blockData=conID: 2 locID: 102656603622670891 bcsId: 0} | ret=SUCCESS |  
2019-08-21 19:24:20,565 | INFO  | DNAudit | user=null | ip=null | op=WRITE_CHUNK {blockData=conID: 2 locID: 102656603622670891 bcsId: 0} | ret=SUCCESS |  
2019-08-21 19:24:20,572 | INFO  | DNAudit | user=null | ip=null | op=WRITE_CHUNK {blockData=conID: 2 locID: 102656603622670891 bcsId: 0} | ret=SUCCESS |  
2019-08-21 19:24:20,572 | INFO  | DNAudit | user=null | ip=null | op=PUT_BLOCK {blockData=[blockId=conID: 2 locID: 102656603622670891 bcsId: 0,size=1048576]} | ret=SUCCESS |  
2019-08-21 19:24:20,572 [grpc-default-executor-4] INFO  client.GrpcClientProtocolClient (GrpcClientProtocolClient.java:onNext(255)) - client-DA9582518C67->1df8bd03-73ef-4b9c-8622-5dc9d0e29c31: receive RaftClientReply:client-DA9582518C67->1df8bd03-73ef-4b9c-8622-5dc9d0e29c31@group-F45402591F47, cid=2118, SUCCESS, logIndex=3066, commits[1df8bd03-73ef-4b9c-8622-5dc9d0e29c31:c3067, 12aca755-ada5-42df-801b-c61f99d8e8b8:c3065, a308b8bf-0324-43a1-a87f-1e10a96e3042:c3065]
2019-08-21 19:24:20,573 [grpc-default-executor-4] INFO  client.GrpcClientProtocolClient (GrpcClientProtocolClient.java:onNext(255)) - client-DA9582518C67->1df8bd03-73ef-4b9c-8622-5dc9d0e29c31: receive RaftClientReply:client-DA9582518C67->1df8bd03-73ef-4b9c-8622-5dc9d0e29c31@group-F45402591F47, cid=2119, SUCCESS, logIndex=3067, commits[1df8bd03-73ef-4b9c-8622-5dc9d0e29c31:c3067, 12aca755-ada5-42df-801b-c61f99d8e8b8:c3065, a308b8bf-0324-43a1-a87f-1e10a96e3042:c3065]
2019-08-21 19:24:20,580 | INFO  | DNAudit | user=null | ip=null | op=WRITE_CHUNK {blockData=conID: 2 locID: 102656603622670891 bcsId: 0} | ret=SUCCESS |  
2019-08-21 19:24:20,580 | INFO  | DNAudit | user=null | ip=null | op=PUT_BLOCK {blockData=[blockId=conID: 2 locID: 102656603622670891 bcsId: 0,size=2097152]} | ret=SUCCESS |  
2019-08-21 19:24:20,580 [grpc-default-executor-0] INFO  client.GrpcClientProtocolClient (GrpcClientProtocolClient.java:onNext(255)) - client-DA9582518C67->1df8bd03-73ef-4b9c-8622-5dc9d0e29c31: receive RaftClientReply:client-DA9582518C67->1df8bd03-73ef-4b9c-8622-5dc9d0e29c31@group-F45402591F47, cid=2120, SUCCESS, logIndex=3068, commits[1df8bd03-73ef-4b9c-8622-5dc9d0e29c31:c3069, 12aca755-ada5-42df-801b-c61f99d8e8b8:c3065, a308b8bf-0324-43a1-a87f-1e10a96e3042:c3065]
2019-08-21 19:24:20,581 [grpc-default-executor-0] INFO  client.GrpcClientProtocolClient (GrpcClientProtocolClient.java:onNext(255)) - client-DA9582518C67->1df8bd03-73ef-4b9c-8622-5dc9d0e29c31: receive RaftClientReply:client-DA9582518C67->1df8bd03-73ef-4b9c-8622-5dc9d0e29c31@group-F45402591F47, cid=2121, SUCCESS, logIndex=3069, commits[1df8bd03-73ef-4b9c-8622-5dc9d0e29c31:c3069, 12aca755-ada5-42df-801b-c61f99d8e8b8:c3065, a308b8bf-0324-43a1-a87f-1e10a96e3042:c3065]
2019-08-21 19:24:20,582 | INFO  | DNAudit | user=null | ip=null | op=WRITE_CHUNK {blockData=conID: 2 locID: 102656603622670891 bcsId: 0} | ret=SUCCESS |  
2019-08-21 19:24:20,593 | INFO  | DNAudit | user=null | ip=null | op=WRITE_CHUNK {blockData=conID: 2 locID: 102656603622670891 bcsId: 0} | ret=SUCCESS |  
2019-08-21 19:24:20,593 | INFO  | DNAudit | user=null | ip=null | op=PUT_BLOCK {blockData=[blockId=conID: 2 locID: 102656603622670891 bcsId: 0,size=1048576]} | ret=SUCCESS |  
2019-08-21 19:24:20,593 | INFO  | DNAudit | user=null | ip=null | op=PUT_BLOCK {blockData=[blockId=conID: 2 locID: 102656603622670891 bcsId: 0,size=1048576]} | ret=SUCCESS |  
2019-08-21 19:24:20,594 | INFO  | DNAudit | user=null | ip=null | op=WRITE_CHUNK {blockData=conID: 2 locID: 102656603622670891 bcsId: 0} | ret=SUCCESS |  
2019-08-21 19:24:20,594 | INFO  | DNAudit | user=null | ip=null | op=WRITE_CHUNK {blockData=conID: 2 locID: 102656603622670891 bcsId: 0} | ret=SUCCESS |  
2019-08-21 19:24:20,594 | INFO  | DNAudit | user=null | ip=null | op=PUT_BLOCK {blockData=[blockId=conID: 2 locID: 102656603622670891 bcsId: 0,size=2097152]} | ret=SUCCESS |  
2019-08-21 19:24:20,594 | INFO  | DNAudit | user=null | ip=null | op=PUT_BLOCK {blockData=[blockId=conID: 2 locID: 102656603622670891 bcsId: 0,size=2097152]} | ret=SUCCESS |  
2019-08-21 19:24:20,594 [grpc-default-executor-0] INFO  client.GrpcClientProtocolClient (GrpcClientProtocolClient.java:onNext(255)) - client-DA9582518C67->1df8bd03-73ef-4b9c-8622-5dc9d0e29c31: receive RaftClientReply:client-DA9582518C67->1df8bd03-73ef-4b9c-8622-5dc9d0e29c31@group-F45402591F47, cid=2122, SUCCESS, logIndex=0, commits[1df8bd03-73ef-4b9c-8622-5dc9d0e29c31:c3071, 12aca755-ada5-42df-801b-c61f99d8e8b8:c3067, a308b8bf-0324-43a1-a87f-1e10a96e3042:c3067]
2019-08-21 19:24:20,599 | INFO  | DNAudit | user=null | ip=null | op=WRITE_CHUNK {blockData=conID: 2 locID: 102656603622670891 bcsId: 3069} | ret=SUCCESS |  
2019-08-21 19:24:20,602 | INFO  | DNAudit | user=null | ip=null | op=WRITE_CHUNK {blockData=conID: 2 locID: 102656603622670891 bcsId: 3069} | ret=SUCCESS |  
2019-08-21 19:24:20,603 | INFO  | DNAudit | user=null | ip=null | op=WRITE_CHUNK {blockData=conID: 2 locID: 102656603622670891 bcsId: 3069} | ret=SUCCESS |  
2019-08-21 19:24:20,608 | INFO  | DNAudit | user=null | ip=null | op=WRITE_CHUNK {blockData=conID: 2 locID: 102656603622670891 bcsId: 3069} | ret=SUCCESS |  
2019-08-21 19:24:20,609 | INFO  | DNAudit | user=null | ip=null | op=PUT_BLOCK {blockData=[blockId=conID: 2 locID: 102656603622670891 bcsId: 0,size=3145728]} | ret=SUCCESS |  
2019-08-21 19:24:20,609 [grpc-default-executor-4] INFO  client.GrpcClientProtocolClient (GrpcClientProtocolClient.java:onNext(255)) - client-DA9582518C67->1df8bd03-73ef-4b9c-8622-5dc9d0e29c31: receive RaftClientReply:client-DA9582518C67->1df8bd03-73ef-4b9c-8622-5dc9d0e29c31@group-F45402591F47, cid=2123, SUCCESS, logIndex=3073, commits[1df8bd03-73ef-4b9c-8622-5dc9d0e29c31:c3074, 12aca755-ada5-42df-801b-c61f99d8e8b8:c3072, a308b8bf-0324-43a1-a87f-1e10a96e3042:c3072]
2019-08-21 19:24:20,609 [grpc-default-executor-4] INFO  client.GrpcClientProtocolClient (GrpcClientProtocolClient.java:onNext(255)) - client-DA9582518C67->1df8bd03-73ef-4b9c-8622-5dc9d0e29c31: receive RaftClientReply:client-DA9582518C67->1df8bd03-73ef-4b9c-8622-5dc9d0e29c31@group-F45402591F47, cid=2124, SUCCESS, logIndex=3074, commits[1df8bd03-73ef-4b9c-8622-5dc9d0e29c31:c3074, 12aca755-ada5-42df-801b-c61f99d8e8b8:c3072, a308b8bf-0324-43a1-a87f-1e10a96e3042:c3072]
2019-08-21 19:24:20,615 | INFO  | DNAudit | user=null | ip=null | op=WRITE_CHUNK {blockData=conID: 2 locID: 102656603622670891 bcsId: 3074} | ret=SUCCESS |  
2019-08-21 19:24:20,616 | INFO  | DNAudit | user=null | ip=null | op=WRITE_CHUNK {blockData=conID: 2 locID: 102656603622670891 bcsId: 3074} | ret=SUCCESS |  
2019-08-21 19:24:20,617 | INFO  | DNAudit | user=null | ip=null | op=WRITE_CHUNK {blockData=conID: 2 locID: 102656603622670891 bcsId: 3074} | ret=SUCCESS |  
2019-08-21 19:24:20,621 | INFO  | DNAudit | user=null | ip=null | op=WRITE_CHUNK {blockData=conID: 2 locID: 102656603622670891 bcsId: 3069} | ret=SUCCESS |  
2019-08-21 19:24:20,622 | INFO  | DNAudit | user=null | ip=null | op=WRITE_CHUNK {blockData=conID: 2 locID: 102656603622670891 bcsId: 3069} | ret=SUCCESS |  
2019-08-21 19:24:20,635 | INFO  | DNAudit | user=null | ip=null | op=PUT_BLOCK {blockData=[blockId=conID: 2 locID: 102656603622670891 bcsId: 0,size=3145728]} | ret=SUCCESS |  
2019-08-21 19:24:20,635 | INFO  | DNAudit | user=null | ip=null | op=PUT_BLOCK {blockData=[blockId=conID: 2 locID: 102656603622670891 bcsId: 0,size=3145728]} | ret=SUCCESS |  
2019-08-21 19:24:20,635 | INFO  | DNAudit | user=null | ip=null | op=WRITE_CHUNK {blockData=conID: 2 locID: 102656603622670891 bcsId: 3074} | ret=SUCCESS |  
2019-08-21 19:24:20,636 | INFO  | DNAudit | user=null | ip=null | op=PUT_BLOCK {blockData=[blockId=conID: 2 locID: 102656603622670891 bcsId: 0,size=4194304]} | ret=SUCCESS |  
2019-08-21 19:24:20,636 [grpc-default-executor-4] INFO  client.GrpcClientProtocolClient (GrpcClientProtocolClient.java:onNext(255)) - client-DA9582518C67->1df8bd03-73ef-4b9c-8622-5dc9d0e29c31: receive RaftClientReply:client-DA9582518C67->1df8bd03-73ef-4b9c-8622-5dc9d0e29c31@group-F45402591F47, cid=2125, SUCCESS, logIndex=3077, commits[1df8bd03-73ef-4b9c-8622-5dc9d0e29c31:c3078, 12aca755-ada5-42df-801b-c61f99d8e8b8:c3074, a308b8bf-0324-43a1-a87f-1e10a96e3042:c3074]
2019-08-21 19:24:20,636 [grpc-default-executor-4] INFO  client.GrpcClientProtocolClient (GrpcClientProtocolClient.java:onNext(255)) - client-DA9582518C67->1df8bd03-73ef-4b9c-8622-5dc9d0e29c31: receive RaftClientReply:client-DA9582518C67->1df8bd03-73ef-4b9c-8622-5dc9d0e29c31@group-F45402591F47, cid=2126, SUCCESS, logIndex=3078, commits[1df8bd03-73ef-4b9c-8622-5dc9d0e29c31:c3078, 12aca755-ada5-42df-801b-c61f99d8e8b8:c3074, a308b8bf-0324-43a1-a87f-1e10a96e3042:c3074]
2019-08-21 19:24:20,641 | INFO  | DNAudit | user=null | ip=null | op=WRITE_CHUNK {blockData=conID: 2 locID: 102656603622670891 bcsId: 3074} | ret=SUCCESS |  
2019-08-21 19:24:20,642 | INFO  | DNAudit | user=null | ip=null | op=WRITE_CHUNK {blockData=conID: 2 locID: 102656603622670891 bcsId: 3074} | ret=SUCCESS |  
2019-08-21 19:24:20,644 | INFO  | DNAudit | user=null | ip=null | op=PUT_BLOCK {blockData=[blockId=conID: 2 locID: 102656603622670891 bcsId: 0,size=4194304]} | ret=SUCCESS |  
2019-08-21 19:24:20,644 | INFO  | DNAudit | user=null | ip=null | op=PUT_BLOCK {blockData=[blockId=conID: 2 locID: 102656603622670891 bcsId: 0,size=4194304]} | ret=SUCCESS |  
2019-08-21 19:24:20,645 [grpc-default-executor-4] INFO  client.GrpcClientProtocolClient (GrpcClientProtocolClient.java:onNext(255)) - client-DA9582518C67->1df8bd03-73ef-4b9c-8622-5dc9d0e29c31: receive RaftClientReply:client-DA9582518C67->1df8bd03-73ef-4b9c-8622-5dc9d0e29c31@group-F45402591F47, cid=2127, SUCCESS, logIndex=0, commits[1df8bd03-73ef-4b9c-8622-5dc9d0e29c31:c3080, 12aca755-ada5-42df-801b-c61f99d8e8b8:c3078, a308b8bf-0324-43a1-a87f-1e10a96e3042:c3078]
2019-08-21 19:24:20,649 | INFO  | SCMAudit | user=jenkins1000 | ip=192.168.69.88 | op=ALLOCATE_BLOCK {owner=a4b1d482-4fe6-4e71-84a6-a95f4ce3f696, size=4194304, type=RATIS, factor=THREE} | ret=SUCCESS |  
2019-08-21 19:24:20,651 | INFO  | OMAudit | user=jenkins1000 | ip=127.0.0.1 | op=ALLOCATE_BLOCK {volume=vol-0-90666, bucket=bucket-0-29336, key=key-0-94354, dataSize=0, replicationType=null, replicationFactor=null, keyLocationInfo=null, clientID=102656601977389458} | ret=SUCCESS |  
2019-08-21 19:24:20,656 | INFO  | DNAudit | user=null | ip=null | op=WRITE_CHUNK {blockData=conID: 3 locID: 102656603629027884 bcsId: 0} | ret=SUCCESS |  
2019-08-21 19:24:20,658 | INFO  | DNAudit | user=null | ip=null | op=WRITE_CHUNK {blockData=conID: 3 locID: 102656603629027884 bcsId: 0} | ret=SUCCESS |  
2019-08-21 19:24:20,660 | INFO  | DNAudit | user=null | ip=null | op=WRITE_CHUNK {blockData=conID: 3 locID: 102656603629027884 bcsId: 0} | ret=SUCCESS |  
2019-08-21 19:24:20,660 | INFO  | DNAudit | user=null | ip=null | op=WRITE_CHUNK {blockData=conID: 3 locID: 102656603629027884 bcsId: 0} | ret=SUCCESS |  
2019-08-21 19:24:20,662 | INFO  | DNAudit | user=null | ip=null | op=WRITE_CHUNK {blockData=conID: 3 locID: 102656603629027884 bcsId: 0} | ret=SUCCESS |  
2019-08-21 19:24:20,662 | INFO  | DNAudit | user=null | ip=null | op=WRITE_CHUNK {blockData=conID: 3 locID: 102656603629027884 bcsId: 0} | ret=SUCCESS |  
2019-08-21 19:24:20,670 | INFO  | DNAudit | user=null | ip=null | op=WRITE_CHUNK {blockData=conID: 3 locID: 102656603629027884 bcsId: 0} | ret=SUCCESS |  
2019-08-21 19:24:20,670 | INFO  | DNAudit | user=null | ip=null | op=PUT_BLOCK {blockData=[blockId=conID: 3 locID: 102656603629027884 bcsId: 0,size=1048576]} | ret=SUCCESS |  
2019-08-21 19:24:20,670 [grpc-default-executor-4] INFO  client.GrpcClientProtocolClient (GrpcClientProtocolClient.java:onNext(255)) - client-DA9582518C67->1df8bd03-73ef-4b9c-8622-5dc9d0e29c31: receive RaftClientReply:client-DA9582518C67->1df8bd03-73ef-4b9c-8622-5dc9d0e29c31@group-F45402591F47, cid=2128, SUCCESS, logIndex=3081, commits[1df8bd03-73ef-4b9c-8622-5dc9d0e29c31:c3082, 12aca755-ada5-42df-801b-c61f99d8e8b8:c3080, a308b8bf-0324-43a1-a87f-1e10a96e3042:c3080]
2019-08-21 19:24:20,671 [grpc-default-executor-4] INFO  client.GrpcClientProtocolClient (GrpcClientProtocolClient.java:onNext(255)) - client-DA9582518C67->1df8bd03-73ef-4b9c-8622-5dc9d0e29c31: receive RaftClientReply:client-DA9582518C67->1df8bd03-73ef-4b9c-8622-5dc9d0e29c31@group-F45402591F47, cid=2129, SUCCESS, logIndex=3082, commits[1df8bd03-73ef-4b9c-8622-5dc9d0e29c31:c3082, 12aca755-ada5-42df-801b-c61f99d8e8b8:c3080, a308b8bf-0324-43a1-a87f-1e10a96e3042:c3080]
2019-08-21 19:24:20,680 | INFO  | DNAudit | user=null | ip=null | op=WRITE_CHUNK {blockData=conID: 3 locID: 102656603629027884 bcsId: 0} | ret=SUCCESS |  
2019-08-21 19:24:20,680 | INFO  | DNAudit | user=null | ip=null | op=PUT_BLOCK {blockData=[blockId=conID: 3 locID: 102656603629027884 bcsId: 0,size=2097152]} | ret=SUCCESS |  
2019-08-21 19:24:20,680 [grpc-default-executor-0] INFO  client.GrpcClientProtocolClient (GrpcClientProtocolClient.java:onNext(255)) - client-DA9582518C67->1df8bd03-73ef-4b9c-8622-5dc9d0e29c31: receive RaftClientReply:client-DA9582518C67->1df8bd03-73ef-4b9c-8622-5dc9d0e29c31@group-F45402591F47, cid=2130, SUCCESS, logIndex=3083, commits[1df8bd03-73ef-4b9c-8622-5dc9d0e29c31:c3084, 12aca755-ada5-42df-801b-c61f99d8e8b8:c3080, a308b8bf-0324-43a1-a87f-1e10a96e3042:c3080]
2019-08-21 19:24:20,681 [grpc-default-executor-0] INFO  client.GrpcClientProtocolClient (GrpcClientProtocolClient.java:onNext(255)) - client-DA9582518C67->1df8bd03-73ef-4b9c-8622-5dc9d0e29c31: receive RaftClientReply:client-DA9582518C67->1df8bd03-73ef-4b9c-8622-5dc9d0e29c31@group-F45402591F47, cid=2131, SUCCESS, logIndex=3084, commits[1df8bd03-73ef-4b9c-8622-5dc9d0e29c31:c3084, 12aca755-ada5-42df-801b-c61f99d8e8b8:c3080, a308b8bf-0324-43a1-a87f-1e10a96e3042:c3080]
2019-08-21 19:24:20,682 | INFO  | DNAudit | user=null | ip=null | op=WRITE_CHUNK {blockData=conID: 3 locID: 102656603629027884 bcsId: 0} | ret=SUCCESS |  
2019-08-21 19:24:20,695 | INFO  | DNAudit | user=null | ip=null | op=WRITE_CHUNK {blockData=conID: 3 locID: 102656603629027884 bcsId: 0} | ret=SUCCESS |  
2019-08-21 19:24:20,695 | INFO  | DNAudit | user=null | ip=null | op=PUT_BLOCK {blockData=[blockId=conID: 3 locID: 102656603629027884 bcsId: 0,size=1048576]} | ret=SUCCESS |  
2019-08-21 19:24:20,695 | INFO  | DNAudit | user=null | ip=null | op=PUT_BLOCK {blockData=[blockId=conID: 3 locID: 102656603629027884 bcsId: 0,size=1048576]} | ret=SUCCESS |  
2019-08-21 19:24:20,695 | INFO  | DNAudit | user=null | ip=null | op=WRITE_CHUNK {blockData=conID: 3 locID: 102656603629027884 bcsId: 0} | ret=SUCCESS |  
2019-08-21 19:24:20,695 | INFO  | DNAudit | user=null | ip=null | op=PUT_BLOCK {blockData=[blockId=conID: 3 locID: 102656603629027884 bcsId: 0,size=2097152]} | ret=SUCCESS |  
2019-08-21 19:24:20,695 | INFO  | DNAudit | user=null | ip=null | op=WRITE_CHUNK {blockData=conID: 3 locID: 102656603629027884 bcsId: 0} | ret=SUCCESS |  
2019-08-21 19:24:20,695 | INFO  | DNAudit | user=null | ip=null | op=PUT_BLOCK {blockData=[blockId=conID: 3 locID: 102656603629027884 bcsId: 0,size=2097152]} | ret=SUCCESS |  
2019-08-21 19:24:20,695 [grpc-default-executor-4] INFO  client.GrpcClientProtocolClient (GrpcClientProtocolClient.java:onNext(255)) - client-DA9582518C67->1df8bd03-73ef-4b9c-8622-5dc9d0e29c31: receive RaftClientReply:client-DA9582518C67->1df8bd03-73ef-4b9c-8622-5dc9d0e29c31@group-F45402591F47, cid=2132, SUCCESS, logIndex=0, commits[1df8bd03-73ef-4b9c-8622-5dc9d0e29c31:c3086, 12aca755-ada5-42df-801b-c61f99d8e8b8:c3082, a308b8bf-0324-43a1-a87f-1e10a96e3042:c3082]
2019-08-21 19:24:20,701 | INFO  | DNAudit | user=null | ip=null | op=WRITE_CHUNK {blockData=conID: 3 locID: 102656603629027884 bcsId: 3084} | ret=SUCCESS |  
2019-08-21 19:24:20,703 | INFO  | DNAudit | user=null | ip=null | op=WRITE_CHUNK {blockData=conID: 3 locID: 102656603629027884 bcsId: 3084} | ret=SUCCESS |  
2019-08-21 19:24:20,704 | INFO  | DNAudit | user=null | ip=null | op=WRITE_CHUNK {blockData=conID: 3 locID: 102656603629027884 bcsId: 3084} | ret=SUCCESS |  
2019-08-21 19:24:20,707 | INFO  | DNAudit | user=null | ip=null | op=WRITE_CHUNK {blockData=conID: 3 locID: 102656603629027884 bcsId: 3084} | ret=SUCCESS |  
2019-08-21 19:24:20,707 | INFO  | DNAudit | user=null | ip=null | op=PUT_BLOCK {blockData=[blockId=conID: 3 locID: 102656603629027884 bcsId: 0,size=3145728]} | ret=SUCCESS |  
2019-08-21 19:24:20,707 [grpc-default-executor-2] INFO  client.GrpcClientProtocolClient (GrpcClientProtocolClient.java:onNext(255)) - client-DA9582518C67->1df8bd03-73ef-4b9c-8622-5dc9d0e29c31: receive RaftClientReply:client-DA9582518C67->1df8bd03-73ef-4b9c-8622-5dc9d0e29c31@group-F45402591F47, cid=2133, SUCCESS, logIndex=3088, commits[1df8bd03-73ef-4b9c-8622-5dc9d0e29c31:c3089, 12aca755-ada5-42df-801b-c61f99d8e8b8:c3086, a308b8bf-0324-43a1-a87f-1e10a96e3042:c3086]
2019-08-21 19:24:20,708 [grpc-default-executor-2] INFO  client.GrpcClientProtocolClient (GrpcClientProtocolClient.java:onNext(255)) - client-DA9582518C67->1df8bd03-73ef-4b9c-8622-5dc9d0e29c31: receive RaftClientReply:client-DA9582518C67->1df8bd03-73ef-4b9c-8622-5dc9d0e29c31@group-F45402591F47, cid=2134, SUCCESS, logIndex=3089, commits[1df8bd03-73ef-4b9c-8622-5dc9d0e29c31:c3089, 12aca755-ada5-42df-801b-c61f99d8e8b8:c3086, a308b8bf-0324-43a1-a87f-1e10a96e3042:c3086]
2019-08-21 19:24:20,710 | INFO  | DNAudit | user=null | ip=null | op=WRITE_CHUNK {blockData=conID: 3 locID: 102656603629027884 bcsId: 3084} | ret=SUCCESS |  
2019-08-21 19:24:20,710 | INFO  | DNAudit | user=null | ip=null | op=WRITE_CHUNK {blockData=conID: 3 locID: 102656603629027884 bcsId: 3084} | ret=SUCCESS |  
2019-08-21 19:24:20,710 | INFO  | DNAudit | user=null | ip=null | op=PUT_BLOCK {blockData=[blockId=conID: 3 locID: 102656603629027884 bcsId: 0,size=3145728]} | ret=SUCCESS |  
2019-08-21 19:24:20,710 | INFO  | DNAudit | user=null | ip=null | op=PUT_BLOCK {blockData=[blockId=conID: 3 locID: 102656603629027884 bcsId: 0,size=3145728]} | ret=SUCCESS |  
 0.00% |█                                                                                                    |  0/1 Time: 0:00:252019-08-21 19:24:20,714 | INFO  | SCMAudit | user=jenkins1000 | ip=192.168.69.88 | op=SEND_HEARTBEAT {datanodeUUID=c4b21f74-9dba-4f39-a92d-300bdd5c7775, command=[]} | ret=SUCCESS |  
2019-08-21 19:24:20,715 | INFO  | DNAudit | user=null | ip=null | op=WRITE_CHUNK {blockData=conID: 3 locID: 102656603629027884 bcsId: 3089} | ret=SUCCESS |  
2019-08-21 19:24:20,717 | INFO  | DNAudit | user=null | ip=null | op=WRITE_CHUNK {blockData=conID: 3 locID: 102656603629027884 bcsId: 3089} | ret=SUCCESS |  
2019-08-21 19:24:20,718 | INFO  | DNAudit | user=null | ip=null | op=WRITE_CHUNK {blockData=conID: 3 locID: 102656603629027884 bcsId: 3089} | ret=SUCCESS |  
2019-08-21 19:24:20,727 | INFO  | DNAudit | user=null | ip=null | op=WRITE_CHUNK {blockData=conID: 3 locID: 102656603629027884 bcsId: 3089} | ret=SUCCESS |  
2019-08-21 19:24:20,727 | INFO  | DNAudit | user=null | ip=null | op=PUT_BLOCK {blockData=[blockId=conID: 3 locID: 102656603629027884 bcsId: 0,size=4194304]} | ret=SUCCESS |  
2019-08-21 19:24:20,728 [grpc-default-executor-4] INFO  client.GrpcClientProtocolClient (GrpcClientProtocolClient.java:onNext(255)) - client-DA9582518C67->1df8bd03-73ef-4b9c-8622-5dc9d0e29c31: receive RaftClientReply:client-DA9582518C67->1df8bd03-73ef-4b9c-8622-5dc9d0e29c31@group-F45402591F47, cid=2135, SUCCESS, logIndex=3092, commits[1df8bd03-73ef-4b9c-8622-5dc9d0e29c31:c3093, 12aca755-ada5-42df-801b-c61f99d8e8b8:c3091, a308b8bf-0324-43a1-a87f-1e10a96e3042:c3091]
2019-08-21 19:24:20,728 [grpc-default-executor-4] INFO  client.GrpcClientProtocolClient (GrpcClientProtocolClient.java:onNext(255)) - client-DA9582518C67->1df8bd03-73ef-4b9c-8622-5dc9d0e29c31: receive RaftClientReply:client-DA9582518C67->1df8bd03-73ef-4b9c-8622-5dc9d0e29c31@group-F45402591F47, cid=2136, SUCCESS, logIndex=3093, commits[1df8bd03-73ef-4b9c-8622-5dc9d0e29c31:c3093, 12aca755-ada5-42df-801b-c61f99d8e8b8:c3091, a308b8bf-0324-43a1-a87f-1e10a96e3042:c3091]
2019-08-21 19:24:20,738 | INFO  | DNAudit | user=null | ip=null | op=WRITE_CHUNK {blockData=conID: 3 locID: 102656603629027884 bcsId: 3089} | ret=SUCCESS |  
2019-08-21 19:24:20,738 | INFO  | DNAudit | user=null | ip=null | op=WRITE_CHUNK {blockData=conID: 3 locID: 102656603629027884 bcsId: 3089} | ret=SUCCESS |  
2019-08-21 19:24:20,740 | INFO  | DNAudit | user=null | ip=null | op=PUT_BLOCK {blockData=[blockId=conID: 3 locID: 102656603629027884 bcsId: 0,size=4194304]} | ret=SUCCESS |  
2019-08-21 19:24:20,740 | INFO  | DNAudit | user=null | ip=null | op=PUT_BLOCK {blockData=[blockId=conID: 3 locID: 102656603629027884 bcsId: 0,size=4194304]} | ret=SUCCESS |  
2019-08-21 19:24:20,741 [grpc-default-executor-4] INFO  client.GrpcClientProtocolClient (GrpcClientProtocolClient.java:onNext(255)) - client-DA9582518C67->1df8bd03-73ef-4b9c-8622-5dc9d0e29c31: receive RaftClientReply:client-DA9582518C67->1df8bd03-73ef-4b9c-8622-5dc9d0e29c31@group-F45402591F47, cid=2137, SUCCESS, logIndex=0, commits[1df8bd03-73ef-4b9c-8622-5dc9d0e29c31:c3095, 12aca755-ada5-42df-801b-c61f99d8e8b8:c3093, a308b8bf-0324-43a1-a87f-1e10a96e3042:c3093]
2019-08-21 19:24:20,744 | INFO  | SCMAudit | user=jenkins1000 | ip=192.168.69.88 | op=ALLOCATE_BLOCK {owner=a4b1d482-4fe6-4e71-84a6-a95f4ce3f696, size=4194304, type=RATIS, factor=THREE} | ret=SUCCESS |  
2019-08-21 19:24:20,747 | INFO  | OMAudit | user=jenkins1000 | ip=127.0.0.1 | op=ALLOCATE_BLOCK {volume=vol-0-90666, bucket=bucket-0-29336, key=key-0-94354, dataSize=0, replicationType=null, replicationFactor=null, keyLocationInfo=null, clientID=102656601977389458} | ret=SUCCESS |  
2019-08-21 19:24:20,752 | INFO  | DNAudit | user=null | ip=null | op=WRITE_CHUNK {blockData=conID: 1 locID: 102656603635319341 bcsId: 0} | ret=SUCCESS |  
2019-08-21 19:24:20,755 | INFO  | DNAudit | user=null | ip=null | op=WRITE_CHUNK {blockData=conID: 1 locID: 102656603635319341 bcsId: 0} | ret=SUCCESS |  
2019-08-21 19:24:20,756 | INFO  | DNAudit | user=null | ip=null | op=WRITE_CHUNK {blockData=conID: 1 locID: 102656603635319341 bcsId: 0} | ret=SUCCESS |  
2019-08-21 19:24:20,756 | INFO  | DNAudit | user=null | ip=null | op=WRITE_CHUNK {blockData=conID: 1 locID: 102656603635319341 bcsId: 0} | ret=SUCCESS |  
2019-08-21 19:24:20,757 | INFO  | DNAudit | user=null | ip=null | op=WRITE_CHUNK {blockData=conID: 1 locID: 102656603635319341 bcsId: 0} | ret=SUCCESS |  
2019-08-21 19:24:20,758 | INFO  | DNAudit | user=null | ip=null | op=WRITE_CHUNK {blockData=conID: 1 locID: 102656603635319341 bcsId: 0} | ret=SUCCESS |  
2019-08-21 19:24:20,973 | INFO  | SCMAudit | user=jenkins1000 | ip=192.168.69.88 | op=SEND_HEARTBEAT {datanodeUUID=a308b8bf-0324-43a1-a87f-1e10a96e3042, command=[]} | ret=SUCCESS |  
2019-08-21 19:24:20,973 | INFO  | SCMAudit | user=jenkins1000 | ip=192.168.69.88 | op=SEND_HEARTBEAT {datanodeUUID=12aca755-ada5-42df-801b-c61f99d8e8b8, command=[]} | ret=SUCCESS |  
2019-08-21 19:24:20,974 | INFO  | SCMAudit | user=jenkins1000 | ip=192.168.69.88 | op=SEND_HEARTBEAT {datanodeUUID=1df8bd03-73ef-4b9c-8622-5dc9d0e29c31, command=[]} | ret=SUCCESS |  
2019-08-21 19:24:21,268 | INFO  | SCMAudit | user=jenkins1000 | ip=192.168.69.88 | op=SEND_HEARTBEAT {datanodeUUID=cfaf9666-ca64-459e-bd34-ff7c349f752a, command=[]} | ret=SUCCESS |  
2019-08-21 19:24:21,431 | INFO  | DNAudit | user=null | ip=null | op=WRITE_CHUNK {blockData=conID: 1 locID: 102656603635319341 bcsId: 0} | ret=SUCCESS |  
2019-08-21 19:24:21,432 | INFO  | DNAudit | user=null | ip=null | op=PUT_BLOCK {blockData=[blockId=conID: 1 locID: 102656603635319341 bcsId: 0,size=1048576]} | ret=SUCCESS |  
2019-08-21 19:24:21,432 | INFO  | DNAudit | user=null | ip=null | op=WRITE_CHUNK {blockData=conID: 1 locID: 102656603635319341 bcsId: 0} | ret=SUCCESS |  
2019-08-21 19:24:21,432 [grpc-default-executor-4] INFO  client.GrpcClientProtocolClient (GrpcClientProtocolClient.java:onNext(255)) - client-DA9582518C67->1df8bd03-73ef-4b9c-8622-5dc9d0e29c31: receive RaftClientReply:client-DA9582518C67->1df8bd03-73ef-4b9c-8622-5dc9d0e29c31@group-F45402591F47, cid=2138, SUCCESS, logIndex=3096, commits[1df8bd03-73ef-4b9c-8622-5dc9d0e29c31:c3098, 12aca755-ada5-42df-801b-c61f99d8e8b8:c3095, a308b8bf-0324-43a1-a87f-1e10a96e3042:c3095]
2019-08-21 19:24:21,432 | INFO  | DNAudit | user=null | ip=null | op=PUT_BLOCK {blockData=[blockId=conID: 1 locID: 102656603635319341 bcsId: 0,size=2097152]} | ret=SUCCESS |  
2019-08-21 19:24:21,432 [grpc-default-executor-4] INFO  client.GrpcClientProtocolClient (GrpcClientProtocolClient.java:onNext(255)) - client-DA9582518C67->1df8bd03-73ef-4b9c-8622-5dc9d0e29c31: receive RaftClientReply:client-DA9582518C67->1df8bd03-73ef-4b9c-8622-5dc9d0e29c31@group-F45402591F47, cid=2139, SUCCESS, logIndex=3097, commits[1df8bd03-73ef-4b9c-8622-5dc9d0e29c31:c3099, 12aca755-ada5-42df-801b-c61f99d8e8b8:c3095, a308b8bf-0324-43a1-a87f-1e10a96e3042:c3095]
2019-08-21 19:24:21,433 [grpc-default-executor-4] INFO  client.GrpcClientProtocolClient (GrpcClientProtocolClient.java:onNext(255)) - client-DA9582518C67->1df8bd03-73ef-4b9c-8622-5dc9d0e29c31: receive RaftClientReply:client-DA9582518C67->1df8bd03-73ef-4b9c-8622-5dc9d0e29c31@group-F45402591F47, cid=2140, SUCCESS, logIndex=3098, commits[1df8bd03-73ef-4b9c-8622-5dc9d0e29c31:c3099, 12aca755-ada5-42df-801b-c61f99d8e8b8:c3095, a308b8bf-0324-43a1-a87f-1e10a96e3042:c3095]
2019-08-21 19:24:21,433 [grpc-default-executor-4] INFO  client.GrpcClientProtocolClient (GrpcClientProtocolClient.java:onNext(255)) - client-DA9582518C67->1df8bd03-73ef-4b9c-8622-5dc9d0e29c31: receive RaftClientReply:client-DA9582518C67->1df8bd03-73ef-4b9c-8622-5dc9d0e29c31@group-F45402591F47, cid=2141, SUCCESS, logIndex=3099, commits[1df8bd03-73ef-4b9c-8622-5dc9d0e29c31:c3099, 12aca755-ada5-42df-801b-c61f99d8e8b8:c3095, a308b8bf-0324-43a1-a87f-1e10a96e3042:c3095]
2019-08-21 19:24:21,443 | INFO  | DNAudit | user=null | ip=null | op=WRITE_CHUNK {blockData=conID: 1 locID: 102656603635319341 bcsId: 0} | ret=SUCCESS |  
2019-08-21 19:24:21,443 | INFO  | DNAudit | user=null | ip=null | op=PUT_BLOCK {blockData=[blockId=conID: 1 locID: 102656603635319341 bcsId: 0,size=1048576]} | ret=SUCCESS |  
2019-08-21 19:24:21,443 | INFO  | DNAudit | user=null | ip=null | op=WRITE_CHUNK {blockData=conID: 1 locID: 102656603635319341 bcsId: 0} | ret=SUCCESS |  
2019-08-21 19:24:21,444 | INFO  | DNAudit | user=null | ip=null | op=PUT_BLOCK {blockData=[blockId=conID: 1 locID: 102656603635319341 bcsId: 0,size=1048576]} | ret=SUCCESS |  
2019-08-21 19:24:21,444 | INFO  | DNAudit | user=null | ip=null | op=WRITE_CHUNK {blockData=conID: 1 locID: 102656603635319341 bcsId: 0} | ret=SUCCESS |  
2019-08-21 19:24:21,444 | INFO  | DNAudit | user=null | ip=null | op=PUT_BLOCK {blockData=[blockId=conID: 1 locID: 102656603635319341 bcsId: 0,size=2097152]} | ret=SUCCESS |  
2019-08-21 19:24:21,445 [grpc-default-executor-4] INFO  client.GrpcClientProtocolClient (GrpcClientProtocolClient.java:onNext(255)) - client-DA9582518C67->1df8bd03-73ef-4b9c-8622-5dc9d0e29c31: receive RaftClientReply:client-DA9582518C67->1df8bd03-73ef-4b9c-8622-5dc9d0e29c31@group-F45402591F47, cid=2142, SUCCESS, logIndex=0, commits[1df8bd03-73ef-4b9c-8622-5dc9d0e29c31:c3100, 12aca755-ada5-42df-801b-c61f99d8e8b8:c3097, a308b8bf-0324-43a1-a87f-1e10a96e3042:c3097]
2019-08-21 19:24:21,451 | INFO  | DNAudit | user=null | ip=null | op=WRITE_CHUNK {blockData=conID: 1 locID: 102656603635319341 bcsId: 3099} | ret=SUCCESS |  
2019-08-21 19:24:21,535 | INFO  | DNAudit | user=null | ip=null | op=WRITE_CHUNK {blockData=conID: 1 locID: 102656603635319341 bcsId: 3099} | ret=SUCCESS |  
2019-08-21 19:24:21,536 | INFO  | DNAudit | user=null | ip=null | op=WRITE_CHUNK {blockData=conID: 1 locID: 102656603635319341 bcsId: 0} | ret=SUCCESS |  
2019-08-21 19:24:21,536 | INFO  | DNAudit | user=null | ip=null | op=PUT_BLOCK {blockData=[blockId=conID: 1 locID: 102656603635319341 bcsId: 0,size=2097152]} | ret=SUCCESS |  
2019-08-21 19:24:21,536 | INFO  | DNAudit | user=null | ip=null | op=WRITE_CHUNK {blockData=conID: 1 locID: 102656603635319341 bcsId: 3099} | ret=SUCCESS |  
2019-08-21 19:24:21,547 | INFO  | DNAudit | user=null | ip=null | op=WRITE_CHUNK {blockData=conID: 1 locID: 102656603635319341 bcsId: 3099} | ret=SUCCESS |  
2019-08-21 19:24:21,547 | INFO  | DNAudit | user=null | ip=null | op=PUT_BLOCK {blockData=[blockId=conID: 1 locID: 102656603635319341 bcsId: 0,size=3145728]} | ret=SUCCESS |  
2019-08-21 19:24:21,548 [grpc-default-executor-4] INFO  client.GrpcClientProtocolClient (GrpcClientProtocolClient.java:onNext(255)) - client-DA9582518C67->1df8bd03-73ef-4b9c-8622-5dc9d0e29c31: receive RaftClientReply:client-DA9582518C67->1df8bd03-73ef-4b9c-8622-5dc9d0e29c31@group-F45402591F47, cid=2143, SUCCESS, logIndex=3104, commits[1df8bd03-73ef-4b9c-8622-5dc9d0e29c31:c3105, 12aca755-ada5-42df-801b-c61f99d8e8b8:c3103, a308b8bf-0324-43a1-a87f-1e10a96e3042:c3103]
2019-08-21 19:24:21,548 [grpc-default-executor-4] INFO  client.GrpcClientProtocolClient (GrpcClientProtocolClient.java:onNext(255)) - client-DA9582518C67->1df8bd03-73ef-4b9c-8622-5dc9d0e29c31: receive RaftClientReply:client-DA9582518C67->1df8bd03-73ef-4b9c-8622-5dc9d0e29c31@group-F45402591F47, cid=2144, SUCCESS, logIndex=3105, commits[1df8bd03-73ef-4b9c-8622-5dc9d0e29c31:c3105, 12aca755-ada5-42df-801b-c61f99d8e8b8:c3103, a308b8bf-0324-43a1-a87f-1e10a96e3042:c3103]
2019-08-21 19:24:21,548 | INFO  | DNAudit | user=null | ip=null | op=WRITE_CHUNK {blockData=conID: 1 locID: 102656603635319341 bcsId: 3099} | ret=SUCCESS |  
2019-08-21 19:24:21,548 | INFO  | DNAudit | user=null | ip=null | op=WRITE_CHUNK {blockData=conID: 1 locID: 102656603635319341 bcsId: 3099} | ret=SUCCESS |  
2019-08-21 19:24:21,549 | INFO  | DNAudit | user=null | ip=null | op=PUT_BLOCK {blockData=[blockId=conID: 1 locID: 102656603635319341 bcsId: 0,size=3145728]} | ret=SUCCESS |  
2019-08-21 19:24:21,549 | INFO  | DNAudit | user=null | ip=null | op=PUT_BLOCK {blockData=[blockId=conID: 1 locID: 102656603635319341 bcsId: 0,size=3145728]} | ret=SUCCESS |  
2019-08-21 19:24:21,553 | INFO  | DNAudit | user=null | ip=null | op=WRITE_CHUNK {blockData=conID: 1 locID: 102656603635319341 bcsId: 3105} | ret=SUCCESS |  
2019-08-21 19:24:21,555 | INFO  | DNAudit | user=null | ip=null | op=WRITE_CHUNK {blockData=conID: 1 locID: 102656603635319341 bcsId: 3105} | ret=SUCCESS |  
2019-08-21 19:24:21,556 | INFO  | DNAudit | user=null | ip=null | op=WRITE_CHUNK {blockData=conID: 1 locID: 102656603635319341 bcsId: 3105} | ret=SUCCESS |  
2019-08-21 19:24:21,567 | INFO  | DNAudit | user=null | ip=null | op=WRITE_CHUNK {blockData=conID: 1 locID: 102656603635319341 bcsId: 3105} | ret=SUCCESS |  
2019-08-21 19:24:21,568 | INFO  | DNAudit | user=null | ip=null | op=PUT_BLOCK {blockData=[blockId=conID: 1 locID: 102656603635319341 bcsId: 0,size=4194304]} | ret=SUCCESS |  
2019-08-21 19:24:21,568 [grpc-default-executor-0] INFO  client.GrpcClientProtocolClient (GrpcClientProtocolClient.java:onNext(255)) - client-DA9582518C67->1df8bd03-73ef-4b9c-8622-5dc9d0e29c31: receive RaftClientReply:client-DA9582518C67->1df8bd03-73ef-4b9c-8622-5dc9d0e29c31@group-F45402591F47, cid=2145, SUCCESS, logIndex=3108, commits[1df8bd03-73ef-4b9c-8622-5dc9d0e29c31:c3109, 12aca755-ada5-42df-801b-c61f99d8e8b8:c3107, a308b8bf-0324-43a1-a87f-1e10a96e3042:c3107]
2019-08-21 19:24:21,568 [grpc-default-executor-0] INFO  client.GrpcClientProtocolClient (GrpcClientProtocolClient.java:onNext(255)) - client-DA9582518C67->1df8bd03-73ef-4b9c-8622-5dc9d0e29c31: receive RaftClientReply:client-DA9582518C67->1df8bd03-73ef-4b9c-8622-5dc9d0e29c31@group-F45402591F47, cid=2146, SUCCESS, logIndex=3109, commits[1df8bd03-73ef-4b9c-8622-5dc9d0e29c31:c3109, 12aca755-ada5-42df-801b-c61f99d8e8b8:c3107, a308b8bf-0324-43a1-a87f-1e10a96e3042:c3107]
2019-08-21 19:24:21,580 | INFO  | DNAudit | user=null | ip=null | op=WRITE_CHUNK {blockData=conID: 1 locID: 102656603635319341 bcsId: 3105} | ret=SUCCESS |  
2019-08-21 19:24:21,580 | INFO  | DNAudit | user=null | ip=null | op=WRITE_CHUNK {blockData=conID: 1 locID: 102656603635319341 bcsId: 3105} | ret=SUCCESS |  
2019-08-21 19:24:21,581 | INFO  | DNAudit | user=null | ip=null | op=PUT_BLOCK {blockData=[blockId=conID: 1 locID: 102656603635319341 bcsId: 0,size=4194304]} | ret=SUCCESS |  
2019-08-21 19:24:21,581 | INFO  | DNAudit | user=null | ip=null | op=PUT_BLOCK {blockData=[blockId=conID: 1 locID: 102656603635319341 bcsId: 0,size=4194304]} | ret=SUCCESS |  
2019-08-21 19:24:21,581 [grpc-default-executor-0] INFO  client.GrpcClientProtocolClient (GrpcClientProtocolClient.java:onNext(255)) - client-DA9582518C67->1df8bd03-73ef-4b9c-8622-5dc9d0e29c31: receive RaftClientReply:client-DA9582518C67->1df8bd03-73ef-4b9c-8622-5dc9d0e29c31@group-F45402591F47, cid=2147, SUCCESS, logIndex=0, commits[1df8bd03-73ef-4b9c-8622-5dc9d0e29c31:c3110, 12aca755-ada5-42df-801b-c61f99d8e8b8:c3109, a308b8bf-0324-43a1-a87f-1e10a96e3042:c3109]
2019-08-21 19:24:21,585 | INFO  | SCMAudit | user=jenkins1000 | ip=192.168.69.88 | op=ALLOCATE_BLOCK {owner=a4b1d482-4fe6-4e71-84a6-a95f4ce3f696, size=4194304, type=RATIS, factor=THREE} | ret=SUCCESS |  
2019-08-21 19:24:21,588 | INFO  | OMAudit | user=jenkins1000 | ip=127.0.0.1 | op=ALLOCATE_BLOCK {volume=vol-0-90666, bucket=bucket-0-29336, key=key-0-94354, dataSize=0, replicationType=null, replicationFactor=null, keyLocationInfo=null, clientID=102656601977389458} | ret=SUCCESS |  
2019-08-21 19:24:21,593 | INFO  | DNAudit | user=null | ip=null | op=WRITE_CHUNK {blockData=conID: 2 locID: 102656603690435118 bcsId: 0} | ret=SUCCESS |  
2019-08-21 19:24:21,595 | INFO  | DNAudit | user=null | ip=null | op=WRITE_CHUNK {blockData=conID: 2 locID: 102656603690435118 bcsId: 0} | ret=SUCCESS |  
2019-08-21 19:24:21,597 | INFO  | DNAudit | user=null | ip=null | op=WRITE_CHUNK {blockData=conID: 2 locID: 102656603690435118 bcsId: 0} | ret=SUCCESS |  
2019-08-21 19:24:21,597 | INFO  | DNAudit | user=null | ip=null | op=WRITE_CHUNK {blockData=conID: 2 locID: 102656603690435118 bcsId: 0} | ret=SUCCESS |  
2019-08-21 19:24:21,598 | INFO  | DNAudit | user=null | ip=null | op=WRITE_CHUNK {blockData=conID: 2 locID: 102656603690435118 bcsId: 0} | ret=SUCCESS |  
2019-08-21 19:24:21,598 | INFO  | DNAudit | user=null | ip=null | op=WRITE_CHUNK {blockData=conID: 2 locID: 102656603690435118 bcsId: 0} | ret=SUCCESS |  
2019-08-21 19:24:21,606 | INFO  | DNAudit | user=null | ip=null | op=WRITE_CHUNK {blockData=conID: 2 locID: 102656603690435118 bcsId: 0} | ret=SUCCESS |  
2019-08-21 19:24:21,607 | INFO  | DNAudit | user=null | ip=null | op=PUT_BLOCK {blockData=[blockId=conID: 2 locID: 102656603690435118 bcsId: 0,size=1048576]} | ret=SUCCESS |  
2019-08-21 19:24:21,607 [grpc-default-executor-5] INFO  client.GrpcClientProtocolClient (GrpcClientProtocolClient.java:onNext(255)) - client-DA9582518C67->1df8bd03-73ef-4b9c-8622-5dc9d0e29c31: receive RaftClientReply:client-DA9582518C67->1df8bd03-73ef-4b9c-8622-5dc9d0e29c31@group-F45402591F47, cid=2148, SUCCESS, logIndex=3112, commits[1df8bd03-73ef-4b9c-8622-5dc9d0e29c31:c3113, 12aca755-ada5-42df-801b-c61f99d8e8b8:c3110, a308b8bf-0324-43a1-a87f-1e10a96e3042:c3110]
2019-08-21 19:24:21,607 | INFO  | DNAudit | user=null | ip=null | op=WRITE_CHUNK {blockData=conID: 2 locID: 102656603690435118 bcsId: 0} | ret=SUCCESS |  
2019-08-21 19:24:21,607 [grpc-default-executor-5] INFO  client.GrpcClientProtocolClient (GrpcClientProtocolClient.java:onNext(255)) - client-DA9582518C67->1df8bd03-73ef-4b9c-8622-5dc9d0e29c31: receive RaftClientReply:client-DA9582518C67->1df8bd03-73ef-4b9c-8622-5dc9d0e29c31@group-F45402591F47, cid=2149, SUCCESS, logIndex=3113, commits[1df8bd03-73ef-4b9c-8622-5dc9d0e29c31:c3115, 12aca755-ada5-42df-801b-c61f99d8e8b8:c3110, a308b8bf-0324-43a1-a87f-1e10a96e3042:c3110]
2019-08-21 19:24:21,607 | INFO  | DNAudit | user=null | ip=null | op=PUT_BLOCK {blockData=[blockId=conID: 2 locID: 102656603690435118 bcsId: 0,size=2097152]} | ret=SUCCESS |  
2019-08-21 19:24:21,608 [grpc-default-executor-5] INFO  client.GrpcClientProtocolClient (GrpcClientProtocolClient.java:onNext(255)) - client-DA9582518C67->1df8bd03-73ef-4b9c-8622-5dc9d0e29c31: receive RaftClientReply:client-DA9582518C67->1df8bd03-73ef-4b9c-8622-5dc9d0e29c31@group-F45402591F47, cid=2150, SUCCESS, logIndex=3114, commits[1df8bd03-73ef-4b9c-8622-5dc9d0e29c31:c3115, 12aca755-ada5-42df-801b-c61f99d8e8b8:c3110, a308b8bf-0324-43a1-a87f-1e10a96e3042:c3110]
2019-08-21 19:24:21,608 [grpc-default-executor-5] INFO  client.GrpcClientProtocolClient (GrpcClientProtocolClient.java:onNext(255)) - client-DA9582518C67->1df8bd03-73ef-4b9c-8622-5dc9d0e29c31: receive RaftClientReply:client-DA9582518C67->1df8bd03-73ef-4b9c-8622-5dc9d0e29c31@group-F45402591F47, cid=2151, SUCCESS, logIndex=3115, commits[1df8bd03-73ef-4b9c-8622-5dc9d0e29c31:c3115, 12aca755-ada5-42df-801b-c61f99d8e8b8:c3110, a308b8bf-0324-43a1-a87f-1e10a96e3042:c3110]
2019-08-21 19:24:21,609 | INFO  | DNAudit | user=null | ip=null | op=WRITE_CHUNK {blockData=conID: 2 locID: 102656603690435118 bcsId: 0} | ret=SUCCESS |  
2019-08-21 19:24:21,609 | INFO  | DNAudit | user=null | ip=null | op=WRITE_CHUNK {blockData=conID: 2 locID: 102656603690435118 bcsId: 0} | ret=SUCCESS |  
2019-08-21 19:24:21,609 | INFO  | DNAudit | user=null | ip=null | op=PUT_BLOCK {blockData=[blockId=conID: 2 locID: 102656603690435118 bcsId: 0,size=1048576]} | ret=SUCCESS |  
2019-08-21 19:24:21,609 | INFO  | DNAudit | user=null | ip=null | op=PUT_BLOCK {blockData=[blockId=conID: 2 locID: 102656603690435118 bcsId: 0,size=1048576]} | ret=SUCCESS |  
2019-08-21 19:24:21,610 [grpc-default-executor-2] INFO  client.GrpcClientProtocolClient (GrpcClientProtocolClient.java:onNext(255)) - client-DA9582518C67->1df8bd03-73ef-4b9c-8622-5dc9d0e29c31: receive RaftClientReply:client-DA9582518C67->1df8bd03-73ef-4b9c-8622-5dc9d0e29c31@group-F45402591F47, cid=2152, SUCCESS, logIndex=0, commits[1df8bd03-73ef-4b9c-8622-5dc9d0e29c31:c3116, 12aca755-ada5-42df-801b-c61f99d8e8b8:c3113, a308b8bf-0324-43a1-a87f-1e10a96e3042:c3113]
2019-08-21 19:24:21,616 | INFO  | DNAudit | user=null | ip=null | op=WRITE_CHUNK {blockData=conID: 2 locID: 102656603690435118 bcsId: 3115} | ret=SUCCESS |  
2019-08-21 19:24:21,618 | INFO  | DNAudit | user=null | ip=null | op=WRITE_CHUNK {blockData=conID: 2 locID: 102656603690435118 bcsId: 3115} | ret=SUCCESS |  
2019-08-21 19:24:21,619 | INFO  | DNAudit | user=null | ip=null | op=WRITE_CHUNK {blockData=conID: 2 locID: 102656603690435118 bcsId: 3115} | ret=SUCCESS |  
2019-08-21 19:24:21,623 | INFO  | DNAudit | user=null | ip=null | op=WRITE_CHUNK {blockData=conID: 2 locID: 102656603690435118 bcsId: 0} | ret=SUCCESS |  
2019-08-21 19:24:21,623 | INFO  | DNAudit | user=null | ip=null | op=WRITE_CHUNK {blockData=conID: 2 locID: 102656603690435118 bcsId: 0} | ret=SUCCESS |  
2019-08-21 19:24:21,623 | INFO  | DNAudit | user=null | ip=null | op=PUT_BLOCK {blockData=[blockId=conID: 2 locID: 102656603690435118 bcsId: 0,size=2097152]} | ret=SUCCESS |  
2019-08-21 19:24:21,623 | INFO  | DNAudit | user=null | ip=null | op=PUT_BLOCK {blockData=[blockId=conID: 2 locID: 102656603690435118 bcsId: 0,size=2097152]} | ret=SUCCESS |  
2019-08-21 19:24:21,636 | INFO  | DNAudit | user=null | ip=null | op=WRITE_CHUNK {blockData=conID: 2 locID: 102656603690435118 bcsId: 3115} | ret=SUCCESS |  
2019-08-21 19:24:21,636 | INFO  | DNAudit | user=null | ip=null | op=PUT_BLOCK {blockData=[blockId=conID: 2 locID: 102656603690435118 bcsId: 0,size=3145728]} | ret=SUCCESS |  
2019-08-21 19:24:21,636 [grpc-default-executor-2] INFO  client.GrpcClientProtocolClient (GrpcClientProtocolClient.java:onNext(255)) - client-DA9582518C67->1df8bd03-73ef-4b9c-8622-5dc9d0e29c31: receive RaftClientReply:client-DA9582518C67->1df8bd03-73ef-4b9c-8622-5dc9d0e29c31@group-F45402591F47, cid=2153, SUCCESS, logIndex=3119, commits[1df8bd03-73ef-4b9c-8622-5dc9d0e29c31:c3120, 12aca755-ada5-42df-801b-c61f99d8e8b8:c3116, a308b8bf-0324-43a1-a87f-1e10a96e3042:c3116]
2019-08-21 19:24:21,637 [grpc-default-executor-2] INFO  client.GrpcClientProtocolClient (GrpcClientProtocolClient.java:onNext(255)) - client-DA9582518C67->1df8bd03-73ef-4b9c-8622-5dc9d0e29c31: receive RaftClientReply:client-DA9582518C67->1df8bd03-73ef-4b9c-8622-5dc9d0e29c31@group-F45402591F47, cid=2154, SUCCESS, logIndex=3120, commits[1df8bd03-73ef-4b9c-8622-5dc9d0e29c31:c3120, 12aca755-ada5-42df-801b-c61f99d8e8b8:c3116, a308b8bf-0324-43a1-a87f-1e10a96e3042:c3116]
2019-08-21 19:24:21,642 | INFO  | DNAudit | user=null | ip=null | op=WRITE_CHUNK {blockData=conID: 2 locID: 102656603690435118 bcsId: 3120} | ret=SUCCESS |  
2019-08-21 19:24:21,644 | INFO  | DNAudit | user=null | ip=null | op=WRITE_CHUNK {blockData=conID: 2 locID: 102656603690435118 bcsId: 3120} | ret=SUCCESS |  
2019-08-21 19:24:21,644 | INFO  | DNAudit | user=null | ip=null | op=WRITE_CHUNK {blockData=conID: 2 locID: 102656603690435118 bcsId: 3120} | ret=SUCCESS |  
2019-08-21 19:24:21,649 | INFO  | DNAudit | user=null | ip=null | op=WRITE_CHUNK {blockData=conID: 2 locID: 102656603690435118 bcsId: 3115} | ret=SUCCESS |  
2019-08-21 19:24:21,649 | INFO  | DNAudit | user=null | ip=null | op=WRITE_CHUNK {blockData=conID: 2 locID: 102656603690435118 bcsId: 3115} | ret=SUCCESS |  
2019-08-21 19:24:21,659 | INFO  | DNAudit | user=null | ip=null | op=PUT_BLOCK {blockData=[blockId=conID: 2 locID: 102656603690435118 bcsId: 0,size=3145728]} | ret=SUCCESS |  
2019-08-21 19:24:21,659 | INFO  | DNAudit | user=null | ip=null | op=PUT_BLOCK {blockData=[blockId=conID: 2 locID: 102656603690435118 bcsId: 0,size=3145728]} | ret=SUCCESS |  
2019-08-21 19:24:21,659 | INFO  | DNAudit | user=null | ip=null | op=WRITE_CHUNK {blockData=conID: 2 locID: 102656603690435118 bcsId: 3120} | ret=SUCCESS |  
2019-08-21 19:24:21,659 | INFO  | DNAudit | user=null | ip=null | op=PUT_BLOCK {blockData=[blockId=conID: 2 locID: 102656603690435118 bcsId: 0,size=4194304]} | ret=SUCCESS |  
2019-08-21 19:24:21,659 [grpc-default-executor-2] INFO  client.GrpcClientProtocolClient (GrpcClientProtocolClient.java:onNext(255)) - client-DA9582518C67->1df8bd03-73ef-4b9c-8622-5dc9d0e29c31: receive RaftClientReply:client-DA9582518C67->1df8bd03-73ef-4b9c-8622-5dc9d0e29c31@group-F45402591F47, cid=2155, SUCCESS, logIndex=3123, commits[1df8bd03-73ef-4b9c-8622-5dc9d0e29c31:c3123, 12aca755-ada5-42df-801b-c61f99d8e8b8:c3120, a308b8bf-0324-43a1-a87f-1e10a96e3042:c3120]
2019-08-21 19:24:21,660 [grpc-default-executor-2] INFO  client.GrpcClientProtocolClient (GrpcClientProtocolClient.java:onNext(255)) - client-DA9582518C67->1df8bd03-73ef-4b9c-8622-5dc9d0e29c31: receive RaftClientReply:client-DA9582518C67->1df8bd03-73ef-4b9c-8622-5dc9d0e29c31@group-F45402591F47, cid=2156, SUCCESS, logIndex=3124, commits[1df8bd03-73ef-4b9c-8622-5dc9d0e29c31:c3124, 12aca755-ada5-42df-801b-c61f99d8e8b8:c3120, a308b8bf-0324-43a1-a87f-1e10a96e3042:c3120]
2019-08-21 19:24:21,677 | INFO  | DNAudit | user=null | ip=null | op=WRITE_CHUNK {blockData=conID: 2 locID: 102656603690435118 bcsId: 3120} | ret=SUCCESS |  
2019-08-21 19:24:21,677 | INFO  | DNAudit | user=null | ip=null | op=WRITE_CHUNK {blockData=conID: 2 locID: 102656603690435118 bcsId: 3120} | ret=SUCCESS |  
2019-08-21 19:24:21,687 | INFO  | DNAudit | user=null | ip=null | op=PUT_BLOCK {blockData=[blockId=conID: 2 locID: 102656603690435118 bcsId: 0,size=4194304]} | ret=SUCCESS |  
2019-08-21 19:24:21,687 | INFO  | DNAudit | user=null | ip=null | op=PUT_BLOCK {blockData=[blockId=conID: 2 locID: 102656603690435118 bcsId: 0,size=4194304]} | ret=SUCCESS |  
2019-08-21 19:24:21,687 [grpc-default-executor-2] INFO  client.GrpcClientProtocolClient (GrpcClientProtocolClient.java:onNext(255)) - client-DA9582518C67->1df8bd03-73ef-4b9c-8622-5dc9d0e29c31: receive RaftClientReply:client-DA9582518C67->1df8bd03-73ef-4b9c-8622-5dc9d0e29c31@group-F45402591F47, cid=2157, SUCCESS, logIndex=0, commits[1df8bd03-73ef-4b9c-8622-5dc9d0e29c31:c3126, 12aca755-ada5-42df-801b-c61f99d8e8b8:c3124, a308b8bf-0324-43a1-a87f-1e10a96e3042:c3124]
2019-08-21 19:24:21,692 | INFO  | SCMAudit | user=jenkins1000 | ip=192.168.69.88 | op=ALLOCATE_BLOCK {owner=a4b1d482-4fe6-4e71-84a6-a95f4ce3f696, size=4194304, type=RATIS, factor=THREE} | ret=SUCCESS |  
2019-08-21 19:24:21,694 | INFO  | OMAudit | user=jenkins1000 | ip=127.0.0.1 | op=ALLOCATE_BLOCK {volume=vol-0-90666, bucket=bucket-0-29336, key=key-0-94354, dataSize=0, replicationType=null, replicationFactor=null, keyLocationInfo=null, clientID=102656601977389458} | ret=SUCCESS |  
2019-08-21 19:24:21,699 | INFO  | DNAudit | user=null | ip=null | op=WRITE_CHUNK {blockData=conID: 3 locID: 102656603697381935 bcsId: 0} | ret=SUCCESS |  
2019-08-21 19:24:21,703 | INFO  | DNAudit | user=null | ip=null | op=WRITE_CHUNK {blockData=conID: 3 locID: 102656603697381935 bcsId: 0} | ret=SUCCESS |  
2019-08-21 19:24:21,703 | INFO  | DNAudit | user=null | ip=null | op=WRITE_CHUNK {blockData=conID: 3 locID: 102656603697381935 bcsId: 0} | ret=SUCCESS |  
2019-08-21 19:24:21,703 | INFO  | DNAudit | user=null | ip=null | op=WRITE_CHUNK {blockData=conID: 3 locID: 102656603697381935 bcsId: 0} | ret=SUCCESS |  
2019-08-21 19:24:21,704 | INFO  | DNAudit | user=null | ip=null | op=WRITE_CHUNK {blockData=conID: 3 locID: 102656603697381935 bcsId: 0} | ret=SUCCESS |  
2019-08-21 19:24:21,704 | INFO  | DNAudit | user=null | ip=null | op=WRITE_CHUNK {blockData=conID: 3 locID: 102656603697381935 bcsId: 0} | ret=SUCCESS |  
2019-08-21 19:24:21,710 | INFO  | DNAudit | user=null | ip=null | op=WRITE_CHUNK {blockData=conID: 3 locID: 102656603697381935 bcsId: 0} | ret=SUCCESS |  
2019-08-21 19:24:21,710 | INFO  | DNAudit | user=null | ip=null | op=PUT_BLOCK {blockData=[blockId=conID: 3 locID: 102656603697381935 bcsId: 0,size=1048576]} | ret=SUCCESS |  
2019-08-21 19:24:21,710 [grpc-default-executor-5] INFO  client.GrpcClientProtocolClient (GrpcClientProtocolClient.java:onNext(255)) - client-DA9582518C67->1df8bd03-73ef-4b9c-8622-5dc9d0e29c31: receive RaftClientReply:client-DA9582518C67->1df8bd03-73ef-4b9c-8622-5dc9d0e29c31@group-F45402591F47, cid=2158, SUCCESS, logIndex=3127, commits[1df8bd03-73ef-4b9c-8622-5dc9d0e29c31:c3130, 12aca755-ada5-42df-801b-c61f99d8e8b8:c3126, a308b8bf-0324-43a1-a87f-1e10a96e3042:c3126]
2019-08-21 19:24:21,711 | INFO  | DNAudit | user=null | ip=null | op=WRITE_CHUNK {blockData=conID: 3 locID: 102656603697381935 bcsId: 0} | ret=SUCCESS |  
2019-08-21 19:24:21,711 [grpc-default-executor-5] INFO  client.GrpcClientProtocolClient (GrpcClientProtocolClient.java:onNext(255)) - client-DA9582518C67->1df8bd03-73ef-4b9c-8622-5dc9d0e29c31: receive RaftClientReply:client-DA9582518C67->1df8bd03-73ef-4b9c-8622-5dc9d0e29c31@group-F45402591F47, cid=2159, SUCCESS, logIndex=3128, commits[1df8bd03-73ef-4b9c-8622-5dc9d0e29c31:c3130, 12aca755-ada5-42df-801b-c61f99d8e8b8:c3126, a308b8bf-0324-43a1-a87f-1e10a96e3042:c3126]
2019-08-21 19:24:21,711 | INFO  | DNAudit | user=null | ip=null | op=PUT_BLOCK {blockData=[blockId=conID: 3 locID: 102656603697381935 bcsId: 0,size=2097152]} | ret=SUCCESS |  
2019-08-21 19:24:21,711 [grpc-default-executor-5] INFO  client.GrpcClientProtocolClient (GrpcClientProtocolClient.java:onNext(255)) - client-DA9582518C67->1df8bd03-73ef-4b9c-8622-5dc9d0e29c31: receive RaftClientReply:client-DA9582518C67->1df8bd03-73ef-4b9c-8622-5dc9d0e29c31@group-F45402591F47, cid=2160, SUCCESS, logIndex=3129, commits[1df8bd03-73ef-4b9c-8622-5dc9d0e29c31:c3130, 12aca755-ada5-42df-801b-c61f99d8e8b8:c3126, a308b8bf-0324-43a1-a87f-1e10a96e3042:c3126]
2019-08-21 19:24:21,711 [grpc-default-executor-5] INFO  client.GrpcClientProtocolClient (GrpcClientProtocolClient.java:onNext(255)) - client-DA9582518C67->1df8bd03-73ef-4b9c-8622-5dc9d0e29c31: receive RaftClientReply:client-DA9582518C67->1df8bd03-73ef-4b9c-8622-5dc9d0e29c31@group-F45402591F47, cid=2161, SUCCESS, logIndex=3130, commits[1df8bd03-73ef-4b9c-8622-5dc9d0e29c31:c3130, 12aca755-ada5-42df-801b-c61f99d8e8b8:c3126, a308b8bf-0324-43a1-a87f-1e10a96e3042:c3126]
2019-08-21 19:24:21,712 | INFO  | SCMAudit | user=jenkins1000 | ip=192.168.69.88 | op=SEND_HEARTBEAT {datanodeUUID=c4b21f74-9dba-4f39-a92d-300bdd5c7775, command=[]} | ret=SUCCESS |  
2019-08-21 19:24:21,713 | INFO  | DNAudit | user=null | ip=null | op=WRITE_CHUNK {blockData=conID: 3 locID: 102656603697381935 bcsId: 0} | ret=SUCCESS |  
2019-08-21 19:24:21,713 | INFO  | DNAudit | user=null | ip=null | op=PUT_BLOCK {blockData=[blockId=conID: 3 locID: 102656603697381935 bcsId: 0,size=1048576]} | ret=SUCCESS |  
 0.00% |█                                                                                                    |  0/1 Time: 0:00:262019-08-21 19:24:21,724 | INFO  | DNAudit | user=null | ip=null | op=WRITE_CHUNK {blockData=conID: 3 locID: 102656603697381935 bcsId: 0} | ret=SUCCESS |  
2019-08-21 19:24:21,724 | INFO  | DNAudit | user=null | ip=null | op=WRITE_CHUNK {blockData=conID: 3 locID: 102656603697381935 bcsId: 0} | ret=SUCCESS |  
2019-08-21 19:24:21,725 | INFO  | DNAudit | user=null | ip=null | op=PUT_BLOCK {blockData=[blockId=conID: 3 locID: 102656603697381935 bcsId: 0,size=2097152]} | ret=SUCCESS |  
2019-08-21 19:24:21,725 | INFO  | DNAudit | user=null | ip=null | op=PUT_BLOCK {blockData=[blockId=conID: 3 locID: 102656603697381935 bcsId: 0,size=1048576]} | ret=SUCCESS |  
2019-08-21 19:24:21,725 | INFO  | DNAudit | user=null | ip=null | op=WRITE_CHUNK {blockData=conID: 3 locID: 102656603697381935 bcsId: 0} | ret=SUCCESS |  
2019-08-21 19:24:21,725 [grpc-default-executor-2] INFO  client.GrpcClientProtocolClient (GrpcClientProtocolClient.java:onNext(255)) - client-DA9582518C67->1df8bd03-73ef-4b9c-8622-5dc9d0e29c31: receive RaftClientReply:client-DA9582518C67->1df8bd03-73ef-4b9c-8622-5dc9d0e29c31@group-F45402591F47, cid=2162, SUCCESS, logIndex=0, commits[1df8bd03-73ef-4b9c-8622-5dc9d0e29c31:c3131, 12aca755-ada5-42df-801b-c61f99d8e8b8:c3128, a308b8bf-0324-43a1-a87f-1e10a96e3042:c3128]
2019-08-21 19:24:21,725 | INFO  | DNAudit | user=null | ip=null | op=PUT_BLOCK {blockData=[blockId=conID: 3 locID: 102656603697381935 bcsId: 0,size=2097152]} | ret=SUCCESS |  
2019-08-21 19:24:21,730 | INFO  | DNAudit | user=null | ip=null | op=WRITE_CHUNK {blockData=conID: 3 locID: 102656603697381935 bcsId: 3130} | ret=SUCCESS |  
2019-08-21 19:24:21,732 | INFO  | DNAudit | user=null | ip=null | op=WRITE_CHUNK {blockData=conID: 3 locID: 102656603697381935 bcsId: 3130} | ret=SUCCESS |  
2019-08-21 19:24:21,732 | INFO  | DNAudit | user=null | ip=null | op=WRITE_CHUNK {blockData=conID: 3 locID: 102656603697381935 bcsId: 3130} | ret=SUCCESS |  
2019-08-21 19:24:21,745 | INFO  | DNAudit | user=null | ip=null | op=WRITE_CHUNK {blockData=conID: 3 locID: 102656603697381935 bcsId: 3130} | ret=SUCCESS |  
2019-08-21 19:24:21,746 | INFO  | DNAudit | user=null | ip=null | op=PUT_BLOCK {blockData=[blockId=conID: 3 locID: 102656603697381935 bcsId: 0,size=3145728]} | ret=SUCCESS |  
2019-08-21 19:24:21,746 [grpc-default-executor-5] INFO  client.GrpcClientProtocolClient (GrpcClientProtocolClient.java:onNext(255)) - client-DA9582518C67->1df8bd03-73ef-4b9c-8622-5dc9d0e29c31: receive RaftClientReply:client-DA9582518C67->1df8bd03-73ef-4b9c-8622-5dc9d0e29c31@group-F45402591F47, cid=2163, SUCCESS, logIndex=3135, commits[1df8bd03-73ef-4b9c-8622-5dc9d0e29c31:c3136, 12aca755-ada5-42df-801b-c61f99d8e8b8:c3134, a308b8bf-0324-43a1-a87f-1e10a96e3042:c3134]
2019-08-21 19:24:21,746 [grpc-default-executor-5] INFO  client.GrpcClientProtocolClient (GrpcClientProtocolClient.java:onNext(255)) - client-DA9582518C67->1df8bd03-73ef-4b9c-8622-5dc9d0e29c31: receive RaftClientReply:client-DA9582518C67->1df8bd03-73ef-4b9c-8622-5dc9d0e29c31@group-F45402591F47, cid=2164, SUCCESS, logIndex=3136, commits[1df8bd03-73ef-4b9c-8622-5dc9d0e29c31:c3136, 12aca755-ada5-42df-801b-c61f99d8e8b8:c3134, a308b8bf-0324-43a1-a87f-1e10a96e3042:c3134]
2019-08-21 19:24:21,748 | INFO  | DNAudit | user=null | ip=null | op=WRITE_CHUNK {blockData=conID: 3 locID: 102656603697381935 bcsId: 3130} | ret=SUCCESS |  
2019-08-21 19:24:21,748 | INFO  | DNAudit | user=null | ip=null | op=WRITE_CHUNK {blockData=conID: 3 locID: 102656603697381935 bcsId: 3130} | ret=SUCCESS |  
2019-08-21 19:24:21,749 | INFO  | DNAudit | user=null | ip=null | op=PUT_BLOCK {blockData=[blockId=conID: 3 locID: 102656603697381935 bcsId: 0,size=3145728]} | ret=SUCCESS |  
2019-08-21 19:24:21,749 | INFO  | DNAudit | user=null | ip=null | op=PUT_BLOCK {blockData=[blockId=conID: 3 locID: 102656603697381935 bcsId: 0,size=3145728]} | ret=SUCCESS |  
2019-08-21 19:24:21,751 | INFO  | DNAudit | user=null | ip=null | op=WRITE_CHUNK {blockData=conID: 3 locID: 102656603697381935 bcsId: 3136} | ret=SUCCESS |  
2019-08-21 19:24:21,754 | INFO  | DNAudit | user=null | ip=null | op=WRITE_CHUNK {blockData=conID: 3 locID: 102656603697381935 bcsId: 3136} | ret=SUCCESS |  
2019-08-21 19:24:21,754 | INFO  | DNAudit | user=null | ip=null | op=WRITE_CHUNK {blockData=conID: 3 locID: 102656603697381935 bcsId: 3136} | ret=SUCCESS |  
2019-08-21 19:24:21,763 | INFO  | DNAudit | user=null | ip=null | op=WRITE_CHUNK {blockData=conID: 3 locID: 102656603697381935 bcsId: 3136} | ret=SUCCESS |  
2019-08-21 19:24:21,763 | INFO  | DNAudit | user=null | ip=null | op=PUT_BLOCK {blockData=[blockId=conID: 3 locID: 102656603697381935 bcsId: 0,size=4194304]} | ret=SUCCESS |  
2019-08-21 19:24:21,763 [grpc-default-executor-5] INFO  client.GrpcClientProtocolClient (GrpcClientProtocolClient.java:onNext(255)) - client-DA9582518C67->1df8bd03-73ef-4b9c-8622-5dc9d0e29c31: receive RaftClientReply:client-DA9582518C67->1df8bd03-73ef-4b9c-8622-5dc9d0e29c31@group-F45402591F47, cid=2165, SUCCESS, logIndex=3139, commits[1df8bd03-73ef-4b9c-8622-5dc9d0e29c31:c3140, 12aca755-ada5-42df-801b-c61f99d8e8b8:c3137, a308b8bf-0324-43a1-a87f-1e10a96e3042:c3137]
2019-08-21 19:24:21,764 [grpc-default-executor-5] INFO  client.GrpcClientProtocolClient (GrpcClientProtocolClient.java:onNext(255)) - client-DA9582518C67->1df8bd03-73ef-4b9c-8622-5dc9d0e29c31: receive RaftClientReply:client-DA9582518C67->1df8bd03-73ef-4b9c-8622-5dc9d0e29c31@group-F45402591F47, cid=2166, SUCCESS, logIndex=3140, commits[1df8bd03-73ef-4b9c-8622-5dc9d0e29c31:c3140, 12aca755-ada5-42df-801b-c61f99d8e8b8:c3137, a308b8bf-0324-43a1-a87f-1e10a96e3042:c3137]
2019-08-21 19:24:21,776 | INFO  | DNAudit | user=null | ip=null | op=WRITE_CHUNK {blockData=conID: 3 locID: 102656603697381935 bcsId: 3136} | ret=SUCCESS |  
2019-08-21 19:24:21,776 | INFO  | DNAudit | user=null | ip=null | op=WRITE_CHUNK {blockData=conID: 3 locID: 102656603697381935 bcsId: 3136} | ret=SUCCESS |  
2019-08-21 19:24:21,787 | INFO  | DNAudit | user=null | ip=null | op=PUT_BLOCK {blockData=[blockId=conID: 3 locID: 102656603697381935 bcsId: 0,size=4194304]} | ret=SUCCESS |  
2019-08-21 19:24:21,787 | INFO  | DNAudit | user=null | ip=null | op=PUT_BLOCK {blockData=[blockId=conID: 3 locID: 102656603697381935 bcsId: 0,size=4194304]} | ret=SUCCESS |  
2019-08-21 19:24:21,787 [grpc-default-executor-5] INFO  client.GrpcClientProtocolClient (GrpcClientProtocolClient.java:onNext(255)) - client-DA9582518C67->1df8bd03-73ef-4b9c-8622-5dc9d0e29c31: receive RaftClientReply:client-DA9582518C67->1df8bd03-73ef-4b9c-8622-5dc9d0e29c31@group-F45402591F47, cid=2167, SUCCESS, logIndex=0, commits[1df8bd03-73ef-4b9c-8622-5dc9d0e29c31:c3142, 12aca755-ada5-42df-801b-c61f99d8e8b8:c3140, a308b8bf-0324-43a1-a87f-1e10a96e3042:c3140]
2019-08-21 19:24:21,791 | INFO  | SCMAudit | user=jenkins1000 | ip=192.168.69.88 | op=ALLOCATE_BLOCK {owner=a4b1d482-4fe6-4e71-84a6-a95f4ce3f696, size=4194304, type=RATIS, factor=THREE} | ret=SUCCESS |  
2019-08-21 19:24:21,793 | INFO  | OMAudit | user=jenkins1000 | ip=127.0.0.1 | op=ALLOCATE_BLOCK {volume=vol-0-90666, bucket=bucket-0-29336, key=key-0-94354, dataSize=0, replicationType=null, replicationFactor=null, keyLocationInfo=null, clientID=102656601977389458} | ret=SUCCESS |  
2019-08-21 19:24:21,799 | INFO  | DNAudit | user=null | ip=null | op=WRITE_CHUNK {blockData=conID: 1 locID: 102656603703935536 bcsId: 0} | ret=SUCCESS |  
2019-08-21 19:24:21,801 | INFO  | DNAudit | user=null | ip=null | op=WRITE_CHUNK {blockData=conID: 1 locID: 102656603703935536 bcsId: 0} | ret=SUCCESS |  
2019-08-21 19:24:21,801 | INFO  | DNAudit | user=null | ip=null | op=WRITE_CHUNK {blockData=conID: 1 locID: 102656603703935536 bcsId: 0} | ret=SUCCESS |  
2019-08-21 19:24:21,802 | INFO  | DNAudit | user=null | ip=null | op=WRITE_CHUNK {blockData=conID: 1 locID: 102656603703935536 bcsId: 0} | ret=SUCCESS |  
2019-08-21 19:24:21,803 | INFO  | DNAudit | user=null | ip=null | op=WRITE_CHUNK {blockData=conID: 1 locID: 102656603703935536 bcsId: 0} | ret=SUCCESS |  
2019-08-21 19:24:21,803 | INFO  | DNAudit | user=null | ip=null | op=WRITE_CHUNK {blockData=conID: 1 locID: 102656603703935536 bcsId: 0} | ret=SUCCESS |  
2019-08-21 19:24:21,813 | INFO  | DNAudit | user=null | ip=null | op=WRITE_CHUNK {blockData=conID: 1 locID: 102656603703935536 bcsId: 0} | ret=SUCCESS |  
2019-08-21 19:24:21,813 | INFO  | DNAudit | user=null | ip=null | op=PUT_BLOCK {blockData=[blockId=conID: 1 locID: 102656603703935536 bcsId: 0,size=1048576]} | ret=SUCCESS |  
2019-08-21 19:24:21,813 [grpc-default-executor-4] INFO  client.GrpcClientProtocolClient (GrpcClientProtocolClient.java:onNext(255)) - client-DA9582518C67->1df8bd03-73ef-4b9c-8622-5dc9d0e29c31: receive RaftClientReply:client-DA9582518C67->1df8bd03-73ef-4b9c-8622-5dc9d0e29c31@group-F45402591F47, cid=2168, SUCCESS, logIndex=3143, commits[1df8bd03-73ef-4b9c-8622-5dc9d0e29c31:c3144, 12aca755-ada5-42df-801b-c61f99d8e8b8:c3142, a308b8bf-0324-43a1-a87f-1e10a96e3042:c3142]
2019-08-21 19:24:21,814 [grpc-default-executor-4] INFO  client.GrpcClientProtocolClient (GrpcClientProtocolClient.java:onNext(255)) - client-DA9582518C67->1df8bd03-73ef-4b9c-8622-5dc9d0e29c31: receive RaftClientReply:client-DA9582518C67->1df8bd03-73ef-4b9c-8622-5dc9d0e29c31@group-F45402591F47, cid=2169, SUCCESS, logIndex=3144, commits[1df8bd03-73ef-4b9c-8622-5dc9d0e29c31:c3144, 12aca755-ada5-42df-801b-c61f99d8e8b8:c3142, a308b8bf-0324-43a1-a87f-1e10a96e3042:c3142]
2019-08-21 19:24:21,823 | INFO  | DNAudit | user=null | ip=null | op=WRITE_CHUNK {blockData=conID: 1 locID: 102656603703935536 bcsId: 0} | ret=SUCCESS |  
2019-08-21 19:24:21,823 | INFO  | DNAudit | user=null | ip=null | op=PUT_BLOCK {blockData=[blockId=conID: 1 locID: 102656603703935536 bcsId: 0,size=2097152]} | ret=SUCCESS |  
2019-08-21 19:24:21,823 [grpc-default-executor-4] INFO  client.GrpcClientProtocolClient (GrpcClientProtocolClient.java:onNext(255)) - client-DA9582518C67->1df8bd03-73ef-4b9c-8622-5dc9d0e29c31: receive RaftClientReply:client-DA9582518C67->1df8bd03-73ef-4b9c-8622-5dc9d0e29c31@group-F45402591F47, cid=2170, SUCCESS, logIndex=3145, commits[1df8bd03-73ef-4b9c-8622-5dc9d0e29c31:c3146, 12aca755-ada5-42df-801b-c61f99d8e8b8:c3142, a308b8bf-0324-43a1-a87f-1e10a96e3042:c3142]
2019-08-21 19:24:21,823 [grpc-default-executor-4] INFO  client.GrpcClientProtocolClient (GrpcClientProtocolClient.java:onNext(255)) - client-DA9582518C67->1df8bd03-73ef-4b9c-8622-5dc9d0e29c31: receive RaftClientReply:client-DA9582518C67->1df8bd03-73ef-4b9c-8622-5dc9d0e29c31@group-F45402591F47, cid=2171, SUCCESS, logIndex=3146, commits[1df8bd03-73ef-4b9c-8622-5dc9d0e29c31:c3146, 12aca755-ada5-42df-801b-c61f99d8e8b8:c3142, a308b8bf-0324-43a1-a87f-1e10a96e3042:c3142]
2019-08-21 19:24:21,825 | INFO  | DNAudit | user=null | ip=null | op=WRITE_CHUNK {blockData=conID: 1 locID: 102656603703935536 bcsId: 0} | ret=SUCCESS |  
2019-08-21 19:24:21,825 | INFO  | DNAudit | user=null | ip=null | op=WRITE_CHUNK {blockData=conID: 1 locID: 102656603703935536 bcsId: 0} | ret=SUCCESS |  
2019-08-21 19:24:21,825 | INFO  | DNAudit | user=null | ip=null | op=PUT_BLOCK {blockData=[blockId=conID: 1 locID: 102656603703935536 bcsId: 0,size=1048576]} | ret=SUCCESS |  
2019-08-21 19:24:21,837 | INFO  | DNAudit | user=null | ip=null | op=PUT_BLOCK {blockData=[blockId=conID: 1 locID: 102656603703935536 bcsId: 0,size=1048576]} | ret=SUCCESS |  
2019-08-21 19:24:21,838 [grpc-default-executor-4] INFO  client.GrpcClientProtocolClient (GrpcClientProtocolClient.java:onNext(255)) - client-DA9582518C67->1df8bd03-73ef-4b9c-8622-5dc9d0e29c31: receive RaftClientReply:client-DA9582518C67->1df8bd03-73ef-4b9c-8622-5dc9d0e29c31@group-F45402591F47, cid=2172, SUCCESS, logIndex=0, commits[1df8bd03-73ef-4b9c-8622-5dc9d0e29c31:c3148, 12aca755-ada5-42df-801b-c61f99d8e8b8:c3144, a308b8bf-0324-43a1-a87f-1e10a96e3042:c3144]
2019-08-21 19:24:21,843 | INFO  | DNAudit | user=null | ip=null | op=WRITE_CHUNK {blockData=conID: 1 locID: 102656603703935536 bcsId: 3146} | ret=SUCCESS |  
2019-08-21 19:24:21,845 | INFO  | DNAudit | user=null | ip=null | op=WRITE_CHUNK {blockData=conID: 1 locID: 102656603703935536 bcsId: 3146} | ret=SUCCESS |  
2019-08-21 19:24:21,846 | INFO  | DNAudit | user=null | ip=null | op=WRITE_CHUNK {blockData=conID: 1 locID: 102656603703935536 bcsId: 3146} | ret=SUCCESS |  
2019-08-21 19:24:21,857 | INFO  | DNAudit | user=null | ip=null | op=WRITE_CHUNK {blockData=conID: 1 locID: 102656603703935536 bcsId: 0} | ret=SUCCESS |  
2019-08-21 19:24:21,857 | INFO  | DNAudit | user=null | ip=null | op=WRITE_CHUNK {blockData=conID: 1 locID: 102656603703935536 bcsId: 0} | ret=SUCCESS |  
2019-08-21 19:24:21,857 | INFO  | DNAudit | user=null | ip=null | op=WRITE_CHUNK {blockData=conID: 1 locID: 102656603703935536 bcsId: 3146} | ret=SUCCESS |  
2019-08-21 19:24:21,857 | INFO  | DNAudit | user=null | ip=null | op=PUT_BLOCK {blockData=[blockId=conID: 1 locID: 102656603703935536 bcsId: 0,size=2097152]} | ret=SUCCESS |  
2019-08-21 19:24:21,857 | INFO  | DNAudit | user=null | ip=null | op=PUT_BLOCK {blockData=[blockId=conID: 1 locID: 102656603703935536 bcsId: 0,size=2097152]} | ret=SUCCESS |  
2019-08-21 19:24:21,858 | INFO  | DNAudit | user=null | ip=null | op=PUT_BLOCK {blockData=[blockId=conID: 1 locID: 102656603703935536 bcsId: 0,size=3145728]} | ret=SUCCESS |  
2019-08-21 19:24:21,858 [grpc-default-executor-5] INFO  client.GrpcClientProtocolClient (GrpcClientProtocolClient.java:onNext(255)) - client-DA9582518C67->1df8bd03-73ef-4b9c-8622-5dc9d0e29c31: receive RaftClientReply:client-DA9582518C67->1df8bd03-73ef-4b9c-8622-5dc9d0e29c31@group-F45402591F47, cid=2173, SUCCESS, logIndex=3151, commits[1df8bd03-73ef-4b9c-8622-5dc9d0e29c31:c3152, 12aca755-ada5-42df-801b-c61f99d8e8b8:c3150, a308b8bf-0324-43a1-a87f-1e10a96e3042:c3150]
2019-08-21 19:24:21,858 [grpc-default-executor-5] INFO  client.GrpcClientProtocolClient (GrpcClientProtocolClient.java:onNext(255)) - client-DA9582518C67->1df8bd03-73ef-4b9c-8622-5dc9d0e29c31: receive RaftClientReply:client-DA9582518C67->1df8bd03-73ef-4b9c-8622-5dc9d0e29c31@group-F45402591F47, cid=2174, SUCCESS, logIndex=3152, commits[1df8bd03-73ef-4b9c-8622-5dc9d0e29c31:c3152, 12aca755-ada5-42df-801b-c61f99d8e8b8:c3150, a308b8bf-0324-43a1-a87f-1e10a96e3042:c3150]
2019-08-21 19:24:21,863 | INFO  | DNAudit | user=null | ip=null | op=WRITE_CHUNK {blockData=conID: 1 locID: 102656603703935536 bcsId: 3152} | ret=SUCCESS |  
2019-08-21 19:24:21,865 | INFO  | DNAudit | user=null | ip=null | op=WRITE_CHUNK {blockData=conID: 1 locID: 102656603703935536 bcsId: 3152} | ret=SUCCESS |  
2019-08-21 19:24:21,865 | INFO  | DNAudit | user=null | ip=null | op=WRITE_CHUNK {blockData=conID: 1 locID: 102656603703935536 bcsId: 3152} | ret=SUCCESS |  
2019-08-21 19:24:21,870 | INFO  | DNAudit | user=null | ip=null | op=WRITE_CHUNK {blockData=conID: 1 locID: 102656603703935536 bcsId: 3146} | ret=SUCCESS |  
2019-08-21 19:24:21,870 | INFO  | DNAudit | user=null | ip=null | op=WRITE_CHUNK {blockData=conID: 1 locID: 102656603703935536 bcsId: 3146} | ret=SUCCESS |  
2019-08-21 19:24:21,870 | INFO  | DNAudit | user=null | ip=null | op=PUT_BLOCK {blockData=[blockId=conID: 1 locID: 102656603703935536 bcsId: 0,size=3145728]} | ret=SUCCESS |  
2019-08-21 19:24:21,870 | INFO  | DNAudit | user=null | ip=null | op=PUT_BLOCK {blockData=[blockId=conID: 1 locID: 102656603703935536 bcsId: 0,size=3145728]} | ret=SUCCESS |  
2019-08-21 19:24:21,884 | INFO  | DNAudit | user=null | ip=null | op=WRITE_CHUNK {blockData=conID: 1 locID: 102656603703935536 bcsId: 3152} | ret=SUCCESS |  
2019-08-21 19:24:21,884 | INFO  | DNAudit | user=null | ip=null | op=PUT_BLOCK {blockData=[blockId=conID: 1 locID: 102656603703935536 bcsId: 0,size=4194304]} | ret=SUCCESS |  
2019-08-21 19:24:21,884 [grpc-default-executor-4] INFO  client.GrpcClientProtocolClient (GrpcClientProtocolClient.java:onNext(255)) - client-DA9582518C67->1df8bd03-73ef-4b9c-8622-5dc9d0e29c31: receive RaftClientReply:client-DA9582518C67->1df8bd03-73ef-4b9c-8622-5dc9d0e29c31@group-F45402591F47, cid=2175, SUCCESS, logIndex=3155, commits[1df8bd03-73ef-4b9c-8622-5dc9d0e29c31:c3156, 12aca755-ada5-42df-801b-c61f99d8e8b8:c3152, a308b8bf-0324-43a1-a87f-1e10a96e3042:c3152]
2019-08-21 19:24:21,885 [grpc-default-executor-4] INFO  client.GrpcClientProtocolClient (GrpcClientProtocolClient.java:onNext(255)) - client-DA9582518C67->1df8bd03-73ef-4b9c-8622-5dc9d0e29c31: receive RaftClientReply:client-DA9582518C67->1df8bd03-73ef-4b9c-8622-5dc9d0e29c31@group-F45402591F47, cid=2176, SUCCESS, logIndex=3156, commits[1df8bd03-73ef-4b9c-8622-5dc9d0e29c31:c3156, 12aca755-ada5-42df-801b-c61f99d8e8b8:c3152, a308b8bf-0324-43a1-a87f-1e10a96e3042:c3152]
2019-08-21 19:24:21,895 | INFO  | DNAudit | user=null | ip=null | op=WRITE_CHUNK {blockData=conID: 1 locID: 102656603703935536 bcsId: 3152} | ret=SUCCESS |  
2019-08-21 19:24:21,895 | INFO  | DNAudit | user=null | ip=null | op=WRITE_CHUNK {blockData=conID: 1 locID: 102656603703935536 bcsId: 3152} | ret=SUCCESS |  
2019-08-21 19:24:21,895 | INFO  | DNAudit | user=null | ip=null | op=PUT_BLOCK {blockData=[blockId=conID: 1 locID: 102656603703935536 bcsId: 0,size=4194304]} | ret=SUCCESS |  
2019-08-21 19:24:21,896 | INFO  | DNAudit | user=null | ip=null | op=PUT_BLOCK {blockData=[blockId=conID: 1 locID: 102656603703935536 bcsId: 0,size=4194304]} | ret=SUCCESS |  
2019-08-21 19:24:21,896 [grpc-default-executor-4] INFO  client.GrpcClientProtocolClient (GrpcClientProtocolClient.java:onNext(255)) - client-DA9582518C67->1df8bd03-73ef-4b9c-8622-5dc9d0e29c31: receive RaftClientReply:client-DA9582518C67->1df8bd03-73ef-4b9c-8622-5dc9d0e29c31@group-F45402591F47, cid=2177, SUCCESS, logIndex=0, commits[1df8bd03-73ef-4b9c-8622-5dc9d0e29c31:c3157, 12aca755-ada5-42df-801b-c61f99d8e8b8:c3156, a308b8bf-0324-43a1-a87f-1e10a96e3042:c3156]
2019-08-21 19:24:21,899 | INFO  | SCMAudit | user=jenkins1000 | ip=192.168.69.88 | op=ALLOCATE_BLOCK {owner=a4b1d482-4fe6-4e71-84a6-a95f4ce3f696, size=4194304, type=RATIS, factor=THREE} | ret=SUCCESS |  
2019-08-21 19:24:21,902 | INFO  | OMAudit | user=jenkins1000 | ip=127.0.0.1 | op=ALLOCATE_BLOCK {volume=vol-0-90666, bucket=bucket-0-29336, key=key-0-94354, dataSize=0, replicationType=null, replicationFactor=null, keyLocationInfo=null, clientID=102656601977389458} | ret=SUCCESS |  
2019-08-21 19:24:21,907 | INFO  | DNAudit | user=null | ip=null | op=WRITE_CHUNK {blockData=conID: 2 locID: 102656603711013425 bcsId: 0} | ret=SUCCESS |  
2019-08-21 19:24:21,909 | INFO  | DNAudit | user=null | ip=null | op=WRITE_CHUNK {blockData=conID: 2 locID: 102656603711013425 bcsId: 0} | ret=SUCCESS |  
2019-08-21 19:24:21,910 | INFO  | DNAudit | user=null | ip=null | op=WRITE_CHUNK {blockData=conID: 2 locID: 102656603711013425 bcsId: 0} | ret=SUCCESS |  
2019-08-21 19:24:21,911 | INFO  | DNAudit | user=null | ip=null | op=WRITE_CHUNK {blockData=conID: 2 locID: 102656603711013425 bcsId: 0} | ret=SUCCESS |  
2019-08-21 19:24:21,912 | INFO  | DNAudit | user=null | ip=null | op=WRITE_CHUNK {blockData=conID: 2 locID: 102656603711013425 bcsId: 0} | ret=SUCCESS |  
2019-08-21 19:24:21,912 | INFO  | DNAudit | user=null | ip=null | op=WRITE_CHUNK {blockData=conID: 2 locID: 102656603711013425 bcsId: 0} | ret=SUCCESS |  
2019-08-21 19:24:21,916 | INFO  | DNAudit | user=null | ip=null | op=WRITE_CHUNK {blockData=conID: 2 locID: 102656603711013425 bcsId: 0} | ret=SUCCESS |  
2019-08-21 19:24:21,917 | INFO  | DNAudit | user=null | ip=null | op=PUT_BLOCK {blockData=[blockId=conID: 2 locID: 102656603711013425 bcsId: 0,size=1048576]} | ret=SUCCESS |  
2019-08-21 19:24:21,917 [grpc-default-executor-2] INFO  client.GrpcClientProtocolClient (GrpcClientProtocolClient.java:onNext(255)) - client-DA9582518C67->1df8bd03-73ef-4b9c-8622-5dc9d0e29c31: receive RaftClientReply:client-DA9582518C67->1df8bd03-73ef-4b9c-8622-5dc9d0e29c31@group-F45402591F47, cid=2178, SUCCESS, logIndex=3159, commits[1df8bd03-73ef-4b9c-8622-5dc9d0e29c31:c3160, 12aca755-ada5-42df-801b-c61f99d8e8b8:c3157, a308b8bf-0324-43a1-a87f-1e10a96e3042:c3157]
2019-08-21 19:24:21,917 [grpc-default-executor-2] INFO  client.GrpcClientProtocolClient (GrpcClientProtocolClient.java:onNext(255)) - client-DA9582518C67->1df8bd03-73ef-4b9c-8622-5dc9d0e29c31: receive RaftClientReply:client-DA9582518C67->1df8bd03-73ef-4b9c-8622-5dc9d0e29c31@group-F45402591F47, cid=2179, SUCCESS, logIndex=3160, commits[1df8bd03-73ef-4b9c-8622-5dc9d0e29c31:c3160, 12aca755-ada5-42df-801b-c61f99d8e8b8:c3157, a308b8bf-0324-43a1-a87f-1e10a96e3042:c3157]
2019-08-21 19:24:21,925 | INFO  | DNAudit | user=null | ip=null | op=WRITE_CHUNK {blockData=conID: 2 locID: 102656603711013425 bcsId: 0} | ret=SUCCESS |  
2019-08-21 19:24:21,925 | INFO  | DNAudit | user=null | ip=null | op=PUT_BLOCK {blockData=[blockId=conID: 2 locID: 102656603711013425 bcsId: 0,size=2097152]} | ret=SUCCESS |  
2019-08-21 19:24:21,925 [grpc-default-executor-2] INFO  client.GrpcClientProtocolClient (GrpcClientProtocolClient.java:onNext(255)) - client-DA9582518C67->1df8bd03-73ef-4b9c-8622-5dc9d0e29c31: receive RaftClientReply:client-DA9582518C67->1df8bd03-73ef-4b9c-8622-5dc9d0e29c31@group-F45402591F47, cid=2180, SUCCESS, logIndex=3161, commits[1df8bd03-73ef-4b9c-8622-5dc9d0e29c31:c3162, 12aca755-ada5-42df-801b-c61f99d8e8b8:c3157, a308b8bf-0324-43a1-a87f-1e10a96e3042:c3157]
2019-08-21 19:24:21,925 | INFO  | DNAudit | user=null | ip=null | op=WRITE_CHUNK {blockData=conID: 2 locID: 102656603711013425 bcsId: 0} | ret=SUCCESS |  
2019-08-21 19:24:21,925 | INFO  | DNAudit | user=null | ip=null | op=WRITE_CHUNK {blockData=conID: 2 locID: 102656603711013425 bcsId: 0} | ret=SUCCESS |  
2019-08-21 19:24:21,926 [grpc-default-executor-2] INFO  client.GrpcClientProtocolClient (GrpcClientProtocolClient.java:onNext(255)) - client-DA9582518C67->1df8bd03-73ef-4b9c-8622-5dc9d0e29c31: receive RaftClientReply:client-DA9582518C67->1df8bd03-73ef-4b9c-8622-5dc9d0e29c31@group-F45402591F47, cid=2181, SUCCESS, logIndex=3162, commits[1df8bd03-73ef-4b9c-8622-5dc9d0e29c31:c3162, 12aca755-ada5-42df-801b-c61f99d8e8b8:c3157, a308b8bf-0324-43a1-a87f-1e10a96e3042:c3157]
2019-08-21 19:24:21,927 | INFO  | DNAudit | user=null | ip=null | op=PUT_BLOCK {blockData=[blockId=conID: 2 locID: 102656603711013425 bcsId: 0,size=1048576]} | ret=SUCCESS |  
2019-08-21 19:24:21,927 | INFO  | DNAudit | user=null | ip=null | op=PUT_BLOCK {blockData=[blockId=conID: 2 locID: 102656603711013425 bcsId: 0,size=1048576]} | ret=SUCCESS |  
2019-08-21 19:24:21,927 [grpc-default-executor-2] INFO  client.GrpcClientProtocolClient (GrpcClientProtocolClient.java:onNext(255)) - client-DA9582518C67->1df8bd03-73ef-4b9c-8622-5dc9d0e29c31: receive RaftClientReply:client-DA9582518C67->1df8bd03-73ef-4b9c-8622-5dc9d0e29c31@group-F45402591F47, cid=2182, SUCCESS, logIndex=0, commits[1df8bd03-73ef-4b9c-8622-5dc9d0e29c31:c3164, 12aca755-ada5-42df-801b-c61f99d8e8b8:c3160, a308b8bf-0324-43a1-a87f-1e10a96e3042:c3160]
2019-08-21 19:24:21,932 | INFO  | DNAudit | user=null | ip=null | op=WRITE_CHUNK {blockData=conID: 2 locID: 102656603711013425 bcsId: 3162} | ret=SUCCESS |  
2019-08-21 19:24:21,935 | INFO  | DNAudit | user=null | ip=null | op=WRITE_CHUNK {blockData=conID: 2 locID: 102656603711013425 bcsId: 3162} | ret=SUCCESS |  
2019-08-21 19:24:21,935 | INFO  | DNAudit | user=null | ip=null | op=WRITE_CHUNK {blockData=conID: 2 locID: 102656603711013425 bcsId: 3162} | ret=SUCCESS |  
2019-08-21 19:24:21,951 | INFO  | DNAudit | user=null | ip=null | op=WRITE_CHUNK {blockData=conID: 2 locID: 102656603711013425 bcsId: 0} | ret=SUCCESS |  
2019-08-21 19:24:21,951 | INFO  | DNAudit | user=null | ip=null | op=WRITE_CHUNK {blockData=conID: 2 locID: 102656603711013425 bcsId: 0} | ret=SUCCESS |  
2019-08-21 19:24:21,952 | INFO  | DNAudit | user=null | ip=null | op=PUT_BLOCK {blockData=[blockId=conID: 2 locID: 102656603711013425 bcsId: 0,size=2097152]} | ret=SUCCESS |  
2019-08-21 19:24:21,952 | INFO  | DNAudit | user=null | ip=null | op=WRITE_CHUNK {blockData=conID: 2 locID: 102656603711013425 bcsId: 3162} | ret=SUCCESS |  
2019-08-21 19:24:21,952 | INFO  | DNAudit | user=null | ip=null | op=PUT_BLOCK {blockData=[blockId=conID: 2 locID: 102656603711013425 bcsId: 0,size=2097152]} | ret=SUCCESS |  
2019-08-21 19:24:21,952 | INFO  | DNAudit | user=null | ip=null | op=PUT_BLOCK {blockData=[blockId=conID: 2 locID: 102656603711013425 bcsId: 0,size=3145728]} | ret=SUCCESS |  
2019-08-21 19:24:21,952 [grpc-default-executor-5] INFO  client.GrpcClientProtocolClient (GrpcClientProtocolClient.java:onNext(255)) - client-DA9582518C67->1df8bd03-73ef-4b9c-8622-5dc9d0e29c31: receive RaftClientReply:client-DA9582518C67->1df8bd03-73ef-4b9c-8622-5dc9d0e29c31@group-F45402591F47, cid=2183, SUCCESS, logIndex=3167, commits[1df8bd03-73ef-4b9c-8622-5dc9d0e29c31:c3168, 12aca755-ada5-42df-801b-c61f99d8e8b8:c3166, a308b8bf-0324-43a1-a87f-1e10a96e3042:c3166]
2019-08-21 19:24:21,953 [grpc-default-executor-5] INFO  client.GrpcClientProtocolClient (GrpcClientProtocolClient.java:onNext(255)) - client-DA9582518C67->1df8bd03-73ef-4b9c-8622-5dc9d0e29c31: receive RaftClientReply:client-DA9582518C67->1df8bd03-73ef-4b9c-8622-5dc9d0e29c31@group-F45402591F47, cid=2184, SUCCESS, logIndex=3168, commits[1df8bd03-73ef-4b9c-8622-5dc9d0e29c31:c3168, 12aca755-ada5-42df-801b-c61f99d8e8b8:c3166, a308b8bf-0324-43a1-a87f-1e10a96e3042:c3166]
2019-08-21 19:24:21,958 | INFO  | DNAudit | user=null | ip=null | op=WRITE_CHUNK {blockData=conID: 2 locID: 102656603711013425 bcsId: 3168} | ret=SUCCESS |  
2019-08-21 19:24:21,960 | INFO  | DNAudit | user=null | ip=null | op=WRITE_CHUNK {blockData=conID: 2 locID: 102656603711013425 bcsId: 3168} | ret=SUCCESS |  
2019-08-21 19:24:21,961 | INFO  | DNAudit | user=null | ip=null | op=WRITE_CHUNK {blockData=conID: 2 locID: 102656603711013425 bcsId: 3168} | ret=SUCCESS |  
2019-08-21 19:24:21,973 | INFO  | SCMAudit | user=jenkins1000 | ip=192.168.69.88 | op=SEND_HEARTBEAT {datanodeUUID=a308b8bf-0324-43a1-a87f-1e10a96e3042, command=[]} | ret=SUCCESS |  
2019-08-21 19:24:21,973 | INFO  | SCMAudit | user=jenkins1000 | ip=192.168.69.88 | op=SEND_HEARTBEAT {datanodeUUID=12aca755-ada5-42df-801b-c61f99d8e8b8, command=[]} | ret=SUCCESS |  
2019-08-21 19:24:21,974 | INFO  | SCMAudit | user=jenkins1000 | ip=192.168.69.88 | op=SEND_HEARTBEAT {datanodeUUID=1df8bd03-73ef-4b9c-8622-5dc9d0e29c31, command=[]} | ret=SUCCESS |  
2019-08-21 19:24:21,979 | INFO  | DNAudit | user=null | ip=null | op=WRITE_CHUNK {blockData=conID: 2 locID: 102656603711013425 bcsId: 3162} | ret=SUCCESS |  
2019-08-21 19:24:21,979 | INFO  | DNAudit | user=null | ip=null | op=WRITE_CHUNK {blockData=conID: 2 locID: 102656603711013425 bcsId: 3162} | ret=SUCCESS |  
2019-08-21 19:24:21,980 | INFO  | DNAudit | user=null | ip=null | op=PUT_BLOCK {blockData=[blockId=conID: 2 locID: 102656603711013425 bcsId: 0,size=3145728]} | ret=SUCCESS |  
2019-08-21 19:24:21,980 | INFO  | DNAudit | user=null | ip=null | op=PUT_BLOCK {blockData=[blockId=conID: 2 locID: 102656603711013425 bcsId: 0,size=3145728]} | ret=SUCCESS |  
2019-08-21 19:24:21,982 | INFO  | DNAudit | user=null | ip=null | op=WRITE_CHUNK {blockData=conID: 2 locID: 102656603711013425 bcsId: 3168} | ret=SUCCESS |  
2019-08-21 19:24:21,983 | INFO  | DNAudit | user=null | ip=null | op=PUT_BLOCK {blockData=[blockId=conID: 2 locID: 102656603711013425 bcsId: 0,size=4194304]} | ret=SUCCESS |  
2019-08-21 19:24:21,983 [grpc-default-executor-5] INFO  client.GrpcClientProtocolClient (GrpcClientProtocolClient.java:onNext(255)) - client-DA9582518C67->1df8bd03-73ef-4b9c-8622-5dc9d0e29c31: receive RaftClientReply:client-DA9582518C67->1df8bd03-73ef-4b9c-8622-5dc9d0e29c31@group-F45402591F47, cid=2185, SUCCESS, logIndex=3171, commits[1df8bd03-73ef-4b9c-8622-5dc9d0e29c31:c3172, 12aca755-ada5-42df-801b-c61f99d8e8b8:c3168, a308b8bf-0324-43a1-a87f-1e10a96e3042:c3168]
2019-08-21 19:24:21,983 [grpc-default-executor-5] INFO  client.GrpcClientProtocolClient (GrpcClientProtocolClient.java:onNext(255)) - client-DA9582518C67->1df8bd03-73ef-4b9c-8622-5dc9d0e29c31: receive RaftClientReply:client-DA9582518C67->1df8bd03-73ef-4b9c-8622-5dc9d0e29c31@group-F45402591F47, cid=2186, SUCCESS, logIndex=3172, commits[1df8bd03-73ef-4b9c-8622-5dc9d0e29c31:c3172, 12aca755-ada5-42df-801b-c61f99d8e8b8:c3168, a308b8bf-0324-43a1-a87f-1e10a96e3042:c3168]
2019-08-21 19:24:21,994 | INFO  | DNAudit | user=null | ip=null | op=WRITE_CHUNK {blockData=conID: 2 locID: 102656603711013425 bcsId: 3168} | ret=SUCCESS |  
2019-08-21 19:24:21,994 | INFO  | DNAudit | user=null | ip=null | op=WRITE_CHUNK {blockData=conID: 2 locID: 102656603711013425 bcsId: 3168} | ret=SUCCESS |  
2019-08-21 19:24:21,994 | INFO  | DNAudit | user=null | ip=null | op=PUT_BLOCK {blockData=[blockId=conID: 2 locID: 102656603711013425 bcsId: 0,size=4194304]} | ret=SUCCESS |  
2019-08-21 19:24:21,994 | INFO  | DNAudit | user=null | ip=null | op=PUT_BLOCK {blockData=[blockId=conID: 2 locID: 102656603711013425 bcsId: 0,size=4194304]} | ret=SUCCESS |  
2019-08-21 19:24:21,995 [grpc-default-executor-2] INFO  client.GrpcClientProtocolClient (GrpcClientProtocolClient.java:onNext(255)) - client-DA9582518C67->1df8bd03-73ef-4b9c-8622-5dc9d0e29c31: receive RaftClientReply:client-DA9582518C67->1df8bd03-73ef-4b9c-8622-5dc9d0e29c31@group-F45402591F47, cid=2187, SUCCESS, logIndex=0, commits[1df8bd03-73ef-4b9c-8622-5dc9d0e29c31:c3172, 12aca755-ada5-42df-801b-c61f99d8e8b8:c3172, a308b8bf-0324-43a1-a87f-1e10a96e3042:c3172]
2019-08-21 19:24:22,000 | INFO  | SCMAudit | user=jenkins1000 | ip=192.168.69.88 | op=ALLOCATE_BLOCK {owner=a4b1d482-4fe6-4e71-84a6-a95f4ce3f696, size=4194304, type=RATIS, factor=THREE} | ret=SUCCESS |  
2019-08-21 19:24:22,003 | INFO  | OMAudit | user=jenkins1000 | ip=127.0.0.1 | op=ALLOCATE_BLOCK {volume=vol-0-90666, bucket=bucket-0-29336, key=key-0-94354, dataSize=0, replicationType=null, replicationFactor=null, keyLocationInfo=null, clientID=102656601977389458} | ret=SUCCESS |  
2019-08-21 19:24:22,009 | INFO  | DNAudit | user=null | ip=null | op=WRITE_CHUNK {blockData=conID: 3 locID: 102656603717632562 bcsId: 0} | ret=SUCCESS |  
2019-08-21 19:24:22,013 | INFO  | DNAudit | user=null | ip=null | op=WRITE_CHUNK {blockData=conID: 3 locID: 102656603717632562 bcsId: 0} | ret=SUCCESS |  
2019-08-21 19:24:22,013 | INFO  | DNAudit | user=null | ip=null | op=WRITE_CHUNK {blockData=conID: 3 locID: 102656603717632562 bcsId: 0} | ret=SUCCESS |  
2019-08-21 19:24:22,014 | INFO  | DNAudit | user=null | ip=null | op=WRITE_CHUNK {blockData=conID: 3 locID: 102656603717632562 bcsId: 0} | ret=SUCCESS |  
2019-08-21 19:24:22,014 | INFO  | DNAudit | user=null | ip=null | op=WRITE_CHUNK {blockData=conID: 3 locID: 102656603717632562 bcsId: 0} | ret=SUCCESS |  
2019-08-21 19:24:22,014 | INFO  | DNAudit | user=null | ip=null | op=WRITE_CHUNK {blockData=conID: 3 locID: 102656603717632562 bcsId: 0} | ret=SUCCESS |  
2019-08-21 19:24:22,023 | INFO  | DNAudit | user=null | ip=null | op=WRITE_CHUNK {blockData=conID: 3 locID: 102656603717632562 bcsId: 0} | ret=SUCCESS |  
2019-08-21 19:24:22,024 | INFO  | DNAudit | user=null | ip=null | op=PUT_BLOCK {blockData=[blockId=conID: 3 locID: 102656603717632562 bcsId: 0,size=1048576]} | ret=SUCCESS |  
2019-08-21 19:24:22,024 [grpc-default-executor-4] INFO  client.GrpcClientProtocolClient (GrpcClientProtocolClient.java:onNext(255)) - client-DA9582518C67->1df8bd03-73ef-4b9c-8622-5dc9d0e29c31: receive RaftClientReply:client-DA9582518C67->1df8bd03-73ef-4b9c-8622-5dc9d0e29c31@group-F45402591F47, cid=2188, SUCCESS, logIndex=3175, commits[1df8bd03-73ef-4b9c-8622-5dc9d0e29c31:c3176, 12aca755-ada5-42df-801b-c61f99d8e8b8:c3174, a308b8bf-0324-43a1-a87f-1e10a96e3042:c3174]
2019-08-21 19:24:22,024 [grpc-default-executor-4] INFO  client.GrpcClientProtocolClient (GrpcClientProtocolClient.java:onNext(255)) - client-DA9582518C67->1df8bd03-73ef-4b9c-8622-5dc9d0e29c31: receive RaftClientReply:client-DA9582518C67->1df8bd03-73ef-4b9c-8622-5dc9d0e29c31@group-F45402591F47, cid=2189, SUCCESS, logIndex=3176, commits[1df8bd03-73ef-4b9c-8622-5dc9d0e29c31:c3176, 12aca755-ada5-42df-801b-c61f99d8e8b8:c3174, a308b8bf-0324-43a1-a87f-1e10a96e3042:c3174]
2019-08-21 19:24:22,033 | INFO  | DNAudit | user=null | ip=null | op=WRITE_CHUNK {blockData=conID: 3 locID: 102656603717632562 bcsId: 0} | ret=SUCCESS |  
2019-08-21 19:24:22,034 | INFO  | DNAudit | user=null | ip=null | op=PUT_BLOCK {blockData=[blockId=conID: 3 locID: 102656603717632562 bcsId: 0,size=2097152]} | ret=SUCCESS |  
2019-08-21 19:24:22,034 [grpc-default-executor-4] INFO  client.GrpcClientProtocolClient (GrpcClientProtocolClient.java:onNext(255)) - client-DA9582518C67->1df8bd03-73ef-4b9c-8622-5dc9d0e29c31: receive RaftClientReply:client-DA9582518C67->1df8bd03-73ef-4b9c-8622-5dc9d0e29c31@group-F45402591F47, cid=2190, SUCCESS, logIndex=3177, commits[1df8bd03-73ef-4b9c-8622-5dc9d0e29c31:c3178, 12aca755-ada5-42df-801b-c61f99d8e8b8:c3174, a308b8bf-0324-43a1-a87f-1e10a96e3042:c3174]
2019-08-21 19:24:22,034 [grpc-default-executor-4] INFO  client.GrpcClientProtocolClient (GrpcClientProtocolClient.java:onNext(255)) - client-DA9582518C67->1df8bd03-73ef-4b9c-8622-5dc9d0e29c31: receive RaftClientReply:client-DA9582518C67->1df8bd03-73ef-4b9c-8622-5dc9d0e29c31@group-F45402591F47, cid=2191, SUCCESS, logIndex=3178, commits[1df8bd03-73ef-4b9c-8622-5dc9d0e29c31:c3178, 12aca755-ada5-42df-801b-c61f99d8e8b8:c3174, a308b8bf-0324-43a1-a87f-1e10a96e3042:c3174]
2019-08-21 19:24:22,035 | INFO  | DNAudit | user=null | ip=null | op=WRITE_CHUNK {blockData=conID: 3 locID: 102656603717632562 bcsId: 0} | ret=SUCCESS |  
2019-08-21 19:24:22,035 | INFO  | DNAudit | user=null | ip=null | op=WRITE_CHUNK {blockData=conID: 3 locID: 102656603717632562 bcsId: 0} | ret=SUCCESS |  
2019-08-21 19:24:22,048 | INFO  | DNAudit | user=null | ip=null | op=PUT_BLOCK {blockData=[blockId=conID: 3 locID: 102656603717632562 bcsId: 0,size=1048576]} | ret=SUCCESS |  
2019-08-21 19:24:22,048 | INFO  | DNAudit | user=null | ip=null | op=PUT_BLOCK {blockData=[blockId=conID: 3 locID: 102656603717632562 bcsId: 0,size=1048576]} | ret=SUCCESS |  
2019-08-21 19:24:22,049 [grpc-default-executor-4] INFO  client.GrpcClientProtocolClient (GrpcClientProtocolClient.java:onNext(255)) - client-DA9582518C67->1df8bd03-73ef-4b9c-8622-5dc9d0e29c31: receive RaftClientReply:client-DA9582518C67->1df8bd03-73ef-4b9c-8622-5dc9d0e29c31@group-F45402591F47, cid=2192, SUCCESS, logIndex=0, commits[1df8bd03-73ef-4b9c-8622-5dc9d0e29c31:c3179, 12aca755-ada5-42df-801b-c61f99d8e8b8:c3176, a308b8bf-0324-43a1-a87f-1e10a96e3042:c3176]
2019-08-21 19:24:22,056 | INFO  | DNAudit | user=null | ip=null | op=WRITE_CHUNK {blockData=conID: 3 locID: 102656603717632562 bcsId: 3178} | ret=SUCCESS |  
2019-08-21 19:24:22,059 | INFO  | DNAudit | user=null | ip=null | op=WRITE_CHUNK {blockData=conID: 3 locID: 102656603717632562 bcsId: 3178} | ret=SUCCESS |  
2019-08-21 19:24:22,059 | INFO  | DNAudit | user=null | ip=null | op=WRITE_CHUNK {blockData=conID: 3 locID: 102656603717632562 bcsId: 3178} | ret=SUCCESS |  
2019-08-21 19:24:22,068 | INFO  | DNAudit | user=null | ip=null | op=WRITE_CHUNK {blockData=conID: 3 locID: 102656603717632562 bcsId: 0} | ret=SUCCESS |  
2019-08-21 19:24:22,068 | INFO  | DNAudit | user=null | ip=null | op=WRITE_CHUNK {blockData=conID: 3 locID: 102656603717632562 bcsId: 0} | ret=SUCCESS |  
2019-08-21 19:24:22,068 | INFO  | DNAudit | user=null | ip=null | op=PUT_BLOCK {blockData=[blockId=conID: 3 locID: 102656603717632562 bcsId: 0,size=2097152]} | ret=SUCCESS |  
2019-08-21 19:24:22,068 | INFO  | DNAudit | user=null | ip=null | op=PUT_BLOCK {blockData=[blockId=conID: 3 locID: 102656603717632562 bcsId: 0,size=2097152]} | ret=SUCCESS |  
2019-08-21 19:24:22,068 | INFO  | DNAudit | user=null | ip=null | op=WRITE_CHUNK {blockData=conID: 3 locID: 102656603717632562 bcsId: 3178} | ret=SUCCESS |  
2019-08-21 19:24:22,068 | INFO  | DNAudit | user=null | ip=null | op=PUT_BLOCK {blockData=[blockId=conID: 3 locID: 102656603717632562 bcsId: 0,size=3145728]} | ret=SUCCESS |  
2019-08-21 19:24:22,069 [grpc-default-executor-4] INFO  client.GrpcClientProtocolClient (GrpcClientProtocolClient.java:onNext(255)) - client-DA9582518C67->1df8bd03-73ef-4b9c-8622-5dc9d0e29c31: receive RaftClientReply:client-DA9582518C67->1df8bd03-73ef-4b9c-8622-5dc9d0e29c31@group-F45402591F47, cid=2193, SUCCESS, logIndex=3182, commits[1df8bd03-73ef-4b9c-8622-5dc9d0e29c31:c3183, 12aca755-ada5-42df-801b-c61f99d8e8b8:c3181, a308b8bf-0324-43a1-a87f-1e10a96e3042:c3181]
2019-08-21 19:24:22,069 [grpc-default-executor-4] INFO  client.GrpcClientProtocolClient (GrpcClientProtocolClient.java:onNext(255)) - client-DA9582518C67->1df8bd03-73ef-4b9c-8622-5dc9d0e29c31: receive RaftClientReply:client-DA9582518C67->1df8bd03-73ef-4b9c-8622-5dc9d0e29c31@group-F45402591F47, cid=2194, SUCCESS, logIndex=3183, commits[1df8bd03-73ef-4b9c-8622-5dc9d0e29c31:c3183, 12aca755-ada5-42df-801b-c61f99d8e8b8:c3181, a308b8bf-0324-43a1-a87f-1e10a96e3042:c3181]
2019-08-21 19:24:22,076 | INFO  | DNAudit | user=null | ip=null | op=WRITE_CHUNK {blockData=conID: 3 locID: 102656603717632562 bcsId: 3183} | ret=SUCCESS |  
2019-08-21 19:24:22,079 | INFO  | DNAudit | user=null | ip=null | op=WRITE_CHUNK {blockData=conID: 3 locID: 102656603717632562 bcsId: 3183} | ret=SUCCESS |  
2019-08-21 19:24:22,079 | INFO  | DNAudit | user=null | ip=null | op=WRITE_CHUNK {blockData=conID: 3 locID: 102656603717632562 bcsId: 3183} | ret=SUCCESS |  
2019-08-21 19:24:22,081 | INFO  | DNAudit | user=null | ip=null | op=WRITE_CHUNK {blockData=conID: 3 locID: 102656603717632562 bcsId: 3178} | ret=SUCCESS |  
2019-08-21 19:24:22,081 | INFO  | DNAudit | user=null | ip=null | op=WRITE_CHUNK {blockData=conID: 3 locID: 102656603717632562 bcsId: 3178} | ret=SUCCESS |  
2019-08-21 19:24:22,094 | INFO  | DNAudit | user=null | ip=null | op=PUT_BLOCK {blockData=[blockId=conID: 3 locID: 102656603717632562 bcsId: 0,size=3145728]} | ret=SUCCESS |  
2019-08-21 19:24:22,094 | INFO  | DNAudit | user=null | ip=null | op=PUT_BLOCK {blockData=[blockId=conID: 3 locID: 102656603717632562 bcsId: 0,size=3145728]} | ret=SUCCESS |  
2019-08-21 19:24:22,095 | INFO  | DNAudit | user=null | ip=null | op=WRITE_CHUNK {blockData=conID: 3 locID: 102656603717632562 bcsId: 3183} | ret=SUCCESS |  
2019-08-21 19:24:22,095 | INFO  | DNAudit | user=null | ip=null | op=PUT_BLOCK {blockData=[blockId=conID: 3 locID: 102656603717632562 bcsId: 0,size=4194304]} | ret=SUCCESS |  
2019-08-21 19:24:22,095 [grpc-default-executor-4] INFO  client.GrpcClientProtocolClient (GrpcClientProtocolClient.java:onNext(255)) - client-DA9582518C67->1df8bd03-73ef-4b9c-8622-5dc9d0e29c31: receive RaftClientReply:client-DA9582518C67->1df8bd03-73ef-4b9c-8622-5dc9d0e29c31@group-F45402591F47, cid=2195, SUCCESS, logIndex=3186, commits[1df8bd03-73ef-4b9c-8622-5dc9d0e29c31:c3187, 12aca755-ada5-42df-801b-c61f99d8e8b8:c3183, a308b8bf-0324-43a1-a87f-1e10a96e3042:c3183]
2019-08-21 19:24:22,095 [grpc-default-executor-4] INFO  client.GrpcClientProtocolClient (GrpcClientProtocolClient.java:onNext(255)) - client-DA9582518C67->1df8bd03-73ef-4b9c-8622-5dc9d0e29c31: receive RaftClientReply:client-DA9582518C67->1df8bd03-73ef-4b9c-8622-5dc9d0e29c31@group-F45402591F47, cid=2196, SUCCESS, logIndex=3187, commits[1df8bd03-73ef-4b9c-8622-5dc9d0e29c31:c3187, 12aca755-ada5-42df-801b-c61f99d8e8b8:c3183, a308b8bf-0324-43a1-a87f-1e10a96e3042:c3183]
2019-08-21 19:24:22,108 | INFO  | DNAudit | user=null | ip=null | op=WRITE_CHUNK {blockData=conID: 3 locID: 102656603717632562 bcsId: 3183} | ret=SUCCESS |  
2019-08-21 19:24:22,108 | INFO  | DNAudit | user=null | ip=null | op=WRITE_CHUNK {blockData=conID: 3 locID: 102656603717632562 bcsId: 3183} | ret=SUCCESS |  
2019-08-21 19:24:22,128 | INFO  | DNAudit | user=null | ip=null | op=PUT_BLOCK {blockData=[blockId=conID: 3 locID: 102656603717632562 bcsId: 0,size=4194304]} | ret=SUCCESS |  
2019-08-21 19:24:22,128 | INFO  | DNAudit | user=null | ip=null | op=PUT_BLOCK {blockData=[blockId=conID: 3 locID: 102656603717632562 bcsId: 0,size=4194304]} | ret=SUCCESS |  
2019-08-21 19:24:22,128 [grpc-default-executor-4] INFO  client.GrpcClientProtocolClient (GrpcClientProtocolClient.java:onNext(255)) - client-DA9582518C67->1df8bd03-73ef-4b9c-8622-5dc9d0e29c31: receive RaftClientReply:client-DA9582518C67->1df8bd03-73ef-4b9c-8622-5dc9d0e29c31@group-F45402591F47, cid=2197, SUCCESS, logIndex=0, commits[1df8bd03-73ef-4b9c-8622-5dc9d0e29c31:c3189, 12aca755-ada5-42df-801b-c61f99d8e8b8:c3187, a308b8bf-0324-43a1-a87f-1e10a96e3042:c3187]
2019-08-21 19:24:22,132 | INFO  | SCMAudit | user=jenkins1000 | ip=192.168.69.88 | op=ALLOCATE_BLOCK {owner=a4b1d482-4fe6-4e71-84a6-a95f4ce3f696, size=4194304, type=RATIS, factor=THREE} | ret=SUCCESS |  
2019-08-21 19:24:22,134 | INFO  | OMAudit | user=jenkins1000 | ip=127.0.0.1 | op=ALLOCATE_BLOCK {volume=vol-0-90666, bucket=bucket-0-29336, key=key-0-94354, dataSize=0, replicationType=null, replicationFactor=null, keyLocationInfo=null, clientID=102656601977389458} | ret=SUCCESS |  
2019-08-21 19:24:22,140 | INFO  | DNAudit | user=null | ip=null | op=WRITE_CHUNK {blockData=conID: 1 locID: 102656603726283315 bcsId: 0} | ret=SUCCESS |  
2019-08-21 19:24:22,142 | INFO  | DNAudit | user=null | ip=null | op=WRITE_CHUNK {blockData=conID: 1 locID: 102656603726283315 bcsId: 0} | ret=SUCCESS |  
2019-08-21 19:24:22,142 | INFO  | DNAudit | user=null | ip=null | op=WRITE_CHUNK {blockData=conID: 1 locID: 102656603726283315 bcsId: 0} | ret=SUCCESS |  
2019-08-21 19:24:22,143 | INFO  | DNAudit | user=null | ip=null | op=WRITE_CHUNK {blockData=conID: 1 locID: 102656603726283315 bcsId: 0} | ret=SUCCESS |  
2019-08-21 19:24:22,144 | INFO  | DNAudit | user=null | ip=null | op=WRITE_CHUNK {blockData=conID: 1 locID: 102656603726283315 bcsId: 0} | ret=SUCCESS |  
2019-08-21 19:24:22,144 | INFO  | DNAudit | user=null | ip=null | op=WRITE_CHUNK {blockData=conID: 1 locID: 102656603726283315 bcsId: 0} | ret=SUCCESS |  
2019-08-21 19:24:22,152 | INFO  | DNAudit | user=null | ip=null | op=WRITE_CHUNK {blockData=conID: 1 locID: 102656603726283315 bcsId: 0} | ret=SUCCESS |  
2019-08-21 19:24:22,152 | INFO  | DNAudit | user=null | ip=null | op=PUT_BLOCK {blockData=[blockId=conID: 1 locID: 102656603726283315 bcsId: 0,size=1048576]} | ret=SUCCESS |  
2019-08-21 19:24:22,153 [grpc-default-executor-0] INFO  client.GrpcClientProtocolClient (GrpcClientProtocolClient.java:onNext(255)) - client-DA9582518C67->1df8bd03-73ef-4b9c-8622-5dc9d0e29c31: receive RaftClientReply:client-DA9582518C67->1df8bd03-73ef-4b9c-8622-5dc9d0e29c31@group-F45402591F47, cid=2198, SUCCESS, logIndex=3190, commits[1df8bd03-73ef-4b9c-8622-5dc9d0e29c31:c3191, 12aca755-ada5-42df-801b-c61f99d8e8b8:c3189, a308b8bf-0324-43a1-a87f-1e10a96e3042:c3189]
2019-08-21 19:24:22,153 [grpc-default-executor-0] INFO  client.GrpcClientProtocolClient (GrpcClientProtocolClient.java:onNext(255)) - client-DA9582518C67->1df8bd03-73ef-4b9c-8622-5dc9d0e29c31: receive RaftClientReply:client-DA9582518C67->1df8bd03-73ef-4b9c-8622-5dc9d0e29c31@group-F45402591F47, cid=2199, SUCCESS, logIndex=3191, commits[1df8bd03-73ef-4b9c-8622-5dc9d0e29c31:c3191, 12aca755-ada5-42df-801b-c61f99d8e8b8:c3189, a308b8bf-0324-43a1-a87f-1e10a96e3042:c3189]
2019-08-21 19:24:22,160 | INFO  | DNAudit | user=null | ip=null | op=WRITE_CHUNK {blockData=conID: 1 locID: 102656603726283315 bcsId: 0} | ret=SUCCESS |  
2019-08-21 19:24:22,161 | INFO  | DNAudit | user=null | ip=null | op=PUT_BLOCK {blockData=[blockId=conID: 1 locID: 102656603726283315 bcsId: 0,size=2097152]} | ret=SUCCESS |  
2019-08-21 19:24:22,161 [grpc-default-executor-4] INFO  client.GrpcClientProtocolClient (GrpcClientProtocolClient.java:onNext(255)) - client-DA9582518C67->1df8bd03-73ef-4b9c-8622-5dc9d0e29c31: receive RaftClientReply:client-DA9582518C67->1df8bd03-73ef-4b9c-8622-5dc9d0e29c31@group-F45402591F47, cid=2200, SUCCESS, logIndex=3192, commits[1df8bd03-73ef-4b9c-8622-5dc9d0e29c31:c3193, 12aca755-ada5-42df-801b-c61f99d8e8b8:c3189, a308b8bf-0324-43a1-a87f-1e10a96e3042:c3189]
2019-08-21 19:24:22,161 [grpc-default-executor-4] INFO  client.GrpcClientProtocolClient (GrpcClientProtocolClient.java:onNext(255)) - client-DA9582518C67->1df8bd03-73ef-4b9c-8622-5dc9d0e29c31: receive RaftClientReply:client-DA9582518C67->1df8bd03-73ef-4b9c-8622-5dc9d0e29c31@group-F45402591F47, cid=2201, SUCCESS, logIndex=3193, commits[1df8bd03-73ef-4b9c-8622-5dc9d0e29c31:c3193, 12aca755-ada5-42df-801b-c61f99d8e8b8:c3189, a308b8bf-0324-43a1-a87f-1e10a96e3042:c3189]
2019-08-21 19:24:22,163 | INFO  | DNAudit | user=null | ip=null | op=WRITE_CHUNK {blockData=conID: 1 locID: 102656603726283315 bcsId: 0} | ret=SUCCESS |  
2019-08-21 19:24:22,163 | INFO  | DNAudit | user=null | ip=null | op=PUT_BLOCK {blockData=[blockId=conID: 1 locID: 102656603726283315 bcsId: 0,size=1048576]} | ret=SUCCESS |  
2019-08-21 19:24:22,180 | INFO  | DNAudit | user=null | ip=null | op=WRITE_CHUNK {blockData=conID: 1 locID: 102656603726283315 bcsId: 0} | ret=SUCCESS |  
2019-08-21 19:24:22,180 | INFO  | DNAudit | user=null | ip=null | op=WRITE_CHUNK {blockData=conID: 1 locID: 102656603726283315 bcsId: 0} | ret=SUCCESS |  
2019-08-21 19:24:22,181 | INFO  | DNAudit | user=null | ip=null | op=PUT_BLOCK {blockData=[blockId=conID: 1 locID: 102656603726283315 bcsId: 0,size=1048576]} | ret=SUCCESS |  
2019-08-21 19:24:22,181 | INFO  | DNAudit | user=null | ip=null | op=PUT_BLOCK {blockData=[blockId=conID: 1 locID: 102656603726283315 bcsId: 0,size=2097152]} | ret=SUCCESS |  
2019-08-21 19:24:22,181 | INFO  | DNAudit | user=null | ip=null | op=WRITE_CHUNK {blockData=conID: 1 locID: 102656603726283315 bcsId: 0} | ret=SUCCESS |  
2019-08-21 19:24:22,181 | INFO  | DNAudit | user=null | ip=null | op=PUT_BLOCK {blockData=[blockId=conID: 1 locID: 102656603726283315 bcsId: 0,size=2097152]} | ret=SUCCESS |  
2019-08-21 19:24:22,181 [grpc-default-executor-0] INFO  client.GrpcClientProtocolClient (GrpcClientProtocolClient.java:onNext(255)) - client-DA9582518C67->1df8bd03-73ef-4b9c-8622-5dc9d0e29c31: receive RaftClientReply:client-DA9582518C67->1df8bd03-73ef-4b9c-8622-5dc9d0e29c31@group-F45402591F47, cid=2202, SUCCESS, logIndex=0, commits[1df8bd03-73ef-4b9c-8622-5dc9d0e29c31:c3195, 12aca755-ada5-42df-801b-c61f99d8e8b8:c3191, a308b8bf-0324-43a1-a87f-1e10a96e3042:c3191]
2019-08-21 19:24:22,186 | INFO  | DNAudit | user=null | ip=null | op=WRITE_CHUNK {blockData=conID: 1 locID: 102656603726283315 bcsId: 3193} | ret=SUCCESS |  
2019-08-21 19:24:22,188 | INFO  | DNAudit | user=null | ip=null | op=WRITE_CHUNK {blockData=conID: 1 locID: 102656603726283315 bcsId: 3193} | ret=SUCCESS |  
2019-08-21 19:24:22,188 | INFO  | DNAudit | user=null | ip=null | op=WRITE_CHUNK {blockData=conID: 1 locID: 102656603726283315 bcsId: 3193} | ret=SUCCESS |  
2019-08-21 19:24:22,199 | INFO  | DNAudit | user=null | ip=null | op=WRITE_CHUNK {blockData=conID: 1 locID: 102656603726283315 bcsId: 3193} | ret=SUCCESS |  
2019-08-21 19:24:22,199 | INFO  | DNAudit | user=null | ip=null | op=PUT_BLOCK {blockData=[blockId=conID: 1 locID: 102656603726283315 bcsId: 0,size=3145728]} | ret=SUCCESS |  
2019-08-21 19:24:22,199 [grpc-default-executor-0] INFO  client.GrpcClientProtocolClient (GrpcClientProtocolClient.java:onNext(255)) - client-DA9582518C67->1df8bd03-73ef-4b9c-8622-5dc9d0e29c31: receive RaftClientReply:client-DA9582518C67->1df8bd03-73ef-4b9c-8622-5dc9d0e29c31@group-F45402591F47, cid=2203, SUCCESS, logIndex=3197, commits[1df8bd03-73ef-4b9c-8622-5dc9d0e29c31:c3198, 12aca755-ada5-42df-801b-c61f99d8e8b8:c3196, a308b8bf-0324-43a1-a87f-1e10a96e3042:c3196]
2019-08-21 19:24:22,200 [grpc-default-executor-0] INFO  client.GrpcClientProtocolClient (GrpcClientProtocolClient.java:onNext(255)) - client-DA9582518C67->1df8bd03-73ef-4b9c-8622-5dc9d0e29c31: receive RaftClientReply:client-DA9582518C67->1df8bd03-73ef-4b9c-8622-5dc9d0e29c31@group-F45402591F47, cid=2204, SUCCESS, logIndex=3198, commits[1df8bd03-73ef-4b9c-8622-5dc9d0e29c31:c3198, 12aca755-ada5-42df-801b-c61f99d8e8b8:c3196, a308b8bf-0324-43a1-a87f-1e10a96e3042:c3196]
2019-08-21 19:24:22,202 | INFO  | DNAudit | user=null | ip=null | op=WRITE_CHUNK {blockData=conID: 1 locID: 102656603726283315 bcsId: 3193} | ret=SUCCESS |  
2019-08-21 19:24:22,202 | INFO  | DNAudit | user=null | ip=null | op=WRITE_CHUNK {blockData=conID: 1 locID: 102656603726283315 bcsId: 3193} | ret=SUCCESS |  
2019-08-21 19:24:22,202 | INFO  | DNAudit | user=null | ip=null | op=PUT_BLOCK {blockData=[blockId=conID: 1 locID: 102656603726283315 bcsId: 0,size=3145728]} | ret=SUCCESS |  
2019-08-21 19:24:22,202 | INFO  | DNAudit | user=null | ip=null | op=PUT_BLOCK {blockData=[blockId=conID: 1 locID: 102656603726283315 bcsId: 0,size=3145728]} | ret=SUCCESS |  
2019-08-21 19:24:22,205 | INFO  | DNAudit | user=null | ip=null | op=WRITE_CHUNK {blockData=conID: 1 locID: 102656603726283315 bcsId: 3198} | ret=SUCCESS |  
2019-08-21 19:24:22,207 | INFO  | DNAudit | user=null | ip=null | op=WRITE_CHUNK {blockData=conID: 1 locID: 102656603726283315 bcsId: 3198} | ret=SUCCESS |  
2019-08-21 19:24:22,208 | INFO  | DNAudit | user=null | ip=null | op=WRITE_CHUNK {blockData=conID: 1 locID: 102656603726283315 bcsId: 3198} | ret=SUCCESS |  
2019-08-21 19:24:22,225 | INFO  | DNAudit | user=null | ip=null | op=WRITE_CHUNK {blockData=conID: 1 locID: 102656603726283315 bcsId: 3198} | ret=SUCCESS |  
2019-08-21 19:24:22,225 | INFO  | DNAudit | user=null | ip=null | op=PUT_BLOCK {blockData=[blockId=conID: 1 locID: 102656603726283315 bcsId: 0,size=4194304]} | ret=SUCCESS |  
2019-08-21 19:24:22,225 [grpc-default-executor-4] INFO  client.GrpcClientProtocolClient (GrpcClientProtocolClient.java:onNext(255)) - client-DA9582518C67->1df8bd03-73ef-4b9c-8622-5dc9d0e29c31: receive RaftClientReply:client-DA9582518C67->1df8bd03-73ef-4b9c-8622-5dc9d0e29c31@group-F45402591F47, cid=2205, SUCCESS, logIndex=3201, commits[1df8bd03-73ef-4b9c-8622-5dc9d0e29c31:c3202, 12aca755-ada5-42df-801b-c61f99d8e8b8:c3199, a308b8bf-0324-43a1-a87f-1e10a96e3042:c3199]
2019-08-21 19:24:22,226 [grpc-default-executor-4] INFO  client.GrpcClientProtocolClient (GrpcClientProtocolClient.java:onNext(255)) - client-DA9582518C67->1df8bd03-73ef-4b9c-8622-5dc9d0e29c31: receive RaftClientReply:client-DA9582518C67->1df8bd03-73ef-4b9c-8622-5dc9d0e29c31@group-F45402591F47, cid=2206, SUCCESS, logIndex=3202, commits[1df8bd03-73ef-4b9c-8622-5dc9d0e29c31:c3202, 12aca755-ada5-42df-801b-c61f99d8e8b8:c3199, a308b8bf-0324-43a1-a87f-1e10a96e3042:c3199]
2019-08-21 19:24:22,246 | INFO  | DNAudit | user=null | ip=null | op=WRITE_CHUNK {blockData=conID: 1 locID: 102656603726283315 bcsId: 3198} | ret=SUCCESS |  
2019-08-21 19:24:22,246 | INFO  | DNAudit | user=null | ip=null | op=WRITE_CHUNK {blockData=conID: 1 locID: 102656603726283315 bcsId: 3198} | ret=SUCCESS |  
2019-08-21 19:24:22,246 | INFO  | DNAudit | user=null | ip=null | op=PUT_BLOCK {blockData=[blockId=conID: 1 locID: 102656603726283315 bcsId: 0,size=4194304]} | ret=SUCCESS |  
2019-08-21 19:24:22,249 | INFO  | DNAudit | user=null | ip=null | op=PUT_BLOCK {blockData=[blockId=conID: 1 locID: 102656603726283315 bcsId: 0,size=4194304]} | ret=SUCCESS |  
2019-08-21 19:24:22,249 [grpc-default-executor-0] INFO  client.GrpcClientProtocolClient (GrpcClientProtocolClient.java:onNext(255)) - client-DA9582518C67->1df8bd03-73ef-4b9c-8622-5dc9d0e29c31: receive RaftClientReply:client-DA9582518C67->1df8bd03-73ef-4b9c-8622-5dc9d0e29c31@group-F45402591F47, cid=2207, SUCCESS, logIndex=0, commits[1df8bd03-73ef-4b9c-8622-5dc9d0e29c31:c3204, 12aca755-ada5-42df-801b-c61f99d8e8b8:c3202, a308b8bf-0324-43a1-a87f-1e10a96e3042:c3202]
2019-08-21 19:24:22,253 | INFO  | SCMAudit | user=jenkins1000 | ip=192.168.69.88 | op=ALLOCATE_BLOCK {owner=a4b1d482-4fe6-4e71-84a6-a95f4ce3f696, size=4194304, type=RATIS, factor=THREE} | ret=SUCCESS |  
2019-08-21 19:24:22,256 | INFO  | OMAudit | user=jenkins1000 | ip=127.0.0.1 | op=ALLOCATE_BLOCK {volume=vol-0-90666, bucket=bucket-0-29336, key=key-0-94354, dataSize=0, replicationType=null, replicationFactor=null, keyLocationInfo=null, clientID=102656601977389458} | ret=SUCCESS |  
2019-08-21 19:24:22,689 | INFO  | SCMAudit | user=jenkins1000 | ip=192.168.69.88 | op=SEND_HEARTBEAT {datanodeUUID=cfaf9666-ca64-459e-bd34-ff7c349f752a, command=[]} | ret=SUCCESS |  
2019-08-21 19:24:22,689 | INFO  | DNAudit | user=null | ip=null | op=WRITE_CHUNK {blockData=conID: 2 locID: 102656603734213172 bcsId: 0} | ret=SUCCESS |  
2019-08-21 19:24:22,694 | INFO  | DNAudit | user=null | ip=null | op=WRITE_CHUNK {blockData=conID: 2 locID: 102656603734213172 bcsId: 0} | ret=SUCCESS |  
2019-08-21 19:24:22,695 | INFO  | DNAudit | user=null | ip=null | op=WRITE_CHUNK {blockData=conID: 2 locID: 102656603734213172 bcsId: 0} | ret=SUCCESS |  
2019-08-21 19:24:22,695 | INFO  | DNAudit | user=null | ip=null | op=WRITE_CHUNK {blockData=conID: 2 locID: 102656603734213172 bcsId: 0} | ret=SUCCESS |  
2019-08-21 19:24:22,697 | INFO  | DNAudit | user=null | ip=null | op=WRITE_CHUNK {blockData=conID: 2 locID: 102656603734213172 bcsId: 0} | ret=SUCCESS |  
2019-08-21 19:24:22,697 | INFO  | DNAudit | user=null | ip=null | op=WRITE_CHUNK {blockData=conID: 2 locID: 102656603734213172 bcsId: 0} | ret=SUCCESS |  
2019-08-21 19:24:22,712 | INFO  | SCMAudit | user=jenkins1000 | ip=192.168.69.88 | op=SEND_HEARTBEAT {datanodeUUID=c4b21f74-9dba-4f39-a92d-300bdd5c7775, command=[]} | ret=SUCCESS |  
 0.00% |█                                                                                                    |  0/1 Time: 0:00:272019-08-21 19:24:22,973 | INFO  | SCMAudit | user=jenkins1000 | ip=192.168.69.88 | op=SEND_HEARTBEAT {datanodeUUID=12aca755-ada5-42df-801b-c61f99d8e8b8, command=[]} | ret=SUCCESS |  
2019-08-21 19:24:22,973 | INFO  | SCMAudit | user=jenkins1000 | ip=192.168.69.88 | op=SEND_HEARTBEAT {datanodeUUID=a308b8bf-0324-43a1-a87f-1e10a96e3042, command=[]} | ret=SUCCESS |  
2019-08-21 19:24:22,974 | INFO  | SCMAudit | user=jenkins1000 | ip=192.168.69.88 | op=SEND_HEARTBEAT {datanodeUUID=1df8bd03-73ef-4b9c-8622-5dc9d0e29c31, command=[]} | ret=SUCCESS |  
2019-08-21 19:24:23,033 | INFO  | DNAudit | user=null | ip=null | op=WRITE_CHUNK {blockData=conID: 2 locID: 102656603734213172 bcsId: 0} | ret=SUCCESS |  
2019-08-21 19:24:23,034 | INFO  | DNAudit | user=null | ip=null | op=PUT_BLOCK {blockData=[blockId=conID: 2 locID: 102656603734213172 bcsId: 0,size=1048576]} | ret=SUCCESS |  
2019-08-21 19:24:23,034 [grpc-default-executor-4] INFO  client.GrpcClientProtocolClient (GrpcClientProtocolClient.java:onNext(255)) - client-DA9582518C67->1df8bd03-73ef-4b9c-8622-5dc9d0e29c31: receive RaftClientReply:client-DA9582518C67->1df8bd03-73ef-4b9c-8622-5dc9d0e29c31@group-F45402591F47, cid=2208, SUCCESS, logIndex=3205, commits[1df8bd03-73ef-4b9c-8622-5dc9d0e29c31:c3206, 12aca755-ada5-42df-801b-c61f99d8e8b8:c3204, a308b8bf-0324-43a1-a87f-1e10a96e3042:c3204]
2019-08-21 19:24:23,034 [grpc-default-executor-4] INFO  client.GrpcClientProtocolClient (GrpcClientProtocolClient.java:onNext(255)) - client-DA9582518C67->1df8bd03-73ef-4b9c-8622-5dc9d0e29c31: receive RaftClientReply:client-DA9582518C67->1df8bd03-73ef-4b9c-8622-5dc9d0e29c31@group-F45402591F47, cid=2209, SUCCESS, logIndex=3206, commits[1df8bd03-73ef-4b9c-8622-5dc9d0e29c31:c3206, 12aca755-ada5-42df-801b-c61f99d8e8b8:c3204, a308b8bf-0324-43a1-a87f-1e10a96e3042:c3204]
2019-08-21 19:24:23,592 | INFO  | DNAudit | user=null | ip=null | op=WRITE_CHUNK {blockData=conID: 2 locID: 102656603734213172 bcsId: 0} | ret=SUCCESS |  
2019-08-21 19:24:23,593 | INFO  | DNAudit | user=null | ip=null | op=PUT_BLOCK {blockData=[blockId=conID: 2 locID: 102656603734213172 bcsId: 0,size=2097152]} | ret=SUCCESS |  
2019-08-21 19:24:23,593 [grpc-default-executor-0] INFO  client.GrpcClientProtocolClient (GrpcClientProtocolClient.java:onNext(255)) - client-DA9582518C67->1df8bd03-73ef-4b9c-8622-5dc9d0e29c31: receive RaftClientReply:client-DA9582518C67->1df8bd03-73ef-4b9c-8622-5dc9d0e29c31@group-F45402591F47, cid=2210, SUCCESS, logIndex=3207, commits[1df8bd03-73ef-4b9c-8622-5dc9d0e29c31:c3208, 12aca755-ada5-42df-801b-c61f99d8e8b8:c3204, a308b8bf-0324-43a1-a87f-1e10a96e3042:c3204]
2019-08-21 19:24:23,594 [grpc-default-executor-0] INFO  client.GrpcClientProtocolClient (GrpcClientProtocolClient.java:onNext(255)) - client-DA9582518C67->1df8bd03-73ef-4b9c-8622-5dc9d0e29c31: receive RaftClientReply:client-DA9582518C67->1df8bd03-73ef-4b9c-8622-5dc9d0e29c31@group-F45402591F47, cid=2211, SUCCESS, logIndex=3208, commits[1df8bd03-73ef-4b9c-8622-5dc9d0e29c31:c3208, 12aca755-ada5-42df-801b-c61f99d8e8b8:c3204, a308b8bf-0324-43a1-a87f-1e10a96e3042:c3204]
2019-08-21 19:24:23,611 [grpc-default-executor-4] INFO  client.GrpcClientProtocolClient (GrpcClientProtocolClient.java:onNext(255)) - client-DA9582518C67->1df8bd03-73ef-4b9c-8622-5dc9d0e29c31: receive RaftClientReply:client-DA9582518C67->1df8bd03-73ef-4b9c-8622-5dc9d0e29c31@group-F45402591F47, cid=2212, SUCCESS, logIndex=0, commits[1df8bd03-73ef-4b9c-8622-5dc9d0e29c31:c3210, 12aca755-ada5-42df-801b-c61f99d8e8b8:c3206, a308b8bf-0324-43a1-a87f-1e10a96e3042:c3206]
2019-08-21 19:24:23,688 | INFO  | SCMAudit | user=jenkins1000 | ip=192.168.69.88 | op=SEND_HEARTBEAT {datanodeUUID=cfaf9666-ca64-459e-bd34-ff7c349f752a, command=[]} | ret=SUCCESS |  
2019-08-21 19:24:23,712 | INFO  | SCMAudit | user=jenkins1000 | ip=192.168.69.88 | op=SEND_HEARTBEAT {datanodeUUID=c4b21f74-9dba-4f39-a92d-300bdd5c7775, command=[]} | ret=SUCCESS |  
 0.00% |█                                                                                                    |  0/1 Time: 0:00:282019-08-21 19:24:23,974 | INFO  | SCMAudit | user=jenkins1000 | ip=192.168.69.88 | op=SEND_HEARTBEAT {datanodeUUID=1df8bd03-73ef-4b9c-8622-5dc9d0e29c31, command=[]} | ret=SUCCESS |  
2019-08-21 19:24:23,974 | INFO  | SCMAudit | user=jenkins1000 | ip=192.168.69.88 | op=SEND_HEARTBEAT {datanodeUUID=a308b8bf-0324-43a1-a87f-1e10a96e3042, command=[]} | ret=SUCCESS |  
2019-08-21 19:24:23,974 | INFO  | SCMAudit | user=jenkins1000 | ip=192.168.69.88 | op=SEND_HEARTBEAT {datanodeUUID=12aca755-ada5-42df-801b-c61f99d8e8b8, command=[]} | ret=SUCCESS |  
2019-08-21 19:24:23,977 | INFO  | DNAudit | user=null | ip=null | op=WRITE_CHUNK {blockData=conID: 2 locID: 102656603734213172 bcsId: 0} | ret=SUCCESS |  
2019-08-21 19:24:23,977 | INFO  | DNAudit | user=null | ip=null | op=WRITE_CHUNK {blockData=conID: 2 locID: 102656603734213172 bcsId: 0} | ret=SUCCESS |  
2019-08-21 19:24:23,977 | INFO  | DNAudit | user=null | ip=null | op=PUT_BLOCK {blockData=[blockId=conID: 2 locID: 102656603734213172 bcsId: 0,size=1048576]} | ret=SUCCESS |  
2019-08-21 19:24:23,977 | INFO  | DNAudit | user=null | ip=null | op=PUT_BLOCK {blockData=[blockId=conID: 2 locID: 102656603734213172 bcsId: 0,size=1048576]} | ret=SUCCESS |  
2019-08-21 19:24:23,979 | INFO  | DNAudit | user=null | ip=null | op=WRITE_CHUNK {blockData=conID: 2 locID: 102656603734213172 bcsId: 3208} | ret=SUCCESS |  
2019-08-21 19:24:23,979 | INFO  | DNAudit | user=null | ip=null | op=WRITE_CHUNK {blockData=conID: 2 locID: 102656603734213172 bcsId: 3208} | ret=SUCCESS |  
2019-08-21 19:24:23,980 | INFO  | DNAudit | user=null | ip=null | op=WRITE_CHUNK {blockData=conID: 2 locID: 102656603734213172 bcsId: 3208} | ret=SUCCESS |  
2019-08-21 19:24:23,988 | INFO  | DNAudit | user=null | ip=null | op=WRITE_CHUNK {blockData=conID: 2 locID: 102656603734213172 bcsId: 0} | ret=SUCCESS |  
2019-08-21 19:24:23,989 | INFO  | DNAudit | user=null | ip=null | op=PUT_BLOCK {blockData=[blockId=conID: 2 locID: 102656603734213172 bcsId: 0,size=2097152]} | ret=SUCCESS |  
2019-08-21 19:24:23,989 | INFO  | DNAudit | user=null | ip=null | op=WRITE_CHUNK {blockData=conID: 2 locID: 102656603734213172 bcsId: 0} | ret=SUCCESS |  
2019-08-21 19:24:23,989 | INFO  | DNAudit | user=null | ip=null | op=PUT_BLOCK {blockData=[blockId=conID: 2 locID: 102656603734213172 bcsId: 0,size=2097152]} | ret=SUCCESS |  
2019-08-21 19:24:23,993 | INFO  | DNAudit | user=null | ip=null | op=WRITE_CHUNK {blockData=conID: 2 locID: 102656603734213172 bcsId: 3208} | ret=SUCCESS |  
2019-08-21 19:24:23,993 | INFO  | DNAudit | user=null | ip=null | op=PUT_BLOCK {blockData=[blockId=conID: 2 locID: 102656603734213172 bcsId: 0,size=3145728]} | ret=SUCCESS |  
2019-08-21 19:24:23,993 [grpc-default-executor-2] INFO  client.GrpcClientProtocolClient (GrpcClientProtocolClient.java:onNext(255)) - client-DA9582518C67->1df8bd03-73ef-4b9c-8622-5dc9d0e29c31: receive RaftClientReply:client-DA9582518C67->1df8bd03-73ef-4b9c-8622-5dc9d0e29c31@group-F45402591F47, cid=2213, SUCCESS, logIndex=3213, commits[1df8bd03-73ef-4b9c-8622-5dc9d0e29c31:c3214, 12aca755-ada5-42df-801b-c61f99d8e8b8:c3210, a308b8bf-0324-43a1-a87f-1e10a96e3042:c3210]
2019-08-21 19:24:23,994 [grpc-default-executor-2] INFO  client.GrpcClientProtocolClient (GrpcClientProtocolClient.java:onNext(255)) - client-DA9582518C67->1df8bd03-73ef-4b9c-8622-5dc9d0e29c31: receive RaftClientReply:client-DA9582518C67->1df8bd03-73ef-4b9c-8622-5dc9d0e29c31@group-F45402591F47, cid=2214, SUCCESS, logIndex=3214, commits[1df8bd03-73ef-4b9c-8622-5dc9d0e29c31:c3214, 12aca755-ada5-42df-801b-c61f99d8e8b8:c3210, a308b8bf-0324-43a1-a87f-1e10a96e3042:c3210]
2019-08-21 19:24:24,001 | INFO  | DNAudit | user=null | ip=null | op=WRITE_CHUNK {blockData=conID: 2 locID: 102656603734213172 bcsId: 3214} | ret=SUCCESS |  
2019-08-21 19:24:24,005 | INFO  | DNAudit | user=null | ip=null | op=WRITE_CHUNK {blockData=conID: 2 locID: 102656603734213172 bcsId: 3214} | ret=SUCCESS |  
2019-08-21 19:24:24,005 | INFO  | DNAudit | user=null | ip=null | op=WRITE_CHUNK {blockData=conID: 2 locID: 102656603734213172 bcsId: 3214} | ret=SUCCESS |  
2019-08-21 19:24:24,006 | INFO  | DNAudit | user=null | ip=null | op=WRITE_CHUNK {blockData=conID: 2 locID: 102656603734213172 bcsId: 3208} | ret=SUCCESS |  
2019-08-21 19:24:24,006 | INFO  | DNAudit | user=null | ip=null | op=WRITE_CHUNK {blockData=conID: 2 locID: 102656603734213172 bcsId: 3208} | ret=SUCCESS |  
2019-08-21 19:24:24,006 | INFO  | DNAudit | user=null | ip=null | op=PUT_BLOCK {blockData=[blockId=conID: 2 locID: 102656603734213172 bcsId: 0,size=3145728]} | ret=SUCCESS |  
2019-08-21 19:24:24,006 | INFO  | DNAudit | user=null | ip=null | op=PUT_BLOCK {blockData=[blockId=conID: 2 locID: 102656603734213172 bcsId: 0,size=3145728]} | ret=SUCCESS |  
2019-08-21 19:24:24,019 | INFO  | DNAudit | user=null | ip=null | op=WRITE_CHUNK {blockData=conID: 2 locID: 102656603734213172 bcsId: 3214} | ret=SUCCESS |  
2019-08-21 19:24:24,020 | INFO  | DNAudit | user=null | ip=null | op=PUT_BLOCK {blockData=[blockId=conID: 2 locID: 102656603734213172 bcsId: 0,size=4194304]} | ret=SUCCESS |  
2019-08-21 19:24:24,020 [grpc-default-executor-0] INFO  client.GrpcClientProtocolClient (GrpcClientProtocolClient.java:onNext(255)) - client-DA9582518C67->1df8bd03-73ef-4b9c-8622-5dc9d0e29c31: receive RaftClientReply:client-DA9582518C67->1df8bd03-73ef-4b9c-8622-5dc9d0e29c31@group-F45402591F47, cid=2215, SUCCESS, logIndex=3217, commits[1df8bd03-73ef-4b9c-8622-5dc9d0e29c31:c3218, 12aca755-ada5-42df-801b-c61f99d8e8b8:c3214, a308b8bf-0324-43a1-a87f-1e10a96e3042:c3214]
2019-08-21 19:24:24,021 [grpc-default-executor-0] INFO  client.GrpcClientProtocolClient (GrpcClientProtocolClient.java:onNext(255)) - client-DA9582518C67->1df8bd03-73ef-4b9c-8622-5dc9d0e29c31: receive RaftClientReply:client-DA9582518C67->1df8bd03-73ef-4b9c-8622-5dc9d0e29c31@group-F45402591F47, cid=2216, SUCCESS, logIndex=3218, commits[1df8bd03-73ef-4b9c-8622-5dc9d0e29c31:c3218, 12aca755-ada5-42df-801b-c61f99d8e8b8:c3214, a308b8bf-0324-43a1-a87f-1e10a96e3042:c3214]
2019-08-21 19:24:24,031 | INFO  | DNAudit | user=null | ip=null | op=WRITE_CHUNK {blockData=conID: 2 locID: 102656603734213172 bcsId: 3214} | ret=SUCCESS |  
2019-08-21 19:24:24,031 | INFO  | DNAudit | user=null | ip=null | op=WRITE_CHUNK {blockData=conID: 2 locID: 102656603734213172 bcsId: 3214} | ret=SUCCESS |  
2019-08-21 19:24:24,034 | INFO  | DNAudit | user=null | ip=null | op=PUT_BLOCK {blockData=[blockId=conID: 2 locID: 102656603734213172 bcsId: 0,size=4194304]} | ret=SUCCESS |  
2019-08-21 19:24:24,034 | INFO  | DNAudit | user=null | ip=null | op=PUT_BLOCK {blockData=[blockId=conID: 2 locID: 102656603734213172 bcsId: 0,size=4194304]} | ret=SUCCESS |  
2019-08-21 19:24:24,034 [grpc-default-executor-2] INFO  client.GrpcClientProtocolClient (GrpcClientProtocolClient.java:onNext(255)) - client-DA9582518C67->1df8bd03-73ef-4b9c-8622-5dc9d0e29c31: receive RaftClientReply:client-DA9582518C67->1df8bd03-73ef-4b9c-8622-5dc9d0e29c31@group-F45402591F47, cid=2217, SUCCESS, logIndex=0, commits[1df8bd03-73ef-4b9c-8622-5dc9d0e29c31:c3220, 12aca755-ada5-42df-801b-c61f99d8e8b8:c3218, a308b8bf-0324-43a1-a87f-1e10a96e3042:c3218]
2019-08-21 19:24:24,040 | INFO  | SCMAudit | user=jenkins1000 | ip=192.168.69.88 | op=ALLOCATE_BLOCK {owner=a4b1d482-4fe6-4e71-84a6-a95f4ce3f696, size=4194304, type=RATIS, factor=THREE} | ret=SUCCESS |  
2019-08-21 19:24:24,043 | INFO  | OMAudit | user=jenkins1000 | ip=127.0.0.1 | op=ALLOCATE_BLOCK {volume=vol-0-90666, bucket=bucket-0-29336, key=key-0-94354, dataSize=0, replicationType=null, replicationFactor=null, keyLocationInfo=null, clientID=102656601977389458} | ret=SUCCESS |  
2019-08-21 19:24:24,050 | INFO  | DNAudit | user=null | ip=null | op=WRITE_CHUNK {blockData=conID: 3 locID: 102656603851326005 bcsId: 0} | ret=SUCCESS |  
2019-08-21 19:24:24,054 | INFO  | DNAudit | user=null | ip=null | op=WRITE_CHUNK {blockData=conID: 3 locID: 102656603851326005 bcsId: 0} | ret=SUCCESS |  
2019-08-21 19:24:24,054 | INFO  | DNAudit | user=null | ip=null | op=WRITE_CHUNK {blockData=conID: 3 locID: 102656603851326005 bcsId: 0} | ret=SUCCESS |  
2019-08-21 19:24:24,055 | INFO  | DNAudit | user=null | ip=null | op=WRITE_CHUNK {blockData=conID: 3 locID: 102656603851326005 bcsId: 0} | ret=SUCCESS |  
2019-08-21 19:24:24,057 | INFO  | DNAudit | user=null | ip=null | op=WRITE_CHUNK {blockData=conID: 3 locID: 102656603851326005 bcsId: 0} | ret=SUCCESS |  
2019-08-21 19:24:24,057 | INFO  | DNAudit | user=null | ip=null | op=WRITE_CHUNK {blockData=conID: 3 locID: 102656603851326005 bcsId: 0} | ret=SUCCESS |  
2019-08-21 19:24:24,065 | INFO  | DNAudit | user=null | ip=null | op=WRITE_CHUNK {blockData=conID: 3 locID: 102656603851326005 bcsId: 0} | ret=SUCCESS |  
2019-08-21 19:24:24,065 | INFO  | DNAudit | user=null | ip=null | op=PUT_BLOCK {blockData=[blockId=conID: 3 locID: 102656603851326005 bcsId: 0,size=1048576]} | ret=SUCCESS |  
2019-08-21 19:24:24,065 [grpc-default-executor-0] INFO  client.GrpcClientProtocolClient (GrpcClientProtocolClient.java:onNext(255)) - client-DA9582518C67->1df8bd03-73ef-4b9c-8622-5dc9d0e29c31: receive RaftClientReply:client-DA9582518C67->1df8bd03-73ef-4b9c-8622-5dc9d0e29c31@group-F45402591F47, cid=2218, SUCCESS, logIndex=3221, commits[1df8bd03-73ef-4b9c-8622-5dc9d0e29c31:c3222, 12aca755-ada5-42df-801b-c61f99d8e8b8:c3220, a308b8bf-0324-43a1-a87f-1e10a96e3042:c3220]
2019-08-21 19:24:24,066 [grpc-default-executor-0] INFO  client.GrpcClientProtocolClient (GrpcClientProtocolClient.java:onNext(255)) - client-DA9582518C67->1df8bd03-73ef-4b9c-8622-5dc9d0e29c31: receive RaftClientReply:client-DA9582518C67->1df8bd03-73ef-4b9c-8622-5dc9d0e29c31@group-F45402591F47, cid=2219, SUCCESS, logIndex=3222, commits[1df8bd03-73ef-4b9c-8622-5dc9d0e29c31:c3222, 12aca755-ada5-42df-801b-c61f99d8e8b8:c3220, a308b8bf-0324-43a1-a87f-1e10a96e3042:c3220]
2019-08-21 19:24:24,078 | INFO  | DNAudit | user=null | ip=null | op=WRITE_CHUNK {blockData=conID: 3 locID: 102656603851326005 bcsId: 0} | ret=SUCCESS |  
2019-08-21 19:24:24,079 | INFO  | DNAudit | user=null | ip=null | op=PUT_BLOCK {blockData=[blockId=conID: 3 locID: 102656603851326005 bcsId: 0,size=2097152]} | ret=SUCCESS |  
2019-08-21 19:24:24,079 [grpc-default-executor-0] INFO  client.GrpcClientProtocolClient (GrpcClientProtocolClient.java:onNext(255)) - client-DA9582518C67->1df8bd03-73ef-4b9c-8622-5dc9d0e29c31: receive RaftClientReply:client-DA9582518C67->1df8bd03-73ef-4b9c-8622-5dc9d0e29c31@group-F45402591F47, cid=2220, SUCCESS, logIndex=3223, commits[1df8bd03-73ef-4b9c-8622-5dc9d0e29c31:c3224, 12aca755-ada5-42df-801b-c61f99d8e8b8:c3220, a308b8bf-0324-43a1-a87f-1e10a96e3042:c3220]
2019-08-21 19:24:24,079 [grpc-default-executor-0] INFO  client.GrpcClientProtocolClient (GrpcClientProtocolClient.java:onNext(255)) - client-DA9582518C67->1df8bd03-73ef-4b9c-8622-5dc9d0e29c31: receive RaftClientReply:client-DA9582518C67->1df8bd03-73ef-4b9c-8622-5dc9d0e29c31@group-F45402591F47, cid=2221, SUCCESS, logIndex=3224, commits[1df8bd03-73ef-4b9c-8622-5dc9d0e29c31:c3224, 12aca755-ada5-42df-801b-c61f99d8e8b8:c3220, a308b8bf-0324-43a1-a87f-1e10a96e3042:c3220]
2019-08-21 19:24:24,090 | INFO  | DNAudit | user=null | ip=null | op=WRITE_CHUNK {blockData=conID: 3 locID: 102656603851326005 bcsId: 0} | ret=SUCCESS |  
2019-08-21 19:24:24,090 | INFO  | DNAudit | user=null | ip=null | op=WRITE_CHUNK {blockData=conID: 3 locID: 102656603851326005 bcsId: 0} | ret=SUCCESS |  
2019-08-21 19:24:24,090 | INFO  | DNAudit | user=null | ip=null | op=PUT_BLOCK {blockData=[blockId=conID: 3 locID: 102656603851326005 bcsId: 0,size=1048576]} | ret=SUCCESS |  
2019-08-21 19:24:24,090 | INFO  | DNAudit | user=null | ip=null | op=PUT_BLOCK {blockData=[blockId=conID: 3 locID: 102656603851326005 bcsId: 0,size=1048576]} | ret=SUCCESS |  
2019-08-21 19:24:24,090 [grpc-default-executor-4] INFO  client.GrpcClientProtocolClient (GrpcClientProtocolClient.java:onNext(255)) - client-DA9582518C67->1df8bd03-73ef-4b9c-8622-5dc9d0e29c31: receive RaftClientReply:client-DA9582518C67->1df8bd03-73ef-4b9c-8622-5dc9d0e29c31@group-F45402591F47, cid=2222, SUCCESS, logIndex=0, commits[1df8bd03-73ef-4b9c-8622-5dc9d0e29c31:c3226, 12aca755-ada5-42df-801b-c61f99d8e8b8:c3222, a308b8bf-0324-43a1-a87f-1e10a96e3042:c3222]
2019-08-21 19:24:24,090 | INFO  | DNAudit | user=null | ip=null | op=WRITE_CHUNK {blockData=conID: 3 locID: 102656603851326005 bcsId: 0} | ret=SUCCESS |  
2019-08-21 19:24:24,091 | INFO  | DNAudit | user=null | ip=null | op=PUT_BLOCK {blockData=[blockId=conID: 3 locID: 102656603851326005 bcsId: 0,size=2097152]} | ret=SUCCESS |  
2019-08-21 19:24:24,098 | INFO  | DNAudit | user=null | ip=null | op=WRITE_CHUNK {blockData=conID: 3 locID: 102656603851326005 bcsId: 3224} | ret=SUCCESS |  
2019-08-21 19:24:24,100 | INFO  | DNAudit | user=null | ip=null | op=WRITE_CHUNK {blockData=conID: 3 locID: 102656603851326005 bcsId: 0} | ret=SUCCESS |  
2019-08-21 19:24:24,100 | INFO  | DNAudit | user=null | ip=null | op=PUT_BLOCK {blockData=[blockId=conID: 3 locID: 102656603851326005 bcsId: 0,size=2097152]} | ret=SUCCESS |  
2019-08-21 19:24:24,101 | INFO  | DNAudit | user=null | ip=null | op=WRITE_CHUNK {blockData=conID: 3 locID: 102656603851326005 bcsId: 3224} | ret=SUCCESS |  
2019-08-21 19:24:24,101 | INFO  | DNAudit | user=null | ip=null | op=WRITE_CHUNK {blockData=conID: 3 locID: 102656603851326005 bcsId: 3224} | ret=SUCCESS |  
2019-08-21 19:24:24,113 | INFO  | DNAudit | user=null | ip=null | op=WRITE_CHUNK {blockData=conID: 3 locID: 102656603851326005 bcsId: 3224} | ret=SUCCESS |  
2019-08-21 19:24:24,114 | INFO  | DNAudit | user=null | ip=null | op=PUT_BLOCK {blockData=[blockId=conID: 3 locID: 102656603851326005 bcsId: 0,size=3145728]} | ret=SUCCESS |  
2019-08-21 19:24:24,114 [grpc-default-executor-0] INFO  client.GrpcClientProtocolClient (GrpcClientProtocolClient.java:onNext(255)) - client-DA9582518C67->1df8bd03-73ef-4b9c-8622-5dc9d0e29c31: receive RaftClientReply:client-DA9582518C67->1df8bd03-73ef-4b9c-8622-5dc9d0e29c31@group-F45402591F47, cid=2223, SUCCESS, logIndex=3229, commits[1df8bd03-73ef-4b9c-8622-5dc9d0e29c31:c3230, 12aca755-ada5-42df-801b-c61f99d8e8b8:c3228, a308b8bf-0324-43a1-a87f-1e10a96e3042:c3228]
2019-08-21 19:24:24,114 [grpc-default-executor-0] INFO  client.GrpcClientProtocolClient (GrpcClientProtocolClient.java:onNext(255)) - client-DA9582518C67->1df8bd03-73ef-4b9c-8622-5dc9d0e29c31: receive RaftClientReply:client-DA9582518C67->1df8bd03-73ef-4b9c-8622-5dc9d0e29c31@group-F45402591F47, cid=2224, SUCCESS, logIndex=3230, commits[1df8bd03-73ef-4b9c-8622-5dc9d0e29c31:c3230, 12aca755-ada5-42df-801b-c61f99d8e8b8:c3228, a308b8bf-0324-43a1-a87f-1e10a96e3042:c3228]
2019-08-21 19:24:24,120 | INFO  | DNAudit | user=null | ip=null | op=WRITE_CHUNK {blockData=conID: 3 locID: 102656603851326005 bcsId: 3230} | ret=SUCCESS |  
2019-08-21 19:24:24,122 | INFO  | DNAudit | user=null | ip=null | op=WRITE_CHUNK {blockData=conID: 3 locID: 102656603851326005 bcsId: 3230} | ret=SUCCESS |  
2019-08-21 19:24:24,123 | INFO  | DNAudit | user=null | ip=null | op=WRITE_CHUNK {blockData=conID: 3 locID: 102656603851326005 bcsId: 3230} | ret=SUCCESS |  
2019-08-21 19:24:24,127 | INFO  | DNAudit | user=null | ip=null | op=WRITE_CHUNK {blockData=conID: 3 locID: 102656603851326005 bcsId: 3224} | ret=SUCCESS |  
2019-08-21 19:24:24,127 | INFO  | DNAudit | user=null | ip=null | op=WRITE_CHUNK {blockData=conID: 3 locID: 102656603851326005 bcsId: 3224} | ret=SUCCESS |  
2019-08-21 19:24:24,127 | INFO  | DNAudit | user=null | ip=null | op=PUT_BLOCK {blockData=[blockId=conID: 3 locID: 102656603851326005 bcsId: 0,size=3145728]} | ret=SUCCESS |  
2019-08-21 19:24:24,140 | INFO  | DNAudit | user=null | ip=null | op=PUT_BLOCK {blockData=[blockId=conID: 3 locID: 102656603851326005 bcsId: 0,size=3145728]} | ret=SUCCESS |  
2019-08-21 19:24:24,140 | INFO  | DNAudit | user=null | ip=null | op=WRITE_CHUNK {blockData=conID: 3 locID: 102656603851326005 bcsId: 3230} | ret=SUCCESS |  
2019-08-21 19:24:24,141 | INFO  | DNAudit | user=null | ip=null | op=PUT_BLOCK {blockData=[blockId=conID: 3 locID: 102656603851326005 bcsId: 0,size=4194304]} | ret=SUCCESS |  
2019-08-21 19:24:24,141 [grpc-default-executor-4] INFO  client.GrpcClientProtocolClient (GrpcClientProtocolClient.java:onNext(255)) - client-DA9582518C67->1df8bd03-73ef-4b9c-8622-5dc9d0e29c31: receive RaftClientReply:client-DA9582518C67->1df8bd03-73ef-4b9c-8622-5dc9d0e29c31@group-F45402591F47, cid=2225, SUCCESS, logIndex=3233, commits[1df8bd03-73ef-4b9c-8622-5dc9d0e29c31:c3234, 12aca755-ada5-42df-801b-c61f99d8e8b8:c3230, a308b8bf-0324-43a1-a87f-1e10a96e3042:c3230]
2019-08-21 19:24:24,141 [grpc-default-executor-4] INFO  client.GrpcClientProtocolClient (GrpcClientProtocolClient.java:onNext(255)) - client-DA9582518C67->1df8bd03-73ef-4b9c-8622-5dc9d0e29c31: receive RaftClientReply:client-DA9582518C67->1df8bd03-73ef-4b9c-8622-5dc9d0e29c31@group-F45402591F47, cid=2226, SUCCESS, logIndex=3234, commits[1df8bd03-73ef-4b9c-8622-5dc9d0e29c31:c3234, 12aca755-ada5-42df-801b-c61f99d8e8b8:c3230, a308b8bf-0324-43a1-a87f-1e10a96e3042:c3230]
2019-08-21 19:24:24,152 | INFO  | DNAudit | user=null | ip=null | op=WRITE_CHUNK {blockData=conID: 3 locID: 102656603851326005 bcsId: 3230} | ret=SUCCESS |  
2019-08-21 19:24:24,152 | INFO  | DNAudit | user=null | ip=null | op=WRITE_CHUNK {blockData=conID: 3 locID: 102656603851326005 bcsId: 3230} | ret=SUCCESS |  
2019-08-21 19:24:24,163 | INFO  | DNAudit | user=null | ip=null | op=PUT_BLOCK {blockData=[blockId=conID: 3 locID: 102656603851326005 bcsId: 0,size=4194304]} | ret=SUCCESS |  
2019-08-21 19:24:24,163 | INFO  | DNAudit | user=null | ip=null | op=PUT_BLOCK {blockData=[blockId=conID: 3 locID: 102656603851326005 bcsId: 0,size=4194304]} | ret=SUCCESS |  
2019-08-21 19:24:24,163 [grpc-default-executor-0] INFO  client.GrpcClientProtocolClient (GrpcClientProtocolClient.java:onNext(255)) - client-DA9582518C67->1df8bd03-73ef-4b9c-8622-5dc9d0e29c31: receive RaftClientReply:client-DA9582518C67->1df8bd03-73ef-4b9c-8622-5dc9d0e29c31@group-F45402591F47, cid=2227, SUCCESS, logIndex=0, commits[1df8bd03-73ef-4b9c-8622-5dc9d0e29c31:c3235, 12aca755-ada5-42df-801b-c61f99d8e8b8:c3234, a308b8bf-0324-43a1-a87f-1e10a96e3042:c3234]
2019-08-21 19:24:24,169 | INFO  | SCMAudit | user=jenkins1000 | ip=192.168.69.88 | op=ALLOCATE_BLOCK {owner=a4b1d482-4fe6-4e71-84a6-a95f4ce3f696, size=4194304, type=RATIS, factor=THREE} | ret=SUCCESS |  
2019-08-21 19:24:24,173 | INFO  | OMAudit | user=jenkins1000 | ip=127.0.0.1 | op=ALLOCATE_BLOCK {volume=vol-0-90666, bucket=bucket-0-29336, key=key-0-94354, dataSize=0, replicationType=null, replicationFactor=null, keyLocationInfo=null, clientID=102656601977389458} | ret=SUCCESS |  
2019-08-21 19:24:24,179 | INFO  | DNAudit | user=null | ip=null | op=WRITE_CHUNK {blockData=conID: 1 locID: 102656603859780150 bcsId: 0} | ret=SUCCESS |  
2019-08-21 19:24:24,182 | INFO  | DNAudit | user=null | ip=null | op=WRITE_CHUNK {blockData=conID: 1 locID: 102656603859780150 bcsId: 0} | ret=SUCCESS |  
2019-08-21 19:24:24,182 | INFO  | DNAudit | user=null | ip=null | op=WRITE_CHUNK {blockData=conID: 1 locID: 102656603859780150 bcsId: 0} | ret=SUCCESS |  
2019-08-21 19:24:24,182 | INFO  | DNAudit | user=null | ip=null | op=WRITE_CHUNK {blockData=conID: 1 locID: 102656603859780150 bcsId: 0} | ret=SUCCESS |  
2019-08-21 19:24:24,184 | INFO  | DNAudit | user=null | ip=null | op=WRITE_CHUNK {blockData=conID: 1 locID: 102656603859780150 bcsId: 0} | ret=SUCCESS |  
2019-08-21 19:24:24,184 | INFO  | DNAudit | user=null | ip=null | op=WRITE_CHUNK {blockData=conID: 1 locID: 102656603859780150 bcsId: 0} | ret=SUCCESS |  
2019-08-21 19:24:24,188 | INFO  | DNAudit | user=null | ip=null | op=WRITE_CHUNK {blockData=conID: 1 locID: 102656603859780150 bcsId: 0} | ret=SUCCESS |  
2019-08-21 19:24:24,189 | INFO  | DNAudit | user=null | ip=null | op=PUT_BLOCK {blockData=[blockId=conID: 1 locID: 102656603859780150 bcsId: 0,size=1048576]} | ret=SUCCESS |  
2019-08-21 19:24:24,189 [grpc-default-executor-0] INFO  client.GrpcClientProtocolClient (GrpcClientProtocolClient.java:onNext(255)) - client-DA9582518C67->1df8bd03-73ef-4b9c-8622-5dc9d0e29c31: receive RaftClientReply:client-DA9582518C67->1df8bd03-73ef-4b9c-8622-5dc9d0e29c31@group-F45402591F47, cid=2228, SUCCESS, logIndex=3237, commits[1df8bd03-73ef-4b9c-8622-5dc9d0e29c31:c3238, 12aca755-ada5-42df-801b-c61f99d8e8b8:c3236, a308b8bf-0324-43a1-a87f-1e10a96e3042:c3236]
2019-08-21 19:24:24,190 [grpc-default-executor-0] INFO  client.GrpcClientProtocolClient (GrpcClientProtocolClient.java:onNext(255)) - client-DA9582518C67->1df8bd03-73ef-4b9c-8622-5dc9d0e29c31: receive RaftClientReply:client-DA9582518C67->1df8bd03-73ef-4b9c-8622-5dc9d0e29c31@group-F45402591F47, cid=2229, SUCCESS, logIndex=3238, commits[1df8bd03-73ef-4b9c-8622-5dc9d0e29c31:c3238, 12aca755-ada5-42df-801b-c61f99d8e8b8:c3236, a308b8bf-0324-43a1-a87f-1e10a96e3042:c3236]
2019-08-21 19:24:24,198 | INFO  | DNAudit | user=null | ip=null | op=WRITE_CHUNK {blockData=conID: 1 locID: 102656603859780150 bcsId: 0} | ret=SUCCESS |  
2019-08-21 19:24:24,199 | INFO  | DNAudit | user=null | ip=null | op=PUT_BLOCK {blockData=[blockId=conID: 1 locID: 102656603859780150 bcsId: 0,size=2097152]} | ret=SUCCESS |  
2019-08-21 19:24:24,199 [grpc-default-executor-4] INFO  client.GrpcClientProtocolClient (GrpcClientProtocolClient.java:onNext(255)) - client-DA9582518C67->1df8bd03-73ef-4b9c-8622-5dc9d0e29c31: receive RaftClientReply:client-DA9582518C67->1df8bd03-73ef-4b9c-8622-5dc9d0e29c31@group-F45402591F47, cid=2230, SUCCESS, logIndex=3239, commits[1df8bd03-73ef-4b9c-8622-5dc9d0e29c31:c3240, 12aca755-ada5-42df-801b-c61f99d8e8b8:c3236, a308b8bf-0324-43a1-a87f-1e10a96e3042:c3236]
2019-08-21 19:24:24,199 [grpc-default-executor-4] INFO  client.GrpcClientProtocolClient (GrpcClientProtocolClient.java:onNext(255)) - client-DA9582518C67->1df8bd03-73ef-4b9c-8622-5dc9d0e29c31: receive RaftClientReply:client-DA9582518C67->1df8bd03-73ef-4b9c-8622-5dc9d0e29c31@group-F45402591F47, cid=2231, SUCCESS, logIndex=3240, commits[1df8bd03-73ef-4b9c-8622-5dc9d0e29c31:c3240, 12aca755-ada5-42df-801b-c61f99d8e8b8:c3236, a308b8bf-0324-43a1-a87f-1e10a96e3042:c3236]
2019-08-21 19:24:24,211 | INFO  | DNAudit | user=null | ip=null | op=WRITE_CHUNK {blockData=conID: 1 locID: 102656603859780150 bcsId: 0} | ret=SUCCESS |  
2019-08-21 19:24:24,211 | INFO  | DNAudit | user=null | ip=null | op=WRITE_CHUNK {blockData=conID: 1 locID: 102656603859780150 bcsId: 0} | ret=SUCCESS |  
2019-08-21 19:24:24,211 | INFO  | DNAudit | user=null | ip=null | op=PUT_BLOCK {blockData=[blockId=conID: 1 locID: 102656603859780150 bcsId: 0,size=1048576]} | ret=SUCCESS |  
2019-08-21 19:24:24,211 | INFO  | DNAudit | user=null | ip=null | op=PUT_BLOCK {blockData=[blockId=conID: 1 locID: 102656603859780150 bcsId: 0,size=1048576]} | ret=SUCCESS |  
2019-08-21 19:24:24,211 [grpc-default-executor-4] INFO  client.GrpcClientProtocolClient (GrpcClientProtocolClient.java:onNext(255)) - client-DA9582518C67->1df8bd03-73ef-4b9c-8622-5dc9d0e29c31: receive RaftClientReply:client-DA9582518C67->1df8bd03-73ef-4b9c-8622-5dc9d0e29c31@group-F45402591F47, cid=2232, SUCCESS, logIndex=0, commits[1df8bd03-73ef-4b9c-8622-5dc9d0e29c31:c3242, 12aca755-ada5-42df-801b-c61f99d8e8b8:c3238, a308b8bf-0324-43a1-a87f-1e10a96e3042:c3238]
2019-08-21 19:24:24,217 | INFO  | DNAudit | user=null | ip=null | op=WRITE_CHUNK {blockData=conID: 1 locID: 102656603859780150 bcsId: 3240} | ret=SUCCESS |  
2019-08-21 19:24:24,219 | INFO  | DNAudit | user=null | ip=null | op=WRITE_CHUNK {blockData=conID: 1 locID: 102656603859780150 bcsId: 3240} | ret=SUCCESS |  
2019-08-21 19:24:24,220 | INFO  | DNAudit | user=null | ip=null | op=WRITE_CHUNK {blockData=conID: 1 locID: 102656603859780150 bcsId: 3240} | ret=SUCCESS |  
2019-08-21 19:24:24,291 | INFO  | DNAudit | user=null | ip=null | op=WRITE_CHUNK {blockData=conID: 1 locID: 102656603859780150 bcsId: 0} | ret=SUCCESS |  
2019-08-21 19:24:24,291 | INFO  | DNAudit | user=null | ip=null | op=WRITE_CHUNK {blockData=conID: 1 locID: 102656603859780150 bcsId: 0} | ret=SUCCESS |  
2019-08-21 19:24:24,291 | INFO  | DNAudit | user=null | ip=null | op=PUT_BLOCK {blockData=[blockId=conID: 1 locID: 102656603859780150 bcsId: 0,size=2097152]} | ret=SUCCESS |  
2019-08-21 19:24:24,291 | INFO  | DNAudit | user=null | ip=null | op=PUT_BLOCK {blockData=[blockId=conID: 1 locID: 102656603859780150 bcsId: 0,size=2097152]} | ret=SUCCESS |  
2019-08-21 19:24:24,688 | INFO  | SCMAudit | user=jenkins1000 | ip=192.168.69.88 | op=SEND_HEARTBEAT {datanodeUUID=cfaf9666-ca64-459e-bd34-ff7c349f752a, command=[]} | ret=SUCCESS |  
2019-08-21 19:24:24,713 | INFO  | SCMAudit | user=jenkins1000 | ip=192.168.69.88 | op=SEND_HEARTBEAT {datanodeUUID=c4b21f74-9dba-4f39-a92d-300bdd5c7775, command=[]} | ret=SUCCESS |  
 0.00% |█                                                                                                    |  0/1 Time: 0:00:292019-08-21 19:24:24,974 | INFO  | SCMAudit | user=jenkins1000 | ip=192.168.69.88 | op=SEND_HEARTBEAT {datanodeUUID=a308b8bf-0324-43a1-a87f-1e10a96e3042, command=[]} | ret=SUCCESS |  
2019-08-21 19:24:24,974 | INFO  | SCMAudit | user=jenkins1000 | ip=192.168.69.88 | op=SEND_HEARTBEAT {datanodeUUID=12aca755-ada5-42df-801b-c61f99d8e8b8, command=[]} | ret=SUCCESS |  
2019-08-21 19:24:24,974 | INFO  | SCMAudit | user=jenkins1000 | ip=192.168.69.88 | op=SEND_HEARTBEAT {datanodeUUID=1df8bd03-73ef-4b9c-8622-5dc9d0e29c31, command=[]} | ret=SUCCESS |  
2019-08-21 19:24:24,998 | INFO  | DNAudit | user=null | ip=null | op=WRITE_CHUNK {blockData=conID: 1 locID: 102656603859780150 bcsId: 3240} | ret=SUCCESS |  
2019-08-21 19:24:24,998 | INFO  | DNAudit | user=null | ip=null | op=PUT_BLOCK {blockData=[blockId=conID: 1 locID: 102656603859780150 bcsId: 0,size=3145728]} | ret=SUCCESS |  
2019-08-21 19:24:24,998 [grpc-default-executor-4] INFO  client.GrpcClientProtocolClient (GrpcClientProtocolClient.java:onNext(255)) - client-DA9582518C67->1df8bd03-73ef-4b9c-8622-5dc9d0e29c31: receive RaftClientReply:client-DA9582518C67->1df8bd03-73ef-4b9c-8622-5dc9d0e29c31@group-F45402591F47, cid=2233, SUCCESS, logIndex=3245, commits[1df8bd03-73ef-4b9c-8622-5dc9d0e29c31:c3246, 12aca755-ada5-42df-801b-c61f99d8e8b8:c3242, a308b8bf-0324-43a1-a87f-1e10a96e3042:c3242]
2019-08-21 19:24:24,999 [grpc-default-executor-4] INFO  client.GrpcClientProtocolClient (GrpcClientProtocolClient.java:onNext(255)) - client-DA9582518C67->1df8bd03-73ef-4b9c-8622-5dc9d0e29c31: receive RaftClientReply:client-DA9582518C67->1df8bd03-73ef-4b9c-8622-5dc9d0e29c31@group-F45402591F47, cid=2234, SUCCESS, logIndex=3246, commits[1df8bd03-73ef-4b9c-8622-5dc9d0e29c31:c3246, 12aca755-ada5-42df-801b-c61f99d8e8b8:c3242, a308b8bf-0324-43a1-a87f-1e10a96e3042:c3242]
2019-08-21 19:24:25,006 | INFO  | DNAudit | user=null | ip=null | op=WRITE_CHUNK {blockData=conID: 1 locID: 102656603859780150 bcsId: 3246} | ret=SUCCESS |  
2019-08-21 19:24:25,007 | INFO  | DNAudit | user=null | ip=null | op=WRITE_CHUNK {blockData=conID: 1 locID: 102656603859780150 bcsId: 3240} | ret=SUCCESS |  
2019-08-21 19:24:25,007 | INFO  | DNAudit | user=null | ip=null | op=WRITE_CHUNK {blockData=conID: 1 locID: 102656603859780150 bcsId: 3240} | ret=SUCCESS |  
2019-08-21 19:24:25,008 | INFO  | DNAudit | user=null | ip=null | op=PUT_BLOCK {blockData=[blockId=conID: 1 locID: 102656603859780150 bcsId: 0,size=3145728]} | ret=SUCCESS |  
2019-08-21 19:24:25,008 | INFO  | DNAudit | user=null | ip=null | op=PUT_BLOCK {blockData=[blockId=conID: 1 locID: 102656603859780150 bcsId: 0,size=3145728]} | ret=SUCCESS |  
2019-08-21 19:24:25,009 | INFO  | DNAudit | user=null | ip=null | op=WRITE_CHUNK {blockData=conID: 1 locID: 102656603859780150 bcsId: 3246} | ret=SUCCESS |  
2019-08-21 19:24:25,009 | INFO  | DNAudit | user=null | ip=null | op=WRITE_CHUNK {blockData=conID: 1 locID: 102656603859780150 bcsId: 3246} | ret=SUCCESS |  
2019-08-21 19:24:25,015 | INFO  | DNAudit | user=null | ip=null | op=WRITE_CHUNK {blockData=conID: 1 locID: 102656603859780150 bcsId: 3246} | ret=SUCCESS |  
2019-08-21 19:24:25,015 | INFO  | DNAudit | user=null | ip=null | op=PUT_BLOCK {blockData=[blockId=conID: 1 locID: 102656603859780150 bcsId: 0,size=4194304]} | ret=SUCCESS |  
2019-08-21 19:24:25,015 [grpc-default-executor-0] INFO  client.GrpcClientProtocolClient (GrpcClientProtocolClient.java:onNext(255)) - client-DA9582518C67->1df8bd03-73ef-4b9c-8622-5dc9d0e29c31: receive RaftClientReply:client-DA9582518C67->1df8bd03-73ef-4b9c-8622-5dc9d0e29c31@group-F45402591F47, cid=2235, SUCCESS, logIndex=3249, commits[1df8bd03-73ef-4b9c-8622-5dc9d0e29c31:c3250, 12aca755-ada5-42df-801b-c61f99d8e8b8:c3246, a308b8bf-0324-43a1-a87f-1e10a96e3042:c3246]
2019-08-21 19:24:25,016 [grpc-default-executor-0] INFO  client.GrpcClientProtocolClient (GrpcClientProtocolClient.java:onNext(255)) - client-DA9582518C67->1df8bd03-73ef-4b9c-8622-5dc9d0e29c31: receive RaftClientReply:client-DA9582518C67->1df8bd03-73ef-4b9c-8622-5dc9d0e29c31@group-F45402591F47, cid=2236, SUCCESS, logIndex=3250, commits[1df8bd03-73ef-4b9c-8622-5dc9d0e29c31:c3250, 12aca755-ada5-42df-801b-c61f99d8e8b8:c3246, a308b8bf-0324-43a1-a87f-1e10a96e3042:c3246]
2019-08-21 19:24:25,018 | INFO  | DNAudit | user=null | ip=null | op=WRITE_CHUNK {blockData=conID: 1 locID: 102656603859780150 bcsId: 3246} | ret=SUCCESS |  
2019-08-21 19:24:25,018 | INFO  | DNAudit | user=null | ip=null | op=WRITE_CHUNK {blockData=conID: 1 locID: 102656603859780150 bcsId: 3246} | ret=SUCCESS |  
2019-08-21 19:24:25,018 | INFO  | DNAudit | user=null | ip=null | op=PUT_BLOCK {blockData=[blockId=conID: 1 locID: 102656603859780150 bcsId: 0,size=4194304]} | ret=SUCCESS |  
2019-08-21 19:24:25,018 | INFO  | DNAudit | user=null | ip=null | op=PUT_BLOCK {blockData=[blockId=conID: 1 locID: 102656603859780150 bcsId: 0,size=4194304]} | ret=SUCCESS |  
2019-08-21 19:24:25,018 [grpc-default-executor-0] INFO  client.GrpcClientProtocolClient (GrpcClientProtocolClient.java:onNext(255)) - client-DA9582518C67->1df8bd03-73ef-4b9c-8622-5dc9d0e29c31: receive RaftClientReply:client-DA9582518C67->1df8bd03-73ef-4b9c-8622-5dc9d0e29c31@group-F45402591F47, cid=2237, SUCCESS, logIndex=0, commits[1df8bd03-73ef-4b9c-8622-5dc9d0e29c31:c3251, 12aca755-ada5-42df-801b-c61f99d8e8b8:c3250, a308b8bf-0324-43a1-a87f-1e10a96e3042:c3250]
2019-08-21 19:24:25,023 | INFO  | SCMAudit | user=jenkins1000 | ip=192.168.69.88 | op=ALLOCATE_BLOCK {owner=a4b1d482-4fe6-4e71-84a6-a95f4ce3f696, size=4194304, type=RATIS, factor=THREE} | ret=SUCCESS |  
2019-08-21 19:24:25,027 | INFO  | OMAudit | user=jenkins1000 | ip=127.0.0.1 | op=ALLOCATE_BLOCK {volume=vol-0-90666, bucket=bucket-0-29336, key=key-0-94354, dataSize=0, replicationType=null, replicationFactor=null, keyLocationInfo=null, clientID=102656601977389458} | ret=SUCCESS |  
2019-08-21 19:24:25,033 | INFO  | DNAudit | user=null | ip=null | op=WRITE_CHUNK {blockData=conID: 2 locID: 102656603915747895 bcsId: 0} | ret=SUCCESS |  
2019-08-21 19:24:25,038 | INFO  | DNAudit | user=null | ip=null | op=WRITE_CHUNK {blockData=conID: 2 locID: 102656603915747895 bcsId: 0} | ret=SUCCESS |  
2019-08-21 19:24:25,038 | INFO  | DNAudit | user=null | ip=null | op=WRITE_CHUNK {blockData=conID: 2 locID: 102656603915747895 bcsId: 0} | ret=SUCCESS |  
2019-08-21 19:24:25,039 | INFO  | DNAudit | user=null | ip=null | op=WRITE_CHUNK {blockData=conID: 2 locID: 102656603915747895 bcsId: 0} | ret=SUCCESS |  
2019-08-21 19:24:25,040 | INFO  | DNAudit | user=null | ip=null | op=WRITE_CHUNK {blockData=conID: 2 locID: 102656603915747895 bcsId: 0} | ret=SUCCESS |  
2019-08-21 19:24:25,040 | INFO  | DNAudit | user=null | ip=null | op=WRITE_CHUNK {blockData=conID: 2 locID: 102656603915747895 bcsId: 0} | ret=SUCCESS |  
2019-08-21 19:24:25,051 | INFO  | DNAudit | user=null | ip=null | op=WRITE_CHUNK {blockData=conID: 2 locID: 102656603915747895 bcsId: 0} | ret=SUCCESS |  
2019-08-21 19:24:25,052 | INFO  | DNAudit | user=null | ip=null | op=PUT_BLOCK {blockData=[blockId=conID: 2 locID: 102656603915747895 bcsId: 0,size=1048576]} | ret=SUCCESS |  
2019-08-21 19:24:25,052 [grpc-default-executor-0] INFO  client.GrpcClientProtocolClient (GrpcClientProtocolClient.java:onNext(255)) - client-DA9582518C67->1df8bd03-73ef-4b9c-8622-5dc9d0e29c31: receive RaftClientReply:client-DA9582518C67->1df8bd03-73ef-4b9c-8622-5dc9d0e29c31@group-F45402591F47, cid=2238, SUCCESS, logIndex=3253, commits[1df8bd03-73ef-4b9c-8622-5dc9d0e29c31:c3254, 12aca755-ada5-42df-801b-c61f99d8e8b8:c3252, a308b8bf-0324-43a1-a87f-1e10a96e3042:c3252]
2019-08-21 19:24:25,052 [grpc-default-executor-0] INFO  client.GrpcClientProtocolClient (GrpcClientProtocolClient.java:onNext(255)) - client-DA9582518C67->1df8bd03-73ef-4b9c-8622-5dc9d0e29c31: receive RaftClientReply:client-DA9582518C67->1df8bd03-73ef-4b9c-8622-5dc9d0e29c31@group-F45402591F47, cid=2239, SUCCESS, logIndex=3254, commits[1df8bd03-73ef-4b9c-8622-5dc9d0e29c31:c3254, 12aca755-ada5-42df-801b-c61f99d8e8b8:c3252, a308b8bf-0324-43a1-a87f-1e10a96e3042:c3252]
2019-08-21 19:24:25,062 | INFO  | DNAudit | user=null | ip=null | op=WRITE_CHUNK {blockData=conID: 2 locID: 102656603915747895 bcsId: 0} | ret=SUCCESS |  
2019-08-21 19:24:25,062 | INFO  | DNAudit | user=null | ip=null | op=PUT_BLOCK {blockData=[blockId=conID: 2 locID: 102656603915747895 bcsId: 0,size=2097152]} | ret=SUCCESS |  
2019-08-21 19:24:25,062 [grpc-default-executor-2] INFO  client.GrpcClientProtocolClient (GrpcClientProtocolClient.java:onNext(255)) - client-DA9582518C67->1df8bd03-73ef-4b9c-8622-5dc9d0e29c31: receive RaftClientReply:client-DA9582518C67->1df8bd03-73ef-4b9c-8622-5dc9d0e29c31@group-F45402591F47, cid=2240, SUCCESS, logIndex=3255, commits[1df8bd03-73ef-4b9c-8622-5dc9d0e29c31:c3256, 12aca755-ada5-42df-801b-c61f99d8e8b8:c3252, a308b8bf-0324-43a1-a87f-1e10a96e3042:c3252]
2019-08-21 19:24:25,063 [grpc-default-executor-2] INFO  client.GrpcClientProtocolClient (GrpcClientProtocolClient.java:onNext(255)) - client-DA9582518C67->1df8bd03-73ef-4b9c-8622-5dc9d0e29c31: receive RaftClientReply:client-DA9582518C67->1df8bd03-73ef-4b9c-8622-5dc9d0e29c31@group-F45402591F47, cid=2241, SUCCESS, logIndex=3256, commits[1df8bd03-73ef-4b9c-8622-5dc9d0e29c31:c3256, 12aca755-ada5-42df-801b-c61f99d8e8b8:c3252, a308b8bf-0324-43a1-a87f-1e10a96e3042:c3252]
2019-08-21 19:24:25,064 | INFO  | DNAudit | user=null | ip=null | op=WRITE_CHUNK {blockData=conID: 2 locID: 102656603915747895 bcsId: 0} | ret=SUCCESS |  
2019-08-21 19:24:25,076 | INFO  | DNAudit | user=null | ip=null | op=WRITE_CHUNK {blockData=conID: 2 locID: 102656603915747895 bcsId: 0} | ret=SUCCESS |  
2019-08-21 19:24:25,076 | INFO  | DNAudit | user=null | ip=null | op=PUT_BLOCK {blockData=[blockId=conID: 2 locID: 102656603915747895 bcsId: 0,size=1048576]} | ret=SUCCESS |  
2019-08-21 19:24:25,076 | INFO  | DNAudit | user=null | ip=null | op=PUT_BLOCK {blockData=[blockId=conID: 2 locID: 102656603915747895 bcsId: 0,size=1048576]} | ret=SUCCESS |  
2019-08-21 19:24:25,076 | INFO  | DNAudit | user=null | ip=null | op=WRITE_CHUNK {blockData=conID: 2 locID: 102656603915747895 bcsId: 0} | ret=SUCCESS |  
2019-08-21 19:24:25,076 | INFO  | DNAudit | user=null | ip=null | op=PUT_BLOCK {blockData=[blockId=conID: 2 locID: 102656603915747895 bcsId: 0,size=2097152]} | ret=SUCCESS |  
2019-08-21 19:24:25,076 | INFO  | DNAudit | user=null | ip=null | op=WRITE_CHUNK {blockData=conID: 2 locID: 102656603915747895 bcsId: 0} | ret=SUCCESS |  
2019-08-21 19:24:25,076 | INFO  | DNAudit | user=null | ip=null | op=PUT_BLOCK {blockData=[blockId=conID: 2 locID: 102656603915747895 bcsId: 0,size=2097152]} | ret=SUCCESS |  
2019-08-21 19:24:25,076 [grpc-default-executor-0] INFO  client.GrpcClientProtocolClient (GrpcClientProtocolClient.java:onNext(255)) - client-DA9582518C67->1df8bd03-73ef-4b9c-8622-5dc9d0e29c31: receive RaftClientReply:client-DA9582518C67->1df8bd03-73ef-4b9c-8622-5dc9d0e29c31@group-F45402591F47, cid=2242, SUCCESS, logIndex=0, commits[1df8bd03-73ef-4b9c-8622-5dc9d0e29c31:c3258, 12aca755-ada5-42df-801b-c61f99d8e8b8:c3254, a308b8bf-0324-43a1-a87f-1e10a96e3042:c3254]
2019-08-21 19:24:25,082 | INFO  | DNAudit | user=null | ip=null | op=WRITE_CHUNK {blockData=conID: 2 locID: 102656603915747895 bcsId: 3256} | ret=SUCCESS |  
2019-08-21 19:24:25,085 | INFO  | DNAudit | user=null | ip=null | op=WRITE_CHUNK {blockData=conID: 2 locID: 102656603915747895 bcsId: 3256} | ret=SUCCESS |  
2019-08-21 19:24:25,085 | INFO  | DNAudit | user=null | ip=null | op=WRITE_CHUNK {blockData=conID: 2 locID: 102656603915747895 bcsId: 3256} | ret=SUCCESS |  
2019-08-21 19:24:25,099 | INFO  | DNAudit | user=null | ip=null | op=WRITE_CHUNK {blockData=conID: 2 locID: 102656603915747895 bcsId: 3256} | ret=SUCCESS |  
2019-08-21 19:24:25,100 | INFO  | DNAudit | user=null | ip=null | op=PUT_BLOCK {blockData=[blockId=conID: 2 locID: 102656603915747895 bcsId: 0,size=3145728]} | ret=SUCCESS |  
2019-08-21 19:24:25,100 [grpc-default-executor-0] INFO  client.GrpcClientProtocolClient (GrpcClientProtocolClient.java:onNext(255)) - client-DA9582518C67->1df8bd03-73ef-4b9c-8622-5dc9d0e29c31: receive RaftClientReply:client-DA9582518C67->1df8bd03-73ef-4b9c-8622-5dc9d0e29c31@group-F45402591F47, cid=2243, SUCCESS, logIndex=3260, commits[1df8bd03-73ef-4b9c-8622-5dc9d0e29c31:c3261, 12aca755-ada5-42df-801b-c61f99d8e8b8:c3259, a308b8bf-0324-43a1-a87f-1e10a96e3042:c3259]
2019-08-21 19:24:25,100 [grpc-default-executor-0] INFO  client.GrpcClientProtocolClient (GrpcClientProtocolClient.java:onNext(255)) - client-DA9582518C67->1df8bd03-73ef-4b9c-8622-5dc9d0e29c31: receive RaftClientReply:client-DA9582518C67->1df8bd03-73ef-4b9c-8622-5dc9d0e29c31@group-F45402591F47, cid=2244, SUCCESS, logIndex=3261, commits[1df8bd03-73ef-4b9c-8622-5dc9d0e29c31:c3261, 12aca755-ada5-42df-801b-c61f99d8e8b8:c3259, a308b8bf-0324-43a1-a87f-1e10a96e3042:c3259]
2019-08-21 19:24:25,105 | INFO  | DNAudit | user=null | ip=null | op=WRITE_CHUNK {blockData=conID: 2 locID: 102656603915747895 bcsId: 3261} | ret=SUCCESS |  
2019-08-21 19:24:25,107 | INFO  | DNAudit | user=null | ip=null | op=WRITE_CHUNK {blockData=conID: 2 locID: 102656603915747895 bcsId: 3261} | ret=SUCCESS |  
2019-08-21 19:24:25,107 | INFO  | DNAudit | user=null | ip=null | op=WRITE_CHUNK {blockData=conID: 2 locID: 102656603915747895 bcsId: 3261} | ret=SUCCESS |  
2019-08-21 19:24:25,113 | INFO  | DNAudit | user=null | ip=null | op=WRITE_CHUNK {blockData=conID: 2 locID: 102656603915747895 bcsId: 3256} | ret=SUCCESS |  
2019-08-21 19:24:25,113 | INFO  | DNAudit | user=null | ip=null | op=WRITE_CHUNK {blockData=conID: 2 locID: 102656603915747895 bcsId: 3256} | ret=SUCCESS |  
2019-08-21 19:24:25,113 | INFO  | DNAudit | user=null | ip=null | op=PUT_BLOCK {blockData=[blockId=conID: 2 locID: 102656603915747895 bcsId: 0,size=3145728]} | ret=SUCCESS |  
2019-08-21 19:24:25,113 | INFO  | DNAudit | user=null | ip=null | op=PUT_BLOCK {blockData=[blockId=conID: 2 locID: 102656603915747895 bcsId: 0,size=3145728]} | ret=SUCCESS |  
2019-08-21 19:24:25,116 | INFO  | DNAudit | user=null | ip=null | op=WRITE_CHUNK {blockData=conID: 2 locID: 102656603915747895 bcsId: 3261} | ret=SUCCESS |  
2019-08-21 19:24:25,116 | INFO  | DNAudit | user=null | ip=null | op=PUT_BLOCK {blockData=[blockId=conID: 2 locID: 102656603915747895 bcsId: 0,size=4194304]} | ret=SUCCESS |  
2019-08-21 19:24:25,116 [grpc-default-executor-2] INFO  client.GrpcClientProtocolClient (GrpcClientProtocolClient.java:onNext(255)) - client-DA9582518C67->1df8bd03-73ef-4b9c-8622-5dc9d0e29c31: receive RaftClientReply:client-DA9582518C67->1df8bd03-73ef-4b9c-8622-5dc9d0e29c31@group-F45402591F47, cid=2245, SUCCESS, logIndex=3264, commits[1df8bd03-73ef-4b9c-8622-5dc9d0e29c31:c3265, 12aca755-ada5-42df-801b-c61f99d8e8b8:c3261, a308b8bf-0324-43a1-a87f-1e10a96e3042:c3261]
2019-08-21 19:24:25,117 [grpc-default-executor-2] INFO  client.GrpcClientProtocolClient (GrpcClientProtocolClient.java:onNext(255)) - client-DA9582518C67->1df8bd03-73ef-4b9c-8622-5dc9d0e29c31: receive RaftClientReply:client-DA9582518C67->1df8bd03-73ef-4b9c-8622-5dc9d0e29c31@group-F45402591F47, cid=2246, SUCCESS, logIndex=3265, commits[1df8bd03-73ef-4b9c-8622-5dc9d0e29c31:c3265, 12aca755-ada5-42df-801b-c61f99d8e8b8:c3261, a308b8bf-0324-43a1-a87f-1e10a96e3042:c3261]
2019-08-21 19:24:25,131 | INFO  | DNAudit | user=null | ip=null | op=WRITE_CHUNK {blockData=conID: 2 locID: 102656603915747895 bcsId: 3261} | ret=SUCCESS |  
2019-08-21 19:24:25,131 | INFO  | DNAudit | user=null | ip=null | op=WRITE_CHUNK {blockData=conID: 2 locID: 102656603915747895 bcsId: 3261} | ret=SUCCESS |  
2019-08-21 19:24:25,132 | INFO  | DNAudit | user=null | ip=null | op=PUT_BLOCK {blockData=[blockId=conID: 2 locID: 102656603915747895 bcsId: 0,size=4194304]} | ret=SUCCESS |  
2019-08-21 19:24:25,132 | INFO  | DNAudit | user=null | ip=null | op=PUT_BLOCK {blockData=[blockId=conID: 2 locID: 102656603915747895 bcsId: 0,size=4194304]} | ret=SUCCESS |  
2019-08-21 19:24:25,132 [grpc-default-executor-0] INFO  client.GrpcClientProtocolClient (GrpcClientProtocolClient.java:onNext(255)) - client-DA9582518C67->1df8bd03-73ef-4b9c-8622-5dc9d0e29c31: receive RaftClientReply:client-DA9582518C67->1df8bd03-73ef-4b9c-8622-5dc9d0e29c31@group-F45402591F47, cid=2247, SUCCESS, logIndex=0, commits[1df8bd03-73ef-4b9c-8622-5dc9d0e29c31:c3265, 12aca755-ada5-42df-801b-c61f99d8e8b8:c3265, a308b8bf-0324-43a1-a87f-1e10a96e3042:c3265]
2019-08-21 19:24:25,136 | INFO  | SCMAudit | user=jenkins1000 | ip=192.168.69.88 | op=ALLOCATE_BLOCK {owner=a4b1d482-4fe6-4e71-84a6-a95f4ce3f696, size=4194304, type=RATIS, factor=THREE} | ret=SUCCESS |  
2019-08-21 19:24:25,138 | INFO  | OMAudit | user=jenkins1000 | ip=127.0.0.1 | op=ALLOCATE_BLOCK {volume=vol-0-90666, bucket=bucket-0-29336, key=key-0-94354, dataSize=0, replicationType=null, replicationFactor=null, keyLocationInfo=null, clientID=102656601977389458} | ret=SUCCESS |  
2019-08-21 19:24:25,144 | INFO  | DNAudit | user=null | ip=null | op=WRITE_CHUNK {blockData=conID: 3 locID: 102656603923153464 bcsId: 0} | ret=SUCCESS |  
2019-08-21 19:24:25,146 | INFO  | DNAudit | user=null | ip=null | op=WRITE_CHUNK {blockData=conID: 3 locID: 102656603923153464 bcsId: 0} | ret=SUCCESS |  
2019-08-21 19:24:25,147 | INFO  | DNAudit | user=null | ip=null | op=WRITE_CHUNK {blockData=conID: 3 locID: 102656603923153464 bcsId: 0} | ret=SUCCESS |  
2019-08-21 19:24:25,147 | INFO  | DNAudit | user=null | ip=null | op=WRITE_CHUNK {blockData=conID: 3 locID: 102656603923153464 bcsId: 0} | ret=SUCCESS |  
2019-08-21 19:24:25,148 | INFO  | DNAudit | user=null | ip=null | op=WRITE_CHUNK {blockData=conID: 3 locID: 102656603923153464 bcsId: 0} | ret=SUCCESS |  
2019-08-21 19:24:25,148 | INFO  | DNAudit | user=null | ip=null | op=WRITE_CHUNK {blockData=conID: 3 locID: 102656603923153464 bcsId: 0} | ret=SUCCESS |  
2019-08-21 19:24:25,160 | INFO  | DNAudit | user=null | ip=null | op=WRITE_CHUNK {blockData=conID: 3 locID: 102656603923153464 bcsId: 0} | ret=SUCCESS |  
2019-08-21 19:24:25,161 | INFO  | DNAudit | user=null | ip=null | op=PUT_BLOCK {blockData=[blockId=conID: 3 locID: 102656603923153464 bcsId: 0,size=1048576]} | ret=SUCCESS |  
2019-08-21 19:24:25,161 [grpc-default-executor-0] INFO  client.GrpcClientProtocolClient (GrpcClientProtocolClient.java:onNext(255)) - client-DA9582518C67->1df8bd03-73ef-4b9c-8622-5dc9d0e29c31: receive RaftClientReply:client-DA9582518C67->1df8bd03-73ef-4b9c-8622-5dc9d0e29c31@group-F45402591F47, cid=2248, SUCCESS, logIndex=3268, commits[1df8bd03-73ef-4b9c-8622-5dc9d0e29c31:c3269, 12aca755-ada5-42df-801b-c61f99d8e8b8:c3267, a308b8bf-0324-43a1-a87f-1e10a96e3042:c3267]
2019-08-21 19:24:25,161 | INFO  | DNAudit | user=null | ip=null | op=WRITE_CHUNK {blockData=conID: 3 locID: 102656603923153464 bcsId: 0} | ret=SUCCESS |  
2019-08-21 19:24:25,161 | INFO  | DNAudit | user=null | ip=null | op=WRITE_CHUNK {blockData=conID: 3 locID: 102656603923153464 bcsId: 0} | ret=SUCCESS |  
2019-08-21 19:24:25,161 [grpc-default-executor-5] INFO  client.GrpcClientProtocolClient (GrpcClientProtocolClient.java:onNext(255)) - client-DA9582518C67->1df8bd03-73ef-4b9c-8622-5dc9d0e29c31: receive RaftClientReply:client-DA9582518C67->1df8bd03-73ef-4b9c-8622-5dc9d0e29c31@group-F45402591F47, cid=2249, SUCCESS, logIndex=3269, commits[1df8bd03-73ef-4b9c-8622-5dc9d0e29c31:c3271, 12aca755-ada5-42df-801b-c61f99d8e8b8:c3267, a308b8bf-0324-43a1-a87f-1e10a96e3042:c3267]
2019-08-21 19:24:25,161 | INFO  | DNAudit | user=null | ip=null | op=PUT_BLOCK {blockData=[blockId=conID: 3 locID: 102656603923153464 bcsId: 0,size=1048576]} | ret=SUCCESS |  
2019-08-21 19:24:25,161 | INFO  | DNAudit | user=null | ip=null | op=WRITE_CHUNK {blockData=conID: 3 locID: 102656603923153464 bcsId: 0} | ret=SUCCESS |  
2019-08-21 19:24:25,161 | INFO  | DNAudit | user=null | ip=null | op=PUT_BLOCK {blockData=[blockId=conID: 3 locID: 102656603923153464 bcsId: 0,size=2097152]} | ret=SUCCESS |  
2019-08-21 19:24:25,161 [grpc-default-executor-5] INFO  client.GrpcClientProtocolClient (GrpcClientProtocolClient.java:onNext(255)) - client-DA9582518C67->1df8bd03-73ef-4b9c-8622-5dc9d0e29c31: receive RaftClientReply:client-DA9582518C67->1df8bd03-73ef-4b9c-8622-5dc9d0e29c31@group-F45402591F47, cid=2250, SUCCESS, logIndex=3270, commits[1df8bd03-73ef-4b9c-8622-5dc9d0e29c31:c3271, 12aca755-ada5-42df-801b-c61f99d8e8b8:c3267, a308b8bf-0324-43a1-a87f-1e10a96e3042:c3267]
2019-08-21 19:24:25,162 | INFO  | DNAudit | user=null | ip=null | op=PUT_BLOCK {blockData=[blockId=conID: 3 locID: 102656603923153464 bcsId: 0,size=1048576]} | ret=SUCCESS |  
2019-08-21 19:24:25,162 [grpc-default-executor-5] INFO  client.GrpcClientProtocolClient (GrpcClientProtocolClient.java:onNext(255)) - client-DA9582518C67->1df8bd03-73ef-4b9c-8622-5dc9d0e29c31: receive RaftClientReply:client-DA9582518C67->1df8bd03-73ef-4b9c-8622-5dc9d0e29c31@group-F45402591F47, cid=2251, SUCCESS, logIndex=3271, commits[1df8bd03-73ef-4b9c-8622-5dc9d0e29c31:c3272, 12aca755-ada5-42df-801b-c61f99d8e8b8:c3269, a308b8bf-0324-43a1-a87f-1e10a96e3042:c3269]
2019-08-21 19:24:25,164 | INFO  | DNAudit | user=null | ip=null | op=WRITE_CHUNK {blockData=conID: 3 locID: 102656603923153464 bcsId: 0} | ret=SUCCESS |  
2019-08-21 19:24:25,164 | INFO  | DNAudit | user=null | ip=null | op=WRITE_CHUNK {blockData=conID: 3 locID: 102656603923153464 bcsId: 0} | ret=SUCCESS |  
2019-08-21 19:24:25,164 | INFO  | DNAudit | user=null | ip=null | op=PUT_BLOCK {blockData=[blockId=conID: 3 locID: 102656603923153464 bcsId: 0,size=2097152]} | ret=SUCCESS |  
2019-08-21 19:24:25,164 | INFO  | DNAudit | user=null | ip=null | op=PUT_BLOCK {blockData=[blockId=conID: 3 locID: 102656603923153464 bcsId: 0,size=2097152]} | ret=SUCCESS |  
2019-08-21 19:24:25,167 | INFO  | DNAudit | user=null | ip=null | op=WRITE_CHUNK {blockData=conID: 3 locID: 102656603923153464 bcsId: 3271} | ret=SUCCESS |  
2019-08-21 19:24:25,169 | INFO  | DNAudit | user=null | ip=null | op=WRITE_CHUNK {blockData=conID: 3 locID: 102656603923153464 bcsId: 3271} | ret=SUCCESS |  
2019-08-21 19:24:25,169 | INFO  | DNAudit | user=null | ip=null | op=WRITE_CHUNK {blockData=conID: 3 locID: 102656603923153464 bcsId: 3271} | ret=SUCCESS |  
2019-08-21 19:24:25,180 | INFO  | DNAudit | user=null | ip=null | op=WRITE_CHUNK {blockData=conID: 3 locID: 102656603923153464 bcsId: 3271} | ret=SUCCESS |  
2019-08-21 19:24:25,180 | INFO  | DNAudit | user=null | ip=null | op=PUT_BLOCK {blockData=[blockId=conID: 3 locID: 102656603923153464 bcsId: 0,size=3145728]} | ret=SUCCESS |  
2019-08-21 19:24:25,180 [grpc-default-executor-0] INFO  client.GrpcClientProtocolClient (GrpcClientProtocolClient.java:onNext(255)) - client-DA9582518C67->1df8bd03-73ef-4b9c-8622-5dc9d0e29c31: receive RaftClientReply:client-DA9582518C67->1df8bd03-73ef-4b9c-8622-5dc9d0e29c31@group-F45402591F47, cid=2252, SUCCESS, logIndex=3275, commits[1df8bd03-73ef-4b9c-8622-5dc9d0e29c31:c3276, 12aca755-ada5-42df-801b-c61f99d8e8b8:c3274, a308b8bf-0324-43a1-a87f-1e10a96e3042:c3274]
2019-08-21 19:24:25,180 [grpc-default-executor-0] INFO  client.GrpcClientProtocolClient (GrpcClientProtocolClient.java:onNext(255)) - client-DA9582518C67->1df8bd03-73ef-4b9c-8622-5dc9d0e29c31: receive RaftClientReply:client-DA9582518C67->1df8bd03-73ef-4b9c-8622-5dc9d0e29c31@group-F45402591F47, cid=2253, SUCCESS, logIndex=3276, commits[1df8bd03-73ef-4b9c-8622-5dc9d0e29c31:c3276, 12aca755-ada5-42df-801b-c61f99d8e8b8:c3274, a308b8bf-0324-43a1-a87f-1e10a96e3042:c3274]
2019-08-21 19:24:25,185 | INFO  | DNAudit | user=null | ip=null | op=WRITE_CHUNK {blockData=conID: 3 locID: 102656603923153464 bcsId: 3276} | ret=SUCCESS |  
2019-08-21 19:24:25,185 | INFO  | DNAudit | user=null | ip=null | op=WRITE_CHUNK {blockData=conID: 3 locID: 102656603923153464 bcsId: 3271} | ret=SUCCESS |  
2019-08-21 19:24:25,185 | INFO  | DNAudit | user=null | ip=null | op=WRITE_CHUNK {blockData=conID: 3 locID: 102656603923153464 bcsId: 3271} | ret=SUCCESS |  
2019-08-21 19:24:25,188 | INFO  | DNAudit | user=null | ip=null | op=WRITE_CHUNK {blockData=conID: 3 locID: 102656603923153464 bcsId: 3276} | ret=SUCCESS |  
2019-08-21 19:24:25,188 | INFO  | DNAudit | user=null | ip=null | op=WRITE_CHUNK {blockData=conID: 3 locID: 102656603923153464 bcsId: 3276} | ret=SUCCESS |  
2019-08-21 19:24:25,198 | INFO  | DNAudit | user=null | ip=null | op=PUT_BLOCK {blockData=[blockId=conID: 3 locID: 102656603923153464 bcsId: 0,size=3145728]} | ret=SUCCESS |  
2019-08-21 19:24:25,198 | INFO  | DNAudit | user=null | ip=null | op=PUT_BLOCK {blockData=[blockId=conID: 3 locID: 102656603923153464 bcsId: 0,size=3145728]} | ret=SUCCESS |  
2019-08-21 19:24:25,211 | INFO  | DNAudit | user=null | ip=null | op=WRITE_CHUNK {blockData=conID: 3 locID: 102656603923153464 bcsId: 3276} | ret=SUCCESS |  
2019-08-21 19:24:25,212 | INFO  | DNAudit | user=null | ip=null | op=PUT_BLOCK {blockData=[blockId=conID: 3 locID: 102656603923153464 bcsId: 0,size=4194304]} | ret=SUCCESS |  
2019-08-21 19:24:25,212 [grpc-default-executor-5] INFO  client.GrpcClientProtocolClient (GrpcClientProtocolClient.java:onNext(255)) - client-DA9582518C67->1df8bd03-73ef-4b9c-8622-5dc9d0e29c31: receive RaftClientReply:client-DA9582518C67->1df8bd03-73ef-4b9c-8622-5dc9d0e29c31@group-F45402591F47, cid=2254, SUCCESS, logIndex=3279, commits[1df8bd03-73ef-4b9c-8622-5dc9d0e29c31:c3280, 12aca755-ada5-42df-801b-c61f99d8e8b8:c3276, a308b8bf-0324-43a1-a87f-1e10a96e3042:c3276]
2019-08-21 19:24:25,212 [grpc-default-executor-5] INFO  client.GrpcClientProtocolClient (GrpcClientProtocolClient.java:onNext(255)) - client-DA9582518C67->1df8bd03-73ef-4b9c-8622-5dc9d0e29c31: receive RaftClientReply:client-DA9582518C67->1df8bd03-73ef-4b9c-8622-5dc9d0e29c31@group-F45402591F47, cid=2255, SUCCESS, logIndex=3280, commits[1df8bd03-73ef-4b9c-8622-5dc9d0e29c31:c3280, 12aca755-ada5-42df-801b-c61f99d8e8b8:c3276, a308b8bf-0324-43a1-a87f-1e10a96e3042:c3276]
2019-08-21 19:24:25,602 | INFO  | DNAudit | user=null | ip=null | op=WRITE_CHUNK {blockData=conID: 3 locID: 102656603923153464 bcsId: 3276} | ret=SUCCESS |  
2019-08-21 19:24:25,602 | INFO  | DNAudit | user=null | ip=null | op=WRITE_CHUNK {blockData=conID: 3 locID: 102656603923153464 bcsId: 3276} | ret=SUCCESS |  
2019-08-21 19:24:25,603 | INFO  | DNAudit | user=null | ip=null | op=PUT_BLOCK {blockData=[blockId=conID: 3 locID: 102656603923153464 bcsId: 0,size=4194304]} | ret=SUCCESS |  
2019-08-21 19:24:25,603 | INFO  | DNAudit | user=null | ip=null | op=PUT_BLOCK {blockData=[blockId=conID: 3 locID: 102656603923153464 bcsId: 0,size=4194304]} | ret=SUCCESS |  
2019-08-21 19:24:25,604 [grpc-default-executor-2] INFO  client.GrpcClientProtocolClient (GrpcClientProtocolClient.java:onNext(255)) - client-DA9582518C67->1df8bd03-73ef-4b9c-8622-5dc9d0e29c31: receive RaftClientReply:client-DA9582518C67->1df8bd03-73ef-4b9c-8622-5dc9d0e29c31@group-F45402591F47, cid=2256, SUCCESS, logIndex=0, commits[1df8bd03-73ef-4b9c-8622-5dc9d0e29c31:c3282, 12aca755-ada5-42df-801b-c61f99d8e8b8:c3280, a308b8bf-0324-43a1-a87f-1e10a96e3042:c3280]
2019-08-21 19:24:25,610 | INFO  | SCMAudit | user=jenkins1000 | ip=192.168.69.88 | op=ALLOCATE_BLOCK {owner=a4b1d482-4fe6-4e71-84a6-a95f4ce3f696, size=4194304, type=RATIS, factor=THREE} | ret=SUCCESS |  
2019-08-21 19:24:25,614 | INFO  | OMAudit | user=jenkins1000 | ip=127.0.0.1 | op=ALLOCATE_BLOCK {volume=vol-0-90666, bucket=bucket-0-29336, key=key-0-94354, dataSize=0, replicationType=null, replicationFactor=null, keyLocationInfo=null, clientID=102656601977389458} | ret=SUCCESS |  
2019-08-21 19:24:25,622 | INFO  | DNAudit | user=null | ip=null | op=WRITE_CHUNK {blockData=conID: 1 locID: 102656603954217529 bcsId: 0} | ret=SUCCESS |  
2019-08-21 19:24:25,625 | INFO  | DNAudit | user=null | ip=null | op=WRITE_CHUNK {blockData=conID: 1 locID: 102656603954217529 bcsId: 0} | ret=SUCCESS |  
2019-08-21 19:24:25,625 | INFO  | DNAudit | user=null | ip=null | op=WRITE_CHUNK {blockData=conID: 1 locID: 102656603954217529 bcsId: 0} | ret=SUCCESS |  
2019-08-21 19:24:25,627 | INFO  | DNAudit | user=null | ip=null | op=WRITE_CHUNK {blockData=conID: 1 locID: 102656603954217529 bcsId: 0} | ret=SUCCESS |  
2019-08-21 19:24:25,627 | INFO  | DNAudit | user=null | ip=null | op=WRITE_CHUNK {blockData=conID: 1 locID: 102656603954217529 bcsId: 0} | ret=SUCCESS |  
2019-08-21 19:24:25,628 | INFO  | DNAudit | user=null | ip=null | op=WRITE_CHUNK {blockData=conID: 1 locID: 102656603954217529 bcsId: 0} | ret=SUCCESS |  
2019-08-21 19:24:25,678 | INFO  | DNAudit | user=null | ip=null | op=WRITE_CHUNK {blockData=conID: 1 locID: 102656603954217529 bcsId: 0} | ret=SUCCESS |  
2019-08-21 19:24:25,679 | INFO  | DNAudit | user=null | ip=null | op=PUT_BLOCK {blockData=[blockId=conID: 1 locID: 102656603954217529 bcsId: 0,size=1048576]} | ret=SUCCESS |  
2019-08-21 19:24:25,679 [grpc-default-executor-0] INFO  client.GrpcClientProtocolClient (GrpcClientProtocolClient.java:onNext(255)) - client-DA9582518C67->1df8bd03-73ef-4b9c-8622-5dc9d0e29c31: receive RaftClientReply:client-DA9582518C67->1df8bd03-73ef-4b9c-8622-5dc9d0e29c31@group-F45402591F47, cid=2257, SUCCESS, logIndex=3283, commits[1df8bd03-73ef-4b9c-8622-5dc9d0e29c31:c3284, 12aca755-ada5-42df-801b-c61f99d8e8b8:c3282, a308b8bf-0324-43a1-a87f-1e10a96e3042:c3282]
2019-08-21 19:24:25,679 [grpc-default-executor-0] INFO  client.GrpcClientProtocolClient (GrpcClientProtocolClient.java:onNext(255)) - client-DA9582518C67->1df8bd03-73ef-4b9c-8622-5dc9d0e29c31: receive RaftClientReply:client-DA9582518C67->1df8bd03-73ef-4b9c-8622-5dc9d0e29c31@group-F45402591F47, cid=2258, SUCCESS, logIndex=3284, commits[1df8bd03-73ef-4b9c-8622-5dc9d0e29c31:c3284, 12aca755-ada5-42df-801b-c61f99d8e8b8:c3282, a308b8bf-0324-43a1-a87f-1e10a96e3042:c3282]
2019-08-21 19:24:25,688 | INFO  | DNAudit | user=null | ip=null | op=WRITE_CHUNK {blockData=conID: 1 locID: 102656603954217529 bcsId: 0} | ret=SUCCESS |  
2019-08-21 19:24:25,688 | INFO  | SCMAudit | user=jenkins1000 | ip=192.168.69.88 | op=SEND_HEARTBEAT {datanodeUUID=cfaf9666-ca64-459e-bd34-ff7c349f752a, command=[]} | ret=SUCCESS |  
2019-08-21 19:24:25,688 | INFO  | DNAudit | user=null | ip=null | op=PUT_BLOCK {blockData=[blockId=conID: 1 locID: 102656603954217529 bcsId: 0,size=2097152]} | ret=SUCCESS |  
2019-08-21 19:24:25,689 [grpc-default-executor-2] INFO  client.GrpcClientProtocolClient (GrpcClientProtocolClient.java:onNext(255)) - client-DA9582518C67->1df8bd03-73ef-4b9c-8622-5dc9d0e29c31: receive RaftClientReply:client-DA9582518C67->1df8bd03-73ef-4b9c-8622-5dc9d0e29c31@group-F45402591F47, cid=2259, SUCCESS, logIndex=3285, commits[1df8bd03-73ef-4b9c-8622-5dc9d0e29c31:c3286, 12aca755-ada5-42df-801b-c61f99d8e8b8:c3282, a308b8bf-0324-43a1-a87f-1e10a96e3042:c3282]
2019-08-21 19:24:25,689 [grpc-default-executor-2] INFO  client.GrpcClientProtocolClient (GrpcClientProtocolClient.java:onNext(255)) - client-DA9582518C67->1df8bd03-73ef-4b9c-8622-5dc9d0e29c31: receive RaftClientReply:client-DA9582518C67->1df8bd03-73ef-4b9c-8622-5dc9d0e29c31@group-F45402591F47, cid=2260, SUCCESS, logIndex=3286, commits[1df8bd03-73ef-4b9c-8622-5dc9d0e29c31:c3286, 12aca755-ada5-42df-801b-c61f99d8e8b8:c3282, a308b8bf-0324-43a1-a87f-1e10a96e3042:c3282]
2019-08-21 19:24:25,690 | INFO  | DNAudit | user=null | ip=null | op=WRITE_CHUNK {blockData=conID: 1 locID: 102656603954217529 bcsId: 0} | ret=SUCCESS |  
2019-08-21 19:24:25,703 | INFO  | DNAudit | user=null | ip=null | op=WRITE_CHUNK {blockData=conID: 1 locID: 102656603954217529 bcsId: 0} | ret=SUCCESS |  
2019-08-21 19:24:25,703 | INFO  | DNAudit | user=null | ip=null | op=PUT_BLOCK {blockData=[blockId=conID: 1 locID: 102656603954217529 bcsId: 0,size=1048576]} | ret=SUCCESS |  
2019-08-21 19:24:25,704 | INFO  | DNAudit | user=null | ip=null | op=PUT_BLOCK {blockData=[blockId=conID: 1 locID: 102656603954217529 bcsId: 0,size=1048576]} | ret=SUCCESS |  
2019-08-21 19:24:25,704 | INFO  | DNAudit | user=null | ip=null | op=WRITE_CHUNK {blockData=conID: 1 locID: 102656603954217529 bcsId: 0} | ret=SUCCESS |  
2019-08-21 19:24:25,704 | INFO  | DNAudit | user=null | ip=null | op=WRITE_CHUNK {blockData=conID: 1 locID: 102656603954217529 bcsId: 0} | ret=SUCCESS |  
2019-08-21 19:24:25,704 | INFO  | DNAudit | user=null | ip=null | op=PUT_BLOCK {blockData=[blockId=conID: 1 locID: 102656603954217529 bcsId: 0,size=2097152]} | ret=SUCCESS |  
2019-08-21 19:24:25,704 | INFO  | DNAudit | user=null | ip=null | op=PUT_BLOCK {blockData=[blockId=conID: 1 locID: 102656603954217529 bcsId: 0,size=2097152]} | ret=SUCCESS |  
2019-08-21 19:24:25,704 [grpc-default-executor-0] INFO  client.GrpcClientProtocolClient (GrpcClientProtocolClient.java:onNext(255)) - client-DA9582518C67->1df8bd03-73ef-4b9c-8622-5dc9d0e29c31: receive RaftClientReply:client-DA9582518C67->1df8bd03-73ef-4b9c-8622-5dc9d0e29c31@group-F45402591F47, cid=2261, SUCCESS, logIndex=0, commits[1df8bd03-73ef-4b9c-8622-5dc9d0e29c31:c3288, 12aca755-ada5-42df-801b-c61f99d8e8b8:c3284, a308b8bf-0324-43a1-a87f-1e10a96e3042:c3284]
2019-08-21 19:24:25,710 | INFO  | DNAudit | user=null | ip=null | op=WRITE_CHUNK {blockData=conID: 1 locID: 102656603954217529 bcsId: 3286} | ret=SUCCESS |  
2019-08-21 19:24:25,712 | INFO  | SCMAudit | user=jenkins1000 | ip=192.168.69.88 | op=SEND_HEARTBEAT {datanodeUUID=c4b21f74-9dba-4f39-a92d-300bdd5c7775, command=[]} | ret=SUCCESS |  
2019-08-21 19:24:25,713 | INFO  | DNAudit | user=null | ip=null | op=WRITE_CHUNK {blockData=conID: 1 locID: 102656603954217529 bcsId: 3286} | ret=SUCCESS |  
2019-08-21 19:24:25,713 | INFO  | DNAudit | user=null | ip=null | op=WRITE_CHUNK {blockData=conID: 1 locID: 102656603954217529 bcsId: 3286} | ret=SUCCESS |  
 0.00% |█                                                                                                    |  0/1 Time: 0:00:302019-08-21 19:24:25,723 | INFO  | DNAudit | user=null | ip=null | op=WRITE_CHUNK {blockData=conID: 1 locID: 102656603954217529 bcsId: 3286} | ret=SUCCESS |  
2019-08-21 19:24:25,724 | INFO  | DNAudit | user=null | ip=null | op=PUT_BLOCK {blockData=[blockId=conID: 1 locID: 102656603954217529 bcsId: 0,size=3145728]} | ret=SUCCESS |  
2019-08-21 19:24:25,724 [grpc-default-executor-2] INFO  client.GrpcClientProtocolClient (GrpcClientProtocolClient.java:onNext(255)) - client-DA9582518C67->1df8bd03-73ef-4b9c-8622-5dc9d0e29c31: receive RaftClientReply:client-DA9582518C67->1df8bd03-73ef-4b9c-8622-5dc9d0e29c31@group-F45402591F47, cid=2262, SUCCESS, logIndex=3290, commits[1df8bd03-73ef-4b9c-8622-5dc9d0e29c31:c3291, 12aca755-ada5-42df-801b-c61f99d8e8b8:c3286, a308b8bf-0324-43a1-a87f-1e10a96e3042:c3288]
2019-08-21 19:24:25,724 [grpc-default-executor-2] INFO  client.GrpcClientProtocolClient (GrpcClientProtocolClient.java:onNext(255)) - client-DA9582518C67->1df8bd03-73ef-4b9c-8622-5dc9d0e29c31: receive RaftClientReply:client-DA9582518C67->1df8bd03-73ef-4b9c-8622-5dc9d0e29c31@group-F45402591F47, cid=2263, SUCCESS, logIndex=3291, commits[1df8bd03-73ef-4b9c-8622-5dc9d0e29c31:c3291, 12aca755-ada5-42df-801b-c61f99d8e8b8:c3288, a308b8bf-0324-43a1-a87f-1e10a96e3042:c3288]
2019-08-21 19:24:25,727 | INFO  | DNAudit | user=null | ip=null | op=WRITE_CHUNK {blockData=conID: 1 locID: 102656603954217529 bcsId: 3286} | ret=SUCCESS |  
2019-08-21 19:24:25,727 | INFO  | DNAudit | user=null | ip=null | op=WRITE_CHUNK {blockData=conID: 1 locID: 102656603954217529 bcsId: 3286} | ret=SUCCESS |  
2019-08-21 19:24:25,728 | INFO  | DNAudit | user=null | ip=null | op=PUT_BLOCK {blockData=[blockId=conID: 1 locID: 102656603954217529 bcsId: 0,size=3145728]} | ret=SUCCESS |  
2019-08-21 19:24:25,728 | INFO  | DNAudit | user=null | ip=null | op=PUT_BLOCK {blockData=[blockId=conID: 1 locID: 102656603954217529 bcsId: 0,size=3145728]} | ret=SUCCESS |  
2019-08-21 19:24:25,730 | INFO  | DNAudit | user=null | ip=null | op=WRITE_CHUNK {blockData=conID: 1 locID: 102656603954217529 bcsId: 3291} | ret=SUCCESS |  
2019-08-21 19:24:25,733 | INFO  | DNAudit | user=null | ip=null | op=WRITE_CHUNK {blockData=conID: 1 locID: 102656603954217529 bcsId: 3291} | ret=SUCCESS |  
2019-08-21 19:24:25,733 | INFO  | DNAudit | user=null | ip=null | op=WRITE_CHUNK {blockData=conID: 1 locID: 102656603954217529 bcsId: 3291} | ret=SUCCESS |  
2019-08-21 19:24:25,747 | INFO  | DNAudit | user=null | ip=null | op=WRITE_CHUNK {blockData=conID: 1 locID: 102656603954217529 bcsId: 3291} | ret=SUCCESS |  
2019-08-21 19:24:25,748 | INFO  | DNAudit | user=null | ip=null | op=PUT_BLOCK {blockData=[blockId=conID: 1 locID: 102656603954217529 bcsId: 0,size=4194304]} | ret=SUCCESS |  
2019-08-21 19:24:25,748 [grpc-default-executor-5] INFO  client.GrpcClientProtocolClient (GrpcClientProtocolClient.java:onNext(255)) - client-DA9582518C67->1df8bd03-73ef-4b9c-8622-5dc9d0e29c31: receive RaftClientReply:client-DA9582518C67->1df8bd03-73ef-4b9c-8622-5dc9d0e29c31@group-F45402591F47, cid=2264, SUCCESS, logIndex=3294, commits[1df8bd03-73ef-4b9c-8622-5dc9d0e29c31:c3295, 12aca755-ada5-42df-801b-c61f99d8e8b8:c3293, a308b8bf-0324-43a1-a87f-1e10a96e3042:c3293]
2019-08-21 19:24:25,748 [grpc-default-executor-5] INFO  client.GrpcClientProtocolClient (GrpcClientProtocolClient.java:onNext(255)) - client-DA9582518C67->1df8bd03-73ef-4b9c-8622-5dc9d0e29c31: receive RaftClientReply:client-DA9582518C67->1df8bd03-73ef-4b9c-8622-5dc9d0e29c31@group-F45402591F47, cid=2265, SUCCESS, logIndex=3295, commits[1df8bd03-73ef-4b9c-8622-5dc9d0e29c31:c3295, 12aca755-ada5-42df-801b-c61f99d8e8b8:c3293, a308b8bf-0324-43a1-a87f-1e10a96e3042:c3293]
2019-08-21 19:24:25,761 | INFO  | DNAudit | user=null | ip=null | op=WRITE_CHUNK {blockData=conID: 1 locID: 102656603954217529 bcsId: 3291} | ret=SUCCESS |  
2019-08-21 19:24:25,761 | INFO  | DNAudit | user=null | ip=null | op=WRITE_CHUNK {blockData=conID: 1 locID: 102656603954217529 bcsId: 3291} | ret=SUCCESS |  
2019-08-21 19:24:25,773 | INFO  | DNAudit | user=null | ip=null | op=PUT_BLOCK {blockData=[blockId=conID: 1 locID: 102656603954217529 bcsId: 0,size=4194304]} | ret=SUCCESS |  
2019-08-21 19:24:25,773 | INFO  | DNAudit | user=null | ip=null | op=PUT_BLOCK {blockData=[blockId=conID: 1 locID: 102656603954217529 bcsId: 0,size=4194304]} | ret=SUCCESS |  
2019-08-21 19:24:25,774 [grpc-default-executor-0] INFO  client.GrpcClientProtocolClient (GrpcClientProtocolClient.java:onNext(255)) - client-DA9582518C67->1df8bd03-73ef-4b9c-8622-5dc9d0e29c31: receive RaftClientReply:client-DA9582518C67->1df8bd03-73ef-4b9c-8622-5dc9d0e29c31@group-F45402591F47, cid=2266, SUCCESS, logIndex=0, commits[1df8bd03-73ef-4b9c-8622-5dc9d0e29c31:c3296, 12aca755-ada5-42df-801b-c61f99d8e8b8:c3295, a308b8bf-0324-43a1-a87f-1e10a96e3042:c3295]
2019-08-21 19:24:25,778 | INFO  | SCMAudit | user=jenkins1000 | ip=192.168.69.88 | op=ALLOCATE_BLOCK {owner=a4b1d482-4fe6-4e71-84a6-a95f4ce3f696, size=4194304, type=RATIS, factor=THREE} | ret=SUCCESS |  
2019-08-21 19:24:25,779 | INFO  | OMAudit | user=jenkins1000 | ip=127.0.0.1 | op=ALLOCATE_BLOCK {volume=vol-0-90666, bucket=bucket-0-29336, key=key-0-94354, dataSize=0, replicationType=null, replicationFactor=null, keyLocationInfo=null, clientID=102656601977389458} | ret=SUCCESS |  
2019-08-21 19:24:25,838 | INFO  | DNAudit | user=null | ip=null | op=WRITE_CHUNK {blockData=conID: 2 locID: 102656603965162042 bcsId: 0} | ret=SUCCESS |  
2019-08-21 19:24:25,843 | INFO  | DNAudit | user=null | ip=null | op=WRITE_CHUNK {blockData=conID: 2 locID: 102656603965162042 bcsId: 0} | ret=SUCCESS |  
2019-08-21 19:24:25,844 | INFO  | DNAudit | user=null | ip=null | op=WRITE_CHUNK {blockData=conID: 2 locID: 102656603965162042 bcsId: 0} | ret=SUCCESS |  
2019-08-21 19:24:25,844 | INFO  | DNAudit | user=null | ip=null | op=WRITE_CHUNK {blockData=conID: 2 locID: 102656603965162042 bcsId: 0} | ret=SUCCESS |  
2019-08-21 19:24:25,846 | INFO  | DNAudit | user=null | ip=null | op=WRITE_CHUNK {blockData=conID: 2 locID: 102656603965162042 bcsId: 0} | ret=SUCCESS |  
2019-08-21 19:24:25,847 | INFO  | DNAudit | user=null | ip=null | op=WRITE_CHUNK {blockData=conID: 2 locID: 102656603965162042 bcsId: 0} | ret=SUCCESS |  
2019-08-21 19:24:25,856 | INFO  | DNAudit | user=null | ip=null | op=WRITE_CHUNK {blockData=conID: 2 locID: 102656603965162042 bcsId: 0} | ret=SUCCESS |  
2019-08-21 19:24:25,856 | INFO  | DNAudit | user=null | ip=null | op=PUT_BLOCK {blockData=[blockId=conID: 2 locID: 102656603965162042 bcsId: 0,size=1048576]} | ret=SUCCESS |  
2019-08-21 19:24:25,857 [grpc-default-executor-5] INFO  client.GrpcClientProtocolClient (GrpcClientProtocolClient.java:onNext(255)) - client-DA9582518C67->1df8bd03-73ef-4b9c-8622-5dc9d0e29c31: receive RaftClientReply:client-DA9582518C67->1df8bd03-73ef-4b9c-8622-5dc9d0e29c31@group-F45402591F47, cid=2267, SUCCESS, logIndex=3298, commits[1df8bd03-73ef-4b9c-8622-5dc9d0e29c31:c3299, 12aca755-ada5-42df-801b-c61f99d8e8b8:c3297, a308b8bf-0324-43a1-a87f-1e10a96e3042:c3297]
2019-08-21 19:24:25,857 | INFO  | DNAudit | user=null | ip=null | op=WRITE_CHUNK {blockData=conID: 2 locID: 102656603965162042 bcsId: 0} | ret=SUCCESS |  
2019-08-21 19:24:25,857 | INFO  | DNAudit | user=null | ip=null | op=PUT_BLOCK {blockData=[blockId=conID: 2 locID: 102656603965162042 bcsId: 0,size=2097152]} | ret=SUCCESS |  
2019-08-21 19:24:25,858 | INFO  | DNAudit | user=null | ip=null | op=WRITE_CHUNK {blockData=conID: 2 locID: 102656603965162042 bcsId: 0} | ret=SUCCESS |  
2019-08-21 19:24:25,858 [grpc-default-executor-5] INFO  client.GrpcClientProtocolClient (GrpcClientProtocolClient.java:onNext(255)) - client-DA9582518C67->1df8bd03-73ef-4b9c-8622-5dc9d0e29c31: receive RaftClientReply:client-DA9582518C67->1df8bd03-73ef-4b9c-8622-5dc9d0e29c31@group-F45402591F47, cid=2268, SUCCESS, logIndex=3299, commits[1df8bd03-73ef-4b9c-8622-5dc9d0e29c31:c3300, 12aca755-ada5-42df-801b-c61f99d8e8b8:c3297, a308b8bf-0324-43a1-a87f-1e10a96e3042:c3297]
2019-08-21 19:24:25,858 | INFO  | DNAudit | user=null | ip=null | op=PUT_BLOCK {blockData=[blockId=conID: 2 locID: 102656603965162042 bcsId: 0,size=1048576]} | ret=SUCCESS |  
2019-08-21 19:24:25,858 [grpc-default-executor-5] INFO  client.GrpcClientProtocolClient (GrpcClientProtocolClient.java:onNext(255)) - client-DA9582518C67->1df8bd03-73ef-4b9c-8622-5dc9d0e29c31: receive RaftClientReply:client-DA9582518C67->1df8bd03-73ef-4b9c-8622-5dc9d0e29c31@group-F45402591F47, cid=2269, SUCCESS, logIndex=3300, commits[1df8bd03-73ef-4b9c-8622-5dc9d0e29c31:c3301, 12aca755-ada5-42df-801b-c61f99d8e8b8:c3297, a308b8bf-0324-43a1-a87f-1e10a96e3042:c3297]
2019-08-21 19:24:25,858 [grpc-default-executor-5] INFO  client.GrpcClientProtocolClient (GrpcClientProtocolClient.java:onNext(255)) - client-DA9582518C67->1df8bd03-73ef-4b9c-8622-5dc9d0e29c31: receive RaftClientReply:client-DA9582518C67->1df8bd03-73ef-4b9c-8622-5dc9d0e29c31@group-F45402591F47, cid=2270, SUCCESS, logIndex=3301, commits[1df8bd03-73ef-4b9c-8622-5dc9d0e29c31:c3301, 12aca755-ada5-42df-801b-c61f99d8e8b8:c3297, a308b8bf-0324-43a1-a87f-1e10a96e3042:c3297]
2019-08-21 19:24:25,860 | INFO  | DNAudit | user=null | ip=null | op=WRITE_CHUNK {blockData=conID: 2 locID: 102656603965162042 bcsId: 0} | ret=SUCCESS |  
2019-08-21 19:24:25,860 | INFO  | DNAudit | user=null | ip=null | op=PUT_BLOCK {blockData=[blockId=conID: 2 locID: 102656603965162042 bcsId: 0,size=1048576]} | ret=SUCCESS |  
2019-08-21 19:24:25,860 | INFO  | DNAudit | user=null | ip=null | op=WRITE_CHUNK {blockData=conID: 2 locID: 102656603965162042 bcsId: 0} | ret=SUCCESS |  
2019-08-21 19:24:25,860 [grpc-default-executor-5] INFO  client.GrpcClientProtocolClient (GrpcClientProtocolClient.java:onNext(255)) - client-DA9582518C67->1df8bd03-73ef-4b9c-8622-5dc9d0e29c31: receive RaftClientReply:client-DA9582518C67->1df8bd03-73ef-4b9c-8622-5dc9d0e29c31@group-F45402591F47, cid=2271, SUCCESS, logIndex=0, commits[1df8bd03-73ef-4b9c-8622-5dc9d0e29c31:c3303, 12aca755-ada5-42df-801b-c61f99d8e8b8:c3299, a308b8bf-0324-43a1-a87f-1e10a96e3042:c3299]
2019-08-21 19:24:25,861 | INFO  | DNAudit | user=null | ip=null | op=PUT_BLOCK {blockData=[blockId=conID: 2 locID: 102656603965162042 bcsId: 0,size=2097152]} | ret=SUCCESS |  
2019-08-21 19:24:25,868 | INFO  | DNAudit | user=null | ip=null | op=WRITE_CHUNK {blockData=conID: 2 locID: 102656603965162042 bcsId: 3301} | ret=SUCCESS |  
2019-08-21 19:24:25,870 | INFO  | DNAudit | user=null | ip=null | op=WRITE_CHUNK {blockData=conID: 2 locID: 102656603965162042 bcsId: 3301} | ret=SUCCESS |  
2019-08-21 19:24:25,870 | INFO  | DNAudit | user=null | ip=null | op=WRITE_CHUNK {blockData=conID: 2 locID: 102656603965162042 bcsId: 0} | ret=SUCCESS |  
2019-08-21 19:24:25,871 | INFO  | DNAudit | user=null | ip=null | op=WRITE_CHUNK {blockData=conID: 2 locID: 102656603965162042 bcsId: 3301} | ret=SUCCESS |  
2019-08-21 19:24:25,871 | INFO  | DNAudit | user=null | ip=null | op=PUT_BLOCK {blockData=[blockId=conID: 2 locID: 102656603965162042 bcsId: 0,size=2097152]} | ret=SUCCESS |  
2019-08-21 19:24:25,872 | INFO  | DNAudit | user=null | ip=null | op=WRITE_CHUNK {blockData=conID: 2 locID: 102656603965162042 bcsId: 3301} | ret=SUCCESS |  
2019-08-21 19:24:25,872 | INFO  | DNAudit | user=null | ip=null | op=PUT_BLOCK {blockData=[blockId=conID: 2 locID: 102656603965162042 bcsId: 0,size=3145728]} | ret=SUCCESS |  
2019-08-21 19:24:25,872 [grpc-default-executor-4] INFO  client.GrpcClientProtocolClient (GrpcClientProtocolClient.java:onNext(255)) - client-DA9582518C67->1df8bd03-73ef-4b9c-8622-5dc9d0e29c31: receive RaftClientReply:client-DA9582518C67->1df8bd03-73ef-4b9c-8622-5dc9d0e29c31@group-F45402591F47, cid=2272, SUCCESS, logIndex=3306, commits[1df8bd03-73ef-4b9c-8622-5dc9d0e29c31:c3307, 12aca755-ada5-42df-801b-c61f99d8e8b8:c3301, a308b8bf-0324-43a1-a87f-1e10a96e3042:c3304]
2019-08-21 19:24:25,873 [grpc-default-executor-4] INFO  client.GrpcClientProtocolClient (GrpcClientProtocolClient.java:onNext(255)) - client-DA9582518C67->1df8bd03-73ef-4b9c-8622-5dc9d0e29c31: receive RaftClientReply:client-DA9582518C67->1df8bd03-73ef-4b9c-8622-5dc9d0e29c31@group-F45402591F47, cid=2273, SUCCESS, logIndex=3307, commits[1df8bd03-73ef-4b9c-8622-5dc9d0e29c31:c3307, 12aca755-ada5-42df-801b-c61f99d8e8b8:c3304, a308b8bf-0324-43a1-a87f-1e10a96e3042:c3304]
2019-08-21 19:24:25,875 | INFO  | DNAudit | user=null | ip=null | op=WRITE_CHUNK {blockData=conID: 2 locID: 102656603965162042 bcsId: 3301} | ret=SUCCESS |  
2019-08-21 19:24:25,875 | INFO  | DNAudit | user=null | ip=null | op=WRITE_CHUNK {blockData=conID: 2 locID: 102656603965162042 bcsId: 3301} | ret=SUCCESS |  
2019-08-21 19:24:25,875 | INFO  | DNAudit | user=null | ip=null | op=PUT_BLOCK {blockData=[blockId=conID: 2 locID: 102656603965162042 bcsId: 0,size=3145728]} | ret=SUCCESS |  
2019-08-21 19:24:25,880 | INFO  | DNAudit | user=null | ip=null | op=WRITE_CHUNK {blockData=conID: 2 locID: 102656603965162042 bcsId: 3307} | ret=SUCCESS |  
2019-08-21 19:24:25,883 | INFO  | DNAudit | user=null | ip=null | op=WRITE_CHUNK {blockData=conID: 2 locID: 102656603965162042 bcsId: 3307} | ret=SUCCESS |  
2019-08-21 19:24:25,883 | INFO  | DNAudit | user=null | ip=null | op=WRITE_CHUNK {blockData=conID: 2 locID: 102656603965162042 bcsId: 3307} | ret=SUCCESS |  
2019-08-21 19:24:25,887 | INFO  | DNAudit | user=null | ip=null | op=PUT_BLOCK {blockData=[blockId=conID: 2 locID: 102656603965162042 bcsId: 0,size=3145728]} | ret=SUCCESS |  
2019-08-21 19:24:25,890 | INFO  | DNAudit | user=null | ip=null | op=WRITE_CHUNK {blockData=conID: 2 locID: 102656603965162042 bcsId: 3307} | ret=SUCCESS |  
2019-08-21 19:24:25,890 | INFO  | DNAudit | user=null | ip=null | op=PUT_BLOCK {blockData=[blockId=conID: 2 locID: 102656603965162042 bcsId: 0,size=4194304]} | ret=SUCCESS |  
2019-08-21 19:24:25,890 [grpc-default-executor-4] INFO  client.GrpcClientProtocolClient (GrpcClientProtocolClient.java:onNext(255)) - client-DA9582518C67->1df8bd03-73ef-4b9c-8622-5dc9d0e29c31: receive RaftClientReply:client-DA9582518C67->1df8bd03-73ef-4b9c-8622-5dc9d0e29c31@group-F45402591F47, cid=2274, SUCCESS, logIndex=3310, commits[1df8bd03-73ef-4b9c-8622-5dc9d0e29c31:c3311, 12aca755-ada5-42df-801b-c61f99d8e8b8:c3308, a308b8bf-0324-43a1-a87f-1e10a96e3042:c3308]
2019-08-21 19:24:25,891 [grpc-default-executor-4] INFO  client.GrpcClientProtocolClient (GrpcClientProtocolClient.java:onNext(255)) - client-DA9582518C67->1df8bd03-73ef-4b9c-8622-5dc9d0e29c31: receive RaftClientReply:client-DA9582518C67->1df8bd03-73ef-4b9c-8622-5dc9d0e29c31@group-F45402591F47, cid=2275, SUCCESS, logIndex=3311, commits[1df8bd03-73ef-4b9c-8622-5dc9d0e29c31:c3311, 12aca755-ada5-42df-801b-c61f99d8e8b8:c3308, a308b8bf-0324-43a1-a87f-1e10a96e3042:c3308]
2019-08-21 19:24:25,899 | INFO  | DNAudit | user=null | ip=null | op=WRITE_CHUNK {blockData=conID: 2 locID: 102656603965162042 bcsId: 3307} | ret=SUCCESS |  
2019-08-21 19:24:25,899 | INFO  | DNAudit | user=null | ip=null | op=WRITE_CHUNK {blockData=conID: 2 locID: 102656603965162042 bcsId: 3307} | ret=SUCCESS |  
2019-08-21 19:24:25,899 | INFO  | DNAudit | user=null | ip=null | op=PUT_BLOCK {blockData=[blockId=conID: 2 locID: 102656603965162042 bcsId: 0,size=4194304]} | ret=SUCCESS |  
2019-08-21 19:24:25,901 | INFO  | DNAudit | user=null | ip=null | op=PUT_BLOCK {blockData=[blockId=conID: 2 locID: 102656603965162042 bcsId: 0,size=4194304]} | ret=SUCCESS |  
2019-08-21 19:24:25,901 [grpc-default-executor-4] INFO  client.GrpcClientProtocolClient (GrpcClientProtocolClient.java:onNext(255)) - client-DA9582518C67->1df8bd03-73ef-4b9c-8622-5dc9d0e29c31: receive RaftClientReply:client-DA9582518C67->1df8bd03-73ef-4b9c-8622-5dc9d0e29c31@group-F45402591F47, cid=2276, SUCCESS, logIndex=0, commits[1df8bd03-73ef-4b9c-8622-5dc9d0e29c31:c3312, 12aca755-ada5-42df-801b-c61f99d8e8b8:c3311, a308b8bf-0324-43a1-a87f-1e10a96e3042:c3311]
2019-08-21 19:24:25,906 | INFO  | SCMAudit | user=jenkins1000 | ip=192.168.69.88 | op=ALLOCATE_BLOCK {owner=a4b1d482-4fe6-4e71-84a6-a95f4ce3f696, size=4194304, type=RATIS, factor=THREE} | ret=SUCCESS |  
2019-08-21 19:24:25,909 | INFO  | OMAudit | user=jenkins1000 | ip=127.0.0.1 | op=ALLOCATE_BLOCK {volume=vol-0-90666, bucket=bucket-0-29336, key=key-0-94354, dataSize=0, replicationType=null, replicationFactor=null, keyLocationInfo=null, clientID=102656601977389458} | ret=SUCCESS |  
2019-08-21 19:24:25,915 | INFO  | DNAudit | user=null | ip=null | op=WRITE_CHUNK {blockData=conID: 3 locID: 102656603973616187 bcsId: 0} | ret=SUCCESS |  
2019-08-21 19:24:25,916 | INFO  | DNAudit | user=null | ip=null | op=WRITE_CHUNK {blockData=conID: 3 locID: 102656603973616187 bcsId: 0} | ret=SUCCESS |  
2019-08-21 19:24:25,918 | INFO  | DNAudit | user=null | ip=null | op=WRITE_CHUNK {blockData=conID: 3 locID: 102656603973616187 bcsId: 0} | ret=SUCCESS |  
2019-08-21 19:24:25,919 | INFO  | DNAudit | user=null | ip=null | op=WRITE_CHUNK {blockData=conID: 3 locID: 102656603973616187 bcsId: 0} | ret=SUCCESS |  
2019-08-21 19:24:25,920 | INFO  | DNAudit | user=null | ip=null | op=WRITE_CHUNK {blockData=conID: 3 locID: 102656603973616187 bcsId: 0} | ret=SUCCESS |  
2019-08-21 19:24:25,920 | INFO  | DNAudit | user=null | ip=null | op=WRITE_CHUNK {blockData=conID: 3 locID: 102656603973616187 bcsId: 0} | ret=SUCCESS |  
2019-08-21 19:24:25,931 | INFO  | DNAudit | user=null | ip=null | op=WRITE_CHUNK {blockData=conID: 3 locID: 102656603973616187 bcsId: 0} | ret=SUCCESS |  
2019-08-21 19:24:25,932 | INFO  | DNAudit | user=null | ip=null | op=PUT_BLOCK {blockData=[blockId=conID: 3 locID: 102656603973616187 bcsId: 0,size=1048576]} | ret=SUCCESS |  
2019-08-21 19:24:25,932 [grpc-default-executor-5] INFO  client.GrpcClientProtocolClient (GrpcClientProtocolClient.java:onNext(255)) - client-DA9582518C67->1df8bd03-73ef-4b9c-8622-5dc9d0e29c31: receive RaftClientReply:client-DA9582518C67->1df8bd03-73ef-4b9c-8622-5dc9d0e29c31@group-F45402591F47, cid=2277, SUCCESS, logIndex=3314, commits[1df8bd03-73ef-4b9c-8622-5dc9d0e29c31:c3317, 12aca755-ada5-42df-801b-c61f99d8e8b8:c3313, a308b8bf-0324-43a1-a87f-1e10a96e3042:c3313]
2019-08-21 19:24:25,932 | INFO  | DNAudit | user=null | ip=null | op=WRITE_CHUNK {blockData=conID: 3 locID: 102656603973616187 bcsId: 0} | ret=SUCCESS |  
2019-08-21 19:24:25,933 | INFO  | DNAudit | user=null | ip=null | op=WRITE_CHUNK {blockData=conID: 3 locID: 102656603973616187 bcsId: 0} | ret=SUCCESS |  
2019-08-21 19:24:25,933 [grpc-default-executor-5] INFO  client.GrpcClientProtocolClient (GrpcClientProtocolClient.java:onNext(255)) - client-DA9582518C67->1df8bd03-73ef-4b9c-8622-5dc9d0e29c31: receive RaftClientReply:client-DA9582518C67->1df8bd03-73ef-4b9c-8622-5dc9d0e29c31@group-F45402591F47, cid=2278, SUCCESS, logIndex=3315, commits[1df8bd03-73ef-4b9c-8622-5dc9d0e29c31:c3317, 12aca755-ada5-42df-801b-c61f99d8e8b8:c3313, a308b8bf-0324-43a1-a87f-1e10a96e3042:c3313]
2019-08-21 19:24:25,933 | INFO  | DNAudit | user=null | ip=null | op=PUT_BLOCK {blockData=[blockId=conID: 3 locID: 102656603973616187 bcsId: 0,size=2097152]} | ret=SUCCESS |  
2019-08-21 19:24:25,933 [grpc-default-executor-5] INFO  client.GrpcClientProtocolClient (GrpcClientProtocolClient.java:onNext(255)) - client-DA9582518C67->1df8bd03-73ef-4b9c-8622-5dc9d0e29c31: receive RaftClientReply:client-DA9582518C67->1df8bd03-73ef-4b9c-8622-5dc9d0e29c31@group-F45402591F47, cid=2279, SUCCESS, logIndex=3316, commits[1df8bd03-73ef-4b9c-8622-5dc9d0e29c31:c3317, 12aca755-ada5-42df-801b-c61f99d8e8b8:c3313, a308b8bf-0324-43a1-a87f-1e10a96e3042:c3313]
2019-08-21 19:24:25,933 [grpc-default-executor-5] INFO  client.GrpcClientProtocolClient (GrpcClientProtocolClient.java:onNext(255)) - client-DA9582518C67->1df8bd03-73ef-4b9c-8622-5dc9d0e29c31: receive RaftClientReply:client-DA9582518C67->1df8bd03-73ef-4b9c-8622-5dc9d0e29c31@group-F45402591F47, cid=2280, SUCCESS, logIndex=3317, commits[1df8bd03-73ef-4b9c-8622-5dc9d0e29c31:c3318, 12aca755-ada5-42df-801b-c61f99d8e8b8:c3314, a308b8bf-0324-43a1-a87f-1e10a96e3042:c3313]
2019-08-21 19:24:25,974 | INFO  | SCMAudit | user=jenkins1000 | ip=192.168.69.88 | op=SEND_HEARTBEAT {datanodeUUID=12aca755-ada5-42df-801b-c61f99d8e8b8, command=[]} | ret=SUCCESS |  
2019-08-21 19:24:25,974 | INFO  | SCMAudit | user=jenkins1000 | ip=192.168.69.88 | op=SEND_HEARTBEAT {datanodeUUID=a308b8bf-0324-43a1-a87f-1e10a96e3042, command=[]} | ret=SUCCESS |  
2019-08-21 19:24:25,974 | INFO  | SCMAudit | user=jenkins1000 | ip=192.168.69.88 | op=SEND_HEARTBEAT {datanodeUUID=1df8bd03-73ef-4b9c-8622-5dc9d0e29c31, command=[]} | ret=SUCCESS |  
2019-08-21 19:24:26,688 | INFO  | SCMAudit | user=jenkins1000 | ip=192.168.69.88 | op=SEND_HEARTBEAT {datanodeUUID=cfaf9666-ca64-459e-bd34-ff7c349f752a, command=[]} | ret=SUCCESS |  
2019-08-21 19:24:26,712 | INFO  | SCMAudit | user=jenkins1000 | ip=192.168.69.88 | op=SEND_HEARTBEAT {datanodeUUID=c4b21f74-9dba-4f39-a92d-300bdd5c7775, command=[]} | ret=SUCCESS |  
 0.00% |█                                                                                                    |  0/1 Time: 0:00:312019-08-21 19:24:26,974 | INFO  | SCMAudit | user=jenkins1000 | ip=192.168.69.88 | op=SEND_HEARTBEAT {datanodeUUID=1df8bd03-73ef-4b9c-8622-5dc9d0e29c31, command=[]} | ret=SUCCESS |  
2019-08-21 19:24:26,974 | INFO  | SCMAudit | user=jenkins1000 | ip=192.168.69.88 | op=SEND_HEARTBEAT {datanodeUUID=12aca755-ada5-42df-801b-c61f99d8e8b8, command=[]} | ret=SUCCESS |  
2019-08-21 19:24:26,974 | INFO  | SCMAudit | user=jenkins1000 | ip=192.168.69.88 | op=SEND_HEARTBEAT {datanodeUUID=a308b8bf-0324-43a1-a87f-1e10a96e3042, command=[]} | ret=SUCCESS |  
2019-08-21 19:24:27,689 | INFO  | SCMAudit | user=jenkins1000 | ip=192.168.69.88 | op=SEND_HEARTBEAT {datanodeUUID=cfaf9666-ca64-459e-bd34-ff7c349f752a, command=[]} | ret=SUCCESS |  
2019-08-21 19:24:27,712 | INFO  | SCMAudit | user=jenkins1000 | ip=192.168.69.88 | op=SEND_HEARTBEAT {datanodeUUID=c4b21f74-9dba-4f39-a92d-300bdd5c7775, command=[]} | ret=SUCCESS |  
 0.00% |█                                                                                                    |  0/1 Time: 0:00:322019-08-21 19:24:27,974 | INFO  | SCMAudit | user=jenkins1000 | ip=192.168.69.88 | op=SEND_HEARTBEAT {datanodeUUID=12aca755-ada5-42df-801b-c61f99d8e8b8, command=[]} | ret=SUCCESS |  
2019-08-21 19:24:27,974 | INFO  | SCMAudit | user=jenkins1000 | ip=192.168.69.88 | op=SEND_HEARTBEAT {datanodeUUID=a308b8bf-0324-43a1-a87f-1e10a96e3042, command=[]} | ret=SUCCESS |  
2019-08-21 19:24:27,974 | INFO  | SCMAudit | user=jenkins1000 | ip=192.168.69.88 | op=SEND_HEARTBEAT {datanodeUUID=1df8bd03-73ef-4b9c-8622-5dc9d0e29c31, command=[]} | ret=SUCCESS |  
2019-08-21 19:24:28,434 | INFO  | DNAudit | user=null | ip=null | op=WRITE_CHUNK {blockData=conID: 3 locID: 102656603973616187 bcsId: 0} | ret=SUCCESS |  
2019-08-21 19:24:28,434 | INFO  | DNAudit | user=null | ip=null | op=PUT_BLOCK {blockData=[blockId=conID: 3 locID: 102656603973616187 bcsId: 0,size=1048576]} | ret=SUCCESS |  
2019-08-21 19:24:28,434 | INFO  | DNAudit | user=null | ip=null | op=PUT_BLOCK {blockData=[blockId=conID: 3 locID: 102656603973616187 bcsId: 0,size=1048576]} | ret=SUCCESS |  
2019-08-21 19:24:28,435 | INFO  | DNAudit | user=null | ip=null | op=WRITE_CHUNK {blockData=conID: 3 locID: 102656603973616187 bcsId: 0} | ret=SUCCESS |  
2019-08-21 19:24:28,435 | INFO  | DNAudit | user=null | ip=null | op=WRITE_CHUNK {blockData=conID: 3 locID: 102656603973616187 bcsId: 0} | ret=SUCCESS |  
2019-08-21 19:24:28,435 | INFO  | DNAudit | user=null | ip=null | op=PUT_BLOCK {blockData=[blockId=conID: 3 locID: 102656603973616187 bcsId: 0,size=2097152]} | ret=SUCCESS |  
2019-08-21 19:24:28,435 | INFO  | DNAudit | user=null | ip=null | op=PUT_BLOCK {blockData=[blockId=conID: 3 locID: 102656603973616187 bcsId: 0,size=2097152]} | ret=SUCCESS |  
2019-08-21 19:24:28,689 | INFO  | SCMAudit | user=jenkins1000 | ip=192.168.69.88 | op=SEND_HEARTBEAT {datanodeUUID=cfaf9666-ca64-459e-bd34-ff7c349f752a, command=[]} | ret=SUCCESS |  
2019-08-21 19:24:28,713 | INFO  | SCMAudit | user=jenkins1000 | ip=192.168.69.88 | op=SEND_HEARTBEAT {datanodeUUID=c4b21f74-9dba-4f39-a92d-300bdd5c7775, command=[]} | ret=SUCCESS |  
 0.00% |█                                                                                                    |  0/1 Time: 0:00:332019-08-21 19:24:28,931 [java.util.concurrent.ThreadPoolExecutor$Worker@4269570e[State = -1, empty queue]] WARN  server.GrpcLogAppender (GrpcLogAppender.java:timeoutAppendRequest(200)) - GrpcLogAppender(1df8bd03-73ef-4b9c-8622-5dc9d0e29c31->a308b8bf-0324-43a1-a87f-1e10a96e3042): appendEntries Timeout, request=1df8bd03-73ef-4b9c-8622-5dc9d0e29c31->a308b8bf-0324-43a1-a87f-1e10a96e3042#3326-t3, previous=(t:3, i:3317), leaderCommit=3315, initializing? false, entries: size=1, first=(t:3, i:3318), METADATAENTRY(c3314)
2019-08-21 19:24:28,931 [java.util.concurrent.ThreadPoolExecutor$Worker@71305881[State = -1, empty queue]] WARN  server.GrpcLogAppender (GrpcLogAppender.java:timeoutAppendRequest(200)) - GrpcLogAppender(1df8bd03-73ef-4b9c-8622-5dc9d0e29c31->12aca755-ada5-42df-801b-c61f99d8e8b8): appendEntries Timeout, request=1df8bd03-73ef-4b9c-8622-5dc9d0e29c31->12aca755-ada5-42df-801b-c61f99d8e8b8#3327-t3, previous=(t:3, i:3318), leaderCommit=3315, initializing? false, entries: size=1, first=(t:3, i:3319), METADATAENTRY(c3315)
2019-08-21 19:24:28,932 [java.util.concurrent.ThreadPoolExecutor$Worker@4269570e[State = -1, empty queue]] WARN  server.GrpcLogAppender (GrpcLogAppender.java:timeoutAppendRequest(200)) - GrpcLogAppender(1df8bd03-73ef-4b9c-8622-5dc9d0e29c31->a308b8bf-0324-43a1-a87f-1e10a96e3042): appendEntries Timeout, request=1df8bd03-73ef-4b9c-8622-5dc9d0e29c31->a308b8bf-0324-43a1-a87f-1e10a96e3042#3327-t3, previous=(t:3, i:3318), leaderCommit=3315, initializing? false, entries: size=1, first=(t:3, i:3319), METADATAENTRY(c3315)
2019-08-21 19:24:28,932 [java.util.concurrent.ThreadPoolExecutor$Worker@71305881[State = -1, empty queue]] WARN  server.GrpcLogAppender (GrpcLogAppender.java:timeoutAppendRequest(200)) - GrpcLogAppender(1df8bd03-73ef-4b9c-8622-5dc9d0e29c31->12aca755-ada5-42df-801b-c61f99d8e8b8): appendEntries Timeout, request=1df8bd03-73ef-4b9c-8622-5dc9d0e29c31->12aca755-ada5-42df-801b-c61f99d8e8b8#3328-t3, previous=(t:3, i:3319), leaderCommit=3316, initializing? false, entries: size=1, first=(t:3, i:3320), METADATAENTRY(c3316)
2019-08-21 19:24:28,932 [java.util.concurrent.ThreadPoolExecutor$Worker@4269570e[State = -1, empty queue]] WARN  server.GrpcLogAppender (GrpcLogAppender.java:timeoutAppendRequest(200)) - GrpcLogAppender(1df8bd03-73ef-4b9c-8622-5dc9d0e29c31->a308b8bf-0324-43a1-a87f-1e10a96e3042): appendEntries Timeout, request=1df8bd03-73ef-4b9c-8622-5dc9d0e29c31->a308b8bf-0324-43a1-a87f-1e10a96e3042#3328-t3, previous=(t:3, i:3319), leaderCommit=3316, initializing? false, entries: size=1, first=(t:3, i:3320), METADATAENTRY(c3316)
2019-08-21 19:24:28,932 [java.util.concurrent.ThreadPoolExecutor$Worker@71305881[State = -1, empty queue]] WARN  server.GrpcLogAppender (GrpcLogAppender.java:timeoutAppendRequest(200)) - GrpcLogAppender(1df8bd03-73ef-4b9c-8622-5dc9d0e29c31->12aca755-ada5-42df-801b-c61f99d8e8b8): appendEntries Timeout, request=1df8bd03-73ef-4b9c-8622-5dc9d0e29c31->12aca755-ada5-42df-801b-c61f99d8e8b8#3329-t3, previous=(t:3, i:3320), leaderCommit=3317, initializing? false, entries: size=1, first=(t:3, i:3321), METADATAENTRY(c3317)
2019-08-21 19:24:28,933 [java.util.concurrent.ThreadPoolExecutor$Worker@4269570e[State = -1, empty queue]] WARN  server.GrpcLogAppender (GrpcLogAppender.java:timeoutAppendRequest(200)) - GrpcLogAppender(1df8bd03-73ef-4b9c-8622-5dc9d0e29c31->a308b8bf-0324-43a1-a87f-1e10a96e3042): appendEntries Timeout, request=1df8bd03-73ef-4b9c-8622-5dc9d0e29c31->a308b8bf-0324-43a1-a87f-1e10a96e3042#3329-t3, previous=(t:3, i:3320), leaderCommit=3317, initializing? false, entries: size=1, first=(t:3, i:3321), METADATAENTRY(c3317)
2019-08-21 19:24:28,974 | INFO  | SCMAudit | user=jenkins1000 | ip=192.168.69.88 | op=SEND_HEARTBEAT {datanodeUUID=a308b8bf-0324-43a1-a87f-1e10a96e3042, command=[]} | ret=SUCCESS |  
2019-08-21 19:24:28,974 | INFO  | SCMAudit | user=jenkins1000 | ip=192.168.69.88 | op=SEND_HEARTBEAT {datanodeUUID=12aca755-ada5-42df-801b-c61f99d8e8b8, command=[]} | ret=SUCCESS |  
2019-08-21 19:24:28,974 | INFO  | SCMAudit | user=jenkins1000 | ip=192.168.69.88 | op=SEND_HEARTBEAT {datanodeUUID=1df8bd03-73ef-4b9c-8622-5dc9d0e29c31, command=[]} | ret=SUCCESS |  
2019-08-21 19:24:29,690 | INFO  | SCMAudit | user=jenkins1000 | ip=192.168.69.88 | op=SEND_HEARTBEAT {datanodeUUID=cfaf9666-ca64-459e-bd34-ff7c349f752a, command=[]} | ret=SUCCESS |  
2019-08-21 19:24:29,713 | INFO  | SCMAudit | user=jenkins1000 | ip=192.168.69.88 | op=SEND_HEARTBEAT {datanodeUUID=c4b21f74-9dba-4f39-a92d-300bdd5c7775, command=[]} | ret=SUCCESS |  
 0.00% |█                                                                                                    |  0/1 Time: 0:00:342019-08-21 19:24:29,974 | INFO  | SCMAudit | user=jenkins1000 | ip=192.168.69.88 | op=SEND_HEARTBEAT {datanodeUUID=1df8bd03-73ef-4b9c-8622-5dc9d0e29c31, command=[]} | ret=SUCCESS |  
2019-08-21 19:24:29,974 | INFO  | SCMAudit | user=jenkins1000 | ip=192.168.69.88 | op=SEND_HEARTBEAT {datanodeUUID=a308b8bf-0324-43a1-a87f-1e10a96e3042, command=[]} | ret=SUCCESS |  
2019-08-21 19:24:29,974 | INFO  | SCMAudit | user=jenkins1000 | ip=192.168.69.88 | op=SEND_HEARTBEAT {datanodeUUID=12aca755-ada5-42df-801b-c61f99d8e8b8, command=[]} | ret=SUCCESS |  
2019-08-21 19:24:30,689 | INFO  | SCMAudit | user=jenkins1000 | ip=192.168.69.88 | op=SEND_HEARTBEAT {datanodeUUID=cfaf9666-ca64-459e-bd34-ff7c349f752a, command=[]} | ret=SUCCESS |  
2019-08-21 19:24:30,713 | INFO  | SCMAudit | user=jenkins1000 | ip=192.168.69.88 | op=SEND_HEARTBEAT {datanodeUUID=c4b21f74-9dba-4f39-a92d-300bdd5c7775, command=[]} | ret=SUCCESS |  
 0.00% |█                                                                                                    |  0/1 Time: 0:00:352019-08-21 19:24:30,935 [pool-282-thread-1] WARN  scm.XceiverClientRatis (XceiverClientRatis.java:watchForCommit(262)) - 3 way commit failed on pipeline Pipeline[ Id: 168cb341-7f7c-49e9-9f7e-f45402591f47, Nodes: 1df8bd03-73ef-4b9c-8622-5dc9d0e29c31{ip: 192.168.69.88, host: pr-hdds-1935-w6pq9-1452708900, networkLocation: /default-rack, certSerialId: null}a308b8bf-0324-43a1-a87f-1e10a96e3042{ip: 192.168.69.88, host: pr-hdds-1935-w6pq9-1452708900, networkLocation: /default-rack, certSerialId: null}12aca755-ada5-42df-801b-c61f99d8e8b8{ip: 192.168.69.88, host: pr-hdds-1935-w6pq9-1452708900, networkLocation: /default-rack, certSerialId: null}, Type:RATIS, Factor:THREE, State:OPEN]
java.util.concurrent.TimeoutException
	at java.util.concurrent.CompletableFuture.timedGet(CompletableFuture.java:1771)
	at java.util.concurrent.CompletableFuture.get(CompletableFuture.java:1915)
	at org.apache.hadoop.hdds.scm.XceiverClientRatis.watchForCommit(XceiverClientRatis.java:259)
	at org.apache.hadoop.hdds.scm.storage.CommitWatcher.watchForCommit(CommitWatcher.java:194)
	at org.apache.hadoop.hdds.scm.storage.CommitWatcher.watchOnFirstIndex(CommitWatcher.java:135)
	at org.apache.hadoop.hdds.scm.storage.BlockOutputStream.watchForCommit(BlockOutputStream.java:347)
	at org.apache.hadoop.hdds.scm.storage.BlockOutputStream.handleFullBuffer(BlockOutputStream.java:324)
	at org.apache.hadoop.hdds.scm.storage.BlockOutputStream.write(BlockOutputStream.java:251)
	at org.apache.hadoop.ozone.client.io.BlockOutputStreamEntry.write(BlockOutputStreamEntry.java:129)
	at org.apache.hadoop.ozone.client.io.KeyOutputStream.handleWrite(KeyOutputStream.java:211)
	at org.apache.hadoop.ozone.client.io.KeyOutputStream.write(KeyOutputStream.java:193)
	at org.apache.hadoop.ozone.client.io.OzoneOutputStream.write(OzoneOutputStream.java:49)
	at org.apache.hadoop.ozone.freon.RandomKeyGenerator.createKey(RandomKeyGenerator.java:699)
	at org.apache.hadoop.ozone.freon.RandomKeyGenerator.access$1100(RandomKeyGenerator.java:87)
	at org.apache.hadoop.ozone.freon.RandomKeyGenerator$ObjectCreator.run(RandomKeyGenerator.java:606)
	at java.util.concurrent.Executors$RunnableAdapter.call(Executors.java:511)
	at java.util.concurrent.FutureTask.run(FutureTask.java:266)
	at java.util.concurrent.ThreadPoolExecutor.runWorker(ThreadPoolExecutor.java:1149)
	at java.util.concurrent.ThreadPoolExecutor$Worker.run(ThreadPoolExecutor.java:624)
	at java.lang.Thread.run(Thread.java:748)
2019-08-21 19:24:30,975 | INFO  | SCMAudit | user=jenkins1000 | ip=192.168.69.88 | op=SEND_HEARTBEAT {datanodeUUID=a308b8bf-0324-43a1-a87f-1e10a96e3042, command=[]} | ret=SUCCESS |  
2019-08-21 19:24:30,975 | INFO  | SCMAudit | user=jenkins1000 | ip=192.168.69.88 | op=SEND_HEARTBEAT {datanodeUUID=1df8bd03-73ef-4b9c-8622-5dc9d0e29c31, command=[]} | ret=SUCCESS |  
2019-08-21 19:24:30,975 | INFO  | SCMAudit | user=jenkins1000 | ip=192.168.69.88 | op=SEND_HEARTBEAT {datanodeUUID=12aca755-ada5-42df-801b-c61f99d8e8b8, command=[]} | ret=SUCCESS |  
2019-08-21 19:24:31,433 [java.util.concurrent.ThreadPoolExecutor$Worker@71305881[State = -1, empty queue]] WARN  server.GrpcLogAppender (GrpcLogAppender.java:timeoutAppendRequest(200)) - GrpcLogAppender(1df8bd03-73ef-4b9c-8622-5dc9d0e29c31->12aca755-ada5-42df-801b-c61f99d8e8b8): appendEntries Timeout, request=1df8bd03-73ef-4b9c-8622-5dc9d0e29c31->12aca755-ada5-42df-801b-c61f99d8e8b8#3330-t3, previous=(t:3, i:3321), leaderCommit=3318, initializing? false, entries: <empty>
2019-08-21 19:24:31,433 [java.util.concurrent.ThreadPoolExecutor$Worker@4269570e[State = -1, empty queue]] WARN  server.GrpcLogAppender (GrpcLogAppender.java:timeoutAppendRequest(200)) - GrpcLogAppender(1df8bd03-73ef-4b9c-8622-5dc9d0e29c31->a308b8bf-0324-43a1-a87f-1e10a96e3042): appendEntries Timeout, request=1df8bd03-73ef-4b9c-8622-5dc9d0e29c31->a308b8bf-0324-43a1-a87f-1e10a96e3042#3330-t3, previous=(t:3, i:3321), leaderCommit=3318, initializing? false, entries: <empty>
2019-08-21 19:24:31,564 [grpc-default-executor-2] WARN  server.GrpcLogAppender (GrpcLogAppender.java:onNextImpl(250)) - org.apache.ratis.grpc.server.GrpcLogAppender$AppendLogResponseHandler@1a1e5f83: Request not found, ignoring reply: 1df8bd03-73ef-4b9c-8622-5dc9d0e29c31<-12aca755-ada5-42df-801b-c61f99d8e8b8#3327:OK,SUCCESS,nextIndex:3320,term:3,followerCommit:3318
2019-08-21 19:24:31,565 [grpc-default-executor-5] WARN  server.GrpcLogAppender (GrpcLogAppender.java:onNextImpl(250)) - org.apache.ratis.grpc.server.GrpcLogAppender$AppendLogResponseHandler@7f56a58b: Request not found, ignoring reply: 1df8bd03-73ef-4b9c-8622-5dc9d0e29c31<-a308b8bf-0324-43a1-a87f-1e10a96e3042#3326:OK,SUCCESS,nextIndex:3319,term:3,followerCommit:3317
2019-08-21 19:24:31,565 [grpc-default-executor-2] WARN  server.GrpcLogAppender (GrpcLogAppender.java:onNextImpl(250)) - org.apache.ratis.grpc.server.GrpcLogAppender$AppendLogResponseHandler@1a1e5f83: Request not found, ignoring reply: 1df8bd03-73ef-4b9c-8622-5dc9d0e29c31<-12aca755-ada5-42df-801b-c61f99d8e8b8#3328:OK,SUCCESS,nextIndex:3321,term:3,followerCommit:3318
2019-08-21 19:24:31,565 [grpc-default-executor-5] WARN  server.GrpcLogAppender (GrpcLogAppender.java:onNextImpl(250)) - org.apache.ratis.grpc.server.GrpcLogAppender$AppendLogResponseHandler@7f56a58b: Request not found, ignoring reply: 1df8bd03-73ef-4b9c-8622-5dc9d0e29c31<-a308b8bf-0324-43a1-a87f-1e10a96e3042#3327:OK,SUCCESS,nextIndex:3320,term:3,followerCommit:3317
2019-08-21 19:24:31,565 [grpc-default-executor-2] WARN  server.GrpcLogAppender (GrpcLogAppender.java:onNextImpl(250)) - org.apache.ratis.grpc.server.GrpcLogAppender$AppendLogResponseHandler@1a1e5f83: Request not found, ignoring reply: 1df8bd03-73ef-4b9c-8622-5dc9d0e29c31<-12aca755-ada5-42df-801b-c61f99d8e8b8#3329:OK,SUCCESS,nextIndex:3322,term:3,followerCommit:3318
2019-08-21 19:24:31,565 [grpc-default-executor-5] WARN  server.GrpcLogAppender (GrpcLogAppender.java:onNextImpl(250)) - org.apache.ratis.grpc.server.GrpcLogAppender$AppendLogResponseHandler@7f56a58b: Request not found, ignoring reply: 1df8bd03-73ef-4b9c-8622-5dc9d0e29c31<-a308b8bf-0324-43a1-a87f-1e10a96e3042#3328:OK,SUCCESS,nextIndex:3321,term:3,followerCommit:3317
2019-08-21 19:24:31,566 [grpc-default-executor-2] WARN  server.GrpcLogAppender (GrpcLogAppender.java:onNextImpl(250)) - org.apache.ratis.grpc.server.GrpcLogAppender$AppendLogResponseHandler@1a1e5f83: Request not found, ignoring reply: 1df8bd03-73ef-4b9c-8622-5dc9d0e29c31<-12aca755-ada5-42df-801b-c61f99d8e8b8#3330:OK,SUCCESS,nextIndex:3322,term:3,followerCommit:3318
2019-08-21 19:24:31,566 [grpc-default-executor-5] WARN  server.GrpcLogAppender (GrpcLogAppender.java:onNextImpl(250)) - org.apache.ratis.grpc.server.GrpcLogAppender$AppendLogResponseHandler@7f56a58b: Request not found, ignoring reply: 1df8bd03-73ef-4b9c-8622-5dc9d0e29c31<-a308b8bf-0324-43a1-a87f-1e10a96e3042#3329:OK,SUCCESS,nextIndex:3322,term:3,followerCommit:3317
2019-08-21 19:24:31,566 [grpc-default-executor-5] WARN  server.GrpcLogAppender (GrpcLogAppender.java:onNextImpl(250)) - org.apache.ratis.grpc.server.GrpcLogAppender$AppendLogResponseHandler@7f56a58b: Request not found, ignoring reply: 1df8bd03-73ef-4b9c-8622-5dc9d0e29c31<-a308b8bf-0324-43a1-a87f-1e10a96e3042#3330:OK,SUCCESS,nextIndex:3322,term:3,followerCommit:3317
2019-08-21 19:24:31,566 [grpc-default-executor-2] INFO  client.GrpcClientProtocolClient (GrpcClientProtocolClient.java:onNext(255)) - client-DA9582518C67->1df8bd03-73ef-4b9c-8622-5dc9d0e29c31: receive RaftClientReply:client-DA9582518C67->1df8bd03-73ef-4b9c-8622-5dc9d0e29c31@group-F45402591F47, cid=2282, SUCCESS, logIndex=0, commits[1df8bd03-73ef-4b9c-8622-5dc9d0e29c31:c3318, 12aca755-ada5-42df-801b-c61f99d8e8b8:c3318, a308b8bf-0324-43a1-a87f-1e10a96e3042:c3313]
2019-08-21 19:24:31,567 [grpc-default-executor-2] INFO  client.GrpcClientProtocolClient (GrpcClientProtocolClient.java:onNext(255)) - client-DA9582518C67->1df8bd03-73ef-4b9c-8622-5dc9d0e29c31: receive RaftClientReply:client-DA9582518C67->1df8bd03-73ef-4b9c-8622-5dc9d0e29c31@group-F45402591F47, cid=2281, SUCCESS, logIndex=0, commits[1df8bd03-73ef-4b9c-8622-5dc9d0e29c31:c3321, 12aca755-ada5-42df-801b-c61f99d8e8b8:c3318, a308b8bf-0324-43a1-a87f-1e10a96e3042:c3317]
2019-08-21 19:24:31,567 [grpc-default-executor-2] INFO  client.GrpcClientProtocolClient (GrpcClientProtocolClient.java:onNext(255)) - client-DA9582518C67->1df8bd03-73ef-4b9c-8622-5dc9d0e29c31: receive RaftClientReply:client-DA9582518C67->1df8bd03-73ef-4b9c-8622-5dc9d0e29c31@group-F45402591F47, cid=2281, SUCCESS, logIndex=0, commits[1df8bd03-73ef-4b9c-8622-5dc9d0e29c31:c3321, 12aca755-ada5-42df-801b-c61f99d8e8b8:c3318, a308b8bf-0324-43a1-a87f-1e10a96e3042:c3317]
2019-08-21 19:24:31,569 [pool-282-thread-1] INFO  scm.XceiverClientRatis (XceiverClientRatis.java:lambda$watchForCommit$7(280)) - Could not commit index 3315 on pipeline Pipeline[ Id: 168cb341-7f7c-49e9-9f7e-f45402591f47, Nodes: 1df8bd03-73ef-4b9c-8622-5dc9d0e29c31{ip: 192.168.69.88, host: pr-hdds-1935-w6pq9-1452708900, networkLocation: /default-rack, certSerialId: null}a308b8bf-0324-43a1-a87f-1e10a96e3042{ip: 192.168.69.88, host: pr-hdds-1935-w6pq9-1452708900, networkLocation: /default-rack, certSerialId: null}12aca755-ada5-42df-801b-c61f99d8e8b8{ip: 192.168.69.88, host: pr-hdds-1935-w6pq9-1452708900, networkLocation: /default-rack, certSerialId: null}, Type:RATIS, Factor:THREE, State:OPEN] to all the nodes. Server a308b8bf-0324-43a1-a87f-1e10a96e3042 has failed. Committed by majority.
2019-08-21 19:24:31,570 [pool-282-thread-1] WARN  storage.BlockOutputStream (BlockOutputStream.java:watchForCommit(353)) - Failed to commit BlockId conID: 3 locID: 102656603973616187 bcsId: 3317 on Pipeline[ Id: 168cb341-7f7c-49e9-9f7e-f45402591f47, Nodes: 1df8bd03-73ef-4b9c-8622-5dc9d0e29c31{ip: 192.168.69.88, host: pr-hdds-1935-w6pq9-1452708900, networkLocation: /default-rack, certSerialId: null}a308b8bf-0324-43a1-a87f-1e10a96e3042{ip: 192.168.69.88, host: pr-hdds-1935-w6pq9-1452708900, networkLocation: /default-rack, certSerialId: null}12aca755-ada5-42df-801b-c61f99d8e8b8{ip: 192.168.69.88, host: pr-hdds-1935-w6pq9-1452708900, networkLocation: /default-rack, certSerialId: null}, Type:RATIS, Factor:THREE, State:OPEN]. Failed nodes: [a308b8bf-0324-43a1-a87f-1e10a96e3042{ip: null, host: null, networkLocation: /default-rack, certSerialId: null}]
2019-08-21 19:24:31,648 | INFO  | DNAudit | user=null | ip=null | op=WRITE_CHUNK {blockData=conID: 3 locID: 102656603973616187 bcsId: 3317} | ret=SUCCESS |  
2019-08-21 19:24:31,649 | INFO  | DNAudit | user=null | ip=null | op=WRITE_CHUNK {blockData=conID: 3 locID: 102656603973616187 bcsId: 3317} | ret=SUCCESS |  
2019-08-21 19:24:31,649 | INFO  | DNAudit | user=null | ip=null | op=WRITE_CHUNK {blockData=conID: 3 locID: 102656603973616187 bcsId: 3317} | ret=SUCCESS |  
2019-08-21 19:24:31,654 | INFO  | DNAudit | user=null | ip=null | op=WRITE_CHUNK {blockData=conID: 3 locID: 102656603973616187 bcsId: 3317} | ret=SUCCESS |  
2019-08-21 19:24:31,655 [grpc-default-executor-5] INFO  client.GrpcClientProtocolClient (GrpcClientProtocolClient.java:onNext(255)) - client-DA9582518C67->1df8bd03-73ef-4b9c-8622-5dc9d0e29c31: receive RaftClientReply:client-DA9582518C67->1df8bd03-73ef-4b9c-8622-5dc9d0e29c31@group-F45402591F47, cid=2283, SUCCESS, logIndex=3322, commits[1df8bd03-73ef-4b9c-8622-5dc9d0e29c31:c3323, 12aca755-ada5-42df-801b-c61f99d8e8b8:c3321, a308b8bf-0324-43a1-a87f-1e10a96e3042:c3317]
2019-08-21 19:24:31,689 | INFO  | SCMAudit | user=jenkins1000 | ip=192.168.69.88 | op=SEND_HEARTBEAT {datanodeUUID=cfaf9666-ca64-459e-bd34-ff7c349f752a, command=[]} | ret=SUCCESS |  
2019-08-21 19:24:31,713 | INFO  | SCMAudit | user=jenkins1000 | ip=192.168.69.88 | op=SEND_HEARTBEAT {datanodeUUID=c4b21f74-9dba-4f39-a92d-300bdd5c7775, command=[]} | ret=SUCCESS |  
 0.00% |█                                                                                                    |  0/1 Time: 0:00:362019-08-21 19:24:31,975 | INFO  | SCMAudit | user=jenkins1000 | ip=192.168.69.88 | op=SEND_HEARTBEAT {datanodeUUID=a308b8bf-0324-43a1-a87f-1e10a96e3042, command=[]} | ret=SUCCESS |  
2019-08-21 19:24:31,975 | INFO  | SCMAudit | user=jenkins1000 | ip=192.168.69.88 | op=SEND_HEARTBEAT {datanodeUUID=1df8bd03-73ef-4b9c-8622-5dc9d0e29c31, command=[]} | ret=SUCCESS |  
2019-08-21 19:24:31,975 | INFO  | SCMAudit | user=jenkins1000 | ip=192.168.69.88 | op=SEND_HEARTBEAT {datanodeUUID=12aca755-ada5-42df-801b-c61f99d8e8b8, command=[]} | ret=SUCCESS |  
2019-08-21 19:24:32,184 | INFO  | DNAudit | user=null | ip=null | op=WRITE_CHUNK {blockData=conID: 3 locID: 102656603973616187 bcsId: 3317} | ret=SUCCESS |  
2019-08-21 19:24:32,184 | INFO  | DNAudit | user=null | ip=null | op=PUT_BLOCK {blockData=[blockId=conID: 3 locID: 102656603973616187 bcsId: 0,size=3145728]} | ret=SUCCESS |  
2019-08-21 19:24:32,185 | INFO  | DNAudit | user=null | ip=null | op=PUT_BLOCK {blockData=[blockId=conID: 3 locID: 102656603973616187 bcsId: 0,size=3145728]} | ret=SUCCESS |  
2019-08-21 19:24:32,185 [grpc-default-executor-5] INFO  client.GrpcClientProtocolClient (GrpcClientProtocolClient.java:onNext(255)) - client-DA9582518C67->1df8bd03-73ef-4b9c-8622-5dc9d0e29c31: receive RaftClientReply:client-DA9582518C67->1df8bd03-73ef-4b9c-8622-5dc9d0e29c31@group-F45402591F47, cid=2284, SUCCESS, logIndex=3323, commits[1df8bd03-73ef-4b9c-8622-5dc9d0e29c31:c3324, 12aca755-ada5-42df-801b-c61f99d8e8b8:c3323, a308b8bf-0324-43a1-a87f-1e10a96e3042:c3323]
2019-08-21 19:24:32,192 | INFO  | DNAudit | user=null | ip=null | op=WRITE_CHUNK {blockData=conID: 3 locID: 102656603973616187 bcsId: 3323} | ret=SUCCESS |  
2019-08-21 19:24:32,195 | INFO  | DNAudit | user=null | ip=null | op=WRITE_CHUNK {blockData=conID: 3 locID: 102656603973616187 bcsId: 3323} | ret=SUCCESS |  
2019-08-21 19:24:32,205 | INFO  | DNAudit | user=null | ip=null | op=WRITE_CHUNK {blockData=conID: 3 locID: 102656603973616187 bcsId: 3323} | ret=SUCCESS |  
2019-08-21 19:24:32,206 | INFO  | DNAudit | user=null | ip=null | op=PUT_BLOCK {blockData=[blockId=conID: 3 locID: 102656603973616187 bcsId: 0,size=4194304]} | ret=SUCCESS |  
2019-08-21 19:24:32,206 [grpc-default-executor-5] INFO  client.GrpcClientProtocolClient (GrpcClientProtocolClient.java:onNext(255)) - client-DA9582518C67->1df8bd03-73ef-4b9c-8622-5dc9d0e29c31: receive RaftClientReply:client-DA9582518C67->1df8bd03-73ef-4b9c-8622-5dc9d0e29c31@group-F45402591F47, cid=2285, SUCCESS, logIndex=3325, commits[1df8bd03-73ef-4b9c-8622-5dc9d0e29c31:c3326, 12aca755-ada5-42df-801b-c61f99d8e8b8:c3324, a308b8bf-0324-43a1-a87f-1e10a96e3042:c3323]
2019-08-21 19:24:32,206 [grpc-default-executor-5] INFO  client.GrpcClientProtocolClient (GrpcClientProtocolClient.java:onNext(255)) - client-DA9582518C67->1df8bd03-73ef-4b9c-8622-5dc9d0e29c31: receive RaftClientReply:client-DA9582518C67->1df8bd03-73ef-4b9c-8622-5dc9d0e29c31@group-F45402591F47, cid=2286, SUCCESS, logIndex=3326, commits[1df8bd03-73ef-4b9c-8622-5dc9d0e29c31:c3326, 12aca755-ada5-42df-801b-c61f99d8e8b8:c3324, a308b8bf-0324-43a1-a87f-1e10a96e3042:c3323]
2019-08-21 19:24:32,216 | INFO  | DNAudit | user=null | ip=null | op=WRITE_CHUNK {blockData=conID: 3 locID: 102656603973616187 bcsId: 3323} | ret=SUCCESS |  
2019-08-21 19:24:32,217 | INFO  | DNAudit | user=null | ip=null | op=PUT_BLOCK {blockData=[blockId=conID: 3 locID: 102656603973616187 bcsId: 0,size=4194304]} | ret=SUCCESS |  
2019-08-21 19:24:32,509 | INFO  | DNAudit | user=null | ip=null | op=WRITE_CHUNK {blockData=conID: 3 locID: 102656603973616187 bcsId: 3317} | ret=SUCCESS |  
2019-08-21 19:24:32,510 | INFO  | DNAudit | user=null | ip=null | op=PUT_BLOCK {blockData=[blockId=conID: 3 locID: 102656603973616187 bcsId: 0,size=3145728]} | ret=SUCCESS |  
2019-08-21 19:24:32,511 | INFO  | DNAudit | user=null | ip=null | op=WRITE_CHUNK {blockData=conID: 3 locID: 102656603973616187 bcsId: 3323} | ret=SUCCESS |  
2019-08-21 19:24:32,519 | INFO  | DNAudit | user=null | ip=null | op=WRITE_CHUNK {blockData=conID: 3 locID: 102656603973616187 bcsId: 3323} | ret=SUCCESS |  
2019-08-21 19:24:32,519 | INFO  | DNAudit | user=null | ip=null | op=PUT_BLOCK {blockData=[blockId=conID: 3 locID: 102656603973616187 bcsId: 0,size=4194304]} | ret=SUCCESS |  
2019-08-21 19:24:32,519 [grpc-default-executor-5] INFO  client.GrpcClientProtocolClient (GrpcClientProtocolClient.java:onNext(255)) - client-DA9582518C67->1df8bd03-73ef-4b9c-8622-5dc9d0e29c31: receive RaftClientReply:client-DA9582518C67->1df8bd03-73ef-4b9c-8622-5dc9d0e29c31@group-F45402591F47, cid=2287, SUCCESS, logIndex=0, commits[1df8bd03-73ef-4b9c-8622-5dc9d0e29c31:c3328, 12aca755-ada5-42df-801b-c61f99d8e8b8:c3326, a308b8bf-0324-43a1-a87f-1e10a96e3042:c3326]
2019-08-21 19:24:32,531 [IPC Server handler 18 on 39376] WARN  block.BlockManagerImpl (BlockManagerImpl.java:allocateBlock(192)) - Pipeline creation failed for type:RATIS factor:THREE. Retrying get pipelines call once.
org.apache.hadoop.hdds.scm.pipeline.InsufficientDatanodesException: Cannot create pipeline of factor 3 using 2 nodes.
	at org.apache.hadoop.hdds.scm.pipeline.RatisPipelineProvider.create(RatisPipelineProvider.java:151)
	at org.apache.hadoop.hdds.scm.pipeline.PipelineFactory.create(PipelineFactory.java:57)
	at org.apache.hadoop.hdds.scm.pipeline.SCMPipelineManager.createPipeline(SCMPipelineManager.java:149)
	at org.apache.hadoop.hdds.scm.block.BlockManagerImpl.allocateBlock(BlockManagerImpl.java:190)
	at org.apache.hadoop.hdds.scm.server.SCMBlockProtocolServer.allocateBlock(SCMBlockProtocolServer.java:182)
	at org.apache.hadoop.ozone.protocolPB.ScmBlockLocationProtocolServerSideTranslatorPB.allocateScmBlock(ScmBlockLocationProtocolServerSideTranslatorPB.java:183)
	at org.apache.hadoop.ozone.protocolPB.ScmBlockLocationProtocolServerSideTranslatorPB.processMessage(ScmBlockLocationProtocolServerSideTranslatorPB.java:141)
	at org.apache.hadoop.ozone.protocolPB.ScmBlockLocationProtocolServerSideTranslatorPB.send(ScmBlockLocationProtocolServerSideTranslatorPB.java:116)
	at org.apache.hadoop.hdds.protocol.proto.ScmBlockLocationProtocolProtos$ScmBlockLocationProtocolService$2.callBlockingMethod(ScmBlockLocationProtocolProtos.java:13157)
	at org.apache.hadoop.ipc.ProtobufRpcEngine$Server$ProtoBufRpcInvoker.call(ProtobufRpcEngine.java:524)
	at org.apache.hadoop.ipc.RPC$Server.call(RPC.java:1025)
	at org.apache.hadoop.ipc.Server$RpcCall.run(Server.java:876)
	at org.apache.hadoop.ipc.Server$RpcCall.run(Server.java:822)
	at java.security.AccessController.doPrivileged(Native Method)
	at javax.security.auth.Subject.doAs(Subject.java:422)
	at org.apache.hadoop.security.UserGroupInformation.doAs(UserGroupInformation.java:1730)
	at org.apache.hadoop.ipc.Server$Handler.run(Server.java:2682)
2019-08-21 19:24:32,532 [IPC Server handler 18 on 39376] INFO  block.BlockManagerImpl (BlockManagerImpl.java:allocateBlock(198)) - Could not find available pipeline of type:RATIS and factor:THREE even after retrying
2019-08-21 19:24:32,532 [IPC Server handler 18 on 39376] ERROR block.BlockManagerImpl (BlockManagerImpl.java:allocateBlock(222)) - Unable to allocate a block for the size: 4194304, type: RATIS, factor: THREE
2019-08-21 19:24:32,532 | INFO  | SCMAudit | user=jenkins1000 | ip=192.168.69.88 | op=ALLOCATE_BLOCK {owner=a4b1d482-4fe6-4e71-84a6-a95f4ce3f696, size=4194304, type=RATIS, factor=THREE} | ret=SUCCESS |  
2019-08-21 19:24:32,534 | ERROR | OMAudit | user=jenkins1000 | ip=127.0.0.1 | op=ALLOCATE_BLOCK {volume=vol-0-90666, bucket=bucket-0-29336, key=key-0-94354, dataSize=0, replicationType=null, replicationFactor=null, keyLocationInfo=null, clientID=102656601977389458} | ret=FAILURE | org.apache.hadoop.hdds.scm.exceptions.SCMException: Allocated 0 blocks. Requested 1 blocks
	at org.apache.hadoop.hdds.scm.protocolPB.ScmBlockLocationProtocolClientSideTranslatorPB.handleError(ScmBlockLocationProtocolClientSideTranslatorPB.java:118)
	at org.apache.hadoop.hdds.scm.protocolPB.ScmBlockLocationProtocolClientSideTranslatorPB.allocateBlock(ScmBlockLocationProtocolClientSideTranslatorPB.java:156) 
2019-08-21 19:24:32,539 [pool-282-thread-1] ERROR io.BlockOutputStreamEntryPool (BlockOutputStreamEntryPool.java:allocateBlockIfNeeded(299)) - Try to allocate more blocks for write failed, already allocated 0 blocks for this write.
INTERNAL_ERROR org.apache.hadoop.ozone.om.exceptions.OMException: Allocated 0 blocks. Requested 1 blocks
	at org.apache.hadoop.ozone.om.protocolPB.OzoneManagerProtocolClientSideTranslatorPB.handleError(OzoneManagerProtocolClientSideTranslatorPB.java:725)
	at org.apache.hadoop.ozone.om.protocolPB.OzoneManagerProtocolClientSideTranslatorPB.allocateBlock(OzoneManagerProtocolClientSideTranslatorPB.java:757)
	at org.apache.hadoop.ozone.client.io.BlockOutputStreamEntryPool.allocateNewBlock(BlockOutputStreamEntryPool.java:248)
	at org.apache.hadoop.ozone.client.io.BlockOutputStreamEntryPool.allocateBlockIfNeeded(BlockOutputStreamEntryPool.java:296)
	at org.apache.hadoop.ozone.client.io.KeyOutputStream.handleWrite(KeyOutputStream.java:201)
	at org.apache.hadoop.ozone.client.io.KeyOutputStream.write(KeyOutputStream.java:193)
	at org.apache.hadoop.ozone.client.io.OzoneOutputStream.write(OzoneOutputStream.java:49)
	at org.apache.hadoop.ozone.freon.RandomKeyGenerator.createKey(RandomKeyGenerator.java:699)
	at org.apache.hadoop.ozone.freon.RandomKeyGenerator.access$1100(RandomKeyGenerator.java:87)
	at org.apache.hadoop.ozone.freon.RandomKeyGenerator$ObjectCreator.run(RandomKeyGenerator.java:606)
	at java.util.concurrent.Executors$RunnableAdapter.call(Executors.java:511)
	at java.util.concurrent.FutureTask.run(FutureTask.java:266)
	at java.util.concurrent.ThreadPoolExecutor.runWorker(ThreadPoolExecutor.java:1149)
	at java.util.concurrent.ThreadPoolExecutor$Worker.run(ThreadPoolExecutor.java:624)
	at java.lang.Thread.run(Thread.java:748)
2019-08-21 19:24:32,539 [pool-282-thread-1] ERROR freon.RandomKeyGenerator (RandomKeyGenerator.java:createKey(724)) - Exception while adding key: key-0-94354 in bucket: bucket-0-29336 of volume: vol-0-90666.
INTERNAL_ERROR org.apache.hadoop.ozone.om.exceptions.OMException: Allocated 0 blocks. Requested 1 blocks
	at org.apache.hadoop.ozone.om.protocolPB.OzoneManagerProtocolClientSideTranslatorPB.handleError(OzoneManagerProtocolClientSideTranslatorPB.java:725)
	at org.apache.hadoop.ozone.om.protocolPB.OzoneManagerProtocolClientSideTranslatorPB.allocateBlock(OzoneManagerProtocolClientSideTranslatorPB.java:757)
	at org.apache.hadoop.ozone.client.io.BlockOutputStreamEntryPool.allocateNewBlock(BlockOutputStreamEntryPool.java:248)
	at org.apache.hadoop.ozone.client.io.BlockOutputStreamEntryPool.allocateBlockIfNeeded(BlockOutputStreamEntryPool.java:296)
	at org.apache.hadoop.ozone.client.io.KeyOutputStream.handleWrite(KeyOutputStream.java:201)
	at org.apache.hadoop.ozone.client.io.KeyOutputStream.write(KeyOutputStream.java:193)
	at org.apache.hadoop.ozone.client.io.OzoneOutputStream.write(OzoneOutputStream.java:49)
	at org.apache.hadoop.ozone.freon.RandomKeyGenerator.createKey(RandomKeyGenerator.java:699)
	at org.apache.hadoop.ozone.freon.RandomKeyGenerator.access$1100(RandomKeyGenerator.java:87)
	at org.apache.hadoop.ozone.freon.RandomKeyGenerator$ObjectCreator.run(RandomKeyGenerator.java:606)
	at java.util.concurrent.Executors$RunnableAdapter.call(Executors.java:511)
	at java.util.concurrent.FutureTask.run(FutureTask.java:266)
	at java.util.concurrent.ThreadPoolExecutor.runWorker(ThreadPoolExecutor.java:1149)
	at java.util.concurrent.ThreadPoolExecutor$Worker.run(ThreadPoolExecutor.java:624)
	at java.lang.Thread.run(Thread.java:748)
2019-08-21 19:24:32,690 | INFO  | SCMAudit | user=jenkins1000 | ip=192.168.69.88 | op=SEND_HEARTBEAT {datanodeUUID=cfaf9666-ca64-459e-bd34-ff7c349f752a, command=[]} | ret=SUCCESS |  
2019-08-21 19:24:32,713 | INFO  | SCMAudit | user=jenkins1000 | ip=192.168.69.88 | op=SEND_HEARTBEAT {datanodeUUID=c4b21f74-9dba-4f39-a92d-300bdd5c7775, command=[]} | ret=SUCCESS |  
 0.00% |█                                                                                                    |  0/1 Time: 0:00:372019-08-21 19:24:32,975 | INFO  | SCMAudit | user=jenkins1000 | ip=192.168.69.88 | op=SEND_HEARTBEAT {datanodeUUID=1df8bd03-73ef-4b9c-8622-5dc9d0e29c31, command=[]} | ret=SUCCESS |  
2019-08-21 19:24:32,975 | INFO  | SCMAudit | user=jenkins1000 | ip=192.168.69.88 | op=SEND_HEARTBEAT {datanodeUUID=12aca755-ada5-42df-801b-c61f99d8e8b8, command=[]} | ret=SUCCESS |  
2019-08-21 19:24:32,975 | INFO  | SCMAudit | user=jenkins1000 | ip=192.168.69.88 | op=SEND_HEARTBEAT {datanodeUUID=a308b8bf-0324-43a1-a87f-1e10a96e3042, command=[]} | ret=SUCCESS |  
2019-08-21 19:24:33,689 | INFO  | SCMAudit | user=jenkins1000 | ip=192.168.69.88 | op=SEND_HEARTBEAT {datanodeUUID=cfaf9666-ca64-459e-bd34-ff7c349f752a, command=[]} | ret=SUCCESS |  
2019-08-21 19:24:33,713 | INFO  | SCMAudit | user=jenkins1000 | ip=192.168.69.88 | op=SEND_HEARTBEAT {datanodeUUID=c4b21f74-9dba-4f39-a92d-300bdd5c7775, command=[]} | ret=SUCCESS |  
 0.00% |█                                                                                                    |  0/1 Time: 0:00:382019-08-21 19:24:33,975 | INFO  | SCMAudit | user=jenkins1000 | ip=192.168.69.88 | op=SEND_HEARTBEAT {datanodeUUID=1df8bd03-73ef-4b9c-8622-5dc9d0e29c31, command=[]} | ret=SUCCESS |  
2019-08-21 19:24:33,975 | INFO  | SCMAudit | user=jenkins1000 | ip=192.168.69.88 | op=SEND_HEARTBEAT {datanodeUUID=a308b8bf-0324-43a1-a87f-1e10a96e3042, command=[]} | ret=SUCCESS |  
2019-08-21 19:24:33,975 | INFO  | SCMAudit | user=jenkins1000 | ip=192.168.69.88 | op=SEND_HEARTBEAT {datanodeUUID=12aca755-ada5-42df-801b-c61f99d8e8b8, command=[]} | ret=SUCCESS |  
2019-08-21 19:24:34,689 | INFO  | SCMAudit | user=jenkins1000 | ip=192.168.69.88 | op=SEND_HEARTBEAT {datanodeUUID=cfaf9666-ca64-459e-bd34-ff7c349f752a, command=[]} | ret=SUCCESS |  
2019-08-21 19:24:34,715 | INFO  | SCMAudit | user=jenkins1000 | ip=192.168.69.88 | op=SEND_HEARTBEAT {datanodeUUID=c4b21f74-9dba-4f39-a92d-300bdd5c7775, command=[]} | ret=SUCCESS |  
 0.00% |█                                                                                                    |  0/1 Time: 0:00:392019-08-21 19:24:34,975 | INFO  | SCMAudit | user=jenkins1000 | ip=192.168.69.88 | op=SEND_HEARTBEAT {datanodeUUID=1df8bd03-73ef-4b9c-8622-5dc9d0e29c31, command=[]} | ret=SUCCESS |  
2019-08-21 19:24:34,975 | INFO  | SCMAudit | user=jenkins1000 | ip=192.168.69.88 | op=SEND_HEARTBEAT {datanodeUUID=a308b8bf-0324-43a1-a87f-1e10a96e3042, command=[]} | ret=SUCCESS |  
2019-08-21 19:24:34,975 | INFO  | SCMAudit | user=jenkins1000 | ip=192.168.69.88 | op=SEND_HEARTBEAT {datanodeUUID=12aca755-ada5-42df-801b-c61f99d8e8b8, command=[]} | ret=SUCCESS |  
2019-08-21 19:24:35,689 | INFO  | SCMAudit | user=jenkins1000 | ip=192.168.69.88 | op=SEND_HEARTBEAT {datanodeUUID=cfaf9666-ca64-459e-bd34-ff7c349f752a, command=[]} | ret=SUCCESS |  
2019-08-21 19:24:35,715 | INFO  | SCMAudit | user=jenkins1000 | ip=192.168.69.88 | op=SEND_HEARTBEAT {datanodeUUID=c4b21f74-9dba-4f39-a92d-300bdd5c7775, command=[]} | ret=SUCCESS |  
 100.00% |█████████████████████████████████████████████████████████████████████████████████████████████████████|  1/1 Time: 0:00:40
]]></system-out>
  </testcase>
  <testcase name="fileWithSizeZero" classname="org.apache.hadoop.ozone.freon.TestRandomKeyGenerator" time="5.05"/>
  <testcase name="multiThread" classname="org.apache.hadoop.ozone.freon.TestRandomKeyGenerator" time="5.016"/>
</testsuite>