<?xml version="1.0" encoding="UTF-8"?>
<testsuite xmlns:xsi="http://www.w3.org/2001/XMLSchema-instance" xsi:noNamespaceSchemaLocation="https://maven.apache.org/surefire/maven-surefire-plugin/xsd/surefire-test-report.xsd" name="org.apache.hadoop.hdds.scm.pipeline.TestRatisPipelineCreateAndDestory" time="70.398" tests="2" errors="1" skipped="0" failures="0">
  <properties>
    <property name="awt.toolkit" value="sun.awt.X11.XToolkit"/>
    <property name="file.encoding.pkg" value="sun.io"/>
    <property name="java.specification.version" value="1.8"/>
    <property name="sun.cpu.isalist" value=""/>
    <property name="sun.jnu.encoding" value="UTF-8"/>
    <property name="java.class.path" value="/workdir/hadoop-ozone/integration-test/target/test-classes:/workdir/hadoop-ozone/integration-test/target/classes:/home/user/.m2/repository/org/apache/hadoop/hadoop-ozone-common/0.5.0-SNAPSHOT/hadoop-ozone-common-0.5.0-SNAPSHOT.jar:/home/user/.m2/repository/org/apache/commons/commons-compress/1.4.1/commons-compress-1.4.1.jar:/home/user/.m2/repository/org/tukaani/xz/1.0/xz-1.0.jar:/home/user/.m2/repository/org/apache/hadoop/hadoop-common/3.2.0/hadoop-common-3.2.0.jar:/home/user/.m2/repository/org/apache/hadoop/hadoop-hdfs/3.2.0/hadoop-hdfs-3.2.0.jar:/home/user/.m2/repository/org/apache/hadoop/hadoop-hdfs-client/3.2.0/hadoop-hdfs-client-3.2.0.jar:/home/user/.m2/repository/com/fasterxml/jackson/core/jackson-annotations/2.9.5/jackson-annotations-2.9.5.jar:/home/user/.m2/repository/org/apache/hadoop/hadoop-hdds-common/0.5.0-SNAPSHOT/hadoop-hdds-common-0.5.0-SNAPSHOT.jar:/home/user/.m2/repository/javax/annotation/javax.annotation-api/1.2/javax.annotation-api-1.2.jar:/home/user/.m2/repository/org/apache/ratis/ratis-server/0.4.0-2337318-SNAPSHOT/ratis-server-0.4.0-2337318-SNAPSHOT.jar:/home/user/.m2/repository/org/apache/ratis/ratis-thirdparty-misc/0.2.0/ratis-thirdparty-misc-0.2.0.jar:/home/user/.m2/repository/org/apache/ratis/ratis-proto/0.4.0-2337318-SNAPSHOT/ratis-proto-0.4.0-2337318-SNAPSHOT.jar:/home/user/.m2/repository/org/apache/ratis/ratis-common/0.4.0-2337318-SNAPSHOT/ratis-common-0.4.0-2337318-SNAPSHOT.jar:/home/user/.m2/repository/org/apache/ratis/ratis-client/0.4.0-2337318-SNAPSHOT/ratis-client-0.4.0-2337318-SNAPSHOT.jar:/home/user/.m2/repository/org/apache/ratis/ratis-metrics/0.4.0-2337318-SNAPSHOT/ratis-metrics-0.4.0-2337318-SNAPSHOT.jar:/home/user/.m2/repository/org/apache/ratis/ratis-netty/0.4.0-2337318-SNAPSHOT/ratis-netty-0.4.0-2337318-SNAPSHOT.jar:/home/user/.m2/repository/org/apache/ratis/ratis-grpc/0.4.0-2337318-SNAPSHOT/ratis-grpc-0.4.0-2337318-SNAPSHOT.jar:/home/user/.m2/repository/org/rocksdb/rocksdbjni/6.0.1/rocksdbjni-6.0.1.jar:/home/user/.m2/repository/org/apache/logging/log4j/log4j-api/2.11.0/log4j-api-2.11.0.jar:/home/user/.m2/repository/org/apache/logging/log4j/log4j-core/2.11.0/log4j-core-2.11.0.jar:/home/user/.m2/repository/com/lmax/disruptor/3.4.2/disruptor-3.4.2.jar:/home/user/.m2/repository/org/apache/commons/commons-pool2/2.6.0/commons-pool2-2.6.0.jar:/home/user/.m2/repository/org/bouncycastle/bcpkix-jdk15on/1.60/bcpkix-jdk15on-1.60.jar:/home/user/.m2/repository/commons-validator/commons-validator/1.6/commons-validator-1.6.jar:/home/user/.m2/repository/commons-digester/commons-digester/1.8.1/commons-digester-1.8.1.jar:/home/user/.m2/repository/io/jaegertracing/jaeger-client/0.33.1/jaeger-client-0.33.1.jar:/home/user/.m2/repository/io/jaegertracing/jaeger-thrift/0.33.1/jaeger-thrift-0.33.1.jar:/home/user/.m2/repository/org/apache/thrift/libthrift/0.11.0/libthrift-0.11.0.jar:/home/user/.m2/repository/com/squareup/okhttp3/okhttp/3.9.0/okhttp-3.9.0.jar:/home/user/.m2/repository/com/squareup/okio/okio/1.13.0/okio-1.13.0.jar:/home/user/.m2/repository/io/jaegertracing/jaeger-core/0.33.1/jaeger-core-0.33.1.jar:/home/user/.m2/repository/io/jaegertracing/jaeger-tracerresolver/0.33.1/jaeger-tracerresolver-0.33.1.jar:/home/user/.m2/repository/io/opentracing/contrib/opentracing-tracerresolver/0.1.5/opentracing-tracerresolver-0.1.5.jar:/home/user/.m2/repository/io/opentracing/opentracing-util/0.31.0/opentracing-util-0.31.0.jar:/home/user/.m2/repository/io/opentracing/opentracing-api/0.31.0/opentracing-api-0.31.0.jar:/home/user/.m2/repository/io/opentracing/opentracing-noop/0.31.0/opentracing-noop-0.31.0.jar:/home/user/.m2/repository/org/apache/hadoop/hadoop-hdds-server-framework/0.5.0-SNAPSHOT/hadoop-hdds-server-framework-0.5.0-SNAPSHOT.jar:/home/user/.m2/repository/org/apache/hadoop/hadoop-hdds-container-service/0.5.0-SNAPSHOT/hadoop-hdds-container-service-0.5.0-SNAPSHOT.jar:/home/user/.m2/repository/org/apache/hadoop/hadoop-hdds-client/0.5.0-SNAPSHOT/hadoop-hdds-client-0.5.0-SNAPSHOT.jar:/home/user/.m2/repository/org/apache/hadoop/hadoop-hdds-tools/0.5.0-SNAPSHOT/hadoop-hdds-tools-0.5.0-SNAPSHOT.jar:/home/user/.m2/repository/org/apache/hadoop/hadoop-hdds-server-scm/0.5.0-SNAPSHOT/hadoop-hdds-server-scm-0.5.0-SNAPSHOT.jar:/home/user/.m2/repository/org/apache/hadoop/hadoop-hdds-docs/0.5.0-SNAPSHOT/hadoop-hdds-docs-0.5.0-SNAPSHOT.jar:/home/user/.m2/repository/io/dropwizard/metrics/metrics-core/3.2.4/metrics-core-3.2.4.jar:/home/user/.m2/repository/org/hamcrest/hamcrest-all/1.3/hamcrest-all-1.3.jar:/home/user/.m2/repository/org/bouncycastle/bcprov-jdk15on/1.60/bcprov-jdk15on-1.60.jar:/home/user/.m2/repository/info/picocli/picocli/3.9.6/picocli-3.9.6.jar:/home/user/.m2/repository/com/google/protobuf/protobuf-java/2.5.0/protobuf-java-2.5.0.jar:/home/user/.m2/repository/com/google/guava/guava/11.0.2/guava-11.0.2.jar:/home/user/.m2/repository/org/apache/hadoop/hadoop-ozone-ozone-manager/0.5.0-SNAPSHOT/hadoop-ozone-ozone-manager-0.5.0-SNAPSHOT.jar:/home/user/.m2/repository/org/apache/hadoop/hadoop-minikdc/3.2.0/hadoop-minikdc-3.2.0.jar:/home/user/.m2/repository/commons-io/commons-io/2.5/commons-io-2.5.jar:/home/user/.m2/repository/org/apache/kerby/kerb-simplekdc/1.0.1/kerb-simplekdc-1.0.1.jar:/home/user/.m2/repository/org/apache/kerby/kerb-client/1.0.1/kerb-client-1.0.1.jar:/home/user/.m2/repository/org/apache/kerby/kerby-config/1.0.1/kerby-config-1.0.1.jar:/home/user/.m2/repository/org/apache/kerby/kerb-core/1.0.1/kerb-core-1.0.1.jar:/home/user/.m2/repository/org/apache/kerby/kerby-pkix/1.0.1/kerby-pkix-1.0.1.jar:/home/user/.m2/repository/org/apache/kerby/kerby-asn1/1.0.1/kerby-asn1-1.0.1.jar:/home/user/.m2/repository/org/apache/kerby/kerby-util/1.0.1/kerby-util-1.0.1.jar:/home/user/.m2/repository/org/apache/kerby/kerb-common/1.0.1/kerb-common-1.0.1.jar:/home/user/.m2/repository/org/apache/kerby/kerb-crypto/1.0.1/kerb-crypto-1.0.1.jar:/home/user/.m2/repository/org/apache/kerby/kerb-util/1.0.1/kerb-util-1.0.1.jar:/home/user/.m2/repository/org/apache/kerby/token-provider/1.0.1/token-provider-1.0.1.jar:/home/user/.m2/repository/org/apache/kerby/kerb-admin/1.0.1/kerb-admin-1.0.1.jar:/home/user/.m2/repository/org/apache/kerby/kerb-server/1.0.1/kerb-server-1.0.1.jar:/home/user/.m2/repository/org/apache/kerby/kerb-identity/1.0.1/kerb-identity-1.0.1.jar:/home/user/.m2/repository/org/apache/kerby/kerby-xdr/1.0.1/kerby-xdr-1.0.1.jar:/home/user/.m2/repository/org/slf4j/slf4j-log4j12/1.7.25/slf4j-log4j12-1.7.25.jar:/home/user/.m2/repository/org/apache/hadoop/hadoop-ozone-objectstore-service/0.5.0-SNAPSHOT/hadoop-ozone-objectstore-service-0.5.0-SNAPSHOT.jar:/home/user/.m2/repository/org/apache/hadoop/hadoop-ozone-s3gateway/0.5.0-SNAPSHOT/hadoop-ozone-s3gateway-0.5.0-SNAPSHOT.jar:/home/user/.m2/repository/org/jboss/weld/servlet/weld-servlet/2.4.7.Final/weld-servlet-2.4.7.Final.jar:/home/user/.m2/repository/org/glassfish/jersey/containers/jersey-container-servlet-core/2.27/jersey-container-servlet-core-2.27.jar:/home/user/.m2/repository/org/glassfish/hk2/external/javax.inject/2.5.0-b42/javax.inject-2.5.0-b42.jar:/home/user/.m2/repository/org/glassfish/jersey/core/jersey-common/2.27/jersey-common-2.27.jar:/home/user/.m2/repository/org/glassfish/hk2/osgi-resource-locator/1.0.1/osgi-resource-locator-1.0.1.jar:/home/user/.m2/repository/javax/ws/rs/javax.ws.rs-api/2.1/javax.ws.rs-api-2.1.jar:/home/user/.m2/repository/org/glassfish/jersey/ext/cdi/jersey-cdi1x/2.27/jersey-cdi1x-2.27.jar:/home/user/.m2/repository/org/glassfish/jersey/inject/jersey-hk2/2.27/jersey-hk2-2.27.jar:/home/user/.m2/repository/org/glassfish/hk2/hk2-locator/2.5.0-b42/hk2-locator-2.5.0-b42.jar:/home/user/.m2/repository/org/javassist/javassist/3.22.0-CR2/javassist-3.22.0-CR2.jar:/home/user/.m2/repository/org/glassfish/hk2/hk2-api/2.5.0/hk2-api-2.5.0.jar:/home/user/.m2/repository/org/glassfish/hk2/external/jakarta.inject/2.5.0/jakarta.inject-2.5.0.jar:/home/user/.m2/repository/org/glassfish/hk2/hk2-utils/2.5.0/hk2-utils-2.5.0.jar:/home/user/.m2/repository/jakarta/annotation/jakarta.annotation-api/1.3.4/jakarta.annotation-api-1.3.4.jar:/home/user/.m2/repository/org/glassfish/hk2/external/aopalliance-repackaged/2.5.0/aopalliance-repackaged-2.5.0.jar:/home/user/.m2/repository/com/fasterxml/jackson/dataformat/jackson-dataformat-xml/2.9.0/jackson-dataformat-xml-2.9.0.jar:/home/user/.m2/repository/com/fasterxml/jackson/core/jackson-core/2.9.5/jackson-core-2.9.5.jar:/home/user/.m2/repository/com/fasterxml/jackson/module/jackson-module-jaxb-annotations/2.9.5/jackson-module-jaxb-annotations-2.9.5.jar:/home/user/.m2/repository/javax/enterprise/cdi-api/1.2/cdi-api-1.2.jar:/home/user/.m2/repository/javax/el/javax.el-api/3.0.0/javax.el-api-3.0.0.jar:/home/user/.m2/repository/javax/interceptor/javax.interceptor-api/1.2/javax.interceptor-api-1.2.jar:/home/user/.m2/repository/javax/inject/javax.inject/1/javax.inject-1.jar:/home/user/.m2/repository/com/sun/xml/bind/jaxb-impl/2.3.0.1/jaxb-impl-2.3.0.1.jar:/home/user/.m2/repository/com/sun/xml/bind/jaxb-core/2.3.0.1/jaxb-core-2.3.0.1.jar:/home/user/.m2/repository/javax/xml/bind/jaxb-api/2.3.0/jaxb-api-2.3.0.jar:/home/user/.m2/repository/javax/activation/activation/1.1.1/activation-1.1.1.jar:/home/user/.m2/repository/org/apache/hadoop/hadoop-ozone-csi/0.5.0-SNAPSHOT/hadoop-ozone-csi-0.5.0-SNAPSHOT.jar:/home/user/.m2/repository/com/google/protobuf/protobuf-java-util/3.5.1/protobuf-java-util-3.5.1.jar:/home/user/.m2/repository/org/apache/hadoop/hadoop-hdds-config/0.5.0-SNAPSHOT/hadoop-hdds-config-0.5.0-SNAPSHOT.jar:/home/user/.m2/repository/io/grpc/grpc-netty/1.17.1/grpc-netty-1.17.1.jar:/home/user/.m2/repository/io/grpc/grpc-core/1.17.1/grpc-core-1.17.1.jar:/home/user/.m2/repository/io/grpc/grpc-context/1.17.1/grpc-context-1.17.1.jar:/home/user/.m2/repository/com/google/errorprone/error_prone_annotations/2.2.0/error_prone_annotations-2.2.0.jar:/home/user/.m2/repository/org/codehaus/mojo/animal-sniffer-annotations/1.17/animal-sniffer-annotations-1.17.jar:/home/user/.m2/repository/io/opencensus/opencensus-api/0.17.0/opencensus-api-0.17.0.jar:/home/user/.m2/repository/io/opencensus/opencensus-contrib-grpc-metrics/0.17.0/opencensus-contrib-grpc-metrics-0.17.0.jar:/home/user/.m2/repository/io/netty/netty-codec-http2/4.1.30.Final/netty-codec-http2-4.1.30.Final.jar:/home/user/.m2/repository/io/netty/netty-codec-http/4.1.30.Final/netty-codec-http-4.1.30.Final.jar:/home/user/.m2/repository/io/netty/netty-codec/4.1.30.Final/netty-codec-4.1.30.Final.jar:/home/user/.m2/repository/io/netty/netty-handler/4.1.30.Final/netty-handler-4.1.30.Final.jar:/home/user/.m2/repository/io/netty/netty-handler-proxy/4.1.30.Final/netty-handler-proxy-4.1.30.Final.jar:/home/user/.m2/repository/io/netty/netty-codec-socks/4.1.30.Final/netty-codec-socks-4.1.30.Final.jar:/home/user/.m2/repository/io/netty/netty-transport-native-epoll/4.1.30.Final/netty-transport-native-epoll-4.1.30.Final.jar:/home/user/.m2/repository/io/netty/netty-common/4.1.30.Final/netty-common-4.1.30.Final.jar:/home/user/.m2/repository/io/netty/netty-buffer/4.1.30.Final/netty-buffer-4.1.30.Final.jar:/home/user/.m2/repository/io/netty/netty-transport/4.1.30.Final/netty-transport-4.1.30.Final.jar:/home/user/.m2/repository/io/netty/netty-resolver/4.1.30.Final/netty-resolver-4.1.30.Final.jar:/home/user/.m2/repository/io/netty/netty-transport-native-unix-common/4.1.30.Final/netty-transport-native-unix-common-4.1.30.Final.jar:/home/user/.m2/repository/io/grpc/grpc-protobuf/1.17.1/grpc-protobuf-1.17.1.jar:/home/user/.m2/repository/com/google/api/grpc/proto-google-common-protos/1.0.0/proto-google-common-protos-1.0.0.jar:/home/user/.m2/repository/io/grpc/grpc-protobuf-lite/1.17.1/grpc-protobuf-lite-1.17.1.jar:/home/user/.m2/repository/io/grpc/grpc-stub/1.17.1/grpc-stub-1.17.1.jar:/home/user/.m2/repository/org/apache/hadoop/hadoop-ozone-recon/0.5.0-SNAPSHOT/hadoop-ozone-recon-0.5.0-SNAPSHOT.jar:/home/user/.m2/repository/org/apache/hadoop/hadoop-ozone-reconcodegen/0.5.0-SNAPSHOT/hadoop-ozone-reconcodegen-0.5.0-SNAPSHOT.jar:/home/user/.m2/repository/com/google/inject/extensions/guice-multibindings/4.0/guice-multibindings-4.0.jar:/home/user/.m2/repository/com/google/inject/guice/4.0/guice-4.0.jar:/home/user/.m2/repository/aopalliance/aopalliance/1.0/aopalliance-1.0.jar:/home/user/.m2/repository/com/google/inject/extensions/guice-servlet/4.0/guice-servlet-4.0.jar:/home/user/.m2/repository/org/glassfish/jersey/containers/jersey-container-servlet/2.27/jersey-container-servlet-2.27.jar:/home/user/.m2/repository/org/glassfish/hk2/guice-bridge/2.5.0/guice-bridge-2.5.0.jar:/home/user/.m2/repository/org/glassfish/jersey/core/jersey-server/2.27/jersey-server-2.27.jar:/home/user/.m2/repository/org/glassfish/jersey/core/jersey-client/2.27/jersey-client-2.27.jar:/home/user/.m2/repository/org/glassfish/jersey/media/jersey-media-jaxb/2.27/jersey-media-jaxb-2.27.jar:/home/user/.m2/repository/javax/validation/validation-api/1.1.0.Final/validation-api-1.1.0.Final.jar:/home/user/.m2/repository/org/glassfish/jersey/media/jersey-media-json-jackson/2.27/jersey-media-json-jackson-2.27.jar:/home/user/.m2/repository/org/glassfish/jersey/ext/jersey-entity-filtering/2.27/jersey-entity-filtering-2.27.jar:/home/user/.m2/repository/com/google/inject/extensions/guice-assistedinject/4.0/guice-assistedinject-4.0.jar:/home/user/.m2/repository/org/jooq/jooq/3.11.10/jooq-3.11.10.jar:/home/user/.m2/repository/org/jooq/jooq-meta/3.11.10/jooq-meta-3.11.10.jar:/home/user/.m2/repository/org/jooq/jooq-codegen/3.11.10/jooq-codegen-3.11.10.jar:/home/user/.m2/repository/com/jolbox/bonecp/0.8.0.RELEASE/bonecp-0.8.0.RELEASE.jar:/home/user/.m2/repository/org/xerial/sqlite-jdbc/3.25.2/sqlite-jdbc-3.25.2.jar:/home/user/.m2/repository/org/springframework/spring-jdbc/5.1.3.RELEASE/spring-jdbc-5.1.3.RELEASE.jar:/home/user/.m2/repository/org/springframework/spring-beans/5.1.3.RELEASE/spring-beans-5.1.3.RELEASE.jar:/home/user/.m2/repository/org/springframework/spring-core/5.1.3.RELEASE/spring-core-5.1.3.RELEASE.jar:/home/user/.m2/repository/org/springframework/spring-jcl/5.1.3.RELEASE/spring-jcl-5.1.3.RELEASE.jar:/home/user/.m2/repository/org/springframework/spring-tx/5.1.3.RELEASE/spring-tx-5.1.3.RELEASE.jar:/home/user/.m2/repository/org/apache/hadoop/hadoop-ozone-client/0.5.0-SNAPSHOT/hadoop-ozone-client-0.5.0-SNAPSHOT.jar:/home/user/.m2/repository/commons-lang/commons-lang/2.6/commons-lang-2.6.jar:/home/user/.m2/repository/org/apache/hadoop/hadoop-ozone-ozone-manager/0.5.0-SNAPSHOT/hadoop-ozone-ozone-manager-0.5.0-SNAPSHOT-tests.jar:/home/user/.m2/repository/junit/junit/4.11/junit-4.11.jar:/home/user/.m2/repository/org/hamcrest/hamcrest-core/1.3/hamcrest-core-1.3.jar:/home/user/.m2/repository/org/openjdk/jmh/jmh-core/1.19/jmh-core-1.19.jar:/home/user/.m2/repository/net/sf/jopt-simple/jopt-simple/4.6/jopt-simple-4.6.jar:/home/user/.m2/repository/org/apache/commons/commons-math3/3.1.1/commons-math3-3.1.1.jar:/home/user/.m2/repository/org/openjdk/jmh/jmh-generator-annprocess/1.19/jmh-generator-annprocess-1.19.jar:/home/user/.m2/repository/org/mockito/mockito-all/1.8.5/mockito-all-1.8.5.jar:/home/user/.m2/repository/org/apache/hadoop/hadoop-kms/3.2.0/hadoop-kms-3.2.0.jar:/home/user/.m2/repository/org/apache/hadoop/hadoop-auth/3.2.0/hadoop-auth-3.2.0.jar:/home/user/.m2/repository/com/nimbusds/nimbus-jose-jwt/4.41.1/nimbus-jose-jwt-4.41.1.jar:/home/user/.m2/repository/com/github/stephenc/jcip/jcip-annotations/1.0-1/jcip-annotations-1.0-1.jar:/home/user/.m2/repository/net/minidev/json-smart/2.3/json-smart-2.3.jar:/home/user/.m2/repository/net/minidev/accessors-smart/1.2/accessors-smart-1.2.jar:/home/user/.m2/repository/org/ow2/asm/asm/5.0.4/asm-5.0.4.jar:/home/user/.m2/repository/org/apache/curator/curator-framework/2.12.0/curator-framework-2.12.0.jar:/home/user/.m2/repository/com/sun/jersey/jersey-core/1.19/jersey-core-1.19.jar:/home/user/.m2/repository/javax/ws/rs/jsr311-api/1.1.1/jsr311-api-1.1.1.jar:/home/user/.m2/repository/com/sun/jersey/jersey-server/1.19/jersey-server-1.19.jar:/home/user/.m2/repository/javax/servlet/javax.servlet-api/3.1.0/javax.servlet-api-3.1.0.jar:/home/user/.m2/repository/org/eclipse/jetty/jetty-server/9.3.24.v20180605/jetty-server-9.3.24.v20180605.jar:/home/user/.m2/repository/org/eclipse/jetty/jetty-http/9.3.24.v20180605/jetty-http-9.3.24.v20180605.jar:/home/user/.m2/repository/org/eclipse/jetty/jetty-io/9.3.24.v20180605/jetty-io-9.3.24.v20180605.jar:/home/user/.m2/repository/org/eclipse/jetty/jetty-webapp/9.3.24.v20180605/jetty-webapp-9.3.24.v20180605.jar:/home/user/.m2/repository/org/eclipse/jetty/jetty-xml/9.3.24.v20180605/jetty-xml-9.3.24.v20180605.jar:/home/user/.m2/repository/log4j/log4j/1.2.17/log4j-1.2.17.jar:/home/user/.m2/repository/org/slf4j/slf4j-api/1.7.25/slf4j-api-1.7.25.jar:/home/user/.m2/repository/org/slf4j/jul-to-slf4j/1.7.25/jul-to-slf4j-1.7.25.jar:/home/user/.m2/repository/org/eclipse/jetty/jetty-util/9.3.24.v20180605/jetty-util-9.3.24.v20180605.jar:/home/user/.m2/repository/com/fasterxml/jackson/core/jackson-databind/2.9.5/jackson-databind-2.9.5.jar:/home/user/.m2/repository/org/apache/hadoop/hadoop-kms/3.2.0/hadoop-kms-3.2.0-tests.jar:/home/user/.m2/repository/org/apache/hadoop/hadoop-hdds-server-scm/0.5.0-SNAPSHOT/hadoop-hdds-server-scm-0.5.0-SNAPSHOT-tests.jar:/home/user/.m2/repository/org/apache/hadoop/hadoop-hdds-container-service/0.5.0-SNAPSHOT/hadoop-hdds-container-service-0.5.0-SNAPSHOT-tests.jar:/home/user/.m2/repository/org/yaml/snakeyaml/1.16/snakeyaml-1.16.jar:/home/user/.m2/repository/org/apache/hadoop/hadoop-common/3.2.0/hadoop-common-3.2.0-tests.jar:/home/user/.m2/repository/org/apache/hadoop/hadoop-annotations/3.2.0/hadoop-annotations-3.2.0.jar:/usr/lib/jvm/java-1.8-openjdk/jre/../lib/tools.jar:/home/user/.m2/repository/commons-cli/commons-cli/1.2/commons-cli-1.2.jar:/home/user/.m2/repository/org/apache/httpcomponents/httpclient/4.5.2/httpclient-4.5.2.jar:/home/user/.m2/repository/org/apache/httpcomponents/httpcore/4.4.4/httpcore-4.4.4.jar:/home/user/.m2/repository/commons-codec/commons-codec/1.11/commons-codec-1.11.jar:/home/user/.m2/repository/commons-net/commons-net/3.6/commons-net-3.6.jar:/home/user/.m2/repository/commons-collections/commons-collections/3.2.2/commons-collections-3.2.2.jar:/home/user/.m2/repository/org/eclipse/jetty/jetty-servlet/9.3.24.v20180605/jetty-servlet-9.3.24.v20180605.jar:/home/user/.m2/repository/org/eclipse/jetty/jetty-security/9.3.24.v20180605/jetty-security-9.3.24.v20180605.jar:/home/user/.m2/repository/javax/servlet/jsp/jsp-api/2.1/jsp-api-2.1.jar:/home/user/.m2/repository/com/sun/jersey/jersey-servlet/1.19/jersey-servlet-1.19.jar:/home/user/.m2/repository/com/sun/jersey/jersey-json/1.19/jersey-json-1.19.jar:/home/user/.m2/repository/org/codehaus/jettison/jettison/1.1/jettison-1.1.jar:/home/user/.m2/repository/org/codehaus/jackson/jackson-core-asl/1.9.13/jackson-core-asl-1.9.13.jar:/home/user/.m2/repository/org/codehaus/jackson/jackson-mapper-asl/1.9.13/jackson-mapper-asl-1.9.13.jar:/home/user/.m2/repository/org/codehaus/jackson/jackson-jaxrs/1.9.13/jackson-jaxrs-1.9.13.jar:/home/user/.m2/repository/org/codehaus/jackson/jackson-xc/1.9.13/jackson-xc-1.9.13.jar:/home/user/.m2/repository/commons-logging/commons-logging/1.1.3/commons-logging-1.1.3.jar:/home/user/.m2/repository/commons-beanutils/commons-beanutils/1.9.3/commons-beanutils-1.9.3.jar:/home/user/.m2/repository/org/apache/commons/commons-configuration2/2.1.1/commons-configuration2-2.1.1.jar:/home/user/.m2/repository/org/apache/commons/commons-lang3/3.7/commons-lang3-3.7.jar:/home/user/.m2/repository/org/apache/commons/commons-text/1.4/commons-text-1.4.jar:/home/user/.m2/repository/org/apache/avro/avro/1.7.7/avro-1.7.7.jar:/home/user/.m2/repository/com/thoughtworks/paranamer/paranamer/2.3/paranamer-2.3.jar:/home/user/.m2/repository/org/xerial/snappy/snappy-java/1.0.5/snappy-java-1.0.5.jar:/home/user/.m2/repository/com/google/re2j/re2j/1.1/re2j-1.1.jar:/home/user/.m2/repository/com/google/code/gson/gson/2.2.4/gson-2.2.4.jar:/home/user/.m2/repository/com/jcraft/jsch/0.1.54/jsch-0.1.54.jar:/home/user/.m2/repository/org/apache/curator/curator-client/2.12.0/curator-client-2.12.0.jar:/home/user/.m2/repository/org/apache/curator/curator-recipes/2.12.0/curator-recipes-2.12.0.jar:/home/user/.m2/repository/com/google/code/findbugs/jsr305/3.0.0/jsr305-3.0.0.jar:/home/user/.m2/repository/org/apache/htrace/htrace-core4/4.1.0-incubating/htrace-core4-4.1.0-incubating.jar:/home/user/.m2/repository/org/apache/zookeeper/zookeeper/3.4.13/zookeeper-3.4.13.jar:/home/user/.m2/repository/org/apache/yetus/audience-annotations/0.5.0/audience-annotations-0.5.0.jar:/home/user/.m2/repository/org/codehaus/woodstox/stax2-api/3.1.4/stax2-api-3.1.4.jar:/home/user/.m2/repository/com/fasterxml/woodstox/woodstox-core/5.0.3/woodstox-core-5.0.3.jar:/home/user/.m2/repository/dnsjava/dnsjava/2.1.7/dnsjava-2.1.7.jar:/home/user/.m2/repository/org/apache/hadoop/hadoop-hdfs/3.2.0/hadoop-hdfs-3.2.0-tests.jar:/home/user/.m2/repository/org/eclipse/jetty/jetty-util-ajax/9.3.24.v20180605/jetty-util-ajax-9.3.24.v20180605.jar:/home/user/.m2/repository/commons-daemon/commons-daemon/1.0.13/commons-daemon-1.0.13.jar:/home/user/.m2/repository/io/netty/netty/3.10.5.Final/netty-3.10.5.Final.jar:/home/user/.m2/repository/io/netty/netty-all/4.0.52.Final/netty-all-4.0.52.Final.jar:/home/user/.m2/repository/org/fusesource/leveldbjni/leveldbjni-all/1.8/leveldbjni-all-1.8.jar:"/>
    <property name="java.vm.vendor" value="IcedTea"/>
    <property name="sun.arch.data.model" value="64"/>
    <property name="test.build.dir" value="/workdir/hadoop-ozone/integration-test/target/test-dir"/>
    <property name="test.cache.data" value=""/>
    <property name="java.vendor.url" value="https://icedtea.classpath.org"/>
    <property name="user.timezone" value=""/>
    <property name="java.vm.specification.version" value="1.8"/>
    <property name="os.name" value="Linux"/>
    <property name="test.build.data" value="/workdir/hadoop-ozone/integration-test/target/test-dir"/>
    <property name="user.country" value="US"/>
    <property name="sun.java.launcher" value="SUN_STANDARD"/>
    <property name="sun.boot.library.path" value="/usr/lib/jvm/java-1.8-openjdk/jre/lib/amd64"/>
    <property name="sun.java.command" value="/workdir/hadoop-ozone/integration-test/target/surefire/surefirebooter8914155813771005666.jar /workdir/hadoop-ozone/integration-test/target/surefire 2019-08-21T01-38-45_826-jvmRun1 surefire6310371489794523536tmp surefire_894225513135234578336tmp"/>
    <property name="test" value="!TestMiniChaosOzoneCluster"/>
    <property name="surefire.test.class.path" value="/workdir/hadoop-ozone/integration-test/target/test-classes:/workdir/hadoop-ozone/integration-test/target/classes:/home/user/.m2/repository/org/apache/hadoop/hadoop-ozone-common/0.5.0-SNAPSHOT/hadoop-ozone-common-0.5.0-SNAPSHOT.jar:/home/user/.m2/repository/org/apache/commons/commons-compress/1.4.1/commons-compress-1.4.1.jar:/home/user/.m2/repository/org/tukaani/xz/1.0/xz-1.0.jar:/home/user/.m2/repository/org/apache/hadoop/hadoop-common/3.2.0/hadoop-common-3.2.0.jar:/home/user/.m2/repository/org/apache/hadoop/hadoop-hdfs/3.2.0/hadoop-hdfs-3.2.0.jar:/home/user/.m2/repository/org/apache/hadoop/hadoop-hdfs-client/3.2.0/hadoop-hdfs-client-3.2.0.jar:/home/user/.m2/repository/com/fasterxml/jackson/core/jackson-annotations/2.9.5/jackson-annotations-2.9.5.jar:/home/user/.m2/repository/org/apache/hadoop/hadoop-hdds-common/0.5.0-SNAPSHOT/hadoop-hdds-common-0.5.0-SNAPSHOT.jar:/home/user/.m2/repository/javax/annotation/javax.annotation-api/1.2/javax.annotation-api-1.2.jar:/home/user/.m2/repository/org/apache/ratis/ratis-server/0.4.0-2337318-SNAPSHOT/ratis-server-0.4.0-2337318-SNAPSHOT.jar:/home/user/.m2/repository/org/apache/ratis/ratis-thirdparty-misc/0.2.0/ratis-thirdparty-misc-0.2.0.jar:/home/user/.m2/repository/org/apache/ratis/ratis-proto/0.4.0-2337318-SNAPSHOT/ratis-proto-0.4.0-2337318-SNAPSHOT.jar:/home/user/.m2/repository/org/apache/ratis/ratis-common/0.4.0-2337318-SNAPSHOT/ratis-common-0.4.0-2337318-SNAPSHOT.jar:/home/user/.m2/repository/org/apache/ratis/ratis-client/0.4.0-2337318-SNAPSHOT/ratis-client-0.4.0-2337318-SNAPSHOT.jar:/home/user/.m2/repository/org/apache/ratis/ratis-metrics/0.4.0-2337318-SNAPSHOT/ratis-metrics-0.4.0-2337318-SNAPSHOT.jar:/home/user/.m2/repository/org/apache/ratis/ratis-netty/0.4.0-2337318-SNAPSHOT/ratis-netty-0.4.0-2337318-SNAPSHOT.jar:/home/user/.m2/repository/org/apache/ratis/ratis-grpc/0.4.0-2337318-SNAPSHOT/ratis-grpc-0.4.0-2337318-SNAPSHOT.jar:/home/user/.m2/repository/org/rocksdb/rocksdbjni/6.0.1/rocksdbjni-6.0.1.jar:/home/user/.m2/repository/org/apache/logging/log4j/log4j-api/2.11.0/log4j-api-2.11.0.jar:/home/user/.m2/repository/org/apache/logging/log4j/log4j-core/2.11.0/log4j-core-2.11.0.jar:/home/user/.m2/repository/com/lmax/disruptor/3.4.2/disruptor-3.4.2.jar:/home/user/.m2/repository/org/apache/commons/commons-pool2/2.6.0/commons-pool2-2.6.0.jar:/home/user/.m2/repository/org/bouncycastle/bcpkix-jdk15on/1.60/bcpkix-jdk15on-1.60.jar:/home/user/.m2/repository/commons-validator/commons-validator/1.6/commons-validator-1.6.jar:/home/user/.m2/repository/commons-digester/commons-digester/1.8.1/commons-digester-1.8.1.jar:/home/user/.m2/repository/io/jaegertracing/jaeger-client/0.33.1/jaeger-client-0.33.1.jar:/home/user/.m2/repository/io/jaegertracing/jaeger-thrift/0.33.1/jaeger-thrift-0.33.1.jar:/home/user/.m2/repository/org/apache/thrift/libthrift/0.11.0/libthrift-0.11.0.jar:/home/user/.m2/repository/com/squareup/okhttp3/okhttp/3.9.0/okhttp-3.9.0.jar:/home/user/.m2/repository/com/squareup/okio/okio/1.13.0/okio-1.13.0.jar:/home/user/.m2/repository/io/jaegertracing/jaeger-core/0.33.1/jaeger-core-0.33.1.jar:/home/user/.m2/repository/io/jaegertracing/jaeger-tracerresolver/0.33.1/jaeger-tracerresolver-0.33.1.jar:/home/user/.m2/repository/io/opentracing/contrib/opentracing-tracerresolver/0.1.5/opentracing-tracerresolver-0.1.5.jar:/home/user/.m2/repository/io/opentracing/opentracing-util/0.31.0/opentracing-util-0.31.0.jar:/home/user/.m2/repository/io/opentracing/opentracing-api/0.31.0/opentracing-api-0.31.0.jar:/home/user/.m2/repository/io/opentracing/opentracing-noop/0.31.0/opentracing-noop-0.31.0.jar:/home/user/.m2/repository/org/apache/hadoop/hadoop-hdds-server-framework/0.5.0-SNAPSHOT/hadoop-hdds-server-framework-0.5.0-SNAPSHOT.jar:/home/user/.m2/repository/org/apache/hadoop/hadoop-hdds-container-service/0.5.0-SNAPSHOT/hadoop-hdds-container-service-0.5.0-SNAPSHOT.jar:/home/user/.m2/repository/org/apache/hadoop/hadoop-hdds-client/0.5.0-SNAPSHOT/hadoop-hdds-client-0.5.0-SNAPSHOT.jar:/home/user/.m2/repository/org/apache/hadoop/hadoop-hdds-tools/0.5.0-SNAPSHOT/hadoop-hdds-tools-0.5.0-SNAPSHOT.jar:/home/user/.m2/repository/org/apache/hadoop/hadoop-hdds-server-scm/0.5.0-SNAPSHOT/hadoop-hdds-server-scm-0.5.0-SNAPSHOT.jar:/home/user/.m2/repository/org/apache/hadoop/hadoop-hdds-docs/0.5.0-SNAPSHOT/hadoop-hdds-docs-0.5.0-SNAPSHOT.jar:/home/user/.m2/repository/io/dropwizard/metrics/metrics-core/3.2.4/metrics-core-3.2.4.jar:/home/user/.m2/repository/org/hamcrest/hamcrest-all/1.3/hamcrest-all-1.3.jar:/home/user/.m2/repository/org/bouncycastle/bcprov-jdk15on/1.60/bcprov-jdk15on-1.60.jar:/home/user/.m2/repository/info/picocli/picocli/3.9.6/picocli-3.9.6.jar:/home/user/.m2/repository/com/google/protobuf/protobuf-java/2.5.0/protobuf-java-2.5.0.jar:/home/user/.m2/repository/com/google/guava/guava/11.0.2/guava-11.0.2.jar:/home/user/.m2/repository/org/apache/hadoop/hadoop-ozone-ozone-manager/0.5.0-SNAPSHOT/hadoop-ozone-ozone-manager-0.5.0-SNAPSHOT.jar:/home/user/.m2/repository/org/apache/hadoop/hadoop-minikdc/3.2.0/hadoop-minikdc-3.2.0.jar:/home/user/.m2/repository/commons-io/commons-io/2.5/commons-io-2.5.jar:/home/user/.m2/repository/org/apache/kerby/kerb-simplekdc/1.0.1/kerb-simplekdc-1.0.1.jar:/home/user/.m2/repository/org/apache/kerby/kerb-client/1.0.1/kerb-client-1.0.1.jar:/home/user/.m2/repository/org/apache/kerby/kerby-config/1.0.1/kerby-config-1.0.1.jar:/home/user/.m2/repository/org/apache/kerby/kerb-core/1.0.1/kerb-core-1.0.1.jar:/home/user/.m2/repository/org/apache/kerby/kerby-pkix/1.0.1/kerby-pkix-1.0.1.jar:/home/user/.m2/repository/org/apache/kerby/kerby-asn1/1.0.1/kerby-asn1-1.0.1.jar:/home/user/.m2/repository/org/apache/kerby/kerby-util/1.0.1/kerby-util-1.0.1.jar:/home/user/.m2/repository/org/apache/kerby/kerb-common/1.0.1/kerb-common-1.0.1.jar:/home/user/.m2/repository/org/apache/kerby/kerb-crypto/1.0.1/kerb-crypto-1.0.1.jar:/home/user/.m2/repository/org/apache/kerby/kerb-util/1.0.1/kerb-util-1.0.1.jar:/home/user/.m2/repository/org/apache/kerby/token-provider/1.0.1/token-provider-1.0.1.jar:/home/user/.m2/repository/org/apache/kerby/kerb-admin/1.0.1/kerb-admin-1.0.1.jar:/home/user/.m2/repository/org/apache/kerby/kerb-server/1.0.1/kerb-server-1.0.1.jar:/home/user/.m2/repository/org/apache/kerby/kerb-identity/1.0.1/kerb-identity-1.0.1.jar:/home/user/.m2/repository/org/apache/kerby/kerby-xdr/1.0.1/kerby-xdr-1.0.1.jar:/home/user/.m2/repository/org/slf4j/slf4j-log4j12/1.7.25/slf4j-log4j12-1.7.25.jar:/home/user/.m2/repository/org/apache/hadoop/hadoop-ozone-objectstore-service/0.5.0-SNAPSHOT/hadoop-ozone-objectstore-service-0.5.0-SNAPSHOT.jar:/home/user/.m2/repository/org/apache/hadoop/hadoop-ozone-s3gateway/0.5.0-SNAPSHOT/hadoop-ozone-s3gateway-0.5.0-SNAPSHOT.jar:/home/user/.m2/repository/org/jboss/weld/servlet/weld-servlet/2.4.7.Final/weld-servlet-2.4.7.Final.jar:/home/user/.m2/repository/org/glassfish/jersey/containers/jersey-container-servlet-core/2.27/jersey-container-servlet-core-2.27.jar:/home/user/.m2/repository/org/glassfish/hk2/external/javax.inject/2.5.0-b42/javax.inject-2.5.0-b42.jar:/home/user/.m2/repository/org/glassfish/jersey/core/jersey-common/2.27/jersey-common-2.27.jar:/home/user/.m2/repository/org/glassfish/hk2/osgi-resource-locator/1.0.1/osgi-resource-locator-1.0.1.jar:/home/user/.m2/repository/javax/ws/rs/javax.ws.rs-api/2.1/javax.ws.rs-api-2.1.jar:/home/user/.m2/repository/org/glassfish/jersey/ext/cdi/jersey-cdi1x/2.27/jersey-cdi1x-2.27.jar:/home/user/.m2/repository/org/glassfish/jersey/inject/jersey-hk2/2.27/jersey-hk2-2.27.jar:/home/user/.m2/repository/org/glassfish/hk2/hk2-locator/2.5.0-b42/hk2-locator-2.5.0-b42.jar:/home/user/.m2/repository/org/javassist/javassist/3.22.0-CR2/javassist-3.22.0-CR2.jar:/home/user/.m2/repository/org/glassfish/hk2/hk2-api/2.5.0/hk2-api-2.5.0.jar:/home/user/.m2/repository/org/glassfish/hk2/external/jakarta.inject/2.5.0/jakarta.inject-2.5.0.jar:/home/user/.m2/repository/org/glassfish/hk2/hk2-utils/2.5.0/hk2-utils-2.5.0.jar:/home/user/.m2/repository/jakarta/annotation/jakarta.annotation-api/1.3.4/jakarta.annotation-api-1.3.4.jar:/home/user/.m2/repository/org/glassfish/hk2/external/aopalliance-repackaged/2.5.0/aopalliance-repackaged-2.5.0.jar:/home/user/.m2/repository/com/fasterxml/jackson/dataformat/jackson-dataformat-xml/2.9.0/jackson-dataformat-xml-2.9.0.jar:/home/user/.m2/repository/com/fasterxml/jackson/core/jackson-core/2.9.5/jackson-core-2.9.5.jar:/home/user/.m2/repository/com/fasterxml/jackson/module/jackson-module-jaxb-annotations/2.9.5/jackson-module-jaxb-annotations-2.9.5.jar:/home/user/.m2/repository/javax/enterprise/cdi-api/1.2/cdi-api-1.2.jar:/home/user/.m2/repository/javax/el/javax.el-api/3.0.0/javax.el-api-3.0.0.jar:/home/user/.m2/repository/javax/interceptor/javax.interceptor-api/1.2/javax.interceptor-api-1.2.jar:/home/user/.m2/repository/javax/inject/javax.inject/1/javax.inject-1.jar:/home/user/.m2/repository/com/sun/xml/bind/jaxb-impl/2.3.0.1/jaxb-impl-2.3.0.1.jar:/home/user/.m2/repository/com/sun/xml/bind/jaxb-core/2.3.0.1/jaxb-core-2.3.0.1.jar:/home/user/.m2/repository/javax/xml/bind/jaxb-api/2.3.0/jaxb-api-2.3.0.jar:/home/user/.m2/repository/javax/activation/activation/1.1.1/activation-1.1.1.jar:/home/user/.m2/repository/org/apache/hadoop/hadoop-ozone-csi/0.5.0-SNAPSHOT/hadoop-ozone-csi-0.5.0-SNAPSHOT.jar:/home/user/.m2/repository/com/google/protobuf/protobuf-java-util/3.5.1/protobuf-java-util-3.5.1.jar:/home/user/.m2/repository/org/apache/hadoop/hadoop-hdds-config/0.5.0-SNAPSHOT/hadoop-hdds-config-0.5.0-SNAPSHOT.jar:/home/user/.m2/repository/io/grpc/grpc-netty/1.17.1/grpc-netty-1.17.1.jar:/home/user/.m2/repository/io/grpc/grpc-core/1.17.1/grpc-core-1.17.1.jar:/home/user/.m2/repository/io/grpc/grpc-context/1.17.1/grpc-context-1.17.1.jar:/home/user/.m2/repository/com/google/errorprone/error_prone_annotations/2.2.0/error_prone_annotations-2.2.0.jar:/home/user/.m2/repository/org/codehaus/mojo/animal-sniffer-annotations/1.17/animal-sniffer-annotations-1.17.jar:/home/user/.m2/repository/io/opencensus/opencensus-api/0.17.0/opencensus-api-0.17.0.jar:/home/user/.m2/repository/io/opencensus/opencensus-contrib-grpc-metrics/0.17.0/opencensus-contrib-grpc-metrics-0.17.0.jar:/home/user/.m2/repository/io/netty/netty-codec-http2/4.1.30.Final/netty-codec-http2-4.1.30.Final.jar:/home/user/.m2/repository/io/netty/netty-codec-http/4.1.30.Final/netty-codec-http-4.1.30.Final.jar:/home/user/.m2/repository/io/netty/netty-codec/4.1.30.Final/netty-codec-4.1.30.Final.jar:/home/user/.m2/repository/io/netty/netty-handler/4.1.30.Final/netty-handler-4.1.30.Final.jar:/home/user/.m2/repository/io/netty/netty-handler-proxy/4.1.30.Final/netty-handler-proxy-4.1.30.Final.jar:/home/user/.m2/repository/io/netty/netty-codec-socks/4.1.30.Final/netty-codec-socks-4.1.30.Final.jar:/home/user/.m2/repository/io/netty/netty-transport-native-epoll/4.1.30.Final/netty-transport-native-epoll-4.1.30.Final.jar:/home/user/.m2/repository/io/netty/netty-common/4.1.30.Final/netty-common-4.1.30.Final.jar:/home/user/.m2/repository/io/netty/netty-buffer/4.1.30.Final/netty-buffer-4.1.30.Final.jar:/home/user/.m2/repository/io/netty/netty-transport/4.1.30.Final/netty-transport-4.1.30.Final.jar:/home/user/.m2/repository/io/netty/netty-resolver/4.1.30.Final/netty-resolver-4.1.30.Final.jar:/home/user/.m2/repository/io/netty/netty-transport-native-unix-common/4.1.30.Final/netty-transport-native-unix-common-4.1.30.Final.jar:/home/user/.m2/repository/io/grpc/grpc-protobuf/1.17.1/grpc-protobuf-1.17.1.jar:/home/user/.m2/repository/com/google/api/grpc/proto-google-common-protos/1.0.0/proto-google-common-protos-1.0.0.jar:/home/user/.m2/repository/io/grpc/grpc-protobuf-lite/1.17.1/grpc-protobuf-lite-1.17.1.jar:/home/user/.m2/repository/io/grpc/grpc-stub/1.17.1/grpc-stub-1.17.1.jar:/home/user/.m2/repository/org/apache/hadoop/hadoop-ozone-recon/0.5.0-SNAPSHOT/hadoop-ozone-recon-0.5.0-SNAPSHOT.jar:/home/user/.m2/repository/org/apache/hadoop/hadoop-ozone-reconcodegen/0.5.0-SNAPSHOT/hadoop-ozone-reconcodegen-0.5.0-SNAPSHOT.jar:/home/user/.m2/repository/com/google/inject/extensions/guice-multibindings/4.0/guice-multibindings-4.0.jar:/home/user/.m2/repository/com/google/inject/guice/4.0/guice-4.0.jar:/home/user/.m2/repository/aopalliance/aopalliance/1.0/aopalliance-1.0.jar:/home/user/.m2/repository/com/google/inject/extensions/guice-servlet/4.0/guice-servlet-4.0.jar:/home/user/.m2/repository/org/glassfish/jersey/containers/jersey-container-servlet/2.27/jersey-container-servlet-2.27.jar:/home/user/.m2/repository/org/glassfish/hk2/guice-bridge/2.5.0/guice-bridge-2.5.0.jar:/home/user/.m2/repository/org/glassfish/jersey/core/jersey-server/2.27/jersey-server-2.27.jar:/home/user/.m2/repository/org/glassfish/jersey/core/jersey-client/2.27/jersey-client-2.27.jar:/home/user/.m2/repository/org/glassfish/jersey/media/jersey-media-jaxb/2.27/jersey-media-jaxb-2.27.jar:/home/user/.m2/repository/javax/validation/validation-api/1.1.0.Final/validation-api-1.1.0.Final.jar:/home/user/.m2/repository/org/glassfish/jersey/media/jersey-media-json-jackson/2.27/jersey-media-json-jackson-2.27.jar:/home/user/.m2/repository/org/glassfish/jersey/ext/jersey-entity-filtering/2.27/jersey-entity-filtering-2.27.jar:/home/user/.m2/repository/com/google/inject/extensions/guice-assistedinject/4.0/guice-assistedinject-4.0.jar:/home/user/.m2/repository/org/jooq/jooq/3.11.10/jooq-3.11.10.jar:/home/user/.m2/repository/org/jooq/jooq-meta/3.11.10/jooq-meta-3.11.10.jar:/home/user/.m2/repository/org/jooq/jooq-codegen/3.11.10/jooq-codegen-3.11.10.jar:/home/user/.m2/repository/com/jolbox/bonecp/0.8.0.RELEASE/bonecp-0.8.0.RELEASE.jar:/home/user/.m2/repository/org/xerial/sqlite-jdbc/3.25.2/sqlite-jdbc-3.25.2.jar:/home/user/.m2/repository/org/springframework/spring-jdbc/5.1.3.RELEASE/spring-jdbc-5.1.3.RELEASE.jar:/home/user/.m2/repository/org/springframework/spring-beans/5.1.3.RELEASE/spring-beans-5.1.3.RELEASE.jar:/home/user/.m2/repository/org/springframework/spring-core/5.1.3.RELEASE/spring-core-5.1.3.RELEASE.jar:/home/user/.m2/repository/org/springframework/spring-jcl/5.1.3.RELEASE/spring-jcl-5.1.3.RELEASE.jar:/home/user/.m2/repository/org/springframework/spring-tx/5.1.3.RELEASE/spring-tx-5.1.3.RELEASE.jar:/home/user/.m2/repository/org/apache/hadoop/hadoop-ozone-client/0.5.0-SNAPSHOT/hadoop-ozone-client-0.5.0-SNAPSHOT.jar:/home/user/.m2/repository/commons-lang/commons-lang/2.6/commons-lang-2.6.jar:/home/user/.m2/repository/org/apache/hadoop/hadoop-ozone-ozone-manager/0.5.0-SNAPSHOT/hadoop-ozone-ozone-manager-0.5.0-SNAPSHOT-tests.jar:/home/user/.m2/repository/junit/junit/4.11/junit-4.11.jar:/home/user/.m2/repository/org/hamcrest/hamcrest-core/1.3/hamcrest-core-1.3.jar:/home/user/.m2/repository/org/openjdk/jmh/jmh-core/1.19/jmh-core-1.19.jar:/home/user/.m2/repository/net/sf/jopt-simple/jopt-simple/4.6/jopt-simple-4.6.jar:/home/user/.m2/repository/org/apache/commons/commons-math3/3.1.1/commons-math3-3.1.1.jar:/home/user/.m2/repository/org/openjdk/jmh/jmh-generator-annprocess/1.19/jmh-generator-annprocess-1.19.jar:/home/user/.m2/repository/org/mockito/mockito-all/1.8.5/mockito-all-1.8.5.jar:/home/user/.m2/repository/org/apache/hadoop/hadoop-kms/3.2.0/hadoop-kms-3.2.0.jar:/home/user/.m2/repository/org/apache/hadoop/hadoop-auth/3.2.0/hadoop-auth-3.2.0.jar:/home/user/.m2/repository/com/nimbusds/nimbus-jose-jwt/4.41.1/nimbus-jose-jwt-4.41.1.jar:/home/user/.m2/repository/com/github/stephenc/jcip/jcip-annotations/1.0-1/jcip-annotations-1.0-1.jar:/home/user/.m2/repository/net/minidev/json-smart/2.3/json-smart-2.3.jar:/home/user/.m2/repository/net/minidev/accessors-smart/1.2/accessors-smart-1.2.jar:/home/user/.m2/repository/org/ow2/asm/asm/5.0.4/asm-5.0.4.jar:/home/user/.m2/repository/org/apache/curator/curator-framework/2.12.0/curator-framework-2.12.0.jar:/home/user/.m2/repository/com/sun/jersey/jersey-core/1.19/jersey-core-1.19.jar:/home/user/.m2/repository/javax/ws/rs/jsr311-api/1.1.1/jsr311-api-1.1.1.jar:/home/user/.m2/repository/com/sun/jersey/jersey-server/1.19/jersey-server-1.19.jar:/home/user/.m2/repository/javax/servlet/javax.servlet-api/3.1.0/javax.servlet-api-3.1.0.jar:/home/user/.m2/repository/org/eclipse/jetty/jetty-server/9.3.24.v20180605/jetty-server-9.3.24.v20180605.jar:/home/user/.m2/repository/org/eclipse/jetty/jetty-http/9.3.24.v20180605/jetty-http-9.3.24.v20180605.jar:/home/user/.m2/repository/org/eclipse/jetty/jetty-io/9.3.24.v20180605/jetty-io-9.3.24.v20180605.jar:/home/user/.m2/repository/org/eclipse/jetty/jetty-webapp/9.3.24.v20180605/jetty-webapp-9.3.24.v20180605.jar:/home/user/.m2/repository/org/eclipse/jetty/jetty-xml/9.3.24.v20180605/jetty-xml-9.3.24.v20180605.jar:/home/user/.m2/repository/log4j/log4j/1.2.17/log4j-1.2.17.jar:/home/user/.m2/repository/org/slf4j/slf4j-api/1.7.25/slf4j-api-1.7.25.jar:/home/user/.m2/repository/org/slf4j/jul-to-slf4j/1.7.25/jul-to-slf4j-1.7.25.jar:/home/user/.m2/repository/org/eclipse/jetty/jetty-util/9.3.24.v20180605/jetty-util-9.3.24.v20180605.jar:/home/user/.m2/repository/com/fasterxml/jackson/core/jackson-databind/2.9.5/jackson-databind-2.9.5.jar:/home/user/.m2/repository/org/apache/hadoop/hadoop-kms/3.2.0/hadoop-kms-3.2.0-tests.jar:/home/user/.m2/repository/org/apache/hadoop/hadoop-hdds-server-scm/0.5.0-SNAPSHOT/hadoop-hdds-server-scm-0.5.0-SNAPSHOT-tests.jar:/home/user/.m2/repository/org/apache/hadoop/hadoop-hdds-container-service/0.5.0-SNAPSHOT/hadoop-hdds-container-service-0.5.0-SNAPSHOT-tests.jar:/home/user/.m2/repository/org/yaml/snakeyaml/1.16/snakeyaml-1.16.jar:/home/user/.m2/repository/org/apache/hadoop/hadoop-common/3.2.0/hadoop-common-3.2.0-tests.jar:/home/user/.m2/repository/org/apache/hadoop/hadoop-annotations/3.2.0/hadoop-annotations-3.2.0.jar:/usr/lib/jvm/java-1.8-openjdk/jre/../lib/tools.jar:/home/user/.m2/repository/commons-cli/commons-cli/1.2/commons-cli-1.2.jar:/home/user/.m2/repository/org/apache/httpcomponents/httpclient/4.5.2/httpclient-4.5.2.jar:/home/user/.m2/repository/org/apache/httpcomponents/httpcore/4.4.4/httpcore-4.4.4.jar:/home/user/.m2/repository/commons-codec/commons-codec/1.11/commons-codec-1.11.jar:/home/user/.m2/repository/commons-net/commons-net/3.6/commons-net-3.6.jar:/home/user/.m2/repository/commons-collections/commons-collections/3.2.2/commons-collections-3.2.2.jar:/home/user/.m2/repository/org/eclipse/jetty/jetty-servlet/9.3.24.v20180605/jetty-servlet-9.3.24.v20180605.jar:/home/user/.m2/repository/org/eclipse/jetty/jetty-security/9.3.24.v20180605/jetty-security-9.3.24.v20180605.jar:/home/user/.m2/repository/javax/servlet/jsp/jsp-api/2.1/jsp-api-2.1.jar:/home/user/.m2/repository/com/sun/jersey/jersey-servlet/1.19/jersey-servlet-1.19.jar:/home/user/.m2/repository/com/sun/jersey/jersey-json/1.19/jersey-json-1.19.jar:/home/user/.m2/repository/org/codehaus/jettison/jettison/1.1/jettison-1.1.jar:/home/user/.m2/repository/org/codehaus/jackson/jackson-core-asl/1.9.13/jackson-core-asl-1.9.13.jar:/home/user/.m2/repository/org/codehaus/jackson/jackson-mapper-asl/1.9.13/jackson-mapper-asl-1.9.13.jar:/home/user/.m2/repository/org/codehaus/jackson/jackson-jaxrs/1.9.13/jackson-jaxrs-1.9.13.jar:/home/user/.m2/repository/org/codehaus/jackson/jackson-xc/1.9.13/jackson-xc-1.9.13.jar:/home/user/.m2/repository/commons-logging/commons-logging/1.1.3/commons-logging-1.1.3.jar:/home/user/.m2/repository/commons-beanutils/commons-beanutils/1.9.3/commons-beanutils-1.9.3.jar:/home/user/.m2/repository/org/apache/commons/commons-configuration2/2.1.1/commons-configuration2-2.1.1.jar:/home/user/.m2/repository/org/apache/commons/commons-lang3/3.7/commons-lang3-3.7.jar:/home/user/.m2/repository/org/apache/commons/commons-text/1.4/commons-text-1.4.jar:/home/user/.m2/repository/org/apache/avro/avro/1.7.7/avro-1.7.7.jar:/home/user/.m2/repository/com/thoughtworks/paranamer/paranamer/2.3/paranamer-2.3.jar:/home/user/.m2/repository/org/xerial/snappy/snappy-java/1.0.5/snappy-java-1.0.5.jar:/home/user/.m2/repository/com/google/re2j/re2j/1.1/re2j-1.1.jar:/home/user/.m2/repository/com/google/code/gson/gson/2.2.4/gson-2.2.4.jar:/home/user/.m2/repository/com/jcraft/jsch/0.1.54/jsch-0.1.54.jar:/home/user/.m2/repository/org/apache/curator/curator-client/2.12.0/curator-client-2.12.0.jar:/home/user/.m2/repository/org/apache/curator/curator-recipes/2.12.0/curator-recipes-2.12.0.jar:/home/user/.m2/repository/com/google/code/findbugs/jsr305/3.0.0/jsr305-3.0.0.jar:/home/user/.m2/repository/org/apache/htrace/htrace-core4/4.1.0-incubating/htrace-core4-4.1.0-incubating.jar:/home/user/.m2/repository/org/apache/zookeeper/zookeeper/3.4.13/zookeeper-3.4.13.jar:/home/user/.m2/repository/org/apache/yetus/audience-annotations/0.5.0/audience-annotations-0.5.0.jar:/home/user/.m2/repository/org/codehaus/woodstox/stax2-api/3.1.4/stax2-api-3.1.4.jar:/home/user/.m2/repository/com/fasterxml/woodstox/woodstox-core/5.0.3/woodstox-core-5.0.3.jar:/home/user/.m2/repository/dnsjava/dnsjava/2.1.7/dnsjava-2.1.7.jar:/home/user/.m2/repository/org/apache/hadoop/hadoop-hdfs/3.2.0/hadoop-hdfs-3.2.0-tests.jar:/home/user/.m2/repository/org/eclipse/jetty/jetty-util-ajax/9.3.24.v20180605/jetty-util-ajax-9.3.24.v20180605.jar:/home/user/.m2/repository/commons-daemon/commons-daemon/1.0.13/commons-daemon-1.0.13.jar:/home/user/.m2/repository/io/netty/netty/3.10.5.Final/netty-3.10.5.Final.jar:/home/user/.m2/repository/io/netty/netty-all/4.0.52.Final/netty-all-4.0.52.Final.jar:/home/user/.m2/repository/org/fusesource/leveldbjni/leveldbjni-all/1.8/leveldbjni-all-1.8.jar:"/>
    <property name="sun.cpu.endian" value="little"/>
    <property name="user.home" value="/home/user"/>
    <property name="user.language" value="en"/>
    <property name="java.specification.vendor" value="Oracle Corporation"/>
    <property name="java.home" value="/usr/lib/jvm/java-1.8-openjdk/jre"/>
    <property name="java.security.krb5.conf" value="/workdir/hadoop-ozone/integration-test/target/test-classes/krb5.conf"/>
    <property name="basedir" value="/workdir/hadoop-ozone/integration-test"/>
    <property name="file.separator" value="/"/>
    <property name="line.separator" value="&#10;"/>
    <property name="java.vm.specification.vendor" value="Oracle Corporation"/>
    <property name="java.specification.name" value="Java Platform API Specification"/>
    <property name="java.awt.graphicsenv" value="sun.awt.X11GraphicsEnvironment"/>
    <property name="surefire.real.class.path" value="/workdir/hadoop-ozone/integration-test/target/surefire/surefirebooter8914155813771005666.jar"/>
    <property name="hadoop.log.dir" value="/workdir/hadoop-ozone/integration-test/target/log"/>
    <property name="sun.boot.class.path" value="/usr/lib/jvm/java-1.8-openjdk/jre/lib/resources.jar:/usr/lib/jvm/java-1.8-openjdk/jre/lib/rt.jar:/usr/lib/jvm/java-1.8-openjdk/jre/lib/sunrsasign.jar:/usr/lib/jvm/java-1.8-openjdk/jre/lib/jsse.jar:/usr/lib/jvm/java-1.8-openjdk/jre/lib/jce.jar:/usr/lib/jvm/java-1.8-openjdk/jre/lib/charsets.jar:/usr/lib/jvm/java-1.8-openjdk/jre/lib/jfr.jar:/usr/lib/jvm/java-1.8-openjdk/jre/classes"/>
    <property name="sun.management.compiler" value="HotSpot 64-Bit Tiered Compilers"/>
    <property name="java.runtime.version" value="1.8.0_212-b04"/>
    <property name="java.net.preferIPv4Stack" value="true"/>
    <property name="user.name" value="jenkins1000"/>
    <property name="path.separator" value=":"/>
    <property name="java.security.egd" value="file:///dev/urandom"/>
    <property name="os.version" value="3.10.0-957.12.2.el7.x86_64"/>
    <property name="java.endorsed.dirs" value="/usr/lib/jvm/java-1.8-openjdk/jre/lib/endorsed"/>
    <property name="java.runtime.name" value="OpenJDK Runtime Environment"/>
    <property name="file.encoding" value="UTF-8"/>
    <property name="java.vm.name" value="OpenJDK 64-Bit Server VM"/>
    <property name="test.build.webapps" value=""/>
    <property name="localRepository" value="/home/user/.m2/repository"/>
    <property name="java.vendor.url.bug" value="https://icedtea.classpath.org/bugzilla"/>
    <property name="java.io.tmpdir" value="/tmp"/>
    <property name="require.test.libhadoop" value=""/>
    <property name="java.version" value="1.8.0_212"/>
    <property name="user.dir" value="/workdir/hadoop-ozone/integration-test"/>
    <property name="os.arch" value="amd64"/>
    <property name="java.vm.specification.name" value="Java Virtual Machine Specification"/>
    <property name="test.build.classes" value="/workdir/hadoop-ozone/integration-test/target/test-classes"/>
    <property name="java.awt.printerjob" value="sun.print.PSPrinterJob"/>
    <property name="sun.os.patch.level" value="unknown"/>
    <property name="hadoop.tmp.dir" value="/workdir/hadoop-ozone/integration-test/target/tmp"/>
    <property name="java.library.path" value="/usr/lib/jvm/java-1.8-openjdk/jre/lib/amd64/server:/usr/lib/jvm/java-1.8-openjdk/jre/lib/amd64:/usr/lib/jvm/java-1.8-openjdk/jre/../lib/amd64:/workdir/hadoop-ozone/integration-test/target/native/target/usr/local/lib:/workdir/hadoop-ozone/integration-test/../../hadoop-common-project/hadoop-common/target/native/target/usr/local/lib:/usr/java/packages/lib/amd64:/usr/lib64:/lib64:/lib:/usr/lib"/>
    <property name="java.vm.info" value="mixed mode"/>
    <property name="java.vendor" value="IcedTea"/>
    <property name="java.vm.version" value="25.212-b04"/>
    <property name="java.ext.dirs" value="/usr/lib/jvm/java-1.8-openjdk/jre/lib/ext:/usr/java/packages/lib/ext"/>
    <property name="sun.io.unicode.encoding" value="UnicodeLittle"/>
    <property name="java.class.version" value="52.0"/>
  </properties>
  <testcase name="testAutomaticPipelineCreationOnPipelineDestroy" classname="org.apache.hadoop.hdds.scm.pipeline.TestRatisPipelineCreateAndDestory" time="28.918"/>
  <testcase name="testPipelineCreationOnNodeRestart" classname="org.apache.hadoop.hdds.scm.pipeline.TestRatisPipelineCreateAndDestory" time="41.26">
    <error message="test timed out after 30000 milliseconds" type="java.lang.Exception">java.lang.Exception: test timed out after 30000 milliseconds
	at java.lang.Thread.sleep(Native Method)
	at org.apache.hadoop.test.GenericTestUtils.waitFor(GenericTestUtils.java:382)
	at org.apache.hadoop.hdds.scm.pipeline.TestRatisPipelineCreateAndDestory.waitForPipelines(TestRatisPipelineCreateAndDestory.java:126)
	at org.apache.hadoop.hdds.scm.pipeline.TestRatisPipelineCreateAndDestory.testPipelineCreationOnNodeRestart(TestRatisPipelineCreateAndDestory.java:121)
	at sun.reflect.NativeMethodAccessorImpl.invoke0(Native Method)
	at sun.reflect.NativeMethodAccessorImpl.invoke(NativeMethodAccessorImpl.java:62)
	at sun.reflect.DelegatingMethodAccessorImpl.invoke(DelegatingMethodAccessorImpl.java:43)
	at java.lang.reflect.Method.invoke(Method.java:498)
	at org.junit.runners.model.FrameworkMethod$1.runReflectiveCall(FrameworkMethod.java:47)
	at org.junit.internal.runners.model.ReflectiveCallable.run(ReflectiveCallable.java:12)
	at org.junit.runners.model.FrameworkMethod.invokeExplosively(FrameworkMethod.java:44)
	at org.junit.internal.runners.statements.InvokeMethod.evaluate(InvokeMethod.java:17)
	at org.junit.internal.runners.statements.FailOnTimeout$StatementThread.run(FailOnTimeout.java:74)
</error>
    <system-out><![CDATA[2019-08-21 03:08:08,995 [Thread-323] WARN  server.ServerUtils (ServerUtils.java:getScmDbDir(145)) - ozone.scm.db.dirs is not configured. We recommend adding this setting. Falling back to ozone.metadata.dirs instead.
2019-08-21 03:08:09,021 [Thread-323] WARN  server.ServerUtils (ServerUtils.java:getScmDbDir(145)) - ozone.scm.db.dirs is not configured. We recommend adding this setting. Falling back to ozone.metadata.dirs instead.
2019-08-21 03:08:09,021 [Thread-323] WARN  server.ServerUtils (ServerUtils.java:getScmDbDir(145)) - ozone.scm.db.dirs is not configured. We recommend adding this setting. Falling back to ozone.metadata.dirs instead.
2019-08-21 03:08:09,022 [Thread-323] INFO  db.DBStoreBuilder (DBStoreBuilder.java:addTable(110)) - using custom profile for table: deletedBlocks
2019-08-21 03:08:09,022 [Thread-323] INFO  db.DBStoreBuilder (DBStoreBuilder.java:processTables(161)) - Using default column profile:DBProfile.DISK for Table:deletedBlocks
2019-08-21 03:08:09,023 [Thread-323] INFO  db.DBStoreBuilder (DBStoreBuilder.java:addTable(110)) - using custom profile for table: validCerts
2019-08-21 03:08:09,023 [Thread-323] INFO  db.DBStoreBuilder (DBStoreBuilder.java:processTables(161)) - Using default column profile:DBProfile.DISK for Table:validCerts
2019-08-21 03:08:09,023 [Thread-323] INFO  db.DBStoreBuilder (DBStoreBuilder.java:addTable(110)) - using custom profile for table: revokedCerts
2019-08-21 03:08:09,023 [Thread-323] INFO  db.DBStoreBuilder (DBStoreBuilder.java:processTables(161)) - Using default column profile:DBProfile.DISK for Table:revokedCerts
2019-08-21 03:08:09,024 [Thread-323] INFO  db.DBStoreBuilder (DBStoreBuilder.java:addTable(110)) - using custom profile for table: default
2019-08-21 03:08:09,024 [Thread-323] INFO  db.DBStoreBuilder (DBStoreBuilder.java:processTables(167)) - Using default column profile:DBProfile.DISK for Table:default
2019-08-21 03:08:09,024 [Thread-323] INFO  db.DBStoreBuilder (DBStoreBuilder.java:getDbProfile(198)) - Using default options. DBProfile.DISK
2019-08-21 03:08:09,188 [Thread-323] INFO  net.NodeSchemaLoader (NodeSchemaLoader.java:loadSchemaFromFile(125)) - Loading file from sun.misc.CompoundEnumeration@68f9ab0a
2019-08-21 03:08:09,188 [Thread-323] INFO  net.NodeSchemaLoader (NodeSchemaLoader.java:loadSchema(171)) - Loading network topology layer schema file
2019-08-21 03:08:09,192 [Thread-323] INFO  node.SCMNodeManager (SCMNodeManager.java:<init>(121)) - Entering startup safe mode.
2019-08-21 03:08:09,193 [Thread-323] INFO  algorithms.ContainerPlacementPolicyFactory (ContainerPlacementPolicyFactory.java:getPolicy(55)) - Create container placement policy of type org.apache.hadoop.hdds.scm.container.placement.algorithms.SCMContainerPlacementRandom
2019-08-21 03:08:09,193 [Thread-323] WARN  server.ServerUtils (ServerUtils.java:getScmDbDir(145)) - ozone.scm.db.dirs is not configured. We recommend adding this setting. Falling back to ozone.metadata.dirs instead.
2019-08-21 03:08:09,241 [Thread-323] INFO  pipeline.SCMPipelineManager (SCMPipelineManager.java:initializePipelineState(126)) - No pipeline exists in current db
2019-08-21 03:08:09,241 [Thread-323] WARN  server.ServerUtils (ServerUtils.java:getScmDbDir(145)) - ozone.scm.db.dirs is not configured. We recommend adding this setting. Falling back to ozone.metadata.dirs instead.
2019-08-21 03:08:09,296 [Thread-323] WARN  events.EventQueue (EventQueue.java:fireEvent(175)) - No event handler registered for event TypedEvent{payloadType=SafeModeStatus, name='SafeModeStatus'}
2019-08-21 03:08:09,297 [Thread-323] INFO  ipc.CallQueueManager (CallQueueManager.java:<init>(84)) - Using callQueue: class java.util.concurrent.LinkedBlockingQueue, queueCapacity: 2000, scheduler: class org.apache.hadoop.ipc.DefaultRpcScheduler, ipcBackoff: false.
2019-08-21 03:08:09,298 [Socket Reader #1 for port 44019] INFO  ipc.Server (Server.java:run(1074)) - Starting Socket Reader #1 for port 44019
2019-08-21 03:08:09,300 [Thread-323] INFO  ipc.CallQueueManager (CallQueueManager.java:<init>(84)) - Using callQueue: class java.util.concurrent.LinkedBlockingQueue, queueCapacity: 2000, scheduler: class org.apache.hadoop.ipc.DefaultRpcScheduler, ipcBackoff: false.
2019-08-21 03:08:09,301 [Socket Reader #1 for port 36433] INFO  ipc.Server (Server.java:run(1074)) - Starting Socket Reader #1 for port 36433
2019-08-21 03:08:09,302 [Thread-323] INFO  ipc.CallQueueManager (CallQueueManager.java:<init>(84)) - Using callQueue: class java.util.concurrent.LinkedBlockingQueue, queueCapacity: 2000, scheduler: class org.apache.hadoop.ipc.DefaultRpcScheduler, ipcBackoff: false.
2019-08-21 03:08:09,303 [Socket Reader #1 for port 37298] INFO  ipc.Server (Server.java:run(1074)) - Starting Socket Reader #1 for port 37298
2019-08-21 03:08:09,305 [Thread-323] INFO  hdfs.DFSUtil (DFSUtil.java:httpServerTemplateForNNAndJN(1641)) - Starting Web-server for scm at: http://0.0.0.0:0
2019-08-21 03:08:09,307 [Thread-323] INFO  server.AuthenticationFilter (AuthenticationFilter.java:constructSecretProvider(240)) - Unable to initialize FileSignerSecretProvider, falling back to use random secrets.
2019-08-21 03:08:09,308 [Thread-323] WARN  http.HttpRequestLog (HttpRequestLog.java:getRequestLog(97)) - Jetty request log can only be enabled using Log4j
2019-08-21 03:08:09,310 [Thread-323] INFO  http.HttpServer2 (HttpServer2.java:addGlobalFilter(975)) - Added global filter 'safety' (class=org.apache.hadoop.http.HttpServer2$QuotingInputFilter)
2019-08-21 03:08:09,310 [Thread-323] INFO  http.HttpServer2 (HttpServer2.java:addFilter(948)) - Added filter static_user_filter (class=org.apache.hadoop.http.lib.StaticUserWebFilter$StaticUserFilter) to context scm
2019-08-21 03:08:09,310 [Thread-323] INFO  http.HttpServer2 (HttpServer2.java:addFilter(958)) - Added filter static_user_filter (class=org.apache.hadoop.http.lib.StaticUserWebFilter$StaticUserFilter) to context static
2019-08-21 03:08:09,310 [Thread-323] INFO  http.HttpServer2 (HttpServer2.java:addFilter(958)) - Added filter static_user_filter (class=org.apache.hadoop.http.lib.StaticUserWebFilter$StaticUserFilter) to context logs
2019-08-21 03:08:09,313 [Thread-323] INFO  server.StorageContainerManager (StorageContainerManager.java:start(759)) - StorageContainerLocationProtocol RPC server is listening at /0.0.0.0:37298
2019-08-21 03:08:09,314 [Thread-323] WARN  impl.MetricsConfig (MetricsConfig.java:loadFirst(134)) - Cannot locate configuration: tried hadoop-metrics2-storagecontainermanager.properties,hadoop-metrics2.properties
2019-08-21 03:08:09,315 [Thread-323] INFO  impl.MetricsSystemImpl (MetricsSystemImpl.java:startTimer(374)) - Scheduled Metric snapshot period at 10 second(s).
2019-08-21 03:08:09,315 [Thread-323] INFO  impl.MetricsSystemImpl (MetricsSystemImpl.java:start(191)) - StorageContainerManager metrics system started
2019-08-21 03:08:09,360 [Thread-323] INFO  server.SCMClientProtocolServer (SCMClientProtocolServer.java:start(151)) - RPC server for Client  is listening at /0.0.0.0:37298
2019-08-21 03:08:09,360 [IPC Server Responder] INFO  ipc.Server (Server.java:run(1314)) - IPC Server Responder: starting
2019-08-21 03:08:09,360 [IPC Server listener on 37298] INFO  ipc.Server (Server.java:run(1153)) - IPC Server listener on 37298: starting
2019-08-21 03:08:09,364 [Thread-323] INFO  server.StorageContainerManager (StorageContainerManager.java:start(769)) - ScmBlockLocationProtocol RPC server is listening at /0.0.0.0:36433
2019-08-21 03:08:09,364 [Thread-323] INFO  server.SCMBlockProtocolServer (SCMBlockProtocolServer.java:start(140)) - RPC server for Block Protocol is listening at /0.0.0.0:36433
2019-08-21 03:08:09,364 [IPC Server Responder] INFO  ipc.Server (Server.java:run(1314)) - IPC Server Responder: starting
2019-08-21 03:08:09,364 [IPC Server listener on 36433] INFO  ipc.Server (Server.java:run(1153)) - IPC Server listener on 36433: starting
2019-08-21 03:08:09,368 [Thread-323] INFO  server.StorageContainerManager (StorageContainerManager.java:start(773)) - ScmDatanodeProtocl RPC server is listening at /0.0.0.0:44019
2019-08-21 03:08:09,368 [Thread-323] INFO  server.SCMDatanodeProtocolServer (SCMDatanodeProtocolServer.java:start(191)) - RPC server for DataNodes is listening at /0.0.0.0:44019
2019-08-21 03:08:09,368 [IPC Server Responder] INFO  ipc.Server (Server.java:run(1314)) - IPC Server Responder: starting
2019-08-21 03:08:09,368 [IPC Server listener on 44019] INFO  ipc.Server (Server.java:run(1153)) - IPC Server listener on 44019: starting
2019-08-21 03:08:09,373 [Thread-323] INFO  http.HttpServer2 (HttpServer2.java:bindListener(1191)) - Jetty bound to port 40182
2019-08-21 03:08:09,373 [Thread-323] INFO  server.Server (Server.java:doStart(351)) - jetty-9.3.24.v20180605, build timestamp: 2018-06-05T17:11:56Z, git hash: 84205aa28f11a4f31f2a3b86d1bba2cc8ab69827
2019-08-21 03:08:09,376 [Thread-323] INFO  handler.ContextHandler (ContextHandler.java:doStart(781)) - Started o.e.j.s.ServletContextHandler@6ddd3907{/logs,file:///workdir/hadoop-ozone/integration-test/target/log,AVAILABLE}
2019-08-21 03:08:09,377 [Thread-323] INFO  handler.ContextHandler (ContextHandler.java:doStart(781)) - Started o.e.j.s.ServletContextHandler@19c30cfb{/static,file:///workdir/hadoop-ozone/integration-test/target/test-classes/webapps/static,AVAILABLE}
2019-08-21 03:08:09,382 [Thread-323] INFO  handler.ContextHandler (ContextHandler.java:doStart(781)) - Started o.e.j.w.WebAppContext@47073d72{/,file:///workdir/hadoop-ozone/integration-test/target/test-classes/webapps/scm/,AVAILABLE}{/scm}
2019-08-21 03:08:09,383 [Thread-323] INFO  server.AbstractConnector (AbstractConnector.java:doStart(278)) - Started ServerConnector@17c5ebb6{HTTP/1.1,[http/1.1]}{0.0.0.0:40182}
2019-08-21 03:08:09,383 [Thread-323] INFO  server.Server (Server.java:doStart(419)) - Started @29890ms
2019-08-21 03:08:09,384 [Thread-323] INFO  server.BaseHttpServer (BaseHttpServer.java:updateConnectorAddress(213)) - HTTP server of SCM is listening at http://0.0.0.0:40182
2019-08-21 03:08:09,385 [Thread-323] WARN  server.ServerUtils (ServerUtils.java:getDBPath(222)) - ozone.om.db.dirs is not configured. We recommend adding this setting. Falling back to ozone.metadata.dirs instead.
2019-08-21 03:08:09,385 [org.apache.hadoop.util.JvmPauseMonitor$Monitor@2309064d] INFO  util.JvmPauseMonitor (JvmPauseMonitor.java:run(188)) - Starting JVM pause monitor
2019-08-21 03:08:09,399 [Thread-323] WARN  server.ServerUtils (ServerUtils.java:getDBPath(222)) - ozone.om.db.dirs is not configured. We recommend adding this setting. Falling back to ozone.metadata.dirs instead.
2019-08-21 03:08:09,399 [Thread-323] WARN  server.ServerUtils (ServerUtils.java:getDBPath(222)) - ozone.om.db.dirs is not configured. We recommend adding this setting. Falling back to ozone.metadata.dirs instead.
2019-08-21 03:08:09,400 [Thread-323] INFO  om.OzoneManager (OzoneManager.java:setOMNodeDetails(648)) - OM Service ID is not set. Setting it to the default ID: omServiceIdDefault
2019-08-21 03:08:09,400 [Thread-323] INFO  om.OzoneManager (OzoneManager.java:setOMNodeDetails(654)) - OM Node ID is not set. Setting it to the OmStorage's OmID: 37bf4737-2c3e-44d8-800d-ec28e79a2ff6
2019-08-21 03:08:09,400 [Thread-323] INFO  om.OzoneManager (OzoneManager.java:loadOMHAConfigs(605)) - Found matching OM address with OMServiceId: null, OMNodeId: null, RPC Address: localhost:0 and Ratis port: 9872
2019-08-21 03:08:09,405 | INFO  | SCMAudit | user=jenkins1000 | ip=192.168.69.79 | op=GET_SCM_INFO null | ret=SUCCESS |  
2019-08-21 03:08:09,407 [Thread-323] WARN  server.ServerUtils (ServerUtils.java:getDBPath(222)) - ozone.om.db.dirs is not configured. We recommend adding this setting. Falling back to ozone.metadata.dirs instead.
2019-08-21 03:08:09,407 [Thread-323] INFO  db.DBStoreBuilder (DBStoreBuilder.java:addTable(110)) - using custom profile for table: userTable
2019-08-21 03:08:09,408 [Thread-323] INFO  db.DBStoreBuilder (DBStoreBuilder.java:processTables(161)) - Using default column profile:DBProfile.DISK for Table:userTable
2019-08-21 03:08:09,408 [Thread-323] INFO  db.DBStoreBuilder (DBStoreBuilder.java:addTable(110)) - using custom profile for table: volumeTable
2019-08-21 03:08:09,408 [Thread-323] INFO  db.DBStoreBuilder (DBStoreBuilder.java:processTables(161)) - Using default column profile:DBProfile.DISK for Table:volumeTable
2019-08-21 03:08:09,408 [Thread-323] INFO  db.DBStoreBuilder (DBStoreBuilder.java:addTable(110)) - using custom profile for table: bucketTable
2019-08-21 03:08:09,408 [Thread-323] INFO  db.DBStoreBuilder (DBStoreBuilder.java:processTables(161)) - Using default column profile:DBProfile.DISK for Table:bucketTable
2019-08-21 03:08:09,409 [Thread-323] INFO  db.DBStoreBuilder (DBStoreBuilder.java:addTable(110)) - using custom profile for table: keyTable
2019-08-21 03:08:09,409 [Thread-323] INFO  db.DBStoreBuilder (DBStoreBuilder.java:processTables(161)) - Using default column profile:DBProfile.DISK for Table:keyTable
2019-08-21 03:08:09,409 [Thread-323] INFO  db.DBStoreBuilder (DBStoreBuilder.java:addTable(110)) - using custom profile for table: deletedTable
2019-08-21 03:08:09,409 [Thread-323] INFO  db.DBStoreBuilder (DBStoreBuilder.java:processTables(161)) - Using default column profile:DBProfile.DISK for Table:deletedTable
2019-08-21 03:08:09,409 [Thread-323] INFO  db.DBStoreBuilder (DBStoreBuilder.java:addTable(110)) - using custom profile for table: openKeyTable
2019-08-21 03:08:09,409 [Thread-323] INFO  db.DBStoreBuilder (DBStoreBuilder.java:processTables(161)) - Using default column profile:DBProfile.DISK for Table:openKeyTable
2019-08-21 03:08:09,410 [Thread-323] INFO  db.DBStoreBuilder (DBStoreBuilder.java:addTable(110)) - using custom profile for table: s3Table
2019-08-21 03:08:09,410 [Thread-323] INFO  db.DBStoreBuilder (DBStoreBuilder.java:processTables(161)) - Using default column profile:DBProfile.DISK for Table:s3Table
2019-08-21 03:08:09,410 [Thread-323] INFO  db.DBStoreBuilder (DBStoreBuilder.java:addTable(110)) - using custom profile for table: multipartInfoTable
2019-08-21 03:08:09,410 [Thread-323] INFO  db.DBStoreBuilder (DBStoreBuilder.java:processTables(161)) - Using default column profile:DBProfile.DISK for Table:multipartInfoTable
2019-08-21 03:08:09,410 [Thread-323] INFO  db.DBStoreBuilder (DBStoreBuilder.java:addTable(110)) - using custom profile for table: dTokenTable
2019-08-21 03:08:09,410 [Thread-323] INFO  db.DBStoreBuilder (DBStoreBuilder.java:processTables(161)) - Using default column profile:DBProfile.DISK for Table:dTokenTable
2019-08-21 03:08:09,411 [Thread-323] INFO  db.DBStoreBuilder (DBStoreBuilder.java:addTable(110)) - using custom profile for table: s3SecretTable
2019-08-21 03:08:09,411 [Thread-323] INFO  db.DBStoreBuilder (DBStoreBuilder.java:processTables(161)) - Using default column profile:DBProfile.DISK for Table:s3SecretTable
2019-08-21 03:08:09,411 [Thread-323] INFO  db.DBStoreBuilder (DBStoreBuilder.java:addTable(110)) - using custom profile for table: prefixTable
2019-08-21 03:08:09,411 [Thread-323] INFO  db.DBStoreBuilder (DBStoreBuilder.java:processTables(161)) - Using default column profile:DBProfile.DISK for Table:prefixTable
2019-08-21 03:08:09,411 [Thread-323] INFO  db.DBStoreBuilder (DBStoreBuilder.java:addTable(110)) - using custom profile for table: default
2019-08-21 03:08:09,411 [Thread-323] INFO  db.DBStoreBuilder (DBStoreBuilder.java:processTables(167)) - Using default column profile:DBProfile.DISK for Table:default
2019-08-21 03:08:09,412 [Thread-323] INFO  db.DBStoreBuilder (DBStoreBuilder.java:getDbProfile(198)) - Using default options. DBProfile.DISK
2019-08-21 03:08:09,919 [Thread-323] INFO  ipc.CallQueueManager (CallQueueManager.java:<init>(84)) - Using callQueue: class java.util.concurrent.LinkedBlockingQueue, queueCapacity: 2000, scheduler: class org.apache.hadoop.ipc.DefaultRpcScheduler, ipcBackoff: false.
2019-08-21 03:08:09,921 [Socket Reader #1 for port 35515] INFO  ipc.Server (Server.java:run(1074)) - Starting Socket Reader #1 for port 35515
2019-08-21 03:08:09,939 [Thread-323] INFO  om.OzoneManager (OzoneManager.java:start(1259)) - OzoneManager RPC server is listening at localhost/127.0.0.1:35515
2019-08-21 03:08:09,939 [Thread-323] INFO  impl.MetricsSystemImpl (MetricsSystemImpl.java:init(158)) - OzoneManager metrics system started (again)
2019-08-21 03:08:09,940 [IPC Server Responder] INFO  ipc.Server (Server.java:run(1314)) - IPC Server Responder: starting
2019-08-21 03:08:09,940 [IPC Server listener on 35515] INFO  ipc.Server (Server.java:run(1153)) - IPC Server listener on 35515: starting
2019-08-21 03:08:09,946 [Thread-323] INFO  hdfs.DFSUtil (DFSUtil.java:httpServerTemplateForNNAndJN(1641)) - Starting Web-server for ozoneManager at: http://0.0.0.0:0
2019-08-21 03:08:09,947 [Thread-323] INFO  server.AuthenticationFilter (AuthenticationFilter.java:constructSecretProvider(240)) - Unable to initialize FileSignerSecretProvider, falling back to use random secrets.
2019-08-21 03:08:09,947 [Thread-323] WARN  http.HttpRequestLog (HttpRequestLog.java:getRequestLog(97)) - Jetty request log can only be enabled using Log4j
2019-08-21 03:08:09,949 [Thread-323] INFO  http.HttpServer2 (HttpServer2.java:addGlobalFilter(975)) - Added global filter 'safety' (class=org.apache.hadoop.http.HttpServer2$QuotingInputFilter)
2019-08-21 03:08:09,950 [Thread-323] INFO  http.HttpServer2 (HttpServer2.java:addFilter(948)) - Added filter static_user_filter (class=org.apache.hadoop.http.lib.StaticUserWebFilter$StaticUserFilter) to context ozoneManager
2019-08-21 03:08:09,950 [Thread-323] INFO  http.HttpServer2 (HttpServer2.java:addFilter(958)) - Added filter static_user_filter (class=org.apache.hadoop.http.lib.StaticUserWebFilter$StaticUserFilter) to context static
2019-08-21 03:08:09,950 [Thread-323] INFO  http.HttpServer2 (HttpServer2.java:addFilter(958)) - Added filter static_user_filter (class=org.apache.hadoop.http.lib.StaticUserWebFilter$StaticUserFilter) to context logs
2019-08-21 03:08:09,951 [Thread-323] INFO  http.HttpServer2 (HttpServer2.java:bindListener(1191)) - Jetty bound to port 39474
2019-08-21 03:08:09,951 [Thread-323] INFO  server.Server (Server.java:doStart(351)) - jetty-9.3.24.v20180605, build timestamp: 2018-06-05T17:11:56Z, git hash: 84205aa28f11a4f31f2a3b86d1bba2cc8ab69827
2019-08-21 03:08:09,953 [Thread-323] INFO  handler.ContextHandler (ContextHandler.java:doStart(781)) - Started o.e.j.s.ServletContextHandler@54c32d2f{/logs,file:///workdir/hadoop-ozone/integration-test/target/log,AVAILABLE}
2019-08-21 03:08:09,954 [Thread-323] INFO  handler.ContextHandler (ContextHandler.java:doStart(781)) - Started o.e.j.s.ServletContextHandler@71976a3f{/static,file:///workdir/hadoop-ozone/integration-test/target/test-classes/webapps/static,AVAILABLE}
2019-08-21 03:08:09,959 [Thread-323] INFO  handler.ContextHandler (ContextHandler.java:doStart(781)) - Started o.e.j.w.WebAppContext@46271dc4{/,file:///workdir/hadoop-ozone/integration-test/target/test-classes/webapps/ozoneManager/,AVAILABLE}{/ozoneManager}
2019-08-21 03:08:09,960 [Thread-323] INFO  server.AbstractConnector (AbstractConnector.java:doStart(278)) - Started ServerConnector@4916d3c0{HTTP/1.1,[http/1.1]}{0.0.0.0:39474}
2019-08-21 03:08:09,960 [Thread-323] INFO  server.Server (Server.java:doStart(419)) - Started @30468ms
2019-08-21 03:08:09,961 [Thread-323] INFO  server.BaseHttpServer (BaseHttpServer.java:updateConnectorAddress(213)) - HTTP server of OZONEMANAGER is listening at http://0.0.0.0:39474
2019-08-21 03:08:09,969 [Thread-323] INFO  impl.MetricsSystemImpl (MetricsSystemImpl.java:init(158)) - HddsDatanode metrics system started (again)
2019-08-21 03:08:09,971 [Thread-323] INFO  ozone.HddsDatanodeService (HddsDatanodeService.java:start(184)) - HddsDatanodeService host:pr-hdds-1927-xpkkb-2804094098 ip:192.168.69.79
2019-08-21 03:08:09,980 [Thread-323] INFO  volume.HddsVolume (HddsVolume.java:<init>(176)) - Creating Volume: /workdir/hadoop-ozone/integration-test/target/test-dir/MiniOzoneClusterImpl-440523b1-d1bf-45a3-9b99-cb19fdde5e9b/datanode-0/data/containers/hdds of  storage type : DISK and capacity : 1482555576320
2019-08-21 03:08:09,980 [Thread-323] INFO  volume.VolumeSet (VolumeSet.java:initializeVolumeSet(170)) - Added Volume : /workdir/hadoop-ozone/integration-test/target/test-dir/MiniOzoneClusterImpl-440523b1-d1bf-45a3-9b99-cb19fdde5e9b/datanode-0/data/containers/hdds to VolumeSet
2019-08-21 03:08:09,980 [Thread-323] INFO  volume.ThrottledAsyncChecker (ThrottledAsyncChecker.java:schedule(140)) - Scheduling a check for org.apache.hadoop.ozone.container.common.volume.HddsVolume@1f02a5a9
2019-08-21 03:08:09,981 [Thread-323] INFO  volume.HddsVolumeChecker (HddsVolumeChecker.java:checkAllVolumes(203)) - Scheduled health check for volume org.apache.hadoop.ozone.container.common.volume.HddsVolume@1f02a5a9
2019-08-21 03:08:09,996 [Thread-323] INFO  impl.RaftServerProxy (ConfUtils.java:logGet(43)) - raft.rpc.type = GRPC (default)
2019-08-21 03:08:09,996 [Thread-323] INFO  grpc.GrpcFactory (GrpcFactory.java:checkPooledByteBufAllocatorUseCacheForAllThreads(45)) - PERFORMANCE WARNING: useCacheForAllThreads is true that may cause Netty to create a lot garbage objects and, as a result, trigger GC.
	It is recommended to disable useCacheForAllThreads by setting -Dorg.apache.ratis.thirdparty.io.netty.allocator.useCacheForAllThreads=false in command line.
2019-08-21 03:08:09,997 [Thread-323] INFO  grpc.GrpcConfigKeys$Server (ConfUtils.java:logGet(43)) - raft.grpc.server.port = 0 (default)
2019-08-21 03:08:09,997 [Thread-323] INFO  server.GrpcService (ConfUtils.java:logGet(43)) - raft.grpc.message.size.max = 33570816 (custom)
2019-08-21 03:08:09,997 [Thread-323] INFO  server.RaftServerConfigKeys (ConfUtils.java:logGet(43)) - raft.server.log.appender.buffer.byte-limit = 33554432 (custom)
2019-08-21 03:08:09,997 [Thread-323] INFO  server.GrpcService (ConfUtils.java:logGet(43)) - raft.grpc.flow.control.window = 1MB (=1048576) (default)
2019-08-21 03:08:09,997 [Thread-323] INFO  server.RaftServerConfigKeys (ConfUtils.java:logGet(43)) - raft.server.rpc.request.timeout = 3000ms (default)
2019-08-21 03:08:09,998 [Thread-323] INFO  server.RaftServerConfigKeys (ConfUtils.java:logGet(43)) - raft.server.storage.dir = [/workdir/hadoop-ozone/integration-test/target/test-dir/MiniOzoneClusterImpl-440523b1-d1bf-45a3-9b99-cb19fdde5e9b/datanode-0/data/ratis] (custom)
2019-08-21 03:08:09,998 [Thread-323] INFO  replication.SimpleContainerDownloader (SimpleContainerDownloader.java:<init>(72)) - Starting container downloader service to copy containers to replicate.
2019-08-21 03:08:10,000 [Thread-323] INFO  hdfs.DFSUtil (DFSUtil.java:httpServerTemplateForNNAndJN(1641)) - Starting Web-server for hddsDatanode at: http://0.0.0.0:0
2019-08-21 03:08:10,001 [Thread-323] INFO  server.AuthenticationFilter (AuthenticationFilter.java:constructSecretProvider(240)) - Unable to initialize FileSignerSecretProvider, falling back to use random secrets.
2019-08-21 03:08:10,001 [Thread-323] WARN  http.HttpRequestLog (HttpRequestLog.java:getRequestLog(97)) - Jetty request log can only be enabled using Log4j
2019-08-21 03:08:10,003 [Thread-323] INFO  http.HttpServer2 (HttpServer2.java:addGlobalFilter(975)) - Added global filter 'safety' (class=org.apache.hadoop.http.HttpServer2$QuotingInputFilter)
2019-08-21 03:08:10,003 [Thread-323] INFO  http.HttpServer2 (HttpServer2.java:addFilter(948)) - Added filter static_user_filter (class=org.apache.hadoop.http.lib.StaticUserWebFilter$StaticUserFilter) to context hddsDatanode
2019-08-21 03:08:10,003 [Thread-323] INFO  http.HttpServer2 (HttpServer2.java:addFilter(958)) - Added filter static_user_filter (class=org.apache.hadoop.http.lib.StaticUserWebFilter$StaticUserFilter) to context logs
2019-08-21 03:08:10,003 [Thread-323] INFO  http.HttpServer2 (HttpServer2.java:addFilter(958)) - Added filter static_user_filter (class=org.apache.hadoop.http.lib.StaticUserWebFilter$StaticUserFilter) to context static
2019-08-21 03:08:10,004 [Thread-323] INFO  http.HttpServer2 (HttpServer2.java:bindListener(1191)) - Jetty bound to port 41429
2019-08-21 03:08:10,004 [Thread-323] INFO  server.Server (Server.java:doStart(351)) - jetty-9.3.24.v20180605, build timestamp: 2018-06-05T17:11:56Z, git hash: 84205aa28f11a4f31f2a3b86d1bba2cc8ab69827
2019-08-21 03:08:10,006 [Thread-323] INFO  handler.ContextHandler (ContextHandler.java:doStart(781)) - Started o.e.j.s.ServletContextHandler@69a2aea4{/logs,file:///workdir/hadoop-ozone/integration-test/target/log,AVAILABLE}
2019-08-21 03:08:10,006 [Thread-323] INFO  handler.ContextHandler (ContextHandler.java:doStart(781)) - Started o.e.j.s.ServletContextHandler@7243921f{/static,jar:file:/home/user/.m2/repository/org/apache/hadoop/hadoop-hdds-container-service/0.5.0-SNAPSHOT/hadoop-hdds-container-service-0.5.0-SNAPSHOT.jar!/webapps/static,AVAILABLE}
2019-08-21 03:08:10,037 [Thread-323] INFO  handler.ContextHandler (ContextHandler.java:doStart(781)) - Started o.e.j.w.WebAppContext@41fc2622{/,file:///tmp/jetty-0.0.0.0-41429-hddsDatanode-_-any-5504546234442822707.dir/webapp/,AVAILABLE}{/hddsDatanode}
2019-08-21 03:08:10,037 [Thread-323] INFO  server.AbstractConnector (AbstractConnector.java:doStart(278)) - Started ServerConnector@5c59c0{HTTP/1.1,[http/1.1]}{0.0.0.0:41429}
2019-08-21 03:08:10,038 [Thread-323] INFO  server.Server (Server.java:doStart(419)) - Started @30545ms
2019-08-21 03:08:10,039 [Thread-323] INFO  server.BaseHttpServer (BaseHttpServer.java:updateConnectorAddress(213)) - HTTP server of HDDSDATANODE is listening at http://0.0.0.0:41429
2019-08-21 03:08:10,167 | INFO  | ObjectStoreRestHttpServer | Listening HDDS REST traffic on /0.0.0.0:36044 |  
2019-08-21 03:08:10,167 [Thread-323] INFO  ozone.HddsDatanodeService (HddsDatanodeService.java:startPlugins(395)) - Started plug-in org.apache.hadoop.ozone.web.OzoneHddsDatanodeService@5f050fd0
2019-08-21 03:08:10,167 [Thread-323] INFO  impl.MetricsSystemImpl (MetricsSystemImpl.java:init(158)) - HddsDatanode metrics system started (again)
2019-08-21 03:08:10,169 [Thread-323] INFO  ozone.HddsDatanodeService (HddsDatanodeService.java:start(184)) - HddsDatanodeService host:pr-hdds-1927-xpkkb-2804094098 ip:192.168.69.79
2019-08-21 03:08:10,170 [org.apache.hadoop.util.JvmPauseMonitor$Monitor@74cbc04e] INFO  util.JvmPauseMonitor (JvmPauseMonitor.java:run(188)) - Starting JVM pause monitor
2019-08-21 03:08:10,173 [Datanode State Machine Thread - 0] INFO  datanode.InitDatanodeState (InitDatanodeState.java:persistContainerDatanodeDetails(140)) - DatanodeDetails is persisted to /workdir/hadoop-ozone/integration-test/target/test-dir/MiniOzoneClusterImpl-440523b1-d1bf-45a3-9b99-cb19fdde5e9b/datanode-0/meta/datanode.id
2019-08-21 03:08:10,176 [Thread-323] INFO  volume.HddsVolume (HddsVolume.java:<init>(176)) - Creating Volume: /workdir/hadoop-ozone/integration-test/target/test-dir/MiniOzoneClusterImpl-440523b1-d1bf-45a3-9b99-cb19fdde5e9b/datanode-1/data/containers/hdds of  storage type : DISK and capacity : 1482555576320
2019-08-21 03:08:10,177 [Thread-323] INFO  volume.VolumeSet (VolumeSet.java:initializeVolumeSet(170)) - Added Volume : /workdir/hadoop-ozone/integration-test/target/test-dir/MiniOzoneClusterImpl-440523b1-d1bf-45a3-9b99-cb19fdde5e9b/datanode-1/data/containers/hdds to VolumeSet
2019-08-21 03:08:10,177 [Thread-323] INFO  volume.ThrottledAsyncChecker (ThrottledAsyncChecker.java:schedule(140)) - Scheduling a check for org.apache.hadoop.ozone.container.common.volume.HddsVolume@5f5ac197
2019-08-21 03:08:10,177 [Thread-323] INFO  volume.HddsVolumeChecker (HddsVolumeChecker.java:checkAllVolumes(203)) - Scheduled health check for volume org.apache.hadoop.ozone.container.common.volume.HddsVolume@5f5ac197
2019-08-21 03:08:10,190 [Thread-323] INFO  impl.RaftServerProxy (ConfUtils.java:logGet(43)) - raft.rpc.type = GRPC (default)
2019-08-21 03:08:10,191 [Thread-323] INFO  grpc.GrpcFactory (GrpcFactory.java:checkPooledByteBufAllocatorUseCacheForAllThreads(45)) - PERFORMANCE WARNING: useCacheForAllThreads is true that may cause Netty to create a lot garbage objects and, as a result, trigger GC.
	It is recommended to disable useCacheForAllThreads by setting -Dorg.apache.ratis.thirdparty.io.netty.allocator.useCacheForAllThreads=false in command line.
2019-08-21 03:08:10,191 [Thread-323] INFO  grpc.GrpcConfigKeys$Server (ConfUtils.java:logGet(43)) - raft.grpc.server.port = 0 (default)
2019-08-21 03:08:10,191 [Thread-323] INFO  server.GrpcService (ConfUtils.java:logGet(43)) - raft.grpc.message.size.max = 33570816 (custom)
2019-08-21 03:08:10,191 [Thread-323] INFO  server.RaftServerConfigKeys (ConfUtils.java:logGet(43)) - raft.server.log.appender.buffer.byte-limit = 33554432 (custom)
2019-08-21 03:08:10,191 [Thread-323] INFO  server.GrpcService (ConfUtils.java:logGet(43)) - raft.grpc.flow.control.window = 1MB (=1048576) (default)
2019-08-21 03:08:10,191 [Thread-323] INFO  server.RaftServerConfigKeys (ConfUtils.java:logGet(43)) - raft.server.rpc.request.timeout = 3000ms (default)
2019-08-21 03:08:10,192 [Thread-323] INFO  server.RaftServerConfigKeys (ConfUtils.java:logGet(43)) - raft.server.storage.dir = [/workdir/hadoop-ozone/integration-test/target/test-dir/MiniOzoneClusterImpl-440523b1-d1bf-45a3-9b99-cb19fdde5e9b/datanode-1/data/ratis] (custom)
2019-08-21 03:08:10,192 [Thread-323] INFO  replication.SimpleContainerDownloader (SimpleContainerDownloader.java:<init>(72)) - Starting container downloader service to copy containers to replicate.
2019-08-21 03:08:10,193 [Thread-323] INFO  hdfs.DFSUtil (DFSUtil.java:httpServerTemplateForNNAndJN(1641)) - Starting Web-server for hddsDatanode at: http://0.0.0.0:0
2019-08-21 03:08:10,194 [Thread-323] INFO  server.AuthenticationFilter (AuthenticationFilter.java:constructSecretProvider(240)) - Unable to initialize FileSignerSecretProvider, falling back to use random secrets.
2019-08-21 03:08:10,195 [Thread-323] WARN  http.HttpRequestLog (HttpRequestLog.java:getRequestLog(97)) - Jetty request log can only be enabled using Log4j
2019-08-21 03:08:10,196 [Thread-323] INFO  http.HttpServer2 (HttpServer2.java:addGlobalFilter(975)) - Added global filter 'safety' (class=org.apache.hadoop.http.HttpServer2$QuotingInputFilter)
2019-08-21 03:08:10,196 [Thread-323] INFO  http.HttpServer2 (HttpServer2.java:addFilter(948)) - Added filter static_user_filter (class=org.apache.hadoop.http.lib.StaticUserWebFilter$StaticUserFilter) to context hddsDatanode
2019-08-21 03:08:10,196 [Thread-323] INFO  http.HttpServer2 (HttpServer2.java:addFilter(958)) - Added filter static_user_filter (class=org.apache.hadoop.http.lib.StaticUserWebFilter$StaticUserFilter) to context logs
2019-08-21 03:08:10,197 [Thread-323] INFO  http.HttpServer2 (HttpServer2.java:addFilter(958)) - Added filter static_user_filter (class=org.apache.hadoop.http.lib.StaticUserWebFilter$StaticUserFilter) to context static
2019-08-21 03:08:10,197 [Thread-323] INFO  http.HttpServer2 (HttpServer2.java:bindListener(1191)) - Jetty bound to port 39429
2019-08-21 03:08:10,197 [Thread-323] INFO  server.Server (Server.java:doStart(351)) - jetty-9.3.24.v20180605, build timestamp: 2018-06-05T17:11:56Z, git hash: 84205aa28f11a4f31f2a3b86d1bba2cc8ab69827
2019-08-21 03:08:10,199 [Thread-323] INFO  handler.ContextHandler (ContextHandler.java:doStart(781)) - Started o.e.j.s.ServletContextHandler@74682f3c{/logs,file:///workdir/hadoop-ozone/integration-test/target/log,AVAILABLE}
2019-08-21 03:08:10,199 [Thread-323] INFO  handler.ContextHandler (ContextHandler.java:doStart(781)) - Started o.e.j.s.ServletContextHandler@7af33937{/static,jar:file:/home/user/.m2/repository/org/apache/hadoop/hadoop-hdds-container-service/0.5.0-SNAPSHOT/hadoop-hdds-container-service-0.5.0-SNAPSHOT.jar!/webapps/static,AVAILABLE}
2019-08-21 03:08:10,227 [Thread-323] INFO  handler.ContextHandler (ContextHandler.java:doStart(781)) - Started o.e.j.w.WebAppContext@337bb770{/,file:///tmp/jetty-0.0.0.0-39429-hddsDatanode-_-any-7697537880041132965.dir/webapp/,AVAILABLE}{/hddsDatanode}
2019-08-21 03:08:10,227 [Thread-323] INFO  server.AbstractConnector (AbstractConnector.java:doStart(278)) - Started ServerConnector@3f478a07{HTTP/1.1,[http/1.1]}{0.0.0.0:39429}
2019-08-21 03:08:10,228 [Thread-323] INFO  server.Server (Server.java:doStart(419)) - Started @30735ms
2019-08-21 03:08:10,229 [Thread-323] INFO  server.BaseHttpServer (BaseHttpServer.java:updateConnectorAddress(213)) - HTTP server of HDDSDATANODE is listening at http://0.0.0.0:39429
2019-08-21 03:08:10,338 | INFO  | ObjectStoreRestHttpServer | Listening HDDS REST traffic on /0.0.0.0:35699 |  
2019-08-21 03:08:10,338 [Thread-323] INFO  ozone.HddsDatanodeService (HddsDatanodeService.java:startPlugins(395)) - Started plug-in org.apache.hadoop.ozone.web.OzoneHddsDatanodeService@3d6e2a7b
2019-08-21 03:08:10,339 [Thread-323] INFO  impl.MetricsSystemImpl (MetricsSystemImpl.java:init(158)) - HddsDatanode metrics system started (again)
2019-08-21 03:08:10,342 [Thread-323] INFO  ozone.HddsDatanodeService (HddsDatanodeService.java:start(184)) - HddsDatanodeService host:pr-hdds-1927-xpkkb-2804094098 ip:192.168.69.79
2019-08-21 03:08:10,342 [org.apache.hadoop.util.JvmPauseMonitor$Monitor@9f25a5e] INFO  util.JvmPauseMonitor (JvmPauseMonitor.java:run(188)) - Starting JVM pause monitor
2019-08-21 03:08:10,344 [Datanode State Machine Thread - 0] INFO  datanode.InitDatanodeState (InitDatanodeState.java:persistContainerDatanodeDetails(140)) - DatanodeDetails is persisted to /workdir/hadoop-ozone/integration-test/target/test-dir/MiniOzoneClusterImpl-440523b1-d1bf-45a3-9b99-cb19fdde5e9b/datanode-1/meta/datanode.id
2019-08-21 03:08:10,349 [Thread-323] INFO  volume.HddsVolume (HddsVolume.java:<init>(176)) - Creating Volume: /workdir/hadoop-ozone/integration-test/target/test-dir/MiniOzoneClusterImpl-440523b1-d1bf-45a3-9b99-cb19fdde5e9b/datanode-2/data/containers/hdds of  storage type : DISK and capacity : 1482555576320
2019-08-21 03:08:10,349 [Thread-323] INFO  volume.VolumeSet (VolumeSet.java:initializeVolumeSet(170)) - Added Volume : /workdir/hadoop-ozone/integration-test/target/test-dir/MiniOzoneClusterImpl-440523b1-d1bf-45a3-9b99-cb19fdde5e9b/datanode-2/data/containers/hdds to VolumeSet
2019-08-21 03:08:10,350 [Thread-323] INFO  volume.ThrottledAsyncChecker (ThrottledAsyncChecker.java:schedule(140)) - Scheduling a check for org.apache.hadoop.ozone.container.common.volume.HddsVolume@7875e8fa
2019-08-21 03:08:10,350 [Thread-323] INFO  volume.HddsVolumeChecker (HddsVolumeChecker.java:checkAllVolumes(203)) - Scheduled health check for volume org.apache.hadoop.ozone.container.common.volume.HddsVolume@7875e8fa
2019-08-21 03:08:10,363 [Thread-323] INFO  impl.RaftServerProxy (ConfUtils.java:logGet(43)) - raft.rpc.type = GRPC (default)
2019-08-21 03:08:10,364 [Thread-323] INFO  grpc.GrpcFactory (GrpcFactory.java:checkPooledByteBufAllocatorUseCacheForAllThreads(45)) - PERFORMANCE WARNING: useCacheForAllThreads is true that may cause Netty to create a lot garbage objects and, as a result, trigger GC.
	It is recommended to disable useCacheForAllThreads by setting -Dorg.apache.ratis.thirdparty.io.netty.allocator.useCacheForAllThreads=false in command line.
2019-08-21 03:08:10,364 [Thread-323] INFO  grpc.GrpcConfigKeys$Server (ConfUtils.java:logGet(43)) - raft.grpc.server.port = 0 (default)
2019-08-21 03:08:10,364 [Thread-323] INFO  server.GrpcService (ConfUtils.java:logGet(43)) - raft.grpc.message.size.max = 33570816 (custom)
2019-08-21 03:08:10,364 [Thread-323] INFO  server.RaftServerConfigKeys (ConfUtils.java:logGet(43)) - raft.server.log.appender.buffer.byte-limit = 33554432 (custom)
2019-08-21 03:08:10,364 [Thread-323] INFO  server.GrpcService (ConfUtils.java:logGet(43)) - raft.grpc.flow.control.window = 1MB (=1048576) (default)
2019-08-21 03:08:10,364 [Thread-323] INFO  server.RaftServerConfigKeys (ConfUtils.java:logGet(43)) - raft.server.rpc.request.timeout = 3000ms (default)
2019-08-21 03:08:10,365 [Thread-323] INFO  server.RaftServerConfigKeys (ConfUtils.java:logGet(43)) - raft.server.storage.dir = [/workdir/hadoop-ozone/integration-test/target/test-dir/MiniOzoneClusterImpl-440523b1-d1bf-45a3-9b99-cb19fdde5e9b/datanode-2/data/ratis] (custom)
2019-08-21 03:08:10,365 [Thread-323] INFO  replication.SimpleContainerDownloader (SimpleContainerDownloader.java:<init>(72)) - Starting container downloader service to copy containers to replicate.
2019-08-21 03:08:10,366 [Thread-323] INFO  hdfs.DFSUtil (DFSUtil.java:httpServerTemplateForNNAndJN(1641)) - Starting Web-server for hddsDatanode at: http://0.0.0.0:0
2019-08-21 03:08:10,367 [Thread-323] INFO  server.AuthenticationFilter (AuthenticationFilter.java:constructSecretProvider(240)) - Unable to initialize FileSignerSecretProvider, falling back to use random secrets.
2019-08-21 03:08:10,368 [Thread-323] WARN  http.HttpRequestLog (HttpRequestLog.java:getRequestLog(97)) - Jetty request log can only be enabled using Log4j
2019-08-21 03:08:10,369 [Thread-323] INFO  http.HttpServer2 (HttpServer2.java:addGlobalFilter(975)) - Added global filter 'safety' (class=org.apache.hadoop.http.HttpServer2$QuotingInputFilter)
2019-08-21 03:08:10,369 [Thread-323] INFO  http.HttpServer2 (HttpServer2.java:addFilter(948)) - Added filter static_user_filter (class=org.apache.hadoop.http.lib.StaticUserWebFilter$StaticUserFilter) to context hddsDatanode
2019-08-21 03:08:10,369 [Thread-323] INFO  http.HttpServer2 (HttpServer2.java:addFilter(958)) - Added filter static_user_filter (class=org.apache.hadoop.http.lib.StaticUserWebFilter$StaticUserFilter) to context static
2019-08-21 03:08:10,369 [Thread-323] INFO  http.HttpServer2 (HttpServer2.java:addFilter(958)) - Added filter static_user_filter (class=org.apache.hadoop.http.lib.StaticUserWebFilter$StaticUserFilter) to context logs
2019-08-21 03:08:10,370 [Thread-323] INFO  http.HttpServer2 (HttpServer2.java:bindListener(1191)) - Jetty bound to port 40983
2019-08-21 03:08:10,370 [Thread-323] INFO  server.Server (Server.java:doStart(351)) - jetty-9.3.24.v20180605, build timestamp: 2018-06-05T17:11:56Z, git hash: 84205aa28f11a4f31f2a3b86d1bba2cc8ab69827
2019-08-21 03:08:10,371 [Thread-323] INFO  handler.ContextHandler (ContextHandler.java:doStart(781)) - Started o.e.j.s.ServletContextHandler@47338a4c{/logs,file:///workdir/hadoop-ozone/integration-test/target/log,AVAILABLE}
2019-08-21 03:08:10,372 [Thread-323] INFO  handler.ContextHandler (ContextHandler.java:doStart(781)) - Started o.e.j.s.ServletContextHandler@5f5ae5c3{/static,jar:file:/home/user/.m2/repository/org/apache/hadoop/hadoop-hdds-container-service/0.5.0-SNAPSHOT/hadoop-hdds-container-service-0.5.0-SNAPSHOT.jar!/webapps/static,AVAILABLE}
2019-08-21 03:08:10,399 [Thread-323] INFO  handler.ContextHandler (ContextHandler.java:doStart(781)) - Started o.e.j.w.WebAppContext@6b8048ab{/,file:///tmp/jetty-0.0.0.0-40983-hddsDatanode-_-any-1697625992415859077.dir/webapp/,AVAILABLE}{/hddsDatanode}
2019-08-21 03:08:10,399 [Thread-323] INFO  server.AbstractConnector (AbstractConnector.java:doStart(278)) - Started ServerConnector@205d724{HTTP/1.1,[http/1.1]}{0.0.0.0:40983}
2019-08-21 03:08:10,400 [Thread-323] INFO  server.Server (Server.java:doStart(419)) - Started @30907ms
2019-08-21 03:08:10,401 [Thread-323] INFO  server.BaseHttpServer (BaseHttpServer.java:updateConnectorAddress(213)) - HTTP server of HDDSDATANODE is listening at http://0.0.0.0:40983
2019-08-21 03:08:10,508 | INFO  | ObjectStoreRestHttpServer | Listening HDDS REST traffic on /0.0.0.0:46345 |  
2019-08-21 03:08:10,509 [Thread-323] INFO  ozone.HddsDatanodeService (HddsDatanodeService.java:startPlugins(395)) - Started plug-in org.apache.hadoop.ozone.web.OzoneHddsDatanodeService@3a60281a
2019-08-21 03:08:10,509 [Thread-323] INFO  ozone.MiniOzoneClusterImpl (MiniOzoneClusterImpl.java:lambda$waitForClusterToBeReady$0(142)) - Waiting for cluster to be ready. Got 0 of 3 DN Heartbeats.
2019-08-21 03:08:10,512 [org.apache.hadoop.util.JvmPauseMonitor$Monitor@3d0622b2] INFO  util.JvmPauseMonitor (JvmPauseMonitor.java:run(188)) - Starting JVM pause monitor
2019-08-21 03:08:10,514 [Datanode State Machine Thread - 0] INFO  datanode.InitDatanodeState (InitDatanodeState.java:persistContainerDatanodeDetails(140)) - DatanodeDetails is persisted to /workdir/hadoop-ozone/integration-test/target/test-dir/MiniOzoneClusterImpl-440523b1-d1bf-45a3-9b99-cb19fdde5e9b/datanode-2/meta/datanode.id
2019-08-21 03:08:11,509 [Thread-323] INFO  ozone.MiniOzoneClusterImpl (MiniOzoneClusterImpl.java:lambda$waitForClusterToBeReady$0(142)) - Waiting for cluster to be ready. Got 0 of 3 DN Heartbeats.
2019-08-21 03:08:12,174 | INFO  | SCMAudit | user=jenkins1000 | ip=192.168.69.79 | op=GET_VERSION null | ret=SUCCESS |  
2019-08-21 03:08:12,227 [Datanode State Machine Thread - 0] INFO  ozoneimpl.OzoneContainer (OzoneContainer.java:start(186)) - Attempting to start container services.
2019-08-21 03:08:12,230 [Datanode State Machine Thread - 0] INFO  ozoneimpl.OzoneContainer (OzoneContainer.java:startContainerScrub(160)) - Background container scrubber has been disabled by hdds.containerscrub.enabled
2019-08-21 03:08:12,230 [Datanode State Machine Thread - 0] INFO  ratis.XceiverServerRatis (XceiverServerRatis.java:start(404)) - Starting XceiverServerRatis afa424f4-ff41-4877-ad11-a15f16e37855 at port 0
2019-08-21 03:08:12,236 [Datanode State Machine Thread - 0] INFO  impl.RaftServerProxy (RaftServerProxy.java:lambda$start$3(299)) - afa424f4-ff41-4877-ad11-a15f16e37855: start RPC server
2019-08-21 03:08:12,239 [Datanode State Machine Thread - 0] INFO  server.GrpcService (GrpcService.java:startImpl(149)) - afa424f4-ff41-4877-ad11-a15f16e37855: GrpcService started, listening on 0.0.0.0/0.0.0.0:39673
2019-08-21 03:08:12,239 [Datanode State Machine Thread - 0] INFO  ratis.XceiverServerRatis (XceiverServerRatis.java:start(414)) - XceiverServerRatis afa424f4-ff41-4877-ad11-a15f16e37855 is started using port 39673
2019-08-21 03:08:12,240 [Datanode State Machine Thread - 0] INFO  server.XceiverServerGrpc (XceiverServerGrpc.java:start(161)) - XceiverServerGrpc afa424f4-ff41-4877-ad11-a15f16e37855 is started using port 45491
2019-08-21 03:08:12,344 | INFO  | SCMAudit | user=jenkins1000 | ip=192.168.69.79 | op=GET_VERSION null | ret=SUCCESS |  
2019-08-21 03:08:12,361 [Datanode State Machine Thread - 0] INFO  ozoneimpl.OzoneContainer (OzoneContainer.java:start(186)) - Attempting to start container services.
2019-08-21 03:08:12,361 [Datanode State Machine Thread - 0] INFO  ozoneimpl.OzoneContainer (OzoneContainer.java:startContainerScrub(160)) - Background container scrubber has been disabled by hdds.containerscrub.enabled
2019-08-21 03:08:12,361 [Datanode State Machine Thread - 0] INFO  ratis.XceiverServerRatis (XceiverServerRatis.java:start(404)) - Starting XceiverServerRatis deffb78e-0f7f-4e6c-8f29-96a42428adf0 at port 0
2019-08-21 03:08:12,368 [Datanode State Machine Thread - 0] INFO  impl.RaftServerProxy (RaftServerProxy.java:lambda$start$3(299)) - deffb78e-0f7f-4e6c-8f29-96a42428adf0: start RPC server
2019-08-21 03:08:12,368 [Datanode State Machine Thread - 0] INFO  server.GrpcService (GrpcService.java:startImpl(149)) - deffb78e-0f7f-4e6c-8f29-96a42428adf0: GrpcService started, listening on 0.0.0.0/0.0.0.0:40497
2019-08-21 03:08:12,369 [Datanode State Machine Thread - 0] INFO  ratis.XceiverServerRatis (XceiverServerRatis.java:start(414)) - XceiverServerRatis deffb78e-0f7f-4e6c-8f29-96a42428adf0 is started using port 40497
2019-08-21 03:08:12,370 [Datanode State Machine Thread - 0] INFO  server.XceiverServerGrpc (XceiverServerGrpc.java:start(161)) - XceiverServerGrpc deffb78e-0f7f-4e6c-8f29-96a42428adf0 is started using port 41001
2019-08-21 03:08:12,510 [Thread-323] INFO  ozone.MiniOzoneClusterImpl (MiniOzoneClusterImpl.java:lambda$waitForClusterToBeReady$0(142)) - Waiting for cluster to be ready. Got 0 of 3 DN Heartbeats.
2019-08-21 03:08:12,512 | INFO  | SCMAudit | user=jenkins1000 | ip=192.168.69.79 | op=GET_VERSION null | ret=SUCCESS |  
2019-08-21 03:08:12,528 [Datanode State Machine Thread - 0] INFO  ozoneimpl.OzoneContainer (OzoneContainer.java:start(186)) - Attempting to start container services.
2019-08-21 03:08:12,528 [Datanode State Machine Thread - 0] INFO  ozoneimpl.OzoneContainer (OzoneContainer.java:startContainerScrub(160)) - Background container scrubber has been disabled by hdds.containerscrub.enabled
2019-08-21 03:08:12,528 [Datanode State Machine Thread - 0] INFO  ratis.XceiverServerRatis (XceiverServerRatis.java:start(404)) - Starting XceiverServerRatis 3b3fe35e-bec2-454a-8b04-4cf0fdd2f767 at port 0
2019-08-21 03:08:12,534 [Datanode State Machine Thread - 0] INFO  impl.RaftServerProxy (RaftServerProxy.java:lambda$start$3(299)) - 3b3fe35e-bec2-454a-8b04-4cf0fdd2f767: start RPC server
2019-08-21 03:08:12,535 [Datanode State Machine Thread - 0] INFO  server.GrpcService (GrpcService.java:startImpl(149)) - 3b3fe35e-bec2-454a-8b04-4cf0fdd2f767: GrpcService started, listening on 0.0.0.0/0.0.0.0:32992
2019-08-21 03:08:12,535 [Datanode State Machine Thread - 0] INFO  ratis.XceiverServerRatis (XceiverServerRatis.java:start(414)) - XceiverServerRatis 3b3fe35e-bec2-454a-8b04-4cf0fdd2f767 is started using port 32992
2019-08-21 03:08:12,539 [Datanode State Machine Thread - 0] INFO  server.XceiverServerGrpc (XceiverServerGrpc.java:start(161)) - XceiverServerGrpc 3b3fe35e-bec2-454a-8b04-4cf0fdd2f767 is started using port 33268
2019-08-21 03:08:13,510 [Thread-323] INFO  ozone.MiniOzoneClusterImpl (MiniOzoneClusterImpl.java:lambda$waitForClusterToBeReady$0(142)) - Waiting for cluster to be ready. Got 0 of 3 DN Heartbeats.
2019-08-21 03:08:14,173 [IPC Server handler 1 on 44019] INFO  net.NetworkTopology (NetworkTopologyImpl.java:add(110)) - Added a new node: /default-rack/afa424f4-ff41-4877-ad11-a15f16e37855
2019-08-21 03:08:14,175 [IPC Server handler 1 on 44019] INFO  node.SCMNodeManager (SCMNodeManager.java:register(273)) - Registered Data node : afa424f4-ff41-4877-ad11-a15f16e37855{ip: 192.168.69.79, host: pr-hdds-1927-xpkkb-2804094098, networkLocation: /default-rack, certSerialId: null}
2019-08-21 03:08:14,176 [EventQueue-NodeRegistrationContainerReportForDataNodeSafeModeRule] INFO  safemode.SCMSafeModeManager (DataNodeSafeModeRule.java:process(71)) - SCM in safe mode. 1 DataNodes registered, 1 required.
2019-08-21 03:08:14,176 | INFO  | SCMAudit | user=jenkins1000 | ip=192.168.69.79 | op=REGISTER {datanodeDetails=afa424f4-ff41-4877-ad11-a15f16e37855{ip: 192.168.69.79, host: pr-hdds-1927-xpkkb-2804094098, networkLocation: /default-rack, certSerialId: null}} | ret=SUCCESS |  
2019-08-21 03:08:14,178 [EventQueue-NodeRegistrationContainerReportForDataNodeSafeModeRule] INFO  safemode.SCMSafeModeManager (SCMSafeModeManager.java:validateSafeModeExitRules(177)) - ScmSafeModeManager, all rules are successfully validated
2019-08-21 03:08:14,178 [EventQueue-NodeRegistrationContainerReportForDataNodeSafeModeRule] INFO  safemode.SCMSafeModeManager (SCMSafeModeManager.java:exitSafeMode(193)) - SCM exiting safe mode.
2019-08-21 03:08:14,200 [grpc-default-executor-0] INFO  impl.RaftServerProxy (RaftServerProxy.java:addNew(89)) - afa424f4-ff41-4877-ad11-a15f16e37855: addNew group-8AA392D4BC08:[afa424f4-ff41-4877-ad11-a15f16e37855:192.168.69.79:39673] returns group-8AA392D4BC08:java.util.concurrent.CompletableFuture@722ad35f[Not completed]
2019-08-21 03:08:14,202 [pool-113-thread-1] INFO  impl.RaftServerImpl (RaftServerImpl.java:<init>(93)) - afa424f4-ff41-4877-ad11-a15f16e37855: new RaftServerImpl for group-8AA392D4BC08:[afa424f4-ff41-4877-ad11-a15f16e37855:192.168.69.79:39673] with ContainerStateMachine:uninitialized
2019-08-21 03:08:14,202 [pool-113-thread-1] INFO  server.RaftServerConfigKeys (ConfUtils.java:logGet(43)) - raft.server.rpc.timeout.min = 5s (custom)
2019-08-21 03:08:14,202 [pool-113-thread-1] INFO  server.RaftServerConfigKeys (ConfUtils.java:logGet(43)) - raft.server.rpc.timeout.max = 5200ms (custom)
2019-08-21 03:08:14,202 [pool-113-thread-1] INFO  server.RaftServerConfigKeys (ConfUtils.java:logGet(43)) - raft.server.rpcslowness.timeout = 120s (custom)
2019-08-21 03:08:14,202 [pool-113-thread-1] INFO  server.RaftServerConfigKeys (ConfUtils.java:logGet(43)) - raft.server.sleep.deviation.threshold = 300 (default)
2019-08-21 03:08:14,202 [pool-113-thread-1] INFO  server.RaftServerConfigKeys (ConfUtils.java:logGet(43)) - raft.server.log.appender.install.snapshot.enabled = false (custom)
2019-08-21 03:08:14,203 [pool-113-thread-1] INFO  impl.RaftServerImpl (ServerState.java:<init>(105)) - afa424f4-ff41-4877-ad11-a15f16e37855:group-8AA392D4BC08 ConfigurationManager, init=-1: [afa424f4-ff41-4877-ad11-a15f16e37855:192.168.69.79:39673], old=null, confs=<EMPTY_MAP>
2019-08-21 03:08:14,203 [pool-113-thread-1] INFO  server.RaftServerConfigKeys (ConfUtils.java:logGet(43)) - raft.server.storage.dir = [/workdir/hadoop-ozone/integration-test/target/test-dir/MiniOzoneClusterImpl-440523b1-d1bf-45a3-9b99-cb19fdde5e9b/datanode-0/data/ratis] (custom)
2019-08-21 03:08:14,203 [pool-113-thread-1] INFO  storage.RaftStorageDirectory (RaftStorageDirectory.java:analyzeStorage(246)) - The storage directory /workdir/hadoop-ozone/integration-test/target/test-dir/MiniOzoneClusterImpl-440523b1-d1bf-45a3-9b99-cb19fdde5e9b/datanode-0/data/ratis/023eca78-6422-44c0-9ed0-8aa392d4bc08 does not exist. Creating ...
2019-08-21 03:08:14,265 [pool-113-thread-1] INFO  storage.RaftStorageDirectory (RaftStorageDirectory.java:tryLock(328)) - Lock on /workdir/hadoop-ozone/integration-test/target/test-dir/MiniOzoneClusterImpl-440523b1-d1bf-45a3-9b99-cb19fdde5e9b/datanode-0/data/ratis/023eca78-6422-44c0-9ed0-8aa392d4bc08/in_use.lock acquired by nodename 20226@pr-hdds-1927-xpkkb-2804094098
2019-08-21 03:08:14,280 [pool-113-thread-1] INFO  storage.RaftStorage (RaftStorage.java:format(72)) - Storage directory /workdir/hadoop-ozone/integration-test/target/test-dir/MiniOzoneClusterImpl-440523b1-d1bf-45a3-9b99-cb19fdde5e9b/datanode-0/data/ratis/023eca78-6422-44c0-9ed0-8aa392d4bc08 has been successfully formatted.
2019-08-21 03:08:14,280 [pool-113-thread-1] INFO  ratis.ContainerStateMachine (ContainerStateMachine.java:loadSnapshot(226)) - group-8AA392D4BC08: The snapshot info is null. Setting the last applied indexto:(t:0, i:~)
2019-08-21 03:08:14,280 [pool-113-thread-1] INFO  server.RaftServerConfigKeys (ConfUtils.java:logGet(43)) - raft.server.leader.election.timeout = 120s (custom)
2019-08-21 03:08:14,280 [pool-113-thread-1] INFO  server.RaftServerConfigKeys (ConfUtils.java:logGet(43)) - raft.server.log.use.memory = false (default)
2019-08-21 03:08:14,281 [pool-113-thread-1] INFO  server.RaftServerConfigKeys (ConfUtils.java:logGet(43)) - raft.server.log.purge.gap = 1000000 (custom)
2019-08-21 03:08:14,281 [pool-113-thread-1] INFO  server.RaftServerConfigKeys (ConfUtils.java:logGet(43)) - raft.server.log.appender.buffer.byte-limit = 33554432 (custom)
2019-08-21 03:08:14,281 [pool-113-thread-1] INFO  server.RaftServerConfigKeys (ConfUtils.java:logGet(43)) - raft.server.log.segment.size.max = 1048576 (custom)
2019-08-21 03:08:14,281 [pool-113-thread-1] INFO  server.RaftServerConfigKeys (ConfUtils.java:logGet(43)) - raft.server.log.segment.cache.num.max = 2 (custom)
2019-08-21 03:08:14,282 [pool-113-thread-1] INFO  segmented.SegmentedRaftLogWorker (SegmentedRaftLogWorker.java:<init>(172)) - new afa424f4-ff41-4877-ad11-a15f16e37855-SegmentedRaftLogWorker:Storage Directory /workdir/hadoop-ozone/integration-test/target/test-dir/MiniOzoneClusterImpl-440523b1-d1bf-45a3-9b99-cb19fdde5e9b/datanode-0/data/ratis/023eca78-6422-44c0-9ed0-8aa392d4bc08 for RaftStorage:Storage Directory /workdir/hadoop-ozone/integration-test/target/test-dir/MiniOzoneClusterImpl-440523b1-d1bf-45a3-9b99-cb19fdde5e9b/datanode-0/data/ratis/023eca78-6422-44c0-9ed0-8aa392d4bc08
2019-08-21 03:08:14,282 [pool-113-thread-1] INFO  server.RaftServerConfigKeys (ConfUtils.java:logGet(43)) - raft.server.log.queue.byte-limit = 2147483647 (custom)
2019-08-21 03:08:14,282 [pool-113-thread-1] INFO  server.RaftServerConfigKeys (ConfUtils.java:logGet(43)) - raft.server.log.queue.element-limit = 1024 (custom)
2019-08-21 03:08:14,282 [pool-113-thread-1] INFO  server.RaftServerConfigKeys (ConfUtils.java:logGet(43)) - raft.server.log.segment.size.max = 1048576 (custom)
2019-08-21 03:08:14,283 [pool-113-thread-1] INFO  server.RaftServerConfigKeys (ConfUtils.java:logGet(43)) - raft.server.log.preallocated.size = 16384 (custom)
2019-08-21 03:08:14,283 [pool-113-thread-1] INFO  server.RaftServerConfigKeys (ConfUtils.java:logGet(43)) - raft.server.log.write.buffer.size = 33554432 (custom)
2019-08-21 03:08:14,283 [pool-113-thread-1] INFO  server.RaftServerConfigKeys (ConfUtils.java:logGet(43)) - raft.server.log.force.sync.num = 128 (default)
2019-08-21 03:08:14,283 [pool-113-thread-1] INFO  server.RaftServerConfigKeys (ConfUtils.java:logGet(43)) - raft.server.log.statemachine.data.sync = true (default)
2019-08-21 03:08:14,283 [pool-113-thread-1] INFO  server.RaftServerConfigKeys (ConfUtils.java:logGet(43)) - raft.server.log.statemachine.data.sync.timeout = 10s (default)
2019-08-21 03:08:14,283 [pool-113-thread-1] INFO  server.RaftServerConfigKeys (ConfUtils.java:logGet(43)) - raft.server.log.statemachine.data.sync.timeout.retry = -1 (default)
2019-08-21 03:08:14,284 [pool-113-thread-1] INFO  server.RaftServerConfigKeys (ConfUtils.java:logGet(43)) - raft.server.log.statemachine.data.caching.enabled = true (custom)
2019-08-21 03:08:14,284 [pool-113-thread-1] INFO  segmented.SegmentedRaftLogWorker (SegmentedRaftLogWorker.java:lambda$new$0(132)) - afa424f4-ff41-4877-ad11-a15f16e37855-SegmentedRaftLogWorker:Storage Directory /workdir/hadoop-ozone/integration-test/target/test-dir/MiniOzoneClusterImpl-440523b1-d1bf-45a3-9b99-cb19fdde5e9b/datanode-0/data/ratis/023eca78-6422-44c0-9ed0-8aa392d4bc08: flushIndex: setUnconditionally 0 -> -1
2019-08-21 03:08:14,285 [pool-113-thread-1] INFO  server.RaftServerConfigKeys (ConfUtils.java:logGet(43)) - raft.server.snapshot.auto.trigger.enabled = true (custom)
2019-08-21 03:08:14,285 [pool-113-thread-1] INFO  server.RaftServerConfigKeys (ConfUtils.java:logGet(43)) - raft.server.snapshot.auto.trigger.threshold = 10000 (custom)
2019-08-21 03:08:14,285 [pool-113-thread-1] INFO  server.RaftServerConfigKeys (ConfUtils.java:logGet(43)) - raft.server.retrycache.expirytime = 600000ms (custom)
2019-08-21 03:08:14,285 [pool-113-thread-1] INFO  impl.RaftServerImpl (RaftServerImpl.java:start(180)) - afa424f4-ff41-4877-ad11-a15f16e37855: start group-8AA392D4BC08
2019-08-21 03:08:14,286 [pool-113-thread-1] INFO  impl.RaftServerImpl (RaftServerImpl.java:setRole(171)) - afa424f4-ff41-4877-ad11-a15f16e37855:group-8AA392D4BC08 changes role from null to FOLLOWER at term 0 for startAsFollower
2019-08-21 03:08:14,286 [pool-113-thread-1] INFO  impl.RoleInfo (RoleInfo.java:updateAndGet(143)) - afa424f4-ff41-4877-ad11-a15f16e37855: start FollowerState
2019-08-21 03:08:14,286 [pool-113-thread-1] INFO  util.JmxRegister (JmxRegister.java:tryRegister(44)) - Successfully registered JMX Bean with object name Ratis:service=RaftServer,group=group-8AA392D4BC08,id=afa424f4-ff41-4877-ad11-a15f16e37855
2019-08-21 03:08:14,295 [RatisPipelineUtilsThread] INFO  pipeline.PipelineStateManager (PipelineStateManager.java:addPipeline(56)) - Created pipeline Pipeline[ Id: 023eca78-6422-44c0-9ed0-8aa392d4bc08, Nodes: afa424f4-ff41-4877-ad11-a15f16e37855{ip: 192.168.69.79, host: pr-hdds-1927-xpkkb-2804094098, networkLocation: /default-rack, certSerialId: null}, Type:RATIS, Factor:ONE, State:OPEN]
2019-08-21 03:08:14,345 [IPC Server handler 3 on 44019] INFO  net.NetworkTopology (NetworkTopologyImpl.java:add(110)) - Added a new node: /default-rack/deffb78e-0f7f-4e6c-8f29-96a42428adf0
2019-08-21 03:08:14,345 [IPC Server handler 3 on 44019] INFO  node.SCMNodeManager (SCMNodeManager.java:register(273)) - Registered Data node : deffb78e-0f7f-4e6c-8f29-96a42428adf0{ip: 192.168.69.79, host: pr-hdds-1927-xpkkb-2804094098, networkLocation: /default-rack, certSerialId: null}
2019-08-21 03:08:14,346 | INFO  | SCMAudit | user=jenkins1000 | ip=192.168.69.79 | op=REGISTER {datanodeDetails=deffb78e-0f7f-4e6c-8f29-96a42428adf0{ip: 192.168.69.79, host: pr-hdds-1927-xpkkb-2804094098, networkLocation: /default-rack, certSerialId: null}} | ret=SUCCESS |  
2019-08-21 03:08:14,358 [grpc-default-executor-0] INFO  impl.RaftServerProxy (RaftServerProxy.java:addNew(89)) - deffb78e-0f7f-4e6c-8f29-96a42428adf0: addNew group-6AEE6D77989A:[deffb78e-0f7f-4e6c-8f29-96a42428adf0:192.168.69.79:40497] returns group-6AEE6D77989A:java.util.concurrent.CompletableFuture@3691a1b6[Not completed]
2019-08-21 03:08:14,361 [pool-124-thread-1] INFO  impl.RaftServerImpl (RaftServerImpl.java:<init>(93)) - deffb78e-0f7f-4e6c-8f29-96a42428adf0: new RaftServerImpl for group-6AEE6D77989A:[deffb78e-0f7f-4e6c-8f29-96a42428adf0:192.168.69.79:40497] with ContainerStateMachine:uninitialized
2019-08-21 03:08:14,362 [pool-124-thread-1] INFO  server.RaftServerConfigKeys (ConfUtils.java:logGet(43)) - raft.server.rpc.timeout.min = 5s (custom)
2019-08-21 03:08:14,362 [pool-124-thread-1] INFO  server.RaftServerConfigKeys (ConfUtils.java:logGet(43)) - raft.server.rpc.timeout.max = 5200ms (custom)
2019-08-21 03:08:14,362 [pool-124-thread-1] INFO  server.RaftServerConfigKeys (ConfUtils.java:logGet(43)) - raft.server.rpcslowness.timeout = 120s (custom)
2019-08-21 03:08:14,362 [pool-124-thread-1] INFO  server.RaftServerConfigKeys (ConfUtils.java:logGet(43)) - raft.server.sleep.deviation.threshold = 300 (default)
2019-08-21 03:08:14,362 [pool-124-thread-1] INFO  server.RaftServerConfigKeys (ConfUtils.java:logGet(43)) - raft.server.log.appender.install.snapshot.enabled = false (custom)
2019-08-21 03:08:14,363 [pool-124-thread-1] INFO  impl.RaftServerImpl (ServerState.java:<init>(105)) - deffb78e-0f7f-4e6c-8f29-96a42428adf0:group-6AEE6D77989A ConfigurationManager, init=-1: [deffb78e-0f7f-4e6c-8f29-96a42428adf0:192.168.69.79:40497], old=null, confs=<EMPTY_MAP>
2019-08-21 03:08:14,363 [pool-124-thread-1] INFO  server.RaftServerConfigKeys (ConfUtils.java:logGet(43)) - raft.server.storage.dir = [/workdir/hadoop-ozone/integration-test/target/test-dir/MiniOzoneClusterImpl-440523b1-d1bf-45a3-9b99-cb19fdde5e9b/datanode-1/data/ratis] (custom)
2019-08-21 03:08:14,363 [pool-124-thread-1] INFO  storage.RaftStorageDirectory (RaftStorageDirectory.java:analyzeStorage(246)) - The storage directory /workdir/hadoop-ozone/integration-test/target/test-dir/MiniOzoneClusterImpl-440523b1-d1bf-45a3-9b99-cb19fdde5e9b/datanode-1/data/ratis/f4627039-2ff2-42c9-ba0c-6aee6d77989a does not exist. Creating ...
2019-08-21 03:08:14,377 [pool-124-thread-1] INFO  storage.RaftStorageDirectory (RaftStorageDirectory.java:tryLock(328)) - Lock on /workdir/hadoop-ozone/integration-test/target/test-dir/MiniOzoneClusterImpl-440523b1-d1bf-45a3-9b99-cb19fdde5e9b/datanode-1/data/ratis/f4627039-2ff2-42c9-ba0c-6aee6d77989a/in_use.lock acquired by nodename 20226@pr-hdds-1927-xpkkb-2804094098
2019-08-21 03:08:14,391 [pool-124-thread-1] INFO  storage.RaftStorage (RaftStorage.java:format(72)) - Storage directory /workdir/hadoop-ozone/integration-test/target/test-dir/MiniOzoneClusterImpl-440523b1-d1bf-45a3-9b99-cb19fdde5e9b/datanode-1/data/ratis/f4627039-2ff2-42c9-ba0c-6aee6d77989a has been successfully formatted.
2019-08-21 03:08:14,392 [pool-124-thread-1] INFO  ratis.ContainerStateMachine (ContainerStateMachine.java:loadSnapshot(226)) - group-6AEE6D77989A: The snapshot info is null. Setting the last applied indexto:(t:0, i:~)
2019-08-21 03:08:14,392 [pool-124-thread-1] INFO  server.RaftServerConfigKeys (ConfUtils.java:logGet(43)) - raft.server.leader.election.timeout = 120s (custom)
2019-08-21 03:08:14,392 [pool-124-thread-1] INFO  server.RaftServerConfigKeys (ConfUtils.java:logGet(43)) - raft.server.log.use.memory = false (default)
2019-08-21 03:08:14,392 [pool-124-thread-1] INFO  server.RaftServerConfigKeys (ConfUtils.java:logGet(43)) - raft.server.log.purge.gap = 1000000 (custom)
2019-08-21 03:08:14,393 [pool-124-thread-1] INFO  server.RaftServerConfigKeys (ConfUtils.java:logGet(43)) - raft.server.log.appender.buffer.byte-limit = 33554432 (custom)
2019-08-21 03:08:14,393 [pool-124-thread-1] INFO  server.RaftServerConfigKeys (ConfUtils.java:logGet(43)) - raft.server.log.segment.size.max = 1048576 (custom)
2019-08-21 03:08:14,393 [pool-124-thread-1] INFO  server.RaftServerConfigKeys (ConfUtils.java:logGet(43)) - raft.server.log.segment.cache.num.max = 2 (custom)
2019-08-21 03:08:14,393 [pool-124-thread-1] INFO  segmented.SegmentedRaftLogWorker (SegmentedRaftLogWorker.java:<init>(172)) - new deffb78e-0f7f-4e6c-8f29-96a42428adf0-SegmentedRaftLogWorker:Storage Directory /workdir/hadoop-ozone/integration-test/target/test-dir/MiniOzoneClusterImpl-440523b1-d1bf-45a3-9b99-cb19fdde5e9b/datanode-1/data/ratis/f4627039-2ff2-42c9-ba0c-6aee6d77989a for RaftStorage:Storage Directory /workdir/hadoop-ozone/integration-test/target/test-dir/MiniOzoneClusterImpl-440523b1-d1bf-45a3-9b99-cb19fdde5e9b/datanode-1/data/ratis/f4627039-2ff2-42c9-ba0c-6aee6d77989a
2019-08-21 03:08:14,394 [pool-124-thread-1] INFO  server.RaftServerConfigKeys (ConfUtils.java:logGet(43)) - raft.server.log.queue.byte-limit = 2147483647 (custom)
2019-08-21 03:08:14,394 [pool-124-thread-1] INFO  server.RaftServerConfigKeys (ConfUtils.java:logGet(43)) - raft.server.log.queue.element-limit = 1024 (custom)
2019-08-21 03:08:14,394 [pool-124-thread-1] INFO  server.RaftServerConfigKeys (ConfUtils.java:logGet(43)) - raft.server.log.segment.size.max = 1048576 (custom)
2019-08-21 03:08:14,395 [pool-124-thread-1] INFO  server.RaftServerConfigKeys (ConfUtils.java:logGet(43)) - raft.server.log.preallocated.size = 16384 (custom)
2019-08-21 03:08:14,395 [pool-124-thread-1] INFO  server.RaftServerConfigKeys (ConfUtils.java:logGet(43)) - raft.server.log.write.buffer.size = 33554432 (custom)
2019-08-21 03:08:14,395 [pool-124-thread-1] INFO  server.RaftServerConfigKeys (ConfUtils.java:logGet(43)) - raft.server.log.force.sync.num = 128 (default)
2019-08-21 03:08:14,395 [pool-124-thread-1] INFO  server.RaftServerConfigKeys (ConfUtils.java:logGet(43)) - raft.server.log.statemachine.data.sync = true (default)
2019-08-21 03:08:14,395 [pool-124-thread-1] INFO  server.RaftServerConfigKeys (ConfUtils.java:logGet(43)) - raft.server.log.statemachine.data.sync.timeout = 10s (default)
2019-08-21 03:08:14,396 [pool-124-thread-1] INFO  server.RaftServerConfigKeys (ConfUtils.java:logGet(43)) - raft.server.log.statemachine.data.sync.timeout.retry = -1 (default)
2019-08-21 03:08:14,396 [pool-124-thread-1] INFO  server.RaftServerConfigKeys (ConfUtils.java:logGet(43)) - raft.server.log.statemachine.data.caching.enabled = true (custom)
2019-08-21 03:08:14,396 [pool-124-thread-1] INFO  segmented.SegmentedRaftLogWorker (SegmentedRaftLogWorker.java:lambda$new$0(132)) - deffb78e-0f7f-4e6c-8f29-96a42428adf0-SegmentedRaftLogWorker:Storage Directory /workdir/hadoop-ozone/integration-test/target/test-dir/MiniOzoneClusterImpl-440523b1-d1bf-45a3-9b99-cb19fdde5e9b/datanode-1/data/ratis/f4627039-2ff2-42c9-ba0c-6aee6d77989a: flushIndex: setUnconditionally 0 -> -1
2019-08-21 03:08:14,397 [pool-124-thread-1] INFO  server.RaftServerConfigKeys (ConfUtils.java:logGet(43)) - raft.server.snapshot.auto.trigger.enabled = true (custom)
2019-08-21 03:08:14,397 [pool-124-thread-1] INFO  server.RaftServerConfigKeys (ConfUtils.java:logGet(43)) - raft.server.snapshot.auto.trigger.threshold = 10000 (custom)
2019-08-21 03:08:14,397 [pool-124-thread-1] INFO  server.RaftServerConfigKeys (ConfUtils.java:logGet(43)) - raft.server.retrycache.expirytime = 600000ms (custom)
2019-08-21 03:08:14,398 [pool-124-thread-1] INFO  impl.RaftServerImpl (RaftServerImpl.java:start(180)) - deffb78e-0f7f-4e6c-8f29-96a42428adf0: start group-6AEE6D77989A
2019-08-21 03:08:14,398 [pool-124-thread-1] INFO  impl.RaftServerImpl (RaftServerImpl.java:setRole(171)) - deffb78e-0f7f-4e6c-8f29-96a42428adf0:group-6AEE6D77989A changes role from null to FOLLOWER at term 0 for startAsFollower
2019-08-21 03:08:14,398 [pool-124-thread-1] INFO  impl.RoleInfo (RoleInfo.java:updateAndGet(143)) - deffb78e-0f7f-4e6c-8f29-96a42428adf0: start FollowerState
2019-08-21 03:08:14,404 [pool-124-thread-1] INFO  util.JmxRegister (JmxRegister.java:tryRegister(44)) - Successfully registered JMX Bean with object name Ratis:service=RaftServer,group=group-6AEE6D77989A,id=deffb78e-0f7f-4e6c-8f29-96a42428adf0
2019-08-21 03:08:14,414 [RatisPipelineUtilsThread] INFO  pipeline.PipelineStateManager (PipelineStateManager.java:addPipeline(56)) - Created pipeline Pipeline[ Id: f4627039-2ff2-42c9-ba0c-6aee6d77989a, Nodes: deffb78e-0f7f-4e6c-8f29-96a42428adf0{ip: 192.168.69.79, host: pr-hdds-1927-xpkkb-2804094098, networkLocation: /default-rack, certSerialId: null}, Type:RATIS, Factor:ONE, State:OPEN]
2019-08-21 03:08:14,511 [Thread-323] INFO  ozone.MiniOzoneClusterImpl (MiniOzoneClusterImpl.java:lambda$waitForClusterToBeReady$0(142)) - Waiting for cluster to be ready. Got 2 of 3 DN Heartbeats.
2019-08-21 03:08:14,514 [IPC Server handler 1 on 44019] INFO  net.NetworkTopology (NetworkTopologyImpl.java:add(110)) - Added a new node: /default-rack/3b3fe35e-bec2-454a-8b04-4cf0fdd2f767
2019-08-21 03:08:14,514 [IPC Server handler 1 on 44019] INFO  node.SCMNodeManager (SCMNodeManager.java:register(273)) - Registered Data node : 3b3fe35e-bec2-454a-8b04-4cf0fdd2f767{ip: 192.168.69.79, host: pr-hdds-1927-xpkkb-2804094098, networkLocation: /default-rack, certSerialId: null}
2019-08-21 03:08:14,515 | INFO  | SCMAudit | user=jenkins1000 | ip=192.168.69.79 | op=REGISTER {datanodeDetails=3b3fe35e-bec2-454a-8b04-4cf0fdd2f767{ip: 192.168.69.79, host: pr-hdds-1927-xpkkb-2804094098, networkLocation: /default-rack, certSerialId: null}} | ret=SUCCESS |  
2019-08-21 03:08:14,528 [grpc-default-executor-0] INFO  impl.RaftServerProxy (RaftServerProxy.java:addNew(89)) - 3b3fe35e-bec2-454a-8b04-4cf0fdd2f767: addNew group-9E930A021B0A:[3b3fe35e-bec2-454a-8b04-4cf0fdd2f767:192.168.69.79:32992] returns group-9E930A021B0A:java.util.concurrent.CompletableFuture@163291cb[Not completed]
2019-08-21 03:08:14,530 [pool-135-thread-1] INFO  impl.RaftServerImpl (RaftServerImpl.java:<init>(93)) - 3b3fe35e-bec2-454a-8b04-4cf0fdd2f767: new RaftServerImpl for group-9E930A021B0A:[3b3fe35e-bec2-454a-8b04-4cf0fdd2f767:192.168.69.79:32992] with ContainerStateMachine:uninitialized
2019-08-21 03:08:14,530 [pool-135-thread-1] INFO  server.RaftServerConfigKeys (ConfUtils.java:logGet(43)) - raft.server.rpc.timeout.min = 5s (custom)
2019-08-21 03:08:14,531 [pool-135-thread-1] INFO  server.RaftServerConfigKeys (ConfUtils.java:logGet(43)) - raft.server.rpc.timeout.max = 5200ms (custom)
2019-08-21 03:08:14,531 [pool-135-thread-1] INFO  server.RaftServerConfigKeys (ConfUtils.java:logGet(43)) - raft.server.rpcslowness.timeout = 120s (custom)
2019-08-21 03:08:14,531 [pool-135-thread-1] INFO  server.RaftServerConfigKeys (ConfUtils.java:logGet(43)) - raft.server.sleep.deviation.threshold = 300 (default)
2019-08-21 03:08:14,531 [pool-135-thread-1] INFO  server.RaftServerConfigKeys (ConfUtils.java:logGet(43)) - raft.server.log.appender.install.snapshot.enabled = false (custom)
2019-08-21 03:08:14,531 [pool-135-thread-1] INFO  impl.RaftServerImpl (ServerState.java:<init>(105)) - 3b3fe35e-bec2-454a-8b04-4cf0fdd2f767:group-9E930A021B0A ConfigurationManager, init=-1: [3b3fe35e-bec2-454a-8b04-4cf0fdd2f767:192.168.69.79:32992], old=null, confs=<EMPTY_MAP>
2019-08-21 03:08:14,531 [pool-135-thread-1] INFO  server.RaftServerConfigKeys (ConfUtils.java:logGet(43)) - raft.server.storage.dir = [/workdir/hadoop-ozone/integration-test/target/test-dir/MiniOzoneClusterImpl-440523b1-d1bf-45a3-9b99-cb19fdde5e9b/datanode-2/data/ratis] (custom)
2019-08-21 03:08:14,532 [pool-135-thread-1] INFO  storage.RaftStorageDirectory (RaftStorageDirectory.java:analyzeStorage(246)) - The storage directory /workdir/hadoop-ozone/integration-test/target/test-dir/MiniOzoneClusterImpl-440523b1-d1bf-45a3-9b99-cb19fdde5e9b/datanode-2/data/ratis/d48c85b3-3ff6-4c2f-a799-9e930a021b0a does not exist. Creating ...
2019-08-21 03:08:14,540 [pool-135-thread-1] INFO  storage.RaftStorageDirectory (RaftStorageDirectory.java:tryLock(328)) - Lock on /workdir/hadoop-ozone/integration-test/target/test-dir/MiniOzoneClusterImpl-440523b1-d1bf-45a3-9b99-cb19fdde5e9b/datanode-2/data/ratis/d48c85b3-3ff6-4c2f-a799-9e930a021b0a/in_use.lock acquired by nodename 20226@pr-hdds-1927-xpkkb-2804094098
2019-08-21 03:08:14,554 [pool-135-thread-1] INFO  storage.RaftStorage (RaftStorage.java:format(72)) - Storage directory /workdir/hadoop-ozone/integration-test/target/test-dir/MiniOzoneClusterImpl-440523b1-d1bf-45a3-9b99-cb19fdde5e9b/datanode-2/data/ratis/d48c85b3-3ff6-4c2f-a799-9e930a021b0a has been successfully formatted.
2019-08-21 03:08:14,554 [pool-135-thread-1] INFO  ratis.ContainerStateMachine (ContainerStateMachine.java:loadSnapshot(226)) - group-9E930A021B0A: The snapshot info is null. Setting the last applied indexto:(t:0, i:~)
2019-08-21 03:08:14,555 [pool-135-thread-1] INFO  server.RaftServerConfigKeys (ConfUtils.java:logGet(43)) - raft.server.leader.election.timeout = 120s (custom)
2019-08-21 03:08:14,555 [pool-135-thread-1] INFO  server.RaftServerConfigKeys (ConfUtils.java:logGet(43)) - raft.server.log.use.memory = false (default)
2019-08-21 03:08:14,555 [pool-135-thread-1] INFO  server.RaftServerConfigKeys (ConfUtils.java:logGet(43)) - raft.server.log.purge.gap = 1000000 (custom)
2019-08-21 03:08:14,555 [pool-135-thread-1] INFO  server.RaftServerConfigKeys (ConfUtils.java:logGet(43)) - raft.server.log.appender.buffer.byte-limit = 33554432 (custom)
2019-08-21 03:08:14,555 [pool-135-thread-1] INFO  server.RaftServerConfigKeys (ConfUtils.java:logGet(43)) - raft.server.log.segment.size.max = 1048576 (custom)
2019-08-21 03:08:14,556 [pool-135-thread-1] INFO  server.RaftServerConfigKeys (ConfUtils.java:logGet(43)) - raft.server.log.segment.cache.num.max = 2 (custom)
2019-08-21 03:08:14,556 [pool-135-thread-1] INFO  segmented.SegmentedRaftLogWorker (SegmentedRaftLogWorker.java:<init>(172)) - new 3b3fe35e-bec2-454a-8b04-4cf0fdd2f767-SegmentedRaftLogWorker:Storage Directory /workdir/hadoop-ozone/integration-test/target/test-dir/MiniOzoneClusterImpl-440523b1-d1bf-45a3-9b99-cb19fdde5e9b/datanode-2/data/ratis/d48c85b3-3ff6-4c2f-a799-9e930a021b0a for RaftStorage:Storage Directory /workdir/hadoop-ozone/integration-test/target/test-dir/MiniOzoneClusterImpl-440523b1-d1bf-45a3-9b99-cb19fdde5e9b/datanode-2/data/ratis/d48c85b3-3ff6-4c2f-a799-9e930a021b0a
2019-08-21 03:08:14,556 [pool-135-thread-1] INFO  server.RaftServerConfigKeys (ConfUtils.java:logGet(43)) - raft.server.log.queue.byte-limit = 2147483647 (custom)
2019-08-21 03:08:14,556 [pool-135-thread-1] INFO  server.RaftServerConfigKeys (ConfUtils.java:logGet(43)) - raft.server.log.queue.element-limit = 1024 (custom)
2019-08-21 03:08:14,557 [pool-135-thread-1] INFO  server.RaftServerConfigKeys (ConfUtils.java:logGet(43)) - raft.server.log.segment.size.max = 1048576 (custom)
2019-08-21 03:08:14,557 [pool-135-thread-1] INFO  server.RaftServerConfigKeys (ConfUtils.java:logGet(43)) - raft.server.log.preallocated.size = 16384 (custom)
2019-08-21 03:08:14,557 [pool-135-thread-1] INFO  server.RaftServerConfigKeys (ConfUtils.java:logGet(43)) - raft.server.log.write.buffer.size = 33554432 (custom)
2019-08-21 03:08:14,557 [pool-135-thread-1] INFO  server.RaftServerConfigKeys (ConfUtils.java:logGet(43)) - raft.server.log.force.sync.num = 128 (default)
2019-08-21 03:08:14,557 [pool-135-thread-1] INFO  server.RaftServerConfigKeys (ConfUtils.java:logGet(43)) - raft.server.log.statemachine.data.sync = true (default)
2019-08-21 03:08:14,557 [pool-135-thread-1] INFO  server.RaftServerConfigKeys (ConfUtils.java:logGet(43)) - raft.server.log.statemachine.data.sync.timeout = 10s (default)
2019-08-21 03:08:14,558 [pool-135-thread-1] INFO  server.RaftServerConfigKeys (ConfUtils.java:logGet(43)) - raft.server.log.statemachine.data.sync.timeout.retry = -1 (default)
2019-08-21 03:08:14,558 [pool-135-thread-1] INFO  server.RaftServerConfigKeys (ConfUtils.java:logGet(43)) - raft.server.log.statemachine.data.caching.enabled = true (custom)
2019-08-21 03:08:14,558 [pool-135-thread-1] INFO  segmented.SegmentedRaftLogWorker (SegmentedRaftLogWorker.java:lambda$new$0(132)) - 3b3fe35e-bec2-454a-8b04-4cf0fdd2f767-SegmentedRaftLogWorker:Storage Directory /workdir/hadoop-ozone/integration-test/target/test-dir/MiniOzoneClusterImpl-440523b1-d1bf-45a3-9b99-cb19fdde5e9b/datanode-2/data/ratis/d48c85b3-3ff6-4c2f-a799-9e930a021b0a: flushIndex: setUnconditionally 0 -> -1
2019-08-21 03:08:14,559 [pool-135-thread-1] INFO  server.RaftServerConfigKeys (ConfUtils.java:logGet(43)) - raft.server.snapshot.auto.trigger.enabled = true (custom)
2019-08-21 03:08:14,559 [pool-135-thread-1] INFO  server.RaftServerConfigKeys (ConfUtils.java:logGet(43)) - raft.server.snapshot.auto.trigger.threshold = 10000 (custom)
2019-08-21 03:08:14,559 [pool-135-thread-1] INFO  server.RaftServerConfigKeys (ConfUtils.java:logGet(43)) - raft.server.retrycache.expirytime = 600000ms (custom)
2019-08-21 03:08:14,560 [pool-135-thread-1] INFO  impl.RaftServerImpl (RaftServerImpl.java:start(180)) - 3b3fe35e-bec2-454a-8b04-4cf0fdd2f767: start group-9E930A021B0A
2019-08-21 03:08:14,560 [pool-135-thread-1] INFO  impl.RaftServerImpl (RaftServerImpl.java:setRole(171)) - 3b3fe35e-bec2-454a-8b04-4cf0fdd2f767:group-9E930A021B0A changes role from null to FOLLOWER at term 0 for startAsFollower
2019-08-21 03:08:14,560 [pool-135-thread-1] INFO  impl.RoleInfo (RoleInfo.java:updateAndGet(143)) - 3b3fe35e-bec2-454a-8b04-4cf0fdd2f767: start FollowerState
2019-08-21 03:08:14,560 [pool-135-thread-1] INFO  util.JmxRegister (JmxRegister.java:tryRegister(44)) - Successfully registered JMX Bean with object name Ratis:service=RaftServer,group=group-9E930A021B0A,id=3b3fe35e-bec2-454a-8b04-4cf0fdd2f767
2019-08-21 03:08:14,566 [RatisPipelineUtilsThread] INFO  pipeline.PipelineStateManager (PipelineStateManager.java:addPipeline(56)) - Created pipeline Pipeline[ Id: d48c85b3-3ff6-4c2f-a799-9e930a021b0a, Nodes: 3b3fe35e-bec2-454a-8b04-4cf0fdd2f767{ip: 192.168.69.79, host: pr-hdds-1927-xpkkb-2804094098, networkLocation: /default-rack, certSerialId: null}, Type:RATIS, Factor:ONE, State:OPEN]
2019-08-21 03:08:14,589 [grpc-default-executor-1] INFO  impl.RaftServerProxy (RaftServerProxy.java:addNew(89)) - 3b3fe35e-bec2-454a-8b04-4cf0fdd2f767: addNew group-34A254BE9BCF:[deffb78e-0f7f-4e6c-8f29-96a42428adf0:192.168.69.79:40497, afa424f4-ff41-4877-ad11-a15f16e37855:192.168.69.79:39673, 3b3fe35e-bec2-454a-8b04-4cf0fdd2f767:192.168.69.79:32992] returns group-34A254BE9BCF:java.util.concurrent.CompletableFuture@814a18b[Not completed]
2019-08-21 03:08:14,590 [pool-135-thread-1] INFO  impl.RaftServerImpl (RaftServerImpl.java:<init>(93)) - 3b3fe35e-bec2-454a-8b04-4cf0fdd2f767: new RaftServerImpl for group-34A254BE9BCF:[deffb78e-0f7f-4e6c-8f29-96a42428adf0:192.168.69.79:40497, afa424f4-ff41-4877-ad11-a15f16e37855:192.168.69.79:39673, 3b3fe35e-bec2-454a-8b04-4cf0fdd2f767:192.168.69.79:32992] with ContainerStateMachine:uninitialized
2019-08-21 03:08:14,593 [pool-135-thread-1] INFO  server.RaftServerConfigKeys (ConfUtils.java:logGet(43)) - raft.server.rpc.timeout.min = 5s (custom)
2019-08-21 03:08:14,593 [pool-135-thread-1] INFO  server.RaftServerConfigKeys (ConfUtils.java:logGet(43)) - raft.server.rpc.timeout.max = 5200ms (custom)
2019-08-21 03:08:14,593 [grpc-default-executor-1] INFO  impl.RaftServerProxy (RaftServerProxy.java:addNew(89)) - afa424f4-ff41-4877-ad11-a15f16e37855: addNew group-34A254BE9BCF:[deffb78e-0f7f-4e6c-8f29-96a42428adf0:192.168.69.79:40497, afa424f4-ff41-4877-ad11-a15f16e37855:192.168.69.79:39673, 3b3fe35e-bec2-454a-8b04-4cf0fdd2f767:192.168.69.79:32992] returns group-34A254BE9BCF:java.util.concurrent.CompletableFuture@29498ea6[Not completed]
2019-08-21 03:08:14,593 [pool-135-thread-1] INFO  server.RaftServerConfigKeys (ConfUtils.java:logGet(43)) - raft.server.rpcslowness.timeout = 120s (custom)
2019-08-21 03:08:14,593 [grpc-default-executor-2] INFO  impl.RaftServerProxy (RaftServerProxy.java:addNew(89)) - deffb78e-0f7f-4e6c-8f29-96a42428adf0: addNew group-34A254BE9BCF:[deffb78e-0f7f-4e6c-8f29-96a42428adf0:192.168.69.79:40497, afa424f4-ff41-4877-ad11-a15f16e37855:192.168.69.79:39673, 3b3fe35e-bec2-454a-8b04-4cf0fdd2f767:192.168.69.79:32992] returns group-34A254BE9BCF:java.util.concurrent.CompletableFuture@7479c619[Not completed]
2019-08-21 03:08:14,593 [pool-135-thread-1] INFO  server.RaftServerConfigKeys (ConfUtils.java:logGet(43)) - raft.server.sleep.deviation.threshold = 300 (default)
2019-08-21 03:08:14,594 [pool-135-thread-1] INFO  server.RaftServerConfigKeys (ConfUtils.java:logGet(43)) - raft.server.log.appender.install.snapshot.enabled = false (custom)
2019-08-21 03:08:14,594 [pool-135-thread-1] INFO  impl.RaftServerImpl (ServerState.java:<init>(105)) - 3b3fe35e-bec2-454a-8b04-4cf0fdd2f767:group-34A254BE9BCF ConfigurationManager, init=-1: [deffb78e-0f7f-4e6c-8f29-96a42428adf0:192.168.69.79:40497, afa424f4-ff41-4877-ad11-a15f16e37855:192.168.69.79:39673, 3b3fe35e-bec2-454a-8b04-4cf0fdd2f767:192.168.69.79:32992], old=null, confs=<EMPTY_MAP>
2019-08-21 03:08:14,594 [pool-135-thread-1] INFO  server.RaftServerConfigKeys (ConfUtils.java:logGet(43)) - raft.server.storage.dir = [/workdir/hadoop-ozone/integration-test/target/test-dir/MiniOzoneClusterImpl-440523b1-d1bf-45a3-9b99-cb19fdde5e9b/datanode-2/data/ratis] (custom)
2019-08-21 03:08:14,594 [pool-135-thread-1] INFO  storage.RaftStorageDirectory (RaftStorageDirectory.java:analyzeStorage(246)) - The storage directory /workdir/hadoop-ozone/integration-test/target/test-dir/MiniOzoneClusterImpl-440523b1-d1bf-45a3-9b99-cb19fdde5e9b/datanode-2/data/ratis/7726494f-6e11-4d87-9031-34a254be9bcf does not exist. Creating ...
2019-08-21 03:08:14,594 [pool-113-thread-1] INFO  impl.RaftServerImpl (RaftServerImpl.java:<init>(93)) - afa424f4-ff41-4877-ad11-a15f16e37855: new RaftServerImpl for group-34A254BE9BCF:[deffb78e-0f7f-4e6c-8f29-96a42428adf0:192.168.69.79:40497, afa424f4-ff41-4877-ad11-a15f16e37855:192.168.69.79:39673, 3b3fe35e-bec2-454a-8b04-4cf0fdd2f767:192.168.69.79:32992] with ContainerStateMachine:uninitialized
2019-08-21 03:08:14,595 [pool-113-thread-1] INFO  server.RaftServerConfigKeys (ConfUtils.java:logGet(43)) - raft.server.rpc.timeout.min = 5s (custom)
2019-08-21 03:08:14,595 [pool-113-thread-1] INFO  server.RaftServerConfigKeys (ConfUtils.java:logGet(43)) - raft.server.rpc.timeout.max = 5200ms (custom)
2019-08-21 03:08:14,595 [pool-113-thread-1] INFO  server.RaftServerConfigKeys (ConfUtils.java:logGet(43)) - raft.server.rpcslowness.timeout = 120s (custom)
2019-08-21 03:08:14,595 [pool-113-thread-1] INFO  server.RaftServerConfigKeys (ConfUtils.java:logGet(43)) - raft.server.sleep.deviation.threshold = 300 (default)
2019-08-21 03:08:14,596 [pool-113-thread-1] INFO  server.RaftServerConfigKeys (ConfUtils.java:logGet(43)) - raft.server.log.appender.install.snapshot.enabled = false (custom)
2019-08-21 03:08:14,596 [pool-113-thread-1] INFO  impl.RaftServerImpl (ServerState.java:<init>(105)) - afa424f4-ff41-4877-ad11-a15f16e37855:group-34A254BE9BCF ConfigurationManager, init=-1: [deffb78e-0f7f-4e6c-8f29-96a42428adf0:192.168.69.79:40497, afa424f4-ff41-4877-ad11-a15f16e37855:192.168.69.79:39673, 3b3fe35e-bec2-454a-8b04-4cf0fdd2f767:192.168.69.79:32992], old=null, confs=<EMPTY_MAP>
2019-08-21 03:08:14,596 [pool-113-thread-1] INFO  server.RaftServerConfigKeys (ConfUtils.java:logGet(43)) - raft.server.storage.dir = [/workdir/hadoop-ozone/integration-test/target/test-dir/MiniOzoneClusterImpl-440523b1-d1bf-45a3-9b99-cb19fdde5e9b/datanode-0/data/ratis] (custom)
2019-08-21 03:08:14,596 [pool-124-thread-1] INFO  impl.RaftServerImpl (RaftServerImpl.java:<init>(93)) - deffb78e-0f7f-4e6c-8f29-96a42428adf0: new RaftServerImpl for group-34A254BE9BCF:[deffb78e-0f7f-4e6c-8f29-96a42428adf0:192.168.69.79:40497, afa424f4-ff41-4877-ad11-a15f16e37855:192.168.69.79:39673, 3b3fe35e-bec2-454a-8b04-4cf0fdd2f767:192.168.69.79:32992] with ContainerStateMachine:uninitialized
2019-08-21 03:08:14,596 [pool-124-thread-1] INFO  server.RaftServerConfigKeys (ConfUtils.java:logGet(43)) - raft.server.rpc.timeout.min = 5s (custom)
2019-08-21 03:08:14,596 [pool-113-thread-1] INFO  storage.RaftStorageDirectory (RaftStorageDirectory.java:analyzeStorage(246)) - The storage directory /workdir/hadoop-ozone/integration-test/target/test-dir/MiniOzoneClusterImpl-440523b1-d1bf-45a3-9b99-cb19fdde5e9b/datanode-0/data/ratis/7726494f-6e11-4d87-9031-34a254be9bcf does not exist. Creating ...
2019-08-21 03:08:14,597 [pool-124-thread-1] INFO  server.RaftServerConfigKeys (ConfUtils.java:logGet(43)) - raft.server.rpc.timeout.max = 5200ms (custom)
2019-08-21 03:08:14,597 [pool-124-thread-1] INFO  server.RaftServerConfigKeys (ConfUtils.java:logGet(43)) - raft.server.rpcslowness.timeout = 120s (custom)
2019-08-21 03:08:14,597 [pool-124-thread-1] INFO  server.RaftServerConfigKeys (ConfUtils.java:logGet(43)) - raft.server.sleep.deviation.threshold = 300 (default)
2019-08-21 03:08:14,597 [pool-124-thread-1] INFO  server.RaftServerConfigKeys (ConfUtils.java:logGet(43)) - raft.server.log.appender.install.snapshot.enabled = false (custom)
2019-08-21 03:08:14,597 [pool-124-thread-1] INFO  impl.RaftServerImpl (ServerState.java:<init>(105)) - deffb78e-0f7f-4e6c-8f29-96a42428adf0:group-34A254BE9BCF ConfigurationManager, init=-1: [deffb78e-0f7f-4e6c-8f29-96a42428adf0:192.168.69.79:40497, afa424f4-ff41-4877-ad11-a15f16e37855:192.168.69.79:39673, 3b3fe35e-bec2-454a-8b04-4cf0fdd2f767:192.168.69.79:32992], old=null, confs=<EMPTY_MAP>
2019-08-21 03:08:14,598 [pool-124-thread-1] INFO  server.RaftServerConfigKeys (ConfUtils.java:logGet(43)) - raft.server.storage.dir = [/workdir/hadoop-ozone/integration-test/target/test-dir/MiniOzoneClusterImpl-440523b1-d1bf-45a3-9b99-cb19fdde5e9b/datanode-1/data/ratis] (custom)
2019-08-21 03:08:14,598 [pool-124-thread-1] INFO  storage.RaftStorageDirectory (RaftStorageDirectory.java:analyzeStorage(246)) - The storage directory /workdir/hadoop-ozone/integration-test/target/test-dir/MiniOzoneClusterImpl-440523b1-d1bf-45a3-9b99-cb19fdde5e9b/datanode-1/data/ratis/7726494f-6e11-4d87-9031-34a254be9bcf does not exist. Creating ...
2019-08-21 03:08:14,609 [pool-135-thread-1] INFO  storage.RaftStorageDirectory (RaftStorageDirectory.java:tryLock(328)) - Lock on /workdir/hadoop-ozone/integration-test/target/test-dir/MiniOzoneClusterImpl-440523b1-d1bf-45a3-9b99-cb19fdde5e9b/datanode-2/data/ratis/7726494f-6e11-4d87-9031-34a254be9bcf/in_use.lock acquired by nodename 20226@pr-hdds-1927-xpkkb-2804094098
2019-08-21 03:08:14,609 [pool-124-thread-1] INFO  storage.RaftStorageDirectory (RaftStorageDirectory.java:tryLock(328)) - Lock on /workdir/hadoop-ozone/integration-test/target/test-dir/MiniOzoneClusterImpl-440523b1-d1bf-45a3-9b99-cb19fdde5e9b/datanode-1/data/ratis/7726494f-6e11-4d87-9031-34a254be9bcf/in_use.lock acquired by nodename 20226@pr-hdds-1927-xpkkb-2804094098
2019-08-21 03:08:14,609 [pool-113-thread-1] INFO  storage.RaftStorageDirectory (RaftStorageDirectory.java:tryLock(328)) - Lock on /workdir/hadoop-ozone/integration-test/target/test-dir/MiniOzoneClusterImpl-440523b1-d1bf-45a3-9b99-cb19fdde5e9b/datanode-0/data/ratis/7726494f-6e11-4d87-9031-34a254be9bcf/in_use.lock acquired by nodename 20226@pr-hdds-1927-xpkkb-2804094098
2019-08-21 03:08:14,623 [pool-135-thread-1] INFO  storage.RaftStorage (RaftStorage.java:format(72)) - Storage directory /workdir/hadoop-ozone/integration-test/target/test-dir/MiniOzoneClusterImpl-440523b1-d1bf-45a3-9b99-cb19fdde5e9b/datanode-2/data/ratis/7726494f-6e11-4d87-9031-34a254be9bcf has been successfully formatted.
2019-08-21 03:08:14,623 [pool-124-thread-1] INFO  storage.RaftStorage (RaftStorage.java:format(72)) - Storage directory /workdir/hadoop-ozone/integration-test/target/test-dir/MiniOzoneClusterImpl-440523b1-d1bf-45a3-9b99-cb19fdde5e9b/datanode-1/data/ratis/7726494f-6e11-4d87-9031-34a254be9bcf has been successfully formatted.
2019-08-21 03:08:14,623 [pool-113-thread-1] INFO  storage.RaftStorage (RaftStorage.java:format(72)) - Storage directory /workdir/hadoop-ozone/integration-test/target/test-dir/MiniOzoneClusterImpl-440523b1-d1bf-45a3-9b99-cb19fdde5e9b/datanode-0/data/ratis/7726494f-6e11-4d87-9031-34a254be9bcf has been successfully formatted.
2019-08-21 03:08:14,624 [pool-124-thread-1] INFO  ratis.ContainerStateMachine (ContainerStateMachine.java:loadSnapshot(226)) - group-34A254BE9BCF: The snapshot info is null. Setting the last applied indexto:(t:0, i:~)
2019-08-21 03:08:14,623 [pool-135-thread-1] INFO  ratis.ContainerStateMachine (ContainerStateMachine.java:loadSnapshot(226)) - group-34A254BE9BCF: The snapshot info is null. Setting the last applied indexto:(t:0, i:~)
2019-08-21 03:08:14,624 [pool-124-thread-1] INFO  server.RaftServerConfigKeys (ConfUtils.java:logGet(43)) - raft.server.leader.election.timeout = 120s (custom)
2019-08-21 03:08:14,624 [pool-113-thread-1] INFO  ratis.ContainerStateMachine (ContainerStateMachine.java:loadSnapshot(226)) - group-34A254BE9BCF: The snapshot info is null. Setting the last applied indexto:(t:0, i:~)
2019-08-21 03:08:14,624 [pool-124-thread-1] INFO  server.RaftServerConfigKeys (ConfUtils.java:logGet(43)) - raft.server.log.use.memory = false (default)
2019-08-21 03:08:14,624 [pool-135-thread-1] INFO  server.RaftServerConfigKeys (ConfUtils.java:logGet(43)) - raft.server.leader.election.timeout = 120s (custom)
2019-08-21 03:08:14,624 [pool-124-thread-1] INFO  server.RaftServerConfigKeys (ConfUtils.java:logGet(43)) - raft.server.log.purge.gap = 1000000 (custom)
2019-08-21 03:08:14,624 [pool-113-thread-1] INFO  server.RaftServerConfigKeys (ConfUtils.java:logGet(43)) - raft.server.leader.election.timeout = 120s (custom)
2019-08-21 03:08:14,625 [pool-124-thread-1] INFO  server.RaftServerConfigKeys (ConfUtils.java:logGet(43)) - raft.server.log.appender.buffer.byte-limit = 33554432 (custom)
2019-08-21 03:08:14,625 [pool-135-thread-1] INFO  server.RaftServerConfigKeys (ConfUtils.java:logGet(43)) - raft.server.log.use.memory = false (default)
2019-08-21 03:08:14,625 [pool-124-thread-1] INFO  server.RaftServerConfigKeys (ConfUtils.java:logGet(43)) - raft.server.log.segment.size.max = 1048576 (custom)
2019-08-21 03:08:14,625 [pool-113-thread-1] INFO  server.RaftServerConfigKeys (ConfUtils.java:logGet(43)) - raft.server.log.use.memory = false (default)
2019-08-21 03:08:14,625 [pool-124-thread-1] INFO  server.RaftServerConfigKeys (ConfUtils.java:logGet(43)) - raft.server.log.segment.cache.num.max = 2 (custom)
2019-08-21 03:08:14,625 [pool-135-thread-1] INFO  server.RaftServerConfigKeys (ConfUtils.java:logGet(43)) - raft.server.log.purge.gap = 1000000 (custom)
2019-08-21 03:08:14,626 [pool-124-thread-1] INFO  segmented.SegmentedRaftLogWorker (SegmentedRaftLogWorker.java:<init>(172)) - new deffb78e-0f7f-4e6c-8f29-96a42428adf0-SegmentedRaftLogWorker:Storage Directory /workdir/hadoop-ozone/integration-test/target/test-dir/MiniOzoneClusterImpl-440523b1-d1bf-45a3-9b99-cb19fdde5e9b/datanode-1/data/ratis/7726494f-6e11-4d87-9031-34a254be9bcf for RaftStorage:Storage Directory /workdir/hadoop-ozone/integration-test/target/test-dir/MiniOzoneClusterImpl-440523b1-d1bf-45a3-9b99-cb19fdde5e9b/datanode-1/data/ratis/7726494f-6e11-4d87-9031-34a254be9bcf
2019-08-21 03:08:14,626 [pool-113-thread-1] INFO  server.RaftServerConfigKeys (ConfUtils.java:logGet(43)) - raft.server.log.purge.gap = 1000000 (custom)
2019-08-21 03:08:14,626 [pool-124-thread-1] INFO  server.RaftServerConfigKeys (ConfUtils.java:logGet(43)) - raft.server.log.queue.byte-limit = 2147483647 (custom)
2019-08-21 03:08:14,626 [pool-135-thread-1] INFO  server.RaftServerConfigKeys (ConfUtils.java:logGet(43)) - raft.server.log.appender.buffer.byte-limit = 33554432 (custom)
2019-08-21 03:08:14,626 [pool-124-thread-1] INFO  server.RaftServerConfigKeys (ConfUtils.java:logGet(43)) - raft.server.log.queue.element-limit = 1024 (custom)
2019-08-21 03:08:14,626 [pool-113-thread-1] INFO  server.RaftServerConfigKeys (ConfUtils.java:logGet(43)) - raft.server.log.appender.buffer.byte-limit = 33554432 (custom)
2019-08-21 03:08:14,627 [pool-124-thread-1] INFO  server.RaftServerConfigKeys (ConfUtils.java:logGet(43)) - raft.server.log.segment.size.max = 1048576 (custom)
2019-08-21 03:08:14,627 [pool-135-thread-1] INFO  server.RaftServerConfigKeys (ConfUtils.java:logGet(43)) - raft.server.log.segment.size.max = 1048576 (custom)
2019-08-21 03:08:14,627 [pool-124-thread-1] INFO  server.RaftServerConfigKeys (ConfUtils.java:logGet(43)) - raft.server.log.preallocated.size = 16384 (custom)
2019-08-21 03:08:14,627 [pool-113-thread-1] INFO  server.RaftServerConfigKeys (ConfUtils.java:logGet(43)) - raft.server.log.segment.size.max = 1048576 (custom)
2019-08-21 03:08:14,627 [pool-124-thread-1] INFO  server.RaftServerConfigKeys (ConfUtils.java:logGet(43)) - raft.server.log.write.buffer.size = 33554432 (custom)
2019-08-21 03:08:14,627 [pool-135-thread-1] INFO  server.RaftServerConfigKeys (ConfUtils.java:logGet(43)) - raft.server.log.segment.cache.num.max = 2 (custom)
2019-08-21 03:08:14,628 [pool-124-thread-1] INFO  server.RaftServerConfigKeys (ConfUtils.java:logGet(43)) - raft.server.log.force.sync.num = 128 (default)
2019-08-21 03:08:14,627 [pool-113-thread-1] INFO  server.RaftServerConfigKeys (ConfUtils.java:logGet(43)) - raft.server.log.segment.cache.num.max = 2 (custom)
2019-08-21 03:08:14,628 [pool-124-thread-1] INFO  server.RaftServerConfigKeys (ConfUtils.java:logGet(43)) - raft.server.log.statemachine.data.sync = true (default)
2019-08-21 03:08:14,628 [pool-135-thread-1] INFO  segmented.SegmentedRaftLogWorker (SegmentedRaftLogWorker.java:<init>(172)) - new 3b3fe35e-bec2-454a-8b04-4cf0fdd2f767-SegmentedRaftLogWorker:Storage Directory /workdir/hadoop-ozone/integration-test/target/test-dir/MiniOzoneClusterImpl-440523b1-d1bf-45a3-9b99-cb19fdde5e9b/datanode-2/data/ratis/7726494f-6e11-4d87-9031-34a254be9bcf for RaftStorage:Storage Directory /workdir/hadoop-ozone/integration-test/target/test-dir/MiniOzoneClusterImpl-440523b1-d1bf-45a3-9b99-cb19fdde5e9b/datanode-2/data/ratis/7726494f-6e11-4d87-9031-34a254be9bcf
2019-08-21 03:08:14,628 [pool-124-thread-1] INFO  server.RaftServerConfigKeys (ConfUtils.java:logGet(43)) - raft.server.log.statemachine.data.sync.timeout = 10s (default)
2019-08-21 03:08:14,628 [pool-113-thread-1] INFO  segmented.SegmentedRaftLogWorker (SegmentedRaftLogWorker.java:<init>(172)) - new afa424f4-ff41-4877-ad11-a15f16e37855-SegmentedRaftLogWorker:Storage Directory /workdir/hadoop-ozone/integration-test/target/test-dir/MiniOzoneClusterImpl-440523b1-d1bf-45a3-9b99-cb19fdde5e9b/datanode-0/data/ratis/7726494f-6e11-4d87-9031-34a254be9bcf for RaftStorage:Storage Directory /workdir/hadoop-ozone/integration-test/target/test-dir/MiniOzoneClusterImpl-440523b1-d1bf-45a3-9b99-cb19fdde5e9b/datanode-0/data/ratis/7726494f-6e11-4d87-9031-34a254be9bcf
2019-08-21 03:08:14,629 [pool-124-thread-1] INFO  server.RaftServerConfigKeys (ConfUtils.java:logGet(43)) - raft.server.log.statemachine.data.sync.timeout.retry = -1 (default)
2019-08-21 03:08:14,628 [pool-135-thread-1] INFO  server.RaftServerConfigKeys (ConfUtils.java:logGet(43)) - raft.server.log.queue.byte-limit = 2147483647 (custom)
2019-08-21 03:08:14,629 [pool-124-thread-1] INFO  server.RaftServerConfigKeys (ConfUtils.java:logGet(43)) - raft.server.log.statemachine.data.caching.enabled = true (custom)
2019-08-21 03:08:14,629 [pool-113-thread-1] INFO  server.RaftServerConfigKeys (ConfUtils.java:logGet(43)) - raft.server.log.queue.byte-limit = 2147483647 (custom)
2019-08-21 03:08:14,629 [pool-135-thread-1] INFO  server.RaftServerConfigKeys (ConfUtils.java:logGet(43)) - raft.server.log.queue.element-limit = 1024 (custom)
2019-08-21 03:08:14,629 [pool-124-thread-1] INFO  segmented.SegmentedRaftLogWorker (SegmentedRaftLogWorker.java:lambda$new$0(132)) - deffb78e-0f7f-4e6c-8f29-96a42428adf0-SegmentedRaftLogWorker:Storage Directory /workdir/hadoop-ozone/integration-test/target/test-dir/MiniOzoneClusterImpl-440523b1-d1bf-45a3-9b99-cb19fdde5e9b/datanode-1/data/ratis/7726494f-6e11-4d87-9031-34a254be9bcf: flushIndex: setUnconditionally 0 -> -1
2019-08-21 03:08:14,629 [pool-113-thread-1] INFO  server.RaftServerConfigKeys (ConfUtils.java:logGet(43)) - raft.server.log.queue.element-limit = 1024 (custom)
2019-08-21 03:08:14,630 [pool-135-thread-1] INFO  server.RaftServerConfigKeys (ConfUtils.java:logGet(43)) - raft.server.log.segment.size.max = 1048576 (custom)
2019-08-21 03:08:14,630 [pool-113-thread-1] INFO  server.RaftServerConfigKeys (ConfUtils.java:logGet(43)) - raft.server.log.segment.size.max = 1048576 (custom)
2019-08-21 03:08:14,630 [pool-124-thread-1] INFO  server.RaftServerConfigKeys (ConfUtils.java:logGet(43)) - raft.server.snapshot.auto.trigger.enabled = true (custom)
2019-08-21 03:08:14,630 [pool-113-thread-1] INFO  server.RaftServerConfigKeys (ConfUtils.java:logGet(43)) - raft.server.log.preallocated.size = 16384 (custom)
2019-08-21 03:08:14,630 [pool-135-thread-1] INFO  server.RaftServerConfigKeys (ConfUtils.java:logGet(43)) - raft.server.log.preallocated.size = 16384 (custom)
2019-08-21 03:08:14,630 [pool-113-thread-1] INFO  server.RaftServerConfigKeys (ConfUtils.java:logGet(43)) - raft.server.log.write.buffer.size = 33554432 (custom)
2019-08-21 03:08:14,630 [pool-124-thread-1] INFO  server.RaftServerConfigKeys (ConfUtils.java:logGet(43)) - raft.server.snapshot.auto.trigger.threshold = 10000 (custom)
2019-08-21 03:08:14,631 [pool-113-thread-1] INFO  server.RaftServerConfigKeys (ConfUtils.java:logGet(43)) - raft.server.log.force.sync.num = 128 (default)
2019-08-21 03:08:14,631 [pool-135-thread-1] INFO  server.RaftServerConfigKeys (ConfUtils.java:logGet(43)) - raft.server.log.write.buffer.size = 33554432 (custom)
2019-08-21 03:08:14,631 [pool-113-thread-1] INFO  server.RaftServerConfigKeys (ConfUtils.java:logGet(43)) - raft.server.log.statemachine.data.sync = true (default)
2019-08-21 03:08:14,631 [pool-124-thread-1] INFO  server.RaftServerConfigKeys (ConfUtils.java:logGet(43)) - raft.server.retrycache.expirytime = 600000ms (custom)
2019-08-21 03:08:14,631 [pool-113-thread-1] INFO  server.RaftServerConfigKeys (ConfUtils.java:logGet(43)) - raft.server.log.statemachine.data.sync.timeout = 10s (default)
2019-08-21 03:08:14,632 [pool-124-thread-1] INFO  impl.RaftServerImpl (RaftServerImpl.java:start(180)) - deffb78e-0f7f-4e6c-8f29-96a42428adf0: start group-34A254BE9BCF
2019-08-21 03:08:14,631 [pool-135-thread-1] INFO  server.RaftServerConfigKeys (ConfUtils.java:logGet(43)) - raft.server.log.force.sync.num = 128 (default)
2019-08-21 03:08:14,632 [pool-124-thread-1] INFO  impl.RaftServerImpl (RaftServerImpl.java:setRole(171)) - deffb78e-0f7f-4e6c-8f29-96a42428adf0:group-34A254BE9BCF changes role from null to FOLLOWER at term 0 for startAsFollower
2019-08-21 03:08:14,632 [pool-113-thread-1] INFO  server.RaftServerConfigKeys (ConfUtils.java:logGet(43)) - raft.server.log.statemachine.data.sync.timeout.retry = -1 (default)
2019-08-21 03:08:14,632 [pool-124-thread-1] INFO  impl.RoleInfo (RoleInfo.java:updateAndGet(143)) - deffb78e-0f7f-4e6c-8f29-96a42428adf0: start FollowerState
2019-08-21 03:08:14,632 [pool-135-thread-1] INFO  server.RaftServerConfigKeys (ConfUtils.java:logGet(43)) - raft.server.log.statemachine.data.sync = true (default)
2019-08-21 03:08:14,632 [pool-113-thread-1] INFO  server.RaftServerConfigKeys (ConfUtils.java:logGet(43)) - raft.server.log.statemachine.data.caching.enabled = true (custom)
2019-08-21 03:08:14,633 [pool-135-thread-1] INFO  server.RaftServerConfigKeys (ConfUtils.java:logGet(43)) - raft.server.log.statemachine.data.sync.timeout = 10s (default)
2019-08-21 03:08:14,633 [pool-124-thread-1] INFO  util.JmxRegister (JmxRegister.java:tryRegister(44)) - Successfully registered JMX Bean with object name Ratis:service=RaftServer,group=group-34A254BE9BCF,id=deffb78e-0f7f-4e6c-8f29-96a42428adf0
2019-08-21 03:08:14,633 [pool-113-thread-1] INFO  segmented.SegmentedRaftLogWorker (SegmentedRaftLogWorker.java:lambda$new$0(132)) - afa424f4-ff41-4877-ad11-a15f16e37855-SegmentedRaftLogWorker:Storage Directory /workdir/hadoop-ozone/integration-test/target/test-dir/MiniOzoneClusterImpl-440523b1-d1bf-45a3-9b99-cb19fdde5e9b/datanode-0/data/ratis/7726494f-6e11-4d87-9031-34a254be9bcf: flushIndex: setUnconditionally 0 -> -1
2019-08-21 03:08:14,633 [pool-135-thread-1] INFO  server.RaftServerConfigKeys (ConfUtils.java:logGet(43)) - raft.server.log.statemachine.data.sync.timeout.retry = -1 (default)
2019-08-21 03:08:14,633 [pool-135-thread-1] INFO  server.RaftServerConfigKeys (ConfUtils.java:logGet(43)) - raft.server.log.statemachine.data.caching.enabled = true (custom)
2019-08-21 03:08:14,633 [pool-113-thread-1] INFO  server.RaftServerConfigKeys (ConfUtils.java:logGet(43)) - raft.server.snapshot.auto.trigger.enabled = true (custom)
2019-08-21 03:08:14,634 [pool-113-thread-1] INFO  server.RaftServerConfigKeys (ConfUtils.java:logGet(43)) - raft.server.snapshot.auto.trigger.threshold = 10000 (custom)
2019-08-21 03:08:14,634 [pool-135-thread-1] INFO  segmented.SegmentedRaftLogWorker (SegmentedRaftLogWorker.java:lambda$new$0(132)) - 3b3fe35e-bec2-454a-8b04-4cf0fdd2f767-SegmentedRaftLogWorker:Storage Directory /workdir/hadoop-ozone/integration-test/target/test-dir/MiniOzoneClusterImpl-440523b1-d1bf-45a3-9b99-cb19fdde5e9b/datanode-2/data/ratis/7726494f-6e11-4d87-9031-34a254be9bcf: flushIndex: setUnconditionally 0 -> -1
2019-08-21 03:08:14,634 [pool-113-thread-1] INFO  server.RaftServerConfigKeys (ConfUtils.java:logGet(43)) - raft.server.retrycache.expirytime = 600000ms (custom)
2019-08-21 03:08:14,634 [pool-135-thread-1] INFO  server.RaftServerConfigKeys (ConfUtils.java:logGet(43)) - raft.server.snapshot.auto.trigger.enabled = true (custom)
2019-08-21 03:08:14,634 [pool-113-thread-1] INFO  impl.RaftServerImpl (RaftServerImpl.java:start(180)) - afa424f4-ff41-4877-ad11-a15f16e37855: start group-34A254BE9BCF
2019-08-21 03:08:14,634 [pool-135-thread-1] INFO  server.RaftServerConfigKeys (ConfUtils.java:logGet(43)) - raft.server.snapshot.auto.trigger.threshold = 10000 (custom)
2019-08-21 03:08:14,634 [pool-113-thread-1] INFO  impl.RaftServerImpl (RaftServerImpl.java:setRole(171)) - afa424f4-ff41-4877-ad11-a15f16e37855:group-34A254BE9BCF changes role from null to FOLLOWER at term 0 for startAsFollower
2019-08-21 03:08:14,635 [pool-135-thread-1] INFO  server.RaftServerConfigKeys (ConfUtils.java:logGet(43)) - raft.server.retrycache.expirytime = 600000ms (custom)
2019-08-21 03:08:14,635 [pool-113-thread-1] INFO  impl.RoleInfo (RoleInfo.java:updateAndGet(143)) - afa424f4-ff41-4877-ad11-a15f16e37855: start FollowerState
2019-08-21 03:08:14,636 [pool-135-thread-1] INFO  impl.RaftServerImpl (RaftServerImpl.java:start(180)) - 3b3fe35e-bec2-454a-8b04-4cf0fdd2f767: start group-34A254BE9BCF
2019-08-21 03:08:14,637 [pool-135-thread-1] INFO  impl.RaftServerImpl (RaftServerImpl.java:setRole(171)) - 3b3fe35e-bec2-454a-8b04-4cf0fdd2f767:group-34A254BE9BCF changes role from null to FOLLOWER at term 0 for startAsFollower
2019-08-21 03:08:14,637 [pool-113-thread-1] INFO  util.JmxRegister (JmxRegister.java:tryRegister(44)) - Successfully registered JMX Bean with object name Ratis:service=RaftServer,group=group-34A254BE9BCF,id=afa424f4-ff41-4877-ad11-a15f16e37855
2019-08-21 03:08:14,637 [pool-135-thread-1] INFO  impl.RoleInfo (RoleInfo.java:updateAndGet(143)) - 3b3fe35e-bec2-454a-8b04-4cf0fdd2f767: start FollowerState
2019-08-21 03:08:14,637 [pool-135-thread-1] INFO  util.JmxRegister (JmxRegister.java:tryRegister(44)) - Successfully registered JMX Bean with object name Ratis:service=RaftServer,group=group-34A254BE9BCF,id=3b3fe35e-bec2-454a-8b04-4cf0fdd2f767
2019-08-21 03:08:14,644 [RatisPipelineUtilsThread] INFO  pipeline.PipelineStateManager (PipelineStateManager.java:addPipeline(56)) - Created pipeline Pipeline[ Id: 7726494f-6e11-4d87-9031-34a254be9bcf, Nodes: deffb78e-0f7f-4e6c-8f29-96a42428adf0{ip: 192.168.69.79, host: pr-hdds-1927-xpkkb-2804094098, networkLocation: /default-rack, certSerialId: null}3b3fe35e-bec2-454a-8b04-4cf0fdd2f767{ip: 192.168.69.79, host: pr-hdds-1927-xpkkb-2804094098, networkLocation: /default-rack, certSerialId: null}afa424f4-ff41-4877-ad11-a15f16e37855{ip: 192.168.69.79, host: pr-hdds-1927-xpkkb-2804094098, networkLocation: /default-rack, certSerialId: null}, Type:RATIS, Factor:THREE, State:OPEN]
2019-08-21 03:08:15,511 [Thread-323] INFO  ozone.MiniOzoneClusterImpl (MiniOzoneClusterImpl.java:lambda$waitForClusterToBeReady$0(142)) - Cluster is ready. Got 3 of 3 DN Heartbeats.
2019-08-21 03:08:15,512 [Thread-323] INFO  datanode.ObjectStoreHandler (ObjectStoreHandler.java:close(155)) - Closing ObjectStoreHandler.
2019-08-21 03:08:15,512 [Thread-323] INFO  ozone.HddsDatanodeService (HddsDatanodeService.java:stop(451)) - Stopped plug-in org.apache.hadoop.ozone.web.OzoneHddsDatanodeService@5f050fd0
2019-08-21 03:08:16,170 [Datanode State Machine Thread - 0] INFO  statemachine.DatanodeStateMachine (DatanodeStateMachine.java:lambda$startDaemon$0(350)) - Ozone container server started.
2019-08-21 03:08:16,344 | INFO  | SCMAudit | user=jenkins1000 | ip=192.168.69.79 | op=SEND_HEARTBEAT {datanodeUUID=deffb78e-0f7f-4e6c-8f29-96a42428adf0, command=[]} | ret=SUCCESS |  
2019-08-21 03:08:16,515 | INFO  | SCMAudit | user=jenkins1000 | ip=192.168.69.79 | op=SEND_HEARTBEAT {datanodeUUID=3b3fe35e-bec2-454a-8b04-4cf0fdd2f767, command=[]} | ret=SUCCESS |  
2019-08-21 03:08:17,179 [Thread-495] INFO  container.ReplicationManager (ReplicationManager.java:start(152)) - Starting Replication Monitor Thread.
2019-08-21 03:08:17,182 [ReplicationMonitor] INFO  container.ReplicationManager (ReplicationManager.java:run(215)) - Replication Monitor Thread took 0 milliseconds for processing 0 containers.
2019-08-21 03:08:17,344 | INFO  | SCMAudit | user=jenkins1000 | ip=192.168.69.79 | op=SEND_HEARTBEAT {datanodeUUID=deffb78e-0f7f-4e6c-8f29-96a42428adf0, command=[]} | ret=SUCCESS |  
2019-08-21 03:08:17,514 | INFO  | SCMAudit | user=jenkins1000 | ip=192.168.69.79 | op=SEND_HEARTBEAT {datanodeUUID=3b3fe35e-bec2-454a-8b04-4cf0fdd2f767, command=[]} | ret=SUCCESS |  
2019-08-21 03:08:18,344 | INFO  | SCMAudit | user=jenkins1000 | ip=192.168.69.79 | op=SEND_HEARTBEAT {datanodeUUID=deffb78e-0f7f-4e6c-8f29-96a42428adf0, command=[]} | ret=SUCCESS |  
2019-08-21 03:08:18,514 | INFO  | SCMAudit | user=jenkins1000 | ip=192.168.69.79 | op=SEND_HEARTBEAT {datanodeUUID=3b3fe35e-bec2-454a-8b04-4cf0fdd2f767, command=[]} | ret=SUCCESS |  
2019-08-21 03:08:19,196 [EventQueue-StaleNodeForStaleNodeHandler] INFO  node.StaleNodeHandler (StaleNodeHandler.java:onMessage(58)) - Datanode afa424f4-ff41-4877-ad11-a15f16e37855{ip: 192.168.69.79, host: pr-hdds-1927-xpkkb-2804094098, networkLocation: /default-rack, certSerialId: null} moved to stale state. Finalizing its pipelines [PipelineID=023eca78-6422-44c0-9ed0-8aa392d4bc08, PipelineID=7726494f-6e11-4d87-9031-34a254be9bcf]
2019-08-21 03:08:19,197 [EventQueue-StaleNodeForStaleNodeHandler] INFO  pipeline.SCMPipelineManager (SCMPipelineManager.java:finalizeAndDestroyPipeline(309)) - destroying pipeline:Pipeline[ Id: 023eca78-6422-44c0-9ed0-8aa392d4bc08, Nodes: afa424f4-ff41-4877-ad11-a15f16e37855{ip: 192.168.69.79, host: pr-hdds-1927-xpkkb-2804094098, networkLocation: /default-rack, certSerialId: null}, Type:RATIS, Factor:ONE, State:OPEN]
2019-08-21 03:08:19,197 [EventQueue-StaleNodeForStaleNodeHandler] INFO  pipeline.PipelineStateManager (PipelineStateManager.java:finalizePipeline(123)) - Pipeline Pipeline[ Id: 023eca78-6422-44c0-9ed0-8aa392d4bc08, Nodes: afa424f4-ff41-4877-ad11-a15f16e37855{ip: 192.168.69.79, host: pr-hdds-1927-xpkkb-2804094098, networkLocation: /default-rack, certSerialId: null}, Type:RATIS, Factor:ONE, State:CLOSED] moved to CLOSED state
2019-08-21 03:08:19,199 [EventQueue-StaleNodeForStaleNodeHandler] INFO  pipeline.SCMPipelineManager (SCMPipelineManager.java:finalizeAndDestroyPipeline(309)) - destroying pipeline:Pipeline[ Id: 7726494f-6e11-4d87-9031-34a254be9bcf, Nodes: deffb78e-0f7f-4e6c-8f29-96a42428adf0{ip: 192.168.69.79, host: pr-hdds-1927-xpkkb-2804094098, networkLocation: /default-rack, certSerialId: null}3b3fe35e-bec2-454a-8b04-4cf0fdd2f767{ip: 192.168.69.79, host: pr-hdds-1927-xpkkb-2804094098, networkLocation: /default-rack, certSerialId: null}afa424f4-ff41-4877-ad11-a15f16e37855{ip: 192.168.69.79, host: pr-hdds-1927-xpkkb-2804094098, networkLocation: /default-rack, certSerialId: null}, Type:RATIS, Factor:THREE, State:OPEN]
2019-08-21 03:08:19,199 [EventQueue-StaleNodeForStaleNodeHandler] INFO  pipeline.PipelineStateManager (PipelineStateManager.java:finalizePipeline(123)) - Pipeline Pipeline[ Id: 7726494f-6e11-4d87-9031-34a254be9bcf, Nodes: deffb78e-0f7f-4e6c-8f29-96a42428adf0{ip: 192.168.69.79, host: pr-hdds-1927-xpkkb-2804094098, networkLocation: /default-rack, certSerialId: null}3b3fe35e-bec2-454a-8b04-4cf0fdd2f767{ip: 192.168.69.79, host: pr-hdds-1927-xpkkb-2804094098, networkLocation: /default-rack, certSerialId: null}afa424f4-ff41-4877-ad11-a15f16e37855{ip: 192.168.69.79, host: pr-hdds-1927-xpkkb-2804094098, networkLocation: /default-rack, certSerialId: null}, Type:RATIS, Factor:THREE, State:CLOSED] moved to CLOSED state
2019-08-21 03:08:19,332 [Thread-497] INFO  impl.FollowerState (FollowerState.java:run(106)) - afa424f4-ff41-4877-ad11-a15f16e37855:group-8AA392D4BC08 changes to CANDIDATE, lastRpcTime:5046, electionTimeout:5046ms
2019-08-21 03:08:19,333 [Thread-497] INFO  impl.RoleInfo (RoleInfo.java:shutdownFollowerState(121)) - afa424f4-ff41-4877-ad11-a15f16e37855: shutdown FollowerState
2019-08-21 03:08:19,333 [Thread-497] INFO  impl.RaftServerImpl (RaftServerImpl.java:setRole(171)) - afa424f4-ff41-4877-ad11-a15f16e37855:group-8AA392D4BC08 changes role from FOLLOWER to CANDIDATE at term 0 for changeToCandidate
2019-08-21 03:08:19,333 [Thread-497] INFO  impl.RoleInfo (RoleInfo.java:updateAndGet(143)) - afa424f4-ff41-4877-ad11-a15f16e37855: start LeaderElection
2019-08-21 03:08:19,344 | INFO  | SCMAudit | user=jenkins1000 | ip=192.168.69.79 | op=SEND_HEARTBEAT {datanodeUUID=deffb78e-0f7f-4e6c-8f29-96a42428adf0, command=[]} | ret=SUCCESS |  
2019-08-21 03:08:19,432 [afa424f4-ff41-4877-ad11-a15f16e37855:group-8AA392D4BC08:LeaderElection15] INFO  impl.LeaderElection (LeaderElection.java:askForVotes(181)) - afa424f4-ff41-4877-ad11-a15f16e37855:group-8AA392D4BC08:LeaderElection15: begin an election at term 1 for -1: [afa424f4-ff41-4877-ad11-a15f16e37855:192.168.69.79:39673], old=null
2019-08-21 03:08:19,432 [afa424f4-ff41-4877-ad11-a15f16e37855:group-8AA392D4BC08:LeaderElection15] INFO  impl.RoleInfo (RoleInfo.java:shutdownLeaderElection(134)) - afa424f4-ff41-4877-ad11-a15f16e37855: shutdown LeaderElection
2019-08-21 03:08:19,432 [afa424f4-ff41-4877-ad11-a15f16e37855:group-8AA392D4BC08:LeaderElection15] INFO  impl.RaftServerImpl (RaftServerImpl.java:setRole(171)) - afa424f4-ff41-4877-ad11-a15f16e37855:group-8AA392D4BC08 changes role from CANDIDATE to LEADER at term 1 for changeToLeader
2019-08-21 03:08:19,433 [afa424f4-ff41-4877-ad11-a15f16e37855:group-8AA392D4BC08:LeaderElection15] INFO  impl.RaftServerImpl (ServerState.java:setLeader(263)) - afa424f4-ff41-4877-ad11-a15f16e37855:group-8AA392D4BC08 change Leader from null to afa424f4-ff41-4877-ad11-a15f16e37855 at term 1 for becomeLeader, leader elected after 5152ms
2019-08-21 03:08:19,433 [afa424f4-ff41-4877-ad11-a15f16e37855:group-8AA392D4BC08:LeaderElection15] INFO  server.RaftServerConfigKeys (ConfUtils.java:logGet(43)) - raft.server.staging.catchup.gap = 1000 (default)
2019-08-21 03:08:19,433 [afa424f4-ff41-4877-ad11-a15f16e37855:group-8AA392D4BC08:LeaderElection15] INFO  server.RaftServerConfigKeys (ConfUtils.java:logGet(43)) - raft.server.rpc.sleep.time = 25ms (default)
2019-08-21 03:08:19,434 [afa424f4-ff41-4877-ad11-a15f16e37855:group-8AA392D4BC08:LeaderElection15] INFO  server.RaftServerConfigKeys (ConfUtils.java:logGet(43)) - raft.server.write.element-limit = 4096 (default)
2019-08-21 03:08:19,434 [afa424f4-ff41-4877-ad11-a15f16e37855:group-8AA392D4BC08:LeaderElection15] INFO  server.RaftServerConfigKeys (ConfUtils.java:logGet(43)) - raft.server.watch.timeout = 10s (default)
2019-08-21 03:08:19,434 [afa424f4-ff41-4877-ad11-a15f16e37855:group-8AA392D4BC08:LeaderElection15] INFO  server.RaftServerConfigKeys (ConfUtils.java:logGet(43)) - raft.server.watch.timeout.denomination = 1s (default)
2019-08-21 03:08:19,435 [afa424f4-ff41-4877-ad11-a15f16e37855:group-8AA392D4BC08:LeaderElection15] INFO  server.RaftServerConfigKeys (ConfUtils.java:logGet(43)) - raft.server.watch.element-limit = 65536 (default)
2019-08-21 03:08:19,435 [afa424f4-ff41-4877-ad11-a15f16e37855:group-8AA392D4BC08:LeaderElection15] INFO  impl.RoleInfo (RoleInfo.java:updateAndGet(143)) - afa424f4-ff41-4877-ad11-a15f16e37855: start LeaderState
2019-08-21 03:08:19,436 [afa424f4-ff41-4877-ad11-a15f16e37855:group-8AA392D4BC08:LeaderElection15] INFO  segmented.SegmentedRaftLogWorker (SegmentedRaftLogWorker.java:startLogSegment(380)) - afa424f4-ff41-4877-ad11-a15f16e37855-SegmentedRaftLogWorker:Storage Directory /workdir/hadoop-ozone/integration-test/target/test-dir/MiniOzoneClusterImpl-440523b1-d1bf-45a3-9b99-cb19fdde5e9b/datanode-0/data/ratis/023eca78-6422-44c0-9ed0-8aa392d4bc08: Starting segment from index:0
2019-08-21 03:08:19,437 [afa424f4-ff41-4877-ad11-a15f16e37855:group-8AA392D4BC08:LeaderElection15] INFO  impl.RaftServerImpl (ServerState.java:setRaftConf(361)) - afa424f4-ff41-4877-ad11-a15f16e37855:group-8AA392D4BC08 set configuration 0: [afa424f4-ff41-4877-ad11-a15f16e37855:192.168.69.79:39673], old=null at 0
2019-08-21 03:08:19,482 [afa424f4-ff41-4877-ad11-a15f16e37855-SegmentedRaftLogWorker:Storage Directory /workdir/hadoop-ozone/integration-test/target/test-dir/MiniOzoneClusterImpl-440523b1-d1bf-45a3-9b99-cb19fdde5e9b/datanode-0/data/ratis/023eca78-6422-44c0-9ed0-8aa392d4bc08] INFO  segmented.SegmentedRaftLogWorker (SegmentedRaftLogWorker.java:execute(569)) - afa424f4-ff41-4877-ad11-a15f16e37855-SegmentedRaftLogWorker:Storage Directory /workdir/hadoop-ozone/integration-test/target/test-dir/MiniOzoneClusterImpl-440523b1-d1bf-45a3-9b99-cb19fdde5e9b/datanode-0/data/ratis/023eca78-6422-44c0-9ed0-8aa392d4bc08: created new log segment /workdir/hadoop-ozone/integration-test/target/test-dir/MiniOzoneClusterImpl-440523b1-d1bf-45a3-9b99-cb19fdde5e9b/datanode-0/data/ratis/023eca78-6422-44c0-9ed0-8aa392d4bc08/current/log_inprogress_0
2019-08-21 03:08:19,515 | INFO  | SCMAudit | user=jenkins1000 | ip=192.168.69.79 | op=SEND_HEARTBEAT {datanodeUUID=3b3fe35e-bec2-454a-8b04-4cf0fdd2f767, command=[]} | ret=SUCCESS |  
2019-08-21 03:08:19,586 [Thread-500] INFO  impl.FollowerState (FollowerState.java:run(106)) - deffb78e-0f7f-4e6c-8f29-96a42428adf0:group-6AEE6D77989A changes to CANDIDATE, lastRpcTime:5187, electionTimeout:5187ms
2019-08-21 03:08:19,586 [Thread-500] INFO  impl.RoleInfo (RoleInfo.java:shutdownFollowerState(121)) - deffb78e-0f7f-4e6c-8f29-96a42428adf0: shutdown FollowerState
2019-08-21 03:08:19,586 [Thread-500] INFO  impl.RaftServerImpl (RaftServerImpl.java:setRole(171)) - deffb78e-0f7f-4e6c-8f29-96a42428adf0:group-6AEE6D77989A changes role from FOLLOWER to CANDIDATE at term 0 for changeToCandidate
2019-08-21 03:08:19,586 [Thread-500] INFO  impl.RoleInfo (RoleInfo.java:updateAndGet(143)) - deffb78e-0f7f-4e6c-8f29-96a42428adf0: start LeaderElection
2019-08-21 03:08:19,609 [deffb78e-0f7f-4e6c-8f29-96a42428adf0:group-6AEE6D77989A:LeaderElection16] INFO  impl.LeaderElection (LeaderElection.java:askForVotes(181)) - deffb78e-0f7f-4e6c-8f29-96a42428adf0:group-6AEE6D77989A:LeaderElection16: begin an election at term 1 for -1: [deffb78e-0f7f-4e6c-8f29-96a42428adf0:192.168.69.79:40497], old=null
2019-08-21 03:08:19,610 [deffb78e-0f7f-4e6c-8f29-96a42428adf0:group-6AEE6D77989A:LeaderElection16] INFO  impl.RoleInfo (RoleInfo.java:shutdownLeaderElection(134)) - deffb78e-0f7f-4e6c-8f29-96a42428adf0: shutdown LeaderElection
2019-08-21 03:08:19,610 [deffb78e-0f7f-4e6c-8f29-96a42428adf0:group-6AEE6D77989A:LeaderElection16] INFO  impl.RaftServerImpl (RaftServerImpl.java:setRole(171)) - deffb78e-0f7f-4e6c-8f29-96a42428adf0:group-6AEE6D77989A changes role from CANDIDATE to LEADER at term 1 for changeToLeader
2019-08-21 03:08:19,610 [deffb78e-0f7f-4e6c-8f29-96a42428adf0:group-6AEE6D77989A:LeaderElection16] INFO  impl.RaftServerImpl (ServerState.java:setLeader(263)) - deffb78e-0f7f-4e6c-8f29-96a42428adf0:group-6AEE6D77989A change Leader from null to deffb78e-0f7f-4e6c-8f29-96a42428adf0 at term 1 for becomeLeader, leader elected after 5217ms
2019-08-21 03:08:19,610 [deffb78e-0f7f-4e6c-8f29-96a42428adf0:group-6AEE6D77989A:LeaderElection16] INFO  server.RaftServerConfigKeys (ConfUtils.java:logGet(43)) - raft.server.staging.catchup.gap = 1000 (default)
2019-08-21 03:08:19,610 [deffb78e-0f7f-4e6c-8f29-96a42428adf0:group-6AEE6D77989A:LeaderElection16] INFO  server.RaftServerConfigKeys (ConfUtils.java:logGet(43)) - raft.server.rpc.sleep.time = 25ms (default)
2019-08-21 03:08:19,611 [deffb78e-0f7f-4e6c-8f29-96a42428adf0:group-6AEE6D77989A:LeaderElection16] INFO  server.RaftServerConfigKeys (ConfUtils.java:logGet(43)) - raft.server.write.element-limit = 4096 (default)
2019-08-21 03:08:19,611 [deffb78e-0f7f-4e6c-8f29-96a42428adf0:group-6AEE6D77989A:LeaderElection16] INFO  server.RaftServerConfigKeys (ConfUtils.java:logGet(43)) - raft.server.watch.timeout = 10s (default)
2019-08-21 03:08:19,611 [deffb78e-0f7f-4e6c-8f29-96a42428adf0:group-6AEE6D77989A:LeaderElection16] INFO  server.RaftServerConfigKeys (ConfUtils.java:logGet(43)) - raft.server.watch.timeout.denomination = 1s (default)
2019-08-21 03:08:19,611 [deffb78e-0f7f-4e6c-8f29-96a42428adf0:group-6AEE6D77989A:LeaderElection16] INFO  server.RaftServerConfigKeys (ConfUtils.java:logGet(43)) - raft.server.watch.element-limit = 65536 (default)
2019-08-21 03:08:19,611 [deffb78e-0f7f-4e6c-8f29-96a42428adf0:group-6AEE6D77989A:LeaderElection16] INFO  impl.RoleInfo (RoleInfo.java:updateAndGet(143)) - deffb78e-0f7f-4e6c-8f29-96a42428adf0: start LeaderState
2019-08-21 03:08:19,612 [deffb78e-0f7f-4e6c-8f29-96a42428adf0:group-6AEE6D77989A:LeaderElection16] INFO  segmented.SegmentedRaftLogWorker (SegmentedRaftLogWorker.java:startLogSegment(380)) - deffb78e-0f7f-4e6c-8f29-96a42428adf0-SegmentedRaftLogWorker:Storage Directory /workdir/hadoop-ozone/integration-test/target/test-dir/MiniOzoneClusterImpl-440523b1-d1bf-45a3-9b99-cb19fdde5e9b/datanode-1/data/ratis/f4627039-2ff2-42c9-ba0c-6aee6d77989a: Starting segment from index:0
2019-08-21 03:08:19,612 [deffb78e-0f7f-4e6c-8f29-96a42428adf0:group-6AEE6D77989A:LeaderElection16] INFO  impl.RaftServerImpl (ServerState.java:setRaftConf(361)) - deffb78e-0f7f-4e6c-8f29-96a42428adf0:group-6AEE6D77989A set configuration 0: [deffb78e-0f7f-4e6c-8f29-96a42428adf0:192.168.69.79:40497], old=null at 0
2019-08-21 03:08:19,664 [deffb78e-0f7f-4e6c-8f29-96a42428adf0-SegmentedRaftLogWorker:Storage Directory /workdir/hadoop-ozone/integration-test/target/test-dir/MiniOzoneClusterImpl-440523b1-d1bf-45a3-9b99-cb19fdde5e9b/datanode-1/data/ratis/f4627039-2ff2-42c9-ba0c-6aee6d77989a] INFO  segmented.SegmentedRaftLogWorker (SegmentedRaftLogWorker.java:execute(569)) - deffb78e-0f7f-4e6c-8f29-96a42428adf0-SegmentedRaftLogWorker:Storage Directory /workdir/hadoop-ozone/integration-test/target/test-dir/MiniOzoneClusterImpl-440523b1-d1bf-45a3-9b99-cb19fdde5e9b/datanode-1/data/ratis/f4627039-2ff2-42c9-ba0c-6aee6d77989a: created new log segment /workdir/hadoop-ozone/integration-test/target/test-dir/MiniOzoneClusterImpl-440523b1-d1bf-45a3-9b99-cb19fdde5e9b/datanode-1/data/ratis/f4627039-2ff2-42c9-ba0c-6aee6d77989a/current/log_inprogress_0
2019-08-21 03:08:19,678 [Thread-503] INFO  impl.FollowerState (FollowerState.java:run(106)) - 3b3fe35e-bec2-454a-8b04-4cf0fdd2f767:group-9E930A021B0A changes to CANDIDATE, lastRpcTime:5117, electionTimeout:5117ms
2019-08-21 03:08:19,678 [Thread-503] INFO  impl.RoleInfo (RoleInfo.java:shutdownFollowerState(121)) - 3b3fe35e-bec2-454a-8b04-4cf0fdd2f767: shutdown FollowerState
2019-08-21 03:08:19,678 [Thread-503] INFO  impl.RaftServerImpl (RaftServerImpl.java:setRole(171)) - 3b3fe35e-bec2-454a-8b04-4cf0fdd2f767:group-9E930A021B0A changes role from FOLLOWER to CANDIDATE at term 0 for changeToCandidate
2019-08-21 03:08:19,678 [Thread-503] INFO  impl.RoleInfo (RoleInfo.java:updateAndGet(143)) - 3b3fe35e-bec2-454a-8b04-4cf0fdd2f767: start LeaderElection
2019-08-21 03:08:19,680 [Thread-510] INFO  impl.FollowerState (FollowerState.java:run(106)) - afa424f4-ff41-4877-ad11-a15f16e37855:group-34A254BE9BCF changes to CANDIDATE, lastRpcTime:5045, electionTimeout:5042ms
2019-08-21 03:08:19,680 [Thread-510] INFO  impl.RoleInfo (RoleInfo.java:shutdownFollowerState(121)) - afa424f4-ff41-4877-ad11-a15f16e37855: shutdown FollowerState
2019-08-21 03:08:19,682 [Thread-510] INFO  impl.RaftServerImpl (RaftServerImpl.java:setRole(171)) - afa424f4-ff41-4877-ad11-a15f16e37855:group-34A254BE9BCF changes role from FOLLOWER to CANDIDATE at term 0 for changeToCandidate
2019-08-21 03:08:19,682 [Thread-510] INFO  impl.RoleInfo (RoleInfo.java:updateAndGet(143)) - afa424f4-ff41-4877-ad11-a15f16e37855: start LeaderElection
2019-08-21 03:08:19,699 [3b3fe35e-bec2-454a-8b04-4cf0fdd2f767:group-9E930A021B0A:LeaderElection17] INFO  impl.LeaderElection (LeaderElection.java:askForVotes(181)) - 3b3fe35e-bec2-454a-8b04-4cf0fdd2f767:group-9E930A021B0A:LeaderElection17: begin an election at term 1 for -1: [3b3fe35e-bec2-454a-8b04-4cf0fdd2f767:192.168.69.79:32992], old=null
2019-08-21 03:08:19,699 [afa424f4-ff41-4877-ad11-a15f16e37855:group-34A254BE9BCF:LeaderElection18] INFO  impl.LeaderElection (LeaderElection.java:askForVotes(181)) - afa424f4-ff41-4877-ad11-a15f16e37855:group-34A254BE9BCF:LeaderElection18: begin an election at term 1 for -1: [deffb78e-0f7f-4e6c-8f29-96a42428adf0:192.168.69.79:40497, afa424f4-ff41-4877-ad11-a15f16e37855:192.168.69.79:39673, 3b3fe35e-bec2-454a-8b04-4cf0fdd2f767:192.168.69.79:32992], old=null
2019-08-21 03:08:19,699 [3b3fe35e-bec2-454a-8b04-4cf0fdd2f767:group-9E930A021B0A:LeaderElection17] INFO  impl.RoleInfo (RoleInfo.java:shutdownLeaderElection(134)) - 3b3fe35e-bec2-454a-8b04-4cf0fdd2f767: shutdown LeaderElection
2019-08-21 03:08:19,699 [3b3fe35e-bec2-454a-8b04-4cf0fdd2f767:group-9E930A021B0A:LeaderElection17] INFO  impl.RaftServerImpl (RaftServerImpl.java:setRole(171)) - 3b3fe35e-bec2-454a-8b04-4cf0fdd2f767:group-9E930A021B0A changes role from CANDIDATE to LEADER at term 1 for changeToLeader
2019-08-21 03:08:19,700 [3b3fe35e-bec2-454a-8b04-4cf0fdd2f767:group-9E930A021B0A:LeaderElection17] INFO  impl.RaftServerImpl (ServerState.java:setLeader(263)) - 3b3fe35e-bec2-454a-8b04-4cf0fdd2f767:group-9E930A021B0A change Leader from null to 3b3fe35e-bec2-454a-8b04-4cf0fdd2f767 at term 1 for becomeLeader, leader elected after 5144ms
2019-08-21 03:08:19,700 [3b3fe35e-bec2-454a-8b04-4cf0fdd2f767:group-9E930A021B0A:LeaderElection17] INFO  server.RaftServerConfigKeys (ConfUtils.java:logGet(43)) - raft.server.staging.catchup.gap = 1000 (default)
2019-08-21 03:08:19,700 [3b3fe35e-bec2-454a-8b04-4cf0fdd2f767:group-9E930A021B0A:LeaderElection17] INFO  server.RaftServerConfigKeys (ConfUtils.java:logGet(43)) - raft.server.rpc.sleep.time = 25ms (default)
2019-08-21 03:08:19,700 [3b3fe35e-bec2-454a-8b04-4cf0fdd2f767:group-9E930A021B0A:LeaderElection17] INFO  server.RaftServerConfigKeys (ConfUtils.java:logGet(43)) - raft.server.write.element-limit = 4096 (default)
2019-08-21 03:08:19,700 [3b3fe35e-bec2-454a-8b04-4cf0fdd2f767:group-9E930A021B0A:LeaderElection17] INFO  server.RaftServerConfigKeys (ConfUtils.java:logGet(43)) - raft.server.watch.timeout = 10s (default)
2019-08-21 03:08:19,700 [3b3fe35e-bec2-454a-8b04-4cf0fdd2f767:group-9E930A021B0A:LeaderElection17] INFO  server.RaftServerConfigKeys (ConfUtils.java:logGet(43)) - raft.server.watch.timeout.denomination = 1s (default)
2019-08-21 03:08:19,701 [3b3fe35e-bec2-454a-8b04-4cf0fdd2f767:group-9E930A021B0A:LeaderElection17] INFO  server.RaftServerConfigKeys (ConfUtils.java:logGet(43)) - raft.server.watch.element-limit = 65536 (default)
2019-08-21 03:08:19,701 [3b3fe35e-bec2-454a-8b04-4cf0fdd2f767:group-9E930A021B0A:LeaderElection17] INFO  impl.RoleInfo (RoleInfo.java:updateAndGet(143)) - 3b3fe35e-bec2-454a-8b04-4cf0fdd2f767: start LeaderState
2019-08-21 03:08:19,702 [3b3fe35e-bec2-454a-8b04-4cf0fdd2f767:group-9E930A021B0A:LeaderElection17] INFO  segmented.SegmentedRaftLogWorker (SegmentedRaftLogWorker.java:startLogSegment(380)) - 3b3fe35e-bec2-454a-8b04-4cf0fdd2f767-SegmentedRaftLogWorker:Storage Directory /workdir/hadoop-ozone/integration-test/target/test-dir/MiniOzoneClusterImpl-440523b1-d1bf-45a3-9b99-cb19fdde5e9b/datanode-2/data/ratis/d48c85b3-3ff6-4c2f-a799-9e930a021b0a: Starting segment from index:0
2019-08-21 03:08:19,703 [3b3fe35e-bec2-454a-8b04-4cf0fdd2f767:group-9E930A021B0A:LeaderElection17] INFO  impl.RaftServerImpl (ServerState.java:setRaftConf(361)) - 3b3fe35e-bec2-454a-8b04-4cf0fdd2f767:group-9E930A021B0A set configuration 0: [3b3fe35e-bec2-454a-8b04-4cf0fdd2f767:192.168.69.79:32992], old=null at 0
2019-08-21 03:08:19,745 [grpc-default-executor-2] INFO  impl.RaftServerImpl (RaftServerImpl.java:setRole(171)) - deffb78e-0f7f-4e6c-8f29-96a42428adf0:group-34A254BE9BCF changes role from FOLLOWER to FOLLOWER at term 1 for recognizeCandidate:afa424f4-ff41-4877-ad11-a15f16e37855
2019-08-21 03:08:19,745 [grpc-default-executor-1] INFO  impl.RaftServerImpl (RaftServerImpl.java:setRole(171)) - 3b3fe35e-bec2-454a-8b04-4cf0fdd2f767:group-34A254BE9BCF changes role from FOLLOWER to FOLLOWER at term 1 for recognizeCandidate:afa424f4-ff41-4877-ad11-a15f16e37855
2019-08-21 03:08:19,746 [grpc-default-executor-2] INFO  impl.RoleInfo (RoleInfo.java:shutdownFollowerState(121)) - deffb78e-0f7f-4e6c-8f29-96a42428adf0: shutdown FollowerState
2019-08-21 03:08:19,746 [grpc-default-executor-1] INFO  impl.RoleInfo (RoleInfo.java:shutdownFollowerState(121)) - 3b3fe35e-bec2-454a-8b04-4cf0fdd2f767: shutdown FollowerState
2019-08-21 03:08:19,746 [Thread-506] INFO  impl.FollowerState (FollowerState.java:run(114)) - deffb78e-0f7f-4e6c-8f29-96a42428adf0: FollowerState was interrupted: java.lang.InterruptedException: sleep interrupted
2019-08-21 03:08:19,746 [grpc-default-executor-2] INFO  impl.RoleInfo (RoleInfo.java:updateAndGet(143)) - deffb78e-0f7f-4e6c-8f29-96a42428adf0: start FollowerState
2019-08-21 03:08:19,746 [Thread-511] INFO  impl.FollowerState (FollowerState.java:run(114)) - 3b3fe35e-bec2-454a-8b04-4cf0fdd2f767: FollowerState was interrupted: java.lang.InterruptedException: sleep interrupted
2019-08-21 03:08:19,746 [grpc-default-executor-1] INFO  impl.RoleInfo (RoleInfo.java:updateAndGet(143)) - 3b3fe35e-bec2-454a-8b04-4cf0fdd2f767: start FollowerState
2019-08-21 03:08:19,751 [3b3fe35e-bec2-454a-8b04-4cf0fdd2f767-SegmentedRaftLogWorker:Storage Directory /workdir/hadoop-ozone/integration-test/target/test-dir/MiniOzoneClusterImpl-440523b1-d1bf-45a3-9b99-cb19fdde5e9b/datanode-2/data/ratis/d48c85b3-3ff6-4c2f-a799-9e930a021b0a] INFO  segmented.SegmentedRaftLogWorker (SegmentedRaftLogWorker.java:execute(569)) - 3b3fe35e-bec2-454a-8b04-4cf0fdd2f767-SegmentedRaftLogWorker:Storage Directory /workdir/hadoop-ozone/integration-test/target/test-dir/MiniOzoneClusterImpl-440523b1-d1bf-45a3-9b99-cb19fdde5e9b/datanode-2/data/ratis/d48c85b3-3ff6-4c2f-a799-9e930a021b0a: created new log segment /workdir/hadoop-ozone/integration-test/target/test-dir/MiniOzoneClusterImpl-440523b1-d1bf-45a3-9b99-cb19fdde5e9b/datanode-2/data/ratis/d48c85b3-3ff6-4c2f-a799-9e930a021b0a/current/log_inprogress_0
2019-08-21 03:08:19,770 [afa424f4-ff41-4877-ad11-a15f16e37855:group-34A254BE9BCF:LeaderElection18] INFO  impl.LeaderElection (LeaderElection.java:logAndReturn(56)) - afa424f4-ff41-4877-ad11-a15f16e37855:group-34A254BE9BCF:LeaderElection18: Election PASSED; received 1 response(s) [afa424f4-ff41-4877-ad11-a15f16e37855<-deffb78e-0f7f-4e6c-8f29-96a42428adf0#0:OK-t1] and 0 exception(s); afa424f4-ff41-4877-ad11-a15f16e37855:t1, leader=null, voted=afa424f4-ff41-4877-ad11-a15f16e37855, raftlog=afa424f4-ff41-4877-ad11-a15f16e37855-SegmentedRaftLog:OPENED:c-1,f-1,i0, conf=-1: [deffb78e-0f7f-4e6c-8f29-96a42428adf0:192.168.69.79:40497, afa424f4-ff41-4877-ad11-a15f16e37855:192.168.69.79:39673, 3b3fe35e-bec2-454a-8b04-4cf0fdd2f767:192.168.69.79:32992], old=null
2019-08-21 03:08:19,770 [afa424f4-ff41-4877-ad11-a15f16e37855:group-34A254BE9BCF:LeaderElection18] INFO  impl.RoleInfo (RoleInfo.java:shutdownLeaderElection(134)) - afa424f4-ff41-4877-ad11-a15f16e37855: shutdown LeaderElection
2019-08-21 03:08:19,772 [afa424f4-ff41-4877-ad11-a15f16e37855:group-34A254BE9BCF:LeaderElection18] INFO  impl.RaftServerImpl (RaftServerImpl.java:setRole(171)) - afa424f4-ff41-4877-ad11-a15f16e37855:group-34A254BE9BCF changes role from CANDIDATE to LEADER at term 1 for changeToLeader
2019-08-21 03:08:19,773 [afa424f4-ff41-4877-ad11-a15f16e37855:group-34A254BE9BCF:LeaderElection18] INFO  impl.RaftServerImpl (ServerState.java:setLeader(263)) - afa424f4-ff41-4877-ad11-a15f16e37855:group-34A254BE9BCF change Leader from null to afa424f4-ff41-4877-ad11-a15f16e37855 at term 1 for becomeLeader, leader elected after 5149ms
2019-08-21 03:08:19,774 [afa424f4-ff41-4877-ad11-a15f16e37855:group-34A254BE9BCF:LeaderElection18] INFO  server.RaftServerConfigKeys (ConfUtils.java:logGet(43)) - raft.server.staging.catchup.gap = 1000 (default)
2019-08-21 03:08:19,774 [afa424f4-ff41-4877-ad11-a15f16e37855:group-34A254BE9BCF:LeaderElection18] INFO  server.RaftServerConfigKeys (ConfUtils.java:logGet(43)) - raft.server.rpc.sleep.time = 25ms (default)
2019-08-21 03:08:19,774 [afa424f4-ff41-4877-ad11-a15f16e37855:group-34A254BE9BCF:LeaderElection18] INFO  server.RaftServerConfigKeys (ConfUtils.java:logGet(43)) - raft.server.write.element-limit = 4096 (default)
2019-08-21 03:08:19,774 [afa424f4-ff41-4877-ad11-a15f16e37855:group-34A254BE9BCF:LeaderElection18] INFO  server.RaftServerConfigKeys (ConfUtils.java:logGet(43)) - raft.server.watch.timeout = 10s (default)
2019-08-21 03:08:19,774 [afa424f4-ff41-4877-ad11-a15f16e37855:group-34A254BE9BCF:LeaderElection18] INFO  server.RaftServerConfigKeys (ConfUtils.java:logGet(43)) - raft.server.watch.timeout.denomination = 1s (default)
2019-08-21 03:08:19,774 [afa424f4-ff41-4877-ad11-a15f16e37855:group-34A254BE9BCF:LeaderElection18] INFO  server.RaftServerConfigKeys (ConfUtils.java:logGet(43)) - raft.server.watch.element-limit = 65536 (default)
2019-08-21 03:08:19,777 [afa424f4-ff41-4877-ad11-a15f16e37855:group-34A254BE9BCF:LeaderElection18] INFO  server.RaftServerConfigKeys (ConfUtils.java:logGet(43)) - raft.server.log.appender.snapshot.chunk.size.max = 16MB (=16777216) (default)
2019-08-21 03:08:19,778 [afa424f4-ff41-4877-ad11-a15f16e37855:group-34A254BE9BCF:LeaderElection18] INFO  server.RaftServerConfigKeys (ConfUtils.java:logGet(43)) - raft.server.log.appender.buffer.byte-limit = 33554432 (custom)
2019-08-21 03:08:19,778 [afa424f4-ff41-4877-ad11-a15f16e37855:group-34A254BE9BCF:LeaderElection18] INFO  server.RaftServerConfigKeys (ConfUtils.java:logGet(43)) - raft.server.log.appender.buffer.element-limit = 1 (custom)
2019-08-21 03:08:19,782 [afa424f4-ff41-4877-ad11-a15f16e37855:group-34A254BE9BCF:LeaderElection18] INFO  grpc.GrpcConfigKeys$Server (ConfUtils.java:logGet(43)) - raft.grpc.server.leader.outstanding.appends.max = 128 (default)
2019-08-21 03:08:19,783 [afa424f4-ff41-4877-ad11-a15f16e37855:group-34A254BE9BCF:LeaderElection18] INFO  server.RaftServerConfigKeys (ConfUtils.java:logGet(43)) - raft.server.rpc.request.timeout = 3000ms (default)
2019-08-21 03:08:19,783 [afa424f4-ff41-4877-ad11-a15f16e37855:group-34A254BE9BCF:LeaderElection18] INFO  server.RaftServerConfigKeys (ConfUtils.java:logGet(43)) - raft.server.log.appender.install.snapshot.enabled = false (custom)
2019-08-21 03:08:19,784 [afa424f4-ff41-4877-ad11-a15f16e37855:group-34A254BE9BCF:LeaderElection18] INFO  server.RaftServerConfigKeys (ConfUtils.java:logGet(43)) - raft.server.log.appender.snapshot.chunk.size.max = 16MB (=16777216) (default)
2019-08-21 03:08:19,784 [afa424f4-ff41-4877-ad11-a15f16e37855:group-34A254BE9BCF:LeaderElection18] INFO  server.RaftServerConfigKeys (ConfUtils.java:logGet(43)) - raft.server.log.appender.buffer.byte-limit = 33554432 (custom)
2019-08-21 03:08:19,784 [afa424f4-ff41-4877-ad11-a15f16e37855:group-34A254BE9BCF:LeaderElection18] INFO  server.RaftServerConfigKeys (ConfUtils.java:logGet(43)) - raft.server.log.appender.buffer.element-limit = 1 (custom)
2019-08-21 03:08:19,784 [afa424f4-ff41-4877-ad11-a15f16e37855:group-34A254BE9BCF:LeaderElection18] INFO  grpc.GrpcConfigKeys$Server (ConfUtils.java:logGet(43)) - raft.grpc.server.leader.outstanding.appends.max = 128 (default)
2019-08-21 03:08:19,785 [afa424f4-ff41-4877-ad11-a15f16e37855:group-34A254BE9BCF:LeaderElection18] INFO  server.RaftServerConfigKeys (ConfUtils.java:logGet(43)) - raft.server.rpc.request.timeout = 3000ms (default)
2019-08-21 03:08:19,785 [afa424f4-ff41-4877-ad11-a15f16e37855:group-34A254BE9BCF:LeaderElection18] INFO  server.RaftServerConfigKeys (ConfUtils.java:logGet(43)) - raft.server.log.appender.install.snapshot.enabled = false (custom)
2019-08-21 03:08:19,789 [afa424f4-ff41-4877-ad11-a15f16e37855:group-34A254BE9BCF:LeaderElection18] INFO  impl.RoleInfo (RoleInfo.java:updateAndGet(143)) - afa424f4-ff41-4877-ad11-a15f16e37855: start LeaderState
2019-08-21 03:08:19,789 [afa424f4-ff41-4877-ad11-a15f16e37855:group-34A254BE9BCF:LeaderElection18] INFO  segmented.SegmentedRaftLogWorker (SegmentedRaftLogWorker.java:startLogSegment(380)) - afa424f4-ff41-4877-ad11-a15f16e37855-SegmentedRaftLogWorker:Storage Directory /workdir/hadoop-ozone/integration-test/target/test-dir/MiniOzoneClusterImpl-440523b1-d1bf-45a3-9b99-cb19fdde5e9b/datanode-0/data/ratis/7726494f-6e11-4d87-9031-34a254be9bcf: Starting segment from index:0
2019-08-21 03:08:19,790 [afa424f4-ff41-4877-ad11-a15f16e37855:group-34A254BE9BCF:LeaderElection18] INFO  impl.RaftServerImpl (ServerState.java:setRaftConf(361)) - afa424f4-ff41-4877-ad11-a15f16e37855:group-34A254BE9BCF set configuration 0: [deffb78e-0f7f-4e6c-8f29-96a42428adf0:192.168.69.79:40497, afa424f4-ff41-4877-ad11-a15f16e37855:192.168.69.79:39673, 3b3fe35e-bec2-454a-8b04-4cf0fdd2f767:192.168.69.79:32992], old=null at 0
2019-08-21 03:08:19,845 [afa424f4-ff41-4877-ad11-a15f16e37855-SegmentedRaftLogWorker:Storage Directory /workdir/hadoop-ozone/integration-test/target/test-dir/MiniOzoneClusterImpl-440523b1-d1bf-45a3-9b99-cb19fdde5e9b/datanode-0/data/ratis/7726494f-6e11-4d87-9031-34a254be9bcf] INFO  segmented.SegmentedRaftLogWorker (SegmentedRaftLogWorker.java:execute(569)) - afa424f4-ff41-4877-ad11-a15f16e37855-SegmentedRaftLogWorker:Storage Directory /workdir/hadoop-ozone/integration-test/target/test-dir/MiniOzoneClusterImpl-440523b1-d1bf-45a3-9b99-cb19fdde5e9b/datanode-0/data/ratis/7726494f-6e11-4d87-9031-34a254be9bcf: created new log segment /workdir/hadoop-ozone/integration-test/target/test-dir/MiniOzoneClusterImpl-440523b1-d1bf-45a3-9b99-cb19fdde5e9b/datanode-0/data/ratis/7726494f-6e11-4d87-9031-34a254be9bcf/current/log_inprogress_0
2019-08-21 03:08:19,856 [grpc-default-executor-2] INFO  impl.RaftServerImpl (ServerState.java:setLeader(263)) - 3b3fe35e-bec2-454a-8b04-4cf0fdd2f767:group-34A254BE9BCF change Leader from null to afa424f4-ff41-4877-ad11-a15f16e37855 at term 1 for appendEntries, leader elected after 5231ms
2019-08-21 03:08:19,856 [grpc-default-executor-1] INFO  impl.RaftServerImpl (ServerState.java:setLeader(263)) - deffb78e-0f7f-4e6c-8f29-96a42428adf0:group-34A254BE9BCF change Leader from null to afa424f4-ff41-4877-ad11-a15f16e37855 at term 1 for appendEntries, leader elected after 5232ms
2019-08-21 03:08:19,891 [grpc-default-executor-1] INFO  impl.RaftServerImpl (ServerState.java:setRaftConf(361)) - 3b3fe35e-bec2-454a-8b04-4cf0fdd2f767:group-34A254BE9BCF set configuration 0: [deffb78e-0f7f-4e6c-8f29-96a42428adf0:192.168.69.79:40497, afa424f4-ff41-4877-ad11-a15f16e37855:192.168.69.79:39673, 3b3fe35e-bec2-454a-8b04-4cf0fdd2f767:192.168.69.79:32992], old=null at 0
2019-08-21 03:08:19,891 [grpc-default-executor-2] INFO  impl.RaftServerImpl (ServerState.java:setRaftConf(361)) - deffb78e-0f7f-4e6c-8f29-96a42428adf0:group-34A254BE9BCF set configuration 0: [deffb78e-0f7f-4e6c-8f29-96a42428adf0:192.168.69.79:40497, afa424f4-ff41-4877-ad11-a15f16e37855:192.168.69.79:39673, 3b3fe35e-bec2-454a-8b04-4cf0fdd2f767:192.168.69.79:32992], old=null at 0
2019-08-21 03:08:19,891 [grpc-default-executor-1] INFO  segmented.SegmentedRaftLogWorker (SegmentedRaftLogWorker.java:startLogSegment(380)) - 3b3fe35e-bec2-454a-8b04-4cf0fdd2f767-SegmentedRaftLogWorker:Storage Directory /workdir/hadoop-ozone/integration-test/target/test-dir/MiniOzoneClusterImpl-440523b1-d1bf-45a3-9b99-cb19fdde5e9b/datanode-2/data/ratis/7726494f-6e11-4d87-9031-34a254be9bcf: Starting segment from index:0
2019-08-21 03:08:19,891 [grpc-default-executor-2] INFO  segmented.SegmentedRaftLogWorker (SegmentedRaftLogWorker.java:startLogSegment(380)) - deffb78e-0f7f-4e6c-8f29-96a42428adf0-SegmentedRaftLogWorker:Storage Directory /workdir/hadoop-ozone/integration-test/target/test-dir/MiniOzoneClusterImpl-440523b1-d1bf-45a3-9b99-cb19fdde5e9b/datanode-1/data/ratis/7726494f-6e11-4d87-9031-34a254be9bcf: Starting segment from index:0
2019-08-21 03:08:19,936 [deffb78e-0f7f-4e6c-8f29-96a42428adf0-SegmentedRaftLogWorker:Storage Directory /workdir/hadoop-ozone/integration-test/target/test-dir/MiniOzoneClusterImpl-440523b1-d1bf-45a3-9b99-cb19fdde5e9b/datanode-1/data/ratis/7726494f-6e11-4d87-9031-34a254be9bcf] INFO  segmented.SegmentedRaftLogWorker (SegmentedRaftLogWorker.java:execute(569)) - deffb78e-0f7f-4e6c-8f29-96a42428adf0-SegmentedRaftLogWorker:Storage Directory /workdir/hadoop-ozone/integration-test/target/test-dir/MiniOzoneClusterImpl-440523b1-d1bf-45a3-9b99-cb19fdde5e9b/datanode-1/data/ratis/7726494f-6e11-4d87-9031-34a254be9bcf: created new log segment /workdir/hadoop-ozone/integration-test/target/test-dir/MiniOzoneClusterImpl-440523b1-d1bf-45a3-9b99-cb19fdde5e9b/datanode-1/data/ratis/7726494f-6e11-4d87-9031-34a254be9bcf/current/log_inprogress_0
2019-08-21 03:08:19,936 [3b3fe35e-bec2-454a-8b04-4cf0fdd2f767-SegmentedRaftLogWorker:Storage Directory /workdir/hadoop-ozone/integration-test/target/test-dir/MiniOzoneClusterImpl-440523b1-d1bf-45a3-9b99-cb19fdde5e9b/datanode-2/data/ratis/7726494f-6e11-4d87-9031-34a254be9bcf] INFO  segmented.SegmentedRaftLogWorker (SegmentedRaftLogWorker.java:execute(569)) - 3b3fe35e-bec2-454a-8b04-4cf0fdd2f767-SegmentedRaftLogWorker:Storage Directory /workdir/hadoop-ozone/integration-test/target/test-dir/MiniOzoneClusterImpl-440523b1-d1bf-45a3-9b99-cb19fdde5e9b/datanode-2/data/ratis/7726494f-6e11-4d87-9031-34a254be9bcf: created new log segment /workdir/hadoop-ozone/integration-test/target/test-dir/MiniOzoneClusterImpl-440523b1-d1bf-45a3-9b99-cb19fdde5e9b/datanode-2/data/ratis/7726494f-6e11-4d87-9031-34a254be9bcf/current/log_inprogress_0
2019-08-21 03:08:20,344 | INFO  | SCMAudit | user=jenkins1000 | ip=192.168.69.79 | op=SEND_HEARTBEAT {datanodeUUID=deffb78e-0f7f-4e6c-8f29-96a42428adf0, command=[]} | ret=SUCCESS |  
2019-08-21 03:08:20,513 [Thread-323] INFO  ozoneimpl.OzoneContainer (OzoneContainer.java:stop(199)) - Attempting to stop container services.
2019-08-21 03:08:20,518 [Thread-323] INFO  impl.RaftServerProxy (RaftServerProxy.java:lambda$close$4(314)) - afa424f4-ff41-4877-ad11-a15f16e37855: close
2019-08-21 03:08:20,519 [Thread-323] INFO  impl.RaftServerImpl (RaftServerImpl.java:lambda$shutdown$3(245)) - afa424f4-ff41-4877-ad11-a15f16e37855: shutdown group-8AA392D4BC08
2019-08-21 03:08:20,519 [Thread-323] INFO  util.JmxRegister (JmxRegister.java:unregister(73)) - Successfully un-registered JMX Bean with object name Ratis:service=RaftServer,group=group-8AA392D4BC08,id=afa424f4-ff41-4877-ad11-a15f16e37855
2019-08-21 03:08:20,520 | INFO  | SCMAudit | user=jenkins1000 | ip=192.168.69.79 | op=SEND_HEARTBEAT {datanodeUUID=3b3fe35e-bec2-454a-8b04-4cf0fdd2f767, command=[]} | ret=SUCCESS |  
2019-08-21 03:08:20,520 [Thread-323] INFO  impl.RoleInfo (RoleInfo.java:shutdownLeaderState(104)) - afa424f4-ff41-4877-ad11-a15f16e37855: shutdown LeaderState
2019-08-21 03:08:20,520 [Thread-323] INFO  impl.PendingRequests (PendingRequests.java:sendNotLeaderResponses(202)) - afa424f4-ff41-4877-ad11-a15f16e37855-PendingRequests: sendNotLeaderResponses
2019-08-21 03:08:20,521 [Thread-323] INFO  impl.StateMachineUpdater (StateMachineUpdater.java:stopAndJoin(115)) - StateMachineUpdater:afa424f4-ff41-4877-ad11-a15f16e37855:group-8AA392D4BC08: set stopIndex = 0
2019-08-21 03:08:20,524 [Thread-323] INFO  impl.RaftServerImpl (ServerState.java:close(394)) - afa424f4-ff41-4877-ad11-a15f16e37855:group-8AA392D4BC08 closes. The last applied log index is 0
2019-08-21 03:08:20,525 [afa424f4-ff41-4877-ad11-a15f16e37855-SegmentedRaftLogWorker:Storage Directory /workdir/hadoop-ozone/integration-test/target/test-dir/MiniOzoneClusterImpl-440523b1-d1bf-45a3-9b99-cb19fdde5e9b/datanode-0/data/ratis/023eca78-6422-44c0-9ed0-8aa392d4bc08] INFO  segmented.SegmentedRaftLogWorker (SegmentedRaftLogWorker.java:run(313)) - afa424f4-ff41-4877-ad11-a15f16e37855-SegmentedRaftLogWorker:Storage Directory /workdir/hadoop-ozone/integration-test/target/test-dir/MiniOzoneClusterImpl-440523b1-d1bf-45a3-9b99-cb19fdde5e9b/datanode-0/data/ratis/023eca78-6422-44c0-9ed0-8aa392d4bc08 was interrupted, exiting. There are 0 tasks remaining in the queue.
2019-08-21 03:08:20,526 [Thread-323] INFO  segmented.SegmentedRaftLogWorker (SegmentedRaftLogWorker.java:close(228)) - afa424f4-ff41-4877-ad11-a15f16e37855-SegmentedRaftLogWorker:Storage Directory /workdir/hadoop-ozone/integration-test/target/test-dir/MiniOzoneClusterImpl-440523b1-d1bf-45a3-9b99-cb19fdde5e9b/datanode-0/data/ratis/023eca78-6422-44c0-9ed0-8aa392d4bc08 close()
2019-08-21 03:08:20,528 [Thread-323] INFO  impl.RaftServerImpl (RaftServerImpl.java:lambda$shutdown$3(245)) - afa424f4-ff41-4877-ad11-a15f16e37855: shutdown group-34A254BE9BCF
2019-08-21 03:08:20,529 [Thread-323] INFO  util.JmxRegister (JmxRegister.java:unregister(73)) - Successfully un-registered JMX Bean with object name Ratis:service=RaftServer,group=group-34A254BE9BCF,id=afa424f4-ff41-4877-ad11-a15f16e37855
2019-08-21 03:08:20,529 [Thread-323] INFO  impl.RoleInfo (RoleInfo.java:shutdownLeaderState(104)) - afa424f4-ff41-4877-ad11-a15f16e37855: shutdown LeaderState
2019-08-21 03:08:20,531 [Thread-323] INFO  impl.PendingRequests (PendingRequests.java:sendNotLeaderResponses(202)) - afa424f4-ff41-4877-ad11-a15f16e37855-PendingRequests: sendNotLeaderResponses
2019-08-21 03:08:20,532 [org.apache.ratis.server.impl.LogAppender$AppenderDaemon$$Lambda$438/1826745165@263d3cc4] WARN  server.GrpcLogAppender (GrpcLogAppender.java:mayWait(143)) - GrpcLogAppender(afa424f4-ff41-4877-ad11-a15f16e37855->deffb78e-0f7f-4e6c-8f29-96a42428adf0): Wait interrupted by java.lang.InterruptedException
2019-08-21 03:08:20,533 [Thread-323] INFO  impl.StateMachineUpdater (StateMachineUpdater.java:stopAndJoin(115)) - StateMachineUpdater:afa424f4-ff41-4877-ad11-a15f16e37855:group-34A254BE9BCF: set stopIndex = 0
2019-08-21 03:08:20,532 [org.apache.ratis.server.impl.LogAppender$AppenderDaemon$$Lambda$438/1826745165@748f0c05] WARN  server.GrpcLogAppender (GrpcLogAppender.java:mayWait(143)) - GrpcLogAppender(afa424f4-ff41-4877-ad11-a15f16e37855->3b3fe35e-bec2-454a-8b04-4cf0fdd2f767): Wait interrupted by java.lang.InterruptedException
2019-08-21 03:08:20,534 [Thread-323] INFO  impl.RaftServerImpl (ServerState.java:close(394)) - afa424f4-ff41-4877-ad11-a15f16e37855:group-34A254BE9BCF closes. The last applied log index is 0
2019-08-21 03:08:20,535 [afa424f4-ff41-4877-ad11-a15f16e37855-SegmentedRaftLogWorker:Storage Directory /workdir/hadoop-ozone/integration-test/target/test-dir/MiniOzoneClusterImpl-440523b1-d1bf-45a3-9b99-cb19fdde5e9b/datanode-0/data/ratis/7726494f-6e11-4d87-9031-34a254be9bcf] INFO  segmented.SegmentedRaftLogWorker (SegmentedRaftLogWorker.java:run(313)) - afa424f4-ff41-4877-ad11-a15f16e37855-SegmentedRaftLogWorker:Storage Directory /workdir/hadoop-ozone/integration-test/target/test-dir/MiniOzoneClusterImpl-440523b1-d1bf-45a3-9b99-cb19fdde5e9b/datanode-0/data/ratis/7726494f-6e11-4d87-9031-34a254be9bcf was interrupted, exiting. There are 0 tasks remaining in the queue.
2019-08-21 03:08:20,536 [Thread-323] INFO  segmented.SegmentedRaftLogWorker (SegmentedRaftLogWorker.java:close(228)) - afa424f4-ff41-4877-ad11-a15f16e37855-SegmentedRaftLogWorker:Storage Directory /workdir/hadoop-ozone/integration-test/target/test-dir/MiniOzoneClusterImpl-440523b1-d1bf-45a3-9b99-cb19fdde5e9b/datanode-0/data/ratis/7726494f-6e11-4d87-9031-34a254be9bcf close()
2019-08-21 03:08:20,546 [Thread-323] INFO  server.GrpcService (GrpcService.java:closeImpl(155)) - afa424f4-ff41-4877-ad11-a15f16e37855: shutdown server with port 39673 now
2019-08-21 03:08:20,548 [Thread-323] INFO  server.GrpcService (GrpcService.java:closeImpl(163)) - afa424f4-ff41-4877-ad11-a15f16e37855: shutdown server with port 39673 successfully
2019-08-21 03:08:20,549 [grpc-default-executor-2] INFO  server.GrpcServerProtocolService (GrpcServerProtocolService.java:onCompleted(104)) - 3b3fe35e-bec2-454a-8b04-4cf0fdd2f767: appendEntries completed
2019-08-21 03:08:20,549 [grpc-default-executor-1] INFO  server.GrpcServerProtocolService (GrpcServerProtocolService.java:onCompleted(104)) - deffb78e-0f7f-4e6c-8f29-96a42428adf0: appendEntries completed
2019-08-21 03:08:20,552 [Thread-323] INFO  utils.BackgroundService (BackgroundService.java:shutdown(148)) - Shutting down service BlockDeletingService
2019-08-21 03:08:20,554 [grpc-default-executor-2] INFO  server.GrpcLogAppender (GrpcLogAppender.java:onError(281)) - GrpcLogAppender(afa424f4-ff41-4877-ad11-a15f16e37855->deffb78e-0f7f-4e6c-8f29-96a42428adf0) is stopped
2019-08-21 03:08:20,554 [grpc-default-executor-1] INFO  server.GrpcLogAppender (GrpcLogAppender.java:onError(281)) - GrpcLogAppender(afa424f4-ff41-4877-ad11-a15f16e37855->3b3fe35e-bec2-454a-8b04-4cf0fdd2f767) is stopped
2019-08-21 03:08:20,556 [refreshUsed-/workdir/hadoop-ozone/integration-test/target/test-dir/MiniOzoneClusterImpl-440523b1-d1bf-45a3-9b99-cb19fdde5e9b/datanode-0/data/containers] WARN  fs.CachingGetSpaceUsed (CachingGetSpaceUsed.java:run(183)) - Thread Interrupted waiting to refresh disk information: sleep interrupted
2019-08-21 03:08:20,578 [Thread-323] INFO  statemachine.DatanodeStateMachine (DatanodeStateMachine.java:stopDaemon(395)) - Ozone container server stopped.
2019-08-21 03:08:20,579 [Thread-323] INFO  handler.ContextHandler (ContextHandler.java:doStop(910)) - Stopped o.e.j.w.WebAppContext@41fc2622{/,null,UNAVAILABLE}{/hddsDatanode}
2019-08-21 03:08:20,580 [Thread-323] INFO  server.AbstractConnector (AbstractConnector.java:doStop(318)) - Stopped ServerConnector@5c59c0{HTTP/1.1,[http/1.1]}{0.0.0.0:0}
2019-08-21 03:08:20,580 [Thread-323] INFO  handler.ContextHandler (ContextHandler.java:doStop(910)) - Stopped o.e.j.s.ServletContextHandler@7243921f{/static,jar:file:/home/user/.m2/repository/org/apache/hadoop/hadoop-hdds-container-service/0.5.0-SNAPSHOT/hadoop-hdds-container-service-0.5.0-SNAPSHOT.jar!/webapps/static,UNAVAILABLE}
2019-08-21 03:08:20,580 [Thread-323] INFO  handler.ContextHandler (ContextHandler.java:doStop(910)) - Stopped o.e.j.s.ServletContextHandler@69a2aea4{/logs,file:///workdir/hadoop-ozone/integration-test/target/log,UNAVAILABLE}
2019-08-21 03:08:20,581 [Thread-323] INFO  datanode.ObjectStoreHandler (ObjectStoreHandler.java:close(155)) - Closing ObjectStoreHandler.
2019-08-21 03:08:20,582 [Thread-323] INFO  ozone.HddsDatanodeService (HddsDatanodeService.java:stop(451)) - Stopped plug-in org.apache.hadoop.ozone.web.OzoneHddsDatanodeService@3d6e2a7b
2019-08-21 03:08:21,343 [Datanode State Machine Thread - 0] INFO  statemachine.DatanodeStateMachine (DatanodeStateMachine.java:lambda$startDaemon$0(350)) - Ozone container server started.
2019-08-21 03:08:21,516 | INFO  | SCMAudit | user=jenkins1000 | ip=192.168.69.79 | op=SEND_HEARTBEAT {datanodeUUID=3b3fe35e-bec2-454a-8b04-4cf0fdd2f767, command=[]} | ret=SUCCESS |  
2019-08-21 03:08:22,516 | INFO  | SCMAudit | user=jenkins1000 | ip=192.168.69.79 | op=SEND_HEARTBEAT {datanodeUUID=3b3fe35e-bec2-454a-8b04-4cf0fdd2f767, command=[]} | ret=SUCCESS |  
2019-08-21 03:08:23,517 | INFO  | SCMAudit | user=jenkins1000 | ip=192.168.69.79 | op=SEND_HEARTBEAT {datanodeUUID=3b3fe35e-bec2-454a-8b04-4cf0fdd2f767, command=[]} | ret=SUCCESS |  
2019-08-21 03:08:24,517 | INFO  | SCMAudit | user=jenkins1000 | ip=192.168.69.79 | op=SEND_HEARTBEAT {datanodeUUID=3b3fe35e-bec2-454a-8b04-4cf0fdd2f767, command=[]} | ret=SUCCESS |  
2019-08-21 03:08:27,144 [Thread-323] INFO  ozoneimpl.OzoneContainer (OzoneContainer.java:stop(199)) - Attempting to stop container services.
2019-08-21 03:08:27,144 [EventQueue-StaleNodeForStaleNodeHandler] INFO  node.StaleNodeHandler (StaleNodeHandler.java:onMessage(58)) - Datanode deffb78e-0f7f-4e6c-8f29-96a42428adf0{ip: 192.168.69.79, host: pr-hdds-1927-xpkkb-2804094098, networkLocation: /default-rack, certSerialId: null} moved to stale state. Finalizing its pipelines [PipelineID=7726494f-6e11-4d87-9031-34a254be9bcf, PipelineID=f4627039-2ff2-42c9-ba0c-6aee6d77989a]
2019-08-21 03:08:27,146 [EventQueue-StaleNodeForStaleNodeHandler] INFO  pipeline.SCMPipelineManager (SCMPipelineManager.java:finalizeAndDestroyPipeline(309)) - destroying pipeline:Pipeline[ Id: 7726494f-6e11-4d87-9031-34a254be9bcf, Nodes: deffb78e-0f7f-4e6c-8f29-96a42428adf0{ip: 192.168.69.79, host: pr-hdds-1927-xpkkb-2804094098, networkLocation: /default-rack, certSerialId: null}3b3fe35e-bec2-454a-8b04-4cf0fdd2f767{ip: 192.168.69.79, host: pr-hdds-1927-xpkkb-2804094098, networkLocation: /default-rack, certSerialId: null}afa424f4-ff41-4877-ad11-a15f16e37855{ip: 192.168.69.79, host: pr-hdds-1927-xpkkb-2804094098, networkLocation: /default-rack, certSerialId: null}, Type:RATIS, Factor:THREE, State:CLOSED]
2019-08-21 03:08:27,146 [Thread-323] INFO  impl.RaftServerProxy (RaftServerProxy.java:lambda$close$4(314)) - deffb78e-0f7f-4e6c-8f29-96a42428adf0: close
2019-08-21 03:08:27,146 [EventQueue-StaleNodeForStaleNodeHandler] INFO  pipeline.SCMPipelineManager (SCMPipelineManager.java:finalizeAndDestroyPipeline(309)) - destroying pipeline:Pipeline[ Id: f4627039-2ff2-42c9-ba0c-6aee6d77989a, Nodes: deffb78e-0f7f-4e6c-8f29-96a42428adf0{ip: 192.168.69.79, host: pr-hdds-1927-xpkkb-2804094098, networkLocation: /default-rack, certSerialId: null}, Type:RATIS, Factor:ONE, State:OPEN]
2019-08-21 03:08:27,146 | INFO  | SCMAudit | user=jenkins1000 | ip=192.168.69.79 | op=SEND_HEARTBEAT {datanodeUUID=3b3fe35e-bec2-454a-8b04-4cf0fdd2f767, command=[]} | ret=SUCCESS |  
2019-08-21 03:08:27,147 [EventQueue-StaleNodeForStaleNodeHandler] INFO  pipeline.PipelineStateManager (PipelineStateManager.java:finalizePipeline(123)) - Pipeline Pipeline[ Id: f4627039-2ff2-42c9-ba0c-6aee6d77989a, Nodes: deffb78e-0f7f-4e6c-8f29-96a42428adf0{ip: 192.168.69.79, host: pr-hdds-1927-xpkkb-2804094098, networkLocation: /default-rack, certSerialId: null}, Type:RATIS, Factor:ONE, State:CLOSED] moved to CLOSED state
2019-08-21 03:08:27,147 [Thread-323] INFO  impl.RaftServerImpl (RaftServerImpl.java:lambda$shutdown$3(245)) - deffb78e-0f7f-4e6c-8f29-96a42428adf0: shutdown group-34A254BE9BCF
2019-08-21 03:08:27,147 [Thread-323] INFO  util.JmxRegister (JmxRegister.java:unregister(73)) - Successfully un-registered JMX Bean with object name Ratis:service=RaftServer,group=group-34A254BE9BCF,id=deffb78e-0f7f-4e6c-8f29-96a42428adf0
2019-08-21 03:08:27,154 [Thread-323] INFO  impl.RoleInfo (RoleInfo.java:shutdownFollowerState(121)) - deffb78e-0f7f-4e6c-8f29-96a42428adf0: shutdown FollowerState
2019-08-21 03:08:27,154 [Thread-323] INFO  impl.StateMachineUpdater (StateMachineUpdater.java:stopAndJoin(115)) - StateMachineUpdater:deffb78e-0f7f-4e6c-8f29-96a42428adf0:group-34A254BE9BCF: set stopIndex = 0
2019-08-21 03:08:27,155 | INFO  | SCMAudit | user=jenkins1000 | ip=192.168.69.79 | op=SEND_HEARTBEAT {datanodeUUID=3b3fe35e-bec2-454a-8b04-4cf0fdd2f767, command=[]} | ret=SUCCESS |  
2019-08-21 03:08:27,154 [Thread-525] INFO  impl.FollowerState (FollowerState.java:run(114)) - deffb78e-0f7f-4e6c-8f29-96a42428adf0: FollowerState was interrupted: java.lang.InterruptedException: sleep interrupted
2019-08-21 03:08:27,156 [Thread-323] INFO  impl.RaftServerImpl (ServerState.java:close(394)) - deffb78e-0f7f-4e6c-8f29-96a42428adf0:group-34A254BE9BCF closes. The last applied log index is 0
2019-08-21 03:08:27,158 [deffb78e-0f7f-4e6c-8f29-96a42428adf0-SegmentedRaftLogWorker:Storage Directory /workdir/hadoop-ozone/integration-test/target/test-dir/MiniOzoneClusterImpl-440523b1-d1bf-45a3-9b99-cb19fdde5e9b/datanode-1/data/ratis/7726494f-6e11-4d87-9031-34a254be9bcf] INFO  segmented.SegmentedRaftLogWorker (SegmentedRaftLogWorker.java:run(313)) - deffb78e-0f7f-4e6c-8f29-96a42428adf0-SegmentedRaftLogWorker:Storage Directory /workdir/hadoop-ozone/integration-test/target/test-dir/MiniOzoneClusterImpl-440523b1-d1bf-45a3-9b99-cb19fdde5e9b/datanode-1/data/ratis/7726494f-6e11-4d87-9031-34a254be9bcf was interrupted, exiting. There are 0 tasks remaining in the queue.
2019-08-21 03:08:27,159 [Thread-323] INFO  segmented.SegmentedRaftLogWorker (SegmentedRaftLogWorker.java:close(228)) - deffb78e-0f7f-4e6c-8f29-96a42428adf0-SegmentedRaftLogWorker:Storage Directory /workdir/hadoop-ozone/integration-test/target/test-dir/MiniOzoneClusterImpl-440523b1-d1bf-45a3-9b99-cb19fdde5e9b/datanode-1/data/ratis/7726494f-6e11-4d87-9031-34a254be9bcf close()
2019-08-21 03:08:27,160 [Thread-323] INFO  impl.RaftServerImpl (RaftServerImpl.java:lambda$shutdown$3(245)) - deffb78e-0f7f-4e6c-8f29-96a42428adf0: shutdown group-6AEE6D77989A
2019-08-21 03:08:27,160 [Thread-323] INFO  util.JmxRegister (JmxRegister.java:unregister(73)) - Successfully un-registered JMX Bean with object name Ratis:service=RaftServer,group=group-6AEE6D77989A,id=deffb78e-0f7f-4e6c-8f29-96a42428adf0
2019-08-21 03:08:27,161 [Thread-323] INFO  impl.RoleInfo (RoleInfo.java:shutdownLeaderState(104)) - deffb78e-0f7f-4e6c-8f29-96a42428adf0: shutdown LeaderState
2019-08-21 03:08:27,161 [Thread-323] INFO  impl.PendingRequests (PendingRequests.java:sendNotLeaderResponses(202)) - deffb78e-0f7f-4e6c-8f29-96a42428adf0-PendingRequests: sendNotLeaderResponses
2019-08-21 03:08:27,161 [Thread-323] INFO  impl.StateMachineUpdater (StateMachineUpdater.java:stopAndJoin(115)) - StateMachineUpdater:deffb78e-0f7f-4e6c-8f29-96a42428adf0:group-6AEE6D77989A: set stopIndex = 0
2019-08-21 03:08:27,162 [Thread-323] INFO  impl.RaftServerImpl (ServerState.java:close(394)) - deffb78e-0f7f-4e6c-8f29-96a42428adf0:group-6AEE6D77989A closes. The last applied log index is 0
2019-08-21 03:08:27,163 [deffb78e-0f7f-4e6c-8f29-96a42428adf0-SegmentedRaftLogWorker:Storage Directory /workdir/hadoop-ozone/integration-test/target/test-dir/MiniOzoneClusterImpl-440523b1-d1bf-45a3-9b99-cb19fdde5e9b/datanode-1/data/ratis/f4627039-2ff2-42c9-ba0c-6aee6d77989a] INFO  segmented.SegmentedRaftLogWorker (SegmentedRaftLogWorker.java:run(313)) - deffb78e-0f7f-4e6c-8f29-96a42428adf0-SegmentedRaftLogWorker:Storage Directory /workdir/hadoop-ozone/integration-test/target/test-dir/MiniOzoneClusterImpl-440523b1-d1bf-45a3-9b99-cb19fdde5e9b/datanode-1/data/ratis/f4627039-2ff2-42c9-ba0c-6aee6d77989a was interrupted, exiting. There are 0 tasks remaining in the queue.
2019-08-21 03:08:27,163 [Thread-323] INFO  segmented.SegmentedRaftLogWorker (SegmentedRaftLogWorker.java:close(228)) - deffb78e-0f7f-4e6c-8f29-96a42428adf0-SegmentedRaftLogWorker:Storage Directory /workdir/hadoop-ozone/integration-test/target/test-dir/MiniOzoneClusterImpl-440523b1-d1bf-45a3-9b99-cb19fdde5e9b/datanode-1/data/ratis/f4627039-2ff2-42c9-ba0c-6aee6d77989a close()
2019-08-21 03:08:27,164 [Thread-323] INFO  server.GrpcService (GrpcService.java:closeImpl(155)) - deffb78e-0f7f-4e6c-8f29-96a42428adf0: shutdown server with port 40497 now
2019-08-21 03:08:27,166 [Thread-323] INFO  server.GrpcService (GrpcService.java:closeImpl(163)) - deffb78e-0f7f-4e6c-8f29-96a42428adf0: shutdown server with port 40497 successfully
2019-08-21 03:08:27,168 [Thread-323] INFO  utils.BackgroundService (BackgroundService.java:shutdown(148)) - Shutting down service BlockDeletingService
2019-08-21 03:08:27,170 [refreshUsed-/workdir/hadoop-ozone/integration-test/target/test-dir/MiniOzoneClusterImpl-440523b1-d1bf-45a3-9b99-cb19fdde5e9b/datanode-1/data/containers] WARN  fs.CachingGetSpaceUsed (CachingGetSpaceUsed.java:run(183)) - Thread Interrupted waiting to refresh disk information: sleep interrupted
2019-08-21 03:08:27,188 [Thread-323] INFO  statemachine.DatanodeStateMachine (DatanodeStateMachine.java:stopDaemon(395)) - Ozone container server stopped.
2019-08-21 03:08:27,189 [Thread-323] INFO  handler.ContextHandler (ContextHandler.java:doStop(910)) - Stopped o.e.j.w.WebAppContext@337bb770{/,null,UNAVAILABLE}{/hddsDatanode}
2019-08-21 03:08:27,190 [Thread-323] INFO  server.AbstractConnector (AbstractConnector.java:doStop(318)) - Stopped ServerConnector@3f478a07{HTTP/1.1,[http/1.1]}{0.0.0.0:0}
2019-08-21 03:08:27,191 [Thread-323] INFO  handler.ContextHandler (ContextHandler.java:doStop(910)) - Stopped o.e.j.s.ServletContextHandler@7af33937{/static,jar:file:/home/user/.m2/repository/org/apache/hadoop/hadoop-hdds-container-service/0.5.0-SNAPSHOT/hadoop-hdds-container-service-0.5.0-SNAPSHOT.jar!/webapps/static,UNAVAILABLE}
2019-08-21 03:08:27,191 [Thread-323] INFO  handler.ContextHandler (ContextHandler.java:doStop(910)) - Stopped o.e.j.s.ServletContextHandler@74682f3c{/logs,file:///workdir/hadoop-ozone/integration-test/target/log,UNAVAILABLE}
2019-08-21 03:08:27,192 [Thread-323] INFO  datanode.ObjectStoreHandler (ObjectStoreHandler.java:close(155)) - Closing ObjectStoreHandler.
2019-08-21 03:08:27,193 [Thread-323] INFO  ozone.HddsDatanodeService (HddsDatanodeService.java:stop(451)) - Stopped plug-in org.apache.hadoop.ozone.web.OzoneHddsDatanodeService@3a60281a
2019-08-21 03:08:27,516 [Datanode State Machine Thread - 0] INFO  statemachine.DatanodeStateMachine (DatanodeStateMachine.java:lambda$startDaemon$0(350)) - Ozone container server started.
2019-08-21 03:08:30,069 [Thread-526] INFO  impl.FollowerState (FollowerState.java:run(106)) - 3b3fe35e-bec2-454a-8b04-4cf0fdd2f767:group-34A254BE9BCF changes to CANDIDATE, lastRpcTime:10121, electionTimeout:5119ms
2019-08-21 03:08:30,070 [Thread-526] INFO  impl.RoleInfo (RoleInfo.java:shutdownFollowerState(121)) - 3b3fe35e-bec2-454a-8b04-4cf0fdd2f767: shutdown FollowerState
2019-08-21 03:08:30,070 [Thread-526] INFO  impl.RaftServerImpl (RaftServerImpl.java:setRole(171)) - 3b3fe35e-bec2-454a-8b04-4cf0fdd2f767:group-34A254BE9BCF changes role from FOLLOWER to CANDIDATE at term 1 for changeToCandidate
2019-08-21 03:08:30,070 [Thread-526] INFO  impl.RoleInfo (RoleInfo.java:updateAndGet(143)) - 3b3fe35e-bec2-454a-8b04-4cf0fdd2f767: start LeaderElection
2019-08-21 03:08:30,072 [3b3fe35e-bec2-454a-8b04-4cf0fdd2f767:group-34A254BE9BCF:LeaderElection19] INFO  impl.RaftServerImpl (ServerState.java:setLeader(263)) - 3b3fe35e-bec2-454a-8b04-4cf0fdd2f767:group-34A254BE9BCF change Leader from afa424f4-ff41-4877-ad11-a15f16e37855 to null at term 1 for initElection
2019-08-21 03:08:30,170 [3b3fe35e-bec2-454a-8b04-4cf0fdd2f767:group-34A254BE9BCF:LeaderElection19] INFO  impl.LeaderElection (LeaderElection.java:askForVotes(181)) - 3b3fe35e-bec2-454a-8b04-4cf0fdd2f767:group-34A254BE9BCF:LeaderElection19: begin an election at term 2 for 0: [deffb78e-0f7f-4e6c-8f29-96a42428adf0:192.168.69.79:40497, afa424f4-ff41-4877-ad11-a15f16e37855:192.168.69.79:39673, 3b3fe35e-bec2-454a-8b04-4cf0fdd2f767:192.168.69.79:32992], old=null
2019-08-21 03:08:30,183 [3b3fe35e-bec2-454a-8b04-4cf0fdd2f767:group-34A254BE9BCF:LeaderElection19] INFO  impl.LeaderElection (LogUtils.java:infoOrTrace(149)) - 3b3fe35e-bec2-454a-8b04-4cf0fdd2f767:group-34A254BE9BCF:LeaderElection19 got exception when requesting votes: {}
java.util.concurrent.ExecutionException: org.apache.ratis.thirdparty.io.grpc.StatusRuntimeException: UNAVAILABLE: io exception
	at java.util.concurrent.FutureTask.report(FutureTask.java:122)
	at java.util.concurrent.FutureTask.get(FutureTask.java:192)
	at org.apache.ratis.server.impl.LeaderElection.waitForResults(LeaderElection.java:262)
	at org.apache.ratis.server.impl.LeaderElection.askForVotes(LeaderElection.java:200)
	at org.apache.ratis.server.impl.LeaderElection.run(LeaderElection.java:130)
	at java.lang.Thread.run(Thread.java:748)
Caused by: org.apache.ratis.thirdparty.io.grpc.StatusRuntimeException: UNAVAILABLE: io exception
	at org.apache.ratis.thirdparty.io.grpc.stub.ClientCalls.toStatusRuntimeException(ClientCalls.java:233)
	at org.apache.ratis.thirdparty.io.grpc.stub.ClientCalls.getUnchecked(ClientCalls.java:214)
	at org.apache.ratis.thirdparty.io.grpc.stub.ClientCalls.blockingUnaryCall(ClientCalls.java:139)
	at org.apache.ratis.proto.grpc.RaftServerProtocolServiceGrpc$RaftServerProtocolServiceBlockingStub.requestVote(RaftServerProtocolServiceGrpc.java:265)
	at org.apache.ratis.grpc.server.GrpcServerProtocolClient.requestVote(GrpcServerProtocolClient.java:83)
	at org.apache.ratis.grpc.server.GrpcService.requestVote(GrpcService.java:195)
	at org.apache.ratis.server.impl.LeaderElection.lambda$submitRequests$1(LeaderElection.java:237)
	at java.util.concurrent.FutureTask.run(FutureTask.java:266)
	at java.util.concurrent.Executors$RunnableAdapter.call(Executors.java:511)
	at java.util.concurrent.FutureTask.run(FutureTask.java:266)
	at java.util.concurrent.ThreadPoolExecutor.runWorker(ThreadPoolExecutor.java:1149)
	at java.util.concurrent.ThreadPoolExecutor$Worker.run(ThreadPoolExecutor.java:624)
	... 1 more
Caused by: org.apache.ratis.thirdparty.io.netty.channel.AbstractChannel$AnnotatedConnectException: Connection refused: /192.168.69.79:40497
	at sun.nio.ch.SocketChannelImpl.checkConnect(Native Method)
	at sun.nio.ch.SocketChannelImpl.finishConnect(SocketChannelImpl.java:717)
	at org.apache.ratis.thirdparty.io.netty.channel.socket.nio.NioSocketChannel.doFinishConnect(NioSocketChannel.java:327)
	at org.apache.ratis.thirdparty.io.netty.channel.nio.AbstractNioChannel$AbstractNioUnsafe.finishConnect(AbstractNioChannel.java:340)
	at org.apache.ratis.thirdparty.io.netty.channel.nio.NioEventLoop.processSelectedKey(NioEventLoop.java:632)
	at org.apache.ratis.thirdparty.io.netty.channel.nio.NioEventLoop.processSelectedKeysOptimized(NioEventLoop.java:579)
	at org.apache.ratis.thirdparty.io.netty.channel.nio.NioEventLoop.processSelectedKeys(NioEventLoop.java:496)
	at org.apache.ratis.thirdparty.io.netty.channel.nio.NioEventLoop.run(NioEventLoop.java:458)
	at org.apache.ratis.thirdparty.io.netty.util.concurrent.SingleThreadEventExecutor$5.run(SingleThreadEventExecutor.java:897)
	at org.apache.ratis.thirdparty.io.netty.util.concurrent.FastThreadLocalRunnable.run(FastThreadLocalRunnable.java:30)
	... 1 more
Caused by: java.net.ConnectException: Connection refused
	... 11 more
2019-08-21 03:08:30,184 [3b3fe35e-bec2-454a-8b04-4cf0fdd2f767:group-34A254BE9BCF:LeaderElection19] INFO  impl.LeaderElection (LogUtils.java:infoOrTrace(149)) - 3b3fe35e-bec2-454a-8b04-4cf0fdd2f767:group-34A254BE9BCF:LeaderElection19 got exception when requesting votes: {}
java.util.concurrent.ExecutionException: org.apache.ratis.thirdparty.io.grpc.StatusRuntimeException: UNAVAILABLE: io exception
	at java.util.concurrent.FutureTask.report(FutureTask.java:122)
	at java.util.concurrent.FutureTask.get(FutureTask.java:192)
	at org.apache.ratis.server.impl.LeaderElection.waitForResults(LeaderElection.java:262)
	at org.apache.ratis.server.impl.LeaderElection.askForVotes(LeaderElection.java:200)
	at org.apache.ratis.server.impl.LeaderElection.run(LeaderElection.java:130)
	at java.lang.Thread.run(Thread.java:748)
Caused by: org.apache.ratis.thirdparty.io.grpc.StatusRuntimeException: UNAVAILABLE: io exception
	at org.apache.ratis.thirdparty.io.grpc.stub.ClientCalls.toStatusRuntimeException(ClientCalls.java:233)
	at org.apache.ratis.thirdparty.io.grpc.stub.ClientCalls.getUnchecked(ClientCalls.java:214)
	at org.apache.ratis.thirdparty.io.grpc.stub.ClientCalls.blockingUnaryCall(ClientCalls.java:139)
	at org.apache.ratis.proto.grpc.RaftServerProtocolServiceGrpc$RaftServerProtocolServiceBlockingStub.requestVote(RaftServerProtocolServiceGrpc.java:265)
	at org.apache.ratis.grpc.server.GrpcServerProtocolClient.requestVote(GrpcServerProtocolClient.java:83)
	at org.apache.ratis.grpc.server.GrpcService.requestVote(GrpcService.java:195)
	at org.apache.ratis.server.impl.LeaderElection.lambda$submitRequests$1(LeaderElection.java:237)
	at java.util.concurrent.FutureTask.run(FutureTask.java:266)
	at java.util.concurrent.Executors$RunnableAdapter.call(Executors.java:511)
	at java.util.concurrent.FutureTask.run(FutureTask.java:266)
	at java.util.concurrent.ThreadPoolExecutor.runWorker(ThreadPoolExecutor.java:1149)
	at java.util.concurrent.ThreadPoolExecutor$Worker.run(ThreadPoolExecutor.java:624)
	... 1 more
Caused by: org.apache.ratis.thirdparty.io.netty.channel.AbstractChannel$AnnotatedConnectException: Connection refused: /192.168.69.79:39673
	at sun.nio.ch.SocketChannelImpl.checkConnect(Native Method)
	at sun.nio.ch.SocketChannelImpl.finishConnect(SocketChannelImpl.java:717)
	at org.apache.ratis.thirdparty.io.netty.channel.socket.nio.NioSocketChannel.doFinishConnect(NioSocketChannel.java:327)
	at org.apache.ratis.thirdparty.io.netty.channel.nio.AbstractNioChannel$AbstractNioUnsafe.finishConnect(AbstractNioChannel.java:340)
	at org.apache.ratis.thirdparty.io.netty.channel.nio.NioEventLoop.processSelectedKey(NioEventLoop.java:632)
	at org.apache.ratis.thirdparty.io.netty.channel.nio.NioEventLoop.processSelectedKeysOptimized(NioEventLoop.java:579)
	at org.apache.ratis.thirdparty.io.netty.channel.nio.NioEventLoop.processSelectedKeys(NioEventLoop.java:496)
	at org.apache.ratis.thirdparty.io.netty.channel.nio.NioEventLoop.run(NioEventLoop.java:458)
	at org.apache.ratis.thirdparty.io.netty.util.concurrent.SingleThreadEventExecutor$5.run(SingleThreadEventExecutor.java:897)
	at org.apache.ratis.thirdparty.io.netty.util.concurrent.FastThreadLocalRunnable.run(FastThreadLocalRunnable.java:30)
	... 1 more
Caused by: java.net.ConnectException: Connection refused
	... 11 more
2019-08-21 03:08:30,185 [3b3fe35e-bec2-454a-8b04-4cf0fdd2f767:group-34A254BE9BCF:LeaderElection19] INFO  impl.LeaderElection (LeaderElection.java:logAndReturn(56)) - 3b3fe35e-bec2-454a-8b04-4cf0fdd2f767:group-34A254BE9BCF:LeaderElection19: Election REJECTED; received 0 response(s) [] and 2 exception(s); 3b3fe35e-bec2-454a-8b04-4cf0fdd2f767:t2, leader=null, voted=3b3fe35e-bec2-454a-8b04-4cf0fdd2f767, raftlog=3b3fe35e-bec2-454a-8b04-4cf0fdd2f767-SegmentedRaftLog:OPENED:c0,f0,i0, conf=0: [deffb78e-0f7f-4e6c-8f29-96a42428adf0:192.168.69.79:40497, afa424f4-ff41-4877-ad11-a15f16e37855:192.168.69.79:39673, 3b3fe35e-bec2-454a-8b04-4cf0fdd2f767:192.168.69.79:32992], old=null
2019-08-21 03:08:30,186 [3b3fe35e-bec2-454a-8b04-4cf0fdd2f767:group-34A254BE9BCF:LeaderElection19] INFO  impl.LeaderElection (LogUtils.java:infoOrTrace(149)) -   Exception 0: {}
java.util.concurrent.ExecutionException: org.apache.ratis.thirdparty.io.grpc.StatusRuntimeException: UNAVAILABLE: io exception
	at java.util.concurrent.FutureTask.report(FutureTask.java:122)
	at java.util.concurrent.FutureTask.get(FutureTask.java:192)
	at org.apache.ratis.server.impl.LeaderElection.waitForResults(LeaderElection.java:262)
	at org.apache.ratis.server.impl.LeaderElection.askForVotes(LeaderElection.java:200)
	at org.apache.ratis.server.impl.LeaderElection.run(LeaderElection.java:130)
	at java.lang.Thread.run(Thread.java:748)
Caused by: org.apache.ratis.thirdparty.io.grpc.StatusRuntimeException: UNAVAILABLE: io exception
	at org.apache.ratis.thirdparty.io.grpc.stub.ClientCalls.toStatusRuntimeException(ClientCalls.java:233)
	at org.apache.ratis.thirdparty.io.grpc.stub.ClientCalls.getUnchecked(ClientCalls.java:214)
	at org.apache.ratis.thirdparty.io.grpc.stub.ClientCalls.blockingUnaryCall(ClientCalls.java:139)
	at org.apache.ratis.proto.grpc.RaftServerProtocolServiceGrpc$RaftServerProtocolServiceBlockingStub.requestVote(RaftServerProtocolServiceGrpc.java:265)
	at org.apache.ratis.grpc.server.GrpcServerProtocolClient.requestVote(GrpcServerProtocolClient.java:83)
	at org.apache.ratis.grpc.server.GrpcService.requestVote(GrpcService.java:195)
	at org.apache.ratis.server.impl.LeaderElection.lambda$submitRequests$1(LeaderElection.java:237)
	at java.util.concurrent.FutureTask.run(FutureTask.java:266)
	at java.util.concurrent.Executors$RunnableAdapter.call(Executors.java:511)
	at java.util.concurrent.FutureTask.run(FutureTask.java:266)
	at java.util.concurrent.ThreadPoolExecutor.runWorker(ThreadPoolExecutor.java:1149)
	at java.util.concurrent.ThreadPoolExecutor$Worker.run(ThreadPoolExecutor.java:624)
	... 1 more
Caused by: org.apache.ratis.thirdparty.io.netty.channel.AbstractChannel$AnnotatedConnectException: Connection refused: /192.168.69.79:40497
	at sun.nio.ch.SocketChannelImpl.checkConnect(Native Method)
	at sun.nio.ch.SocketChannelImpl.finishConnect(SocketChannelImpl.java:717)
	at org.apache.ratis.thirdparty.io.netty.channel.socket.nio.NioSocketChannel.doFinishConnect(NioSocketChannel.java:327)
	at org.apache.ratis.thirdparty.io.netty.channel.nio.AbstractNioChannel$AbstractNioUnsafe.finishConnect(AbstractNioChannel.java:340)
	at org.apache.ratis.thirdparty.io.netty.channel.nio.NioEventLoop.processSelectedKey(NioEventLoop.java:632)
	at org.apache.ratis.thirdparty.io.netty.channel.nio.NioEventLoop.processSelectedKeysOptimized(NioEventLoop.java:579)
	at org.apache.ratis.thirdparty.io.netty.channel.nio.NioEventLoop.processSelectedKeys(NioEventLoop.java:496)
	at org.apache.ratis.thirdparty.io.netty.channel.nio.NioEventLoop.run(NioEventLoop.java:458)
	at org.apache.ratis.thirdparty.io.netty.util.concurrent.SingleThreadEventExecutor$5.run(SingleThreadEventExecutor.java:897)
	at org.apache.ratis.thirdparty.io.netty.util.concurrent.FastThreadLocalRunnable.run(FastThreadLocalRunnable.java:30)
	... 1 more
Caused by: java.net.ConnectException: Connection refused
	... 11 more
2019-08-21 03:08:30,186 [3b3fe35e-bec2-454a-8b04-4cf0fdd2f767:group-34A254BE9BCF:LeaderElection19] INFO  impl.LeaderElection (LogUtils.java:infoOrTrace(149)) -   Exception 1: {}
java.util.concurrent.ExecutionException: org.apache.ratis.thirdparty.io.grpc.StatusRuntimeException: UNAVAILABLE: io exception
	at java.util.concurrent.FutureTask.report(FutureTask.java:122)
	at java.util.concurrent.FutureTask.get(FutureTask.java:192)
	at org.apache.ratis.server.impl.LeaderElection.waitForResults(LeaderElection.java:262)
	at org.apache.ratis.server.impl.LeaderElection.askForVotes(LeaderElection.java:200)
	at org.apache.ratis.server.impl.LeaderElection.run(LeaderElection.java:130)
	at java.lang.Thread.run(Thread.java:748)
Caused by: org.apache.ratis.thirdparty.io.grpc.StatusRuntimeException: UNAVAILABLE: io exception
	at org.apache.ratis.thirdparty.io.grpc.stub.ClientCalls.toStatusRuntimeException(ClientCalls.java:233)
	at org.apache.ratis.thirdparty.io.grpc.stub.ClientCalls.getUnchecked(ClientCalls.java:214)
	at org.apache.ratis.thirdparty.io.grpc.stub.ClientCalls.blockingUnaryCall(ClientCalls.java:139)
	at org.apache.ratis.proto.grpc.RaftServerProtocolServiceGrpc$RaftServerProtocolServiceBlockingStub.requestVote(RaftServerProtocolServiceGrpc.java:265)
	at org.apache.ratis.grpc.server.GrpcServerProtocolClient.requestVote(GrpcServerProtocolClient.java:83)
	at org.apache.ratis.grpc.server.GrpcService.requestVote(GrpcService.java:195)
	at org.apache.ratis.server.impl.LeaderElection.lambda$submitRequests$1(LeaderElection.java:237)
	at java.util.concurrent.FutureTask.run(FutureTask.java:266)
	at java.util.concurrent.Executors$RunnableAdapter.call(Executors.java:511)
	at java.util.concurrent.FutureTask.run(FutureTask.java:266)
	at java.util.concurrent.ThreadPoolExecutor.runWorker(ThreadPoolExecutor.java:1149)
	at java.util.concurrent.ThreadPoolExecutor$Worker.run(ThreadPoolExecutor.java:624)
	... 1 more
Caused by: org.apache.ratis.thirdparty.io.netty.channel.AbstractChannel$AnnotatedConnectException: Connection refused: /192.168.69.79:39673
	at sun.nio.ch.SocketChannelImpl.checkConnect(Native Method)
	at sun.nio.ch.SocketChannelImpl.finishConnect(SocketChannelImpl.java:717)
	at org.apache.ratis.thirdparty.io.netty.channel.socket.nio.NioSocketChannel.doFinishConnect(NioSocketChannel.java:327)
	at org.apache.ratis.thirdparty.io.netty.channel.nio.AbstractNioChannel$AbstractNioUnsafe.finishConnect(AbstractNioChannel.java:340)
	at org.apache.ratis.thirdparty.io.netty.channel.nio.NioEventLoop.processSelectedKey(NioEventLoop.java:632)
	at org.apache.ratis.thirdparty.io.netty.channel.nio.NioEventLoop.processSelectedKeysOptimized(NioEventLoop.java:579)
	at org.apache.ratis.thirdparty.io.netty.channel.nio.NioEventLoop.processSelectedKeys(NioEventLoop.java:496)
	at org.apache.ratis.thirdparty.io.netty.channel.nio.NioEventLoop.run(NioEventLoop.java:458)
	at org.apache.ratis.thirdparty.io.netty.util.concurrent.SingleThreadEventExecutor$5.run(SingleThreadEventExecutor.java:897)
	at org.apache.ratis.thirdparty.io.netty.util.concurrent.FastThreadLocalRunnable.run(FastThreadLocalRunnable.java:30)
	... 1 more
Caused by: java.net.ConnectException: Connection refused
	... 11 more
2019-08-21 03:08:30,186 [3b3fe35e-bec2-454a-8b04-4cf0fdd2f767:group-34A254BE9BCF:LeaderElection19] INFO  impl.RaftServerImpl (RaftServerImpl.java:setRole(171)) - 3b3fe35e-bec2-454a-8b04-4cf0fdd2f767:group-34A254BE9BCF changes role from CANDIDATE to FOLLOWER at term 2 for DISCOVERED_A_NEW_TERM
2019-08-21 03:08:30,187 [3b3fe35e-bec2-454a-8b04-4cf0fdd2f767:group-34A254BE9BCF:LeaderElection19] INFO  impl.RoleInfo (RoleInfo.java:shutdownLeaderElection(134)) - 3b3fe35e-bec2-454a-8b04-4cf0fdd2f767: shutdown LeaderElection
2019-08-21 03:08:30,187 [3b3fe35e-bec2-454a-8b04-4cf0fdd2f767:group-34A254BE9BCF:LeaderElection19] INFO  impl.RoleInfo (RoleInfo.java:updateAndGet(143)) - 3b3fe35e-bec2-454a-8b04-4cf0fdd2f767: start FollowerState
2019-08-21 03:08:32,194 [Thread-323] INFO  ozoneimpl.OzoneContainer (OzoneContainer.java:stop(199)) - Attempting to stop container services.
2019-08-21 03:08:32,195 [Thread-323] INFO  impl.RaftServerProxy (RaftServerProxy.java:lambda$close$4(314)) - 3b3fe35e-bec2-454a-8b04-4cf0fdd2f767: close
2019-08-21 03:08:32,196 [Thread-323] INFO  impl.RaftServerImpl (RaftServerImpl.java:lambda$shutdown$3(245)) - 3b3fe35e-bec2-454a-8b04-4cf0fdd2f767: shutdown group-9E930A021B0A
2019-08-21 03:08:32,196 [ForkJoinPool.commonPool-worker-1] INFO  impl.RaftServerImpl (RaftServerImpl.java:lambda$shutdown$3(245)) - 3b3fe35e-bec2-454a-8b04-4cf0fdd2f767: shutdown group-34A254BE9BCF
2019-08-21 03:08:32,196 [Thread-323] INFO  util.JmxRegister (JmxRegister.java:unregister(73)) - Successfully un-registered JMX Bean with object name Ratis:service=RaftServer,group=group-9E930A021B0A,id=3b3fe35e-bec2-454a-8b04-4cf0fdd2f767
2019-08-21 03:08:32,197 [ForkJoinPool.commonPool-worker-1] INFO  util.JmxRegister (JmxRegister.java:unregister(73)) - Successfully un-registered JMX Bean with object name Ratis:service=RaftServer,group=group-34A254BE9BCF,id=3b3fe35e-bec2-454a-8b04-4cf0fdd2f767
2019-08-21 03:08:32,197 [Thread-323] INFO  impl.RoleInfo (RoleInfo.java:shutdownLeaderState(104)) - 3b3fe35e-bec2-454a-8b04-4cf0fdd2f767: shutdown LeaderState
2019-08-21 03:08:32,197 [ForkJoinPool.commonPool-worker-1] INFO  impl.RoleInfo (RoleInfo.java:shutdownFollowerState(121)) - 3b3fe35e-bec2-454a-8b04-4cf0fdd2f767: shutdown FollowerState
2019-08-21 03:08:32,197 [Thread-323] INFO  impl.PendingRequests (PendingRequests.java:sendNotLeaderResponses(202)) - 3b3fe35e-bec2-454a-8b04-4cf0fdd2f767-PendingRequests: sendNotLeaderResponses
2019-08-21 03:08:32,198 [Thread-539] INFO  impl.FollowerState (FollowerState.java:run(114)) - 3b3fe35e-bec2-454a-8b04-4cf0fdd2f767: FollowerState was interrupted: java.lang.InterruptedException: sleep interrupted
2019-08-21 03:08:32,197 [ForkJoinPool.commonPool-worker-1] INFO  impl.StateMachineUpdater (StateMachineUpdater.java:stopAndJoin(115)) - StateMachineUpdater:3b3fe35e-bec2-454a-8b04-4cf0fdd2f767:group-34A254BE9BCF: set stopIndex = 0
2019-08-21 03:08:32,200 [Thread-323] INFO  impl.StateMachineUpdater (StateMachineUpdater.java:stopAndJoin(115)) - StateMachineUpdater:3b3fe35e-bec2-454a-8b04-4cf0fdd2f767:group-9E930A021B0A: set stopIndex = 0
2019-08-21 03:08:32,200 [ForkJoinPool.commonPool-worker-1] INFO  impl.RaftServerImpl (ServerState.java:close(394)) - 3b3fe35e-bec2-454a-8b04-4cf0fdd2f767:group-34A254BE9BCF closes. The last applied log index is 0
2019-08-21 03:08:32,201 [Thread-323] INFO  impl.RaftServerImpl (ServerState.java:close(394)) - 3b3fe35e-bec2-454a-8b04-4cf0fdd2f767:group-9E930A021B0A closes. The last applied log index is 0
2019-08-21 03:08:32,201 [3b3fe35e-bec2-454a-8b04-4cf0fdd2f767-SegmentedRaftLogWorker:Storage Directory /workdir/hadoop-ozone/integration-test/target/test-dir/MiniOzoneClusterImpl-440523b1-d1bf-45a3-9b99-cb19fdde5e9b/datanode-2/data/ratis/7726494f-6e11-4d87-9031-34a254be9bcf] INFO  segmented.SegmentedRaftLogWorker (SegmentedRaftLogWorker.java:run(313)) - 3b3fe35e-bec2-454a-8b04-4cf0fdd2f767-SegmentedRaftLogWorker:Storage Directory /workdir/hadoop-ozone/integration-test/target/test-dir/MiniOzoneClusterImpl-440523b1-d1bf-45a3-9b99-cb19fdde5e9b/datanode-2/data/ratis/7726494f-6e11-4d87-9031-34a254be9bcf was interrupted, exiting. There are 0 tasks remaining in the queue.
2019-08-21 03:08:32,202 [3b3fe35e-bec2-454a-8b04-4cf0fdd2f767-SegmentedRaftLogWorker:Storage Directory /workdir/hadoop-ozone/integration-test/target/test-dir/MiniOzoneClusterImpl-440523b1-d1bf-45a3-9b99-cb19fdde5e9b/datanode-2/data/ratis/d48c85b3-3ff6-4c2f-a799-9e930a021b0a] INFO  segmented.SegmentedRaftLogWorker (SegmentedRaftLogWorker.java:run(313)) - 3b3fe35e-bec2-454a-8b04-4cf0fdd2f767-SegmentedRaftLogWorker:Storage Directory /workdir/hadoop-ozone/integration-test/target/test-dir/MiniOzoneClusterImpl-440523b1-d1bf-45a3-9b99-cb19fdde5e9b/datanode-2/data/ratis/d48c85b3-3ff6-4c2f-a799-9e930a021b0a was interrupted, exiting. There are 0 tasks remaining in the queue.
2019-08-21 03:08:32,203 [ForkJoinPool.commonPool-worker-1] INFO  segmented.SegmentedRaftLogWorker (SegmentedRaftLogWorker.java:close(228)) - 3b3fe35e-bec2-454a-8b04-4cf0fdd2f767-SegmentedRaftLogWorker:Storage Directory /workdir/hadoop-ozone/integration-test/target/test-dir/MiniOzoneClusterImpl-440523b1-d1bf-45a3-9b99-cb19fdde5e9b/datanode-2/data/ratis/7726494f-6e11-4d87-9031-34a254be9bcf close()
2019-08-21 03:08:32,203 [Thread-323] INFO  segmented.SegmentedRaftLogWorker (SegmentedRaftLogWorker.java:close(228)) - 3b3fe35e-bec2-454a-8b04-4cf0fdd2f767-SegmentedRaftLogWorker:Storage Directory /workdir/hadoop-ozone/integration-test/target/test-dir/MiniOzoneClusterImpl-440523b1-d1bf-45a3-9b99-cb19fdde5e9b/datanode-2/data/ratis/d48c85b3-3ff6-4c2f-a799-9e930a021b0a close()
2019-08-21 03:08:32,205 [Thread-323] INFO  server.GrpcService (GrpcService.java:closeImpl(155)) - 3b3fe35e-bec2-454a-8b04-4cf0fdd2f767: shutdown server with port 32992 now
2019-08-21 03:08:32,207 [Thread-323] INFO  server.GrpcService (GrpcService.java:closeImpl(163)) - 3b3fe35e-bec2-454a-8b04-4cf0fdd2f767: shutdown server with port 32992 successfully
2019-08-21 03:08:32,211 [Thread-323] INFO  utils.BackgroundService (BackgroundService.java:shutdown(148)) - Shutting down service BlockDeletingService
2019-08-21 03:08:32,213 [refreshUsed-/workdir/hadoop-ozone/integration-test/target/test-dir/MiniOzoneClusterImpl-440523b1-d1bf-45a3-9b99-cb19fdde5e9b/datanode-2/data/containers] WARN  fs.CachingGetSpaceUsed (CachingGetSpaceUsed.java:run(183)) - Thread Interrupted waiting to refresh disk information: sleep interrupted
2019-08-21 03:08:32,229 [Thread-323] INFO  statemachine.DatanodeStateMachine (DatanodeStateMachine.java:stopDaemon(395)) - Ozone container server stopped.
2019-08-21 03:08:32,231 [Thread-323] INFO  handler.ContextHandler (ContextHandler.java:doStop(910)) - Stopped o.e.j.w.WebAppContext@6b8048ab{/,null,UNAVAILABLE}{/hddsDatanode}
2019-08-21 03:08:32,231 [Thread-323] INFO  server.AbstractConnector (AbstractConnector.java:doStop(318)) - Stopped ServerConnector@205d724{HTTP/1.1,[http/1.1]}{0.0.0.0:0}
2019-08-21 03:08:32,232 [Thread-323] INFO  handler.ContextHandler (ContextHandler.java:doStop(910)) - Stopped o.e.j.s.ServletContextHandler@5f5ae5c3{/static,jar:file:/home/user/.m2/repository/org/apache/hadoop/hadoop-hdds-container-service/0.5.0-SNAPSHOT/hadoop-hdds-container-service-0.5.0-SNAPSHOT.jar!/webapps/static,UNAVAILABLE}
2019-08-21 03:08:32,232 [Thread-323] INFO  handler.ContextHandler (ContextHandler.java:doStop(910)) - Stopped o.e.j.s.ServletContextHandler@47338a4c{/logs,file:///workdir/hadoop-ozone/integration-test/target/log,UNAVAILABLE}
2019-08-21 03:08:32,236 [Thread-323] INFO  impl.MetricsSystemImpl (MetricsSystemImpl.java:init(158)) - HddsDatanode metrics system started (again)
2019-08-21 03:08:32,276 [Thread-323] INFO  ozone.HddsDatanodeService (HddsDatanodeService.java:start(184)) - HddsDatanodeService host:pr-hdds-1927-xpkkb-2804094098 ip:192.168.69.79
2019-08-21 03:08:32,278 [Thread-323] INFO  volume.VolumeUsage (VolumeUsage.java:loadScmUsed(144)) - Cached ScmUsed found for /workdir/hadoop-ozone/integration-test/target/test-dir/MiniOzoneClusterImpl-440523b1-d1bf-45a3-9b99-cb19fdde5e9b/datanode-0/data/containers : 4096 
2019-08-21 03:08:32,279 [Thread-323] INFO  volume.HddsVolume (HddsVolume.java:<init>(176)) - Creating Volume: /workdir/hadoop-ozone/integration-test/target/test-dir/MiniOzoneClusterImpl-440523b1-d1bf-45a3-9b99-cb19fdde5e9b/datanode-0/data/containers/hdds of  storage type : DISK and capacity : 1482555576320
2019-08-21 03:08:32,279 [Thread-323] INFO  volume.VolumeSet (VolumeSet.java:initializeVolumeSet(170)) - Added Volume : /workdir/hadoop-ozone/integration-test/target/test-dir/MiniOzoneClusterImpl-440523b1-d1bf-45a3-9b99-cb19fdde5e9b/datanode-0/data/containers/hdds to VolumeSet
2019-08-21 03:08:32,280 [Thread-323] INFO  volume.ThrottledAsyncChecker (ThrottledAsyncChecker.java:schedule(140)) - Scheduling a check for org.apache.hadoop.ozone.container.common.volume.HddsVolume@77eaf5d6
2019-08-21 03:08:32,280 [Thread-323] INFO  volume.HddsVolumeChecker (HddsVolumeChecker.java:checkAllVolumes(203)) - Scheduled health check for volume org.apache.hadoop.ozone.container.common.volume.HddsVolume@77eaf5d6
2019-08-21 03:08:32,297 [Thread-323] INFO  impl.RaftServerProxy (ConfUtils.java:logGet(43)) - raft.rpc.type = GRPC (default)
2019-08-21 03:08:32,297 [Thread-323] INFO  grpc.GrpcFactory (GrpcFactory.java:checkPooledByteBufAllocatorUseCacheForAllThreads(45)) - PERFORMANCE WARNING: useCacheForAllThreads is true that may cause Netty to create a lot garbage objects and, as a result, trigger GC.
	It is recommended to disable useCacheForAllThreads by setting -Dorg.apache.ratis.thirdparty.io.netty.allocator.useCacheForAllThreads=false in command line.
2019-08-21 03:08:32,297 [Thread-323] INFO  grpc.GrpcConfigKeys$Server (ConfUtils.java:logGet(43)) - raft.grpc.server.port = 39673 (custom)
2019-08-21 03:08:32,297 [Thread-323] INFO  server.GrpcService (ConfUtils.java:logGet(43)) - raft.grpc.message.size.max = 33570816 (custom)
2019-08-21 03:08:32,297 [Thread-323] INFO  server.RaftServerConfigKeys (ConfUtils.java:logGet(43)) - raft.server.log.appender.buffer.byte-limit = 33554432 (custom)
2019-08-21 03:08:32,297 [Thread-323] INFO  server.GrpcService (ConfUtils.java:logGet(43)) - raft.grpc.flow.control.window = 1MB (=1048576) (default)
2019-08-21 03:08:32,298 [Thread-323] INFO  server.RaftServerConfigKeys (ConfUtils.java:logGet(43)) - raft.server.rpc.request.timeout = 3000ms (default)
2019-08-21 03:08:32,298 [Thread-323] INFO  server.RaftServerConfigKeys (ConfUtils.java:logGet(43)) - raft.server.storage.dir = [/workdir/hadoop-ozone/integration-test/target/test-dir/MiniOzoneClusterImpl-440523b1-d1bf-45a3-9b99-cb19fdde5e9b/datanode-0/data/ratis] (custom)
2019-08-21 03:08:32,298 [Thread-323] INFO  impl.RaftServerProxy (RaftServerProxy.java:lambda$null$0(191)) - afa424f4-ff41-4877-ad11-a15f16e37855: found a subdirectory /workdir/hadoop-ozone/integration-test/target/test-dir/MiniOzoneClusterImpl-440523b1-d1bf-45a3-9b99-cb19fdde5e9b/datanode-0/data/ratis/7726494f-6e11-4d87-9031-34a254be9bcf
2019-08-21 03:08:32,300 [Thread-323] INFO  impl.RaftServerProxy (RaftServerProxy.java:addNew(89)) - afa424f4-ff41-4877-ad11-a15f16e37855: addNew group-34A254BE9BCF:[] returns group-34A254BE9BCF:java.util.concurrent.CompletableFuture@18275a84[Not completed]
2019-08-21 03:08:32,300 [Thread-323] INFO  impl.RaftServerProxy (RaftServerProxy.java:lambda$null$0(191)) - afa424f4-ff41-4877-ad11-a15f16e37855: found a subdirectory /workdir/hadoop-ozone/integration-test/target/test-dir/MiniOzoneClusterImpl-440523b1-d1bf-45a3-9b99-cb19fdde5e9b/datanode-0/data/ratis/023eca78-6422-44c0-9ed0-8aa392d4bc08
2019-08-21 03:08:32,300 [Thread-323] INFO  impl.RaftServerProxy (RaftServerProxy.java:addNew(89)) - afa424f4-ff41-4877-ad11-a15f16e37855: addNew group-8AA392D4BC08:[] returns group-8AA392D4BC08:java.util.concurrent.CompletableFuture@159ff403[Not completed]
2019-08-21 03:08:32,301 [Thread-323] INFO  replication.SimpleContainerDownloader (SimpleContainerDownloader.java:<init>(72)) - Starting container downloader service to copy containers to replicate.
2019-08-21 03:08:32,303 [pool-148-thread-1] INFO  impl.RaftServerImpl (RaftServerImpl.java:<init>(93)) - afa424f4-ff41-4877-ad11-a15f16e37855: new RaftServerImpl for group-34A254BE9BCF:[] with ContainerStateMachine:uninitialized
2019-08-21 03:08:32,303 [pool-148-thread-1] INFO  server.RaftServerConfigKeys (ConfUtils.java:logGet(43)) - raft.server.rpc.timeout.min = 5s (custom)
2019-08-21 03:08:32,303 [Thread-323] INFO  hdfs.DFSUtil (DFSUtil.java:httpServerTemplateForNNAndJN(1641)) - Starting Web-server for hddsDatanode at: http://0.0.0.0:41429
2019-08-21 03:08:32,303 [pool-148-thread-1] INFO  server.RaftServerConfigKeys (ConfUtils.java:logGet(43)) - raft.server.rpc.timeout.max = 5200ms (custom)
2019-08-21 03:08:32,304 [pool-148-thread-1] INFO  server.RaftServerConfigKeys (ConfUtils.java:logGet(43)) - raft.server.rpcslowness.timeout = 120s (custom)
2019-08-21 03:08:32,304 [pool-148-thread-1] INFO  server.RaftServerConfigKeys (ConfUtils.java:logGet(43)) - raft.server.sleep.deviation.threshold = 300 (default)
2019-08-21 03:08:32,304 [pool-148-thread-1] INFO  server.RaftServerConfigKeys (ConfUtils.java:logGet(43)) - raft.server.log.appender.install.snapshot.enabled = false (custom)
2019-08-21 03:08:32,304 [pool-148-thread-1] INFO  impl.RaftServerImpl (ServerState.java:<init>(105)) - afa424f4-ff41-4877-ad11-a15f16e37855:group-34A254BE9BCF ConfigurationManager, init=-1: [], old=null, confs=<EMPTY_MAP>
2019-08-21 03:08:32,305 [pool-148-thread-1] INFO  server.RaftServerConfigKeys (ConfUtils.java:logGet(43)) - raft.server.storage.dir = [/workdir/hadoop-ozone/integration-test/target/test-dir/MiniOzoneClusterImpl-440523b1-d1bf-45a3-9b99-cb19fdde5e9b/datanode-0/data/ratis] (custom)
2019-08-21 03:08:32,306 [Thread-323] INFO  server.AuthenticationFilter (AuthenticationFilter.java:constructSecretProvider(240)) - Unable to initialize FileSignerSecretProvider, falling back to use random secrets.
2019-08-21 03:08:32,306 [Thread-323] WARN  http.HttpRequestLog (HttpRequestLog.java:getRequestLog(97)) - Jetty request log can only be enabled using Log4j
2019-08-21 03:08:32,308 [Thread-323] INFO  http.HttpServer2 (HttpServer2.java:addGlobalFilter(975)) - Added global filter 'safety' (class=org.apache.hadoop.http.HttpServer2$QuotingInputFilter)
2019-08-21 03:08:32,309 [Thread-323] INFO  http.HttpServer2 (HttpServer2.java:addFilter(948)) - Added filter static_user_filter (class=org.apache.hadoop.http.lib.StaticUserWebFilter$StaticUserFilter) to context hddsDatanode
2019-08-21 03:08:32,309 [Thread-323] INFO  http.HttpServer2 (HttpServer2.java:addFilter(958)) - Added filter static_user_filter (class=org.apache.hadoop.http.lib.StaticUserWebFilter$StaticUserFilter) to context logs
2019-08-21 03:08:32,309 [Thread-323] INFO  http.HttpServer2 (HttpServer2.java:addFilter(958)) - Added filter static_user_filter (class=org.apache.hadoop.http.lib.StaticUserWebFilter$StaticUserFilter) to context static
2019-08-21 03:08:32,310 [Thread-323] INFO  http.HttpServer2 (HttpServer2.java:bindListener(1191)) - Jetty bound to port 41429
2019-08-21 03:08:32,310 [Thread-323] INFO  server.Server (Server.java:doStart(351)) - jetty-9.3.24.v20180605, build timestamp: 2018-06-05T17:11:56Z, git hash: 84205aa28f11a4f31f2a3b86d1bba2cc8ab69827
2019-08-21 03:08:32,313 [Thread-323] INFO  handler.ContextHandler (ContextHandler.java:doStart(781)) - Started o.e.j.s.ServletContextHandler@8180a64{/logs,file:///workdir/hadoop-ozone/integration-test/target/log,AVAILABLE}
2019-08-21 03:08:32,313 [Thread-323] INFO  handler.ContextHandler (ContextHandler.java:doStart(781)) - Started o.e.j.s.ServletContextHandler@4c8f5103{/static,jar:file:/home/user/.m2/repository/org/apache/hadoop/hadoop-hdds-container-service/0.5.0-SNAPSHOT/hadoop-hdds-container-service-0.5.0-SNAPSHOT.jar!/webapps/static,AVAILABLE}
2019-08-21 03:08:32,352 [Thread-323] INFO  handler.ContextHandler (ContextHandler.java:doStart(781)) - Started o.e.j.w.WebAppContext@70366ca8{/,file:///tmp/jetty-0.0.0.0-41429-hddsDatanode-_-any-7176324546892952958.dir/webapp/,AVAILABLE}{/hddsDatanode}
2019-08-21 03:08:32,353 [Thread-323] INFO  server.AbstractConnector (AbstractConnector.java:doStart(278)) - Started ServerConnector@4e393b8f{HTTP/1.1,[http/1.1]}{0.0.0.0:41429}
2019-08-21 03:08:32,354 [Thread-323] INFO  server.Server (Server.java:doStart(419)) - Started @52861ms
2019-08-21 03:08:32,355 [Thread-323] INFO  server.BaseHttpServer (BaseHttpServer.java:updateConnectorAddress(213)) - HTTP server of HDDSDATANODE is listening at http://0.0.0.0:41429
2019-08-21 03:08:32,491 | INFO  | ObjectStoreRestHttpServer | Listening HDDS REST traffic on /0.0.0.0:40131 |  
2019-08-21 03:08:32,492 [Thread-323] INFO  ozone.HddsDatanodeService (HddsDatanodeService.java:startPlugins(395)) - Started plug-in org.apache.hadoop.ozone.web.OzoneHddsDatanodeService@7e30c60e
2019-08-21 03:08:32,494 [Thread-323] INFO  impl.MetricsSystemImpl (MetricsSystemImpl.java:init(158)) - HddsDatanode metrics system started (again)
2019-08-21 03:08:32,494 [org.apache.hadoop.util.JvmPauseMonitor$Monitor@4081ab52] INFO  util.JvmPauseMonitor (JvmPauseMonitor.java:run(188)) - Starting JVM pause monitor
2019-08-21 03:08:32,497 [Thread-323] INFO  ozone.HddsDatanodeService (HddsDatanodeService.java:start(184)) - HddsDatanodeService host:pr-hdds-1927-xpkkb-2804094098 ip:192.168.69.79
2019-08-21 03:08:32,499 [Thread-323] INFO  volume.VolumeUsage (VolumeUsage.java:loadScmUsed(144)) - Cached ScmUsed found for /workdir/hadoop-ozone/integration-test/target/test-dir/MiniOzoneClusterImpl-440523b1-d1bf-45a3-9b99-cb19fdde5e9b/datanode-1/data/containers : 4096 
2019-08-21 03:08:32,499 [Thread-323] INFO  volume.HddsVolume (HddsVolume.java:<init>(176)) - Creating Volume: /workdir/hadoop-ozone/integration-test/target/test-dir/MiniOzoneClusterImpl-440523b1-d1bf-45a3-9b99-cb19fdde5e9b/datanode-1/data/containers/hdds of  storage type : DISK and capacity : 1482555576320
2019-08-21 03:08:32,500 [Thread-323] INFO  volume.VolumeSet (VolumeSet.java:initializeVolumeSet(170)) - Added Volume : /workdir/hadoop-ozone/integration-test/target/test-dir/MiniOzoneClusterImpl-440523b1-d1bf-45a3-9b99-cb19fdde5e9b/datanode-1/data/containers/hdds to VolumeSet
2019-08-21 03:08:32,500 [Thread-323] INFO  volume.ThrottledAsyncChecker (ThrottledAsyncChecker.java:schedule(140)) - Scheduling a check for org.apache.hadoop.ozone.container.common.volume.HddsVolume@431d8b93
2019-08-21 03:08:32,500 [Thread-323] INFO  volume.HddsVolumeChecker (HddsVolumeChecker.java:checkAllVolumes(203)) - Scheduled health check for volume org.apache.hadoop.ozone.container.common.volume.HddsVolume@431d8b93
2019-08-21 03:08:32,514 [Thread-323] INFO  impl.RaftServerProxy (ConfUtils.java:logGet(43)) - raft.rpc.type = GRPC (default)
2019-08-21 03:08:32,514 [Thread-323] INFO  grpc.GrpcFactory (GrpcFactory.java:checkPooledByteBufAllocatorUseCacheForAllThreads(45)) - PERFORMANCE WARNING: useCacheForAllThreads is true that may cause Netty to create a lot garbage objects and, as a result, trigger GC.
	It is recommended to disable useCacheForAllThreads by setting -Dorg.apache.ratis.thirdparty.io.netty.allocator.useCacheForAllThreads=false in command line.
2019-08-21 03:08:32,514 [Thread-323] INFO  grpc.GrpcConfigKeys$Server (ConfUtils.java:logGet(43)) - raft.grpc.server.port = 40497 (custom)
2019-08-21 03:08:32,515 [Thread-323] INFO  server.GrpcService (ConfUtils.java:logGet(43)) - raft.grpc.message.size.max = 33570816 (custom)
2019-08-21 03:08:32,515 [Thread-323] INFO  server.RaftServerConfigKeys (ConfUtils.java:logGet(43)) - raft.server.log.appender.buffer.byte-limit = 33554432 (custom)
2019-08-21 03:08:32,515 [Thread-323] INFO  server.GrpcService (ConfUtils.java:logGet(43)) - raft.grpc.flow.control.window = 1MB (=1048576) (default)
2019-08-21 03:08:32,515 [Thread-323] INFO  server.RaftServerConfigKeys (ConfUtils.java:logGet(43)) - raft.server.rpc.request.timeout = 3000ms (default)
2019-08-21 03:08:32,516 [Thread-323] INFO  server.RaftServerConfigKeys (ConfUtils.java:logGet(43)) - raft.server.storage.dir = [/workdir/hadoop-ozone/integration-test/target/test-dir/MiniOzoneClusterImpl-440523b1-d1bf-45a3-9b99-cb19fdde5e9b/datanode-1/data/ratis] (custom)
2019-08-21 03:08:32,516 [Thread-323] INFO  impl.RaftServerProxy (RaftServerProxy.java:lambda$null$0(191)) - deffb78e-0f7f-4e6c-8f29-96a42428adf0: found a subdirectory /workdir/hadoop-ozone/integration-test/target/test-dir/MiniOzoneClusterImpl-440523b1-d1bf-45a3-9b99-cb19fdde5e9b/datanode-1/data/ratis/7726494f-6e11-4d87-9031-34a254be9bcf
2019-08-21 03:08:32,516 [Thread-323] INFO  impl.RaftServerProxy (RaftServerProxy.java:addNew(89)) - deffb78e-0f7f-4e6c-8f29-96a42428adf0: addNew group-34A254BE9BCF:[] returns group-34A254BE9BCF:java.util.concurrent.CompletableFuture@47fe1272[Not completed]
2019-08-21 03:08:32,516 [Thread-323] INFO  impl.RaftServerProxy (RaftServerProxy.java:lambda$null$0(191)) - deffb78e-0f7f-4e6c-8f29-96a42428adf0: found a subdirectory /workdir/hadoop-ozone/integration-test/target/test-dir/MiniOzoneClusterImpl-440523b1-d1bf-45a3-9b99-cb19fdde5e9b/datanode-1/data/ratis/f4627039-2ff2-42c9-ba0c-6aee6d77989a
2019-08-21 03:08:32,517 [Thread-323] INFO  impl.RaftServerProxy (RaftServerProxy.java:addNew(89)) - deffb78e-0f7f-4e6c-8f29-96a42428adf0: addNew group-6AEE6D77989A:[] returns group-6AEE6D77989A:java.util.concurrent.CompletableFuture@b2d03f7[Not completed]
2019-08-21 03:08:32,517 [Thread-323] INFO  replication.SimpleContainerDownloader (SimpleContainerDownloader.java:<init>(72)) - Starting container downloader service to copy containers to replicate.
2019-08-21 03:08:32,517 [pool-159-thread-1] INFO  impl.RaftServerImpl (RaftServerImpl.java:<init>(93)) - deffb78e-0f7f-4e6c-8f29-96a42428adf0: new RaftServerImpl for group-34A254BE9BCF:[] with ContainerStateMachine:uninitialized
2019-08-21 03:08:32,517 [pool-159-thread-1] INFO  server.RaftServerConfigKeys (ConfUtils.java:logGet(43)) - raft.server.rpc.timeout.min = 5s (custom)
2019-08-21 03:08:32,518 [pool-159-thread-1] INFO  server.RaftServerConfigKeys (ConfUtils.java:logGet(43)) - raft.server.rpc.timeout.max = 5200ms (custom)
2019-08-21 03:08:32,518 [pool-159-thread-1] INFO  server.RaftServerConfigKeys (ConfUtils.java:logGet(43)) - raft.server.rpcslowness.timeout = 120s (custom)
2019-08-21 03:08:32,518 [pool-159-thread-1] INFO  server.RaftServerConfigKeys (ConfUtils.java:logGet(43)) - raft.server.sleep.deviation.threshold = 300 (default)
2019-08-21 03:08:32,518 [pool-159-thread-1] INFO  server.RaftServerConfigKeys (ConfUtils.java:logGet(43)) - raft.server.log.appender.install.snapshot.enabled = false (custom)
2019-08-21 03:08:32,518 [pool-159-thread-1] INFO  impl.RaftServerImpl (ServerState.java:<init>(105)) - deffb78e-0f7f-4e6c-8f29-96a42428adf0:group-34A254BE9BCF ConfigurationManager, init=-1: [], old=null, confs=<EMPTY_MAP>
2019-08-21 03:08:32,518 [pool-159-thread-1] INFO  server.RaftServerConfigKeys (ConfUtils.java:logGet(43)) - raft.server.storage.dir = [/workdir/hadoop-ozone/integration-test/target/test-dir/MiniOzoneClusterImpl-440523b1-d1bf-45a3-9b99-cb19fdde5e9b/datanode-1/data/ratis] (custom)
2019-08-21 03:08:32,519 [Thread-323] INFO  hdfs.DFSUtil (DFSUtil.java:httpServerTemplateForNNAndJN(1641)) - Starting Web-server for hddsDatanode at: http://0.0.0.0:39429
2019-08-21 03:08:32,520 [Thread-323] INFO  server.AuthenticationFilter (AuthenticationFilter.java:constructSecretProvider(240)) - Unable to initialize FileSignerSecretProvider, falling back to use random secrets.
2019-08-21 03:08:32,520 [Thread-323] WARN  http.HttpRequestLog (HttpRequestLog.java:getRequestLog(97)) - Jetty request log can only be enabled using Log4j
2019-08-21 03:08:32,522 [Thread-323] INFO  http.HttpServer2 (HttpServer2.java:addGlobalFilter(975)) - Added global filter 'safety' (class=org.apache.hadoop.http.HttpServer2$QuotingInputFilter)
2019-08-21 03:08:32,522 [Thread-323] INFO  http.HttpServer2 (HttpServer2.java:addFilter(948)) - Added filter static_user_filter (class=org.apache.hadoop.http.lib.StaticUserWebFilter$StaticUserFilter) to context hddsDatanode
2019-08-21 03:08:32,522 [Thread-323] INFO  http.HttpServer2 (HttpServer2.java:addFilter(958)) - Added filter static_user_filter (class=org.apache.hadoop.http.lib.StaticUserWebFilter$StaticUserFilter) to context logs
2019-08-21 03:08:32,522 [Thread-323] INFO  http.HttpServer2 (HttpServer2.java:addFilter(958)) - Added filter static_user_filter (class=org.apache.hadoop.http.lib.StaticUserWebFilter$StaticUserFilter) to context static
2019-08-21 03:08:32,523 [Thread-323] INFO  http.HttpServer2 (HttpServer2.java:bindListener(1191)) - Jetty bound to port 39429
2019-08-21 03:08:32,523 [Thread-323] INFO  server.Server (Server.java:doStart(351)) - jetty-9.3.24.v20180605, build timestamp: 2018-06-05T17:11:56Z, git hash: 84205aa28f11a4f31f2a3b86d1bba2cc8ab69827
2019-08-21 03:08:32,524 [Thread-323] INFO  handler.ContextHandler (ContextHandler.java:doStart(781)) - Started o.e.j.s.ServletContextHandler@20eea2e9{/logs,file:///workdir/hadoop-ozone/integration-test/target/log,AVAILABLE}
2019-08-21 03:08:32,525 [Thread-323] INFO  handler.ContextHandler (ContextHandler.java:doStart(781)) - Started o.e.j.s.ServletContextHandler@4f0ca721{/static,jar:file:/home/user/.m2/repository/org/apache/hadoop/hadoop-hdds-container-service/0.5.0-SNAPSHOT/hadoop-hdds-container-service-0.5.0-SNAPSHOT.jar!/webapps/static,AVAILABLE}
2019-08-21 03:08:32,551 [Thread-323] INFO  handler.ContextHandler (ContextHandler.java:doStart(781)) - Started o.e.j.w.WebAppContext@3da6c013{/,file:///tmp/jetty-0.0.0.0-39429-hddsDatanode-_-any-6465446027517719658.dir/webapp/,AVAILABLE}{/hddsDatanode}
2019-08-21 03:08:32,552 [Thread-323] INFO  server.AbstractConnector (AbstractConnector.java:doStart(278)) - Started ServerConnector@901a4c4{HTTP/1.1,[http/1.1]}{0.0.0.0:39429}
2019-08-21 03:08:32,553 [Thread-323] INFO  server.Server (Server.java:doStart(419)) - Started @53060ms
2019-08-21 03:08:32,554 [Thread-323] INFO  server.BaseHttpServer (BaseHttpServer.java:updateConnectorAddress(213)) - HTTP server of HDDSDATANODE is listening at http://0.0.0.0:39429
2019-08-21 03:08:32,668 | INFO  | ObjectStoreRestHttpServer | Listening HDDS REST traffic on /0.0.0.0:36620 |  
2019-08-21 03:08:32,668 [Thread-323] INFO  ozone.HddsDatanodeService (HddsDatanodeService.java:startPlugins(395)) - Started plug-in org.apache.hadoop.ozone.web.OzoneHddsDatanodeService@1fcd33ae
2019-08-21 03:08:32,670 [Thread-323] INFO  impl.MetricsSystemImpl (MetricsSystemImpl.java:init(158)) - HddsDatanode metrics system started (again)
2019-08-21 03:08:32,670 [org.apache.hadoop.util.JvmPauseMonitor$Monitor@1922a294] INFO  util.JvmPauseMonitor (JvmPauseMonitor.java:run(188)) - Starting JVM pause monitor
2019-08-21 03:08:32,673 [Thread-323] INFO  ozone.HddsDatanodeService (HddsDatanodeService.java:start(184)) - HddsDatanodeService host:pr-hdds-1927-xpkkb-2804094098 ip:192.168.69.79
2019-08-21 03:08:32,675 [Thread-323] INFO  volume.VolumeUsage (VolumeUsage.java:loadScmUsed(144)) - Cached ScmUsed found for /workdir/hadoop-ozone/integration-test/target/test-dir/MiniOzoneClusterImpl-440523b1-d1bf-45a3-9b99-cb19fdde5e9b/datanode-2/data/containers : 4096 
2019-08-21 03:08:32,675 [Thread-323] INFO  volume.HddsVolume (HddsVolume.java:<init>(176)) - Creating Volume: /workdir/hadoop-ozone/integration-test/target/test-dir/MiniOzoneClusterImpl-440523b1-d1bf-45a3-9b99-cb19fdde5e9b/datanode-2/data/containers/hdds of  storage type : DISK and capacity : 1482555576320
2019-08-21 03:08:32,675 [Thread-323] INFO  volume.VolumeSet (VolumeSet.java:initializeVolumeSet(170)) - Added Volume : /workdir/hadoop-ozone/integration-test/target/test-dir/MiniOzoneClusterImpl-440523b1-d1bf-45a3-9b99-cb19fdde5e9b/datanode-2/data/containers/hdds to VolumeSet
2019-08-21 03:08:32,676 [Thread-323] INFO  volume.ThrottledAsyncChecker (ThrottledAsyncChecker.java:schedule(140)) - Scheduling a check for org.apache.hadoop.ozone.container.common.volume.HddsVolume@314f0d97
2019-08-21 03:08:32,676 [Thread-323] INFO  volume.HddsVolumeChecker (HddsVolumeChecker.java:checkAllVolumes(203)) - Scheduled health check for volume org.apache.hadoop.ozone.container.common.volume.HddsVolume@314f0d97
2019-08-21 03:08:32,690 [Thread-323] INFO  impl.RaftServerProxy (ConfUtils.java:logGet(43)) - raft.rpc.type = GRPC (default)
2019-08-21 03:08:32,690 [Thread-323] INFO  grpc.GrpcFactory (GrpcFactory.java:checkPooledByteBufAllocatorUseCacheForAllThreads(45)) - PERFORMANCE WARNING: useCacheForAllThreads is true that may cause Netty to create a lot garbage objects and, as a result, trigger GC.
	It is recommended to disable useCacheForAllThreads by setting -Dorg.apache.ratis.thirdparty.io.netty.allocator.useCacheForAllThreads=false in command line.
2019-08-21 03:08:32,690 [Thread-323] INFO  grpc.GrpcConfigKeys$Server (ConfUtils.java:logGet(43)) - raft.grpc.server.port = 32992 (custom)
2019-08-21 03:08:32,690 [Thread-323] INFO  server.GrpcService (ConfUtils.java:logGet(43)) - raft.grpc.message.size.max = 33570816 (custom)
2019-08-21 03:08:32,690 [Thread-323] INFO  server.RaftServerConfigKeys (ConfUtils.java:logGet(43)) - raft.server.log.appender.buffer.byte-limit = 33554432 (custom)
2019-08-21 03:08:32,690 [Thread-323] INFO  server.GrpcService (ConfUtils.java:logGet(43)) - raft.grpc.flow.control.window = 1MB (=1048576) (default)
2019-08-21 03:08:32,691 [Thread-323] INFO  server.RaftServerConfigKeys (ConfUtils.java:logGet(43)) - raft.server.rpc.request.timeout = 3000ms (default)
2019-08-21 03:08:32,691 [Thread-323] INFO  server.RaftServerConfigKeys (ConfUtils.java:logGet(43)) - raft.server.storage.dir = [/workdir/hadoop-ozone/integration-test/target/test-dir/MiniOzoneClusterImpl-440523b1-d1bf-45a3-9b99-cb19fdde5e9b/datanode-2/data/ratis] (custom)
2019-08-21 03:08:32,691 [Thread-323] INFO  impl.RaftServerProxy (RaftServerProxy.java:lambda$null$0(191)) - 3b3fe35e-bec2-454a-8b04-4cf0fdd2f767: found a subdirectory /workdir/hadoop-ozone/integration-test/target/test-dir/MiniOzoneClusterImpl-440523b1-d1bf-45a3-9b99-cb19fdde5e9b/datanode-2/data/ratis/7726494f-6e11-4d87-9031-34a254be9bcf
2019-08-21 03:08:32,692 [Thread-323] INFO  impl.RaftServerProxy (RaftServerProxy.java:addNew(89)) - 3b3fe35e-bec2-454a-8b04-4cf0fdd2f767: addNew group-34A254BE9BCF:[] returns group-34A254BE9BCF:java.util.concurrent.CompletableFuture@53e15591[Not completed]
2019-08-21 03:08:32,692 [Thread-323] INFO  impl.RaftServerProxy (RaftServerProxy.java:lambda$null$0(191)) - 3b3fe35e-bec2-454a-8b04-4cf0fdd2f767: found a subdirectory /workdir/hadoop-ozone/integration-test/target/test-dir/MiniOzoneClusterImpl-440523b1-d1bf-45a3-9b99-cb19fdde5e9b/datanode-2/data/ratis/d48c85b3-3ff6-4c2f-a799-9e930a021b0a
2019-08-21 03:08:32,692 [Thread-323] INFO  impl.RaftServerProxy (RaftServerProxy.java:addNew(89)) - 3b3fe35e-bec2-454a-8b04-4cf0fdd2f767: addNew group-9E930A021B0A:[] returns group-9E930A021B0A:java.util.concurrent.CompletableFuture@6f138019[Not completed]
2019-08-21 03:08:32,692 [Thread-323] INFO  replication.SimpleContainerDownloader (SimpleContainerDownloader.java:<init>(72)) - Starting container downloader service to copy containers to replicate.
2019-08-21 03:08:32,693 [pool-170-thread-1] INFO  impl.RaftServerImpl (RaftServerImpl.java:<init>(93)) - 3b3fe35e-bec2-454a-8b04-4cf0fdd2f767: new RaftServerImpl for group-34A254BE9BCF:[] with ContainerStateMachine:uninitialized
2019-08-21 03:08:32,693 [pool-170-thread-1] INFO  server.RaftServerConfigKeys (ConfUtils.java:logGet(43)) - raft.server.rpc.timeout.min = 5s (custom)
2019-08-21 03:08:32,693 [Thread-323] INFO  hdfs.DFSUtil (DFSUtil.java:httpServerTemplateForNNAndJN(1641)) - Starting Web-server for hddsDatanode at: http://0.0.0.0:40983
2019-08-21 03:08:32,694 [pool-170-thread-1] INFO  server.RaftServerConfigKeys (ConfUtils.java:logGet(43)) - raft.server.rpc.timeout.max = 5200ms (custom)
2019-08-21 03:08:32,694 [pool-170-thread-1] INFO  server.RaftServerConfigKeys (ConfUtils.java:logGet(43)) - raft.server.rpcslowness.timeout = 120s (custom)
2019-08-21 03:08:32,694 [pool-170-thread-1] INFO  server.RaftServerConfigKeys (ConfUtils.java:logGet(43)) - raft.server.sleep.deviation.threshold = 300 (default)
2019-08-21 03:08:32,694 [pool-170-thread-1] INFO  server.RaftServerConfigKeys (ConfUtils.java:logGet(43)) - raft.server.log.appender.install.snapshot.enabled = false (custom)
2019-08-21 03:08:32,694 [pool-170-thread-1] INFO  impl.RaftServerImpl (ServerState.java:<init>(105)) - 3b3fe35e-bec2-454a-8b04-4cf0fdd2f767:group-34A254BE9BCF ConfigurationManager, init=-1: [], old=null, confs=<EMPTY_MAP>
2019-08-21 03:08:32,695 [pool-170-thread-1] INFO  server.RaftServerConfigKeys (ConfUtils.java:logGet(43)) - raft.server.storage.dir = [/workdir/hadoop-ozone/integration-test/target/test-dir/MiniOzoneClusterImpl-440523b1-d1bf-45a3-9b99-cb19fdde5e9b/datanode-2/data/ratis] (custom)
2019-08-21 03:08:32,695 [Thread-323] INFO  server.AuthenticationFilter (AuthenticationFilter.java:constructSecretProvider(240)) - Unable to initialize FileSignerSecretProvider, falling back to use random secrets.
2019-08-21 03:08:32,695 [Thread-323] WARN  http.HttpRequestLog (HttpRequestLog.java:getRequestLog(97)) - Jetty request log can only be enabled using Log4j
2019-08-21 03:08:32,697 [Thread-323] INFO  http.HttpServer2 (HttpServer2.java:addGlobalFilter(975)) - Added global filter 'safety' (class=org.apache.hadoop.http.HttpServer2$QuotingInputFilter)
2019-08-21 03:08:32,697 [Thread-323] INFO  http.HttpServer2 (HttpServer2.java:addFilter(948)) - Added filter static_user_filter (class=org.apache.hadoop.http.lib.StaticUserWebFilter$StaticUserFilter) to context hddsDatanode
2019-08-21 03:08:32,697 [Thread-323] INFO  http.HttpServer2 (HttpServer2.java:addFilter(958)) - Added filter static_user_filter (class=org.apache.hadoop.http.lib.StaticUserWebFilter$StaticUserFilter) to context static
2019-08-21 03:08:32,698 [Thread-323] INFO  http.HttpServer2 (HttpServer2.java:addFilter(958)) - Added filter static_user_filter (class=org.apache.hadoop.http.lib.StaticUserWebFilter$StaticUserFilter) to context logs
2019-08-21 03:08:32,698 [Thread-323] INFO  http.HttpServer2 (HttpServer2.java:bindListener(1191)) - Jetty bound to port 40983
2019-08-21 03:08:32,698 [Thread-323] INFO  server.Server (Server.java:doStart(351)) - jetty-9.3.24.v20180605, build timestamp: 2018-06-05T17:11:56Z, git hash: 84205aa28f11a4f31f2a3b86d1bba2cc8ab69827
2019-08-21 03:08:32,700 [Thread-323] INFO  handler.ContextHandler (ContextHandler.java:doStart(781)) - Started o.e.j.s.ServletContextHandler@2c1e461a{/logs,file:///workdir/hadoop-ozone/integration-test/target/log,AVAILABLE}
2019-08-21 03:08:32,700 [Thread-323] INFO  handler.ContextHandler (ContextHandler.java:doStart(781)) - Started o.e.j.s.ServletContextHandler@7b5f794c{/static,jar:file:/home/user/.m2/repository/org/apache/hadoop/hadoop-hdds-container-service/0.5.0-SNAPSHOT/hadoop-hdds-container-service-0.5.0-SNAPSHOT.jar!/webapps/static,AVAILABLE}
2019-08-21 03:08:32,729 [Thread-323] INFO  handler.ContextHandler (ContextHandler.java:doStart(781)) - Started o.e.j.w.WebAppContext@93bf456{/,file:///tmp/jetty-0.0.0.0-40983-hddsDatanode-_-any-7266494268624824175.dir/webapp/,AVAILABLE}{/hddsDatanode}
2019-08-21 03:08:32,729 [Thread-323] INFO  server.AbstractConnector (AbstractConnector.java:doStart(278)) - Started ServerConnector@aec7403{HTTP/1.1,[http/1.1]}{0.0.0.0:40983}
2019-08-21 03:08:32,731 [Thread-323] INFO  server.Server (Server.java:doStart(419)) - Started @53238ms
2019-08-21 03:08:32,731 [Thread-323] INFO  server.BaseHttpServer (BaseHttpServer.java:updateConnectorAddress(213)) - HTTP server of HDDSDATANODE is listening at http://0.0.0.0:40983
2019-08-21 03:08:33,043 | INFO  | ObjectStoreRestHttpServer | Listening HDDS REST traffic on /0.0.0.0:33113 |  
2019-08-21 03:08:33,043 [Thread-323] INFO  ozone.HddsDatanodeService (HddsDatanodeService.java:startPlugins(395)) - Started plug-in org.apache.hadoop.ozone.web.OzoneHddsDatanodeService@21fb4aa8
2019-08-21 03:08:33,043 [Thread-323] INFO  pipeline.SCMPipelineManager (SCMPipelineManager.java:finalizeAndDestroyPipeline(309)) - destroying pipeline:Pipeline[ Id: 7726494f-6e11-4d87-9031-34a254be9bcf, Nodes: deffb78e-0f7f-4e6c-8f29-96a42428adf0{ip: 192.168.69.79, host: pr-hdds-1927-xpkkb-2804094098, networkLocation: /default-rack, certSerialId: null}3b3fe35e-bec2-454a-8b04-4cf0fdd2f767{ip: 192.168.69.79, host: pr-hdds-1927-xpkkb-2804094098, networkLocation: /default-rack, certSerialId: null}afa424f4-ff41-4877-ad11-a15f16e37855{ip: 192.168.69.79, host: pr-hdds-1927-xpkkb-2804094098, networkLocation: /default-rack, certSerialId: null}, Type:RATIS, Factor:THREE, State:OPEN]
2019-08-21 03:08:33,045 [org.apache.hadoop.util.JvmPauseMonitor$Monitor@237ee198] INFO  util.JvmPauseMonitor (JvmPauseMonitor.java:run(188)) - Starting JVM pause monitor
2019-08-21 03:08:33,050 [Thread-323] WARN  pipeline.RatisPipelineUtils (RatisPipelineUtils.java:destroyPipeline(66)) - Pipeline destroy failed for pipeline=PipelineID=7726494f-6e11-4d87-9031-34a254be9bcf dn=deffb78e-0f7f-4e6c-8f29-96a42428adf0{ip: 192.168.69.79, host: pr-hdds-1927-xpkkb-2804094098, networkLocation: /default-rack, certSerialId: null}
2019-08-21 03:08:33,054 [Thread-323] WARN  pipeline.RatisPipelineUtils (RatisPipelineUtils.java:destroyPipeline(66)) - Pipeline destroy failed for pipeline=PipelineID=7726494f-6e11-4d87-9031-34a254be9bcf dn=3b3fe35e-bec2-454a-8b04-4cf0fdd2f767{ip: 192.168.69.79, host: pr-hdds-1927-xpkkb-2804094098, networkLocation: /default-rack, certSerialId: null}
2019-08-21 03:08:33,058 [Thread-323] WARN  pipeline.RatisPipelineUtils (RatisPipelineUtils.java:destroyPipeline(66)) - Pipeline destroy failed for pipeline=PipelineID=7726494f-6e11-4d87-9031-34a254be9bcf dn=afa424f4-ff41-4877-ad11-a15f16e37855{ip: 192.168.69.79, host: pr-hdds-1927-xpkkb-2804094098, networkLocation: /default-rack, certSerialId: null}
2019-08-21 03:08:33,058 [Thread-323] INFO  pipeline.PipelineStateManager (PipelineStateManager.java:removePipeline(108)) - Pipeline Pipeline[ Id: 7726494f-6e11-4d87-9031-34a254be9bcf, Nodes: deffb78e-0f7f-4e6c-8f29-96a42428adf0{ip: 192.168.69.79, host: pr-hdds-1927-xpkkb-2804094098, networkLocation: /default-rack, certSerialId: null}3b3fe35e-bec2-454a-8b04-4cf0fdd2f767{ip: 192.168.69.79, host: pr-hdds-1927-xpkkb-2804094098, networkLocation: /default-rack, certSerialId: null}afa424f4-ff41-4877-ad11-a15f16e37855{ip: 192.168.69.79, host: pr-hdds-1927-xpkkb-2804094098, networkLocation: /default-rack, certSerialId: null}, Type:RATIS, Factor:THREE, State:CLOSED] removed from db
2019-08-21 03:08:33,146 [EventQueue-StaleNodeForStaleNodeHandler] INFO  node.StaleNodeHandler (StaleNodeHandler.java:onMessage(58)) - Datanode 3b3fe35e-bec2-454a-8b04-4cf0fdd2f767{ip: 192.168.69.79, host: pr-hdds-1927-xpkkb-2804094098, networkLocation: /default-rack, certSerialId: null} moved to stale state. Finalizing its pipelines [PipelineID=d48c85b3-3ff6-4c2f-a799-9e930a021b0a]
2019-08-21 03:08:33,147 [EventQueue-StaleNodeForStaleNodeHandler] INFO  pipeline.SCMPipelineManager (SCMPipelineManager.java:finalizeAndDestroyPipeline(309)) - destroying pipeline:Pipeline[ Id: d48c85b3-3ff6-4c2f-a799-9e930a021b0a, Nodes: 3b3fe35e-bec2-454a-8b04-4cf0fdd2f767{ip: 192.168.69.79, host: pr-hdds-1927-xpkkb-2804094098, networkLocation: /default-rack, certSerialId: null}, Type:RATIS, Factor:ONE, State:OPEN]
2019-08-21 03:08:33,147 [EventQueue-StaleNodeForStaleNodeHandler] INFO  pipeline.PipelineStateManager (PipelineStateManager.java:finalizePipeline(123)) - Pipeline Pipeline[ Id: d48c85b3-3ff6-4c2f-a799-9e930a021b0a, Nodes: 3b3fe35e-bec2-454a-8b04-4cf0fdd2f767{ip: 192.168.69.79, host: pr-hdds-1927-xpkkb-2804094098, networkLocation: /default-rack, certSerialId: null}, Type:RATIS, Factor:ONE, State:CLOSED] moved to CLOSED state
2019-08-21 03:08:33,177 [pool-159-thread-1] INFO  storage.RaftStorageDirectory (RaftStorageDirectory.java:tryLock(328)) - Lock on /workdir/hadoop-ozone/integration-test/target/test-dir/MiniOzoneClusterImpl-440523b1-d1bf-45a3-9b99-cb19fdde5e9b/datanode-1/data/ratis/7726494f-6e11-4d87-9031-34a254be9bcf/in_use.lock acquired by nodename 20226@pr-hdds-1927-xpkkb-2804094098
2019-08-21 03:08:33,177 [pool-148-thread-1] INFO  storage.RaftStorageDirectory (RaftStorageDirectory.java:tryLock(328)) - Lock on /workdir/hadoop-ozone/integration-test/target/test-dir/MiniOzoneClusterImpl-440523b1-d1bf-45a3-9b99-cb19fdde5e9b/datanode-0/data/ratis/7726494f-6e11-4d87-9031-34a254be9bcf/in_use.lock acquired by nodename 20226@pr-hdds-1927-xpkkb-2804094098
2019-08-21 03:08:33,177 [pool-170-thread-1] INFO  storage.RaftStorageDirectory (RaftStorageDirectory.java:tryLock(328)) - Lock on /workdir/hadoop-ozone/integration-test/target/test-dir/MiniOzoneClusterImpl-440523b1-d1bf-45a3-9b99-cb19fdde5e9b/datanode-2/data/ratis/7726494f-6e11-4d87-9031-34a254be9bcf/in_use.lock acquired by nodename 20226@pr-hdds-1927-xpkkb-2804094098
2019-08-21 03:08:33,179 [pool-170-thread-1] INFO  ratis.ContainerStateMachine (ContainerStateMachine.java:loadSnapshot(226)) - group-34A254BE9BCF: The snapshot info is null. Setting the last applied indexto:(t:0, i:~)
2019-08-21 03:08:33,179 [pool-148-thread-1] INFO  ratis.ContainerStateMachine (ContainerStateMachine.java:loadSnapshot(226)) - group-34A254BE9BCF: The snapshot info is null. Setting the last applied indexto:(t:0, i:~)
2019-08-21 03:08:33,179 [pool-159-thread-1] INFO  ratis.ContainerStateMachine (ContainerStateMachine.java:loadSnapshot(226)) - group-34A254BE9BCF: The snapshot info is null. Setting the last applied indexto:(t:0, i:~)
2019-08-21 03:08:33,180 [pool-148-thread-1] INFO  server.RaftServerConfigKeys (ConfUtils.java:logGet(43)) - raft.server.leader.election.timeout = 120s (custom)
2019-08-21 03:08:33,179 [pool-170-thread-1] INFO  server.RaftServerConfigKeys (ConfUtils.java:logGet(43)) - raft.server.leader.election.timeout = 120s (custom)
2019-08-21 03:08:33,180 [pool-148-thread-1] INFO  server.RaftServerConfigKeys (ConfUtils.java:logGet(43)) - raft.server.log.use.memory = false (default)
2019-08-21 03:08:33,180 [pool-159-thread-1] INFO  server.RaftServerConfigKeys (ConfUtils.java:logGet(43)) - raft.server.leader.election.timeout = 120s (custom)
2019-08-21 03:08:33,181 [pool-148-thread-1] INFO  server.RaftServerConfigKeys (ConfUtils.java:logGet(43)) - raft.server.log.purge.gap = 1000000 (custom)
2019-08-21 03:08:33,180 [pool-170-thread-1] INFO  server.RaftServerConfigKeys (ConfUtils.java:logGet(43)) - raft.server.log.use.memory = false (default)
2019-08-21 03:08:33,181 [pool-148-thread-1] INFO  server.RaftServerConfigKeys (ConfUtils.java:logGet(43)) - raft.server.log.appender.buffer.byte-limit = 33554432 (custom)
2019-08-21 03:08:33,181 [pool-159-thread-1] INFO  server.RaftServerConfigKeys (ConfUtils.java:logGet(43)) - raft.server.log.use.memory = false (default)
2019-08-21 03:08:33,181 [pool-148-thread-1] INFO  server.RaftServerConfigKeys (ConfUtils.java:logGet(43)) - raft.server.log.segment.size.max = 1048576 (custom)
2019-08-21 03:08:33,181 [pool-170-thread-1] INFO  server.RaftServerConfigKeys (ConfUtils.java:logGet(43)) - raft.server.log.purge.gap = 1000000 (custom)
2019-08-21 03:08:33,182 [pool-148-thread-1] INFO  server.RaftServerConfigKeys (ConfUtils.java:logGet(43)) - raft.server.log.segment.cache.num.max = 2 (custom)
2019-08-21 03:08:33,181 [pool-159-thread-1] INFO  server.RaftServerConfigKeys (ConfUtils.java:logGet(43)) - raft.server.log.purge.gap = 1000000 (custom)
2019-08-21 03:08:33,182 [pool-148-thread-1] INFO  segmented.SegmentedRaftLogWorker (SegmentedRaftLogWorker.java:<init>(172)) - new afa424f4-ff41-4877-ad11-a15f16e37855-SegmentedRaftLogWorker:Storage Directory /workdir/hadoop-ozone/integration-test/target/test-dir/MiniOzoneClusterImpl-440523b1-d1bf-45a3-9b99-cb19fdde5e9b/datanode-0/data/ratis/7726494f-6e11-4d87-9031-34a254be9bcf for RaftStorage:Storage Directory /workdir/hadoop-ozone/integration-test/target/test-dir/MiniOzoneClusterImpl-440523b1-d1bf-45a3-9b99-cb19fdde5e9b/datanode-0/data/ratis/7726494f-6e11-4d87-9031-34a254be9bcf
2019-08-21 03:08:33,182 [pool-170-thread-1] INFO  server.RaftServerConfigKeys (ConfUtils.java:logGet(43)) - raft.server.log.appender.buffer.byte-limit = 33554432 (custom)
2019-08-21 03:08:33,182 [pool-148-thread-1] INFO  server.RaftServerConfigKeys (ConfUtils.java:logGet(43)) - raft.server.log.queue.byte-limit = 2147483647 (custom)
2019-08-21 03:08:33,182 [pool-159-thread-1] INFO  server.RaftServerConfigKeys (ConfUtils.java:logGet(43)) - raft.server.log.appender.buffer.byte-limit = 33554432 (custom)
2019-08-21 03:08:33,183 [pool-148-thread-1] INFO  server.RaftServerConfigKeys (ConfUtils.java:logGet(43)) - raft.server.log.queue.element-limit = 1024 (custom)
2019-08-21 03:08:33,183 [pool-170-thread-1] INFO  server.RaftServerConfigKeys (ConfUtils.java:logGet(43)) - raft.server.log.segment.size.max = 1048576 (custom)
2019-08-21 03:08:33,183 [pool-148-thread-1] INFO  server.RaftServerConfigKeys (ConfUtils.java:logGet(43)) - raft.server.log.segment.size.max = 1048576 (custom)
2019-08-21 03:08:33,183 [pool-159-thread-1] INFO  server.RaftServerConfigKeys (ConfUtils.java:logGet(43)) - raft.server.log.segment.size.max = 1048576 (custom)
2019-08-21 03:08:33,184 [pool-148-thread-1] INFO  server.RaftServerConfigKeys (ConfUtils.java:logGet(43)) - raft.server.log.preallocated.size = 16384 (custom)
2019-08-21 03:08:33,183 [pool-170-thread-1] INFO  server.RaftServerConfigKeys (ConfUtils.java:logGet(43)) - raft.server.log.segment.cache.num.max = 2 (custom)
2019-08-21 03:08:33,184 [pool-148-thread-1] INFO  server.RaftServerConfigKeys (ConfUtils.java:logGet(43)) - raft.server.log.write.buffer.size = 33554432 (custom)
2019-08-21 03:08:33,184 [pool-159-thread-1] INFO  server.RaftServerConfigKeys (ConfUtils.java:logGet(43)) - raft.server.log.segment.cache.num.max = 2 (custom)
2019-08-21 03:08:33,184 [pool-148-thread-1] INFO  server.RaftServerConfigKeys (ConfUtils.java:logGet(43)) - raft.server.log.force.sync.num = 128 (default)
2019-08-21 03:08:33,184 [pool-170-thread-1] INFO  segmented.SegmentedRaftLogWorker (SegmentedRaftLogWorker.java:<init>(172)) - new 3b3fe35e-bec2-454a-8b04-4cf0fdd2f767-SegmentedRaftLogWorker:Storage Directory /workdir/hadoop-ozone/integration-test/target/test-dir/MiniOzoneClusterImpl-440523b1-d1bf-45a3-9b99-cb19fdde5e9b/datanode-2/data/ratis/7726494f-6e11-4d87-9031-34a254be9bcf for RaftStorage:Storage Directory /workdir/hadoop-ozone/integration-test/target/test-dir/MiniOzoneClusterImpl-440523b1-d1bf-45a3-9b99-cb19fdde5e9b/datanode-2/data/ratis/7726494f-6e11-4d87-9031-34a254be9bcf
2019-08-21 03:08:33,185 [pool-148-thread-1] INFO  server.RaftServerConfigKeys (ConfUtils.java:logGet(43)) - raft.server.log.statemachine.data.sync = true (default)
2019-08-21 03:08:33,185 [pool-159-thread-1] INFO  segmented.SegmentedRaftLogWorker (SegmentedRaftLogWorker.java:<init>(172)) - new deffb78e-0f7f-4e6c-8f29-96a42428adf0-SegmentedRaftLogWorker:Storage Directory /workdir/hadoop-ozone/integration-test/target/test-dir/MiniOzoneClusterImpl-440523b1-d1bf-45a3-9b99-cb19fdde5e9b/datanode-1/data/ratis/7726494f-6e11-4d87-9031-34a254be9bcf for RaftStorage:Storage Directory /workdir/hadoop-ozone/integration-test/target/test-dir/MiniOzoneClusterImpl-440523b1-d1bf-45a3-9b99-cb19fdde5e9b/datanode-1/data/ratis/7726494f-6e11-4d87-9031-34a254be9bcf
2019-08-21 03:08:33,185 [pool-148-thread-1] INFO  server.RaftServerConfigKeys (ConfUtils.java:logGet(43)) - raft.server.log.statemachine.data.sync.timeout = 10s (default)
2019-08-21 03:08:33,185 [pool-170-thread-1] INFO  server.RaftServerConfigKeys (ConfUtils.java:logGet(43)) - raft.server.log.queue.byte-limit = 2147483647 (custom)
2019-08-21 03:08:33,186 [pool-148-thread-1] INFO  server.RaftServerConfigKeys (ConfUtils.java:logGet(43)) - raft.server.log.statemachine.data.sync.timeout.retry = -1 (default)
2019-08-21 03:08:33,185 [pool-159-thread-1] INFO  server.RaftServerConfigKeys (ConfUtils.java:logGet(43)) - raft.server.log.queue.byte-limit = 2147483647 (custom)
2019-08-21 03:08:33,186 [pool-148-thread-1] INFO  server.RaftServerConfigKeys (ConfUtils.java:logGet(43)) - raft.server.log.statemachine.data.caching.enabled = true (custom)
2019-08-21 03:08:33,186 [pool-170-thread-1] INFO  server.RaftServerConfigKeys (ConfUtils.java:logGet(43)) - raft.server.log.queue.element-limit = 1024 (custom)
2019-08-21 03:08:33,186 [pool-159-thread-1] INFO  server.RaftServerConfigKeys (ConfUtils.java:logGet(43)) - raft.server.log.queue.element-limit = 1024 (custom)
2019-08-21 03:08:33,187 [pool-170-thread-1] INFO  server.RaftServerConfigKeys (ConfUtils.java:logGet(43)) - raft.server.log.segment.size.max = 1048576 (custom)
2019-08-21 03:08:33,187 [pool-159-thread-1] INFO  server.RaftServerConfigKeys (ConfUtils.java:logGet(43)) - raft.server.log.segment.size.max = 1048576 (custom)
2019-08-21 03:08:33,187 [pool-170-thread-1] INFO  server.RaftServerConfigKeys (ConfUtils.java:logGet(43)) - raft.server.log.preallocated.size = 16384 (custom)
2019-08-21 03:08:33,187 [pool-159-thread-1] INFO  server.RaftServerConfigKeys (ConfUtils.java:logGet(43)) - raft.server.log.preallocated.size = 16384 (custom)
2019-08-21 03:08:33,187 [pool-170-thread-1] INFO  server.RaftServerConfigKeys (ConfUtils.java:logGet(43)) - raft.server.log.write.buffer.size = 33554432 (custom)
2019-08-21 03:08:33,187 [pool-159-thread-1] INFO  server.RaftServerConfigKeys (ConfUtils.java:logGet(43)) - raft.server.log.write.buffer.size = 33554432 (custom)
2019-08-21 03:08:33,188 [pool-170-thread-1] INFO  server.RaftServerConfigKeys (ConfUtils.java:logGet(43)) - raft.server.log.force.sync.num = 128 (default)
2019-08-21 03:08:33,188 [pool-159-thread-1] INFO  server.RaftServerConfigKeys (ConfUtils.java:logGet(43)) - raft.server.log.force.sync.num = 128 (default)
2019-08-21 03:08:33,188 [pool-170-thread-1] INFO  server.RaftServerConfigKeys (ConfUtils.java:logGet(43)) - raft.server.log.statemachine.data.sync = true (default)
2019-08-21 03:08:33,188 [pool-159-thread-1] INFO  server.RaftServerConfigKeys (ConfUtils.java:logGet(43)) - raft.server.log.statemachine.data.sync = true (default)
2019-08-21 03:08:33,188 [pool-170-thread-1] INFO  server.RaftServerConfigKeys (ConfUtils.java:logGet(43)) - raft.server.log.statemachine.data.sync.timeout = 10s (default)
2019-08-21 03:08:33,189 [pool-159-thread-1] INFO  server.RaftServerConfigKeys (ConfUtils.java:logGet(43)) - raft.server.log.statemachine.data.sync.timeout = 10s (default)
2019-08-21 03:08:33,189 [pool-170-thread-1] INFO  server.RaftServerConfigKeys (ConfUtils.java:logGet(43)) - raft.server.log.statemachine.data.sync.timeout.retry = -1 (default)
2019-08-21 03:08:33,189 [pool-159-thread-1] INFO  server.RaftServerConfigKeys (ConfUtils.java:logGet(43)) - raft.server.log.statemachine.data.sync.timeout.retry = -1 (default)
2019-08-21 03:08:33,189 [pool-170-thread-1] INFO  server.RaftServerConfigKeys (ConfUtils.java:logGet(43)) - raft.server.log.statemachine.data.caching.enabled = true (custom)
2019-08-21 03:08:33,189 [pool-159-thread-1] INFO  server.RaftServerConfigKeys (ConfUtils.java:logGet(43)) - raft.server.log.statemachine.data.caching.enabled = true (custom)
2019-08-21 03:08:33,198 [pool-159-thread-1] INFO  impl.RaftServerImpl (ServerState.java:setRaftConf(361)) - deffb78e-0f7f-4e6c-8f29-96a42428adf0:group-34A254BE9BCF set configuration 0: [deffb78e-0f7f-4e6c-8f29-96a42428adf0:192.168.69.79:40497, afa424f4-ff41-4877-ad11-a15f16e37855:192.168.69.79:39673, 3b3fe35e-bec2-454a-8b04-4cf0fdd2f767:192.168.69.79:32992], old=null at 0
2019-08-21 03:08:33,198 [pool-148-thread-1] INFO  impl.RaftServerImpl (ServerState.java:setRaftConf(361)) - afa424f4-ff41-4877-ad11-a15f16e37855:group-34A254BE9BCF set configuration 0: [deffb78e-0f7f-4e6c-8f29-96a42428adf0:192.168.69.79:40497, afa424f4-ff41-4877-ad11-a15f16e37855:192.168.69.79:39673, 3b3fe35e-bec2-454a-8b04-4cf0fdd2f767:192.168.69.79:32992], old=null at 0
2019-08-21 03:08:33,198 [pool-170-thread-1] INFO  impl.RaftServerImpl (ServerState.java:setRaftConf(361)) - 3b3fe35e-bec2-454a-8b04-4cf0fdd2f767:group-34A254BE9BCF set configuration 0: [deffb78e-0f7f-4e6c-8f29-96a42428adf0:192.168.69.79:40497, afa424f4-ff41-4877-ad11-a15f16e37855:192.168.69.79:39673, 3b3fe35e-bec2-454a-8b04-4cf0fdd2f767:192.168.69.79:32992], old=null at 0
2019-08-21 03:08:33,199 [pool-159-thread-1] INFO  segmented.LogSegment (LogSegment.java:loadSegment(145)) - Successfully read 1 entries from segment file /workdir/hadoop-ozone/integration-test/target/test-dir/MiniOzoneClusterImpl-440523b1-d1bf-45a3-9b99-cb19fdde5e9b/datanode-1/data/ratis/7726494f-6e11-4d87-9031-34a254be9bcf/current/log_inprogress_0
2019-08-21 03:08:33,199 [pool-148-thread-1] INFO  segmented.LogSegment (LogSegment.java:loadSegment(145)) - Successfully read 1 entries from segment file /workdir/hadoop-ozone/integration-test/target/test-dir/MiniOzoneClusterImpl-440523b1-d1bf-45a3-9b99-cb19fdde5e9b/datanode-0/data/ratis/7726494f-6e11-4d87-9031-34a254be9bcf/current/log_inprogress_0
2019-08-21 03:08:33,201 [pool-159-thread-1] INFO  segmented.SegmentedRaftLogWorker (SegmentedRaftLogWorker.java:lambda$new$0(132)) - deffb78e-0f7f-4e6c-8f29-96a42428adf0-SegmentedRaftLogWorker:Storage Directory /workdir/hadoop-ozone/integration-test/target/test-dir/MiniOzoneClusterImpl-440523b1-d1bf-45a3-9b99-cb19fdde5e9b/datanode-1/data/ratis/7726494f-6e11-4d87-9031-34a254be9bcf: flushIndex: setUnconditionally 0 -> 0
2019-08-21 03:08:33,201 [pool-148-thread-1] INFO  segmented.SegmentedRaftLogWorker (SegmentedRaftLogWorker.java:lambda$new$0(132)) - afa424f4-ff41-4877-ad11-a15f16e37855-SegmentedRaftLogWorker:Storage Directory /workdir/hadoop-ozone/integration-test/target/test-dir/MiniOzoneClusterImpl-440523b1-d1bf-45a3-9b99-cb19fdde5e9b/datanode-0/data/ratis/7726494f-6e11-4d87-9031-34a254be9bcf: flushIndex: setUnconditionally 0 -> 0
2019-08-21 03:08:33,199 [pool-170-thread-1] INFO  segmented.LogSegment (LogSegment.java:loadSegment(145)) - Successfully read 1 entries from segment file /workdir/hadoop-ozone/integration-test/target/test-dir/MiniOzoneClusterImpl-440523b1-d1bf-45a3-9b99-cb19fdde5e9b/datanode-2/data/ratis/7726494f-6e11-4d87-9031-34a254be9bcf/current/log_inprogress_0
2019-08-21 03:08:33,202 [pool-170-thread-1] INFO  segmented.SegmentedRaftLogWorker (SegmentedRaftLogWorker.java:lambda$new$0(132)) - 3b3fe35e-bec2-454a-8b04-4cf0fdd2f767-SegmentedRaftLogWorker:Storage Directory /workdir/hadoop-ozone/integration-test/target/test-dir/MiniOzoneClusterImpl-440523b1-d1bf-45a3-9b99-cb19fdde5e9b/datanode-2/data/ratis/7726494f-6e11-4d87-9031-34a254be9bcf: flushIndex: setUnconditionally 0 -> 0
2019-08-21 03:08:33,243 [pool-170-thread-1] INFO  server.RaftServerConfigKeys (ConfUtils.java:logGet(43)) - raft.server.snapshot.auto.trigger.enabled = true (custom)
2019-08-21 03:08:33,243 [pool-159-thread-1] INFO  server.RaftServerConfigKeys (ConfUtils.java:logGet(43)) - raft.server.snapshot.auto.trigger.enabled = true (custom)
2019-08-21 03:08:33,243 [pool-148-thread-1] INFO  server.RaftServerConfigKeys (ConfUtils.java:logGet(43)) - raft.server.snapshot.auto.trigger.enabled = true (custom)
2019-08-21 03:08:33,245 [pool-159-thread-1] INFO  server.RaftServerConfigKeys (ConfUtils.java:logGet(43)) - raft.server.snapshot.auto.trigger.threshold = 10000 (custom)
2019-08-21 03:08:33,245 [pool-170-thread-1] INFO  server.RaftServerConfigKeys (ConfUtils.java:logGet(43)) - raft.server.snapshot.auto.trigger.threshold = 10000 (custom)
2019-08-21 03:08:33,245 [pool-148-thread-1] INFO  server.RaftServerConfigKeys (ConfUtils.java:logGet(43)) - raft.server.snapshot.auto.trigger.threshold = 10000 (custom)
2019-08-21 03:08:33,246 [pool-170-thread-1] INFO  server.RaftServerConfigKeys (ConfUtils.java:logGet(43)) - raft.server.retrycache.expirytime = 600000ms (custom)
2019-08-21 03:08:33,246 [pool-159-thread-1] INFO  server.RaftServerConfigKeys (ConfUtils.java:logGet(43)) - raft.server.retrycache.expirytime = 600000ms (custom)
2019-08-21 03:08:33,246 [pool-148-thread-1] INFO  server.RaftServerConfigKeys (ConfUtils.java:logGet(43)) - raft.server.retrycache.expirytime = 600000ms (custom)
2019-08-21 03:08:33,248 [pool-170-thread-1] INFO  impl.RaftServerImpl (RaftServerImpl.java:<init>(93)) - 3b3fe35e-bec2-454a-8b04-4cf0fdd2f767: new RaftServerImpl for group-9E930A021B0A:[] with ContainerStateMachine:uninitialized
2019-08-21 03:08:33,248 [pool-170-thread-1] INFO  server.RaftServerConfigKeys (ConfUtils.java:logGet(43)) - raft.server.rpc.timeout.min = 5s (custom)
2019-08-21 03:08:33,248 [pool-170-thread-1] INFO  server.RaftServerConfigKeys (ConfUtils.java:logGet(43)) - raft.server.rpc.timeout.max = 5200ms (custom)
2019-08-21 03:08:33,248 [pool-170-thread-1] INFO  server.RaftServerConfigKeys (ConfUtils.java:logGet(43)) - raft.server.rpcslowness.timeout = 120s (custom)
2019-08-21 03:08:33,248 [pool-148-thread-1] INFO  impl.RaftServerImpl (RaftServerImpl.java:<init>(93)) - afa424f4-ff41-4877-ad11-a15f16e37855: new RaftServerImpl for group-8AA392D4BC08:[] with ContainerStateMachine:uninitialized
2019-08-21 03:08:33,248 [pool-170-thread-1] INFO  server.RaftServerConfigKeys (ConfUtils.java:logGet(43)) - raft.server.sleep.deviation.threshold = 300 (default)
2019-08-21 03:08:33,248 [pool-148-thread-1] INFO  server.RaftServerConfigKeys (ConfUtils.java:logGet(43)) - raft.server.rpc.timeout.min = 5s (custom)
2019-08-21 03:08:33,249 [pool-170-thread-1] INFO  server.RaftServerConfigKeys (ConfUtils.java:logGet(43)) - raft.server.log.appender.install.snapshot.enabled = false (custom)
2019-08-21 03:08:33,249 [pool-148-thread-1] INFO  server.RaftServerConfigKeys (ConfUtils.java:logGet(43)) - raft.server.rpc.timeout.max = 5200ms (custom)
2019-08-21 03:08:33,249 [pool-170-thread-1] INFO  impl.RaftServerImpl (ServerState.java:<init>(105)) - 3b3fe35e-bec2-454a-8b04-4cf0fdd2f767:group-9E930A021B0A ConfigurationManager, init=-1: [], old=null, confs=<EMPTY_MAP>
2019-08-21 03:08:33,249 [pool-148-thread-1] INFO  server.RaftServerConfigKeys (ConfUtils.java:logGet(43)) - raft.server.rpcslowness.timeout = 120s (custom)
2019-08-21 03:08:33,249 [pool-148-thread-1] INFO  server.RaftServerConfigKeys (ConfUtils.java:logGet(43)) - raft.server.sleep.deviation.threshold = 300 (default)
2019-08-21 03:08:33,249 [pool-159-thread-1] INFO  impl.RaftServerImpl (RaftServerImpl.java:<init>(93)) - deffb78e-0f7f-4e6c-8f29-96a42428adf0: new RaftServerImpl for group-6AEE6D77989A:[] with ContainerStateMachine:uninitialized
2019-08-21 03:08:33,249 [pool-170-thread-1] INFO  server.RaftServerConfigKeys (ConfUtils.java:logGet(43)) - raft.server.storage.dir = [/workdir/hadoop-ozone/integration-test/target/test-dir/MiniOzoneClusterImpl-440523b1-d1bf-45a3-9b99-cb19fdde5e9b/datanode-2/data/ratis] (custom)
2019-08-21 03:08:33,249 [pool-159-thread-1] INFO  server.RaftServerConfigKeys (ConfUtils.java:logGet(43)) - raft.server.rpc.timeout.min = 5s (custom)
2019-08-21 03:08:33,249 [pool-148-thread-1] INFO  server.RaftServerConfigKeys (ConfUtils.java:logGet(43)) - raft.server.log.appender.install.snapshot.enabled = false (custom)
2019-08-21 03:08:33,250 [pool-159-thread-1] INFO  server.RaftServerConfigKeys (ConfUtils.java:logGet(43)) - raft.server.rpc.timeout.max = 5200ms (custom)
2019-08-21 03:08:33,250 [pool-148-thread-1] INFO  impl.RaftServerImpl (ServerState.java:<init>(105)) - afa424f4-ff41-4877-ad11-a15f16e37855:group-8AA392D4BC08 ConfigurationManager, init=-1: [], old=null, confs=<EMPTY_MAP>
2019-08-21 03:08:33,250 [pool-159-thread-1] INFO  server.RaftServerConfigKeys (ConfUtils.java:logGet(43)) - raft.server.rpcslowness.timeout = 120s (custom)
2019-08-21 03:08:33,250 [pool-148-thread-1] INFO  server.RaftServerConfigKeys (ConfUtils.java:logGet(43)) - raft.server.storage.dir = [/workdir/hadoop-ozone/integration-test/target/test-dir/MiniOzoneClusterImpl-440523b1-d1bf-45a3-9b99-cb19fdde5e9b/datanode-0/data/ratis] (custom)
2019-08-21 03:08:33,250 [pool-159-thread-1] INFO  server.RaftServerConfigKeys (ConfUtils.java:logGet(43)) - raft.server.sleep.deviation.threshold = 300 (default)
2019-08-21 03:08:33,250 [pool-159-thread-1] INFO  server.RaftServerConfigKeys (ConfUtils.java:logGet(43)) - raft.server.log.appender.install.snapshot.enabled = false (custom)
2019-08-21 03:08:33,250 [pool-159-thread-1] INFO  impl.RaftServerImpl (ServerState.java:<init>(105)) - deffb78e-0f7f-4e6c-8f29-96a42428adf0:group-6AEE6D77989A ConfigurationManager, init=-1: [], old=null, confs=<EMPTY_MAP>
2019-08-21 03:08:33,251 [pool-159-thread-1] INFO  server.RaftServerConfigKeys (ConfUtils.java:logGet(43)) - raft.server.storage.dir = [/workdir/hadoop-ozone/integration-test/target/test-dir/MiniOzoneClusterImpl-440523b1-d1bf-45a3-9b99-cb19fdde5e9b/datanode-1/data/ratis] (custom)
2019-08-21 03:08:33,282 [pool-148-thread-1] INFO  storage.RaftStorageDirectory (RaftStorageDirectory.java:tryLock(328)) - Lock on /workdir/hadoop-ozone/integration-test/target/test-dir/MiniOzoneClusterImpl-440523b1-d1bf-45a3-9b99-cb19fdde5e9b/datanode-0/data/ratis/023eca78-6422-44c0-9ed0-8aa392d4bc08/in_use.lock acquired by nodename 20226@pr-hdds-1927-xpkkb-2804094098
2019-08-21 03:08:33,282 [pool-170-thread-1] INFO  storage.RaftStorageDirectory (RaftStorageDirectory.java:tryLock(328)) - Lock on /workdir/hadoop-ozone/integration-test/target/test-dir/MiniOzoneClusterImpl-440523b1-d1bf-45a3-9b99-cb19fdde5e9b/datanode-2/data/ratis/d48c85b3-3ff6-4c2f-a799-9e930a021b0a/in_use.lock acquired by nodename 20226@pr-hdds-1927-xpkkb-2804094098
2019-08-21 03:08:33,282 [pool-159-thread-1] INFO  storage.RaftStorageDirectory (RaftStorageDirectory.java:tryLock(328)) - Lock on /workdir/hadoop-ozone/integration-test/target/test-dir/MiniOzoneClusterImpl-440523b1-d1bf-45a3-9b99-cb19fdde5e9b/datanode-1/data/ratis/f4627039-2ff2-42c9-ba0c-6aee6d77989a/in_use.lock acquired by nodename 20226@pr-hdds-1927-xpkkb-2804094098
2019-08-21 03:08:33,283 [pool-148-thread-1] INFO  ratis.ContainerStateMachine (ContainerStateMachine.java:loadSnapshot(226)) - group-8AA392D4BC08: The snapshot info is null. Setting the last applied indexto:(t:0, i:~)
2019-08-21 03:08:33,283 [pool-148-thread-1] INFO  server.RaftServerConfigKeys (ConfUtils.java:logGet(43)) - raft.server.leader.election.timeout = 120s (custom)
2019-08-21 03:08:33,283 [pool-148-thread-1] INFO  server.RaftServerConfigKeys (ConfUtils.java:logGet(43)) - raft.server.log.use.memory = false (default)
2019-08-21 03:08:33,283 [pool-170-thread-1] INFO  ratis.ContainerStateMachine (ContainerStateMachine.java:loadSnapshot(226)) - group-9E930A021B0A: The snapshot info is null. Setting the last applied indexto:(t:0, i:~)
2019-08-21 03:08:33,283 [pool-148-thread-1] INFO  server.RaftServerConfigKeys (ConfUtils.java:logGet(43)) - raft.server.log.purge.gap = 1000000 (custom)
2019-08-21 03:08:33,283 [pool-159-thread-1] INFO  ratis.ContainerStateMachine (ContainerStateMachine.java:loadSnapshot(226)) - group-6AEE6D77989A: The snapshot info is null. Setting the last applied indexto:(t:0, i:~)
2019-08-21 03:08:33,283 [pool-170-thread-1] INFO  server.RaftServerConfigKeys (ConfUtils.java:logGet(43)) - raft.server.leader.election.timeout = 120s (custom)
2019-08-21 03:08:33,284 [pool-159-thread-1] INFO  server.RaftServerConfigKeys (ConfUtils.java:logGet(43)) - raft.server.leader.election.timeout = 120s (custom)
2019-08-21 03:08:33,283 [pool-148-thread-1] INFO  server.RaftServerConfigKeys (ConfUtils.java:logGet(43)) - raft.server.log.appender.buffer.byte-limit = 33554432 (custom)
2019-08-21 03:08:33,284 [pool-159-thread-1] INFO  server.RaftServerConfigKeys (ConfUtils.java:logGet(43)) - raft.server.log.use.memory = false (default)
2019-08-21 03:08:33,284 [pool-170-thread-1] INFO  server.RaftServerConfigKeys (ConfUtils.java:logGet(43)) - raft.server.log.use.memory = false (default)
2019-08-21 03:08:33,284 [pool-159-thread-1] INFO  server.RaftServerConfigKeys (ConfUtils.java:logGet(43)) - raft.server.log.purge.gap = 1000000 (custom)
2019-08-21 03:08:33,284 [pool-148-thread-1] INFO  server.RaftServerConfigKeys (ConfUtils.java:logGet(43)) - raft.server.log.segment.size.max = 1048576 (custom)
2019-08-21 03:08:33,284 [pool-159-thread-1] INFO  server.RaftServerConfigKeys (ConfUtils.java:logGet(43)) - raft.server.log.appender.buffer.byte-limit = 33554432 (custom)
2019-08-21 03:08:33,284 [pool-170-thread-1] INFO  server.RaftServerConfigKeys (ConfUtils.java:logGet(43)) - raft.server.log.purge.gap = 1000000 (custom)
2019-08-21 03:08:33,285 [pool-159-thread-1] INFO  server.RaftServerConfigKeys (ConfUtils.java:logGet(43)) - raft.server.log.segment.size.max = 1048576 (custom)
2019-08-21 03:08:33,285 [pool-148-thread-1] INFO  server.RaftServerConfigKeys (ConfUtils.java:logGet(43)) - raft.server.log.segment.cache.num.max = 2 (custom)
2019-08-21 03:08:33,285 [pool-159-thread-1] INFO  server.RaftServerConfigKeys (ConfUtils.java:logGet(43)) - raft.server.log.segment.cache.num.max = 2 (custom)
2019-08-21 03:08:33,285 [pool-170-thread-1] INFO  server.RaftServerConfigKeys (ConfUtils.java:logGet(43)) - raft.server.log.appender.buffer.byte-limit = 33554432 (custom)
2019-08-21 03:08:33,285 [pool-159-thread-1] INFO  segmented.SegmentedRaftLogWorker (SegmentedRaftLogWorker.java:<init>(172)) - new deffb78e-0f7f-4e6c-8f29-96a42428adf0-SegmentedRaftLogWorker:Storage Directory /workdir/hadoop-ozone/integration-test/target/test-dir/MiniOzoneClusterImpl-440523b1-d1bf-45a3-9b99-cb19fdde5e9b/datanode-1/data/ratis/f4627039-2ff2-42c9-ba0c-6aee6d77989a for RaftStorage:Storage Directory /workdir/hadoop-ozone/integration-test/target/test-dir/MiniOzoneClusterImpl-440523b1-d1bf-45a3-9b99-cb19fdde5e9b/datanode-1/data/ratis/f4627039-2ff2-42c9-ba0c-6aee6d77989a
2019-08-21 03:08:33,285 [pool-148-thread-1] INFO  segmented.SegmentedRaftLogWorker (SegmentedRaftLogWorker.java:<init>(172)) - new afa424f4-ff41-4877-ad11-a15f16e37855-SegmentedRaftLogWorker:Storage Directory /workdir/hadoop-ozone/integration-test/target/test-dir/MiniOzoneClusterImpl-440523b1-d1bf-45a3-9b99-cb19fdde5e9b/datanode-0/data/ratis/023eca78-6422-44c0-9ed0-8aa392d4bc08 for RaftStorage:Storage Directory /workdir/hadoop-ozone/integration-test/target/test-dir/MiniOzoneClusterImpl-440523b1-d1bf-45a3-9b99-cb19fdde5e9b/datanode-0/data/ratis/023eca78-6422-44c0-9ed0-8aa392d4bc08
2019-08-21 03:08:33,286 [pool-159-thread-1] INFO  server.RaftServerConfigKeys (ConfUtils.java:logGet(43)) - raft.server.log.queue.byte-limit = 2147483647 (custom)
2019-08-21 03:08:33,286 [pool-170-thread-1] INFO  server.RaftServerConfigKeys (ConfUtils.java:logGet(43)) - raft.server.log.segment.size.max = 1048576 (custom)
2019-08-21 03:08:33,286 [pool-159-thread-1] INFO  server.RaftServerConfigKeys (ConfUtils.java:logGet(43)) - raft.server.log.queue.element-limit = 1024 (custom)
2019-08-21 03:08:33,286 [pool-148-thread-1] INFO  server.RaftServerConfigKeys (ConfUtils.java:logGet(43)) - raft.server.log.queue.byte-limit = 2147483647 (custom)
2019-08-21 03:08:33,287 [pool-159-thread-1] INFO  server.RaftServerConfigKeys (ConfUtils.java:logGet(43)) - raft.server.log.segment.size.max = 1048576 (custom)
2019-08-21 03:08:33,286 [pool-170-thread-1] INFO  server.RaftServerConfigKeys (ConfUtils.java:logGet(43)) - raft.server.log.segment.cache.num.max = 2 (custom)
2019-08-21 03:08:33,287 [pool-159-thread-1] INFO  server.RaftServerConfigKeys (ConfUtils.java:logGet(43)) - raft.server.log.preallocated.size = 16384 (custom)
2019-08-21 03:08:33,287 [pool-148-thread-1] INFO  server.RaftServerConfigKeys (ConfUtils.java:logGet(43)) - raft.server.log.queue.element-limit = 1024 (custom)
2019-08-21 03:08:33,287 [pool-159-thread-1] INFO  server.RaftServerConfigKeys (ConfUtils.java:logGet(43)) - raft.server.log.write.buffer.size = 33554432 (custom)
2019-08-21 03:08:33,287 [pool-170-thread-1] INFO  segmented.SegmentedRaftLogWorker (SegmentedRaftLogWorker.java:<init>(172)) - new 3b3fe35e-bec2-454a-8b04-4cf0fdd2f767-SegmentedRaftLogWorker:Storage Directory /workdir/hadoop-ozone/integration-test/target/test-dir/MiniOzoneClusterImpl-440523b1-d1bf-45a3-9b99-cb19fdde5e9b/datanode-2/data/ratis/d48c85b3-3ff6-4c2f-a799-9e930a021b0a for RaftStorage:Storage Directory /workdir/hadoop-ozone/integration-test/target/test-dir/MiniOzoneClusterImpl-440523b1-d1bf-45a3-9b99-cb19fdde5e9b/datanode-2/data/ratis/d48c85b3-3ff6-4c2f-a799-9e930a021b0a
2019-08-21 03:08:33,287 [pool-159-thread-1] INFO  server.RaftServerConfigKeys (ConfUtils.java:logGet(43)) - raft.server.log.force.sync.num = 128 (default)
2019-08-21 03:08:33,287 [pool-148-thread-1] INFO  server.RaftServerConfigKeys (ConfUtils.java:logGet(43)) - raft.server.log.segment.size.max = 1048576 (custom)
2019-08-21 03:08:33,288 [pool-159-thread-1] INFO  server.RaftServerConfigKeys (ConfUtils.java:logGet(43)) - raft.server.log.statemachine.data.sync = true (default)
2019-08-21 03:08:33,288 [pool-170-thread-1] INFO  server.RaftServerConfigKeys (ConfUtils.java:logGet(43)) - raft.server.log.queue.byte-limit = 2147483647 (custom)
2019-08-21 03:08:33,288 [pool-159-thread-1] INFO  server.RaftServerConfigKeys (ConfUtils.java:logGet(43)) - raft.server.log.statemachine.data.sync.timeout = 10s (default)
2019-08-21 03:08:33,288 [pool-148-thread-1] INFO  server.RaftServerConfigKeys (ConfUtils.java:logGet(43)) - raft.server.log.preallocated.size = 16384 (custom)
2019-08-21 03:08:33,288 [pool-159-thread-1] INFO  server.RaftServerConfigKeys (ConfUtils.java:logGet(43)) - raft.server.log.statemachine.data.sync.timeout.retry = -1 (default)
2019-08-21 03:08:33,288 [pool-170-thread-1] INFO  server.RaftServerConfigKeys (ConfUtils.java:logGet(43)) - raft.server.log.queue.element-limit = 1024 (custom)
2019-08-21 03:08:33,289 [pool-159-thread-1] INFO  server.RaftServerConfigKeys (ConfUtils.java:logGet(43)) - raft.server.log.statemachine.data.caching.enabled = true (custom)
2019-08-21 03:08:33,289 [pool-148-thread-1] INFO  server.RaftServerConfigKeys (ConfUtils.java:logGet(43)) - raft.server.log.write.buffer.size = 33554432 (custom)
2019-08-21 03:08:33,289 [pool-170-thread-1] INFO  server.RaftServerConfigKeys (ConfUtils.java:logGet(43)) - raft.server.log.segment.size.max = 1048576 (custom)
2019-08-21 03:08:33,289 [pool-148-thread-1] INFO  server.RaftServerConfigKeys (ConfUtils.java:logGet(43)) - raft.server.log.force.sync.num = 128 (default)
2019-08-21 03:08:33,289 [pool-170-thread-1] INFO  server.RaftServerConfigKeys (ConfUtils.java:logGet(43)) - raft.server.log.preallocated.size = 16384 (custom)
2019-08-21 03:08:33,289 [pool-148-thread-1] INFO  server.RaftServerConfigKeys (ConfUtils.java:logGet(43)) - raft.server.log.statemachine.data.sync = true (default)
2019-08-21 03:08:33,290 [pool-170-thread-1] INFO  server.RaftServerConfigKeys (ConfUtils.java:logGet(43)) - raft.server.log.write.buffer.size = 33554432 (custom)
2019-08-21 03:08:33,290 [pool-148-thread-1] INFO  server.RaftServerConfigKeys (ConfUtils.java:logGet(43)) - raft.server.log.statemachine.data.sync.timeout = 10s (default)
2019-08-21 03:08:33,290 [pool-170-thread-1] INFO  server.RaftServerConfigKeys (ConfUtils.java:logGet(43)) - raft.server.log.force.sync.num = 128 (default)
2019-08-21 03:08:33,290 [pool-159-thread-1] INFO  impl.RaftServerImpl (ServerState.java:setRaftConf(361)) - deffb78e-0f7f-4e6c-8f29-96a42428adf0:group-6AEE6D77989A set configuration 0: [deffb78e-0f7f-4e6c-8f29-96a42428adf0:192.168.69.79:40497], old=null at 0
2019-08-21 03:08:33,290 [pool-170-thread-1] INFO  server.RaftServerConfigKeys (ConfUtils.java:logGet(43)) - raft.server.log.statemachine.data.sync = true (default)
2019-08-21 03:08:33,290 [pool-148-thread-1] INFO  server.RaftServerConfigKeys (ConfUtils.java:logGet(43)) - raft.server.log.statemachine.data.sync.timeout.retry = -1 (default)
2019-08-21 03:08:33,291 [pool-170-thread-1] INFO  server.RaftServerConfigKeys (ConfUtils.java:logGet(43)) - raft.server.log.statemachine.data.sync.timeout = 10s (default)
2019-08-21 03:08:33,290 [pool-159-thread-1] INFO  segmented.LogSegment (LogSegment.java:loadSegment(145)) - Successfully read 1 entries from segment file /workdir/hadoop-ozone/integration-test/target/test-dir/MiniOzoneClusterImpl-440523b1-d1bf-45a3-9b99-cb19fdde5e9b/datanode-1/data/ratis/f4627039-2ff2-42c9-ba0c-6aee6d77989a/current/log_inprogress_0
2019-08-21 03:08:33,291 [pool-170-thread-1] INFO  server.RaftServerConfigKeys (ConfUtils.java:logGet(43)) - raft.server.log.statemachine.data.sync.timeout.retry = -1 (default)
2019-08-21 03:08:33,291 [pool-148-thread-1] INFO  server.RaftServerConfigKeys (ConfUtils.java:logGet(43)) - raft.server.log.statemachine.data.caching.enabled = true (custom)
2019-08-21 03:08:33,291 [pool-170-thread-1] INFO  server.RaftServerConfigKeys (ConfUtils.java:logGet(43)) - raft.server.log.statemachine.data.caching.enabled = true (custom)
2019-08-21 03:08:33,291 [pool-159-thread-1] INFO  segmented.SegmentedRaftLogWorker (SegmentedRaftLogWorker.java:lambda$new$0(132)) - deffb78e-0f7f-4e6c-8f29-96a42428adf0-SegmentedRaftLogWorker:Storage Directory /workdir/hadoop-ozone/integration-test/target/test-dir/MiniOzoneClusterImpl-440523b1-d1bf-45a3-9b99-cb19fdde5e9b/datanode-1/data/ratis/f4627039-2ff2-42c9-ba0c-6aee6d77989a: flushIndex: setUnconditionally 0 -> 0
2019-08-21 03:08:33,292 [pool-148-thread-1] INFO  impl.RaftServerImpl (ServerState.java:setRaftConf(361)) - afa424f4-ff41-4877-ad11-a15f16e37855:group-8AA392D4BC08 set configuration 0: [afa424f4-ff41-4877-ad11-a15f16e37855:192.168.69.79:39673], old=null at 0
2019-08-21 03:08:33,292 [pool-148-thread-1] INFO  segmented.LogSegment (LogSegment.java:loadSegment(145)) - Successfully read 1 entries from segment file /workdir/hadoop-ozone/integration-test/target/test-dir/MiniOzoneClusterImpl-440523b1-d1bf-45a3-9b99-cb19fdde5e9b/datanode-0/data/ratis/023eca78-6422-44c0-9ed0-8aa392d4bc08/current/log_inprogress_0
2019-08-21 03:08:33,292 [pool-170-thread-1] INFO  impl.RaftServerImpl (ServerState.java:setRaftConf(361)) - 3b3fe35e-bec2-454a-8b04-4cf0fdd2f767:group-9E930A021B0A set configuration 0: [3b3fe35e-bec2-454a-8b04-4cf0fdd2f767:192.168.69.79:32992], old=null at 0
2019-08-21 03:08:33,292 [pool-148-thread-1] INFO  segmented.SegmentedRaftLogWorker (SegmentedRaftLogWorker.java:lambda$new$0(132)) - afa424f4-ff41-4877-ad11-a15f16e37855-SegmentedRaftLogWorker:Storage Directory /workdir/hadoop-ozone/integration-test/target/test-dir/MiniOzoneClusterImpl-440523b1-d1bf-45a3-9b99-cb19fdde5e9b/datanode-0/data/ratis/023eca78-6422-44c0-9ed0-8aa392d4bc08: flushIndex: setUnconditionally 0 -> 0
2019-08-21 03:08:33,292 [pool-170-thread-1] INFO  segmented.LogSegment (LogSegment.java:loadSegment(145)) - Successfully read 1 entries from segment file /workdir/hadoop-ozone/integration-test/target/test-dir/MiniOzoneClusterImpl-440523b1-d1bf-45a3-9b99-cb19fdde5e9b/datanode-2/data/ratis/d48c85b3-3ff6-4c2f-a799-9e930a021b0a/current/log_inprogress_0
2019-08-21 03:08:33,293 [pool-170-thread-1] INFO  segmented.SegmentedRaftLogWorker (SegmentedRaftLogWorker.java:lambda$new$0(132)) - 3b3fe35e-bec2-454a-8b04-4cf0fdd2f767-SegmentedRaftLogWorker:Storage Directory /workdir/hadoop-ozone/integration-test/target/test-dir/MiniOzoneClusterImpl-440523b1-d1bf-45a3-9b99-cb19fdde5e9b/datanode-2/data/ratis/d48c85b3-3ff6-4c2f-a799-9e930a021b0a: flushIndex: setUnconditionally 0 -> 0
2019-08-21 03:08:33,319 [pool-148-thread-1] INFO  server.RaftServerConfigKeys (ConfUtils.java:logGet(43)) - raft.server.snapshot.auto.trigger.enabled = true (custom)
2019-08-21 03:08:33,319 [pool-148-thread-1] INFO  server.RaftServerConfigKeys (ConfUtils.java:logGet(43)) - raft.server.snapshot.auto.trigger.threshold = 10000 (custom)
2019-08-21 03:08:33,319 [pool-148-thread-1] INFO  server.RaftServerConfigKeys (ConfUtils.java:logGet(43)) - raft.server.retrycache.expirytime = 600000ms (custom)
2019-08-21 03:08:33,329 [pool-159-thread-1] INFO  server.RaftServerConfigKeys (ConfUtils.java:logGet(43)) - raft.server.snapshot.auto.trigger.enabled = true (custom)
2019-08-21 03:08:33,329 [pool-159-thread-1] INFO  server.RaftServerConfigKeys (ConfUtils.java:logGet(43)) - raft.server.snapshot.auto.trigger.threshold = 10000 (custom)
2019-08-21 03:08:33,329 [pool-159-thread-1] INFO  server.RaftServerConfigKeys (ConfUtils.java:logGet(43)) - raft.server.retrycache.expirytime = 600000ms (custom)
2019-08-21 03:08:33,331 [pool-170-thread-1] INFO  server.RaftServerConfigKeys (ConfUtils.java:logGet(43)) - raft.server.snapshot.auto.trigger.enabled = true (custom)
2019-08-21 03:08:33,331 [pool-170-thread-1] INFO  server.RaftServerConfigKeys (ConfUtils.java:logGet(43)) - raft.server.snapshot.auto.trigger.threshold = 10000 (custom)
2019-08-21 03:08:33,331 [pool-170-thread-1] INFO  server.RaftServerConfigKeys (ConfUtils.java:logGet(43)) - raft.server.retrycache.expirytime = 600000ms (custom)
2019-08-21 03:08:34,494 | INFO  | SCMAudit | user=jenkins1000 | ip=192.168.69.79 | op=GET_VERSION null | ret=SUCCESS |  
2019-08-21 03:08:34,495 [Datanode State Machine Thread - 0] INFO  ozoneimpl.OzoneContainer (OzoneContainer.java:start(186)) - Attempting to start container services.
2019-08-21 03:08:34,496 [Datanode State Machine Thread - 0] INFO  ozoneimpl.OzoneContainer (OzoneContainer.java:startContainerScrub(160)) - Background container scrubber has been disabled by hdds.containerscrub.enabled
2019-08-21 03:08:34,496 [Datanode State Machine Thread - 0] INFO  ratis.XceiverServerRatis (XceiverServerRatis.java:start(404)) - Starting XceiverServerRatis afa424f4-ff41-4877-ad11-a15f16e37855 at port 39673
2019-08-21 03:08:34,503 [Datanode State Machine Thread - 0] INFO  impl.RaftServerImpl (RaftServerImpl.java:start(180)) - afa424f4-ff41-4877-ad11-a15f16e37855: start group-34A254BE9BCF
2019-08-21 03:08:34,503 [ForkJoinPool.commonPool-worker-0] INFO  impl.RaftServerImpl (RaftServerImpl.java:start(180)) - afa424f4-ff41-4877-ad11-a15f16e37855: start group-8AA392D4BC08
2019-08-21 03:08:34,504 [Datanode State Machine Thread - 0] INFO  impl.RaftServerImpl (RaftServerImpl.java:setRole(171)) - afa424f4-ff41-4877-ad11-a15f16e37855:group-34A254BE9BCF changes role from null to FOLLOWER at term 1 for startAsFollower
2019-08-21 03:08:34,506 [ForkJoinPool.commonPool-worker-0] INFO  impl.RaftServerImpl (RaftServerImpl.java:setRole(171)) - afa424f4-ff41-4877-ad11-a15f16e37855:group-8AA392D4BC08 changes role from null to FOLLOWER at term 1 for startAsFollower
2019-08-21 03:08:34,506 [Datanode State Machine Thread - 0] INFO  impl.RoleInfo (RoleInfo.java:updateAndGet(143)) - afa424f4-ff41-4877-ad11-a15f16e37855: start FollowerState
2019-08-21 03:08:34,506 [ForkJoinPool.commonPool-worker-0] INFO  impl.RoleInfo (RoleInfo.java:updateAndGet(143)) - afa424f4-ff41-4877-ad11-a15f16e37855: start FollowerState
2019-08-21 03:08:34,507 [ForkJoinPool.commonPool-worker-0] INFO  util.JmxRegister (JmxRegister.java:tryRegister(44)) - Successfully registered JMX Bean with object name Ratis:service=RaftServer,group=group-8AA392D4BC08,id=afa424f4-ff41-4877-ad11-a15f16e37855
2019-08-21 03:08:34,507 [Datanode State Machine Thread - 0] INFO  util.JmxRegister (JmxRegister.java:tryRegister(44)) - Successfully registered JMX Bean with object name Ratis:service=RaftServer,group=group-34A254BE9BCF,id=afa424f4-ff41-4877-ad11-a15f16e37855
2019-08-21 03:08:34,509 [Datanode State Machine Thread - 0] INFO  impl.RaftServerProxy (RaftServerProxy.java:lambda$start$3(299)) - afa424f4-ff41-4877-ad11-a15f16e37855: start RPC server
2019-08-21 03:08:34,512 [Datanode State Machine Thread - 0] INFO  server.GrpcService (GrpcService.java:startImpl(149)) - afa424f4-ff41-4877-ad11-a15f16e37855: GrpcService started, listening on 0.0.0.0/0.0.0.0:39673
2019-08-21 03:08:34,671 | INFO  | SCMAudit | user=jenkins1000 | ip=192.168.69.79 | op=GET_VERSION null | ret=SUCCESS |  
2019-08-21 03:08:34,672 [Datanode State Machine Thread - 0] INFO  ozoneimpl.OzoneContainer (OzoneContainer.java:start(186)) - Attempting to start container services.
2019-08-21 03:08:34,672 [Datanode State Machine Thread - 0] INFO  ozoneimpl.OzoneContainer (OzoneContainer.java:startContainerScrub(160)) - Background container scrubber has been disabled by hdds.containerscrub.enabled
2019-08-21 03:08:34,672 [Datanode State Machine Thread - 0] INFO  ratis.XceiverServerRatis (XceiverServerRatis.java:start(404)) - Starting XceiverServerRatis deffb78e-0f7f-4e6c-8f29-96a42428adf0 at port 40497
2019-08-21 03:08:34,678 [Datanode State Machine Thread - 0] INFO  impl.RaftServerImpl (RaftServerImpl.java:start(180)) - deffb78e-0f7f-4e6c-8f29-96a42428adf0: start group-6AEE6D77989A
2019-08-21 03:08:34,678 [ForkJoinPool.commonPool-worker-0] INFO  impl.RaftServerImpl (RaftServerImpl.java:start(180)) - deffb78e-0f7f-4e6c-8f29-96a42428adf0: start group-34A254BE9BCF
2019-08-21 03:08:34,679 [Datanode State Machine Thread - 0] INFO  impl.RaftServerImpl (RaftServerImpl.java:setRole(171)) - deffb78e-0f7f-4e6c-8f29-96a42428adf0:group-6AEE6D77989A changes role from null to FOLLOWER at term 1 for startAsFollower
2019-08-21 03:08:34,680 [ForkJoinPool.commonPool-worker-0] INFO  impl.RaftServerImpl (RaftServerImpl.java:setRole(171)) - deffb78e-0f7f-4e6c-8f29-96a42428adf0:group-34A254BE9BCF changes role from null to FOLLOWER at term 1 for startAsFollower
2019-08-21 03:08:34,680 [Datanode State Machine Thread - 0] INFO  impl.RoleInfo (RoleInfo.java:updateAndGet(143)) - deffb78e-0f7f-4e6c-8f29-96a42428adf0: start FollowerState
2019-08-21 03:08:34,680 [ForkJoinPool.commonPool-worker-0] INFO  impl.RoleInfo (RoleInfo.java:updateAndGet(143)) - deffb78e-0f7f-4e6c-8f29-96a42428adf0: start FollowerState
2019-08-21 03:08:34,681 [Datanode State Machine Thread - 0] INFO  util.JmxRegister (JmxRegister.java:tryRegister(44)) - Successfully registered JMX Bean with object name Ratis:service=RaftServer,group=group-6AEE6D77989A,id=deffb78e-0f7f-4e6c-8f29-96a42428adf0
2019-08-21 03:08:34,681 [ForkJoinPool.commonPool-worker-0] INFO  util.JmxRegister (JmxRegister.java:tryRegister(44)) - Successfully registered JMX Bean with object name Ratis:service=RaftServer,group=group-34A254BE9BCF,id=deffb78e-0f7f-4e6c-8f29-96a42428adf0
2019-08-21 03:08:34,683 [Datanode State Machine Thread - 0] INFO  impl.RaftServerProxy (RaftServerProxy.java:lambda$start$3(299)) - deffb78e-0f7f-4e6c-8f29-96a42428adf0: start RPC server
2019-08-21 03:08:34,684 [Datanode State Machine Thread - 0] INFO  server.GrpcService (GrpcService.java:startImpl(149)) - deffb78e-0f7f-4e6c-8f29-96a42428adf0: GrpcService started, listening on 0.0.0.0/0.0.0.0:40497
2019-08-21 03:08:35,045 | INFO  | SCMAudit | user=jenkins1000 | ip=192.168.69.79 | op=GET_VERSION null | ret=SUCCESS |  
2019-08-21 03:08:35,046 [Datanode State Machine Thread - 0] INFO  ozoneimpl.OzoneContainer (OzoneContainer.java:start(186)) - Attempting to start container services.
2019-08-21 03:08:35,046 [Datanode State Machine Thread - 0] INFO  ozoneimpl.OzoneContainer (OzoneContainer.java:startContainerScrub(160)) - Background container scrubber has been disabled by hdds.containerscrub.enabled
2019-08-21 03:08:35,046 [Datanode State Machine Thread - 0] INFO  ratis.XceiverServerRatis (XceiverServerRatis.java:start(404)) - Starting XceiverServerRatis 3b3fe35e-bec2-454a-8b04-4cf0fdd2f767 at port 32992
2019-08-21 03:08:35,051 [Datanode State Machine Thread - 0] INFO  impl.RaftServerImpl (RaftServerImpl.java:start(180)) - 3b3fe35e-bec2-454a-8b04-4cf0fdd2f767: start group-34A254BE9BCF
2019-08-21 03:08:35,051 [ForkJoinPool.commonPool-worker-0] INFO  impl.RaftServerImpl (RaftServerImpl.java:start(180)) - 3b3fe35e-bec2-454a-8b04-4cf0fdd2f767: start group-9E930A021B0A
2019-08-21 03:08:35,052 [Datanode State Machine Thread - 0] INFO  impl.RaftServerImpl (RaftServerImpl.java:setRole(171)) - 3b3fe35e-bec2-454a-8b04-4cf0fdd2f767:group-34A254BE9BCF changes role from null to FOLLOWER at term 2 for startAsFollower
2019-08-21 03:08:35,053 [ForkJoinPool.commonPool-worker-0] INFO  impl.RaftServerImpl (RaftServerImpl.java:setRole(171)) - 3b3fe35e-bec2-454a-8b04-4cf0fdd2f767:group-9E930A021B0A changes role from null to FOLLOWER at term 1 for startAsFollower
2019-08-21 03:08:35,054 [Datanode State Machine Thread - 0] INFO  impl.RoleInfo (RoleInfo.java:updateAndGet(143)) - 3b3fe35e-bec2-454a-8b04-4cf0fdd2f767: start FollowerState
2019-08-21 03:08:35,054 [ForkJoinPool.commonPool-worker-0] INFO  impl.RoleInfo (RoleInfo.java:updateAndGet(143)) - 3b3fe35e-bec2-454a-8b04-4cf0fdd2f767: start FollowerState
2019-08-21 03:08:35,054 [ForkJoinPool.commonPool-worker-0] INFO  util.JmxRegister (JmxRegister.java:tryRegister(44)) - Successfully registered JMX Bean with object name Ratis:service=RaftServer,group=group-9E930A021B0A,id=3b3fe35e-bec2-454a-8b04-4cf0fdd2f767
2019-08-21 03:08:35,054 [Datanode State Machine Thread - 0] INFO  util.JmxRegister (JmxRegister.java:tryRegister(44)) - Successfully registered JMX Bean with object name Ratis:service=RaftServer,group=group-34A254BE9BCF,id=3b3fe35e-bec2-454a-8b04-4cf0fdd2f767
2019-08-21 03:08:35,056 [Datanode State Machine Thread - 0] INFO  impl.RaftServerProxy (RaftServerProxy.java:lambda$start$3(299)) - 3b3fe35e-bec2-454a-8b04-4cf0fdd2f767: start RPC server
2019-08-21 03:08:35,058 [Datanode State Machine Thread - 0] INFO  server.GrpcService (GrpcService.java:startImpl(149)) - 3b3fe35e-bec2-454a-8b04-4cf0fdd2f767: GrpcService started, listening on 0.0.0.0/0.0.0.0:32992
2019-08-21 03:08:36,501 | INFO  | SCMAudit | user=jenkins1000 | ip=192.168.69.79 | op=REGISTER {datanodeDetails=afa424f4-ff41-4877-ad11-a15f16e37855{ip: 192.168.69.79, host: pr-hdds-1927-xpkkb-2804094098, networkLocation: /default-rack, certSerialId: null}} | ret=SUCCESS |  
2019-08-21 03:08:36,516 [grpc-default-executor-0] INFO  impl.RaftServerProxy (RaftServerProxy.java:remove(95)) - afa424f4-ff41-4877-ad11-a15f16e37855: remove FOLLOWER group-34A254BE9BCF afa424f4-ff41-4877-ad11-a15f16e37855:t1, leader=null, voted=afa424f4-ff41-4877-ad11-a15f16e37855, raftlog=afa424f4-ff41-4877-ad11-a15f16e37855-SegmentedRaftLog:OPENED:c-1,f0,i0, conf=0: [deffb78e-0f7f-4e6c-8f29-96a42428adf0:192.168.69.79:40497, afa424f4-ff41-4877-ad11-a15f16e37855:192.168.69.79:39673, 3b3fe35e-bec2-454a-8b04-4cf0fdd2f767:192.168.69.79:32992], old=null RUNNING
2019-08-21 03:08:36,517 [grpc-default-executor-0] INFO  impl.RaftServerImpl (RaftServerImpl.java:lambda$shutdown$3(245)) - afa424f4-ff41-4877-ad11-a15f16e37855: shutdown group-34A254BE9BCF
2019-08-21 03:08:36,517 [grpc-default-executor-0] INFO  util.JmxRegister (JmxRegister.java:unregister(73)) - Successfully un-registered JMX Bean with object name Ratis:service=RaftServer,group=group-34A254BE9BCF,id=afa424f4-ff41-4877-ad11-a15f16e37855
2019-08-21 03:08:36,517 [grpc-default-executor-0] INFO  impl.RoleInfo (RoleInfo.java:shutdownFollowerState(121)) - afa424f4-ff41-4877-ad11-a15f16e37855: shutdown FollowerState
2019-08-21 03:08:36,517 [grpc-default-executor-0] INFO  impl.StateMachineUpdater (StateMachineUpdater.java:stopAndJoin(115)) - StateMachineUpdater:afa424f4-ff41-4877-ad11-a15f16e37855:group-34A254BE9BCF: set stopIndex = -1
2019-08-21 03:08:36,518 [Thread-588] INFO  impl.FollowerState (FollowerState.java:run(114)) - afa424f4-ff41-4877-ad11-a15f16e37855: FollowerState was interrupted: java.lang.InterruptedException: sleep interrupted
2019-08-21 03:08:36,518 [grpc-default-executor-0] INFO  impl.RaftServerImpl (ServerState.java:close(394)) - afa424f4-ff41-4877-ad11-a15f16e37855:group-34A254BE9BCF closes. The last applied log index is -1
2019-08-21 03:08:36,519 [afa424f4-ff41-4877-ad11-a15f16e37855-SegmentedRaftLogWorker:Storage Directory /workdir/hadoop-ozone/integration-test/target/test-dir/MiniOzoneClusterImpl-440523b1-d1bf-45a3-9b99-cb19fdde5e9b/datanode-0/data/ratis/7726494f-6e11-4d87-9031-34a254be9bcf] INFO  segmented.SegmentedRaftLogWorker (SegmentedRaftLogWorker.java:run(313)) - afa424f4-ff41-4877-ad11-a15f16e37855-SegmentedRaftLogWorker:Storage Directory /workdir/hadoop-ozone/integration-test/target/test-dir/MiniOzoneClusterImpl-440523b1-d1bf-45a3-9b99-cb19fdde5e9b/datanode-0/data/ratis/7726494f-6e11-4d87-9031-34a254be9bcf was interrupted, exiting. There are 0 tasks remaining in the queue.
2019-08-21 03:08:36,521 [grpc-default-executor-0] INFO  segmented.SegmentedRaftLogWorker (SegmentedRaftLogWorker.java:close(228)) - afa424f4-ff41-4877-ad11-a15f16e37855-SegmentedRaftLogWorker:Storage Directory /workdir/hadoop-ozone/integration-test/target/test-dir/MiniOzoneClusterImpl-440523b1-d1bf-45a3-9b99-cb19fdde5e9b/datanode-0/data/ratis/7726494f-6e11-4d87-9031-34a254be9bcf close()
2019-08-21 03:08:36,672 | INFO  | SCMAudit | user=jenkins1000 | ip=192.168.69.79 | op=REGISTER {datanodeDetails=deffb78e-0f7f-4e6c-8f29-96a42428adf0{ip: 192.168.69.79, host: pr-hdds-1927-xpkkb-2804094098, networkLocation: /default-rack, certSerialId: null}} | ret=SUCCESS |  
2019-08-21 03:08:36,683 [grpc-default-executor-0] INFO  impl.RaftServerProxy (RaftServerProxy.java:remove(95)) - deffb78e-0f7f-4e6c-8f29-96a42428adf0: remove FOLLOWER group-34A254BE9BCF deffb78e-0f7f-4e6c-8f29-96a42428adf0:t1, leader=null, voted=afa424f4-ff41-4877-ad11-a15f16e37855, raftlog=deffb78e-0f7f-4e6c-8f29-96a42428adf0-SegmentedRaftLog:OPENED:c-1,f0,i0, conf=0: [deffb78e-0f7f-4e6c-8f29-96a42428adf0:192.168.69.79:40497, afa424f4-ff41-4877-ad11-a15f16e37855:192.168.69.79:39673, 3b3fe35e-bec2-454a-8b04-4cf0fdd2f767:192.168.69.79:32992], old=null RUNNING
2019-08-21 03:08:36,683 [grpc-default-executor-0] INFO  impl.RaftServerImpl (RaftServerImpl.java:lambda$shutdown$3(245)) - deffb78e-0f7f-4e6c-8f29-96a42428adf0: shutdown group-34A254BE9BCF
2019-08-21 03:08:36,683 [grpc-default-executor-0] INFO  util.JmxRegister (JmxRegister.java:unregister(73)) - Successfully un-registered JMX Bean with object name Ratis:service=RaftServer,group=group-34A254BE9BCF,id=deffb78e-0f7f-4e6c-8f29-96a42428adf0
2019-08-21 03:08:36,684 [grpc-default-executor-0] INFO  impl.RoleInfo (RoleInfo.java:shutdownFollowerState(121)) - deffb78e-0f7f-4e6c-8f29-96a42428adf0: shutdown FollowerState
2019-08-21 03:08:36,684 [grpc-default-executor-0] INFO  impl.StateMachineUpdater (StateMachineUpdater.java:stopAndJoin(115)) - StateMachineUpdater:deffb78e-0f7f-4e6c-8f29-96a42428adf0:group-34A254BE9BCF: set stopIndex = -1
2019-08-21 03:08:36,684 [Thread-591] INFO  impl.FollowerState (FollowerState.java:run(114)) - deffb78e-0f7f-4e6c-8f29-96a42428adf0: FollowerState was interrupted: java.lang.InterruptedException: sleep interrupted
2019-08-21 03:08:36,684 [grpc-default-executor-0] INFO  impl.RaftServerImpl (ServerState.java:close(394)) - deffb78e-0f7f-4e6c-8f29-96a42428adf0:group-34A254BE9BCF closes. The last applied log index is -1
2019-08-21 03:08:36,686 [deffb78e-0f7f-4e6c-8f29-96a42428adf0-SegmentedRaftLogWorker:Storage Directory /workdir/hadoop-ozone/integration-test/target/test-dir/MiniOzoneClusterImpl-440523b1-d1bf-45a3-9b99-cb19fdde5e9b/datanode-1/data/ratis/7726494f-6e11-4d87-9031-34a254be9bcf] INFO  segmented.SegmentedRaftLogWorker (SegmentedRaftLogWorker.java:run(313)) - deffb78e-0f7f-4e6c-8f29-96a42428adf0-SegmentedRaftLogWorker:Storage Directory /workdir/hadoop-ozone/integration-test/target/test-dir/MiniOzoneClusterImpl-440523b1-d1bf-45a3-9b99-cb19fdde5e9b/datanode-1/data/ratis/7726494f-6e11-4d87-9031-34a254be9bcf was interrupted, exiting. There are 0 tasks remaining in the queue.
2019-08-21 03:08:36,688 [grpc-default-executor-0] INFO  segmented.SegmentedRaftLogWorker (SegmentedRaftLogWorker.java:close(228)) - deffb78e-0f7f-4e6c-8f29-96a42428adf0-SegmentedRaftLogWorker:Storage Directory /workdir/hadoop-ozone/integration-test/target/test-dir/MiniOzoneClusterImpl-440523b1-d1bf-45a3-9b99-cb19fdde5e9b/datanode-1/data/ratis/7726494f-6e11-4d87-9031-34a254be9bcf close()
2019-08-21 03:08:37,047 | INFO  | SCMAudit | user=jenkins1000 | ip=192.168.69.79 | op=REGISTER {datanodeDetails=3b3fe35e-bec2-454a-8b04-4cf0fdd2f767{ip: 192.168.69.79, host: pr-hdds-1927-xpkkb-2804094098, networkLocation: /default-rack, certSerialId: null}} | ret=SUCCESS |  
2019-08-21 03:08:37,057 [grpc-default-executor-0] INFO  impl.RaftServerProxy (RaftServerProxy.java:remove(95)) - 3b3fe35e-bec2-454a-8b04-4cf0fdd2f767: remove FOLLOWER group-34A254BE9BCF 3b3fe35e-bec2-454a-8b04-4cf0fdd2f767:t2, leader=null, voted=3b3fe35e-bec2-454a-8b04-4cf0fdd2f767, raftlog=3b3fe35e-bec2-454a-8b04-4cf0fdd2f767-SegmentedRaftLog:OPENED:c-1,f0,i0, conf=0: [deffb78e-0f7f-4e6c-8f29-96a42428adf0:192.168.69.79:40497, afa424f4-ff41-4877-ad11-a15f16e37855:192.168.69.79:39673, 3b3fe35e-bec2-454a-8b04-4cf0fdd2f767:192.168.69.79:32992], old=null RUNNING
2019-08-21 03:08:37,058 [grpc-default-executor-0] INFO  impl.RaftServerImpl (RaftServerImpl.java:lambda$shutdown$3(245)) - 3b3fe35e-bec2-454a-8b04-4cf0fdd2f767: shutdown group-34A254BE9BCF
2019-08-21 03:08:37,058 [grpc-default-executor-0] INFO  util.JmxRegister (JmxRegister.java:unregister(73)) - Successfully un-registered JMX Bean with object name Ratis:service=RaftServer,group=group-34A254BE9BCF,id=3b3fe35e-bec2-454a-8b04-4cf0fdd2f767
2019-08-21 03:08:37,058 [grpc-default-executor-0] INFO  impl.RoleInfo (RoleInfo.java:shutdownFollowerState(121)) - 3b3fe35e-bec2-454a-8b04-4cf0fdd2f767: shutdown FollowerState
2019-08-21 03:08:37,059 [grpc-default-executor-0] INFO  impl.StateMachineUpdater (StateMachineUpdater.java:stopAndJoin(115)) - StateMachineUpdater:3b3fe35e-bec2-454a-8b04-4cf0fdd2f767:group-34A254BE9BCF: set stopIndex = -1
2019-08-21 03:08:37,059 [Thread-592] INFO  impl.FollowerState (FollowerState.java:run(114)) - 3b3fe35e-bec2-454a-8b04-4cf0fdd2f767: FollowerState was interrupted: java.lang.InterruptedException: sleep interrupted
2019-08-21 03:08:37,059 [grpc-default-executor-0] INFO  impl.RaftServerImpl (ServerState.java:close(394)) - 3b3fe35e-bec2-454a-8b04-4cf0fdd2f767:group-34A254BE9BCF closes. The last applied log index is -1
2019-08-21 03:08:37,060 [3b3fe35e-bec2-454a-8b04-4cf0fdd2f767-SegmentedRaftLogWorker:Storage Directory /workdir/hadoop-ozone/integration-test/target/test-dir/MiniOzoneClusterImpl-440523b1-d1bf-45a3-9b99-cb19fdde5e9b/datanode-2/data/ratis/7726494f-6e11-4d87-9031-34a254be9bcf] INFO  segmented.SegmentedRaftLogWorker (SegmentedRaftLogWorker.java:run(313)) - 3b3fe35e-bec2-454a-8b04-4cf0fdd2f767-SegmentedRaftLogWorker:Storage Directory /workdir/hadoop-ozone/integration-test/target/test-dir/MiniOzoneClusterImpl-440523b1-d1bf-45a3-9b99-cb19fdde5e9b/datanode-2/data/ratis/7726494f-6e11-4d87-9031-34a254be9bcf was interrupted, exiting. There are 0 tasks remaining in the queue.
2019-08-21 03:08:37,061 [grpc-default-executor-0] INFO  segmented.SegmentedRaftLogWorker (SegmentedRaftLogWorker.java:close(228)) - 3b3fe35e-bec2-454a-8b04-4cf0fdd2f767-SegmentedRaftLogWorker:Storage Directory /workdir/hadoop-ozone/integration-test/target/test-dir/MiniOzoneClusterImpl-440523b1-d1bf-45a3-9b99-cb19fdde5e9b/datanode-2/data/ratis/7726494f-6e11-4d87-9031-34a254be9bcf close()
2019-08-21 03:08:38,494 | INFO  | SCMAudit | user=jenkins1000 | ip=192.168.69.79 | op=SEND_HEARTBEAT {datanodeUUID=afa424f4-ff41-4877-ad11-a15f16e37855, command=[]} | ret=SUCCESS |  
2019-08-21 03:08:38,671 | INFO  | SCMAudit | user=jenkins1000 | ip=192.168.69.79 | op=SEND_HEARTBEAT {datanodeUUID=deffb78e-0f7f-4e6c-8f29-96a42428adf0, command=[]} | ret=SUCCESS |  
2019-08-21 03:08:38,980 [main] INFO  ozone.MiniOzoneClusterImpl (MiniOzoneClusterImpl.java:shutdown(321)) - Shutting down the Mini Ozone Cluster
2019-08-21 03:08:38,981 | INFO  | SCMAudit | user=null | ip=null | op=GET_SCM_INFO null | ret=SUCCESS |  
2019-08-21 03:08:38,981 [main] INFO  ozone.MiniOzoneClusterImpl (MiniOzoneClusterImpl.java:stop(336)) - Stopping the Mini Ozone Cluster
2019-08-21 03:08:38,981 [main] INFO  ozone.MiniOzoneClusterImpl (MiniOzoneClusterImpl.java:stop(338)) - Stopping the OzoneManager
2019-08-21 03:08:38,982 [main] INFO  ipc.Server (Server.java:stop(3082)) - Stopping server on 35515
2019-08-21 03:08:38,993 [main] INFO  ratis.OzoneManagerDoubleBuffer (OzoneManagerDoubleBuffer.java:stop(248)) - Stopping OMDoubleBuffer flush thread
2019-08-21 03:08:38,997 [IPC Server Responder] INFO  ipc.Server (Server.java:run(1319)) - Stopping IPC Server Responder
2019-08-21 03:08:38,993 [IPC Server listener on 35515] INFO  ipc.Server (Server.java:run(1185)) - Stopping IPC Server listener on 35515
2019-08-21 03:08:39,004 [OMDoubleBufferFlushThread] INFO  ratis.OzoneManagerDoubleBuffer (OzoneManagerDoubleBuffer.java:flushTransactions(191)) - OMDoubleBuffer flush thread OMDoubleBufferFlushThread is interrupted and will exit. OMDoubleBufferFlushThread
2019-08-21 03:08:39,016 [main] INFO  utils.BackgroundService (BackgroundService.java:shutdown(148)) - Shutting down service KeyDeletingService
2019-08-21 03:08:39,021 [main] INFO  handler.ContextHandler (ContextHandler.java:doStop(910)) - Stopped o.e.j.w.WebAppContext@46271dc4{/,null,UNAVAILABLE}{/ozoneManager}
2019-08-21 03:08:39,022 [main] INFO  server.AbstractConnector (AbstractConnector.java:doStop(318)) - Stopped ServerConnector@4916d3c0{HTTP/1.1,[http/1.1]}{0.0.0.0:0}
2019-08-21 03:08:39,023 [main] INFO  handler.ContextHandler (ContextHandler.java:doStop(910)) - Stopped o.e.j.s.ServletContextHandler@71976a3f{/static,file:///workdir/hadoop-ozone/integration-test/target/test-classes/webapps/static,UNAVAILABLE}
2019-08-21 03:08:39,024 [main] INFO  handler.ContextHandler (ContextHandler.java:doStop(910)) - Stopped o.e.j.s.ServletContextHandler@54c32d2f{/logs,file:///workdir/hadoop-ozone/integration-test/target/log,UNAVAILABLE}
2019-08-21 03:08:39,046 | INFO  | SCMAudit | user=jenkins1000 | ip=192.168.69.79 | op=SEND_HEARTBEAT {datanodeUUID=3b3fe35e-bec2-454a-8b04-4cf0fdd2f767, command=[]} | ret=SUCCESS |  
2019-08-21 03:08:39,078 [main] INFO  ozone.MiniOzoneClusterImpl (MiniOzoneClusterImpl.java:stop(344)) - Shutting the HddsDatanodes
2019-08-21 03:08:39,078 [main] INFO  datanode.ObjectStoreHandler (ObjectStoreHandler.java:close(155)) - Closing ObjectStoreHandler.
2019-08-21 03:08:39,079 [ForkJoinPool.commonPool-worker-1] INFO  datanode.ObjectStoreHandler (ObjectStoreHandler.java:close(155)) - Closing ObjectStoreHandler.
2019-08-21 03:08:39,079 [main] INFO  ozone.HddsDatanodeService (HddsDatanodeService.java:stop(451)) - Stopped plug-in org.apache.hadoop.ozone.web.OzoneHddsDatanodeService@1fcd33ae
2019-08-21 03:08:39,079 [ForkJoinPool.commonPool-worker-1] INFO  ozone.HddsDatanodeService (HddsDatanodeService.java:stop(451)) - Stopped plug-in org.apache.hadoop.ozone.web.OzoneHddsDatanodeService@7e30c60e
2019-08-21 03:08:39,158 [grpc-default-executor-0] INFO  impl.RaftServerProxy (RaftServerProxy.java:addNew(89)) - deffb78e-0f7f-4e6c-8f29-96a42428adf0: addNew group-4DFDC317B4DB:[deffb78e-0f7f-4e6c-8f29-96a42428adf0:192.168.69.79:40497] returns group-4DFDC317B4DB:java.util.concurrent.CompletableFuture@e4656bf[Not completed]
2019-08-21 03:08:39,160 [pool-159-thread-1] INFO  impl.RaftServerImpl (RaftServerImpl.java:<init>(93)) - deffb78e-0f7f-4e6c-8f29-96a42428adf0: new RaftServerImpl for group-4DFDC317B4DB:[deffb78e-0f7f-4e6c-8f29-96a42428adf0:192.168.69.79:40497] with ContainerStateMachine:uninitialized
2019-08-21 03:08:39,160 [pool-159-thread-1] INFO  server.RaftServerConfigKeys (ConfUtils.java:logGet(43)) - raft.server.rpc.timeout.min = 5s (custom)
2019-08-21 03:08:39,161 [pool-159-thread-1] INFO  server.RaftServerConfigKeys (ConfUtils.java:logGet(43)) - raft.server.rpc.timeout.max = 5200ms (custom)
2019-08-21 03:08:39,161 [pool-159-thread-1] INFO  server.RaftServerConfigKeys (ConfUtils.java:logGet(43)) - raft.server.rpcslowness.timeout = 120s (custom)
2019-08-21 03:08:39,161 [pool-159-thread-1] INFO  server.RaftServerConfigKeys (ConfUtils.java:logGet(43)) - raft.server.sleep.deviation.threshold = 300 (default)
2019-08-21 03:08:39,161 [pool-159-thread-1] INFO  server.RaftServerConfigKeys (ConfUtils.java:logGet(43)) - raft.server.log.appender.install.snapshot.enabled = false (custom)
2019-08-21 03:08:39,161 [pool-159-thread-1] INFO  impl.RaftServerImpl (ServerState.java:<init>(105)) - deffb78e-0f7f-4e6c-8f29-96a42428adf0:group-4DFDC317B4DB ConfigurationManager, init=-1: [deffb78e-0f7f-4e6c-8f29-96a42428adf0:192.168.69.79:40497], old=null, confs=<EMPTY_MAP>
2019-08-21 03:08:39,161 [pool-159-thread-1] INFO  server.RaftServerConfigKeys (ConfUtils.java:logGet(43)) - raft.server.storage.dir = [/workdir/hadoop-ozone/integration-test/target/test-dir/MiniOzoneClusterImpl-440523b1-d1bf-45a3-9b99-cb19fdde5e9b/datanode-1/data/ratis] (custom)
2019-08-21 03:08:39,162 [pool-159-thread-1] INFO  storage.RaftStorageDirectory (RaftStorageDirectory.java:analyzeStorage(246)) - The storage directory /workdir/hadoop-ozone/integration-test/target/test-dir/MiniOzoneClusterImpl-440523b1-d1bf-45a3-9b99-cb19fdde5e9b/datanode-1/data/ratis/b765ac65-b77c-47d5-8cad-4dfdc317b4db does not exist. Creating ...
2019-08-21 03:08:39,176 [pool-159-thread-1] INFO  storage.RaftStorageDirectory (RaftStorageDirectory.java:tryLock(328)) - Lock on /workdir/hadoop-ozone/integration-test/target/test-dir/MiniOzoneClusterImpl-440523b1-d1bf-45a3-9b99-cb19fdde5e9b/datanode-1/data/ratis/b765ac65-b77c-47d5-8cad-4dfdc317b4db/in_use.lock acquired by nodename 20226@pr-hdds-1927-xpkkb-2804094098
2019-08-21 03:08:39,201 [pool-159-thread-1] INFO  storage.RaftStorage (RaftStorage.java:format(72)) - Storage directory /workdir/hadoop-ozone/integration-test/target/test-dir/MiniOzoneClusterImpl-440523b1-d1bf-45a3-9b99-cb19fdde5e9b/datanode-1/data/ratis/b765ac65-b77c-47d5-8cad-4dfdc317b4db has been successfully formatted.
2019-08-21 03:08:39,201 [pool-159-thread-1] INFO  ratis.ContainerStateMachine (ContainerStateMachine.java:loadSnapshot(226)) - group-4DFDC317B4DB: The snapshot info is null. Setting the last applied indexto:(t:0, i:~)
2019-08-21 03:08:39,201 [pool-159-thread-1] INFO  server.RaftServerConfigKeys (ConfUtils.java:logGet(43)) - raft.server.leader.election.timeout = 120s (custom)
2019-08-21 03:08:39,202 [pool-159-thread-1] INFO  server.RaftServerConfigKeys (ConfUtils.java:logGet(43)) - raft.server.log.use.memory = false (default)
2019-08-21 03:08:39,202 [pool-159-thread-1] INFO  server.RaftServerConfigKeys (ConfUtils.java:logGet(43)) - raft.server.log.purge.gap = 1000000 (custom)
2019-08-21 03:08:39,202 [pool-159-thread-1] INFO  server.RaftServerConfigKeys (ConfUtils.java:logGet(43)) - raft.server.log.appender.buffer.byte-limit = 33554432 (custom)
2019-08-21 03:08:39,202 [pool-159-thread-1] INFO  server.RaftServerConfigKeys (ConfUtils.java:logGet(43)) - raft.server.log.segment.size.max = 1048576 (custom)
2019-08-21 03:08:39,202 [pool-159-thread-1] INFO  server.RaftServerConfigKeys (ConfUtils.java:logGet(43)) - raft.server.log.segment.cache.num.max = 2 (custom)
2019-08-21 03:08:39,203 [pool-159-thread-1] INFO  segmented.SegmentedRaftLogWorker (SegmentedRaftLogWorker.java:<init>(172)) - new deffb78e-0f7f-4e6c-8f29-96a42428adf0-SegmentedRaftLogWorker:Storage Directory /workdir/hadoop-ozone/integration-test/target/test-dir/MiniOzoneClusterImpl-440523b1-d1bf-45a3-9b99-cb19fdde5e9b/datanode-1/data/ratis/b765ac65-b77c-47d5-8cad-4dfdc317b4db for RaftStorage:Storage Directory /workdir/hadoop-ozone/integration-test/target/test-dir/MiniOzoneClusterImpl-440523b1-d1bf-45a3-9b99-cb19fdde5e9b/datanode-1/data/ratis/b765ac65-b77c-47d5-8cad-4dfdc317b4db
2019-08-21 03:08:39,203 [pool-159-thread-1] INFO  server.RaftServerConfigKeys (ConfUtils.java:logGet(43)) - raft.server.log.queue.byte-limit = 2147483647 (custom)
2019-08-21 03:08:39,203 [pool-159-thread-1] INFO  server.RaftServerConfigKeys (ConfUtils.java:logGet(43)) - raft.server.log.queue.element-limit = 1024 (custom)
2019-08-21 03:08:39,203 [pool-159-thread-1] INFO  server.RaftServerConfigKeys (ConfUtils.java:logGet(43)) - raft.server.log.segment.size.max = 1048576 (custom)
2019-08-21 03:08:39,203 [pool-159-thread-1] INFO  server.RaftServerConfigKeys (ConfUtils.java:logGet(43)) - raft.server.log.preallocated.size = 16384 (custom)
2019-08-21 03:08:39,203 [pool-159-thread-1] INFO  server.RaftServerConfigKeys (ConfUtils.java:logGet(43)) - raft.server.log.write.buffer.size = 33554432 (custom)
2019-08-21 03:08:39,203 [pool-159-thread-1] INFO  server.RaftServerConfigKeys (ConfUtils.java:logGet(43)) - raft.server.log.force.sync.num = 128 (default)
2019-08-21 03:08:39,204 [pool-159-thread-1] INFO  server.RaftServerConfigKeys (ConfUtils.java:logGet(43)) - raft.server.log.statemachine.data.sync = true (default)
2019-08-21 03:08:39,204 [pool-159-thread-1] INFO  server.RaftServerConfigKeys (ConfUtils.java:logGet(43)) - raft.server.log.statemachine.data.sync.timeout = 10s (default)
2019-08-21 03:08:39,204 [pool-159-thread-1] INFO  server.RaftServerConfigKeys (ConfUtils.java:logGet(43)) - raft.server.log.statemachine.data.sync.timeout.retry = -1 (default)
2019-08-21 03:08:39,204 [pool-159-thread-1] INFO  server.RaftServerConfigKeys (ConfUtils.java:logGet(43)) - raft.server.log.statemachine.data.caching.enabled = true (custom)
2019-08-21 03:08:39,204 [pool-159-thread-1] INFO  segmented.SegmentedRaftLogWorker (SegmentedRaftLogWorker.java:lambda$new$0(132)) - deffb78e-0f7f-4e6c-8f29-96a42428adf0-SegmentedRaftLogWorker:Storage Directory /workdir/hadoop-ozone/integration-test/target/test-dir/MiniOzoneClusterImpl-440523b1-d1bf-45a3-9b99-cb19fdde5e9b/datanode-1/data/ratis/b765ac65-b77c-47d5-8cad-4dfdc317b4db: flushIndex: setUnconditionally 0 -> -1
2019-08-21 03:08:39,205 [pool-159-thread-1] INFO  server.RaftServerConfigKeys (ConfUtils.java:logGet(43)) - raft.server.snapshot.auto.trigger.enabled = true (custom)
2019-08-21 03:08:39,205 [pool-159-thread-1] INFO  server.RaftServerConfigKeys (ConfUtils.java:logGet(43)) - raft.server.snapshot.auto.trigger.threshold = 10000 (custom)
2019-08-21 03:08:39,205 [pool-159-thread-1] INFO  server.RaftServerConfigKeys (ConfUtils.java:logGet(43)) - raft.server.retrycache.expirytime = 600000ms (custom)
2019-08-21 03:08:39,205 [pool-159-thread-1] INFO  impl.RaftServerImpl (RaftServerImpl.java:start(180)) - deffb78e-0f7f-4e6c-8f29-96a42428adf0: start group-4DFDC317B4DB
2019-08-21 03:08:39,205 [pool-159-thread-1] INFO  impl.RaftServerImpl (RaftServerImpl.java:setRole(171)) - deffb78e-0f7f-4e6c-8f29-96a42428adf0:group-4DFDC317B4DB changes role from null to FOLLOWER at term 0 for startAsFollower
2019-08-21 03:08:39,206 [pool-159-thread-1] INFO  impl.RoleInfo (RoleInfo.java:updateAndGet(143)) - deffb78e-0f7f-4e6c-8f29-96a42428adf0: start FollowerState
2019-08-21 03:08:39,206 [pool-159-thread-1] INFO  util.JmxRegister (JmxRegister.java:tryRegister(44)) - Successfully registered JMX Bean with object name Ratis:service=RaftServer,group=group-4DFDC317B4DB,id=deffb78e-0f7f-4e6c-8f29-96a42428adf0
2019-08-21 03:08:39,210 [RatisPipelineUtilsThread] INFO  pipeline.PipelineStateManager (PipelineStateManager.java:addPipeline(56)) - Created pipeline Pipeline[ Id: b765ac65-b77c-47d5-8cad-4dfdc317b4db, Nodes: deffb78e-0f7f-4e6c-8f29-96a42428adf0{ip: 192.168.69.79, host: pr-hdds-1927-xpkkb-2804094098, networkLocation: /default-rack, certSerialId: null}, Type:RATIS, Factor:ONE, State:OPEN]
2019-08-21 03:08:39,219 [grpc-default-executor-0] INFO  impl.RaftServerProxy (RaftServerProxy.java:addNew(89)) - 3b3fe35e-bec2-454a-8b04-4cf0fdd2f767: addNew group-76EEE75E6D9E:[3b3fe35e-bec2-454a-8b04-4cf0fdd2f767:192.168.69.79:32992] returns group-76EEE75E6D9E:java.util.concurrent.CompletableFuture@5f1cd2f8[Not completed]
2019-08-21 03:08:39,220 [pool-170-thread-1] INFO  impl.RaftServerImpl (RaftServerImpl.java:<init>(93)) - 3b3fe35e-bec2-454a-8b04-4cf0fdd2f767: new RaftServerImpl for group-76EEE75E6D9E:[3b3fe35e-bec2-454a-8b04-4cf0fdd2f767:192.168.69.79:32992] with ContainerStateMachine:uninitialized
2019-08-21 03:08:39,220 [pool-170-thread-1] INFO  server.RaftServerConfigKeys (ConfUtils.java:logGet(43)) - raft.server.rpc.timeout.min = 5s (custom)
2019-08-21 03:08:39,220 [pool-170-thread-1] INFO  server.RaftServerConfigKeys (ConfUtils.java:logGet(43)) - raft.server.rpc.timeout.max = 5200ms (custom)
2019-08-21 03:08:39,221 [pool-170-thread-1] INFO  server.RaftServerConfigKeys (ConfUtils.java:logGet(43)) - raft.server.rpcslowness.timeout = 120s (custom)
2019-08-21 03:08:39,221 [pool-170-thread-1] INFO  server.RaftServerConfigKeys (ConfUtils.java:logGet(43)) - raft.server.sleep.deviation.threshold = 300 (default)
2019-08-21 03:08:39,221 [pool-170-thread-1] INFO  server.RaftServerConfigKeys (ConfUtils.java:logGet(43)) - raft.server.log.appender.install.snapshot.enabled = false (custom)
2019-08-21 03:08:39,221 [pool-170-thread-1] INFO  impl.RaftServerImpl (ServerState.java:<init>(105)) - 3b3fe35e-bec2-454a-8b04-4cf0fdd2f767:group-76EEE75E6D9E ConfigurationManager, init=-1: [3b3fe35e-bec2-454a-8b04-4cf0fdd2f767:192.168.69.79:32992], old=null, confs=<EMPTY_MAP>
2019-08-21 03:08:39,221 [pool-170-thread-1] INFO  server.RaftServerConfigKeys (ConfUtils.java:logGet(43)) - raft.server.storage.dir = [/workdir/hadoop-ozone/integration-test/target/test-dir/MiniOzoneClusterImpl-440523b1-d1bf-45a3-9b99-cb19fdde5e9b/datanode-2/data/ratis] (custom)
2019-08-21 03:08:39,221 [pool-170-thread-1] INFO  storage.RaftStorageDirectory (RaftStorageDirectory.java:analyzeStorage(246)) - The storage directory /workdir/hadoop-ozone/integration-test/target/test-dir/MiniOzoneClusterImpl-440523b1-d1bf-45a3-9b99-cb19fdde5e9b/datanode-2/data/ratis/5f66b1c4-bae6-49d7-ba42-76eee75e6d9e does not exist. Creating ...
2019-08-21 03:08:39,234 [pool-170-thread-1] INFO  storage.RaftStorageDirectory (RaftStorageDirectory.java:tryLock(328)) - Lock on /workdir/hadoop-ozone/integration-test/target/test-dir/MiniOzoneClusterImpl-440523b1-d1bf-45a3-9b99-cb19fdde5e9b/datanode-2/data/ratis/5f66b1c4-bae6-49d7-ba42-76eee75e6d9e/in_use.lock acquired by nodename 20226@pr-hdds-1927-xpkkb-2804094098
2019-08-21 03:08:39,248 [pool-170-thread-1] INFO  storage.RaftStorage (RaftStorage.java:format(72)) - Storage directory /workdir/hadoop-ozone/integration-test/target/test-dir/MiniOzoneClusterImpl-440523b1-d1bf-45a3-9b99-cb19fdde5e9b/datanode-2/data/ratis/5f66b1c4-bae6-49d7-ba42-76eee75e6d9e has been successfully formatted.
2019-08-21 03:08:39,249 [pool-170-thread-1] INFO  ratis.ContainerStateMachine (ContainerStateMachine.java:loadSnapshot(226)) - group-76EEE75E6D9E: The snapshot info is null. Setting the last applied indexto:(t:0, i:~)
2019-08-21 03:08:39,249 [pool-170-thread-1] INFO  server.RaftServerConfigKeys (ConfUtils.java:logGet(43)) - raft.server.leader.election.timeout = 120s (custom)
2019-08-21 03:08:39,249 [pool-170-thread-1] INFO  server.RaftServerConfigKeys (ConfUtils.java:logGet(43)) - raft.server.log.use.memory = false (default)
2019-08-21 03:08:39,249 [pool-170-thread-1] INFO  server.RaftServerConfigKeys (ConfUtils.java:logGet(43)) - raft.server.log.purge.gap = 1000000 (custom)
2019-08-21 03:08:39,249 [pool-170-thread-1] INFO  server.RaftServerConfigKeys (ConfUtils.java:logGet(43)) - raft.server.log.appender.buffer.byte-limit = 33554432 (custom)
2019-08-21 03:08:39,249 [pool-170-thread-1] INFO  server.RaftServerConfigKeys (ConfUtils.java:logGet(43)) - raft.server.log.segment.size.max = 1048576 (custom)
2019-08-21 03:08:39,250 [pool-170-thread-1] INFO  server.RaftServerConfigKeys (ConfUtils.java:logGet(43)) - raft.server.log.segment.cache.num.max = 2 (custom)
2019-08-21 03:08:39,250 [pool-170-thread-1] INFO  segmented.SegmentedRaftLogWorker (SegmentedRaftLogWorker.java:<init>(172)) - new 3b3fe35e-bec2-454a-8b04-4cf0fdd2f767-SegmentedRaftLogWorker:Storage Directory /workdir/hadoop-ozone/integration-test/target/test-dir/MiniOzoneClusterImpl-440523b1-d1bf-45a3-9b99-cb19fdde5e9b/datanode-2/data/ratis/5f66b1c4-bae6-49d7-ba42-76eee75e6d9e for RaftStorage:Storage Directory /workdir/hadoop-ozone/integration-test/target/test-dir/MiniOzoneClusterImpl-440523b1-d1bf-45a3-9b99-cb19fdde5e9b/datanode-2/data/ratis/5f66b1c4-bae6-49d7-ba42-76eee75e6d9e
2019-08-21 03:08:39,250 [pool-170-thread-1] INFO  server.RaftServerConfigKeys (ConfUtils.java:logGet(43)) - raft.server.log.queue.byte-limit = 2147483647 (custom)
2019-08-21 03:08:39,250 [pool-170-thread-1] INFO  server.RaftServerConfigKeys (ConfUtils.java:logGet(43)) - raft.server.log.queue.element-limit = 1024 (custom)
2019-08-21 03:08:39,250 [pool-170-thread-1] INFO  server.RaftServerConfigKeys (ConfUtils.java:logGet(43)) - raft.server.log.segment.size.max = 1048576 (custom)
2019-08-21 03:08:39,250 [pool-170-thread-1] INFO  server.RaftServerConfigKeys (ConfUtils.java:logGet(43)) - raft.server.log.preallocated.size = 16384 (custom)
2019-08-21 03:08:39,251 [pool-170-thread-1] INFO  server.RaftServerConfigKeys (ConfUtils.java:logGet(43)) - raft.server.log.write.buffer.size = 33554432 (custom)
2019-08-21 03:08:39,251 [pool-170-thread-1] INFO  server.RaftServerConfigKeys (ConfUtils.java:logGet(43)) - raft.server.log.force.sync.num = 128 (default)
2019-08-21 03:08:39,251 [pool-170-thread-1] INFO  server.RaftServerConfigKeys (ConfUtils.java:logGet(43)) - raft.server.log.statemachine.data.sync = true (default)
2019-08-21 03:08:39,251 [pool-170-thread-1] INFO  server.RaftServerConfigKeys (ConfUtils.java:logGet(43)) - raft.server.log.statemachine.data.sync.timeout = 10s (default)
2019-08-21 03:08:39,251 [pool-170-thread-1] INFO  server.RaftServerConfigKeys (ConfUtils.java:logGet(43)) - raft.server.log.statemachine.data.sync.timeout.retry = -1 (default)
2019-08-21 03:08:39,251 [pool-170-thread-1] INFO  server.RaftServerConfigKeys (ConfUtils.java:logGet(43)) - raft.server.log.statemachine.data.caching.enabled = true (custom)
2019-08-21 03:08:39,252 [pool-170-thread-1] INFO  segmented.SegmentedRaftLogWorker (SegmentedRaftLogWorker.java:lambda$new$0(132)) - 3b3fe35e-bec2-454a-8b04-4cf0fdd2f767-SegmentedRaftLogWorker:Storage Directory /workdir/hadoop-ozone/integration-test/target/test-dir/MiniOzoneClusterImpl-440523b1-d1bf-45a3-9b99-cb19fdde5e9b/datanode-2/data/ratis/5f66b1c4-bae6-49d7-ba42-76eee75e6d9e: flushIndex: setUnconditionally 0 -> -1
2019-08-21 03:08:39,252 [pool-170-thread-1] INFO  server.RaftServerConfigKeys (ConfUtils.java:logGet(43)) - raft.server.snapshot.auto.trigger.enabled = true (custom)
2019-08-21 03:08:39,252 [pool-170-thread-1] INFO  server.RaftServerConfigKeys (ConfUtils.java:logGet(43)) - raft.server.snapshot.auto.trigger.threshold = 10000 (custom)
2019-08-21 03:08:39,252 [pool-170-thread-1] INFO  server.RaftServerConfigKeys (ConfUtils.java:logGet(43)) - raft.server.retrycache.expirytime = 600000ms (custom)
2019-08-21 03:08:39,253 [pool-170-thread-1] INFO  impl.RaftServerImpl (RaftServerImpl.java:start(180)) - 3b3fe35e-bec2-454a-8b04-4cf0fdd2f767: start group-76EEE75E6D9E
2019-08-21 03:08:39,253 [pool-170-thread-1] INFO  impl.RaftServerImpl (RaftServerImpl.java:setRole(171)) - 3b3fe35e-bec2-454a-8b04-4cf0fdd2f767:group-76EEE75E6D9E changes role from null to FOLLOWER at term 0 for startAsFollower
2019-08-21 03:08:39,253 [pool-170-thread-1] INFO  impl.RoleInfo (RoleInfo.java:updateAndGet(143)) - 3b3fe35e-bec2-454a-8b04-4cf0fdd2f767: start FollowerState
2019-08-21 03:08:39,253 [pool-170-thread-1] INFO  util.JmxRegister (JmxRegister.java:tryRegister(44)) - Successfully registered JMX Bean with object name Ratis:service=RaftServer,group=group-76EEE75E6D9E,id=3b3fe35e-bec2-454a-8b04-4cf0fdd2f767
2019-08-21 03:08:39,258 [RatisPipelineUtilsThread] INFO  pipeline.PipelineStateManager (PipelineStateManager.java:addPipeline(56)) - Created pipeline Pipeline[ Id: 5f66b1c4-bae6-49d7-ba42-76eee75e6d9e, Nodes: 3b3fe35e-bec2-454a-8b04-4cf0fdd2f767{ip: 192.168.69.79, host: pr-hdds-1927-xpkkb-2804094098, networkLocation: /default-rack, certSerialId: null}, Type:RATIS, Factor:ONE, State:OPEN]
2019-08-21 03:08:39,267 [grpc-default-executor-0] INFO  impl.RaftServerProxy (RaftServerProxy.java:addNew(89)) - afa424f4-ff41-4877-ad11-a15f16e37855: addNew group-1BD9795BD77D:[afa424f4-ff41-4877-ad11-a15f16e37855:192.168.69.79:39673] returns group-1BD9795BD77D:java.util.concurrent.CompletableFuture@3bea8e4e[Not completed]
2019-08-21 03:08:39,269 [pool-148-thread-1] INFO  impl.RaftServerImpl (RaftServerImpl.java:<init>(93)) - afa424f4-ff41-4877-ad11-a15f16e37855: new RaftServerImpl for group-1BD9795BD77D:[afa424f4-ff41-4877-ad11-a15f16e37855:192.168.69.79:39673] with ContainerStateMachine:uninitialized
2019-08-21 03:08:39,269 [pool-148-thread-1] INFO  server.RaftServerConfigKeys (ConfUtils.java:logGet(43)) - raft.server.rpc.timeout.min = 5s (custom)
2019-08-21 03:08:39,269 [pool-148-thread-1] INFO  server.RaftServerConfigKeys (ConfUtils.java:logGet(43)) - raft.server.rpc.timeout.max = 5200ms (custom)
2019-08-21 03:08:39,269 [pool-148-thread-1] INFO  server.RaftServerConfigKeys (ConfUtils.java:logGet(43)) - raft.server.rpcslowness.timeout = 120s (custom)
2019-08-21 03:08:39,269 [pool-148-thread-1] INFO  server.RaftServerConfigKeys (ConfUtils.java:logGet(43)) - raft.server.sleep.deviation.threshold = 300 (default)
2019-08-21 03:08:39,270 [pool-148-thread-1] INFO  server.RaftServerConfigKeys (ConfUtils.java:logGet(43)) - raft.server.log.appender.install.snapshot.enabled = false (custom)
2019-08-21 03:08:39,270 [pool-148-thread-1] INFO  impl.RaftServerImpl (ServerState.java:<init>(105)) - afa424f4-ff41-4877-ad11-a15f16e37855:group-1BD9795BD77D ConfigurationManager, init=-1: [afa424f4-ff41-4877-ad11-a15f16e37855:192.168.69.79:39673], old=null, confs=<EMPTY_MAP>
2019-08-21 03:08:39,270 [pool-148-thread-1] INFO  server.RaftServerConfigKeys (ConfUtils.java:logGet(43)) - raft.server.storage.dir = [/workdir/hadoop-ozone/integration-test/target/test-dir/MiniOzoneClusterImpl-440523b1-d1bf-45a3-9b99-cb19fdde5e9b/datanode-0/data/ratis] (custom)
2019-08-21 03:08:39,270 [pool-148-thread-1] INFO  storage.RaftStorageDirectory (RaftStorageDirectory.java:analyzeStorage(246)) - The storage directory /workdir/hadoop-ozone/integration-test/target/test-dir/MiniOzoneClusterImpl-440523b1-d1bf-45a3-9b99-cb19fdde5e9b/datanode-0/data/ratis/a3b096f0-01fd-48d8-8b68-1bd9795bd77d does not exist. Creating ...
2019-08-21 03:08:39,283 [pool-148-thread-1] INFO  storage.RaftStorageDirectory (RaftStorageDirectory.java:tryLock(328)) - Lock on /workdir/hadoop-ozone/integration-test/target/test-dir/MiniOzoneClusterImpl-440523b1-d1bf-45a3-9b99-cb19fdde5e9b/datanode-0/data/ratis/a3b096f0-01fd-48d8-8b68-1bd9795bd77d/in_use.lock acquired by nodename 20226@pr-hdds-1927-xpkkb-2804094098
2019-08-21 03:08:39,297 [pool-148-thread-1] INFO  storage.RaftStorage (RaftStorage.java:format(72)) - Storage directory /workdir/hadoop-ozone/integration-test/target/test-dir/MiniOzoneClusterImpl-440523b1-d1bf-45a3-9b99-cb19fdde5e9b/datanode-0/data/ratis/a3b096f0-01fd-48d8-8b68-1bd9795bd77d has been successfully formatted.
2019-08-21 03:08:39,297 [pool-148-thread-1] INFO  ratis.ContainerStateMachine (ContainerStateMachine.java:loadSnapshot(226)) - group-1BD9795BD77D: The snapshot info is null. Setting the last applied indexto:(t:0, i:~)
2019-08-21 03:08:39,297 [pool-148-thread-1] INFO  server.RaftServerConfigKeys (ConfUtils.java:logGet(43)) - raft.server.leader.election.timeout = 120s (custom)
2019-08-21 03:08:39,297 [pool-148-thread-1] INFO  server.RaftServerConfigKeys (ConfUtils.java:logGet(43)) - raft.server.log.use.memory = false (default)
2019-08-21 03:08:39,298 [pool-148-thread-1] INFO  server.RaftServerConfigKeys (ConfUtils.java:logGet(43)) - raft.server.log.purge.gap = 1000000 (custom)
2019-08-21 03:08:39,298 [pool-148-thread-1] INFO  server.RaftServerConfigKeys (ConfUtils.java:logGet(43)) - raft.server.log.appender.buffer.byte-limit = 33554432 (custom)
2019-08-21 03:08:39,298 [pool-148-thread-1] INFO  server.RaftServerConfigKeys (ConfUtils.java:logGet(43)) - raft.server.log.segment.size.max = 1048576 (custom)
2019-08-21 03:08:39,298 [pool-148-thread-1] INFO  server.RaftServerConfigKeys (ConfUtils.java:logGet(43)) - raft.server.log.segment.cache.num.max = 2 (custom)
2019-08-21 03:08:39,298 [pool-148-thread-1] INFO  segmented.SegmentedRaftLogWorker (SegmentedRaftLogWorker.java:<init>(172)) - new afa424f4-ff41-4877-ad11-a15f16e37855-SegmentedRaftLogWorker:Storage Directory /workdir/hadoop-ozone/integration-test/target/test-dir/MiniOzoneClusterImpl-440523b1-d1bf-45a3-9b99-cb19fdde5e9b/datanode-0/data/ratis/a3b096f0-01fd-48d8-8b68-1bd9795bd77d for RaftStorage:Storage Directory /workdir/hadoop-ozone/integration-test/target/test-dir/MiniOzoneClusterImpl-440523b1-d1bf-45a3-9b99-cb19fdde5e9b/datanode-0/data/ratis/a3b096f0-01fd-48d8-8b68-1bd9795bd77d
2019-08-21 03:08:39,298 [pool-148-thread-1] INFO  server.RaftServerConfigKeys (ConfUtils.java:logGet(43)) - raft.server.log.queue.byte-limit = 2147483647 (custom)
2019-08-21 03:08:39,298 [pool-148-thread-1] INFO  server.RaftServerConfigKeys (ConfUtils.java:logGet(43)) - raft.server.log.queue.element-limit = 1024 (custom)
2019-08-21 03:08:39,299 [pool-148-thread-1] INFO  server.RaftServerConfigKeys (ConfUtils.java:logGet(43)) - raft.server.log.segment.size.max = 1048576 (custom)
2019-08-21 03:08:39,299 [pool-148-thread-1] INFO  server.RaftServerConfigKeys (ConfUtils.java:logGet(43)) - raft.server.log.preallocated.size = 16384 (custom)
2019-08-21 03:08:39,299 [pool-148-thread-1] INFO  server.RaftServerConfigKeys (ConfUtils.java:logGet(43)) - raft.server.log.write.buffer.size = 33554432 (custom)
2019-08-21 03:08:39,299 [pool-148-thread-1] INFO  server.RaftServerConfigKeys (ConfUtils.java:logGet(43)) - raft.server.log.force.sync.num = 128 (default)
2019-08-21 03:08:39,299 [pool-148-thread-1] INFO  server.RaftServerConfigKeys (ConfUtils.java:logGet(43)) - raft.server.log.statemachine.data.sync = true (default)
2019-08-21 03:08:39,299 [pool-148-thread-1] INFO  server.RaftServerConfigKeys (ConfUtils.java:logGet(43)) - raft.server.log.statemachine.data.sync.timeout = 10s (default)
2019-08-21 03:08:39,299 [pool-148-thread-1] INFO  server.RaftServerConfigKeys (ConfUtils.java:logGet(43)) - raft.server.log.statemachine.data.sync.timeout.retry = -1 (default)
2019-08-21 03:08:39,300 [pool-148-thread-1] INFO  server.RaftServerConfigKeys (ConfUtils.java:logGet(43)) - raft.server.log.statemachine.data.caching.enabled = true (custom)
2019-08-21 03:08:39,300 [pool-148-thread-1] INFO  segmented.SegmentedRaftLogWorker (SegmentedRaftLogWorker.java:lambda$new$0(132)) - afa424f4-ff41-4877-ad11-a15f16e37855-SegmentedRaftLogWorker:Storage Directory /workdir/hadoop-ozone/integration-test/target/test-dir/MiniOzoneClusterImpl-440523b1-d1bf-45a3-9b99-cb19fdde5e9b/datanode-0/data/ratis/a3b096f0-01fd-48d8-8b68-1bd9795bd77d: flushIndex: setUnconditionally 0 -> -1
2019-08-21 03:08:39,300 [pool-148-thread-1] INFO  server.RaftServerConfigKeys (ConfUtils.java:logGet(43)) - raft.server.snapshot.auto.trigger.enabled = true (custom)
2019-08-21 03:08:39,300 [pool-148-thread-1] INFO  server.RaftServerConfigKeys (ConfUtils.java:logGet(43)) - raft.server.snapshot.auto.trigger.threshold = 10000 (custom)
2019-08-21 03:08:39,301 [pool-148-thread-1] INFO  server.RaftServerConfigKeys (ConfUtils.java:logGet(43)) - raft.server.retrycache.expirytime = 600000ms (custom)
2019-08-21 03:08:39,301 [pool-148-thread-1] INFO  impl.RaftServerImpl (RaftServerImpl.java:start(180)) - afa424f4-ff41-4877-ad11-a15f16e37855: start group-1BD9795BD77D
2019-08-21 03:08:39,301 [pool-148-thread-1] INFO  impl.RaftServerImpl (RaftServerImpl.java:setRole(171)) - afa424f4-ff41-4877-ad11-a15f16e37855:group-1BD9795BD77D changes role from null to FOLLOWER at term 0 for startAsFollower
2019-08-21 03:08:39,301 [pool-148-thread-1] INFO  impl.RoleInfo (RoleInfo.java:updateAndGet(143)) - afa424f4-ff41-4877-ad11-a15f16e37855: start FollowerState
2019-08-21 03:08:39,301 [pool-148-thread-1] INFO  util.JmxRegister (JmxRegister.java:tryRegister(44)) - Successfully registered JMX Bean with object name Ratis:service=RaftServer,group=group-1BD9795BD77D,id=afa424f4-ff41-4877-ad11-a15f16e37855
2019-08-21 03:08:39,305 [RatisPipelineUtilsThread] INFO  pipeline.PipelineStateManager (PipelineStateManager.java:addPipeline(56)) - Created pipeline Pipeline[ Id: a3b096f0-01fd-48d8-8b68-1bd9795bd77d, Nodes: afa424f4-ff41-4877-ad11-a15f16e37855{ip: 192.168.69.79, host: pr-hdds-1927-xpkkb-2804094098, networkLocation: /default-rack, certSerialId: null}, Type:RATIS, Factor:ONE, State:OPEN]
2019-08-21 03:08:39,322 [grpc-default-executor-2] INFO  impl.RaftServerProxy (RaftServerProxy.java:addNew(89)) - deffb78e-0f7f-4e6c-8f29-96a42428adf0: addNew group-39478CAE0182:[deffb78e-0f7f-4e6c-8f29-96a42428adf0:192.168.69.79:40497, afa424f4-ff41-4877-ad11-a15f16e37855:192.168.69.79:39673, 3b3fe35e-bec2-454a-8b04-4cf0fdd2f767:192.168.69.79:32992] returns group-39478CAE0182:java.util.concurrent.CompletableFuture@71e5556c[Not completed]
2019-08-21 03:08:39,324 [grpc-default-executor-0] INFO  impl.RaftServerProxy (RaftServerProxy.java:addNew(89)) - 3b3fe35e-bec2-454a-8b04-4cf0fdd2f767: addNew group-39478CAE0182:[deffb78e-0f7f-4e6c-8f29-96a42428adf0:192.168.69.79:40497, afa424f4-ff41-4877-ad11-a15f16e37855:192.168.69.79:39673, 3b3fe35e-bec2-454a-8b04-4cf0fdd2f767:192.168.69.79:32992] returns group-39478CAE0182:java.util.concurrent.CompletableFuture@7243411f[Not completed]
2019-08-21 03:08:39,324 [grpc-default-executor-2] INFO  impl.RaftServerProxy (RaftServerProxy.java:addNew(89)) - afa424f4-ff41-4877-ad11-a15f16e37855: addNew group-39478CAE0182:[deffb78e-0f7f-4e6c-8f29-96a42428adf0:192.168.69.79:40497, afa424f4-ff41-4877-ad11-a15f16e37855:192.168.69.79:39673, 3b3fe35e-bec2-454a-8b04-4cf0fdd2f767:192.168.69.79:32992] returns group-39478CAE0182:java.util.concurrent.CompletableFuture@30d85f57[Not completed]
2019-08-21 03:08:39,324 [pool-159-thread-1] INFO  impl.RaftServerImpl (RaftServerImpl.java:<init>(93)) - deffb78e-0f7f-4e6c-8f29-96a42428adf0: new RaftServerImpl for group-39478CAE0182:[deffb78e-0f7f-4e6c-8f29-96a42428adf0:192.168.69.79:40497, afa424f4-ff41-4877-ad11-a15f16e37855:192.168.69.79:39673, 3b3fe35e-bec2-454a-8b04-4cf0fdd2f767:192.168.69.79:32992] with ContainerStateMachine:uninitialized
2019-08-21 03:08:39,325 [pool-159-thread-1] INFO  server.RaftServerConfigKeys (ConfUtils.java:logGet(43)) - raft.server.rpc.timeout.min = 5s (custom)
2019-08-21 03:08:39,325 [pool-159-thread-1] INFO  server.RaftServerConfigKeys (ConfUtils.java:logGet(43)) - raft.server.rpc.timeout.max = 5200ms (custom)
2019-08-21 03:08:39,325 [pool-159-thread-1] INFO  server.RaftServerConfigKeys (ConfUtils.java:logGet(43)) - raft.server.rpcslowness.timeout = 120s (custom)
2019-08-21 03:08:39,325 [pool-148-thread-1] INFO  impl.RaftServerImpl (RaftServerImpl.java:<init>(93)) - afa424f4-ff41-4877-ad11-a15f16e37855: new RaftServerImpl for group-39478CAE0182:[deffb78e-0f7f-4e6c-8f29-96a42428adf0:192.168.69.79:40497, afa424f4-ff41-4877-ad11-a15f16e37855:192.168.69.79:39673, 3b3fe35e-bec2-454a-8b04-4cf0fdd2f767:192.168.69.79:32992] with ContainerStateMachine:uninitialized
2019-08-21 03:08:39,325 [pool-159-thread-1] INFO  server.RaftServerConfigKeys (ConfUtils.java:logGet(43)) - raft.server.sleep.deviation.threshold = 300 (default)
2019-08-21 03:08:39,325 [pool-148-thread-1] INFO  server.RaftServerConfigKeys (ConfUtils.java:logGet(43)) - raft.server.rpc.timeout.min = 5s (custom)
2019-08-21 03:08:39,325 [pool-159-thread-1] INFO  server.RaftServerConfigKeys (ConfUtils.java:logGet(43)) - raft.server.log.appender.install.snapshot.enabled = false (custom)
2019-08-21 03:08:39,325 [pool-170-thread-1] INFO  impl.RaftServerImpl (RaftServerImpl.java:<init>(93)) - 3b3fe35e-bec2-454a-8b04-4cf0fdd2f767: new RaftServerImpl for group-39478CAE0182:[deffb78e-0f7f-4e6c-8f29-96a42428adf0:192.168.69.79:40497, afa424f4-ff41-4877-ad11-a15f16e37855:192.168.69.79:39673, 3b3fe35e-bec2-454a-8b04-4cf0fdd2f767:192.168.69.79:32992] with ContainerStateMachine:uninitialized
2019-08-21 03:08:39,325 [pool-148-thread-1] INFO  server.RaftServerConfigKeys (ConfUtils.java:logGet(43)) - raft.server.rpc.timeout.max = 5200ms (custom)
2019-08-21 03:08:39,326 [pool-170-thread-1] INFO  server.RaftServerConfigKeys (ConfUtils.java:logGet(43)) - raft.server.rpc.timeout.min = 5s (custom)
2019-08-21 03:08:39,326 [pool-159-thread-1] INFO  impl.RaftServerImpl (ServerState.java:<init>(105)) - deffb78e-0f7f-4e6c-8f29-96a42428adf0:group-39478CAE0182 ConfigurationManager, init=-1: [deffb78e-0f7f-4e6c-8f29-96a42428adf0:192.168.69.79:40497, afa424f4-ff41-4877-ad11-a15f16e37855:192.168.69.79:39673, 3b3fe35e-bec2-454a-8b04-4cf0fdd2f767:192.168.69.79:32992], old=null, confs=<EMPTY_MAP>
2019-08-21 03:08:39,326 [pool-170-thread-1] INFO  server.RaftServerConfigKeys (ConfUtils.java:logGet(43)) - raft.server.rpc.timeout.max = 5200ms (custom)
2019-08-21 03:08:39,326 [pool-148-thread-1] INFO  server.RaftServerConfigKeys (ConfUtils.java:logGet(43)) - raft.server.rpcslowness.timeout = 120s (custom)
2019-08-21 03:08:39,326 [pool-170-thread-1] INFO  server.RaftServerConfigKeys (ConfUtils.java:logGet(43)) - raft.server.rpcslowness.timeout = 120s (custom)
2019-08-21 03:08:39,326 [pool-159-thread-1] INFO  server.RaftServerConfigKeys (ConfUtils.java:logGet(43)) - raft.server.storage.dir = [/workdir/hadoop-ozone/integration-test/target/test-dir/MiniOzoneClusterImpl-440523b1-d1bf-45a3-9b99-cb19fdde5e9b/datanode-1/data/ratis] (custom)
2019-08-21 03:08:39,326 [pool-170-thread-1] INFO  server.RaftServerConfigKeys (ConfUtils.java:logGet(43)) - raft.server.sleep.deviation.threshold = 300 (default)
2019-08-21 03:08:39,327 [pool-170-thread-1] INFO  server.RaftServerConfigKeys (ConfUtils.java:logGet(43)) - raft.server.log.appender.install.snapshot.enabled = false (custom)
2019-08-21 03:08:39,326 [pool-148-thread-1] INFO  server.RaftServerConfigKeys (ConfUtils.java:logGet(43)) - raft.server.sleep.deviation.threshold = 300 (default)
2019-08-21 03:08:39,327 [pool-159-thread-1] INFO  storage.RaftStorageDirectory (RaftStorageDirectory.java:analyzeStorage(246)) - The storage directory /workdir/hadoop-ozone/integration-test/target/test-dir/MiniOzoneClusterImpl-440523b1-d1bf-45a3-9b99-cb19fdde5e9b/datanode-1/data/ratis/68493208-36c8-46f0-af3f-39478cae0182 does not exist. Creating ...
2019-08-21 03:08:39,327 [pool-170-thread-1] INFO  impl.RaftServerImpl (ServerState.java:<init>(105)) - 3b3fe35e-bec2-454a-8b04-4cf0fdd2f767:group-39478CAE0182 ConfigurationManager, init=-1: [deffb78e-0f7f-4e6c-8f29-96a42428adf0:192.168.69.79:40497, afa424f4-ff41-4877-ad11-a15f16e37855:192.168.69.79:39673, 3b3fe35e-bec2-454a-8b04-4cf0fdd2f767:192.168.69.79:32992], old=null, confs=<EMPTY_MAP>
2019-08-21 03:08:39,327 [pool-148-thread-1] INFO  server.RaftServerConfigKeys (ConfUtils.java:logGet(43)) - raft.server.log.appender.install.snapshot.enabled = false (custom)
2019-08-21 03:08:39,327 [pool-170-thread-1] INFO  server.RaftServerConfigKeys (ConfUtils.java:logGet(43)) - raft.server.storage.dir = [/workdir/hadoop-ozone/integration-test/target/test-dir/MiniOzoneClusterImpl-440523b1-d1bf-45a3-9b99-cb19fdde5e9b/datanode-2/data/ratis] (custom)
2019-08-21 03:08:39,327 [pool-148-thread-1] INFO  impl.RaftServerImpl (ServerState.java:<init>(105)) - afa424f4-ff41-4877-ad11-a15f16e37855:group-39478CAE0182 ConfigurationManager, init=-1: [deffb78e-0f7f-4e6c-8f29-96a42428adf0:192.168.69.79:40497, afa424f4-ff41-4877-ad11-a15f16e37855:192.168.69.79:39673, 3b3fe35e-bec2-454a-8b04-4cf0fdd2f767:192.168.69.79:32992], old=null, confs=<EMPTY_MAP>
2019-08-21 03:08:39,327 [pool-148-thread-1] INFO  server.RaftServerConfigKeys (ConfUtils.java:logGet(43)) - raft.server.storage.dir = [/workdir/hadoop-ozone/integration-test/target/test-dir/MiniOzoneClusterImpl-440523b1-d1bf-45a3-9b99-cb19fdde5e9b/datanode-0/data/ratis] (custom)
2019-08-21 03:08:39,327 [pool-170-thread-1] INFO  storage.RaftStorageDirectory (RaftStorageDirectory.java:analyzeStorage(246)) - The storage directory /workdir/hadoop-ozone/integration-test/target/test-dir/MiniOzoneClusterImpl-440523b1-d1bf-45a3-9b99-cb19fdde5e9b/datanode-2/data/ratis/68493208-36c8-46f0-af3f-39478cae0182 does not exist. Creating ...
2019-08-21 03:08:39,328 [pool-148-thread-1] INFO  storage.RaftStorageDirectory (RaftStorageDirectory.java:analyzeStorage(246)) - The storage directory /workdir/hadoop-ozone/integration-test/target/test-dir/MiniOzoneClusterImpl-440523b1-d1bf-45a3-9b99-cb19fdde5e9b/datanode-0/data/ratis/68493208-36c8-46f0-af3f-39478cae0182 does not exist. Creating ...
2019-08-21 03:08:39,340 [pool-170-thread-1] INFO  storage.RaftStorageDirectory (RaftStorageDirectory.java:tryLock(328)) - Lock on /workdir/hadoop-ozone/integration-test/target/test-dir/MiniOzoneClusterImpl-440523b1-d1bf-45a3-9b99-cb19fdde5e9b/datanode-2/data/ratis/68493208-36c8-46f0-af3f-39478cae0182/in_use.lock acquired by nodename 20226@pr-hdds-1927-xpkkb-2804094098
2019-08-21 03:08:39,340 [pool-148-thread-1] INFO  storage.RaftStorageDirectory (RaftStorageDirectory.java:tryLock(328)) - Lock on /workdir/hadoop-ozone/integration-test/target/test-dir/MiniOzoneClusterImpl-440523b1-d1bf-45a3-9b99-cb19fdde5e9b/datanode-0/data/ratis/68493208-36c8-46f0-af3f-39478cae0182/in_use.lock acquired by nodename 20226@pr-hdds-1927-xpkkb-2804094098
2019-08-21 03:08:39,340 [pool-159-thread-1] INFO  storage.RaftStorageDirectory (RaftStorageDirectory.java:tryLock(328)) - Lock on /workdir/hadoop-ozone/integration-test/target/test-dir/MiniOzoneClusterImpl-440523b1-d1bf-45a3-9b99-cb19fdde5e9b/datanode-1/data/ratis/68493208-36c8-46f0-af3f-39478cae0182/in_use.lock acquired by nodename 20226@pr-hdds-1927-xpkkb-2804094098
2019-08-21 03:08:39,358 [pool-159-thread-1] INFO  storage.RaftStorage (RaftStorage.java:format(72)) - Storage directory /workdir/hadoop-ozone/integration-test/target/test-dir/MiniOzoneClusterImpl-440523b1-d1bf-45a3-9b99-cb19fdde5e9b/datanode-1/data/ratis/68493208-36c8-46f0-af3f-39478cae0182 has been successfully formatted.
2019-08-21 03:08:39,358 [pool-170-thread-1] INFO  storage.RaftStorage (RaftStorage.java:format(72)) - Storage directory /workdir/hadoop-ozone/integration-test/target/test-dir/MiniOzoneClusterImpl-440523b1-d1bf-45a3-9b99-cb19fdde5e9b/datanode-2/data/ratis/68493208-36c8-46f0-af3f-39478cae0182 has been successfully formatted.
2019-08-21 03:08:39,359 [pool-159-thread-1] INFO  ratis.ContainerStateMachine (ContainerStateMachine.java:loadSnapshot(226)) - group-39478CAE0182: The snapshot info is null. Setting the last applied indexto:(t:0, i:~)
2019-08-21 03:08:39,358 [pool-148-thread-1] INFO  storage.RaftStorage (RaftStorage.java:format(72)) - Storage directory /workdir/hadoop-ozone/integration-test/target/test-dir/MiniOzoneClusterImpl-440523b1-d1bf-45a3-9b99-cb19fdde5e9b/datanode-0/data/ratis/68493208-36c8-46f0-af3f-39478cae0182 has been successfully formatted.
2019-08-21 03:08:39,359 [pool-170-thread-1] INFO  ratis.ContainerStateMachine (ContainerStateMachine.java:loadSnapshot(226)) - group-39478CAE0182: The snapshot info is null. Setting the last applied indexto:(t:0, i:~)
2019-08-21 03:08:39,359 [pool-159-thread-1] INFO  server.RaftServerConfigKeys (ConfUtils.java:logGet(43)) - raft.server.leader.election.timeout = 120s (custom)
2019-08-21 03:08:39,359 [pool-170-thread-1] INFO  server.RaftServerConfigKeys (ConfUtils.java:logGet(43)) - raft.server.leader.election.timeout = 120s (custom)
2019-08-21 03:08:39,359 [pool-148-thread-1] INFO  ratis.ContainerStateMachine (ContainerStateMachine.java:loadSnapshot(226)) - group-39478CAE0182: The snapshot info is null. Setting the last applied indexto:(t:0, i:~)
2019-08-21 03:08:39,359 [pool-170-thread-1] INFO  server.RaftServerConfigKeys (ConfUtils.java:logGet(43)) - raft.server.log.use.memory = false (default)
2019-08-21 03:08:39,359 [pool-159-thread-1] INFO  server.RaftServerConfigKeys (ConfUtils.java:logGet(43)) - raft.server.log.use.memory = false (default)
2019-08-21 03:08:39,360 [pool-170-thread-1] INFO  server.RaftServerConfigKeys (ConfUtils.java:logGet(43)) - raft.server.log.purge.gap = 1000000 (custom)
2019-08-21 03:08:39,359 [pool-148-thread-1] INFO  server.RaftServerConfigKeys (ConfUtils.java:logGet(43)) - raft.server.leader.election.timeout = 120s (custom)
2019-08-21 03:08:39,360 [pool-170-thread-1] INFO  server.RaftServerConfigKeys (ConfUtils.java:logGet(43)) - raft.server.log.appender.buffer.byte-limit = 33554432 (custom)
2019-08-21 03:08:39,360 [pool-159-thread-1] INFO  server.RaftServerConfigKeys (ConfUtils.java:logGet(43)) - raft.server.log.purge.gap = 1000000 (custom)
2019-08-21 03:08:39,360 [pool-170-thread-1] INFO  server.RaftServerConfigKeys (ConfUtils.java:logGet(43)) - raft.server.log.segment.size.max = 1048576 (custom)
2019-08-21 03:08:39,360 [pool-148-thread-1] INFO  server.RaftServerConfigKeys (ConfUtils.java:logGet(43)) - raft.server.log.use.memory = false (default)
2019-08-21 03:08:39,360 [pool-170-thread-1] INFO  server.RaftServerConfigKeys (ConfUtils.java:logGet(43)) - raft.server.log.segment.cache.num.max = 2 (custom)
2019-08-21 03:08:39,360 [pool-159-thread-1] INFO  server.RaftServerConfigKeys (ConfUtils.java:logGet(43)) - raft.server.log.appender.buffer.byte-limit = 33554432 (custom)
2019-08-21 03:08:39,361 [pool-170-thread-1] INFO  segmented.SegmentedRaftLogWorker (SegmentedRaftLogWorker.java:<init>(172)) - new 3b3fe35e-bec2-454a-8b04-4cf0fdd2f767-SegmentedRaftLogWorker:Storage Directory /workdir/hadoop-ozone/integration-test/target/test-dir/MiniOzoneClusterImpl-440523b1-d1bf-45a3-9b99-cb19fdde5e9b/datanode-2/data/ratis/68493208-36c8-46f0-af3f-39478cae0182 for RaftStorage:Storage Directory /workdir/hadoop-ozone/integration-test/target/test-dir/MiniOzoneClusterImpl-440523b1-d1bf-45a3-9b99-cb19fdde5e9b/datanode-2/data/ratis/68493208-36c8-46f0-af3f-39478cae0182
2019-08-21 03:08:39,360 [pool-148-thread-1] INFO  server.RaftServerConfigKeys (ConfUtils.java:logGet(43)) - raft.server.log.purge.gap = 1000000 (custom)
2019-08-21 03:08:39,361 [pool-170-thread-1] INFO  server.RaftServerConfigKeys (ConfUtils.java:logGet(43)) - raft.server.log.queue.byte-limit = 2147483647 (custom)
2019-08-21 03:08:39,361 [pool-159-thread-1] INFO  server.RaftServerConfigKeys (ConfUtils.java:logGet(43)) - raft.server.log.segment.size.max = 1048576 (custom)
2019-08-21 03:08:39,361 [pool-170-thread-1] INFO  server.RaftServerConfigKeys (ConfUtils.java:logGet(43)) - raft.server.log.queue.element-limit = 1024 (custom)
2019-08-21 03:08:39,361 [pool-148-thread-1] INFO  server.RaftServerConfigKeys (ConfUtils.java:logGet(43)) - raft.server.log.appender.buffer.byte-limit = 33554432 (custom)
2019-08-21 03:08:39,361 [pool-170-thread-1] INFO  server.RaftServerConfigKeys (ConfUtils.java:logGet(43)) - raft.server.log.segment.size.max = 1048576 (custom)
2019-08-21 03:08:39,361 [pool-159-thread-1] INFO  server.RaftServerConfigKeys (ConfUtils.java:logGet(43)) - raft.server.log.segment.cache.num.max = 2 (custom)
2019-08-21 03:08:39,362 [pool-170-thread-1] INFO  server.RaftServerConfigKeys (ConfUtils.java:logGet(43)) - raft.server.log.preallocated.size = 16384 (custom)
2019-08-21 03:08:39,361 [pool-148-thread-1] INFO  server.RaftServerConfigKeys (ConfUtils.java:logGet(43)) - raft.server.log.segment.size.max = 1048576 (custom)
2019-08-21 03:08:39,362 [pool-170-thread-1] INFO  server.RaftServerConfigKeys (ConfUtils.java:logGet(43)) - raft.server.log.write.buffer.size = 33554432 (custom)
2019-08-21 03:08:39,362 [pool-159-thread-1] INFO  segmented.SegmentedRaftLogWorker (SegmentedRaftLogWorker.java:<init>(172)) - new deffb78e-0f7f-4e6c-8f29-96a42428adf0-SegmentedRaftLogWorker:Storage Directory /workdir/hadoop-ozone/integration-test/target/test-dir/MiniOzoneClusterImpl-440523b1-d1bf-45a3-9b99-cb19fdde5e9b/datanode-1/data/ratis/68493208-36c8-46f0-af3f-39478cae0182 for RaftStorage:Storage Directory /workdir/hadoop-ozone/integration-test/target/test-dir/MiniOzoneClusterImpl-440523b1-d1bf-45a3-9b99-cb19fdde5e9b/datanode-1/data/ratis/68493208-36c8-46f0-af3f-39478cae0182
2019-08-21 03:08:39,362 [pool-170-thread-1] INFO  server.RaftServerConfigKeys (ConfUtils.java:logGet(43)) - raft.server.log.force.sync.num = 128 (default)
2019-08-21 03:08:39,362 [pool-148-thread-1] INFO  server.RaftServerConfigKeys (ConfUtils.java:logGet(43)) - raft.server.log.segment.cache.num.max = 2 (custom)
2019-08-21 03:08:39,362 [pool-170-thread-1] INFO  server.RaftServerConfigKeys (ConfUtils.java:logGet(43)) - raft.server.log.statemachine.data.sync = true (default)
2019-08-21 03:08:39,362 [pool-159-thread-1] INFO  server.RaftServerConfigKeys (ConfUtils.java:logGet(43)) - raft.server.log.queue.byte-limit = 2147483647 (custom)
2019-08-21 03:08:39,363 [pool-170-thread-1] INFO  server.RaftServerConfigKeys (ConfUtils.java:logGet(43)) - raft.server.log.statemachine.data.sync.timeout = 10s (default)
2019-08-21 03:08:39,362 [pool-148-thread-1] INFO  segmented.SegmentedRaftLogWorker (SegmentedRaftLogWorker.java:<init>(172)) - new afa424f4-ff41-4877-ad11-a15f16e37855-SegmentedRaftLogWorker:Storage Directory /workdir/hadoop-ozone/integration-test/target/test-dir/MiniOzoneClusterImpl-440523b1-d1bf-45a3-9b99-cb19fdde5e9b/datanode-0/data/ratis/68493208-36c8-46f0-af3f-39478cae0182 for RaftStorage:Storage Directory /workdir/hadoop-ozone/integration-test/target/test-dir/MiniOzoneClusterImpl-440523b1-d1bf-45a3-9b99-cb19fdde5e9b/datanode-0/data/ratis/68493208-36c8-46f0-af3f-39478cae0182
2019-08-21 03:08:39,363 [pool-170-thread-1] INFO  server.RaftServerConfigKeys (ConfUtils.java:logGet(43)) - raft.server.log.statemachine.data.sync.timeout.retry = -1 (default)
2019-08-21 03:08:39,363 [pool-159-thread-1] INFO  server.RaftServerConfigKeys (ConfUtils.java:logGet(43)) - raft.server.log.queue.element-limit = 1024 (custom)
2019-08-21 03:08:39,363 [pool-170-thread-1] INFO  server.RaftServerConfigKeys (ConfUtils.java:logGet(43)) - raft.server.log.statemachine.data.caching.enabled = true (custom)
2019-08-21 03:08:39,363 [pool-148-thread-1] INFO  server.RaftServerConfigKeys (ConfUtils.java:logGet(43)) - raft.server.log.queue.byte-limit = 2147483647 (custom)
2019-08-21 03:08:39,363 [pool-159-thread-1] INFO  server.RaftServerConfigKeys (ConfUtils.java:logGet(43)) - raft.server.log.segment.size.max = 1048576 (custom)
2019-08-21 03:08:39,363 [pool-170-thread-1] INFO  segmented.SegmentedRaftLogWorker (SegmentedRaftLogWorker.java:lambda$new$0(132)) - 3b3fe35e-bec2-454a-8b04-4cf0fdd2f767-SegmentedRaftLogWorker:Storage Directory /workdir/hadoop-ozone/integration-test/target/test-dir/MiniOzoneClusterImpl-440523b1-d1bf-45a3-9b99-cb19fdde5e9b/datanode-2/data/ratis/68493208-36c8-46f0-af3f-39478cae0182: flushIndex: setUnconditionally 0 -> -1
2019-08-21 03:08:39,363 [pool-148-thread-1] INFO  server.RaftServerConfigKeys (ConfUtils.java:logGet(43)) - raft.server.log.queue.element-limit = 1024 (custom)
2019-08-21 03:08:39,363 [pool-159-thread-1] INFO  server.RaftServerConfigKeys (ConfUtils.java:logGet(43)) - raft.server.log.preallocated.size = 16384 (custom)
2019-08-21 03:08:39,364 [pool-148-thread-1] INFO  server.RaftServerConfigKeys (ConfUtils.java:logGet(43)) - raft.server.log.segment.size.max = 1048576 (custom)
2019-08-21 03:08:39,364 [pool-170-thread-1] INFO  server.RaftServerConfigKeys (ConfUtils.java:logGet(43)) - raft.server.snapshot.auto.trigger.enabled = true (custom)
2019-08-21 03:08:39,364 [pool-148-thread-1] INFO  server.RaftServerConfigKeys (ConfUtils.java:logGet(43)) - raft.server.log.preallocated.size = 16384 (custom)
2019-08-21 03:08:39,364 [pool-159-thread-1] INFO  server.RaftServerConfigKeys (ConfUtils.java:logGet(43)) - raft.server.log.write.buffer.size = 33554432 (custom)
2019-08-21 03:08:39,364 [pool-148-thread-1] INFO  server.RaftServerConfigKeys (ConfUtils.java:logGet(43)) - raft.server.log.write.buffer.size = 33554432 (custom)
2019-08-21 03:08:39,364 [pool-170-thread-1] INFO  server.RaftServerConfigKeys (ConfUtils.java:logGet(43)) - raft.server.snapshot.auto.trigger.threshold = 10000 (custom)
2019-08-21 03:08:39,365 [pool-148-thread-1] INFO  server.RaftServerConfigKeys (ConfUtils.java:logGet(43)) - raft.server.log.force.sync.num = 128 (default)
2019-08-21 03:08:39,364 [pool-159-thread-1] INFO  server.RaftServerConfigKeys (ConfUtils.java:logGet(43)) - raft.server.log.force.sync.num = 128 (default)
2019-08-21 03:08:39,365 [pool-148-thread-1] INFO  server.RaftServerConfigKeys (ConfUtils.java:logGet(43)) - raft.server.log.statemachine.data.sync = true (default)
2019-08-21 03:08:39,365 [pool-170-thread-1] INFO  server.RaftServerConfigKeys (ConfUtils.java:logGet(43)) - raft.server.retrycache.expirytime = 600000ms (custom)
2019-08-21 03:08:39,365 [pool-148-thread-1] INFO  server.RaftServerConfigKeys (ConfUtils.java:logGet(43)) - raft.server.log.statemachine.data.sync.timeout = 10s (default)
2019-08-21 03:08:39,365 [pool-159-thread-1] INFO  server.RaftServerConfigKeys (ConfUtils.java:logGet(43)) - raft.server.log.statemachine.data.sync = true (default)
2019-08-21 03:08:39,365 [pool-148-thread-1] INFO  server.RaftServerConfigKeys (ConfUtils.java:logGet(43)) - raft.server.log.statemachine.data.sync.timeout.retry = -1 (default)
2019-08-21 03:08:39,365 [pool-170-thread-1] INFO  impl.RaftServerImpl (RaftServerImpl.java:start(180)) - 3b3fe35e-bec2-454a-8b04-4cf0fdd2f767: start group-39478CAE0182
2019-08-21 03:08:39,366 [pool-148-thread-1] INFO  server.RaftServerConfigKeys (ConfUtils.java:logGet(43)) - raft.server.log.statemachine.data.caching.enabled = true (custom)
2019-08-21 03:08:39,365 [pool-159-thread-1] INFO  server.RaftServerConfigKeys (ConfUtils.java:logGet(43)) - raft.server.log.statemachine.data.sync.timeout = 10s (default)
2019-08-21 03:08:39,366 [pool-170-thread-1] INFO  impl.RaftServerImpl (RaftServerImpl.java:setRole(171)) - 3b3fe35e-bec2-454a-8b04-4cf0fdd2f767:group-39478CAE0182 changes role from null to FOLLOWER at term 0 for startAsFollower
2019-08-21 03:08:39,366 [pool-148-thread-1] INFO  segmented.SegmentedRaftLogWorker (SegmentedRaftLogWorker.java:lambda$new$0(132)) - afa424f4-ff41-4877-ad11-a15f16e37855-SegmentedRaftLogWorker:Storage Directory /workdir/hadoop-ozone/integration-test/target/test-dir/MiniOzoneClusterImpl-440523b1-d1bf-45a3-9b99-cb19fdde5e9b/datanode-0/data/ratis/68493208-36c8-46f0-af3f-39478cae0182: flushIndex: setUnconditionally 0 -> -1
2019-08-21 03:08:39,366 [pool-159-thread-1] INFO  server.RaftServerConfigKeys (ConfUtils.java:logGet(43)) - raft.server.log.statemachine.data.sync.timeout.retry = -1 (default)
2019-08-21 03:08:39,366 [pool-170-thread-1] INFO  impl.RoleInfo (RoleInfo.java:updateAndGet(143)) - 3b3fe35e-bec2-454a-8b04-4cf0fdd2f767: start FollowerState
2019-08-21 03:08:39,366 [pool-148-thread-1] INFO  server.RaftServerConfigKeys (ConfUtils.java:logGet(43)) - raft.server.snapshot.auto.trigger.enabled = true (custom)
2019-08-21 03:08:39,366 [pool-159-thread-1] INFO  server.RaftServerConfigKeys (ConfUtils.java:logGet(43)) - raft.server.log.statemachine.data.caching.enabled = true (custom)
2019-08-21 03:08:39,366 [pool-148-thread-1] INFO  server.RaftServerConfigKeys (ConfUtils.java:logGet(43)) - raft.server.snapshot.auto.trigger.threshold = 10000 (custom)
2019-08-21 03:08:39,367 [pool-159-thread-1] INFO  segmented.SegmentedRaftLogWorker (SegmentedRaftLogWorker.java:lambda$new$0(132)) - deffb78e-0f7f-4e6c-8f29-96a42428adf0-SegmentedRaftLogWorker:Storage Directory /workdir/hadoop-ozone/integration-test/target/test-dir/MiniOzoneClusterImpl-440523b1-d1bf-45a3-9b99-cb19fdde5e9b/datanode-1/data/ratis/68493208-36c8-46f0-af3f-39478cae0182: flushIndex: setUnconditionally 0 -> -1
2019-08-21 03:08:39,367 [pool-170-thread-1] INFO  util.JmxRegister (JmxRegister.java:tryRegister(44)) - Successfully registered JMX Bean with object name Ratis:service=RaftServer,group=group-39478CAE0182,id=3b3fe35e-bec2-454a-8b04-4cf0fdd2f767
2019-08-21 03:08:39,367 [pool-159-thread-1] INFO  server.RaftServerConfigKeys (ConfUtils.java:logGet(43)) - raft.server.snapshot.auto.trigger.enabled = true (custom)
2019-08-21 03:08:39,367 [pool-148-thread-1] INFO  server.RaftServerConfigKeys (ConfUtils.java:logGet(43)) - raft.server.retrycache.expirytime = 600000ms (custom)
2019-08-21 03:08:39,367 [pool-159-thread-1] INFO  server.RaftServerConfigKeys (ConfUtils.java:logGet(43)) - raft.server.snapshot.auto.trigger.threshold = 10000 (custom)
2019-08-21 03:08:39,367 [pool-148-thread-1] INFO  impl.RaftServerImpl (RaftServerImpl.java:start(180)) - afa424f4-ff41-4877-ad11-a15f16e37855: start group-39478CAE0182
2019-08-21 03:08:39,367 [pool-159-thread-1] INFO  server.RaftServerConfigKeys (ConfUtils.java:logGet(43)) - raft.server.retrycache.expirytime = 600000ms (custom)
2019-08-21 03:08:39,367 [pool-148-thread-1] INFO  impl.RaftServerImpl (RaftServerImpl.java:setRole(171)) - afa424f4-ff41-4877-ad11-a15f16e37855:group-39478CAE0182 changes role from null to FOLLOWER at term 0 for startAsFollower
2019-08-21 03:08:39,368 [pool-159-thread-1] INFO  impl.RaftServerImpl (RaftServerImpl.java:start(180)) - deffb78e-0f7f-4e6c-8f29-96a42428adf0: start group-39478CAE0182
2019-08-21 03:08:39,368 [pool-148-thread-1] INFO  impl.RoleInfo (RoleInfo.java:updateAndGet(143)) - afa424f4-ff41-4877-ad11-a15f16e37855: start FollowerState
2019-08-21 03:08:39,368 [pool-159-thread-1] INFO  impl.RaftServerImpl (RaftServerImpl.java:setRole(171)) - deffb78e-0f7f-4e6c-8f29-96a42428adf0:group-39478CAE0182 changes role from null to FOLLOWER at term 0 for startAsFollower
2019-08-21 03:08:39,368 [pool-159-thread-1] INFO  impl.RoleInfo (RoleInfo.java:updateAndGet(143)) - deffb78e-0f7f-4e6c-8f29-96a42428adf0: start FollowerState
2019-08-21 03:08:39,368 [pool-148-thread-1] INFO  util.JmxRegister (JmxRegister.java:tryRegister(44)) - Successfully registered JMX Bean with object name Ratis:service=RaftServer,group=group-39478CAE0182,id=afa424f4-ff41-4877-ad11-a15f16e37855
2019-08-21 03:08:39,368 [pool-159-thread-1] INFO  util.JmxRegister (JmxRegister.java:tryRegister(44)) - Successfully registered JMX Bean with object name Ratis:service=RaftServer,group=group-39478CAE0182,id=deffb78e-0f7f-4e6c-8f29-96a42428adf0
2019-08-21 03:08:39,375 [RatisPipelineUtilsThread] INFO  pipeline.PipelineStateManager (PipelineStateManager.java:addPipeline(56)) - Created pipeline Pipeline[ Id: 68493208-36c8-46f0-af3f-39478cae0182, Nodes: deffb78e-0f7f-4e6c-8f29-96a42428adf0{ip: 192.168.69.79, host: pr-hdds-1927-xpkkb-2804094098, networkLocation: /default-rack, certSerialId: null}3b3fe35e-bec2-454a-8b04-4cf0fdd2f767{ip: 192.168.69.79, host: pr-hdds-1927-xpkkb-2804094098, networkLocation: /default-rack, certSerialId: null}afa424f4-ff41-4877-ad11-a15f16e37855{ip: 192.168.69.79, host: pr-hdds-1927-xpkkb-2804094098, networkLocation: /default-rack, certSerialId: null}, Type:RATIS, Factor:THREE, State:OPEN]
2019-08-21 03:08:39,493 [Datanode State Machine Thread - 0] INFO  statemachine.DatanodeStateMachine (DatanodeStateMachine.java:lambda$startDaemon$0(350)) - Ozone container server started.
2019-08-21 03:08:39,670 [Datanode State Machine Thread - 0] INFO  statemachine.DatanodeStateMachine (DatanodeStateMachine.java:lambda$startDaemon$0(350)) - Ozone container server started.
2019-08-21 03:08:39,699 [Thread-589] INFO  impl.FollowerState (FollowerState.java:run(106)) - afa424f4-ff41-4877-ad11-a15f16e37855:group-8AA392D4BC08 changes to CANDIDATE, lastRpcTime:5192, electionTimeout:5192ms
2019-08-21 03:08:39,699 [Thread-589] INFO  impl.RoleInfo (RoleInfo.java:shutdownFollowerState(121)) - afa424f4-ff41-4877-ad11-a15f16e37855: shutdown FollowerState
2019-08-21 03:08:39,699 [Thread-589] INFO  impl.RaftServerImpl (RaftServerImpl.java:setRole(171)) - afa424f4-ff41-4877-ad11-a15f16e37855:group-8AA392D4BC08 changes role from FOLLOWER to CANDIDATE at term 1 for changeToCandidate
2019-08-21 03:08:39,699 [Thread-589] INFO  impl.RoleInfo (RoleInfo.java:updateAndGet(143)) - afa424f4-ff41-4877-ad11-a15f16e37855: start LeaderElection
2019-08-21 03:08:39,716 [afa424f4-ff41-4877-ad11-a15f16e37855:group-8AA392D4BC08:LeaderElection20] INFO  impl.LeaderElection (LeaderElection.java:askForVotes(181)) - afa424f4-ff41-4877-ad11-a15f16e37855:group-8AA392D4BC08:LeaderElection20: begin an election at term 2 for 0: [afa424f4-ff41-4877-ad11-a15f16e37855:192.168.69.79:39673], old=null
2019-08-21 03:08:39,716 [afa424f4-ff41-4877-ad11-a15f16e37855:group-8AA392D4BC08:LeaderElection20] INFO  impl.RoleInfo (RoleInfo.java:shutdownLeaderElection(134)) - afa424f4-ff41-4877-ad11-a15f16e37855: shutdown LeaderElection
2019-08-21 03:08:39,716 [afa424f4-ff41-4877-ad11-a15f16e37855:group-8AA392D4BC08:LeaderElection20] INFO  impl.RaftServerImpl (RaftServerImpl.java:setRole(171)) - afa424f4-ff41-4877-ad11-a15f16e37855:group-8AA392D4BC08 changes role from CANDIDATE to LEADER at term 2 for changeToLeader
2019-08-21 03:08:39,716 [afa424f4-ff41-4877-ad11-a15f16e37855:group-8AA392D4BC08:LeaderElection20] INFO  impl.RaftServerImpl (ServerState.java:setLeader(263)) - afa424f4-ff41-4877-ad11-a15f16e37855:group-8AA392D4BC08 change Leader from null to afa424f4-ff41-4877-ad11-a15f16e37855 at term 2 for becomeLeader, leader elected after 6433ms
2019-08-21 03:08:39,716 [afa424f4-ff41-4877-ad11-a15f16e37855:group-8AA392D4BC08:LeaderElection20] INFO  server.RaftServerConfigKeys (ConfUtils.java:logGet(43)) - raft.server.staging.catchup.gap = 1000 (default)
2019-08-21 03:08:39,716 [afa424f4-ff41-4877-ad11-a15f16e37855:group-8AA392D4BC08:LeaderElection20] INFO  server.RaftServerConfigKeys (ConfUtils.java:logGet(43)) - raft.server.rpc.sleep.time = 25ms (default)
2019-08-21 03:08:39,717 [afa424f4-ff41-4877-ad11-a15f16e37855:group-8AA392D4BC08:LeaderElection20] INFO  server.RaftServerConfigKeys (ConfUtils.java:logGet(43)) - raft.server.write.element-limit = 4096 (default)
2019-08-21 03:08:39,717 [afa424f4-ff41-4877-ad11-a15f16e37855:group-8AA392D4BC08:LeaderElection20] INFO  server.RaftServerConfigKeys (ConfUtils.java:logGet(43)) - raft.server.watch.timeout = 10s (default)
2019-08-21 03:08:39,717 [afa424f4-ff41-4877-ad11-a15f16e37855:group-8AA392D4BC08:LeaderElection20] INFO  server.RaftServerConfigKeys (ConfUtils.java:logGet(43)) - raft.server.watch.timeout.denomination = 1s (default)
2019-08-21 03:08:39,717 [afa424f4-ff41-4877-ad11-a15f16e37855:group-8AA392D4BC08:LeaderElection20] INFO  server.RaftServerConfigKeys (ConfUtils.java:logGet(43)) - raft.server.watch.element-limit = 65536 (default)
2019-08-21 03:08:39,717 [afa424f4-ff41-4877-ad11-a15f16e37855:group-8AA392D4BC08:LeaderElection20] INFO  impl.RoleInfo (RoleInfo.java:updateAndGet(143)) - afa424f4-ff41-4877-ad11-a15f16e37855: start LeaderState
2019-08-21 03:08:39,718 [afa424f4-ff41-4877-ad11-a15f16e37855:group-8AA392D4BC08:LeaderElection20] INFO  segmented.SegmentedRaftLogWorker (SegmentedRaftLogWorker.java:rollLogSegment(385)) - afa424f4-ff41-4877-ad11-a15f16e37855-SegmentedRaftLogWorker:Storage Directory /workdir/hadoop-ozone/integration-test/target/test-dir/MiniOzoneClusterImpl-440523b1-d1bf-45a3-9b99-cb19fdde5e9b/datanode-0/data/ratis/023eca78-6422-44c0-9ed0-8aa392d4bc08: Rolling segment log-0_0 to index:0
2019-08-21 03:08:39,722 [afa424f4-ff41-4877-ad11-a15f16e37855-SegmentedRaftLogWorker:Storage Directory /workdir/hadoop-ozone/integration-test/target/test-dir/MiniOzoneClusterImpl-440523b1-d1bf-45a3-9b99-cb19fdde5e9b/datanode-0/data/ratis/023eca78-6422-44c0-9ed0-8aa392d4bc08] INFO  segmented.SegmentedRaftLogWorker (SegmentedRaftLogWorker.java:execute(526)) - afa424f4-ff41-4877-ad11-a15f16e37855-SegmentedRaftLogWorker:Storage Directory /workdir/hadoop-ozone/integration-test/target/test-dir/MiniOzoneClusterImpl-440523b1-d1bf-45a3-9b99-cb19fdde5e9b/datanode-0/data/ratis/023eca78-6422-44c0-9ed0-8aa392d4bc08: Rolled log segment from /workdir/hadoop-ozone/integration-test/target/test-dir/MiniOzoneClusterImpl-440523b1-d1bf-45a3-9b99-cb19fdde5e9b/datanode-0/data/ratis/023eca78-6422-44c0-9ed0-8aa392d4bc08/current/log_inprogress_0 to /workdir/hadoop-ozone/integration-test/target/test-dir/MiniOzoneClusterImpl-440523b1-d1bf-45a3-9b99-cb19fdde5e9b/datanode-0/data/ratis/023eca78-6422-44c0-9ed0-8aa392d4bc08/current/log_0-0
2019-08-21 03:08:39,725 [afa424f4-ff41-4877-ad11-a15f16e37855:group-8AA392D4BC08:LeaderElection20] INFO  impl.RaftServerImpl (ServerState.java:setRaftConf(361)) - afa424f4-ff41-4877-ad11-a15f16e37855:group-8AA392D4BC08 set configuration 1: [afa424f4-ff41-4877-ad11-a15f16e37855:192.168.69.79:39673], old=null at 1
2019-08-21 03:08:39,771 [afa424f4-ff41-4877-ad11-a15f16e37855-SegmentedRaftLogWorker:Storage Directory /workdir/hadoop-ozone/integration-test/target/test-dir/MiniOzoneClusterImpl-440523b1-d1bf-45a3-9b99-cb19fdde5e9b/datanode-0/data/ratis/023eca78-6422-44c0-9ed0-8aa392d4bc08] INFO  segmented.SegmentedRaftLogWorker (SegmentedRaftLogWorker.java:execute(569)) - afa424f4-ff41-4877-ad11-a15f16e37855-SegmentedRaftLogWorker:Storage Directory /workdir/hadoop-ozone/integration-test/target/test-dir/MiniOzoneClusterImpl-440523b1-d1bf-45a3-9b99-cb19fdde5e9b/datanode-0/data/ratis/023eca78-6422-44c0-9ed0-8aa392d4bc08: created new log segment /workdir/hadoop-ozone/integration-test/target/test-dir/MiniOzoneClusterImpl-440523b1-d1bf-45a3-9b99-cb19fdde5e9b/datanode-0/data/ratis/023eca78-6422-44c0-9ed0-8aa392d4bc08/current/log_inprogress_1
2019-08-21 03:08:39,825 [Thread-590] INFO  impl.FollowerState (FollowerState.java:run(106)) - deffb78e-0f7f-4e6c-8f29-96a42428adf0:group-6AEE6D77989A changes to CANDIDATE, lastRpcTime:5144, electionTimeout:5144ms
2019-08-21 03:08:39,825 [Thread-590] INFO  impl.RoleInfo (RoleInfo.java:shutdownFollowerState(121)) - deffb78e-0f7f-4e6c-8f29-96a42428adf0: shutdown FollowerState
2019-08-21 03:08:39,825 [Thread-590] INFO  impl.RaftServerImpl (RaftServerImpl.java:setRole(171)) - deffb78e-0f7f-4e6c-8f29-96a42428adf0:group-6AEE6D77989A changes role from FOLLOWER to CANDIDATE at term 1 for changeToCandidate
2019-08-21 03:08:39,825 [Thread-590] INFO  impl.RoleInfo (RoleInfo.java:updateAndGet(143)) - deffb78e-0f7f-4e6c-8f29-96a42428adf0: start LeaderElection
2019-08-21 03:08:39,846 [deffb78e-0f7f-4e6c-8f29-96a42428adf0:group-6AEE6D77989A:LeaderElection21] INFO  impl.LeaderElection (LeaderElection.java:askForVotes(181)) - deffb78e-0f7f-4e6c-8f29-96a42428adf0:group-6AEE6D77989A:LeaderElection21: begin an election at term 2 for 0: [deffb78e-0f7f-4e6c-8f29-96a42428adf0:192.168.69.79:40497], old=null
2019-08-21 03:08:39,846 [deffb78e-0f7f-4e6c-8f29-96a42428adf0:group-6AEE6D77989A:LeaderElection21] INFO  impl.RoleInfo (RoleInfo.java:shutdownLeaderElection(134)) - deffb78e-0f7f-4e6c-8f29-96a42428adf0: shutdown LeaderElection
2019-08-21 03:08:39,846 [deffb78e-0f7f-4e6c-8f29-96a42428adf0:group-6AEE6D77989A:LeaderElection21] INFO  impl.RaftServerImpl (RaftServerImpl.java:setRole(171)) - deffb78e-0f7f-4e6c-8f29-96a42428adf0:group-6AEE6D77989A changes role from CANDIDATE to LEADER at term 2 for changeToLeader
2019-08-21 03:08:39,846 [deffb78e-0f7f-4e6c-8f29-96a42428adf0:group-6AEE6D77989A:LeaderElection21] INFO  impl.RaftServerImpl (ServerState.java:setLeader(263)) - deffb78e-0f7f-4e6c-8f29-96a42428adf0:group-6AEE6D77989A change Leader from null to deffb78e-0f7f-4e6c-8f29-96a42428adf0 at term 2 for becomeLeader, leader elected after 6562ms
2019-08-21 03:08:39,846 [deffb78e-0f7f-4e6c-8f29-96a42428adf0:group-6AEE6D77989A:LeaderElection21] INFO  server.RaftServerConfigKeys (ConfUtils.java:logGet(43)) - raft.server.staging.catchup.gap = 1000 (default)
2019-08-21 03:08:39,847 [deffb78e-0f7f-4e6c-8f29-96a42428adf0:group-6AEE6D77989A:LeaderElection21] INFO  server.RaftServerConfigKeys (ConfUtils.java:logGet(43)) - raft.server.rpc.sleep.time = 25ms (default)
2019-08-21 03:08:39,847 [deffb78e-0f7f-4e6c-8f29-96a42428adf0:group-6AEE6D77989A:LeaderElection21] INFO  server.RaftServerConfigKeys (ConfUtils.java:logGet(43)) - raft.server.write.element-limit = 4096 (default)
2019-08-21 03:08:39,847 [deffb78e-0f7f-4e6c-8f29-96a42428adf0:group-6AEE6D77989A:LeaderElection21] INFO  server.RaftServerConfigKeys (ConfUtils.java:logGet(43)) - raft.server.watch.timeout = 10s (default)
2019-08-21 03:08:39,847 [deffb78e-0f7f-4e6c-8f29-96a42428adf0:group-6AEE6D77989A:LeaderElection21] INFO  server.RaftServerConfigKeys (ConfUtils.java:logGet(43)) - raft.server.watch.timeout.denomination = 1s (default)
2019-08-21 03:08:39,847 [deffb78e-0f7f-4e6c-8f29-96a42428adf0:group-6AEE6D77989A:LeaderElection21] INFO  server.RaftServerConfigKeys (ConfUtils.java:logGet(43)) - raft.server.watch.element-limit = 65536 (default)
2019-08-21 03:08:39,847 [deffb78e-0f7f-4e6c-8f29-96a42428adf0:group-6AEE6D77989A:LeaderElection21] INFO  impl.RoleInfo (RoleInfo.java:updateAndGet(143)) - deffb78e-0f7f-4e6c-8f29-96a42428adf0: start LeaderState
2019-08-21 03:08:39,848 [deffb78e-0f7f-4e6c-8f29-96a42428adf0:group-6AEE6D77989A:LeaderElection21] INFO  segmented.SegmentedRaftLogWorker (SegmentedRaftLogWorker.java:rollLogSegment(385)) - deffb78e-0f7f-4e6c-8f29-96a42428adf0-SegmentedRaftLogWorker:Storage Directory /workdir/hadoop-ozone/integration-test/target/test-dir/MiniOzoneClusterImpl-440523b1-d1bf-45a3-9b99-cb19fdde5e9b/datanode-1/data/ratis/f4627039-2ff2-42c9-ba0c-6aee6d77989a: Rolling segment log-0_0 to index:0
2019-08-21 03:08:39,850 [deffb78e-0f7f-4e6c-8f29-96a42428adf0:group-6AEE6D77989A:LeaderElection21] INFO  impl.RaftServerImpl (ServerState.java:setRaftConf(361)) - deffb78e-0f7f-4e6c-8f29-96a42428adf0:group-6AEE6D77989A set configuration 1: [deffb78e-0f7f-4e6c-8f29-96a42428adf0:192.168.69.79:40497], old=null at 1
2019-08-21 03:08:39,850 [deffb78e-0f7f-4e6c-8f29-96a42428adf0-SegmentedRaftLogWorker:Storage Directory /workdir/hadoop-ozone/integration-test/target/test-dir/MiniOzoneClusterImpl-440523b1-d1bf-45a3-9b99-cb19fdde5e9b/datanode-1/data/ratis/f4627039-2ff2-42c9-ba0c-6aee6d77989a] INFO  segmented.SegmentedRaftLogWorker (SegmentedRaftLogWorker.java:execute(526)) - deffb78e-0f7f-4e6c-8f29-96a42428adf0-SegmentedRaftLogWorker:Storage Directory /workdir/hadoop-ozone/integration-test/target/test-dir/MiniOzoneClusterImpl-440523b1-d1bf-45a3-9b99-cb19fdde5e9b/datanode-1/data/ratis/f4627039-2ff2-42c9-ba0c-6aee6d77989a: Rolled log segment from /workdir/hadoop-ozone/integration-test/target/test-dir/MiniOzoneClusterImpl-440523b1-d1bf-45a3-9b99-cb19fdde5e9b/datanode-1/data/ratis/f4627039-2ff2-42c9-ba0c-6aee6d77989a/current/log_inprogress_0 to /workdir/hadoop-ozone/integration-test/target/test-dir/MiniOzoneClusterImpl-440523b1-d1bf-45a3-9b99-cb19fdde5e9b/datanode-1/data/ratis/f4627039-2ff2-42c9-ba0c-6aee6d77989a/current/log_0-0
2019-08-21 03:08:39,898 [deffb78e-0f7f-4e6c-8f29-96a42428adf0-SegmentedRaftLogWorker:Storage Directory /workdir/hadoop-ozone/integration-test/target/test-dir/MiniOzoneClusterImpl-440523b1-d1bf-45a3-9b99-cb19fdde5e9b/datanode-1/data/ratis/f4627039-2ff2-42c9-ba0c-6aee6d77989a] INFO  segmented.SegmentedRaftLogWorker (SegmentedRaftLogWorker.java:execute(569)) - deffb78e-0f7f-4e6c-8f29-96a42428adf0-SegmentedRaftLogWorker:Storage Directory /workdir/hadoop-ozone/integration-test/target/test-dir/MiniOzoneClusterImpl-440523b1-d1bf-45a3-9b99-cb19fdde5e9b/datanode-1/data/ratis/f4627039-2ff2-42c9-ba0c-6aee6d77989a: created new log segment /workdir/hadoop-ozone/integration-test/target/test-dir/MiniOzoneClusterImpl-440523b1-d1bf-45a3-9b99-cb19fdde5e9b/datanode-1/data/ratis/f4627039-2ff2-42c9-ba0c-6aee6d77989a/current/log_inprogress_1
2019-08-21 03:08:40,046 | INFO  | SCMAudit | user=jenkins1000 | ip=192.168.69.79 | op=SEND_HEARTBEAT {datanodeUUID=3b3fe35e-bec2-454a-8b04-4cf0fdd2f767, command=[]} | ret=SUCCESS |  
2019-08-21 03:08:40,115 [Thread-593] INFO  impl.FollowerState (FollowerState.java:run(106)) - 3b3fe35e-bec2-454a-8b04-4cf0fdd2f767:group-9E930A021B0A changes to CANDIDATE, lastRpcTime:5061, electionTimeout:5061ms
2019-08-21 03:08:40,116 [Thread-593] INFO  impl.RoleInfo (RoleInfo.java:shutdownFollowerState(121)) - 3b3fe35e-bec2-454a-8b04-4cf0fdd2f767: shutdown FollowerState
2019-08-21 03:08:40,116 [Thread-593] INFO  impl.RaftServerImpl (RaftServerImpl.java:setRole(171)) - 3b3fe35e-bec2-454a-8b04-4cf0fdd2f767:group-9E930A021B0A changes role from FOLLOWER to CANDIDATE at term 1 for changeToCandidate
2019-08-21 03:08:40,116 [Thread-593] INFO  impl.RoleInfo (RoleInfo.java:updateAndGet(143)) - 3b3fe35e-bec2-454a-8b04-4cf0fdd2f767: start LeaderElection
2019-08-21 03:08:40,133 [3b3fe35e-bec2-454a-8b04-4cf0fdd2f767:group-9E930A021B0A:LeaderElection22] INFO  impl.LeaderElection (LeaderElection.java:askForVotes(181)) - 3b3fe35e-bec2-454a-8b04-4cf0fdd2f767:group-9E930A021B0A:LeaderElection22: begin an election at term 2 for 0: [3b3fe35e-bec2-454a-8b04-4cf0fdd2f767:192.168.69.79:32992], old=null
2019-08-21 03:08:40,133 [3b3fe35e-bec2-454a-8b04-4cf0fdd2f767:group-9E930A021B0A:LeaderElection22] INFO  impl.RoleInfo (RoleInfo.java:shutdownLeaderElection(134)) - 3b3fe35e-bec2-454a-8b04-4cf0fdd2f767: shutdown LeaderElection
2019-08-21 03:08:40,133 [3b3fe35e-bec2-454a-8b04-4cf0fdd2f767:group-9E930A021B0A:LeaderElection22] INFO  impl.RaftServerImpl (RaftServerImpl.java:setRole(171)) - 3b3fe35e-bec2-454a-8b04-4cf0fdd2f767:group-9E930A021B0A changes role from CANDIDATE to LEADER at term 2 for changeToLeader
2019-08-21 03:08:40,133 [3b3fe35e-bec2-454a-8b04-4cf0fdd2f767:group-9E930A021B0A:LeaderElection22] INFO  impl.RaftServerImpl (ServerState.java:setLeader(263)) - 3b3fe35e-bec2-454a-8b04-4cf0fdd2f767:group-9E930A021B0A change Leader from null to 3b3fe35e-bec2-454a-8b04-4cf0fdd2f767 at term 2 for becomeLeader, leader elected after 6849ms
2019-08-21 03:08:40,133 [3b3fe35e-bec2-454a-8b04-4cf0fdd2f767:group-9E930A021B0A:LeaderElection22] INFO  server.RaftServerConfigKeys (ConfUtils.java:logGet(43)) - raft.server.staging.catchup.gap = 1000 (default)
2019-08-21 03:08:40,134 [3b3fe35e-bec2-454a-8b04-4cf0fdd2f767:group-9E930A021B0A:LeaderElection22] INFO  server.RaftServerConfigKeys (ConfUtils.java:logGet(43)) - raft.server.rpc.sleep.time = 25ms (default)
2019-08-21 03:08:40,134 [3b3fe35e-bec2-454a-8b04-4cf0fdd2f767:group-9E930A021B0A:LeaderElection22] INFO  server.RaftServerConfigKeys (ConfUtils.java:logGet(43)) - raft.server.write.element-limit = 4096 (default)
2019-08-21 03:08:40,134 [3b3fe35e-bec2-454a-8b04-4cf0fdd2f767:group-9E930A021B0A:LeaderElection22] INFO  server.RaftServerConfigKeys (ConfUtils.java:logGet(43)) - raft.server.watch.timeout = 10s (default)
2019-08-21 03:08:40,134 [3b3fe35e-bec2-454a-8b04-4cf0fdd2f767:group-9E930A021B0A:LeaderElection22] INFO  server.RaftServerConfigKeys (ConfUtils.java:logGet(43)) - raft.server.watch.timeout.denomination = 1s (default)
2019-08-21 03:08:40,134 [3b3fe35e-bec2-454a-8b04-4cf0fdd2f767:group-9E930A021B0A:LeaderElection22] INFO  server.RaftServerConfigKeys (ConfUtils.java:logGet(43)) - raft.server.watch.element-limit = 65536 (default)
2019-08-21 03:08:40,135 [3b3fe35e-bec2-454a-8b04-4cf0fdd2f767:group-9E930A021B0A:LeaderElection22] INFO  impl.RoleInfo (RoleInfo.java:updateAndGet(143)) - 3b3fe35e-bec2-454a-8b04-4cf0fdd2f767: start LeaderState
2019-08-21 03:08:40,135 [3b3fe35e-bec2-454a-8b04-4cf0fdd2f767:group-9E930A021B0A:LeaderElection22] INFO  segmented.SegmentedRaftLogWorker (SegmentedRaftLogWorker.java:rollLogSegment(385)) - 3b3fe35e-bec2-454a-8b04-4cf0fdd2f767-SegmentedRaftLogWorker:Storage Directory /workdir/hadoop-ozone/integration-test/target/test-dir/MiniOzoneClusterImpl-440523b1-d1bf-45a3-9b99-cb19fdde5e9b/datanode-2/data/ratis/d48c85b3-3ff6-4c2f-a799-9e930a021b0a: Rolling segment log-0_0 to index:0
2019-08-21 03:08:40,137 [3b3fe35e-bec2-454a-8b04-4cf0fdd2f767:group-9E930A021B0A:LeaderElection22] INFO  impl.RaftServerImpl (ServerState.java:setRaftConf(361)) - 3b3fe35e-bec2-454a-8b04-4cf0fdd2f767:group-9E930A021B0A set configuration 1: [3b3fe35e-bec2-454a-8b04-4cf0fdd2f767:192.168.69.79:32992], old=null at 1
2019-08-21 03:08:40,138 [3b3fe35e-bec2-454a-8b04-4cf0fdd2f767-SegmentedRaftLogWorker:Storage Directory /workdir/hadoop-ozone/integration-test/target/test-dir/MiniOzoneClusterImpl-440523b1-d1bf-45a3-9b99-cb19fdde5e9b/datanode-2/data/ratis/d48c85b3-3ff6-4c2f-a799-9e930a021b0a] INFO  segmented.SegmentedRaftLogWorker (SegmentedRaftLogWorker.java:execute(526)) - 3b3fe35e-bec2-454a-8b04-4cf0fdd2f767-SegmentedRaftLogWorker:Storage Directory /workdir/hadoop-ozone/integration-test/target/test-dir/MiniOzoneClusterImpl-440523b1-d1bf-45a3-9b99-cb19fdde5e9b/datanode-2/data/ratis/d48c85b3-3ff6-4c2f-a799-9e930a021b0a: Rolled log segment from /workdir/hadoop-ozone/integration-test/target/test-dir/MiniOzoneClusterImpl-440523b1-d1bf-45a3-9b99-cb19fdde5e9b/datanode-2/data/ratis/d48c85b3-3ff6-4c2f-a799-9e930a021b0a/current/log_inprogress_0 to /workdir/hadoop-ozone/integration-test/target/test-dir/MiniOzoneClusterImpl-440523b1-d1bf-45a3-9b99-cb19fdde5e9b/datanode-2/data/ratis/d48c85b3-3ff6-4c2f-a799-9e930a021b0a/current/log_0-0
2019-08-21 03:08:40,185 [3b3fe35e-bec2-454a-8b04-4cf0fdd2f767-SegmentedRaftLogWorker:Storage Directory /workdir/hadoop-ozone/integration-test/target/test-dir/MiniOzoneClusterImpl-440523b1-d1bf-45a3-9b99-cb19fdde5e9b/datanode-2/data/ratis/d48c85b3-3ff6-4c2f-a799-9e930a021b0a] INFO  segmented.SegmentedRaftLogWorker (SegmentedRaftLogWorker.java:execute(569)) - 3b3fe35e-bec2-454a-8b04-4cf0fdd2f767-SegmentedRaftLogWorker:Storage Directory /workdir/hadoop-ozone/integration-test/target/test-dir/MiniOzoneClusterImpl-440523b1-d1bf-45a3-9b99-cb19fdde5e9b/datanode-2/data/ratis/d48c85b3-3ff6-4c2f-a799-9e930a021b0a: created new log segment /workdir/hadoop-ozone/integration-test/target/test-dir/MiniOzoneClusterImpl-440523b1-d1bf-45a3-9b99-cb19fdde5e9b/datanode-2/data/ratis/d48c85b3-3ff6-4c2f-a799-9e930a021b0a/current/log_inprogress_1
2019-08-21 03:08:41,046 | INFO  | SCMAudit | user=jenkins1000 | ip=192.168.69.79 | op=SEND_HEARTBEAT {datanodeUUID=3b3fe35e-bec2-454a-8b04-4cf0fdd2f767, command=[]} | ret=SUCCESS |  
2019-08-21 03:08:42,047 | INFO  | SCMAudit | user=jenkins1000 | ip=192.168.69.79 | op=SEND_HEARTBEAT {datanodeUUID=3b3fe35e-bec2-454a-8b04-4cf0fdd2f767, command=[]} | ret=SUCCESS |  
2019-08-21 03:08:43,048 | INFO  | SCMAudit | user=jenkins1000 | ip=192.168.69.79 | op=SEND_HEARTBEAT {datanodeUUID=3b3fe35e-bec2-454a-8b04-4cf0fdd2f767, command=[]} | ret=SUCCESS |  
2019-08-21 03:08:44,048 | INFO  | SCMAudit | user=jenkins1000 | ip=192.168.69.79 | op=SEND_HEARTBEAT {datanodeUUID=3b3fe35e-bec2-454a-8b04-4cf0fdd2f767, command=[]} | ret=SUCCESS |  
2019-08-21 03:08:44,080 [main] INFO  ozoneimpl.OzoneContainer (OzoneContainer.java:stop(199)) - Attempting to stop container services.
2019-08-21 03:08:44,081 [ForkJoinPool.commonPool-worker-1] INFO  ozoneimpl.OzoneContainer (OzoneContainer.java:stop(199)) - Attempting to stop container services.
2019-08-21 03:08:44,081 [main] INFO  impl.RaftServerProxy (RaftServerProxy.java:lambda$close$4(314)) - deffb78e-0f7f-4e6c-8f29-96a42428adf0: close
2019-08-21 03:08:44,081 [ForkJoinPool.commonPool-worker-1] INFO  impl.RaftServerProxy (RaftServerProxy.java:lambda$close$4(314)) - afa424f4-ff41-4877-ad11-a15f16e37855: close
2019-08-21 03:08:44,084 [main] INFO  impl.RaftServerImpl (RaftServerImpl.java:lambda$shutdown$3(245)) - deffb78e-0f7f-4e6c-8f29-96a42428adf0: shutdown group-4DFDC317B4DB
2019-08-21 03:08:44,084 [ForkJoinPool.commonPool-worker-1] INFO  impl.RaftServerImpl (RaftServerImpl.java:lambda$shutdown$3(245)) - afa424f4-ff41-4877-ad11-a15f16e37855: shutdown group-1BD9795BD77D
2019-08-21 03:08:44,084 [main] INFO  util.JmxRegister (JmxRegister.java:unregister(73)) - Successfully un-registered JMX Bean with object name Ratis:service=RaftServer,group=group-4DFDC317B4DB,id=deffb78e-0f7f-4e6c-8f29-96a42428adf0
2019-08-21 03:08:44,085 [ForkJoinPool.commonPool-worker-1] INFO  util.JmxRegister (JmxRegister.java:unregister(73)) - Successfully un-registered JMX Bean with object name Ratis:service=RaftServer,group=group-1BD9795BD77D,id=afa424f4-ff41-4877-ad11-a15f16e37855
2019-08-21 03:08:44,085 [main] INFO  impl.RoleInfo (RoleInfo.java:shutdownFollowerState(121)) - deffb78e-0f7f-4e6c-8f29-96a42428adf0: shutdown FollowerState
2019-08-21 03:08:44,086 [main] INFO  impl.StateMachineUpdater (StateMachineUpdater.java:stopAndJoin(115)) - StateMachineUpdater:deffb78e-0f7f-4e6c-8f29-96a42428adf0:group-4DFDC317B4DB: set stopIndex = -1
2019-08-21 03:08:44,085 [ForkJoinPool.commonPool-worker-1] INFO  impl.RoleInfo (RoleInfo.java:shutdownFollowerState(121)) - afa424f4-ff41-4877-ad11-a15f16e37855: shutdown FollowerState
2019-08-21 03:08:44,088 [main] INFO  impl.RaftServerImpl (ServerState.java:close(394)) - deffb78e-0f7f-4e6c-8f29-96a42428adf0:group-4DFDC317B4DB closes. The last applied log index is -1
2019-08-21 03:08:44,086 [Thread-599] INFO  impl.FollowerState (FollowerState.java:run(114)) - deffb78e-0f7f-4e6c-8f29-96a42428adf0: FollowerState was interrupted: java.lang.InterruptedException: sleep interrupted
2019-08-21 03:08:44,090 [deffb78e-0f7f-4e6c-8f29-96a42428adf0-SegmentedRaftLogWorker:Storage Directory /workdir/hadoop-ozone/integration-test/target/test-dir/MiniOzoneClusterImpl-440523b1-d1bf-45a3-9b99-cb19fdde5e9b/datanode-1/data/ratis/b765ac65-b77c-47d5-8cad-4dfdc317b4db] INFO  segmented.SegmentedRaftLogWorker (SegmentedRaftLogWorker.java:run(313)) - deffb78e-0f7f-4e6c-8f29-96a42428adf0-SegmentedRaftLogWorker:Storage Directory /workdir/hadoop-ozone/integration-test/target/test-dir/MiniOzoneClusterImpl-440523b1-d1bf-45a3-9b99-cb19fdde5e9b/datanode-1/data/ratis/b765ac65-b77c-47d5-8cad-4dfdc317b4db was interrupted, exiting. There are 0 tasks remaining in the queue.
2019-08-21 03:08:44,088 [Thread-605] INFO  impl.FollowerState (FollowerState.java:run(114)) - afa424f4-ff41-4877-ad11-a15f16e37855: FollowerState was interrupted: java.lang.InterruptedException: sleep interrupted
2019-08-21 03:08:44,088 [ForkJoinPool.commonPool-worker-1] INFO  impl.StateMachineUpdater (StateMachineUpdater.java:stopAndJoin(115)) - StateMachineUpdater:afa424f4-ff41-4877-ad11-a15f16e37855:group-1BD9795BD77D: set stopIndex = -1
2019-08-21 03:08:44,093 [ForkJoinPool.commonPool-worker-1] INFO  impl.RaftServerImpl (ServerState.java:close(394)) - afa424f4-ff41-4877-ad11-a15f16e37855:group-1BD9795BD77D closes. The last applied log index is -1
2019-08-21 03:08:44,092 [main] INFO  segmented.SegmentedRaftLogWorker (SegmentedRaftLogWorker.java:close(228)) - deffb78e-0f7f-4e6c-8f29-96a42428adf0-SegmentedRaftLogWorker:Storage Directory /workdir/hadoop-ozone/integration-test/target/test-dir/MiniOzoneClusterImpl-440523b1-d1bf-45a3-9b99-cb19fdde5e9b/datanode-1/data/ratis/b765ac65-b77c-47d5-8cad-4dfdc317b4db close()
2019-08-21 03:08:44,094 [afa424f4-ff41-4877-ad11-a15f16e37855-SegmentedRaftLogWorker:Storage Directory /workdir/hadoop-ozone/integration-test/target/test-dir/MiniOzoneClusterImpl-440523b1-d1bf-45a3-9b99-cb19fdde5e9b/datanode-0/data/ratis/a3b096f0-01fd-48d8-8b68-1bd9795bd77d] INFO  segmented.SegmentedRaftLogWorker (SegmentedRaftLogWorker.java:run(313)) - afa424f4-ff41-4877-ad11-a15f16e37855-SegmentedRaftLogWorker:Storage Directory /workdir/hadoop-ozone/integration-test/target/test-dir/MiniOzoneClusterImpl-440523b1-d1bf-45a3-9b99-cb19fdde5e9b/datanode-0/data/ratis/a3b096f0-01fd-48d8-8b68-1bd9795bd77d was interrupted, exiting. There are 0 tasks remaining in the queue.
2019-08-21 03:08:44,096 [main] INFO  impl.RaftServerImpl (RaftServerImpl.java:lambda$shutdown$3(245)) - deffb78e-0f7f-4e6c-8f29-96a42428adf0: shutdown group-39478CAE0182
2019-08-21 03:08:44,096 [ForkJoinPool.commonPool-worker-1] INFO  segmented.SegmentedRaftLogWorker (SegmentedRaftLogWorker.java:close(228)) - afa424f4-ff41-4877-ad11-a15f16e37855-SegmentedRaftLogWorker:Storage Directory /workdir/hadoop-ozone/integration-test/target/test-dir/MiniOzoneClusterImpl-440523b1-d1bf-45a3-9b99-cb19fdde5e9b/datanode-0/data/ratis/a3b096f0-01fd-48d8-8b68-1bd9795bd77d close()
2019-08-21 03:08:44,097 [main] INFO  util.JmxRegister (JmxRegister.java:unregister(73)) - Successfully un-registered JMX Bean with object name Ratis:service=RaftServer,group=group-39478CAE0182,id=deffb78e-0f7f-4e6c-8f29-96a42428adf0
2019-08-21 03:08:44,100 [ForkJoinPool.commonPool-worker-1] INFO  impl.RaftServerImpl (RaftServerImpl.java:lambda$shutdown$3(245)) - afa424f4-ff41-4877-ad11-a15f16e37855: shutdown group-8AA392D4BC08
2019-08-21 03:08:44,100 [main] INFO  impl.RoleInfo (RoleInfo.java:shutdownFollowerState(121)) - deffb78e-0f7f-4e6c-8f29-96a42428adf0: shutdown FollowerState
2019-08-21 03:08:44,100 [ForkJoinPool.commonPool-worker-1] INFO  util.JmxRegister (JmxRegister.java:unregister(73)) - Successfully un-registered JMX Bean with object name Ratis:service=RaftServer,group=group-8AA392D4BC08,id=afa424f4-ff41-4877-ad11-a15f16e37855
2019-08-21 03:08:44,100 [Thread-613] INFO  impl.FollowerState (FollowerState.java:run(114)) - deffb78e-0f7f-4e6c-8f29-96a42428adf0: FollowerState was interrupted: java.lang.InterruptedException: sleep interrupted
2019-08-21 03:08:44,100 [main] INFO  impl.StateMachineUpdater (StateMachineUpdater.java:stopAndJoin(115)) - StateMachineUpdater:deffb78e-0f7f-4e6c-8f29-96a42428adf0:group-39478CAE0182: set stopIndex = -1
2019-08-21 03:08:44,105 [ForkJoinPool.commonPool-worker-1] INFO  impl.RoleInfo (RoleInfo.java:shutdownLeaderState(104)) - afa424f4-ff41-4877-ad11-a15f16e37855: shutdown LeaderState
2019-08-21 03:08:44,107 [main] INFO  impl.RaftServerImpl (ServerState.java:close(394)) - deffb78e-0f7f-4e6c-8f29-96a42428adf0:group-39478CAE0182 closes. The last applied log index is -1
2019-08-21 03:08:44,107 [ForkJoinPool.commonPool-worker-1] INFO  impl.PendingRequests (PendingRequests.java:sendNotLeaderResponses(202)) - afa424f4-ff41-4877-ad11-a15f16e37855-PendingRequests: sendNotLeaderResponses
2019-08-21 03:08:44,108 [deffb78e-0f7f-4e6c-8f29-96a42428adf0-SegmentedRaftLogWorker:Storage Directory /workdir/hadoop-ozone/integration-test/target/test-dir/MiniOzoneClusterImpl-440523b1-d1bf-45a3-9b99-cb19fdde5e9b/datanode-1/data/ratis/68493208-36c8-46f0-af3f-39478cae0182] INFO  segmented.SegmentedRaftLogWorker (SegmentedRaftLogWorker.java:run(313)) - deffb78e-0f7f-4e6c-8f29-96a42428adf0-SegmentedRaftLogWorker:Storage Directory /workdir/hadoop-ozone/integration-test/target/test-dir/MiniOzoneClusterImpl-440523b1-d1bf-45a3-9b99-cb19fdde5e9b/datanode-1/data/ratis/68493208-36c8-46f0-af3f-39478cae0182 was interrupted, exiting. There are 0 tasks remaining in the queue.
2019-08-21 03:08:44,113 [ForkJoinPool.commonPool-worker-1] INFO  impl.StateMachineUpdater (StateMachineUpdater.java:stopAndJoin(115)) - StateMachineUpdater:afa424f4-ff41-4877-ad11-a15f16e37855:group-8AA392D4BC08: set stopIndex = 2
2019-08-21 03:08:44,113 [main] INFO  segmented.SegmentedRaftLogWorker (SegmentedRaftLogWorker.java:close(228)) - deffb78e-0f7f-4e6c-8f29-96a42428adf0-SegmentedRaftLogWorker:Storage Directory /workdir/hadoop-ozone/integration-test/target/test-dir/MiniOzoneClusterImpl-440523b1-d1bf-45a3-9b99-cb19fdde5e9b/datanode-1/data/ratis/68493208-36c8-46f0-af3f-39478cae0182 close()
2019-08-21 03:08:44,113 [ForkJoinPool.commonPool-worker-1] INFO  impl.RaftServerImpl (ServerState.java:close(394)) - afa424f4-ff41-4877-ad11-a15f16e37855:group-8AA392D4BC08 closes. The last applied log index is 2
2019-08-21 03:08:44,116 [main] INFO  impl.RaftServerImpl (RaftServerImpl.java:lambda$shutdown$3(245)) - deffb78e-0f7f-4e6c-8f29-96a42428adf0: shutdown group-6AEE6D77989A
2019-08-21 03:08:44,116 [afa424f4-ff41-4877-ad11-a15f16e37855-SegmentedRaftLogWorker:Storage Directory /workdir/hadoop-ozone/integration-test/target/test-dir/MiniOzoneClusterImpl-440523b1-d1bf-45a3-9b99-cb19fdde5e9b/datanode-0/data/ratis/023eca78-6422-44c0-9ed0-8aa392d4bc08] INFO  segmented.SegmentedRaftLogWorker (SegmentedRaftLogWorker.java:run(313)) - afa424f4-ff41-4877-ad11-a15f16e37855-SegmentedRaftLogWorker:Storage Directory /workdir/hadoop-ozone/integration-test/target/test-dir/MiniOzoneClusterImpl-440523b1-d1bf-45a3-9b99-cb19fdde5e9b/datanode-0/data/ratis/023eca78-6422-44c0-9ed0-8aa392d4bc08 was interrupted, exiting. There are 0 tasks remaining in the queue.
2019-08-21 03:08:44,116 [main] INFO  util.JmxRegister (JmxRegister.java:unregister(73)) - Successfully un-registered JMX Bean with object name Ratis:service=RaftServer,group=group-6AEE6D77989A,id=deffb78e-0f7f-4e6c-8f29-96a42428adf0
2019-08-21 03:08:44,118 [ForkJoinPool.commonPool-worker-1] INFO  segmented.SegmentedRaftLogWorker (SegmentedRaftLogWorker.java:close(228)) - afa424f4-ff41-4877-ad11-a15f16e37855-SegmentedRaftLogWorker:Storage Directory /workdir/hadoop-ozone/integration-test/target/test-dir/MiniOzoneClusterImpl-440523b1-d1bf-45a3-9b99-cb19fdde5e9b/datanode-0/data/ratis/023eca78-6422-44c0-9ed0-8aa392d4bc08 close()
2019-08-21 03:08:44,118 [main] INFO  impl.RoleInfo (RoleInfo.java:shutdownLeaderState(104)) - deffb78e-0f7f-4e6c-8f29-96a42428adf0: shutdown LeaderState
2019-08-21 03:08:44,120 [ForkJoinPool.commonPool-worker-1] INFO  impl.RaftServerImpl (RaftServerImpl.java:lambda$shutdown$3(245)) - afa424f4-ff41-4877-ad11-a15f16e37855: shutdown group-39478CAE0182
2019-08-21 03:08:44,121 [main] INFO  impl.PendingRequests (PendingRequests.java:sendNotLeaderResponses(202)) - deffb78e-0f7f-4e6c-8f29-96a42428adf0-PendingRequests: sendNotLeaderResponses
2019-08-21 03:08:44,121 [ForkJoinPool.commonPool-worker-1] INFO  util.JmxRegister (JmxRegister.java:unregister(73)) - Successfully un-registered JMX Bean with object name Ratis:service=RaftServer,group=group-39478CAE0182,id=afa424f4-ff41-4877-ad11-a15f16e37855
2019-08-21 03:08:44,126 [main] INFO  impl.StateMachineUpdater (StateMachineUpdater.java:stopAndJoin(115)) - StateMachineUpdater:deffb78e-0f7f-4e6c-8f29-96a42428adf0:group-6AEE6D77989A: set stopIndex = 2
2019-08-21 03:08:44,126 [ForkJoinPool.commonPool-worker-1] INFO  impl.RoleInfo (RoleInfo.java:shutdownFollowerState(121)) - afa424f4-ff41-4877-ad11-a15f16e37855: shutdown FollowerState
2019-08-21 03:08:44,126 [main] INFO  impl.RaftServerImpl (ServerState.java:close(394)) - deffb78e-0f7f-4e6c-8f29-96a42428adf0:group-6AEE6D77989A closes. The last applied log index is 2
2019-08-21 03:08:44,127 [Thread-612] INFO  impl.FollowerState (FollowerState.java:run(114)) - afa424f4-ff41-4877-ad11-a15f16e37855: FollowerState was interrupted: java.lang.InterruptedException: sleep interrupted
2019-08-21 03:08:44,127 [deffb78e-0f7f-4e6c-8f29-96a42428adf0-SegmentedRaftLogWorker:Storage Directory /workdir/hadoop-ozone/integration-test/target/test-dir/MiniOzoneClusterImpl-440523b1-d1bf-45a3-9b99-cb19fdde5e9b/datanode-1/data/ratis/f4627039-2ff2-42c9-ba0c-6aee6d77989a] INFO  segmented.SegmentedRaftLogWorker (SegmentedRaftLogWorker.java:run(313)) - deffb78e-0f7f-4e6c-8f29-96a42428adf0-SegmentedRaftLogWorker:Storage Directory /workdir/hadoop-ozone/integration-test/target/test-dir/MiniOzoneClusterImpl-440523b1-d1bf-45a3-9b99-cb19fdde5e9b/datanode-1/data/ratis/f4627039-2ff2-42c9-ba0c-6aee6d77989a was interrupted, exiting. There are 0 tasks remaining in the queue.
2019-08-21 03:08:44,127 [ForkJoinPool.commonPool-worker-1] INFO  impl.StateMachineUpdater (StateMachineUpdater.java:stopAndJoin(115)) - StateMachineUpdater:afa424f4-ff41-4877-ad11-a15f16e37855:group-39478CAE0182: set stopIndex = -1
2019-08-21 03:08:44,130 [main] INFO  segmented.SegmentedRaftLogWorker (SegmentedRaftLogWorker.java:close(228)) - deffb78e-0f7f-4e6c-8f29-96a42428adf0-SegmentedRaftLogWorker:Storage Directory /workdir/hadoop-ozone/integration-test/target/test-dir/MiniOzoneClusterImpl-440523b1-d1bf-45a3-9b99-cb19fdde5e9b/datanode-1/data/ratis/f4627039-2ff2-42c9-ba0c-6aee6d77989a close()
2019-08-21 03:08:44,130 [ForkJoinPool.commonPool-worker-1] INFO  impl.RaftServerImpl (ServerState.java:close(394)) - afa424f4-ff41-4877-ad11-a15f16e37855:group-39478CAE0182 closes. The last applied log index is -1
2019-08-21 03:08:44,133 [main] INFO  server.GrpcService (GrpcService.java:closeImpl(155)) - deffb78e-0f7f-4e6c-8f29-96a42428adf0: shutdown server with port 40497 now
2019-08-21 03:08:44,133 [afa424f4-ff41-4877-ad11-a15f16e37855-SegmentedRaftLogWorker:Storage Directory /workdir/hadoop-ozone/integration-test/target/test-dir/MiniOzoneClusterImpl-440523b1-d1bf-45a3-9b99-cb19fdde5e9b/datanode-0/data/ratis/68493208-36c8-46f0-af3f-39478cae0182] INFO  segmented.SegmentedRaftLogWorker (SegmentedRaftLogWorker.java:run(313)) - afa424f4-ff41-4877-ad11-a15f16e37855-SegmentedRaftLogWorker:Storage Directory /workdir/hadoop-ozone/integration-test/target/test-dir/MiniOzoneClusterImpl-440523b1-d1bf-45a3-9b99-cb19fdde5e9b/datanode-0/data/ratis/68493208-36c8-46f0-af3f-39478cae0182 was interrupted, exiting. There are 0 tasks remaining in the queue.
2019-08-21 03:08:44,134 [ForkJoinPool.commonPool-worker-1] INFO  segmented.SegmentedRaftLogWorker (SegmentedRaftLogWorker.java:close(228)) - afa424f4-ff41-4877-ad11-a15f16e37855-SegmentedRaftLogWorker:Storage Directory /workdir/hadoop-ozone/integration-test/target/test-dir/MiniOzoneClusterImpl-440523b1-d1bf-45a3-9b99-cb19fdde5e9b/datanode-0/data/ratis/68493208-36c8-46f0-af3f-39478cae0182 close()
2019-08-21 03:08:44,135 [main] INFO  server.GrpcService (GrpcService.java:closeImpl(163)) - deffb78e-0f7f-4e6c-8f29-96a42428adf0: shutdown server with port 40497 successfully
2019-08-21 03:08:44,137 [ForkJoinPool.commonPool-worker-1] INFO  server.GrpcService (GrpcService.java:closeImpl(155)) - afa424f4-ff41-4877-ad11-a15f16e37855: shutdown server with port 39673 now
2019-08-21 03:08:44,138 [ForkJoinPool.commonPool-worker-1] INFO  server.GrpcService (GrpcService.java:closeImpl(163)) - afa424f4-ff41-4877-ad11-a15f16e37855: shutdown server with port 39673 successfully
2019-08-21 03:08:44,139 [ForkJoinPool.commonPool-worker-1] INFO  utils.BackgroundService (BackgroundService.java:shutdown(148)) - Shutting down service BlockDeletingService
2019-08-21 03:08:44,140 [refreshUsed-/workdir/hadoop-ozone/integration-test/target/test-dir/MiniOzoneClusterImpl-440523b1-d1bf-45a3-9b99-cb19fdde5e9b/datanode-0/data/containers] WARN  fs.CachingGetSpaceUsed (CachingGetSpaceUsed.java:run(183)) - Thread Interrupted waiting to refresh disk information: sleep interrupted
2019-08-21 03:08:44,141 [main] INFO  utils.BackgroundService (BackgroundService.java:shutdown(148)) - Shutting down service BlockDeletingService
2019-08-21 03:08:44,145 [refreshUsed-/workdir/hadoop-ozone/integration-test/target/test-dir/MiniOzoneClusterImpl-440523b1-d1bf-45a3-9b99-cb19fdde5e9b/datanode-1/data/containers] WARN  fs.CachingGetSpaceUsed (CachingGetSpaceUsed.java:run(183)) - Thread Interrupted waiting to refresh disk information: sleep interrupted
2019-08-21 03:08:44,149 [EventQueue-StaleNodeForStaleNodeHandler] INFO  node.StaleNodeHandler (StaleNodeHandler.java:onMessage(58)) - Datanode deffb78e-0f7f-4e6c-8f29-96a42428adf0{ip: 192.168.69.79, host: pr-hdds-1927-xpkkb-2804094098, networkLocation: /default-rack, certSerialId: null} moved to stale state. Finalizing its pipelines [PipelineID=b765ac65-b77c-47d5-8cad-4dfdc317b4db, PipelineID=68493208-36c8-46f0-af3f-39478cae0182, PipelineID=f4627039-2ff2-42c9-ba0c-6aee6d77989a]
2019-08-21 03:08:44,150 [EventQueue-StaleNodeForStaleNodeHandler] INFO  pipeline.SCMPipelineManager (SCMPipelineManager.java:finalizeAndDestroyPipeline(309)) - destroying pipeline:Pipeline[ Id: b765ac65-b77c-47d5-8cad-4dfdc317b4db, Nodes: deffb78e-0f7f-4e6c-8f29-96a42428adf0{ip: 192.168.69.79, host: pr-hdds-1927-xpkkb-2804094098, networkLocation: /default-rack, certSerialId: null}, Type:RATIS, Factor:ONE, State:OPEN]
2019-08-21 03:08:44,150 [EventQueue-StaleNodeForStaleNodeHandler] INFO  pipeline.PipelineStateManager (PipelineStateManager.java:finalizePipeline(123)) - Pipeline Pipeline[ Id: b765ac65-b77c-47d5-8cad-4dfdc317b4db, Nodes: deffb78e-0f7f-4e6c-8f29-96a42428adf0{ip: 192.168.69.79, host: pr-hdds-1927-xpkkb-2804094098, networkLocation: /default-rack, certSerialId: null}, Type:RATIS, Factor:ONE, State:CLOSED] moved to CLOSED state
2019-08-21 03:08:44,150 [EventQueue-StaleNodeForStaleNodeHandler] INFO  pipeline.SCMPipelineManager (SCMPipelineManager.java:finalizeAndDestroyPipeline(309)) - destroying pipeline:Pipeline[ Id: 68493208-36c8-46f0-af3f-39478cae0182, Nodes: deffb78e-0f7f-4e6c-8f29-96a42428adf0{ip: 192.168.69.79, host: pr-hdds-1927-xpkkb-2804094098, networkLocation: /default-rack, certSerialId: null}3b3fe35e-bec2-454a-8b04-4cf0fdd2f767{ip: 192.168.69.79, host: pr-hdds-1927-xpkkb-2804094098, networkLocation: /default-rack, certSerialId: null}afa424f4-ff41-4877-ad11-a15f16e37855{ip: 192.168.69.79, host: pr-hdds-1927-xpkkb-2804094098, networkLocation: /default-rack, certSerialId: null}, Type:RATIS, Factor:THREE, State:OPEN]
2019-08-21 03:08:44,150 [EventQueue-StaleNodeForStaleNodeHandler] INFO  pipeline.PipelineStateManager (PipelineStateManager.java:finalizePipeline(123)) - Pipeline Pipeline[ Id: 68493208-36c8-46f0-af3f-39478cae0182, Nodes: deffb78e-0f7f-4e6c-8f29-96a42428adf0{ip: 192.168.69.79, host: pr-hdds-1927-xpkkb-2804094098, networkLocation: /default-rack, certSerialId: null}3b3fe35e-bec2-454a-8b04-4cf0fdd2f767{ip: 192.168.69.79, host: pr-hdds-1927-xpkkb-2804094098, networkLocation: /default-rack, certSerialId: null}afa424f4-ff41-4877-ad11-a15f16e37855{ip: 192.168.69.79, host: pr-hdds-1927-xpkkb-2804094098, networkLocation: /default-rack, certSerialId: null}, Type:RATIS, Factor:THREE, State:CLOSED] moved to CLOSED state
2019-08-21 03:08:44,150 [EventQueue-StaleNodeForStaleNodeHandler] INFO  pipeline.SCMPipelineManager (SCMPipelineManager.java:finalizeAndDestroyPipeline(309)) - destroying pipeline:Pipeline[ Id: f4627039-2ff2-42c9-ba0c-6aee6d77989a, Nodes: deffb78e-0f7f-4e6c-8f29-96a42428adf0{ip: 192.168.69.79, host: pr-hdds-1927-xpkkb-2804094098, networkLocation: /default-rack, certSerialId: null}, Type:RATIS, Factor:ONE, State:CLOSED]
2019-08-21 03:08:44,151 [EventQueue-StaleNodeForStaleNodeHandler] INFO  node.StaleNodeHandler (StaleNodeHandler.java:onMessage(58)) - Datanode afa424f4-ff41-4877-ad11-a15f16e37855{ip: 192.168.69.79, host: pr-hdds-1927-xpkkb-2804094098, networkLocation: /default-rack, certSerialId: null} moved to stale state. Finalizing its pipelines [PipelineID=a3b096f0-01fd-48d8-8b68-1bd9795bd77d, PipelineID=023eca78-6422-44c0-9ed0-8aa392d4bc08, PipelineID=68493208-36c8-46f0-af3f-39478cae0182]
2019-08-21 03:08:44,151 [EventQueue-StaleNodeForStaleNodeHandler] INFO  pipeline.SCMPipelineManager (SCMPipelineManager.java:finalizeAndDestroyPipeline(309)) - destroying pipeline:Pipeline[ Id: a3b096f0-01fd-48d8-8b68-1bd9795bd77d, Nodes: afa424f4-ff41-4877-ad11-a15f16e37855{ip: 192.168.69.79, host: pr-hdds-1927-xpkkb-2804094098, networkLocation: /default-rack, certSerialId: null}, Type:RATIS, Factor:ONE, State:OPEN]
2019-08-21 03:08:44,154 [EventQueue-StaleNodeForStaleNodeHandler] INFO  pipeline.PipelineStateManager (PipelineStateManager.java:finalizePipeline(123)) - Pipeline Pipeline[ Id: a3b096f0-01fd-48d8-8b68-1bd9795bd77d, Nodes: afa424f4-ff41-4877-ad11-a15f16e37855{ip: 192.168.69.79, host: pr-hdds-1927-xpkkb-2804094098, networkLocation: /default-rack, certSerialId: null}, Type:RATIS, Factor:ONE, State:CLOSED] moved to CLOSED state
2019-08-21 03:08:44,154 [EventQueue-StaleNodeForStaleNodeHandler] INFO  pipeline.SCMPipelineManager (SCMPipelineManager.java:finalizeAndDestroyPipeline(309)) - destroying pipeline:Pipeline[ Id: 023eca78-6422-44c0-9ed0-8aa392d4bc08, Nodes: afa424f4-ff41-4877-ad11-a15f16e37855{ip: 192.168.69.79, host: pr-hdds-1927-xpkkb-2804094098, networkLocation: /default-rack, certSerialId: null}, Type:RATIS, Factor:ONE, State:CLOSED]
2019-08-21 03:08:44,154 [EventQueue-StaleNodeForStaleNodeHandler] INFO  pipeline.SCMPipelineManager (SCMPipelineManager.java:finalizeAndDestroyPipeline(309)) - destroying pipeline:Pipeline[ Id: 68493208-36c8-46f0-af3f-39478cae0182, Nodes: deffb78e-0f7f-4e6c-8f29-96a42428adf0{ip: 192.168.69.79, host: pr-hdds-1927-xpkkb-2804094098, networkLocation: /default-rack, certSerialId: null}3b3fe35e-bec2-454a-8b04-4cf0fdd2f767{ip: 192.168.69.79, host: pr-hdds-1927-xpkkb-2804094098, networkLocation: /default-rack, certSerialId: null}afa424f4-ff41-4877-ad11-a15f16e37855{ip: 192.168.69.79, host: pr-hdds-1927-xpkkb-2804094098, networkLocation: /default-rack, certSerialId: null}, Type:RATIS, Factor:THREE, State:CLOSED]
2019-08-21 03:08:44,166 [ForkJoinPool.commonPool-worker-1] INFO  statemachine.DatanodeStateMachine (DatanodeStateMachine.java:stopDaemon(395)) - Ozone container server stopped.
2019-08-21 03:08:44,167 [main] INFO  statemachine.DatanodeStateMachine (DatanodeStateMachine.java:stopDaemon(395)) - Ozone container server stopped.
2019-08-21 03:08:44,171 [ForkJoinPool.commonPool-worker-1] INFO  handler.ContextHandler (ContextHandler.java:doStop(910)) - Stopped o.e.j.w.WebAppContext@70366ca8{/,null,UNAVAILABLE}{/hddsDatanode}
2019-08-21 03:08:44,173 [main] INFO  handler.ContextHandler (ContextHandler.java:doStop(910)) - Stopped o.e.j.w.WebAppContext@3da6c013{/,null,UNAVAILABLE}{/hddsDatanode}
2019-08-21 03:08:44,173 [ForkJoinPool.commonPool-worker-1] INFO  server.AbstractConnector (AbstractConnector.java:doStop(318)) - Stopped ServerConnector@4e393b8f{HTTP/1.1,[http/1.1]}{0.0.0.0:41429}
2019-08-21 03:08:44,174 [ForkJoinPool.commonPool-worker-1] INFO  handler.ContextHandler (ContextHandler.java:doStop(910)) - Stopped o.e.j.s.ServletContextHandler@4c8f5103{/static,jar:file:/home/user/.m2/repository/org/apache/hadoop/hadoop-hdds-container-service/0.5.0-SNAPSHOT/hadoop-hdds-container-service-0.5.0-SNAPSHOT.jar!/webapps/static,UNAVAILABLE}
2019-08-21 03:08:44,174 [main] INFO  server.AbstractConnector (AbstractConnector.java:doStop(318)) - Stopped ServerConnector@901a4c4{HTTP/1.1,[http/1.1]}{0.0.0.0:39429}
2019-08-21 03:08:44,175 [ForkJoinPool.commonPool-worker-1] INFO  handler.ContextHandler (ContextHandler.java:doStop(910)) - Stopped o.e.j.s.ServletContextHandler@8180a64{/logs,file:///workdir/hadoop-ozone/integration-test/target/log,UNAVAILABLE}
2019-08-21 03:08:44,176 [main] INFO  handler.ContextHandler (ContextHandler.java:doStop(910)) - Stopped o.e.j.s.ServletContextHandler@4f0ca721{/static,jar:file:/home/user/.m2/repository/org/apache/hadoop/hadoop-hdds-container-service/0.5.0-SNAPSHOT/hadoop-hdds-container-service-0.5.0-SNAPSHOT.jar!/webapps/static,UNAVAILABLE}
2019-08-21 03:08:44,178 [ForkJoinPool.commonPool-worker-1] INFO  datanode.ObjectStoreHandler (ObjectStoreHandler.java:close(155)) - Closing ObjectStoreHandler.
2019-08-21 03:08:44,178 [main] INFO  handler.ContextHandler (ContextHandler.java:doStop(910)) - Stopped o.e.j.s.ServletContextHandler@20eea2e9{/logs,file:///workdir/hadoop-ozone/integration-test/target/log,UNAVAILABLE}
2019-08-21 03:08:44,178 [ForkJoinPool.commonPool-worker-1] INFO  ozone.HddsDatanodeService (HddsDatanodeService.java:stop(451)) - Stopped plug-in org.apache.hadoop.ozone.web.OzoneHddsDatanodeService@21fb4aa8
2019-08-21 03:08:44,444 [Thread-602] INFO  impl.FollowerState (FollowerState.java:run(106)) - 3b3fe35e-bec2-454a-8b04-4cf0fdd2f767:group-76EEE75E6D9E changes to CANDIDATE, lastRpcTime:5191, electionTimeout:5191ms
2019-08-21 03:08:44,445 [Thread-602] INFO  impl.RoleInfo (RoleInfo.java:shutdownFollowerState(121)) - 3b3fe35e-bec2-454a-8b04-4cf0fdd2f767: shutdown FollowerState
2019-08-21 03:08:44,445 [Thread-602] INFO  impl.RaftServerImpl (RaftServerImpl.java:setRole(171)) - 3b3fe35e-bec2-454a-8b04-4cf0fdd2f767:group-76EEE75E6D9E changes role from FOLLOWER to CANDIDATE at term 0 for changeToCandidate
2019-08-21 03:08:44,445 [Thread-602] INFO  impl.RoleInfo (RoleInfo.java:updateAndGet(143)) - 3b3fe35e-bec2-454a-8b04-4cf0fdd2f767: start LeaderElection
2019-08-21 03:08:44,464 [3b3fe35e-bec2-454a-8b04-4cf0fdd2f767:group-76EEE75E6D9E:LeaderElection23] INFO  impl.LeaderElection (LeaderElection.java:askForVotes(181)) - 3b3fe35e-bec2-454a-8b04-4cf0fdd2f767:group-76EEE75E6D9E:LeaderElection23: begin an election at term 1 for -1: [3b3fe35e-bec2-454a-8b04-4cf0fdd2f767:192.168.69.79:32992], old=null
2019-08-21 03:08:44,464 [3b3fe35e-bec2-454a-8b04-4cf0fdd2f767:group-76EEE75E6D9E:LeaderElection23] INFO  impl.RoleInfo (RoleInfo.java:shutdownLeaderElection(134)) - 3b3fe35e-bec2-454a-8b04-4cf0fdd2f767: shutdown LeaderElection
2019-08-21 03:08:44,464 [3b3fe35e-bec2-454a-8b04-4cf0fdd2f767:group-76EEE75E6D9E:LeaderElection23] INFO  impl.RaftServerImpl (RaftServerImpl.java:setRole(171)) - 3b3fe35e-bec2-454a-8b04-4cf0fdd2f767:group-76EEE75E6D9E changes role from CANDIDATE to LEADER at term 1 for changeToLeader
2019-08-21 03:08:44,465 [3b3fe35e-bec2-454a-8b04-4cf0fdd2f767:group-76EEE75E6D9E:LeaderElection23] INFO  impl.RaftServerImpl (ServerState.java:setLeader(263)) - 3b3fe35e-bec2-454a-8b04-4cf0fdd2f767:group-76EEE75E6D9E change Leader from null to 3b3fe35e-bec2-454a-8b04-4cf0fdd2f767 at term 1 for becomeLeader, leader elected after 5215ms
2019-08-21 03:08:44,465 [3b3fe35e-bec2-454a-8b04-4cf0fdd2f767:group-76EEE75E6D9E:LeaderElection23] INFO  server.RaftServerConfigKeys (ConfUtils.java:logGet(43)) - raft.server.staging.catchup.gap = 1000 (default)
2019-08-21 03:08:44,465 [3b3fe35e-bec2-454a-8b04-4cf0fdd2f767:group-76EEE75E6D9E:LeaderElection23] INFO  server.RaftServerConfigKeys (ConfUtils.java:logGet(43)) - raft.server.rpc.sleep.time = 25ms (default)
2019-08-21 03:08:44,465 [3b3fe35e-bec2-454a-8b04-4cf0fdd2f767:group-76EEE75E6D9E:LeaderElection23] INFO  server.RaftServerConfigKeys (ConfUtils.java:logGet(43)) - raft.server.write.element-limit = 4096 (default)
2019-08-21 03:08:44,465 [3b3fe35e-bec2-454a-8b04-4cf0fdd2f767:group-76EEE75E6D9E:LeaderElection23] INFO  server.RaftServerConfigKeys (ConfUtils.java:logGet(43)) - raft.server.watch.timeout = 10s (default)
2019-08-21 03:08:44,465 [3b3fe35e-bec2-454a-8b04-4cf0fdd2f767:group-76EEE75E6D9E:LeaderElection23] INFO  server.RaftServerConfigKeys (ConfUtils.java:logGet(43)) - raft.server.watch.timeout.denomination = 1s (default)
2019-08-21 03:08:44,466 [3b3fe35e-bec2-454a-8b04-4cf0fdd2f767:group-76EEE75E6D9E:LeaderElection23] INFO  server.RaftServerConfigKeys (ConfUtils.java:logGet(43)) - raft.server.watch.element-limit = 65536 (default)
2019-08-21 03:08:44,466 [3b3fe35e-bec2-454a-8b04-4cf0fdd2f767:group-76EEE75E6D9E:LeaderElection23] INFO  impl.RoleInfo (RoleInfo.java:updateAndGet(143)) - 3b3fe35e-bec2-454a-8b04-4cf0fdd2f767: start LeaderState
2019-08-21 03:08:44,466 [3b3fe35e-bec2-454a-8b04-4cf0fdd2f767:group-76EEE75E6D9E:LeaderElection23] INFO  segmented.SegmentedRaftLogWorker (SegmentedRaftLogWorker.java:startLogSegment(380)) - 3b3fe35e-bec2-454a-8b04-4cf0fdd2f767-SegmentedRaftLogWorker:Storage Directory /workdir/hadoop-ozone/integration-test/target/test-dir/MiniOzoneClusterImpl-440523b1-d1bf-45a3-9b99-cb19fdde5e9b/datanode-2/data/ratis/5f66b1c4-bae6-49d7-ba42-76eee75e6d9e: Starting segment from index:0
2019-08-21 03:08:44,467 [3b3fe35e-bec2-454a-8b04-4cf0fdd2f767:group-76EEE75E6D9E:LeaderElection23] INFO  impl.RaftServerImpl (ServerState.java:setRaftConf(361)) - 3b3fe35e-bec2-454a-8b04-4cf0fdd2f767:group-76EEE75E6D9E set configuration 0: [3b3fe35e-bec2-454a-8b04-4cf0fdd2f767:192.168.69.79:32992], old=null at 0
2019-08-21 03:08:44,514 [3b3fe35e-bec2-454a-8b04-4cf0fdd2f767-SegmentedRaftLogWorker:Storage Directory /workdir/hadoop-ozone/integration-test/target/test-dir/MiniOzoneClusterImpl-440523b1-d1bf-45a3-9b99-cb19fdde5e9b/datanode-2/data/ratis/5f66b1c4-bae6-49d7-ba42-76eee75e6d9e] INFO  segmented.SegmentedRaftLogWorker (SegmentedRaftLogWorker.java:execute(569)) - 3b3fe35e-bec2-454a-8b04-4cf0fdd2f767-SegmentedRaftLogWorker:Storage Directory /workdir/hadoop-ozone/integration-test/target/test-dir/MiniOzoneClusterImpl-440523b1-d1bf-45a3-9b99-cb19fdde5e9b/datanode-2/data/ratis/5f66b1c4-bae6-49d7-ba42-76eee75e6d9e: created new log segment /workdir/hadoop-ozone/integration-test/target/test-dir/MiniOzoneClusterImpl-440523b1-d1bf-45a3-9b99-cb19fdde5e9b/datanode-2/data/ratis/5f66b1c4-bae6-49d7-ba42-76eee75e6d9e/current/log_inprogress_0
2019-08-21 03:08:44,541 [Thread-608] INFO  impl.FollowerState (FollowerState.java:run(106)) - 3b3fe35e-bec2-454a-8b04-4cf0fdd2f767:group-39478CAE0182 changes to CANDIDATE, lastRpcTime:5174, electionTimeout:5174ms
2019-08-21 03:08:44,541 [Thread-608] INFO  impl.RoleInfo (RoleInfo.java:shutdownFollowerState(121)) - 3b3fe35e-bec2-454a-8b04-4cf0fdd2f767: shutdown FollowerState
2019-08-21 03:08:44,541 [Thread-608] INFO  impl.RaftServerImpl (RaftServerImpl.java:setRole(171)) - 3b3fe35e-bec2-454a-8b04-4cf0fdd2f767:group-39478CAE0182 changes role from FOLLOWER to CANDIDATE at term 0 for changeToCandidate
2019-08-21 03:08:44,541 [Thread-608] INFO  impl.RoleInfo (RoleInfo.java:updateAndGet(143)) - 3b3fe35e-bec2-454a-8b04-4cf0fdd2f767: start LeaderElection
2019-08-21 03:08:44,558 [3b3fe35e-bec2-454a-8b04-4cf0fdd2f767:group-39478CAE0182:LeaderElection24] INFO  impl.LeaderElection (LeaderElection.java:askForVotes(181)) - 3b3fe35e-bec2-454a-8b04-4cf0fdd2f767:group-39478CAE0182:LeaderElection24: begin an election at term 1 for -1: [deffb78e-0f7f-4e6c-8f29-96a42428adf0:192.168.69.79:40497, afa424f4-ff41-4877-ad11-a15f16e37855:192.168.69.79:39673, 3b3fe35e-bec2-454a-8b04-4cf0fdd2f767:192.168.69.79:32992], old=null
2019-08-21 03:08:44,563 [3b3fe35e-bec2-454a-8b04-4cf0fdd2f767:group-39478CAE0182:LeaderElection24] INFO  impl.LeaderElection (LogUtils.java:infoOrTrace(149)) - 3b3fe35e-bec2-454a-8b04-4cf0fdd2f767:group-39478CAE0182:LeaderElection24 got exception when requesting votes: {}
java.util.concurrent.ExecutionException: org.apache.ratis.thirdparty.io.grpc.StatusRuntimeException: UNAVAILABLE: io exception
	at java.util.concurrent.FutureTask.report(FutureTask.java:122)
	at java.util.concurrent.FutureTask.get(FutureTask.java:192)
	at org.apache.ratis.server.impl.LeaderElection.waitForResults(LeaderElection.java:262)
	at org.apache.ratis.server.impl.LeaderElection.askForVotes(LeaderElection.java:200)
	at org.apache.ratis.server.impl.LeaderElection.run(LeaderElection.java:130)
	at java.lang.Thread.run(Thread.java:748)
Caused by: org.apache.ratis.thirdparty.io.grpc.StatusRuntimeException: UNAVAILABLE: io exception
	at org.apache.ratis.thirdparty.io.grpc.stub.ClientCalls.toStatusRuntimeException(ClientCalls.java:233)
	at org.apache.ratis.thirdparty.io.grpc.stub.ClientCalls.getUnchecked(ClientCalls.java:214)
	at org.apache.ratis.thirdparty.io.grpc.stub.ClientCalls.blockingUnaryCall(ClientCalls.java:139)
	at org.apache.ratis.proto.grpc.RaftServerProtocolServiceGrpc$RaftServerProtocolServiceBlockingStub.requestVote(RaftServerProtocolServiceGrpc.java:265)
	at org.apache.ratis.grpc.server.GrpcServerProtocolClient.requestVote(GrpcServerProtocolClient.java:83)
	at org.apache.ratis.grpc.server.GrpcService.requestVote(GrpcService.java:195)
	at org.apache.ratis.server.impl.LeaderElection.lambda$submitRequests$1(LeaderElection.java:237)
	at java.util.concurrent.FutureTask.run(FutureTask.java:266)
	at java.util.concurrent.Executors$RunnableAdapter.call(Executors.java:511)
	at java.util.concurrent.FutureTask.run(FutureTask.java:266)
	at java.util.concurrent.ThreadPoolExecutor.runWorker(ThreadPoolExecutor.java:1149)
	at java.util.concurrent.ThreadPoolExecutor$Worker.run(ThreadPoolExecutor.java:624)
	... 1 more
Caused by: org.apache.ratis.thirdparty.io.netty.channel.AbstractChannel$AnnotatedConnectException: Connection refused: /192.168.69.79:39673
	at sun.nio.ch.SocketChannelImpl.checkConnect(Native Method)
	at sun.nio.ch.SocketChannelImpl.finishConnect(SocketChannelImpl.java:717)
	at org.apache.ratis.thirdparty.io.netty.channel.socket.nio.NioSocketChannel.doFinishConnect(NioSocketChannel.java:327)
	at org.apache.ratis.thirdparty.io.netty.channel.nio.AbstractNioChannel$AbstractNioUnsafe.finishConnect(AbstractNioChannel.java:340)
	at org.apache.ratis.thirdparty.io.netty.channel.nio.NioEventLoop.processSelectedKey(NioEventLoop.java:632)
	at org.apache.ratis.thirdparty.io.netty.channel.nio.NioEventLoop.processSelectedKeysOptimized(NioEventLoop.java:579)
	at org.apache.ratis.thirdparty.io.netty.channel.nio.NioEventLoop.processSelectedKeys(NioEventLoop.java:496)
	at org.apache.ratis.thirdparty.io.netty.channel.nio.NioEventLoop.run(NioEventLoop.java:458)
	at org.apache.ratis.thirdparty.io.netty.util.concurrent.SingleThreadEventExecutor$5.run(SingleThreadEventExecutor.java:897)
	at org.apache.ratis.thirdparty.io.netty.util.concurrent.FastThreadLocalRunnable.run(FastThreadLocalRunnable.java:30)
	... 1 more
Caused by: java.net.ConnectException: Connection refused
	... 11 more
2019-08-21 03:08:44,565 [3b3fe35e-bec2-454a-8b04-4cf0fdd2f767:group-39478CAE0182:LeaderElection24] INFO  impl.LeaderElection (LogUtils.java:infoOrTrace(149)) - 3b3fe35e-bec2-454a-8b04-4cf0fdd2f767:group-39478CAE0182:LeaderElection24 got exception when requesting votes: {}
java.util.concurrent.ExecutionException: org.apache.ratis.thirdparty.io.grpc.StatusRuntimeException: UNAVAILABLE: io exception
	at java.util.concurrent.FutureTask.report(FutureTask.java:122)
	at java.util.concurrent.FutureTask.get(FutureTask.java:192)
	at org.apache.ratis.server.impl.LeaderElection.waitForResults(LeaderElection.java:262)
	at org.apache.ratis.server.impl.LeaderElection.askForVotes(LeaderElection.java:200)
	at org.apache.ratis.server.impl.LeaderElection.run(LeaderElection.java:130)
	at java.lang.Thread.run(Thread.java:748)
Caused by: org.apache.ratis.thirdparty.io.grpc.StatusRuntimeException: UNAVAILABLE: io exception
	at org.apache.ratis.thirdparty.io.grpc.stub.ClientCalls.toStatusRuntimeException(ClientCalls.java:233)
	at org.apache.ratis.thirdparty.io.grpc.stub.ClientCalls.getUnchecked(ClientCalls.java:214)
	at org.apache.ratis.thirdparty.io.grpc.stub.ClientCalls.blockingUnaryCall(ClientCalls.java:139)
	at org.apache.ratis.proto.grpc.RaftServerProtocolServiceGrpc$RaftServerProtocolServiceBlockingStub.requestVote(RaftServerProtocolServiceGrpc.java:265)
	at org.apache.ratis.grpc.server.GrpcServerProtocolClient.requestVote(GrpcServerProtocolClient.java:83)
	at org.apache.ratis.grpc.server.GrpcService.requestVote(GrpcService.java:195)
	at org.apache.ratis.server.impl.LeaderElection.lambda$submitRequests$1(LeaderElection.java:237)
	at java.util.concurrent.FutureTask.run(FutureTask.java:266)
	at java.util.concurrent.Executors$RunnableAdapter.call(Executors.java:511)
	at java.util.concurrent.FutureTask.run(FutureTask.java:266)
	at java.util.concurrent.ThreadPoolExecutor.runWorker(ThreadPoolExecutor.java:1149)
	at java.util.concurrent.ThreadPoolExecutor$Worker.run(ThreadPoolExecutor.java:624)
	... 1 more
Caused by: org.apache.ratis.thirdparty.io.netty.channel.AbstractChannel$AnnotatedConnectException: Connection refused: /192.168.69.79:40497
	at sun.nio.ch.SocketChannelImpl.checkConnect(Native Method)
	at sun.nio.ch.SocketChannelImpl.finishConnect(SocketChannelImpl.java:717)
	at org.apache.ratis.thirdparty.io.netty.channel.socket.nio.NioSocketChannel.doFinishConnect(NioSocketChannel.java:327)
	at org.apache.ratis.thirdparty.io.netty.channel.nio.AbstractNioChannel$AbstractNioUnsafe.finishConnect(AbstractNioChannel.java:340)
	at org.apache.ratis.thirdparty.io.netty.channel.nio.NioEventLoop.processSelectedKey(NioEventLoop.java:632)
	at org.apache.ratis.thirdparty.io.netty.channel.nio.NioEventLoop.processSelectedKeysOptimized(NioEventLoop.java:579)
	at org.apache.ratis.thirdparty.io.netty.channel.nio.NioEventLoop.processSelectedKeys(NioEventLoop.java:496)
	at org.apache.ratis.thirdparty.io.netty.channel.nio.NioEventLoop.run(NioEventLoop.java:458)
	at org.apache.ratis.thirdparty.io.netty.util.concurrent.SingleThreadEventExecutor$5.run(SingleThreadEventExecutor.java:897)
	at org.apache.ratis.thirdparty.io.netty.util.concurrent.FastThreadLocalRunnable.run(FastThreadLocalRunnable.java:30)
	... 1 more
Caused by: java.net.ConnectException: Connection refused
	... 11 more
2019-08-21 03:08:44,566 [3b3fe35e-bec2-454a-8b04-4cf0fdd2f767:group-39478CAE0182:LeaderElection24] INFO  impl.LeaderElection (LeaderElection.java:logAndReturn(56)) - 3b3fe35e-bec2-454a-8b04-4cf0fdd2f767:group-39478CAE0182:LeaderElection24: Election REJECTED; received 0 response(s) [] and 2 exception(s); 3b3fe35e-bec2-454a-8b04-4cf0fdd2f767:t1, leader=null, voted=3b3fe35e-bec2-454a-8b04-4cf0fdd2f767, raftlog=3b3fe35e-bec2-454a-8b04-4cf0fdd2f767-SegmentedRaftLog:OPENED:c-1,f-1,i0, conf=-1: [deffb78e-0f7f-4e6c-8f29-96a42428adf0:192.168.69.79:40497, afa424f4-ff41-4877-ad11-a15f16e37855:192.168.69.79:39673, 3b3fe35e-bec2-454a-8b04-4cf0fdd2f767:192.168.69.79:32992], old=null
2019-08-21 03:08:44,566 [3b3fe35e-bec2-454a-8b04-4cf0fdd2f767:group-39478CAE0182:LeaderElection24] INFO  impl.LeaderElection (LogUtils.java:infoOrTrace(149)) -   Exception 0: {}
java.util.concurrent.ExecutionException: org.apache.ratis.thirdparty.io.grpc.StatusRuntimeException: UNAVAILABLE: io exception
	at java.util.concurrent.FutureTask.report(FutureTask.java:122)
	at java.util.concurrent.FutureTask.get(FutureTask.java:192)
	at org.apache.ratis.server.impl.LeaderElection.waitForResults(LeaderElection.java:262)
	at org.apache.ratis.server.impl.LeaderElection.askForVotes(LeaderElection.java:200)
	at org.apache.ratis.server.impl.LeaderElection.run(LeaderElection.java:130)
	at java.lang.Thread.run(Thread.java:748)
Caused by: org.apache.ratis.thirdparty.io.grpc.StatusRuntimeException: UNAVAILABLE: io exception
	at org.apache.ratis.thirdparty.io.grpc.stub.ClientCalls.toStatusRuntimeException(ClientCalls.java:233)
	at org.apache.ratis.thirdparty.io.grpc.stub.ClientCalls.getUnchecked(ClientCalls.java:214)
	at org.apache.ratis.thirdparty.io.grpc.stub.ClientCalls.blockingUnaryCall(ClientCalls.java:139)
	at org.apache.ratis.proto.grpc.RaftServerProtocolServiceGrpc$RaftServerProtocolServiceBlockingStub.requestVote(RaftServerProtocolServiceGrpc.java:265)
	at org.apache.ratis.grpc.server.GrpcServerProtocolClient.requestVote(GrpcServerProtocolClient.java:83)
	at org.apache.ratis.grpc.server.GrpcService.requestVote(GrpcService.java:195)
	at org.apache.ratis.server.impl.LeaderElection.lambda$submitRequests$1(LeaderElection.java:237)
	at java.util.concurrent.FutureTask.run(FutureTask.java:266)
	at java.util.concurrent.Executors$RunnableAdapter.call(Executors.java:511)
	at java.util.concurrent.FutureTask.run(FutureTask.java:266)
	at java.util.concurrent.ThreadPoolExecutor.runWorker(ThreadPoolExecutor.java:1149)
	at java.util.concurrent.ThreadPoolExecutor$Worker.run(ThreadPoolExecutor.java:624)
	... 1 more
Caused by: org.apache.ratis.thirdparty.io.netty.channel.AbstractChannel$AnnotatedConnectException: Connection refused: /192.168.69.79:39673
	at sun.nio.ch.SocketChannelImpl.checkConnect(Native Method)
	at sun.nio.ch.SocketChannelImpl.finishConnect(SocketChannelImpl.java:717)
	at org.apache.ratis.thirdparty.io.netty.channel.socket.nio.NioSocketChannel.doFinishConnect(NioSocketChannel.java:327)
	at org.apache.ratis.thirdparty.io.netty.channel.nio.AbstractNioChannel$AbstractNioUnsafe.finishConnect(AbstractNioChannel.java:340)
	at org.apache.ratis.thirdparty.io.netty.channel.nio.NioEventLoop.processSelectedKey(NioEventLoop.java:632)
	at org.apache.ratis.thirdparty.io.netty.channel.nio.NioEventLoop.processSelectedKeysOptimized(NioEventLoop.java:579)
	at org.apache.ratis.thirdparty.io.netty.channel.nio.NioEventLoop.processSelectedKeys(NioEventLoop.java:496)
	at org.apache.ratis.thirdparty.io.netty.channel.nio.NioEventLoop.run(NioEventLoop.java:458)
	at org.apache.ratis.thirdparty.io.netty.util.concurrent.SingleThreadEventExecutor$5.run(SingleThreadEventExecutor.java:897)
	at org.apache.ratis.thirdparty.io.netty.util.concurrent.FastThreadLocalRunnable.run(FastThreadLocalRunnable.java:30)
	... 1 more
Caused by: java.net.ConnectException: Connection refused
	... 11 more
2019-08-21 03:08:44,567 [3b3fe35e-bec2-454a-8b04-4cf0fdd2f767:group-39478CAE0182:LeaderElection24] INFO  impl.LeaderElection (LogUtils.java:infoOrTrace(149)) -   Exception 1: {}
java.util.concurrent.ExecutionException: org.apache.ratis.thirdparty.io.grpc.StatusRuntimeException: UNAVAILABLE: io exception
	at java.util.concurrent.FutureTask.report(FutureTask.java:122)
	at java.util.concurrent.FutureTask.get(FutureTask.java:192)
	at org.apache.ratis.server.impl.LeaderElection.waitForResults(LeaderElection.java:262)
	at org.apache.ratis.server.impl.LeaderElection.askForVotes(LeaderElection.java:200)
	at org.apache.ratis.server.impl.LeaderElection.run(LeaderElection.java:130)
	at java.lang.Thread.run(Thread.java:748)
Caused by: org.apache.ratis.thirdparty.io.grpc.StatusRuntimeException: UNAVAILABLE: io exception
	at org.apache.ratis.thirdparty.io.grpc.stub.ClientCalls.toStatusRuntimeException(ClientCalls.java:233)
	at org.apache.ratis.thirdparty.io.grpc.stub.ClientCalls.getUnchecked(ClientCalls.java:214)
	at org.apache.ratis.thirdparty.io.grpc.stub.ClientCalls.blockingUnaryCall(ClientCalls.java:139)
	at org.apache.ratis.proto.grpc.RaftServerProtocolServiceGrpc$RaftServerProtocolServiceBlockingStub.requestVote(RaftServerProtocolServiceGrpc.java:265)
	at org.apache.ratis.grpc.server.GrpcServerProtocolClient.requestVote(GrpcServerProtocolClient.java:83)
	at org.apache.ratis.grpc.server.GrpcService.requestVote(GrpcService.java:195)
	at org.apache.ratis.server.impl.LeaderElection.lambda$submitRequests$1(LeaderElection.java:237)
	at java.util.concurrent.FutureTask.run(FutureTask.java:266)
	at java.util.concurrent.Executors$RunnableAdapter.call(Executors.java:511)
	at java.util.concurrent.FutureTask.run(FutureTask.java:266)
	at java.util.concurrent.ThreadPoolExecutor.runWorker(ThreadPoolExecutor.java:1149)
	at java.util.concurrent.ThreadPoolExecutor$Worker.run(ThreadPoolExecutor.java:624)
	... 1 more
Caused by: org.apache.ratis.thirdparty.io.netty.channel.AbstractChannel$AnnotatedConnectException: Connection refused: /192.168.69.79:40497
	at sun.nio.ch.SocketChannelImpl.checkConnect(Native Method)
	at sun.nio.ch.SocketChannelImpl.finishConnect(SocketChannelImpl.java:717)
	at org.apache.ratis.thirdparty.io.netty.channel.socket.nio.NioSocketChannel.doFinishConnect(NioSocketChannel.java:327)
	at org.apache.ratis.thirdparty.io.netty.channel.nio.AbstractNioChannel$AbstractNioUnsafe.finishConnect(AbstractNioChannel.java:340)
	at org.apache.ratis.thirdparty.io.netty.channel.nio.NioEventLoop.processSelectedKey(NioEventLoop.java:632)
	at org.apache.ratis.thirdparty.io.netty.channel.nio.NioEventLoop.processSelectedKeysOptimized(NioEventLoop.java:579)
	at org.apache.ratis.thirdparty.io.netty.channel.nio.NioEventLoop.processSelectedKeys(NioEventLoop.java:496)
	at org.apache.ratis.thirdparty.io.netty.channel.nio.NioEventLoop.run(NioEventLoop.java:458)
	at org.apache.ratis.thirdparty.io.netty.util.concurrent.SingleThreadEventExecutor$5.run(SingleThreadEventExecutor.java:897)
	at org.apache.ratis.thirdparty.io.netty.util.concurrent.FastThreadLocalRunnable.run(FastThreadLocalRunnable.java:30)
	... 1 more
Caused by: java.net.ConnectException: Connection refused
	... 11 more
2019-08-21 03:08:44,567 [3b3fe35e-bec2-454a-8b04-4cf0fdd2f767:group-39478CAE0182:LeaderElection24] INFO  impl.RaftServerImpl (RaftServerImpl.java:setRole(171)) - 3b3fe35e-bec2-454a-8b04-4cf0fdd2f767:group-39478CAE0182 changes role from CANDIDATE to FOLLOWER at term 1 for DISCOVERED_A_NEW_TERM
2019-08-21 03:08:44,567 [3b3fe35e-bec2-454a-8b04-4cf0fdd2f767:group-39478CAE0182:LeaderElection24] INFO  impl.RoleInfo (RoleInfo.java:shutdownLeaderElection(134)) - 3b3fe35e-bec2-454a-8b04-4cf0fdd2f767: shutdown LeaderElection
2019-08-21 03:08:44,568 [3b3fe35e-bec2-454a-8b04-4cf0fdd2f767:group-39478CAE0182:LeaderElection24] INFO  impl.RoleInfo (RoleInfo.java:updateAndGet(143)) - 3b3fe35e-bec2-454a-8b04-4cf0fdd2f767: start FollowerState
2019-08-21 03:08:45,047 [Datanode State Machine Thread - 0] INFO  statemachine.DatanodeStateMachine (DatanodeStateMachine.java:lambda$startDaemon$0(350)) - Ozone container server started.
2019-08-21 03:08:49,151 [EventQueue-StaleNodeForStaleNodeHandler] INFO  node.StaleNodeHandler (StaleNodeHandler.java:onMessage(58)) - Datanode 3b3fe35e-bec2-454a-8b04-4cf0fdd2f767{ip: 192.168.69.79, host: pr-hdds-1927-xpkkb-2804094098, networkLocation: /default-rack, certSerialId: null} moved to stale state. Finalizing its pipelines [PipelineID=d48c85b3-3ff6-4c2f-a799-9e930a021b0a, PipelineID=68493208-36c8-46f0-af3f-39478cae0182, PipelineID=5f66b1c4-bae6-49d7-ba42-76eee75e6d9e]
2019-08-21 03:08:49,151 [EventQueue-StaleNodeForStaleNodeHandler] INFO  pipeline.SCMPipelineManager (SCMPipelineManager.java:finalizeAndDestroyPipeline(309)) - destroying pipeline:Pipeline[ Id: d48c85b3-3ff6-4c2f-a799-9e930a021b0a, Nodes: 3b3fe35e-bec2-454a-8b04-4cf0fdd2f767{ip: 192.168.69.79, host: pr-hdds-1927-xpkkb-2804094098, networkLocation: /default-rack, certSerialId: null}, Type:RATIS, Factor:ONE, State:CLOSED]
2019-08-21 03:08:49,152 [EventQueue-StaleNodeForStaleNodeHandler] INFO  pipeline.SCMPipelineManager (SCMPipelineManager.java:finalizeAndDestroyPipeline(309)) - destroying pipeline:Pipeline[ Id: 68493208-36c8-46f0-af3f-39478cae0182, Nodes: deffb78e-0f7f-4e6c-8f29-96a42428adf0{ip: 192.168.69.79, host: pr-hdds-1927-xpkkb-2804094098, networkLocation: /default-rack, certSerialId: null}3b3fe35e-bec2-454a-8b04-4cf0fdd2f767{ip: 192.168.69.79, host: pr-hdds-1927-xpkkb-2804094098, networkLocation: /default-rack, certSerialId: null}afa424f4-ff41-4877-ad11-a15f16e37855{ip: 192.168.69.79, host: pr-hdds-1927-xpkkb-2804094098, networkLocation: /default-rack, certSerialId: null}, Type:RATIS, Factor:THREE, State:CLOSED]
2019-08-21 03:08:49,152 [EventQueue-StaleNodeForStaleNodeHandler] INFO  pipeline.SCMPipelineManager (SCMPipelineManager.java:finalizeAndDestroyPipeline(309)) - destroying pipeline:Pipeline[ Id: 5f66b1c4-bae6-49d7-ba42-76eee75e6d9e, Nodes: 3b3fe35e-bec2-454a-8b04-4cf0fdd2f767{ip: 192.168.69.79, host: pr-hdds-1927-xpkkb-2804094098, networkLocation: /default-rack, certSerialId: null}, Type:RATIS, Factor:ONE, State:OPEN]
2019-08-21 03:08:49,152 [EventQueue-StaleNodeForStaleNodeHandler] INFO  pipeline.PipelineStateManager (PipelineStateManager.java:finalizePipeline(123)) - Pipeline Pipeline[ Id: 5f66b1c4-bae6-49d7-ba42-76eee75e6d9e, Nodes: 3b3fe35e-bec2-454a-8b04-4cf0fdd2f767{ip: 192.168.69.79, host: pr-hdds-1927-xpkkb-2804094098, networkLocation: /default-rack, certSerialId: null}, Type:RATIS, Factor:ONE, State:CLOSED] moved to CLOSED state
2019-08-21 03:08:49,179 [ForkJoinPool.commonPool-worker-1] INFO  ozoneimpl.OzoneContainer (OzoneContainer.java:stop(199)) - Attempting to stop container services.
2019-08-21 03:08:49,179 [ForkJoinPool.commonPool-worker-1] INFO  impl.RaftServerProxy (RaftServerProxy.java:lambda$close$4(314)) - 3b3fe35e-bec2-454a-8b04-4cf0fdd2f767: close
2019-08-21 03:08:49,180 [ForkJoinPool.commonPool-worker-1] INFO  impl.RaftServerImpl (RaftServerImpl.java:lambda$shutdown$3(245)) - 3b3fe35e-bec2-454a-8b04-4cf0fdd2f767: shutdown group-9E930A021B0A
2019-08-21 03:08:49,180 [ForkJoinPool.commonPool-worker-1] INFO  util.JmxRegister (JmxRegister.java:unregister(73)) - Successfully un-registered JMX Bean with object name Ratis:service=RaftServer,group=group-9E930A021B0A,id=3b3fe35e-bec2-454a-8b04-4cf0fdd2f767
2019-08-21 03:08:49,180 [ForkJoinPool.commonPool-worker-1] INFO  impl.RoleInfo (RoleInfo.java:shutdownLeaderState(104)) - 3b3fe35e-bec2-454a-8b04-4cf0fdd2f767: shutdown LeaderState
2019-08-21 03:08:49,180 [ForkJoinPool.commonPool-worker-1] INFO  impl.PendingRequests (PendingRequests.java:sendNotLeaderResponses(202)) - 3b3fe35e-bec2-454a-8b04-4cf0fdd2f767-PendingRequests: sendNotLeaderResponses
2019-08-21 03:08:49,184 [ForkJoinPool.commonPool-worker-1] INFO  impl.StateMachineUpdater (StateMachineUpdater.java:stopAndJoin(115)) - StateMachineUpdater:3b3fe35e-bec2-454a-8b04-4cf0fdd2f767:group-9E930A021B0A: set stopIndex = 2
2019-08-21 03:08:49,185 [ForkJoinPool.commonPool-worker-1] INFO  impl.RaftServerImpl (ServerState.java:close(394)) - 3b3fe35e-bec2-454a-8b04-4cf0fdd2f767:group-9E930A021B0A closes. The last applied log index is 2
2019-08-21 03:08:49,185 [3b3fe35e-bec2-454a-8b04-4cf0fdd2f767-SegmentedRaftLogWorker:Storage Directory /workdir/hadoop-ozone/integration-test/target/test-dir/MiniOzoneClusterImpl-440523b1-d1bf-45a3-9b99-cb19fdde5e9b/datanode-2/data/ratis/d48c85b3-3ff6-4c2f-a799-9e930a021b0a] INFO  segmented.SegmentedRaftLogWorker (SegmentedRaftLogWorker.java:run(313)) - 3b3fe35e-bec2-454a-8b04-4cf0fdd2f767-SegmentedRaftLogWorker:Storage Directory /workdir/hadoop-ozone/integration-test/target/test-dir/MiniOzoneClusterImpl-440523b1-d1bf-45a3-9b99-cb19fdde5e9b/datanode-2/data/ratis/d48c85b3-3ff6-4c2f-a799-9e930a021b0a was interrupted, exiting. There are 0 tasks remaining in the queue.
2019-08-21 03:08:49,186 [ForkJoinPool.commonPool-worker-1] INFO  segmented.SegmentedRaftLogWorker (SegmentedRaftLogWorker.java:close(228)) - 3b3fe35e-bec2-454a-8b04-4cf0fdd2f767-SegmentedRaftLogWorker:Storage Directory /workdir/hadoop-ozone/integration-test/target/test-dir/MiniOzoneClusterImpl-440523b1-d1bf-45a3-9b99-cb19fdde5e9b/datanode-2/data/ratis/d48c85b3-3ff6-4c2f-a799-9e930a021b0a close()
2019-08-21 03:08:49,188 [ForkJoinPool.commonPool-worker-1] INFO  impl.RaftServerImpl (RaftServerImpl.java:lambda$shutdown$3(245)) - 3b3fe35e-bec2-454a-8b04-4cf0fdd2f767: shutdown group-39478CAE0182
2019-08-21 03:08:49,188 [ForkJoinPool.commonPool-worker-1] INFO  util.JmxRegister (JmxRegister.java:unregister(73)) - Successfully un-registered JMX Bean with object name Ratis:service=RaftServer,group=group-39478CAE0182,id=3b3fe35e-bec2-454a-8b04-4cf0fdd2f767
2019-08-21 03:08:49,189 [ForkJoinPool.commonPool-worker-1] INFO  impl.RoleInfo (RoleInfo.java:shutdownFollowerState(121)) - 3b3fe35e-bec2-454a-8b04-4cf0fdd2f767: shutdown FollowerState
2019-08-21 03:08:49,189 [ForkJoinPool.commonPool-worker-1] INFO  impl.StateMachineUpdater (StateMachineUpdater.java:stopAndJoin(115)) - StateMachineUpdater:3b3fe35e-bec2-454a-8b04-4cf0fdd2f767:group-39478CAE0182: set stopIndex = -1
2019-08-21 03:08:49,189 [Thread-627] INFO  impl.FollowerState (FollowerState.java:run(114)) - 3b3fe35e-bec2-454a-8b04-4cf0fdd2f767: FollowerState was interrupted: java.lang.InterruptedException: sleep interrupted
2019-08-21 03:08:49,189 [ForkJoinPool.commonPool-worker-1] INFO  impl.RaftServerImpl (ServerState.java:close(394)) - 3b3fe35e-bec2-454a-8b04-4cf0fdd2f767:group-39478CAE0182 closes. The last applied log index is -1
2019-08-21 03:08:49,191 [3b3fe35e-bec2-454a-8b04-4cf0fdd2f767-SegmentedRaftLogWorker:Storage Directory /workdir/hadoop-ozone/integration-test/target/test-dir/MiniOzoneClusterImpl-440523b1-d1bf-45a3-9b99-cb19fdde5e9b/datanode-2/data/ratis/68493208-36c8-46f0-af3f-39478cae0182] INFO  segmented.SegmentedRaftLogWorker (SegmentedRaftLogWorker.java:run(313)) - 3b3fe35e-bec2-454a-8b04-4cf0fdd2f767-SegmentedRaftLogWorker:Storage Directory /workdir/hadoop-ozone/integration-test/target/test-dir/MiniOzoneClusterImpl-440523b1-d1bf-45a3-9b99-cb19fdde5e9b/datanode-2/data/ratis/68493208-36c8-46f0-af3f-39478cae0182 was interrupted, exiting. There are 0 tasks remaining in the queue.
2019-08-21 03:08:49,191 [ForkJoinPool.commonPool-worker-1] INFO  segmented.SegmentedRaftLogWorker (SegmentedRaftLogWorker.java:close(228)) - 3b3fe35e-bec2-454a-8b04-4cf0fdd2f767-SegmentedRaftLogWorker:Storage Directory /workdir/hadoop-ozone/integration-test/target/test-dir/MiniOzoneClusterImpl-440523b1-d1bf-45a3-9b99-cb19fdde5e9b/datanode-2/data/ratis/68493208-36c8-46f0-af3f-39478cae0182 close()
2019-08-21 03:08:49,195 [ForkJoinPool.commonPool-worker-1] INFO  impl.RaftServerImpl (RaftServerImpl.java:lambda$shutdown$3(245)) - 3b3fe35e-bec2-454a-8b04-4cf0fdd2f767: shutdown group-76EEE75E6D9E
2019-08-21 03:08:49,196 [ForkJoinPool.commonPool-worker-1] INFO  util.JmxRegister (JmxRegister.java:unregister(73)) - Successfully un-registered JMX Bean with object name Ratis:service=RaftServer,group=group-76EEE75E6D9E,id=3b3fe35e-bec2-454a-8b04-4cf0fdd2f767
2019-08-21 03:08:49,196 [ForkJoinPool.commonPool-worker-1] INFO  impl.RoleInfo (RoleInfo.java:shutdownLeaderState(104)) - 3b3fe35e-bec2-454a-8b04-4cf0fdd2f767: shutdown LeaderState
2019-08-21 03:08:49,196 [ForkJoinPool.commonPool-worker-1] INFO  impl.PendingRequests (PendingRequests.java:sendNotLeaderResponses(202)) - 3b3fe35e-bec2-454a-8b04-4cf0fdd2f767-PendingRequests: sendNotLeaderResponses
2019-08-21 03:08:49,197 [ForkJoinPool.commonPool-worker-1] INFO  impl.StateMachineUpdater (StateMachineUpdater.java:stopAndJoin(115)) - StateMachineUpdater:3b3fe35e-bec2-454a-8b04-4cf0fdd2f767:group-76EEE75E6D9E: set stopIndex = 0
2019-08-21 03:08:49,197 [ForkJoinPool.commonPool-worker-1] INFO  impl.RaftServerImpl (ServerState.java:close(394)) - 3b3fe35e-bec2-454a-8b04-4cf0fdd2f767:group-76EEE75E6D9E closes. The last applied log index is 0
2019-08-21 03:08:49,197 [3b3fe35e-bec2-454a-8b04-4cf0fdd2f767-SegmentedRaftLogWorker:Storage Directory /workdir/hadoop-ozone/integration-test/target/test-dir/MiniOzoneClusterImpl-440523b1-d1bf-45a3-9b99-cb19fdde5e9b/datanode-2/data/ratis/5f66b1c4-bae6-49d7-ba42-76eee75e6d9e] INFO  segmented.SegmentedRaftLogWorker (SegmentedRaftLogWorker.java:run(313)) - 3b3fe35e-bec2-454a-8b04-4cf0fdd2f767-SegmentedRaftLogWorker:Storage Directory /workdir/hadoop-ozone/integration-test/target/test-dir/MiniOzoneClusterImpl-440523b1-d1bf-45a3-9b99-cb19fdde5e9b/datanode-2/data/ratis/5f66b1c4-bae6-49d7-ba42-76eee75e6d9e was interrupted, exiting. There are 0 tasks remaining in the queue.
2019-08-21 03:08:49,198 [ForkJoinPool.commonPool-worker-1] INFO  segmented.SegmentedRaftLogWorker (SegmentedRaftLogWorker.java:close(228)) - 3b3fe35e-bec2-454a-8b04-4cf0fdd2f767-SegmentedRaftLogWorker:Storage Directory /workdir/hadoop-ozone/integration-test/target/test-dir/MiniOzoneClusterImpl-440523b1-d1bf-45a3-9b99-cb19fdde5e9b/datanode-2/data/ratis/5f66b1c4-bae6-49d7-ba42-76eee75e6d9e close()
2019-08-21 03:08:49,199 [ForkJoinPool.commonPool-worker-1] INFO  server.GrpcService (GrpcService.java:closeImpl(155)) - 3b3fe35e-bec2-454a-8b04-4cf0fdd2f767: shutdown server with port 32992 now
2019-08-21 03:08:49,201 [ForkJoinPool.commonPool-worker-1] INFO  server.GrpcService (GrpcService.java:closeImpl(163)) - 3b3fe35e-bec2-454a-8b04-4cf0fdd2f767: shutdown server with port 32992 successfully
2019-08-21 03:08:49,202 [ForkJoinPool.commonPool-worker-1] INFO  utils.BackgroundService (BackgroundService.java:shutdown(148)) - Shutting down service BlockDeletingService
2019-08-21 03:08:49,204 [refreshUsed-/workdir/hadoop-ozone/integration-test/target/test-dir/MiniOzoneClusterImpl-440523b1-d1bf-45a3-9b99-cb19fdde5e9b/datanode-2/data/containers] WARN  fs.CachingGetSpaceUsed (CachingGetSpaceUsed.java:run(183)) - Thread Interrupted waiting to refresh disk information: sleep interrupted
2019-08-21 03:08:49,224 [ForkJoinPool.commonPool-worker-1] INFO  statemachine.DatanodeStateMachine (DatanodeStateMachine.java:stopDaemon(395)) - Ozone container server stopped.
2019-08-21 03:08:49,238 [ForkJoinPool.commonPool-worker-1] INFO  handler.ContextHandler (ContextHandler.java:doStop(910)) - Stopped o.e.j.w.WebAppContext@93bf456{/,null,UNAVAILABLE}{/hddsDatanode}
2019-08-21 03:08:49,239 [ForkJoinPool.commonPool-worker-1] INFO  server.AbstractConnector (AbstractConnector.java:doStop(318)) - Stopped ServerConnector@aec7403{HTTP/1.1,[http/1.1]}{0.0.0.0:40983}
2019-08-21 03:08:49,239 [ForkJoinPool.commonPool-worker-1] INFO  handler.ContextHandler (ContextHandler.java:doStop(910)) - Stopped o.e.j.s.ServletContextHandler@7b5f794c{/static,jar:file:/home/user/.m2/repository/org/apache/hadoop/hadoop-hdds-container-service/0.5.0-SNAPSHOT/hadoop-hdds-container-service-0.5.0-SNAPSHOT.jar!/webapps/static,UNAVAILABLE}
2019-08-21 03:08:49,240 [ForkJoinPool.commonPool-worker-1] INFO  handler.ContextHandler (ContextHandler.java:doStop(910)) - Stopped o.e.j.s.ServletContextHandler@2c1e461a{/logs,file:///workdir/hadoop-ozone/integration-test/target/log,UNAVAILABLE}
2019-08-21 03:08:49,241 [main] INFO  ozone.MiniOzoneClusterImpl (MiniOzoneClusterImpl.java:stop(353)) - Stopping the StorageContainerManager
2019-08-21 03:08:49,241 [main] INFO  server.StorageContainerManager (StorageContainerManager.java:stop(797)) - Stopping Replication Manager Service.
2019-08-21 03:08:49,242 [main] INFO  container.ReplicationManager (ReplicationManager.java:stop(193)) - Stopping Replication Monitor Thread.
2019-08-21 03:08:49,242 [main] INFO  server.StorageContainerManager (StorageContainerManager.java:stop(804)) - Stopping Lease Manager of the command watchers
2019-08-21 03:08:49,242 [main] INFO  server.StorageContainerManager (StorageContainerManager.java:stop(811)) - Stopping datanode service RPC server
2019-08-21 03:08:49,242 [main] INFO  server.SCMDatanodeProtocolServer (SCMDatanodeProtocolServer.java:stop(367)) - Stopping the RPC server for DataNodes
2019-08-21 03:08:49,243 [main] INFO  ipc.Server (Server.java:stop(3082)) - Stopping server on 44019
2019-08-21 03:08:49,245 [IPC Server listener on 44019] INFO  ipc.Server (Server.java:run(1185)) - Stopping IPC Server listener on 44019
2019-08-21 03:08:49,245 [IPC Server Responder] INFO  ipc.Server (Server.java:run(1319)) - Stopping IPC Server Responder
2019-08-21 03:08:50,151 [SCM Heartbeat Processing Thread - 0] WARN  node.NodeStateManager (NodeStateManager.java:scheduleNextHealthCheck(646)) - Current Thread is interrupted, shutting down HB processing thread for Node Manager.
2019-08-21 03:08:50,151 [main] INFO  server.StorageContainerManager (StorageContainerManager.java:stop(819)) - Stopping block service RPC server
2019-08-21 03:08:50,152 [main] INFO  server.SCMBlockProtocolServer (SCMBlockProtocolServer.java:stop(148)) - Stopping the RPC server for Block Protocol
2019-08-21 03:08:50,153 [main] INFO  ipc.Server (Server.java:stop(3082)) - Stopping server on 36433
2019-08-21 03:08:50,154 [IPC Server listener on 36433] INFO  ipc.Server (Server.java:run(1185)) - Stopping IPC Server listener on 36433
2019-08-21 03:08:50,154 [main] INFO  server.StorageContainerManager (StorageContainerManager.java:stop(826)) - Stopping the StorageContainerLocationProtocol RPC server
2019-08-21 03:08:50,154 [IPC Server Responder] INFO  ipc.Server (Server.java:run(1319)) - Stopping IPC Server Responder
2019-08-21 03:08:50,155 [main] INFO  server.SCMClientProtocolServer (SCMClientProtocolServer.java:stop(159)) - Stopping the RPC server for Client Protocol
2019-08-21 03:08:50,156 [main] INFO  ipc.Server (Server.java:stop(3082)) - Stopping server on 37298
2019-08-21 03:08:50,157 [IPC Server listener on 37298] INFO  ipc.Server (Server.java:run(1185)) - Stopping IPC Server listener on 37298
2019-08-21 03:08:50,157 [main] INFO  server.StorageContainerManager (StorageContainerManager.java:stop(833)) - Stopping Storage Container Manager HTTP server.
2019-08-21 03:08:50,158 [IPC Server Responder] INFO  ipc.Server (Server.java:run(1319)) - Stopping IPC Server Responder
2019-08-21 03:08:50,161 [main] INFO  handler.ContextHandler (ContextHandler.java:doStop(910)) - Stopped o.e.j.w.WebAppContext@47073d72{/,null,UNAVAILABLE}{/scm}
2019-08-21 03:08:50,161 [main] INFO  server.AbstractConnector (AbstractConnector.java:doStop(318)) - Stopped ServerConnector@17c5ebb6{HTTP/1.1,[http/1.1]}{0.0.0.0:0}
2019-08-21 03:08:50,162 [main] INFO  handler.ContextHandler (ContextHandler.java:doStop(910)) - Stopped o.e.j.s.ServletContextHandler@19c30cfb{/static,file:///workdir/hadoop-ozone/integration-test/target/test-classes/webapps/static,UNAVAILABLE}
2019-08-21 03:08:50,163 [main] INFO  handler.ContextHandler (ContextHandler.java:doStop(910)) - Stopped o.e.j.s.ServletContextHandler@6ddd3907{/logs,file:///workdir/hadoop-ozone/integration-test/target/log,UNAVAILABLE}
2019-08-21 03:08:50,164 [main] INFO  server.StorageContainerManager (StorageContainerManager.java:stop(844)) - Stopping Block Manager Service.
2019-08-21 03:08:50,164 [main] INFO  utils.BackgroundService (BackgroundService.java:shutdown(148)) - Shutting down service SCMBlockDeletingService
2019-08-21 03:08:50,164 [main] INFO  utils.BackgroundService (BackgroundService.java:shutdown(148)) - Shutting down service SCMBlockDeletingService
2019-08-21 03:08:50,165 [main] INFO  server.StorageContainerManager (StorageContainerManager.java:stop(866)) - Stopping SCM Event Queue.
2019-08-21 03:08:50,202 [main] INFO  impl.MetricsSystemImpl (MetricsSystemImpl.java:stop(210)) - Stopping HddsDatanode metrics system...
2019-08-21 03:08:50,212 [main] INFO  impl.MetricsSystemImpl (MetricsSystemImpl.java:stop(216)) - HddsDatanode metrics system stopped.
]]></system-out>
    <system-err><![CDATA[Aug 21, 2019 3:08:10 AM com.sun.jersey.server.impl.application.WebApplicationImpl _initiate
INFO: Initiating Jersey application, version 'Jersey: 1.19 02/11/2015 03:25 AM'
Aug 21, 2019 3:08:10 AM com.sun.jersey.server.impl.application.WebApplicationImpl _initiate
INFO: Initiating Jersey application, version 'Jersey: 1.19 02/11/2015 03:25 AM'
Aug 21, 2019 3:08:10 AM com.sun.jersey.server.impl.application.WebApplicationImpl _initiate
INFO: Initiating Jersey application, version 'Jersey: 1.19 02/11/2015 03:25 AM'
Aug 21, 2019 3:08:32 AM com.sun.jersey.server.impl.application.WebApplicationImpl _initiate
INFO: Initiating Jersey application, version 'Jersey: 1.19 02/11/2015 03:25 AM'
Aug 21, 2019 3:08:32 AM com.sun.jersey.server.impl.application.WebApplicationImpl _initiate
INFO: Initiating Jersey application, version 'Jersey: 1.19 02/11/2015 03:25 AM'
Aug 21, 2019 3:08:32 AM com.sun.jersey.server.impl.application.WebApplicationImpl _initiate
INFO: Initiating Jersey application, version 'Jersey: 1.19 02/11/2015 03:25 AM'
]]></system-err>
  </testcase>
</testsuite>