<?xml version="1.0" encoding="UTF-8"?>
<testsuite xmlns:xsi="http://www.w3.org/2001/XMLSchema-instance" xsi:noNamespaceSchemaLocation="https://maven.apache.org/surefire/maven-surefire-plugin/xsd/surefire-test-report.xsd" name="org.apache.hadoop.hdds.scm.pipeline.TestNode2PipelineMap" time="29.965" tests="1" errors="1" skipped="0" failures="0">
  <properties>
    <property name="awt.toolkit" value="sun.awt.X11.XToolkit"/>
    <property name="file.encoding.pkg" value="sun.io"/>
    <property name="java.specification.version" value="1.8"/>
    <property name="sun.cpu.isalist" value=""/>
    <property name="sun.jnu.encoding" value="UTF-8"/>
    <property name="java.class.path" value="/workdir/hadoop-ozone/integration-test/target/test-classes:/workdir/hadoop-ozone/integration-test/target/classes:/home/user/.m2/repository/org/apache/hadoop/hadoop-ozone-common/0.5.0-SNAPSHOT/hadoop-ozone-common-0.5.0-SNAPSHOT.jar:/home/user/.m2/repository/org/apache/commons/commons-compress/1.4.1/commons-compress-1.4.1.jar:/home/user/.m2/repository/org/tukaani/xz/1.0/xz-1.0.jar:/home/user/.m2/repository/org/apache/hadoop/hadoop-common/3.2.0/hadoop-common-3.2.0.jar:/home/user/.m2/repository/org/apache/hadoop/hadoop-hdfs/3.2.0/hadoop-hdfs-3.2.0.jar:/home/user/.m2/repository/org/apache/hadoop/hadoop-hdfs-client/3.2.0/hadoop-hdfs-client-3.2.0.jar:/home/user/.m2/repository/com/fasterxml/jackson/core/jackson-annotations/2.9.9/jackson-annotations-2.9.9.jar:/home/user/.m2/repository/org/apache/hadoop/hadoop-hdds-common/0.5.0-SNAPSHOT/hadoop-hdds-common-0.5.0-SNAPSHOT.jar:/home/user/.m2/repository/javax/annotation/javax.annotation-api/1.2/javax.annotation-api-1.2.jar:/home/user/.m2/repository/org/apache/ratis/ratis-server/0.4.0/ratis-server-0.4.0.jar:/home/user/.m2/repository/org/apache/ratis/ratis-thirdparty-misc/0.2.0/ratis-thirdparty-misc-0.2.0.jar:/home/user/.m2/repository/org/apache/ratis/ratis-proto/0.4.0/ratis-proto-0.4.0.jar:/home/user/.m2/repository/org/apache/ratis/ratis-common/0.4.0/ratis-common-0.4.0.jar:/home/user/.m2/repository/org/apache/ratis/ratis-client/0.4.0/ratis-client-0.4.0.jar:/home/user/.m2/repository/org/apache/ratis/ratis-metrics/0.4.0/ratis-metrics-0.4.0.jar:/home/user/.m2/repository/com/github/joshelser/dropwizard-metrics-hadoop-metrics2-reporter/0.1.2/dropwizard-metrics-hadoop-metrics2-reporter-0.1.2.jar:/home/user/.m2/repository/io/dropwizard/metrics/metrics-jvm/3.2.5/metrics-jvm-3.2.5.jar:/home/user/.m2/repository/io/dropwizard/metrics/metrics-ganglia/3.2.5/metrics-ganglia-3.2.5.jar:/home/user/.m2/repository/info/ganglia/gmetric4j/gmetric4j/1.0.7/gmetric4j-1.0.7.jar:/home/user/.m2/repository/org/apache/ratis/ratis-netty/0.4.0/ratis-netty-0.4.0.jar:/home/user/.m2/repository/org/apache/ratis/ratis-grpc/0.4.0/ratis-grpc-0.4.0.jar:/home/user/.m2/repository/org/rocksdb/rocksdbjni/6.0.1/rocksdbjni-6.0.1.jar:/home/user/.m2/repository/org/apache/logging/log4j/log4j-api/2.11.0/log4j-api-2.11.0.jar:/home/user/.m2/repository/org/apache/logging/log4j/log4j-core/2.11.0/log4j-core-2.11.0.jar:/home/user/.m2/repository/com/lmax/disruptor/3.4.2/disruptor-3.4.2.jar:/home/user/.m2/repository/org/apache/commons/commons-pool2/2.6.0/commons-pool2-2.6.0.jar:/home/user/.m2/repository/org/bouncycastle/bcpkix-jdk15on/1.60/bcpkix-jdk15on-1.60.jar:/home/user/.m2/repository/commons-validator/commons-validator/1.6/commons-validator-1.6.jar:/home/user/.m2/repository/commons-digester/commons-digester/1.8.1/commons-digester-1.8.1.jar:/home/user/.m2/repository/io/jaegertracing/jaeger-client/0.34.0/jaeger-client-0.34.0.jar:/home/user/.m2/repository/io/jaegertracing/jaeger-thrift/0.34.0/jaeger-thrift-0.34.0.jar:/home/user/.m2/repository/org/apache/thrift/libthrift/0.12.0/libthrift-0.12.0.jar:/home/user/.m2/repository/com/squareup/okhttp3/okhttp/3.9.0/okhttp-3.9.0.jar:/home/user/.m2/repository/com/squareup/okio/okio/1.13.0/okio-1.13.0.jar:/home/user/.m2/repository/io/jaegertracing/jaeger-core/0.34.0/jaeger-core-0.34.0.jar:/home/user/.m2/repository/io/jaegertracing/jaeger-tracerresolver/0.34.0/jaeger-tracerresolver-0.34.0.jar:/home/user/.m2/repository/io/opentracing/contrib/opentracing-tracerresolver/0.1.5/opentracing-tracerresolver-0.1.5.jar:/home/user/.m2/repository/io/opentracing/opentracing-util/0.31.0/opentracing-util-0.31.0.jar:/home/user/.m2/repository/io/opentracing/opentracing-api/0.31.0/opentracing-api-0.31.0.jar:/home/user/.m2/repository/io/opentracing/opentracing-noop/0.31.0/opentracing-noop-0.31.0.jar:/home/user/.m2/repository/org/apache/hadoop/hadoop-hdds-server-framework/0.5.0-SNAPSHOT/hadoop-hdds-server-framework-0.5.0-SNAPSHOT.jar:/home/user/.m2/repository/org/apache/hadoop/hadoop-hdds-container-service/0.5.0-SNAPSHOT/hadoop-hdds-container-service-0.5.0-SNAPSHOT.jar:/home/user/.m2/repository/org/apache/hadoop/hadoop-hdds-client/0.5.0-SNAPSHOT/hadoop-hdds-client-0.5.0-SNAPSHOT.jar:/home/user/.m2/repository/org/apache/hadoop/hadoop-hdds-tools/0.5.0-SNAPSHOT/hadoop-hdds-tools-0.5.0-SNAPSHOT.jar:/home/user/.m2/repository/org/apache/hadoop/hadoop-hdds-server-scm/0.5.0-SNAPSHOT/hadoop-hdds-server-scm-0.5.0-SNAPSHOT.jar:/home/user/.m2/repository/org/apache/hadoop/hadoop-hdds-docs/0.5.0-SNAPSHOT/hadoop-hdds-docs-0.5.0-SNAPSHOT.jar:/home/user/.m2/repository/io/dropwizard/metrics/metrics-core/3.2.4/metrics-core-3.2.4.jar:/home/user/.m2/repository/org/hamcrest/hamcrest-all/1.3/hamcrest-all-1.3.jar:/home/user/.m2/repository/org/bouncycastle/bcprov-jdk15on/1.60/bcprov-jdk15on-1.60.jar:/home/user/.m2/repository/info/picocli/picocli/3.9.6/picocli-3.9.6.jar:/home/user/.m2/repository/com/google/protobuf/protobuf-java/2.5.0/protobuf-java-2.5.0.jar:/home/user/.m2/repository/com/google/guava/guava/11.0.2/guava-11.0.2.jar:/home/user/.m2/repository/org/apache/hadoop/hadoop-ozone-ozone-manager/0.5.0-SNAPSHOT/hadoop-ozone-ozone-manager-0.5.0-SNAPSHOT.jar:/home/user/.m2/repository/org/apache/hadoop/hadoop-minikdc/3.2.0/hadoop-minikdc-3.2.0.jar:/home/user/.m2/repository/commons-io/commons-io/2.5/commons-io-2.5.jar:/home/user/.m2/repository/org/apache/kerby/kerb-simplekdc/1.0.1/kerb-simplekdc-1.0.1.jar:/home/user/.m2/repository/org/apache/kerby/kerb-client/1.0.1/kerb-client-1.0.1.jar:/home/user/.m2/repository/org/apache/kerby/kerby-config/1.0.1/kerby-config-1.0.1.jar:/home/user/.m2/repository/org/apache/kerby/kerb-core/1.0.1/kerb-core-1.0.1.jar:/home/user/.m2/repository/org/apache/kerby/kerby-pkix/1.0.1/kerby-pkix-1.0.1.jar:/home/user/.m2/repository/org/apache/kerby/kerby-asn1/1.0.1/kerby-asn1-1.0.1.jar:/home/user/.m2/repository/org/apache/kerby/kerby-util/1.0.1/kerby-util-1.0.1.jar:/home/user/.m2/repository/org/apache/kerby/kerb-common/1.0.1/kerb-common-1.0.1.jar:/home/user/.m2/repository/org/apache/kerby/kerb-crypto/1.0.1/kerb-crypto-1.0.1.jar:/home/user/.m2/repository/org/apache/kerby/kerb-util/1.0.1/kerb-util-1.0.1.jar:/home/user/.m2/repository/org/apache/kerby/token-provider/1.0.1/token-provider-1.0.1.jar:/home/user/.m2/repository/org/apache/kerby/kerb-admin/1.0.1/kerb-admin-1.0.1.jar:/home/user/.m2/repository/org/apache/kerby/kerb-server/1.0.1/kerb-server-1.0.1.jar:/home/user/.m2/repository/org/apache/kerby/kerb-identity/1.0.1/kerb-identity-1.0.1.jar:/home/user/.m2/repository/org/apache/kerby/kerby-xdr/1.0.1/kerby-xdr-1.0.1.jar:/home/user/.m2/repository/org/slf4j/slf4j-log4j12/1.7.25/slf4j-log4j12-1.7.25.jar:/home/user/.m2/repository/org/apache/hadoop/hadoop-ozone-s3gateway/0.5.0-SNAPSHOT/hadoop-ozone-s3gateway-0.5.0-SNAPSHOT.jar:/home/user/.m2/repository/org/jboss/weld/servlet/weld-servlet/2.4.7.Final/weld-servlet-2.4.7.Final.jar:/home/user/.m2/repository/org/glassfish/jersey/containers/jersey-container-servlet-core/2.27/jersey-container-servlet-core-2.27.jar:/home/user/.m2/repository/org/glassfish/hk2/external/javax.inject/2.5.0-b42/javax.inject-2.5.0-b42.jar:/home/user/.m2/repository/org/glassfish/jersey/core/jersey-common/2.27/jersey-common-2.27.jar:/home/user/.m2/repository/org/glassfish/hk2/osgi-resource-locator/1.0.1/osgi-resource-locator-1.0.1.jar:/home/user/.m2/repository/javax/ws/rs/javax.ws.rs-api/2.1/javax.ws.rs-api-2.1.jar:/home/user/.m2/repository/org/glassfish/jersey/ext/cdi/jersey-cdi1x/2.27/jersey-cdi1x-2.27.jar:/home/user/.m2/repository/org/glassfish/jersey/inject/jersey-hk2/2.27/jersey-hk2-2.27.jar:/home/user/.m2/repository/org/glassfish/hk2/hk2-locator/2.5.0-b42/hk2-locator-2.5.0-b42.jar:/home/user/.m2/repository/org/javassist/javassist/3.22.0-CR2/javassist-3.22.0-CR2.jar:/home/user/.m2/repository/org/glassfish/hk2/hk2-api/2.5.0/hk2-api-2.5.0.jar:/home/user/.m2/repository/org/glassfish/hk2/external/jakarta.inject/2.5.0/jakarta.inject-2.5.0.jar:/home/user/.m2/repository/org/glassfish/hk2/hk2-utils/2.5.0/hk2-utils-2.5.0.jar:/home/user/.m2/repository/jakarta/annotation/jakarta.annotation-api/1.3.4/jakarta.annotation-api-1.3.4.jar:/home/user/.m2/repository/org/glassfish/hk2/external/aopalliance-repackaged/2.5.0/aopalliance-repackaged-2.5.0.jar:/home/user/.m2/repository/com/fasterxml/jackson/dataformat/jackson-dataformat-xml/2.9.0/jackson-dataformat-xml-2.9.0.jar:/home/user/.m2/repository/com/fasterxml/jackson/core/jackson-core/2.9.9/jackson-core-2.9.9.jar:/home/user/.m2/repository/com/fasterxml/jackson/module/jackson-module-jaxb-annotations/2.9.9/jackson-module-jaxb-annotations-2.9.9.jar:/home/user/.m2/repository/javax/enterprise/cdi-api/1.2/cdi-api-1.2.jar:/home/user/.m2/repository/javax/el/javax.el-api/3.0.0/javax.el-api-3.0.0.jar:/home/user/.m2/repository/javax/interceptor/javax.interceptor-api/1.2/javax.interceptor-api-1.2.jar:/home/user/.m2/repository/javax/inject/javax.inject/1/javax.inject-1.jar:/home/user/.m2/repository/com/sun/xml/bind/jaxb-impl/2.3.0.1/jaxb-impl-2.3.0.1.jar:/home/user/.m2/repository/com/sun/xml/bind/jaxb-core/2.3.0.1/jaxb-core-2.3.0.1.jar:/home/user/.m2/repository/javax/xml/bind/jaxb-api/2.3.0/jaxb-api-2.3.0.jar:/home/user/.m2/repository/javax/activation/activation/1.1.1/activation-1.1.1.jar:/home/user/.m2/repository/org/apache/hadoop/hadoop-ozone-csi/0.5.0-SNAPSHOT/hadoop-ozone-csi-0.5.0-SNAPSHOT.jar:/home/user/.m2/repository/com/google/protobuf/protobuf-java-util/3.5.1/protobuf-java-util-3.5.1.jar:/home/user/.m2/repository/org/apache/hadoop/hadoop-hdds-config/0.5.0-SNAPSHOT/hadoop-hdds-config-0.5.0-SNAPSHOT.jar:/home/user/.m2/repository/io/grpc/grpc-netty/1.17.1/grpc-netty-1.17.1.jar:/home/user/.m2/repository/io/grpc/grpc-core/1.17.1/grpc-core-1.17.1.jar:/home/user/.m2/repository/io/grpc/grpc-context/1.17.1/grpc-context-1.17.1.jar:/home/user/.m2/repository/com/google/errorprone/error_prone_annotations/2.2.0/error_prone_annotations-2.2.0.jar:/home/user/.m2/repository/org/codehaus/mojo/animal-sniffer-annotations/1.17/animal-sniffer-annotations-1.17.jar:/home/user/.m2/repository/io/opencensus/opencensus-api/0.17.0/opencensus-api-0.17.0.jar:/home/user/.m2/repository/io/opencensus/opencensus-contrib-grpc-metrics/0.17.0/opencensus-contrib-grpc-metrics-0.17.0.jar:/home/user/.m2/repository/io/netty/netty-codec-http2/4.1.30.Final/netty-codec-http2-4.1.30.Final.jar:/home/user/.m2/repository/io/netty/netty-codec-http/4.1.30.Final/netty-codec-http-4.1.30.Final.jar:/home/user/.m2/repository/io/netty/netty-codec/4.1.30.Final/netty-codec-4.1.30.Final.jar:/home/user/.m2/repository/io/netty/netty-handler/4.1.30.Final/netty-handler-4.1.30.Final.jar:/home/user/.m2/repository/io/netty/netty-handler-proxy/4.1.30.Final/netty-handler-proxy-4.1.30.Final.jar:/home/user/.m2/repository/io/netty/netty-codec-socks/4.1.30.Final/netty-codec-socks-4.1.30.Final.jar:/home/user/.m2/repository/io/netty/netty-transport-native-epoll/4.1.30.Final/netty-transport-native-epoll-4.1.30.Final.jar:/home/user/.m2/repository/io/netty/netty-common/4.1.30.Final/netty-common-4.1.30.Final.jar:/home/user/.m2/repository/io/netty/netty-buffer/4.1.30.Final/netty-buffer-4.1.30.Final.jar:/home/user/.m2/repository/io/netty/netty-transport/4.1.30.Final/netty-transport-4.1.30.Final.jar:/home/user/.m2/repository/io/netty/netty-resolver/4.1.30.Final/netty-resolver-4.1.30.Final.jar:/home/user/.m2/repository/io/netty/netty-transport-native-unix-common/4.1.30.Final/netty-transport-native-unix-common-4.1.30.Final.jar:/home/user/.m2/repository/io/grpc/grpc-protobuf/1.17.1/grpc-protobuf-1.17.1.jar:/home/user/.m2/repository/com/google/api/grpc/proto-google-common-protos/1.0.0/proto-google-common-protos-1.0.0.jar:/home/user/.m2/repository/io/grpc/grpc-protobuf-lite/1.17.1/grpc-protobuf-lite-1.17.1.jar:/home/user/.m2/repository/io/grpc/grpc-stub/1.17.1/grpc-stub-1.17.1.jar:/home/user/.m2/repository/org/apache/hadoop/hadoop-ozone-recon/0.5.0-SNAPSHOT/hadoop-ozone-recon-0.5.0-SNAPSHOT.jar:/home/user/.m2/repository/org/apache/hadoop/hadoop-ozone-reconcodegen/0.5.0-SNAPSHOT/hadoop-ozone-reconcodegen-0.5.0-SNAPSHOT.jar:/home/user/.m2/repository/com/google/inject/extensions/guice-multibindings/4.0/guice-multibindings-4.0.jar:/home/user/.m2/repository/com/google/inject/guice/4.0/guice-4.0.jar:/home/user/.m2/repository/aopalliance/aopalliance/1.0/aopalliance-1.0.jar:/home/user/.m2/repository/com/google/inject/extensions/guice-servlet/4.0/guice-servlet-4.0.jar:/home/user/.m2/repository/org/glassfish/jersey/containers/jersey-container-servlet/2.27/jersey-container-servlet-2.27.jar:/home/user/.m2/repository/org/glassfish/hk2/guice-bridge/2.5.0/guice-bridge-2.5.0.jar:/home/user/.m2/repository/org/glassfish/jersey/core/jersey-server/2.27/jersey-server-2.27.jar:/home/user/.m2/repository/org/glassfish/jersey/core/jersey-client/2.27/jersey-client-2.27.jar:/home/user/.m2/repository/org/glassfish/jersey/media/jersey-media-jaxb/2.27/jersey-media-jaxb-2.27.jar:/home/user/.m2/repository/javax/validation/validation-api/1.1.0.Final/validation-api-1.1.0.Final.jar:/home/user/.m2/repository/org/glassfish/jersey/media/jersey-media-json-jackson/2.27/jersey-media-json-jackson-2.27.jar:/home/user/.m2/repository/org/glassfish/jersey/ext/jersey-entity-filtering/2.27/jersey-entity-filtering-2.27.jar:/home/user/.m2/repository/com/google/inject/extensions/guice-assistedinject/4.0/guice-assistedinject-4.0.jar:/home/user/.m2/repository/org/jooq/jooq/3.11.10/jooq-3.11.10.jar:/home/user/.m2/repository/org/jooq/jooq-meta/3.11.10/jooq-meta-3.11.10.jar:/home/user/.m2/repository/org/jooq/jooq-codegen/3.11.10/jooq-codegen-3.11.10.jar:/home/user/.m2/repository/com/jolbox/bonecp/0.8.0.RELEASE/bonecp-0.8.0.RELEASE.jar:/home/user/.m2/repository/org/xerial/sqlite-jdbc/3.25.2/sqlite-jdbc-3.25.2.jar:/home/user/.m2/repository/org/springframework/spring-jdbc/5.1.3.RELEASE/spring-jdbc-5.1.3.RELEASE.jar:/home/user/.m2/repository/org/springframework/spring-beans/5.1.3.RELEASE/spring-beans-5.1.3.RELEASE.jar:/home/user/.m2/repository/org/springframework/spring-core/5.1.3.RELEASE/spring-core-5.1.3.RELEASE.jar:/home/user/.m2/repository/org/springframework/spring-jcl/5.1.3.RELEASE/spring-jcl-5.1.3.RELEASE.jar:/home/user/.m2/repository/org/springframework/spring-tx/5.1.3.RELEASE/spring-tx-5.1.3.RELEASE.jar:/home/user/.m2/repository/org/apache/hadoop/hadoop-ozone-client/0.5.0-SNAPSHOT/hadoop-ozone-client-0.5.0-SNAPSHOT.jar:/home/user/.m2/repository/commons-lang/commons-lang/2.6/commons-lang-2.6.jar:/home/user/.m2/repository/org/apache/hadoop/hadoop-ozone-ozone-manager/0.5.0-SNAPSHOT/hadoop-ozone-ozone-manager-0.5.0-SNAPSHOT-tests.jar:/home/user/.m2/repository/junit/junit/4.11/junit-4.11.jar:/home/user/.m2/repository/org/hamcrest/hamcrest-core/1.3/hamcrest-core-1.3.jar:/home/user/.m2/repository/org/openjdk/jmh/jmh-core/1.19/jmh-core-1.19.jar:/home/user/.m2/repository/net/sf/jopt-simple/jopt-simple/4.6/jopt-simple-4.6.jar:/home/user/.m2/repository/org/apache/commons/commons-math3/3.1.1/commons-math3-3.1.1.jar:/home/user/.m2/repository/org/openjdk/jmh/jmh-generator-annprocess/1.19/jmh-generator-annprocess-1.19.jar:/home/user/.m2/repository/org/mockito/mockito-all/1.8.5/mockito-all-1.8.5.jar:/home/user/.m2/repository/org/apache/hadoop/hadoop-kms/3.2.0/hadoop-kms-3.2.0.jar:/home/user/.m2/repository/org/apache/hadoop/hadoop-auth/3.2.0/hadoop-auth-3.2.0.jar:/home/user/.m2/repository/com/nimbusds/nimbus-jose-jwt/4.41.1/nimbus-jose-jwt-4.41.1.jar:/home/user/.m2/repository/com/github/stephenc/jcip/jcip-annotations/1.0-1/jcip-annotations-1.0-1.jar:/home/user/.m2/repository/net/minidev/json-smart/2.3/json-smart-2.3.jar:/home/user/.m2/repository/net/minidev/accessors-smart/1.2/accessors-smart-1.2.jar:/home/user/.m2/repository/org/ow2/asm/asm/5.0.4/asm-5.0.4.jar:/home/user/.m2/repository/org/apache/curator/curator-framework/2.12.0/curator-framework-2.12.0.jar:/home/user/.m2/repository/com/sun/jersey/jersey-core/1.19/jersey-core-1.19.jar:/home/user/.m2/repository/javax/ws/rs/jsr311-api/1.1.1/jsr311-api-1.1.1.jar:/home/user/.m2/repository/com/sun/jersey/jersey-server/1.19/jersey-server-1.19.jar:/home/user/.m2/repository/javax/servlet/javax.servlet-api/3.1.0/javax.servlet-api-3.1.0.jar:/home/user/.m2/repository/org/eclipse/jetty/jetty-server/9.3.25.v20180904/jetty-server-9.3.25.v20180904.jar:/home/user/.m2/repository/org/eclipse/jetty/jetty-http/9.3.25.v20180904/jetty-http-9.3.25.v20180904.jar:/home/user/.m2/repository/org/eclipse/jetty/jetty-io/9.3.25.v20180904/jetty-io-9.3.25.v20180904.jar:/home/user/.m2/repository/org/eclipse/jetty/jetty-webapp/9.3.25.v20180904/jetty-webapp-9.3.25.v20180904.jar:/home/user/.m2/repository/org/eclipse/jetty/jetty-xml/9.3.25.v20180904/jetty-xml-9.3.25.v20180904.jar:/home/user/.m2/repository/log4j/log4j/1.2.17/log4j-1.2.17.jar:/home/user/.m2/repository/org/slf4j/slf4j-api/1.7.25/slf4j-api-1.7.25.jar:/home/user/.m2/repository/org/slf4j/jul-to-slf4j/1.7.25/jul-to-slf4j-1.7.25.jar:/home/user/.m2/repository/org/eclipse/jetty/jetty-util/9.3.25.v20180904/jetty-util-9.3.25.v20180904.jar:/home/user/.m2/repository/com/fasterxml/jackson/core/jackson-databind/2.9.9/jackson-databind-2.9.9.jar:/home/user/.m2/repository/org/apache/hadoop/hadoop-kms/3.2.0/hadoop-kms-3.2.0-tests.jar:/home/user/.m2/repository/org/apache/hadoop/hadoop-hdds-server-scm/0.5.0-SNAPSHOT/hadoop-hdds-server-scm-0.5.0-SNAPSHOT-tests.jar:/home/user/.m2/repository/org/apache/hadoop/hadoop-hdds-container-service/0.5.0-SNAPSHOT/hadoop-hdds-container-service-0.5.0-SNAPSHOT-tests.jar:/home/user/.m2/repository/org/yaml/snakeyaml/1.16/snakeyaml-1.16.jar:/home/user/.m2/repository/org/apache/hadoop/hadoop-common/3.2.0/hadoop-common-3.2.0-tests.jar:/home/user/.m2/repository/org/apache/hadoop/hadoop-annotations/3.2.0/hadoop-annotations-3.2.0.jar:/usr/lib/jvm/java-1.8-openjdk/jre/../lib/tools.jar:/home/user/.m2/repository/commons-cli/commons-cli/1.2/commons-cli-1.2.jar:/home/user/.m2/repository/org/apache/httpcomponents/httpclient/4.5.2/httpclient-4.5.2.jar:/home/user/.m2/repository/org/apache/httpcomponents/httpcore/4.4.4/httpcore-4.4.4.jar:/home/user/.m2/repository/commons-codec/commons-codec/1.11/commons-codec-1.11.jar:/home/user/.m2/repository/commons-net/commons-net/3.6/commons-net-3.6.jar:/home/user/.m2/repository/commons-collections/commons-collections/3.2.2/commons-collections-3.2.2.jar:/home/user/.m2/repository/org/eclipse/jetty/jetty-servlet/9.3.25.v20180904/jetty-servlet-9.3.25.v20180904.jar:/home/user/.m2/repository/org/eclipse/jetty/jetty-security/9.3.25.v20180904/jetty-security-9.3.25.v20180904.jar:/home/user/.m2/repository/javax/servlet/jsp/jsp-api/2.1/jsp-api-2.1.jar:/home/user/.m2/repository/com/sun/jersey/jersey-servlet/1.19/jersey-servlet-1.19.jar:/home/user/.m2/repository/com/sun/jersey/jersey-json/1.19/jersey-json-1.19.jar:/home/user/.m2/repository/org/codehaus/jettison/jettison/1.1/jettison-1.1.jar:/home/user/.m2/repository/org/codehaus/jackson/jackson-core-asl/1.9.13/jackson-core-asl-1.9.13.jar:/home/user/.m2/repository/org/codehaus/jackson/jackson-mapper-asl/1.9.13/jackson-mapper-asl-1.9.13.jar:/home/user/.m2/repository/org/codehaus/jackson/jackson-jaxrs/1.9.13/jackson-jaxrs-1.9.13.jar:/home/user/.m2/repository/org/codehaus/jackson/jackson-xc/1.9.13/jackson-xc-1.9.13.jar:/home/user/.m2/repository/commons-logging/commons-logging/1.1.3/commons-logging-1.1.3.jar:/home/user/.m2/repository/commons-beanutils/commons-beanutils/1.9.4/commons-beanutils-1.9.4.jar:/home/user/.m2/repository/org/apache/commons/commons-configuration2/2.1.1/commons-configuration2-2.1.1.jar:/home/user/.m2/repository/org/apache/commons/commons-lang3/3.7/commons-lang3-3.7.jar:/home/user/.m2/repository/org/apache/commons/commons-text/1.4/commons-text-1.4.jar:/home/user/.m2/repository/org/apache/avro/avro/1.7.7/avro-1.7.7.jar:/home/user/.m2/repository/com/thoughtworks/paranamer/paranamer/2.3/paranamer-2.3.jar:/home/user/.m2/repository/org/xerial/snappy/snappy-java/1.0.5/snappy-java-1.0.5.jar:/home/user/.m2/repository/com/google/re2j/re2j/1.1/re2j-1.1.jar:/home/user/.m2/repository/com/google/code/gson/gson/2.2.4/gson-2.2.4.jar:/home/user/.m2/repository/com/jcraft/jsch/0.1.54/jsch-0.1.54.jar:/home/user/.m2/repository/org/apache/curator/curator-client/2.12.0/curator-client-2.12.0.jar:/home/user/.m2/repository/org/apache/curator/curator-recipes/2.12.0/curator-recipes-2.12.0.jar:/home/user/.m2/repository/com/google/code/findbugs/jsr305/3.0.0/jsr305-3.0.0.jar:/home/user/.m2/repository/org/apache/htrace/htrace-core4/4.1.0-incubating/htrace-core4-4.1.0-incubating.jar:/home/user/.m2/repository/org/apache/zookeeper/zookeeper/3.4.13/zookeeper-3.4.13.jar:/home/user/.m2/repository/jline/jline/0.9.94/jline-0.9.94.jar:/home/user/.m2/repository/org/apache/yetus/audience-annotations/0.5.0/audience-annotations-0.5.0.jar:/home/user/.m2/repository/org/codehaus/woodstox/stax2-api/3.1.4/stax2-api-3.1.4.jar:/home/user/.m2/repository/com/fasterxml/woodstox/woodstox-core/5.0.3/woodstox-core-5.0.3.jar:/home/user/.m2/repository/dnsjava/dnsjava/2.1.7/dnsjava-2.1.7.jar:/home/user/.m2/repository/org/apache/hadoop/hadoop-hdfs/3.2.0/hadoop-hdfs-3.2.0-tests.jar:/home/user/.m2/repository/org/eclipse/jetty/jetty-util-ajax/9.3.25.v20180904/jetty-util-ajax-9.3.25.v20180904.jar:/home/user/.m2/repository/commons-daemon/commons-daemon/1.0.13/commons-daemon-1.0.13.jar:/home/user/.m2/repository/io/netty/netty/3.10.5.Final/netty-3.10.5.Final.jar:/home/user/.m2/repository/io/netty/netty-all/4.0.52.Final/netty-all-4.0.52.Final.jar:/home/user/.m2/repository/org/fusesource/leveldbjni/leveldbjni-all/1.8/leveldbjni-all-1.8.jar:"/>
    <property name="java.vm.vendor" value="IcedTea"/>
    <property name="sun.arch.data.model" value="64"/>
    <property name="test.build.dir" value="/workdir/hadoop-ozone/integration-test/target/test-dir"/>
    <property name="test.cache.data" value=""/>
    <property name="java.vendor.url" value="https://icedtea.classpath.org"/>
    <property name="user.timezone" value=""/>
    <property name="java.vm.specification.version" value="1.8"/>
    <property name="os.name" value="Linux"/>
    <property name="test.build.data" value="/workdir/hadoop-ozone/integration-test/target/test-dir"/>
    <property name="user.country" value="US"/>
    <property name="sun.java.launcher" value="SUN_STANDARD"/>
    <property name="sun.boot.library.path" value="/usr/lib/jvm/java-1.8-openjdk/jre/lib/amd64"/>
    <property name="sun.java.command" value="/workdir/hadoop-ozone/integration-test/target/surefire/surefirebooter5759335711450388225.jar /workdir/hadoop-ozone/integration-test/target/surefire 2019-09-24T03-11-43_955-jvmRun1 surefire3918548635884383004tmp surefire_842205083686529189602tmp"/>
    <property name="test" value="!TestMiniChaosOzoneCluster"/>
    <property name="surefire.test.class.path" value="/workdir/hadoop-ozone/integration-test/target/test-classes:/workdir/hadoop-ozone/integration-test/target/classes:/home/user/.m2/repository/org/apache/hadoop/hadoop-ozone-common/0.5.0-SNAPSHOT/hadoop-ozone-common-0.5.0-SNAPSHOT.jar:/home/user/.m2/repository/org/apache/commons/commons-compress/1.4.1/commons-compress-1.4.1.jar:/home/user/.m2/repository/org/tukaani/xz/1.0/xz-1.0.jar:/home/user/.m2/repository/org/apache/hadoop/hadoop-common/3.2.0/hadoop-common-3.2.0.jar:/home/user/.m2/repository/org/apache/hadoop/hadoop-hdfs/3.2.0/hadoop-hdfs-3.2.0.jar:/home/user/.m2/repository/org/apache/hadoop/hadoop-hdfs-client/3.2.0/hadoop-hdfs-client-3.2.0.jar:/home/user/.m2/repository/com/fasterxml/jackson/core/jackson-annotations/2.9.9/jackson-annotations-2.9.9.jar:/home/user/.m2/repository/org/apache/hadoop/hadoop-hdds-common/0.5.0-SNAPSHOT/hadoop-hdds-common-0.5.0-SNAPSHOT.jar:/home/user/.m2/repository/javax/annotation/javax.annotation-api/1.2/javax.annotation-api-1.2.jar:/home/user/.m2/repository/org/apache/ratis/ratis-server/0.4.0/ratis-server-0.4.0.jar:/home/user/.m2/repository/org/apache/ratis/ratis-thirdparty-misc/0.2.0/ratis-thirdparty-misc-0.2.0.jar:/home/user/.m2/repository/org/apache/ratis/ratis-proto/0.4.0/ratis-proto-0.4.0.jar:/home/user/.m2/repository/org/apache/ratis/ratis-common/0.4.0/ratis-common-0.4.0.jar:/home/user/.m2/repository/org/apache/ratis/ratis-client/0.4.0/ratis-client-0.4.0.jar:/home/user/.m2/repository/org/apache/ratis/ratis-metrics/0.4.0/ratis-metrics-0.4.0.jar:/home/user/.m2/repository/com/github/joshelser/dropwizard-metrics-hadoop-metrics2-reporter/0.1.2/dropwizard-metrics-hadoop-metrics2-reporter-0.1.2.jar:/home/user/.m2/repository/io/dropwizard/metrics/metrics-jvm/3.2.5/metrics-jvm-3.2.5.jar:/home/user/.m2/repository/io/dropwizard/metrics/metrics-ganglia/3.2.5/metrics-ganglia-3.2.5.jar:/home/user/.m2/repository/info/ganglia/gmetric4j/gmetric4j/1.0.7/gmetric4j-1.0.7.jar:/home/user/.m2/repository/org/apache/ratis/ratis-netty/0.4.0/ratis-netty-0.4.0.jar:/home/user/.m2/repository/org/apache/ratis/ratis-grpc/0.4.0/ratis-grpc-0.4.0.jar:/home/user/.m2/repository/org/rocksdb/rocksdbjni/6.0.1/rocksdbjni-6.0.1.jar:/home/user/.m2/repository/org/apache/logging/log4j/log4j-api/2.11.0/log4j-api-2.11.0.jar:/home/user/.m2/repository/org/apache/logging/log4j/log4j-core/2.11.0/log4j-core-2.11.0.jar:/home/user/.m2/repository/com/lmax/disruptor/3.4.2/disruptor-3.4.2.jar:/home/user/.m2/repository/org/apache/commons/commons-pool2/2.6.0/commons-pool2-2.6.0.jar:/home/user/.m2/repository/org/bouncycastle/bcpkix-jdk15on/1.60/bcpkix-jdk15on-1.60.jar:/home/user/.m2/repository/commons-validator/commons-validator/1.6/commons-validator-1.6.jar:/home/user/.m2/repository/commons-digester/commons-digester/1.8.1/commons-digester-1.8.1.jar:/home/user/.m2/repository/io/jaegertracing/jaeger-client/0.34.0/jaeger-client-0.34.0.jar:/home/user/.m2/repository/io/jaegertracing/jaeger-thrift/0.34.0/jaeger-thrift-0.34.0.jar:/home/user/.m2/repository/org/apache/thrift/libthrift/0.12.0/libthrift-0.12.0.jar:/home/user/.m2/repository/com/squareup/okhttp3/okhttp/3.9.0/okhttp-3.9.0.jar:/home/user/.m2/repository/com/squareup/okio/okio/1.13.0/okio-1.13.0.jar:/home/user/.m2/repository/io/jaegertracing/jaeger-core/0.34.0/jaeger-core-0.34.0.jar:/home/user/.m2/repository/io/jaegertracing/jaeger-tracerresolver/0.34.0/jaeger-tracerresolver-0.34.0.jar:/home/user/.m2/repository/io/opentracing/contrib/opentracing-tracerresolver/0.1.5/opentracing-tracerresolver-0.1.5.jar:/home/user/.m2/repository/io/opentracing/opentracing-util/0.31.0/opentracing-util-0.31.0.jar:/home/user/.m2/repository/io/opentracing/opentracing-api/0.31.0/opentracing-api-0.31.0.jar:/home/user/.m2/repository/io/opentracing/opentracing-noop/0.31.0/opentracing-noop-0.31.0.jar:/home/user/.m2/repository/org/apache/hadoop/hadoop-hdds-server-framework/0.5.0-SNAPSHOT/hadoop-hdds-server-framework-0.5.0-SNAPSHOT.jar:/home/user/.m2/repository/org/apache/hadoop/hadoop-hdds-container-service/0.5.0-SNAPSHOT/hadoop-hdds-container-service-0.5.0-SNAPSHOT.jar:/home/user/.m2/repository/org/apache/hadoop/hadoop-hdds-client/0.5.0-SNAPSHOT/hadoop-hdds-client-0.5.0-SNAPSHOT.jar:/home/user/.m2/repository/org/apache/hadoop/hadoop-hdds-tools/0.5.0-SNAPSHOT/hadoop-hdds-tools-0.5.0-SNAPSHOT.jar:/home/user/.m2/repository/org/apache/hadoop/hadoop-hdds-server-scm/0.5.0-SNAPSHOT/hadoop-hdds-server-scm-0.5.0-SNAPSHOT.jar:/home/user/.m2/repository/org/apache/hadoop/hadoop-hdds-docs/0.5.0-SNAPSHOT/hadoop-hdds-docs-0.5.0-SNAPSHOT.jar:/home/user/.m2/repository/io/dropwizard/metrics/metrics-core/3.2.4/metrics-core-3.2.4.jar:/home/user/.m2/repository/org/hamcrest/hamcrest-all/1.3/hamcrest-all-1.3.jar:/home/user/.m2/repository/org/bouncycastle/bcprov-jdk15on/1.60/bcprov-jdk15on-1.60.jar:/home/user/.m2/repository/info/picocli/picocli/3.9.6/picocli-3.9.6.jar:/home/user/.m2/repository/com/google/protobuf/protobuf-java/2.5.0/protobuf-java-2.5.0.jar:/home/user/.m2/repository/com/google/guava/guava/11.0.2/guava-11.0.2.jar:/home/user/.m2/repository/org/apache/hadoop/hadoop-ozone-ozone-manager/0.5.0-SNAPSHOT/hadoop-ozone-ozone-manager-0.5.0-SNAPSHOT.jar:/home/user/.m2/repository/org/apache/hadoop/hadoop-minikdc/3.2.0/hadoop-minikdc-3.2.0.jar:/home/user/.m2/repository/commons-io/commons-io/2.5/commons-io-2.5.jar:/home/user/.m2/repository/org/apache/kerby/kerb-simplekdc/1.0.1/kerb-simplekdc-1.0.1.jar:/home/user/.m2/repository/org/apache/kerby/kerb-client/1.0.1/kerb-client-1.0.1.jar:/home/user/.m2/repository/org/apache/kerby/kerby-config/1.0.1/kerby-config-1.0.1.jar:/home/user/.m2/repository/org/apache/kerby/kerb-core/1.0.1/kerb-core-1.0.1.jar:/home/user/.m2/repository/org/apache/kerby/kerby-pkix/1.0.1/kerby-pkix-1.0.1.jar:/home/user/.m2/repository/org/apache/kerby/kerby-asn1/1.0.1/kerby-asn1-1.0.1.jar:/home/user/.m2/repository/org/apache/kerby/kerby-util/1.0.1/kerby-util-1.0.1.jar:/home/user/.m2/repository/org/apache/kerby/kerb-common/1.0.1/kerb-common-1.0.1.jar:/home/user/.m2/repository/org/apache/kerby/kerb-crypto/1.0.1/kerb-crypto-1.0.1.jar:/home/user/.m2/repository/org/apache/kerby/kerb-util/1.0.1/kerb-util-1.0.1.jar:/home/user/.m2/repository/org/apache/kerby/token-provider/1.0.1/token-provider-1.0.1.jar:/home/user/.m2/repository/org/apache/kerby/kerb-admin/1.0.1/kerb-admin-1.0.1.jar:/home/user/.m2/repository/org/apache/kerby/kerb-server/1.0.1/kerb-server-1.0.1.jar:/home/user/.m2/repository/org/apache/kerby/kerb-identity/1.0.1/kerb-identity-1.0.1.jar:/home/user/.m2/repository/org/apache/kerby/kerby-xdr/1.0.1/kerby-xdr-1.0.1.jar:/home/user/.m2/repository/org/slf4j/slf4j-log4j12/1.7.25/slf4j-log4j12-1.7.25.jar:/home/user/.m2/repository/org/apache/hadoop/hadoop-ozone-s3gateway/0.5.0-SNAPSHOT/hadoop-ozone-s3gateway-0.5.0-SNAPSHOT.jar:/home/user/.m2/repository/org/jboss/weld/servlet/weld-servlet/2.4.7.Final/weld-servlet-2.4.7.Final.jar:/home/user/.m2/repository/org/glassfish/jersey/containers/jersey-container-servlet-core/2.27/jersey-container-servlet-core-2.27.jar:/home/user/.m2/repository/org/glassfish/hk2/external/javax.inject/2.5.0-b42/javax.inject-2.5.0-b42.jar:/home/user/.m2/repository/org/glassfish/jersey/core/jersey-common/2.27/jersey-common-2.27.jar:/home/user/.m2/repository/org/glassfish/hk2/osgi-resource-locator/1.0.1/osgi-resource-locator-1.0.1.jar:/home/user/.m2/repository/javax/ws/rs/javax.ws.rs-api/2.1/javax.ws.rs-api-2.1.jar:/home/user/.m2/repository/org/glassfish/jersey/ext/cdi/jersey-cdi1x/2.27/jersey-cdi1x-2.27.jar:/home/user/.m2/repository/org/glassfish/jersey/inject/jersey-hk2/2.27/jersey-hk2-2.27.jar:/home/user/.m2/repository/org/glassfish/hk2/hk2-locator/2.5.0-b42/hk2-locator-2.5.0-b42.jar:/home/user/.m2/repository/org/javassist/javassist/3.22.0-CR2/javassist-3.22.0-CR2.jar:/home/user/.m2/repository/org/glassfish/hk2/hk2-api/2.5.0/hk2-api-2.5.0.jar:/home/user/.m2/repository/org/glassfish/hk2/external/jakarta.inject/2.5.0/jakarta.inject-2.5.0.jar:/home/user/.m2/repository/org/glassfish/hk2/hk2-utils/2.5.0/hk2-utils-2.5.0.jar:/home/user/.m2/repository/jakarta/annotation/jakarta.annotation-api/1.3.4/jakarta.annotation-api-1.3.4.jar:/home/user/.m2/repository/org/glassfish/hk2/external/aopalliance-repackaged/2.5.0/aopalliance-repackaged-2.5.0.jar:/home/user/.m2/repository/com/fasterxml/jackson/dataformat/jackson-dataformat-xml/2.9.0/jackson-dataformat-xml-2.9.0.jar:/home/user/.m2/repository/com/fasterxml/jackson/core/jackson-core/2.9.9/jackson-core-2.9.9.jar:/home/user/.m2/repository/com/fasterxml/jackson/module/jackson-module-jaxb-annotations/2.9.9/jackson-module-jaxb-annotations-2.9.9.jar:/home/user/.m2/repository/javax/enterprise/cdi-api/1.2/cdi-api-1.2.jar:/home/user/.m2/repository/javax/el/javax.el-api/3.0.0/javax.el-api-3.0.0.jar:/home/user/.m2/repository/javax/interceptor/javax.interceptor-api/1.2/javax.interceptor-api-1.2.jar:/home/user/.m2/repository/javax/inject/javax.inject/1/javax.inject-1.jar:/home/user/.m2/repository/com/sun/xml/bind/jaxb-impl/2.3.0.1/jaxb-impl-2.3.0.1.jar:/home/user/.m2/repository/com/sun/xml/bind/jaxb-core/2.3.0.1/jaxb-core-2.3.0.1.jar:/home/user/.m2/repository/javax/xml/bind/jaxb-api/2.3.0/jaxb-api-2.3.0.jar:/home/user/.m2/repository/javax/activation/activation/1.1.1/activation-1.1.1.jar:/home/user/.m2/repository/org/apache/hadoop/hadoop-ozone-csi/0.5.0-SNAPSHOT/hadoop-ozone-csi-0.5.0-SNAPSHOT.jar:/home/user/.m2/repository/com/google/protobuf/protobuf-java-util/3.5.1/protobuf-java-util-3.5.1.jar:/home/user/.m2/repository/org/apache/hadoop/hadoop-hdds-config/0.5.0-SNAPSHOT/hadoop-hdds-config-0.5.0-SNAPSHOT.jar:/home/user/.m2/repository/io/grpc/grpc-netty/1.17.1/grpc-netty-1.17.1.jar:/home/user/.m2/repository/io/grpc/grpc-core/1.17.1/grpc-core-1.17.1.jar:/home/user/.m2/repository/io/grpc/grpc-context/1.17.1/grpc-context-1.17.1.jar:/home/user/.m2/repository/com/google/errorprone/error_prone_annotations/2.2.0/error_prone_annotations-2.2.0.jar:/home/user/.m2/repository/org/codehaus/mojo/animal-sniffer-annotations/1.17/animal-sniffer-annotations-1.17.jar:/home/user/.m2/repository/io/opencensus/opencensus-api/0.17.0/opencensus-api-0.17.0.jar:/home/user/.m2/repository/io/opencensus/opencensus-contrib-grpc-metrics/0.17.0/opencensus-contrib-grpc-metrics-0.17.0.jar:/home/user/.m2/repository/io/netty/netty-codec-http2/4.1.30.Final/netty-codec-http2-4.1.30.Final.jar:/home/user/.m2/repository/io/netty/netty-codec-http/4.1.30.Final/netty-codec-http-4.1.30.Final.jar:/home/user/.m2/repository/io/netty/netty-codec/4.1.30.Final/netty-codec-4.1.30.Final.jar:/home/user/.m2/repository/io/netty/netty-handler/4.1.30.Final/netty-handler-4.1.30.Final.jar:/home/user/.m2/repository/io/netty/netty-handler-proxy/4.1.30.Final/netty-handler-proxy-4.1.30.Final.jar:/home/user/.m2/repository/io/netty/netty-codec-socks/4.1.30.Final/netty-codec-socks-4.1.30.Final.jar:/home/user/.m2/repository/io/netty/netty-transport-native-epoll/4.1.30.Final/netty-transport-native-epoll-4.1.30.Final.jar:/home/user/.m2/repository/io/netty/netty-common/4.1.30.Final/netty-common-4.1.30.Final.jar:/home/user/.m2/repository/io/netty/netty-buffer/4.1.30.Final/netty-buffer-4.1.30.Final.jar:/home/user/.m2/repository/io/netty/netty-transport/4.1.30.Final/netty-transport-4.1.30.Final.jar:/home/user/.m2/repository/io/netty/netty-resolver/4.1.30.Final/netty-resolver-4.1.30.Final.jar:/home/user/.m2/repository/io/netty/netty-transport-native-unix-common/4.1.30.Final/netty-transport-native-unix-common-4.1.30.Final.jar:/home/user/.m2/repository/io/grpc/grpc-protobuf/1.17.1/grpc-protobuf-1.17.1.jar:/home/user/.m2/repository/com/google/api/grpc/proto-google-common-protos/1.0.0/proto-google-common-protos-1.0.0.jar:/home/user/.m2/repository/io/grpc/grpc-protobuf-lite/1.17.1/grpc-protobuf-lite-1.17.1.jar:/home/user/.m2/repository/io/grpc/grpc-stub/1.17.1/grpc-stub-1.17.1.jar:/home/user/.m2/repository/org/apache/hadoop/hadoop-ozone-recon/0.5.0-SNAPSHOT/hadoop-ozone-recon-0.5.0-SNAPSHOT.jar:/home/user/.m2/repository/org/apache/hadoop/hadoop-ozone-reconcodegen/0.5.0-SNAPSHOT/hadoop-ozone-reconcodegen-0.5.0-SNAPSHOT.jar:/home/user/.m2/repository/com/google/inject/extensions/guice-multibindings/4.0/guice-multibindings-4.0.jar:/home/user/.m2/repository/com/google/inject/guice/4.0/guice-4.0.jar:/home/user/.m2/repository/aopalliance/aopalliance/1.0/aopalliance-1.0.jar:/home/user/.m2/repository/com/google/inject/extensions/guice-servlet/4.0/guice-servlet-4.0.jar:/home/user/.m2/repository/org/glassfish/jersey/containers/jersey-container-servlet/2.27/jersey-container-servlet-2.27.jar:/home/user/.m2/repository/org/glassfish/hk2/guice-bridge/2.5.0/guice-bridge-2.5.0.jar:/home/user/.m2/repository/org/glassfish/jersey/core/jersey-server/2.27/jersey-server-2.27.jar:/home/user/.m2/repository/org/glassfish/jersey/core/jersey-client/2.27/jersey-client-2.27.jar:/home/user/.m2/repository/org/glassfish/jersey/media/jersey-media-jaxb/2.27/jersey-media-jaxb-2.27.jar:/home/user/.m2/repository/javax/validation/validation-api/1.1.0.Final/validation-api-1.1.0.Final.jar:/home/user/.m2/repository/org/glassfish/jersey/media/jersey-media-json-jackson/2.27/jersey-media-json-jackson-2.27.jar:/home/user/.m2/repository/org/glassfish/jersey/ext/jersey-entity-filtering/2.27/jersey-entity-filtering-2.27.jar:/home/user/.m2/repository/com/google/inject/extensions/guice-assistedinject/4.0/guice-assistedinject-4.0.jar:/home/user/.m2/repository/org/jooq/jooq/3.11.10/jooq-3.11.10.jar:/home/user/.m2/repository/org/jooq/jooq-meta/3.11.10/jooq-meta-3.11.10.jar:/home/user/.m2/repository/org/jooq/jooq-codegen/3.11.10/jooq-codegen-3.11.10.jar:/home/user/.m2/repository/com/jolbox/bonecp/0.8.0.RELEASE/bonecp-0.8.0.RELEASE.jar:/home/user/.m2/repository/org/xerial/sqlite-jdbc/3.25.2/sqlite-jdbc-3.25.2.jar:/home/user/.m2/repository/org/springframework/spring-jdbc/5.1.3.RELEASE/spring-jdbc-5.1.3.RELEASE.jar:/home/user/.m2/repository/org/springframework/spring-beans/5.1.3.RELEASE/spring-beans-5.1.3.RELEASE.jar:/home/user/.m2/repository/org/springframework/spring-core/5.1.3.RELEASE/spring-core-5.1.3.RELEASE.jar:/home/user/.m2/repository/org/springframework/spring-jcl/5.1.3.RELEASE/spring-jcl-5.1.3.RELEASE.jar:/home/user/.m2/repository/org/springframework/spring-tx/5.1.3.RELEASE/spring-tx-5.1.3.RELEASE.jar:/home/user/.m2/repository/org/apache/hadoop/hadoop-ozone-client/0.5.0-SNAPSHOT/hadoop-ozone-client-0.5.0-SNAPSHOT.jar:/home/user/.m2/repository/commons-lang/commons-lang/2.6/commons-lang-2.6.jar:/home/user/.m2/repository/org/apache/hadoop/hadoop-ozone-ozone-manager/0.5.0-SNAPSHOT/hadoop-ozone-ozone-manager-0.5.0-SNAPSHOT-tests.jar:/home/user/.m2/repository/junit/junit/4.11/junit-4.11.jar:/home/user/.m2/repository/org/hamcrest/hamcrest-core/1.3/hamcrest-core-1.3.jar:/home/user/.m2/repository/org/openjdk/jmh/jmh-core/1.19/jmh-core-1.19.jar:/home/user/.m2/repository/net/sf/jopt-simple/jopt-simple/4.6/jopt-simple-4.6.jar:/home/user/.m2/repository/org/apache/commons/commons-math3/3.1.1/commons-math3-3.1.1.jar:/home/user/.m2/repository/org/openjdk/jmh/jmh-generator-annprocess/1.19/jmh-generator-annprocess-1.19.jar:/home/user/.m2/repository/org/mockito/mockito-all/1.8.5/mockito-all-1.8.5.jar:/home/user/.m2/repository/org/apache/hadoop/hadoop-kms/3.2.0/hadoop-kms-3.2.0.jar:/home/user/.m2/repository/org/apache/hadoop/hadoop-auth/3.2.0/hadoop-auth-3.2.0.jar:/home/user/.m2/repository/com/nimbusds/nimbus-jose-jwt/4.41.1/nimbus-jose-jwt-4.41.1.jar:/home/user/.m2/repository/com/github/stephenc/jcip/jcip-annotations/1.0-1/jcip-annotations-1.0-1.jar:/home/user/.m2/repository/net/minidev/json-smart/2.3/json-smart-2.3.jar:/home/user/.m2/repository/net/minidev/accessors-smart/1.2/accessors-smart-1.2.jar:/home/user/.m2/repository/org/ow2/asm/asm/5.0.4/asm-5.0.4.jar:/home/user/.m2/repository/org/apache/curator/curator-framework/2.12.0/curator-framework-2.12.0.jar:/home/user/.m2/repository/com/sun/jersey/jersey-core/1.19/jersey-core-1.19.jar:/home/user/.m2/repository/javax/ws/rs/jsr311-api/1.1.1/jsr311-api-1.1.1.jar:/home/user/.m2/repository/com/sun/jersey/jersey-server/1.19/jersey-server-1.19.jar:/home/user/.m2/repository/javax/servlet/javax.servlet-api/3.1.0/javax.servlet-api-3.1.0.jar:/home/user/.m2/repository/org/eclipse/jetty/jetty-server/9.3.25.v20180904/jetty-server-9.3.25.v20180904.jar:/home/user/.m2/repository/org/eclipse/jetty/jetty-http/9.3.25.v20180904/jetty-http-9.3.25.v20180904.jar:/home/user/.m2/repository/org/eclipse/jetty/jetty-io/9.3.25.v20180904/jetty-io-9.3.25.v20180904.jar:/home/user/.m2/repository/org/eclipse/jetty/jetty-webapp/9.3.25.v20180904/jetty-webapp-9.3.25.v20180904.jar:/home/user/.m2/repository/org/eclipse/jetty/jetty-xml/9.3.25.v20180904/jetty-xml-9.3.25.v20180904.jar:/home/user/.m2/repository/log4j/log4j/1.2.17/log4j-1.2.17.jar:/home/user/.m2/repository/org/slf4j/slf4j-api/1.7.25/slf4j-api-1.7.25.jar:/home/user/.m2/repository/org/slf4j/jul-to-slf4j/1.7.25/jul-to-slf4j-1.7.25.jar:/home/user/.m2/repository/org/eclipse/jetty/jetty-util/9.3.25.v20180904/jetty-util-9.3.25.v20180904.jar:/home/user/.m2/repository/com/fasterxml/jackson/core/jackson-databind/2.9.9/jackson-databind-2.9.9.jar:/home/user/.m2/repository/org/apache/hadoop/hadoop-kms/3.2.0/hadoop-kms-3.2.0-tests.jar:/home/user/.m2/repository/org/apache/hadoop/hadoop-hdds-server-scm/0.5.0-SNAPSHOT/hadoop-hdds-server-scm-0.5.0-SNAPSHOT-tests.jar:/home/user/.m2/repository/org/apache/hadoop/hadoop-hdds-container-service/0.5.0-SNAPSHOT/hadoop-hdds-container-service-0.5.0-SNAPSHOT-tests.jar:/home/user/.m2/repository/org/yaml/snakeyaml/1.16/snakeyaml-1.16.jar:/home/user/.m2/repository/org/apache/hadoop/hadoop-common/3.2.0/hadoop-common-3.2.0-tests.jar:/home/user/.m2/repository/org/apache/hadoop/hadoop-annotations/3.2.0/hadoop-annotations-3.2.0.jar:/usr/lib/jvm/java-1.8-openjdk/jre/../lib/tools.jar:/home/user/.m2/repository/commons-cli/commons-cli/1.2/commons-cli-1.2.jar:/home/user/.m2/repository/org/apache/httpcomponents/httpclient/4.5.2/httpclient-4.5.2.jar:/home/user/.m2/repository/org/apache/httpcomponents/httpcore/4.4.4/httpcore-4.4.4.jar:/home/user/.m2/repository/commons-codec/commons-codec/1.11/commons-codec-1.11.jar:/home/user/.m2/repository/commons-net/commons-net/3.6/commons-net-3.6.jar:/home/user/.m2/repository/commons-collections/commons-collections/3.2.2/commons-collections-3.2.2.jar:/home/user/.m2/repository/org/eclipse/jetty/jetty-servlet/9.3.25.v20180904/jetty-servlet-9.3.25.v20180904.jar:/home/user/.m2/repository/org/eclipse/jetty/jetty-security/9.3.25.v20180904/jetty-security-9.3.25.v20180904.jar:/home/user/.m2/repository/javax/servlet/jsp/jsp-api/2.1/jsp-api-2.1.jar:/home/user/.m2/repository/com/sun/jersey/jersey-servlet/1.19/jersey-servlet-1.19.jar:/home/user/.m2/repository/com/sun/jersey/jersey-json/1.19/jersey-json-1.19.jar:/home/user/.m2/repository/org/codehaus/jettison/jettison/1.1/jettison-1.1.jar:/home/user/.m2/repository/org/codehaus/jackson/jackson-core-asl/1.9.13/jackson-core-asl-1.9.13.jar:/home/user/.m2/repository/org/codehaus/jackson/jackson-mapper-asl/1.9.13/jackson-mapper-asl-1.9.13.jar:/home/user/.m2/repository/org/codehaus/jackson/jackson-jaxrs/1.9.13/jackson-jaxrs-1.9.13.jar:/home/user/.m2/repository/org/codehaus/jackson/jackson-xc/1.9.13/jackson-xc-1.9.13.jar:/home/user/.m2/repository/commons-logging/commons-logging/1.1.3/commons-logging-1.1.3.jar:/home/user/.m2/repository/commons-beanutils/commons-beanutils/1.9.4/commons-beanutils-1.9.4.jar:/home/user/.m2/repository/org/apache/commons/commons-configuration2/2.1.1/commons-configuration2-2.1.1.jar:/home/user/.m2/repository/org/apache/commons/commons-lang3/3.7/commons-lang3-3.7.jar:/home/user/.m2/repository/org/apache/commons/commons-text/1.4/commons-text-1.4.jar:/home/user/.m2/repository/org/apache/avro/avro/1.7.7/avro-1.7.7.jar:/home/user/.m2/repository/com/thoughtworks/paranamer/paranamer/2.3/paranamer-2.3.jar:/home/user/.m2/repository/org/xerial/snappy/snappy-java/1.0.5/snappy-java-1.0.5.jar:/home/user/.m2/repository/com/google/re2j/re2j/1.1/re2j-1.1.jar:/home/user/.m2/repository/com/google/code/gson/gson/2.2.4/gson-2.2.4.jar:/home/user/.m2/repository/com/jcraft/jsch/0.1.54/jsch-0.1.54.jar:/home/user/.m2/repository/org/apache/curator/curator-client/2.12.0/curator-client-2.12.0.jar:/home/user/.m2/repository/org/apache/curator/curator-recipes/2.12.0/curator-recipes-2.12.0.jar:/home/user/.m2/repository/com/google/code/findbugs/jsr305/3.0.0/jsr305-3.0.0.jar:/home/user/.m2/repository/org/apache/htrace/htrace-core4/4.1.0-incubating/htrace-core4-4.1.0-incubating.jar:/home/user/.m2/repository/org/apache/zookeeper/zookeeper/3.4.13/zookeeper-3.4.13.jar:/home/user/.m2/repository/jline/jline/0.9.94/jline-0.9.94.jar:/home/user/.m2/repository/org/apache/yetus/audience-annotations/0.5.0/audience-annotations-0.5.0.jar:/home/user/.m2/repository/org/codehaus/woodstox/stax2-api/3.1.4/stax2-api-3.1.4.jar:/home/user/.m2/repository/com/fasterxml/woodstox/woodstox-core/5.0.3/woodstox-core-5.0.3.jar:/home/user/.m2/repository/dnsjava/dnsjava/2.1.7/dnsjava-2.1.7.jar:/home/user/.m2/repository/org/apache/hadoop/hadoop-hdfs/3.2.0/hadoop-hdfs-3.2.0-tests.jar:/home/user/.m2/repository/org/eclipse/jetty/jetty-util-ajax/9.3.25.v20180904/jetty-util-ajax-9.3.25.v20180904.jar:/home/user/.m2/repository/commons-daemon/commons-daemon/1.0.13/commons-daemon-1.0.13.jar:/home/user/.m2/repository/io/netty/netty/3.10.5.Final/netty-3.10.5.Final.jar:/home/user/.m2/repository/io/netty/netty-all/4.0.52.Final/netty-all-4.0.52.Final.jar:/home/user/.m2/repository/org/fusesource/leveldbjni/leveldbjni-all/1.8/leveldbjni-all-1.8.jar:"/>
    <property name="sun.cpu.endian" value="little"/>
    <property name="user.home" value="/home/user"/>
    <property name="user.language" value="en"/>
    <property name="java.specification.vendor" value="Oracle Corporation"/>
    <property name="java.home" value="/usr/lib/jvm/java-1.8-openjdk/jre"/>
    <property name="java.security.krb5.conf" value="/workdir/hadoop-ozone/integration-test/target/test-classes/krb5.conf"/>
    <property name="basedir" value="/workdir/hadoop-ozone/integration-test"/>
    <property name="file.separator" value="/"/>
    <property name="line.separator" value="&#10;"/>
    <property name="java.vm.specification.vendor" value="Oracle Corporation"/>
    <property name="java.specification.name" value="Java Platform API Specification"/>
    <property name="java.awt.graphicsenv" value="sun.awt.X11GraphicsEnvironment"/>
    <property name="surefire.real.class.path" value="/workdir/hadoop-ozone/integration-test/target/surefire/surefirebooter5759335711450388225.jar"/>
    <property name="hadoop.log.dir" value="/workdir/hadoop-ozone/integration-test/target/log"/>
    <property name="sun.boot.class.path" value="/usr/lib/jvm/java-1.8-openjdk/jre/lib/resources.jar:/usr/lib/jvm/java-1.8-openjdk/jre/lib/rt.jar:/usr/lib/jvm/java-1.8-openjdk/jre/lib/sunrsasign.jar:/usr/lib/jvm/java-1.8-openjdk/jre/lib/jsse.jar:/usr/lib/jvm/java-1.8-openjdk/jre/lib/jce.jar:/usr/lib/jvm/java-1.8-openjdk/jre/lib/charsets.jar:/usr/lib/jvm/java-1.8-openjdk/jre/lib/jfr.jar:/usr/lib/jvm/java-1.8-openjdk/jre/classes"/>
    <property name="sun.management.compiler" value="HotSpot 64-Bit Tiered Compilers"/>
    <property name="java.runtime.version" value="1.8.0_212-b04"/>
    <property name="java.net.preferIPv4Stack" value="true"/>
    <property name="user.name" value="jenkins1000"/>
    <property name="path.separator" value=":"/>
    <property name="java.security.egd" value="file:///dev/urandom"/>
    <property name="os.version" value="3.10.0-957.12.2.el7.x86_64"/>
    <property name="java.endorsed.dirs" value="/usr/lib/jvm/java-1.8-openjdk/jre/lib/endorsed"/>
    <property name="java.runtime.name" value="OpenJDK Runtime Environment"/>
    <property name="file.encoding" value="UTF-8"/>
    <property name="java.vm.name" value="OpenJDK 64-Bit Server VM"/>
    <property name="test.build.webapps" value=""/>
    <property name="localRepository" value="/home/user/.m2/repository"/>
    <property name="java.vendor.url.bug" value="https://icedtea.classpath.org/bugzilla"/>
    <property name="java.io.tmpdir" value="/tmp"/>
    <property name="require.test.libhadoop" value=""/>
    <property name="java.version" value="1.8.0_212"/>
    <property name="user.dir" value="/workdir/hadoop-ozone/integration-test"/>
    <property name="os.arch" value="amd64"/>
    <property name="java.vm.specification.name" value="Java Virtual Machine Specification"/>
    <property name="test.build.classes" value="/workdir/hadoop-ozone/integration-test/target/test-classes"/>
    <property name="java.awt.printerjob" value="sun.print.PSPrinterJob"/>
    <property name="sun.os.patch.level" value="unknown"/>
    <property name="hadoop.tmp.dir" value="/workdir/hadoop-ozone/integration-test/target/tmp"/>
    <property name="java.library.path" value="/usr/lib/jvm/java-1.8-openjdk/jre/lib/amd64/server:/usr/lib/jvm/java-1.8-openjdk/jre/lib/amd64:/usr/lib/jvm/java-1.8-openjdk/jre/../lib/amd64:/workdir/hadoop-ozone/integration-test/target/native/target/usr/local/lib:/workdir/hadoop-ozone/integration-test/../../hadoop-common-project/hadoop-common/target/native/target/usr/local/lib:/usr/java/packages/lib/amd64:/usr/lib64:/lib64:/lib:/usr/lib"/>
    <property name="java.vm.info" value="mixed mode"/>
    <property name="java.vendor" value="IcedTea"/>
    <property name="java.vm.version" value="25.212-b04"/>
    <property name="java.ext.dirs" value="/usr/lib/jvm/java-1.8-openjdk/jre/lib/ext:/usr/java/packages/lib/ext"/>
    <property name="sun.io.unicode.encoding" value="UnicodeLittle"/>
    <property name="java.class.version" value="52.0"/>
  </properties>
  <testcase name="testPipelineMap" classname="org.apache.hadoop.hdds.scm.pipeline.TestNode2PipelineMap" time="29.893">
    <error message="Could not allocate container. Cannot get any matching pipeline for Type:RATIS, Factor:THREE, State:PipelineState.OPEN" type="java.io.IOException">java.io.IOException: Could not allocate container. Cannot get any matching pipeline for Type:RATIS, Factor:THREE, State:PipelineState.OPEN
	at org.apache.hadoop.hdds.scm.container.ContainerStateManager.allocateContainer(ContainerStateManager.java:260)
	at org.apache.hadoop.hdds.scm.container.SCMContainerManager.allocateContainer(SCMContainerManager.java:247)
	at org.apache.hadoop.hdds.scm.pipeline.TestNode2PipelineMap.init(TestNode2PipelineMap.java:69)
	at sun.reflect.NativeMethodAccessorImpl.invoke0(Native Method)
	at sun.reflect.NativeMethodAccessorImpl.invoke(NativeMethodAccessorImpl.java:62)
	at sun.reflect.DelegatingMethodAccessorImpl.invoke(DelegatingMethodAccessorImpl.java:43)
	at java.lang.reflect.Method.invoke(Method.java:498)
	at org.junit.runners.model.FrameworkMethod$1.runReflectiveCall(FrameworkMethod.java:47)
	at org.junit.internal.runners.model.ReflectiveCallable.run(ReflectiveCallable.java:12)
	at org.junit.runners.model.FrameworkMethod.invokeExplosively(FrameworkMethod.java:44)
	at org.junit.internal.runners.statements.RunBefores.evaluate(RunBefores.java:24)
	at org.junit.internal.runners.statements.RunAfters.evaluate(RunAfters.java:27)
	at org.junit.runners.ParentRunner.runLeaf(ParentRunner.java:271)
	at org.junit.runners.BlockJUnit4ClassRunner.runChild(BlockJUnit4ClassRunner.java:70)
	at org.junit.runners.BlockJUnit4ClassRunner.runChild(BlockJUnit4ClassRunner.java:50)
	at org.junit.runners.ParentRunner$3.run(ParentRunner.java:238)
	at org.junit.runners.ParentRunner$1.schedule(ParentRunner.java:63)
	at org.junit.runners.ParentRunner.runChildren(ParentRunner.java:236)
	at org.junit.runners.ParentRunner.access$000(ParentRunner.java:53)
	at org.junit.runners.ParentRunner$2.evaluate(ParentRunner.java:229)
	at org.junit.runners.ParentRunner.run(ParentRunner.java:309)
	at org.apache.maven.surefire.junit4.JUnit4Provider.execute(JUnit4Provider.java:365)
	at org.apache.maven.surefire.junit4.JUnit4Provider.executeWithRerun(JUnit4Provider.java:273)
	at org.apache.maven.surefire.junit4.JUnit4Provider.executeTestSet(JUnit4Provider.java:238)
	at org.apache.maven.surefire.junit4.JUnit4Provider.invoke(JUnit4Provider.java:159)
	at org.apache.maven.surefire.booter.ForkedBooter.invokeProviderInSameClassLoader(ForkedBooter.java:384)
	at org.apache.maven.surefire.booter.ForkedBooter.runSuitesInProcess(ForkedBooter.java:345)
	at org.apache.maven.surefire.booter.ForkedBooter.execute(ForkedBooter.java:126)
	at org.apache.maven.surefire.booter.ForkedBooter.main(ForkedBooter.java:418)
</error>
    <system-out><![CDATA[2019-09-24 04:50:07,334 [main] WARN  server.ServerUtils (ServerUtils.java:getScmDbDir(145)) - ozone.scm.db.dirs is not configured. We recommend adding this setting. Falling back to ozone.metadata.dirs instead.
2019-09-24 04:50:07,446 [main] WARN  server.ServerUtils (ServerUtils.java:getScmDbDir(145)) - ozone.scm.db.dirs is not configured. We recommend adding this setting. Falling back to ozone.metadata.dirs instead.
2019-09-24 04:50:07,449 [main] WARN  server.ServerUtils (ServerUtils.java:getScmDbDir(145)) - ozone.scm.db.dirs is not configured. We recommend adding this setting. Falling back to ozone.metadata.dirs instead.
2019-09-24 04:50:07,469 [main] INFO  util.log (Log.java:initialized(192)) - Logging initialized @937ms
2019-09-24 04:50:07,590 [main] INFO  db.DBStoreBuilder (DBStoreBuilder.java:addTable(110)) - using custom profile for table: deletedBlocks
2019-09-24 04:50:07,591 [main] INFO  db.DBStoreBuilder (DBStoreBuilder.java:processTables(161)) - Using default column profile:DBProfile.DISK for Table:deletedBlocks
2019-09-24 04:50:07,591 [main] INFO  db.DBStoreBuilder (DBStoreBuilder.java:addTable(110)) - using custom profile for table: validCerts
2019-09-24 04:50:07,592 [main] INFO  db.DBStoreBuilder (DBStoreBuilder.java:processTables(161)) - Using default column profile:DBProfile.DISK for Table:validCerts
2019-09-24 04:50:07,592 [main] INFO  db.DBStoreBuilder (DBStoreBuilder.java:addTable(110)) - using custom profile for table: revokedCerts
2019-09-24 04:50:07,593 [main] INFO  db.DBStoreBuilder (DBStoreBuilder.java:processTables(161)) - Using default column profile:DBProfile.DISK for Table:revokedCerts
2019-09-24 04:50:07,611 [main] INFO  db.DBStoreBuilder (DBStoreBuilder.java:addTable(110)) - using custom profile for table: default
2019-09-24 04:50:07,611 [main] INFO  db.DBStoreBuilder (DBStoreBuilder.java:processTables(167)) - Using default column profile:DBProfile.DISK for Table:default
2019-09-24 04:50:07,613 [main] INFO  db.DBStoreBuilder (DBStoreBuilder.java:getDbProfile(198)) - Using default options. DBProfile.DISK
2019-09-24 04:50:07,920 [main] INFO  net.NodeSchemaLoader (NodeSchemaLoader.java:loadSchemaFromFile(125)) - Loading file from sun.misc.CompoundEnumeration@55182842
2019-09-24 04:50:07,922 [main] INFO  net.NodeSchemaLoader (NodeSchemaLoader.java:loadSchema(171)) - Loading network topology layer schema file
2019-09-24 04:50:08,029 [main] WARN  server.ServerUtils (ServerUtils.java:sanitizeUserArgs(70)) - ozone.scm.stale.node.interval value = 300000 is larger than max = 100000 based on the key value of ozone.scm.heartbeat.thread.interval, reset to the max value 100000.
2019-09-24 04:50:08,032 [main] WARN  server.ServerUtils (ServerUtils.java:sanitizeUserArgs(70)) - ozone.scm.stale.node.interval value = 300000 is larger than max = 100000 based on the key value of ozone.scm.heartbeat.thread.interval, reset to the max value 100000.
2019-09-24 04:50:08,036 [main] INFO  node.SCMNodeManager (SCMNodeManager.java:<init>(114)) - Entering startup safe mode.
2019-09-24 04:50:08,116 [main] INFO  algorithms.ContainerPlacementPolicyFactory (ContainerPlacementPolicyFactory.java:getPolicy(59)) - Create container placement policy of type org.apache.hadoop.hdds.scm.container.placement.algorithms.SCMContainerPlacementRandom
2019-09-24 04:50:08,131 [main] WARN  server.ServerUtils (ServerUtils.java:getScmDbDir(145)) - ozone.scm.db.dirs is not configured. We recommend adding this setting. Falling back to ozone.metadata.dirs instead.
2019-09-24 04:50:08,242 [main] INFO  pipeline.SCMPipelineManager (SCMPipelineManager.java:initializePipelineState(147)) - No pipeline exists in current db
2019-09-24 04:50:08,247 [main] WARN  server.ServerUtils (ServerUtils.java:getScmDbDir(145)) - ozone.scm.db.dirs is not configured. We recommend adding this setting. Falling back to ozone.metadata.dirs instead.
2019-09-24 04:50:08,410 [main] INFO  safemode.HealthyPipelineSafeModeRule (HealthyPipelineSafeModeRule.java:<init>(89)) -  Total pipeline count is 0, healthy pipeline threshold count is 1
2019-09-24 04:50:08,412 [main] INFO  safemode.OneReplicaPipelineSafeModeRule (OneReplicaPipelineSafeModeRule.java:<init>(80)) - Total pipeline count is 0, pipeline's with at least one datanode reported threshold count is 0
2019-09-24 04:50:08,413 [main] WARN  events.EventQueue (EventQueue.java:fireEvent(183)) - No event handler registered for event TypedEvent{payloadType=SafeModeStatus, name='SafeModeStatus'}
2019-09-24 04:50:08,853 [main] INFO  ipc.CallQueueManager (CallQueueManager.java:<init>(84)) - Using callQueue: class java.util.concurrent.LinkedBlockingQueue, queueCapacity: 2000, scheduler: class org.apache.hadoop.ipc.DefaultRpcScheduler, ipcBackoff: false.
2019-09-24 04:50:09,001 [Socket Reader #1 for port 46110] INFO  ipc.Server (Server.java:run(1074)) - Starting Socket Reader #1 for port 46110
2019-09-24 04:50:09,043 [main] INFO  ipc.CallQueueManager (CallQueueManager.java:<init>(84)) - Using callQueue: class java.util.concurrent.LinkedBlockingQueue, queueCapacity: 2000, scheduler: class org.apache.hadoop.ipc.DefaultRpcScheduler, ipcBackoff: false.
2019-09-24 04:50:09,045 [Socket Reader #1 for port 39572] INFO  ipc.Server (Server.java:run(1074)) - Starting Socket Reader #1 for port 39572
2019-09-24 04:50:09,056 [main] INFO  ipc.CallQueueManager (CallQueueManager.java:<init>(84)) - Using callQueue: class java.util.concurrent.LinkedBlockingQueue, queueCapacity: 2000, scheduler: class org.apache.hadoop.ipc.DefaultRpcScheduler, ipcBackoff: false.
2019-09-24 04:50:09,057 [Socket Reader #1 for port 42848] INFO  ipc.Server (Server.java:run(1074)) - Starting Socket Reader #1 for port 42848
2019-09-24 04:50:09,083 [main] INFO  hdfs.DFSUtil (DFSUtil.java:httpServerTemplateForNNAndJN(1641)) - Starting Web-server for scm at: http://0.0.0.0:0
2019-09-24 04:50:09,256 [main] INFO  server.AuthenticationFilter (AuthenticationFilter.java:constructSecretProvider(240)) - Unable to initialize FileSignerSecretProvider, falling back to use random secrets.
2019-09-24 04:50:09,265 [main] WARN  http.HttpRequestLog (HttpRequestLog.java:getRequestLog(97)) - Jetty request log can only be enabled using Log4j
2019-09-24 04:50:09,274 [main] INFO  http.HttpServer2 (HttpServer2.java:addGlobalFilter(975)) - Added global filter 'safety' (class=org.apache.hadoop.http.HttpServer2$QuotingInputFilter)
2019-09-24 04:50:09,277 [main] INFO  http.HttpServer2 (HttpServer2.java:addFilter(948)) - Added filter static_user_filter (class=org.apache.hadoop.http.lib.StaticUserWebFilter$StaticUserFilter) to context scm
2019-09-24 04:50:09,277 [main] INFO  http.HttpServer2 (HttpServer2.java:addFilter(958)) - Added filter static_user_filter (class=org.apache.hadoop.http.lib.StaticUserWebFilter$StaticUserFilter) to context static
2019-09-24 04:50:09,277 [main] INFO  http.HttpServer2 (HttpServer2.java:addFilter(958)) - Added filter static_user_filter (class=org.apache.hadoop.http.lib.StaticUserWebFilter$StaticUserFilter) to context logs
2019-09-24 04:50:09,310 [main] INFO  server.StorageContainerManager (StorageContainerManager.java:start(770)) - StorageContainerLocationProtocol RPC server is listening at /0.0.0.0:42848
2019-09-24 04:50:09,373 [main] WARN  impl.MetricsConfig (MetricsConfig.java:loadFirst(134)) - Cannot locate configuration: tried hadoop-metrics2-storagecontainermanager.properties,hadoop-metrics2.properties
2019-09-24 04:50:09,386 [main] INFO  impl.MetricsSystemImpl (MetricsSystemImpl.java:startTimer(374)) - Scheduled Metric snapshot period at 10 second(s).
2019-09-24 04:50:09,386 [main] INFO  impl.MetricsSystemImpl (MetricsSystemImpl.java:start(191)) - StorageContainerManager metrics system started
2019-09-24 04:50:09,620 [main] INFO  server.SCMClientProtocolServer (SCMClientProtocolServer.java:start(151)) - RPC server for Client  is listening at /0.0.0.0:42848
2019-09-24 04:50:09,621 [IPC Server Responder] INFO  ipc.Server (Server.java:run(1314)) - IPC Server Responder: starting
2019-09-24 04:50:09,621 [IPC Server listener on 42848] INFO  ipc.Server (Server.java:run(1153)) - IPC Server listener on 42848: starting
2019-09-24 04:50:09,624 [main] INFO  server.StorageContainerManager (StorageContainerManager.java:start(780)) - ScmBlockLocationProtocol RPC server is listening at /0.0.0.0:39572
2019-09-24 04:50:09,625 [main] INFO  server.SCMBlockProtocolServer (SCMBlockProtocolServer.java:start(146)) - RPC server for Block Protocol is listening at /0.0.0.0:39572
2019-09-24 04:50:09,626 [IPC Server Responder] INFO  ipc.Server (Server.java:run(1314)) - IPC Server Responder: starting
2019-09-24 04:50:09,626 [IPC Server listener on 39572] INFO  ipc.Server (Server.java:run(1153)) - IPC Server listener on 39572: starting
2019-09-24 04:50:09,628 [main] INFO  server.StorageContainerManager (StorageContainerManager.java:start(784)) - ScmDatanodeProtocl RPC server is listening at /0.0.0.0:46110
2019-09-24 04:50:09,629 [main] INFO  server.SCMDatanodeProtocolServer (SCMDatanodeProtocolServer.java:start(199)) - RPC server for DataNodes is listening at /0.0.0.0:46110
2019-09-24 04:50:09,629 [IPC Server Responder] INFO  ipc.Server (Server.java:run(1314)) - IPC Server Responder: starting
2019-09-24 04:50:09,629 [IPC Server listener on 46110] INFO  ipc.Server (Server.java:run(1153)) - IPC Server listener on 46110: starting
2019-09-24 04:50:09,634 [main] INFO  http.HttpServer2 (HttpServer2.java:bindListener(1191)) - Jetty bound to port 37610
2019-09-24 04:50:09,636 [main] INFO  server.Server (Server.java:doStart(351)) - jetty-9.3.25.v20180904, build timestamp: 2018-09-04T21:11:46Z, git hash: 3ce520221d0240229c862b122d2b06c12a625732
2019-09-24 04:50:09,675 [main] INFO  handler.ContextHandler (ContextHandler.java:doStart(781)) - Started o.e.j.s.ServletContextHandler@25a6944c{/logs,file:///workdir/hadoop-ozone/integration-test/target/log,AVAILABLE}
2019-09-24 04:50:09,676 [main] INFO  handler.ContextHandler (ContextHandler.java:doStart(781)) - Started o.e.j.s.ServletContextHandler@6b00f608{/static,file:///workdir/hadoop-ozone/integration-test/target/test-classes/webapps/static,AVAILABLE}
2019-09-24 04:50:09,709 [main] INFO  handler.ContextHandler (ContextHandler.java:doStart(781)) - Started o.e.j.w.WebAppContext@182f1e9a{/,file:///workdir/hadoop-ozone/integration-test/target/test-classes/webapps/scm/,AVAILABLE}{/scm}
2019-09-24 04:50:09,714 [main] INFO  server.AbstractConnector (AbstractConnector.java:doStart(278)) - Started ServerConnector@6f70f32f{HTTP/1.1,[http/1.1]}{0.0.0.0:37610}
2019-09-24 04:50:09,715 [main] INFO  server.Server (Server.java:doStart(419)) - Started @3183ms
2019-09-24 04:50:09,717 [main] INFO  impl.MetricsSinkAdapter (MetricsSinkAdapter.java:start(204)) - Sink prometheus started
2019-09-24 04:50:09,717 [main] INFO  impl.MetricsSystemImpl (MetricsSystemImpl.java:registerSink(301)) - Registered sink prometheus
2019-09-24 04:50:09,718 [main] INFO  server.BaseHttpServer (BaseHttpServer.java:updateConnectorAddress(215)) - HTTP server of SCM is listening at http://0.0.0.0:37610
2019-09-24 04:50:09,724 [org.apache.hadoop.util.JvmPauseMonitor$Monitor@56102e1c] INFO  util.JvmPauseMonitor (JvmPauseMonitor.java:run(188)) - Starting JVM pause monitor
2019-09-24 04:50:09,726 [main] WARN  server.ServerUtils (ServerUtils.java:getDBPath(222)) - ozone.om.db.dirs is not configured. We recommend adding this setting. Falling back to ozone.metadata.dirs instead.
2019-09-24 04:50:09,843 [main] WARN  server.ServerUtils (ServerUtils.java:getDBPath(222)) - ozone.om.db.dirs is not configured. We recommend adding this setting. Falling back to ozone.metadata.dirs instead.
2019-09-24 04:50:09,844 [main] WARN  server.ServerUtils (ServerUtils.java:getDBPath(222)) - ozone.om.db.dirs is not configured. We recommend adding this setting. Falling back to ozone.metadata.dirs instead.
2019-09-24 04:50:09,845 [main] INFO  om.OzoneManager (OzoneManager.java:setOMNodeDetails(652)) - OM Service ID is not set. Setting it to the default ID: omServiceIdDefault
2019-09-24 04:50:09,845 [main] INFO  om.OzoneManager (OzoneManager.java:setOMNodeDetails(658)) - OM Node ID is not set. Setting it to the OmStorage's OmID: cc6da285-5a8b-4ef2-bdae-04343660e3c0
2019-09-24 04:50:09,846 [main] INFO  om.OzoneManager (OzoneManager.java:loadOMHAConfigs(609)) - Found matching OM address with OMServiceId: null, OMNodeId: null, RPC Address: localhost:0 and Ratis port: 9872
2019-09-24 04:50:10,491 [main] WARN  server.ServerUtils (ServerUtils.java:getDBPath(222)) - ozone.om.db.dirs is not configured. We recommend adding this setting. Falling back to ozone.metadata.dirs instead.
2019-09-24 04:50:10,497 [main] INFO  db.DBStoreBuilder (DBStoreBuilder.java:addTable(110)) - using custom profile for table: userTable
2019-09-24 04:50:10,497 [main] INFO  db.DBStoreBuilder (DBStoreBuilder.java:processTables(161)) - Using default column profile:DBProfile.DISK for Table:userTable
2019-09-24 04:50:10,497 [main] INFO  db.DBStoreBuilder (DBStoreBuilder.java:addTable(110)) - using custom profile for table: volumeTable
2019-09-24 04:50:10,497 [main] INFO  db.DBStoreBuilder (DBStoreBuilder.java:processTables(161)) - Using default column profile:DBProfile.DISK for Table:volumeTable
2019-09-24 04:50:10,498 [main] INFO  db.DBStoreBuilder (DBStoreBuilder.java:addTable(110)) - using custom profile for table: bucketTable
2019-09-24 04:50:10,498 [main] INFO  db.DBStoreBuilder (DBStoreBuilder.java:processTables(161)) - Using default column profile:DBProfile.DISK for Table:bucketTable
2019-09-24 04:50:10,498 [main] INFO  db.DBStoreBuilder (DBStoreBuilder.java:addTable(110)) - using custom profile for table: keyTable
2019-09-24 04:50:10,498 [main] INFO  db.DBStoreBuilder (DBStoreBuilder.java:processTables(161)) - Using default column profile:DBProfile.DISK for Table:keyTable
2019-09-24 04:50:10,499 [main] INFO  db.DBStoreBuilder (DBStoreBuilder.java:addTable(110)) - using custom profile for table: deletedTable
2019-09-24 04:50:10,499 [main] INFO  db.DBStoreBuilder (DBStoreBuilder.java:processTables(161)) - Using default column profile:DBProfile.DISK for Table:deletedTable
2019-09-24 04:50:10,499 [main] INFO  db.DBStoreBuilder (DBStoreBuilder.java:addTable(110)) - using custom profile for table: openKeyTable
2019-09-24 04:50:10,499 [main] INFO  db.DBStoreBuilder (DBStoreBuilder.java:processTables(161)) - Using default column profile:DBProfile.DISK for Table:openKeyTable
2019-09-24 04:50:10,499 [main] INFO  db.DBStoreBuilder (DBStoreBuilder.java:addTable(110)) - using custom profile for table: s3Table
2019-09-24 04:50:10,500 [main] INFO  db.DBStoreBuilder (DBStoreBuilder.java:processTables(161)) - Using default column profile:DBProfile.DISK for Table:s3Table
2019-09-24 04:50:10,500 [main] INFO  db.DBStoreBuilder (DBStoreBuilder.java:addTable(110)) - using custom profile for table: multipartInfoTable
2019-09-24 04:50:10,500 [main] INFO  db.DBStoreBuilder (DBStoreBuilder.java:processTables(161)) - Using default column profile:DBProfile.DISK for Table:multipartInfoTable
2019-09-24 04:50:10,500 [main] INFO  db.DBStoreBuilder (DBStoreBuilder.java:addTable(110)) - using custom profile for table: dTokenTable
2019-09-24 04:50:10,500 [main] INFO  db.DBStoreBuilder (DBStoreBuilder.java:processTables(161)) - Using default column profile:DBProfile.DISK for Table:dTokenTable
2019-09-24 04:50:10,501 [main] INFO  db.DBStoreBuilder (DBStoreBuilder.java:addTable(110)) - using custom profile for table: s3SecretTable
2019-09-24 04:50:10,501 [main] INFO  db.DBStoreBuilder (DBStoreBuilder.java:processTables(161)) - Using default column profile:DBProfile.DISK for Table:s3SecretTable
2019-09-24 04:50:10,501 [main] INFO  db.DBStoreBuilder (DBStoreBuilder.java:addTable(110)) - using custom profile for table: prefixTable
2019-09-24 04:50:10,501 [main] INFO  db.DBStoreBuilder (DBStoreBuilder.java:processTables(161)) - Using default column profile:DBProfile.DISK for Table:prefixTable
2019-09-24 04:50:10,502 [main] INFO  db.DBStoreBuilder (DBStoreBuilder.java:addTable(110)) - using custom profile for table: default
2019-09-24 04:50:10,502 [main] INFO  db.DBStoreBuilder (DBStoreBuilder.java:processTables(167)) - Using default column profile:DBProfile.DISK for Table:default
2019-09-24 04:50:10,502 [main] INFO  db.DBStoreBuilder (DBStoreBuilder.java:getDbProfile(198)) - Using default options. DBProfile.DISK
2019-09-24 04:50:11,034 [main] INFO  ipc.CallQueueManager (CallQueueManager.java:<init>(84)) - Using callQueue: class java.util.concurrent.LinkedBlockingQueue, queueCapacity: 2000, scheduler: class org.apache.hadoop.ipc.DefaultRpcScheduler, ipcBackoff: false.
2019-09-24 04:50:11,035 [Socket Reader #1 for port 38901] INFO  ipc.Server (Server.java:run(1074)) - Starting Socket Reader #1 for port 38901
2019-09-24 04:50:11,065 [main] INFO  om.OzoneManager (OzoneManager.java:start(1243)) - OzoneManager RPC server is listening at localhost/127.0.0.1:38901
2019-09-24 04:50:11,066 [main] INFO  impl.MetricsSystemImpl (MetricsSystemImpl.java:init(158)) - OzoneManager metrics system started (again)
2019-09-24 04:50:11,067 [IPC Server Responder] INFO  ipc.Server (Server.java:run(1314)) - IPC Server Responder: starting
2019-09-24 04:50:11,068 [IPC Server listener on 38901] INFO  ipc.Server (Server.java:run(1153)) - IPC Server listener on 38901: starting
2019-09-24 04:50:11,075 [main] INFO  hdfs.DFSUtil (DFSUtil.java:httpServerTemplateForNNAndJN(1641)) - Starting Web-server for ozoneManager at: http://0.0.0.0:0
2019-09-24 04:50:11,077 [main] INFO  server.AuthenticationFilter (AuthenticationFilter.java:constructSecretProvider(240)) - Unable to initialize FileSignerSecretProvider, falling back to use random secrets.
2019-09-24 04:50:11,077 [main] WARN  http.HttpRequestLog (HttpRequestLog.java:getRequestLog(97)) - Jetty request log can only be enabled using Log4j
2019-09-24 04:50:11,080 [main] INFO  http.HttpServer2 (HttpServer2.java:addGlobalFilter(975)) - Added global filter 'safety' (class=org.apache.hadoop.http.HttpServer2$QuotingInputFilter)
2019-09-24 04:50:11,080 [main] INFO  http.HttpServer2 (HttpServer2.java:addFilter(948)) - Added filter static_user_filter (class=org.apache.hadoop.http.lib.StaticUserWebFilter$StaticUserFilter) to context ozoneManager
2019-09-24 04:50:11,081 [main] INFO  http.HttpServer2 (HttpServer2.java:addFilter(958)) - Added filter static_user_filter (class=org.apache.hadoop.http.lib.StaticUserWebFilter$StaticUserFilter) to context logs
2019-09-24 04:50:11,081 [main] INFO  http.HttpServer2 (HttpServer2.java:addFilter(958)) - Added filter static_user_filter (class=org.apache.hadoop.http.lib.StaticUserWebFilter$StaticUserFilter) to context static
2019-09-24 04:50:11,083 [main] INFO  http.HttpServer2 (HttpServer2.java:bindListener(1191)) - Jetty bound to port 41127
2019-09-24 04:50:11,083 [main] INFO  server.Server (Server.java:doStart(351)) - jetty-9.3.25.v20180904, build timestamp: 2018-09-04T21:11:46Z, git hash: 3ce520221d0240229c862b122d2b06c12a625732
2019-09-24 04:50:11,086 [main] INFO  handler.ContextHandler (ContextHandler.java:doStart(781)) - Started o.e.j.s.ServletContextHandler@4a9486c0{/logs,file:///workdir/hadoop-ozone/integration-test/target/log,AVAILABLE}
2019-09-24 04:50:11,086 [main] INFO  handler.ContextHandler (ContextHandler.java:doStart(781)) - Started o.e.j.s.ServletContextHandler@40ee0a22{/static,file:///workdir/hadoop-ozone/integration-test/target/test-classes/webapps/static,AVAILABLE}
2019-09-24 04:50:11,092 [main] INFO  handler.ContextHandler (ContextHandler.java:doStart(781)) - Started o.e.j.w.WebAppContext@2dbd803f{/,file:///workdir/hadoop-ozone/integration-test/target/test-classes/webapps/ozoneManager/,AVAILABLE}{/ozoneManager}
2019-09-24 04:50:11,093 [main] INFO  server.AbstractConnector (AbstractConnector.java:doStart(278)) - Started ServerConnector@3e48e859{HTTP/1.1,[http/1.1]}{0.0.0.0:41127}
2019-09-24 04:50:11,094 [main] INFO  server.Server (Server.java:doStart(419)) - Started @4562ms
2019-09-24 04:50:11,094 [main] WARN  impl.MetricsSystemImpl (MetricsSystemImpl.java:register(276)) - Sink prometheus already exists!
2019-09-24 04:50:11,095 [main] INFO  server.BaseHttpServer (BaseHttpServer.java:updateConnectorAddress(215)) - HTTP server of OZONEMANAGER is listening at http://0.0.0.0:41127
2019-09-24 04:50:11,439 [main] INFO  impl.MetricsSystemImpl (MetricsSystemImpl.java:init(158)) - HddsDatanode metrics system started (again)
2019-09-24 04:50:11,487 [main] INFO  ozone.HddsDatanodeService (HddsDatanodeService.java:start(184)) - HddsDatanodeService host:pr-hdds-2034-r6745-1453098948 ip:192.168.151.75
2019-09-24 04:50:11,520 [main] INFO  volume.HddsVolume (HddsVolume.java:<init>(176)) - Creating Volume: /workdir/hadoop-ozone/integration-test/target/test-dir/MiniOzoneClusterImpl-3b8d4982-b692-47e6-b3b3-ef9ec24b4ef4/datanode-0/data/containers/hdds of  storage type : DISK and capacity : 1482555576320
2019-09-24 04:50:11,522 [main] INFO  volume.VolumeSet (VolumeSet.java:initializeVolumeSet(170)) - Added Volume : /workdir/hadoop-ozone/integration-test/target/test-dir/MiniOzoneClusterImpl-3b8d4982-b692-47e6-b3b3-ef9ec24b4ef4/datanode-0/data/containers/hdds to VolumeSet
2019-09-24 04:50:11,524 [main] INFO  volume.ThrottledAsyncChecker (ThrottledAsyncChecker.java:schedule(139)) - Scheduling a check for org.apache.hadoop.ozone.container.common.volume.HddsVolume@4d774249
2019-09-24 04:50:11,542 [main] INFO  volume.HddsVolumeChecker (HddsVolumeChecker.java:checkAllVolumes(202)) - Scheduled health check for volume org.apache.hadoop.ozone.container.common.volume.HddsVolume@4d774249
2019-09-24 04:50:11,650 [main] INFO  impl.RaftServerProxy (ConfUtils.java:logGet(43)) - raft.rpc.type = GRPC (default)
2019-09-24 04:50:11,721 [main] INFO  grpc.GrpcFactory (GrpcFactory.java:checkPooledByteBufAllocatorUseCacheForAllThreads(45)) - PERFORMANCE WARNING: useCacheForAllThreads is true that may cause Netty to create a lot garbage objects and, as a result, trigger GC.
	It is recommended to disable useCacheForAllThreads by setting -Dorg.apache.ratis.thirdparty.io.netty.allocator.useCacheForAllThreads=false in command line.
2019-09-24 04:50:11,726 [main] INFO  grpc.GrpcConfigKeys$Server (ConfUtils.java:logGet(43)) - raft.grpc.server.port = 0 (default)
2019-09-24 04:50:11,727 [main] INFO  server.GrpcService (ConfUtils.java:logGet(43)) - raft.grpc.message.size.max = 33570816 (custom)
2019-09-24 04:50:11,729 [main] INFO  server.RaftServerConfigKeys (ConfUtils.java:logGet(43)) - raft.server.log.appender.buffer.byte-limit = 33554432 (custom)
2019-09-24 04:50:11,730 [main] INFO  server.GrpcService (ConfUtils.java:logGet(43)) - raft.grpc.flow.control.window = 1MB (=1048576) (default)
2019-09-24 04:50:11,731 [main] INFO  server.RaftServerConfigKeys (ConfUtils.java:logGet(43)) - raft.server.rpc.request.timeout = 3000ms (default)
2019-09-24 04:50:11,900 [main] INFO  server.RaftServerConfigKeys (ConfUtils.java:logGet(43)) - raft.server.storage.dir = [/workdir/hadoop-ozone/integration-test/target/test-dir/MiniOzoneClusterImpl-3b8d4982-b692-47e6-b3b3-ef9ec24b4ef4/datanode-0/data/ratis] (custom)
2019-09-24 04:50:11,954 [main] INFO  hdfs.DFSUtil (DFSUtil.java:httpServerTemplateForNNAndJN(1641)) - Starting Web-server for hddsDatanode at: http://0.0.0.0:0
2019-09-24 04:50:11,955 [main] INFO  server.AuthenticationFilter (AuthenticationFilter.java:constructSecretProvider(240)) - Unable to initialize FileSignerSecretProvider, falling back to use random secrets.
2019-09-24 04:50:11,956 [main] WARN  http.HttpRequestLog (HttpRequestLog.java:getRequestLog(97)) - Jetty request log can only be enabled using Log4j
2019-09-24 04:50:11,958 [main] INFO  http.HttpServer2 (HttpServer2.java:addGlobalFilter(975)) - Added global filter 'safety' (class=org.apache.hadoop.http.HttpServer2$QuotingInputFilter)
2019-09-24 04:50:11,958 [main] INFO  http.HttpServer2 (HttpServer2.java:addFilter(948)) - Added filter static_user_filter (class=org.apache.hadoop.http.lib.StaticUserWebFilter$StaticUserFilter) to context hddsDatanode
2019-09-24 04:50:11,958 [main] INFO  http.HttpServer2 (HttpServer2.java:addFilter(958)) - Added filter static_user_filter (class=org.apache.hadoop.http.lib.StaticUserWebFilter$StaticUserFilter) to context static
2019-09-24 04:50:11,959 [main] INFO  http.HttpServer2 (HttpServer2.java:addFilter(958)) - Added filter static_user_filter (class=org.apache.hadoop.http.lib.StaticUserWebFilter$StaticUserFilter) to context logs
2019-09-24 04:50:11,959 [main] INFO  http.HttpServer2 (HttpServer2.java:bindListener(1191)) - Jetty bound to port 37898
2019-09-24 04:50:11,960 [main] INFO  server.Server (Server.java:doStart(351)) - jetty-9.3.25.v20180904, build timestamp: 2018-09-04T21:11:46Z, git hash: 3ce520221d0240229c862b122d2b06c12a625732
2019-09-24 04:50:11,962 [main] INFO  handler.ContextHandler (ContextHandler.java:doStart(781)) - Started o.e.j.s.ServletContextHandler@1229a2b7{/logs,file:///workdir/hadoop-ozone/integration-test/target/log,AVAILABLE}
2019-09-24 04:50:11,962 [main] INFO  handler.ContextHandler (ContextHandler.java:doStart(781)) - Started o.e.j.s.ServletContextHandler@51c959a4{/static,jar:file:/home/user/.m2/repository/org/apache/hadoop/hadoop-hdds-container-service/0.5.0-SNAPSHOT/hadoop-hdds-container-service-0.5.0-SNAPSHOT.jar!/webapps/static,AVAILABLE}
2019-09-24 04:50:11,992 [main] INFO  handler.ContextHandler (ContextHandler.java:doStart(781)) - Started o.e.j.w.WebAppContext@70228253{/,file:///tmp/jetty-0.0.0.0-37898-hddsDatanode-_-any-308259580627816377.dir/webapp/,AVAILABLE}{/hddsDatanode}
2019-09-24 04:50:11,993 [main] INFO  server.AbstractConnector (AbstractConnector.java:doStart(278)) - Started ServerConnector@63c12e52{HTTP/1.1,[http/1.1]}{0.0.0.0:37898}
2019-09-24 04:50:11,994 [main] INFO  server.Server (Server.java:doStart(419)) - Started @5462ms
2019-09-24 04:50:11,996 [main] WARN  impl.MetricsSystemImpl (MetricsSystemImpl.java:register(276)) - Sink prometheus already exists!
2019-09-24 04:50:11,997 [main] INFO  server.BaseHttpServer (BaseHttpServer.java:updateConnectorAddress(215)) - HTTP server of HDDSDATANODE is listening at http://0.0.0.0:37898
2019-09-24 04:50:11,998 [main] INFO  impl.MetricsSystemImpl (MetricsSystemImpl.java:init(158)) - HddsDatanode metrics system started (again)
2019-09-24 04:50:12,000 [main] INFO  ozone.HddsDatanodeService (HddsDatanodeService.java:start(184)) - HddsDatanodeService host:pr-hdds-2034-r6745-1453098948 ip:192.168.151.75
2019-09-24 04:50:12,004 [org.apache.hadoop.util.JvmPauseMonitor$Monitor@1f428ef2] INFO  util.JvmPauseMonitor (JvmPauseMonitor.java:run(188)) - Starting JVM pause monitor
2019-09-24 04:50:12,009 [main] INFO  volume.HddsVolume (HddsVolume.java:<init>(176)) - Creating Volume: /workdir/hadoop-ozone/integration-test/target/test-dir/MiniOzoneClusterImpl-3b8d4982-b692-47e6-b3b3-ef9ec24b4ef4/datanode-1/data/containers/hdds of  storage type : DISK and capacity : 1482555576320
2019-09-24 04:50:12,009 [main] INFO  volume.VolumeSet (VolumeSet.java:initializeVolumeSet(170)) - Added Volume : /workdir/hadoop-ozone/integration-test/target/test-dir/MiniOzoneClusterImpl-3b8d4982-b692-47e6-b3b3-ef9ec24b4ef4/datanode-1/data/containers/hdds to VolumeSet
2019-09-24 04:50:12,009 [main] INFO  volume.ThrottledAsyncChecker (ThrottledAsyncChecker.java:schedule(139)) - Scheduling a check for org.apache.hadoop.ozone.container.common.volume.HddsVolume@2f5ac102
2019-09-24 04:50:12,011 [main] INFO  volume.HddsVolumeChecker (HddsVolumeChecker.java:checkAllVolumes(202)) - Scheduled health check for volume org.apache.hadoop.ozone.container.common.volume.HddsVolume@2f5ac102
2019-09-24 04:50:12,027 [main] INFO  impl.RaftServerProxy (ConfUtils.java:logGet(43)) - raft.rpc.type = GRPC (default)
2019-09-24 04:50:12,027 [main] INFO  grpc.GrpcFactory (GrpcFactory.java:checkPooledByteBufAllocatorUseCacheForAllThreads(45)) - PERFORMANCE WARNING: useCacheForAllThreads is true that may cause Netty to create a lot garbage objects and, as a result, trigger GC.
	It is recommended to disable useCacheForAllThreads by setting -Dorg.apache.ratis.thirdparty.io.netty.allocator.useCacheForAllThreads=false in command line.
2019-09-24 04:50:12,027 [main] INFO  grpc.GrpcConfigKeys$Server (ConfUtils.java:logGet(43)) - raft.grpc.server.port = 0 (default)
2019-09-24 04:50:12,028 [main] INFO  server.GrpcService (ConfUtils.java:logGet(43)) - raft.grpc.message.size.max = 33570816 (custom)
2019-09-24 04:50:12,028 [main] INFO  server.RaftServerConfigKeys (ConfUtils.java:logGet(43)) - raft.server.log.appender.buffer.byte-limit = 33554432 (custom)
2019-09-24 04:50:12,028 [main] INFO  server.GrpcService (ConfUtils.java:logGet(43)) - raft.grpc.flow.control.window = 1MB (=1048576) (default)
2019-09-24 04:50:12,028 [main] INFO  server.RaftServerConfigKeys (ConfUtils.java:logGet(43)) - raft.server.rpc.request.timeout = 3000ms (default)
2019-09-24 04:50:12,029 [main] INFO  server.RaftServerConfigKeys (ConfUtils.java:logGet(43)) - raft.server.storage.dir = [/workdir/hadoop-ozone/integration-test/target/test-dir/MiniOzoneClusterImpl-3b8d4982-b692-47e6-b3b3-ef9ec24b4ef4/datanode-1/data/ratis] (custom)
2019-09-24 04:50:12,030 [main] INFO  hdfs.DFSUtil (DFSUtil.java:httpServerTemplateForNNAndJN(1641)) - Starting Web-server for hddsDatanode at: http://0.0.0.0:0
2019-09-24 04:50:12,031 [main] INFO  server.AuthenticationFilter (AuthenticationFilter.java:constructSecretProvider(240)) - Unable to initialize FileSignerSecretProvider, falling back to use random secrets.
2019-09-24 04:50:12,032 [main] WARN  http.HttpRequestLog (HttpRequestLog.java:getRequestLog(97)) - Jetty request log can only be enabled using Log4j
2019-09-24 04:50:12,033 [main] INFO  http.HttpServer2 (HttpServer2.java:addGlobalFilter(975)) - Added global filter 'safety' (class=org.apache.hadoop.http.HttpServer2$QuotingInputFilter)
2019-09-24 04:50:12,034 [main] INFO  http.HttpServer2 (HttpServer2.java:addFilter(948)) - Added filter static_user_filter (class=org.apache.hadoop.http.lib.StaticUserWebFilter$StaticUserFilter) to context hddsDatanode
2019-09-24 04:50:12,034 [main] INFO  http.HttpServer2 (HttpServer2.java:addFilter(958)) - Added filter static_user_filter (class=org.apache.hadoop.http.lib.StaticUserWebFilter$StaticUserFilter) to context static
2019-09-24 04:50:12,034 [main] INFO  http.HttpServer2 (HttpServer2.java:addFilter(958)) - Added filter static_user_filter (class=org.apache.hadoop.http.lib.StaticUserWebFilter$StaticUserFilter) to context logs
2019-09-24 04:50:12,035 [main] INFO  http.HttpServer2 (HttpServer2.java:bindListener(1191)) - Jetty bound to port 42643
2019-09-24 04:50:12,035 [main] INFO  server.Server (Server.java:doStart(351)) - jetty-9.3.25.v20180904, build timestamp: 2018-09-04T21:11:46Z, git hash: 3ce520221d0240229c862b122d2b06c12a625732
2019-09-24 04:50:12,039 [main] INFO  handler.ContextHandler (ContextHandler.java:doStart(781)) - Started o.e.j.s.ServletContextHandler@22a6e998{/logs,file:///workdir/hadoop-ozone/integration-test/target/log,AVAILABLE}
2019-09-24 04:50:12,040 [main] INFO  handler.ContextHandler (ContextHandler.java:doStart(781)) - Started o.e.j.s.ServletContextHandler@e57e5d6{/static,jar:file:/home/user/.m2/repository/org/apache/hadoop/hadoop-hdds-container-service/0.5.0-SNAPSHOT/hadoop-hdds-container-service-0.5.0-SNAPSHOT.jar!/webapps/static,AVAILABLE}
2019-09-24 04:50:12,068 [main] INFO  handler.ContextHandler (ContextHandler.java:doStart(781)) - Started o.e.j.w.WebAppContext@56a4f272{/,file:///tmp/jetty-0.0.0.0-42643-hddsDatanode-_-any-647493471850653212.dir/webapp/,AVAILABLE}{/hddsDatanode}
2019-09-24 04:50:12,068 [main] INFO  server.AbstractConnector (AbstractConnector.java:doStart(278)) - Started ServerConnector@3ee0b4f7{HTTP/1.1,[http/1.1]}{0.0.0.0:42643}
2019-09-24 04:50:12,070 [main] INFO  server.Server (Server.java:doStart(419)) - Started @5538ms
2019-09-24 04:50:12,070 [main] WARN  impl.MetricsSystemImpl (MetricsSystemImpl.java:register(276)) - Sink prometheus already exists!
2019-09-24 04:50:12,071 [main] INFO  server.BaseHttpServer (BaseHttpServer.java:updateConnectorAddress(215)) - HTTP server of HDDSDATANODE is listening at http://0.0.0.0:42643
2019-09-24 04:50:12,071 [main] INFO  impl.MetricsSystemImpl (MetricsSystemImpl.java:init(158)) - HddsDatanode metrics system started (again)
2019-09-24 04:50:12,074 [main] INFO  ozone.HddsDatanodeService (HddsDatanodeService.java:start(184)) - HddsDatanodeService host:pr-hdds-2034-r6745-1453098948 ip:192.168.151.75
2019-09-24 04:50:12,074 [org.apache.hadoop.util.JvmPauseMonitor$Monitor@52fc8bf5] INFO  util.JvmPauseMonitor (JvmPauseMonitor.java:run(188)) - Starting JVM pause monitor
2019-09-24 04:50:12,082 [main] INFO  volume.HddsVolume (HddsVolume.java:<init>(176)) - Creating Volume: /workdir/hadoop-ozone/integration-test/target/test-dir/MiniOzoneClusterImpl-3b8d4982-b692-47e6-b3b3-ef9ec24b4ef4/datanode-2/data/containers/hdds of  storage type : DISK and capacity : 1482555576320
2019-09-24 04:50:12,083 [main] INFO  volume.VolumeSet (VolumeSet.java:initializeVolumeSet(170)) - Added Volume : /workdir/hadoop-ozone/integration-test/target/test-dir/MiniOzoneClusterImpl-3b8d4982-b692-47e6-b3b3-ef9ec24b4ef4/datanode-2/data/containers/hdds to VolumeSet
2019-09-24 04:50:12,083 [main] INFO  volume.ThrottledAsyncChecker (ThrottledAsyncChecker.java:schedule(139)) - Scheduling a check for org.apache.hadoop.ozone.container.common.volume.HddsVolume@59072e9d
2019-09-24 04:50:12,083 [main] INFO  volume.HddsVolumeChecker (HddsVolumeChecker.java:checkAllVolumes(202)) - Scheduled health check for volume org.apache.hadoop.ozone.container.common.volume.HddsVolume@59072e9d
2019-09-24 04:50:12,095 [main] INFO  impl.RaftServerProxy (ConfUtils.java:logGet(43)) - raft.rpc.type = GRPC (default)
2019-09-24 04:50:12,096 [main] INFO  grpc.GrpcFactory (GrpcFactory.java:checkPooledByteBufAllocatorUseCacheForAllThreads(45)) - PERFORMANCE WARNING: useCacheForAllThreads is true that may cause Netty to create a lot garbage objects and, as a result, trigger GC.
	It is recommended to disable useCacheForAllThreads by setting -Dorg.apache.ratis.thirdparty.io.netty.allocator.useCacheForAllThreads=false in command line.
2019-09-24 04:50:12,096 [main] INFO  grpc.GrpcConfigKeys$Server (ConfUtils.java:logGet(43)) - raft.grpc.server.port = 0 (default)
2019-09-24 04:50:12,096 [main] INFO  server.GrpcService (ConfUtils.java:logGet(43)) - raft.grpc.message.size.max = 33570816 (custom)
2019-09-24 04:50:12,096 [main] INFO  server.RaftServerConfigKeys (ConfUtils.java:logGet(43)) - raft.server.log.appender.buffer.byte-limit = 33554432 (custom)
2019-09-24 04:50:12,096 [main] INFO  server.GrpcService (ConfUtils.java:logGet(43)) - raft.grpc.flow.control.window = 1MB (=1048576) (default)
2019-09-24 04:50:12,097 [main] INFO  server.RaftServerConfigKeys (ConfUtils.java:logGet(43)) - raft.server.rpc.request.timeout = 3000ms (default)
2019-09-24 04:50:12,097 [main] INFO  server.RaftServerConfigKeys (ConfUtils.java:logGet(43)) - raft.server.storage.dir = [/workdir/hadoop-ozone/integration-test/target/test-dir/MiniOzoneClusterImpl-3b8d4982-b692-47e6-b3b3-ef9ec24b4ef4/datanode-2/data/ratis] (custom)
2019-09-24 04:50:12,099 [main] INFO  hdfs.DFSUtil (DFSUtil.java:httpServerTemplateForNNAndJN(1641)) - Starting Web-server for hddsDatanode at: http://0.0.0.0:0
2019-09-24 04:50:12,100 [main] INFO  server.AuthenticationFilter (AuthenticationFilter.java:constructSecretProvider(240)) - Unable to initialize FileSignerSecretProvider, falling back to use random secrets.
2019-09-24 04:50:12,101 [main] WARN  http.HttpRequestLog (HttpRequestLog.java:getRequestLog(97)) - Jetty request log can only be enabled using Log4j
2019-09-24 04:50:12,102 [main] INFO  http.HttpServer2 (HttpServer2.java:addGlobalFilter(975)) - Added global filter 'safety' (class=org.apache.hadoop.http.HttpServer2$QuotingInputFilter)
2019-09-24 04:50:12,103 [main] INFO  http.HttpServer2 (HttpServer2.java:addFilter(948)) - Added filter static_user_filter (class=org.apache.hadoop.http.lib.StaticUserWebFilter$StaticUserFilter) to context hddsDatanode
2019-09-24 04:50:12,103 [main] INFO  http.HttpServer2 (HttpServer2.java:addFilter(958)) - Added filter static_user_filter (class=org.apache.hadoop.http.lib.StaticUserWebFilter$StaticUserFilter) to context static
2019-09-24 04:50:12,103 [main] INFO  http.HttpServer2 (HttpServer2.java:addFilter(958)) - Added filter static_user_filter (class=org.apache.hadoop.http.lib.StaticUserWebFilter$StaticUserFilter) to context logs
2019-09-24 04:50:12,104 [main] INFO  http.HttpServer2 (HttpServer2.java:bindListener(1191)) - Jetty bound to port 44585
2019-09-24 04:50:12,104 [main] INFO  server.Server (Server.java:doStart(351)) - jetty-9.3.25.v20180904, build timestamp: 2018-09-04T21:11:46Z, git hash: 3ce520221d0240229c862b122d2b06c12a625732
2019-09-24 04:50:12,106 [main] INFO  handler.ContextHandler (ContextHandler.java:doStart(781)) - Started o.e.j.s.ServletContextHandler@50850539{/logs,file:///workdir/hadoop-ozone/integration-test/target/log,AVAILABLE}
2019-09-24 04:50:12,106 [main] INFO  handler.ContextHandler (ContextHandler.java:doStart(781)) - Started o.e.j.s.ServletContextHandler@6c3659be{/static,jar:file:/home/user/.m2/repository/org/apache/hadoop/hadoop-hdds-container-service/0.5.0-SNAPSHOT/hadoop-hdds-container-service-0.5.0-SNAPSHOT.jar!/webapps/static,AVAILABLE}
2019-09-24 04:50:12,126 [Datanode State Machine Thread - 0] INFO  datanode.InitDatanodeState (InitDatanodeState.java:persistContainerDatanodeDetails(140)) - DatanodeDetails is persisted to /workdir/hadoop-ozone/integration-test/target/test-dir/MiniOzoneClusterImpl-3b8d4982-b692-47e6-b3b3-ef9ec24b4ef4/datanode-0/meta/datanode.id
2019-09-24 04:50:12,131 [Datanode State Machine Thread - 0] INFO  datanode.InitDatanodeState (InitDatanodeState.java:persistContainerDatanodeDetails(140)) - DatanodeDetails is persisted to /workdir/hadoop-ozone/integration-test/target/test-dir/MiniOzoneClusterImpl-3b8d4982-b692-47e6-b3b3-ef9ec24b4ef4/datanode-1/meta/datanode.id
2019-09-24 04:50:12,168 [main] INFO  handler.ContextHandler (ContextHandler.java:doStart(781)) - Started o.e.j.w.WebAppContext@a098d76{/,file:///tmp/jetty-0.0.0.0-44585-hddsDatanode-_-any-564820097004221286.dir/webapp/,AVAILABLE}{/hddsDatanode}
2019-09-24 04:50:12,169 [main] INFO  server.AbstractConnector (AbstractConnector.java:doStart(278)) - Started ServerConnector@40e37b06{HTTP/1.1,[http/1.1]}{0.0.0.0:44585}
2019-09-24 04:50:12,171 [main] INFO  server.Server (Server.java:doStart(419)) - Started @5639ms
2019-09-24 04:50:12,171 [main] WARN  impl.MetricsSystemImpl (MetricsSystemImpl.java:register(276)) - Sink prometheus already exists!
2019-09-24 04:50:12,172 [main] INFO  server.BaseHttpServer (BaseHttpServer.java:updateConnectorAddress(215)) - HTTP server of HDDSDATANODE is listening at http://0.0.0.0:44585
2019-09-24 04:50:12,173 [main] INFO  impl.MetricsSystemImpl (MetricsSystemImpl.java:init(158)) - HddsDatanode metrics system started (again)
2019-09-24 04:50:12,176 [org.apache.hadoop.util.JvmPauseMonitor$Monitor@477db579] INFO  util.JvmPauseMonitor (JvmPauseMonitor.java:run(188)) - Starting JVM pause monitor
2019-09-24 04:50:12,177 [main] INFO  ozone.HddsDatanodeService (HddsDatanodeService.java:start(184)) - HddsDatanodeService host:pr-hdds-2034-r6745-1453098948 ip:192.168.151.75
2019-09-24 04:50:12,180 [Datanode State Machine Thread - 0] INFO  datanode.InitDatanodeState (InitDatanodeState.java:persistContainerDatanodeDetails(140)) - DatanodeDetails is persisted to /workdir/hadoop-ozone/integration-test/target/test-dir/MiniOzoneClusterImpl-3b8d4982-b692-47e6-b3b3-ef9ec24b4ef4/datanode-2/meta/datanode.id
2019-09-24 04:50:12,186 [main] INFO  volume.HddsVolume (HddsVolume.java:<init>(176)) - Creating Volume: /workdir/hadoop-ozone/integration-test/target/test-dir/MiniOzoneClusterImpl-3b8d4982-b692-47e6-b3b3-ef9ec24b4ef4/datanode-3/data/containers/hdds of  storage type : DISK and capacity : 1482555576320
2019-09-24 04:50:12,186 [main] INFO  volume.VolumeSet (VolumeSet.java:initializeVolumeSet(170)) - Added Volume : /workdir/hadoop-ozone/integration-test/target/test-dir/MiniOzoneClusterImpl-3b8d4982-b692-47e6-b3b3-ef9ec24b4ef4/datanode-3/data/containers/hdds to VolumeSet
2019-09-24 04:50:12,187 [main] INFO  volume.ThrottledAsyncChecker (ThrottledAsyncChecker.java:schedule(139)) - Scheduling a check for org.apache.hadoop.ozone.container.common.volume.HddsVolume@4a163575
2019-09-24 04:50:12,188 [main] INFO  volume.HddsVolumeChecker (HddsVolumeChecker.java:checkAllVolumes(202)) - Scheduled health check for volume org.apache.hadoop.ozone.container.common.volume.HddsVolume@4a163575
2019-09-24 04:50:12,205 [main] INFO  impl.RaftServerProxy (ConfUtils.java:logGet(43)) - raft.rpc.type = GRPC (default)
2019-09-24 04:50:12,205 [main] INFO  grpc.GrpcFactory (GrpcFactory.java:checkPooledByteBufAllocatorUseCacheForAllThreads(45)) - PERFORMANCE WARNING: useCacheForAllThreads is true that may cause Netty to create a lot garbage objects and, as a result, trigger GC.
	It is recommended to disable useCacheForAllThreads by setting -Dorg.apache.ratis.thirdparty.io.netty.allocator.useCacheForAllThreads=false in command line.
2019-09-24 04:50:12,205 [main] INFO  grpc.GrpcConfigKeys$Server (ConfUtils.java:logGet(43)) - raft.grpc.server.port = 0 (default)
2019-09-24 04:50:12,206 [main] INFO  server.GrpcService (ConfUtils.java:logGet(43)) - raft.grpc.message.size.max = 33570816 (custom)
2019-09-24 04:50:12,206 [main] INFO  server.RaftServerConfigKeys (ConfUtils.java:logGet(43)) - raft.server.log.appender.buffer.byte-limit = 33554432 (custom)
2019-09-24 04:50:12,206 [main] INFO  server.GrpcService (ConfUtils.java:logGet(43)) - raft.grpc.flow.control.window = 1MB (=1048576) (default)
2019-09-24 04:50:12,206 [main] INFO  server.RaftServerConfigKeys (ConfUtils.java:logGet(43)) - raft.server.rpc.request.timeout = 3000ms (default)
2019-09-24 04:50:12,207 [main] INFO  server.RaftServerConfigKeys (ConfUtils.java:logGet(43)) - raft.server.storage.dir = [/workdir/hadoop-ozone/integration-test/target/test-dir/MiniOzoneClusterImpl-3b8d4982-b692-47e6-b3b3-ef9ec24b4ef4/datanode-3/data/ratis] (custom)
2019-09-24 04:50:12,209 [main] INFO  hdfs.DFSUtil (DFSUtil.java:httpServerTemplateForNNAndJN(1641)) - Starting Web-server for hddsDatanode at: http://0.0.0.0:0
2019-09-24 04:50:12,210 [main] INFO  server.AuthenticationFilter (AuthenticationFilter.java:constructSecretProvider(240)) - Unable to initialize FileSignerSecretProvider, falling back to use random secrets.
2019-09-24 04:50:12,211 [main] WARN  http.HttpRequestLog (HttpRequestLog.java:getRequestLog(97)) - Jetty request log can only be enabled using Log4j
2019-09-24 04:50:12,213 [main] INFO  http.HttpServer2 (HttpServer2.java:addGlobalFilter(975)) - Added global filter 'safety' (class=org.apache.hadoop.http.HttpServer2$QuotingInputFilter)
2019-09-24 04:50:12,213 [main] INFO  http.HttpServer2 (HttpServer2.java:addFilter(948)) - Added filter static_user_filter (class=org.apache.hadoop.http.lib.StaticUserWebFilter$StaticUserFilter) to context hddsDatanode
2019-09-24 04:50:12,214 [main] INFO  http.HttpServer2 (HttpServer2.java:addFilter(958)) - Added filter static_user_filter (class=org.apache.hadoop.http.lib.StaticUserWebFilter$StaticUserFilter) to context static
2019-09-24 04:50:12,214 [main] INFO  http.HttpServer2 (HttpServer2.java:addFilter(958)) - Added filter static_user_filter (class=org.apache.hadoop.http.lib.StaticUserWebFilter$StaticUserFilter) to context logs
2019-09-24 04:50:12,215 [main] INFO  http.HttpServer2 (HttpServer2.java:bindListener(1191)) - Jetty bound to port 36075
2019-09-24 04:50:12,215 [main] INFO  server.Server (Server.java:doStart(351)) - jetty-9.3.25.v20180904, build timestamp: 2018-09-04T21:11:46Z, git hash: 3ce520221d0240229c862b122d2b06c12a625732
2019-09-24 04:50:12,221 [main] INFO  handler.ContextHandler (ContextHandler.java:doStart(781)) - Started o.e.j.s.ServletContextHandler@5484117b{/logs,file:///workdir/hadoop-ozone/integration-test/target/log,AVAILABLE}
2019-09-24 04:50:12,221 [main] INFO  handler.ContextHandler (ContextHandler.java:doStart(781)) - Started o.e.j.s.ServletContextHandler@7efb53af{/static,jar:file:/home/user/.m2/repository/org/apache/hadoop/hadoop-hdds-container-service/0.5.0-SNAPSHOT/hadoop-hdds-container-service-0.5.0-SNAPSHOT.jar!/webapps/static,AVAILABLE}
2019-09-24 04:50:12,253 [main] INFO  handler.ContextHandler (ContextHandler.java:doStart(781)) - Started o.e.j.w.WebAppContext@54e2fe{/,file:///tmp/jetty-0.0.0.0-36075-hddsDatanode-_-any-4512658200406441972.dir/webapp/,AVAILABLE}{/hddsDatanode}
2019-09-24 04:50:12,254 [main] INFO  server.AbstractConnector (AbstractConnector.java:doStart(278)) - Started ServerConnector@70972170{HTTP/1.1,[http/1.1]}{0.0.0.0:36075}
2019-09-24 04:50:12,254 [main] INFO  server.Server (Server.java:doStart(419)) - Started @5722ms
2019-09-24 04:50:12,256 [main] WARN  impl.MetricsSystemImpl (MetricsSystemImpl.java:register(276)) - Sink prometheus already exists!
2019-09-24 04:50:12,257 [main] INFO  server.BaseHttpServer (BaseHttpServer.java:updateConnectorAddress(215)) - HTTP server of HDDSDATANODE is listening at http://0.0.0.0:36075
2019-09-24 04:50:12,257 [main] INFO  impl.MetricsSystemImpl (MetricsSystemImpl.java:init(158)) - HddsDatanode metrics system started (again)
2019-09-24 04:50:12,261 [main] INFO  ozone.HddsDatanodeService (HddsDatanodeService.java:start(184)) - HddsDatanodeService host:pr-hdds-2034-r6745-1453098948 ip:192.168.151.75
2019-09-24 04:50:12,261 [org.apache.hadoop.util.JvmPauseMonitor$Monitor@7cfe6a5d] INFO  util.JvmPauseMonitor (JvmPauseMonitor.java:run(188)) - Starting JVM pause monitor
2019-09-24 04:50:12,265 [Datanode State Machine Thread - 0] INFO  datanode.InitDatanodeState (InitDatanodeState.java:persistContainerDatanodeDetails(140)) - DatanodeDetails is persisted to /workdir/hadoop-ozone/integration-test/target/test-dir/MiniOzoneClusterImpl-3b8d4982-b692-47e6-b3b3-ef9ec24b4ef4/datanode-3/meta/datanode.id
2019-09-24 04:50:12,273 [main] INFO  volume.HddsVolume (HddsVolume.java:<init>(176)) - Creating Volume: /workdir/hadoop-ozone/integration-test/target/test-dir/MiniOzoneClusterImpl-3b8d4982-b692-47e6-b3b3-ef9ec24b4ef4/datanode-4/data/containers/hdds of  storage type : DISK and capacity : 1482555576320
2019-09-24 04:50:12,274 [main] INFO  volume.VolumeSet (VolumeSet.java:initializeVolumeSet(170)) - Added Volume : /workdir/hadoop-ozone/integration-test/target/test-dir/MiniOzoneClusterImpl-3b8d4982-b692-47e6-b3b3-ef9ec24b4ef4/datanode-4/data/containers/hdds to VolumeSet
2019-09-24 04:50:12,274 [main] INFO  volume.ThrottledAsyncChecker (ThrottledAsyncChecker.java:schedule(139)) - Scheduling a check for org.apache.hadoop.ozone.container.common.volume.HddsVolume@437486cd
2019-09-24 04:50:12,275 [main] INFO  volume.HddsVolumeChecker (HddsVolumeChecker.java:checkAllVolumes(202)) - Scheduled health check for volume org.apache.hadoop.ozone.container.common.volume.HddsVolume@437486cd
2019-09-24 04:50:12,287 [main] INFO  impl.RaftServerProxy (ConfUtils.java:logGet(43)) - raft.rpc.type = GRPC (default)
2019-09-24 04:50:12,287 [main] INFO  grpc.GrpcFactory (GrpcFactory.java:checkPooledByteBufAllocatorUseCacheForAllThreads(45)) - PERFORMANCE WARNING: useCacheForAllThreads is true that may cause Netty to create a lot garbage objects and, as a result, trigger GC.
	It is recommended to disable useCacheForAllThreads by setting -Dorg.apache.ratis.thirdparty.io.netty.allocator.useCacheForAllThreads=false in command line.
2019-09-24 04:50:12,288 [main] INFO  grpc.GrpcConfigKeys$Server (ConfUtils.java:logGet(43)) - raft.grpc.server.port = 0 (default)
2019-09-24 04:50:12,288 [main] INFO  server.GrpcService (ConfUtils.java:logGet(43)) - raft.grpc.message.size.max = 33570816 (custom)
2019-09-24 04:50:12,288 [main] INFO  server.RaftServerConfigKeys (ConfUtils.java:logGet(43)) - raft.server.log.appender.buffer.byte-limit = 33554432 (custom)
2019-09-24 04:50:12,288 [main] INFO  server.GrpcService (ConfUtils.java:logGet(43)) - raft.grpc.flow.control.window = 1MB (=1048576) (default)
2019-09-24 04:50:12,289 [main] INFO  server.RaftServerConfigKeys (ConfUtils.java:logGet(43)) - raft.server.rpc.request.timeout = 3000ms (default)
2019-09-24 04:50:12,289 [main] INFO  server.RaftServerConfigKeys (ConfUtils.java:logGet(43)) - raft.server.storage.dir = [/workdir/hadoop-ozone/integration-test/target/test-dir/MiniOzoneClusterImpl-3b8d4982-b692-47e6-b3b3-ef9ec24b4ef4/datanode-4/data/ratis] (custom)
2019-09-24 04:50:12,291 [main] INFO  hdfs.DFSUtil (DFSUtil.java:httpServerTemplateForNNAndJN(1641)) - Starting Web-server for hddsDatanode at: http://0.0.0.0:0
2019-09-24 04:50:12,292 [main] INFO  server.AuthenticationFilter (AuthenticationFilter.java:constructSecretProvider(240)) - Unable to initialize FileSignerSecretProvider, falling back to use random secrets.
2019-09-24 04:50:12,292 [main] WARN  http.HttpRequestLog (HttpRequestLog.java:getRequestLog(97)) - Jetty request log can only be enabled using Log4j
2019-09-24 04:50:12,293 [main] INFO  http.HttpServer2 (HttpServer2.java:addGlobalFilter(975)) - Added global filter 'safety' (class=org.apache.hadoop.http.HttpServer2$QuotingInputFilter)
2019-09-24 04:50:12,294 [main] INFO  http.HttpServer2 (HttpServer2.java:addFilter(948)) - Added filter static_user_filter (class=org.apache.hadoop.http.lib.StaticUserWebFilter$StaticUserFilter) to context hddsDatanode
2019-09-24 04:50:12,294 [main] INFO  http.HttpServer2 (HttpServer2.java:addFilter(958)) - Added filter static_user_filter (class=org.apache.hadoop.http.lib.StaticUserWebFilter$StaticUserFilter) to context logs
2019-09-24 04:50:12,294 [main] INFO  http.HttpServer2 (HttpServer2.java:addFilter(958)) - Added filter static_user_filter (class=org.apache.hadoop.http.lib.StaticUserWebFilter$StaticUserFilter) to context static
2019-09-24 04:50:12,295 [main] INFO  http.HttpServer2 (HttpServer2.java:bindListener(1191)) - Jetty bound to port 43644
2019-09-24 04:50:12,295 [main] INFO  server.Server (Server.java:doStart(351)) - jetty-9.3.25.v20180904, build timestamp: 2018-09-04T21:11:46Z, git hash: 3ce520221d0240229c862b122d2b06c12a625732
2019-09-24 04:50:12,297 [main] INFO  handler.ContextHandler (ContextHandler.java:doStart(781)) - Started o.e.j.s.ServletContextHandler@242b6e1a{/logs,file:///workdir/hadoop-ozone/integration-test/target/log,AVAILABLE}
2019-09-24 04:50:12,298 [main] INFO  handler.ContextHandler (ContextHandler.java:doStart(781)) - Started o.e.j.s.ServletContextHandler@5d2828c9{/static,jar:file:/home/user/.m2/repository/org/apache/hadoop/hadoop-hdds-container-service/0.5.0-SNAPSHOT/hadoop-hdds-container-service-0.5.0-SNAPSHOT.jar!/webapps/static,AVAILABLE}
2019-09-24 04:50:12,324 [main] INFO  handler.ContextHandler (ContextHandler.java:doStart(781)) - Started o.e.j.w.WebAppContext@3bd2af5b{/,file:///tmp/jetty-0.0.0.0-43644-hddsDatanode-_-any-3245308537314975551.dir/webapp/,AVAILABLE}{/hddsDatanode}
2019-09-24 04:50:12,325 [main] INFO  server.AbstractConnector (AbstractConnector.java:doStart(278)) - Started ServerConnector@250a500b{HTTP/1.1,[http/1.1]}{0.0.0.0:43644}
2019-09-24 04:50:12,326 [main] INFO  server.Server (Server.java:doStart(419)) - Started @5794ms
2019-09-24 04:50:12,326 [main] WARN  impl.MetricsSystemImpl (MetricsSystemImpl.java:register(276)) - Sink prometheus already exists!
2019-09-24 04:50:12,326 [main] INFO  server.BaseHttpServer (BaseHttpServer.java:updateConnectorAddress(215)) - HTTP server of HDDSDATANODE is listening at http://0.0.0.0:43644
2019-09-24 04:50:12,328 [main] INFO  ozone.MiniOzoneClusterImpl (MiniOzoneClusterImpl.java:lambda$waitForClusterToBeReady$0(150)) - Waiting for nodes to be ready. Got 0 of 5 DN Heartbeats.
2019-09-24 04:50:12,328 [main] INFO  ozone.MiniOzoneClusterImpl (MiniOzoneClusterImpl.java:lambda$waitForClusterToBeReady$0(153)) - Waiting for cluster to exit safe mode
2019-09-24 04:50:12,329 [org.apache.hadoop.util.JvmPauseMonitor$Monitor@4f9c804b] INFO  util.JvmPauseMonitor (JvmPauseMonitor.java:run(188)) - Starting JVM pause monitor
2019-09-24 04:50:12,332 [Datanode State Machine Thread - 0] INFO  datanode.InitDatanodeState (InitDatanodeState.java:persistContainerDatanodeDetails(140)) - DatanodeDetails is persisted to /workdir/hadoop-ozone/integration-test/target/test-dir/MiniOzoneClusterImpl-3b8d4982-b692-47e6-b3b3-ef9ec24b4ef4/datanode-4/meta/datanode.id
2019-09-24 04:50:13,329 [main] INFO  ozone.MiniOzoneClusterImpl (MiniOzoneClusterImpl.java:lambda$waitForClusterToBeReady$0(150)) - Waiting for nodes to be ready. Got 0 of 5 DN Heartbeats.
2019-09-24 04:50:13,330 [main] INFO  ozone.MiniOzoneClusterImpl (MiniOzoneClusterImpl.java:lambda$waitForClusterToBeReady$0(153)) - Waiting for cluster to exit safe mode
2019-09-24 04:50:14,076 [Datanode State Machine Thread - 0] INFO  ozoneimpl.OzoneContainer (OzoneContainer.java:start(217)) - Attempting to start container services.
2019-09-24 04:50:14,081 [Datanode State Machine Thread - 0] INFO  ozoneimpl.OzoneContainer (OzoneContainer.java:startContainerScrub(179)) - Background container scanner has been disabled.
2019-09-24 04:50:14,081 [Datanode State Machine Thread - 0] INFO  ratis.XceiverServerRatis (XceiverServerRatis.java:start(411)) - Starting XceiverServerRatis 3aa36313-ed82-49b8-853c-2e777720787d at port 0
2019-09-24 04:50:14,093 [Datanode State Machine Thread - 0] INFO  ozoneimpl.OzoneContainer (OzoneContainer.java:start(217)) - Attempting to start container services.
2019-09-24 04:50:14,104 [Datanode State Machine Thread - 0] INFO  ozoneimpl.OzoneContainer (OzoneContainer.java:startContainerScrub(179)) - Background container scanner has been disabled.
2019-09-24 04:50:14,105 [Datanode State Machine Thread - 0] INFO  ratis.XceiverServerRatis (XceiverServerRatis.java:start(411)) - Starting XceiverServerRatis efd7fae7-4092-45cf-9d0e-a0379204e7bf at port 0
2019-09-24 04:50:14,121 [Datanode State Machine Thread - 0] INFO  impl.RaftServerProxy (RaftServerProxy.java:lambda$start$3(299)) - 3aa36313-ed82-49b8-853c-2e777720787d: start RPC server
2019-09-24 04:50:14,123 [Datanode State Machine Thread - 0] INFO  impl.RaftServerProxy (RaftServerProxy.java:lambda$start$3(299)) - efd7fae7-4092-45cf-9d0e-a0379204e7bf: start RPC server
2019-09-24 04:50:14,193 [Datanode State Machine Thread - 0] INFO  ozoneimpl.OzoneContainer (OzoneContainer.java:start(217)) - Attempting to start container services.
2019-09-24 04:50:14,195 [Datanode State Machine Thread - 0] INFO  ozoneimpl.OzoneContainer (OzoneContainer.java:startContainerScrub(179)) - Background container scanner has been disabled.
2019-09-24 04:50:14,196 [Datanode State Machine Thread - 0] INFO  ratis.XceiverServerRatis (XceiverServerRatis.java:start(411)) - Starting XceiverServerRatis a328bc32-4130-4923-86dd-5c71dd7c68c2 at port 0
2019-09-24 04:50:14,205 [Datanode State Machine Thread - 0] INFO  impl.RaftServerProxy (RaftServerProxy.java:lambda$start$3(299)) - a328bc32-4130-4923-86dd-5c71dd7c68c2: start RPC server
2019-09-24 04:50:14,277 [Datanode State Machine Thread - 0] INFO  ozoneimpl.OzoneContainer (OzoneContainer.java:start(217)) - Attempting to start container services.
2019-09-24 04:50:14,279 [Datanode State Machine Thread - 0] INFO  ozoneimpl.OzoneContainer (OzoneContainer.java:startContainerScrub(179)) - Background container scanner has been disabled.
2019-09-24 04:50:14,279 [Datanode State Machine Thread - 0] INFO  ratis.XceiverServerRatis (XceiverServerRatis.java:start(411)) - Starting XceiverServerRatis 363d3087-a5a4-44aa-b064-a686fd12cab1 at port 0
2019-09-24 04:50:14,293 [Datanode State Machine Thread - 0] INFO  impl.RaftServerProxy (RaftServerProxy.java:lambda$start$3(299)) - 363d3087-a5a4-44aa-b064-a686fd12cab1: start RPC server
2019-09-24 04:50:14,331 [main] INFO  ozone.MiniOzoneClusterImpl (MiniOzoneClusterImpl.java:lambda$waitForClusterToBeReady$0(150)) - Waiting for nodes to be ready. Got 0 of 5 DN Heartbeats.
2019-09-24 04:50:14,331 [main] INFO  ozone.MiniOzoneClusterImpl (MiniOzoneClusterImpl.java:lambda$waitForClusterToBeReady$0(153)) - Waiting for cluster to exit safe mode
2019-09-24 04:50:14,335 [Datanode State Machine Thread - 0] INFO  server.GrpcService (GrpcService.java:startImpl(158)) - a328bc32-4130-4923-86dd-5c71dd7c68c2: GrpcService started, listening on 0.0.0.0/0.0.0.0:32951
2019-09-24 04:50:14,336 [Datanode State Machine Thread - 0] INFO  server.GrpcService (GrpcService.java:startImpl(158)) - 3aa36313-ed82-49b8-853c-2e777720787d: GrpcService started, listening on 0.0.0.0/0.0.0.0:33267
2019-09-24 04:50:14,335 [Datanode State Machine Thread - 0] INFO  server.GrpcService (GrpcService.java:startImpl(158)) - efd7fae7-4092-45cf-9d0e-a0379204e7bf: GrpcService started, listening on 0.0.0.0/0.0.0.0:44181
2019-09-24 04:50:14,336 [Datanode State Machine Thread - 0] INFO  server.GrpcService (GrpcService.java:startImpl(158)) - 363d3087-a5a4-44aa-b064-a686fd12cab1: GrpcService started, listening on 0.0.0.0/0.0.0.0:33216
2019-09-24 04:50:14,337 [Datanode State Machine Thread - 0] INFO  ratis.XceiverServerRatis (XceiverServerRatis.java:start(421)) - XceiverServerRatis efd7fae7-4092-45cf-9d0e-a0379204e7bf is started using port 44181
2019-09-24 04:50:14,337 [Datanode State Machine Thread - 0] INFO  ratis.XceiverServerRatis (XceiverServerRatis.java:start(421)) - XceiverServerRatis 3aa36313-ed82-49b8-853c-2e777720787d is started using port 33267
2019-09-24 04:50:14,337 [Datanode State Machine Thread - 0] INFO  ratis.XceiverServerRatis (XceiverServerRatis.java:start(421)) - XceiverServerRatis a328bc32-4130-4923-86dd-5c71dd7c68c2 is started using port 32951
2019-09-24 04:50:14,338 [Datanode State Machine Thread - 0] INFO  ratis.XceiverServerRatis (XceiverServerRatis.java:start(421)) - XceiverServerRatis 363d3087-a5a4-44aa-b064-a686fd12cab1 is started using port 33216
2019-09-24 04:50:14,346 [Datanode State Machine Thread - 0] INFO  ozoneimpl.OzoneContainer (OzoneContainer.java:start(217)) - Attempting to start container services.
2019-09-24 04:50:14,350 [Datanode State Machine Thread - 0] INFO  ozoneimpl.OzoneContainer (OzoneContainer.java:startContainerScrub(179)) - Background container scanner has been disabled.
2019-09-24 04:50:14,352 [Datanode State Machine Thread - 0] INFO  server.XceiverServerGrpc (XceiverServerGrpc.java:start(149)) - XceiverServerGrpc 3aa36313-ed82-49b8-853c-2e777720787d is started using port 35921
2019-09-24 04:50:14,352 [Datanode State Machine Thread - 0] INFO  ratis.XceiverServerRatis (XceiverServerRatis.java:start(411)) - Starting XceiverServerRatis 9cd035be-46cc-4646-826d-80cc04ab3ded at port 0
2019-09-24 04:50:14,350 [Datanode State Machine Thread - 0] INFO  server.XceiverServerGrpc (XceiverServerGrpc.java:start(149)) - XceiverServerGrpc 363d3087-a5a4-44aa-b064-a686fd12cab1 is started using port 34226
2019-09-24 04:50:14,350 [Datanode State Machine Thread - 0] INFO  server.XceiverServerGrpc (XceiverServerGrpc.java:start(149)) - XceiverServerGrpc efd7fae7-4092-45cf-9d0e-a0379204e7bf is started using port 44639
2019-09-24 04:50:14,350 [Datanode State Machine Thread - 0] INFO  server.XceiverServerGrpc (XceiverServerGrpc.java:start(149)) - XceiverServerGrpc a328bc32-4130-4923-86dd-5c71dd7c68c2 is started using port 42426
2019-09-24 04:50:14,365 [Datanode State Machine Thread - 0] INFO  impl.RaftServerProxy (RaftServerProxy.java:lambda$start$3(299)) - 9cd035be-46cc-4646-826d-80cc04ab3ded: start RPC server
2019-09-24 04:50:14,367 [Datanode State Machine Thread - 0] INFO  server.GrpcService (GrpcService.java:startImpl(158)) - 9cd035be-46cc-4646-826d-80cc04ab3ded: GrpcService started, listening on 0.0.0.0/0.0.0.0:35389
2019-09-24 04:50:14,367 [Datanode State Machine Thread - 0] INFO  ratis.XceiverServerRatis (XceiverServerRatis.java:start(421)) - XceiverServerRatis 9cd035be-46cc-4646-826d-80cc04ab3ded is started using port 35389
2019-09-24 04:50:14,369 [Datanode State Machine Thread - 0] INFO  server.XceiverServerGrpc (XceiverServerGrpc.java:start(149)) - XceiverServerGrpc 9cd035be-46cc-4646-826d-80cc04ab3ded is started using port 43410
2019-09-24 04:50:15,331 [main] INFO  ozone.MiniOzoneClusterImpl (MiniOzoneClusterImpl.java:lambda$waitForClusterToBeReady$0(150)) - Waiting for nodes to be ready. Got 0 of 5 DN Heartbeats.
2019-09-24 04:50:15,332 [main] INFO  ozone.MiniOzoneClusterImpl (MiniOzoneClusterImpl.java:lambda$waitForClusterToBeReady$0(153)) - Waiting for cluster to exit safe mode
2019-09-24 04:50:16,052 [IPC Server handler 0 on 46110] INFO  net.NetworkTopology (NetworkTopologyImpl.java:add(111)) - Added a new node: /default-rack/3aa36313-ed82-49b8-853c-2e777720787d
2019-09-24 04:50:16,053 [IPC Server handler 0 on 46110] INFO  node.SCMNodeManager (SCMNodeManager.java:register(266)) - Registered Data node : 3aa36313-ed82-49b8-853c-2e777720787d{ip: 192.168.151.75, host: pr-hdds-2034-r6745-1453098948, networkLocation: /default-rack, certSerialId: null}
2019-09-24 04:50:16,064 [EventQueue-NodeRegistrationContainerReportForContainerSafeModeRule] INFO  safemode.SCMSafeModeManager (SCMSafeModeManager.java:validateSafeModeExitRules(169)) - ContainerSafeModeRule rule is successfully validated
2019-09-24 04:50:16,064 [EventQueue-NodeRegistrationContainerReportForDataNodeSafeModeRule] INFO  safemode.SCMSafeModeManager (DataNodeSafeModeRule.java:process(71)) - SCM in safe mode. 1 DataNodes registered, 1 required.
2019-09-24 04:50:16,065 [EventQueue-NodeRegistrationContainerReportForDataNodeSafeModeRule] INFO  safemode.SCMSafeModeManager (SCMSafeModeManager.java:validateSafeModeExitRules(169)) - DataNodeSafeModeRule rule is successfully validated
2019-09-24 04:50:16,067 [RatisPipelineUtilsThread] INFO  pipeline.RatisPipelineProvider (RatisPipelineProvider.java:lambda$create$4(164)) - Send pipeline:PipelineID=d42f4070-9b97-486f-b6b3-fa695471cec0 create command to datanode 3aa36313-ed82-49b8-853c-2e777720787d
2019-09-24 04:50:16,078 [IPC Server handler 1 on 46110] INFO  net.NetworkTopology (NetworkTopologyImpl.java:add(111)) - Added a new node: /default-rack/efd7fae7-4092-45cf-9d0e-a0379204e7bf
2019-09-24 04:50:16,079 [IPC Server handler 1 on 46110] INFO  node.SCMNodeManager (SCMNodeManager.java:register(266)) - Registered Data node : efd7fae7-4092-45cf-9d0e-a0379204e7bf{ip: 192.168.151.75, host: pr-hdds-2034-r6745-1453098948, networkLocation: /default-rack, certSerialId: null}
2019-09-24 04:50:16,079 [EventQueue-NodeRegistrationContainerReportForContainerSafeModeRule] INFO  safemode.SCMSafeModeManager (SCMSafeModeManager.java:validateSafeModeExitRules(169)) - ContainerSafeModeRule rule is successfully validated
2019-09-24 04:50:16,079 [EventQueue-NodeRegistrationContainerReportForDataNodeSafeModeRule] INFO  safemode.SCMSafeModeManager (SCMSafeModeManager.java:validateSafeModeExitRules(169)) - DataNodeSafeModeRule rule is successfully validated
2019-09-24 04:50:16,084 [RatisPipelineUtilsThread] INFO  pipeline.RatisPipelineProvider (RatisPipelineProvider.java:lambda$create$4(164)) - Send pipeline:PipelineID=de1da9ca-8699-4e94-96d4-65e4974b0f29 create command to datanode efd7fae7-4092-45cf-9d0e-a0379204e7bf
2019-09-24 04:50:16,181 [IPC Server handler 2 on 46110] INFO  net.NetworkTopology (NetworkTopologyImpl.java:add(111)) - Added a new node: /default-rack/a328bc32-4130-4923-86dd-5c71dd7c68c2
2019-09-24 04:50:16,181 [IPC Server handler 2 on 46110] INFO  node.SCMNodeManager (SCMNodeManager.java:register(266)) - Registered Data node : a328bc32-4130-4923-86dd-5c71dd7c68c2{ip: 192.168.151.75, host: pr-hdds-2034-r6745-1453098948, networkLocation: /default-rack, certSerialId: null}
2019-09-24 04:50:16,181 [RatisPipelineUtilsThread] INFO  pipeline.RatisPipelineProvider (RatisPipelineProvider.java:lambda$create$4(164)) - Send pipeline:PipelineID=87eab346-9794-4c42-bd6c-4df45a7b70f2 create command to datanode a328bc32-4130-4923-86dd-5c71dd7c68c2
2019-09-24 04:50:16,182 [EventQueue-NodeRegistrationContainerReportForDataNodeSafeModeRule] INFO  safemode.SCMSafeModeManager (SCMSafeModeManager.java:validateSafeModeExitRules(169)) - DataNodeSafeModeRule rule is successfully validated
2019-09-24 04:50:16,182 [EventQueue-NodeRegistrationContainerReportForContainerSafeModeRule] INFO  safemode.SCMSafeModeManager (SCMSafeModeManager.java:validateSafeModeExitRules(169)) - ContainerSafeModeRule rule is successfully validated
2019-09-24 04:50:16,185 [RatisPipelineUtilsThread] INFO  pipeline.RatisPipelineProvider (RatisPipelineProvider.java:lambda$create$4(164)) - Send pipeline:PipelineID=82c1f0bd-8a70-4418-9b0e-12faa0fbe9a7 create command to datanode a328bc32-4130-4923-86dd-5c71dd7c68c2
2019-09-24 04:50:16,185 [RatisPipelineUtilsThread] INFO  pipeline.RatisPipelineProvider (RatisPipelineProvider.java:lambda$create$4(164)) - Send pipeline:PipelineID=82c1f0bd-8a70-4418-9b0e-12faa0fbe9a7 create command to datanode 3aa36313-ed82-49b8-853c-2e777720787d
2019-09-24 04:50:16,185 [RatisPipelineUtilsThread] INFO  pipeline.RatisPipelineProvider (RatisPipelineProvider.java:lambda$create$4(164)) - Send pipeline:PipelineID=82c1f0bd-8a70-4418-9b0e-12faa0fbe9a7 create command to datanode efd7fae7-4092-45cf-9d0e-a0379204e7bf
2019-09-24 04:50:16,265 [IPC Server handler 3 on 46110] INFO  net.NetworkTopology (NetworkTopologyImpl.java:add(111)) - Added a new node: /default-rack/363d3087-a5a4-44aa-b064-a686fd12cab1
2019-09-24 04:50:16,265 [IPC Server handler 3 on 46110] INFO  node.SCMNodeManager (SCMNodeManager.java:register(266)) - Registered Data node : 363d3087-a5a4-44aa-b064-a686fd12cab1{ip: 192.168.151.75, host: pr-hdds-2034-r6745-1453098948, networkLocation: /default-rack, certSerialId: null}
2019-09-24 04:50:16,265 [EventQueue-NodeRegistrationContainerReportForDataNodeSafeModeRule] INFO  safemode.SCMSafeModeManager (SCMSafeModeManager.java:validateSafeModeExitRules(169)) - DataNodeSafeModeRule rule is successfully validated
2019-09-24 04:50:16,266 [RatisPipelineUtilsThread] INFO  pipeline.RatisPipelineProvider (RatisPipelineProvider.java:lambda$create$4(164)) - Send pipeline:PipelineID=22fcddc8-b385-430a-ad9b-1e6578b0c30a create command to datanode 363d3087-a5a4-44aa-b064-a686fd12cab1
2019-09-24 04:50:16,266 [EventQueue-NodeRegistrationContainerReportForContainerSafeModeRule] INFO  safemode.SCMSafeModeManager (SCMSafeModeManager.java:validateSafeModeExitRules(169)) - ContainerSafeModeRule rule is successfully validated
2019-09-24 04:50:16,333 [main] INFO  ozone.MiniOzoneClusterImpl (MiniOzoneClusterImpl.java:lambda$waitForClusterToBeReady$0(150)) - Waiting for nodes to be ready. Got 4 of 5 DN Heartbeats.
2019-09-24 04:50:16,334 [main] INFO  ozone.MiniOzoneClusterImpl (MiniOzoneClusterImpl.java:lambda$waitForClusterToBeReady$0(153)) - Waiting for cluster to exit safe mode
2019-09-24 04:50:16,334 [IPC Server handler 5 on 46110] INFO  net.NetworkTopology (NetworkTopologyImpl.java:add(111)) - Added a new node: /default-rack/9cd035be-46cc-4646-826d-80cc04ab3ded
2019-09-24 04:50:16,335 [IPC Server handler 5 on 46110] INFO  node.SCMNodeManager (SCMNodeManager.java:register(266)) - Registered Data node : 9cd035be-46cc-4646-826d-80cc04ab3ded{ip: 192.168.151.75, host: pr-hdds-2034-r6745-1453098948, networkLocation: /default-rack, certSerialId: null}
2019-09-24 04:50:16,335 [EventQueue-NodeRegistrationContainerReportForContainerSafeModeRule] INFO  safemode.SCMSafeModeManager (SCMSafeModeManager.java:validateSafeModeExitRules(169)) - ContainerSafeModeRule rule is successfully validated
2019-09-24 04:50:16,335 [EventQueue-NodeRegistrationContainerReportForDataNodeSafeModeRule] INFO  safemode.SCMSafeModeManager (SCMSafeModeManager.java:validateSafeModeExitRules(169)) - DataNodeSafeModeRule rule is successfully validated
2019-09-24 04:50:16,336 [RatisPipelineUtilsThread] INFO  pipeline.RatisPipelineProvider (RatisPipelineProvider.java:lambda$create$4(164)) - Send pipeline:PipelineID=0b3c4a01-a641-4163-b2da-dfaae1fe882d create command to datanode 9cd035be-46cc-4646-826d-80cc04ab3ded
2019-09-24 04:50:17,334 [main] INFO  ozone.MiniOzoneClusterImpl (MiniOzoneClusterImpl.java:lambda$waitForClusterToBeReady$0(150)) - Nodes are ready. Got 5 of 5 DN Heartbeats.
2019-09-24 04:50:17,335 [main] INFO  ozone.MiniOzoneClusterImpl (MiniOzoneClusterImpl.java:lambda$waitForClusterToBeReady$0(153)) - Waiting for cluster to exit safe mode
2019-09-24 04:50:18,335 [main] INFO  ozone.MiniOzoneClusterImpl (MiniOzoneClusterImpl.java:lambda$waitForClusterToBeReady$0(150)) - Nodes are ready. Got 5 of 5 DN Heartbeats.
2019-09-24 04:50:18,336 [main] INFO  ozone.MiniOzoneClusterImpl (MiniOzoneClusterImpl.java:lambda$waitForClusterToBeReady$0(153)) - Waiting for cluster to exit safe mode
2019-09-24 04:50:19,339 [main] INFO  ozone.MiniOzoneClusterImpl (MiniOzoneClusterImpl.java:lambda$waitForClusterToBeReady$0(150)) - Nodes are ready. Got 5 of 5 DN Heartbeats.
2019-09-24 04:50:19,344 [main] INFO  ozone.MiniOzoneClusterImpl (MiniOzoneClusterImpl.java:lambda$waitForClusterToBeReady$0(153)) - Waiting for cluster to exit safe mode
2019-09-24 04:50:19,740 [grpc-default-executor-3] INFO  impl.RaftServerProxy (RaftServerProxy.java:addNew(89)) - 9cd035be-46cc-4646-826d-80cc04ab3ded: addNew group-DFAAE1FE882D:[9cd035be-46cc-4646-826d-80cc04ab3ded:192.168.151.75:35389] returns group-DFAAE1FE882D:java.util.concurrent.CompletableFuture@29f4f358[Not completed]
2019-09-24 04:50:19,740 [grpc-default-executor-4] INFO  impl.RaftServerProxy (RaftServerProxy.java:addNew(89)) - a328bc32-4130-4923-86dd-5c71dd7c68c2: addNew group-4DF45A7B70F2:[a328bc32-4130-4923-86dd-5c71dd7c68c2:192.168.151.75:32951] returns group-4DF45A7B70F2:java.util.concurrent.CompletableFuture@5827dda[Not completed]
2019-09-24 04:50:19,740 [grpc-default-executor-2] INFO  impl.RaftServerProxy (RaftServerProxy.java:addNew(89)) - 363d3087-a5a4-44aa-b064-a686fd12cab1: addNew group-1E6578B0C30A:[363d3087-a5a4-44aa-b064-a686fd12cab1:192.168.151.75:33216] returns group-1E6578B0C30A:java.util.concurrent.CompletableFuture@7331ead0[Not completed]
2019-09-24 04:50:19,740 [grpc-default-executor-1] INFO  impl.RaftServerProxy (RaftServerProxy.java:addNew(89)) - 3aa36313-ed82-49b8-853c-2e777720787d: addNew group-FA695471CEC0:[3aa36313-ed82-49b8-853c-2e777720787d:192.168.151.75:33267] returns group-FA695471CEC0:java.util.concurrent.CompletableFuture@5929ce99[Not completed]
2019-09-24 04:50:19,740 [grpc-default-executor-0] INFO  impl.RaftServerProxy (RaftServerProxy.java:addNew(89)) - efd7fae7-4092-45cf-9d0e-a0379204e7bf: addNew group-65E4974B0F29:[efd7fae7-4092-45cf-9d0e-a0379204e7bf:192.168.151.75:44181] returns group-65E4974B0F29:java.util.concurrent.CompletableFuture@4c9f9c9d[Not completed]
2019-09-24 04:50:19,812 [pool-37-thread-1] INFO  impl.RaftServerImpl (RaftServerImpl.java:<init>(95)) - efd7fae7-4092-45cf-9d0e-a0379204e7bf: new RaftServerImpl for group-65E4974B0F29:[efd7fae7-4092-45cf-9d0e-a0379204e7bf:192.168.151.75:44181] with ContainerStateMachine:uninitialized
2019-09-24 04:50:19,813 [pool-57-thread-1] INFO  impl.RaftServerImpl (RaftServerImpl.java:<init>(95)) - 363d3087-a5a4-44aa-b064-a686fd12cab1: new RaftServerImpl for group-1E6578B0C30A:[363d3087-a5a4-44aa-b064-a686fd12cab1:192.168.151.75:33216] with ContainerStateMachine:uninitialized
2019-09-24 04:50:19,815 [pool-27-thread-1] INFO  impl.RaftServerImpl (RaftServerImpl.java:<init>(95)) - 3aa36313-ed82-49b8-853c-2e777720787d: new RaftServerImpl for group-FA695471CEC0:[3aa36313-ed82-49b8-853c-2e777720787d:192.168.151.75:33267] with ContainerStateMachine:uninitialized
2019-09-24 04:50:19,818 [pool-47-thread-1] INFO  impl.RaftServerImpl (RaftServerImpl.java:<init>(95)) - a328bc32-4130-4923-86dd-5c71dd7c68c2: new RaftServerImpl for group-4DF45A7B70F2:[a328bc32-4130-4923-86dd-5c71dd7c68c2:192.168.151.75:32951] with ContainerStateMachine:uninitialized
2019-09-24 04:50:19,818 [pool-37-thread-1] INFO  server.RaftServerConfigKeys (ConfUtils.java:logGet(43)) - raft.server.rpc.timeout.min = 5s (custom)
2019-09-24 04:50:19,818 [pool-57-thread-1] INFO  server.RaftServerConfigKeys (ConfUtils.java:logGet(43)) - raft.server.rpc.timeout.min = 5s (custom)
2019-09-24 04:50:19,818 [pool-27-thread-1] INFO  server.RaftServerConfigKeys (ConfUtils.java:logGet(43)) - raft.server.rpc.timeout.min = 5s (custom)
2019-09-24 04:50:19,820 [pool-57-thread-1] INFO  server.RaftServerConfigKeys (ConfUtils.java:logGet(43)) - raft.server.rpc.timeout.max = 5200ms (custom)
2019-09-24 04:50:19,820 [pool-37-thread-1] INFO  server.RaftServerConfigKeys (ConfUtils.java:logGet(43)) - raft.server.rpc.timeout.max = 5200ms (custom)
2019-09-24 04:50:19,819 [pool-47-thread-1] INFO  server.RaftServerConfigKeys (ConfUtils.java:logGet(43)) - raft.server.rpc.timeout.min = 5s (custom)
2019-09-24 04:50:19,820 [pool-37-thread-1] INFO  server.RaftServerConfigKeys (ConfUtils.java:logGet(43)) - raft.server.rpcslowness.timeout = 120s (custom)
2019-09-24 04:50:19,820 [pool-57-thread-1] INFO  server.RaftServerConfigKeys (ConfUtils.java:logGet(43)) - raft.server.rpcslowness.timeout = 120s (custom)
2019-09-24 04:50:19,820 [pool-27-thread-1] INFO  server.RaftServerConfigKeys (ConfUtils.java:logGet(43)) - raft.server.rpc.timeout.max = 5200ms (custom)
2019-09-24 04:50:19,822 [pool-47-thread-1] INFO  server.RaftServerConfigKeys (ConfUtils.java:logGet(43)) - raft.server.rpc.timeout.max = 5200ms (custom)
2019-09-24 04:50:19,822 [pool-67-thread-1] INFO  impl.RaftServerImpl (RaftServerImpl.java:<init>(95)) - 9cd035be-46cc-4646-826d-80cc04ab3ded: new RaftServerImpl for group-DFAAE1FE882D:[9cd035be-46cc-4646-826d-80cc04ab3ded:192.168.151.75:35389] with ContainerStateMachine:uninitialized
2019-09-24 04:50:19,822 [pool-47-thread-1] INFO  server.RaftServerConfigKeys (ConfUtils.java:logGet(43)) - raft.server.rpcslowness.timeout = 120s (custom)
2019-09-24 04:50:19,822 [pool-27-thread-1] INFO  server.RaftServerConfigKeys (ConfUtils.java:logGet(43)) - raft.server.rpcslowness.timeout = 120s (custom)
2019-09-24 04:50:19,823 [pool-37-thread-1] INFO  server.RaftServerConfigKeys (ConfUtils.java:logGet(43)) - raft.server.sleep.deviation.threshold = 300 (default)
2019-09-24 04:50:19,823 [pool-57-thread-1] INFO  server.RaftServerConfigKeys (ConfUtils.java:logGet(43)) - raft.server.sleep.deviation.threshold = 300 (default)
2019-09-24 04:50:19,823 [pool-47-thread-1] INFO  server.RaftServerConfigKeys (ConfUtils.java:logGet(43)) - raft.server.sleep.deviation.threshold = 300 (default)
2019-09-24 04:50:19,823 [pool-67-thread-1] INFO  server.RaftServerConfigKeys (ConfUtils.java:logGet(43)) - raft.server.rpc.timeout.min = 5s (custom)
2019-09-24 04:50:19,823 [pool-27-thread-1] INFO  server.RaftServerConfigKeys (ConfUtils.java:logGet(43)) - raft.server.sleep.deviation.threshold = 300 (default)
2019-09-24 04:50:19,824 [pool-67-thread-1] INFO  server.RaftServerConfigKeys (ConfUtils.java:logGet(43)) - raft.server.rpc.timeout.max = 5200ms (custom)
2019-09-24 04:50:19,824 [pool-67-thread-1] INFO  server.RaftServerConfigKeys (ConfUtils.java:logGet(43)) - raft.server.rpcslowness.timeout = 120s (custom)
2019-09-24 04:50:19,824 [pool-47-thread-1] INFO  server.RaftServerConfigKeys (ConfUtils.java:logGet(43)) - raft.server.log.appender.install.snapshot.enabled = false (custom)
2019-09-24 04:50:19,824 [pool-27-thread-1] INFO  server.RaftServerConfigKeys (ConfUtils.java:logGet(43)) - raft.server.log.appender.install.snapshot.enabled = false (custom)
2019-09-24 04:50:19,824 [pool-67-thread-1] INFO  server.RaftServerConfigKeys (ConfUtils.java:logGet(43)) - raft.server.sleep.deviation.threshold = 300 (default)
2019-09-24 04:50:19,824 [pool-57-thread-1] INFO  server.RaftServerConfigKeys (ConfUtils.java:logGet(43)) - raft.server.log.appender.install.snapshot.enabled = false (custom)
2019-09-24 04:50:19,824 [pool-37-thread-1] INFO  server.RaftServerConfigKeys (ConfUtils.java:logGet(43)) - raft.server.log.appender.install.snapshot.enabled = false (custom)
2019-09-24 04:50:19,825 [pool-67-thread-1] INFO  server.RaftServerConfigKeys (ConfUtils.java:logGet(43)) - raft.server.log.appender.install.snapshot.enabled = false (custom)
2019-09-24 04:50:19,836 [pool-27-thread-1] INFO  impl.RaftServerImpl (ServerState.java:<init>(103)) - 3aa36313-ed82-49b8-853c-2e777720787d@group-FA695471CEC0: ConfigurationManager, init=-1: [3aa36313-ed82-49b8-853c-2e777720787d:192.168.151.75:33267], old=null, confs=<EMPTY_MAP>
2019-09-24 04:50:19,836 [pool-67-thread-1] INFO  impl.RaftServerImpl (ServerState.java:<init>(103)) - 9cd035be-46cc-4646-826d-80cc04ab3ded@group-DFAAE1FE882D: ConfigurationManager, init=-1: [9cd035be-46cc-4646-826d-80cc04ab3ded:192.168.151.75:35389], old=null, confs=<EMPTY_MAP>
2019-09-24 04:50:19,836 [pool-37-thread-1] INFO  impl.RaftServerImpl (ServerState.java:<init>(103)) - efd7fae7-4092-45cf-9d0e-a0379204e7bf@group-65E4974B0F29: ConfigurationManager, init=-1: [efd7fae7-4092-45cf-9d0e-a0379204e7bf:192.168.151.75:44181], old=null, confs=<EMPTY_MAP>
2019-09-24 04:50:19,836 [pool-47-thread-1] INFO  impl.RaftServerImpl (ServerState.java:<init>(103)) - a328bc32-4130-4923-86dd-5c71dd7c68c2@group-4DF45A7B70F2: ConfigurationManager, init=-1: [a328bc32-4130-4923-86dd-5c71dd7c68c2:192.168.151.75:32951], old=null, confs=<EMPTY_MAP>
2019-09-24 04:50:19,836 [pool-57-thread-1] INFO  impl.RaftServerImpl (ServerState.java:<init>(103)) - 363d3087-a5a4-44aa-b064-a686fd12cab1@group-1E6578B0C30A: ConfigurationManager, init=-1: [363d3087-a5a4-44aa-b064-a686fd12cab1:192.168.151.75:33216], old=null, confs=<EMPTY_MAP>
2019-09-24 04:50:19,837 [pool-47-thread-1] INFO  server.RaftServerConfigKeys (ConfUtils.java:logGet(43)) - raft.server.storage.dir = [/workdir/hadoop-ozone/integration-test/target/test-dir/MiniOzoneClusterImpl-3b8d4982-b692-47e6-b3b3-ef9ec24b4ef4/datanode-2/data/ratis] (custom)
2019-09-24 04:50:19,837 [pool-37-thread-1] INFO  server.RaftServerConfigKeys (ConfUtils.java:logGet(43)) - raft.server.storage.dir = [/workdir/hadoop-ozone/integration-test/target/test-dir/MiniOzoneClusterImpl-3b8d4982-b692-47e6-b3b3-ef9ec24b4ef4/datanode-1/data/ratis] (custom)
2019-09-24 04:50:19,837 [pool-67-thread-1] INFO  server.RaftServerConfigKeys (ConfUtils.java:logGet(43)) - raft.server.storage.dir = [/workdir/hadoop-ozone/integration-test/target/test-dir/MiniOzoneClusterImpl-3b8d4982-b692-47e6-b3b3-ef9ec24b4ef4/datanode-4/data/ratis] (custom)
2019-09-24 04:50:19,837 [pool-27-thread-1] INFO  server.RaftServerConfigKeys (ConfUtils.java:logGet(43)) - raft.server.storage.dir = [/workdir/hadoop-ozone/integration-test/target/test-dir/MiniOzoneClusterImpl-3b8d4982-b692-47e6-b3b3-ef9ec24b4ef4/datanode-0/data/ratis] (custom)
2019-09-24 04:50:19,837 [pool-57-thread-1] INFO  server.RaftServerConfigKeys (ConfUtils.java:logGet(43)) - raft.server.storage.dir = [/workdir/hadoop-ozone/integration-test/target/test-dir/MiniOzoneClusterImpl-3b8d4982-b692-47e6-b3b3-ef9ec24b4ef4/datanode-3/data/ratis] (custom)
2019-09-24 04:50:19,848 [pool-37-thread-1] INFO  storage.RaftStorageDirectory (RaftStorageDirectory.java:analyzeStorage(246)) - The storage directory /workdir/hadoop-ozone/integration-test/target/test-dir/MiniOzoneClusterImpl-3b8d4982-b692-47e6-b3b3-ef9ec24b4ef4/datanode-1/data/ratis/de1da9ca-8699-4e94-96d4-65e4974b0f29 does not exist. Creating ...
2019-09-24 04:50:19,848 [pool-47-thread-1] INFO  storage.RaftStorageDirectory (RaftStorageDirectory.java:analyzeStorage(246)) - The storage directory /workdir/hadoop-ozone/integration-test/target/test-dir/MiniOzoneClusterImpl-3b8d4982-b692-47e6-b3b3-ef9ec24b4ef4/datanode-2/data/ratis/87eab346-9794-4c42-bd6c-4df45a7b70f2 does not exist. Creating ...
2019-09-24 04:50:19,848 [pool-27-thread-1] INFO  storage.RaftStorageDirectory (RaftStorageDirectory.java:analyzeStorage(246)) - The storage directory /workdir/hadoop-ozone/integration-test/target/test-dir/MiniOzoneClusterImpl-3b8d4982-b692-47e6-b3b3-ef9ec24b4ef4/datanode-0/data/ratis/d42f4070-9b97-486f-b6b3-fa695471cec0 does not exist. Creating ...
2019-09-24 04:50:19,848 [pool-67-thread-1] INFO  storage.RaftStorageDirectory (RaftStorageDirectory.java:analyzeStorage(246)) - The storage directory /workdir/hadoop-ozone/integration-test/target/test-dir/MiniOzoneClusterImpl-3b8d4982-b692-47e6-b3b3-ef9ec24b4ef4/datanode-4/data/ratis/0b3c4a01-a641-4163-b2da-dfaae1fe882d does not exist. Creating ...
2019-09-24 04:50:19,848 [pool-57-thread-1] INFO  storage.RaftStorageDirectory (RaftStorageDirectory.java:analyzeStorage(246)) - The storage directory /workdir/hadoop-ozone/integration-test/target/test-dir/MiniOzoneClusterImpl-3b8d4982-b692-47e6-b3b3-ef9ec24b4ef4/datanode-3/data/ratis/22fcddc8-b385-430a-ad9b-1e6578b0c30a does not exist. Creating ...
2019-09-24 04:50:19,888 [pool-37-thread-1] INFO  storage.RaftStorageDirectory (RaftStorageDirectory.java:tryLock(328)) - Lock on /workdir/hadoop-ozone/integration-test/target/test-dir/MiniOzoneClusterImpl-3b8d4982-b692-47e6-b3b3-ef9ec24b4ef4/datanode-1/data/ratis/de1da9ca-8699-4e94-96d4-65e4974b0f29/in_use.lock acquired by nodename 11560@pr-hdds-2034-r6745-1453098948
2019-09-24 04:50:19,888 [pool-67-thread-1] INFO  storage.RaftStorageDirectory (RaftStorageDirectory.java:tryLock(328)) - Lock on /workdir/hadoop-ozone/integration-test/target/test-dir/MiniOzoneClusterImpl-3b8d4982-b692-47e6-b3b3-ef9ec24b4ef4/datanode-4/data/ratis/0b3c4a01-a641-4163-b2da-dfaae1fe882d/in_use.lock acquired by nodename 11560@pr-hdds-2034-r6745-1453098948
2019-09-24 04:50:19,888 [pool-57-thread-1] INFO  storage.RaftStorageDirectory (RaftStorageDirectory.java:tryLock(328)) - Lock on /workdir/hadoop-ozone/integration-test/target/test-dir/MiniOzoneClusterImpl-3b8d4982-b692-47e6-b3b3-ef9ec24b4ef4/datanode-3/data/ratis/22fcddc8-b385-430a-ad9b-1e6578b0c30a/in_use.lock acquired by nodename 11560@pr-hdds-2034-r6745-1453098948
2019-09-24 04:50:19,888 [pool-27-thread-1] INFO  storage.RaftStorageDirectory (RaftStorageDirectory.java:tryLock(328)) - Lock on /workdir/hadoop-ozone/integration-test/target/test-dir/MiniOzoneClusterImpl-3b8d4982-b692-47e6-b3b3-ef9ec24b4ef4/datanode-0/data/ratis/d42f4070-9b97-486f-b6b3-fa695471cec0/in_use.lock acquired by nodename 11560@pr-hdds-2034-r6745-1453098948
2019-09-24 04:50:19,888 [pool-47-thread-1] INFO  storage.RaftStorageDirectory (RaftStorageDirectory.java:tryLock(328)) - Lock on /workdir/hadoop-ozone/integration-test/target/test-dir/MiniOzoneClusterImpl-3b8d4982-b692-47e6-b3b3-ef9ec24b4ef4/datanode-2/data/ratis/87eab346-9794-4c42-bd6c-4df45a7b70f2/in_use.lock acquired by nodename 11560@pr-hdds-2034-r6745-1453098948
2019-09-24 04:50:19,919 [pool-27-thread-1] INFO  storage.RaftStorage (RaftStorage.java:format(72)) - Storage directory /workdir/hadoop-ozone/integration-test/target/test-dir/MiniOzoneClusterImpl-3b8d4982-b692-47e6-b3b3-ef9ec24b4ef4/datanode-0/data/ratis/d42f4070-9b97-486f-b6b3-fa695471cec0 has been successfully formatted.
2019-09-24 04:50:19,919 [pool-47-thread-1] INFO  storage.RaftStorage (RaftStorage.java:format(72)) - Storage directory /workdir/hadoop-ozone/integration-test/target/test-dir/MiniOzoneClusterImpl-3b8d4982-b692-47e6-b3b3-ef9ec24b4ef4/datanode-2/data/ratis/87eab346-9794-4c42-bd6c-4df45a7b70f2 has been successfully formatted.
2019-09-24 04:50:19,919 [pool-37-thread-1] INFO  storage.RaftStorage (RaftStorage.java:format(72)) - Storage directory /workdir/hadoop-ozone/integration-test/target/test-dir/MiniOzoneClusterImpl-3b8d4982-b692-47e6-b3b3-ef9ec24b4ef4/datanode-1/data/ratis/de1da9ca-8699-4e94-96d4-65e4974b0f29 has been successfully formatted.
2019-09-24 04:50:19,919 [pool-57-thread-1] INFO  storage.RaftStorage (RaftStorage.java:format(72)) - Storage directory /workdir/hadoop-ozone/integration-test/target/test-dir/MiniOzoneClusterImpl-3b8d4982-b692-47e6-b3b3-ef9ec24b4ef4/datanode-3/data/ratis/22fcddc8-b385-430a-ad9b-1e6578b0c30a has been successfully formatted.
2019-09-24 04:50:19,919 [pool-67-thread-1] INFO  storage.RaftStorage (RaftStorage.java:format(72)) - Storage directory /workdir/hadoop-ozone/integration-test/target/test-dir/MiniOzoneClusterImpl-3b8d4982-b692-47e6-b3b3-ef9ec24b4ef4/datanode-4/data/ratis/0b3c4a01-a641-4163-b2da-dfaae1fe882d has been successfully formatted.
2019-09-24 04:50:19,928 [pool-37-thread-1] INFO  ratis.ContainerStateMachine (ContainerStateMachine.java:loadSnapshot(230)) - group-65E4974B0F29: The snapshot info is null. Setting the last applied indexto:(t:0, i:~)
2019-09-24 04:50:19,928 [pool-67-thread-1] INFO  ratis.ContainerStateMachine (ContainerStateMachine.java:loadSnapshot(230)) - group-DFAAE1FE882D: The snapshot info is null. Setting the last applied indexto:(t:0, i:~)
2019-09-24 04:50:19,928 [pool-27-thread-1] INFO  ratis.ContainerStateMachine (ContainerStateMachine.java:loadSnapshot(230)) - group-FA695471CEC0: The snapshot info is null. Setting the last applied indexto:(t:0, i:~)
2019-09-24 04:50:19,928 [pool-57-thread-1] INFO  ratis.ContainerStateMachine (ContainerStateMachine.java:loadSnapshot(230)) - group-1E6578B0C30A: The snapshot info is null. Setting the last applied indexto:(t:0, i:~)
2019-09-24 04:50:19,928 [pool-47-thread-1] INFO  ratis.ContainerStateMachine (ContainerStateMachine.java:loadSnapshot(230)) - group-4DF45A7B70F2: The snapshot info is null. Setting the last applied indexto:(t:0, i:~)
2019-09-24 04:50:19,930 [pool-57-thread-1] INFO  server.RaftServerConfigKeys (ConfUtils.java:logGet(43)) - raft.server.notification.no-leader.timeout = 120s (custom)
2019-09-24 04:50:19,930 [pool-27-thread-1] INFO  server.RaftServerConfigKeys (ConfUtils.java:logGet(43)) - raft.server.notification.no-leader.timeout = 120s (custom)
2019-09-24 04:50:19,930 [pool-67-thread-1] INFO  server.RaftServerConfigKeys (ConfUtils.java:logGet(43)) - raft.server.notification.no-leader.timeout = 120s (custom)
2019-09-24 04:50:19,930 [pool-37-thread-1] INFO  server.RaftServerConfigKeys (ConfUtils.java:logGet(43)) - raft.server.notification.no-leader.timeout = 120s (custom)
2019-09-24 04:50:19,930 [pool-47-thread-1] INFO  server.RaftServerConfigKeys (ConfUtils.java:logGet(43)) - raft.server.notification.no-leader.timeout = 120s (custom)
2019-09-24 04:50:19,933 [pool-27-thread-1] INFO  server.RaftServerConfigKeys (ConfUtils.java:logGet(43)) - raft.server.log.use.memory = false (default)
2019-09-24 04:50:19,934 [pool-57-thread-1] INFO  server.RaftServerConfigKeys (ConfUtils.java:logGet(43)) - raft.server.log.use.memory = false (default)
2019-09-24 04:50:19,933 [pool-47-thread-1] INFO  server.RaftServerConfigKeys (ConfUtils.java:logGet(43)) - raft.server.log.use.memory = false (default)
2019-09-24 04:50:19,934 [pool-67-thread-1] INFO  server.RaftServerConfigKeys (ConfUtils.java:logGet(43)) - raft.server.log.use.memory = false (default)
2019-09-24 04:50:19,934 [pool-37-thread-1] INFO  server.RaftServerConfigKeys (ConfUtils.java:logGet(43)) - raft.server.log.use.memory = false (default)
2019-09-24 04:50:19,941 [pool-27-thread-1] INFO  server.RaftServerConfigKeys (ConfUtils.java:logGet(43)) - raft.server.log.purge.gap = 1000000 (custom)
2019-09-24 04:50:19,941 [pool-37-thread-1] INFO  server.RaftServerConfigKeys (ConfUtils.java:logGet(43)) - raft.server.log.purge.gap = 1000000 (custom)
2019-09-24 04:50:19,941 [pool-27-thread-1] INFO  server.RaftServerConfigKeys (ConfUtils.java:logGet(43)) - raft.server.log.appender.buffer.byte-limit = 33554432 (custom)
2019-09-24 04:50:19,941 [pool-57-thread-1] INFO  server.RaftServerConfigKeys (ConfUtils.java:logGet(43)) - raft.server.log.purge.gap = 1000000 (custom)
2019-09-24 04:50:19,941 [pool-47-thread-1] INFO  server.RaftServerConfigKeys (ConfUtils.java:logGet(43)) - raft.server.log.purge.gap = 1000000 (custom)
2019-09-24 04:50:19,941 [pool-67-thread-1] INFO  server.RaftServerConfigKeys (ConfUtils.java:logGet(43)) - raft.server.log.purge.gap = 1000000 (custom)
2019-09-24 04:50:19,942 [pool-47-thread-1] INFO  server.RaftServerConfigKeys (ConfUtils.java:logGet(43)) - raft.server.log.appender.buffer.byte-limit = 33554432 (custom)
2019-09-24 04:50:19,942 [pool-57-thread-1] INFO  server.RaftServerConfigKeys (ConfUtils.java:logGet(43)) - raft.server.log.appender.buffer.byte-limit = 33554432 (custom)
2019-09-24 04:50:19,941 [pool-37-thread-1] INFO  server.RaftServerConfigKeys (ConfUtils.java:logGet(43)) - raft.server.log.appender.buffer.byte-limit = 33554432 (custom)
2019-09-24 04:50:19,942 [pool-67-thread-1] INFO  server.RaftServerConfigKeys (ConfUtils.java:logGet(43)) - raft.server.log.appender.buffer.byte-limit = 33554432 (custom)
2019-09-24 04:50:19,944 [pool-27-thread-1] INFO  server.RaftServerConfigKeys (ConfUtils.java:logGet(43)) - raft.server.log.segment.size.max = 1048576 (custom)
2019-09-24 04:50:19,944 [pool-57-thread-1] INFO  server.RaftServerConfigKeys (ConfUtils.java:logGet(43)) - raft.server.log.segment.size.max = 1048576 (custom)
2019-09-24 04:50:19,944 [pool-67-thread-1] INFO  server.RaftServerConfigKeys (ConfUtils.java:logGet(43)) - raft.server.log.segment.size.max = 1048576 (custom)
2019-09-24 04:50:19,944 [pool-37-thread-1] INFO  server.RaftServerConfigKeys (ConfUtils.java:logGet(43)) - raft.server.log.segment.size.max = 1048576 (custom)
2019-09-24 04:50:19,944 [pool-47-thread-1] INFO  server.RaftServerConfigKeys (ConfUtils.java:logGet(43)) - raft.server.log.segment.size.max = 1048576 (custom)
2019-09-24 04:50:19,949 [pool-27-thread-1] INFO  server.RaftServerConfigKeys (ConfUtils.java:logGet(43)) - raft.server.log.segment.cache.num.max = 2 (custom)
2019-09-24 04:50:19,950 [pool-57-thread-1] INFO  server.RaftServerConfigKeys (ConfUtils.java:logGet(43)) - raft.server.log.segment.cache.num.max = 2 (custom)
2019-09-24 04:50:19,950 [pool-67-thread-1] INFO  server.RaftServerConfigKeys (ConfUtils.java:logGet(43)) - raft.server.log.segment.cache.num.max = 2 (custom)
2019-09-24 04:50:19,950 [pool-37-thread-1] INFO  server.RaftServerConfigKeys (ConfUtils.java:logGet(43)) - raft.server.log.segment.cache.num.max = 2 (custom)
2019-09-24 04:50:19,950 [pool-47-thread-1] INFO  server.RaftServerConfigKeys (ConfUtils.java:logGet(43)) - raft.server.log.segment.cache.num.max = 2 (custom)
2019-09-24 04:50:19,956 [pool-27-thread-1] INFO  segmented.SegmentedRaftLogWorker (SegmentedRaftLogWorker.java:<init>(172)) - new 3aa36313-ed82-49b8-853c-2e777720787d@group-FA695471CEC0-SegmentedRaftLogWorker for RaftStorage:Storage Directory /workdir/hadoop-ozone/integration-test/target/test-dir/MiniOzoneClusterImpl-3b8d4982-b692-47e6-b3b3-ef9ec24b4ef4/datanode-0/data/ratis/d42f4070-9b97-486f-b6b3-fa695471cec0
2019-09-24 04:50:19,956 [pool-37-thread-1] INFO  segmented.SegmentedRaftLogWorker (SegmentedRaftLogWorker.java:<init>(172)) - new efd7fae7-4092-45cf-9d0e-a0379204e7bf@group-65E4974B0F29-SegmentedRaftLogWorker for RaftStorage:Storage Directory /workdir/hadoop-ozone/integration-test/target/test-dir/MiniOzoneClusterImpl-3b8d4982-b692-47e6-b3b3-ef9ec24b4ef4/datanode-1/data/ratis/de1da9ca-8699-4e94-96d4-65e4974b0f29
2019-09-24 04:50:19,956 [pool-57-thread-1] INFO  segmented.SegmentedRaftLogWorker (SegmentedRaftLogWorker.java:<init>(172)) - new 363d3087-a5a4-44aa-b064-a686fd12cab1@group-1E6578B0C30A-SegmentedRaftLogWorker for RaftStorage:Storage Directory /workdir/hadoop-ozone/integration-test/target/test-dir/MiniOzoneClusterImpl-3b8d4982-b692-47e6-b3b3-ef9ec24b4ef4/datanode-3/data/ratis/22fcddc8-b385-430a-ad9b-1e6578b0c30a
2019-09-24 04:50:19,956 [pool-47-thread-1] INFO  segmented.SegmentedRaftLogWorker (SegmentedRaftLogWorker.java:<init>(172)) - new a328bc32-4130-4923-86dd-5c71dd7c68c2@group-4DF45A7B70F2-SegmentedRaftLogWorker for RaftStorage:Storage Directory /workdir/hadoop-ozone/integration-test/target/test-dir/MiniOzoneClusterImpl-3b8d4982-b692-47e6-b3b3-ef9ec24b4ef4/datanode-2/data/ratis/87eab346-9794-4c42-bd6c-4df45a7b70f2
2019-09-24 04:50:19,956 [pool-67-thread-1] INFO  segmented.SegmentedRaftLogWorker (SegmentedRaftLogWorker.java:<init>(172)) - new 9cd035be-46cc-4646-826d-80cc04ab3ded@group-DFAAE1FE882D-SegmentedRaftLogWorker for RaftStorage:Storage Directory /workdir/hadoop-ozone/integration-test/target/test-dir/MiniOzoneClusterImpl-3b8d4982-b692-47e6-b3b3-ef9ec24b4ef4/datanode-4/data/ratis/0b3c4a01-a641-4163-b2da-dfaae1fe882d
2019-09-24 04:50:19,959 [pool-27-thread-1] INFO  impl.MetricsSystemImpl (MetricsSystemImpl.java:init(158)) - ratis metrics system started (again)
2019-09-24 04:50:19,966 [pool-27-thread-1] INFO  metrics.MetricRegistries (MetricRegistriesLoader.java:load(64)) - Loaded MetricRegistries class org.apache.ratis.metrics.impl.MetricRegistriesImpl
2019-09-24 04:50:20,038 [pool-27-thread-1] INFO  server.RaftServerConfigKeys (ConfUtils.java:logGet(43)) - raft.server.log.queue.byte-limit = 2147483647 (custom)
2019-09-24 04:50:20,038 [pool-37-thread-1] INFO  server.RaftServerConfigKeys (ConfUtils.java:logGet(43)) - raft.server.log.queue.byte-limit = 2147483647 (custom)
2019-09-24 04:50:20,038 [pool-67-thread-1] INFO  server.RaftServerConfigKeys (ConfUtils.java:logGet(43)) - raft.server.log.queue.byte-limit = 2147483647 (custom)
2019-09-24 04:50:20,039 [pool-27-thread-1] INFO  server.RaftServerConfigKeys (ConfUtils.java:logGet(43)) - raft.server.log.queue.element-limit = 1024 (custom)
2019-09-24 04:50:20,038 [pool-57-thread-1] INFO  server.RaftServerConfigKeys (ConfUtils.java:logGet(43)) - raft.server.log.queue.byte-limit = 2147483647 (custom)
2019-09-24 04:50:20,038 [pool-47-thread-1] INFO  server.RaftServerConfigKeys (ConfUtils.java:logGet(43)) - raft.server.log.queue.byte-limit = 2147483647 (custom)
2019-09-24 04:50:20,039 [pool-37-thread-1] INFO  server.RaftServerConfigKeys (ConfUtils.java:logGet(43)) - raft.server.log.queue.element-limit = 1024 (custom)
2019-09-24 04:50:20,039 [pool-57-thread-1] INFO  server.RaftServerConfigKeys (ConfUtils.java:logGet(43)) - raft.server.log.queue.element-limit = 1024 (custom)
2019-09-24 04:50:20,039 [pool-67-thread-1] INFO  server.RaftServerConfigKeys (ConfUtils.java:logGet(43)) - raft.server.log.queue.element-limit = 1024 (custom)
2019-09-24 04:50:20,039 [pool-47-thread-1] INFO  server.RaftServerConfigKeys (ConfUtils.java:logGet(43)) - raft.server.log.queue.element-limit = 1024 (custom)
2019-09-24 04:50:20,042 [pool-67-thread-1] INFO  server.RaftServerConfigKeys (ConfUtils.java:logGet(43)) - raft.server.log.segment.size.max = 1048576 (custom)
2019-09-24 04:50:20,042 [pool-57-thread-1] INFO  server.RaftServerConfigKeys (ConfUtils.java:logGet(43)) - raft.server.log.segment.size.max = 1048576 (custom)
2019-09-24 04:50:20,042 [pool-37-thread-1] INFO  server.RaftServerConfigKeys (ConfUtils.java:logGet(43)) - raft.server.log.segment.size.max = 1048576 (custom)
2019-09-24 04:50:20,043 [pool-67-thread-1] INFO  server.RaftServerConfigKeys (ConfUtils.java:logGet(43)) - raft.server.log.preallocated.size = 16384 (custom)
2019-09-24 04:50:20,042 [pool-47-thread-1] INFO  server.RaftServerConfigKeys (ConfUtils.java:logGet(43)) - raft.server.log.segment.size.max = 1048576 (custom)
2019-09-24 04:50:20,043 [pool-57-thread-1] INFO  server.RaftServerConfigKeys (ConfUtils.java:logGet(43)) - raft.server.log.preallocated.size = 16384 (custom)
2019-09-24 04:50:20,042 [pool-27-thread-1] INFO  server.RaftServerConfigKeys (ConfUtils.java:logGet(43)) - raft.server.log.segment.size.max = 1048576 (custom)
2019-09-24 04:50:20,044 [pool-57-thread-1] INFO  server.RaftServerConfigKeys (ConfUtils.java:logGet(43)) - raft.server.log.write.buffer.size = 33554432 (custom)
2019-09-24 04:50:20,043 [pool-67-thread-1] INFO  server.RaftServerConfigKeys (ConfUtils.java:logGet(43)) - raft.server.log.write.buffer.size = 33554432 (custom)
2019-09-24 04:50:20,043 [pool-47-thread-1] INFO  server.RaftServerConfigKeys (ConfUtils.java:logGet(43)) - raft.server.log.preallocated.size = 16384 (custom)
2019-09-24 04:50:20,043 [pool-37-thread-1] INFO  server.RaftServerConfigKeys (ConfUtils.java:logGet(43)) - raft.server.log.preallocated.size = 16384 (custom)
2019-09-24 04:50:20,044 [pool-57-thread-1] INFO  server.RaftServerConfigKeys (ConfUtils.java:logGet(43)) - raft.server.log.force.sync.num = 128 (default)
2019-09-24 04:50:20,044 [pool-67-thread-1] INFO  server.RaftServerConfigKeys (ConfUtils.java:logGet(43)) - raft.server.log.force.sync.num = 128 (default)
2019-09-24 04:50:20,044 [pool-47-thread-1] INFO  server.RaftServerConfigKeys (ConfUtils.java:logGet(43)) - raft.server.log.write.buffer.size = 33554432 (custom)
2019-09-24 04:50:20,044 [pool-27-thread-1] INFO  server.RaftServerConfigKeys (ConfUtils.java:logGet(43)) - raft.server.log.preallocated.size = 16384 (custom)
2019-09-24 04:50:20,045 [pool-47-thread-1] INFO  server.RaftServerConfigKeys (ConfUtils.java:logGet(43)) - raft.server.log.force.sync.num = 128 (default)
2019-09-24 04:50:20,044 [pool-37-thread-1] INFO  server.RaftServerConfigKeys (ConfUtils.java:logGet(43)) - raft.server.log.write.buffer.size = 33554432 (custom)
2019-09-24 04:50:20,045 [pool-27-thread-1] INFO  server.RaftServerConfigKeys (ConfUtils.java:logGet(43)) - raft.server.log.write.buffer.size = 33554432 (custom)
2019-09-24 04:50:20,045 [pool-37-thread-1] INFO  server.RaftServerConfigKeys (ConfUtils.java:logGet(43)) - raft.server.log.force.sync.num = 128 (default)
2019-09-24 04:50:20,045 [pool-27-thread-1] INFO  server.RaftServerConfigKeys (ConfUtils.java:logGet(43)) - raft.server.log.force.sync.num = 128 (default)
2019-09-24 04:50:20,046 [pool-57-thread-1] INFO  server.RaftServerConfigKeys (ConfUtils.java:logGet(43)) - raft.server.log.statemachine.data.sync = true (default)
2019-09-24 04:50:20,046 [pool-37-thread-1] INFO  server.RaftServerConfigKeys (ConfUtils.java:logGet(43)) - raft.server.log.statemachine.data.sync = true (default)
2019-09-24 04:50:20,046 [pool-47-thread-1] INFO  server.RaftServerConfigKeys (ConfUtils.java:logGet(43)) - raft.server.log.statemachine.data.sync = true (default)
2019-09-24 04:50:20,046 [pool-67-thread-1] INFO  server.RaftServerConfigKeys (ConfUtils.java:logGet(43)) - raft.server.log.statemachine.data.sync = true (default)
2019-09-24 04:50:20,046 [pool-47-thread-1] INFO  server.RaftServerConfigKeys (ConfUtils.java:logGet(43)) - raft.server.log.statemachine.data.sync.timeout = 10s (default)
2019-09-24 04:50:20,046 [pool-37-thread-1] INFO  server.RaftServerConfigKeys (ConfUtils.java:logGet(43)) - raft.server.log.statemachine.data.sync.timeout = 10s (default)
2019-09-24 04:50:20,046 [pool-57-thread-1] INFO  server.RaftServerConfigKeys (ConfUtils.java:logGet(43)) - raft.server.log.statemachine.data.sync.timeout = 10s (default)
2019-09-24 04:50:20,046 [pool-27-thread-1] INFO  server.RaftServerConfigKeys (ConfUtils.java:logGet(43)) - raft.server.log.statemachine.data.sync = true (default)
2019-09-24 04:50:20,047 [pool-57-thread-1] INFO  server.RaftServerConfigKeys (ConfUtils.java:logGet(43)) - raft.server.log.statemachine.data.sync.timeout.retry = -1 (default)
2019-09-24 04:50:20,047 [pool-47-thread-1] INFO  server.RaftServerConfigKeys (ConfUtils.java:logGet(43)) - raft.server.log.statemachine.data.sync.timeout.retry = -1 (default)
2019-09-24 04:50:20,047 [pool-67-thread-1] INFO  server.RaftServerConfigKeys (ConfUtils.java:logGet(43)) - raft.server.log.statemachine.data.sync.timeout = 10s (default)
2019-09-24 04:50:20,047 [pool-37-thread-1] INFO  server.RaftServerConfigKeys (ConfUtils.java:logGet(43)) - raft.server.log.statemachine.data.sync.timeout.retry = -1 (default)
2019-09-24 04:50:20,047 [pool-27-thread-1] INFO  server.RaftServerConfigKeys (ConfUtils.java:logGet(43)) - raft.server.log.statemachine.data.sync.timeout = 10s (default)
2019-09-24 04:50:20,048 [pool-67-thread-1] INFO  server.RaftServerConfigKeys (ConfUtils.java:logGet(43)) - raft.server.log.statemachine.data.sync.timeout.retry = -1 (default)
2019-09-24 04:50:20,048 [pool-27-thread-1] INFO  server.RaftServerConfigKeys (ConfUtils.java:logGet(43)) - raft.server.log.statemachine.data.sync.timeout.retry = -1 (default)
2019-09-24 04:50:20,059 [pool-67-thread-1] INFO  server.RaftServerConfigKeys (ConfUtils.java:logGet(43)) - raft.server.log.statemachine.data.caching.enabled = true (custom)
2019-09-24 04:50:20,059 [pool-57-thread-1] INFO  server.RaftServerConfigKeys (ConfUtils.java:logGet(43)) - raft.server.log.statemachine.data.caching.enabled = true (custom)
2019-09-24 04:50:20,059 [pool-47-thread-1] INFO  server.RaftServerConfigKeys (ConfUtils.java:logGet(43)) - raft.server.log.statemachine.data.caching.enabled = true (custom)
2019-09-24 04:50:20,059 [pool-27-thread-1] INFO  server.RaftServerConfigKeys (ConfUtils.java:logGet(43)) - raft.server.log.statemachine.data.caching.enabled = true (custom)
2019-09-24 04:50:20,059 [pool-37-thread-1] INFO  server.RaftServerConfigKeys (ConfUtils.java:logGet(43)) - raft.server.log.statemachine.data.caching.enabled = true (custom)
2019-09-24 04:50:20,068 [pool-67-thread-1] INFO  segmented.SegmentedRaftLogWorker (SegmentedRaftLogWorker.java:lambda$new$0(132)) - 9cd035be-46cc-4646-826d-80cc04ab3ded@group-DFAAE1FE882D-SegmentedRaftLogWorker: flushIndex: setUnconditionally 0 -> -1
2019-09-24 04:50:20,068 [pool-37-thread-1] INFO  segmented.SegmentedRaftLogWorker (SegmentedRaftLogWorker.java:lambda$new$0(132)) - efd7fae7-4092-45cf-9d0e-a0379204e7bf@group-65E4974B0F29-SegmentedRaftLogWorker: flushIndex: setUnconditionally 0 -> -1
2019-09-24 04:50:20,068 [pool-57-thread-1] INFO  segmented.SegmentedRaftLogWorker (SegmentedRaftLogWorker.java:lambda$new$0(132)) - 363d3087-a5a4-44aa-b064-a686fd12cab1@group-1E6578B0C30A-SegmentedRaftLogWorker: flushIndex: setUnconditionally 0 -> -1
2019-09-24 04:50:20,068 [pool-47-thread-1] INFO  segmented.SegmentedRaftLogWorker (SegmentedRaftLogWorker.java:lambda$new$0(132)) - a328bc32-4130-4923-86dd-5c71dd7c68c2@group-4DF45A7B70F2-SegmentedRaftLogWorker: flushIndex: setUnconditionally 0 -> -1
2019-09-24 04:50:20,068 [pool-27-thread-1] INFO  segmented.SegmentedRaftLogWorker (SegmentedRaftLogWorker.java:lambda$new$0(132)) - 3aa36313-ed82-49b8-853c-2e777720787d@group-FA695471CEC0-SegmentedRaftLogWorker: flushIndex: setUnconditionally 0 -> -1
2019-09-24 04:50:20,073 [pool-27-thread-1] INFO  server.RaftServerConfigKeys (ConfUtils.java:logGet(43)) - raft.server.snapshot.auto.trigger.enabled = true (custom)
2019-09-24 04:50:20,073 [pool-37-thread-1] INFO  server.RaftServerConfigKeys (ConfUtils.java:logGet(43)) - raft.server.snapshot.auto.trigger.enabled = true (custom)
2019-09-24 04:50:20,073 [pool-67-thread-1] INFO  server.RaftServerConfigKeys (ConfUtils.java:logGet(43)) - raft.server.snapshot.auto.trigger.enabled = true (custom)
2019-09-24 04:50:20,073 [pool-57-thread-1] INFO  server.RaftServerConfigKeys (ConfUtils.java:logGet(43)) - raft.server.snapshot.auto.trigger.enabled = true (custom)
2019-09-24 04:50:20,073 [pool-47-thread-1] INFO  server.RaftServerConfigKeys (ConfUtils.java:logGet(43)) - raft.server.snapshot.auto.trigger.enabled = true (custom)
2019-09-24 04:50:20,075 [pool-47-thread-1] INFO  server.RaftServerConfigKeys (ConfUtils.java:logGet(43)) - raft.server.snapshot.auto.trigger.threshold = 10000 (custom)
2019-09-24 04:50:20,075 [pool-57-thread-1] INFO  server.RaftServerConfigKeys (ConfUtils.java:logGet(43)) - raft.server.snapshot.auto.trigger.threshold = 10000 (custom)
2019-09-24 04:50:20,075 [pool-27-thread-1] INFO  server.RaftServerConfigKeys (ConfUtils.java:logGet(43)) - raft.server.snapshot.auto.trigger.threshold = 10000 (custom)
2019-09-24 04:50:20,075 [pool-67-thread-1] INFO  server.RaftServerConfigKeys (ConfUtils.java:logGet(43)) - raft.server.snapshot.auto.trigger.threshold = 10000 (custom)
2019-09-24 04:50:20,075 [pool-47-thread-1] INFO  server.RaftServerConfigKeys (ConfUtils.java:logGet(43)) - raft.server.snapshot.retention.num.files = 5 (custom)
2019-09-24 04:50:20,075 [pool-37-thread-1] INFO  server.RaftServerConfigKeys (ConfUtils.java:logGet(43)) - raft.server.snapshot.auto.trigger.threshold = 10000 (custom)
2019-09-24 04:50:20,077 [pool-27-thread-1] INFO  server.RaftServerConfigKeys (ConfUtils.java:logGet(43)) - raft.server.snapshot.retention.num.files = 5 (custom)
2019-09-24 04:50:20,076 [pool-57-thread-1] INFO  server.RaftServerConfigKeys (ConfUtils.java:logGet(43)) - raft.server.snapshot.retention.num.files = 5 (custom)
2019-09-24 04:50:20,076 [pool-67-thread-1] INFO  server.RaftServerConfigKeys (ConfUtils.java:logGet(43)) - raft.server.snapshot.retention.num.files = 5 (custom)
2019-09-24 04:50:20,077 [pool-27-thread-1] INFO  server.RaftServerConfigKeys (ConfUtils.java:logGet(43)) - raft.server.retrycache.expirytime = 600000ms (custom)
2019-09-24 04:50:20,077 [pool-57-thread-1] INFO  server.RaftServerConfigKeys (ConfUtils.java:logGet(43)) - raft.server.retrycache.expirytime = 600000ms (custom)
2019-09-24 04:50:20,077 [pool-47-thread-1] INFO  server.RaftServerConfigKeys (ConfUtils.java:logGet(43)) - raft.server.retrycache.expirytime = 600000ms (custom)
2019-09-24 04:50:20,077 [pool-37-thread-1] INFO  server.RaftServerConfigKeys (ConfUtils.java:logGet(43)) - raft.server.snapshot.retention.num.files = 5 (custom)
2019-09-24 04:50:20,077 [pool-67-thread-1] INFO  server.RaftServerConfigKeys (ConfUtils.java:logGet(43)) - raft.server.retrycache.expirytime = 600000ms (custom)
2019-09-24 04:50:20,078 [pool-37-thread-1] INFO  server.RaftServerConfigKeys (ConfUtils.java:logGet(43)) - raft.server.retrycache.expirytime = 600000ms (custom)
2019-09-24 04:50:20,118 [pool-67-thread-1] INFO  impl.RaftServerImpl (RaftServerImpl.java:start(185)) - 9cd035be-46cc-4646-826d-80cc04ab3ded@group-DFAAE1FE882D: start as a follower, conf=-1: [9cd035be-46cc-4646-826d-80cc04ab3ded:192.168.151.75:35389], old=null
2019-09-24 04:50:20,119 [pool-67-thread-1] INFO  impl.RaftServerImpl (RaftServerImpl.java:setRole(174)) - 9cd035be-46cc-4646-826d-80cc04ab3ded@group-DFAAE1FE882D: changes role from      null to FOLLOWER at term 0 for startAsFollower
2019-09-24 04:50:20,120 [pool-27-thread-1] INFO  impl.RaftServerImpl (RaftServerImpl.java:start(185)) - 3aa36313-ed82-49b8-853c-2e777720787d@group-FA695471CEC0: start as a follower, conf=-1: [3aa36313-ed82-49b8-853c-2e777720787d:192.168.151.75:33267], old=null
2019-09-24 04:50:20,120 [pool-67-thread-1] INFO  impl.RoleInfo (RoleInfo.java:updateAndGet(143)) - 9cd035be-46cc-4646-826d-80cc04ab3ded: start FollowerState
2019-09-24 04:50:20,120 [pool-37-thread-1] INFO  impl.RaftServerImpl (RaftServerImpl.java:start(185)) - efd7fae7-4092-45cf-9d0e-a0379204e7bf@group-65E4974B0F29: start as a follower, conf=-1: [efd7fae7-4092-45cf-9d0e-a0379204e7bf:192.168.151.75:44181], old=null
2019-09-24 04:50:20,120 [pool-27-thread-1] INFO  impl.RaftServerImpl (RaftServerImpl.java:setRole(174)) - 3aa36313-ed82-49b8-853c-2e777720787d@group-FA695471CEC0: changes role from      null to FOLLOWER at term 0 for startAsFollower
2019-09-24 04:50:20,120 [pool-57-thread-1] INFO  impl.RaftServerImpl (RaftServerImpl.java:start(185)) - 363d3087-a5a4-44aa-b064-a686fd12cab1@group-1E6578B0C30A: start as a follower, conf=-1: [363d3087-a5a4-44aa-b064-a686fd12cab1:192.168.151.75:33216], old=null
2019-09-24 04:50:20,120 [pool-37-thread-1] INFO  impl.RaftServerImpl (RaftServerImpl.java:setRole(174)) - efd7fae7-4092-45cf-9d0e-a0379204e7bf@group-65E4974B0F29: changes role from      null to FOLLOWER at term 0 for startAsFollower
2019-09-24 04:50:20,122 [pool-57-thread-1] INFO  impl.RaftServerImpl (RaftServerImpl.java:setRole(174)) - 363d3087-a5a4-44aa-b064-a686fd12cab1@group-1E6578B0C30A: changes role from      null to FOLLOWER at term 0 for startAsFollower
2019-09-24 04:50:20,121 [pool-27-thread-1] INFO  impl.RoleInfo (RoleInfo.java:updateAndGet(143)) - 3aa36313-ed82-49b8-853c-2e777720787d: start FollowerState
2019-09-24 04:50:20,121 [pool-47-thread-1] INFO  impl.RaftServerImpl (RaftServerImpl.java:start(185)) - a328bc32-4130-4923-86dd-5c71dd7c68c2@group-4DF45A7B70F2: start as a follower, conf=-1: [a328bc32-4130-4923-86dd-5c71dd7c68c2:192.168.151.75:32951], old=null
2019-09-24 04:50:20,122 [pool-57-thread-1] INFO  impl.RoleInfo (RoleInfo.java:updateAndGet(143)) - 363d3087-a5a4-44aa-b064-a686fd12cab1: start FollowerState
2019-09-24 04:50:20,122 [pool-37-thread-1] INFO  impl.RoleInfo (RoleInfo.java:updateAndGet(143)) - efd7fae7-4092-45cf-9d0e-a0379204e7bf: start FollowerState
2019-09-24 04:50:20,122 [pool-47-thread-1] INFO  impl.RaftServerImpl (RaftServerImpl.java:setRole(174)) - a328bc32-4130-4923-86dd-5c71dd7c68c2@group-4DF45A7B70F2: changes role from      null to FOLLOWER at term 0 for startAsFollower
2019-09-24 04:50:20,123 [pool-47-thread-1] INFO  impl.RoleInfo (RoleInfo.java:updateAndGet(143)) - a328bc32-4130-4923-86dd-5c71dd7c68c2: start FollowerState
2019-09-24 04:50:20,123 [pool-67-thread-1] INFO  util.JmxRegister (JmxRegister.java:tryRegister(44)) - Successfully registered JMX Bean with object name Ratis:service=RaftServer,group=group-DFAAE1FE882D,id=9cd035be-46cc-4646-826d-80cc04ab3ded
2019-09-24 04:50:20,123 [pool-37-thread-1] INFO  util.JmxRegister (JmxRegister.java:tryRegister(44)) - Successfully registered JMX Bean with object name Ratis:service=RaftServer,group=group-65E4974B0F29,id=efd7fae7-4092-45cf-9d0e-a0379204e7bf
2019-09-24 04:50:20,123 [pool-57-thread-1] INFO  util.JmxRegister (JmxRegister.java:tryRegister(44)) - Successfully registered JMX Bean with object name Ratis:service=RaftServer,group=group-1E6578B0C30A,id=363d3087-a5a4-44aa-b064-a686fd12cab1
2019-09-24 04:50:20,123 [pool-27-thread-1] INFO  util.JmxRegister (JmxRegister.java:tryRegister(44)) - Successfully registered JMX Bean with object name Ratis:service=RaftServer,group=group-FA695471CEC0,id=3aa36313-ed82-49b8-853c-2e777720787d
2019-09-24 04:50:20,124 [pool-47-thread-1] INFO  util.JmxRegister (JmxRegister.java:tryRegister(44)) - Successfully registered JMX Bean with object name Ratis:service=RaftServer,group=group-4DF45A7B70F2,id=a328bc32-4130-4923-86dd-5c71dd7c68c2
2019-09-24 04:50:20,192 [Command processor thread] INFO  commandhandler.CreatePipelineCommandHandler (CreatePipelineCommandHandler.java:handle(116)) - Create Pipeline RATIS ONE #PipelineID=0b3c4a01-a641-4163-b2da-dfaae1fe882d command succeed on datanode 9cd035be-46cc-4646-826d-80cc04ab3ded.
2019-09-24 04:50:20,192 [Command processor thread] INFO  commandhandler.CreatePipelineCommandHandler (CreatePipelineCommandHandler.java:handle(116)) - Create Pipeline RATIS ONE #PipelineID=de1da9ca-8699-4e94-96d4-65e4974b0f29 command succeed on datanode efd7fae7-4092-45cf-9d0e-a0379204e7bf.
2019-09-24 04:50:20,192 [Command processor thread] INFO  commandhandler.CreatePipelineCommandHandler (CreatePipelineCommandHandler.java:handle(116)) - Create Pipeline RATIS ONE #PipelineID=22fcddc8-b385-430a-ad9b-1e6578b0c30a command succeed on datanode 363d3087-a5a4-44aa-b064-a686fd12cab1.
2019-09-24 04:50:20,192 [Command processor thread] INFO  commandhandler.CreatePipelineCommandHandler (CreatePipelineCommandHandler.java:handle(116)) - Create Pipeline RATIS ONE #PipelineID=87eab346-9794-4c42-bd6c-4df45a7b70f2 command succeed on datanode a328bc32-4130-4923-86dd-5c71dd7c68c2.
2019-09-24 04:50:20,192 [Command processor thread] INFO  commandhandler.CreatePipelineCommandHandler (CreatePipelineCommandHandler.java:handle(116)) - Create Pipeline RATIS ONE #PipelineID=d42f4070-9b97-486f-b6b3-fa695471cec0 command succeed on datanode 3aa36313-ed82-49b8-853c-2e777720787d.
2019-09-24 04:50:20,225 [grpc-default-executor-4] INFO  impl.RaftServerProxy (RaftServerProxy.java:addNew(89)) - efd7fae7-4092-45cf-9d0e-a0379204e7bf: addNew group-12FAA0FBE9A7:[efd7fae7-4092-45cf-9d0e-a0379204e7bf:192.168.151.75:44181, 3aa36313-ed82-49b8-853c-2e777720787d:192.168.151.75:33267, a328bc32-4130-4923-86dd-5c71dd7c68c2:192.168.151.75:32951] returns group-12FAA0FBE9A7:java.util.concurrent.CompletableFuture@42b9fe6c[Not completed]
2019-09-24 04:50:20,225 [grpc-default-executor-4] INFO  impl.RaftServerProxy (RaftServerProxy.java:addNew(89)) - 3aa36313-ed82-49b8-853c-2e777720787d: addNew group-12FAA0FBE9A7:[efd7fae7-4092-45cf-9d0e-a0379204e7bf:192.168.151.75:44181, 3aa36313-ed82-49b8-853c-2e777720787d:192.168.151.75:33267, a328bc32-4130-4923-86dd-5c71dd7c68c2:192.168.151.75:32951] returns group-12FAA0FBE9A7:java.util.concurrent.CompletableFuture@6f38d555[Not completed]
2019-09-24 04:50:20,227 [grpc-default-executor-4] INFO  impl.RaftServerProxy (RaftServerProxy.java:addNew(89)) - a328bc32-4130-4923-86dd-5c71dd7c68c2: addNew group-12FAA0FBE9A7:[efd7fae7-4092-45cf-9d0e-a0379204e7bf:192.168.151.75:44181, 3aa36313-ed82-49b8-853c-2e777720787d:192.168.151.75:33267, a328bc32-4130-4923-86dd-5c71dd7c68c2:192.168.151.75:32951] returns group-12FAA0FBE9A7:java.util.concurrent.CompletableFuture@7f960f6f[Not completed]
2019-09-24 04:50:20,228 [pool-37-thread-1] INFO  impl.RaftServerImpl (RaftServerImpl.java:<init>(95)) - efd7fae7-4092-45cf-9d0e-a0379204e7bf: new RaftServerImpl for group-12FAA0FBE9A7:[efd7fae7-4092-45cf-9d0e-a0379204e7bf:192.168.151.75:44181, 3aa36313-ed82-49b8-853c-2e777720787d:192.168.151.75:33267, a328bc32-4130-4923-86dd-5c71dd7c68c2:192.168.151.75:32951] with ContainerStateMachine:uninitialized
2019-09-24 04:50:20,228 [pool-37-thread-1] INFO  server.RaftServerConfigKeys (ConfUtils.java:logGet(43)) - raft.server.rpc.timeout.min = 5s (custom)
2019-09-24 04:50:20,228 [pool-37-thread-1] INFO  server.RaftServerConfigKeys (ConfUtils.java:logGet(43)) - raft.server.rpc.timeout.max = 5200ms (custom)
2019-09-24 04:50:20,228 [pool-37-thread-1] INFO  server.RaftServerConfigKeys (ConfUtils.java:logGet(43)) - raft.server.rpcslowness.timeout = 120s (custom)
2019-09-24 04:50:20,228 [pool-37-thread-1] INFO  server.RaftServerConfigKeys (ConfUtils.java:logGet(43)) - raft.server.sleep.deviation.threshold = 300 (default)
2019-09-24 04:50:20,229 [pool-37-thread-1] INFO  server.RaftServerConfigKeys (ConfUtils.java:logGet(43)) - raft.server.log.appender.install.snapshot.enabled = false (custom)
2019-09-24 04:50:20,229 [pool-27-thread-1] INFO  impl.RaftServerImpl (RaftServerImpl.java:<init>(95)) - 3aa36313-ed82-49b8-853c-2e777720787d: new RaftServerImpl for group-12FAA0FBE9A7:[efd7fae7-4092-45cf-9d0e-a0379204e7bf:192.168.151.75:44181, 3aa36313-ed82-49b8-853c-2e777720787d:192.168.151.75:33267, a328bc32-4130-4923-86dd-5c71dd7c68c2:192.168.151.75:32951] with ContainerStateMachine:uninitialized
2019-09-24 04:50:20,229 [pool-37-thread-1] INFO  impl.RaftServerImpl (ServerState.java:<init>(103)) - efd7fae7-4092-45cf-9d0e-a0379204e7bf@group-12FAA0FBE9A7: ConfigurationManager, init=-1: [efd7fae7-4092-45cf-9d0e-a0379204e7bf:192.168.151.75:44181, 3aa36313-ed82-49b8-853c-2e777720787d:192.168.151.75:33267, a328bc32-4130-4923-86dd-5c71dd7c68c2:192.168.151.75:32951], old=null, confs=<EMPTY_MAP>
2019-09-24 04:50:20,229 [pool-27-thread-1] INFO  server.RaftServerConfigKeys (ConfUtils.java:logGet(43)) - raft.server.rpc.timeout.min = 5s (custom)
2019-09-24 04:50:20,229 [pool-37-thread-1] INFO  server.RaftServerConfigKeys (ConfUtils.java:logGet(43)) - raft.server.storage.dir = [/workdir/hadoop-ozone/integration-test/target/test-dir/MiniOzoneClusterImpl-3b8d4982-b692-47e6-b3b3-ef9ec24b4ef4/datanode-1/data/ratis] (custom)
2019-09-24 04:50:20,229 [pool-27-thread-1] INFO  server.RaftServerConfigKeys (ConfUtils.java:logGet(43)) - raft.server.rpc.timeout.max = 5200ms (custom)
2019-09-24 04:50:20,229 [pool-27-thread-1] INFO  server.RaftServerConfigKeys (ConfUtils.java:logGet(43)) - raft.server.rpcslowness.timeout = 120s (custom)
2019-09-24 04:50:20,229 [pool-27-thread-1] INFO  server.RaftServerConfigKeys (ConfUtils.java:logGet(43)) - raft.server.sleep.deviation.threshold = 300 (default)
2019-09-24 04:50:20,229 [pool-27-thread-1] INFO  server.RaftServerConfigKeys (ConfUtils.java:logGet(43)) - raft.server.log.appender.install.snapshot.enabled = false (custom)
2019-09-24 04:50:20,229 [pool-37-thread-1] INFO  storage.RaftStorageDirectory (RaftStorageDirectory.java:analyzeStorage(246)) - The storage directory /workdir/hadoop-ozone/integration-test/target/test-dir/MiniOzoneClusterImpl-3b8d4982-b692-47e6-b3b3-ef9ec24b4ef4/datanode-1/data/ratis/82c1f0bd-8a70-4418-9b0e-12faa0fbe9a7 does not exist. Creating ...
2019-09-24 04:50:20,230 [pool-27-thread-1] INFO  impl.RaftServerImpl (ServerState.java:<init>(103)) - 3aa36313-ed82-49b8-853c-2e777720787d@group-12FAA0FBE9A7: ConfigurationManager, init=-1: [efd7fae7-4092-45cf-9d0e-a0379204e7bf:192.168.151.75:44181, 3aa36313-ed82-49b8-853c-2e777720787d:192.168.151.75:33267, a328bc32-4130-4923-86dd-5c71dd7c68c2:192.168.151.75:32951], old=null, confs=<EMPTY_MAP>
2019-09-24 04:50:20,230 [pool-27-thread-1] INFO  server.RaftServerConfigKeys (ConfUtils.java:logGet(43)) - raft.server.storage.dir = [/workdir/hadoop-ozone/integration-test/target/test-dir/MiniOzoneClusterImpl-3b8d4982-b692-47e6-b3b3-ef9ec24b4ef4/datanode-0/data/ratis] (custom)
2019-09-24 04:50:20,230 [pool-27-thread-1] INFO  storage.RaftStorageDirectory (RaftStorageDirectory.java:analyzeStorage(246)) - The storage directory /workdir/hadoop-ozone/integration-test/target/test-dir/MiniOzoneClusterImpl-3b8d4982-b692-47e6-b3b3-ef9ec24b4ef4/datanode-0/data/ratis/82c1f0bd-8a70-4418-9b0e-12faa0fbe9a7 does not exist. Creating ...
2019-09-24 04:50:20,230 [pool-47-thread-1] INFO  impl.RaftServerImpl (RaftServerImpl.java:<init>(95)) - a328bc32-4130-4923-86dd-5c71dd7c68c2: new RaftServerImpl for group-12FAA0FBE9A7:[efd7fae7-4092-45cf-9d0e-a0379204e7bf:192.168.151.75:44181, 3aa36313-ed82-49b8-853c-2e777720787d:192.168.151.75:33267, a328bc32-4130-4923-86dd-5c71dd7c68c2:192.168.151.75:32951] with ContainerStateMachine:uninitialized
2019-09-24 04:50:20,230 [pool-47-thread-1] INFO  server.RaftServerConfigKeys (ConfUtils.java:logGet(43)) - raft.server.rpc.timeout.min = 5s (custom)
2019-09-24 04:50:20,231 [pool-47-thread-1] INFO  server.RaftServerConfigKeys (ConfUtils.java:logGet(43)) - raft.server.rpc.timeout.max = 5200ms (custom)
2019-09-24 04:50:20,231 [pool-47-thread-1] INFO  server.RaftServerConfigKeys (ConfUtils.java:logGet(43)) - raft.server.rpcslowness.timeout = 120s (custom)
2019-09-24 04:50:20,231 [pool-47-thread-1] INFO  server.RaftServerConfigKeys (ConfUtils.java:logGet(43)) - raft.server.sleep.deviation.threshold = 300 (default)
2019-09-24 04:50:20,231 [pool-47-thread-1] INFO  server.RaftServerConfigKeys (ConfUtils.java:logGet(43)) - raft.server.log.appender.install.snapshot.enabled = false (custom)
2019-09-24 04:50:20,231 [pool-47-thread-1] INFO  impl.RaftServerImpl (ServerState.java:<init>(103)) - a328bc32-4130-4923-86dd-5c71dd7c68c2@group-12FAA0FBE9A7: ConfigurationManager, init=-1: [efd7fae7-4092-45cf-9d0e-a0379204e7bf:192.168.151.75:44181, 3aa36313-ed82-49b8-853c-2e777720787d:192.168.151.75:33267, a328bc32-4130-4923-86dd-5c71dd7c68c2:192.168.151.75:32951], old=null, confs=<EMPTY_MAP>
2019-09-24 04:50:20,232 [pool-47-thread-1] INFO  server.RaftServerConfigKeys (ConfUtils.java:logGet(43)) - raft.server.storage.dir = [/workdir/hadoop-ozone/integration-test/target/test-dir/MiniOzoneClusterImpl-3b8d4982-b692-47e6-b3b3-ef9ec24b4ef4/datanode-2/data/ratis] (custom)
2019-09-24 04:50:20,232 [pool-47-thread-1] INFO  storage.RaftStorageDirectory (RaftStorageDirectory.java:analyzeStorage(246)) - The storage directory /workdir/hadoop-ozone/integration-test/target/test-dir/MiniOzoneClusterImpl-3b8d4982-b692-47e6-b3b3-ef9ec24b4ef4/datanode-2/data/ratis/82c1f0bd-8a70-4418-9b0e-12faa0fbe9a7 does not exist. Creating ...
2019-09-24 04:50:20,245 [pool-37-thread-1] INFO  storage.RaftStorageDirectory (RaftStorageDirectory.java:tryLock(328)) - Lock on /workdir/hadoop-ozone/integration-test/target/test-dir/MiniOzoneClusterImpl-3b8d4982-b692-47e6-b3b3-ef9ec24b4ef4/datanode-1/data/ratis/82c1f0bd-8a70-4418-9b0e-12faa0fbe9a7/in_use.lock acquired by nodename 11560@pr-hdds-2034-r6745-1453098948
2019-09-24 04:50:20,245 [pool-47-thread-1] INFO  storage.RaftStorageDirectory (RaftStorageDirectory.java:tryLock(328)) - Lock on /workdir/hadoop-ozone/integration-test/target/test-dir/MiniOzoneClusterImpl-3b8d4982-b692-47e6-b3b3-ef9ec24b4ef4/datanode-2/data/ratis/82c1f0bd-8a70-4418-9b0e-12faa0fbe9a7/in_use.lock acquired by nodename 11560@pr-hdds-2034-r6745-1453098948
2019-09-24 04:50:20,245 [pool-27-thread-1] INFO  storage.RaftStorageDirectory (RaftStorageDirectory.java:tryLock(328)) - Lock on /workdir/hadoop-ozone/integration-test/target/test-dir/MiniOzoneClusterImpl-3b8d4982-b692-47e6-b3b3-ef9ec24b4ef4/datanode-0/data/ratis/82c1f0bd-8a70-4418-9b0e-12faa0fbe9a7/in_use.lock acquired by nodename 11560@pr-hdds-2034-r6745-1453098948
2019-09-24 04:50:20,270 [pool-37-thread-1] INFO  storage.RaftStorage (RaftStorage.java:format(72)) - Storage directory /workdir/hadoop-ozone/integration-test/target/test-dir/MiniOzoneClusterImpl-3b8d4982-b692-47e6-b3b3-ef9ec24b4ef4/datanode-1/data/ratis/82c1f0bd-8a70-4418-9b0e-12faa0fbe9a7 has been successfully formatted.
2019-09-24 04:50:20,270 [pool-47-thread-1] INFO  storage.RaftStorage (RaftStorage.java:format(72)) - Storage directory /workdir/hadoop-ozone/integration-test/target/test-dir/MiniOzoneClusterImpl-3b8d4982-b692-47e6-b3b3-ef9ec24b4ef4/datanode-2/data/ratis/82c1f0bd-8a70-4418-9b0e-12faa0fbe9a7 has been successfully formatted.
2019-09-24 04:50:20,270 [pool-37-thread-1] INFO  ratis.ContainerStateMachine (ContainerStateMachine.java:loadSnapshot(230)) - group-12FAA0FBE9A7: The snapshot info is null. Setting the last applied indexto:(t:0, i:~)
2019-09-24 04:50:20,270 [pool-27-thread-1] INFO  storage.RaftStorage (RaftStorage.java:format(72)) - Storage directory /workdir/hadoop-ozone/integration-test/target/test-dir/MiniOzoneClusterImpl-3b8d4982-b692-47e6-b3b3-ef9ec24b4ef4/datanode-0/data/ratis/82c1f0bd-8a70-4418-9b0e-12faa0fbe9a7 has been successfully formatted.
2019-09-24 04:50:20,271 [pool-47-thread-1] INFO  ratis.ContainerStateMachine (ContainerStateMachine.java:loadSnapshot(230)) - group-12FAA0FBE9A7: The snapshot info is null. Setting the last applied indexto:(t:0, i:~)
2019-09-24 04:50:20,270 [pool-37-thread-1] INFO  server.RaftServerConfigKeys (ConfUtils.java:logGet(43)) - raft.server.notification.no-leader.timeout = 120s (custom)
2019-09-24 04:50:20,271 [pool-47-thread-1] INFO  server.RaftServerConfigKeys (ConfUtils.java:logGet(43)) - raft.server.notification.no-leader.timeout = 120s (custom)
2019-09-24 04:50:20,271 [pool-27-thread-1] INFO  ratis.ContainerStateMachine (ContainerStateMachine.java:loadSnapshot(230)) - group-12FAA0FBE9A7: The snapshot info is null. Setting the last applied indexto:(t:0, i:~)
2019-09-24 04:50:20,271 [pool-47-thread-1] INFO  server.RaftServerConfigKeys (ConfUtils.java:logGet(43)) - raft.server.log.use.memory = false (default)
2019-09-24 04:50:20,271 [pool-37-thread-1] INFO  server.RaftServerConfigKeys (ConfUtils.java:logGet(43)) - raft.server.log.use.memory = false (default)
2019-09-24 04:50:20,271 [pool-27-thread-1] INFO  server.RaftServerConfigKeys (ConfUtils.java:logGet(43)) - raft.server.notification.no-leader.timeout = 120s (custom)
2019-09-24 04:50:20,272 [pool-37-thread-1] INFO  server.RaftServerConfigKeys (ConfUtils.java:logGet(43)) - raft.server.log.purge.gap = 1000000 (custom)
2019-09-24 04:50:20,272 [pool-47-thread-1] INFO  server.RaftServerConfigKeys (ConfUtils.java:logGet(43)) - raft.server.log.purge.gap = 1000000 (custom)
2019-09-24 04:50:20,272 [pool-37-thread-1] INFO  server.RaftServerConfigKeys (ConfUtils.java:logGet(43)) - raft.server.log.appender.buffer.byte-limit = 33554432 (custom)
2019-09-24 04:50:20,272 [pool-27-thread-1] INFO  server.RaftServerConfigKeys (ConfUtils.java:logGet(43)) - raft.server.log.use.memory = false (default)
2019-09-24 04:50:20,272 [pool-37-thread-1] INFO  server.RaftServerConfigKeys (ConfUtils.java:logGet(43)) - raft.server.log.segment.size.max = 1048576 (custom)
2019-09-24 04:50:20,272 [pool-47-thread-1] INFO  server.RaftServerConfigKeys (ConfUtils.java:logGet(43)) - raft.server.log.appender.buffer.byte-limit = 33554432 (custom)
2019-09-24 04:50:20,272 [pool-37-thread-1] INFO  server.RaftServerConfigKeys (ConfUtils.java:logGet(43)) - raft.server.log.segment.cache.num.max = 2 (custom)
2019-09-24 04:50:20,272 [pool-27-thread-1] INFO  server.RaftServerConfigKeys (ConfUtils.java:logGet(43)) - raft.server.log.purge.gap = 1000000 (custom)
2019-09-24 04:50:20,273 [pool-37-thread-1] INFO  segmented.SegmentedRaftLogWorker (SegmentedRaftLogWorker.java:<init>(172)) - new efd7fae7-4092-45cf-9d0e-a0379204e7bf@group-12FAA0FBE9A7-SegmentedRaftLogWorker for RaftStorage:Storage Directory /workdir/hadoop-ozone/integration-test/target/test-dir/MiniOzoneClusterImpl-3b8d4982-b692-47e6-b3b3-ef9ec24b4ef4/datanode-1/data/ratis/82c1f0bd-8a70-4418-9b0e-12faa0fbe9a7
2019-09-24 04:50:20,273 [pool-47-thread-1] INFO  server.RaftServerConfigKeys (ConfUtils.java:logGet(43)) - raft.server.log.segment.size.max = 1048576 (custom)
2019-09-24 04:50:20,273 [pool-37-thread-1] INFO  server.RaftServerConfigKeys (ConfUtils.java:logGet(43)) - raft.server.log.queue.byte-limit = 2147483647 (custom)
2019-09-24 04:50:20,273 [pool-27-thread-1] INFO  server.RaftServerConfigKeys (ConfUtils.java:logGet(43)) - raft.server.log.appender.buffer.byte-limit = 33554432 (custom)
2019-09-24 04:50:20,273 [pool-37-thread-1] INFO  server.RaftServerConfigKeys (ConfUtils.java:logGet(43)) - raft.server.log.queue.element-limit = 1024 (custom)
2019-09-24 04:50:20,273 [pool-47-thread-1] INFO  server.RaftServerConfigKeys (ConfUtils.java:logGet(43)) - raft.server.log.segment.cache.num.max = 2 (custom)
2019-09-24 04:50:20,275 [pool-37-thread-1] INFO  server.RaftServerConfigKeys (ConfUtils.java:logGet(43)) - raft.server.log.segment.size.max = 1048576 (custom)
2019-09-24 04:50:20,273 [pool-27-thread-1] INFO  server.RaftServerConfigKeys (ConfUtils.java:logGet(43)) - raft.server.log.segment.size.max = 1048576 (custom)
2019-09-24 04:50:20,275 [pool-37-thread-1] INFO  server.RaftServerConfigKeys (ConfUtils.java:logGet(43)) - raft.server.log.preallocated.size = 16384 (custom)
2019-09-24 04:50:20,275 [pool-47-thread-1] INFO  segmented.SegmentedRaftLogWorker (SegmentedRaftLogWorker.java:<init>(172)) - new a328bc32-4130-4923-86dd-5c71dd7c68c2@group-12FAA0FBE9A7-SegmentedRaftLogWorker for RaftStorage:Storage Directory /workdir/hadoop-ozone/integration-test/target/test-dir/MiniOzoneClusterImpl-3b8d4982-b692-47e6-b3b3-ef9ec24b4ef4/datanode-2/data/ratis/82c1f0bd-8a70-4418-9b0e-12faa0fbe9a7
2019-09-24 04:50:20,275 [pool-37-thread-1] INFO  server.RaftServerConfigKeys (ConfUtils.java:logGet(43)) - raft.server.log.write.buffer.size = 33554432 (custom)
2019-09-24 04:50:20,275 [pool-27-thread-1] INFO  server.RaftServerConfigKeys (ConfUtils.java:logGet(43)) - raft.server.log.segment.cache.num.max = 2 (custom)
2019-09-24 04:50:20,276 [pool-37-thread-1] INFO  server.RaftServerConfigKeys (ConfUtils.java:logGet(43)) - raft.server.log.force.sync.num = 128 (default)
2019-09-24 04:50:20,276 [pool-47-thread-1] INFO  server.RaftServerConfigKeys (ConfUtils.java:logGet(43)) - raft.server.log.queue.byte-limit = 2147483647 (custom)
2019-09-24 04:50:20,276 [pool-37-thread-1] INFO  server.RaftServerConfigKeys (ConfUtils.java:logGet(43)) - raft.server.log.statemachine.data.sync = true (default)
2019-09-24 04:50:20,276 [pool-27-thread-1] INFO  segmented.SegmentedRaftLogWorker (SegmentedRaftLogWorker.java:<init>(172)) - new 3aa36313-ed82-49b8-853c-2e777720787d@group-12FAA0FBE9A7-SegmentedRaftLogWorker for RaftStorage:Storage Directory /workdir/hadoop-ozone/integration-test/target/test-dir/MiniOzoneClusterImpl-3b8d4982-b692-47e6-b3b3-ef9ec24b4ef4/datanode-0/data/ratis/82c1f0bd-8a70-4418-9b0e-12faa0fbe9a7
2019-09-24 04:50:20,276 [pool-37-thread-1] INFO  server.RaftServerConfigKeys (ConfUtils.java:logGet(43)) - raft.server.log.statemachine.data.sync.timeout = 10s (default)
2019-09-24 04:50:20,276 [pool-47-thread-1] INFO  server.RaftServerConfigKeys (ConfUtils.java:logGet(43)) - raft.server.log.queue.element-limit = 1024 (custom)
2019-09-24 04:50:20,277 [pool-37-thread-1] INFO  server.RaftServerConfigKeys (ConfUtils.java:logGet(43)) - raft.server.log.statemachine.data.sync.timeout.retry = -1 (default)
2019-09-24 04:50:20,277 [pool-27-thread-1] INFO  server.RaftServerConfigKeys (ConfUtils.java:logGet(43)) - raft.server.log.queue.byte-limit = 2147483647 (custom)
2019-09-24 04:50:20,277 [pool-37-thread-1] INFO  server.RaftServerConfigKeys (ConfUtils.java:logGet(43)) - raft.server.log.statemachine.data.caching.enabled = true (custom)
2019-09-24 04:50:20,277 [pool-47-thread-1] INFO  server.RaftServerConfigKeys (ConfUtils.java:logGet(43)) - raft.server.log.segment.size.max = 1048576 (custom)
2019-09-24 04:50:20,277 [pool-27-thread-1] INFO  server.RaftServerConfigKeys (ConfUtils.java:logGet(43)) - raft.server.log.queue.element-limit = 1024 (custom)
2019-09-24 04:50:20,277 [pool-47-thread-1] INFO  server.RaftServerConfigKeys (ConfUtils.java:logGet(43)) - raft.server.log.preallocated.size = 16384 (custom)
2019-09-24 04:50:20,277 [pool-37-thread-1] INFO  segmented.SegmentedRaftLogWorker (SegmentedRaftLogWorker.java:lambda$new$0(132)) - efd7fae7-4092-45cf-9d0e-a0379204e7bf@group-12FAA0FBE9A7-SegmentedRaftLogWorker: flushIndex: setUnconditionally 0 -> -1
2019-09-24 04:50:20,278 [pool-47-thread-1] INFO  server.RaftServerConfigKeys (ConfUtils.java:logGet(43)) - raft.server.log.write.buffer.size = 33554432 (custom)
2019-09-24 04:50:20,278 [pool-27-thread-1] INFO  server.RaftServerConfigKeys (ConfUtils.java:logGet(43)) - raft.server.log.segment.size.max = 1048576 (custom)
2019-09-24 04:50:20,278 [pool-47-thread-1] INFO  server.RaftServerConfigKeys (ConfUtils.java:logGet(43)) - raft.server.log.force.sync.num = 128 (default)
2019-09-24 04:50:20,278 [pool-37-thread-1] INFO  server.RaftServerConfigKeys (ConfUtils.java:logGet(43)) - raft.server.snapshot.auto.trigger.enabled = true (custom)
2019-09-24 04:50:20,278 [pool-47-thread-1] INFO  server.RaftServerConfigKeys (ConfUtils.java:logGet(43)) - raft.server.log.statemachine.data.sync = true (default)
2019-09-24 04:50:20,278 [pool-27-thread-1] INFO  server.RaftServerConfigKeys (ConfUtils.java:logGet(43)) - raft.server.log.preallocated.size = 16384 (custom)
2019-09-24 04:50:20,279 [pool-47-thread-1] INFO  server.RaftServerConfigKeys (ConfUtils.java:logGet(43)) - raft.server.log.statemachine.data.sync.timeout = 10s (default)
2019-09-24 04:50:20,279 [pool-37-thread-1] INFO  server.RaftServerConfigKeys (ConfUtils.java:logGet(43)) - raft.server.snapshot.auto.trigger.threshold = 10000 (custom)
2019-09-24 04:50:20,279 [pool-47-thread-1] INFO  server.RaftServerConfigKeys (ConfUtils.java:logGet(43)) - raft.server.log.statemachine.data.sync.timeout.retry = -1 (default)
2019-09-24 04:50:20,279 [pool-27-thread-1] INFO  server.RaftServerConfigKeys (ConfUtils.java:logGet(43)) - raft.server.log.write.buffer.size = 33554432 (custom)
2019-09-24 04:50:20,280 [pool-47-thread-1] INFO  server.RaftServerConfigKeys (ConfUtils.java:logGet(43)) - raft.server.log.statemachine.data.caching.enabled = true (custom)
2019-09-24 04:50:20,279 [pool-37-thread-1] INFO  server.RaftServerConfigKeys (ConfUtils.java:logGet(43)) - raft.server.snapshot.retention.num.files = 5 (custom)
2019-09-24 04:50:20,280 [pool-27-thread-1] INFO  server.RaftServerConfigKeys (ConfUtils.java:logGet(43)) - raft.server.log.force.sync.num = 128 (default)
2019-09-24 04:50:20,280 [pool-37-thread-1] INFO  server.RaftServerConfigKeys (ConfUtils.java:logGet(43)) - raft.server.retrycache.expirytime = 600000ms (custom)
2019-09-24 04:50:20,280 [pool-27-thread-1] INFO  server.RaftServerConfigKeys (ConfUtils.java:logGet(43)) - raft.server.log.statemachine.data.sync = true (default)
2019-09-24 04:50:20,280 [pool-47-thread-1] INFO  segmented.SegmentedRaftLogWorker (SegmentedRaftLogWorker.java:lambda$new$0(132)) - a328bc32-4130-4923-86dd-5c71dd7c68c2@group-12FAA0FBE9A7-SegmentedRaftLogWorker: flushIndex: setUnconditionally 0 -> -1
2019-09-24 04:50:20,280 [pool-27-thread-1] INFO  server.RaftServerConfigKeys (ConfUtils.java:logGet(43)) - raft.server.log.statemachine.data.sync.timeout = 10s (default)
2019-09-24 04:50:20,281 [pool-27-thread-1] INFO  server.RaftServerConfigKeys (ConfUtils.java:logGet(43)) - raft.server.log.statemachine.data.sync.timeout.retry = -1 (default)
2019-09-24 04:50:20,281 [pool-47-thread-1] INFO  server.RaftServerConfigKeys (ConfUtils.java:logGet(43)) - raft.server.snapshot.auto.trigger.enabled = true (custom)
2019-09-24 04:50:20,281 [pool-27-thread-1] INFO  server.RaftServerConfigKeys (ConfUtils.java:logGet(43)) - raft.server.log.statemachine.data.caching.enabled = true (custom)
2019-09-24 04:50:20,281 [pool-47-thread-1] INFO  server.RaftServerConfigKeys (ConfUtils.java:logGet(43)) - raft.server.snapshot.auto.trigger.threshold = 10000 (custom)
2019-09-24 04:50:20,281 [pool-47-thread-1] INFO  server.RaftServerConfigKeys (ConfUtils.java:logGet(43)) - raft.server.snapshot.retention.num.files = 5 (custom)
2019-09-24 04:50:20,281 [pool-27-thread-1] INFO  segmented.SegmentedRaftLogWorker (SegmentedRaftLogWorker.java:lambda$new$0(132)) - 3aa36313-ed82-49b8-853c-2e777720787d@group-12FAA0FBE9A7-SegmentedRaftLogWorker: flushIndex: setUnconditionally 0 -> -1
2019-09-24 04:50:20,282 [pool-47-thread-1] INFO  server.RaftServerConfigKeys (ConfUtils.java:logGet(43)) - raft.server.retrycache.expirytime = 600000ms (custom)
2019-09-24 04:50:20,282 [pool-27-thread-1] INFO  server.RaftServerConfigKeys (ConfUtils.java:logGet(43)) - raft.server.snapshot.auto.trigger.enabled = true (custom)
2019-09-24 04:50:20,282 [pool-27-thread-1] INFO  server.RaftServerConfigKeys (ConfUtils.java:logGet(43)) - raft.server.snapshot.auto.trigger.threshold = 10000 (custom)
2019-09-24 04:50:20,282 [pool-27-thread-1] INFO  server.RaftServerConfigKeys (ConfUtils.java:logGet(43)) - raft.server.snapshot.retention.num.files = 5 (custom)
2019-09-24 04:50:20,282 [pool-27-thread-1] INFO  server.RaftServerConfigKeys (ConfUtils.java:logGet(43)) - raft.server.retrycache.expirytime = 600000ms (custom)
2019-09-24 04:50:20,285 [pool-37-thread-1] INFO  impl.RaftServerImpl (RaftServerImpl.java:start(185)) - efd7fae7-4092-45cf-9d0e-a0379204e7bf@group-12FAA0FBE9A7: start as a follower, conf=-1: [efd7fae7-4092-45cf-9d0e-a0379204e7bf:192.168.151.75:44181, 3aa36313-ed82-49b8-853c-2e777720787d:192.168.151.75:33267, a328bc32-4130-4923-86dd-5c71dd7c68c2:192.168.151.75:32951], old=null
2019-09-24 04:50:20,286 [pool-37-thread-1] INFO  impl.RaftServerImpl (RaftServerImpl.java:setRole(174)) - efd7fae7-4092-45cf-9d0e-a0379204e7bf@group-12FAA0FBE9A7: changes role from      null to FOLLOWER at term 0 for startAsFollower
2019-09-24 04:50:20,286 [pool-37-thread-1] INFO  impl.RoleInfo (RoleInfo.java:updateAndGet(143)) - efd7fae7-4092-45cf-9d0e-a0379204e7bf: start FollowerState
2019-09-24 04:50:20,286 [pool-37-thread-1] INFO  util.JmxRegister (JmxRegister.java:tryRegister(44)) - Successfully registered JMX Bean with object name Ratis:service=RaftServer,group=group-12FAA0FBE9A7,id=efd7fae7-4092-45cf-9d0e-a0379204e7bf
2019-09-24 04:50:20,288 [pool-27-thread-1] INFO  impl.RaftServerImpl (RaftServerImpl.java:start(185)) - 3aa36313-ed82-49b8-853c-2e777720787d@group-12FAA0FBE9A7: start as a follower, conf=-1: [efd7fae7-4092-45cf-9d0e-a0379204e7bf:192.168.151.75:44181, 3aa36313-ed82-49b8-853c-2e777720787d:192.168.151.75:33267, a328bc32-4130-4923-86dd-5c71dd7c68c2:192.168.151.75:32951], old=null
2019-09-24 04:50:20,288 [pool-47-thread-1] INFO  impl.RaftServerImpl (RaftServerImpl.java:start(185)) - a328bc32-4130-4923-86dd-5c71dd7c68c2@group-12FAA0FBE9A7: start as a follower, conf=-1: [efd7fae7-4092-45cf-9d0e-a0379204e7bf:192.168.151.75:44181, 3aa36313-ed82-49b8-853c-2e777720787d:192.168.151.75:33267, a328bc32-4130-4923-86dd-5c71dd7c68c2:192.168.151.75:32951], old=null
2019-09-24 04:50:20,288 [pool-27-thread-1] INFO  impl.RaftServerImpl (RaftServerImpl.java:setRole(174)) - 3aa36313-ed82-49b8-853c-2e777720787d@group-12FAA0FBE9A7: changes role from      null to FOLLOWER at term 0 for startAsFollower
2019-09-24 04:50:20,288 [pool-47-thread-1] INFO  impl.RaftServerImpl (RaftServerImpl.java:setRole(174)) - a328bc32-4130-4923-86dd-5c71dd7c68c2@group-12FAA0FBE9A7: changes role from      null to FOLLOWER at term 0 for startAsFollower
2019-09-24 04:50:20,290 [pool-27-thread-1] INFO  impl.RoleInfo (RoleInfo.java:updateAndGet(143)) - 3aa36313-ed82-49b8-853c-2e777720787d: start FollowerState
2019-09-24 04:50:20,290 [pool-47-thread-1] INFO  impl.RoleInfo (RoleInfo.java:updateAndGet(143)) - a328bc32-4130-4923-86dd-5c71dd7c68c2: start FollowerState
2019-09-24 04:50:20,291 [pool-27-thread-1] INFO  util.JmxRegister (JmxRegister.java:tryRegister(44)) - Successfully registered JMX Bean with object name Ratis:service=RaftServer,group=group-12FAA0FBE9A7,id=3aa36313-ed82-49b8-853c-2e777720787d
2019-09-24 04:50:20,292 [pool-47-thread-1] INFO  util.JmxRegister (JmxRegister.java:tryRegister(44)) - Successfully registered JMX Bean with object name Ratis:service=RaftServer,group=group-12FAA0FBE9A7,id=a328bc32-4130-4923-86dd-5c71dd7c68c2
2019-09-24 04:50:20,293 [Command processor thread] INFO  commandhandler.CreatePipelineCommandHandler (CreatePipelineCommandHandler.java:handle(116)) - Create Pipeline RATIS THREE #PipelineID=82c1f0bd-8a70-4418-9b0e-12faa0fbe9a7 command succeed on datanode efd7fae7-4092-45cf-9d0e-a0379204e7bf.
2019-09-24 04:50:20,304 [Command processor thread] INFO  commandhandler.CreatePipelineCommandHandler (CreatePipelineCommandHandler.java:handle(116)) - Create Pipeline RATIS THREE #PipelineID=82c1f0bd-8a70-4418-9b0e-12faa0fbe9a7 command succeed on datanode 3aa36313-ed82-49b8-853c-2e777720787d.
2019-09-24 04:50:20,309 [Command processor thread] INFO  commandhandler.CreatePipelineCommandHandler (CreatePipelineCommandHandler.java:handle(116)) - Create Pipeline RATIS THREE #PipelineID=82c1f0bd-8a70-4418-9b0e-12faa0fbe9a7 command succeed on datanode a328bc32-4130-4923-86dd-5c71dd7c68c2.
2019-09-24 04:50:20,345 [main] INFO  ozone.MiniOzoneClusterImpl (MiniOzoneClusterImpl.java:lambda$waitForClusterToBeReady$0(150)) - Nodes are ready. Got 5 of 5 DN Heartbeats.
2019-09-24 04:50:20,346 [main] INFO  ozone.MiniOzoneClusterImpl (MiniOzoneClusterImpl.java:lambda$waitForClusterToBeReady$0(153)) - Waiting for cluster to exit safe mode
2019-09-24 04:50:20,352 [EventQueue-CreatePipelineStatusForSCMPipelineManager] INFO  pipeline.SCMPipelineManager (SCMPipelineManager.java:onMessage(505)) - receive pipeline PipelineID=0b3c4a01-a641-4163-b2da-dfaae1fe882d create status EXECUTED
2019-09-24 04:50:20,354 [EventQueue-CreatePipelineStatusForSCMPipelineManager] INFO  pipeline.PipelineStateManager (PipelineStateManager.java:openPipeline(134)) - Pipeline Pipeline[ Id: 0b3c4a01-a641-4163-b2da-dfaae1fe882d, Nodes: 9cd035be-46cc-4646-826d-80cc04ab3ded{ip: 192.168.151.75, host: pr-hdds-2034-r6745-1453098948, networkLocation: /default-rack, certSerialId: null}, Type:RATIS, Factor:ONE, State:ALLOCATED] moved to OPEN state
add pipeline PipelineID=0b3c4a01-a641-4163-b2da-dfaae1fe882d to metrics map
2019-09-24 04:50:20,355 [EventQueue-OpenPipelineForOneReplicaPipelineSafeModeRule] INFO  safemode.OneReplicaPipelineSafeModeRule (OneReplicaPipelineSafeModeRule.java:validate(96)) - OneReplicaPipelineSafeModeRule rule satisfied
2019-09-24 04:50:20,356 [EventQueue-OpenPipelineForOneReplicaPipelineSafeModeRule] INFO  safemode.SCMSafeModeManager (SCMSafeModeManager.java:validateSafeModeExitRules(169)) - AtleastOneDatanodeReportedRule rule is successfully validated
2019-09-24 04:50:20,356 [EventQueue-OpenPipelineForHealthyPipelineSafeModeRule] INFO  safemode.SCMSafeModeManager (HealthyPipelineSafeModeRule.java:process(123)) - SCM in safe mode. Healthy pipelines reported count is 1, required healthy pipeline reported count is 1
2019-09-24 04:50:20,356 [EventQueue-OpenPipelineForHealthyPipelineSafeModeRule] INFO  safemode.HealthyPipelineSafeModeRule (HealthyPipelineSafeModeRule.java:validate(104)) - HealthyPipelineSafeModeRule rule satisfied
2019-09-24 04:50:20,356 [EventQueue-OpenPipelineForHealthyPipelineSafeModeRule] INFO  safemode.SCMSafeModeManager (SCMSafeModeManager.java:validateSafeModeExitRules(169)) - HealthyPipelineSafeModeRule rule is successfully validated
2019-09-24 04:50:20,356 [EventQueue-OpenPipelineForHealthyPipelineSafeModeRule] INFO  safemode.SCMSafeModeManager (SCMSafeModeManager.java:validateSafeModeExitRules(178)) - ScmSafeModeManager, all rules are successfully validated
2019-09-24 04:50:20,356 [EventQueue-OpenPipelineForHealthyPipelineSafeModeRule] INFO  safemode.SCMSafeModeManager (SCMSafeModeManager.java:exitSafeMode(194)) - SCM exiting safe mode.
2019-09-24 04:50:21,268 [EventQueue-CreatePipelineStatusForSCMPipelineManager] INFO  pipeline.SCMPipelineManager (SCMPipelineManager.java:onMessage(505)) - receive pipeline PipelineID=22fcddc8-b385-430a-ad9b-1e6578b0c30a create status EXECUTED
2019-09-24 04:50:21,269 [EventQueue-CreatePipelineStatusForSCMPipelineManager] INFO  pipeline.PipelineStateManager (PipelineStateManager.java:openPipeline(134)) - Pipeline Pipeline[ Id: 22fcddc8-b385-430a-ad9b-1e6578b0c30a, Nodes: 363d3087-a5a4-44aa-b064-a686fd12cab1{ip: 192.168.151.75, host: pr-hdds-2034-r6745-1453098948, networkLocation: /default-rack, certSerialId: null}, Type:RATIS, Factor:ONE, State:ALLOCATED] moved to OPEN state
add pipeline PipelineID=22fcddc8-b385-430a-ad9b-1e6578b0c30a to metrics map
2019-09-24 04:50:21,347 [main] INFO  ozone.MiniOzoneClusterImpl (MiniOzoneClusterImpl.java:lambda$waitForClusterToBeReady$0(150)) - Nodes are ready. Got 5 of 5 DN Heartbeats.
2019-09-24 04:50:21,347 [main] INFO  ozone.MiniOzoneClusterImpl (MiniOzoneClusterImpl.java:lambda$waitForClusterToBeReady$0(153)) - Cluster exits safe mode
2019-09-24 04:50:21,350 [main] INFO  ozone.MiniOzoneClusterImpl (MiniOzoneClusterImpl.java:shutdown(320)) - Shutting down the Mini Ozone Cluster
2019-09-24 04:50:21,351 [main] INFO  ozone.MiniOzoneClusterImpl (MiniOzoneClusterImpl.java:stop(336)) - Stopping the Mini Ozone Cluster
2019-09-24 04:50:21,351 [main] INFO  ozone.MiniOzoneClusterImpl (MiniOzoneClusterImpl.java:stopOM(406)) - Stopping the OzoneManager
2019-09-24 04:50:21,351 [main] INFO  ipc.Server (Server.java:stop(3082)) - Stopping server on 38901
2019-09-24 04:50:21,365 [IPC Server listener on 38901] INFO  ipc.Server (Server.java:run(1185)) - Stopping IPC Server listener on 38901
2019-09-24 04:50:21,368 [main] INFO  ratis.OzoneManagerDoubleBuffer (OzoneManagerDoubleBuffer.java:stop(248)) - Stopping OMDoubleBuffer flush thread
2019-09-24 04:50:21,377 [IPC Server Responder] INFO  ipc.Server (Server.java:run(1319)) - Stopping IPC Server Responder
2019-09-24 04:50:21,378 [OMDoubleBufferFlushThread] INFO  ratis.OzoneManagerDoubleBuffer (OzoneManagerDoubleBuffer.java:flushTransactions(191)) - OMDoubleBuffer flush thread OMDoubleBufferFlushThread is interrupted and will exit. OMDoubleBufferFlushThread
2019-09-24 04:50:21,380 [main] INFO  utils.BackgroundService (BackgroundService.java:shutdown(148)) - Shutting down service KeyDeletingService
2019-09-24 04:50:21,388 [main] INFO  handler.ContextHandler (ContextHandler.java:doStop(910)) - Stopped o.e.j.w.WebAppContext@2dbd803f{/,null,UNAVAILABLE}{/ozoneManager}
2019-09-24 04:50:21,396 [main] INFO  server.AbstractConnector (AbstractConnector.java:doStop(318)) - Stopped ServerConnector@3e48e859{HTTP/1.1,[http/1.1]}{0.0.0.0:0}
2019-09-24 04:50:21,397 [main] INFO  handler.ContextHandler (ContextHandler.java:doStop(910)) - Stopped o.e.j.s.ServletContextHandler@40ee0a22{/static,file:///workdir/hadoop-ozone/integration-test/target/test-classes/webapps/static,UNAVAILABLE}
2019-09-24 04:50:21,397 [main] INFO  handler.ContextHandler (ContextHandler.java:doStop(910)) - Stopped o.e.j.s.ServletContextHandler@4a9486c0{/logs,file:///workdir/hadoop-ozone/integration-test/target/log,UNAVAILABLE}
2019-09-24 04:50:21,402 [main] INFO  ozone.MiniOzoneClusterImpl (MiniOzoneClusterImpl.java:stopDatanodes(383)) - Stopping the HddsDatanodes
2019-09-24 04:50:22,011 [EventQueue-CreatePipelineStatusForSCMPipelineManager] INFO  pipeline.SCMPipelineManager (SCMPipelineManager.java:onMessage(505)) - receive pipeline PipelineID=82c1f0bd-8a70-4418-9b0e-12faa0fbe9a7 create status EXECUTED
2019-09-24 04:50:22,012 [EventQueue-CreatePipelineStatusForSCMPipelineManager] INFO  pipeline.PipelineStateManager (PipelineStateManager.java:openPipeline(134)) - Pipeline Pipeline[ Id: 82c1f0bd-8a70-4418-9b0e-12faa0fbe9a7, Nodes: a328bc32-4130-4923-86dd-5c71dd7c68c2{ip: 192.168.151.75, host: pr-hdds-2034-r6745-1453098948, networkLocation: /default-rack, certSerialId: null}3aa36313-ed82-49b8-853c-2e777720787d{ip: 192.168.151.75, host: pr-hdds-2034-r6745-1453098948, networkLocation: /default-rack, certSerialId: null}efd7fae7-4092-45cf-9d0e-a0379204e7bf{ip: 192.168.151.75, host: pr-hdds-2034-r6745-1453098948, networkLocation: /default-rack, certSerialId: null}, Type:RATIS, Factor:THREE, State:ALLOCATED] moved to OPEN state
add pipeline PipelineID=82c1f0bd-8a70-4418-9b0e-12faa0fbe9a7 to metrics map
2019-09-24 04:50:22,012 [EventQueue-CreatePipelineStatusForSCMPipelineManager] INFO  pipeline.SCMPipelineManager (SCMPipelineManager.java:onMessage(505)) - receive pipeline PipelineID=d42f4070-9b97-486f-b6b3-fa695471cec0 create status EXECUTED
2019-09-24 04:50:22,012 [EventQueue-CreatePipelineStatusForSCMPipelineManager] INFO  pipeline.PipelineStateManager (PipelineStateManager.java:openPipeline(134)) - Pipeline Pipeline[ Id: d42f4070-9b97-486f-b6b3-fa695471cec0, Nodes: 3aa36313-ed82-49b8-853c-2e777720787d{ip: 192.168.151.75, host: pr-hdds-2034-r6745-1453098948, networkLocation: /default-rack, certSerialId: null}, Type:RATIS, Factor:ONE, State:ALLOCATED] moved to OPEN state
add pipeline PipelineID=d42f4070-9b97-486f-b6b3-fa695471cec0 to metrics map
2019-09-24 04:50:22,076 [Datanode State Machine Thread - 0] INFO  statemachine.DatanodeStateMachine (DatanodeStateMachine.java:lambda$startDaemon$0(356)) - Ozone container server started.
2019-09-24 04:50:22,176 [Datanode State Machine Thread - 0] INFO  statemachine.DatanodeStateMachine (DatanodeStateMachine.java:lambda$startDaemon$0(356)) - Ozone container server started.
2019-09-24 04:50:23,364 [Thread-237] INFO  container.ReplicationManager (ReplicationManager.java:start(163)) - Starting Replication Monitor Thread.
2019-09-24 04:50:23,367 [ReplicationMonitor] INFO  container.ReplicationManager (ReplicationManager.java:run(226)) - Replication Monitor Thread took 1 milliseconds for processing 0 containers.
2019-09-24 04:50:25,196 [Thread-213] INFO  impl.FollowerState (FollowerState.java:run(106)) - 9cd035be-46cc-4646-826d-80cc04ab3ded:group-DFAAE1FE882D changes to CANDIDATE, lastRpcTime:5076, electionTimeout:5075ms
2019-09-24 04:50:25,199 [Thread-213] INFO  impl.RoleInfo (RoleInfo.java:shutdownFollowerState(121)) - 9cd035be-46cc-4646-826d-80cc04ab3ded: shutdown FollowerState
2019-09-24 04:50:25,199 [Thread-213] INFO  impl.RaftServerImpl (RaftServerImpl.java:setRole(174)) - 9cd035be-46cc-4646-826d-80cc04ab3ded@group-DFAAE1FE882D: changes role from  FOLLOWER to CANDIDATE at term 0 for changeToCandidate
2019-09-24 04:50:25,205 [Thread-213] INFO  impl.RoleInfo (RoleInfo.java:updateAndGet(143)) - 9cd035be-46cc-4646-826d-80cc04ab3ded: start LeaderElection
2019-09-24 04:50:25,236 [9cd035be-46cc-4646-826d-80cc04ab3ded@group-DFAAE1FE882D:LeaderElection1] INFO  impl.LeaderElection (LeaderElection.java:askForVotes(182)) - 9cd035be-46cc-4646-826d-80cc04ab3ded@group-DFAAE1FE882D:LeaderElection1: begin an election at term 1 for -1: [9cd035be-46cc-4646-826d-80cc04ab3ded:192.168.151.75:35389], old=null
2019-09-24 04:50:25,238 [9cd035be-46cc-4646-826d-80cc04ab3ded@group-DFAAE1FE882D:LeaderElection1] INFO  impl.RoleInfo (RoleInfo.java:shutdownLeaderElection(134)) - 9cd035be-46cc-4646-826d-80cc04ab3ded: shutdown LeaderElection
2019-09-24 04:50:25,239 [9cd035be-46cc-4646-826d-80cc04ab3ded@group-DFAAE1FE882D:LeaderElection1] INFO  impl.RaftServerImpl (RaftServerImpl.java:setRole(174)) - 9cd035be-46cc-4646-826d-80cc04ab3ded@group-DFAAE1FE882D: changes role from CANDIDATE to LEADER at term 1 for changeToLeader
2019-09-24 04:50:25,239 [9cd035be-46cc-4646-826d-80cc04ab3ded@group-DFAAE1FE882D:LeaderElection1] INFO  impl.RaftServerImpl (ServerState.java:setLeader(253)) - 9cd035be-46cc-4646-826d-80cc04ab3ded@group-DFAAE1FE882D: change Leader from null to 9cd035be-46cc-4646-826d-80cc04ab3ded at term 1 for becomeLeader, leader elected after 5309ms
2019-09-24 04:50:25,249 [Thread-217] INFO  impl.FollowerState (FollowerState.java:run(106)) - a328bc32-4130-4923-86dd-5c71dd7c68c2:group-4DF45A7B70F2 changes to CANDIDATE, lastRpcTime:5124, electionTimeout:5123ms
2019-09-24 04:50:25,250 [9cd035be-46cc-4646-826d-80cc04ab3ded@group-DFAAE1FE882D:LeaderElection1] INFO  server.RaftServerConfigKeys (ConfUtils.java:logGet(43)) - raft.server.staging.catchup.gap = 1000 (default)
2019-09-24 04:50:25,250 [Thread-217] INFO  impl.RoleInfo (RoleInfo.java:shutdownFollowerState(121)) - a328bc32-4130-4923-86dd-5c71dd7c68c2: shutdown FollowerState
2019-09-24 04:50:25,250 [9cd035be-46cc-4646-826d-80cc04ab3ded@group-DFAAE1FE882D:LeaderElection1] INFO  server.RaftServerConfigKeys (ConfUtils.java:logGet(43)) - raft.server.rpc.sleep.time = 25ms (default)
2019-09-24 04:50:25,250 [Thread-217] INFO  impl.RaftServerImpl (RaftServerImpl.java:setRole(174)) - a328bc32-4130-4923-86dd-5c71dd7c68c2@group-4DF45A7B70F2: changes role from  FOLLOWER to CANDIDATE at term 0 for changeToCandidate
2019-09-24 04:50:25,250 [Thread-217] INFO  impl.RoleInfo (RoleInfo.java:updateAndGet(143)) - a328bc32-4130-4923-86dd-5c71dd7c68c2: start LeaderElection
2019-09-24 04:50:25,255 [Thread-215] INFO  impl.FollowerState (FollowerState.java:run(106)) - efd7fae7-4092-45cf-9d0e-a0379204e7bf:group-65E4974B0F29 changes to CANDIDATE, lastRpcTime:5133, electionTimeout:5132ms
2019-09-24 04:50:25,256 [Thread-215] INFO  impl.RoleInfo (RoleInfo.java:shutdownFollowerState(121)) - efd7fae7-4092-45cf-9d0e-a0379204e7bf: shutdown FollowerState
2019-09-24 04:50:25,256 [Thread-215] INFO  impl.RaftServerImpl (RaftServerImpl.java:setRole(174)) - efd7fae7-4092-45cf-9d0e-a0379204e7bf@group-65E4974B0F29: changes role from  FOLLOWER to CANDIDATE at term 0 for changeToCandidate
2019-09-24 04:50:25,256 [Thread-215] INFO  impl.RoleInfo (RoleInfo.java:updateAndGet(143)) - efd7fae7-4092-45cf-9d0e-a0379204e7bf: start LeaderElection
2019-09-24 04:50:25,260 [9cd035be-46cc-4646-826d-80cc04ab3ded@group-DFAAE1FE882D:LeaderElection1] INFO  server.RaftServerConfigKeys (ConfUtils.java:logGet(43)) - raft.server.write.element-limit = 4096 (default)
2019-09-24 04:50:25,263 [9cd035be-46cc-4646-826d-80cc04ab3ded@group-DFAAE1FE882D:LeaderElection1] INFO  server.RaftServerConfigKeys (ConfUtils.java:logGet(43)) - raft.server.watch.timeout = 10s (default)
2019-09-24 04:50:25,263 [9cd035be-46cc-4646-826d-80cc04ab3ded@group-DFAAE1FE882D:LeaderElection1] INFO  server.RaftServerConfigKeys (ConfUtils.java:logGet(43)) - raft.server.watch.timeout.denomination = 1s (default)
2019-09-24 04:50:25,264 [9cd035be-46cc-4646-826d-80cc04ab3ded@group-DFAAE1FE882D:LeaderElection1] INFO  server.RaftServerConfigKeys (ConfUtils.java:logGet(43)) - raft.server.watch.element-limit = 65536 (default)
2019-09-24 04:50:25,280 [9cd035be-46cc-4646-826d-80cc04ab3ded@group-DFAAE1FE882D:LeaderElection1] INFO  impl.RoleInfo (RoleInfo.java:updateAndGet(143)) - 9cd035be-46cc-4646-826d-80cc04ab3ded: start LeaderState
2019-09-24 04:50:25,280 [efd7fae7-4092-45cf-9d0e-a0379204e7bf@group-65E4974B0F29:LeaderElection3] INFO  impl.LeaderElection (LeaderElection.java:askForVotes(182)) - efd7fae7-4092-45cf-9d0e-a0379204e7bf@group-65E4974B0F29:LeaderElection3: begin an election at term 1 for -1: [efd7fae7-4092-45cf-9d0e-a0379204e7bf:192.168.151.75:44181], old=null
2019-09-24 04:50:25,280 [a328bc32-4130-4923-86dd-5c71dd7c68c2@group-4DF45A7B70F2:LeaderElection2] INFO  impl.LeaderElection (LeaderElection.java:askForVotes(182)) - a328bc32-4130-4923-86dd-5c71dd7c68c2@group-4DF45A7B70F2:LeaderElection2: begin an election at term 1 for -1: [a328bc32-4130-4923-86dd-5c71dd7c68c2:192.168.151.75:32951], old=null
2019-09-24 04:50:25,280 [efd7fae7-4092-45cf-9d0e-a0379204e7bf@group-65E4974B0F29:LeaderElection3] INFO  impl.RoleInfo (RoleInfo.java:shutdownLeaderElection(134)) - efd7fae7-4092-45cf-9d0e-a0379204e7bf: shutdown LeaderElection
2019-09-24 04:50:25,281 [a328bc32-4130-4923-86dd-5c71dd7c68c2@group-4DF45A7B70F2:LeaderElection2] INFO  impl.RoleInfo (RoleInfo.java:shutdownLeaderElection(134)) - a328bc32-4130-4923-86dd-5c71dd7c68c2: shutdown LeaderElection
2019-09-24 04:50:25,281 [efd7fae7-4092-45cf-9d0e-a0379204e7bf@group-65E4974B0F29:LeaderElection3] INFO  impl.RaftServerImpl (RaftServerImpl.java:setRole(174)) - efd7fae7-4092-45cf-9d0e-a0379204e7bf@group-65E4974B0F29: changes role from CANDIDATE to LEADER at term 1 for changeToLeader
2019-09-24 04:50:25,281 [a328bc32-4130-4923-86dd-5c71dd7c68c2@group-4DF45A7B70F2:LeaderElection2] INFO  impl.RaftServerImpl (RaftServerImpl.java:setRole(174)) - a328bc32-4130-4923-86dd-5c71dd7c68c2@group-4DF45A7B70F2: changes role from CANDIDATE to LEADER at term 1 for changeToLeader
2019-09-24 04:50:25,281 [efd7fae7-4092-45cf-9d0e-a0379204e7bf@group-65E4974B0F29:LeaderElection3] INFO  impl.RaftServerImpl (ServerState.java:setLeader(253)) - efd7fae7-4092-45cf-9d0e-a0379204e7bf@group-65E4974B0F29: change Leader from null to efd7fae7-4092-45cf-9d0e-a0379204e7bf at term 1 for becomeLeader, leader elected after 5351ms
2019-09-24 04:50:25,281 [a328bc32-4130-4923-86dd-5c71dd7c68c2@group-4DF45A7B70F2:LeaderElection2] INFO  impl.RaftServerImpl (ServerState.java:setLeader(253)) - a328bc32-4130-4923-86dd-5c71dd7c68c2@group-4DF45A7B70F2: change Leader from null to a328bc32-4130-4923-86dd-5c71dd7c68c2 at term 1 for becomeLeader, leader elected after 5350ms
2019-09-24 04:50:25,283 [efd7fae7-4092-45cf-9d0e-a0379204e7bf@group-65E4974B0F29:LeaderElection3] INFO  server.RaftServerConfigKeys (ConfUtils.java:logGet(43)) - raft.server.staging.catchup.gap = 1000 (default)
2019-09-24 04:50:25,286 [a328bc32-4130-4923-86dd-5c71dd7c68c2@group-4DF45A7B70F2:LeaderElection2] INFO  server.RaftServerConfigKeys (ConfUtils.java:logGet(43)) - raft.server.staging.catchup.gap = 1000 (default)
2019-09-24 04:50:25,286 [efd7fae7-4092-45cf-9d0e-a0379204e7bf@group-65E4974B0F29:LeaderElection3] INFO  server.RaftServerConfigKeys (ConfUtils.java:logGet(43)) - raft.server.rpc.sleep.time = 25ms (default)
2019-09-24 04:50:25,286 [a328bc32-4130-4923-86dd-5c71dd7c68c2@group-4DF45A7B70F2:LeaderElection2] INFO  server.RaftServerConfigKeys (ConfUtils.java:logGet(43)) - raft.server.rpc.sleep.time = 25ms (default)
2019-09-24 04:50:25,286 [efd7fae7-4092-45cf-9d0e-a0379204e7bf@group-65E4974B0F29:LeaderElection3] INFO  server.RaftServerConfigKeys (ConfUtils.java:logGet(43)) - raft.server.write.element-limit = 4096 (default)
2019-09-24 04:50:25,286 [Thread-226] INFO  impl.FollowerState (FollowerState.java:run(106)) - efd7fae7-4092-45cf-9d0e-a0379204e7bf:group-12FAA0FBE9A7 changes to CANDIDATE, lastRpcTime:5000, electionTimeout:5000ms
2019-09-24 04:50:25,287 [efd7fae7-4092-45cf-9d0e-a0379204e7bf@group-65E4974B0F29:LeaderElection3] INFO  server.RaftServerConfigKeys (ConfUtils.java:logGet(43)) - raft.server.watch.timeout = 10s (default)
2019-09-24 04:50:25,287 [a328bc32-4130-4923-86dd-5c71dd7c68c2@group-4DF45A7B70F2:LeaderElection2] INFO  server.RaftServerConfigKeys (ConfUtils.java:logGet(43)) - raft.server.write.element-limit = 4096 (default)
2019-09-24 04:50:25,287 [Thread-226] INFO  impl.RoleInfo (RoleInfo.java:shutdownFollowerState(121)) - efd7fae7-4092-45cf-9d0e-a0379204e7bf: shutdown FollowerState
2019-09-24 04:50:25,287 [efd7fae7-4092-45cf-9d0e-a0379204e7bf@group-65E4974B0F29:LeaderElection3] INFO  server.RaftServerConfigKeys (ConfUtils.java:logGet(43)) - raft.server.watch.timeout.denomination = 1s (default)
2019-09-24 04:50:25,287 [Thread-226] INFO  impl.RaftServerImpl (RaftServerImpl.java:setRole(174)) - efd7fae7-4092-45cf-9d0e-a0379204e7bf@group-12FAA0FBE9A7: changes role from  FOLLOWER to CANDIDATE at term 0 for changeToCandidate
2019-09-24 04:50:25,287 [a328bc32-4130-4923-86dd-5c71dd7c68c2@group-4DF45A7B70F2:LeaderElection2] INFO  server.RaftServerConfigKeys (ConfUtils.java:logGet(43)) - raft.server.watch.timeout = 10s (default)
2019-09-24 04:50:25,288 [Thread-226] INFO  impl.RoleInfo (RoleInfo.java:updateAndGet(143)) - efd7fae7-4092-45cf-9d0e-a0379204e7bf: start LeaderElection
2019-09-24 04:50:25,288 [efd7fae7-4092-45cf-9d0e-a0379204e7bf@group-65E4974B0F29:LeaderElection3] INFO  server.RaftServerConfigKeys (ConfUtils.java:logGet(43)) - raft.server.watch.element-limit = 65536 (default)
2019-09-24 04:50:25,288 [a328bc32-4130-4923-86dd-5c71dd7c68c2@group-4DF45A7B70F2:LeaderElection2] INFO  server.RaftServerConfigKeys (ConfUtils.java:logGet(43)) - raft.server.watch.timeout.denomination = 1s (default)
2019-09-24 04:50:25,291 [a328bc32-4130-4923-86dd-5c71dd7c68c2@group-4DF45A7B70F2:LeaderElection2] INFO  server.RaftServerConfigKeys (ConfUtils.java:logGet(43)) - raft.server.watch.element-limit = 65536 (default)
2019-09-24 04:50:25,296 [efd7fae7-4092-45cf-9d0e-a0379204e7bf@group-65E4974B0F29:LeaderElection3] INFO  impl.RoleInfo (RoleInfo.java:updateAndGet(143)) - efd7fae7-4092-45cf-9d0e-a0379204e7bf: start LeaderState
2019-09-24 04:50:25,297 [a328bc32-4130-4923-86dd-5c71dd7c68c2@group-4DF45A7B70F2:LeaderElection2] INFO  impl.RoleInfo (RoleInfo.java:updateAndGet(143)) - a328bc32-4130-4923-86dd-5c71dd7c68c2: start LeaderState
2019-09-24 04:50:25,304 [efd7fae7-4092-45cf-9d0e-a0379204e7bf@group-12FAA0FBE9A7:LeaderElection4] INFO  impl.LeaderElection (LeaderElection.java:askForVotes(182)) - efd7fae7-4092-45cf-9d0e-a0379204e7bf@group-12FAA0FBE9A7:LeaderElection4: begin an election at term 1 for -1: [efd7fae7-4092-45cf-9d0e-a0379204e7bf:192.168.151.75:44181, 3aa36313-ed82-49b8-853c-2e777720787d:192.168.151.75:33267, a328bc32-4130-4923-86dd-5c71dd7c68c2:192.168.151.75:32951], old=null
2019-09-24 04:50:25,310 [Thread-228] INFO  impl.FollowerState (FollowerState.java:run(106)) - 3aa36313-ed82-49b8-853c-2e777720787d:group-12FAA0FBE9A7 changes to CANDIDATE, lastRpcTime:5020, electionTimeout:5018ms
2019-09-24 04:50:25,313 [Thread-214] INFO  impl.FollowerState (FollowerState.java:run(106)) - 3aa36313-ed82-49b8-853c-2e777720787d:group-FA695471CEC0 changes to CANDIDATE, lastRpcTime:5192, electionTimeout:5188ms
2019-09-24 04:50:25,313 [Thread-228] INFO  impl.RoleInfo (RoleInfo.java:shutdownFollowerState(121)) - 3aa36313-ed82-49b8-853c-2e777720787d: shutdown FollowerState
2019-09-24 04:50:25,313 [Thread-228] INFO  impl.RaftServerImpl (RaftServerImpl.java:setRole(174)) - 3aa36313-ed82-49b8-853c-2e777720787d@group-12FAA0FBE9A7: changes role from  FOLLOWER to CANDIDATE at term 0 for changeToCandidate
2019-09-24 04:50:25,314 [Thread-228] INFO  impl.RoleInfo (RoleInfo.java:updateAndGet(143)) - 3aa36313-ed82-49b8-853c-2e777720787d: start LeaderElection
2019-09-24 04:50:25,314 [Thread-214] INFO  impl.RoleInfo (RoleInfo.java:shutdownFollowerState(121)) - 3aa36313-ed82-49b8-853c-2e777720787d: shutdown FollowerState
2019-09-24 04:50:25,314 [Thread-214] INFO  impl.RaftServerImpl (RaftServerImpl.java:setRole(174)) - 3aa36313-ed82-49b8-853c-2e777720787d@group-FA695471CEC0: changes role from  FOLLOWER to CANDIDATE at term 0 for changeToCandidate
2019-09-24 04:50:25,318 [Thread-214] INFO  impl.RoleInfo (RoleInfo.java:updateAndGet(143)) - 3aa36313-ed82-49b8-853c-2e777720787d: start LeaderElection
2019-09-24 04:50:25,319 [Thread-216] INFO  impl.FollowerState (FollowerState.java:run(106)) - 363d3087-a5a4-44aa-b064-a686fd12cab1:group-1E6578B0C30A changes to CANDIDATE, lastRpcTime:5196, electionTimeout:5195ms
2019-09-24 04:50:25,319 [Thread-216] INFO  impl.RoleInfo (RoleInfo.java:shutdownFollowerState(121)) - 363d3087-a5a4-44aa-b064-a686fd12cab1: shutdown FollowerState
2019-09-24 04:50:25,319 [Thread-216] INFO  impl.RaftServerImpl (RaftServerImpl.java:setRole(174)) - 363d3087-a5a4-44aa-b064-a686fd12cab1@group-1E6578B0C30A: changes role from  FOLLOWER to CANDIDATE at term 0 for changeToCandidate
2019-09-24 04:50:25,323 [a328bc32-4130-4923-86dd-5c71dd7c68c2@group-4DF45A7B70F2:LeaderElection2] INFO  segmented.SegmentedRaftLogWorker (SegmentedRaftLogWorker.java:startLogSegment(380)) - a328bc32-4130-4923-86dd-5c71dd7c68c2@group-4DF45A7B70F2-SegmentedRaftLogWorker: Starting segment from index:0
2019-09-24 04:50:25,327 [9cd035be-46cc-4646-826d-80cc04ab3ded@group-DFAAE1FE882D:LeaderElection1] INFO  segmented.SegmentedRaftLogWorker (SegmentedRaftLogWorker.java:startLogSegment(380)) - 9cd035be-46cc-4646-826d-80cc04ab3ded@group-DFAAE1FE882D-SegmentedRaftLogWorker: Starting segment from index:0
2019-09-24 04:50:25,323 [efd7fae7-4092-45cf-9d0e-a0379204e7bf@group-65E4974B0F29:LeaderElection3] INFO  segmented.SegmentedRaftLogWorker (SegmentedRaftLogWorker.java:startLogSegment(380)) - efd7fae7-4092-45cf-9d0e-a0379204e7bf@group-65E4974B0F29-SegmentedRaftLogWorker: Starting segment from index:0
2019-09-24 04:50:25,327 [Thread-216] INFO  impl.RoleInfo (RoleInfo.java:updateAndGet(143)) - 363d3087-a5a4-44aa-b064-a686fd12cab1: start LeaderElection
2019-09-24 04:50:25,348 [9cd035be-46cc-4646-826d-80cc04ab3ded@group-DFAAE1FE882D:LeaderElection1] INFO  impl.RaftServerImpl (ServerState.java:setRaftConf(354)) - 9cd035be-46cc-4646-826d-80cc04ab3ded@group-DFAAE1FE882D: set configuration 0: [9cd035be-46cc-4646-826d-80cc04ab3ded:192.168.151.75:35389], old=null at 0
2019-09-24 04:50:25,348 [efd7fae7-4092-45cf-9d0e-a0379204e7bf@group-65E4974B0F29:LeaderElection3] INFO  impl.RaftServerImpl (ServerState.java:setRaftConf(354)) - efd7fae7-4092-45cf-9d0e-a0379204e7bf@group-65E4974B0F29: set configuration 0: [efd7fae7-4092-45cf-9d0e-a0379204e7bf:192.168.151.75:44181], old=null at 0
2019-09-24 04:50:25,348 [a328bc32-4130-4923-86dd-5c71dd7c68c2@group-4DF45A7B70F2:LeaderElection2] INFO  impl.RaftServerImpl (ServerState.java:setRaftConf(354)) - a328bc32-4130-4923-86dd-5c71dd7c68c2@group-4DF45A7B70F2: set configuration 0: [a328bc32-4130-4923-86dd-5c71dd7c68c2:192.168.151.75:32951], old=null at 0
2019-09-24 04:50:25,353 [363d3087-a5a4-44aa-b064-a686fd12cab1@group-1E6578B0C30A:LeaderElection7] INFO  impl.LeaderElection (LeaderElection.java:askForVotes(182)) - 363d3087-a5a4-44aa-b064-a686fd12cab1@group-1E6578B0C30A:LeaderElection7: begin an election at term 1 for -1: [363d3087-a5a4-44aa-b064-a686fd12cab1:192.168.151.75:33216], old=null
2019-09-24 04:50:25,353 [3aa36313-ed82-49b8-853c-2e777720787d@group-FA695471CEC0:LeaderElection6] INFO  impl.LeaderElection (LeaderElection.java:askForVotes(182)) - 3aa36313-ed82-49b8-853c-2e777720787d@group-FA695471CEC0:LeaderElection6: begin an election at term 1 for -1: [3aa36313-ed82-49b8-853c-2e777720787d:192.168.151.75:33267], old=null
2019-09-24 04:50:25,353 [363d3087-a5a4-44aa-b064-a686fd12cab1@group-1E6578B0C30A:LeaderElection7] INFO  impl.RoleInfo (RoleInfo.java:shutdownLeaderElection(134)) - 363d3087-a5a4-44aa-b064-a686fd12cab1: shutdown LeaderElection
2019-09-24 04:50:25,353 [3aa36313-ed82-49b8-853c-2e777720787d@group-12FAA0FBE9A7:LeaderElection5] INFO  impl.LeaderElection (LeaderElection.java:askForVotes(182)) - 3aa36313-ed82-49b8-853c-2e777720787d@group-12FAA0FBE9A7:LeaderElection5: begin an election at term 1 for -1: [efd7fae7-4092-45cf-9d0e-a0379204e7bf:192.168.151.75:44181, 3aa36313-ed82-49b8-853c-2e777720787d:192.168.151.75:33267, a328bc32-4130-4923-86dd-5c71dd7c68c2:192.168.151.75:32951], old=null
2019-09-24 04:50:25,353 [363d3087-a5a4-44aa-b064-a686fd12cab1@group-1E6578B0C30A:LeaderElection7] INFO  impl.RaftServerImpl (RaftServerImpl.java:setRole(174)) - 363d3087-a5a4-44aa-b064-a686fd12cab1@group-1E6578B0C30A: changes role from CANDIDATE to LEADER at term 1 for changeToLeader
2019-09-24 04:50:25,353 [3aa36313-ed82-49b8-853c-2e777720787d@group-FA695471CEC0:LeaderElection6] INFO  impl.RoleInfo (RoleInfo.java:shutdownLeaderElection(134)) - 3aa36313-ed82-49b8-853c-2e777720787d: shutdown LeaderElection
2019-09-24 04:50:25,354 [363d3087-a5a4-44aa-b064-a686fd12cab1@group-1E6578B0C30A:LeaderElection7] INFO  impl.RaftServerImpl (ServerState.java:setLeader(253)) - 363d3087-a5a4-44aa-b064-a686fd12cab1@group-1E6578B0C30A: change Leader from null to 363d3087-a5a4-44aa-b064-a686fd12cab1 at term 1 for becomeLeader, leader elected after 5423ms
2019-09-24 04:50:25,354 [3aa36313-ed82-49b8-853c-2e777720787d@group-FA695471CEC0:LeaderElection6] INFO  impl.RaftServerImpl (RaftServerImpl.java:setRole(174)) - 3aa36313-ed82-49b8-853c-2e777720787d@group-FA695471CEC0: changes role from CANDIDATE to LEADER at term 1 for changeToLeader
2019-09-24 04:50:25,355 [363d3087-a5a4-44aa-b064-a686fd12cab1@group-1E6578B0C30A:LeaderElection7] INFO  server.RaftServerConfigKeys (ConfUtils.java:logGet(43)) - raft.server.staging.catchup.gap = 1000 (default)
2019-09-24 04:50:25,355 [3aa36313-ed82-49b8-853c-2e777720787d@group-FA695471CEC0:LeaderElection6] INFO  impl.RaftServerImpl (ServerState.java:setLeader(253)) - 3aa36313-ed82-49b8-853c-2e777720787d@group-FA695471CEC0: change Leader from null to 3aa36313-ed82-49b8-853c-2e777720787d at term 1 for becomeLeader, leader elected after 5424ms
2019-09-24 04:50:25,356 [363d3087-a5a4-44aa-b064-a686fd12cab1@group-1E6578B0C30A:LeaderElection7] INFO  server.RaftServerConfigKeys (ConfUtils.java:logGet(43)) - raft.server.rpc.sleep.time = 25ms (default)
2019-09-24 04:50:25,357 [3aa36313-ed82-49b8-853c-2e777720787d@group-FA695471CEC0:LeaderElection6] INFO  server.RaftServerConfigKeys (ConfUtils.java:logGet(43)) - raft.server.staging.catchup.gap = 1000 (default)
2019-09-24 04:50:25,357 [363d3087-a5a4-44aa-b064-a686fd12cab1@group-1E6578B0C30A:LeaderElection7] INFO  server.RaftServerConfigKeys (ConfUtils.java:logGet(43)) - raft.server.write.element-limit = 4096 (default)
2019-09-24 04:50:25,357 [3aa36313-ed82-49b8-853c-2e777720787d@group-FA695471CEC0:LeaderElection6] INFO  server.RaftServerConfigKeys (ConfUtils.java:logGet(43)) - raft.server.rpc.sleep.time = 25ms (default)
2019-09-24 04:50:25,360 [363d3087-a5a4-44aa-b064-a686fd12cab1@group-1E6578B0C30A:LeaderElection7] INFO  server.RaftServerConfigKeys (ConfUtils.java:logGet(43)) - raft.server.watch.timeout = 10s (default)
2019-09-24 04:50:25,361 [3aa36313-ed82-49b8-853c-2e777720787d@group-FA695471CEC0:LeaderElection6] INFO  server.RaftServerConfigKeys (ConfUtils.java:logGet(43)) - raft.server.write.element-limit = 4096 (default)
2019-09-24 04:50:25,361 [363d3087-a5a4-44aa-b064-a686fd12cab1@group-1E6578B0C30A:LeaderElection7] INFO  server.RaftServerConfigKeys (ConfUtils.java:logGet(43)) - raft.server.watch.timeout.denomination = 1s (default)
2019-09-24 04:50:25,361 [3aa36313-ed82-49b8-853c-2e777720787d@group-FA695471CEC0:LeaderElection6] INFO  server.RaftServerConfigKeys (ConfUtils.java:logGet(43)) - raft.server.watch.timeout = 10s (default)
2019-09-24 04:50:25,361 [363d3087-a5a4-44aa-b064-a686fd12cab1@group-1E6578B0C30A:LeaderElection7] INFO  server.RaftServerConfigKeys (ConfUtils.java:logGet(43)) - raft.server.watch.element-limit = 65536 (default)
2019-09-24 04:50:25,361 [3aa36313-ed82-49b8-853c-2e777720787d@group-FA695471CEC0:LeaderElection6] INFO  server.RaftServerConfigKeys (ConfUtils.java:logGet(43)) - raft.server.watch.timeout.denomination = 1s (default)
2019-09-24 04:50:25,361 [3aa36313-ed82-49b8-853c-2e777720787d@group-FA695471CEC0:LeaderElection6] INFO  server.RaftServerConfigKeys (ConfUtils.java:logGet(43)) - raft.server.watch.element-limit = 65536 (default)
2019-09-24 04:50:25,368 [363d3087-a5a4-44aa-b064-a686fd12cab1@group-1E6578B0C30A:LeaderElection7] INFO  impl.RoleInfo (RoleInfo.java:updateAndGet(143)) - 363d3087-a5a4-44aa-b064-a686fd12cab1: start LeaderState
2019-09-24 04:50:25,369 [363d3087-a5a4-44aa-b064-a686fd12cab1@group-1E6578B0C30A:LeaderElection7] INFO  segmented.SegmentedRaftLogWorker (SegmentedRaftLogWorker.java:startLogSegment(380)) - 363d3087-a5a4-44aa-b064-a686fd12cab1@group-1E6578B0C30A-SegmentedRaftLogWorker: Starting segment from index:0
2019-09-24 04:50:25,369 [3aa36313-ed82-49b8-853c-2e777720787d@group-FA695471CEC0:LeaderElection6] INFO  impl.RoleInfo (RoleInfo.java:updateAndGet(143)) - 3aa36313-ed82-49b8-853c-2e777720787d: start LeaderState
2019-09-24 04:50:25,369 [363d3087-a5a4-44aa-b064-a686fd12cab1@group-1E6578B0C30A:LeaderElection7] INFO  impl.RaftServerImpl (ServerState.java:setRaftConf(354)) - 363d3087-a5a4-44aa-b064-a686fd12cab1@group-1E6578B0C30A: set configuration 0: [363d3087-a5a4-44aa-b064-a686fd12cab1:192.168.151.75:33216], old=null at 0
2019-09-24 04:50:25,371 [3aa36313-ed82-49b8-853c-2e777720787d@group-FA695471CEC0:LeaderElection6] INFO  segmented.SegmentedRaftLogWorker (SegmentedRaftLogWorker.java:startLogSegment(380)) - 3aa36313-ed82-49b8-853c-2e777720787d@group-FA695471CEC0-SegmentedRaftLogWorker: Starting segment from index:0
2019-09-24 04:50:25,372 [3aa36313-ed82-49b8-853c-2e777720787d@group-FA695471CEC0:LeaderElection6] INFO  impl.RaftServerImpl (ServerState.java:setRaftConf(354)) - 3aa36313-ed82-49b8-853c-2e777720787d@group-FA695471CEC0: set configuration 0: [3aa36313-ed82-49b8-853c-2e777720787d:192.168.151.75:33267], old=null at 0
2019-09-24 04:50:25,380 [grpc-default-executor-0] INFO  impl.RaftServerImpl (RaftServerImpl.java:setRole(174)) - a328bc32-4130-4923-86dd-5c71dd7c68c2@group-12FAA0FBE9A7: changes role from  FOLLOWER to FOLLOWER at term 1 for recognizeCandidate:3aa36313-ed82-49b8-853c-2e777720787d
2019-09-24 04:50:25,380 [grpc-default-executor-0] INFO  impl.RoleInfo (RoleInfo.java:shutdownFollowerState(121)) - a328bc32-4130-4923-86dd-5c71dd7c68c2: shutdown FollowerState
2019-09-24 04:50:25,380 [grpc-default-executor-0] INFO  impl.RoleInfo (RoleInfo.java:updateAndGet(143)) - a328bc32-4130-4923-86dd-5c71dd7c68c2: start FollowerState
2019-09-24 04:50:25,381 [Thread-229] INFO  impl.FollowerState (FollowerState.java:run(115)) - a328bc32-4130-4923-86dd-5c71dd7c68c2: FollowerState was interrupted: java.lang.InterruptedException: sleep interrupted
2019-09-24 04:50:25,414 [efd7fae7-4092-45cf-9d0e-a0379204e7bf@group-12FAA0FBE9A7:LeaderElection4] INFO  impl.LeaderElection (LeaderElection.java:logAndReturn(56)) - efd7fae7-4092-45cf-9d0e-a0379204e7bf@group-12FAA0FBE9A7:LeaderElection4: Election REJECTED; received 2 response(s) [efd7fae7-4092-45cf-9d0e-a0379204e7bf<-3aa36313-ed82-49b8-853c-2e777720787d#0:FAIL-t1, efd7fae7-4092-45cf-9d0e-a0379204e7bf<-a328bc32-4130-4923-86dd-5c71dd7c68c2#0:FAIL-t1] and 0 exception(s); efd7fae7-4092-45cf-9d0e-a0379204e7bf@group-12FAA0FBE9A7:t1, leader=null, voted=efd7fae7-4092-45cf-9d0e-a0379204e7bf, raftlog=efd7fae7-4092-45cf-9d0e-a0379204e7bf@group-12FAA0FBE9A7-SegmentedRaftLog:OPENED:c-1,f-1,i0, conf=-1: [efd7fae7-4092-45cf-9d0e-a0379204e7bf:192.168.151.75:44181, 3aa36313-ed82-49b8-853c-2e777720787d:192.168.151.75:33267, a328bc32-4130-4923-86dd-5c71dd7c68c2:192.168.151.75:32951], old=null
2019-09-24 04:50:25,414 [3aa36313-ed82-49b8-853c-2e777720787d@group-12FAA0FBE9A7:LeaderElection5] INFO  impl.LeaderElection (LeaderElection.java:logAndReturn(56)) - 3aa36313-ed82-49b8-853c-2e777720787d@group-12FAA0FBE9A7:LeaderElection5: Election PASSED; received 2 response(s) [3aa36313-ed82-49b8-853c-2e777720787d<-efd7fae7-4092-45cf-9d0e-a0379204e7bf#0:FAIL-t1, 3aa36313-ed82-49b8-853c-2e777720787d<-a328bc32-4130-4923-86dd-5c71dd7c68c2#0:OK-t1] and 0 exception(s); 3aa36313-ed82-49b8-853c-2e777720787d@group-12FAA0FBE9A7:t1, leader=null, voted=3aa36313-ed82-49b8-853c-2e777720787d, raftlog=3aa36313-ed82-49b8-853c-2e777720787d@group-12FAA0FBE9A7-SegmentedRaftLog:OPENED:c-1,f-1,i0, conf=-1: [efd7fae7-4092-45cf-9d0e-a0379204e7bf:192.168.151.75:44181, 3aa36313-ed82-49b8-853c-2e777720787d:192.168.151.75:33267, a328bc32-4130-4923-86dd-5c71dd7c68c2:192.168.151.75:32951], old=null
2019-09-24 04:50:25,414 [efd7fae7-4092-45cf-9d0e-a0379204e7bf@group-12FAA0FBE9A7:LeaderElection4] INFO  impl.RaftServerImpl (RaftServerImpl.java:setRole(174)) - efd7fae7-4092-45cf-9d0e-a0379204e7bf@group-12FAA0FBE9A7: changes role from CANDIDATE to FOLLOWER at term 1 for DISCOVERED_A_NEW_TERM
2019-09-24 04:50:25,416 [3aa36313-ed82-49b8-853c-2e777720787d@group-12FAA0FBE9A7:LeaderElection5] INFO  impl.RoleInfo (RoleInfo.java:shutdownLeaderElection(134)) - 3aa36313-ed82-49b8-853c-2e777720787d: shutdown LeaderElection
2019-09-24 04:50:25,418 [efd7fae7-4092-45cf-9d0e-a0379204e7bf@group-12FAA0FBE9A7:LeaderElection4] INFO  impl.RoleInfo (RoleInfo.java:shutdownLeaderElection(134)) - efd7fae7-4092-45cf-9d0e-a0379204e7bf: shutdown LeaderElection
2019-09-24 04:50:25,418 [3aa36313-ed82-49b8-853c-2e777720787d@group-12FAA0FBE9A7:LeaderElection5] INFO  impl.RaftServerImpl (RaftServerImpl.java:setRole(174)) - 3aa36313-ed82-49b8-853c-2e777720787d@group-12FAA0FBE9A7: changes role from CANDIDATE to LEADER at term 1 for changeToLeader
2019-09-24 04:50:25,418 [efd7fae7-4092-45cf-9d0e-a0379204e7bf@group-12FAA0FBE9A7:LeaderElection4] INFO  impl.RoleInfo (RoleInfo.java:updateAndGet(143)) - efd7fae7-4092-45cf-9d0e-a0379204e7bf: start FollowerState
2019-09-24 04:50:25,418 [3aa36313-ed82-49b8-853c-2e777720787d@group-12FAA0FBE9A7:LeaderElection5] INFO  impl.RaftServerImpl (ServerState.java:setLeader(253)) - 3aa36313-ed82-49b8-853c-2e777720787d@group-12FAA0FBE9A7: change Leader from null to 3aa36313-ed82-49b8-853c-2e777720787d at term 1 for becomeLeader, leader elected after 5147ms
2019-09-24 04:50:25,420 [3aa36313-ed82-49b8-853c-2e777720787d@group-12FAA0FBE9A7:LeaderElection5] INFO  server.RaftServerConfigKeys (ConfUtils.java:logGet(43)) - raft.server.staging.catchup.gap = 1000 (default)
2019-09-24 04:50:25,420 [3aa36313-ed82-49b8-853c-2e777720787d@group-12FAA0FBE9A7:LeaderElection5] INFO  server.RaftServerConfigKeys (ConfUtils.java:logGet(43)) - raft.server.rpc.sleep.time = 25ms (default)
2019-09-24 04:50:25,420 [3aa36313-ed82-49b8-853c-2e777720787d@group-12FAA0FBE9A7:LeaderElection5] INFO  server.RaftServerConfigKeys (ConfUtils.java:logGet(43)) - raft.server.write.element-limit = 4096 (default)
2019-09-24 04:50:25,420 [3aa36313-ed82-49b8-853c-2e777720787d@group-12FAA0FBE9A7:LeaderElection5] INFO  server.RaftServerConfigKeys (ConfUtils.java:logGet(43)) - raft.server.watch.timeout = 10s (default)
2019-09-24 04:50:25,420 [3aa36313-ed82-49b8-853c-2e777720787d@group-12FAA0FBE9A7:LeaderElection5] INFO  server.RaftServerConfigKeys (ConfUtils.java:logGet(43)) - raft.server.watch.timeout.denomination = 1s (default)
2019-09-24 04:50:25,421 [3aa36313-ed82-49b8-853c-2e777720787d@group-12FAA0FBE9A7:LeaderElection5] INFO  server.RaftServerConfigKeys (ConfUtils.java:logGet(43)) - raft.server.watch.element-limit = 65536 (default)
2019-09-24 04:50:25,426 [3aa36313-ed82-49b8-853c-2e777720787d@group-12FAA0FBE9A7:LeaderElection5] INFO  server.RaftServerConfigKeys (ConfUtils.java:logGet(43)) - raft.server.log.appender.snapshot.chunk.size.max = 16MB (=16777216) (default)
2019-09-24 04:50:25,426 [3aa36313-ed82-49b8-853c-2e777720787d@group-12FAA0FBE9A7:LeaderElection5] INFO  server.RaftServerConfigKeys (ConfUtils.java:logGet(43)) - raft.server.log.appender.buffer.byte-limit = 33554432 (custom)
2019-09-24 04:50:25,427 [3aa36313-ed82-49b8-853c-2e777720787d@group-12FAA0FBE9A7:LeaderElection5] INFO  server.RaftServerConfigKeys (ConfUtils.java:logGet(43)) - raft.server.log.appender.buffer.element-limit = 1 (custom)
2019-09-24 04:50:25,430 [3aa36313-ed82-49b8-853c-2e777720787d@group-12FAA0FBE9A7:LeaderElection5] INFO  grpc.GrpcConfigKeys$Server (ConfUtils.java:logGet(43)) - raft.grpc.server.leader.outstanding.appends.max = 128 (default)
2019-09-24 04:50:25,431 [3aa36313-ed82-49b8-853c-2e777720787d@group-12FAA0FBE9A7:LeaderElection5] INFO  server.RaftServerConfigKeys (ConfUtils.java:logGet(43)) - raft.server.rpc.request.timeout = 3000ms (default)
2019-09-24 04:50:25,431 [3aa36313-ed82-49b8-853c-2e777720787d@group-12FAA0FBE9A7:LeaderElection5] INFO  server.RaftServerConfigKeys (ConfUtils.java:logGet(43)) - raft.server.log.appender.install.snapshot.enabled = false (custom)
2019-09-24 04:50:25,432 [3aa36313-ed82-49b8-853c-2e777720787d@group-12FAA0FBE9A7:LeaderElection5] INFO  server.RaftServerConfigKeys (ConfUtils.java:logGet(43)) - raft.server.log.appender.snapshot.chunk.size.max = 16MB (=16777216) (default)
2019-09-24 04:50:25,432 [3aa36313-ed82-49b8-853c-2e777720787d@group-12FAA0FBE9A7:LeaderElection5] INFO  server.RaftServerConfigKeys (ConfUtils.java:logGet(43)) - raft.server.log.appender.buffer.byte-limit = 33554432 (custom)
2019-09-24 04:50:25,432 [3aa36313-ed82-49b8-853c-2e777720787d@group-12FAA0FBE9A7:LeaderElection5] INFO  server.RaftServerConfigKeys (ConfUtils.java:logGet(43)) - raft.server.log.appender.buffer.element-limit = 1 (custom)
2019-09-24 04:50:25,432 [3aa36313-ed82-49b8-853c-2e777720787d@group-12FAA0FBE9A7:LeaderElection5] INFO  grpc.GrpcConfigKeys$Server (ConfUtils.java:logGet(43)) - raft.grpc.server.leader.outstanding.appends.max = 128 (default)
2019-09-24 04:50:25,433 [3aa36313-ed82-49b8-853c-2e777720787d@group-12FAA0FBE9A7:LeaderElection5] INFO  server.RaftServerConfigKeys (ConfUtils.java:logGet(43)) - raft.server.rpc.request.timeout = 3000ms (default)
2019-09-24 04:50:25,433 [3aa36313-ed82-49b8-853c-2e777720787d@group-12FAA0FBE9A7:LeaderElection5] INFO  server.RaftServerConfigKeys (ConfUtils.java:logGet(43)) - raft.server.log.appender.install.snapshot.enabled = false (custom)
2019-09-24 04:50:25,436 [3aa36313-ed82-49b8-853c-2e777720787d@group-12FAA0FBE9A7:LeaderElection5] INFO  impl.RoleInfo (RoleInfo.java:updateAndGet(143)) - 3aa36313-ed82-49b8-853c-2e777720787d: start LeaderState
2019-09-24 04:50:25,436 [3aa36313-ed82-49b8-853c-2e777720787d@group-12FAA0FBE9A7:LeaderElection5] INFO  segmented.SegmentedRaftLogWorker (SegmentedRaftLogWorker.java:startLogSegment(380)) - 3aa36313-ed82-49b8-853c-2e777720787d@group-12FAA0FBE9A7-SegmentedRaftLogWorker: Starting segment from index:0
2019-09-24 04:50:25,437 [3aa36313-ed82-49b8-853c-2e777720787d@group-12FAA0FBE9A7:LeaderElection5] INFO  impl.RaftServerImpl (ServerState.java:setRaftConf(354)) - 3aa36313-ed82-49b8-853c-2e777720787d@group-12FAA0FBE9A7: set configuration 0: [efd7fae7-4092-45cf-9d0e-a0379204e7bf:192.168.151.75:44181, 3aa36313-ed82-49b8-853c-2e777720787d:192.168.151.75:33267, a328bc32-4130-4923-86dd-5c71dd7c68c2:192.168.151.75:32951], old=null at 0
2019-09-24 04:50:25,459 [grpc-default-executor-4] INFO  impl.RaftServerImpl (ServerState.java:setLeader(253)) - efd7fae7-4092-45cf-9d0e-a0379204e7bf@group-12FAA0FBE9A7: change Leader from null to 3aa36313-ed82-49b8-853c-2e777720787d at term 1 for appendEntries, leader elected after 5188ms
2019-09-24 04:50:25,459 [grpc-default-executor-0] INFO  impl.RaftServerImpl (ServerState.java:setLeader(253)) - a328bc32-4130-4923-86dd-5c71dd7c68c2@group-12FAA0FBE9A7: change Leader from null to 3aa36313-ed82-49b8-853c-2e777720787d at term 1 for appendEntries, leader elected after 5187ms
2019-09-24 04:50:25,486 [grpc-default-executor-4] INFO  impl.RaftServerImpl (ServerState.java:setRaftConf(354)) - a328bc32-4130-4923-86dd-5c71dd7c68c2@group-12FAA0FBE9A7: set configuration 0: [efd7fae7-4092-45cf-9d0e-a0379204e7bf:192.168.151.75:44181, 3aa36313-ed82-49b8-853c-2e777720787d:192.168.151.75:33267, a328bc32-4130-4923-86dd-5c71dd7c68c2:192.168.151.75:32951], old=null at 0
2019-09-24 04:50:25,486 [grpc-default-executor-0] INFO  impl.RaftServerImpl (ServerState.java:setRaftConf(354)) - efd7fae7-4092-45cf-9d0e-a0379204e7bf@group-12FAA0FBE9A7: set configuration 0: [efd7fae7-4092-45cf-9d0e-a0379204e7bf:192.168.151.75:44181, 3aa36313-ed82-49b8-853c-2e777720787d:192.168.151.75:33267, a328bc32-4130-4923-86dd-5c71dd7c68c2:192.168.151.75:32951], old=null at 0
2019-09-24 04:50:25,486 [grpc-default-executor-4] INFO  segmented.SegmentedRaftLogWorker (SegmentedRaftLogWorker.java:startLogSegment(380)) - a328bc32-4130-4923-86dd-5c71dd7c68c2@group-12FAA0FBE9A7-SegmentedRaftLogWorker: Starting segment from index:0
2019-09-24 04:50:25,486 [grpc-default-executor-0] INFO  segmented.SegmentedRaftLogWorker (SegmentedRaftLogWorker.java:startLogSegment(380)) - efd7fae7-4092-45cf-9d0e-a0379204e7bf@group-12FAA0FBE9A7-SegmentedRaftLogWorker: Starting segment from index:0
2019-09-24 04:50:25,619 [efd7fae7-4092-45cf-9d0e-a0379204e7bf@group-65E4974B0F29-SegmentedRaftLogWorker] INFO  segmented.SegmentedRaftLogWorker (SegmentedRaftLogWorker.java:execute(569)) - efd7fae7-4092-45cf-9d0e-a0379204e7bf@group-65E4974B0F29-SegmentedRaftLogWorker: created new log segment /workdir/hadoop-ozone/integration-test/target/test-dir/MiniOzoneClusterImpl-3b8d4982-b692-47e6-b3b3-ef9ec24b4ef4/datanode-1/data/ratis/de1da9ca-8699-4e94-96d4-65e4974b0f29/current/log_inprogress_0
2019-09-24 04:50:25,619 [a328bc32-4130-4923-86dd-5c71dd7c68c2@group-12FAA0FBE9A7-SegmentedRaftLogWorker] INFO  segmented.SegmentedRaftLogWorker (SegmentedRaftLogWorker.java:execute(569)) - a328bc32-4130-4923-86dd-5c71dd7c68c2@group-12FAA0FBE9A7-SegmentedRaftLogWorker: created new log segment /workdir/hadoop-ozone/integration-test/target/test-dir/MiniOzoneClusterImpl-3b8d4982-b692-47e6-b3b3-ef9ec24b4ef4/datanode-2/data/ratis/82c1f0bd-8a70-4418-9b0e-12faa0fbe9a7/current/log_inprogress_0
2019-09-24 04:50:25,619 [a328bc32-4130-4923-86dd-5c71dd7c68c2@group-4DF45A7B70F2-SegmentedRaftLogWorker] INFO  segmented.SegmentedRaftLogWorker (SegmentedRaftLogWorker.java:execute(569)) - a328bc32-4130-4923-86dd-5c71dd7c68c2@group-4DF45A7B70F2-SegmentedRaftLogWorker: created new log segment /workdir/hadoop-ozone/integration-test/target/test-dir/MiniOzoneClusterImpl-3b8d4982-b692-47e6-b3b3-ef9ec24b4ef4/datanode-2/data/ratis/87eab346-9794-4c42-bd6c-4df45a7b70f2/current/log_inprogress_0
2019-09-24 04:50:25,619 [3aa36313-ed82-49b8-853c-2e777720787d@group-FA695471CEC0-SegmentedRaftLogWorker] INFO  segmented.SegmentedRaftLogWorker (SegmentedRaftLogWorker.java:execute(569)) - 3aa36313-ed82-49b8-853c-2e777720787d@group-FA695471CEC0-SegmentedRaftLogWorker: created new log segment /workdir/hadoop-ozone/integration-test/target/test-dir/MiniOzoneClusterImpl-3b8d4982-b692-47e6-b3b3-ef9ec24b4ef4/datanode-0/data/ratis/d42f4070-9b97-486f-b6b3-fa695471cec0/current/log_inprogress_0
2019-09-24 04:50:25,619 [9cd035be-46cc-4646-826d-80cc04ab3ded@group-DFAAE1FE882D-SegmentedRaftLogWorker] INFO  segmented.SegmentedRaftLogWorker (SegmentedRaftLogWorker.java:execute(569)) - 9cd035be-46cc-4646-826d-80cc04ab3ded@group-DFAAE1FE882D-SegmentedRaftLogWorker: created new log segment /workdir/hadoop-ozone/integration-test/target/test-dir/MiniOzoneClusterImpl-3b8d4982-b692-47e6-b3b3-ef9ec24b4ef4/datanode-4/data/ratis/0b3c4a01-a641-4163-b2da-dfaae1fe882d/current/log_inprogress_0
2019-09-24 04:50:25,619 [efd7fae7-4092-45cf-9d0e-a0379204e7bf@group-12FAA0FBE9A7-SegmentedRaftLogWorker] INFO  segmented.SegmentedRaftLogWorker (SegmentedRaftLogWorker.java:execute(569)) - efd7fae7-4092-45cf-9d0e-a0379204e7bf@group-12FAA0FBE9A7-SegmentedRaftLogWorker: created new log segment /workdir/hadoop-ozone/integration-test/target/test-dir/MiniOzoneClusterImpl-3b8d4982-b692-47e6-b3b3-ef9ec24b4ef4/datanode-1/data/ratis/82c1f0bd-8a70-4418-9b0e-12faa0fbe9a7/current/log_inprogress_0
2019-09-24 04:50:25,619 [363d3087-a5a4-44aa-b064-a686fd12cab1@group-1E6578B0C30A-SegmentedRaftLogWorker] INFO  segmented.SegmentedRaftLogWorker (SegmentedRaftLogWorker.java:execute(569)) - 363d3087-a5a4-44aa-b064-a686fd12cab1@group-1E6578B0C30A-SegmentedRaftLogWorker: created new log segment /workdir/hadoop-ozone/integration-test/target/test-dir/MiniOzoneClusterImpl-3b8d4982-b692-47e6-b3b3-ef9ec24b4ef4/datanode-3/data/ratis/22fcddc8-b385-430a-ad9b-1e6578b0c30a/current/log_inprogress_0
2019-09-24 04:50:25,619 [3aa36313-ed82-49b8-853c-2e777720787d@group-12FAA0FBE9A7-SegmentedRaftLogWorker] INFO  segmented.SegmentedRaftLogWorker (SegmentedRaftLogWorker.java:execute(569)) - 3aa36313-ed82-49b8-853c-2e777720787d@group-12FAA0FBE9A7-SegmentedRaftLogWorker: created new log segment /workdir/hadoop-ozone/integration-test/target/test-dir/MiniOzoneClusterImpl-3b8d4982-b692-47e6-b3b3-ef9ec24b4ef4/datanode-0/data/ratis/82c1f0bd-8a70-4418-9b0e-12faa0fbe9a7/current/log_inprogress_0
2019-09-24 04:50:26,406 [main] INFO  ozoneimpl.OzoneContainer (OzoneContainer.java:stop(231)) - Attempting to stop container services.
2019-09-24 04:50:26,406 [ForkJoinPool.commonPool-worker-0] INFO  ozoneimpl.OzoneContainer (OzoneContainer.java:stop(231)) - Attempting to stop container services.
2019-09-24 04:50:26,407 [main] INFO  impl.RaftServerProxy (RaftServerProxy.java:lambda$close$4(314)) - a328bc32-4130-4923-86dd-5c71dd7c68c2: close
2019-09-24 04:50:26,408 [ForkJoinPool.commonPool-worker-0] INFO  impl.RaftServerProxy (RaftServerProxy.java:lambda$close$4(314)) - efd7fae7-4092-45cf-9d0e-a0379204e7bf: close
2019-09-24 04:50:26,411 [ForkJoinPool.commonPool-worker-0] INFO  impl.RaftServerImpl (RaftServerImpl.java:lambda$shutdown$3(251)) - efd7fae7-4092-45cf-9d0e-a0379204e7bf@group-65E4974B0F29: shutdown
2019-09-24 04:50:26,411 [main] INFO  impl.RaftServerImpl (RaftServerImpl.java:lambda$shutdown$3(251)) - a328bc32-4130-4923-86dd-5c71dd7c68c2@group-4DF45A7B70F2: shutdown
2019-09-24 04:50:26,411 [ForkJoinPool.commonPool-worker-0] INFO  util.JmxRegister (JmxRegister.java:unregister(73)) - Successfully un-registered JMX Bean with object name Ratis:service=RaftServer,group=group-65E4974B0F29,id=efd7fae7-4092-45cf-9d0e-a0379204e7bf
2019-09-24 04:50:26,412 [main] INFO  util.JmxRegister (JmxRegister.java:unregister(73)) - Successfully un-registered JMX Bean with object name Ratis:service=RaftServer,group=group-4DF45A7B70F2,id=a328bc32-4130-4923-86dd-5c71dd7c68c2
2019-09-24 04:50:26,412 [ForkJoinPool.commonPool-worker-0] INFO  impl.RoleInfo (RoleInfo.java:shutdownLeaderState(104)) - efd7fae7-4092-45cf-9d0e-a0379204e7bf: shutdown LeaderState
2019-09-24 04:50:26,412 [main] INFO  impl.RoleInfo (RoleInfo.java:shutdownLeaderState(104)) - a328bc32-4130-4923-86dd-5c71dd7c68c2: shutdown LeaderState
2019-09-24 04:50:26,413 [ForkJoinPool.commonPool-worker-0] INFO  impl.PendingRequests (PendingRequests.java:sendNotLeaderResponses(202)) - efd7fae7-4092-45cf-9d0e-a0379204e7bf-PendingRequests: sendNotLeaderResponses
2019-09-24 04:50:26,413 [main] INFO  impl.PendingRequests (PendingRequests.java:sendNotLeaderResponses(202)) - a328bc32-4130-4923-86dd-5c71dd7c68c2-PendingRequests: sendNotLeaderResponses
2019-09-24 04:50:26,416 [ForkJoinPool.commonPool-worker-0] INFO  impl.StateMachineUpdater (StateMachineUpdater.java:stopAndJoin(125)) - efd7fae7-4092-45cf-9d0e-a0379204e7bf@group-65E4974B0F29-StateMachineUpdater: set stopIndex = 0
2019-09-24 04:50:26,416 [main] INFO  impl.StateMachineUpdater (StateMachineUpdater.java:stopAndJoin(125)) - a328bc32-4130-4923-86dd-5c71dd7c68c2@group-4DF45A7B70F2-StateMachineUpdater: set stopIndex = 0
2019-09-24 04:50:26,421 [ForkJoinPool.commonPool-worker-0] INFO  impl.RaftServerImpl (ServerState.java:close(385)) - efd7fae7-4092-45cf-9d0e-a0379204e7bf@group-65E4974B0F29: closes. applyIndex: 0
2019-09-24 04:50:26,421 [main] INFO  impl.RaftServerImpl (ServerState.java:close(385)) - a328bc32-4130-4923-86dd-5c71dd7c68c2@group-4DF45A7B70F2: closes. applyIndex: 0
2019-09-24 04:50:26,423 [efd7fae7-4092-45cf-9d0e-a0379204e7bf@group-65E4974B0F29-SegmentedRaftLogWorker] INFO  segmented.SegmentedRaftLogWorker (SegmentedRaftLogWorker.java:run(313)) - efd7fae7-4092-45cf-9d0e-a0379204e7bf@group-65E4974B0F29-SegmentedRaftLogWorker was interrupted, exiting. There are 0 tasks remaining in the queue.
2019-09-24 04:50:26,423 [a328bc32-4130-4923-86dd-5c71dd7c68c2@group-4DF45A7B70F2-SegmentedRaftLogWorker] INFO  segmented.SegmentedRaftLogWorker (SegmentedRaftLogWorker.java:run(313)) - a328bc32-4130-4923-86dd-5c71dd7c68c2@group-4DF45A7B70F2-SegmentedRaftLogWorker was interrupted, exiting. There are 0 tasks remaining in the queue.
2019-09-24 04:50:26,427 [ForkJoinPool.commonPool-worker-0] INFO  segmented.SegmentedRaftLogWorker (SegmentedRaftLogWorker.java:close(228)) - efd7fae7-4092-45cf-9d0e-a0379204e7bf@group-65E4974B0F29-SegmentedRaftLogWorker close()
2019-09-24 04:50:26,428 [main] INFO  segmented.SegmentedRaftLogWorker (SegmentedRaftLogWorker.java:close(228)) - a328bc32-4130-4923-86dd-5c71dd7c68c2@group-4DF45A7B70F2-SegmentedRaftLogWorker close()
2019-09-24 04:50:26,433 [ForkJoinPool.commonPool-worker-0] INFO  impl.RaftServerImpl (RaftServerImpl.java:lambda$shutdown$3(251)) - efd7fae7-4092-45cf-9d0e-a0379204e7bf@group-12FAA0FBE9A7: shutdown
2019-09-24 04:50:26,434 [main] INFO  impl.RaftServerImpl (RaftServerImpl.java:lambda$shutdown$3(251)) - a328bc32-4130-4923-86dd-5c71dd7c68c2@group-12FAA0FBE9A7: shutdown
2019-09-24 04:50:26,435 [ForkJoinPool.commonPool-worker-0] INFO  util.JmxRegister (JmxRegister.java:unregister(73)) - Successfully un-registered JMX Bean with object name Ratis:service=RaftServer,group=group-12FAA0FBE9A7,id=efd7fae7-4092-45cf-9d0e-a0379204e7bf
2019-09-24 04:50:26,435 [main] INFO  util.JmxRegister (JmxRegister.java:unregister(73)) - Successfully un-registered JMX Bean with object name Ratis:service=RaftServer,group=group-12FAA0FBE9A7,id=a328bc32-4130-4923-86dd-5c71dd7c68c2
2019-09-24 04:50:26,435 [ForkJoinPool.commonPool-worker-0] INFO  impl.RoleInfo (RoleInfo.java:shutdownFollowerState(121)) - efd7fae7-4092-45cf-9d0e-a0379204e7bf: shutdown FollowerState
2019-09-24 04:50:26,436 [main] INFO  impl.RoleInfo (RoleInfo.java:shutdownFollowerState(121)) - a328bc32-4130-4923-86dd-5c71dd7c68c2: shutdown FollowerState
2019-09-24 04:50:26,436 [Thread-256] INFO  impl.FollowerState (FollowerState.java:run(115)) - efd7fae7-4092-45cf-9d0e-a0379204e7bf: FollowerState was interrupted: java.lang.InterruptedException: sleep interrupted
2019-09-24 04:50:26,436 [ForkJoinPool.commonPool-worker-0] INFO  impl.StateMachineUpdater (StateMachineUpdater.java:stopAndJoin(125)) - efd7fae7-4092-45cf-9d0e-a0379204e7bf@group-12FAA0FBE9A7-StateMachineUpdater: set stopIndex = -1
2019-09-24 04:50:26,438 [Thread-255] INFO  impl.FollowerState (FollowerState.java:run(115)) - a328bc32-4130-4923-86dd-5c71dd7c68c2: FollowerState was interrupted: java.lang.InterruptedException: sleep interrupted
2019-09-24 04:50:26,438 [main] INFO  impl.StateMachineUpdater (StateMachineUpdater.java:stopAndJoin(125)) - a328bc32-4130-4923-86dd-5c71dd7c68c2@group-12FAA0FBE9A7-StateMachineUpdater: set stopIndex = -1
2019-09-24 04:50:26,441 [ForkJoinPool.commonPool-worker-0] INFO  impl.RaftServerImpl (ServerState.java:close(385)) - efd7fae7-4092-45cf-9d0e-a0379204e7bf@group-12FAA0FBE9A7: closes. applyIndex: -1
2019-09-24 04:50:26,443 [main] INFO  impl.RaftServerImpl (ServerState.java:close(385)) - a328bc32-4130-4923-86dd-5c71dd7c68c2@group-12FAA0FBE9A7: closes. applyIndex: -1
2019-09-24 04:50:26,444 [efd7fae7-4092-45cf-9d0e-a0379204e7bf@group-12FAA0FBE9A7-SegmentedRaftLogWorker] INFO  segmented.SegmentedRaftLogWorker (SegmentedRaftLogWorker.java:run(313)) - efd7fae7-4092-45cf-9d0e-a0379204e7bf@group-12FAA0FBE9A7-SegmentedRaftLogWorker was interrupted, exiting. There are 0 tasks remaining in the queue.
2019-09-24 04:50:26,444 [a328bc32-4130-4923-86dd-5c71dd7c68c2@group-12FAA0FBE9A7-SegmentedRaftLogWorker] INFO  segmented.SegmentedRaftLogWorker (SegmentedRaftLogWorker.java:run(313)) - a328bc32-4130-4923-86dd-5c71dd7c68c2@group-12FAA0FBE9A7-SegmentedRaftLogWorker was interrupted, exiting. There are 0 tasks remaining in the queue.
2019-09-24 04:50:26,447 [ForkJoinPool.commonPool-worker-0] INFO  segmented.SegmentedRaftLogWorker (SegmentedRaftLogWorker.java:close(228)) - efd7fae7-4092-45cf-9d0e-a0379204e7bf@group-12FAA0FBE9A7-SegmentedRaftLogWorker close()
2019-09-24 04:50:26,449 [main] INFO  segmented.SegmentedRaftLogWorker (SegmentedRaftLogWorker.java:close(228)) - a328bc32-4130-4923-86dd-5c71dd7c68c2@group-12FAA0FBE9A7-SegmentedRaftLogWorker close()
2019-09-24 04:50:26,454 [ForkJoinPool.commonPool-worker-0] INFO  server.GrpcService (GrpcService.java:closeImpl(164)) - efd7fae7-4092-45cf-9d0e-a0379204e7bf: shutdown server with port 44181 now
2019-09-24 04:50:26,454 [main] INFO  server.GrpcService (GrpcService.java:closeImpl(164)) - a328bc32-4130-4923-86dd-5c71dd7c68c2: shutdown server with port 32951 now
2019-09-24 04:50:26,469 [ForkJoinPool.commonPool-worker-0] INFO  server.GrpcService (GrpcService.java:closeImpl(172)) - efd7fae7-4092-45cf-9d0e-a0379204e7bf: shutdown server with port 44181 successfully
2019-09-24 04:50:26,469 [main] INFO  server.GrpcService (GrpcService.java:closeImpl(172)) - a328bc32-4130-4923-86dd-5c71dd7c68c2: shutdown server with port 32951 successfully
2019-09-24 04:50:26,470 [grpc-default-executor-1] WARN  server.GrpcServerProtocolService (LogUtils.java:warn(134)) - efd7fae7-4092-45cf-9d0e-a0379204e7bf: installSnapshot onError, lastRequest: 3aa36313-ed82-49b8-853c-2e777720787d->efd7fae7-4092-45cf-9d0e-a0379204e7bf#1-t1, previous=(t:0, i:0), leaderCommit=-1, initializing? false, entries: size=1, first=(t:1, i:0), CONFIGURATIONENTRY: org.apache.ratis.thirdparty.io.grpc.StatusRuntimeException: CANCELLED: cancelled before receiving half close
2019-09-24 04:50:26,470 [grpc-default-executor-2] WARN  server.GrpcServerProtocolService (LogUtils.java:warn(134)) - a328bc32-4130-4923-86dd-5c71dd7c68c2: installSnapshot onError, lastRequest: 3aa36313-ed82-49b8-853c-2e777720787d->a328bc32-4130-4923-86dd-5c71dd7c68c2#1-t1, previous=(t:0, i:0), leaderCommit=-1, initializing? false, entries: size=1, first=(t:1, i:0), CONFIGURATIONENTRY: org.apache.ratis.thirdparty.io.grpc.StatusRuntimeException: CANCELLED: cancelled before receiving half close
2019-09-24 04:50:26,471 [grpc-default-executor-0] WARN  server.GrpcLogAppender (LogUtils.java:warn(134)) - 3aa36313-ed82-49b8-853c-2e777720787d@group-12FAA0FBE9A7->efd7fae7-4092-45cf-9d0e-a0379204e7bf-AppendLogResponseHandler: Failed appendEntries: org.apache.ratis.thirdparty.io.grpc.StatusRuntimeException: CANCELLED: HTTP/2 error code: CANCEL
Received Rst Stream
2019-09-24 04:50:26,471 [grpc-default-executor-4] WARN  server.GrpcLogAppender (LogUtils.java:warn(134)) - 3aa36313-ed82-49b8-853c-2e777720787d@group-12FAA0FBE9A7->a328bc32-4130-4923-86dd-5c71dd7c68c2-AppendLogResponseHandler: Failed appendEntries: org.apache.ratis.thirdparty.io.grpc.StatusRuntimeException: CANCELLED: HTTP/2 error code: CANCEL
Received Rst Stream
2019-09-24 04:50:26,481 [refreshUsed-/workdir/hadoop-ozone/integration-test/target/test-dir/MiniOzoneClusterImpl-3b8d4982-b692-47e6-b3b3-ef9ec24b4ef4/datanode-1/data/containers] WARN  fs.CachingGetSpaceUsed (CachingGetSpaceUsed.java:run(183)) - Thread Interrupted waiting to refresh disk information: sleep interrupted
2019-09-24 04:50:26,481 [refreshUsed-/workdir/hadoop-ozone/integration-test/target/test-dir/MiniOzoneClusterImpl-3b8d4982-b692-47e6-b3b3-ef9ec24b4ef4/datanode-2/data/containers] WARN  fs.CachingGetSpaceUsed (CachingGetSpaceUsed.java:run(183)) - Thread Interrupted waiting to refresh disk information: sleep interrupted
2019-09-24 04:50:26,482 [grpc-default-executor-0] INFO  impl.FollowerInfo (FollowerInfo.java:lambda$new$0(51)) - 3aa36313-ed82-49b8-853c-2e777720787d@group-12FAA0FBE9A7->efd7fae7-4092-45cf-9d0e-a0379204e7bf: nextIndex: updateUnconditionally 1 -> 0
2019-09-24 04:50:26,482 [grpc-default-executor-4] INFO  impl.FollowerInfo (FollowerInfo.java:lambda$new$0(51)) - 3aa36313-ed82-49b8-853c-2e777720787d@group-12FAA0FBE9A7->a328bc32-4130-4923-86dd-5c71dd7c68c2: nextIndex: updateUnconditionally 1 -> 0
2019-09-24 04:50:26,523 [ForkJoinPool.commonPool-worker-0] INFO  utils.BackgroundService (BackgroundService.java:shutdown(148)) - Shutting down service BlockDeletingService
2019-09-24 04:50:26,524 [main] INFO  utils.BackgroundService (BackgroundService.java:shutdown(148)) - Shutting down service BlockDeletingService
2019-09-24 04:50:26,528 [ForkJoinPool.commonPool-worker-0] INFO  statemachine.DatanodeStateMachine (DatanodeStateMachine.java:stopDaemon(401)) - Ozone container server stopped.
2019-09-24 04:50:26,533 [main] INFO  statemachine.DatanodeStateMachine (DatanodeStateMachine.java:stopDaemon(401)) - Ozone container server stopped.
2019-09-24 04:50:26,535 [ForkJoinPool.commonPool-worker-0] INFO  handler.ContextHandler (ContextHandler.java:doStop(910)) - Stopped o.e.j.w.WebAppContext@56a4f272{/,null,UNAVAILABLE}{/hddsDatanode}
2019-09-24 04:50:26,535 [main] INFO  handler.ContextHandler (ContextHandler.java:doStop(910)) - Stopped o.e.j.w.WebAppContext@a098d76{/,null,UNAVAILABLE}{/hddsDatanode}
2019-09-24 04:50:26,536 [ForkJoinPool.commonPool-worker-0] INFO  server.AbstractConnector (AbstractConnector.java:doStop(318)) - Stopped ServerConnector@3ee0b4f7{HTTP/1.1,[http/1.1]}{0.0.0.0:0}
2019-09-24 04:50:26,537 [main] INFO  server.AbstractConnector (AbstractConnector.java:doStop(318)) - Stopped ServerConnector@40e37b06{HTTP/1.1,[http/1.1]}{0.0.0.0:0}
2019-09-24 04:50:26,537 [ForkJoinPool.commonPool-worker-0] INFO  handler.ContextHandler (ContextHandler.java:doStop(910)) - Stopped o.e.j.s.ServletContextHandler@e57e5d6{/static,jar:file:/home/user/.m2/repository/org/apache/hadoop/hadoop-hdds-container-service/0.5.0-SNAPSHOT/hadoop-hdds-container-service-0.5.0-SNAPSHOT.jar!/webapps/static,UNAVAILABLE}
2019-09-24 04:50:26,538 [main] INFO  handler.ContextHandler (ContextHandler.java:doStop(910)) - Stopped o.e.j.s.ServletContextHandler@6c3659be{/static,jar:file:/home/user/.m2/repository/org/apache/hadoop/hadoop-hdds-container-service/0.5.0-SNAPSHOT/hadoop-hdds-container-service-0.5.0-SNAPSHOT.jar!/webapps/static,UNAVAILABLE}
2019-09-24 04:50:26,539 [ForkJoinPool.commonPool-worker-0] INFO  handler.ContextHandler (ContextHandler.java:doStop(910)) - Stopped o.e.j.s.ServletContextHandler@22a6e998{/logs,file:///workdir/hadoop-ozone/integration-test/target/log,UNAVAILABLE}
2019-09-24 04:50:26,539 [main] INFO  handler.ContextHandler (ContextHandler.java:doStop(910)) - Stopped o.e.j.s.ServletContextHandler@50850539{/logs,file:///workdir/hadoop-ozone/integration-test/target/log,UNAVAILABLE}
2019-09-24 04:50:27,006 [Datanode State Machine Thread - 0] INFO  statemachine.DatanodeStateMachine (DatanodeStateMachine.java:lambda$startDaemon$0(356)) - Ozone container server started.
2019-09-24 04:50:27,332 [Datanode State Machine Thread - 0] INFO  statemachine.DatanodeStateMachine (DatanodeStateMachine.java:lambda$startDaemon$0(356)) - Ozone container server started.
2019-09-24 04:50:28,160 [grpc-default-executor-0] WARN  server.GrpcLogAppender (LogUtils.java:warn(134)) - 3aa36313-ed82-49b8-853c-2e777720787d@group-12FAA0FBE9A7->efd7fae7-4092-45cf-9d0e-a0379204e7bf-AppendLogResponseHandler: Failed appendEntries: org.apache.ratis.thirdparty.io.grpc.StatusRuntimeException: UNAVAILABLE: io exception
2019-09-24 04:50:28,160 [grpc-default-executor-4] WARN  server.GrpcLogAppender (LogUtils.java:warn(134)) - 3aa36313-ed82-49b8-853c-2e777720787d@group-12FAA0FBE9A7->a328bc32-4130-4923-86dd-5c71dd7c68c2-AppendLogResponseHandler: Failed appendEntries: org.apache.ratis.thirdparty.io.grpc.StatusRuntimeException: UNAVAILABLE: io exception
2019-09-24 04:50:28,164 [grpc-default-executor-0] INFO  impl.FollowerInfo (FollowerInfo.java:lambda$new$0(51)) - 3aa36313-ed82-49b8-853c-2e777720787d@group-12FAA0FBE9A7->efd7fae7-4092-45cf-9d0e-a0379204e7bf: nextIndex: updateUnconditionally 0 -> 0
2019-09-24 04:50:28,168 [grpc-default-executor-4] INFO  impl.FollowerInfo (FollowerInfo.java:lambda$new$0(51)) - 3aa36313-ed82-49b8-853c-2e777720787d@group-12FAA0FBE9A7->a328bc32-4130-4923-86dd-5c71dd7c68c2: nextIndex: updateUnconditionally 0 -> 0
2019-09-24 04:50:30,659 [grpc-default-executor-3] WARN  server.GrpcLogAppender (LogUtils.java:warn(134)) - 3aa36313-ed82-49b8-853c-2e777720787d@group-12FAA0FBE9A7->a328bc32-4130-4923-86dd-5c71dd7c68c2-AppendLogResponseHandler: Failed appendEntries: org.apache.ratis.thirdparty.io.grpc.StatusRuntimeException: UNAVAILABLE: io exception
2019-09-24 04:50:30,660 [grpc-default-executor-5] WARN  server.GrpcLogAppender (LogUtils.java:warn(134)) - 3aa36313-ed82-49b8-853c-2e777720787d@group-12FAA0FBE9A7->efd7fae7-4092-45cf-9d0e-a0379204e7bf-AppendLogResponseHandler: Failed appendEntries: org.apache.ratis.thirdparty.io.grpc.StatusRuntimeException: UNAVAILABLE: io exception
2019-09-24 04:50:30,667 [grpc-default-executor-3] INFO  impl.FollowerInfo (FollowerInfo.java:lambda$new$0(51)) - 3aa36313-ed82-49b8-853c-2e777720787d@group-12FAA0FBE9A7->a328bc32-4130-4923-86dd-5c71dd7c68c2: nextIndex: updateUnconditionally 0 -> 0
2019-09-24 04:50:30,668 [grpc-default-executor-5] INFO  impl.FollowerInfo (FollowerInfo.java:lambda$new$0(51)) - 3aa36313-ed82-49b8-853c-2e777720787d@group-12FAA0FBE9A7->efd7fae7-4092-45cf-9d0e-a0379204e7bf: nextIndex: updateUnconditionally 0 -> 0
2019-09-24 04:50:31,543 [main] INFO  ozoneimpl.OzoneContainer (OzoneContainer.java:stop(231)) - Attempting to stop container services.
2019-09-24 04:50:31,543 [ForkJoinPool.commonPool-worker-0] INFO  ozoneimpl.OzoneContainer (OzoneContainer.java:stop(231)) - Attempting to stop container services.
2019-09-24 04:50:31,544 [main] INFO  impl.RaftServerProxy (RaftServerProxy.java:lambda$close$4(314)) - 9cd035be-46cc-4646-826d-80cc04ab3ded: close
2019-09-24 04:50:31,544 [ForkJoinPool.commonPool-worker-0] INFO  impl.RaftServerProxy (RaftServerProxy.java:lambda$close$4(314)) - 3aa36313-ed82-49b8-853c-2e777720787d: close
2019-09-24 04:50:31,545 [main] INFO  impl.RaftServerImpl (RaftServerImpl.java:lambda$shutdown$3(251)) - 9cd035be-46cc-4646-826d-80cc04ab3ded@group-DFAAE1FE882D: shutdown
2019-09-24 04:50:31,545 [ForkJoinPool.commonPool-worker-0] INFO  impl.RaftServerImpl (RaftServerImpl.java:lambda$shutdown$3(251)) - 3aa36313-ed82-49b8-853c-2e777720787d@group-FA695471CEC0: shutdown
2019-09-24 04:50:31,545 [main] INFO  util.JmxRegister (JmxRegister.java:unregister(73)) - Successfully un-registered JMX Bean with object name Ratis:service=RaftServer,group=group-DFAAE1FE882D,id=9cd035be-46cc-4646-826d-80cc04ab3ded
2019-09-24 04:50:31,546 [main] INFO  impl.RoleInfo (RoleInfo.java:shutdownLeaderState(104)) - 9cd035be-46cc-4646-826d-80cc04ab3ded: shutdown LeaderState
2019-09-24 04:50:31,546 [ForkJoinPool.commonPool-worker-0] INFO  util.JmxRegister (JmxRegister.java:unregister(73)) - Successfully un-registered JMX Bean with object name Ratis:service=RaftServer,group=group-FA695471CEC0,id=3aa36313-ed82-49b8-853c-2e777720787d
2019-09-24 04:50:31,547 [main] INFO  impl.PendingRequests (PendingRequests.java:sendNotLeaderResponses(202)) - 9cd035be-46cc-4646-826d-80cc04ab3ded-PendingRequests: sendNotLeaderResponses
2019-09-24 04:50:31,547 [ForkJoinPool.commonPool-worker-0] INFO  impl.RoleInfo (RoleInfo.java:shutdownLeaderState(104)) - 3aa36313-ed82-49b8-853c-2e777720787d: shutdown LeaderState
2019-09-24 04:50:31,548 [main] INFO  impl.StateMachineUpdater (StateMachineUpdater.java:stopAndJoin(125)) - 9cd035be-46cc-4646-826d-80cc04ab3ded@group-DFAAE1FE882D-StateMachineUpdater: set stopIndex = 0
2019-09-24 04:50:31,548 [ForkJoinPool.commonPool-worker-0] INFO  impl.PendingRequests (PendingRequests.java:sendNotLeaderResponses(202)) - 3aa36313-ed82-49b8-853c-2e777720787d-PendingRequests: sendNotLeaderResponses
2019-09-24 04:50:31,551 [main] INFO  impl.RaftServerImpl (ServerState.java:close(385)) - 9cd035be-46cc-4646-826d-80cc04ab3ded@group-DFAAE1FE882D: closes. applyIndex: 0
2019-09-24 04:50:31,551 [ForkJoinPool.commonPool-worker-0] INFO  impl.StateMachineUpdater (StateMachineUpdater.java:stopAndJoin(125)) - 3aa36313-ed82-49b8-853c-2e777720787d@group-FA695471CEC0-StateMachineUpdater: set stopIndex = 0
2019-09-24 04:50:31,553 [9cd035be-46cc-4646-826d-80cc04ab3ded@group-DFAAE1FE882D-SegmentedRaftLogWorker] INFO  segmented.SegmentedRaftLogWorker (SegmentedRaftLogWorker.java:run(313)) - 9cd035be-46cc-4646-826d-80cc04ab3ded@group-DFAAE1FE882D-SegmentedRaftLogWorker was interrupted, exiting. There are 0 tasks remaining in the queue.
2019-09-24 04:50:31,553 [ForkJoinPool.commonPool-worker-0] INFO  impl.RaftServerImpl (ServerState.java:close(385)) - 3aa36313-ed82-49b8-853c-2e777720787d@group-FA695471CEC0: closes. applyIndex: 0
2019-09-24 04:50:31,556 [main] INFO  segmented.SegmentedRaftLogWorker (SegmentedRaftLogWorker.java:close(228)) - 9cd035be-46cc-4646-826d-80cc04ab3ded@group-DFAAE1FE882D-SegmentedRaftLogWorker close()
2019-09-24 04:50:31,557 [3aa36313-ed82-49b8-853c-2e777720787d@group-FA695471CEC0-SegmentedRaftLogWorker] INFO  segmented.SegmentedRaftLogWorker (SegmentedRaftLogWorker.java:run(313)) - 3aa36313-ed82-49b8-853c-2e777720787d@group-FA695471CEC0-SegmentedRaftLogWorker was interrupted, exiting. There are 0 tasks remaining in the queue.
2019-09-24 04:50:31,559 [main] INFO  server.GrpcService (GrpcService.java:closeImpl(164)) - 9cd035be-46cc-4646-826d-80cc04ab3ded: shutdown server with port 35389 now
2019-09-24 04:50:31,562 [ForkJoinPool.commonPool-worker-0] INFO  segmented.SegmentedRaftLogWorker (SegmentedRaftLogWorker.java:close(228)) - 3aa36313-ed82-49b8-853c-2e777720787d@group-FA695471CEC0-SegmentedRaftLogWorker close()
2019-09-24 04:50:31,566 [main] INFO  server.GrpcService (GrpcService.java:closeImpl(172)) - 9cd035be-46cc-4646-826d-80cc04ab3ded: shutdown server with port 35389 successfully
2019-09-24 04:50:31,566 [ForkJoinPool.commonPool-worker-0] INFO  impl.RaftServerImpl (RaftServerImpl.java:lambda$shutdown$3(251)) - 3aa36313-ed82-49b8-853c-2e777720787d@group-12FAA0FBE9A7: shutdown
2019-09-24 04:50:31,567 [ForkJoinPool.commonPool-worker-0] INFO  util.JmxRegister (JmxRegister.java:unregister(73)) - Successfully un-registered JMX Bean with object name Ratis:service=RaftServer,group=group-12FAA0FBE9A7,id=3aa36313-ed82-49b8-853c-2e777720787d
2019-09-24 04:50:31,568 [ForkJoinPool.commonPool-worker-0] INFO  impl.RoleInfo (RoleInfo.java:shutdownLeaderState(104)) - 3aa36313-ed82-49b8-853c-2e777720787d: shutdown LeaderState
2019-09-24 04:50:31,571 [ForkJoinPool.commonPool-worker-0] INFO  impl.PendingRequests (PendingRequests.java:sendNotLeaderResponses(202)) - 3aa36313-ed82-49b8-853c-2e777720787d-PendingRequests: sendNotLeaderResponses
2019-09-24 04:50:31,571 [org.apache.ratis.server.impl.LogAppender$AppenderDaemon$$Lambda$670/1540311846@653c65cd] WARN  server.GrpcLogAppender (GrpcLogAppender.java:mayWait(143)) - 3aa36313-ed82-49b8-853c-2e777720787d@group-12FAA0FBE9A7->a328bc32-4130-4923-86dd-5c71dd7c68c2-GrpcLogAppender: Wait interrupted by java.lang.InterruptedException
2019-09-24 04:50:31,571 [org.apache.ratis.server.impl.LogAppender$AppenderDaemon$$Lambda$670/1540311846@342b0ad9] WARN  server.GrpcLogAppender (GrpcLogAppender.java:mayWait(143)) - 3aa36313-ed82-49b8-853c-2e777720787d@group-12FAA0FBE9A7->efd7fae7-4092-45cf-9d0e-a0379204e7bf-GrpcLogAppender: Wait interrupted by java.lang.InterruptedException
2019-09-24 04:50:31,572 [ForkJoinPool.commonPool-worker-0] INFO  impl.StateMachineUpdater (StateMachineUpdater.java:stopAndJoin(125)) - 3aa36313-ed82-49b8-853c-2e777720787d@group-12FAA0FBE9A7-StateMachineUpdater: set stopIndex = 0
2019-09-24 04:50:31,574 [ForkJoinPool.commonPool-worker-0] INFO  impl.RaftServerImpl (ServerState.java:close(385)) - 3aa36313-ed82-49b8-853c-2e777720787d@group-12FAA0FBE9A7: closes. applyIndex: 0
2019-09-24 04:50:31,575 [3aa36313-ed82-49b8-853c-2e777720787d@group-12FAA0FBE9A7-SegmentedRaftLogWorker] INFO  segmented.SegmentedRaftLogWorker (SegmentedRaftLogWorker.java:run(313)) - 3aa36313-ed82-49b8-853c-2e777720787d@group-12FAA0FBE9A7-SegmentedRaftLogWorker was interrupted, exiting. There are 0 tasks remaining in the queue.
2019-09-24 04:50:31,578 [ForkJoinPool.commonPool-worker-0] INFO  segmented.SegmentedRaftLogWorker (SegmentedRaftLogWorker.java:close(228)) - 3aa36313-ed82-49b8-853c-2e777720787d@group-12FAA0FBE9A7-SegmentedRaftLogWorker close()
2019-09-24 04:50:31,581 [ForkJoinPool.commonPool-worker-0] INFO  server.GrpcService (GrpcService.java:closeImpl(164)) - 3aa36313-ed82-49b8-853c-2e777720787d: shutdown server with port 33267 now
2019-09-24 04:50:31,583 [ForkJoinPool.commonPool-worker-0] INFO  server.GrpcService (GrpcService.java:closeImpl(172)) - 3aa36313-ed82-49b8-853c-2e777720787d: shutdown server with port 33267 successfully
2019-09-24 04:50:31,592 [refreshUsed-/workdir/hadoop-ozone/integration-test/target/test-dir/MiniOzoneClusterImpl-3b8d4982-b692-47e6-b3b3-ef9ec24b4ef4/datanode-0/data/containers] WARN  fs.CachingGetSpaceUsed (CachingGetSpaceUsed.java:run(183)) - Thread Interrupted waiting to refresh disk information: sleep interrupted
2019-09-24 04:50:31,599 [refreshUsed-/workdir/hadoop-ozone/integration-test/target/test-dir/MiniOzoneClusterImpl-3b8d4982-b692-47e6-b3b3-ef9ec24b4ef4/datanode-4/data/containers] WARN  fs.CachingGetSpaceUsed (CachingGetSpaceUsed.java:run(183)) - Thread Interrupted waiting to refresh disk information: sleep interrupted
2019-09-24 04:50:31,619 [ForkJoinPool.commonPool-worker-0] INFO  utils.BackgroundService (BackgroundService.java:shutdown(148)) - Shutting down service BlockDeletingService
2019-09-24 04:50:31,620 [main] INFO  utils.BackgroundService (BackgroundService.java:shutdown(148)) - Shutting down service BlockDeletingService
2019-09-24 04:50:31,622 [ForkJoinPool.commonPool-worker-0] INFO  statemachine.DatanodeStateMachine (DatanodeStateMachine.java:stopDaemon(401)) - Ozone container server stopped.
2019-09-24 04:50:31,625 [main] INFO  statemachine.DatanodeStateMachine (DatanodeStateMachine.java:stopDaemon(401)) - Ozone container server stopped.
2019-09-24 04:50:31,628 [ForkJoinPool.commonPool-worker-0] INFO  handler.ContextHandler (ContextHandler.java:doStop(910)) - Stopped o.e.j.w.WebAppContext@70228253{/,null,UNAVAILABLE}{/hddsDatanode}
2019-09-24 04:50:31,628 [main] INFO  handler.ContextHandler (ContextHandler.java:doStop(910)) - Stopped o.e.j.w.WebAppContext@3bd2af5b{/,null,UNAVAILABLE}{/hddsDatanode}
2019-09-24 04:50:31,629 [ForkJoinPool.commonPool-worker-0] INFO  server.AbstractConnector (AbstractConnector.java:doStop(318)) - Stopped ServerConnector@63c12e52{HTTP/1.1,[http/1.1]}{0.0.0.0:0}
2019-09-24 04:50:31,629 [main] INFO  server.AbstractConnector (AbstractConnector.java:doStop(318)) - Stopped ServerConnector@250a500b{HTTP/1.1,[http/1.1]}{0.0.0.0:0}
2019-09-24 04:50:31,630 [ForkJoinPool.commonPool-worker-0] INFO  handler.ContextHandler (ContextHandler.java:doStop(910)) - Stopped o.e.j.s.ServletContextHandler@51c959a4{/static,jar:file:/home/user/.m2/repository/org/apache/hadoop/hadoop-hdds-container-service/0.5.0-SNAPSHOT/hadoop-hdds-container-service-0.5.0-SNAPSHOT.jar!/webapps/static,UNAVAILABLE}
2019-09-24 04:50:31,632 [ForkJoinPool.commonPool-worker-0] INFO  handler.ContextHandler (ContextHandler.java:doStop(910)) - Stopped o.e.j.s.ServletContextHandler@1229a2b7{/logs,file:///workdir/hadoop-ozone/integration-test/target/log,UNAVAILABLE}
2019-09-24 04:50:31,632 [main] INFO  handler.ContextHandler (ContextHandler.java:doStop(910)) - Stopped o.e.j.s.ServletContextHandler@5d2828c9{/static,jar:file:/home/user/.m2/repository/org/apache/hadoop/hadoop-hdds-container-service/0.5.0-SNAPSHOT/hadoop-hdds-container-service-0.5.0-SNAPSHOT.jar!/webapps/static,UNAVAILABLE}
2019-09-24 04:50:31,633 [main] INFO  handler.ContextHandler (ContextHandler.java:doStop(910)) - Stopped o.e.j.s.ServletContextHandler@242b6e1a{/logs,file:///workdir/hadoop-ozone/integration-test/target/log,UNAVAILABLE}
2019-09-24 04:50:32,266 [Datanode State Machine Thread - 0] INFO  statemachine.DatanodeStateMachine (DatanodeStateMachine.java:lambda$startDaemon$0(356)) - Ozone container server started.
2019-09-24 04:50:36,635 [ForkJoinPool.commonPool-worker-0] INFO  ozoneimpl.OzoneContainer (OzoneContainer.java:stop(231)) - Attempting to stop container services.
2019-09-24 04:50:36,636 [ForkJoinPool.commonPool-worker-0] INFO  impl.RaftServerProxy (RaftServerProxy.java:lambda$close$4(314)) - 363d3087-a5a4-44aa-b064-a686fd12cab1: close
2019-09-24 04:50:36,636 [ForkJoinPool.commonPool-worker-0] INFO  impl.RaftServerImpl (RaftServerImpl.java:lambda$shutdown$3(251)) - 363d3087-a5a4-44aa-b064-a686fd12cab1@group-1E6578B0C30A: shutdown
2019-09-24 04:50:36,636 [ForkJoinPool.commonPool-worker-0] INFO  util.JmxRegister (JmxRegister.java:unregister(73)) - Successfully un-registered JMX Bean with object name Ratis:service=RaftServer,group=group-1E6578B0C30A,id=363d3087-a5a4-44aa-b064-a686fd12cab1
2019-09-24 04:50:36,637 [ForkJoinPool.commonPool-worker-0] INFO  impl.RoleInfo (RoleInfo.java:shutdownLeaderState(104)) - 363d3087-a5a4-44aa-b064-a686fd12cab1: shutdown LeaderState
2019-09-24 04:50:36,637 [ForkJoinPool.commonPool-worker-0] INFO  impl.PendingRequests (PendingRequests.java:sendNotLeaderResponses(202)) - 363d3087-a5a4-44aa-b064-a686fd12cab1-PendingRequests: sendNotLeaderResponses
2019-09-24 04:50:36,638 [ForkJoinPool.commonPool-worker-0] INFO  impl.StateMachineUpdater (StateMachineUpdater.java:stopAndJoin(125)) - 363d3087-a5a4-44aa-b064-a686fd12cab1@group-1E6578B0C30A-StateMachineUpdater: set stopIndex = 0
2019-09-24 04:50:36,638 [ForkJoinPool.commonPool-worker-0] INFO  impl.RaftServerImpl (ServerState.java:close(385)) - 363d3087-a5a4-44aa-b064-a686fd12cab1@group-1E6578B0C30A: closes. applyIndex: 0
2019-09-24 04:50:36,639 [363d3087-a5a4-44aa-b064-a686fd12cab1@group-1E6578B0C30A-SegmentedRaftLogWorker] INFO  segmented.SegmentedRaftLogWorker (SegmentedRaftLogWorker.java:run(313)) - 363d3087-a5a4-44aa-b064-a686fd12cab1@group-1E6578B0C30A-SegmentedRaftLogWorker was interrupted, exiting. There are 0 tasks remaining in the queue.
2019-09-24 04:50:36,640 [ForkJoinPool.commonPool-worker-0] INFO  segmented.SegmentedRaftLogWorker (SegmentedRaftLogWorker.java:close(228)) - 363d3087-a5a4-44aa-b064-a686fd12cab1@group-1E6578B0C30A-SegmentedRaftLogWorker close()
2019-09-24 04:50:36,642 [ForkJoinPool.commonPool-worker-0] INFO  server.GrpcService (GrpcService.java:closeImpl(164)) - 363d3087-a5a4-44aa-b064-a686fd12cab1: shutdown server with port 33216 now
2019-09-24 04:50:36,644 [ForkJoinPool.commonPool-worker-0] INFO  server.GrpcService (GrpcService.java:closeImpl(172)) - 363d3087-a5a4-44aa-b064-a686fd12cab1: shutdown server with port 33216 successfully
2019-09-24 04:50:36,661 [refreshUsed-/workdir/hadoop-ozone/integration-test/target/test-dir/MiniOzoneClusterImpl-3b8d4982-b692-47e6-b3b3-ef9ec24b4ef4/datanode-3/data/containers] WARN  fs.CachingGetSpaceUsed (CachingGetSpaceUsed.java:run(183)) - Thread Interrupted waiting to refresh disk information: sleep interrupted
2019-09-24 04:50:36,678 [ForkJoinPool.commonPool-worker-0] INFO  utils.BackgroundService (BackgroundService.java:shutdown(148)) - Shutting down service BlockDeletingService
2019-09-24 04:50:36,681 [ForkJoinPool.commonPool-worker-0] INFO  statemachine.DatanodeStateMachine (DatanodeStateMachine.java:stopDaemon(401)) - Ozone container server stopped.
2019-09-24 04:50:36,684 [ForkJoinPool.commonPool-worker-0] INFO  handler.ContextHandler (ContextHandler.java:doStop(910)) - Stopped o.e.j.w.WebAppContext@54e2fe{/,null,UNAVAILABLE}{/hddsDatanode}
2019-09-24 04:50:36,685 [ForkJoinPool.commonPool-worker-0] INFO  server.AbstractConnector (AbstractConnector.java:doStop(318)) - Stopped ServerConnector@70972170{HTTP/1.1,[http/1.1]}{0.0.0.0:0}
2019-09-24 04:50:36,686 [ForkJoinPool.commonPool-worker-0] INFO  handler.ContextHandler (ContextHandler.java:doStop(910)) - Stopped o.e.j.s.ServletContextHandler@7efb53af{/static,jar:file:/home/user/.m2/repository/org/apache/hadoop/hadoop-hdds-container-service/0.5.0-SNAPSHOT/hadoop-hdds-container-service-0.5.0-SNAPSHOT.jar!/webapps/static,UNAVAILABLE}
2019-09-24 04:50:36,688 [ForkJoinPool.commonPool-worker-0] INFO  handler.ContextHandler (ContextHandler.java:doStop(910)) - Stopped o.e.j.s.ServletContextHandler@5484117b{/logs,file:///workdir/hadoop-ozone/integration-test/target/log,UNAVAILABLE}
2019-09-24 04:50:36,690 [main] INFO  ozone.MiniOzoneClusterImpl (MiniOzoneClusterImpl.java:stopSCM(398)) - Stopping the StorageContainerManager
2019-09-24 04:50:36,690 [main] INFO  server.StorageContainerManager (StorageContainerManager.java:stop(808)) - Stopping Replication Manager Service.
2019-09-24 04:50:36,690 [main] INFO  container.ReplicationManager (ReplicationManager.java:stop(204)) - Stopping Replication Monitor Thread.
2019-09-24 04:50:36,691 [main] INFO  server.StorageContainerManager (StorageContainerManager.java:stop(815)) - Stopping Lease Manager of the command watchers
2019-09-24 04:50:36,691 [main] INFO  server.StorageContainerManager (StorageContainerManager.java:stop(822)) - Stopping datanode service RPC server
2019-09-24 04:50:36,691 [main] INFO  server.SCMDatanodeProtocolServer (SCMDatanodeProtocolServer.java:stop(387)) - Stopping the RPC server for DataNodes
2019-09-24 04:50:36,692 [main] INFO  ipc.Server (Server.java:stop(3082)) - Stopping server on 46110
2019-09-24 04:50:36,692 [IPC Server listener on 46110] INFO  ipc.Server (Server.java:run(1185)) - Stopping IPC Server listener on 46110
2019-09-24 04:50:36,694 [IPC Server Responder] INFO  ipc.Server (Server.java:run(1319)) - Stopping IPC Server Responder
2019-09-24 04:50:36,766 [SCM Heartbeat Processing Thread - 0] WARN  node.NodeStateManager (NodeStateManager.java:scheduleNextHealthCheck(655)) - Current Thread is interrupted, shutting down HB processing thread for Node Manager.
2019-09-24 04:50:36,766 [main] INFO  server.StorageContainerManager (StorageContainerManager.java:stop(830)) - Stopping block service RPC server
2019-09-24 04:50:36,767 [main] INFO  server.SCMBlockProtocolServer (SCMBlockProtocolServer.java:stop(155)) - Stopping the RPC server for Block Protocol
2019-09-24 04:50:36,767 [main] INFO  ipc.Server (Server.java:stop(3082)) - Stopping server on 39572
2019-09-24 04:50:36,769 [main] INFO  server.StorageContainerManager (StorageContainerManager.java:stop(837)) - Stopping the StorageContainerLocationProtocol RPC server
2019-09-24 04:50:36,769 [IPC Server listener on 39572] INFO  ipc.Server (Server.java:run(1185)) - Stopping IPC Server listener on 39572
2019-09-24 04:50:36,770 [main] INFO  server.SCMClientProtocolServer (SCMClientProtocolServer.java:stop(159)) - Stopping the RPC server for Client Protocol
2019-09-24 04:50:36,770 [IPC Server Responder] INFO  ipc.Server (Server.java:run(1319)) - Stopping IPC Server Responder
2019-09-24 04:50:36,771 [main] INFO  ipc.Server (Server.java:stop(3082)) - Stopping server on 42848
2019-09-24 04:50:36,775 [IPC Server listener on 42848] INFO  ipc.Server (Server.java:run(1185)) - Stopping IPC Server listener on 42848
2019-09-24 04:50:36,775 [main] INFO  server.StorageContainerManager (StorageContainerManager.java:stop(844)) - Stopping Storage Container Manager HTTP server.
2019-09-24 04:50:36,775 [IPC Server Responder] INFO  ipc.Server (Server.java:run(1319)) - Stopping IPC Server Responder
2019-09-24 04:50:36,776 [main] INFO  handler.ContextHandler (ContextHandler.java:doStop(910)) - Stopped o.e.j.w.WebAppContext@182f1e9a{/,null,UNAVAILABLE}{/scm}
2019-09-24 04:50:36,777 [main] INFO  server.AbstractConnector (AbstractConnector.java:doStop(318)) - Stopped ServerConnector@6f70f32f{HTTP/1.1,[http/1.1]}{0.0.0.0:0}
2019-09-24 04:50:36,778 [main] INFO  handler.ContextHandler (ContextHandler.java:doStop(910)) - Stopped o.e.j.s.ServletContextHandler@6b00f608{/static,file:///workdir/hadoop-ozone/integration-test/target/test-classes/webapps/static,UNAVAILABLE}
2019-09-24 04:50:36,778 [main] INFO  handler.ContextHandler (ContextHandler.java:doStop(910)) - Stopped o.e.j.s.ServletContextHandler@25a6944c{/logs,file:///workdir/hadoop-ozone/integration-test/target/log,UNAVAILABLE}
2019-09-24 04:50:36,780 [main] INFO  server.StorageContainerManager (StorageContainerManager.java:stop(855)) - Stopping Block Manager Service.
2019-09-24 04:50:36,781 [main] INFO  utils.BackgroundService (BackgroundService.java:shutdown(148)) - Shutting down service SCMBlockDeletingService
2019-09-24 04:50:36,781 [main] INFO  utils.BackgroundService (BackgroundService.java:shutdown(148)) - Shutting down service SCMBlockDeletingService
2019-09-24 04:50:36,782 [main] INFO  server.StorageContainerManager (StorageContainerManager.java:stop(877)) - Stopping SCM Event Queue.
2019-09-24 04:50:36,790 [main] INFO  impl.MetricsSystemImpl (MetricsSystemImpl.java:stop(210)) - Stopping ratis metrics system...
2019-09-24 04:50:36,801 [prometheus] INFO  impl.MetricsSinkAdapter (MetricsSinkAdapter.java:publishMetricsFromQueue(141)) - prometheus thread interrupted.
2019-09-24 04:50:36,801 [main] INFO  impl.MetricsSystemImpl (MetricsSystemImpl.java:stop(216)) - ratis metrics system stopped.
]]></system-out>
    <system-err><![CDATA[ERROR StatusLogger No Log4j 2 configuration file found. Using default configuration (logging only errors to the console), or user programmatically provided configurations. Set system property 'log4j2.debug' to show Log4j 2 internal initialization logging. See https://logging.apache.org/log4j/2.x/manual/configuration.html for instructions on how to configure Log4j 2
Sep 24, 2019 4:50:26 AM org.apache.ratis.thirdparty.io.grpc.internal.SerializingExecutor run
SEVERE: Exception while executing runnable org.apache.ratis.thirdparty.io.grpc.internal.ServerImpl$JumpToApplicationThreadServerStreamListener$1Closed@5124fa88
org.apache.ratis.thirdparty.io.grpc.StatusRuntimeException: CANCELLED: call already cancelled
	at org.apache.ratis.thirdparty.io.grpc.Status.asRuntimeException(Status.java:517)
	at org.apache.ratis.thirdparty.io.grpc.stub.ServerCalls$ServerCallStreamObserverImpl.onCompleted(ServerCalls.java:356)
	at org.apache.ratis.grpc.server.GrpcServerProtocolService$ServerRequestStreamObserver.onError(GrpcServerProtocolService.java:121)
	at org.apache.ratis.thirdparty.io.grpc.stub.ServerCalls$StreamingServerCallHandler$StreamingServerCallListener.onCancel(ServerCalls.java:269)
	at org.apache.ratis.thirdparty.io.grpc.internal.ServerCallImpl$ServerStreamListenerImpl.closed(ServerCallImpl.java:293)
	at org.apache.ratis.thirdparty.io.grpc.internal.ServerImpl$JumpToApplicationThreadServerStreamListener$1Closed.runInContext(ServerImpl.java:741)
	at org.apache.ratis.thirdparty.io.grpc.internal.ContextRunnable.run(ContextRunnable.java:37)
	at org.apache.ratis.thirdparty.io.grpc.internal.SerializingExecutor.run(SerializingExecutor.java:123)
	at java.util.concurrent.ThreadPoolExecutor.runWorker(ThreadPoolExecutor.java:1149)
	at java.util.concurrent.ThreadPoolExecutor$Worker.run(ThreadPoolExecutor.java:624)
	at java.lang.Thread.run(Thread.java:748)

Sep 24, 2019 4:50:26 AM org.apache.ratis.thirdparty.io.grpc.internal.SerializingExecutor run
SEVERE: Exception while executing runnable org.apache.ratis.thirdparty.io.grpc.internal.ServerImpl$JumpToApplicationThreadServerStreamListener$1Closed@6f1263f7
org.apache.ratis.thirdparty.io.grpc.StatusRuntimeException: CANCELLED: call already cancelled
	at org.apache.ratis.thirdparty.io.grpc.Status.asRuntimeException(Status.java:517)
	at org.apache.ratis.thirdparty.io.grpc.stub.ServerCalls$ServerCallStreamObserverImpl.onCompleted(ServerCalls.java:356)
	at org.apache.ratis.grpc.server.GrpcServerProtocolService$ServerRequestStreamObserver.onError(GrpcServerProtocolService.java:121)
	at org.apache.ratis.thirdparty.io.grpc.stub.ServerCalls$StreamingServerCallHandler$StreamingServerCallListener.onCancel(ServerCalls.java:269)
	at org.apache.ratis.thirdparty.io.grpc.internal.ServerCallImpl$ServerStreamListenerImpl.closed(ServerCallImpl.java:293)
	at org.apache.ratis.thirdparty.io.grpc.internal.ServerImpl$JumpToApplicationThreadServerStreamListener$1Closed.runInContext(ServerImpl.java:741)
	at org.apache.ratis.thirdparty.io.grpc.internal.ContextRunnable.run(ContextRunnable.java:37)
	at org.apache.ratis.thirdparty.io.grpc.internal.SerializingExecutor.run(SerializingExecutor.java:123)
	at java.util.concurrent.ThreadPoolExecutor.runWorker(ThreadPoolExecutor.java:1149)
	at java.util.concurrent.ThreadPoolExecutor$Worker.run(ThreadPoolExecutor.java:624)
	at java.lang.Thread.run(Thread.java:748)

]]></system-err>
  </testcase>
</testsuite>