<?xml version="1.0" encoding="UTF-8"?>
<testsuite xmlns:xsi="http://www.w3.org/2001/XMLSchema-instance" xsi:noNamespaceSchemaLocation="https://maven.apache.org/surefire/maven-surefire-plugin/xsd/surefire-test-report.xsd" name="org.apache.hadoop.ozone.client.rpc.TestBlockOutputStreamWithFailures" time="766.71" tests="8" errors="0" skipped="0" failures="1">
  <properties>
    <property name="awt.toolkit" value="sun.awt.X11.XToolkit"/>
    <property name="file.encoding.pkg" value="sun.io"/>
    <property name="java.specification.version" value="1.8"/>
    <property name="sun.cpu.isalist" value=""/>
    <property name="sun.jnu.encoding" value="UTF-8"/>
    <property name="java.class.path" value="/workdir/hadoop-ozone/integration-test/target/test-classes:/workdir/hadoop-ozone/integration-test/target/classes:/home/user/.m2/repository/org/apache/hadoop/hadoop-ozone-common/0.5.0-SNAPSHOT/hadoop-ozone-common-0.5.0-SNAPSHOT.jar:/home/user/.m2/repository/org/apache/commons/commons-compress/1.4.1/commons-compress-1.4.1.jar:/home/user/.m2/repository/org/tukaani/xz/1.0/xz-1.0.jar:/home/user/.m2/repository/org/apache/hadoop/hadoop-common/3.2.0/hadoop-common-3.2.0.jar:/home/user/.m2/repository/org/apache/hadoop/hadoop-hdfs/3.2.0/hadoop-hdfs-3.2.0.jar:/home/user/.m2/repository/org/apache/hadoop/hadoop-hdfs-client/3.2.0/hadoop-hdfs-client-3.2.0.jar:/home/user/.m2/repository/com/fasterxml/jackson/core/jackson-annotations/2.9.9/jackson-annotations-2.9.9.jar:/home/user/.m2/repository/org/apache/hadoop/hadoop-hdds-common/0.5.0-SNAPSHOT/hadoop-hdds-common-0.5.0-SNAPSHOT.jar:/home/user/.m2/repository/javax/annotation/javax.annotation-api/1.2/javax.annotation-api-1.2.jar:/home/user/.m2/repository/org/apache/ratis/ratis-server/0.4.0/ratis-server-0.4.0.jar:/home/user/.m2/repository/org/apache/ratis/ratis-thirdparty-misc/0.2.0/ratis-thirdparty-misc-0.2.0.jar:/home/user/.m2/repository/org/apache/ratis/ratis-proto/0.4.0/ratis-proto-0.4.0.jar:/home/user/.m2/repository/org/apache/ratis/ratis-common/0.4.0/ratis-common-0.4.0.jar:/home/user/.m2/repository/org/apache/ratis/ratis-client/0.4.0/ratis-client-0.4.0.jar:/home/user/.m2/repository/org/apache/ratis/ratis-metrics/0.4.0/ratis-metrics-0.4.0.jar:/home/user/.m2/repository/com/github/joshelser/dropwizard-metrics-hadoop-metrics2-reporter/0.1.2/dropwizard-metrics-hadoop-metrics2-reporter-0.1.2.jar:/home/user/.m2/repository/io/dropwizard/metrics/metrics-jvm/3.2.5/metrics-jvm-3.2.5.jar:/home/user/.m2/repository/io/dropwizard/metrics/metrics-ganglia/3.2.5/metrics-ganglia-3.2.5.jar:/home/user/.m2/repository/info/ganglia/gmetric4j/gmetric4j/1.0.7/gmetric4j-1.0.7.jar:/home/user/.m2/repository/org/apache/ratis/ratis-netty/0.4.0/ratis-netty-0.4.0.jar:/home/user/.m2/repository/org/apache/ratis/ratis-grpc/0.4.0/ratis-grpc-0.4.0.jar:/home/user/.m2/repository/org/rocksdb/rocksdbjni/6.0.1/rocksdbjni-6.0.1.jar:/home/user/.m2/repository/org/apache/logging/log4j/log4j-api/2.11.0/log4j-api-2.11.0.jar:/home/user/.m2/repository/org/apache/logging/log4j/log4j-core/2.11.0/log4j-core-2.11.0.jar:/home/user/.m2/repository/com/lmax/disruptor/3.4.2/disruptor-3.4.2.jar:/home/user/.m2/repository/org/apache/commons/commons-pool2/2.6.0/commons-pool2-2.6.0.jar:/home/user/.m2/repository/org/bouncycastle/bcpkix-jdk15on/1.60/bcpkix-jdk15on-1.60.jar:/home/user/.m2/repository/commons-validator/commons-validator/1.6/commons-validator-1.6.jar:/home/user/.m2/repository/commons-digester/commons-digester/1.8.1/commons-digester-1.8.1.jar:/home/user/.m2/repository/io/jaegertracing/jaeger-client/0.34.0/jaeger-client-0.34.0.jar:/home/user/.m2/repository/io/jaegertracing/jaeger-thrift/0.34.0/jaeger-thrift-0.34.0.jar:/home/user/.m2/repository/org/apache/thrift/libthrift/0.12.0/libthrift-0.12.0.jar:/home/user/.m2/repository/com/squareup/okhttp3/okhttp/3.9.0/okhttp-3.9.0.jar:/home/user/.m2/repository/com/squareup/okio/okio/1.13.0/okio-1.13.0.jar:/home/user/.m2/repository/io/jaegertracing/jaeger-core/0.34.0/jaeger-core-0.34.0.jar:/home/user/.m2/repository/io/jaegertracing/jaeger-tracerresolver/0.34.0/jaeger-tracerresolver-0.34.0.jar:/home/user/.m2/repository/io/opentracing/contrib/opentracing-tracerresolver/0.1.5/opentracing-tracerresolver-0.1.5.jar:/home/user/.m2/repository/io/opentracing/opentracing-util/0.31.0/opentracing-util-0.31.0.jar:/home/user/.m2/repository/io/opentracing/opentracing-api/0.31.0/opentracing-api-0.31.0.jar:/home/user/.m2/repository/io/opentracing/opentracing-noop/0.31.0/opentracing-noop-0.31.0.jar:/home/user/.m2/repository/org/apache/hadoop/hadoop-hdds-server-framework/0.5.0-SNAPSHOT/hadoop-hdds-server-framework-0.5.0-SNAPSHOT.jar:/home/user/.m2/repository/org/apache/hadoop/hadoop-hdds-container-service/0.5.0-SNAPSHOT/hadoop-hdds-container-service-0.5.0-SNAPSHOT.jar:/home/user/.m2/repository/org/apache/hadoop/hadoop-hdds-client/0.5.0-SNAPSHOT/hadoop-hdds-client-0.5.0-SNAPSHOT.jar:/home/user/.m2/repository/org/apache/hadoop/hadoop-hdds-tools/0.5.0-SNAPSHOT/hadoop-hdds-tools-0.5.0-SNAPSHOT.jar:/home/user/.m2/repository/org/apache/hadoop/hadoop-hdds-server-scm/0.5.0-SNAPSHOT/hadoop-hdds-server-scm-0.5.0-SNAPSHOT.jar:/home/user/.m2/repository/org/apache/hadoop/hadoop-hdds-docs/0.5.0-SNAPSHOT/hadoop-hdds-docs-0.5.0-SNAPSHOT.jar:/home/user/.m2/repository/io/dropwizard/metrics/metrics-core/3.2.4/metrics-core-3.2.4.jar:/home/user/.m2/repository/org/hamcrest/hamcrest-all/1.3/hamcrest-all-1.3.jar:/home/user/.m2/repository/org/bouncycastle/bcprov-jdk15on/1.60/bcprov-jdk15on-1.60.jar:/home/user/.m2/repository/info/picocli/picocli/3.9.6/picocli-3.9.6.jar:/home/user/.m2/repository/com/google/protobuf/protobuf-java/2.5.0/protobuf-java-2.5.0.jar:/home/user/.m2/repository/com/google/guava/guava/11.0.2/guava-11.0.2.jar:/home/user/.m2/repository/org/apache/hadoop/hadoop-ozone-ozone-manager/0.5.0-SNAPSHOT/hadoop-ozone-ozone-manager-0.5.0-SNAPSHOT.jar:/home/user/.m2/repository/org/apache/hadoop/hadoop-minikdc/3.2.0/hadoop-minikdc-3.2.0.jar:/home/user/.m2/repository/commons-io/commons-io/2.5/commons-io-2.5.jar:/home/user/.m2/repository/org/apache/kerby/kerb-simplekdc/1.0.1/kerb-simplekdc-1.0.1.jar:/home/user/.m2/repository/org/apache/kerby/kerb-client/1.0.1/kerb-client-1.0.1.jar:/home/user/.m2/repository/org/apache/kerby/kerby-config/1.0.1/kerby-config-1.0.1.jar:/home/user/.m2/repository/org/apache/kerby/kerb-core/1.0.1/kerb-core-1.0.1.jar:/home/user/.m2/repository/org/apache/kerby/kerby-pkix/1.0.1/kerby-pkix-1.0.1.jar:/home/user/.m2/repository/org/apache/kerby/kerby-asn1/1.0.1/kerby-asn1-1.0.1.jar:/home/user/.m2/repository/org/apache/kerby/kerby-util/1.0.1/kerby-util-1.0.1.jar:/home/user/.m2/repository/org/apache/kerby/kerb-common/1.0.1/kerb-common-1.0.1.jar:/home/user/.m2/repository/org/apache/kerby/kerb-crypto/1.0.1/kerb-crypto-1.0.1.jar:/home/user/.m2/repository/org/apache/kerby/kerb-util/1.0.1/kerb-util-1.0.1.jar:/home/user/.m2/repository/org/apache/kerby/token-provider/1.0.1/token-provider-1.0.1.jar:/home/user/.m2/repository/org/apache/kerby/kerb-admin/1.0.1/kerb-admin-1.0.1.jar:/home/user/.m2/repository/org/apache/kerby/kerb-server/1.0.1/kerb-server-1.0.1.jar:/home/user/.m2/repository/org/apache/kerby/kerb-identity/1.0.1/kerb-identity-1.0.1.jar:/home/user/.m2/repository/org/apache/kerby/kerby-xdr/1.0.1/kerby-xdr-1.0.1.jar:/home/user/.m2/repository/org/slf4j/slf4j-log4j12/1.7.25/slf4j-log4j12-1.7.25.jar:/home/user/.m2/repository/org/apache/hadoop/hadoop-ozone-s3gateway/0.5.0-SNAPSHOT/hadoop-ozone-s3gateway-0.5.0-SNAPSHOT.jar:/home/user/.m2/repository/org/jboss/weld/servlet/weld-servlet/2.4.7.Final/weld-servlet-2.4.7.Final.jar:/home/user/.m2/repository/org/glassfish/jersey/containers/jersey-container-servlet-core/2.27/jersey-container-servlet-core-2.27.jar:/home/user/.m2/repository/org/glassfish/hk2/external/javax.inject/2.5.0-b42/javax.inject-2.5.0-b42.jar:/home/user/.m2/repository/org/glassfish/jersey/core/jersey-common/2.27/jersey-common-2.27.jar:/home/user/.m2/repository/org/glassfish/hk2/osgi-resource-locator/1.0.1/osgi-resource-locator-1.0.1.jar:/home/user/.m2/repository/javax/ws/rs/javax.ws.rs-api/2.1/javax.ws.rs-api-2.1.jar:/home/user/.m2/repository/org/glassfish/jersey/ext/cdi/jersey-cdi1x/2.27/jersey-cdi1x-2.27.jar:/home/user/.m2/repository/org/glassfish/jersey/inject/jersey-hk2/2.27/jersey-hk2-2.27.jar:/home/user/.m2/repository/org/glassfish/hk2/hk2-locator/2.5.0-b42/hk2-locator-2.5.0-b42.jar:/home/user/.m2/repository/org/javassist/javassist/3.22.0-CR2/javassist-3.22.0-CR2.jar:/home/user/.m2/repository/org/glassfish/hk2/hk2-api/2.5.0/hk2-api-2.5.0.jar:/home/user/.m2/repository/org/glassfish/hk2/external/jakarta.inject/2.5.0/jakarta.inject-2.5.0.jar:/home/user/.m2/repository/org/glassfish/hk2/hk2-utils/2.5.0/hk2-utils-2.5.0.jar:/home/user/.m2/repository/jakarta/annotation/jakarta.annotation-api/1.3.4/jakarta.annotation-api-1.3.4.jar:/home/user/.m2/repository/org/glassfish/hk2/external/aopalliance-repackaged/2.5.0/aopalliance-repackaged-2.5.0.jar:/home/user/.m2/repository/com/fasterxml/jackson/dataformat/jackson-dataformat-xml/2.9.0/jackson-dataformat-xml-2.9.0.jar:/home/user/.m2/repository/com/fasterxml/jackson/core/jackson-core/2.9.9/jackson-core-2.9.9.jar:/home/user/.m2/repository/com/fasterxml/jackson/module/jackson-module-jaxb-annotations/2.9.9/jackson-module-jaxb-annotations-2.9.9.jar:/home/user/.m2/repository/javax/enterprise/cdi-api/1.2/cdi-api-1.2.jar:/home/user/.m2/repository/javax/el/javax.el-api/3.0.0/javax.el-api-3.0.0.jar:/home/user/.m2/repository/javax/interceptor/javax.interceptor-api/1.2/javax.interceptor-api-1.2.jar:/home/user/.m2/repository/javax/inject/javax.inject/1/javax.inject-1.jar:/home/user/.m2/repository/com/sun/xml/bind/jaxb-impl/2.3.0.1/jaxb-impl-2.3.0.1.jar:/home/user/.m2/repository/com/sun/xml/bind/jaxb-core/2.3.0.1/jaxb-core-2.3.0.1.jar:/home/user/.m2/repository/javax/xml/bind/jaxb-api/2.3.0/jaxb-api-2.3.0.jar:/home/user/.m2/repository/javax/activation/activation/1.1.1/activation-1.1.1.jar:/home/user/.m2/repository/org/apache/hadoop/hadoop-ozone-csi/0.5.0-SNAPSHOT/hadoop-ozone-csi-0.5.0-SNAPSHOT.jar:/home/user/.m2/repository/com/google/protobuf/protobuf-java-util/3.5.1/protobuf-java-util-3.5.1.jar:/home/user/.m2/repository/org/apache/hadoop/hadoop-hdds-config/0.5.0-SNAPSHOT/hadoop-hdds-config-0.5.0-SNAPSHOT.jar:/home/user/.m2/repository/io/grpc/grpc-netty/1.17.1/grpc-netty-1.17.1.jar:/home/user/.m2/repository/io/grpc/grpc-core/1.17.1/grpc-core-1.17.1.jar:/home/user/.m2/repository/io/grpc/grpc-context/1.17.1/grpc-context-1.17.1.jar:/home/user/.m2/repository/com/google/errorprone/error_prone_annotations/2.2.0/error_prone_annotations-2.2.0.jar:/home/user/.m2/repository/org/codehaus/mojo/animal-sniffer-annotations/1.17/animal-sniffer-annotations-1.17.jar:/home/user/.m2/repository/io/opencensus/opencensus-api/0.17.0/opencensus-api-0.17.0.jar:/home/user/.m2/repository/io/opencensus/opencensus-contrib-grpc-metrics/0.17.0/opencensus-contrib-grpc-metrics-0.17.0.jar:/home/user/.m2/repository/io/netty/netty-codec-http2/4.1.30.Final/netty-codec-http2-4.1.30.Final.jar:/home/user/.m2/repository/io/netty/netty-codec-http/4.1.30.Final/netty-codec-http-4.1.30.Final.jar:/home/user/.m2/repository/io/netty/netty-codec/4.1.30.Final/netty-codec-4.1.30.Final.jar:/home/user/.m2/repository/io/netty/netty-handler/4.1.30.Final/netty-handler-4.1.30.Final.jar:/home/user/.m2/repository/io/netty/netty-handler-proxy/4.1.30.Final/netty-handler-proxy-4.1.30.Final.jar:/home/user/.m2/repository/io/netty/netty-codec-socks/4.1.30.Final/netty-codec-socks-4.1.30.Final.jar:/home/user/.m2/repository/io/netty/netty-transport-native-epoll/4.1.30.Final/netty-transport-native-epoll-4.1.30.Final.jar:/home/user/.m2/repository/io/netty/netty-common/4.1.30.Final/netty-common-4.1.30.Final.jar:/home/user/.m2/repository/io/netty/netty-buffer/4.1.30.Final/netty-buffer-4.1.30.Final.jar:/home/user/.m2/repository/io/netty/netty-transport/4.1.30.Final/netty-transport-4.1.30.Final.jar:/home/user/.m2/repository/io/netty/netty-resolver/4.1.30.Final/netty-resolver-4.1.30.Final.jar:/home/user/.m2/repository/io/netty/netty-transport-native-unix-common/4.1.30.Final/netty-transport-native-unix-common-4.1.30.Final.jar:/home/user/.m2/repository/io/grpc/grpc-protobuf/1.17.1/grpc-protobuf-1.17.1.jar:/home/user/.m2/repository/com/google/api/grpc/proto-google-common-protos/1.0.0/proto-google-common-protos-1.0.0.jar:/home/user/.m2/repository/io/grpc/grpc-protobuf-lite/1.17.1/grpc-protobuf-lite-1.17.1.jar:/home/user/.m2/repository/io/grpc/grpc-stub/1.17.1/grpc-stub-1.17.1.jar:/home/user/.m2/repository/org/apache/hadoop/hadoop-ozone-recon/0.5.0-SNAPSHOT/hadoop-ozone-recon-0.5.0-SNAPSHOT.jar:/home/user/.m2/repository/org/apache/hadoop/hadoop-ozone-reconcodegen/0.5.0-SNAPSHOT/hadoop-ozone-reconcodegen-0.5.0-SNAPSHOT.jar:/home/user/.m2/repository/com/google/inject/extensions/guice-multibindings/4.0/guice-multibindings-4.0.jar:/home/user/.m2/repository/com/google/inject/guice/4.0/guice-4.0.jar:/home/user/.m2/repository/aopalliance/aopalliance/1.0/aopalliance-1.0.jar:/home/user/.m2/repository/com/google/inject/extensions/guice-servlet/4.0/guice-servlet-4.0.jar:/home/user/.m2/repository/org/glassfish/jersey/containers/jersey-container-servlet/2.27/jersey-container-servlet-2.27.jar:/home/user/.m2/repository/org/glassfish/hk2/guice-bridge/2.5.0/guice-bridge-2.5.0.jar:/home/user/.m2/repository/org/glassfish/jersey/core/jersey-server/2.27/jersey-server-2.27.jar:/home/user/.m2/repository/org/glassfish/jersey/core/jersey-client/2.27/jersey-client-2.27.jar:/home/user/.m2/repository/org/glassfish/jersey/media/jersey-media-jaxb/2.27/jersey-media-jaxb-2.27.jar:/home/user/.m2/repository/javax/validation/validation-api/1.1.0.Final/validation-api-1.1.0.Final.jar:/home/user/.m2/repository/org/glassfish/jersey/media/jersey-media-json-jackson/2.27/jersey-media-json-jackson-2.27.jar:/home/user/.m2/repository/org/glassfish/jersey/ext/jersey-entity-filtering/2.27/jersey-entity-filtering-2.27.jar:/home/user/.m2/repository/com/google/inject/extensions/guice-assistedinject/4.0/guice-assistedinject-4.0.jar:/home/user/.m2/repository/org/jooq/jooq/3.11.10/jooq-3.11.10.jar:/home/user/.m2/repository/org/jooq/jooq-meta/3.11.10/jooq-meta-3.11.10.jar:/home/user/.m2/repository/org/jooq/jooq-codegen/3.11.10/jooq-codegen-3.11.10.jar:/home/user/.m2/repository/com/jolbox/bonecp/0.8.0.RELEASE/bonecp-0.8.0.RELEASE.jar:/home/user/.m2/repository/org/xerial/sqlite-jdbc/3.25.2/sqlite-jdbc-3.25.2.jar:/home/user/.m2/repository/org/springframework/spring-jdbc/5.1.3.RELEASE/spring-jdbc-5.1.3.RELEASE.jar:/home/user/.m2/repository/org/springframework/spring-beans/5.1.3.RELEASE/spring-beans-5.1.3.RELEASE.jar:/home/user/.m2/repository/org/springframework/spring-core/5.1.3.RELEASE/spring-core-5.1.3.RELEASE.jar:/home/user/.m2/repository/org/springframework/spring-jcl/5.1.3.RELEASE/spring-jcl-5.1.3.RELEASE.jar:/home/user/.m2/repository/org/springframework/spring-tx/5.1.3.RELEASE/spring-tx-5.1.3.RELEASE.jar:/home/user/.m2/repository/org/apache/hadoop/hadoop-ozone-client/0.5.0-SNAPSHOT/hadoop-ozone-client-0.5.0-SNAPSHOT.jar:/home/user/.m2/repository/commons-lang/commons-lang/2.6/commons-lang-2.6.jar:/home/user/.m2/repository/org/apache/hadoop/hadoop-ozone-ozone-manager/0.5.0-SNAPSHOT/hadoop-ozone-ozone-manager-0.5.0-SNAPSHOT-tests.jar:/home/user/.m2/repository/junit/junit/4.11/junit-4.11.jar:/home/user/.m2/repository/org/hamcrest/hamcrest-core/1.3/hamcrest-core-1.3.jar:/home/user/.m2/repository/org/openjdk/jmh/jmh-core/1.19/jmh-core-1.19.jar:/home/user/.m2/repository/net/sf/jopt-simple/jopt-simple/4.6/jopt-simple-4.6.jar:/home/user/.m2/repository/org/apache/commons/commons-math3/3.1.1/commons-math3-3.1.1.jar:/home/user/.m2/repository/org/openjdk/jmh/jmh-generator-annprocess/1.19/jmh-generator-annprocess-1.19.jar:/home/user/.m2/repository/org/mockito/mockito-all/1.8.5/mockito-all-1.8.5.jar:/home/user/.m2/repository/org/apache/hadoop/hadoop-kms/3.2.0/hadoop-kms-3.2.0.jar:/home/user/.m2/repository/org/apache/hadoop/hadoop-auth/3.2.0/hadoop-auth-3.2.0.jar:/home/user/.m2/repository/com/nimbusds/nimbus-jose-jwt/4.41.1/nimbus-jose-jwt-4.41.1.jar:/home/user/.m2/repository/com/github/stephenc/jcip/jcip-annotations/1.0-1/jcip-annotations-1.0-1.jar:/home/user/.m2/repository/net/minidev/json-smart/2.3/json-smart-2.3.jar:/home/user/.m2/repository/net/minidev/accessors-smart/1.2/accessors-smart-1.2.jar:/home/user/.m2/repository/org/ow2/asm/asm/5.0.4/asm-5.0.4.jar:/home/user/.m2/repository/org/apache/curator/curator-framework/2.12.0/curator-framework-2.12.0.jar:/home/user/.m2/repository/com/sun/jersey/jersey-core/1.19/jersey-core-1.19.jar:/home/user/.m2/repository/javax/ws/rs/jsr311-api/1.1.1/jsr311-api-1.1.1.jar:/home/user/.m2/repository/com/sun/jersey/jersey-server/1.19/jersey-server-1.19.jar:/home/user/.m2/repository/javax/servlet/javax.servlet-api/3.1.0/javax.servlet-api-3.1.0.jar:/home/user/.m2/repository/org/eclipse/jetty/jetty-server/9.3.25.v20180904/jetty-server-9.3.25.v20180904.jar:/home/user/.m2/repository/org/eclipse/jetty/jetty-http/9.3.25.v20180904/jetty-http-9.3.25.v20180904.jar:/home/user/.m2/repository/org/eclipse/jetty/jetty-io/9.3.25.v20180904/jetty-io-9.3.25.v20180904.jar:/home/user/.m2/repository/org/eclipse/jetty/jetty-webapp/9.3.25.v20180904/jetty-webapp-9.3.25.v20180904.jar:/home/user/.m2/repository/org/eclipse/jetty/jetty-xml/9.3.25.v20180904/jetty-xml-9.3.25.v20180904.jar:/home/user/.m2/repository/log4j/log4j/1.2.17/log4j-1.2.17.jar:/home/user/.m2/repository/org/slf4j/slf4j-api/1.7.25/slf4j-api-1.7.25.jar:/home/user/.m2/repository/org/slf4j/jul-to-slf4j/1.7.25/jul-to-slf4j-1.7.25.jar:/home/user/.m2/repository/org/eclipse/jetty/jetty-util/9.3.25.v20180904/jetty-util-9.3.25.v20180904.jar:/home/user/.m2/repository/com/fasterxml/jackson/core/jackson-databind/2.9.9/jackson-databind-2.9.9.jar:/home/user/.m2/repository/org/apache/hadoop/hadoop-kms/3.2.0/hadoop-kms-3.2.0-tests.jar:/home/user/.m2/repository/org/apache/hadoop/hadoop-hdds-server-scm/0.5.0-SNAPSHOT/hadoop-hdds-server-scm-0.5.0-SNAPSHOT-tests.jar:/home/user/.m2/repository/org/apache/hadoop/hadoop-hdds-container-service/0.5.0-SNAPSHOT/hadoop-hdds-container-service-0.5.0-SNAPSHOT-tests.jar:/home/user/.m2/repository/org/yaml/snakeyaml/1.16/snakeyaml-1.16.jar:/home/user/.m2/repository/org/apache/hadoop/hadoop-common/3.2.0/hadoop-common-3.2.0-tests.jar:/home/user/.m2/repository/org/apache/hadoop/hadoop-annotations/3.2.0/hadoop-annotations-3.2.0.jar:/usr/lib/jvm/java-1.8-openjdk/jre/../lib/tools.jar:/home/user/.m2/repository/commons-cli/commons-cli/1.2/commons-cli-1.2.jar:/home/user/.m2/repository/org/apache/httpcomponents/httpclient/4.5.2/httpclient-4.5.2.jar:/home/user/.m2/repository/org/apache/httpcomponents/httpcore/4.4.4/httpcore-4.4.4.jar:/home/user/.m2/repository/commons-codec/commons-codec/1.11/commons-codec-1.11.jar:/home/user/.m2/repository/commons-net/commons-net/3.6/commons-net-3.6.jar:/home/user/.m2/repository/commons-collections/commons-collections/3.2.2/commons-collections-3.2.2.jar:/home/user/.m2/repository/org/eclipse/jetty/jetty-servlet/9.3.25.v20180904/jetty-servlet-9.3.25.v20180904.jar:/home/user/.m2/repository/org/eclipse/jetty/jetty-security/9.3.25.v20180904/jetty-security-9.3.25.v20180904.jar:/home/user/.m2/repository/javax/servlet/jsp/jsp-api/2.1/jsp-api-2.1.jar:/home/user/.m2/repository/com/sun/jersey/jersey-servlet/1.19/jersey-servlet-1.19.jar:/home/user/.m2/repository/com/sun/jersey/jersey-json/1.19/jersey-json-1.19.jar:/home/user/.m2/repository/org/codehaus/jettison/jettison/1.1/jettison-1.1.jar:/home/user/.m2/repository/org/codehaus/jackson/jackson-core-asl/1.9.13/jackson-core-asl-1.9.13.jar:/home/user/.m2/repository/org/codehaus/jackson/jackson-mapper-asl/1.9.13/jackson-mapper-asl-1.9.13.jar:/home/user/.m2/repository/org/codehaus/jackson/jackson-jaxrs/1.9.13/jackson-jaxrs-1.9.13.jar:/home/user/.m2/repository/org/codehaus/jackson/jackson-xc/1.9.13/jackson-xc-1.9.13.jar:/home/user/.m2/repository/commons-logging/commons-logging/1.1.3/commons-logging-1.1.3.jar:/home/user/.m2/repository/commons-beanutils/commons-beanutils/1.9.4/commons-beanutils-1.9.4.jar:/home/user/.m2/repository/org/apache/commons/commons-configuration2/2.1.1/commons-configuration2-2.1.1.jar:/home/user/.m2/repository/org/apache/commons/commons-lang3/3.7/commons-lang3-3.7.jar:/home/user/.m2/repository/org/apache/commons/commons-text/1.4/commons-text-1.4.jar:/home/user/.m2/repository/org/apache/avro/avro/1.7.7/avro-1.7.7.jar:/home/user/.m2/repository/com/thoughtworks/paranamer/paranamer/2.3/paranamer-2.3.jar:/home/user/.m2/repository/org/xerial/snappy/snappy-java/1.0.5/snappy-java-1.0.5.jar:/home/user/.m2/repository/com/google/re2j/re2j/1.1/re2j-1.1.jar:/home/user/.m2/repository/com/google/code/gson/gson/2.2.4/gson-2.2.4.jar:/home/user/.m2/repository/com/jcraft/jsch/0.1.54/jsch-0.1.54.jar:/home/user/.m2/repository/org/apache/curator/curator-client/2.12.0/curator-client-2.12.0.jar:/home/user/.m2/repository/org/apache/curator/curator-recipes/2.12.0/curator-recipes-2.12.0.jar:/home/user/.m2/repository/com/google/code/findbugs/jsr305/3.0.0/jsr305-3.0.0.jar:/home/user/.m2/repository/org/apache/htrace/htrace-core4/4.1.0-incubating/htrace-core4-4.1.0-incubating.jar:/home/user/.m2/repository/org/apache/zookeeper/zookeeper/3.4.13/zookeeper-3.4.13.jar:/home/user/.m2/repository/jline/jline/0.9.94/jline-0.9.94.jar:/home/user/.m2/repository/org/apache/yetus/audience-annotations/0.5.0/audience-annotations-0.5.0.jar:/home/user/.m2/repository/org/codehaus/woodstox/stax2-api/3.1.4/stax2-api-3.1.4.jar:/home/user/.m2/repository/com/fasterxml/woodstox/woodstox-core/5.0.3/woodstox-core-5.0.3.jar:/home/user/.m2/repository/dnsjava/dnsjava/2.1.7/dnsjava-2.1.7.jar:/home/user/.m2/repository/org/apache/hadoop/hadoop-hdfs/3.2.0/hadoop-hdfs-3.2.0-tests.jar:/home/user/.m2/repository/org/eclipse/jetty/jetty-util-ajax/9.3.25.v20180904/jetty-util-ajax-9.3.25.v20180904.jar:/home/user/.m2/repository/commons-daemon/commons-daemon/1.0.13/commons-daemon-1.0.13.jar:/home/user/.m2/repository/io/netty/netty/3.10.5.Final/netty-3.10.5.Final.jar:/home/user/.m2/repository/io/netty/netty-all/4.0.52.Final/netty-all-4.0.52.Final.jar:/home/user/.m2/repository/org/fusesource/leveldbjni/leveldbjni-all/1.8/leveldbjni-all-1.8.jar:"/>
    <property name="java.vm.vendor" value="IcedTea"/>
    <property name="sun.arch.data.model" value="64"/>
    <property name="test.build.dir" value="/workdir/hadoop-ozone/integration-test/target/test-dir"/>
    <property name="test.cache.data" value=""/>
    <property name="java.vendor.url" value="https://icedtea.classpath.org"/>
    <property name="user.timezone" value=""/>
    <property name="java.vm.specification.version" value="1.8"/>
    <property name="os.name" value="Linux"/>
    <property name="test.build.data" value="/workdir/hadoop-ozone/integration-test/target/test-dir"/>
    <property name="user.country" value="US"/>
    <property name="sun.java.launcher" value="SUN_STANDARD"/>
    <property name="sun.boot.library.path" value="/usr/lib/jvm/java-1.8-openjdk/jre/lib/amd64"/>
    <property name="sun.java.command" value="/workdir/hadoop-ozone/integration-test/target/surefire/surefirebooter9028656373219349668.jar /workdir/hadoop-ozone/integration-test/target/surefire 2019-09-24T03-11-43_955-jvmRun1 surefire1037452949407167302tmp surefire_635702646190258029631tmp"/>
    <property name="test" value="!TestMiniChaosOzoneCluster"/>
    <property name="surefire.test.class.path" value="/workdir/hadoop-ozone/integration-test/target/test-classes:/workdir/hadoop-ozone/integration-test/target/classes:/home/user/.m2/repository/org/apache/hadoop/hadoop-ozone-common/0.5.0-SNAPSHOT/hadoop-ozone-common-0.5.0-SNAPSHOT.jar:/home/user/.m2/repository/org/apache/commons/commons-compress/1.4.1/commons-compress-1.4.1.jar:/home/user/.m2/repository/org/tukaani/xz/1.0/xz-1.0.jar:/home/user/.m2/repository/org/apache/hadoop/hadoop-common/3.2.0/hadoop-common-3.2.0.jar:/home/user/.m2/repository/org/apache/hadoop/hadoop-hdfs/3.2.0/hadoop-hdfs-3.2.0.jar:/home/user/.m2/repository/org/apache/hadoop/hadoop-hdfs-client/3.2.0/hadoop-hdfs-client-3.2.0.jar:/home/user/.m2/repository/com/fasterxml/jackson/core/jackson-annotations/2.9.9/jackson-annotations-2.9.9.jar:/home/user/.m2/repository/org/apache/hadoop/hadoop-hdds-common/0.5.0-SNAPSHOT/hadoop-hdds-common-0.5.0-SNAPSHOT.jar:/home/user/.m2/repository/javax/annotation/javax.annotation-api/1.2/javax.annotation-api-1.2.jar:/home/user/.m2/repository/org/apache/ratis/ratis-server/0.4.0/ratis-server-0.4.0.jar:/home/user/.m2/repository/org/apache/ratis/ratis-thirdparty-misc/0.2.0/ratis-thirdparty-misc-0.2.0.jar:/home/user/.m2/repository/org/apache/ratis/ratis-proto/0.4.0/ratis-proto-0.4.0.jar:/home/user/.m2/repository/org/apache/ratis/ratis-common/0.4.0/ratis-common-0.4.0.jar:/home/user/.m2/repository/org/apache/ratis/ratis-client/0.4.0/ratis-client-0.4.0.jar:/home/user/.m2/repository/org/apache/ratis/ratis-metrics/0.4.0/ratis-metrics-0.4.0.jar:/home/user/.m2/repository/com/github/joshelser/dropwizard-metrics-hadoop-metrics2-reporter/0.1.2/dropwizard-metrics-hadoop-metrics2-reporter-0.1.2.jar:/home/user/.m2/repository/io/dropwizard/metrics/metrics-jvm/3.2.5/metrics-jvm-3.2.5.jar:/home/user/.m2/repository/io/dropwizard/metrics/metrics-ganglia/3.2.5/metrics-ganglia-3.2.5.jar:/home/user/.m2/repository/info/ganglia/gmetric4j/gmetric4j/1.0.7/gmetric4j-1.0.7.jar:/home/user/.m2/repository/org/apache/ratis/ratis-netty/0.4.0/ratis-netty-0.4.0.jar:/home/user/.m2/repository/org/apache/ratis/ratis-grpc/0.4.0/ratis-grpc-0.4.0.jar:/home/user/.m2/repository/org/rocksdb/rocksdbjni/6.0.1/rocksdbjni-6.0.1.jar:/home/user/.m2/repository/org/apache/logging/log4j/log4j-api/2.11.0/log4j-api-2.11.0.jar:/home/user/.m2/repository/org/apache/logging/log4j/log4j-core/2.11.0/log4j-core-2.11.0.jar:/home/user/.m2/repository/com/lmax/disruptor/3.4.2/disruptor-3.4.2.jar:/home/user/.m2/repository/org/apache/commons/commons-pool2/2.6.0/commons-pool2-2.6.0.jar:/home/user/.m2/repository/org/bouncycastle/bcpkix-jdk15on/1.60/bcpkix-jdk15on-1.60.jar:/home/user/.m2/repository/commons-validator/commons-validator/1.6/commons-validator-1.6.jar:/home/user/.m2/repository/commons-digester/commons-digester/1.8.1/commons-digester-1.8.1.jar:/home/user/.m2/repository/io/jaegertracing/jaeger-client/0.34.0/jaeger-client-0.34.0.jar:/home/user/.m2/repository/io/jaegertracing/jaeger-thrift/0.34.0/jaeger-thrift-0.34.0.jar:/home/user/.m2/repository/org/apache/thrift/libthrift/0.12.0/libthrift-0.12.0.jar:/home/user/.m2/repository/com/squareup/okhttp3/okhttp/3.9.0/okhttp-3.9.0.jar:/home/user/.m2/repository/com/squareup/okio/okio/1.13.0/okio-1.13.0.jar:/home/user/.m2/repository/io/jaegertracing/jaeger-core/0.34.0/jaeger-core-0.34.0.jar:/home/user/.m2/repository/io/jaegertracing/jaeger-tracerresolver/0.34.0/jaeger-tracerresolver-0.34.0.jar:/home/user/.m2/repository/io/opentracing/contrib/opentracing-tracerresolver/0.1.5/opentracing-tracerresolver-0.1.5.jar:/home/user/.m2/repository/io/opentracing/opentracing-util/0.31.0/opentracing-util-0.31.0.jar:/home/user/.m2/repository/io/opentracing/opentracing-api/0.31.0/opentracing-api-0.31.0.jar:/home/user/.m2/repository/io/opentracing/opentracing-noop/0.31.0/opentracing-noop-0.31.0.jar:/home/user/.m2/repository/org/apache/hadoop/hadoop-hdds-server-framework/0.5.0-SNAPSHOT/hadoop-hdds-server-framework-0.5.0-SNAPSHOT.jar:/home/user/.m2/repository/org/apache/hadoop/hadoop-hdds-container-service/0.5.0-SNAPSHOT/hadoop-hdds-container-service-0.5.0-SNAPSHOT.jar:/home/user/.m2/repository/org/apache/hadoop/hadoop-hdds-client/0.5.0-SNAPSHOT/hadoop-hdds-client-0.5.0-SNAPSHOT.jar:/home/user/.m2/repository/org/apache/hadoop/hadoop-hdds-tools/0.5.0-SNAPSHOT/hadoop-hdds-tools-0.5.0-SNAPSHOT.jar:/home/user/.m2/repository/org/apache/hadoop/hadoop-hdds-server-scm/0.5.0-SNAPSHOT/hadoop-hdds-server-scm-0.5.0-SNAPSHOT.jar:/home/user/.m2/repository/org/apache/hadoop/hadoop-hdds-docs/0.5.0-SNAPSHOT/hadoop-hdds-docs-0.5.0-SNAPSHOT.jar:/home/user/.m2/repository/io/dropwizard/metrics/metrics-core/3.2.4/metrics-core-3.2.4.jar:/home/user/.m2/repository/org/hamcrest/hamcrest-all/1.3/hamcrest-all-1.3.jar:/home/user/.m2/repository/org/bouncycastle/bcprov-jdk15on/1.60/bcprov-jdk15on-1.60.jar:/home/user/.m2/repository/info/picocli/picocli/3.9.6/picocli-3.9.6.jar:/home/user/.m2/repository/com/google/protobuf/protobuf-java/2.5.0/protobuf-java-2.5.0.jar:/home/user/.m2/repository/com/google/guava/guava/11.0.2/guava-11.0.2.jar:/home/user/.m2/repository/org/apache/hadoop/hadoop-ozone-ozone-manager/0.5.0-SNAPSHOT/hadoop-ozone-ozone-manager-0.5.0-SNAPSHOT.jar:/home/user/.m2/repository/org/apache/hadoop/hadoop-minikdc/3.2.0/hadoop-minikdc-3.2.0.jar:/home/user/.m2/repository/commons-io/commons-io/2.5/commons-io-2.5.jar:/home/user/.m2/repository/org/apache/kerby/kerb-simplekdc/1.0.1/kerb-simplekdc-1.0.1.jar:/home/user/.m2/repository/org/apache/kerby/kerb-client/1.0.1/kerb-client-1.0.1.jar:/home/user/.m2/repository/org/apache/kerby/kerby-config/1.0.1/kerby-config-1.0.1.jar:/home/user/.m2/repository/org/apache/kerby/kerb-core/1.0.1/kerb-core-1.0.1.jar:/home/user/.m2/repository/org/apache/kerby/kerby-pkix/1.0.1/kerby-pkix-1.0.1.jar:/home/user/.m2/repository/org/apache/kerby/kerby-asn1/1.0.1/kerby-asn1-1.0.1.jar:/home/user/.m2/repository/org/apache/kerby/kerby-util/1.0.1/kerby-util-1.0.1.jar:/home/user/.m2/repository/org/apache/kerby/kerb-common/1.0.1/kerb-common-1.0.1.jar:/home/user/.m2/repository/org/apache/kerby/kerb-crypto/1.0.1/kerb-crypto-1.0.1.jar:/home/user/.m2/repository/org/apache/kerby/kerb-util/1.0.1/kerb-util-1.0.1.jar:/home/user/.m2/repository/org/apache/kerby/token-provider/1.0.1/token-provider-1.0.1.jar:/home/user/.m2/repository/org/apache/kerby/kerb-admin/1.0.1/kerb-admin-1.0.1.jar:/home/user/.m2/repository/org/apache/kerby/kerb-server/1.0.1/kerb-server-1.0.1.jar:/home/user/.m2/repository/org/apache/kerby/kerb-identity/1.0.1/kerb-identity-1.0.1.jar:/home/user/.m2/repository/org/apache/kerby/kerby-xdr/1.0.1/kerby-xdr-1.0.1.jar:/home/user/.m2/repository/org/slf4j/slf4j-log4j12/1.7.25/slf4j-log4j12-1.7.25.jar:/home/user/.m2/repository/org/apache/hadoop/hadoop-ozone-s3gateway/0.5.0-SNAPSHOT/hadoop-ozone-s3gateway-0.5.0-SNAPSHOT.jar:/home/user/.m2/repository/org/jboss/weld/servlet/weld-servlet/2.4.7.Final/weld-servlet-2.4.7.Final.jar:/home/user/.m2/repository/org/glassfish/jersey/containers/jersey-container-servlet-core/2.27/jersey-container-servlet-core-2.27.jar:/home/user/.m2/repository/org/glassfish/hk2/external/javax.inject/2.5.0-b42/javax.inject-2.5.0-b42.jar:/home/user/.m2/repository/org/glassfish/jersey/core/jersey-common/2.27/jersey-common-2.27.jar:/home/user/.m2/repository/org/glassfish/hk2/osgi-resource-locator/1.0.1/osgi-resource-locator-1.0.1.jar:/home/user/.m2/repository/javax/ws/rs/javax.ws.rs-api/2.1/javax.ws.rs-api-2.1.jar:/home/user/.m2/repository/org/glassfish/jersey/ext/cdi/jersey-cdi1x/2.27/jersey-cdi1x-2.27.jar:/home/user/.m2/repository/org/glassfish/jersey/inject/jersey-hk2/2.27/jersey-hk2-2.27.jar:/home/user/.m2/repository/org/glassfish/hk2/hk2-locator/2.5.0-b42/hk2-locator-2.5.0-b42.jar:/home/user/.m2/repository/org/javassist/javassist/3.22.0-CR2/javassist-3.22.0-CR2.jar:/home/user/.m2/repository/org/glassfish/hk2/hk2-api/2.5.0/hk2-api-2.5.0.jar:/home/user/.m2/repository/org/glassfish/hk2/external/jakarta.inject/2.5.0/jakarta.inject-2.5.0.jar:/home/user/.m2/repository/org/glassfish/hk2/hk2-utils/2.5.0/hk2-utils-2.5.0.jar:/home/user/.m2/repository/jakarta/annotation/jakarta.annotation-api/1.3.4/jakarta.annotation-api-1.3.4.jar:/home/user/.m2/repository/org/glassfish/hk2/external/aopalliance-repackaged/2.5.0/aopalliance-repackaged-2.5.0.jar:/home/user/.m2/repository/com/fasterxml/jackson/dataformat/jackson-dataformat-xml/2.9.0/jackson-dataformat-xml-2.9.0.jar:/home/user/.m2/repository/com/fasterxml/jackson/core/jackson-core/2.9.9/jackson-core-2.9.9.jar:/home/user/.m2/repository/com/fasterxml/jackson/module/jackson-module-jaxb-annotations/2.9.9/jackson-module-jaxb-annotations-2.9.9.jar:/home/user/.m2/repository/javax/enterprise/cdi-api/1.2/cdi-api-1.2.jar:/home/user/.m2/repository/javax/el/javax.el-api/3.0.0/javax.el-api-3.0.0.jar:/home/user/.m2/repository/javax/interceptor/javax.interceptor-api/1.2/javax.interceptor-api-1.2.jar:/home/user/.m2/repository/javax/inject/javax.inject/1/javax.inject-1.jar:/home/user/.m2/repository/com/sun/xml/bind/jaxb-impl/2.3.0.1/jaxb-impl-2.3.0.1.jar:/home/user/.m2/repository/com/sun/xml/bind/jaxb-core/2.3.0.1/jaxb-core-2.3.0.1.jar:/home/user/.m2/repository/javax/xml/bind/jaxb-api/2.3.0/jaxb-api-2.3.0.jar:/home/user/.m2/repository/javax/activation/activation/1.1.1/activation-1.1.1.jar:/home/user/.m2/repository/org/apache/hadoop/hadoop-ozone-csi/0.5.0-SNAPSHOT/hadoop-ozone-csi-0.5.0-SNAPSHOT.jar:/home/user/.m2/repository/com/google/protobuf/protobuf-java-util/3.5.1/protobuf-java-util-3.5.1.jar:/home/user/.m2/repository/org/apache/hadoop/hadoop-hdds-config/0.5.0-SNAPSHOT/hadoop-hdds-config-0.5.0-SNAPSHOT.jar:/home/user/.m2/repository/io/grpc/grpc-netty/1.17.1/grpc-netty-1.17.1.jar:/home/user/.m2/repository/io/grpc/grpc-core/1.17.1/grpc-core-1.17.1.jar:/home/user/.m2/repository/io/grpc/grpc-context/1.17.1/grpc-context-1.17.1.jar:/home/user/.m2/repository/com/google/errorprone/error_prone_annotations/2.2.0/error_prone_annotations-2.2.0.jar:/home/user/.m2/repository/org/codehaus/mojo/animal-sniffer-annotations/1.17/animal-sniffer-annotations-1.17.jar:/home/user/.m2/repository/io/opencensus/opencensus-api/0.17.0/opencensus-api-0.17.0.jar:/home/user/.m2/repository/io/opencensus/opencensus-contrib-grpc-metrics/0.17.0/opencensus-contrib-grpc-metrics-0.17.0.jar:/home/user/.m2/repository/io/netty/netty-codec-http2/4.1.30.Final/netty-codec-http2-4.1.30.Final.jar:/home/user/.m2/repository/io/netty/netty-codec-http/4.1.30.Final/netty-codec-http-4.1.30.Final.jar:/home/user/.m2/repository/io/netty/netty-codec/4.1.30.Final/netty-codec-4.1.30.Final.jar:/home/user/.m2/repository/io/netty/netty-handler/4.1.30.Final/netty-handler-4.1.30.Final.jar:/home/user/.m2/repository/io/netty/netty-handler-proxy/4.1.30.Final/netty-handler-proxy-4.1.30.Final.jar:/home/user/.m2/repository/io/netty/netty-codec-socks/4.1.30.Final/netty-codec-socks-4.1.30.Final.jar:/home/user/.m2/repository/io/netty/netty-transport-native-epoll/4.1.30.Final/netty-transport-native-epoll-4.1.30.Final.jar:/home/user/.m2/repository/io/netty/netty-common/4.1.30.Final/netty-common-4.1.30.Final.jar:/home/user/.m2/repository/io/netty/netty-buffer/4.1.30.Final/netty-buffer-4.1.30.Final.jar:/home/user/.m2/repository/io/netty/netty-transport/4.1.30.Final/netty-transport-4.1.30.Final.jar:/home/user/.m2/repository/io/netty/netty-resolver/4.1.30.Final/netty-resolver-4.1.30.Final.jar:/home/user/.m2/repository/io/netty/netty-transport-native-unix-common/4.1.30.Final/netty-transport-native-unix-common-4.1.30.Final.jar:/home/user/.m2/repository/io/grpc/grpc-protobuf/1.17.1/grpc-protobuf-1.17.1.jar:/home/user/.m2/repository/com/google/api/grpc/proto-google-common-protos/1.0.0/proto-google-common-protos-1.0.0.jar:/home/user/.m2/repository/io/grpc/grpc-protobuf-lite/1.17.1/grpc-protobuf-lite-1.17.1.jar:/home/user/.m2/repository/io/grpc/grpc-stub/1.17.1/grpc-stub-1.17.1.jar:/home/user/.m2/repository/org/apache/hadoop/hadoop-ozone-recon/0.5.0-SNAPSHOT/hadoop-ozone-recon-0.5.0-SNAPSHOT.jar:/home/user/.m2/repository/org/apache/hadoop/hadoop-ozone-reconcodegen/0.5.0-SNAPSHOT/hadoop-ozone-reconcodegen-0.5.0-SNAPSHOT.jar:/home/user/.m2/repository/com/google/inject/extensions/guice-multibindings/4.0/guice-multibindings-4.0.jar:/home/user/.m2/repository/com/google/inject/guice/4.0/guice-4.0.jar:/home/user/.m2/repository/aopalliance/aopalliance/1.0/aopalliance-1.0.jar:/home/user/.m2/repository/com/google/inject/extensions/guice-servlet/4.0/guice-servlet-4.0.jar:/home/user/.m2/repository/org/glassfish/jersey/containers/jersey-container-servlet/2.27/jersey-container-servlet-2.27.jar:/home/user/.m2/repository/org/glassfish/hk2/guice-bridge/2.5.0/guice-bridge-2.5.0.jar:/home/user/.m2/repository/org/glassfish/jersey/core/jersey-server/2.27/jersey-server-2.27.jar:/home/user/.m2/repository/org/glassfish/jersey/core/jersey-client/2.27/jersey-client-2.27.jar:/home/user/.m2/repository/org/glassfish/jersey/media/jersey-media-jaxb/2.27/jersey-media-jaxb-2.27.jar:/home/user/.m2/repository/javax/validation/validation-api/1.1.0.Final/validation-api-1.1.0.Final.jar:/home/user/.m2/repository/org/glassfish/jersey/media/jersey-media-json-jackson/2.27/jersey-media-json-jackson-2.27.jar:/home/user/.m2/repository/org/glassfish/jersey/ext/jersey-entity-filtering/2.27/jersey-entity-filtering-2.27.jar:/home/user/.m2/repository/com/google/inject/extensions/guice-assistedinject/4.0/guice-assistedinject-4.0.jar:/home/user/.m2/repository/org/jooq/jooq/3.11.10/jooq-3.11.10.jar:/home/user/.m2/repository/org/jooq/jooq-meta/3.11.10/jooq-meta-3.11.10.jar:/home/user/.m2/repository/org/jooq/jooq-codegen/3.11.10/jooq-codegen-3.11.10.jar:/home/user/.m2/repository/com/jolbox/bonecp/0.8.0.RELEASE/bonecp-0.8.0.RELEASE.jar:/home/user/.m2/repository/org/xerial/sqlite-jdbc/3.25.2/sqlite-jdbc-3.25.2.jar:/home/user/.m2/repository/org/springframework/spring-jdbc/5.1.3.RELEASE/spring-jdbc-5.1.3.RELEASE.jar:/home/user/.m2/repository/org/springframework/spring-beans/5.1.3.RELEASE/spring-beans-5.1.3.RELEASE.jar:/home/user/.m2/repository/org/springframework/spring-core/5.1.3.RELEASE/spring-core-5.1.3.RELEASE.jar:/home/user/.m2/repository/org/springframework/spring-jcl/5.1.3.RELEASE/spring-jcl-5.1.3.RELEASE.jar:/home/user/.m2/repository/org/springframework/spring-tx/5.1.3.RELEASE/spring-tx-5.1.3.RELEASE.jar:/home/user/.m2/repository/org/apache/hadoop/hadoop-ozone-client/0.5.0-SNAPSHOT/hadoop-ozone-client-0.5.0-SNAPSHOT.jar:/home/user/.m2/repository/commons-lang/commons-lang/2.6/commons-lang-2.6.jar:/home/user/.m2/repository/org/apache/hadoop/hadoop-ozone-ozone-manager/0.5.0-SNAPSHOT/hadoop-ozone-ozone-manager-0.5.0-SNAPSHOT-tests.jar:/home/user/.m2/repository/junit/junit/4.11/junit-4.11.jar:/home/user/.m2/repository/org/hamcrest/hamcrest-core/1.3/hamcrest-core-1.3.jar:/home/user/.m2/repository/org/openjdk/jmh/jmh-core/1.19/jmh-core-1.19.jar:/home/user/.m2/repository/net/sf/jopt-simple/jopt-simple/4.6/jopt-simple-4.6.jar:/home/user/.m2/repository/org/apache/commons/commons-math3/3.1.1/commons-math3-3.1.1.jar:/home/user/.m2/repository/org/openjdk/jmh/jmh-generator-annprocess/1.19/jmh-generator-annprocess-1.19.jar:/home/user/.m2/repository/org/mockito/mockito-all/1.8.5/mockito-all-1.8.5.jar:/home/user/.m2/repository/org/apache/hadoop/hadoop-kms/3.2.0/hadoop-kms-3.2.0.jar:/home/user/.m2/repository/org/apache/hadoop/hadoop-auth/3.2.0/hadoop-auth-3.2.0.jar:/home/user/.m2/repository/com/nimbusds/nimbus-jose-jwt/4.41.1/nimbus-jose-jwt-4.41.1.jar:/home/user/.m2/repository/com/github/stephenc/jcip/jcip-annotations/1.0-1/jcip-annotations-1.0-1.jar:/home/user/.m2/repository/net/minidev/json-smart/2.3/json-smart-2.3.jar:/home/user/.m2/repository/net/minidev/accessors-smart/1.2/accessors-smart-1.2.jar:/home/user/.m2/repository/org/ow2/asm/asm/5.0.4/asm-5.0.4.jar:/home/user/.m2/repository/org/apache/curator/curator-framework/2.12.0/curator-framework-2.12.0.jar:/home/user/.m2/repository/com/sun/jersey/jersey-core/1.19/jersey-core-1.19.jar:/home/user/.m2/repository/javax/ws/rs/jsr311-api/1.1.1/jsr311-api-1.1.1.jar:/home/user/.m2/repository/com/sun/jersey/jersey-server/1.19/jersey-server-1.19.jar:/home/user/.m2/repository/javax/servlet/javax.servlet-api/3.1.0/javax.servlet-api-3.1.0.jar:/home/user/.m2/repository/org/eclipse/jetty/jetty-server/9.3.25.v20180904/jetty-server-9.3.25.v20180904.jar:/home/user/.m2/repository/org/eclipse/jetty/jetty-http/9.3.25.v20180904/jetty-http-9.3.25.v20180904.jar:/home/user/.m2/repository/org/eclipse/jetty/jetty-io/9.3.25.v20180904/jetty-io-9.3.25.v20180904.jar:/home/user/.m2/repository/org/eclipse/jetty/jetty-webapp/9.3.25.v20180904/jetty-webapp-9.3.25.v20180904.jar:/home/user/.m2/repository/org/eclipse/jetty/jetty-xml/9.3.25.v20180904/jetty-xml-9.3.25.v20180904.jar:/home/user/.m2/repository/log4j/log4j/1.2.17/log4j-1.2.17.jar:/home/user/.m2/repository/org/slf4j/slf4j-api/1.7.25/slf4j-api-1.7.25.jar:/home/user/.m2/repository/org/slf4j/jul-to-slf4j/1.7.25/jul-to-slf4j-1.7.25.jar:/home/user/.m2/repository/org/eclipse/jetty/jetty-util/9.3.25.v20180904/jetty-util-9.3.25.v20180904.jar:/home/user/.m2/repository/com/fasterxml/jackson/core/jackson-databind/2.9.9/jackson-databind-2.9.9.jar:/home/user/.m2/repository/org/apache/hadoop/hadoop-kms/3.2.0/hadoop-kms-3.2.0-tests.jar:/home/user/.m2/repository/org/apache/hadoop/hadoop-hdds-server-scm/0.5.0-SNAPSHOT/hadoop-hdds-server-scm-0.5.0-SNAPSHOT-tests.jar:/home/user/.m2/repository/org/apache/hadoop/hadoop-hdds-container-service/0.5.0-SNAPSHOT/hadoop-hdds-container-service-0.5.0-SNAPSHOT-tests.jar:/home/user/.m2/repository/org/yaml/snakeyaml/1.16/snakeyaml-1.16.jar:/home/user/.m2/repository/org/apache/hadoop/hadoop-common/3.2.0/hadoop-common-3.2.0-tests.jar:/home/user/.m2/repository/org/apache/hadoop/hadoop-annotations/3.2.0/hadoop-annotations-3.2.0.jar:/usr/lib/jvm/java-1.8-openjdk/jre/../lib/tools.jar:/home/user/.m2/repository/commons-cli/commons-cli/1.2/commons-cli-1.2.jar:/home/user/.m2/repository/org/apache/httpcomponents/httpclient/4.5.2/httpclient-4.5.2.jar:/home/user/.m2/repository/org/apache/httpcomponents/httpcore/4.4.4/httpcore-4.4.4.jar:/home/user/.m2/repository/commons-codec/commons-codec/1.11/commons-codec-1.11.jar:/home/user/.m2/repository/commons-net/commons-net/3.6/commons-net-3.6.jar:/home/user/.m2/repository/commons-collections/commons-collections/3.2.2/commons-collections-3.2.2.jar:/home/user/.m2/repository/org/eclipse/jetty/jetty-servlet/9.3.25.v20180904/jetty-servlet-9.3.25.v20180904.jar:/home/user/.m2/repository/org/eclipse/jetty/jetty-security/9.3.25.v20180904/jetty-security-9.3.25.v20180904.jar:/home/user/.m2/repository/javax/servlet/jsp/jsp-api/2.1/jsp-api-2.1.jar:/home/user/.m2/repository/com/sun/jersey/jersey-servlet/1.19/jersey-servlet-1.19.jar:/home/user/.m2/repository/com/sun/jersey/jersey-json/1.19/jersey-json-1.19.jar:/home/user/.m2/repository/org/codehaus/jettison/jettison/1.1/jettison-1.1.jar:/home/user/.m2/repository/org/codehaus/jackson/jackson-core-asl/1.9.13/jackson-core-asl-1.9.13.jar:/home/user/.m2/repository/org/codehaus/jackson/jackson-mapper-asl/1.9.13/jackson-mapper-asl-1.9.13.jar:/home/user/.m2/repository/org/codehaus/jackson/jackson-jaxrs/1.9.13/jackson-jaxrs-1.9.13.jar:/home/user/.m2/repository/org/codehaus/jackson/jackson-xc/1.9.13/jackson-xc-1.9.13.jar:/home/user/.m2/repository/commons-logging/commons-logging/1.1.3/commons-logging-1.1.3.jar:/home/user/.m2/repository/commons-beanutils/commons-beanutils/1.9.4/commons-beanutils-1.9.4.jar:/home/user/.m2/repository/org/apache/commons/commons-configuration2/2.1.1/commons-configuration2-2.1.1.jar:/home/user/.m2/repository/org/apache/commons/commons-lang3/3.7/commons-lang3-3.7.jar:/home/user/.m2/repository/org/apache/commons/commons-text/1.4/commons-text-1.4.jar:/home/user/.m2/repository/org/apache/avro/avro/1.7.7/avro-1.7.7.jar:/home/user/.m2/repository/com/thoughtworks/paranamer/paranamer/2.3/paranamer-2.3.jar:/home/user/.m2/repository/org/xerial/snappy/snappy-java/1.0.5/snappy-java-1.0.5.jar:/home/user/.m2/repository/com/google/re2j/re2j/1.1/re2j-1.1.jar:/home/user/.m2/repository/com/google/code/gson/gson/2.2.4/gson-2.2.4.jar:/home/user/.m2/repository/com/jcraft/jsch/0.1.54/jsch-0.1.54.jar:/home/user/.m2/repository/org/apache/curator/curator-client/2.12.0/curator-client-2.12.0.jar:/home/user/.m2/repository/org/apache/curator/curator-recipes/2.12.0/curator-recipes-2.12.0.jar:/home/user/.m2/repository/com/google/code/findbugs/jsr305/3.0.0/jsr305-3.0.0.jar:/home/user/.m2/repository/org/apache/htrace/htrace-core4/4.1.0-incubating/htrace-core4-4.1.0-incubating.jar:/home/user/.m2/repository/org/apache/zookeeper/zookeeper/3.4.13/zookeeper-3.4.13.jar:/home/user/.m2/repository/jline/jline/0.9.94/jline-0.9.94.jar:/home/user/.m2/repository/org/apache/yetus/audience-annotations/0.5.0/audience-annotations-0.5.0.jar:/home/user/.m2/repository/org/codehaus/woodstox/stax2-api/3.1.4/stax2-api-3.1.4.jar:/home/user/.m2/repository/com/fasterxml/woodstox/woodstox-core/5.0.3/woodstox-core-5.0.3.jar:/home/user/.m2/repository/dnsjava/dnsjava/2.1.7/dnsjava-2.1.7.jar:/home/user/.m2/repository/org/apache/hadoop/hadoop-hdfs/3.2.0/hadoop-hdfs-3.2.0-tests.jar:/home/user/.m2/repository/org/eclipse/jetty/jetty-util-ajax/9.3.25.v20180904/jetty-util-ajax-9.3.25.v20180904.jar:/home/user/.m2/repository/commons-daemon/commons-daemon/1.0.13/commons-daemon-1.0.13.jar:/home/user/.m2/repository/io/netty/netty/3.10.5.Final/netty-3.10.5.Final.jar:/home/user/.m2/repository/io/netty/netty-all/4.0.52.Final/netty-all-4.0.52.Final.jar:/home/user/.m2/repository/org/fusesource/leveldbjni/leveldbjni-all/1.8/leveldbjni-all-1.8.jar:"/>
    <property name="sun.cpu.endian" value="little"/>
    <property name="user.home" value="/home/user"/>
    <property name="user.language" value="en"/>
    <property name="java.specification.vendor" value="Oracle Corporation"/>
    <property name="java.home" value="/usr/lib/jvm/java-1.8-openjdk/jre"/>
    <property name="java.security.krb5.conf" value="/workdir/hadoop-ozone/integration-test/target/test-classes/krb5.conf"/>
    <property name="basedir" value="/workdir/hadoop-ozone/integration-test"/>
    <property name="file.separator" value="/"/>
    <property name="line.separator" value="&#10;"/>
    <property name="java.vm.specification.vendor" value="Oracle Corporation"/>
    <property name="java.specification.name" value="Java Platform API Specification"/>
    <property name="java.awt.graphicsenv" value="sun.awt.X11GraphicsEnvironment"/>
    <property name="surefire.real.class.path" value="/workdir/hadoop-ozone/integration-test/target/surefire/surefirebooter9028656373219349668.jar"/>
    <property name="hadoop.log.dir" value="/workdir/hadoop-ozone/integration-test/target/log"/>
    <property name="sun.boot.class.path" value="/usr/lib/jvm/java-1.8-openjdk/jre/lib/resources.jar:/usr/lib/jvm/java-1.8-openjdk/jre/lib/rt.jar:/usr/lib/jvm/java-1.8-openjdk/jre/lib/sunrsasign.jar:/usr/lib/jvm/java-1.8-openjdk/jre/lib/jsse.jar:/usr/lib/jvm/java-1.8-openjdk/jre/lib/jce.jar:/usr/lib/jvm/java-1.8-openjdk/jre/lib/charsets.jar:/usr/lib/jvm/java-1.8-openjdk/jre/lib/jfr.jar:/usr/lib/jvm/java-1.8-openjdk/jre/classes"/>
    <property name="sun.management.compiler" value="HotSpot 64-Bit Tiered Compilers"/>
    <property name="java.runtime.version" value="1.8.0_212-b04"/>
    <property name="java.net.preferIPv4Stack" value="true"/>
    <property name="user.name" value="jenkins1000"/>
    <property name="path.separator" value=":"/>
    <property name="java.security.egd" value="file:///dev/urandom"/>
    <property name="os.version" value="3.10.0-957.12.2.el7.x86_64"/>
    <property name="java.endorsed.dirs" value="/usr/lib/jvm/java-1.8-openjdk/jre/lib/endorsed"/>
    <property name="java.runtime.name" value="OpenJDK Runtime Environment"/>
    <property name="file.encoding" value="UTF-8"/>
    <property name="java.vm.name" value="OpenJDK 64-Bit Server VM"/>
    <property name="test.build.webapps" value=""/>
    <property name="localRepository" value="/home/user/.m2/repository"/>
    <property name="java.vendor.url.bug" value="https://icedtea.classpath.org/bugzilla"/>
    <property name="java.io.tmpdir" value="/tmp"/>
    <property name="require.test.libhadoop" value=""/>
    <property name="java.version" value="1.8.0_212"/>
    <property name="user.dir" value="/workdir/hadoop-ozone/integration-test"/>
    <property name="os.arch" value="amd64"/>
    <property name="java.vm.specification.name" value="Java Virtual Machine Specification"/>
    <property name="test.build.classes" value="/workdir/hadoop-ozone/integration-test/target/test-classes"/>
    <property name="java.awt.printerjob" value="sun.print.PSPrinterJob"/>
    <property name="sun.os.patch.level" value="unknown"/>
    <property name="hadoop.tmp.dir" value="/workdir/hadoop-ozone/integration-test/target/tmp"/>
    <property name="java.library.path" value="/usr/lib/jvm/java-1.8-openjdk/jre/lib/amd64/server:/usr/lib/jvm/java-1.8-openjdk/jre/lib/amd64:/usr/lib/jvm/java-1.8-openjdk/jre/../lib/amd64:/workdir/hadoop-ozone/integration-test/target/native/target/usr/local/lib:/workdir/hadoop-ozone/integration-test/../../hadoop-common-project/hadoop-common/target/native/target/usr/local/lib:/usr/java/packages/lib/amd64:/usr/lib64:/lib64:/lib:/usr/lib"/>
    <property name="java.vm.info" value="mixed mode"/>
    <property name="java.vendor" value="IcedTea"/>
    <property name="java.vm.version" value="25.212-b04"/>
    <property name="java.ext.dirs" value="/usr/lib/jvm/java-1.8-openjdk/jre/lib/ext:/usr/java/packages/lib/ext"/>
    <property name="sun.io.unicode.encoding" value="UnicodeLittle"/>
    <property name="java.class.version" value="52.0"/>
  </properties>
  <testcase name="test2DatanodesFailure" classname="org.apache.hadoop.ozone.client.rpc.TestBlockOutputStreamWithFailures" time="113.807"/>
  <testcase name="testDatanodeFailureWithPreAllocation" classname="org.apache.hadoop.ozone.client.rpc.TestBlockOutputStreamWithFailures" time="226.629"/>
  <testcase name="testDatanodeFailureWithSingleNodeRatis" classname="org.apache.hadoop.ozone.client.rpc.TestBlockOutputStreamWithFailures" time="226.895"/>
  <testcase name="testWatchForCommitWithSingleNodeRatis" classname="org.apache.hadoop.ozone.client.rpc.TestBlockOutputStreamWithFailures" time="38.987"/>
  <testcase name="testWatchForCommitDatanodeFailure" classname="org.apache.hadoop.ozone.client.rpc.TestBlockOutputStreamWithFailures" time="48.537">
    <failure message="expected:&lt;2&gt; but was:&lt;3&gt;" type="java.lang.AssertionError"><![CDATA[java.lang.AssertionError: expected:<2> but was:<3>
	at org.junit.Assert.fail(Assert.java:88)
	at org.junit.Assert.failNotEquals(Assert.java:743)
	at org.junit.Assert.assertEquals(Assert.java:118)
	at org.junit.Assert.assertEquals(Assert.java:555)
	at org.junit.Assert.assertEquals(Assert.java:542)
	at org.apache.hadoop.ozone.client.rpc.TestBlockOutputStreamWithFailures.testWatchForCommitDatanodeFailure(TestBlockOutputStreamWithFailures.java:366)
	at sun.reflect.NativeMethodAccessorImpl.invoke0(Native Method)
	at sun.reflect.NativeMethodAccessorImpl.invoke(NativeMethodAccessorImpl.java:62)
	at sun.reflect.DelegatingMethodAccessorImpl.invoke(DelegatingMethodAccessorImpl.java:43)
	at java.lang.reflect.Method.invoke(Method.java:498)
	at org.junit.runners.model.FrameworkMethod$1.runReflectiveCall(FrameworkMethod.java:47)
	at org.junit.internal.runners.model.ReflectiveCallable.run(ReflectiveCallable.java:12)
	at org.junit.runners.model.FrameworkMethod.invokeExplosively(FrameworkMethod.java:44)
	at org.junit.internal.runners.statements.InvokeMethod.evaluate(InvokeMethod.java:17)
	at org.junit.internal.runners.statements.RunBefores.evaluate(RunBefores.java:26)
	at org.junit.internal.runners.statements.RunAfters.evaluate(RunAfters.java:27)
	at org.junit.runners.ParentRunner.runLeaf(ParentRunner.java:271)
	at org.junit.runners.BlockJUnit4ClassRunner.runChild(BlockJUnit4ClassRunner.java:70)
	at org.junit.runners.BlockJUnit4ClassRunner.runChild(BlockJUnit4ClassRunner.java:50)
	at org.junit.runners.ParentRunner$3.run(ParentRunner.java:238)
	at org.junit.runners.ParentRunner$1.schedule(ParentRunner.java:63)
	at org.junit.runners.ParentRunner.runChildren(ParentRunner.java:236)
	at org.junit.runners.ParentRunner.access$000(ParentRunner.java:53)
	at org.junit.runners.ParentRunner$2.evaluate(ParentRunner.java:229)
	at org.junit.runners.ParentRunner.run(ParentRunner.java:309)
	at org.apache.maven.surefire.junit4.JUnit4Provider.execute(JUnit4Provider.java:365)
	at org.apache.maven.surefire.junit4.JUnit4Provider.executeWithRerun(JUnit4Provider.java:273)
	at org.apache.maven.surefire.junit4.JUnit4Provider.executeTestSet(JUnit4Provider.java:238)
	at org.apache.maven.surefire.junit4.JUnit4Provider.invoke(JUnit4Provider.java:159)
	at org.apache.maven.surefire.booter.ForkedBooter.invokeProviderInSameClassLoader(ForkedBooter.java:384)
	at org.apache.maven.surefire.booter.ForkedBooter.runSuitesInProcess(ForkedBooter.java:345)
	at org.apache.maven.surefire.booter.ForkedBooter.execute(ForkedBooter.java:126)
	at org.apache.maven.surefire.booter.ForkedBooter.main(ForkedBooter.java:418)
]]></failure>
    <system-out><![CDATA[2019-09-24 04:21:00,608 [main] WARN  server.ServerUtils (ServerUtils.java:getScmDbDir(145)) - ozone.scm.db.dirs is not configured. We recommend adding this setting. Falling back to ozone.metadata.dirs instead.
2019-09-24 04:21:00,622 [main] WARN  server.ServerUtils (ServerUtils.java:getScmDbDir(145)) - ozone.scm.db.dirs is not configured. We recommend adding this setting. Falling back to ozone.metadata.dirs instead.
2019-09-24 04:21:00,623 [main] WARN  server.ServerUtils (ServerUtils.java:getScmDbDir(145)) - ozone.scm.db.dirs is not configured. We recommend adding this setting. Falling back to ozone.metadata.dirs instead.
2019-09-24 04:21:00,623 [main] INFO  db.DBStoreBuilder (DBStoreBuilder.java:addTable(110)) - using custom profile for table: deletedBlocks
2019-09-24 04:21:00,623 [main] INFO  db.DBStoreBuilder (DBStoreBuilder.java:processTables(161)) - Using default column profile:DBProfile.DISK for Table:deletedBlocks
2019-09-24 04:21:00,623 [main] INFO  db.DBStoreBuilder (DBStoreBuilder.java:addTable(110)) - using custom profile for table: validCerts
2019-09-24 04:21:00,623 [main] INFO  db.DBStoreBuilder (DBStoreBuilder.java:processTables(161)) - Using default column profile:DBProfile.DISK for Table:validCerts
2019-09-24 04:21:00,624 [main] INFO  db.DBStoreBuilder (DBStoreBuilder.java:addTable(110)) - using custom profile for table: revokedCerts
2019-09-24 04:21:00,624 [main] INFO  db.DBStoreBuilder (DBStoreBuilder.java:processTables(161)) - Using default column profile:DBProfile.DISK for Table:revokedCerts
2019-09-24 04:21:00,624 [main] INFO  db.DBStoreBuilder (DBStoreBuilder.java:addTable(110)) - using custom profile for table: default
2019-09-24 04:21:00,624 [main] INFO  db.DBStoreBuilder (DBStoreBuilder.java:processTables(167)) - Using default column profile:DBProfile.DISK for Table:default
2019-09-24 04:21:00,624 [main] INFO  db.DBStoreBuilder (DBStoreBuilder.java:getDbProfile(198)) - Using default options. DBProfile.DISK
2019-09-24 04:21:00,830 [main] INFO  net.NodeSchemaLoader (NodeSchemaLoader.java:loadSchemaFromFile(125)) - Loading file from sun.misc.CompoundEnumeration@22a6d75c
2019-09-24 04:21:00,831 [main] INFO  net.NodeSchemaLoader (NodeSchemaLoader.java:loadSchema(171)) - Loading network topology layer schema file
2019-09-24 04:21:00,835 [main] INFO  node.SCMNodeManager (SCMNodeManager.java:<init>(114)) - Entering startup safe mode.
2019-09-24 04:21:00,836 [main] INFO  algorithms.ContainerPlacementPolicyFactory (ContainerPlacementPolicyFactory.java:getPolicy(59)) - Create container placement policy of type org.apache.hadoop.hdds.scm.container.placement.algorithms.SCMContainerPlacementRandom
2019-09-24 04:21:00,836 [main] WARN  server.ServerUtils (ServerUtils.java:getScmDbDir(145)) - ozone.scm.db.dirs is not configured. We recommend adding this setting. Falling back to ozone.metadata.dirs instead.
2019-09-24 04:21:00,881 [main] INFO  pipeline.SCMPipelineManager (SCMPipelineManager.java:initializePipelineState(147)) - No pipeline exists in current db
2019-09-24 04:21:00,881 [main] WARN  server.ServerUtils (ServerUtils.java:getScmDbDir(145)) - ozone.scm.db.dirs is not configured. We recommend adding this setting. Falling back to ozone.metadata.dirs instead.
2019-09-24 04:21:00,965 [main] INFO  safemode.HealthyPipelineSafeModeRule (HealthyPipelineSafeModeRule.java:<init>(89)) -  Total pipeline count is 0, healthy pipeline threshold count is 1
2019-09-24 04:21:00,965 [main] INFO  safemode.OneReplicaPipelineSafeModeRule (OneReplicaPipelineSafeModeRule.java:<init>(80)) - Total pipeline count is 0, pipeline's with at least one datanode reported threshold count is 0
2019-09-24 04:21:00,965 [main] WARN  events.EventQueue (EventQueue.java:fireEvent(183)) - No event handler registered for event TypedEvent{payloadType=SafeModeStatus, name='SafeModeStatus'}
2019-09-24 04:21:00,966 [main] INFO  ipc.CallQueueManager (CallQueueManager.java:<init>(84)) - Using callQueue: class java.util.concurrent.LinkedBlockingQueue, queueCapacity: 2000, scheduler: class org.apache.hadoop.ipc.DefaultRpcScheduler, ipcBackoff: false.
2019-09-24 04:21:00,967 [Socket Reader #1 for port 35768] INFO  ipc.Server (Server.java:run(1074)) - Starting Socket Reader #1 for port 35768
2019-09-24 04:21:00,969 [main] INFO  ipc.CallQueueManager (CallQueueManager.java:<init>(84)) - Using callQueue: class java.util.concurrent.LinkedBlockingQueue, queueCapacity: 2000, scheduler: class org.apache.hadoop.ipc.DefaultRpcScheduler, ipcBackoff: false.
2019-09-24 04:21:00,969 [Socket Reader #1 for port 41988] INFO  ipc.Server (Server.java:run(1074)) - Starting Socket Reader #1 for port 41988
2019-09-24 04:21:00,971 [main] INFO  ipc.CallQueueManager (CallQueueManager.java:<init>(84)) - Using callQueue: class java.util.concurrent.LinkedBlockingQueue, queueCapacity: 2000, scheduler: class org.apache.hadoop.ipc.DefaultRpcScheduler, ipcBackoff: false.
2019-09-24 04:21:00,971 [Socket Reader #1 for port 35195] INFO  ipc.Server (Server.java:run(1074)) - Starting Socket Reader #1 for port 35195
2019-09-24 04:21:00,973 [main] INFO  hdfs.DFSUtil (DFSUtil.java:httpServerTemplateForNNAndJN(1641)) - Starting Web-server for scm at: http://0.0.0.0:0
2019-09-24 04:21:00,976 [main] INFO  server.AuthenticationFilter (AuthenticationFilter.java:constructSecretProvider(240)) - Unable to initialize FileSignerSecretProvider, falling back to use random secrets.
2019-09-24 04:21:00,977 [main] WARN  http.HttpRequestLog (HttpRequestLog.java:getRequestLog(97)) - Jetty request log can only be enabled using Log4j
2019-09-24 04:21:00,979 [main] INFO  http.HttpServer2 (HttpServer2.java:addGlobalFilter(975)) - Added global filter 'safety' (class=org.apache.hadoop.http.HttpServer2$QuotingInputFilter)
2019-09-24 04:21:00,980 [main] INFO  http.HttpServer2 (HttpServer2.java:addFilter(948)) - Added filter static_user_filter (class=org.apache.hadoop.http.lib.StaticUserWebFilter$StaticUserFilter) to context scm
2019-09-24 04:21:00,980 [main] INFO  http.HttpServer2 (HttpServer2.java:addFilter(958)) - Added filter static_user_filter (class=org.apache.hadoop.http.lib.StaticUserWebFilter$StaticUserFilter) to context logs
2019-09-24 04:21:00,981 [main] INFO  http.HttpServer2 (HttpServer2.java:addFilter(958)) - Added filter static_user_filter (class=org.apache.hadoop.http.lib.StaticUserWebFilter$StaticUserFilter) to context static
2019-09-24 04:21:00,983 [main] INFO  server.StorageContainerManager (StorageContainerManager.java:start(770)) - StorageContainerLocationProtocol RPC server is listening at /0.0.0.0:35195
2019-09-24 04:21:00,986 [main] WARN  impl.MetricsConfig (MetricsConfig.java:loadFirst(134)) - Cannot locate configuration: tried hadoop-metrics2-storagecontainermanager.properties,hadoop-metrics2.properties
2019-09-24 04:21:00,987 [main] INFO  impl.MetricsSystemImpl (MetricsSystemImpl.java:startTimer(374)) - Scheduled Metric snapshot period at 10 second(s).
2019-09-24 04:21:00,988 [main] INFO  impl.MetricsSystemImpl (MetricsSystemImpl.java:start(191)) - StorageContainerManager metrics system started
2019-09-24 04:21:01,041 [main] WARN  impl.MetricsSystemImpl (MetricsSystemImpl.java:register(276)) - Sink prometheus already exists!
2019-09-24 04:21:01,141 [main] INFO  server.SCMClientProtocolServer (SCMClientProtocolServer.java:start(151)) - RPC server for Client  is listening at /0.0.0.0:35195
2019-09-24 04:21:01,142 [IPC Server Responder] INFO  ipc.Server (Server.java:run(1314)) - IPC Server Responder: starting
2019-09-24 04:21:01,142 [IPC Server listener on 35195] INFO  ipc.Server (Server.java:run(1153)) - IPC Server listener on 35195: starting
2019-09-24 04:21:01,146 [main] INFO  server.StorageContainerManager (StorageContainerManager.java:start(780)) - ScmBlockLocationProtocol RPC server is listening at /0.0.0.0:41988
2019-09-24 04:21:01,146 [main] INFO  server.SCMBlockProtocolServer (SCMBlockProtocolServer.java:start(146)) - RPC server for Block Protocol is listening at /0.0.0.0:41988
2019-09-24 04:21:01,147 [IPC Server Responder] INFO  ipc.Server (Server.java:run(1314)) - IPC Server Responder: starting
2019-09-24 04:21:01,147 [IPC Server listener on 41988] INFO  ipc.Server (Server.java:run(1153)) - IPC Server listener on 41988: starting
2019-09-24 04:21:01,150 [main] INFO  server.StorageContainerManager (StorageContainerManager.java:start(784)) - ScmDatanodeProtocl RPC server is listening at /0.0.0.0:35768
2019-09-24 04:21:01,151 [main] INFO  server.SCMDatanodeProtocolServer (SCMDatanodeProtocolServer.java:start(199)) - RPC server for DataNodes is listening at /0.0.0.0:35768
2019-09-24 04:21:01,151 [IPC Server listener on 35768] INFO  ipc.Server (Server.java:run(1153)) - IPC Server listener on 35768: starting
2019-09-24 04:21:01,151 [IPC Server Responder] INFO  ipc.Server (Server.java:run(1314)) - IPC Server Responder: starting
2019-09-24 04:21:01,155 [main] INFO  http.HttpServer2 (HttpServer2.java:bindListener(1191)) - Jetty bound to port 45316
2019-09-24 04:21:01,155 [main] INFO  server.Server (Server.java:doStart(351)) - jetty-9.3.25.v20180904, build timestamp: 2018-09-04T21:11:46Z, git hash: 3ce520221d0240229c862b122d2b06c12a625732
2019-09-24 04:21:01,157 [main] INFO  handler.ContextHandler (ContextHandler.java:doStart(781)) - Started o.e.j.s.ServletContextHandler@28be7fec{/logs,file:///workdir/hadoop-ozone/integration-test/target/log,AVAILABLE}
2019-09-24 04:21:01,157 [main] INFO  handler.ContextHandler (ContextHandler.java:doStart(781)) - Started o.e.j.s.ServletContextHandler@34136bd1{/static,file:///workdir/hadoop-ozone/integration-test/target/test-classes/webapps/static,AVAILABLE}
2019-09-24 04:21:01,161 [main] INFO  handler.ContextHandler (ContextHandler.java:doStart(781)) - Started o.e.j.w.WebAppContext@70881123{/,file:///workdir/hadoop-ozone/integration-test/target/test-classes/webapps/scm/,AVAILABLE}{/scm}
2019-09-24 04:21:01,161 [main] INFO  server.AbstractConnector (AbstractConnector.java:doStart(278)) - Started ServerConnector@703fa45{HTTP/1.1,[http/1.1]}{0.0.0.0:45316}
2019-09-24 04:21:01,162 [main] INFO  server.Server (Server.java:doStart(419)) - Started @607496ms
2019-09-24 04:21:01,163 [main] WARN  impl.MetricsSystemImpl (MetricsSystemImpl.java:register(276)) - Sink prometheus already exists!
2019-09-24 04:21:01,163 [main] INFO  server.BaseHttpServer (BaseHttpServer.java:updateConnectorAddress(215)) - HTTP server of SCM is listening at http://0.0.0.0:45316
2019-09-24 04:21:01,164 [main] WARN  server.ServerUtils (ServerUtils.java:getDBPath(222)) - ozone.om.db.dirs is not configured. We recommend adding this setting. Falling back to ozone.metadata.dirs instead.
2019-09-24 04:21:01,164 [org.apache.hadoop.util.JvmPauseMonitor$Monitor@fddd7ae] INFO  util.JvmPauseMonitor (JvmPauseMonitor.java:run(188)) - Starting JVM pause monitor
2019-09-24 04:21:01,178 [main] WARN  server.ServerUtils (ServerUtils.java:getDBPath(222)) - ozone.om.db.dirs is not configured. We recommend adding this setting. Falling back to ozone.metadata.dirs instead.
2019-09-24 04:21:01,179 [main] WARN  server.ServerUtils (ServerUtils.java:getDBPath(222)) - ozone.om.db.dirs is not configured. We recommend adding this setting. Falling back to ozone.metadata.dirs instead.
2019-09-24 04:21:01,179 [main] INFO  om.OzoneManager (OzoneManager.java:setOMNodeDetails(652)) - OM Service ID is not set. Setting it to the default ID: omServiceIdDefault
2019-09-24 04:21:01,179 [main] INFO  om.OzoneManager (OzoneManager.java:setOMNodeDetails(658)) - OM Node ID is not set. Setting it to the OmStorage's OmID: 4971f1e4-150a-403a-9907-301a191e5dbe
2019-09-24 04:21:01,179 [main] INFO  om.OzoneManager (OzoneManager.java:loadOMHAConfigs(609)) - Found matching OM address with OMServiceId: null, OMNodeId: null, RPC Address: localhost:0 and Ratis port: 9872
2019-09-24 04:21:01,185 [main] WARN  server.ServerUtils (ServerUtils.java:getDBPath(222)) - ozone.om.db.dirs is not configured. We recommend adding this setting. Falling back to ozone.metadata.dirs instead.
2019-09-24 04:21:01,185 [main] INFO  db.DBStoreBuilder (DBStoreBuilder.java:addTable(110)) - using custom profile for table: userTable
2019-09-24 04:21:01,186 [main] INFO  db.DBStoreBuilder (DBStoreBuilder.java:processTables(161)) - Using default column profile:DBProfile.DISK for Table:userTable
2019-09-24 04:21:01,186 [main] INFO  db.DBStoreBuilder (DBStoreBuilder.java:addTable(110)) - using custom profile for table: volumeTable
2019-09-24 04:21:01,186 [main] INFO  db.DBStoreBuilder (DBStoreBuilder.java:processTables(161)) - Using default column profile:DBProfile.DISK for Table:volumeTable
2019-09-24 04:21:01,186 [main] INFO  db.DBStoreBuilder (DBStoreBuilder.java:addTable(110)) - using custom profile for table: bucketTable
2019-09-24 04:21:01,186 [main] INFO  db.DBStoreBuilder (DBStoreBuilder.java:processTables(161)) - Using default column profile:DBProfile.DISK for Table:bucketTable
2019-09-24 04:21:01,186 [main] INFO  db.DBStoreBuilder (DBStoreBuilder.java:addTable(110)) - using custom profile for table: keyTable
2019-09-24 04:21:01,187 [main] INFO  db.DBStoreBuilder (DBStoreBuilder.java:processTables(161)) - Using default column profile:DBProfile.DISK for Table:keyTable
2019-09-24 04:21:01,187 [main] INFO  db.DBStoreBuilder (DBStoreBuilder.java:addTable(110)) - using custom profile for table: deletedTable
2019-09-24 04:21:01,187 [main] INFO  db.DBStoreBuilder (DBStoreBuilder.java:processTables(161)) - Using default column profile:DBProfile.DISK for Table:deletedTable
2019-09-24 04:21:01,187 [main] INFO  db.DBStoreBuilder (DBStoreBuilder.java:addTable(110)) - using custom profile for table: openKeyTable
2019-09-24 04:21:01,187 [main] INFO  db.DBStoreBuilder (DBStoreBuilder.java:processTables(161)) - Using default column profile:DBProfile.DISK for Table:openKeyTable
2019-09-24 04:21:01,187 [main] INFO  db.DBStoreBuilder (DBStoreBuilder.java:addTable(110)) - using custom profile for table: s3Table
2019-09-24 04:21:01,188 [main] INFO  db.DBStoreBuilder (DBStoreBuilder.java:processTables(161)) - Using default column profile:DBProfile.DISK for Table:s3Table
2019-09-24 04:21:01,188 [main] INFO  db.DBStoreBuilder (DBStoreBuilder.java:addTable(110)) - using custom profile for table: multipartInfoTable
2019-09-24 04:21:01,188 [main] INFO  db.DBStoreBuilder (DBStoreBuilder.java:processTables(161)) - Using default column profile:DBProfile.DISK for Table:multipartInfoTable
2019-09-24 04:21:01,188 [main] INFO  db.DBStoreBuilder (DBStoreBuilder.java:addTable(110)) - using custom profile for table: dTokenTable
2019-09-24 04:21:01,188 [main] INFO  db.DBStoreBuilder (DBStoreBuilder.java:processTables(161)) - Using default column profile:DBProfile.DISK for Table:dTokenTable
2019-09-24 04:21:01,188 [main] INFO  db.DBStoreBuilder (DBStoreBuilder.java:addTable(110)) - using custom profile for table: s3SecretTable
2019-09-24 04:21:01,189 [main] INFO  db.DBStoreBuilder (DBStoreBuilder.java:processTables(161)) - Using default column profile:DBProfile.DISK for Table:s3SecretTable
2019-09-24 04:21:01,189 [main] INFO  db.DBStoreBuilder (DBStoreBuilder.java:addTable(110)) - using custom profile for table: prefixTable
2019-09-24 04:21:01,189 [main] INFO  db.DBStoreBuilder (DBStoreBuilder.java:processTables(161)) - Using default column profile:DBProfile.DISK for Table:prefixTable
2019-09-24 04:21:01,189 [main] INFO  db.DBStoreBuilder (DBStoreBuilder.java:addTable(110)) - using custom profile for table: default
2019-09-24 04:21:01,189 [main] INFO  db.DBStoreBuilder (DBStoreBuilder.java:processTables(167)) - Using default column profile:DBProfile.DISK for Table:default
2019-09-24 04:21:01,189 [main] INFO  db.DBStoreBuilder (DBStoreBuilder.java:getDbProfile(198)) - Using default options. DBProfile.DISK
2019-09-24 04:21:01,676 [main] INFO  ipc.CallQueueManager (CallQueueManager.java:<init>(84)) - Using callQueue: class java.util.concurrent.LinkedBlockingQueue, queueCapacity: 2000, scheduler: class org.apache.hadoop.ipc.DefaultRpcScheduler, ipcBackoff: false.
2019-09-24 04:21:01,677 [Socket Reader #1 for port 33507] INFO  ipc.Server (Server.java:run(1074)) - Starting Socket Reader #1 for port 33507
2019-09-24 04:21:01,689 [main] INFO  om.OzoneManager (OzoneManager.java:start(1243)) - OzoneManager RPC server is listening at localhost/127.0.0.1:33507
2019-09-24 04:21:01,689 [main] INFO  impl.MetricsSystemImpl (MetricsSystemImpl.java:init(158)) - OzoneManager metrics system started (again)
2019-09-24 04:21:01,689 [IPC Server listener on 33507] INFO  ipc.Server (Server.java:run(1153)) - IPC Server listener on 33507: starting
2019-09-24 04:21:01,690 [IPC Server Responder] INFO  ipc.Server (Server.java:run(1314)) - IPC Server Responder: starting
2019-09-24 04:21:01,694 [main] INFO  hdfs.DFSUtil (DFSUtil.java:httpServerTemplateForNNAndJN(1641)) - Starting Web-server for ozoneManager at: http://0.0.0.0:0
2019-09-24 04:21:01,695 [main] INFO  server.AuthenticationFilter (AuthenticationFilter.java:constructSecretProvider(240)) - Unable to initialize FileSignerSecretProvider, falling back to use random secrets.
2019-09-24 04:21:01,696 [main] WARN  http.HttpRequestLog (HttpRequestLog.java:getRequestLog(97)) - Jetty request log can only be enabled using Log4j
2019-09-24 04:21:01,697 [main] INFO  http.HttpServer2 (HttpServer2.java:addGlobalFilter(975)) - Added global filter 'safety' (class=org.apache.hadoop.http.HttpServer2$QuotingInputFilter)
2019-09-24 04:21:01,697 [main] INFO  http.HttpServer2 (HttpServer2.java:addFilter(948)) - Added filter static_user_filter (class=org.apache.hadoop.http.lib.StaticUserWebFilter$StaticUserFilter) to context ozoneManager
2019-09-24 04:21:01,697 [main] INFO  http.HttpServer2 (HttpServer2.java:addFilter(958)) - Added filter static_user_filter (class=org.apache.hadoop.http.lib.StaticUserWebFilter$StaticUserFilter) to context logs
2019-09-24 04:21:01,698 [main] INFO  http.HttpServer2 (HttpServer2.java:addFilter(958)) - Added filter static_user_filter (class=org.apache.hadoop.http.lib.StaticUserWebFilter$StaticUserFilter) to context static
2019-09-24 04:21:01,698 [main] INFO  http.HttpServer2 (HttpServer2.java:bindListener(1191)) - Jetty bound to port 46181
2019-09-24 04:21:01,698 [main] INFO  server.Server (Server.java:doStart(351)) - jetty-9.3.25.v20180904, build timestamp: 2018-09-04T21:11:46Z, git hash: 3ce520221d0240229c862b122d2b06c12a625732
2019-09-24 04:21:01,700 [main] INFO  handler.ContextHandler (ContextHandler.java:doStart(781)) - Started o.e.j.s.ServletContextHandler@6889f56f{/logs,file:///workdir/hadoop-ozone/integration-test/target/log,AVAILABLE}
2019-09-24 04:21:01,700 [main] INFO  handler.ContextHandler (ContextHandler.java:doStart(781)) - Started o.e.j.s.ServletContextHandler@26da1ba2{/static,file:///workdir/hadoop-ozone/integration-test/target/test-classes/webapps/static,AVAILABLE}
2019-09-24 04:21:01,703 [main] INFO  handler.ContextHandler (ContextHandler.java:doStart(781)) - Started o.e.j.w.WebAppContext@1785d194{/,file:///workdir/hadoop-ozone/integration-test/target/test-classes/webapps/ozoneManager/,AVAILABLE}{/ozoneManager}
2019-09-24 04:21:01,704 [main] INFO  server.AbstractConnector (AbstractConnector.java:doStart(278)) - Started ServerConnector@6b4a4e40{HTTP/1.1,[http/1.1]}{0.0.0.0:46181}
2019-09-24 04:21:01,705 [main] INFO  server.Server (Server.java:doStart(419)) - Started @608039ms
2019-09-24 04:21:01,705 [main] WARN  impl.MetricsSystemImpl (MetricsSystemImpl.java:register(276)) - Sink prometheus already exists!
2019-09-24 04:21:01,706 [main] INFO  server.BaseHttpServer (BaseHttpServer.java:updateConnectorAddress(215)) - HTTP server of OZONEMANAGER is listening at http://0.0.0.0:46181
2019-09-24 04:21:01,722 [main] INFO  impl.MetricsSystemImpl (MetricsSystemImpl.java:init(158)) - HddsDatanode metrics system started (again)
2019-09-24 04:21:01,726 [main] INFO  ozone.HddsDatanodeService (HddsDatanodeService.java:start(184)) - HddsDatanodeService host:pr-hdds-2034-r6745-1453098948 ip:192.168.151.75
2019-09-24 04:21:01,732 [main] INFO  volume.HddsVolume (HddsVolume.java:<init>(176)) - Creating Volume: /workdir/hadoop-ozone/integration-test/target/test-dir/MiniOzoneClusterImpl-70ed5c72-7c79-4e50-93d4-710ad6ee9320/datanode-0/data/containers/hdds of  storage type : DISK and capacity : 1482555576320
2019-09-24 04:21:01,732 [main] INFO  volume.VolumeSet (VolumeSet.java:initializeVolumeSet(170)) - Added Volume : /workdir/hadoop-ozone/integration-test/target/test-dir/MiniOzoneClusterImpl-70ed5c72-7c79-4e50-93d4-710ad6ee9320/datanode-0/data/containers/hdds to VolumeSet
2019-09-24 04:21:01,733 [main] INFO  volume.ThrottledAsyncChecker (ThrottledAsyncChecker.java:schedule(139)) - Scheduling a check for org.apache.hadoop.ozone.container.common.volume.HddsVolume@62f9c790
2019-09-24 04:21:01,733 [main] INFO  volume.HddsVolumeChecker (HddsVolumeChecker.java:checkAllVolumes(202)) - Scheduled health check for volume org.apache.hadoop.ozone.container.common.volume.HddsVolume@62f9c790
2019-09-24 04:21:01,745 [main] INFO  impl.RaftServerProxy (ConfUtils.java:logGet(43)) - raft.rpc.type = GRPC (default)
2019-09-24 04:21:01,745 [main] INFO  grpc.GrpcFactory (GrpcFactory.java:checkPooledByteBufAllocatorUseCacheForAllThreads(45)) - PERFORMANCE WARNING: useCacheForAllThreads is true that may cause Netty to create a lot garbage objects and, as a result, trigger GC.
	It is recommended to disable useCacheForAllThreads by setting -Dorg.apache.ratis.thirdparty.io.netty.allocator.useCacheForAllThreads=false in command line.
2019-09-24 04:21:01,745 [main] INFO  grpc.GrpcConfigKeys$Server (ConfUtils.java:logGet(43)) - raft.grpc.server.port = 0 (default)
2019-09-24 04:21:01,746 [main] INFO  server.GrpcService (ConfUtils.java:logGet(43)) - raft.grpc.message.size.max = 33570816 (custom)
2019-09-24 04:21:01,746 [main] INFO  server.RaftServerConfigKeys (ConfUtils.java:logGet(43)) - raft.server.log.appender.buffer.byte-limit = 33554432 (custom)
2019-09-24 04:21:01,746 [main] INFO  server.GrpcService (ConfUtils.java:logGet(43)) - raft.grpc.flow.control.window = 1MB (=1048576) (default)
2019-09-24 04:21:01,746 [main] INFO  server.RaftServerConfigKeys (ConfUtils.java:logGet(43)) - raft.server.rpc.request.timeout = 3000ms (default)
2019-09-24 04:21:01,747 [main] INFO  server.RaftServerConfigKeys (ConfUtils.java:logGet(43)) - raft.server.storage.dir = [/workdir/hadoop-ozone/integration-test/target/test-dir/MiniOzoneClusterImpl-70ed5c72-7c79-4e50-93d4-710ad6ee9320/datanode-0/data/ratis] (custom)
2019-09-24 04:21:01,748 [main] INFO  hdfs.DFSUtil (DFSUtil.java:httpServerTemplateForNNAndJN(1641)) - Starting Web-server for hddsDatanode at: http://0.0.0.0:0
2019-09-24 04:21:01,749 [main] INFO  server.AuthenticationFilter (AuthenticationFilter.java:constructSecretProvider(240)) - Unable to initialize FileSignerSecretProvider, falling back to use random secrets.
2019-09-24 04:21:01,749 [main] WARN  http.HttpRequestLog (HttpRequestLog.java:getRequestLog(97)) - Jetty request log can only be enabled using Log4j
2019-09-24 04:21:01,751 [main] INFO  http.HttpServer2 (HttpServer2.java:addGlobalFilter(975)) - Added global filter 'safety' (class=org.apache.hadoop.http.HttpServer2$QuotingInputFilter)
2019-09-24 04:21:01,751 [main] INFO  http.HttpServer2 (HttpServer2.java:addFilter(948)) - Added filter static_user_filter (class=org.apache.hadoop.http.lib.StaticUserWebFilter$StaticUserFilter) to context hddsDatanode
2019-09-24 04:21:01,751 [main] INFO  http.HttpServer2 (HttpServer2.java:addFilter(958)) - Added filter static_user_filter (class=org.apache.hadoop.http.lib.StaticUserWebFilter$StaticUserFilter) to context static
2019-09-24 04:21:01,751 [main] INFO  http.HttpServer2 (HttpServer2.java:addFilter(958)) - Added filter static_user_filter (class=org.apache.hadoop.http.lib.StaticUserWebFilter$StaticUserFilter) to context logs
2019-09-24 04:21:01,752 [main] INFO  http.HttpServer2 (HttpServer2.java:bindListener(1191)) - Jetty bound to port 40979
2019-09-24 04:21:01,752 [main] INFO  server.Server (Server.java:doStart(351)) - jetty-9.3.25.v20180904, build timestamp: 2018-09-04T21:11:46Z, git hash: 3ce520221d0240229c862b122d2b06c12a625732
2019-09-24 04:21:01,753 [main] INFO  handler.ContextHandler (ContextHandler.java:doStart(781)) - Started o.e.j.s.ServletContextHandler@756808cc{/logs,file:///workdir/hadoop-ozone/integration-test/target/log,AVAILABLE}
2019-09-24 04:21:01,754 [main] INFO  handler.ContextHandler (ContextHandler.java:doStart(781)) - Started o.e.j.s.ServletContextHandler@5012c571{/static,jar:file:/home/user/.m2/repository/org/apache/hadoop/hadoop-hdds-container-service/0.5.0-SNAPSHOT/hadoop-hdds-container-service-0.5.0-SNAPSHOT.jar!/webapps/static,AVAILABLE}
2019-09-24 04:21:01,782 [main] INFO  handler.ContextHandler (ContextHandler.java:doStart(781)) - Started o.e.j.w.WebAppContext@2c06b113{/,file:///tmp/jetty-0.0.0.0-40979-hddsDatanode-_-any-1728595887687324385.dir/webapp/,AVAILABLE}{/hddsDatanode}
2019-09-24 04:21:01,782 [main] INFO  server.AbstractConnector (AbstractConnector.java:doStart(278)) - Started ServerConnector@7a64cb0c{HTTP/1.1,[http/1.1]}{0.0.0.0:40979}
2019-09-24 04:21:01,783 [main] INFO  server.Server (Server.java:doStart(419)) - Started @608117ms
2019-09-24 04:21:01,784 [main] WARN  impl.MetricsSystemImpl (MetricsSystemImpl.java:register(276)) - Sink prometheus already exists!
2019-09-24 04:21:01,784 [main] INFO  server.BaseHttpServer (BaseHttpServer.java:updateConnectorAddress(215)) - HTTP server of HDDSDATANODE is listening at http://0.0.0.0:40979
2019-09-24 04:21:01,785 [main] INFO  impl.MetricsSystemImpl (MetricsSystemImpl.java:init(158)) - HddsDatanode metrics system started (again)
2019-09-24 04:21:01,788 [org.apache.hadoop.util.JvmPauseMonitor$Monitor@61ed53cb] INFO  util.JvmPauseMonitor (JvmPauseMonitor.java:run(188)) - Starting JVM pause monitor
2019-09-24 04:21:01,788 [main] INFO  ozone.HddsDatanodeService (HddsDatanodeService.java:start(184)) - HddsDatanodeService host:pr-hdds-2034-r6745-1453098948 ip:192.168.151.75
2019-09-24 04:21:01,790 [Datanode State Machine Thread - 0] INFO  datanode.InitDatanodeState (InitDatanodeState.java:persistContainerDatanodeDetails(140)) - DatanodeDetails is persisted to /workdir/hadoop-ozone/integration-test/target/test-dir/MiniOzoneClusterImpl-70ed5c72-7c79-4e50-93d4-710ad6ee9320/datanode-0/meta/datanode.id
2019-09-24 04:21:01,793 [main] INFO  volume.HddsVolume (HddsVolume.java:<init>(176)) - Creating Volume: /workdir/hadoop-ozone/integration-test/target/test-dir/MiniOzoneClusterImpl-70ed5c72-7c79-4e50-93d4-710ad6ee9320/datanode-1/data/containers/hdds of  storage type : DISK and capacity : 1482555576320
2019-09-24 04:21:01,794 [main] INFO  volume.VolumeSet (VolumeSet.java:initializeVolumeSet(170)) - Added Volume : /workdir/hadoop-ozone/integration-test/target/test-dir/MiniOzoneClusterImpl-70ed5c72-7c79-4e50-93d4-710ad6ee9320/datanode-1/data/containers/hdds to VolumeSet
2019-09-24 04:21:01,794 [main] INFO  volume.ThrottledAsyncChecker (ThrottledAsyncChecker.java:schedule(139)) - Scheduling a check for org.apache.hadoop.ozone.container.common.volume.HddsVolume@236c098
2019-09-24 04:21:01,794 [main] INFO  volume.HddsVolumeChecker (HddsVolumeChecker.java:checkAllVolumes(202)) - Scheduled health check for volume org.apache.hadoop.ozone.container.common.volume.HddsVolume@236c098
2019-09-24 04:21:01,806 [main] INFO  impl.RaftServerProxy (ConfUtils.java:logGet(43)) - raft.rpc.type = GRPC (default)
2019-09-24 04:21:01,806 [main] INFO  grpc.GrpcFactory (GrpcFactory.java:checkPooledByteBufAllocatorUseCacheForAllThreads(45)) - PERFORMANCE WARNING: useCacheForAllThreads is true that may cause Netty to create a lot garbage objects and, as a result, trigger GC.
	It is recommended to disable useCacheForAllThreads by setting -Dorg.apache.ratis.thirdparty.io.netty.allocator.useCacheForAllThreads=false in command line.
2019-09-24 04:21:01,806 [main] INFO  grpc.GrpcConfigKeys$Server (ConfUtils.java:logGet(43)) - raft.grpc.server.port = 0 (default)
2019-09-24 04:21:01,807 [main] INFO  server.GrpcService (ConfUtils.java:logGet(43)) - raft.grpc.message.size.max = 33570816 (custom)
2019-09-24 04:21:01,807 [main] INFO  server.RaftServerConfigKeys (ConfUtils.java:logGet(43)) - raft.server.log.appender.buffer.byte-limit = 33554432 (custom)
2019-09-24 04:21:01,807 [main] INFO  server.GrpcService (ConfUtils.java:logGet(43)) - raft.grpc.flow.control.window = 1MB (=1048576) (default)
2019-09-24 04:21:01,807 [main] INFO  server.RaftServerConfigKeys (ConfUtils.java:logGet(43)) - raft.server.rpc.request.timeout = 3000ms (default)
2019-09-24 04:21:01,807 [main] INFO  server.RaftServerConfigKeys (ConfUtils.java:logGet(43)) - raft.server.storage.dir = [/workdir/hadoop-ozone/integration-test/target/test-dir/MiniOzoneClusterImpl-70ed5c72-7c79-4e50-93d4-710ad6ee9320/datanode-1/data/ratis] (custom)
2019-09-24 04:21:01,808 [main] INFO  hdfs.DFSUtil (DFSUtil.java:httpServerTemplateForNNAndJN(1641)) - Starting Web-server for hddsDatanode at: http://0.0.0.0:0
2019-09-24 04:21:01,809 [main] INFO  server.AuthenticationFilter (AuthenticationFilter.java:constructSecretProvider(240)) - Unable to initialize FileSignerSecretProvider, falling back to use random secrets.
2019-09-24 04:21:01,810 [main] WARN  http.HttpRequestLog (HttpRequestLog.java:getRequestLog(97)) - Jetty request log can only be enabled using Log4j
2019-09-24 04:21:01,811 [main] INFO  http.HttpServer2 (HttpServer2.java:addGlobalFilter(975)) - Added global filter 'safety' (class=org.apache.hadoop.http.HttpServer2$QuotingInputFilter)
2019-09-24 04:21:01,811 [main] INFO  http.HttpServer2 (HttpServer2.java:addFilter(948)) - Added filter static_user_filter (class=org.apache.hadoop.http.lib.StaticUserWebFilter$StaticUserFilter) to context hddsDatanode
2019-09-24 04:21:01,811 [main] INFO  http.HttpServer2 (HttpServer2.java:addFilter(958)) - Added filter static_user_filter (class=org.apache.hadoop.http.lib.StaticUserWebFilter$StaticUserFilter) to context static
2019-09-24 04:21:01,812 [main] INFO  http.HttpServer2 (HttpServer2.java:addFilter(958)) - Added filter static_user_filter (class=org.apache.hadoop.http.lib.StaticUserWebFilter$StaticUserFilter) to context logs
2019-09-24 04:21:01,812 [main] INFO  http.HttpServer2 (HttpServer2.java:bindListener(1191)) - Jetty bound to port 45105
2019-09-24 04:21:01,812 [main] INFO  server.Server (Server.java:doStart(351)) - jetty-9.3.25.v20180904, build timestamp: 2018-09-04T21:11:46Z, git hash: 3ce520221d0240229c862b122d2b06c12a625732
2019-09-24 04:21:01,814 [main] INFO  handler.ContextHandler (ContextHandler.java:doStart(781)) - Started o.e.j.s.ServletContextHandler@a91119b{/logs,file:///workdir/hadoop-ozone/integration-test/target/log,AVAILABLE}
2019-09-24 04:21:01,814 [main] INFO  handler.ContextHandler (ContextHandler.java:doStart(781)) - Started o.e.j.s.ServletContextHandler@231df705{/static,jar:file:/home/user/.m2/repository/org/apache/hadoop/hadoop-hdds-container-service/0.5.0-SNAPSHOT/hadoop-hdds-container-service-0.5.0-SNAPSHOT.jar!/webapps/static,AVAILABLE}
2019-09-24 04:21:01,842 [main] INFO  handler.ContextHandler (ContextHandler.java:doStart(781)) - Started o.e.j.w.WebAppContext@50cdfafa{/,file:///tmp/jetty-0.0.0.0-45105-hddsDatanode-_-any-433172368336138243.dir/webapp/,AVAILABLE}{/hddsDatanode}
2019-09-24 04:21:01,843 [main] INFO  server.AbstractConnector (AbstractConnector.java:doStart(278)) - Started ServerConnector@2e952845{HTTP/1.1,[http/1.1]}{0.0.0.0:45105}
2019-09-24 04:21:01,843 [main] INFO  server.Server (Server.java:doStart(419)) - Started @608177ms
2019-09-24 04:21:01,844 [main] WARN  impl.MetricsSystemImpl (MetricsSystemImpl.java:register(276)) - Sink prometheus already exists!
2019-09-24 04:21:01,844 [main] INFO  server.BaseHttpServer (BaseHttpServer.java:updateConnectorAddress(215)) - HTTP server of HDDSDATANODE is listening at http://0.0.0.0:45105
2019-09-24 04:21:01,844 [main] INFO  impl.MetricsSystemImpl (MetricsSystemImpl.java:init(158)) - HddsDatanode metrics system started (again)
2019-09-24 04:21:01,848 [org.apache.hadoop.util.JvmPauseMonitor$Monitor@7f279bf1] INFO  util.JvmPauseMonitor (JvmPauseMonitor.java:run(188)) - Starting JVM pause monitor
2019-09-24 04:21:01,848 [main] INFO  ozone.HddsDatanodeService (HddsDatanodeService.java:start(184)) - HddsDatanodeService host:pr-hdds-2034-r6745-1453098948 ip:192.168.151.75
2019-09-24 04:21:01,849 [Datanode State Machine Thread - 0] INFO  datanode.InitDatanodeState (InitDatanodeState.java:persistContainerDatanodeDetails(140)) - DatanodeDetails is persisted to /workdir/hadoop-ozone/integration-test/target/test-dir/MiniOzoneClusterImpl-70ed5c72-7c79-4e50-93d4-710ad6ee9320/datanode-1/meta/datanode.id
2019-09-24 04:21:01,853 [main] INFO  volume.HddsVolume (HddsVolume.java:<init>(176)) - Creating Volume: /workdir/hadoop-ozone/integration-test/target/test-dir/MiniOzoneClusterImpl-70ed5c72-7c79-4e50-93d4-710ad6ee9320/datanode-2/data/containers/hdds of  storage type : DISK and capacity : 1482555576320
2019-09-24 04:21:01,853 [main] INFO  volume.VolumeSet (VolumeSet.java:initializeVolumeSet(170)) - Added Volume : /workdir/hadoop-ozone/integration-test/target/test-dir/MiniOzoneClusterImpl-70ed5c72-7c79-4e50-93d4-710ad6ee9320/datanode-2/data/containers/hdds to VolumeSet
2019-09-24 04:21:01,854 [main] INFO  volume.ThrottledAsyncChecker (ThrottledAsyncChecker.java:schedule(139)) - Scheduling a check for org.apache.hadoop.ozone.container.common.volume.HddsVolume@7781263c
2019-09-24 04:21:01,854 [main] INFO  volume.HddsVolumeChecker (HddsVolumeChecker.java:checkAllVolumes(202)) - Scheduled health check for volume org.apache.hadoop.ozone.container.common.volume.HddsVolume@7781263c
2019-09-24 04:21:01,865 [main] INFO  impl.RaftServerProxy (ConfUtils.java:logGet(43)) - raft.rpc.type = GRPC (default)
2019-09-24 04:21:01,866 [main] INFO  grpc.GrpcFactory (GrpcFactory.java:checkPooledByteBufAllocatorUseCacheForAllThreads(45)) - PERFORMANCE WARNING: useCacheForAllThreads is true that may cause Netty to create a lot garbage objects and, as a result, trigger GC.
	It is recommended to disable useCacheForAllThreads by setting -Dorg.apache.ratis.thirdparty.io.netty.allocator.useCacheForAllThreads=false in command line.
2019-09-24 04:21:01,866 [main] INFO  grpc.GrpcConfigKeys$Server (ConfUtils.java:logGet(43)) - raft.grpc.server.port = 0 (default)
2019-09-24 04:21:01,866 [main] INFO  server.GrpcService (ConfUtils.java:logGet(43)) - raft.grpc.message.size.max = 33570816 (custom)
2019-09-24 04:21:01,866 [main] INFO  server.RaftServerConfigKeys (ConfUtils.java:logGet(43)) - raft.server.log.appender.buffer.byte-limit = 33554432 (custom)
2019-09-24 04:21:01,866 [main] INFO  server.GrpcService (ConfUtils.java:logGet(43)) - raft.grpc.flow.control.window = 1MB (=1048576) (default)
2019-09-24 04:21:01,866 [main] INFO  server.RaftServerConfigKeys (ConfUtils.java:logGet(43)) - raft.server.rpc.request.timeout = 3000ms (default)
2019-09-24 04:21:01,867 [main] INFO  server.RaftServerConfigKeys (ConfUtils.java:logGet(43)) - raft.server.storage.dir = [/workdir/hadoop-ozone/integration-test/target/test-dir/MiniOzoneClusterImpl-70ed5c72-7c79-4e50-93d4-710ad6ee9320/datanode-2/data/ratis] (custom)
2019-09-24 04:21:01,868 [main] INFO  hdfs.DFSUtil (DFSUtil.java:httpServerTemplateForNNAndJN(1641)) - Starting Web-server for hddsDatanode at: http://0.0.0.0:0
2019-09-24 04:21:01,869 [main] INFO  server.AuthenticationFilter (AuthenticationFilter.java:constructSecretProvider(240)) - Unable to initialize FileSignerSecretProvider, falling back to use random secrets.
2019-09-24 04:21:01,869 [main] WARN  http.HttpRequestLog (HttpRequestLog.java:getRequestLog(97)) - Jetty request log can only be enabled using Log4j
2019-09-24 04:21:01,870 [main] INFO  http.HttpServer2 (HttpServer2.java:addGlobalFilter(975)) - Added global filter 'safety' (class=org.apache.hadoop.http.HttpServer2$QuotingInputFilter)
2019-09-24 04:21:01,871 [main] INFO  http.HttpServer2 (HttpServer2.java:addFilter(948)) - Added filter static_user_filter (class=org.apache.hadoop.http.lib.StaticUserWebFilter$StaticUserFilter) to context hddsDatanode
2019-09-24 04:21:01,871 [main] INFO  http.HttpServer2 (HttpServer2.java:addFilter(958)) - Added filter static_user_filter (class=org.apache.hadoop.http.lib.StaticUserWebFilter$StaticUserFilter) to context logs
2019-09-24 04:21:01,871 [main] INFO  http.HttpServer2 (HttpServer2.java:addFilter(958)) - Added filter static_user_filter (class=org.apache.hadoop.http.lib.StaticUserWebFilter$StaticUserFilter) to context static
2019-09-24 04:21:01,871 [main] INFO  http.HttpServer2 (HttpServer2.java:bindListener(1191)) - Jetty bound to port 42531
2019-09-24 04:21:01,872 [main] INFO  server.Server (Server.java:doStart(351)) - jetty-9.3.25.v20180904, build timestamp: 2018-09-04T21:11:46Z, git hash: 3ce520221d0240229c862b122d2b06c12a625732
2019-09-24 04:21:01,873 [main] INFO  handler.ContextHandler (ContextHandler.java:doStart(781)) - Started o.e.j.s.ServletContextHandler@5fb54740{/logs,file:///workdir/hadoop-ozone/integration-test/target/log,AVAILABLE}
2019-09-24 04:21:01,873 [main] INFO  handler.ContextHandler (ContextHandler.java:doStart(781)) - Started o.e.j.s.ServletContextHandler@1ee40b5c{/static,jar:file:/home/user/.m2/repository/org/apache/hadoop/hadoop-hdds-container-service/0.5.0-SNAPSHOT/hadoop-hdds-container-service-0.5.0-SNAPSHOT.jar!/webapps/static,AVAILABLE}
2019-09-24 04:21:01,901 [main] INFO  handler.ContextHandler (ContextHandler.java:doStart(781)) - Started o.e.j.w.WebAppContext@377dfb8d{/,file:///tmp/jetty-0.0.0.0-42531-hddsDatanode-_-any-4063109598191416166.dir/webapp/,AVAILABLE}{/hddsDatanode}
2019-09-24 04:21:01,902 [main] INFO  server.AbstractConnector (AbstractConnector.java:doStart(278)) - Started ServerConnector@42a0786f{HTTP/1.1,[http/1.1]}{0.0.0.0:42531}
2019-09-24 04:21:01,902 [main] INFO  server.Server (Server.java:doStart(419)) - Started @608236ms
2019-09-24 04:21:01,903 [main] WARN  impl.MetricsSystemImpl (MetricsSystemImpl.java:register(276)) - Sink prometheus already exists!
2019-09-24 04:21:01,904 [main] INFO  server.BaseHttpServer (BaseHttpServer.java:updateConnectorAddress(215)) - HTTP server of HDDSDATANODE is listening at http://0.0.0.0:42531
2019-09-24 04:21:01,904 [main] INFO  impl.MetricsSystemImpl (MetricsSystemImpl.java:init(158)) - HddsDatanode metrics system started (again)
2019-09-24 04:21:01,908 [org.apache.hadoop.util.JvmPauseMonitor$Monitor@1bf2aa77] INFO  util.JvmPauseMonitor (JvmPauseMonitor.java:run(188)) - Starting JVM pause monitor
2019-09-24 04:21:01,908 [main] INFO  ozone.HddsDatanodeService (HddsDatanodeService.java:start(184)) - HddsDatanodeService host:pr-hdds-2034-r6745-1453098948 ip:192.168.151.75
2019-09-24 04:21:01,909 [Datanode State Machine Thread - 0] INFO  datanode.InitDatanodeState (InitDatanodeState.java:persistContainerDatanodeDetails(140)) - DatanodeDetails is persisted to /workdir/hadoop-ozone/integration-test/target/test-dir/MiniOzoneClusterImpl-70ed5c72-7c79-4e50-93d4-710ad6ee9320/datanode-2/meta/datanode.id
2019-09-24 04:21:01,913 [main] INFO  volume.HddsVolume (HddsVolume.java:<init>(176)) - Creating Volume: /workdir/hadoop-ozone/integration-test/target/test-dir/MiniOzoneClusterImpl-70ed5c72-7c79-4e50-93d4-710ad6ee9320/datanode-3/data/containers/hdds of  storage type : DISK and capacity : 1482555576320
2019-09-24 04:21:01,914 [main] INFO  volume.VolumeSet (VolumeSet.java:initializeVolumeSet(170)) - Added Volume : /workdir/hadoop-ozone/integration-test/target/test-dir/MiniOzoneClusterImpl-70ed5c72-7c79-4e50-93d4-710ad6ee9320/datanode-3/data/containers/hdds to VolumeSet
2019-09-24 04:21:01,914 [main] INFO  volume.ThrottledAsyncChecker (ThrottledAsyncChecker.java:schedule(139)) - Scheduling a check for org.apache.hadoop.ozone.container.common.volume.HddsVolume@30b3d899
2019-09-24 04:21:01,914 [main] INFO  volume.HddsVolumeChecker (HddsVolumeChecker.java:checkAllVolumes(202)) - Scheduled health check for volume org.apache.hadoop.ozone.container.common.volume.HddsVolume@30b3d899
2019-09-24 04:21:01,925 [main] INFO  impl.RaftServerProxy (ConfUtils.java:logGet(43)) - raft.rpc.type = GRPC (default)
2019-09-24 04:21:01,925 [main] INFO  grpc.GrpcFactory (GrpcFactory.java:checkPooledByteBufAllocatorUseCacheForAllThreads(45)) - PERFORMANCE WARNING: useCacheForAllThreads is true that may cause Netty to create a lot garbage objects and, as a result, trigger GC.
	It is recommended to disable useCacheForAllThreads by setting -Dorg.apache.ratis.thirdparty.io.netty.allocator.useCacheForAllThreads=false in command line.
2019-09-24 04:21:01,926 [main] INFO  grpc.GrpcConfigKeys$Server (ConfUtils.java:logGet(43)) - raft.grpc.server.port = 0 (default)
2019-09-24 04:21:01,926 [main] INFO  server.GrpcService (ConfUtils.java:logGet(43)) - raft.grpc.message.size.max = 33570816 (custom)
2019-09-24 04:21:01,926 [main] INFO  server.RaftServerConfigKeys (ConfUtils.java:logGet(43)) - raft.server.log.appender.buffer.byte-limit = 33554432 (custom)
2019-09-24 04:21:01,926 [main] INFO  server.GrpcService (ConfUtils.java:logGet(43)) - raft.grpc.flow.control.window = 1MB (=1048576) (default)
2019-09-24 04:21:01,926 [main] INFO  server.RaftServerConfigKeys (ConfUtils.java:logGet(43)) - raft.server.rpc.request.timeout = 3000ms (default)
2019-09-24 04:21:01,927 [main] INFO  server.RaftServerConfigKeys (ConfUtils.java:logGet(43)) - raft.server.storage.dir = [/workdir/hadoop-ozone/integration-test/target/test-dir/MiniOzoneClusterImpl-70ed5c72-7c79-4e50-93d4-710ad6ee9320/datanode-3/data/ratis] (custom)
2019-09-24 04:21:01,927 [main] INFO  hdfs.DFSUtil (DFSUtil.java:httpServerTemplateForNNAndJN(1641)) - Starting Web-server for hddsDatanode at: http://0.0.0.0:0
2019-09-24 04:21:01,928 [main] INFO  server.AuthenticationFilter (AuthenticationFilter.java:constructSecretProvider(240)) - Unable to initialize FileSignerSecretProvider, falling back to use random secrets.
2019-09-24 04:21:01,929 [main] WARN  http.HttpRequestLog (HttpRequestLog.java:getRequestLog(97)) - Jetty request log can only be enabled using Log4j
2019-09-24 04:21:01,930 [main] INFO  http.HttpServer2 (HttpServer2.java:addGlobalFilter(975)) - Added global filter 'safety' (class=org.apache.hadoop.http.HttpServer2$QuotingInputFilter)
2019-09-24 04:21:01,930 [main] INFO  http.HttpServer2 (HttpServer2.java:addFilter(948)) - Added filter static_user_filter (class=org.apache.hadoop.http.lib.StaticUserWebFilter$StaticUserFilter) to context hddsDatanode
2019-09-24 04:21:01,930 [main] INFO  http.HttpServer2 (HttpServer2.java:addFilter(958)) - Added filter static_user_filter (class=org.apache.hadoop.http.lib.StaticUserWebFilter$StaticUserFilter) to context logs
2019-09-24 04:21:01,930 [main] INFO  http.HttpServer2 (HttpServer2.java:addFilter(958)) - Added filter static_user_filter (class=org.apache.hadoop.http.lib.StaticUserWebFilter$StaticUserFilter) to context static
2019-09-24 04:21:01,931 [main] INFO  http.HttpServer2 (HttpServer2.java:bindListener(1191)) - Jetty bound to port 45138
2019-09-24 04:21:01,931 [main] INFO  server.Server (Server.java:doStart(351)) - jetty-9.3.25.v20180904, build timestamp: 2018-09-04T21:11:46Z, git hash: 3ce520221d0240229c862b122d2b06c12a625732
2019-09-24 04:21:01,932 [main] INFO  handler.ContextHandler (ContextHandler.java:doStart(781)) - Started o.e.j.s.ServletContextHandler@76a362a4{/logs,file:///workdir/hadoop-ozone/integration-test/target/log,AVAILABLE}
2019-09-24 04:21:01,933 [main] INFO  handler.ContextHandler (ContextHandler.java:doStart(781)) - Started o.e.j.s.ServletContextHandler@5627cb29{/static,jar:file:/home/user/.m2/repository/org/apache/hadoop/hadoop-hdds-container-service/0.5.0-SNAPSHOT/hadoop-hdds-container-service-0.5.0-SNAPSHOT.jar!/webapps/static,AVAILABLE}
2019-09-24 04:21:01,961 [main] INFO  handler.ContextHandler (ContextHandler.java:doStart(781)) - Started o.e.j.w.WebAppContext@7e191fda{/,file:///tmp/jetty-0.0.0.0-45138-hddsDatanode-_-any-1263203575113301859.dir/webapp/,AVAILABLE}{/hddsDatanode}
2019-09-24 04:21:01,962 [main] INFO  server.AbstractConnector (AbstractConnector.java:doStart(278)) - Started ServerConnector@6562cc23{HTTP/1.1,[http/1.1]}{0.0.0.0:45138}
2019-09-24 04:21:01,963 [main] INFO  server.Server (Server.java:doStart(419)) - Started @608297ms
2019-09-24 04:21:01,963 [main] WARN  impl.MetricsSystemImpl (MetricsSystemImpl.java:register(276)) - Sink prometheus already exists!
2019-09-24 04:21:01,963 [main] INFO  server.BaseHttpServer (BaseHttpServer.java:updateConnectorAddress(215)) - HTTP server of HDDSDATANODE is listening at http://0.0.0.0:45138
2019-09-24 04:21:01,964 [main] INFO  impl.MetricsSystemImpl (MetricsSystemImpl.java:init(158)) - HddsDatanode metrics system started (again)
2019-09-24 04:21:01,968 [main] INFO  ozone.HddsDatanodeService (HddsDatanodeService.java:start(184)) - HddsDatanodeService host:pr-hdds-2034-r6745-1453098948 ip:192.168.151.75
2019-09-24 04:21:01,968 [org.apache.hadoop.util.JvmPauseMonitor$Monitor@9cbf7fe] INFO  util.JvmPauseMonitor (JvmPauseMonitor.java:run(188)) - Starting JVM pause monitor
2019-09-24 04:21:01,969 [Datanode State Machine Thread - 0] INFO  datanode.InitDatanodeState (InitDatanodeState.java:persistContainerDatanodeDetails(140)) - DatanodeDetails is persisted to /workdir/hadoop-ozone/integration-test/target/test-dir/MiniOzoneClusterImpl-70ed5c72-7c79-4e50-93d4-710ad6ee9320/datanode-3/meta/datanode.id
2019-09-24 04:21:01,974 [main] INFO  volume.HddsVolume (HddsVolume.java:<init>(176)) - Creating Volume: /workdir/hadoop-ozone/integration-test/target/test-dir/MiniOzoneClusterImpl-70ed5c72-7c79-4e50-93d4-710ad6ee9320/datanode-4/data/containers/hdds of  storage type : DISK and capacity : 1482555576320
2019-09-24 04:21:01,974 [main] INFO  volume.VolumeSet (VolumeSet.java:initializeVolumeSet(170)) - Added Volume : /workdir/hadoop-ozone/integration-test/target/test-dir/MiniOzoneClusterImpl-70ed5c72-7c79-4e50-93d4-710ad6ee9320/datanode-4/data/containers/hdds to VolumeSet
2019-09-24 04:21:01,974 [main] INFO  volume.ThrottledAsyncChecker (ThrottledAsyncChecker.java:schedule(139)) - Scheduling a check for org.apache.hadoop.ozone.container.common.volume.HddsVolume@125f16b2
2019-09-24 04:21:01,975 [main] INFO  volume.HddsVolumeChecker (HddsVolumeChecker.java:checkAllVolumes(202)) - Scheduled health check for volume org.apache.hadoop.ozone.container.common.volume.HddsVolume@125f16b2
2019-09-24 04:21:01,988 [main] INFO  impl.RaftServerProxy (ConfUtils.java:logGet(43)) - raft.rpc.type = GRPC (default)
2019-09-24 04:21:01,988 [main] INFO  grpc.GrpcFactory (GrpcFactory.java:checkPooledByteBufAllocatorUseCacheForAllThreads(45)) - PERFORMANCE WARNING: useCacheForAllThreads is true that may cause Netty to create a lot garbage objects and, as a result, trigger GC.
	It is recommended to disable useCacheForAllThreads by setting -Dorg.apache.ratis.thirdparty.io.netty.allocator.useCacheForAllThreads=false in command line.
2019-09-24 04:21:01,988 [main] INFO  grpc.GrpcConfigKeys$Server (ConfUtils.java:logGet(43)) - raft.grpc.server.port = 0 (default)
2019-09-24 04:21:01,988 [main] INFO  server.GrpcService (ConfUtils.java:logGet(43)) - raft.grpc.message.size.max = 33570816 (custom)
2019-09-24 04:21:01,988 [main] INFO  server.RaftServerConfigKeys (ConfUtils.java:logGet(43)) - raft.server.log.appender.buffer.byte-limit = 33554432 (custom)
2019-09-24 04:21:01,988 [main] INFO  server.GrpcService (ConfUtils.java:logGet(43)) - raft.grpc.flow.control.window = 1MB (=1048576) (default)
2019-09-24 04:21:01,989 [main] INFO  server.RaftServerConfigKeys (ConfUtils.java:logGet(43)) - raft.server.rpc.request.timeout = 3000ms (default)
2019-09-24 04:21:01,989 [main] INFO  server.RaftServerConfigKeys (ConfUtils.java:logGet(43)) - raft.server.storage.dir = [/workdir/hadoop-ozone/integration-test/target/test-dir/MiniOzoneClusterImpl-70ed5c72-7c79-4e50-93d4-710ad6ee9320/datanode-4/data/ratis] (custom)
2019-09-24 04:21:01,990 [main] INFO  hdfs.DFSUtil (DFSUtil.java:httpServerTemplateForNNAndJN(1641)) - Starting Web-server for hddsDatanode at: http://0.0.0.0:0
2019-09-24 04:21:01,991 [main] INFO  server.AuthenticationFilter (AuthenticationFilter.java:constructSecretProvider(240)) - Unable to initialize FileSignerSecretProvider, falling back to use random secrets.
2019-09-24 04:21:01,992 [main] WARN  http.HttpRequestLog (HttpRequestLog.java:getRequestLog(97)) - Jetty request log can only be enabled using Log4j
2019-09-24 04:21:01,993 [main] INFO  http.HttpServer2 (HttpServer2.java:addGlobalFilter(975)) - Added global filter 'safety' (class=org.apache.hadoop.http.HttpServer2$QuotingInputFilter)
2019-09-24 04:21:01,994 [main] INFO  http.HttpServer2 (HttpServer2.java:addFilter(948)) - Added filter static_user_filter (class=org.apache.hadoop.http.lib.StaticUserWebFilter$StaticUserFilter) to context hddsDatanode
2019-09-24 04:21:01,994 [main] INFO  http.HttpServer2 (HttpServer2.java:addFilter(958)) - Added filter static_user_filter (class=org.apache.hadoop.http.lib.StaticUserWebFilter$StaticUserFilter) to context logs
2019-09-24 04:21:01,994 [main] INFO  http.HttpServer2 (HttpServer2.java:addFilter(958)) - Added filter static_user_filter (class=org.apache.hadoop.http.lib.StaticUserWebFilter$StaticUserFilter) to context static
2019-09-24 04:21:01,994 [main] INFO  http.HttpServer2 (HttpServer2.java:bindListener(1191)) - Jetty bound to port 38091
2019-09-24 04:21:01,995 [main] INFO  server.Server (Server.java:doStart(351)) - jetty-9.3.25.v20180904, build timestamp: 2018-09-04T21:11:46Z, git hash: 3ce520221d0240229c862b122d2b06c12a625732
2019-09-24 04:21:01,996 [main] INFO  handler.ContextHandler (ContextHandler.java:doStart(781)) - Started o.e.j.s.ServletContextHandler@87f501f{/logs,file:///workdir/hadoop-ozone/integration-test/target/log,AVAILABLE}
2019-09-24 04:21:01,996 [main] INFO  handler.ContextHandler (ContextHandler.java:doStart(781)) - Started o.e.j.s.ServletContextHandler@67c6f4d8{/static,jar:file:/home/user/.m2/repository/org/apache/hadoop/hadoop-hdds-container-service/0.5.0-SNAPSHOT/hadoop-hdds-container-service-0.5.0-SNAPSHOT.jar!/webapps/static,AVAILABLE}
2019-09-24 04:21:02,025 [main] INFO  handler.ContextHandler (ContextHandler.java:doStart(781)) - Started o.e.j.w.WebAppContext@33e3bd2e{/,file:///tmp/jetty-0.0.0.0-38091-hddsDatanode-_-any-2680976093470111749.dir/webapp/,AVAILABLE}{/hddsDatanode}
2019-09-24 04:21:02,025 [main] INFO  server.AbstractConnector (AbstractConnector.java:doStart(278)) - Started ServerConnector@646d810b{HTTP/1.1,[http/1.1]}{0.0.0.0:38091}
2019-09-24 04:21:02,026 [main] INFO  server.Server (Server.java:doStart(419)) - Started @608360ms
2019-09-24 04:21:02,026 [main] WARN  impl.MetricsSystemImpl (MetricsSystemImpl.java:register(276)) - Sink prometheus already exists!
2019-09-24 04:21:02,027 [main] INFO  server.BaseHttpServer (BaseHttpServer.java:updateConnectorAddress(215)) - HTTP server of HDDSDATANODE is listening at http://0.0.0.0:38091
2019-09-24 04:21:02,027 [main] INFO  impl.MetricsSystemImpl (MetricsSystemImpl.java:init(158)) - HddsDatanode metrics system started (again)
2019-09-24 04:21:02,032 [org.apache.hadoop.util.JvmPauseMonitor$Monitor@66fae5e6] INFO  util.JvmPauseMonitor (JvmPauseMonitor.java:run(188)) - Starting JVM pause monitor
2019-09-24 04:21:02,033 [main] INFO  ozone.HddsDatanodeService (HddsDatanodeService.java:start(184)) - HddsDatanodeService host:pr-hdds-2034-r6745-1453098948 ip:192.168.151.75
2019-09-24 04:21:02,033 [Datanode State Machine Thread - 0] INFO  datanode.InitDatanodeState (InitDatanodeState.java:persistContainerDatanodeDetails(140)) - DatanodeDetails is persisted to /workdir/hadoop-ozone/integration-test/target/test-dir/MiniOzoneClusterImpl-70ed5c72-7c79-4e50-93d4-710ad6ee9320/datanode-4/meta/datanode.id
2019-09-24 04:21:02,038 [main] INFO  volume.HddsVolume (HddsVolume.java:<init>(176)) - Creating Volume: /workdir/hadoop-ozone/integration-test/target/test-dir/MiniOzoneClusterImpl-70ed5c72-7c79-4e50-93d4-710ad6ee9320/datanode-5/data/containers/hdds of  storage type : DISK and capacity : 1482555576320
2019-09-24 04:21:02,038 [main] INFO  volume.VolumeSet (VolumeSet.java:initializeVolumeSet(170)) - Added Volume : /workdir/hadoop-ozone/integration-test/target/test-dir/MiniOzoneClusterImpl-70ed5c72-7c79-4e50-93d4-710ad6ee9320/datanode-5/data/containers/hdds to VolumeSet
2019-09-24 04:21:02,038 [main] INFO  volume.ThrottledAsyncChecker (ThrottledAsyncChecker.java:schedule(139)) - Scheduling a check for org.apache.hadoop.ozone.container.common.volume.HddsVolume@7911cc15
2019-09-24 04:21:02,039 [main] INFO  volume.HddsVolumeChecker (HddsVolumeChecker.java:checkAllVolumes(202)) - Scheduled health check for volume org.apache.hadoop.ozone.container.common.volume.HddsVolume@7911cc15
2019-09-24 04:21:02,051 [main] INFO  impl.RaftServerProxy (ConfUtils.java:logGet(43)) - raft.rpc.type = GRPC (default)
2019-09-24 04:21:02,051 [main] INFO  grpc.GrpcFactory (GrpcFactory.java:checkPooledByteBufAllocatorUseCacheForAllThreads(45)) - PERFORMANCE WARNING: useCacheForAllThreads is true that may cause Netty to create a lot garbage objects and, as a result, trigger GC.
	It is recommended to disable useCacheForAllThreads by setting -Dorg.apache.ratis.thirdparty.io.netty.allocator.useCacheForAllThreads=false in command line.
2019-09-24 04:21:02,051 [main] INFO  grpc.GrpcConfigKeys$Server (ConfUtils.java:logGet(43)) - raft.grpc.server.port = 0 (default)
2019-09-24 04:21:02,051 [main] INFO  server.GrpcService (ConfUtils.java:logGet(43)) - raft.grpc.message.size.max = 33570816 (custom)
2019-09-24 04:21:02,052 [main] INFO  server.RaftServerConfigKeys (ConfUtils.java:logGet(43)) - raft.server.log.appender.buffer.byte-limit = 33554432 (custom)
2019-09-24 04:21:02,052 [main] INFO  server.GrpcService (ConfUtils.java:logGet(43)) - raft.grpc.flow.control.window = 1MB (=1048576) (default)
2019-09-24 04:21:02,052 [main] INFO  server.RaftServerConfigKeys (ConfUtils.java:logGet(43)) - raft.server.rpc.request.timeout = 3000ms (default)
2019-09-24 04:21:02,052 [main] INFO  server.RaftServerConfigKeys (ConfUtils.java:logGet(43)) - raft.server.storage.dir = [/workdir/hadoop-ozone/integration-test/target/test-dir/MiniOzoneClusterImpl-70ed5c72-7c79-4e50-93d4-710ad6ee9320/datanode-5/data/ratis] (custom)
2019-09-24 04:21:02,053 [main] INFO  hdfs.DFSUtil (DFSUtil.java:httpServerTemplateForNNAndJN(1641)) - Starting Web-server for hddsDatanode at: http://0.0.0.0:0
2019-09-24 04:21:02,054 [main] INFO  server.AuthenticationFilter (AuthenticationFilter.java:constructSecretProvider(240)) - Unable to initialize FileSignerSecretProvider, falling back to use random secrets.
2019-09-24 04:21:02,055 [main] WARN  http.HttpRequestLog (HttpRequestLog.java:getRequestLog(97)) - Jetty request log can only be enabled using Log4j
2019-09-24 04:21:02,056 [main] INFO  http.HttpServer2 (HttpServer2.java:addGlobalFilter(975)) - Added global filter 'safety' (class=org.apache.hadoop.http.HttpServer2$QuotingInputFilter)
2019-09-24 04:21:02,056 [main] INFO  http.HttpServer2 (HttpServer2.java:addFilter(948)) - Added filter static_user_filter (class=org.apache.hadoop.http.lib.StaticUserWebFilter$StaticUserFilter) to context hddsDatanode
2019-09-24 04:21:02,056 [main] INFO  http.HttpServer2 (HttpServer2.java:addFilter(958)) - Added filter static_user_filter (class=org.apache.hadoop.http.lib.StaticUserWebFilter$StaticUserFilter) to context static
2019-09-24 04:21:02,056 [main] INFO  http.HttpServer2 (HttpServer2.java:addFilter(958)) - Added filter static_user_filter (class=org.apache.hadoop.http.lib.StaticUserWebFilter$StaticUserFilter) to context logs
2019-09-24 04:21:02,057 [main] INFO  http.HttpServer2 (HttpServer2.java:bindListener(1191)) - Jetty bound to port 35155
2019-09-24 04:21:02,057 [main] INFO  server.Server (Server.java:doStart(351)) - jetty-9.3.25.v20180904, build timestamp: 2018-09-04T21:11:46Z, git hash: 3ce520221d0240229c862b122d2b06c12a625732
2019-09-24 04:21:02,058 [main] INFO  handler.ContextHandler (ContextHandler.java:doStart(781)) - Started o.e.j.s.ServletContextHandler@7b297740{/logs,file:///workdir/hadoop-ozone/integration-test/target/log,AVAILABLE}
2019-09-24 04:21:02,059 [main] INFO  handler.ContextHandler (ContextHandler.java:doStart(781)) - Started o.e.j.s.ServletContextHandler@57ce2898{/static,jar:file:/home/user/.m2/repository/org/apache/hadoop/hadoop-hdds-container-service/0.5.0-SNAPSHOT/hadoop-hdds-container-service-0.5.0-SNAPSHOT.jar!/webapps/static,AVAILABLE}
2019-09-24 04:21:02,087 [main] INFO  handler.ContextHandler (ContextHandler.java:doStart(781)) - Started o.e.j.w.WebAppContext@2f4d32bf{/,file:///tmp/jetty-0.0.0.0-35155-hddsDatanode-_-any-1231686224175664401.dir/webapp/,AVAILABLE}{/hddsDatanode}
2019-09-24 04:21:02,088 [main] INFO  server.AbstractConnector (AbstractConnector.java:doStart(278)) - Started ServerConnector@774d8276{HTTP/1.1,[http/1.1]}{0.0.0.0:35155}
2019-09-24 04:21:02,089 [main] INFO  server.Server (Server.java:doStart(419)) - Started @608423ms
2019-09-24 04:21:02,089 [main] WARN  impl.MetricsSystemImpl (MetricsSystemImpl.java:register(276)) - Sink prometheus already exists!
2019-09-24 04:21:02,090 [main] INFO  server.BaseHttpServer (BaseHttpServer.java:updateConnectorAddress(215)) - HTTP server of HDDSDATANODE is listening at http://0.0.0.0:35155
2019-09-24 04:21:02,090 [main] INFO  impl.MetricsSystemImpl (MetricsSystemImpl.java:init(158)) - HddsDatanode metrics system started (again)
2019-09-24 04:21:02,095 [org.apache.hadoop.util.JvmPauseMonitor$Monitor@8926083] INFO  util.JvmPauseMonitor (JvmPauseMonitor.java:run(188)) - Starting JVM pause monitor
2019-09-24 04:21:02,095 [main] INFO  ozone.HddsDatanodeService (HddsDatanodeService.java:start(184)) - HddsDatanodeService host:pr-hdds-2034-r6745-1453098948 ip:192.168.151.75
2019-09-24 04:21:02,096 [Datanode State Machine Thread - 0] INFO  datanode.InitDatanodeState (InitDatanodeState.java:persistContainerDatanodeDetails(140)) - DatanodeDetails is persisted to /workdir/hadoop-ozone/integration-test/target/test-dir/MiniOzoneClusterImpl-70ed5c72-7c79-4e50-93d4-710ad6ee9320/datanode-5/meta/datanode.id
2019-09-24 04:21:02,101 [main] INFO  volume.HddsVolume (HddsVolume.java:<init>(176)) - Creating Volume: /workdir/hadoop-ozone/integration-test/target/test-dir/MiniOzoneClusterImpl-70ed5c72-7c79-4e50-93d4-710ad6ee9320/datanode-6/data/containers/hdds of  storage type : DISK and capacity : 1482555576320
2019-09-24 04:21:02,101 [main] INFO  volume.VolumeSet (VolumeSet.java:initializeVolumeSet(170)) - Added Volume : /workdir/hadoop-ozone/integration-test/target/test-dir/MiniOzoneClusterImpl-70ed5c72-7c79-4e50-93d4-710ad6ee9320/datanode-6/data/containers/hdds to VolumeSet
2019-09-24 04:21:02,101 [main] INFO  volume.ThrottledAsyncChecker (ThrottledAsyncChecker.java:schedule(139)) - Scheduling a check for org.apache.hadoop.ozone.container.common.volume.HddsVolume@56cfe6be
2019-09-24 04:21:02,102 [main] INFO  volume.HddsVolumeChecker (HddsVolumeChecker.java:checkAllVolumes(202)) - Scheduled health check for volume org.apache.hadoop.ozone.container.common.volume.HddsVolume@56cfe6be
2019-09-24 04:21:02,115 [main] INFO  impl.RaftServerProxy (ConfUtils.java:logGet(43)) - raft.rpc.type = GRPC (default)
2019-09-24 04:21:02,115 [main] INFO  grpc.GrpcFactory (GrpcFactory.java:checkPooledByteBufAllocatorUseCacheForAllThreads(45)) - PERFORMANCE WARNING: useCacheForAllThreads is true that may cause Netty to create a lot garbage objects and, as a result, trigger GC.
	It is recommended to disable useCacheForAllThreads by setting -Dorg.apache.ratis.thirdparty.io.netty.allocator.useCacheForAllThreads=false in command line.
2019-09-24 04:21:02,115 [main] INFO  grpc.GrpcConfigKeys$Server (ConfUtils.java:logGet(43)) - raft.grpc.server.port = 0 (default)
2019-09-24 04:21:02,116 [main] INFO  server.GrpcService (ConfUtils.java:logGet(43)) - raft.grpc.message.size.max = 33570816 (custom)
2019-09-24 04:21:02,116 [main] INFO  server.RaftServerConfigKeys (ConfUtils.java:logGet(43)) - raft.server.log.appender.buffer.byte-limit = 33554432 (custom)
2019-09-24 04:21:02,116 [main] INFO  server.GrpcService (ConfUtils.java:logGet(43)) - raft.grpc.flow.control.window = 1MB (=1048576) (default)
2019-09-24 04:21:02,116 [main] INFO  server.RaftServerConfigKeys (ConfUtils.java:logGet(43)) - raft.server.rpc.request.timeout = 3000ms (default)
2019-09-24 04:21:02,117 [main] INFO  server.RaftServerConfigKeys (ConfUtils.java:logGet(43)) - raft.server.storage.dir = [/workdir/hadoop-ozone/integration-test/target/test-dir/MiniOzoneClusterImpl-70ed5c72-7c79-4e50-93d4-710ad6ee9320/datanode-6/data/ratis] (custom)
2019-09-24 04:21:02,118 [main] INFO  hdfs.DFSUtil (DFSUtil.java:httpServerTemplateForNNAndJN(1641)) - Starting Web-server for hddsDatanode at: http://0.0.0.0:0
2019-09-24 04:21:02,119 [main] INFO  server.AuthenticationFilter (AuthenticationFilter.java:constructSecretProvider(240)) - Unable to initialize FileSignerSecretProvider, falling back to use random secrets.
2019-09-24 04:21:02,119 [main] WARN  http.HttpRequestLog (HttpRequestLog.java:getRequestLog(97)) - Jetty request log can only be enabled using Log4j
2019-09-24 04:21:02,120 [main] INFO  http.HttpServer2 (HttpServer2.java:addGlobalFilter(975)) - Added global filter 'safety' (class=org.apache.hadoop.http.HttpServer2$QuotingInputFilter)
2019-09-24 04:21:02,121 [main] INFO  http.HttpServer2 (HttpServer2.java:addFilter(948)) - Added filter static_user_filter (class=org.apache.hadoop.http.lib.StaticUserWebFilter$StaticUserFilter) to context hddsDatanode
2019-09-24 04:21:02,121 [main] INFO  http.HttpServer2 (HttpServer2.java:addFilter(958)) - Added filter static_user_filter (class=org.apache.hadoop.http.lib.StaticUserWebFilter$StaticUserFilter) to context static
2019-09-24 04:21:02,121 [main] INFO  http.HttpServer2 (HttpServer2.java:addFilter(958)) - Added filter static_user_filter (class=org.apache.hadoop.http.lib.StaticUserWebFilter$StaticUserFilter) to context logs
2019-09-24 04:21:02,122 [main] INFO  http.HttpServer2 (HttpServer2.java:bindListener(1191)) - Jetty bound to port 41329
2019-09-24 04:21:02,122 [main] INFO  server.Server (Server.java:doStart(351)) - jetty-9.3.25.v20180904, build timestamp: 2018-09-04T21:11:46Z, git hash: 3ce520221d0240229c862b122d2b06c12a625732
2019-09-24 04:21:02,123 [main] INFO  handler.ContextHandler (ContextHandler.java:doStart(781)) - Started o.e.j.s.ServletContextHandler@2d22d3b1{/logs,file:///workdir/hadoop-ozone/integration-test/target/log,AVAILABLE}
2019-09-24 04:21:02,124 [main] INFO  handler.ContextHandler (ContextHandler.java:doStart(781)) - Started o.e.j.s.ServletContextHandler@9690008{/static,jar:file:/home/user/.m2/repository/org/apache/hadoop/hadoop-hdds-container-service/0.5.0-SNAPSHOT/hadoop-hdds-container-service-0.5.0-SNAPSHOT.jar!/webapps/static,AVAILABLE}
2019-09-24 04:21:02,153 [main] INFO  handler.ContextHandler (ContextHandler.java:doStart(781)) - Started o.e.j.w.WebAppContext@150fc7a7{/,file:///tmp/jetty-0.0.0.0-41329-hddsDatanode-_-any-3017846869774833684.dir/webapp/,AVAILABLE}{/hddsDatanode}
2019-09-24 04:21:02,153 [main] INFO  server.AbstractConnector (AbstractConnector.java:doStart(278)) - Started ServerConnector@55d8c2c4{HTTP/1.1,[http/1.1]}{0.0.0.0:41329}
2019-09-24 04:21:02,157 [main] INFO  server.Server (Server.java:doStart(419)) - Started @608491ms
2019-09-24 04:21:02,157 [main] WARN  impl.MetricsSystemImpl (MetricsSystemImpl.java:register(276)) - Sink prometheus already exists!
2019-09-24 04:21:02,158 [main] INFO  server.BaseHttpServer (BaseHttpServer.java:updateConnectorAddress(215)) - HTTP server of HDDSDATANODE is listening at http://0.0.0.0:41329
2019-09-24 04:21:02,158 [main] INFO  ozone.MiniOzoneClusterImpl (MiniOzoneClusterImpl.java:lambda$waitForClusterToBeReady$0(150)) - Waiting for nodes to be ready. Got 0 of 7 DN Heartbeats.
2019-09-24 04:21:02,159 [main] INFO  ozone.MiniOzoneClusterImpl (MiniOzoneClusterImpl.java:lambda$waitForClusterToBeReady$0(153)) - Waiting for cluster to exit safe mode
2019-09-24 04:21:02,160 [org.apache.hadoop.util.JvmPauseMonitor$Monitor@6cab840c] INFO  util.JvmPauseMonitor (JvmPauseMonitor.java:run(188)) - Starting JVM pause monitor
2019-09-24 04:21:02,161 [Datanode State Machine Thread - 0] INFO  datanode.InitDatanodeState (InitDatanodeState.java:persistContainerDatanodeDetails(140)) - DatanodeDetails is persisted to /workdir/hadoop-ozone/integration-test/target/test-dir/MiniOzoneClusterImpl-70ed5c72-7c79-4e50-93d4-710ad6ee9320/datanode-6/meta/datanode.id
2019-09-24 04:21:03,159 [main] INFO  ozone.MiniOzoneClusterImpl (MiniOzoneClusterImpl.java:lambda$waitForClusterToBeReady$0(150)) - Waiting for nodes to be ready. Got 0 of 7 DN Heartbeats.
2019-09-24 04:21:03,160 [main] INFO  ozone.MiniOzoneClusterImpl (MiniOzoneClusterImpl.java:lambda$waitForClusterToBeReady$0(153)) - Waiting for cluster to exit safe mode
2019-09-24 04:21:03,834 [Datanode State Machine Thread - 0] INFO  ozoneimpl.OzoneContainer (OzoneContainer.java:start(217)) - Attempting to start container services.
2019-09-24 04:21:03,835 [Datanode State Machine Thread - 0] INFO  ozoneimpl.OzoneContainer (OzoneContainer.java:startContainerScrub(179)) - Background container scanner has been disabled.
2019-09-24 04:21:03,835 [Datanode State Machine Thread - 0] INFO  ratis.XceiverServerRatis (XceiverServerRatis.java:start(411)) - Starting XceiverServerRatis ef134360-ccd0-45a6-96d7-cad815354eed at port 0
2019-09-24 04:21:03,842 [Datanode State Machine Thread - 0] INFO  impl.RaftServerProxy (RaftServerProxy.java:lambda$start$3(299)) - ef134360-ccd0-45a6-96d7-cad815354eed: start RPC server
2019-09-24 04:21:03,845 [Datanode State Machine Thread - 0] INFO  server.GrpcService (GrpcService.java:startImpl(158)) - ef134360-ccd0-45a6-96d7-cad815354eed: GrpcService started, listening on 0.0.0.0/0.0.0.0:46454
2019-09-24 04:21:03,845 [Datanode State Machine Thread - 0] INFO  ratis.XceiverServerRatis (XceiverServerRatis.java:start(421)) - XceiverServerRatis ef134360-ccd0-45a6-96d7-cad815354eed is started using port 46454
2019-09-24 04:21:03,846 [Datanode State Machine Thread - 0] INFO  server.XceiverServerGrpc (XceiverServerGrpc.java:start(149)) - XceiverServerGrpc ef134360-ccd0-45a6-96d7-cad815354eed is started using port 38258
2019-09-24 04:21:03,865 [Datanode State Machine Thread - 0] INFO  ozoneimpl.OzoneContainer (OzoneContainer.java:start(217)) - Attempting to start container services.
2019-09-24 04:21:03,865 [Datanode State Machine Thread - 0] INFO  ozoneimpl.OzoneContainer (OzoneContainer.java:startContainerScrub(179)) - Background container scanner has been disabled.
2019-09-24 04:21:03,865 [Datanode State Machine Thread - 0] INFO  ratis.XceiverServerRatis (XceiverServerRatis.java:start(411)) - Starting XceiverServerRatis e615c22a-d22b-4b15-9ed2-177ac0ba27c8 at port 0
2019-09-24 04:21:03,873 [Datanode State Machine Thread - 0] INFO  impl.RaftServerProxy (RaftServerProxy.java:lambda$start$3(299)) - e615c22a-d22b-4b15-9ed2-177ac0ba27c8: start RPC server
2019-09-24 04:21:03,875 [Datanode State Machine Thread - 0] INFO  server.GrpcService (GrpcService.java:startImpl(158)) - e615c22a-d22b-4b15-9ed2-177ac0ba27c8: GrpcService started, listening on 0.0.0.0/0.0.0.0:43703
2019-09-24 04:21:03,875 [Datanode State Machine Thread - 0] INFO  ratis.XceiverServerRatis (XceiverServerRatis.java:start(421)) - XceiverServerRatis e615c22a-d22b-4b15-9ed2-177ac0ba27c8 is started using port 43703
2019-09-24 04:21:03,876 [Datanode State Machine Thread - 0] INFO  server.XceiverServerGrpc (XceiverServerGrpc.java:start(149)) - XceiverServerGrpc e615c22a-d22b-4b15-9ed2-177ac0ba27c8 is started using port 43932
2019-09-24 04:21:03,921 [Datanode State Machine Thread - 0] INFO  ozoneimpl.OzoneContainer (OzoneContainer.java:start(217)) - Attempting to start container services.
2019-09-24 04:21:03,921 [Datanode State Machine Thread - 0] INFO  ozoneimpl.OzoneContainer (OzoneContainer.java:startContainerScrub(179)) - Background container scanner has been disabled.
2019-09-24 04:21:03,921 [Datanode State Machine Thread - 0] INFO  ratis.XceiverServerRatis (XceiverServerRatis.java:start(411)) - Starting XceiverServerRatis d7be0fc0-2c06-465f-bb8d-ff37d07082c9 at port 0
2019-09-24 04:21:03,929 [Datanode State Machine Thread - 0] INFO  impl.RaftServerProxy (RaftServerProxy.java:lambda$start$3(299)) - d7be0fc0-2c06-465f-bb8d-ff37d07082c9: start RPC server
2019-09-24 04:21:03,931 [Datanode State Machine Thread - 0] INFO  server.GrpcService (GrpcService.java:startImpl(158)) - d7be0fc0-2c06-465f-bb8d-ff37d07082c9: GrpcService started, listening on 0.0.0.0/0.0.0.0:38189
2019-09-24 04:21:03,932 [Datanode State Machine Thread - 0] INFO  ratis.XceiverServerRatis (XceiverServerRatis.java:start(421)) - XceiverServerRatis d7be0fc0-2c06-465f-bb8d-ff37d07082c9 is started using port 38189
2019-09-24 04:21:03,932 [Datanode State Machine Thread - 0] INFO  server.XceiverServerGrpc (XceiverServerGrpc.java:start(149)) - XceiverServerGrpc d7be0fc0-2c06-465f-bb8d-ff37d07082c9 is started using port 36046
2019-09-24 04:21:03,981 [Datanode State Machine Thread - 0] INFO  ozoneimpl.OzoneContainer (OzoneContainer.java:start(217)) - Attempting to start container services.
2019-09-24 04:21:03,981 [Datanode State Machine Thread - 0] INFO  ozoneimpl.OzoneContainer (OzoneContainer.java:startContainerScrub(179)) - Background container scanner has been disabled.
2019-09-24 04:21:03,982 [Datanode State Machine Thread - 0] INFO  ratis.XceiverServerRatis (XceiverServerRatis.java:start(411)) - Starting XceiverServerRatis 6e4d579b-45b2-4620-be61-729cd2425cf8 at port 0
2019-09-24 04:21:03,988 [Datanode State Machine Thread - 0] INFO  impl.RaftServerProxy (RaftServerProxy.java:lambda$start$3(299)) - 6e4d579b-45b2-4620-be61-729cd2425cf8: start RPC server
2019-09-24 04:21:03,991 [Datanode State Machine Thread - 0] INFO  server.GrpcService (GrpcService.java:startImpl(158)) - 6e4d579b-45b2-4620-be61-729cd2425cf8: GrpcService started, listening on 0.0.0.0/0.0.0.0:43112
2019-09-24 04:21:03,991 [Datanode State Machine Thread - 0] INFO  ratis.XceiverServerRatis (XceiverServerRatis.java:start(421)) - XceiverServerRatis 6e4d579b-45b2-4620-be61-729cd2425cf8 is started using port 43112
2019-09-24 04:21:03,991 [Datanode State Machine Thread - 0] INFO  server.XceiverServerGrpc (XceiverServerGrpc.java:start(149)) - XceiverServerGrpc 6e4d579b-45b2-4620-be61-729cd2425cf8 is started using port 37705
2019-09-24 04:21:04,046 [Datanode State Machine Thread - 0] INFO  ozoneimpl.OzoneContainer (OzoneContainer.java:start(217)) - Attempting to start container services.
2019-09-24 04:21:04,046 [Datanode State Machine Thread - 0] INFO  ozoneimpl.OzoneContainer (OzoneContainer.java:startContainerScrub(179)) - Background container scanner has been disabled.
2019-09-24 04:21:04,046 [Datanode State Machine Thread - 0] INFO  ratis.XceiverServerRatis (XceiverServerRatis.java:start(411)) - Starting XceiverServerRatis 43ecf24d-7403-4a92-903b-bd0d080d9eca at port 0
2019-09-24 04:21:04,053 [Datanode State Machine Thread - 0] INFO  impl.RaftServerProxy (RaftServerProxy.java:lambda$start$3(299)) - 43ecf24d-7403-4a92-903b-bd0d080d9eca: start RPC server
2019-09-24 04:21:04,055 [Datanode State Machine Thread - 0] INFO  server.GrpcService (GrpcService.java:startImpl(158)) - 43ecf24d-7403-4a92-903b-bd0d080d9eca: GrpcService started, listening on 0.0.0.0/0.0.0.0:40415
2019-09-24 04:21:04,056 [Datanode State Machine Thread - 0] INFO  ratis.XceiverServerRatis (XceiverServerRatis.java:start(421)) - XceiverServerRatis 43ecf24d-7403-4a92-903b-bd0d080d9eca is started using port 40415
2019-09-24 04:21:04,056 [Datanode State Machine Thread - 0] INFO  server.XceiverServerGrpc (XceiverServerGrpc.java:start(149)) - XceiverServerGrpc 43ecf24d-7403-4a92-903b-bd0d080d9eca is started using port 34857
2019-09-24 04:21:04,108 [Datanode State Machine Thread - 0] INFO  ozoneimpl.OzoneContainer (OzoneContainer.java:start(217)) - Attempting to start container services.
2019-09-24 04:21:04,108 [Datanode State Machine Thread - 0] INFO  ozoneimpl.OzoneContainer (OzoneContainer.java:startContainerScrub(179)) - Background container scanner has been disabled.
2019-09-24 04:21:04,108 [Datanode State Machine Thread - 0] INFO  ratis.XceiverServerRatis (XceiverServerRatis.java:start(411)) - Starting XceiverServerRatis e7f42ddf-a327-4ac1-a3b9-ef80a1bb28b5 at port 0
2019-09-24 04:21:04,114 [Datanode State Machine Thread - 0] INFO  impl.RaftServerProxy (RaftServerProxy.java:lambda$start$3(299)) - e7f42ddf-a327-4ac1-a3b9-ef80a1bb28b5: start RPC server
2019-09-24 04:21:04,115 [Datanode State Machine Thread - 0] INFO  server.GrpcService (GrpcService.java:startImpl(158)) - e7f42ddf-a327-4ac1-a3b9-ef80a1bb28b5: GrpcService started, listening on 0.0.0.0/0.0.0.0:32958
2019-09-24 04:21:04,115 [Datanode State Machine Thread - 0] INFO  ratis.XceiverServerRatis (XceiverServerRatis.java:start(421)) - XceiverServerRatis e7f42ddf-a327-4ac1-a3b9-ef80a1bb28b5 is started using port 32958
2019-09-24 04:21:04,115 [Datanode State Machine Thread - 0] INFO  server.XceiverServerGrpc (XceiverServerGrpc.java:start(149)) - XceiverServerGrpc e7f42ddf-a327-4ac1-a3b9-ef80a1bb28b5 is started using port 40448
2019-09-24 04:21:04,160 [main] INFO  ozone.MiniOzoneClusterImpl (MiniOzoneClusterImpl.java:lambda$waitForClusterToBeReady$0(150)) - Waiting for nodes to be ready. Got 0 of 7 DN Heartbeats.
2019-09-24 04:21:04,161 [main] INFO  ozone.MiniOzoneClusterImpl (MiniOzoneClusterImpl.java:lambda$waitForClusterToBeReady$0(153)) - Waiting for cluster to exit safe mode
2019-09-24 04:21:04,173 [Datanode State Machine Thread - 0] INFO  ozoneimpl.OzoneContainer (OzoneContainer.java:start(217)) - Attempting to start container services.
2019-09-24 04:21:04,173 [Datanode State Machine Thread - 0] INFO  ozoneimpl.OzoneContainer (OzoneContainer.java:startContainerScrub(179)) - Background container scanner has been disabled.
2019-09-24 04:21:04,173 [Datanode State Machine Thread - 0] INFO  ratis.XceiverServerRatis (XceiverServerRatis.java:start(411)) - Starting XceiverServerRatis 37a8a6e9-5e7d-41c2-b68e-c8cb07d77fff at port 0
2019-09-24 04:21:04,181 [Datanode State Machine Thread - 0] INFO  impl.RaftServerProxy (RaftServerProxy.java:lambda$start$3(299)) - 37a8a6e9-5e7d-41c2-b68e-c8cb07d77fff: start RPC server
2019-09-24 04:21:04,182 [Datanode State Machine Thread - 0] INFO  server.GrpcService (GrpcService.java:startImpl(158)) - 37a8a6e9-5e7d-41c2-b68e-c8cb07d77fff: GrpcService started, listening on 0.0.0.0/0.0.0.0:38968
2019-09-24 04:21:04,182 [Datanode State Machine Thread - 0] INFO  ratis.XceiverServerRatis (XceiverServerRatis.java:start(421)) - XceiverServerRatis 37a8a6e9-5e7d-41c2-b68e-c8cb07d77fff is started using port 38968
2019-09-24 04:21:04,182 [Datanode State Machine Thread - 0] INFO  server.XceiverServerGrpc (XceiverServerGrpc.java:start(149)) - XceiverServerGrpc 37a8a6e9-5e7d-41c2-b68e-c8cb07d77fff is started using port 34218
2019-09-24 04:21:05,161 [main] INFO  ozone.MiniOzoneClusterImpl (MiniOzoneClusterImpl.java:lambda$waitForClusterToBeReady$0(150)) - Waiting for nodes to be ready. Got 0 of 7 DN Heartbeats.
2019-09-24 04:21:05,162 [main] INFO  ozone.MiniOzoneClusterImpl (MiniOzoneClusterImpl.java:lambda$waitForClusterToBeReady$0(153)) - Waiting for cluster to exit safe mode
2019-09-24 04:21:05,797 [IPC Server handler 1 on 35768] INFO  net.NetworkTopology (NetworkTopologyImpl.java:add(111)) - Added a new node: /default-rack/ef134360-ccd0-45a6-96d7-cad815354eed
2019-09-24 04:21:05,798 [IPC Server handler 1 on 35768] INFO  node.SCMNodeManager (SCMNodeManager.java:register(266)) - Registered Data node : ef134360-ccd0-45a6-96d7-cad815354eed{ip: 192.168.151.75, host: pr-hdds-2034-r6745-1453098948, networkLocation: /default-rack, certSerialId: null}
2019-09-24 04:21:05,798 [RatisPipelineUtilsThread] INFO  pipeline.RatisPipelineProvider (RatisPipelineProvider.java:lambda$create$4(164)) - Send pipeline:PipelineID=ffa51b14-fbf8-4e7e-8f85-76d5d40148ad create command to datanode ef134360-ccd0-45a6-96d7-cad815354eed
2019-09-24 04:21:05,799 [EventQueue-NodeRegistrationContainerReportForContainerSafeModeRule] INFO  safemode.SCMSafeModeManager (SCMSafeModeManager.java:validateSafeModeExitRules(169)) - ContainerSafeModeRule rule is successfully validated
2019-09-24 04:21:05,799 [EventQueue-NodeRegistrationContainerReportForDataNodeSafeModeRule] INFO  safemode.SCMSafeModeManager (DataNodeSafeModeRule.java:process(71)) - SCM in safe mode. 1 DataNodes registered, 1 required.
2019-09-24 04:21:05,802 [EventQueue-NodeRegistrationContainerReportForDataNodeSafeModeRule] INFO  safemode.SCMSafeModeManager (SCMSafeModeManager.java:validateSafeModeExitRules(169)) - DataNodeSafeModeRule rule is successfully validated
2019-09-24 04:21:05,851 [IPC Server handler 2 on 35768] INFO  net.NetworkTopology (NetworkTopologyImpl.java:add(111)) - Added a new node: /default-rack/e615c22a-d22b-4b15-9ed2-177ac0ba27c8
2019-09-24 04:21:05,851 [IPC Server handler 2 on 35768] INFO  node.SCMNodeManager (SCMNodeManager.java:register(266)) - Registered Data node : e615c22a-d22b-4b15-9ed2-177ac0ba27c8{ip: 192.168.151.75, host: pr-hdds-2034-r6745-1453098948, networkLocation: /default-rack, certSerialId: null}
2019-09-24 04:21:05,852 [EventQueue-NodeRegistrationContainerReportForContainerSafeModeRule] INFO  safemode.SCMSafeModeManager (SCMSafeModeManager.java:validateSafeModeExitRules(169)) - ContainerSafeModeRule rule is successfully validated
2019-09-24 04:21:05,852 [RatisPipelineUtilsThread] INFO  pipeline.RatisPipelineProvider (RatisPipelineProvider.java:lambda$create$4(164)) - Send pipeline:PipelineID=691ebfa7-77ab-44da-b3d5-4be1d04b4bd0 create command to datanode e615c22a-d22b-4b15-9ed2-177ac0ba27c8
2019-09-24 04:21:05,852 [EventQueue-NodeRegistrationContainerReportForDataNodeSafeModeRule] INFO  safemode.SCMSafeModeManager (SCMSafeModeManager.java:validateSafeModeExitRules(169)) - DataNodeSafeModeRule rule is successfully validated
2019-09-24 04:21:05,908 [IPC Server handler 18 on 35768] INFO  net.NetworkTopology (NetworkTopologyImpl.java:add(111)) - Added a new node: /default-rack/d7be0fc0-2c06-465f-bb8d-ff37d07082c9
2019-09-24 04:21:05,909 [IPC Server handler 18 on 35768] INFO  node.SCMNodeManager (SCMNodeManager.java:register(266)) - Registered Data node : d7be0fc0-2c06-465f-bb8d-ff37d07082c9{ip: 192.168.151.75, host: pr-hdds-2034-r6745-1453098948, networkLocation: /default-rack, certSerialId: null}
2019-09-24 04:21:05,909 [RatisPipelineUtilsThread] INFO  pipeline.RatisPipelineProvider (RatisPipelineProvider.java:lambda$create$4(164)) - Send pipeline:PipelineID=776e0871-20f8-4d9a-af15-974e78ec1bb3 create command to datanode d7be0fc0-2c06-465f-bb8d-ff37d07082c9
2019-09-24 04:21:05,909 [EventQueue-NodeRegistrationContainerReportForContainerSafeModeRule] INFO  safemode.SCMSafeModeManager (SCMSafeModeManager.java:validateSafeModeExitRules(169)) - ContainerSafeModeRule rule is successfully validated
2019-09-24 04:21:05,909 [EventQueue-NodeRegistrationContainerReportForDataNodeSafeModeRule] INFO  safemode.SCMSafeModeManager (SCMSafeModeManager.java:validateSafeModeExitRules(169)) - DataNodeSafeModeRule rule is successfully validated
2019-09-24 04:21:05,910 [RatisPipelineUtilsThread] INFO  pipeline.RatisPipelineProvider (RatisPipelineProvider.java:lambda$create$4(164)) - Send pipeline:PipelineID=0a412a69-75ec-432a-b23d-5367271002a7 create command to datanode ef134360-ccd0-45a6-96d7-cad815354eed
2019-09-24 04:21:05,910 [RatisPipelineUtilsThread] INFO  pipeline.RatisPipelineProvider (RatisPipelineProvider.java:lambda$create$4(164)) - Send pipeline:PipelineID=0a412a69-75ec-432a-b23d-5367271002a7 create command to datanode d7be0fc0-2c06-465f-bb8d-ff37d07082c9
2019-09-24 04:21:05,910 [RatisPipelineUtilsThread] INFO  pipeline.RatisPipelineProvider (RatisPipelineProvider.java:lambda$create$4(164)) - Send pipeline:PipelineID=0a412a69-75ec-432a-b23d-5367271002a7 create command to datanode e615c22a-d22b-4b15-9ed2-177ac0ba27c8
2019-09-24 04:21:05,968 [IPC Server handler 16 on 35768] INFO  net.NetworkTopology (NetworkTopologyImpl.java:add(111)) - Added a new node: /default-rack/6e4d579b-45b2-4620-be61-729cd2425cf8
2019-09-24 04:21:05,968 [IPC Server handler 16 on 35768] INFO  node.SCMNodeManager (SCMNodeManager.java:register(266)) - Registered Data node : 6e4d579b-45b2-4620-be61-729cd2425cf8{ip: 192.168.151.75, host: pr-hdds-2034-r6745-1453098948, networkLocation: /default-rack, certSerialId: null}
2019-09-24 04:21:05,969 [EventQueue-NodeRegistrationContainerReportForDataNodeSafeModeRule] INFO  safemode.SCMSafeModeManager (SCMSafeModeManager.java:validateSafeModeExitRules(169)) - DataNodeSafeModeRule rule is successfully validated
2019-09-24 04:21:05,969 [RatisPipelineUtilsThread] INFO  pipeline.RatisPipelineProvider (RatisPipelineProvider.java:lambda$create$4(164)) - Send pipeline:PipelineID=adbf3db4-836f-44db-b4a9-0ef5f165b4b4 create command to datanode 6e4d579b-45b2-4620-be61-729cd2425cf8
2019-09-24 04:21:05,969 [EventQueue-NodeRegistrationContainerReportForContainerSafeModeRule] INFO  safemode.SCMSafeModeManager (SCMSafeModeManager.java:validateSafeModeExitRules(169)) - ContainerSafeModeRule rule is successfully validated
2019-09-24 04:21:06,032 [IPC Server handler 17 on 35768] INFO  net.NetworkTopology (NetworkTopologyImpl.java:add(111)) - Added a new node: /default-rack/43ecf24d-7403-4a92-903b-bd0d080d9eca
2019-09-24 04:21:06,033 [IPC Server handler 17 on 35768] INFO  node.SCMNodeManager (SCMNodeManager.java:register(266)) - Registered Data node : 43ecf24d-7403-4a92-903b-bd0d080d9eca{ip: 192.168.151.75, host: pr-hdds-2034-r6745-1453098948, networkLocation: /default-rack, certSerialId: null}
2019-09-24 04:21:06,033 [RatisPipelineUtilsThread] INFO  pipeline.RatisPipelineProvider (RatisPipelineProvider.java:lambda$create$4(164)) - Send pipeline:PipelineID=946b1ca3-b3a0-4306-ba1d-53364e9dac19 create command to datanode 43ecf24d-7403-4a92-903b-bd0d080d9eca
2019-09-24 04:21:06,033 [EventQueue-NodeRegistrationContainerReportForContainerSafeModeRule] INFO  safemode.SCMSafeModeManager (SCMSafeModeManager.java:validateSafeModeExitRules(169)) - ContainerSafeModeRule rule is successfully validated
2019-09-24 04:21:06,033 [EventQueue-NodeRegistrationContainerReportForDataNodeSafeModeRule] INFO  safemode.SCMSafeModeManager (SCMSafeModeManager.java:validateSafeModeExitRules(169)) - DataNodeSafeModeRule rule is successfully validated
2019-09-24 04:21:06,095 [IPC Server handler 19 on 35768] INFO  net.NetworkTopology (NetworkTopologyImpl.java:add(111)) - Added a new node: /default-rack/e7f42ddf-a327-4ac1-a3b9-ef80a1bb28b5
2019-09-24 04:21:06,095 [IPC Server handler 19 on 35768] INFO  node.SCMNodeManager (SCMNodeManager.java:register(266)) - Registered Data node : e7f42ddf-a327-4ac1-a3b9-ef80a1bb28b5{ip: 192.168.151.75, host: pr-hdds-2034-r6745-1453098948, networkLocation: /default-rack, certSerialId: null}
2019-09-24 04:21:06,096 [EventQueue-NodeRegistrationContainerReportForDataNodeSafeModeRule] INFO  safemode.SCMSafeModeManager (SCMSafeModeManager.java:validateSafeModeExitRules(169)) - DataNodeSafeModeRule rule is successfully validated
2019-09-24 04:21:06,096 [RatisPipelineUtilsThread] INFO  pipeline.RatisPipelineProvider (RatisPipelineProvider.java:lambda$create$4(164)) - Send pipeline:PipelineID=0765036a-339c-43da-9fc3-4e02d81bf771 create command to datanode e7f42ddf-a327-4ac1-a3b9-ef80a1bb28b5
2019-09-24 04:21:06,096 [EventQueue-NodeRegistrationContainerReportForContainerSafeModeRule] INFO  safemode.SCMSafeModeManager (SCMSafeModeManager.java:validateSafeModeExitRules(169)) - ContainerSafeModeRule rule is successfully validated
2019-09-24 04:21:06,100 [RatisPipelineUtilsThread] INFO  pipeline.RatisPipelineProvider (RatisPipelineProvider.java:lambda$create$4(164)) - Send pipeline:PipelineID=3dd83e0d-84fc-43de-b71d-5c556b373b53 create command to datanode 43ecf24d-7403-4a92-903b-bd0d080d9eca
2019-09-24 04:21:06,100 [RatisPipelineUtilsThread] INFO  pipeline.RatisPipelineProvider (RatisPipelineProvider.java:lambda$create$4(164)) - Send pipeline:PipelineID=3dd83e0d-84fc-43de-b71d-5c556b373b53 create command to datanode 6e4d579b-45b2-4620-be61-729cd2425cf8
2019-09-24 04:21:06,100 [RatisPipelineUtilsThread] INFO  pipeline.RatisPipelineProvider (RatisPipelineProvider.java:lambda$create$4(164)) - Send pipeline:PipelineID=3dd83e0d-84fc-43de-b71d-5c556b373b53 create command to datanode e7f42ddf-a327-4ac1-a3b9-ef80a1bb28b5
2019-09-24 04:21:06,161 [IPC Server handler 1 on 35768] INFO  net.NetworkTopology (NetworkTopologyImpl.java:add(111)) - Added a new node: /default-rack/37a8a6e9-5e7d-41c2-b68e-c8cb07d77fff
2019-09-24 04:21:06,161 [IPC Server handler 1 on 35768] INFO  node.SCMNodeManager (SCMNodeManager.java:register(266)) - Registered Data node : 37a8a6e9-5e7d-41c2-b68e-c8cb07d77fff{ip: 192.168.151.75, host: pr-hdds-2034-r6745-1453098948, networkLocation: /default-rack, certSerialId: null}
2019-09-24 04:21:06,161 [RatisPipelineUtilsThread] INFO  pipeline.RatisPipelineProvider (RatisPipelineProvider.java:lambda$create$4(164)) - Send pipeline:PipelineID=ec73b2cb-d1ee-4373-be6f-82a3a0d9fed9 create command to datanode 37a8a6e9-5e7d-41c2-b68e-c8cb07d77fff
2019-09-24 04:21:06,161 [EventQueue-NodeRegistrationContainerReportForDataNodeSafeModeRule] INFO  safemode.SCMSafeModeManager (SCMSafeModeManager.java:validateSafeModeExitRules(169)) - DataNodeSafeModeRule rule is successfully validated
2019-09-24 04:21:06,161 [EventQueue-NodeRegistrationContainerReportForContainerSafeModeRule] INFO  safemode.SCMSafeModeManager (SCMSafeModeManager.java:validateSafeModeExitRules(169)) - ContainerSafeModeRule rule is successfully validated
2019-09-24 04:21:06,162 [main] INFO  ozone.MiniOzoneClusterImpl (MiniOzoneClusterImpl.java:lambda$waitForClusterToBeReady$0(150)) - Nodes are ready. Got 7 of 7 DN Heartbeats.
2019-09-24 04:21:06,162 [main] INFO  ozone.MiniOzoneClusterImpl (MiniOzoneClusterImpl.java:lambda$waitForClusterToBeReady$0(153)) - Waiting for cluster to exit safe mode
2019-09-24 04:21:07,163 [main] INFO  ozone.MiniOzoneClusterImpl (MiniOzoneClusterImpl.java:lambda$waitForClusterToBeReady$0(150)) - Nodes are ready. Got 7 of 7 DN Heartbeats.
2019-09-24 04:21:07,163 [main] INFO  ozone.MiniOzoneClusterImpl (MiniOzoneClusterImpl.java:lambda$waitForClusterToBeReady$0(153)) - Waiting for cluster to exit safe mode
2019-09-24 04:21:08,165 [main] INFO  ozone.MiniOzoneClusterImpl (MiniOzoneClusterImpl.java:lambda$waitForClusterToBeReady$0(150)) - Nodes are ready. Got 7 of 7 DN Heartbeats.
2019-09-24 04:21:08,165 [main] INFO  ozone.MiniOzoneClusterImpl (MiniOzoneClusterImpl.java:lambda$waitForClusterToBeReady$0(153)) - Waiting for cluster to exit safe mode
2019-09-24 04:21:08,805 [grpc-default-executor-8] INFO  impl.RaftServerProxy (RaftServerProxy.java:addNew(89)) - ef134360-ccd0-45a6-96d7-cad815354eed: addNew group-76D5D40148AD:[ef134360-ccd0-45a6-96d7-cad815354eed:192.168.151.75:46454] returns group-76D5D40148AD:java.util.concurrent.CompletableFuture@f7e1add[Not completed]
2019-09-24 04:21:08,808 [pool-409-thread-1] INFO  impl.RaftServerImpl (RaftServerImpl.java:<init>(95)) - ef134360-ccd0-45a6-96d7-cad815354eed: new RaftServerImpl for group-76D5D40148AD:[ef134360-ccd0-45a6-96d7-cad815354eed:192.168.151.75:46454] with ContainerStateMachine:uninitialized
2019-09-24 04:21:08,809 [pool-409-thread-1] INFO  server.RaftServerConfigKeys (ConfUtils.java:logGet(43)) - raft.server.rpc.timeout.min = 5s (custom)
2019-09-24 04:21:08,809 [pool-409-thread-1] INFO  server.RaftServerConfigKeys (ConfUtils.java:logGet(43)) - raft.server.rpc.timeout.max = 5200ms (custom)
2019-09-24 04:21:08,809 [pool-409-thread-1] INFO  server.RaftServerConfigKeys (ConfUtils.java:logGet(43)) - raft.server.rpcslowness.timeout = 120s (custom)
2019-09-24 04:21:08,809 [pool-409-thread-1] INFO  server.RaftServerConfigKeys (ConfUtils.java:logGet(43)) - raft.server.sleep.deviation.threshold = 300 (default)
2019-09-24 04:21:08,809 [pool-409-thread-1] INFO  server.RaftServerConfigKeys (ConfUtils.java:logGet(43)) - raft.server.log.appender.install.snapshot.enabled = false (custom)
2019-09-24 04:21:08,810 [pool-409-thread-1] INFO  impl.RaftServerImpl (ServerState.java:<init>(103)) - ef134360-ccd0-45a6-96d7-cad815354eed@group-76D5D40148AD: ConfigurationManager, init=-1: [ef134360-ccd0-45a6-96d7-cad815354eed:192.168.151.75:46454], old=null, confs=<EMPTY_MAP>
2019-09-24 04:21:08,810 [pool-409-thread-1] INFO  server.RaftServerConfigKeys (ConfUtils.java:logGet(43)) - raft.server.storage.dir = [/workdir/hadoop-ozone/integration-test/target/test-dir/MiniOzoneClusterImpl-70ed5c72-7c79-4e50-93d4-710ad6ee9320/datanode-0/data/ratis] (custom)
2019-09-24 04:21:08,811 [pool-409-thread-1] INFO  storage.RaftStorageDirectory (RaftStorageDirectory.java:analyzeStorage(246)) - The storage directory /workdir/hadoop-ozone/integration-test/target/test-dir/MiniOzoneClusterImpl-70ed5c72-7c79-4e50-93d4-710ad6ee9320/datanode-0/data/ratis/ffa51b14-fbf8-4e7e-8f85-76d5d40148ad does not exist. Creating ...
2019-09-24 04:21:08,824 [pool-409-thread-1] INFO  storage.RaftStorageDirectory (RaftStorageDirectory.java:tryLock(328)) - Lock on /workdir/hadoop-ozone/integration-test/target/test-dir/MiniOzoneClusterImpl-70ed5c72-7c79-4e50-93d4-710ad6ee9320/datanode-0/data/ratis/ffa51b14-fbf8-4e7e-8f85-76d5d40148ad/in_use.lock acquired by nodename 22927@pr-hdds-2034-r6745-1453098948
2019-09-24 04:21:08,838 [pool-409-thread-1] INFO  storage.RaftStorage (RaftStorage.java:format(72)) - Storage directory /workdir/hadoop-ozone/integration-test/target/test-dir/MiniOzoneClusterImpl-70ed5c72-7c79-4e50-93d4-710ad6ee9320/datanode-0/data/ratis/ffa51b14-fbf8-4e7e-8f85-76d5d40148ad has been successfully formatted.
2019-09-24 04:21:08,838 [pool-409-thread-1] INFO  ratis.ContainerStateMachine (ContainerStateMachine.java:loadSnapshot(230)) - group-76D5D40148AD: The snapshot info is null. Setting the last applied indexto:(t:0, i:~)
2019-09-24 04:21:08,839 [pool-409-thread-1] INFO  server.RaftServerConfigKeys (ConfUtils.java:logGet(43)) - raft.server.notification.no-leader.timeout = 120s (custom)
2019-09-24 04:21:08,839 [pool-409-thread-1] INFO  server.RaftServerConfigKeys (ConfUtils.java:logGet(43)) - raft.server.log.use.memory = false (default)
2019-09-24 04:21:08,839 [pool-409-thread-1] INFO  server.RaftServerConfigKeys (ConfUtils.java:logGet(43)) - raft.server.log.purge.gap = 1000000 (custom)
2019-09-24 04:21:08,839 [pool-409-thread-1] INFO  server.RaftServerConfigKeys (ConfUtils.java:logGet(43)) - raft.server.log.appender.buffer.byte-limit = 33554432 (custom)
2019-09-24 04:21:08,839 [pool-409-thread-1] INFO  server.RaftServerConfigKeys (ConfUtils.java:logGet(43)) - raft.server.log.segment.size.max = 1048576 (custom)
2019-09-24 04:21:08,840 [pool-409-thread-1] INFO  server.RaftServerConfigKeys (ConfUtils.java:logGet(43)) - raft.server.log.segment.cache.num.max = 2 (custom)
2019-09-24 04:21:08,840 [pool-409-thread-1] INFO  segmented.SegmentedRaftLogWorker (SegmentedRaftLogWorker.java:<init>(172)) - new ef134360-ccd0-45a6-96d7-cad815354eed@group-76D5D40148AD-SegmentedRaftLogWorker for RaftStorage:Storage Directory /workdir/hadoop-ozone/integration-test/target/test-dir/MiniOzoneClusterImpl-70ed5c72-7c79-4e50-93d4-710ad6ee9320/datanode-0/data/ratis/ffa51b14-fbf8-4e7e-8f85-76d5d40148ad
2019-09-24 04:21:08,842 [pool-409-thread-1] INFO  server.RaftServerConfigKeys (ConfUtils.java:logGet(43)) - raft.server.log.queue.byte-limit = 2147483647 (custom)
2019-09-24 04:21:08,842 [pool-409-thread-1] INFO  server.RaftServerConfigKeys (ConfUtils.java:logGet(43)) - raft.server.log.queue.element-limit = 1024 (custom)
2019-09-24 04:21:08,843 [pool-409-thread-1] INFO  server.RaftServerConfigKeys (ConfUtils.java:logGet(43)) - raft.server.log.segment.size.max = 1048576 (custom)
2019-09-24 04:21:08,843 [pool-409-thread-1] INFO  server.RaftServerConfigKeys (ConfUtils.java:logGet(43)) - raft.server.log.preallocated.size = 16384 (custom)
2019-09-24 04:21:08,843 [pool-409-thread-1] INFO  server.RaftServerConfigKeys (ConfUtils.java:logGet(43)) - raft.server.log.write.buffer.size = 33554432 (custom)
2019-09-24 04:21:08,843 [pool-409-thread-1] INFO  server.RaftServerConfigKeys (ConfUtils.java:logGet(43)) - raft.server.log.force.sync.num = 128 (default)
2019-09-24 04:21:08,843 [pool-409-thread-1] INFO  server.RaftServerConfigKeys (ConfUtils.java:logGet(43)) - raft.server.log.statemachine.data.sync = true (default)
2019-09-24 04:21:08,843 [pool-409-thread-1] INFO  server.RaftServerConfigKeys (ConfUtils.java:logGet(43)) - raft.server.log.statemachine.data.sync.timeout = 10s (default)
2019-09-24 04:21:08,843 [pool-409-thread-1] INFO  server.RaftServerConfigKeys (ConfUtils.java:logGet(43)) - raft.server.log.statemachine.data.sync.timeout.retry = -1 (default)
2019-09-24 04:21:08,844 [pool-409-thread-1] INFO  server.RaftServerConfigKeys (ConfUtils.java:logGet(43)) - raft.server.log.statemachine.data.caching.enabled = true (custom)
2019-09-24 04:21:08,844 [pool-409-thread-1] INFO  segmented.SegmentedRaftLogWorker (SegmentedRaftLogWorker.java:lambda$new$0(132)) - ef134360-ccd0-45a6-96d7-cad815354eed@group-76D5D40148AD-SegmentedRaftLogWorker: flushIndex: setUnconditionally 0 -> -1
2019-09-24 04:21:08,845 [pool-409-thread-1] INFO  server.RaftServerConfigKeys (ConfUtils.java:logGet(43)) - raft.server.snapshot.auto.trigger.enabled = true (custom)
2019-09-24 04:21:08,845 [pool-409-thread-1] INFO  server.RaftServerConfigKeys (ConfUtils.java:logGet(43)) - raft.server.snapshot.auto.trigger.threshold = 10000 (custom)
2019-09-24 04:21:08,845 [pool-409-thread-1] INFO  server.RaftServerConfigKeys (ConfUtils.java:logGet(43)) - raft.server.snapshot.retention.num.files = 5 (custom)
2019-09-24 04:21:08,845 [pool-409-thread-1] INFO  server.RaftServerConfigKeys (ConfUtils.java:logGet(43)) - raft.server.retrycache.expirytime = 600000ms (custom)
2019-09-24 04:21:08,848 [pool-409-thread-1] INFO  impl.RaftServerImpl (RaftServerImpl.java:start(185)) - ef134360-ccd0-45a6-96d7-cad815354eed@group-76D5D40148AD: start as a follower, conf=-1: [ef134360-ccd0-45a6-96d7-cad815354eed:192.168.151.75:46454], old=null
2019-09-24 04:21:08,849 [pool-409-thread-1] INFO  impl.RaftServerImpl (RaftServerImpl.java:setRole(174)) - ef134360-ccd0-45a6-96d7-cad815354eed@group-76D5D40148AD: changes role from      null to FOLLOWER at term 0 for startAsFollower
2019-09-24 04:21:08,849 [pool-409-thread-1] INFO  impl.RoleInfo (RoleInfo.java:updateAndGet(143)) - ef134360-ccd0-45a6-96d7-cad815354eed: start FollowerState
2019-09-24 04:21:08,850 [pool-409-thread-1] INFO  util.JmxRegister (JmxRegister.java:tryRegister(44)) - Successfully registered JMX Bean with object name Ratis:service=RaftServer,group=group-76D5D40148AD,id=ef134360-ccd0-45a6-96d7-cad815354eed
2019-09-24 04:21:08,852 [Command processor thread] INFO  commandhandler.CreatePipelineCommandHandler (CreatePipelineCommandHandler.java:handle(116)) - Create Pipeline RATIS ONE #PipelineID=ffa51b14-fbf8-4e7e-8f85-76d5d40148ad command succeed on datanode ef134360-ccd0-45a6-96d7-cad815354eed.
2019-09-24 04:21:08,859 [grpc-default-executor-8] INFO  impl.RaftServerProxy (RaftServerProxy.java:addNew(89)) - e615c22a-d22b-4b15-9ed2-177ac0ba27c8: addNew group-4BE1D04B4BD0:[e615c22a-d22b-4b15-9ed2-177ac0ba27c8:192.168.151.75:43703] returns group-4BE1D04B4BD0:java.util.concurrent.CompletableFuture@39d20803[Not completed]
2019-09-24 04:21:08,861 [grpc-default-executor-5] INFO  impl.RaftServerProxy (RaftServerProxy.java:addNew(89)) - ef134360-ccd0-45a6-96d7-cad815354eed: addNew group-5367271002A7:[ef134360-ccd0-45a6-96d7-cad815354eed:192.168.151.75:46454, d7be0fc0-2c06-465f-bb8d-ff37d07082c9:192.168.151.75:38189, e615c22a-d22b-4b15-9ed2-177ac0ba27c8:192.168.151.75:43703] returns group-5367271002A7:java.util.concurrent.CompletableFuture@6209650b[Not completed]
2019-09-24 04:21:08,862 [pool-419-thread-1] INFO  impl.RaftServerImpl (RaftServerImpl.java:<init>(95)) - e615c22a-d22b-4b15-9ed2-177ac0ba27c8: new RaftServerImpl for group-4BE1D04B4BD0:[e615c22a-d22b-4b15-9ed2-177ac0ba27c8:192.168.151.75:43703] with ContainerStateMachine:uninitialized
2019-09-24 04:21:08,862 [pool-419-thread-1] INFO  server.RaftServerConfigKeys (ConfUtils.java:logGet(43)) - raft.server.rpc.timeout.min = 5s (custom)
2019-09-24 04:21:08,862 [pool-419-thread-1] INFO  server.RaftServerConfigKeys (ConfUtils.java:logGet(43)) - raft.server.rpc.timeout.max = 5200ms (custom)
2019-09-24 04:21:08,862 [pool-419-thread-1] INFO  server.RaftServerConfigKeys (ConfUtils.java:logGet(43)) - raft.server.rpcslowness.timeout = 120s (custom)
2019-09-24 04:21:08,862 [pool-419-thread-1] INFO  server.RaftServerConfigKeys (ConfUtils.java:logGet(43)) - raft.server.sleep.deviation.threshold = 300 (default)
2019-09-24 04:21:08,862 [pool-419-thread-1] INFO  server.RaftServerConfigKeys (ConfUtils.java:logGet(43)) - raft.server.log.appender.install.snapshot.enabled = false (custom)
2019-09-24 04:21:08,862 [pool-409-thread-1] INFO  impl.RaftServerImpl (RaftServerImpl.java:<init>(95)) - ef134360-ccd0-45a6-96d7-cad815354eed: new RaftServerImpl for group-5367271002A7:[ef134360-ccd0-45a6-96d7-cad815354eed:192.168.151.75:46454, d7be0fc0-2c06-465f-bb8d-ff37d07082c9:192.168.151.75:38189, e615c22a-d22b-4b15-9ed2-177ac0ba27c8:192.168.151.75:43703] with ContainerStateMachine:uninitialized
2019-09-24 04:21:08,862 [pool-419-thread-1] INFO  impl.RaftServerImpl (ServerState.java:<init>(103)) - e615c22a-d22b-4b15-9ed2-177ac0ba27c8@group-4BE1D04B4BD0: ConfigurationManager, init=-1: [e615c22a-d22b-4b15-9ed2-177ac0ba27c8:192.168.151.75:43703], old=null, confs=<EMPTY_MAP>
2019-09-24 04:21:08,862 [pool-409-thread-1] INFO  server.RaftServerConfigKeys (ConfUtils.java:logGet(43)) - raft.server.rpc.timeout.min = 5s (custom)
2019-09-24 04:21:08,863 [pool-419-thread-1] INFO  server.RaftServerConfigKeys (ConfUtils.java:logGet(43)) - raft.server.storage.dir = [/workdir/hadoop-ozone/integration-test/target/test-dir/MiniOzoneClusterImpl-70ed5c72-7c79-4e50-93d4-710ad6ee9320/datanode-1/data/ratis] (custom)
2019-09-24 04:21:08,863 [pool-409-thread-1] INFO  server.RaftServerConfigKeys (ConfUtils.java:logGet(43)) - raft.server.rpc.timeout.max = 5200ms (custom)
2019-09-24 04:21:08,863 [pool-409-thread-1] INFO  server.RaftServerConfigKeys (ConfUtils.java:logGet(43)) - raft.server.rpcslowness.timeout = 120s (custom)
2019-09-24 04:21:08,863 [pool-419-thread-1] INFO  storage.RaftStorageDirectory (RaftStorageDirectory.java:analyzeStorage(246)) - The storage directory /workdir/hadoop-ozone/integration-test/target/test-dir/MiniOzoneClusterImpl-70ed5c72-7c79-4e50-93d4-710ad6ee9320/datanode-1/data/ratis/691ebfa7-77ab-44da-b3d5-4be1d04b4bd0 does not exist. Creating ...
2019-09-24 04:21:08,863 [pool-409-thread-1] INFO  server.RaftServerConfigKeys (ConfUtils.java:logGet(43)) - raft.server.sleep.deviation.threshold = 300 (default)
2019-09-24 04:21:08,863 [pool-409-thread-1] INFO  server.RaftServerConfigKeys (ConfUtils.java:logGet(43)) - raft.server.log.appender.install.snapshot.enabled = false (custom)
2019-09-24 04:21:08,863 [pool-409-thread-1] INFO  impl.RaftServerImpl (ServerState.java:<init>(103)) - ef134360-ccd0-45a6-96d7-cad815354eed@group-5367271002A7: ConfigurationManager, init=-1: [ef134360-ccd0-45a6-96d7-cad815354eed:192.168.151.75:46454, d7be0fc0-2c06-465f-bb8d-ff37d07082c9:192.168.151.75:38189, e615c22a-d22b-4b15-9ed2-177ac0ba27c8:192.168.151.75:43703], old=null, confs=<EMPTY_MAP>
2019-09-24 04:21:08,863 [pool-409-thread-1] INFO  server.RaftServerConfigKeys (ConfUtils.java:logGet(43)) - raft.server.storage.dir = [/workdir/hadoop-ozone/integration-test/target/test-dir/MiniOzoneClusterImpl-70ed5c72-7c79-4e50-93d4-710ad6ee9320/datanode-0/data/ratis] (custom)
2019-09-24 04:21:08,864 [pool-409-thread-1] INFO  storage.RaftStorageDirectory (RaftStorageDirectory.java:analyzeStorage(246)) - The storage directory /workdir/hadoop-ozone/integration-test/target/test-dir/MiniOzoneClusterImpl-70ed5c72-7c79-4e50-93d4-710ad6ee9320/datanode-0/data/ratis/0a412a69-75ec-432a-b23d-5367271002a7 does not exist. Creating ...
2019-09-24 04:21:08,876 [pool-419-thread-1] INFO  storage.RaftStorageDirectory (RaftStorageDirectory.java:tryLock(328)) - Lock on /workdir/hadoop-ozone/integration-test/target/test-dir/MiniOzoneClusterImpl-70ed5c72-7c79-4e50-93d4-710ad6ee9320/datanode-1/data/ratis/691ebfa7-77ab-44da-b3d5-4be1d04b4bd0/in_use.lock acquired by nodename 22927@pr-hdds-2034-r6745-1453098948
2019-09-24 04:21:08,876 [pool-409-thread-1] INFO  storage.RaftStorageDirectory (RaftStorageDirectory.java:tryLock(328)) - Lock on /workdir/hadoop-ozone/integration-test/target/test-dir/MiniOzoneClusterImpl-70ed5c72-7c79-4e50-93d4-710ad6ee9320/datanode-0/data/ratis/0a412a69-75ec-432a-b23d-5367271002a7/in_use.lock acquired by nodename 22927@pr-hdds-2034-r6745-1453098948
2019-09-24 04:21:08,890 [pool-419-thread-1] INFO  storage.RaftStorage (RaftStorage.java:format(72)) - Storage directory /workdir/hadoop-ozone/integration-test/target/test-dir/MiniOzoneClusterImpl-70ed5c72-7c79-4e50-93d4-710ad6ee9320/datanode-1/data/ratis/691ebfa7-77ab-44da-b3d5-4be1d04b4bd0 has been successfully formatted.
2019-09-24 04:21:08,890 [pool-409-thread-1] INFO  storage.RaftStorage (RaftStorage.java:format(72)) - Storage directory /workdir/hadoop-ozone/integration-test/target/test-dir/MiniOzoneClusterImpl-70ed5c72-7c79-4e50-93d4-710ad6ee9320/datanode-0/data/ratis/0a412a69-75ec-432a-b23d-5367271002a7 has been successfully formatted.
2019-09-24 04:21:08,890 [pool-419-thread-1] INFO  ratis.ContainerStateMachine (ContainerStateMachine.java:loadSnapshot(230)) - group-4BE1D04B4BD0: The snapshot info is null. Setting the last applied indexto:(t:0, i:~)
2019-09-24 04:21:08,890 [pool-419-thread-1] INFO  server.RaftServerConfigKeys (ConfUtils.java:logGet(43)) - raft.server.notification.no-leader.timeout = 120s (custom)
2019-09-24 04:21:08,890 [pool-419-thread-1] INFO  server.RaftServerConfigKeys (ConfUtils.java:logGet(43)) - raft.server.log.use.memory = false (default)
2019-09-24 04:21:08,890 [pool-409-thread-1] INFO  ratis.ContainerStateMachine (ContainerStateMachine.java:loadSnapshot(230)) - group-5367271002A7: The snapshot info is null. Setting the last applied indexto:(t:0, i:~)
2019-09-24 04:21:08,890 [pool-419-thread-1] INFO  server.RaftServerConfigKeys (ConfUtils.java:logGet(43)) - raft.server.log.purge.gap = 1000000 (custom)
2019-09-24 04:21:08,890 [pool-409-thread-1] INFO  server.RaftServerConfigKeys (ConfUtils.java:logGet(43)) - raft.server.notification.no-leader.timeout = 120s (custom)
2019-09-24 04:21:08,891 [pool-419-thread-1] INFO  server.RaftServerConfigKeys (ConfUtils.java:logGet(43)) - raft.server.log.appender.buffer.byte-limit = 33554432 (custom)
2019-09-24 04:21:08,891 [pool-409-thread-1] INFO  server.RaftServerConfigKeys (ConfUtils.java:logGet(43)) - raft.server.log.use.memory = false (default)
2019-09-24 04:21:08,891 [pool-419-thread-1] INFO  server.RaftServerConfigKeys (ConfUtils.java:logGet(43)) - raft.server.log.segment.size.max = 1048576 (custom)
2019-09-24 04:21:08,891 [pool-409-thread-1] INFO  server.RaftServerConfigKeys (ConfUtils.java:logGet(43)) - raft.server.log.purge.gap = 1000000 (custom)
2019-09-24 04:21:08,891 [pool-419-thread-1] INFO  server.RaftServerConfigKeys (ConfUtils.java:logGet(43)) - raft.server.log.segment.cache.num.max = 2 (custom)
2019-09-24 04:21:08,891 [pool-409-thread-1] INFO  server.RaftServerConfigKeys (ConfUtils.java:logGet(43)) - raft.server.log.appender.buffer.byte-limit = 33554432 (custom)
2019-09-24 04:21:08,891 [pool-419-thread-1] INFO  segmented.SegmentedRaftLogWorker (SegmentedRaftLogWorker.java:<init>(172)) - new e615c22a-d22b-4b15-9ed2-177ac0ba27c8@group-4BE1D04B4BD0-SegmentedRaftLogWorker for RaftStorage:Storage Directory /workdir/hadoop-ozone/integration-test/target/test-dir/MiniOzoneClusterImpl-70ed5c72-7c79-4e50-93d4-710ad6ee9320/datanode-1/data/ratis/691ebfa7-77ab-44da-b3d5-4be1d04b4bd0
2019-09-24 04:21:08,892 [pool-409-thread-1] INFO  server.RaftServerConfigKeys (ConfUtils.java:logGet(43)) - raft.server.log.segment.size.max = 1048576 (custom)
2019-09-24 04:21:08,892 [pool-409-thread-1] INFO  server.RaftServerConfigKeys (ConfUtils.java:logGet(43)) - raft.server.log.segment.cache.num.max = 2 (custom)
2019-09-24 04:21:08,892 [pool-409-thread-1] INFO  segmented.SegmentedRaftLogWorker (SegmentedRaftLogWorker.java:<init>(172)) - new ef134360-ccd0-45a6-96d7-cad815354eed@group-5367271002A7-SegmentedRaftLogWorker for RaftStorage:Storage Directory /workdir/hadoop-ozone/integration-test/target/test-dir/MiniOzoneClusterImpl-70ed5c72-7c79-4e50-93d4-710ad6ee9320/datanode-0/data/ratis/0a412a69-75ec-432a-b23d-5367271002a7
2019-09-24 04:21:08,892 [pool-409-thread-1] INFO  server.RaftServerConfigKeys (ConfUtils.java:logGet(43)) - raft.server.log.queue.byte-limit = 2147483647 (custom)
2019-09-24 04:21:08,892 [pool-409-thread-1] INFO  server.RaftServerConfigKeys (ConfUtils.java:logGet(43)) - raft.server.log.queue.element-limit = 1024 (custom)
2019-09-24 04:21:08,893 [pool-409-thread-1] INFO  server.RaftServerConfigKeys (ConfUtils.java:logGet(43)) - raft.server.log.segment.size.max = 1048576 (custom)
2019-09-24 04:21:08,893 [pool-409-thread-1] INFO  server.RaftServerConfigKeys (ConfUtils.java:logGet(43)) - raft.server.log.preallocated.size = 16384 (custom)
2019-09-24 04:21:08,893 [pool-419-thread-1] INFO  server.RaftServerConfigKeys (ConfUtils.java:logGet(43)) - raft.server.log.queue.byte-limit = 2147483647 (custom)
2019-09-24 04:21:08,893 [pool-409-thread-1] INFO  server.RaftServerConfigKeys (ConfUtils.java:logGet(43)) - raft.server.log.write.buffer.size = 33554432 (custom)
2019-09-24 04:21:08,893 [pool-419-thread-1] INFO  server.RaftServerConfigKeys (ConfUtils.java:logGet(43)) - raft.server.log.queue.element-limit = 1024 (custom)
2019-09-24 04:21:08,893 [pool-409-thread-1] INFO  server.RaftServerConfigKeys (ConfUtils.java:logGet(43)) - raft.server.log.force.sync.num = 128 (default)
2019-09-24 04:21:08,893 [pool-419-thread-1] INFO  server.RaftServerConfigKeys (ConfUtils.java:logGet(43)) - raft.server.log.segment.size.max = 1048576 (custom)
2019-09-24 04:21:08,893 [pool-409-thread-1] INFO  server.RaftServerConfigKeys (ConfUtils.java:logGet(43)) - raft.server.log.statemachine.data.sync = true (default)
2019-09-24 04:21:08,893 [pool-419-thread-1] INFO  server.RaftServerConfigKeys (ConfUtils.java:logGet(43)) - raft.server.log.preallocated.size = 16384 (custom)
2019-09-24 04:21:08,894 [pool-409-thread-1] INFO  server.RaftServerConfigKeys (ConfUtils.java:logGet(43)) - raft.server.log.statemachine.data.sync.timeout = 10s (default)
2019-09-24 04:21:08,894 [pool-419-thread-1] INFO  server.RaftServerConfigKeys (ConfUtils.java:logGet(43)) - raft.server.log.write.buffer.size = 33554432 (custom)
2019-09-24 04:21:08,894 [pool-409-thread-1] INFO  server.RaftServerConfigKeys (ConfUtils.java:logGet(43)) - raft.server.log.statemachine.data.sync.timeout.retry = -1 (default)
2019-09-24 04:21:08,894 [pool-419-thread-1] INFO  server.RaftServerConfigKeys (ConfUtils.java:logGet(43)) - raft.server.log.force.sync.num = 128 (default)
2019-09-24 04:21:08,894 [pool-409-thread-1] INFO  server.RaftServerConfigKeys (ConfUtils.java:logGet(43)) - raft.server.log.statemachine.data.caching.enabled = true (custom)
2019-09-24 04:21:08,894 [pool-419-thread-1] INFO  server.RaftServerConfigKeys (ConfUtils.java:logGet(43)) - raft.server.log.statemachine.data.sync = true (default)
2019-09-24 04:21:08,894 [pool-419-thread-1] INFO  server.RaftServerConfigKeys (ConfUtils.java:logGet(43)) - raft.server.log.statemachine.data.sync.timeout = 10s (default)
2019-09-24 04:21:08,895 [pool-419-thread-1] INFO  server.RaftServerConfigKeys (ConfUtils.java:logGet(43)) - raft.server.log.statemachine.data.sync.timeout.retry = -1 (default)
2019-09-24 04:21:08,895 [pool-409-thread-1] INFO  segmented.SegmentedRaftLogWorker (SegmentedRaftLogWorker.java:lambda$new$0(132)) - ef134360-ccd0-45a6-96d7-cad815354eed@group-5367271002A7-SegmentedRaftLogWorker: flushIndex: setUnconditionally 0 -> -1
2019-09-24 04:21:08,895 [pool-419-thread-1] INFO  server.RaftServerConfigKeys (ConfUtils.java:logGet(43)) - raft.server.log.statemachine.data.caching.enabled = true (custom)
2019-09-24 04:21:08,895 [pool-409-thread-1] INFO  server.RaftServerConfigKeys (ConfUtils.java:logGet(43)) - raft.server.snapshot.auto.trigger.enabled = true (custom)
2019-09-24 04:21:08,895 [pool-419-thread-1] INFO  segmented.SegmentedRaftLogWorker (SegmentedRaftLogWorker.java:lambda$new$0(132)) - e615c22a-d22b-4b15-9ed2-177ac0ba27c8@group-4BE1D04B4BD0-SegmentedRaftLogWorker: flushIndex: setUnconditionally 0 -> -1
2019-09-24 04:21:08,895 [pool-409-thread-1] INFO  server.RaftServerConfigKeys (ConfUtils.java:logGet(43)) - raft.server.snapshot.auto.trigger.threshold = 10000 (custom)
2019-09-24 04:21:08,895 [pool-409-thread-1] INFO  server.RaftServerConfigKeys (ConfUtils.java:logGet(43)) - raft.server.snapshot.retention.num.files = 5 (custom)
2019-09-24 04:21:08,895 [pool-419-thread-1] INFO  server.RaftServerConfigKeys (ConfUtils.java:logGet(43)) - raft.server.snapshot.auto.trigger.enabled = true (custom)
2019-09-24 04:21:08,896 [pool-409-thread-1] INFO  server.RaftServerConfigKeys (ConfUtils.java:logGet(43)) - raft.server.retrycache.expirytime = 600000ms (custom)
2019-09-24 04:21:08,896 [pool-419-thread-1] INFO  server.RaftServerConfigKeys (ConfUtils.java:logGet(43)) - raft.server.snapshot.auto.trigger.threshold = 10000 (custom)
2019-09-24 04:21:08,896 [pool-419-thread-1] INFO  server.RaftServerConfigKeys (ConfUtils.java:logGet(43)) - raft.server.snapshot.retention.num.files = 5 (custom)
2019-09-24 04:21:08,896 [pool-419-thread-1] INFO  server.RaftServerConfigKeys (ConfUtils.java:logGet(43)) - raft.server.retrycache.expirytime = 600000ms (custom)
2019-09-24 04:21:08,898 [pool-419-thread-1] INFO  impl.RaftServerImpl (RaftServerImpl.java:start(185)) - e615c22a-d22b-4b15-9ed2-177ac0ba27c8@group-4BE1D04B4BD0: start as a follower, conf=-1: [e615c22a-d22b-4b15-9ed2-177ac0ba27c8:192.168.151.75:43703], old=null
2019-09-24 04:21:08,898 [pool-409-thread-1] INFO  impl.RaftServerImpl (RaftServerImpl.java:start(185)) - ef134360-ccd0-45a6-96d7-cad815354eed@group-5367271002A7: start as a follower, conf=-1: [ef134360-ccd0-45a6-96d7-cad815354eed:192.168.151.75:46454, d7be0fc0-2c06-465f-bb8d-ff37d07082c9:192.168.151.75:38189, e615c22a-d22b-4b15-9ed2-177ac0ba27c8:192.168.151.75:43703], old=null
2019-09-24 04:21:08,899 [pool-419-thread-1] INFO  impl.RaftServerImpl (RaftServerImpl.java:setRole(174)) - e615c22a-d22b-4b15-9ed2-177ac0ba27c8@group-4BE1D04B4BD0: changes role from      null to FOLLOWER at term 0 for startAsFollower
2019-09-24 04:21:08,899 [pool-409-thread-1] INFO  impl.RaftServerImpl (RaftServerImpl.java:setRole(174)) - ef134360-ccd0-45a6-96d7-cad815354eed@group-5367271002A7: changes role from      null to FOLLOWER at term 0 for startAsFollower
2019-09-24 04:21:08,899 [pool-419-thread-1] INFO  impl.RoleInfo (RoleInfo.java:updateAndGet(143)) - e615c22a-d22b-4b15-9ed2-177ac0ba27c8: start FollowerState
2019-09-24 04:21:08,899 [pool-409-thread-1] INFO  impl.RoleInfo (RoleInfo.java:updateAndGet(143)) - ef134360-ccd0-45a6-96d7-cad815354eed: start FollowerState
2019-09-24 04:21:08,899 [pool-419-thread-1] INFO  util.JmxRegister (JmxRegister.java:tryRegister(44)) - Successfully registered JMX Bean with object name Ratis:service=RaftServer,group=group-4BE1D04B4BD0,id=e615c22a-d22b-4b15-9ed2-177ac0ba27c8
2019-09-24 04:21:08,899 [pool-409-thread-1] INFO  util.JmxRegister (JmxRegister.java:tryRegister(44)) - Successfully registered JMX Bean with object name Ratis:service=RaftServer,group=group-5367271002A7,id=ef134360-ccd0-45a6-96d7-cad815354eed
2019-09-24 04:21:08,901 [Command processor thread] INFO  commandhandler.CreatePipelineCommandHandler (CreatePipelineCommandHandler.java:handle(116)) - Create Pipeline RATIS ONE #PipelineID=691ebfa7-77ab-44da-b3d5-4be1d04b4bd0 command succeed on datanode e615c22a-d22b-4b15-9ed2-177ac0ba27c8.
2019-09-24 04:21:08,901 [Command processor thread] INFO  commandhandler.CreatePipelineCommandHandler (CreatePipelineCommandHandler.java:handle(116)) - Create Pipeline RATIS THREE #PipelineID=0a412a69-75ec-432a-b23d-5367271002a7 command succeed on datanode ef134360-ccd0-45a6-96d7-cad815354eed.
2019-09-24 04:21:08,909 [grpc-default-executor-5] INFO  impl.RaftServerProxy (RaftServerProxy.java:addNew(89)) - e615c22a-d22b-4b15-9ed2-177ac0ba27c8: addNew group-5367271002A7:[ef134360-ccd0-45a6-96d7-cad815354eed:192.168.151.75:46454, d7be0fc0-2c06-465f-bb8d-ff37d07082c9:192.168.151.75:38189, e615c22a-d22b-4b15-9ed2-177ac0ba27c8:192.168.151.75:43703] returns group-5367271002A7:java.util.concurrent.CompletableFuture@4aa8294d[Not completed]
2019-09-24 04:21:08,910 [pool-419-thread-1] INFO  impl.RaftServerImpl (RaftServerImpl.java:<init>(95)) - e615c22a-d22b-4b15-9ed2-177ac0ba27c8: new RaftServerImpl for group-5367271002A7:[ef134360-ccd0-45a6-96d7-cad815354eed:192.168.151.75:46454, d7be0fc0-2c06-465f-bb8d-ff37d07082c9:192.168.151.75:38189, e615c22a-d22b-4b15-9ed2-177ac0ba27c8:192.168.151.75:43703] with ContainerStateMachine:uninitialized
2019-09-24 04:21:08,910 [pool-419-thread-1] INFO  server.RaftServerConfigKeys (ConfUtils.java:logGet(43)) - raft.server.rpc.timeout.min = 5s (custom)
2019-09-24 04:21:08,910 [pool-419-thread-1] INFO  server.RaftServerConfigKeys (ConfUtils.java:logGet(43)) - raft.server.rpc.timeout.max = 5200ms (custom)
2019-09-24 04:21:08,911 [pool-419-thread-1] INFO  server.RaftServerConfigKeys (ConfUtils.java:logGet(43)) - raft.server.rpcslowness.timeout = 120s (custom)
2019-09-24 04:21:08,911 [pool-419-thread-1] INFO  server.RaftServerConfigKeys (ConfUtils.java:logGet(43)) - raft.server.sleep.deviation.threshold = 300 (default)
2019-09-24 04:21:08,911 [pool-419-thread-1] INFO  server.RaftServerConfigKeys (ConfUtils.java:logGet(43)) - raft.server.log.appender.install.snapshot.enabled = false (custom)
2019-09-24 04:21:08,911 [pool-419-thread-1] INFO  impl.RaftServerImpl (ServerState.java:<init>(103)) - e615c22a-d22b-4b15-9ed2-177ac0ba27c8@group-5367271002A7: ConfigurationManager, init=-1: [ef134360-ccd0-45a6-96d7-cad815354eed:192.168.151.75:46454, d7be0fc0-2c06-465f-bb8d-ff37d07082c9:192.168.151.75:38189, e615c22a-d22b-4b15-9ed2-177ac0ba27c8:192.168.151.75:43703], old=null, confs=<EMPTY_MAP>
2019-09-24 04:21:08,911 [pool-419-thread-1] INFO  server.RaftServerConfigKeys (ConfUtils.java:logGet(43)) - raft.server.storage.dir = [/workdir/hadoop-ozone/integration-test/target/test-dir/MiniOzoneClusterImpl-70ed5c72-7c79-4e50-93d4-710ad6ee9320/datanode-1/data/ratis] (custom)
2019-09-24 04:21:08,916 [pool-419-thread-1] INFO  storage.RaftStorageDirectory (RaftStorageDirectory.java:analyzeStorage(246)) - The storage directory /workdir/hadoop-ozone/integration-test/target/test-dir/MiniOzoneClusterImpl-70ed5c72-7c79-4e50-93d4-710ad6ee9320/datanode-1/data/ratis/0a412a69-75ec-432a-b23d-5367271002a7 does not exist. Creating ...
2019-09-24 04:21:08,916 [grpc-default-executor-5] INFO  impl.RaftServerProxy (RaftServerProxy.java:addNew(89)) - d7be0fc0-2c06-465f-bb8d-ff37d07082c9: addNew group-974E78EC1BB3:[d7be0fc0-2c06-465f-bb8d-ff37d07082c9:192.168.151.75:38189] returns group-974E78EC1BB3:java.util.concurrent.CompletableFuture@7e7fcc31[Not completed]
2019-09-24 04:21:08,916 [pool-429-thread-1] INFO  impl.RaftServerImpl (RaftServerImpl.java:<init>(95)) - d7be0fc0-2c06-465f-bb8d-ff37d07082c9: new RaftServerImpl for group-974E78EC1BB3:[d7be0fc0-2c06-465f-bb8d-ff37d07082c9:192.168.151.75:38189] with ContainerStateMachine:uninitialized
2019-09-24 04:21:08,917 [pool-429-thread-1] INFO  server.RaftServerConfigKeys (ConfUtils.java:logGet(43)) - raft.server.rpc.timeout.min = 5s (custom)
2019-09-24 04:21:08,917 [pool-429-thread-1] INFO  server.RaftServerConfigKeys (ConfUtils.java:logGet(43)) - raft.server.rpc.timeout.max = 5200ms (custom)
2019-09-24 04:21:08,917 [pool-429-thread-1] INFO  server.RaftServerConfigKeys (ConfUtils.java:logGet(43)) - raft.server.rpcslowness.timeout = 120s (custom)
2019-09-24 04:21:08,917 [pool-429-thread-1] INFO  server.RaftServerConfigKeys (ConfUtils.java:logGet(43)) - raft.server.sleep.deviation.threshold = 300 (default)
2019-09-24 04:21:08,917 [pool-429-thread-1] INFO  server.RaftServerConfigKeys (ConfUtils.java:logGet(43)) - raft.server.log.appender.install.snapshot.enabled = false (custom)
2019-09-24 04:21:08,917 [pool-429-thread-1] INFO  impl.RaftServerImpl (ServerState.java:<init>(103)) - d7be0fc0-2c06-465f-bb8d-ff37d07082c9@group-974E78EC1BB3: ConfigurationManager, init=-1: [d7be0fc0-2c06-465f-bb8d-ff37d07082c9:192.168.151.75:38189], old=null, confs=<EMPTY_MAP>
2019-09-24 04:21:08,917 [pool-429-thread-1] INFO  server.RaftServerConfigKeys (ConfUtils.java:logGet(43)) - raft.server.storage.dir = [/workdir/hadoop-ozone/integration-test/target/test-dir/MiniOzoneClusterImpl-70ed5c72-7c79-4e50-93d4-710ad6ee9320/datanode-2/data/ratis] (custom)
2019-09-24 04:21:08,918 [pool-429-thread-1] INFO  storage.RaftStorageDirectory (RaftStorageDirectory.java:analyzeStorage(246)) - The storage directory /workdir/hadoop-ozone/integration-test/target/test-dir/MiniOzoneClusterImpl-70ed5c72-7c79-4e50-93d4-710ad6ee9320/datanode-2/data/ratis/776e0871-20f8-4d9a-af15-974e78ec1bb3 does not exist. Creating ...
2019-09-24 04:21:08,929 [pool-429-thread-1] INFO  storage.RaftStorageDirectory (RaftStorageDirectory.java:tryLock(328)) - Lock on /workdir/hadoop-ozone/integration-test/target/test-dir/MiniOzoneClusterImpl-70ed5c72-7c79-4e50-93d4-710ad6ee9320/datanode-2/data/ratis/776e0871-20f8-4d9a-af15-974e78ec1bb3/in_use.lock acquired by nodename 22927@pr-hdds-2034-r6745-1453098948
2019-09-24 04:21:08,929 [pool-419-thread-1] INFO  storage.RaftStorageDirectory (RaftStorageDirectory.java:tryLock(328)) - Lock on /workdir/hadoop-ozone/integration-test/target/test-dir/MiniOzoneClusterImpl-70ed5c72-7c79-4e50-93d4-710ad6ee9320/datanode-1/data/ratis/0a412a69-75ec-432a-b23d-5367271002a7/in_use.lock acquired by nodename 22927@pr-hdds-2034-r6745-1453098948
2019-09-24 04:21:08,942 [pool-419-thread-1] INFO  storage.RaftStorage (RaftStorage.java:format(72)) - Storage directory /workdir/hadoop-ozone/integration-test/target/test-dir/MiniOzoneClusterImpl-70ed5c72-7c79-4e50-93d4-710ad6ee9320/datanode-1/data/ratis/0a412a69-75ec-432a-b23d-5367271002a7 has been successfully formatted.
2019-09-24 04:21:08,942 [pool-429-thread-1] INFO  storage.RaftStorage (RaftStorage.java:format(72)) - Storage directory /workdir/hadoop-ozone/integration-test/target/test-dir/MiniOzoneClusterImpl-70ed5c72-7c79-4e50-93d4-710ad6ee9320/datanode-2/data/ratis/776e0871-20f8-4d9a-af15-974e78ec1bb3 has been successfully formatted.
2019-09-24 04:21:08,942 [pool-419-thread-1] INFO  ratis.ContainerStateMachine (ContainerStateMachine.java:loadSnapshot(230)) - group-5367271002A7: The snapshot info is null. Setting the last applied indexto:(t:0, i:~)
2019-09-24 04:21:08,942 [pool-429-thread-1] INFO  ratis.ContainerStateMachine (ContainerStateMachine.java:loadSnapshot(230)) - group-974E78EC1BB3: The snapshot info is null. Setting the last applied indexto:(t:0, i:~)
2019-09-24 04:21:08,942 [pool-419-thread-1] INFO  server.RaftServerConfigKeys (ConfUtils.java:logGet(43)) - raft.server.notification.no-leader.timeout = 120s (custom)
2019-09-24 04:21:08,942 [pool-429-thread-1] INFO  server.RaftServerConfigKeys (ConfUtils.java:logGet(43)) - raft.server.notification.no-leader.timeout = 120s (custom)
2019-09-24 04:21:08,942 [pool-419-thread-1] INFO  server.RaftServerConfigKeys (ConfUtils.java:logGet(43)) - raft.server.log.use.memory = false (default)
2019-09-24 04:21:08,942 [pool-429-thread-1] INFO  server.RaftServerConfigKeys (ConfUtils.java:logGet(43)) - raft.server.log.use.memory = false (default)
2019-09-24 04:21:08,943 [pool-419-thread-1] INFO  server.RaftServerConfigKeys (ConfUtils.java:logGet(43)) - raft.server.log.purge.gap = 1000000 (custom)
2019-09-24 04:21:08,943 [pool-429-thread-1] INFO  server.RaftServerConfigKeys (ConfUtils.java:logGet(43)) - raft.server.log.purge.gap = 1000000 (custom)
2019-09-24 04:21:08,943 [pool-419-thread-1] INFO  server.RaftServerConfigKeys (ConfUtils.java:logGet(43)) - raft.server.log.appender.buffer.byte-limit = 33554432 (custom)
2019-09-24 04:21:08,943 [pool-429-thread-1] INFO  server.RaftServerConfigKeys (ConfUtils.java:logGet(43)) - raft.server.log.appender.buffer.byte-limit = 33554432 (custom)
2019-09-24 04:21:08,943 [pool-419-thread-1] INFO  server.RaftServerConfigKeys (ConfUtils.java:logGet(43)) - raft.server.log.segment.size.max = 1048576 (custom)
2019-09-24 04:21:08,943 [pool-429-thread-1] INFO  server.RaftServerConfigKeys (ConfUtils.java:logGet(43)) - raft.server.log.segment.size.max = 1048576 (custom)
2019-09-24 04:21:08,943 [pool-419-thread-1] INFO  server.RaftServerConfigKeys (ConfUtils.java:logGet(43)) - raft.server.log.segment.cache.num.max = 2 (custom)
2019-09-24 04:21:08,943 [pool-429-thread-1] INFO  server.RaftServerConfigKeys (ConfUtils.java:logGet(43)) - raft.server.log.segment.cache.num.max = 2 (custom)
2019-09-24 04:21:08,943 [pool-419-thread-1] INFO  segmented.SegmentedRaftLogWorker (SegmentedRaftLogWorker.java:<init>(172)) - new e615c22a-d22b-4b15-9ed2-177ac0ba27c8@group-5367271002A7-SegmentedRaftLogWorker for RaftStorage:Storage Directory /workdir/hadoop-ozone/integration-test/target/test-dir/MiniOzoneClusterImpl-70ed5c72-7c79-4e50-93d4-710ad6ee9320/datanode-1/data/ratis/0a412a69-75ec-432a-b23d-5367271002a7
2019-09-24 04:21:08,943 [pool-429-thread-1] INFO  segmented.SegmentedRaftLogWorker (SegmentedRaftLogWorker.java:<init>(172)) - new d7be0fc0-2c06-465f-bb8d-ff37d07082c9@group-974E78EC1BB3-SegmentedRaftLogWorker for RaftStorage:Storage Directory /workdir/hadoop-ozone/integration-test/target/test-dir/MiniOzoneClusterImpl-70ed5c72-7c79-4e50-93d4-710ad6ee9320/datanode-2/data/ratis/776e0871-20f8-4d9a-af15-974e78ec1bb3
2019-09-24 04:21:08,944 [pool-419-thread-1] INFO  server.RaftServerConfigKeys (ConfUtils.java:logGet(43)) - raft.server.log.queue.byte-limit = 2147483647 (custom)
2019-09-24 04:21:08,944 [pool-419-thread-1] INFO  server.RaftServerConfigKeys (ConfUtils.java:logGet(43)) - raft.server.log.queue.element-limit = 1024 (custom)
2019-09-24 04:21:08,944 [pool-419-thread-1] INFO  server.RaftServerConfigKeys (ConfUtils.java:logGet(43)) - raft.server.log.segment.size.max = 1048576 (custom)
2019-09-24 04:21:08,944 [pool-419-thread-1] INFO  server.RaftServerConfigKeys (ConfUtils.java:logGet(43)) - raft.server.log.preallocated.size = 16384 (custom)
2019-09-24 04:21:08,944 [pool-419-thread-1] INFO  server.RaftServerConfigKeys (ConfUtils.java:logGet(43)) - raft.server.log.write.buffer.size = 33554432 (custom)
2019-09-24 04:21:08,944 [pool-419-thread-1] INFO  server.RaftServerConfigKeys (ConfUtils.java:logGet(43)) - raft.server.log.force.sync.num = 128 (default)
2019-09-24 04:21:08,944 [pool-419-thread-1] INFO  server.RaftServerConfigKeys (ConfUtils.java:logGet(43)) - raft.server.log.statemachine.data.sync = true (default)
2019-09-24 04:21:08,945 [pool-419-thread-1] INFO  server.RaftServerConfigKeys (ConfUtils.java:logGet(43)) - raft.server.log.statemachine.data.sync.timeout = 10s (default)
2019-09-24 04:21:08,945 [pool-419-thread-1] INFO  server.RaftServerConfigKeys (ConfUtils.java:logGet(43)) - raft.server.log.statemachine.data.sync.timeout.retry = -1 (default)
2019-09-24 04:21:08,945 [pool-419-thread-1] INFO  server.RaftServerConfigKeys (ConfUtils.java:logGet(43)) - raft.server.log.statemachine.data.caching.enabled = true (custom)
2019-09-24 04:21:08,945 [pool-429-thread-1] INFO  server.RaftServerConfigKeys (ConfUtils.java:logGet(43)) - raft.server.log.queue.byte-limit = 2147483647 (custom)
2019-09-24 04:21:08,945 [pool-429-thread-1] INFO  server.RaftServerConfigKeys (ConfUtils.java:logGet(43)) - raft.server.log.queue.element-limit = 1024 (custom)
2019-09-24 04:21:08,945 [pool-429-thread-1] INFO  server.RaftServerConfigKeys (ConfUtils.java:logGet(43)) - raft.server.log.segment.size.max = 1048576 (custom)
2019-09-24 04:21:08,945 [pool-419-thread-1] INFO  segmented.SegmentedRaftLogWorker (SegmentedRaftLogWorker.java:lambda$new$0(132)) - e615c22a-d22b-4b15-9ed2-177ac0ba27c8@group-5367271002A7-SegmentedRaftLogWorker: flushIndex: setUnconditionally 0 -> -1
2019-09-24 04:21:08,945 [pool-429-thread-1] INFO  server.RaftServerConfigKeys (ConfUtils.java:logGet(43)) - raft.server.log.preallocated.size = 16384 (custom)
2019-09-24 04:21:08,946 [pool-429-thread-1] INFO  server.RaftServerConfigKeys (ConfUtils.java:logGet(43)) - raft.server.log.write.buffer.size = 33554432 (custom)
2019-09-24 04:21:08,946 [pool-429-thread-1] INFO  server.RaftServerConfigKeys (ConfUtils.java:logGet(43)) - raft.server.log.force.sync.num = 128 (default)
2019-09-24 04:21:08,946 [pool-429-thread-1] INFO  server.RaftServerConfigKeys (ConfUtils.java:logGet(43)) - raft.server.log.statemachine.data.sync = true (default)
2019-09-24 04:21:08,946 [pool-419-thread-1] INFO  server.RaftServerConfigKeys (ConfUtils.java:logGet(43)) - raft.server.snapshot.auto.trigger.enabled = true (custom)
2019-09-24 04:21:08,946 [pool-429-thread-1] INFO  server.RaftServerConfigKeys (ConfUtils.java:logGet(43)) - raft.server.log.statemachine.data.sync.timeout = 10s (default)
2019-09-24 04:21:08,946 [pool-419-thread-1] INFO  server.RaftServerConfigKeys (ConfUtils.java:logGet(43)) - raft.server.snapshot.auto.trigger.threshold = 10000 (custom)
2019-09-24 04:21:08,946 [pool-429-thread-1] INFO  server.RaftServerConfigKeys (ConfUtils.java:logGet(43)) - raft.server.log.statemachine.data.sync.timeout.retry = -1 (default)
2019-09-24 04:21:08,946 [pool-419-thread-1] INFO  server.RaftServerConfigKeys (ConfUtils.java:logGet(43)) - raft.server.snapshot.retention.num.files = 5 (custom)
2019-09-24 04:21:08,946 [pool-429-thread-1] INFO  server.RaftServerConfigKeys (ConfUtils.java:logGet(43)) - raft.server.log.statemachine.data.caching.enabled = true (custom)
2019-09-24 04:21:08,946 [pool-419-thread-1] INFO  server.RaftServerConfigKeys (ConfUtils.java:logGet(43)) - raft.server.retrycache.expirytime = 600000ms (custom)
2019-09-24 04:21:08,946 [pool-429-thread-1] INFO  segmented.SegmentedRaftLogWorker (SegmentedRaftLogWorker.java:lambda$new$0(132)) - d7be0fc0-2c06-465f-bb8d-ff37d07082c9@group-974E78EC1BB3-SegmentedRaftLogWorker: flushIndex: setUnconditionally 0 -> -1
2019-09-24 04:21:08,947 [pool-429-thread-1] INFO  server.RaftServerConfigKeys (ConfUtils.java:logGet(43)) - raft.server.snapshot.auto.trigger.enabled = true (custom)
2019-09-24 04:21:08,947 [pool-429-thread-1] INFO  server.RaftServerConfigKeys (ConfUtils.java:logGet(43)) - raft.server.snapshot.auto.trigger.threshold = 10000 (custom)
2019-09-24 04:21:08,947 [pool-429-thread-1] INFO  server.RaftServerConfigKeys (ConfUtils.java:logGet(43)) - raft.server.snapshot.retention.num.files = 5 (custom)
2019-09-24 04:21:08,947 [pool-429-thread-1] INFO  server.RaftServerConfigKeys (ConfUtils.java:logGet(43)) - raft.server.retrycache.expirytime = 600000ms (custom)
2019-09-24 04:21:08,948 [pool-419-thread-1] INFO  impl.RaftServerImpl (RaftServerImpl.java:start(185)) - e615c22a-d22b-4b15-9ed2-177ac0ba27c8@group-5367271002A7: start as a follower, conf=-1: [ef134360-ccd0-45a6-96d7-cad815354eed:192.168.151.75:46454, d7be0fc0-2c06-465f-bb8d-ff37d07082c9:192.168.151.75:38189, e615c22a-d22b-4b15-9ed2-177ac0ba27c8:192.168.151.75:43703], old=null
2019-09-24 04:21:08,949 [pool-419-thread-1] INFO  impl.RaftServerImpl (RaftServerImpl.java:setRole(174)) - e615c22a-d22b-4b15-9ed2-177ac0ba27c8@group-5367271002A7: changes role from      null to FOLLOWER at term 0 for startAsFollower
2019-09-24 04:21:08,949 [pool-429-thread-1] INFO  impl.RaftServerImpl (RaftServerImpl.java:start(185)) - d7be0fc0-2c06-465f-bb8d-ff37d07082c9@group-974E78EC1BB3: start as a follower, conf=-1: [d7be0fc0-2c06-465f-bb8d-ff37d07082c9:192.168.151.75:38189], old=null
2019-09-24 04:21:08,949 [pool-419-thread-1] INFO  impl.RoleInfo (RoleInfo.java:updateAndGet(143)) - e615c22a-d22b-4b15-9ed2-177ac0ba27c8: start FollowerState
2019-09-24 04:21:08,949 [pool-429-thread-1] INFO  impl.RaftServerImpl (RaftServerImpl.java:setRole(174)) - d7be0fc0-2c06-465f-bb8d-ff37d07082c9@group-974E78EC1BB3: changes role from      null to FOLLOWER at term 0 for startAsFollower
2019-09-24 04:21:08,949 [pool-429-thread-1] INFO  impl.RoleInfo (RoleInfo.java:updateAndGet(143)) - d7be0fc0-2c06-465f-bb8d-ff37d07082c9: start FollowerState
2019-09-24 04:21:08,968 [pool-419-thread-1] INFO  util.JmxRegister (JmxRegister.java:tryRegister(44)) - Successfully registered JMX Bean with object name Ratis:service=RaftServer,group=group-5367271002A7,id=e615c22a-d22b-4b15-9ed2-177ac0ba27c8
2019-09-24 04:21:08,968 [pool-429-thread-1] INFO  util.JmxRegister (JmxRegister.java:tryRegister(44)) - Successfully registered JMX Bean with object name Ratis:service=RaftServer,group=group-974E78EC1BB3,id=d7be0fc0-2c06-465f-bb8d-ff37d07082c9
2019-09-24 04:21:08,977 [Command processor thread] INFO  commandhandler.CreatePipelineCommandHandler (CreatePipelineCommandHandler.java:handle(116)) - Create Pipeline RATIS THREE #PipelineID=0a412a69-75ec-432a-b23d-5367271002a7 command succeed on datanode e615c22a-d22b-4b15-9ed2-177ac0ba27c8.
2019-09-24 04:21:08,977 [Command processor thread] INFO  commandhandler.CreatePipelineCommandHandler (CreatePipelineCommandHandler.java:handle(116)) - Create Pipeline RATIS ONE #PipelineID=776e0871-20f8-4d9a-af15-974e78ec1bb3 command succeed on datanode d7be0fc0-2c06-465f-bb8d-ff37d07082c9.
2019-09-24 04:21:08,981 [grpc-default-executor-5] INFO  impl.RaftServerProxy (RaftServerProxy.java:addNew(89)) - d7be0fc0-2c06-465f-bb8d-ff37d07082c9: addNew group-5367271002A7:[ef134360-ccd0-45a6-96d7-cad815354eed:192.168.151.75:46454, d7be0fc0-2c06-465f-bb8d-ff37d07082c9:192.168.151.75:38189, e615c22a-d22b-4b15-9ed2-177ac0ba27c8:192.168.151.75:43703] returns group-5367271002A7:java.util.concurrent.CompletableFuture@1c0cdb15[Not completed]
2019-09-24 04:21:08,985 [grpc-default-executor-8] INFO  impl.RaftServerProxy (RaftServerProxy.java:addNew(89)) - 6e4d579b-45b2-4620-be61-729cd2425cf8: addNew group-0EF5F165B4B4:[6e4d579b-45b2-4620-be61-729cd2425cf8:192.168.151.75:43112] returns group-0EF5F165B4B4:java.util.concurrent.CompletableFuture@5727b470[Not completed]
2019-09-24 04:21:08,985 [pool-429-thread-1] INFO  impl.RaftServerImpl (RaftServerImpl.java:<init>(95)) - d7be0fc0-2c06-465f-bb8d-ff37d07082c9: new RaftServerImpl for group-5367271002A7:[ef134360-ccd0-45a6-96d7-cad815354eed:192.168.151.75:46454, d7be0fc0-2c06-465f-bb8d-ff37d07082c9:192.168.151.75:38189, e615c22a-d22b-4b15-9ed2-177ac0ba27c8:192.168.151.75:43703] with ContainerStateMachine:uninitialized
2019-09-24 04:21:08,986 [pool-429-thread-1] INFO  server.RaftServerConfigKeys (ConfUtils.java:logGet(43)) - raft.server.rpc.timeout.min = 5s (custom)
2019-09-24 04:21:08,986 [pool-429-thread-1] INFO  server.RaftServerConfigKeys (ConfUtils.java:logGet(43)) - raft.server.rpc.timeout.max = 5200ms (custom)
2019-09-24 04:21:08,986 [pool-439-thread-1] INFO  impl.RaftServerImpl (RaftServerImpl.java:<init>(95)) - 6e4d579b-45b2-4620-be61-729cd2425cf8: new RaftServerImpl for group-0EF5F165B4B4:[6e4d579b-45b2-4620-be61-729cd2425cf8:192.168.151.75:43112] with ContainerStateMachine:uninitialized
2019-09-24 04:21:08,986 [pool-429-thread-1] INFO  server.RaftServerConfigKeys (ConfUtils.java:logGet(43)) - raft.server.rpcslowness.timeout = 120s (custom)
2019-09-24 04:21:08,986 [pool-439-thread-1] INFO  server.RaftServerConfigKeys (ConfUtils.java:logGet(43)) - raft.server.rpc.timeout.min = 5s (custom)
2019-09-24 04:21:08,986 [pool-429-thread-1] INFO  server.RaftServerConfigKeys (ConfUtils.java:logGet(43)) - raft.server.sleep.deviation.threshold = 300 (default)
2019-09-24 04:21:08,986 [pool-439-thread-1] INFO  server.RaftServerConfigKeys (ConfUtils.java:logGet(43)) - raft.server.rpc.timeout.max = 5200ms (custom)
2019-09-24 04:21:08,986 [pool-429-thread-1] INFO  server.RaftServerConfigKeys (ConfUtils.java:logGet(43)) - raft.server.log.appender.install.snapshot.enabled = false (custom)
2019-09-24 04:21:08,986 [pool-439-thread-1] INFO  server.RaftServerConfigKeys (ConfUtils.java:logGet(43)) - raft.server.rpcslowness.timeout = 120s (custom)
2019-09-24 04:21:08,986 [pool-429-thread-1] INFO  impl.RaftServerImpl (ServerState.java:<init>(103)) - d7be0fc0-2c06-465f-bb8d-ff37d07082c9@group-5367271002A7: ConfigurationManager, init=-1: [ef134360-ccd0-45a6-96d7-cad815354eed:192.168.151.75:46454, d7be0fc0-2c06-465f-bb8d-ff37d07082c9:192.168.151.75:38189, e615c22a-d22b-4b15-9ed2-177ac0ba27c8:192.168.151.75:43703], old=null, confs=<EMPTY_MAP>
2019-09-24 04:21:08,986 [pool-439-thread-1] INFO  server.RaftServerConfigKeys (ConfUtils.java:logGet(43)) - raft.server.sleep.deviation.threshold = 300 (default)
2019-09-24 04:21:08,986 [pool-439-thread-1] INFO  server.RaftServerConfigKeys (ConfUtils.java:logGet(43)) - raft.server.log.appender.install.snapshot.enabled = false (custom)
2019-09-24 04:21:08,986 [pool-429-thread-1] INFO  server.RaftServerConfigKeys (ConfUtils.java:logGet(43)) - raft.server.storage.dir = [/workdir/hadoop-ozone/integration-test/target/test-dir/MiniOzoneClusterImpl-70ed5c72-7c79-4e50-93d4-710ad6ee9320/datanode-2/data/ratis] (custom)
2019-09-24 04:21:08,987 [pool-439-thread-1] INFO  impl.RaftServerImpl (ServerState.java:<init>(103)) - 6e4d579b-45b2-4620-be61-729cd2425cf8@group-0EF5F165B4B4: ConfigurationManager, init=-1: [6e4d579b-45b2-4620-be61-729cd2425cf8:192.168.151.75:43112], old=null, confs=<EMPTY_MAP>
2019-09-24 04:21:08,987 [pool-439-thread-1] INFO  server.RaftServerConfigKeys (ConfUtils.java:logGet(43)) - raft.server.storage.dir = [/workdir/hadoop-ozone/integration-test/target/test-dir/MiniOzoneClusterImpl-70ed5c72-7c79-4e50-93d4-710ad6ee9320/datanode-3/data/ratis] (custom)
2019-09-24 04:21:08,987 [pool-429-thread-1] INFO  storage.RaftStorageDirectory (RaftStorageDirectory.java:analyzeStorage(246)) - The storage directory /workdir/hadoop-ozone/integration-test/target/test-dir/MiniOzoneClusterImpl-70ed5c72-7c79-4e50-93d4-710ad6ee9320/datanode-2/data/ratis/0a412a69-75ec-432a-b23d-5367271002a7 does not exist. Creating ...
2019-09-24 04:21:08,987 [pool-439-thread-1] INFO  storage.RaftStorageDirectory (RaftStorageDirectory.java:analyzeStorage(246)) - The storage directory /workdir/hadoop-ozone/integration-test/target/test-dir/MiniOzoneClusterImpl-70ed5c72-7c79-4e50-93d4-710ad6ee9320/datanode-3/data/ratis/adbf3db4-836f-44db-b4a9-0ef5f165b4b4 does not exist. Creating ...
2019-09-24 04:21:09,000 [pool-429-thread-1] INFO  storage.RaftStorageDirectory (RaftStorageDirectory.java:tryLock(328)) - Lock on /workdir/hadoop-ozone/integration-test/target/test-dir/MiniOzoneClusterImpl-70ed5c72-7c79-4e50-93d4-710ad6ee9320/datanode-2/data/ratis/0a412a69-75ec-432a-b23d-5367271002a7/in_use.lock acquired by nodename 22927@pr-hdds-2034-r6745-1453098948
2019-09-24 04:21:09,000 [pool-439-thread-1] INFO  storage.RaftStorageDirectory (RaftStorageDirectory.java:tryLock(328)) - Lock on /workdir/hadoop-ozone/integration-test/target/test-dir/MiniOzoneClusterImpl-70ed5c72-7c79-4e50-93d4-710ad6ee9320/datanode-3/data/ratis/adbf3db4-836f-44db-b4a9-0ef5f165b4b4/in_use.lock acquired by nodename 22927@pr-hdds-2034-r6745-1453098948
2019-09-24 04:21:09,013 [pool-429-thread-1] INFO  storage.RaftStorage (RaftStorage.java:format(72)) - Storage directory /workdir/hadoop-ozone/integration-test/target/test-dir/MiniOzoneClusterImpl-70ed5c72-7c79-4e50-93d4-710ad6ee9320/datanode-2/data/ratis/0a412a69-75ec-432a-b23d-5367271002a7 has been successfully formatted.
2019-09-24 04:21:09,013 [pool-439-thread-1] INFO  storage.RaftStorage (RaftStorage.java:format(72)) - Storage directory /workdir/hadoop-ozone/integration-test/target/test-dir/MiniOzoneClusterImpl-70ed5c72-7c79-4e50-93d4-710ad6ee9320/datanode-3/data/ratis/adbf3db4-836f-44db-b4a9-0ef5f165b4b4 has been successfully formatted.
2019-09-24 04:21:09,013 [pool-429-thread-1] INFO  ratis.ContainerStateMachine (ContainerStateMachine.java:loadSnapshot(230)) - group-5367271002A7: The snapshot info is null. Setting the last applied indexto:(t:0, i:~)
2019-09-24 04:21:09,013 [pool-439-thread-1] INFO  ratis.ContainerStateMachine (ContainerStateMachine.java:loadSnapshot(230)) - group-0EF5F165B4B4: The snapshot info is null. Setting the last applied indexto:(t:0, i:~)
2019-09-24 04:21:09,013 [pool-429-thread-1] INFO  server.RaftServerConfigKeys (ConfUtils.java:logGet(43)) - raft.server.notification.no-leader.timeout = 120s (custom)
2019-09-24 04:21:09,013 [pool-439-thread-1] INFO  server.RaftServerConfigKeys (ConfUtils.java:logGet(43)) - raft.server.notification.no-leader.timeout = 120s (custom)
2019-09-24 04:21:09,013 [pool-429-thread-1] INFO  server.RaftServerConfigKeys (ConfUtils.java:logGet(43)) - raft.server.log.use.memory = false (default)
2019-09-24 04:21:09,013 [pool-439-thread-1] INFO  server.RaftServerConfigKeys (ConfUtils.java:logGet(43)) - raft.server.log.use.memory = false (default)
2019-09-24 04:21:09,013 [pool-429-thread-1] INFO  server.RaftServerConfigKeys (ConfUtils.java:logGet(43)) - raft.server.log.purge.gap = 1000000 (custom)
2019-09-24 04:21:09,013 [pool-439-thread-1] INFO  server.RaftServerConfigKeys (ConfUtils.java:logGet(43)) - raft.server.log.purge.gap = 1000000 (custom)
2019-09-24 04:21:09,014 [pool-429-thread-1] INFO  server.RaftServerConfigKeys (ConfUtils.java:logGet(43)) - raft.server.log.appender.buffer.byte-limit = 33554432 (custom)
2019-09-24 04:21:09,014 [pool-439-thread-1] INFO  server.RaftServerConfigKeys (ConfUtils.java:logGet(43)) - raft.server.log.appender.buffer.byte-limit = 33554432 (custom)
2019-09-24 04:21:09,014 [pool-429-thread-1] INFO  server.RaftServerConfigKeys (ConfUtils.java:logGet(43)) - raft.server.log.segment.size.max = 1048576 (custom)
2019-09-24 04:21:09,014 [pool-439-thread-1] INFO  server.RaftServerConfigKeys (ConfUtils.java:logGet(43)) - raft.server.log.segment.size.max = 1048576 (custom)
2019-09-24 04:21:09,014 [pool-429-thread-1] INFO  server.RaftServerConfigKeys (ConfUtils.java:logGet(43)) - raft.server.log.segment.cache.num.max = 2 (custom)
2019-09-24 04:21:09,014 [pool-439-thread-1] INFO  server.RaftServerConfigKeys (ConfUtils.java:logGet(43)) - raft.server.log.segment.cache.num.max = 2 (custom)
2019-09-24 04:21:09,014 [pool-429-thread-1] INFO  segmented.SegmentedRaftLogWorker (SegmentedRaftLogWorker.java:<init>(172)) - new d7be0fc0-2c06-465f-bb8d-ff37d07082c9@group-5367271002A7-SegmentedRaftLogWorker for RaftStorage:Storage Directory /workdir/hadoop-ozone/integration-test/target/test-dir/MiniOzoneClusterImpl-70ed5c72-7c79-4e50-93d4-710ad6ee9320/datanode-2/data/ratis/0a412a69-75ec-432a-b23d-5367271002a7
2019-09-24 04:21:09,014 [pool-439-thread-1] INFO  segmented.SegmentedRaftLogWorker (SegmentedRaftLogWorker.java:<init>(172)) - new 6e4d579b-45b2-4620-be61-729cd2425cf8@group-0EF5F165B4B4-SegmentedRaftLogWorker for RaftStorage:Storage Directory /workdir/hadoop-ozone/integration-test/target/test-dir/MiniOzoneClusterImpl-70ed5c72-7c79-4e50-93d4-710ad6ee9320/datanode-3/data/ratis/adbf3db4-836f-44db-b4a9-0ef5f165b4b4
2019-09-24 04:21:09,014 [pool-429-thread-1] INFO  server.RaftServerConfigKeys (ConfUtils.java:logGet(43)) - raft.server.log.queue.byte-limit = 2147483647 (custom)
2019-09-24 04:21:09,014 [pool-429-thread-1] INFO  server.RaftServerConfigKeys (ConfUtils.java:logGet(43)) - raft.server.log.queue.element-limit = 1024 (custom)
2019-09-24 04:21:09,015 [pool-429-thread-1] INFO  server.RaftServerConfigKeys (ConfUtils.java:logGet(43)) - raft.server.log.segment.size.max = 1048576 (custom)
2019-09-24 04:21:09,015 [pool-429-thread-1] INFO  server.RaftServerConfigKeys (ConfUtils.java:logGet(43)) - raft.server.log.preallocated.size = 16384 (custom)
2019-09-24 04:21:09,015 [pool-429-thread-1] INFO  server.RaftServerConfigKeys (ConfUtils.java:logGet(43)) - raft.server.log.write.buffer.size = 33554432 (custom)
2019-09-24 04:21:09,015 [pool-429-thread-1] INFO  server.RaftServerConfigKeys (ConfUtils.java:logGet(43)) - raft.server.log.force.sync.num = 128 (default)
2019-09-24 04:21:09,015 [pool-429-thread-1] INFO  server.RaftServerConfigKeys (ConfUtils.java:logGet(43)) - raft.server.log.statemachine.data.sync = true (default)
2019-09-24 04:21:09,015 [pool-429-thread-1] INFO  server.RaftServerConfigKeys (ConfUtils.java:logGet(43)) - raft.server.log.statemachine.data.sync.timeout = 10s (default)
2019-09-24 04:21:09,015 [pool-429-thread-1] INFO  server.RaftServerConfigKeys (ConfUtils.java:logGet(43)) - raft.server.log.statemachine.data.sync.timeout.retry = -1 (default)
2019-09-24 04:21:09,015 [pool-429-thread-1] INFO  server.RaftServerConfigKeys (ConfUtils.java:logGet(43)) - raft.server.log.statemachine.data.caching.enabled = true (custom)
2019-09-24 04:21:09,015 [pool-439-thread-1] INFO  server.RaftServerConfigKeys (ConfUtils.java:logGet(43)) - raft.server.log.queue.byte-limit = 2147483647 (custom)
2019-09-24 04:21:09,015 [pool-429-thread-1] INFO  segmented.SegmentedRaftLogWorker (SegmentedRaftLogWorker.java:lambda$new$0(132)) - d7be0fc0-2c06-465f-bb8d-ff37d07082c9@group-5367271002A7-SegmentedRaftLogWorker: flushIndex: setUnconditionally 0 -> -1
2019-09-24 04:21:09,015 [pool-439-thread-1] INFO  server.RaftServerConfigKeys (ConfUtils.java:logGet(43)) - raft.server.log.queue.element-limit = 1024 (custom)
2019-09-24 04:21:09,016 [pool-429-thread-1] INFO  server.RaftServerConfigKeys (ConfUtils.java:logGet(43)) - raft.server.snapshot.auto.trigger.enabled = true (custom)
2019-09-24 04:21:09,016 [pool-439-thread-1] INFO  server.RaftServerConfigKeys (ConfUtils.java:logGet(43)) - raft.server.log.segment.size.max = 1048576 (custom)
2019-09-24 04:21:09,016 [pool-429-thread-1] INFO  server.RaftServerConfigKeys (ConfUtils.java:logGet(43)) - raft.server.snapshot.auto.trigger.threshold = 10000 (custom)
2019-09-24 04:21:09,016 [pool-439-thread-1] INFO  server.RaftServerConfigKeys (ConfUtils.java:logGet(43)) - raft.server.log.preallocated.size = 16384 (custom)
2019-09-24 04:21:09,016 [pool-429-thread-1] INFO  server.RaftServerConfigKeys (ConfUtils.java:logGet(43)) - raft.server.snapshot.retention.num.files = 5 (custom)
2019-09-24 04:21:09,016 [pool-439-thread-1] INFO  server.RaftServerConfigKeys (ConfUtils.java:logGet(43)) - raft.server.log.write.buffer.size = 33554432 (custom)
2019-09-24 04:21:09,016 [pool-429-thread-1] INFO  server.RaftServerConfigKeys (ConfUtils.java:logGet(43)) - raft.server.retrycache.expirytime = 600000ms (custom)
2019-09-24 04:21:09,016 [pool-439-thread-1] INFO  server.RaftServerConfigKeys (ConfUtils.java:logGet(43)) - raft.server.log.force.sync.num = 128 (default)
2019-09-24 04:21:09,016 [pool-439-thread-1] INFO  server.RaftServerConfigKeys (ConfUtils.java:logGet(43)) - raft.server.log.statemachine.data.sync = true (default)
2019-09-24 04:21:09,016 [pool-439-thread-1] INFO  server.RaftServerConfigKeys (ConfUtils.java:logGet(43)) - raft.server.log.statemachine.data.sync.timeout = 10s (default)
2019-09-24 04:21:09,017 [pool-439-thread-1] INFO  server.RaftServerConfigKeys (ConfUtils.java:logGet(43)) - raft.server.log.statemachine.data.sync.timeout.retry = -1 (default)
2019-09-24 04:21:09,017 [pool-439-thread-1] INFO  server.RaftServerConfigKeys (ConfUtils.java:logGet(43)) - raft.server.log.statemachine.data.caching.enabled = true (custom)
2019-09-24 04:21:09,017 [pool-439-thread-1] INFO  segmented.SegmentedRaftLogWorker (SegmentedRaftLogWorker.java:lambda$new$0(132)) - 6e4d579b-45b2-4620-be61-729cd2425cf8@group-0EF5F165B4B4-SegmentedRaftLogWorker: flushIndex: setUnconditionally 0 -> -1
2019-09-24 04:21:09,017 [pool-439-thread-1] INFO  server.RaftServerConfigKeys (ConfUtils.java:logGet(43)) - raft.server.snapshot.auto.trigger.enabled = true (custom)
2019-09-24 04:21:09,017 [pool-439-thread-1] INFO  server.RaftServerConfigKeys (ConfUtils.java:logGet(43)) - raft.server.snapshot.auto.trigger.threshold = 10000 (custom)
2019-09-24 04:21:09,017 [pool-439-thread-1] INFO  server.RaftServerConfigKeys (ConfUtils.java:logGet(43)) - raft.server.snapshot.retention.num.files = 5 (custom)
2019-09-24 04:21:09,017 [pool-439-thread-1] INFO  server.RaftServerConfigKeys (ConfUtils.java:logGet(43)) - raft.server.retrycache.expirytime = 600000ms (custom)
2019-09-24 04:21:09,017 [pool-429-thread-1] INFO  impl.RaftServerImpl (RaftServerImpl.java:start(185)) - d7be0fc0-2c06-465f-bb8d-ff37d07082c9@group-5367271002A7: start as a follower, conf=-1: [ef134360-ccd0-45a6-96d7-cad815354eed:192.168.151.75:46454, d7be0fc0-2c06-465f-bb8d-ff37d07082c9:192.168.151.75:38189, e615c22a-d22b-4b15-9ed2-177ac0ba27c8:192.168.151.75:43703], old=null
2019-09-24 04:21:09,018 [pool-429-thread-1] INFO  impl.RaftServerImpl (RaftServerImpl.java:setRole(174)) - d7be0fc0-2c06-465f-bb8d-ff37d07082c9@group-5367271002A7: changes role from      null to FOLLOWER at term 0 for startAsFollower
2019-09-24 04:21:09,018 [pool-429-thread-1] INFO  impl.RoleInfo (RoleInfo.java:updateAndGet(143)) - d7be0fc0-2c06-465f-bb8d-ff37d07082c9: start FollowerState
2019-09-24 04:21:09,018 [pool-429-thread-1] INFO  util.JmxRegister (JmxRegister.java:tryRegister(44)) - Successfully registered JMX Bean with object name Ratis:service=RaftServer,group=group-5367271002A7,id=d7be0fc0-2c06-465f-bb8d-ff37d07082c9
2019-09-24 04:21:09,018 [pool-439-thread-1] INFO  impl.RaftServerImpl (RaftServerImpl.java:start(185)) - 6e4d579b-45b2-4620-be61-729cd2425cf8@group-0EF5F165B4B4: start as a follower, conf=-1: [6e4d579b-45b2-4620-be61-729cd2425cf8:192.168.151.75:43112], old=null
2019-09-24 04:21:09,019 [pool-439-thread-1] INFO  impl.RaftServerImpl (RaftServerImpl.java:setRole(174)) - 6e4d579b-45b2-4620-be61-729cd2425cf8@group-0EF5F165B4B4: changes role from      null to FOLLOWER at term 0 for startAsFollower
2019-09-24 04:21:09,019 [pool-439-thread-1] INFO  impl.RoleInfo (RoleInfo.java:updateAndGet(143)) - 6e4d579b-45b2-4620-be61-729cd2425cf8: start FollowerState
2019-09-24 04:21:09,019 [pool-439-thread-1] INFO  util.JmxRegister (JmxRegister.java:tryRegister(44)) - Successfully registered JMX Bean with object name Ratis:service=RaftServer,group=group-0EF5F165B4B4,id=6e4d579b-45b2-4620-be61-729cd2425cf8
2019-09-24 04:21:09,020 [Command processor thread] INFO  commandhandler.CreatePipelineCommandHandler (CreatePipelineCommandHandler.java:handle(116)) - Create Pipeline RATIS THREE #PipelineID=0a412a69-75ec-432a-b23d-5367271002a7 command succeed on datanode d7be0fc0-2c06-465f-bb8d-ff37d07082c9.
2019-09-24 04:21:09,020 [Command processor thread] INFO  commandhandler.CreatePipelineCommandHandler (CreatePipelineCommandHandler.java:handle(116)) - Create Pipeline RATIS ONE #PipelineID=adbf3db4-836f-44db-b4a9-0ef5f165b4b4 command succeed on datanode 6e4d579b-45b2-4620-be61-729cd2425cf8.
2019-09-24 04:21:09,028 [grpc-default-executor-8] INFO  impl.RaftServerProxy (RaftServerProxy.java:addNew(89)) - 6e4d579b-45b2-4620-be61-729cd2425cf8: addNew group-5C556B373B53:[6e4d579b-45b2-4620-be61-729cd2425cf8:192.168.151.75:43112, 43ecf24d-7403-4a92-903b-bd0d080d9eca:192.168.151.75:40415, e7f42ddf-a327-4ac1-a3b9-ef80a1bb28b5:192.168.151.75:32958] returns group-5C556B373B53:java.util.concurrent.CompletableFuture@549a27fe[Not completed]
2019-09-24 04:21:09,029 [pool-439-thread-1] INFO  impl.RaftServerImpl (RaftServerImpl.java:<init>(95)) - 6e4d579b-45b2-4620-be61-729cd2425cf8: new RaftServerImpl for group-5C556B373B53:[6e4d579b-45b2-4620-be61-729cd2425cf8:192.168.151.75:43112, 43ecf24d-7403-4a92-903b-bd0d080d9eca:192.168.151.75:40415, e7f42ddf-a327-4ac1-a3b9-ef80a1bb28b5:192.168.151.75:32958] with ContainerStateMachine:uninitialized
2019-09-24 04:21:09,029 [pool-439-thread-1] INFO  server.RaftServerConfigKeys (ConfUtils.java:logGet(43)) - raft.server.rpc.timeout.min = 5s (custom)
2019-09-24 04:21:09,029 [pool-439-thread-1] INFO  server.RaftServerConfigKeys (ConfUtils.java:logGet(43)) - raft.server.rpc.timeout.max = 5200ms (custom)
2019-09-24 04:21:09,029 [pool-439-thread-1] INFO  server.RaftServerConfigKeys (ConfUtils.java:logGet(43)) - raft.server.rpcslowness.timeout = 120s (custom)
2019-09-24 04:21:09,029 [pool-439-thread-1] INFO  server.RaftServerConfigKeys (ConfUtils.java:logGet(43)) - raft.server.sleep.deviation.threshold = 300 (default)
2019-09-24 04:21:09,029 [pool-439-thread-1] INFO  server.RaftServerConfigKeys (ConfUtils.java:logGet(43)) - raft.server.log.appender.install.snapshot.enabled = false (custom)
2019-09-24 04:21:09,029 [pool-439-thread-1] INFO  impl.RaftServerImpl (ServerState.java:<init>(103)) - 6e4d579b-45b2-4620-be61-729cd2425cf8@group-5C556B373B53: ConfigurationManager, init=-1: [6e4d579b-45b2-4620-be61-729cd2425cf8:192.168.151.75:43112, 43ecf24d-7403-4a92-903b-bd0d080d9eca:192.168.151.75:40415, e7f42ddf-a327-4ac1-a3b9-ef80a1bb28b5:192.168.151.75:32958], old=null, confs=<EMPTY_MAP>
2019-09-24 04:21:09,029 [pool-439-thread-1] INFO  server.RaftServerConfigKeys (ConfUtils.java:logGet(43)) - raft.server.storage.dir = [/workdir/hadoop-ozone/integration-test/target/test-dir/MiniOzoneClusterImpl-70ed5c72-7c79-4e50-93d4-710ad6ee9320/datanode-3/data/ratis] (custom)
2019-09-24 04:21:09,030 [pool-439-thread-1] INFO  storage.RaftStorageDirectory (RaftStorageDirectory.java:analyzeStorage(246)) - The storage directory /workdir/hadoop-ozone/integration-test/target/test-dir/MiniOzoneClusterImpl-70ed5c72-7c79-4e50-93d4-710ad6ee9320/datanode-3/data/ratis/3dd83e0d-84fc-43de-b71d-5c556b373b53 does not exist. Creating ...
2019-09-24 04:21:09,038 [grpc-default-executor-8] INFO  impl.RaftServerProxy (RaftServerProxy.java:addNew(89)) - 43ecf24d-7403-4a92-903b-bd0d080d9eca: addNew group-53364E9DAC19:[43ecf24d-7403-4a92-903b-bd0d080d9eca:192.168.151.75:40415] returns group-53364E9DAC19:java.util.concurrent.CompletableFuture@4b910667[Not completed]
2019-09-24 04:21:09,040 [pool-449-thread-1] INFO  impl.RaftServerImpl (RaftServerImpl.java:<init>(95)) - 43ecf24d-7403-4a92-903b-bd0d080d9eca: new RaftServerImpl for group-53364E9DAC19:[43ecf24d-7403-4a92-903b-bd0d080d9eca:192.168.151.75:40415] with ContainerStateMachine:uninitialized
2019-09-24 04:21:09,040 [pool-449-thread-1] INFO  server.RaftServerConfigKeys (ConfUtils.java:logGet(43)) - raft.server.rpc.timeout.min = 5s (custom)
2019-09-24 04:21:09,040 [pool-439-thread-1] INFO  storage.RaftStorageDirectory (RaftStorageDirectory.java:tryLock(328)) - Lock on /workdir/hadoop-ozone/integration-test/target/test-dir/MiniOzoneClusterImpl-70ed5c72-7c79-4e50-93d4-710ad6ee9320/datanode-3/data/ratis/3dd83e0d-84fc-43de-b71d-5c556b373b53/in_use.lock acquired by nodename 22927@pr-hdds-2034-r6745-1453098948
2019-09-24 04:21:09,040 [pool-449-thread-1] INFO  server.RaftServerConfigKeys (ConfUtils.java:logGet(43)) - raft.server.rpc.timeout.max = 5200ms (custom)
2019-09-24 04:21:09,040 [pool-449-thread-1] INFO  server.RaftServerConfigKeys (ConfUtils.java:logGet(43)) - raft.server.rpcslowness.timeout = 120s (custom)
2019-09-24 04:21:09,040 [pool-449-thread-1] INFO  server.RaftServerConfigKeys (ConfUtils.java:logGet(43)) - raft.server.sleep.deviation.threshold = 300 (default)
2019-09-24 04:21:09,041 [pool-449-thread-1] INFO  server.RaftServerConfigKeys (ConfUtils.java:logGet(43)) - raft.server.log.appender.install.snapshot.enabled = false (custom)
2019-09-24 04:21:09,041 [pool-449-thread-1] INFO  impl.RaftServerImpl (ServerState.java:<init>(103)) - 43ecf24d-7403-4a92-903b-bd0d080d9eca@group-53364E9DAC19: ConfigurationManager, init=-1: [43ecf24d-7403-4a92-903b-bd0d080d9eca:192.168.151.75:40415], old=null, confs=<EMPTY_MAP>
2019-09-24 04:21:09,041 [pool-449-thread-1] INFO  server.RaftServerConfigKeys (ConfUtils.java:logGet(43)) - raft.server.storage.dir = [/workdir/hadoop-ozone/integration-test/target/test-dir/MiniOzoneClusterImpl-70ed5c72-7c79-4e50-93d4-710ad6ee9320/datanode-4/data/ratis] (custom)
2019-09-24 04:21:09,041 [pool-449-thread-1] INFO  storage.RaftStorageDirectory (RaftStorageDirectory.java:analyzeStorage(246)) - The storage directory /workdir/hadoop-ozone/integration-test/target/test-dir/MiniOzoneClusterImpl-70ed5c72-7c79-4e50-93d4-710ad6ee9320/datanode-4/data/ratis/946b1ca3-b3a0-4306-ba1d-53364e9dac19 does not exist. Creating ...
2019-09-24 04:21:09,052 [pool-449-thread-1] INFO  storage.RaftStorageDirectory (RaftStorageDirectory.java:tryLock(328)) - Lock on /workdir/hadoop-ozone/integration-test/target/test-dir/MiniOzoneClusterImpl-70ed5c72-7c79-4e50-93d4-710ad6ee9320/datanode-4/data/ratis/946b1ca3-b3a0-4306-ba1d-53364e9dac19/in_use.lock acquired by nodename 22927@pr-hdds-2034-r6745-1453098948
2019-09-24 04:21:09,052 [pool-439-thread-1] INFO  storage.RaftStorage (RaftStorage.java:format(72)) - Storage directory /workdir/hadoop-ozone/integration-test/target/test-dir/MiniOzoneClusterImpl-70ed5c72-7c79-4e50-93d4-710ad6ee9320/datanode-3/data/ratis/3dd83e0d-84fc-43de-b71d-5c556b373b53 has been successfully formatted.
2019-09-24 04:21:09,052 [pool-439-thread-1] INFO  ratis.ContainerStateMachine (ContainerStateMachine.java:loadSnapshot(230)) - group-5C556B373B53: The snapshot info is null. Setting the last applied indexto:(t:0, i:~)
2019-09-24 04:21:09,053 [pool-439-thread-1] INFO  server.RaftServerConfigKeys (ConfUtils.java:logGet(43)) - raft.server.notification.no-leader.timeout = 120s (custom)
2019-09-24 04:21:09,053 [pool-439-thread-1] INFO  server.RaftServerConfigKeys (ConfUtils.java:logGet(43)) - raft.server.log.use.memory = false (default)
2019-09-24 04:21:09,053 [pool-439-thread-1] INFO  server.RaftServerConfigKeys (ConfUtils.java:logGet(43)) - raft.server.log.purge.gap = 1000000 (custom)
2019-09-24 04:21:09,053 [pool-439-thread-1] INFO  server.RaftServerConfigKeys (ConfUtils.java:logGet(43)) - raft.server.log.appender.buffer.byte-limit = 33554432 (custom)
2019-09-24 04:21:09,053 [pool-439-thread-1] INFO  server.RaftServerConfigKeys (ConfUtils.java:logGet(43)) - raft.server.log.segment.size.max = 1048576 (custom)
2019-09-24 04:21:09,053 [pool-439-thread-1] INFO  server.RaftServerConfigKeys (ConfUtils.java:logGet(43)) - raft.server.log.segment.cache.num.max = 2 (custom)
2019-09-24 04:21:09,053 [pool-439-thread-1] INFO  segmented.SegmentedRaftLogWorker (SegmentedRaftLogWorker.java:<init>(172)) - new 6e4d579b-45b2-4620-be61-729cd2425cf8@group-5C556B373B53-SegmentedRaftLogWorker for RaftStorage:Storage Directory /workdir/hadoop-ozone/integration-test/target/test-dir/MiniOzoneClusterImpl-70ed5c72-7c79-4e50-93d4-710ad6ee9320/datanode-3/data/ratis/3dd83e0d-84fc-43de-b71d-5c556b373b53
2019-09-24 04:21:09,053 [pool-439-thread-1] INFO  server.RaftServerConfigKeys (ConfUtils.java:logGet(43)) - raft.server.log.queue.byte-limit = 2147483647 (custom)
2019-09-24 04:21:09,053 [pool-439-thread-1] INFO  server.RaftServerConfigKeys (ConfUtils.java:logGet(43)) - raft.server.log.queue.element-limit = 1024 (custom)
2019-09-24 04:21:09,054 [pool-439-thread-1] INFO  server.RaftServerConfigKeys (ConfUtils.java:logGet(43)) - raft.server.log.segment.size.max = 1048576 (custom)
2019-09-24 04:21:09,054 [pool-439-thread-1] INFO  server.RaftServerConfigKeys (ConfUtils.java:logGet(43)) - raft.server.log.preallocated.size = 16384 (custom)
2019-09-24 04:21:09,054 [pool-439-thread-1] INFO  server.RaftServerConfigKeys (ConfUtils.java:logGet(43)) - raft.server.log.write.buffer.size = 33554432 (custom)
2019-09-24 04:21:09,054 [pool-439-thread-1] INFO  server.RaftServerConfigKeys (ConfUtils.java:logGet(43)) - raft.server.log.force.sync.num = 128 (default)
2019-09-24 04:21:09,054 [pool-439-thread-1] INFO  server.RaftServerConfigKeys (ConfUtils.java:logGet(43)) - raft.server.log.statemachine.data.sync = true (default)
2019-09-24 04:21:09,054 [pool-439-thread-1] INFO  server.RaftServerConfigKeys (ConfUtils.java:logGet(43)) - raft.server.log.statemachine.data.sync.timeout = 10s (default)
2019-09-24 04:21:09,054 [pool-439-thread-1] INFO  server.RaftServerConfigKeys (ConfUtils.java:logGet(43)) - raft.server.log.statemachine.data.sync.timeout.retry = -1 (default)
2019-09-24 04:21:09,054 [pool-439-thread-1] INFO  server.RaftServerConfigKeys (ConfUtils.java:logGet(43)) - raft.server.log.statemachine.data.caching.enabled = true (custom)
2019-09-24 04:21:09,054 [pool-439-thread-1] INFO  segmented.SegmentedRaftLogWorker (SegmentedRaftLogWorker.java:lambda$new$0(132)) - 6e4d579b-45b2-4620-be61-729cd2425cf8@group-5C556B373B53-SegmentedRaftLogWorker: flushIndex: setUnconditionally 0 -> -1
2019-09-24 04:21:09,055 [pool-439-thread-1] INFO  server.RaftServerConfigKeys (ConfUtils.java:logGet(43)) - raft.server.snapshot.auto.trigger.enabled = true (custom)
2019-09-24 04:21:09,055 [pool-439-thread-1] INFO  server.RaftServerConfigKeys (ConfUtils.java:logGet(43)) - raft.server.snapshot.auto.trigger.threshold = 10000 (custom)
2019-09-24 04:21:09,055 [pool-439-thread-1] INFO  server.RaftServerConfigKeys (ConfUtils.java:logGet(43)) - raft.server.snapshot.retention.num.files = 5 (custom)
2019-09-24 04:21:09,055 [pool-439-thread-1] INFO  server.RaftServerConfigKeys (ConfUtils.java:logGet(43)) - raft.server.retrycache.expirytime = 600000ms (custom)
2019-09-24 04:21:09,056 [pool-439-thread-1] INFO  impl.RaftServerImpl (RaftServerImpl.java:start(185)) - 6e4d579b-45b2-4620-be61-729cd2425cf8@group-5C556B373B53: start as a follower, conf=-1: [6e4d579b-45b2-4620-be61-729cd2425cf8:192.168.151.75:43112, 43ecf24d-7403-4a92-903b-bd0d080d9eca:192.168.151.75:40415, e7f42ddf-a327-4ac1-a3b9-ef80a1bb28b5:192.168.151.75:32958], old=null
2019-09-24 04:21:09,056 [pool-439-thread-1] INFO  impl.RaftServerImpl (RaftServerImpl.java:setRole(174)) - 6e4d579b-45b2-4620-be61-729cd2425cf8@group-5C556B373B53: changes role from      null to FOLLOWER at term 0 for startAsFollower
2019-09-24 04:21:09,056 [pool-439-thread-1] INFO  impl.RoleInfo (RoleInfo.java:updateAndGet(143)) - 6e4d579b-45b2-4620-be61-729cd2425cf8: start FollowerState
2019-09-24 04:21:09,056 [pool-439-thread-1] INFO  util.JmxRegister (JmxRegister.java:tryRegister(44)) - Successfully registered JMX Bean with object name Ratis:service=RaftServer,group=group-5C556B373B53,id=6e4d579b-45b2-4620-be61-729cd2425cf8
2019-09-24 04:21:09,058 [Command processor thread] INFO  commandhandler.CreatePipelineCommandHandler (CreatePipelineCommandHandler.java:handle(116)) - Create Pipeline RATIS THREE #PipelineID=3dd83e0d-84fc-43de-b71d-5c556b373b53 command succeed on datanode 6e4d579b-45b2-4620-be61-729cd2425cf8.
2019-09-24 04:21:09,064 [pool-449-thread-1] INFO  storage.RaftStorage (RaftStorage.java:format(72)) - Storage directory /workdir/hadoop-ozone/integration-test/target/test-dir/MiniOzoneClusterImpl-70ed5c72-7c79-4e50-93d4-710ad6ee9320/datanode-4/data/ratis/946b1ca3-b3a0-4306-ba1d-53364e9dac19 has been successfully formatted.
2019-09-24 04:21:09,064 [pool-449-thread-1] INFO  ratis.ContainerStateMachine (ContainerStateMachine.java:loadSnapshot(230)) - group-53364E9DAC19: The snapshot info is null. Setting the last applied indexto:(t:0, i:~)
2019-09-24 04:21:09,064 [pool-449-thread-1] INFO  server.RaftServerConfigKeys (ConfUtils.java:logGet(43)) - raft.server.notification.no-leader.timeout = 120s (custom)
2019-09-24 04:21:09,064 [pool-449-thread-1] INFO  server.RaftServerConfigKeys (ConfUtils.java:logGet(43)) - raft.server.log.use.memory = false (default)
2019-09-24 04:21:09,064 [pool-449-thread-1] INFO  server.RaftServerConfigKeys (ConfUtils.java:logGet(43)) - raft.server.log.purge.gap = 1000000 (custom)
2019-09-24 04:21:09,064 [pool-449-thread-1] INFO  server.RaftServerConfigKeys (ConfUtils.java:logGet(43)) - raft.server.log.appender.buffer.byte-limit = 33554432 (custom)
2019-09-24 04:21:09,064 [pool-449-thread-1] INFO  server.RaftServerConfigKeys (ConfUtils.java:logGet(43)) - raft.server.log.segment.size.max = 1048576 (custom)
2019-09-24 04:21:09,064 [pool-449-thread-1] INFO  server.RaftServerConfigKeys (ConfUtils.java:logGet(43)) - raft.server.log.segment.cache.num.max = 2 (custom)
2019-09-24 04:21:09,064 [pool-449-thread-1] INFO  segmented.SegmentedRaftLogWorker (SegmentedRaftLogWorker.java:<init>(172)) - new 43ecf24d-7403-4a92-903b-bd0d080d9eca@group-53364E9DAC19-SegmentedRaftLogWorker for RaftStorage:Storage Directory /workdir/hadoop-ozone/integration-test/target/test-dir/MiniOzoneClusterImpl-70ed5c72-7c79-4e50-93d4-710ad6ee9320/datanode-4/data/ratis/946b1ca3-b3a0-4306-ba1d-53364e9dac19
2019-09-24 04:21:09,066 [pool-449-thread-1] INFO  server.RaftServerConfigKeys (ConfUtils.java:logGet(43)) - raft.server.log.queue.byte-limit = 2147483647 (custom)
2019-09-24 04:21:09,067 [pool-449-thread-1] INFO  server.RaftServerConfigKeys (ConfUtils.java:logGet(43)) - raft.server.log.queue.element-limit = 1024 (custom)
2019-09-24 04:21:09,067 [pool-449-thread-1] INFO  server.RaftServerConfigKeys (ConfUtils.java:logGet(43)) - raft.server.log.segment.size.max = 1048576 (custom)
2019-09-24 04:21:09,067 [pool-449-thread-1] INFO  server.RaftServerConfigKeys (ConfUtils.java:logGet(43)) - raft.server.log.preallocated.size = 16384 (custom)
2019-09-24 04:21:09,067 [pool-449-thread-1] INFO  server.RaftServerConfigKeys (ConfUtils.java:logGet(43)) - raft.server.log.write.buffer.size = 33554432 (custom)
2019-09-24 04:21:09,067 [pool-449-thread-1] INFO  server.RaftServerConfigKeys (ConfUtils.java:logGet(43)) - raft.server.log.force.sync.num = 128 (default)
2019-09-24 04:21:09,067 [pool-449-thread-1] INFO  server.RaftServerConfigKeys (ConfUtils.java:logGet(43)) - raft.server.log.statemachine.data.sync = true (default)
2019-09-24 04:21:09,067 [pool-449-thread-1] INFO  server.RaftServerConfigKeys (ConfUtils.java:logGet(43)) - raft.server.log.statemachine.data.sync.timeout = 10s (default)
2019-09-24 04:21:09,067 [pool-449-thread-1] INFO  server.RaftServerConfigKeys (ConfUtils.java:logGet(43)) - raft.server.log.statemachine.data.sync.timeout.retry = -1 (default)
2019-09-24 04:21:09,067 [pool-449-thread-1] INFO  server.RaftServerConfigKeys (ConfUtils.java:logGet(43)) - raft.server.log.statemachine.data.caching.enabled = true (custom)
2019-09-24 04:21:09,068 [pool-449-thread-1] INFO  segmented.SegmentedRaftLogWorker (SegmentedRaftLogWorker.java:lambda$new$0(132)) - 43ecf24d-7403-4a92-903b-bd0d080d9eca@group-53364E9DAC19-SegmentedRaftLogWorker: flushIndex: setUnconditionally 0 -> -1
2019-09-24 04:21:09,068 [pool-449-thread-1] INFO  server.RaftServerConfigKeys (ConfUtils.java:logGet(43)) - raft.server.snapshot.auto.trigger.enabled = true (custom)
2019-09-24 04:21:09,068 [pool-449-thread-1] INFO  server.RaftServerConfigKeys (ConfUtils.java:logGet(43)) - raft.server.snapshot.auto.trigger.threshold = 10000 (custom)
2019-09-24 04:21:09,068 [pool-449-thread-1] INFO  server.RaftServerConfigKeys (ConfUtils.java:logGet(43)) - raft.server.snapshot.retention.num.files = 5 (custom)
2019-09-24 04:21:09,068 [pool-449-thread-1] INFO  server.RaftServerConfigKeys (ConfUtils.java:logGet(43)) - raft.server.retrycache.expirytime = 600000ms (custom)
2019-09-24 04:21:09,069 [pool-449-thread-1] INFO  impl.RaftServerImpl (RaftServerImpl.java:start(185)) - 43ecf24d-7403-4a92-903b-bd0d080d9eca@group-53364E9DAC19: start as a follower, conf=-1: [43ecf24d-7403-4a92-903b-bd0d080d9eca:192.168.151.75:40415], old=null
2019-09-24 04:21:09,069 [pool-449-thread-1] INFO  impl.RaftServerImpl (RaftServerImpl.java:setRole(174)) - 43ecf24d-7403-4a92-903b-bd0d080d9eca@group-53364E9DAC19: changes role from      null to FOLLOWER at term 0 for startAsFollower
2019-09-24 04:21:09,069 [pool-449-thread-1] INFO  impl.RoleInfo (RoleInfo.java:updateAndGet(143)) - 43ecf24d-7403-4a92-903b-bd0d080d9eca: start FollowerState
2019-09-24 04:21:09,070 [pool-449-thread-1] INFO  util.JmxRegister (JmxRegister.java:tryRegister(44)) - Successfully registered JMX Bean with object name Ratis:service=RaftServer,group=group-53364E9DAC19,id=43ecf24d-7403-4a92-903b-bd0d080d9eca
2019-09-24 04:21:09,071 [Command processor thread] INFO  commandhandler.CreatePipelineCommandHandler (CreatePipelineCommandHandler.java:handle(116)) - Create Pipeline RATIS ONE #PipelineID=946b1ca3-b3a0-4306-ba1d-53364e9dac19 command succeed on datanode 43ecf24d-7403-4a92-903b-bd0d080d9eca.
2019-09-24 04:21:09,076 [grpc-default-executor-8] INFO  impl.RaftServerProxy (RaftServerProxy.java:addNew(89)) - 43ecf24d-7403-4a92-903b-bd0d080d9eca: addNew group-5C556B373B53:[6e4d579b-45b2-4620-be61-729cd2425cf8:192.168.151.75:43112, 43ecf24d-7403-4a92-903b-bd0d080d9eca:192.168.151.75:40415, e7f42ddf-a327-4ac1-a3b9-ef80a1bb28b5:192.168.151.75:32958] returns group-5C556B373B53:java.util.concurrent.CompletableFuture@5436ac16[Not completed]
2019-09-24 04:21:09,077 [pool-449-thread-1] INFO  impl.RaftServerImpl (RaftServerImpl.java:<init>(95)) - 43ecf24d-7403-4a92-903b-bd0d080d9eca: new RaftServerImpl for group-5C556B373B53:[6e4d579b-45b2-4620-be61-729cd2425cf8:192.168.151.75:43112, 43ecf24d-7403-4a92-903b-bd0d080d9eca:192.168.151.75:40415, e7f42ddf-a327-4ac1-a3b9-ef80a1bb28b5:192.168.151.75:32958] with ContainerStateMachine:uninitialized
2019-09-24 04:21:09,077 [pool-449-thread-1] INFO  server.RaftServerConfigKeys (ConfUtils.java:logGet(43)) - raft.server.rpc.timeout.min = 5s (custom)
2019-09-24 04:21:09,077 [pool-449-thread-1] INFO  server.RaftServerConfigKeys (ConfUtils.java:logGet(43)) - raft.server.rpc.timeout.max = 5200ms (custom)
2019-09-24 04:21:09,077 [pool-449-thread-1] INFO  server.RaftServerConfigKeys (ConfUtils.java:logGet(43)) - raft.server.rpcslowness.timeout = 120s (custom)
2019-09-24 04:21:09,077 [pool-449-thread-1] INFO  server.RaftServerConfigKeys (ConfUtils.java:logGet(43)) - raft.server.sleep.deviation.threshold = 300 (default)
2019-09-24 04:21:09,077 [pool-449-thread-1] INFO  server.RaftServerConfigKeys (ConfUtils.java:logGet(43)) - raft.server.log.appender.install.snapshot.enabled = false (custom)
2019-09-24 04:21:09,077 [pool-449-thread-1] INFO  impl.RaftServerImpl (ServerState.java:<init>(103)) - 43ecf24d-7403-4a92-903b-bd0d080d9eca@group-5C556B373B53: ConfigurationManager, init=-1: [6e4d579b-45b2-4620-be61-729cd2425cf8:192.168.151.75:43112, 43ecf24d-7403-4a92-903b-bd0d080d9eca:192.168.151.75:40415, e7f42ddf-a327-4ac1-a3b9-ef80a1bb28b5:192.168.151.75:32958], old=null, confs=<EMPTY_MAP>
2019-09-24 04:21:09,077 [pool-449-thread-1] INFO  server.RaftServerConfigKeys (ConfUtils.java:logGet(43)) - raft.server.storage.dir = [/workdir/hadoop-ozone/integration-test/target/test-dir/MiniOzoneClusterImpl-70ed5c72-7c79-4e50-93d4-710ad6ee9320/datanode-4/data/ratis] (custom)
2019-09-24 04:21:09,078 [pool-449-thread-1] INFO  storage.RaftStorageDirectory (RaftStorageDirectory.java:analyzeStorage(246)) - The storage directory /workdir/hadoop-ozone/integration-test/target/test-dir/MiniOzoneClusterImpl-70ed5c72-7c79-4e50-93d4-710ad6ee9320/datanode-4/data/ratis/3dd83e0d-84fc-43de-b71d-5c556b373b53 does not exist. Creating ...
2019-09-24 04:21:09,081 [pool-449-thread-1] INFO  storage.RaftStorageDirectory (RaftStorageDirectory.java:tryLock(328)) - Lock on /workdir/hadoop-ozone/integration-test/target/test-dir/MiniOzoneClusterImpl-70ed5c72-7c79-4e50-93d4-710ad6ee9320/datanode-4/data/ratis/3dd83e0d-84fc-43de-b71d-5c556b373b53/in_use.lock acquired by nodename 22927@pr-hdds-2034-r6745-1453098948
2019-09-24 04:21:09,094 [pool-449-thread-1] INFO  storage.RaftStorage (RaftStorage.java:format(72)) - Storage directory /workdir/hadoop-ozone/integration-test/target/test-dir/MiniOzoneClusterImpl-70ed5c72-7c79-4e50-93d4-710ad6ee9320/datanode-4/data/ratis/3dd83e0d-84fc-43de-b71d-5c556b373b53 has been successfully formatted.
2019-09-24 04:21:09,094 [pool-449-thread-1] INFO  ratis.ContainerStateMachine (ContainerStateMachine.java:loadSnapshot(230)) - group-5C556B373B53: The snapshot info is null. Setting the last applied indexto:(t:0, i:~)
2019-09-24 04:21:09,094 [pool-449-thread-1] INFO  server.RaftServerConfigKeys (ConfUtils.java:logGet(43)) - raft.server.notification.no-leader.timeout = 120s (custom)
2019-09-24 04:21:09,094 [pool-449-thread-1] INFO  server.RaftServerConfigKeys (ConfUtils.java:logGet(43)) - raft.server.log.use.memory = false (default)
2019-09-24 04:21:09,094 [pool-449-thread-1] INFO  server.RaftServerConfigKeys (ConfUtils.java:logGet(43)) - raft.server.log.purge.gap = 1000000 (custom)
2019-09-24 04:21:09,094 [pool-449-thread-1] INFO  server.RaftServerConfigKeys (ConfUtils.java:logGet(43)) - raft.server.log.appender.buffer.byte-limit = 33554432 (custom)
2019-09-24 04:21:09,094 [pool-449-thread-1] INFO  server.RaftServerConfigKeys (ConfUtils.java:logGet(43)) - raft.server.log.segment.size.max = 1048576 (custom)
2019-09-24 04:21:09,094 [pool-449-thread-1] INFO  server.RaftServerConfigKeys (ConfUtils.java:logGet(43)) - raft.server.log.segment.cache.num.max = 2 (custom)
2019-09-24 04:21:09,095 [pool-449-thread-1] INFO  segmented.SegmentedRaftLogWorker (SegmentedRaftLogWorker.java:<init>(172)) - new 43ecf24d-7403-4a92-903b-bd0d080d9eca@group-5C556B373B53-SegmentedRaftLogWorker for RaftStorage:Storage Directory /workdir/hadoop-ozone/integration-test/target/test-dir/MiniOzoneClusterImpl-70ed5c72-7c79-4e50-93d4-710ad6ee9320/datanode-4/data/ratis/3dd83e0d-84fc-43de-b71d-5c556b373b53
2019-09-24 04:21:09,095 [pool-449-thread-1] INFO  server.RaftServerConfigKeys (ConfUtils.java:logGet(43)) - raft.server.log.queue.byte-limit = 2147483647 (custom)
2019-09-24 04:21:09,095 [pool-449-thread-1] INFO  server.RaftServerConfigKeys (ConfUtils.java:logGet(43)) - raft.server.log.queue.element-limit = 1024 (custom)
2019-09-24 04:21:09,095 [pool-449-thread-1] INFO  server.RaftServerConfigKeys (ConfUtils.java:logGet(43)) - raft.server.log.segment.size.max = 1048576 (custom)
2019-09-24 04:21:09,095 [pool-449-thread-1] INFO  server.RaftServerConfigKeys (ConfUtils.java:logGet(43)) - raft.server.log.preallocated.size = 16384 (custom)
2019-09-24 04:21:09,095 [pool-449-thread-1] INFO  server.RaftServerConfigKeys (ConfUtils.java:logGet(43)) - raft.server.log.write.buffer.size = 33554432 (custom)
2019-09-24 04:21:09,095 [pool-449-thread-1] INFO  server.RaftServerConfigKeys (ConfUtils.java:logGet(43)) - raft.server.log.force.sync.num = 128 (default)
2019-09-24 04:21:09,095 [pool-449-thread-1] INFO  server.RaftServerConfigKeys (ConfUtils.java:logGet(43)) - raft.server.log.statemachine.data.sync = true (default)
2019-09-24 04:21:09,095 [pool-449-thread-1] INFO  server.RaftServerConfigKeys (ConfUtils.java:logGet(43)) - raft.server.log.statemachine.data.sync.timeout = 10s (default)
2019-09-24 04:21:09,096 [pool-449-thread-1] INFO  server.RaftServerConfigKeys (ConfUtils.java:logGet(43)) - raft.server.log.statemachine.data.sync.timeout.retry = -1 (default)
2019-09-24 04:21:09,096 [pool-449-thread-1] INFO  server.RaftServerConfigKeys (ConfUtils.java:logGet(43)) - raft.server.log.statemachine.data.caching.enabled = true (custom)
2019-09-24 04:21:09,096 [pool-449-thread-1] INFO  segmented.SegmentedRaftLogWorker (SegmentedRaftLogWorker.java:lambda$new$0(132)) - 43ecf24d-7403-4a92-903b-bd0d080d9eca@group-5C556B373B53-SegmentedRaftLogWorker: flushIndex: setUnconditionally 0 -> -1
2019-09-24 04:21:09,096 [pool-449-thread-1] INFO  server.RaftServerConfigKeys (ConfUtils.java:logGet(43)) - raft.server.snapshot.auto.trigger.enabled = true (custom)
2019-09-24 04:21:09,096 [pool-449-thread-1] INFO  server.RaftServerConfigKeys (ConfUtils.java:logGet(43)) - raft.server.snapshot.auto.trigger.threshold = 10000 (custom)
2019-09-24 04:21:09,096 [pool-449-thread-1] INFO  server.RaftServerConfigKeys (ConfUtils.java:logGet(43)) - raft.server.snapshot.retention.num.files = 5 (custom)
2019-09-24 04:21:09,096 [pool-449-thread-1] INFO  server.RaftServerConfigKeys (ConfUtils.java:logGet(43)) - raft.server.retrycache.expirytime = 600000ms (custom)
2019-09-24 04:21:09,098 [pool-449-thread-1] INFO  impl.RaftServerImpl (RaftServerImpl.java:start(185)) - 43ecf24d-7403-4a92-903b-bd0d080d9eca@group-5C556B373B53: start as a follower, conf=-1: [6e4d579b-45b2-4620-be61-729cd2425cf8:192.168.151.75:43112, 43ecf24d-7403-4a92-903b-bd0d080d9eca:192.168.151.75:40415, e7f42ddf-a327-4ac1-a3b9-ef80a1bb28b5:192.168.151.75:32958], old=null
2019-09-24 04:21:09,098 [pool-449-thread-1] INFO  impl.RaftServerImpl (RaftServerImpl.java:setRole(174)) - 43ecf24d-7403-4a92-903b-bd0d080d9eca@group-5C556B373B53: changes role from      null to FOLLOWER at term 0 for startAsFollower
2019-09-24 04:21:09,100 [pool-449-thread-1] INFO  impl.RoleInfo (RoleInfo.java:updateAndGet(143)) - 43ecf24d-7403-4a92-903b-bd0d080d9eca: start FollowerState
2019-09-24 04:21:09,102 [pool-449-thread-1] INFO  util.JmxRegister (JmxRegister.java:tryRegister(44)) - Successfully registered JMX Bean with object name Ratis:service=RaftServer,group=group-5C556B373B53,id=43ecf24d-7403-4a92-903b-bd0d080d9eca
2019-09-24 04:21:09,102 [grpc-default-executor-8] INFO  impl.RaftServerProxy (RaftServerProxy.java:addNew(89)) - e7f42ddf-a327-4ac1-a3b9-ef80a1bb28b5: addNew group-4E02D81BF771:[e7f42ddf-a327-4ac1-a3b9-ef80a1bb28b5:192.168.151.75:32958] returns group-4E02D81BF771:java.util.concurrent.CompletableFuture@4a478d98[Not completed]
2019-09-24 04:21:09,103 [pool-459-thread-1] INFO  impl.RaftServerImpl (RaftServerImpl.java:<init>(95)) - e7f42ddf-a327-4ac1-a3b9-ef80a1bb28b5: new RaftServerImpl for group-4E02D81BF771:[e7f42ddf-a327-4ac1-a3b9-ef80a1bb28b5:192.168.151.75:32958] with ContainerStateMachine:uninitialized
2019-09-24 04:21:09,104 [pool-459-thread-1] INFO  server.RaftServerConfigKeys (ConfUtils.java:logGet(43)) - raft.server.rpc.timeout.min = 5s (custom)
2019-09-24 04:21:09,104 [Command processor thread] INFO  commandhandler.CreatePipelineCommandHandler (CreatePipelineCommandHandler.java:handle(116)) - Create Pipeline RATIS THREE #PipelineID=3dd83e0d-84fc-43de-b71d-5c556b373b53 command succeed on datanode 43ecf24d-7403-4a92-903b-bd0d080d9eca.
2019-09-24 04:21:09,104 [pool-459-thread-1] INFO  server.RaftServerConfigKeys (ConfUtils.java:logGet(43)) - raft.server.rpc.timeout.max = 5200ms (custom)
2019-09-24 04:21:09,104 [pool-459-thread-1] INFO  server.RaftServerConfigKeys (ConfUtils.java:logGet(43)) - raft.server.rpcslowness.timeout = 120s (custom)
2019-09-24 04:21:09,104 [pool-459-thread-1] INFO  server.RaftServerConfigKeys (ConfUtils.java:logGet(43)) - raft.server.sleep.deviation.threshold = 300 (default)
2019-09-24 04:21:09,104 [pool-459-thread-1] INFO  server.RaftServerConfigKeys (ConfUtils.java:logGet(43)) - raft.server.log.appender.install.snapshot.enabled = false (custom)
2019-09-24 04:21:09,104 [pool-459-thread-1] INFO  impl.RaftServerImpl (ServerState.java:<init>(103)) - e7f42ddf-a327-4ac1-a3b9-ef80a1bb28b5@group-4E02D81BF771: ConfigurationManager, init=-1: [e7f42ddf-a327-4ac1-a3b9-ef80a1bb28b5:192.168.151.75:32958], old=null, confs=<EMPTY_MAP>
2019-09-24 04:21:09,104 [pool-459-thread-1] INFO  server.RaftServerConfigKeys (ConfUtils.java:logGet(43)) - raft.server.storage.dir = [/workdir/hadoop-ozone/integration-test/target/test-dir/MiniOzoneClusterImpl-70ed5c72-7c79-4e50-93d4-710ad6ee9320/datanode-5/data/ratis] (custom)
2019-09-24 04:21:09,105 [pool-459-thread-1] INFO  storage.RaftStorageDirectory (RaftStorageDirectory.java:analyzeStorage(246)) - The storage directory /workdir/hadoop-ozone/integration-test/target/test-dir/MiniOzoneClusterImpl-70ed5c72-7c79-4e50-93d4-710ad6ee9320/datanode-5/data/ratis/0765036a-339c-43da-9fc3-4e02d81bf771 does not exist. Creating ...
2019-09-24 04:21:09,118 [pool-459-thread-1] INFO  storage.RaftStorageDirectory (RaftStorageDirectory.java:tryLock(328)) - Lock on /workdir/hadoop-ozone/integration-test/target/test-dir/MiniOzoneClusterImpl-70ed5c72-7c79-4e50-93d4-710ad6ee9320/datanode-5/data/ratis/0765036a-339c-43da-9fc3-4e02d81bf771/in_use.lock acquired by nodename 22927@pr-hdds-2034-r6745-1453098948
2019-09-24 04:21:09,128 [pool-459-thread-1] INFO  storage.RaftStorage (RaftStorage.java:format(72)) - Storage directory /workdir/hadoop-ozone/integration-test/target/test-dir/MiniOzoneClusterImpl-70ed5c72-7c79-4e50-93d4-710ad6ee9320/datanode-5/data/ratis/0765036a-339c-43da-9fc3-4e02d81bf771 has been successfully formatted.
2019-09-24 04:21:09,128 [pool-459-thread-1] INFO  ratis.ContainerStateMachine (ContainerStateMachine.java:loadSnapshot(230)) - group-4E02D81BF771: The snapshot info is null. Setting the last applied indexto:(t:0, i:~)
2019-09-24 04:21:09,128 [pool-459-thread-1] INFO  server.RaftServerConfigKeys (ConfUtils.java:logGet(43)) - raft.server.notification.no-leader.timeout = 120s (custom)
2019-09-24 04:21:09,128 [pool-459-thread-1] INFO  server.RaftServerConfigKeys (ConfUtils.java:logGet(43)) - raft.server.log.use.memory = false (default)
2019-09-24 04:21:09,128 [pool-459-thread-1] INFO  server.RaftServerConfigKeys (ConfUtils.java:logGet(43)) - raft.server.log.purge.gap = 1000000 (custom)
2019-09-24 04:21:09,128 [pool-459-thread-1] INFO  server.RaftServerConfigKeys (ConfUtils.java:logGet(43)) - raft.server.log.appender.buffer.byte-limit = 33554432 (custom)
2019-09-24 04:21:09,129 [pool-459-thread-1] INFO  server.RaftServerConfigKeys (ConfUtils.java:logGet(43)) - raft.server.log.segment.size.max = 1048576 (custom)
2019-09-24 04:21:09,129 [pool-459-thread-1] INFO  server.RaftServerConfigKeys (ConfUtils.java:logGet(43)) - raft.server.log.segment.cache.num.max = 2 (custom)
2019-09-24 04:21:09,129 [pool-459-thread-1] INFO  segmented.SegmentedRaftLogWorker (SegmentedRaftLogWorker.java:<init>(172)) - new e7f42ddf-a327-4ac1-a3b9-ef80a1bb28b5@group-4E02D81BF771-SegmentedRaftLogWorker for RaftStorage:Storage Directory /workdir/hadoop-ozone/integration-test/target/test-dir/MiniOzoneClusterImpl-70ed5c72-7c79-4e50-93d4-710ad6ee9320/datanode-5/data/ratis/0765036a-339c-43da-9fc3-4e02d81bf771
2019-09-24 04:21:09,131 [pool-459-thread-1] INFO  server.RaftServerConfigKeys (ConfUtils.java:logGet(43)) - raft.server.log.queue.byte-limit = 2147483647 (custom)
2019-09-24 04:21:09,131 [pool-459-thread-1] INFO  server.RaftServerConfigKeys (ConfUtils.java:logGet(43)) - raft.server.log.queue.element-limit = 1024 (custom)
2019-09-24 04:21:09,131 [pool-459-thread-1] INFO  server.RaftServerConfigKeys (ConfUtils.java:logGet(43)) - raft.server.log.segment.size.max = 1048576 (custom)
2019-09-24 04:21:09,131 [pool-459-thread-1] INFO  server.RaftServerConfigKeys (ConfUtils.java:logGet(43)) - raft.server.log.preallocated.size = 16384 (custom)
2019-09-24 04:21:09,131 [pool-459-thread-1] INFO  server.RaftServerConfigKeys (ConfUtils.java:logGet(43)) - raft.server.log.write.buffer.size = 33554432 (custom)
2019-09-24 04:21:09,131 [pool-459-thread-1] INFO  server.RaftServerConfigKeys (ConfUtils.java:logGet(43)) - raft.server.log.force.sync.num = 128 (default)
2019-09-24 04:21:09,131 [pool-459-thread-1] INFO  server.RaftServerConfigKeys (ConfUtils.java:logGet(43)) - raft.server.log.statemachine.data.sync = true (default)
2019-09-24 04:21:09,132 [pool-459-thread-1] INFO  server.RaftServerConfigKeys (ConfUtils.java:logGet(43)) - raft.server.log.statemachine.data.sync.timeout = 10s (default)
2019-09-24 04:21:09,132 [pool-459-thread-1] INFO  server.RaftServerConfigKeys (ConfUtils.java:logGet(43)) - raft.server.log.statemachine.data.sync.timeout.retry = -1 (default)
2019-09-24 04:21:09,132 [pool-459-thread-1] INFO  server.RaftServerConfigKeys (ConfUtils.java:logGet(43)) - raft.server.log.statemachine.data.caching.enabled = true (custom)
2019-09-24 04:21:09,132 [pool-459-thread-1] INFO  segmented.SegmentedRaftLogWorker (SegmentedRaftLogWorker.java:lambda$new$0(132)) - e7f42ddf-a327-4ac1-a3b9-ef80a1bb28b5@group-4E02D81BF771-SegmentedRaftLogWorker: flushIndex: setUnconditionally 0 -> -1
2019-09-24 04:21:09,133 [pool-459-thread-1] INFO  server.RaftServerConfigKeys (ConfUtils.java:logGet(43)) - raft.server.snapshot.auto.trigger.enabled = true (custom)
2019-09-24 04:21:09,133 [pool-459-thread-1] INFO  server.RaftServerConfigKeys (ConfUtils.java:logGet(43)) - raft.server.snapshot.auto.trigger.threshold = 10000 (custom)
2019-09-24 04:21:09,133 [pool-459-thread-1] INFO  server.RaftServerConfigKeys (ConfUtils.java:logGet(43)) - raft.server.snapshot.retention.num.files = 5 (custom)
2019-09-24 04:21:09,133 [pool-459-thread-1] INFO  server.RaftServerConfigKeys (ConfUtils.java:logGet(43)) - raft.server.retrycache.expirytime = 600000ms (custom)
2019-09-24 04:21:09,135 [pool-459-thread-1] INFO  impl.RaftServerImpl (RaftServerImpl.java:start(185)) - e7f42ddf-a327-4ac1-a3b9-ef80a1bb28b5@group-4E02D81BF771: start as a follower, conf=-1: [e7f42ddf-a327-4ac1-a3b9-ef80a1bb28b5:192.168.151.75:32958], old=null
2019-09-24 04:21:09,135 [pool-459-thread-1] INFO  impl.RaftServerImpl (RaftServerImpl.java:setRole(174)) - e7f42ddf-a327-4ac1-a3b9-ef80a1bb28b5@group-4E02D81BF771: changes role from      null to FOLLOWER at term 0 for startAsFollower
2019-09-24 04:21:09,135 [pool-459-thread-1] INFO  impl.RoleInfo (RoleInfo.java:updateAndGet(143)) - e7f42ddf-a327-4ac1-a3b9-ef80a1bb28b5: start FollowerState
2019-09-24 04:21:09,135 [pool-459-thread-1] INFO  util.JmxRegister (JmxRegister.java:tryRegister(44)) - Successfully registered JMX Bean with object name Ratis:service=RaftServer,group=group-4E02D81BF771,id=e7f42ddf-a327-4ac1-a3b9-ef80a1bb28b5
2019-09-24 04:21:09,137 [Command processor thread] INFO  commandhandler.CreatePipelineCommandHandler (CreatePipelineCommandHandler.java:handle(116)) - Create Pipeline RATIS ONE #PipelineID=0765036a-339c-43da-9fc3-4e02d81bf771 command succeed on datanode e7f42ddf-a327-4ac1-a3b9-ef80a1bb28b5.
2019-09-24 04:21:09,143 [grpc-default-executor-8] INFO  impl.RaftServerProxy (RaftServerProxy.java:addNew(89)) - e7f42ddf-a327-4ac1-a3b9-ef80a1bb28b5: addNew group-5C556B373B53:[6e4d579b-45b2-4620-be61-729cd2425cf8:192.168.151.75:43112, 43ecf24d-7403-4a92-903b-bd0d080d9eca:192.168.151.75:40415, e7f42ddf-a327-4ac1-a3b9-ef80a1bb28b5:192.168.151.75:32958] returns group-5C556B373B53:java.util.concurrent.CompletableFuture@3dbdac84[Not completed]
2019-09-24 04:21:09,144 [pool-459-thread-1] INFO  impl.RaftServerImpl (RaftServerImpl.java:<init>(95)) - e7f42ddf-a327-4ac1-a3b9-ef80a1bb28b5: new RaftServerImpl for group-5C556B373B53:[6e4d579b-45b2-4620-be61-729cd2425cf8:192.168.151.75:43112, 43ecf24d-7403-4a92-903b-bd0d080d9eca:192.168.151.75:40415, e7f42ddf-a327-4ac1-a3b9-ef80a1bb28b5:192.168.151.75:32958] with ContainerStateMachine:uninitialized
2019-09-24 04:21:09,144 [pool-459-thread-1] INFO  server.RaftServerConfigKeys (ConfUtils.java:logGet(43)) - raft.server.rpc.timeout.min = 5s (custom)
2019-09-24 04:21:09,144 [pool-459-thread-1] INFO  server.RaftServerConfigKeys (ConfUtils.java:logGet(43)) - raft.server.rpc.timeout.max = 5200ms (custom)
2019-09-24 04:21:09,144 [pool-459-thread-1] INFO  server.RaftServerConfigKeys (ConfUtils.java:logGet(43)) - raft.server.rpcslowness.timeout = 120s (custom)
2019-09-24 04:21:09,144 [pool-459-thread-1] INFO  server.RaftServerConfigKeys (ConfUtils.java:logGet(43)) - raft.server.sleep.deviation.threshold = 300 (default)
2019-09-24 04:21:09,144 [pool-459-thread-1] INFO  server.RaftServerConfigKeys (ConfUtils.java:logGet(43)) - raft.server.log.appender.install.snapshot.enabled = false (custom)
2019-09-24 04:21:09,145 [pool-459-thread-1] INFO  impl.RaftServerImpl (ServerState.java:<init>(103)) - e7f42ddf-a327-4ac1-a3b9-ef80a1bb28b5@group-5C556B373B53: ConfigurationManager, init=-1: [6e4d579b-45b2-4620-be61-729cd2425cf8:192.168.151.75:43112, 43ecf24d-7403-4a92-903b-bd0d080d9eca:192.168.151.75:40415, e7f42ddf-a327-4ac1-a3b9-ef80a1bb28b5:192.168.151.75:32958], old=null, confs=<EMPTY_MAP>
2019-09-24 04:21:09,145 [pool-459-thread-1] INFO  server.RaftServerConfigKeys (ConfUtils.java:logGet(43)) - raft.server.storage.dir = [/workdir/hadoop-ozone/integration-test/target/test-dir/MiniOzoneClusterImpl-70ed5c72-7c79-4e50-93d4-710ad6ee9320/datanode-5/data/ratis] (custom)
2019-09-24 04:21:09,145 [pool-459-thread-1] INFO  storage.RaftStorageDirectory (RaftStorageDirectory.java:analyzeStorage(246)) - The storage directory /workdir/hadoop-ozone/integration-test/target/test-dir/MiniOzoneClusterImpl-70ed5c72-7c79-4e50-93d4-710ad6ee9320/datanode-5/data/ratis/3dd83e0d-84fc-43de-b71d-5c556b373b53 does not exist. Creating ...
2019-09-24 04:21:09,158 [pool-459-thread-1] INFO  storage.RaftStorageDirectory (RaftStorageDirectory.java:tryLock(328)) - Lock on /workdir/hadoop-ozone/integration-test/target/test-dir/MiniOzoneClusterImpl-70ed5c72-7c79-4e50-93d4-710ad6ee9320/datanode-5/data/ratis/3dd83e0d-84fc-43de-b71d-5c556b373b53/in_use.lock acquired by nodename 22927@pr-hdds-2034-r6745-1453098948
2019-09-24 04:21:09,167 [main] INFO  ozone.MiniOzoneClusterImpl (MiniOzoneClusterImpl.java:lambda$waitForClusterToBeReady$0(150)) - Nodes are ready. Got 7 of 7 DN Heartbeats.
2019-09-24 04:21:09,168 [main] INFO  ozone.MiniOzoneClusterImpl (MiniOzoneClusterImpl.java:lambda$waitForClusterToBeReady$0(153)) - Waiting for cluster to exit safe mode
2019-09-24 04:21:09,167 [grpc-default-executor-8] INFO  impl.RaftServerProxy (RaftServerProxy.java:addNew(89)) - 37a8a6e9-5e7d-41c2-b68e-c8cb07d77fff: addNew group-82A3A0D9FED9:[37a8a6e9-5e7d-41c2-b68e-c8cb07d77fff:192.168.151.75:38968] returns group-82A3A0D9FED9:java.util.concurrent.CompletableFuture@3f069662[Not completed]
2019-09-24 04:21:09,169 [pool-469-thread-1] INFO  impl.RaftServerImpl (RaftServerImpl.java:<init>(95)) - 37a8a6e9-5e7d-41c2-b68e-c8cb07d77fff: new RaftServerImpl for group-82A3A0D9FED9:[37a8a6e9-5e7d-41c2-b68e-c8cb07d77fff:192.168.151.75:38968] with ContainerStateMachine:uninitialized
2019-09-24 04:21:09,169 [pool-469-thread-1] INFO  server.RaftServerConfigKeys (ConfUtils.java:logGet(43)) - raft.server.rpc.timeout.min = 5s (custom)
2019-09-24 04:21:09,169 [pool-469-thread-1] INFO  server.RaftServerConfigKeys (ConfUtils.java:logGet(43)) - raft.server.rpc.timeout.max = 5200ms (custom)
2019-09-24 04:21:09,169 [pool-469-thread-1] INFO  server.RaftServerConfigKeys (ConfUtils.java:logGet(43)) - raft.server.rpcslowness.timeout = 120s (custom)
2019-09-24 04:21:09,169 [pool-469-thread-1] INFO  server.RaftServerConfigKeys (ConfUtils.java:logGet(43)) - raft.server.sleep.deviation.threshold = 300 (default)
2019-09-24 04:21:09,169 [pool-469-thread-1] INFO  server.RaftServerConfigKeys (ConfUtils.java:logGet(43)) - raft.server.log.appender.install.snapshot.enabled = false (custom)
2019-09-24 04:21:09,169 [pool-469-thread-1] INFO  impl.RaftServerImpl (ServerState.java:<init>(103)) - 37a8a6e9-5e7d-41c2-b68e-c8cb07d77fff@group-82A3A0D9FED9: ConfigurationManager, init=-1: [37a8a6e9-5e7d-41c2-b68e-c8cb07d77fff:192.168.151.75:38968], old=null, confs=<EMPTY_MAP>
2019-09-24 04:21:09,170 [pool-469-thread-1] INFO  server.RaftServerConfigKeys (ConfUtils.java:logGet(43)) - raft.server.storage.dir = [/workdir/hadoop-ozone/integration-test/target/test-dir/MiniOzoneClusterImpl-70ed5c72-7c79-4e50-93d4-710ad6ee9320/datanode-6/data/ratis] (custom)
2019-09-24 04:21:09,170 [pool-469-thread-1] INFO  storage.RaftStorageDirectory (RaftStorageDirectory.java:analyzeStorage(246)) - The storage directory /workdir/hadoop-ozone/integration-test/target/test-dir/MiniOzoneClusterImpl-70ed5c72-7c79-4e50-93d4-710ad6ee9320/datanode-6/data/ratis/ec73b2cb-d1ee-4373-be6f-82a3a0d9fed9 does not exist. Creating ...
2019-09-24 04:21:09,171 [pool-459-thread-1] INFO  storage.RaftStorage (RaftStorage.java:format(72)) - Storage directory /workdir/hadoop-ozone/integration-test/target/test-dir/MiniOzoneClusterImpl-70ed5c72-7c79-4e50-93d4-710ad6ee9320/datanode-5/data/ratis/3dd83e0d-84fc-43de-b71d-5c556b373b53 has been successfully formatted.
2019-09-24 04:21:09,171 [pool-459-thread-1] INFO  ratis.ContainerStateMachine (ContainerStateMachine.java:loadSnapshot(230)) - group-5C556B373B53: The snapshot info is null. Setting the last applied indexto:(t:0, i:~)
2019-09-24 04:21:09,171 [pool-459-thread-1] INFO  server.RaftServerConfigKeys (ConfUtils.java:logGet(43)) - raft.server.notification.no-leader.timeout = 120s (custom)
2019-09-24 04:21:09,171 [pool-459-thread-1] INFO  server.RaftServerConfigKeys (ConfUtils.java:logGet(43)) - raft.server.log.use.memory = false (default)
2019-09-24 04:21:09,172 [pool-459-thread-1] INFO  server.RaftServerConfigKeys (ConfUtils.java:logGet(43)) - raft.server.log.purge.gap = 1000000 (custom)
2019-09-24 04:21:09,172 [pool-459-thread-1] INFO  server.RaftServerConfigKeys (ConfUtils.java:logGet(43)) - raft.server.log.appender.buffer.byte-limit = 33554432 (custom)
2019-09-24 04:21:09,172 [pool-459-thread-1] INFO  server.RaftServerConfigKeys (ConfUtils.java:logGet(43)) - raft.server.log.segment.size.max = 1048576 (custom)
2019-09-24 04:21:09,172 [pool-459-thread-1] INFO  server.RaftServerConfigKeys (ConfUtils.java:logGet(43)) - raft.server.log.segment.cache.num.max = 2 (custom)
2019-09-24 04:21:09,172 [pool-459-thread-1] INFO  segmented.SegmentedRaftLogWorker (SegmentedRaftLogWorker.java:<init>(172)) - new e7f42ddf-a327-4ac1-a3b9-ef80a1bb28b5@group-5C556B373B53-SegmentedRaftLogWorker for RaftStorage:Storage Directory /workdir/hadoop-ozone/integration-test/target/test-dir/MiniOzoneClusterImpl-70ed5c72-7c79-4e50-93d4-710ad6ee9320/datanode-5/data/ratis/3dd83e0d-84fc-43de-b71d-5c556b373b53
2019-09-24 04:21:09,172 [pool-459-thread-1] INFO  server.RaftServerConfigKeys (ConfUtils.java:logGet(43)) - raft.server.log.queue.byte-limit = 2147483647 (custom)
2019-09-24 04:21:09,172 [pool-459-thread-1] INFO  server.RaftServerConfigKeys (ConfUtils.java:logGet(43)) - raft.server.log.queue.element-limit = 1024 (custom)
2019-09-24 04:21:09,172 [pool-459-thread-1] INFO  server.RaftServerConfigKeys (ConfUtils.java:logGet(43)) - raft.server.log.segment.size.max = 1048576 (custom)
2019-09-24 04:21:09,173 [pool-459-thread-1] INFO  server.RaftServerConfigKeys (ConfUtils.java:logGet(43)) - raft.server.log.preallocated.size = 16384 (custom)
2019-09-24 04:21:09,173 [pool-469-thread-1] INFO  storage.RaftStorageDirectory (RaftStorageDirectory.java:tryLock(328)) - Lock on /workdir/hadoop-ozone/integration-test/target/test-dir/MiniOzoneClusterImpl-70ed5c72-7c79-4e50-93d4-710ad6ee9320/datanode-6/data/ratis/ec73b2cb-d1ee-4373-be6f-82a3a0d9fed9/in_use.lock acquired by nodename 22927@pr-hdds-2034-r6745-1453098948
2019-09-24 04:21:09,173 [pool-459-thread-1] INFO  server.RaftServerConfigKeys (ConfUtils.java:logGet(43)) - raft.server.log.write.buffer.size = 33554432 (custom)
2019-09-24 04:21:09,173 [pool-459-thread-1] INFO  server.RaftServerConfigKeys (ConfUtils.java:logGet(43)) - raft.server.log.force.sync.num = 128 (default)
2019-09-24 04:21:09,173 [pool-459-thread-1] INFO  server.RaftServerConfigKeys (ConfUtils.java:logGet(43)) - raft.server.log.statemachine.data.sync = true (default)
2019-09-24 04:21:09,173 [pool-459-thread-1] INFO  server.RaftServerConfigKeys (ConfUtils.java:logGet(43)) - raft.server.log.statemachine.data.sync.timeout = 10s (default)
2019-09-24 04:21:09,173 [pool-459-thread-1] INFO  server.RaftServerConfigKeys (ConfUtils.java:logGet(43)) - raft.server.log.statemachine.data.sync.timeout.retry = -1 (default)
2019-09-24 04:21:09,174 [pool-459-thread-1] INFO  server.RaftServerConfigKeys (ConfUtils.java:logGet(43)) - raft.server.log.statemachine.data.caching.enabled = true (custom)
2019-09-24 04:21:09,174 [pool-459-thread-1] INFO  segmented.SegmentedRaftLogWorker (SegmentedRaftLogWorker.java:lambda$new$0(132)) - e7f42ddf-a327-4ac1-a3b9-ef80a1bb28b5@group-5C556B373B53-SegmentedRaftLogWorker: flushIndex: setUnconditionally 0 -> -1
2019-09-24 04:21:09,174 [pool-459-thread-1] INFO  server.RaftServerConfigKeys (ConfUtils.java:logGet(43)) - raft.server.snapshot.auto.trigger.enabled = true (custom)
2019-09-24 04:21:09,174 [pool-459-thread-1] INFO  server.RaftServerConfigKeys (ConfUtils.java:logGet(43)) - raft.server.snapshot.auto.trigger.threshold = 10000 (custom)
2019-09-24 04:21:09,174 [pool-459-thread-1] INFO  server.RaftServerConfigKeys (ConfUtils.java:logGet(43)) - raft.server.snapshot.retention.num.files = 5 (custom)
2019-09-24 04:21:09,174 [pool-459-thread-1] INFO  server.RaftServerConfigKeys (ConfUtils.java:logGet(43)) - raft.server.retrycache.expirytime = 600000ms (custom)
2019-09-24 04:21:09,176 [pool-459-thread-1] INFO  impl.RaftServerImpl (RaftServerImpl.java:start(185)) - e7f42ddf-a327-4ac1-a3b9-ef80a1bb28b5@group-5C556B373B53: start as a follower, conf=-1: [6e4d579b-45b2-4620-be61-729cd2425cf8:192.168.151.75:43112, 43ecf24d-7403-4a92-903b-bd0d080d9eca:192.168.151.75:40415, e7f42ddf-a327-4ac1-a3b9-ef80a1bb28b5:192.168.151.75:32958], old=null
2019-09-24 04:21:09,176 [pool-459-thread-1] INFO  impl.RaftServerImpl (RaftServerImpl.java:setRole(174)) - e7f42ddf-a327-4ac1-a3b9-ef80a1bb28b5@group-5C556B373B53: changes role from      null to FOLLOWER at term 0 for startAsFollower
2019-09-24 04:21:09,176 [pool-459-thread-1] INFO  impl.RoleInfo (RoleInfo.java:updateAndGet(143)) - e7f42ddf-a327-4ac1-a3b9-ef80a1bb28b5: start FollowerState
2019-09-24 04:21:09,177 [pool-459-thread-1] INFO  util.JmxRegister (JmxRegister.java:tryRegister(44)) - Successfully registered JMX Bean with object name Ratis:service=RaftServer,group=group-5C556B373B53,id=e7f42ddf-a327-4ac1-a3b9-ef80a1bb28b5
2019-09-24 04:21:09,178 [Command processor thread] INFO  commandhandler.CreatePipelineCommandHandler (CreatePipelineCommandHandler.java:handle(116)) - Create Pipeline RATIS THREE #PipelineID=3dd83e0d-84fc-43de-b71d-5c556b373b53 command succeed on datanode e7f42ddf-a327-4ac1-a3b9-ef80a1bb28b5.
2019-09-24 04:21:09,186 [pool-469-thread-1] INFO  storage.RaftStorage (RaftStorage.java:format(72)) - Storage directory /workdir/hadoop-ozone/integration-test/target/test-dir/MiniOzoneClusterImpl-70ed5c72-7c79-4e50-93d4-710ad6ee9320/datanode-6/data/ratis/ec73b2cb-d1ee-4373-be6f-82a3a0d9fed9 has been successfully formatted.
2019-09-24 04:21:09,186 [pool-469-thread-1] INFO  ratis.ContainerStateMachine (ContainerStateMachine.java:loadSnapshot(230)) - group-82A3A0D9FED9: The snapshot info is null. Setting the last applied indexto:(t:0, i:~)
2019-09-24 04:21:09,186 [pool-469-thread-1] INFO  server.RaftServerConfigKeys (ConfUtils.java:logGet(43)) - raft.server.notification.no-leader.timeout = 120s (custom)
2019-09-24 04:21:09,186 [pool-469-thread-1] INFO  server.RaftServerConfigKeys (ConfUtils.java:logGet(43)) - raft.server.log.use.memory = false (default)
2019-09-24 04:21:09,186 [pool-469-thread-1] INFO  server.RaftServerConfigKeys (ConfUtils.java:logGet(43)) - raft.server.log.purge.gap = 1000000 (custom)
2019-09-24 04:21:09,186 [pool-469-thread-1] INFO  server.RaftServerConfigKeys (ConfUtils.java:logGet(43)) - raft.server.log.appender.buffer.byte-limit = 33554432 (custom)
2019-09-24 04:21:09,187 [pool-469-thread-1] INFO  server.RaftServerConfigKeys (ConfUtils.java:logGet(43)) - raft.server.log.segment.size.max = 1048576 (custom)
2019-09-24 04:21:09,187 [pool-469-thread-1] INFO  server.RaftServerConfigKeys (ConfUtils.java:logGet(43)) - raft.server.log.segment.cache.num.max = 2 (custom)
2019-09-24 04:21:09,187 [pool-469-thread-1] INFO  segmented.SegmentedRaftLogWorker (SegmentedRaftLogWorker.java:<init>(172)) - new 37a8a6e9-5e7d-41c2-b68e-c8cb07d77fff@group-82A3A0D9FED9-SegmentedRaftLogWorker for RaftStorage:Storage Directory /workdir/hadoop-ozone/integration-test/target/test-dir/MiniOzoneClusterImpl-70ed5c72-7c79-4e50-93d4-710ad6ee9320/datanode-6/data/ratis/ec73b2cb-d1ee-4373-be6f-82a3a0d9fed9
2019-09-24 04:21:09,188 [pool-469-thread-1] INFO  server.RaftServerConfigKeys (ConfUtils.java:logGet(43)) - raft.server.log.queue.byte-limit = 2147483647 (custom)
2019-09-24 04:21:09,189 [pool-469-thread-1] INFO  server.RaftServerConfigKeys (ConfUtils.java:logGet(43)) - raft.server.log.queue.element-limit = 1024 (custom)
2019-09-24 04:21:09,189 [pool-469-thread-1] INFO  server.RaftServerConfigKeys (ConfUtils.java:logGet(43)) - raft.server.log.segment.size.max = 1048576 (custom)
2019-09-24 04:21:09,189 [pool-469-thread-1] INFO  server.RaftServerConfigKeys (ConfUtils.java:logGet(43)) - raft.server.log.preallocated.size = 16384 (custom)
2019-09-24 04:21:09,189 [pool-469-thread-1] INFO  server.RaftServerConfigKeys (ConfUtils.java:logGet(43)) - raft.server.log.write.buffer.size = 33554432 (custom)
2019-09-24 04:21:09,189 [pool-469-thread-1] INFO  server.RaftServerConfigKeys (ConfUtils.java:logGet(43)) - raft.server.log.force.sync.num = 128 (default)
2019-09-24 04:21:09,189 [pool-469-thread-1] INFO  server.RaftServerConfigKeys (ConfUtils.java:logGet(43)) - raft.server.log.statemachine.data.sync = true (default)
2019-09-24 04:21:09,190 [pool-469-thread-1] INFO  server.RaftServerConfigKeys (ConfUtils.java:logGet(43)) - raft.server.log.statemachine.data.sync.timeout = 10s (default)
2019-09-24 04:21:09,190 [pool-469-thread-1] INFO  server.RaftServerConfigKeys (ConfUtils.java:logGet(43)) - raft.server.log.statemachine.data.sync.timeout.retry = -1 (default)
2019-09-24 04:21:09,190 [pool-469-thread-1] INFO  server.RaftServerConfigKeys (ConfUtils.java:logGet(43)) - raft.server.log.statemachine.data.caching.enabled = true (custom)
2019-09-24 04:21:09,190 [pool-469-thread-1] INFO  segmented.SegmentedRaftLogWorker (SegmentedRaftLogWorker.java:lambda$new$0(132)) - 37a8a6e9-5e7d-41c2-b68e-c8cb07d77fff@group-82A3A0D9FED9-SegmentedRaftLogWorker: flushIndex: setUnconditionally 0 -> -1
2019-09-24 04:21:09,190 [pool-469-thread-1] INFO  server.RaftServerConfigKeys (ConfUtils.java:logGet(43)) - raft.server.snapshot.auto.trigger.enabled = true (custom)
2019-09-24 04:21:09,191 [pool-469-thread-1] INFO  server.RaftServerConfigKeys (ConfUtils.java:logGet(43)) - raft.server.snapshot.auto.trigger.threshold = 10000 (custom)
2019-09-24 04:21:09,191 [pool-469-thread-1] INFO  server.RaftServerConfigKeys (ConfUtils.java:logGet(43)) - raft.server.snapshot.retention.num.files = 5 (custom)
2019-09-24 04:21:09,191 [pool-469-thread-1] INFO  server.RaftServerConfigKeys (ConfUtils.java:logGet(43)) - raft.server.retrycache.expirytime = 600000ms (custom)
2019-09-24 04:21:09,193 [pool-469-thread-1] INFO  impl.RaftServerImpl (RaftServerImpl.java:start(185)) - 37a8a6e9-5e7d-41c2-b68e-c8cb07d77fff@group-82A3A0D9FED9: start as a follower, conf=-1: [37a8a6e9-5e7d-41c2-b68e-c8cb07d77fff:192.168.151.75:38968], old=null
2019-09-24 04:21:09,193 [pool-469-thread-1] INFO  impl.RaftServerImpl (RaftServerImpl.java:setRole(174)) - 37a8a6e9-5e7d-41c2-b68e-c8cb07d77fff@group-82A3A0D9FED9: changes role from      null to FOLLOWER at term 0 for startAsFollower
2019-09-24 04:21:09,193 [pool-469-thread-1] INFO  impl.RoleInfo (RoleInfo.java:updateAndGet(143)) - 37a8a6e9-5e7d-41c2-b68e-c8cb07d77fff: start FollowerState
2019-09-24 04:21:09,193 [pool-469-thread-1] INFO  util.JmxRegister (JmxRegister.java:tryRegister(44)) - Successfully registered JMX Bean with object name Ratis:service=RaftServer,group=group-82A3A0D9FED9,id=37a8a6e9-5e7d-41c2-b68e-c8cb07d77fff
2019-09-24 04:21:09,194 [Command processor thread] INFO  commandhandler.CreatePipelineCommandHandler (CreatePipelineCommandHandler.java:handle(116)) - Create Pipeline RATIS ONE #PipelineID=ec73b2cb-d1ee-4373-be6f-82a3a0d9fed9 command succeed on datanode 37a8a6e9-5e7d-41c2-b68e-c8cb07d77fff.
2019-09-24 04:21:09,857 [EventQueue-CreatePipelineStatusForSCMPipelineManager] INFO  pipeline.SCMPipelineManager (SCMPipelineManager.java:onMessage(505)) - receive pipeline PipelineID=0a412a69-75ec-432a-b23d-5367271002a7 create status EXECUTED
2019-09-24 04:21:09,858 [EventQueue-CreatePipelineStatusForSCMPipelineManager] INFO  pipeline.PipelineStateManager (PipelineStateManager.java:openPipeline(134)) - Pipeline Pipeline[ Id: 0a412a69-75ec-432a-b23d-5367271002a7, Nodes: ef134360-ccd0-45a6-96d7-cad815354eed{ip: 192.168.151.75, host: pr-hdds-2034-r6745-1453098948, networkLocation: /default-rack, certSerialId: null}d7be0fc0-2c06-465f-bb8d-ff37d07082c9{ip: 192.168.151.75, host: pr-hdds-2034-r6745-1453098948, networkLocation: /default-rack, certSerialId: null}e615c22a-d22b-4b15-9ed2-177ac0ba27c8{ip: 192.168.151.75, host: pr-hdds-2034-r6745-1453098948, networkLocation: /default-rack, certSerialId: null}, Type:RATIS, Factor:THREE, State:ALLOCATED] moved to OPEN state
add pipeline PipelineID=0a412a69-75ec-432a-b23d-5367271002a7 to metrics map
2019-09-24 04:21:09,858 [EventQueue-OpenPipelineForOneReplicaPipelineSafeModeRule] INFO  safemode.OneReplicaPipelineSafeModeRule (OneReplicaPipelineSafeModeRule.java:validate(96)) - OneReplicaPipelineSafeModeRule rule satisfied
2019-09-24 04:21:09,858 [EventQueue-CreatePipelineStatusForSCMPipelineManager] INFO  pipeline.SCMPipelineManager (SCMPipelineManager.java:onMessage(505)) - receive pipeline PipelineID=691ebfa7-77ab-44da-b3d5-4be1d04b4bd0 create status EXECUTED
2019-09-24 04:21:09,859 [EventQueue-OpenPipelineForHealthyPipelineSafeModeRule] INFO  safemode.SCMSafeModeManager (HealthyPipelineSafeModeRule.java:process(123)) - SCM in safe mode. Healthy pipelines reported count is 1, required healthy pipeline reported count is 1
2019-09-24 04:21:09,861 [EventQueue-OpenPipelineForHealthyPipelineSafeModeRule] INFO  safemode.HealthyPipelineSafeModeRule (HealthyPipelineSafeModeRule.java:validate(104)) - HealthyPipelineSafeModeRule rule satisfied
2019-09-24 04:21:09,859 [EventQueue-OpenPipelineForOneReplicaPipelineSafeModeRule] INFO  safemode.SCMSafeModeManager (SCMSafeModeManager.java:validateSafeModeExitRules(169)) - AtleastOneDatanodeReportedRule rule is successfully validated
2019-09-24 04:21:09,861 [EventQueue-CreatePipelineStatusForSCMPipelineManager] INFO  pipeline.PipelineStateManager (PipelineStateManager.java:openPipeline(134)) - Pipeline Pipeline[ Id: 691ebfa7-77ab-44da-b3d5-4be1d04b4bd0, Nodes: e615c22a-d22b-4b15-9ed2-177ac0ba27c8{ip: 192.168.151.75, host: pr-hdds-2034-r6745-1453098948, networkLocation: /default-rack, certSerialId: null}, Type:RATIS, Factor:ONE, State:ALLOCATED] moved to OPEN state
add pipeline PipelineID=691ebfa7-77ab-44da-b3d5-4be1d04b4bd0 to metrics map
2019-09-24 04:21:09,861 [EventQueue-OpenPipelineForHealthyPipelineSafeModeRule] INFO  safemode.SCMSafeModeManager (SCMSafeModeManager.java:validateSafeModeExitRules(169)) - HealthyPipelineSafeModeRule rule is successfully validated
2019-09-24 04:21:09,861 [EventQueue-OpenPipelineForHealthyPipelineSafeModeRule] INFO  safemode.SCMSafeModeManager (SCMSafeModeManager.java:validateSafeModeExitRules(178)) - ScmSafeModeManager, all rules are successfully validated
2019-09-24 04:21:09,861 [EventQueue-OpenPipelineForHealthyPipelineSafeModeRule] INFO  safemode.SCMSafeModeManager (SCMSafeModeManager.java:exitSafeMode(194)) - SCM exiting safe mode.
2019-09-24 04:21:09,861 [EventQueue-OpenPipelineForOneReplicaPipelineSafeModeRule] INFO  safemode.OneReplicaPipelineSafeModeRule (OneReplicaPipelineSafeModeRule.java:validate(96)) - OneReplicaPipelineSafeModeRule rule satisfied
2019-09-24 04:21:09,862 [EventQueue-OpenPipelineForOneReplicaPipelineSafeModeRule] INFO  safemode.SCMSafeModeManager (SCMSafeModeManager.java:validateSafeModeExitRules(169)) - AtleastOneDatanodeReportedRule rule is successfully validated
2019-09-24 04:21:09,862 [EventQueue-OpenPipelineForOneReplicaPipelineSafeModeRule] INFO  safemode.SCMSafeModeManager (SCMSafeModeManager.java:validateSafeModeExitRules(178)) - ScmSafeModeManager, all rules are successfully validated
2019-09-24 04:21:09,862 [EventQueue-OpenPipelineForOneReplicaPipelineSafeModeRule] INFO  safemode.SCMSafeModeManager (SCMSafeModeManager.java:exitSafeMode(194)) - SCM exiting safe mode.
2019-09-24 04:21:09,973 [EventQueue-CreatePipelineStatusForSCMPipelineManager] INFO  pipeline.SCMPipelineManager (SCMPipelineManager.java:onMessage(505)) - receive pipeline PipelineID=3dd83e0d-84fc-43de-b71d-5c556b373b53 create status EXECUTED
2019-09-24 04:21:09,973 [EventQueue-CreatePipelineStatusForSCMPipelineManager] INFO  pipeline.PipelineStateManager (PipelineStateManager.java:openPipeline(134)) - Pipeline Pipeline[ Id: 3dd83e0d-84fc-43de-b71d-5c556b373b53, Nodes: 43ecf24d-7403-4a92-903b-bd0d080d9eca{ip: 192.168.151.75, host: pr-hdds-2034-r6745-1453098948, networkLocation: /default-rack, certSerialId: null}6e4d579b-45b2-4620-be61-729cd2425cf8{ip: 192.168.151.75, host: pr-hdds-2034-r6745-1453098948, networkLocation: /default-rack, certSerialId: null}e7f42ddf-a327-4ac1-a3b9-ef80a1bb28b5{ip: 192.168.151.75, host: pr-hdds-2034-r6745-1453098948, networkLocation: /default-rack, certSerialId: null}, Type:RATIS, Factor:THREE, State:ALLOCATED] moved to OPEN state
add pipeline PipelineID=3dd83e0d-84fc-43de-b71d-5c556b373b53 to metrics map
2019-09-24 04:21:09,973 [EventQueue-CreatePipelineStatusForSCMPipelineManager] INFO  pipeline.SCMPipelineManager (SCMPipelineManager.java:onMessage(505)) - receive pipeline PipelineID=adbf3db4-836f-44db-b4a9-0ef5f165b4b4 create status EXECUTED
2019-09-24 04:21:09,973 [EventQueue-CreatePipelineStatusForSCMPipelineManager] INFO  pipeline.PipelineStateManager (PipelineStateManager.java:openPipeline(134)) - Pipeline Pipeline[ Id: adbf3db4-836f-44db-b4a9-0ef5f165b4b4, Nodes: 6e4d579b-45b2-4620-be61-729cd2425cf8{ip: 192.168.151.75, host: pr-hdds-2034-r6745-1453098948, networkLocation: /default-rack, certSerialId: null}, Type:RATIS, Factor:ONE, State:ALLOCATED] moved to OPEN state
add pipeline PipelineID=adbf3db4-836f-44db-b4a9-0ef5f165b4b4 to metrics map
2019-09-24 04:21:10,034 [EventQueue-CreatePipelineStatusForSCMPipelineManager] INFO  pipeline.SCMPipelineManager (SCMPipelineManager.java:onMessage(505)) - receive pipeline PipelineID=3dd83e0d-84fc-43de-b71d-5c556b373b53 create status EXECUTED
2019-09-24 04:21:10,034 [EventQueue-CreatePipelineStatusForSCMPipelineManager] INFO  pipeline.SCMPipelineManager (SCMPipelineManager.java:onMessage(505)) - receive pipeline PipelineID=946b1ca3-b3a0-4306-ba1d-53364e9dac19 create status EXECUTED
2019-09-24 04:21:10,034 [EventQueue-CreatePipelineStatusForSCMPipelineManager] INFO  pipeline.PipelineStateManager (PipelineStateManager.java:openPipeline(134)) - Pipeline Pipeline[ Id: 946b1ca3-b3a0-4306-ba1d-53364e9dac19, Nodes: 43ecf24d-7403-4a92-903b-bd0d080d9eca{ip: 192.168.151.75, host: pr-hdds-2034-r6745-1453098948, networkLocation: /default-rack, certSerialId: null}, Type:RATIS, Factor:ONE, State:ALLOCATED] moved to OPEN state
add pipeline PipelineID=946b1ca3-b3a0-4306-ba1d-53364e9dac19 to metrics map
2019-09-24 04:21:10,168 [main] INFO  ozone.MiniOzoneClusterImpl (MiniOzoneClusterImpl.java:lambda$waitForClusterToBeReady$0(150)) - Nodes are ready. Got 7 of 7 DN Heartbeats.
2019-09-24 04:21:10,171 [main] INFO  ozone.MiniOzoneClusterImpl (MiniOzoneClusterImpl.java:lambda$waitForClusterToBeReady$0(153)) - Cluster exits safe mode
2019-09-24 04:21:10,213 [main] INFO  rpc.RpcClient (RpcClient.java:createVolume(276)) - Creating Volume: testblockoutputstream, with jenkins1000 as owner.
2019-09-24 04:21:10,216 [IPC Server handler 1 on 33507] INFO  volume.OMVolumeCreateRequest (OMVolumeCreateRequest.java:validateAndUpdateCache(189)) - created volume:testblockoutputstream for user:jenkins1000
2019-09-24 04:21:10,232 [main] INFO  rpc.RpcClient (RpcClient.java:createBucket(415)) - Creating Bucket: testblockoutputstream/testblockoutputstream, with Versioning false and Storage Type set to DISK and Encryption set to false 
2019-09-24 04:21:10,789 [EventQueue-CreatePipelineStatusForSCMPipelineManager] INFO  pipeline.SCMPipelineManager (SCMPipelineManager.java:onMessage(505)) - receive pipeline PipelineID=0a412a69-75ec-432a-b23d-5367271002a7 create status EXECUTED
2019-09-24 04:21:10,789 [EventQueue-CreatePipelineStatusForSCMPipelineManager] INFO  pipeline.SCMPipelineManager (SCMPipelineManager.java:onMessage(505)) - receive pipeline PipelineID=ffa51b14-fbf8-4e7e-8f85-76d5d40148ad create status EXECUTED
2019-09-24 04:21:10,789 [EventQueue-CreatePipelineStatusForSCMPipelineManager] INFO  pipeline.PipelineStateManager (PipelineStateManager.java:openPipeline(134)) - Pipeline Pipeline[ Id: ffa51b14-fbf8-4e7e-8f85-76d5d40148ad, Nodes: ef134360-ccd0-45a6-96d7-cad815354eed{ip: 192.168.151.75, host: pr-hdds-2034-r6745-1453098948, networkLocation: /default-rack, certSerialId: null}, Type:RATIS, Factor:ONE, State:ALLOCATED] moved to OPEN state
add pipeline PipelineID=ffa51b14-fbf8-4e7e-8f85-76d5d40148ad to metrics map
2019-09-24 04:21:10,909 [EventQueue-CreatePipelineStatusForSCMPipelineManager] INFO  pipeline.SCMPipelineManager (SCMPipelineManager.java:onMessage(505)) - receive pipeline PipelineID=776e0871-20f8-4d9a-af15-974e78ec1bb3 create status EXECUTED
2019-09-24 04:21:10,910 [EventQueue-CreatePipelineStatusForSCMPipelineManager] INFO  pipeline.PipelineStateManager (PipelineStateManager.java:openPipeline(134)) - Pipeline Pipeline[ Id: 776e0871-20f8-4d9a-af15-974e78ec1bb3, Nodes: d7be0fc0-2c06-465f-bb8d-ff37d07082c9{ip: 192.168.151.75, host: pr-hdds-2034-r6745-1453098948, networkLocation: /default-rack, certSerialId: null}, Type:RATIS, Factor:ONE, State:ALLOCATED] moved to OPEN state
add pipeline PipelineID=776e0871-20f8-4d9a-af15-974e78ec1bb3 to metrics map
2019-09-24 04:21:10,910 [EventQueue-CreatePipelineStatusForSCMPipelineManager] INFO  pipeline.SCMPipelineManager (SCMPipelineManager.java:onMessage(505)) - receive pipeline PipelineID=0a412a69-75ec-432a-b23d-5367271002a7 create status EXECUTED
add pipeline PipelineID=0a412a69-75ec-432a-b23d-5367271002a7 to metrics map
2019-09-24 04:21:11,097 [EventQueue-CreatePipelineStatusForSCMPipelineManager] INFO  pipeline.SCMPipelineManager (SCMPipelineManager.java:onMessage(505)) - receive pipeline PipelineID=0765036a-339c-43da-9fc3-4e02d81bf771 create status EXECUTED
2019-09-24 04:21:11,097 [EventQueue-CreatePipelineStatusForSCMPipelineManager] INFO  pipeline.PipelineStateManager (PipelineStateManager.java:openPipeline(134)) - Pipeline Pipeline[ Id: 0765036a-339c-43da-9fc3-4e02d81bf771, Nodes: e7f42ddf-a327-4ac1-a3b9-ef80a1bb28b5{ip: 192.168.151.75, host: pr-hdds-2034-r6745-1453098948, networkLocation: /default-rack, certSerialId: null}, Type:RATIS, Factor:ONE, State:ALLOCATED] moved to OPEN state
add pipeline PipelineID=0765036a-339c-43da-9fc3-4e02d81bf771 to metrics map
2019-09-24 04:21:11,097 [EventQueue-CreatePipelineStatusForSCMPipelineManager] INFO  pipeline.SCMPipelineManager (SCMPipelineManager.java:onMessage(505)) - receive pipeline PipelineID=3dd83e0d-84fc-43de-b71d-5c556b373b53 create status EXECUTED
add pipeline PipelineID=3dd83e0d-84fc-43de-b71d-5c556b373b53 to metrics map
2019-09-24 04:21:11,160 [EventQueue-CreatePipelineStatusForSCMPipelineManager] INFO  pipeline.SCMPipelineManager (SCMPipelineManager.java:onMessage(505)) - receive pipeline PipelineID=ec73b2cb-d1ee-4373-be6f-82a3a0d9fed9 create status EXECUTED
2019-09-24 04:21:11,161 [EventQueue-CreatePipelineStatusForSCMPipelineManager] INFO  pipeline.PipelineStateManager (PipelineStateManager.java:openPipeline(134)) - Pipeline Pipeline[ Id: ec73b2cb-d1ee-4373-be6f-82a3a0d9fed9, Nodes: 37a8a6e9-5e7d-41c2-b68e-c8cb07d77fff{ip: 192.168.151.75, host: pr-hdds-2034-r6745-1453098948, networkLocation: /default-rack, certSerialId: null}, Type:RATIS, Factor:ONE, State:ALLOCATED] moved to OPEN state
add pipeline PipelineID=ec73b2cb-d1ee-4373-be6f-82a3a0d9fed9 to metrics map
2019-09-24 04:21:12,866 [Thread-3155] INFO  container.ReplicationManager (ReplicationManager.java:start(163)) - Starting Replication Monitor Thread.
2019-09-24 04:21:12,867 [Thread-3156] INFO  container.ReplicationManager (ReplicationManager.java:start(170)) - Replication Monitor Thread is already running.
2019-09-24 04:21:12,867 [ReplicationMonitor] INFO  container.ReplicationManager (ReplicationManager.java:run(226)) - Replication Monitor Thread took 0 milliseconds for processing 1 containers.
2019-09-24 04:21:13,923 [Thread-3112] INFO  impl.FollowerState (FollowerState.java:run(106)) - ef134360-ccd0-45a6-96d7-cad815354eed:group-76D5D40148AD changes to CANDIDATE, lastRpcTime:5073, electionTimeout:5073ms
2019-09-24 04:21:13,923 [Thread-3112] INFO  impl.RoleInfo (RoleInfo.java:shutdownFollowerState(121)) - ef134360-ccd0-45a6-96d7-cad815354eed: shutdown FollowerState
2019-09-24 04:21:13,924 [Thread-3112] INFO  impl.RaftServerImpl (RaftServerImpl.java:setRole(174)) - ef134360-ccd0-45a6-96d7-cad815354eed@group-76D5D40148AD: changes role from  FOLLOWER to CANDIDATE at term 0 for changeToCandidate
2019-09-24 04:21:13,924 [Thread-3112] INFO  impl.RoleInfo (RoleInfo.java:updateAndGet(143)) - ef134360-ccd0-45a6-96d7-cad815354eed: start LeaderElection
2019-09-24 04:21:13,946 [ef134360-ccd0-45a6-96d7-cad815354eed@group-76D5D40148AD:LeaderElection69] INFO  impl.LeaderElection (LeaderElection.java:askForVotes(182)) - ef134360-ccd0-45a6-96d7-cad815354eed@group-76D5D40148AD:LeaderElection69: begin an election at term 1 for -1: [ef134360-ccd0-45a6-96d7-cad815354eed:192.168.151.75:46454], old=null
2019-09-24 04:21:13,946 [ef134360-ccd0-45a6-96d7-cad815354eed@group-76D5D40148AD:LeaderElection69] INFO  impl.RoleInfo (RoleInfo.java:shutdownLeaderElection(134)) - ef134360-ccd0-45a6-96d7-cad815354eed: shutdown LeaderElection
2019-09-24 04:21:13,946 [ef134360-ccd0-45a6-96d7-cad815354eed@group-76D5D40148AD:LeaderElection69] INFO  impl.RaftServerImpl (RaftServerImpl.java:setRole(174)) - ef134360-ccd0-45a6-96d7-cad815354eed@group-76D5D40148AD: changes role from CANDIDATE to LEADER at term 1 for changeToLeader
2019-09-24 04:21:13,946 [ef134360-ccd0-45a6-96d7-cad815354eed@group-76D5D40148AD:LeaderElection69] INFO  impl.RaftServerImpl (ServerState.java:setLeader(253)) - ef134360-ccd0-45a6-96d7-cad815354eed@group-76D5D40148AD: change Leader from null to ef134360-ccd0-45a6-96d7-cad815354eed at term 1 for becomeLeader, leader elected after 5107ms
2019-09-24 04:21:13,946 [ef134360-ccd0-45a6-96d7-cad815354eed@group-76D5D40148AD:LeaderElection69] INFO  server.RaftServerConfigKeys (ConfUtils.java:logGet(43)) - raft.server.staging.catchup.gap = 1000 (default)
2019-09-24 04:21:13,947 [ef134360-ccd0-45a6-96d7-cad815354eed@group-76D5D40148AD:LeaderElection69] INFO  server.RaftServerConfigKeys (ConfUtils.java:logGet(43)) - raft.server.rpc.sleep.time = 25ms (default)
2019-09-24 04:21:13,947 [ef134360-ccd0-45a6-96d7-cad815354eed@group-76D5D40148AD:LeaderElection69] INFO  server.RaftServerConfigKeys (ConfUtils.java:logGet(43)) - raft.server.write.element-limit = 4096 (default)
2019-09-24 04:21:13,947 [ef134360-ccd0-45a6-96d7-cad815354eed@group-76D5D40148AD:LeaderElection69] INFO  server.RaftServerConfigKeys (ConfUtils.java:logGet(43)) - raft.server.watch.timeout = 10s (default)
2019-09-24 04:21:13,947 [ef134360-ccd0-45a6-96d7-cad815354eed@group-76D5D40148AD:LeaderElection69] INFO  server.RaftServerConfigKeys (ConfUtils.java:logGet(43)) - raft.server.watch.timeout.denomination = 1s (default)
2019-09-24 04:21:13,947 [ef134360-ccd0-45a6-96d7-cad815354eed@group-76D5D40148AD:LeaderElection69] INFO  server.RaftServerConfigKeys (ConfUtils.java:logGet(43)) - raft.server.watch.element-limit = 65536 (default)
2019-09-24 04:21:13,949 [ef134360-ccd0-45a6-96d7-cad815354eed@group-76D5D40148AD:LeaderElection69] INFO  impl.RoleInfo (RoleInfo.java:updateAndGet(143)) - ef134360-ccd0-45a6-96d7-cad815354eed: start LeaderState
2019-09-24 04:21:13,950 [ef134360-ccd0-45a6-96d7-cad815354eed@group-76D5D40148AD:LeaderElection69] INFO  segmented.SegmentedRaftLogWorker (SegmentedRaftLogWorker.java:startLogSegment(380)) - ef134360-ccd0-45a6-96d7-cad815354eed@group-76D5D40148AD-SegmentedRaftLogWorker: Starting segment from index:0
2019-09-24 04:21:13,950 [ef134360-ccd0-45a6-96d7-cad815354eed@group-76D5D40148AD:LeaderElection69] INFO  impl.RaftServerImpl (ServerState.java:setRaftConf(354)) - ef134360-ccd0-45a6-96d7-cad815354eed@group-76D5D40148AD: set configuration 0: [ef134360-ccd0-45a6-96d7-cad815354eed:192.168.151.75:46454], old=null at 0
2019-09-24 04:21:13,989 [ef134360-ccd0-45a6-96d7-cad815354eed@group-76D5D40148AD-SegmentedRaftLogWorker] INFO  segmented.SegmentedRaftLogWorker (SegmentedRaftLogWorker.java:execute(569)) - ef134360-ccd0-45a6-96d7-cad815354eed@group-76D5D40148AD-SegmentedRaftLogWorker: created new log segment /workdir/hadoop-ozone/integration-test/target/test-dir/MiniOzoneClusterImpl-70ed5c72-7c79-4e50-93d4-710ad6ee9320/datanode-0/data/ratis/ffa51b14-fbf8-4e7e-8f85-76d5d40148ad/current/log_inprogress_0
2019-09-24 04:21:13,995 [Thread-3117] INFO  impl.FollowerState (FollowerState.java:run(106)) - ef134360-ccd0-45a6-96d7-cad815354eed:group-5367271002A7 changes to CANDIDATE, lastRpcTime:5095, electionTimeout:5095ms
2019-09-24 04:21:13,995 [Thread-3117] INFO  impl.RoleInfo (RoleInfo.java:shutdownFollowerState(121)) - ef134360-ccd0-45a6-96d7-cad815354eed: shutdown FollowerState
2019-09-24 04:21:13,995 [Thread-3117] INFO  impl.RaftServerImpl (RaftServerImpl.java:setRole(174)) - ef134360-ccd0-45a6-96d7-cad815354eed@group-5367271002A7: changes role from  FOLLOWER to CANDIDATE at term 0 for changeToCandidate
2019-09-24 04:21:13,995 [Thread-3117] INFO  impl.RoleInfo (RoleInfo.java:updateAndGet(143)) - ef134360-ccd0-45a6-96d7-cad815354eed: start LeaderElection
2019-09-24 04:21:14,014 [ef134360-ccd0-45a6-96d7-cad815354eed@group-5367271002A7:LeaderElection70] INFO  impl.LeaderElection (LeaderElection.java:askForVotes(182)) - ef134360-ccd0-45a6-96d7-cad815354eed@group-5367271002A7:LeaderElection70: begin an election at term 1 for -1: [ef134360-ccd0-45a6-96d7-cad815354eed:192.168.151.75:46454, d7be0fc0-2c06-465f-bb8d-ff37d07082c9:192.168.151.75:38189, e615c22a-d22b-4b15-9ed2-177ac0ba27c8:192.168.151.75:43703], old=null
2019-09-24 04:21:14,027 [grpc-default-executor-5] INFO  impl.RaftServerImpl (RaftServerImpl.java:setRole(174)) - e615c22a-d22b-4b15-9ed2-177ac0ba27c8@group-5367271002A7: changes role from  FOLLOWER to FOLLOWER at term 1 for recognizeCandidate:ef134360-ccd0-45a6-96d7-cad815354eed
2019-09-24 04:21:14,032 [grpc-default-executor-8] INFO  impl.RaftServerImpl (RaftServerImpl.java:setRole(174)) - d7be0fc0-2c06-465f-bb8d-ff37d07082c9@group-5367271002A7: changes role from  FOLLOWER to FOLLOWER at term 1 for recognizeCandidate:ef134360-ccd0-45a6-96d7-cad815354eed
2019-09-24 04:21:14,033 [grpc-default-executor-5] INFO  impl.RoleInfo (RoleInfo.java:shutdownFollowerState(121)) - e615c22a-d22b-4b15-9ed2-177ac0ba27c8: shutdown FollowerState
2019-09-24 04:21:14,033 [grpc-default-executor-8] INFO  impl.RoleInfo (RoleInfo.java:shutdownFollowerState(121)) - d7be0fc0-2c06-465f-bb8d-ff37d07082c9: shutdown FollowerState
2019-09-24 04:21:14,033 [grpc-default-executor-5] INFO  impl.RoleInfo (RoleInfo.java:updateAndGet(143)) - e615c22a-d22b-4b15-9ed2-177ac0ba27c8: start FollowerState
2019-09-24 04:21:14,033 [grpc-default-executor-8] INFO  impl.RoleInfo (RoleInfo.java:updateAndGet(143)) - d7be0fc0-2c06-465f-bb8d-ff37d07082c9: start FollowerState
2019-09-24 04:21:14,033 [Thread-3122] INFO  impl.FollowerState (FollowerState.java:run(115)) - e615c22a-d22b-4b15-9ed2-177ac0ba27c8: FollowerState was interrupted: java.lang.InterruptedException: sleep interrupted
2019-09-24 04:21:14,033 [Thread-3128] INFO  impl.FollowerState (FollowerState.java:run(115)) - d7be0fc0-2c06-465f-bb8d-ff37d07082c9: FollowerState was interrupted: java.lang.InterruptedException: sleep interrupted
2019-09-24 04:21:14,039 [Thread-3123] INFO  impl.FollowerState (FollowerState.java:run(106)) - d7be0fc0-2c06-465f-bb8d-ff37d07082c9:group-974E78EC1BB3 changes to CANDIDATE, lastRpcTime:5089, electionTimeout:5070ms
2019-09-24 04:21:14,039 [Thread-3123] INFO  impl.RoleInfo (RoleInfo.java:shutdownFollowerState(121)) - d7be0fc0-2c06-465f-bb8d-ff37d07082c9: shutdown FollowerState
2019-09-24 04:21:14,039 [Thread-3123] INFO  impl.RaftServerImpl (RaftServerImpl.java:setRole(174)) - d7be0fc0-2c06-465f-bb8d-ff37d07082c9@group-974E78EC1BB3: changes role from  FOLLOWER to CANDIDATE at term 0 for changeToCandidate
2019-09-24 04:21:14,039 [Thread-3123] INFO  impl.RoleInfo (RoleInfo.java:updateAndGet(143)) - d7be0fc0-2c06-465f-bb8d-ff37d07082c9: start LeaderElection
2019-09-24 04:21:14,064 [d7be0fc0-2c06-465f-bb8d-ff37d07082c9@group-974E78EC1BB3:LeaderElection71] INFO  impl.LeaderElection (LeaderElection.java:askForVotes(182)) - d7be0fc0-2c06-465f-bb8d-ff37d07082c9@group-974E78EC1BB3:LeaderElection71: begin an election at term 1 for -1: [d7be0fc0-2c06-465f-bb8d-ff37d07082c9:192.168.151.75:38189], old=null
2019-09-24 04:21:14,064 [d7be0fc0-2c06-465f-bb8d-ff37d07082c9@group-974E78EC1BB3:LeaderElection71] INFO  impl.RoleInfo (RoleInfo.java:shutdownLeaderElection(134)) - d7be0fc0-2c06-465f-bb8d-ff37d07082c9: shutdown LeaderElection
2019-09-24 04:21:14,064 [d7be0fc0-2c06-465f-bb8d-ff37d07082c9@group-974E78EC1BB3:LeaderElection71] INFO  impl.RaftServerImpl (RaftServerImpl.java:setRole(174)) - d7be0fc0-2c06-465f-bb8d-ff37d07082c9@group-974E78EC1BB3: changes role from CANDIDATE to LEADER at term 1 for changeToLeader
2019-09-24 04:21:14,065 [d7be0fc0-2c06-465f-bb8d-ff37d07082c9@group-974E78EC1BB3:LeaderElection71] INFO  impl.RaftServerImpl (ServerState.java:setLeader(253)) - d7be0fc0-2c06-465f-bb8d-ff37d07082c9@group-974E78EC1BB3: change Leader from null to d7be0fc0-2c06-465f-bb8d-ff37d07082c9 at term 1 for becomeLeader, leader elected after 5122ms
2019-09-24 04:21:14,065 [d7be0fc0-2c06-465f-bb8d-ff37d07082c9@group-974E78EC1BB3:LeaderElection71] INFO  server.RaftServerConfigKeys (ConfUtils.java:logGet(43)) - raft.server.staging.catchup.gap = 1000 (default)
2019-09-24 04:21:14,065 [ef134360-ccd0-45a6-96d7-cad815354eed@group-5367271002A7:LeaderElection70] INFO  impl.LeaderElection (LeaderElection.java:logAndReturn(56)) - ef134360-ccd0-45a6-96d7-cad815354eed@group-5367271002A7:LeaderElection70: Election PASSED; received 1 response(s) [ef134360-ccd0-45a6-96d7-cad815354eed<-e615c22a-d22b-4b15-9ed2-177ac0ba27c8#0:OK-t1] and 0 exception(s); ef134360-ccd0-45a6-96d7-cad815354eed@group-5367271002A7:t1, leader=null, voted=ef134360-ccd0-45a6-96d7-cad815354eed, raftlog=ef134360-ccd0-45a6-96d7-cad815354eed@group-5367271002A7-SegmentedRaftLog:OPENED:c-1,f-1,i0, conf=-1: [ef134360-ccd0-45a6-96d7-cad815354eed:192.168.151.75:46454, d7be0fc0-2c06-465f-bb8d-ff37d07082c9:192.168.151.75:38189, e615c22a-d22b-4b15-9ed2-177ac0ba27c8:192.168.151.75:43703], old=null
2019-09-24 04:21:14,065 [d7be0fc0-2c06-465f-bb8d-ff37d07082c9@group-974E78EC1BB3:LeaderElection71] INFO  server.RaftServerConfigKeys (ConfUtils.java:logGet(43)) - raft.server.rpc.sleep.time = 25ms (default)
2019-09-24 04:21:14,065 [ef134360-ccd0-45a6-96d7-cad815354eed@group-5367271002A7:LeaderElection70] INFO  impl.RoleInfo (RoleInfo.java:shutdownLeaderElection(134)) - ef134360-ccd0-45a6-96d7-cad815354eed: shutdown LeaderElection
2019-09-24 04:21:14,065 [d7be0fc0-2c06-465f-bb8d-ff37d07082c9@group-974E78EC1BB3:LeaderElection71] INFO  server.RaftServerConfigKeys (ConfUtils.java:logGet(43)) - raft.server.write.element-limit = 4096 (default)
2019-09-24 04:21:14,068 [ef134360-ccd0-45a6-96d7-cad815354eed@group-5367271002A7:LeaderElection70] INFO  impl.RaftServerImpl (RaftServerImpl.java:setRole(174)) - ef134360-ccd0-45a6-96d7-cad815354eed@group-5367271002A7: changes role from CANDIDATE to LEADER at term 1 for changeToLeader
2019-09-24 04:21:14,069 [d7be0fc0-2c06-465f-bb8d-ff37d07082c9@group-974E78EC1BB3:LeaderElection71] INFO  server.RaftServerConfigKeys (ConfUtils.java:logGet(43)) - raft.server.watch.timeout = 10s (default)
2019-09-24 04:21:14,069 [ef134360-ccd0-45a6-96d7-cad815354eed@group-5367271002A7:LeaderElection70] INFO  impl.RaftServerImpl (ServerState.java:setLeader(253)) - ef134360-ccd0-45a6-96d7-cad815354eed@group-5367271002A7: change Leader from null to ef134360-ccd0-45a6-96d7-cad815354eed at term 1 for becomeLeader, leader elected after 5178ms
2019-09-24 04:21:14,069 [d7be0fc0-2c06-465f-bb8d-ff37d07082c9@group-974E78EC1BB3:LeaderElection71] INFO  server.RaftServerConfigKeys (ConfUtils.java:logGet(43)) - raft.server.watch.timeout.denomination = 1s (default)
2019-09-24 04:21:14,069 [ef134360-ccd0-45a6-96d7-cad815354eed@group-5367271002A7:LeaderElection70] INFO  server.RaftServerConfigKeys (ConfUtils.java:logGet(43)) - raft.server.staging.catchup.gap = 1000 (default)
2019-09-24 04:21:14,069 [d7be0fc0-2c06-465f-bb8d-ff37d07082c9@group-974E78EC1BB3:LeaderElection71] INFO  server.RaftServerConfigKeys (ConfUtils.java:logGet(43)) - raft.server.watch.element-limit = 65536 (default)
2019-09-24 04:21:14,069 [ef134360-ccd0-45a6-96d7-cad815354eed@group-5367271002A7:LeaderElection70] INFO  server.RaftServerConfigKeys (ConfUtils.java:logGet(43)) - raft.server.rpc.sleep.time = 25ms (default)
2019-09-24 04:21:14,070 [ef134360-ccd0-45a6-96d7-cad815354eed@group-5367271002A7:LeaderElection70] INFO  server.RaftServerConfigKeys (ConfUtils.java:logGet(43)) - raft.server.write.element-limit = 4096 (default)
2019-09-24 04:21:14,070 [ef134360-ccd0-45a6-96d7-cad815354eed@group-5367271002A7:LeaderElection70] INFO  server.RaftServerConfigKeys (ConfUtils.java:logGet(43)) - raft.server.watch.timeout = 10s (default)
2019-09-24 04:21:14,070 [ef134360-ccd0-45a6-96d7-cad815354eed@group-5367271002A7:LeaderElection70] INFO  server.RaftServerConfigKeys (ConfUtils.java:logGet(43)) - raft.server.watch.timeout.denomination = 1s (default)
2019-09-24 04:21:14,070 [ef134360-ccd0-45a6-96d7-cad815354eed@group-5367271002A7:LeaderElection70] INFO  server.RaftServerConfigKeys (ConfUtils.java:logGet(43)) - raft.server.watch.element-limit = 65536 (default)
2019-09-24 04:21:14,073 [d7be0fc0-2c06-465f-bb8d-ff37d07082c9@group-974E78EC1BB3:LeaderElection71] INFO  impl.RoleInfo (RoleInfo.java:updateAndGet(143)) - d7be0fc0-2c06-465f-bb8d-ff37d07082c9: start LeaderState
2019-09-24 04:21:14,073 [ef134360-ccd0-45a6-96d7-cad815354eed@group-5367271002A7:LeaderElection70] INFO  server.RaftServerConfigKeys (ConfUtils.java:logGet(43)) - raft.server.log.appender.snapshot.chunk.size.max = 16MB (=16777216) (default)
2019-09-24 04:21:14,073 [d7be0fc0-2c06-465f-bb8d-ff37d07082c9@group-974E78EC1BB3:LeaderElection71] INFO  segmented.SegmentedRaftLogWorker (SegmentedRaftLogWorker.java:startLogSegment(380)) - d7be0fc0-2c06-465f-bb8d-ff37d07082c9@group-974E78EC1BB3-SegmentedRaftLogWorker: Starting segment from index:0
2019-09-24 04:21:14,073 [ef134360-ccd0-45a6-96d7-cad815354eed@group-5367271002A7:LeaderElection70] INFO  server.RaftServerConfigKeys (ConfUtils.java:logGet(43)) - raft.server.log.appender.buffer.byte-limit = 33554432 (custom)
2019-09-24 04:21:14,073 [ef134360-ccd0-45a6-96d7-cad815354eed@group-5367271002A7:LeaderElection70] INFO  server.RaftServerConfigKeys (ConfUtils.java:logGet(43)) - raft.server.log.appender.buffer.element-limit = 1 (custom)
2019-09-24 04:21:14,074 [d7be0fc0-2c06-465f-bb8d-ff37d07082c9@group-974E78EC1BB3:LeaderElection71] INFO  impl.RaftServerImpl (ServerState.java:setRaftConf(354)) - d7be0fc0-2c06-465f-bb8d-ff37d07082c9@group-974E78EC1BB3: set configuration 0: [d7be0fc0-2c06-465f-bb8d-ff37d07082c9:192.168.151.75:38189], old=null at 0
2019-09-24 04:21:14,074 [ef134360-ccd0-45a6-96d7-cad815354eed@group-5367271002A7:LeaderElection70] INFO  grpc.GrpcConfigKeys$Server (ConfUtils.java:logGet(43)) - raft.grpc.server.leader.outstanding.appends.max = 128 (default)
2019-09-24 04:21:14,117 [Thread-3116] INFO  impl.FollowerState (FollowerState.java:run(106)) - e615c22a-d22b-4b15-9ed2-177ac0ba27c8:group-4BE1D04B4BD0 changes to CANDIDATE, lastRpcTime:5218, electionTimeout:5175ms
2019-09-24 04:21:14,117 [Thread-3130] INFO  impl.FollowerState (FollowerState.java:run(106)) - 6e4d579b-45b2-4620-be61-729cd2425cf8:group-0EF5F165B4B4 changes to CANDIDATE, lastRpcTime:5098, electionTimeout:5074ms
2019-09-24 04:21:14,118 [Thread-3116] INFO  impl.RoleInfo (RoleInfo.java:shutdownFollowerState(121)) - e615c22a-d22b-4b15-9ed2-177ac0ba27c8: shutdown FollowerState
2019-09-24 04:21:14,118 [Thread-3130] INFO  impl.RoleInfo (RoleInfo.java:shutdownFollowerState(121)) - 6e4d579b-45b2-4620-be61-729cd2425cf8: shutdown FollowerState
2019-09-24 04:21:14,117 [ef134360-ccd0-45a6-96d7-cad815354eed@group-5367271002A7:LeaderElection70] INFO  server.RaftServerConfigKeys (ConfUtils.java:logGet(43)) - raft.server.rpc.request.timeout = 3000ms (default)
2019-09-24 04:21:14,118 [Thread-3130] INFO  impl.RaftServerImpl (RaftServerImpl.java:setRole(174)) - 6e4d579b-45b2-4620-be61-729cd2425cf8@group-0EF5F165B4B4: changes role from  FOLLOWER to CANDIDATE at term 0 for changeToCandidate
2019-09-24 04:21:14,118 [Thread-3116] INFO  impl.RaftServerImpl (RaftServerImpl.java:setRole(174)) - e615c22a-d22b-4b15-9ed2-177ac0ba27c8@group-4BE1D04B4BD0: changes role from  FOLLOWER to CANDIDATE at term 0 for changeToCandidate
2019-09-24 04:21:14,118 [Thread-3130] INFO  impl.RoleInfo (RoleInfo.java:updateAndGet(143)) - 6e4d579b-45b2-4620-be61-729cd2425cf8: start LeaderElection
2019-09-24 04:21:14,118 [ef134360-ccd0-45a6-96d7-cad815354eed@group-5367271002A7:LeaderElection70] INFO  server.RaftServerConfigKeys (ConfUtils.java:logGet(43)) - raft.server.log.appender.install.snapshot.enabled = false (custom)
2019-09-24 04:21:14,118 [Thread-3116] INFO  impl.RoleInfo (RoleInfo.java:updateAndGet(143)) - e615c22a-d22b-4b15-9ed2-177ac0ba27c8: start LeaderElection
2019-09-24 04:21:14,135 [ef134360-ccd0-45a6-96d7-cad815354eed@group-5367271002A7:LeaderElection70] INFO  server.RaftServerConfigKeys (ConfUtils.java:logGet(43)) - raft.server.log.appender.snapshot.chunk.size.max = 16MB (=16777216) (default)
2019-09-24 04:21:14,142 [ef134360-ccd0-45a6-96d7-cad815354eed@group-5367271002A7:LeaderElection70] INFO  server.RaftServerConfigKeys (ConfUtils.java:logGet(43)) - raft.server.log.appender.buffer.byte-limit = 33554432 (custom)
2019-09-24 04:21:14,142 [d7be0fc0-2c06-465f-bb8d-ff37d07082c9@group-974E78EC1BB3-SegmentedRaftLogWorker] INFO  segmented.SegmentedRaftLogWorker (SegmentedRaftLogWorker.java:execute(569)) - d7be0fc0-2c06-465f-bb8d-ff37d07082c9@group-974E78EC1BB3-SegmentedRaftLogWorker: created new log segment /workdir/hadoop-ozone/integration-test/target/test-dir/MiniOzoneClusterImpl-70ed5c72-7c79-4e50-93d4-710ad6ee9320/datanode-2/data/ratis/776e0871-20f8-4d9a-af15-974e78ec1bb3/current/log_inprogress_0
2019-09-24 04:21:14,142 [ef134360-ccd0-45a6-96d7-cad815354eed@group-5367271002A7:LeaderElection70] INFO  server.RaftServerConfigKeys (ConfUtils.java:logGet(43)) - raft.server.log.appender.buffer.element-limit = 1 (custom)
2019-09-24 04:21:14,142 [6e4d579b-45b2-4620-be61-729cd2425cf8@group-0EF5F165B4B4:LeaderElection72] INFO  impl.LeaderElection (LeaderElection.java:askForVotes(182)) - 6e4d579b-45b2-4620-be61-729cd2425cf8@group-0EF5F165B4B4:LeaderElection72: begin an election at term 1 for -1: [6e4d579b-45b2-4620-be61-729cd2425cf8:192.168.151.75:43112], old=null
2019-09-24 04:21:14,143 [ef134360-ccd0-45a6-96d7-cad815354eed@group-5367271002A7:LeaderElection70] INFO  grpc.GrpcConfigKeys$Server (ConfUtils.java:logGet(43)) - raft.grpc.server.leader.outstanding.appends.max = 128 (default)
2019-09-24 04:21:14,143 [6e4d579b-45b2-4620-be61-729cd2425cf8@group-0EF5F165B4B4:LeaderElection72] INFO  impl.RoleInfo (RoleInfo.java:shutdownLeaderElection(134)) - 6e4d579b-45b2-4620-be61-729cd2425cf8: shutdown LeaderElection
2019-09-24 04:21:14,143 [ef134360-ccd0-45a6-96d7-cad815354eed@group-5367271002A7:LeaderElection70] INFO  server.RaftServerConfigKeys (ConfUtils.java:logGet(43)) - raft.server.rpc.request.timeout = 3000ms (default)
2019-09-24 04:21:14,143 [6e4d579b-45b2-4620-be61-729cd2425cf8@group-0EF5F165B4B4:LeaderElection72] INFO  impl.RaftServerImpl (RaftServerImpl.java:setRole(174)) - 6e4d579b-45b2-4620-be61-729cd2425cf8@group-0EF5F165B4B4: changes role from CANDIDATE to LEADER at term 1 for changeToLeader
2019-09-24 04:21:14,143 [ef134360-ccd0-45a6-96d7-cad815354eed@group-5367271002A7:LeaderElection70] INFO  server.RaftServerConfigKeys (ConfUtils.java:logGet(43)) - raft.server.log.appender.install.snapshot.enabled = false (custom)
2019-09-24 04:21:14,143 [6e4d579b-45b2-4620-be61-729cd2425cf8@group-0EF5F165B4B4:LeaderElection72] INFO  impl.RaftServerImpl (ServerState.java:setLeader(253)) - 6e4d579b-45b2-4620-be61-729cd2425cf8@group-0EF5F165B4B4: change Leader from null to 6e4d579b-45b2-4620-be61-729cd2425cf8 at term 1 for becomeLeader, leader elected after 5130ms
2019-09-24 04:21:14,144 [ef134360-ccd0-45a6-96d7-cad815354eed@group-5367271002A7:LeaderElection70] INFO  impl.RoleInfo (RoleInfo.java:updateAndGet(143)) - ef134360-ccd0-45a6-96d7-cad815354eed: start LeaderState
2019-09-24 04:21:14,144 [6e4d579b-45b2-4620-be61-729cd2425cf8@group-0EF5F165B4B4:LeaderElection72] INFO  server.RaftServerConfigKeys (ConfUtils.java:logGet(43)) - raft.server.staging.catchup.gap = 1000 (default)
2019-09-24 04:21:14,144 [ef134360-ccd0-45a6-96d7-cad815354eed@group-5367271002A7:LeaderElection70] INFO  segmented.SegmentedRaftLogWorker (SegmentedRaftLogWorker.java:startLogSegment(380)) - ef134360-ccd0-45a6-96d7-cad815354eed@group-5367271002A7-SegmentedRaftLogWorker: Starting segment from index:0
2019-09-24 04:21:14,144 [6e4d579b-45b2-4620-be61-729cd2425cf8@group-0EF5F165B4B4:LeaderElection72] INFO  server.RaftServerConfigKeys (ConfUtils.java:logGet(43)) - raft.server.rpc.sleep.time = 25ms (default)
2019-09-24 04:21:14,144 [6e4d579b-45b2-4620-be61-729cd2425cf8@group-0EF5F165B4B4:LeaderElection72] INFO  server.RaftServerConfigKeys (ConfUtils.java:logGet(43)) - raft.server.write.element-limit = 4096 (default)
2019-09-24 04:21:14,145 [6e4d579b-45b2-4620-be61-729cd2425cf8@group-0EF5F165B4B4:LeaderElection72] INFO  server.RaftServerConfigKeys (ConfUtils.java:logGet(43)) - raft.server.watch.timeout = 10s (default)
2019-09-24 04:21:14,145 [ef134360-ccd0-45a6-96d7-cad815354eed@group-5367271002A7:LeaderElection70] INFO  impl.RaftServerImpl (ServerState.java:setRaftConf(354)) - ef134360-ccd0-45a6-96d7-cad815354eed@group-5367271002A7: set configuration 0: [ef134360-ccd0-45a6-96d7-cad815354eed:192.168.151.75:46454, d7be0fc0-2c06-465f-bb8d-ff37d07082c9:192.168.151.75:38189, e615c22a-d22b-4b15-9ed2-177ac0ba27c8:192.168.151.75:43703], old=null at 0
2019-09-24 04:21:14,145 [e615c22a-d22b-4b15-9ed2-177ac0ba27c8@group-4BE1D04B4BD0:LeaderElection73] INFO  impl.LeaderElection (LeaderElection.java:askForVotes(182)) - e615c22a-d22b-4b15-9ed2-177ac0ba27c8@group-4BE1D04B4BD0:LeaderElection73: begin an election at term 1 for -1: [e615c22a-d22b-4b15-9ed2-177ac0ba27c8:192.168.151.75:43703], old=null
2019-09-24 04:21:14,145 [6e4d579b-45b2-4620-be61-729cd2425cf8@group-0EF5F165B4B4:LeaderElection72] INFO  server.RaftServerConfigKeys (ConfUtils.java:logGet(43)) - raft.server.watch.timeout.denomination = 1s (default)
2019-09-24 04:21:14,195 [e615c22a-d22b-4b15-9ed2-177ac0ba27c8@group-4BE1D04B4BD0:LeaderElection73] INFO  impl.RoleInfo (RoleInfo.java:shutdownLeaderElection(134)) - e615c22a-d22b-4b15-9ed2-177ac0ba27c8: shutdown LeaderElection
2019-09-24 04:21:14,196 [e615c22a-d22b-4b15-9ed2-177ac0ba27c8@group-4BE1D04B4BD0:LeaderElection73] INFO  impl.RaftServerImpl (RaftServerImpl.java:setRole(174)) - e615c22a-d22b-4b15-9ed2-177ac0ba27c8@group-4BE1D04B4BD0: changes role from CANDIDATE to LEADER at term 1 for changeToLeader
2019-09-24 04:21:14,195 [grpc-default-executor-8] INFO  impl.RaftServerImpl (ServerState.java:setLeader(253)) - e615c22a-d22b-4b15-9ed2-177ac0ba27c8@group-5367271002A7: change Leader from null to ef134360-ccd0-45a6-96d7-cad815354eed at term 1 for appendEntries, leader elected after 5252ms
2019-09-24 04:21:14,193 [Thread-3142] INFO  impl.FollowerState (FollowerState.java:run(106)) - e7f42ddf-a327-4ac1-a3b9-ef80a1bb28b5:group-4E02D81BF771 changes to CANDIDATE, lastRpcTime:5058, electionTimeout:5033ms
2019-09-24 04:21:14,193 [Thread-3133] INFO  impl.FollowerState (FollowerState.java:run(106)) - 6e4d579b-45b2-4620-be61-729cd2425cf8:group-5C556B373B53 changes to CANDIDATE, lastRpcTime:5136, electionTimeout:5122ms
2019-09-24 04:21:14,199 [Thread-3142] INFO  impl.RoleInfo (RoleInfo.java:shutdownFollowerState(121)) - e7f42ddf-a327-4ac1-a3b9-ef80a1bb28b5: shutdown FollowerState
2019-09-24 04:21:14,199 [Thread-3133] INFO  impl.RoleInfo (RoleInfo.java:shutdownFollowerState(121)) - 6e4d579b-45b2-4620-be61-729cd2425cf8: shutdown FollowerState
2019-09-24 04:21:14,199 [Thread-3142] INFO  impl.RaftServerImpl (RaftServerImpl.java:setRole(174)) - e7f42ddf-a327-4ac1-a3b9-ef80a1bb28b5@group-4E02D81BF771: changes role from  FOLLOWER to CANDIDATE at term 0 for changeToCandidate
2019-09-24 04:21:14,199 [grpc-default-executor-5] INFO  impl.RaftServerImpl (ServerState.java:setLeader(253)) - d7be0fc0-2c06-465f-bb8d-ff37d07082c9@group-5367271002A7: change Leader from null to ef134360-ccd0-45a6-96d7-cad815354eed at term 1 for appendEntries, leader elected after 5186ms
2019-09-24 04:21:14,196 [e615c22a-d22b-4b15-9ed2-177ac0ba27c8@group-4BE1D04B4BD0:LeaderElection73] INFO  impl.RaftServerImpl (ServerState.java:setLeader(253)) - e615c22a-d22b-4b15-9ed2-177ac0ba27c8@group-4BE1D04B4BD0: change Leader from null to e615c22a-d22b-4b15-9ed2-177ac0ba27c8 at term 1 for becomeLeader, leader elected after 5305ms
2019-09-24 04:21:14,196 [6e4d579b-45b2-4620-be61-729cd2425cf8@group-0EF5F165B4B4:LeaderElection72] INFO  server.RaftServerConfigKeys (ConfUtils.java:logGet(43)) - raft.server.watch.element-limit = 65536 (default)
2019-09-24 04:21:14,207 [Thread-3148] INFO  impl.FollowerState (FollowerState.java:run(106)) - 37a8a6e9-5e7d-41c2-b68e-c8cb07d77fff:group-82A3A0D9FED9 changes to CANDIDATE, lastRpcTime:5014, electionTimeout:5011ms
2019-09-24 04:21:14,207 [e615c22a-d22b-4b15-9ed2-177ac0ba27c8@group-4BE1D04B4BD0:LeaderElection73] INFO  server.RaftServerConfigKeys (ConfUtils.java:logGet(43)) - raft.server.staging.catchup.gap = 1000 (default)
2019-09-24 04:21:14,203 [Thread-3142] INFO  impl.RoleInfo (RoleInfo.java:updateAndGet(143)) - e7f42ddf-a327-4ac1-a3b9-ef80a1bb28b5: start LeaderElection
2019-09-24 04:21:14,199 [Thread-3133] INFO  impl.RaftServerImpl (RaftServerImpl.java:setRole(174)) - 6e4d579b-45b2-4620-be61-729cd2425cf8@group-5C556B373B53: changes role from  FOLLOWER to CANDIDATE at term 0 for changeToCandidate
2019-09-24 04:21:14,208 [e615c22a-d22b-4b15-9ed2-177ac0ba27c8@group-4BE1D04B4BD0:LeaderElection73] INFO  server.RaftServerConfigKeys (ConfUtils.java:logGet(43)) - raft.server.rpc.sleep.time = 25ms (default)
2019-09-24 04:21:14,207 [Thread-3148] INFO  impl.RoleInfo (RoleInfo.java:shutdownFollowerState(121)) - 37a8a6e9-5e7d-41c2-b68e-c8cb07d77fff: shutdown FollowerState
2019-09-24 04:21:14,211 [Thread-3133] INFO  impl.RoleInfo (RoleInfo.java:updateAndGet(143)) - 6e4d579b-45b2-4620-be61-729cd2425cf8: start LeaderElection
2019-09-24 04:21:14,207 [ef134360-ccd0-45a6-96d7-cad815354eed@group-5367271002A7-SegmentedRaftLogWorker] INFO  segmented.SegmentedRaftLogWorker (SegmentedRaftLogWorker.java:execute(569)) - ef134360-ccd0-45a6-96d7-cad815354eed@group-5367271002A7-SegmentedRaftLogWorker: created new log segment /workdir/hadoop-ozone/integration-test/target/test-dir/MiniOzoneClusterImpl-70ed5c72-7c79-4e50-93d4-710ad6ee9320/datanode-0/data/ratis/0a412a69-75ec-432a-b23d-5367271002a7/current/log_inprogress_0
2019-09-24 04:21:14,211 [Thread-3148] INFO  impl.RaftServerImpl (RaftServerImpl.java:setRole(174)) - 37a8a6e9-5e7d-41c2-b68e-c8cb07d77fff@group-82A3A0D9FED9: changes role from  FOLLOWER to CANDIDATE at term 0 for changeToCandidate
2019-09-24 04:21:14,211 [e615c22a-d22b-4b15-9ed2-177ac0ba27c8@group-4BE1D04B4BD0:LeaderElection73] INFO  server.RaftServerConfigKeys (ConfUtils.java:logGet(43)) - raft.server.write.element-limit = 4096 (default)
2019-09-24 04:21:14,220 [e615c22a-d22b-4b15-9ed2-177ac0ba27c8@group-4BE1D04B4BD0:LeaderElection73] INFO  server.RaftServerConfigKeys (ConfUtils.java:logGet(43)) - raft.server.watch.timeout = 10s (default)
2019-09-24 04:21:14,220 [e615c22a-d22b-4b15-9ed2-177ac0ba27c8@group-4BE1D04B4BD0:LeaderElection73] INFO  server.RaftServerConfigKeys (ConfUtils.java:logGet(43)) - raft.server.watch.timeout.denomination = 1s (default)
2019-09-24 04:21:14,220 [Thread-3148] INFO  impl.RoleInfo (RoleInfo.java:updateAndGet(143)) - 37a8a6e9-5e7d-41c2-b68e-c8cb07d77fff: start LeaderElection
2019-09-24 04:21:14,220 [e615c22a-d22b-4b15-9ed2-177ac0ba27c8@group-4BE1D04B4BD0:LeaderElection73] INFO  server.RaftServerConfigKeys (ConfUtils.java:logGet(43)) - raft.server.watch.element-limit = 65536 (default)
2019-09-24 04:21:14,220 [grpc-default-executor-8] INFO  impl.RaftServerImpl (ServerState.java:setRaftConf(354)) - e615c22a-d22b-4b15-9ed2-177ac0ba27c8@group-5367271002A7: set configuration 0: [ef134360-ccd0-45a6-96d7-cad815354eed:192.168.151.75:46454, d7be0fc0-2c06-465f-bb8d-ff37d07082c9:192.168.151.75:38189, e615c22a-d22b-4b15-9ed2-177ac0ba27c8:192.168.151.75:43703], old=null at 0
2019-09-24 04:21:14,220 [grpc-default-executor-5] INFO  impl.RaftServerImpl (ServerState.java:setRaftConf(354)) - d7be0fc0-2c06-465f-bb8d-ff37d07082c9@group-5367271002A7: set configuration 0: [ef134360-ccd0-45a6-96d7-cad815354eed:192.168.151.75:46454, d7be0fc0-2c06-465f-bb8d-ff37d07082c9:192.168.151.75:38189, e615c22a-d22b-4b15-9ed2-177ac0ba27c8:192.168.151.75:43703], old=null at 0
2019-09-24 04:21:14,226 [grpc-default-executor-8] INFO  segmented.SegmentedRaftLogWorker (SegmentedRaftLogWorker.java:startLogSegment(380)) - e615c22a-d22b-4b15-9ed2-177ac0ba27c8@group-5367271002A7-SegmentedRaftLogWorker: Starting segment from index:0
2019-09-24 04:21:14,552 [6e4d579b-45b2-4620-be61-729cd2425cf8@group-0EF5F165B4B4:LeaderElection72] INFO  impl.RoleInfo (RoleInfo.java:updateAndGet(143)) - 6e4d579b-45b2-4620-be61-729cd2425cf8: start LeaderState
2019-09-24 04:21:14,552 [Thread-3136] INFO  impl.FollowerState (FollowerState.java:run(106)) - 43ecf24d-7403-4a92-903b-bd0d080d9eca:group-53364E9DAC19 changes to CANDIDATE, lastRpcTime:5482, electionTimeout:5195ms
2019-09-24 04:21:14,552 [Thread-3139] INFO  impl.FollowerState (FollowerState.java:run(106)) - 43ecf24d-7403-4a92-903b-bd0d080d9eca:group-5C556B373B53 changes to CANDIDATE, lastRpcTime:5451, electionTimeout:5144ms
2019-09-24 04:21:14,552 [Thread-3145] INFO  impl.FollowerState (FollowerState.java:run(106)) - e7f42ddf-a327-4ac1-a3b9-ef80a1bb28b5:group-5C556B373B53 changes to CANDIDATE, lastRpcTime:5375, electionTimeout:5157ms
2019-09-24 04:21:14,226 [grpc-default-executor-5] INFO  segmented.SegmentedRaftLogWorker (SegmentedRaftLogWorker.java:startLogSegment(380)) - d7be0fc0-2c06-465f-bb8d-ff37d07082c9@group-5367271002A7-SegmentedRaftLogWorker: Starting segment from index:0
2019-09-24 04:21:14,595 [Thread-3139] INFO  impl.RoleInfo (RoleInfo.java:shutdownFollowerState(121)) - 43ecf24d-7403-4a92-903b-bd0d080d9eca: shutdown FollowerState
2019-09-24 04:21:14,582 [Thread-3136] INFO  impl.RoleInfo (RoleInfo.java:shutdownFollowerState(121)) - 43ecf24d-7403-4a92-903b-bd0d080d9eca: shutdown FollowerState
2019-09-24 04:21:14,565 [6e4d579b-45b2-4620-be61-729cd2425cf8@group-5C556B373B53:LeaderElection75] INFO  impl.LeaderElection (LeaderElection.java:askForVotes(182)) - 6e4d579b-45b2-4620-be61-729cd2425cf8@group-5C556B373B53:LeaderElection75: begin an election at term 1 for -1: [6e4d579b-45b2-4620-be61-729cd2425cf8:192.168.151.75:43112, 43ecf24d-7403-4a92-903b-bd0d080d9eca:192.168.151.75:40415, e7f42ddf-a327-4ac1-a3b9-ef80a1bb28b5:192.168.151.75:32958], old=null
2019-09-24 04:21:14,559 [e7f42ddf-a327-4ac1-a3b9-ef80a1bb28b5@group-4E02D81BF771:LeaderElection74] INFO  impl.LeaderElection (LeaderElection.java:askForVotes(182)) - e7f42ddf-a327-4ac1-a3b9-ef80a1bb28b5@group-4E02D81BF771:LeaderElection74: begin an election at term 1 for -1: [e7f42ddf-a327-4ac1-a3b9-ef80a1bb28b5:192.168.151.75:32958], old=null
2019-09-24 04:21:14,559 [37a8a6e9-5e7d-41c2-b68e-c8cb07d77fff@group-82A3A0D9FED9:LeaderElection76] INFO  impl.LeaderElection (LeaderElection.java:askForVotes(182)) - 37a8a6e9-5e7d-41c2-b68e-c8cb07d77fff@group-82A3A0D9FED9:LeaderElection76: begin an election at term 1 for -1: [37a8a6e9-5e7d-41c2-b68e-c8cb07d77fff:192.168.151.75:38968], old=null
2019-09-24 04:21:14,636 [e7f42ddf-a327-4ac1-a3b9-ef80a1bb28b5@group-4E02D81BF771:LeaderElection74] INFO  impl.RoleInfo (RoleInfo.java:shutdownLeaderElection(134)) - e7f42ddf-a327-4ac1-a3b9-ef80a1bb28b5: shutdown LeaderElection
2019-09-24 04:21:14,612 [Thread-3136] INFO  impl.RaftServerImpl (RaftServerImpl.java:setRole(174)) - 43ecf24d-7403-4a92-903b-bd0d080d9eca@group-53364E9DAC19: changes role from  FOLLOWER to CANDIDATE at term 0 for changeToCandidate
2019-09-24 04:21:14,606 [Thread-3139] INFO  impl.RaftServerImpl (RaftServerImpl.java:setRole(174)) - 43ecf24d-7403-4a92-903b-bd0d080d9eca@group-5C556B373B53: changes role from  FOLLOWER to CANDIDATE at term 0 for changeToCandidate
2019-09-24 04:21:14,606 [Thread-3145] INFO  impl.RoleInfo (RoleInfo.java:shutdownFollowerState(121)) - e7f42ddf-a327-4ac1-a3b9-ef80a1bb28b5: shutdown FollowerState
2019-09-24 04:21:14,648 [e7f42ddf-a327-4ac1-a3b9-ef80a1bb28b5@group-4E02D81BF771:LeaderElection74] INFO  impl.RaftServerImpl (RaftServerImpl.java:setRole(174)) - e7f42ddf-a327-4ac1-a3b9-ef80a1bb28b5@group-4E02D81BF771: changes role from CANDIDATE to LEADER at term 1 for changeToLeader
2019-09-24 04:21:14,648 [6e4d579b-45b2-4620-be61-729cd2425cf8@group-0EF5F165B4B4:LeaderElection72] INFO  segmented.SegmentedRaftLogWorker (SegmentedRaftLogWorker.java:startLogSegment(380)) - 6e4d579b-45b2-4620-be61-729cd2425cf8@group-0EF5F165B4B4-SegmentedRaftLogWorker: Starting segment from index:0
2019-09-24 04:21:14,642 [37a8a6e9-5e7d-41c2-b68e-c8cb07d77fff@group-82A3A0D9FED9:LeaderElection76] INFO  impl.RoleInfo (RoleInfo.java:shutdownLeaderElection(134)) - 37a8a6e9-5e7d-41c2-b68e-c8cb07d77fff: shutdown LeaderElection
2019-09-24 04:21:14,668 [e7f42ddf-a327-4ac1-a3b9-ef80a1bb28b5@group-4E02D81BF771:LeaderElection74] INFO  impl.RaftServerImpl (ServerState.java:setLeader(253)) - e7f42ddf-a327-4ac1-a3b9-ef80a1bb28b5@group-4E02D81BF771: change Leader from null to e7f42ddf-a327-4ac1-a3b9-ef80a1bb28b5 at term 1 for becomeLeader, leader elected after 5540ms
2019-09-24 04:21:14,664 [Thread-3136] INFO  impl.RoleInfo (RoleInfo.java:updateAndGet(143)) - 43ecf24d-7403-4a92-903b-bd0d080d9eca: start LeaderElection
2019-09-24 04:21:14,664 [Thread-3139] INFO  impl.RoleInfo (RoleInfo.java:updateAndGet(143)) - 43ecf24d-7403-4a92-903b-bd0d080d9eca: start LeaderElection
2019-09-24 04:21:14,664 [e615c22a-d22b-4b15-9ed2-177ac0ba27c8@group-4BE1D04B4BD0:LeaderElection73] INFO  impl.RoleInfo (RoleInfo.java:updateAndGet(143)) - e615c22a-d22b-4b15-9ed2-177ac0ba27c8: start LeaderState
2019-09-24 04:21:14,664 [Thread-3145] INFO  impl.RaftServerImpl (RaftServerImpl.java:setRole(174)) - e7f42ddf-a327-4ac1-a3b9-ef80a1bb28b5@group-5C556B373B53: changes role from  FOLLOWER to CANDIDATE at term 0 for changeToCandidate
2019-09-24 04:21:14,686 [6e4d579b-45b2-4620-be61-729cd2425cf8@group-0EF5F165B4B4:LeaderElection72] INFO  impl.RaftServerImpl (ServerState.java:setRaftConf(354)) - 6e4d579b-45b2-4620-be61-729cd2425cf8@group-0EF5F165B4B4: set configuration 0: [6e4d579b-45b2-4620-be61-729cd2425cf8:192.168.151.75:43112], old=null at 0
2019-09-24 04:21:14,699 [e7f42ddf-a327-4ac1-a3b9-ef80a1bb28b5@group-4E02D81BF771:LeaderElection74] INFO  server.RaftServerConfigKeys (ConfUtils.java:logGet(43)) - raft.server.staging.catchup.gap = 1000 (default)
2019-09-24 04:21:14,677 [37a8a6e9-5e7d-41c2-b68e-c8cb07d77fff@group-82A3A0D9FED9:LeaderElection76] INFO  impl.RaftServerImpl (RaftServerImpl.java:setRole(174)) - 37a8a6e9-5e7d-41c2-b68e-c8cb07d77fff@group-82A3A0D9FED9: changes role from CANDIDATE to LEADER at term 1 for changeToLeader
2019-09-24 04:21:14,700 [e7f42ddf-a327-4ac1-a3b9-ef80a1bb28b5@group-4E02D81BF771:LeaderElection74] INFO  server.RaftServerConfigKeys (ConfUtils.java:logGet(43)) - raft.server.rpc.sleep.time = 25ms (default)
2019-09-24 04:21:14,695 [e615c22a-d22b-4b15-9ed2-177ac0ba27c8@group-4BE1D04B4BD0:LeaderElection73] INFO  segmented.SegmentedRaftLogWorker (SegmentedRaftLogWorker.java:startLogSegment(380)) - e615c22a-d22b-4b15-9ed2-177ac0ba27c8@group-4BE1D04B4BD0-SegmentedRaftLogWorker: Starting segment from index:0
2019-09-24 04:21:14,708 [e7f42ddf-a327-4ac1-a3b9-ef80a1bb28b5@group-4E02D81BF771:LeaderElection74] INFO  server.RaftServerConfigKeys (ConfUtils.java:logGet(43)) - raft.server.write.element-limit = 4096 (default)
2019-09-24 04:21:14,755 [Thread-3145] INFO  impl.RoleInfo (RoleInfo.java:updateAndGet(143)) - e7f42ddf-a327-4ac1-a3b9-ef80a1bb28b5: start LeaderElection
2019-09-24 04:21:14,708 [37a8a6e9-5e7d-41c2-b68e-c8cb07d77fff@group-82A3A0D9FED9:LeaderElection76] INFO  impl.RaftServerImpl (ServerState.java:setLeader(253)) - 37a8a6e9-5e7d-41c2-b68e-c8cb07d77fff@group-82A3A0D9FED9: change Leader from null to 37a8a6e9-5e7d-41c2-b68e-c8cb07d77fff at term 1 for becomeLeader, leader elected after 5518ms
2019-09-24 04:21:14,772 [e7f42ddf-a327-4ac1-a3b9-ef80a1bb28b5@group-4E02D81BF771:LeaderElection74] INFO  server.RaftServerConfigKeys (ConfUtils.java:logGet(43)) - raft.server.watch.timeout = 10s (default)
2019-09-24 04:21:14,772 [e615c22a-d22b-4b15-9ed2-177ac0ba27c8@group-5367271002A7-SegmentedRaftLogWorker] INFO  segmented.SegmentedRaftLogWorker (SegmentedRaftLogWorker.java:execute(569)) - e615c22a-d22b-4b15-9ed2-177ac0ba27c8@group-5367271002A7-SegmentedRaftLogWorker: created new log segment /workdir/hadoop-ozone/integration-test/target/test-dir/MiniOzoneClusterImpl-70ed5c72-7c79-4e50-93d4-710ad6ee9320/datanode-1/data/ratis/0a412a69-75ec-432a-b23d-5367271002a7/current/log_inprogress_0
2019-09-24 04:21:14,785 [43ecf24d-7403-4a92-903b-bd0d080d9eca@group-5C556B373B53:LeaderElection78] INFO  impl.LeaderElection (LeaderElection.java:askForVotes(182)) - 43ecf24d-7403-4a92-903b-bd0d080d9eca@group-5C556B373B53:LeaderElection78: begin an election at term 1 for -1: [6e4d579b-45b2-4620-be61-729cd2425cf8:192.168.151.75:43112, 43ecf24d-7403-4a92-903b-bd0d080d9eca:192.168.151.75:40415, e7f42ddf-a327-4ac1-a3b9-ef80a1bb28b5:192.168.151.75:32958], old=null
2019-09-24 04:21:14,785 [43ecf24d-7403-4a92-903b-bd0d080d9eca@group-53364E9DAC19:LeaderElection77] INFO  impl.LeaderElection (LeaderElection.java:askForVotes(182)) - 43ecf24d-7403-4a92-903b-bd0d080d9eca@group-53364E9DAC19:LeaderElection77: begin an election at term 1 for -1: [43ecf24d-7403-4a92-903b-bd0d080d9eca:192.168.151.75:40415], old=null
2019-09-24 04:21:14,773 [e7f42ddf-a327-4ac1-a3b9-ef80a1bb28b5@group-4E02D81BF771:LeaderElection74] INFO  server.RaftServerConfigKeys (ConfUtils.java:logGet(43)) - raft.server.watch.timeout.denomination = 1s (default)
2019-09-24 04:21:14,822 [d7be0fc0-2c06-465f-bb8d-ff37d07082c9@group-5367271002A7-SegmentedRaftLogWorker] INFO  segmented.SegmentedRaftLogWorker (SegmentedRaftLogWorker.java:execute(569)) - d7be0fc0-2c06-465f-bb8d-ff37d07082c9@group-5367271002A7-SegmentedRaftLogWorker: created new log segment /workdir/hadoop-ozone/integration-test/target/test-dir/MiniOzoneClusterImpl-70ed5c72-7c79-4e50-93d4-710ad6ee9320/datanode-2/data/ratis/0a412a69-75ec-432a-b23d-5367271002a7/current/log_inprogress_0
2019-09-24 04:21:14,785 [e615c22a-d22b-4b15-9ed2-177ac0ba27c8@group-4BE1D04B4BD0:LeaderElection73] INFO  impl.RaftServerImpl (ServerState.java:setRaftConf(354)) - e615c22a-d22b-4b15-9ed2-177ac0ba27c8@group-4BE1D04B4BD0: set configuration 0: [e615c22a-d22b-4b15-9ed2-177ac0ba27c8:192.168.151.75:43703], old=null at 0
2019-09-24 04:21:14,785 [43ecf24d-7403-4a92-903b-bd0d080d9eca@group-53364E9DAC19:LeaderElection77] INFO  impl.RoleInfo (RoleInfo.java:shutdownLeaderElection(134)) - 43ecf24d-7403-4a92-903b-bd0d080d9eca: shutdown LeaderElection
2019-09-24 04:21:14,785 [37a8a6e9-5e7d-41c2-b68e-c8cb07d77fff@group-82A3A0D9FED9:LeaderElection76] INFO  server.RaftServerConfigKeys (ConfUtils.java:logGet(43)) - raft.server.staging.catchup.gap = 1000 (default)
2019-09-24 04:21:14,826 [43ecf24d-7403-4a92-903b-bd0d080d9eca@group-53364E9DAC19:LeaderElection77] INFO  impl.RaftServerImpl (RaftServerImpl.java:setRole(174)) - 43ecf24d-7403-4a92-903b-bd0d080d9eca@group-53364E9DAC19: changes role from CANDIDATE to LEADER at term 1 for changeToLeader
2019-09-24 04:21:14,827 [43ecf24d-7403-4a92-903b-bd0d080d9eca@group-53364E9DAC19:LeaderElection77] INFO  impl.RaftServerImpl (ServerState.java:setLeader(253)) - 43ecf24d-7403-4a92-903b-bd0d080d9eca@group-53364E9DAC19: change Leader from null to 43ecf24d-7403-4a92-903b-bd0d080d9eca at term 1 for becomeLeader, leader elected after 5762ms
2019-09-24 04:21:14,823 [e7f42ddf-a327-4ac1-a3b9-ef80a1bb28b5@group-4E02D81BF771:LeaderElection74] INFO  server.RaftServerConfigKeys (ConfUtils.java:logGet(43)) - raft.server.watch.element-limit = 65536 (default)
2019-09-24 04:21:14,827 [43ecf24d-7403-4a92-903b-bd0d080d9eca@group-53364E9DAC19:LeaderElection77] INFO  server.RaftServerConfigKeys (ConfUtils.java:logGet(43)) - raft.server.staging.catchup.gap = 1000 (default)
2019-09-24 04:21:14,826 [37a8a6e9-5e7d-41c2-b68e-c8cb07d77fff@group-82A3A0D9FED9:LeaderElection76] INFO  server.RaftServerConfigKeys (ConfUtils.java:logGet(43)) - raft.server.rpc.sleep.time = 25ms (default)
2019-09-24 04:21:14,830 [43ecf24d-7403-4a92-903b-bd0d080d9eca@group-53364E9DAC19:LeaderElection77] INFO  server.RaftServerConfigKeys (ConfUtils.java:logGet(43)) - raft.server.rpc.sleep.time = 25ms (default)
2019-09-24 04:21:14,830 [37a8a6e9-5e7d-41c2-b68e-c8cb07d77fff@group-82A3A0D9FED9:LeaderElection76] INFO  server.RaftServerConfigKeys (ConfUtils.java:logGet(43)) - raft.server.write.element-limit = 4096 (default)
2019-09-24 04:21:14,831 [43ecf24d-7403-4a92-903b-bd0d080d9eca@group-53364E9DAC19:LeaderElection77] INFO  server.RaftServerConfigKeys (ConfUtils.java:logGet(43)) - raft.server.write.element-limit = 4096 (default)
2019-09-24 04:21:14,831 [37a8a6e9-5e7d-41c2-b68e-c8cb07d77fff@group-82A3A0D9FED9:LeaderElection76] INFO  server.RaftServerConfigKeys (ConfUtils.java:logGet(43)) - raft.server.watch.timeout = 10s (default)
2019-09-24 04:21:14,831 [43ecf24d-7403-4a92-903b-bd0d080d9eca@group-53364E9DAC19:LeaderElection77] INFO  server.RaftServerConfigKeys (ConfUtils.java:logGet(43)) - raft.server.watch.timeout = 10s (default)
2019-09-24 04:21:14,834 [37a8a6e9-5e7d-41c2-b68e-c8cb07d77fff@group-82A3A0D9FED9:LeaderElection76] INFO  server.RaftServerConfigKeys (ConfUtils.java:logGet(43)) - raft.server.watch.timeout.denomination = 1s (default)
2019-09-24 04:21:14,834 [e7f42ddf-a327-4ac1-a3b9-ef80a1bb28b5@group-4E02D81BF771:LeaderElection74] INFO  impl.RoleInfo (RoleInfo.java:updateAndGet(143)) - e7f42ddf-a327-4ac1-a3b9-ef80a1bb28b5: start LeaderState
2019-09-24 04:21:14,834 [43ecf24d-7403-4a92-903b-bd0d080d9eca@group-53364E9DAC19:LeaderElection77] INFO  server.RaftServerConfigKeys (ConfUtils.java:logGet(43)) - raft.server.watch.timeout.denomination = 1s (default)
2019-09-24 04:21:14,835 [43ecf24d-7403-4a92-903b-bd0d080d9eca@group-53364E9DAC19:LeaderElection77] INFO  server.RaftServerConfigKeys (ConfUtils.java:logGet(43)) - raft.server.watch.element-limit = 65536 (default)
2019-09-24 04:21:14,835 [e7f42ddf-a327-4ac1-a3b9-ef80a1bb28b5@group-4E02D81BF771:LeaderElection74] INFO  segmented.SegmentedRaftLogWorker (SegmentedRaftLogWorker.java:startLogSegment(380)) - e7f42ddf-a327-4ac1-a3b9-ef80a1bb28b5@group-4E02D81BF771-SegmentedRaftLogWorker: Starting segment from index:0
2019-09-24 04:21:14,835 [37a8a6e9-5e7d-41c2-b68e-c8cb07d77fff@group-82A3A0D9FED9:LeaderElection76] INFO  server.RaftServerConfigKeys (ConfUtils.java:logGet(43)) - raft.server.watch.element-limit = 65536 (default)
2019-09-24 04:21:14,838 [e7f42ddf-a327-4ac1-a3b9-ef80a1bb28b5@group-5C556B373B53:LeaderElection79] INFO  impl.LeaderElection (LeaderElection.java:askForVotes(182)) - e7f42ddf-a327-4ac1-a3b9-ef80a1bb28b5@group-5C556B373B53:LeaderElection79: begin an election at term 1 for -1: [6e4d579b-45b2-4620-be61-729cd2425cf8:192.168.151.75:43112, 43ecf24d-7403-4a92-903b-bd0d080d9eca:192.168.151.75:40415, e7f42ddf-a327-4ac1-a3b9-ef80a1bb28b5:192.168.151.75:32958], old=null
2019-09-24 04:21:14,838 [e615c22a-d22b-4b15-9ed2-177ac0ba27c8@group-4BE1D04B4BD0-SegmentedRaftLogWorker] INFO  segmented.SegmentedRaftLogWorker (SegmentedRaftLogWorker.java:execute(569)) - e615c22a-d22b-4b15-9ed2-177ac0ba27c8@group-4BE1D04B4BD0-SegmentedRaftLogWorker: created new log segment /workdir/hadoop-ozone/integration-test/target/test-dir/MiniOzoneClusterImpl-70ed5c72-7c79-4e50-93d4-710ad6ee9320/datanode-1/data/ratis/691ebfa7-77ab-44da-b3d5-4be1d04b4bd0/current/log_inprogress_0
2019-09-24 04:21:14,838 [6e4d579b-45b2-4620-be61-729cd2425cf8@group-0EF5F165B4B4-SegmentedRaftLogWorker] INFO  segmented.SegmentedRaftLogWorker (SegmentedRaftLogWorker.java:execute(569)) - 6e4d579b-45b2-4620-be61-729cd2425cf8@group-0EF5F165B4B4-SegmentedRaftLogWorker: created new log segment /workdir/hadoop-ozone/integration-test/target/test-dir/MiniOzoneClusterImpl-70ed5c72-7c79-4e50-93d4-710ad6ee9320/datanode-3/data/ratis/adbf3db4-836f-44db-b4a9-0ef5f165b4b4/current/log_inprogress_0
2019-09-24 04:21:14,843 [e7f42ddf-a327-4ac1-a3b9-ef80a1bb28b5@group-4E02D81BF771:LeaderElection74] INFO  impl.RaftServerImpl (ServerState.java:setRaftConf(354)) - e7f42ddf-a327-4ac1-a3b9-ef80a1bb28b5@group-4E02D81BF771: set configuration 0: [e7f42ddf-a327-4ac1-a3b9-ef80a1bb28b5:192.168.151.75:32958], old=null at 0
2019-09-24 04:21:14,976 [e7f42ddf-a327-4ac1-a3b9-ef80a1bb28b5@group-4E02D81BF771-SegmentedRaftLogWorker] INFO  segmented.SegmentedRaftLogWorker (SegmentedRaftLogWorker.java:execute(569)) - e7f42ddf-a327-4ac1-a3b9-ef80a1bb28b5@group-4E02D81BF771-SegmentedRaftLogWorker: created new log segment /workdir/hadoop-ozone/integration-test/target/test-dir/MiniOzoneClusterImpl-70ed5c72-7c79-4e50-93d4-710ad6ee9320/datanode-5/data/ratis/0765036a-339c-43da-9fc3-4e02d81bf771/current/log_inprogress_0
2019-09-24 04:21:14,983 [6e4d579b-45b2-4620-be61-729cd2425cf8@group-5C556B373B53:LeaderElection75] INFO  impl.LeaderElection (LeaderElection.java:logAndReturn(56)) - 6e4d579b-45b2-4620-be61-729cd2425cf8@group-5C556B373B53:LeaderElection75: Election REJECTED; received 2 response(s) [6e4d579b-45b2-4620-be61-729cd2425cf8<-43ecf24d-7403-4a92-903b-bd0d080d9eca#0:FAIL-t1, 6e4d579b-45b2-4620-be61-729cd2425cf8<-e7f42ddf-a327-4ac1-a3b9-ef80a1bb28b5#0:FAIL-t1] and 0 exception(s); 6e4d579b-45b2-4620-be61-729cd2425cf8@group-5C556B373B53:t1, leader=null, voted=6e4d579b-45b2-4620-be61-729cd2425cf8, raftlog=6e4d579b-45b2-4620-be61-729cd2425cf8@group-5C556B373B53-SegmentedRaftLog:OPENED:c-1,f-1,i0, conf=-1: [6e4d579b-45b2-4620-be61-729cd2425cf8:192.168.151.75:43112, 43ecf24d-7403-4a92-903b-bd0d080d9eca:192.168.151.75:40415, e7f42ddf-a327-4ac1-a3b9-ef80a1bb28b5:192.168.151.75:32958], old=null
2019-09-24 04:21:14,983 [6e4d579b-45b2-4620-be61-729cd2425cf8@group-5C556B373B53:LeaderElection75] INFO  impl.RaftServerImpl (RaftServerImpl.java:setRole(174)) - 6e4d579b-45b2-4620-be61-729cd2425cf8@group-5C556B373B53: changes role from CANDIDATE to FOLLOWER at term 1 for DISCOVERED_A_NEW_TERM
2019-09-24 04:21:14,983 [6e4d579b-45b2-4620-be61-729cd2425cf8@group-5C556B373B53:LeaderElection75] INFO  impl.RoleInfo (RoleInfo.java:shutdownLeaderElection(134)) - 6e4d579b-45b2-4620-be61-729cd2425cf8: shutdown LeaderElection
2019-09-24 04:21:14,984 [6e4d579b-45b2-4620-be61-729cd2425cf8@group-5C556B373B53:LeaderElection75] INFO  impl.RoleInfo (RoleInfo.java:updateAndGet(143)) - 6e4d579b-45b2-4620-be61-729cd2425cf8: start FollowerState
2019-09-24 04:21:14,984 [43ecf24d-7403-4a92-903b-bd0d080d9eca@group-53364E9DAC19:LeaderElection77] INFO  impl.RoleInfo (RoleInfo.java:updateAndGet(143)) - 43ecf24d-7403-4a92-903b-bd0d080d9eca: start LeaderState
2019-09-24 04:21:14,984 [37a8a6e9-5e7d-41c2-b68e-c8cb07d77fff@group-82A3A0D9FED9:LeaderElection76] INFO  impl.RoleInfo (RoleInfo.java:updateAndGet(143)) - 37a8a6e9-5e7d-41c2-b68e-c8cb07d77fff: start LeaderState
2019-09-24 04:21:14,986 [43ecf24d-7403-4a92-903b-bd0d080d9eca@group-53364E9DAC19:LeaderElection77] INFO  segmented.SegmentedRaftLogWorker (SegmentedRaftLogWorker.java:startLogSegment(380)) - 43ecf24d-7403-4a92-903b-bd0d080d9eca@group-53364E9DAC19-SegmentedRaftLogWorker: Starting segment from index:0
2019-09-24 04:21:14,986 [37a8a6e9-5e7d-41c2-b68e-c8cb07d77fff@group-82A3A0D9FED9:LeaderElection76] INFO  segmented.SegmentedRaftLogWorker (SegmentedRaftLogWorker.java:startLogSegment(380)) - 37a8a6e9-5e7d-41c2-b68e-c8cb07d77fff@group-82A3A0D9FED9-SegmentedRaftLogWorker: Starting segment from index:0
2019-09-24 04:21:14,986 [43ecf24d-7403-4a92-903b-bd0d080d9eca@group-5C556B373B53:LeaderElection78] INFO  impl.LeaderElection (LeaderElection.java:logAndReturn(56)) - 43ecf24d-7403-4a92-903b-bd0d080d9eca@group-5C556B373B53:LeaderElection78: Election REJECTED; received 2 response(s) [43ecf24d-7403-4a92-903b-bd0d080d9eca<-6e4d579b-45b2-4620-be61-729cd2425cf8#0:FAIL-t1, 43ecf24d-7403-4a92-903b-bd0d080d9eca<-e7f42ddf-a327-4ac1-a3b9-ef80a1bb28b5#0:FAIL-t1] and 0 exception(s); 43ecf24d-7403-4a92-903b-bd0d080d9eca@group-5C556B373B53:t1, leader=null, voted=43ecf24d-7403-4a92-903b-bd0d080d9eca, raftlog=43ecf24d-7403-4a92-903b-bd0d080d9eca@group-5C556B373B53-SegmentedRaftLog:OPENED:c-1,f-1,i0, conf=-1: [6e4d579b-45b2-4620-be61-729cd2425cf8:192.168.151.75:43112, 43ecf24d-7403-4a92-903b-bd0d080d9eca:192.168.151.75:40415, e7f42ddf-a327-4ac1-a3b9-ef80a1bb28b5:192.168.151.75:32958], old=null
2019-09-24 04:21:14,998 [43ecf24d-7403-4a92-903b-bd0d080d9eca@group-53364E9DAC19:LeaderElection77] INFO  impl.RaftServerImpl (ServerState.java:setRaftConf(354)) - 43ecf24d-7403-4a92-903b-bd0d080d9eca@group-53364E9DAC19: set configuration 0: [43ecf24d-7403-4a92-903b-bd0d080d9eca:192.168.151.75:40415], old=null at 0
2019-09-24 04:21:14,998 [37a8a6e9-5e7d-41c2-b68e-c8cb07d77fff@group-82A3A0D9FED9:LeaderElection76] INFO  impl.RaftServerImpl (ServerState.java:setRaftConf(354)) - 37a8a6e9-5e7d-41c2-b68e-c8cb07d77fff@group-82A3A0D9FED9: set configuration 0: [37a8a6e9-5e7d-41c2-b68e-c8cb07d77fff:192.168.151.75:38968], old=null at 0
2019-09-24 04:21:14,998 [43ecf24d-7403-4a92-903b-bd0d080d9eca@group-5C556B373B53:LeaderElection78] INFO  impl.RaftServerImpl (RaftServerImpl.java:setRole(174)) - 43ecf24d-7403-4a92-903b-bd0d080d9eca@group-5C556B373B53: changes role from CANDIDATE to FOLLOWER at term 1 for DISCOVERED_A_NEW_TERM
2019-09-24 04:21:15,032 [43ecf24d-7403-4a92-903b-bd0d080d9eca@group-5C556B373B53:LeaderElection78] INFO  impl.RoleInfo (RoleInfo.java:shutdownLeaderElection(134)) - 43ecf24d-7403-4a92-903b-bd0d080d9eca: shutdown LeaderElection
2019-09-24 04:21:15,036 [43ecf24d-7403-4a92-903b-bd0d080d9eca@group-5C556B373B53:LeaderElection78] INFO  impl.RoleInfo (RoleInfo.java:updateAndGet(143)) - 43ecf24d-7403-4a92-903b-bd0d080d9eca: start FollowerState
2019-09-24 04:21:15,054 [43ecf24d-7403-4a92-903b-bd0d080d9eca@group-53364E9DAC19-SegmentedRaftLogWorker] INFO  segmented.SegmentedRaftLogWorker (SegmentedRaftLogWorker.java:execute(569)) - 43ecf24d-7403-4a92-903b-bd0d080d9eca@group-53364E9DAC19-SegmentedRaftLogWorker: created new log segment /workdir/hadoop-ozone/integration-test/target/test-dir/MiniOzoneClusterImpl-70ed5c72-7c79-4e50-93d4-710ad6ee9320/datanode-4/data/ratis/946b1ca3-b3a0-4306-ba1d-53364e9dac19/current/log_inprogress_0
2019-09-24 04:21:15,054 [37a8a6e9-5e7d-41c2-b68e-c8cb07d77fff@group-82A3A0D9FED9-SegmentedRaftLogWorker] INFO  segmented.SegmentedRaftLogWorker (SegmentedRaftLogWorker.java:execute(569)) - 37a8a6e9-5e7d-41c2-b68e-c8cb07d77fff@group-82A3A0D9FED9-SegmentedRaftLogWorker: created new log segment /workdir/hadoop-ozone/integration-test/target/test-dir/MiniOzoneClusterImpl-70ed5c72-7c79-4e50-93d4-710ad6ee9320/datanode-6/data/ratis/ec73b2cb-d1ee-4373-be6f-82a3a0d9fed9/current/log_inprogress_0
2019-09-24 04:21:15,064 [e7f42ddf-a327-4ac1-a3b9-ef80a1bb28b5@group-5C556B373B53:LeaderElection79] INFO  impl.LeaderElection (LeaderElection.java:logAndReturn(56)) - e7f42ddf-a327-4ac1-a3b9-ef80a1bb28b5@group-5C556B373B53:LeaderElection79: Election REJECTED; received 2 response(s) [e7f42ddf-a327-4ac1-a3b9-ef80a1bb28b5<-6e4d579b-45b2-4620-be61-729cd2425cf8#0:FAIL-t1, e7f42ddf-a327-4ac1-a3b9-ef80a1bb28b5<-43ecf24d-7403-4a92-903b-bd0d080d9eca#0:FAIL-t1] and 0 exception(s); e7f42ddf-a327-4ac1-a3b9-ef80a1bb28b5@group-5C556B373B53:t1, leader=null, voted=e7f42ddf-a327-4ac1-a3b9-ef80a1bb28b5, raftlog=e7f42ddf-a327-4ac1-a3b9-ef80a1bb28b5@group-5C556B373B53-SegmentedRaftLog:OPENED:c-1,f-1,i0, conf=-1: [6e4d579b-45b2-4620-be61-729cd2425cf8:192.168.151.75:43112, 43ecf24d-7403-4a92-903b-bd0d080d9eca:192.168.151.75:40415, e7f42ddf-a327-4ac1-a3b9-ef80a1bb28b5:192.168.151.75:32958], old=null
2019-09-24 04:21:15,064 [e7f42ddf-a327-4ac1-a3b9-ef80a1bb28b5@group-5C556B373B53:LeaderElection79] INFO  impl.RaftServerImpl (RaftServerImpl.java:setRole(174)) - e7f42ddf-a327-4ac1-a3b9-ef80a1bb28b5@group-5C556B373B53: changes role from CANDIDATE to FOLLOWER at term 1 for DISCOVERED_A_NEW_TERM
2019-09-24 04:21:15,064 [e7f42ddf-a327-4ac1-a3b9-ef80a1bb28b5@group-5C556B373B53:LeaderElection79] INFO  impl.RoleInfo (RoleInfo.java:shutdownLeaderElection(134)) - e7f42ddf-a327-4ac1-a3b9-ef80a1bb28b5: shutdown LeaderElection
2019-09-24 04:21:15,064 [e7f42ddf-a327-4ac1-a3b9-ef80a1bb28b5@group-5C556B373B53:LeaderElection79] INFO  impl.RoleInfo (RoleInfo.java:updateAndGet(143)) - e7f42ddf-a327-4ac1-a3b9-ef80a1bb28b5: start FollowerState
2019-09-24 04:21:16,191 [Datanode State Machine Thread - 0] INFO  statemachine.DatanodeStateMachine (DatanodeStateMachine.java:lambda$startDaemon$0(356)) - Ozone container server started.
2019-09-24 04:21:20,005 [Thread-3208] INFO  impl.FollowerState (FollowerState.java:run(106)) - 6e4d579b-45b2-4620-be61-729cd2425cf8:group-5C556B373B53 changes to CANDIDATE, lastRpcTime:5021, electionTimeout:5019ms
2019-09-24 04:21:20,006 [Thread-3208] INFO  impl.RoleInfo (RoleInfo.java:shutdownFollowerState(121)) - 6e4d579b-45b2-4620-be61-729cd2425cf8: shutdown FollowerState
2019-09-24 04:21:20,006 [Thread-3208] INFO  impl.RaftServerImpl (RaftServerImpl.java:setRole(174)) - 6e4d579b-45b2-4620-be61-729cd2425cf8@group-5C556B373B53: changes role from  FOLLOWER to CANDIDATE at term 1 for changeToCandidate
2019-09-24 04:21:20,006 [Thread-3208] INFO  impl.RoleInfo (RoleInfo.java:updateAndGet(143)) - 6e4d579b-45b2-4620-be61-729cd2425cf8: start LeaderElection
2019-09-24 04:21:20,033 [6e4d579b-45b2-4620-be61-729cd2425cf8@group-5C556B373B53:LeaderElection80] INFO  impl.LeaderElection (LeaderElection.java:askForVotes(182)) - 6e4d579b-45b2-4620-be61-729cd2425cf8@group-5C556B373B53:LeaderElection80: begin an election at term 2 for -1: [6e4d579b-45b2-4620-be61-729cd2425cf8:192.168.151.75:43112, 43ecf24d-7403-4a92-903b-bd0d080d9eca:192.168.151.75:40415, e7f42ddf-a327-4ac1-a3b9-ef80a1bb28b5:192.168.151.75:32958], old=null
2019-09-24 04:21:20,040 [grpc-default-executor-5] INFO  impl.RaftServerImpl (RaftServerImpl.java:setRole(174)) - 43ecf24d-7403-4a92-903b-bd0d080d9eca@group-5C556B373B53: changes role from  FOLLOWER to FOLLOWER at term 2 for recognizeCandidate:6e4d579b-45b2-4620-be61-729cd2425cf8
2019-09-24 04:21:20,040 [grpc-default-executor-8] INFO  impl.RaftServerImpl (RaftServerImpl.java:setRole(174)) - e7f42ddf-a327-4ac1-a3b9-ef80a1bb28b5@group-5C556B373B53: changes role from  FOLLOWER to FOLLOWER at term 2 for recognizeCandidate:6e4d579b-45b2-4620-be61-729cd2425cf8
2019-09-24 04:21:20,040 [grpc-default-executor-5] INFO  impl.RoleInfo (RoleInfo.java:shutdownFollowerState(121)) - 43ecf24d-7403-4a92-903b-bd0d080d9eca: shutdown FollowerState
2019-09-24 04:21:20,040 [grpc-default-executor-8] INFO  impl.RoleInfo (RoleInfo.java:shutdownFollowerState(121)) - e7f42ddf-a327-4ac1-a3b9-ef80a1bb28b5: shutdown FollowerState
2019-09-24 04:21:20,041 [Thread-3209] INFO  impl.FollowerState (FollowerState.java:run(115)) - 43ecf24d-7403-4a92-903b-bd0d080d9eca: FollowerState was interrupted: java.lang.InterruptedException: sleep interrupted
2019-09-24 04:21:20,041 [grpc-default-executor-5] INFO  impl.RoleInfo (RoleInfo.java:updateAndGet(143)) - 43ecf24d-7403-4a92-903b-bd0d080d9eca: start FollowerState
2019-09-24 04:21:20,041 [Thread-3211] INFO  impl.FollowerState (FollowerState.java:run(115)) - e7f42ddf-a327-4ac1-a3b9-ef80a1bb28b5: FollowerState was interrupted: java.lang.InterruptedException: sleep interrupted
2019-09-24 04:21:20,041 [grpc-default-executor-8] INFO  impl.RoleInfo (RoleInfo.java:updateAndGet(143)) - e7f42ddf-a327-4ac1-a3b9-ef80a1bb28b5: start FollowerState
2019-09-24 04:21:20,061 [6e4d579b-45b2-4620-be61-729cd2425cf8@group-5C556B373B53:LeaderElection80] INFO  impl.LeaderElection (LeaderElection.java:logAndReturn(56)) - 6e4d579b-45b2-4620-be61-729cd2425cf8@group-5C556B373B53:LeaderElection80: Election PASSED; received 1 response(s) [6e4d579b-45b2-4620-be61-729cd2425cf8<-43ecf24d-7403-4a92-903b-bd0d080d9eca#0:OK-t2] and 0 exception(s); 6e4d579b-45b2-4620-be61-729cd2425cf8@group-5C556B373B53:t2, leader=null, voted=6e4d579b-45b2-4620-be61-729cd2425cf8, raftlog=6e4d579b-45b2-4620-be61-729cd2425cf8@group-5C556B373B53-SegmentedRaftLog:OPENED:c-1,f-1,i0, conf=-1: [6e4d579b-45b2-4620-be61-729cd2425cf8:192.168.151.75:43112, 43ecf24d-7403-4a92-903b-bd0d080d9eca:192.168.151.75:40415, e7f42ddf-a327-4ac1-a3b9-ef80a1bb28b5:192.168.151.75:32958], old=null
2019-09-24 04:21:20,061 [6e4d579b-45b2-4620-be61-729cd2425cf8@group-5C556B373B53:LeaderElection80] INFO  impl.RoleInfo (RoleInfo.java:shutdownLeaderElection(134)) - 6e4d579b-45b2-4620-be61-729cd2425cf8: shutdown LeaderElection
2019-09-24 04:21:20,061 [6e4d579b-45b2-4620-be61-729cd2425cf8@group-5C556B373B53:LeaderElection80] INFO  impl.RaftServerImpl (RaftServerImpl.java:setRole(174)) - 6e4d579b-45b2-4620-be61-729cd2425cf8@group-5C556B373B53: changes role from CANDIDATE to LEADER at term 2 for changeToLeader
2019-09-24 04:21:20,061 [6e4d579b-45b2-4620-be61-729cd2425cf8@group-5C556B373B53:LeaderElection80] INFO  impl.RaftServerImpl (ServerState.java:setLeader(253)) - 6e4d579b-45b2-4620-be61-729cd2425cf8@group-5C556B373B53: change Leader from null to 6e4d579b-45b2-4620-be61-729cd2425cf8 at term 2 for becomeLeader, leader elected after 11008ms
2019-09-24 04:21:20,061 [6e4d579b-45b2-4620-be61-729cd2425cf8@group-5C556B373B53:LeaderElection80] INFO  server.RaftServerConfigKeys (ConfUtils.java:logGet(43)) - raft.server.staging.catchup.gap = 1000 (default)
2019-09-24 04:21:20,062 [6e4d579b-45b2-4620-be61-729cd2425cf8@group-5C556B373B53:LeaderElection80] INFO  server.RaftServerConfigKeys (ConfUtils.java:logGet(43)) - raft.server.rpc.sleep.time = 25ms (default)
2019-09-24 04:21:20,062 [6e4d579b-45b2-4620-be61-729cd2425cf8@group-5C556B373B53:LeaderElection80] INFO  server.RaftServerConfigKeys (ConfUtils.java:logGet(43)) - raft.server.write.element-limit = 4096 (default)
2019-09-24 04:21:20,062 [6e4d579b-45b2-4620-be61-729cd2425cf8@group-5C556B373B53:LeaderElection80] INFO  server.RaftServerConfigKeys (ConfUtils.java:logGet(43)) - raft.server.watch.timeout = 10s (default)
2019-09-24 04:21:20,062 [6e4d579b-45b2-4620-be61-729cd2425cf8@group-5C556B373B53:LeaderElection80] INFO  server.RaftServerConfigKeys (ConfUtils.java:logGet(43)) - raft.server.watch.timeout.denomination = 1s (default)
2019-09-24 04:21:20,062 [6e4d579b-45b2-4620-be61-729cd2425cf8@group-5C556B373B53:LeaderElection80] INFO  server.RaftServerConfigKeys (ConfUtils.java:logGet(43)) - raft.server.watch.element-limit = 65536 (default)
2019-09-24 04:21:20,066 [6e4d579b-45b2-4620-be61-729cd2425cf8@group-5C556B373B53:LeaderElection80] INFO  server.RaftServerConfigKeys (ConfUtils.java:logGet(43)) - raft.server.log.appender.snapshot.chunk.size.max = 16MB (=16777216) (default)
2019-09-24 04:21:20,067 [6e4d579b-45b2-4620-be61-729cd2425cf8@group-5C556B373B53:LeaderElection80] INFO  server.RaftServerConfigKeys (ConfUtils.java:logGet(43)) - raft.server.log.appender.buffer.byte-limit = 33554432 (custom)
2019-09-24 04:21:20,067 [6e4d579b-45b2-4620-be61-729cd2425cf8@group-5C556B373B53:LeaderElection80] INFO  server.RaftServerConfigKeys (ConfUtils.java:logGet(43)) - raft.server.log.appender.buffer.element-limit = 1 (custom)
2019-09-24 04:21:20,067 [6e4d579b-45b2-4620-be61-729cd2425cf8@group-5C556B373B53:LeaderElection80] INFO  grpc.GrpcConfigKeys$Server (ConfUtils.java:logGet(43)) - raft.grpc.server.leader.outstanding.appends.max = 128 (default)
2019-09-24 04:21:20,068 [6e4d579b-45b2-4620-be61-729cd2425cf8@group-5C556B373B53:LeaderElection80] INFO  server.RaftServerConfigKeys (ConfUtils.java:logGet(43)) - raft.server.rpc.request.timeout = 3000ms (default)
2019-09-24 04:21:20,068 [6e4d579b-45b2-4620-be61-729cd2425cf8@group-5C556B373B53:LeaderElection80] INFO  server.RaftServerConfigKeys (ConfUtils.java:logGet(43)) - raft.server.log.appender.install.snapshot.enabled = false (custom)
2019-09-24 04:21:20,068 [6e4d579b-45b2-4620-be61-729cd2425cf8@group-5C556B373B53:LeaderElection80] INFO  server.RaftServerConfigKeys (ConfUtils.java:logGet(43)) - raft.server.log.appender.snapshot.chunk.size.max = 16MB (=16777216) (default)
2019-09-24 04:21:20,068 [6e4d579b-45b2-4620-be61-729cd2425cf8@group-5C556B373B53:LeaderElection80] INFO  server.RaftServerConfigKeys (ConfUtils.java:logGet(43)) - raft.server.log.appender.buffer.byte-limit = 33554432 (custom)
2019-09-24 04:21:20,069 [6e4d579b-45b2-4620-be61-729cd2425cf8@group-5C556B373B53:LeaderElection80] INFO  server.RaftServerConfigKeys (ConfUtils.java:logGet(43)) - raft.server.log.appender.buffer.element-limit = 1 (custom)
2019-09-24 04:21:20,069 [6e4d579b-45b2-4620-be61-729cd2425cf8@group-5C556B373B53:LeaderElection80] INFO  grpc.GrpcConfigKeys$Server (ConfUtils.java:logGet(43)) - raft.grpc.server.leader.outstanding.appends.max = 128 (default)
2019-09-24 04:21:20,069 [6e4d579b-45b2-4620-be61-729cd2425cf8@group-5C556B373B53:LeaderElection80] INFO  server.RaftServerConfigKeys (ConfUtils.java:logGet(43)) - raft.server.rpc.request.timeout = 3000ms (default)
2019-09-24 04:21:20,069 [6e4d579b-45b2-4620-be61-729cd2425cf8@group-5C556B373B53:LeaderElection80] INFO  server.RaftServerConfigKeys (ConfUtils.java:logGet(43)) - raft.server.log.appender.install.snapshot.enabled = false (custom)
2019-09-24 04:21:20,070 [6e4d579b-45b2-4620-be61-729cd2425cf8@group-5C556B373B53:LeaderElection80] INFO  impl.RoleInfo (RoleInfo.java:updateAndGet(143)) - 6e4d579b-45b2-4620-be61-729cd2425cf8: start LeaderState
2019-09-24 04:21:20,070 [6e4d579b-45b2-4620-be61-729cd2425cf8@group-5C556B373B53:LeaderElection80] INFO  segmented.SegmentedRaftLogWorker (SegmentedRaftLogWorker.java:startLogSegment(380)) - 6e4d579b-45b2-4620-be61-729cd2425cf8@group-5C556B373B53-SegmentedRaftLogWorker: Starting segment from index:0
2019-09-24 04:21:20,071 [6e4d579b-45b2-4620-be61-729cd2425cf8@group-5C556B373B53:LeaderElection80] INFO  impl.RaftServerImpl (ServerState.java:setRaftConf(354)) - 6e4d579b-45b2-4620-be61-729cd2425cf8@group-5C556B373B53: set configuration 0: [6e4d579b-45b2-4620-be61-729cd2425cf8:192.168.151.75:43112, 43ecf24d-7403-4a92-903b-bd0d080d9eca:192.168.151.75:40415, e7f42ddf-a327-4ac1-a3b9-ef80a1bb28b5:192.168.151.75:32958], old=null at 0
2019-09-24 04:21:20,073 [grpc-default-executor-8] INFO  impl.RaftServerImpl (ServerState.java:setLeader(253)) - 43ecf24d-7403-4a92-903b-bd0d080d9eca@group-5C556B373B53: change Leader from null to 6e4d579b-45b2-4620-be61-729cd2425cf8 at term 2 for appendEntries, leader elected after 10978ms
2019-09-24 04:21:20,108 [grpc-default-executor-5] INFO  impl.RaftServerImpl (ServerState.java:setLeader(253)) - e7f42ddf-a327-4ac1-a3b9-ef80a1bb28b5@group-5C556B373B53: change Leader from null to 6e4d579b-45b2-4620-be61-729cd2425cf8 at term 2 for appendEntries, leader elected after 10936ms
2019-09-24 04:21:20,110 [grpc-default-executor-5] INFO  impl.RaftServerImpl (ServerState.java:setRaftConf(354)) - 43ecf24d-7403-4a92-903b-bd0d080d9eca@group-5C556B373B53: set configuration 0: [6e4d579b-45b2-4620-be61-729cd2425cf8:192.168.151.75:43112, 43ecf24d-7403-4a92-903b-bd0d080d9eca:192.168.151.75:40415, e7f42ddf-a327-4ac1-a3b9-ef80a1bb28b5:192.168.151.75:32958], old=null at 0
2019-09-24 04:21:20,110 [grpc-default-executor-5] INFO  segmented.SegmentedRaftLogWorker (SegmentedRaftLogWorker.java:startLogSegment(380)) - 43ecf24d-7403-4a92-903b-bd0d080d9eca@group-5C556B373B53-SegmentedRaftLogWorker: Starting segment from index:0
2019-09-24 04:21:20,110 [grpc-default-executor-8] INFO  impl.RaftServerImpl (ServerState.java:setRaftConf(354)) - e7f42ddf-a327-4ac1-a3b9-ef80a1bb28b5@group-5C556B373B53: set configuration 0: [6e4d579b-45b2-4620-be61-729cd2425cf8:192.168.151.75:43112, 43ecf24d-7403-4a92-903b-bd0d080d9eca:192.168.151.75:40415, e7f42ddf-a327-4ac1-a3b9-ef80a1bb28b5:192.168.151.75:32958], old=null at 0
2019-09-24 04:21:20,111 [grpc-default-executor-8] INFO  segmented.SegmentedRaftLogWorker (SegmentedRaftLogWorker.java:startLogSegment(380)) - e7f42ddf-a327-4ac1-a3b9-ef80a1bb28b5@group-5C556B373B53-SegmentedRaftLogWorker: Starting segment from index:0
2019-09-24 04:21:20,135 [6e4d579b-45b2-4620-be61-729cd2425cf8@group-5C556B373B53-SegmentedRaftLogWorker] INFO  segmented.SegmentedRaftLogWorker (SegmentedRaftLogWorker.java:execute(569)) - 6e4d579b-45b2-4620-be61-729cd2425cf8@group-5C556B373B53-SegmentedRaftLogWorker: created new log segment /workdir/hadoop-ozone/integration-test/target/test-dir/MiniOzoneClusterImpl-70ed5c72-7c79-4e50-93d4-710ad6ee9320/datanode-3/data/ratis/3dd83e0d-84fc-43de-b71d-5c556b373b53/current/log_inprogress_0
2019-09-24 04:21:20,147 [43ecf24d-7403-4a92-903b-bd0d080d9eca@group-5C556B373B53-SegmentedRaftLogWorker] INFO  segmented.SegmentedRaftLogWorker (SegmentedRaftLogWorker.java:execute(569)) - 43ecf24d-7403-4a92-903b-bd0d080d9eca@group-5C556B373B53-SegmentedRaftLogWorker: created new log segment /workdir/hadoop-ozone/integration-test/target/test-dir/MiniOzoneClusterImpl-70ed5c72-7c79-4e50-93d4-710ad6ee9320/datanode-4/data/ratis/3dd83e0d-84fc-43de-b71d-5c556b373b53/current/log_inprogress_0
2019-09-24 04:21:20,159 [e7f42ddf-a327-4ac1-a3b9-ef80a1bb28b5@group-5C556B373B53-SegmentedRaftLogWorker] INFO  segmented.SegmentedRaftLogWorker (SegmentedRaftLogWorker.java:execute(569)) - e7f42ddf-a327-4ac1-a3b9-ef80a1bb28b5@group-5C556B373B53-SegmentedRaftLogWorker: created new log segment /workdir/hadoop-ozone/integration-test/target/test-dir/MiniOzoneClusterImpl-70ed5c72-7c79-4e50-93d4-710ad6ee9320/datanode-5/data/ratis/3dd83e0d-84fc-43de-b71d-5c556b373b53/current/log_inprogress_0
2019-09-24 04:21:20,208 [EventQueue-StaleNodeForStaleNodeHandler] INFO  node.StaleNodeHandler (StaleNodeHandler.java:onMessage(58)) - Datanode ef134360-ccd0-45a6-96d7-cad815354eed{ip: 192.168.151.75, host: pr-hdds-2034-r6745-1453098948, networkLocation: /default-rack, certSerialId: null} moved to stale state. Finalizing its pipelines [PipelineID=0a412a69-75ec-432a-b23d-5367271002a7, PipelineID=ffa51b14-fbf8-4e7e-8f85-76d5d40148ad]
2019-09-24 04:21:20,209 [EventQueue-StaleNodeForStaleNodeHandler] INFO  pipeline.SCMPipelineManager (SCMPipelineManager.java:finalizeAndDestroyPipeline(348)) - destroying pipeline:Pipeline[ Id: 0a412a69-75ec-432a-b23d-5367271002a7, Nodes: ef134360-ccd0-45a6-96d7-cad815354eed{ip: 192.168.151.75, host: pr-hdds-2034-r6745-1453098948, networkLocation: /default-rack, certSerialId: null}d7be0fc0-2c06-465f-bb8d-ff37d07082c9{ip: 192.168.151.75, host: pr-hdds-2034-r6745-1453098948, networkLocation: /default-rack, certSerialId: null}e615c22a-d22b-4b15-9ed2-177ac0ba27c8{ip: 192.168.151.75, host: pr-hdds-2034-r6745-1453098948, networkLocation: /default-rack, certSerialId: null}, Type:RATIS, Factor:THREE, State:OPEN]
2019-09-24 04:21:20,209 [EventQueue-StaleNodeForStaleNodeHandler] INFO  pipeline.PipelineStateManager (PipelineStateManager.java:finalizePipeline(123)) - Pipeline Pipeline[ Id: 0a412a69-75ec-432a-b23d-5367271002a7, Nodes: ef134360-ccd0-45a6-96d7-cad815354eed{ip: 192.168.151.75, host: pr-hdds-2034-r6745-1453098948, networkLocation: /default-rack, certSerialId: null}d7be0fc0-2c06-465f-bb8d-ff37d07082c9{ip: 192.168.151.75, host: pr-hdds-2034-r6745-1453098948, networkLocation: /default-rack, certSerialId: null}e615c22a-d22b-4b15-9ed2-177ac0ba27c8{ip: 192.168.151.75, host: pr-hdds-2034-r6745-1453098948, networkLocation: /default-rack, certSerialId: null}, Type:RATIS, Factor:THREE, State:CLOSED] moved to CLOSED state
2019-09-24 04:21:20,210 [EventQueue-CloseContainerForCloseContainerEventHandler] INFO  container.CloseContainerEventHandler (CloseContainerEventHandler.java:onMessage(61)) - Close container Event triggered for container : #1
2019-09-24 04:21:20,210 [EventQueue-StaleNodeForStaleNodeHandler] INFO  pipeline.SCMPipelineManager (SCMPipelineManager.java:finalizeAndDestroyPipeline(348)) - destroying pipeline:Pipeline[ Id: ffa51b14-fbf8-4e7e-8f85-76d5d40148ad, Nodes: ef134360-ccd0-45a6-96d7-cad815354eed{ip: 192.168.151.75, host: pr-hdds-2034-r6745-1453098948, networkLocation: /default-rack, certSerialId: null}, Type:RATIS, Factor:ONE, State:OPEN]
2019-09-24 04:21:20,216 [EventQueue-StaleNodeForStaleNodeHandler] INFO  pipeline.PipelineStateManager (PipelineStateManager.java:finalizePipeline(123)) - Pipeline Pipeline[ Id: ffa51b14-fbf8-4e7e-8f85-76d5d40148ad, Nodes: ef134360-ccd0-45a6-96d7-cad815354eed{ip: 192.168.151.75, host: pr-hdds-2034-r6745-1453098948, networkLocation: /default-rack, certSerialId: null}, Type:RATIS, Factor:ONE, State:CLOSED] moved to CLOSED state
2019-09-24 04:21:20,418 [main] INFO  ozoneimpl.OzoneContainer (OzoneContainer.java:stop(231)) - Attempting to stop container services.
2019-09-24 04:21:20,419 [main] INFO  impl.RaftServerProxy (RaftServerProxy.java:lambda$close$4(314)) - ef134360-ccd0-45a6-96d7-cad815354eed: close
2019-09-24 04:21:20,419 [main] INFO  impl.RaftServerImpl (RaftServerImpl.java:lambda$shutdown$3(251)) - ef134360-ccd0-45a6-96d7-cad815354eed@group-5367271002A7: shutdown
2019-09-24 04:21:20,419 [ForkJoinPool.commonPool-worker-0] INFO  impl.RaftServerImpl (RaftServerImpl.java:lambda$shutdown$3(251)) - ef134360-ccd0-45a6-96d7-cad815354eed@group-76D5D40148AD: shutdown
2019-09-24 04:21:20,420 [main] INFO  util.JmxRegister (JmxRegister.java:unregister(73)) - Successfully un-registered JMX Bean with object name Ratis:service=RaftServer,group=group-5367271002A7,id=ef134360-ccd0-45a6-96d7-cad815354eed
2019-09-24 04:21:20,420 [ForkJoinPool.commonPool-worker-0] INFO  util.JmxRegister (JmxRegister.java:unregister(73)) - Successfully un-registered JMX Bean with object name Ratis:service=RaftServer,group=group-76D5D40148AD,id=ef134360-ccd0-45a6-96d7-cad815354eed
2019-09-24 04:21:20,420 [main] INFO  impl.RoleInfo (RoleInfo.java:shutdownLeaderState(104)) - ef134360-ccd0-45a6-96d7-cad815354eed: shutdown LeaderState
2019-09-24 04:21:20,421 [ForkJoinPool.commonPool-worker-0] INFO  impl.RoleInfo (RoleInfo.java:shutdownLeaderState(104)) - ef134360-ccd0-45a6-96d7-cad815354eed: shutdown LeaderState
2019-09-24 04:21:20,427 [org.apache.ratis.server.impl.LogAppender$AppenderDaemon$$Lambda$892/1069341555@35e6ad2c] WARN  server.GrpcLogAppender (GrpcLogAppender.java:mayWait(143)) - ef134360-ccd0-45a6-96d7-cad815354eed@group-5367271002A7->d7be0fc0-2c06-465f-bb8d-ff37d07082c9-GrpcLogAppender: Wait interrupted by java.lang.InterruptedException
2019-09-24 04:21:20,427 [org.apache.ratis.server.impl.LogAppender$AppenderDaemon$$Lambda$892/1069341555@2dd3e0d2] WARN  server.GrpcLogAppender (GrpcLogAppender.java:mayWait(143)) - ef134360-ccd0-45a6-96d7-cad815354eed@group-5367271002A7->e615c22a-d22b-4b15-9ed2-177ac0ba27c8-GrpcLogAppender: Wait interrupted by java.lang.InterruptedException
2019-09-24 04:21:20,427 [main] INFO  impl.PendingRequests (PendingRequests.java:sendNotLeaderResponses(202)) - ef134360-ccd0-45a6-96d7-cad815354eed-PendingRequests: sendNotLeaderResponses
2019-09-24 04:21:20,428 [grpc-default-executor-8] INFO  server.GrpcServerProtocolService (GrpcServerProtocolService.java:onCompleted(113)) - d7be0fc0-2c06-465f-bb8d-ff37d07082c9: Completed APPEND_ENTRIES, lastRequest: ef134360-ccd0-45a6-96d7-cad815354eed->d7be0fc0-2c06-465f-bb8d-ff37d07082c9#17-t1, previous=(t:1, i:15), leaderCommit=15, initializing? false, entries: <empty>
2019-09-24 04:21:20,428 [grpc-default-executor-5] INFO  server.GrpcServerProtocolService (GrpcServerProtocolService.java:onCompleted(113)) - e615c22a-d22b-4b15-9ed2-177ac0ba27c8: Completed APPEND_ENTRIES, lastRequest: ef134360-ccd0-45a6-96d7-cad815354eed->e615c22a-d22b-4b15-9ed2-177ac0ba27c8#17-t1, previous=(t:1, i:15), leaderCommit=15, initializing? false, entries: <empty>
2019-09-24 04:21:20,427 [ForkJoinPool.commonPool-worker-0] INFO  impl.PendingRequests (PendingRequests.java:sendNotLeaderResponses(202)) - ef134360-ccd0-45a6-96d7-cad815354eed-PendingRequests: sendNotLeaderResponses
2019-09-24 04:21:20,434 [grpc-default-executor-5] INFO  server.GrpcLogAppender (GrpcLogAppender.java:onCompleted(293)) - ef134360-ccd0-45a6-96d7-cad815354eed@group-5367271002A7->e615c22a-d22b-4b15-9ed2-177ac0ba27c8-AppendLogResponseHandler: follower responses appendEntries COMPLETED
2019-09-24 04:21:20,434 [grpc-default-executor-7] INFO  server.GrpcLogAppender (GrpcLogAppender.java:onCompleted(293)) - ef134360-ccd0-45a6-96d7-cad815354eed@group-5367271002A7->d7be0fc0-2c06-465f-bb8d-ff37d07082c9-AppendLogResponseHandler: follower responses appendEntries COMPLETED
2019-09-24 04:21:20,431 [ef134360-ccd0-45a6-96d7-cad815354eed@group-5367271002A7-StateMachineUpdater] INFO  ratis.ContainerStateMachine (ContainerStateMachine.java:takeSnapshot(289)) - group-5367271002A7: Taking a snapshot at:(t:1, i:13) file /workdir/hadoop-ozone/integration-test/target/test-dir/MiniOzoneClusterImpl-70ed5c72-7c79-4e50-93d4-710ad6ee9320/datanode-0/data/ratis/0a412a69-75ec-432a-b23d-5367271002a7/sm/snapshot.1_13
2019-09-24 04:21:20,431 [main] INFO  impl.StateMachineUpdater (StateMachineUpdater.java:stopAndJoin(125)) - ef134360-ccd0-45a6-96d7-cad815354eed@group-5367271002A7-StateMachineUpdater: set stopIndex = 15
2019-09-24 04:21:20,435 [grpc-default-executor-7] INFO  impl.FollowerInfo (FollowerInfo.java:lambda$new$0(51)) - ef134360-ccd0-45a6-96d7-cad815354eed@group-5367271002A7->d7be0fc0-2c06-465f-bb8d-ff37d07082c9: nextIndex: updateUnconditionally 16 -> 15
2019-09-24 04:21:20,435 [grpc-default-executor-5] INFO  impl.FollowerInfo (FollowerInfo.java:lambda$new$0(51)) - ef134360-ccd0-45a6-96d7-cad815354eed@group-5367271002A7->e615c22a-d22b-4b15-9ed2-177ac0ba27c8: nextIndex: updateUnconditionally 16 -> 15
2019-09-24 04:21:20,435 [ForkJoinPool.commonPool-worker-0] INFO  impl.StateMachineUpdater (StateMachineUpdater.java:stopAndJoin(125)) - ef134360-ccd0-45a6-96d7-cad815354eed@group-76D5D40148AD-StateMachineUpdater: set stopIndex = 0
2019-09-24 04:21:20,436 [ForkJoinPool.commonPool-worker-0] INFO  impl.RaftServerImpl (ServerState.java:close(385)) - ef134360-ccd0-45a6-96d7-cad815354eed@group-76D5D40148AD: closes. applyIndex: 0
2019-09-24 04:21:20,437 [ef134360-ccd0-45a6-96d7-cad815354eed@group-76D5D40148AD-SegmentedRaftLogWorker] INFO  segmented.SegmentedRaftLogWorker (SegmentedRaftLogWorker.java:run(313)) - ef134360-ccd0-45a6-96d7-cad815354eed@group-76D5D40148AD-SegmentedRaftLogWorker was interrupted, exiting. There are 0 tasks remaining in the queue.
2019-09-24 04:21:20,440 [ForkJoinPool.commonPool-worker-0] INFO  segmented.SegmentedRaftLogWorker (SegmentedRaftLogWorker.java:close(228)) - ef134360-ccd0-45a6-96d7-cad815354eed@group-76D5D40148AD-SegmentedRaftLogWorker close()
2019-09-24 04:21:20,449 [ef134360-ccd0-45a6-96d7-cad815354eed@group-5367271002A7-StateMachineUpdater] INFO  ratis.ContainerStateMachine (ContainerStateMachine.java:takeSnapshot(300)) - group-5367271002A7: Finished taking a snapshot at:(t:1, i:13) file:/workdir/hadoop-ozone/integration-test/target/test-dir/MiniOzoneClusterImpl-70ed5c72-7c79-4e50-93d4-710ad6ee9320/datanode-0/data/ratis/0a412a69-75ec-432a-b23d-5367271002a7/sm/snapshot.1_13 time:17
2019-09-24 04:21:20,449 [ef134360-ccd0-45a6-96d7-cad815354eed@group-5367271002A7-StateMachineUpdater] INFO  impl.StateMachineUpdater (StateMachineUpdater.java:takeSnapshot(258)) - ef134360-ccd0-45a6-96d7-cad815354eed@group-5367271002A7-StateMachineUpdater: Took a snapshot at index 13
2019-09-24 04:21:20,449 [ef134360-ccd0-45a6-96d7-cad815354eed@group-5367271002A7-StateMachineUpdater] INFO  impl.StateMachineUpdater (StateMachineUpdater.java:lambda$new$0(83)) - ef134360-ccd0-45a6-96d7-cad815354eed@group-5367271002A7-StateMachineUpdater: snapshotIndex: updateIncreasingly -1 -> 13
2019-09-24 04:21:20,449 [ef134360-ccd0-45a6-96d7-cad815354eed@group-5367271002A7-StateMachineUpdater] INFO  ratis.ContainerStateMachine (ContainerStateMachine.java:takeSnapshot(289)) - group-5367271002A7: Taking a snapshot at:(t:1, i:13) file /workdir/hadoop-ozone/integration-test/target/test-dir/MiniOzoneClusterImpl-70ed5c72-7c79-4e50-93d4-710ad6ee9320/datanode-0/data/ratis/0a412a69-75ec-432a-b23d-5367271002a7/sm/snapshot.1_13
2019-09-24 04:21:20,461 [ef134360-ccd0-45a6-96d7-cad815354eed@group-5367271002A7-StateMachineUpdater] INFO  ratis.ContainerStateMachine (ContainerStateMachine.java:takeSnapshot(300)) - group-5367271002A7: Finished taking a snapshot at:(t:1, i:13) file:/workdir/hadoop-ozone/integration-test/target/test-dir/MiniOzoneClusterImpl-70ed5c72-7c79-4e50-93d4-710ad6ee9320/datanode-0/data/ratis/0a412a69-75ec-432a-b23d-5367271002a7/sm/snapshot.1_13 time:12
2019-09-24 04:21:20,462 [ef134360-ccd0-45a6-96d7-cad815354eed@group-5367271002A7-StateMachineUpdater] INFO  impl.StateMachineUpdater (StateMachineUpdater.java:takeSnapshot(258)) - ef134360-ccd0-45a6-96d7-cad815354eed@group-5367271002A7-StateMachineUpdater: Took a snapshot at index 13
2019-09-24 04:21:20,462 [ef134360-ccd0-45a6-96d7-cad815354eed@group-5367271002A7-StateMachineUpdater] INFO  impl.StateMachineUpdater (StateMachineUpdater.java:lambda$new$0(83)) - ef134360-ccd0-45a6-96d7-cad815354eed@group-5367271002A7-StateMachineUpdater: snapshotIndex: updateIncreasingly 13 -> 13
2019-09-24 04:21:20,462 [main] INFO  impl.RaftServerImpl (ServerState.java:close(385)) - ef134360-ccd0-45a6-96d7-cad815354eed@group-5367271002A7: closes. applyIndex: 15
2019-09-24 04:21:20,462 [ef134360-ccd0-45a6-96d7-cad815354eed@group-5367271002A7-SegmentedRaftLogWorker] INFO  segmented.SegmentedRaftLogWorker (SegmentedRaftLogWorker.java:run(313)) - ef134360-ccd0-45a6-96d7-cad815354eed@group-5367271002A7-SegmentedRaftLogWorker was interrupted, exiting. There are 0 tasks remaining in the queue.
2019-09-24 04:21:20,465 [main] INFO  segmented.SegmentedRaftLogWorker (SegmentedRaftLogWorker.java:close(228)) - ef134360-ccd0-45a6-96d7-cad815354eed@group-5367271002A7-SegmentedRaftLogWorker close()
2019-09-24 04:21:20,471 [main] INFO  server.GrpcService (GrpcService.java:closeImpl(164)) - ef134360-ccd0-45a6-96d7-cad815354eed: shutdown server with port 46454 now
2019-09-24 04:21:20,471 [grpc-default-executor-7] WARN  client.GrpcClientProtocolService (LogUtils.java:warn(134)) - 2-UnorderedRequestStreamObserver2: onError: org.apache.ratis.thirdparty.io.grpc.StatusRuntimeException: CANCELLED: cancelled before receiving half close
2019-09-24 04:21:20,472 [main] INFO  server.GrpcService (GrpcService.java:closeImpl(172)) - ef134360-ccd0-45a6-96d7-cad815354eed: shutdown server with port 46454 successfully
2019-09-24 04:21:20,481 [refreshUsed-/workdir/hadoop-ozone/integration-test/target/test-dir/MiniOzoneClusterImpl-70ed5c72-7c79-4e50-93d4-710ad6ee9320/datanode-0/data/containers] WARN  fs.CachingGetSpaceUsed (CachingGetSpaceUsed.java:run(183)) - Thread Interrupted waiting to refresh disk information: sleep interrupted
2019-09-24 04:21:20,500 [main] INFO  utils.BackgroundService (BackgroundService.java:shutdown(148)) - Shutting down service BlockDeletingService
2019-09-24 04:21:20,508 [main] INFO  statemachine.DatanodeStateMachine (DatanodeStateMachine.java:stopDaemon(401)) - Ozone container server stopped.
2019-09-24 04:21:20,509 [main] INFO  handler.ContextHandler (ContextHandler.java:doStop(910)) - Stopped o.e.j.w.WebAppContext@2c06b113{/,null,UNAVAILABLE}{/hddsDatanode}
2019-09-24 04:21:20,510 [main] INFO  server.AbstractConnector (AbstractConnector.java:doStop(318)) - Stopped ServerConnector@7a64cb0c{HTTP/1.1,[http/1.1]}{0.0.0.0:0}
2019-09-24 04:21:20,510 [main] INFO  handler.ContextHandler (ContextHandler.java:doStop(910)) - Stopped o.e.j.s.ServletContextHandler@5012c571{/static,jar:file:/home/user/.m2/repository/org/apache/hadoop/hadoop-hdds-container-service/0.5.0-SNAPSHOT/hadoop-hdds-container-service-0.5.0-SNAPSHOT.jar!/webapps/static,UNAVAILABLE}
2019-09-24 04:21:20,511 [main] INFO  handler.ContextHandler (ContextHandler.java:doStop(910)) - Stopped o.e.j.s.ServletContextHandler@756808cc{/logs,file:///workdir/hadoop-ozone/integration-test/target/log,UNAVAILABLE}
2019-09-24 04:21:24,286 [Thread-3175] INFO  impl.FollowerState (FollowerState.java:run(106)) - d7be0fc0-2c06-465f-bb8d-ff37d07082c9:group-5367271002A7 changes to CANDIDATE, lastRpcTime:6361, electionTimeout:5070ms
2019-09-24 04:21:24,288 [Thread-3175] INFO  impl.RoleInfo (RoleInfo.java:shutdownFollowerState(121)) - d7be0fc0-2c06-465f-bb8d-ff37d07082c9: shutdown FollowerState
2019-09-24 04:21:24,288 [Thread-3175] INFO  impl.RaftServerImpl (RaftServerImpl.java:setRole(174)) - d7be0fc0-2c06-465f-bb8d-ff37d07082c9@group-5367271002A7: changes role from  FOLLOWER to CANDIDATE at term 1 for changeToCandidate
2019-09-24 04:21:24,288 [Thread-3175] INFO  impl.RoleInfo (RoleInfo.java:updateAndGet(143)) - d7be0fc0-2c06-465f-bb8d-ff37d07082c9: start LeaderElection
2019-09-24 04:21:24,296 [Thread-3174] INFO  impl.FollowerState (FollowerState.java:run(106)) - e615c22a-d22b-4b15-9ed2-177ac0ba27c8:group-5367271002A7 changes to CANDIDATE, lastRpcTime:6370, electionTimeout:5178ms
2019-09-24 04:21:24,296 [d7be0fc0-2c06-465f-bb8d-ff37d07082c9@group-5367271002A7:LeaderElection81] INFO  impl.RaftServerImpl (ServerState.java:setLeader(253)) - d7be0fc0-2c06-465f-bb8d-ff37d07082c9@group-5367271002A7: change Leader from ef134360-ccd0-45a6-96d7-cad815354eed to null at term 1 for initElection
2019-09-24 04:21:24,296 [Thread-3174] INFO  impl.RoleInfo (RoleInfo.java:shutdownFollowerState(121)) - e615c22a-d22b-4b15-9ed2-177ac0ba27c8: shutdown FollowerState
2019-09-24 04:21:24,296 [Thread-3174] INFO  impl.RaftServerImpl (RaftServerImpl.java:setRole(174)) - e615c22a-d22b-4b15-9ed2-177ac0ba27c8@group-5367271002A7: changes role from  FOLLOWER to CANDIDATE at term 1 for changeToCandidate
2019-09-24 04:21:24,296 [Thread-3174] INFO  impl.RoleInfo (RoleInfo.java:updateAndGet(143)) - e615c22a-d22b-4b15-9ed2-177ac0ba27c8: start LeaderElection
2019-09-24 04:21:24,299 [e615c22a-d22b-4b15-9ed2-177ac0ba27c8@group-5367271002A7:LeaderElection82] INFO  impl.RaftServerImpl (ServerState.java:setLeader(253)) - e615c22a-d22b-4b15-9ed2-177ac0ba27c8@group-5367271002A7: change Leader from ef134360-ccd0-45a6-96d7-cad815354eed to null at term 1 for initElection
2019-09-24 04:21:24,313 [d7be0fc0-2c06-465f-bb8d-ff37d07082c9@group-5367271002A7:LeaderElection81] INFO  impl.LeaderElection (LeaderElection.java:askForVotes(182)) - d7be0fc0-2c06-465f-bb8d-ff37d07082c9@group-5367271002A7:LeaderElection81: begin an election at term 2 for 0: [ef134360-ccd0-45a6-96d7-cad815354eed:192.168.151.75:46454, d7be0fc0-2c06-465f-bb8d-ff37d07082c9:192.168.151.75:38189, e615c22a-d22b-4b15-9ed2-177ac0ba27c8:192.168.151.75:43703], old=null
2019-09-24 04:21:24,313 [e615c22a-d22b-4b15-9ed2-177ac0ba27c8@group-5367271002A7:LeaderElection82] INFO  impl.LeaderElection (LeaderElection.java:askForVotes(182)) - e615c22a-d22b-4b15-9ed2-177ac0ba27c8@group-5367271002A7:LeaderElection82: begin an election at term 2 for 0: [ef134360-ccd0-45a6-96d7-cad815354eed:192.168.151.75:46454, d7be0fc0-2c06-465f-bb8d-ff37d07082c9:192.168.151.75:38189, e615c22a-d22b-4b15-9ed2-177ac0ba27c8:192.168.151.75:43703], old=null
2019-09-24 04:21:24,318 [d7be0fc0-2c06-465f-bb8d-ff37d07082c9@group-5367271002A7:LeaderElection81] INFO  impl.LeaderElection (LogUtils.java:infoOrTrace(149)) - d7be0fc0-2c06-465f-bb8d-ff37d07082c9@group-5367271002A7:LeaderElection81 got exception when requesting votes: {}
java.util.concurrent.ExecutionException: org.apache.ratis.thirdparty.io.grpc.StatusRuntimeException: UNAVAILABLE: io exception
	at java.util.concurrent.FutureTask.report(FutureTask.java:122)
	at java.util.concurrent.FutureTask.get(FutureTask.java:192)
	at org.apache.ratis.server.impl.LeaderElection.waitForResults(LeaderElection.java:263)
	at org.apache.ratis.server.impl.LeaderElection.askForVotes(LeaderElection.java:201)
	at org.apache.ratis.server.impl.LeaderElection.run(LeaderElection.java:133)
	at java.lang.Thread.run(Thread.java:748)
Caused by: org.apache.ratis.thirdparty.io.grpc.StatusRuntimeException: UNAVAILABLE: io exception
	at org.apache.ratis.thirdparty.io.grpc.stub.ClientCalls.toStatusRuntimeException(ClientCalls.java:233)
	at org.apache.ratis.thirdparty.io.grpc.stub.ClientCalls.getUnchecked(ClientCalls.java:214)
	at org.apache.ratis.thirdparty.io.grpc.stub.ClientCalls.blockingUnaryCall(ClientCalls.java:139)
	at org.apache.ratis.proto.grpc.RaftServerProtocolServiceGrpc$RaftServerProtocolServiceBlockingStub.requestVote(RaftServerProtocolServiceGrpc.java:265)
	at org.apache.ratis.grpc.server.GrpcServerProtocolClient.requestVote(GrpcServerProtocolClient.java:90)
	at org.apache.ratis.grpc.server.GrpcService.requestVote(GrpcService.java:204)
	at org.apache.ratis.server.impl.LeaderElection.lambda$submitRequests$1(LeaderElection.java:238)
	at java.util.concurrent.FutureTask.run(FutureTask.java:266)
	at java.util.concurrent.Executors$RunnableAdapter.call(Executors.java:511)
	at java.util.concurrent.FutureTask.run(FutureTask.java:266)
	at java.util.concurrent.ThreadPoolExecutor.runWorker(ThreadPoolExecutor.java:1149)
	at java.util.concurrent.ThreadPoolExecutor$Worker.run(ThreadPoolExecutor.java:624)
	... 1 more
Caused by: org.apache.ratis.thirdparty.io.netty.channel.AbstractChannel$AnnotatedConnectException: Connection refused: /192.168.151.75:46454
	at sun.nio.ch.SocketChannelImpl.checkConnect(Native Method)
	at sun.nio.ch.SocketChannelImpl.finishConnect(SocketChannelImpl.java:717)
	at org.apache.ratis.thirdparty.io.netty.channel.socket.nio.NioSocketChannel.doFinishConnect(NioSocketChannel.java:327)
	at org.apache.ratis.thirdparty.io.netty.channel.nio.AbstractNioChannel$AbstractNioUnsafe.finishConnect(AbstractNioChannel.java:340)
	at org.apache.ratis.thirdparty.io.netty.channel.nio.NioEventLoop.processSelectedKey(NioEventLoop.java:632)
	at org.apache.ratis.thirdparty.io.netty.channel.nio.NioEventLoop.processSelectedKeysOptimized(NioEventLoop.java:579)
	at org.apache.ratis.thirdparty.io.netty.channel.nio.NioEventLoop.processSelectedKeys(NioEventLoop.java:496)
	at org.apache.ratis.thirdparty.io.netty.channel.nio.NioEventLoop.run(NioEventLoop.java:458)
	at org.apache.ratis.thirdparty.io.netty.util.concurrent.SingleThreadEventExecutor$5.run(SingleThreadEventExecutor.java:897)
	at org.apache.ratis.thirdparty.io.netty.util.concurrent.FastThreadLocalRunnable.run(FastThreadLocalRunnable.java:30)
	... 1 more
Caused by: java.net.ConnectException: Connection refused
	... 11 more
2019-09-24 04:21:24,318 [e615c22a-d22b-4b15-9ed2-177ac0ba27c8@group-5367271002A7:LeaderElection82] INFO  impl.LeaderElection (LogUtils.java:infoOrTrace(149)) - e615c22a-d22b-4b15-9ed2-177ac0ba27c8@group-5367271002A7:LeaderElection82 got exception when requesting votes: {}
java.util.concurrent.ExecutionException: org.apache.ratis.thirdparty.io.grpc.StatusRuntimeException: UNAVAILABLE: io exception
	at java.util.concurrent.FutureTask.report(FutureTask.java:122)
	at java.util.concurrent.FutureTask.get(FutureTask.java:192)
	at org.apache.ratis.server.impl.LeaderElection.waitForResults(LeaderElection.java:263)
	at org.apache.ratis.server.impl.LeaderElection.askForVotes(LeaderElection.java:201)
	at org.apache.ratis.server.impl.LeaderElection.run(LeaderElection.java:133)
	at java.lang.Thread.run(Thread.java:748)
Caused by: org.apache.ratis.thirdparty.io.grpc.StatusRuntimeException: UNAVAILABLE: io exception
	at org.apache.ratis.thirdparty.io.grpc.stub.ClientCalls.toStatusRuntimeException(ClientCalls.java:233)
	at org.apache.ratis.thirdparty.io.grpc.stub.ClientCalls.getUnchecked(ClientCalls.java:214)
	at org.apache.ratis.thirdparty.io.grpc.stub.ClientCalls.blockingUnaryCall(ClientCalls.java:139)
	at org.apache.ratis.proto.grpc.RaftServerProtocolServiceGrpc$RaftServerProtocolServiceBlockingStub.requestVote(RaftServerProtocolServiceGrpc.java:265)
	at org.apache.ratis.grpc.server.GrpcServerProtocolClient.requestVote(GrpcServerProtocolClient.java:90)
	at org.apache.ratis.grpc.server.GrpcService.requestVote(GrpcService.java:204)
	at org.apache.ratis.server.impl.LeaderElection.lambda$submitRequests$1(LeaderElection.java:238)
	at java.util.concurrent.FutureTask.run(FutureTask.java:266)
	at java.util.concurrent.Executors$RunnableAdapter.call(Executors.java:511)
	at java.util.concurrent.FutureTask.run(FutureTask.java:266)
	at java.util.concurrent.ThreadPoolExecutor.runWorker(ThreadPoolExecutor.java:1149)
	at java.util.concurrent.ThreadPoolExecutor$Worker.run(ThreadPoolExecutor.java:624)
	... 1 more
Caused by: org.apache.ratis.thirdparty.io.netty.channel.AbstractChannel$AnnotatedConnectException: Connection refused: /192.168.151.75:46454
	at sun.nio.ch.SocketChannelImpl.checkConnect(Native Method)
	at sun.nio.ch.SocketChannelImpl.finishConnect(SocketChannelImpl.java:717)
	at org.apache.ratis.thirdparty.io.netty.channel.socket.nio.NioSocketChannel.doFinishConnect(NioSocketChannel.java:327)
	at org.apache.ratis.thirdparty.io.netty.channel.nio.AbstractNioChannel$AbstractNioUnsafe.finishConnect(AbstractNioChannel.java:340)
	at org.apache.ratis.thirdparty.io.netty.channel.nio.NioEventLoop.processSelectedKey(NioEventLoop.java:632)
	at org.apache.ratis.thirdparty.io.netty.channel.nio.NioEventLoop.processSelectedKeysOptimized(NioEventLoop.java:579)
	at org.apache.ratis.thirdparty.io.netty.channel.nio.NioEventLoop.processSelectedKeys(NioEventLoop.java:496)
	at org.apache.ratis.thirdparty.io.netty.channel.nio.NioEventLoop.run(NioEventLoop.java:458)
	at org.apache.ratis.thirdparty.io.netty.util.concurrent.SingleThreadEventExecutor$5.run(SingleThreadEventExecutor.java:897)
	at org.apache.ratis.thirdparty.io.netty.util.concurrent.FastThreadLocalRunnable.run(FastThreadLocalRunnable.java:30)
	... 1 more
Caused by: java.net.ConnectException: Connection refused
	... 11 more
2019-09-24 04:21:24,331 [e615c22a-d22b-4b15-9ed2-177ac0ba27c8@group-5367271002A7:LeaderElection82] INFO  impl.LeaderElection (LeaderElection.java:logAndReturn(56)) - e615c22a-d22b-4b15-9ed2-177ac0ba27c8@group-5367271002A7:LeaderElection82: Election REJECTED; received 1 response(s) [e615c22a-d22b-4b15-9ed2-177ac0ba27c8<-d7be0fc0-2c06-465f-bb8d-ff37d07082c9#0:FAIL-t2] and 1 exception(s); e615c22a-d22b-4b15-9ed2-177ac0ba27c8@group-5367271002A7:t2, leader=null, voted=e615c22a-d22b-4b15-9ed2-177ac0ba27c8, raftlog=e615c22a-d22b-4b15-9ed2-177ac0ba27c8@group-5367271002A7-SegmentedRaftLog:OPENED:c15,f15,i15, conf=0: [ef134360-ccd0-45a6-96d7-cad815354eed:192.168.151.75:46454, d7be0fc0-2c06-465f-bb8d-ff37d07082c9:192.168.151.75:38189, e615c22a-d22b-4b15-9ed2-177ac0ba27c8:192.168.151.75:43703], old=null
2019-09-24 04:21:24,331 [d7be0fc0-2c06-465f-bb8d-ff37d07082c9@group-5367271002A7:LeaderElection81] INFO  impl.LeaderElection (LeaderElection.java:logAndReturn(56)) - d7be0fc0-2c06-465f-bb8d-ff37d07082c9@group-5367271002A7:LeaderElection81: Election REJECTED; received 1 response(s) [d7be0fc0-2c06-465f-bb8d-ff37d07082c9<-e615c22a-d22b-4b15-9ed2-177ac0ba27c8#0:FAIL-t2] and 1 exception(s); d7be0fc0-2c06-465f-bb8d-ff37d07082c9@group-5367271002A7:t2, leader=null, voted=d7be0fc0-2c06-465f-bb8d-ff37d07082c9, raftlog=d7be0fc0-2c06-465f-bb8d-ff37d07082c9@group-5367271002A7-SegmentedRaftLog:OPENED:c15,f15,i15, conf=0: [ef134360-ccd0-45a6-96d7-cad815354eed:192.168.151.75:46454, d7be0fc0-2c06-465f-bb8d-ff37d07082c9:192.168.151.75:38189, e615c22a-d22b-4b15-9ed2-177ac0ba27c8:192.168.151.75:43703], old=null
2019-09-24 04:21:24,331 [e615c22a-d22b-4b15-9ed2-177ac0ba27c8@group-5367271002A7:LeaderElection82] INFO  impl.LeaderElection (LogUtils.java:infoOrTrace(149)) -   Exception 0: {}
java.util.concurrent.ExecutionException: org.apache.ratis.thirdparty.io.grpc.StatusRuntimeException: UNAVAILABLE: io exception
	at java.util.concurrent.FutureTask.report(FutureTask.java:122)
	at java.util.concurrent.FutureTask.get(FutureTask.java:192)
	at org.apache.ratis.server.impl.LeaderElection.waitForResults(LeaderElection.java:263)
	at org.apache.ratis.server.impl.LeaderElection.askForVotes(LeaderElection.java:201)
	at org.apache.ratis.server.impl.LeaderElection.run(LeaderElection.java:133)
	at java.lang.Thread.run(Thread.java:748)
Caused by: org.apache.ratis.thirdparty.io.grpc.StatusRuntimeException: UNAVAILABLE: io exception
	at org.apache.ratis.thirdparty.io.grpc.stub.ClientCalls.toStatusRuntimeException(ClientCalls.java:233)
	at org.apache.ratis.thirdparty.io.grpc.stub.ClientCalls.getUnchecked(ClientCalls.java:214)
	at org.apache.ratis.thirdparty.io.grpc.stub.ClientCalls.blockingUnaryCall(ClientCalls.java:139)
	at org.apache.ratis.proto.grpc.RaftServerProtocolServiceGrpc$RaftServerProtocolServiceBlockingStub.requestVote(RaftServerProtocolServiceGrpc.java:265)
	at org.apache.ratis.grpc.server.GrpcServerProtocolClient.requestVote(GrpcServerProtocolClient.java:90)
	at org.apache.ratis.grpc.server.GrpcService.requestVote(GrpcService.java:204)
	at org.apache.ratis.server.impl.LeaderElection.lambda$submitRequests$1(LeaderElection.java:238)
	at java.util.concurrent.FutureTask.run(FutureTask.java:266)
	at java.util.concurrent.Executors$RunnableAdapter.call(Executors.java:511)
	at java.util.concurrent.FutureTask.run(FutureTask.java:266)
	at java.util.concurrent.ThreadPoolExecutor.runWorker(ThreadPoolExecutor.java:1149)
	at java.util.concurrent.ThreadPoolExecutor$Worker.run(ThreadPoolExecutor.java:624)
	... 1 more
Caused by: org.apache.ratis.thirdparty.io.netty.channel.AbstractChannel$AnnotatedConnectException: Connection refused: /192.168.151.75:46454
	at sun.nio.ch.SocketChannelImpl.checkConnect(Native Method)
	at sun.nio.ch.SocketChannelImpl.finishConnect(SocketChannelImpl.java:717)
	at org.apache.ratis.thirdparty.io.netty.channel.socket.nio.NioSocketChannel.doFinishConnect(NioSocketChannel.java:327)
	at org.apache.ratis.thirdparty.io.netty.channel.nio.AbstractNioChannel$AbstractNioUnsafe.finishConnect(AbstractNioChannel.java:340)
	at org.apache.ratis.thirdparty.io.netty.channel.nio.NioEventLoop.processSelectedKey(NioEventLoop.java:632)
	at org.apache.ratis.thirdparty.io.netty.channel.nio.NioEventLoop.processSelectedKeysOptimized(NioEventLoop.java:579)
	at org.apache.ratis.thirdparty.io.netty.channel.nio.NioEventLoop.processSelectedKeys(NioEventLoop.java:496)
	at org.apache.ratis.thirdparty.io.netty.channel.nio.NioEventLoop.run(NioEventLoop.java:458)
	at org.apache.ratis.thirdparty.io.netty.util.concurrent.SingleThreadEventExecutor$5.run(SingleThreadEventExecutor.java:897)
	at org.apache.ratis.thirdparty.io.netty.util.concurrent.FastThreadLocalRunnable.run(FastThreadLocalRunnable.java:30)
	... 1 more
Caused by: java.net.ConnectException: Connection refused
	... 11 more
2019-09-24 04:21:24,331 [d7be0fc0-2c06-465f-bb8d-ff37d07082c9@group-5367271002A7:LeaderElection81] INFO  impl.LeaderElection (LogUtils.java:infoOrTrace(149)) -   Exception 0: {}
java.util.concurrent.ExecutionException: org.apache.ratis.thirdparty.io.grpc.StatusRuntimeException: UNAVAILABLE: io exception
	at java.util.concurrent.FutureTask.report(FutureTask.java:122)
	at java.util.concurrent.FutureTask.get(FutureTask.java:192)
	at org.apache.ratis.server.impl.LeaderElection.waitForResults(LeaderElection.java:263)
	at org.apache.ratis.server.impl.LeaderElection.askForVotes(LeaderElection.java:201)
	at org.apache.ratis.server.impl.LeaderElection.run(LeaderElection.java:133)
	at java.lang.Thread.run(Thread.java:748)
Caused by: org.apache.ratis.thirdparty.io.grpc.StatusRuntimeException: UNAVAILABLE: io exception
	at org.apache.ratis.thirdparty.io.grpc.stub.ClientCalls.toStatusRuntimeException(ClientCalls.java:233)
	at org.apache.ratis.thirdparty.io.grpc.stub.ClientCalls.getUnchecked(ClientCalls.java:214)
	at org.apache.ratis.thirdparty.io.grpc.stub.ClientCalls.blockingUnaryCall(ClientCalls.java:139)
	at org.apache.ratis.proto.grpc.RaftServerProtocolServiceGrpc$RaftServerProtocolServiceBlockingStub.requestVote(RaftServerProtocolServiceGrpc.java:265)
	at org.apache.ratis.grpc.server.GrpcServerProtocolClient.requestVote(GrpcServerProtocolClient.java:90)
	at org.apache.ratis.grpc.server.GrpcService.requestVote(GrpcService.java:204)
	at org.apache.ratis.server.impl.LeaderElection.lambda$submitRequests$1(LeaderElection.java:238)
	at java.util.concurrent.FutureTask.run(FutureTask.java:266)
	at java.util.concurrent.Executors$RunnableAdapter.call(Executors.java:511)
	at java.util.concurrent.FutureTask.run(FutureTask.java:266)
	at java.util.concurrent.ThreadPoolExecutor.runWorker(ThreadPoolExecutor.java:1149)
	at java.util.concurrent.ThreadPoolExecutor$Worker.run(ThreadPoolExecutor.java:624)
	... 1 more
Caused by: org.apache.ratis.thirdparty.io.netty.channel.AbstractChannel$AnnotatedConnectException: Connection refused: /192.168.151.75:46454
	at sun.nio.ch.SocketChannelImpl.checkConnect(Native Method)
	at sun.nio.ch.SocketChannelImpl.finishConnect(SocketChannelImpl.java:717)
	at org.apache.ratis.thirdparty.io.netty.channel.socket.nio.NioSocketChannel.doFinishConnect(NioSocketChannel.java:327)
	at org.apache.ratis.thirdparty.io.netty.channel.nio.AbstractNioChannel$AbstractNioUnsafe.finishConnect(AbstractNioChannel.java:340)
	at org.apache.ratis.thirdparty.io.netty.channel.nio.NioEventLoop.processSelectedKey(NioEventLoop.java:632)
	at org.apache.ratis.thirdparty.io.netty.channel.nio.NioEventLoop.processSelectedKeysOptimized(NioEventLoop.java:579)
	at org.apache.ratis.thirdparty.io.netty.channel.nio.NioEventLoop.processSelectedKeys(NioEventLoop.java:496)
	at org.apache.ratis.thirdparty.io.netty.channel.nio.NioEventLoop.run(NioEventLoop.java:458)
	at org.apache.ratis.thirdparty.io.netty.util.concurrent.SingleThreadEventExecutor$5.run(SingleThreadEventExecutor.java:897)
	at org.apache.ratis.thirdparty.io.netty.util.concurrent.FastThreadLocalRunnable.run(FastThreadLocalRunnable.java:30)
	... 1 more
Caused by: java.net.ConnectException: Connection refused
	... 11 more
2019-09-24 04:21:24,335 [e615c22a-d22b-4b15-9ed2-177ac0ba27c8@group-5367271002A7:LeaderElection82] INFO  impl.RaftServerImpl (RaftServerImpl.java:setRole(174)) - e615c22a-d22b-4b15-9ed2-177ac0ba27c8@group-5367271002A7: changes role from CANDIDATE to FOLLOWER at term 2 for DISCOVERED_A_NEW_TERM
2019-09-24 04:21:24,338 [d7be0fc0-2c06-465f-bb8d-ff37d07082c9@group-5367271002A7:LeaderElection81] INFO  impl.RaftServerImpl (RaftServerImpl.java:setRole(174)) - d7be0fc0-2c06-465f-bb8d-ff37d07082c9@group-5367271002A7: changes role from CANDIDATE to FOLLOWER at term 2 for DISCOVERED_A_NEW_TERM
2019-09-24 04:21:24,338 [e615c22a-d22b-4b15-9ed2-177ac0ba27c8@group-5367271002A7:LeaderElection82] INFO  impl.RoleInfo (RoleInfo.java:shutdownLeaderElection(134)) - e615c22a-d22b-4b15-9ed2-177ac0ba27c8: shutdown LeaderElection
2019-09-24 04:21:24,338 [d7be0fc0-2c06-465f-bb8d-ff37d07082c9@group-5367271002A7:LeaderElection81] INFO  impl.RoleInfo (RoleInfo.java:shutdownLeaderElection(134)) - d7be0fc0-2c06-465f-bb8d-ff37d07082c9: shutdown LeaderElection
2019-09-24 04:21:24,338 [e615c22a-d22b-4b15-9ed2-177ac0ba27c8@group-5367271002A7:LeaderElection82] INFO  impl.RoleInfo (RoleInfo.java:updateAndGet(143)) - e615c22a-d22b-4b15-9ed2-177ac0ba27c8: start FollowerState
2019-09-24 04:21:24,339 [d7be0fc0-2c06-465f-bb8d-ff37d07082c9@group-5367271002A7:LeaderElection81] INFO  impl.RoleInfo (RoleInfo.java:updateAndGet(143)) - d7be0fc0-2c06-465f-bb8d-ff37d07082c9: start FollowerState
2019-09-24 04:21:29,357 [Thread-3291] INFO  impl.FollowerState (FollowerState.java:run(106)) - d7be0fc0-2c06-465f-bb8d-ff37d07082c9:group-5367271002A7 changes to CANDIDATE, lastRpcTime:5017, electionTimeout:5017ms
2019-09-24 04:21:29,358 [Thread-3291] INFO  impl.RoleInfo (RoleInfo.java:shutdownFollowerState(121)) - d7be0fc0-2c06-465f-bb8d-ff37d07082c9: shutdown FollowerState
2019-09-24 04:21:29,358 [Thread-3291] INFO  impl.RaftServerImpl (RaftServerImpl.java:setRole(174)) - d7be0fc0-2c06-465f-bb8d-ff37d07082c9@group-5367271002A7: changes role from  FOLLOWER to CANDIDATE at term 2 for changeToCandidate
2019-09-24 04:21:29,358 [Thread-3291] INFO  impl.RoleInfo (RoleInfo.java:updateAndGet(143)) - d7be0fc0-2c06-465f-bb8d-ff37d07082c9: start LeaderElection
2019-09-24 04:21:29,398 [d7be0fc0-2c06-465f-bb8d-ff37d07082c9@group-5367271002A7:LeaderElection83] INFO  impl.LeaderElection (LeaderElection.java:askForVotes(182)) - d7be0fc0-2c06-465f-bb8d-ff37d07082c9@group-5367271002A7:LeaderElection83: begin an election at term 3 for 0: [ef134360-ccd0-45a6-96d7-cad815354eed:192.168.151.75:46454, d7be0fc0-2c06-465f-bb8d-ff37d07082c9:192.168.151.75:38189, e615c22a-d22b-4b15-9ed2-177ac0ba27c8:192.168.151.75:43703], old=null
2019-09-24 04:21:29,402 [d7be0fc0-2c06-465f-bb8d-ff37d07082c9@group-5367271002A7:LeaderElection83] INFO  impl.LeaderElection (LogUtils.java:infoOrTrace(149)) - d7be0fc0-2c06-465f-bb8d-ff37d07082c9@group-5367271002A7:LeaderElection83 got exception when requesting votes: {}
java.util.concurrent.ExecutionException: org.apache.ratis.thirdparty.io.grpc.StatusRuntimeException: UNAVAILABLE: io exception
	at java.util.concurrent.FutureTask.report(FutureTask.java:122)
	at java.util.concurrent.FutureTask.get(FutureTask.java:192)
	at org.apache.ratis.server.impl.LeaderElection.waitForResults(LeaderElection.java:263)
	at org.apache.ratis.server.impl.LeaderElection.askForVotes(LeaderElection.java:201)
	at org.apache.ratis.server.impl.LeaderElection.run(LeaderElection.java:133)
	at java.lang.Thread.run(Thread.java:748)
Caused by: org.apache.ratis.thirdparty.io.grpc.StatusRuntimeException: UNAVAILABLE: io exception
	at org.apache.ratis.thirdparty.io.grpc.stub.ClientCalls.toStatusRuntimeException(ClientCalls.java:233)
	at org.apache.ratis.thirdparty.io.grpc.stub.ClientCalls.getUnchecked(ClientCalls.java:214)
	at org.apache.ratis.thirdparty.io.grpc.stub.ClientCalls.blockingUnaryCall(ClientCalls.java:139)
	at org.apache.ratis.proto.grpc.RaftServerProtocolServiceGrpc$RaftServerProtocolServiceBlockingStub.requestVote(RaftServerProtocolServiceGrpc.java:265)
	at org.apache.ratis.grpc.server.GrpcServerProtocolClient.requestVote(GrpcServerProtocolClient.java:90)
	at org.apache.ratis.grpc.server.GrpcService.requestVote(GrpcService.java:204)
	at org.apache.ratis.server.impl.LeaderElection.lambda$submitRequests$1(LeaderElection.java:238)
	at java.util.concurrent.FutureTask.run(FutureTask.java:266)
	at java.util.concurrent.Executors$RunnableAdapter.call(Executors.java:511)
	at java.util.concurrent.FutureTask.run(FutureTask.java:266)
	at java.util.concurrent.ThreadPoolExecutor.runWorker(ThreadPoolExecutor.java:1149)
	at java.util.concurrent.ThreadPoolExecutor$Worker.run(ThreadPoolExecutor.java:624)
	... 1 more
Caused by: org.apache.ratis.thirdparty.io.netty.channel.AbstractChannel$AnnotatedConnectException: Connection refused: /192.168.151.75:46454
	at sun.nio.ch.SocketChannelImpl.checkConnect(Native Method)
	at sun.nio.ch.SocketChannelImpl.finishConnect(SocketChannelImpl.java:717)
	at org.apache.ratis.thirdparty.io.netty.channel.socket.nio.NioSocketChannel.doFinishConnect(NioSocketChannel.java:327)
	at org.apache.ratis.thirdparty.io.netty.channel.nio.AbstractNioChannel$AbstractNioUnsafe.finishConnect(AbstractNioChannel.java:340)
	at org.apache.ratis.thirdparty.io.netty.channel.nio.NioEventLoop.processSelectedKey(NioEventLoop.java:632)
	at org.apache.ratis.thirdparty.io.netty.channel.nio.NioEventLoop.processSelectedKeysOptimized(NioEventLoop.java:579)
	at org.apache.ratis.thirdparty.io.netty.channel.nio.NioEventLoop.processSelectedKeys(NioEventLoop.java:496)
	at org.apache.ratis.thirdparty.io.netty.channel.nio.NioEventLoop.run(NioEventLoop.java:458)
	at org.apache.ratis.thirdparty.io.netty.util.concurrent.SingleThreadEventExecutor$5.run(SingleThreadEventExecutor.java:897)
	at org.apache.ratis.thirdparty.io.netty.util.concurrent.FastThreadLocalRunnable.run(FastThreadLocalRunnable.java:30)
	... 1 more
Caused by: java.net.ConnectException: Connection refused
	... 11 more
2019-09-24 04:21:29,418 [grpc-default-executor-7] INFO  impl.RaftServerImpl (RaftServerImpl.java:setRole(174)) - e615c22a-d22b-4b15-9ed2-177ac0ba27c8@group-5367271002A7: changes role from  FOLLOWER to FOLLOWER at term 3 for recognizeCandidate:d7be0fc0-2c06-465f-bb8d-ff37d07082c9
2019-09-24 04:21:29,418 [grpc-default-executor-7] INFO  impl.RoleInfo (RoleInfo.java:shutdownFollowerState(121)) - e615c22a-d22b-4b15-9ed2-177ac0ba27c8: shutdown FollowerState
2019-09-24 04:21:29,418 [grpc-default-executor-7] INFO  impl.RoleInfo (RoleInfo.java:updateAndGet(143)) - e615c22a-d22b-4b15-9ed2-177ac0ba27c8: start FollowerState
2019-09-24 04:21:29,418 [Thread-3290] INFO  impl.FollowerState (FollowerState.java:run(115)) - e615c22a-d22b-4b15-9ed2-177ac0ba27c8: FollowerState was interrupted: java.lang.InterruptedException: sleep interrupted
2019-09-24 04:21:29,434 [d7be0fc0-2c06-465f-bb8d-ff37d07082c9@group-5367271002A7:LeaderElection83] INFO  impl.LeaderElection (LeaderElection.java:logAndReturn(56)) - d7be0fc0-2c06-465f-bb8d-ff37d07082c9@group-5367271002A7:LeaderElection83: Election PASSED; received 1 response(s) [d7be0fc0-2c06-465f-bb8d-ff37d07082c9<-e615c22a-d22b-4b15-9ed2-177ac0ba27c8#0:OK-t3] and 1 exception(s); d7be0fc0-2c06-465f-bb8d-ff37d07082c9@group-5367271002A7:t3, leader=null, voted=d7be0fc0-2c06-465f-bb8d-ff37d07082c9, raftlog=d7be0fc0-2c06-465f-bb8d-ff37d07082c9@group-5367271002A7-SegmentedRaftLog:OPENED:c15,f15,i15, conf=0: [ef134360-ccd0-45a6-96d7-cad815354eed:192.168.151.75:46454, d7be0fc0-2c06-465f-bb8d-ff37d07082c9:192.168.151.75:38189, e615c22a-d22b-4b15-9ed2-177ac0ba27c8:192.168.151.75:43703], old=null
2019-09-24 04:21:29,435 [d7be0fc0-2c06-465f-bb8d-ff37d07082c9@group-5367271002A7:LeaderElection83] INFO  impl.LeaderElection (LogUtils.java:infoOrTrace(149)) -   Exception 0: {}
java.util.concurrent.ExecutionException: org.apache.ratis.thirdparty.io.grpc.StatusRuntimeException: UNAVAILABLE: io exception
	at java.util.concurrent.FutureTask.report(FutureTask.java:122)
	at java.util.concurrent.FutureTask.get(FutureTask.java:192)
	at org.apache.ratis.server.impl.LeaderElection.waitForResults(LeaderElection.java:263)
	at org.apache.ratis.server.impl.LeaderElection.askForVotes(LeaderElection.java:201)
	at org.apache.ratis.server.impl.LeaderElection.run(LeaderElection.java:133)
	at java.lang.Thread.run(Thread.java:748)
Caused by: org.apache.ratis.thirdparty.io.grpc.StatusRuntimeException: UNAVAILABLE: io exception
	at org.apache.ratis.thirdparty.io.grpc.stub.ClientCalls.toStatusRuntimeException(ClientCalls.java:233)
	at org.apache.ratis.thirdparty.io.grpc.stub.ClientCalls.getUnchecked(ClientCalls.java:214)
	at org.apache.ratis.thirdparty.io.grpc.stub.ClientCalls.blockingUnaryCall(ClientCalls.java:139)
	at org.apache.ratis.proto.grpc.RaftServerProtocolServiceGrpc$RaftServerProtocolServiceBlockingStub.requestVote(RaftServerProtocolServiceGrpc.java:265)
	at org.apache.ratis.grpc.server.GrpcServerProtocolClient.requestVote(GrpcServerProtocolClient.java:90)
	at org.apache.ratis.grpc.server.GrpcService.requestVote(GrpcService.java:204)
	at org.apache.ratis.server.impl.LeaderElection.lambda$submitRequests$1(LeaderElection.java:238)
	at java.util.concurrent.FutureTask.run(FutureTask.java:266)
	at java.util.concurrent.Executors$RunnableAdapter.call(Executors.java:511)
	at java.util.concurrent.FutureTask.run(FutureTask.java:266)
	at java.util.concurrent.ThreadPoolExecutor.runWorker(ThreadPoolExecutor.java:1149)
	at java.util.concurrent.ThreadPoolExecutor$Worker.run(ThreadPoolExecutor.java:624)
	... 1 more
Caused by: org.apache.ratis.thirdparty.io.netty.channel.AbstractChannel$AnnotatedConnectException: Connection refused: /192.168.151.75:46454
	at sun.nio.ch.SocketChannelImpl.checkConnect(Native Method)
	at sun.nio.ch.SocketChannelImpl.finishConnect(SocketChannelImpl.java:717)
	at org.apache.ratis.thirdparty.io.netty.channel.socket.nio.NioSocketChannel.doFinishConnect(NioSocketChannel.java:327)
	at org.apache.ratis.thirdparty.io.netty.channel.nio.AbstractNioChannel$AbstractNioUnsafe.finishConnect(AbstractNioChannel.java:340)
	at org.apache.ratis.thirdparty.io.netty.channel.nio.NioEventLoop.processSelectedKey(NioEventLoop.java:632)
	at org.apache.ratis.thirdparty.io.netty.channel.nio.NioEventLoop.processSelectedKeysOptimized(NioEventLoop.java:579)
	at org.apache.ratis.thirdparty.io.netty.channel.nio.NioEventLoop.processSelectedKeys(NioEventLoop.java:496)
	at org.apache.ratis.thirdparty.io.netty.channel.nio.NioEventLoop.run(NioEventLoop.java:458)
	at org.apache.ratis.thirdparty.io.netty.util.concurrent.SingleThreadEventExecutor$5.run(SingleThreadEventExecutor.java:897)
	at org.apache.ratis.thirdparty.io.netty.util.concurrent.FastThreadLocalRunnable.run(FastThreadLocalRunnable.java:30)
	... 1 more
Caused by: java.net.ConnectException: Connection refused
	... 11 more
2019-09-24 04:21:29,435 [d7be0fc0-2c06-465f-bb8d-ff37d07082c9@group-5367271002A7:LeaderElection83] INFO  impl.RoleInfo (RoleInfo.java:shutdownLeaderElection(134)) - d7be0fc0-2c06-465f-bb8d-ff37d07082c9: shutdown LeaderElection
2019-09-24 04:21:29,436 [d7be0fc0-2c06-465f-bb8d-ff37d07082c9@group-5367271002A7:LeaderElection83] INFO  impl.RaftServerImpl (RaftServerImpl.java:setRole(174)) - d7be0fc0-2c06-465f-bb8d-ff37d07082c9@group-5367271002A7: changes role from CANDIDATE to LEADER at term 3 for changeToLeader
2019-09-24 04:21:29,436 [d7be0fc0-2c06-465f-bb8d-ff37d07082c9@group-5367271002A7:LeaderElection83] INFO  impl.RaftServerImpl (ServerState.java:setLeader(253)) - d7be0fc0-2c06-465f-bb8d-ff37d07082c9@group-5367271002A7: change Leader from null to d7be0fc0-2c06-465f-bb8d-ff37d07082c9 at term 3 for becomeLeader, leader elected after 5140ms
2019-09-24 04:21:29,436 [d7be0fc0-2c06-465f-bb8d-ff37d07082c9@group-5367271002A7:LeaderElection83] INFO  server.RaftServerConfigKeys (ConfUtils.java:logGet(43)) - raft.server.staging.catchup.gap = 1000 (default)
2019-09-24 04:21:29,437 [d7be0fc0-2c06-465f-bb8d-ff37d07082c9@group-5367271002A7:LeaderElection83] INFO  server.RaftServerConfigKeys (ConfUtils.java:logGet(43)) - raft.server.rpc.sleep.time = 25ms (default)
2019-09-24 04:21:29,437 [d7be0fc0-2c06-465f-bb8d-ff37d07082c9@group-5367271002A7:LeaderElection83] INFO  server.RaftServerConfigKeys (ConfUtils.java:logGet(43)) - raft.server.write.element-limit = 4096 (default)
2019-09-24 04:21:29,438 [d7be0fc0-2c06-465f-bb8d-ff37d07082c9@group-5367271002A7:LeaderElection83] INFO  server.RaftServerConfigKeys (ConfUtils.java:logGet(43)) - raft.server.watch.timeout = 10s (default)
2019-09-24 04:21:29,438 [d7be0fc0-2c06-465f-bb8d-ff37d07082c9@group-5367271002A7:LeaderElection83] INFO  server.RaftServerConfigKeys (ConfUtils.java:logGet(43)) - raft.server.watch.timeout.denomination = 1s (default)
2019-09-24 04:21:29,438 [d7be0fc0-2c06-465f-bb8d-ff37d07082c9@group-5367271002A7:LeaderElection83] INFO  server.RaftServerConfigKeys (ConfUtils.java:logGet(43)) - raft.server.watch.element-limit = 65536 (default)
2019-09-24 04:21:29,445 [d7be0fc0-2c06-465f-bb8d-ff37d07082c9@group-5367271002A7:LeaderElection83] INFO  server.RaftServerConfigKeys (ConfUtils.java:logGet(43)) - raft.server.log.appender.snapshot.chunk.size.max = 16MB (=16777216) (default)
2019-09-24 04:21:29,446 [d7be0fc0-2c06-465f-bb8d-ff37d07082c9@group-5367271002A7:LeaderElection83] INFO  server.RaftServerConfigKeys (ConfUtils.java:logGet(43)) - raft.server.log.appender.buffer.byte-limit = 33554432 (custom)
2019-09-24 04:21:29,446 [d7be0fc0-2c06-465f-bb8d-ff37d07082c9@group-5367271002A7:LeaderElection83] INFO  server.RaftServerConfigKeys (ConfUtils.java:logGet(43)) - raft.server.log.appender.buffer.element-limit = 1 (custom)
2019-09-24 04:21:29,447 [d7be0fc0-2c06-465f-bb8d-ff37d07082c9@group-5367271002A7:LeaderElection83] INFO  grpc.GrpcConfigKeys$Server (ConfUtils.java:logGet(43)) - raft.grpc.server.leader.outstanding.appends.max = 128 (default)
2019-09-24 04:21:29,447 [d7be0fc0-2c06-465f-bb8d-ff37d07082c9@group-5367271002A7:LeaderElection83] INFO  server.RaftServerConfigKeys (ConfUtils.java:logGet(43)) - raft.server.rpc.request.timeout = 3000ms (default)
2019-09-24 04:21:29,447 [d7be0fc0-2c06-465f-bb8d-ff37d07082c9@group-5367271002A7:LeaderElection83] INFO  server.RaftServerConfigKeys (ConfUtils.java:logGet(43)) - raft.server.log.appender.install.snapshot.enabled = false (custom)
2019-09-24 04:21:29,447 [d7be0fc0-2c06-465f-bb8d-ff37d07082c9@group-5367271002A7:LeaderElection83] INFO  server.RaftServerConfigKeys (ConfUtils.java:logGet(43)) - raft.server.log.appender.snapshot.chunk.size.max = 16MB (=16777216) (default)
2019-09-24 04:21:29,448 [d7be0fc0-2c06-465f-bb8d-ff37d07082c9@group-5367271002A7:LeaderElection83] INFO  server.RaftServerConfigKeys (ConfUtils.java:logGet(43)) - raft.server.log.appender.buffer.byte-limit = 33554432 (custom)
2019-09-24 04:21:29,448 [d7be0fc0-2c06-465f-bb8d-ff37d07082c9@group-5367271002A7:LeaderElection83] INFO  server.RaftServerConfigKeys (ConfUtils.java:logGet(43)) - raft.server.log.appender.buffer.element-limit = 1 (custom)
2019-09-24 04:21:29,448 [d7be0fc0-2c06-465f-bb8d-ff37d07082c9@group-5367271002A7:LeaderElection83] INFO  grpc.GrpcConfigKeys$Server (ConfUtils.java:logGet(43)) - raft.grpc.server.leader.outstanding.appends.max = 128 (default)
2019-09-24 04:21:29,448 [d7be0fc0-2c06-465f-bb8d-ff37d07082c9@group-5367271002A7:LeaderElection83] INFO  server.RaftServerConfigKeys (ConfUtils.java:logGet(43)) - raft.server.rpc.request.timeout = 3000ms (default)
2019-09-24 04:21:29,448 [d7be0fc0-2c06-465f-bb8d-ff37d07082c9@group-5367271002A7:LeaderElection83] INFO  server.RaftServerConfigKeys (ConfUtils.java:logGet(43)) - raft.server.log.appender.install.snapshot.enabled = false (custom)
2019-09-24 04:21:29,449 [d7be0fc0-2c06-465f-bb8d-ff37d07082c9@group-5367271002A7:LeaderElection83] INFO  impl.RoleInfo (RoleInfo.java:updateAndGet(143)) - d7be0fc0-2c06-465f-bb8d-ff37d07082c9: start LeaderState
2019-09-24 04:21:29,450 [d7be0fc0-2c06-465f-bb8d-ff37d07082c9@group-5367271002A7:LeaderElection83] INFO  segmented.SegmentedRaftLogWorker (SegmentedRaftLogWorker.java:rollLogSegment(385)) - d7be0fc0-2c06-465f-bb8d-ff37d07082c9@group-5367271002A7-SegmentedRaftLogWorker: Rolling segment log-0_15 to index:15
2019-09-24 04:21:29,451 [d7be0fc0-2c06-465f-bb8d-ff37d07082c9@group-5367271002A7:LeaderElection83] INFO  impl.RaftServerImpl (ServerState.java:setRaftConf(354)) - d7be0fc0-2c06-465f-bb8d-ff37d07082c9@group-5367271002A7: set configuration 16: [ef134360-ccd0-45a6-96d7-cad815354eed:192.168.151.75:46454, d7be0fc0-2c06-465f-bb8d-ff37d07082c9:192.168.151.75:38189, e615c22a-d22b-4b15-9ed2-177ac0ba27c8:192.168.151.75:43703], old=null at 16
2019-09-24 04:21:29,451 [d7be0fc0-2c06-465f-bb8d-ff37d07082c9@group-5367271002A7-SegmentedRaftLogWorker] INFO  segmented.SegmentedRaftLogWorker (SegmentedRaftLogWorker.java:execute(526)) - d7be0fc0-2c06-465f-bb8d-ff37d07082c9@group-5367271002A7-SegmentedRaftLogWorker: Rolled log segment from /workdir/hadoop-ozone/integration-test/target/test-dir/MiniOzoneClusterImpl-70ed5c72-7c79-4e50-93d4-710ad6ee9320/datanode-2/data/ratis/0a412a69-75ec-432a-b23d-5367271002a7/current/log_inprogress_0 to /workdir/hadoop-ozone/integration-test/target/test-dir/MiniOzoneClusterImpl-70ed5c72-7c79-4e50-93d4-710ad6ee9320/datanode-2/data/ratis/0a412a69-75ec-432a-b23d-5367271002a7/current/log_0-15
2019-09-24 04:21:29,454 [grpc-default-executor-7] WARN  server.GrpcLogAppender (LogUtils.java:warn(134)) - d7be0fc0-2c06-465f-bb8d-ff37d07082c9@group-5367271002A7->ef134360-ccd0-45a6-96d7-cad815354eed-AppendLogResponseHandler: Failed appendEntries: org.apache.ratis.thirdparty.io.grpc.StatusRuntimeException: UNAVAILABLE: io exception
2019-09-24 04:21:29,455 [grpc-default-executor-5] INFO  impl.RaftServerImpl (ServerState.java:setLeader(253)) - e615c22a-d22b-4b15-9ed2-177ac0ba27c8@group-5367271002A7: change Leader from null to d7be0fc0-2c06-465f-bb8d-ff37d07082c9 at term 3 for appendEntries, leader elected after 5155ms
2019-09-24 04:21:29,455 [grpc-default-executor-7] INFO  impl.FollowerInfo (FollowerInfo.java:lambda$new$0(51)) - d7be0fc0-2c06-465f-bb8d-ff37d07082c9@group-5367271002A7->ef134360-ccd0-45a6-96d7-cad815354eed: nextIndex: updateUnconditionally 16 -> 1
2019-09-24 04:21:29,487 [grpc-default-executor-5] INFO  impl.RaftServerImpl (ServerState.java:setRaftConf(354)) - e615c22a-d22b-4b15-9ed2-177ac0ba27c8@group-5367271002A7: set configuration 16: [ef134360-ccd0-45a6-96d7-cad815354eed:192.168.151.75:46454, d7be0fc0-2c06-465f-bb8d-ff37d07082c9:192.168.151.75:38189, e615c22a-d22b-4b15-9ed2-177ac0ba27c8:192.168.151.75:43703], old=null at 16
2019-09-24 04:21:29,488 [grpc-default-executor-5] INFO  segmented.SegmentedRaftLogWorker (SegmentedRaftLogWorker.java:rollLogSegment(385)) - e615c22a-d22b-4b15-9ed2-177ac0ba27c8@group-5367271002A7-SegmentedRaftLogWorker: Rolling segment log-0_15 to index:15
2019-09-24 04:21:29,489 [e615c22a-d22b-4b15-9ed2-177ac0ba27c8@group-5367271002A7-SegmentedRaftLogWorker] INFO  segmented.SegmentedRaftLogWorker (SegmentedRaftLogWorker.java:execute(526)) - e615c22a-d22b-4b15-9ed2-177ac0ba27c8@group-5367271002A7-SegmentedRaftLogWorker: Rolled log segment from /workdir/hadoop-ozone/integration-test/target/test-dir/MiniOzoneClusterImpl-70ed5c72-7c79-4e50-93d4-710ad6ee9320/datanode-1/data/ratis/0a412a69-75ec-432a-b23d-5367271002a7/current/log_inprogress_0 to /workdir/hadoop-ozone/integration-test/target/test-dir/MiniOzoneClusterImpl-70ed5c72-7c79-4e50-93d4-710ad6ee9320/datanode-1/data/ratis/0a412a69-75ec-432a-b23d-5367271002a7/current/log_0-15
2019-09-24 04:21:29,508 [d7be0fc0-2c06-465f-bb8d-ff37d07082c9@group-5367271002A7-SegmentedRaftLogWorker] INFO  segmented.SegmentedRaftLogWorker (SegmentedRaftLogWorker.java:execute(569)) - d7be0fc0-2c06-465f-bb8d-ff37d07082c9@group-5367271002A7-SegmentedRaftLogWorker: created new log segment /workdir/hadoop-ozone/integration-test/target/test-dir/MiniOzoneClusterImpl-70ed5c72-7c79-4e50-93d4-710ad6ee9320/datanode-2/data/ratis/0a412a69-75ec-432a-b23d-5367271002a7/current/log_inprogress_16
2019-09-24 04:21:29,544 [e615c22a-d22b-4b15-9ed2-177ac0ba27c8@group-5367271002A7-SegmentedRaftLogWorker] INFO  segmented.SegmentedRaftLogWorker (SegmentedRaftLogWorker.java:execute(569)) - e615c22a-d22b-4b15-9ed2-177ac0ba27c8@group-5367271002A7-SegmentedRaftLogWorker: created new log segment /workdir/hadoop-ozone/integration-test/target/test-dir/MiniOzoneClusterImpl-70ed5c72-7c79-4e50-93d4-710ad6ee9320/datanode-1/data/ratis/0a412a69-75ec-432a-b23d-5367271002a7/current/log_inprogress_16
2019-09-24 04:21:29,570 [grpc-default-executor-10] WARN  server.GrpcLogAppender (LogUtils.java:warn(134)) - d7be0fc0-2c06-465f-bb8d-ff37d07082c9@group-5367271002A7->ef134360-ccd0-45a6-96d7-cad815354eed-AppendLogResponseHandler: Failed appendEntries: org.apache.ratis.thirdparty.io.grpc.StatusRuntimeException: UNAVAILABLE: io exception
2019-09-24 04:21:29,570 [grpc-default-executor-10] INFO  impl.FollowerInfo (FollowerInfo.java:lambda$new$0(51)) - d7be0fc0-2c06-465f-bb8d-ff37d07082c9@group-5367271002A7->ef134360-ccd0-45a6-96d7-cad815354eed: nextIndex: updateUnconditionally 2 -> 1
2019-09-24 04:21:29,578 [grpc-default-executor-7] WARN  server.GrpcLogAppender (LogUtils.java:warn(134)) - d7be0fc0-2c06-465f-bb8d-ff37d07082c9@group-5367271002A7->ef134360-ccd0-45a6-96d7-cad815354eed-AppendLogResponseHandler: Failed appendEntries: org.apache.ratis.thirdparty.io.grpc.StatusRuntimeException: UNAVAILABLE: io exception
2019-09-24 04:21:29,579 [grpc-default-executor-7] INFO  impl.FollowerInfo (FollowerInfo.java:lambda$new$0(51)) - d7be0fc0-2c06-465f-bb8d-ff37d07082c9@group-5367271002A7->ef134360-ccd0-45a6-96d7-cad815354eed: nextIndex: updateUnconditionally 2 -> 1
04:21:30.637 [grpc-default-executor-7] ERROR DNAudit - user=null | ip=null | op=WRITE_CHUNK {blockData=conID: 1 locID: 102845570760245261 bcsId: 13} | ret=FAILURE
org.apache.hadoop.hdds.scm.container.common.helpers.ContainerNotOpenException: Container 1 in CLOSING state
	at org.apache.hadoop.ozone.container.common.impl.HddsDispatcher.validateContainerCommand(HddsDispatcher.java:434) ~[hadoop-hdds-container-service-0.5.0-SNAPSHOT.jar:?]
	at org.apache.hadoop.ozone.container.common.transport.server.ratis.ContainerStateMachine.startTransaction(ContainerStateMachine.java:315) ~[hadoop-hdds-container-service-0.5.0-SNAPSHOT.jar:?]
	at org.apache.ratis.server.impl.RaftServerImpl.submitClientRequestAsync(RaftServerImpl.java:573) ~[ratis-server-0.4.0.jar:0.4.0]
	at org.apache.ratis.server.impl.RaftServerProxy.lambda$submitClientRequestAsync$7(RaftServerProxy.java:333) ~[ratis-server-0.4.0.jar:0.4.0]
	at org.apache.ratis.server.impl.RaftServerProxy.lambda$null$5(RaftServerProxy.java:328) ~[ratis-server-0.4.0.jar:0.4.0]
	at org.apache.ratis.util.JavaUtils.callAsUnchecked(JavaUtils.java:109) ~[ratis-common-0.4.0.jar:0.4.0]
	at org.apache.ratis.server.impl.RaftServerProxy.lambda$submitRequest$6(RaftServerProxy.java:328) ~[ratis-server-0.4.0.jar:0.4.0]
	at java.util.concurrent.CompletableFuture.uniComposeStage(CompletableFuture.java:981) ~[?:1.8.0_212]
	at java.util.concurrent.CompletableFuture.thenCompose(CompletableFuture.java:2124) ~[?:1.8.0_212]
	at org.apache.ratis.server.impl.RaftServerProxy.submitRequest(RaftServerProxy.java:327) ~[ratis-server-0.4.0.jar:0.4.0]
	at org.apache.ratis.server.impl.RaftServerProxy.submitClientRequestAsync(RaftServerProxy.java:333) ~[ratis-server-0.4.0.jar:0.4.0]
	at org.apache.ratis.grpc.client.GrpcClientProtocolService$RequestStreamObserver.processClientRequest(GrpcClientProtocolService.java:220) ~[ratis-grpc-0.4.0.jar:0.4.0]
	at org.apache.ratis.grpc.client.GrpcClientProtocolService$OrderedRequestStreamObserver.processClientRequest(GrpcClientProtocolService.java:326) ~[ratis-grpc-0.4.0.jar:0.4.0]
	at org.apache.ratis.util.SlidingWindow$Server.processRequestsFromHead(SlidingWindow.java:429) [ratis-common-0.4.0.jar:0.4.0]
	at org.apache.ratis.util.SlidingWindow$Server.receivedRequest(SlidingWindow.java:421) [ratis-common-0.4.0.jar:0.4.0]
	at org.apache.ratis.grpc.client.GrpcClientProtocolService$OrderedRequestStreamObserver.processClientRequest(GrpcClientProtocolService.java:345) [ratis-grpc-0.4.0.jar:0.4.0]
	at org.apache.ratis.grpc.client.GrpcClientProtocolService$RequestStreamObserver.onNext(GrpcClientProtocolService.java:240) [ratis-grpc-0.4.0.jar:0.4.0]
	at org.apache.ratis.grpc.client.GrpcClientProtocolService$RequestStreamObserver.onNext(GrpcClientProtocolService.java:168) [ratis-grpc-0.4.0.jar:0.4.0]
	at org.apache.ratis.thirdparty.io.grpc.stub.ServerCalls$StreamingServerCallHandler$StreamingServerCallListener.onMessage(ServerCalls.java:248) [ratis-thirdparty-misc-0.2.0.jar:0.2.0]
	at org.apache.ratis.thirdparty.io.grpc.internal.ServerCallImpl$ServerStreamListenerImpl.messagesAvailable(ServerCallImpl.java:263) [ratis-thirdparty-misc-0.2.0.jar:0.2.0]
	at org.apache.ratis.thirdparty.io.grpc.internal.ServerImpl$JumpToApplicationThreadServerStreamListener$1MessagesAvailable.runInContext(ServerImpl.java:686) [ratis-thirdparty-misc-0.2.0.jar:0.2.0]
	at org.apache.ratis.thirdparty.io.grpc.internal.ContextRunnable.run(ContextRunnable.java:37) [ratis-thirdparty-misc-0.2.0.jar:0.2.0]
	at org.apache.ratis.thirdparty.io.grpc.internal.SerializingExecutor.run(SerializingExecutor.java:123) [ratis-thirdparty-misc-0.2.0.jar:0.2.0]
	at java.util.concurrent.ThreadPoolExecutor.runWorker(ThreadPoolExecutor.java:1149) [?:1.8.0_212]
	at java.util.concurrent.ThreadPoolExecutor$Worker.run(ThreadPoolExecutor.java:624) [?:1.8.0_212]
	at java.lang.Thread.run(Thread.java:748) [?:1.8.0_212]
04:21:30.651 [grpc-default-executor-10] ERROR DNAudit - user=null | ip=null | op=WRITE_CHUNK {blockData=conID: 1 locID: 102845570760245261 bcsId: 13} | ret=FAILURE
org.apache.hadoop.hdds.scm.container.common.helpers.ContainerNotOpenException: Container 1 in CLOSING state
	at org.apache.hadoop.ozone.container.common.impl.HddsDispatcher.validateContainerCommand(HddsDispatcher.java:434) ~[hadoop-hdds-container-service-0.5.0-SNAPSHOT.jar:?]
	at org.apache.hadoop.ozone.container.common.transport.server.ratis.ContainerStateMachine.startTransaction(ContainerStateMachine.java:315) ~[hadoop-hdds-container-service-0.5.0-SNAPSHOT.jar:?]
	at org.apache.ratis.server.impl.RaftServerImpl.submitClientRequestAsync(RaftServerImpl.java:573) ~[ratis-server-0.4.0.jar:0.4.0]
	at org.apache.ratis.server.impl.RaftServerProxy.lambda$submitClientRequestAsync$7(RaftServerProxy.java:333) ~[ratis-server-0.4.0.jar:0.4.0]
	at org.apache.ratis.server.impl.RaftServerProxy.lambda$null$5(RaftServerProxy.java:328) ~[ratis-server-0.4.0.jar:0.4.0]
	at org.apache.ratis.util.JavaUtils.callAsUnchecked(JavaUtils.java:109) ~[ratis-common-0.4.0.jar:0.4.0]
	at org.apache.ratis.server.impl.RaftServerProxy.lambda$submitRequest$6(RaftServerProxy.java:328) ~[ratis-server-0.4.0.jar:0.4.0]
	at java.util.concurrent.CompletableFuture.uniComposeStage(CompletableFuture.java:981) ~[?:1.8.0_212]
	at java.util.concurrent.CompletableFuture.thenCompose(CompletableFuture.java:2124) ~[?:1.8.0_212]
	at org.apache.ratis.server.impl.RaftServerProxy.submitRequest(RaftServerProxy.java:327) ~[ratis-server-0.4.0.jar:0.4.0]
	at org.apache.ratis.server.impl.RaftServerProxy.submitClientRequestAsync(RaftServerProxy.java:333) ~[ratis-server-0.4.0.jar:0.4.0]
	at org.apache.ratis.grpc.client.GrpcClientProtocolService$RequestStreamObserver.processClientRequest(GrpcClientProtocolService.java:220) ~[ratis-grpc-0.4.0.jar:0.4.0]
	at org.apache.ratis.grpc.client.GrpcClientProtocolService$OrderedRequestStreamObserver.processClientRequest(GrpcClientProtocolService.java:326) ~[ratis-grpc-0.4.0.jar:0.4.0]
	at org.apache.ratis.util.SlidingWindow$Server.processRequestsFromHead(SlidingWindow.java:429) [ratis-common-0.4.0.jar:0.4.0]
	at org.apache.ratis.util.SlidingWindow$Server.receivedRequest(SlidingWindow.java:421) [ratis-common-0.4.0.jar:0.4.0]
	at org.apache.ratis.grpc.client.GrpcClientProtocolService$OrderedRequestStreamObserver.processClientRequest(GrpcClientProtocolService.java:345) [ratis-grpc-0.4.0.jar:0.4.0]
	at org.apache.ratis.grpc.client.GrpcClientProtocolService$RequestStreamObserver.onNext(GrpcClientProtocolService.java:240) [ratis-grpc-0.4.0.jar:0.4.0]
	at org.apache.ratis.grpc.client.GrpcClientProtocolService$RequestStreamObserver.onNext(GrpcClientProtocolService.java:168) [ratis-grpc-0.4.0.jar:0.4.0]
	at org.apache.ratis.thirdparty.io.grpc.stub.ServerCalls$StreamingServerCallHandler$StreamingServerCallListener.onMessage(ServerCalls.java:248) [ratis-thirdparty-misc-0.2.0.jar:0.2.0]
	at org.apache.ratis.thirdparty.io.grpc.internal.ServerCallImpl$ServerStreamListenerImpl.messagesAvailable(ServerCallImpl.java:263) [ratis-thirdparty-misc-0.2.0.jar:0.2.0]
	at org.apache.ratis.thirdparty.io.grpc.internal.ServerImpl$JumpToApplicationThreadServerStreamListener$1MessagesAvailable.runInContext(ServerImpl.java:686) [ratis-thirdparty-misc-0.2.0.jar:0.2.0]
	at org.apache.ratis.thirdparty.io.grpc.internal.ContextRunnable.run(ContextRunnable.java:37) [ratis-thirdparty-misc-0.2.0.jar:0.2.0]
	at org.apache.ratis.thirdparty.io.grpc.internal.SerializingExecutor.run(SerializingExecutor.java:123) [ratis-thirdparty-misc-0.2.0.jar:0.2.0]
	at java.util.concurrent.ThreadPoolExecutor.runWorker(ThreadPoolExecutor.java:1149) [?:1.8.0_212]
	at java.util.concurrent.ThreadPoolExecutor$Worker.run(ThreadPoolExecutor.java:624) [?:1.8.0_212]
	at java.lang.Thread.run(Thread.java:748) [?:1.8.0_212]
04:21:30.654 [grpc-default-executor-10] ERROR DNAudit - user=null | ip=null | op=PUT_BLOCK {blockData=[blockId=conID: 1 locID: 102845570760245261 bcsId: 0,size=650]} | ret=FAILURE
org.apache.hadoop.hdds.scm.container.common.helpers.ContainerNotOpenException: Container 1 in CLOSING state
	at org.apache.hadoop.ozone.container.common.impl.HddsDispatcher.validateContainerCommand(HddsDispatcher.java:434) ~[hadoop-hdds-container-service-0.5.0-SNAPSHOT.jar:?]
	at org.apache.hadoop.ozone.container.common.transport.server.ratis.ContainerStateMachine.startTransaction(ContainerStateMachine.java:315) ~[hadoop-hdds-container-service-0.5.0-SNAPSHOT.jar:?]
	at org.apache.ratis.server.impl.RaftServerImpl.submitClientRequestAsync(RaftServerImpl.java:573) ~[ratis-server-0.4.0.jar:0.4.0]
	at org.apache.ratis.server.impl.RaftServerProxy.lambda$submitClientRequestAsync$7(RaftServerProxy.java:333) ~[ratis-server-0.4.0.jar:0.4.0]
	at org.apache.ratis.server.impl.RaftServerProxy.lambda$null$5(RaftServerProxy.java:328) ~[ratis-server-0.4.0.jar:0.4.0]
	at org.apache.ratis.util.JavaUtils.callAsUnchecked(JavaUtils.java:109) ~[ratis-common-0.4.0.jar:0.4.0]
	at org.apache.ratis.server.impl.RaftServerProxy.lambda$submitRequest$6(RaftServerProxy.java:328) ~[ratis-server-0.4.0.jar:0.4.0]
	at java.util.concurrent.CompletableFuture.uniComposeStage(CompletableFuture.java:981) ~[?:1.8.0_212]
	at java.util.concurrent.CompletableFuture.thenCompose(CompletableFuture.java:2124) ~[?:1.8.0_212]
	at org.apache.ratis.server.impl.RaftServerProxy.submitRequest(RaftServerProxy.java:327) ~[ratis-server-0.4.0.jar:0.4.0]
	at org.apache.ratis.server.impl.RaftServerProxy.submitClientRequestAsync(RaftServerProxy.java:333) ~[ratis-server-0.4.0.jar:0.4.0]
	at org.apache.ratis.grpc.client.GrpcClientProtocolService$RequestStreamObserver.processClientRequest(GrpcClientProtocolService.java:220) ~[ratis-grpc-0.4.0.jar:0.4.0]
	at org.apache.ratis.grpc.client.GrpcClientProtocolService$OrderedRequestStreamObserver.processClientRequest(GrpcClientProtocolService.java:326) ~[ratis-grpc-0.4.0.jar:0.4.0]
	at org.apache.ratis.util.SlidingWindow$Server.processRequestsFromHead(SlidingWindow.java:429) [ratis-common-0.4.0.jar:0.4.0]
	at org.apache.ratis.util.SlidingWindow$Server.receivedRequest(SlidingWindow.java:421) [ratis-common-0.4.0.jar:0.4.0]
	at org.apache.ratis.grpc.client.GrpcClientProtocolService$OrderedRequestStreamObserver.processClientRequest(GrpcClientProtocolService.java:345) [ratis-grpc-0.4.0.jar:0.4.0]
	at org.apache.ratis.grpc.client.GrpcClientProtocolService$RequestStreamObserver.onNext(GrpcClientProtocolService.java:240) [ratis-grpc-0.4.0.jar:0.4.0]
	at org.apache.ratis.grpc.client.GrpcClientProtocolService$RequestStreamObserver.onNext(GrpcClientProtocolService.java:168) [ratis-grpc-0.4.0.jar:0.4.0]
	at org.apache.ratis.thirdparty.io.grpc.stub.ServerCalls$StreamingServerCallHandler$StreamingServerCallListener.onMessage(ServerCalls.java:248) [ratis-thirdparty-misc-0.2.0.jar:0.2.0]
	at org.apache.ratis.thirdparty.io.grpc.internal.ServerCallImpl$ServerStreamListenerImpl.messagesAvailable(ServerCallImpl.java:263) [ratis-thirdparty-misc-0.2.0.jar:0.2.0]
	at org.apache.ratis.thirdparty.io.grpc.internal.ServerImpl$JumpToApplicationThreadServerStreamListener$1MessagesAvailable.runInContext(ServerImpl.java:686) [ratis-thirdparty-misc-0.2.0.jar:0.2.0]
	at org.apache.ratis.thirdparty.io.grpc.internal.ContextRunnable.run(ContextRunnable.java:37) [ratis-thirdparty-misc-0.2.0.jar:0.2.0]
	at org.apache.ratis.thirdparty.io.grpc.internal.SerializingExecutor.run(SerializingExecutor.java:123) [ratis-thirdparty-misc-0.2.0.jar:0.2.0]
	at java.util.concurrent.ThreadPoolExecutor.runWorker(ThreadPoolExecutor.java:1149) [?:1.8.0_212]
	at java.util.concurrent.ThreadPoolExecutor$Worker.run(ThreadPoolExecutor.java:624) [?:1.8.0_212]
	at java.lang.Thread.run(Thread.java:748) [?:1.8.0_212]
04:21:30.663 [grpc-default-executor-10] ERROR DNAudit - user=null | ip=null | op=WRITE_CHUNK {blockData=conID: 1 locID: 102845570760245261 bcsId: 13} | ret=FAILURE
org.apache.hadoop.hdds.scm.container.common.helpers.ContainerNotOpenException: Container 1 in CLOSING state
	at org.apache.hadoop.ozone.container.common.impl.HddsDispatcher.validateContainerCommand(HddsDispatcher.java:434) ~[hadoop-hdds-container-service-0.5.0-SNAPSHOT.jar:?]
	at org.apache.hadoop.ozone.container.common.transport.server.ratis.ContainerStateMachine.startTransaction(ContainerStateMachine.java:315) ~[hadoop-hdds-container-service-0.5.0-SNAPSHOT.jar:?]
	at org.apache.ratis.server.impl.RaftServerImpl.submitClientRequestAsync(RaftServerImpl.java:573) ~[ratis-server-0.4.0.jar:0.4.0]
	at org.apache.ratis.server.impl.RaftServerProxy.lambda$submitClientRequestAsync$7(RaftServerProxy.java:333) ~[ratis-server-0.4.0.jar:0.4.0]
	at org.apache.ratis.server.impl.RaftServerProxy.lambda$null$5(RaftServerProxy.java:328) ~[ratis-server-0.4.0.jar:0.4.0]
	at org.apache.ratis.util.JavaUtils.callAsUnchecked(JavaUtils.java:109) ~[ratis-common-0.4.0.jar:0.4.0]
	at org.apache.ratis.server.impl.RaftServerProxy.lambda$submitRequest$6(RaftServerProxy.java:328) ~[ratis-server-0.4.0.jar:0.4.0]
	at java.util.concurrent.CompletableFuture.uniComposeStage(CompletableFuture.java:981) ~[?:1.8.0_212]
	at java.util.concurrent.CompletableFuture.thenCompose(CompletableFuture.java:2124) ~[?:1.8.0_212]
	at org.apache.ratis.server.impl.RaftServerProxy.submitRequest(RaftServerProxy.java:327) ~[ratis-server-0.4.0.jar:0.4.0]
	at org.apache.ratis.server.impl.RaftServerProxy.submitClientRequestAsync(RaftServerProxy.java:333) ~[ratis-server-0.4.0.jar:0.4.0]
	at org.apache.ratis.grpc.client.GrpcClientProtocolService$RequestStreamObserver.processClientRequest(GrpcClientProtocolService.java:220) ~[ratis-grpc-0.4.0.jar:0.4.0]
	at org.apache.ratis.grpc.client.GrpcClientProtocolService$OrderedRequestStreamObserver.processClientRequest(GrpcClientProtocolService.java:326) ~[ratis-grpc-0.4.0.jar:0.4.0]
	at org.apache.ratis.util.SlidingWindow$Server.processRequestsFromHead(SlidingWindow.java:429) [ratis-common-0.4.0.jar:0.4.0]
	at org.apache.ratis.util.SlidingWindow$Server.receivedRequest(SlidingWindow.java:421) [ratis-common-0.4.0.jar:0.4.0]
	at org.apache.ratis.grpc.client.GrpcClientProtocolService$OrderedRequestStreamObserver.processClientRequest(GrpcClientProtocolService.java:345) [ratis-grpc-0.4.0.jar:0.4.0]
	at org.apache.ratis.grpc.client.GrpcClientProtocolService$RequestStreamObserver.onNext(GrpcClientProtocolService.java:240) [ratis-grpc-0.4.0.jar:0.4.0]
	at org.apache.ratis.grpc.client.GrpcClientProtocolService$RequestStreamObserver.onNext(GrpcClientProtocolService.java:168) [ratis-grpc-0.4.0.jar:0.4.0]
	at org.apache.ratis.thirdparty.io.grpc.stub.ServerCalls$StreamingServerCallHandler$StreamingServerCallListener.onMessage(ServerCalls.java:248) [ratis-thirdparty-misc-0.2.0.jar:0.2.0]
	at org.apache.ratis.thirdparty.io.grpc.internal.ServerCallImpl$ServerStreamListenerImpl.messagesAvailable(ServerCallImpl.java:263) [ratis-thirdparty-misc-0.2.0.jar:0.2.0]
	at org.apache.ratis.thirdparty.io.grpc.internal.ServerImpl$JumpToApplicationThreadServerStreamListener$1MessagesAvailable.runInContext(ServerImpl.java:686) [ratis-thirdparty-misc-0.2.0.jar:0.2.0]
	at org.apache.ratis.thirdparty.io.grpc.internal.ContextRunnable.run(ContextRunnable.java:37) [ratis-thirdparty-misc-0.2.0.jar:0.2.0]
	at org.apache.ratis.thirdparty.io.grpc.internal.SerializingExecutor.run(SerializingExecutor.java:123) [ratis-thirdparty-misc-0.2.0.jar:0.2.0]
	at java.util.concurrent.ThreadPoolExecutor.runWorker(ThreadPoolExecutor.java:1149) [?:1.8.0_212]
	at java.util.concurrent.ThreadPoolExecutor$Worker.run(ThreadPoolExecutor.java:624) [?:1.8.0_212]
	at java.lang.Thread.run(Thread.java:748) [?:1.8.0_212]
04:21:30.675 [grpc-default-executor-7] ERROR DNAudit - user=null | ip=null | op=WRITE_CHUNK {blockData=conID: 1 locID: 102845570760245261 bcsId: 13} | ret=FAILURE
org.apache.hadoop.hdds.scm.container.common.helpers.ContainerNotOpenException: Container 1 in CLOSING state
	at org.apache.hadoop.ozone.container.common.impl.HddsDispatcher.validateContainerCommand(HddsDispatcher.java:434) ~[hadoop-hdds-container-service-0.5.0-SNAPSHOT.jar:?]
	at org.apache.hadoop.ozone.container.common.transport.server.ratis.ContainerStateMachine.startTransaction(ContainerStateMachine.java:315) ~[hadoop-hdds-container-service-0.5.0-SNAPSHOT.jar:?]
	at org.apache.ratis.server.impl.RaftServerImpl.submitClientRequestAsync(RaftServerImpl.java:573) ~[ratis-server-0.4.0.jar:0.4.0]
	at org.apache.ratis.server.impl.RaftServerProxy.lambda$submitClientRequestAsync$7(RaftServerProxy.java:333) ~[ratis-server-0.4.0.jar:0.4.0]
	at org.apache.ratis.server.impl.RaftServerProxy.lambda$null$5(RaftServerProxy.java:328) ~[ratis-server-0.4.0.jar:0.4.0]
	at org.apache.ratis.util.JavaUtils.callAsUnchecked(JavaUtils.java:109) ~[ratis-common-0.4.0.jar:0.4.0]
	at org.apache.ratis.server.impl.RaftServerProxy.lambda$submitRequest$6(RaftServerProxy.java:328) ~[ratis-server-0.4.0.jar:0.4.0]
	at java.util.concurrent.CompletableFuture.uniComposeStage(CompletableFuture.java:981) ~[?:1.8.0_212]
	at java.util.concurrent.CompletableFuture.thenCompose(CompletableFuture.java:2124) ~[?:1.8.0_212]
	at org.apache.ratis.server.impl.RaftServerProxy.submitRequest(RaftServerProxy.java:327) ~[ratis-server-0.4.0.jar:0.4.0]
	at org.apache.ratis.server.impl.RaftServerProxy.submitClientRequestAsync(RaftServerProxy.java:333) ~[ratis-server-0.4.0.jar:0.4.0]
	at org.apache.ratis.grpc.client.GrpcClientProtocolService$RequestStreamObserver.processClientRequest(GrpcClientProtocolService.java:220) ~[ratis-grpc-0.4.0.jar:0.4.0]
	at org.apache.ratis.grpc.client.GrpcClientProtocolService$OrderedRequestStreamObserver.processClientRequest(GrpcClientProtocolService.java:326) ~[ratis-grpc-0.4.0.jar:0.4.0]
	at org.apache.ratis.util.SlidingWindow$Server.processRequestsFromHead(SlidingWindow.java:429) [ratis-common-0.4.0.jar:0.4.0]
	at org.apache.ratis.util.SlidingWindow$Server.receivedRequest(SlidingWindow.java:421) [ratis-common-0.4.0.jar:0.4.0]
	at org.apache.ratis.grpc.client.GrpcClientProtocolService$OrderedRequestStreamObserver.processClientRequest(GrpcClientProtocolService.java:345) [ratis-grpc-0.4.0.jar:0.4.0]
	at org.apache.ratis.grpc.client.GrpcClientProtocolService$RequestStreamObserver.onNext(GrpcClientProtocolService.java:240) [ratis-grpc-0.4.0.jar:0.4.0]
	at org.apache.ratis.grpc.client.GrpcClientProtocolService$RequestStreamObserver.onNext(GrpcClientProtocolService.java:168) [ratis-grpc-0.4.0.jar:0.4.0]
	at org.apache.ratis.thirdparty.io.grpc.stub.ServerCalls$StreamingServerCallHandler$StreamingServerCallListener.onMessage(ServerCalls.java:248) [ratis-thirdparty-misc-0.2.0.jar:0.2.0]
	at org.apache.ratis.thirdparty.io.grpc.internal.ServerCallImpl$ServerStreamListenerImpl.messagesAvailable(ServerCallImpl.java:263) [ratis-thirdparty-misc-0.2.0.jar:0.2.0]
	at org.apache.ratis.thirdparty.io.grpc.internal.ServerImpl$JumpToApplicationThreadServerStreamListener$1MessagesAvailable.runInContext(ServerImpl.java:686) [ratis-thirdparty-misc-0.2.0.jar:0.2.0]
	at org.apache.ratis.thirdparty.io.grpc.internal.ContextRunnable.run(ContextRunnable.java:37) [ratis-thirdparty-misc-0.2.0.jar:0.2.0]
	at org.apache.ratis.thirdparty.io.grpc.internal.SerializingExecutor.run(SerializingExecutor.java:123) [ratis-thirdparty-misc-0.2.0.jar:0.2.0]
	at java.util.concurrent.ThreadPoolExecutor.runWorker(ThreadPoolExecutor.java:1149) [?:1.8.0_212]
	at java.util.concurrent.ThreadPoolExecutor$Worker.run(ThreadPoolExecutor.java:624) [?:1.8.0_212]
	at java.lang.Thread.run(Thread.java:748) [?:1.8.0_212]
04:21:30.681 [grpc-default-executor-7] ERROR DNAudit - user=null | ip=null | op=PUT_BLOCK {blockData=[blockId=conID: 1 locID: 102845570760245261 bcsId: 0,size=800]} | ret=FAILURE
org.apache.hadoop.hdds.scm.container.common.helpers.ContainerNotOpenException: Container 1 in CLOSING state
	at org.apache.hadoop.ozone.container.common.impl.HddsDispatcher.validateContainerCommand(HddsDispatcher.java:434) ~[hadoop-hdds-container-service-0.5.0-SNAPSHOT.jar:?]
	at org.apache.hadoop.ozone.container.common.transport.server.ratis.ContainerStateMachine.startTransaction(ContainerStateMachine.java:315) ~[hadoop-hdds-container-service-0.5.0-SNAPSHOT.jar:?]
	at org.apache.ratis.server.impl.RaftServerImpl.submitClientRequestAsync(RaftServerImpl.java:573) ~[ratis-server-0.4.0.jar:0.4.0]
	at org.apache.ratis.server.impl.RaftServerProxy.lambda$submitClientRequestAsync$7(RaftServerProxy.java:333) ~[ratis-server-0.4.0.jar:0.4.0]
	at org.apache.ratis.server.impl.RaftServerProxy.lambda$null$5(RaftServerProxy.java:328) ~[ratis-server-0.4.0.jar:0.4.0]
	at org.apache.ratis.util.JavaUtils.callAsUnchecked(JavaUtils.java:109) ~[ratis-common-0.4.0.jar:0.4.0]
	at org.apache.ratis.server.impl.RaftServerProxy.lambda$submitRequest$6(RaftServerProxy.java:328) ~[ratis-server-0.4.0.jar:0.4.0]
	at java.util.concurrent.CompletableFuture.uniComposeStage(CompletableFuture.java:981) ~[?:1.8.0_212]
	at java.util.concurrent.CompletableFuture.thenCompose(CompletableFuture.java:2124) ~[?:1.8.0_212]
	at org.apache.ratis.server.impl.RaftServerProxy.submitRequest(RaftServerProxy.java:327) ~[ratis-server-0.4.0.jar:0.4.0]
	at org.apache.ratis.server.impl.RaftServerProxy.submitClientRequestAsync(RaftServerProxy.java:333) ~[ratis-server-0.4.0.jar:0.4.0]
	at org.apache.ratis.grpc.client.GrpcClientProtocolService$RequestStreamObserver.processClientRequest(GrpcClientProtocolService.java:220) ~[ratis-grpc-0.4.0.jar:0.4.0]
	at org.apache.ratis.grpc.client.GrpcClientProtocolService$OrderedRequestStreamObserver.processClientRequest(GrpcClientProtocolService.java:326) ~[ratis-grpc-0.4.0.jar:0.4.0]
	at org.apache.ratis.util.SlidingWindow$Server.processRequestsFromHead(SlidingWindow.java:429) [ratis-common-0.4.0.jar:0.4.0]
	at org.apache.ratis.util.SlidingWindow$Server.receivedRequest(SlidingWindow.java:421) [ratis-common-0.4.0.jar:0.4.0]
	at org.apache.ratis.grpc.client.GrpcClientProtocolService$OrderedRequestStreamObserver.processClientRequest(GrpcClientProtocolService.java:345) [ratis-grpc-0.4.0.jar:0.4.0]
	at org.apache.ratis.grpc.client.GrpcClientProtocolService$RequestStreamObserver.onNext(GrpcClientProtocolService.java:240) [ratis-grpc-0.4.0.jar:0.4.0]
	at org.apache.ratis.grpc.client.GrpcClientProtocolService$RequestStreamObserver.onNext(GrpcClientProtocolService.java:168) [ratis-grpc-0.4.0.jar:0.4.0]
	at org.apache.ratis.thirdparty.io.grpc.stub.ServerCalls$StreamingServerCallHandler$StreamingServerCallListener.onMessage(ServerCalls.java:248) [ratis-thirdparty-misc-0.2.0.jar:0.2.0]
	at org.apache.ratis.thirdparty.io.grpc.internal.ServerCallImpl$ServerStreamListenerImpl.messagesAvailable(ServerCallImpl.java:263) [ratis-thirdparty-misc-0.2.0.jar:0.2.0]
	at org.apache.ratis.thirdparty.io.grpc.internal.ServerImpl$JumpToApplicationThreadServerStreamListener$1MessagesAvailable.runInContext(ServerImpl.java:686) [ratis-thirdparty-misc-0.2.0.jar:0.2.0]
	at org.apache.ratis.thirdparty.io.grpc.internal.ContextRunnable.run(ContextRunnable.java:37) [ratis-thirdparty-misc-0.2.0.jar:0.2.0]
	at org.apache.ratis.thirdparty.io.grpc.internal.SerializingExecutor.run(SerializingExecutor.java:123) [ratis-thirdparty-misc-0.2.0.jar:0.2.0]
	at java.util.concurrent.ThreadPoolExecutor.runWorker(ThreadPoolExecutor.java:1149) [?:1.8.0_212]
	at java.util.concurrent.ThreadPoolExecutor$Worker.run(ThreadPoolExecutor.java:624) [?:1.8.0_212]
	at java.lang.Thread.run(Thread.java:748) [?:1.8.0_212]
2019-09-24 04:21:31,050 [main] INFO  ozone.MiniOzoneClusterImpl (MiniOzoneClusterImpl.java:shutdown(320)) - Shutting down the Mini Ozone Cluster
2019-09-24 04:21:31,051 [main] INFO  ozone.MiniOzoneClusterImpl (MiniOzoneClusterImpl.java:stop(336)) - Stopping the Mini Ozone Cluster
2019-09-24 04:21:31,051 [main] INFO  ozone.MiniOzoneClusterImpl (MiniOzoneClusterImpl.java:stopOM(406)) - Stopping the OzoneManager
2019-09-24 04:21:31,051 [main] INFO  ipc.Server (Server.java:stop(3082)) - Stopping server on 33507
2019-09-24 04:21:31,059 [IPC Server listener on 33507] INFO  ipc.Server (Server.java:run(1185)) - Stopping IPC Server listener on 33507
2019-09-24 04:21:31,059 [main] INFO  ratis.OzoneManagerDoubleBuffer (OzoneManagerDoubleBuffer.java:stop(248)) - Stopping OMDoubleBuffer flush thread
2019-09-24 04:21:31,070 [IPC Server Responder] INFO  ipc.Server (Server.java:run(1319)) - Stopping IPC Server Responder
2019-09-24 04:21:31,072 [OMDoubleBufferFlushThread] INFO  ratis.OzoneManagerDoubleBuffer (OzoneManagerDoubleBuffer.java:flushTransactions(191)) - OMDoubleBuffer flush thread OMDoubleBufferFlushThread is interrupted and will exit. OMDoubleBufferFlushThread
2019-09-24 04:21:31,072 [main] INFO  utils.BackgroundService (BackgroundService.java:shutdown(148)) - Shutting down service KeyDeletingService
2019-09-24 04:21:32,079 [grpc-default-executor-10] WARN  server.GrpcLogAppender (LogUtils.java:warn(134)) - d7be0fc0-2c06-465f-bb8d-ff37d07082c9@group-5367271002A7->ef134360-ccd0-45a6-96d7-cad815354eed-AppendLogResponseHandler: Failed appendEntries: org.apache.ratis.thirdparty.io.grpc.StatusRuntimeException: UNAVAILABLE: io exception
2019-09-24 04:21:32,079 [grpc-default-executor-10] INFO  impl.FollowerInfo (FollowerInfo.java:lambda$new$0(51)) - d7be0fc0-2c06-465f-bb8d-ff37d07082c9@group-5367271002A7->ef134360-ccd0-45a6-96d7-cad815354eed: nextIndex: updateUnconditionally 1 -> 0
2019-09-24 04:21:33,618 [main] INFO  handler.ContextHandler (ContextHandler.java:doStop(910)) - Stopped o.e.j.w.WebAppContext@1785d194{/,null,UNAVAILABLE}{/ozoneManager}
2019-09-24 04:21:33,619 [main] INFO  server.AbstractConnector (AbstractConnector.java:doStop(318)) - Stopped ServerConnector@6b4a4e40{HTTP/1.1,[http/1.1]}{0.0.0.0:0}
2019-09-24 04:21:33,619 [main] INFO  handler.ContextHandler (ContextHandler.java:doStop(910)) - Stopped o.e.j.s.ServletContextHandler@26da1ba2{/static,file:///workdir/hadoop-ozone/integration-test/target/test-classes/webapps/static,UNAVAILABLE}
2019-09-24 04:21:33,620 [main] INFO  handler.ContextHandler (ContextHandler.java:doStop(910)) - Stopped o.e.j.s.ServletContextHandler@6889f56f{/logs,file:///workdir/hadoop-ozone/integration-test/target/log,UNAVAILABLE}
2019-09-24 04:21:33,622 [main] INFO  ozone.MiniOzoneClusterImpl (MiniOzoneClusterImpl.java:stopDatanodes(383)) - Stopping the HddsDatanodes
2019-09-24 04:21:33,846 [Datanode State Machine Thread - 0] INFO  statemachine.DatanodeStateMachine (DatanodeStateMachine.java:lambda$startDaemon$0(356)) - Ozone container server started.
2019-09-24 04:21:34,223 [Datanode State Machine Thread - 0] INFO  statemachine.DatanodeStateMachine (DatanodeStateMachine.java:lambda$startDaemon$0(356)) - Ozone container server started.
2019-09-24 04:21:34,581 [grpc-default-executor-7] WARN  server.GrpcLogAppender (LogUtils.java:warn(134)) - d7be0fc0-2c06-465f-bb8d-ff37d07082c9@group-5367271002A7->ef134360-ccd0-45a6-96d7-cad815354eed-AppendLogResponseHandler: Failed appendEntries: org.apache.ratis.thirdparty.io.grpc.StatusRuntimeException: UNAVAILABLE: io exception
2019-09-24 04:21:34,582 [grpc-default-executor-7] INFO  impl.FollowerInfo (FollowerInfo.java:lambda$new$0(51)) - d7be0fc0-2c06-465f-bb8d-ff37d07082c9@group-5367271002A7->ef134360-ccd0-45a6-96d7-cad815354eed: nextIndex: updateUnconditionally 0 -> 0
2019-09-24 04:21:37,085 [grpc-default-executor-10] WARN  server.GrpcLogAppender (LogUtils.java:warn(134)) - d7be0fc0-2c06-465f-bb8d-ff37d07082c9@group-5367271002A7->ef134360-ccd0-45a6-96d7-cad815354eed-AppendLogResponseHandler: Failed appendEntries: org.apache.ratis.thirdparty.io.grpc.StatusRuntimeException: UNAVAILABLE: io exception
2019-09-24 04:21:37,086 [grpc-default-executor-10] INFO  impl.FollowerInfo (FollowerInfo.java:lambda$new$0(51)) - d7be0fc0-2c06-465f-bb8d-ff37d07082c9@group-5367271002A7->ef134360-ccd0-45a6-96d7-cad815354eed: nextIndex: updateUnconditionally 0 -> 0
2019-09-24 04:21:37,934 [EventQueue-StaleNodeForStaleNodeHandler] INFO  node.StaleNodeHandler (StaleNodeHandler.java:onMessage(58)) - Datanode 43ecf24d-7403-4a92-903b-bd0d080d9eca{ip: 192.168.151.75, host: pr-hdds-2034-r6745-1453098948, networkLocation: /default-rack, certSerialId: null} moved to stale state. Finalizing its pipelines [PipelineID=946b1ca3-b3a0-4306-ba1d-53364e9dac19, PipelineID=3dd83e0d-84fc-43de-b71d-5c556b373b53]
2019-09-24 04:21:37,935 [EventQueue-StaleNodeForStaleNodeHandler] INFO  pipeline.SCMPipelineManager (SCMPipelineManager.java:finalizeAndDestroyPipeline(348)) - destroying pipeline:Pipeline[ Id: 946b1ca3-b3a0-4306-ba1d-53364e9dac19, Nodes: 43ecf24d-7403-4a92-903b-bd0d080d9eca{ip: 192.168.151.75, host: pr-hdds-2034-r6745-1453098948, networkLocation: /default-rack, certSerialId: null}, Type:RATIS, Factor:ONE, State:OPEN]
2019-09-24 04:21:37,935 [EventQueue-StaleNodeForStaleNodeHandler] INFO  pipeline.PipelineStateManager (PipelineStateManager.java:finalizePipeline(123)) - Pipeline Pipeline[ Id: 946b1ca3-b3a0-4306-ba1d-53364e9dac19, Nodes: 43ecf24d-7403-4a92-903b-bd0d080d9eca{ip: 192.168.151.75, host: pr-hdds-2034-r6745-1453098948, networkLocation: /default-rack, certSerialId: null}, Type:RATIS, Factor:ONE, State:CLOSED] moved to CLOSED state
2019-09-24 04:21:37,937 [EventQueue-StaleNodeForStaleNodeHandler] INFO  pipeline.SCMPipelineManager (SCMPipelineManager.java:finalizeAndDestroyPipeline(348)) - destroying pipeline:Pipeline[ Id: 3dd83e0d-84fc-43de-b71d-5c556b373b53, Nodes: 43ecf24d-7403-4a92-903b-bd0d080d9eca{ip: 192.168.151.75, host: pr-hdds-2034-r6745-1453098948, networkLocation: /default-rack, certSerialId: null}6e4d579b-45b2-4620-be61-729cd2425cf8{ip: 192.168.151.75, host: pr-hdds-2034-r6745-1453098948, networkLocation: /default-rack, certSerialId: null}e7f42ddf-a327-4ac1-a3b9-ef80a1bb28b5{ip: 192.168.151.75, host: pr-hdds-2034-r6745-1453098948, networkLocation: /default-rack, certSerialId: null}, Type:RATIS, Factor:THREE, State:OPEN]
2019-09-24 04:21:37,937 [EventQueue-StaleNodeForStaleNodeHandler] INFO  pipeline.PipelineStateManager (PipelineStateManager.java:finalizePipeline(123)) - Pipeline Pipeline[ Id: 3dd83e0d-84fc-43de-b71d-5c556b373b53, Nodes: 43ecf24d-7403-4a92-903b-bd0d080d9eca{ip: 192.168.151.75, host: pr-hdds-2034-r6745-1453098948, networkLocation: /default-rack, certSerialId: null}6e4d579b-45b2-4620-be61-729cd2425cf8{ip: 192.168.151.75, host: pr-hdds-2034-r6745-1453098948, networkLocation: /default-rack, certSerialId: null}e7f42ddf-a327-4ac1-a3b9-ef80a1bb28b5{ip: 192.168.151.75, host: pr-hdds-2034-r6745-1453098948, networkLocation: /default-rack, certSerialId: null}, Type:RATIS, Factor:THREE, State:CLOSED] moved to CLOSED state
2019-09-24 04:21:37,937 [EventQueue-CloseContainerForCloseContainerEventHandler] INFO  container.CloseContainerEventHandler (CloseContainerEventHandler.java:onMessage(61)) - Close container Event triggered for container : #2
2019-09-24 04:21:38,234 [EventQueue-StaleNodeForStaleNodeHandler] INFO  node.StaleNodeHandler (StaleNodeHandler.java:onMessage(58)) - Datanode e615c22a-d22b-4b15-9ed2-177ac0ba27c8{ip: 192.168.151.75, host: pr-hdds-2034-r6745-1453098948, networkLocation: /default-rack, certSerialId: null} moved to stale state. Finalizing its pipelines [PipelineID=0a412a69-75ec-432a-b23d-5367271002a7, PipelineID=691ebfa7-77ab-44da-b3d5-4be1d04b4bd0]
2019-09-24 04:21:38,236 [EventQueue-StaleNodeForStaleNodeHandler] INFO  pipeline.SCMPipelineManager (SCMPipelineManager.java:finalizeAndDestroyPipeline(348)) - destroying pipeline:Pipeline[ Id: 0a412a69-75ec-432a-b23d-5367271002a7, Nodes: ef134360-ccd0-45a6-96d7-cad815354eed{ip: 192.168.151.75, host: pr-hdds-2034-r6745-1453098948, networkLocation: /default-rack, certSerialId: null}d7be0fc0-2c06-465f-bb8d-ff37d07082c9{ip: 192.168.151.75, host: pr-hdds-2034-r6745-1453098948, networkLocation: /default-rack, certSerialId: null}e615c22a-d22b-4b15-9ed2-177ac0ba27c8{ip: 192.168.151.75, host: pr-hdds-2034-r6745-1453098948, networkLocation: /default-rack, certSerialId: null}, Type:RATIS, Factor:THREE, State:CLOSED]
2019-09-24 04:21:38,237 [EventQueue-StaleNodeForStaleNodeHandler] INFO  pipeline.SCMPipelineManager (SCMPipelineManager.java:finalizeAndDestroyPipeline(348)) - destroying pipeline:Pipeline[ Id: 691ebfa7-77ab-44da-b3d5-4be1d04b4bd0, Nodes: e615c22a-d22b-4b15-9ed2-177ac0ba27c8{ip: 192.168.151.75, host: pr-hdds-2034-r6745-1453098948, networkLocation: /default-rack, certSerialId: null}, Type:RATIS, Factor:ONE, State:OPEN]
2019-09-24 04:21:38,237 [EventQueue-StaleNodeForStaleNodeHandler] INFO  pipeline.PipelineStateManager (PipelineStateManager.java:finalizePipeline(123)) - Pipeline Pipeline[ Id: 691ebfa7-77ab-44da-b3d5-4be1d04b4bd0, Nodes: e615c22a-d22b-4b15-9ed2-177ac0ba27c8{ip: 192.168.151.75, host: pr-hdds-2034-r6745-1453098948, networkLocation: /default-rack, certSerialId: null}, Type:RATIS, Factor:ONE, State:CLOSED] moved to CLOSED state
2019-09-24 04:21:38,624 [main] INFO  ozoneimpl.OzoneContainer (OzoneContainer.java:stop(231)) - Attempting to stop container services.
2019-09-24 04:21:38,624 [ForkJoinPool.commonPool-worker-0] INFO  ozoneimpl.OzoneContainer (OzoneContainer.java:stop(231)) - Attempting to stop container services.
2019-09-24 04:21:38,627 [main] INFO  impl.RaftServerProxy (RaftServerProxy.java:lambda$close$4(314)) - 43ecf24d-7403-4a92-903b-bd0d080d9eca: close
2019-09-24 04:21:38,627 [ForkJoinPool.commonPool-worker-0] INFO  impl.RaftServerProxy (RaftServerProxy.java:lambda$close$4(314)) - e615c22a-d22b-4b15-9ed2-177ac0ba27c8: close
2019-09-24 04:21:38,628 [main] INFO  impl.RaftServerImpl (RaftServerImpl.java:lambda$shutdown$3(251)) - 43ecf24d-7403-4a92-903b-bd0d080d9eca@group-53364E9DAC19: shutdown
2019-09-24 04:21:38,628 [ForkJoinPool.commonPool-worker-0] INFO  impl.RaftServerImpl (RaftServerImpl.java:lambda$shutdown$3(251)) - e615c22a-d22b-4b15-9ed2-177ac0ba27c8@group-5367271002A7: shutdown
2019-09-24 04:21:38,628 [main] INFO  util.JmxRegister (JmxRegister.java:unregister(73)) - Successfully un-registered JMX Bean with object name Ratis:service=RaftServer,group=group-53364E9DAC19,id=43ecf24d-7403-4a92-903b-bd0d080d9eca
2019-09-24 04:21:38,628 [ForkJoinPool.commonPool-worker-0] INFO  util.JmxRegister (JmxRegister.java:unregister(73)) - Successfully un-registered JMX Bean with object name Ratis:service=RaftServer,group=group-5367271002A7,id=e615c22a-d22b-4b15-9ed2-177ac0ba27c8
2019-09-24 04:21:38,628 [main] INFO  impl.RoleInfo (RoleInfo.java:shutdownLeaderState(104)) - 43ecf24d-7403-4a92-903b-bd0d080d9eca: shutdown LeaderState
2019-09-24 04:21:38,629 [ForkJoinPool.commonPool-worker-0] INFO  impl.RoleInfo (RoleInfo.java:shutdownFollowerState(121)) - e615c22a-d22b-4b15-9ed2-177ac0ba27c8: shutdown FollowerState
2019-09-24 04:21:38,629 [main] INFO  impl.PendingRequests (PendingRequests.java:sendNotLeaderResponses(202)) - 43ecf24d-7403-4a92-903b-bd0d080d9eca-PendingRequests: sendNotLeaderResponses
2019-09-24 04:21:38,629 [ForkJoinPool.commonPool-worker-0] INFO  impl.StateMachineUpdater (StateMachineUpdater.java:stopAndJoin(125)) - e615c22a-d22b-4b15-9ed2-177ac0ba27c8@group-5367271002A7-StateMachineUpdater: set stopIndex = 17
2019-09-24 04:21:38,630 [main] INFO  impl.StateMachineUpdater (StateMachineUpdater.java:stopAndJoin(125)) - 43ecf24d-7403-4a92-903b-bd0d080d9eca@group-53364E9DAC19-StateMachineUpdater: set stopIndex = 0
2019-09-24 04:21:38,629 [Thread-3308] INFO  impl.FollowerState (FollowerState.java:run(115)) - e615c22a-d22b-4b15-9ed2-177ac0ba27c8: FollowerState was interrupted: java.lang.InterruptedException: sleep interrupted
2019-09-24 04:21:38,629 [e615c22a-d22b-4b15-9ed2-177ac0ba27c8@group-5367271002A7-StateMachineUpdater] INFO  ratis.ContainerStateMachine (ContainerStateMachine.java:takeSnapshot(289)) - group-5367271002A7: Taking a snapshot at:(t:1, i:13) file /workdir/hadoop-ozone/integration-test/target/test-dir/MiniOzoneClusterImpl-70ed5c72-7c79-4e50-93d4-710ad6ee9320/datanode-1/data/ratis/0a412a69-75ec-432a-b23d-5367271002a7/sm/snapshot.1_13
2019-09-24 04:21:38,630 [main] INFO  impl.RaftServerImpl (ServerState.java:close(385)) - 43ecf24d-7403-4a92-903b-bd0d080d9eca@group-53364E9DAC19: closes. applyIndex: 0
2019-09-24 04:21:38,633 [43ecf24d-7403-4a92-903b-bd0d080d9eca@group-53364E9DAC19-SegmentedRaftLogWorker] INFO  segmented.SegmentedRaftLogWorker (SegmentedRaftLogWorker.java:run(313)) - 43ecf24d-7403-4a92-903b-bd0d080d9eca@group-53364E9DAC19-SegmentedRaftLogWorker was interrupted, exiting. There are 0 tasks remaining in the queue.
2019-09-24 04:21:38,634 [main] INFO  segmented.SegmentedRaftLogWorker (SegmentedRaftLogWorker.java:close(228)) - 43ecf24d-7403-4a92-903b-bd0d080d9eca@group-53364E9DAC19-SegmentedRaftLogWorker close()
2019-09-24 04:21:38,637 [main] INFO  impl.RaftServerImpl (RaftServerImpl.java:lambda$shutdown$3(251)) - 43ecf24d-7403-4a92-903b-bd0d080d9eca@group-5C556B373B53: shutdown
2019-09-24 04:21:38,637 [main] INFO  util.JmxRegister (JmxRegister.java:unregister(73)) - Successfully un-registered JMX Bean with object name Ratis:service=RaftServer,group=group-5C556B373B53,id=43ecf24d-7403-4a92-903b-bd0d080d9eca
2019-09-24 04:21:38,638 [main] INFO  impl.RoleInfo (RoleInfo.java:shutdownFollowerState(121)) - 43ecf24d-7403-4a92-903b-bd0d080d9eca: shutdown FollowerState
2019-09-24 04:21:38,638 [main] INFO  impl.StateMachineUpdater (StateMachineUpdater.java:stopAndJoin(125)) - 43ecf24d-7403-4a92-903b-bd0d080d9eca@group-5C556B373B53-StateMachineUpdater: set stopIndex = 15
2019-09-24 04:21:38,638 [Thread-3262] INFO  impl.FollowerState (FollowerState.java:run(115)) - 43ecf24d-7403-4a92-903b-bd0d080d9eca: FollowerState was interrupted: java.lang.InterruptedException: sleep interrupted
2019-09-24 04:21:38,638 [43ecf24d-7403-4a92-903b-bd0d080d9eca@group-5C556B373B53-StateMachineUpdater] INFO  ratis.ContainerStateMachine (ContainerStateMachine.java:takeSnapshot(289)) - group-5C556B373B53: Taking a snapshot at:(t:2, i:13) file /workdir/hadoop-ozone/integration-test/target/test-dir/MiniOzoneClusterImpl-70ed5c72-7c79-4e50-93d4-710ad6ee9320/datanode-4/data/ratis/3dd83e0d-84fc-43de-b71d-5c556b373b53/sm/snapshot.2_13
2019-09-24 04:21:38,646 [43ecf24d-7403-4a92-903b-bd0d080d9eca@group-5C556B373B53-StateMachineUpdater] INFO  ratis.ContainerStateMachine (ContainerStateMachine.java:takeSnapshot(300)) - group-5C556B373B53: Finished taking a snapshot at:(t:2, i:13) file:/workdir/hadoop-ozone/integration-test/target/test-dir/MiniOzoneClusterImpl-70ed5c72-7c79-4e50-93d4-710ad6ee9320/datanode-4/data/ratis/3dd83e0d-84fc-43de-b71d-5c556b373b53/sm/snapshot.2_13 time:7
2019-09-24 04:21:38,646 [e615c22a-d22b-4b15-9ed2-177ac0ba27c8@group-5367271002A7-StateMachineUpdater] INFO  ratis.ContainerStateMachine (ContainerStateMachine.java:takeSnapshot(300)) - group-5367271002A7: Finished taking a snapshot at:(t:1, i:13) file:/workdir/hadoop-ozone/integration-test/target/test-dir/MiniOzoneClusterImpl-70ed5c72-7c79-4e50-93d4-710ad6ee9320/datanode-1/data/ratis/0a412a69-75ec-432a-b23d-5367271002a7/sm/snapshot.1_13 time:16
2019-09-24 04:21:38,646 [43ecf24d-7403-4a92-903b-bd0d080d9eca@group-5C556B373B53-StateMachineUpdater] INFO  impl.StateMachineUpdater (StateMachineUpdater.java:takeSnapshot(258)) - 43ecf24d-7403-4a92-903b-bd0d080d9eca@group-5C556B373B53-StateMachineUpdater: Took a snapshot at index 13
2019-09-24 04:21:38,646 [43ecf24d-7403-4a92-903b-bd0d080d9eca@group-5C556B373B53-StateMachineUpdater] INFO  impl.StateMachineUpdater (StateMachineUpdater.java:lambda$new$0(83)) - 43ecf24d-7403-4a92-903b-bd0d080d9eca@group-5C556B373B53-StateMachineUpdater: snapshotIndex: updateIncreasingly -1 -> 13
2019-09-24 04:21:38,646 [e615c22a-d22b-4b15-9ed2-177ac0ba27c8@group-5367271002A7-StateMachineUpdater] INFO  impl.StateMachineUpdater (StateMachineUpdater.java:takeSnapshot(258)) - e615c22a-d22b-4b15-9ed2-177ac0ba27c8@group-5367271002A7-StateMachineUpdater: Took a snapshot at index 13
2019-09-24 04:21:38,646 [e615c22a-d22b-4b15-9ed2-177ac0ba27c8@group-5367271002A7-StateMachineUpdater] INFO  impl.StateMachineUpdater (StateMachineUpdater.java:lambda$new$0(83)) - e615c22a-d22b-4b15-9ed2-177ac0ba27c8@group-5367271002A7-StateMachineUpdater: snapshotIndex: updateIncreasingly -1 -> 13
2019-09-24 04:21:38,646 [43ecf24d-7403-4a92-903b-bd0d080d9eca@group-5C556B373B53-StateMachineUpdater] INFO  ratis.ContainerStateMachine (ContainerStateMachine.java:takeSnapshot(289)) - group-5C556B373B53: Taking a snapshot at:(t:2, i:13) file /workdir/hadoop-ozone/integration-test/target/test-dir/MiniOzoneClusterImpl-70ed5c72-7c79-4e50-93d4-710ad6ee9320/datanode-4/data/ratis/3dd83e0d-84fc-43de-b71d-5c556b373b53/sm/snapshot.2_13
2019-09-24 04:21:38,647 [e615c22a-d22b-4b15-9ed2-177ac0ba27c8@group-5367271002A7-StateMachineUpdater] INFO  ratis.ContainerStateMachine (ContainerStateMachine.java:takeSnapshot(289)) - group-5367271002A7: Taking a snapshot at:(t:1, i:13) file /workdir/hadoop-ozone/integration-test/target/test-dir/MiniOzoneClusterImpl-70ed5c72-7c79-4e50-93d4-710ad6ee9320/datanode-1/data/ratis/0a412a69-75ec-432a-b23d-5367271002a7/sm/snapshot.1_13
2019-09-24 04:21:38,660 [43ecf24d-7403-4a92-903b-bd0d080d9eca@group-5C556B373B53-StateMachineUpdater] INFO  ratis.ContainerStateMachine (ContainerStateMachine.java:takeSnapshot(300)) - group-5C556B373B53: Finished taking a snapshot at:(t:2, i:13) file:/workdir/hadoop-ozone/integration-test/target/test-dir/MiniOzoneClusterImpl-70ed5c72-7c79-4e50-93d4-710ad6ee9320/datanode-4/data/ratis/3dd83e0d-84fc-43de-b71d-5c556b373b53/sm/snapshot.2_13 time:13
2019-09-24 04:21:38,660 [e615c22a-d22b-4b15-9ed2-177ac0ba27c8@group-5367271002A7-StateMachineUpdater] INFO  ratis.ContainerStateMachine (ContainerStateMachine.java:takeSnapshot(300)) - group-5367271002A7: Finished taking a snapshot at:(t:1, i:13) file:/workdir/hadoop-ozone/integration-test/target/test-dir/MiniOzoneClusterImpl-70ed5c72-7c79-4e50-93d4-710ad6ee9320/datanode-1/data/ratis/0a412a69-75ec-432a-b23d-5367271002a7/sm/snapshot.1_13 time:13
2019-09-24 04:21:38,660 [43ecf24d-7403-4a92-903b-bd0d080d9eca@group-5C556B373B53-StateMachineUpdater] INFO  impl.StateMachineUpdater (StateMachineUpdater.java:takeSnapshot(258)) - 43ecf24d-7403-4a92-903b-bd0d080d9eca@group-5C556B373B53-StateMachineUpdater: Took a snapshot at index 13
2019-09-24 04:21:38,660 [43ecf24d-7403-4a92-903b-bd0d080d9eca@group-5C556B373B53-StateMachineUpdater] INFO  impl.StateMachineUpdater (StateMachineUpdater.java:lambda$new$0(83)) - 43ecf24d-7403-4a92-903b-bd0d080d9eca@group-5C556B373B53-StateMachineUpdater: snapshotIndex: updateIncreasingly 13 -> 13
2019-09-24 04:21:38,660 [e615c22a-d22b-4b15-9ed2-177ac0ba27c8@group-5367271002A7-StateMachineUpdater] INFO  impl.StateMachineUpdater (StateMachineUpdater.java:takeSnapshot(258)) - e615c22a-d22b-4b15-9ed2-177ac0ba27c8@group-5367271002A7-StateMachineUpdater: Took a snapshot at index 13
2019-09-24 04:21:38,660 [main] INFO  impl.RaftServerImpl (ServerState.java:close(385)) - 43ecf24d-7403-4a92-903b-bd0d080d9eca@group-5C556B373B53: closes. applyIndex: 15
2019-09-24 04:21:38,660 [e615c22a-d22b-4b15-9ed2-177ac0ba27c8@group-5367271002A7-StateMachineUpdater] INFO  impl.StateMachineUpdater (StateMachineUpdater.java:lambda$new$0(83)) - e615c22a-d22b-4b15-9ed2-177ac0ba27c8@group-5367271002A7-StateMachineUpdater: snapshotIndex: updateIncreasingly 13 -> 13
2019-09-24 04:21:38,661 [43ecf24d-7403-4a92-903b-bd0d080d9eca@group-5C556B373B53-SegmentedRaftLogWorker] INFO  segmented.SegmentedRaftLogWorker (SegmentedRaftLogWorker.java:run(313)) - 43ecf24d-7403-4a92-903b-bd0d080d9eca@group-5C556B373B53-SegmentedRaftLogWorker was interrupted, exiting. There are 0 tasks remaining in the queue.
2019-09-24 04:21:38,661 [ForkJoinPool.commonPool-worker-0] INFO  impl.RaftServerImpl (ServerState.java:close(385)) - e615c22a-d22b-4b15-9ed2-177ac0ba27c8@group-5367271002A7: closes. applyIndex: 17
2019-09-24 04:21:38,662 [main] INFO  segmented.SegmentedRaftLogWorker (SegmentedRaftLogWorker.java:close(228)) - 43ecf24d-7403-4a92-903b-bd0d080d9eca@group-5C556B373B53-SegmentedRaftLogWorker close()
2019-09-24 04:21:38,662 [e615c22a-d22b-4b15-9ed2-177ac0ba27c8@group-5367271002A7-SegmentedRaftLogWorker] INFO  segmented.SegmentedRaftLogWorker (SegmentedRaftLogWorker.java:run(313)) - e615c22a-d22b-4b15-9ed2-177ac0ba27c8@group-5367271002A7-SegmentedRaftLogWorker was interrupted, exiting. There are 0 tasks remaining in the queue.
2019-09-24 04:21:38,665 [main] INFO  server.GrpcService (GrpcService.java:closeImpl(164)) - 43ecf24d-7403-4a92-903b-bd0d080d9eca: shutdown server with port 40415 now
2019-09-24 04:21:38,667 [ForkJoinPool.commonPool-worker-0] INFO  segmented.SegmentedRaftLogWorker (SegmentedRaftLogWorker.java:close(228)) - e615c22a-d22b-4b15-9ed2-177ac0ba27c8@group-5367271002A7-SegmentedRaftLogWorker close()
2019-09-24 04:21:38,669 [ForkJoinPool.commonPool-worker-0] INFO  impl.RaftServerImpl (RaftServerImpl.java:lambda$shutdown$3(251)) - e615c22a-d22b-4b15-9ed2-177ac0ba27c8@group-4BE1D04B4BD0: shutdown
2019-09-24 04:21:38,670 [ForkJoinPool.commonPool-worker-0] INFO  util.JmxRegister (JmxRegister.java:unregister(73)) - Successfully un-registered JMX Bean with object name Ratis:service=RaftServer,group=group-4BE1D04B4BD0,id=e615c22a-d22b-4b15-9ed2-177ac0ba27c8
2019-09-24 04:21:38,670 [ForkJoinPool.commonPool-worker-0] INFO  impl.RoleInfo (RoleInfo.java:shutdownLeaderState(104)) - e615c22a-d22b-4b15-9ed2-177ac0ba27c8: shutdown LeaderState
2019-09-24 04:21:38,670 [ForkJoinPool.commonPool-worker-0] INFO  impl.PendingRequests (PendingRequests.java:sendNotLeaderResponses(202)) - e615c22a-d22b-4b15-9ed2-177ac0ba27c8-PendingRequests: sendNotLeaderResponses
2019-09-24 04:21:38,670 [ForkJoinPool.commonPool-worker-0] INFO  impl.StateMachineUpdater (StateMachineUpdater.java:stopAndJoin(125)) - e615c22a-d22b-4b15-9ed2-177ac0ba27c8@group-4BE1D04B4BD0-StateMachineUpdater: set stopIndex = 0
2019-09-24 04:21:38,672 [grpc-default-executor-7] WARN  server.GrpcServerProtocolService (LogUtils.java:warn(134)) - 43ecf24d-7403-4a92-903b-bd0d080d9eca: installSnapshot onError, lastRequest: 6e4d579b-45b2-4620-be61-729cd2425cf8->43ecf24d-7403-4a92-903b-bd0d080d9eca#23-t2, previous=(t:2, i:15), leaderCommit=15, initializing? false, entries: <empty>: org.apache.ratis.thirdparty.io.grpc.StatusRuntimeException: CANCELLED: cancelled before receiving half close
2019-09-24 04:21:38,672 [main] INFO  server.GrpcService (GrpcService.java:closeImpl(172)) - 43ecf24d-7403-4a92-903b-bd0d080d9eca: shutdown server with port 40415 successfully
2019-09-24 04:21:38,672 [ForkJoinPool.commonPool-worker-0] INFO  impl.RaftServerImpl (ServerState.java:close(385)) - e615c22a-d22b-4b15-9ed2-177ac0ba27c8@group-4BE1D04B4BD0: closes. applyIndex: 0
2019-09-24 04:21:38,673 [grpc-default-executor-5] WARN  server.GrpcLogAppender (LogUtils.java:warn(134)) - 6e4d579b-45b2-4620-be61-729cd2425cf8@group-5C556B373B53->43ecf24d-7403-4a92-903b-bd0d080d9eca-AppendLogResponseHandler: Failed appendEntries: org.apache.ratis.thirdparty.io.grpc.StatusRuntimeException: CANCELLED: HTTP/2 error code: CANCEL
Received Rst Stream
2019-09-24 04:21:38,673 [e615c22a-d22b-4b15-9ed2-177ac0ba27c8@group-4BE1D04B4BD0-SegmentedRaftLogWorker] INFO  segmented.SegmentedRaftLogWorker (SegmentedRaftLogWorker.java:run(313)) - e615c22a-d22b-4b15-9ed2-177ac0ba27c8@group-4BE1D04B4BD0-SegmentedRaftLogWorker was interrupted, exiting. There are 0 tasks remaining in the queue.
2019-09-24 04:21:38,673 [grpc-default-executor-5] INFO  impl.FollowerInfo (FollowerInfo.java:lambda$new$0(51)) - 6e4d579b-45b2-4620-be61-729cd2425cf8@group-5C556B373B53->43ecf24d-7403-4a92-903b-bd0d080d9eca: nextIndex: updateUnconditionally 16 -> 15
2019-09-24 04:21:38,675 [ForkJoinPool.commonPool-worker-0] INFO  segmented.SegmentedRaftLogWorker (SegmentedRaftLogWorker.java:close(228)) - e615c22a-d22b-4b15-9ed2-177ac0ba27c8@group-4BE1D04B4BD0-SegmentedRaftLogWorker close()
2019-09-24 04:21:38,678 [ForkJoinPool.commonPool-worker-0] INFO  server.GrpcService (GrpcService.java:closeImpl(164)) - e615c22a-d22b-4b15-9ed2-177ac0ba27c8: shutdown server with port 43703 now
2019-09-24 04:21:38,680 [grpc-default-executor-5] WARN  server.GrpcServerProtocolService (LogUtils.java:warn(134)) - e615c22a-d22b-4b15-9ed2-177ac0ba27c8: installSnapshot onError, lastRequest: d7be0fc0-2c06-465f-bb8d-ff37d07082c9->e615c22a-d22b-4b15-9ed2-177ac0ba27c8#5-t3, previous=(t:3, i:17), leaderCommit=17, initializing? false, entries: <empty>: org.apache.ratis.thirdparty.io.grpc.StatusRuntimeException: CANCELLED: cancelled before receiving half close
2019-09-24 04:21:38,680 [ForkJoinPool.commonPool-worker-0] INFO  server.GrpcService (GrpcService.java:closeImpl(172)) - e615c22a-d22b-4b15-9ed2-177ac0ba27c8: shutdown server with port 43703 successfully
2019-09-24 04:21:38,681 [grpc-default-executor-10] WARN  server.GrpcLogAppender (LogUtils.java:warn(134)) - d7be0fc0-2c06-465f-bb8d-ff37d07082c9@group-5367271002A7->e615c22a-d22b-4b15-9ed2-177ac0ba27c8-AppendLogResponseHandler: Failed appendEntries: org.apache.ratis.thirdparty.io.grpc.StatusRuntimeException: CANCELLED: HTTP/2 error code: CANCEL
Received Rst Stream
2019-09-24 04:21:38,681 [grpc-default-executor-10] INFO  impl.FollowerInfo (FollowerInfo.java:lambda$new$0(51)) - d7be0fc0-2c06-465f-bb8d-ff37d07082c9@group-5367271002A7->e615c22a-d22b-4b15-9ed2-177ac0ba27c8: nextIndex: updateUnconditionally 18 -> 17
2019-09-24 04:21:38,683 [refreshUsed-/workdir/hadoop-ozone/integration-test/target/test-dir/MiniOzoneClusterImpl-70ed5c72-7c79-4e50-93d4-710ad6ee9320/datanode-1/data/containers] WARN  fs.CachingGetSpaceUsed (CachingGetSpaceUsed.java:run(183)) - Thread Interrupted waiting to refresh disk information: sleep interrupted
2019-09-24 04:21:38,684 [refreshUsed-/workdir/hadoop-ozone/integration-test/target/test-dir/MiniOzoneClusterImpl-70ed5c72-7c79-4e50-93d4-710ad6ee9320/datanode-4/data/containers] WARN  fs.CachingGetSpaceUsed (CachingGetSpaceUsed.java:run(183)) - Thread Interrupted waiting to refresh disk information: sleep interrupted
2019-09-24 04:21:38,704 [main] INFO  utils.BackgroundService (BackgroundService.java:shutdown(148)) - Shutting down service BlockDeletingService
2019-09-24 04:21:38,709 [main] INFO  statemachine.DatanodeStateMachine (DatanodeStateMachine.java:stopDaemon(401)) - Ozone container server stopped.
2019-09-24 04:21:38,709 [ForkJoinPool.commonPool-worker-0] INFO  utils.BackgroundService (BackgroundService.java:shutdown(148)) - Shutting down service BlockDeletingService
2019-09-24 04:21:38,713 [ForkJoinPool.commonPool-worker-0] INFO  statemachine.DatanodeStateMachine (DatanodeStateMachine.java:stopDaemon(401)) - Ozone container server stopped.
2019-09-24 04:21:38,716 [main] INFO  handler.ContextHandler (ContextHandler.java:doStop(910)) - Stopped o.e.j.w.WebAppContext@33e3bd2e{/,null,UNAVAILABLE}{/hddsDatanode}
2019-09-24 04:21:38,719 [ForkJoinPool.commonPool-worker-0] INFO  handler.ContextHandler (ContextHandler.java:doStop(910)) - Stopped o.e.j.w.WebAppContext@50cdfafa{/,null,UNAVAILABLE}{/hddsDatanode}
2019-09-24 04:21:38,720 [main] INFO  server.AbstractConnector (AbstractConnector.java:doStop(318)) - Stopped ServerConnector@646d810b{HTTP/1.1,[http/1.1]}{0.0.0.0:0}
2019-09-24 04:21:38,720 [ForkJoinPool.commonPool-worker-0] INFO  server.AbstractConnector (AbstractConnector.java:doStop(318)) - Stopped ServerConnector@2e952845{HTTP/1.1,[http/1.1]}{0.0.0.0:0}
2019-09-24 04:21:38,722 [main] INFO  handler.ContextHandler (ContextHandler.java:doStop(910)) - Stopped o.e.j.s.ServletContextHandler@67c6f4d8{/static,jar:file:/home/user/.m2/repository/org/apache/hadoop/hadoop-hdds-container-service/0.5.0-SNAPSHOT/hadoop-hdds-container-service-0.5.0-SNAPSHOT.jar!/webapps/static,UNAVAILABLE}
2019-09-24 04:21:38,722 [ForkJoinPool.commonPool-worker-0] INFO  handler.ContextHandler (ContextHandler.java:doStop(910)) - Stopped o.e.j.s.ServletContextHandler@231df705{/static,jar:file:/home/user/.m2/repository/org/apache/hadoop/hadoop-hdds-container-service/0.5.0-SNAPSHOT/hadoop-hdds-container-service-0.5.0-SNAPSHOT.jar!/webapps/static,UNAVAILABLE}
2019-09-24 04:21:38,722 [main] INFO  handler.ContextHandler (ContextHandler.java:doStop(910)) - Stopped o.e.j.s.ServletContextHandler@87f501f{/logs,file:///workdir/hadoop-ozone/integration-test/target/log,UNAVAILABLE}
2019-09-24 04:21:38,724 [ForkJoinPool.commonPool-worker-0] INFO  handler.ContextHandler (ContextHandler.java:doStop(910)) - Stopped o.e.j.s.ServletContextHandler@a91119b{/logs,file:///workdir/hadoop-ozone/integration-test/target/log,UNAVAILABLE}
2019-09-24 04:21:38,848 [Datanode State Machine Thread - 0] INFO  statemachine.DatanodeStateMachine (DatanodeStateMachine.java:lambda$startDaemon$0(356)) - Ozone container server started.
2019-09-24 04:21:39,224 [Datanode State Machine Thread - 0] INFO  statemachine.DatanodeStateMachine (DatanodeStateMachine.java:lambda$startDaemon$0(356)) - Ozone container server started.
2019-09-24 04:21:39,585 [grpc-default-executor-7] WARN  server.GrpcLogAppender (LogUtils.java:warn(134)) - d7be0fc0-2c06-465f-bb8d-ff37d07082c9@group-5367271002A7->ef134360-ccd0-45a6-96d7-cad815354eed-AppendLogResponseHandler: Failed appendEntries: org.apache.ratis.thirdparty.io.grpc.StatusRuntimeException: UNAVAILABLE: io exception
2019-09-24 04:21:39,585 [grpc-default-executor-7] INFO  impl.FollowerInfo (FollowerInfo.java:lambda$new$0(51)) - d7be0fc0-2c06-465f-bb8d-ff37d07082c9@group-5367271002A7->ef134360-ccd0-45a6-96d7-cad815354eed: nextIndex: updateUnconditionally 0 -> 0
2019-09-24 04:21:39,586 [grpc-default-executor-7] WARN  server.GrpcLogAppender (LogUtils.java:warn(134)) - d7be0fc0-2c06-465f-bb8d-ff37d07082c9@group-5367271002A7->e615c22a-d22b-4b15-9ed2-177ac0ba27c8-AppendLogResponseHandler: Failed appendEntries: org.apache.ratis.thirdparty.io.grpc.StatusRuntimeException: UNAVAILABLE: io exception
2019-09-24 04:21:39,586 [grpc-default-executor-7] INFO  impl.FollowerInfo (FollowerInfo.java:lambda$new$0(51)) - d7be0fc0-2c06-465f-bb8d-ff37d07082c9@group-5367271002A7->e615c22a-d22b-4b15-9ed2-177ac0ba27c8: nextIndex: updateUnconditionally 17 -> 16
2019-09-24 04:21:41,064 [grpc-default-executor-5] WARN  server.GrpcLogAppender (LogUtils.java:warn(134)) - 6e4d579b-45b2-4620-be61-729cd2425cf8@group-5C556B373B53->43ecf24d-7403-4a92-903b-bd0d080d9eca-AppendLogResponseHandler: Failed appendEntries: org.apache.ratis.thirdparty.io.grpc.StatusRuntimeException: UNAVAILABLE: io exception
2019-09-24 04:21:41,064 [grpc-default-executor-5] INFO  impl.FollowerInfo (FollowerInfo.java:lambda$new$0(51)) - 6e4d579b-45b2-4620-be61-729cd2425cf8@group-5C556B373B53->43ecf24d-7403-4a92-903b-bd0d080d9eca: nextIndex: updateUnconditionally 15 -> 14
2019-09-24 04:21:42,086 [grpc-default-executor-5] WARN  server.GrpcLogAppender (LogUtils.java:warn(134)) - d7be0fc0-2c06-465f-bb8d-ff37d07082c9@group-5367271002A7->ef134360-ccd0-45a6-96d7-cad815354eed-AppendLogResponseHandler: Failed appendEntries: org.apache.ratis.thirdparty.io.grpc.StatusRuntimeException: UNAVAILABLE: io exception
2019-09-24 04:21:42,086 [grpc-default-executor-5] INFO  impl.FollowerInfo (FollowerInfo.java:lambda$new$0(51)) - d7be0fc0-2c06-465f-bb8d-ff37d07082c9@group-5367271002A7->ef134360-ccd0-45a6-96d7-cad815354eed: nextIndex: updateUnconditionally 0 -> 0
2019-09-24 04:21:42,087 [grpc-default-executor-8] WARN  server.GrpcLogAppender (LogUtils.java:warn(134)) - d7be0fc0-2c06-465f-bb8d-ff37d07082c9@group-5367271002A7->e615c22a-d22b-4b15-9ed2-177ac0ba27c8-AppendLogResponseHandler: Failed appendEntries: org.apache.ratis.thirdparty.io.grpc.StatusRuntimeException: UNAVAILABLE: io exception
2019-09-24 04:21:42,087 [grpc-default-executor-8] INFO  impl.FollowerInfo (FollowerInfo.java:lambda$new$0(51)) - d7be0fc0-2c06-465f-bb8d-ff37d07082c9@group-5367271002A7->e615c22a-d22b-4b15-9ed2-177ac0ba27c8: nextIndex: updateUnconditionally 16 -> 15
2019-09-24 04:21:42,940 [EventQueue-StaleNodeForStaleNodeHandler] INFO  node.StaleNodeHandler (StaleNodeHandler.java:onMessage(58)) - Datanode 6e4d579b-45b2-4620-be61-729cd2425cf8{ip: 192.168.151.75, host: pr-hdds-2034-r6745-1453098948, networkLocation: /default-rack, certSerialId: null} moved to stale state. Finalizing its pipelines [PipelineID=adbf3db4-836f-44db-b4a9-0ef5f165b4b4, PipelineID=3dd83e0d-84fc-43de-b71d-5c556b373b53]
2019-09-24 04:21:42,941 [EventQueue-StaleNodeForStaleNodeHandler] INFO  pipeline.SCMPipelineManager (SCMPipelineManager.java:finalizeAndDestroyPipeline(348)) - destroying pipeline:Pipeline[ Id: adbf3db4-836f-44db-b4a9-0ef5f165b4b4, Nodes: 6e4d579b-45b2-4620-be61-729cd2425cf8{ip: 192.168.151.75, host: pr-hdds-2034-r6745-1453098948, networkLocation: /default-rack, certSerialId: null}, Type:RATIS, Factor:ONE, State:OPEN]
2019-09-24 04:21:42,942 [EventQueue-StaleNodeForStaleNodeHandler] INFO  pipeline.PipelineStateManager (PipelineStateManager.java:finalizePipeline(123)) - Pipeline Pipeline[ Id: adbf3db4-836f-44db-b4a9-0ef5f165b4b4, Nodes: 6e4d579b-45b2-4620-be61-729cd2425cf8{ip: 192.168.151.75, host: pr-hdds-2034-r6745-1453098948, networkLocation: /default-rack, certSerialId: null}, Type:RATIS, Factor:ONE, State:CLOSED] moved to CLOSED state
2019-09-24 04:21:42,942 [EventQueue-StaleNodeForStaleNodeHandler] INFO  pipeline.SCMPipelineManager (SCMPipelineManager.java:finalizeAndDestroyPipeline(348)) - destroying pipeline:Pipeline[ Id: 3dd83e0d-84fc-43de-b71d-5c556b373b53, Nodes: 43ecf24d-7403-4a92-903b-bd0d080d9eca{ip: 192.168.151.75, host: pr-hdds-2034-r6745-1453098948, networkLocation: /default-rack, certSerialId: null}6e4d579b-45b2-4620-be61-729cd2425cf8{ip: 192.168.151.75, host: pr-hdds-2034-r6745-1453098948, networkLocation: /default-rack, certSerialId: null}e7f42ddf-a327-4ac1-a3b9-ef80a1bb28b5{ip: 192.168.151.75, host: pr-hdds-2034-r6745-1453098948, networkLocation: /default-rack, certSerialId: null}, Type:RATIS, Factor:THREE, State:CLOSED]
2019-09-24 04:21:43,240 [EventQueue-StaleNodeForStaleNodeHandler] INFO  node.StaleNodeHandler (StaleNodeHandler.java:onMessage(58)) - Datanode d7be0fc0-2c06-465f-bb8d-ff37d07082c9{ip: 192.168.151.75, host: pr-hdds-2034-r6745-1453098948, networkLocation: /default-rack, certSerialId: null} moved to stale state. Finalizing its pipelines [PipelineID=0a412a69-75ec-432a-b23d-5367271002a7, PipelineID=776e0871-20f8-4d9a-af15-974e78ec1bb3]
2019-09-24 04:21:43,241 [EventQueue-StaleNodeForStaleNodeHandler] INFO  pipeline.SCMPipelineManager (SCMPipelineManager.java:finalizeAndDestroyPipeline(348)) - destroying pipeline:Pipeline[ Id: 0a412a69-75ec-432a-b23d-5367271002a7, Nodes: ef134360-ccd0-45a6-96d7-cad815354eed{ip: 192.168.151.75, host: pr-hdds-2034-r6745-1453098948, networkLocation: /default-rack, certSerialId: null}d7be0fc0-2c06-465f-bb8d-ff37d07082c9{ip: 192.168.151.75, host: pr-hdds-2034-r6745-1453098948, networkLocation: /default-rack, certSerialId: null}e615c22a-d22b-4b15-9ed2-177ac0ba27c8{ip: 192.168.151.75, host: pr-hdds-2034-r6745-1453098948, networkLocation: /default-rack, certSerialId: null}, Type:RATIS, Factor:THREE, State:CLOSED]
2019-09-24 04:21:43,241 [EventQueue-StaleNodeForStaleNodeHandler] INFO  pipeline.SCMPipelineManager (SCMPipelineManager.java:finalizeAndDestroyPipeline(348)) - destroying pipeline:Pipeline[ Id: 776e0871-20f8-4d9a-af15-974e78ec1bb3, Nodes: d7be0fc0-2c06-465f-bb8d-ff37d07082c9{ip: 192.168.151.75, host: pr-hdds-2034-r6745-1453098948, networkLocation: /default-rack, certSerialId: null}, Type:RATIS, Factor:ONE, State:OPEN]
2019-09-24 04:21:43,241 [EventQueue-StaleNodeForStaleNodeHandler] INFO  pipeline.PipelineStateManager (PipelineStateManager.java:finalizePipeline(123)) - Pipeline Pipeline[ Id: 776e0871-20f8-4d9a-af15-974e78ec1bb3, Nodes: d7be0fc0-2c06-465f-bb8d-ff37d07082c9{ip: 192.168.151.75, host: pr-hdds-2034-r6745-1453098948, networkLocation: /default-rack, certSerialId: null}, Type:RATIS, Factor:ONE, State:CLOSED] moved to CLOSED state
2019-09-24 04:21:43,568 [grpc-default-executor-5] WARN  server.GrpcLogAppender (LogUtils.java:warn(134)) - 6e4d579b-45b2-4620-be61-729cd2425cf8@group-5C556B373B53->43ecf24d-7403-4a92-903b-bd0d080d9eca-AppendLogResponseHandler: Failed appendEntries: org.apache.ratis.thirdparty.io.grpc.StatusRuntimeException: UNAVAILABLE: io exception
2019-09-24 04:21:43,575 [grpc-default-executor-5] INFO  impl.FollowerInfo (FollowerInfo.java:lambda$new$0(51)) - 6e4d579b-45b2-4620-be61-729cd2425cf8@group-5C556B373B53->43ecf24d-7403-4a92-903b-bd0d080d9eca: nextIndex: updateUnconditionally 14 -> 13
2019-09-24 04:21:43,726 [main] INFO  ozoneimpl.OzoneContainer (OzoneContainer.java:stop(231)) - Attempting to stop container services.
2019-09-24 04:21:43,726 [ForkJoinPool.commonPool-worker-0] INFO  ozoneimpl.OzoneContainer (OzoneContainer.java:stop(231)) - Attempting to stop container services.
2019-09-24 04:21:43,728 [main] INFO  impl.RaftServerProxy (RaftServerProxy.java:lambda$close$4(314)) - 6e4d579b-45b2-4620-be61-729cd2425cf8: close
2019-09-24 04:21:43,728 [ForkJoinPool.commonPool-worker-0] INFO  impl.RaftServerProxy (RaftServerProxy.java:lambda$close$4(314)) - d7be0fc0-2c06-465f-bb8d-ff37d07082c9: close
2019-09-24 04:21:43,729 [main] INFO  impl.RaftServerImpl (RaftServerImpl.java:lambda$shutdown$3(251)) - 6e4d579b-45b2-4620-be61-729cd2425cf8@group-0EF5F165B4B4: shutdown
2019-09-24 04:21:43,729 [ForkJoinPool.commonPool-worker-0] INFO  impl.RaftServerImpl (RaftServerImpl.java:lambda$shutdown$3(251)) - d7be0fc0-2c06-465f-bb8d-ff37d07082c9@group-5367271002A7: shutdown
2019-09-24 04:21:43,729 [main] INFO  util.JmxRegister (JmxRegister.java:unregister(73)) - Successfully un-registered JMX Bean with object name Ratis:service=RaftServer,group=group-0EF5F165B4B4,id=6e4d579b-45b2-4620-be61-729cd2425cf8
2019-09-24 04:21:43,729 [ForkJoinPool.commonPool-worker-0] INFO  util.JmxRegister (JmxRegister.java:unregister(73)) - Successfully un-registered JMX Bean with object name Ratis:service=RaftServer,group=group-5367271002A7,id=d7be0fc0-2c06-465f-bb8d-ff37d07082c9
2019-09-24 04:21:43,730 [main] INFO  impl.RoleInfo (RoleInfo.java:shutdownLeaderState(104)) - 6e4d579b-45b2-4620-be61-729cd2425cf8: shutdown LeaderState
2019-09-24 04:21:43,730 [ForkJoinPool.commonPool-worker-0] INFO  impl.RoleInfo (RoleInfo.java:shutdownLeaderState(104)) - d7be0fc0-2c06-465f-bb8d-ff37d07082c9: shutdown LeaderState
2019-09-24 04:21:43,730 [main] INFO  impl.PendingRequests (PendingRequests.java:sendNotLeaderResponses(202)) - 6e4d579b-45b2-4620-be61-729cd2425cf8-PendingRequests: sendNotLeaderResponses
2019-09-24 04:21:43,735 [org.apache.ratis.server.impl.LogAppender$AppenderDaemon$$Lambda$892/1069341555@27c78726] WARN  server.GrpcLogAppender (GrpcLogAppender.java:mayWait(143)) - d7be0fc0-2c06-465f-bb8d-ff37d07082c9@group-5367271002A7->ef134360-ccd0-45a6-96d7-cad815354eed-GrpcLogAppender: Wait interrupted by java.lang.InterruptedException
2019-09-24 04:21:43,735 [org.apache.ratis.server.impl.LogAppender$AppenderDaemon$$Lambda$892/1069341555@3b4c55cb] WARN  server.GrpcLogAppender (GrpcLogAppender.java:mayWait(143)) - d7be0fc0-2c06-465f-bb8d-ff37d07082c9@group-5367271002A7->e615c22a-d22b-4b15-9ed2-177ac0ba27c8-GrpcLogAppender: Wait interrupted by java.lang.InterruptedException
2019-09-24 04:21:43,735 [ForkJoinPool.commonPool-worker-0] INFO  impl.PendingRequests (PendingRequests.java:sendNotLeaderResponses(202)) - d7be0fc0-2c06-465f-bb8d-ff37d07082c9-PendingRequests: sendNotLeaderResponses
2019-09-24 04:21:43,736 [main] INFO  impl.StateMachineUpdater (StateMachineUpdater.java:stopAndJoin(125)) - 6e4d579b-45b2-4620-be61-729cd2425cf8@group-0EF5F165B4B4-StateMachineUpdater: set stopIndex = 0
2019-09-24 04:21:43,737 [main] INFO  impl.RaftServerImpl (ServerState.java:close(385)) - 6e4d579b-45b2-4620-be61-729cd2425cf8@group-0EF5F165B4B4: closes. applyIndex: 0
2019-09-24 04:21:43,737 [6e4d579b-45b2-4620-be61-729cd2425cf8@group-0EF5F165B4B4-SegmentedRaftLogWorker] INFO  segmented.SegmentedRaftLogWorker (SegmentedRaftLogWorker.java:run(313)) - 6e4d579b-45b2-4620-be61-729cd2425cf8@group-0EF5F165B4B4-SegmentedRaftLogWorker was interrupted, exiting. There are 0 tasks remaining in the queue.
2019-09-24 04:21:43,737 [ForkJoinPool.commonPool-worker-0] INFO  impl.StateMachineUpdater (StateMachineUpdater.java:stopAndJoin(125)) - d7be0fc0-2c06-465f-bb8d-ff37d07082c9@group-5367271002A7-StateMachineUpdater: set stopIndex = 17
2019-09-24 04:21:43,740 [main] INFO  segmented.SegmentedRaftLogWorker (SegmentedRaftLogWorker.java:close(228)) - 6e4d579b-45b2-4620-be61-729cd2425cf8@group-0EF5F165B4B4-SegmentedRaftLogWorker close()
2019-09-24 04:21:43,740 [d7be0fc0-2c06-465f-bb8d-ff37d07082c9@group-5367271002A7-StateMachineUpdater] INFO  ratis.ContainerStateMachine (ContainerStateMachine.java:takeSnapshot(289)) - group-5367271002A7: Taking a snapshot at:(t:1, i:13) file /workdir/hadoop-ozone/integration-test/target/test-dir/MiniOzoneClusterImpl-70ed5c72-7c79-4e50-93d4-710ad6ee9320/datanode-2/data/ratis/0a412a69-75ec-432a-b23d-5367271002a7/sm/snapshot.1_13
2019-09-24 04:21:43,745 [main] INFO  impl.RaftServerImpl (RaftServerImpl.java:lambda$shutdown$3(251)) - 6e4d579b-45b2-4620-be61-729cd2425cf8@group-5C556B373B53: shutdown
2019-09-24 04:21:43,745 [main] INFO  util.JmxRegister (JmxRegister.java:unregister(73)) - Successfully un-registered JMX Bean with object name Ratis:service=RaftServer,group=group-5C556B373B53,id=6e4d579b-45b2-4620-be61-729cd2425cf8
2019-09-24 04:21:43,745 [main] INFO  impl.RoleInfo (RoleInfo.java:shutdownLeaderState(104)) - 6e4d579b-45b2-4620-be61-729cd2425cf8: shutdown LeaderState
2019-09-24 04:21:43,750 [main] INFO  impl.PendingRequests (PendingRequests.java:sendNotLeaderResponses(202)) - 6e4d579b-45b2-4620-be61-729cd2425cf8-PendingRequests: sendNotLeaderResponses
2019-09-24 04:21:43,750 [org.apache.ratis.server.impl.LogAppender$AppenderDaemon$$Lambda$892/1069341555@2f21715f] WARN  server.GrpcLogAppender (GrpcLogAppender.java:mayWait(143)) - 6e4d579b-45b2-4620-be61-729cd2425cf8@group-5C556B373B53->e7f42ddf-a327-4ac1-a3b9-ef80a1bb28b5-GrpcLogAppender: Wait interrupted by java.lang.InterruptedException
2019-09-24 04:21:43,754 [main] INFO  impl.StateMachineUpdater (StateMachineUpdater.java:stopAndJoin(125)) - 6e4d579b-45b2-4620-be61-729cd2425cf8@group-5C556B373B53-StateMachineUpdater: set stopIndex = 15
2019-09-24 04:21:43,750 [org.apache.ratis.server.impl.LogAppender$AppenderDaemon$$Lambda$892/1069341555@6c96e33b] WARN  server.GrpcLogAppender (GrpcLogAppender.java:mayWait(143)) - 6e4d579b-45b2-4620-be61-729cd2425cf8@group-5C556B373B53->43ecf24d-7403-4a92-903b-bd0d080d9eca-GrpcLogAppender: Wait interrupted by java.lang.InterruptedException
2019-09-24 04:21:43,754 [6e4d579b-45b2-4620-be61-729cd2425cf8@group-5C556B373B53-StateMachineUpdater] INFO  ratis.ContainerStateMachine (ContainerStateMachine.java:takeSnapshot(289)) - group-5C556B373B53: Taking a snapshot at:(t:2, i:13) file /workdir/hadoop-ozone/integration-test/target/test-dir/MiniOzoneClusterImpl-70ed5c72-7c79-4e50-93d4-710ad6ee9320/datanode-3/data/ratis/3dd83e0d-84fc-43de-b71d-5c556b373b53/sm/snapshot.2_13
2019-09-24 04:21:43,757 [grpc-default-executor-5] INFO  server.GrpcServerProtocolService (GrpcServerProtocolService.java:onCompleted(113)) - e7f42ddf-a327-4ac1-a3b9-ef80a1bb28b5: Completed APPEND_ENTRIES, lastRequest: 6e4d579b-45b2-4620-be61-729cd2425cf8->e7f42ddf-a327-4ac1-a3b9-ef80a1bb28b5#25-t2, previous=(t:2, i:15), leaderCommit=15, initializing? false, entries: <empty>
2019-09-24 04:21:43,760 [grpc-default-executor-5] INFO  server.GrpcLogAppender (GrpcLogAppender.java:onCompleted(293)) - 6e4d579b-45b2-4620-be61-729cd2425cf8@group-5C556B373B53->e7f42ddf-a327-4ac1-a3b9-ef80a1bb28b5-AppendLogResponseHandler: follower responses appendEntries COMPLETED
2019-09-24 04:21:43,760 [grpc-default-executor-5] INFO  impl.FollowerInfo (FollowerInfo.java:lambda$new$0(51)) - 6e4d579b-45b2-4620-be61-729cd2425cf8@group-5C556B373B53->e7f42ddf-a327-4ac1-a3b9-ef80a1bb28b5: nextIndex: updateUnconditionally 16 -> 15
2019-09-24 04:21:43,767 [d7be0fc0-2c06-465f-bb8d-ff37d07082c9@group-5367271002A7-StateMachineUpdater] INFO  ratis.ContainerStateMachine (ContainerStateMachine.java:takeSnapshot(300)) - group-5367271002A7: Finished taking a snapshot at:(t:1, i:13) file:/workdir/hadoop-ozone/integration-test/target/test-dir/MiniOzoneClusterImpl-70ed5c72-7c79-4e50-93d4-710ad6ee9320/datanode-2/data/ratis/0a412a69-75ec-432a-b23d-5367271002a7/sm/snapshot.1_13 time:30
2019-09-24 04:21:43,767 [6e4d579b-45b2-4620-be61-729cd2425cf8@group-5C556B373B53-StateMachineUpdater] INFO  ratis.ContainerStateMachine (ContainerStateMachine.java:takeSnapshot(300)) - group-5C556B373B53: Finished taking a snapshot at:(t:2, i:13) file:/workdir/hadoop-ozone/integration-test/target/test-dir/MiniOzoneClusterImpl-70ed5c72-7c79-4e50-93d4-710ad6ee9320/datanode-3/data/ratis/3dd83e0d-84fc-43de-b71d-5c556b373b53/sm/snapshot.2_13 time:13
2019-09-24 04:21:43,768 [6e4d579b-45b2-4620-be61-729cd2425cf8@group-5C556B373B53-StateMachineUpdater] INFO  impl.StateMachineUpdater (StateMachineUpdater.java:takeSnapshot(258)) - 6e4d579b-45b2-4620-be61-729cd2425cf8@group-5C556B373B53-StateMachineUpdater: Took a snapshot at index 13
2019-09-24 04:21:43,768 [d7be0fc0-2c06-465f-bb8d-ff37d07082c9@group-5367271002A7-StateMachineUpdater] INFO  impl.StateMachineUpdater (StateMachineUpdater.java:takeSnapshot(258)) - d7be0fc0-2c06-465f-bb8d-ff37d07082c9@group-5367271002A7-StateMachineUpdater: Took a snapshot at index 13
2019-09-24 04:21:43,768 [6e4d579b-45b2-4620-be61-729cd2425cf8@group-5C556B373B53-StateMachineUpdater] INFO  impl.StateMachineUpdater (StateMachineUpdater.java:lambda$new$0(83)) - 6e4d579b-45b2-4620-be61-729cd2425cf8@group-5C556B373B53-StateMachineUpdater: snapshotIndex: updateIncreasingly -1 -> 13
2019-09-24 04:21:43,768 [d7be0fc0-2c06-465f-bb8d-ff37d07082c9@group-5367271002A7-StateMachineUpdater] INFO  impl.StateMachineUpdater (StateMachineUpdater.java:lambda$new$0(83)) - d7be0fc0-2c06-465f-bb8d-ff37d07082c9@group-5367271002A7-StateMachineUpdater: snapshotIndex: updateIncreasingly -1 -> 13
2019-09-24 04:21:43,769 [d7be0fc0-2c06-465f-bb8d-ff37d07082c9@group-5367271002A7-StateMachineUpdater] INFO  ratis.ContainerStateMachine (ContainerStateMachine.java:takeSnapshot(289)) - group-5367271002A7: Taking a snapshot at:(t:1, i:13) file /workdir/hadoop-ozone/integration-test/target/test-dir/MiniOzoneClusterImpl-70ed5c72-7c79-4e50-93d4-710ad6ee9320/datanode-2/data/ratis/0a412a69-75ec-432a-b23d-5367271002a7/sm/snapshot.1_13
2019-09-24 04:21:43,769 [6e4d579b-45b2-4620-be61-729cd2425cf8@group-5C556B373B53-StateMachineUpdater] INFO  ratis.ContainerStateMachine (ContainerStateMachine.java:takeSnapshot(289)) - group-5C556B373B53: Taking a snapshot at:(t:2, i:13) file /workdir/hadoop-ozone/integration-test/target/test-dir/MiniOzoneClusterImpl-70ed5c72-7c79-4e50-93d4-710ad6ee9320/datanode-3/data/ratis/3dd83e0d-84fc-43de-b71d-5c556b373b53/sm/snapshot.2_13
2019-09-24 04:21:43,782 [d7be0fc0-2c06-465f-bb8d-ff37d07082c9@group-5367271002A7-StateMachineUpdater] INFO  ratis.ContainerStateMachine (ContainerStateMachine.java:takeSnapshot(300)) - group-5367271002A7: Finished taking a snapshot at:(t:1, i:13) file:/workdir/hadoop-ozone/integration-test/target/test-dir/MiniOzoneClusterImpl-70ed5c72-7c79-4e50-93d4-710ad6ee9320/datanode-2/data/ratis/0a412a69-75ec-432a-b23d-5367271002a7/sm/snapshot.1_13 time:13
2019-09-24 04:21:43,782 [6e4d579b-45b2-4620-be61-729cd2425cf8@group-5C556B373B53-StateMachineUpdater] INFO  ratis.ContainerStateMachine (ContainerStateMachine.java:takeSnapshot(300)) - group-5C556B373B53: Finished taking a snapshot at:(t:2, i:13) file:/workdir/hadoop-ozone/integration-test/target/test-dir/MiniOzoneClusterImpl-70ed5c72-7c79-4e50-93d4-710ad6ee9320/datanode-3/data/ratis/3dd83e0d-84fc-43de-b71d-5c556b373b53/sm/snapshot.2_13 time:13
2019-09-24 04:21:43,782 [d7be0fc0-2c06-465f-bb8d-ff37d07082c9@group-5367271002A7-StateMachineUpdater] INFO  impl.StateMachineUpdater (StateMachineUpdater.java:takeSnapshot(258)) - d7be0fc0-2c06-465f-bb8d-ff37d07082c9@group-5367271002A7-StateMachineUpdater: Took a snapshot at index 13
2019-09-24 04:21:43,782 [6e4d579b-45b2-4620-be61-729cd2425cf8@group-5C556B373B53-StateMachineUpdater] INFO  impl.StateMachineUpdater (StateMachineUpdater.java:takeSnapshot(258)) - 6e4d579b-45b2-4620-be61-729cd2425cf8@group-5C556B373B53-StateMachineUpdater: Took a snapshot at index 13
2019-09-24 04:21:43,782 [d7be0fc0-2c06-465f-bb8d-ff37d07082c9@group-5367271002A7-StateMachineUpdater] INFO  impl.StateMachineUpdater (StateMachineUpdater.java:lambda$new$0(83)) - d7be0fc0-2c06-465f-bb8d-ff37d07082c9@group-5367271002A7-StateMachineUpdater: snapshotIndex: updateIncreasingly 13 -> 13
2019-09-24 04:21:43,782 [6e4d579b-45b2-4620-be61-729cd2425cf8@group-5C556B373B53-StateMachineUpdater] INFO  impl.StateMachineUpdater (StateMachineUpdater.java:lambda$new$0(83)) - 6e4d579b-45b2-4620-be61-729cd2425cf8@group-5C556B373B53-StateMachineUpdater: snapshotIndex: updateIncreasingly 13 -> 13
2019-09-24 04:21:43,782 [ForkJoinPool.commonPool-worker-0] INFO  impl.RaftServerImpl (ServerState.java:close(385)) - d7be0fc0-2c06-465f-bb8d-ff37d07082c9@group-5367271002A7: closes. applyIndex: 17
2019-09-24 04:21:43,783 [main] INFO  impl.RaftServerImpl (ServerState.java:close(385)) - 6e4d579b-45b2-4620-be61-729cd2425cf8@group-5C556B373B53: closes. applyIndex: 15
2019-09-24 04:21:43,783 [d7be0fc0-2c06-465f-bb8d-ff37d07082c9@group-5367271002A7-SegmentedRaftLogWorker] INFO  segmented.SegmentedRaftLogWorker (SegmentedRaftLogWorker.java:run(313)) - d7be0fc0-2c06-465f-bb8d-ff37d07082c9@group-5367271002A7-SegmentedRaftLogWorker was interrupted, exiting. There are 0 tasks remaining in the queue.
2019-09-24 04:21:43,783 [6e4d579b-45b2-4620-be61-729cd2425cf8@group-5C556B373B53-SegmentedRaftLogWorker] INFO  segmented.SegmentedRaftLogWorker (SegmentedRaftLogWorker.java:run(313)) - 6e4d579b-45b2-4620-be61-729cd2425cf8@group-5C556B373B53-SegmentedRaftLogWorker was interrupted, exiting. There are 0 tasks remaining in the queue.
2019-09-24 04:21:43,785 [ForkJoinPool.commonPool-worker-0] INFO  segmented.SegmentedRaftLogWorker (SegmentedRaftLogWorker.java:close(228)) - d7be0fc0-2c06-465f-bb8d-ff37d07082c9@group-5367271002A7-SegmentedRaftLogWorker close()
2019-09-24 04:21:43,787 [main] INFO  segmented.SegmentedRaftLogWorker (SegmentedRaftLogWorker.java:close(228)) - 6e4d579b-45b2-4620-be61-729cd2425cf8@group-5C556B373B53-SegmentedRaftLogWorker close()
2019-09-24 04:21:43,791 [ForkJoinPool.commonPool-worker-0] INFO  impl.RaftServerImpl (RaftServerImpl.java:lambda$shutdown$3(251)) - d7be0fc0-2c06-465f-bb8d-ff37d07082c9@group-974E78EC1BB3: shutdown
2019-09-24 04:21:43,795 [main] INFO  server.GrpcService (GrpcService.java:closeImpl(164)) - 6e4d579b-45b2-4620-be61-729cd2425cf8: shutdown server with port 43112 now
2019-09-24 04:21:43,796 [ForkJoinPool.commonPool-worker-0] INFO  util.JmxRegister (JmxRegister.java:unregister(73)) - Successfully un-registered JMX Bean with object name Ratis:service=RaftServer,group=group-974E78EC1BB3,id=d7be0fc0-2c06-465f-bb8d-ff37d07082c9
2019-09-24 04:21:43,796 [ForkJoinPool.commonPool-worker-0] INFO  impl.RoleInfo (RoleInfo.java:shutdownLeaderState(104)) - d7be0fc0-2c06-465f-bb8d-ff37d07082c9: shutdown LeaderState
2019-09-24 04:21:43,796 [ForkJoinPool.commonPool-worker-0] INFO  impl.PendingRequests (PendingRequests.java:sendNotLeaderResponses(202)) - d7be0fc0-2c06-465f-bb8d-ff37d07082c9-PendingRequests: sendNotLeaderResponses
2019-09-24 04:21:43,799 [ForkJoinPool.commonPool-worker-0] INFO  impl.StateMachineUpdater (StateMachineUpdater.java:stopAndJoin(125)) - d7be0fc0-2c06-465f-bb8d-ff37d07082c9@group-974E78EC1BB3-StateMachineUpdater: set stopIndex = 0
2019-09-24 04:21:43,799 [main] INFO  server.GrpcService (GrpcService.java:closeImpl(172)) - 6e4d579b-45b2-4620-be61-729cd2425cf8: shutdown server with port 43112 successfully
2019-09-24 04:21:43,799 [grpc-default-executor-8] WARN  client.GrpcClientProtocolService (LogUtils.java:warn(134)) - 1-UnorderedRequestStreamObserver1: onError: org.apache.ratis.thirdparty.io.grpc.StatusRuntimeException: CANCELLED: cancelled before receiving half close
2019-09-24 04:21:43,799 [ForkJoinPool.commonPool-worker-0] INFO  impl.RaftServerImpl (ServerState.java:close(385)) - d7be0fc0-2c06-465f-bb8d-ff37d07082c9@group-974E78EC1BB3: closes. applyIndex: 0
2019-09-24 04:21:43,800 [d7be0fc0-2c06-465f-bb8d-ff37d07082c9@group-974E78EC1BB3-SegmentedRaftLogWorker] INFO  segmented.SegmentedRaftLogWorker (SegmentedRaftLogWorker.java:run(313)) - d7be0fc0-2c06-465f-bb8d-ff37d07082c9@group-974E78EC1BB3-SegmentedRaftLogWorker was interrupted, exiting. There are 0 tasks remaining in the queue.
2019-09-24 04:21:43,803 [ForkJoinPool.commonPool-worker-0] INFO  segmented.SegmentedRaftLogWorker (SegmentedRaftLogWorker.java:close(228)) - d7be0fc0-2c06-465f-bb8d-ff37d07082c9@group-974E78EC1BB3-SegmentedRaftLogWorker close()
2019-09-24 04:21:43,820 [ForkJoinPool.commonPool-worker-0] INFO  server.GrpcService (GrpcService.java:closeImpl(164)) - d7be0fc0-2c06-465f-bb8d-ff37d07082c9: shutdown server with port 38189 now
2019-09-24 04:21:43,820 [ForkJoinPool.commonPool-worker-0] INFO  server.GrpcService (GrpcService.java:closeImpl(172)) - d7be0fc0-2c06-465f-bb8d-ff37d07082c9: shutdown server with port 38189 successfully
2019-09-24 04:21:43,821 [refreshUsed-/workdir/hadoop-ozone/integration-test/target/test-dir/MiniOzoneClusterImpl-70ed5c72-7c79-4e50-93d4-710ad6ee9320/datanode-3/data/containers] WARN  fs.CachingGetSpaceUsed (CachingGetSpaceUsed.java:run(183)) - Thread Interrupted waiting to refresh disk information: sleep interrupted
2019-09-24 04:21:43,828 [refreshUsed-/workdir/hadoop-ozone/integration-test/target/test-dir/MiniOzoneClusterImpl-70ed5c72-7c79-4e50-93d4-710ad6ee9320/datanode-2/data/containers] WARN  fs.CachingGetSpaceUsed (CachingGetSpaceUsed.java:run(183)) - Thread Interrupted waiting to refresh disk information: sleep interrupted
2019-09-24 04:21:43,851 [ForkJoinPool.commonPool-worker-0] INFO  utils.BackgroundService (BackgroundService.java:shutdown(148)) - Shutting down service BlockDeletingService
2019-09-24 04:21:43,851 [main] INFO  utils.BackgroundService (BackgroundService.java:shutdown(148)) - Shutting down service BlockDeletingService
2019-09-24 04:21:43,859 [ForkJoinPool.commonPool-worker-0] INFO  statemachine.DatanodeStateMachine (DatanodeStateMachine.java:stopDaemon(401)) - Ozone container server stopped.
2019-09-24 04:21:43,861 [main] INFO  statemachine.DatanodeStateMachine (DatanodeStateMachine.java:stopDaemon(401)) - Ozone container server stopped.
2019-09-24 04:21:43,868 [ForkJoinPool.commonPool-worker-0] INFO  handler.ContextHandler (ContextHandler.java:doStop(910)) - Stopped o.e.j.w.WebAppContext@377dfb8d{/,null,UNAVAILABLE}{/hddsDatanode}
2019-09-24 04:21:43,868 [main] INFO  handler.ContextHandler (ContextHandler.java:doStop(910)) - Stopped o.e.j.w.WebAppContext@7e191fda{/,null,UNAVAILABLE}{/hddsDatanode}
2019-09-24 04:21:43,870 [ForkJoinPool.commonPool-worker-0] INFO  server.AbstractConnector (AbstractConnector.java:doStop(318)) - Stopped ServerConnector@42a0786f{HTTP/1.1,[http/1.1]}{0.0.0.0:0}
2019-09-24 04:21:43,870 [main] INFO  server.AbstractConnector (AbstractConnector.java:doStop(318)) - Stopped ServerConnector@6562cc23{HTTP/1.1,[http/1.1]}{0.0.0.0:0}
2019-09-24 04:21:43,872 [ForkJoinPool.commonPool-worker-0] INFO  handler.ContextHandler (ContextHandler.java:doStop(910)) - Stopped o.e.j.s.ServletContextHandler@1ee40b5c{/static,jar:file:/home/user/.m2/repository/org/apache/hadoop/hadoop-hdds-container-service/0.5.0-SNAPSHOT/hadoop-hdds-container-service-0.5.0-SNAPSHOT.jar!/webapps/static,UNAVAILABLE}
2019-09-24 04:21:43,872 [main] INFO  handler.ContextHandler (ContextHandler.java:doStop(910)) - Stopped o.e.j.s.ServletContextHandler@5627cb29{/static,jar:file:/home/user/.m2/repository/org/apache/hadoop/hadoop-hdds-container-service/0.5.0-SNAPSHOT/hadoop-hdds-container-service-0.5.0-SNAPSHOT.jar!/webapps/static,UNAVAILABLE}
2019-09-24 04:21:43,874 [ForkJoinPool.commonPool-worker-0] INFO  handler.ContextHandler (ContextHandler.java:doStop(910)) - Stopped o.e.j.s.ServletContextHandler@5fb54740{/logs,file:///workdir/hadoop-ozone/integration-test/target/log,UNAVAILABLE}
2019-09-24 04:21:43,874 [main] INFO  handler.ContextHandler (ContextHandler.java:doStop(910)) - Stopped o.e.j.s.ServletContextHandler@76a362a4{/logs,file:///workdir/hadoop-ozone/integration-test/target/log,UNAVAILABLE}
2019-09-24 04:21:44,199 [Datanode State Machine Thread - 0] INFO  statemachine.DatanodeStateMachine (DatanodeStateMachine.java:lambda$startDaemon$0(356)) - Ozone container server started.
2019-09-24 04:21:44,872 [Datanode State Machine Thread - 0] INFO  statemachine.DatanodeStateMachine (DatanodeStateMachine.java:lambda$startDaemon$0(356)) - Ozone container server started.
2019-09-24 04:21:48,249 [EventQueue-StaleNodeForStaleNodeHandler] INFO  node.StaleNodeHandler (StaleNodeHandler.java:onMessage(58)) - Datanode 37a8a6e9-5e7d-41c2-b68e-c8cb07d77fff{ip: 192.168.151.75, host: pr-hdds-2034-r6745-1453098948, networkLocation: /default-rack, certSerialId: null} moved to stale state. Finalizing its pipelines [PipelineID=ec73b2cb-d1ee-4373-be6f-82a3a0d9fed9]
2019-09-24 04:21:48,251 [EventQueue-StaleNodeForStaleNodeHandler] INFO  pipeline.SCMPipelineManager (SCMPipelineManager.java:finalizeAndDestroyPipeline(348)) - destroying pipeline:Pipeline[ Id: ec73b2cb-d1ee-4373-be6f-82a3a0d9fed9, Nodes: 37a8a6e9-5e7d-41c2-b68e-c8cb07d77fff{ip: 192.168.151.75, host: pr-hdds-2034-r6745-1453098948, networkLocation: /default-rack, certSerialId: null}, Type:RATIS, Factor:ONE, State:OPEN]
2019-09-24 04:21:48,252 [EventQueue-StaleNodeForStaleNodeHandler] INFO  pipeline.PipelineStateManager (PipelineStateManager.java:finalizePipeline(123)) - Pipeline Pipeline[ Id: ec73b2cb-d1ee-4373-be6f-82a3a0d9fed9, Nodes: 37a8a6e9-5e7d-41c2-b68e-c8cb07d77fff{ip: 192.168.151.75, host: pr-hdds-2034-r6745-1453098948, networkLocation: /default-rack, certSerialId: null}, Type:RATIS, Factor:ONE, State:CLOSED] moved to CLOSED state
2019-09-24 04:21:48,877 [ForkJoinPool.commonPool-worker-0] INFO  ozoneimpl.OzoneContainer (OzoneContainer.java:stop(231)) - Attempting to stop container services.
2019-09-24 04:21:48,877 [main] INFO  ozoneimpl.OzoneContainer (OzoneContainer.java:stop(231)) - Attempting to stop container services.
2019-09-24 04:21:48,878 [ForkJoinPool.commonPool-worker-0] INFO  impl.RaftServerProxy (RaftServerProxy.java:lambda$close$4(314)) - e7f42ddf-a327-4ac1-a3b9-ef80a1bb28b5: close
2019-09-24 04:21:48,878 [main] INFO  impl.RaftServerProxy (RaftServerProxy.java:lambda$close$4(314)) - 37a8a6e9-5e7d-41c2-b68e-c8cb07d77fff: close
2019-09-24 04:21:48,878 [ForkJoinPool.commonPool-worker-0] INFO  impl.RaftServerImpl (RaftServerImpl.java:lambda$shutdown$3(251)) - e7f42ddf-a327-4ac1-a3b9-ef80a1bb28b5@group-4E02D81BF771: shutdown
2019-09-24 04:21:48,878 [main] INFO  impl.RaftServerImpl (RaftServerImpl.java:lambda$shutdown$3(251)) - 37a8a6e9-5e7d-41c2-b68e-c8cb07d77fff@group-82A3A0D9FED9: shutdown
2019-09-24 04:21:48,879 [ForkJoinPool.commonPool-worker-0] INFO  util.JmxRegister (JmxRegister.java:unregister(73)) - Successfully un-registered JMX Bean with object name Ratis:service=RaftServer,group=group-4E02D81BF771,id=e7f42ddf-a327-4ac1-a3b9-ef80a1bb28b5
2019-09-24 04:21:48,879 [main] INFO  util.JmxRegister (JmxRegister.java:unregister(73)) - Successfully un-registered JMX Bean with object name Ratis:service=RaftServer,group=group-82A3A0D9FED9,id=37a8a6e9-5e7d-41c2-b68e-c8cb07d77fff
2019-09-24 04:21:48,879 [ForkJoinPool.commonPool-worker-0] INFO  impl.RoleInfo (RoleInfo.java:shutdownLeaderState(104)) - e7f42ddf-a327-4ac1-a3b9-ef80a1bb28b5: shutdown LeaderState
2019-09-24 04:21:48,879 [main] INFO  impl.RoleInfo (RoleInfo.java:shutdownLeaderState(104)) - 37a8a6e9-5e7d-41c2-b68e-c8cb07d77fff: shutdown LeaderState
2019-09-24 04:21:48,880 [ForkJoinPool.commonPool-worker-0] INFO  impl.PendingRequests (PendingRequests.java:sendNotLeaderResponses(202)) - e7f42ddf-a327-4ac1-a3b9-ef80a1bb28b5-PendingRequests: sendNotLeaderResponses
2019-09-24 04:21:48,880 [main] INFO  impl.PendingRequests (PendingRequests.java:sendNotLeaderResponses(202)) - 37a8a6e9-5e7d-41c2-b68e-c8cb07d77fff-PendingRequests: sendNotLeaderResponses
2019-09-24 04:21:48,880 [ForkJoinPool.commonPool-worker-0] INFO  impl.StateMachineUpdater (StateMachineUpdater.java:stopAndJoin(125)) - e7f42ddf-a327-4ac1-a3b9-ef80a1bb28b5@group-4E02D81BF771-StateMachineUpdater: set stopIndex = 0
2019-09-24 04:21:48,880 [main] INFO  impl.StateMachineUpdater (StateMachineUpdater.java:stopAndJoin(125)) - 37a8a6e9-5e7d-41c2-b68e-c8cb07d77fff@group-82A3A0D9FED9-StateMachineUpdater: set stopIndex = 0
2019-09-24 04:21:48,881 [main] INFO  impl.RaftServerImpl (ServerState.java:close(385)) - 37a8a6e9-5e7d-41c2-b68e-c8cb07d77fff@group-82A3A0D9FED9: closes. applyIndex: 0
2019-09-24 04:21:48,881 [ForkJoinPool.commonPool-worker-0] INFO  impl.RaftServerImpl (ServerState.java:close(385)) - e7f42ddf-a327-4ac1-a3b9-ef80a1bb28b5@group-4E02D81BF771: closes. applyIndex: 0
2019-09-24 04:21:48,882 [e7f42ddf-a327-4ac1-a3b9-ef80a1bb28b5@group-4E02D81BF771-SegmentedRaftLogWorker] INFO  segmented.SegmentedRaftLogWorker (SegmentedRaftLogWorker.java:run(313)) - e7f42ddf-a327-4ac1-a3b9-ef80a1bb28b5@group-4E02D81BF771-SegmentedRaftLogWorker was interrupted, exiting. There are 0 tasks remaining in the queue.
2019-09-24 04:21:48,882 [37a8a6e9-5e7d-41c2-b68e-c8cb07d77fff@group-82A3A0D9FED9-SegmentedRaftLogWorker] INFO  segmented.SegmentedRaftLogWorker (SegmentedRaftLogWorker.java:run(313)) - 37a8a6e9-5e7d-41c2-b68e-c8cb07d77fff@group-82A3A0D9FED9-SegmentedRaftLogWorker was interrupted, exiting. There are 0 tasks remaining in the queue.
2019-09-24 04:21:48,889 [main] INFO  segmented.SegmentedRaftLogWorker (SegmentedRaftLogWorker.java:close(228)) - 37a8a6e9-5e7d-41c2-b68e-c8cb07d77fff@group-82A3A0D9FED9-SegmentedRaftLogWorker close()
2019-09-24 04:21:48,889 [ForkJoinPool.commonPool-worker-0] INFO  segmented.SegmentedRaftLogWorker (SegmentedRaftLogWorker.java:close(228)) - e7f42ddf-a327-4ac1-a3b9-ef80a1bb28b5@group-4E02D81BF771-SegmentedRaftLogWorker close()
2019-09-24 04:21:48,893 [main] INFO  server.GrpcService (GrpcService.java:closeImpl(164)) - 37a8a6e9-5e7d-41c2-b68e-c8cb07d77fff: shutdown server with port 38968 now
2019-09-24 04:21:48,894 [ForkJoinPool.commonPool-worker-0] INFO  impl.RaftServerImpl (RaftServerImpl.java:lambda$shutdown$3(251)) - e7f42ddf-a327-4ac1-a3b9-ef80a1bb28b5@group-5C556B373B53: shutdown
2019-09-24 04:21:48,894 [ForkJoinPool.commonPool-worker-0] INFO  util.JmxRegister (JmxRegister.java:unregister(73)) - Successfully un-registered JMX Bean with object name Ratis:service=RaftServer,group=group-5C556B373B53,id=e7f42ddf-a327-4ac1-a3b9-ef80a1bb28b5
2019-09-24 04:21:48,894 [ForkJoinPool.commonPool-worker-0] INFO  impl.RoleInfo (RoleInfo.java:shutdownFollowerState(121)) - e7f42ddf-a327-4ac1-a3b9-ef80a1bb28b5: shutdown FollowerState
2019-09-24 04:21:48,895 [ForkJoinPool.commonPool-worker-0] INFO  impl.StateMachineUpdater (StateMachineUpdater.java:stopAndJoin(125)) - e7f42ddf-a327-4ac1-a3b9-ef80a1bb28b5@group-5C556B373B53-StateMachineUpdater: set stopIndex = 15
2019-09-24 04:21:48,895 [main] INFO  server.GrpcService (GrpcService.java:closeImpl(172)) - 37a8a6e9-5e7d-41c2-b68e-c8cb07d77fff: shutdown server with port 38968 successfully
2019-09-24 04:21:48,895 [e7f42ddf-a327-4ac1-a3b9-ef80a1bb28b5@group-5C556B373B53-StateMachineUpdater] INFO  ratis.ContainerStateMachine (ContainerStateMachine.java:takeSnapshot(289)) - group-5C556B373B53: Taking a snapshot at:(t:2, i:13) file /workdir/hadoop-ozone/integration-test/target/test-dir/MiniOzoneClusterImpl-70ed5c72-7c79-4e50-93d4-710ad6ee9320/datanode-5/data/ratis/3dd83e0d-84fc-43de-b71d-5c556b373b53/sm/snapshot.2_13
2019-09-24 04:21:48,895 [Thread-3263] INFO  impl.FollowerState (FollowerState.java:run(115)) - e7f42ddf-a327-4ac1-a3b9-ef80a1bb28b5: FollowerState was interrupted: java.lang.InterruptedException: sleep interrupted
2019-09-24 04:21:48,901 [refreshUsed-/workdir/hadoop-ozone/integration-test/target/test-dir/MiniOzoneClusterImpl-70ed5c72-7c79-4e50-93d4-710ad6ee9320/datanode-6/data/containers] WARN  fs.CachingGetSpaceUsed (CachingGetSpaceUsed.java:run(183)) - Thread Interrupted waiting to refresh disk information: sleep interrupted
2019-09-24 04:21:48,908 [e7f42ddf-a327-4ac1-a3b9-ef80a1bb28b5@group-5C556B373B53-StateMachineUpdater] INFO  ratis.ContainerStateMachine (ContainerStateMachine.java:takeSnapshot(300)) - group-5C556B373B53: Finished taking a snapshot at:(t:2, i:13) file:/workdir/hadoop-ozone/integration-test/target/test-dir/MiniOzoneClusterImpl-70ed5c72-7c79-4e50-93d4-710ad6ee9320/datanode-5/data/ratis/3dd83e0d-84fc-43de-b71d-5c556b373b53/sm/snapshot.2_13 time:13
2019-09-24 04:21:48,908 [e7f42ddf-a327-4ac1-a3b9-ef80a1bb28b5@group-5C556B373B53-StateMachineUpdater] INFO  impl.StateMachineUpdater (StateMachineUpdater.java:takeSnapshot(258)) - e7f42ddf-a327-4ac1-a3b9-ef80a1bb28b5@group-5C556B373B53-StateMachineUpdater: Took a snapshot at index 13
2019-09-24 04:21:48,908 [e7f42ddf-a327-4ac1-a3b9-ef80a1bb28b5@group-5C556B373B53-StateMachineUpdater] INFO  impl.StateMachineUpdater (StateMachineUpdater.java:lambda$new$0(83)) - e7f42ddf-a327-4ac1-a3b9-ef80a1bb28b5@group-5C556B373B53-StateMachineUpdater: snapshotIndex: updateIncreasingly -1 -> 13
2019-09-24 04:21:48,909 [e7f42ddf-a327-4ac1-a3b9-ef80a1bb28b5@group-5C556B373B53-StateMachineUpdater] INFO  ratis.ContainerStateMachine (ContainerStateMachine.java:takeSnapshot(289)) - group-5C556B373B53: Taking a snapshot at:(t:2, i:13) file /workdir/hadoop-ozone/integration-test/target/test-dir/MiniOzoneClusterImpl-70ed5c72-7c79-4e50-93d4-710ad6ee9320/datanode-5/data/ratis/3dd83e0d-84fc-43de-b71d-5c556b373b53/sm/snapshot.2_13
2019-09-24 04:21:48,913 [main] INFO  utils.BackgroundService (BackgroundService.java:shutdown(148)) - Shutting down service BlockDeletingService
2019-09-24 04:21:48,916 [main] INFO  statemachine.DatanodeStateMachine (DatanodeStateMachine.java:stopDaemon(401)) - Ozone container server stopped.
2019-09-24 04:21:48,917 [main] INFO  handler.ContextHandler (ContextHandler.java:doStop(910)) - Stopped o.e.j.w.WebAppContext@150fc7a7{/,null,UNAVAILABLE}{/hddsDatanode}
2019-09-24 04:21:48,919 [main] INFO  server.AbstractConnector (AbstractConnector.java:doStop(318)) - Stopped ServerConnector@55d8c2c4{HTTP/1.1,[http/1.1]}{0.0.0.0:0}
2019-09-24 04:21:48,919 [main] INFO  handler.ContextHandler (ContextHandler.java:doStop(910)) - Stopped o.e.j.s.ServletContextHandler@9690008{/static,jar:file:/home/user/.m2/repository/org/apache/hadoop/hadoop-hdds-container-service/0.5.0-SNAPSHOT/hadoop-hdds-container-service-0.5.0-SNAPSHOT.jar!/webapps/static,UNAVAILABLE}
2019-09-24 04:21:48,920 [main] INFO  handler.ContextHandler (ContextHandler.java:doStop(910)) - Stopped o.e.j.s.ServletContextHandler@2d22d3b1{/logs,file:///workdir/hadoop-ozone/integration-test/target/log,UNAVAILABLE}
2019-09-24 04:21:48,921 [e7f42ddf-a327-4ac1-a3b9-ef80a1bb28b5@group-5C556B373B53-StateMachineUpdater] INFO  ratis.ContainerStateMachine (ContainerStateMachine.java:takeSnapshot(300)) - group-5C556B373B53: Finished taking a snapshot at:(t:2, i:13) file:/workdir/hadoop-ozone/integration-test/target/test-dir/MiniOzoneClusterImpl-70ed5c72-7c79-4e50-93d4-710ad6ee9320/datanode-5/data/ratis/3dd83e0d-84fc-43de-b71d-5c556b373b53/sm/snapshot.2_13 time:12
2019-09-24 04:21:48,921 [e7f42ddf-a327-4ac1-a3b9-ef80a1bb28b5@group-5C556B373B53-StateMachineUpdater] INFO  impl.StateMachineUpdater (StateMachineUpdater.java:takeSnapshot(258)) - e7f42ddf-a327-4ac1-a3b9-ef80a1bb28b5@group-5C556B373B53-StateMachineUpdater: Took a snapshot at index 13
2019-09-24 04:21:48,921 [e7f42ddf-a327-4ac1-a3b9-ef80a1bb28b5@group-5C556B373B53-StateMachineUpdater] INFO  impl.StateMachineUpdater (StateMachineUpdater.java:lambda$new$0(83)) - e7f42ddf-a327-4ac1-a3b9-ef80a1bb28b5@group-5C556B373B53-StateMachineUpdater: snapshotIndex: updateIncreasingly 13 -> 13
2019-09-24 04:21:48,922 [ForkJoinPool.commonPool-worker-0] INFO  impl.RaftServerImpl (ServerState.java:close(385)) - e7f42ddf-a327-4ac1-a3b9-ef80a1bb28b5@group-5C556B373B53: closes. applyIndex: 15
2019-09-24 04:21:48,922 [e7f42ddf-a327-4ac1-a3b9-ef80a1bb28b5@group-5C556B373B53-SegmentedRaftLogWorker] INFO  segmented.SegmentedRaftLogWorker (SegmentedRaftLogWorker.java:run(313)) - e7f42ddf-a327-4ac1-a3b9-ef80a1bb28b5@group-5C556B373B53-SegmentedRaftLogWorker was interrupted, exiting. There are 0 tasks remaining in the queue.
2019-09-24 04:21:48,922 [ForkJoinPool.commonPool-worker-0] INFO  segmented.SegmentedRaftLogWorker (SegmentedRaftLogWorker.java:close(228)) - e7f42ddf-a327-4ac1-a3b9-ef80a1bb28b5@group-5C556B373B53-SegmentedRaftLogWorker close()
2019-09-24 04:21:48,923 [ForkJoinPool.commonPool-worker-0] INFO  server.GrpcService (GrpcService.java:closeImpl(164)) - e7f42ddf-a327-4ac1-a3b9-ef80a1bb28b5: shutdown server with port 32958 now
2019-09-24 04:21:48,924 [ForkJoinPool.commonPool-worker-0] INFO  server.GrpcService (GrpcService.java:closeImpl(172)) - e7f42ddf-a327-4ac1-a3b9-ef80a1bb28b5: shutdown server with port 32958 successfully
2019-09-24 04:21:48,929 [refreshUsed-/workdir/hadoop-ozone/integration-test/target/test-dir/MiniOzoneClusterImpl-70ed5c72-7c79-4e50-93d4-710ad6ee9320/datanode-5/data/containers] WARN  fs.CachingGetSpaceUsed (CachingGetSpaceUsed.java:run(183)) - Thread Interrupted waiting to refresh disk information: sleep interrupted
2019-09-24 04:21:48,940 [ForkJoinPool.commonPool-worker-0] INFO  utils.BackgroundService (BackgroundService.java:shutdown(148)) - Shutting down service BlockDeletingService
2019-09-24 04:21:48,945 [ForkJoinPool.commonPool-worker-0] INFO  statemachine.DatanodeStateMachine (DatanodeStateMachine.java:stopDaemon(401)) - Ozone container server stopped.
2019-09-24 04:21:48,948 [ForkJoinPool.commonPool-worker-0] INFO  handler.ContextHandler (ContextHandler.java:doStop(910)) - Stopped o.e.j.w.WebAppContext@2f4d32bf{/,null,UNAVAILABLE}{/hddsDatanode}
2019-09-24 04:21:48,949 [ForkJoinPool.commonPool-worker-0] INFO  server.AbstractConnector (AbstractConnector.java:doStop(318)) - Stopped ServerConnector@774d8276{HTTP/1.1,[http/1.1]}{0.0.0.0:0}
2019-09-24 04:21:48,950 [ForkJoinPool.commonPool-worker-0] INFO  handler.ContextHandler (ContextHandler.java:doStop(910)) - Stopped o.e.j.s.ServletContextHandler@57ce2898{/static,jar:file:/home/user/.m2/repository/org/apache/hadoop/hadoop-hdds-container-service/0.5.0-SNAPSHOT/hadoop-hdds-container-service-0.5.0-SNAPSHOT.jar!/webapps/static,UNAVAILABLE}
2019-09-24 04:21:48,951 [ForkJoinPool.commonPool-worker-0] INFO  handler.ContextHandler (ContextHandler.java:doStop(910)) - Stopped o.e.j.s.ServletContextHandler@7b297740{/logs,file:///workdir/hadoop-ozone/integration-test/target/log,UNAVAILABLE}
2019-09-24 04:21:48,951 [EventQueue-StaleNodeForStaleNodeHandler] INFO  node.StaleNodeHandler (StaleNodeHandler.java:onMessage(58)) - Datanode e7f42ddf-a327-4ac1-a3b9-ef80a1bb28b5{ip: 192.168.151.75, host: pr-hdds-2034-r6745-1453098948, networkLocation: /default-rack, certSerialId: null} moved to stale state. Finalizing its pipelines [PipelineID=0765036a-339c-43da-9fc3-4e02d81bf771, PipelineID=3dd83e0d-84fc-43de-b71d-5c556b373b53]
2019-09-24 04:21:48,951 [EventQueue-StaleNodeForStaleNodeHandler] INFO  pipeline.SCMPipelineManager (SCMPipelineManager.java:finalizeAndDestroyPipeline(348)) - destroying pipeline:Pipeline[ Id: 0765036a-339c-43da-9fc3-4e02d81bf771, Nodes: e7f42ddf-a327-4ac1-a3b9-ef80a1bb28b5{ip: 192.168.151.75, host: pr-hdds-2034-r6745-1453098948, networkLocation: /default-rack, certSerialId: null}, Type:RATIS, Factor:ONE, State:OPEN]
2019-09-24 04:21:48,951 [main] INFO  ozone.MiniOzoneClusterImpl (MiniOzoneClusterImpl.java:stopSCM(398)) - Stopping the StorageContainerManager
2019-09-24 04:21:48,952 [EventQueue-StaleNodeForStaleNodeHandler] INFO  pipeline.PipelineStateManager (PipelineStateManager.java:finalizePipeline(123)) - Pipeline Pipeline[ Id: 0765036a-339c-43da-9fc3-4e02d81bf771, Nodes: e7f42ddf-a327-4ac1-a3b9-ef80a1bb28b5{ip: 192.168.151.75, host: pr-hdds-2034-r6745-1453098948, networkLocation: /default-rack, certSerialId: null}, Type:RATIS, Factor:ONE, State:CLOSED] moved to CLOSED state
2019-09-24 04:21:48,952 [main] INFO  server.StorageContainerManager (StorageContainerManager.java:stop(808)) - Stopping Replication Manager Service.
2019-09-24 04:21:48,952 [EventQueue-StaleNodeForStaleNodeHandler] INFO  pipeline.SCMPipelineManager (SCMPipelineManager.java:finalizeAndDestroyPipeline(348)) - destroying pipeline:Pipeline[ Id: 3dd83e0d-84fc-43de-b71d-5c556b373b53, Nodes: 43ecf24d-7403-4a92-903b-bd0d080d9eca{ip: 192.168.151.75, host: pr-hdds-2034-r6745-1453098948, networkLocation: /default-rack, certSerialId: null}6e4d579b-45b2-4620-be61-729cd2425cf8{ip: 192.168.151.75, host: pr-hdds-2034-r6745-1453098948, networkLocation: /default-rack, certSerialId: null}e7f42ddf-a327-4ac1-a3b9-ef80a1bb28b5{ip: 192.168.151.75, host: pr-hdds-2034-r6745-1453098948, networkLocation: /default-rack, certSerialId: null}, Type:RATIS, Factor:THREE, State:CLOSED]
2019-09-24 04:21:48,952 [main] INFO  container.ReplicationManager (ReplicationManager.java:stop(204)) - Stopping Replication Monitor Thread.
2019-09-24 04:21:48,952 [main] INFO  server.StorageContainerManager (StorageContainerManager.java:stop(815)) - Stopping Lease Manager of the command watchers
2019-09-24 04:21:48,952 [main] INFO  server.StorageContainerManager (StorageContainerManager.java:stop(822)) - Stopping datanode service RPC server
2019-09-24 04:21:48,953 [main] INFO  server.SCMDatanodeProtocolServer (SCMDatanodeProtocolServer.java:stop(387)) - Stopping the RPC server for DataNodes
2019-09-24 04:21:48,953 [main] INFO  ipc.Server (Server.java:stop(3082)) - Stopping server on 35768
2019-09-24 04:21:48,955 [IPC Server listener on 35768] INFO  ipc.Server (Server.java:run(1185)) - Stopping IPC Server listener on 35768
2019-09-24 04:21:48,956 [IPC Server Responder] INFO  ipc.Server (Server.java:run(1319)) - Stopping IPC Server Responder
2019-09-24 04:21:49,050 [SCM Heartbeat Processing Thread - 0] WARN  node.NodeStateManager (NodeStateManager.java:scheduleNextHealthCheck(655)) - Current Thread is interrupted, shutting down HB processing thread for Node Manager.
2019-09-24 04:21:49,050 [main] INFO  server.StorageContainerManager (StorageContainerManager.java:stop(830)) - Stopping block service RPC server
2019-09-24 04:21:49,050 [main] INFO  server.SCMBlockProtocolServer (SCMBlockProtocolServer.java:stop(155)) - Stopping the RPC server for Block Protocol
2019-09-24 04:21:49,051 [main] INFO  ipc.Server (Server.java:stop(3082)) - Stopping server on 41988
2019-09-24 04:21:49,053 [IPC Server listener on 41988] INFO  ipc.Server (Server.java:run(1185)) - Stopping IPC Server listener on 41988
2019-09-24 04:21:49,054 [main] INFO  server.StorageContainerManager (StorageContainerManager.java:stop(837)) - Stopping the StorageContainerLocationProtocol RPC server
2019-09-24 04:21:49,054 [main] INFO  server.SCMClientProtocolServer (SCMClientProtocolServer.java:stop(159)) - Stopping the RPC server for Client Protocol
2019-09-24 04:21:49,055 [main] INFO  ipc.Server (Server.java:stop(3082)) - Stopping server on 35195
2019-09-24 04:21:49,054 [IPC Server Responder] INFO  ipc.Server (Server.java:run(1319)) - Stopping IPC Server Responder
2019-09-24 04:21:49,059 [main] INFO  server.StorageContainerManager (StorageContainerManager.java:stop(844)) - Stopping Storage Container Manager HTTP server.
2019-09-24 04:21:49,059 [IPC Server listener on 35195] INFO  ipc.Server (Server.java:run(1185)) - Stopping IPC Server listener on 35195
2019-09-24 04:21:49,059 [IPC Server Responder] INFO  ipc.Server (Server.java:run(1319)) - Stopping IPC Server Responder
2019-09-24 04:21:49,061 [main] INFO  handler.ContextHandler (ContextHandler.java:doStop(910)) - Stopped o.e.j.w.WebAppContext@70881123{/,null,UNAVAILABLE}{/scm}
2019-09-24 04:21:49,061 [main] INFO  server.AbstractConnector (AbstractConnector.java:doStop(318)) - Stopped ServerConnector@703fa45{HTTP/1.1,[http/1.1]}{0.0.0.0:0}
2019-09-24 04:21:49,062 [main] INFO  handler.ContextHandler (ContextHandler.java:doStop(910)) - Stopped o.e.j.s.ServletContextHandler@34136bd1{/static,file:///workdir/hadoop-ozone/integration-test/target/test-classes/webapps/static,UNAVAILABLE}
2019-09-24 04:21:49,062 [main] INFO  handler.ContextHandler (ContextHandler.java:doStop(910)) - Stopped o.e.j.s.ServletContextHandler@28be7fec{/logs,file:///workdir/hadoop-ozone/integration-test/target/log,UNAVAILABLE}
2019-09-24 04:21:49,063 [main] INFO  server.StorageContainerManager (StorageContainerManager.java:stop(855)) - Stopping Block Manager Service.
2019-09-24 04:21:49,063 [main] INFO  utils.BackgroundService (BackgroundService.java:shutdown(148)) - Shutting down service SCMBlockDeletingService
2019-09-24 04:21:49,063 [main] INFO  utils.BackgroundService (BackgroundService.java:shutdown(148)) - Shutting down service SCMBlockDeletingService
2019-09-24 04:21:49,063 [main] INFO  server.StorageContainerManager (StorageContainerManager.java:stop(877)) - Stopping SCM Event Queue.
2019-09-24 04:21:49,068 [main] INFO  impl.MetricsSystemImpl (MetricsSystemImpl.java:stop(210)) - Stopping HddsDatanode metrics system...
2019-09-24 04:21:49,095 [main] INFO  impl.MetricsSystemImpl (MetricsSystemImpl.java:stop(216)) - HddsDatanode metrics system stopped.
]]></system-out>
    <system-err><![CDATA[Sep 24, 2019 4:21:14 AM org.apache.ratis.thirdparty.io.grpc.internal.ManagedChannelOrphanWrapper$ManagedChannelReference cleanQueue
SEVERE: *~*~*~ Channel ManagedChannelImpl{logId=2889, target=192.168.151.75:42660} was not shutdown properly!!! ~*~*~*
    Make sure to call shutdown()/shutdownNow() and wait until awaitTermination() returns true.
java.lang.RuntimeException: ManagedChannel allocation site
	at org.apache.ratis.thirdparty.io.grpc.internal.ManagedChannelOrphanWrapper$ManagedChannelReference.<init>(ManagedChannelOrphanWrapper.java:103)
	at org.apache.ratis.thirdparty.io.grpc.internal.ManagedChannelOrphanWrapper.<init>(ManagedChannelOrphanWrapper.java:53)
	at org.apache.ratis.thirdparty.io.grpc.internal.ManagedChannelOrphanWrapper.<init>(ManagedChannelOrphanWrapper.java:44)
	at org.apache.ratis.thirdparty.io.grpc.internal.AbstractManagedChannelImplBuilder.build(AbstractManagedChannelImplBuilder.java:411)
	at org.apache.hadoop.hdds.scm.XceiverClientGrpc.connectToDatanode(XceiverClientGrpc.java:181)
	at org.apache.hadoop.hdds.scm.XceiverClientGrpc.reconnect(XceiverClientGrpc.java:429)
	at org.apache.hadoop.hdds.scm.XceiverClientGrpc.sendCommandAsync(XceiverClientGrpc.java:378)
	at org.apache.hadoop.hdds.scm.XceiverClientGrpc.sendCommandWithRetry(XceiverClientGrpc.java:291)
	at org.apache.hadoop.hdds.scm.XceiverClientGrpc.sendCommandWithTraceIDAndRetry(XceiverClientGrpc.java:257)
	at org.apache.hadoop.hdds.scm.XceiverClientGrpc.sendCommand(XceiverClientGrpc.java:240)
	at org.apache.hadoop.hdds.scm.storage.ContainerProtocolCalls.getBlock(ContainerProtocolCalls.java:118)
	at org.apache.hadoop.hdds.scm.storage.BlockInputStream.getChunkInfos(BlockInputStream.java:167)
	at org.apache.hadoop.hdds.scm.storage.BlockInputStream.initialize(BlockInputStream.java:118)
	at org.apache.hadoop.hdds.scm.storage.BlockInputStream.read(BlockInputStream.java:222)
	at org.apache.hadoop.ozone.client.io.KeyInputStream.read(KeyInputStream.java:171)
	at org.apache.hadoop.ozone.client.io.OzoneInputStream.read(OzoneInputStream.java:47)
	at java.io.InputStream.read(InputStream.java:101)
	at org.apache.hadoop.ozone.container.ContainerTestHelper.validateData(ContainerTestHelper.java:714)
	at org.apache.hadoop.ozone.client.rpc.TestBlockOutputStreamWithFailures.validateData(TestBlockOutputStreamWithFailures.java:1216)
	at org.apache.hadoop.ozone.client.rpc.TestBlockOutputStreamWithFailures.testWatchForCommitWithSingleNodeRatis(TestBlockOutputStreamWithFailures.java:918)
	at sun.reflect.NativeMethodAccessorImpl.invoke0(Native Method)
	at sun.reflect.NativeMethodAccessorImpl.invoke(NativeMethodAccessorImpl.java:62)
	at sun.reflect.DelegatingMethodAccessorImpl.invoke(DelegatingMethodAccessorImpl.java:43)
	at java.lang.reflect.Method.invoke(Method.java:498)
	at org.junit.runners.model.FrameworkMethod$1.runReflectiveCall(FrameworkMethod.java:47)
	at org.junit.internal.runners.model.ReflectiveCallable.run(ReflectiveCallable.java:12)
	at org.junit.runners.model.FrameworkMethod.invokeExplosively(FrameworkMethod.java:44)
	at org.junit.internal.runners.statements.InvokeMethod.evaluate(InvokeMethod.java:17)
	at org.junit.internal.runners.statements.RunBefores.evaluate(RunBefores.java:26)
	at org.junit.internal.runners.statements.RunAfters.evaluate(RunAfters.java:27)
	at org.junit.runners.ParentRunner.runLeaf(ParentRunner.java:271)
	at org.junit.runners.BlockJUnit4ClassRunner.runChild(BlockJUnit4ClassRunner.java:70)
	at org.junit.runners.BlockJUnit4ClassRunner.runChild(BlockJUnit4ClassRunner.java:50)
	at org.junit.runners.ParentRunner$3.run(ParentRunner.java:238)
	at org.junit.runners.ParentRunner$1.schedule(ParentRunner.java:63)
	at org.junit.runners.ParentRunner.runChildren(ParentRunner.java:236)
	at org.junit.runners.ParentRunner.access$000(ParentRunner.java:53)
	at org.junit.runners.ParentRunner$2.evaluate(ParentRunner.java:229)
	at org.junit.runners.ParentRunner.run(ParentRunner.java:309)
	at org.apache.maven.surefire.junit4.JUnit4Provider.execute(JUnit4Provider.java:365)
	at org.apache.maven.surefire.junit4.JUnit4Provider.executeWithRerun(JUnit4Provider.java:273)
	at org.apache.maven.surefire.junit4.JUnit4Provider.executeTestSet(JUnit4Provider.java:238)
	at org.apache.maven.surefire.junit4.JUnit4Provider.invoke(JUnit4Provider.java:159)
	at org.apache.maven.surefire.booter.ForkedBooter.invokeProviderInSameClassLoader(ForkedBooter.java:384)
	at org.apache.maven.surefire.booter.ForkedBooter.runSuitesInProcess(ForkedBooter.java:345)
	at org.apache.maven.surefire.booter.ForkedBooter.execute(ForkedBooter.java:126)
	at org.apache.maven.surefire.booter.ForkedBooter.main(ForkedBooter.java:418)

Sep 24, 2019 4:21:14 AM org.apache.ratis.thirdparty.io.grpc.internal.ManagedChannelOrphanWrapper$ManagedChannelReference cleanQueue
SEVERE: *~*~*~ Channel ManagedChannelImpl{logId=2630, target=192.168.151.75:41925} was not shutdown properly!!! ~*~*~*
    Make sure to call shutdown()/shutdownNow() and wait until awaitTermination() returns true.
java.lang.RuntimeException: ManagedChannel allocation site
	at org.apache.ratis.thirdparty.io.grpc.internal.ManagedChannelOrphanWrapper$ManagedChannelReference.<init>(ManagedChannelOrphanWrapper.java:103)
	at org.apache.ratis.thirdparty.io.grpc.internal.ManagedChannelOrphanWrapper.<init>(ManagedChannelOrphanWrapper.java:53)
	at org.apache.ratis.thirdparty.io.grpc.internal.ManagedChannelOrphanWrapper.<init>(ManagedChannelOrphanWrapper.java:44)
	at org.apache.ratis.thirdparty.io.grpc.internal.AbstractManagedChannelImplBuilder.build(AbstractManagedChannelImplBuilder.java:411)
	at org.apache.ratis.grpc.client.GrpcClientProtocolClient.<init>(GrpcClientProtocolClient.java:127)
	at org.apache.ratis.grpc.client.GrpcClientRpc.lambda$new$0(GrpcClientRpc.java:55)
	at org.apache.ratis.util.PeerProxyMap$PeerAndProxy.lambda$getProxy$0(PeerProxyMap.java:61)
	at org.apache.ratis.util.LifeCycle.startAndTransition(LifeCycle.java:202)
	at org.apache.ratis.util.PeerProxyMap$PeerAndProxy.getProxy(PeerProxyMap.java:60)
	at org.apache.ratis.util.PeerProxyMap.getProxy(PeerProxyMap.java:108)
	at org.apache.ratis.grpc.client.GrpcClientRpc.sendRequestAsync(GrpcClientRpc.java:66)
	at org.apache.ratis.client.impl.OrderedAsync.sendRequest(OrderedAsync.java:208)
	at org.apache.ratis.client.impl.OrderedAsync.sendRequestWithRetry(OrderedAsync.java:169)
	at org.apache.ratis.util.SlidingWindow$Client.sendOrDelayRequest(SlidingWindow.java:278)
	at org.apache.ratis.util.SlidingWindow$Client.submitNewRequest(SlidingWindow.java:257)
	at org.apache.ratis.client.impl.OrderedAsync.send(OrderedAsync.java:155)
	at org.apache.ratis.client.impl.RaftClientImpl.sendAsync(RaftClientImpl.java:144)
	at org.apache.ratis.client.impl.RaftClientImpl.sendAsync(RaftClientImpl.java:124)
	at org.apache.hadoop.hdds.scm.XceiverClientRatis.sendRequestAsync(XceiverClientRatis.java:234)
	at org.apache.hadoop.hdds.scm.XceiverClientRatis.sendCommandAsync(XceiverClientRatis.java:332)
	at org.apache.hadoop.hdds.scm.storage.ContainerProtocolCalls.writeChunkAsync(ContainerProtocolCalls.java:310)
	at org.apache.hadoop.hdds.scm.storage.BlockOutputStream.writeChunkToContainer(BlockOutputStream.java:601)
	at org.apache.hadoop.hdds.scm.storage.BlockOutputStream.writeChunk(BlockOutputStream.java:459)
	at org.apache.hadoop.hdds.scm.storage.BlockOutputStream.writeOnRetry(BlockOutputStream.java:285)
	at org.apache.hadoop.ozone.client.io.BlockOutputStreamEntry.writeOnRetry(BlockOutputStreamEntry.java:200)
	at org.apache.hadoop.ozone.client.io.KeyOutputStream.handleWrite(KeyOutputStream.java:206)
	at org.apache.hadoop.ozone.client.io.KeyOutputStream.handleRetry(KeyOutputStream.java:375)
	at org.apache.hadoop.ozone.client.io.KeyOutputStream.handleException(KeyOutputStream.java:324)
	at org.apache.hadoop.ozone.client.io.KeyOutputStream.handleFlushOrClose(KeyOutputStream.java:449)
	at org.apache.hadoop.ozone.client.io.KeyOutputStream.handleWrite(KeyOutputStream.java:232)
	at org.apache.hadoop.ozone.client.io.KeyOutputStream.write(KeyOutputStream.java:190)
	at org.apache.hadoop.ozone.client.io.OzoneOutputStream.write(OzoneOutputStream.java:49)
	at java.io.OutputStream.write(OutputStream.java:75)
	at org.apache.hadoop.ozone.client.rpc.TestBlockOutputStreamWithFailures.testDatanodeFailureWithSingleNodeRatis(TestBlockOutputStreamWithFailures.java:1021)
	at sun.reflect.NativeMethodAccessorImpl.invoke0(Native Method)
	at sun.reflect.NativeMethodAccessorImpl.invoke(NativeMethodAccessorImpl.java:62)
	at sun.reflect.DelegatingMethodAccessorImpl.invoke(DelegatingMethodAccessorImpl.java:43)
	at java.lang.reflect.Method.invoke(Method.java:498)
	at org.junit.runners.model.FrameworkMethod$1.runReflectiveCall(FrameworkMethod.java:47)
	at org.junit.internal.runners.model.ReflectiveCallable.run(ReflectiveCallable.java:12)
	at org.junit.runners.model.FrameworkMethod.invokeExplosively(FrameworkMethod.java:44)
	at org.junit.internal.runners.statements.InvokeMethod.evaluate(InvokeMethod.java:17)
	at org.junit.internal.runners.statements.RunBefores.evaluate(RunBefores.java:26)
	at org.junit.internal.runners.statements.RunAfters.evaluate(RunAfters.java:27)
	at org.junit.runners.ParentRunner.runLeaf(ParentRunner.java:271)
	at org.junit.runners.BlockJUnit4ClassRunner.runChild(BlockJUnit4ClassRunner.java:70)
	at org.junit.runners.BlockJUnit4ClassRunner.runChild(BlockJUnit4ClassRunner.java:50)
	at org.junit.runners.ParentRunner$3.run(ParentRunner.java:238)
	at org.junit.runners.ParentRunner$1.schedule(ParentRunner.java:63)
	at org.junit.runners.ParentRunner.runChildren(ParentRunner.java:236)
	at org.junit.runners.ParentRunner.access$000(ParentRunner.java:53)
	at org.junit.runners.ParentRunner$2.evaluate(ParentRunner.java:229)
	at org.junit.runners.ParentRunner.run(ParentRunner.java:309)
	at org.apache.maven.surefire.junit4.JUnit4Provider.execute(JUnit4Provider.java:365)
	at org.apache.maven.surefire.junit4.JUnit4Provider.executeWithRerun(JUnit4Provider.java:273)
	at org.apache.maven.surefire.junit4.JUnit4Provider.executeTestSet(JUnit4Provider.java:238)
	at org.apache.maven.surefire.junit4.JUnit4Provider.invoke(JUnit4Provider.java:159)
	at org.apache.maven.surefire.booter.ForkedBooter.invokeProviderInSameClassLoader(ForkedBooter.java:384)
	at org.apache.maven.surefire.booter.ForkedBooter.runSuitesInProcess(ForkedBooter.java:345)
	at org.apache.maven.surefire.booter.ForkedBooter.execute(ForkedBooter.java:126)
	at org.apache.maven.surefire.booter.ForkedBooter.main(ForkedBooter.java:418)

Sep 24, 2019 4:21:14 AM org.apache.ratis.thirdparty.io.grpc.internal.ManagedChannelOrphanWrapper$ManagedChannelReference cleanQueue
SEVERE: *~*~*~ Channel ManagedChannelImpl{logId=2675, target=192.168.151.75:40789} was not shutdown properly!!! ~*~*~*
    Make sure to call shutdown()/shutdownNow() and wait until awaitTermination() returns true.
java.lang.RuntimeException: ManagedChannel allocation site
	at org.apache.ratis.thirdparty.io.grpc.internal.ManagedChannelOrphanWrapper$ManagedChannelReference.<init>(ManagedChannelOrphanWrapper.java:103)
	at org.apache.ratis.thirdparty.io.grpc.internal.ManagedChannelOrphanWrapper.<init>(ManagedChannelOrphanWrapper.java:53)
	at org.apache.ratis.thirdparty.io.grpc.internal.ManagedChannelOrphanWrapper.<init>(ManagedChannelOrphanWrapper.java:44)
	at org.apache.ratis.thirdparty.io.grpc.internal.AbstractManagedChannelImplBuilder.build(AbstractManagedChannelImplBuilder.java:411)
	at org.apache.hadoop.hdds.scm.XceiverClientGrpc.connectToDatanode(XceiverClientGrpc.java:181)
	at org.apache.hadoop.hdds.scm.XceiverClientGrpc.reconnect(XceiverClientGrpc.java:429)
	at org.apache.hadoop.hdds.scm.XceiverClientGrpc.sendCommandAsync(XceiverClientGrpc.java:378)
	at org.apache.hadoop.hdds.scm.XceiverClientGrpc.sendCommandWithRetry(XceiverClientGrpc.java:291)
	at org.apache.hadoop.hdds.scm.XceiverClientGrpc.sendCommandWithTraceIDAndRetry(XceiverClientGrpc.java:257)
	at org.apache.hadoop.hdds.scm.XceiverClientGrpc.sendCommand(XceiverClientGrpc.java:240)
	at org.apache.hadoop.hdds.scm.storage.ContainerProtocolCalls.getBlock(ContainerProtocolCalls.java:118)
	at org.apache.hadoop.hdds.scm.storage.BlockInputStream.getChunkInfos(BlockInputStream.java:167)
	at org.apache.hadoop.hdds.scm.storage.BlockInputStream.initialize(BlockInputStream.java:118)
	at org.apache.hadoop.hdds.scm.storage.BlockInputStream.read(BlockInputStream.java:222)
	at org.apache.hadoop.ozone.client.io.KeyInputStream.read(KeyInputStream.java:171)
	at org.apache.hadoop.ozone.client.io.OzoneInputStream.read(OzoneInputStream.java:47)
	at java.io.InputStream.read(InputStream.java:101)
	at org.apache.hadoop.ozone.container.ContainerTestHelper.validateData(ContainerTestHelper.java:714)
	at org.apache.hadoop.ozone.client.rpc.TestBlockOutputStreamWithFailures.validateData(TestBlockOutputStreamWithFailures.java:1216)
	at org.apache.hadoop.ozone.client.rpc.TestBlockOutputStreamWithFailures.testDatanodeFailureWithSingleNodeRatis(TestBlockOutputStreamWithFailures.java:1058)
	at sun.reflect.NativeMethodAccessorImpl.invoke0(Native Method)
	at sun.reflect.NativeMethodAccessorImpl.invoke(NativeMethodAccessorImpl.java:62)
	at sun.reflect.DelegatingMethodAccessorImpl.invoke(DelegatingMethodAccessorImpl.java:43)
	at java.lang.reflect.Method.invoke(Method.java:498)
	at org.junit.runners.model.FrameworkMethod$1.runReflectiveCall(FrameworkMethod.java:47)
	at org.junit.internal.runners.model.ReflectiveCallable.run(ReflectiveCallable.java:12)
	at org.junit.runners.model.FrameworkMethod.invokeExplosively(FrameworkMethod.java:44)
	at org.junit.internal.runners.statements.InvokeMethod.evaluate(InvokeMethod.java:17)
	at org.junit.internal.runners.statements.RunBefores.evaluate(RunBefores.java:26)
	at org.junit.internal.runners.statements.RunAfters.evaluate(RunAfters.java:27)
	at org.junit.runners.ParentRunner.runLeaf(ParentRunner.java:271)
	at org.junit.runners.BlockJUnit4ClassRunner.runChild(BlockJUnit4ClassRunner.java:70)
	at org.junit.runners.BlockJUnit4ClassRunner.runChild(BlockJUnit4ClassRunner.java:50)
	at org.junit.runners.ParentRunner$3.run(ParentRunner.java:238)
	at org.junit.runners.ParentRunner$1.schedule(ParentRunner.java:63)
	at org.junit.runners.ParentRunner.runChildren(ParentRunner.java:236)
	at org.junit.runners.ParentRunner.access$000(ParentRunner.java:53)
	at org.junit.runners.ParentRunner$2.evaluate(ParentRunner.java:229)
	at org.junit.runners.ParentRunner.run(ParentRunner.java:309)
	at org.apache.maven.surefire.junit4.JUnit4Provider.execute(JUnit4Provider.java:365)
	at org.apache.maven.surefire.junit4.JUnit4Provider.executeWithRerun(JUnit4Provider.java:273)
	at org.apache.maven.surefire.junit4.JUnit4Provider.executeTestSet(JUnit4Provider.java:238)
	at org.apache.maven.surefire.junit4.JUnit4Provider.invoke(JUnit4Provider.java:159)
	at org.apache.maven.surefire.booter.ForkedBooter.invokeProviderInSameClassLoader(ForkedBooter.java:384)
	at org.apache.maven.surefire.booter.ForkedBooter.runSuitesInProcess(ForkedBooter.java:345)
	at org.apache.maven.surefire.booter.ForkedBooter.execute(ForkedBooter.java:126)
	at org.apache.maven.surefire.booter.ForkedBooter.main(ForkedBooter.java:418)

Sep 24, 2019 4:21:14 AM org.apache.ratis.thirdparty.io.grpc.internal.ManagedChannelOrphanWrapper$ManagedChannelReference cleanQueue
SEVERE: *~*~*~ Channel ManagedChannelImpl{logId=2894, target=192.168.151.75:42660} was not shutdown properly!!! ~*~*~*
    Make sure to call shutdown()/shutdownNow() and wait until awaitTermination() returns true.
java.lang.RuntimeException: ManagedChannel allocation site
	at org.apache.ratis.thirdparty.io.grpc.internal.ManagedChannelOrphanWrapper$ManagedChannelReference.<init>(ManagedChannelOrphanWrapper.java:103)
	at org.apache.ratis.thirdparty.io.grpc.internal.ManagedChannelOrphanWrapper.<init>(ManagedChannelOrphanWrapper.java:53)
	at org.apache.ratis.thirdparty.io.grpc.internal.ManagedChannelOrphanWrapper.<init>(ManagedChannelOrphanWrapper.java:44)
	at org.apache.ratis.thirdparty.io.grpc.internal.AbstractManagedChannelImplBuilder.build(AbstractManagedChannelImplBuilder.java:411)
	at org.apache.hadoop.hdds.scm.XceiverClientGrpc.connectToDatanode(XceiverClientGrpc.java:181)
	at org.apache.hadoop.hdds.scm.XceiverClientGrpc.reconnect(XceiverClientGrpc.java:429)
	at org.apache.hadoop.hdds.scm.XceiverClientGrpc.sendCommandAsync(XceiverClientGrpc.java:378)
	at org.apache.hadoop.hdds.scm.XceiverClientGrpc.sendCommandWithRetry(XceiverClientGrpc.java:291)
	at org.apache.hadoop.hdds.scm.XceiverClientGrpc.sendCommandWithTraceIDAndRetry(XceiverClientGrpc.java:257)
	at org.apache.hadoop.hdds.scm.XceiverClientGrpc.sendCommand(XceiverClientGrpc.java:240)
	at org.apache.hadoop.hdds.scm.storage.ContainerProtocolCalls.getBlock(ContainerProtocolCalls.java:118)
	at org.apache.hadoop.hdds.scm.storage.BlockInputStream.getChunkInfos(BlockInputStream.java:167)
	at org.apache.hadoop.hdds.scm.storage.BlockInputStream.initialize(BlockInputStream.java:118)
	at org.apache.hadoop.hdds.scm.storage.BlockInputStream.read(BlockInputStream.java:222)
	at org.apache.hadoop.ozone.client.io.KeyInputStream.read(KeyInputStream.java:171)
	at org.apache.hadoop.ozone.client.io.OzoneInputStream.read(OzoneInputStream.java:47)
	at java.io.InputStream.read(InputStream.java:101)
	at org.apache.hadoop.ozone.container.ContainerTestHelper.validateData(ContainerTestHelper.java:714)
	at org.apache.hadoop.ozone.client.rpc.TestBlockOutputStreamWithFailures.validateData(TestBlockOutputStreamWithFailures.java:1216)
	at org.apache.hadoop.ozone.client.rpc.TestBlockOutputStreamWithFailures.testWatchForCommitWithSingleNodeRatis(TestBlockOutputStreamWithFailures.java:918)
	at sun.reflect.NativeMethodAccessorImpl.invoke0(Native Method)
	at sun.reflect.NativeMethodAccessorImpl.invoke(NativeMethodAccessorImpl.java:62)
	at sun.reflect.DelegatingMethodAccessorImpl.invoke(DelegatingMethodAccessorImpl.java:43)
	at java.lang.reflect.Method.invoke(Method.java:498)
	at org.junit.runners.model.FrameworkMethod$1.runReflectiveCall(FrameworkMethod.java:47)
	at org.junit.internal.runners.model.ReflectiveCallable.run(ReflectiveCallable.java:12)
	at org.junit.runners.model.FrameworkMethod.invokeExplosively(FrameworkMethod.java:44)
	at org.junit.internal.runners.statements.InvokeMethod.evaluate(InvokeMethod.java:17)
	at org.junit.internal.runners.statements.RunBefores.evaluate(RunBefores.java:26)
	at org.junit.internal.runners.statements.RunAfters.evaluate(RunAfters.java:27)
	at org.junit.runners.ParentRunner.runLeaf(ParentRunner.java:271)
	at org.junit.runners.BlockJUnit4ClassRunner.runChild(BlockJUnit4ClassRunner.java:70)
	at org.junit.runners.BlockJUnit4ClassRunner.runChild(BlockJUnit4ClassRunner.java:50)
	at org.junit.runners.ParentRunner$3.run(ParentRunner.java:238)
	at org.junit.runners.ParentRunner$1.schedule(ParentRunner.java:63)
	at org.junit.runners.ParentRunner.runChildren(ParentRunner.java:236)
	at org.junit.runners.ParentRunner.access$000(ParentRunner.java:53)
	at org.junit.runners.ParentRunner$2.evaluate(ParentRunner.java:229)
	at org.junit.runners.ParentRunner.run(ParentRunner.java:309)
	at org.apache.maven.surefire.junit4.JUnit4Provider.execute(JUnit4Provider.java:365)
	at org.apache.maven.surefire.junit4.JUnit4Provider.executeWithRerun(JUnit4Provider.java:273)
	at org.apache.maven.surefire.junit4.JUnit4Provider.executeTestSet(JUnit4Provider.java:238)
	at org.apache.maven.surefire.junit4.JUnit4Provider.invoke(JUnit4Provider.java:159)
	at org.apache.maven.surefire.booter.ForkedBooter.invokeProviderInSameClassLoader(ForkedBooter.java:384)
	at org.apache.maven.surefire.booter.ForkedBooter.runSuitesInProcess(ForkedBooter.java:345)
	at org.apache.maven.surefire.booter.ForkedBooter.execute(ForkedBooter.java:126)
	at org.apache.maven.surefire.booter.ForkedBooter.main(ForkedBooter.java:418)

Sep 24, 2019 4:21:15 AM org.apache.ratis.thirdparty.io.grpc.internal.ManagedChannelOrphanWrapper$ManagedChannelReference cleanQueue
SEVERE: *~*~*~ Channel ManagedChannelImpl{logId=2654, target=192.168.151.75:36401} was not shutdown properly!!! ~*~*~*
    Make sure to call shutdown()/shutdownNow() and wait until awaitTermination() returns true.
java.lang.RuntimeException: ManagedChannel allocation site
	at org.apache.ratis.thirdparty.io.grpc.internal.ManagedChannelOrphanWrapper$ManagedChannelReference.<init>(ManagedChannelOrphanWrapper.java:103)
	at org.apache.ratis.thirdparty.io.grpc.internal.ManagedChannelOrphanWrapper.<init>(ManagedChannelOrphanWrapper.java:53)
	at org.apache.ratis.thirdparty.io.grpc.internal.ManagedChannelOrphanWrapper.<init>(ManagedChannelOrphanWrapper.java:44)
	at org.apache.ratis.thirdparty.io.grpc.internal.AbstractManagedChannelImplBuilder.build(AbstractManagedChannelImplBuilder.java:411)
	at org.apache.hadoop.hdds.scm.XceiverClientGrpc.connectToDatanode(XceiverClientGrpc.java:181)
	at org.apache.hadoop.hdds.scm.XceiverClientGrpc.reconnect(XceiverClientGrpc.java:429)
	at org.apache.hadoop.hdds.scm.XceiverClientGrpc.sendCommandAsync(XceiverClientGrpc.java:378)
	at org.apache.hadoop.hdds.scm.XceiverClientGrpc.sendCommandWithRetry(XceiverClientGrpc.java:291)
	at org.apache.hadoop.hdds.scm.XceiverClientGrpc.sendCommandWithTraceIDAndRetry(XceiverClientGrpc.java:257)
	at org.apache.hadoop.hdds.scm.XceiverClientGrpc.sendCommand(XceiverClientGrpc.java:240)
	at org.apache.hadoop.hdds.scm.storage.ContainerProtocolCalls.getBlock(ContainerProtocolCalls.java:118)
	at org.apache.hadoop.hdds.scm.storage.BlockInputStream.getChunkInfos(BlockInputStream.java:167)
	at org.apache.hadoop.hdds.scm.storage.BlockInputStream.initialize(BlockInputStream.java:118)
	at org.apache.hadoop.hdds.scm.storage.BlockInputStream.read(BlockInputStream.java:222)
	at org.apache.hadoop.ozone.client.io.KeyInputStream.read(KeyInputStream.java:171)
	at org.apache.hadoop.ozone.client.io.OzoneInputStream.read(OzoneInputStream.java:47)
	at java.io.InputStream.read(InputStream.java:101)
	at org.apache.hadoop.ozone.container.ContainerTestHelper.validateData(ContainerTestHelper.java:714)
	at org.apache.hadoop.ozone.client.rpc.TestBlockOutputStreamWithFailures.validateData(TestBlockOutputStreamWithFailures.java:1216)
	at org.apache.hadoop.ozone.client.rpc.TestBlockOutputStreamWithFailures.testDatanodeFailureWithSingleNodeRatis(TestBlockOutputStreamWithFailures.java:1058)
	at sun.reflect.NativeMethodAccessorImpl.invoke0(Native Method)
	at sun.reflect.NativeMethodAccessorImpl.invoke(NativeMethodAccessorImpl.java:62)
	at sun.reflect.DelegatingMethodAccessorImpl.invoke(DelegatingMethodAccessorImpl.java:43)
	at java.lang.reflect.Method.invoke(Method.java:498)
	at org.junit.runners.model.FrameworkMethod$1.runReflectiveCall(FrameworkMethod.java:47)
	at org.junit.internal.runners.model.ReflectiveCallable.run(ReflectiveCallable.java:12)
	at org.junit.runners.model.FrameworkMethod.invokeExplosively(FrameworkMethod.java:44)
	at org.junit.internal.runners.statements.InvokeMethod.evaluate(InvokeMethod.java:17)
	at org.junit.internal.runners.statements.RunBefores.evaluate(RunBefores.java:26)
	at org.junit.internal.runners.statements.RunAfters.evaluate(RunAfters.java:27)
	at org.junit.runners.ParentRunner.runLeaf(ParentRunner.java:271)
	at org.junit.runners.BlockJUnit4ClassRunner.runChild(BlockJUnit4ClassRunner.java:70)
	at org.junit.runners.BlockJUnit4ClassRunner.runChild(BlockJUnit4ClassRunner.java:50)
	at org.junit.runners.ParentRunner$3.run(ParentRunner.java:238)
	at org.junit.runners.ParentRunner$1.schedule(ParentRunner.java:63)
	at org.junit.runners.ParentRunner.runChildren(ParentRunner.java:236)
	at org.junit.runners.ParentRunner.access$000(ParentRunner.java:53)
	at org.junit.runners.ParentRunner$2.evaluate(ParentRunner.java:229)
	at org.junit.runners.ParentRunner.run(ParentRunner.java:309)
	at org.apache.maven.surefire.junit4.JUnit4Provider.execute(JUnit4Provider.java:365)
	at org.apache.maven.surefire.junit4.JUnit4Provider.executeWithRerun(JUnit4Provider.java:273)
	at org.apache.maven.surefire.junit4.JUnit4Provider.executeTestSet(JUnit4Provider.java:238)
	at org.apache.maven.surefire.junit4.JUnit4Provider.invoke(JUnit4Provider.java:159)
	at org.apache.maven.surefire.booter.ForkedBooter.invokeProviderInSameClassLoader(ForkedBooter.java:384)
	at org.apache.maven.surefire.booter.ForkedBooter.runSuitesInProcess(ForkedBooter.java:345)
	at org.apache.maven.surefire.booter.ForkedBooter.execute(ForkedBooter.java:126)
	at org.apache.maven.surefire.booter.ForkedBooter.main(ForkedBooter.java:418)

Sep 24, 2019 4:21:15 AM org.apache.ratis.thirdparty.io.grpc.internal.ManagedChannelOrphanWrapper$ManagedChannelReference cleanQueue
SEVERE: *~*~*~ Channel ManagedChannelImpl{logId=2884, target=192.168.151.75:43081} was not shutdown properly!!! ~*~*~*
    Make sure to call shutdown()/shutdownNow() and wait until awaitTermination() returns true.
java.lang.RuntimeException: ManagedChannel allocation site
	at org.apache.ratis.thirdparty.io.grpc.internal.ManagedChannelOrphanWrapper$ManagedChannelReference.<init>(ManagedChannelOrphanWrapper.java:103)
	at org.apache.ratis.thirdparty.io.grpc.internal.ManagedChannelOrphanWrapper.<init>(ManagedChannelOrphanWrapper.java:53)
	at org.apache.ratis.thirdparty.io.grpc.internal.ManagedChannelOrphanWrapper.<init>(ManagedChannelOrphanWrapper.java:44)
	at org.apache.ratis.thirdparty.io.grpc.internal.AbstractManagedChannelImplBuilder.build(AbstractManagedChannelImplBuilder.java:411)
	at org.apache.ratis.grpc.client.GrpcClientProtocolClient.<init>(GrpcClientProtocolClient.java:127)
	at org.apache.ratis.grpc.client.GrpcClientRpc.lambda$new$0(GrpcClientRpc.java:55)
	at org.apache.ratis.util.PeerProxyMap$PeerAndProxy.lambda$getProxy$0(PeerProxyMap.java:61)
	at org.apache.ratis.util.LifeCycle.startAndTransition(LifeCycle.java:202)
	at org.apache.ratis.util.PeerProxyMap$PeerAndProxy.getProxy(PeerProxyMap.java:60)
	at org.apache.ratis.util.PeerProxyMap.getProxy(PeerProxyMap.java:108)
	at org.apache.ratis.grpc.client.GrpcClientRpc.sendRequestAsync(GrpcClientRpc.java:66)
	at org.apache.ratis.client.impl.OrderedAsync.sendRequest(OrderedAsync.java:208)
	at org.apache.ratis.client.impl.OrderedAsync.sendRequestWithRetry(OrderedAsync.java:169)
	at org.apache.ratis.util.SlidingWindow$Client.sendOrDelayRequest(SlidingWindow.java:278)
	at org.apache.ratis.util.SlidingWindow$Client.retry(SlidingWindow.java:294)
	at org.apache.ratis.client.impl.OrderedAsync.lambda$scheduleWithTimeout$7(OrderedAsync.java:195)
	at org.apache.ratis.util.TimeoutScheduler.lambda$onTimeout$0(TimeoutScheduler.java:113)
	at org.apache.ratis.util.TimeoutScheduler.lambda$onTimeout$1(TimeoutScheduler.java:133)
	at org.apache.ratis.util.LogUtils.runAndLog(LogUtils.java:50)
	at org.apache.ratis.util.LogUtils$1.run(LogUtils.java:91)
	at java.util.concurrent.Executors$RunnableAdapter.call(Executors.java:511)
	at java.util.concurrent.FutureTask.run(FutureTask.java:266)
	at java.util.concurrent.ScheduledThreadPoolExecutor$ScheduledFutureTask.access$201(ScheduledThreadPoolExecutor.java:180)
	at java.util.concurrent.ScheduledThreadPoolExecutor$ScheduledFutureTask.run(ScheduledThreadPoolExecutor.java:293)
	at java.util.concurrent.ThreadPoolExecutor.runWorker(ThreadPoolExecutor.java:1149)
	at java.util.concurrent.ThreadPoolExecutor$Worker.run(ThreadPoolExecutor.java:624)
	at java.lang.Thread.run(Thread.java:748)

Sep 24, 2019 4:21:38 AM org.apache.ratis.thirdparty.io.grpc.internal.SerializingExecutor run
SEVERE: Exception while executing runnable org.apache.ratis.thirdparty.io.grpc.internal.ServerImpl$JumpToApplicationThreadServerStreamListener$1Closed@2a8f7a08
org.apache.ratis.thirdparty.io.grpc.StatusRuntimeException: CANCELLED: call already cancelled
	at org.apache.ratis.thirdparty.io.grpc.Status.asRuntimeException(Status.java:517)
	at org.apache.ratis.thirdparty.io.grpc.stub.ServerCalls$ServerCallStreamObserverImpl.onCompleted(ServerCalls.java:356)
	at org.apache.ratis.grpc.server.GrpcServerProtocolService$ServerRequestStreamObserver.onError(GrpcServerProtocolService.java:121)
	at org.apache.ratis.thirdparty.io.grpc.stub.ServerCalls$StreamingServerCallHandler$StreamingServerCallListener.onCancel(ServerCalls.java:269)
	at org.apache.ratis.thirdparty.io.grpc.internal.ServerCallImpl$ServerStreamListenerImpl.closed(ServerCallImpl.java:293)
	at org.apache.ratis.thirdparty.io.grpc.internal.ServerImpl$JumpToApplicationThreadServerStreamListener$1Closed.runInContext(ServerImpl.java:741)
	at org.apache.ratis.thirdparty.io.grpc.internal.ContextRunnable.run(ContextRunnable.java:37)
	at org.apache.ratis.thirdparty.io.grpc.internal.SerializingExecutor.run(SerializingExecutor.java:123)
	at java.util.concurrent.ThreadPoolExecutor.runWorker(ThreadPoolExecutor.java:1149)
	at java.util.concurrent.ThreadPoolExecutor$Worker.run(ThreadPoolExecutor.java:624)
	at java.lang.Thread.run(Thread.java:748)

Sep 24, 2019 4:21:38 AM org.apache.ratis.thirdparty.io.grpc.internal.SerializingExecutor run
SEVERE: Exception while executing runnable org.apache.ratis.thirdparty.io.grpc.internal.ServerImpl$JumpToApplicationThreadServerStreamListener$1Closed@2ba69f21
org.apache.ratis.thirdparty.io.grpc.StatusRuntimeException: CANCELLED: call already cancelled
	at org.apache.ratis.thirdparty.io.grpc.Status.asRuntimeException(Status.java:517)
	at org.apache.ratis.thirdparty.io.grpc.stub.ServerCalls$ServerCallStreamObserverImpl.onCompleted(ServerCalls.java:356)
	at org.apache.ratis.grpc.server.GrpcServerProtocolService$ServerRequestStreamObserver.onError(GrpcServerProtocolService.java:121)
	at org.apache.ratis.thirdparty.io.grpc.stub.ServerCalls$StreamingServerCallHandler$StreamingServerCallListener.onCancel(ServerCalls.java:269)
	at org.apache.ratis.thirdparty.io.grpc.internal.ServerCallImpl$ServerStreamListenerImpl.closed(ServerCallImpl.java:293)
	at org.apache.ratis.thirdparty.io.grpc.internal.ServerImpl$JumpToApplicationThreadServerStreamListener$1Closed.runInContext(ServerImpl.java:741)
	at org.apache.ratis.thirdparty.io.grpc.internal.ContextRunnable.run(ContextRunnable.java:37)
	at org.apache.ratis.thirdparty.io.grpc.internal.SerializingExecutor.run(SerializingExecutor.java:123)
	at java.util.concurrent.ThreadPoolExecutor.runWorker(ThreadPoolExecutor.java:1149)
	at java.util.concurrent.ThreadPoolExecutor$Worker.run(ThreadPoolExecutor.java:624)
	at java.lang.Thread.run(Thread.java:748)

]]></system-err>
  </testcase>
  <testcase name="testFailureWithPrimeSizedData" classname="org.apache.hadoop.ozone.client.rpc.TestBlockOutputStreamWithFailures" time="37.059"/>
  <testcase name="testWatchForCommitWithCloseContainerException" classname="org.apache.hadoop.ozone.client.rpc.TestBlockOutputStreamWithFailures" time="37.352"/>
  <testcase name="testExceptionDuringClose" classname="org.apache.hadoop.ozone.client.rpc.TestBlockOutputStreamWithFailures" time="37.184"/>
</testsuite>