<?xml version="1.0" encoding="UTF-8"?>
<testsuite xmlns:xsi="http://www.w3.org/2001/XMLSchema-instance" xsi:noNamespaceSchemaLocation="https://maven.apache.org/surefire/maven-surefire-plugin/xsd/surefire-test-report.xsd" name="org.apache.hadoop.ozone.client.rpc.TestCloseContainerHandlingByClient" time="66.73" tests="8" errors="0" skipped="1" failures="1">
  <properties>
    <property name="awt.toolkit" value="sun.awt.X11.XToolkit"/>
    <property name="file.encoding.pkg" value="sun.io"/>
    <property name="java.specification.version" value="1.8"/>
    <property name="sun.cpu.isalist" value=""/>
    <property name="sun.jnu.encoding" value="UTF-8"/>
    <property name="java.class.path" value="/workdir/hadoop-ozone/integration-test/target/test-classes:/workdir/hadoop-ozone/integration-test/target/classes:/home/user/.m2/repository/org/apache/hadoop/hadoop-ozone-common/0.5.0-SNAPSHOT/hadoop-ozone-common-0.5.0-SNAPSHOT.jar:/home/user/.m2/repository/org/apache/commons/commons-compress/1.4.1/commons-compress-1.4.1.jar:/home/user/.m2/repository/org/tukaani/xz/1.0/xz-1.0.jar:/home/user/.m2/repository/org/apache/hadoop/hadoop-common/3.2.0/hadoop-common-3.2.0.jar:/home/user/.m2/repository/org/apache/hadoop/hadoop-hdfs/3.2.0/hadoop-hdfs-3.2.0.jar:/home/user/.m2/repository/org/apache/hadoop/hadoop-hdfs-client/3.2.0/hadoop-hdfs-client-3.2.0.jar:/home/user/.m2/repository/com/fasterxml/jackson/core/jackson-annotations/2.9.5/jackson-annotations-2.9.5.jar:/home/user/.m2/repository/org/apache/hadoop/hadoop-hdds-common/0.5.0-SNAPSHOT/hadoop-hdds-common-0.5.0-SNAPSHOT.jar:/home/user/.m2/repository/javax/annotation/javax.annotation-api/1.2/javax.annotation-api-1.2.jar:/home/user/.m2/repository/org/apache/ratis/ratis-server/0.4.0-2337318-SNAPSHOT/ratis-server-0.4.0-2337318-SNAPSHOT.jar:/home/user/.m2/repository/org/apache/ratis/ratis-thirdparty-misc/0.2.0/ratis-thirdparty-misc-0.2.0.jar:/home/user/.m2/repository/org/apache/ratis/ratis-proto/0.4.0-2337318-SNAPSHOT/ratis-proto-0.4.0-2337318-SNAPSHOT.jar:/home/user/.m2/repository/org/apache/ratis/ratis-common/0.4.0-2337318-SNAPSHOT/ratis-common-0.4.0-2337318-SNAPSHOT.jar:/home/user/.m2/repository/org/apache/ratis/ratis-client/0.4.0-2337318-SNAPSHOT/ratis-client-0.4.0-2337318-SNAPSHOT.jar:/home/user/.m2/repository/org/apache/ratis/ratis-metrics/0.4.0-2337318-SNAPSHOT/ratis-metrics-0.4.0-2337318-SNAPSHOT.jar:/home/user/.m2/repository/org/apache/ratis/ratis-netty/0.4.0-2337318-SNAPSHOT/ratis-netty-0.4.0-2337318-SNAPSHOT.jar:/home/user/.m2/repository/org/apache/ratis/ratis-grpc/0.4.0-2337318-SNAPSHOT/ratis-grpc-0.4.0-2337318-SNAPSHOT.jar:/home/user/.m2/repository/org/rocksdb/rocksdbjni/6.0.1/rocksdbjni-6.0.1.jar:/home/user/.m2/repository/org/apache/logging/log4j/log4j-api/2.11.0/log4j-api-2.11.0.jar:/home/user/.m2/repository/org/apache/logging/log4j/log4j-core/2.11.0/log4j-core-2.11.0.jar:/home/user/.m2/repository/com/lmax/disruptor/3.4.2/disruptor-3.4.2.jar:/home/user/.m2/repository/org/apache/commons/commons-pool2/2.6.0/commons-pool2-2.6.0.jar:/home/user/.m2/repository/org/bouncycastle/bcpkix-jdk15on/1.60/bcpkix-jdk15on-1.60.jar:/home/user/.m2/repository/commons-validator/commons-validator/1.6/commons-validator-1.6.jar:/home/user/.m2/repository/commons-digester/commons-digester/1.8.1/commons-digester-1.8.1.jar:/home/user/.m2/repository/io/jaegertracing/jaeger-client/0.33.1/jaeger-client-0.33.1.jar:/home/user/.m2/repository/io/jaegertracing/jaeger-thrift/0.33.1/jaeger-thrift-0.33.1.jar:/home/user/.m2/repository/org/apache/thrift/libthrift/0.11.0/libthrift-0.11.0.jar:/home/user/.m2/repository/com/squareup/okhttp3/okhttp/3.9.0/okhttp-3.9.0.jar:/home/user/.m2/repository/com/squareup/okio/okio/1.13.0/okio-1.13.0.jar:/home/user/.m2/repository/io/jaegertracing/jaeger-core/0.33.1/jaeger-core-0.33.1.jar:/home/user/.m2/repository/io/jaegertracing/jaeger-tracerresolver/0.33.1/jaeger-tracerresolver-0.33.1.jar:/home/user/.m2/repository/io/opentracing/contrib/opentracing-tracerresolver/0.1.5/opentracing-tracerresolver-0.1.5.jar:/home/user/.m2/repository/io/opentracing/opentracing-util/0.31.0/opentracing-util-0.31.0.jar:/home/user/.m2/repository/io/opentracing/opentracing-api/0.31.0/opentracing-api-0.31.0.jar:/home/user/.m2/repository/io/opentracing/opentracing-noop/0.31.0/opentracing-noop-0.31.0.jar:/home/user/.m2/repository/org/apache/hadoop/hadoop-hdds-server-framework/0.5.0-SNAPSHOT/hadoop-hdds-server-framework-0.5.0-SNAPSHOT.jar:/home/user/.m2/repository/org/apache/hadoop/hadoop-hdds-container-service/0.5.0-SNAPSHOT/hadoop-hdds-container-service-0.5.0-SNAPSHOT.jar:/home/user/.m2/repository/org/apache/hadoop/hadoop-hdds-client/0.5.0-SNAPSHOT/hadoop-hdds-client-0.5.0-SNAPSHOT.jar:/home/user/.m2/repository/org/apache/hadoop/hadoop-hdds-tools/0.5.0-SNAPSHOT/hadoop-hdds-tools-0.5.0-SNAPSHOT.jar:/home/user/.m2/repository/org/apache/hadoop/hadoop-hdds-server-scm/0.5.0-SNAPSHOT/hadoop-hdds-server-scm-0.5.0-SNAPSHOT.jar:/home/user/.m2/repository/org/apache/hadoop/hadoop-hdds-docs/0.5.0-SNAPSHOT/hadoop-hdds-docs-0.5.0-SNAPSHOT.jar:/home/user/.m2/repository/io/dropwizard/metrics/metrics-core/3.2.4/metrics-core-3.2.4.jar:/home/user/.m2/repository/org/hamcrest/hamcrest-all/1.3/hamcrest-all-1.3.jar:/home/user/.m2/repository/org/bouncycastle/bcprov-jdk15on/1.60/bcprov-jdk15on-1.60.jar:/home/user/.m2/repository/info/picocli/picocli/3.9.6/picocli-3.9.6.jar:/home/user/.m2/repository/com/google/protobuf/protobuf-java/2.5.0/protobuf-java-2.5.0.jar:/home/user/.m2/repository/com/google/guava/guava/11.0.2/guava-11.0.2.jar:/home/user/.m2/repository/org/apache/hadoop/hadoop-ozone-ozone-manager/0.5.0-SNAPSHOT/hadoop-ozone-ozone-manager-0.5.0-SNAPSHOT.jar:/home/user/.m2/repository/org/apache/hadoop/hadoop-minikdc/3.2.0/hadoop-minikdc-3.2.0.jar:/home/user/.m2/repository/commons-io/commons-io/2.5/commons-io-2.5.jar:/home/user/.m2/repository/org/apache/kerby/kerb-simplekdc/1.0.1/kerb-simplekdc-1.0.1.jar:/home/user/.m2/repository/org/apache/kerby/kerb-client/1.0.1/kerb-client-1.0.1.jar:/home/user/.m2/repository/org/apache/kerby/kerby-config/1.0.1/kerby-config-1.0.1.jar:/home/user/.m2/repository/org/apache/kerby/kerb-core/1.0.1/kerb-core-1.0.1.jar:/home/user/.m2/repository/org/apache/kerby/kerby-pkix/1.0.1/kerby-pkix-1.0.1.jar:/home/user/.m2/repository/org/apache/kerby/kerby-asn1/1.0.1/kerby-asn1-1.0.1.jar:/home/user/.m2/repository/org/apache/kerby/kerby-util/1.0.1/kerby-util-1.0.1.jar:/home/user/.m2/repository/org/apache/kerby/kerb-common/1.0.1/kerb-common-1.0.1.jar:/home/user/.m2/repository/org/apache/kerby/kerb-crypto/1.0.1/kerb-crypto-1.0.1.jar:/home/user/.m2/repository/org/apache/kerby/kerb-util/1.0.1/kerb-util-1.0.1.jar:/home/user/.m2/repository/org/apache/kerby/token-provider/1.0.1/token-provider-1.0.1.jar:/home/user/.m2/repository/org/apache/kerby/kerb-admin/1.0.1/kerb-admin-1.0.1.jar:/home/user/.m2/repository/org/apache/kerby/kerb-server/1.0.1/kerb-server-1.0.1.jar:/home/user/.m2/repository/org/apache/kerby/kerb-identity/1.0.1/kerb-identity-1.0.1.jar:/home/user/.m2/repository/org/apache/kerby/kerby-xdr/1.0.1/kerby-xdr-1.0.1.jar:/home/user/.m2/repository/org/slf4j/slf4j-log4j12/1.7.25/slf4j-log4j12-1.7.25.jar:/home/user/.m2/repository/org/apache/hadoop/hadoop-ozone-s3gateway/0.5.0-SNAPSHOT/hadoop-ozone-s3gateway-0.5.0-SNAPSHOT.jar:/home/user/.m2/repository/org/jboss/weld/servlet/weld-servlet/2.4.7.Final/weld-servlet-2.4.7.Final.jar:/home/user/.m2/repository/org/glassfish/jersey/containers/jersey-container-servlet-core/2.27/jersey-container-servlet-core-2.27.jar:/home/user/.m2/repository/org/glassfish/hk2/external/javax.inject/2.5.0-b42/javax.inject-2.5.0-b42.jar:/home/user/.m2/repository/org/glassfish/jersey/core/jersey-common/2.27/jersey-common-2.27.jar:/home/user/.m2/repository/org/glassfish/hk2/osgi-resource-locator/1.0.1/osgi-resource-locator-1.0.1.jar:/home/user/.m2/repository/javax/ws/rs/javax.ws.rs-api/2.1/javax.ws.rs-api-2.1.jar:/home/user/.m2/repository/org/glassfish/jersey/ext/cdi/jersey-cdi1x/2.27/jersey-cdi1x-2.27.jar:/home/user/.m2/repository/org/glassfish/jersey/inject/jersey-hk2/2.27/jersey-hk2-2.27.jar:/home/user/.m2/repository/org/glassfish/hk2/hk2-locator/2.5.0-b42/hk2-locator-2.5.0-b42.jar:/home/user/.m2/repository/org/javassist/javassist/3.22.0-CR2/javassist-3.22.0-CR2.jar:/home/user/.m2/repository/org/glassfish/hk2/hk2-api/2.5.0/hk2-api-2.5.0.jar:/home/user/.m2/repository/org/glassfish/hk2/external/jakarta.inject/2.5.0/jakarta.inject-2.5.0.jar:/home/user/.m2/repository/org/glassfish/hk2/hk2-utils/2.5.0/hk2-utils-2.5.0.jar:/home/user/.m2/repository/jakarta/annotation/jakarta.annotation-api/1.3.4/jakarta.annotation-api-1.3.4.jar:/home/user/.m2/repository/org/glassfish/hk2/external/aopalliance-repackaged/2.5.0/aopalliance-repackaged-2.5.0.jar:/home/user/.m2/repository/com/fasterxml/jackson/dataformat/jackson-dataformat-xml/2.9.0/jackson-dataformat-xml-2.9.0.jar:/home/user/.m2/repository/com/fasterxml/jackson/core/jackson-core/2.9.5/jackson-core-2.9.5.jar:/home/user/.m2/repository/com/fasterxml/jackson/module/jackson-module-jaxb-annotations/2.9.5/jackson-module-jaxb-annotations-2.9.5.jar:/home/user/.m2/repository/javax/enterprise/cdi-api/1.2/cdi-api-1.2.jar:/home/user/.m2/repository/javax/el/javax.el-api/3.0.0/javax.el-api-3.0.0.jar:/home/user/.m2/repository/javax/interceptor/javax.interceptor-api/1.2/javax.interceptor-api-1.2.jar:/home/user/.m2/repository/javax/inject/javax.inject/1/javax.inject-1.jar:/home/user/.m2/repository/com/sun/xml/bind/jaxb-impl/2.3.0.1/jaxb-impl-2.3.0.1.jar:/home/user/.m2/repository/com/sun/xml/bind/jaxb-core/2.3.0.1/jaxb-core-2.3.0.1.jar:/home/user/.m2/repository/javax/xml/bind/jaxb-api/2.3.0/jaxb-api-2.3.0.jar:/home/user/.m2/repository/javax/activation/activation/1.1.1/activation-1.1.1.jar:/home/user/.m2/repository/org/apache/hadoop/hadoop-ozone-csi/0.5.0-SNAPSHOT/hadoop-ozone-csi-0.5.0-SNAPSHOT.jar:/home/user/.m2/repository/com/google/protobuf/protobuf-java-util/3.5.1/protobuf-java-util-3.5.1.jar:/home/user/.m2/repository/org/apache/hadoop/hadoop-hdds-config/0.5.0-SNAPSHOT/hadoop-hdds-config-0.5.0-SNAPSHOT.jar:/home/user/.m2/repository/io/grpc/grpc-netty/1.17.1/grpc-netty-1.17.1.jar:/home/user/.m2/repository/io/grpc/grpc-core/1.17.1/grpc-core-1.17.1.jar:/home/user/.m2/repository/io/grpc/grpc-context/1.17.1/grpc-context-1.17.1.jar:/home/user/.m2/repository/com/google/errorprone/error_prone_annotations/2.2.0/error_prone_annotations-2.2.0.jar:/home/user/.m2/repository/org/codehaus/mojo/animal-sniffer-annotations/1.17/animal-sniffer-annotations-1.17.jar:/home/user/.m2/repository/io/opencensus/opencensus-api/0.17.0/opencensus-api-0.17.0.jar:/home/user/.m2/repository/io/opencensus/opencensus-contrib-grpc-metrics/0.17.0/opencensus-contrib-grpc-metrics-0.17.0.jar:/home/user/.m2/repository/io/netty/netty-codec-http2/4.1.30.Final/netty-codec-http2-4.1.30.Final.jar:/home/user/.m2/repository/io/netty/netty-codec-http/4.1.30.Final/netty-codec-http-4.1.30.Final.jar:/home/user/.m2/repository/io/netty/netty-codec/4.1.30.Final/netty-codec-4.1.30.Final.jar:/home/user/.m2/repository/io/netty/netty-handler/4.1.30.Final/netty-handler-4.1.30.Final.jar:/home/user/.m2/repository/io/netty/netty-handler-proxy/4.1.30.Final/netty-handler-proxy-4.1.30.Final.jar:/home/user/.m2/repository/io/netty/netty-codec-socks/4.1.30.Final/netty-codec-socks-4.1.30.Final.jar:/home/user/.m2/repository/io/netty/netty-transport-native-epoll/4.1.30.Final/netty-transport-native-epoll-4.1.30.Final.jar:/home/user/.m2/repository/io/netty/netty-common/4.1.30.Final/netty-common-4.1.30.Final.jar:/home/user/.m2/repository/io/netty/netty-buffer/4.1.30.Final/netty-buffer-4.1.30.Final.jar:/home/user/.m2/repository/io/netty/netty-transport/4.1.30.Final/netty-transport-4.1.30.Final.jar:/home/user/.m2/repository/io/netty/netty-resolver/4.1.30.Final/netty-resolver-4.1.30.Final.jar:/home/user/.m2/repository/io/netty/netty-transport-native-unix-common/4.1.30.Final/netty-transport-native-unix-common-4.1.30.Final.jar:/home/user/.m2/repository/io/grpc/grpc-protobuf/1.17.1/grpc-protobuf-1.17.1.jar:/home/user/.m2/repository/com/google/api/grpc/proto-google-common-protos/1.0.0/proto-google-common-protos-1.0.0.jar:/home/user/.m2/repository/io/grpc/grpc-protobuf-lite/1.17.1/grpc-protobuf-lite-1.17.1.jar:/home/user/.m2/repository/io/grpc/grpc-stub/1.17.1/grpc-stub-1.17.1.jar:/home/user/.m2/repository/org/apache/hadoop/hadoop-ozone-recon/0.5.0-SNAPSHOT/hadoop-ozone-recon-0.5.0-SNAPSHOT.jar:/home/user/.m2/repository/org/apache/hadoop/hadoop-ozone-reconcodegen/0.5.0-SNAPSHOT/hadoop-ozone-reconcodegen-0.5.0-SNAPSHOT.jar:/home/user/.m2/repository/com/google/inject/extensions/guice-multibindings/4.0/guice-multibindings-4.0.jar:/home/user/.m2/repository/com/google/inject/guice/4.0/guice-4.0.jar:/home/user/.m2/repository/aopalliance/aopalliance/1.0/aopalliance-1.0.jar:/home/user/.m2/repository/com/google/inject/extensions/guice-servlet/4.0/guice-servlet-4.0.jar:/home/user/.m2/repository/org/glassfish/jersey/containers/jersey-container-servlet/2.27/jersey-container-servlet-2.27.jar:/home/user/.m2/repository/org/glassfish/hk2/guice-bridge/2.5.0/guice-bridge-2.5.0.jar:/home/user/.m2/repository/org/glassfish/jersey/core/jersey-server/2.27/jersey-server-2.27.jar:/home/user/.m2/repository/org/glassfish/jersey/core/jersey-client/2.27/jersey-client-2.27.jar:/home/user/.m2/repository/org/glassfish/jersey/media/jersey-media-jaxb/2.27/jersey-media-jaxb-2.27.jar:/home/user/.m2/repository/javax/validation/validation-api/1.1.0.Final/validation-api-1.1.0.Final.jar:/home/user/.m2/repository/org/glassfish/jersey/media/jersey-media-json-jackson/2.27/jersey-media-json-jackson-2.27.jar:/home/user/.m2/repository/org/glassfish/jersey/ext/jersey-entity-filtering/2.27/jersey-entity-filtering-2.27.jar:/home/user/.m2/repository/com/google/inject/extensions/guice-assistedinject/4.0/guice-assistedinject-4.0.jar:/home/user/.m2/repository/org/jooq/jooq/3.11.10/jooq-3.11.10.jar:/home/user/.m2/repository/org/jooq/jooq-meta/3.11.10/jooq-meta-3.11.10.jar:/home/user/.m2/repository/org/jooq/jooq-codegen/3.11.10/jooq-codegen-3.11.10.jar:/home/user/.m2/repository/com/jolbox/bonecp/0.8.0.RELEASE/bonecp-0.8.0.RELEASE.jar:/home/user/.m2/repository/org/xerial/sqlite-jdbc/3.25.2/sqlite-jdbc-3.25.2.jar:/home/user/.m2/repository/org/springframework/spring-jdbc/5.1.3.RELEASE/spring-jdbc-5.1.3.RELEASE.jar:/home/user/.m2/repository/org/springframework/spring-beans/5.1.3.RELEASE/spring-beans-5.1.3.RELEASE.jar:/home/user/.m2/repository/org/springframework/spring-core/5.1.3.RELEASE/spring-core-5.1.3.RELEASE.jar:/home/user/.m2/repository/org/springframework/spring-jcl/5.1.3.RELEASE/spring-jcl-5.1.3.RELEASE.jar:/home/user/.m2/repository/org/springframework/spring-tx/5.1.3.RELEASE/spring-tx-5.1.3.RELEASE.jar:/home/user/.m2/repository/org/apache/hadoop/hadoop-ozone-client/0.5.0-SNAPSHOT/hadoop-ozone-client-0.5.0-SNAPSHOT.jar:/home/user/.m2/repository/commons-lang/commons-lang/2.6/commons-lang-2.6.jar:/home/user/.m2/repository/org/apache/hadoop/hadoop-ozone-ozone-manager/0.5.0-SNAPSHOT/hadoop-ozone-ozone-manager-0.5.0-SNAPSHOT-tests.jar:/home/user/.m2/repository/junit/junit/4.11/junit-4.11.jar:/home/user/.m2/repository/org/hamcrest/hamcrest-core/1.3/hamcrest-core-1.3.jar:/home/user/.m2/repository/org/openjdk/jmh/jmh-core/1.19/jmh-core-1.19.jar:/home/user/.m2/repository/net/sf/jopt-simple/jopt-simple/4.6/jopt-simple-4.6.jar:/home/user/.m2/repository/org/apache/commons/commons-math3/3.1.1/commons-math3-3.1.1.jar:/home/user/.m2/repository/org/openjdk/jmh/jmh-generator-annprocess/1.19/jmh-generator-annprocess-1.19.jar:/home/user/.m2/repository/org/mockito/mockito-all/1.8.5/mockito-all-1.8.5.jar:/home/user/.m2/repository/org/apache/hadoop/hadoop-kms/3.2.0/hadoop-kms-3.2.0.jar:/home/user/.m2/repository/org/apache/hadoop/hadoop-auth/3.2.0/hadoop-auth-3.2.0.jar:/home/user/.m2/repository/com/nimbusds/nimbus-jose-jwt/4.41.1/nimbus-jose-jwt-4.41.1.jar:/home/user/.m2/repository/com/github/stephenc/jcip/jcip-annotations/1.0-1/jcip-annotations-1.0-1.jar:/home/user/.m2/repository/net/minidev/json-smart/2.3/json-smart-2.3.jar:/home/user/.m2/repository/net/minidev/accessors-smart/1.2/accessors-smart-1.2.jar:/home/user/.m2/repository/org/ow2/asm/asm/5.0.4/asm-5.0.4.jar:/home/user/.m2/repository/org/apache/curator/curator-framework/2.12.0/curator-framework-2.12.0.jar:/home/user/.m2/repository/com/sun/jersey/jersey-core/1.19/jersey-core-1.19.jar:/home/user/.m2/repository/javax/ws/rs/jsr311-api/1.1.1/jsr311-api-1.1.1.jar:/home/user/.m2/repository/com/sun/jersey/jersey-server/1.19/jersey-server-1.19.jar:/home/user/.m2/repository/javax/servlet/javax.servlet-api/3.1.0/javax.servlet-api-3.1.0.jar:/home/user/.m2/repository/org/eclipse/jetty/jetty-server/9.3.24.v20180605/jetty-server-9.3.24.v20180605.jar:/home/user/.m2/repository/org/eclipse/jetty/jetty-http/9.3.24.v20180605/jetty-http-9.3.24.v20180605.jar:/home/user/.m2/repository/org/eclipse/jetty/jetty-io/9.3.24.v20180605/jetty-io-9.3.24.v20180605.jar:/home/user/.m2/repository/org/eclipse/jetty/jetty-webapp/9.3.24.v20180605/jetty-webapp-9.3.24.v20180605.jar:/home/user/.m2/repository/org/eclipse/jetty/jetty-xml/9.3.24.v20180605/jetty-xml-9.3.24.v20180605.jar:/home/user/.m2/repository/log4j/log4j/1.2.17/log4j-1.2.17.jar:/home/user/.m2/repository/org/slf4j/slf4j-api/1.7.25/slf4j-api-1.7.25.jar:/home/user/.m2/repository/org/slf4j/jul-to-slf4j/1.7.25/jul-to-slf4j-1.7.25.jar:/home/user/.m2/repository/org/eclipse/jetty/jetty-util/9.3.24.v20180605/jetty-util-9.3.24.v20180605.jar:/home/user/.m2/repository/com/fasterxml/jackson/core/jackson-databind/2.9.5/jackson-databind-2.9.5.jar:/home/user/.m2/repository/org/apache/hadoop/hadoop-kms/3.2.0/hadoop-kms-3.2.0-tests.jar:/home/user/.m2/repository/org/apache/hadoop/hadoop-hdds-server-scm/0.5.0-SNAPSHOT/hadoop-hdds-server-scm-0.5.0-SNAPSHOT-tests.jar:/home/user/.m2/repository/org/apache/hadoop/hadoop-hdds-container-service/0.5.0-SNAPSHOT/hadoop-hdds-container-service-0.5.0-SNAPSHOT-tests.jar:/home/user/.m2/repository/org/yaml/snakeyaml/1.16/snakeyaml-1.16.jar:/home/user/.m2/repository/org/apache/hadoop/hadoop-common/3.2.0/hadoop-common-3.2.0-tests.jar:/home/user/.m2/repository/org/apache/hadoop/hadoop-annotations/3.2.0/hadoop-annotations-3.2.0.jar:/usr/lib/jvm/java-1.8-openjdk/jre/../lib/tools.jar:/home/user/.m2/repository/commons-cli/commons-cli/1.2/commons-cli-1.2.jar:/home/user/.m2/repository/org/apache/httpcomponents/httpclient/4.5.2/httpclient-4.5.2.jar:/home/user/.m2/repository/org/apache/httpcomponents/httpcore/4.4.4/httpcore-4.4.4.jar:/home/user/.m2/repository/commons-codec/commons-codec/1.11/commons-codec-1.11.jar:/home/user/.m2/repository/commons-net/commons-net/3.6/commons-net-3.6.jar:/home/user/.m2/repository/commons-collections/commons-collections/3.2.2/commons-collections-3.2.2.jar:/home/user/.m2/repository/org/eclipse/jetty/jetty-servlet/9.3.24.v20180605/jetty-servlet-9.3.24.v20180605.jar:/home/user/.m2/repository/org/eclipse/jetty/jetty-security/9.3.24.v20180605/jetty-security-9.3.24.v20180605.jar:/home/user/.m2/repository/javax/servlet/jsp/jsp-api/2.1/jsp-api-2.1.jar:/home/user/.m2/repository/com/sun/jersey/jersey-servlet/1.19/jersey-servlet-1.19.jar:/home/user/.m2/repository/com/sun/jersey/jersey-json/1.19/jersey-json-1.19.jar:/home/user/.m2/repository/org/codehaus/jettison/jettison/1.1/jettison-1.1.jar:/home/user/.m2/repository/org/codehaus/jackson/jackson-core-asl/1.9.13/jackson-core-asl-1.9.13.jar:/home/user/.m2/repository/org/codehaus/jackson/jackson-mapper-asl/1.9.13/jackson-mapper-asl-1.9.13.jar:/home/user/.m2/repository/org/codehaus/jackson/jackson-jaxrs/1.9.13/jackson-jaxrs-1.9.13.jar:/home/user/.m2/repository/org/codehaus/jackson/jackson-xc/1.9.13/jackson-xc-1.9.13.jar:/home/user/.m2/repository/commons-logging/commons-logging/1.1.3/commons-logging-1.1.3.jar:/home/user/.m2/repository/commons-beanutils/commons-beanutils/1.9.3/commons-beanutils-1.9.3.jar:/home/user/.m2/repository/org/apache/commons/commons-configuration2/2.1.1/commons-configuration2-2.1.1.jar:/home/user/.m2/repository/org/apache/commons/commons-lang3/3.7/commons-lang3-3.7.jar:/home/user/.m2/repository/org/apache/commons/commons-text/1.4/commons-text-1.4.jar:/home/user/.m2/repository/org/apache/avro/avro/1.7.7/avro-1.7.7.jar:/home/user/.m2/repository/com/thoughtworks/paranamer/paranamer/2.3/paranamer-2.3.jar:/home/user/.m2/repository/org/xerial/snappy/snappy-java/1.0.5/snappy-java-1.0.5.jar:/home/user/.m2/repository/com/google/re2j/re2j/1.1/re2j-1.1.jar:/home/user/.m2/repository/com/google/code/gson/gson/2.2.4/gson-2.2.4.jar:/home/user/.m2/repository/com/jcraft/jsch/0.1.54/jsch-0.1.54.jar:/home/user/.m2/repository/org/apache/curator/curator-client/2.12.0/curator-client-2.12.0.jar:/home/user/.m2/repository/org/apache/curator/curator-recipes/2.12.0/curator-recipes-2.12.0.jar:/home/user/.m2/repository/com/google/code/findbugs/jsr305/3.0.0/jsr305-3.0.0.jar:/home/user/.m2/repository/org/apache/htrace/htrace-core4/4.1.0-incubating/htrace-core4-4.1.0-incubating.jar:/home/user/.m2/repository/org/apache/zookeeper/zookeeper/3.4.13/zookeeper-3.4.13.jar:/home/user/.m2/repository/org/apache/yetus/audience-annotations/0.5.0/audience-annotations-0.5.0.jar:/home/user/.m2/repository/org/codehaus/woodstox/stax2-api/3.1.4/stax2-api-3.1.4.jar:/home/user/.m2/repository/com/fasterxml/woodstox/woodstox-core/5.0.3/woodstox-core-5.0.3.jar:/home/user/.m2/repository/dnsjava/dnsjava/2.1.7/dnsjava-2.1.7.jar:/home/user/.m2/repository/org/apache/hadoop/hadoop-hdfs/3.2.0/hadoop-hdfs-3.2.0-tests.jar:/home/user/.m2/repository/org/eclipse/jetty/jetty-util-ajax/9.3.24.v20180605/jetty-util-ajax-9.3.24.v20180605.jar:/home/user/.m2/repository/commons-daemon/commons-daemon/1.0.13/commons-daemon-1.0.13.jar:/home/user/.m2/repository/io/netty/netty/3.10.5.Final/netty-3.10.5.Final.jar:/home/user/.m2/repository/io/netty/netty-all/4.0.52.Final/netty-all-4.0.52.Final.jar:/home/user/.m2/repository/org/fusesource/leveldbjni/leveldbjni-all/1.8/leveldbjni-all-1.8.jar:"/>
    <property name="java.vm.vendor" value="IcedTea"/>
    <property name="sun.arch.data.model" value="64"/>
    <property name="test.build.dir" value="/workdir/hadoop-ozone/integration-test/target/test-dir"/>
    <property name="test.cache.data" value=""/>
    <property name="java.vendor.url" value="https://icedtea.classpath.org"/>
    <property name="user.timezone" value=""/>
    <property name="java.vm.specification.version" value="1.8"/>
    <property name="os.name" value="Linux"/>
    <property name="test.build.data" value="/workdir/hadoop-ozone/integration-test/target/test-dir"/>
    <property name="user.country" value="US"/>
    <property name="sun.java.launcher" value="SUN_STANDARD"/>
    <property name="sun.boot.library.path" value="/usr/lib/jvm/java-1.8-openjdk/jre/lib/amd64"/>
    <property name="sun.java.command" value="/workdir/hadoop-ozone/integration-test/target/surefire/surefirebooter776064331459671037.jar /workdir/hadoop-ozone/integration-test/target/surefire 2019-08-29T18-02-16_304-jvmRun1 surefire3654829408263081640tmp surefire_284234244131483718319tmp"/>
    <property name="test" value="!TestMiniChaosOzoneCluster"/>
    <property name="surefire.test.class.path" value="/workdir/hadoop-ozone/integration-test/target/test-classes:/workdir/hadoop-ozone/integration-test/target/classes:/home/user/.m2/repository/org/apache/hadoop/hadoop-ozone-common/0.5.0-SNAPSHOT/hadoop-ozone-common-0.5.0-SNAPSHOT.jar:/home/user/.m2/repository/org/apache/commons/commons-compress/1.4.1/commons-compress-1.4.1.jar:/home/user/.m2/repository/org/tukaani/xz/1.0/xz-1.0.jar:/home/user/.m2/repository/org/apache/hadoop/hadoop-common/3.2.0/hadoop-common-3.2.0.jar:/home/user/.m2/repository/org/apache/hadoop/hadoop-hdfs/3.2.0/hadoop-hdfs-3.2.0.jar:/home/user/.m2/repository/org/apache/hadoop/hadoop-hdfs-client/3.2.0/hadoop-hdfs-client-3.2.0.jar:/home/user/.m2/repository/com/fasterxml/jackson/core/jackson-annotations/2.9.5/jackson-annotations-2.9.5.jar:/home/user/.m2/repository/org/apache/hadoop/hadoop-hdds-common/0.5.0-SNAPSHOT/hadoop-hdds-common-0.5.0-SNAPSHOT.jar:/home/user/.m2/repository/javax/annotation/javax.annotation-api/1.2/javax.annotation-api-1.2.jar:/home/user/.m2/repository/org/apache/ratis/ratis-server/0.4.0-2337318-SNAPSHOT/ratis-server-0.4.0-2337318-SNAPSHOT.jar:/home/user/.m2/repository/org/apache/ratis/ratis-thirdparty-misc/0.2.0/ratis-thirdparty-misc-0.2.0.jar:/home/user/.m2/repository/org/apache/ratis/ratis-proto/0.4.0-2337318-SNAPSHOT/ratis-proto-0.4.0-2337318-SNAPSHOT.jar:/home/user/.m2/repository/org/apache/ratis/ratis-common/0.4.0-2337318-SNAPSHOT/ratis-common-0.4.0-2337318-SNAPSHOT.jar:/home/user/.m2/repository/org/apache/ratis/ratis-client/0.4.0-2337318-SNAPSHOT/ratis-client-0.4.0-2337318-SNAPSHOT.jar:/home/user/.m2/repository/org/apache/ratis/ratis-metrics/0.4.0-2337318-SNAPSHOT/ratis-metrics-0.4.0-2337318-SNAPSHOT.jar:/home/user/.m2/repository/org/apache/ratis/ratis-netty/0.4.0-2337318-SNAPSHOT/ratis-netty-0.4.0-2337318-SNAPSHOT.jar:/home/user/.m2/repository/org/apache/ratis/ratis-grpc/0.4.0-2337318-SNAPSHOT/ratis-grpc-0.4.0-2337318-SNAPSHOT.jar:/home/user/.m2/repository/org/rocksdb/rocksdbjni/6.0.1/rocksdbjni-6.0.1.jar:/home/user/.m2/repository/org/apache/logging/log4j/log4j-api/2.11.0/log4j-api-2.11.0.jar:/home/user/.m2/repository/org/apache/logging/log4j/log4j-core/2.11.0/log4j-core-2.11.0.jar:/home/user/.m2/repository/com/lmax/disruptor/3.4.2/disruptor-3.4.2.jar:/home/user/.m2/repository/org/apache/commons/commons-pool2/2.6.0/commons-pool2-2.6.0.jar:/home/user/.m2/repository/org/bouncycastle/bcpkix-jdk15on/1.60/bcpkix-jdk15on-1.60.jar:/home/user/.m2/repository/commons-validator/commons-validator/1.6/commons-validator-1.6.jar:/home/user/.m2/repository/commons-digester/commons-digester/1.8.1/commons-digester-1.8.1.jar:/home/user/.m2/repository/io/jaegertracing/jaeger-client/0.33.1/jaeger-client-0.33.1.jar:/home/user/.m2/repository/io/jaegertracing/jaeger-thrift/0.33.1/jaeger-thrift-0.33.1.jar:/home/user/.m2/repository/org/apache/thrift/libthrift/0.11.0/libthrift-0.11.0.jar:/home/user/.m2/repository/com/squareup/okhttp3/okhttp/3.9.0/okhttp-3.9.0.jar:/home/user/.m2/repository/com/squareup/okio/okio/1.13.0/okio-1.13.0.jar:/home/user/.m2/repository/io/jaegertracing/jaeger-core/0.33.1/jaeger-core-0.33.1.jar:/home/user/.m2/repository/io/jaegertracing/jaeger-tracerresolver/0.33.1/jaeger-tracerresolver-0.33.1.jar:/home/user/.m2/repository/io/opentracing/contrib/opentracing-tracerresolver/0.1.5/opentracing-tracerresolver-0.1.5.jar:/home/user/.m2/repository/io/opentracing/opentracing-util/0.31.0/opentracing-util-0.31.0.jar:/home/user/.m2/repository/io/opentracing/opentracing-api/0.31.0/opentracing-api-0.31.0.jar:/home/user/.m2/repository/io/opentracing/opentracing-noop/0.31.0/opentracing-noop-0.31.0.jar:/home/user/.m2/repository/org/apache/hadoop/hadoop-hdds-server-framework/0.5.0-SNAPSHOT/hadoop-hdds-server-framework-0.5.0-SNAPSHOT.jar:/home/user/.m2/repository/org/apache/hadoop/hadoop-hdds-container-service/0.5.0-SNAPSHOT/hadoop-hdds-container-service-0.5.0-SNAPSHOT.jar:/home/user/.m2/repository/org/apache/hadoop/hadoop-hdds-client/0.5.0-SNAPSHOT/hadoop-hdds-client-0.5.0-SNAPSHOT.jar:/home/user/.m2/repository/org/apache/hadoop/hadoop-hdds-tools/0.5.0-SNAPSHOT/hadoop-hdds-tools-0.5.0-SNAPSHOT.jar:/home/user/.m2/repository/org/apache/hadoop/hadoop-hdds-server-scm/0.5.0-SNAPSHOT/hadoop-hdds-server-scm-0.5.0-SNAPSHOT.jar:/home/user/.m2/repository/org/apache/hadoop/hadoop-hdds-docs/0.5.0-SNAPSHOT/hadoop-hdds-docs-0.5.0-SNAPSHOT.jar:/home/user/.m2/repository/io/dropwizard/metrics/metrics-core/3.2.4/metrics-core-3.2.4.jar:/home/user/.m2/repository/org/hamcrest/hamcrest-all/1.3/hamcrest-all-1.3.jar:/home/user/.m2/repository/org/bouncycastle/bcprov-jdk15on/1.60/bcprov-jdk15on-1.60.jar:/home/user/.m2/repository/info/picocli/picocli/3.9.6/picocli-3.9.6.jar:/home/user/.m2/repository/com/google/protobuf/protobuf-java/2.5.0/protobuf-java-2.5.0.jar:/home/user/.m2/repository/com/google/guava/guava/11.0.2/guava-11.0.2.jar:/home/user/.m2/repository/org/apache/hadoop/hadoop-ozone-ozone-manager/0.5.0-SNAPSHOT/hadoop-ozone-ozone-manager-0.5.0-SNAPSHOT.jar:/home/user/.m2/repository/org/apache/hadoop/hadoop-minikdc/3.2.0/hadoop-minikdc-3.2.0.jar:/home/user/.m2/repository/commons-io/commons-io/2.5/commons-io-2.5.jar:/home/user/.m2/repository/org/apache/kerby/kerb-simplekdc/1.0.1/kerb-simplekdc-1.0.1.jar:/home/user/.m2/repository/org/apache/kerby/kerb-client/1.0.1/kerb-client-1.0.1.jar:/home/user/.m2/repository/org/apache/kerby/kerby-config/1.0.1/kerby-config-1.0.1.jar:/home/user/.m2/repository/org/apache/kerby/kerb-core/1.0.1/kerb-core-1.0.1.jar:/home/user/.m2/repository/org/apache/kerby/kerby-pkix/1.0.1/kerby-pkix-1.0.1.jar:/home/user/.m2/repository/org/apache/kerby/kerby-asn1/1.0.1/kerby-asn1-1.0.1.jar:/home/user/.m2/repository/org/apache/kerby/kerby-util/1.0.1/kerby-util-1.0.1.jar:/home/user/.m2/repository/org/apache/kerby/kerb-common/1.0.1/kerb-common-1.0.1.jar:/home/user/.m2/repository/org/apache/kerby/kerb-crypto/1.0.1/kerb-crypto-1.0.1.jar:/home/user/.m2/repository/org/apache/kerby/kerb-util/1.0.1/kerb-util-1.0.1.jar:/home/user/.m2/repository/org/apache/kerby/token-provider/1.0.1/token-provider-1.0.1.jar:/home/user/.m2/repository/org/apache/kerby/kerb-admin/1.0.1/kerb-admin-1.0.1.jar:/home/user/.m2/repository/org/apache/kerby/kerb-server/1.0.1/kerb-server-1.0.1.jar:/home/user/.m2/repository/org/apache/kerby/kerb-identity/1.0.1/kerb-identity-1.0.1.jar:/home/user/.m2/repository/org/apache/kerby/kerby-xdr/1.0.1/kerby-xdr-1.0.1.jar:/home/user/.m2/repository/org/slf4j/slf4j-log4j12/1.7.25/slf4j-log4j12-1.7.25.jar:/home/user/.m2/repository/org/apache/hadoop/hadoop-ozone-s3gateway/0.5.0-SNAPSHOT/hadoop-ozone-s3gateway-0.5.0-SNAPSHOT.jar:/home/user/.m2/repository/org/jboss/weld/servlet/weld-servlet/2.4.7.Final/weld-servlet-2.4.7.Final.jar:/home/user/.m2/repository/org/glassfish/jersey/containers/jersey-container-servlet-core/2.27/jersey-container-servlet-core-2.27.jar:/home/user/.m2/repository/org/glassfish/hk2/external/javax.inject/2.5.0-b42/javax.inject-2.5.0-b42.jar:/home/user/.m2/repository/org/glassfish/jersey/core/jersey-common/2.27/jersey-common-2.27.jar:/home/user/.m2/repository/org/glassfish/hk2/osgi-resource-locator/1.0.1/osgi-resource-locator-1.0.1.jar:/home/user/.m2/repository/javax/ws/rs/javax.ws.rs-api/2.1/javax.ws.rs-api-2.1.jar:/home/user/.m2/repository/org/glassfish/jersey/ext/cdi/jersey-cdi1x/2.27/jersey-cdi1x-2.27.jar:/home/user/.m2/repository/org/glassfish/jersey/inject/jersey-hk2/2.27/jersey-hk2-2.27.jar:/home/user/.m2/repository/org/glassfish/hk2/hk2-locator/2.5.0-b42/hk2-locator-2.5.0-b42.jar:/home/user/.m2/repository/org/javassist/javassist/3.22.0-CR2/javassist-3.22.0-CR2.jar:/home/user/.m2/repository/org/glassfish/hk2/hk2-api/2.5.0/hk2-api-2.5.0.jar:/home/user/.m2/repository/org/glassfish/hk2/external/jakarta.inject/2.5.0/jakarta.inject-2.5.0.jar:/home/user/.m2/repository/org/glassfish/hk2/hk2-utils/2.5.0/hk2-utils-2.5.0.jar:/home/user/.m2/repository/jakarta/annotation/jakarta.annotation-api/1.3.4/jakarta.annotation-api-1.3.4.jar:/home/user/.m2/repository/org/glassfish/hk2/external/aopalliance-repackaged/2.5.0/aopalliance-repackaged-2.5.0.jar:/home/user/.m2/repository/com/fasterxml/jackson/dataformat/jackson-dataformat-xml/2.9.0/jackson-dataformat-xml-2.9.0.jar:/home/user/.m2/repository/com/fasterxml/jackson/core/jackson-core/2.9.5/jackson-core-2.9.5.jar:/home/user/.m2/repository/com/fasterxml/jackson/module/jackson-module-jaxb-annotations/2.9.5/jackson-module-jaxb-annotations-2.9.5.jar:/home/user/.m2/repository/javax/enterprise/cdi-api/1.2/cdi-api-1.2.jar:/home/user/.m2/repository/javax/el/javax.el-api/3.0.0/javax.el-api-3.0.0.jar:/home/user/.m2/repository/javax/interceptor/javax.interceptor-api/1.2/javax.interceptor-api-1.2.jar:/home/user/.m2/repository/javax/inject/javax.inject/1/javax.inject-1.jar:/home/user/.m2/repository/com/sun/xml/bind/jaxb-impl/2.3.0.1/jaxb-impl-2.3.0.1.jar:/home/user/.m2/repository/com/sun/xml/bind/jaxb-core/2.3.0.1/jaxb-core-2.3.0.1.jar:/home/user/.m2/repository/javax/xml/bind/jaxb-api/2.3.0/jaxb-api-2.3.0.jar:/home/user/.m2/repository/javax/activation/activation/1.1.1/activation-1.1.1.jar:/home/user/.m2/repository/org/apache/hadoop/hadoop-ozone-csi/0.5.0-SNAPSHOT/hadoop-ozone-csi-0.5.0-SNAPSHOT.jar:/home/user/.m2/repository/com/google/protobuf/protobuf-java-util/3.5.1/protobuf-java-util-3.5.1.jar:/home/user/.m2/repository/org/apache/hadoop/hadoop-hdds-config/0.5.0-SNAPSHOT/hadoop-hdds-config-0.5.0-SNAPSHOT.jar:/home/user/.m2/repository/io/grpc/grpc-netty/1.17.1/grpc-netty-1.17.1.jar:/home/user/.m2/repository/io/grpc/grpc-core/1.17.1/grpc-core-1.17.1.jar:/home/user/.m2/repository/io/grpc/grpc-context/1.17.1/grpc-context-1.17.1.jar:/home/user/.m2/repository/com/google/errorprone/error_prone_annotations/2.2.0/error_prone_annotations-2.2.0.jar:/home/user/.m2/repository/org/codehaus/mojo/animal-sniffer-annotations/1.17/animal-sniffer-annotations-1.17.jar:/home/user/.m2/repository/io/opencensus/opencensus-api/0.17.0/opencensus-api-0.17.0.jar:/home/user/.m2/repository/io/opencensus/opencensus-contrib-grpc-metrics/0.17.0/opencensus-contrib-grpc-metrics-0.17.0.jar:/home/user/.m2/repository/io/netty/netty-codec-http2/4.1.30.Final/netty-codec-http2-4.1.30.Final.jar:/home/user/.m2/repository/io/netty/netty-codec-http/4.1.30.Final/netty-codec-http-4.1.30.Final.jar:/home/user/.m2/repository/io/netty/netty-codec/4.1.30.Final/netty-codec-4.1.30.Final.jar:/home/user/.m2/repository/io/netty/netty-handler/4.1.30.Final/netty-handler-4.1.30.Final.jar:/home/user/.m2/repository/io/netty/netty-handler-proxy/4.1.30.Final/netty-handler-proxy-4.1.30.Final.jar:/home/user/.m2/repository/io/netty/netty-codec-socks/4.1.30.Final/netty-codec-socks-4.1.30.Final.jar:/home/user/.m2/repository/io/netty/netty-transport-native-epoll/4.1.30.Final/netty-transport-native-epoll-4.1.30.Final.jar:/home/user/.m2/repository/io/netty/netty-common/4.1.30.Final/netty-common-4.1.30.Final.jar:/home/user/.m2/repository/io/netty/netty-buffer/4.1.30.Final/netty-buffer-4.1.30.Final.jar:/home/user/.m2/repository/io/netty/netty-transport/4.1.30.Final/netty-transport-4.1.30.Final.jar:/home/user/.m2/repository/io/netty/netty-resolver/4.1.30.Final/netty-resolver-4.1.30.Final.jar:/home/user/.m2/repository/io/netty/netty-transport-native-unix-common/4.1.30.Final/netty-transport-native-unix-common-4.1.30.Final.jar:/home/user/.m2/repository/io/grpc/grpc-protobuf/1.17.1/grpc-protobuf-1.17.1.jar:/home/user/.m2/repository/com/google/api/grpc/proto-google-common-protos/1.0.0/proto-google-common-protos-1.0.0.jar:/home/user/.m2/repository/io/grpc/grpc-protobuf-lite/1.17.1/grpc-protobuf-lite-1.17.1.jar:/home/user/.m2/repository/io/grpc/grpc-stub/1.17.1/grpc-stub-1.17.1.jar:/home/user/.m2/repository/org/apache/hadoop/hadoop-ozone-recon/0.5.0-SNAPSHOT/hadoop-ozone-recon-0.5.0-SNAPSHOT.jar:/home/user/.m2/repository/org/apache/hadoop/hadoop-ozone-reconcodegen/0.5.0-SNAPSHOT/hadoop-ozone-reconcodegen-0.5.0-SNAPSHOT.jar:/home/user/.m2/repository/com/google/inject/extensions/guice-multibindings/4.0/guice-multibindings-4.0.jar:/home/user/.m2/repository/com/google/inject/guice/4.0/guice-4.0.jar:/home/user/.m2/repository/aopalliance/aopalliance/1.0/aopalliance-1.0.jar:/home/user/.m2/repository/com/google/inject/extensions/guice-servlet/4.0/guice-servlet-4.0.jar:/home/user/.m2/repository/org/glassfish/jersey/containers/jersey-container-servlet/2.27/jersey-container-servlet-2.27.jar:/home/user/.m2/repository/org/glassfish/hk2/guice-bridge/2.5.0/guice-bridge-2.5.0.jar:/home/user/.m2/repository/org/glassfish/jersey/core/jersey-server/2.27/jersey-server-2.27.jar:/home/user/.m2/repository/org/glassfish/jersey/core/jersey-client/2.27/jersey-client-2.27.jar:/home/user/.m2/repository/org/glassfish/jersey/media/jersey-media-jaxb/2.27/jersey-media-jaxb-2.27.jar:/home/user/.m2/repository/javax/validation/validation-api/1.1.0.Final/validation-api-1.1.0.Final.jar:/home/user/.m2/repository/org/glassfish/jersey/media/jersey-media-json-jackson/2.27/jersey-media-json-jackson-2.27.jar:/home/user/.m2/repository/org/glassfish/jersey/ext/jersey-entity-filtering/2.27/jersey-entity-filtering-2.27.jar:/home/user/.m2/repository/com/google/inject/extensions/guice-assistedinject/4.0/guice-assistedinject-4.0.jar:/home/user/.m2/repository/org/jooq/jooq/3.11.10/jooq-3.11.10.jar:/home/user/.m2/repository/org/jooq/jooq-meta/3.11.10/jooq-meta-3.11.10.jar:/home/user/.m2/repository/org/jooq/jooq-codegen/3.11.10/jooq-codegen-3.11.10.jar:/home/user/.m2/repository/com/jolbox/bonecp/0.8.0.RELEASE/bonecp-0.8.0.RELEASE.jar:/home/user/.m2/repository/org/xerial/sqlite-jdbc/3.25.2/sqlite-jdbc-3.25.2.jar:/home/user/.m2/repository/org/springframework/spring-jdbc/5.1.3.RELEASE/spring-jdbc-5.1.3.RELEASE.jar:/home/user/.m2/repository/org/springframework/spring-beans/5.1.3.RELEASE/spring-beans-5.1.3.RELEASE.jar:/home/user/.m2/repository/org/springframework/spring-core/5.1.3.RELEASE/spring-core-5.1.3.RELEASE.jar:/home/user/.m2/repository/org/springframework/spring-jcl/5.1.3.RELEASE/spring-jcl-5.1.3.RELEASE.jar:/home/user/.m2/repository/org/springframework/spring-tx/5.1.3.RELEASE/spring-tx-5.1.3.RELEASE.jar:/home/user/.m2/repository/org/apache/hadoop/hadoop-ozone-client/0.5.0-SNAPSHOT/hadoop-ozone-client-0.5.0-SNAPSHOT.jar:/home/user/.m2/repository/commons-lang/commons-lang/2.6/commons-lang-2.6.jar:/home/user/.m2/repository/org/apache/hadoop/hadoop-ozone-ozone-manager/0.5.0-SNAPSHOT/hadoop-ozone-ozone-manager-0.5.0-SNAPSHOT-tests.jar:/home/user/.m2/repository/junit/junit/4.11/junit-4.11.jar:/home/user/.m2/repository/org/hamcrest/hamcrest-core/1.3/hamcrest-core-1.3.jar:/home/user/.m2/repository/org/openjdk/jmh/jmh-core/1.19/jmh-core-1.19.jar:/home/user/.m2/repository/net/sf/jopt-simple/jopt-simple/4.6/jopt-simple-4.6.jar:/home/user/.m2/repository/org/apache/commons/commons-math3/3.1.1/commons-math3-3.1.1.jar:/home/user/.m2/repository/org/openjdk/jmh/jmh-generator-annprocess/1.19/jmh-generator-annprocess-1.19.jar:/home/user/.m2/repository/org/mockito/mockito-all/1.8.5/mockito-all-1.8.5.jar:/home/user/.m2/repository/org/apache/hadoop/hadoop-kms/3.2.0/hadoop-kms-3.2.0.jar:/home/user/.m2/repository/org/apache/hadoop/hadoop-auth/3.2.0/hadoop-auth-3.2.0.jar:/home/user/.m2/repository/com/nimbusds/nimbus-jose-jwt/4.41.1/nimbus-jose-jwt-4.41.1.jar:/home/user/.m2/repository/com/github/stephenc/jcip/jcip-annotations/1.0-1/jcip-annotations-1.0-1.jar:/home/user/.m2/repository/net/minidev/json-smart/2.3/json-smart-2.3.jar:/home/user/.m2/repository/net/minidev/accessors-smart/1.2/accessors-smart-1.2.jar:/home/user/.m2/repository/org/ow2/asm/asm/5.0.4/asm-5.0.4.jar:/home/user/.m2/repository/org/apache/curator/curator-framework/2.12.0/curator-framework-2.12.0.jar:/home/user/.m2/repository/com/sun/jersey/jersey-core/1.19/jersey-core-1.19.jar:/home/user/.m2/repository/javax/ws/rs/jsr311-api/1.1.1/jsr311-api-1.1.1.jar:/home/user/.m2/repository/com/sun/jersey/jersey-server/1.19/jersey-server-1.19.jar:/home/user/.m2/repository/javax/servlet/javax.servlet-api/3.1.0/javax.servlet-api-3.1.0.jar:/home/user/.m2/repository/org/eclipse/jetty/jetty-server/9.3.24.v20180605/jetty-server-9.3.24.v20180605.jar:/home/user/.m2/repository/org/eclipse/jetty/jetty-http/9.3.24.v20180605/jetty-http-9.3.24.v20180605.jar:/home/user/.m2/repository/org/eclipse/jetty/jetty-io/9.3.24.v20180605/jetty-io-9.3.24.v20180605.jar:/home/user/.m2/repository/org/eclipse/jetty/jetty-webapp/9.3.24.v20180605/jetty-webapp-9.3.24.v20180605.jar:/home/user/.m2/repository/org/eclipse/jetty/jetty-xml/9.3.24.v20180605/jetty-xml-9.3.24.v20180605.jar:/home/user/.m2/repository/log4j/log4j/1.2.17/log4j-1.2.17.jar:/home/user/.m2/repository/org/slf4j/slf4j-api/1.7.25/slf4j-api-1.7.25.jar:/home/user/.m2/repository/org/slf4j/jul-to-slf4j/1.7.25/jul-to-slf4j-1.7.25.jar:/home/user/.m2/repository/org/eclipse/jetty/jetty-util/9.3.24.v20180605/jetty-util-9.3.24.v20180605.jar:/home/user/.m2/repository/com/fasterxml/jackson/core/jackson-databind/2.9.5/jackson-databind-2.9.5.jar:/home/user/.m2/repository/org/apache/hadoop/hadoop-kms/3.2.0/hadoop-kms-3.2.0-tests.jar:/home/user/.m2/repository/org/apache/hadoop/hadoop-hdds-server-scm/0.5.0-SNAPSHOT/hadoop-hdds-server-scm-0.5.0-SNAPSHOT-tests.jar:/home/user/.m2/repository/org/apache/hadoop/hadoop-hdds-container-service/0.5.0-SNAPSHOT/hadoop-hdds-container-service-0.5.0-SNAPSHOT-tests.jar:/home/user/.m2/repository/org/yaml/snakeyaml/1.16/snakeyaml-1.16.jar:/home/user/.m2/repository/org/apache/hadoop/hadoop-common/3.2.0/hadoop-common-3.2.0-tests.jar:/home/user/.m2/repository/org/apache/hadoop/hadoop-annotations/3.2.0/hadoop-annotations-3.2.0.jar:/usr/lib/jvm/java-1.8-openjdk/jre/../lib/tools.jar:/home/user/.m2/repository/commons-cli/commons-cli/1.2/commons-cli-1.2.jar:/home/user/.m2/repository/org/apache/httpcomponents/httpclient/4.5.2/httpclient-4.5.2.jar:/home/user/.m2/repository/org/apache/httpcomponents/httpcore/4.4.4/httpcore-4.4.4.jar:/home/user/.m2/repository/commons-codec/commons-codec/1.11/commons-codec-1.11.jar:/home/user/.m2/repository/commons-net/commons-net/3.6/commons-net-3.6.jar:/home/user/.m2/repository/commons-collections/commons-collections/3.2.2/commons-collections-3.2.2.jar:/home/user/.m2/repository/org/eclipse/jetty/jetty-servlet/9.3.24.v20180605/jetty-servlet-9.3.24.v20180605.jar:/home/user/.m2/repository/org/eclipse/jetty/jetty-security/9.3.24.v20180605/jetty-security-9.3.24.v20180605.jar:/home/user/.m2/repository/javax/servlet/jsp/jsp-api/2.1/jsp-api-2.1.jar:/home/user/.m2/repository/com/sun/jersey/jersey-servlet/1.19/jersey-servlet-1.19.jar:/home/user/.m2/repository/com/sun/jersey/jersey-json/1.19/jersey-json-1.19.jar:/home/user/.m2/repository/org/codehaus/jettison/jettison/1.1/jettison-1.1.jar:/home/user/.m2/repository/org/codehaus/jackson/jackson-core-asl/1.9.13/jackson-core-asl-1.9.13.jar:/home/user/.m2/repository/org/codehaus/jackson/jackson-mapper-asl/1.9.13/jackson-mapper-asl-1.9.13.jar:/home/user/.m2/repository/org/codehaus/jackson/jackson-jaxrs/1.9.13/jackson-jaxrs-1.9.13.jar:/home/user/.m2/repository/org/codehaus/jackson/jackson-xc/1.9.13/jackson-xc-1.9.13.jar:/home/user/.m2/repository/commons-logging/commons-logging/1.1.3/commons-logging-1.1.3.jar:/home/user/.m2/repository/commons-beanutils/commons-beanutils/1.9.3/commons-beanutils-1.9.3.jar:/home/user/.m2/repository/org/apache/commons/commons-configuration2/2.1.1/commons-configuration2-2.1.1.jar:/home/user/.m2/repository/org/apache/commons/commons-lang3/3.7/commons-lang3-3.7.jar:/home/user/.m2/repository/org/apache/commons/commons-text/1.4/commons-text-1.4.jar:/home/user/.m2/repository/org/apache/avro/avro/1.7.7/avro-1.7.7.jar:/home/user/.m2/repository/com/thoughtworks/paranamer/paranamer/2.3/paranamer-2.3.jar:/home/user/.m2/repository/org/xerial/snappy/snappy-java/1.0.5/snappy-java-1.0.5.jar:/home/user/.m2/repository/com/google/re2j/re2j/1.1/re2j-1.1.jar:/home/user/.m2/repository/com/google/code/gson/gson/2.2.4/gson-2.2.4.jar:/home/user/.m2/repository/com/jcraft/jsch/0.1.54/jsch-0.1.54.jar:/home/user/.m2/repository/org/apache/curator/curator-client/2.12.0/curator-client-2.12.0.jar:/home/user/.m2/repository/org/apache/curator/curator-recipes/2.12.0/curator-recipes-2.12.0.jar:/home/user/.m2/repository/com/google/code/findbugs/jsr305/3.0.0/jsr305-3.0.0.jar:/home/user/.m2/repository/org/apache/htrace/htrace-core4/4.1.0-incubating/htrace-core4-4.1.0-incubating.jar:/home/user/.m2/repository/org/apache/zookeeper/zookeeper/3.4.13/zookeeper-3.4.13.jar:/home/user/.m2/repository/org/apache/yetus/audience-annotations/0.5.0/audience-annotations-0.5.0.jar:/home/user/.m2/repository/org/codehaus/woodstox/stax2-api/3.1.4/stax2-api-3.1.4.jar:/home/user/.m2/repository/com/fasterxml/woodstox/woodstox-core/5.0.3/woodstox-core-5.0.3.jar:/home/user/.m2/repository/dnsjava/dnsjava/2.1.7/dnsjava-2.1.7.jar:/home/user/.m2/repository/org/apache/hadoop/hadoop-hdfs/3.2.0/hadoop-hdfs-3.2.0-tests.jar:/home/user/.m2/repository/org/eclipse/jetty/jetty-util-ajax/9.3.24.v20180605/jetty-util-ajax-9.3.24.v20180605.jar:/home/user/.m2/repository/commons-daemon/commons-daemon/1.0.13/commons-daemon-1.0.13.jar:/home/user/.m2/repository/io/netty/netty/3.10.5.Final/netty-3.10.5.Final.jar:/home/user/.m2/repository/io/netty/netty-all/4.0.52.Final/netty-all-4.0.52.Final.jar:/home/user/.m2/repository/org/fusesource/leveldbjni/leveldbjni-all/1.8/leveldbjni-all-1.8.jar:"/>
    <property name="sun.cpu.endian" value="little"/>
    <property name="user.home" value="/home/user"/>
    <property name="user.language" value="en"/>
    <property name="java.specification.vendor" value="Oracle Corporation"/>
    <property name="java.home" value="/usr/lib/jvm/java-1.8-openjdk/jre"/>
    <property name="java.security.krb5.conf" value="/workdir/hadoop-ozone/integration-test/target/test-classes/krb5.conf"/>
    <property name="basedir" value="/workdir/hadoop-ozone/integration-test"/>
    <property name="file.separator" value="/"/>
    <property name="line.separator" value="&#10;"/>
    <property name="java.vm.specification.vendor" value="Oracle Corporation"/>
    <property name="java.specification.name" value="Java Platform API Specification"/>
    <property name="java.awt.graphicsenv" value="sun.awt.X11GraphicsEnvironment"/>
    <property name="surefire.real.class.path" value="/workdir/hadoop-ozone/integration-test/target/surefire/surefirebooter776064331459671037.jar"/>
    <property name="hadoop.log.dir" value="/workdir/hadoop-ozone/integration-test/target/log"/>
    <property name="sun.boot.class.path" value="/usr/lib/jvm/java-1.8-openjdk/jre/lib/resources.jar:/usr/lib/jvm/java-1.8-openjdk/jre/lib/rt.jar:/usr/lib/jvm/java-1.8-openjdk/jre/lib/sunrsasign.jar:/usr/lib/jvm/java-1.8-openjdk/jre/lib/jsse.jar:/usr/lib/jvm/java-1.8-openjdk/jre/lib/jce.jar:/usr/lib/jvm/java-1.8-openjdk/jre/lib/charsets.jar:/usr/lib/jvm/java-1.8-openjdk/jre/lib/jfr.jar:/usr/lib/jvm/java-1.8-openjdk/jre/classes"/>
    <property name="sun.management.compiler" value="HotSpot 64-Bit Tiered Compilers"/>
    <property name="java.runtime.version" value="1.8.0_212-b04"/>
    <property name="java.net.preferIPv4Stack" value="true"/>
    <property name="user.name" value="jenkins1000"/>
    <property name="path.separator" value=":"/>
    <property name="java.security.egd" value="file:///dev/urandom"/>
    <property name="os.version" value="3.10.0-957.12.2.el7.x86_64"/>
    <property name="java.endorsed.dirs" value="/usr/lib/jvm/java-1.8-openjdk/jre/lib/endorsed"/>
    <property name="java.runtime.name" value="OpenJDK Runtime Environment"/>
    <property name="file.encoding" value="UTF-8"/>
    <property name="java.vm.name" value="OpenJDK 64-Bit Server VM"/>
    <property name="test.build.webapps" value=""/>
    <property name="localRepository" value="/home/user/.m2/repository"/>
    <property name="java.vendor.url.bug" value="https://icedtea.classpath.org/bugzilla"/>
    <property name="java.io.tmpdir" value="/tmp"/>
    <property name="require.test.libhadoop" value=""/>
    <property name="java.version" value="1.8.0_212"/>
    <property name="user.dir" value="/workdir/hadoop-ozone/integration-test"/>
    <property name="os.arch" value="amd64"/>
    <property name="java.vm.specification.name" value="Java Virtual Machine Specification"/>
    <property name="test.build.classes" value="/workdir/hadoop-ozone/integration-test/target/test-classes"/>
    <property name="java.awt.printerjob" value="sun.print.PSPrinterJob"/>
    <property name="sun.os.patch.level" value="unknown"/>
    <property name="hadoop.tmp.dir" value="/workdir/hadoop-ozone/integration-test/target/tmp"/>
    <property name="java.library.path" value="/usr/lib/jvm/java-1.8-openjdk/jre/lib/amd64/server:/usr/lib/jvm/java-1.8-openjdk/jre/lib/amd64:/usr/lib/jvm/java-1.8-openjdk/jre/../lib/amd64:/workdir/hadoop-ozone/integration-test/target/native/target/usr/local/lib:/workdir/hadoop-ozone/integration-test/../../hadoop-common-project/hadoop-common/target/native/target/usr/local/lib:/usr/java/packages/lib/amd64:/usr/lib64:/lib64:/lib:/usr/lib"/>
    <property name="java.vm.info" value="mixed mode"/>
    <property name="java.vendor" value="IcedTea"/>
    <property name="java.vm.version" value="25.212-b04"/>
    <property name="java.ext.dirs" value="/usr/lib/jvm/java-1.8-openjdk/jre/lib/ext:/usr/java/packages/lib/ext"/>
    <property name="sun.io.unicode.encoding" value="UnicodeLittle"/>
    <property name="java.class.version" value="52.0"/>
  </properties>
  <testcase name="testBlockWriteViaRatis" classname="org.apache.hadoop.ozone.client.rpc.TestCloseContainerHandlingByClient" time="10.868">
    <failure type="java.lang.AssertionError">java.lang.AssertionError
	at org.junit.Assert.fail(Assert.java:86)
	at org.junit.Assert.assertTrue(Assert.java:41)
	at org.junit.Assert.assertFalse(Assert.java:64)
	at org.junit.Assert.assertFalse(Assert.java:74)
	at org.apache.hadoop.ozone.container.ContainerTestHelper.waitForContainerClose(ContainerTestHelper.java:847)
	at org.apache.hadoop.ozone.container.ContainerTestHelper.waitForContainerClose(ContainerTestHelper.java:741)
	at org.apache.hadoop.ozone.client.rpc.TestCloseContainerHandlingByClient.waitForContainerClose(TestCloseContainerHandlingByClient.java:342)
	at org.apache.hadoop.ozone.client.rpc.TestCloseContainerHandlingByClient.testBlockWriteViaRatis(TestCloseContainerHandlingByClient.java:421)
	at sun.reflect.NativeMethodAccessorImpl.invoke0(Native Method)
	at sun.reflect.NativeMethodAccessorImpl.invoke(NativeMethodAccessorImpl.java:62)
	at sun.reflect.DelegatingMethodAccessorImpl.invoke(DelegatingMethodAccessorImpl.java:43)
	at java.lang.reflect.Method.invoke(Method.java:498)
	at org.junit.runners.model.FrameworkMethod$1.runReflectiveCall(FrameworkMethod.java:47)
	at org.junit.internal.runners.model.ReflectiveCallable.run(ReflectiveCallable.java:12)
	at org.junit.runners.model.FrameworkMethod.invokeExplosively(FrameworkMethod.java:44)
	at org.junit.internal.runners.statements.InvokeMethod.evaluate(InvokeMethod.java:17)
	at org.junit.runners.ParentRunner.runLeaf(ParentRunner.java:271)
	at org.junit.runners.BlockJUnit4ClassRunner.runChild(BlockJUnit4ClassRunner.java:70)
	at org.junit.runners.BlockJUnit4ClassRunner.runChild(BlockJUnit4ClassRunner.java:50)
	at org.junit.runners.ParentRunner$3.run(ParentRunner.java:238)
	at org.junit.runners.ParentRunner$1.schedule(ParentRunner.java:63)
	at org.junit.runners.ParentRunner.runChildren(ParentRunner.java:236)
	at org.junit.runners.ParentRunner.access$000(ParentRunner.java:53)
	at org.junit.runners.ParentRunner$2.evaluate(ParentRunner.java:229)
	at org.junit.internal.runners.statements.RunBefores.evaluate(RunBefores.java:26)
	at org.junit.internal.runners.statements.RunAfters.evaluate(RunAfters.java:27)
	at org.junit.runners.ParentRunner.run(ParentRunner.java:309)
	at org.apache.maven.surefire.junit4.JUnit4Provider.execute(JUnit4Provider.java:365)
	at org.apache.maven.surefire.junit4.JUnit4Provider.executeWithRerun(JUnit4Provider.java:273)
	at org.apache.maven.surefire.junit4.JUnit4Provider.executeTestSet(JUnit4Provider.java:238)
	at org.apache.maven.surefire.junit4.JUnit4Provider.invoke(JUnit4Provider.java:159)
	at org.apache.maven.surefire.booter.ForkedBooter.invokeProviderInSameClassLoader(ForkedBooter.java:384)
	at org.apache.maven.surefire.booter.ForkedBooter.runSuitesInProcess(ForkedBooter.java:345)
	at org.apache.maven.surefire.booter.ForkedBooter.execute(ForkedBooter.java:126)
	at org.apache.maven.surefire.booter.ForkedBooter.main(ForkedBooter.java:418)
</failure>
    <system-out><![CDATA[2019-08-29 18:45:14,208 [main] WARN  server.ServerUtils (ServerUtils.java:getScmDbDir(145)) - ozone.scm.db.dirs is not configured. We recommend adding this setting. Falling back to ozone.metadata.dirs instead.
2019-08-29 18:45:14,351 [main] WARN  server.ServerUtils (ServerUtils.java:getScmDbDir(145)) - ozone.scm.db.dirs is not configured. We recommend adding this setting. Falling back to ozone.metadata.dirs instead.
2019-08-29 18:45:14,354 [main] WARN  server.ServerUtils (ServerUtils.java:getScmDbDir(145)) - ozone.scm.db.dirs is not configured. We recommend adding this setting. Falling back to ozone.metadata.dirs instead.
2019-08-29 18:45:14,373 [main] INFO  util.log (Log.java:initialized(192)) - Logging initialized @930ms
2019-08-29 18:45:14,476 [main] INFO  db.DBStoreBuilder (DBStoreBuilder.java:addTable(110)) - using custom profile for table: deletedBlocks
2019-08-29 18:45:14,477 [main] INFO  db.DBStoreBuilder (DBStoreBuilder.java:processTables(161)) - Using default column profile:DBProfile.DISK for Table:deletedBlocks
2019-08-29 18:45:14,477 [main] INFO  db.DBStoreBuilder (DBStoreBuilder.java:addTable(110)) - using custom profile for table: validCerts
2019-08-29 18:45:14,477 [main] INFO  db.DBStoreBuilder (DBStoreBuilder.java:processTables(161)) - Using default column profile:DBProfile.DISK for Table:validCerts
2019-08-29 18:45:14,478 [main] INFO  db.DBStoreBuilder (DBStoreBuilder.java:addTable(110)) - using custom profile for table: revokedCerts
2019-08-29 18:45:14,478 [main] INFO  db.DBStoreBuilder (DBStoreBuilder.java:processTables(161)) - Using default column profile:DBProfile.DISK for Table:revokedCerts
2019-08-29 18:45:14,492 [main] INFO  db.DBStoreBuilder (DBStoreBuilder.java:addTable(110)) - using custom profile for table: default
2019-08-29 18:45:14,492 [main] INFO  db.DBStoreBuilder (DBStoreBuilder.java:processTables(167)) - Using default column profile:DBProfile.DISK for Table:default
2019-08-29 18:45:14,493 [main] INFO  db.DBStoreBuilder (DBStoreBuilder.java:getDbProfile(198)) - Using default options. DBProfile.DISK
2019-08-29 18:45:14,691 [main] INFO  net.NodeSchemaLoader (NodeSchemaLoader.java:loadSchemaFromFile(125)) - Loading file from sun.misc.CompoundEnumeration@1ea9f6af
2019-08-29 18:45:14,693 [main] INFO  net.NodeSchemaLoader (NodeSchemaLoader.java:loadSchema(171)) - Loading network topology layer schema file
2019-08-29 18:45:14,768 [main] INFO  node.SCMNodeManager (SCMNodeManager.java:<init>(121)) - Entering startup safe mode.
2019-08-29 18:45:14,841 [main] INFO  algorithms.ContainerPlacementPolicyFactory (ContainerPlacementPolicyFactory.java:getPolicy(55)) - Create container placement policy of type org.apache.hadoop.hdds.scm.container.placement.algorithms.SCMContainerPlacementRandom
2019-08-29 18:45:14,859 [main] WARN  server.ServerUtils (ServerUtils.java:getScmDbDir(145)) - ozone.scm.db.dirs is not configured. We recommend adding this setting. Falling back to ozone.metadata.dirs instead.
2019-08-29 18:45:14,917 [main] INFO  pipeline.SCMPipelineManager (SCMPipelineManager.java:initializePipelineState(126)) - No pipeline exists in current db
2019-08-29 18:45:14,920 [main] WARN  server.ServerUtils (ServerUtils.java:getScmDbDir(145)) - ozone.scm.db.dirs is not configured. We recommend adding this setting. Falling back to ozone.metadata.dirs instead.
2019-08-29 18:45:15,016 [main] WARN  events.EventQueue (EventQueue.java:fireEvent(175)) - No event handler registered for event TypedEvent{payloadType=SafeModeStatus, name='SafeModeStatus'}
2019-08-29 18:45:15,518 [main] INFO  ipc.CallQueueManager (CallQueueManager.java:<init>(84)) - Using callQueue: class java.util.concurrent.LinkedBlockingQueue, queueCapacity: 2000, scheduler: class org.apache.hadoop.ipc.DefaultRpcScheduler, ipcBackoff: false.
2019-08-29 18:45:15,832 [Socket Reader #1 for port 44293] INFO  ipc.Server (Server.java:run(1074)) - Starting Socket Reader #1 for port 44293
2019-08-29 18:45:15,865 [main] INFO  ipc.CallQueueManager (CallQueueManager.java:<init>(84)) - Using callQueue: class java.util.concurrent.LinkedBlockingQueue, queueCapacity: 2000, scheduler: class org.apache.hadoop.ipc.DefaultRpcScheduler, ipcBackoff: false.
2019-08-29 18:45:15,866 [Socket Reader #1 for port 39786] INFO  ipc.Server (Server.java:run(1074)) - Starting Socket Reader #1 for port 39786
2019-08-29 18:45:15,877 [main] INFO  ipc.CallQueueManager (CallQueueManager.java:<init>(84)) - Using callQueue: class java.util.concurrent.LinkedBlockingQueue, queueCapacity: 2000, scheduler: class org.apache.hadoop.ipc.DefaultRpcScheduler, ipcBackoff: false.
2019-08-29 18:45:15,879 [Socket Reader #1 for port 44501] INFO  ipc.Server (Server.java:run(1074)) - Starting Socket Reader #1 for port 44501
2019-08-29 18:45:15,912 [main] INFO  hdfs.DFSUtil (DFSUtil.java:httpServerTemplateForNNAndJN(1641)) - Starting Web-server for scm at: http://0.0.0.0:0
2019-08-29 18:45:16,094 [main] INFO  server.AuthenticationFilter (AuthenticationFilter.java:constructSecretProvider(240)) - Unable to initialize FileSignerSecretProvider, falling back to use random secrets.
2019-08-29 18:45:16,102 [main] WARN  http.HttpRequestLog (HttpRequestLog.java:getRequestLog(97)) - Jetty request log can only be enabled using Log4j
2019-08-29 18:45:16,114 [main] INFO  http.HttpServer2 (HttpServer2.java:addGlobalFilter(975)) - Added global filter 'safety' (class=org.apache.hadoop.http.HttpServer2$QuotingInputFilter)
2019-08-29 18:45:16,117 [main] INFO  http.HttpServer2 (HttpServer2.java:addFilter(948)) - Added filter static_user_filter (class=org.apache.hadoop.http.lib.StaticUserWebFilter$StaticUserFilter) to context scm
2019-08-29 18:45:16,118 [main] INFO  http.HttpServer2 (HttpServer2.java:addFilter(958)) - Added filter static_user_filter (class=org.apache.hadoop.http.lib.StaticUserWebFilter$StaticUserFilter) to context logs
2019-08-29 18:45:16,118 [main] INFO  http.HttpServer2 (HttpServer2.java:addFilter(958)) - Added filter static_user_filter (class=org.apache.hadoop.http.lib.StaticUserWebFilter$StaticUserFilter) to context static
2019-08-29 18:45:16,151 [main] INFO  server.StorageContainerManager (StorageContainerManager.java:start(759)) - StorageContainerLocationProtocol RPC server is listening at /0.0.0.0:44501
2019-08-29 18:45:16,212 [main] WARN  impl.MetricsConfig (MetricsConfig.java:loadFirst(134)) - Cannot locate configuration: tried hadoop-metrics2-storagecontainermanager.properties,hadoop-metrics2.properties
2019-08-29 18:45:16,227 [main] INFO  impl.MetricsSystemImpl (MetricsSystemImpl.java:startTimer(374)) - Scheduled Metric snapshot period at 10 second(s).
2019-08-29 18:45:16,227 [main] INFO  impl.MetricsSystemImpl (MetricsSystemImpl.java:start(191)) - StorageContainerManager metrics system started
2019-08-29 18:45:16,477 [main] INFO  server.SCMClientProtocolServer (SCMClientProtocolServer.java:start(151)) - RPC server for Client  is listening at /0.0.0.0:44501
2019-08-29 18:45:16,478 [IPC Server Responder] INFO  ipc.Server (Server.java:run(1314)) - IPC Server Responder: starting
2019-08-29 18:45:16,478 [IPC Server listener on 44501] INFO  ipc.Server (Server.java:run(1153)) - IPC Server listener on 44501: starting
2019-08-29 18:45:16,481 [main] INFO  server.StorageContainerManager (StorageContainerManager.java:start(769)) - ScmBlockLocationProtocol RPC server is listening at /0.0.0.0:39786
2019-08-29 18:45:16,481 [main] INFO  server.SCMBlockProtocolServer (SCMBlockProtocolServer.java:start(140)) - RPC server for Block Protocol is listening at /0.0.0.0:39786
2019-08-29 18:45:16,481 [IPC Server Responder] INFO  ipc.Server (Server.java:run(1314)) - IPC Server Responder: starting
2019-08-29 18:45:16,481 [IPC Server listener on 39786] INFO  ipc.Server (Server.java:run(1153)) - IPC Server listener on 39786: starting
2019-08-29 18:45:16,484 [main] INFO  server.StorageContainerManager (StorageContainerManager.java:start(773)) - ScmDatanodeProtocl RPC server is listening at /0.0.0.0:44293
2019-08-29 18:45:16,484 [main] INFO  server.SCMDatanodeProtocolServer (SCMDatanodeProtocolServer.java:start(191)) - RPC server for DataNodes is listening at /0.0.0.0:44293
2019-08-29 18:45:16,485 [IPC Server Responder] INFO  ipc.Server (Server.java:run(1314)) - IPC Server Responder: starting
2019-08-29 18:45:16,485 [IPC Server listener on 44293] INFO  ipc.Server (Server.java:run(1153)) - IPC Server listener on 44293: starting
2019-08-29 18:45:16,489 [main] INFO  http.HttpServer2 (HttpServer2.java:bindListener(1191)) - Jetty bound to port 40043
2019-08-29 18:45:16,490 [main] INFO  server.Server (Server.java:doStart(351)) - jetty-9.3.24.v20180605, build timestamp: 2018-06-05T17:11:56Z, git hash: 84205aa28f11a4f31f2a3b86d1bba2cc8ab69827
2019-08-29 18:45:16,528 [main] INFO  handler.ContextHandler (ContextHandler.java:doStart(781)) - Started o.e.j.s.ServletContextHandler@5553d0f5{/logs,file:///workdir/hadoop-ozone/integration-test/target/log,AVAILABLE}
2019-08-29 18:45:16,529 [main] INFO  handler.ContextHandler (ContextHandler.java:doStart(781)) - Started o.e.j.s.ServletContextHandler@14dda234{/static,file:///workdir/hadoop-ozone/integration-test/target/test-classes/webapps/static,AVAILABLE}
2019-08-29 18:45:16,562 [main] INFO  handler.ContextHandler (ContextHandler.java:doStart(781)) - Started o.e.j.w.WebAppContext@67af833b{/,file:///workdir/hadoop-ozone/integration-test/target/test-classes/webapps/scm/,AVAILABLE}{/scm}
2019-08-29 18:45:16,568 [main] INFO  server.AbstractConnector (AbstractConnector.java:doStart(278)) - Started ServerConnector@5149f008{HTTP/1.1,[http/1.1]}{0.0.0.0:40043}
2019-08-29 18:45:16,568 [main] INFO  server.Server (Server.java:doStart(419)) - Started @3125ms
2019-08-29 18:45:16,570 [main] INFO  server.BaseHttpServer (BaseHttpServer.java:updateConnectorAddress(213)) - HTTP server of SCM is listening at http://0.0.0.0:40043
2019-08-29 18:45:16,578 [org.apache.hadoop.util.JvmPauseMonitor$Monitor@13579834] INFO  util.JvmPauseMonitor (JvmPauseMonitor.java:run(188)) - Starting JVM pause monitor
2019-08-29 18:45:16,582 [main] WARN  server.ServerUtils (ServerUtils.java:getDBPath(222)) - ozone.om.db.dirs is not configured. We recommend adding this setting. Falling back to ozone.metadata.dirs instead.
2019-08-29 18:45:16,696 [main] WARN  server.ServerUtils (ServerUtils.java:getDBPath(222)) - ozone.om.db.dirs is not configured. We recommend adding this setting. Falling back to ozone.metadata.dirs instead.
2019-08-29 18:45:16,697 [main] WARN  server.ServerUtils (ServerUtils.java:getDBPath(222)) - ozone.om.db.dirs is not configured. We recommend adding this setting. Falling back to ozone.metadata.dirs instead.
2019-08-29 18:45:16,698 [main] INFO  om.OzoneManager (OzoneManager.java:setOMNodeDetails(645)) - OM Service ID is not set. Setting it to the default ID: omServiceIdDefault
2019-08-29 18:45:16,698 [main] INFO  om.OzoneManager (OzoneManager.java:setOMNodeDetails(651)) - OM Node ID is not set. Setting it to the OmStorage's OmID: 1dfdfb46-f7f8-47ee-8690-b6d3fd46e655
2019-08-29 18:45:16,700 [main] INFO  om.OzoneManager (OzoneManager.java:loadOMHAConfigs(602)) - Found matching OM address with OMServiceId: null, OMNodeId: null, RPC Address: localhost:0 and Ratis port: 9872
2019-08-29 18:45:16,983 | INFO  | SCMAudit | user=jenkins1000 | ip=192.168.36.71 | op=GET_SCM_INFO null | ret=SUCCESS |  
2019-08-29 18:45:17,450 [main] WARN  server.ServerUtils (ServerUtils.java:getDBPath(222)) - ozone.om.db.dirs is not configured. We recommend adding this setting. Falling back to ozone.metadata.dirs instead.
2019-08-29 18:45:17,459 [main] INFO  db.DBStoreBuilder (DBStoreBuilder.java:addTable(110)) - using custom profile for table: userTable
2019-08-29 18:45:17,459 [main] INFO  db.DBStoreBuilder (DBStoreBuilder.java:processTables(161)) - Using default column profile:DBProfile.DISK for Table:userTable
2019-08-29 18:45:17,460 [main] INFO  db.DBStoreBuilder (DBStoreBuilder.java:addTable(110)) - using custom profile for table: volumeTable
2019-08-29 18:45:17,460 [main] INFO  db.DBStoreBuilder (DBStoreBuilder.java:processTables(161)) - Using default column profile:DBProfile.DISK for Table:volumeTable
2019-08-29 18:45:17,460 [main] INFO  db.DBStoreBuilder (DBStoreBuilder.java:addTable(110)) - using custom profile for table: bucketTable
2019-08-29 18:45:17,461 [main] INFO  db.DBStoreBuilder (DBStoreBuilder.java:processTables(161)) - Using default column profile:DBProfile.DISK for Table:bucketTable
2019-08-29 18:45:17,461 [main] INFO  db.DBStoreBuilder (DBStoreBuilder.java:addTable(110)) - using custom profile for table: keyTable
2019-08-29 18:45:17,461 [main] INFO  db.DBStoreBuilder (DBStoreBuilder.java:processTables(161)) - Using default column profile:DBProfile.DISK for Table:keyTable
2019-08-29 18:45:17,461 [main] INFO  db.DBStoreBuilder (DBStoreBuilder.java:addTable(110)) - using custom profile for table: deletedTable
2019-08-29 18:45:17,462 [main] INFO  db.DBStoreBuilder (DBStoreBuilder.java:processTables(161)) - Using default column profile:DBProfile.DISK for Table:deletedTable
2019-08-29 18:45:17,462 [main] INFO  db.DBStoreBuilder (DBStoreBuilder.java:addTable(110)) - using custom profile for table: openKeyTable
2019-08-29 18:45:17,462 [main] INFO  db.DBStoreBuilder (DBStoreBuilder.java:processTables(161)) - Using default column profile:DBProfile.DISK for Table:openKeyTable
2019-08-29 18:45:17,463 [main] INFO  db.DBStoreBuilder (DBStoreBuilder.java:addTable(110)) - using custom profile for table: s3Table
2019-08-29 18:45:17,463 [main] INFO  db.DBStoreBuilder (DBStoreBuilder.java:processTables(161)) - Using default column profile:DBProfile.DISK for Table:s3Table
2019-08-29 18:45:17,464 [main] INFO  db.DBStoreBuilder (DBStoreBuilder.java:addTable(110)) - using custom profile for table: multipartInfoTable
2019-08-29 18:45:17,464 [main] INFO  db.DBStoreBuilder (DBStoreBuilder.java:processTables(161)) - Using default column profile:DBProfile.DISK for Table:multipartInfoTable
2019-08-29 18:45:17,465 [main] INFO  db.DBStoreBuilder (DBStoreBuilder.java:addTable(110)) - using custom profile for table: dTokenTable
2019-08-29 18:45:17,465 [main] INFO  db.DBStoreBuilder (DBStoreBuilder.java:processTables(161)) - Using default column profile:DBProfile.DISK for Table:dTokenTable
2019-08-29 18:45:17,465 [main] INFO  db.DBStoreBuilder (DBStoreBuilder.java:addTable(110)) - using custom profile for table: s3SecretTable
2019-08-29 18:45:17,466 [main] INFO  db.DBStoreBuilder (DBStoreBuilder.java:processTables(161)) - Using default column profile:DBProfile.DISK for Table:s3SecretTable
2019-08-29 18:45:17,466 [main] INFO  db.DBStoreBuilder (DBStoreBuilder.java:addTable(110)) - using custom profile for table: prefixTable
2019-08-29 18:45:17,467 [main] INFO  db.DBStoreBuilder (DBStoreBuilder.java:processTables(161)) - Using default column profile:DBProfile.DISK for Table:prefixTable
2019-08-29 18:45:17,467 [main] INFO  db.DBStoreBuilder (DBStoreBuilder.java:addTable(110)) - using custom profile for table: default
2019-08-29 18:45:17,467 [main] INFO  db.DBStoreBuilder (DBStoreBuilder.java:processTables(167)) - Using default column profile:DBProfile.DISK for Table:default
2019-08-29 18:45:17,467 [main] INFO  db.DBStoreBuilder (DBStoreBuilder.java:getDbProfile(198)) - Using default options. DBProfile.DISK
2019-08-29 18:45:18,871 [main] INFO  ipc.CallQueueManager (CallQueueManager.java:<init>(84)) - Using callQueue: class java.util.concurrent.LinkedBlockingQueue, queueCapacity: 2000, scheduler: class org.apache.hadoop.ipc.DefaultRpcScheduler, ipcBackoff: false.
2019-08-29 18:45:18,872 [Socket Reader #1 for port 37978] INFO  ipc.Server (Server.java:run(1074)) - Starting Socket Reader #1 for port 37978
2019-08-29 18:45:18,893 [main] INFO  om.OzoneManager (OzoneManager.java:start(1256)) - OzoneManager RPC server is listening at localhost/127.0.0.1:37978
2019-08-29 18:45:18,894 [main] INFO  impl.MetricsSystemImpl (MetricsSystemImpl.java:init(158)) - OzoneManager metrics system started (again)
2019-08-29 18:45:18,895 [IPC Server Responder] INFO  ipc.Server (Server.java:run(1314)) - IPC Server Responder: starting
2019-08-29 18:45:18,895 [IPC Server listener on 37978] INFO  ipc.Server (Server.java:run(1153)) - IPC Server listener on 37978: starting
2019-08-29 18:45:18,901 [main] INFO  hdfs.DFSUtil (DFSUtil.java:httpServerTemplateForNNAndJN(1641)) - Starting Web-server for ozoneManager at: http://0.0.0.0:0
2019-08-29 18:45:18,902 [main] INFO  server.AuthenticationFilter (AuthenticationFilter.java:constructSecretProvider(240)) - Unable to initialize FileSignerSecretProvider, falling back to use random secrets.
2019-08-29 18:45:18,903 [main] WARN  http.HttpRequestLog (HttpRequestLog.java:getRequestLog(97)) - Jetty request log can only be enabled using Log4j
2019-08-29 18:45:18,905 [main] INFO  http.HttpServer2 (HttpServer2.java:addGlobalFilter(975)) - Added global filter 'safety' (class=org.apache.hadoop.http.HttpServer2$QuotingInputFilter)
2019-08-29 18:45:18,906 [main] INFO  http.HttpServer2 (HttpServer2.java:addFilter(948)) - Added filter static_user_filter (class=org.apache.hadoop.http.lib.StaticUserWebFilter$StaticUserFilter) to context ozoneManager
2019-08-29 18:45:18,906 [main] INFO  http.HttpServer2 (HttpServer2.java:addFilter(958)) - Added filter static_user_filter (class=org.apache.hadoop.http.lib.StaticUserWebFilter$StaticUserFilter) to context static
2019-08-29 18:45:18,906 [main] INFO  http.HttpServer2 (HttpServer2.java:addFilter(958)) - Added filter static_user_filter (class=org.apache.hadoop.http.lib.StaticUserWebFilter$StaticUserFilter) to context logs
2019-08-29 18:45:18,908 [main] INFO  http.HttpServer2 (HttpServer2.java:bindListener(1191)) - Jetty bound to port 46365
2019-08-29 18:45:18,908 [main] INFO  server.Server (Server.java:doStart(351)) - jetty-9.3.24.v20180605, build timestamp: 2018-06-05T17:11:56Z, git hash: 84205aa28f11a4f31f2a3b86d1bba2cc8ab69827
2019-08-29 18:45:18,910 [main] INFO  handler.ContextHandler (ContextHandler.java:doStart(781)) - Started o.e.j.s.ServletContextHandler@2227a6c1{/logs,file:///workdir/hadoop-ozone/integration-test/target/log,AVAILABLE}
2019-08-29 18:45:18,911 [main] INFO  handler.ContextHandler (ContextHandler.java:doStart(781)) - Started o.e.j.s.ServletContextHandler@543e593{/static,file:///workdir/hadoop-ozone/integration-test/target/test-classes/webapps/static,AVAILABLE}
2019-08-29 18:45:19,122 [main] INFO  handler.ContextHandler (ContextHandler.java:doStart(781)) - Started o.e.j.w.WebAppContext@2b8d084{/,file:///workdir/hadoop-ozone/integration-test/target/test-classes/webapps/ozoneManager/,AVAILABLE}{/ozoneManager}
2019-08-29 18:45:19,124 [main] INFO  server.AbstractConnector (AbstractConnector.java:doStart(278)) - Started ServerConnector@6daf2337{HTTP/1.1,[http/1.1]}{0.0.0.0:46365}
2019-08-29 18:45:19,125 [main] INFO  server.Server (Server.java:doStart(419)) - Started @5682ms
2019-08-29 18:45:19,126 [main] INFO  server.BaseHttpServer (BaseHttpServer.java:updateConnectorAddress(213)) - HTTP server of OZONEMANAGER is listening at http://0.0.0.0:46365
2019-08-29 18:45:19,312 [main] INFO  impl.MetricsSystemImpl (MetricsSystemImpl.java:init(158)) - HddsDatanode metrics system started (again)
2019-08-29 18:45:19,418 [main] INFO  ozone.HddsDatanodeService (HddsDatanodeService.java:start(184)) - HddsDatanodeService host:pr-hdds-1783-trunk-vh5xf-2283488870 ip:192.168.36.71
2019-08-29 18:45:19,454 [main] INFO  volume.HddsVolume (HddsVolume.java:<init>(176)) - Creating Volume: /workdir/hadoop-ozone/integration-test/target/test-dir/MiniOzoneClusterImpl-8c688366-329c-437c-96af-5eb13fe36e17/datanode-0/data/containers/hdds of  storage type : DISK and capacity : 1482555576320
2019-08-29 18:45:19,456 [main] INFO  volume.VolumeSet (VolumeSet.java:initializeVolumeSet(170)) - Added Volume : /workdir/hadoop-ozone/integration-test/target/test-dir/MiniOzoneClusterImpl-8c688366-329c-437c-96af-5eb13fe36e17/datanode-0/data/containers/hdds to VolumeSet
2019-08-29 18:45:19,459 [main] INFO  volume.ThrottledAsyncChecker (ThrottledAsyncChecker.java:schedule(140)) - Scheduling a check for org.apache.hadoop.ozone.container.common.volume.HddsVolume@4df39a88
2019-08-29 18:45:19,477 [main] INFO  volume.HddsVolumeChecker (HddsVolumeChecker.java:checkAllVolumes(203)) - Scheduled health check for volume org.apache.hadoop.ozone.container.common.volume.HddsVolume@4df39a88
2019-08-29 18:45:19,587 [main] INFO  impl.RaftServerProxy (ConfUtils.java:logGet(43)) - raft.rpc.type = GRPC (default)
2019-08-29 18:45:19,644 [main] INFO  grpc.GrpcFactory (GrpcFactory.java:checkPooledByteBufAllocatorUseCacheForAllThreads(45)) - PERFORMANCE WARNING: useCacheForAllThreads is true that may cause Netty to create a lot garbage objects and, as a result, trigger GC.
	It is recommended to disable useCacheForAllThreads by setting -Dorg.apache.ratis.thirdparty.io.netty.allocator.useCacheForAllThreads=false in command line.
2019-08-29 18:45:19,649 [main] INFO  grpc.GrpcConfigKeys$Server (ConfUtils.java:logGet(43)) - raft.grpc.server.port = 0 (default)
2019-08-29 18:45:19,649 [main] INFO  server.GrpcService (ConfUtils.java:logGet(43)) - raft.grpc.message.size.max = 33570816 (custom)
2019-08-29 18:45:19,651 [main] INFO  server.RaftServerConfigKeys (ConfUtils.java:logGet(43)) - raft.server.log.appender.buffer.byte-limit = 33554432 (custom)
2019-08-29 18:45:19,651 [main] INFO  server.GrpcService (ConfUtils.java:logGet(43)) - raft.grpc.flow.control.window = 1MB (=1048576) (default)
2019-08-29 18:45:19,652 [main] INFO  server.RaftServerConfigKeys (ConfUtils.java:logGet(43)) - raft.server.rpc.request.timeout = 3000ms (default)
2019-08-29 18:45:19,788 [main] INFO  server.RaftServerConfigKeys (ConfUtils.java:logGet(43)) - raft.server.storage.dir = [/workdir/hadoop-ozone/integration-test/target/test-dir/MiniOzoneClusterImpl-8c688366-329c-437c-96af-5eb13fe36e17/datanode-0/data/ratis] (custom)
2019-08-29 18:45:19,835 [main] INFO  hdfs.DFSUtil (DFSUtil.java:httpServerTemplateForNNAndJN(1641)) - Starting Web-server for hddsDatanode at: http://0.0.0.0:0
2019-08-29 18:45:19,838 [main] INFO  server.AuthenticationFilter (AuthenticationFilter.java:constructSecretProvider(240)) - Unable to initialize FileSignerSecretProvider, falling back to use random secrets.
2019-08-29 18:45:19,839 [main] WARN  http.HttpRequestLog (HttpRequestLog.java:getRequestLog(97)) - Jetty request log can only be enabled using Log4j
2019-08-29 18:45:19,840 [main] INFO  http.HttpServer2 (HttpServer2.java:addGlobalFilter(975)) - Added global filter 'safety' (class=org.apache.hadoop.http.HttpServer2$QuotingInputFilter)
2019-08-29 18:45:19,841 [main] INFO  http.HttpServer2 (HttpServer2.java:addFilter(948)) - Added filter static_user_filter (class=org.apache.hadoop.http.lib.StaticUserWebFilter$StaticUserFilter) to context hddsDatanode
2019-08-29 18:45:19,841 [main] INFO  http.HttpServer2 (HttpServer2.java:addFilter(958)) - Added filter static_user_filter (class=org.apache.hadoop.http.lib.StaticUserWebFilter$StaticUserFilter) to context static
2019-08-29 18:45:19,841 [main] INFO  http.HttpServer2 (HttpServer2.java:addFilter(958)) - Added filter static_user_filter (class=org.apache.hadoop.http.lib.StaticUserWebFilter$StaticUserFilter) to context logs
2019-08-29 18:45:19,842 [main] INFO  http.HttpServer2 (HttpServer2.java:bindListener(1191)) - Jetty bound to port 36504
2019-08-29 18:45:19,843 [main] INFO  server.Server (Server.java:doStart(351)) - jetty-9.3.24.v20180605, build timestamp: 2018-06-05T17:11:56Z, git hash: 84205aa28f11a4f31f2a3b86d1bba2cc8ab69827
2019-08-29 18:45:19,845 [main] INFO  handler.ContextHandler (ContextHandler.java:doStart(781)) - Started o.e.j.s.ServletContextHandler@6c0e13b7{/logs,file:///workdir/hadoop-ozone/integration-test/target/log,AVAILABLE}
2019-08-29 18:45:19,845 [main] INFO  handler.ContextHandler (ContextHandler.java:doStart(781)) - Started o.e.j.s.ServletContextHandler@561b7d53{/static,jar:file:/home/user/.m2/repository/org/apache/hadoop/hadoop-hdds-container-service/0.5.0-SNAPSHOT/hadoop-hdds-container-service-0.5.0-SNAPSHOT.jar!/webapps/static,AVAILABLE}
2019-08-29 18:45:19,876 [main] INFO  handler.ContextHandler (ContextHandler.java:doStart(781)) - Started o.e.j.w.WebAppContext@38ed139b{/,file:///tmp/jetty-0.0.0.0-36504-hddsDatanode-_-any-131874030690267876.dir/webapp/,AVAILABLE}{/hddsDatanode}
2019-08-29 18:45:19,877 [main] INFO  server.AbstractConnector (AbstractConnector.java:doStart(278)) - Started ServerConnector@a5272be{HTTP/1.1,[http/1.1]}{0.0.0.0:36504}
2019-08-29 18:45:19,879 [main] INFO  server.Server (Server.java:doStart(419)) - Started @6436ms
2019-08-29 18:45:19,880 [main] INFO  server.BaseHttpServer (BaseHttpServer.java:updateConnectorAddress(213)) - HTTP server of HDDSDATANODE is listening at http://0.0.0.0:36504
2019-08-29 18:45:19,881 [main] INFO  impl.MetricsSystemImpl (MetricsSystemImpl.java:init(158)) - HddsDatanode metrics system started (again)
2019-08-29 18:45:19,884 [main] INFO  ozone.HddsDatanodeService (HddsDatanodeService.java:start(184)) - HddsDatanodeService host:pr-hdds-1783-trunk-vh5xf-2283488870 ip:192.168.36.71
2019-08-29 18:45:19,891 [org.apache.hadoop.util.JvmPauseMonitor$Monitor@2907317c] INFO  util.JvmPauseMonitor (JvmPauseMonitor.java:run(188)) - Starting JVM pause monitor
2019-08-29 18:45:19,891 [main] INFO  volume.HddsVolume (HddsVolume.java:<init>(176)) - Creating Volume: /workdir/hadoop-ozone/integration-test/target/test-dir/MiniOzoneClusterImpl-8c688366-329c-437c-96af-5eb13fe36e17/datanode-1/data/containers/hdds of  storage type : DISK and capacity : 1482555576320
2019-08-29 18:45:19,891 [main] INFO  volume.VolumeSet (VolumeSet.java:initializeVolumeSet(170)) - Added Volume : /workdir/hadoop-ozone/integration-test/target/test-dir/MiniOzoneClusterImpl-8c688366-329c-437c-96af-5eb13fe36e17/datanode-1/data/containers/hdds to VolumeSet
2019-08-29 18:45:19,892 [main] INFO  volume.ThrottledAsyncChecker (ThrottledAsyncChecker.java:schedule(140)) - Scheduling a check for org.apache.hadoop.ozone.container.common.volume.HddsVolume@423b2b62
2019-08-29 18:45:19,893 [main] INFO  volume.HddsVolumeChecker (HddsVolumeChecker.java:checkAllVolumes(203)) - Scheduled health check for volume org.apache.hadoop.ozone.container.common.volume.HddsVolume@423b2b62
2019-08-29 18:45:19,907 [main] INFO  impl.RaftServerProxy (ConfUtils.java:logGet(43)) - raft.rpc.type = GRPC (default)
2019-08-29 18:45:19,907 [main] INFO  grpc.GrpcFactory (GrpcFactory.java:checkPooledByteBufAllocatorUseCacheForAllThreads(45)) - PERFORMANCE WARNING: useCacheForAllThreads is true that may cause Netty to create a lot garbage objects and, as a result, trigger GC.
	It is recommended to disable useCacheForAllThreads by setting -Dorg.apache.ratis.thirdparty.io.netty.allocator.useCacheForAllThreads=false in command line.
2019-08-29 18:45:19,908 [main] INFO  grpc.GrpcConfigKeys$Server (ConfUtils.java:logGet(43)) - raft.grpc.server.port = 0 (default)
2019-08-29 18:45:19,908 [main] INFO  server.GrpcService (ConfUtils.java:logGet(43)) - raft.grpc.message.size.max = 33570816 (custom)
2019-08-29 18:45:19,909 [main] INFO  server.RaftServerConfigKeys (ConfUtils.java:logGet(43)) - raft.server.log.appender.buffer.byte-limit = 33554432 (custom)
2019-08-29 18:45:19,909 [main] INFO  server.GrpcService (ConfUtils.java:logGet(43)) - raft.grpc.flow.control.window = 1MB (=1048576) (default)
2019-08-29 18:45:19,909 [main] INFO  server.RaftServerConfigKeys (ConfUtils.java:logGet(43)) - raft.server.rpc.request.timeout = 3000ms (default)
2019-08-29 18:45:19,910 [main] INFO  server.RaftServerConfigKeys (ConfUtils.java:logGet(43)) - raft.server.storage.dir = [/workdir/hadoop-ozone/integration-test/target/test-dir/MiniOzoneClusterImpl-8c688366-329c-437c-96af-5eb13fe36e17/datanode-1/data/ratis] (custom)
2019-08-29 18:45:19,912 [main] INFO  hdfs.DFSUtil (DFSUtil.java:httpServerTemplateForNNAndJN(1641)) - Starting Web-server for hddsDatanode at: http://0.0.0.0:0
2019-08-29 18:45:19,914 [main] INFO  server.AuthenticationFilter (AuthenticationFilter.java:constructSecretProvider(240)) - Unable to initialize FileSignerSecretProvider, falling back to use random secrets.
2019-08-29 18:45:19,915 [main] WARN  http.HttpRequestLog (HttpRequestLog.java:getRequestLog(97)) - Jetty request log can only be enabled using Log4j
2019-08-29 18:45:19,917 [main] INFO  http.HttpServer2 (HttpServer2.java:addGlobalFilter(975)) - Added global filter 'safety' (class=org.apache.hadoop.http.HttpServer2$QuotingInputFilter)
2019-08-29 18:45:19,917 [main] INFO  http.HttpServer2 (HttpServer2.java:addFilter(948)) - Added filter static_user_filter (class=org.apache.hadoop.http.lib.StaticUserWebFilter$StaticUserFilter) to context hddsDatanode
2019-08-29 18:45:19,918 [main] INFO  http.HttpServer2 (HttpServer2.java:addFilter(958)) - Added filter static_user_filter (class=org.apache.hadoop.http.lib.StaticUserWebFilter$StaticUserFilter) to context logs
2019-08-29 18:45:19,918 [main] INFO  http.HttpServer2 (HttpServer2.java:addFilter(958)) - Added filter static_user_filter (class=org.apache.hadoop.http.lib.StaticUserWebFilter$StaticUserFilter) to context static
2019-08-29 18:45:19,919 [main] INFO  http.HttpServer2 (HttpServer2.java:bindListener(1191)) - Jetty bound to port 36024
2019-08-29 18:45:19,919 [main] INFO  server.Server (Server.java:doStart(351)) - jetty-9.3.24.v20180605, build timestamp: 2018-06-05T17:11:56Z, git hash: 84205aa28f11a4f31f2a3b86d1bba2cc8ab69827
2019-08-29 18:45:19,922 [main] INFO  handler.ContextHandler (ContextHandler.java:doStart(781)) - Started o.e.j.s.ServletContextHandler@51d387d3{/logs,file:///workdir/hadoop-ozone/integration-test/target/log,AVAILABLE}
2019-08-29 18:45:19,923 [main] INFO  handler.ContextHandler (ContextHandler.java:doStart(781)) - Started o.e.j.s.ServletContextHandler@534180a2{/static,jar:file:/home/user/.m2/repository/org/apache/hadoop/hadoop-hdds-container-service/0.5.0-SNAPSHOT/hadoop-hdds-container-service-0.5.0-SNAPSHOT.jar!/webapps/static,AVAILABLE}
2019-08-29 18:45:19,968 [main] INFO  handler.ContextHandler (ContextHandler.java:doStart(781)) - Started o.e.j.w.WebAppContext@272ce069{/,file:///tmp/jetty-0.0.0.0-36024-hddsDatanode-_-any-4582554284239405769.dir/webapp/,AVAILABLE}{/hddsDatanode}
2019-08-29 18:45:19,969 [main] INFO  server.AbstractConnector (AbstractConnector.java:doStart(278)) - Started ServerConnector@3d7fb838{HTTP/1.1,[http/1.1]}{0.0.0.0:36024}
2019-08-29 18:45:19,970 [main] INFO  server.Server (Server.java:doStart(419)) - Started @6527ms
2019-08-29 18:45:19,971 [main] INFO  server.BaseHttpServer (BaseHttpServer.java:updateConnectorAddress(213)) - HTTP server of HDDSDATANODE is listening at http://0.0.0.0:36024
2019-08-29 18:45:19,972 [main] INFO  impl.MetricsSystemImpl (MetricsSystemImpl.java:init(158)) - HddsDatanode metrics system started (again)
2019-08-29 18:45:19,974 [main] INFO  ozone.HddsDatanodeService (HddsDatanodeService.java:start(184)) - HddsDatanodeService host:pr-hdds-1783-trunk-vh5xf-2283488870 ip:192.168.36.71
2019-08-29 18:45:19,975 [org.apache.hadoop.util.JvmPauseMonitor$Monitor@78e4787e] INFO  util.JvmPauseMonitor (JvmPauseMonitor.java:run(188)) - Starting JVM pause monitor
2019-08-29 18:45:19,983 [main] INFO  volume.HddsVolume (HddsVolume.java:<init>(176)) - Creating Volume: /workdir/hadoop-ozone/integration-test/target/test-dir/MiniOzoneClusterImpl-8c688366-329c-437c-96af-5eb13fe36e17/datanode-2/data/containers/hdds of  storage type : DISK and capacity : 1482555576320
2019-08-29 18:45:19,983 [main] INFO  volume.VolumeSet (VolumeSet.java:initializeVolumeSet(170)) - Added Volume : /workdir/hadoop-ozone/integration-test/target/test-dir/MiniOzoneClusterImpl-8c688366-329c-437c-96af-5eb13fe36e17/datanode-2/data/containers/hdds to VolumeSet
2019-08-29 18:45:19,984 [main] INFO  volume.ThrottledAsyncChecker (ThrottledAsyncChecker.java:schedule(140)) - Scheduling a check for org.apache.hadoop.ozone.container.common.volume.HddsVolume@3d0035d2
2019-08-29 18:45:19,984 [main] INFO  volume.HddsVolumeChecker (HddsVolumeChecker.java:checkAllVolumes(203)) - Scheduled health check for volume org.apache.hadoop.ozone.container.common.volume.HddsVolume@3d0035d2
2019-08-29 18:45:19,998 [main] INFO  impl.RaftServerProxy (ConfUtils.java:logGet(43)) - raft.rpc.type = GRPC (default)
2019-08-29 18:45:19,999 [main] INFO  grpc.GrpcFactory (GrpcFactory.java:checkPooledByteBufAllocatorUseCacheForAllThreads(45)) - PERFORMANCE WARNING: useCacheForAllThreads is true that may cause Netty to create a lot garbage objects and, as a result, trigger GC.
	It is recommended to disable useCacheForAllThreads by setting -Dorg.apache.ratis.thirdparty.io.netty.allocator.useCacheForAllThreads=false in command line.
2019-08-29 18:45:19,999 [main] INFO  grpc.GrpcConfigKeys$Server (ConfUtils.java:logGet(43)) - raft.grpc.server.port = 0 (default)
2019-08-29 18:45:19,999 [main] INFO  server.GrpcService (ConfUtils.java:logGet(43)) - raft.grpc.message.size.max = 33570816 (custom)
2019-08-29 18:45:19,999 [main] INFO  server.RaftServerConfigKeys (ConfUtils.java:logGet(43)) - raft.server.log.appender.buffer.byte-limit = 33554432 (custom)
2019-08-29 18:45:20,000 [main] INFO  server.GrpcService (ConfUtils.java:logGet(43)) - raft.grpc.flow.control.window = 1MB (=1048576) (default)
2019-08-29 18:45:20,000 [main] INFO  server.RaftServerConfigKeys (ConfUtils.java:logGet(43)) - raft.server.rpc.request.timeout = 3000ms (default)
2019-08-29 18:45:20,001 [main] INFO  server.RaftServerConfigKeys (ConfUtils.java:logGet(43)) - raft.server.storage.dir = [/workdir/hadoop-ozone/integration-test/target/test-dir/MiniOzoneClusterImpl-8c688366-329c-437c-96af-5eb13fe36e17/datanode-2/data/ratis] (custom)
2019-08-29 18:45:20,003 [main] INFO  hdfs.DFSUtil (DFSUtil.java:httpServerTemplateForNNAndJN(1641)) - Starting Web-server for hddsDatanode at: http://0.0.0.0:0
2019-08-29 18:45:20,004 [main] INFO  server.AuthenticationFilter (AuthenticationFilter.java:constructSecretProvider(240)) - Unable to initialize FileSignerSecretProvider, falling back to use random secrets.
2019-08-29 18:45:20,005 [main] WARN  http.HttpRequestLog (HttpRequestLog.java:getRequestLog(97)) - Jetty request log can only be enabled using Log4j
2019-08-29 18:45:20,007 [main] INFO  http.HttpServer2 (HttpServer2.java:addGlobalFilter(975)) - Added global filter 'safety' (class=org.apache.hadoop.http.HttpServer2$QuotingInputFilter)
2019-08-29 18:45:20,007 [main] INFO  http.HttpServer2 (HttpServer2.java:addFilter(948)) - Added filter static_user_filter (class=org.apache.hadoop.http.lib.StaticUserWebFilter$StaticUserFilter) to context hddsDatanode
2019-08-29 18:45:20,007 [main] INFO  http.HttpServer2 (HttpServer2.java:addFilter(958)) - Added filter static_user_filter (class=org.apache.hadoop.http.lib.StaticUserWebFilter$StaticUserFilter) to context static
2019-08-29 18:45:20,008 [main] INFO  http.HttpServer2 (HttpServer2.java:addFilter(958)) - Added filter static_user_filter (class=org.apache.hadoop.http.lib.StaticUserWebFilter$StaticUserFilter) to context logs
2019-08-29 18:45:20,009 [main] INFO  http.HttpServer2 (HttpServer2.java:bindListener(1191)) - Jetty bound to port 39739
2019-08-29 18:45:20,009 [main] INFO  server.Server (Server.java:doStart(351)) - jetty-9.3.24.v20180605, build timestamp: 2018-06-05T17:11:56Z, git hash: 84205aa28f11a4f31f2a3b86d1bba2cc8ab69827
2019-08-29 18:45:20,011 [main] INFO  handler.ContextHandler (ContextHandler.java:doStart(781)) - Started o.e.j.s.ServletContextHandler@7f5538a1{/logs,file:///workdir/hadoop-ozone/integration-test/target/log,AVAILABLE}
2019-08-29 18:45:20,011 [main] INFO  handler.ContextHandler (ContextHandler.java:doStart(781)) - Started o.e.j.s.ServletContextHandler@1f9f381d{/static,jar:file:/home/user/.m2/repository/org/apache/hadoop/hadoop-hdds-container-service/0.5.0-SNAPSHOT/hadoop-hdds-container-service-0.5.0-SNAPSHOT.jar!/webapps/static,AVAILABLE}
2019-08-29 18:45:20,035 [Datanode State Machine Thread - 0] INFO  datanode.InitDatanodeState (InitDatanodeState.java:persistContainerDatanodeDetails(140)) - DatanodeDetails is persisted to /workdir/hadoop-ozone/integration-test/target/test-dir/MiniOzoneClusterImpl-8c688366-329c-437c-96af-5eb13fe36e17/datanode-0/meta/datanode.id
2019-08-29 18:45:20,039 [Datanode State Machine Thread - 0] INFO  datanode.InitDatanodeState (InitDatanodeState.java:persistContainerDatanodeDetails(140)) - DatanodeDetails is persisted to /workdir/hadoop-ozone/integration-test/target/test-dir/MiniOzoneClusterImpl-8c688366-329c-437c-96af-5eb13fe36e17/datanode-1/meta/datanode.id
2019-08-29 18:45:20,043 [main] INFO  handler.ContextHandler (ContextHandler.java:doStart(781)) - Started o.e.j.w.WebAppContext@3e3315d9{/,file:///tmp/jetty-0.0.0.0-39739-hddsDatanode-_-any-4744734660458083804.dir/webapp/,AVAILABLE}{/hddsDatanode}
2019-08-29 18:45:20,043 [main] INFO  server.AbstractConnector (AbstractConnector.java:doStart(278)) - Started ServerConnector@64db4967{HTTP/1.1,[http/1.1]}{0.0.0.0:39739}
2019-08-29 18:45:20,044 [main] INFO  server.Server (Server.java:doStart(419)) - Started @6601ms
2019-08-29 18:45:20,046 [main] INFO  server.BaseHttpServer (BaseHttpServer.java:updateConnectorAddress(213)) - HTTP server of HDDSDATANODE is listening at http://0.0.0.0:39739
2019-08-29 18:45:20,046 [main] INFO  impl.MetricsSystemImpl (MetricsSystemImpl.java:init(158)) - HddsDatanode metrics system started (again)
2019-08-29 18:45:20,049 [org.apache.hadoop.util.JvmPauseMonitor$Monitor@ebfcdc0] INFO  util.JvmPauseMonitor (JvmPauseMonitor.java:run(188)) - Starting JVM pause monitor
2019-08-29 18:45:20,049 [main] INFO  ozone.HddsDatanodeService (HddsDatanodeService.java:start(184)) - HddsDatanodeService host:pr-hdds-1783-trunk-vh5xf-2283488870 ip:192.168.36.71
2019-08-29 18:45:20,050 [Datanode State Machine Thread - 0] INFO  datanode.InitDatanodeState (InitDatanodeState.java:persistContainerDatanodeDetails(140)) - DatanodeDetails is persisted to /workdir/hadoop-ozone/integration-test/target/test-dir/MiniOzoneClusterImpl-8c688366-329c-437c-96af-5eb13fe36e17/datanode-2/meta/datanode.id
2019-08-29 18:45:20,057 [main] INFO  volume.HddsVolume (HddsVolume.java:<init>(176)) - Creating Volume: /workdir/hadoop-ozone/integration-test/target/test-dir/MiniOzoneClusterImpl-8c688366-329c-437c-96af-5eb13fe36e17/datanode-3/data/containers/hdds of  storage type : DISK and capacity : 1482555576320
2019-08-29 18:45:20,058 [main] INFO  volume.VolumeSet (VolumeSet.java:initializeVolumeSet(170)) - Added Volume : /workdir/hadoop-ozone/integration-test/target/test-dir/MiniOzoneClusterImpl-8c688366-329c-437c-96af-5eb13fe36e17/datanode-3/data/containers/hdds to VolumeSet
2019-08-29 18:45:20,058 [main] INFO  volume.ThrottledAsyncChecker (ThrottledAsyncChecker.java:schedule(140)) - Scheduling a check for org.apache.hadoop.ozone.container.common.volume.HddsVolume@5c5d6175
2019-08-29 18:45:20,059 [main] INFO  volume.HddsVolumeChecker (HddsVolumeChecker.java:checkAllVolumes(203)) - Scheduled health check for volume org.apache.hadoop.ozone.container.common.volume.HddsVolume@5c5d6175
2019-08-29 18:45:20,072 [main] INFO  impl.RaftServerProxy (ConfUtils.java:logGet(43)) - raft.rpc.type = GRPC (default)
2019-08-29 18:45:20,072 [main] INFO  grpc.GrpcFactory (GrpcFactory.java:checkPooledByteBufAllocatorUseCacheForAllThreads(45)) - PERFORMANCE WARNING: useCacheForAllThreads is true that may cause Netty to create a lot garbage objects and, as a result, trigger GC.
	It is recommended to disable useCacheForAllThreads by setting -Dorg.apache.ratis.thirdparty.io.netty.allocator.useCacheForAllThreads=false in command line.
2019-08-29 18:45:20,072 [main] INFO  grpc.GrpcConfigKeys$Server (ConfUtils.java:logGet(43)) - raft.grpc.server.port = 0 (default)
2019-08-29 18:45:20,073 [main] INFO  server.GrpcService (ConfUtils.java:logGet(43)) - raft.grpc.message.size.max = 33570816 (custom)
2019-08-29 18:45:20,073 [main] INFO  server.RaftServerConfigKeys (ConfUtils.java:logGet(43)) - raft.server.log.appender.buffer.byte-limit = 33554432 (custom)
2019-08-29 18:45:20,073 [main] INFO  server.GrpcService (ConfUtils.java:logGet(43)) - raft.grpc.flow.control.window = 1MB (=1048576) (default)
2019-08-29 18:45:20,073 [main] INFO  server.RaftServerConfigKeys (ConfUtils.java:logGet(43)) - raft.server.rpc.request.timeout = 3000ms (default)
2019-08-29 18:45:20,074 [main] INFO  server.RaftServerConfigKeys (ConfUtils.java:logGet(43)) - raft.server.storage.dir = [/workdir/hadoop-ozone/integration-test/target/test-dir/MiniOzoneClusterImpl-8c688366-329c-437c-96af-5eb13fe36e17/datanode-3/data/ratis] (custom)
2019-08-29 18:45:20,075 [main] INFO  hdfs.DFSUtil (DFSUtil.java:httpServerTemplateForNNAndJN(1641)) - Starting Web-server for hddsDatanode at: http://0.0.0.0:0
2019-08-29 18:45:20,077 [main] INFO  server.AuthenticationFilter (AuthenticationFilter.java:constructSecretProvider(240)) - Unable to initialize FileSignerSecretProvider, falling back to use random secrets.
2019-08-29 18:45:20,077 [main] WARN  http.HttpRequestLog (HttpRequestLog.java:getRequestLog(97)) - Jetty request log can only be enabled using Log4j
2019-08-29 18:45:20,079 [main] INFO  http.HttpServer2 (HttpServer2.java:addGlobalFilter(975)) - Added global filter 'safety' (class=org.apache.hadoop.http.HttpServer2$QuotingInputFilter)
2019-08-29 18:45:20,080 [main] INFO  http.HttpServer2 (HttpServer2.java:addFilter(948)) - Added filter static_user_filter (class=org.apache.hadoop.http.lib.StaticUserWebFilter$StaticUserFilter) to context hddsDatanode
2019-08-29 18:45:20,080 [main] INFO  http.HttpServer2 (HttpServer2.java:addFilter(958)) - Added filter static_user_filter (class=org.apache.hadoop.http.lib.StaticUserWebFilter$StaticUserFilter) to context static
2019-08-29 18:45:20,080 [main] INFO  http.HttpServer2 (HttpServer2.java:addFilter(958)) - Added filter static_user_filter (class=org.apache.hadoop.http.lib.StaticUserWebFilter$StaticUserFilter) to context logs
2019-08-29 18:45:20,081 [main] INFO  http.HttpServer2 (HttpServer2.java:bindListener(1191)) - Jetty bound to port 35725
2019-08-29 18:45:20,081 [main] INFO  server.Server (Server.java:doStart(351)) - jetty-9.3.24.v20180605, build timestamp: 2018-06-05T17:11:56Z, git hash: 84205aa28f11a4f31f2a3b86d1bba2cc8ab69827
2019-08-29 18:45:20,084 [main] INFO  handler.ContextHandler (ContextHandler.java:doStart(781)) - Started o.e.j.s.ServletContextHandler@6cd3ad8a{/logs,file:///workdir/hadoop-ozone/integration-test/target/log,AVAILABLE}
2019-08-29 18:45:20,085 [main] INFO  handler.ContextHandler (ContextHandler.java:doStart(781)) - Started o.e.j.s.ServletContextHandler@2d64160c{/static,jar:file:/home/user/.m2/repository/org/apache/hadoop/hadoop-hdds-container-service/0.5.0-SNAPSHOT/hadoop-hdds-container-service-0.5.0-SNAPSHOT.jar!/webapps/static,AVAILABLE}
2019-08-29 18:45:20,113 [main] INFO  handler.ContextHandler (ContextHandler.java:doStart(781)) - Started o.e.j.w.WebAppContext@663bb8ef{/,file:///tmp/jetty-0.0.0.0-35725-hddsDatanode-_-any-3825988395782434123.dir/webapp/,AVAILABLE}{/hddsDatanode}
2019-08-29 18:45:20,114 [main] INFO  server.AbstractConnector (AbstractConnector.java:doStart(278)) - Started ServerConnector@2f4e40d7{HTTP/1.1,[http/1.1]}{0.0.0.0:35725}
2019-08-29 18:45:20,114 [main] INFO  server.Server (Server.java:doStart(419)) - Started @6671ms
2019-08-29 18:45:20,115 [main] INFO  server.BaseHttpServer (BaseHttpServer.java:updateConnectorAddress(213)) - HTTP server of HDDSDATANODE is listening at http://0.0.0.0:35725
2019-08-29 18:45:20,115 [main] INFO  impl.MetricsSystemImpl (MetricsSystemImpl.java:init(158)) - HddsDatanode metrics system started (again)
2019-08-29 18:45:20,118 [main] INFO  ozone.HddsDatanodeService (HddsDatanodeService.java:start(184)) - HddsDatanodeService host:pr-hdds-1783-trunk-vh5xf-2283488870 ip:192.168.36.71
2019-08-29 18:45:20,118 [org.apache.hadoop.util.JvmPauseMonitor$Monitor@1623a4ee] INFO  util.JvmPauseMonitor (JvmPauseMonitor.java:run(188)) - Starting JVM pause monitor
2019-08-29 18:45:20,120 [Datanode State Machine Thread - 0] INFO  datanode.InitDatanodeState (InitDatanodeState.java:persistContainerDatanodeDetails(140)) - DatanodeDetails is persisted to /workdir/hadoop-ozone/integration-test/target/test-dir/MiniOzoneClusterImpl-8c688366-329c-437c-96af-5eb13fe36e17/datanode-3/meta/datanode.id
2019-08-29 18:45:20,126 [main] INFO  volume.HddsVolume (HddsVolume.java:<init>(176)) - Creating Volume: /workdir/hadoop-ozone/integration-test/target/test-dir/MiniOzoneClusterImpl-8c688366-329c-437c-96af-5eb13fe36e17/datanode-4/data/containers/hdds of  storage type : DISK and capacity : 1482555576320
2019-08-29 18:45:20,126 [main] INFO  volume.VolumeSet (VolumeSet.java:initializeVolumeSet(170)) - Added Volume : /workdir/hadoop-ozone/integration-test/target/test-dir/MiniOzoneClusterImpl-8c688366-329c-437c-96af-5eb13fe36e17/datanode-4/data/containers/hdds to VolumeSet
2019-08-29 18:45:20,126 [main] INFO  volume.ThrottledAsyncChecker (ThrottledAsyncChecker.java:schedule(140)) - Scheduling a check for org.apache.hadoop.ozone.container.common.volume.HddsVolume@44b29496
2019-08-29 18:45:20,127 [main] INFO  volume.HddsVolumeChecker (HddsVolumeChecker.java:checkAllVolumes(203)) - Scheduled health check for volume org.apache.hadoop.ozone.container.common.volume.HddsVolume@44b29496
2019-08-29 18:45:20,140 [main] INFO  impl.RaftServerProxy (ConfUtils.java:logGet(43)) - raft.rpc.type = GRPC (default)
2019-08-29 18:45:20,141 [main] INFO  grpc.GrpcFactory (GrpcFactory.java:checkPooledByteBufAllocatorUseCacheForAllThreads(45)) - PERFORMANCE WARNING: useCacheForAllThreads is true that may cause Netty to create a lot garbage objects and, as a result, trigger GC.
	It is recommended to disable useCacheForAllThreads by setting -Dorg.apache.ratis.thirdparty.io.netty.allocator.useCacheForAllThreads=false in command line.
2019-08-29 18:45:20,141 [main] INFO  grpc.GrpcConfigKeys$Server (ConfUtils.java:logGet(43)) - raft.grpc.server.port = 0 (default)
2019-08-29 18:45:20,141 [main] INFO  server.GrpcService (ConfUtils.java:logGet(43)) - raft.grpc.message.size.max = 33570816 (custom)
2019-08-29 18:45:20,141 [main] INFO  server.RaftServerConfigKeys (ConfUtils.java:logGet(43)) - raft.server.log.appender.buffer.byte-limit = 33554432 (custom)
2019-08-29 18:45:20,141 [main] INFO  server.GrpcService (ConfUtils.java:logGet(43)) - raft.grpc.flow.control.window = 1MB (=1048576) (default)
2019-08-29 18:45:20,142 [main] INFO  server.RaftServerConfigKeys (ConfUtils.java:logGet(43)) - raft.server.rpc.request.timeout = 3000ms (default)
2019-08-29 18:45:20,142 [main] INFO  server.RaftServerConfigKeys (ConfUtils.java:logGet(43)) - raft.server.storage.dir = [/workdir/hadoop-ozone/integration-test/target/test-dir/MiniOzoneClusterImpl-8c688366-329c-437c-96af-5eb13fe36e17/datanode-4/data/ratis] (custom)
2019-08-29 18:45:20,144 [main] INFO  hdfs.DFSUtil (DFSUtil.java:httpServerTemplateForNNAndJN(1641)) - Starting Web-server for hddsDatanode at: http://0.0.0.0:0
2019-08-29 18:45:20,145 [main] INFO  server.AuthenticationFilter (AuthenticationFilter.java:constructSecretProvider(240)) - Unable to initialize FileSignerSecretProvider, falling back to use random secrets.
2019-08-29 18:45:20,145 [main] WARN  http.HttpRequestLog (HttpRequestLog.java:getRequestLog(97)) - Jetty request log can only be enabled using Log4j
2019-08-29 18:45:20,147 [main] INFO  http.HttpServer2 (HttpServer2.java:addGlobalFilter(975)) - Added global filter 'safety' (class=org.apache.hadoop.http.HttpServer2$QuotingInputFilter)
2019-08-29 18:45:20,148 [main] INFO  http.HttpServer2 (HttpServer2.java:addFilter(948)) - Added filter static_user_filter (class=org.apache.hadoop.http.lib.StaticUserWebFilter$StaticUserFilter) to context hddsDatanode
2019-08-29 18:45:20,148 [main] INFO  http.HttpServer2 (HttpServer2.java:addFilter(958)) - Added filter static_user_filter (class=org.apache.hadoop.http.lib.StaticUserWebFilter$StaticUserFilter) to context static
2019-08-29 18:45:20,148 [main] INFO  http.HttpServer2 (HttpServer2.java:addFilter(958)) - Added filter static_user_filter (class=org.apache.hadoop.http.lib.StaticUserWebFilter$StaticUserFilter) to context logs
2019-08-29 18:45:20,149 [main] INFO  http.HttpServer2 (HttpServer2.java:bindListener(1191)) - Jetty bound to port 39669
2019-08-29 18:45:20,149 [main] INFO  server.Server (Server.java:doStart(351)) - jetty-9.3.24.v20180605, build timestamp: 2018-06-05T17:11:56Z, git hash: 84205aa28f11a4f31f2a3b86d1bba2cc8ab69827
2019-08-29 18:45:20,152 [main] INFO  handler.ContextHandler (ContextHandler.java:doStart(781)) - Started o.e.j.s.ServletContextHandler@176f7f3b{/logs,file:///workdir/hadoop-ozone/integration-test/target/log,AVAILABLE}
2019-08-29 18:45:20,152 [main] INFO  handler.ContextHandler (ContextHandler.java:doStart(781)) - Started o.e.j.s.ServletContextHandler@58740366{/static,jar:file:/home/user/.m2/repository/org/apache/hadoop/hadoop-hdds-container-service/0.5.0-SNAPSHOT/hadoop-hdds-container-service-0.5.0-SNAPSHOT.jar!/webapps/static,AVAILABLE}
2019-08-29 18:45:20,194 [main] INFO  handler.ContextHandler (ContextHandler.java:doStart(781)) - Started o.e.j.w.WebAppContext@7e0bc8a3{/,file:///tmp/jetty-0.0.0.0-39669-hddsDatanode-_-any-6339418818753876475.dir/webapp/,AVAILABLE}{/hddsDatanode}
2019-08-29 18:45:20,196 [main] INFO  server.AbstractConnector (AbstractConnector.java:doStart(278)) - Started ServerConnector@4b0f2299{HTTP/1.1,[http/1.1]}{0.0.0.0:39669}
2019-08-29 18:45:20,196 [main] INFO  server.Server (Server.java:doStart(419)) - Started @6753ms
2019-08-29 18:45:20,197 [main] INFO  server.BaseHttpServer (BaseHttpServer.java:updateConnectorAddress(213)) - HTTP server of HDDSDATANODE is listening at http://0.0.0.0:39669
2019-08-29 18:45:20,198 [main] INFO  impl.MetricsSystemImpl (MetricsSystemImpl.java:init(158)) - HddsDatanode metrics system started (again)
2019-08-29 18:45:20,201 [org.apache.hadoop.util.JvmPauseMonitor$Monitor@66dc847f] INFO  util.JvmPauseMonitor (JvmPauseMonitor.java:run(188)) - Starting JVM pause monitor
2019-08-29 18:45:20,202 [main] INFO  ozone.HddsDatanodeService (HddsDatanodeService.java:start(184)) - HddsDatanodeService host:pr-hdds-1783-trunk-vh5xf-2283488870 ip:192.168.36.71
2019-08-29 18:45:20,203 [Datanode State Machine Thread - 0] INFO  datanode.InitDatanodeState (InitDatanodeState.java:persistContainerDatanodeDetails(140)) - DatanodeDetails is persisted to /workdir/hadoop-ozone/integration-test/target/test-dir/MiniOzoneClusterImpl-8c688366-329c-437c-96af-5eb13fe36e17/datanode-4/meta/datanode.id
2019-08-29 18:45:20,208 [main] INFO  volume.HddsVolume (HddsVolume.java:<init>(176)) - Creating Volume: /workdir/hadoop-ozone/integration-test/target/test-dir/MiniOzoneClusterImpl-8c688366-329c-437c-96af-5eb13fe36e17/datanode-5/data/containers/hdds of  storage type : DISK and capacity : 1482555576320
2019-08-29 18:45:20,209 [main] INFO  volume.VolumeSet (VolumeSet.java:initializeVolumeSet(170)) - Added Volume : /workdir/hadoop-ozone/integration-test/target/test-dir/MiniOzoneClusterImpl-8c688366-329c-437c-96af-5eb13fe36e17/datanode-5/data/containers/hdds to VolumeSet
2019-08-29 18:45:20,209 [main] INFO  volume.ThrottledAsyncChecker (ThrottledAsyncChecker.java:schedule(140)) - Scheduling a check for org.apache.hadoop.ozone.container.common.volume.HddsVolume@4cbc2e3b
2019-08-29 18:45:20,210 [main] INFO  volume.HddsVolumeChecker (HddsVolumeChecker.java:checkAllVolumes(203)) - Scheduled health check for volume org.apache.hadoop.ozone.container.common.volume.HddsVolume@4cbc2e3b
2019-08-29 18:45:20,237 [main] INFO  impl.RaftServerProxy (ConfUtils.java:logGet(43)) - raft.rpc.type = GRPC (default)
2019-08-29 18:45:20,238 [main] INFO  grpc.GrpcFactory (GrpcFactory.java:checkPooledByteBufAllocatorUseCacheForAllThreads(45)) - PERFORMANCE WARNING: useCacheForAllThreads is true that may cause Netty to create a lot garbage objects and, as a result, trigger GC.
	It is recommended to disable useCacheForAllThreads by setting -Dorg.apache.ratis.thirdparty.io.netty.allocator.useCacheForAllThreads=false in command line.
2019-08-29 18:45:20,239 [main] INFO  grpc.GrpcConfigKeys$Server (ConfUtils.java:logGet(43)) - raft.grpc.server.port = 0 (default)
2019-08-29 18:45:20,239 [main] INFO  server.GrpcService (ConfUtils.java:logGet(43)) - raft.grpc.message.size.max = 33570816 (custom)
2019-08-29 18:45:20,239 [main] INFO  server.RaftServerConfigKeys (ConfUtils.java:logGet(43)) - raft.server.log.appender.buffer.byte-limit = 33554432 (custom)
2019-08-29 18:45:20,239 [main] INFO  server.GrpcService (ConfUtils.java:logGet(43)) - raft.grpc.flow.control.window = 1MB (=1048576) (default)
2019-08-29 18:45:20,240 [main] INFO  server.RaftServerConfigKeys (ConfUtils.java:logGet(43)) - raft.server.rpc.request.timeout = 3000ms (default)
2019-08-29 18:45:20,241 [main] INFO  server.RaftServerConfigKeys (ConfUtils.java:logGet(43)) - raft.server.storage.dir = [/workdir/hadoop-ozone/integration-test/target/test-dir/MiniOzoneClusterImpl-8c688366-329c-437c-96af-5eb13fe36e17/datanode-5/data/ratis] (custom)
2019-08-29 18:45:20,243 [main] INFO  hdfs.DFSUtil (DFSUtil.java:httpServerTemplateForNNAndJN(1641)) - Starting Web-server for hddsDatanode at: http://0.0.0.0:0
2019-08-29 18:45:20,246 [main] INFO  server.AuthenticationFilter (AuthenticationFilter.java:constructSecretProvider(240)) - Unable to initialize FileSignerSecretProvider, falling back to use random secrets.
2019-08-29 18:45:20,246 [main] WARN  http.HttpRequestLog (HttpRequestLog.java:getRequestLog(97)) - Jetty request log can only be enabled using Log4j
2019-08-29 18:45:20,249 [main] INFO  http.HttpServer2 (HttpServer2.java:addGlobalFilter(975)) - Added global filter 'safety' (class=org.apache.hadoop.http.HttpServer2$QuotingInputFilter)
2019-08-29 18:45:20,250 [main] INFO  http.HttpServer2 (HttpServer2.java:addFilter(948)) - Added filter static_user_filter (class=org.apache.hadoop.http.lib.StaticUserWebFilter$StaticUserFilter) to context hddsDatanode
2019-08-29 18:45:20,250 [main] INFO  http.HttpServer2 (HttpServer2.java:addFilter(958)) - Added filter static_user_filter (class=org.apache.hadoop.http.lib.StaticUserWebFilter$StaticUserFilter) to context static
2019-08-29 18:45:20,250 [main] INFO  http.HttpServer2 (HttpServer2.java:addFilter(958)) - Added filter static_user_filter (class=org.apache.hadoop.http.lib.StaticUserWebFilter$StaticUserFilter) to context logs
2019-08-29 18:45:20,251 [main] INFO  http.HttpServer2 (HttpServer2.java:bindListener(1191)) - Jetty bound to port 39575
2019-08-29 18:45:20,252 [main] INFO  server.Server (Server.java:doStart(351)) - jetty-9.3.24.v20180605, build timestamp: 2018-06-05T17:11:56Z, git hash: 84205aa28f11a4f31f2a3b86d1bba2cc8ab69827
2019-08-29 18:45:20,254 [main] INFO  handler.ContextHandler (ContextHandler.java:doStart(781)) - Started o.e.j.s.ServletContextHandler@44032fde{/logs,file:///workdir/hadoop-ozone/integration-test/target/log,AVAILABLE}
2019-08-29 18:45:20,255 [main] INFO  handler.ContextHandler (ContextHandler.java:doStart(781)) - Started o.e.j.s.ServletContextHandler@5578be42{/static,jar:file:/home/user/.m2/repository/org/apache/hadoop/hadoop-hdds-container-service/0.5.0-SNAPSHOT/hadoop-hdds-container-service-0.5.0-SNAPSHOT.jar!/webapps/static,AVAILABLE}
2019-08-29 18:45:20,291 [main] INFO  handler.ContextHandler (ContextHandler.java:doStart(781)) - Started o.e.j.w.WebAppContext@4f5b08d{/,file:///tmp/jetty-0.0.0.0-39575-hddsDatanode-_-any-5384092977708470048.dir/webapp/,AVAILABLE}{/hddsDatanode}
2019-08-29 18:45:20,293 [main] INFO  server.AbstractConnector (AbstractConnector.java:doStart(278)) - Started ServerConnector@529c2a9a{HTTP/1.1,[http/1.1]}{0.0.0.0:39575}
2019-08-29 18:45:20,293 [main] INFO  server.Server (Server.java:doStart(419)) - Started @6850ms
2019-08-29 18:45:20,294 [main] INFO  server.BaseHttpServer (BaseHttpServer.java:updateConnectorAddress(213)) - HTTP server of HDDSDATANODE is listening at http://0.0.0.0:39575
2019-08-29 18:45:20,295 [main] INFO  impl.MetricsSystemImpl (MetricsSystemImpl.java:init(158)) - HddsDatanode metrics system started (again)
2019-08-29 18:45:20,298 [org.apache.hadoop.util.JvmPauseMonitor$Monitor@34eca178] INFO  util.JvmPauseMonitor (JvmPauseMonitor.java:run(188)) - Starting JVM pause monitor
2019-08-29 18:45:20,298 [main] INFO  ozone.HddsDatanodeService (HddsDatanodeService.java:start(184)) - HddsDatanodeService host:pr-hdds-1783-trunk-vh5xf-2283488870 ip:192.168.36.71
2019-08-29 18:45:20,300 [Datanode State Machine Thread - 0] INFO  datanode.InitDatanodeState (InitDatanodeState.java:persistContainerDatanodeDetails(140)) - DatanodeDetails is persisted to /workdir/hadoop-ozone/integration-test/target/test-dir/MiniOzoneClusterImpl-8c688366-329c-437c-96af-5eb13fe36e17/datanode-5/meta/datanode.id
2019-08-29 18:45:20,304 [main] INFO  volume.HddsVolume (HddsVolume.java:<init>(176)) - Creating Volume: /workdir/hadoop-ozone/integration-test/target/test-dir/MiniOzoneClusterImpl-8c688366-329c-437c-96af-5eb13fe36e17/datanode-6/data/containers/hdds of  storage type : DISK and capacity : 1482555576320
2019-08-29 18:45:20,305 [main] INFO  volume.VolumeSet (VolumeSet.java:initializeVolumeSet(170)) - Added Volume : /workdir/hadoop-ozone/integration-test/target/test-dir/MiniOzoneClusterImpl-8c688366-329c-437c-96af-5eb13fe36e17/datanode-6/data/containers/hdds to VolumeSet
2019-08-29 18:45:20,305 [main] INFO  volume.ThrottledAsyncChecker (ThrottledAsyncChecker.java:schedule(140)) - Scheduling a check for org.apache.hadoop.ozone.container.common.volume.HddsVolume@4aa21f9d
2019-08-29 18:45:20,306 [main] INFO  volume.HddsVolumeChecker (HddsVolumeChecker.java:checkAllVolumes(203)) - Scheduled health check for volume org.apache.hadoop.ozone.container.common.volume.HddsVolume@4aa21f9d
2019-08-29 18:45:20,320 [main] INFO  impl.RaftServerProxy (ConfUtils.java:logGet(43)) - raft.rpc.type = GRPC (default)
2019-08-29 18:45:20,320 [main] INFO  grpc.GrpcFactory (GrpcFactory.java:checkPooledByteBufAllocatorUseCacheForAllThreads(45)) - PERFORMANCE WARNING: useCacheForAllThreads is true that may cause Netty to create a lot garbage objects and, as a result, trigger GC.
	It is recommended to disable useCacheForAllThreads by setting -Dorg.apache.ratis.thirdparty.io.netty.allocator.useCacheForAllThreads=false in command line.
2019-08-29 18:45:20,320 [main] INFO  grpc.GrpcConfigKeys$Server (ConfUtils.java:logGet(43)) - raft.grpc.server.port = 0 (default)
2019-08-29 18:45:20,321 [main] INFO  server.GrpcService (ConfUtils.java:logGet(43)) - raft.grpc.message.size.max = 33570816 (custom)
2019-08-29 18:45:20,321 [main] INFO  server.RaftServerConfigKeys (ConfUtils.java:logGet(43)) - raft.server.log.appender.buffer.byte-limit = 33554432 (custom)
2019-08-29 18:45:20,321 [main] INFO  server.GrpcService (ConfUtils.java:logGet(43)) - raft.grpc.flow.control.window = 1MB (=1048576) (default)
2019-08-29 18:45:20,321 [main] INFO  server.RaftServerConfigKeys (ConfUtils.java:logGet(43)) - raft.server.rpc.request.timeout = 3000ms (default)
2019-08-29 18:45:20,322 [main] INFO  server.RaftServerConfigKeys (ConfUtils.java:logGet(43)) - raft.server.storage.dir = [/workdir/hadoop-ozone/integration-test/target/test-dir/MiniOzoneClusterImpl-8c688366-329c-437c-96af-5eb13fe36e17/datanode-6/data/ratis] (custom)
2019-08-29 18:45:20,323 [main] INFO  hdfs.DFSUtil (DFSUtil.java:httpServerTemplateForNNAndJN(1641)) - Starting Web-server for hddsDatanode at: http://0.0.0.0:0
2019-08-29 18:45:20,325 [main] INFO  server.AuthenticationFilter (AuthenticationFilter.java:constructSecretProvider(240)) - Unable to initialize FileSignerSecretProvider, falling back to use random secrets.
2019-08-29 18:45:20,325 [main] WARN  http.HttpRequestLog (HttpRequestLog.java:getRequestLog(97)) - Jetty request log can only be enabled using Log4j
2019-08-29 18:45:20,327 [main] INFO  http.HttpServer2 (HttpServer2.java:addGlobalFilter(975)) - Added global filter 'safety' (class=org.apache.hadoop.http.HttpServer2$QuotingInputFilter)
2019-08-29 18:45:20,327 [main] INFO  http.HttpServer2 (HttpServer2.java:addFilter(948)) - Added filter static_user_filter (class=org.apache.hadoop.http.lib.StaticUserWebFilter$StaticUserFilter) to context hddsDatanode
2019-08-29 18:45:20,327 [main] INFO  http.HttpServer2 (HttpServer2.java:addFilter(958)) - Added filter static_user_filter (class=org.apache.hadoop.http.lib.StaticUserWebFilter$StaticUserFilter) to context logs
2019-08-29 18:45:20,328 [main] INFO  http.HttpServer2 (HttpServer2.java:addFilter(958)) - Added filter static_user_filter (class=org.apache.hadoop.http.lib.StaticUserWebFilter$StaticUserFilter) to context static
2019-08-29 18:45:20,328 [main] INFO  http.HttpServer2 (HttpServer2.java:bindListener(1191)) - Jetty bound to port 39716
2019-08-29 18:45:20,329 [main] INFO  server.Server (Server.java:doStart(351)) - jetty-9.3.24.v20180605, build timestamp: 2018-06-05T17:11:56Z, git hash: 84205aa28f11a4f31f2a3b86d1bba2cc8ab69827
2019-08-29 18:45:20,330 [main] INFO  handler.ContextHandler (ContextHandler.java:doStart(781)) - Started o.e.j.s.ServletContextHandler@432f521f{/logs,file:///workdir/hadoop-ozone/integration-test/target/log,AVAILABLE}
2019-08-29 18:45:20,331 [main] INFO  handler.ContextHandler (ContextHandler.java:doStart(781)) - Started o.e.j.s.ServletContextHandler@7bab5898{/static,jar:file:/home/user/.m2/repository/org/apache/hadoop/hadoop-hdds-container-service/0.5.0-SNAPSHOT/hadoop-hdds-container-service-0.5.0-SNAPSHOT.jar!/webapps/static,AVAILABLE}
2019-08-29 18:45:20,360 [main] INFO  handler.ContextHandler (ContextHandler.java:doStart(781)) - Started o.e.j.w.WebAppContext@64aad809{/,file:///tmp/jetty-0.0.0.0-39716-hddsDatanode-_-any-8020897856681066505.dir/webapp/,AVAILABLE}{/hddsDatanode}
2019-08-29 18:45:20,361 [main] INFO  server.AbstractConnector (AbstractConnector.java:doStart(278)) - Started ServerConnector@1f03fba0{HTTP/1.1,[http/1.1]}{0.0.0.0:39716}
2019-08-29 18:45:20,362 [main] INFO  server.Server (Server.java:doStart(419)) - Started @6919ms
2019-08-29 18:45:20,362 [main] INFO  server.BaseHttpServer (BaseHttpServer.java:updateConnectorAddress(213)) - HTTP server of HDDSDATANODE is listening at http://0.0.0.0:39716
2019-08-29 18:45:20,365 [org.apache.hadoop.util.JvmPauseMonitor$Monitor@771d6823] INFO  util.JvmPauseMonitor (JvmPauseMonitor.java:run(188)) - Starting JVM pause monitor
2019-08-29 18:45:20,365 [main] INFO  ozone.MiniOzoneClusterImpl (MiniOzoneClusterImpl.java:lambda$waitForClusterToBeReady$0(140)) - Waiting for cluster to be ready. Got 0 of 7 DN Heartbeats.
2019-08-29 18:45:20,367 [Datanode State Machine Thread - 0] INFO  datanode.InitDatanodeState (InitDatanodeState.java:persistContainerDatanodeDetails(140)) - DatanodeDetails is persisted to /workdir/hadoop-ozone/integration-test/target/test-dir/MiniOzoneClusterImpl-8c688366-329c-437c-96af-5eb13fe36e17/datanode-6/meta/datanode.id
2019-08-29 18:45:21,366 [main] INFO  ozone.MiniOzoneClusterImpl (MiniOzoneClusterImpl.java:lambda$waitForClusterToBeReady$0(140)) - Waiting for cluster to be ready. Got 0 of 7 DN Heartbeats.
2019-08-29 18:45:21,928 | INFO  | SCMAudit | user=jenkins1000 | ip=192.168.36.71 | op=GET_VERSION null | ret=SUCCESS |  
2019-08-29 18:45:21,946 [Datanode State Machine Thread - 0] INFO  ozoneimpl.OzoneContainer (OzoneContainer.java:start(201)) - Attempting to start container services.
2019-08-29 18:45:21,948 [Datanode State Machine Thread - 0] INFO  ozoneimpl.OzoneContainer (OzoneContainer.java:startContainerScrub(175)) - Background container scrubber has been disabled by hdds.containerscrub.enabled
2019-08-29 18:45:21,949 [Datanode State Machine Thread - 0] INFO  ratis.XceiverServerRatis (XceiverServerRatis.java:start(393)) - Starting XceiverServerRatis f2c96b08-76b2-46f2-98cd-4144f26dc826 at port 0
2019-08-29 18:45:21,974 [Datanode State Machine Thread - 0] INFO  impl.RaftServerProxy (RaftServerProxy.java:lambda$start$3(299)) - f2c96b08-76b2-46f2-98cd-4144f26dc826: start RPC server
2019-08-29 18:45:21,978 | INFO  | SCMAudit | user=jenkins1000 | ip=192.168.36.71 | op=GET_VERSION null | ret=SUCCESS |  
2019-08-29 18:45:21,988 [Datanode State Machine Thread - 0] INFO  ozoneimpl.OzoneContainer (OzoneContainer.java:start(201)) - Attempting to start container services.
2019-08-29 18:45:21,990 [Datanode State Machine Thread - 0] INFO  ozoneimpl.OzoneContainer (OzoneContainer.java:startContainerScrub(175)) - Background container scrubber has been disabled by hdds.containerscrub.enabled
2019-08-29 18:45:21,991 [Datanode State Machine Thread - 0] INFO  ratis.XceiverServerRatis (XceiverServerRatis.java:start(393)) - Starting XceiverServerRatis 8d2fcdd5-85e8-4b2b-9f3a-543e9b9f1eee at port 0
2019-08-29 18:45:22,005 [Datanode State Machine Thread - 0] INFO  impl.RaftServerProxy (RaftServerProxy.java:lambda$start$3(299)) - 8d2fcdd5-85e8-4b2b-9f3a-543e9b9f1eee: start RPC server
2019-08-29 18:45:22,051 | INFO  | SCMAudit | user=jenkins1000 | ip=192.168.36.71 | op=GET_VERSION null | ret=SUCCESS |  
2019-08-29 18:45:22,066 [Datanode State Machine Thread - 0] INFO  ozoneimpl.OzoneContainer (OzoneContainer.java:start(201)) - Attempting to start container services.
2019-08-29 18:45:22,070 [Datanode State Machine Thread - 0] INFO  ozoneimpl.OzoneContainer (OzoneContainer.java:startContainerScrub(175)) - Background container scrubber has been disabled by hdds.containerscrub.enabled
2019-08-29 18:45:22,070 [Datanode State Machine Thread - 0] INFO  ratis.XceiverServerRatis (XceiverServerRatis.java:start(393)) - Starting XceiverServerRatis 5e9edd26-e879-45de-b878-753be933b27b at port 0
2019-08-29 18:45:22,079 [Datanode State Machine Thread - 0] INFO  impl.RaftServerProxy (RaftServerProxy.java:lambda$start$3(299)) - 5e9edd26-e879-45de-b878-753be933b27b: start RPC server
2019-08-29 18:45:22,124 | INFO  | SCMAudit | user=jenkins1000 | ip=192.168.36.71 | op=GET_VERSION null | ret=SUCCESS |  
2019-08-29 18:45:22,131 [Datanode State Machine Thread - 0] INFO  server.GrpcService (GrpcService.java:startImpl(149)) - 8d2fcdd5-85e8-4b2b-9f3a-543e9b9f1eee: GrpcService started, listening on 0.0.0.0/0.0.0.0:42380
2019-08-29 18:45:22,132 [Datanode State Machine Thread - 0] INFO  server.GrpcService (GrpcService.java:startImpl(149)) - 5e9edd26-e879-45de-b878-753be933b27b: GrpcService started, listening on 0.0.0.0/0.0.0.0:33389
2019-08-29 18:45:22,132 [Datanode State Machine Thread - 0] INFO  ratis.XceiverServerRatis (XceiverServerRatis.java:start(403)) - XceiverServerRatis 8d2fcdd5-85e8-4b2b-9f3a-543e9b9f1eee is started using port 42380
2019-08-29 18:45:22,132 [Datanode State Machine Thread - 0] INFO  server.GrpcService (GrpcService.java:startImpl(149)) - f2c96b08-76b2-46f2-98cd-4144f26dc826: GrpcService started, listening on 0.0.0.0/0.0.0.0:38775
2019-08-29 18:45:22,133 [Datanode State Machine Thread - 0] INFO  ratis.XceiverServerRatis (XceiverServerRatis.java:start(403)) - XceiverServerRatis 5e9edd26-e879-45de-b878-753be933b27b is started using port 33389
2019-08-29 18:45:22,133 [Datanode State Machine Thread - 0] INFO  ratis.XceiverServerRatis (XceiverServerRatis.java:start(403)) - XceiverServerRatis f2c96b08-76b2-46f2-98cd-4144f26dc826 is started using port 38775
2019-08-29 18:45:22,141 [Datanode State Machine Thread - 0] INFO  ozoneimpl.OzoneContainer (OzoneContainer.java:start(201)) - Attempting to start container services.
2019-08-29 18:45:22,142 [Datanode State Machine Thread - 0] INFO  ozoneimpl.OzoneContainer (OzoneContainer.java:startContainerScrub(175)) - Background container scrubber has been disabled by hdds.containerscrub.enabled
2019-08-29 18:45:22,142 [Datanode State Machine Thread - 0] INFO  ratis.XceiverServerRatis (XceiverServerRatis.java:start(393)) - Starting XceiverServerRatis d8c88268-1147-466c-8448-b76f760f74ad at port 0
2019-08-29 18:45:22,142 [Datanode State Machine Thread - 0] INFO  server.XceiverServerGrpc (XceiverServerGrpc.java:start(163)) - XceiverServerGrpc 5e9edd26-e879-45de-b878-753be933b27b is started using port 42268
2019-08-29 18:45:22,143 [Datanode State Machine Thread - 0] INFO  server.XceiverServerGrpc (XceiverServerGrpc.java:start(163)) - XceiverServerGrpc 8d2fcdd5-85e8-4b2b-9f3a-543e9b9f1eee is started using port 34930
2019-08-29 18:45:22,142 [Datanode State Machine Thread - 0] INFO  server.XceiverServerGrpc (XceiverServerGrpc.java:start(163)) - XceiverServerGrpc f2c96b08-76b2-46f2-98cd-4144f26dc826 is started using port 39097
2019-08-29 18:45:22,150 [Datanode State Machine Thread - 0] INFO  impl.RaftServerProxy (RaftServerProxy.java:lambda$start$3(299)) - d8c88268-1147-466c-8448-b76f760f74ad: start RPC server
2019-08-29 18:45:22,153 [Datanode State Machine Thread - 0] INFO  server.GrpcService (GrpcService.java:startImpl(149)) - d8c88268-1147-466c-8448-b76f760f74ad: GrpcService started, listening on 0.0.0.0/0.0.0.0:43417
2019-08-29 18:45:22,154 [Datanode State Machine Thread - 0] INFO  ratis.XceiverServerRatis (XceiverServerRatis.java:start(403)) - XceiverServerRatis d8c88268-1147-466c-8448-b76f760f74ad is started using port 43417
2019-08-29 18:45:22,156 [Datanode State Machine Thread - 0] INFO  server.XceiverServerGrpc (XceiverServerGrpc.java:start(163)) - XceiverServerGrpc d8c88268-1147-466c-8448-b76f760f74ad is started using port 42055
2019-08-29 18:45:22,203 | INFO  | SCMAudit | user=jenkins1000 | ip=192.168.36.71 | op=GET_VERSION null | ret=SUCCESS |  
2019-08-29 18:45:22,217 [Datanode State Machine Thread - 0] INFO  ozoneimpl.OzoneContainer (OzoneContainer.java:start(201)) - Attempting to start container services.
2019-08-29 18:45:22,217 [Datanode State Machine Thread - 0] INFO  ozoneimpl.OzoneContainer (OzoneContainer.java:startContainerScrub(175)) - Background container scrubber has been disabled by hdds.containerscrub.enabled
2019-08-29 18:45:22,217 [Datanode State Machine Thread - 0] INFO  ratis.XceiverServerRatis (XceiverServerRatis.java:start(393)) - Starting XceiverServerRatis 9ee09e2b-0b4d-496f-9b25-bf998639c9cd at port 0
2019-08-29 18:45:22,226 [Datanode State Machine Thread - 0] INFO  impl.RaftServerProxy (RaftServerProxy.java:lambda$start$3(299)) - 9ee09e2b-0b4d-496f-9b25-bf998639c9cd: start RPC server
2019-08-29 18:45:22,229 [Datanode State Machine Thread - 0] INFO  server.GrpcService (GrpcService.java:startImpl(149)) - 9ee09e2b-0b4d-496f-9b25-bf998639c9cd: GrpcService started, listening on 0.0.0.0/0.0.0.0:45985
2019-08-29 18:45:22,229 [Datanode State Machine Thread - 0] INFO  ratis.XceiverServerRatis (XceiverServerRatis.java:start(403)) - XceiverServerRatis 9ee09e2b-0b4d-496f-9b25-bf998639c9cd is started using port 45985
2019-08-29 18:45:22,232 [Datanode State Machine Thread - 0] INFO  server.XceiverServerGrpc (XceiverServerGrpc.java:start(163)) - XceiverServerGrpc 9ee09e2b-0b4d-496f-9b25-bf998639c9cd is started using port 39887
2019-08-29 18:45:22,300 | INFO  | SCMAudit | user=jenkins1000 | ip=192.168.36.71 | op=GET_VERSION null | ret=SUCCESS |  
2019-08-29 18:45:22,315 [Datanode State Machine Thread - 0] INFO  ozoneimpl.OzoneContainer (OzoneContainer.java:start(201)) - Attempting to start container services.
2019-08-29 18:45:22,316 [Datanode State Machine Thread - 0] INFO  ozoneimpl.OzoneContainer (OzoneContainer.java:startContainerScrub(175)) - Background container scrubber has been disabled by hdds.containerscrub.enabled
2019-08-29 18:45:22,316 [Datanode State Machine Thread - 0] INFO  ratis.XceiverServerRatis (XceiverServerRatis.java:start(393)) - Starting XceiverServerRatis 5850d459-afdb-4e89-ba28-7bb123adbf73 at port 0
2019-08-29 18:45:22,327 [Datanode State Machine Thread - 0] INFO  impl.RaftServerProxy (RaftServerProxy.java:lambda$start$3(299)) - 5850d459-afdb-4e89-ba28-7bb123adbf73: start RPC server
2019-08-29 18:45:22,332 [Datanode State Machine Thread - 0] INFO  server.GrpcService (GrpcService.java:startImpl(149)) - 5850d459-afdb-4e89-ba28-7bb123adbf73: GrpcService started, listening on 0.0.0.0/0.0.0.0:39635
2019-08-29 18:45:22,332 [Datanode State Machine Thread - 0] INFO  ratis.XceiverServerRatis (XceiverServerRatis.java:start(403)) - XceiverServerRatis 5850d459-afdb-4e89-ba28-7bb123adbf73 is started using port 39635
2019-08-29 18:45:22,335 [Datanode State Machine Thread - 0] INFO  server.XceiverServerGrpc (XceiverServerGrpc.java:start(163)) - XceiverServerGrpc 5850d459-afdb-4e89-ba28-7bb123adbf73 is started using port 41150
2019-08-29 18:45:22,367 [main] INFO  ozone.MiniOzoneClusterImpl (MiniOzoneClusterImpl.java:lambda$waitForClusterToBeReady$0(140)) - Waiting for cluster to be ready. Got 0 of 7 DN Heartbeats.
2019-08-29 18:45:22,368 | INFO  | SCMAudit | user=jenkins1000 | ip=192.168.36.71 | op=GET_VERSION null | ret=SUCCESS |  
2019-08-29 18:45:22,382 [Datanode State Machine Thread - 0] INFO  ozoneimpl.OzoneContainer (OzoneContainer.java:start(201)) - Attempting to start container services.
2019-08-29 18:45:22,383 [Datanode State Machine Thread - 0] INFO  ozoneimpl.OzoneContainer (OzoneContainer.java:startContainerScrub(175)) - Background container scrubber has been disabled by hdds.containerscrub.enabled
2019-08-29 18:45:22,383 [Datanode State Machine Thread - 0] INFO  ratis.XceiverServerRatis (XceiverServerRatis.java:start(393)) - Starting XceiverServerRatis 6a6acb30-adc4-4326-af95-ea389dbc40c9 at port 0
2019-08-29 18:45:22,403 [Datanode State Machine Thread - 0] INFO  impl.RaftServerProxy (RaftServerProxy.java:lambda$start$3(299)) - 6a6acb30-adc4-4326-af95-ea389dbc40c9: start RPC server
2019-08-29 18:45:22,408 [Datanode State Machine Thread - 0] INFO  server.GrpcService (GrpcService.java:startImpl(149)) - 6a6acb30-adc4-4326-af95-ea389dbc40c9: GrpcService started, listening on 0.0.0.0/0.0.0.0:44720
2019-08-29 18:45:22,408 [Datanode State Machine Thread - 0] INFO  ratis.XceiverServerRatis (XceiverServerRatis.java:start(403)) - XceiverServerRatis 6a6acb30-adc4-4326-af95-ea389dbc40c9 is started using port 44720
2019-08-29 18:45:22,411 [Datanode State Machine Thread - 0] INFO  server.XceiverServerGrpc (XceiverServerGrpc.java:start(163)) - XceiverServerGrpc 6a6acb30-adc4-4326-af95-ea389dbc40c9 is started using port 39713
2019-08-29 18:45:23,367 [main] INFO  ozone.MiniOzoneClusterImpl (MiniOzoneClusterImpl.java:lambda$waitForClusterToBeReady$0(140)) - Waiting for cluster to be ready. Got 0 of 7 DN Heartbeats.
2019-08-29 18:45:23,942 [IPC Server handler 0 on 44293] INFO  net.NetworkTopology (NetworkTopologyImpl.java:add(110)) - Added a new node: /default-rack/f2c96b08-76b2-46f2-98cd-4144f26dc826
2019-08-29 18:45:23,942 [IPC Server handler 0 on 44293] INFO  node.SCMNodeManager (SCMNodeManager.java:register(273)) - Registered Data node : f2c96b08-76b2-46f2-98cd-4144f26dc826{ip: 192.168.36.71, host: pr-hdds-1783-trunk-vh5xf-2283488870, networkLocation: /default-rack, certSerialId: null}
2019-08-29 18:45:23,947 [EventQueue-NodeRegistrationContainerReportForDataNodeSafeModeRule] INFO  safemode.SCMSafeModeManager (DataNodeSafeModeRule.java:process(71)) - SCM in safe mode. 1 DataNodes registered, 1 required.
2019-08-29 18:45:23,948 [EventQueue-NodeRegistrationContainerReportForDataNodeSafeModeRule] INFO  safemode.SCMSafeModeManager (SCMSafeModeManager.java:validateSafeModeExitRules(177)) - ScmSafeModeManager, all rules are successfully validated
2019-08-29 18:45:23,948 [EventQueue-NodeRegistrationContainerReportForDataNodeSafeModeRule] INFO  safemode.SCMSafeModeManager (SCMSafeModeManager.java:exitSafeMode(193)) - SCM exiting safe mode.
2019-08-29 18:45:23,955 | INFO  | SCMAudit | user=jenkins1000 | ip=192.168.36.71 | op=REGISTER {datanodeDetails=f2c96b08-76b2-46f2-98cd-4144f26dc826{ip: 192.168.36.71, host: pr-hdds-1783-trunk-vh5xf-2283488870, networkLocation: /default-rack, certSerialId: null}} | ret=SUCCESS |  
2019-08-29 18:45:23,979 [IPC Server handler 2 on 44293] INFO  net.NetworkTopology (NetworkTopologyImpl.java:add(110)) - Added a new node: /default-rack/8d2fcdd5-85e8-4b2b-9f3a-543e9b9f1eee
2019-08-29 18:45:23,981 [IPC Server handler 2 on 44293] INFO  node.SCMNodeManager (SCMNodeManager.java:register(273)) - Registered Data node : 8d2fcdd5-85e8-4b2b-9f3a-543e9b9f1eee{ip: 192.168.36.71, host: pr-hdds-1783-trunk-vh5xf-2283488870, networkLocation: /default-rack, certSerialId: null}
2019-08-29 18:45:23,981 | INFO  | SCMAudit | user=jenkins1000 | ip=192.168.36.71 | op=REGISTER {datanodeDetails=8d2fcdd5-85e8-4b2b-9f3a-543e9b9f1eee{ip: 192.168.36.71, host: pr-hdds-1783-trunk-vh5xf-2283488870, networkLocation: /default-rack, certSerialId: null}} | ret=SUCCESS |  
2019-08-29 18:45:24,052 [IPC Server handler 1 on 44293] INFO  net.NetworkTopology (NetworkTopologyImpl.java:add(110)) - Added a new node: /default-rack/5e9edd26-e879-45de-b878-753be933b27b
2019-08-29 18:45:24,052 [IPC Server handler 1 on 44293] INFO  node.SCMNodeManager (SCMNodeManager.java:register(273)) - Registered Data node : 5e9edd26-e879-45de-b878-753be933b27b{ip: 192.168.36.71, host: pr-hdds-1783-trunk-vh5xf-2283488870, networkLocation: /default-rack, certSerialId: null}
2019-08-29 18:45:24,052 | INFO  | SCMAudit | user=jenkins1000 | ip=192.168.36.71 | op=REGISTER {datanodeDetails=5e9edd26-e879-45de-b878-753be933b27b{ip: 192.168.36.71, host: pr-hdds-1783-trunk-vh5xf-2283488870, networkLocation: /default-rack, certSerialId: null}} | ret=SUCCESS |  
2019-08-29 18:45:24,124 [IPC Server handler 3 on 44293] INFO  net.NetworkTopology (NetworkTopologyImpl.java:add(110)) - Added a new node: /default-rack/d8c88268-1147-466c-8448-b76f760f74ad
2019-08-29 18:45:24,124 [IPC Server handler 3 on 44293] INFO  node.SCMNodeManager (SCMNodeManager.java:register(273)) - Registered Data node : d8c88268-1147-466c-8448-b76f760f74ad{ip: 192.168.36.71, host: pr-hdds-1783-trunk-vh5xf-2283488870, networkLocation: /default-rack, certSerialId: null}
2019-08-29 18:45:24,125 | INFO  | SCMAudit | user=jenkins1000 | ip=192.168.36.71 | op=REGISTER {datanodeDetails=d8c88268-1147-466c-8448-b76f760f74ad{ip: 192.168.36.71, host: pr-hdds-1783-trunk-vh5xf-2283488870, networkLocation: /default-rack, certSerialId: null}} | ret=SUCCESS |  
2019-08-29 18:45:24,205 [IPC Server handler 5 on 44293] INFO  net.NetworkTopology (NetworkTopologyImpl.java:add(110)) - Added a new node: /default-rack/9ee09e2b-0b4d-496f-9b25-bf998639c9cd
2019-08-29 18:45:24,206 [IPC Server handler 5 on 44293] INFO  node.SCMNodeManager (SCMNodeManager.java:register(273)) - Registered Data node : 9ee09e2b-0b4d-496f-9b25-bf998639c9cd{ip: 192.168.36.71, host: pr-hdds-1783-trunk-vh5xf-2283488870, networkLocation: /default-rack, certSerialId: null}
2019-08-29 18:45:24,206 | INFO  | SCMAudit | user=jenkins1000 | ip=192.168.36.71 | op=REGISTER {datanodeDetails=9ee09e2b-0b4d-496f-9b25-bf998639c9cd{ip: 192.168.36.71, host: pr-hdds-1783-trunk-vh5xf-2283488870, networkLocation: /default-rack, certSerialId: null}} | ret=SUCCESS |  
2019-08-29 18:45:24,307 [IPC Server handler 6 on 44293] INFO  net.NetworkTopology (NetworkTopologyImpl.java:add(110)) - Added a new node: /default-rack/5850d459-afdb-4e89-ba28-7bb123adbf73
2019-08-29 18:45:24,308 [IPC Server handler 6 on 44293] INFO  node.SCMNodeManager (SCMNodeManager.java:register(273)) - Registered Data node : 5850d459-afdb-4e89-ba28-7bb123adbf73{ip: 192.168.36.71, host: pr-hdds-1783-trunk-vh5xf-2283488870, networkLocation: /default-rack, certSerialId: null}
2019-08-29 18:45:24,308 | INFO  | SCMAudit | user=jenkins1000 | ip=192.168.36.71 | op=REGISTER {datanodeDetails=5850d459-afdb-4e89-ba28-7bb123adbf73{ip: 192.168.36.71, host: pr-hdds-1783-trunk-vh5xf-2283488870, networkLocation: /default-rack, certSerialId: null}} | ret=SUCCESS |  
2019-08-29 18:45:24,368 [main] INFO  ozone.MiniOzoneClusterImpl (MiniOzoneClusterImpl.java:lambda$waitForClusterToBeReady$0(140)) - Waiting for cluster to be ready. Got 6 of 7 DN Heartbeats.
2019-08-29 18:45:24,369 [IPC Server handler 8 on 44293] INFO  net.NetworkTopology (NetworkTopologyImpl.java:add(110)) - Added a new node: /default-rack/6a6acb30-adc4-4326-af95-ea389dbc40c9
2019-08-29 18:45:24,369 [IPC Server handler 8 on 44293] INFO  node.SCMNodeManager (SCMNodeManager.java:register(273)) - Registered Data node : 6a6acb30-adc4-4326-af95-ea389dbc40c9{ip: 192.168.36.71, host: pr-hdds-1783-trunk-vh5xf-2283488870, networkLocation: /default-rack, certSerialId: null}
2019-08-29 18:45:24,369 | INFO  | SCMAudit | user=jenkins1000 | ip=192.168.36.71 | op=REGISTER {datanodeDetails=6a6acb30-adc4-4326-af95-ea389dbc40c9{ip: 192.168.36.71, host: pr-hdds-1783-trunk-vh5xf-2283488870, networkLocation: /default-rack, certSerialId: null}} | ret=SUCCESS |  
2019-08-29 18:45:24,513 [grpc-default-executor-0] INFO  impl.RaftServerProxy (RaftServerProxy.java:addNew(89)) - f2c96b08-76b2-46f2-98cd-4144f26dc826: addNew group-69AC83A14AEE:[f2c96b08-76b2-46f2-98cd-4144f26dc826:192.168.36.71:38775] returns group-69AC83A14AEE:java.util.concurrent.CompletableFuture@506d68ed[Not completed]
2019-08-29 18:45:24,534 [pool-27-thread-1] INFO  impl.RaftServerImpl (RaftServerImpl.java:<init>(93)) - f2c96b08-76b2-46f2-98cd-4144f26dc826: new RaftServerImpl for group-69AC83A14AEE:[f2c96b08-76b2-46f2-98cd-4144f26dc826:192.168.36.71:38775] with ContainerStateMachine:uninitialized
2019-08-29 18:45:24,537 [pool-27-thread-1] INFO  server.RaftServerConfigKeys (ConfUtils.java:logGet(43)) - raft.server.rpc.timeout.min = 5s (custom)
2019-08-29 18:45:24,538 [pool-27-thread-1] INFO  server.RaftServerConfigKeys (ConfUtils.java:logGet(43)) - raft.server.rpc.timeout.max = 5200ms (custom)
2019-08-29 18:45:24,538 [pool-27-thread-1] INFO  server.RaftServerConfigKeys (ConfUtils.java:logGet(43)) - raft.server.rpcslowness.timeout = 120s (custom)
2019-08-29 18:45:24,540 [pool-27-thread-1] INFO  server.RaftServerConfigKeys (ConfUtils.java:logGet(43)) - raft.server.sleep.deviation.threshold = 300 (default)
2019-08-29 18:45:24,541 [pool-27-thread-1] INFO  server.RaftServerConfigKeys (ConfUtils.java:logGet(43)) - raft.server.log.appender.install.snapshot.enabled = false (custom)
2019-08-29 18:45:24,550 [pool-27-thread-1] INFO  impl.RaftServerImpl (ServerState.java:<init>(105)) - f2c96b08-76b2-46f2-98cd-4144f26dc826:group-69AC83A14AEE ConfigurationManager, init=-1: [f2c96b08-76b2-46f2-98cd-4144f26dc826:192.168.36.71:38775], old=null, confs=<EMPTY_MAP>
2019-08-29 18:45:24,551 [pool-27-thread-1] INFO  server.RaftServerConfigKeys (ConfUtils.java:logGet(43)) - raft.server.storage.dir = [/workdir/hadoop-ozone/integration-test/target/test-dir/MiniOzoneClusterImpl-8c688366-329c-437c-96af-5eb13fe36e17/datanode-0/data/ratis] (custom)
2019-08-29 18:45:24,559 [pool-27-thread-1] INFO  storage.RaftStorageDirectory (RaftStorageDirectory.java:analyzeStorage(246)) - The storage directory /workdir/hadoop-ozone/integration-test/target/test-dir/MiniOzoneClusterImpl-8c688366-329c-437c-96af-5eb13fe36e17/datanode-0/data/ratis/a401026d-535f-472e-94cd-69ac83a14aee does not exist. Creating ...
2019-08-29 18:45:24,577 [pool-27-thread-1] INFO  storage.RaftStorageDirectory (RaftStorageDirectory.java:tryLock(328)) - Lock on /workdir/hadoop-ozone/integration-test/target/test-dir/MiniOzoneClusterImpl-8c688366-329c-437c-96af-5eb13fe36e17/datanode-0/data/ratis/a401026d-535f-472e-94cd-69ac83a14aee/in_use.lock acquired by nodename 31419@pr-hdds-1783-trunk-vh5xf-2283488870
2019-08-29 18:45:24,592 [pool-27-thread-1] INFO  storage.RaftStorage (RaftStorage.java:format(72)) - Storage directory /workdir/hadoop-ozone/integration-test/target/test-dir/MiniOzoneClusterImpl-8c688366-329c-437c-96af-5eb13fe36e17/datanode-0/data/ratis/a401026d-535f-472e-94cd-69ac83a14aee has been successfully formatted.
2019-08-29 18:45:24,595 [pool-27-thread-1] INFO  ratis.ContainerStateMachine (ContainerStateMachine.java:loadSnapshot(227)) - group-69AC83A14AEE: The snapshot info is null. Setting the last applied indexto:(t:0, i:~)
2019-08-29 18:45:24,595 [pool-27-thread-1] INFO  server.RaftServerConfigKeys (ConfUtils.java:logGet(43)) - raft.server.leader.election.timeout = 120s (custom)
2019-08-29 18:45:24,597 [pool-27-thread-1] INFO  server.RaftServerConfigKeys (ConfUtils.java:logGet(43)) - raft.server.log.use.memory = false (default)
2019-08-29 18:45:24,603 [pool-27-thread-1] INFO  server.RaftServerConfigKeys (ConfUtils.java:logGet(43)) - raft.server.log.purge.gap = 1000000 (custom)
2019-08-29 18:45:24,603 [pool-27-thread-1] INFO  server.RaftServerConfigKeys (ConfUtils.java:logGet(43)) - raft.server.log.appender.buffer.byte-limit = 33554432 (custom)
2019-08-29 18:45:24,604 [pool-27-thread-1] INFO  server.RaftServerConfigKeys (ConfUtils.java:logGet(43)) - raft.server.log.segment.size.max = 1048576 (custom)
2019-08-29 18:45:24,608 [pool-27-thread-1] INFO  server.RaftServerConfigKeys (ConfUtils.java:logGet(43)) - raft.server.log.segment.cache.num.max = 2 (custom)
2019-08-29 18:45:24,614 [pool-27-thread-1] INFO  segmented.SegmentedRaftLogWorker (SegmentedRaftLogWorker.java:<init>(172)) - new f2c96b08-76b2-46f2-98cd-4144f26dc826-SegmentedRaftLogWorker:Storage Directory /workdir/hadoop-ozone/integration-test/target/test-dir/MiniOzoneClusterImpl-8c688366-329c-437c-96af-5eb13fe36e17/datanode-0/data/ratis/a401026d-535f-472e-94cd-69ac83a14aee for RaftStorage:Storage Directory /workdir/hadoop-ozone/integration-test/target/test-dir/MiniOzoneClusterImpl-8c688366-329c-437c-96af-5eb13fe36e17/datanode-0/data/ratis/a401026d-535f-472e-94cd-69ac83a14aee
2019-08-29 18:45:24,625 [pool-27-thread-1] INFO  server.RaftServerConfigKeys (ConfUtils.java:logGet(43)) - raft.server.log.queue.byte-limit = 2147483647 (custom)
2019-08-29 18:45:24,626 [pool-27-thread-1] INFO  server.RaftServerConfigKeys (ConfUtils.java:logGet(43)) - raft.server.log.queue.element-limit = 1024 (custom)
2019-08-29 18:45:24,630 [pool-27-thread-1] INFO  server.RaftServerConfigKeys (ConfUtils.java:logGet(43)) - raft.server.log.segment.size.max = 1048576 (custom)
2019-08-29 18:45:24,631 [pool-27-thread-1] INFO  server.RaftServerConfigKeys (ConfUtils.java:logGet(43)) - raft.server.log.preallocated.size = 16384 (custom)
2019-08-29 18:45:24,631 [pool-27-thread-1] INFO  server.RaftServerConfigKeys (ConfUtils.java:logGet(43)) - raft.server.log.write.buffer.size = 33554432 (custom)
2019-08-29 18:45:24,631 [pool-27-thread-1] INFO  server.RaftServerConfigKeys (ConfUtils.java:logGet(43)) - raft.server.log.force.sync.num = 128 (default)
2019-08-29 18:45:24,632 [pool-27-thread-1] INFO  server.RaftServerConfigKeys (ConfUtils.java:logGet(43)) - raft.server.log.statemachine.data.sync = true (default)
2019-08-29 18:45:24,632 [pool-27-thread-1] INFO  server.RaftServerConfigKeys (ConfUtils.java:logGet(43)) - raft.server.log.statemachine.data.sync.timeout = 10s (default)
2019-08-29 18:45:24,633 [pool-27-thread-1] INFO  server.RaftServerConfigKeys (ConfUtils.java:logGet(43)) - raft.server.log.statemachine.data.sync.timeout.retry = -1 (default)
2019-08-29 18:45:24,642 [pool-27-thread-1] INFO  server.RaftServerConfigKeys (ConfUtils.java:logGet(43)) - raft.server.log.statemachine.data.caching.enabled = true (custom)
2019-08-29 18:45:24,646 [pool-27-thread-1] INFO  segmented.SegmentedRaftLogWorker (SegmentedRaftLogWorker.java:lambda$new$0(132)) - f2c96b08-76b2-46f2-98cd-4144f26dc826-SegmentedRaftLogWorker:Storage Directory /workdir/hadoop-ozone/integration-test/target/test-dir/MiniOzoneClusterImpl-8c688366-329c-437c-96af-5eb13fe36e17/datanode-0/data/ratis/a401026d-535f-472e-94cd-69ac83a14aee: flushIndex: setUnconditionally 0 -> -1
2019-08-29 18:45:24,650 [pool-27-thread-1] INFO  server.RaftServerConfigKeys (ConfUtils.java:logGet(43)) - raft.server.snapshot.auto.trigger.enabled = true (custom)
2019-08-29 18:45:24,651 [pool-27-thread-1] INFO  server.RaftServerConfigKeys (ConfUtils.java:logGet(43)) - raft.server.snapshot.auto.trigger.threshold = 10000 (custom)
2019-08-29 18:45:24,652 [pool-27-thread-1] INFO  server.RaftServerConfigKeys (ConfUtils.java:logGet(43)) - raft.server.retrycache.expirytime = 600000ms (custom)
2019-08-29 18:45:24,672 [pool-27-thread-1] INFO  impl.RaftServerImpl (RaftServerImpl.java:start(180)) - f2c96b08-76b2-46f2-98cd-4144f26dc826: start group-69AC83A14AEE
2019-08-29 18:45:24,673 [pool-27-thread-1] INFO  impl.RaftServerImpl (RaftServerImpl.java:setRole(171)) - f2c96b08-76b2-46f2-98cd-4144f26dc826:group-69AC83A14AEE changes role from null to FOLLOWER at term 0 for startAsFollower
2019-08-29 18:45:24,675 [pool-27-thread-1] INFO  impl.RoleInfo (RoleInfo.java:updateAndGet(143)) - f2c96b08-76b2-46f2-98cd-4144f26dc826: start FollowerState
2019-08-29 18:45:24,676 [pool-27-thread-1] INFO  util.JmxRegister (JmxRegister.java:tryRegister(44)) - Successfully registered JMX Bean with object name Ratis:service=RaftServer,group=group-69AC83A14AEE,id=f2c96b08-76b2-46f2-98cd-4144f26dc826
2019-08-29 18:45:24,759 [RatisPipelineUtilsThread] INFO  pipeline.PipelineStateManager (PipelineStateManager.java:addPipeline(56)) - Created pipeline Pipeline[ Id: a401026d-535f-472e-94cd-69ac83a14aee, Nodes: f2c96b08-76b2-46f2-98cd-4144f26dc826{ip: 192.168.36.71, host: pr-hdds-1783-trunk-vh5xf-2283488870, networkLocation: /default-rack, certSerialId: null}, Type:RATIS, Factor:ONE, State:OPEN]
2019-08-29 18:45:24,805 [grpc-default-executor-0] INFO  impl.RaftServerProxy (RaftServerProxy.java:addNew(89)) - 6a6acb30-adc4-4326-af95-ea389dbc40c9: addNew group-9BB908A173EB:[6a6acb30-adc4-4326-af95-ea389dbc40c9:192.168.36.71:44720] returns group-9BB908A173EB:java.util.concurrent.CompletableFuture@26e181[Not completed]
2019-08-29 18:45:24,876 [pool-87-thread-1] INFO  impl.RaftServerImpl (RaftServerImpl.java:<init>(93)) - 6a6acb30-adc4-4326-af95-ea389dbc40c9: new RaftServerImpl for group-9BB908A173EB:[6a6acb30-adc4-4326-af95-ea389dbc40c9:192.168.36.71:44720] with ContainerStateMachine:uninitialized
2019-08-29 18:45:24,878 [pool-87-thread-1] INFO  server.RaftServerConfigKeys (ConfUtils.java:logGet(43)) - raft.server.rpc.timeout.min = 5s (custom)
2019-08-29 18:45:24,878 [pool-87-thread-1] INFO  server.RaftServerConfigKeys (ConfUtils.java:logGet(43)) - raft.server.rpc.timeout.max = 5200ms (custom)
2019-08-29 18:45:24,878 [pool-87-thread-1] INFO  server.RaftServerConfigKeys (ConfUtils.java:logGet(43)) - raft.server.rpcslowness.timeout = 120s (custom)
2019-08-29 18:45:24,878 [pool-87-thread-1] INFO  server.RaftServerConfigKeys (ConfUtils.java:logGet(43)) - raft.server.sleep.deviation.threshold = 300 (default)
2019-08-29 18:45:24,878 [pool-87-thread-1] INFO  server.RaftServerConfigKeys (ConfUtils.java:logGet(43)) - raft.server.log.appender.install.snapshot.enabled = false (custom)
2019-08-29 18:45:24,879 [pool-87-thread-1] INFO  impl.RaftServerImpl (ServerState.java:<init>(105)) - 6a6acb30-adc4-4326-af95-ea389dbc40c9:group-9BB908A173EB ConfigurationManager, init=-1: [6a6acb30-adc4-4326-af95-ea389dbc40c9:192.168.36.71:44720], old=null, confs=<EMPTY_MAP>
2019-08-29 18:45:24,879 [pool-87-thread-1] INFO  server.RaftServerConfigKeys (ConfUtils.java:logGet(43)) - raft.server.storage.dir = [/workdir/hadoop-ozone/integration-test/target/test-dir/MiniOzoneClusterImpl-8c688366-329c-437c-96af-5eb13fe36e17/datanode-6/data/ratis] (custom)
2019-08-29 18:45:24,880 [pool-87-thread-1] INFO  storage.RaftStorageDirectory (RaftStorageDirectory.java:analyzeStorage(246)) - The storage directory /workdir/hadoop-ozone/integration-test/target/test-dir/MiniOzoneClusterImpl-8c688366-329c-437c-96af-5eb13fe36e17/datanode-6/data/ratis/9e3920c9-5287-4688-8ed4-9bb908a173eb does not exist. Creating ...
2019-08-29 18:45:24,894 [pool-87-thread-1] INFO  storage.RaftStorageDirectory (RaftStorageDirectory.java:tryLock(328)) - Lock on /workdir/hadoop-ozone/integration-test/target/test-dir/MiniOzoneClusterImpl-8c688366-329c-437c-96af-5eb13fe36e17/datanode-6/data/ratis/9e3920c9-5287-4688-8ed4-9bb908a173eb/in_use.lock acquired by nodename 31419@pr-hdds-1783-trunk-vh5xf-2283488870
2019-08-29 18:45:24,920 [pool-87-thread-1] INFO  storage.RaftStorage (RaftStorage.java:format(72)) - Storage directory /workdir/hadoop-ozone/integration-test/target/test-dir/MiniOzoneClusterImpl-8c688366-329c-437c-96af-5eb13fe36e17/datanode-6/data/ratis/9e3920c9-5287-4688-8ed4-9bb908a173eb has been successfully formatted.
2019-08-29 18:45:24,923 [pool-87-thread-1] INFO  ratis.ContainerStateMachine (ContainerStateMachine.java:loadSnapshot(227)) - group-9BB908A173EB: The snapshot info is null. Setting the last applied indexto:(t:0, i:~)
2019-08-29 18:45:24,924 [pool-87-thread-1] INFO  server.RaftServerConfigKeys (ConfUtils.java:logGet(43)) - raft.server.leader.election.timeout = 120s (custom)
2019-08-29 18:45:24,924 [pool-87-thread-1] INFO  server.RaftServerConfigKeys (ConfUtils.java:logGet(43)) - raft.server.log.use.memory = false (default)
2019-08-29 18:45:24,925 [pool-87-thread-1] INFO  server.RaftServerConfigKeys (ConfUtils.java:logGet(43)) - raft.server.log.purge.gap = 1000000 (custom)
2019-08-29 18:45:24,925 [pool-87-thread-1] INFO  server.RaftServerConfigKeys (ConfUtils.java:logGet(43)) - raft.server.log.appender.buffer.byte-limit = 33554432 (custom)
2019-08-29 18:45:24,925 [pool-87-thread-1] INFO  server.RaftServerConfigKeys (ConfUtils.java:logGet(43)) - raft.server.log.segment.size.max = 1048576 (custom)
2019-08-29 18:45:24,925 [pool-87-thread-1] INFO  server.RaftServerConfigKeys (ConfUtils.java:logGet(43)) - raft.server.log.segment.cache.num.max = 2 (custom)
2019-08-29 18:45:24,926 [pool-87-thread-1] INFO  segmented.SegmentedRaftLogWorker (SegmentedRaftLogWorker.java:<init>(172)) - new 6a6acb30-adc4-4326-af95-ea389dbc40c9-SegmentedRaftLogWorker:Storage Directory /workdir/hadoop-ozone/integration-test/target/test-dir/MiniOzoneClusterImpl-8c688366-329c-437c-96af-5eb13fe36e17/datanode-6/data/ratis/9e3920c9-5287-4688-8ed4-9bb908a173eb for RaftStorage:Storage Directory /workdir/hadoop-ozone/integration-test/target/test-dir/MiniOzoneClusterImpl-8c688366-329c-437c-96af-5eb13fe36e17/datanode-6/data/ratis/9e3920c9-5287-4688-8ed4-9bb908a173eb
2019-08-29 18:45:24,927 [pool-87-thread-1] INFO  server.RaftServerConfigKeys (ConfUtils.java:logGet(43)) - raft.server.log.queue.byte-limit = 2147483647 (custom)
2019-08-29 18:45:24,927 [pool-87-thread-1] INFO  server.RaftServerConfigKeys (ConfUtils.java:logGet(43)) - raft.server.log.queue.element-limit = 1024 (custom)
2019-08-29 18:45:24,928 [pool-87-thread-1] INFO  server.RaftServerConfigKeys (ConfUtils.java:logGet(43)) - raft.server.log.segment.size.max = 1048576 (custom)
2019-08-29 18:45:24,928 [pool-87-thread-1] INFO  server.RaftServerConfigKeys (ConfUtils.java:logGet(43)) - raft.server.log.preallocated.size = 16384 (custom)
2019-08-29 18:45:24,928 [pool-87-thread-1] INFO  server.RaftServerConfigKeys (ConfUtils.java:logGet(43)) - raft.server.log.write.buffer.size = 33554432 (custom)
2019-08-29 18:45:24,929 [pool-87-thread-1] INFO  server.RaftServerConfigKeys (ConfUtils.java:logGet(43)) - raft.server.log.force.sync.num = 128 (default)
2019-08-29 18:45:24,929 [pool-87-thread-1] INFO  server.RaftServerConfigKeys (ConfUtils.java:logGet(43)) - raft.server.log.statemachine.data.sync = true (default)
2019-08-29 18:45:24,929 [pool-87-thread-1] INFO  server.RaftServerConfigKeys (ConfUtils.java:logGet(43)) - raft.server.log.statemachine.data.sync.timeout = 10s (default)
2019-08-29 18:45:24,929 [pool-87-thread-1] INFO  server.RaftServerConfigKeys (ConfUtils.java:logGet(43)) - raft.server.log.statemachine.data.sync.timeout.retry = -1 (default)
2019-08-29 18:45:24,930 [pool-87-thread-1] INFO  server.RaftServerConfigKeys (ConfUtils.java:logGet(43)) - raft.server.log.statemachine.data.caching.enabled = true (custom)
2019-08-29 18:45:24,931 [pool-87-thread-1] INFO  segmented.SegmentedRaftLogWorker (SegmentedRaftLogWorker.java:lambda$new$0(132)) - 6a6acb30-adc4-4326-af95-ea389dbc40c9-SegmentedRaftLogWorker:Storage Directory /workdir/hadoop-ozone/integration-test/target/test-dir/MiniOzoneClusterImpl-8c688366-329c-437c-96af-5eb13fe36e17/datanode-6/data/ratis/9e3920c9-5287-4688-8ed4-9bb908a173eb: flushIndex: setUnconditionally 0 -> -1
2019-08-29 18:45:24,931 [pool-87-thread-1] INFO  server.RaftServerConfigKeys (ConfUtils.java:logGet(43)) - raft.server.snapshot.auto.trigger.enabled = true (custom)
2019-08-29 18:45:24,931 [pool-87-thread-1] INFO  server.RaftServerConfigKeys (ConfUtils.java:logGet(43)) - raft.server.snapshot.auto.trigger.threshold = 10000 (custom)
2019-08-29 18:45:24,932 [pool-87-thread-1] INFO  server.RaftServerConfigKeys (ConfUtils.java:logGet(43)) - raft.server.retrycache.expirytime = 600000ms (custom)
2019-08-29 18:45:24,932 [pool-87-thread-1] INFO  impl.RaftServerImpl (RaftServerImpl.java:start(180)) - 6a6acb30-adc4-4326-af95-ea389dbc40c9: start group-9BB908A173EB
2019-08-29 18:45:24,932 [pool-87-thread-1] INFO  impl.RaftServerImpl (RaftServerImpl.java:setRole(171)) - 6a6acb30-adc4-4326-af95-ea389dbc40c9:group-9BB908A173EB changes role from null to FOLLOWER at term 0 for startAsFollower
2019-08-29 18:45:24,932 [pool-87-thread-1] INFO  impl.RoleInfo (RoleInfo.java:updateAndGet(143)) - 6a6acb30-adc4-4326-af95-ea389dbc40c9: start FollowerState
2019-08-29 18:45:24,934 [pool-87-thread-1] INFO  util.JmxRegister (JmxRegister.java:tryRegister(44)) - Successfully registered JMX Bean with object name Ratis:service=RaftServer,group=group-9BB908A173EB,id=6a6acb30-adc4-4326-af95-ea389dbc40c9
2019-08-29 18:45:24,948 [RatisPipelineUtilsThread] INFO  pipeline.PipelineStateManager (PipelineStateManager.java:addPipeline(56)) - Created pipeline Pipeline[ Id: 9e3920c9-5287-4688-8ed4-9bb908a173eb, Nodes: 6a6acb30-adc4-4326-af95-ea389dbc40c9{ip: 192.168.36.71, host: pr-hdds-1783-trunk-vh5xf-2283488870, networkLocation: /default-rack, certSerialId: null}, Type:RATIS, Factor:ONE, State:OPEN]
2019-08-29 18:45:24,978 [grpc-default-executor-0] INFO  impl.RaftServerProxy (RaftServerProxy.java:addNew(89)) - 9ee09e2b-0b4d-496f-9b25-bf998639c9cd: addNew group-C71F8C71C1F3:[9ee09e2b-0b4d-496f-9b25-bf998639c9cd:192.168.36.71:45985] returns group-C71F8C71C1F3:java.util.concurrent.CompletableFuture@74fe33d[Not completed]
2019-08-29 18:45:24,996 [pool-67-thread-1] INFO  impl.RaftServerImpl (RaftServerImpl.java:<init>(93)) - 9ee09e2b-0b4d-496f-9b25-bf998639c9cd: new RaftServerImpl for group-C71F8C71C1F3:[9ee09e2b-0b4d-496f-9b25-bf998639c9cd:192.168.36.71:45985] with ContainerStateMachine:uninitialized
2019-08-29 18:45:24,996 [pool-67-thread-1] INFO  server.RaftServerConfigKeys (ConfUtils.java:logGet(43)) - raft.server.rpc.timeout.min = 5s (custom)
2019-08-29 18:45:24,996 [pool-67-thread-1] INFO  server.RaftServerConfigKeys (ConfUtils.java:logGet(43)) - raft.server.rpc.timeout.max = 5200ms (custom)
2019-08-29 18:45:24,996 [pool-67-thread-1] INFO  server.RaftServerConfigKeys (ConfUtils.java:logGet(43)) - raft.server.rpcslowness.timeout = 120s (custom)
2019-08-29 18:45:24,997 [pool-67-thread-1] INFO  server.RaftServerConfigKeys (ConfUtils.java:logGet(43)) - raft.server.sleep.deviation.threshold = 300 (default)
2019-08-29 18:45:24,997 [pool-67-thread-1] INFO  server.RaftServerConfigKeys (ConfUtils.java:logGet(43)) - raft.server.log.appender.install.snapshot.enabled = false (custom)
2019-08-29 18:45:24,997 [pool-67-thread-1] INFO  impl.RaftServerImpl (ServerState.java:<init>(105)) - 9ee09e2b-0b4d-496f-9b25-bf998639c9cd:group-C71F8C71C1F3 ConfigurationManager, init=-1: [9ee09e2b-0b4d-496f-9b25-bf998639c9cd:192.168.36.71:45985], old=null, confs=<EMPTY_MAP>
2019-08-29 18:45:24,997 [pool-67-thread-1] INFO  server.RaftServerConfigKeys (ConfUtils.java:logGet(43)) - raft.server.storage.dir = [/workdir/hadoop-ozone/integration-test/target/test-dir/MiniOzoneClusterImpl-8c688366-329c-437c-96af-5eb13fe36e17/datanode-4/data/ratis] (custom)
2019-08-29 18:45:24,998 [pool-67-thread-1] INFO  storage.RaftStorageDirectory (RaftStorageDirectory.java:analyzeStorage(246)) - The storage directory /workdir/hadoop-ozone/integration-test/target/test-dir/MiniOzoneClusterImpl-8c688366-329c-437c-96af-5eb13fe36e17/datanode-4/data/ratis/3038b49d-beb9-4942-8af6-c71f8c71c1f3 does not exist. Creating ...
2019-08-29 18:45:25,011 [pool-67-thread-1] INFO  storage.RaftStorageDirectory (RaftStorageDirectory.java:tryLock(328)) - Lock on /workdir/hadoop-ozone/integration-test/target/test-dir/MiniOzoneClusterImpl-8c688366-329c-437c-96af-5eb13fe36e17/datanode-4/data/ratis/3038b49d-beb9-4942-8af6-c71f8c71c1f3/in_use.lock acquired by nodename 31419@pr-hdds-1783-trunk-vh5xf-2283488870
2019-08-29 18:45:25,024 [pool-67-thread-1] INFO  storage.RaftStorage (RaftStorage.java:format(72)) - Storage directory /workdir/hadoop-ozone/integration-test/target/test-dir/MiniOzoneClusterImpl-8c688366-329c-437c-96af-5eb13fe36e17/datanode-4/data/ratis/3038b49d-beb9-4942-8af6-c71f8c71c1f3 has been successfully formatted.
2019-08-29 18:45:25,025 [pool-67-thread-1] INFO  ratis.ContainerStateMachine (ContainerStateMachine.java:loadSnapshot(227)) - group-C71F8C71C1F3: The snapshot info is null. Setting the last applied indexto:(t:0, i:~)
2019-08-29 18:45:25,025 [pool-67-thread-1] INFO  server.RaftServerConfigKeys (ConfUtils.java:logGet(43)) - raft.server.leader.election.timeout = 120s (custom)
2019-08-29 18:45:25,025 [pool-67-thread-1] INFO  server.RaftServerConfigKeys (ConfUtils.java:logGet(43)) - raft.server.log.use.memory = false (default)
2019-08-29 18:45:25,025 [pool-67-thread-1] INFO  server.RaftServerConfigKeys (ConfUtils.java:logGet(43)) - raft.server.log.purge.gap = 1000000 (custom)
2019-08-29 18:45:25,025 [pool-67-thread-1] INFO  server.RaftServerConfigKeys (ConfUtils.java:logGet(43)) - raft.server.log.appender.buffer.byte-limit = 33554432 (custom)
2019-08-29 18:45:25,025 [pool-67-thread-1] INFO  server.RaftServerConfigKeys (ConfUtils.java:logGet(43)) - raft.server.log.segment.size.max = 1048576 (custom)
2019-08-29 18:45:25,026 [pool-67-thread-1] INFO  server.RaftServerConfigKeys (ConfUtils.java:logGet(43)) - raft.server.log.segment.cache.num.max = 2 (custom)
2019-08-29 18:45:25,026 [pool-67-thread-1] INFO  segmented.SegmentedRaftLogWorker (SegmentedRaftLogWorker.java:<init>(172)) - new 9ee09e2b-0b4d-496f-9b25-bf998639c9cd-SegmentedRaftLogWorker:Storage Directory /workdir/hadoop-ozone/integration-test/target/test-dir/MiniOzoneClusterImpl-8c688366-329c-437c-96af-5eb13fe36e17/datanode-4/data/ratis/3038b49d-beb9-4942-8af6-c71f8c71c1f3 for RaftStorage:Storage Directory /workdir/hadoop-ozone/integration-test/target/test-dir/MiniOzoneClusterImpl-8c688366-329c-437c-96af-5eb13fe36e17/datanode-4/data/ratis/3038b49d-beb9-4942-8af6-c71f8c71c1f3
2019-08-29 18:45:25,026 [pool-67-thread-1] INFO  server.RaftServerConfigKeys (ConfUtils.java:logGet(43)) - raft.server.log.queue.byte-limit = 2147483647 (custom)
2019-08-29 18:45:25,026 [pool-67-thread-1] INFO  server.RaftServerConfigKeys (ConfUtils.java:logGet(43)) - raft.server.log.queue.element-limit = 1024 (custom)
2019-08-29 18:45:25,026 [pool-67-thread-1] INFO  server.RaftServerConfigKeys (ConfUtils.java:logGet(43)) - raft.server.log.segment.size.max = 1048576 (custom)
2019-08-29 18:45:25,027 [pool-67-thread-1] INFO  server.RaftServerConfigKeys (ConfUtils.java:logGet(43)) - raft.server.log.preallocated.size = 16384 (custom)
2019-08-29 18:45:25,027 [pool-67-thread-1] INFO  server.RaftServerConfigKeys (ConfUtils.java:logGet(43)) - raft.server.log.write.buffer.size = 33554432 (custom)
2019-08-29 18:45:25,027 [pool-67-thread-1] INFO  server.RaftServerConfigKeys (ConfUtils.java:logGet(43)) - raft.server.log.force.sync.num = 128 (default)
2019-08-29 18:45:25,027 [pool-67-thread-1] INFO  server.RaftServerConfigKeys (ConfUtils.java:logGet(43)) - raft.server.log.statemachine.data.sync = true (default)
2019-08-29 18:45:25,027 [pool-67-thread-1] INFO  server.RaftServerConfigKeys (ConfUtils.java:logGet(43)) - raft.server.log.statemachine.data.sync.timeout = 10s (default)
2019-08-29 18:45:25,027 [pool-67-thread-1] INFO  server.RaftServerConfigKeys (ConfUtils.java:logGet(43)) - raft.server.log.statemachine.data.sync.timeout.retry = -1 (default)
2019-08-29 18:45:25,028 [pool-67-thread-1] INFO  server.RaftServerConfigKeys (ConfUtils.java:logGet(43)) - raft.server.log.statemachine.data.caching.enabled = true (custom)
2019-08-29 18:45:25,028 [pool-67-thread-1] INFO  segmented.SegmentedRaftLogWorker (SegmentedRaftLogWorker.java:lambda$new$0(132)) - 9ee09e2b-0b4d-496f-9b25-bf998639c9cd-SegmentedRaftLogWorker:Storage Directory /workdir/hadoop-ozone/integration-test/target/test-dir/MiniOzoneClusterImpl-8c688366-329c-437c-96af-5eb13fe36e17/datanode-4/data/ratis/3038b49d-beb9-4942-8af6-c71f8c71c1f3: flushIndex: setUnconditionally 0 -> -1
2019-08-29 18:45:25,028 [pool-67-thread-1] INFO  server.RaftServerConfigKeys (ConfUtils.java:logGet(43)) - raft.server.snapshot.auto.trigger.enabled = true (custom)
2019-08-29 18:45:25,029 [pool-67-thread-1] INFO  server.RaftServerConfigKeys (ConfUtils.java:logGet(43)) - raft.server.snapshot.auto.trigger.threshold = 10000 (custom)
2019-08-29 18:45:25,029 [pool-67-thread-1] INFO  server.RaftServerConfigKeys (ConfUtils.java:logGet(43)) - raft.server.retrycache.expirytime = 600000ms (custom)
2019-08-29 18:45:25,029 [pool-67-thread-1] INFO  impl.RaftServerImpl (RaftServerImpl.java:start(180)) - 9ee09e2b-0b4d-496f-9b25-bf998639c9cd: start group-C71F8C71C1F3
2019-08-29 18:45:25,029 [pool-67-thread-1] INFO  impl.RaftServerImpl (RaftServerImpl.java:setRole(171)) - 9ee09e2b-0b4d-496f-9b25-bf998639c9cd:group-C71F8C71C1F3 changes role from null to FOLLOWER at term 0 for startAsFollower
2019-08-29 18:45:25,029 [pool-67-thread-1] INFO  impl.RoleInfo (RoleInfo.java:updateAndGet(143)) - 9ee09e2b-0b4d-496f-9b25-bf998639c9cd: start FollowerState
2019-08-29 18:45:25,030 [pool-67-thread-1] INFO  util.JmxRegister (JmxRegister.java:tryRegister(44)) - Successfully registered JMX Bean with object name Ratis:service=RaftServer,group=group-C71F8C71C1F3,id=9ee09e2b-0b4d-496f-9b25-bf998639c9cd
2019-08-29 18:45:25,046 [RatisPipelineUtilsThread] INFO  pipeline.PipelineStateManager (PipelineStateManager.java:addPipeline(56)) - Created pipeline Pipeline[ Id: 3038b49d-beb9-4942-8af6-c71f8c71c1f3, Nodes: 9ee09e2b-0b4d-496f-9b25-bf998639c9cd{ip: 192.168.36.71, host: pr-hdds-1783-trunk-vh5xf-2283488870, networkLocation: /default-rack, certSerialId: null}, Type:RATIS, Factor:ONE, State:OPEN]
2019-08-29 18:45:25,077 [grpc-default-executor-0] INFO  impl.RaftServerProxy (RaftServerProxy.java:addNew(89)) - 5e9edd26-e879-45de-b878-753be933b27b: addNew group-EB254DFDBFC5:[5e9edd26-e879-45de-b878-753be933b27b:192.168.36.71:33389] returns group-EB254DFDBFC5:java.util.concurrent.CompletableFuture@faede97[Not completed]
2019-08-29 18:45:25,081 [pool-47-thread-1] INFO  impl.RaftServerImpl (RaftServerImpl.java:<init>(93)) - 5e9edd26-e879-45de-b878-753be933b27b: new RaftServerImpl for group-EB254DFDBFC5:[5e9edd26-e879-45de-b878-753be933b27b:192.168.36.71:33389] with ContainerStateMachine:uninitialized
2019-08-29 18:45:25,081 [pool-47-thread-1] INFO  server.RaftServerConfigKeys (ConfUtils.java:logGet(43)) - raft.server.rpc.timeout.min = 5s (custom)
2019-08-29 18:45:25,081 [pool-47-thread-1] INFO  server.RaftServerConfigKeys (ConfUtils.java:logGet(43)) - raft.server.rpc.timeout.max = 5200ms (custom)
2019-08-29 18:45:25,081 [pool-47-thread-1] INFO  server.RaftServerConfigKeys (ConfUtils.java:logGet(43)) - raft.server.rpcslowness.timeout = 120s (custom)
2019-08-29 18:45:25,081 [pool-47-thread-1] INFO  server.RaftServerConfigKeys (ConfUtils.java:logGet(43)) - raft.server.sleep.deviation.threshold = 300 (default)
2019-08-29 18:45:25,082 [pool-47-thread-1] INFO  server.RaftServerConfigKeys (ConfUtils.java:logGet(43)) - raft.server.log.appender.install.snapshot.enabled = false (custom)
2019-08-29 18:45:25,082 [pool-47-thread-1] INFO  impl.RaftServerImpl (ServerState.java:<init>(105)) - 5e9edd26-e879-45de-b878-753be933b27b:group-EB254DFDBFC5 ConfigurationManager, init=-1: [5e9edd26-e879-45de-b878-753be933b27b:192.168.36.71:33389], old=null, confs=<EMPTY_MAP>
2019-08-29 18:45:25,082 [pool-47-thread-1] INFO  server.RaftServerConfigKeys (ConfUtils.java:logGet(43)) - raft.server.storage.dir = [/workdir/hadoop-ozone/integration-test/target/test-dir/MiniOzoneClusterImpl-8c688366-329c-437c-96af-5eb13fe36e17/datanode-2/data/ratis] (custom)
2019-08-29 18:45:25,082 [pool-47-thread-1] INFO  storage.RaftStorageDirectory (RaftStorageDirectory.java:analyzeStorage(246)) - The storage directory /workdir/hadoop-ozone/integration-test/target/test-dir/MiniOzoneClusterImpl-8c688366-329c-437c-96af-5eb13fe36e17/datanode-2/data/ratis/d3530d24-af2e-48c6-b428-eb254dfdbfc5 does not exist. Creating ...
2019-08-29 18:45:25,095 [pool-47-thread-1] INFO  storage.RaftStorageDirectory (RaftStorageDirectory.java:tryLock(328)) - Lock on /workdir/hadoop-ozone/integration-test/target/test-dir/MiniOzoneClusterImpl-8c688366-329c-437c-96af-5eb13fe36e17/datanode-2/data/ratis/d3530d24-af2e-48c6-b428-eb254dfdbfc5/in_use.lock acquired by nodename 31419@pr-hdds-1783-trunk-vh5xf-2283488870
2019-08-29 18:45:25,108 [pool-47-thread-1] INFO  storage.RaftStorage (RaftStorage.java:format(72)) - Storage directory /workdir/hadoop-ozone/integration-test/target/test-dir/MiniOzoneClusterImpl-8c688366-329c-437c-96af-5eb13fe36e17/datanode-2/data/ratis/d3530d24-af2e-48c6-b428-eb254dfdbfc5 has been successfully formatted.
2019-08-29 18:45:25,109 [pool-47-thread-1] INFO  ratis.ContainerStateMachine (ContainerStateMachine.java:loadSnapshot(227)) - group-EB254DFDBFC5: The snapshot info is null. Setting the last applied indexto:(t:0, i:~)
2019-08-29 18:45:25,109 [pool-47-thread-1] INFO  server.RaftServerConfigKeys (ConfUtils.java:logGet(43)) - raft.server.leader.election.timeout = 120s (custom)
2019-08-29 18:45:25,109 [pool-47-thread-1] INFO  server.RaftServerConfigKeys (ConfUtils.java:logGet(43)) - raft.server.log.use.memory = false (default)
2019-08-29 18:45:25,109 [pool-47-thread-1] INFO  server.RaftServerConfigKeys (ConfUtils.java:logGet(43)) - raft.server.log.purge.gap = 1000000 (custom)
2019-08-29 18:45:25,109 [pool-47-thread-1] INFO  server.RaftServerConfigKeys (ConfUtils.java:logGet(43)) - raft.server.log.appender.buffer.byte-limit = 33554432 (custom)
2019-08-29 18:45:25,110 [pool-47-thread-1] INFO  server.RaftServerConfigKeys (ConfUtils.java:logGet(43)) - raft.server.log.segment.size.max = 1048576 (custom)
2019-08-29 18:45:25,110 [pool-47-thread-1] INFO  server.RaftServerConfigKeys (ConfUtils.java:logGet(43)) - raft.server.log.segment.cache.num.max = 2 (custom)
2019-08-29 18:45:25,110 [pool-47-thread-1] INFO  segmented.SegmentedRaftLogWorker (SegmentedRaftLogWorker.java:<init>(172)) - new 5e9edd26-e879-45de-b878-753be933b27b-SegmentedRaftLogWorker:Storage Directory /workdir/hadoop-ozone/integration-test/target/test-dir/MiniOzoneClusterImpl-8c688366-329c-437c-96af-5eb13fe36e17/datanode-2/data/ratis/d3530d24-af2e-48c6-b428-eb254dfdbfc5 for RaftStorage:Storage Directory /workdir/hadoop-ozone/integration-test/target/test-dir/MiniOzoneClusterImpl-8c688366-329c-437c-96af-5eb13fe36e17/datanode-2/data/ratis/d3530d24-af2e-48c6-b428-eb254dfdbfc5
2019-08-29 18:45:25,110 [pool-47-thread-1] INFO  server.RaftServerConfigKeys (ConfUtils.java:logGet(43)) - raft.server.log.queue.byte-limit = 2147483647 (custom)
2019-08-29 18:45:25,110 [pool-47-thread-1] INFO  server.RaftServerConfigKeys (ConfUtils.java:logGet(43)) - raft.server.log.queue.element-limit = 1024 (custom)
2019-08-29 18:45:25,111 [pool-47-thread-1] INFO  server.RaftServerConfigKeys (ConfUtils.java:logGet(43)) - raft.server.log.segment.size.max = 1048576 (custom)
2019-08-29 18:45:25,111 [pool-47-thread-1] INFO  server.RaftServerConfigKeys (ConfUtils.java:logGet(43)) - raft.server.log.preallocated.size = 16384 (custom)
2019-08-29 18:45:25,111 [pool-47-thread-1] INFO  server.RaftServerConfigKeys (ConfUtils.java:logGet(43)) - raft.server.log.write.buffer.size = 33554432 (custom)
2019-08-29 18:45:25,111 [pool-47-thread-1] INFO  server.RaftServerConfigKeys (ConfUtils.java:logGet(43)) - raft.server.log.force.sync.num = 128 (default)
2019-08-29 18:45:25,111 [pool-47-thread-1] INFO  server.RaftServerConfigKeys (ConfUtils.java:logGet(43)) - raft.server.log.statemachine.data.sync = true (default)
2019-08-29 18:45:25,111 [pool-47-thread-1] INFO  server.RaftServerConfigKeys (ConfUtils.java:logGet(43)) - raft.server.log.statemachine.data.sync.timeout = 10s (default)
2019-08-29 18:45:25,111 [pool-47-thread-1] INFO  server.RaftServerConfigKeys (ConfUtils.java:logGet(43)) - raft.server.log.statemachine.data.sync.timeout.retry = -1 (default)
2019-08-29 18:45:25,112 [pool-47-thread-1] INFO  server.RaftServerConfigKeys (ConfUtils.java:logGet(43)) - raft.server.log.statemachine.data.caching.enabled = true (custom)
2019-08-29 18:45:25,112 [pool-47-thread-1] INFO  segmented.SegmentedRaftLogWorker (SegmentedRaftLogWorker.java:lambda$new$0(132)) - 5e9edd26-e879-45de-b878-753be933b27b-SegmentedRaftLogWorker:Storage Directory /workdir/hadoop-ozone/integration-test/target/test-dir/MiniOzoneClusterImpl-8c688366-329c-437c-96af-5eb13fe36e17/datanode-2/data/ratis/d3530d24-af2e-48c6-b428-eb254dfdbfc5: flushIndex: setUnconditionally 0 -> -1
2019-08-29 18:45:25,113 [pool-47-thread-1] INFO  server.RaftServerConfigKeys (ConfUtils.java:logGet(43)) - raft.server.snapshot.auto.trigger.enabled = true (custom)
2019-08-29 18:45:25,113 [pool-47-thread-1] INFO  server.RaftServerConfigKeys (ConfUtils.java:logGet(43)) - raft.server.snapshot.auto.trigger.threshold = 10000 (custom)
2019-08-29 18:45:25,113 [pool-47-thread-1] INFO  server.RaftServerConfigKeys (ConfUtils.java:logGet(43)) - raft.server.retrycache.expirytime = 600000ms (custom)
2019-08-29 18:45:25,113 [pool-47-thread-1] INFO  impl.RaftServerImpl (RaftServerImpl.java:start(180)) - 5e9edd26-e879-45de-b878-753be933b27b: start group-EB254DFDBFC5
2019-08-29 18:45:25,113 [pool-47-thread-1] INFO  impl.RaftServerImpl (RaftServerImpl.java:setRole(171)) - 5e9edd26-e879-45de-b878-753be933b27b:group-EB254DFDBFC5 changes role from null to FOLLOWER at term 0 for startAsFollower
2019-08-29 18:45:25,113 [pool-47-thread-1] INFO  impl.RoleInfo (RoleInfo.java:updateAndGet(143)) - 5e9edd26-e879-45de-b878-753be933b27b: start FollowerState
2019-08-29 18:45:25,114 [pool-47-thread-1] INFO  util.JmxRegister (JmxRegister.java:tryRegister(44)) - Successfully registered JMX Bean with object name Ratis:service=RaftServer,group=group-EB254DFDBFC5,id=5e9edd26-e879-45de-b878-753be933b27b
2019-08-29 18:45:25,127 [RatisPipelineUtilsThread] INFO  pipeline.PipelineStateManager (PipelineStateManager.java:addPipeline(56)) - Created pipeline Pipeline[ Id: d3530d24-af2e-48c6-b428-eb254dfdbfc5, Nodes: 5e9edd26-e879-45de-b878-753be933b27b{ip: 192.168.36.71, host: pr-hdds-1783-trunk-vh5xf-2283488870, networkLocation: /default-rack, certSerialId: null}, Type:RATIS, Factor:ONE, State:OPEN]
2019-08-29 18:45:25,146 [grpc-default-executor-0] INFO  impl.RaftServerProxy (RaftServerProxy.java:addNew(89)) - 8d2fcdd5-85e8-4b2b-9f3a-543e9b9f1eee: addNew group-F0116A3734D0:[8d2fcdd5-85e8-4b2b-9f3a-543e9b9f1eee:192.168.36.71:42380] returns group-F0116A3734D0:java.util.concurrent.CompletableFuture@a7a4ee9[Not completed]
2019-08-29 18:45:25,149 [pool-37-thread-1] INFO  impl.RaftServerImpl (RaftServerImpl.java:<init>(93)) - 8d2fcdd5-85e8-4b2b-9f3a-543e9b9f1eee: new RaftServerImpl for group-F0116A3734D0:[8d2fcdd5-85e8-4b2b-9f3a-543e9b9f1eee:192.168.36.71:42380] with ContainerStateMachine:uninitialized
2019-08-29 18:45:25,149 [pool-37-thread-1] INFO  server.RaftServerConfigKeys (ConfUtils.java:logGet(43)) - raft.server.rpc.timeout.min = 5s (custom)
2019-08-29 18:45:25,149 [pool-37-thread-1] INFO  server.RaftServerConfigKeys (ConfUtils.java:logGet(43)) - raft.server.rpc.timeout.max = 5200ms (custom)
2019-08-29 18:45:25,149 [pool-37-thread-1] INFO  server.RaftServerConfigKeys (ConfUtils.java:logGet(43)) - raft.server.rpcslowness.timeout = 120s (custom)
2019-08-29 18:45:25,149 [pool-37-thread-1] INFO  server.RaftServerConfigKeys (ConfUtils.java:logGet(43)) - raft.server.sleep.deviation.threshold = 300 (default)
2019-08-29 18:45:25,149 [pool-37-thread-1] INFO  server.RaftServerConfigKeys (ConfUtils.java:logGet(43)) - raft.server.log.appender.install.snapshot.enabled = false (custom)
2019-08-29 18:45:25,150 [pool-37-thread-1] INFO  impl.RaftServerImpl (ServerState.java:<init>(105)) - 8d2fcdd5-85e8-4b2b-9f3a-543e9b9f1eee:group-F0116A3734D0 ConfigurationManager, init=-1: [8d2fcdd5-85e8-4b2b-9f3a-543e9b9f1eee:192.168.36.71:42380], old=null, confs=<EMPTY_MAP>
2019-08-29 18:45:25,150 [pool-37-thread-1] INFO  server.RaftServerConfigKeys (ConfUtils.java:logGet(43)) - raft.server.storage.dir = [/workdir/hadoop-ozone/integration-test/target/test-dir/MiniOzoneClusterImpl-8c688366-329c-437c-96af-5eb13fe36e17/datanode-1/data/ratis] (custom)
2019-08-29 18:45:25,150 [pool-37-thread-1] INFO  storage.RaftStorageDirectory (RaftStorageDirectory.java:analyzeStorage(246)) - The storage directory /workdir/hadoop-ozone/integration-test/target/test-dir/MiniOzoneClusterImpl-8c688366-329c-437c-96af-5eb13fe36e17/datanode-1/data/ratis/8eedf4b9-57df-4d80-8e1a-f0116a3734d0 does not exist. Creating ...
2019-08-29 18:45:25,163 [pool-37-thread-1] INFO  storage.RaftStorageDirectory (RaftStorageDirectory.java:tryLock(328)) - Lock on /workdir/hadoop-ozone/integration-test/target/test-dir/MiniOzoneClusterImpl-8c688366-329c-437c-96af-5eb13fe36e17/datanode-1/data/ratis/8eedf4b9-57df-4d80-8e1a-f0116a3734d0/in_use.lock acquired by nodename 31419@pr-hdds-1783-trunk-vh5xf-2283488870
2019-08-29 18:45:25,183 [pool-37-thread-1] INFO  storage.RaftStorage (RaftStorage.java:format(72)) - Storage directory /workdir/hadoop-ozone/integration-test/target/test-dir/MiniOzoneClusterImpl-8c688366-329c-437c-96af-5eb13fe36e17/datanode-1/data/ratis/8eedf4b9-57df-4d80-8e1a-f0116a3734d0 has been successfully formatted.
2019-08-29 18:45:25,184 [pool-37-thread-1] INFO  ratis.ContainerStateMachine (ContainerStateMachine.java:loadSnapshot(227)) - group-F0116A3734D0: The snapshot info is null. Setting the last applied indexto:(t:0, i:~)
2019-08-29 18:45:25,184 [pool-37-thread-1] INFO  server.RaftServerConfigKeys (ConfUtils.java:logGet(43)) - raft.server.leader.election.timeout = 120s (custom)
2019-08-29 18:45:25,184 [pool-37-thread-1] INFO  server.RaftServerConfigKeys (ConfUtils.java:logGet(43)) - raft.server.log.use.memory = false (default)
2019-08-29 18:45:25,184 [pool-37-thread-1] INFO  server.RaftServerConfigKeys (ConfUtils.java:logGet(43)) - raft.server.log.purge.gap = 1000000 (custom)
2019-08-29 18:45:25,185 [pool-37-thread-1] INFO  server.RaftServerConfigKeys (ConfUtils.java:logGet(43)) - raft.server.log.appender.buffer.byte-limit = 33554432 (custom)
2019-08-29 18:45:25,185 [pool-37-thread-1] INFO  server.RaftServerConfigKeys (ConfUtils.java:logGet(43)) - raft.server.log.segment.size.max = 1048576 (custom)
2019-08-29 18:45:25,185 [pool-37-thread-1] INFO  server.RaftServerConfigKeys (ConfUtils.java:logGet(43)) - raft.server.log.segment.cache.num.max = 2 (custom)
2019-08-29 18:45:25,185 [pool-37-thread-1] INFO  segmented.SegmentedRaftLogWorker (SegmentedRaftLogWorker.java:<init>(172)) - new 8d2fcdd5-85e8-4b2b-9f3a-543e9b9f1eee-SegmentedRaftLogWorker:Storage Directory /workdir/hadoop-ozone/integration-test/target/test-dir/MiniOzoneClusterImpl-8c688366-329c-437c-96af-5eb13fe36e17/datanode-1/data/ratis/8eedf4b9-57df-4d80-8e1a-f0116a3734d0 for RaftStorage:Storage Directory /workdir/hadoop-ozone/integration-test/target/test-dir/MiniOzoneClusterImpl-8c688366-329c-437c-96af-5eb13fe36e17/datanode-1/data/ratis/8eedf4b9-57df-4d80-8e1a-f0116a3734d0
2019-08-29 18:45:25,185 [pool-37-thread-1] INFO  server.RaftServerConfigKeys (ConfUtils.java:logGet(43)) - raft.server.log.queue.byte-limit = 2147483647 (custom)
2019-08-29 18:45:25,185 [pool-37-thread-1] INFO  server.RaftServerConfigKeys (ConfUtils.java:logGet(43)) - raft.server.log.queue.element-limit = 1024 (custom)
2019-08-29 18:45:25,186 [pool-37-thread-1] INFO  server.RaftServerConfigKeys (ConfUtils.java:logGet(43)) - raft.server.log.segment.size.max = 1048576 (custom)
2019-08-29 18:45:25,186 [pool-37-thread-1] INFO  server.RaftServerConfigKeys (ConfUtils.java:logGet(43)) - raft.server.log.preallocated.size = 16384 (custom)
2019-08-29 18:45:25,186 [pool-37-thread-1] INFO  server.RaftServerConfigKeys (ConfUtils.java:logGet(43)) - raft.server.log.write.buffer.size = 33554432 (custom)
2019-08-29 18:45:25,186 [pool-37-thread-1] INFO  server.RaftServerConfigKeys (ConfUtils.java:logGet(43)) - raft.server.log.force.sync.num = 128 (default)
2019-08-29 18:45:25,186 [pool-37-thread-1] INFO  server.RaftServerConfigKeys (ConfUtils.java:logGet(43)) - raft.server.log.statemachine.data.sync = true (default)
2019-08-29 18:45:25,187 [pool-37-thread-1] INFO  server.RaftServerConfigKeys (ConfUtils.java:logGet(43)) - raft.server.log.statemachine.data.sync.timeout = 10s (default)
2019-08-29 18:45:25,187 [pool-37-thread-1] INFO  server.RaftServerConfigKeys (ConfUtils.java:logGet(43)) - raft.server.log.statemachine.data.sync.timeout.retry = -1 (default)
2019-08-29 18:45:25,187 [pool-37-thread-1] INFO  server.RaftServerConfigKeys (ConfUtils.java:logGet(43)) - raft.server.log.statemachine.data.caching.enabled = true (custom)
2019-08-29 18:45:25,188 [pool-37-thread-1] INFO  segmented.SegmentedRaftLogWorker (SegmentedRaftLogWorker.java:lambda$new$0(132)) - 8d2fcdd5-85e8-4b2b-9f3a-543e9b9f1eee-SegmentedRaftLogWorker:Storage Directory /workdir/hadoop-ozone/integration-test/target/test-dir/MiniOzoneClusterImpl-8c688366-329c-437c-96af-5eb13fe36e17/datanode-1/data/ratis/8eedf4b9-57df-4d80-8e1a-f0116a3734d0: flushIndex: setUnconditionally 0 -> -1
2019-08-29 18:45:25,188 [pool-37-thread-1] INFO  server.RaftServerConfigKeys (ConfUtils.java:logGet(43)) - raft.server.snapshot.auto.trigger.enabled = true (custom)
2019-08-29 18:45:25,188 [pool-37-thread-1] INFO  server.RaftServerConfigKeys (ConfUtils.java:logGet(43)) - raft.server.snapshot.auto.trigger.threshold = 10000 (custom)
2019-08-29 18:45:25,188 [pool-37-thread-1] INFO  server.RaftServerConfigKeys (ConfUtils.java:logGet(43)) - raft.server.retrycache.expirytime = 600000ms (custom)
2019-08-29 18:45:25,189 [pool-37-thread-1] INFO  impl.RaftServerImpl (RaftServerImpl.java:start(180)) - 8d2fcdd5-85e8-4b2b-9f3a-543e9b9f1eee: start group-F0116A3734D0
2019-08-29 18:45:25,189 [pool-37-thread-1] INFO  impl.RaftServerImpl (RaftServerImpl.java:setRole(171)) - 8d2fcdd5-85e8-4b2b-9f3a-543e9b9f1eee:group-F0116A3734D0 changes role from null to FOLLOWER at term 0 for startAsFollower
2019-08-29 18:45:25,189 [pool-37-thread-1] INFO  impl.RoleInfo (RoleInfo.java:updateAndGet(143)) - 8d2fcdd5-85e8-4b2b-9f3a-543e9b9f1eee: start FollowerState
2019-08-29 18:45:25,190 [pool-37-thread-1] INFO  util.JmxRegister (JmxRegister.java:tryRegister(44)) - Successfully registered JMX Bean with object name Ratis:service=RaftServer,group=group-F0116A3734D0,id=8d2fcdd5-85e8-4b2b-9f3a-543e9b9f1eee
2019-08-29 18:45:25,200 [RatisPipelineUtilsThread] INFO  pipeline.PipelineStateManager (PipelineStateManager.java:addPipeline(56)) - Created pipeline Pipeline[ Id: 8eedf4b9-57df-4d80-8e1a-f0116a3734d0, Nodes: 8d2fcdd5-85e8-4b2b-9f3a-543e9b9f1eee{ip: 192.168.36.71, host: pr-hdds-1783-trunk-vh5xf-2283488870, networkLocation: /default-rack, certSerialId: null}, Type:RATIS, Factor:ONE, State:OPEN]
2019-08-29 18:45:25,219 [grpc-default-executor-0] INFO  impl.RaftServerProxy (RaftServerProxy.java:addNew(89)) - 5850d459-afdb-4e89-ba28-7bb123adbf73: addNew group-639DD323A855:[5850d459-afdb-4e89-ba28-7bb123adbf73:192.168.36.71:39635] returns group-639DD323A855:java.util.concurrent.CompletableFuture@62f23ede[Not completed]
2019-08-29 18:45:25,224 [pool-77-thread-1] INFO  impl.RaftServerImpl (RaftServerImpl.java:<init>(93)) - 5850d459-afdb-4e89-ba28-7bb123adbf73: new RaftServerImpl for group-639DD323A855:[5850d459-afdb-4e89-ba28-7bb123adbf73:192.168.36.71:39635] with ContainerStateMachine:uninitialized
2019-08-29 18:45:25,224 [pool-77-thread-1] INFO  server.RaftServerConfigKeys (ConfUtils.java:logGet(43)) - raft.server.rpc.timeout.min = 5s (custom)
2019-08-29 18:45:25,225 [pool-77-thread-1] INFO  server.RaftServerConfigKeys (ConfUtils.java:logGet(43)) - raft.server.rpc.timeout.max = 5200ms (custom)
2019-08-29 18:45:25,225 [pool-77-thread-1] INFO  server.RaftServerConfigKeys (ConfUtils.java:logGet(43)) - raft.server.rpcslowness.timeout = 120s (custom)
2019-08-29 18:45:25,225 [pool-77-thread-1] INFO  server.RaftServerConfigKeys (ConfUtils.java:logGet(43)) - raft.server.sleep.deviation.threshold = 300 (default)
2019-08-29 18:45:25,225 [pool-77-thread-1] INFO  server.RaftServerConfigKeys (ConfUtils.java:logGet(43)) - raft.server.log.appender.install.snapshot.enabled = false (custom)
2019-08-29 18:45:25,225 [pool-77-thread-1] INFO  impl.RaftServerImpl (ServerState.java:<init>(105)) - 5850d459-afdb-4e89-ba28-7bb123adbf73:group-639DD323A855 ConfigurationManager, init=-1: [5850d459-afdb-4e89-ba28-7bb123adbf73:192.168.36.71:39635], old=null, confs=<EMPTY_MAP>
2019-08-29 18:45:25,226 [pool-77-thread-1] INFO  server.RaftServerConfigKeys (ConfUtils.java:logGet(43)) - raft.server.storage.dir = [/workdir/hadoop-ozone/integration-test/target/test-dir/MiniOzoneClusterImpl-8c688366-329c-437c-96af-5eb13fe36e17/datanode-5/data/ratis] (custom)
2019-08-29 18:45:25,226 [pool-77-thread-1] INFO  storage.RaftStorageDirectory (RaftStorageDirectory.java:analyzeStorage(246)) - The storage directory /workdir/hadoop-ozone/integration-test/target/test-dir/MiniOzoneClusterImpl-8c688366-329c-437c-96af-5eb13fe36e17/datanode-5/data/ratis/629d0b1a-6063-4679-b598-639dd323a855 does not exist. Creating ...
2019-08-29 18:45:25,239 [pool-77-thread-1] INFO  storage.RaftStorageDirectory (RaftStorageDirectory.java:tryLock(328)) - Lock on /workdir/hadoop-ozone/integration-test/target/test-dir/MiniOzoneClusterImpl-8c688366-329c-437c-96af-5eb13fe36e17/datanode-5/data/ratis/629d0b1a-6063-4679-b598-639dd323a855/in_use.lock acquired by nodename 31419@pr-hdds-1783-trunk-vh5xf-2283488870
2019-08-29 18:45:25,253 [pool-77-thread-1] INFO  storage.RaftStorage (RaftStorage.java:format(72)) - Storage directory /workdir/hadoop-ozone/integration-test/target/test-dir/MiniOzoneClusterImpl-8c688366-329c-437c-96af-5eb13fe36e17/datanode-5/data/ratis/629d0b1a-6063-4679-b598-639dd323a855 has been successfully formatted.
2019-08-29 18:45:25,253 [pool-77-thread-1] INFO  ratis.ContainerStateMachine (ContainerStateMachine.java:loadSnapshot(227)) - group-639DD323A855: The snapshot info is null. Setting the last applied indexto:(t:0, i:~)
2019-08-29 18:45:25,254 [pool-77-thread-1] INFO  server.RaftServerConfigKeys (ConfUtils.java:logGet(43)) - raft.server.leader.election.timeout = 120s (custom)
2019-08-29 18:45:25,254 [pool-77-thread-1] INFO  server.RaftServerConfigKeys (ConfUtils.java:logGet(43)) - raft.server.log.use.memory = false (default)
2019-08-29 18:45:25,254 [pool-77-thread-1] INFO  server.RaftServerConfigKeys (ConfUtils.java:logGet(43)) - raft.server.log.purge.gap = 1000000 (custom)
2019-08-29 18:45:25,254 [pool-77-thread-1] INFO  server.RaftServerConfigKeys (ConfUtils.java:logGet(43)) - raft.server.log.appender.buffer.byte-limit = 33554432 (custom)
2019-08-29 18:45:25,255 [pool-77-thread-1] INFO  server.RaftServerConfigKeys (ConfUtils.java:logGet(43)) - raft.server.log.segment.size.max = 1048576 (custom)
2019-08-29 18:45:25,255 [pool-77-thread-1] INFO  server.RaftServerConfigKeys (ConfUtils.java:logGet(43)) - raft.server.log.segment.cache.num.max = 2 (custom)
2019-08-29 18:45:25,255 [pool-77-thread-1] INFO  segmented.SegmentedRaftLogWorker (SegmentedRaftLogWorker.java:<init>(172)) - new 5850d459-afdb-4e89-ba28-7bb123adbf73-SegmentedRaftLogWorker:Storage Directory /workdir/hadoop-ozone/integration-test/target/test-dir/MiniOzoneClusterImpl-8c688366-329c-437c-96af-5eb13fe36e17/datanode-5/data/ratis/629d0b1a-6063-4679-b598-639dd323a855 for RaftStorage:Storage Directory /workdir/hadoop-ozone/integration-test/target/test-dir/MiniOzoneClusterImpl-8c688366-329c-437c-96af-5eb13fe36e17/datanode-5/data/ratis/629d0b1a-6063-4679-b598-639dd323a855
2019-08-29 18:45:25,255 [pool-77-thread-1] INFO  server.RaftServerConfigKeys (ConfUtils.java:logGet(43)) - raft.server.log.queue.byte-limit = 2147483647 (custom)
2019-08-29 18:45:25,255 [pool-77-thread-1] INFO  server.RaftServerConfigKeys (ConfUtils.java:logGet(43)) - raft.server.log.queue.element-limit = 1024 (custom)
2019-08-29 18:45:25,256 [pool-77-thread-1] INFO  server.RaftServerConfigKeys (ConfUtils.java:logGet(43)) - raft.server.log.segment.size.max = 1048576 (custom)
2019-08-29 18:45:25,256 [pool-77-thread-1] INFO  server.RaftServerConfigKeys (ConfUtils.java:logGet(43)) - raft.server.log.preallocated.size = 16384 (custom)
2019-08-29 18:45:25,256 [pool-77-thread-1] INFO  server.RaftServerConfigKeys (ConfUtils.java:logGet(43)) - raft.server.log.write.buffer.size = 33554432 (custom)
2019-08-29 18:45:25,256 [pool-77-thread-1] INFO  server.RaftServerConfigKeys (ConfUtils.java:logGet(43)) - raft.server.log.force.sync.num = 128 (default)
2019-08-29 18:45:25,256 [pool-77-thread-1] INFO  server.RaftServerConfigKeys (ConfUtils.java:logGet(43)) - raft.server.log.statemachine.data.sync = true (default)
2019-08-29 18:45:25,257 [pool-77-thread-1] INFO  server.RaftServerConfigKeys (ConfUtils.java:logGet(43)) - raft.server.log.statemachine.data.sync.timeout = 10s (default)
2019-08-29 18:45:25,257 [pool-77-thread-1] INFO  server.RaftServerConfigKeys (ConfUtils.java:logGet(43)) - raft.server.log.statemachine.data.sync.timeout.retry = -1 (default)
2019-08-29 18:45:25,257 [pool-77-thread-1] INFO  server.RaftServerConfigKeys (ConfUtils.java:logGet(43)) - raft.server.log.statemachine.data.caching.enabled = true (custom)
2019-08-29 18:45:25,258 [pool-77-thread-1] INFO  segmented.SegmentedRaftLogWorker (SegmentedRaftLogWorker.java:lambda$new$0(132)) - 5850d459-afdb-4e89-ba28-7bb123adbf73-SegmentedRaftLogWorker:Storage Directory /workdir/hadoop-ozone/integration-test/target/test-dir/MiniOzoneClusterImpl-8c688366-329c-437c-96af-5eb13fe36e17/datanode-5/data/ratis/629d0b1a-6063-4679-b598-639dd323a855: flushIndex: setUnconditionally 0 -> -1
2019-08-29 18:45:25,258 [pool-77-thread-1] INFO  server.RaftServerConfigKeys (ConfUtils.java:logGet(43)) - raft.server.snapshot.auto.trigger.enabled = true (custom)
2019-08-29 18:45:25,259 [pool-77-thread-1] INFO  server.RaftServerConfigKeys (ConfUtils.java:logGet(43)) - raft.server.snapshot.auto.trigger.threshold = 10000 (custom)
2019-08-29 18:45:25,259 [pool-77-thread-1] INFO  server.RaftServerConfigKeys (ConfUtils.java:logGet(43)) - raft.server.retrycache.expirytime = 600000ms (custom)
2019-08-29 18:45:25,259 [pool-77-thread-1] INFO  impl.RaftServerImpl (RaftServerImpl.java:start(180)) - 5850d459-afdb-4e89-ba28-7bb123adbf73: start group-639DD323A855
2019-08-29 18:45:25,259 [pool-77-thread-1] INFO  impl.RaftServerImpl (RaftServerImpl.java:setRole(171)) - 5850d459-afdb-4e89-ba28-7bb123adbf73:group-639DD323A855 changes role from null to FOLLOWER at term 0 for startAsFollower
2019-08-29 18:45:25,259 [pool-77-thread-1] INFO  impl.RoleInfo (RoleInfo.java:updateAndGet(143)) - 5850d459-afdb-4e89-ba28-7bb123adbf73: start FollowerState
2019-08-29 18:45:25,260 [pool-77-thread-1] INFO  util.JmxRegister (JmxRegister.java:tryRegister(44)) - Successfully registered JMX Bean with object name Ratis:service=RaftServer,group=group-639DD323A855,id=5850d459-afdb-4e89-ba28-7bb123adbf73
2019-08-29 18:45:25,270 [RatisPipelineUtilsThread] INFO  pipeline.PipelineStateManager (PipelineStateManager.java:addPipeline(56)) - Created pipeline Pipeline[ Id: 629d0b1a-6063-4679-b598-639dd323a855, Nodes: 5850d459-afdb-4e89-ba28-7bb123adbf73{ip: 192.168.36.71, host: pr-hdds-1783-trunk-vh5xf-2283488870, networkLocation: /default-rack, certSerialId: null}, Type:RATIS, Factor:ONE, State:OPEN]
2019-08-29 18:45:25,290 [grpc-default-executor-0] INFO  impl.RaftServerProxy (RaftServerProxy.java:addNew(89)) - d8c88268-1147-466c-8448-b76f760f74ad: addNew group-1766DC27C131:[d8c88268-1147-466c-8448-b76f760f74ad:192.168.36.71:43417] returns group-1766DC27C131:java.util.concurrent.CompletableFuture@40cc69bb[Not completed]
2019-08-29 18:45:25,295 [pool-57-thread-1] INFO  impl.RaftServerImpl (RaftServerImpl.java:<init>(93)) - d8c88268-1147-466c-8448-b76f760f74ad: new RaftServerImpl for group-1766DC27C131:[d8c88268-1147-466c-8448-b76f760f74ad:192.168.36.71:43417] with ContainerStateMachine:uninitialized
2019-08-29 18:45:25,295 [pool-57-thread-1] INFO  server.RaftServerConfigKeys (ConfUtils.java:logGet(43)) - raft.server.rpc.timeout.min = 5s (custom)
2019-08-29 18:45:25,296 [pool-57-thread-1] INFO  server.RaftServerConfigKeys (ConfUtils.java:logGet(43)) - raft.server.rpc.timeout.max = 5200ms (custom)
2019-08-29 18:45:25,296 [pool-57-thread-1] INFO  server.RaftServerConfigKeys (ConfUtils.java:logGet(43)) - raft.server.rpcslowness.timeout = 120s (custom)
2019-08-29 18:45:25,296 [pool-57-thread-1] INFO  server.RaftServerConfigKeys (ConfUtils.java:logGet(43)) - raft.server.sleep.deviation.threshold = 300 (default)
2019-08-29 18:45:25,296 [pool-57-thread-1] INFO  server.RaftServerConfigKeys (ConfUtils.java:logGet(43)) - raft.server.log.appender.install.snapshot.enabled = false (custom)
2019-08-29 18:45:25,296 [pool-57-thread-1] INFO  impl.RaftServerImpl (ServerState.java:<init>(105)) - d8c88268-1147-466c-8448-b76f760f74ad:group-1766DC27C131 ConfigurationManager, init=-1: [d8c88268-1147-466c-8448-b76f760f74ad:192.168.36.71:43417], old=null, confs=<EMPTY_MAP>
2019-08-29 18:45:25,297 [pool-57-thread-1] INFO  server.RaftServerConfigKeys (ConfUtils.java:logGet(43)) - raft.server.storage.dir = [/workdir/hadoop-ozone/integration-test/target/test-dir/MiniOzoneClusterImpl-8c688366-329c-437c-96af-5eb13fe36e17/datanode-3/data/ratis] (custom)
2019-08-29 18:45:25,297 [pool-57-thread-1] INFO  storage.RaftStorageDirectory (RaftStorageDirectory.java:analyzeStorage(246)) - The storage directory /workdir/hadoop-ozone/integration-test/target/test-dir/MiniOzoneClusterImpl-8c688366-329c-437c-96af-5eb13fe36e17/datanode-3/data/ratis/29befed9-cd8a-416e-8877-1766dc27c131 does not exist. Creating ...
2019-08-29 18:45:25,310 [pool-57-thread-1] INFO  storage.RaftStorageDirectory (RaftStorageDirectory.java:tryLock(328)) - Lock on /workdir/hadoop-ozone/integration-test/target/test-dir/MiniOzoneClusterImpl-8c688366-329c-437c-96af-5eb13fe36e17/datanode-3/data/ratis/29befed9-cd8a-416e-8877-1766dc27c131/in_use.lock acquired by nodename 31419@pr-hdds-1783-trunk-vh5xf-2283488870
2019-08-29 18:45:25,323 [pool-57-thread-1] INFO  storage.RaftStorage (RaftStorage.java:format(72)) - Storage directory /workdir/hadoop-ozone/integration-test/target/test-dir/MiniOzoneClusterImpl-8c688366-329c-437c-96af-5eb13fe36e17/datanode-3/data/ratis/29befed9-cd8a-416e-8877-1766dc27c131 has been successfully formatted.
2019-08-29 18:45:25,323 [pool-57-thread-1] INFO  ratis.ContainerStateMachine (ContainerStateMachine.java:loadSnapshot(227)) - group-1766DC27C131: The snapshot info is null. Setting the last applied indexto:(t:0, i:~)
2019-08-29 18:45:25,323 [pool-57-thread-1] INFO  server.RaftServerConfigKeys (ConfUtils.java:logGet(43)) - raft.server.leader.election.timeout = 120s (custom)
2019-08-29 18:45:25,324 [pool-57-thread-1] INFO  server.RaftServerConfigKeys (ConfUtils.java:logGet(43)) - raft.server.log.use.memory = false (default)
2019-08-29 18:45:25,324 [pool-57-thread-1] INFO  server.RaftServerConfigKeys (ConfUtils.java:logGet(43)) - raft.server.log.purge.gap = 1000000 (custom)
2019-08-29 18:45:25,324 [pool-57-thread-1] INFO  server.RaftServerConfigKeys (ConfUtils.java:logGet(43)) - raft.server.log.appender.buffer.byte-limit = 33554432 (custom)
2019-08-29 18:45:25,324 [pool-57-thread-1] INFO  server.RaftServerConfigKeys (ConfUtils.java:logGet(43)) - raft.server.log.segment.size.max = 1048576 (custom)
2019-08-29 18:45:25,324 [pool-57-thread-1] INFO  server.RaftServerConfigKeys (ConfUtils.java:logGet(43)) - raft.server.log.segment.cache.num.max = 2 (custom)
2019-08-29 18:45:25,325 [pool-57-thread-1] INFO  segmented.SegmentedRaftLogWorker (SegmentedRaftLogWorker.java:<init>(172)) - new d8c88268-1147-466c-8448-b76f760f74ad-SegmentedRaftLogWorker:Storage Directory /workdir/hadoop-ozone/integration-test/target/test-dir/MiniOzoneClusterImpl-8c688366-329c-437c-96af-5eb13fe36e17/datanode-3/data/ratis/29befed9-cd8a-416e-8877-1766dc27c131 for RaftStorage:Storage Directory /workdir/hadoop-ozone/integration-test/target/test-dir/MiniOzoneClusterImpl-8c688366-329c-437c-96af-5eb13fe36e17/datanode-3/data/ratis/29befed9-cd8a-416e-8877-1766dc27c131
2019-08-29 18:45:25,325 [pool-57-thread-1] INFO  server.RaftServerConfigKeys (ConfUtils.java:logGet(43)) - raft.server.log.queue.byte-limit = 2147483647 (custom)
2019-08-29 18:45:25,325 [pool-57-thread-1] INFO  server.RaftServerConfigKeys (ConfUtils.java:logGet(43)) - raft.server.log.queue.element-limit = 1024 (custom)
2019-08-29 18:45:25,325 [pool-57-thread-1] INFO  server.RaftServerConfigKeys (ConfUtils.java:logGet(43)) - raft.server.log.segment.size.max = 1048576 (custom)
2019-08-29 18:45:25,326 [pool-57-thread-1] INFO  server.RaftServerConfigKeys (ConfUtils.java:logGet(43)) - raft.server.log.preallocated.size = 16384 (custom)
2019-08-29 18:45:25,326 [pool-57-thread-1] INFO  server.RaftServerConfigKeys (ConfUtils.java:logGet(43)) - raft.server.log.write.buffer.size = 33554432 (custom)
2019-08-29 18:45:25,326 [pool-57-thread-1] INFO  server.RaftServerConfigKeys (ConfUtils.java:logGet(43)) - raft.server.log.force.sync.num = 128 (default)
2019-08-29 18:45:25,326 [pool-57-thread-1] INFO  server.RaftServerConfigKeys (ConfUtils.java:logGet(43)) - raft.server.log.statemachine.data.sync = true (default)
2019-08-29 18:45:25,326 [pool-57-thread-1] INFO  server.RaftServerConfigKeys (ConfUtils.java:logGet(43)) - raft.server.log.statemachine.data.sync.timeout = 10s (default)
2019-08-29 18:45:25,326 [pool-57-thread-1] INFO  server.RaftServerConfigKeys (ConfUtils.java:logGet(43)) - raft.server.log.statemachine.data.sync.timeout.retry = -1 (default)
2019-08-29 18:45:25,327 [pool-57-thread-1] INFO  server.RaftServerConfigKeys (ConfUtils.java:logGet(43)) - raft.server.log.statemachine.data.caching.enabled = true (custom)
2019-08-29 18:45:25,328 [pool-57-thread-1] INFO  segmented.SegmentedRaftLogWorker (SegmentedRaftLogWorker.java:lambda$new$0(132)) - d8c88268-1147-466c-8448-b76f760f74ad-SegmentedRaftLogWorker:Storage Directory /workdir/hadoop-ozone/integration-test/target/test-dir/MiniOzoneClusterImpl-8c688366-329c-437c-96af-5eb13fe36e17/datanode-3/data/ratis/29befed9-cd8a-416e-8877-1766dc27c131: flushIndex: setUnconditionally 0 -> -1
2019-08-29 18:45:25,328 [pool-57-thread-1] INFO  server.RaftServerConfigKeys (ConfUtils.java:logGet(43)) - raft.server.snapshot.auto.trigger.enabled = true (custom)
2019-08-29 18:45:25,328 [pool-57-thread-1] INFO  server.RaftServerConfigKeys (ConfUtils.java:logGet(43)) - raft.server.snapshot.auto.trigger.threshold = 10000 (custom)
2019-08-29 18:45:25,328 [pool-57-thread-1] INFO  server.RaftServerConfigKeys (ConfUtils.java:logGet(43)) - raft.server.retrycache.expirytime = 600000ms (custom)
2019-08-29 18:45:25,329 [pool-57-thread-1] INFO  impl.RaftServerImpl (RaftServerImpl.java:start(180)) - d8c88268-1147-466c-8448-b76f760f74ad: start group-1766DC27C131
2019-08-29 18:45:25,329 [pool-57-thread-1] INFO  impl.RaftServerImpl (RaftServerImpl.java:setRole(171)) - d8c88268-1147-466c-8448-b76f760f74ad:group-1766DC27C131 changes role from null to FOLLOWER at term 0 for startAsFollower
2019-08-29 18:45:25,329 [pool-57-thread-1] INFO  impl.RoleInfo (RoleInfo.java:updateAndGet(143)) - d8c88268-1147-466c-8448-b76f760f74ad: start FollowerState
2019-08-29 18:45:25,330 [pool-57-thread-1] INFO  util.JmxRegister (JmxRegister.java:tryRegister(44)) - Successfully registered JMX Bean with object name Ratis:service=RaftServer,group=group-1766DC27C131,id=d8c88268-1147-466c-8448-b76f760f74ad
2019-08-29 18:45:25,348 [RatisPipelineUtilsThread] INFO  pipeline.PipelineStateManager (PipelineStateManager.java:addPipeline(56)) - Created pipeline Pipeline[ Id: 29befed9-cd8a-416e-8877-1766dc27c131, Nodes: d8c88268-1147-466c-8448-b76f760f74ad{ip: 192.168.36.71, host: pr-hdds-1783-trunk-vh5xf-2283488870, networkLocation: /default-rack, certSerialId: null}, Type:RATIS, Factor:ONE, State:OPEN]
2019-08-29 18:45:25,370 [main] INFO  ozone.MiniOzoneClusterImpl (MiniOzoneClusterImpl.java:lambda$waitForClusterToBeReady$0(140)) - Cluster is ready. Got 7 of 7 DN Heartbeats.
2019-08-29 18:45:25,387 [grpc-default-executor-2] INFO  impl.RaftServerProxy (RaftServerProxy.java:addNew(89)) - f2c96b08-76b2-46f2-98cd-4144f26dc826: addNew group-1F952D049443:[6a6acb30-adc4-4326-af95-ea389dbc40c9:192.168.36.71:44720, 9ee09e2b-0b4d-496f-9b25-bf998639c9cd:192.168.36.71:45985, f2c96b08-76b2-46f2-98cd-4144f26dc826:192.168.36.71:38775] returns group-1F952D049443:java.util.concurrent.CompletableFuture@39c7e6f[Not completed]
2019-08-29 18:45:25,392 [grpc-default-executor-1] INFO  impl.RaftServerProxy (RaftServerProxy.java:addNew(89)) - 6a6acb30-adc4-4326-af95-ea389dbc40c9: addNew group-1F952D049443:[6a6acb30-adc4-4326-af95-ea389dbc40c9:192.168.36.71:44720, 9ee09e2b-0b4d-496f-9b25-bf998639c9cd:192.168.36.71:45985, f2c96b08-76b2-46f2-98cd-4144f26dc826:192.168.36.71:38775] returns group-1F952D049443:java.util.concurrent.CompletableFuture@92d6341[Not completed]
2019-08-29 18:45:25,392 [grpc-default-executor-2] INFO  impl.RaftServerProxy (RaftServerProxy.java:addNew(89)) - 9ee09e2b-0b4d-496f-9b25-bf998639c9cd: addNew group-1F952D049443:[6a6acb30-adc4-4326-af95-ea389dbc40c9:192.168.36.71:44720, 9ee09e2b-0b4d-496f-9b25-bf998639c9cd:192.168.36.71:45985, f2c96b08-76b2-46f2-98cd-4144f26dc826:192.168.36.71:38775] returns group-1F952D049443:java.util.concurrent.CompletableFuture@469ef078[Not completed]
2019-08-29 18:45:25,393 [pool-27-thread-1] INFO  impl.RaftServerImpl (RaftServerImpl.java:<init>(93)) - f2c96b08-76b2-46f2-98cd-4144f26dc826: new RaftServerImpl for group-1F952D049443:[6a6acb30-adc4-4326-af95-ea389dbc40c9:192.168.36.71:44720, 9ee09e2b-0b4d-496f-9b25-bf998639c9cd:192.168.36.71:45985, f2c96b08-76b2-46f2-98cd-4144f26dc826:192.168.36.71:38775] with ContainerStateMachine:uninitialized
2019-08-29 18:45:25,394 [pool-27-thread-1] INFO  server.RaftServerConfigKeys (ConfUtils.java:logGet(43)) - raft.server.rpc.timeout.min = 5s (custom)
2019-08-29 18:45:25,394 [pool-27-thread-1] INFO  server.RaftServerConfigKeys (ConfUtils.java:logGet(43)) - raft.server.rpc.timeout.max = 5200ms (custom)
2019-08-29 18:45:25,394 [pool-27-thread-1] INFO  server.RaftServerConfigKeys (ConfUtils.java:logGet(43)) - raft.server.rpcslowness.timeout = 120s (custom)
2019-08-29 18:45:25,394 [pool-27-thread-1] INFO  server.RaftServerConfigKeys (ConfUtils.java:logGet(43)) - raft.server.sleep.deviation.threshold = 300 (default)
2019-08-29 18:45:25,395 [pool-27-thread-1] INFO  server.RaftServerConfigKeys (ConfUtils.java:logGet(43)) - raft.server.log.appender.install.snapshot.enabled = false (custom)
2019-08-29 18:45:25,395 [pool-67-thread-1] INFO  impl.RaftServerImpl (RaftServerImpl.java:<init>(93)) - 9ee09e2b-0b4d-496f-9b25-bf998639c9cd: new RaftServerImpl for group-1F952D049443:[6a6acb30-adc4-4326-af95-ea389dbc40c9:192.168.36.71:44720, 9ee09e2b-0b4d-496f-9b25-bf998639c9cd:192.168.36.71:45985, f2c96b08-76b2-46f2-98cd-4144f26dc826:192.168.36.71:38775] with ContainerStateMachine:uninitialized
2019-08-29 18:45:25,395 [pool-27-thread-1] INFO  impl.RaftServerImpl (ServerState.java:<init>(105)) - f2c96b08-76b2-46f2-98cd-4144f26dc826:group-1F952D049443 ConfigurationManager, init=-1: [6a6acb30-adc4-4326-af95-ea389dbc40c9:192.168.36.71:44720, 9ee09e2b-0b4d-496f-9b25-bf998639c9cd:192.168.36.71:45985, f2c96b08-76b2-46f2-98cd-4144f26dc826:192.168.36.71:38775], old=null, confs=<EMPTY_MAP>
2019-08-29 18:45:25,395 [pool-67-thread-1] INFO  server.RaftServerConfigKeys (ConfUtils.java:logGet(43)) - raft.server.rpc.timeout.min = 5s (custom)
2019-08-29 18:45:25,395 [pool-27-thread-1] INFO  server.RaftServerConfigKeys (ConfUtils.java:logGet(43)) - raft.server.storage.dir = [/workdir/hadoop-ozone/integration-test/target/test-dir/MiniOzoneClusterImpl-8c688366-329c-437c-96af-5eb13fe36e17/datanode-0/data/ratis] (custom)
2019-08-29 18:45:25,395 [pool-67-thread-1] INFO  server.RaftServerConfigKeys (ConfUtils.java:logGet(43)) - raft.server.rpc.timeout.max = 5200ms (custom)
2019-08-29 18:45:25,396 [pool-67-thread-1] INFO  server.RaftServerConfigKeys (ConfUtils.java:logGet(43)) - raft.server.rpcslowness.timeout = 120s (custom)
2019-08-29 18:45:25,396 [pool-67-thread-1] INFO  server.RaftServerConfigKeys (ConfUtils.java:logGet(43)) - raft.server.sleep.deviation.threshold = 300 (default)
2019-08-29 18:45:25,396 [pool-27-thread-1] INFO  storage.RaftStorageDirectory (RaftStorageDirectory.java:analyzeStorage(246)) - The storage directory /workdir/hadoop-ozone/integration-test/target/test-dir/MiniOzoneClusterImpl-8c688366-329c-437c-96af-5eb13fe36e17/datanode-0/data/ratis/5c49c461-cb1c-4d58-89c7-1f952d049443 does not exist. Creating ...
2019-08-29 18:45:25,396 [pool-87-thread-1] INFO  impl.RaftServerImpl (RaftServerImpl.java:<init>(93)) - 6a6acb30-adc4-4326-af95-ea389dbc40c9: new RaftServerImpl for group-1F952D049443:[6a6acb30-adc4-4326-af95-ea389dbc40c9:192.168.36.71:44720, 9ee09e2b-0b4d-496f-9b25-bf998639c9cd:192.168.36.71:45985, f2c96b08-76b2-46f2-98cd-4144f26dc826:192.168.36.71:38775] with ContainerStateMachine:uninitialized
2019-08-29 18:45:25,396 [pool-67-thread-1] INFO  server.RaftServerConfigKeys (ConfUtils.java:logGet(43)) - raft.server.log.appender.install.snapshot.enabled = false (custom)
2019-08-29 18:45:25,396 [pool-87-thread-1] INFO  server.RaftServerConfigKeys (ConfUtils.java:logGet(43)) - raft.server.rpc.timeout.min = 5s (custom)
2019-08-29 18:45:25,397 [pool-67-thread-1] INFO  impl.RaftServerImpl (ServerState.java:<init>(105)) - 9ee09e2b-0b4d-496f-9b25-bf998639c9cd:group-1F952D049443 ConfigurationManager, init=-1: [6a6acb30-adc4-4326-af95-ea389dbc40c9:192.168.36.71:44720, 9ee09e2b-0b4d-496f-9b25-bf998639c9cd:192.168.36.71:45985, f2c96b08-76b2-46f2-98cd-4144f26dc826:192.168.36.71:38775], old=null, confs=<EMPTY_MAP>
2019-08-29 18:45:25,397 [pool-87-thread-1] INFO  server.RaftServerConfigKeys (ConfUtils.java:logGet(43)) - raft.server.rpc.timeout.max = 5200ms (custom)
2019-08-29 18:45:25,397 [pool-67-thread-1] INFO  server.RaftServerConfigKeys (ConfUtils.java:logGet(43)) - raft.server.storage.dir = [/workdir/hadoop-ozone/integration-test/target/test-dir/MiniOzoneClusterImpl-8c688366-329c-437c-96af-5eb13fe36e17/datanode-4/data/ratis] (custom)
2019-08-29 18:45:25,397 [pool-87-thread-1] INFO  server.RaftServerConfigKeys (ConfUtils.java:logGet(43)) - raft.server.rpcslowness.timeout = 120s (custom)
2019-08-29 18:45:25,397 [pool-87-thread-1] INFO  server.RaftServerConfigKeys (ConfUtils.java:logGet(43)) - raft.server.sleep.deviation.threshold = 300 (default)
2019-08-29 18:45:25,398 [pool-67-thread-1] INFO  storage.RaftStorageDirectory (RaftStorageDirectory.java:analyzeStorage(246)) - The storage directory /workdir/hadoop-ozone/integration-test/target/test-dir/MiniOzoneClusterImpl-8c688366-329c-437c-96af-5eb13fe36e17/datanode-4/data/ratis/5c49c461-cb1c-4d58-89c7-1f952d049443 does not exist. Creating ...
2019-08-29 18:45:25,398 [pool-87-thread-1] INFO  server.RaftServerConfigKeys (ConfUtils.java:logGet(43)) - raft.server.log.appender.install.snapshot.enabled = false (custom)
2019-08-29 18:45:25,398 [pool-87-thread-1] INFO  impl.RaftServerImpl (ServerState.java:<init>(105)) - 6a6acb30-adc4-4326-af95-ea389dbc40c9:group-1F952D049443 ConfigurationManager, init=-1: [6a6acb30-adc4-4326-af95-ea389dbc40c9:192.168.36.71:44720, 9ee09e2b-0b4d-496f-9b25-bf998639c9cd:192.168.36.71:45985, f2c96b08-76b2-46f2-98cd-4144f26dc826:192.168.36.71:38775], old=null, confs=<EMPTY_MAP>
2019-08-29 18:45:25,398 [pool-87-thread-1] INFO  server.RaftServerConfigKeys (ConfUtils.java:logGet(43)) - raft.server.storage.dir = [/workdir/hadoop-ozone/integration-test/target/test-dir/MiniOzoneClusterImpl-8c688366-329c-437c-96af-5eb13fe36e17/datanode-6/data/ratis] (custom)
2019-08-29 18:45:25,399 [pool-87-thread-1] INFO  storage.RaftStorageDirectory (RaftStorageDirectory.java:analyzeStorage(246)) - The storage directory /workdir/hadoop-ozone/integration-test/target/test-dir/MiniOzoneClusterImpl-8c688366-329c-437c-96af-5eb13fe36e17/datanode-6/data/ratis/5c49c461-cb1c-4d58-89c7-1f952d049443 does not exist. Creating ...
2019-08-29 18:45:25,409 [pool-67-thread-1] INFO  storage.RaftStorageDirectory (RaftStorageDirectory.java:tryLock(328)) - Lock on /workdir/hadoop-ozone/integration-test/target/test-dir/MiniOzoneClusterImpl-8c688366-329c-437c-96af-5eb13fe36e17/datanode-4/data/ratis/5c49c461-cb1c-4d58-89c7-1f952d049443/in_use.lock acquired by nodename 31419@pr-hdds-1783-trunk-vh5xf-2283488870
2019-08-29 18:45:25,409 [pool-87-thread-1] INFO  storage.RaftStorageDirectory (RaftStorageDirectory.java:tryLock(328)) - Lock on /workdir/hadoop-ozone/integration-test/target/test-dir/MiniOzoneClusterImpl-8c688366-329c-437c-96af-5eb13fe36e17/datanode-6/data/ratis/5c49c461-cb1c-4d58-89c7-1f952d049443/in_use.lock acquired by nodename 31419@pr-hdds-1783-trunk-vh5xf-2283488870
2019-08-29 18:45:25,409 [pool-27-thread-1] INFO  storage.RaftStorageDirectory (RaftStorageDirectory.java:tryLock(328)) - Lock on /workdir/hadoop-ozone/integration-test/target/test-dir/MiniOzoneClusterImpl-8c688366-329c-437c-96af-5eb13fe36e17/datanode-0/data/ratis/5c49c461-cb1c-4d58-89c7-1f952d049443/in_use.lock acquired by nodename 31419@pr-hdds-1783-trunk-vh5xf-2283488870
2019-08-29 18:45:25,432 [pool-67-thread-1] INFO  storage.RaftStorage (RaftStorage.java:format(72)) - Storage directory /workdir/hadoop-ozone/integration-test/target/test-dir/MiniOzoneClusterImpl-8c688366-329c-437c-96af-5eb13fe36e17/datanode-4/data/ratis/5c49c461-cb1c-4d58-89c7-1f952d049443 has been successfully formatted.
2019-08-29 18:45:25,432 [pool-27-thread-1] INFO  storage.RaftStorage (RaftStorage.java:format(72)) - Storage directory /workdir/hadoop-ozone/integration-test/target/test-dir/MiniOzoneClusterImpl-8c688366-329c-437c-96af-5eb13fe36e17/datanode-0/data/ratis/5c49c461-cb1c-4d58-89c7-1f952d049443 has been successfully formatted.
2019-08-29 18:45:25,432 [pool-87-thread-1] INFO  storage.RaftStorage (RaftStorage.java:format(72)) - Storage directory /workdir/hadoop-ozone/integration-test/target/test-dir/MiniOzoneClusterImpl-8c688366-329c-437c-96af-5eb13fe36e17/datanode-6/data/ratis/5c49c461-cb1c-4d58-89c7-1f952d049443 has been successfully formatted.
2019-08-29 18:45:25,432 [pool-67-thread-1] INFO  ratis.ContainerStateMachine (ContainerStateMachine.java:loadSnapshot(227)) - group-1F952D049443: The snapshot info is null. Setting the last applied indexto:(t:0, i:~)
2019-08-29 18:45:25,433 [pool-87-thread-1] INFO  ratis.ContainerStateMachine (ContainerStateMachine.java:loadSnapshot(227)) - group-1F952D049443: The snapshot info is null. Setting the last applied indexto:(t:0, i:~)
2019-08-29 18:45:25,432 [pool-27-thread-1] INFO  ratis.ContainerStateMachine (ContainerStateMachine.java:loadSnapshot(227)) - group-1F952D049443: The snapshot info is null. Setting the last applied indexto:(t:0, i:~)
2019-08-29 18:45:25,433 [pool-87-thread-1] INFO  server.RaftServerConfigKeys (ConfUtils.java:logGet(43)) - raft.server.leader.election.timeout = 120s (custom)
2019-08-29 18:45:25,433 [pool-67-thread-1] INFO  server.RaftServerConfigKeys (ConfUtils.java:logGet(43)) - raft.server.leader.election.timeout = 120s (custom)
2019-08-29 18:45:25,433 [pool-87-thread-1] INFO  server.RaftServerConfigKeys (ConfUtils.java:logGet(43)) - raft.server.log.use.memory = false (default)
2019-08-29 18:45:25,433 [pool-27-thread-1] INFO  server.RaftServerConfigKeys (ConfUtils.java:logGet(43)) - raft.server.leader.election.timeout = 120s (custom)
2019-08-29 18:45:25,433 [pool-87-thread-1] INFO  server.RaftServerConfigKeys (ConfUtils.java:logGet(43)) - raft.server.log.purge.gap = 1000000 (custom)
2019-08-29 18:45:25,433 [pool-67-thread-1] INFO  server.RaftServerConfigKeys (ConfUtils.java:logGet(43)) - raft.server.log.use.memory = false (default)
2019-08-29 18:45:25,434 [pool-87-thread-1] INFO  server.RaftServerConfigKeys (ConfUtils.java:logGet(43)) - raft.server.log.appender.buffer.byte-limit = 33554432 (custom)
2019-08-29 18:45:25,434 [pool-27-thread-1] INFO  server.RaftServerConfigKeys (ConfUtils.java:logGet(43)) - raft.server.log.use.memory = false (default)
2019-08-29 18:45:25,434 [pool-87-thread-1] INFO  server.RaftServerConfigKeys (ConfUtils.java:logGet(43)) - raft.server.log.segment.size.max = 1048576 (custom)
2019-08-29 18:45:25,434 [pool-67-thread-1] INFO  server.RaftServerConfigKeys (ConfUtils.java:logGet(43)) - raft.server.log.purge.gap = 1000000 (custom)
2019-08-29 18:45:25,434 [pool-87-thread-1] INFO  server.RaftServerConfigKeys (ConfUtils.java:logGet(43)) - raft.server.log.segment.cache.num.max = 2 (custom)
2019-08-29 18:45:25,434 [pool-27-thread-1] INFO  server.RaftServerConfigKeys (ConfUtils.java:logGet(43)) - raft.server.log.purge.gap = 1000000 (custom)
2019-08-29 18:45:25,435 [pool-87-thread-1] INFO  segmented.SegmentedRaftLogWorker (SegmentedRaftLogWorker.java:<init>(172)) - new 6a6acb30-adc4-4326-af95-ea389dbc40c9-SegmentedRaftLogWorker:Storage Directory /workdir/hadoop-ozone/integration-test/target/test-dir/MiniOzoneClusterImpl-8c688366-329c-437c-96af-5eb13fe36e17/datanode-6/data/ratis/5c49c461-cb1c-4d58-89c7-1f952d049443 for RaftStorage:Storage Directory /workdir/hadoop-ozone/integration-test/target/test-dir/MiniOzoneClusterImpl-8c688366-329c-437c-96af-5eb13fe36e17/datanode-6/data/ratis/5c49c461-cb1c-4d58-89c7-1f952d049443
2019-08-29 18:45:25,434 [pool-67-thread-1] INFO  server.RaftServerConfigKeys (ConfUtils.java:logGet(43)) - raft.server.log.appender.buffer.byte-limit = 33554432 (custom)
2019-08-29 18:45:25,435 [pool-87-thread-1] INFO  server.RaftServerConfigKeys (ConfUtils.java:logGet(43)) - raft.server.log.queue.byte-limit = 2147483647 (custom)
2019-08-29 18:45:25,435 [pool-27-thread-1] INFO  server.RaftServerConfigKeys (ConfUtils.java:logGet(43)) - raft.server.log.appender.buffer.byte-limit = 33554432 (custom)
2019-08-29 18:45:25,438 [pool-87-thread-1] INFO  server.RaftServerConfigKeys (ConfUtils.java:logGet(43)) - raft.server.log.queue.element-limit = 1024 (custom)
2019-08-29 18:45:25,438 [pool-27-thread-1] INFO  server.RaftServerConfigKeys (ConfUtils.java:logGet(43)) - raft.server.log.segment.size.max = 1048576 (custom)
2019-08-29 18:45:25,435 [pool-67-thread-1] INFO  server.RaftServerConfigKeys (ConfUtils.java:logGet(43)) - raft.server.log.segment.size.max = 1048576 (custom)
2019-08-29 18:45:25,438 [pool-27-thread-1] INFO  server.RaftServerConfigKeys (ConfUtils.java:logGet(43)) - raft.server.log.segment.cache.num.max = 2 (custom)
2019-08-29 18:45:25,438 [pool-87-thread-1] INFO  server.RaftServerConfigKeys (ConfUtils.java:logGet(43)) - raft.server.log.segment.size.max = 1048576 (custom)
2019-08-29 18:45:25,439 [pool-27-thread-1] INFO  segmented.SegmentedRaftLogWorker (SegmentedRaftLogWorker.java:<init>(172)) - new f2c96b08-76b2-46f2-98cd-4144f26dc826-SegmentedRaftLogWorker:Storage Directory /workdir/hadoop-ozone/integration-test/target/test-dir/MiniOzoneClusterImpl-8c688366-329c-437c-96af-5eb13fe36e17/datanode-0/data/ratis/5c49c461-cb1c-4d58-89c7-1f952d049443 for RaftStorage:Storage Directory /workdir/hadoop-ozone/integration-test/target/test-dir/MiniOzoneClusterImpl-8c688366-329c-437c-96af-5eb13fe36e17/datanode-0/data/ratis/5c49c461-cb1c-4d58-89c7-1f952d049443
2019-08-29 18:45:25,439 [pool-67-thread-1] INFO  server.RaftServerConfigKeys (ConfUtils.java:logGet(43)) - raft.server.log.segment.cache.num.max = 2 (custom)
2019-08-29 18:45:25,439 [pool-27-thread-1] INFO  server.RaftServerConfigKeys (ConfUtils.java:logGet(43)) - raft.server.log.queue.byte-limit = 2147483647 (custom)
2019-08-29 18:45:25,439 [pool-87-thread-1] INFO  server.RaftServerConfigKeys (ConfUtils.java:logGet(43)) - raft.server.log.preallocated.size = 16384 (custom)
2019-08-29 18:45:25,442 [pool-27-thread-1] INFO  server.RaftServerConfigKeys (ConfUtils.java:logGet(43)) - raft.server.log.queue.element-limit = 1024 (custom)
2019-08-29 18:45:25,439 [pool-67-thread-1] INFO  segmented.SegmentedRaftLogWorker (SegmentedRaftLogWorker.java:<init>(172)) - new 9ee09e2b-0b4d-496f-9b25-bf998639c9cd-SegmentedRaftLogWorker:Storage Directory /workdir/hadoop-ozone/integration-test/target/test-dir/MiniOzoneClusterImpl-8c688366-329c-437c-96af-5eb13fe36e17/datanode-4/data/ratis/5c49c461-cb1c-4d58-89c7-1f952d049443 for RaftStorage:Storage Directory /workdir/hadoop-ozone/integration-test/target/test-dir/MiniOzoneClusterImpl-8c688366-329c-437c-96af-5eb13fe36e17/datanode-4/data/ratis/5c49c461-cb1c-4d58-89c7-1f952d049443
2019-08-29 18:45:25,442 [pool-27-thread-1] INFO  server.RaftServerConfigKeys (ConfUtils.java:logGet(43)) - raft.server.log.segment.size.max = 1048576 (custom)
2019-08-29 18:45:25,442 [pool-87-thread-1] INFO  server.RaftServerConfigKeys (ConfUtils.java:logGet(43)) - raft.server.log.write.buffer.size = 33554432 (custom)
2019-08-29 18:45:25,442 [pool-27-thread-1] INFO  server.RaftServerConfigKeys (ConfUtils.java:logGet(43)) - raft.server.log.preallocated.size = 16384 (custom)
2019-08-29 18:45:25,442 [pool-67-thread-1] INFO  server.RaftServerConfigKeys (ConfUtils.java:logGet(43)) - raft.server.log.queue.byte-limit = 2147483647 (custom)
2019-08-29 18:45:25,446 [pool-27-thread-1] INFO  server.RaftServerConfigKeys (ConfUtils.java:logGet(43)) - raft.server.log.write.buffer.size = 33554432 (custom)
2019-08-29 18:45:25,446 [pool-87-thread-1] INFO  server.RaftServerConfigKeys (ConfUtils.java:logGet(43)) - raft.server.log.force.sync.num = 128 (default)
2019-08-29 18:45:25,446 [pool-27-thread-1] INFO  server.RaftServerConfigKeys (ConfUtils.java:logGet(43)) - raft.server.log.force.sync.num = 128 (default)
2019-08-29 18:45:25,446 [pool-67-thread-1] INFO  server.RaftServerConfigKeys (ConfUtils.java:logGet(43)) - raft.server.log.queue.element-limit = 1024 (custom)
2019-08-29 18:45:25,446 [pool-27-thread-1] INFO  server.RaftServerConfigKeys (ConfUtils.java:logGet(43)) - raft.server.log.statemachine.data.sync = true (default)
2019-08-29 18:45:25,446 [pool-87-thread-1] INFO  server.RaftServerConfigKeys (ConfUtils.java:logGet(43)) - raft.server.log.statemachine.data.sync = true (default)
2019-08-29 18:45:25,447 [pool-27-thread-1] INFO  server.RaftServerConfigKeys (ConfUtils.java:logGet(43)) - raft.server.log.statemachine.data.sync.timeout = 10s (default)
2019-08-29 18:45:25,447 [pool-67-thread-1] INFO  server.RaftServerConfigKeys (ConfUtils.java:logGet(43)) - raft.server.log.segment.size.max = 1048576 (custom)
2019-08-29 18:45:25,447 [pool-27-thread-1] INFO  server.RaftServerConfigKeys (ConfUtils.java:logGet(43)) - raft.server.log.statemachine.data.sync.timeout.retry = -1 (default)
2019-08-29 18:45:25,447 [pool-87-thread-1] INFO  server.RaftServerConfigKeys (ConfUtils.java:logGet(43)) - raft.server.log.statemachine.data.sync.timeout = 10s (default)
2019-08-29 18:45:25,447 [pool-67-thread-1] INFO  server.RaftServerConfigKeys (ConfUtils.java:logGet(43)) - raft.server.log.preallocated.size = 16384 (custom)
2019-08-29 18:45:25,448 [pool-27-thread-1] INFO  server.RaftServerConfigKeys (ConfUtils.java:logGet(43)) - raft.server.log.statemachine.data.caching.enabled = true (custom)
2019-08-29 18:45:25,448 [pool-87-thread-1] INFO  server.RaftServerConfigKeys (ConfUtils.java:logGet(43)) - raft.server.log.statemachine.data.sync.timeout.retry = -1 (default)
2019-08-29 18:45:25,448 [pool-67-thread-1] INFO  server.RaftServerConfigKeys (ConfUtils.java:logGet(43)) - raft.server.log.write.buffer.size = 33554432 (custom)
2019-08-29 18:45:25,448 [pool-87-thread-1] INFO  server.RaftServerConfigKeys (ConfUtils.java:logGet(43)) - raft.server.log.statemachine.data.caching.enabled = true (custom)
2019-08-29 18:45:25,448 [pool-27-thread-1] INFO  segmented.SegmentedRaftLogWorker (SegmentedRaftLogWorker.java:lambda$new$0(132)) - f2c96b08-76b2-46f2-98cd-4144f26dc826-SegmentedRaftLogWorker:Storage Directory /workdir/hadoop-ozone/integration-test/target/test-dir/MiniOzoneClusterImpl-8c688366-329c-437c-96af-5eb13fe36e17/datanode-0/data/ratis/5c49c461-cb1c-4d58-89c7-1f952d049443: flushIndex: setUnconditionally 0 -> -1
2019-08-29 18:45:25,448 [pool-67-thread-1] INFO  server.RaftServerConfigKeys (ConfUtils.java:logGet(43)) - raft.server.log.force.sync.num = 128 (default)
2019-08-29 18:45:25,449 [pool-87-thread-1] INFO  segmented.SegmentedRaftLogWorker (SegmentedRaftLogWorker.java:lambda$new$0(132)) - 6a6acb30-adc4-4326-af95-ea389dbc40c9-SegmentedRaftLogWorker:Storage Directory /workdir/hadoop-ozone/integration-test/target/test-dir/MiniOzoneClusterImpl-8c688366-329c-437c-96af-5eb13fe36e17/datanode-6/data/ratis/5c49c461-cb1c-4d58-89c7-1f952d049443: flushIndex: setUnconditionally 0 -> -1
2019-08-29 18:45:25,449 [pool-27-thread-1] INFO  server.RaftServerConfigKeys (ConfUtils.java:logGet(43)) - raft.server.snapshot.auto.trigger.enabled = true (custom)
2019-08-29 18:45:25,449 [pool-67-thread-1] INFO  server.RaftServerConfigKeys (ConfUtils.java:logGet(43)) - raft.server.log.statemachine.data.sync = true (default)
2019-08-29 18:45:25,449 [pool-27-thread-1] INFO  server.RaftServerConfigKeys (ConfUtils.java:logGet(43)) - raft.server.snapshot.auto.trigger.threshold = 10000 (custom)
2019-08-29 18:45:25,449 [pool-87-thread-1] INFO  server.RaftServerConfigKeys (ConfUtils.java:logGet(43)) - raft.server.snapshot.auto.trigger.enabled = true (custom)
2019-08-29 18:45:25,449 [pool-67-thread-1] INFO  server.RaftServerConfigKeys (ConfUtils.java:logGet(43)) - raft.server.log.statemachine.data.sync.timeout = 10s (default)
2019-08-29 18:45:25,449 [pool-87-thread-1] INFO  server.RaftServerConfigKeys (ConfUtils.java:logGet(43)) - raft.server.snapshot.auto.trigger.threshold = 10000 (custom)
2019-08-29 18:45:25,449 [pool-27-thread-1] INFO  server.RaftServerConfigKeys (ConfUtils.java:logGet(43)) - raft.server.retrycache.expirytime = 600000ms (custom)
2019-08-29 18:45:25,450 [pool-87-thread-1] INFO  server.RaftServerConfigKeys (ConfUtils.java:logGet(43)) - raft.server.retrycache.expirytime = 600000ms (custom)
2019-08-29 18:45:25,450 [pool-67-thread-1] INFO  server.RaftServerConfigKeys (ConfUtils.java:logGet(43)) - raft.server.log.statemachine.data.sync.timeout.retry = -1 (default)
2019-08-29 18:45:25,450 [pool-27-thread-1] INFO  impl.RaftServerImpl (RaftServerImpl.java:start(180)) - f2c96b08-76b2-46f2-98cd-4144f26dc826: start group-1F952D049443
2019-08-29 18:45:25,450 [pool-67-thread-1] INFO  server.RaftServerConfigKeys (ConfUtils.java:logGet(43)) - raft.server.log.statemachine.data.caching.enabled = true (custom)
2019-08-29 18:45:25,450 [pool-87-thread-1] INFO  impl.RaftServerImpl (RaftServerImpl.java:start(180)) - 6a6acb30-adc4-4326-af95-ea389dbc40c9: start group-1F952D049443
2019-08-29 18:45:25,450 [pool-27-thread-1] INFO  impl.RaftServerImpl (RaftServerImpl.java:setRole(171)) - f2c96b08-76b2-46f2-98cd-4144f26dc826:group-1F952D049443 changes role from null to FOLLOWER at term 0 for startAsFollower
2019-08-29 18:45:25,451 [pool-67-thread-1] INFO  segmented.SegmentedRaftLogWorker (SegmentedRaftLogWorker.java:lambda$new$0(132)) - 9ee09e2b-0b4d-496f-9b25-bf998639c9cd-SegmentedRaftLogWorker:Storage Directory /workdir/hadoop-ozone/integration-test/target/test-dir/MiniOzoneClusterImpl-8c688366-329c-437c-96af-5eb13fe36e17/datanode-4/data/ratis/5c49c461-cb1c-4d58-89c7-1f952d049443: flushIndex: setUnconditionally 0 -> -1
2019-08-29 18:45:25,451 [pool-87-thread-1] INFO  impl.RaftServerImpl (RaftServerImpl.java:setRole(171)) - 6a6acb30-adc4-4326-af95-ea389dbc40c9:group-1F952D049443 changes role from null to FOLLOWER at term 0 for startAsFollower
2019-08-29 18:45:25,451 [pool-27-thread-1] INFO  impl.RoleInfo (RoleInfo.java:updateAndGet(143)) - f2c96b08-76b2-46f2-98cd-4144f26dc826: start FollowerState
2019-08-29 18:45:25,451 [pool-87-thread-1] INFO  impl.RoleInfo (RoleInfo.java:updateAndGet(143)) - 6a6acb30-adc4-4326-af95-ea389dbc40c9: start FollowerState
2019-08-29 18:45:25,451 [pool-67-thread-1] INFO  server.RaftServerConfigKeys (ConfUtils.java:logGet(43)) - raft.server.snapshot.auto.trigger.enabled = true (custom)
2019-08-29 18:45:25,452 [pool-67-thread-1] INFO  server.RaftServerConfigKeys (ConfUtils.java:logGet(43)) - raft.server.snapshot.auto.trigger.threshold = 10000 (custom)
2019-08-29 18:45:25,452 [pool-87-thread-1] INFO  util.JmxRegister (JmxRegister.java:tryRegister(44)) - Successfully registered JMX Bean with object name Ratis:service=RaftServer,group=group-1F952D049443,id=6a6acb30-adc4-4326-af95-ea389dbc40c9
2019-08-29 18:45:25,452 [pool-27-thread-1] INFO  util.JmxRegister (JmxRegister.java:tryRegister(44)) - Successfully registered JMX Bean with object name Ratis:service=RaftServer,group=group-1F952D049443,id=f2c96b08-76b2-46f2-98cd-4144f26dc826
2019-08-29 18:45:25,452 [pool-67-thread-1] INFO  server.RaftServerConfigKeys (ConfUtils.java:logGet(43)) - raft.server.retrycache.expirytime = 600000ms (custom)
2019-08-29 18:45:25,452 [pool-67-thread-1] INFO  impl.RaftServerImpl (RaftServerImpl.java:start(180)) - 9ee09e2b-0b4d-496f-9b25-bf998639c9cd: start group-1F952D049443
2019-08-29 18:45:25,453 [pool-67-thread-1] INFO  impl.RaftServerImpl (RaftServerImpl.java:setRole(171)) - 9ee09e2b-0b4d-496f-9b25-bf998639c9cd:group-1F952D049443 changes role from null to FOLLOWER at term 0 for startAsFollower
2019-08-29 18:45:25,453 [pool-67-thread-1] INFO  impl.RoleInfo (RoleInfo.java:updateAndGet(143)) - 9ee09e2b-0b4d-496f-9b25-bf998639c9cd: start FollowerState
2019-08-29 18:45:25,453 [pool-67-thread-1] INFO  util.JmxRegister (JmxRegister.java:tryRegister(44)) - Successfully registered JMX Bean with object name Ratis:service=RaftServer,group=group-1F952D049443,id=9ee09e2b-0b4d-496f-9b25-bf998639c9cd
2019-08-29 18:45:25,476 [RatisPipelineUtilsThread] INFO  pipeline.PipelineStateManager (PipelineStateManager.java:addPipeline(56)) - Created pipeline Pipeline[ Id: 5c49c461-cb1c-4d58-89c7-1f952d049443, Nodes: 6a6acb30-adc4-4326-af95-ea389dbc40c9{ip: 192.168.36.71, host: pr-hdds-1783-trunk-vh5xf-2283488870, networkLocation: /default-rack, certSerialId: null}9ee09e2b-0b4d-496f-9b25-bf998639c9cd{ip: 192.168.36.71, host: pr-hdds-1783-trunk-vh5xf-2283488870, networkLocation: /default-rack, certSerialId: null}f2c96b08-76b2-46f2-98cd-4144f26dc826{ip: 192.168.36.71, host: pr-hdds-1783-trunk-vh5xf-2283488870, networkLocation: /default-rack, certSerialId: null}, Type:RATIS, Factor:THREE, State:OPEN]
2019-08-29 18:45:25,505 [grpc-default-executor-2] INFO  impl.RaftServerProxy (RaftServerProxy.java:addNew(89)) - 5e9edd26-e879-45de-b878-753be933b27b: addNew group-C7CAB4567363:[5850d459-afdb-4e89-ba28-7bb123adbf73:192.168.36.71:39635, 8d2fcdd5-85e8-4b2b-9f3a-543e9b9f1eee:192.168.36.71:42380, 5e9edd26-e879-45de-b878-753be933b27b:192.168.36.71:33389] returns group-C7CAB4567363:java.util.concurrent.CompletableFuture@77925707[Not completed]
2019-08-29 18:45:25,505 [grpc-default-executor-1] INFO  impl.RaftServerProxy (RaftServerProxy.java:addNew(89)) - 5850d459-afdb-4e89-ba28-7bb123adbf73: addNew group-C7CAB4567363:[5850d459-afdb-4e89-ba28-7bb123adbf73:192.168.36.71:39635, 8d2fcdd5-85e8-4b2b-9f3a-543e9b9f1eee:192.168.36.71:42380, 5e9edd26-e879-45de-b878-753be933b27b:192.168.36.71:33389] returns group-C7CAB4567363:java.util.concurrent.CompletableFuture@6790f134[Not completed]
2019-08-29 18:45:25,505 [grpc-default-executor-0] INFO  impl.RaftServerProxy (RaftServerProxy.java:addNew(89)) - 8d2fcdd5-85e8-4b2b-9f3a-543e9b9f1eee: addNew group-C7CAB4567363:[5850d459-afdb-4e89-ba28-7bb123adbf73:192.168.36.71:39635, 8d2fcdd5-85e8-4b2b-9f3a-543e9b9f1eee:192.168.36.71:42380, 5e9edd26-e879-45de-b878-753be933b27b:192.168.36.71:33389] returns group-C7CAB4567363:java.util.concurrent.CompletableFuture@575a6158[Not completed]
2019-08-29 18:45:25,508 [pool-47-thread-1] INFO  impl.RaftServerImpl (RaftServerImpl.java:<init>(93)) - 5e9edd26-e879-45de-b878-753be933b27b: new RaftServerImpl for group-C7CAB4567363:[5850d459-afdb-4e89-ba28-7bb123adbf73:192.168.36.71:39635, 8d2fcdd5-85e8-4b2b-9f3a-543e9b9f1eee:192.168.36.71:42380, 5e9edd26-e879-45de-b878-753be933b27b:192.168.36.71:33389] with ContainerStateMachine:uninitialized
2019-08-29 18:45:25,509 [pool-47-thread-1] INFO  server.RaftServerConfigKeys (ConfUtils.java:logGet(43)) - raft.server.rpc.timeout.min = 5s (custom)
2019-08-29 18:45:25,509 [pool-47-thread-1] INFO  server.RaftServerConfigKeys (ConfUtils.java:logGet(43)) - raft.server.rpc.timeout.max = 5200ms (custom)
2019-08-29 18:45:25,509 [pool-47-thread-1] INFO  server.RaftServerConfigKeys (ConfUtils.java:logGet(43)) - raft.server.rpcslowness.timeout = 120s (custom)
2019-08-29 18:45:25,509 [pool-47-thread-1] INFO  server.RaftServerConfigKeys (ConfUtils.java:logGet(43)) - raft.server.sleep.deviation.threshold = 300 (default)
2019-08-29 18:45:25,509 [pool-47-thread-1] INFO  server.RaftServerConfigKeys (ConfUtils.java:logGet(43)) - raft.server.log.appender.install.snapshot.enabled = false (custom)
2019-08-29 18:45:25,509 [pool-47-thread-1] INFO  impl.RaftServerImpl (ServerState.java:<init>(105)) - 5e9edd26-e879-45de-b878-753be933b27b:group-C7CAB4567363 ConfigurationManager, init=-1: [5850d459-afdb-4e89-ba28-7bb123adbf73:192.168.36.71:39635, 8d2fcdd5-85e8-4b2b-9f3a-543e9b9f1eee:192.168.36.71:42380, 5e9edd26-e879-45de-b878-753be933b27b:192.168.36.71:33389], old=null, confs=<EMPTY_MAP>
2019-08-29 18:45:25,510 [pool-47-thread-1] INFO  server.RaftServerConfigKeys (ConfUtils.java:logGet(43)) - raft.server.storage.dir = [/workdir/hadoop-ozone/integration-test/target/test-dir/MiniOzoneClusterImpl-8c688366-329c-437c-96af-5eb13fe36e17/datanode-2/data/ratis] (custom)
2019-08-29 18:45:25,510 [pool-77-thread-1] INFO  impl.RaftServerImpl (RaftServerImpl.java:<init>(93)) - 5850d459-afdb-4e89-ba28-7bb123adbf73: new RaftServerImpl for group-C7CAB4567363:[5850d459-afdb-4e89-ba28-7bb123adbf73:192.168.36.71:39635, 8d2fcdd5-85e8-4b2b-9f3a-543e9b9f1eee:192.168.36.71:42380, 5e9edd26-e879-45de-b878-753be933b27b:192.168.36.71:33389] with ContainerStateMachine:uninitialized
2019-08-29 18:45:25,510 [pool-77-thread-1] INFO  server.RaftServerConfigKeys (ConfUtils.java:logGet(43)) - raft.server.rpc.timeout.min = 5s (custom)
2019-08-29 18:45:25,510 [pool-47-thread-1] INFO  storage.RaftStorageDirectory (RaftStorageDirectory.java:analyzeStorage(246)) - The storage directory /workdir/hadoop-ozone/integration-test/target/test-dir/MiniOzoneClusterImpl-8c688366-329c-437c-96af-5eb13fe36e17/datanode-2/data/ratis/6604c0e2-f428-4e07-9752-c7cab4567363 does not exist. Creating ...
2019-08-29 18:45:25,510 [pool-77-thread-1] INFO  server.RaftServerConfigKeys (ConfUtils.java:logGet(43)) - raft.server.rpc.timeout.max = 5200ms (custom)
2019-08-29 18:45:25,510 [pool-77-thread-1] INFO  server.RaftServerConfigKeys (ConfUtils.java:logGet(43)) - raft.server.rpcslowness.timeout = 120s (custom)
2019-08-29 18:45:25,510 [pool-77-thread-1] INFO  server.RaftServerConfigKeys (ConfUtils.java:logGet(43)) - raft.server.sleep.deviation.threshold = 300 (default)
2019-08-29 18:45:25,511 [pool-77-thread-1] INFO  server.RaftServerConfigKeys (ConfUtils.java:logGet(43)) - raft.server.log.appender.install.snapshot.enabled = false (custom)
2019-08-29 18:45:25,511 [pool-37-thread-1] INFO  impl.RaftServerImpl (RaftServerImpl.java:<init>(93)) - 8d2fcdd5-85e8-4b2b-9f3a-543e9b9f1eee: new RaftServerImpl for group-C7CAB4567363:[5850d459-afdb-4e89-ba28-7bb123adbf73:192.168.36.71:39635, 8d2fcdd5-85e8-4b2b-9f3a-543e9b9f1eee:192.168.36.71:42380, 5e9edd26-e879-45de-b878-753be933b27b:192.168.36.71:33389] with ContainerStateMachine:uninitialized
2019-08-29 18:45:25,511 [pool-77-thread-1] INFO  impl.RaftServerImpl (ServerState.java:<init>(105)) - 5850d459-afdb-4e89-ba28-7bb123adbf73:group-C7CAB4567363 ConfigurationManager, init=-1: [5850d459-afdb-4e89-ba28-7bb123adbf73:192.168.36.71:39635, 8d2fcdd5-85e8-4b2b-9f3a-543e9b9f1eee:192.168.36.71:42380, 5e9edd26-e879-45de-b878-753be933b27b:192.168.36.71:33389], old=null, confs=<EMPTY_MAP>
2019-08-29 18:45:25,511 [pool-37-thread-1] INFO  server.RaftServerConfigKeys (ConfUtils.java:logGet(43)) - raft.server.rpc.timeout.min = 5s (custom)
2019-08-29 18:45:25,511 [pool-77-thread-1] INFO  server.RaftServerConfigKeys (ConfUtils.java:logGet(43)) - raft.server.storage.dir = [/workdir/hadoop-ozone/integration-test/target/test-dir/MiniOzoneClusterImpl-8c688366-329c-437c-96af-5eb13fe36e17/datanode-5/data/ratis] (custom)
2019-08-29 18:45:25,511 [pool-37-thread-1] INFO  server.RaftServerConfigKeys (ConfUtils.java:logGet(43)) - raft.server.rpc.timeout.max = 5200ms (custom)
2019-08-29 18:45:25,511 [pool-37-thread-1] INFO  server.RaftServerConfigKeys (ConfUtils.java:logGet(43)) - raft.server.rpcslowness.timeout = 120s (custom)
2019-08-29 18:45:25,512 [pool-77-thread-1] INFO  storage.RaftStorageDirectory (RaftStorageDirectory.java:analyzeStorage(246)) - The storage directory /workdir/hadoop-ozone/integration-test/target/test-dir/MiniOzoneClusterImpl-8c688366-329c-437c-96af-5eb13fe36e17/datanode-5/data/ratis/6604c0e2-f428-4e07-9752-c7cab4567363 does not exist. Creating ...
2019-08-29 18:45:25,512 [pool-37-thread-1] INFO  server.RaftServerConfigKeys (ConfUtils.java:logGet(43)) - raft.server.sleep.deviation.threshold = 300 (default)
2019-08-29 18:45:25,512 [pool-37-thread-1] INFO  server.RaftServerConfigKeys (ConfUtils.java:logGet(43)) - raft.server.log.appender.install.snapshot.enabled = false (custom)
2019-08-29 18:45:25,512 [pool-37-thread-1] INFO  impl.RaftServerImpl (ServerState.java:<init>(105)) - 8d2fcdd5-85e8-4b2b-9f3a-543e9b9f1eee:group-C7CAB4567363 ConfigurationManager, init=-1: [5850d459-afdb-4e89-ba28-7bb123adbf73:192.168.36.71:39635, 8d2fcdd5-85e8-4b2b-9f3a-543e9b9f1eee:192.168.36.71:42380, 5e9edd26-e879-45de-b878-753be933b27b:192.168.36.71:33389], old=null, confs=<EMPTY_MAP>
2019-08-29 18:45:25,512 [pool-37-thread-1] INFO  server.RaftServerConfigKeys (ConfUtils.java:logGet(43)) - raft.server.storage.dir = [/workdir/hadoop-ozone/integration-test/target/test-dir/MiniOzoneClusterImpl-8c688366-329c-437c-96af-5eb13fe36e17/datanode-1/data/ratis] (custom)
2019-08-29 18:45:25,513 [pool-37-thread-1] INFO  storage.RaftStorageDirectory (RaftStorageDirectory.java:analyzeStorage(246)) - The storage directory /workdir/hadoop-ozone/integration-test/target/test-dir/MiniOzoneClusterImpl-8c688366-329c-437c-96af-5eb13fe36e17/datanode-1/data/ratis/6604c0e2-f428-4e07-9752-c7cab4567363 does not exist. Creating ...
2019-08-29 18:45:25,524 [pool-77-thread-1] INFO  storage.RaftStorageDirectory (RaftStorageDirectory.java:tryLock(328)) - Lock on /workdir/hadoop-ozone/integration-test/target/test-dir/MiniOzoneClusterImpl-8c688366-329c-437c-96af-5eb13fe36e17/datanode-5/data/ratis/6604c0e2-f428-4e07-9752-c7cab4567363/in_use.lock acquired by nodename 31419@pr-hdds-1783-trunk-vh5xf-2283488870
2019-08-29 18:45:25,524 [pool-47-thread-1] INFO  storage.RaftStorageDirectory (RaftStorageDirectory.java:tryLock(328)) - Lock on /workdir/hadoop-ozone/integration-test/target/test-dir/MiniOzoneClusterImpl-8c688366-329c-437c-96af-5eb13fe36e17/datanode-2/data/ratis/6604c0e2-f428-4e07-9752-c7cab4567363/in_use.lock acquired by nodename 31419@pr-hdds-1783-trunk-vh5xf-2283488870
2019-08-29 18:45:25,524 [pool-37-thread-1] INFO  storage.RaftStorageDirectory (RaftStorageDirectory.java:tryLock(328)) - Lock on /workdir/hadoop-ozone/integration-test/target/test-dir/MiniOzoneClusterImpl-8c688366-329c-437c-96af-5eb13fe36e17/datanode-1/data/ratis/6604c0e2-f428-4e07-9752-c7cab4567363/in_use.lock acquired by nodename 31419@pr-hdds-1783-trunk-vh5xf-2283488870
2019-08-29 18:45:25,538 [pool-77-thread-1] INFO  storage.RaftStorage (RaftStorage.java:format(72)) - Storage directory /workdir/hadoop-ozone/integration-test/target/test-dir/MiniOzoneClusterImpl-8c688366-329c-437c-96af-5eb13fe36e17/datanode-5/data/ratis/6604c0e2-f428-4e07-9752-c7cab4567363 has been successfully formatted.
2019-08-29 18:45:25,538 [pool-47-thread-1] INFO  storage.RaftStorage (RaftStorage.java:format(72)) - Storage directory /workdir/hadoop-ozone/integration-test/target/test-dir/MiniOzoneClusterImpl-8c688366-329c-437c-96af-5eb13fe36e17/datanode-2/data/ratis/6604c0e2-f428-4e07-9752-c7cab4567363 has been successfully formatted.
2019-08-29 18:45:25,538 [pool-37-thread-1] INFO  storage.RaftStorage (RaftStorage.java:format(72)) - Storage directory /workdir/hadoop-ozone/integration-test/target/test-dir/MiniOzoneClusterImpl-8c688366-329c-437c-96af-5eb13fe36e17/datanode-1/data/ratis/6604c0e2-f428-4e07-9752-c7cab4567363 has been successfully formatted.
2019-08-29 18:45:25,538 [pool-77-thread-1] INFO  ratis.ContainerStateMachine (ContainerStateMachine.java:loadSnapshot(227)) - group-C7CAB4567363: The snapshot info is null. Setting the last applied indexto:(t:0, i:~)
2019-08-29 18:45:25,538 [pool-47-thread-1] INFO  ratis.ContainerStateMachine (ContainerStateMachine.java:loadSnapshot(227)) - group-C7CAB4567363: The snapshot info is null. Setting the last applied indexto:(t:0, i:~)
2019-08-29 18:45:25,539 [pool-37-thread-1] INFO  ratis.ContainerStateMachine (ContainerStateMachine.java:loadSnapshot(227)) - group-C7CAB4567363: The snapshot info is null. Setting the last applied indexto:(t:0, i:~)
2019-08-29 18:45:25,539 [pool-47-thread-1] INFO  server.RaftServerConfigKeys (ConfUtils.java:logGet(43)) - raft.server.leader.election.timeout = 120s (custom)
2019-08-29 18:45:25,539 [pool-77-thread-1] INFO  server.RaftServerConfigKeys (ConfUtils.java:logGet(43)) - raft.server.leader.election.timeout = 120s (custom)
2019-08-29 18:45:25,539 [pool-47-thread-1] INFO  server.RaftServerConfigKeys (ConfUtils.java:logGet(43)) - raft.server.log.use.memory = false (default)
2019-08-29 18:45:25,539 [pool-37-thread-1] INFO  server.RaftServerConfigKeys (ConfUtils.java:logGet(43)) - raft.server.leader.election.timeout = 120s (custom)
2019-08-29 18:45:25,540 [pool-47-thread-1] INFO  server.RaftServerConfigKeys (ConfUtils.java:logGet(43)) - raft.server.log.purge.gap = 1000000 (custom)
2019-08-29 18:45:25,539 [pool-77-thread-1] INFO  server.RaftServerConfigKeys (ConfUtils.java:logGet(43)) - raft.server.log.use.memory = false (default)
2019-08-29 18:45:25,540 [pool-47-thread-1] INFO  server.RaftServerConfigKeys (ConfUtils.java:logGet(43)) - raft.server.log.appender.buffer.byte-limit = 33554432 (custom)
2019-08-29 18:45:25,540 [pool-37-thread-1] INFO  server.RaftServerConfigKeys (ConfUtils.java:logGet(43)) - raft.server.log.use.memory = false (default)
2019-08-29 18:45:25,540 [pool-47-thread-1] INFO  server.RaftServerConfigKeys (ConfUtils.java:logGet(43)) - raft.server.log.segment.size.max = 1048576 (custom)
2019-08-29 18:45:25,540 [pool-77-thread-1] INFO  server.RaftServerConfigKeys (ConfUtils.java:logGet(43)) - raft.server.log.purge.gap = 1000000 (custom)
2019-08-29 18:45:25,541 [pool-47-thread-1] INFO  server.RaftServerConfigKeys (ConfUtils.java:logGet(43)) - raft.server.log.segment.cache.num.max = 2 (custom)
2019-08-29 18:45:25,540 [pool-37-thread-1] INFO  server.RaftServerConfigKeys (ConfUtils.java:logGet(43)) - raft.server.log.purge.gap = 1000000 (custom)
2019-08-29 18:45:25,541 [pool-47-thread-1] INFO  segmented.SegmentedRaftLogWorker (SegmentedRaftLogWorker.java:<init>(172)) - new 5e9edd26-e879-45de-b878-753be933b27b-SegmentedRaftLogWorker:Storage Directory /workdir/hadoop-ozone/integration-test/target/test-dir/MiniOzoneClusterImpl-8c688366-329c-437c-96af-5eb13fe36e17/datanode-2/data/ratis/6604c0e2-f428-4e07-9752-c7cab4567363 for RaftStorage:Storage Directory /workdir/hadoop-ozone/integration-test/target/test-dir/MiniOzoneClusterImpl-8c688366-329c-437c-96af-5eb13fe36e17/datanode-2/data/ratis/6604c0e2-f428-4e07-9752-c7cab4567363
2019-08-29 18:45:25,541 [pool-77-thread-1] INFO  server.RaftServerConfigKeys (ConfUtils.java:logGet(43)) - raft.server.log.appender.buffer.byte-limit = 33554432 (custom)
2019-08-29 18:45:25,541 [pool-47-thread-1] INFO  server.RaftServerConfigKeys (ConfUtils.java:logGet(43)) - raft.server.log.queue.byte-limit = 2147483647 (custom)
2019-08-29 18:45:25,544 [pool-47-thread-1] INFO  server.RaftServerConfigKeys (ConfUtils.java:logGet(43)) - raft.server.log.queue.element-limit = 1024 (custom)
2019-08-29 18:45:25,541 [pool-37-thread-1] INFO  server.RaftServerConfigKeys (ConfUtils.java:logGet(43)) - raft.server.log.appender.buffer.byte-limit = 33554432 (custom)
2019-08-29 18:45:25,544 [pool-47-thread-1] INFO  server.RaftServerConfigKeys (ConfUtils.java:logGet(43)) - raft.server.log.segment.size.max = 1048576 (custom)
2019-08-29 18:45:25,544 [pool-47-thread-1] INFO  server.RaftServerConfigKeys (ConfUtils.java:logGet(43)) - raft.server.log.preallocated.size = 16384 (custom)
2019-08-29 18:45:25,542 [pool-77-thread-1] INFO  server.RaftServerConfigKeys (ConfUtils.java:logGet(43)) - raft.server.log.segment.size.max = 1048576 (custom)
2019-08-29 18:45:25,544 [pool-47-thread-1] INFO  server.RaftServerConfigKeys (ConfUtils.java:logGet(43)) - raft.server.log.write.buffer.size = 33554432 (custom)
2019-08-29 18:45:25,544 [pool-37-thread-1] INFO  server.RaftServerConfigKeys (ConfUtils.java:logGet(43)) - raft.server.log.segment.size.max = 1048576 (custom)
2019-08-29 18:45:25,545 [pool-47-thread-1] INFO  server.RaftServerConfigKeys (ConfUtils.java:logGet(43)) - raft.server.log.force.sync.num = 128 (default)
2019-08-29 18:45:25,545 [pool-47-thread-1] INFO  server.RaftServerConfigKeys (ConfUtils.java:logGet(43)) - raft.server.log.statemachine.data.sync = true (default)
2019-08-29 18:45:25,545 [pool-77-thread-1] INFO  server.RaftServerConfigKeys (ConfUtils.java:logGet(43)) - raft.server.log.segment.cache.num.max = 2 (custom)
2019-08-29 18:45:25,545 [pool-47-thread-1] INFO  server.RaftServerConfigKeys (ConfUtils.java:logGet(43)) - raft.server.log.statemachine.data.sync.timeout = 10s (default)
2019-08-29 18:45:25,545 [pool-37-thread-1] INFO  server.RaftServerConfigKeys (ConfUtils.java:logGet(43)) - raft.server.log.segment.cache.num.max = 2 (custom)
2019-08-29 18:45:25,545 [pool-47-thread-1] INFO  server.RaftServerConfigKeys (ConfUtils.java:logGet(43)) - raft.server.log.statemachine.data.sync.timeout.retry = -1 (default)
2019-08-29 18:45:25,545 [pool-77-thread-1] INFO  segmented.SegmentedRaftLogWorker (SegmentedRaftLogWorker.java:<init>(172)) - new 5850d459-afdb-4e89-ba28-7bb123adbf73-SegmentedRaftLogWorker:Storage Directory /workdir/hadoop-ozone/integration-test/target/test-dir/MiniOzoneClusterImpl-8c688366-329c-437c-96af-5eb13fe36e17/datanode-5/data/ratis/6604c0e2-f428-4e07-9752-c7cab4567363 for RaftStorage:Storage Directory /workdir/hadoop-ozone/integration-test/target/test-dir/MiniOzoneClusterImpl-8c688366-329c-437c-96af-5eb13fe36e17/datanode-5/data/ratis/6604c0e2-f428-4e07-9752-c7cab4567363
2019-08-29 18:45:25,546 [pool-47-thread-1] INFO  server.RaftServerConfigKeys (ConfUtils.java:logGet(43)) - raft.server.log.statemachine.data.caching.enabled = true (custom)
2019-08-29 18:45:25,546 [pool-37-thread-1] INFO  segmented.SegmentedRaftLogWorker (SegmentedRaftLogWorker.java:<init>(172)) - new 8d2fcdd5-85e8-4b2b-9f3a-543e9b9f1eee-SegmentedRaftLogWorker:Storage Directory /workdir/hadoop-ozone/integration-test/target/test-dir/MiniOzoneClusterImpl-8c688366-329c-437c-96af-5eb13fe36e17/datanode-1/data/ratis/6604c0e2-f428-4e07-9752-c7cab4567363 for RaftStorage:Storage Directory /workdir/hadoop-ozone/integration-test/target/test-dir/MiniOzoneClusterImpl-8c688366-329c-437c-96af-5eb13fe36e17/datanode-1/data/ratis/6604c0e2-f428-4e07-9752-c7cab4567363
2019-08-29 18:45:25,548 [pool-47-thread-1] INFO  segmented.SegmentedRaftLogWorker (SegmentedRaftLogWorker.java:lambda$new$0(132)) - 5e9edd26-e879-45de-b878-753be933b27b-SegmentedRaftLogWorker:Storage Directory /workdir/hadoop-ozone/integration-test/target/test-dir/MiniOzoneClusterImpl-8c688366-329c-437c-96af-5eb13fe36e17/datanode-2/data/ratis/6604c0e2-f428-4e07-9752-c7cab4567363: flushIndex: setUnconditionally 0 -> -1
2019-08-29 18:45:25,546 [pool-77-thread-1] INFO  server.RaftServerConfigKeys (ConfUtils.java:logGet(43)) - raft.server.log.queue.byte-limit = 2147483647 (custom)
2019-08-29 18:45:25,548 [pool-37-thread-1] INFO  server.RaftServerConfigKeys (ConfUtils.java:logGet(43)) - raft.server.log.queue.byte-limit = 2147483647 (custom)
2019-08-29 18:45:25,550 [pool-77-thread-1] INFO  server.RaftServerConfigKeys (ConfUtils.java:logGet(43)) - raft.server.log.queue.element-limit = 1024 (custom)
2019-08-29 18:45:25,550 [pool-47-thread-1] INFO  server.RaftServerConfigKeys (ConfUtils.java:logGet(43)) - raft.server.snapshot.auto.trigger.enabled = true (custom)
2019-08-29 18:45:25,551 [pool-77-thread-1] INFO  server.RaftServerConfigKeys (ConfUtils.java:logGet(43)) - raft.server.log.segment.size.max = 1048576 (custom)
2019-08-29 18:45:25,550 [pool-37-thread-1] INFO  server.RaftServerConfigKeys (ConfUtils.java:logGet(43)) - raft.server.log.queue.element-limit = 1024 (custom)
2019-08-29 18:45:25,551 [pool-77-thread-1] INFO  server.RaftServerConfigKeys (ConfUtils.java:logGet(43)) - raft.server.log.preallocated.size = 16384 (custom)
2019-08-29 18:45:25,551 [pool-47-thread-1] INFO  server.RaftServerConfigKeys (ConfUtils.java:logGet(43)) - raft.server.snapshot.auto.trigger.threshold = 10000 (custom)
2019-08-29 18:45:25,551 [pool-77-thread-1] INFO  server.RaftServerConfigKeys (ConfUtils.java:logGet(43)) - raft.server.log.write.buffer.size = 33554432 (custom)
2019-08-29 18:45:25,551 [pool-37-thread-1] INFO  server.RaftServerConfigKeys (ConfUtils.java:logGet(43)) - raft.server.log.segment.size.max = 1048576 (custom)
2019-08-29 18:45:25,551 [pool-47-thread-1] INFO  server.RaftServerConfigKeys (ConfUtils.java:logGet(43)) - raft.server.retrycache.expirytime = 600000ms (custom)
2019-08-29 18:45:25,551 [pool-77-thread-1] INFO  server.RaftServerConfigKeys (ConfUtils.java:logGet(43)) - raft.server.log.force.sync.num = 128 (default)
2019-08-29 18:45:25,552 [pool-37-thread-1] INFO  server.RaftServerConfigKeys (ConfUtils.java:logGet(43)) - raft.server.log.preallocated.size = 16384 (custom)
2019-08-29 18:45:25,552 [pool-47-thread-1] INFO  impl.RaftServerImpl (RaftServerImpl.java:start(180)) - 5e9edd26-e879-45de-b878-753be933b27b: start group-C7CAB4567363
2019-08-29 18:45:25,552 [pool-77-thread-1] INFO  server.RaftServerConfigKeys (ConfUtils.java:logGet(43)) - raft.server.log.statemachine.data.sync = true (default)
2019-08-29 18:45:25,552 [pool-47-thread-1] INFO  impl.RaftServerImpl (RaftServerImpl.java:setRole(171)) - 5e9edd26-e879-45de-b878-753be933b27b:group-C7CAB4567363 changes role from null to FOLLOWER at term 0 for startAsFollower
2019-08-29 18:45:25,552 [pool-37-thread-1] INFO  server.RaftServerConfigKeys (ConfUtils.java:logGet(43)) - raft.server.log.write.buffer.size = 33554432 (custom)
2019-08-29 18:45:25,553 [pool-47-thread-1] INFO  impl.RoleInfo (RoleInfo.java:updateAndGet(143)) - 5e9edd26-e879-45de-b878-753be933b27b: start FollowerState
2019-08-29 18:45:25,552 [pool-77-thread-1] INFO  server.RaftServerConfigKeys (ConfUtils.java:logGet(43)) - raft.server.log.statemachine.data.sync.timeout = 10s (default)
2019-08-29 18:45:25,553 [pool-37-thread-1] INFO  server.RaftServerConfigKeys (ConfUtils.java:logGet(43)) - raft.server.log.force.sync.num = 128 (default)
2019-08-29 18:45:25,553 [pool-77-thread-1] INFO  server.RaftServerConfigKeys (ConfUtils.java:logGet(43)) - raft.server.log.statemachine.data.sync.timeout.retry = -1 (default)
2019-08-29 18:45:25,553 [pool-37-thread-1] INFO  server.RaftServerConfigKeys (ConfUtils.java:logGet(43)) - raft.server.log.statemachine.data.sync = true (default)
2019-08-29 18:45:25,553 [pool-77-thread-1] INFO  server.RaftServerConfigKeys (ConfUtils.java:logGet(43)) - raft.server.log.statemachine.data.caching.enabled = true (custom)
2019-08-29 18:45:25,553 [pool-47-thread-1] INFO  util.JmxRegister (JmxRegister.java:tryRegister(44)) - Successfully registered JMX Bean with object name Ratis:service=RaftServer,group=group-C7CAB4567363,id=5e9edd26-e879-45de-b878-753be933b27b
2019-08-29 18:45:25,553 [pool-37-thread-1] INFO  server.RaftServerConfigKeys (ConfUtils.java:logGet(43)) - raft.server.log.statemachine.data.sync.timeout = 10s (default)
2019-08-29 18:45:25,554 [pool-77-thread-1] INFO  segmented.SegmentedRaftLogWorker (SegmentedRaftLogWorker.java:lambda$new$0(132)) - 5850d459-afdb-4e89-ba28-7bb123adbf73-SegmentedRaftLogWorker:Storage Directory /workdir/hadoop-ozone/integration-test/target/test-dir/MiniOzoneClusterImpl-8c688366-329c-437c-96af-5eb13fe36e17/datanode-5/data/ratis/6604c0e2-f428-4e07-9752-c7cab4567363: flushIndex: setUnconditionally 0 -> -1
2019-08-29 18:45:25,554 [pool-37-thread-1] INFO  server.RaftServerConfigKeys (ConfUtils.java:logGet(43)) - raft.server.log.statemachine.data.sync.timeout.retry = -1 (default)
2019-08-29 18:45:25,554 [pool-77-thread-1] INFO  server.RaftServerConfigKeys (ConfUtils.java:logGet(43)) - raft.server.snapshot.auto.trigger.enabled = true (custom)
2019-08-29 18:45:25,554 [pool-37-thread-1] INFO  server.RaftServerConfigKeys (ConfUtils.java:logGet(43)) - raft.server.log.statemachine.data.caching.enabled = true (custom)
2019-08-29 18:45:25,554 [pool-77-thread-1] INFO  server.RaftServerConfigKeys (ConfUtils.java:logGet(43)) - raft.server.snapshot.auto.trigger.threshold = 10000 (custom)
2019-08-29 18:45:25,555 [pool-77-thread-1] INFO  server.RaftServerConfigKeys (ConfUtils.java:logGet(43)) - raft.server.retrycache.expirytime = 600000ms (custom)
2019-08-29 18:45:25,555 [pool-37-thread-1] INFO  segmented.SegmentedRaftLogWorker (SegmentedRaftLogWorker.java:lambda$new$0(132)) - 8d2fcdd5-85e8-4b2b-9f3a-543e9b9f1eee-SegmentedRaftLogWorker:Storage Directory /workdir/hadoop-ozone/integration-test/target/test-dir/MiniOzoneClusterImpl-8c688366-329c-437c-96af-5eb13fe36e17/datanode-1/data/ratis/6604c0e2-f428-4e07-9752-c7cab4567363: flushIndex: setUnconditionally 0 -> -1
2019-08-29 18:45:25,555 [pool-77-thread-1] INFO  impl.RaftServerImpl (RaftServerImpl.java:start(180)) - 5850d459-afdb-4e89-ba28-7bb123adbf73: start group-C7CAB4567363
2019-08-29 18:45:25,555 [pool-77-thread-1] INFO  impl.RaftServerImpl (RaftServerImpl.java:setRole(171)) - 5850d459-afdb-4e89-ba28-7bb123adbf73:group-C7CAB4567363 changes role from null to FOLLOWER at term 0 for startAsFollower
2019-08-29 18:45:25,555 [pool-37-thread-1] INFO  server.RaftServerConfigKeys (ConfUtils.java:logGet(43)) - raft.server.snapshot.auto.trigger.enabled = true (custom)
2019-08-29 18:45:25,555 [pool-77-thread-1] INFO  impl.RoleInfo (RoleInfo.java:updateAndGet(143)) - 5850d459-afdb-4e89-ba28-7bb123adbf73: start FollowerState
2019-08-29 18:45:25,555 [pool-37-thread-1] INFO  server.RaftServerConfigKeys (ConfUtils.java:logGet(43)) - raft.server.snapshot.auto.trigger.threshold = 10000 (custom)
2019-08-29 18:45:25,556 [pool-37-thread-1] INFO  server.RaftServerConfigKeys (ConfUtils.java:logGet(43)) - raft.server.retrycache.expirytime = 600000ms (custom)
2019-08-29 18:45:25,559 [pool-77-thread-1] INFO  util.JmxRegister (JmxRegister.java:tryRegister(44)) - Successfully registered JMX Bean with object name Ratis:service=RaftServer,group=group-C7CAB4567363,id=5850d459-afdb-4e89-ba28-7bb123adbf73
2019-08-29 18:45:25,559 [pool-37-thread-1] INFO  impl.RaftServerImpl (RaftServerImpl.java:start(180)) - 8d2fcdd5-85e8-4b2b-9f3a-543e9b9f1eee: start group-C7CAB4567363
2019-08-29 18:45:25,559 [pool-37-thread-1] INFO  impl.RaftServerImpl (RaftServerImpl.java:setRole(171)) - 8d2fcdd5-85e8-4b2b-9f3a-543e9b9f1eee:group-C7CAB4567363 changes role from null to FOLLOWER at term 0 for startAsFollower
2019-08-29 18:45:25,561 [pool-37-thread-1] INFO  impl.RoleInfo (RoleInfo.java:updateAndGet(143)) - 8d2fcdd5-85e8-4b2b-9f3a-543e9b9f1eee: start FollowerState
2019-08-29 18:45:25,565 [pool-37-thread-1] INFO  util.JmxRegister (JmxRegister.java:tryRegister(44)) - Successfully registered JMX Bean with object name Ratis:service=RaftServer,group=group-C7CAB4567363,id=8d2fcdd5-85e8-4b2b-9f3a-543e9b9f1eee
2019-08-29 18:45:25,580 [RatisPipelineUtilsThread] INFO  pipeline.PipelineStateManager (PipelineStateManager.java:addPipeline(56)) - Created pipeline Pipeline[ Id: 6604c0e2-f428-4e07-9752-c7cab4567363, Nodes: 5e9edd26-e879-45de-b878-753be933b27b{ip: 192.168.36.71, host: pr-hdds-1783-trunk-vh5xf-2283488870, networkLocation: /default-rack, certSerialId: null}8d2fcdd5-85e8-4b2b-9f3a-543e9b9f1eee{ip: 192.168.36.71, host: pr-hdds-1783-trunk-vh5xf-2283488870, networkLocation: /default-rack, certSerialId: null}5850d459-afdb-4e89-ba28-7bb123adbf73{ip: 192.168.36.71, host: pr-hdds-1783-trunk-vh5xf-2283488870, networkLocation: /default-rack, certSerialId: null}, Type:RATIS, Factor:THREE, State:OPEN]
2019-08-29 18:45:25,913 | INFO  | SCMAudit | user=jenkins1000 | ip=192.168.36.71 | op=SEND_HEARTBEAT {datanodeUUID=f2c96b08-76b2-46f2-98cd-4144f26dc826, command=[]} | ret=SUCCESS |  
2019-08-29 18:45:25,973 [main] INFO  rpc.RpcClient (RpcClient.java:createVolume(293)) - Creating Volume: closecontainerexceptionhandlingtest, with jenkins1000 as owner.
2019-08-29 18:45:25,979 | INFO  | SCMAudit | user=jenkins1000 | ip=192.168.36.71 | op=SEND_HEARTBEAT {datanodeUUID=8d2fcdd5-85e8-4b2b-9f3a-543e9b9f1eee, command=[]} | ret=SUCCESS |  
2019-08-29 18:45:26,008 | INFO  | OMAudit | user=jenkins1000 | ip=127.0.0.1 | op=CREATE_VOLUME {admin=jenkins1000, owner=jenkins1000, volume=closecontainerexceptionhandlingtest, creationTime=1567104325994, quotaInBytes=1152921504606846976} | ret=SUCCESS |  
2019-08-29 18:45:26,034 | INFO  | OMAudit | user=jenkins1000 | ip=127.0.0.1 | op=READ_VOLUME {volume=closecontainerexceptionhandlingtest} | ret=SUCCESS |  
2019-08-29 18:45:26,041 [main] INFO  rpc.RpcClient (RpcClient.java:createBucket(432)) - Creating Bucket: closecontainerexceptionhandlingtest/closecontainerexceptionhandlingtest, with Versioning false and Storage Type set to DISK and Encryption set to false 
2019-08-29 18:45:26,054 | INFO  | SCMAudit | user=jenkins1000 | ip=192.168.36.71 | op=SEND_HEARTBEAT {datanodeUUID=5e9edd26-e879-45de-b878-753be933b27b, command=[]} | ret=SUCCESS |  
2019-08-29 18:45:26,064 | INFO  | OMAudit | user=jenkins1000 | ip=127.0.0.1 | op=CREATE_BUCKET {volume=closecontainerexceptionhandlingtest, bucket=closecontainerexceptionhandlingtest, acls=[user:jenkins1000:a[ACCESS], group:default:a[ACCESS]], isVersionEnabled=false, storageType=DISK, creationTime=0} | ret=SUCCESS |  
2019-08-29 18:45:26,076 | INFO  | OMAudit | user=jenkins1000 | ip=127.0.0.1 | op=READ_VOLUME {volume=closecontainerexceptionhandlingtest} | ret=SUCCESS |  
2019-08-29 18:45:26,084 | INFO  | OMAudit | user=jenkins1000 | ip=127.0.0.1 | op=READ_BUCKET {volume=closecontainerexceptionhandlingtest, bucket=closecontainerexceptionhandlingtest} | ret=SUCCESS |  
2019-08-29 18:45:26,122 | INFO  | SCMAudit | user=jenkins1000 | ip=192.168.36.71 | op=SEND_HEARTBEAT {datanodeUUID=d8c88268-1147-466c-8448-b76f760f74ad, command=[]} | ret=SUCCESS |  
2019-08-29 18:45:26,146 | INFO  | SCMAudit | user=jenkins1000 | ip=192.168.36.71 | op=ALLOCATE_BLOCK {owner=1dfdfb46-f7f8-47ee-8690-b6d3fd46e655, size=4194304, type=RATIS, factor=THREE} | ret=SUCCESS |  
2019-08-29 18:45:26,184 | INFO  | OMAudit | user=jenkins1000 | ip=127.0.0.1 | op=ALLOCATE_KEY {volume=closecontainerexceptionhandlingtest, bucket=closecontainerexceptionhandlingtest, key=e760fd32-f626-4585-8efc-e7d551b3212b, dataSize=0, replicationType=RATIS, replicationFactor=THREE, keyLocationInfo=null} | ret=SUCCESS |  
2019-08-29 18:45:26,205 | INFO  | SCMAudit | user=jenkins1000 | ip=192.168.36.71 | op=SEND_HEARTBEAT {datanodeUUID=9ee09e2b-0b4d-496f-9b25-bf998639c9cd, command=[]} | ret=SUCCESS |  
2019-08-29 18:45:26,252 [main] INFO  impl.MetricsSystemImpl (MetricsSystemImpl.java:init(158)) - XceiverClientMetrics metrics system started (again)
2019-08-29 18:45:26,754 | INFO  | SCMAudit | user=jenkins1000 | ip=192.168.36.71 | op=SEND_HEARTBEAT {datanodeUUID=5850d459-afdb-4e89-ba28-7bb123adbf73, command=[]} | ret=SUCCESS |  
2019-08-29 18:45:26,754 | INFO  | SCMAudit | user=jenkins1000 | ip=192.168.36.71 | op=SEND_HEARTBEAT {datanodeUUID=6a6acb30-adc4-4326-af95-ea389dbc40c9, command=[]} | ret=SUCCESS |  
2019-08-29 18:45:26,898 | INFO  | SCMAudit | user=jenkins1000 | ip=192.168.36.71 | op=SEND_HEARTBEAT {datanodeUUID=f2c96b08-76b2-46f2-98cd-4144f26dc826, command=[]} | ret=SUCCESS |  
2019-08-29 18:45:26,908 [grpc-default-executor-0] INFO  client.GrpcClientProtocolClient (GrpcClientProtocolClient.java:onNext(255)) - client-8966B18487CA->6a6acb30-adc4-4326-af95-ea389dbc40c9: receive RaftClientReply:client-8966B18487CA->6a6acb30-adc4-4326-af95-ea389dbc40c9@group-1F952D049443, cid=13, FAILED org.apache.ratis.protocol.NotLeaderException: Server 6a6acb30-adc4-4326-af95-ea389dbc40c9 is not the leader (null). Request must be sent to leader., logIndex=0, commits[6a6acb30-adc4-4326-af95-ea389dbc40c9:c-1]
2019-08-29 18:45:26,950 [Thread-237] INFO  container.ReplicationManager (ReplicationManager.java:start(152)) - Starting Replication Monitor Thread.
2019-08-29 18:45:26,952 [ReplicationMonitor] INFO  container.ReplicationManager (ReplicationManager.java:run(215)) - Replication Monitor Thread took 0 milliseconds for processing 1 containers.
2019-08-29 18:45:26,980 | INFO  | SCMAudit | user=jenkins1000 | ip=192.168.36.71 | op=SEND_HEARTBEAT {datanodeUUID=8d2fcdd5-85e8-4b2b-9f3a-543e9b9f1eee, command=[]} | ret=SUCCESS |  
2019-08-29 18:45:27,055 | INFO  | SCMAudit | user=jenkins1000 | ip=192.168.36.71 | op=SEND_HEARTBEAT {datanodeUUID=5e9edd26-e879-45de-b878-753be933b27b, command=[]} | ret=SUCCESS |  
2019-08-29 18:45:27,122 | INFO  | SCMAudit | user=jenkins1000 | ip=192.168.36.71 | op=SEND_HEARTBEAT {datanodeUUID=d8c88268-1147-466c-8448-b76f760f74ad, command=[]} | ret=SUCCESS |  
2019-08-29 18:45:27,205 | INFO  | SCMAudit | user=jenkins1000 | ip=192.168.36.71 | op=SEND_HEARTBEAT {datanodeUUID=9ee09e2b-0b4d-496f-9b25-bf998639c9cd, command=[]} | ret=SUCCESS |  
2019-08-29 18:45:27,752 | INFO  | SCMAudit | user=jenkins1000 | ip=192.168.36.71 | op=SEND_HEARTBEAT {datanodeUUID=5850d459-afdb-4e89-ba28-7bb123adbf73, command=[]} | ret=SUCCESS |  
2019-08-29 18:45:27,752 | INFO  | SCMAudit | user=jenkins1000 | ip=192.168.36.71 | op=SEND_HEARTBEAT {datanodeUUID=6a6acb30-adc4-4326-af95-ea389dbc40c9, command=[]} | ret=SUCCESS |  
2019-08-29 18:45:27,899 | INFO  | SCMAudit | user=jenkins1000 | ip=192.168.36.71 | op=SEND_HEARTBEAT {datanodeUUID=f2c96b08-76b2-46f2-98cd-4144f26dc826, command=[]} | ret=SUCCESS |  
2019-08-29 18:45:27,965 [grpc-default-executor-0] INFO  client.GrpcClientProtocolClient (GrpcClientProtocolClient.java:onNext(255)) - client-8966B18487CA->9ee09e2b-0b4d-496f-9b25-bf998639c9cd: receive RaftClientReply:client-8966B18487CA->9ee09e2b-0b4d-496f-9b25-bf998639c9cd@group-1F952D049443, cid=13, FAILED org.apache.ratis.protocol.NotLeaderException: Server 9ee09e2b-0b4d-496f-9b25-bf998639c9cd is not the leader (null). Request must be sent to leader., logIndex=0, commits[9ee09e2b-0b4d-496f-9b25-bf998639c9cd:c-1]
2019-08-29 18:45:27,980 | INFO  | SCMAudit | user=jenkins1000 | ip=192.168.36.71 | op=SEND_HEARTBEAT {datanodeUUID=8d2fcdd5-85e8-4b2b-9f3a-543e9b9f1eee, command=[]} | ret=SUCCESS |  
2019-08-29 18:45:28,064 | INFO  | SCMAudit | user=jenkins1000 | ip=192.168.36.71 | op=SEND_HEARTBEAT {datanodeUUID=5e9edd26-e879-45de-b878-753be933b27b, command=[]} | ret=SUCCESS |  
2019-08-29 18:45:28,121 | INFO  | SCMAudit | user=jenkins1000 | ip=192.168.36.71 | op=SEND_HEARTBEAT {datanodeUUID=d8c88268-1147-466c-8448-b76f760f74ad, command=[]} | ret=SUCCESS |  
2019-08-29 18:45:28,202 | INFO  | SCMAudit | user=jenkins1000 | ip=192.168.36.71 | op=SEND_HEARTBEAT {datanodeUUID=9ee09e2b-0b4d-496f-9b25-bf998639c9cd, command=[]} | ret=SUCCESS |  
2019-08-29 18:45:28,750 | INFO  | SCMAudit | user=jenkins1000 | ip=192.168.36.71 | op=SEND_HEARTBEAT {datanodeUUID=5850d459-afdb-4e89-ba28-7bb123adbf73, command=[]} | ret=SUCCESS |  
2019-08-29 18:45:28,750 | INFO  | SCMAudit | user=jenkins1000 | ip=192.168.36.71 | op=SEND_HEARTBEAT {datanodeUUID=6a6acb30-adc4-4326-af95-ea389dbc40c9, command=[]} | ret=SUCCESS |  
2019-08-29 18:45:28,895 | INFO  | SCMAudit | user=jenkins1000 | ip=192.168.36.71 | op=SEND_HEARTBEAT {datanodeUUID=f2c96b08-76b2-46f2-98cd-4144f26dc826, command=[]} | ret=SUCCESS |  
2019-08-29 18:45:28,978 | INFO  | SCMAudit | user=jenkins1000 | ip=192.168.36.71 | op=SEND_HEARTBEAT {datanodeUUID=8d2fcdd5-85e8-4b2b-9f3a-543e9b9f1eee, command=[]} | ret=SUCCESS |  
2019-08-29 18:45:29,007 [grpc-default-executor-1] INFO  client.GrpcClientProtocolClient (GrpcClientProtocolClient.java:onNext(255)) - client-8966B18487CA->f2c96b08-76b2-46f2-98cd-4144f26dc826: receive RaftClientReply:client-8966B18487CA->f2c96b08-76b2-46f2-98cd-4144f26dc826@group-1F952D049443, cid=13, FAILED org.apache.ratis.protocol.NotLeaderException: Server f2c96b08-76b2-46f2-98cd-4144f26dc826 is not the leader (null). Request must be sent to leader., logIndex=0, commits[f2c96b08-76b2-46f2-98cd-4144f26dc826:c-1]
2019-08-29 18:45:29,052 | INFO  | SCMAudit | user=jenkins1000 | ip=192.168.36.71 | op=SEND_HEARTBEAT {datanodeUUID=5e9edd26-e879-45de-b878-753be933b27b, command=[]} | ret=SUCCESS |  
2019-08-29 18:45:29,121 | INFO  | SCMAudit | user=jenkins1000 | ip=192.168.36.71 | op=SEND_HEARTBEAT {datanodeUUID=d8c88268-1147-466c-8448-b76f760f74ad, command=[]} | ret=SUCCESS |  
2019-08-29 18:45:29,203 | INFO  | SCMAudit | user=jenkins1000 | ip=192.168.36.71 | op=SEND_HEARTBEAT {datanodeUUID=9ee09e2b-0b4d-496f-9b25-bf998639c9cd, command=[]} | ret=SUCCESS |  
2019-08-29 18:45:29,750 | INFO  | SCMAudit | user=jenkins1000 | ip=192.168.36.71 | op=SEND_HEARTBEAT {datanodeUUID=5850d459-afdb-4e89-ba28-7bb123adbf73, command=[]} | ret=SUCCESS |  
2019-08-29 18:45:29,750 | INFO  | SCMAudit | user=jenkins1000 | ip=192.168.36.71 | op=SEND_HEARTBEAT {datanodeUUID=6a6acb30-adc4-4326-af95-ea389dbc40c9, command=[]} | ret=SUCCESS |  
2019-08-29 18:45:29,834 [Thread-239] INFO  impl.FollowerState (FollowerState.java:run(106)) - f2c96b08-76b2-46f2-98cd-4144f26dc826:group-69AC83A14AEE changes to CANDIDATE, lastRpcTime:5160, electionTimeout:5159ms
2019-08-29 18:45:29,838 [Thread-239] INFO  impl.RoleInfo (RoleInfo.java:shutdownFollowerState(121)) - f2c96b08-76b2-46f2-98cd-4144f26dc826: shutdown FollowerState
2019-08-29 18:45:29,838 [Thread-239] INFO  impl.RaftServerImpl (RaftServerImpl.java:setRole(171)) - f2c96b08-76b2-46f2-98cd-4144f26dc826:group-69AC83A14AEE changes role from FOLLOWER to CANDIDATE at term 0 for changeToCandidate
2019-08-29 18:45:29,845 [Thread-239] INFO  impl.RoleInfo (RoleInfo.java:updateAndGet(143)) - f2c96b08-76b2-46f2-98cd-4144f26dc826: start LeaderElection
2019-08-29 18:45:29,865 [f2c96b08-76b2-46f2-98cd-4144f26dc826:group-69AC83A14AEE:LeaderElection1] INFO  impl.LeaderElection (LeaderElection.java:askForVotes(181)) - f2c96b08-76b2-46f2-98cd-4144f26dc826:group-69AC83A14AEE:LeaderElection1: begin an election at term 1 for -1: [f2c96b08-76b2-46f2-98cd-4144f26dc826:192.168.36.71:38775], old=null
2019-08-29 18:45:29,872 [f2c96b08-76b2-46f2-98cd-4144f26dc826:group-69AC83A14AEE:LeaderElection1] INFO  impl.RoleInfo (RoleInfo.java:shutdownLeaderElection(134)) - f2c96b08-76b2-46f2-98cd-4144f26dc826: shutdown LeaderElection
2019-08-29 18:45:29,872 [f2c96b08-76b2-46f2-98cd-4144f26dc826:group-69AC83A14AEE:LeaderElection1] INFO  impl.RaftServerImpl (RaftServerImpl.java:setRole(171)) - f2c96b08-76b2-46f2-98cd-4144f26dc826:group-69AC83A14AEE changes role from CANDIDATE to LEADER at term 1 for changeToLeader
2019-08-29 18:45:29,873 [f2c96b08-76b2-46f2-98cd-4144f26dc826:group-69AC83A14AEE:LeaderElection1] INFO  impl.RaftServerImpl (ServerState.java:setLeader(263)) - f2c96b08-76b2-46f2-98cd-4144f26dc826:group-69AC83A14AEE change Leader from null to f2c96b08-76b2-46f2-98cd-4144f26dc826 at term 1 for becomeLeader, leader elected after 5277ms
2019-08-29 18:45:29,881 [f2c96b08-76b2-46f2-98cd-4144f26dc826:group-69AC83A14AEE:LeaderElection1] INFO  server.RaftServerConfigKeys (ConfUtils.java:logGet(43)) - raft.server.staging.catchup.gap = 1000 (default)
2019-08-29 18:45:29,881 [f2c96b08-76b2-46f2-98cd-4144f26dc826:group-69AC83A14AEE:LeaderElection1] INFO  server.RaftServerConfigKeys (ConfUtils.java:logGet(43)) - raft.server.rpc.sleep.time = 25ms (default)
2019-08-29 18:45:29,884 [f2c96b08-76b2-46f2-98cd-4144f26dc826:group-69AC83A14AEE:LeaderElection1] INFO  server.RaftServerConfigKeys (ConfUtils.java:logGet(43)) - raft.server.write.element-limit = 4096 (default)
2019-08-29 18:45:29,887 [f2c96b08-76b2-46f2-98cd-4144f26dc826:group-69AC83A14AEE:LeaderElection1] INFO  server.RaftServerConfigKeys (ConfUtils.java:logGet(43)) - raft.server.watch.timeout = 10s (default)
2019-08-29 18:45:29,887 [f2c96b08-76b2-46f2-98cd-4144f26dc826:group-69AC83A14AEE:LeaderElection1] INFO  server.RaftServerConfigKeys (ConfUtils.java:logGet(43)) - raft.server.watch.timeout.denomination = 1s (default)
2019-08-29 18:45:29,888 [f2c96b08-76b2-46f2-98cd-4144f26dc826:group-69AC83A14AEE:LeaderElection1] INFO  server.RaftServerConfigKeys (ConfUtils.java:logGet(43)) - raft.server.watch.element-limit = 65536 (default)
2019-08-29 18:45:29,896 | INFO  | SCMAudit | user=jenkins1000 | ip=192.168.36.71 | op=SEND_HEARTBEAT {datanodeUUID=f2c96b08-76b2-46f2-98cd-4144f26dc826, command=[]} | ret=SUCCESS |  
2019-08-29 18:45:29,899 [f2c96b08-76b2-46f2-98cd-4144f26dc826:group-69AC83A14AEE:LeaderElection1] INFO  impl.RoleInfo (RoleInfo.java:updateAndGet(143)) - f2c96b08-76b2-46f2-98cd-4144f26dc826: start LeaderState
2019-08-29 18:45:29,932 [f2c96b08-76b2-46f2-98cd-4144f26dc826:group-69AC83A14AEE:LeaderElection1] INFO  segmented.SegmentedRaftLogWorker (SegmentedRaftLogWorker.java:startLogSegment(380)) - f2c96b08-76b2-46f2-98cd-4144f26dc826-SegmentedRaftLogWorker:Storage Directory /workdir/hadoop-ozone/integration-test/target/test-dir/MiniOzoneClusterImpl-8c688366-329c-437c-96af-5eb13fe36e17/datanode-0/data/ratis/a401026d-535f-472e-94cd-69ac83a14aee: Starting segment from index:0
2019-08-29 18:45:29,941 [Thread-242] INFO  impl.FollowerState (FollowerState.java:run(106)) - 6a6acb30-adc4-4326-af95-ea389dbc40c9:group-9BB908A173EB changes to CANDIDATE, lastRpcTime:5008, electionTimeout:5007ms
2019-08-29 18:45:29,943 [Thread-242] INFO  impl.RoleInfo (RoleInfo.java:shutdownFollowerState(121)) - 6a6acb30-adc4-4326-af95-ea389dbc40c9: shutdown FollowerState
2019-08-29 18:45:29,943 [Thread-242] INFO  impl.RaftServerImpl (RaftServerImpl.java:setRole(171)) - 6a6acb30-adc4-4326-af95-ea389dbc40c9:group-9BB908A173EB changes role from FOLLOWER to CANDIDATE at term 0 for changeToCandidate
2019-08-29 18:45:29,944 [Thread-242] INFO  impl.RoleInfo (RoleInfo.java:updateAndGet(143)) - 6a6acb30-adc4-4326-af95-ea389dbc40c9: start LeaderElection
2019-08-29 18:45:29,950 [f2c96b08-76b2-46f2-98cd-4144f26dc826:group-69AC83A14AEE:LeaderElection1] INFO  impl.RaftServerImpl (ServerState.java:setRaftConf(361)) - f2c96b08-76b2-46f2-98cd-4144f26dc826:group-69AC83A14AEE set configuration 0: [f2c96b08-76b2-46f2-98cd-4144f26dc826:192.168.36.71:38775], old=null at 0
2019-08-29 18:45:29,962 [6a6acb30-adc4-4326-af95-ea389dbc40c9:group-9BB908A173EB:LeaderElection2] INFO  impl.LeaderElection (LeaderElection.java:askForVotes(181)) - 6a6acb30-adc4-4326-af95-ea389dbc40c9:group-9BB908A173EB:LeaderElection2: begin an election at term 1 for -1: [6a6acb30-adc4-4326-af95-ea389dbc40c9:192.168.36.71:44720], old=null
2019-08-29 18:45:29,964 [6a6acb30-adc4-4326-af95-ea389dbc40c9:group-9BB908A173EB:LeaderElection2] INFO  impl.RoleInfo (RoleInfo.java:shutdownLeaderElection(134)) - 6a6acb30-adc4-4326-af95-ea389dbc40c9: shutdown LeaderElection
2019-08-29 18:45:29,964 [6a6acb30-adc4-4326-af95-ea389dbc40c9:group-9BB908A173EB:LeaderElection2] INFO  impl.RaftServerImpl (RaftServerImpl.java:setRole(171)) - 6a6acb30-adc4-4326-af95-ea389dbc40c9:group-9BB908A173EB changes role from CANDIDATE to LEADER at term 1 for changeToLeader
2019-08-29 18:45:29,964 [6a6acb30-adc4-4326-af95-ea389dbc40c9:group-9BB908A173EB:LeaderElection2] INFO  impl.RaftServerImpl (ServerState.java:setLeader(263)) - 6a6acb30-adc4-4326-af95-ea389dbc40c9:group-9BB908A173EB change Leader from null to 6a6acb30-adc4-4326-af95-ea389dbc40c9 at term 1 for becomeLeader, leader elected after 5040ms
2019-08-29 18:45:29,966 [6a6acb30-adc4-4326-af95-ea389dbc40c9:group-9BB908A173EB:LeaderElection2] INFO  server.RaftServerConfigKeys (ConfUtils.java:logGet(43)) - raft.server.staging.catchup.gap = 1000 (default)
2019-08-29 18:45:29,966 [6a6acb30-adc4-4326-af95-ea389dbc40c9:group-9BB908A173EB:LeaderElection2] INFO  server.RaftServerConfigKeys (ConfUtils.java:logGet(43)) - raft.server.rpc.sleep.time = 25ms (default)
2019-08-29 18:45:29,966 [6a6acb30-adc4-4326-af95-ea389dbc40c9:group-9BB908A173EB:LeaderElection2] INFO  server.RaftServerConfigKeys (ConfUtils.java:logGet(43)) - raft.server.write.element-limit = 4096 (default)
2019-08-29 18:45:29,966 [6a6acb30-adc4-4326-af95-ea389dbc40c9:group-9BB908A173EB:LeaderElection2] INFO  server.RaftServerConfigKeys (ConfUtils.java:logGet(43)) - raft.server.watch.timeout = 10s (default)
2019-08-29 18:45:29,967 [6a6acb30-adc4-4326-af95-ea389dbc40c9:group-9BB908A173EB:LeaderElection2] INFO  server.RaftServerConfigKeys (ConfUtils.java:logGet(43)) - raft.server.watch.timeout.denomination = 1s (default)
2019-08-29 18:45:29,967 [6a6acb30-adc4-4326-af95-ea389dbc40c9:group-9BB908A173EB:LeaderElection2] INFO  server.RaftServerConfigKeys (ConfUtils.java:logGet(43)) - raft.server.watch.element-limit = 65536 (default)
2019-08-29 18:45:29,967 [6a6acb30-adc4-4326-af95-ea389dbc40c9:group-9BB908A173EB:LeaderElection2] INFO  impl.RoleInfo (RoleInfo.java:updateAndGet(143)) - 6a6acb30-adc4-4326-af95-ea389dbc40c9: start LeaderState
2019-08-29 18:45:29,967 [6a6acb30-adc4-4326-af95-ea389dbc40c9:group-9BB908A173EB:LeaderElection2] INFO  segmented.SegmentedRaftLogWorker (SegmentedRaftLogWorker.java:startLogSegment(380)) - 6a6acb30-adc4-4326-af95-ea389dbc40c9-SegmentedRaftLogWorker:Storage Directory /workdir/hadoop-ozone/integration-test/target/test-dir/MiniOzoneClusterImpl-8c688366-329c-437c-96af-5eb13fe36e17/datanode-6/data/ratis/9e3920c9-5287-4688-8ed4-9bb908a173eb: Starting segment from index:0
2019-08-29 18:45:29,968 [6a6acb30-adc4-4326-af95-ea389dbc40c9:group-9BB908A173EB:LeaderElection2] INFO  impl.RaftServerImpl (ServerState.java:setRaftConf(361)) - 6a6acb30-adc4-4326-af95-ea389dbc40c9:group-9BB908A173EB set configuration 0: [6a6acb30-adc4-4326-af95-ea389dbc40c9:192.168.36.71:44720], old=null at 0
2019-08-29 18:45:29,979 | INFO  | SCMAudit | user=jenkins1000 | ip=192.168.36.71 | op=SEND_HEARTBEAT {datanodeUUID=8d2fcdd5-85e8-4b2b-9f3a-543e9b9f1eee, command=[]} | ret=SUCCESS |  
2019-08-29 18:45:30,052 | INFO  | SCMAudit | user=jenkins1000 | ip=192.168.36.71 | op=SEND_HEARTBEAT {datanodeUUID=5e9edd26-e879-45de-b878-753be933b27b, command=[]} | ret=SUCCESS |  
2019-08-29 18:45:30,072 [grpc-default-executor-1] INFO  client.GrpcClientProtocolClient (GrpcClientProtocolClient.java:onNext(255)) - client-8966B18487CA->6a6acb30-adc4-4326-af95-ea389dbc40c9: receive RaftClientReply:client-8966B18487CA->6a6acb30-adc4-4326-af95-ea389dbc40c9@group-1F952D049443, cid=13, FAILED org.apache.ratis.protocol.NotLeaderException: Server 6a6acb30-adc4-4326-af95-ea389dbc40c9 is not the leader (null). Request must be sent to leader., logIndex=0, commits[6a6acb30-adc4-4326-af95-ea389dbc40c9:c-1]
2019-08-29 18:45:30,120 | INFO  | SCMAudit | user=jenkins1000 | ip=192.168.36.71 | op=SEND_HEARTBEAT {datanodeUUID=d8c88268-1147-466c-8448-b76f760f74ad, command=[]} | ret=SUCCESS |  
2019-08-29 18:45:30,154 [f2c96b08-76b2-46f2-98cd-4144f26dc826-SegmentedRaftLogWorker:Storage Directory /workdir/hadoop-ozone/integration-test/target/test-dir/MiniOzoneClusterImpl-8c688366-329c-437c-96af-5eb13fe36e17/datanode-0/data/ratis/a401026d-535f-472e-94cd-69ac83a14aee] INFO  segmented.SegmentedRaftLogWorker (SegmentedRaftLogWorker.java:execute(569)) - f2c96b08-76b2-46f2-98cd-4144f26dc826-SegmentedRaftLogWorker:Storage Directory /workdir/hadoop-ozone/integration-test/target/test-dir/MiniOzoneClusterImpl-8c688366-329c-437c-96af-5eb13fe36e17/datanode-0/data/ratis/a401026d-535f-472e-94cd-69ac83a14aee: created new log segment /workdir/hadoop-ozone/integration-test/target/test-dir/MiniOzoneClusterImpl-8c688366-329c-437c-96af-5eb13fe36e17/datanode-0/data/ratis/a401026d-535f-472e-94cd-69ac83a14aee/current/log_inprogress_0
2019-08-29 18:45:30,154 [6a6acb30-adc4-4326-af95-ea389dbc40c9-SegmentedRaftLogWorker:Storage Directory /workdir/hadoop-ozone/integration-test/target/test-dir/MiniOzoneClusterImpl-8c688366-329c-437c-96af-5eb13fe36e17/datanode-6/data/ratis/9e3920c9-5287-4688-8ed4-9bb908a173eb] INFO  segmented.SegmentedRaftLogWorker (SegmentedRaftLogWorker.java:execute(569)) - 6a6acb30-adc4-4326-af95-ea389dbc40c9-SegmentedRaftLogWorker:Storage Directory /workdir/hadoop-ozone/integration-test/target/test-dir/MiniOzoneClusterImpl-8c688366-329c-437c-96af-5eb13fe36e17/datanode-6/data/ratis/9e3920c9-5287-4688-8ed4-9bb908a173eb: created new log segment /workdir/hadoop-ozone/integration-test/target/test-dir/MiniOzoneClusterImpl-8c688366-329c-437c-96af-5eb13fe36e17/datanode-6/data/ratis/9e3920c9-5287-4688-8ed4-9bb908a173eb/current/log_inprogress_0
2019-08-29 18:45:30,203 | INFO  | SCMAudit | user=jenkins1000 | ip=192.168.36.71 | op=SEND_HEARTBEAT {datanodeUUID=9ee09e2b-0b4d-496f-9b25-bf998639c9cd, command=[]} | ret=SUCCESS |  
2019-08-29 18:45:30,210 [Thread-245] INFO  impl.FollowerState (FollowerState.java:run(106)) - 9ee09e2b-0b4d-496f-9b25-bf998639c9cd:group-C71F8C71C1F3 changes to CANDIDATE, lastRpcTime:5180, electionTimeout:5180ms
2019-08-29 18:45:30,218 [Thread-245] INFO  impl.RoleInfo (RoleInfo.java:shutdownFollowerState(121)) - 9ee09e2b-0b4d-496f-9b25-bf998639c9cd: shutdown FollowerState
2019-08-29 18:45:30,218 [Thread-245] INFO  impl.RaftServerImpl (RaftServerImpl.java:setRole(171)) - 9ee09e2b-0b4d-496f-9b25-bf998639c9cd:group-C71F8C71C1F3 changes role from FOLLOWER to CANDIDATE at term 0 for changeToCandidate
2019-08-29 18:45:30,219 [Thread-245] INFO  impl.RoleInfo (RoleInfo.java:updateAndGet(143)) - 9ee09e2b-0b4d-496f-9b25-bf998639c9cd: start LeaderElection
2019-08-29 18:45:30,237 [9ee09e2b-0b4d-496f-9b25-bf998639c9cd:group-C71F8C71C1F3:LeaderElection3] INFO  impl.LeaderElection (LeaderElection.java:askForVotes(181)) - 9ee09e2b-0b4d-496f-9b25-bf998639c9cd:group-C71F8C71C1F3:LeaderElection3: begin an election at term 1 for -1: [9ee09e2b-0b4d-496f-9b25-bf998639c9cd:192.168.36.71:45985], old=null
2019-08-29 18:45:30,239 [9ee09e2b-0b4d-496f-9b25-bf998639c9cd:group-C71F8C71C1F3:LeaderElection3] INFO  impl.RoleInfo (RoleInfo.java:shutdownLeaderElection(134)) - 9ee09e2b-0b4d-496f-9b25-bf998639c9cd: shutdown LeaderElection
2019-08-29 18:45:30,239 [9ee09e2b-0b4d-496f-9b25-bf998639c9cd:group-C71F8C71C1F3:LeaderElection3] INFO  impl.RaftServerImpl (RaftServerImpl.java:setRole(171)) - 9ee09e2b-0b4d-496f-9b25-bf998639c9cd:group-C71F8C71C1F3 changes role from CANDIDATE to LEADER at term 1 for changeToLeader
2019-08-29 18:45:30,239 [9ee09e2b-0b4d-496f-9b25-bf998639c9cd:group-C71F8C71C1F3:LeaderElection3] INFO  impl.RaftServerImpl (ServerState.java:setLeader(263)) - 9ee09e2b-0b4d-496f-9b25-bf998639c9cd:group-C71F8C71C1F3 change Leader from null to 9ee09e2b-0b4d-496f-9b25-bf998639c9cd at term 1 for becomeLeader, leader elected after 5214ms
2019-08-29 18:45:30,240 [9ee09e2b-0b4d-496f-9b25-bf998639c9cd:group-C71F8C71C1F3:LeaderElection3] INFO  server.RaftServerConfigKeys (ConfUtils.java:logGet(43)) - raft.server.staging.catchup.gap = 1000 (default)
2019-08-29 18:45:30,241 [9ee09e2b-0b4d-496f-9b25-bf998639c9cd:group-C71F8C71C1F3:LeaderElection3] INFO  server.RaftServerConfigKeys (ConfUtils.java:logGet(43)) - raft.server.rpc.sleep.time = 25ms (default)
2019-08-29 18:45:30,241 [9ee09e2b-0b4d-496f-9b25-bf998639c9cd:group-C71F8C71C1F3:LeaderElection3] INFO  server.RaftServerConfigKeys (ConfUtils.java:logGet(43)) - raft.server.write.element-limit = 4096 (default)
2019-08-29 18:45:30,241 [9ee09e2b-0b4d-496f-9b25-bf998639c9cd:group-C71F8C71C1F3:LeaderElection3] INFO  server.RaftServerConfigKeys (ConfUtils.java:logGet(43)) - raft.server.watch.timeout = 10s (default)
2019-08-29 18:45:30,241 [9ee09e2b-0b4d-496f-9b25-bf998639c9cd:group-C71F8C71C1F3:LeaderElection3] INFO  server.RaftServerConfigKeys (ConfUtils.java:logGet(43)) - raft.server.watch.timeout.denomination = 1s (default)
2019-08-29 18:45:30,241 [9ee09e2b-0b4d-496f-9b25-bf998639c9cd:group-C71F8C71C1F3:LeaderElection3] INFO  server.RaftServerConfigKeys (ConfUtils.java:logGet(43)) - raft.server.watch.element-limit = 65536 (default)
2019-08-29 18:45:30,242 [9ee09e2b-0b4d-496f-9b25-bf998639c9cd:group-C71F8C71C1F3:LeaderElection3] INFO  impl.RoleInfo (RoleInfo.java:updateAndGet(143)) - 9ee09e2b-0b4d-496f-9b25-bf998639c9cd: start LeaderState
2019-08-29 18:45:30,242 [9ee09e2b-0b4d-496f-9b25-bf998639c9cd:group-C71F8C71C1F3:LeaderElection3] INFO  segmented.SegmentedRaftLogWorker (SegmentedRaftLogWorker.java:startLogSegment(380)) - 9ee09e2b-0b4d-496f-9b25-bf998639c9cd-SegmentedRaftLogWorker:Storage Directory /workdir/hadoop-ozone/integration-test/target/test-dir/MiniOzoneClusterImpl-8c688366-329c-437c-96af-5eb13fe36e17/datanode-4/data/ratis/3038b49d-beb9-4942-8af6-c71f8c71c1f3: Starting segment from index:0
2019-08-29 18:45:30,242 [9ee09e2b-0b4d-496f-9b25-bf998639c9cd:group-C71F8C71C1F3:LeaderElection3] INFO  impl.RaftServerImpl (ServerState.java:setRaftConf(361)) - 9ee09e2b-0b4d-496f-9b25-bf998639c9cd:group-C71F8C71C1F3 set configuration 0: [9ee09e2b-0b4d-496f-9b25-bf998639c9cd:192.168.36.71:45985], old=null at 0
2019-08-29 18:45:30,288 [9ee09e2b-0b4d-496f-9b25-bf998639c9cd-SegmentedRaftLogWorker:Storage Directory /workdir/hadoop-ozone/integration-test/target/test-dir/MiniOzoneClusterImpl-8c688366-329c-437c-96af-5eb13fe36e17/datanode-4/data/ratis/3038b49d-beb9-4942-8af6-c71f8c71c1f3] INFO  segmented.SegmentedRaftLogWorker (SegmentedRaftLogWorker.java:execute(569)) - 9ee09e2b-0b4d-496f-9b25-bf998639c9cd-SegmentedRaftLogWorker:Storage Directory /workdir/hadoop-ozone/integration-test/target/test-dir/MiniOzoneClusterImpl-8c688366-329c-437c-96af-5eb13fe36e17/datanode-4/data/ratis/3038b49d-beb9-4942-8af6-c71f8c71c1f3: created new log segment /workdir/hadoop-ozone/integration-test/target/test-dir/MiniOzoneClusterImpl-8c688366-329c-437c-96af-5eb13fe36e17/datanode-4/data/ratis/3038b49d-beb9-4942-8af6-c71f8c71c1f3/current/log_inprogress_0
2019-08-29 18:45:30,303 [Thread-248] INFO  impl.FollowerState (FollowerState.java:run(106)) - 5e9edd26-e879-45de-b878-753be933b27b:group-EB254DFDBFC5 changes to CANDIDATE, lastRpcTime:5189, electionTimeout:5189ms
2019-08-29 18:45:30,303 [Thread-248] INFO  impl.RoleInfo (RoleInfo.java:shutdownFollowerState(121)) - 5e9edd26-e879-45de-b878-753be933b27b: shutdown FollowerState
2019-08-29 18:45:30,303 [Thread-248] INFO  impl.RaftServerImpl (RaftServerImpl.java:setRole(171)) - 5e9edd26-e879-45de-b878-753be933b27b:group-EB254DFDBFC5 changes role from FOLLOWER to CANDIDATE at term 0 for changeToCandidate
2019-08-29 18:45:30,304 [Thread-248] INFO  impl.RoleInfo (RoleInfo.java:updateAndGet(143)) - 5e9edd26-e879-45de-b878-753be933b27b: start LeaderElection
2019-08-29 18:45:30,323 [5e9edd26-e879-45de-b878-753be933b27b:group-EB254DFDBFC5:LeaderElection4] INFO  impl.LeaderElection (LeaderElection.java:askForVotes(181)) - 5e9edd26-e879-45de-b878-753be933b27b:group-EB254DFDBFC5:LeaderElection4: begin an election at term 1 for -1: [5e9edd26-e879-45de-b878-753be933b27b:192.168.36.71:33389], old=null
2019-08-29 18:45:30,324 [5e9edd26-e879-45de-b878-753be933b27b:group-EB254DFDBFC5:LeaderElection4] INFO  impl.RoleInfo (RoleInfo.java:shutdownLeaderElection(134)) - 5e9edd26-e879-45de-b878-753be933b27b: shutdown LeaderElection
2019-08-29 18:45:30,325 [5e9edd26-e879-45de-b878-753be933b27b:group-EB254DFDBFC5:LeaderElection4] INFO  impl.RaftServerImpl (RaftServerImpl.java:setRole(171)) - 5e9edd26-e879-45de-b878-753be933b27b:group-EB254DFDBFC5 changes role from CANDIDATE to LEADER at term 1 for changeToLeader
2019-08-29 18:45:30,325 [5e9edd26-e879-45de-b878-753be933b27b:group-EB254DFDBFC5:LeaderElection4] INFO  impl.RaftServerImpl (ServerState.java:setLeader(263)) - 5e9edd26-e879-45de-b878-753be933b27b:group-EB254DFDBFC5 change Leader from null to 5e9edd26-e879-45de-b878-753be933b27b at term 1 for becomeLeader, leader elected after 5215ms
2019-08-29 18:45:30,326 [5e9edd26-e879-45de-b878-753be933b27b:group-EB254DFDBFC5:LeaderElection4] INFO  server.RaftServerConfigKeys (ConfUtils.java:logGet(43)) - raft.server.staging.catchup.gap = 1000 (default)
2019-08-29 18:45:30,327 [5e9edd26-e879-45de-b878-753be933b27b:group-EB254DFDBFC5:LeaderElection4] INFO  server.RaftServerConfigKeys (ConfUtils.java:logGet(43)) - raft.server.rpc.sleep.time = 25ms (default)
2019-08-29 18:45:30,327 [5e9edd26-e879-45de-b878-753be933b27b:group-EB254DFDBFC5:LeaderElection4] INFO  server.RaftServerConfigKeys (ConfUtils.java:logGet(43)) - raft.server.write.element-limit = 4096 (default)
2019-08-29 18:45:30,327 [5e9edd26-e879-45de-b878-753be933b27b:group-EB254DFDBFC5:LeaderElection4] INFO  server.RaftServerConfigKeys (ConfUtils.java:logGet(43)) - raft.server.watch.timeout = 10s (default)
2019-08-29 18:45:30,328 [5e9edd26-e879-45de-b878-753be933b27b:group-EB254DFDBFC5:LeaderElection4] INFO  server.RaftServerConfigKeys (ConfUtils.java:logGet(43)) - raft.server.watch.timeout.denomination = 1s (default)
2019-08-29 18:45:30,328 [5e9edd26-e879-45de-b878-753be933b27b:group-EB254DFDBFC5:LeaderElection4] INFO  server.RaftServerConfigKeys (ConfUtils.java:logGet(43)) - raft.server.watch.element-limit = 65536 (default)
2019-08-29 18:45:30,328 [5e9edd26-e879-45de-b878-753be933b27b:group-EB254DFDBFC5:LeaderElection4] INFO  impl.RoleInfo (RoleInfo.java:updateAndGet(143)) - 5e9edd26-e879-45de-b878-753be933b27b: start LeaderState
2019-08-29 18:45:30,329 [Thread-251] INFO  impl.FollowerState (FollowerState.java:run(106)) - 8d2fcdd5-85e8-4b2b-9f3a-543e9b9f1eee:group-F0116A3734D0 changes to CANDIDATE, lastRpcTime:5139, electionTimeout:5139ms
2019-08-29 18:45:30,329 [5e9edd26-e879-45de-b878-753be933b27b:group-EB254DFDBFC5:LeaderElection4] INFO  segmented.SegmentedRaftLogWorker (SegmentedRaftLogWorker.java:startLogSegment(380)) - 5e9edd26-e879-45de-b878-753be933b27b-SegmentedRaftLogWorker:Storage Directory /workdir/hadoop-ozone/integration-test/target/test-dir/MiniOzoneClusterImpl-8c688366-329c-437c-96af-5eb13fe36e17/datanode-2/data/ratis/d3530d24-af2e-48c6-b428-eb254dfdbfc5: Starting segment from index:0
2019-08-29 18:45:30,329 [Thread-251] INFO  impl.RoleInfo (RoleInfo.java:shutdownFollowerState(121)) - 8d2fcdd5-85e8-4b2b-9f3a-543e9b9f1eee: shutdown FollowerState
2019-08-29 18:45:30,329 [Thread-251] INFO  impl.RaftServerImpl (RaftServerImpl.java:setRole(171)) - 8d2fcdd5-85e8-4b2b-9f3a-543e9b9f1eee:group-F0116A3734D0 changes role from FOLLOWER to CANDIDATE at term 0 for changeToCandidate
2019-08-29 18:45:30,329 [Thread-251] INFO  impl.RoleInfo (RoleInfo.java:updateAndGet(143)) - 8d2fcdd5-85e8-4b2b-9f3a-543e9b9f1eee: start LeaderElection
2019-08-29 18:45:30,329 [5e9edd26-e879-45de-b878-753be933b27b:group-EB254DFDBFC5:LeaderElection4] INFO  impl.RaftServerImpl (ServerState.java:setRaftConf(361)) - 5e9edd26-e879-45de-b878-753be933b27b:group-EB254DFDBFC5 set configuration 0: [5e9edd26-e879-45de-b878-753be933b27b:192.168.36.71:33389], old=null at 0
2019-08-29 18:45:30,378 [5e9edd26-e879-45de-b878-753be933b27b-SegmentedRaftLogWorker:Storage Directory /workdir/hadoop-ozone/integration-test/target/test-dir/MiniOzoneClusterImpl-8c688366-329c-437c-96af-5eb13fe36e17/datanode-2/data/ratis/d3530d24-af2e-48c6-b428-eb254dfdbfc5] INFO  segmented.SegmentedRaftLogWorker (SegmentedRaftLogWorker.java:execute(569)) - 5e9edd26-e879-45de-b878-753be933b27b-SegmentedRaftLogWorker:Storage Directory /workdir/hadoop-ozone/integration-test/target/test-dir/MiniOzoneClusterImpl-8c688366-329c-437c-96af-5eb13fe36e17/datanode-2/data/ratis/d3530d24-af2e-48c6-b428-eb254dfdbfc5: created new log segment /workdir/hadoop-ozone/integration-test/target/test-dir/MiniOzoneClusterImpl-8c688366-329c-437c-96af-5eb13fe36e17/datanode-2/data/ratis/d3530d24-af2e-48c6-b428-eb254dfdbfc5/current/log_inprogress_0
2019-08-29 18:45:30,378 [8d2fcdd5-85e8-4b2b-9f3a-543e9b9f1eee:group-F0116A3734D0:LeaderElection5] INFO  impl.LeaderElection (LeaderElection.java:askForVotes(181)) - 8d2fcdd5-85e8-4b2b-9f3a-543e9b9f1eee:group-F0116A3734D0:LeaderElection5: begin an election at term 1 for -1: [8d2fcdd5-85e8-4b2b-9f3a-543e9b9f1eee:192.168.36.71:42380], old=null
2019-08-29 18:45:30,378 [8d2fcdd5-85e8-4b2b-9f3a-543e9b9f1eee:group-F0116A3734D0:LeaderElection5] INFO  impl.RoleInfo (RoleInfo.java:shutdownLeaderElection(134)) - 8d2fcdd5-85e8-4b2b-9f3a-543e9b9f1eee: shutdown LeaderElection
2019-08-29 18:45:30,378 [8d2fcdd5-85e8-4b2b-9f3a-543e9b9f1eee:group-F0116A3734D0:LeaderElection5] INFO  impl.RaftServerImpl (RaftServerImpl.java:setRole(171)) - 8d2fcdd5-85e8-4b2b-9f3a-543e9b9f1eee:group-F0116A3734D0 changes role from CANDIDATE to LEADER at term 1 for changeToLeader
2019-08-29 18:45:30,378 [8d2fcdd5-85e8-4b2b-9f3a-543e9b9f1eee:group-F0116A3734D0:LeaderElection5] INFO  impl.RaftServerImpl (ServerState.java:setLeader(263)) - 8d2fcdd5-85e8-4b2b-9f3a-543e9b9f1eee:group-F0116A3734D0 change Leader from null to 8d2fcdd5-85e8-4b2b-9f3a-543e9b9f1eee at term 1 for becomeLeader, leader elected after 5194ms
2019-08-29 18:45:30,380 [8d2fcdd5-85e8-4b2b-9f3a-543e9b9f1eee:group-F0116A3734D0:LeaderElection5] INFO  server.RaftServerConfigKeys (ConfUtils.java:logGet(43)) - raft.server.staging.catchup.gap = 1000 (default)
2019-08-29 18:45:30,381 [8d2fcdd5-85e8-4b2b-9f3a-543e9b9f1eee:group-F0116A3734D0:LeaderElection5] INFO  server.RaftServerConfigKeys (ConfUtils.java:logGet(43)) - raft.server.rpc.sleep.time = 25ms (default)
2019-08-29 18:45:30,381 [8d2fcdd5-85e8-4b2b-9f3a-543e9b9f1eee:group-F0116A3734D0:LeaderElection5] INFO  server.RaftServerConfigKeys (ConfUtils.java:logGet(43)) - raft.server.write.element-limit = 4096 (default)
2019-08-29 18:45:30,381 [8d2fcdd5-85e8-4b2b-9f3a-543e9b9f1eee:group-F0116A3734D0:LeaderElection5] INFO  server.RaftServerConfigKeys (ConfUtils.java:logGet(43)) - raft.server.watch.timeout = 10s (default)
2019-08-29 18:45:30,381 [8d2fcdd5-85e8-4b2b-9f3a-543e9b9f1eee:group-F0116A3734D0:LeaderElection5] INFO  server.RaftServerConfigKeys (ConfUtils.java:logGet(43)) - raft.server.watch.timeout.denomination = 1s (default)
2019-08-29 18:45:30,381 [8d2fcdd5-85e8-4b2b-9f3a-543e9b9f1eee:group-F0116A3734D0:LeaderElection5] INFO  server.RaftServerConfigKeys (ConfUtils.java:logGet(43)) - raft.server.watch.element-limit = 65536 (default)
2019-08-29 18:45:30,382 [8d2fcdd5-85e8-4b2b-9f3a-543e9b9f1eee:group-F0116A3734D0:LeaderElection5] INFO  impl.RoleInfo (RoleInfo.java:updateAndGet(143)) - 8d2fcdd5-85e8-4b2b-9f3a-543e9b9f1eee: start LeaderState
2019-08-29 18:45:30,382 [8d2fcdd5-85e8-4b2b-9f3a-543e9b9f1eee:group-F0116A3734D0:LeaderElection5] INFO  segmented.SegmentedRaftLogWorker (SegmentedRaftLogWorker.java:startLogSegment(380)) - 8d2fcdd5-85e8-4b2b-9f3a-543e9b9f1eee-SegmentedRaftLogWorker:Storage Directory /workdir/hadoop-ozone/integration-test/target/test-dir/MiniOzoneClusterImpl-8c688366-329c-437c-96af-5eb13fe36e17/datanode-1/data/ratis/8eedf4b9-57df-4d80-8e1a-f0116a3734d0: Starting segment from index:0
2019-08-29 18:45:30,383 [8d2fcdd5-85e8-4b2b-9f3a-543e9b9f1eee:group-F0116A3734D0:LeaderElection5] INFO  impl.RaftServerImpl (ServerState.java:setRaftConf(361)) - 8d2fcdd5-85e8-4b2b-9f3a-543e9b9f1eee:group-F0116A3734D0 set configuration 0: [8d2fcdd5-85e8-4b2b-9f3a-543e9b9f1eee:192.168.36.71:42380], old=null at 0
2019-08-29 18:45:30,422 [8d2fcdd5-85e8-4b2b-9f3a-543e9b9f1eee-SegmentedRaftLogWorker:Storage Directory /workdir/hadoop-ozone/integration-test/target/test-dir/MiniOzoneClusterImpl-8c688366-329c-437c-96af-5eb13fe36e17/datanode-1/data/ratis/8eedf4b9-57df-4d80-8e1a-f0116a3734d0] INFO  segmented.SegmentedRaftLogWorker (SegmentedRaftLogWorker.java:execute(569)) - 8d2fcdd5-85e8-4b2b-9f3a-543e9b9f1eee-SegmentedRaftLogWorker:Storage Directory /workdir/hadoop-ozone/integration-test/target/test-dir/MiniOzoneClusterImpl-8c688366-329c-437c-96af-5eb13fe36e17/datanode-1/data/ratis/8eedf4b9-57df-4d80-8e1a-f0116a3734d0: created new log segment /workdir/hadoop-ozone/integration-test/target/test-dir/MiniOzoneClusterImpl-8c688366-329c-437c-96af-5eb13fe36e17/datanode-1/data/ratis/8eedf4b9-57df-4d80-8e1a-f0116a3734d0/current/log_inprogress_0
2019-08-29 18:45:30,426 [Thread-254] INFO  impl.FollowerState (FollowerState.java:run(106)) - 5850d459-afdb-4e89-ba28-7bb123adbf73:group-639DD323A855 changes to CANDIDATE, lastRpcTime:5166, electionTimeout:5166ms
2019-08-29 18:45:30,426 [Thread-254] INFO  impl.RoleInfo (RoleInfo.java:shutdownFollowerState(121)) - 5850d459-afdb-4e89-ba28-7bb123adbf73: shutdown FollowerState
2019-08-29 18:45:30,426 [Thread-254] INFO  impl.RaftServerImpl (RaftServerImpl.java:setRole(171)) - 5850d459-afdb-4e89-ba28-7bb123adbf73:group-639DD323A855 changes role from FOLLOWER to CANDIDATE at term 0 for changeToCandidate
2019-08-29 18:45:30,427 [Thread-254] INFO  impl.RoleInfo (RoleInfo.java:updateAndGet(143)) - 5850d459-afdb-4e89-ba28-7bb123adbf73: start LeaderElection
2019-08-29 18:45:30,438 [5850d459-afdb-4e89-ba28-7bb123adbf73:group-639DD323A855:LeaderElection6] INFO  impl.LeaderElection (LeaderElection.java:askForVotes(181)) - 5850d459-afdb-4e89-ba28-7bb123adbf73:group-639DD323A855:LeaderElection6: begin an election at term 1 for -1: [5850d459-afdb-4e89-ba28-7bb123adbf73:192.168.36.71:39635], old=null
2019-08-29 18:45:30,439 [5850d459-afdb-4e89-ba28-7bb123adbf73:group-639DD323A855:LeaderElection6] INFO  impl.RoleInfo (RoleInfo.java:shutdownLeaderElection(134)) - 5850d459-afdb-4e89-ba28-7bb123adbf73: shutdown LeaderElection
2019-08-29 18:45:30,440 [5850d459-afdb-4e89-ba28-7bb123adbf73:group-639DD323A855:LeaderElection6] INFO  impl.RaftServerImpl (RaftServerImpl.java:setRole(171)) - 5850d459-afdb-4e89-ba28-7bb123adbf73:group-639DD323A855 changes role from CANDIDATE to LEADER at term 1 for changeToLeader
2019-08-29 18:45:30,440 [5850d459-afdb-4e89-ba28-7bb123adbf73:group-639DD323A855:LeaderElection6] INFO  impl.RaftServerImpl (ServerState.java:setLeader(263)) - 5850d459-afdb-4e89-ba28-7bb123adbf73:group-639DD323A855 change Leader from null to 5850d459-afdb-4e89-ba28-7bb123adbf73 at term 1 for becomeLeader, leader elected after 5186ms
2019-08-29 18:45:30,442 [5850d459-afdb-4e89-ba28-7bb123adbf73:group-639DD323A855:LeaderElection6] INFO  server.RaftServerConfigKeys (ConfUtils.java:logGet(43)) - raft.server.staging.catchup.gap = 1000 (default)
2019-08-29 18:45:30,442 [5850d459-afdb-4e89-ba28-7bb123adbf73:group-639DD323A855:LeaderElection6] INFO  server.RaftServerConfigKeys (ConfUtils.java:logGet(43)) - raft.server.rpc.sleep.time = 25ms (default)
2019-08-29 18:45:30,442 [5850d459-afdb-4e89-ba28-7bb123adbf73:group-639DD323A855:LeaderElection6] INFO  server.RaftServerConfigKeys (ConfUtils.java:logGet(43)) - raft.server.write.element-limit = 4096 (default)
2019-08-29 18:45:30,442 [5850d459-afdb-4e89-ba28-7bb123adbf73:group-639DD323A855:LeaderElection6] INFO  server.RaftServerConfigKeys (ConfUtils.java:logGet(43)) - raft.server.watch.timeout = 10s (default)
2019-08-29 18:45:30,442 [5850d459-afdb-4e89-ba28-7bb123adbf73:group-639DD323A855:LeaderElection6] INFO  server.RaftServerConfigKeys (ConfUtils.java:logGet(43)) - raft.server.watch.timeout.denomination = 1s (default)
2019-08-29 18:45:30,443 [5850d459-afdb-4e89-ba28-7bb123adbf73:group-639DD323A855:LeaderElection6] INFO  server.RaftServerConfigKeys (ConfUtils.java:logGet(43)) - raft.server.watch.element-limit = 65536 (default)
2019-08-29 18:45:30,443 [5850d459-afdb-4e89-ba28-7bb123adbf73:group-639DD323A855:LeaderElection6] INFO  impl.RoleInfo (RoleInfo.java:updateAndGet(143)) - 5850d459-afdb-4e89-ba28-7bb123adbf73: start LeaderState
2019-08-29 18:45:30,443 [5850d459-afdb-4e89-ba28-7bb123adbf73:group-639DD323A855:LeaderElection6] INFO  segmented.SegmentedRaftLogWorker (SegmentedRaftLogWorker.java:startLogSegment(380)) - 5850d459-afdb-4e89-ba28-7bb123adbf73-SegmentedRaftLogWorker:Storage Directory /workdir/hadoop-ozone/integration-test/target/test-dir/MiniOzoneClusterImpl-8c688366-329c-437c-96af-5eb13fe36e17/datanode-5/data/ratis/629d0b1a-6063-4679-b598-639dd323a855: Starting segment from index:0
2019-08-29 18:45:30,444 [5850d459-afdb-4e89-ba28-7bb123adbf73:group-639DD323A855:LeaderElection6] INFO  impl.RaftServerImpl (ServerState.java:setRaftConf(361)) - 5850d459-afdb-4e89-ba28-7bb123adbf73:group-639DD323A855 set configuration 0: [5850d459-afdb-4e89-ba28-7bb123adbf73:192.168.36.71:39635], old=null at 0
2019-08-29 18:45:30,484 [5850d459-afdb-4e89-ba28-7bb123adbf73-SegmentedRaftLogWorker:Storage Directory /workdir/hadoop-ozone/integration-test/target/test-dir/MiniOzoneClusterImpl-8c688366-329c-437c-96af-5eb13fe36e17/datanode-5/data/ratis/629d0b1a-6063-4679-b598-639dd323a855] INFO  segmented.SegmentedRaftLogWorker (SegmentedRaftLogWorker.java:execute(569)) - 5850d459-afdb-4e89-ba28-7bb123adbf73-SegmentedRaftLogWorker:Storage Directory /workdir/hadoop-ozone/integration-test/target/test-dir/MiniOzoneClusterImpl-8c688366-329c-437c-96af-5eb13fe36e17/datanode-5/data/ratis/629d0b1a-6063-4679-b598-639dd323a855: created new log segment /workdir/hadoop-ozone/integration-test/target/test-dir/MiniOzoneClusterImpl-8c688366-329c-437c-96af-5eb13fe36e17/datanode-5/data/ratis/629d0b1a-6063-4679-b598-639dd323a855/current/log_inprogress_0
2019-08-29 18:45:30,524 [Thread-257] INFO  impl.FollowerState (FollowerState.java:run(106)) - d8c88268-1147-466c-8448-b76f760f74ad:group-1766DC27C131 changes to CANDIDATE, lastRpcTime:5194, electionTimeout:5194ms
2019-08-29 18:45:30,524 [Thread-257] INFO  impl.RoleInfo (RoleInfo.java:shutdownFollowerState(121)) - d8c88268-1147-466c-8448-b76f760f74ad: shutdown FollowerState
2019-08-29 18:45:30,524 [Thread-257] INFO  impl.RaftServerImpl (RaftServerImpl.java:setRole(171)) - d8c88268-1147-466c-8448-b76f760f74ad:group-1766DC27C131 changes role from FOLLOWER to CANDIDATE at term 0 for changeToCandidate
2019-08-29 18:45:30,524 [Thread-257] INFO  impl.RoleInfo (RoleInfo.java:updateAndGet(143)) - d8c88268-1147-466c-8448-b76f760f74ad: start LeaderElection
2019-08-29 18:45:30,544 [d8c88268-1147-466c-8448-b76f760f74ad:group-1766DC27C131:LeaderElection7] INFO  impl.LeaderElection (LeaderElection.java:askForVotes(181)) - d8c88268-1147-466c-8448-b76f760f74ad:group-1766DC27C131:LeaderElection7: begin an election at term 1 for -1: [d8c88268-1147-466c-8448-b76f760f74ad:192.168.36.71:43417], old=null
2019-08-29 18:45:30,546 [d8c88268-1147-466c-8448-b76f760f74ad:group-1766DC27C131:LeaderElection7] INFO  impl.RoleInfo (RoleInfo.java:shutdownLeaderElection(134)) - d8c88268-1147-466c-8448-b76f760f74ad: shutdown LeaderElection
2019-08-29 18:45:30,546 [d8c88268-1147-466c-8448-b76f760f74ad:group-1766DC27C131:LeaderElection7] INFO  impl.RaftServerImpl (RaftServerImpl.java:setRole(171)) - d8c88268-1147-466c-8448-b76f760f74ad:group-1766DC27C131 changes role from CANDIDATE to LEADER at term 1 for changeToLeader
2019-08-29 18:45:30,546 [d8c88268-1147-466c-8448-b76f760f74ad:group-1766DC27C131:LeaderElection7] INFO  impl.RaftServerImpl (ServerState.java:setLeader(263)) - d8c88268-1147-466c-8448-b76f760f74ad:group-1766DC27C131 change Leader from null to d8c88268-1147-466c-8448-b76f760f74ad at term 1 for becomeLeader, leader elected after 5222ms
2019-08-29 18:45:30,548 [d8c88268-1147-466c-8448-b76f760f74ad:group-1766DC27C131:LeaderElection7] INFO  server.RaftServerConfigKeys (ConfUtils.java:logGet(43)) - raft.server.staging.catchup.gap = 1000 (default)
2019-08-29 18:45:30,548 [d8c88268-1147-466c-8448-b76f760f74ad:group-1766DC27C131:LeaderElection7] INFO  server.RaftServerConfigKeys (ConfUtils.java:logGet(43)) - raft.server.rpc.sleep.time = 25ms (default)
2019-08-29 18:45:30,549 [d8c88268-1147-466c-8448-b76f760f74ad:group-1766DC27C131:LeaderElection7] INFO  server.RaftServerConfigKeys (ConfUtils.java:logGet(43)) - raft.server.write.element-limit = 4096 (default)
2019-08-29 18:45:30,549 [d8c88268-1147-466c-8448-b76f760f74ad:group-1766DC27C131:LeaderElection7] INFO  server.RaftServerConfigKeys (ConfUtils.java:logGet(43)) - raft.server.watch.timeout = 10s (default)
2019-08-29 18:45:30,549 [d8c88268-1147-466c-8448-b76f760f74ad:group-1766DC27C131:LeaderElection7] INFO  server.RaftServerConfigKeys (ConfUtils.java:logGet(43)) - raft.server.watch.timeout.denomination = 1s (default)
2019-08-29 18:45:30,549 [d8c88268-1147-466c-8448-b76f760f74ad:group-1766DC27C131:LeaderElection7] INFO  server.RaftServerConfigKeys (ConfUtils.java:logGet(43)) - raft.server.watch.element-limit = 65536 (default)
2019-08-29 18:45:30,550 [d8c88268-1147-466c-8448-b76f760f74ad:group-1766DC27C131:LeaderElection7] INFO  impl.RoleInfo (RoleInfo.java:updateAndGet(143)) - d8c88268-1147-466c-8448-b76f760f74ad: start LeaderState
2019-08-29 18:45:30,550 [d8c88268-1147-466c-8448-b76f760f74ad:group-1766DC27C131:LeaderElection7] INFO  segmented.SegmentedRaftLogWorker (SegmentedRaftLogWorker.java:startLogSegment(380)) - d8c88268-1147-466c-8448-b76f760f74ad-SegmentedRaftLogWorker:Storage Directory /workdir/hadoop-ozone/integration-test/target/test-dir/MiniOzoneClusterImpl-8c688366-329c-437c-96af-5eb13fe36e17/datanode-3/data/ratis/29befed9-cd8a-416e-8877-1766dc27c131: Starting segment from index:0
2019-08-29 18:45:30,551 [d8c88268-1147-466c-8448-b76f760f74ad:group-1766DC27C131:LeaderElection7] INFO  impl.RaftServerImpl (ServerState.java:setRaftConf(361)) - d8c88268-1147-466c-8448-b76f760f74ad:group-1766DC27C131 set configuration 0: [d8c88268-1147-466c-8448-b76f760f74ad:192.168.36.71:43417], old=null at 0
2019-08-29 18:45:30,587 [Thread-261] INFO  impl.FollowerState (FollowerState.java:run(106)) - f2c96b08-76b2-46f2-98cd-4144f26dc826:group-1F952D049443 changes to CANDIDATE, lastRpcTime:5136, electionTimeout:5111ms
2019-08-29 18:45:30,588 [Thread-261] INFO  impl.RoleInfo (RoleInfo.java:shutdownFollowerState(121)) - f2c96b08-76b2-46f2-98cd-4144f26dc826: shutdown FollowerState
2019-08-29 18:45:30,588 [Thread-261] INFO  impl.RaftServerImpl (RaftServerImpl.java:setRole(171)) - f2c96b08-76b2-46f2-98cd-4144f26dc826:group-1F952D049443 changes role from FOLLOWER to CANDIDATE at term 0 for changeToCandidate
2019-08-29 18:45:30,588 [Thread-261] INFO  impl.RoleInfo (RoleInfo.java:updateAndGet(143)) - f2c96b08-76b2-46f2-98cd-4144f26dc826: start LeaderElection
2019-08-29 18:45:30,595 [Thread-262] INFO  impl.FollowerState (FollowerState.java:run(106)) - 6a6acb30-adc4-4326-af95-ea389dbc40c9:group-1F952D049443 changes to CANDIDATE, lastRpcTime:5143, electionTimeout:5142ms
2019-08-29 18:45:30,595 [Thread-262] INFO  impl.RoleInfo (RoleInfo.java:shutdownFollowerState(121)) - 6a6acb30-adc4-4326-af95-ea389dbc40c9: shutdown FollowerState
2019-08-29 18:45:30,595 [Thread-262] INFO  impl.RaftServerImpl (RaftServerImpl.java:setRole(171)) - 6a6acb30-adc4-4326-af95-ea389dbc40c9:group-1F952D049443 changes role from FOLLOWER to CANDIDATE at term 0 for changeToCandidate
2019-08-29 18:45:30,596 [Thread-262] INFO  impl.RoleInfo (RoleInfo.java:updateAndGet(143)) - 6a6acb30-adc4-4326-af95-ea389dbc40c9: start LeaderElection
2019-08-29 18:45:30,602 [d8c88268-1147-466c-8448-b76f760f74ad-SegmentedRaftLogWorker:Storage Directory /workdir/hadoop-ozone/integration-test/target/test-dir/MiniOzoneClusterImpl-8c688366-329c-437c-96af-5eb13fe36e17/datanode-3/data/ratis/29befed9-cd8a-416e-8877-1766dc27c131] INFO  segmented.SegmentedRaftLogWorker (SegmentedRaftLogWorker.java:execute(569)) - d8c88268-1147-466c-8448-b76f760f74ad-SegmentedRaftLogWorker:Storage Directory /workdir/hadoop-ozone/integration-test/target/test-dir/MiniOzoneClusterImpl-8c688366-329c-437c-96af-5eb13fe36e17/datanode-3/data/ratis/29befed9-cd8a-416e-8877-1766dc27c131: created new log segment /workdir/hadoop-ozone/integration-test/target/test-dir/MiniOzoneClusterImpl-8c688366-329c-437c-96af-5eb13fe36e17/datanode-3/data/ratis/29befed9-cd8a-416e-8877-1766dc27c131/current/log_inprogress_0
2019-08-29 18:45:30,602 [f2c96b08-76b2-46f2-98cd-4144f26dc826:group-1F952D049443:LeaderElection8] INFO  impl.LeaderElection (LeaderElection.java:askForVotes(181)) - f2c96b08-76b2-46f2-98cd-4144f26dc826:group-1F952D049443:LeaderElection8: begin an election at term 1 for -1: [6a6acb30-adc4-4326-af95-ea389dbc40c9:192.168.36.71:44720, 9ee09e2b-0b4d-496f-9b25-bf998639c9cd:192.168.36.71:45985, f2c96b08-76b2-46f2-98cd-4144f26dc826:192.168.36.71:38775], old=null
2019-08-29 18:45:30,616 [6a6acb30-adc4-4326-af95-ea389dbc40c9:group-1F952D049443:LeaderElection9] INFO  impl.LeaderElection (LeaderElection.java:askForVotes(181)) - 6a6acb30-adc4-4326-af95-ea389dbc40c9:group-1F952D049443:LeaderElection9: begin an election at term 1 for -1: [6a6acb30-adc4-4326-af95-ea389dbc40c9:192.168.36.71:44720, 9ee09e2b-0b4d-496f-9b25-bf998639c9cd:192.168.36.71:45985, f2c96b08-76b2-46f2-98cd-4144f26dc826:192.168.36.71:38775], old=null
2019-08-29 18:45:30,618 [Thread-266] INFO  impl.FollowerState (FollowerState.java:run(106)) - 9ee09e2b-0b4d-496f-9b25-bf998639c9cd:group-1F952D049443 changes to CANDIDATE, lastRpcTime:5165, electionTimeout:5165ms
2019-08-29 18:45:30,618 [Thread-266] INFO  impl.RoleInfo (RoleInfo.java:shutdownFollowerState(121)) - 9ee09e2b-0b4d-496f-9b25-bf998639c9cd: shutdown FollowerState
2019-08-29 18:45:30,619 [Thread-266] INFO  impl.RaftServerImpl (RaftServerImpl.java:setRole(171)) - 9ee09e2b-0b4d-496f-9b25-bf998639c9cd:group-1F952D049443 changes role from FOLLOWER to CANDIDATE at term 0 for changeToCandidate
2019-08-29 18:45:30,630 [Thread-266] INFO  impl.RoleInfo (RoleInfo.java:updateAndGet(143)) - 9ee09e2b-0b4d-496f-9b25-bf998639c9cd: start LeaderElection
2019-08-29 18:45:30,651 [9ee09e2b-0b4d-496f-9b25-bf998639c9cd:group-1F952D049443:LeaderElection10] INFO  impl.LeaderElection (LeaderElection.java:askForVotes(181)) - 9ee09e2b-0b4d-496f-9b25-bf998639c9cd:group-1F952D049443:LeaderElection10: begin an election at term 1 for -1: [6a6acb30-adc4-4326-af95-ea389dbc40c9:192.168.36.71:44720, 9ee09e2b-0b4d-496f-9b25-bf998639c9cd:192.168.36.71:45985, f2c96b08-76b2-46f2-98cd-4144f26dc826:192.168.36.71:38775], old=null
2019-08-29 18:45:30,667 [f2c96b08-76b2-46f2-98cd-4144f26dc826:group-1F952D049443:LeaderElection8] INFO  impl.LeaderElection (LeaderElection.java:logAndReturn(56)) - f2c96b08-76b2-46f2-98cd-4144f26dc826:group-1F952D049443:LeaderElection8: Election REJECTED; received 2 response(s) [f2c96b08-76b2-46f2-98cd-4144f26dc826<-6a6acb30-adc4-4326-af95-ea389dbc40c9#0:FAIL-t1, f2c96b08-76b2-46f2-98cd-4144f26dc826<-9ee09e2b-0b4d-496f-9b25-bf998639c9cd#0:FAIL-t1] and 0 exception(s); f2c96b08-76b2-46f2-98cd-4144f26dc826:t1, leader=null, voted=f2c96b08-76b2-46f2-98cd-4144f26dc826, raftlog=f2c96b08-76b2-46f2-98cd-4144f26dc826-SegmentedRaftLog:OPENED:c-1,f-1,i0, conf=-1: [6a6acb30-adc4-4326-af95-ea389dbc40c9:192.168.36.71:44720, 9ee09e2b-0b4d-496f-9b25-bf998639c9cd:192.168.36.71:45985, f2c96b08-76b2-46f2-98cd-4144f26dc826:192.168.36.71:38775], old=null
2019-08-29 18:45:30,667 [6a6acb30-adc4-4326-af95-ea389dbc40c9:group-1F952D049443:LeaderElection9] INFO  impl.LeaderElection (LeaderElection.java:logAndReturn(56)) - 6a6acb30-adc4-4326-af95-ea389dbc40c9:group-1F952D049443:LeaderElection9: Election REJECTED; received 2 response(s) [6a6acb30-adc4-4326-af95-ea389dbc40c9<-9ee09e2b-0b4d-496f-9b25-bf998639c9cd#0:FAIL-t1, 6a6acb30-adc4-4326-af95-ea389dbc40c9<-f2c96b08-76b2-46f2-98cd-4144f26dc826#0:FAIL-t1] and 0 exception(s); 6a6acb30-adc4-4326-af95-ea389dbc40c9:t1, leader=null, voted=6a6acb30-adc4-4326-af95-ea389dbc40c9, raftlog=6a6acb30-adc4-4326-af95-ea389dbc40c9-SegmentedRaftLog:OPENED:c-1,f-1,i0, conf=-1: [6a6acb30-adc4-4326-af95-ea389dbc40c9:192.168.36.71:44720, 9ee09e2b-0b4d-496f-9b25-bf998639c9cd:192.168.36.71:45985, f2c96b08-76b2-46f2-98cd-4144f26dc826:192.168.36.71:38775], old=null
2019-08-29 18:45:30,671 [f2c96b08-76b2-46f2-98cd-4144f26dc826:group-1F952D049443:LeaderElection8] INFO  impl.RaftServerImpl (RaftServerImpl.java:setRole(171)) - f2c96b08-76b2-46f2-98cd-4144f26dc826:group-1F952D049443 changes role from CANDIDATE to FOLLOWER at term 1 for DISCOVERED_A_NEW_TERM
2019-08-29 18:45:30,674 [6a6acb30-adc4-4326-af95-ea389dbc40c9:group-1F952D049443:LeaderElection9] INFO  impl.RaftServerImpl (RaftServerImpl.java:setRole(171)) - 6a6acb30-adc4-4326-af95-ea389dbc40c9:group-1F952D049443 changes role from CANDIDATE to FOLLOWER at term 1 for DISCOVERED_A_NEW_TERM
2019-08-29 18:45:30,675 [f2c96b08-76b2-46f2-98cd-4144f26dc826:group-1F952D049443:LeaderElection8] INFO  impl.RoleInfo (RoleInfo.java:shutdownLeaderElection(134)) - f2c96b08-76b2-46f2-98cd-4144f26dc826: shutdown LeaderElection
2019-08-29 18:45:30,675 [6a6acb30-adc4-4326-af95-ea389dbc40c9:group-1F952D049443:LeaderElection9] INFO  impl.RoleInfo (RoleInfo.java:shutdownLeaderElection(134)) - 6a6acb30-adc4-4326-af95-ea389dbc40c9: shutdown LeaderElection
2019-08-29 18:45:30,675 [f2c96b08-76b2-46f2-98cd-4144f26dc826:group-1F952D049443:LeaderElection8] INFO  impl.RoleInfo (RoleInfo.java:updateAndGet(143)) - f2c96b08-76b2-46f2-98cd-4144f26dc826: start FollowerState
2019-08-29 18:45:30,678 [6a6acb30-adc4-4326-af95-ea389dbc40c9:group-1F952D049443:LeaderElection9] INFO  impl.RoleInfo (RoleInfo.java:updateAndGet(143)) - 6a6acb30-adc4-4326-af95-ea389dbc40c9: start FollowerState
2019-08-29 18:45:30,685 [9ee09e2b-0b4d-496f-9b25-bf998639c9cd:group-1F952D049443:LeaderElection10] INFO  impl.LeaderElection (LeaderElection.java:logAndReturn(56)) - 9ee09e2b-0b4d-496f-9b25-bf998639c9cd:group-1F952D049443:LeaderElection10: Election REJECTED; received 2 response(s) [9ee09e2b-0b4d-496f-9b25-bf998639c9cd<-f2c96b08-76b2-46f2-98cd-4144f26dc826#0:FAIL-t1, 9ee09e2b-0b4d-496f-9b25-bf998639c9cd<-6a6acb30-adc4-4326-af95-ea389dbc40c9#0:FAIL-t1] and 0 exception(s); 9ee09e2b-0b4d-496f-9b25-bf998639c9cd:t1, leader=null, voted=9ee09e2b-0b4d-496f-9b25-bf998639c9cd, raftlog=9ee09e2b-0b4d-496f-9b25-bf998639c9cd-SegmentedRaftLog:OPENED:c-1,f-1,i0, conf=-1: [6a6acb30-adc4-4326-af95-ea389dbc40c9:192.168.36.71:44720, 9ee09e2b-0b4d-496f-9b25-bf998639c9cd:192.168.36.71:45985, f2c96b08-76b2-46f2-98cd-4144f26dc826:192.168.36.71:38775], old=null
2019-08-29 18:45:30,685 [9ee09e2b-0b4d-496f-9b25-bf998639c9cd:group-1F952D049443:LeaderElection10] INFO  impl.RaftServerImpl (RaftServerImpl.java:setRole(171)) - 9ee09e2b-0b4d-496f-9b25-bf998639c9cd:group-1F952D049443 changes role from CANDIDATE to FOLLOWER at term 1 for DISCOVERED_A_NEW_TERM
2019-08-29 18:45:30,686 [9ee09e2b-0b4d-496f-9b25-bf998639c9cd:group-1F952D049443:LeaderElection10] INFO  impl.RoleInfo (RoleInfo.java:shutdownLeaderElection(134)) - 9ee09e2b-0b4d-496f-9b25-bf998639c9cd: shutdown LeaderElection
2019-08-29 18:45:30,688 [9ee09e2b-0b4d-496f-9b25-bf998639c9cd:group-1F952D049443:LeaderElection10] INFO  impl.RoleInfo (RoleInfo.java:updateAndGet(143)) - 9ee09e2b-0b4d-496f-9b25-bf998639c9cd: start FollowerState
2019-08-29 18:45:30,724 [Thread-272] INFO  impl.FollowerState (FollowerState.java:run(106)) - 5850d459-afdb-4e89-ba28-7bb123adbf73:group-C7CAB4567363 changes to CANDIDATE, lastRpcTime:5168, electionTimeout:5168ms
2019-08-29 18:45:30,726 [Thread-269] INFO  impl.FollowerState (FollowerState.java:run(106)) - 5e9edd26-e879-45de-b878-753be933b27b:group-C7CAB4567363 changes to CANDIDATE, lastRpcTime:5173, electionTimeout:5171ms
2019-08-29 18:45:30,726 [Thread-272] INFO  impl.RoleInfo (RoleInfo.java:shutdownFollowerState(121)) - 5850d459-afdb-4e89-ba28-7bb123adbf73: shutdown FollowerState
2019-08-29 18:45:30,726 [Thread-269] INFO  impl.RoleInfo (RoleInfo.java:shutdownFollowerState(121)) - 5e9edd26-e879-45de-b878-753be933b27b: shutdown FollowerState
2019-08-29 18:45:30,726 [Thread-272] INFO  impl.RaftServerImpl (RaftServerImpl.java:setRole(171)) - 5850d459-afdb-4e89-ba28-7bb123adbf73:group-C7CAB4567363 changes role from FOLLOWER to CANDIDATE at term 0 for changeToCandidate
2019-08-29 18:45:30,726 [Thread-269] INFO  impl.RaftServerImpl (RaftServerImpl.java:setRole(171)) - 5e9edd26-e879-45de-b878-753be933b27b:group-C7CAB4567363 changes role from FOLLOWER to CANDIDATE at term 0 for changeToCandidate
2019-08-29 18:45:30,727 [Thread-272] INFO  impl.RoleInfo (RoleInfo.java:updateAndGet(143)) - 5850d459-afdb-4e89-ba28-7bb123adbf73: start LeaderElection
2019-08-29 18:45:30,727 [Thread-269] INFO  impl.RoleInfo (RoleInfo.java:updateAndGet(143)) - 5e9edd26-e879-45de-b878-753be933b27b: start LeaderElection
2019-08-29 18:45:30,743 [Thread-274] INFO  impl.FollowerState (FollowerState.java:run(106)) - 8d2fcdd5-85e8-4b2b-9f3a-543e9b9f1eee:group-C7CAB4567363 changes to CANDIDATE, lastRpcTime:5181, electionTimeout:5179ms
2019-08-29 18:45:30,743 [Thread-274] INFO  impl.RoleInfo (RoleInfo.java:shutdownFollowerState(121)) - 8d2fcdd5-85e8-4b2b-9f3a-543e9b9f1eee: shutdown FollowerState
2019-08-29 18:45:30,743 [Thread-274] INFO  impl.RaftServerImpl (RaftServerImpl.java:setRole(171)) - 8d2fcdd5-85e8-4b2b-9f3a-543e9b9f1eee:group-C7CAB4567363 changes role from FOLLOWER to CANDIDATE at term 0 for changeToCandidate
2019-08-29 18:45:30,743 [Thread-274] INFO  impl.RoleInfo (RoleInfo.java:updateAndGet(143)) - 8d2fcdd5-85e8-4b2b-9f3a-543e9b9f1eee: start LeaderElection
2019-08-29 18:45:30,748 [5850d459-afdb-4e89-ba28-7bb123adbf73:group-C7CAB4567363:LeaderElection11] INFO  impl.LeaderElection (LeaderElection.java:askForVotes(181)) - 5850d459-afdb-4e89-ba28-7bb123adbf73:group-C7CAB4567363:LeaderElection11: begin an election at term 1 for -1: [5850d459-afdb-4e89-ba28-7bb123adbf73:192.168.36.71:39635, 8d2fcdd5-85e8-4b2b-9f3a-543e9b9f1eee:192.168.36.71:42380, 5e9edd26-e879-45de-b878-753be933b27b:192.168.36.71:33389], old=null
2019-08-29 18:45:30,748 [5e9edd26-e879-45de-b878-753be933b27b:group-C7CAB4567363:LeaderElection12] INFO  impl.LeaderElection (LeaderElection.java:askForVotes(181)) - 5e9edd26-e879-45de-b878-753be933b27b:group-C7CAB4567363:LeaderElection12: begin an election at term 1 for -1: [5850d459-afdb-4e89-ba28-7bb123adbf73:192.168.36.71:39635, 8d2fcdd5-85e8-4b2b-9f3a-543e9b9f1eee:192.168.36.71:42380, 5e9edd26-e879-45de-b878-753be933b27b:192.168.36.71:33389], old=null
2019-08-29 18:45:30,751 | INFO  | SCMAudit | user=jenkins1000 | ip=192.168.36.71 | op=SEND_HEARTBEAT {datanodeUUID=6a6acb30-adc4-4326-af95-ea389dbc40c9, command=[]} | ret=SUCCESS |  
2019-08-29 18:45:30,751 | INFO  | SCMAudit | user=jenkins1000 | ip=192.168.36.71 | op=SEND_HEARTBEAT {datanodeUUID=5850d459-afdb-4e89-ba28-7bb123adbf73, command=[]} | ret=SUCCESS |  
2019-08-29 18:45:30,763 [8d2fcdd5-85e8-4b2b-9f3a-543e9b9f1eee:group-C7CAB4567363:LeaderElection13] INFO  impl.LeaderElection (LeaderElection.java:askForVotes(181)) - 8d2fcdd5-85e8-4b2b-9f3a-543e9b9f1eee:group-C7CAB4567363:LeaderElection13: begin an election at term 1 for -1: [5850d459-afdb-4e89-ba28-7bb123adbf73:192.168.36.71:39635, 8d2fcdd5-85e8-4b2b-9f3a-543e9b9f1eee:192.168.36.71:42380, 5e9edd26-e879-45de-b878-753be933b27b:192.168.36.71:33389], old=null
2019-08-29 18:45:30,773 [5e9edd26-e879-45de-b878-753be933b27b:group-C7CAB4567363:LeaderElection12] INFO  impl.LeaderElection (LeaderElection.java:logAndReturn(56)) - 5e9edd26-e879-45de-b878-753be933b27b:group-C7CAB4567363:LeaderElection12: Election REJECTED; received 2 response(s) [5e9edd26-e879-45de-b878-753be933b27b<-5850d459-afdb-4e89-ba28-7bb123adbf73#0:FAIL-t1, 5e9edd26-e879-45de-b878-753be933b27b<-8d2fcdd5-85e8-4b2b-9f3a-543e9b9f1eee#0:FAIL-t1] and 0 exception(s); 5e9edd26-e879-45de-b878-753be933b27b:t1, leader=null, voted=5e9edd26-e879-45de-b878-753be933b27b, raftlog=5e9edd26-e879-45de-b878-753be933b27b-SegmentedRaftLog:OPENED:c-1,f-1,i0, conf=-1: [5850d459-afdb-4e89-ba28-7bb123adbf73:192.168.36.71:39635, 8d2fcdd5-85e8-4b2b-9f3a-543e9b9f1eee:192.168.36.71:42380, 5e9edd26-e879-45de-b878-753be933b27b:192.168.36.71:33389], old=null
2019-08-29 18:45:30,774 [5e9edd26-e879-45de-b878-753be933b27b:group-C7CAB4567363:LeaderElection12] INFO  impl.RaftServerImpl (RaftServerImpl.java:setRole(171)) - 5e9edd26-e879-45de-b878-753be933b27b:group-C7CAB4567363 changes role from CANDIDATE to FOLLOWER at term 1 for DISCOVERED_A_NEW_TERM
2019-08-29 18:45:30,777 [5e9edd26-e879-45de-b878-753be933b27b:group-C7CAB4567363:LeaderElection12] INFO  impl.RoleInfo (RoleInfo.java:shutdownLeaderElection(134)) - 5e9edd26-e879-45de-b878-753be933b27b: shutdown LeaderElection
2019-08-29 18:45:30,777 [5e9edd26-e879-45de-b878-753be933b27b:group-C7CAB4567363:LeaderElection12] INFO  impl.RoleInfo (RoleInfo.java:updateAndGet(143)) - 5e9edd26-e879-45de-b878-753be933b27b: start FollowerState
2019-08-29 18:45:30,779 [5850d459-afdb-4e89-ba28-7bb123adbf73:group-C7CAB4567363:LeaderElection11] INFO  impl.LeaderElection (LeaderElection.java:logAndReturn(56)) - 5850d459-afdb-4e89-ba28-7bb123adbf73:group-C7CAB4567363:LeaderElection11: Election REJECTED; received 2 response(s) [5850d459-afdb-4e89-ba28-7bb123adbf73<-8d2fcdd5-85e8-4b2b-9f3a-543e9b9f1eee#0:FAIL-t1, 5850d459-afdb-4e89-ba28-7bb123adbf73<-5e9edd26-e879-45de-b878-753be933b27b#0:FAIL-t1] and 0 exception(s); 5850d459-afdb-4e89-ba28-7bb123adbf73:t1, leader=null, voted=5850d459-afdb-4e89-ba28-7bb123adbf73, raftlog=5850d459-afdb-4e89-ba28-7bb123adbf73-SegmentedRaftLog:OPENED:c-1,f-1,i0, conf=-1: [5850d459-afdb-4e89-ba28-7bb123adbf73:192.168.36.71:39635, 8d2fcdd5-85e8-4b2b-9f3a-543e9b9f1eee:192.168.36.71:42380, 5e9edd26-e879-45de-b878-753be933b27b:192.168.36.71:33389], old=null
2019-08-29 18:45:30,780 [5850d459-afdb-4e89-ba28-7bb123adbf73:group-C7CAB4567363:LeaderElection11] INFO  impl.RaftServerImpl (RaftServerImpl.java:setRole(171)) - 5850d459-afdb-4e89-ba28-7bb123adbf73:group-C7CAB4567363 changes role from CANDIDATE to FOLLOWER at term 1 for DISCOVERED_A_NEW_TERM
2019-08-29 18:45:30,786 [5850d459-afdb-4e89-ba28-7bb123adbf73:group-C7CAB4567363:LeaderElection11] INFO  impl.RoleInfo (RoleInfo.java:shutdownLeaderElection(134)) - 5850d459-afdb-4e89-ba28-7bb123adbf73: shutdown LeaderElection
2019-08-29 18:45:30,786 [5850d459-afdb-4e89-ba28-7bb123adbf73:group-C7CAB4567363:LeaderElection11] INFO  impl.RoleInfo (RoleInfo.java:updateAndGet(143)) - 5850d459-afdb-4e89-ba28-7bb123adbf73: start FollowerState
2019-08-29 18:45:30,794 [8d2fcdd5-85e8-4b2b-9f3a-543e9b9f1eee:group-C7CAB4567363:LeaderElection13] INFO  impl.LeaderElection (LeaderElection.java:logAndReturn(56)) - 8d2fcdd5-85e8-4b2b-9f3a-543e9b9f1eee:group-C7CAB4567363:LeaderElection13: Election REJECTED; received 2 response(s) [8d2fcdd5-85e8-4b2b-9f3a-543e9b9f1eee<-5850d459-afdb-4e89-ba28-7bb123adbf73#0:FAIL-t1, 8d2fcdd5-85e8-4b2b-9f3a-543e9b9f1eee<-5e9edd26-e879-45de-b878-753be933b27b#0:FAIL-t1] and 0 exception(s); 8d2fcdd5-85e8-4b2b-9f3a-543e9b9f1eee:t1, leader=null, voted=8d2fcdd5-85e8-4b2b-9f3a-543e9b9f1eee, raftlog=8d2fcdd5-85e8-4b2b-9f3a-543e9b9f1eee-SegmentedRaftLog:OPENED:c-1,f-1,i0, conf=-1: [5850d459-afdb-4e89-ba28-7bb123adbf73:192.168.36.71:39635, 8d2fcdd5-85e8-4b2b-9f3a-543e9b9f1eee:192.168.36.71:42380, 5e9edd26-e879-45de-b878-753be933b27b:192.168.36.71:33389], old=null
2019-08-29 18:45:30,796 [8d2fcdd5-85e8-4b2b-9f3a-543e9b9f1eee:group-C7CAB4567363:LeaderElection13] INFO  impl.RaftServerImpl (RaftServerImpl.java:setRole(171)) - 8d2fcdd5-85e8-4b2b-9f3a-543e9b9f1eee:group-C7CAB4567363 changes role from CANDIDATE to FOLLOWER at term 1 for DISCOVERED_A_NEW_TERM
2019-08-29 18:45:30,796 [8d2fcdd5-85e8-4b2b-9f3a-543e9b9f1eee:group-C7CAB4567363:LeaderElection13] INFO  impl.RoleInfo (RoleInfo.java:shutdownLeaderElection(134)) - 8d2fcdd5-85e8-4b2b-9f3a-543e9b9f1eee: shutdown LeaderElection
2019-08-29 18:45:30,796 [8d2fcdd5-85e8-4b2b-9f3a-543e9b9f1eee:group-C7CAB4567363:LeaderElection13] INFO  impl.RoleInfo (RoleInfo.java:updateAndGet(143)) - 8d2fcdd5-85e8-4b2b-9f3a-543e9b9f1eee: start FollowerState
2019-08-29 18:45:30,895 | INFO  | SCMAudit | user=jenkins1000 | ip=192.168.36.71 | op=SEND_HEARTBEAT {datanodeUUID=f2c96b08-76b2-46f2-98cd-4144f26dc826, command=[]} | ret=SUCCESS |  
2019-08-29 18:45:30,979 | INFO  | SCMAudit | user=jenkins1000 | ip=192.168.36.71 | op=SEND_HEARTBEAT {datanodeUUID=8d2fcdd5-85e8-4b2b-9f3a-543e9b9f1eee, command=[]} | ret=SUCCESS |  
2019-08-29 18:45:31,053 | INFO  | SCMAudit | user=jenkins1000 | ip=192.168.36.71 | op=SEND_HEARTBEAT {datanodeUUID=5e9edd26-e879-45de-b878-753be933b27b, command=[]} | ret=SUCCESS |  
2019-08-29 18:45:31,099 [grpc-default-executor-1] INFO  client.GrpcClientProtocolClient (GrpcClientProtocolClient.java:onNext(255)) - client-8966B18487CA->9ee09e2b-0b4d-496f-9b25-bf998639c9cd: receive RaftClientReply:client-8966B18487CA->9ee09e2b-0b4d-496f-9b25-bf998639c9cd@group-1F952D049443, cid=13, FAILED org.apache.ratis.protocol.NotLeaderException: Server 9ee09e2b-0b4d-496f-9b25-bf998639c9cd is not the leader (null). Request must be sent to leader., logIndex=0, commits[9ee09e2b-0b4d-496f-9b25-bf998639c9cd:c-1]
2019-08-29 18:45:31,121 | INFO  | SCMAudit | user=jenkins1000 | ip=192.168.36.71 | op=SEND_HEARTBEAT {datanodeUUID=d8c88268-1147-466c-8448-b76f760f74ad, command=[]} | ret=SUCCESS |  
2019-08-29 18:45:31,204 | INFO  | SCMAudit | user=jenkins1000 | ip=192.168.36.71 | op=SEND_HEARTBEAT {datanodeUUID=9ee09e2b-0b4d-496f-9b25-bf998639c9cd, command=[]} | ret=SUCCESS |  
2019-08-29 18:45:31,750 | INFO  | SCMAudit | user=jenkins1000 | ip=192.168.36.71 | op=SEND_HEARTBEAT {datanodeUUID=5850d459-afdb-4e89-ba28-7bb123adbf73, command=[]} | ret=SUCCESS |  
2019-08-29 18:45:31,750 | INFO  | SCMAudit | user=jenkins1000 | ip=192.168.36.71 | op=SEND_HEARTBEAT {datanodeUUID=6a6acb30-adc4-4326-af95-ea389dbc40c9, command=[]} | ret=SUCCESS |  
2019-08-29 18:45:31,896 | INFO  | SCMAudit | user=jenkins1000 | ip=192.168.36.71 | op=SEND_HEARTBEAT {datanodeUUID=f2c96b08-76b2-46f2-98cd-4144f26dc826, command=[]} | ret=SUCCESS |  
2019-08-29 18:45:31,982 | INFO  | SCMAudit | user=jenkins1000 | ip=192.168.36.71 | op=SEND_HEARTBEAT {datanodeUUID=8d2fcdd5-85e8-4b2b-9f3a-543e9b9f1eee, command=[]} | ret=SUCCESS |  
2019-08-29 18:45:32,052 | INFO  | SCMAudit | user=jenkins1000 | ip=192.168.36.71 | op=SEND_HEARTBEAT {datanodeUUID=5e9edd26-e879-45de-b878-753be933b27b, command=[]} | ret=SUCCESS |  
2019-08-29 18:45:32,120 | INFO  | SCMAudit | user=jenkins1000 | ip=192.168.36.71 | op=SEND_HEARTBEAT {datanodeUUID=d8c88268-1147-466c-8448-b76f760f74ad, command=[]} | ret=SUCCESS |  
2019-08-29 18:45:32,132 [grpc-default-executor-1] INFO  client.GrpcClientProtocolClient (GrpcClientProtocolClient.java:onNext(255)) - client-8966B18487CA->f2c96b08-76b2-46f2-98cd-4144f26dc826: receive RaftClientReply:client-8966B18487CA->f2c96b08-76b2-46f2-98cd-4144f26dc826@group-1F952D049443, cid=13, FAILED org.apache.ratis.protocol.NotLeaderException: Server f2c96b08-76b2-46f2-98cd-4144f26dc826 is not the leader (null). Request must be sent to leader., logIndex=0, commits[f2c96b08-76b2-46f2-98cd-4144f26dc826:c-1]
2019-08-29 18:45:32,205 | INFO  | SCMAudit | user=jenkins1000 | ip=192.168.36.71 | op=SEND_HEARTBEAT {datanodeUUID=9ee09e2b-0b4d-496f-9b25-bf998639c9cd, command=[]} | ret=SUCCESS |  
2019-08-29 18:45:32,750 | INFO  | SCMAudit | user=jenkins1000 | ip=192.168.36.71 | op=SEND_HEARTBEAT {datanodeUUID=5850d459-afdb-4e89-ba28-7bb123adbf73, command=[]} | ret=SUCCESS |  
2019-08-29 18:45:32,750 | INFO  | SCMAudit | user=jenkins1000 | ip=192.168.36.71 | op=SEND_HEARTBEAT {datanodeUUID=6a6acb30-adc4-4326-af95-ea389dbc40c9, command=[]} | ret=SUCCESS |  
2019-08-29 18:45:32,897 | INFO  | SCMAudit | user=jenkins1000 | ip=192.168.36.71 | op=SEND_HEARTBEAT {datanodeUUID=f2c96b08-76b2-46f2-98cd-4144f26dc826, command=[]} | ret=SUCCESS |  
2019-08-29 18:45:32,979 | INFO  | SCMAudit | user=jenkins1000 | ip=192.168.36.71 | op=SEND_HEARTBEAT {datanodeUUID=8d2fcdd5-85e8-4b2b-9f3a-543e9b9f1eee, command=[]} | ret=SUCCESS |  
2019-08-29 18:45:33,053 | INFO  | SCMAudit | user=jenkins1000 | ip=192.168.36.71 | op=SEND_HEARTBEAT {datanodeUUID=5e9edd26-e879-45de-b878-753be933b27b, command=[]} | ret=SUCCESS |  
2019-08-29 18:45:33,120 | INFO  | SCMAudit | user=jenkins1000 | ip=192.168.36.71 | op=SEND_HEARTBEAT {datanodeUUID=d8c88268-1147-466c-8448-b76f760f74ad, command=[]} | ret=SUCCESS |  
2019-08-29 18:45:33,164 [grpc-default-executor-4] INFO  client.GrpcClientProtocolClient (GrpcClientProtocolClient.java:onNext(255)) - client-8966B18487CA->9ee09e2b-0b4d-496f-9b25-bf998639c9cd: receive RaftClientReply:client-8966B18487CA->9ee09e2b-0b4d-496f-9b25-bf998639c9cd@group-1F952D049443, cid=13, FAILED org.apache.ratis.protocol.NotLeaderException: Server 9ee09e2b-0b4d-496f-9b25-bf998639c9cd is not the leader (null). Request must be sent to leader., logIndex=0, commits[9ee09e2b-0b4d-496f-9b25-bf998639c9cd:c-1]
2019-08-29 18:45:33,204 | INFO  | SCMAudit | user=jenkins1000 | ip=192.168.36.71 | op=SEND_HEARTBEAT {datanodeUUID=9ee09e2b-0b4d-496f-9b25-bf998639c9cd, command=[]} | ret=SUCCESS |  
2019-08-29 18:45:33,749 | INFO  | SCMAudit | user=jenkins1000 | ip=192.168.36.71 | op=SEND_HEARTBEAT {datanodeUUID=5850d459-afdb-4e89-ba28-7bb123adbf73, command=[]} | ret=SUCCESS |  
2019-08-29 18:45:33,750 | INFO  | SCMAudit | user=jenkins1000 | ip=192.168.36.71 | op=SEND_HEARTBEAT {datanodeUUID=6a6acb30-adc4-4326-af95-ea389dbc40c9, command=[]} | ret=SUCCESS |  
2019-08-29 18:45:33,897 | INFO  | SCMAudit | user=jenkins1000 | ip=192.168.36.71 | op=SEND_HEARTBEAT {datanodeUUID=f2c96b08-76b2-46f2-98cd-4144f26dc826, command=[]} | ret=SUCCESS |  
2019-08-29 18:45:33,978 | INFO  | SCMAudit | user=jenkins1000 | ip=192.168.36.71 | op=SEND_HEARTBEAT {datanodeUUID=8d2fcdd5-85e8-4b2b-9f3a-543e9b9f1eee, command=[]} | ret=SUCCESS |  
2019-08-29 18:45:34,052 | INFO  | SCMAudit | user=jenkins1000 | ip=192.168.36.71 | op=SEND_HEARTBEAT {datanodeUUID=5e9edd26-e879-45de-b878-753be933b27b, command=[]} | ret=SUCCESS |  
2019-08-29 18:45:34,120 | INFO  | SCMAudit | user=jenkins1000 | ip=192.168.36.71 | op=SEND_HEARTBEAT {datanodeUUID=d8c88268-1147-466c-8448-b76f760f74ad, command=[]} | ret=SUCCESS |  
2019-08-29 18:45:34,198 [grpc-default-executor-4] INFO  client.GrpcClientProtocolClient (GrpcClientProtocolClient.java:onNext(255)) - client-8966B18487CA->f2c96b08-76b2-46f2-98cd-4144f26dc826: receive RaftClientReply:client-8966B18487CA->f2c96b08-76b2-46f2-98cd-4144f26dc826@group-1F952D049443, cid=13, FAILED org.apache.ratis.protocol.NotLeaderException: Server f2c96b08-76b2-46f2-98cd-4144f26dc826 is not the leader (null). Request must be sent to leader., logIndex=0, commits[f2c96b08-76b2-46f2-98cd-4144f26dc826:c-1]
2019-08-29 18:45:34,210 | INFO  | SCMAudit | user=jenkins1000 | ip=192.168.36.71 | op=SEND_HEARTBEAT {datanodeUUID=9ee09e2b-0b4d-496f-9b25-bf998639c9cd, command=[]} | ret=SUCCESS |  
2019-08-29 18:45:34,750 | INFO  | SCMAudit | user=jenkins1000 | ip=192.168.36.71 | op=SEND_HEARTBEAT {datanodeUUID=5850d459-afdb-4e89-ba28-7bb123adbf73, command=[]} | ret=SUCCESS |  
2019-08-29 18:45:34,750 | INFO  | SCMAudit | user=jenkins1000 | ip=192.168.36.71 | op=SEND_HEARTBEAT {datanodeUUID=6a6acb30-adc4-4326-af95-ea389dbc40c9, command=[]} | ret=SUCCESS |  
2019-08-29 18:45:34,896 | INFO  | SCMAudit | user=jenkins1000 | ip=192.168.36.71 | op=SEND_HEARTBEAT {datanodeUUID=f2c96b08-76b2-46f2-98cd-4144f26dc826, command=[]} | ret=SUCCESS |  
2019-08-29 18:45:34,979 | INFO  | SCMAudit | user=jenkins1000 | ip=192.168.36.71 | op=SEND_HEARTBEAT {datanodeUUID=8d2fcdd5-85e8-4b2b-9f3a-543e9b9f1eee, command=[]} | ret=SUCCESS |  
2019-08-29 18:45:35,052 | INFO  | SCMAudit | user=jenkins1000 | ip=192.168.36.71 | op=SEND_HEARTBEAT {datanodeUUID=5e9edd26-e879-45de-b878-753be933b27b, command=[]} | ret=SUCCESS |  
2019-08-29 18:45:35,121 | INFO  | SCMAudit | user=jenkins1000 | ip=192.168.36.71 | op=SEND_HEARTBEAT {datanodeUUID=d8c88268-1147-466c-8448-b76f760f74ad, command=[]} | ret=SUCCESS |  
2019-08-29 18:45:35,205 | INFO  | SCMAudit | user=jenkins1000 | ip=192.168.36.71 | op=SEND_HEARTBEAT {datanodeUUID=9ee09e2b-0b4d-496f-9b25-bf998639c9cd, command=[]} | ret=SUCCESS |  
2019-08-29 18:45:35,225 [grpc-default-executor-4] INFO  client.GrpcClientProtocolClient (GrpcClientProtocolClient.java:onNext(255)) - client-8966B18487CA->9ee09e2b-0b4d-496f-9b25-bf998639c9cd: receive RaftClientReply:client-8966B18487CA->9ee09e2b-0b4d-496f-9b25-bf998639c9cd@group-1F952D049443, cid=13, FAILED org.apache.ratis.protocol.NotLeaderException: Server 9ee09e2b-0b4d-496f-9b25-bf998639c9cd is not the leader (null). Request must be sent to leader., logIndex=0, commits[9ee09e2b-0b4d-496f-9b25-bf998639c9cd:c-1]
2019-08-29 18:45:35,746 [Thread-317] INFO  impl.FollowerState (FollowerState.java:run(106)) - 6a6acb30-adc4-4326-af95-ea389dbc40c9:group-1F952D049443 changes to CANDIDATE, lastRpcTime:5068, electionTimeout:5065ms
2019-08-29 18:45:35,750 [Thread-317] INFO  impl.RoleInfo (RoleInfo.java:shutdownFollowerState(121)) - 6a6acb30-adc4-4326-af95-ea389dbc40c9: shutdown FollowerState
2019-08-29 18:45:35,750 [Thread-317] INFO  impl.RaftServerImpl (RaftServerImpl.java:setRole(171)) - 6a6acb30-adc4-4326-af95-ea389dbc40c9:group-1F952D049443 changes role from FOLLOWER to CANDIDATE at term 1 for changeToCandidate
2019-08-29 18:45:35,750 [Thread-317] INFO  impl.RoleInfo (RoleInfo.java:updateAndGet(143)) - 6a6acb30-adc4-4326-af95-ea389dbc40c9: start LeaderElection
2019-08-29 18:45:35,754 | INFO  | SCMAudit | user=jenkins1000 | ip=192.168.36.71 | op=SEND_HEARTBEAT {datanodeUUID=6a6acb30-adc4-4326-af95-ea389dbc40c9, command=[]} | ret=SUCCESS |  
2019-08-29 18:45:35,754 | INFO  | SCMAudit | user=jenkins1000 | ip=192.168.36.71 | op=SEND_HEARTBEAT {datanodeUUID=5850d459-afdb-4e89-ba28-7bb123adbf73, command=[]} | ret=SUCCESS |  
2019-08-29 18:45:35,767 [6a6acb30-adc4-4326-af95-ea389dbc40c9:group-1F952D049443:LeaderElection14] INFO  impl.LeaderElection (LeaderElection.java:askForVotes(181)) - 6a6acb30-adc4-4326-af95-ea389dbc40c9:group-1F952D049443:LeaderElection14: begin an election at term 2 for -1: [6a6acb30-adc4-4326-af95-ea389dbc40c9:192.168.36.71:44720, 9ee09e2b-0b4d-496f-9b25-bf998639c9cd:192.168.36.71:45985, f2c96b08-76b2-46f2-98cd-4144f26dc826:192.168.36.71:38775], old=null
2019-08-29 18:45:35,772 [Thread-318] INFO  impl.FollowerState (FollowerState.java:run(106)) - 9ee09e2b-0b4d-496f-9b25-bf998639c9cd:group-1F952D049443 changes to CANDIDATE, lastRpcTime:5084, electionTimeout:5083ms
2019-08-29 18:45:35,772 [Thread-318] INFO  impl.RoleInfo (RoleInfo.java:shutdownFollowerState(121)) - 9ee09e2b-0b4d-496f-9b25-bf998639c9cd: shutdown FollowerState
2019-08-29 18:45:35,773 [Thread-318] INFO  impl.RaftServerImpl (RaftServerImpl.java:setRole(171)) - 9ee09e2b-0b4d-496f-9b25-bf998639c9cd:group-1F952D049443 changes role from FOLLOWER to CANDIDATE at term 1 for changeToCandidate
2019-08-29 18:45:35,773 [Thread-318] INFO  impl.RoleInfo (RoleInfo.java:updateAndGet(143)) - 9ee09e2b-0b4d-496f-9b25-bf998639c9cd: start LeaderElection
2019-08-29 18:45:35,777 [grpc-default-executor-4] INFO  impl.RaftServerImpl (RaftServerImpl.java:setRole(171)) - f2c96b08-76b2-46f2-98cd-4144f26dc826:group-1F952D049443 changes role from FOLLOWER to FOLLOWER at term 2 for recognizeCandidate:6a6acb30-adc4-4326-af95-ea389dbc40c9
2019-08-29 18:45:35,777 [grpc-default-executor-4] INFO  impl.RoleInfo (RoleInfo.java:shutdownFollowerState(121)) - f2c96b08-76b2-46f2-98cd-4144f26dc826: shutdown FollowerState
2019-08-29 18:45:35,778 [grpc-default-executor-4] INFO  impl.RoleInfo (RoleInfo.java:updateAndGet(143)) - f2c96b08-76b2-46f2-98cd-4144f26dc826: start FollowerState
2019-08-29 18:45:35,778 [Thread-316] INFO  impl.FollowerState (FollowerState.java:run(114)) - f2c96b08-76b2-46f2-98cd-4144f26dc826: FollowerState was interrupted: java.lang.InterruptedException: sleep interrupted
2019-08-29 18:45:35,788 [Thread-329] INFO  impl.FollowerState (FollowerState.java:run(106)) - 5850d459-afdb-4e89-ba28-7bb123adbf73:group-C7CAB4567363 changes to CANDIDATE, lastRpcTime:5001, electionTimeout:5001ms
2019-08-29 18:45:35,788 [Thread-329] INFO  impl.RoleInfo (RoleInfo.java:shutdownFollowerState(121)) - 5850d459-afdb-4e89-ba28-7bb123adbf73: shutdown FollowerState
2019-08-29 18:45:35,788 [Thread-329] INFO  impl.RaftServerImpl (RaftServerImpl.java:setRole(171)) - 5850d459-afdb-4e89-ba28-7bb123adbf73:group-C7CAB4567363 changes role from FOLLOWER to CANDIDATE at term 1 for changeToCandidate
2019-08-29 18:45:35,788 [Thread-329] INFO  impl.RoleInfo (RoleInfo.java:updateAndGet(143)) - 5850d459-afdb-4e89-ba28-7bb123adbf73: start LeaderElection
2019-08-29 18:45:35,795 [9ee09e2b-0b4d-496f-9b25-bf998639c9cd:group-1F952D049443:LeaderElection15] INFO  impl.LeaderElection (LeaderElection.java:askForVotes(181)) - 9ee09e2b-0b4d-496f-9b25-bf998639c9cd:group-1F952D049443:LeaderElection15: begin an election at term 2 for -1: [6a6acb30-adc4-4326-af95-ea389dbc40c9:192.168.36.71:44720, 9ee09e2b-0b4d-496f-9b25-bf998639c9cd:192.168.36.71:45985, f2c96b08-76b2-46f2-98cd-4144f26dc826:192.168.36.71:38775], old=null
2019-08-29 18:45:35,797 [6a6acb30-adc4-4326-af95-ea389dbc40c9:group-1F952D049443:LeaderElection14] INFO  impl.LeaderElection (LeaderElection.java:logAndReturn(56)) - 6a6acb30-adc4-4326-af95-ea389dbc40c9:group-1F952D049443:LeaderElection14: Election PASSED; received 2 response(s) [6a6acb30-adc4-4326-af95-ea389dbc40c9<-9ee09e2b-0b4d-496f-9b25-bf998639c9cd#0:FAIL-t2, 6a6acb30-adc4-4326-af95-ea389dbc40c9<-f2c96b08-76b2-46f2-98cd-4144f26dc826#0:OK-t2] and 0 exception(s); 6a6acb30-adc4-4326-af95-ea389dbc40c9:t2, leader=null, voted=6a6acb30-adc4-4326-af95-ea389dbc40c9, raftlog=6a6acb30-adc4-4326-af95-ea389dbc40c9-SegmentedRaftLog:OPENED:c-1,f-1,i0, conf=-1: [6a6acb30-adc4-4326-af95-ea389dbc40c9:192.168.36.71:44720, 9ee09e2b-0b4d-496f-9b25-bf998639c9cd:192.168.36.71:45985, f2c96b08-76b2-46f2-98cd-4144f26dc826:192.168.36.71:38775], old=null
2019-08-29 18:45:35,798 [6a6acb30-adc4-4326-af95-ea389dbc40c9:group-1F952D049443:LeaderElection14] INFO  impl.RoleInfo (RoleInfo.java:shutdownLeaderElection(134)) - 6a6acb30-adc4-4326-af95-ea389dbc40c9: shutdown LeaderElection
2019-08-29 18:45:35,800 [6a6acb30-adc4-4326-af95-ea389dbc40c9:group-1F952D049443:LeaderElection14] INFO  impl.RaftServerImpl (RaftServerImpl.java:setRole(171)) - 6a6acb30-adc4-4326-af95-ea389dbc40c9:group-1F952D049443 changes role from CANDIDATE to LEADER at term 2 for changeToLeader
2019-08-29 18:45:35,801 [6a6acb30-adc4-4326-af95-ea389dbc40c9:group-1F952D049443:LeaderElection14] INFO  impl.RaftServerImpl (ServerState.java:setLeader(263)) - 6a6acb30-adc4-4326-af95-ea389dbc40c9:group-1F952D049443 change Leader from null to 6a6acb30-adc4-4326-af95-ea389dbc40c9 at term 2 for becomeLeader, leader elected after 10367ms
2019-08-29 18:45:35,801 [6a6acb30-adc4-4326-af95-ea389dbc40c9:group-1F952D049443:LeaderElection14] INFO  server.RaftServerConfigKeys (ConfUtils.java:logGet(43)) - raft.server.staging.catchup.gap = 1000 (default)
2019-08-29 18:45:35,801 [6a6acb30-adc4-4326-af95-ea389dbc40c9:group-1F952D049443:LeaderElection14] INFO  server.RaftServerConfigKeys (ConfUtils.java:logGet(43)) - raft.server.rpc.sleep.time = 25ms (default)
2019-08-29 18:45:35,801 [6a6acb30-adc4-4326-af95-ea389dbc40c9:group-1F952D049443:LeaderElection14] INFO  server.RaftServerConfigKeys (ConfUtils.java:logGet(43)) - raft.server.write.element-limit = 4096 (default)
2019-08-29 18:45:35,803 [6a6acb30-adc4-4326-af95-ea389dbc40c9:group-1F952D049443:LeaderElection14] INFO  server.RaftServerConfigKeys (ConfUtils.java:logGet(43)) - raft.server.watch.timeout = 10s (default)
2019-08-29 18:45:35,805 [6a6acb30-adc4-4326-af95-ea389dbc40c9:group-1F952D049443:LeaderElection14] INFO  server.RaftServerConfigKeys (ConfUtils.java:logGet(43)) - raft.server.watch.timeout.denomination = 1s (default)
2019-08-29 18:45:35,805 [6a6acb30-adc4-4326-af95-ea389dbc40c9:group-1F952D049443:LeaderElection14] INFO  server.RaftServerConfigKeys (ConfUtils.java:logGet(43)) - raft.server.watch.element-limit = 65536 (default)
2019-08-29 18:45:35,808 [6a6acb30-adc4-4326-af95-ea389dbc40c9:group-1F952D049443:LeaderElection14] INFO  server.RaftServerConfigKeys (ConfUtils.java:logGet(43)) - raft.server.log.appender.snapshot.chunk.size.max = 16MB (=16777216) (default)
2019-08-29 18:45:35,808 [6a6acb30-adc4-4326-af95-ea389dbc40c9:group-1F952D049443:LeaderElection14] INFO  server.RaftServerConfigKeys (ConfUtils.java:logGet(43)) - raft.server.log.appender.buffer.byte-limit = 33554432 (custom)
2019-08-29 18:45:35,809 [5850d459-afdb-4e89-ba28-7bb123adbf73:group-C7CAB4567363:LeaderElection16] INFO  impl.LeaderElection (LeaderElection.java:askForVotes(181)) - 5850d459-afdb-4e89-ba28-7bb123adbf73:group-C7CAB4567363:LeaderElection16: begin an election at term 2 for -1: [5850d459-afdb-4e89-ba28-7bb123adbf73:192.168.36.71:39635, 8d2fcdd5-85e8-4b2b-9f3a-543e9b9f1eee:192.168.36.71:42380, 5e9edd26-e879-45de-b878-753be933b27b:192.168.36.71:33389], old=null
2019-08-29 18:45:35,810 [6a6acb30-adc4-4326-af95-ea389dbc40c9:group-1F952D049443:LeaderElection14] INFO  server.RaftServerConfigKeys (ConfUtils.java:logGet(43)) - raft.server.log.appender.buffer.element-limit = 1 (custom)
2019-08-29 18:45:35,816 [grpc-default-executor-4] INFO  impl.RaftServerImpl (RaftServerImpl.java:setRole(171)) - 5e9edd26-e879-45de-b878-753be933b27b:group-C7CAB4567363 changes role from FOLLOWER to FOLLOWER at term 2 for recognizeCandidate:5850d459-afdb-4e89-ba28-7bb123adbf73
2019-08-29 18:45:35,816 [grpc-default-executor-2] INFO  impl.RaftServerImpl (RaftServerImpl.java:setRole(171)) - 8d2fcdd5-85e8-4b2b-9f3a-543e9b9f1eee:group-C7CAB4567363 changes role from FOLLOWER to FOLLOWER at term 2 for recognizeCandidate:5850d459-afdb-4e89-ba28-7bb123adbf73
2019-08-29 18:45:35,816 [grpc-default-executor-4] INFO  impl.RoleInfo (RoleInfo.java:shutdownFollowerState(121)) - 5e9edd26-e879-45de-b878-753be933b27b: shutdown FollowerState
2019-08-29 18:45:35,817 [grpc-default-executor-2] INFO  impl.RoleInfo (RoleInfo.java:shutdownFollowerState(121)) - 8d2fcdd5-85e8-4b2b-9f3a-543e9b9f1eee: shutdown FollowerState
2019-08-29 18:45:35,817 [Thread-328] INFO  impl.FollowerState (FollowerState.java:run(114)) - 5e9edd26-e879-45de-b878-753be933b27b: FollowerState was interrupted: java.lang.InterruptedException: sleep interrupted
2019-08-29 18:45:35,817 [grpc-default-executor-4] INFO  impl.RoleInfo (RoleInfo.java:updateAndGet(143)) - 5e9edd26-e879-45de-b878-753be933b27b: start FollowerState
2019-08-29 18:45:35,820 [Thread-330] INFO  impl.FollowerState (FollowerState.java:run(114)) - 8d2fcdd5-85e8-4b2b-9f3a-543e9b9f1eee: FollowerState was interrupted: java.lang.InterruptedException: sleep interrupted
2019-08-29 18:45:35,817 [6a6acb30-adc4-4326-af95-ea389dbc40c9:group-1F952D049443:LeaderElection14] INFO  grpc.GrpcConfigKeys$Server (ConfUtils.java:logGet(43)) - raft.grpc.server.leader.outstanding.appends.max = 128 (default)
2019-08-29 18:45:35,820 [grpc-default-executor-2] INFO  impl.RoleInfo (RoleInfo.java:updateAndGet(143)) - 8d2fcdd5-85e8-4b2b-9f3a-543e9b9f1eee: start FollowerState
2019-08-29 18:45:35,822 [6a6acb30-adc4-4326-af95-ea389dbc40c9:group-1F952D049443:LeaderElection14] INFO  server.RaftServerConfigKeys (ConfUtils.java:logGet(43)) - raft.server.rpc.request.timeout = 3000ms (default)
2019-08-29 18:45:35,822 [6a6acb30-adc4-4326-af95-ea389dbc40c9:group-1F952D049443:LeaderElection14] INFO  server.RaftServerConfigKeys (ConfUtils.java:logGet(43)) - raft.server.log.appender.install.snapshot.enabled = false (custom)
2019-08-29 18:45:35,822 [6a6acb30-adc4-4326-af95-ea389dbc40c9:group-1F952D049443:LeaderElection14] INFO  server.RaftServerConfigKeys (ConfUtils.java:logGet(43)) - raft.server.log.appender.snapshot.chunk.size.max = 16MB (=16777216) (default)
2019-08-29 18:45:35,823 [6a6acb30-adc4-4326-af95-ea389dbc40c9:group-1F952D049443:LeaderElection14] INFO  server.RaftServerConfigKeys (ConfUtils.java:logGet(43)) - raft.server.log.appender.buffer.byte-limit = 33554432 (custom)
2019-08-29 18:45:35,823 [6a6acb30-adc4-4326-af95-ea389dbc40c9:group-1F952D049443:LeaderElection14] INFO  server.RaftServerConfigKeys (ConfUtils.java:logGet(43)) - raft.server.log.appender.buffer.element-limit = 1 (custom)
2019-08-29 18:45:35,823 [6a6acb30-adc4-4326-af95-ea389dbc40c9:group-1F952D049443:LeaderElection14] INFO  grpc.GrpcConfigKeys$Server (ConfUtils.java:logGet(43)) - raft.grpc.server.leader.outstanding.appends.max = 128 (default)
2019-08-29 18:45:35,823 [6a6acb30-adc4-4326-af95-ea389dbc40c9:group-1F952D049443:LeaderElection14] INFO  server.RaftServerConfigKeys (ConfUtils.java:logGet(43)) - raft.server.rpc.request.timeout = 3000ms (default)
2019-08-29 18:45:35,823 [6a6acb30-adc4-4326-af95-ea389dbc40c9:group-1F952D049443:LeaderElection14] INFO  server.RaftServerConfigKeys (ConfUtils.java:logGet(43)) - raft.server.log.appender.install.snapshot.enabled = false (custom)
2019-08-29 18:45:35,825 [6a6acb30-adc4-4326-af95-ea389dbc40c9:group-1F952D049443:LeaderElection14] INFO  impl.RoleInfo (RoleInfo.java:updateAndGet(143)) - 6a6acb30-adc4-4326-af95-ea389dbc40c9: start LeaderState
2019-08-29 18:45:35,825 [6a6acb30-adc4-4326-af95-ea389dbc40c9:group-1F952D049443:LeaderElection14] INFO  segmented.SegmentedRaftLogWorker (SegmentedRaftLogWorker.java:startLogSegment(380)) - 6a6acb30-adc4-4326-af95-ea389dbc40c9-SegmentedRaftLogWorker:Storage Directory /workdir/hadoop-ozone/integration-test/target/test-dir/MiniOzoneClusterImpl-8c688366-329c-437c-96af-5eb13fe36e17/datanode-6/data/ratis/5c49c461-cb1c-4d58-89c7-1f952d049443: Starting segment from index:0
2019-08-29 18:45:35,826 [6a6acb30-adc4-4326-af95-ea389dbc40c9:group-1F952D049443:LeaderElection14] INFO  impl.RaftServerImpl (ServerState.java:setRaftConf(361)) - 6a6acb30-adc4-4326-af95-ea389dbc40c9:group-1F952D049443 set configuration 0: [6a6acb30-adc4-4326-af95-ea389dbc40c9:192.168.36.71:44720, 9ee09e2b-0b4d-496f-9b25-bf998639c9cd:192.168.36.71:45985, f2c96b08-76b2-46f2-98cd-4144f26dc826:192.168.36.71:38775], old=null at 0
2019-08-29 18:45:35,856 [grpc-default-executor-1] INFO  impl.RaftServerImpl (RaftServerImpl.java:requestVote(754)) - 6a6acb30-adc4-4326-af95-ea389dbc40c9-LEADER: Withhold vote from candidate 9ee09e2b-0b4d-496f-9b25-bf998639c9cd with term 2. State: leader=6a6acb30-adc4-4326-af95-ea389dbc40c9, term=2, lastRpcElapsed=null
2019-08-29 18:45:35,858 [5850d459-afdb-4e89-ba28-7bb123adbf73:group-C7CAB4567363:LeaderElection16] INFO  impl.LeaderElection (LeaderElection.java:logAndReturn(56)) - 5850d459-afdb-4e89-ba28-7bb123adbf73:group-C7CAB4567363:LeaderElection16: Election PASSED; received 1 response(s) [5850d459-afdb-4e89-ba28-7bb123adbf73<-8d2fcdd5-85e8-4b2b-9f3a-543e9b9f1eee#0:OK-t2] and 0 exception(s); 5850d459-afdb-4e89-ba28-7bb123adbf73:t2, leader=null, voted=5850d459-afdb-4e89-ba28-7bb123adbf73, raftlog=5850d459-afdb-4e89-ba28-7bb123adbf73-SegmentedRaftLog:OPENED:c-1,f-1,i0, conf=-1: [5850d459-afdb-4e89-ba28-7bb123adbf73:192.168.36.71:39635, 8d2fcdd5-85e8-4b2b-9f3a-543e9b9f1eee:192.168.36.71:42380, 5e9edd26-e879-45de-b878-753be933b27b:192.168.36.71:33389], old=null
2019-08-29 18:45:35,859 [5850d459-afdb-4e89-ba28-7bb123adbf73:group-C7CAB4567363:LeaderElection16] INFO  impl.RoleInfo (RoleInfo.java:shutdownLeaderElection(134)) - 5850d459-afdb-4e89-ba28-7bb123adbf73: shutdown LeaderElection
2019-08-29 18:45:35,860 [9ee09e2b-0b4d-496f-9b25-bf998639c9cd:group-1F952D049443:LeaderElection15] INFO  impl.LeaderElection (LeaderElection.java:logAndReturn(56)) - 9ee09e2b-0b4d-496f-9b25-bf998639c9cd:group-1F952D049443:LeaderElection15: Election REJECTED; received 2 response(s) [9ee09e2b-0b4d-496f-9b25-bf998639c9cd<-f2c96b08-76b2-46f2-98cd-4144f26dc826#0:FAIL-t2, 9ee09e2b-0b4d-496f-9b25-bf998639c9cd<-6a6acb30-adc4-4326-af95-ea389dbc40c9#0:FAIL-t2] and 0 exception(s); 9ee09e2b-0b4d-496f-9b25-bf998639c9cd:t2, leader=null, voted=9ee09e2b-0b4d-496f-9b25-bf998639c9cd, raftlog=9ee09e2b-0b4d-496f-9b25-bf998639c9cd-SegmentedRaftLog:OPENED:c-1,f-1,i0, conf=-1: [6a6acb30-adc4-4326-af95-ea389dbc40c9:192.168.36.71:44720, 9ee09e2b-0b4d-496f-9b25-bf998639c9cd:192.168.36.71:45985, f2c96b08-76b2-46f2-98cd-4144f26dc826:192.168.36.71:38775], old=null
2019-08-29 18:45:35,863 [5850d459-afdb-4e89-ba28-7bb123adbf73:group-C7CAB4567363:LeaderElection16] INFO  impl.RaftServerImpl (RaftServerImpl.java:setRole(171)) - 5850d459-afdb-4e89-ba28-7bb123adbf73:group-C7CAB4567363 changes role from CANDIDATE to LEADER at term 2 for changeToLeader
2019-08-29 18:45:35,863 [9ee09e2b-0b4d-496f-9b25-bf998639c9cd:group-1F952D049443:LeaderElection15] INFO  impl.RaftServerImpl (RaftServerImpl.java:setRole(171)) - 9ee09e2b-0b4d-496f-9b25-bf998639c9cd:group-1F952D049443 changes role from CANDIDATE to FOLLOWER at term 2 for DISCOVERED_A_NEW_TERM
2019-08-29 18:45:35,870 [6a6acb30-adc4-4326-af95-ea389dbc40c9-SegmentedRaftLogWorker:Storage Directory /workdir/hadoop-ozone/integration-test/target/test-dir/MiniOzoneClusterImpl-8c688366-329c-437c-96af-5eb13fe36e17/datanode-6/data/ratis/5c49c461-cb1c-4d58-89c7-1f952d049443] INFO  segmented.SegmentedRaftLogWorker (SegmentedRaftLogWorker.java:execute(569)) - 6a6acb30-adc4-4326-af95-ea389dbc40c9-SegmentedRaftLogWorker:Storage Directory /workdir/hadoop-ozone/integration-test/target/test-dir/MiniOzoneClusterImpl-8c688366-329c-437c-96af-5eb13fe36e17/datanode-6/data/ratis/5c49c461-cb1c-4d58-89c7-1f952d049443: created new log segment /workdir/hadoop-ozone/integration-test/target/test-dir/MiniOzoneClusterImpl-8c688366-329c-437c-96af-5eb13fe36e17/datanode-6/data/ratis/5c49c461-cb1c-4d58-89c7-1f952d049443/current/log_inprogress_0
2019-08-29 18:45:35,870 [5850d459-afdb-4e89-ba28-7bb123adbf73:group-C7CAB4567363:LeaderElection16] INFO  impl.RaftServerImpl (ServerState.java:setLeader(263)) - 5850d459-afdb-4e89-ba28-7bb123adbf73:group-C7CAB4567363 change Leader from null to 5850d459-afdb-4e89-ba28-7bb123adbf73 at term 2 for becomeLeader, leader elected after 10329ms
2019-08-29 18:45:35,870 [9ee09e2b-0b4d-496f-9b25-bf998639c9cd:group-1F952D049443:LeaderElection15] INFO  impl.RoleInfo (RoleInfo.java:shutdownLeaderElection(134)) - 9ee09e2b-0b4d-496f-9b25-bf998639c9cd: shutdown LeaderElection
2019-08-29 18:45:35,872 [5850d459-afdb-4e89-ba28-7bb123adbf73:group-C7CAB4567363:LeaderElection16] INFO  server.RaftServerConfigKeys (ConfUtils.java:logGet(43)) - raft.server.staging.catchup.gap = 1000 (default)
2019-08-29 18:45:35,872 [9ee09e2b-0b4d-496f-9b25-bf998639c9cd:group-1F952D049443:LeaderElection15] INFO  impl.RoleInfo (RoleInfo.java:updateAndGet(143)) - 9ee09e2b-0b4d-496f-9b25-bf998639c9cd: start FollowerState
2019-08-29 18:45:35,872 [5850d459-afdb-4e89-ba28-7bb123adbf73:group-C7CAB4567363:LeaderElection16] INFO  server.RaftServerConfigKeys (ConfUtils.java:logGet(43)) - raft.server.rpc.sleep.time = 25ms (default)
2019-08-29 18:45:35,874 [5850d459-afdb-4e89-ba28-7bb123adbf73:group-C7CAB4567363:LeaderElection16] INFO  server.RaftServerConfigKeys (ConfUtils.java:logGet(43)) - raft.server.write.element-limit = 4096 (default)
2019-08-29 18:45:35,875 [5850d459-afdb-4e89-ba28-7bb123adbf73:group-C7CAB4567363:LeaderElection16] INFO  server.RaftServerConfigKeys (ConfUtils.java:logGet(43)) - raft.server.watch.timeout = 10s (default)
2019-08-29 18:45:35,875 [5850d459-afdb-4e89-ba28-7bb123adbf73:group-C7CAB4567363:LeaderElection16] INFO  server.RaftServerConfigKeys (ConfUtils.java:logGet(43)) - raft.server.watch.timeout.denomination = 1s (default)
2019-08-29 18:45:35,875 [5850d459-afdb-4e89-ba28-7bb123adbf73:group-C7CAB4567363:LeaderElection16] INFO  server.RaftServerConfigKeys (ConfUtils.java:logGet(43)) - raft.server.watch.element-limit = 65536 (default)
2019-08-29 18:45:35,875 [5850d459-afdb-4e89-ba28-7bb123adbf73:group-C7CAB4567363:LeaderElection16] INFO  server.RaftServerConfigKeys (ConfUtils.java:logGet(43)) - raft.server.log.appender.snapshot.chunk.size.max = 16MB (=16777216) (default)
2019-08-29 18:45:35,876 [5850d459-afdb-4e89-ba28-7bb123adbf73:group-C7CAB4567363:LeaderElection16] INFO  server.RaftServerConfigKeys (ConfUtils.java:logGet(43)) - raft.server.log.appender.buffer.byte-limit = 33554432 (custom)
2019-08-29 18:45:35,876 [5850d459-afdb-4e89-ba28-7bb123adbf73:group-C7CAB4567363:LeaderElection16] INFO  server.RaftServerConfigKeys (ConfUtils.java:logGet(43)) - raft.server.log.appender.buffer.element-limit = 1 (custom)
2019-08-29 18:45:35,877 [5850d459-afdb-4e89-ba28-7bb123adbf73:group-C7CAB4567363:LeaderElection16] INFO  grpc.GrpcConfigKeys$Server (ConfUtils.java:logGet(43)) - raft.grpc.server.leader.outstanding.appends.max = 128 (default)
2019-08-29 18:45:35,877 [5850d459-afdb-4e89-ba28-7bb123adbf73:group-C7CAB4567363:LeaderElection16] INFO  server.RaftServerConfigKeys (ConfUtils.java:logGet(43)) - raft.server.rpc.request.timeout = 3000ms (default)
2019-08-29 18:45:35,877 [5850d459-afdb-4e89-ba28-7bb123adbf73:group-C7CAB4567363:LeaderElection16] INFO  server.RaftServerConfigKeys (ConfUtils.java:logGet(43)) - raft.server.log.appender.install.snapshot.enabled = false (custom)
2019-08-29 18:45:35,877 [5850d459-afdb-4e89-ba28-7bb123adbf73:group-C7CAB4567363:LeaderElection16] INFO  server.RaftServerConfigKeys (ConfUtils.java:logGet(43)) - raft.server.log.appender.snapshot.chunk.size.max = 16MB (=16777216) (default)
2019-08-29 18:45:35,878 [5850d459-afdb-4e89-ba28-7bb123adbf73:group-C7CAB4567363:LeaderElection16] INFO  server.RaftServerConfigKeys (ConfUtils.java:logGet(43)) - raft.server.log.appender.buffer.byte-limit = 33554432 (custom)
2019-08-29 18:45:35,878 [5850d459-afdb-4e89-ba28-7bb123adbf73:group-C7CAB4567363:LeaderElection16] INFO  server.RaftServerConfigKeys (ConfUtils.java:logGet(43)) - raft.server.log.appender.buffer.element-limit = 1 (custom)
2019-08-29 18:45:35,878 [5850d459-afdb-4e89-ba28-7bb123adbf73:group-C7CAB4567363:LeaderElection16] INFO  grpc.GrpcConfigKeys$Server (ConfUtils.java:logGet(43)) - raft.grpc.server.leader.outstanding.appends.max = 128 (default)
2019-08-29 18:45:35,878 [5850d459-afdb-4e89-ba28-7bb123adbf73:group-C7CAB4567363:LeaderElection16] INFO  server.RaftServerConfigKeys (ConfUtils.java:logGet(43)) - raft.server.rpc.request.timeout = 3000ms (default)
2019-08-29 18:45:35,879 [5850d459-afdb-4e89-ba28-7bb123adbf73:group-C7CAB4567363:LeaderElection16] INFO  server.RaftServerConfigKeys (ConfUtils.java:logGet(43)) - raft.server.log.appender.install.snapshot.enabled = false (custom)
2019-08-29 18:45:35,881 [5850d459-afdb-4e89-ba28-7bb123adbf73:group-C7CAB4567363:LeaderElection16] INFO  impl.RoleInfo (RoleInfo.java:updateAndGet(143)) - 5850d459-afdb-4e89-ba28-7bb123adbf73: start LeaderState
2019-08-29 18:45:35,881 [5850d459-afdb-4e89-ba28-7bb123adbf73:group-C7CAB4567363:LeaderElection16] INFO  segmented.SegmentedRaftLogWorker (SegmentedRaftLogWorker.java:startLogSegment(380)) - 5850d459-afdb-4e89-ba28-7bb123adbf73-SegmentedRaftLogWorker:Storage Directory /workdir/hadoop-ozone/integration-test/target/test-dir/MiniOzoneClusterImpl-8c688366-329c-437c-96af-5eb13fe36e17/datanode-5/data/ratis/6604c0e2-f428-4e07-9752-c7cab4567363: Starting segment from index:0
2019-08-29 18:45:35,918 [grpc-default-executor-1] INFO  impl.RaftServerImpl (ServerState.java:setLeader(263)) - f2c96b08-76b2-46f2-98cd-4144f26dc826:group-1F952D049443 change Leader from null to 6a6acb30-adc4-4326-af95-ea389dbc40c9 at term 2 for appendEntries, leader elected after 10484ms
2019-08-29 18:45:35,919 [5850d459-afdb-4e89-ba28-7bb123adbf73:group-C7CAB4567363:LeaderElection16] INFO  impl.RaftServerImpl (ServerState.java:setRaftConf(361)) - 5850d459-afdb-4e89-ba28-7bb123adbf73:group-C7CAB4567363 set configuration 0: [5850d459-afdb-4e89-ba28-7bb123adbf73:192.168.36.71:39635, 8d2fcdd5-85e8-4b2b-9f3a-543e9b9f1eee:192.168.36.71:42380, 5e9edd26-e879-45de-b878-753be933b27b:192.168.36.71:33389], old=null at 0
2019-08-29 18:45:35,918 [grpc-default-executor-4] INFO  impl.RaftServerImpl (ServerState.java:setLeader(263)) - 9ee09e2b-0b4d-496f-9b25-bf998639c9cd:group-1F952D049443 change Leader from null to 6a6acb30-adc4-4326-af95-ea389dbc40c9 at term 2 for appendEntries, leader elected after 10484ms
2019-08-29 18:45:35,922 | INFO  | SCMAudit | user=jenkins1000 | ip=192.168.36.71 | op=SEND_HEARTBEAT {datanodeUUID=f2c96b08-76b2-46f2-98cd-4144f26dc826, command=[]} | ret=SUCCESS |  
2019-08-29 18:45:35,924 [grpc-default-executor-3] INFO  impl.RaftServerImpl (ServerState.java:setLeader(263)) - 5e9edd26-e879-45de-b878-753be933b27b:group-C7CAB4567363 change Leader from null to 5850d459-afdb-4e89-ba28-7bb123adbf73 at term 2 for appendEntries, leader elected after 10385ms
2019-08-29 18:45:35,925 [grpc-default-executor-2] INFO  impl.RaftServerImpl (ServerState.java:setLeader(263)) - 8d2fcdd5-85e8-4b2b-9f3a-543e9b9f1eee:group-C7CAB4567363 change Leader from null to 5850d459-afdb-4e89-ba28-7bb123adbf73 at term 2 for appendEntries, leader elected after 10385ms
2019-08-29 18:45:35,929 [5850d459-afdb-4e89-ba28-7bb123adbf73-SegmentedRaftLogWorker:Storage Directory /workdir/hadoop-ozone/integration-test/target/test-dir/MiniOzoneClusterImpl-8c688366-329c-437c-96af-5eb13fe36e17/datanode-5/data/ratis/6604c0e2-f428-4e07-9752-c7cab4567363] INFO  segmented.SegmentedRaftLogWorker (SegmentedRaftLogWorker.java:execute(569)) - 5850d459-afdb-4e89-ba28-7bb123adbf73-SegmentedRaftLogWorker:Storage Directory /workdir/hadoop-ozone/integration-test/target/test-dir/MiniOzoneClusterImpl-8c688366-329c-437c-96af-5eb13fe36e17/datanode-5/data/ratis/6604c0e2-f428-4e07-9752-c7cab4567363: created new log segment /workdir/hadoop-ozone/integration-test/target/test-dir/MiniOzoneClusterImpl-8c688366-329c-437c-96af-5eb13fe36e17/datanode-5/data/ratis/6604c0e2-f428-4e07-9752-c7cab4567363/current/log_inprogress_0
2019-08-29 18:45:35,956 [grpc-default-executor-3] INFO  impl.RaftServerImpl (ServerState.java:setRaftConf(361)) - f2c96b08-76b2-46f2-98cd-4144f26dc826:group-1F952D049443 set configuration 0: [6a6acb30-adc4-4326-af95-ea389dbc40c9:192.168.36.71:44720, 9ee09e2b-0b4d-496f-9b25-bf998639c9cd:192.168.36.71:45985, f2c96b08-76b2-46f2-98cd-4144f26dc826:192.168.36.71:38775], old=null at 0
2019-08-29 18:45:35,956 [grpc-default-executor-4] INFO  impl.RaftServerImpl (ServerState.java:setRaftConf(361)) - 5e9edd26-e879-45de-b878-753be933b27b:group-C7CAB4567363 set configuration 0: [5850d459-afdb-4e89-ba28-7bb123adbf73:192.168.36.71:39635, 8d2fcdd5-85e8-4b2b-9f3a-543e9b9f1eee:192.168.36.71:42380, 5e9edd26-e879-45de-b878-753be933b27b:192.168.36.71:33389], old=null at 0
2019-08-29 18:45:35,966 [grpc-default-executor-3] INFO  segmented.SegmentedRaftLogWorker (SegmentedRaftLogWorker.java:startLogSegment(380)) - f2c96b08-76b2-46f2-98cd-4144f26dc826-SegmentedRaftLogWorker:Storage Directory /workdir/hadoop-ozone/integration-test/target/test-dir/MiniOzoneClusterImpl-8c688366-329c-437c-96af-5eb13fe36e17/datanode-0/data/ratis/5c49c461-cb1c-4d58-89c7-1f952d049443: Starting segment from index:0
2019-08-29 18:45:35,956 [grpc-default-executor-1] INFO  impl.RaftServerImpl (ServerState.java:setRaftConf(361)) - 8d2fcdd5-85e8-4b2b-9f3a-543e9b9f1eee:group-C7CAB4567363 set configuration 0: [5850d459-afdb-4e89-ba28-7bb123adbf73:192.168.36.71:39635, 8d2fcdd5-85e8-4b2b-9f3a-543e9b9f1eee:192.168.36.71:42380, 5e9edd26-e879-45de-b878-753be933b27b:192.168.36.71:33389], old=null at 0
2019-08-29 18:45:35,956 [grpc-default-executor-2] INFO  impl.RaftServerImpl (ServerState.java:setRaftConf(361)) - 9ee09e2b-0b4d-496f-9b25-bf998639c9cd:group-1F952D049443 set configuration 0: [6a6acb30-adc4-4326-af95-ea389dbc40c9:192.168.36.71:44720, 9ee09e2b-0b4d-496f-9b25-bf998639c9cd:192.168.36.71:45985, f2c96b08-76b2-46f2-98cd-4144f26dc826:192.168.36.71:38775], old=null at 0
2019-08-29 18:45:35,967 [grpc-default-executor-1] INFO  segmented.SegmentedRaftLogWorker (SegmentedRaftLogWorker.java:startLogSegment(380)) - 8d2fcdd5-85e8-4b2b-9f3a-543e9b9f1eee-SegmentedRaftLogWorker:Storage Directory /workdir/hadoop-ozone/integration-test/target/test-dir/MiniOzoneClusterImpl-8c688366-329c-437c-96af-5eb13fe36e17/datanode-1/data/ratis/6604c0e2-f428-4e07-9752-c7cab4567363: Starting segment from index:0
2019-08-29 18:45:35,966 [grpc-default-executor-4] INFO  segmented.SegmentedRaftLogWorker (SegmentedRaftLogWorker.java:startLogSegment(380)) - 5e9edd26-e879-45de-b878-753be933b27b-SegmentedRaftLogWorker:Storage Directory /workdir/hadoop-ozone/integration-test/target/test-dir/MiniOzoneClusterImpl-8c688366-329c-437c-96af-5eb13fe36e17/datanode-2/data/ratis/6604c0e2-f428-4e07-9752-c7cab4567363: Starting segment from index:0
2019-08-29 18:45:35,967 [grpc-default-executor-2] INFO  segmented.SegmentedRaftLogWorker (SegmentedRaftLogWorker.java:startLogSegment(380)) - 9ee09e2b-0b4d-496f-9b25-bf998639c9cd-SegmentedRaftLogWorker:Storage Directory /workdir/hadoop-ozone/integration-test/target/test-dir/MiniOzoneClusterImpl-8c688366-329c-437c-96af-5eb13fe36e17/datanode-4/data/ratis/5c49c461-cb1c-4d58-89c7-1f952d049443: Starting segment from index:0
2019-08-29 18:45:35,978 | INFO  | SCMAudit | user=jenkins1000 | ip=192.168.36.71 | op=SEND_HEARTBEAT {datanodeUUID=8d2fcdd5-85e8-4b2b-9f3a-543e9b9f1eee, command=[]} | ret=SUCCESS |  
2019-08-29 18:45:36,007 [9ee09e2b-0b4d-496f-9b25-bf998639c9cd-SegmentedRaftLogWorker:Storage Directory /workdir/hadoop-ozone/integration-test/target/test-dir/MiniOzoneClusterImpl-8c688366-329c-437c-96af-5eb13fe36e17/datanode-4/data/ratis/5c49c461-cb1c-4d58-89c7-1f952d049443] INFO  segmented.SegmentedRaftLogWorker (SegmentedRaftLogWorker.java:execute(569)) - 9ee09e2b-0b4d-496f-9b25-bf998639c9cd-SegmentedRaftLogWorker:Storage Directory /workdir/hadoop-ozone/integration-test/target/test-dir/MiniOzoneClusterImpl-8c688366-329c-437c-96af-5eb13fe36e17/datanode-4/data/ratis/5c49c461-cb1c-4d58-89c7-1f952d049443: created new log segment /workdir/hadoop-ozone/integration-test/target/test-dir/MiniOzoneClusterImpl-8c688366-329c-437c-96af-5eb13fe36e17/datanode-4/data/ratis/5c49c461-cb1c-4d58-89c7-1f952d049443/current/log_inprogress_0
2019-08-29 18:45:36,007 [f2c96b08-76b2-46f2-98cd-4144f26dc826-SegmentedRaftLogWorker:Storage Directory /workdir/hadoop-ozone/integration-test/target/test-dir/MiniOzoneClusterImpl-8c688366-329c-437c-96af-5eb13fe36e17/datanode-0/data/ratis/5c49c461-cb1c-4d58-89c7-1f952d049443] INFO  segmented.SegmentedRaftLogWorker (SegmentedRaftLogWorker.java:execute(569)) - f2c96b08-76b2-46f2-98cd-4144f26dc826-SegmentedRaftLogWorker:Storage Directory /workdir/hadoop-ozone/integration-test/target/test-dir/MiniOzoneClusterImpl-8c688366-329c-437c-96af-5eb13fe36e17/datanode-0/data/ratis/5c49c461-cb1c-4d58-89c7-1f952d049443: created new log segment /workdir/hadoop-ozone/integration-test/target/test-dir/MiniOzoneClusterImpl-8c688366-329c-437c-96af-5eb13fe36e17/datanode-0/data/ratis/5c49c461-cb1c-4d58-89c7-1f952d049443/current/log_inprogress_0
2019-08-29 18:45:36,007 [5e9edd26-e879-45de-b878-753be933b27b-SegmentedRaftLogWorker:Storage Directory /workdir/hadoop-ozone/integration-test/target/test-dir/MiniOzoneClusterImpl-8c688366-329c-437c-96af-5eb13fe36e17/datanode-2/data/ratis/6604c0e2-f428-4e07-9752-c7cab4567363] INFO  segmented.SegmentedRaftLogWorker (SegmentedRaftLogWorker.java:execute(569)) - 5e9edd26-e879-45de-b878-753be933b27b-SegmentedRaftLogWorker:Storage Directory /workdir/hadoop-ozone/integration-test/target/test-dir/MiniOzoneClusterImpl-8c688366-329c-437c-96af-5eb13fe36e17/datanode-2/data/ratis/6604c0e2-f428-4e07-9752-c7cab4567363: created new log segment /workdir/hadoop-ozone/integration-test/target/test-dir/MiniOzoneClusterImpl-8c688366-329c-437c-96af-5eb13fe36e17/datanode-2/data/ratis/6604c0e2-f428-4e07-9752-c7cab4567363/current/log_inprogress_0
2019-08-29 18:45:36,007 [8d2fcdd5-85e8-4b2b-9f3a-543e9b9f1eee-SegmentedRaftLogWorker:Storage Directory /workdir/hadoop-ozone/integration-test/target/test-dir/MiniOzoneClusterImpl-8c688366-329c-437c-96af-5eb13fe36e17/datanode-1/data/ratis/6604c0e2-f428-4e07-9752-c7cab4567363] INFO  segmented.SegmentedRaftLogWorker (SegmentedRaftLogWorker.java:execute(569)) - 8d2fcdd5-85e8-4b2b-9f3a-543e9b9f1eee-SegmentedRaftLogWorker:Storage Directory /workdir/hadoop-ozone/integration-test/target/test-dir/MiniOzoneClusterImpl-8c688366-329c-437c-96af-5eb13fe36e17/datanode-1/data/ratis/6604c0e2-f428-4e07-9752-c7cab4567363: created new log segment /workdir/hadoop-ozone/integration-test/target/test-dir/MiniOzoneClusterImpl-8c688366-329c-437c-96af-5eb13fe36e17/datanode-1/data/ratis/6604c0e2-f428-4e07-9752-c7cab4567363/current/log_inprogress_0
2019-08-29 18:45:36,052 | INFO  | SCMAudit | user=jenkins1000 | ip=192.168.36.71 | op=SEND_HEARTBEAT {datanodeUUID=5e9edd26-e879-45de-b878-753be933b27b, command=[]} | ret=SUCCESS |  
2019-08-29 18:45:36,123 | INFO  | SCMAudit | user=jenkins1000 | ip=192.168.36.71 | op=SEND_HEARTBEAT {datanodeUUID=d8c88268-1147-466c-8448-b76f760f74ad, command=[]} | ret=SUCCESS |  
2019-08-29 18:45:36,205 | INFO  | SCMAudit | user=jenkins1000 | ip=192.168.36.71 | op=SEND_HEARTBEAT {datanodeUUID=9ee09e2b-0b4d-496f-9b25-bf998639c9cd, command=[]} | ret=SUCCESS |  
2019-08-29 18:45:36,420 [EventQueue-CloseContainerForCloseContainerEventHandler] INFO  container.CloseContainerEventHandler (CloseContainerEventHandler.java:onMessage(61)) - Close container Event triggered for container : #1
2019-08-29 18:45:36,453 | INFO  | DNAudit | user=null | ip=null | op=WRITE_CHUNK {blockData=conID: 1 locID: 102701749118173185 bcsId: 0} | ret=SUCCESS |  
2019-08-29 18:45:36,460 | INFO  | DNAudit | user=null | ip=null | op=WRITE_CHUNK {blockData=conID: 1 locID: 102701749118173185 bcsId: 0} | ret=SUCCESS |  
2019-08-29 18:45:36,462 | INFO  | SCMAudit | user=jenkins1000 | ip=192.168.36.71 | op=SEND_HEARTBEAT {datanodeUUID=9ee09e2b-0b4d-496f-9b25-bf998639c9cd, command=[commandType: closeContainerCommand closeContainerCommandProto { containerID: 1 pipelineID { id: "5c49c461-cb1c-4d58-89c7-1f952d049443" } cmdId: 1 force: false } ]} | ret=SUCCESS |  
2019-08-29 18:45:36,462 | INFO  | SCMAudit | user=jenkins1000 | ip=192.168.36.71 | op=SEND_HEARTBEAT {datanodeUUID=6a6acb30-adc4-4326-af95-ea389dbc40c9, command=[commandType: closeContainerCommand closeContainerCommandProto { containerID: 1 pipelineID { id: "5c49c461-cb1c-4d58-89c7-1f952d049443" } cmdId: 1 force: false } ]} | ret=SUCCESS |  
2019-08-29 18:45:36,477 | INFO  | SCMAudit | user=jenkins1000 | ip=192.168.36.71 | op=SEND_HEARTBEAT {datanodeUUID=f2c96b08-76b2-46f2-98cd-4144f26dc826, command=[commandType: closeContainerCommand closeContainerCommandProto { containerID: 1 pipelineID { id: "5c49c461-cb1c-4d58-89c7-1f952d049443" } cmdId: 1 force: false } ]} | ret=SUCCESS |  
2019-08-29 18:45:36,481 | INFO  | DNAudit | user=null | ip=null | op=WRITE_CHUNK {blockData=conID: 1 locID: 102701749118173185 bcsId: 0} | ret=SUCCESS |  
2019-08-29 18:45:36,481 | INFO  | DNAudit | user=null | ip=null | op=WRITE_CHUNK {blockData=conID: 1 locID: 102701749118173185 bcsId: 0} | ret=SUCCESS |  
2019-08-29 18:45:36,497 | INFO  | DNAudit | user=null | ip=null | op=WRITE_CHUNK {blockData=conID: 1 locID: 102701749118173185 bcsId: 0} | ret=SUCCESS |  
2019-08-29 18:45:36,501 | INFO  | DNAudit | user=null | ip=null | op=WRITE_CHUNK {blockData=conID: 1 locID: 102701749118173185 bcsId: 0} | ret=SUCCESS |  
2019-08-29 18:45:36,512 [grpc-default-executor-1] INFO  client.GrpcClientProtocolClient (GrpcClientProtocolClient.java:onNext(255)) - client-8966B18487CA->6a6acb30-adc4-4326-af95-ea389dbc40c9: receive RaftClientReply:client-8966B18487CA->6a6acb30-adc4-4326-af95-ea389dbc40c9@group-1F952D049443, cid=13, SUCCESS, logIndex=1, commits[6a6acb30-adc4-4326-af95-ea389dbc40c9:c2, 9ee09e2b-0b4d-496f-9b25-bf998639c9cd:c1, f2c96b08-76b2-46f2-98cd-4144f26dc826:c1]
2019-08-29 18:45:36,617 | INFO  | DNAudit | user=null | ip=null | op=PUT_BLOCK {blockData=[blockId=conID: 1 locID: 102701749118173185 bcsId: 0,size=1048576]} | ret=SUCCESS |  
2019-08-29 18:45:36,624 [grpc-default-executor-1] INFO  client.GrpcClientProtocolClient (GrpcClientProtocolClient.java:onNext(255)) - client-8966B18487CA->6a6acb30-adc4-4326-af95-ea389dbc40c9: receive RaftClientReply:client-8966B18487CA->6a6acb30-adc4-4326-af95-ea389dbc40c9@group-1F952D049443, cid=14, SUCCESS, logIndex=3, commits[6a6acb30-adc4-4326-af95-ea389dbc40c9:c4, 9ee09e2b-0b4d-496f-9b25-bf998639c9cd:c3, f2c96b08-76b2-46f2-98cd-4144f26dc826:c3]
2019-08-29 18:45:36,658 | INFO  | DNAudit | user=null | ip=null | op=PUT_BLOCK {blockData=[blockId=conID: 1 locID: 102701749118173185 bcsId: 0,size=1048576]} | ret=SUCCESS |  
2019-08-29 18:45:36,705 | INFO  | DNAudit | user=null | ip=null | op=PUT_BLOCK {blockData=[blockId=conID: 1 locID: 102701749118173185 bcsId: 0,size=1048576]} | ret=SUCCESS |  
2019-08-29 18:45:36,755 | INFO  | SCMAudit | user=jenkins1000 | ip=192.168.36.71 | op=SEND_HEARTBEAT {datanodeUUID=5850d459-afdb-4e89-ba28-7bb123adbf73, command=[]} | ret=SUCCESS |  
2019-08-29 18:45:36,769 | INFO  | SCMAudit | user=jenkins1000 | ip=192.168.36.71 | op=SEND_HEARTBEAT {datanodeUUID=6a6acb30-adc4-4326-af95-ea389dbc40c9, command=[]} | ret=SUCCESS |  
2019-08-29 18:45:36,802 [RatisApplyTransactionExecutor 1] INFO  interfaces.Container (KeyValueContainer.java:flushAndSyncDB(382)) - Container 1 is synced with bcsId 3.
2019-08-29 18:45:36,802 [RatisApplyTransactionExecutor 1] INFO  interfaces.Container (KeyValueContainer.java:flushAndSyncDB(382)) - Container 1 is synced with bcsId 3.
2019-08-29 18:45:36,837 | INFO  | DNAudit | user=null | ip=null | op=CLOSE_CONTAINER {containerID=1} | ret=SUCCESS |  
2019-08-29 18:45:36,838 [RatisApplyTransactionExecutor 1] INFO  interfaces.Container (KeyValueContainer.java:flushAndSyncDB(382)) - Container 1 is synced with bcsId 3.
2019-08-29 18:45:36,840 [RatisApplyTransactionExecutor 1] INFO  interfaces.Container (KeyValueContainer.java:flushAndSyncDB(382)) - Container 1 is synced with bcsId 3.
2019-08-29 18:45:36,840 | INFO  | SCMAudit | user=jenkins1000 | ip=192.168.36.71 | op=SEND_HEARTBEAT {datanodeUUID=6a6acb30-adc4-4326-af95-ea389dbc40c9, command=[]} | ret=SUCCESS |  
2019-08-29 18:45:36,840 [RatisApplyTransactionExecutor 1] INFO  interfaces.Container (KeyValueContainer.java:flushAndSyncDB(382)) - Container 1 is synced with bcsId 3.
2019-08-29 18:45:36,840 | INFO  | SCMAudit | user=jenkins1000 | ip=192.168.36.71 | op=SEND_HEARTBEAT {datanodeUUID=f2c96b08-76b2-46f2-98cd-4144f26dc826, command=[]} | ret=SUCCESS |  
2019-08-29 18:45:36,840 [RatisApplyTransactionExecutor 1] INFO  interfaces.Container (KeyValueContainer.java:flushAndSyncDB(382)) - Container 1 is synced with bcsId 3.
2019-08-29 18:45:36,841 | INFO  | SCMAudit | user=jenkins1000 | ip=192.168.36.71 | op=SEND_HEARTBEAT {datanodeUUID=9ee09e2b-0b4d-496f-9b25-bf998639c9cd, command=[]} | ret=SUCCESS |  
2019-08-29 18:45:36,841 [EventQueue-IncrementalContainerReportForIncrementalContainerReportHandler] INFO  container.IncrementalContainerReportHandler (AbstractContainerReportHandler.java:updateContainerState(176)) - Moving container #1 to CLOSED state, datanode 6a6acb30-adc4-4326-af95-ea389dbc40c9{ip: 192.168.36.71, host: pr-hdds-1783-trunk-vh5xf-2283488870, networkLocation: /default-rack, certSerialId: null} reported CLOSED replica.
2019-08-29 18:45:36,851 | INFO  | DNAudit | user=null | ip=null | op=CLOSE_CONTAINER {containerID=1} | ret=SUCCESS |  
2019-08-29 18:45:36,851 | INFO  | DNAudit | user=null | ip=null | op=CLOSE_CONTAINER {containerID=1} | ret=SUCCESS |  
2019-08-29 18:45:36,852 | INFO  | SCMAudit | user=jenkins1000 | ip=192.168.36.71 | op=SEND_HEARTBEAT {datanodeUUID=9ee09e2b-0b4d-496f-9b25-bf998639c9cd, command=[]} | ret=SUCCESS |  
2019-08-29 18:45:36,853 | INFO  | SCMAudit | user=jenkins1000 | ip=192.168.36.71 | op=SEND_HEARTBEAT {datanodeUUID=f2c96b08-76b2-46f2-98cd-4144f26dc826, command=[]} | ret=SUCCESS |  
]]></system-out>
  </testcase>
  <testcase name="testBlockWritesWithFlushAndClose" classname="org.apache.hadoop.ozone.client.rpc.TestCloseContainerHandlingByClient" time="3.212"/>
  <testcase name="testBlockWritesCloseConsistency" classname="org.apache.hadoop.ozone.client.rpc.TestCloseContainerHandlingByClient" time="2.398"/>
  <testcase name="testMultiBlockWrites" classname="org.apache.hadoop.ozone.client.rpc.TestCloseContainerHandlingByClient" time="3.682"/>
  <testcase name="testBlockWrites" classname="org.apache.hadoop.ozone.client.rpc.TestCloseContainerHandlingByClient" time="1.697"/>
  <testcase name="testMultiBlockWrites2" classname="org.apache.hadoop.ozone.client.rpc.TestCloseContainerHandlingByClient" time="3.52"/>
  <testcase name="testMultiBlockWrites3" classname="org.apache.hadoop.ozone.client.rpc.TestCloseContainerHandlingByClient" time="8.404"/>
  <testcase name="testDiscardPreallocatedBlocks" classname="org.apache.hadoop.ozone.client.rpc.TestCloseContainerHandlingByClient" time="0">
    <skipped/>
  </testcase>
</testsuite>