<?xml version="1.0" encoding="UTF-8"?>
<testsuite xmlns:xsi="http://www.w3.org/2001/XMLSchema-instance" xsi:noNamespaceSchemaLocation="https://maven.apache.org/surefire/maven-surefire-plugin/xsd/surefire-test-report.xsd" name="org.apache.hadoop.ozone.client.rpc.TestMultiBlockWritesWithDnFailures" time="148.763" tests="2" errors="1" skipped="0" failures="0">
  <properties>
    <property name="awt.toolkit" value="sun.awt.X11.XToolkit"/>
    <property name="file.encoding.pkg" value="sun.io"/>
    <property name="java.specification.version" value="1.8"/>
    <property name="sun.cpu.isalist" value=""/>
    <property name="sun.jnu.encoding" value="UTF-8"/>
    <property name="java.class.path" value="/workdir/hadoop-ozone/integration-test/target/test-classes:/workdir/hadoop-ozone/integration-test/target/classes:/home/user/.m2/repository/org/apache/hadoop/hadoop-ozone-common/0.5.0-SNAPSHOT/hadoop-ozone-common-0.5.0-SNAPSHOT.jar:/home/user/.m2/repository/org/apache/commons/commons-compress/1.4.1/commons-compress-1.4.1.jar:/home/user/.m2/repository/org/tukaani/xz/1.0/xz-1.0.jar:/home/user/.m2/repository/org/apache/hadoop/hadoop-common/3.2.0/hadoop-common-3.2.0.jar:/home/user/.m2/repository/org/apache/hadoop/hadoop-hdfs/3.2.0/hadoop-hdfs-3.2.0.jar:/home/user/.m2/repository/org/apache/hadoop/hadoop-hdfs-client/3.2.0/hadoop-hdfs-client-3.2.0.jar:/home/user/.m2/repository/com/fasterxml/jackson/core/jackson-annotations/2.9.5/jackson-annotations-2.9.5.jar:/home/user/.m2/repository/org/apache/hadoop/hadoop-hdds-common/0.5.0-SNAPSHOT/hadoop-hdds-common-0.5.0-SNAPSHOT.jar:/home/user/.m2/repository/javax/annotation/javax.annotation-api/1.2/javax.annotation-api-1.2.jar:/home/user/.m2/repository/org/apache/ratis/ratis-server/0.4.0-78e95b9-SNAPSHOT/ratis-server-0.4.0-78e95b9-SNAPSHOT.jar:/home/user/.m2/repository/org/apache/ratis/ratis-thirdparty-misc/0.2.0/ratis-thirdparty-misc-0.2.0.jar:/home/user/.m2/repository/org/apache/ratis/ratis-proto/0.4.0-78e95b9-SNAPSHOT/ratis-proto-0.4.0-78e95b9-SNAPSHOT.jar:/home/user/.m2/repository/org/apache/ratis/ratis-common/0.4.0-78e95b9-SNAPSHOT/ratis-common-0.4.0-78e95b9-SNAPSHOT.jar:/home/user/.m2/repository/org/apache/ratis/ratis-client/0.4.0-78e95b9-SNAPSHOT/ratis-client-0.4.0-78e95b9-SNAPSHOT.jar:/home/user/.m2/repository/org/apache/ratis/ratis-metrics/0.4.0-78e95b9-SNAPSHOT/ratis-metrics-0.4.0-78e95b9-SNAPSHOT.jar:/home/user/.m2/repository/com/github/joshelser/dropwizard-metrics-hadoop-metrics2-reporter/0.1.2/dropwizard-metrics-hadoop-metrics2-reporter-0.1.2.jar:/home/user/.m2/repository/io/dropwizard/metrics/metrics-jvm/3.2.5/metrics-jvm-3.2.5.jar:/home/user/.m2/repository/io/dropwizard/metrics/metrics-ganglia/3.2.5/metrics-ganglia-3.2.5.jar:/home/user/.m2/repository/info/ganglia/gmetric4j/gmetric4j/1.0.7/gmetric4j-1.0.7.jar:/home/user/.m2/repository/org/apache/ratis/ratis-netty/0.4.0-78e95b9-SNAPSHOT/ratis-netty-0.4.0-78e95b9-SNAPSHOT.jar:/home/user/.m2/repository/org/apache/ratis/ratis-grpc/0.4.0-78e95b9-SNAPSHOT/ratis-grpc-0.4.0-78e95b9-SNAPSHOT.jar:/home/user/.m2/repository/org/rocksdb/rocksdbjni/6.0.1/rocksdbjni-6.0.1.jar:/home/user/.m2/repository/org/apache/logging/log4j/log4j-api/2.11.0/log4j-api-2.11.0.jar:/home/user/.m2/repository/org/apache/logging/log4j/log4j-core/2.11.0/log4j-core-2.11.0.jar:/home/user/.m2/repository/com/lmax/disruptor/3.4.2/disruptor-3.4.2.jar:/home/user/.m2/repository/org/apache/commons/commons-pool2/2.6.0/commons-pool2-2.6.0.jar:/home/user/.m2/repository/org/bouncycastle/bcpkix-jdk15on/1.60/bcpkix-jdk15on-1.60.jar:/home/user/.m2/repository/commons-validator/commons-validator/1.6/commons-validator-1.6.jar:/home/user/.m2/repository/commons-digester/commons-digester/1.8.1/commons-digester-1.8.1.jar:/home/user/.m2/repository/io/jaegertracing/jaeger-client/0.33.1/jaeger-client-0.33.1.jar:/home/user/.m2/repository/io/jaegertracing/jaeger-thrift/0.33.1/jaeger-thrift-0.33.1.jar:/home/user/.m2/repository/org/apache/thrift/libthrift/0.11.0/libthrift-0.11.0.jar:/home/user/.m2/repository/com/squareup/okhttp3/okhttp/3.9.0/okhttp-3.9.0.jar:/home/user/.m2/repository/com/squareup/okio/okio/1.13.0/okio-1.13.0.jar:/home/user/.m2/repository/io/jaegertracing/jaeger-core/0.33.1/jaeger-core-0.33.1.jar:/home/user/.m2/repository/io/jaegertracing/jaeger-tracerresolver/0.33.1/jaeger-tracerresolver-0.33.1.jar:/home/user/.m2/repository/io/opentracing/contrib/opentracing-tracerresolver/0.1.5/opentracing-tracerresolver-0.1.5.jar:/home/user/.m2/repository/io/opentracing/opentracing-util/0.31.0/opentracing-util-0.31.0.jar:/home/user/.m2/repository/io/opentracing/opentracing-api/0.31.0/opentracing-api-0.31.0.jar:/home/user/.m2/repository/io/opentracing/opentracing-noop/0.31.0/opentracing-noop-0.31.0.jar:/home/user/.m2/repository/org/apache/hadoop/hadoop-hdds-server-framework/0.5.0-SNAPSHOT/hadoop-hdds-server-framework-0.5.0-SNAPSHOT.jar:/home/user/.m2/repository/org/apache/hadoop/hadoop-hdds-container-service/0.5.0-SNAPSHOT/hadoop-hdds-container-service-0.5.0-SNAPSHOT.jar:/home/user/.m2/repository/org/apache/hadoop/hadoop-hdds-client/0.5.0-SNAPSHOT/hadoop-hdds-client-0.5.0-SNAPSHOT.jar:/home/user/.m2/repository/org/apache/hadoop/hadoop-hdds-tools/0.5.0-SNAPSHOT/hadoop-hdds-tools-0.5.0-SNAPSHOT.jar:/home/user/.m2/repository/org/apache/hadoop/hadoop-hdds-server-scm/0.5.0-SNAPSHOT/hadoop-hdds-server-scm-0.5.0-SNAPSHOT.jar:/home/user/.m2/repository/org/apache/hadoop/hadoop-hdds-docs/0.5.0-SNAPSHOT/hadoop-hdds-docs-0.5.0-SNAPSHOT.jar:/home/user/.m2/repository/io/dropwizard/metrics/metrics-core/3.2.4/metrics-core-3.2.4.jar:/home/user/.m2/repository/org/hamcrest/hamcrest-all/1.3/hamcrest-all-1.3.jar:/home/user/.m2/repository/org/bouncycastle/bcprov-jdk15on/1.60/bcprov-jdk15on-1.60.jar:/home/user/.m2/repository/info/picocli/picocli/3.9.6/picocli-3.9.6.jar:/home/user/.m2/repository/com/google/protobuf/protobuf-java/2.5.0/protobuf-java-2.5.0.jar:/home/user/.m2/repository/com/google/guava/guava/11.0.2/guava-11.0.2.jar:/home/user/.m2/repository/org/apache/hadoop/hadoop-ozone-ozone-manager/0.5.0-SNAPSHOT/hadoop-ozone-ozone-manager-0.5.0-SNAPSHOT.jar:/home/user/.m2/repository/org/apache/hadoop/hadoop-minikdc/3.2.0/hadoop-minikdc-3.2.0.jar:/home/user/.m2/repository/commons-io/commons-io/2.5/commons-io-2.5.jar:/home/user/.m2/repository/org/apache/kerby/kerb-simplekdc/1.0.1/kerb-simplekdc-1.0.1.jar:/home/user/.m2/repository/org/apache/kerby/kerb-client/1.0.1/kerb-client-1.0.1.jar:/home/user/.m2/repository/org/apache/kerby/kerby-config/1.0.1/kerby-config-1.0.1.jar:/home/user/.m2/repository/org/apache/kerby/kerb-core/1.0.1/kerb-core-1.0.1.jar:/home/user/.m2/repository/org/apache/kerby/kerby-pkix/1.0.1/kerby-pkix-1.0.1.jar:/home/user/.m2/repository/org/apache/kerby/kerby-asn1/1.0.1/kerby-asn1-1.0.1.jar:/home/user/.m2/repository/org/apache/kerby/kerby-util/1.0.1/kerby-util-1.0.1.jar:/home/user/.m2/repository/org/apache/kerby/kerb-common/1.0.1/kerb-common-1.0.1.jar:/home/user/.m2/repository/org/apache/kerby/kerb-crypto/1.0.1/kerb-crypto-1.0.1.jar:/home/user/.m2/repository/org/apache/kerby/kerb-util/1.0.1/kerb-util-1.0.1.jar:/home/user/.m2/repository/org/apache/kerby/token-provider/1.0.1/token-provider-1.0.1.jar:/home/user/.m2/repository/org/apache/kerby/kerb-admin/1.0.1/kerb-admin-1.0.1.jar:/home/user/.m2/repository/org/apache/kerby/kerb-server/1.0.1/kerb-server-1.0.1.jar:/home/user/.m2/repository/org/apache/kerby/kerb-identity/1.0.1/kerb-identity-1.0.1.jar:/home/user/.m2/repository/org/apache/kerby/kerby-xdr/1.0.1/kerby-xdr-1.0.1.jar:/home/user/.m2/repository/org/slf4j/slf4j-log4j12/1.7.25/slf4j-log4j12-1.7.25.jar:/home/user/.m2/repository/org/apache/hadoop/hadoop-ozone-s3gateway/0.5.0-SNAPSHOT/hadoop-ozone-s3gateway-0.5.0-SNAPSHOT.jar:/home/user/.m2/repository/org/jboss/weld/servlet/weld-servlet/2.4.7.Final/weld-servlet-2.4.7.Final.jar:/home/user/.m2/repository/org/glassfish/jersey/containers/jersey-container-servlet-core/2.27/jersey-container-servlet-core-2.27.jar:/home/user/.m2/repository/org/glassfish/hk2/external/javax.inject/2.5.0-b42/javax.inject-2.5.0-b42.jar:/home/user/.m2/repository/org/glassfish/jersey/core/jersey-common/2.27/jersey-common-2.27.jar:/home/user/.m2/repository/org/glassfish/hk2/osgi-resource-locator/1.0.1/osgi-resource-locator-1.0.1.jar:/home/user/.m2/repository/javax/ws/rs/javax.ws.rs-api/2.1/javax.ws.rs-api-2.1.jar:/home/user/.m2/repository/org/glassfish/jersey/ext/cdi/jersey-cdi1x/2.27/jersey-cdi1x-2.27.jar:/home/user/.m2/repository/org/glassfish/jersey/inject/jersey-hk2/2.27/jersey-hk2-2.27.jar:/home/user/.m2/repository/org/glassfish/hk2/hk2-locator/2.5.0-b42/hk2-locator-2.5.0-b42.jar:/home/user/.m2/repository/org/javassist/javassist/3.22.0-CR2/javassist-3.22.0-CR2.jar:/home/user/.m2/repository/org/glassfish/hk2/hk2-api/2.5.0/hk2-api-2.5.0.jar:/home/user/.m2/repository/org/glassfish/hk2/external/jakarta.inject/2.5.0/jakarta.inject-2.5.0.jar:/home/user/.m2/repository/org/glassfish/hk2/hk2-utils/2.5.0/hk2-utils-2.5.0.jar:/home/user/.m2/repository/jakarta/annotation/jakarta.annotation-api/1.3.4/jakarta.annotation-api-1.3.4.jar:/home/user/.m2/repository/org/glassfish/hk2/external/aopalliance-repackaged/2.5.0/aopalliance-repackaged-2.5.0.jar:/home/user/.m2/repository/com/fasterxml/jackson/dataformat/jackson-dataformat-xml/2.9.0/jackson-dataformat-xml-2.9.0.jar:/home/user/.m2/repository/com/fasterxml/jackson/core/jackson-core/2.9.5/jackson-core-2.9.5.jar:/home/user/.m2/repository/com/fasterxml/jackson/module/jackson-module-jaxb-annotations/2.9.5/jackson-module-jaxb-annotations-2.9.5.jar:/home/user/.m2/repository/javax/enterprise/cdi-api/1.2/cdi-api-1.2.jar:/home/user/.m2/repository/javax/el/javax.el-api/3.0.0/javax.el-api-3.0.0.jar:/home/user/.m2/repository/javax/interceptor/javax.interceptor-api/1.2/javax.interceptor-api-1.2.jar:/home/user/.m2/repository/javax/inject/javax.inject/1/javax.inject-1.jar:/home/user/.m2/repository/com/sun/xml/bind/jaxb-impl/2.3.0.1/jaxb-impl-2.3.0.1.jar:/home/user/.m2/repository/com/sun/xml/bind/jaxb-core/2.3.0.1/jaxb-core-2.3.0.1.jar:/home/user/.m2/repository/javax/xml/bind/jaxb-api/2.3.0/jaxb-api-2.3.0.jar:/home/user/.m2/repository/javax/activation/activation/1.1.1/activation-1.1.1.jar:/home/user/.m2/repository/org/apache/hadoop/hadoop-ozone-csi/0.5.0-SNAPSHOT/hadoop-ozone-csi-0.5.0-SNAPSHOT.jar:/home/user/.m2/repository/com/google/protobuf/protobuf-java-util/3.5.1/protobuf-java-util-3.5.1.jar:/home/user/.m2/repository/org/apache/hadoop/hadoop-hdds-config/0.5.0-SNAPSHOT/hadoop-hdds-config-0.5.0-SNAPSHOT.jar:/home/user/.m2/repository/io/grpc/grpc-netty/1.17.1/grpc-netty-1.17.1.jar:/home/user/.m2/repository/io/grpc/grpc-core/1.17.1/grpc-core-1.17.1.jar:/home/user/.m2/repository/io/grpc/grpc-context/1.17.1/grpc-context-1.17.1.jar:/home/user/.m2/repository/com/google/errorprone/error_prone_annotations/2.2.0/error_prone_annotations-2.2.0.jar:/home/user/.m2/repository/org/codehaus/mojo/animal-sniffer-annotations/1.17/animal-sniffer-annotations-1.17.jar:/home/user/.m2/repository/io/opencensus/opencensus-api/0.17.0/opencensus-api-0.17.0.jar:/home/user/.m2/repository/io/opencensus/opencensus-contrib-grpc-metrics/0.17.0/opencensus-contrib-grpc-metrics-0.17.0.jar:/home/user/.m2/repository/io/netty/netty-codec-http2/4.1.30.Final/netty-codec-http2-4.1.30.Final.jar:/home/user/.m2/repository/io/netty/netty-codec-http/4.1.30.Final/netty-codec-http-4.1.30.Final.jar:/home/user/.m2/repository/io/netty/netty-codec/4.1.30.Final/netty-codec-4.1.30.Final.jar:/home/user/.m2/repository/io/netty/netty-handler/4.1.30.Final/netty-handler-4.1.30.Final.jar:/home/user/.m2/repository/io/netty/netty-handler-proxy/4.1.30.Final/netty-handler-proxy-4.1.30.Final.jar:/home/user/.m2/repository/io/netty/netty-codec-socks/4.1.30.Final/netty-codec-socks-4.1.30.Final.jar:/home/user/.m2/repository/io/netty/netty-transport-native-epoll/4.1.30.Final/netty-transport-native-epoll-4.1.30.Final.jar:/home/user/.m2/repository/io/netty/netty-common/4.1.30.Final/netty-common-4.1.30.Final.jar:/home/user/.m2/repository/io/netty/netty-buffer/4.1.30.Final/netty-buffer-4.1.30.Final.jar:/home/user/.m2/repository/io/netty/netty-transport/4.1.30.Final/netty-transport-4.1.30.Final.jar:/home/user/.m2/repository/io/netty/netty-resolver/4.1.30.Final/netty-resolver-4.1.30.Final.jar:/home/user/.m2/repository/io/netty/netty-transport-native-unix-common/4.1.30.Final/netty-transport-native-unix-common-4.1.30.Final.jar:/home/user/.m2/repository/io/grpc/grpc-protobuf/1.17.1/grpc-protobuf-1.17.1.jar:/home/user/.m2/repository/com/google/api/grpc/proto-google-common-protos/1.0.0/proto-google-common-protos-1.0.0.jar:/home/user/.m2/repository/io/grpc/grpc-protobuf-lite/1.17.1/grpc-protobuf-lite-1.17.1.jar:/home/user/.m2/repository/io/grpc/grpc-stub/1.17.1/grpc-stub-1.17.1.jar:/home/user/.m2/repository/org/apache/hadoop/hadoop-ozone-recon/0.5.0-SNAPSHOT/hadoop-ozone-recon-0.5.0-SNAPSHOT.jar:/home/user/.m2/repository/org/apache/hadoop/hadoop-ozone-reconcodegen/0.5.0-SNAPSHOT/hadoop-ozone-reconcodegen-0.5.0-SNAPSHOT.jar:/home/user/.m2/repository/com/google/inject/extensions/guice-multibindings/4.0/guice-multibindings-4.0.jar:/home/user/.m2/repository/com/google/inject/guice/4.0/guice-4.0.jar:/home/user/.m2/repository/aopalliance/aopalliance/1.0/aopalliance-1.0.jar:/home/user/.m2/repository/com/google/inject/extensions/guice-servlet/4.0/guice-servlet-4.0.jar:/home/user/.m2/repository/org/glassfish/jersey/containers/jersey-container-servlet/2.27/jersey-container-servlet-2.27.jar:/home/user/.m2/repository/org/glassfish/hk2/guice-bridge/2.5.0/guice-bridge-2.5.0.jar:/home/user/.m2/repository/org/glassfish/jersey/core/jersey-server/2.27/jersey-server-2.27.jar:/home/user/.m2/repository/org/glassfish/jersey/core/jersey-client/2.27/jersey-client-2.27.jar:/home/user/.m2/repository/org/glassfish/jersey/media/jersey-media-jaxb/2.27/jersey-media-jaxb-2.27.jar:/home/user/.m2/repository/javax/validation/validation-api/1.1.0.Final/validation-api-1.1.0.Final.jar:/home/user/.m2/repository/org/glassfish/jersey/media/jersey-media-json-jackson/2.27/jersey-media-json-jackson-2.27.jar:/home/user/.m2/repository/org/glassfish/jersey/ext/jersey-entity-filtering/2.27/jersey-entity-filtering-2.27.jar:/home/user/.m2/repository/com/google/inject/extensions/guice-assistedinject/4.0/guice-assistedinject-4.0.jar:/home/user/.m2/repository/org/jooq/jooq/3.11.10/jooq-3.11.10.jar:/home/user/.m2/repository/org/jooq/jooq-meta/3.11.10/jooq-meta-3.11.10.jar:/home/user/.m2/repository/org/jooq/jooq-codegen/3.11.10/jooq-codegen-3.11.10.jar:/home/user/.m2/repository/com/jolbox/bonecp/0.8.0.RELEASE/bonecp-0.8.0.RELEASE.jar:/home/user/.m2/repository/org/xerial/sqlite-jdbc/3.25.2/sqlite-jdbc-3.25.2.jar:/home/user/.m2/repository/org/springframework/spring-jdbc/5.1.3.RELEASE/spring-jdbc-5.1.3.RELEASE.jar:/home/user/.m2/repository/org/springframework/spring-beans/5.1.3.RELEASE/spring-beans-5.1.3.RELEASE.jar:/home/user/.m2/repository/org/springframework/spring-core/5.1.3.RELEASE/spring-core-5.1.3.RELEASE.jar:/home/user/.m2/repository/org/springframework/spring-jcl/5.1.3.RELEASE/spring-jcl-5.1.3.RELEASE.jar:/home/user/.m2/repository/org/springframework/spring-tx/5.1.3.RELEASE/spring-tx-5.1.3.RELEASE.jar:/home/user/.m2/repository/org/apache/hadoop/hadoop-ozone-client/0.5.0-SNAPSHOT/hadoop-ozone-client-0.5.0-SNAPSHOT.jar:/home/user/.m2/repository/commons-lang/commons-lang/2.6/commons-lang-2.6.jar:/home/user/.m2/repository/org/apache/hadoop/hadoop-ozone-ozone-manager/0.5.0-SNAPSHOT/hadoop-ozone-ozone-manager-0.5.0-SNAPSHOT-tests.jar:/home/user/.m2/repository/junit/junit/4.11/junit-4.11.jar:/home/user/.m2/repository/org/hamcrest/hamcrest-core/1.3/hamcrest-core-1.3.jar:/home/user/.m2/repository/org/openjdk/jmh/jmh-core/1.19/jmh-core-1.19.jar:/home/user/.m2/repository/net/sf/jopt-simple/jopt-simple/4.6/jopt-simple-4.6.jar:/home/user/.m2/repository/org/apache/commons/commons-math3/3.1.1/commons-math3-3.1.1.jar:/home/user/.m2/repository/org/openjdk/jmh/jmh-generator-annprocess/1.19/jmh-generator-annprocess-1.19.jar:/home/user/.m2/repository/org/mockito/mockito-all/1.8.5/mockito-all-1.8.5.jar:/home/user/.m2/repository/org/apache/hadoop/hadoop-kms/3.2.0/hadoop-kms-3.2.0.jar:/home/user/.m2/repository/org/apache/hadoop/hadoop-auth/3.2.0/hadoop-auth-3.2.0.jar:/home/user/.m2/repository/com/nimbusds/nimbus-jose-jwt/4.41.1/nimbus-jose-jwt-4.41.1.jar:/home/user/.m2/repository/com/github/stephenc/jcip/jcip-annotations/1.0-1/jcip-annotations-1.0-1.jar:/home/user/.m2/repository/net/minidev/json-smart/2.3/json-smart-2.3.jar:/home/user/.m2/repository/net/minidev/accessors-smart/1.2/accessors-smart-1.2.jar:/home/user/.m2/repository/org/ow2/asm/asm/5.0.4/asm-5.0.4.jar:/home/user/.m2/repository/org/apache/curator/curator-framework/2.12.0/curator-framework-2.12.0.jar:/home/user/.m2/repository/com/sun/jersey/jersey-core/1.19/jersey-core-1.19.jar:/home/user/.m2/repository/javax/ws/rs/jsr311-api/1.1.1/jsr311-api-1.1.1.jar:/home/user/.m2/repository/com/sun/jersey/jersey-server/1.19/jersey-server-1.19.jar:/home/user/.m2/repository/javax/servlet/javax.servlet-api/3.1.0/javax.servlet-api-3.1.0.jar:/home/user/.m2/repository/org/eclipse/jetty/jetty-server/9.3.24.v20180605/jetty-server-9.3.24.v20180605.jar:/home/user/.m2/repository/org/eclipse/jetty/jetty-http/9.3.24.v20180605/jetty-http-9.3.24.v20180605.jar:/home/user/.m2/repository/org/eclipse/jetty/jetty-io/9.3.24.v20180605/jetty-io-9.3.24.v20180605.jar:/home/user/.m2/repository/org/eclipse/jetty/jetty-webapp/9.3.24.v20180605/jetty-webapp-9.3.24.v20180605.jar:/home/user/.m2/repository/org/eclipse/jetty/jetty-xml/9.3.24.v20180605/jetty-xml-9.3.24.v20180605.jar:/home/user/.m2/repository/log4j/log4j/1.2.17/log4j-1.2.17.jar:/home/user/.m2/repository/org/slf4j/slf4j-api/1.7.25/slf4j-api-1.7.25.jar:/home/user/.m2/repository/org/slf4j/jul-to-slf4j/1.7.25/jul-to-slf4j-1.7.25.jar:/home/user/.m2/repository/org/eclipse/jetty/jetty-util/9.3.24.v20180605/jetty-util-9.3.24.v20180605.jar:/home/user/.m2/repository/com/fasterxml/jackson/core/jackson-databind/2.9.5/jackson-databind-2.9.5.jar:/home/user/.m2/repository/org/apache/hadoop/hadoop-kms/3.2.0/hadoop-kms-3.2.0-tests.jar:/home/user/.m2/repository/org/apache/hadoop/hadoop-hdds-server-scm/0.5.0-SNAPSHOT/hadoop-hdds-server-scm-0.5.0-SNAPSHOT-tests.jar:/home/user/.m2/repository/org/apache/hadoop/hadoop-hdds-container-service/0.5.0-SNAPSHOT/hadoop-hdds-container-service-0.5.0-SNAPSHOT-tests.jar:/home/user/.m2/repository/org/yaml/snakeyaml/1.16/snakeyaml-1.16.jar:/home/user/.m2/repository/org/apache/hadoop/hadoop-common/3.2.0/hadoop-common-3.2.0-tests.jar:/home/user/.m2/repository/org/apache/hadoop/hadoop-annotations/3.2.0/hadoop-annotations-3.2.0.jar:/usr/lib/jvm/java-1.8-openjdk/jre/../lib/tools.jar:/home/user/.m2/repository/commons-cli/commons-cli/1.2/commons-cli-1.2.jar:/home/user/.m2/repository/org/apache/httpcomponents/httpclient/4.5.2/httpclient-4.5.2.jar:/home/user/.m2/repository/org/apache/httpcomponents/httpcore/4.4.4/httpcore-4.4.4.jar:/home/user/.m2/repository/commons-codec/commons-codec/1.11/commons-codec-1.11.jar:/home/user/.m2/repository/commons-net/commons-net/3.6/commons-net-3.6.jar:/home/user/.m2/repository/commons-collections/commons-collections/3.2.2/commons-collections-3.2.2.jar:/home/user/.m2/repository/org/eclipse/jetty/jetty-servlet/9.3.24.v20180605/jetty-servlet-9.3.24.v20180605.jar:/home/user/.m2/repository/org/eclipse/jetty/jetty-security/9.3.24.v20180605/jetty-security-9.3.24.v20180605.jar:/home/user/.m2/repository/javax/servlet/jsp/jsp-api/2.1/jsp-api-2.1.jar:/home/user/.m2/repository/com/sun/jersey/jersey-servlet/1.19/jersey-servlet-1.19.jar:/home/user/.m2/repository/com/sun/jersey/jersey-json/1.19/jersey-json-1.19.jar:/home/user/.m2/repository/org/codehaus/jettison/jettison/1.1/jettison-1.1.jar:/home/user/.m2/repository/org/codehaus/jackson/jackson-core-asl/1.9.13/jackson-core-asl-1.9.13.jar:/home/user/.m2/repository/org/codehaus/jackson/jackson-mapper-asl/1.9.13/jackson-mapper-asl-1.9.13.jar:/home/user/.m2/repository/org/codehaus/jackson/jackson-jaxrs/1.9.13/jackson-jaxrs-1.9.13.jar:/home/user/.m2/repository/org/codehaus/jackson/jackson-xc/1.9.13/jackson-xc-1.9.13.jar:/home/user/.m2/repository/commons-logging/commons-logging/1.1.3/commons-logging-1.1.3.jar:/home/user/.m2/repository/commons-beanutils/commons-beanutils/1.9.3/commons-beanutils-1.9.3.jar:/home/user/.m2/repository/org/apache/commons/commons-configuration2/2.1.1/commons-configuration2-2.1.1.jar:/home/user/.m2/repository/org/apache/commons/commons-lang3/3.7/commons-lang3-3.7.jar:/home/user/.m2/repository/org/apache/commons/commons-text/1.4/commons-text-1.4.jar:/home/user/.m2/repository/org/apache/avro/avro/1.7.7/avro-1.7.7.jar:/home/user/.m2/repository/com/thoughtworks/paranamer/paranamer/2.3/paranamer-2.3.jar:/home/user/.m2/repository/org/xerial/snappy/snappy-java/1.0.5/snappy-java-1.0.5.jar:/home/user/.m2/repository/com/google/re2j/re2j/1.1/re2j-1.1.jar:/home/user/.m2/repository/com/google/code/gson/gson/2.2.4/gson-2.2.4.jar:/home/user/.m2/repository/com/jcraft/jsch/0.1.54/jsch-0.1.54.jar:/home/user/.m2/repository/org/apache/curator/curator-client/2.12.0/curator-client-2.12.0.jar:/home/user/.m2/repository/org/apache/curator/curator-recipes/2.12.0/curator-recipes-2.12.0.jar:/home/user/.m2/repository/com/google/code/findbugs/jsr305/3.0.0/jsr305-3.0.0.jar:/home/user/.m2/repository/org/apache/htrace/htrace-core4/4.1.0-incubating/htrace-core4-4.1.0-incubating.jar:/home/user/.m2/repository/org/apache/zookeeper/zookeeper/3.4.13/zookeeper-3.4.13.jar:/home/user/.m2/repository/org/apache/yetus/audience-annotations/0.5.0/audience-annotations-0.5.0.jar:/home/user/.m2/repository/org/codehaus/woodstox/stax2-api/3.1.4/stax2-api-3.1.4.jar:/home/user/.m2/repository/com/fasterxml/woodstox/woodstox-core/5.0.3/woodstox-core-5.0.3.jar:/home/user/.m2/repository/dnsjava/dnsjava/2.1.7/dnsjava-2.1.7.jar:/home/user/.m2/repository/org/apache/hadoop/hadoop-hdfs/3.2.0/hadoop-hdfs-3.2.0-tests.jar:/home/user/.m2/repository/org/eclipse/jetty/jetty-util-ajax/9.3.24.v20180605/jetty-util-ajax-9.3.24.v20180605.jar:/home/user/.m2/repository/commons-daemon/commons-daemon/1.0.13/commons-daemon-1.0.13.jar:/home/user/.m2/repository/io/netty/netty/3.10.5.Final/netty-3.10.5.Final.jar:/home/user/.m2/repository/io/netty/netty-all/4.0.52.Final/netty-all-4.0.52.Final.jar:/home/user/.m2/repository/org/fusesource/leveldbjni/leveldbjni-all/1.8/leveldbjni-all-1.8.jar:"/>
    <property name="java.vm.vendor" value="IcedTea"/>
    <property name="sun.arch.data.model" value="64"/>
    <property name="test.build.dir" value="/workdir/hadoop-ozone/integration-test/target/test-dir"/>
    <property name="test.cache.data" value=""/>
    <property name="java.vendor.url" value="https://icedtea.classpath.org"/>
    <property name="user.timezone" value=""/>
    <property name="java.vm.specification.version" value="1.8"/>
    <property name="os.name" value="Linux"/>
    <property name="test.build.data" value="/workdir/hadoop-ozone/integration-test/target/test-dir"/>
    <property name="user.country" value="US"/>
    <property name="sun.java.launcher" value="SUN_STANDARD"/>
    <property name="sun.boot.library.path" value="/usr/lib/jvm/java-1.8-openjdk/jre/lib/amd64"/>
    <property name="sun.java.command" value="/workdir/hadoop-ozone/integration-test/target/surefire/surefirebooter8640986727241112949.jar /workdir/hadoop-ozone/integration-test/target/surefire 2019-09-11T09-51-54_257-jvmRun1 surefire5943621603929985844tmp surefire_262515836823984366884tmp"/>
    <property name="test" value="!TestMiniChaosOzoneCluster"/>
    <property name="surefire.test.class.path" value="/workdir/hadoop-ozone/integration-test/target/test-classes:/workdir/hadoop-ozone/integration-test/target/classes:/home/user/.m2/repository/org/apache/hadoop/hadoop-ozone-common/0.5.0-SNAPSHOT/hadoop-ozone-common-0.5.0-SNAPSHOT.jar:/home/user/.m2/repository/org/apache/commons/commons-compress/1.4.1/commons-compress-1.4.1.jar:/home/user/.m2/repository/org/tukaani/xz/1.0/xz-1.0.jar:/home/user/.m2/repository/org/apache/hadoop/hadoop-common/3.2.0/hadoop-common-3.2.0.jar:/home/user/.m2/repository/org/apache/hadoop/hadoop-hdfs/3.2.0/hadoop-hdfs-3.2.0.jar:/home/user/.m2/repository/org/apache/hadoop/hadoop-hdfs-client/3.2.0/hadoop-hdfs-client-3.2.0.jar:/home/user/.m2/repository/com/fasterxml/jackson/core/jackson-annotations/2.9.5/jackson-annotations-2.9.5.jar:/home/user/.m2/repository/org/apache/hadoop/hadoop-hdds-common/0.5.0-SNAPSHOT/hadoop-hdds-common-0.5.0-SNAPSHOT.jar:/home/user/.m2/repository/javax/annotation/javax.annotation-api/1.2/javax.annotation-api-1.2.jar:/home/user/.m2/repository/org/apache/ratis/ratis-server/0.4.0-78e95b9-SNAPSHOT/ratis-server-0.4.0-78e95b9-SNAPSHOT.jar:/home/user/.m2/repository/org/apache/ratis/ratis-thirdparty-misc/0.2.0/ratis-thirdparty-misc-0.2.0.jar:/home/user/.m2/repository/org/apache/ratis/ratis-proto/0.4.0-78e95b9-SNAPSHOT/ratis-proto-0.4.0-78e95b9-SNAPSHOT.jar:/home/user/.m2/repository/org/apache/ratis/ratis-common/0.4.0-78e95b9-SNAPSHOT/ratis-common-0.4.0-78e95b9-SNAPSHOT.jar:/home/user/.m2/repository/org/apache/ratis/ratis-client/0.4.0-78e95b9-SNAPSHOT/ratis-client-0.4.0-78e95b9-SNAPSHOT.jar:/home/user/.m2/repository/org/apache/ratis/ratis-metrics/0.4.0-78e95b9-SNAPSHOT/ratis-metrics-0.4.0-78e95b9-SNAPSHOT.jar:/home/user/.m2/repository/com/github/joshelser/dropwizard-metrics-hadoop-metrics2-reporter/0.1.2/dropwizard-metrics-hadoop-metrics2-reporter-0.1.2.jar:/home/user/.m2/repository/io/dropwizard/metrics/metrics-jvm/3.2.5/metrics-jvm-3.2.5.jar:/home/user/.m2/repository/io/dropwizard/metrics/metrics-ganglia/3.2.5/metrics-ganglia-3.2.5.jar:/home/user/.m2/repository/info/ganglia/gmetric4j/gmetric4j/1.0.7/gmetric4j-1.0.7.jar:/home/user/.m2/repository/org/apache/ratis/ratis-netty/0.4.0-78e95b9-SNAPSHOT/ratis-netty-0.4.0-78e95b9-SNAPSHOT.jar:/home/user/.m2/repository/org/apache/ratis/ratis-grpc/0.4.0-78e95b9-SNAPSHOT/ratis-grpc-0.4.0-78e95b9-SNAPSHOT.jar:/home/user/.m2/repository/org/rocksdb/rocksdbjni/6.0.1/rocksdbjni-6.0.1.jar:/home/user/.m2/repository/org/apache/logging/log4j/log4j-api/2.11.0/log4j-api-2.11.0.jar:/home/user/.m2/repository/org/apache/logging/log4j/log4j-core/2.11.0/log4j-core-2.11.0.jar:/home/user/.m2/repository/com/lmax/disruptor/3.4.2/disruptor-3.4.2.jar:/home/user/.m2/repository/org/apache/commons/commons-pool2/2.6.0/commons-pool2-2.6.0.jar:/home/user/.m2/repository/org/bouncycastle/bcpkix-jdk15on/1.60/bcpkix-jdk15on-1.60.jar:/home/user/.m2/repository/commons-validator/commons-validator/1.6/commons-validator-1.6.jar:/home/user/.m2/repository/commons-digester/commons-digester/1.8.1/commons-digester-1.8.1.jar:/home/user/.m2/repository/io/jaegertracing/jaeger-client/0.33.1/jaeger-client-0.33.1.jar:/home/user/.m2/repository/io/jaegertracing/jaeger-thrift/0.33.1/jaeger-thrift-0.33.1.jar:/home/user/.m2/repository/org/apache/thrift/libthrift/0.11.0/libthrift-0.11.0.jar:/home/user/.m2/repository/com/squareup/okhttp3/okhttp/3.9.0/okhttp-3.9.0.jar:/home/user/.m2/repository/com/squareup/okio/okio/1.13.0/okio-1.13.0.jar:/home/user/.m2/repository/io/jaegertracing/jaeger-core/0.33.1/jaeger-core-0.33.1.jar:/home/user/.m2/repository/io/jaegertracing/jaeger-tracerresolver/0.33.1/jaeger-tracerresolver-0.33.1.jar:/home/user/.m2/repository/io/opentracing/contrib/opentracing-tracerresolver/0.1.5/opentracing-tracerresolver-0.1.5.jar:/home/user/.m2/repository/io/opentracing/opentracing-util/0.31.0/opentracing-util-0.31.0.jar:/home/user/.m2/repository/io/opentracing/opentracing-api/0.31.0/opentracing-api-0.31.0.jar:/home/user/.m2/repository/io/opentracing/opentracing-noop/0.31.0/opentracing-noop-0.31.0.jar:/home/user/.m2/repository/org/apache/hadoop/hadoop-hdds-server-framework/0.5.0-SNAPSHOT/hadoop-hdds-server-framework-0.5.0-SNAPSHOT.jar:/home/user/.m2/repository/org/apache/hadoop/hadoop-hdds-container-service/0.5.0-SNAPSHOT/hadoop-hdds-container-service-0.5.0-SNAPSHOT.jar:/home/user/.m2/repository/org/apache/hadoop/hadoop-hdds-client/0.5.0-SNAPSHOT/hadoop-hdds-client-0.5.0-SNAPSHOT.jar:/home/user/.m2/repository/org/apache/hadoop/hadoop-hdds-tools/0.5.0-SNAPSHOT/hadoop-hdds-tools-0.5.0-SNAPSHOT.jar:/home/user/.m2/repository/org/apache/hadoop/hadoop-hdds-server-scm/0.5.0-SNAPSHOT/hadoop-hdds-server-scm-0.5.0-SNAPSHOT.jar:/home/user/.m2/repository/org/apache/hadoop/hadoop-hdds-docs/0.5.0-SNAPSHOT/hadoop-hdds-docs-0.5.0-SNAPSHOT.jar:/home/user/.m2/repository/io/dropwizard/metrics/metrics-core/3.2.4/metrics-core-3.2.4.jar:/home/user/.m2/repository/org/hamcrest/hamcrest-all/1.3/hamcrest-all-1.3.jar:/home/user/.m2/repository/org/bouncycastle/bcprov-jdk15on/1.60/bcprov-jdk15on-1.60.jar:/home/user/.m2/repository/info/picocli/picocli/3.9.6/picocli-3.9.6.jar:/home/user/.m2/repository/com/google/protobuf/protobuf-java/2.5.0/protobuf-java-2.5.0.jar:/home/user/.m2/repository/com/google/guava/guava/11.0.2/guava-11.0.2.jar:/home/user/.m2/repository/org/apache/hadoop/hadoop-ozone-ozone-manager/0.5.0-SNAPSHOT/hadoop-ozone-ozone-manager-0.5.0-SNAPSHOT.jar:/home/user/.m2/repository/org/apache/hadoop/hadoop-minikdc/3.2.0/hadoop-minikdc-3.2.0.jar:/home/user/.m2/repository/commons-io/commons-io/2.5/commons-io-2.5.jar:/home/user/.m2/repository/org/apache/kerby/kerb-simplekdc/1.0.1/kerb-simplekdc-1.0.1.jar:/home/user/.m2/repository/org/apache/kerby/kerb-client/1.0.1/kerb-client-1.0.1.jar:/home/user/.m2/repository/org/apache/kerby/kerby-config/1.0.1/kerby-config-1.0.1.jar:/home/user/.m2/repository/org/apache/kerby/kerb-core/1.0.1/kerb-core-1.0.1.jar:/home/user/.m2/repository/org/apache/kerby/kerby-pkix/1.0.1/kerby-pkix-1.0.1.jar:/home/user/.m2/repository/org/apache/kerby/kerby-asn1/1.0.1/kerby-asn1-1.0.1.jar:/home/user/.m2/repository/org/apache/kerby/kerby-util/1.0.1/kerby-util-1.0.1.jar:/home/user/.m2/repository/org/apache/kerby/kerb-common/1.0.1/kerb-common-1.0.1.jar:/home/user/.m2/repository/org/apache/kerby/kerb-crypto/1.0.1/kerb-crypto-1.0.1.jar:/home/user/.m2/repository/org/apache/kerby/kerb-util/1.0.1/kerb-util-1.0.1.jar:/home/user/.m2/repository/org/apache/kerby/token-provider/1.0.1/token-provider-1.0.1.jar:/home/user/.m2/repository/org/apache/kerby/kerb-admin/1.0.1/kerb-admin-1.0.1.jar:/home/user/.m2/repository/org/apache/kerby/kerb-server/1.0.1/kerb-server-1.0.1.jar:/home/user/.m2/repository/org/apache/kerby/kerb-identity/1.0.1/kerb-identity-1.0.1.jar:/home/user/.m2/repository/org/apache/kerby/kerby-xdr/1.0.1/kerby-xdr-1.0.1.jar:/home/user/.m2/repository/org/slf4j/slf4j-log4j12/1.7.25/slf4j-log4j12-1.7.25.jar:/home/user/.m2/repository/org/apache/hadoop/hadoop-ozone-s3gateway/0.5.0-SNAPSHOT/hadoop-ozone-s3gateway-0.5.0-SNAPSHOT.jar:/home/user/.m2/repository/org/jboss/weld/servlet/weld-servlet/2.4.7.Final/weld-servlet-2.4.7.Final.jar:/home/user/.m2/repository/org/glassfish/jersey/containers/jersey-container-servlet-core/2.27/jersey-container-servlet-core-2.27.jar:/home/user/.m2/repository/org/glassfish/hk2/external/javax.inject/2.5.0-b42/javax.inject-2.5.0-b42.jar:/home/user/.m2/repository/org/glassfish/jersey/core/jersey-common/2.27/jersey-common-2.27.jar:/home/user/.m2/repository/org/glassfish/hk2/osgi-resource-locator/1.0.1/osgi-resource-locator-1.0.1.jar:/home/user/.m2/repository/javax/ws/rs/javax.ws.rs-api/2.1/javax.ws.rs-api-2.1.jar:/home/user/.m2/repository/org/glassfish/jersey/ext/cdi/jersey-cdi1x/2.27/jersey-cdi1x-2.27.jar:/home/user/.m2/repository/org/glassfish/jersey/inject/jersey-hk2/2.27/jersey-hk2-2.27.jar:/home/user/.m2/repository/org/glassfish/hk2/hk2-locator/2.5.0-b42/hk2-locator-2.5.0-b42.jar:/home/user/.m2/repository/org/javassist/javassist/3.22.0-CR2/javassist-3.22.0-CR2.jar:/home/user/.m2/repository/org/glassfish/hk2/hk2-api/2.5.0/hk2-api-2.5.0.jar:/home/user/.m2/repository/org/glassfish/hk2/external/jakarta.inject/2.5.0/jakarta.inject-2.5.0.jar:/home/user/.m2/repository/org/glassfish/hk2/hk2-utils/2.5.0/hk2-utils-2.5.0.jar:/home/user/.m2/repository/jakarta/annotation/jakarta.annotation-api/1.3.4/jakarta.annotation-api-1.3.4.jar:/home/user/.m2/repository/org/glassfish/hk2/external/aopalliance-repackaged/2.5.0/aopalliance-repackaged-2.5.0.jar:/home/user/.m2/repository/com/fasterxml/jackson/dataformat/jackson-dataformat-xml/2.9.0/jackson-dataformat-xml-2.9.0.jar:/home/user/.m2/repository/com/fasterxml/jackson/core/jackson-core/2.9.5/jackson-core-2.9.5.jar:/home/user/.m2/repository/com/fasterxml/jackson/module/jackson-module-jaxb-annotations/2.9.5/jackson-module-jaxb-annotations-2.9.5.jar:/home/user/.m2/repository/javax/enterprise/cdi-api/1.2/cdi-api-1.2.jar:/home/user/.m2/repository/javax/el/javax.el-api/3.0.0/javax.el-api-3.0.0.jar:/home/user/.m2/repository/javax/interceptor/javax.interceptor-api/1.2/javax.interceptor-api-1.2.jar:/home/user/.m2/repository/javax/inject/javax.inject/1/javax.inject-1.jar:/home/user/.m2/repository/com/sun/xml/bind/jaxb-impl/2.3.0.1/jaxb-impl-2.3.0.1.jar:/home/user/.m2/repository/com/sun/xml/bind/jaxb-core/2.3.0.1/jaxb-core-2.3.0.1.jar:/home/user/.m2/repository/javax/xml/bind/jaxb-api/2.3.0/jaxb-api-2.3.0.jar:/home/user/.m2/repository/javax/activation/activation/1.1.1/activation-1.1.1.jar:/home/user/.m2/repository/org/apache/hadoop/hadoop-ozone-csi/0.5.0-SNAPSHOT/hadoop-ozone-csi-0.5.0-SNAPSHOT.jar:/home/user/.m2/repository/com/google/protobuf/protobuf-java-util/3.5.1/protobuf-java-util-3.5.1.jar:/home/user/.m2/repository/org/apache/hadoop/hadoop-hdds-config/0.5.0-SNAPSHOT/hadoop-hdds-config-0.5.0-SNAPSHOT.jar:/home/user/.m2/repository/io/grpc/grpc-netty/1.17.1/grpc-netty-1.17.1.jar:/home/user/.m2/repository/io/grpc/grpc-core/1.17.1/grpc-core-1.17.1.jar:/home/user/.m2/repository/io/grpc/grpc-context/1.17.1/grpc-context-1.17.1.jar:/home/user/.m2/repository/com/google/errorprone/error_prone_annotations/2.2.0/error_prone_annotations-2.2.0.jar:/home/user/.m2/repository/org/codehaus/mojo/animal-sniffer-annotations/1.17/animal-sniffer-annotations-1.17.jar:/home/user/.m2/repository/io/opencensus/opencensus-api/0.17.0/opencensus-api-0.17.0.jar:/home/user/.m2/repository/io/opencensus/opencensus-contrib-grpc-metrics/0.17.0/opencensus-contrib-grpc-metrics-0.17.0.jar:/home/user/.m2/repository/io/netty/netty-codec-http2/4.1.30.Final/netty-codec-http2-4.1.30.Final.jar:/home/user/.m2/repository/io/netty/netty-codec-http/4.1.30.Final/netty-codec-http-4.1.30.Final.jar:/home/user/.m2/repository/io/netty/netty-codec/4.1.30.Final/netty-codec-4.1.30.Final.jar:/home/user/.m2/repository/io/netty/netty-handler/4.1.30.Final/netty-handler-4.1.30.Final.jar:/home/user/.m2/repository/io/netty/netty-handler-proxy/4.1.30.Final/netty-handler-proxy-4.1.30.Final.jar:/home/user/.m2/repository/io/netty/netty-codec-socks/4.1.30.Final/netty-codec-socks-4.1.30.Final.jar:/home/user/.m2/repository/io/netty/netty-transport-native-epoll/4.1.30.Final/netty-transport-native-epoll-4.1.30.Final.jar:/home/user/.m2/repository/io/netty/netty-common/4.1.30.Final/netty-common-4.1.30.Final.jar:/home/user/.m2/repository/io/netty/netty-buffer/4.1.30.Final/netty-buffer-4.1.30.Final.jar:/home/user/.m2/repository/io/netty/netty-transport/4.1.30.Final/netty-transport-4.1.30.Final.jar:/home/user/.m2/repository/io/netty/netty-resolver/4.1.30.Final/netty-resolver-4.1.30.Final.jar:/home/user/.m2/repository/io/netty/netty-transport-native-unix-common/4.1.30.Final/netty-transport-native-unix-common-4.1.30.Final.jar:/home/user/.m2/repository/io/grpc/grpc-protobuf/1.17.1/grpc-protobuf-1.17.1.jar:/home/user/.m2/repository/com/google/api/grpc/proto-google-common-protos/1.0.0/proto-google-common-protos-1.0.0.jar:/home/user/.m2/repository/io/grpc/grpc-protobuf-lite/1.17.1/grpc-protobuf-lite-1.17.1.jar:/home/user/.m2/repository/io/grpc/grpc-stub/1.17.1/grpc-stub-1.17.1.jar:/home/user/.m2/repository/org/apache/hadoop/hadoop-ozone-recon/0.5.0-SNAPSHOT/hadoop-ozone-recon-0.5.0-SNAPSHOT.jar:/home/user/.m2/repository/org/apache/hadoop/hadoop-ozone-reconcodegen/0.5.0-SNAPSHOT/hadoop-ozone-reconcodegen-0.5.0-SNAPSHOT.jar:/home/user/.m2/repository/com/google/inject/extensions/guice-multibindings/4.0/guice-multibindings-4.0.jar:/home/user/.m2/repository/com/google/inject/guice/4.0/guice-4.0.jar:/home/user/.m2/repository/aopalliance/aopalliance/1.0/aopalliance-1.0.jar:/home/user/.m2/repository/com/google/inject/extensions/guice-servlet/4.0/guice-servlet-4.0.jar:/home/user/.m2/repository/org/glassfish/jersey/containers/jersey-container-servlet/2.27/jersey-container-servlet-2.27.jar:/home/user/.m2/repository/org/glassfish/hk2/guice-bridge/2.5.0/guice-bridge-2.5.0.jar:/home/user/.m2/repository/org/glassfish/jersey/core/jersey-server/2.27/jersey-server-2.27.jar:/home/user/.m2/repository/org/glassfish/jersey/core/jersey-client/2.27/jersey-client-2.27.jar:/home/user/.m2/repository/org/glassfish/jersey/media/jersey-media-jaxb/2.27/jersey-media-jaxb-2.27.jar:/home/user/.m2/repository/javax/validation/validation-api/1.1.0.Final/validation-api-1.1.0.Final.jar:/home/user/.m2/repository/org/glassfish/jersey/media/jersey-media-json-jackson/2.27/jersey-media-json-jackson-2.27.jar:/home/user/.m2/repository/org/glassfish/jersey/ext/jersey-entity-filtering/2.27/jersey-entity-filtering-2.27.jar:/home/user/.m2/repository/com/google/inject/extensions/guice-assistedinject/4.0/guice-assistedinject-4.0.jar:/home/user/.m2/repository/org/jooq/jooq/3.11.10/jooq-3.11.10.jar:/home/user/.m2/repository/org/jooq/jooq-meta/3.11.10/jooq-meta-3.11.10.jar:/home/user/.m2/repository/org/jooq/jooq-codegen/3.11.10/jooq-codegen-3.11.10.jar:/home/user/.m2/repository/com/jolbox/bonecp/0.8.0.RELEASE/bonecp-0.8.0.RELEASE.jar:/home/user/.m2/repository/org/xerial/sqlite-jdbc/3.25.2/sqlite-jdbc-3.25.2.jar:/home/user/.m2/repository/org/springframework/spring-jdbc/5.1.3.RELEASE/spring-jdbc-5.1.3.RELEASE.jar:/home/user/.m2/repository/org/springframework/spring-beans/5.1.3.RELEASE/spring-beans-5.1.3.RELEASE.jar:/home/user/.m2/repository/org/springframework/spring-core/5.1.3.RELEASE/spring-core-5.1.3.RELEASE.jar:/home/user/.m2/repository/org/springframework/spring-jcl/5.1.3.RELEASE/spring-jcl-5.1.3.RELEASE.jar:/home/user/.m2/repository/org/springframework/spring-tx/5.1.3.RELEASE/spring-tx-5.1.3.RELEASE.jar:/home/user/.m2/repository/org/apache/hadoop/hadoop-ozone-client/0.5.0-SNAPSHOT/hadoop-ozone-client-0.5.0-SNAPSHOT.jar:/home/user/.m2/repository/commons-lang/commons-lang/2.6/commons-lang-2.6.jar:/home/user/.m2/repository/org/apache/hadoop/hadoop-ozone-ozone-manager/0.5.0-SNAPSHOT/hadoop-ozone-ozone-manager-0.5.0-SNAPSHOT-tests.jar:/home/user/.m2/repository/junit/junit/4.11/junit-4.11.jar:/home/user/.m2/repository/org/hamcrest/hamcrest-core/1.3/hamcrest-core-1.3.jar:/home/user/.m2/repository/org/openjdk/jmh/jmh-core/1.19/jmh-core-1.19.jar:/home/user/.m2/repository/net/sf/jopt-simple/jopt-simple/4.6/jopt-simple-4.6.jar:/home/user/.m2/repository/org/apache/commons/commons-math3/3.1.1/commons-math3-3.1.1.jar:/home/user/.m2/repository/org/openjdk/jmh/jmh-generator-annprocess/1.19/jmh-generator-annprocess-1.19.jar:/home/user/.m2/repository/org/mockito/mockito-all/1.8.5/mockito-all-1.8.5.jar:/home/user/.m2/repository/org/apache/hadoop/hadoop-kms/3.2.0/hadoop-kms-3.2.0.jar:/home/user/.m2/repository/org/apache/hadoop/hadoop-auth/3.2.0/hadoop-auth-3.2.0.jar:/home/user/.m2/repository/com/nimbusds/nimbus-jose-jwt/4.41.1/nimbus-jose-jwt-4.41.1.jar:/home/user/.m2/repository/com/github/stephenc/jcip/jcip-annotations/1.0-1/jcip-annotations-1.0-1.jar:/home/user/.m2/repository/net/minidev/json-smart/2.3/json-smart-2.3.jar:/home/user/.m2/repository/net/minidev/accessors-smart/1.2/accessors-smart-1.2.jar:/home/user/.m2/repository/org/ow2/asm/asm/5.0.4/asm-5.0.4.jar:/home/user/.m2/repository/org/apache/curator/curator-framework/2.12.0/curator-framework-2.12.0.jar:/home/user/.m2/repository/com/sun/jersey/jersey-core/1.19/jersey-core-1.19.jar:/home/user/.m2/repository/javax/ws/rs/jsr311-api/1.1.1/jsr311-api-1.1.1.jar:/home/user/.m2/repository/com/sun/jersey/jersey-server/1.19/jersey-server-1.19.jar:/home/user/.m2/repository/javax/servlet/javax.servlet-api/3.1.0/javax.servlet-api-3.1.0.jar:/home/user/.m2/repository/org/eclipse/jetty/jetty-server/9.3.24.v20180605/jetty-server-9.3.24.v20180605.jar:/home/user/.m2/repository/org/eclipse/jetty/jetty-http/9.3.24.v20180605/jetty-http-9.3.24.v20180605.jar:/home/user/.m2/repository/org/eclipse/jetty/jetty-io/9.3.24.v20180605/jetty-io-9.3.24.v20180605.jar:/home/user/.m2/repository/org/eclipse/jetty/jetty-webapp/9.3.24.v20180605/jetty-webapp-9.3.24.v20180605.jar:/home/user/.m2/repository/org/eclipse/jetty/jetty-xml/9.3.24.v20180605/jetty-xml-9.3.24.v20180605.jar:/home/user/.m2/repository/log4j/log4j/1.2.17/log4j-1.2.17.jar:/home/user/.m2/repository/org/slf4j/slf4j-api/1.7.25/slf4j-api-1.7.25.jar:/home/user/.m2/repository/org/slf4j/jul-to-slf4j/1.7.25/jul-to-slf4j-1.7.25.jar:/home/user/.m2/repository/org/eclipse/jetty/jetty-util/9.3.24.v20180605/jetty-util-9.3.24.v20180605.jar:/home/user/.m2/repository/com/fasterxml/jackson/core/jackson-databind/2.9.5/jackson-databind-2.9.5.jar:/home/user/.m2/repository/org/apache/hadoop/hadoop-kms/3.2.0/hadoop-kms-3.2.0-tests.jar:/home/user/.m2/repository/org/apache/hadoop/hadoop-hdds-server-scm/0.5.0-SNAPSHOT/hadoop-hdds-server-scm-0.5.0-SNAPSHOT-tests.jar:/home/user/.m2/repository/org/apache/hadoop/hadoop-hdds-container-service/0.5.0-SNAPSHOT/hadoop-hdds-container-service-0.5.0-SNAPSHOT-tests.jar:/home/user/.m2/repository/org/yaml/snakeyaml/1.16/snakeyaml-1.16.jar:/home/user/.m2/repository/org/apache/hadoop/hadoop-common/3.2.0/hadoop-common-3.2.0-tests.jar:/home/user/.m2/repository/org/apache/hadoop/hadoop-annotations/3.2.0/hadoop-annotations-3.2.0.jar:/usr/lib/jvm/java-1.8-openjdk/jre/../lib/tools.jar:/home/user/.m2/repository/commons-cli/commons-cli/1.2/commons-cli-1.2.jar:/home/user/.m2/repository/org/apache/httpcomponents/httpclient/4.5.2/httpclient-4.5.2.jar:/home/user/.m2/repository/org/apache/httpcomponents/httpcore/4.4.4/httpcore-4.4.4.jar:/home/user/.m2/repository/commons-codec/commons-codec/1.11/commons-codec-1.11.jar:/home/user/.m2/repository/commons-net/commons-net/3.6/commons-net-3.6.jar:/home/user/.m2/repository/commons-collections/commons-collections/3.2.2/commons-collections-3.2.2.jar:/home/user/.m2/repository/org/eclipse/jetty/jetty-servlet/9.3.24.v20180605/jetty-servlet-9.3.24.v20180605.jar:/home/user/.m2/repository/org/eclipse/jetty/jetty-security/9.3.24.v20180605/jetty-security-9.3.24.v20180605.jar:/home/user/.m2/repository/javax/servlet/jsp/jsp-api/2.1/jsp-api-2.1.jar:/home/user/.m2/repository/com/sun/jersey/jersey-servlet/1.19/jersey-servlet-1.19.jar:/home/user/.m2/repository/com/sun/jersey/jersey-json/1.19/jersey-json-1.19.jar:/home/user/.m2/repository/org/codehaus/jettison/jettison/1.1/jettison-1.1.jar:/home/user/.m2/repository/org/codehaus/jackson/jackson-core-asl/1.9.13/jackson-core-asl-1.9.13.jar:/home/user/.m2/repository/org/codehaus/jackson/jackson-mapper-asl/1.9.13/jackson-mapper-asl-1.9.13.jar:/home/user/.m2/repository/org/codehaus/jackson/jackson-jaxrs/1.9.13/jackson-jaxrs-1.9.13.jar:/home/user/.m2/repository/org/codehaus/jackson/jackson-xc/1.9.13/jackson-xc-1.9.13.jar:/home/user/.m2/repository/commons-logging/commons-logging/1.1.3/commons-logging-1.1.3.jar:/home/user/.m2/repository/commons-beanutils/commons-beanutils/1.9.3/commons-beanutils-1.9.3.jar:/home/user/.m2/repository/org/apache/commons/commons-configuration2/2.1.1/commons-configuration2-2.1.1.jar:/home/user/.m2/repository/org/apache/commons/commons-lang3/3.7/commons-lang3-3.7.jar:/home/user/.m2/repository/org/apache/commons/commons-text/1.4/commons-text-1.4.jar:/home/user/.m2/repository/org/apache/avro/avro/1.7.7/avro-1.7.7.jar:/home/user/.m2/repository/com/thoughtworks/paranamer/paranamer/2.3/paranamer-2.3.jar:/home/user/.m2/repository/org/xerial/snappy/snappy-java/1.0.5/snappy-java-1.0.5.jar:/home/user/.m2/repository/com/google/re2j/re2j/1.1/re2j-1.1.jar:/home/user/.m2/repository/com/google/code/gson/gson/2.2.4/gson-2.2.4.jar:/home/user/.m2/repository/com/jcraft/jsch/0.1.54/jsch-0.1.54.jar:/home/user/.m2/repository/org/apache/curator/curator-client/2.12.0/curator-client-2.12.0.jar:/home/user/.m2/repository/org/apache/curator/curator-recipes/2.12.0/curator-recipes-2.12.0.jar:/home/user/.m2/repository/com/google/code/findbugs/jsr305/3.0.0/jsr305-3.0.0.jar:/home/user/.m2/repository/org/apache/htrace/htrace-core4/4.1.0-incubating/htrace-core4-4.1.0-incubating.jar:/home/user/.m2/repository/org/apache/zookeeper/zookeeper/3.4.13/zookeeper-3.4.13.jar:/home/user/.m2/repository/org/apache/yetus/audience-annotations/0.5.0/audience-annotations-0.5.0.jar:/home/user/.m2/repository/org/codehaus/woodstox/stax2-api/3.1.4/stax2-api-3.1.4.jar:/home/user/.m2/repository/com/fasterxml/woodstox/woodstox-core/5.0.3/woodstox-core-5.0.3.jar:/home/user/.m2/repository/dnsjava/dnsjava/2.1.7/dnsjava-2.1.7.jar:/home/user/.m2/repository/org/apache/hadoop/hadoop-hdfs/3.2.0/hadoop-hdfs-3.2.0-tests.jar:/home/user/.m2/repository/org/eclipse/jetty/jetty-util-ajax/9.3.24.v20180605/jetty-util-ajax-9.3.24.v20180605.jar:/home/user/.m2/repository/commons-daemon/commons-daemon/1.0.13/commons-daemon-1.0.13.jar:/home/user/.m2/repository/io/netty/netty/3.10.5.Final/netty-3.10.5.Final.jar:/home/user/.m2/repository/io/netty/netty-all/4.0.52.Final/netty-all-4.0.52.Final.jar:/home/user/.m2/repository/org/fusesource/leveldbjni/leveldbjni-all/1.8/leveldbjni-all-1.8.jar:"/>
    <property name="sun.cpu.endian" value="little"/>
    <property name="user.home" value="/home/user"/>
    <property name="user.language" value="en"/>
    <property name="java.specification.vendor" value="Oracle Corporation"/>
    <property name="java.home" value="/usr/lib/jvm/java-1.8-openjdk/jre"/>
    <property name="java.security.krb5.conf" value="/workdir/hadoop-ozone/integration-test/target/test-classes/krb5.conf"/>
    <property name="basedir" value="/workdir/hadoop-ozone/integration-test"/>
    <property name="file.separator" value="/"/>
    <property name="line.separator" value="&#10;"/>
    <property name="java.vm.specification.vendor" value="Oracle Corporation"/>
    <property name="java.specification.name" value="Java Platform API Specification"/>
    <property name="java.awt.graphicsenv" value="sun.awt.X11GraphicsEnvironment"/>
    <property name="surefire.real.class.path" value="/workdir/hadoop-ozone/integration-test/target/surefire/surefirebooter8640986727241112949.jar"/>
    <property name="hadoop.log.dir" value="/workdir/hadoop-ozone/integration-test/target/log"/>
    <property name="sun.boot.class.path" value="/usr/lib/jvm/java-1.8-openjdk/jre/lib/resources.jar:/usr/lib/jvm/java-1.8-openjdk/jre/lib/rt.jar:/usr/lib/jvm/java-1.8-openjdk/jre/lib/sunrsasign.jar:/usr/lib/jvm/java-1.8-openjdk/jre/lib/jsse.jar:/usr/lib/jvm/java-1.8-openjdk/jre/lib/jce.jar:/usr/lib/jvm/java-1.8-openjdk/jre/lib/charsets.jar:/usr/lib/jvm/java-1.8-openjdk/jre/lib/jfr.jar:/usr/lib/jvm/java-1.8-openjdk/jre/classes"/>
    <property name="sun.management.compiler" value="HotSpot 64-Bit Tiered Compilers"/>
    <property name="java.runtime.version" value="1.8.0_212-b04"/>
    <property name="java.net.preferIPv4Stack" value="true"/>
    <property name="user.name" value="jenkins1000"/>
    <property name="path.separator" value=":"/>
    <property name="java.security.egd" value="file:///dev/urandom"/>
    <property name="os.version" value="3.10.0-957.12.2.el7.x86_64"/>
    <property name="java.endorsed.dirs" value="/usr/lib/jvm/java-1.8-openjdk/jre/lib/endorsed"/>
    <property name="java.runtime.name" value="OpenJDK Runtime Environment"/>
    <property name="file.encoding" value="UTF-8"/>
    <property name="java.vm.name" value="OpenJDK 64-Bit Server VM"/>
    <property name="test.build.webapps" value=""/>
    <property name="localRepository" value="/home/user/.m2/repository"/>
    <property name="java.vendor.url.bug" value="https://icedtea.classpath.org/bugzilla"/>
    <property name="java.io.tmpdir" value="/tmp"/>
    <property name="require.test.libhadoop" value=""/>
    <property name="java.version" value="1.8.0_212"/>
    <property name="user.dir" value="/workdir/hadoop-ozone/integration-test"/>
    <property name="os.arch" value="amd64"/>
    <property name="java.vm.specification.name" value="Java Virtual Machine Specification"/>
    <property name="test.build.classes" value="/workdir/hadoop-ozone/integration-test/target/test-classes"/>
    <property name="java.awt.printerjob" value="sun.print.PSPrinterJob"/>
    <property name="sun.os.patch.level" value="unknown"/>
    <property name="hadoop.tmp.dir" value="/workdir/hadoop-ozone/integration-test/target/tmp"/>
    <property name="java.library.path" value="/usr/lib/jvm/java-1.8-openjdk/jre/lib/amd64/server:/usr/lib/jvm/java-1.8-openjdk/jre/lib/amd64:/usr/lib/jvm/java-1.8-openjdk/jre/../lib/amd64:/workdir/hadoop-ozone/integration-test/target/native/target/usr/local/lib:/workdir/hadoop-ozone/integration-test/../../hadoop-common-project/hadoop-common/target/native/target/usr/local/lib:/usr/java/packages/lib/amd64:/usr/lib64:/lib64:/lib:/usr/lib"/>
    <property name="java.vm.info" value="mixed mode"/>
    <property name="java.vendor" value="IcedTea"/>
    <property name="java.vm.version" value="25.212-b04"/>
    <property name="java.ext.dirs" value="/usr/lib/jvm/java-1.8-openjdk/jre/lib/ext:/usr/java/packages/lib/ext"/>
    <property name="sun.io.unicode.encoding" value="UnicodeLittle"/>
    <property name="java.class.version" value="52.0"/>
  </properties>
  <testcase name="testMultiBlockWritesWithIntermittentDnFailures" classname="org.apache.hadoop.ozone.client.rpc.TestMultiBlockWritesWithDnFailures" time="105.576">
    <error message="Allocated 0 blocks. Requested 1 blocks" type="INTERNAL_ERROR org.apache.hadoop.ozone.om.exceptions.OMException">INTERNAL_ERROR org.apache.hadoop.ozone.om.exceptions.OMException: Allocated 0 blocks. Requested 1 blocks
	at org.apache.hadoop.ozone.om.protocolPB.OzoneManagerProtocolClientSideTranslatorPB.handleError(OzoneManagerProtocolClientSideTranslatorPB.java:725)
	at org.apache.hadoop.ozone.om.protocolPB.OzoneManagerProtocolClientSideTranslatorPB.allocateBlock(OzoneManagerProtocolClientSideTranslatorPB.java:757)
	at org.apache.hadoop.ozone.client.io.BlockOutputStreamEntryPool.allocateNewBlock(BlockOutputStreamEntryPool.java:248)
	at org.apache.hadoop.ozone.client.io.BlockOutputStreamEntryPool.allocateBlockIfNeeded(BlockOutputStreamEntryPool.java:296)
	at org.apache.hadoop.ozone.client.io.KeyOutputStream.handleWrite(KeyOutputStream.java:201)
	at org.apache.hadoop.ozone.client.io.KeyOutputStream.handleRetry(KeyOutputStream.java:376)
	at org.apache.hadoop.ozone.client.io.KeyOutputStream.handleException(KeyOutputStream.java:325)
	at org.apache.hadoop.ozone.client.io.KeyOutputStream.handleWrite(KeyOutputStream.java:231)
	at org.apache.hadoop.ozone.client.io.KeyOutputStream.write(KeyOutputStream.java:193)
	at org.apache.hadoop.ozone.client.io.OzoneOutputStream.write(OzoneOutputStream.java:49)
	at java.io.OutputStream.write(OutputStream.java:75)
	at org.apache.hadoop.ozone.client.rpc.TestMultiBlockWritesWithDnFailures.testMultiBlockWritesWithIntermittentDnFailures(TestMultiBlockWritesWithDnFailures.java:196)
	at sun.reflect.NativeMethodAccessorImpl.invoke0(Native Method)
	at sun.reflect.NativeMethodAccessorImpl.invoke(NativeMethodAccessorImpl.java:62)
	at sun.reflect.DelegatingMethodAccessorImpl.invoke(DelegatingMethodAccessorImpl.java:43)
	at java.lang.reflect.Method.invoke(Method.java:498)
	at org.junit.runners.model.FrameworkMethod$1.runReflectiveCall(FrameworkMethod.java:47)
	at org.junit.internal.runners.model.ReflectiveCallable.run(ReflectiveCallable.java:12)
	at org.junit.runners.model.FrameworkMethod.invokeExplosively(FrameworkMethod.java:44)
	at org.junit.internal.runners.statements.InvokeMethod.evaluate(InvokeMethod.java:17)
	at org.junit.internal.runners.statements.RunAfters.evaluate(RunAfters.java:27)
	at org.junit.runners.ParentRunner.runLeaf(ParentRunner.java:271)
	at org.junit.runners.BlockJUnit4ClassRunner.runChild(BlockJUnit4ClassRunner.java:70)
	at org.junit.runners.BlockJUnit4ClassRunner.runChild(BlockJUnit4ClassRunner.java:50)
	at org.junit.runners.ParentRunner$3.run(ParentRunner.java:238)
	at org.junit.runners.ParentRunner$1.schedule(ParentRunner.java:63)
	at org.junit.runners.ParentRunner.runChildren(ParentRunner.java:236)
	at org.junit.runners.ParentRunner.access$000(ParentRunner.java:53)
	at org.junit.runners.ParentRunner$2.evaluate(ParentRunner.java:229)
	at org.junit.runners.ParentRunner.run(ParentRunner.java:309)
	at org.apache.maven.surefire.junit4.JUnit4Provider.execute(JUnit4Provider.java:365)
	at org.apache.maven.surefire.junit4.JUnit4Provider.executeWithRerun(JUnit4Provider.java:273)
	at org.apache.maven.surefire.junit4.JUnit4Provider.executeTestSet(JUnit4Provider.java:238)
	at org.apache.maven.surefire.junit4.JUnit4Provider.invoke(JUnit4Provider.java:159)
	at org.apache.maven.surefire.booter.ForkedBooter.invokeProviderInSameClassLoader(ForkedBooter.java:384)
	at org.apache.maven.surefire.booter.ForkedBooter.runSuitesInProcess(ForkedBooter.java:345)
	at org.apache.maven.surefire.booter.ForkedBooter.execute(ForkedBooter.java:126)
	at org.apache.maven.surefire.booter.ForkedBooter.main(ForkedBooter.java:418)
</error>
    <system-out><![CDATA[2019-09-11 10:32:31,218 [main] WARN  server.ServerUtils (ServerUtils.java:getScmDbDir(145)) - ozone.scm.db.dirs is not configured. We recommend adding this setting. Falling back to ozone.metadata.dirs instead.
2019-09-11 10:32:31,331 [main] WARN  server.ServerUtils (ServerUtils.java:getScmDbDir(145)) - ozone.scm.db.dirs is not configured. We recommend adding this setting. Falling back to ozone.metadata.dirs instead.
2019-09-11 10:32:31,334 [main] WARN  server.ServerUtils (ServerUtils.java:getScmDbDir(145)) - ozone.scm.db.dirs is not configured. We recommend adding this setting. Falling back to ozone.metadata.dirs instead.
2019-09-11 10:32:31,353 [main] INFO  util.log (Log.java:initialized(192)) - Logging initialized @943ms
2019-09-11 10:32:31,461 [main] INFO  db.DBStoreBuilder (DBStoreBuilder.java:addTable(110)) - using custom profile for table: deletedBlocks
2019-09-11 10:32:31,461 [main] INFO  db.DBStoreBuilder (DBStoreBuilder.java:processTables(161)) - Using default column profile:DBProfile.DISK for Table:deletedBlocks
2019-09-11 10:32:31,462 [main] INFO  db.DBStoreBuilder (DBStoreBuilder.java:addTable(110)) - using custom profile for table: validCerts
2019-09-11 10:32:31,462 [main] INFO  db.DBStoreBuilder (DBStoreBuilder.java:processTables(161)) - Using default column profile:DBProfile.DISK for Table:validCerts
2019-09-11 10:32:31,463 [main] INFO  db.DBStoreBuilder (DBStoreBuilder.java:addTable(110)) - using custom profile for table: revokedCerts
2019-09-11 10:32:31,463 [main] INFO  db.DBStoreBuilder (DBStoreBuilder.java:processTables(161)) - Using default column profile:DBProfile.DISK for Table:revokedCerts
2019-09-11 10:32:31,477 [main] INFO  db.DBStoreBuilder (DBStoreBuilder.java:addTable(110)) - using custom profile for table: default
2019-09-11 10:32:31,477 [main] INFO  db.DBStoreBuilder (DBStoreBuilder.java:processTables(167)) - Using default column profile:DBProfile.DISK for Table:default
2019-09-11 10:32:31,479 [main] INFO  db.DBStoreBuilder (DBStoreBuilder.java:getDbProfile(198)) - Using default options. DBProfile.DISK
2019-09-11 10:32:31,765 [main] INFO  net.NodeSchemaLoader (NodeSchemaLoader.java:loadSchemaFromFile(125)) - Loading file from sun.misc.CompoundEnumeration@3270d194
2019-09-11 10:32:31,767 [main] INFO  net.NodeSchemaLoader (NodeSchemaLoader.java:loadSchema(171)) - Loading network topology layer schema file
2019-09-11 10:32:31,841 [main] INFO  node.SCMNodeManager (SCMNodeManager.java:<init>(115)) - Entering startup safe mode.
2019-09-11 10:32:31,916 [main] INFO  algorithms.ContainerPlacementPolicyFactory (ContainerPlacementPolicyFactory.java:getPolicy(57)) - Create container placement policy of type org.apache.hadoop.hdds.scm.container.placement.algorithms.SCMContainerPlacementRandom
2019-09-11 10:32:31,930 [main] WARN  server.ServerUtils (ServerUtils.java:getScmDbDir(145)) - ozone.scm.db.dirs is not configured. We recommend adding this setting. Falling back to ozone.metadata.dirs instead.
2019-09-11 10:32:32,031 [main] INFO  pipeline.SCMPipelineManager (SCMPipelineManager.java:initializePipelineState(128)) - No pipeline exists in current db
2019-09-11 10:32:32,033 [main] WARN  server.ServerUtils (ServerUtils.java:getScmDbDir(145)) - ozone.scm.db.dirs is not configured. We recommend adding this setting. Falling back to ozone.metadata.dirs instead.
2019-09-11 10:32:32,207 [main] WARN  events.EventQueue (EventQueue.java:fireEvent(183)) - No event handler registered for event TypedEvent{payloadType=SafeModeStatus, name='SafeModeStatus'}
2019-09-11 10:32:32,569 [main] INFO  ipc.CallQueueManager (CallQueueManager.java:<init>(84)) - Using callQueue: class java.util.concurrent.LinkedBlockingQueue, queueCapacity: 2000, scheduler: class org.apache.hadoop.ipc.DefaultRpcScheduler, ipcBackoff: false.
2019-09-11 10:32:32,600 [Socket Reader #1 for port 38578] INFO  ipc.Server (Server.java:run(1074)) - Starting Socket Reader #1 for port 38578
2019-09-11 10:32:32,734 [main] INFO  ipc.CallQueueManager (CallQueueManager.java:<init>(84)) - Using callQueue: class java.util.concurrent.LinkedBlockingQueue, queueCapacity: 2000, scheduler: class org.apache.hadoop.ipc.DefaultRpcScheduler, ipcBackoff: false.
2019-09-11 10:32:32,735 [Socket Reader #1 for port 40668] INFO  ipc.Server (Server.java:run(1074)) - Starting Socket Reader #1 for port 40668
2019-09-11 10:32:32,743 [main] INFO  ipc.CallQueueManager (CallQueueManager.java:<init>(84)) - Using callQueue: class java.util.concurrent.LinkedBlockingQueue, queueCapacity: 2000, scheduler: class org.apache.hadoop.ipc.DefaultRpcScheduler, ipcBackoff: false.
2019-09-11 10:32:32,744 [Socket Reader #1 for port 38407] INFO  ipc.Server (Server.java:run(1074)) - Starting Socket Reader #1 for port 38407
2019-09-11 10:32:32,766 [main] INFO  hdfs.DFSUtil (DFSUtil.java:httpServerTemplateForNNAndJN(1641)) - Starting Web-server for scm at: http://0.0.0.0:0
2019-09-11 10:32:32,933 [main] INFO  server.AuthenticationFilter (AuthenticationFilter.java:constructSecretProvider(240)) - Unable to initialize FileSignerSecretProvider, falling back to use random secrets.
2019-09-11 10:32:32,941 [main] WARN  http.HttpRequestLog (HttpRequestLog.java:getRequestLog(97)) - Jetty request log can only be enabled using Log4j
2019-09-11 10:32:32,949 [main] INFO  http.HttpServer2 (HttpServer2.java:addGlobalFilter(975)) - Added global filter 'safety' (class=org.apache.hadoop.http.HttpServer2$QuotingInputFilter)
2019-09-11 10:32:32,952 [main] INFO  http.HttpServer2 (HttpServer2.java:addFilter(948)) - Added filter static_user_filter (class=org.apache.hadoop.http.lib.StaticUserWebFilter$StaticUserFilter) to context scm
2019-09-11 10:32:32,952 [main] INFO  http.HttpServer2 (HttpServer2.java:addFilter(958)) - Added filter static_user_filter (class=org.apache.hadoop.http.lib.StaticUserWebFilter$StaticUserFilter) to context static
2019-09-11 10:32:32,953 [main] INFO  http.HttpServer2 (HttpServer2.java:addFilter(958)) - Added filter static_user_filter (class=org.apache.hadoop.http.lib.StaticUserWebFilter$StaticUserFilter) to context logs
2019-09-11 10:32:32,986 [main] INFO  server.StorageContainerManager (StorageContainerManager.java:start(763)) - StorageContainerLocationProtocol RPC server is listening at /0.0.0.0:38407
2019-09-11 10:32:33,061 [main] WARN  impl.MetricsConfig (MetricsConfig.java:loadFirst(134)) - Cannot locate configuration: tried hadoop-metrics2-storagecontainermanager.properties,hadoop-metrics2.properties
2019-09-11 10:32:33,076 [main] INFO  impl.MetricsSystemImpl (MetricsSystemImpl.java:startTimer(374)) - Scheduled Metric snapshot period at 10 second(s).
2019-09-11 10:32:33,076 [main] INFO  impl.MetricsSystemImpl (MetricsSystemImpl.java:start(191)) - StorageContainerManager metrics system started
2019-09-11 10:32:33,331 [main] INFO  server.SCMClientProtocolServer (SCMClientProtocolServer.java:start(151)) - RPC server for Client  is listening at /0.0.0.0:38407
2019-09-11 10:32:33,332 [IPC Server Responder] INFO  ipc.Server (Server.java:run(1314)) - IPC Server Responder: starting
2019-09-11 10:32:33,332 [IPC Server listener on 38407] INFO  ipc.Server (Server.java:run(1153)) - IPC Server listener on 38407: starting
2019-09-11 10:32:33,336 [main] INFO  server.StorageContainerManager (StorageContainerManager.java:start(773)) - ScmBlockLocationProtocol RPC server is listening at /0.0.0.0:40668
2019-09-11 10:32:33,339 [main] INFO  server.SCMBlockProtocolServer (SCMBlockProtocolServer.java:start(146)) - RPC server for Block Protocol is listening at /0.0.0.0:40668
2019-09-11 10:32:33,340 [IPC Server Responder] INFO  ipc.Server (Server.java:run(1314)) - IPC Server Responder: starting
2019-09-11 10:32:33,340 [IPC Server listener on 40668] INFO  ipc.Server (Server.java:run(1153)) - IPC Server listener on 40668: starting
2019-09-11 10:32:33,343 [main] INFO  server.StorageContainerManager (StorageContainerManager.java:start(777)) - ScmDatanodeProtocl RPC server is listening at /0.0.0.0:38578
2019-09-11 10:32:33,344 [main] INFO  server.SCMDatanodeProtocolServer (SCMDatanodeProtocolServer.java:start(191)) - RPC server for DataNodes is listening at /0.0.0.0:38578
2019-09-11 10:32:33,344 [IPC Server Responder] INFO  ipc.Server (Server.java:run(1314)) - IPC Server Responder: starting
2019-09-11 10:32:33,345 [IPC Server listener on 38578] INFO  ipc.Server (Server.java:run(1153)) - IPC Server listener on 38578: starting
2019-09-11 10:32:33,350 [main] INFO  http.HttpServer2 (HttpServer2.java:bindListener(1191)) - Jetty bound to port 39576
2019-09-11 10:32:33,353 [main] INFO  server.Server (Server.java:doStart(351)) - jetty-9.3.24.v20180605, build timestamp: 2018-06-05T17:11:56Z, git hash: 84205aa28f11a4f31f2a3b86d1bba2cc8ab69827
2019-09-11 10:32:33,408 [main] INFO  handler.ContextHandler (ContextHandler.java:doStart(781)) - Started o.e.j.s.ServletContextHandler@615091b8{/logs,file:///workdir/hadoop-ozone/integration-test/target/log,AVAILABLE}
2019-09-11 10:32:33,409 [main] INFO  handler.ContextHandler (ContextHandler.java:doStart(781)) - Started o.e.j.s.ServletContextHandler@4aa83f4f{/static,file:///workdir/hadoop-ozone/integration-test/target/test-classes/webapps/static,AVAILABLE}
2019-09-11 10:32:33,448 [main] INFO  handler.ContextHandler (ContextHandler.java:doStart(781)) - Started o.e.j.w.WebAppContext@27e0f2f5{/,file:///workdir/hadoop-ozone/integration-test/target/test-classes/webapps/scm/,AVAILABLE}{/scm}
2019-09-11 10:32:33,454 [main] INFO  server.AbstractConnector (AbstractConnector.java:doStart(278)) - Started ServerConnector@3dd69f5a{HTTP/1.1,[http/1.1]}{0.0.0.0:39576}
2019-09-11 10:32:33,455 [main] INFO  server.Server (Server.java:doStart(419)) - Started @3044ms
2019-09-11 10:32:33,457 [main] INFO  impl.MetricsSinkAdapter (MetricsSinkAdapter.java:start(204)) - Sink prometheus started
2019-09-11 10:32:33,458 [main] INFO  impl.MetricsSystemImpl (MetricsSystemImpl.java:registerSink(301)) - Registered sink prometheus
2019-09-11 10:32:33,461 [main] INFO  server.BaseHttpServer (BaseHttpServer.java:updateConnectorAddress(215)) - HTTP server of SCM is listening at http://0.0.0.0:39576
2019-09-11 10:32:33,469 [org.apache.hadoop.util.JvmPauseMonitor$Monitor@7fb9f71f] INFO  util.JvmPauseMonitor (JvmPauseMonitor.java:run(188)) - Starting JVM pause monitor
2019-09-11 10:32:33,473 [main] WARN  server.ServerUtils (ServerUtils.java:getDBPath(222)) - ozone.om.db.dirs is not configured. We recommend adding this setting. Falling back to ozone.metadata.dirs instead.
2019-09-11 10:32:33,621 [main] WARN  server.ServerUtils (ServerUtils.java:getDBPath(222)) - ozone.om.db.dirs is not configured. We recommend adding this setting. Falling back to ozone.metadata.dirs instead.
2019-09-11 10:32:33,621 [main] WARN  server.ServerUtils (ServerUtils.java:getDBPath(222)) - ozone.om.db.dirs is not configured. We recommend adding this setting. Falling back to ozone.metadata.dirs instead.
2019-09-11 10:32:33,622 [main] INFO  om.OzoneManager (OzoneManager.java:setOMNodeDetails(649)) - OM Service ID is not set. Setting it to the default ID: omServiceIdDefault
2019-09-11 10:32:33,623 [main] INFO  om.OzoneManager (OzoneManager.java:setOMNodeDetails(655)) - OM Node ID is not set. Setting it to the OmStorage's OmID: 0202f956-b2f8-4993-80cc-77d0ffde8328
2019-09-11 10:32:33,624 [main] INFO  om.OzoneManager (OzoneManager.java:loadOMHAConfigs(606)) - Found matching OM address with OMServiceId: null, OMNodeId: null, RPC Address: localhost:0 and Ratis port: 9872
2019-09-11 10:32:34,324 [main] WARN  server.ServerUtils (ServerUtils.java:getDBPath(222)) - ozone.om.db.dirs is not configured. We recommend adding this setting. Falling back to ozone.metadata.dirs instead.
2019-09-11 10:32:34,330 [main] INFO  db.DBStoreBuilder (DBStoreBuilder.java:addTable(110)) - using custom profile for table: userTable
2019-09-11 10:32:34,331 [main] INFO  db.DBStoreBuilder (DBStoreBuilder.java:processTables(161)) - Using default column profile:DBProfile.DISK for Table:userTable
2019-09-11 10:32:34,331 [main] INFO  db.DBStoreBuilder (DBStoreBuilder.java:addTable(110)) - using custom profile for table: volumeTable
2019-09-11 10:32:34,331 [main] INFO  db.DBStoreBuilder (DBStoreBuilder.java:processTables(161)) - Using default column profile:DBProfile.DISK for Table:volumeTable
2019-09-11 10:32:34,331 [main] INFO  db.DBStoreBuilder (DBStoreBuilder.java:addTable(110)) - using custom profile for table: bucketTable
2019-09-11 10:32:34,332 [main] INFO  db.DBStoreBuilder (DBStoreBuilder.java:processTables(161)) - Using default column profile:DBProfile.DISK for Table:bucketTable
2019-09-11 10:32:34,332 [main] INFO  db.DBStoreBuilder (DBStoreBuilder.java:addTable(110)) - using custom profile for table: keyTable
2019-09-11 10:32:34,332 [main] INFO  db.DBStoreBuilder (DBStoreBuilder.java:processTables(161)) - Using default column profile:DBProfile.DISK for Table:keyTable
2019-09-11 10:32:34,332 [main] INFO  db.DBStoreBuilder (DBStoreBuilder.java:addTable(110)) - using custom profile for table: deletedTable
2019-09-11 10:32:34,332 [main] INFO  db.DBStoreBuilder (DBStoreBuilder.java:processTables(161)) - Using default column profile:DBProfile.DISK for Table:deletedTable
2019-09-11 10:32:34,333 [main] INFO  db.DBStoreBuilder (DBStoreBuilder.java:addTable(110)) - using custom profile for table: openKeyTable
2019-09-11 10:32:34,333 [main] INFO  db.DBStoreBuilder (DBStoreBuilder.java:processTables(161)) - Using default column profile:DBProfile.DISK for Table:openKeyTable
2019-09-11 10:32:34,333 [main] INFO  db.DBStoreBuilder (DBStoreBuilder.java:addTable(110)) - using custom profile for table: s3Table
2019-09-11 10:32:34,333 [main] INFO  db.DBStoreBuilder (DBStoreBuilder.java:processTables(161)) - Using default column profile:DBProfile.DISK for Table:s3Table
2019-09-11 10:32:34,334 [main] INFO  db.DBStoreBuilder (DBStoreBuilder.java:addTable(110)) - using custom profile for table: multipartInfoTable
2019-09-11 10:32:34,334 [main] INFO  db.DBStoreBuilder (DBStoreBuilder.java:processTables(161)) - Using default column profile:DBProfile.DISK for Table:multipartInfoTable
2019-09-11 10:32:34,334 [main] INFO  db.DBStoreBuilder (DBStoreBuilder.java:addTable(110)) - using custom profile for table: dTokenTable
2019-09-11 10:32:34,334 [main] INFO  db.DBStoreBuilder (DBStoreBuilder.java:processTables(161)) - Using default column profile:DBProfile.DISK for Table:dTokenTable
2019-09-11 10:32:34,334 [main] INFO  db.DBStoreBuilder (DBStoreBuilder.java:addTable(110)) - using custom profile for table: s3SecretTable
2019-09-11 10:32:34,335 [main] INFO  db.DBStoreBuilder (DBStoreBuilder.java:processTables(161)) - Using default column profile:DBProfile.DISK for Table:s3SecretTable
2019-09-11 10:32:34,335 [main] INFO  db.DBStoreBuilder (DBStoreBuilder.java:addTable(110)) - using custom profile for table: prefixTable
2019-09-11 10:32:34,335 [main] INFO  db.DBStoreBuilder (DBStoreBuilder.java:processTables(161)) - Using default column profile:DBProfile.DISK for Table:prefixTable
2019-09-11 10:32:34,335 [main] INFO  db.DBStoreBuilder (DBStoreBuilder.java:addTable(110)) - using custom profile for table: default
2019-09-11 10:32:34,336 [main] INFO  db.DBStoreBuilder (DBStoreBuilder.java:processTables(167)) - Using default column profile:DBProfile.DISK for Table:default
2019-09-11 10:32:34,336 [main] INFO  db.DBStoreBuilder (DBStoreBuilder.java:getDbProfile(198)) - Using default options. DBProfile.DISK
2019-09-11 10:32:35,157 [main] INFO  ipc.CallQueueManager (CallQueueManager.java:<init>(84)) - Using callQueue: class java.util.concurrent.LinkedBlockingQueue, queueCapacity: 2000, scheduler: class org.apache.hadoop.ipc.DefaultRpcScheduler, ipcBackoff: false.
2019-09-11 10:32:35,159 [Socket Reader #1 for port 40406] INFO  ipc.Server (Server.java:run(1074)) - Starting Socket Reader #1 for port 40406
2019-09-11 10:32:35,178 [main] INFO  om.OzoneManager (OzoneManager.java:start(1240)) - OzoneManager RPC server is listening at localhost/127.0.0.1:40406
2019-09-11 10:32:35,178 [main] INFO  impl.MetricsSystemImpl (MetricsSystemImpl.java:init(158)) - OzoneManager metrics system started (again)
2019-09-11 10:32:35,179 [IPC Server Responder] INFO  ipc.Server (Server.java:run(1314)) - IPC Server Responder: starting
2019-09-11 10:32:35,179 [IPC Server listener on 40406] INFO  ipc.Server (Server.java:run(1153)) - IPC Server listener on 40406: starting
2019-09-11 10:32:35,186 [main] INFO  hdfs.DFSUtil (DFSUtil.java:httpServerTemplateForNNAndJN(1641)) - Starting Web-server for ozoneManager at: http://0.0.0.0:0
2019-09-11 10:32:35,187 [main] INFO  server.AuthenticationFilter (AuthenticationFilter.java:constructSecretProvider(240)) - Unable to initialize FileSignerSecretProvider, falling back to use random secrets.
2019-09-11 10:32:35,188 [main] WARN  http.HttpRequestLog (HttpRequestLog.java:getRequestLog(97)) - Jetty request log can only be enabled using Log4j
2019-09-11 10:32:35,190 [main] INFO  http.HttpServer2 (HttpServer2.java:addGlobalFilter(975)) - Added global filter 'safety' (class=org.apache.hadoop.http.HttpServer2$QuotingInputFilter)
2019-09-11 10:32:35,190 [main] INFO  http.HttpServer2 (HttpServer2.java:addFilter(948)) - Added filter static_user_filter (class=org.apache.hadoop.http.lib.StaticUserWebFilter$StaticUserFilter) to context ozoneManager
2019-09-11 10:32:35,191 [main] INFO  http.HttpServer2 (HttpServer2.java:addFilter(958)) - Added filter static_user_filter (class=org.apache.hadoop.http.lib.StaticUserWebFilter$StaticUserFilter) to context static
2019-09-11 10:32:35,191 [main] INFO  http.HttpServer2 (HttpServer2.java:addFilter(958)) - Added filter static_user_filter (class=org.apache.hadoop.http.lib.StaticUserWebFilter$StaticUserFilter) to context logs
2019-09-11 10:32:35,193 [main] INFO  http.HttpServer2 (HttpServer2.java:bindListener(1191)) - Jetty bound to port 39422
2019-09-11 10:32:35,193 [main] INFO  server.Server (Server.java:doStart(351)) - jetty-9.3.24.v20180605, build timestamp: 2018-06-05T17:11:56Z, git hash: 84205aa28f11a4f31f2a3b86d1bba2cc8ab69827
2019-09-11 10:32:35,195 [main] INFO  handler.ContextHandler (ContextHandler.java:doStart(781)) - Started o.e.j.s.ServletContextHandler@5cf8edcf{/logs,file:///workdir/hadoop-ozone/integration-test/target/log,AVAILABLE}
2019-09-11 10:32:35,196 [main] INFO  handler.ContextHandler (ContextHandler.java:doStart(781)) - Started o.e.j.s.ServletContextHandler@629f066f{/static,file:///workdir/hadoop-ozone/integration-test/target/test-classes/webapps/static,AVAILABLE}
2019-09-11 10:32:35,201 [main] INFO  handler.ContextHandler (ContextHandler.java:doStart(781)) - Started o.e.j.w.WebAppContext@1cbb3d3b{/,file:///workdir/hadoop-ozone/integration-test/target/test-classes/webapps/ozoneManager/,AVAILABLE}{/ozoneManager}
2019-09-11 10:32:35,202 [main] INFO  server.AbstractConnector (AbstractConnector.java:doStart(278)) - Started ServerConnector@529cfee5{HTTP/1.1,[http/1.1]}{0.0.0.0:39422}
2019-09-11 10:32:35,202 [main] INFO  server.Server (Server.java:doStart(419)) - Started @4792ms
2019-09-11 10:32:35,203 [main] WARN  impl.MetricsSystemImpl (MetricsSystemImpl.java:register(276)) - Sink prometheus already exists!
2019-09-11 10:32:35,204 [main] INFO  server.BaseHttpServer (BaseHttpServer.java:updateConnectorAddress(215)) - HTTP server of OZONEMANAGER is listening at http://0.0.0.0:39422
2019-09-11 10:32:35,611 [main] INFO  impl.MetricsSystemImpl (MetricsSystemImpl.java:init(158)) - HddsDatanode metrics system started (again)
2019-09-11 10:32:35,669 [main] INFO  ozone.HddsDatanodeService (HddsDatanodeService.java:start(184)) - HddsDatanodeService host:pr-hdds-1982-decom-states-q64lx-3787986432 ip:192.168.69.96
2019-09-11 10:32:35,706 [main] INFO  volume.HddsVolume (HddsVolume.java:<init>(176)) - Creating Volume: /workdir/hadoop-ozone/integration-test/target/test-dir/MiniOzoneClusterImpl-62578b9c-93b1-4e23-b83e-ebaf05b7c577/datanode-0/data/containers/hdds of  storage type : DISK and capacity : 1482555576320
2019-09-11 10:32:35,708 [main] INFO  volume.VolumeSet (VolumeSet.java:initializeVolumeSet(170)) - Added Volume : /workdir/hadoop-ozone/integration-test/target/test-dir/MiniOzoneClusterImpl-62578b9c-93b1-4e23-b83e-ebaf05b7c577/datanode-0/data/containers/hdds to VolumeSet
2019-09-11 10:32:35,712 [main] INFO  volume.ThrottledAsyncChecker (ThrottledAsyncChecker.java:schedule(139)) - Scheduling a check for org.apache.hadoop.ozone.container.common.volume.HddsVolume@69da0b12
2019-09-11 10:32:35,730 [main] INFO  volume.HddsVolumeChecker (HddsVolumeChecker.java:checkAllVolumes(202)) - Scheduled health check for volume org.apache.hadoop.ozone.container.common.volume.HddsVolume@69da0b12
2019-09-11 10:32:35,850 [main] INFO  impl.RaftServerProxy (ConfUtils.java:logGet(43)) - raft.rpc.type = GRPC (default)
2019-09-11 10:32:35,918 [main] INFO  grpc.GrpcFactory (GrpcFactory.java:checkPooledByteBufAllocatorUseCacheForAllThreads(45)) - PERFORMANCE WARNING: useCacheForAllThreads is true that may cause Netty to create a lot garbage objects and, as a result, trigger GC.
	It is recommended to disable useCacheForAllThreads by setting -Dorg.apache.ratis.thirdparty.io.netty.allocator.useCacheForAllThreads=false in command line.
2019-09-11 10:32:35,923 [main] INFO  grpc.GrpcConfigKeys$Server (ConfUtils.java:logGet(43)) - raft.grpc.server.port = 0 (default)
2019-09-11 10:32:35,924 [main] INFO  server.GrpcService (ConfUtils.java:logGet(43)) - raft.grpc.message.size.max = 33570816 (custom)
2019-09-11 10:32:35,925 [main] INFO  server.RaftServerConfigKeys (ConfUtils.java:logGet(43)) - raft.server.log.appender.buffer.byte-limit = 33554432 (custom)
2019-09-11 10:32:35,926 [main] INFO  server.GrpcService (ConfUtils.java:logGet(43)) - raft.grpc.flow.control.window = 1MB (=1048576) (default)
2019-09-11 10:32:35,927 [main] INFO  server.RaftServerConfigKeys (ConfUtils.java:logGet(43)) - raft.server.rpc.request.timeout = 3000ms (default)
2019-09-11 10:32:36,105 [main] INFO  server.RaftServerConfigKeys (ConfUtils.java:logGet(43)) - raft.server.storage.dir = [/workdir/hadoop-ozone/integration-test/target/test-dir/MiniOzoneClusterImpl-62578b9c-93b1-4e23-b83e-ebaf05b7c577/datanode-0/data/ratis] (custom)
2019-09-11 10:32:36,152 [main] INFO  hdfs.DFSUtil (DFSUtil.java:httpServerTemplateForNNAndJN(1641)) - Starting Web-server for hddsDatanode at: http://0.0.0.0:0
2019-09-11 10:32:36,154 [main] INFO  server.AuthenticationFilter (AuthenticationFilter.java:constructSecretProvider(240)) - Unable to initialize FileSignerSecretProvider, falling back to use random secrets.
2019-09-11 10:32:36,155 [main] WARN  http.HttpRequestLog (HttpRequestLog.java:getRequestLog(97)) - Jetty request log can only be enabled using Log4j
2019-09-11 10:32:36,156 [main] INFO  http.HttpServer2 (HttpServer2.java:addGlobalFilter(975)) - Added global filter 'safety' (class=org.apache.hadoop.http.HttpServer2$QuotingInputFilter)
2019-09-11 10:32:36,157 [main] INFO  http.HttpServer2 (HttpServer2.java:addFilter(948)) - Added filter static_user_filter (class=org.apache.hadoop.http.lib.StaticUserWebFilter$StaticUserFilter) to context hddsDatanode
2019-09-11 10:32:36,157 [main] INFO  http.HttpServer2 (HttpServer2.java:addFilter(958)) - Added filter static_user_filter (class=org.apache.hadoop.http.lib.StaticUserWebFilter$StaticUserFilter) to context logs
2019-09-11 10:32:36,157 [main] INFO  http.HttpServer2 (HttpServer2.java:addFilter(958)) - Added filter static_user_filter (class=org.apache.hadoop.http.lib.StaticUserWebFilter$StaticUserFilter) to context static
2019-09-11 10:32:36,158 [main] INFO  http.HttpServer2 (HttpServer2.java:bindListener(1191)) - Jetty bound to port 39251
2019-09-11 10:32:36,159 [main] INFO  server.Server (Server.java:doStart(351)) - jetty-9.3.24.v20180605, build timestamp: 2018-06-05T17:11:56Z, git hash: 84205aa28f11a4f31f2a3b86d1bba2cc8ab69827
2019-09-11 10:32:36,161 [main] INFO  handler.ContextHandler (ContextHandler.java:doStart(781)) - Started o.e.j.s.ServletContextHandler@2643d762{/logs,file:///workdir/hadoop-ozone/integration-test/target/log,AVAILABLE}
2019-09-11 10:32:36,161 [main] INFO  handler.ContextHandler (ContextHandler.java:doStart(781)) - Started o.e.j.s.ServletContextHandler@2f236de0{/static,jar:file:/home/user/.m2/repository/org/apache/hadoop/hadoop-hdds-container-service/0.5.0-SNAPSHOT/hadoop-hdds-container-service-0.5.0-SNAPSHOT.jar!/webapps/static,AVAILABLE}
2019-09-11 10:32:36,190 [main] INFO  handler.ContextHandler (ContextHandler.java:doStart(781)) - Started o.e.j.w.WebAppContext@895416d{/,file:///tmp/jetty-0.0.0.0-39251-hddsDatanode-_-any-5243857705412591421.dir/webapp/,AVAILABLE}{/hddsDatanode}
2019-09-11 10:32:36,191 [main] INFO  server.AbstractConnector (AbstractConnector.java:doStart(278)) - Started ServerConnector@71a06021{HTTP/1.1,[http/1.1]}{0.0.0.0:39251}
2019-09-11 10:32:36,192 [main] INFO  server.Server (Server.java:doStart(419)) - Started @5781ms
2019-09-11 10:32:36,193 [main] WARN  impl.MetricsSystemImpl (MetricsSystemImpl.java:register(276)) - Sink prometheus already exists!
2019-09-11 10:32:36,193 [main] INFO  server.BaseHttpServer (BaseHttpServer.java:updateConnectorAddress(215)) - HTTP server of HDDSDATANODE is listening at http://0.0.0.0:39251
2019-09-11 10:32:36,194 [main] INFO  impl.MetricsSystemImpl (MetricsSystemImpl.java:init(158)) - HddsDatanode metrics system started (again)
2019-09-11 10:32:36,197 [main] INFO  ozone.HddsDatanodeService (HddsDatanodeService.java:start(184)) - HddsDatanodeService host:pr-hdds-1982-decom-states-q64lx-3787986432 ip:192.168.69.96
2019-09-11 10:32:36,202 [org.apache.hadoop.util.JvmPauseMonitor$Monitor@5f2a241] INFO  util.JvmPauseMonitor (JvmPauseMonitor.java:run(188)) - Starting JVM pause monitor
2019-09-11 10:32:36,205 [main] INFO  volume.HddsVolume (HddsVolume.java:<init>(176)) - Creating Volume: /workdir/hadoop-ozone/integration-test/target/test-dir/MiniOzoneClusterImpl-62578b9c-93b1-4e23-b83e-ebaf05b7c577/datanode-1/data/containers/hdds of  storage type : DISK and capacity : 1482555576320
2019-09-11 10:32:36,206 [main] INFO  volume.VolumeSet (VolumeSet.java:initializeVolumeSet(170)) - Added Volume : /workdir/hadoop-ozone/integration-test/target/test-dir/MiniOzoneClusterImpl-62578b9c-93b1-4e23-b83e-ebaf05b7c577/datanode-1/data/containers/hdds to VolumeSet
2019-09-11 10:32:36,207 [main] INFO  volume.ThrottledAsyncChecker (ThrottledAsyncChecker.java:schedule(139)) - Scheduling a check for org.apache.hadoop.ozone.container.common.volume.HddsVolume@55e42449
2019-09-11 10:32:36,207 [main] INFO  volume.HddsVolumeChecker (HddsVolumeChecker.java:checkAllVolumes(202)) - Scheduled health check for volume org.apache.hadoop.ozone.container.common.volume.HddsVolume@55e42449
2019-09-11 10:32:36,221 [main] INFO  impl.RaftServerProxy (ConfUtils.java:logGet(43)) - raft.rpc.type = GRPC (default)
2019-09-11 10:32:36,221 [main] INFO  grpc.GrpcFactory (GrpcFactory.java:checkPooledByteBufAllocatorUseCacheForAllThreads(45)) - PERFORMANCE WARNING: useCacheForAllThreads is true that may cause Netty to create a lot garbage objects and, as a result, trigger GC.
	It is recommended to disable useCacheForAllThreads by setting -Dorg.apache.ratis.thirdparty.io.netty.allocator.useCacheForAllThreads=false in command line.
2019-09-11 10:32:36,221 [main] INFO  grpc.GrpcConfigKeys$Server (ConfUtils.java:logGet(43)) - raft.grpc.server.port = 0 (default)
2019-09-11 10:32:36,221 [main] INFO  server.GrpcService (ConfUtils.java:logGet(43)) - raft.grpc.message.size.max = 33570816 (custom)
2019-09-11 10:32:36,221 [main] INFO  server.RaftServerConfigKeys (ConfUtils.java:logGet(43)) - raft.server.log.appender.buffer.byte-limit = 33554432 (custom)
2019-09-11 10:32:36,222 [main] INFO  server.GrpcService (ConfUtils.java:logGet(43)) - raft.grpc.flow.control.window = 1MB (=1048576) (default)
2019-09-11 10:32:36,222 [main] INFO  server.RaftServerConfigKeys (ConfUtils.java:logGet(43)) - raft.server.rpc.request.timeout = 3000ms (default)
2019-09-11 10:32:36,222 [main] INFO  server.RaftServerConfigKeys (ConfUtils.java:logGet(43)) - raft.server.storage.dir = [/workdir/hadoop-ozone/integration-test/target/test-dir/MiniOzoneClusterImpl-62578b9c-93b1-4e23-b83e-ebaf05b7c577/datanode-1/data/ratis] (custom)
2019-09-11 10:32:36,224 [main] INFO  hdfs.DFSUtil (DFSUtil.java:httpServerTemplateForNNAndJN(1641)) - Starting Web-server for hddsDatanode at: http://0.0.0.0:0
2019-09-11 10:32:36,225 [main] INFO  server.AuthenticationFilter (AuthenticationFilter.java:constructSecretProvider(240)) - Unable to initialize FileSignerSecretProvider, falling back to use random secrets.
2019-09-11 10:32:36,226 [main] WARN  http.HttpRequestLog (HttpRequestLog.java:getRequestLog(97)) - Jetty request log can only be enabled using Log4j
2019-09-11 10:32:36,227 [main] INFO  http.HttpServer2 (HttpServer2.java:addGlobalFilter(975)) - Added global filter 'safety' (class=org.apache.hadoop.http.HttpServer2$QuotingInputFilter)
2019-09-11 10:32:36,228 [main] INFO  http.HttpServer2 (HttpServer2.java:addFilter(948)) - Added filter static_user_filter (class=org.apache.hadoop.http.lib.StaticUserWebFilter$StaticUserFilter) to context hddsDatanode
2019-09-11 10:32:36,228 [main] INFO  http.HttpServer2 (HttpServer2.java:addFilter(958)) - Added filter static_user_filter (class=org.apache.hadoop.http.lib.StaticUserWebFilter$StaticUserFilter) to context logs
2019-09-11 10:32:36,228 [main] INFO  http.HttpServer2 (HttpServer2.java:addFilter(958)) - Added filter static_user_filter (class=org.apache.hadoop.http.lib.StaticUserWebFilter$StaticUserFilter) to context static
2019-09-11 10:32:36,229 [main] INFO  http.HttpServer2 (HttpServer2.java:bindListener(1191)) - Jetty bound to port 36791
2019-09-11 10:32:36,229 [main] INFO  server.Server (Server.java:doStart(351)) - jetty-9.3.24.v20180605, build timestamp: 2018-06-05T17:11:56Z, git hash: 84205aa28f11a4f31f2a3b86d1bba2cc8ab69827
2019-09-11 10:32:36,232 [main] INFO  handler.ContextHandler (ContextHandler.java:doStart(781)) - Started o.e.j.s.ServletContextHandler@c27a3a2{/logs,file:///workdir/hadoop-ozone/integration-test/target/log,AVAILABLE}
2019-09-11 10:32:36,233 [main] INFO  handler.ContextHandler (ContextHandler.java:doStart(781)) - Started o.e.j.s.ServletContextHandler@1a2bcd56{/static,jar:file:/home/user/.m2/repository/org/apache/hadoop/hadoop-hdds-container-service/0.5.0-SNAPSHOT/hadoop-hdds-container-service-0.5.0-SNAPSHOT.jar!/webapps/static,AVAILABLE}
2019-09-11 10:32:36,258 [main] INFO  handler.ContextHandler (ContextHandler.java:doStart(781)) - Started o.e.j.w.WebAppContext@52d97ab6{/,file:///tmp/jetty-0.0.0.0-36791-hddsDatanode-_-any-4207612671272910300.dir/webapp/,AVAILABLE}{/hddsDatanode}
2019-09-11 10:32:36,259 [main] INFO  server.AbstractConnector (AbstractConnector.java:doStart(278)) - Started ServerConnector@4da6d664{HTTP/1.1,[http/1.1]}{0.0.0.0:36791}
2019-09-11 10:32:36,259 [main] INFO  server.Server (Server.java:doStart(419)) - Started @5849ms
2019-09-11 10:32:36,260 [main] WARN  impl.MetricsSystemImpl (MetricsSystemImpl.java:register(276)) - Sink prometheus already exists!
2019-09-11 10:32:36,261 [main] INFO  server.BaseHttpServer (BaseHttpServer.java:updateConnectorAddress(215)) - HTTP server of HDDSDATANODE is listening at http://0.0.0.0:36791
2019-09-11 10:32:36,261 [main] INFO  impl.MetricsSystemImpl (MetricsSystemImpl.java:init(158)) - HddsDatanode metrics system started (again)
2019-09-11 10:32:36,264 [main] INFO  ozone.HddsDatanodeService (HddsDatanodeService.java:start(184)) - HddsDatanodeService host:pr-hdds-1982-decom-states-q64lx-3787986432 ip:192.168.69.96
2019-09-11 10:32:36,264 [org.apache.hadoop.util.JvmPauseMonitor$Monitor@44a61804] INFO  util.JvmPauseMonitor (JvmPauseMonitor.java:run(188)) - Starting JVM pause monitor
2019-09-11 10:32:36,271 [main] INFO  volume.HddsVolume (HddsVolume.java:<init>(176)) - Creating Volume: /workdir/hadoop-ozone/integration-test/target/test-dir/MiniOzoneClusterImpl-62578b9c-93b1-4e23-b83e-ebaf05b7c577/datanode-2/data/containers/hdds of  storage type : DISK and capacity : 1482555576320
2019-09-11 10:32:36,272 [main] INFO  volume.VolumeSet (VolumeSet.java:initializeVolumeSet(170)) - Added Volume : /workdir/hadoop-ozone/integration-test/target/test-dir/MiniOzoneClusterImpl-62578b9c-93b1-4e23-b83e-ebaf05b7c577/datanode-2/data/containers/hdds to VolumeSet
2019-09-11 10:32:36,272 [main] INFO  volume.ThrottledAsyncChecker (ThrottledAsyncChecker.java:schedule(139)) - Scheduling a check for org.apache.hadoop.ozone.container.common.volume.HddsVolume@65e21ce3
2019-09-11 10:32:36,273 [main] INFO  volume.HddsVolumeChecker (HddsVolumeChecker.java:checkAllVolumes(202)) - Scheduled health check for volume org.apache.hadoop.ozone.container.common.volume.HddsVolume@65e21ce3
2019-09-11 10:32:36,284 [main] INFO  impl.RaftServerProxy (ConfUtils.java:logGet(43)) - raft.rpc.type = GRPC (default)
2019-09-11 10:32:36,284 [main] INFO  grpc.GrpcFactory (GrpcFactory.java:checkPooledByteBufAllocatorUseCacheForAllThreads(45)) - PERFORMANCE WARNING: useCacheForAllThreads is true that may cause Netty to create a lot garbage objects and, as a result, trigger GC.
	It is recommended to disable useCacheForAllThreads by setting -Dorg.apache.ratis.thirdparty.io.netty.allocator.useCacheForAllThreads=false in command line.
2019-09-11 10:32:36,284 [main] INFO  grpc.GrpcConfigKeys$Server (ConfUtils.java:logGet(43)) - raft.grpc.server.port = 0 (default)
2019-09-11 10:32:36,285 [main] INFO  server.GrpcService (ConfUtils.java:logGet(43)) - raft.grpc.message.size.max = 33570816 (custom)
2019-09-11 10:32:36,285 [main] INFO  server.RaftServerConfigKeys (ConfUtils.java:logGet(43)) - raft.server.log.appender.buffer.byte-limit = 33554432 (custom)
2019-09-11 10:32:36,285 [main] INFO  server.GrpcService (ConfUtils.java:logGet(43)) - raft.grpc.flow.control.window = 1MB (=1048576) (default)
2019-09-11 10:32:36,285 [main] INFO  server.RaftServerConfigKeys (ConfUtils.java:logGet(43)) - raft.server.rpc.request.timeout = 3000ms (default)
2019-09-11 10:32:36,286 [main] INFO  server.RaftServerConfigKeys (ConfUtils.java:logGet(43)) - raft.server.storage.dir = [/workdir/hadoop-ozone/integration-test/target/test-dir/MiniOzoneClusterImpl-62578b9c-93b1-4e23-b83e-ebaf05b7c577/datanode-2/data/ratis] (custom)
2019-09-11 10:32:36,288 [main] INFO  hdfs.DFSUtil (DFSUtil.java:httpServerTemplateForNNAndJN(1641)) - Starting Web-server for hddsDatanode at: http://0.0.0.0:0
2019-09-11 10:32:36,289 [main] INFO  server.AuthenticationFilter (AuthenticationFilter.java:constructSecretProvider(240)) - Unable to initialize FileSignerSecretProvider, falling back to use random secrets.
2019-09-11 10:32:36,289 [main] WARN  http.HttpRequestLog (HttpRequestLog.java:getRequestLog(97)) - Jetty request log can only be enabled using Log4j
2019-09-11 10:32:36,291 [main] INFO  http.HttpServer2 (HttpServer2.java:addGlobalFilter(975)) - Added global filter 'safety' (class=org.apache.hadoop.http.HttpServer2$QuotingInputFilter)
2019-09-11 10:32:36,291 [main] INFO  http.HttpServer2 (HttpServer2.java:addFilter(948)) - Added filter static_user_filter (class=org.apache.hadoop.http.lib.StaticUserWebFilter$StaticUserFilter) to context hddsDatanode
2019-09-11 10:32:36,291 [main] INFO  http.HttpServer2 (HttpServer2.java:addFilter(958)) - Added filter static_user_filter (class=org.apache.hadoop.http.lib.StaticUserWebFilter$StaticUserFilter) to context static
2019-09-11 10:32:36,291 [main] INFO  http.HttpServer2 (HttpServer2.java:addFilter(958)) - Added filter static_user_filter (class=org.apache.hadoop.http.lib.StaticUserWebFilter$StaticUserFilter) to context logs
2019-09-11 10:32:36,292 [main] INFO  http.HttpServer2 (HttpServer2.java:bindListener(1191)) - Jetty bound to port 36456
2019-09-11 10:32:36,292 [main] INFO  server.Server (Server.java:doStart(351)) - jetty-9.3.24.v20180605, build timestamp: 2018-06-05T17:11:56Z, git hash: 84205aa28f11a4f31f2a3b86d1bba2cc8ab69827
2019-09-11 10:32:36,295 [main] INFO  handler.ContextHandler (ContextHandler.java:doStart(781)) - Started o.e.j.s.ServletContextHandler@7100dea{/logs,file:///workdir/hadoop-ozone/integration-test/target/log,AVAILABLE}
2019-09-11 10:32:36,295 [main] INFO  handler.ContextHandler (ContextHandler.java:doStart(781)) - Started o.e.j.s.ServletContextHandler@32e54a9d{/static,jar:file:/home/user/.m2/repository/org/apache/hadoop/hadoop-hdds-container-service/0.5.0-SNAPSHOT/hadoop-hdds-container-service-0.5.0-SNAPSHOT.jar!/webapps/static,AVAILABLE}
2019-09-11 10:32:36,307 [Datanode State Machine Thread - 0] INFO  datanode.InitDatanodeState (InitDatanodeState.java:persistContainerDatanodeDetails(140)) - DatanodeDetails is persisted to /workdir/hadoop-ozone/integration-test/target/test-dir/MiniOzoneClusterImpl-62578b9c-93b1-4e23-b83e-ebaf05b7c577/datanode-0/meta/datanode.id
2019-09-11 10:32:36,312 [Datanode State Machine Thread - 0] INFO  datanode.InitDatanodeState (InitDatanodeState.java:persistContainerDatanodeDetails(140)) - DatanodeDetails is persisted to /workdir/hadoop-ozone/integration-test/target/test-dir/MiniOzoneClusterImpl-62578b9c-93b1-4e23-b83e-ebaf05b7c577/datanode-1/meta/datanode.id
2019-09-11 10:32:36,323 [main] INFO  handler.ContextHandler (ContextHandler.java:doStart(781)) - Started o.e.j.w.WebAppContext@588f63c{/,file:///tmp/jetty-0.0.0.0-36456-hddsDatanode-_-any-5133537005972015267.dir/webapp/,AVAILABLE}{/hddsDatanode}
2019-09-11 10:32:36,323 [main] INFO  server.AbstractConnector (AbstractConnector.java:doStart(278)) - Started ServerConnector@5a6fa56e{HTTP/1.1,[http/1.1]}{0.0.0.0:36456}
2019-09-11 10:32:36,324 [main] INFO  server.Server (Server.java:doStart(419)) - Started @5913ms
2019-09-11 10:32:36,325 [main] WARN  impl.MetricsSystemImpl (MetricsSystemImpl.java:register(276)) - Sink prometheus already exists!
2019-09-11 10:32:36,325 [main] INFO  server.BaseHttpServer (BaseHttpServer.java:updateConnectorAddress(215)) - HTTP server of HDDSDATANODE is listening at http://0.0.0.0:36456
2019-09-11 10:32:36,326 [main] INFO  impl.MetricsSystemImpl (MetricsSystemImpl.java:init(158)) - HddsDatanode metrics system started (again)
2019-09-11 10:32:36,328 [main] INFO  ozone.HddsDatanodeService (HddsDatanodeService.java:start(184)) - HddsDatanodeService host:pr-hdds-1982-decom-states-q64lx-3787986432 ip:192.168.69.96
2019-09-11 10:32:36,328 [org.apache.hadoop.util.JvmPauseMonitor$Monitor@14b0e87f] INFO  util.JvmPauseMonitor (JvmPauseMonitor.java:run(188)) - Starting JVM pause monitor
2019-09-11 10:32:36,331 [Datanode State Machine Thread - 0] INFO  datanode.InitDatanodeState (InitDatanodeState.java:persistContainerDatanodeDetails(140)) - DatanodeDetails is persisted to /workdir/hadoop-ozone/integration-test/target/test-dir/MiniOzoneClusterImpl-62578b9c-93b1-4e23-b83e-ebaf05b7c577/datanode-2/meta/datanode.id
2019-09-11 10:32:36,334 [main] INFO  volume.HddsVolume (HddsVolume.java:<init>(176)) - Creating Volume: /workdir/hadoop-ozone/integration-test/target/test-dir/MiniOzoneClusterImpl-62578b9c-93b1-4e23-b83e-ebaf05b7c577/datanode-3/data/containers/hdds of  storage type : DISK and capacity : 1482555576320
2019-09-11 10:32:36,335 [main] INFO  volume.VolumeSet (VolumeSet.java:initializeVolumeSet(170)) - Added Volume : /workdir/hadoop-ozone/integration-test/target/test-dir/MiniOzoneClusterImpl-62578b9c-93b1-4e23-b83e-ebaf05b7c577/datanode-3/data/containers/hdds to VolumeSet
2019-09-11 10:32:36,336 [main] INFO  volume.ThrottledAsyncChecker (ThrottledAsyncChecker.java:schedule(139)) - Scheduling a check for org.apache.hadoop.ozone.container.common.volume.HddsVolume@7efb53af
2019-09-11 10:32:36,336 [main] INFO  volume.HddsVolumeChecker (HddsVolumeChecker.java:checkAllVolumes(202)) - Scheduled health check for volume org.apache.hadoop.ozone.container.common.volume.HddsVolume@7efb53af
2019-09-11 10:32:36,348 [main] INFO  impl.RaftServerProxy (ConfUtils.java:logGet(43)) - raft.rpc.type = GRPC (default)
2019-09-11 10:32:36,348 [main] INFO  grpc.GrpcFactory (GrpcFactory.java:checkPooledByteBufAllocatorUseCacheForAllThreads(45)) - PERFORMANCE WARNING: useCacheForAllThreads is true that may cause Netty to create a lot garbage objects and, as a result, trigger GC.
	It is recommended to disable useCacheForAllThreads by setting -Dorg.apache.ratis.thirdparty.io.netty.allocator.useCacheForAllThreads=false in command line.
2019-09-11 10:32:36,348 [main] INFO  grpc.GrpcConfigKeys$Server (ConfUtils.java:logGet(43)) - raft.grpc.server.port = 0 (default)
2019-09-11 10:32:36,348 [main] INFO  server.GrpcService (ConfUtils.java:logGet(43)) - raft.grpc.message.size.max = 33570816 (custom)
2019-09-11 10:32:36,348 [main] INFO  server.RaftServerConfigKeys (ConfUtils.java:logGet(43)) - raft.server.log.appender.buffer.byte-limit = 33554432 (custom)
2019-09-11 10:32:36,349 [main] INFO  server.GrpcService (ConfUtils.java:logGet(43)) - raft.grpc.flow.control.window = 1MB (=1048576) (default)
2019-09-11 10:32:36,349 [main] INFO  server.RaftServerConfigKeys (ConfUtils.java:logGet(43)) - raft.server.rpc.request.timeout = 3000ms (default)
2019-09-11 10:32:36,349 [main] INFO  server.RaftServerConfigKeys (ConfUtils.java:logGet(43)) - raft.server.storage.dir = [/workdir/hadoop-ozone/integration-test/target/test-dir/MiniOzoneClusterImpl-62578b9c-93b1-4e23-b83e-ebaf05b7c577/datanode-3/data/ratis] (custom)
2019-09-11 10:32:36,351 [main] INFO  hdfs.DFSUtil (DFSUtil.java:httpServerTemplateForNNAndJN(1641)) - Starting Web-server for hddsDatanode at: http://0.0.0.0:0
2019-09-11 10:32:36,352 [main] INFO  server.AuthenticationFilter (AuthenticationFilter.java:constructSecretProvider(240)) - Unable to initialize FileSignerSecretProvider, falling back to use random secrets.
2019-09-11 10:32:36,352 [main] WARN  http.HttpRequestLog (HttpRequestLog.java:getRequestLog(97)) - Jetty request log can only be enabled using Log4j
2019-09-11 10:32:36,354 [main] INFO  http.HttpServer2 (HttpServer2.java:addGlobalFilter(975)) - Added global filter 'safety' (class=org.apache.hadoop.http.HttpServer2$QuotingInputFilter)
2019-09-11 10:32:36,354 [main] INFO  http.HttpServer2 (HttpServer2.java:addFilter(948)) - Added filter static_user_filter (class=org.apache.hadoop.http.lib.StaticUserWebFilter$StaticUserFilter) to context hddsDatanode
2019-09-11 10:32:36,354 [main] INFO  http.HttpServer2 (HttpServer2.java:addFilter(958)) - Added filter static_user_filter (class=org.apache.hadoop.http.lib.StaticUserWebFilter$StaticUserFilter) to context logs
2019-09-11 10:32:36,354 [main] INFO  http.HttpServer2 (HttpServer2.java:addFilter(958)) - Added filter static_user_filter (class=org.apache.hadoop.http.lib.StaticUserWebFilter$StaticUserFilter) to context static
2019-09-11 10:32:36,355 [main] INFO  http.HttpServer2 (HttpServer2.java:bindListener(1191)) - Jetty bound to port 39207
2019-09-11 10:32:36,355 [main] INFO  server.Server (Server.java:doStart(351)) - jetty-9.3.24.v20180605, build timestamp: 2018-06-05T17:11:56Z, git hash: 84205aa28f11a4f31f2a3b86d1bba2cc8ab69827
2019-09-11 10:32:36,359 [main] INFO  handler.ContextHandler (ContextHandler.java:doStart(781)) - Started o.e.j.s.ServletContextHandler@72f9f27c{/logs,file:///workdir/hadoop-ozone/integration-test/target/log,AVAILABLE}
2019-09-11 10:32:36,360 [main] INFO  handler.ContextHandler (ContextHandler.java:doStart(781)) - Started o.e.j.s.ServletContextHandler@762637be{/static,jar:file:/home/user/.m2/repository/org/apache/hadoop/hadoop-hdds-container-service/0.5.0-SNAPSHOT/hadoop-hdds-container-service-0.5.0-SNAPSHOT.jar!/webapps/static,AVAILABLE}
2019-09-11 10:32:36,388 [main] INFO  handler.ContextHandler (ContextHandler.java:doStart(781)) - Started o.e.j.w.WebAppContext@715b886f{/,file:///tmp/jetty-0.0.0.0-39207-hddsDatanode-_-any-6345703996661462083.dir/webapp/,AVAILABLE}{/hddsDatanode}
2019-09-11 10:32:36,389 [main] INFO  server.AbstractConnector (AbstractConnector.java:doStart(278)) - Started ServerConnector@7fb29ca9{HTTP/1.1,[http/1.1]}{0.0.0.0:39207}
2019-09-11 10:32:36,390 [main] INFO  server.Server (Server.java:doStart(419)) - Started @5979ms
2019-09-11 10:32:36,391 [main] WARN  impl.MetricsSystemImpl (MetricsSystemImpl.java:register(276)) - Sink prometheus already exists!
2019-09-11 10:32:36,392 [main] INFO  server.BaseHttpServer (BaseHttpServer.java:updateConnectorAddress(215)) - HTTP server of HDDSDATANODE is listening at http://0.0.0.0:39207
2019-09-11 10:32:36,392 [main] INFO  impl.MetricsSystemImpl (MetricsSystemImpl.java:init(158)) - HddsDatanode metrics system started (again)
2019-09-11 10:32:36,395 [main] INFO  ozone.HddsDatanodeService (HddsDatanodeService.java:start(184)) - HddsDatanodeService host:pr-hdds-1982-decom-states-q64lx-3787986432 ip:192.168.69.96
2019-09-11 10:32:36,395 [org.apache.hadoop.util.JvmPauseMonitor$Monitor@29aa82df] INFO  util.JvmPauseMonitor (JvmPauseMonitor.java:run(188)) - Starting JVM pause monitor
2019-09-11 10:32:36,398 [Datanode State Machine Thread - 0] INFO  datanode.InitDatanodeState (InitDatanodeState.java:persistContainerDatanodeDetails(140)) - DatanodeDetails is persisted to /workdir/hadoop-ozone/integration-test/target/test-dir/MiniOzoneClusterImpl-62578b9c-93b1-4e23-b83e-ebaf05b7c577/datanode-3/meta/datanode.id
2019-09-11 10:32:36,403 [main] INFO  volume.HddsVolume (HddsVolume.java:<init>(176)) - Creating Volume: /workdir/hadoop-ozone/integration-test/target/test-dir/MiniOzoneClusterImpl-62578b9c-93b1-4e23-b83e-ebaf05b7c577/datanode-4/data/containers/hdds of  storage type : DISK and capacity : 1482555576320
2019-09-11 10:32:36,403 [main] INFO  volume.VolumeSet (VolumeSet.java:initializeVolumeSet(170)) - Added Volume : /workdir/hadoop-ozone/integration-test/target/test-dir/MiniOzoneClusterImpl-62578b9c-93b1-4e23-b83e-ebaf05b7c577/datanode-4/data/containers/hdds to VolumeSet
2019-09-11 10:32:36,403 [main] INFO  volume.ThrottledAsyncChecker (ThrottledAsyncChecker.java:schedule(139)) - Scheduling a check for org.apache.hadoop.ozone.container.common.volume.HddsVolume@5d2828c9
2019-09-11 10:32:36,404 [main] INFO  volume.HddsVolumeChecker (HddsVolumeChecker.java:checkAllVolumes(202)) - Scheduled health check for volume org.apache.hadoop.ozone.container.common.volume.HddsVolume@5d2828c9
2019-09-11 10:32:36,417 [main] INFO  impl.RaftServerProxy (ConfUtils.java:logGet(43)) - raft.rpc.type = GRPC (default)
2019-09-11 10:32:36,418 [main] INFO  grpc.GrpcFactory (GrpcFactory.java:checkPooledByteBufAllocatorUseCacheForAllThreads(45)) - PERFORMANCE WARNING: useCacheForAllThreads is true that may cause Netty to create a lot garbage objects and, as a result, trigger GC.
	It is recommended to disable useCacheForAllThreads by setting -Dorg.apache.ratis.thirdparty.io.netty.allocator.useCacheForAllThreads=false in command line.
2019-09-11 10:32:36,418 [main] INFO  grpc.GrpcConfigKeys$Server (ConfUtils.java:logGet(43)) - raft.grpc.server.port = 0 (default)
2019-09-11 10:32:36,418 [main] INFO  server.GrpcService (ConfUtils.java:logGet(43)) - raft.grpc.message.size.max = 33570816 (custom)
2019-09-11 10:32:36,418 [main] INFO  server.RaftServerConfigKeys (ConfUtils.java:logGet(43)) - raft.server.log.appender.buffer.byte-limit = 33554432 (custom)
2019-09-11 10:32:36,419 [main] INFO  server.GrpcService (ConfUtils.java:logGet(43)) - raft.grpc.flow.control.window = 1MB (=1048576) (default)
2019-09-11 10:32:36,419 [main] INFO  server.RaftServerConfigKeys (ConfUtils.java:logGet(43)) - raft.server.rpc.request.timeout = 3000ms (default)
2019-09-11 10:32:36,419 [main] INFO  server.RaftServerConfigKeys (ConfUtils.java:logGet(43)) - raft.server.storage.dir = [/workdir/hadoop-ozone/integration-test/target/test-dir/MiniOzoneClusterImpl-62578b9c-93b1-4e23-b83e-ebaf05b7c577/datanode-4/data/ratis] (custom)
2019-09-11 10:32:36,421 [main] INFO  hdfs.DFSUtil (DFSUtil.java:httpServerTemplateForNNAndJN(1641)) - Starting Web-server for hddsDatanode at: http://0.0.0.0:0
2019-09-11 10:32:36,422 [main] INFO  server.AuthenticationFilter (AuthenticationFilter.java:constructSecretProvider(240)) - Unable to initialize FileSignerSecretProvider, falling back to use random secrets.
2019-09-11 10:32:36,422 [main] WARN  http.HttpRequestLog (HttpRequestLog.java:getRequestLog(97)) - Jetty request log can only be enabled using Log4j
2019-09-11 10:32:36,424 [main] INFO  http.HttpServer2 (HttpServer2.java:addGlobalFilter(975)) - Added global filter 'safety' (class=org.apache.hadoop.http.HttpServer2$QuotingInputFilter)
2019-09-11 10:32:36,424 [main] INFO  http.HttpServer2 (HttpServer2.java:addFilter(948)) - Added filter static_user_filter (class=org.apache.hadoop.http.lib.StaticUserWebFilter$StaticUserFilter) to context hddsDatanode
2019-09-11 10:32:36,424 [main] INFO  http.HttpServer2 (HttpServer2.java:addFilter(958)) - Added filter static_user_filter (class=org.apache.hadoop.http.lib.StaticUserWebFilter$StaticUserFilter) to context static
2019-09-11 10:32:36,424 [main] INFO  http.HttpServer2 (HttpServer2.java:addFilter(958)) - Added filter static_user_filter (class=org.apache.hadoop.http.lib.StaticUserWebFilter$StaticUserFilter) to context logs
2019-09-11 10:32:36,425 [main] INFO  http.HttpServer2 (HttpServer2.java:bindListener(1191)) - Jetty bound to port 36223
2019-09-11 10:32:36,425 [main] INFO  server.Server (Server.java:doStart(351)) - jetty-9.3.24.v20180605, build timestamp: 2018-06-05T17:11:56Z, git hash: 84205aa28f11a4f31f2a3b86d1bba2cc8ab69827
2019-09-11 10:32:36,427 [main] INFO  handler.ContextHandler (ContextHandler.java:doStart(781)) - Started o.e.j.s.ServletContextHandler@6f94fb9d{/logs,file:///workdir/hadoop-ozone/integration-test/target/log,AVAILABLE}
2019-09-11 10:32:36,428 [main] INFO  handler.ContextHandler (ContextHandler.java:doStart(781)) - Started o.e.j.s.ServletContextHandler@4228bf58{/static,jar:file:/home/user/.m2/repository/org/apache/hadoop/hadoop-hdds-container-service/0.5.0-SNAPSHOT/hadoop-hdds-container-service-0.5.0-SNAPSHOT.jar!/webapps/static,AVAILABLE}
2019-09-11 10:32:36,451 [main] INFO  handler.ContextHandler (ContextHandler.java:doStart(781)) - Started o.e.j.w.WebAppContext@2630dbc4{/,file:///tmp/jetty-0.0.0.0-36223-hddsDatanode-_-any-1788376090169956258.dir/webapp/,AVAILABLE}{/hddsDatanode}
2019-09-11 10:32:36,452 [main] INFO  server.AbstractConnector (AbstractConnector.java:doStart(278)) - Started ServerConnector@5ea4300e{HTTP/1.1,[http/1.1]}{0.0.0.0:36223}
2019-09-11 10:32:36,453 [main] INFO  server.Server (Server.java:doStart(419)) - Started @6042ms
2019-09-11 10:32:36,453 [main] WARN  impl.MetricsSystemImpl (MetricsSystemImpl.java:register(276)) - Sink prometheus already exists!
2019-09-11 10:32:36,454 [main] INFO  server.BaseHttpServer (BaseHttpServer.java:updateConnectorAddress(215)) - HTTP server of HDDSDATANODE is listening at http://0.0.0.0:36223
2019-09-11 10:32:36,454 [main] INFO  impl.MetricsSystemImpl (MetricsSystemImpl.java:init(158)) - HddsDatanode metrics system started (again)
2019-09-11 10:32:36,457 [main] INFO  ozone.HddsDatanodeService (HddsDatanodeService.java:start(184)) - HddsDatanodeService host:pr-hdds-1982-decom-states-q64lx-3787986432 ip:192.168.69.96
2019-09-11 10:32:36,457 [org.apache.hadoop.util.JvmPauseMonitor$Monitor@4620d046] INFO  util.JvmPauseMonitor (JvmPauseMonitor.java:run(188)) - Starting JVM pause monitor
2019-09-11 10:32:36,461 [Datanode State Machine Thread - 0] INFO  datanode.InitDatanodeState (InitDatanodeState.java:persistContainerDatanodeDetails(140)) - DatanodeDetails is persisted to /workdir/hadoop-ozone/integration-test/target/test-dir/MiniOzoneClusterImpl-62578b9c-93b1-4e23-b83e-ebaf05b7c577/datanode-4/meta/datanode.id
2019-09-11 10:32:36,464 [main] INFO  volume.HddsVolume (HddsVolume.java:<init>(176)) - Creating Volume: /workdir/hadoop-ozone/integration-test/target/test-dir/MiniOzoneClusterImpl-62578b9c-93b1-4e23-b83e-ebaf05b7c577/datanode-5/data/containers/hdds of  storage type : DISK and capacity : 1482555576320
2019-09-11 10:32:36,465 [main] INFO  volume.VolumeSet (VolumeSet.java:initializeVolumeSet(170)) - Added Volume : /workdir/hadoop-ozone/integration-test/target/test-dir/MiniOzoneClusterImpl-62578b9c-93b1-4e23-b83e-ebaf05b7c577/datanode-5/data/containers/hdds to VolumeSet
2019-09-11 10:32:36,465 [main] INFO  volume.ThrottledAsyncChecker (ThrottledAsyncChecker.java:schedule(139)) - Scheduling a check for org.apache.hadoop.ozone.container.common.volume.HddsVolume@4821aa9f
2019-09-11 10:32:36,465 [main] INFO  volume.HddsVolumeChecker (HddsVolumeChecker.java:checkAllVolumes(202)) - Scheduled health check for volume org.apache.hadoop.ozone.container.common.volume.HddsVolume@4821aa9f
2019-09-11 10:32:36,480 [main] INFO  impl.RaftServerProxy (ConfUtils.java:logGet(43)) - raft.rpc.type = GRPC (default)
2019-09-11 10:32:36,480 [main] INFO  grpc.GrpcFactory (GrpcFactory.java:checkPooledByteBufAllocatorUseCacheForAllThreads(45)) - PERFORMANCE WARNING: useCacheForAllThreads is true that may cause Netty to create a lot garbage objects and, as a result, trigger GC.
	It is recommended to disable useCacheForAllThreads by setting -Dorg.apache.ratis.thirdparty.io.netty.allocator.useCacheForAllThreads=false in command line.
2019-09-11 10:32:36,481 [main] INFO  grpc.GrpcConfigKeys$Server (ConfUtils.java:logGet(43)) - raft.grpc.server.port = 0 (default)
2019-09-11 10:32:36,481 [main] INFO  server.GrpcService (ConfUtils.java:logGet(43)) - raft.grpc.message.size.max = 33570816 (custom)
2019-09-11 10:32:36,481 [main] INFO  server.RaftServerConfigKeys (ConfUtils.java:logGet(43)) - raft.server.log.appender.buffer.byte-limit = 33554432 (custom)
2019-09-11 10:32:36,481 [main] INFO  server.GrpcService (ConfUtils.java:logGet(43)) - raft.grpc.flow.control.window = 1MB (=1048576) (default)
2019-09-11 10:32:36,481 [main] INFO  server.RaftServerConfigKeys (ConfUtils.java:logGet(43)) - raft.server.rpc.request.timeout = 3000ms (default)
2019-09-11 10:32:36,482 [main] INFO  server.RaftServerConfigKeys (ConfUtils.java:logGet(43)) - raft.server.storage.dir = [/workdir/hadoop-ozone/integration-test/target/test-dir/MiniOzoneClusterImpl-62578b9c-93b1-4e23-b83e-ebaf05b7c577/datanode-5/data/ratis] (custom)
2019-09-11 10:32:36,483 [main] INFO  hdfs.DFSUtil (DFSUtil.java:httpServerTemplateForNNAndJN(1641)) - Starting Web-server for hddsDatanode at: http://0.0.0.0:0
2019-09-11 10:32:36,484 [main] INFO  server.AuthenticationFilter (AuthenticationFilter.java:constructSecretProvider(240)) - Unable to initialize FileSignerSecretProvider, falling back to use random secrets.
2019-09-11 10:32:36,484 [main] WARN  http.HttpRequestLog (HttpRequestLog.java:getRequestLog(97)) - Jetty request log can only be enabled using Log4j
2019-09-11 10:32:36,486 [main] INFO  http.HttpServer2 (HttpServer2.java:addGlobalFilter(975)) - Added global filter 'safety' (class=org.apache.hadoop.http.HttpServer2$QuotingInputFilter)
2019-09-11 10:32:36,486 [main] INFO  http.HttpServer2 (HttpServer2.java:addFilter(948)) - Added filter static_user_filter (class=org.apache.hadoop.http.lib.StaticUserWebFilter$StaticUserFilter) to context hddsDatanode
2019-09-11 10:32:36,486 [main] INFO  http.HttpServer2 (HttpServer2.java:addFilter(958)) - Added filter static_user_filter (class=org.apache.hadoop.http.lib.StaticUserWebFilter$StaticUserFilter) to context logs
2019-09-11 10:32:36,487 [main] INFO  http.HttpServer2 (HttpServer2.java:addFilter(958)) - Added filter static_user_filter (class=org.apache.hadoop.http.lib.StaticUserWebFilter$StaticUserFilter) to context static
2019-09-11 10:32:36,487 [main] INFO  http.HttpServer2 (HttpServer2.java:bindListener(1191)) - Jetty bound to port 46459
2019-09-11 10:32:36,487 [main] INFO  server.Server (Server.java:doStart(351)) - jetty-9.3.24.v20180605, build timestamp: 2018-06-05T17:11:56Z, git hash: 84205aa28f11a4f31f2a3b86d1bba2cc8ab69827
2019-09-11 10:32:36,489 [main] INFO  handler.ContextHandler (ContextHandler.java:doStart(781)) - Started o.e.j.s.ServletContextHandler@12eedfee{/logs,file:///workdir/hadoop-ozone/integration-test/target/log,AVAILABLE}
2019-09-11 10:32:36,489 [main] INFO  handler.ContextHandler (ContextHandler.java:doStart(781)) - Started o.e.j.s.ServletContextHandler@1352434e{/static,jar:file:/home/user/.m2/repository/org/apache/hadoop/hadoop-hdds-container-service/0.5.0-SNAPSHOT/hadoop-hdds-container-service-0.5.0-SNAPSHOT.jar!/webapps/static,AVAILABLE}
2019-09-11 10:32:36,513 [main] INFO  handler.ContextHandler (ContextHandler.java:doStart(781)) - Started o.e.j.w.WebAppContext@64d4f7c7{/,file:///tmp/jetty-0.0.0.0-46459-hddsDatanode-_-any-4076911434811617233.dir/webapp/,AVAILABLE}{/hddsDatanode}
2019-09-11 10:32:36,514 [main] INFO  server.AbstractConnector (AbstractConnector.java:doStart(278)) - Started ServerConnector@54e02f6a{HTTP/1.1,[http/1.1]}{0.0.0.0:46459}
2019-09-11 10:32:36,515 [main] INFO  server.Server (Server.java:doStart(419)) - Started @6104ms
2019-09-11 10:32:36,515 [main] WARN  impl.MetricsSystemImpl (MetricsSystemImpl.java:register(276)) - Sink prometheus already exists!
2019-09-11 10:32:36,516 [main] INFO  server.BaseHttpServer (BaseHttpServer.java:updateConnectorAddress(215)) - HTTP server of HDDSDATANODE is listening at http://0.0.0.0:46459
2019-09-11 10:32:36,516 [main] INFO  impl.MetricsSystemImpl (MetricsSystemImpl.java:init(158)) - HddsDatanode metrics system started (again)
2019-09-11 10:32:36,520 [main] INFO  ozone.HddsDatanodeService (HddsDatanodeService.java:start(184)) - HddsDatanodeService host:pr-hdds-1982-decom-states-q64lx-3787986432 ip:192.168.69.96
2019-09-11 10:32:36,520 [org.apache.hadoop.util.JvmPauseMonitor$Monitor@8d46ee9] INFO  util.JvmPauseMonitor (JvmPauseMonitor.java:run(188)) - Starting JVM pause monitor
2019-09-11 10:32:36,524 [Datanode State Machine Thread - 0] INFO  datanode.InitDatanodeState (InitDatanodeState.java:persistContainerDatanodeDetails(140)) - DatanodeDetails is persisted to /workdir/hadoop-ozone/integration-test/target/test-dir/MiniOzoneClusterImpl-62578b9c-93b1-4e23-b83e-ebaf05b7c577/datanode-5/meta/datanode.id
2019-09-11 10:32:36,530 [main] INFO  volume.HddsVolume (HddsVolume.java:<init>(176)) - Creating Volume: /workdir/hadoop-ozone/integration-test/target/test-dir/MiniOzoneClusterImpl-62578b9c-93b1-4e23-b83e-ebaf05b7c577/datanode-6/data/containers/hdds of  storage type : DISK and capacity : 1482555576320
2019-09-11 10:32:36,530 [main] INFO  volume.VolumeSet (VolumeSet.java:initializeVolumeSet(170)) - Added Volume : /workdir/hadoop-ozone/integration-test/target/test-dir/MiniOzoneClusterImpl-62578b9c-93b1-4e23-b83e-ebaf05b7c577/datanode-6/data/containers/hdds to VolumeSet
2019-09-11 10:32:36,530 [main] INFO  volume.ThrottledAsyncChecker (ThrottledAsyncChecker.java:schedule(139)) - Scheduling a check for org.apache.hadoop.ozone.container.common.volume.HddsVolume@524270b8
2019-09-11 10:32:36,531 [main] INFO  volume.HddsVolumeChecker (HddsVolumeChecker.java:checkAllVolumes(202)) - Scheduled health check for volume org.apache.hadoop.ozone.container.common.volume.HddsVolume@524270b8
2019-09-11 10:32:36,542 [main] INFO  impl.RaftServerProxy (ConfUtils.java:logGet(43)) - raft.rpc.type = GRPC (default)
2019-09-11 10:32:36,543 [main] INFO  grpc.GrpcFactory (GrpcFactory.java:checkPooledByteBufAllocatorUseCacheForAllThreads(45)) - PERFORMANCE WARNING: useCacheForAllThreads is true that may cause Netty to create a lot garbage objects and, as a result, trigger GC.
	It is recommended to disable useCacheForAllThreads by setting -Dorg.apache.ratis.thirdparty.io.netty.allocator.useCacheForAllThreads=false in command line.
2019-09-11 10:32:36,543 [main] INFO  grpc.GrpcConfigKeys$Server (ConfUtils.java:logGet(43)) - raft.grpc.server.port = 0 (default)
2019-09-11 10:32:36,543 [main] INFO  server.GrpcService (ConfUtils.java:logGet(43)) - raft.grpc.message.size.max = 33570816 (custom)
2019-09-11 10:32:36,543 [main] INFO  server.RaftServerConfigKeys (ConfUtils.java:logGet(43)) - raft.server.log.appender.buffer.byte-limit = 33554432 (custom)
2019-09-11 10:32:36,544 [main] INFO  server.GrpcService (ConfUtils.java:logGet(43)) - raft.grpc.flow.control.window = 1MB (=1048576) (default)
2019-09-11 10:32:36,544 [main] INFO  server.RaftServerConfigKeys (ConfUtils.java:logGet(43)) - raft.server.rpc.request.timeout = 3000ms (default)
2019-09-11 10:32:36,544 [main] INFO  server.RaftServerConfigKeys (ConfUtils.java:logGet(43)) - raft.server.storage.dir = [/workdir/hadoop-ozone/integration-test/target/test-dir/MiniOzoneClusterImpl-62578b9c-93b1-4e23-b83e-ebaf05b7c577/datanode-6/data/ratis] (custom)
2019-09-11 10:32:36,546 [main] INFO  hdfs.DFSUtil (DFSUtil.java:httpServerTemplateForNNAndJN(1641)) - Starting Web-server for hddsDatanode at: http://0.0.0.0:0
2019-09-11 10:32:36,547 [main] INFO  server.AuthenticationFilter (AuthenticationFilter.java:constructSecretProvider(240)) - Unable to initialize FileSignerSecretProvider, falling back to use random secrets.
2019-09-11 10:32:36,547 [main] WARN  http.HttpRequestLog (HttpRequestLog.java:getRequestLog(97)) - Jetty request log can only be enabled using Log4j
2019-09-11 10:32:36,549 [main] INFO  http.HttpServer2 (HttpServer2.java:addGlobalFilter(975)) - Added global filter 'safety' (class=org.apache.hadoop.http.HttpServer2$QuotingInputFilter)
2019-09-11 10:32:36,549 [main] INFO  http.HttpServer2 (HttpServer2.java:addFilter(948)) - Added filter static_user_filter (class=org.apache.hadoop.http.lib.StaticUserWebFilter$StaticUserFilter) to context hddsDatanode
2019-09-11 10:32:36,549 [main] INFO  http.HttpServer2 (HttpServer2.java:addFilter(958)) - Added filter static_user_filter (class=org.apache.hadoop.http.lib.StaticUserWebFilter$StaticUserFilter) to context static
2019-09-11 10:32:36,549 [main] INFO  http.HttpServer2 (HttpServer2.java:addFilter(958)) - Added filter static_user_filter (class=org.apache.hadoop.http.lib.StaticUserWebFilter$StaticUserFilter) to context logs
2019-09-11 10:32:36,550 [main] INFO  http.HttpServer2 (HttpServer2.java:bindListener(1191)) - Jetty bound to port 42697
2019-09-11 10:32:36,550 [main] INFO  server.Server (Server.java:doStart(351)) - jetty-9.3.24.v20180605, build timestamp: 2018-06-05T17:11:56Z, git hash: 84205aa28f11a4f31f2a3b86d1bba2cc8ab69827
2019-09-11 10:32:36,552 [main] INFO  handler.ContextHandler (ContextHandler.java:doStart(781)) - Started o.e.j.s.ServletContextHandler@66b59b7d{/logs,file:///workdir/hadoop-ozone/integration-test/target/log,AVAILABLE}
2019-09-11 10:32:36,552 [main] INFO  handler.ContextHandler (ContextHandler.java:doStart(781)) - Started o.e.j.s.ServletContextHandler@4437ac07{/static,jar:file:/home/user/.m2/repository/org/apache/hadoop/hadoop-hdds-container-service/0.5.0-SNAPSHOT/hadoop-hdds-container-service-0.5.0-SNAPSHOT.jar!/webapps/static,AVAILABLE}
2019-09-11 10:32:36,577 [main] INFO  handler.ContextHandler (ContextHandler.java:doStart(781)) - Started o.e.j.w.WebAppContext@648d0e6d{/,file:///tmp/jetty-0.0.0.0-42697-hddsDatanode-_-any-7949309563621510110.dir/webapp/,AVAILABLE}{/hddsDatanode}
2019-09-11 10:32:36,577 [main] INFO  server.AbstractConnector (AbstractConnector.java:doStart(278)) - Started ServerConnector@79e66b2f{HTTP/1.1,[http/1.1]}{0.0.0.0:42697}
2019-09-11 10:32:36,579 [main] INFO  server.Server (Server.java:doStart(419)) - Started @6168ms
2019-09-11 10:32:36,579 [main] WARN  impl.MetricsSystemImpl (MetricsSystemImpl.java:register(276)) - Sink prometheus already exists!
2019-09-11 10:32:36,579 [main] INFO  server.BaseHttpServer (BaseHttpServer.java:updateConnectorAddress(215)) - HTTP server of HDDSDATANODE is listening at http://0.0.0.0:42697
2019-09-11 10:32:36,580 [main] INFO  impl.MetricsSystemImpl (MetricsSystemImpl.java:init(158)) - HddsDatanode metrics system started (again)
2019-09-11 10:32:36,584 [main] INFO  ozone.HddsDatanodeService (HddsDatanodeService.java:start(184)) - HddsDatanodeService host:pr-hdds-1982-decom-states-q64lx-3787986432 ip:192.168.69.96
2019-09-11 10:32:36,584 [org.apache.hadoop.util.JvmPauseMonitor$Monitor@32e83abb] INFO  util.JvmPauseMonitor (JvmPauseMonitor.java:run(188)) - Starting JVM pause monitor
2019-09-11 10:32:36,587 [Datanode State Machine Thread - 0] INFO  datanode.InitDatanodeState (InitDatanodeState.java:persistContainerDatanodeDetails(140)) - DatanodeDetails is persisted to /workdir/hadoop-ozone/integration-test/target/test-dir/MiniOzoneClusterImpl-62578b9c-93b1-4e23-b83e-ebaf05b7c577/datanode-6/meta/datanode.id
2019-09-11 10:32:36,594 [main] INFO  volume.HddsVolume (HddsVolume.java:<init>(176)) - Creating Volume: /workdir/hadoop-ozone/integration-test/target/test-dir/MiniOzoneClusterImpl-62578b9c-93b1-4e23-b83e-ebaf05b7c577/datanode-7/data/containers/hdds of  storage type : DISK and capacity : 1482555576320
2019-09-11 10:32:36,594 [main] INFO  volume.VolumeSet (VolumeSet.java:initializeVolumeSet(170)) - Added Volume : /workdir/hadoop-ozone/integration-test/target/test-dir/MiniOzoneClusterImpl-62578b9c-93b1-4e23-b83e-ebaf05b7c577/datanode-7/data/containers/hdds to VolumeSet
2019-09-11 10:32:36,594 [main] INFO  volume.ThrottledAsyncChecker (ThrottledAsyncChecker.java:schedule(139)) - Scheduling a check for org.apache.hadoop.ozone.container.common.volume.HddsVolume@7b122839
2019-09-11 10:32:36,595 [main] INFO  volume.HddsVolumeChecker (HddsVolumeChecker.java:checkAllVolumes(202)) - Scheduled health check for volume org.apache.hadoop.ozone.container.common.volume.HddsVolume@7b122839
2019-09-11 10:32:36,606 [main] INFO  impl.RaftServerProxy (ConfUtils.java:logGet(43)) - raft.rpc.type = GRPC (default)
2019-09-11 10:32:36,606 [main] INFO  grpc.GrpcFactory (GrpcFactory.java:checkPooledByteBufAllocatorUseCacheForAllThreads(45)) - PERFORMANCE WARNING: useCacheForAllThreads is true that may cause Netty to create a lot garbage objects and, as a result, trigger GC.
	It is recommended to disable useCacheForAllThreads by setting -Dorg.apache.ratis.thirdparty.io.netty.allocator.useCacheForAllThreads=false in command line.
2019-09-11 10:32:36,607 [main] INFO  grpc.GrpcConfigKeys$Server (ConfUtils.java:logGet(43)) - raft.grpc.server.port = 0 (default)
2019-09-11 10:32:36,607 [main] INFO  server.GrpcService (ConfUtils.java:logGet(43)) - raft.grpc.message.size.max = 33570816 (custom)
2019-09-11 10:32:36,607 [main] INFO  server.RaftServerConfigKeys (ConfUtils.java:logGet(43)) - raft.server.log.appender.buffer.byte-limit = 33554432 (custom)
2019-09-11 10:32:36,607 [main] INFO  server.GrpcService (ConfUtils.java:logGet(43)) - raft.grpc.flow.control.window = 1MB (=1048576) (default)
2019-09-11 10:32:36,607 [main] INFO  server.RaftServerConfigKeys (ConfUtils.java:logGet(43)) - raft.server.rpc.request.timeout = 3000ms (default)
2019-09-11 10:32:36,608 [main] INFO  server.RaftServerConfigKeys (ConfUtils.java:logGet(43)) - raft.server.storage.dir = [/workdir/hadoop-ozone/integration-test/target/test-dir/MiniOzoneClusterImpl-62578b9c-93b1-4e23-b83e-ebaf05b7c577/datanode-7/data/ratis] (custom)
2019-09-11 10:32:36,609 [main] INFO  hdfs.DFSUtil (DFSUtil.java:httpServerTemplateForNNAndJN(1641)) - Starting Web-server for hddsDatanode at: http://0.0.0.0:0
2019-09-11 10:32:36,610 [main] INFO  server.AuthenticationFilter (AuthenticationFilter.java:constructSecretProvider(240)) - Unable to initialize FileSignerSecretProvider, falling back to use random secrets.
2019-09-11 10:32:36,611 [main] WARN  http.HttpRequestLog (HttpRequestLog.java:getRequestLog(97)) - Jetty request log can only be enabled using Log4j
2019-09-11 10:32:36,612 [main] INFO  http.HttpServer2 (HttpServer2.java:addGlobalFilter(975)) - Added global filter 'safety' (class=org.apache.hadoop.http.HttpServer2$QuotingInputFilter)
2019-09-11 10:32:36,613 [main] INFO  http.HttpServer2 (HttpServer2.java:addFilter(948)) - Added filter static_user_filter (class=org.apache.hadoop.http.lib.StaticUserWebFilter$StaticUserFilter) to context hddsDatanode
2019-09-11 10:32:36,613 [main] INFO  http.HttpServer2 (HttpServer2.java:addFilter(958)) - Added filter static_user_filter (class=org.apache.hadoop.http.lib.StaticUserWebFilter$StaticUserFilter) to context logs
2019-09-11 10:32:36,613 [main] INFO  http.HttpServer2 (HttpServer2.java:addFilter(958)) - Added filter static_user_filter (class=org.apache.hadoop.http.lib.StaticUserWebFilter$StaticUserFilter) to context static
2019-09-11 10:32:36,613 [main] INFO  http.HttpServer2 (HttpServer2.java:bindListener(1191)) - Jetty bound to port 33914
2019-09-11 10:32:36,614 [main] INFO  server.Server (Server.java:doStart(351)) - jetty-9.3.24.v20180605, build timestamp: 2018-06-05T17:11:56Z, git hash: 84205aa28f11a4f31f2a3b86d1bba2cc8ab69827
2019-09-11 10:32:36,615 [main] INFO  handler.ContextHandler (ContextHandler.java:doStart(781)) - Started o.e.j.s.ServletContextHandler@55d58825{/logs,file:///workdir/hadoop-ozone/integration-test/target/log,AVAILABLE}
2019-09-11 10:32:36,616 [main] INFO  handler.ContextHandler (ContextHandler.java:doStart(781)) - Started o.e.j.s.ServletContextHandler@29a98d9f{/static,jar:file:/home/user/.m2/repository/org/apache/hadoop/hadoop-hdds-container-service/0.5.0-SNAPSHOT/hadoop-hdds-container-service-0.5.0-SNAPSHOT.jar!/webapps/static,AVAILABLE}
2019-09-11 10:32:36,640 [main] INFO  handler.ContextHandler (ContextHandler.java:doStart(781)) - Started o.e.j.w.WebAppContext@70e94ecb{/,file:///tmp/jetty-0.0.0.0-33914-hddsDatanode-_-any-1523225838116592762.dir/webapp/,AVAILABLE}{/hddsDatanode}
2019-09-11 10:32:36,640 [main] INFO  server.AbstractConnector (AbstractConnector.java:doStart(278)) - Started ServerConnector@56cfe111{HTTP/1.1,[http/1.1]}{0.0.0.0:33914}
2019-09-11 10:32:36,641 [main] INFO  server.Server (Server.java:doStart(419)) - Started @6230ms
2019-09-11 10:32:36,641 [main] WARN  impl.MetricsSystemImpl (MetricsSystemImpl.java:register(276)) - Sink prometheus already exists!
2019-09-11 10:32:36,642 [main] INFO  server.BaseHttpServer (BaseHttpServer.java:updateConnectorAddress(215)) - HTTP server of HDDSDATANODE is listening at http://0.0.0.0:33914
2019-09-11 10:32:36,642 [main] INFO  impl.MetricsSystemImpl (MetricsSystemImpl.java:init(158)) - HddsDatanode metrics system started (again)
2019-09-11 10:32:36,646 [main] INFO  ozone.HddsDatanodeService (HddsDatanodeService.java:start(184)) - HddsDatanodeService host:pr-hdds-1982-decom-states-q64lx-3787986432 ip:192.168.69.96
2019-09-11 10:32:36,647 [org.apache.hadoop.util.JvmPauseMonitor$Monitor@2d6a5a98] INFO  util.JvmPauseMonitor (JvmPauseMonitor.java:run(188)) - Starting JVM pause monitor
2019-09-11 10:32:36,650 [Datanode State Machine Thread - 0] INFO  datanode.InitDatanodeState (InitDatanodeState.java:persistContainerDatanodeDetails(140)) - DatanodeDetails is persisted to /workdir/hadoop-ozone/integration-test/target/test-dir/MiniOzoneClusterImpl-62578b9c-93b1-4e23-b83e-ebaf05b7c577/datanode-7/meta/datanode.id
2019-09-11 10:32:36,656 [main] INFO  volume.HddsVolume (HddsVolume.java:<init>(176)) - Creating Volume: /workdir/hadoop-ozone/integration-test/target/test-dir/MiniOzoneClusterImpl-62578b9c-93b1-4e23-b83e-ebaf05b7c577/datanode-8/data/containers/hdds of  storage type : DISK and capacity : 1482555576320
2019-09-11 10:32:36,656 [main] INFO  volume.VolumeSet (VolumeSet.java:initializeVolumeSet(170)) - Added Volume : /workdir/hadoop-ozone/integration-test/target/test-dir/MiniOzoneClusterImpl-62578b9c-93b1-4e23-b83e-ebaf05b7c577/datanode-8/data/containers/hdds to VolumeSet
2019-09-11 10:32:36,657 [main] INFO  volume.ThrottledAsyncChecker (ThrottledAsyncChecker.java:schedule(139)) - Scheduling a check for org.apache.hadoop.ozone.container.common.volume.HddsVolume@14a049f9
2019-09-11 10:32:36,658 [main] INFO  volume.HddsVolumeChecker (HddsVolumeChecker.java:checkAllVolumes(202)) - Scheduled health check for volume org.apache.hadoop.ozone.container.common.volume.HddsVolume@14a049f9
2019-09-11 10:32:36,669 [main] INFO  impl.RaftServerProxy (ConfUtils.java:logGet(43)) - raft.rpc.type = GRPC (default)
2019-09-11 10:32:36,669 [main] INFO  grpc.GrpcFactory (GrpcFactory.java:checkPooledByteBufAllocatorUseCacheForAllThreads(45)) - PERFORMANCE WARNING: useCacheForAllThreads is true that may cause Netty to create a lot garbage objects and, as a result, trigger GC.
	It is recommended to disable useCacheForAllThreads by setting -Dorg.apache.ratis.thirdparty.io.netty.allocator.useCacheForAllThreads=false in command line.
2019-09-11 10:32:36,669 [main] INFO  grpc.GrpcConfigKeys$Server (ConfUtils.java:logGet(43)) - raft.grpc.server.port = 0 (default)
2019-09-11 10:32:36,669 [main] INFO  server.GrpcService (ConfUtils.java:logGet(43)) - raft.grpc.message.size.max = 33570816 (custom)
2019-09-11 10:32:36,669 [main] INFO  server.RaftServerConfigKeys (ConfUtils.java:logGet(43)) - raft.server.log.appender.buffer.byte-limit = 33554432 (custom)
2019-09-11 10:32:36,670 [main] INFO  server.GrpcService (ConfUtils.java:logGet(43)) - raft.grpc.flow.control.window = 1MB (=1048576) (default)
2019-09-11 10:32:36,670 [main] INFO  server.RaftServerConfigKeys (ConfUtils.java:logGet(43)) - raft.server.rpc.request.timeout = 3000ms (default)
2019-09-11 10:32:36,670 [main] INFO  server.RaftServerConfigKeys (ConfUtils.java:logGet(43)) - raft.server.storage.dir = [/workdir/hadoop-ozone/integration-test/target/test-dir/MiniOzoneClusterImpl-62578b9c-93b1-4e23-b83e-ebaf05b7c577/datanode-8/data/ratis] (custom)
2019-09-11 10:32:36,672 [main] INFO  hdfs.DFSUtil (DFSUtil.java:httpServerTemplateForNNAndJN(1641)) - Starting Web-server for hddsDatanode at: http://0.0.0.0:0
2019-09-11 10:32:36,673 [main] INFO  server.AuthenticationFilter (AuthenticationFilter.java:constructSecretProvider(240)) - Unable to initialize FileSignerSecretProvider, falling back to use random secrets.
2019-09-11 10:32:36,673 [main] WARN  http.HttpRequestLog (HttpRequestLog.java:getRequestLog(97)) - Jetty request log can only be enabled using Log4j
2019-09-11 10:32:36,674 [main] INFO  http.HttpServer2 (HttpServer2.java:addGlobalFilter(975)) - Added global filter 'safety' (class=org.apache.hadoop.http.HttpServer2$QuotingInputFilter)
2019-09-11 10:32:36,675 [main] INFO  http.HttpServer2 (HttpServer2.java:addFilter(948)) - Added filter static_user_filter (class=org.apache.hadoop.http.lib.StaticUserWebFilter$StaticUserFilter) to context hddsDatanode
2019-09-11 10:32:36,675 [main] INFO  http.HttpServer2 (HttpServer2.java:addFilter(958)) - Added filter static_user_filter (class=org.apache.hadoop.http.lib.StaticUserWebFilter$StaticUserFilter) to context static
2019-09-11 10:32:36,675 [main] INFO  http.HttpServer2 (HttpServer2.java:addFilter(958)) - Added filter static_user_filter (class=org.apache.hadoop.http.lib.StaticUserWebFilter$StaticUserFilter) to context logs
2019-09-11 10:32:36,676 [main] INFO  http.HttpServer2 (HttpServer2.java:bindListener(1191)) - Jetty bound to port 39102
2019-09-11 10:32:36,676 [main] INFO  server.Server (Server.java:doStart(351)) - jetty-9.3.24.v20180605, build timestamp: 2018-06-05T17:11:56Z, git hash: 84205aa28f11a4f31f2a3b86d1bba2cc8ab69827
2019-09-11 10:32:36,677 [main] INFO  handler.ContextHandler (ContextHandler.java:doStart(781)) - Started o.e.j.s.ServletContextHandler@c2584d3{/logs,file:///workdir/hadoop-ozone/integration-test/target/log,AVAILABLE}
2019-09-11 10:32:36,678 [main] INFO  handler.ContextHandler (ContextHandler.java:doStart(781)) - Started o.e.j.s.ServletContextHandler@37468787{/static,jar:file:/home/user/.m2/repository/org/apache/hadoop/hadoop-hdds-container-service/0.5.0-SNAPSHOT/hadoop-hdds-container-service-0.5.0-SNAPSHOT.jar!/webapps/static,AVAILABLE}
2019-09-11 10:32:36,702 [main] INFO  handler.ContextHandler (ContextHandler.java:doStart(781)) - Started o.e.j.w.WebAppContext@7601bc96{/,file:///tmp/jetty-0.0.0.0-39102-hddsDatanode-_-any-103620011831565869.dir/webapp/,AVAILABLE}{/hddsDatanode}
2019-09-11 10:32:36,702 [main] INFO  server.AbstractConnector (AbstractConnector.java:doStart(278)) - Started ServerConnector@48a0c8aa{HTTP/1.1,[http/1.1]}{0.0.0.0:39102}
2019-09-11 10:32:36,703 [main] INFO  server.Server (Server.java:doStart(419)) - Started @6292ms
2019-09-11 10:32:36,703 [main] WARN  impl.MetricsSystemImpl (MetricsSystemImpl.java:register(276)) - Sink prometheus already exists!
2019-09-11 10:32:36,704 [main] INFO  server.BaseHttpServer (BaseHttpServer.java:updateConnectorAddress(215)) - HTTP server of HDDSDATANODE is listening at http://0.0.0.0:39102
2019-09-11 10:32:36,704 [main] INFO  impl.MetricsSystemImpl (MetricsSystemImpl.java:init(158)) - HddsDatanode metrics system started (again)
2019-09-11 10:32:36,708 [main] INFO  ozone.HddsDatanodeService (HddsDatanodeService.java:start(184)) - HddsDatanodeService host:pr-hdds-1982-decom-states-q64lx-3787986432 ip:192.168.69.96
2019-09-11 10:32:36,709 [org.apache.hadoop.util.JvmPauseMonitor$Monitor@4119a152] INFO  util.JvmPauseMonitor (JvmPauseMonitor.java:run(188)) - Starting JVM pause monitor
2019-09-11 10:32:36,712 [Datanode State Machine Thread - 0] INFO  datanode.InitDatanodeState (InitDatanodeState.java:persistContainerDatanodeDetails(140)) - DatanodeDetails is persisted to /workdir/hadoop-ozone/integration-test/target/test-dir/MiniOzoneClusterImpl-62578b9c-93b1-4e23-b83e-ebaf05b7c577/datanode-8/meta/datanode.id
2019-09-11 10:32:36,717 [main] INFO  volume.HddsVolume (HddsVolume.java:<init>(176)) - Creating Volume: /workdir/hadoop-ozone/integration-test/target/test-dir/MiniOzoneClusterImpl-62578b9c-93b1-4e23-b83e-ebaf05b7c577/datanode-9/data/containers/hdds of  storage type : DISK and capacity : 1482555576320
2019-09-11 10:32:36,717 [main] INFO  volume.VolumeSet (VolumeSet.java:initializeVolumeSet(170)) - Added Volume : /workdir/hadoop-ozone/integration-test/target/test-dir/MiniOzoneClusterImpl-62578b9c-93b1-4e23-b83e-ebaf05b7c577/datanode-9/data/containers/hdds to VolumeSet
2019-09-11 10:32:36,718 [main] INFO  volume.ThrottledAsyncChecker (ThrottledAsyncChecker.java:schedule(139)) - Scheduling a check for org.apache.hadoop.ozone.container.common.volume.HddsVolume@53d13cd4
2019-09-11 10:32:36,718 [main] INFO  volume.HddsVolumeChecker (HddsVolumeChecker.java:checkAllVolumes(202)) - Scheduled health check for volume org.apache.hadoop.ozone.container.common.volume.HddsVolume@53d13cd4
2019-09-11 10:32:36,729 [main] INFO  impl.RaftServerProxy (ConfUtils.java:logGet(43)) - raft.rpc.type = GRPC (default)
2019-09-11 10:32:36,729 [main] INFO  grpc.GrpcFactory (GrpcFactory.java:checkPooledByteBufAllocatorUseCacheForAllThreads(45)) - PERFORMANCE WARNING: useCacheForAllThreads is true that may cause Netty to create a lot garbage objects and, as a result, trigger GC.
	It is recommended to disable useCacheForAllThreads by setting -Dorg.apache.ratis.thirdparty.io.netty.allocator.useCacheForAllThreads=false in command line.
2019-09-11 10:32:36,730 [main] INFO  grpc.GrpcConfigKeys$Server (ConfUtils.java:logGet(43)) - raft.grpc.server.port = 0 (default)
2019-09-11 10:32:36,730 [main] INFO  server.GrpcService (ConfUtils.java:logGet(43)) - raft.grpc.message.size.max = 33570816 (custom)
2019-09-11 10:32:36,730 [main] INFO  server.RaftServerConfigKeys (ConfUtils.java:logGet(43)) - raft.server.log.appender.buffer.byte-limit = 33554432 (custom)
2019-09-11 10:32:36,730 [main] INFO  server.GrpcService (ConfUtils.java:logGet(43)) - raft.grpc.flow.control.window = 1MB (=1048576) (default)
2019-09-11 10:32:36,730 [main] INFO  server.RaftServerConfigKeys (ConfUtils.java:logGet(43)) - raft.server.rpc.request.timeout = 3000ms (default)
2019-09-11 10:32:36,731 [main] INFO  server.RaftServerConfigKeys (ConfUtils.java:logGet(43)) - raft.server.storage.dir = [/workdir/hadoop-ozone/integration-test/target/test-dir/MiniOzoneClusterImpl-62578b9c-93b1-4e23-b83e-ebaf05b7c577/datanode-9/data/ratis] (custom)
2019-09-11 10:32:36,732 [main] INFO  hdfs.DFSUtil (DFSUtil.java:httpServerTemplateForNNAndJN(1641)) - Starting Web-server for hddsDatanode at: http://0.0.0.0:0
2019-09-11 10:32:36,733 [main] INFO  server.AuthenticationFilter (AuthenticationFilter.java:constructSecretProvider(240)) - Unable to initialize FileSignerSecretProvider, falling back to use random secrets.
2019-09-11 10:32:36,733 [main] WARN  http.HttpRequestLog (HttpRequestLog.java:getRequestLog(97)) - Jetty request log can only be enabled using Log4j
2019-09-11 10:32:36,735 [main] INFO  http.HttpServer2 (HttpServer2.java:addGlobalFilter(975)) - Added global filter 'safety' (class=org.apache.hadoop.http.HttpServer2$QuotingInputFilter)
2019-09-11 10:32:36,735 [main] INFO  http.HttpServer2 (HttpServer2.java:addFilter(948)) - Added filter static_user_filter (class=org.apache.hadoop.http.lib.StaticUserWebFilter$StaticUserFilter) to context hddsDatanode
2019-09-11 10:32:36,735 [main] INFO  http.HttpServer2 (HttpServer2.java:addFilter(958)) - Added filter static_user_filter (class=org.apache.hadoop.http.lib.StaticUserWebFilter$StaticUserFilter) to context logs
2019-09-11 10:32:36,735 [main] INFO  http.HttpServer2 (HttpServer2.java:addFilter(958)) - Added filter static_user_filter (class=org.apache.hadoop.http.lib.StaticUserWebFilter$StaticUserFilter) to context static
2019-09-11 10:32:36,736 [main] INFO  http.HttpServer2 (HttpServer2.java:bindListener(1191)) - Jetty bound to port 38858
2019-09-11 10:32:36,736 [main] INFO  server.Server (Server.java:doStart(351)) - jetty-9.3.24.v20180605, build timestamp: 2018-06-05T17:11:56Z, git hash: 84205aa28f11a4f31f2a3b86d1bba2cc8ab69827
2019-09-11 10:32:36,738 [main] INFO  handler.ContextHandler (ContextHandler.java:doStart(781)) - Started o.e.j.s.ServletContextHandler@12e5da86{/logs,file:///workdir/hadoop-ozone/integration-test/target/log,AVAILABLE}
2019-09-11 10:32:36,738 [main] INFO  handler.ContextHandler (ContextHandler.java:doStart(781)) - Started o.e.j.s.ServletContextHandler@1d1cbd0f{/static,jar:file:/home/user/.m2/repository/org/apache/hadoop/hadoop-hdds-container-service/0.5.0-SNAPSHOT/hadoop-hdds-container-service-0.5.0-SNAPSHOT.jar!/webapps/static,AVAILABLE}
2019-09-11 10:32:36,762 [main] INFO  handler.ContextHandler (ContextHandler.java:doStart(781)) - Started o.e.j.w.WebAppContext@507d64aa{/,file:///tmp/jetty-0.0.0.0-38858-hddsDatanode-_-any-7253234770355604690.dir/webapp/,AVAILABLE}{/hddsDatanode}
2019-09-11 10:32:36,762 [main] INFO  server.AbstractConnector (AbstractConnector.java:doStart(278)) - Started ServerConnector@37045b48{HTTP/1.1,[http/1.1]}{0.0.0.0:38858}
2019-09-11 10:32:36,763 [main] INFO  server.Server (Server.java:doStart(419)) - Started @6352ms
2019-09-11 10:32:36,763 [main] WARN  impl.MetricsSystemImpl (MetricsSystemImpl.java:register(276)) - Sink prometheus already exists!
2019-09-11 10:32:36,764 [main] INFO  server.BaseHttpServer (BaseHttpServer.java:updateConnectorAddress(215)) - HTTP server of HDDSDATANODE is listening at http://0.0.0.0:38858
2019-09-11 10:32:36,769 [main] INFO  ozone.MiniOzoneClusterImpl (MiniOzoneClusterImpl.java:lambda$waitForClusterToBeReady$0(140)) - Waiting for cluster to be ready. Got 0 of 10 DN Heartbeats.
2019-09-11 10:32:36,770 [org.apache.hadoop.util.JvmPauseMonitor$Monitor@63d88ad0] INFO  util.JvmPauseMonitor (JvmPauseMonitor.java:run(188)) - Starting JVM pause monitor
2019-09-11 10:32:36,774 [Datanode State Machine Thread - 0] INFO  datanode.InitDatanodeState (InitDatanodeState.java:persistContainerDatanodeDetails(140)) - DatanodeDetails is persisted to /workdir/hadoop-ozone/integration-test/target/test-dir/MiniOzoneClusterImpl-62578b9c-93b1-4e23-b83e-ebaf05b7c577/datanode-9/meta/datanode.id
2019-09-11 10:32:37,770 [main] INFO  ozone.MiniOzoneClusterImpl (MiniOzoneClusterImpl.java:lambda$waitForClusterToBeReady$0(140)) - Waiting for cluster to be ready. Got 0 of 10 DN Heartbeats.
2019-09-11 10:32:38,290 [Datanode State Machine Thread - 0] INFO  ozoneimpl.OzoneContainer (OzoneContainer.java:start(217)) - Attempting to start container services.
2019-09-11 10:32:38,290 [Datanode State Machine Thread - 0] INFO  ozoneimpl.OzoneContainer (OzoneContainer.java:start(217)) - Attempting to start container services.
2019-09-11 10:32:38,293 [Datanode State Machine Thread - 0] INFO  ozoneimpl.OzoneContainer (OzoneContainer.java:startContainerScrub(179)) - Background container scanner has been disabled.
2019-09-11 10:32:38,293 [Datanode State Machine Thread - 0] INFO  ozoneimpl.OzoneContainer (OzoneContainer.java:startContainerScrub(179)) - Background container scanner has been disabled.
2019-09-11 10:32:38,293 [Datanode State Machine Thread - 0] INFO  ratis.XceiverServerRatis (XceiverServerRatis.java:start(404)) - Starting XceiverServerRatis 057fef34-657c-4281-ab7d-192648031ede at port 0
2019-09-11 10:32:38,293 [Datanode State Machine Thread - 0] INFO  ratis.XceiverServerRatis (XceiverServerRatis.java:start(404)) - Starting XceiverServerRatis 36d8287a-f445-472c-84c0-3ac4479cc6b6 at port 0
2019-09-11 10:32:38,329 [Datanode State Machine Thread - 0] INFO  impl.RaftServerProxy (RaftServerProxy.java:lambda$start$3(299)) - 36d8287a-f445-472c-84c0-3ac4479cc6b6: start RPC server
2019-09-11 10:32:38,329 [Datanode State Machine Thread - 0] INFO  impl.RaftServerProxy (RaftServerProxy.java:lambda$start$3(299)) - 057fef34-657c-4281-ab7d-192648031ede: start RPC server
2019-09-11 10:32:38,363 [Datanode State Machine Thread - 0] INFO  ozoneimpl.OzoneContainer (OzoneContainer.java:start(217)) - Attempting to start container services.
2019-09-11 10:32:38,370 [Datanode State Machine Thread - 0] INFO  ozoneimpl.OzoneContainer (OzoneContainer.java:startContainerScrub(179)) - Background container scanner has been disabled.
2019-09-11 10:32:38,370 [Datanode State Machine Thread - 0] INFO  ratis.XceiverServerRatis (XceiverServerRatis.java:start(404)) - Starting XceiverServerRatis aeb2043f-b21f-448b-b98e-71f6b579dea4 at port 0
2019-09-11 10:32:38,381 [Datanode State Machine Thread - 0] INFO  impl.RaftServerProxy (RaftServerProxy.java:lambda$start$3(299)) - aeb2043f-b21f-448b-b98e-71f6b579dea4: start RPC server
2019-09-11 10:32:38,429 [Datanode State Machine Thread - 0] INFO  ozoneimpl.OzoneContainer (OzoneContainer.java:start(217)) - Attempting to start container services.
2019-09-11 10:32:38,429 [Datanode State Machine Thread - 0] INFO  ozoneimpl.OzoneContainer (OzoneContainer.java:startContainerScrub(179)) - Background container scanner has been disabled.
2019-09-11 10:32:38,429 [Datanode State Machine Thread - 0] INFO  ratis.XceiverServerRatis (XceiverServerRatis.java:start(404)) - Starting XceiverServerRatis d7731897-8454-4248-86db-3bcd47c96a99 at port 0
2019-09-11 10:32:38,444 [Datanode State Machine Thread - 0] INFO  impl.RaftServerProxy (RaftServerProxy.java:lambda$start$3(299)) - d7731897-8454-4248-86db-3bcd47c96a99: start RPC server
2019-09-11 10:32:38,477 [Datanode State Machine Thread - 0] INFO  ozoneimpl.OzoneContainer (OzoneContainer.java:start(217)) - Attempting to start container services.
2019-09-11 10:32:38,477 [Datanode State Machine Thread - 0] INFO  ozoneimpl.OzoneContainer (OzoneContainer.java:startContainerScrub(179)) - Background container scanner has been disabled.
2019-09-11 10:32:38,477 [Datanode State Machine Thread - 0] INFO  ratis.XceiverServerRatis (XceiverServerRatis.java:start(404)) - Starting XceiverServerRatis 84160365-33de-4d43-a4b9-c2ba02cae000 at port 0
2019-09-11 10:32:38,485 [Datanode State Machine Thread - 0] INFO  impl.RaftServerProxy (RaftServerProxy.java:lambda$start$3(299)) - 84160365-33de-4d43-a4b9-c2ba02cae000: start RPC server
2019-09-11 10:32:38,527 [Datanode State Machine Thread - 0] INFO  server.GrpcService (GrpcService.java:startImpl(158)) - aeb2043f-b21f-448b-b98e-71f6b579dea4: GrpcService started, listening on 0.0.0.0/0.0.0.0:42052
2019-09-11 10:32:38,527 [Datanode State Machine Thread - 0] INFO  server.GrpcService (GrpcService.java:startImpl(158)) - 057fef34-657c-4281-ab7d-192648031ede: GrpcService started, listening on 0.0.0.0/0.0.0.0:35772
2019-09-11 10:32:38,527 [Datanode State Machine Thread - 0] INFO  server.GrpcService (GrpcService.java:startImpl(158)) - 36d8287a-f445-472c-84c0-3ac4479cc6b6: GrpcService started, listening on 0.0.0.0/0.0.0.0:43141
2019-09-11 10:32:38,527 [Datanode State Machine Thread - 0] INFO  server.GrpcService (GrpcService.java:startImpl(158)) - d7731897-8454-4248-86db-3bcd47c96a99: GrpcService started, listening on 0.0.0.0/0.0.0.0:44589
2019-09-11 10:32:38,527 [Datanode State Machine Thread - 0] INFO  server.GrpcService (GrpcService.java:startImpl(158)) - 84160365-33de-4d43-a4b9-c2ba02cae000: GrpcService started, listening on 0.0.0.0/0.0.0.0:44334
2019-09-11 10:32:38,529 [Datanode State Machine Thread - 0] INFO  ratis.XceiverServerRatis (XceiverServerRatis.java:start(414)) - XceiverServerRatis d7731897-8454-4248-86db-3bcd47c96a99 is started using port 44589
2019-09-11 10:32:38,529 [Datanode State Machine Thread - 0] INFO  ratis.XceiverServerRatis (XceiverServerRatis.java:start(414)) - XceiverServerRatis 36d8287a-f445-472c-84c0-3ac4479cc6b6 is started using port 43141
2019-09-11 10:32:38,529 [Datanode State Machine Thread - 0] INFO  ratis.XceiverServerRatis (XceiverServerRatis.java:start(414)) - XceiverServerRatis 057fef34-657c-4281-ab7d-192648031ede is started using port 35772
2019-09-11 10:32:38,528 [Datanode State Machine Thread - 0] INFO  ratis.XceiverServerRatis (XceiverServerRatis.java:start(414)) - XceiverServerRatis aeb2043f-b21f-448b-b98e-71f6b579dea4 is started using port 42052
2019-09-11 10:32:38,529 [Datanode State Machine Thread - 0] INFO  ratis.XceiverServerRatis (XceiverServerRatis.java:start(414)) - XceiverServerRatis 84160365-33de-4d43-a4b9-c2ba02cae000 is started using port 44334
2019-09-11 10:32:38,540 [Datanode State Machine Thread - 0] INFO  server.XceiverServerGrpc (XceiverServerGrpc.java:start(163)) - XceiverServerGrpc 36d8287a-f445-472c-84c0-3ac4479cc6b6 is started using port 33428
2019-09-11 10:32:38,541 [Datanode State Machine Thread - 0] INFO  server.XceiverServerGrpc (XceiverServerGrpc.java:start(163)) - XceiverServerGrpc d7731897-8454-4248-86db-3bcd47c96a99 is started using port 42538
2019-09-11 10:32:38,541 [Datanode State Machine Thread - 0] INFO  server.XceiverServerGrpc (XceiverServerGrpc.java:start(163)) - XceiverServerGrpc 057fef34-657c-4281-ab7d-192648031ede is started using port 46597
2019-09-11 10:32:38,541 [Datanode State Machine Thread - 0] INFO  server.XceiverServerGrpc (XceiverServerGrpc.java:start(163)) - XceiverServerGrpc aeb2043f-b21f-448b-b98e-71f6b579dea4 is started using port 33656
2019-09-11 10:32:38,540 [Datanode State Machine Thread - 0] INFO  server.XceiverServerGrpc (XceiverServerGrpc.java:start(163)) - XceiverServerGrpc 84160365-33de-4d43-a4b9-c2ba02cae000 is started using port 35146
2019-09-11 10:32:38,542 [Datanode State Machine Thread - 0] INFO  ozoneimpl.OzoneContainer (OzoneContainer.java:start(217)) - Attempting to start container services.
2019-09-11 10:32:38,543 [Datanode State Machine Thread - 0] INFO  ozoneimpl.OzoneContainer (OzoneContainer.java:startContainerScrub(179)) - Background container scanner has been disabled.
2019-09-11 10:32:38,543 [Datanode State Machine Thread - 0] INFO  ratis.XceiverServerRatis (XceiverServerRatis.java:start(404)) - Starting XceiverServerRatis 0ef303e2-5bf5-4b6c-9a73-acca672dcd1f at port 0
2019-09-11 10:32:38,553 [Datanode State Machine Thread - 0] INFO  impl.RaftServerProxy (RaftServerProxy.java:lambda$start$3(299)) - 0ef303e2-5bf5-4b6c-9a73-acca672dcd1f: start RPC server
2019-09-11 10:32:38,556 [Datanode State Machine Thread - 0] INFO  server.GrpcService (GrpcService.java:startImpl(158)) - 0ef303e2-5bf5-4b6c-9a73-acca672dcd1f: GrpcService started, listening on 0.0.0.0/0.0.0.0:44333
2019-09-11 10:32:38,556 [Datanode State Machine Thread - 0] INFO  ratis.XceiverServerRatis (XceiverServerRatis.java:start(414)) - XceiverServerRatis 0ef303e2-5bf5-4b6c-9a73-acca672dcd1f is started using port 44333
2019-09-11 10:32:38,559 [Datanode State Machine Thread - 0] INFO  server.XceiverServerGrpc (XceiverServerGrpc.java:start(163)) - XceiverServerGrpc 0ef303e2-5bf5-4b6c-9a73-acca672dcd1f is started using port 35093
2019-09-11 10:32:38,601 [Datanode State Machine Thread - 0] INFO  ozoneimpl.OzoneContainer (OzoneContainer.java:start(217)) - Attempting to start container services.
2019-09-11 10:32:38,602 [Datanode State Machine Thread - 0] INFO  ozoneimpl.OzoneContainer (OzoneContainer.java:startContainerScrub(179)) - Background container scanner has been disabled.
2019-09-11 10:32:38,602 [Datanode State Machine Thread - 0] INFO  ratis.XceiverServerRatis (XceiverServerRatis.java:start(404)) - Starting XceiverServerRatis a147bf4e-e47b-4bef-becd-030e3c92d985 at port 0
2019-09-11 10:32:38,609 [Datanode State Machine Thread - 0] INFO  impl.RaftServerProxy (RaftServerProxy.java:lambda$start$3(299)) - a147bf4e-e47b-4bef-becd-030e3c92d985: start RPC server
2019-09-11 10:32:38,613 [Datanode State Machine Thread - 0] INFO  server.GrpcService (GrpcService.java:startImpl(158)) - a147bf4e-e47b-4bef-becd-030e3c92d985: GrpcService started, listening on 0.0.0.0/0.0.0.0:46724
2019-09-11 10:32:38,613 [Datanode State Machine Thread - 0] INFO  ratis.XceiverServerRatis (XceiverServerRatis.java:start(414)) - XceiverServerRatis a147bf4e-e47b-4bef-becd-030e3c92d985 is started using port 46724
2019-09-11 10:32:38,616 [Datanode State Machine Thread - 0] INFO  server.XceiverServerGrpc (XceiverServerGrpc.java:start(163)) - XceiverServerGrpc a147bf4e-e47b-4bef-becd-030e3c92d985 is started using port 34120
2019-09-11 10:32:38,683 [Datanode State Machine Thread - 0] INFO  ozoneimpl.OzoneContainer (OzoneContainer.java:start(217)) - Attempting to start container services.
2019-09-11 10:32:38,683 [Datanode State Machine Thread - 0] INFO  ozoneimpl.OzoneContainer (OzoneContainer.java:startContainerScrub(179)) - Background container scanner has been disabled.
2019-09-11 10:32:38,683 [Datanode State Machine Thread - 0] INFO  ratis.XceiverServerRatis (XceiverServerRatis.java:start(404)) - Starting XceiverServerRatis 95b20011-2e58-4a94-a7ae-3b1213f1c518 at port 0
2019-09-11 10:32:38,690 [Datanode State Machine Thread - 0] INFO  impl.RaftServerProxy (RaftServerProxy.java:lambda$start$3(299)) - 95b20011-2e58-4a94-a7ae-3b1213f1c518: start RPC server
2019-09-11 10:32:38,698 [Datanode State Machine Thread - 0] INFO  server.GrpcService (GrpcService.java:startImpl(158)) - 95b20011-2e58-4a94-a7ae-3b1213f1c518: GrpcService started, listening on 0.0.0.0/0.0.0.0:39413
2019-09-11 10:32:38,699 [Datanode State Machine Thread - 0] INFO  ratis.XceiverServerRatis (XceiverServerRatis.java:start(414)) - XceiverServerRatis 95b20011-2e58-4a94-a7ae-3b1213f1c518 is started using port 39413
2019-09-11 10:32:38,706 [Datanode State Machine Thread - 0] INFO  server.XceiverServerGrpc (XceiverServerGrpc.java:start(163)) - XceiverServerGrpc 95b20011-2e58-4a94-a7ae-3b1213f1c518 is started using port 44374
2019-09-11 10:32:38,747 [Datanode State Machine Thread - 0] INFO  ozoneimpl.OzoneContainer (OzoneContainer.java:start(217)) - Attempting to start container services.
2019-09-11 10:32:38,748 [Datanode State Machine Thread - 0] INFO  ozoneimpl.OzoneContainer (OzoneContainer.java:startContainerScrub(179)) - Background container scanner has been disabled.
2019-09-11 10:32:38,748 [Datanode State Machine Thread - 0] INFO  ratis.XceiverServerRatis (XceiverServerRatis.java:start(404)) - Starting XceiverServerRatis d898b401-bc34-4650-97cf-b91d52192f1e at port 0
2019-09-11 10:32:38,755 [Datanode State Machine Thread - 0] INFO  impl.RaftServerProxy (RaftServerProxy.java:lambda$start$3(299)) - d898b401-bc34-4650-97cf-b91d52192f1e: start RPC server
2019-09-11 10:32:38,761 [Datanode State Machine Thread - 0] INFO  server.GrpcService (GrpcService.java:startImpl(158)) - d898b401-bc34-4650-97cf-b91d52192f1e: GrpcService started, listening on 0.0.0.0/0.0.0.0:37663
2019-09-11 10:32:38,761 [Datanode State Machine Thread - 0] INFO  ratis.XceiverServerRatis (XceiverServerRatis.java:start(414)) - XceiverServerRatis d898b401-bc34-4650-97cf-b91d52192f1e is started using port 37663
2019-09-11 10:32:38,767 [Datanode State Machine Thread - 0] INFO  server.XceiverServerGrpc (XceiverServerGrpc.java:start(163)) - XceiverServerGrpc d898b401-bc34-4650-97cf-b91d52192f1e is started using port 35186
2019-09-11 10:32:38,772 [main] INFO  ozone.MiniOzoneClusterImpl (MiniOzoneClusterImpl.java:lambda$waitForClusterToBeReady$0(140)) - Waiting for cluster to be ready. Got 0 of 10 DN Heartbeats.
2019-09-11 10:32:38,792 [Datanode State Machine Thread - 0] INFO  ozoneimpl.OzoneContainer (OzoneContainer.java:start(217)) - Attempting to start container services.
2019-09-11 10:32:38,792 [Datanode State Machine Thread - 0] INFO  ozoneimpl.OzoneContainer (OzoneContainer.java:startContainerScrub(179)) - Background container scanner has been disabled.
2019-09-11 10:32:38,792 [Datanode State Machine Thread - 0] INFO  ratis.XceiverServerRatis (XceiverServerRatis.java:start(404)) - Starting XceiverServerRatis a8d859d1-6640-4c40-83aa-447d1cb68642 at port 0
2019-09-11 10:32:38,800 [Datanode State Machine Thread - 0] INFO  impl.RaftServerProxy (RaftServerProxy.java:lambda$start$3(299)) - a8d859d1-6640-4c40-83aa-447d1cb68642: start RPC server
2019-09-11 10:32:38,805 [Datanode State Machine Thread - 0] INFO  server.GrpcService (GrpcService.java:startImpl(158)) - a8d859d1-6640-4c40-83aa-447d1cb68642: GrpcService started, listening on 0.0.0.0/0.0.0.0:35156
2019-09-11 10:32:38,806 [Datanode State Machine Thread - 0] INFO  ratis.XceiverServerRatis (XceiverServerRatis.java:start(414)) - XceiverServerRatis a8d859d1-6640-4c40-83aa-447d1cb68642 is started using port 35156
2019-09-11 10:32:38,836 [Datanode State Machine Thread - 0] INFO  server.XceiverServerGrpc (XceiverServerGrpc.java:start(163)) - XceiverServerGrpc a8d859d1-6640-4c40-83aa-447d1cb68642 is started using port 46419
2019-09-11 10:32:39,772 [main] INFO  ozone.MiniOzoneClusterImpl (MiniOzoneClusterImpl.java:lambda$waitForClusterToBeReady$0(140)) - Waiting for cluster to be ready. Got 0 of 10 DN Heartbeats.
2019-09-11 10:32:40,250 [IPC Server handler 4 on 38578] INFO  net.NetworkTopology (NetworkTopologyImpl.java:add(110)) - Added a new node: /default-rack/057fef34-657c-4281-ab7d-192648031ede
2019-09-11 10:32:40,250 [IPC Server handler 4 on 38578] INFO  node.SCMNodeManager (SCMNodeManager.java:register(300)) - Registered Data node : 057fef34-657c-4281-ab7d-192648031ede{ip: 192.168.69.96, host: pr-hdds-1982-decom-states-q64lx-3787986432, networkLocation: /default-rack, certSerialId: null}
2019-09-11 10:32:40,257 [EventQueue-NodeRegistrationContainerReportForDataNodeSafeModeRule] INFO  safemode.SCMSafeModeManager (DataNodeSafeModeRule.java:process(71)) - SCM in safe mode. 1 DataNodes registered, 1 required.
2019-09-11 10:32:40,257 [EventQueue-NodeRegistrationContainerReportForDataNodeSafeModeRule] INFO  safemode.SCMSafeModeManager (SCMSafeModeManager.java:validateSafeModeExitRules(177)) - ScmSafeModeManager, all rules are successfully validated
2019-09-11 10:32:40,258 [EventQueue-NodeRegistrationContainerReportForDataNodeSafeModeRule] INFO  safemode.SCMSafeModeManager (SCMSafeModeManager.java:exitSafeMode(193)) - SCM exiting safe mode.
2019-09-11 10:32:40,269 [IPC Server handler 19 on 38578] INFO  net.NetworkTopology (NetworkTopologyImpl.java:add(110)) - Added a new node: /default-rack/36d8287a-f445-472c-84c0-3ac4479cc6b6
2019-09-11 10:32:40,270 [IPC Server handler 19 on 38578] INFO  node.SCMNodeManager (SCMNodeManager.java:register(300)) - Registered Data node : 36d8287a-f445-472c-84c0-3ac4479cc6b6{ip: 192.168.69.96, host: pr-hdds-1982-decom-states-q64lx-3787986432, networkLocation: /default-rack, certSerialId: null}
2019-09-11 10:32:40,332 [IPC Server handler 0 on 38578] INFO  net.NetworkTopology (NetworkTopologyImpl.java:add(110)) - Added a new node: /default-rack/aeb2043f-b21f-448b-b98e-71f6b579dea4
2019-09-11 10:32:40,332 [IPC Server handler 0 on 38578] INFO  node.SCMNodeManager (SCMNodeManager.java:register(300)) - Registered Data node : aeb2043f-b21f-448b-b98e-71f6b579dea4{ip: 192.168.69.96, host: pr-hdds-1982-decom-states-q64lx-3787986432, networkLocation: /default-rack, certSerialId: null}
2019-09-11 10:32:40,400 [IPC Server handler 12 on 38578] INFO  net.NetworkTopology (NetworkTopologyImpl.java:add(110)) - Added a new node: /default-rack/d7731897-8454-4248-86db-3bcd47c96a99
2019-09-11 10:32:40,401 [IPC Server handler 12 on 38578] INFO  node.SCMNodeManager (SCMNodeManager.java:register(300)) - Registered Data node : d7731897-8454-4248-86db-3bcd47c96a99{ip: 192.168.69.96, host: pr-hdds-1982-decom-states-q64lx-3787986432, networkLocation: /default-rack, certSerialId: null}
2019-09-11 10:32:40,463 [IPC Server handler 13 on 38578] INFO  net.NetworkTopology (NetworkTopologyImpl.java:add(110)) - Added a new node: /default-rack/84160365-33de-4d43-a4b9-c2ba02cae000
2019-09-11 10:32:40,464 [IPC Server handler 13 on 38578] INFO  node.SCMNodeManager (SCMNodeManager.java:register(300)) - Registered Data node : 84160365-33de-4d43-a4b9-c2ba02cae000{ip: 192.168.69.96, host: pr-hdds-1982-decom-states-q64lx-3787986432, networkLocation: /default-rack, certSerialId: null}
2019-09-11 10:32:40,530 [IPC Server handler 15 on 38578] INFO  net.NetworkTopology (NetworkTopologyImpl.java:add(110)) - Added a new node: /default-rack/0ef303e2-5bf5-4b6c-9a73-acca672dcd1f
2019-09-11 10:32:40,530 [IPC Server handler 15 on 38578] INFO  node.SCMNodeManager (SCMNodeManager.java:register(300)) - Registered Data node : 0ef303e2-5bf5-4b6c-9a73-acca672dcd1f{ip: 192.168.69.96, host: pr-hdds-1982-decom-states-q64lx-3787986432, networkLocation: /default-rack, certSerialId: null}
2019-09-11 10:32:40,590 [IPC Server handler 17 on 38578] INFO  net.NetworkTopology (NetworkTopologyImpl.java:add(110)) - Added a new node: /default-rack/a147bf4e-e47b-4bef-becd-030e3c92d985
2019-09-11 10:32:40,590 [IPC Server handler 17 on 38578] INFO  node.SCMNodeManager (SCMNodeManager.java:register(300)) - Registered Data node : a147bf4e-e47b-4bef-becd-030e3c92d985{ip: 192.168.69.96, host: pr-hdds-1982-decom-states-q64lx-3787986432, networkLocation: /default-rack, certSerialId: null}
2019-09-11 10:32:40,686 [IPC Server handler 14 on 38578] INFO  net.NetworkTopology (NetworkTopologyImpl.java:add(110)) - Added a new node: /default-rack/95b20011-2e58-4a94-a7ae-3b1213f1c518
2019-09-11 10:32:40,687 [IPC Server handler 14 on 38578] INFO  node.SCMNodeManager (SCMNodeManager.java:register(300)) - Registered Data node : 95b20011-2e58-4a94-a7ae-3b1213f1c518{ip: 192.168.69.96, host: pr-hdds-1982-decom-states-q64lx-3787986432, networkLocation: /default-rack, certSerialId: null}
2019-09-11 10:32:40,726 [IPC Server handler 10 on 38578] INFO  net.NetworkTopology (NetworkTopologyImpl.java:add(110)) - Added a new node: /default-rack/d898b401-bc34-4650-97cf-b91d52192f1e
2019-09-11 10:32:40,726 [IPC Server handler 10 on 38578] INFO  node.SCMNodeManager (SCMNodeManager.java:register(300)) - Registered Data node : d898b401-bc34-4650-97cf-b91d52192f1e{ip: 192.168.69.96, host: pr-hdds-1982-decom-states-q64lx-3787986432, networkLocation: /default-rack, certSerialId: null}
2019-09-11 10:32:40,782 [main] INFO  ozone.MiniOzoneClusterImpl (MiniOzoneClusterImpl.java:lambda$waitForClusterToBeReady$0(140)) - Waiting for cluster to be ready. Got 9 of 10 DN Heartbeats.
2019-09-11 10:32:40,791 [IPC Server handler 4 on 38578] INFO  net.NetworkTopology (NetworkTopologyImpl.java:add(110)) - Added a new node: /default-rack/a8d859d1-6640-4c40-83aa-447d1cb68642
2019-09-11 10:32:40,791 [IPC Server handler 4 on 38578] INFO  node.SCMNodeManager (SCMNodeManager.java:register(300)) - Registered Data node : a8d859d1-6640-4c40-83aa-447d1cb68642{ip: 192.168.69.96, host: pr-hdds-1982-decom-states-q64lx-3787986432, networkLocation: /default-rack, certSerialId: null}
2019-09-11 10:32:40,913 [grpc-default-executor-0] INFO  impl.RaftServerProxy (RaftServerProxy.java:addNew(89)) - 057fef34-657c-4281-ab7d-192648031ede: addNew group-25CF19187149:[057fef34-657c-4281-ab7d-192648031ede:192.168.69.96:35772] returns group-25CF19187149:java.util.concurrent.CompletableFuture@2eccd920[Not completed]
2019-09-11 10:32:40,936 [pool-27-thread-1] INFO  impl.RaftServerImpl (RaftServerImpl.java:<init>(95)) - 057fef34-657c-4281-ab7d-192648031ede: new RaftServerImpl for group-25CF19187149:[057fef34-657c-4281-ab7d-192648031ede:192.168.69.96:35772] with ContainerStateMachine:uninitialized
2019-09-11 10:32:40,938 [pool-27-thread-1] INFO  server.RaftServerConfigKeys (ConfUtils.java:logGet(43)) - raft.server.rpc.timeout.min = 1s (custom)
2019-09-11 10:32:40,940 [pool-27-thread-1] INFO  server.RaftServerConfigKeys (ConfUtils.java:logGet(43)) - raft.server.rpc.timeout.max = 1200ms (custom)
2019-09-11 10:32:40,940 [pool-27-thread-1] INFO  server.RaftServerConfigKeys (ConfUtils.java:logGet(43)) - raft.server.rpcslowness.timeout = 120s (custom)
2019-09-11 10:32:40,941 [pool-27-thread-1] INFO  server.RaftServerConfigKeys (ConfUtils.java:logGet(43)) - raft.server.sleep.deviation.threshold = 300 (default)
2019-09-11 10:32:40,942 [pool-27-thread-1] INFO  server.RaftServerConfigKeys (ConfUtils.java:logGet(43)) - raft.server.log.appender.install.snapshot.enabled = false (custom)
2019-09-11 10:32:40,960 [pool-27-thread-1] INFO  impl.RaftServerImpl (ServerState.java:<init>(103)) - 057fef34-657c-4281-ab7d-192648031ede@group-25CF19187149: ConfigurationManager, init=-1: [057fef34-657c-4281-ab7d-192648031ede:192.168.69.96:35772], old=null, confs=<EMPTY_MAP>
2019-09-11 10:32:40,960 [pool-27-thread-1] INFO  server.RaftServerConfigKeys (ConfUtils.java:logGet(43)) - raft.server.storage.dir = [/workdir/hadoop-ozone/integration-test/target/test-dir/MiniOzoneClusterImpl-62578b9c-93b1-4e23-b83e-ebaf05b7c577/datanode-0/data/ratis] (custom)
2019-09-11 10:32:40,970 [pool-27-thread-1] INFO  storage.RaftStorageDirectory (RaftStorageDirectory.java:analyzeStorage(246)) - The storage directory /workdir/hadoop-ozone/integration-test/target/test-dir/MiniOzoneClusterImpl-62578b9c-93b1-4e23-b83e-ebaf05b7c577/datanode-0/data/ratis/d94a53c9-1173-4420-b8ad-25cf19187149 does not exist. Creating ...
2019-09-11 10:32:40,995 [pool-27-thread-1] INFO  storage.RaftStorageDirectory (RaftStorageDirectory.java:tryLock(328)) - Lock on /workdir/hadoop-ozone/integration-test/target/test-dir/MiniOzoneClusterImpl-62578b9c-93b1-4e23-b83e-ebaf05b7c577/datanode-0/data/ratis/d94a53c9-1173-4420-b8ad-25cf19187149/in_use.lock acquired by nodename 4752@pr-hdds-1982-decom-states-q64lx-3787986432
2019-09-11 10:32:41,033 [pool-27-thread-1] INFO  storage.RaftStorage (RaftStorage.java:format(72)) - Storage directory /workdir/hadoop-ozone/integration-test/target/test-dir/MiniOzoneClusterImpl-62578b9c-93b1-4e23-b83e-ebaf05b7c577/datanode-0/data/ratis/d94a53c9-1173-4420-b8ad-25cf19187149 has been successfully formatted.
2019-09-11 10:32:41,036 [pool-27-thread-1] INFO  ratis.ContainerStateMachine (ContainerStateMachine.java:loadSnapshot(230)) - group-25CF19187149: The snapshot info is null. Setting the last applied indexto:(t:0, i:~)
2019-09-11 10:32:41,036 [pool-27-thread-1] INFO  server.RaftServerConfigKeys (ConfUtils.java:logGet(43)) - raft.server.notification.no-leader.timeout = 120s (custom)
2019-09-11 10:32:41,039 [pool-27-thread-1] INFO  server.RaftServerConfigKeys (ConfUtils.java:logGet(43)) - raft.server.log.use.memory = false (default)
2019-09-11 10:32:41,048 [pool-27-thread-1] INFO  server.RaftServerConfigKeys (ConfUtils.java:logGet(43)) - raft.server.log.purge.gap = 1000000 (custom)
2019-09-11 10:32:41,048 [pool-27-thread-1] INFO  server.RaftServerConfigKeys (ConfUtils.java:logGet(43)) - raft.server.log.appender.buffer.byte-limit = 33554432 (custom)
2019-09-11 10:32:41,051 [pool-27-thread-1] INFO  server.RaftServerConfigKeys (ConfUtils.java:logGet(43)) - raft.server.log.segment.size.max = 1048576 (custom)
2019-09-11 10:32:41,057 [pool-27-thread-1] INFO  server.RaftServerConfigKeys (ConfUtils.java:logGet(43)) - raft.server.log.segment.cache.num.max = 2 (custom)
2019-09-11 10:32:41,065 [pool-27-thread-1] INFO  segmented.SegmentedRaftLogWorker (SegmentedRaftLogWorker.java:<init>(172)) - new 057fef34-657c-4281-ab7d-192648031ede@group-25CF19187149-SegmentedRaftLogWorker for RaftStorage:Storage Directory /workdir/hadoop-ozone/integration-test/target/test-dir/MiniOzoneClusterImpl-62578b9c-93b1-4e23-b83e-ebaf05b7c577/datanode-0/data/ratis/d94a53c9-1173-4420-b8ad-25cf19187149
2019-09-11 10:32:41,067 [pool-27-thread-1] INFO  impl.MetricsSystemImpl (MetricsSystemImpl.java:init(158)) - ratis metrics system started (again)
2019-09-11 10:32:41,109 [pool-27-thread-1] INFO  server.RaftServerConfigKeys (ConfUtils.java:logGet(43)) - raft.server.log.queue.byte-limit = 2147483647 (custom)
2019-09-11 10:32:41,110 [pool-27-thread-1] INFO  server.RaftServerConfigKeys (ConfUtils.java:logGet(43)) - raft.server.log.queue.element-limit = 1024 (custom)
2019-09-11 10:32:41,113 [pool-27-thread-1] INFO  server.RaftServerConfigKeys (ConfUtils.java:logGet(43)) - raft.server.log.segment.size.max = 1048576 (custom)
2019-09-11 10:32:41,114 [pool-27-thread-1] INFO  server.RaftServerConfigKeys (ConfUtils.java:logGet(43)) - raft.server.log.preallocated.size = 16384 (custom)
2019-09-11 10:32:41,114 [pool-27-thread-1] INFO  server.RaftServerConfigKeys (ConfUtils.java:logGet(43)) - raft.server.log.write.buffer.size = 33554432 (custom)
2019-09-11 10:32:41,115 [pool-27-thread-1] INFO  server.RaftServerConfigKeys (ConfUtils.java:logGet(43)) - raft.server.log.force.sync.num = 128 (default)
2019-09-11 10:32:41,116 [pool-27-thread-1] INFO  server.RaftServerConfigKeys (ConfUtils.java:logGet(43)) - raft.server.log.statemachine.data.sync = true (default)
2019-09-11 10:32:41,116 [pool-27-thread-1] INFO  server.RaftServerConfigKeys (ConfUtils.java:logGet(43)) - raft.server.log.statemachine.data.sync.timeout = 10s (default)
2019-09-11 10:32:41,116 [pool-27-thread-1] INFO  server.RaftServerConfigKeys (ConfUtils.java:logGet(43)) - raft.server.log.statemachine.data.sync.timeout.retry = -1 (default)
2019-09-11 10:32:41,125 [pool-27-thread-1] INFO  server.RaftServerConfigKeys (ConfUtils.java:logGet(43)) - raft.server.log.statemachine.data.caching.enabled = true (custom)
2019-09-11 10:32:41,130 [pool-27-thread-1] INFO  segmented.SegmentedRaftLogWorker (SegmentedRaftLogWorker.java:lambda$new$0(132)) - 057fef34-657c-4281-ab7d-192648031ede@group-25CF19187149-SegmentedRaftLogWorker: flushIndex: setUnconditionally 0 -> -1
2019-09-11 10:32:41,135 [pool-27-thread-1] INFO  server.RaftServerConfigKeys (ConfUtils.java:logGet(43)) - raft.server.snapshot.auto.trigger.enabled = true (custom)
2019-09-11 10:32:41,136 [pool-27-thread-1] INFO  server.RaftServerConfigKeys (ConfUtils.java:logGet(43)) - raft.server.snapshot.auto.trigger.threshold = 10000 (custom)
2019-09-11 10:32:41,136 [pool-27-thread-1] INFO  server.RaftServerConfigKeys (ConfUtils.java:logGet(43)) - raft.server.snapshot.retention.num.files = -1 (default)
2019-09-11 10:32:41,137 [pool-27-thread-1] INFO  server.RaftServerConfigKeys (ConfUtils.java:logGet(43)) - raft.server.retrycache.expirytime = 600000ms (custom)
2019-09-11 10:32:41,163 [pool-27-thread-1] INFO  impl.RaftServerImpl (RaftServerImpl.java:start(185)) - 057fef34-657c-4281-ab7d-192648031ede@group-25CF19187149: start as a follower, conf=-1: [057fef34-657c-4281-ab7d-192648031ede:192.168.69.96:35772], old=null
2019-09-11 10:32:41,164 [pool-27-thread-1] INFO  impl.RaftServerImpl (RaftServerImpl.java:setRole(174)) - 057fef34-657c-4281-ab7d-192648031ede@group-25CF19187149: changes role from      null to FOLLOWER at term 0 for startAsFollower
2019-09-11 10:32:41,165 [pool-27-thread-1] INFO  impl.RoleInfo (RoleInfo.java:updateAndGet(143)) - 057fef34-657c-4281-ab7d-192648031ede: start FollowerState
2019-09-11 10:32:41,167 [pool-27-thread-1] INFO  util.JmxRegister (JmxRegister.java:tryRegister(44)) - Successfully registered JMX Bean with object name Ratis:service=RaftServer,group=group-25CF19187149,id=057fef34-657c-4281-ab7d-192648031ede
2019-09-11 10:32:41,262 [RatisPipelineUtilsThread] INFO  pipeline.PipelineStateManager (PipelineStateManager.java:addPipeline(56)) - Created pipeline Pipeline[ Id: d94a53c9-1173-4420-b8ad-25cf19187149, Nodes: 057fef34-657c-4281-ab7d-192648031ede{ip: 192.168.69.96, host: pr-hdds-1982-decom-states-q64lx-3787986432, networkLocation: /default-rack, certSerialId: null}, Type:RATIS, Factor:ONE, State:OPEN]
2019-09-11 10:32:41,300 [grpc-default-executor-0] INFO  impl.RaftServerProxy (RaftServerProxy.java:addNew(89)) - 0ef303e2-5bf5-4b6c-9a73-acca672dcd1f: addNew group-C4F115257A75:[0ef303e2-5bf5-4b6c-9a73-acca672dcd1f:192.168.69.96:44333] returns group-C4F115257A75:java.util.concurrent.CompletableFuture@127a8045[Not completed]
2019-09-11 10:32:41,380 [pool-77-thread-1] INFO  impl.RaftServerImpl (RaftServerImpl.java:<init>(95)) - 0ef303e2-5bf5-4b6c-9a73-acca672dcd1f: new RaftServerImpl for group-C4F115257A75:[0ef303e2-5bf5-4b6c-9a73-acca672dcd1f:192.168.69.96:44333] with ContainerStateMachine:uninitialized
2019-09-11 10:32:41,381 [pool-77-thread-1] INFO  server.RaftServerConfigKeys (ConfUtils.java:logGet(43)) - raft.server.rpc.timeout.min = 1s (custom)
2019-09-11 10:32:41,381 [pool-77-thread-1] INFO  server.RaftServerConfigKeys (ConfUtils.java:logGet(43)) - raft.server.rpc.timeout.max = 1200ms (custom)
2019-09-11 10:32:41,381 [pool-77-thread-1] INFO  server.RaftServerConfigKeys (ConfUtils.java:logGet(43)) - raft.server.rpcslowness.timeout = 120s (custom)
2019-09-11 10:32:41,382 [pool-77-thread-1] INFO  server.RaftServerConfigKeys (ConfUtils.java:logGet(43)) - raft.server.sleep.deviation.threshold = 300 (default)
2019-09-11 10:32:41,382 [pool-77-thread-1] INFO  server.RaftServerConfigKeys (ConfUtils.java:logGet(43)) - raft.server.log.appender.install.snapshot.enabled = false (custom)
2019-09-11 10:32:41,382 [pool-77-thread-1] INFO  impl.RaftServerImpl (ServerState.java:<init>(103)) - 0ef303e2-5bf5-4b6c-9a73-acca672dcd1f@group-C4F115257A75: ConfigurationManager, init=-1: [0ef303e2-5bf5-4b6c-9a73-acca672dcd1f:192.168.69.96:44333], old=null, confs=<EMPTY_MAP>
2019-09-11 10:32:41,382 [pool-77-thread-1] INFO  server.RaftServerConfigKeys (ConfUtils.java:logGet(43)) - raft.server.storage.dir = [/workdir/hadoop-ozone/integration-test/target/test-dir/MiniOzoneClusterImpl-62578b9c-93b1-4e23-b83e-ebaf05b7c577/datanode-5/data/ratis] (custom)
2019-09-11 10:32:41,383 [pool-77-thread-1] INFO  storage.RaftStorageDirectory (RaftStorageDirectory.java:analyzeStorage(246)) - The storage directory /workdir/hadoop-ozone/integration-test/target/test-dir/MiniOzoneClusterImpl-62578b9c-93b1-4e23-b83e-ebaf05b7c577/datanode-5/data/ratis/d2a72f9b-30de-4b68-afa7-c4f115257a75 does not exist. Creating ...
2019-09-11 10:32:41,407 [pool-77-thread-1] INFO  storage.RaftStorageDirectory (RaftStorageDirectory.java:tryLock(328)) - Lock on /workdir/hadoop-ozone/integration-test/target/test-dir/MiniOzoneClusterImpl-62578b9c-93b1-4e23-b83e-ebaf05b7c577/datanode-5/data/ratis/d2a72f9b-30de-4b68-afa7-c4f115257a75/in_use.lock acquired by nodename 4752@pr-hdds-1982-decom-states-q64lx-3787986432
2019-09-11 10:32:41,423 [pool-77-thread-1] INFO  storage.RaftStorage (RaftStorage.java:format(72)) - Storage directory /workdir/hadoop-ozone/integration-test/target/test-dir/MiniOzoneClusterImpl-62578b9c-93b1-4e23-b83e-ebaf05b7c577/datanode-5/data/ratis/d2a72f9b-30de-4b68-afa7-c4f115257a75 has been successfully formatted.
2019-09-11 10:32:41,427 [pool-77-thread-1] INFO  ratis.ContainerStateMachine (ContainerStateMachine.java:loadSnapshot(230)) - group-C4F115257A75: The snapshot info is null. Setting the last applied indexto:(t:0, i:~)
2019-09-11 10:32:41,429 [pool-77-thread-1] INFO  server.RaftServerConfigKeys (ConfUtils.java:logGet(43)) - raft.server.notification.no-leader.timeout = 120s (custom)
2019-09-11 10:32:41,429 [pool-77-thread-1] INFO  server.RaftServerConfigKeys (ConfUtils.java:logGet(43)) - raft.server.log.use.memory = false (default)
2019-09-11 10:32:41,429 [pool-77-thread-1] INFO  server.RaftServerConfigKeys (ConfUtils.java:logGet(43)) - raft.server.log.purge.gap = 1000000 (custom)
2019-09-11 10:32:41,429 [pool-77-thread-1] INFO  server.RaftServerConfigKeys (ConfUtils.java:logGet(43)) - raft.server.log.appender.buffer.byte-limit = 33554432 (custom)
2019-09-11 10:32:41,430 [pool-77-thread-1] INFO  server.RaftServerConfigKeys (ConfUtils.java:logGet(43)) - raft.server.log.segment.size.max = 1048576 (custom)
2019-09-11 10:32:41,430 [pool-77-thread-1] INFO  server.RaftServerConfigKeys (ConfUtils.java:logGet(43)) - raft.server.log.segment.cache.num.max = 2 (custom)
2019-09-11 10:32:41,430 [pool-77-thread-1] INFO  segmented.SegmentedRaftLogWorker (SegmentedRaftLogWorker.java:<init>(172)) - new 0ef303e2-5bf5-4b6c-9a73-acca672dcd1f@group-C4F115257A75-SegmentedRaftLogWorker for RaftStorage:Storage Directory /workdir/hadoop-ozone/integration-test/target/test-dir/MiniOzoneClusterImpl-62578b9c-93b1-4e23-b83e-ebaf05b7c577/datanode-5/data/ratis/d2a72f9b-30de-4b68-afa7-c4f115257a75
2019-09-11 10:32:41,436 [pool-77-thread-1] INFO  server.RaftServerConfigKeys (ConfUtils.java:logGet(43)) - raft.server.log.queue.byte-limit = 2147483647 (custom)
2019-09-11 10:32:41,436 [pool-77-thread-1] INFO  server.RaftServerConfigKeys (ConfUtils.java:logGet(43)) - raft.server.log.queue.element-limit = 1024 (custom)
2019-09-11 10:32:41,436 [pool-77-thread-1] INFO  server.RaftServerConfigKeys (ConfUtils.java:logGet(43)) - raft.server.log.segment.size.max = 1048576 (custom)
2019-09-11 10:32:41,436 [pool-77-thread-1] INFO  server.RaftServerConfigKeys (ConfUtils.java:logGet(43)) - raft.server.log.preallocated.size = 16384 (custom)
2019-09-11 10:32:41,436 [pool-77-thread-1] INFO  server.RaftServerConfigKeys (ConfUtils.java:logGet(43)) - raft.server.log.write.buffer.size = 33554432 (custom)
2019-09-11 10:32:41,436 [pool-77-thread-1] INFO  server.RaftServerConfigKeys (ConfUtils.java:logGet(43)) - raft.server.log.force.sync.num = 128 (default)
2019-09-11 10:32:41,436 [pool-77-thread-1] INFO  server.RaftServerConfigKeys (ConfUtils.java:logGet(43)) - raft.server.log.statemachine.data.sync = true (default)
2019-09-11 10:32:41,437 [pool-77-thread-1] INFO  server.RaftServerConfigKeys (ConfUtils.java:logGet(43)) - raft.server.log.statemachine.data.sync.timeout = 10s (default)
2019-09-11 10:32:41,437 [pool-77-thread-1] INFO  server.RaftServerConfigKeys (ConfUtils.java:logGet(43)) - raft.server.log.statemachine.data.sync.timeout.retry = -1 (default)
2019-09-11 10:32:41,437 [pool-77-thread-1] INFO  server.RaftServerConfigKeys (ConfUtils.java:logGet(43)) - raft.server.log.statemachine.data.caching.enabled = true (custom)
2019-09-11 10:32:41,437 [pool-77-thread-1] INFO  segmented.SegmentedRaftLogWorker (SegmentedRaftLogWorker.java:lambda$new$0(132)) - 0ef303e2-5bf5-4b6c-9a73-acca672dcd1f@group-C4F115257A75-SegmentedRaftLogWorker: flushIndex: setUnconditionally 0 -> -1
2019-09-11 10:32:41,438 [pool-77-thread-1] INFO  server.RaftServerConfigKeys (ConfUtils.java:logGet(43)) - raft.server.snapshot.auto.trigger.enabled = true (custom)
2019-09-11 10:32:41,438 [pool-77-thread-1] INFO  server.RaftServerConfigKeys (ConfUtils.java:logGet(43)) - raft.server.snapshot.auto.trigger.threshold = 10000 (custom)
2019-09-11 10:32:41,438 [pool-77-thread-1] INFO  server.RaftServerConfigKeys (ConfUtils.java:logGet(43)) - raft.server.snapshot.retention.num.files = -1 (default)
2019-09-11 10:32:41,438 [pool-77-thread-1] INFO  server.RaftServerConfigKeys (ConfUtils.java:logGet(43)) - raft.server.retrycache.expirytime = 600000ms (custom)
2019-09-11 10:32:41,442 [pool-77-thread-1] INFO  impl.RaftServerImpl (RaftServerImpl.java:start(185)) - 0ef303e2-5bf5-4b6c-9a73-acca672dcd1f@group-C4F115257A75: start as a follower, conf=-1: [0ef303e2-5bf5-4b6c-9a73-acca672dcd1f:192.168.69.96:44333], old=null
2019-09-11 10:32:41,442 [pool-77-thread-1] INFO  impl.RaftServerImpl (RaftServerImpl.java:setRole(174)) - 0ef303e2-5bf5-4b6c-9a73-acca672dcd1f@group-C4F115257A75: changes role from      null to FOLLOWER at term 0 for startAsFollower
2019-09-11 10:32:41,442 [pool-77-thread-1] INFO  impl.RoleInfo (RoleInfo.java:updateAndGet(143)) - 0ef303e2-5bf5-4b6c-9a73-acca672dcd1f: start FollowerState
2019-09-11 10:32:41,444 [pool-77-thread-1] INFO  util.JmxRegister (JmxRegister.java:tryRegister(44)) - Successfully registered JMX Bean with object name Ratis:service=RaftServer,group=group-C4F115257A75,id=0ef303e2-5bf5-4b6c-9a73-acca672dcd1f
2019-09-11 10:32:41,459 [RatisPipelineUtilsThread] INFO  pipeline.PipelineStateManager (PipelineStateManager.java:addPipeline(56)) - Created pipeline Pipeline[ Id: d2a72f9b-30de-4b68-afa7-c4f115257a75, Nodes: 0ef303e2-5bf5-4b6c-9a73-acca672dcd1f{ip: 192.168.69.96, host: pr-hdds-1982-decom-states-q64lx-3787986432, networkLocation: /default-rack, certSerialId: null}, Type:RATIS, Factor:ONE, State:OPEN]
2019-09-11 10:32:41,489 [grpc-default-executor-0] INFO  impl.RaftServerProxy (RaftServerProxy.java:addNew(89)) - 36d8287a-f445-472c-84c0-3ac4479cc6b6: addNew group-82C38AE7BA5A:[36d8287a-f445-472c-84c0-3ac4479cc6b6:192.168.69.96:43141] returns group-82C38AE7BA5A:java.util.concurrent.CompletableFuture@696985bb[Not completed]
2019-09-11 10:32:41,525 [pool-37-thread-1] INFO  impl.RaftServerImpl (RaftServerImpl.java:<init>(95)) - 36d8287a-f445-472c-84c0-3ac4479cc6b6: new RaftServerImpl for group-82C38AE7BA5A:[36d8287a-f445-472c-84c0-3ac4479cc6b6:192.168.69.96:43141] with ContainerStateMachine:uninitialized
2019-09-11 10:32:41,525 [pool-37-thread-1] INFO  server.RaftServerConfigKeys (ConfUtils.java:logGet(43)) - raft.server.rpc.timeout.min = 1s (custom)
2019-09-11 10:32:41,525 [pool-37-thread-1] INFO  server.RaftServerConfigKeys (ConfUtils.java:logGet(43)) - raft.server.rpc.timeout.max = 1200ms (custom)
2019-09-11 10:32:41,525 [pool-37-thread-1] INFO  server.RaftServerConfigKeys (ConfUtils.java:logGet(43)) - raft.server.rpcslowness.timeout = 120s (custom)
2019-09-11 10:32:41,525 [pool-37-thread-1] INFO  server.RaftServerConfigKeys (ConfUtils.java:logGet(43)) - raft.server.sleep.deviation.threshold = 300 (default)
2019-09-11 10:32:41,525 [pool-37-thread-1] INFO  server.RaftServerConfigKeys (ConfUtils.java:logGet(43)) - raft.server.log.appender.install.snapshot.enabled = false (custom)
2019-09-11 10:32:41,526 [pool-37-thread-1] INFO  impl.RaftServerImpl (ServerState.java:<init>(103)) - 36d8287a-f445-472c-84c0-3ac4479cc6b6@group-82C38AE7BA5A: ConfigurationManager, init=-1: [36d8287a-f445-472c-84c0-3ac4479cc6b6:192.168.69.96:43141], old=null, confs=<EMPTY_MAP>
2019-09-11 10:32:41,526 [pool-37-thread-1] INFO  server.RaftServerConfigKeys (ConfUtils.java:logGet(43)) - raft.server.storage.dir = [/workdir/hadoop-ozone/integration-test/target/test-dir/MiniOzoneClusterImpl-62578b9c-93b1-4e23-b83e-ebaf05b7c577/datanode-1/data/ratis] (custom)
2019-09-11 10:32:41,526 [pool-37-thread-1] INFO  storage.RaftStorageDirectory (RaftStorageDirectory.java:analyzeStorage(246)) - The storage directory /workdir/hadoop-ozone/integration-test/target/test-dir/MiniOzoneClusterImpl-62578b9c-93b1-4e23-b83e-ebaf05b7c577/datanode-1/data/ratis/e9593580-8d9c-4061-8a2e-82c38ae7ba5a does not exist. Creating ...
2019-09-11 10:32:41,549 [pool-37-thread-1] INFO  storage.RaftStorageDirectory (RaftStorageDirectory.java:tryLock(328)) - Lock on /workdir/hadoop-ozone/integration-test/target/test-dir/MiniOzoneClusterImpl-62578b9c-93b1-4e23-b83e-ebaf05b7c577/datanode-1/data/ratis/e9593580-8d9c-4061-8a2e-82c38ae7ba5a/in_use.lock acquired by nodename 4752@pr-hdds-1982-decom-states-q64lx-3787986432
2019-09-11 10:32:41,566 [pool-37-thread-1] INFO  storage.RaftStorage (RaftStorage.java:format(72)) - Storage directory /workdir/hadoop-ozone/integration-test/target/test-dir/MiniOzoneClusterImpl-62578b9c-93b1-4e23-b83e-ebaf05b7c577/datanode-1/data/ratis/e9593580-8d9c-4061-8a2e-82c38ae7ba5a has been successfully formatted.
2019-09-11 10:32:41,567 [pool-37-thread-1] INFO  ratis.ContainerStateMachine (ContainerStateMachine.java:loadSnapshot(230)) - group-82C38AE7BA5A: The snapshot info is null. Setting the last applied indexto:(t:0, i:~)
2019-09-11 10:32:41,567 [pool-37-thread-1] INFO  server.RaftServerConfigKeys (ConfUtils.java:logGet(43)) - raft.server.notification.no-leader.timeout = 120s (custom)
2019-09-11 10:32:41,567 [pool-37-thread-1] INFO  server.RaftServerConfigKeys (ConfUtils.java:logGet(43)) - raft.server.log.use.memory = false (default)
2019-09-11 10:32:41,567 [pool-37-thread-1] INFO  server.RaftServerConfigKeys (ConfUtils.java:logGet(43)) - raft.server.log.purge.gap = 1000000 (custom)
2019-09-11 10:32:41,567 [pool-37-thread-1] INFO  server.RaftServerConfigKeys (ConfUtils.java:logGet(43)) - raft.server.log.appender.buffer.byte-limit = 33554432 (custom)
2019-09-11 10:32:41,567 [pool-37-thread-1] INFO  server.RaftServerConfigKeys (ConfUtils.java:logGet(43)) - raft.server.log.segment.size.max = 1048576 (custom)
2019-09-11 10:32:41,567 [pool-37-thread-1] INFO  server.RaftServerConfigKeys (ConfUtils.java:logGet(43)) - raft.server.log.segment.cache.num.max = 2 (custom)
2019-09-11 10:32:41,567 [pool-37-thread-1] INFO  segmented.SegmentedRaftLogWorker (SegmentedRaftLogWorker.java:<init>(172)) - new 36d8287a-f445-472c-84c0-3ac4479cc6b6@group-82C38AE7BA5A-SegmentedRaftLogWorker for RaftStorage:Storage Directory /workdir/hadoop-ozone/integration-test/target/test-dir/MiniOzoneClusterImpl-62578b9c-93b1-4e23-b83e-ebaf05b7c577/datanode-1/data/ratis/e9593580-8d9c-4061-8a2e-82c38ae7ba5a
2019-09-11 10:32:41,610 [pool-37-thread-1] INFO  server.RaftServerConfigKeys (ConfUtils.java:logGet(43)) - raft.server.log.queue.byte-limit = 2147483647 (custom)
2019-09-11 10:32:41,610 [pool-37-thread-1] INFO  server.RaftServerConfigKeys (ConfUtils.java:logGet(43)) - raft.server.log.queue.element-limit = 1024 (custom)
2019-09-11 10:32:41,610 [pool-37-thread-1] INFO  server.RaftServerConfigKeys (ConfUtils.java:logGet(43)) - raft.server.log.segment.size.max = 1048576 (custom)
2019-09-11 10:32:41,610 [pool-37-thread-1] INFO  server.RaftServerConfigKeys (ConfUtils.java:logGet(43)) - raft.server.log.preallocated.size = 16384 (custom)
2019-09-11 10:32:41,610 [pool-37-thread-1] INFO  server.RaftServerConfigKeys (ConfUtils.java:logGet(43)) - raft.server.log.write.buffer.size = 33554432 (custom)
2019-09-11 10:32:41,610 [pool-37-thread-1] INFO  server.RaftServerConfigKeys (ConfUtils.java:logGet(43)) - raft.server.log.force.sync.num = 128 (default)
2019-09-11 10:32:41,611 [pool-37-thread-1] INFO  server.RaftServerConfigKeys (ConfUtils.java:logGet(43)) - raft.server.log.statemachine.data.sync = true (default)
2019-09-11 10:32:41,611 [pool-37-thread-1] INFO  server.RaftServerConfigKeys (ConfUtils.java:logGet(43)) - raft.server.log.statemachine.data.sync.timeout = 10s (default)
2019-09-11 10:32:41,611 [pool-37-thread-1] INFO  server.RaftServerConfigKeys (ConfUtils.java:logGet(43)) - raft.server.log.statemachine.data.sync.timeout.retry = -1 (default)
2019-09-11 10:32:41,611 [pool-37-thread-1] INFO  server.RaftServerConfigKeys (ConfUtils.java:logGet(43)) - raft.server.log.statemachine.data.caching.enabled = true (custom)
2019-09-11 10:32:41,611 [pool-37-thread-1] INFO  segmented.SegmentedRaftLogWorker (SegmentedRaftLogWorker.java:lambda$new$0(132)) - 36d8287a-f445-472c-84c0-3ac4479cc6b6@group-82C38AE7BA5A-SegmentedRaftLogWorker: flushIndex: setUnconditionally 0 -> -1
2019-09-11 10:32:41,612 [pool-37-thread-1] INFO  server.RaftServerConfigKeys (ConfUtils.java:logGet(43)) - raft.server.snapshot.auto.trigger.enabled = true (custom)
2019-09-11 10:32:41,612 [pool-37-thread-1] INFO  server.RaftServerConfigKeys (ConfUtils.java:logGet(43)) - raft.server.snapshot.auto.trigger.threshold = 10000 (custom)
2019-09-11 10:32:41,612 [pool-37-thread-1] INFO  server.RaftServerConfigKeys (ConfUtils.java:logGet(43)) - raft.server.snapshot.retention.num.files = -1 (default)
2019-09-11 10:32:41,612 [pool-37-thread-1] INFO  server.RaftServerConfigKeys (ConfUtils.java:logGet(43)) - raft.server.retrycache.expirytime = 600000ms (custom)
2019-09-11 10:32:41,616 [pool-37-thread-1] INFO  impl.RaftServerImpl (RaftServerImpl.java:start(185)) - 36d8287a-f445-472c-84c0-3ac4479cc6b6@group-82C38AE7BA5A: start as a follower, conf=-1: [36d8287a-f445-472c-84c0-3ac4479cc6b6:192.168.69.96:43141], old=null
2019-09-11 10:32:41,616 [pool-37-thread-1] INFO  impl.RaftServerImpl (RaftServerImpl.java:setRole(174)) - 36d8287a-f445-472c-84c0-3ac4479cc6b6@group-82C38AE7BA5A: changes role from      null to FOLLOWER at term 0 for startAsFollower
2019-09-11 10:32:41,616 [pool-37-thread-1] INFO  impl.RoleInfo (RoleInfo.java:updateAndGet(143)) - 36d8287a-f445-472c-84c0-3ac4479cc6b6: start FollowerState
2019-09-11 10:32:41,617 [pool-37-thread-1] INFO  util.JmxRegister (JmxRegister.java:tryRegister(44)) - Successfully registered JMX Bean with object name Ratis:service=RaftServer,group=group-82C38AE7BA5A,id=36d8287a-f445-472c-84c0-3ac4479cc6b6
2019-09-11 10:32:41,630 [RatisPipelineUtilsThread] INFO  pipeline.PipelineStateManager (PipelineStateManager.java:addPipeline(56)) - Created pipeline Pipeline[ Id: e9593580-8d9c-4061-8a2e-82c38ae7ba5a, Nodes: 36d8287a-f445-472c-84c0-3ac4479cc6b6{ip: 192.168.69.96, host: pr-hdds-1982-decom-states-q64lx-3787986432, networkLocation: /default-rack, certSerialId: null}, Type:RATIS, Factor:ONE, State:OPEN]
2019-09-11 10:32:41,654 [grpc-default-executor-0] INFO  impl.RaftServerProxy (RaftServerProxy.java:addNew(89)) - 84160365-33de-4d43-a4b9-c2ba02cae000: addNew group-31EA82492D69:[84160365-33de-4d43-a4b9-c2ba02cae000:192.168.69.96:44334] returns group-31EA82492D69:java.util.concurrent.CompletableFuture@16d58e6d[Not completed]
2019-09-11 10:32:41,661 [pool-67-thread-1] INFO  impl.RaftServerImpl (RaftServerImpl.java:<init>(95)) - 84160365-33de-4d43-a4b9-c2ba02cae000: new RaftServerImpl for group-31EA82492D69:[84160365-33de-4d43-a4b9-c2ba02cae000:192.168.69.96:44334] with ContainerStateMachine:uninitialized
2019-09-11 10:32:41,661 [pool-67-thread-1] INFO  server.RaftServerConfigKeys (ConfUtils.java:logGet(43)) - raft.server.rpc.timeout.min = 1s (custom)
2019-09-11 10:32:41,661 [pool-67-thread-1] INFO  server.RaftServerConfigKeys (ConfUtils.java:logGet(43)) - raft.server.rpc.timeout.max = 1200ms (custom)
2019-09-11 10:32:41,662 [pool-67-thread-1] INFO  server.RaftServerConfigKeys (ConfUtils.java:logGet(43)) - raft.server.rpcslowness.timeout = 120s (custom)
2019-09-11 10:32:41,662 [pool-67-thread-1] INFO  server.RaftServerConfigKeys (ConfUtils.java:logGet(43)) - raft.server.sleep.deviation.threshold = 300 (default)
2019-09-11 10:32:41,662 [pool-67-thread-1] INFO  server.RaftServerConfigKeys (ConfUtils.java:logGet(43)) - raft.server.log.appender.install.snapshot.enabled = false (custom)
2019-09-11 10:32:41,662 [pool-67-thread-1] INFO  impl.RaftServerImpl (ServerState.java:<init>(103)) - 84160365-33de-4d43-a4b9-c2ba02cae000@group-31EA82492D69: ConfigurationManager, init=-1: [84160365-33de-4d43-a4b9-c2ba02cae000:192.168.69.96:44334], old=null, confs=<EMPTY_MAP>
2019-09-11 10:32:41,662 [pool-67-thread-1] INFO  server.RaftServerConfigKeys (ConfUtils.java:logGet(43)) - raft.server.storage.dir = [/workdir/hadoop-ozone/integration-test/target/test-dir/MiniOzoneClusterImpl-62578b9c-93b1-4e23-b83e-ebaf05b7c577/datanode-4/data/ratis] (custom)
2019-09-11 10:32:41,663 [pool-67-thread-1] INFO  storage.RaftStorageDirectory (RaftStorageDirectory.java:analyzeStorage(246)) - The storage directory /workdir/hadoop-ozone/integration-test/target/test-dir/MiniOzoneClusterImpl-62578b9c-93b1-4e23-b83e-ebaf05b7c577/datanode-4/data/ratis/ce18ff62-b269-48f1-a373-31ea82492d69 does not exist. Creating ...
2019-09-11 10:32:41,691 [pool-67-thread-1] INFO  storage.RaftStorageDirectory (RaftStorageDirectory.java:tryLock(328)) - Lock on /workdir/hadoop-ozone/integration-test/target/test-dir/MiniOzoneClusterImpl-62578b9c-93b1-4e23-b83e-ebaf05b7c577/datanode-4/data/ratis/ce18ff62-b269-48f1-a373-31ea82492d69/in_use.lock acquired by nodename 4752@pr-hdds-1982-decom-states-q64lx-3787986432
2019-09-11 10:32:41,732 [pool-67-thread-1] INFO  storage.RaftStorage (RaftStorage.java:format(72)) - Storage directory /workdir/hadoop-ozone/integration-test/target/test-dir/MiniOzoneClusterImpl-62578b9c-93b1-4e23-b83e-ebaf05b7c577/datanode-4/data/ratis/ce18ff62-b269-48f1-a373-31ea82492d69 has been successfully formatted.
2019-09-11 10:32:41,732 [pool-67-thread-1] INFO  ratis.ContainerStateMachine (ContainerStateMachine.java:loadSnapshot(230)) - group-31EA82492D69: The snapshot info is null. Setting the last applied indexto:(t:0, i:~)
2019-09-11 10:32:41,733 [pool-67-thread-1] INFO  server.RaftServerConfigKeys (ConfUtils.java:logGet(43)) - raft.server.notification.no-leader.timeout = 120s (custom)
2019-09-11 10:32:41,733 [pool-67-thread-1] INFO  server.RaftServerConfigKeys (ConfUtils.java:logGet(43)) - raft.server.log.use.memory = false (default)
2019-09-11 10:32:41,733 [pool-67-thread-1] INFO  server.RaftServerConfigKeys (ConfUtils.java:logGet(43)) - raft.server.log.purge.gap = 1000000 (custom)
2019-09-11 10:32:41,733 [pool-67-thread-1] INFO  server.RaftServerConfigKeys (ConfUtils.java:logGet(43)) - raft.server.log.appender.buffer.byte-limit = 33554432 (custom)
2019-09-11 10:32:41,733 [pool-67-thread-1] INFO  server.RaftServerConfigKeys (ConfUtils.java:logGet(43)) - raft.server.log.segment.size.max = 1048576 (custom)
2019-09-11 10:32:41,733 [pool-67-thread-1] INFO  server.RaftServerConfigKeys (ConfUtils.java:logGet(43)) - raft.server.log.segment.cache.num.max = 2 (custom)
2019-09-11 10:32:41,733 [pool-67-thread-1] INFO  segmented.SegmentedRaftLogWorker (SegmentedRaftLogWorker.java:<init>(172)) - new 84160365-33de-4d43-a4b9-c2ba02cae000@group-31EA82492D69-SegmentedRaftLogWorker for RaftStorage:Storage Directory /workdir/hadoop-ozone/integration-test/target/test-dir/MiniOzoneClusterImpl-62578b9c-93b1-4e23-b83e-ebaf05b7c577/datanode-4/data/ratis/ce18ff62-b269-48f1-a373-31ea82492d69
2019-09-11 10:32:41,737 [pool-67-thread-1] INFO  server.RaftServerConfigKeys (ConfUtils.java:logGet(43)) - raft.server.log.queue.byte-limit = 2147483647 (custom)
2019-09-11 10:32:41,737 [pool-67-thread-1] INFO  server.RaftServerConfigKeys (ConfUtils.java:logGet(43)) - raft.server.log.queue.element-limit = 1024 (custom)
2019-09-11 10:32:41,738 [pool-67-thread-1] INFO  server.RaftServerConfigKeys (ConfUtils.java:logGet(43)) - raft.server.log.segment.size.max = 1048576 (custom)
2019-09-11 10:32:41,738 [pool-67-thread-1] INFO  server.RaftServerConfigKeys (ConfUtils.java:logGet(43)) - raft.server.log.preallocated.size = 16384 (custom)
2019-09-11 10:32:41,738 [pool-67-thread-1] INFO  server.RaftServerConfigKeys (ConfUtils.java:logGet(43)) - raft.server.log.write.buffer.size = 33554432 (custom)
2019-09-11 10:32:41,738 [pool-67-thread-1] INFO  server.RaftServerConfigKeys (ConfUtils.java:logGet(43)) - raft.server.log.force.sync.num = 128 (default)
2019-09-11 10:32:41,738 [pool-67-thread-1] INFO  server.RaftServerConfigKeys (ConfUtils.java:logGet(43)) - raft.server.log.statemachine.data.sync = true (default)
2019-09-11 10:32:41,738 [pool-67-thread-1] INFO  server.RaftServerConfigKeys (ConfUtils.java:logGet(43)) - raft.server.log.statemachine.data.sync.timeout = 10s (default)
2019-09-11 10:32:41,738 [pool-67-thread-1] INFO  server.RaftServerConfigKeys (ConfUtils.java:logGet(43)) - raft.server.log.statemachine.data.sync.timeout.retry = -1 (default)
2019-09-11 10:32:41,739 [pool-67-thread-1] INFO  server.RaftServerConfigKeys (ConfUtils.java:logGet(43)) - raft.server.log.statemachine.data.caching.enabled = true (custom)
2019-09-11 10:32:41,739 [pool-67-thread-1] INFO  segmented.SegmentedRaftLogWorker (SegmentedRaftLogWorker.java:lambda$new$0(132)) - 84160365-33de-4d43-a4b9-c2ba02cae000@group-31EA82492D69-SegmentedRaftLogWorker: flushIndex: setUnconditionally 0 -> -1
2019-09-11 10:32:41,739 [pool-67-thread-1] INFO  server.RaftServerConfigKeys (ConfUtils.java:logGet(43)) - raft.server.snapshot.auto.trigger.enabled = true (custom)
2019-09-11 10:32:41,739 [pool-67-thread-1] INFO  server.RaftServerConfigKeys (ConfUtils.java:logGet(43)) - raft.server.snapshot.auto.trigger.threshold = 10000 (custom)
2019-09-11 10:32:41,739 [pool-67-thread-1] INFO  server.RaftServerConfigKeys (ConfUtils.java:logGet(43)) - raft.server.snapshot.retention.num.files = -1 (default)
2019-09-11 10:32:41,740 [pool-67-thread-1] INFO  server.RaftServerConfigKeys (ConfUtils.java:logGet(43)) - raft.server.retrycache.expirytime = 600000ms (custom)
2019-09-11 10:32:41,743 [pool-67-thread-1] INFO  impl.RaftServerImpl (RaftServerImpl.java:start(185)) - 84160365-33de-4d43-a4b9-c2ba02cae000@group-31EA82492D69: start as a follower, conf=-1: [84160365-33de-4d43-a4b9-c2ba02cae000:192.168.69.96:44334], old=null
2019-09-11 10:32:41,744 [pool-67-thread-1] INFO  impl.RaftServerImpl (RaftServerImpl.java:setRole(174)) - 84160365-33de-4d43-a4b9-c2ba02cae000@group-31EA82492D69: changes role from      null to FOLLOWER at term 0 for startAsFollower
2019-09-11 10:32:41,744 [pool-67-thread-1] INFO  impl.RoleInfo (RoleInfo.java:updateAndGet(143)) - 84160365-33de-4d43-a4b9-c2ba02cae000: start FollowerState
2019-09-11 10:32:41,744 [pool-67-thread-1] INFO  util.JmxRegister (JmxRegister.java:tryRegister(44)) - Successfully registered JMX Bean with object name Ratis:service=RaftServer,group=group-31EA82492D69,id=84160365-33de-4d43-a4b9-c2ba02cae000
2019-09-11 10:32:41,767 [RatisPipelineUtilsThread] INFO  pipeline.PipelineStateManager (PipelineStateManager.java:addPipeline(56)) - Created pipeline Pipeline[ Id: ce18ff62-b269-48f1-a373-31ea82492d69, Nodes: 84160365-33de-4d43-a4b9-c2ba02cae000{ip: 192.168.69.96, host: pr-hdds-1982-decom-states-q64lx-3787986432, networkLocation: /default-rack, certSerialId: null}, Type:RATIS, Factor:ONE, State:OPEN]
2019-09-11 10:32:41,784 [grpc-default-executor-0] INFO  impl.RaftServerProxy (RaftServerProxy.java:addNew(89)) - d898b401-bc34-4650-97cf-b91d52192f1e: addNew group-EE040B5274C0:[d898b401-bc34-4650-97cf-b91d52192f1e:192.168.69.96:37663] returns group-EE040B5274C0:java.util.concurrent.CompletableFuture@7dea5e9e[Not completed]
2019-09-11 10:32:41,790 [pool-107-thread-1] INFO  impl.RaftServerImpl (RaftServerImpl.java:<init>(95)) - d898b401-bc34-4650-97cf-b91d52192f1e: new RaftServerImpl for group-EE040B5274C0:[d898b401-bc34-4650-97cf-b91d52192f1e:192.168.69.96:37663] with ContainerStateMachine:uninitialized
2019-09-11 10:32:41,790 [main] INFO  ozone.MiniOzoneClusterImpl (MiniOzoneClusterImpl.java:lambda$waitForClusterToBeReady$0(140)) - Cluster is ready. Got 10 of 10 DN Heartbeats.
2019-09-11 10:32:41,791 [pool-107-thread-1] INFO  server.RaftServerConfigKeys (ConfUtils.java:logGet(43)) - raft.server.rpc.timeout.min = 1s (custom)
2019-09-11 10:32:41,791 [pool-107-thread-1] INFO  server.RaftServerConfigKeys (ConfUtils.java:logGet(43)) - raft.server.rpc.timeout.max = 1200ms (custom)
2019-09-11 10:32:41,791 [pool-107-thread-1] INFO  server.RaftServerConfigKeys (ConfUtils.java:logGet(43)) - raft.server.rpcslowness.timeout = 120s (custom)
2019-09-11 10:32:41,791 [pool-107-thread-1] INFO  server.RaftServerConfigKeys (ConfUtils.java:logGet(43)) - raft.server.sleep.deviation.threshold = 300 (default)
2019-09-11 10:32:41,791 [pool-107-thread-1] INFO  server.RaftServerConfigKeys (ConfUtils.java:logGet(43)) - raft.server.log.appender.install.snapshot.enabled = false (custom)
2019-09-11 10:32:41,792 [pool-107-thread-1] INFO  impl.RaftServerImpl (ServerState.java:<init>(103)) - d898b401-bc34-4650-97cf-b91d52192f1e@group-EE040B5274C0: ConfigurationManager, init=-1: [d898b401-bc34-4650-97cf-b91d52192f1e:192.168.69.96:37663], old=null, confs=<EMPTY_MAP>
2019-09-11 10:32:41,792 [pool-107-thread-1] INFO  server.RaftServerConfigKeys (ConfUtils.java:logGet(43)) - raft.server.storage.dir = [/workdir/hadoop-ozone/integration-test/target/test-dir/MiniOzoneClusterImpl-62578b9c-93b1-4e23-b83e-ebaf05b7c577/datanode-8/data/ratis] (custom)
2019-09-11 10:32:41,793 [pool-107-thread-1] INFO  storage.RaftStorageDirectory (RaftStorageDirectory.java:analyzeStorage(246)) - The storage directory /workdir/hadoop-ozone/integration-test/target/test-dir/MiniOzoneClusterImpl-62578b9c-93b1-4e23-b83e-ebaf05b7c577/datanode-8/data/ratis/91f540bd-836f-4527-9864-ee040b5274c0 does not exist. Creating ...
2019-09-11 10:32:41,813 [pool-107-thread-1] INFO  storage.RaftStorageDirectory (RaftStorageDirectory.java:tryLock(328)) - Lock on /workdir/hadoop-ozone/integration-test/target/test-dir/MiniOzoneClusterImpl-62578b9c-93b1-4e23-b83e-ebaf05b7c577/datanode-8/data/ratis/91f540bd-836f-4527-9864-ee040b5274c0/in_use.lock acquired by nodename 4752@pr-hdds-1982-decom-states-q64lx-3787986432
2019-09-11 10:32:41,845 [pool-107-thread-1] INFO  storage.RaftStorage (RaftStorage.java:format(72)) - Storage directory /workdir/hadoop-ozone/integration-test/target/test-dir/MiniOzoneClusterImpl-62578b9c-93b1-4e23-b83e-ebaf05b7c577/datanode-8/data/ratis/91f540bd-836f-4527-9864-ee040b5274c0 has been successfully formatted.
2019-09-11 10:32:41,845 [pool-107-thread-1] INFO  ratis.ContainerStateMachine (ContainerStateMachine.java:loadSnapshot(230)) - group-EE040B5274C0: The snapshot info is null. Setting the last applied indexto:(t:0, i:~)
2019-09-11 10:32:41,845 [pool-107-thread-1] INFO  server.RaftServerConfigKeys (ConfUtils.java:logGet(43)) - raft.server.notification.no-leader.timeout = 120s (custom)
2019-09-11 10:32:41,845 [pool-107-thread-1] INFO  server.RaftServerConfigKeys (ConfUtils.java:logGet(43)) - raft.server.log.use.memory = false (default)
2019-09-11 10:32:41,846 [pool-107-thread-1] INFO  server.RaftServerConfigKeys (ConfUtils.java:logGet(43)) - raft.server.log.purge.gap = 1000000 (custom)
2019-09-11 10:32:41,846 [pool-107-thread-1] INFO  server.RaftServerConfigKeys (ConfUtils.java:logGet(43)) - raft.server.log.appender.buffer.byte-limit = 33554432 (custom)
2019-09-11 10:32:41,846 [pool-107-thread-1] INFO  server.RaftServerConfigKeys (ConfUtils.java:logGet(43)) - raft.server.log.segment.size.max = 1048576 (custom)
2019-09-11 10:32:41,846 [pool-107-thread-1] INFO  server.RaftServerConfigKeys (ConfUtils.java:logGet(43)) - raft.server.log.segment.cache.num.max = 2 (custom)
2019-09-11 10:32:41,846 [pool-107-thread-1] INFO  segmented.SegmentedRaftLogWorker (SegmentedRaftLogWorker.java:<init>(172)) - new d898b401-bc34-4650-97cf-b91d52192f1e@group-EE040B5274C0-SegmentedRaftLogWorker for RaftStorage:Storage Directory /workdir/hadoop-ozone/integration-test/target/test-dir/MiniOzoneClusterImpl-62578b9c-93b1-4e23-b83e-ebaf05b7c577/datanode-8/data/ratis/91f540bd-836f-4527-9864-ee040b5274c0
2019-09-11 10:32:41,851 [pool-107-thread-1] INFO  server.RaftServerConfigKeys (ConfUtils.java:logGet(43)) - raft.server.log.queue.byte-limit = 2147483647 (custom)
2019-09-11 10:32:41,851 [pool-107-thread-1] INFO  server.RaftServerConfigKeys (ConfUtils.java:logGet(43)) - raft.server.log.queue.element-limit = 1024 (custom)
2019-09-11 10:32:41,852 [pool-107-thread-1] INFO  server.RaftServerConfigKeys (ConfUtils.java:logGet(43)) - raft.server.log.segment.size.max = 1048576 (custom)
2019-09-11 10:32:41,852 [pool-107-thread-1] INFO  server.RaftServerConfigKeys (ConfUtils.java:logGet(43)) - raft.server.log.preallocated.size = 16384 (custom)
2019-09-11 10:32:41,852 [pool-107-thread-1] INFO  server.RaftServerConfigKeys (ConfUtils.java:logGet(43)) - raft.server.log.write.buffer.size = 33554432 (custom)
2019-09-11 10:32:41,852 [pool-107-thread-1] INFO  server.RaftServerConfigKeys (ConfUtils.java:logGet(43)) - raft.server.log.force.sync.num = 128 (default)
2019-09-11 10:32:41,852 [pool-107-thread-1] INFO  server.RaftServerConfigKeys (ConfUtils.java:logGet(43)) - raft.server.log.statemachine.data.sync = true (default)
2019-09-11 10:32:41,853 [pool-107-thread-1] INFO  server.RaftServerConfigKeys (ConfUtils.java:logGet(43)) - raft.server.log.statemachine.data.sync.timeout = 10s (default)
2019-09-11 10:32:41,853 [pool-107-thread-1] INFO  server.RaftServerConfigKeys (ConfUtils.java:logGet(43)) - raft.server.log.statemachine.data.sync.timeout.retry = -1 (default)
2019-09-11 10:32:41,853 [pool-107-thread-1] INFO  server.RaftServerConfigKeys (ConfUtils.java:logGet(43)) - raft.server.log.statemachine.data.caching.enabled = true (custom)
2019-09-11 10:32:41,854 [pool-107-thread-1] INFO  segmented.SegmentedRaftLogWorker (SegmentedRaftLogWorker.java:lambda$new$0(132)) - d898b401-bc34-4650-97cf-b91d52192f1e@group-EE040B5274C0-SegmentedRaftLogWorker: flushIndex: setUnconditionally 0 -> -1
2019-09-11 10:32:41,854 [pool-107-thread-1] INFO  server.RaftServerConfigKeys (ConfUtils.java:logGet(43)) - raft.server.snapshot.auto.trigger.enabled = true (custom)
2019-09-11 10:32:41,854 [pool-107-thread-1] INFO  server.RaftServerConfigKeys (ConfUtils.java:logGet(43)) - raft.server.snapshot.auto.trigger.threshold = 10000 (custom)
2019-09-11 10:32:41,854 [pool-107-thread-1] INFO  server.RaftServerConfigKeys (ConfUtils.java:logGet(43)) - raft.server.snapshot.retention.num.files = -1 (default)
2019-09-11 10:32:41,855 [pool-107-thread-1] INFO  server.RaftServerConfigKeys (ConfUtils.java:logGet(43)) - raft.server.retrycache.expirytime = 600000ms (custom)
2019-09-11 10:32:41,859 [pool-107-thread-1] INFO  impl.RaftServerImpl (RaftServerImpl.java:start(185)) - d898b401-bc34-4650-97cf-b91d52192f1e@group-EE040B5274C0: start as a follower, conf=-1: [d898b401-bc34-4650-97cf-b91d52192f1e:192.168.69.96:37663], old=null
2019-09-11 10:32:41,859 [pool-107-thread-1] INFO  impl.RaftServerImpl (RaftServerImpl.java:setRole(174)) - d898b401-bc34-4650-97cf-b91d52192f1e@group-EE040B5274C0: changes role from      null to FOLLOWER at term 0 for startAsFollower
2019-09-11 10:32:41,859 [pool-107-thread-1] INFO  impl.RoleInfo (RoleInfo.java:updateAndGet(143)) - d898b401-bc34-4650-97cf-b91d52192f1e: start FollowerState
2019-09-11 10:32:41,860 [pool-107-thread-1] INFO  util.JmxRegister (JmxRegister.java:tryRegister(44)) - Successfully registered JMX Bean with object name Ratis:service=RaftServer,group=group-EE040B5274C0,id=d898b401-bc34-4650-97cf-b91d52192f1e
2019-09-11 10:32:41,875 [RatisPipelineUtilsThread] INFO  pipeline.PipelineStateManager (PipelineStateManager.java:addPipeline(56)) - Created pipeline Pipeline[ Id: 91f540bd-836f-4527-9864-ee040b5274c0, Nodes: d898b401-bc34-4650-97cf-b91d52192f1e{ip: 192.168.69.96, host: pr-hdds-1982-decom-states-q64lx-3787986432, networkLocation: /default-rack, certSerialId: null}, Type:RATIS, Factor:ONE, State:OPEN]
2019-09-11 10:32:41,896 [grpc-default-executor-0] INFO  impl.RaftServerProxy (RaftServerProxy.java:addNew(89)) - a147bf4e-e47b-4bef-becd-030e3c92d985: addNew group-B3A9ACD663D7:[a147bf4e-e47b-4bef-becd-030e3c92d985:192.168.69.96:46724] returns group-B3A9ACD663D7:java.util.concurrent.CompletableFuture@5afeecae[Not completed]
2019-09-11 10:32:41,902 [pool-87-thread-1] INFO  impl.RaftServerImpl (RaftServerImpl.java:<init>(95)) - a147bf4e-e47b-4bef-becd-030e3c92d985: new RaftServerImpl for group-B3A9ACD663D7:[a147bf4e-e47b-4bef-becd-030e3c92d985:192.168.69.96:46724] with ContainerStateMachine:uninitialized
2019-09-11 10:32:41,902 [pool-87-thread-1] INFO  server.RaftServerConfigKeys (ConfUtils.java:logGet(43)) - raft.server.rpc.timeout.min = 1s (custom)
2019-09-11 10:32:41,903 [pool-87-thread-1] INFO  server.RaftServerConfigKeys (ConfUtils.java:logGet(43)) - raft.server.rpc.timeout.max = 1200ms (custom)
2019-09-11 10:32:41,903 [pool-87-thread-1] INFO  server.RaftServerConfigKeys (ConfUtils.java:logGet(43)) - raft.server.rpcslowness.timeout = 120s (custom)
2019-09-11 10:32:41,903 [pool-87-thread-1] INFO  server.RaftServerConfigKeys (ConfUtils.java:logGet(43)) - raft.server.sleep.deviation.threshold = 300 (default)
2019-09-11 10:32:41,903 [pool-87-thread-1] INFO  server.RaftServerConfigKeys (ConfUtils.java:logGet(43)) - raft.server.log.appender.install.snapshot.enabled = false (custom)
2019-09-11 10:32:41,903 [pool-87-thread-1] INFO  impl.RaftServerImpl (ServerState.java:<init>(103)) - a147bf4e-e47b-4bef-becd-030e3c92d985@group-B3A9ACD663D7: ConfigurationManager, init=-1: [a147bf4e-e47b-4bef-becd-030e3c92d985:192.168.69.96:46724], old=null, confs=<EMPTY_MAP>
2019-09-11 10:32:41,904 [pool-87-thread-1] INFO  server.RaftServerConfigKeys (ConfUtils.java:logGet(43)) - raft.server.storage.dir = [/workdir/hadoop-ozone/integration-test/target/test-dir/MiniOzoneClusterImpl-62578b9c-93b1-4e23-b83e-ebaf05b7c577/datanode-6/data/ratis] (custom)
2019-09-11 10:32:41,904 [pool-87-thread-1] INFO  storage.RaftStorageDirectory (RaftStorageDirectory.java:analyzeStorage(246)) - The storage directory /workdir/hadoop-ozone/integration-test/target/test-dir/MiniOzoneClusterImpl-62578b9c-93b1-4e23-b83e-ebaf05b7c577/datanode-6/data/ratis/d793c140-c88e-40c6-a719-b3a9acd663d7 does not exist. Creating ...
2019-09-11 10:32:41,937 [pool-87-thread-1] INFO  storage.RaftStorageDirectory (RaftStorageDirectory.java:tryLock(328)) - Lock on /workdir/hadoop-ozone/integration-test/target/test-dir/MiniOzoneClusterImpl-62578b9c-93b1-4e23-b83e-ebaf05b7c577/datanode-6/data/ratis/d793c140-c88e-40c6-a719-b3a9acd663d7/in_use.lock acquired by nodename 4752@pr-hdds-1982-decom-states-q64lx-3787986432
2019-09-11 10:32:41,979 [pool-87-thread-1] INFO  storage.RaftStorage (RaftStorage.java:format(72)) - Storage directory /workdir/hadoop-ozone/integration-test/target/test-dir/MiniOzoneClusterImpl-62578b9c-93b1-4e23-b83e-ebaf05b7c577/datanode-6/data/ratis/d793c140-c88e-40c6-a719-b3a9acd663d7 has been successfully formatted.
2019-09-11 10:32:41,979 [pool-87-thread-1] INFO  ratis.ContainerStateMachine (ContainerStateMachine.java:loadSnapshot(230)) - group-B3A9ACD663D7: The snapshot info is null. Setting the last applied indexto:(t:0, i:~)
2019-09-11 10:32:41,979 [pool-87-thread-1] INFO  server.RaftServerConfigKeys (ConfUtils.java:logGet(43)) - raft.server.notification.no-leader.timeout = 120s (custom)
2019-09-11 10:32:41,979 [pool-87-thread-1] INFO  server.RaftServerConfigKeys (ConfUtils.java:logGet(43)) - raft.server.log.use.memory = false (default)
2019-09-11 10:32:41,980 [pool-87-thread-1] INFO  server.RaftServerConfigKeys (ConfUtils.java:logGet(43)) - raft.server.log.purge.gap = 1000000 (custom)
2019-09-11 10:32:41,980 [pool-87-thread-1] INFO  server.RaftServerConfigKeys (ConfUtils.java:logGet(43)) - raft.server.log.appender.buffer.byte-limit = 33554432 (custom)
2019-09-11 10:32:41,980 [pool-87-thread-1] INFO  server.RaftServerConfigKeys (ConfUtils.java:logGet(43)) - raft.server.log.segment.size.max = 1048576 (custom)
2019-09-11 10:32:41,980 [pool-87-thread-1] INFO  server.RaftServerConfigKeys (ConfUtils.java:logGet(43)) - raft.server.log.segment.cache.num.max = 2 (custom)
2019-09-11 10:32:41,980 [pool-87-thread-1] INFO  segmented.SegmentedRaftLogWorker (SegmentedRaftLogWorker.java:<init>(172)) - new a147bf4e-e47b-4bef-becd-030e3c92d985@group-B3A9ACD663D7-SegmentedRaftLogWorker for RaftStorage:Storage Directory /workdir/hadoop-ozone/integration-test/target/test-dir/MiniOzoneClusterImpl-62578b9c-93b1-4e23-b83e-ebaf05b7c577/datanode-6/data/ratis/d793c140-c88e-40c6-a719-b3a9acd663d7
2019-09-11 10:32:41,984 [pool-87-thread-1] INFO  server.RaftServerConfigKeys (ConfUtils.java:logGet(43)) - raft.server.log.queue.byte-limit = 2147483647 (custom)
2019-09-11 10:32:41,985 [pool-87-thread-1] INFO  server.RaftServerConfigKeys (ConfUtils.java:logGet(43)) - raft.server.log.queue.element-limit = 1024 (custom)
2019-09-11 10:32:41,985 [pool-87-thread-1] INFO  server.RaftServerConfigKeys (ConfUtils.java:logGet(43)) - raft.server.log.segment.size.max = 1048576 (custom)
2019-09-11 10:32:41,985 [pool-87-thread-1] INFO  server.RaftServerConfigKeys (ConfUtils.java:logGet(43)) - raft.server.log.preallocated.size = 16384 (custom)
2019-09-11 10:32:41,985 [pool-87-thread-1] INFO  server.RaftServerConfigKeys (ConfUtils.java:logGet(43)) - raft.server.log.write.buffer.size = 33554432 (custom)
2019-09-11 10:32:41,985 [pool-87-thread-1] INFO  server.RaftServerConfigKeys (ConfUtils.java:logGet(43)) - raft.server.log.force.sync.num = 128 (default)
2019-09-11 10:32:41,985 [pool-87-thread-1] INFO  server.RaftServerConfigKeys (ConfUtils.java:logGet(43)) - raft.server.log.statemachine.data.sync = true (default)
2019-09-11 10:32:41,986 [pool-87-thread-1] INFO  server.RaftServerConfigKeys (ConfUtils.java:logGet(43)) - raft.server.log.statemachine.data.sync.timeout = 10s (default)
2019-09-11 10:32:41,986 [pool-87-thread-1] INFO  server.RaftServerConfigKeys (ConfUtils.java:logGet(43)) - raft.server.log.statemachine.data.sync.timeout.retry = -1 (default)
2019-09-11 10:32:41,986 [pool-87-thread-1] INFO  server.RaftServerConfigKeys (ConfUtils.java:logGet(43)) - raft.server.log.statemachine.data.caching.enabled = true (custom)
2019-09-11 10:32:41,986 [pool-87-thread-1] INFO  segmented.SegmentedRaftLogWorker (SegmentedRaftLogWorker.java:lambda$new$0(132)) - a147bf4e-e47b-4bef-becd-030e3c92d985@group-B3A9ACD663D7-SegmentedRaftLogWorker: flushIndex: setUnconditionally 0 -> -1
2019-09-11 10:32:41,987 [pool-87-thread-1] INFO  server.RaftServerConfigKeys (ConfUtils.java:logGet(43)) - raft.server.snapshot.auto.trigger.enabled = true (custom)
2019-09-11 10:32:41,987 [pool-87-thread-1] INFO  server.RaftServerConfigKeys (ConfUtils.java:logGet(43)) - raft.server.snapshot.auto.trigger.threshold = 10000 (custom)
2019-09-11 10:32:41,987 [pool-87-thread-1] INFO  server.RaftServerConfigKeys (ConfUtils.java:logGet(43)) - raft.server.snapshot.retention.num.files = -1 (default)
2019-09-11 10:32:41,987 [pool-87-thread-1] INFO  server.RaftServerConfigKeys (ConfUtils.java:logGet(43)) - raft.server.retrycache.expirytime = 600000ms (custom)
2019-09-11 10:32:41,991 [pool-87-thread-1] INFO  impl.RaftServerImpl (RaftServerImpl.java:start(185)) - a147bf4e-e47b-4bef-becd-030e3c92d985@group-B3A9ACD663D7: start as a follower, conf=-1: [a147bf4e-e47b-4bef-becd-030e3c92d985:192.168.69.96:46724], old=null
2019-09-11 10:32:41,991 [pool-87-thread-1] INFO  impl.RaftServerImpl (RaftServerImpl.java:setRole(174)) - a147bf4e-e47b-4bef-becd-030e3c92d985@group-B3A9ACD663D7: changes role from      null to FOLLOWER at term 0 for startAsFollower
2019-09-11 10:32:41,991 [pool-87-thread-1] INFO  impl.RoleInfo (RoleInfo.java:updateAndGet(143)) - a147bf4e-e47b-4bef-becd-030e3c92d985: start FollowerState
2019-09-11 10:32:41,992 [pool-87-thread-1] INFO  util.JmxRegister (JmxRegister.java:tryRegister(44)) - Successfully registered JMX Bean with object name Ratis:service=RaftServer,group=group-B3A9ACD663D7,id=a147bf4e-e47b-4bef-becd-030e3c92d985
2019-09-11 10:32:42,009 [RatisPipelineUtilsThread] INFO  pipeline.PipelineStateManager (PipelineStateManager.java:addPipeline(56)) - Created pipeline Pipeline[ Id: d793c140-c88e-40c6-a719-b3a9acd663d7, Nodes: a147bf4e-e47b-4bef-becd-030e3c92d985{ip: 192.168.69.96, host: pr-hdds-1982-decom-states-q64lx-3787986432, networkLocation: /default-rack, certSerialId: null}, Type:RATIS, Factor:ONE, State:OPEN]
2019-09-11 10:32:42,032 [grpc-default-executor-0] INFO  impl.RaftServerProxy (RaftServerProxy.java:addNew(89)) - 95b20011-2e58-4a94-a7ae-3b1213f1c518: addNew group-2E43ED8F9078:[95b20011-2e58-4a94-a7ae-3b1213f1c518:192.168.69.96:39413] returns group-2E43ED8F9078:java.util.concurrent.CompletableFuture@2a448619[Not completed]
2019-09-11 10:32:42,040 [pool-97-thread-1] INFO  impl.RaftServerImpl (RaftServerImpl.java:<init>(95)) - 95b20011-2e58-4a94-a7ae-3b1213f1c518: new RaftServerImpl for group-2E43ED8F9078:[95b20011-2e58-4a94-a7ae-3b1213f1c518:192.168.69.96:39413] with ContainerStateMachine:uninitialized
2019-09-11 10:32:42,041 [pool-97-thread-1] INFO  server.RaftServerConfigKeys (ConfUtils.java:logGet(43)) - raft.server.rpc.timeout.min = 1s (custom)
2019-09-11 10:32:42,041 [pool-97-thread-1] INFO  server.RaftServerConfigKeys (ConfUtils.java:logGet(43)) - raft.server.rpc.timeout.max = 1200ms (custom)
2019-09-11 10:32:42,041 [pool-97-thread-1] INFO  server.RaftServerConfigKeys (ConfUtils.java:logGet(43)) - raft.server.rpcslowness.timeout = 120s (custom)
2019-09-11 10:32:42,041 [pool-97-thread-1] INFO  server.RaftServerConfigKeys (ConfUtils.java:logGet(43)) - raft.server.sleep.deviation.threshold = 300 (default)
2019-09-11 10:32:42,042 [pool-97-thread-1] INFO  server.RaftServerConfigKeys (ConfUtils.java:logGet(43)) - raft.server.log.appender.install.snapshot.enabled = false (custom)
2019-09-11 10:32:42,042 [pool-97-thread-1] INFO  impl.RaftServerImpl (ServerState.java:<init>(103)) - 95b20011-2e58-4a94-a7ae-3b1213f1c518@group-2E43ED8F9078: ConfigurationManager, init=-1: [95b20011-2e58-4a94-a7ae-3b1213f1c518:192.168.69.96:39413], old=null, confs=<EMPTY_MAP>
2019-09-11 10:32:42,042 [pool-97-thread-1] INFO  server.RaftServerConfigKeys (ConfUtils.java:logGet(43)) - raft.server.storage.dir = [/workdir/hadoop-ozone/integration-test/target/test-dir/MiniOzoneClusterImpl-62578b9c-93b1-4e23-b83e-ebaf05b7c577/datanode-7/data/ratis] (custom)
2019-09-11 10:32:42,043 [pool-97-thread-1] INFO  storage.RaftStorageDirectory (RaftStorageDirectory.java:analyzeStorage(246)) - The storage directory /workdir/hadoop-ozone/integration-test/target/test-dir/MiniOzoneClusterImpl-62578b9c-93b1-4e23-b83e-ebaf05b7c577/datanode-7/data/ratis/75fa5b36-1c43-4531-afe4-2e43ed8f9078 does not exist. Creating ...
2019-09-11 10:32:42,062 [pool-97-thread-1] INFO  storage.RaftStorageDirectory (RaftStorageDirectory.java:tryLock(328)) - Lock on /workdir/hadoop-ozone/integration-test/target/test-dir/MiniOzoneClusterImpl-62578b9c-93b1-4e23-b83e-ebaf05b7c577/datanode-7/data/ratis/75fa5b36-1c43-4531-afe4-2e43ed8f9078/in_use.lock acquired by nodename 4752@pr-hdds-1982-decom-states-q64lx-3787986432
2019-09-11 10:32:42,205 [pool-97-thread-1] INFO  storage.RaftStorage (RaftStorage.java:format(72)) - Storage directory /workdir/hadoop-ozone/integration-test/target/test-dir/MiniOzoneClusterImpl-62578b9c-93b1-4e23-b83e-ebaf05b7c577/datanode-7/data/ratis/75fa5b36-1c43-4531-afe4-2e43ed8f9078 has been successfully formatted.
2019-09-11 10:32:42,256 [Thread-285] INFO  impl.FollowerState (FollowerState.java:run(106)) - 057fef34-657c-4281-ab7d-192648031ede:group-25CF19187149 changes to CANDIDATE, lastRpcTime:1091, electionTimeout:1076ms
2019-09-11 10:32:42,256 [pool-97-thread-1] INFO  ratis.ContainerStateMachine (ContainerStateMachine.java:loadSnapshot(230)) - group-2E43ED8F9078: The snapshot info is null. Setting the last applied indexto:(t:0, i:~)
2019-09-11 10:32:42,266 [pool-97-thread-1] INFO  server.RaftServerConfigKeys (ConfUtils.java:logGet(43)) - raft.server.notification.no-leader.timeout = 120s (custom)
2019-09-11 10:32:42,267 [pool-97-thread-1] INFO  server.RaftServerConfigKeys (ConfUtils.java:logGet(43)) - raft.server.log.use.memory = false (default)
2019-09-11 10:32:42,267 [pool-97-thread-1] INFO  server.RaftServerConfigKeys (ConfUtils.java:logGet(43)) - raft.server.log.purge.gap = 1000000 (custom)
2019-09-11 10:32:42,267 [pool-97-thread-1] INFO  server.RaftServerConfigKeys (ConfUtils.java:logGet(43)) - raft.server.log.appender.buffer.byte-limit = 33554432 (custom)
2019-09-11 10:32:42,267 [pool-97-thread-1] INFO  server.RaftServerConfigKeys (ConfUtils.java:logGet(43)) - raft.server.log.segment.size.max = 1048576 (custom)
2019-09-11 10:32:42,267 [pool-97-thread-1] INFO  server.RaftServerConfigKeys (ConfUtils.java:logGet(43)) - raft.server.log.segment.cache.num.max = 2 (custom)
2019-09-11 10:32:42,267 [pool-97-thread-1] INFO  segmented.SegmentedRaftLogWorker (SegmentedRaftLogWorker.java:<init>(172)) - new 95b20011-2e58-4a94-a7ae-3b1213f1c518@group-2E43ED8F9078-SegmentedRaftLogWorker for RaftStorage:Storage Directory /workdir/hadoop-ozone/integration-test/target/test-dir/MiniOzoneClusterImpl-62578b9c-93b1-4e23-b83e-ebaf05b7c577/datanode-7/data/ratis/75fa5b36-1c43-4531-afe4-2e43ed8f9078
2019-09-11 10:32:42,271 [Thread-285] INFO  impl.RoleInfo (RoleInfo.java:shutdownFollowerState(121)) - 057fef34-657c-4281-ab7d-192648031ede: shutdown FollowerState
2019-09-11 10:32:42,271 [Thread-285] INFO  impl.RaftServerImpl (RaftServerImpl.java:setRole(174)) - 057fef34-657c-4281-ab7d-192648031ede@group-25CF19187149: changes role from  FOLLOWER to CANDIDATE at term 0 for changeToCandidate
2019-09-11 10:32:42,272 [pool-97-thread-1] INFO  server.RaftServerConfigKeys (ConfUtils.java:logGet(43)) - raft.server.log.queue.byte-limit = 2147483647 (custom)
2019-09-11 10:32:42,272 [pool-97-thread-1] INFO  server.RaftServerConfigKeys (ConfUtils.java:logGet(43)) - raft.server.log.queue.element-limit = 1024 (custom)
2019-09-11 10:32:42,273 [pool-97-thread-1] INFO  server.RaftServerConfigKeys (ConfUtils.java:logGet(43)) - raft.server.log.segment.size.max = 1048576 (custom)
2019-09-11 10:32:42,273 [pool-97-thread-1] INFO  server.RaftServerConfigKeys (ConfUtils.java:logGet(43)) - raft.server.log.preallocated.size = 16384 (custom)
2019-09-11 10:32:42,273 [pool-97-thread-1] INFO  server.RaftServerConfigKeys (ConfUtils.java:logGet(43)) - raft.server.log.write.buffer.size = 33554432 (custom)
2019-09-11 10:32:42,273 [pool-97-thread-1] INFO  server.RaftServerConfigKeys (ConfUtils.java:logGet(43)) - raft.server.log.force.sync.num = 128 (default)
2019-09-11 10:32:42,273 [pool-97-thread-1] INFO  server.RaftServerConfigKeys (ConfUtils.java:logGet(43)) - raft.server.log.statemachine.data.sync = true (default)
2019-09-11 10:32:42,273 [pool-97-thread-1] INFO  server.RaftServerConfigKeys (ConfUtils.java:logGet(43)) - raft.server.log.statemachine.data.sync.timeout = 10s (default)
2019-09-11 10:32:42,273 [pool-97-thread-1] INFO  server.RaftServerConfigKeys (ConfUtils.java:logGet(43)) - raft.server.log.statemachine.data.sync.timeout.retry = -1 (default)
2019-09-11 10:32:42,274 [pool-97-thread-1] INFO  server.RaftServerConfigKeys (ConfUtils.java:logGet(43)) - raft.server.log.statemachine.data.caching.enabled = true (custom)
2019-09-11 10:32:42,274 [pool-97-thread-1] INFO  segmented.SegmentedRaftLogWorker (SegmentedRaftLogWorker.java:lambda$new$0(132)) - 95b20011-2e58-4a94-a7ae-3b1213f1c518@group-2E43ED8F9078-SegmentedRaftLogWorker: flushIndex: setUnconditionally 0 -> -1
2019-09-11 10:32:42,274 [pool-97-thread-1] INFO  server.RaftServerConfigKeys (ConfUtils.java:logGet(43)) - raft.server.snapshot.auto.trigger.enabled = true (custom)
2019-09-11 10:32:42,274 [pool-97-thread-1] INFO  server.RaftServerConfigKeys (ConfUtils.java:logGet(43)) - raft.server.snapshot.auto.trigger.threshold = 10000 (custom)
2019-09-11 10:32:42,274 [pool-97-thread-1] INFO  server.RaftServerConfigKeys (ConfUtils.java:logGet(43)) - raft.server.snapshot.retention.num.files = -1 (default)
2019-09-11 10:32:42,275 [pool-97-thread-1] INFO  server.RaftServerConfigKeys (ConfUtils.java:logGet(43)) - raft.server.retrycache.expirytime = 600000ms (custom)
2019-09-11 10:32:42,281 [Thread-285] INFO  impl.RoleInfo (RoleInfo.java:updateAndGet(143)) - 057fef34-657c-4281-ab7d-192648031ede: start LeaderElection
2019-09-11 10:32:42,290 [pool-97-thread-1] INFO  impl.RaftServerImpl (RaftServerImpl.java:start(185)) - 95b20011-2e58-4a94-a7ae-3b1213f1c518@group-2E43ED8F9078: start as a follower, conf=-1: [95b20011-2e58-4a94-a7ae-3b1213f1c518:192.168.69.96:39413], old=null
2019-09-11 10:32:42,290 [pool-97-thread-1] INFO  impl.RaftServerImpl (RaftServerImpl.java:setRole(174)) - 95b20011-2e58-4a94-a7ae-3b1213f1c518@group-2E43ED8F9078: changes role from      null to FOLLOWER at term 0 for startAsFollower
2019-09-11 10:32:42,290 [pool-97-thread-1] INFO  impl.RoleInfo (RoleInfo.java:updateAndGet(143)) - 95b20011-2e58-4a94-a7ae-3b1213f1c518: start FollowerState
2019-09-11 10:32:42,291 [pool-97-thread-1] INFO  util.JmxRegister (JmxRegister.java:tryRegister(44)) - Successfully registered JMX Bean with object name Ratis:service=RaftServer,group=group-2E43ED8F9078,id=95b20011-2e58-4a94-a7ae-3b1213f1c518
2019-09-11 10:32:42,308 [057fef34-657c-4281-ab7d-192648031ede@group-25CF19187149:LeaderElection1] INFO  impl.LeaderElection (LeaderElection.java:askForVotes(182)) - 057fef34-657c-4281-ab7d-192648031ede@group-25CF19187149:LeaderElection1: begin an election at term 1 for -1: [057fef34-657c-4281-ab7d-192648031ede:192.168.69.96:35772], old=null
2019-09-11 10:32:42,311 [RatisPipelineUtilsThread] INFO  pipeline.PipelineStateManager (PipelineStateManager.java:addPipeline(56)) - Created pipeline Pipeline[ Id: 75fa5b36-1c43-4531-afe4-2e43ed8f9078, Nodes: 95b20011-2e58-4a94-a7ae-3b1213f1c518{ip: 192.168.69.96, host: pr-hdds-1982-decom-states-q64lx-3787986432, networkLocation: /default-rack, certSerialId: null}, Type:RATIS, Factor:ONE, State:OPEN]
2019-09-11 10:32:42,312 [057fef34-657c-4281-ab7d-192648031ede@group-25CF19187149:LeaderElection1] INFO  impl.RoleInfo (RoleInfo.java:shutdownLeaderElection(134)) - 057fef34-657c-4281-ab7d-192648031ede: shutdown LeaderElection
2019-09-11 10:32:42,315 [057fef34-657c-4281-ab7d-192648031ede@group-25CF19187149:LeaderElection1] INFO  impl.RaftServerImpl (RaftServerImpl.java:setRole(174)) - 057fef34-657c-4281-ab7d-192648031ede@group-25CF19187149: changes role from CANDIDATE to LEADER at term 1 for changeToLeader
2019-09-11 10:32:42,317 [057fef34-657c-4281-ab7d-192648031ede@group-25CF19187149:LeaderElection1] INFO  impl.RaftServerImpl (ServerState.java:setLeader(253)) - 057fef34-657c-4281-ab7d-192648031ede@group-25CF19187149: change Leader from null to 057fef34-657c-4281-ab7d-192648031ede at term 1 for becomeLeader, leader elected after 1280ms
2019-09-11 10:32:42,335 [057fef34-657c-4281-ab7d-192648031ede@group-25CF19187149:LeaderElection1] INFO  server.RaftServerConfigKeys (ConfUtils.java:logGet(43)) - raft.server.staging.catchup.gap = 1000 (default)
2019-09-11 10:32:42,335 [057fef34-657c-4281-ab7d-192648031ede@group-25CF19187149:LeaderElection1] INFO  server.RaftServerConfigKeys (ConfUtils.java:logGet(43)) - raft.server.rpc.sleep.time = 25ms (default)
2019-09-11 10:32:42,342 [grpc-default-executor-0] INFO  impl.RaftServerProxy (RaftServerProxy.java:addNew(89)) - a8d859d1-6640-4c40-83aa-447d1cb68642: addNew group-1895E4B077D6:[a8d859d1-6640-4c40-83aa-447d1cb68642:192.168.69.96:35156] returns group-1895E4B077D6:java.util.concurrent.CompletableFuture@114a9fe8[Not completed]
2019-09-11 10:32:42,343 [057fef34-657c-4281-ab7d-192648031ede@group-25CF19187149:LeaderElection1] INFO  server.RaftServerConfigKeys (ConfUtils.java:logGet(43)) - raft.server.write.element-limit = 4096 (default)
2019-09-11 10:32:42,349 [pool-117-thread-1] INFO  impl.RaftServerImpl (RaftServerImpl.java:<init>(95)) - a8d859d1-6640-4c40-83aa-447d1cb68642: new RaftServerImpl for group-1895E4B077D6:[a8d859d1-6640-4c40-83aa-447d1cb68642:192.168.69.96:35156] with ContainerStateMachine:uninitialized
2019-09-11 10:32:42,351 [pool-117-thread-1] INFO  server.RaftServerConfigKeys (ConfUtils.java:logGet(43)) - raft.server.rpc.timeout.min = 1s (custom)
2019-09-11 10:32:42,352 [pool-117-thread-1] INFO  server.RaftServerConfigKeys (ConfUtils.java:logGet(43)) - raft.server.rpc.timeout.max = 1200ms (custom)
2019-09-11 10:32:42,352 [pool-117-thread-1] INFO  server.RaftServerConfigKeys (ConfUtils.java:logGet(43)) - raft.server.rpcslowness.timeout = 120s (custom)
2019-09-11 10:32:42,352 [pool-117-thread-1] INFO  server.RaftServerConfigKeys (ConfUtils.java:logGet(43)) - raft.server.sleep.deviation.threshold = 300 (default)
2019-09-11 10:32:42,352 [pool-117-thread-1] INFO  server.RaftServerConfigKeys (ConfUtils.java:logGet(43)) - raft.server.log.appender.install.snapshot.enabled = false (custom)
2019-09-11 10:32:42,352 [pool-117-thread-1] INFO  impl.RaftServerImpl (ServerState.java:<init>(103)) - a8d859d1-6640-4c40-83aa-447d1cb68642@group-1895E4B077D6: ConfigurationManager, init=-1: [a8d859d1-6640-4c40-83aa-447d1cb68642:192.168.69.96:35156], old=null, confs=<EMPTY_MAP>
2019-09-11 10:32:42,352 [pool-117-thread-1] INFO  server.RaftServerConfigKeys (ConfUtils.java:logGet(43)) - raft.server.storage.dir = [/workdir/hadoop-ozone/integration-test/target/test-dir/MiniOzoneClusterImpl-62578b9c-93b1-4e23-b83e-ebaf05b7c577/datanode-9/data/ratis] (custom)
2019-09-11 10:32:42,353 [pool-117-thread-1] INFO  storage.RaftStorageDirectory (RaftStorageDirectory.java:analyzeStorage(246)) - The storage directory /workdir/hadoop-ozone/integration-test/target/test-dir/MiniOzoneClusterImpl-62578b9c-93b1-4e23-b83e-ebaf05b7c577/datanode-9/data/ratis/83096554-6be2-4fe5-a1d6-1895e4b077d6 does not exist. Creating ...
2019-09-11 10:32:42,359 [057fef34-657c-4281-ab7d-192648031ede@group-25CF19187149:LeaderElection1] INFO  server.RaftServerConfigKeys (ConfUtils.java:logGet(43)) - raft.server.watch.timeout = 10s (default)
2019-09-11 10:32:42,359 [057fef34-657c-4281-ab7d-192648031ede@group-25CF19187149:LeaderElection1] INFO  server.RaftServerConfigKeys (ConfUtils.java:logGet(43)) - raft.server.watch.timeout.denomination = 1s (default)
2019-09-11 10:32:42,360 [057fef34-657c-4281-ab7d-192648031ede@group-25CF19187149:LeaderElection1] INFO  server.RaftServerConfigKeys (ConfUtils.java:logGet(43)) - raft.server.watch.element-limit = 65536 (default)
2019-09-11 10:32:42,372 [pool-117-thread-1] INFO  storage.RaftStorageDirectory (RaftStorageDirectory.java:tryLock(328)) - Lock on /workdir/hadoop-ozone/integration-test/target/test-dir/MiniOzoneClusterImpl-62578b9c-93b1-4e23-b83e-ebaf05b7c577/datanode-9/data/ratis/83096554-6be2-4fe5-a1d6-1895e4b077d6/in_use.lock acquired by nodename 4752@pr-hdds-1982-decom-states-q64lx-3787986432
2019-09-11 10:32:42,374 [057fef34-657c-4281-ab7d-192648031ede@group-25CF19187149:LeaderElection1] INFO  impl.RoleInfo (RoleInfo.java:updateAndGet(143)) - 057fef34-657c-4281-ab7d-192648031ede: start LeaderState
2019-09-11 10:32:42,389 [pool-117-thread-1] INFO  storage.RaftStorage (RaftStorage.java:format(72)) - Storage directory /workdir/hadoop-ozone/integration-test/target/test-dir/MiniOzoneClusterImpl-62578b9c-93b1-4e23-b83e-ebaf05b7c577/datanode-9/data/ratis/83096554-6be2-4fe5-a1d6-1895e4b077d6 has been successfully formatted.
2019-09-11 10:32:42,390 [pool-117-thread-1] INFO  ratis.ContainerStateMachine (ContainerStateMachine.java:loadSnapshot(230)) - group-1895E4B077D6: The snapshot info is null. Setting the last applied indexto:(t:0, i:~)
2019-09-11 10:32:42,390 [pool-117-thread-1] INFO  server.RaftServerConfigKeys (ConfUtils.java:logGet(43)) - raft.server.notification.no-leader.timeout = 120s (custom)
2019-09-11 10:32:42,390 [pool-117-thread-1] INFO  server.RaftServerConfigKeys (ConfUtils.java:logGet(43)) - raft.server.log.use.memory = false (default)
2019-09-11 10:32:42,390 [pool-117-thread-1] INFO  server.RaftServerConfigKeys (ConfUtils.java:logGet(43)) - raft.server.log.purge.gap = 1000000 (custom)
2019-09-11 10:32:42,390 [pool-117-thread-1] INFO  server.RaftServerConfigKeys (ConfUtils.java:logGet(43)) - raft.server.log.appender.buffer.byte-limit = 33554432 (custom)
2019-09-11 10:32:42,390 [pool-117-thread-1] INFO  server.RaftServerConfigKeys (ConfUtils.java:logGet(43)) - raft.server.log.segment.size.max = 1048576 (custom)
2019-09-11 10:32:42,391 [pool-117-thread-1] INFO  server.RaftServerConfigKeys (ConfUtils.java:logGet(43)) - raft.server.log.segment.cache.num.max = 2 (custom)
2019-09-11 10:32:42,391 [pool-117-thread-1] INFO  segmented.SegmentedRaftLogWorker (SegmentedRaftLogWorker.java:<init>(172)) - new a8d859d1-6640-4c40-83aa-447d1cb68642@group-1895E4B077D6-SegmentedRaftLogWorker for RaftStorage:Storage Directory /workdir/hadoop-ozone/integration-test/target/test-dir/MiniOzoneClusterImpl-62578b9c-93b1-4e23-b83e-ebaf05b7c577/datanode-9/data/ratis/83096554-6be2-4fe5-a1d6-1895e4b077d6
2019-09-11 10:32:42,393 [pool-117-thread-1] INFO  server.RaftServerConfigKeys (ConfUtils.java:logGet(43)) - raft.server.log.queue.byte-limit = 2147483647 (custom)
2019-09-11 10:32:42,399 [pool-117-thread-1] INFO  server.RaftServerConfigKeys (ConfUtils.java:logGet(43)) - raft.server.log.queue.element-limit = 1024 (custom)
2019-09-11 10:32:42,400 [pool-117-thread-1] INFO  server.RaftServerConfigKeys (ConfUtils.java:logGet(43)) - raft.server.log.segment.size.max = 1048576 (custom)
2019-09-11 10:32:42,402 [pool-117-thread-1] INFO  server.RaftServerConfigKeys (ConfUtils.java:logGet(43)) - raft.server.log.preallocated.size = 16384 (custom)
2019-09-11 10:32:42,403 [pool-117-thread-1] INFO  server.RaftServerConfigKeys (ConfUtils.java:logGet(43)) - raft.server.log.write.buffer.size = 33554432 (custom)
2019-09-11 10:32:42,403 [pool-117-thread-1] INFO  server.RaftServerConfigKeys (ConfUtils.java:logGet(43)) - raft.server.log.force.sync.num = 128 (default)
2019-09-11 10:32:42,403 [pool-117-thread-1] INFO  server.RaftServerConfigKeys (ConfUtils.java:logGet(43)) - raft.server.log.statemachine.data.sync = true (default)
2019-09-11 10:32:42,403 [057fef34-657c-4281-ab7d-192648031ede@group-25CF19187149:LeaderElection1] INFO  segmented.SegmentedRaftLogWorker (SegmentedRaftLogWorker.java:startLogSegment(380)) - 057fef34-657c-4281-ab7d-192648031ede@group-25CF19187149-SegmentedRaftLogWorker: Starting segment from index:0
2019-09-11 10:32:42,403 [pool-117-thread-1] INFO  server.RaftServerConfigKeys (ConfUtils.java:logGet(43)) - raft.server.log.statemachine.data.sync.timeout = 10s (default)
2019-09-11 10:32:42,404 [pool-117-thread-1] INFO  server.RaftServerConfigKeys (ConfUtils.java:logGet(43)) - raft.server.log.statemachine.data.sync.timeout.retry = -1 (default)
2019-09-11 10:32:42,404 [pool-117-thread-1] INFO  server.RaftServerConfigKeys (ConfUtils.java:logGet(43)) - raft.server.log.statemachine.data.caching.enabled = true (custom)
2019-09-11 10:32:42,405 [pool-117-thread-1] INFO  segmented.SegmentedRaftLogWorker (SegmentedRaftLogWorker.java:lambda$new$0(132)) - a8d859d1-6640-4c40-83aa-447d1cb68642@group-1895E4B077D6-SegmentedRaftLogWorker: flushIndex: setUnconditionally 0 -> -1
2019-09-11 10:32:42,405 [pool-117-thread-1] INFO  server.RaftServerConfigKeys (ConfUtils.java:logGet(43)) - raft.server.snapshot.auto.trigger.enabled = true (custom)
2019-09-11 10:32:42,405 [pool-117-thread-1] INFO  server.RaftServerConfigKeys (ConfUtils.java:logGet(43)) - raft.server.snapshot.auto.trigger.threshold = 10000 (custom)
2019-09-11 10:32:42,405 [pool-117-thread-1] INFO  server.RaftServerConfigKeys (ConfUtils.java:logGet(43)) - raft.server.snapshot.retention.num.files = -1 (default)
2019-09-11 10:32:42,406 [pool-117-thread-1] INFO  server.RaftServerConfigKeys (ConfUtils.java:logGet(43)) - raft.server.retrycache.expirytime = 600000ms (custom)
2019-09-11 10:32:42,411 [pool-117-thread-1] INFO  impl.RaftServerImpl (RaftServerImpl.java:start(185)) - a8d859d1-6640-4c40-83aa-447d1cb68642@group-1895E4B077D6: start as a follower, conf=-1: [a8d859d1-6640-4c40-83aa-447d1cb68642:192.168.69.96:35156], old=null
2019-09-11 10:32:42,411 [pool-117-thread-1] INFO  impl.RaftServerImpl (RaftServerImpl.java:setRole(174)) - a8d859d1-6640-4c40-83aa-447d1cb68642@group-1895E4B077D6: changes role from      null to FOLLOWER at term 0 for startAsFollower
2019-09-11 10:32:42,412 [pool-117-thread-1] INFO  impl.RoleInfo (RoleInfo.java:updateAndGet(143)) - a8d859d1-6640-4c40-83aa-447d1cb68642: start FollowerState
2019-09-11 10:32:42,412 [pool-117-thread-1] INFO  util.JmxRegister (JmxRegister.java:tryRegister(44)) - Successfully registered JMX Bean with object name Ratis:service=RaftServer,group=group-1895E4B077D6,id=a8d859d1-6640-4c40-83aa-447d1cb68642
2019-09-11 10:32:42,412 [057fef34-657c-4281-ab7d-192648031ede@group-25CF19187149:LeaderElection1] INFO  impl.RaftServerImpl (ServerState.java:setRaftConf(354)) - 057fef34-657c-4281-ab7d-192648031ede@group-25CF19187149: set configuration 0: [057fef34-657c-4281-ab7d-192648031ede:192.168.69.96:35772], old=null at 0
2019-09-11 10:32:42,426 [RatisPipelineUtilsThread] INFO  pipeline.PipelineStateManager (PipelineStateManager.java:addPipeline(56)) - Created pipeline Pipeline[ Id: 83096554-6be2-4fe5-a1d6-1895e4b077d6, Nodes: a8d859d1-6640-4c40-83aa-447d1cb68642{ip: 192.168.69.96, host: pr-hdds-1982-decom-states-q64lx-3787986432, networkLocation: /default-rack, certSerialId: null}, Type:RATIS, Factor:ONE, State:OPEN]
2019-09-11 10:32:42,446 [grpc-default-executor-0] INFO  impl.RaftServerProxy (RaftServerProxy.java:addNew(89)) - aeb2043f-b21f-448b-b98e-71f6b579dea4: addNew group-AB18E6B01809:[aeb2043f-b21f-448b-b98e-71f6b579dea4:192.168.69.96:42052] returns group-AB18E6B01809:java.util.concurrent.CompletableFuture@61431620[Not completed]
2019-09-11 10:32:42,460 [pool-47-thread-1] INFO  impl.RaftServerImpl (RaftServerImpl.java:<init>(95)) - aeb2043f-b21f-448b-b98e-71f6b579dea4: new RaftServerImpl for group-AB18E6B01809:[aeb2043f-b21f-448b-b98e-71f6b579dea4:192.168.69.96:42052] with ContainerStateMachine:uninitialized
2019-09-11 10:32:42,461 [pool-47-thread-1] INFO  server.RaftServerConfigKeys (ConfUtils.java:logGet(43)) - raft.server.rpc.timeout.min = 1s (custom)
2019-09-11 10:32:42,461 [pool-47-thread-1] INFO  server.RaftServerConfigKeys (ConfUtils.java:logGet(43)) - raft.server.rpc.timeout.max = 1200ms (custom)
2019-09-11 10:32:42,464 [pool-47-thread-1] INFO  server.RaftServerConfigKeys (ConfUtils.java:logGet(43)) - raft.server.rpcslowness.timeout = 120s (custom)
2019-09-11 10:32:42,466 [pool-47-thread-1] INFO  server.RaftServerConfigKeys (ConfUtils.java:logGet(43)) - raft.server.sleep.deviation.threshold = 300 (default)
2019-09-11 10:32:42,467 [pool-47-thread-1] INFO  server.RaftServerConfigKeys (ConfUtils.java:logGet(43)) - raft.server.log.appender.install.snapshot.enabled = false (custom)
2019-09-11 10:32:42,467 [pool-47-thread-1] INFO  impl.RaftServerImpl (ServerState.java:<init>(103)) - aeb2043f-b21f-448b-b98e-71f6b579dea4@group-AB18E6B01809: ConfigurationManager, init=-1: [aeb2043f-b21f-448b-b98e-71f6b579dea4:192.168.69.96:42052], old=null, confs=<EMPTY_MAP>
2019-09-11 10:32:42,467 [pool-47-thread-1] INFO  server.RaftServerConfigKeys (ConfUtils.java:logGet(43)) - raft.server.storage.dir = [/workdir/hadoop-ozone/integration-test/target/test-dir/MiniOzoneClusterImpl-62578b9c-93b1-4e23-b83e-ebaf05b7c577/datanode-2/data/ratis] (custom)
2019-09-11 10:32:42,468 [pool-47-thread-1] INFO  storage.RaftStorageDirectory (RaftStorageDirectory.java:analyzeStorage(246)) - The storage directory /workdir/hadoop-ozone/integration-test/target/test-dir/MiniOzoneClusterImpl-62578b9c-93b1-4e23-b83e-ebaf05b7c577/datanode-2/data/ratis/b78fd364-335c-45e3-ab6f-ab18e6b01809 does not exist. Creating ...
2019-09-11 10:32:42,531 [pool-47-thread-1] INFO  storage.RaftStorageDirectory (RaftStorageDirectory.java:tryLock(328)) - Lock on /workdir/hadoop-ozone/integration-test/target/test-dir/MiniOzoneClusterImpl-62578b9c-93b1-4e23-b83e-ebaf05b7c577/datanode-2/data/ratis/b78fd364-335c-45e3-ab6f-ab18e6b01809/in_use.lock acquired by nodename 4752@pr-hdds-1982-decom-states-q64lx-3787986432
2019-09-11 10:32:42,531 [Thread-288] INFO  impl.FollowerState (FollowerState.java:run(106)) - 0ef303e2-5bf5-4b6c-9a73-acca672dcd1f:group-C4F115257A75 changes to CANDIDATE, lastRpcTime:1088, electionTimeout:1084ms
2019-09-11 10:32:42,542 [Thread-288] INFO  impl.RoleInfo (RoleInfo.java:shutdownFollowerState(121)) - 0ef303e2-5bf5-4b6c-9a73-acca672dcd1f: shutdown FollowerState
2019-09-11 10:32:42,542 [Thread-288] INFO  impl.RaftServerImpl (RaftServerImpl.java:setRole(174)) - 0ef303e2-5bf5-4b6c-9a73-acca672dcd1f@group-C4F115257A75: changes role from  FOLLOWER to CANDIDATE at term 0 for changeToCandidate
2019-09-11 10:32:42,542 [Thread-288] INFO  impl.RoleInfo (RoleInfo.java:updateAndGet(143)) - 0ef303e2-5bf5-4b6c-9a73-acca672dcd1f: start LeaderElection
2019-09-11 10:32:42,565 [pool-47-thread-1] INFO  storage.RaftStorage (RaftStorage.java:format(72)) - Storage directory /workdir/hadoop-ozone/integration-test/target/test-dir/MiniOzoneClusterImpl-62578b9c-93b1-4e23-b83e-ebaf05b7c577/datanode-2/data/ratis/b78fd364-335c-45e3-ab6f-ab18e6b01809 has been successfully formatted.
2019-09-11 10:32:42,565 [0ef303e2-5bf5-4b6c-9a73-acca672dcd1f@group-C4F115257A75:LeaderElection2] INFO  impl.LeaderElection (LeaderElection.java:askForVotes(182)) - 0ef303e2-5bf5-4b6c-9a73-acca672dcd1f@group-C4F115257A75:LeaderElection2: begin an election at term 1 for -1: [0ef303e2-5bf5-4b6c-9a73-acca672dcd1f:192.168.69.96:44333], old=null
2019-09-11 10:32:42,566 [0ef303e2-5bf5-4b6c-9a73-acca672dcd1f@group-C4F115257A75:LeaderElection2] INFO  impl.RoleInfo (RoleInfo.java:shutdownLeaderElection(134)) - 0ef303e2-5bf5-4b6c-9a73-acca672dcd1f: shutdown LeaderElection
2019-09-11 10:32:42,566 [pool-47-thread-1] INFO  ratis.ContainerStateMachine (ContainerStateMachine.java:loadSnapshot(230)) - group-AB18E6B01809: The snapshot info is null. Setting the last applied indexto:(t:0, i:~)
2019-09-11 10:32:42,566 [0ef303e2-5bf5-4b6c-9a73-acca672dcd1f@group-C4F115257A75:LeaderElection2] INFO  impl.RaftServerImpl (RaftServerImpl.java:setRole(174)) - 0ef303e2-5bf5-4b6c-9a73-acca672dcd1f@group-C4F115257A75: changes role from CANDIDATE to LEADER at term 1 for changeToLeader
2019-09-11 10:32:42,566 [pool-47-thread-1] INFO  server.RaftServerConfigKeys (ConfUtils.java:logGet(43)) - raft.server.notification.no-leader.timeout = 120s (custom)
2019-09-11 10:32:42,566 [0ef303e2-5bf5-4b6c-9a73-acca672dcd1f@group-C4F115257A75:LeaderElection2] INFO  impl.RaftServerImpl (ServerState.java:setLeader(253)) - 0ef303e2-5bf5-4b6c-9a73-acca672dcd1f@group-C4F115257A75: change Leader from null to 0ef303e2-5bf5-4b6c-9a73-acca672dcd1f at term 1 for becomeLeader, leader elected after 1137ms
2019-09-11 10:32:42,566 [pool-47-thread-1] INFO  server.RaftServerConfigKeys (ConfUtils.java:logGet(43)) - raft.server.log.use.memory = false (default)
2019-09-11 10:32:42,566 [0ef303e2-5bf5-4b6c-9a73-acca672dcd1f@group-C4F115257A75:LeaderElection2] INFO  server.RaftServerConfigKeys (ConfUtils.java:logGet(43)) - raft.server.staging.catchup.gap = 1000 (default)
2019-09-11 10:32:42,567 [pool-47-thread-1] INFO  server.RaftServerConfigKeys (ConfUtils.java:logGet(43)) - raft.server.log.purge.gap = 1000000 (custom)
2019-09-11 10:32:42,567 [0ef303e2-5bf5-4b6c-9a73-acca672dcd1f@group-C4F115257A75:LeaderElection2] INFO  server.RaftServerConfigKeys (ConfUtils.java:logGet(43)) - raft.server.rpc.sleep.time = 25ms (default)
2019-09-11 10:32:42,567 [pool-47-thread-1] INFO  server.RaftServerConfigKeys (ConfUtils.java:logGet(43)) - raft.server.log.appender.buffer.byte-limit = 33554432 (custom)
2019-09-11 10:32:42,567 [0ef303e2-5bf5-4b6c-9a73-acca672dcd1f@group-C4F115257A75:LeaderElection2] INFO  server.RaftServerConfigKeys (ConfUtils.java:logGet(43)) - raft.server.write.element-limit = 4096 (default)
2019-09-11 10:32:42,567 [pool-47-thread-1] INFO  server.RaftServerConfigKeys (ConfUtils.java:logGet(43)) - raft.server.log.segment.size.max = 1048576 (custom)
2019-09-11 10:32:42,567 [0ef303e2-5bf5-4b6c-9a73-acca672dcd1f@group-C4F115257A75:LeaderElection2] INFO  server.RaftServerConfigKeys (ConfUtils.java:logGet(43)) - raft.server.watch.timeout = 10s (default)
2019-09-11 10:32:42,568 [pool-47-thread-1] INFO  server.RaftServerConfigKeys (ConfUtils.java:logGet(43)) - raft.server.log.segment.cache.num.max = 2 (custom)
2019-09-11 10:32:42,568 [0ef303e2-5bf5-4b6c-9a73-acca672dcd1f@group-C4F115257A75:LeaderElection2] INFO  server.RaftServerConfigKeys (ConfUtils.java:logGet(43)) - raft.server.watch.timeout.denomination = 1s (default)
2019-09-11 10:32:42,568 [pool-47-thread-1] INFO  segmented.SegmentedRaftLogWorker (SegmentedRaftLogWorker.java:<init>(172)) - new aeb2043f-b21f-448b-b98e-71f6b579dea4@group-AB18E6B01809-SegmentedRaftLogWorker for RaftStorage:Storage Directory /workdir/hadoop-ozone/integration-test/target/test-dir/MiniOzoneClusterImpl-62578b9c-93b1-4e23-b83e-ebaf05b7c577/datanode-2/data/ratis/b78fd364-335c-45e3-ab6f-ab18e6b01809
2019-09-11 10:32:42,568 [0ef303e2-5bf5-4b6c-9a73-acca672dcd1f@group-C4F115257A75:LeaderElection2] INFO  server.RaftServerConfigKeys (ConfUtils.java:logGet(43)) - raft.server.watch.element-limit = 65536 (default)
2019-09-11 10:32:42,572 [pool-47-thread-1] INFO  server.RaftServerConfigKeys (ConfUtils.java:logGet(43)) - raft.server.log.queue.byte-limit = 2147483647 (custom)
2019-09-11 10:32:42,573 [pool-47-thread-1] INFO  server.RaftServerConfigKeys (ConfUtils.java:logGet(43)) - raft.server.log.queue.element-limit = 1024 (custom)
2019-09-11 10:32:42,573 [pool-47-thread-1] INFO  server.RaftServerConfigKeys (ConfUtils.java:logGet(43)) - raft.server.log.segment.size.max = 1048576 (custom)
2019-09-11 10:32:42,573 [0ef303e2-5bf5-4b6c-9a73-acca672dcd1f@group-C4F115257A75:LeaderElection2] INFO  impl.RoleInfo (RoleInfo.java:updateAndGet(143)) - 0ef303e2-5bf5-4b6c-9a73-acca672dcd1f: start LeaderState
2019-09-11 10:32:42,573 [pool-47-thread-1] INFO  server.RaftServerConfigKeys (ConfUtils.java:logGet(43)) - raft.server.log.preallocated.size = 16384 (custom)
2019-09-11 10:32:42,574 [pool-47-thread-1] INFO  server.RaftServerConfigKeys (ConfUtils.java:logGet(43)) - raft.server.log.write.buffer.size = 33554432 (custom)
2019-09-11 10:32:42,574 [0ef303e2-5bf5-4b6c-9a73-acca672dcd1f@group-C4F115257A75:LeaderElection2] INFO  segmented.SegmentedRaftLogWorker (SegmentedRaftLogWorker.java:startLogSegment(380)) - 0ef303e2-5bf5-4b6c-9a73-acca672dcd1f@group-C4F115257A75-SegmentedRaftLogWorker: Starting segment from index:0
2019-09-11 10:32:42,574 [pool-47-thread-1] INFO  server.RaftServerConfigKeys (ConfUtils.java:logGet(43)) - raft.server.log.force.sync.num = 128 (default)
2019-09-11 10:32:42,574 [pool-47-thread-1] INFO  server.RaftServerConfigKeys (ConfUtils.java:logGet(43)) - raft.server.log.statemachine.data.sync = true (default)
2019-09-11 10:32:42,574 [pool-47-thread-1] INFO  server.RaftServerConfigKeys (ConfUtils.java:logGet(43)) - raft.server.log.statemachine.data.sync.timeout = 10s (default)
2019-09-11 10:32:42,575 [0ef303e2-5bf5-4b6c-9a73-acca672dcd1f@group-C4F115257A75:LeaderElection2] INFO  impl.RaftServerImpl (ServerState.java:setRaftConf(354)) - 0ef303e2-5bf5-4b6c-9a73-acca672dcd1f@group-C4F115257A75: set configuration 0: [0ef303e2-5bf5-4b6c-9a73-acca672dcd1f:192.168.69.96:44333], old=null at 0
2019-09-11 10:32:42,575 [pool-47-thread-1] INFO  server.RaftServerConfigKeys (ConfUtils.java:logGet(43)) - raft.server.log.statemachine.data.sync.timeout.retry = -1 (default)
2019-09-11 10:32:42,578 [pool-47-thread-1] INFO  server.RaftServerConfigKeys (ConfUtils.java:logGet(43)) - raft.server.log.statemachine.data.caching.enabled = true (custom)
2019-09-11 10:32:42,579 [pool-47-thread-1] INFO  segmented.SegmentedRaftLogWorker (SegmentedRaftLogWorker.java:lambda$new$0(132)) - aeb2043f-b21f-448b-b98e-71f6b579dea4@group-AB18E6B01809-SegmentedRaftLogWorker: flushIndex: setUnconditionally 0 -> -1
2019-09-11 10:32:42,579 [pool-47-thread-1] INFO  server.RaftServerConfigKeys (ConfUtils.java:logGet(43)) - raft.server.snapshot.auto.trigger.enabled = true (custom)
2019-09-11 10:32:42,579 [pool-47-thread-1] INFO  server.RaftServerConfigKeys (ConfUtils.java:logGet(43)) - raft.server.snapshot.auto.trigger.threshold = 10000 (custom)
2019-09-11 10:32:42,579 [pool-47-thread-1] INFO  server.RaftServerConfigKeys (ConfUtils.java:logGet(43)) - raft.server.snapshot.retention.num.files = -1 (default)
2019-09-11 10:32:42,580 [pool-47-thread-1] INFO  server.RaftServerConfigKeys (ConfUtils.java:logGet(43)) - raft.server.retrycache.expirytime = 600000ms (custom)
2019-09-11 10:32:42,583 [pool-47-thread-1] INFO  impl.RaftServerImpl (RaftServerImpl.java:start(185)) - aeb2043f-b21f-448b-b98e-71f6b579dea4@group-AB18E6B01809: start as a follower, conf=-1: [aeb2043f-b21f-448b-b98e-71f6b579dea4:192.168.69.96:42052], old=null
2019-09-11 10:32:42,583 [pool-47-thread-1] INFO  impl.RaftServerImpl (RaftServerImpl.java:setRole(174)) - aeb2043f-b21f-448b-b98e-71f6b579dea4@group-AB18E6B01809: changes role from      null to FOLLOWER at term 0 for startAsFollower
2019-09-11 10:32:42,583 [pool-47-thread-1] INFO  impl.RoleInfo (RoleInfo.java:updateAndGet(143)) - aeb2043f-b21f-448b-b98e-71f6b579dea4: start FollowerState
2019-09-11 10:32:42,584 [pool-47-thread-1] INFO  util.JmxRegister (JmxRegister.java:tryRegister(44)) - Successfully registered JMX Bean with object name Ratis:service=RaftServer,group=group-AB18E6B01809,id=aeb2043f-b21f-448b-b98e-71f6b579dea4
2019-09-11 10:32:42,622 [RatisPipelineUtilsThread] INFO  pipeline.PipelineStateManager (PipelineStateManager.java:addPipeline(56)) - Created pipeline Pipeline[ Id: b78fd364-335c-45e3-ab6f-ab18e6b01809, Nodes: aeb2043f-b21f-448b-b98e-71f6b579dea4{ip: 192.168.69.96, host: pr-hdds-1982-decom-states-q64lx-3787986432, networkLocation: /default-rack, certSerialId: null}, Type:RATIS, Factor:ONE, State:OPEN]
2019-09-11 10:32:42,650 [grpc-default-executor-0] INFO  impl.RaftServerProxy (RaftServerProxy.java:addNew(89)) - d7731897-8454-4248-86db-3bcd47c96a99: addNew group-4ACABC773A71:[d7731897-8454-4248-86db-3bcd47c96a99:192.168.69.96:44589] returns group-4ACABC773A71:java.util.concurrent.CompletableFuture@2500c7f2[Not completed]
2019-09-11 10:32:42,652 [pool-57-thread-1] INFO  impl.RaftServerImpl (RaftServerImpl.java:<init>(95)) - d7731897-8454-4248-86db-3bcd47c96a99: new RaftServerImpl for group-4ACABC773A71:[d7731897-8454-4248-86db-3bcd47c96a99:192.168.69.96:44589] with ContainerStateMachine:uninitialized
2019-09-11 10:32:42,653 [pool-57-thread-1] INFO  server.RaftServerConfigKeys (ConfUtils.java:logGet(43)) - raft.server.rpc.timeout.min = 1s (custom)
2019-09-11 10:32:42,653 [pool-57-thread-1] INFO  server.RaftServerConfigKeys (ConfUtils.java:logGet(43)) - raft.server.rpc.timeout.max = 1200ms (custom)
2019-09-11 10:32:42,653 [pool-57-thread-1] INFO  server.RaftServerConfigKeys (ConfUtils.java:logGet(43)) - raft.server.rpcslowness.timeout = 120s (custom)
2019-09-11 10:32:42,653 [pool-57-thread-1] INFO  server.RaftServerConfigKeys (ConfUtils.java:logGet(43)) - raft.server.sleep.deviation.threshold = 300 (default)
2019-09-11 10:32:42,653 [pool-57-thread-1] INFO  server.RaftServerConfigKeys (ConfUtils.java:logGet(43)) - raft.server.log.appender.install.snapshot.enabled = false (custom)
2019-09-11 10:32:42,654 [pool-57-thread-1] INFO  impl.RaftServerImpl (ServerState.java:<init>(103)) - d7731897-8454-4248-86db-3bcd47c96a99@group-4ACABC773A71: ConfigurationManager, init=-1: [d7731897-8454-4248-86db-3bcd47c96a99:192.168.69.96:44589], old=null, confs=<EMPTY_MAP>
2019-09-11 10:32:42,654 [pool-57-thread-1] INFO  server.RaftServerConfigKeys (ConfUtils.java:logGet(43)) - raft.server.storage.dir = [/workdir/hadoop-ozone/integration-test/target/test-dir/MiniOzoneClusterImpl-62578b9c-93b1-4e23-b83e-ebaf05b7c577/datanode-3/data/ratis] (custom)
2019-09-11 10:32:42,654 [pool-57-thread-1] INFO  storage.RaftStorageDirectory (RaftStorageDirectory.java:analyzeStorage(246)) - The storage directory /workdir/hadoop-ozone/integration-test/target/test-dir/MiniOzoneClusterImpl-62578b9c-93b1-4e23-b83e-ebaf05b7c577/datanode-3/data/ratis/1480865e-5d45-417b-8fa1-4acabc773a71 does not exist. Creating ...
2019-09-11 10:32:42,659 [Thread-291] INFO  impl.FollowerState (FollowerState.java:run(106)) - 36d8287a-f445-472c-84c0-3ac4479cc6b6:group-82C38AE7BA5A changes to CANDIDATE, lastRpcTime:1042, electionTimeout:1042ms
2019-09-11 10:32:42,661 [Thread-291] INFO  impl.RoleInfo (RoleInfo.java:shutdownFollowerState(121)) - 36d8287a-f445-472c-84c0-3ac4479cc6b6: shutdown FollowerState
2019-09-11 10:32:42,662 [Thread-291] INFO  impl.RaftServerImpl (RaftServerImpl.java:setRole(174)) - 36d8287a-f445-472c-84c0-3ac4479cc6b6@group-82C38AE7BA5A: changes role from  FOLLOWER to CANDIDATE at term 0 for changeToCandidate
2019-09-11 10:32:42,662 [Thread-291] INFO  impl.RoleInfo (RoleInfo.java:updateAndGet(143)) - 36d8287a-f445-472c-84c0-3ac4479cc6b6: start LeaderElection
2019-09-11 10:32:42,674 [pool-57-thread-1] INFO  storage.RaftStorageDirectory (RaftStorageDirectory.java:tryLock(328)) - Lock on /workdir/hadoop-ozone/integration-test/target/test-dir/MiniOzoneClusterImpl-62578b9c-93b1-4e23-b83e-ebaf05b7c577/datanode-3/data/ratis/1480865e-5d45-417b-8fa1-4acabc773a71/in_use.lock acquired by nodename 4752@pr-hdds-1982-decom-states-q64lx-3787986432
2019-09-11 10:32:42,691 [36d8287a-f445-472c-84c0-3ac4479cc6b6@group-82C38AE7BA5A:LeaderElection3] INFO  impl.LeaderElection (LeaderElection.java:askForVotes(182)) - 36d8287a-f445-472c-84c0-3ac4479cc6b6@group-82C38AE7BA5A:LeaderElection3: begin an election at term 1 for -1: [36d8287a-f445-472c-84c0-3ac4479cc6b6:192.168.69.96:43141], old=null
2019-09-11 10:32:42,694 [36d8287a-f445-472c-84c0-3ac4479cc6b6@group-82C38AE7BA5A:LeaderElection3] INFO  impl.RoleInfo (RoleInfo.java:shutdownLeaderElection(134)) - 36d8287a-f445-472c-84c0-3ac4479cc6b6: shutdown LeaderElection
2019-09-11 10:32:42,694 [36d8287a-f445-472c-84c0-3ac4479cc6b6@group-82C38AE7BA5A:LeaderElection3] INFO  impl.RaftServerImpl (RaftServerImpl.java:setRole(174)) - 36d8287a-f445-472c-84c0-3ac4479cc6b6@group-82C38AE7BA5A: changes role from CANDIDATE to LEADER at term 1 for changeToLeader
2019-09-11 10:32:42,694 [36d8287a-f445-472c-84c0-3ac4479cc6b6@group-82C38AE7BA5A:LeaderElection3] INFO  impl.RaftServerImpl (ServerState.java:setLeader(253)) - 36d8287a-f445-472c-84c0-3ac4479cc6b6@group-82C38AE7BA5A: change Leader from null to 36d8287a-f445-472c-84c0-3ac4479cc6b6 at term 1 for becomeLeader, leader elected after 1127ms
2019-09-11 10:32:42,695 [36d8287a-f445-472c-84c0-3ac4479cc6b6@group-82C38AE7BA5A:LeaderElection3] INFO  server.RaftServerConfigKeys (ConfUtils.java:logGet(43)) - raft.server.staging.catchup.gap = 1000 (default)
2019-09-11 10:32:42,695 [36d8287a-f445-472c-84c0-3ac4479cc6b6@group-82C38AE7BA5A:LeaderElection3] INFO  server.RaftServerConfigKeys (ConfUtils.java:logGet(43)) - raft.server.rpc.sleep.time = 25ms (default)
2019-09-11 10:32:42,695 [36d8287a-f445-472c-84c0-3ac4479cc6b6@group-82C38AE7BA5A:LeaderElection3] INFO  server.RaftServerConfigKeys (ConfUtils.java:logGet(43)) - raft.server.write.element-limit = 4096 (default)
2019-09-11 10:32:42,695 [36d8287a-f445-472c-84c0-3ac4479cc6b6@group-82C38AE7BA5A:LeaderElection3] INFO  server.RaftServerConfigKeys (ConfUtils.java:logGet(43)) - raft.server.watch.timeout = 10s (default)
2019-09-11 10:32:42,695 [36d8287a-f445-472c-84c0-3ac4479cc6b6@group-82C38AE7BA5A:LeaderElection3] INFO  server.RaftServerConfigKeys (ConfUtils.java:logGet(43)) - raft.server.watch.timeout.denomination = 1s (default)
2019-09-11 10:32:42,695 [36d8287a-f445-472c-84c0-3ac4479cc6b6@group-82C38AE7BA5A:LeaderElection3] INFO  server.RaftServerConfigKeys (ConfUtils.java:logGet(43)) - raft.server.watch.element-limit = 65536 (default)
2019-09-11 10:32:42,698 [36d8287a-f445-472c-84c0-3ac4479cc6b6@group-82C38AE7BA5A:LeaderElection3] INFO  impl.RoleInfo (RoleInfo.java:updateAndGet(143)) - 36d8287a-f445-472c-84c0-3ac4479cc6b6: start LeaderState
2019-09-11 10:32:42,699 [36d8287a-f445-472c-84c0-3ac4479cc6b6@group-82C38AE7BA5A:LeaderElection3] INFO  segmented.SegmentedRaftLogWorker (SegmentedRaftLogWorker.java:startLogSegment(380)) - 36d8287a-f445-472c-84c0-3ac4479cc6b6@group-82C38AE7BA5A-SegmentedRaftLogWorker: Starting segment from index:0
2019-09-11 10:32:42,699 [36d8287a-f445-472c-84c0-3ac4479cc6b6@group-82C38AE7BA5A:LeaderElection3] INFO  impl.RaftServerImpl (ServerState.java:setRaftConf(354)) - 36d8287a-f445-472c-84c0-3ac4479cc6b6@group-82C38AE7BA5A: set configuration 0: [36d8287a-f445-472c-84c0-3ac4479cc6b6:192.168.69.96:43141], old=null at 0
2019-09-11 10:32:42,708 [pool-57-thread-1] INFO  storage.RaftStorage (RaftStorage.java:format(72)) - Storage directory /workdir/hadoop-ozone/integration-test/target/test-dir/MiniOzoneClusterImpl-62578b9c-93b1-4e23-b83e-ebaf05b7c577/datanode-3/data/ratis/1480865e-5d45-417b-8fa1-4acabc773a71 has been successfully formatted.
2019-09-11 10:32:42,709 [pool-57-thread-1] INFO  ratis.ContainerStateMachine (ContainerStateMachine.java:loadSnapshot(230)) - group-4ACABC773A71: The snapshot info is null. Setting the last applied indexto:(t:0, i:~)
2019-09-11 10:32:42,709 [pool-57-thread-1] INFO  server.RaftServerConfigKeys (ConfUtils.java:logGet(43)) - raft.server.notification.no-leader.timeout = 120s (custom)
2019-09-11 10:32:42,709 [pool-57-thread-1] INFO  server.RaftServerConfigKeys (ConfUtils.java:logGet(43)) - raft.server.log.use.memory = false (default)
2019-09-11 10:32:42,709 [pool-57-thread-1] INFO  server.RaftServerConfigKeys (ConfUtils.java:logGet(43)) - raft.server.log.purge.gap = 1000000 (custom)
2019-09-11 10:32:42,709 [pool-57-thread-1] INFO  server.RaftServerConfigKeys (ConfUtils.java:logGet(43)) - raft.server.log.appender.buffer.byte-limit = 33554432 (custom)
2019-09-11 10:32:42,710 [pool-57-thread-1] INFO  server.RaftServerConfigKeys (ConfUtils.java:logGet(43)) - raft.server.log.segment.size.max = 1048576 (custom)
2019-09-11 10:32:42,710 [pool-57-thread-1] INFO  server.RaftServerConfigKeys (ConfUtils.java:logGet(43)) - raft.server.log.segment.cache.num.max = 2 (custom)
2019-09-11 10:32:42,710 [pool-57-thread-1] INFO  segmented.SegmentedRaftLogWorker (SegmentedRaftLogWorker.java:<init>(172)) - new d7731897-8454-4248-86db-3bcd47c96a99@group-4ACABC773A71-SegmentedRaftLogWorker for RaftStorage:Storage Directory /workdir/hadoop-ozone/integration-test/target/test-dir/MiniOzoneClusterImpl-62578b9c-93b1-4e23-b83e-ebaf05b7c577/datanode-3/data/ratis/1480865e-5d45-417b-8fa1-4acabc773a71
2019-09-11 10:32:42,713 [pool-57-thread-1] INFO  server.RaftServerConfigKeys (ConfUtils.java:logGet(43)) - raft.server.log.queue.byte-limit = 2147483647 (custom)
2019-09-11 10:32:42,714 [pool-57-thread-1] INFO  server.RaftServerConfigKeys (ConfUtils.java:logGet(43)) - raft.server.log.queue.element-limit = 1024 (custom)
2019-09-11 10:32:42,714 [pool-57-thread-1] INFO  server.RaftServerConfigKeys (ConfUtils.java:logGet(43)) - raft.server.log.segment.size.max = 1048576 (custom)
2019-09-11 10:32:42,714 [pool-57-thread-1] INFO  server.RaftServerConfigKeys (ConfUtils.java:logGet(43)) - raft.server.log.preallocated.size = 16384 (custom)
2019-09-11 10:32:42,714 [pool-57-thread-1] INFO  server.RaftServerConfigKeys (ConfUtils.java:logGet(43)) - raft.server.log.write.buffer.size = 33554432 (custom)
2019-09-11 10:32:42,715 [pool-57-thread-1] INFO  server.RaftServerConfigKeys (ConfUtils.java:logGet(43)) - raft.server.log.force.sync.num = 128 (default)
2019-09-11 10:32:42,715 [pool-57-thread-1] INFO  server.RaftServerConfigKeys (ConfUtils.java:logGet(43)) - raft.server.log.statemachine.data.sync = true (default)
2019-09-11 10:32:42,715 [pool-57-thread-1] INFO  server.RaftServerConfigKeys (ConfUtils.java:logGet(43)) - raft.server.log.statemachine.data.sync.timeout = 10s (default)
2019-09-11 10:32:42,715 [pool-57-thread-1] INFO  server.RaftServerConfigKeys (ConfUtils.java:logGet(43)) - raft.server.log.statemachine.data.sync.timeout.retry = -1 (default)
2019-09-11 10:32:42,715 [pool-57-thread-1] INFO  server.RaftServerConfigKeys (ConfUtils.java:logGet(43)) - raft.server.log.statemachine.data.caching.enabled = true (custom)
2019-09-11 10:32:42,716 [pool-57-thread-1] INFO  segmented.SegmentedRaftLogWorker (SegmentedRaftLogWorker.java:lambda$new$0(132)) - d7731897-8454-4248-86db-3bcd47c96a99@group-4ACABC773A71-SegmentedRaftLogWorker: flushIndex: setUnconditionally 0 -> -1
2019-09-11 10:32:42,716 [pool-57-thread-1] INFO  server.RaftServerConfigKeys (ConfUtils.java:logGet(43)) - raft.server.snapshot.auto.trigger.enabled = true (custom)
2019-09-11 10:32:42,716 [pool-57-thread-1] INFO  server.RaftServerConfigKeys (ConfUtils.java:logGet(43)) - raft.server.snapshot.auto.trigger.threshold = 10000 (custom)
2019-09-11 10:32:42,717 [pool-57-thread-1] INFO  server.RaftServerConfigKeys (ConfUtils.java:logGet(43)) - raft.server.snapshot.retention.num.files = -1 (default)
2019-09-11 10:32:42,717 [pool-57-thread-1] INFO  server.RaftServerConfigKeys (ConfUtils.java:logGet(43)) - raft.server.retrycache.expirytime = 600000ms (custom)
2019-09-11 10:32:42,723 [pool-57-thread-1] INFO  impl.RaftServerImpl (RaftServerImpl.java:start(185)) - d7731897-8454-4248-86db-3bcd47c96a99@group-4ACABC773A71: start as a follower, conf=-1: [d7731897-8454-4248-86db-3bcd47c96a99:192.168.69.96:44589], old=null
2019-09-11 10:32:42,723 [pool-57-thread-1] INFO  impl.RaftServerImpl (RaftServerImpl.java:setRole(174)) - d7731897-8454-4248-86db-3bcd47c96a99@group-4ACABC773A71: changes role from      null to FOLLOWER at term 0 for startAsFollower
2019-09-11 10:32:42,723 [pool-57-thread-1] INFO  impl.RoleInfo (RoleInfo.java:updateAndGet(143)) - d7731897-8454-4248-86db-3bcd47c96a99: start FollowerState
2019-09-11 10:32:42,724 [pool-57-thread-1] INFO  util.JmxRegister (JmxRegister.java:tryRegister(44)) - Successfully registered JMX Bean with object name Ratis:service=RaftServer,group=group-4ACABC773A71,id=d7731897-8454-4248-86db-3bcd47c96a99
2019-09-11 10:32:42,739 [RatisPipelineUtilsThread] INFO  pipeline.PipelineStateManager (PipelineStateManager.java:addPipeline(56)) - Created pipeline Pipeline[ Id: 1480865e-5d45-417b-8fa1-4acabc773a71, Nodes: d7731897-8454-4248-86db-3bcd47c96a99{ip: 192.168.69.96, host: pr-hdds-1982-decom-states-q64lx-3787986432, networkLocation: /default-rack, certSerialId: null}, Type:RATIS, Factor:ONE, State:OPEN]
2019-09-11 10:32:42,793 [grpc-default-executor-1] INFO  impl.RaftServerProxy (RaftServerProxy.java:addNew(89)) - 36d8287a-f445-472c-84c0-3ac4479cc6b6: addNew group-8BAF5038FCF7:[057fef34-657c-4281-ab7d-192648031ede:192.168.69.96:35772, 0ef303e2-5bf5-4b6c-9a73-acca672dcd1f:192.168.69.96:44333, 36d8287a-f445-472c-84c0-3ac4479cc6b6:192.168.69.96:43141] returns group-8BAF5038FCF7:java.util.concurrent.CompletableFuture@13306bbb[Not completed]
2019-09-11 10:32:42,799 [grpc-default-executor-0] INFO  impl.RaftServerProxy (RaftServerProxy.java:addNew(89)) - 057fef34-657c-4281-ab7d-192648031ede: addNew group-8BAF5038FCF7:[057fef34-657c-4281-ab7d-192648031ede:192.168.69.96:35772, 0ef303e2-5bf5-4b6c-9a73-acca672dcd1f:192.168.69.96:44333, 36d8287a-f445-472c-84c0-3ac4479cc6b6:192.168.69.96:43141] returns group-8BAF5038FCF7:java.util.concurrent.CompletableFuture@63069642[Not completed]
2019-09-11 10:32:42,799 [grpc-default-executor-2] INFO  impl.RaftServerProxy (RaftServerProxy.java:addNew(89)) - 0ef303e2-5bf5-4b6c-9a73-acca672dcd1f: addNew group-8BAF5038FCF7:[057fef34-657c-4281-ab7d-192648031ede:192.168.69.96:35772, 0ef303e2-5bf5-4b6c-9a73-acca672dcd1f:192.168.69.96:44333, 36d8287a-f445-472c-84c0-3ac4479cc6b6:192.168.69.96:43141] returns group-8BAF5038FCF7:java.util.concurrent.CompletableFuture@7ee850de[Not completed]
2019-09-11 10:32:42,805 [pool-37-thread-1] INFO  impl.RaftServerImpl (RaftServerImpl.java:<init>(95)) - 36d8287a-f445-472c-84c0-3ac4479cc6b6: new RaftServerImpl for group-8BAF5038FCF7:[057fef34-657c-4281-ab7d-192648031ede:192.168.69.96:35772, 0ef303e2-5bf5-4b6c-9a73-acca672dcd1f:192.168.69.96:44333, 36d8287a-f445-472c-84c0-3ac4479cc6b6:192.168.69.96:43141] with ContainerStateMachine:uninitialized
2019-09-11 10:32:42,806 [pool-37-thread-1] INFO  server.RaftServerConfigKeys (ConfUtils.java:logGet(43)) - raft.server.rpc.timeout.min = 1s (custom)
2019-09-11 10:32:42,806 [pool-37-thread-1] INFO  server.RaftServerConfigKeys (ConfUtils.java:logGet(43)) - raft.server.rpc.timeout.max = 1200ms (custom)
2019-09-11 10:32:42,806 [pool-37-thread-1] INFO  server.RaftServerConfigKeys (ConfUtils.java:logGet(43)) - raft.server.rpcslowness.timeout = 120s (custom)
2019-09-11 10:32:42,806 [pool-37-thread-1] INFO  server.RaftServerConfigKeys (ConfUtils.java:logGet(43)) - raft.server.sleep.deviation.threshold = 300 (default)
2019-09-11 10:32:42,806 [pool-37-thread-1] INFO  server.RaftServerConfigKeys (ConfUtils.java:logGet(43)) - raft.server.log.appender.install.snapshot.enabled = false (custom)
2019-09-11 10:32:42,807 [pool-37-thread-1] INFO  impl.RaftServerImpl (ServerState.java:<init>(103)) - 36d8287a-f445-472c-84c0-3ac4479cc6b6@group-8BAF5038FCF7: ConfigurationManager, init=-1: [057fef34-657c-4281-ab7d-192648031ede:192.168.69.96:35772, 0ef303e2-5bf5-4b6c-9a73-acca672dcd1f:192.168.69.96:44333, 36d8287a-f445-472c-84c0-3ac4479cc6b6:192.168.69.96:43141], old=null, confs=<EMPTY_MAP>
2019-09-11 10:32:42,807 [pool-37-thread-1] INFO  server.RaftServerConfigKeys (ConfUtils.java:logGet(43)) - raft.server.storage.dir = [/workdir/hadoop-ozone/integration-test/target/test-dir/MiniOzoneClusterImpl-62578b9c-93b1-4e23-b83e-ebaf05b7c577/datanode-1/data/ratis] (custom)
2019-09-11 10:32:42,807 [pool-27-thread-1] INFO  impl.RaftServerImpl (RaftServerImpl.java:<init>(95)) - 057fef34-657c-4281-ab7d-192648031ede: new RaftServerImpl for group-8BAF5038FCF7:[057fef34-657c-4281-ab7d-192648031ede:192.168.69.96:35772, 0ef303e2-5bf5-4b6c-9a73-acca672dcd1f:192.168.69.96:44333, 36d8287a-f445-472c-84c0-3ac4479cc6b6:192.168.69.96:43141] with ContainerStateMachine:uninitialized
2019-09-11 10:32:42,807 [pool-27-thread-1] INFO  server.RaftServerConfigKeys (ConfUtils.java:logGet(43)) - raft.server.rpc.timeout.min = 1s (custom)
2019-09-11 10:32:42,808 [pool-27-thread-1] INFO  server.RaftServerConfigKeys (ConfUtils.java:logGet(43)) - raft.server.rpc.timeout.max = 1200ms (custom)
2019-09-11 10:32:42,808 [pool-37-thread-1] INFO  storage.RaftStorageDirectory (RaftStorageDirectory.java:analyzeStorage(246)) - The storage directory /workdir/hadoop-ozone/integration-test/target/test-dir/MiniOzoneClusterImpl-62578b9c-93b1-4e23-b83e-ebaf05b7c577/datanode-1/data/ratis/1de8d17f-9482-4cd5-af13-8baf5038fcf7 does not exist. Creating ...
2019-09-11 10:32:42,808 [pool-27-thread-1] INFO  server.RaftServerConfigKeys (ConfUtils.java:logGet(43)) - raft.server.rpcslowness.timeout = 120s (custom)
2019-09-11 10:32:42,808 [pool-27-thread-1] INFO  server.RaftServerConfigKeys (ConfUtils.java:logGet(43)) - raft.server.sleep.deviation.threshold = 300 (default)
2019-09-11 10:32:42,808 [pool-27-thread-1] INFO  server.RaftServerConfigKeys (ConfUtils.java:logGet(43)) - raft.server.log.appender.install.snapshot.enabled = false (custom)
2019-09-11 10:32:42,809 [pool-27-thread-1] INFO  impl.RaftServerImpl (ServerState.java:<init>(103)) - 057fef34-657c-4281-ab7d-192648031ede@group-8BAF5038FCF7: ConfigurationManager, init=-1: [057fef34-657c-4281-ab7d-192648031ede:192.168.69.96:35772, 0ef303e2-5bf5-4b6c-9a73-acca672dcd1f:192.168.69.96:44333, 36d8287a-f445-472c-84c0-3ac4479cc6b6:192.168.69.96:43141], old=null, confs=<EMPTY_MAP>
2019-09-11 10:32:42,809 [pool-27-thread-1] INFO  server.RaftServerConfigKeys (ConfUtils.java:logGet(43)) - raft.server.storage.dir = [/workdir/hadoop-ozone/integration-test/target/test-dir/MiniOzoneClusterImpl-62578b9c-93b1-4e23-b83e-ebaf05b7c577/datanode-0/data/ratis] (custom)
2019-09-11 10:32:42,809 [pool-77-thread-1] INFO  impl.RaftServerImpl (RaftServerImpl.java:<init>(95)) - 0ef303e2-5bf5-4b6c-9a73-acca672dcd1f: new RaftServerImpl for group-8BAF5038FCF7:[057fef34-657c-4281-ab7d-192648031ede:192.168.69.96:35772, 0ef303e2-5bf5-4b6c-9a73-acca672dcd1f:192.168.69.96:44333, 36d8287a-f445-472c-84c0-3ac4479cc6b6:192.168.69.96:43141] with ContainerStateMachine:uninitialized
2019-09-11 10:32:42,809 [pool-27-thread-1] INFO  storage.RaftStorageDirectory (RaftStorageDirectory.java:analyzeStorage(246)) - The storage directory /workdir/hadoop-ozone/integration-test/target/test-dir/MiniOzoneClusterImpl-62578b9c-93b1-4e23-b83e-ebaf05b7c577/datanode-0/data/ratis/1de8d17f-9482-4cd5-af13-8baf5038fcf7 does not exist. Creating ...
2019-09-11 10:32:42,809 [pool-77-thread-1] INFO  server.RaftServerConfigKeys (ConfUtils.java:logGet(43)) - raft.server.rpc.timeout.min = 1s (custom)
2019-09-11 10:32:42,810 [pool-77-thread-1] INFO  server.RaftServerConfigKeys (ConfUtils.java:logGet(43)) - raft.server.rpc.timeout.max = 1200ms (custom)
2019-09-11 10:32:42,810 [pool-77-thread-1] INFO  server.RaftServerConfigKeys (ConfUtils.java:logGet(43)) - raft.server.rpcslowness.timeout = 120s (custom)
2019-09-11 10:32:42,810 [pool-77-thread-1] INFO  server.RaftServerConfigKeys (ConfUtils.java:logGet(43)) - raft.server.sleep.deviation.threshold = 300 (default)
2019-09-11 10:32:42,810 [pool-77-thread-1] INFO  server.RaftServerConfigKeys (ConfUtils.java:logGet(43)) - raft.server.log.appender.install.snapshot.enabled = false (custom)
2019-09-11 10:32:42,810 [pool-77-thread-1] INFO  impl.RaftServerImpl (ServerState.java:<init>(103)) - 0ef303e2-5bf5-4b6c-9a73-acca672dcd1f@group-8BAF5038FCF7: ConfigurationManager, init=-1: [057fef34-657c-4281-ab7d-192648031ede:192.168.69.96:35772, 0ef303e2-5bf5-4b6c-9a73-acca672dcd1f:192.168.69.96:44333, 36d8287a-f445-472c-84c0-3ac4479cc6b6:192.168.69.96:43141], old=null, confs=<EMPTY_MAP>
2019-09-11 10:32:42,811 [pool-77-thread-1] INFO  server.RaftServerConfigKeys (ConfUtils.java:logGet(43)) - raft.server.storage.dir = [/workdir/hadoop-ozone/integration-test/target/test-dir/MiniOzoneClusterImpl-62578b9c-93b1-4e23-b83e-ebaf05b7c577/datanode-5/data/ratis] (custom)
2019-09-11 10:32:42,811 [pool-77-thread-1] INFO  storage.RaftStorageDirectory (RaftStorageDirectory.java:analyzeStorage(246)) - The storage directory /workdir/hadoop-ozone/integration-test/target/test-dir/MiniOzoneClusterImpl-62578b9c-93b1-4e23-b83e-ebaf05b7c577/datanode-5/data/ratis/1de8d17f-9482-4cd5-af13-8baf5038fcf7 does not exist. Creating ...
2019-09-11 10:32:42,812 [main] INFO  rpc.RpcClient (RpcClient.java:createVolume(298)) - Creating Volume: datanodefailurehandlingtest, with jenkins1000 as owner.
2019-09-11 10:32:42,851 [pool-37-thread-1] INFO  storage.RaftStorageDirectory (RaftStorageDirectory.java:tryLock(328)) - Lock on /workdir/hadoop-ozone/integration-test/target/test-dir/MiniOzoneClusterImpl-62578b9c-93b1-4e23-b83e-ebaf05b7c577/datanode-1/data/ratis/1de8d17f-9482-4cd5-af13-8baf5038fcf7/in_use.lock acquired by nodename 4752@pr-hdds-1982-decom-states-q64lx-3787986432
2019-09-11 10:32:42,851 [pool-77-thread-1] INFO  storage.RaftStorageDirectory (RaftStorageDirectory.java:tryLock(328)) - Lock on /workdir/hadoop-ozone/integration-test/target/test-dir/MiniOzoneClusterImpl-62578b9c-93b1-4e23-b83e-ebaf05b7c577/datanode-5/data/ratis/1de8d17f-9482-4cd5-af13-8baf5038fcf7/in_use.lock acquired by nodename 4752@pr-hdds-1982-decom-states-q64lx-3787986432
2019-09-11 10:32:42,851 [pool-27-thread-1] INFO  storage.RaftStorageDirectory (RaftStorageDirectory.java:tryLock(328)) - Lock on /workdir/hadoop-ozone/integration-test/target/test-dir/MiniOzoneClusterImpl-62578b9c-93b1-4e23-b83e-ebaf05b7c577/datanode-0/data/ratis/1de8d17f-9482-4cd5-af13-8baf5038fcf7/in_use.lock acquired by nodename 4752@pr-hdds-1982-decom-states-q64lx-3787986432
2019-09-11 10:32:42,877 [pool-37-thread-1] INFO  storage.RaftStorage (RaftStorage.java:format(72)) - Storage directory /workdir/hadoop-ozone/integration-test/target/test-dir/MiniOzoneClusterImpl-62578b9c-93b1-4e23-b83e-ebaf05b7c577/datanode-1/data/ratis/1de8d17f-9482-4cd5-af13-8baf5038fcf7 has been successfully formatted.
2019-09-11 10:32:42,877 [pool-27-thread-1] INFO  storage.RaftStorage (RaftStorage.java:format(72)) - Storage directory /workdir/hadoop-ozone/integration-test/target/test-dir/MiniOzoneClusterImpl-62578b9c-93b1-4e23-b83e-ebaf05b7c577/datanode-0/data/ratis/1de8d17f-9482-4cd5-af13-8baf5038fcf7 has been successfully formatted.
2019-09-11 10:32:42,877 [pool-37-thread-1] INFO  ratis.ContainerStateMachine (ContainerStateMachine.java:loadSnapshot(230)) - group-8BAF5038FCF7: The snapshot info is null. Setting the last applied indexto:(t:0, i:~)
2019-09-11 10:32:42,877 [0ef303e2-5bf5-4b6c-9a73-acca672dcd1f@group-C4F115257A75-SegmentedRaftLogWorker] INFO  segmented.SegmentedRaftLogWorker (SegmentedRaftLogWorker.java:execute(569)) - 0ef303e2-5bf5-4b6c-9a73-acca672dcd1f@group-C4F115257A75-SegmentedRaftLogWorker: created new log segment /workdir/hadoop-ozone/integration-test/target/test-dir/MiniOzoneClusterImpl-62578b9c-93b1-4e23-b83e-ebaf05b7c577/datanode-5/data/ratis/d2a72f9b-30de-4b68-afa7-c4f115257a75/current/log_inprogress_0
2019-09-11 10:32:42,877 [36d8287a-f445-472c-84c0-3ac4479cc6b6@group-82C38AE7BA5A-SegmentedRaftLogWorker] INFO  segmented.SegmentedRaftLogWorker (SegmentedRaftLogWorker.java:execute(569)) - 36d8287a-f445-472c-84c0-3ac4479cc6b6@group-82C38AE7BA5A-SegmentedRaftLogWorker: created new log segment /workdir/hadoop-ozone/integration-test/target/test-dir/MiniOzoneClusterImpl-62578b9c-93b1-4e23-b83e-ebaf05b7c577/datanode-1/data/ratis/e9593580-8d9c-4061-8a2e-82c38ae7ba5a/current/log_inprogress_0
2019-09-11 10:32:42,877 [057fef34-657c-4281-ab7d-192648031ede@group-25CF19187149-SegmentedRaftLogWorker] INFO  segmented.SegmentedRaftLogWorker (SegmentedRaftLogWorker.java:execute(569)) - 057fef34-657c-4281-ab7d-192648031ede@group-25CF19187149-SegmentedRaftLogWorker: created new log segment /workdir/hadoop-ozone/integration-test/target/test-dir/MiniOzoneClusterImpl-62578b9c-93b1-4e23-b83e-ebaf05b7c577/datanode-0/data/ratis/d94a53c9-1173-4420-b8ad-25cf19187149/current/log_inprogress_0
2019-09-11 10:32:42,877 [pool-77-thread-1] INFO  storage.RaftStorage (RaftStorage.java:format(72)) - Storage directory /workdir/hadoop-ozone/integration-test/target/test-dir/MiniOzoneClusterImpl-62578b9c-93b1-4e23-b83e-ebaf05b7c577/datanode-5/data/ratis/1de8d17f-9482-4cd5-af13-8baf5038fcf7 has been successfully formatted.
2019-09-11 10:32:42,878 [pool-37-thread-1] INFO  server.RaftServerConfigKeys (ConfUtils.java:logGet(43)) - raft.server.notification.no-leader.timeout = 120s (custom)
2019-09-11 10:32:42,878 [pool-27-thread-1] INFO  ratis.ContainerStateMachine (ContainerStateMachine.java:loadSnapshot(230)) - group-8BAF5038FCF7: The snapshot info is null. Setting the last applied indexto:(t:0, i:~)
2019-09-11 10:32:42,878 [pool-77-thread-1] INFO  ratis.ContainerStateMachine (ContainerStateMachine.java:loadSnapshot(230)) - group-8BAF5038FCF7: The snapshot info is null. Setting the last applied indexto:(t:0, i:~)
2019-09-11 10:32:42,878 [pool-37-thread-1] INFO  server.RaftServerConfigKeys (ConfUtils.java:logGet(43)) - raft.server.log.use.memory = false (default)
2019-09-11 10:32:42,879 [pool-77-thread-1] INFO  server.RaftServerConfigKeys (ConfUtils.java:logGet(43)) - raft.server.notification.no-leader.timeout = 120s (custom)
2019-09-11 10:32:42,879 [pool-27-thread-1] INFO  server.RaftServerConfigKeys (ConfUtils.java:logGet(43)) - raft.server.notification.no-leader.timeout = 120s (custom)
2019-09-11 10:32:42,879 [pool-77-thread-1] INFO  server.RaftServerConfigKeys (ConfUtils.java:logGet(43)) - raft.server.log.use.memory = false (default)
2019-09-11 10:32:42,879 [pool-37-thread-1] INFO  server.RaftServerConfigKeys (ConfUtils.java:logGet(43)) - raft.server.log.purge.gap = 1000000 (custom)
2019-09-11 10:32:42,879 [pool-77-thread-1] INFO  server.RaftServerConfigKeys (ConfUtils.java:logGet(43)) - raft.server.log.purge.gap = 1000000 (custom)
2019-09-11 10:32:42,879 [pool-27-thread-1] INFO  server.RaftServerConfigKeys (ConfUtils.java:logGet(43)) - raft.server.log.use.memory = false (default)
2019-09-11 10:32:42,880 [pool-77-thread-1] INFO  server.RaftServerConfigKeys (ConfUtils.java:logGet(43)) - raft.server.log.appender.buffer.byte-limit = 33554432 (custom)
2019-09-11 10:32:42,879 [pool-37-thread-1] INFO  server.RaftServerConfigKeys (ConfUtils.java:logGet(43)) - raft.server.log.appender.buffer.byte-limit = 33554432 (custom)
2019-09-11 10:32:42,883 [pool-77-thread-1] INFO  server.RaftServerConfigKeys (ConfUtils.java:logGet(43)) - raft.server.log.segment.size.max = 1048576 (custom)
2019-09-11 10:32:42,880 [pool-27-thread-1] INFO  server.RaftServerConfigKeys (ConfUtils.java:logGet(43)) - raft.server.log.purge.gap = 1000000 (custom)
2019-09-11 10:32:42,883 [pool-77-thread-1] INFO  server.RaftServerConfigKeys (ConfUtils.java:logGet(43)) - raft.server.log.segment.cache.num.max = 2 (custom)
2019-09-11 10:32:42,883 [pool-37-thread-1] INFO  server.RaftServerConfigKeys (ConfUtils.java:logGet(43)) - raft.server.log.segment.size.max = 1048576 (custom)
2019-09-11 10:32:42,883 [pool-77-thread-1] INFO  segmented.SegmentedRaftLogWorker (SegmentedRaftLogWorker.java:<init>(172)) - new 0ef303e2-5bf5-4b6c-9a73-acca672dcd1f@group-8BAF5038FCF7-SegmentedRaftLogWorker for RaftStorage:Storage Directory /workdir/hadoop-ozone/integration-test/target/test-dir/MiniOzoneClusterImpl-62578b9c-93b1-4e23-b83e-ebaf05b7c577/datanode-5/data/ratis/1de8d17f-9482-4cd5-af13-8baf5038fcf7
2019-09-11 10:32:42,883 [pool-27-thread-1] INFO  server.RaftServerConfigKeys (ConfUtils.java:logGet(43)) - raft.server.log.appender.buffer.byte-limit = 33554432 (custom)
2019-09-11 10:32:42,884 [pool-77-thread-1] INFO  server.RaftServerConfigKeys (ConfUtils.java:logGet(43)) - raft.server.log.queue.byte-limit = 2147483647 (custom)
2019-09-11 10:32:42,883 [pool-37-thread-1] INFO  server.RaftServerConfigKeys (ConfUtils.java:logGet(43)) - raft.server.log.segment.cache.num.max = 2 (custom)
2019-09-11 10:32:42,884 [pool-77-thread-1] INFO  server.RaftServerConfigKeys (ConfUtils.java:logGet(43)) - raft.server.log.queue.element-limit = 1024 (custom)
2019-09-11 10:32:42,884 [pool-27-thread-1] INFO  server.RaftServerConfigKeys (ConfUtils.java:logGet(43)) - raft.server.log.segment.size.max = 1048576 (custom)
2019-09-11 10:32:42,884 [pool-77-thread-1] INFO  server.RaftServerConfigKeys (ConfUtils.java:logGet(43)) - raft.server.log.segment.size.max = 1048576 (custom)
2019-09-11 10:32:42,884 [pool-37-thread-1] INFO  segmented.SegmentedRaftLogWorker (SegmentedRaftLogWorker.java:<init>(172)) - new 36d8287a-f445-472c-84c0-3ac4479cc6b6@group-8BAF5038FCF7-SegmentedRaftLogWorker for RaftStorage:Storage Directory /workdir/hadoop-ozone/integration-test/target/test-dir/MiniOzoneClusterImpl-62578b9c-93b1-4e23-b83e-ebaf05b7c577/datanode-1/data/ratis/1de8d17f-9482-4cd5-af13-8baf5038fcf7
2019-09-11 10:32:42,884 [pool-77-thread-1] INFO  server.RaftServerConfigKeys (ConfUtils.java:logGet(43)) - raft.server.log.preallocated.size = 16384 (custom)
2019-09-11 10:32:42,884 [pool-27-thread-1] INFO  server.RaftServerConfigKeys (ConfUtils.java:logGet(43)) - raft.server.log.segment.cache.num.max = 2 (custom)
2019-09-11 10:32:42,885 [pool-77-thread-1] INFO  server.RaftServerConfigKeys (ConfUtils.java:logGet(43)) - raft.server.log.write.buffer.size = 33554432 (custom)
2019-09-11 10:32:42,885 [pool-37-thread-1] INFO  server.RaftServerConfigKeys (ConfUtils.java:logGet(43)) - raft.server.log.queue.byte-limit = 2147483647 (custom)
2019-09-11 10:32:42,885 [pool-77-thread-1] INFO  server.RaftServerConfigKeys (ConfUtils.java:logGet(43)) - raft.server.log.force.sync.num = 128 (default)
2019-09-11 10:32:42,885 [pool-27-thread-1] INFO  segmented.SegmentedRaftLogWorker (SegmentedRaftLogWorker.java:<init>(172)) - new 057fef34-657c-4281-ab7d-192648031ede@group-8BAF5038FCF7-SegmentedRaftLogWorker for RaftStorage:Storage Directory /workdir/hadoop-ozone/integration-test/target/test-dir/MiniOzoneClusterImpl-62578b9c-93b1-4e23-b83e-ebaf05b7c577/datanode-0/data/ratis/1de8d17f-9482-4cd5-af13-8baf5038fcf7
2019-09-11 10:32:42,885 [pool-77-thread-1] INFO  server.RaftServerConfigKeys (ConfUtils.java:logGet(43)) - raft.server.log.statemachine.data.sync = true (default)
2019-09-11 10:32:42,885 [pool-37-thread-1] INFO  server.RaftServerConfigKeys (ConfUtils.java:logGet(43)) - raft.server.log.queue.element-limit = 1024 (custom)
2019-09-11 10:32:42,886 [pool-77-thread-1] INFO  server.RaftServerConfigKeys (ConfUtils.java:logGet(43)) - raft.server.log.statemachine.data.sync.timeout = 10s (default)
2019-09-11 10:32:42,886 [pool-27-thread-1] INFO  server.RaftServerConfigKeys (ConfUtils.java:logGet(43)) - raft.server.log.queue.byte-limit = 2147483647 (custom)
2019-09-11 10:32:42,886 [pool-77-thread-1] INFO  server.RaftServerConfigKeys (ConfUtils.java:logGet(43)) - raft.server.log.statemachine.data.sync.timeout.retry = -1 (default)
2019-09-11 10:32:42,886 [pool-37-thread-1] INFO  server.RaftServerConfigKeys (ConfUtils.java:logGet(43)) - raft.server.log.segment.size.max = 1048576 (custom)
2019-09-11 10:32:42,886 [pool-27-thread-1] INFO  server.RaftServerConfigKeys (ConfUtils.java:logGet(43)) - raft.server.log.queue.element-limit = 1024 (custom)
2019-09-11 10:32:42,886 [pool-37-thread-1] INFO  server.RaftServerConfigKeys (ConfUtils.java:logGet(43)) - raft.server.log.preallocated.size = 16384 (custom)
2019-09-11 10:32:42,886 [pool-77-thread-1] INFO  server.RaftServerConfigKeys (ConfUtils.java:logGet(43)) - raft.server.log.statemachine.data.caching.enabled = true (custom)
2019-09-11 10:32:42,887 [pool-37-thread-1] INFO  server.RaftServerConfigKeys (ConfUtils.java:logGet(43)) - raft.server.log.write.buffer.size = 33554432 (custom)
2019-09-11 10:32:42,887 [pool-27-thread-1] INFO  server.RaftServerConfigKeys (ConfUtils.java:logGet(43)) - raft.server.log.segment.size.max = 1048576 (custom)
2019-09-11 10:32:42,887 [pool-37-thread-1] INFO  server.RaftServerConfigKeys (ConfUtils.java:logGet(43)) - raft.server.log.force.sync.num = 128 (default)
2019-09-11 10:32:42,887 [pool-77-thread-1] INFO  segmented.SegmentedRaftLogWorker (SegmentedRaftLogWorker.java:lambda$new$0(132)) - 0ef303e2-5bf5-4b6c-9a73-acca672dcd1f@group-8BAF5038FCF7-SegmentedRaftLogWorker: flushIndex: setUnconditionally 0 -> -1
2019-09-11 10:32:42,887 [pool-27-thread-1] INFO  server.RaftServerConfigKeys (ConfUtils.java:logGet(43)) - raft.server.log.preallocated.size = 16384 (custom)
2019-09-11 10:32:42,887 [pool-37-thread-1] INFO  server.RaftServerConfigKeys (ConfUtils.java:logGet(43)) - raft.server.log.statemachine.data.sync = true (default)
2019-09-11 10:32:42,887 [pool-27-thread-1] INFO  server.RaftServerConfigKeys (ConfUtils.java:logGet(43)) - raft.server.log.write.buffer.size = 33554432 (custom)
2019-09-11 10:32:42,888 [pool-37-thread-1] INFO  server.RaftServerConfigKeys (ConfUtils.java:logGet(43)) - raft.server.log.statemachine.data.sync.timeout = 10s (default)
2019-09-11 10:32:42,888 [pool-77-thread-1] INFO  server.RaftServerConfigKeys (ConfUtils.java:logGet(43)) - raft.server.snapshot.auto.trigger.enabled = true (custom)
2019-09-11 10:32:42,888 [pool-37-thread-1] INFO  server.RaftServerConfigKeys (ConfUtils.java:logGet(43)) - raft.server.log.statemachine.data.sync.timeout.retry = -1 (default)
2019-09-11 10:32:42,888 [pool-27-thread-1] INFO  server.RaftServerConfigKeys (ConfUtils.java:logGet(43)) - raft.server.log.force.sync.num = 128 (default)
2019-09-11 10:32:42,888 [pool-77-thread-1] INFO  server.RaftServerConfigKeys (ConfUtils.java:logGet(43)) - raft.server.snapshot.auto.trigger.threshold = 10000 (custom)
2019-09-11 10:32:42,888 [pool-27-thread-1] INFO  server.RaftServerConfigKeys (ConfUtils.java:logGet(43)) - raft.server.log.statemachine.data.sync = true (default)
2019-09-11 10:32:42,888 [pool-37-thread-1] INFO  server.RaftServerConfigKeys (ConfUtils.java:logGet(43)) - raft.server.log.statemachine.data.caching.enabled = true (custom)
2019-09-11 10:32:42,889 [pool-27-thread-1] INFO  server.RaftServerConfigKeys (ConfUtils.java:logGet(43)) - raft.server.log.statemachine.data.sync.timeout = 10s (default)
2019-09-11 10:32:42,889 [pool-37-thread-1] INFO  segmented.SegmentedRaftLogWorker (SegmentedRaftLogWorker.java:lambda$new$0(132)) - 36d8287a-f445-472c-84c0-3ac4479cc6b6@group-8BAF5038FCF7-SegmentedRaftLogWorker: flushIndex: setUnconditionally 0 -> -1
2019-09-11 10:32:42,888 [pool-77-thread-1] INFO  server.RaftServerConfigKeys (ConfUtils.java:logGet(43)) - raft.server.snapshot.retention.num.files = -1 (default)
2019-09-11 10:32:42,889 [pool-27-thread-1] INFO  server.RaftServerConfigKeys (ConfUtils.java:logGet(43)) - raft.server.log.statemachine.data.sync.timeout.retry = -1 (default)
2019-09-11 10:32:42,889 [pool-77-thread-1] INFO  server.RaftServerConfigKeys (ConfUtils.java:logGet(43)) - raft.server.retrycache.expirytime = 600000ms (custom)
2019-09-11 10:32:42,889 [pool-37-thread-1] INFO  server.RaftServerConfigKeys (ConfUtils.java:logGet(43)) - raft.server.snapshot.auto.trigger.enabled = true (custom)
2019-09-11 10:32:42,889 [pool-27-thread-1] INFO  server.RaftServerConfigKeys (ConfUtils.java:logGet(43)) - raft.server.log.statemachine.data.caching.enabled = true (custom)
2019-09-11 10:32:42,890 [pool-37-thread-1] INFO  server.RaftServerConfigKeys (ConfUtils.java:logGet(43)) - raft.server.snapshot.auto.trigger.threshold = 10000 (custom)
2019-09-11 10:32:42,890 [pool-37-thread-1] INFO  server.RaftServerConfigKeys (ConfUtils.java:logGet(43)) - raft.server.snapshot.retention.num.files = -1 (default)
2019-09-11 10:32:42,890 [pool-27-thread-1] INFO  segmented.SegmentedRaftLogWorker (SegmentedRaftLogWorker.java:lambda$new$0(132)) - 057fef34-657c-4281-ab7d-192648031ede@group-8BAF5038FCF7-SegmentedRaftLogWorker: flushIndex: setUnconditionally 0 -> -1
2019-09-11 10:32:42,890 [pool-37-thread-1] INFO  server.RaftServerConfigKeys (ConfUtils.java:logGet(43)) - raft.server.retrycache.expirytime = 600000ms (custom)
2019-09-11 10:32:42,890 [pool-27-thread-1] INFO  server.RaftServerConfigKeys (ConfUtils.java:logGet(43)) - raft.server.snapshot.auto.trigger.enabled = true (custom)
2019-09-11 10:32:42,891 [pool-27-thread-1] INFO  server.RaftServerConfigKeys (ConfUtils.java:logGet(43)) - raft.server.snapshot.auto.trigger.threshold = 10000 (custom)
2019-09-11 10:32:42,891 [pool-27-thread-1] INFO  server.RaftServerConfigKeys (ConfUtils.java:logGet(43)) - raft.server.snapshot.retention.num.files = -1 (default)
2019-09-11 10:32:42,891 [Thread-294] INFO  impl.FollowerState (FollowerState.java:run(106)) - 84160365-33de-4d43-a4b9-c2ba02cae000:group-31EA82492D69 changes to CANDIDATE, lastRpcTime:1147, electionTimeout:1147ms
2019-09-11 10:32:42,891 [pool-27-thread-1] INFO  server.RaftServerConfigKeys (ConfUtils.java:logGet(43)) - raft.server.retrycache.expirytime = 600000ms (custom)
2019-09-11 10:32:42,892 [Thread-294] INFO  impl.RoleInfo (RoleInfo.java:shutdownFollowerState(121)) - 84160365-33de-4d43-a4b9-c2ba02cae000: shutdown FollowerState
2019-09-11 10:32:42,894 [Thread-294] INFO  impl.RaftServerImpl (RaftServerImpl.java:setRole(174)) - 84160365-33de-4d43-a4b9-c2ba02cae000@group-31EA82492D69: changes role from  FOLLOWER to CANDIDATE at term 0 for changeToCandidate
2019-09-11 10:32:42,894 [Thread-294] INFO  impl.RoleInfo (RoleInfo.java:updateAndGet(143)) - 84160365-33de-4d43-a4b9-c2ba02cae000: start LeaderElection
2019-09-11 10:32:42,906 [pool-77-thread-1] INFO  impl.RaftServerImpl (RaftServerImpl.java:start(185)) - 0ef303e2-5bf5-4b6c-9a73-acca672dcd1f@group-8BAF5038FCF7: start as a follower, conf=-1: [057fef34-657c-4281-ab7d-192648031ede:192.168.69.96:35772, 0ef303e2-5bf5-4b6c-9a73-acca672dcd1f:192.168.69.96:44333, 36d8287a-f445-472c-84c0-3ac4479cc6b6:192.168.69.96:43141], old=null
2019-09-11 10:32:42,906 [pool-37-thread-1] INFO  impl.RaftServerImpl (RaftServerImpl.java:start(185)) - 36d8287a-f445-472c-84c0-3ac4479cc6b6@group-8BAF5038FCF7: start as a follower, conf=-1: [057fef34-657c-4281-ab7d-192648031ede:192.168.69.96:35772, 0ef303e2-5bf5-4b6c-9a73-acca672dcd1f:192.168.69.96:44333, 36d8287a-f445-472c-84c0-3ac4479cc6b6:192.168.69.96:43141], old=null
2019-09-11 10:32:42,907 [pool-77-thread-1] INFO  impl.RaftServerImpl (RaftServerImpl.java:setRole(174)) - 0ef303e2-5bf5-4b6c-9a73-acca672dcd1f@group-8BAF5038FCF7: changes role from      null to FOLLOWER at term 0 for startAsFollower
2019-09-11 10:32:42,907 [pool-37-thread-1] INFO  impl.RaftServerImpl (RaftServerImpl.java:setRole(174)) - 36d8287a-f445-472c-84c0-3ac4479cc6b6@group-8BAF5038FCF7: changes role from      null to FOLLOWER at term 0 for startAsFollower
2019-09-11 10:32:42,907 [pool-27-thread-1] INFO  impl.RaftServerImpl (RaftServerImpl.java:start(185)) - 057fef34-657c-4281-ab7d-192648031ede@group-8BAF5038FCF7: start as a follower, conf=-1: [057fef34-657c-4281-ab7d-192648031ede:192.168.69.96:35772, 0ef303e2-5bf5-4b6c-9a73-acca672dcd1f:192.168.69.96:44333, 36d8287a-f445-472c-84c0-3ac4479cc6b6:192.168.69.96:43141], old=null
2019-09-11 10:32:42,907 [pool-77-thread-1] INFO  impl.RoleInfo (RoleInfo.java:updateAndGet(143)) - 0ef303e2-5bf5-4b6c-9a73-acca672dcd1f: start FollowerState
2019-09-11 10:32:42,907 [pool-27-thread-1] INFO  impl.RaftServerImpl (RaftServerImpl.java:setRole(174)) - 057fef34-657c-4281-ab7d-192648031ede@group-8BAF5038FCF7: changes role from      null to FOLLOWER at term 0 for startAsFollower
2019-09-11 10:32:42,907 [pool-37-thread-1] INFO  impl.RoleInfo (RoleInfo.java:updateAndGet(143)) - 36d8287a-f445-472c-84c0-3ac4479cc6b6: start FollowerState
2019-09-11 10:32:42,910 [pool-27-thread-1] INFO  impl.RoleInfo (RoleInfo.java:updateAndGet(143)) - 057fef34-657c-4281-ab7d-192648031ede: start FollowerState
2019-09-11 10:32:42,910 [pool-77-thread-1] INFO  util.JmxRegister (JmxRegister.java:tryRegister(44)) - Successfully registered JMX Bean with object name Ratis:service=RaftServer,group=group-8BAF5038FCF7,id=0ef303e2-5bf5-4b6c-9a73-acca672dcd1f
2019-09-11 10:32:42,910 [pool-37-thread-1] INFO  util.JmxRegister (JmxRegister.java:tryRegister(44)) - Successfully registered JMX Bean with object name Ratis:service=RaftServer,group=group-8BAF5038FCF7,id=36d8287a-f445-472c-84c0-3ac4479cc6b6
2019-09-11 10:32:42,910 [pool-27-thread-1] INFO  util.JmxRegister (JmxRegister.java:tryRegister(44)) - Successfully registered JMX Bean with object name Ratis:service=RaftServer,group=group-8BAF5038FCF7,id=057fef34-657c-4281-ab7d-192648031ede
2019-09-11 10:32:42,922 [84160365-33de-4d43-a4b9-c2ba02cae000@group-31EA82492D69:LeaderElection4] INFO  impl.LeaderElection (LeaderElection.java:askForVotes(182)) - 84160365-33de-4d43-a4b9-c2ba02cae000@group-31EA82492D69:LeaderElection4: begin an election at term 1 for -1: [84160365-33de-4d43-a4b9-c2ba02cae000:192.168.69.96:44334], old=null
2019-09-11 10:32:42,924 [84160365-33de-4d43-a4b9-c2ba02cae000@group-31EA82492D69:LeaderElection4] INFO  impl.RoleInfo (RoleInfo.java:shutdownLeaderElection(134)) - 84160365-33de-4d43-a4b9-c2ba02cae000: shutdown LeaderElection
2019-09-11 10:32:42,927 [84160365-33de-4d43-a4b9-c2ba02cae000@group-31EA82492D69:LeaderElection4] INFO  impl.RaftServerImpl (RaftServerImpl.java:setRole(174)) - 84160365-33de-4d43-a4b9-c2ba02cae000@group-31EA82492D69: changes role from CANDIDATE to LEADER at term 1 for changeToLeader
2019-09-11 10:32:42,932 [84160365-33de-4d43-a4b9-c2ba02cae000@group-31EA82492D69:LeaderElection4] INFO  impl.RaftServerImpl (ServerState.java:setLeader(253)) - 84160365-33de-4d43-a4b9-c2ba02cae000@group-31EA82492D69: change Leader from null to 84160365-33de-4d43-a4b9-c2ba02cae000 at term 1 for becomeLeader, leader elected after 1194ms
2019-09-11 10:32:42,933 [84160365-33de-4d43-a4b9-c2ba02cae000@group-31EA82492D69:LeaderElection4] INFO  server.RaftServerConfigKeys (ConfUtils.java:logGet(43)) - raft.server.staging.catchup.gap = 1000 (default)
2019-09-11 10:32:42,937 [84160365-33de-4d43-a4b9-c2ba02cae000@group-31EA82492D69:LeaderElection4] INFO  server.RaftServerConfigKeys (ConfUtils.java:logGet(43)) - raft.server.rpc.sleep.time = 25ms (default)
2019-09-11 10:32:42,940 [84160365-33de-4d43-a4b9-c2ba02cae000@group-31EA82492D69:LeaderElection4] INFO  server.RaftServerConfigKeys (ConfUtils.java:logGet(43)) - raft.server.write.element-limit = 4096 (default)
2019-09-11 10:32:42,940 [84160365-33de-4d43-a4b9-c2ba02cae000@group-31EA82492D69:LeaderElection4] INFO  server.RaftServerConfigKeys (ConfUtils.java:logGet(43)) - raft.server.watch.timeout = 10s (default)
2019-09-11 10:32:42,941 [84160365-33de-4d43-a4b9-c2ba02cae000@group-31EA82492D69:LeaderElection4] INFO  server.RaftServerConfigKeys (ConfUtils.java:logGet(43)) - raft.server.watch.timeout.denomination = 1s (default)
2019-09-11 10:32:42,941 [84160365-33de-4d43-a4b9-c2ba02cae000@group-31EA82492D69:LeaderElection4] INFO  server.RaftServerConfigKeys (ConfUtils.java:logGet(43)) - raft.server.watch.element-limit = 65536 (default)
2019-09-11 10:32:42,941 [RatisPipelineUtilsThread] INFO  pipeline.PipelineStateManager (PipelineStateManager.java:addPipeline(56)) - Created pipeline Pipeline[ Id: 1de8d17f-9482-4cd5-af13-8baf5038fcf7, Nodes: 057fef34-657c-4281-ab7d-192648031ede{ip: 192.168.69.96, host: pr-hdds-1982-decom-states-q64lx-3787986432, networkLocation: /default-rack, certSerialId: null}0ef303e2-5bf5-4b6c-9a73-acca672dcd1f{ip: 192.168.69.96, host: pr-hdds-1982-decom-states-q64lx-3787986432, networkLocation: /default-rack, certSerialId: null}36d8287a-f445-472c-84c0-3ac4479cc6b6{ip: 192.168.69.96, host: pr-hdds-1982-decom-states-q64lx-3787986432, networkLocation: /default-rack, certSerialId: null}, Type:RATIS, Factor:THREE, State:OPEN]
2019-09-11 10:32:43,320 [Thread-300] INFO  impl.FollowerState (FollowerState.java:run(106)) - a147bf4e-e47b-4bef-becd-030e3c92d985:group-B3A9ACD663D7 changes to CANDIDATE, lastRpcTime:1329, electionTimeout:1195ms
2019-09-11 10:32:43,321 [Thread-297] WARN  util.JavaUtils (JavaUtils.java:sleep(250)) - Unexpected long sleep: sleep(1138ms) actually took 1460ms which is over the threshold 300ms
2019-09-11 10:32:43,324 [84160365-33de-4d43-a4b9-c2ba02cae000@group-31EA82492D69:LeaderElection4] INFO  impl.RoleInfo (RoleInfo.java:updateAndGet(143)) - 84160365-33de-4d43-a4b9-c2ba02cae000: start LeaderState
2019-09-11 10:32:43,324 [Thread-300] INFO  impl.RoleInfo (RoleInfo.java:shutdownFollowerState(121)) - a147bf4e-e47b-4bef-becd-030e3c92d985: shutdown FollowerState
2019-09-11 10:32:43,324 [84160365-33de-4d43-a4b9-c2ba02cae000@group-31EA82492D69:LeaderElection4] INFO  segmented.SegmentedRaftLogWorker (SegmentedRaftLogWorker.java:startLogSegment(380)) - 84160365-33de-4d43-a4b9-c2ba02cae000@group-31EA82492D69-SegmentedRaftLogWorker: Starting segment from index:0
2019-09-11 10:32:43,345 [84160365-33de-4d43-a4b9-c2ba02cae000@group-31EA82492D69:LeaderElection4] INFO  impl.RaftServerImpl (ServerState.java:setRaftConf(354)) - 84160365-33de-4d43-a4b9-c2ba02cae000@group-31EA82492D69: set configuration 0: [84160365-33de-4d43-a4b9-c2ba02cae000:192.168.69.96:44334], old=null at 0
2019-09-11 10:32:43,386 [Thread-300] INFO  impl.RaftServerImpl (RaftServerImpl.java:setRole(174)) - a147bf4e-e47b-4bef-becd-030e3c92d985@group-B3A9ACD663D7: changes role from  FOLLOWER to CANDIDATE at term 0 for changeToCandidate
2019-09-11 10:32:43,386 [Thread-300] INFO  impl.RoleInfo (RoleInfo.java:updateAndGet(143)) - a147bf4e-e47b-4bef-becd-030e3c92d985: start LeaderElection
2019-09-11 10:32:43,405 [Thread-283] INFO  container.ReplicationManager (ReplicationManager.java:start(162)) - Starting Replication Monitor Thread.
2019-09-11 10:32:43,411 [84160365-33de-4d43-a4b9-c2ba02cae000@group-31EA82492D69-SegmentedRaftLogWorker] INFO  segmented.SegmentedRaftLogWorker (SegmentedRaftLogWorker.java:execute(569)) - 84160365-33de-4d43-a4b9-c2ba02cae000@group-31EA82492D69-SegmentedRaftLogWorker: created new log segment /workdir/hadoop-ozone/integration-test/target/test-dir/MiniOzoneClusterImpl-62578b9c-93b1-4e23-b83e-ebaf05b7c577/datanode-4/data/ratis/ce18ff62-b269-48f1-a373-31ea82492d69/current/log_inprogress_0
2019-09-11 10:32:43,437 [Thread-309] INFO  impl.FollowerState (FollowerState.java:run(106)) - a8d859d1-6640-4c40-83aa-447d1cb68642:group-1895E4B077D6 changes to CANDIDATE, lastRpcTime:1025, electionTimeout:1006ms
2019-09-11 10:32:43,438 [grpc-default-executor-1] INFO  impl.RaftServerProxy (RaftServerProxy.java:addNew(89)) - d898b401-bc34-4650-97cf-b91d52192f1e: addNew group-42EC5F47EE4E:[a147bf4e-e47b-4bef-becd-030e3c92d985:192.168.69.96:46724, 84160365-33de-4d43-a4b9-c2ba02cae000:192.168.69.96:44334, d898b401-bc34-4650-97cf-b91d52192f1e:192.168.69.96:37663] returns group-42EC5F47EE4E:java.util.concurrent.CompletableFuture@77d3b68a[Not completed]
2019-09-11 10:32:43,438 [Thread-309] INFO  impl.RoleInfo (RoleInfo.java:shutdownFollowerState(121)) - a8d859d1-6640-4c40-83aa-447d1cb68642: shutdown FollowerState
2019-09-11 10:32:43,468 [a147bf4e-e47b-4bef-becd-030e3c92d985@group-B3A9ACD663D7:LeaderElection5] INFO  impl.LeaderElection (LeaderElection.java:askForVotes(182)) - a147bf4e-e47b-4bef-becd-030e3c92d985@group-B3A9ACD663D7:LeaderElection5: begin an election at term 1 for -1: [a147bf4e-e47b-4bef-becd-030e3c92d985:192.168.69.96:46724], old=null
2019-09-11 10:32:43,468 [Thread-309] INFO  impl.RaftServerImpl (RaftServerImpl.java:setRole(174)) - a8d859d1-6640-4c40-83aa-447d1cb68642@group-1895E4B077D6: changes role from  FOLLOWER to CANDIDATE at term 0 for changeToCandidate
2019-09-11 10:32:43,469 [grpc-default-executor-2] INFO  impl.RaftServerProxy (RaftServerProxy.java:addNew(89)) - a147bf4e-e47b-4bef-becd-030e3c92d985: addNew group-42EC5F47EE4E:[a147bf4e-e47b-4bef-becd-030e3c92d985:192.168.69.96:46724, 84160365-33de-4d43-a4b9-c2ba02cae000:192.168.69.96:44334, d898b401-bc34-4650-97cf-b91d52192f1e:192.168.69.96:37663] returns group-42EC5F47EE4E:java.util.concurrent.CompletableFuture@4ed250ff[Not completed]
2019-09-11 10:32:43,469 [grpc-default-executor-0] INFO  impl.RaftServerProxy (RaftServerProxy.java:addNew(89)) - 84160365-33de-4d43-a4b9-c2ba02cae000: addNew group-42EC5F47EE4E:[a147bf4e-e47b-4bef-becd-030e3c92d985:192.168.69.96:46724, 84160365-33de-4d43-a4b9-c2ba02cae000:192.168.69.96:44334, d898b401-bc34-4650-97cf-b91d52192f1e:192.168.69.96:37663] returns group-42EC5F47EE4E:java.util.concurrent.CompletableFuture@51d70f49[Not completed]
2019-09-11 10:32:43,469 [a147bf4e-e47b-4bef-becd-030e3c92d985@group-B3A9ACD663D7:LeaderElection5] INFO  impl.RoleInfo (RoleInfo.java:shutdownLeaderElection(134)) - a147bf4e-e47b-4bef-becd-030e3c92d985: shutdown LeaderElection
2019-09-11 10:32:43,469 [Thread-309] INFO  impl.RoleInfo (RoleInfo.java:updateAndGet(143)) - a8d859d1-6640-4c40-83aa-447d1cb68642: start LeaderElection
2019-09-11 10:32:43,469 [ReplicationMonitor] INFO  container.ReplicationManager (ReplicationManager.java:run(225)) - Replication Monitor Thread took 57 milliseconds for processing 0 containers.
2019-09-11 10:32:43,472 [a147bf4e-e47b-4bef-becd-030e3c92d985@group-B3A9ACD663D7:LeaderElection5] INFO  impl.RaftServerImpl (RaftServerImpl.java:setRole(174)) - a147bf4e-e47b-4bef-becd-030e3c92d985@group-B3A9ACD663D7: changes role from CANDIDATE to LEADER at term 1 for changeToLeader
2019-09-11 10:32:43,472 [a147bf4e-e47b-4bef-becd-030e3c92d985@group-B3A9ACD663D7:LeaderElection5] INFO  impl.RaftServerImpl (ServerState.java:setLeader(253)) - a147bf4e-e47b-4bef-becd-030e3c92d985@group-B3A9ACD663D7: change Leader from null to a147bf4e-e47b-4bef-becd-030e3c92d985 at term 1 for becomeLeader, leader elected after 1492ms
2019-09-11 10:32:43,475 [a147bf4e-e47b-4bef-becd-030e3c92d985@group-B3A9ACD663D7:LeaderElection5] INFO  server.RaftServerConfigKeys (ConfUtils.java:logGet(43)) - raft.server.staging.catchup.gap = 1000 (default)
2019-09-11 10:32:43,477 [a147bf4e-e47b-4bef-becd-030e3c92d985@group-B3A9ACD663D7:LeaderElection5] INFO  server.RaftServerConfigKeys (ConfUtils.java:logGet(43)) - raft.server.rpc.sleep.time = 25ms (default)
2019-09-11 10:32:43,478 [a147bf4e-e47b-4bef-becd-030e3c92d985@group-B3A9ACD663D7:LeaderElection5] INFO  server.RaftServerConfigKeys (ConfUtils.java:logGet(43)) - raft.server.write.element-limit = 4096 (default)
2019-09-11 10:32:43,478 [a147bf4e-e47b-4bef-becd-030e3c92d985@group-B3A9ACD663D7:LeaderElection5] INFO  server.RaftServerConfigKeys (ConfUtils.java:logGet(43)) - raft.server.watch.timeout = 10s (default)
2019-09-11 10:32:43,478 [a147bf4e-e47b-4bef-becd-030e3c92d985@group-B3A9ACD663D7:LeaderElection5] INFO  server.RaftServerConfigKeys (ConfUtils.java:logGet(43)) - raft.server.watch.timeout.denomination = 1s (default)
2019-09-11 10:32:43,478 [a147bf4e-e47b-4bef-becd-030e3c92d985@group-B3A9ACD663D7:LeaderElection5] INFO  server.RaftServerConfigKeys (ConfUtils.java:logGet(43)) - raft.server.watch.element-limit = 65536 (default)
2019-09-11 10:32:43,479 [Thread-305] INFO  impl.FollowerState (FollowerState.java:run(106)) - 95b20011-2e58-4a94-a7ae-3b1213f1c518:group-2E43ED8F9078 changes to CANDIDATE, lastRpcTime:1188, electionTimeout:1188ms
2019-09-11 10:32:43,479 [Thread-305] INFO  impl.RoleInfo (RoleInfo.java:shutdownFollowerState(121)) - 95b20011-2e58-4a94-a7ae-3b1213f1c518: shutdown FollowerState
2019-09-11 10:32:43,479 [Thread-305] INFO  impl.RaftServerImpl (RaftServerImpl.java:setRole(174)) - 95b20011-2e58-4a94-a7ae-3b1213f1c518@group-2E43ED8F9078: changes role from  FOLLOWER to CANDIDATE at term 0 for changeToCandidate
2019-09-11 10:32:43,479 [Thread-305] INFO  impl.RoleInfo (RoleInfo.java:updateAndGet(143)) - 95b20011-2e58-4a94-a7ae-3b1213f1c518: start LeaderElection
2019-09-11 10:32:43,504 [a8d859d1-6640-4c40-83aa-447d1cb68642@group-1895E4B077D6:LeaderElection6] INFO  impl.LeaderElection (LeaderElection.java:askForVotes(182)) - a8d859d1-6640-4c40-83aa-447d1cb68642@group-1895E4B077D6:LeaderElection6: begin an election at term 1 for -1: [a8d859d1-6640-4c40-83aa-447d1cb68642:192.168.69.96:35156], old=null
2019-09-11 10:32:43,504 [a8d859d1-6640-4c40-83aa-447d1cb68642@group-1895E4B077D6:LeaderElection6] INFO  impl.RoleInfo (RoleInfo.java:shutdownLeaderElection(134)) - a8d859d1-6640-4c40-83aa-447d1cb68642: shutdown LeaderElection
2019-09-11 10:32:43,504 [a8d859d1-6640-4c40-83aa-447d1cb68642@group-1895E4B077D6:LeaderElection6] INFO  impl.RaftServerImpl (RaftServerImpl.java:setRole(174)) - a8d859d1-6640-4c40-83aa-447d1cb68642@group-1895E4B077D6: changes role from CANDIDATE to LEADER at term 1 for changeToLeader
2019-09-11 10:32:43,504 [a8d859d1-6640-4c40-83aa-447d1cb68642@group-1895E4B077D6:LeaderElection6] INFO  impl.RaftServerImpl (ServerState.java:setLeader(253)) - a8d859d1-6640-4c40-83aa-447d1cb68642@group-1895E4B077D6: change Leader from null to a8d859d1-6640-4c40-83aa-447d1cb68642 at term 1 for becomeLeader, leader elected after 1114ms
2019-09-11 10:32:43,505 [a8d859d1-6640-4c40-83aa-447d1cb68642@group-1895E4B077D6:LeaderElection6] INFO  server.RaftServerConfigKeys (ConfUtils.java:logGet(43)) - raft.server.staging.catchup.gap = 1000 (default)
2019-09-11 10:32:43,505 [a8d859d1-6640-4c40-83aa-447d1cb68642@group-1895E4B077D6:LeaderElection6] INFO  server.RaftServerConfigKeys (ConfUtils.java:logGet(43)) - raft.server.rpc.sleep.time = 25ms (default)
2019-09-11 10:32:43,506 [a8d859d1-6640-4c40-83aa-447d1cb68642@group-1895E4B077D6:LeaderElection6] INFO  server.RaftServerConfigKeys (ConfUtils.java:logGet(43)) - raft.server.write.element-limit = 4096 (default)
2019-09-11 10:32:43,506 [a8d859d1-6640-4c40-83aa-447d1cb68642@group-1895E4B077D6:LeaderElection6] INFO  server.RaftServerConfigKeys (ConfUtils.java:logGet(43)) - raft.server.watch.timeout = 10s (default)
2019-09-11 10:32:43,506 [a8d859d1-6640-4c40-83aa-447d1cb68642@group-1895E4B077D6:LeaderElection6] INFO  server.RaftServerConfigKeys (ConfUtils.java:logGet(43)) - raft.server.watch.timeout.denomination = 1s (default)
2019-09-11 10:32:43,506 [a8d859d1-6640-4c40-83aa-447d1cb68642@group-1895E4B077D6:LeaderElection6] INFO  server.RaftServerConfigKeys (ConfUtils.java:logGet(43)) - raft.server.watch.element-limit = 65536 (default)
2019-09-11 10:32:43,517 [95b20011-2e58-4a94-a7ae-3b1213f1c518@group-2E43ED8F9078:LeaderElection7] INFO  impl.LeaderElection (LeaderElection.java:askForVotes(182)) - 95b20011-2e58-4a94-a7ae-3b1213f1c518@group-2E43ED8F9078:LeaderElection7: begin an election at term 1 for -1: [95b20011-2e58-4a94-a7ae-3b1213f1c518:192.168.69.96:39413], old=null
2019-09-11 10:32:43,520 [95b20011-2e58-4a94-a7ae-3b1213f1c518@group-2E43ED8F9078:LeaderElection7] INFO  impl.RoleInfo (RoleInfo.java:shutdownLeaderElection(134)) - 95b20011-2e58-4a94-a7ae-3b1213f1c518: shutdown LeaderElection
2019-09-11 10:32:43,520 [95b20011-2e58-4a94-a7ae-3b1213f1c518@group-2E43ED8F9078:LeaderElection7] INFO  impl.RaftServerImpl (RaftServerImpl.java:setRole(174)) - 95b20011-2e58-4a94-a7ae-3b1213f1c518@group-2E43ED8F9078: changes role from CANDIDATE to LEADER at term 1 for changeToLeader
2019-09-11 10:32:43,520 [95b20011-2e58-4a94-a7ae-3b1213f1c518@group-2E43ED8F9078:LeaderElection7] INFO  impl.RaftServerImpl (ServerState.java:setLeader(253)) - 95b20011-2e58-4a94-a7ae-3b1213f1c518@group-2E43ED8F9078: change Leader from null to 95b20011-2e58-4a94-a7ae-3b1213f1c518 at term 1 for becomeLeader, leader elected after 1254ms
2019-09-11 10:32:43,521 [95b20011-2e58-4a94-a7ae-3b1213f1c518@group-2E43ED8F9078:LeaderElection7] INFO  server.RaftServerConfigKeys (ConfUtils.java:logGet(43)) - raft.server.staging.catchup.gap = 1000 (default)
2019-09-11 10:32:43,521 [95b20011-2e58-4a94-a7ae-3b1213f1c518@group-2E43ED8F9078:LeaderElection7] INFO  server.RaftServerConfigKeys (ConfUtils.java:logGet(43)) - raft.server.rpc.sleep.time = 25ms (default)
2019-09-11 10:32:43,521 [95b20011-2e58-4a94-a7ae-3b1213f1c518@group-2E43ED8F9078:LeaderElection7] INFO  server.RaftServerConfigKeys (ConfUtils.java:logGet(43)) - raft.server.write.element-limit = 4096 (default)
2019-09-11 10:32:43,521 [95b20011-2e58-4a94-a7ae-3b1213f1c518@group-2E43ED8F9078:LeaderElection7] INFO  server.RaftServerConfigKeys (ConfUtils.java:logGet(43)) - raft.server.watch.timeout = 10s (default)
2019-09-11 10:32:43,521 [95b20011-2e58-4a94-a7ae-3b1213f1c518@group-2E43ED8F9078:LeaderElection7] INFO  server.RaftServerConfigKeys (ConfUtils.java:logGet(43)) - raft.server.watch.timeout.denomination = 1s (default)
2019-09-11 10:32:43,530 [95b20011-2e58-4a94-a7ae-3b1213f1c518@group-2E43ED8F9078:LeaderElection7] INFO  server.RaftServerConfigKeys (ConfUtils.java:logGet(43)) - raft.server.watch.element-limit = 65536 (default)
2019-09-11 10:32:43,533 [IPC Server handler 0 on 40406] INFO  volume.OMVolumeCreateRequest (OMVolumeCreateRequest.java:validateAndUpdateCache(189)) - created volume:datanodefailurehandlingtest for user:jenkins1000
2019-09-11 10:32:43,683 [main] INFO  rpc.RpcClient (RpcClient.java:createBucket(437)) - Creating Bucket: datanodefailurehandlingtest/datanodefailurehandlingtest, with Versioning false and Storage Type set to DISK and Encryption set to false 
2019-09-11 10:32:43,748 [Thread-314] INFO  impl.FollowerState (FollowerState.java:run(106)) - aeb2043f-b21f-448b-b98e-71f6b579dea4:group-AB18E6B01809 changes to CANDIDATE, lastRpcTime:1164, electionTimeout:1164ms
2019-09-11 10:32:43,748 [Thread-314] INFO  impl.RoleInfo (RoleInfo.java:shutdownFollowerState(121)) - aeb2043f-b21f-448b-b98e-71f6b579dea4: shutdown FollowerState
2019-09-11 10:32:43,748 [Thread-314] INFO  impl.RaftServerImpl (RaftServerImpl.java:setRole(174)) - aeb2043f-b21f-448b-b98e-71f6b579dea4@group-AB18E6B01809: changes role from  FOLLOWER to CANDIDATE at term 0 for changeToCandidate
2019-09-11 10:32:43,762 [Thread-314] INFO  impl.RoleInfo (RoleInfo.java:updateAndGet(143)) - aeb2043f-b21f-448b-b98e-71f6b579dea4: start LeaderElection
2019-09-11 10:32:43,789 [aeb2043f-b21f-448b-b98e-71f6b579dea4@group-AB18E6B01809:LeaderElection8] INFO  impl.LeaderElection (LeaderElection.java:askForVotes(182)) - aeb2043f-b21f-448b-b98e-71f6b579dea4@group-AB18E6B01809:LeaderElection8: begin an election at term 1 for -1: [aeb2043f-b21f-448b-b98e-71f6b579dea4:192.168.69.96:42052], old=null
2019-09-11 10:32:43,789 [aeb2043f-b21f-448b-b98e-71f6b579dea4@group-AB18E6B01809:LeaderElection8] INFO  impl.RoleInfo (RoleInfo.java:shutdownLeaderElection(134)) - aeb2043f-b21f-448b-b98e-71f6b579dea4: shutdown LeaderElection
2019-09-11 10:32:43,789 [aeb2043f-b21f-448b-b98e-71f6b579dea4@group-AB18E6B01809:LeaderElection8] INFO  impl.RaftServerImpl (RaftServerImpl.java:setRole(174)) - aeb2043f-b21f-448b-b98e-71f6b579dea4@group-AB18E6B01809: changes role from CANDIDATE to LEADER at term 1 for changeToLeader
2019-09-11 10:32:43,789 [aeb2043f-b21f-448b-b98e-71f6b579dea4@group-AB18E6B01809:LeaderElection8] INFO  impl.RaftServerImpl (ServerState.java:setLeader(253)) - aeb2043f-b21f-448b-b98e-71f6b579dea4@group-AB18E6B01809: change Leader from null to aeb2043f-b21f-448b-b98e-71f6b579dea4 at term 1 for becomeLeader, leader elected after 1223ms
2019-09-11 10:32:43,789 [aeb2043f-b21f-448b-b98e-71f6b579dea4@group-AB18E6B01809:LeaderElection8] INFO  server.RaftServerConfigKeys (ConfUtils.java:logGet(43)) - raft.server.staging.catchup.gap = 1000 (default)
2019-09-11 10:32:43,790 [aeb2043f-b21f-448b-b98e-71f6b579dea4@group-AB18E6B01809:LeaderElection8] INFO  server.RaftServerConfigKeys (ConfUtils.java:logGet(43)) - raft.server.rpc.sleep.time = 25ms (default)
2019-09-11 10:32:43,794 [aeb2043f-b21f-448b-b98e-71f6b579dea4@group-AB18E6B01809:LeaderElection8] INFO  server.RaftServerConfigKeys (ConfUtils.java:logGet(43)) - raft.server.write.element-limit = 4096 (default)
2019-09-11 10:32:43,798 [aeb2043f-b21f-448b-b98e-71f6b579dea4@group-AB18E6B01809:LeaderElection8] INFO  server.RaftServerConfigKeys (ConfUtils.java:logGet(43)) - raft.server.watch.timeout = 10s (default)
2019-09-11 10:32:43,799 [aeb2043f-b21f-448b-b98e-71f6b579dea4@group-AB18E6B01809:LeaderElection8] INFO  server.RaftServerConfigKeys (ConfUtils.java:logGet(43)) - raft.server.watch.timeout.denomination = 1s (default)
2019-09-11 10:32:43,799 [aeb2043f-b21f-448b-b98e-71f6b579dea4@group-AB18E6B01809:LeaderElection8] INFO  server.RaftServerConfigKeys (ConfUtils.java:logGet(43)) - raft.server.watch.element-limit = 65536 (default)
2019-09-11 10:32:43,890 [Thread-320] INFO  impl.FollowerState (FollowerState.java:run(106)) - d7731897-8454-4248-86db-3bcd47c96a99:group-4ACABC773A71 changes to CANDIDATE, lastRpcTime:1166, electionTimeout:1166ms
2019-09-11 10:32:43,890 [Thread-320] INFO  impl.RoleInfo (RoleInfo.java:shutdownFollowerState(121)) - d7731897-8454-4248-86db-3bcd47c96a99: shutdown FollowerState
2019-09-11 10:32:43,890 [Thread-320] INFO  impl.RaftServerImpl (RaftServerImpl.java:setRole(174)) - d7731897-8454-4248-86db-3bcd47c96a99@group-4ACABC773A71: changes role from  FOLLOWER to CANDIDATE at term 0 for changeToCandidate
2019-09-11 10:32:43,893 [Thread-320] INFO  impl.RoleInfo (RoleInfo.java:updateAndGet(143)) - d7731897-8454-4248-86db-3bcd47c96a99: start LeaderElection
2019-09-11 10:32:43,924 [d7731897-8454-4248-86db-3bcd47c96a99@group-4ACABC773A71:LeaderElection9] INFO  impl.LeaderElection (LeaderElection.java:askForVotes(182)) - d7731897-8454-4248-86db-3bcd47c96a99@group-4ACABC773A71:LeaderElection9: begin an election at term 1 for -1: [d7731897-8454-4248-86db-3bcd47c96a99:192.168.69.96:44589], old=null
2019-09-11 10:32:43,924 [d7731897-8454-4248-86db-3bcd47c96a99@group-4ACABC773A71:LeaderElection9] INFO  impl.RoleInfo (RoleInfo.java:shutdownLeaderElection(134)) - d7731897-8454-4248-86db-3bcd47c96a99: shutdown LeaderElection
2019-09-11 10:32:43,924 [d7731897-8454-4248-86db-3bcd47c96a99@group-4ACABC773A71:LeaderElection9] INFO  impl.RaftServerImpl (RaftServerImpl.java:setRole(174)) - d7731897-8454-4248-86db-3bcd47c96a99@group-4ACABC773A71: changes role from CANDIDATE to LEADER at term 1 for changeToLeader
2019-09-11 10:32:43,924 [d7731897-8454-4248-86db-3bcd47c96a99@group-4ACABC773A71:LeaderElection9] INFO  impl.RaftServerImpl (ServerState.java:setLeader(253)) - d7731897-8454-4248-86db-3bcd47c96a99@group-4ACABC773A71: change Leader from null to d7731897-8454-4248-86db-3bcd47c96a99 at term 1 for becomeLeader, leader elected after 1215ms
2019-09-11 10:32:43,924 [d7731897-8454-4248-86db-3bcd47c96a99@group-4ACABC773A71:LeaderElection9] INFO  server.RaftServerConfigKeys (ConfUtils.java:logGet(43)) - raft.server.staging.catchup.gap = 1000 (default)
2019-09-11 10:32:43,925 [d7731897-8454-4248-86db-3bcd47c96a99@group-4ACABC773A71:LeaderElection9] INFO  server.RaftServerConfigKeys (ConfUtils.java:logGet(43)) - raft.server.rpc.sleep.time = 25ms (default)
2019-09-11 10:32:43,925 [d7731897-8454-4248-86db-3bcd47c96a99@group-4ACABC773A71:LeaderElection9] INFO  server.RaftServerConfigKeys (ConfUtils.java:logGet(43)) - raft.server.write.element-limit = 4096 (default)
2019-09-11 10:32:43,925 [d7731897-8454-4248-86db-3bcd47c96a99@group-4ACABC773A71:LeaderElection9] INFO  server.RaftServerConfigKeys (ConfUtils.java:logGet(43)) - raft.server.watch.timeout = 10s (default)
2019-09-11 10:32:43,925 [d7731897-8454-4248-86db-3bcd47c96a99@group-4ACABC773A71:LeaderElection9] INFO  server.RaftServerConfigKeys (ConfUtils.java:logGet(43)) - raft.server.watch.timeout.denomination = 1s (default)
2019-09-11 10:32:43,926 [d7731897-8454-4248-86db-3bcd47c96a99@group-4ACABC773A71:LeaderElection9] INFO  server.RaftServerConfigKeys (ConfUtils.java:logGet(43)) - raft.server.watch.element-limit = 65536 (default)
2019-09-11 10:32:43,928 [pool-67-thread-1] INFO  impl.RaftServerImpl (RaftServerImpl.java:<init>(95)) - 84160365-33de-4d43-a4b9-c2ba02cae000: new RaftServerImpl for group-42EC5F47EE4E:[a147bf4e-e47b-4bef-becd-030e3c92d985:192.168.69.96:46724, 84160365-33de-4d43-a4b9-c2ba02cae000:192.168.69.96:44334, d898b401-bc34-4650-97cf-b91d52192f1e:192.168.69.96:37663] with ContainerStateMachine:uninitialized
2019-09-11 10:32:43,928 [pool-67-thread-1] INFO  server.RaftServerConfigKeys (ConfUtils.java:logGet(43)) - raft.server.rpc.timeout.min = 1s (custom)
2019-09-11 10:32:43,929 [pool-67-thread-1] INFO  server.RaftServerConfigKeys (ConfUtils.java:logGet(43)) - raft.server.rpc.timeout.max = 1200ms (custom)
2019-09-11 10:32:43,929 [pool-67-thread-1] INFO  server.RaftServerConfigKeys (ConfUtils.java:logGet(43)) - raft.server.rpcslowness.timeout = 120s (custom)
2019-09-11 10:32:43,929 [pool-67-thread-1] INFO  server.RaftServerConfigKeys (ConfUtils.java:logGet(43)) - raft.server.sleep.deviation.threshold = 300 (default)
2019-09-11 10:32:43,929 [pool-67-thread-1] INFO  server.RaftServerConfigKeys (ConfUtils.java:logGet(43)) - raft.server.log.appender.install.snapshot.enabled = false (custom)
2019-09-11 10:32:43,929 [pool-67-thread-1] INFO  impl.RaftServerImpl (ServerState.java:<init>(103)) - 84160365-33de-4d43-a4b9-c2ba02cae000@group-42EC5F47EE4E: ConfigurationManager, init=-1: [a147bf4e-e47b-4bef-becd-030e3c92d985:192.168.69.96:46724, 84160365-33de-4d43-a4b9-c2ba02cae000:192.168.69.96:44334, d898b401-bc34-4650-97cf-b91d52192f1e:192.168.69.96:37663], old=null, confs=<EMPTY_MAP>
2019-09-11 10:32:43,930 [pool-87-thread-1] INFO  impl.RaftServerImpl (RaftServerImpl.java:<init>(95)) - a147bf4e-e47b-4bef-becd-030e3c92d985: new RaftServerImpl for group-42EC5F47EE4E:[a147bf4e-e47b-4bef-becd-030e3c92d985:192.168.69.96:46724, 84160365-33de-4d43-a4b9-c2ba02cae000:192.168.69.96:44334, d898b401-bc34-4650-97cf-b91d52192f1e:192.168.69.96:37663] with ContainerStateMachine:uninitialized
2019-09-11 10:32:43,930 [pool-67-thread-1] INFO  server.RaftServerConfigKeys (ConfUtils.java:logGet(43)) - raft.server.storage.dir = [/workdir/hadoop-ozone/integration-test/target/test-dir/MiniOzoneClusterImpl-62578b9c-93b1-4e23-b83e-ebaf05b7c577/datanode-4/data/ratis] (custom)
2019-09-11 10:32:43,930 [pool-87-thread-1] INFO  server.RaftServerConfigKeys (ConfUtils.java:logGet(43)) - raft.server.rpc.timeout.min = 1s (custom)
2019-09-11 10:32:43,930 [aeb2043f-b21f-448b-b98e-71f6b579dea4@group-AB18E6B01809:LeaderElection8] INFO  impl.RoleInfo (RoleInfo.java:updateAndGet(143)) - aeb2043f-b21f-448b-b98e-71f6b579dea4: start LeaderState
2019-09-11 10:32:43,930 [pool-87-thread-1] INFO  server.RaftServerConfigKeys (ConfUtils.java:logGet(43)) - raft.server.rpc.timeout.max = 1200ms (custom)
2019-09-11 10:32:43,930 [pool-67-thread-1] INFO  storage.RaftStorageDirectory (RaftStorageDirectory.java:analyzeStorage(246)) - The storage directory /workdir/hadoop-ozone/integration-test/target/test-dir/MiniOzoneClusterImpl-62578b9c-93b1-4e23-b83e-ebaf05b7c577/datanode-4/data/ratis/d92856a0-e862-4960-888e-42ec5f47ee4e does not exist. Creating ...
2019-09-11 10:32:43,930 [pool-87-thread-1] INFO  server.RaftServerConfigKeys (ConfUtils.java:logGet(43)) - raft.server.rpcslowness.timeout = 120s (custom)
2019-09-11 10:32:43,930 [aeb2043f-b21f-448b-b98e-71f6b579dea4@group-AB18E6B01809:LeaderElection8] INFO  segmented.SegmentedRaftLogWorker (SegmentedRaftLogWorker.java:startLogSegment(380)) - aeb2043f-b21f-448b-b98e-71f6b579dea4@group-AB18E6B01809-SegmentedRaftLogWorker: Starting segment from index:0
2019-09-11 10:32:43,931 [pool-87-thread-1] INFO  server.RaftServerConfigKeys (ConfUtils.java:logGet(43)) - raft.server.sleep.deviation.threshold = 300 (default)
2019-09-11 10:32:43,931 [95b20011-2e58-4a94-a7ae-3b1213f1c518@group-2E43ED8F9078:LeaderElection7] INFO  impl.RoleInfo (RoleInfo.java:updateAndGet(143)) - 95b20011-2e58-4a94-a7ae-3b1213f1c518: start LeaderState
2019-09-11 10:32:43,931 [aeb2043f-b21f-448b-b98e-71f6b579dea4@group-AB18E6B01809:LeaderElection8] INFO  impl.RaftServerImpl (ServerState.java:setRaftConf(354)) - aeb2043f-b21f-448b-b98e-71f6b579dea4@group-AB18E6B01809: set configuration 0: [aeb2043f-b21f-448b-b98e-71f6b579dea4:192.168.69.96:42052], old=null at 0
2019-09-11 10:32:43,931 [pool-87-thread-1] INFO  server.RaftServerConfigKeys (ConfUtils.java:logGet(43)) - raft.server.log.appender.install.snapshot.enabled = false (custom)
2019-09-11 10:32:43,970 [a8d859d1-6640-4c40-83aa-447d1cb68642@group-1895E4B077D6:LeaderElection6] INFO  impl.RoleInfo (RoleInfo.java:updateAndGet(143)) - a8d859d1-6640-4c40-83aa-447d1cb68642: start LeaderState
2019-09-11 10:32:43,931 [pool-107-thread-1] INFO  impl.RaftServerImpl (RaftServerImpl.java:<init>(95)) - d898b401-bc34-4650-97cf-b91d52192f1e: new RaftServerImpl for group-42EC5F47EE4E:[a147bf4e-e47b-4bef-becd-030e3c92d985:192.168.69.96:46724, 84160365-33de-4d43-a4b9-c2ba02cae000:192.168.69.96:44334, d898b401-bc34-4650-97cf-b91d52192f1e:192.168.69.96:37663] with ContainerStateMachine:uninitialized
2019-09-11 10:32:43,970 [95b20011-2e58-4a94-a7ae-3b1213f1c518@group-2E43ED8F9078:LeaderElection7] INFO  segmented.SegmentedRaftLogWorker (SegmentedRaftLogWorker.java:startLogSegment(380)) - 95b20011-2e58-4a94-a7ae-3b1213f1c518@group-2E43ED8F9078-SegmentedRaftLogWorker: Starting segment from index:0
2019-09-11 10:32:43,970 [pool-87-thread-1] INFO  impl.RaftServerImpl (ServerState.java:<init>(103)) - a147bf4e-e47b-4bef-becd-030e3c92d985@group-42EC5F47EE4E: ConfigurationManager, init=-1: [a147bf4e-e47b-4bef-becd-030e3c92d985:192.168.69.96:46724, 84160365-33de-4d43-a4b9-c2ba02cae000:192.168.69.96:44334, d898b401-bc34-4650-97cf-b91d52192f1e:192.168.69.96:37663], old=null, confs=<EMPTY_MAP>
2019-09-11 10:32:43,970 [Thread-328] INFO  impl.FollowerState (FollowerState.java:run(106)) - 36d8287a-f445-472c-84c0-3ac4479cc6b6:group-8BAF5038FCF7 changes to CANDIDATE, lastRpcTime:1062, electionTimeout:1037ms
2019-09-11 10:32:43,970 [Thread-327] INFO  impl.FollowerState (FollowerState.java:run(106)) - 0ef303e2-5bf5-4b6c-9a73-acca672dcd1f:group-8BAF5038FCF7 changes to CANDIDATE, lastRpcTime:1062, electionTimeout:1052ms
2019-09-11 10:32:43,971 [95b20011-2e58-4a94-a7ae-3b1213f1c518@group-2E43ED8F9078:LeaderElection7] INFO  impl.RaftServerImpl (ServerState.java:setRaftConf(354)) - 95b20011-2e58-4a94-a7ae-3b1213f1c518@group-2E43ED8F9078: set configuration 0: [95b20011-2e58-4a94-a7ae-3b1213f1c518:192.168.69.96:39413], old=null at 0
2019-09-11 10:32:43,971 [Thread-327] INFO  impl.RoleInfo (RoleInfo.java:shutdownFollowerState(121)) - 0ef303e2-5bf5-4b6c-9a73-acca672dcd1f: shutdown FollowerState
2019-09-11 10:32:43,970 [pool-67-thread-1] INFO  storage.RaftStorageDirectory (RaftStorageDirectory.java:tryLock(328)) - Lock on /workdir/hadoop-ozone/integration-test/target/test-dir/MiniOzoneClusterImpl-62578b9c-93b1-4e23-b83e-ebaf05b7c577/datanode-4/data/ratis/d92856a0-e862-4960-888e-42ec5f47ee4e/in_use.lock acquired by nodename 4752@pr-hdds-1982-decom-states-q64lx-3787986432
2019-09-11 10:32:44,012 [Thread-327] INFO  impl.RaftServerImpl (RaftServerImpl.java:setRole(174)) - 0ef303e2-5bf5-4b6c-9a73-acca672dcd1f@group-8BAF5038FCF7: changes role from  FOLLOWER to CANDIDATE at term 0 for changeToCandidate
2019-09-11 10:32:44,012 [aeb2043f-b21f-448b-b98e-71f6b579dea4@group-AB18E6B01809-SegmentedRaftLogWorker] INFO  segmented.SegmentedRaftLogWorker (SegmentedRaftLogWorker.java:execute(569)) - aeb2043f-b21f-448b-b98e-71f6b579dea4@group-AB18E6B01809-SegmentedRaftLogWorker: created new log segment /workdir/hadoop-ozone/integration-test/target/test-dir/MiniOzoneClusterImpl-62578b9c-93b1-4e23-b83e-ebaf05b7c577/datanode-2/data/ratis/b78fd364-335c-45e3-ab6f-ab18e6b01809/current/log_inprogress_0
2019-09-11 10:32:44,013 [Thread-327] INFO  impl.RoleInfo (RoleInfo.java:updateAndGet(143)) - 0ef303e2-5bf5-4b6c-9a73-acca672dcd1f: start LeaderElection
2019-09-11 10:32:43,971 [Thread-328] INFO  impl.RoleInfo (RoleInfo.java:shutdownFollowerState(121)) - 36d8287a-f445-472c-84c0-3ac4479cc6b6: shutdown FollowerState
2019-09-11 10:32:43,971 [pool-87-thread-1] INFO  server.RaftServerConfigKeys (ConfUtils.java:logGet(43)) - raft.server.storage.dir = [/workdir/hadoop-ozone/integration-test/target/test-dir/MiniOzoneClusterImpl-62578b9c-93b1-4e23-b83e-ebaf05b7c577/datanode-6/data/ratis] (custom)
2019-09-11 10:32:43,970 [a147bf4e-e47b-4bef-becd-030e3c92d985@group-B3A9ACD663D7:LeaderElection5] INFO  impl.RoleInfo (RoleInfo.java:updateAndGet(143)) - a147bf4e-e47b-4bef-becd-030e3c92d985: start LeaderState
2019-09-11 10:32:43,970 [a8d859d1-6640-4c40-83aa-447d1cb68642@group-1895E4B077D6:LeaderElection6] INFO  segmented.SegmentedRaftLogWorker (SegmentedRaftLogWorker.java:startLogSegment(380)) - a8d859d1-6640-4c40-83aa-447d1cb68642@group-1895E4B077D6-SegmentedRaftLogWorker: Starting segment from index:0
2019-09-11 10:32:44,023 [a147bf4e-e47b-4bef-becd-030e3c92d985@group-B3A9ACD663D7:LeaderElection5] INFO  segmented.SegmentedRaftLogWorker (SegmentedRaftLogWorker.java:startLogSegment(380)) - a147bf4e-e47b-4bef-becd-030e3c92d985@group-B3A9ACD663D7-SegmentedRaftLogWorker: Starting segment from index:0
2019-09-11 10:32:43,970 [pool-107-thread-1] INFO  server.RaftServerConfigKeys (ConfUtils.java:logGet(43)) - raft.server.rpc.timeout.min = 1s (custom)
2019-09-11 10:32:44,023 [pool-87-thread-1] INFO  storage.RaftStorageDirectory (RaftStorageDirectory.java:analyzeStorage(246)) - The storage directory /workdir/hadoop-ozone/integration-test/target/test-dir/MiniOzoneClusterImpl-62578b9c-93b1-4e23-b83e-ebaf05b7c577/datanode-6/data/ratis/d92856a0-e862-4960-888e-42ec5f47ee4e does not exist. Creating ...
2019-09-11 10:32:44,014 [Thread-328] INFO  impl.RaftServerImpl (RaftServerImpl.java:setRole(174)) - 36d8287a-f445-472c-84c0-3ac4479cc6b6@group-8BAF5038FCF7: changes role from  FOLLOWER to CANDIDATE at term 0 for changeToCandidate
2019-09-11 10:32:44,024 [d7731897-8454-4248-86db-3bcd47c96a99@group-4ACABC773A71:LeaderElection9] INFO  impl.RoleInfo (RoleInfo.java:updateAndGet(143)) - d7731897-8454-4248-86db-3bcd47c96a99: start LeaderState
2019-09-11 10:32:44,024 [a147bf4e-e47b-4bef-becd-030e3c92d985@group-B3A9ACD663D7:LeaderElection5] INFO  impl.RaftServerImpl (ServerState.java:setRaftConf(354)) - a147bf4e-e47b-4bef-becd-030e3c92d985@group-B3A9ACD663D7: set configuration 0: [a147bf4e-e47b-4bef-becd-030e3c92d985:192.168.69.96:46724], old=null at 0
2019-09-11 10:32:44,024 [pool-107-thread-1] INFO  server.RaftServerConfigKeys (ConfUtils.java:logGet(43)) - raft.server.rpc.timeout.max = 1200ms (custom)
2019-09-11 10:32:44,023 [a8d859d1-6640-4c40-83aa-447d1cb68642@group-1895E4B077D6:LeaderElection6] INFO  impl.RaftServerImpl (ServerState.java:setRaftConf(354)) - a8d859d1-6640-4c40-83aa-447d1cb68642@group-1895E4B077D6: set configuration 0: [a8d859d1-6640-4c40-83aa-447d1cb68642:192.168.69.96:35156], old=null at 0
2019-09-11 10:32:44,067 [pool-107-thread-1] INFO  server.RaftServerConfigKeys (ConfUtils.java:logGet(43)) - raft.server.rpcslowness.timeout = 120s (custom)
2019-09-11 10:32:44,066 [0ef303e2-5bf5-4b6c-9a73-acca672dcd1f@group-8BAF5038FCF7:LeaderElection10] INFO  impl.LeaderElection (LeaderElection.java:askForVotes(182)) - 0ef303e2-5bf5-4b6c-9a73-acca672dcd1f@group-8BAF5038FCF7:LeaderElection10: begin an election at term 1 for -1: [057fef34-657c-4281-ab7d-192648031ede:192.168.69.96:35772, 0ef303e2-5bf5-4b6c-9a73-acca672dcd1f:192.168.69.96:44333, 36d8287a-f445-472c-84c0-3ac4479cc6b6:192.168.69.96:43141], old=null
2019-09-11 10:32:44,066 [pool-67-thread-1] INFO  storage.RaftStorage (RaftStorage.java:format(72)) - Storage directory /workdir/hadoop-ozone/integration-test/target/test-dir/MiniOzoneClusterImpl-62578b9c-93b1-4e23-b83e-ebaf05b7c577/datanode-4/data/ratis/d92856a0-e862-4960-888e-42ec5f47ee4e has been successfully formatted.
2019-09-11 10:32:44,066 [95b20011-2e58-4a94-a7ae-3b1213f1c518@group-2E43ED8F9078-SegmentedRaftLogWorker] INFO  segmented.SegmentedRaftLogWorker (SegmentedRaftLogWorker.java:execute(569)) - 95b20011-2e58-4a94-a7ae-3b1213f1c518@group-2E43ED8F9078-SegmentedRaftLogWorker: created new log segment /workdir/hadoop-ozone/integration-test/target/test-dir/MiniOzoneClusterImpl-62578b9c-93b1-4e23-b83e-ebaf05b7c577/datanode-7/data/ratis/75fa5b36-1c43-4531-afe4-2e43ed8f9078/current/log_inprogress_0
2019-09-11 10:32:44,066 [pool-87-thread-1] INFO  storage.RaftStorageDirectory (RaftStorageDirectory.java:tryLock(328)) - Lock on /workdir/hadoop-ozone/integration-test/target/test-dir/MiniOzoneClusterImpl-62578b9c-93b1-4e23-b83e-ebaf05b7c577/datanode-6/data/ratis/d92856a0-e862-4960-888e-42ec5f47ee4e/in_use.lock acquired by nodename 4752@pr-hdds-1982-decom-states-q64lx-3787986432
2019-09-11 10:32:44,024 [d7731897-8454-4248-86db-3bcd47c96a99@group-4ACABC773A71:LeaderElection9] INFO  segmented.SegmentedRaftLogWorker (SegmentedRaftLogWorker.java:startLogSegment(380)) - d7731897-8454-4248-86db-3bcd47c96a99@group-4ACABC773A71-SegmentedRaftLogWorker: Starting segment from index:0
2019-09-11 10:32:44,024 [Thread-328] INFO  impl.RoleInfo (RoleInfo.java:updateAndGet(143)) - 36d8287a-f445-472c-84c0-3ac4479cc6b6: start LeaderElection
2019-09-11 10:32:44,070 [pool-67-thread-1] INFO  ratis.ContainerStateMachine (ContainerStateMachine.java:loadSnapshot(230)) - group-42EC5F47EE4E: The snapshot info is null. Setting the last applied indexto:(t:0, i:~)
2019-09-11 10:32:44,069 [pool-107-thread-1] INFO  server.RaftServerConfigKeys (ConfUtils.java:logGet(43)) - raft.server.sleep.deviation.threshold = 300 (default)
2019-09-11 10:32:44,071 [pool-67-thread-1] INFO  server.RaftServerConfigKeys (ConfUtils.java:logGet(43)) - raft.server.notification.no-leader.timeout = 120s (custom)
2019-09-11 10:32:44,114 [d7731897-8454-4248-86db-3bcd47c96a99@group-4ACABC773A71:LeaderElection9] INFO  impl.RaftServerImpl (ServerState.java:setRaftConf(354)) - d7731897-8454-4248-86db-3bcd47c96a99@group-4ACABC773A71: set configuration 0: [d7731897-8454-4248-86db-3bcd47c96a99:192.168.69.96:44589], old=null at 0
2019-09-11 10:32:44,114 [pool-107-thread-1] INFO  server.RaftServerConfigKeys (ConfUtils.java:logGet(43)) - raft.server.log.appender.install.snapshot.enabled = false (custom)
2019-09-11 10:32:44,108 [Thread-329] INFO  impl.FollowerState (FollowerState.java:run(106)) - 057fef34-657c-4281-ab7d-192648031ede:group-8BAF5038FCF7 changes to CANDIDATE, lastRpcTime:1198, electionTimeout:1167ms
2019-09-11 10:32:44,108 [a8d859d1-6640-4c40-83aa-447d1cb68642@group-1895E4B077D6-SegmentedRaftLogWorker] INFO  segmented.SegmentedRaftLogWorker (SegmentedRaftLogWorker.java:execute(569)) - a8d859d1-6640-4c40-83aa-447d1cb68642@group-1895E4B077D6-SegmentedRaftLogWorker: created new log segment /workdir/hadoop-ozone/integration-test/target/test-dir/MiniOzoneClusterImpl-62578b9c-93b1-4e23-b83e-ebaf05b7c577/datanode-9/data/ratis/83096554-6be2-4fe5-a1d6-1895e4b077d6/current/log_inprogress_0
2019-09-11 10:32:44,108 [a147bf4e-e47b-4bef-becd-030e3c92d985@group-B3A9ACD663D7-SegmentedRaftLogWorker] INFO  segmented.SegmentedRaftLogWorker (SegmentedRaftLogWorker.java:execute(569)) - a147bf4e-e47b-4bef-becd-030e3c92d985@group-B3A9ACD663D7-SegmentedRaftLogWorker: created new log segment /workdir/hadoop-ozone/integration-test/target/test-dir/MiniOzoneClusterImpl-62578b9c-93b1-4e23-b83e-ebaf05b7c577/datanode-6/data/ratis/d793c140-c88e-40c6-a719-b3a9acd663d7/current/log_inprogress_0
2019-09-11 10:32:44,118 [Thread-329] INFO  impl.RoleInfo (RoleInfo.java:shutdownFollowerState(121)) - 057fef34-657c-4281-ab7d-192648031ede: shutdown FollowerState
2019-09-11 10:32:44,117 [pool-107-thread-1] INFO  impl.RaftServerImpl (ServerState.java:<init>(103)) - d898b401-bc34-4650-97cf-b91d52192f1e@group-42EC5F47EE4E: ConfigurationManager, init=-1: [a147bf4e-e47b-4bef-becd-030e3c92d985:192.168.69.96:46724, 84160365-33de-4d43-a4b9-c2ba02cae000:192.168.69.96:44334, d898b401-bc34-4650-97cf-b91d52192f1e:192.168.69.96:37663], old=null, confs=<EMPTY_MAP>
2019-09-11 10:32:44,115 [pool-67-thread-1] INFO  server.RaftServerConfigKeys (ConfUtils.java:logGet(43)) - raft.server.log.use.memory = false (default)
2019-09-11 10:32:44,118 [pool-107-thread-1] INFO  server.RaftServerConfigKeys (ConfUtils.java:logGet(43)) - raft.server.storage.dir = [/workdir/hadoop-ozone/integration-test/target/test-dir/MiniOzoneClusterImpl-62578b9c-93b1-4e23-b83e-ebaf05b7c577/datanode-8/data/ratis] (custom)
2019-09-11 10:32:44,118 [pool-67-thread-1] INFO  server.RaftServerConfigKeys (ConfUtils.java:logGet(43)) - raft.server.log.purge.gap = 1000000 (custom)
2019-09-11 10:32:44,118 [Thread-329] INFO  impl.RaftServerImpl (RaftServerImpl.java:setRole(174)) - 057fef34-657c-4281-ab7d-192648031ede@group-8BAF5038FCF7: changes role from  FOLLOWER to CANDIDATE at term 0 for changeToCandidate
2019-09-11 10:32:44,118 [pool-107-thread-1] INFO  storage.RaftStorageDirectory (RaftStorageDirectory.java:analyzeStorage(246)) - The storage directory /workdir/hadoop-ozone/integration-test/target/test-dir/MiniOzoneClusterImpl-62578b9c-93b1-4e23-b83e-ebaf05b7c577/datanode-8/data/ratis/d92856a0-e862-4960-888e-42ec5f47ee4e does not exist. Creating ...
2019-09-11 10:32:44,118 [pool-67-thread-1] INFO  server.RaftServerConfigKeys (ConfUtils.java:logGet(43)) - raft.server.log.appender.buffer.byte-limit = 33554432 (custom)
2019-09-11 10:32:44,119 [Thread-329] INFO  impl.RoleInfo (RoleInfo.java:updateAndGet(143)) - 057fef34-657c-4281-ab7d-192648031ede: start LeaderElection
2019-09-11 10:32:44,119 [pool-67-thread-1] INFO  server.RaftServerConfigKeys (ConfUtils.java:logGet(43)) - raft.server.log.segment.size.max = 1048576 (custom)
2019-09-11 10:32:44,119 [pool-67-thread-1] INFO  server.RaftServerConfigKeys (ConfUtils.java:logGet(43)) - raft.server.log.segment.cache.num.max = 2 (custom)
2019-09-11 10:32:44,124 [pool-67-thread-1] INFO  segmented.SegmentedRaftLogWorker (SegmentedRaftLogWorker.java:<init>(172)) - new 84160365-33de-4d43-a4b9-c2ba02cae000@group-42EC5F47EE4E-SegmentedRaftLogWorker for RaftStorage:Storage Directory /workdir/hadoop-ozone/integration-test/target/test-dir/MiniOzoneClusterImpl-62578b9c-93b1-4e23-b83e-ebaf05b7c577/datanode-4/data/ratis/d92856a0-e862-4960-888e-42ec5f47ee4e
2019-09-11 10:32:44,124 [pool-67-thread-1] INFO  server.RaftServerConfigKeys (ConfUtils.java:logGet(43)) - raft.server.log.queue.byte-limit = 2147483647 (custom)
2019-09-11 10:32:44,124 [pool-67-thread-1] INFO  server.RaftServerConfigKeys (ConfUtils.java:logGet(43)) - raft.server.log.queue.element-limit = 1024 (custom)
2019-09-11 10:32:44,124 [pool-67-thread-1] INFO  server.RaftServerConfigKeys (ConfUtils.java:logGet(43)) - raft.server.log.segment.size.max = 1048576 (custom)
2019-09-11 10:32:44,125 [pool-67-thread-1] INFO  server.RaftServerConfigKeys (ConfUtils.java:logGet(43)) - raft.server.log.preallocated.size = 16384 (custom)
2019-09-11 10:32:44,125 [pool-67-thread-1] INFO  server.RaftServerConfigKeys (ConfUtils.java:logGet(43)) - raft.server.log.write.buffer.size = 33554432 (custom)
2019-09-11 10:32:44,125 [pool-67-thread-1] INFO  server.RaftServerConfigKeys (ConfUtils.java:logGet(43)) - raft.server.log.force.sync.num = 128 (default)
2019-09-11 10:32:44,125 [pool-67-thread-1] INFO  server.RaftServerConfigKeys (ConfUtils.java:logGet(43)) - raft.server.log.statemachine.data.sync = true (default)
2019-09-11 10:32:44,125 [pool-67-thread-1] INFO  server.RaftServerConfigKeys (ConfUtils.java:logGet(43)) - raft.server.log.statemachine.data.sync.timeout = 10s (default)
2019-09-11 10:32:44,125 [pool-67-thread-1] INFO  server.RaftServerConfigKeys (ConfUtils.java:logGet(43)) - raft.server.log.statemachine.data.sync.timeout.retry = -1 (default)
2019-09-11 10:32:44,126 [pool-67-thread-1] INFO  server.RaftServerConfigKeys (ConfUtils.java:logGet(43)) - raft.server.log.statemachine.data.caching.enabled = true (custom)
2019-09-11 10:32:44,130 [pool-67-thread-1] INFO  segmented.SegmentedRaftLogWorker (SegmentedRaftLogWorker.java:lambda$new$0(132)) - 84160365-33de-4d43-a4b9-c2ba02cae000@group-42EC5F47EE4E-SegmentedRaftLogWorker: flushIndex: setUnconditionally 0 -> -1
2019-09-11 10:32:44,130 [pool-67-thread-1] INFO  server.RaftServerConfigKeys (ConfUtils.java:logGet(43)) - raft.server.snapshot.auto.trigger.enabled = true (custom)
2019-09-11 10:32:44,130 [pool-67-thread-1] INFO  server.RaftServerConfigKeys (ConfUtils.java:logGet(43)) - raft.server.snapshot.auto.trigger.threshold = 10000 (custom)
2019-09-11 10:32:44,130 [pool-67-thread-1] INFO  server.RaftServerConfigKeys (ConfUtils.java:logGet(43)) - raft.server.snapshot.retention.num.files = -1 (default)
2019-09-11 10:32:44,130 [pool-87-thread-1] INFO  storage.RaftStorage (RaftStorage.java:format(72)) - Storage directory /workdir/hadoop-ozone/integration-test/target/test-dir/MiniOzoneClusterImpl-62578b9c-93b1-4e23-b83e-ebaf05b7c577/datanode-6/data/ratis/d92856a0-e862-4960-888e-42ec5f47ee4e has been successfully formatted.
2019-09-11 10:32:44,133 [36d8287a-f445-472c-84c0-3ac4479cc6b6@group-8BAF5038FCF7:LeaderElection11] INFO  impl.LeaderElection (LeaderElection.java:askForVotes(182)) - 36d8287a-f445-472c-84c0-3ac4479cc6b6@group-8BAF5038FCF7:LeaderElection11: begin an election at term 1 for -1: [057fef34-657c-4281-ab7d-192648031ede:192.168.69.96:35772, 0ef303e2-5bf5-4b6c-9a73-acca672dcd1f:192.168.69.96:44333, 36d8287a-f445-472c-84c0-3ac4479cc6b6:192.168.69.96:43141], old=null
2019-09-11 10:32:44,130 [pool-67-thread-1] INFO  server.RaftServerConfigKeys (ConfUtils.java:logGet(43)) - raft.server.retrycache.expirytime = 600000ms (custom)
2019-09-11 10:32:44,130 [d7731897-8454-4248-86db-3bcd47c96a99@group-4ACABC773A71-SegmentedRaftLogWorker] INFO  segmented.SegmentedRaftLogWorker (SegmentedRaftLogWorker.java:execute(569)) - d7731897-8454-4248-86db-3bcd47c96a99@group-4ACABC773A71-SegmentedRaftLogWorker: created new log segment /workdir/hadoop-ozone/integration-test/target/test-dir/MiniOzoneClusterImpl-62578b9c-93b1-4e23-b83e-ebaf05b7c577/datanode-3/data/ratis/1480865e-5d45-417b-8fa1-4acabc773a71/current/log_inprogress_0
2019-09-11 10:32:44,133 [pool-87-thread-1] INFO  ratis.ContainerStateMachine (ContainerStateMachine.java:loadSnapshot(230)) - group-42EC5F47EE4E: The snapshot info is null. Setting the last applied indexto:(t:0, i:~)
2019-09-11 10:32:44,133 [pool-87-thread-1] INFO  server.RaftServerConfigKeys (ConfUtils.java:logGet(43)) - raft.server.notification.no-leader.timeout = 120s (custom)
2019-09-11 10:32:44,134 [pool-87-thread-1] INFO  server.RaftServerConfigKeys (ConfUtils.java:logGet(43)) - raft.server.log.use.memory = false (default)
2019-09-11 10:32:44,134 [pool-87-thread-1] INFO  server.RaftServerConfigKeys (ConfUtils.java:logGet(43)) - raft.server.log.purge.gap = 1000000 (custom)
2019-09-11 10:32:44,134 [pool-87-thread-1] INFO  server.RaftServerConfigKeys (ConfUtils.java:logGet(43)) - raft.server.log.appender.buffer.byte-limit = 33554432 (custom)
2019-09-11 10:32:44,134 [pool-87-thread-1] INFO  server.RaftServerConfigKeys (ConfUtils.java:logGet(43)) - raft.server.log.segment.size.max = 1048576 (custom)
2019-09-11 10:32:44,137 [pool-87-thread-1] INFO  server.RaftServerConfigKeys (ConfUtils.java:logGet(43)) - raft.server.log.segment.cache.num.max = 2 (custom)
2019-09-11 10:32:44,137 [pool-87-thread-1] INFO  segmented.SegmentedRaftLogWorker (SegmentedRaftLogWorker.java:<init>(172)) - new a147bf4e-e47b-4bef-becd-030e3c92d985@group-42EC5F47EE4E-SegmentedRaftLogWorker for RaftStorage:Storage Directory /workdir/hadoop-ozone/integration-test/target/test-dir/MiniOzoneClusterImpl-62578b9c-93b1-4e23-b83e-ebaf05b7c577/datanode-6/data/ratis/d92856a0-e862-4960-888e-42ec5f47ee4e
2019-09-11 10:32:44,147 [pool-87-thread-1] INFO  server.RaftServerConfigKeys (ConfUtils.java:logGet(43)) - raft.server.log.queue.byte-limit = 2147483647 (custom)
2019-09-11 10:32:44,147 [pool-87-thread-1] INFO  server.RaftServerConfigKeys (ConfUtils.java:logGet(43)) - raft.server.log.queue.element-limit = 1024 (custom)
2019-09-11 10:32:44,147 [pool-87-thread-1] INFO  server.RaftServerConfigKeys (ConfUtils.java:logGet(43)) - raft.server.log.segment.size.max = 1048576 (custom)
2019-09-11 10:32:44,150 [pool-87-thread-1] INFO  server.RaftServerConfigKeys (ConfUtils.java:logGet(43)) - raft.server.log.preallocated.size = 16384 (custom)
2019-09-11 10:32:44,150 [pool-87-thread-1] INFO  server.RaftServerConfigKeys (ConfUtils.java:logGet(43)) - raft.server.log.write.buffer.size = 33554432 (custom)
2019-09-11 10:32:44,150 [pool-87-thread-1] INFO  server.RaftServerConfigKeys (ConfUtils.java:logGet(43)) - raft.server.log.force.sync.num = 128 (default)
2019-09-11 10:32:44,150 [pool-87-thread-1] INFO  server.RaftServerConfigKeys (ConfUtils.java:logGet(43)) - raft.server.log.statemachine.data.sync = true (default)
2019-09-11 10:32:44,150 [pool-87-thread-1] INFO  server.RaftServerConfigKeys (ConfUtils.java:logGet(43)) - raft.server.log.statemachine.data.sync.timeout = 10s (default)
2019-09-11 10:32:44,151 [pool-87-thread-1] INFO  server.RaftServerConfigKeys (ConfUtils.java:logGet(43)) - raft.server.log.statemachine.data.sync.timeout.retry = -1 (default)
2019-09-11 10:32:44,151 [pool-87-thread-1] INFO  server.RaftServerConfigKeys (ConfUtils.java:logGet(43)) - raft.server.log.statemachine.data.caching.enabled = true (custom)
2019-09-11 10:32:44,151 [pool-87-thread-1] INFO  segmented.SegmentedRaftLogWorker (SegmentedRaftLogWorker.java:lambda$new$0(132)) - a147bf4e-e47b-4bef-becd-030e3c92d985@group-42EC5F47EE4E-SegmentedRaftLogWorker: flushIndex: setUnconditionally 0 -> -1
2019-09-11 10:32:44,152 [pool-87-thread-1] INFO  server.RaftServerConfigKeys (ConfUtils.java:logGet(43)) - raft.server.snapshot.auto.trigger.enabled = true (custom)
2019-09-11 10:32:44,152 [pool-67-thread-1] INFO  impl.RaftServerImpl (RaftServerImpl.java:start(185)) - 84160365-33de-4d43-a4b9-c2ba02cae000@group-42EC5F47EE4E: start as a follower, conf=-1: [a147bf4e-e47b-4bef-becd-030e3c92d985:192.168.69.96:46724, 84160365-33de-4d43-a4b9-c2ba02cae000:192.168.69.96:44334, d898b401-bc34-4650-97cf-b91d52192f1e:192.168.69.96:37663], old=null
2019-09-11 10:32:44,152 [pool-87-thread-1] INFO  server.RaftServerConfigKeys (ConfUtils.java:logGet(43)) - raft.server.snapshot.auto.trigger.threshold = 10000 (custom)
2019-09-11 10:32:44,152 [pool-67-thread-1] INFO  impl.RaftServerImpl (RaftServerImpl.java:setRole(174)) - 84160365-33de-4d43-a4b9-c2ba02cae000@group-42EC5F47EE4E: changes role from      null to FOLLOWER at term 0 for startAsFollower
2019-09-11 10:32:44,153 [pool-87-thread-1] INFO  server.RaftServerConfigKeys (ConfUtils.java:logGet(43)) - raft.server.snapshot.retention.num.files = -1 (default)
2019-09-11 10:32:44,153 [pool-67-thread-1] INFO  impl.RoleInfo (RoleInfo.java:updateAndGet(143)) - 84160365-33de-4d43-a4b9-c2ba02cae000: start FollowerState
2019-09-11 10:32:44,153 [pool-87-thread-1] INFO  server.RaftServerConfigKeys (ConfUtils.java:logGet(43)) - raft.server.retrycache.expirytime = 600000ms (custom)
2019-09-11 10:32:44,154 [pool-67-thread-1] INFO  util.JmxRegister (JmxRegister.java:tryRegister(44)) - Successfully registered JMX Bean with object name Ratis:service=RaftServer,group=group-42EC5F47EE4E,id=84160365-33de-4d43-a4b9-c2ba02cae000
2019-09-11 10:32:44,160 [pool-107-thread-1] INFO  storage.RaftStorageDirectory (RaftStorageDirectory.java:tryLock(328)) - Lock on /workdir/hadoop-ozone/integration-test/target/test-dir/MiniOzoneClusterImpl-62578b9c-93b1-4e23-b83e-ebaf05b7c577/datanode-8/data/ratis/d92856a0-e862-4960-888e-42ec5f47ee4e/in_use.lock acquired by nodename 4752@pr-hdds-1982-decom-states-q64lx-3787986432
2019-09-11 10:32:44,161 [057fef34-657c-4281-ab7d-192648031ede@group-8BAF5038FCF7:LeaderElection12] INFO  impl.LeaderElection (LeaderElection.java:askForVotes(182)) - 057fef34-657c-4281-ab7d-192648031ede@group-8BAF5038FCF7:LeaderElection12: begin an election at term 1 for -1: [057fef34-657c-4281-ab7d-192648031ede:192.168.69.96:35772, 0ef303e2-5bf5-4b6c-9a73-acca672dcd1f:192.168.69.96:44333, 36d8287a-f445-472c-84c0-3ac4479cc6b6:192.168.69.96:43141], old=null
2019-09-11 10:32:44,169 [pool-87-thread-1] INFO  impl.RaftServerImpl (RaftServerImpl.java:start(185)) - a147bf4e-e47b-4bef-becd-030e3c92d985@group-42EC5F47EE4E: start as a follower, conf=-1: [a147bf4e-e47b-4bef-becd-030e3c92d985:192.168.69.96:46724, 84160365-33de-4d43-a4b9-c2ba02cae000:192.168.69.96:44334, d898b401-bc34-4650-97cf-b91d52192f1e:192.168.69.96:37663], old=null
2019-09-11 10:32:44,169 [pool-87-thread-1] INFO  impl.RaftServerImpl (RaftServerImpl.java:setRole(174)) - a147bf4e-e47b-4bef-becd-030e3c92d985@group-42EC5F47EE4E: changes role from      null to FOLLOWER at term 0 for startAsFollower
2019-09-11 10:32:44,169 [pool-87-thread-1] INFO  impl.RoleInfo (RoleInfo.java:updateAndGet(143)) - a147bf4e-e47b-4bef-becd-030e3c92d985: start FollowerState
2019-09-11 10:32:44,170 [pool-87-thread-1] INFO  util.JmxRegister (JmxRegister.java:tryRegister(44)) - Successfully registered JMX Bean with object name Ratis:service=RaftServer,group=group-42EC5F47EE4E,id=a147bf4e-e47b-4bef-becd-030e3c92d985
2019-09-11 10:32:44,191 [pool-107-thread-1] INFO  storage.RaftStorage (RaftStorage.java:format(72)) - Storage directory /workdir/hadoop-ozone/integration-test/target/test-dir/MiniOzoneClusterImpl-62578b9c-93b1-4e23-b83e-ebaf05b7c577/datanode-8/data/ratis/d92856a0-e862-4960-888e-42ec5f47ee4e has been successfully formatted.
2019-09-11 10:32:44,191 [pool-107-thread-1] INFO  ratis.ContainerStateMachine (ContainerStateMachine.java:loadSnapshot(230)) - group-42EC5F47EE4E: The snapshot info is null. Setting the last applied indexto:(t:0, i:~)
2019-09-11 10:32:44,191 [pool-107-thread-1] INFO  server.RaftServerConfigKeys (ConfUtils.java:logGet(43)) - raft.server.notification.no-leader.timeout = 120s (custom)
2019-09-11 10:32:44,192 [pool-107-thread-1] INFO  server.RaftServerConfigKeys (ConfUtils.java:logGet(43)) - raft.server.log.use.memory = false (default)
2019-09-11 10:32:44,192 [pool-107-thread-1] INFO  server.RaftServerConfigKeys (ConfUtils.java:logGet(43)) - raft.server.log.purge.gap = 1000000 (custom)
2019-09-11 10:32:44,192 [pool-107-thread-1] INFO  server.RaftServerConfigKeys (ConfUtils.java:logGet(43)) - raft.server.log.appender.buffer.byte-limit = 33554432 (custom)
2019-09-11 10:32:44,192 [pool-107-thread-1] INFO  server.RaftServerConfigKeys (ConfUtils.java:logGet(43)) - raft.server.log.segment.size.max = 1048576 (custom)
2019-09-11 10:32:44,192 [pool-107-thread-1] INFO  server.RaftServerConfigKeys (ConfUtils.java:logGet(43)) - raft.server.log.segment.cache.num.max = 2 (custom)
2019-09-11 10:32:44,192 [pool-107-thread-1] INFO  segmented.SegmentedRaftLogWorker (SegmentedRaftLogWorker.java:<init>(172)) - new d898b401-bc34-4650-97cf-b91d52192f1e@group-42EC5F47EE4E-SegmentedRaftLogWorker for RaftStorage:Storage Directory /workdir/hadoop-ozone/integration-test/target/test-dir/MiniOzoneClusterImpl-62578b9c-93b1-4e23-b83e-ebaf05b7c577/datanode-8/data/ratis/d92856a0-e862-4960-888e-42ec5f47ee4e
2019-09-11 10:32:44,192 [pool-107-thread-1] INFO  server.RaftServerConfigKeys (ConfUtils.java:logGet(43)) - raft.server.log.queue.byte-limit = 2147483647 (custom)
2019-09-11 10:32:44,193 [pool-107-thread-1] INFO  server.RaftServerConfigKeys (ConfUtils.java:logGet(43)) - raft.server.log.queue.element-limit = 1024 (custom)
2019-09-11 10:32:44,193 [pool-107-thread-1] INFO  server.RaftServerConfigKeys (ConfUtils.java:logGet(43)) - raft.server.log.segment.size.max = 1048576 (custom)
2019-09-11 10:32:44,196 [pool-107-thread-1] INFO  server.RaftServerConfigKeys (ConfUtils.java:logGet(43)) - raft.server.log.preallocated.size = 16384 (custom)
2019-09-11 10:32:44,198 [pool-107-thread-1] INFO  server.RaftServerConfigKeys (ConfUtils.java:logGet(43)) - raft.server.log.write.buffer.size = 33554432 (custom)
2019-09-11 10:32:44,198 [pool-107-thread-1] INFO  server.RaftServerConfigKeys (ConfUtils.java:logGet(43)) - raft.server.log.force.sync.num = 128 (default)
2019-09-11 10:32:44,198 [pool-107-thread-1] INFO  server.RaftServerConfigKeys (ConfUtils.java:logGet(43)) - raft.server.log.statemachine.data.sync = true (default)
2019-09-11 10:32:44,198 [pool-107-thread-1] INFO  server.RaftServerConfigKeys (ConfUtils.java:logGet(43)) - raft.server.log.statemachine.data.sync.timeout = 10s (default)
2019-09-11 10:32:44,201 [pool-107-thread-1] INFO  server.RaftServerConfigKeys (ConfUtils.java:logGet(43)) - raft.server.log.statemachine.data.sync.timeout.retry = -1 (default)
2019-09-11 10:32:44,201 [pool-107-thread-1] INFO  server.RaftServerConfigKeys (ConfUtils.java:logGet(43)) - raft.server.log.statemachine.data.caching.enabled = true (custom)
2019-09-11 10:32:44,201 [pool-107-thread-1] INFO  segmented.SegmentedRaftLogWorker (SegmentedRaftLogWorker.java:lambda$new$0(132)) - d898b401-bc34-4650-97cf-b91d52192f1e@group-42EC5F47EE4E-SegmentedRaftLogWorker: flushIndex: setUnconditionally 0 -> -1
2019-09-11 10:32:44,201 [pool-107-thread-1] INFO  server.RaftServerConfigKeys (ConfUtils.java:logGet(43)) - raft.server.snapshot.auto.trigger.enabled = true (custom)
2019-09-11 10:32:44,202 [pool-107-thread-1] INFO  server.RaftServerConfigKeys (ConfUtils.java:logGet(43)) - raft.server.snapshot.auto.trigger.threshold = 10000 (custom)
2019-09-11 10:32:44,204 [pool-107-thread-1] INFO  server.RaftServerConfigKeys (ConfUtils.java:logGet(43)) - raft.server.snapshot.retention.num.files = -1 (default)
2019-09-11 10:32:44,204 [pool-107-thread-1] INFO  server.RaftServerConfigKeys (ConfUtils.java:logGet(43)) - raft.server.retrycache.expirytime = 600000ms (custom)
2019-09-11 10:32:44,211 [0ef303e2-5bf5-4b6c-9a73-acca672dcd1f@group-8BAF5038FCF7:LeaderElection10] INFO  impl.LeaderElection (LeaderElection.java:logAndReturn(56)) - 0ef303e2-5bf5-4b6c-9a73-acca672dcd1f@group-8BAF5038FCF7:LeaderElection10: Election REJECTED; received 2 response(s) [0ef303e2-5bf5-4b6c-9a73-acca672dcd1f<-057fef34-657c-4281-ab7d-192648031ede#0:FAIL-t1, 0ef303e2-5bf5-4b6c-9a73-acca672dcd1f<-36d8287a-f445-472c-84c0-3ac4479cc6b6#0:FAIL-t1] and 0 exception(s); 0ef303e2-5bf5-4b6c-9a73-acca672dcd1f@group-8BAF5038FCF7:t1, leader=null, voted=0ef303e2-5bf5-4b6c-9a73-acca672dcd1f, raftlog=0ef303e2-5bf5-4b6c-9a73-acca672dcd1f@group-8BAF5038FCF7-SegmentedRaftLog:OPENED:c-1,f-1,i0, conf=-1: [057fef34-657c-4281-ab7d-192648031ede:192.168.69.96:35772, 0ef303e2-5bf5-4b6c-9a73-acca672dcd1f:192.168.69.96:44333, 36d8287a-f445-472c-84c0-3ac4479cc6b6:192.168.69.96:43141], old=null
2019-09-11 10:32:44,213 [36d8287a-f445-472c-84c0-3ac4479cc6b6@group-8BAF5038FCF7:LeaderElection11] INFO  impl.LeaderElection (LeaderElection.java:logAndReturn(56)) - 36d8287a-f445-472c-84c0-3ac4479cc6b6@group-8BAF5038FCF7:LeaderElection11: Election REJECTED; received 2 response(s) [36d8287a-f445-472c-84c0-3ac4479cc6b6<-0ef303e2-5bf5-4b6c-9a73-acca672dcd1f#0:FAIL-t1, 36d8287a-f445-472c-84c0-3ac4479cc6b6<-057fef34-657c-4281-ab7d-192648031ede#0:FAIL-t1] and 0 exception(s); 36d8287a-f445-472c-84c0-3ac4479cc6b6@group-8BAF5038FCF7:t1, leader=null, voted=36d8287a-f445-472c-84c0-3ac4479cc6b6, raftlog=36d8287a-f445-472c-84c0-3ac4479cc6b6@group-8BAF5038FCF7-SegmentedRaftLog:OPENED:c-1,f-1,i0, conf=-1: [057fef34-657c-4281-ab7d-192648031ede:192.168.69.96:35772, 0ef303e2-5bf5-4b6c-9a73-acca672dcd1f:192.168.69.96:44333, 36d8287a-f445-472c-84c0-3ac4479cc6b6:192.168.69.96:43141], old=null
2019-09-11 10:32:44,215 [0ef303e2-5bf5-4b6c-9a73-acca672dcd1f@group-8BAF5038FCF7:LeaderElection10] INFO  impl.RaftServerImpl (RaftServerImpl.java:setRole(174)) - 0ef303e2-5bf5-4b6c-9a73-acca672dcd1f@group-8BAF5038FCF7: changes role from CANDIDATE to FOLLOWER at term 1 for DISCOVERED_A_NEW_TERM
2019-09-11 10:32:44,213 [pool-107-thread-1] INFO  impl.RaftServerImpl (RaftServerImpl.java:start(185)) - d898b401-bc34-4650-97cf-b91d52192f1e@group-42EC5F47EE4E: start as a follower, conf=-1: [a147bf4e-e47b-4bef-becd-030e3c92d985:192.168.69.96:46724, 84160365-33de-4d43-a4b9-c2ba02cae000:192.168.69.96:44334, d898b401-bc34-4650-97cf-b91d52192f1e:192.168.69.96:37663], old=null
2019-09-11 10:32:44,220 [36d8287a-f445-472c-84c0-3ac4479cc6b6@group-8BAF5038FCF7:LeaderElection11] INFO  impl.RaftServerImpl (RaftServerImpl.java:setRole(174)) - 36d8287a-f445-472c-84c0-3ac4479cc6b6@group-8BAF5038FCF7: changes role from CANDIDATE to FOLLOWER at term 1 for DISCOVERED_A_NEW_TERM
2019-09-11 10:32:44,218 [0ef303e2-5bf5-4b6c-9a73-acca672dcd1f@group-8BAF5038FCF7:LeaderElection10] INFO  impl.RoleInfo (RoleInfo.java:shutdownLeaderElection(134)) - 0ef303e2-5bf5-4b6c-9a73-acca672dcd1f: shutdown LeaderElection
2019-09-11 10:32:44,224 [pool-107-thread-1] INFO  impl.RaftServerImpl (RaftServerImpl.java:setRole(174)) - d898b401-bc34-4650-97cf-b91d52192f1e@group-42EC5F47EE4E: changes role from      null to FOLLOWER at term 0 for startAsFollower
2019-09-11 10:32:44,224 [0ef303e2-5bf5-4b6c-9a73-acca672dcd1f@group-8BAF5038FCF7:LeaderElection10] INFO  impl.RoleInfo (RoleInfo.java:updateAndGet(143)) - 0ef303e2-5bf5-4b6c-9a73-acca672dcd1f: start FollowerState
2019-09-11 10:32:44,224 [36d8287a-f445-472c-84c0-3ac4479cc6b6@group-8BAF5038FCF7:LeaderElection11] INFO  impl.RoleInfo (RoleInfo.java:shutdownLeaderElection(134)) - 36d8287a-f445-472c-84c0-3ac4479cc6b6: shutdown LeaderElection
2019-09-11 10:32:44,224 [pool-107-thread-1] INFO  impl.RoleInfo (RoleInfo.java:updateAndGet(143)) - d898b401-bc34-4650-97cf-b91d52192f1e: start FollowerState
2019-09-11 10:32:44,227 [36d8287a-f445-472c-84c0-3ac4479cc6b6@group-8BAF5038FCF7:LeaderElection11] INFO  impl.RoleInfo (RoleInfo.java:updateAndGet(143)) - 36d8287a-f445-472c-84c0-3ac4479cc6b6: start FollowerState
2019-09-11 10:32:44,227 [pool-107-thread-1] INFO  util.JmxRegister (JmxRegister.java:tryRegister(44)) - Successfully registered JMX Bean with object name Ratis:service=RaftServer,group=group-42EC5F47EE4E,id=d898b401-bc34-4650-97cf-b91d52192f1e
2019-09-11 10:32:44,244 [RatisPipelineUtilsThread] INFO  pipeline.PipelineStateManager (PipelineStateManager.java:addPipeline(56)) - Created pipeline Pipeline[ Id: d92856a0-e862-4960-888e-42ec5f47ee4e, Nodes: 84160365-33de-4d43-a4b9-c2ba02cae000{ip: 192.168.69.96, host: pr-hdds-1982-decom-states-q64lx-3787986432, networkLocation: /default-rack, certSerialId: null}d898b401-bc34-4650-97cf-b91d52192f1e{ip: 192.168.69.96, host: pr-hdds-1982-decom-states-q64lx-3787986432, networkLocation: /default-rack, certSerialId: null}a147bf4e-e47b-4bef-becd-030e3c92d985{ip: 192.168.69.96, host: pr-hdds-1982-decom-states-q64lx-3787986432, networkLocation: /default-rack, certSerialId: null}, Type:RATIS, Factor:THREE, State:OPEN]
2019-09-11 10:32:44,252 [057fef34-657c-4281-ab7d-192648031ede@group-8BAF5038FCF7:LeaderElection12] INFO  impl.LeaderElection (LeaderElection.java:logAndReturn(56)) - 057fef34-657c-4281-ab7d-192648031ede@group-8BAF5038FCF7:LeaderElection12: Election REJECTED; received 2 response(s) [057fef34-657c-4281-ab7d-192648031ede<-0ef303e2-5bf5-4b6c-9a73-acca672dcd1f#0:FAIL-t1, 057fef34-657c-4281-ab7d-192648031ede<-36d8287a-f445-472c-84c0-3ac4479cc6b6#0:FAIL-t1] and 0 exception(s); 057fef34-657c-4281-ab7d-192648031ede@group-8BAF5038FCF7:t1, leader=null, voted=057fef34-657c-4281-ab7d-192648031ede, raftlog=057fef34-657c-4281-ab7d-192648031ede@group-8BAF5038FCF7-SegmentedRaftLog:OPENED:c-1,f-1,i0, conf=-1: [057fef34-657c-4281-ab7d-192648031ede:192.168.69.96:35772, 0ef303e2-5bf5-4b6c-9a73-acca672dcd1f:192.168.69.96:44333, 36d8287a-f445-472c-84c0-3ac4479cc6b6:192.168.69.96:43141], old=null
2019-09-11 10:32:44,255 [057fef34-657c-4281-ab7d-192648031ede@group-8BAF5038FCF7:LeaderElection12] INFO  impl.RaftServerImpl (RaftServerImpl.java:setRole(174)) - 057fef34-657c-4281-ab7d-192648031ede@group-8BAF5038FCF7: changes role from CANDIDATE to FOLLOWER at term 1 for DISCOVERED_A_NEW_TERM
2019-09-11 10:32:44,259 [057fef34-657c-4281-ab7d-192648031ede@group-8BAF5038FCF7:LeaderElection12] INFO  impl.RoleInfo (RoleInfo.java:shutdownLeaderElection(134)) - 057fef34-657c-4281-ab7d-192648031ede: shutdown LeaderElection
2019-09-11 10:32:44,259 [057fef34-657c-4281-ab7d-192648031ede@group-8BAF5038FCF7:LeaderElection12] INFO  impl.RoleInfo (RoleInfo.java:updateAndGet(143)) - 057fef34-657c-4281-ab7d-192648031ede: start FollowerState
2019-09-11 10:32:44,271 [grpc-default-executor-3] INFO  impl.RaftServerProxy (RaftServerProxy.java:addNew(89)) - 95b20011-2e58-4a94-a7ae-3b1213f1c518: addNew group-2722138C0FE0:[a8d859d1-6640-4c40-83aa-447d1cb68642:192.168.69.96:35156, aeb2043f-b21f-448b-b98e-71f6b579dea4:192.168.69.96:42052, 95b20011-2e58-4a94-a7ae-3b1213f1c518:192.168.69.96:39413] returns group-2722138C0FE0:java.util.concurrent.CompletableFuture@68d979d3[Not completed]
2019-09-11 10:32:44,275 [grpc-default-executor-2] INFO  impl.RaftServerProxy (RaftServerProxy.java:addNew(89)) - aeb2043f-b21f-448b-b98e-71f6b579dea4: addNew group-2722138C0FE0:[a8d859d1-6640-4c40-83aa-447d1cb68642:192.168.69.96:35156, aeb2043f-b21f-448b-b98e-71f6b579dea4:192.168.69.96:42052, 95b20011-2e58-4a94-a7ae-3b1213f1c518:192.168.69.96:39413] returns group-2722138C0FE0:java.util.concurrent.CompletableFuture@ec189c1[Not completed]
2019-09-11 10:32:44,277 [grpc-default-executor-2] INFO  impl.RaftServerProxy (RaftServerProxy.java:addNew(89)) - a8d859d1-6640-4c40-83aa-447d1cb68642: addNew group-2722138C0FE0:[a8d859d1-6640-4c40-83aa-447d1cb68642:192.168.69.96:35156, aeb2043f-b21f-448b-b98e-71f6b579dea4:192.168.69.96:42052, 95b20011-2e58-4a94-a7ae-3b1213f1c518:192.168.69.96:39413] returns group-2722138C0FE0:java.util.concurrent.CompletableFuture@5d068ee2[Not completed]
2019-09-11 10:32:44,278 [pool-97-thread-1] INFO  impl.RaftServerImpl (RaftServerImpl.java:<init>(95)) - 95b20011-2e58-4a94-a7ae-3b1213f1c518: new RaftServerImpl for group-2722138C0FE0:[a8d859d1-6640-4c40-83aa-447d1cb68642:192.168.69.96:35156, aeb2043f-b21f-448b-b98e-71f6b579dea4:192.168.69.96:42052, 95b20011-2e58-4a94-a7ae-3b1213f1c518:192.168.69.96:39413] with ContainerStateMachine:uninitialized
2019-09-11 10:32:44,278 [pool-97-thread-1] INFO  server.RaftServerConfigKeys (ConfUtils.java:logGet(43)) - raft.server.rpc.timeout.min = 1s (custom)
2019-09-11 10:32:44,278 [pool-97-thread-1] INFO  server.RaftServerConfigKeys (ConfUtils.java:logGet(43)) - raft.server.rpc.timeout.max = 1200ms (custom)
2019-09-11 10:32:44,278 [pool-97-thread-1] INFO  server.RaftServerConfigKeys (ConfUtils.java:logGet(43)) - raft.server.rpcslowness.timeout = 120s (custom)
2019-09-11 10:32:44,279 [pool-97-thread-1] INFO  server.RaftServerConfigKeys (ConfUtils.java:logGet(43)) - raft.server.sleep.deviation.threshold = 300 (default)
2019-09-11 10:32:44,279 [pool-97-thread-1] INFO  server.RaftServerConfigKeys (ConfUtils.java:logGet(43)) - raft.server.log.appender.install.snapshot.enabled = false (custom)
2019-09-11 10:32:44,279 [pool-97-thread-1] INFO  impl.RaftServerImpl (ServerState.java:<init>(103)) - 95b20011-2e58-4a94-a7ae-3b1213f1c518@group-2722138C0FE0: ConfigurationManager, init=-1: [a8d859d1-6640-4c40-83aa-447d1cb68642:192.168.69.96:35156, aeb2043f-b21f-448b-b98e-71f6b579dea4:192.168.69.96:42052, 95b20011-2e58-4a94-a7ae-3b1213f1c518:192.168.69.96:39413], old=null, confs=<EMPTY_MAP>
2019-09-11 10:32:44,279 [pool-117-thread-1] INFO  impl.RaftServerImpl (RaftServerImpl.java:<init>(95)) - a8d859d1-6640-4c40-83aa-447d1cb68642: new RaftServerImpl for group-2722138C0FE0:[a8d859d1-6640-4c40-83aa-447d1cb68642:192.168.69.96:35156, aeb2043f-b21f-448b-b98e-71f6b579dea4:192.168.69.96:42052, 95b20011-2e58-4a94-a7ae-3b1213f1c518:192.168.69.96:39413] with ContainerStateMachine:uninitialized
2019-09-11 10:32:44,279 [pool-97-thread-1] INFO  server.RaftServerConfigKeys (ConfUtils.java:logGet(43)) - raft.server.storage.dir = [/workdir/hadoop-ozone/integration-test/target/test-dir/MiniOzoneClusterImpl-62578b9c-93b1-4e23-b83e-ebaf05b7c577/datanode-7/data/ratis] (custom)
2019-09-11 10:32:44,279 [pool-117-thread-1] INFO  server.RaftServerConfigKeys (ConfUtils.java:logGet(43)) - raft.server.rpc.timeout.min = 1s (custom)
2019-09-11 10:32:44,279 [pool-117-thread-1] INFO  server.RaftServerConfigKeys (ConfUtils.java:logGet(43)) - raft.server.rpc.timeout.max = 1200ms (custom)
2019-09-11 10:32:44,279 [pool-97-thread-1] INFO  storage.RaftStorageDirectory (RaftStorageDirectory.java:analyzeStorage(246)) - The storage directory /workdir/hadoop-ozone/integration-test/target/test-dir/MiniOzoneClusterImpl-62578b9c-93b1-4e23-b83e-ebaf05b7c577/datanode-7/data/ratis/e8f86b12-a110-46ad-9495-2722138c0fe0 does not exist. Creating ...
2019-09-11 10:32:44,280 [pool-117-thread-1] INFO  server.RaftServerConfigKeys (ConfUtils.java:logGet(43)) - raft.server.rpcslowness.timeout = 120s (custom)
2019-09-11 10:32:44,280 [pool-117-thread-1] INFO  server.RaftServerConfigKeys (ConfUtils.java:logGet(43)) - raft.server.sleep.deviation.threshold = 300 (default)
2019-09-11 10:32:44,280 [pool-47-thread-1] INFO  impl.RaftServerImpl (RaftServerImpl.java:<init>(95)) - aeb2043f-b21f-448b-b98e-71f6b579dea4: new RaftServerImpl for group-2722138C0FE0:[a8d859d1-6640-4c40-83aa-447d1cb68642:192.168.69.96:35156, aeb2043f-b21f-448b-b98e-71f6b579dea4:192.168.69.96:42052, 95b20011-2e58-4a94-a7ae-3b1213f1c518:192.168.69.96:39413] with ContainerStateMachine:uninitialized
2019-09-11 10:32:44,280 [pool-117-thread-1] INFO  server.RaftServerConfigKeys (ConfUtils.java:logGet(43)) - raft.server.log.appender.install.snapshot.enabled = false (custom)
2019-09-11 10:32:44,280 [pool-47-thread-1] INFO  server.RaftServerConfigKeys (ConfUtils.java:logGet(43)) - raft.server.rpc.timeout.min = 1s (custom)
2019-09-11 10:32:44,280 [pool-117-thread-1] INFO  impl.RaftServerImpl (ServerState.java:<init>(103)) - a8d859d1-6640-4c40-83aa-447d1cb68642@group-2722138C0FE0: ConfigurationManager, init=-1: [a8d859d1-6640-4c40-83aa-447d1cb68642:192.168.69.96:35156, aeb2043f-b21f-448b-b98e-71f6b579dea4:192.168.69.96:42052, 95b20011-2e58-4a94-a7ae-3b1213f1c518:192.168.69.96:39413], old=null, confs=<EMPTY_MAP>
2019-09-11 10:32:44,280 [pool-47-thread-1] INFO  server.RaftServerConfigKeys (ConfUtils.java:logGet(43)) - raft.server.rpc.timeout.max = 1200ms (custom)
2019-09-11 10:32:44,280 [pool-117-thread-1] INFO  server.RaftServerConfigKeys (ConfUtils.java:logGet(43)) - raft.server.storage.dir = [/workdir/hadoop-ozone/integration-test/target/test-dir/MiniOzoneClusterImpl-62578b9c-93b1-4e23-b83e-ebaf05b7c577/datanode-9/data/ratis] (custom)
2019-09-11 10:32:44,280 [pool-47-thread-1] INFO  server.RaftServerConfigKeys (ConfUtils.java:logGet(43)) - raft.server.rpcslowness.timeout = 120s (custom)
2019-09-11 10:32:44,281 [pool-47-thread-1] INFO  server.RaftServerConfigKeys (ConfUtils.java:logGet(43)) - raft.server.sleep.deviation.threshold = 300 (default)
2019-09-11 10:32:44,281 [pool-47-thread-1] INFO  server.RaftServerConfigKeys (ConfUtils.java:logGet(43)) - raft.server.log.appender.install.snapshot.enabled = false (custom)
2019-09-11 10:32:44,281 [pool-117-thread-1] INFO  storage.RaftStorageDirectory (RaftStorageDirectory.java:analyzeStorage(246)) - The storage directory /workdir/hadoop-ozone/integration-test/target/test-dir/MiniOzoneClusterImpl-62578b9c-93b1-4e23-b83e-ebaf05b7c577/datanode-9/data/ratis/e8f86b12-a110-46ad-9495-2722138c0fe0 does not exist. Creating ...
2019-09-11 10:32:44,281 [pool-47-thread-1] INFO  impl.RaftServerImpl (ServerState.java:<init>(103)) - aeb2043f-b21f-448b-b98e-71f6b579dea4@group-2722138C0FE0: ConfigurationManager, init=-1: [a8d859d1-6640-4c40-83aa-447d1cb68642:192.168.69.96:35156, aeb2043f-b21f-448b-b98e-71f6b579dea4:192.168.69.96:42052, 95b20011-2e58-4a94-a7ae-3b1213f1c518:192.168.69.96:39413], old=null, confs=<EMPTY_MAP>
2019-09-11 10:32:44,281 [pool-47-thread-1] INFO  server.RaftServerConfigKeys (ConfUtils.java:logGet(43)) - raft.server.storage.dir = [/workdir/hadoop-ozone/integration-test/target/test-dir/MiniOzoneClusterImpl-62578b9c-93b1-4e23-b83e-ebaf05b7c577/datanode-2/data/ratis] (custom)
2019-09-11 10:32:44,281 [pool-47-thread-1] INFO  storage.RaftStorageDirectory (RaftStorageDirectory.java:analyzeStorage(246)) - The storage directory /workdir/hadoop-ozone/integration-test/target/test-dir/MiniOzoneClusterImpl-62578b9c-93b1-4e23-b83e-ebaf05b7c577/datanode-2/data/ratis/e8f86b12-a110-46ad-9495-2722138c0fe0 does not exist. Creating ...
2019-09-11 10:32:44,302 [pool-117-thread-1] INFO  storage.RaftStorageDirectory (RaftStorageDirectory.java:tryLock(328)) - Lock on /workdir/hadoop-ozone/integration-test/target/test-dir/MiniOzoneClusterImpl-62578b9c-93b1-4e23-b83e-ebaf05b7c577/datanode-9/data/ratis/e8f86b12-a110-46ad-9495-2722138c0fe0/in_use.lock acquired by nodename 4752@pr-hdds-1982-decom-states-q64lx-3787986432
2019-09-11 10:32:44,302 [pool-97-thread-1] INFO  storage.RaftStorageDirectory (RaftStorageDirectory.java:tryLock(328)) - Lock on /workdir/hadoop-ozone/integration-test/target/test-dir/MiniOzoneClusterImpl-62578b9c-93b1-4e23-b83e-ebaf05b7c577/datanode-7/data/ratis/e8f86b12-a110-46ad-9495-2722138c0fe0/in_use.lock acquired by nodename 4752@pr-hdds-1982-decom-states-q64lx-3787986432
2019-09-11 10:32:44,302 [pool-47-thread-1] INFO  storage.RaftStorageDirectory (RaftStorageDirectory.java:tryLock(328)) - Lock on /workdir/hadoop-ozone/integration-test/target/test-dir/MiniOzoneClusterImpl-62578b9c-93b1-4e23-b83e-ebaf05b7c577/datanode-2/data/ratis/e8f86b12-a110-46ad-9495-2722138c0fe0/in_use.lock acquired by nodename 4752@pr-hdds-1982-decom-states-q64lx-3787986432
2019-09-11 10:32:44,320 [pool-97-thread-1] INFO  storage.RaftStorage (RaftStorage.java:format(72)) - Storage directory /workdir/hadoop-ozone/integration-test/target/test-dir/MiniOzoneClusterImpl-62578b9c-93b1-4e23-b83e-ebaf05b7c577/datanode-7/data/ratis/e8f86b12-a110-46ad-9495-2722138c0fe0 has been successfully formatted.
2019-09-11 10:32:44,320 [pool-47-thread-1] INFO  storage.RaftStorage (RaftStorage.java:format(72)) - Storage directory /workdir/hadoop-ozone/integration-test/target/test-dir/MiniOzoneClusterImpl-62578b9c-93b1-4e23-b83e-ebaf05b7c577/datanode-2/data/ratis/e8f86b12-a110-46ad-9495-2722138c0fe0 has been successfully formatted.
2019-09-11 10:32:44,320 [pool-117-thread-1] INFO  storage.RaftStorage (RaftStorage.java:format(72)) - Storage directory /workdir/hadoop-ozone/integration-test/target/test-dir/MiniOzoneClusterImpl-62578b9c-93b1-4e23-b83e-ebaf05b7c577/datanode-9/data/ratis/e8f86b12-a110-46ad-9495-2722138c0fe0 has been successfully formatted.
2019-09-11 10:32:44,320 [pool-97-thread-1] INFO  ratis.ContainerStateMachine (ContainerStateMachine.java:loadSnapshot(230)) - group-2722138C0FE0: The snapshot info is null. Setting the last applied indexto:(t:0, i:~)
2019-09-11 10:32:44,320 [pool-47-thread-1] INFO  ratis.ContainerStateMachine (ContainerStateMachine.java:loadSnapshot(230)) - group-2722138C0FE0: The snapshot info is null. Setting the last applied indexto:(t:0, i:~)
2019-09-11 10:32:44,320 [pool-97-thread-1] INFO  server.RaftServerConfigKeys (ConfUtils.java:logGet(43)) - raft.server.notification.no-leader.timeout = 120s (custom)
2019-09-11 10:32:44,320 [pool-117-thread-1] INFO  ratis.ContainerStateMachine (ContainerStateMachine.java:loadSnapshot(230)) - group-2722138C0FE0: The snapshot info is null. Setting the last applied indexto:(t:0, i:~)
2019-09-11 10:32:44,321 [pool-97-thread-1] INFO  server.RaftServerConfigKeys (ConfUtils.java:logGet(43)) - raft.server.log.use.memory = false (default)
2019-09-11 10:32:44,321 [pool-47-thread-1] INFO  server.RaftServerConfigKeys (ConfUtils.java:logGet(43)) - raft.server.notification.no-leader.timeout = 120s (custom)
2019-09-11 10:32:44,321 [pool-97-thread-1] INFO  server.RaftServerConfigKeys (ConfUtils.java:logGet(43)) - raft.server.log.purge.gap = 1000000 (custom)
2019-09-11 10:32:44,321 [pool-117-thread-1] INFO  server.RaftServerConfigKeys (ConfUtils.java:logGet(43)) - raft.server.notification.no-leader.timeout = 120s (custom)
2019-09-11 10:32:44,321 [pool-97-thread-1] INFO  server.RaftServerConfigKeys (ConfUtils.java:logGet(43)) - raft.server.log.appender.buffer.byte-limit = 33554432 (custom)
2019-09-11 10:32:44,321 [pool-47-thread-1] INFO  server.RaftServerConfigKeys (ConfUtils.java:logGet(43)) - raft.server.log.use.memory = false (default)
2019-09-11 10:32:44,321 [pool-97-thread-1] INFO  server.RaftServerConfigKeys (ConfUtils.java:logGet(43)) - raft.server.log.segment.size.max = 1048576 (custom)
2019-09-11 10:32:44,321 [pool-117-thread-1] INFO  server.RaftServerConfigKeys (ConfUtils.java:logGet(43)) - raft.server.log.use.memory = false (default)
2019-09-11 10:32:44,322 [pool-97-thread-1] INFO  server.RaftServerConfigKeys (ConfUtils.java:logGet(43)) - raft.server.log.segment.cache.num.max = 2 (custom)
2019-09-11 10:32:44,322 [pool-47-thread-1] INFO  server.RaftServerConfigKeys (ConfUtils.java:logGet(43)) - raft.server.log.purge.gap = 1000000 (custom)
2019-09-11 10:32:44,322 [pool-97-thread-1] INFO  segmented.SegmentedRaftLogWorker (SegmentedRaftLogWorker.java:<init>(172)) - new 95b20011-2e58-4a94-a7ae-3b1213f1c518@group-2722138C0FE0-SegmentedRaftLogWorker for RaftStorage:Storage Directory /workdir/hadoop-ozone/integration-test/target/test-dir/MiniOzoneClusterImpl-62578b9c-93b1-4e23-b83e-ebaf05b7c577/datanode-7/data/ratis/e8f86b12-a110-46ad-9495-2722138c0fe0
2019-09-11 10:32:44,322 [pool-117-thread-1] INFO  server.RaftServerConfigKeys (ConfUtils.java:logGet(43)) - raft.server.log.purge.gap = 1000000 (custom)
2019-09-11 10:32:44,322 [pool-97-thread-1] INFO  server.RaftServerConfigKeys (ConfUtils.java:logGet(43)) - raft.server.log.queue.byte-limit = 2147483647 (custom)
2019-09-11 10:32:44,322 [pool-47-thread-1] INFO  server.RaftServerConfigKeys (ConfUtils.java:logGet(43)) - raft.server.log.appender.buffer.byte-limit = 33554432 (custom)
2019-09-11 10:32:44,322 [pool-97-thread-1] INFO  server.RaftServerConfigKeys (ConfUtils.java:logGet(43)) - raft.server.log.queue.element-limit = 1024 (custom)
2019-09-11 10:32:44,322 [pool-117-thread-1] INFO  server.RaftServerConfigKeys (ConfUtils.java:logGet(43)) - raft.server.log.appender.buffer.byte-limit = 33554432 (custom)
2019-09-11 10:32:44,323 [pool-97-thread-1] INFO  server.RaftServerConfigKeys (ConfUtils.java:logGet(43)) - raft.server.log.segment.size.max = 1048576 (custom)
2019-09-11 10:32:44,323 [pool-47-thread-1] INFO  server.RaftServerConfigKeys (ConfUtils.java:logGet(43)) - raft.server.log.segment.size.max = 1048576 (custom)
2019-09-11 10:32:44,323 [pool-97-thread-1] INFO  server.RaftServerConfigKeys (ConfUtils.java:logGet(43)) - raft.server.log.preallocated.size = 16384 (custom)
2019-09-11 10:32:44,323 [pool-117-thread-1] INFO  server.RaftServerConfigKeys (ConfUtils.java:logGet(43)) - raft.server.log.segment.size.max = 1048576 (custom)
2019-09-11 10:32:44,323 [pool-97-thread-1] INFO  server.RaftServerConfigKeys (ConfUtils.java:logGet(43)) - raft.server.log.write.buffer.size = 33554432 (custom)
2019-09-11 10:32:44,323 [pool-47-thread-1] INFO  server.RaftServerConfigKeys (ConfUtils.java:logGet(43)) - raft.server.log.segment.cache.num.max = 2 (custom)
2019-09-11 10:32:44,323 [pool-97-thread-1] INFO  server.RaftServerConfigKeys (ConfUtils.java:logGet(43)) - raft.server.log.force.sync.num = 128 (default)
2019-09-11 10:32:44,323 [pool-117-thread-1] INFO  server.RaftServerConfigKeys (ConfUtils.java:logGet(43)) - raft.server.log.segment.cache.num.max = 2 (custom)
2019-09-11 10:32:44,324 [pool-97-thread-1] INFO  server.RaftServerConfigKeys (ConfUtils.java:logGet(43)) - raft.server.log.statemachine.data.sync = true (default)
2019-09-11 10:32:44,324 [pool-47-thread-1] INFO  segmented.SegmentedRaftLogWorker (SegmentedRaftLogWorker.java:<init>(172)) - new aeb2043f-b21f-448b-b98e-71f6b579dea4@group-2722138C0FE0-SegmentedRaftLogWorker for RaftStorage:Storage Directory /workdir/hadoop-ozone/integration-test/target/test-dir/MiniOzoneClusterImpl-62578b9c-93b1-4e23-b83e-ebaf05b7c577/datanode-2/data/ratis/e8f86b12-a110-46ad-9495-2722138c0fe0
2019-09-11 10:32:44,324 [pool-97-thread-1] INFO  server.RaftServerConfigKeys (ConfUtils.java:logGet(43)) - raft.server.log.statemachine.data.sync.timeout = 10s (default)
2019-09-11 10:32:44,324 [pool-117-thread-1] INFO  segmented.SegmentedRaftLogWorker (SegmentedRaftLogWorker.java:<init>(172)) - new a8d859d1-6640-4c40-83aa-447d1cb68642@group-2722138C0FE0-SegmentedRaftLogWorker for RaftStorage:Storage Directory /workdir/hadoop-ozone/integration-test/target/test-dir/MiniOzoneClusterImpl-62578b9c-93b1-4e23-b83e-ebaf05b7c577/datanode-9/data/ratis/e8f86b12-a110-46ad-9495-2722138c0fe0
2019-09-11 10:32:44,324 [pool-97-thread-1] INFO  server.RaftServerConfigKeys (ConfUtils.java:logGet(43)) - raft.server.log.statemachine.data.sync.timeout.retry = -1 (default)
2019-09-11 10:32:44,324 [pool-47-thread-1] INFO  server.RaftServerConfigKeys (ConfUtils.java:logGet(43)) - raft.server.log.queue.byte-limit = 2147483647 (custom)
2019-09-11 10:32:44,324 [pool-97-thread-1] INFO  server.RaftServerConfigKeys (ConfUtils.java:logGet(43)) - raft.server.log.statemachine.data.caching.enabled = true (custom)
2019-09-11 10:32:44,324 [pool-117-thread-1] INFO  server.RaftServerConfigKeys (ConfUtils.java:logGet(43)) - raft.server.log.queue.byte-limit = 2147483647 (custom)
2019-09-11 10:32:44,325 [pool-47-thread-1] INFO  server.RaftServerConfigKeys (ConfUtils.java:logGet(43)) - raft.server.log.queue.element-limit = 1024 (custom)
2019-09-11 10:32:44,325 [pool-97-thread-1] INFO  segmented.SegmentedRaftLogWorker (SegmentedRaftLogWorker.java:lambda$new$0(132)) - 95b20011-2e58-4a94-a7ae-3b1213f1c518@group-2722138C0FE0-SegmentedRaftLogWorker: flushIndex: setUnconditionally 0 -> -1
2019-09-11 10:32:44,325 [pool-117-thread-1] INFO  server.RaftServerConfigKeys (ConfUtils.java:logGet(43)) - raft.server.log.queue.element-limit = 1024 (custom)
2019-09-11 10:32:44,325 [pool-47-thread-1] INFO  server.RaftServerConfigKeys (ConfUtils.java:logGet(43)) - raft.server.log.segment.size.max = 1048576 (custom)
2019-09-11 10:32:44,325 [pool-97-thread-1] INFO  server.RaftServerConfigKeys (ConfUtils.java:logGet(43)) - raft.server.snapshot.auto.trigger.enabled = true (custom)
2019-09-11 10:32:44,325 [pool-117-thread-1] INFO  server.RaftServerConfigKeys (ConfUtils.java:logGet(43)) - raft.server.log.segment.size.max = 1048576 (custom)
2019-09-11 10:32:44,325 [pool-97-thread-1] INFO  server.RaftServerConfigKeys (ConfUtils.java:logGet(43)) - raft.server.snapshot.auto.trigger.threshold = 10000 (custom)
2019-09-11 10:32:44,325 [pool-47-thread-1] INFO  server.RaftServerConfigKeys (ConfUtils.java:logGet(43)) - raft.server.log.preallocated.size = 16384 (custom)
2019-09-11 10:32:44,326 [pool-97-thread-1] INFO  server.RaftServerConfigKeys (ConfUtils.java:logGet(43)) - raft.server.snapshot.retention.num.files = -1 (default)
2019-09-11 10:32:44,326 [pool-117-thread-1] INFO  server.RaftServerConfigKeys (ConfUtils.java:logGet(43)) - raft.server.log.preallocated.size = 16384 (custom)
2019-09-11 10:32:44,326 [pool-97-thread-1] INFO  server.RaftServerConfigKeys (ConfUtils.java:logGet(43)) - raft.server.retrycache.expirytime = 600000ms (custom)
2019-09-11 10:32:44,326 [pool-47-thread-1] INFO  server.RaftServerConfigKeys (ConfUtils.java:logGet(43)) - raft.server.log.write.buffer.size = 33554432 (custom)
2019-09-11 10:32:44,326 [pool-117-thread-1] INFO  server.RaftServerConfigKeys (ConfUtils.java:logGet(43)) - raft.server.log.write.buffer.size = 33554432 (custom)
2019-09-11 10:32:44,326 [pool-47-thread-1] INFO  server.RaftServerConfigKeys (ConfUtils.java:logGet(43)) - raft.server.log.force.sync.num = 128 (default)
2019-09-11 10:32:44,327 [pool-117-thread-1] INFO  server.RaftServerConfigKeys (ConfUtils.java:logGet(43)) - raft.server.log.force.sync.num = 128 (default)
2019-09-11 10:32:44,327 [pool-47-thread-1] INFO  server.RaftServerConfigKeys (ConfUtils.java:logGet(43)) - raft.server.log.statemachine.data.sync = true (default)
2019-09-11 10:32:44,327 [pool-117-thread-1] INFO  server.RaftServerConfigKeys (ConfUtils.java:logGet(43)) - raft.server.log.statemachine.data.sync = true (default)
2019-09-11 10:32:44,327 [pool-47-thread-1] INFO  server.RaftServerConfigKeys (ConfUtils.java:logGet(43)) - raft.server.log.statemachine.data.sync.timeout = 10s (default)
2019-09-11 10:32:44,327 [pool-117-thread-1] INFO  server.RaftServerConfigKeys (ConfUtils.java:logGet(43)) - raft.server.log.statemachine.data.sync.timeout = 10s (default)
2019-09-11 10:32:44,327 [pool-47-thread-1] INFO  server.RaftServerConfigKeys (ConfUtils.java:logGet(43)) - raft.server.log.statemachine.data.sync.timeout.retry = -1 (default)
2019-09-11 10:32:44,327 [pool-117-thread-1] INFO  server.RaftServerConfigKeys (ConfUtils.java:logGet(43)) - raft.server.log.statemachine.data.sync.timeout.retry = -1 (default)
2019-09-11 10:32:44,328 [pool-47-thread-1] INFO  server.RaftServerConfigKeys (ConfUtils.java:logGet(43)) - raft.server.log.statemachine.data.caching.enabled = true (custom)
2019-09-11 10:32:44,328 [pool-117-thread-1] INFO  server.RaftServerConfigKeys (ConfUtils.java:logGet(43)) - raft.server.log.statemachine.data.caching.enabled = true (custom)
2019-09-11 10:32:44,328 [pool-117-thread-1] INFO  segmented.SegmentedRaftLogWorker (SegmentedRaftLogWorker.java:lambda$new$0(132)) - a8d859d1-6640-4c40-83aa-447d1cb68642@group-2722138C0FE0-SegmentedRaftLogWorker: flushIndex: setUnconditionally 0 -> -1
2019-09-11 10:32:44,328 [pool-47-thread-1] INFO  segmented.SegmentedRaftLogWorker (SegmentedRaftLogWorker.java:lambda$new$0(132)) - aeb2043f-b21f-448b-b98e-71f6b579dea4@group-2722138C0FE0-SegmentedRaftLogWorker: flushIndex: setUnconditionally 0 -> -1
2019-09-11 10:32:44,328 [pool-117-thread-1] INFO  server.RaftServerConfigKeys (ConfUtils.java:logGet(43)) - raft.server.snapshot.auto.trigger.enabled = true (custom)
2019-09-11 10:32:44,328 [pool-117-thread-1] INFO  server.RaftServerConfigKeys (ConfUtils.java:logGet(43)) - raft.server.snapshot.auto.trigger.threshold = 10000 (custom)
2019-09-11 10:32:44,329 [pool-47-thread-1] INFO  server.RaftServerConfigKeys (ConfUtils.java:logGet(43)) - raft.server.snapshot.auto.trigger.enabled = true (custom)
2019-09-11 10:32:44,329 [pool-117-thread-1] INFO  server.RaftServerConfigKeys (ConfUtils.java:logGet(43)) - raft.server.snapshot.retention.num.files = -1 (default)
2019-09-11 10:32:44,329 [pool-47-thread-1] INFO  server.RaftServerConfigKeys (ConfUtils.java:logGet(43)) - raft.server.snapshot.auto.trigger.threshold = 10000 (custom)
2019-09-11 10:32:44,329 [pool-117-thread-1] INFO  server.RaftServerConfigKeys (ConfUtils.java:logGet(43)) - raft.server.retrycache.expirytime = 600000ms (custom)
2019-09-11 10:32:44,329 [pool-97-thread-1] INFO  impl.RaftServerImpl (RaftServerImpl.java:start(185)) - 95b20011-2e58-4a94-a7ae-3b1213f1c518@group-2722138C0FE0: start as a follower, conf=-1: [a8d859d1-6640-4c40-83aa-447d1cb68642:192.168.69.96:35156, aeb2043f-b21f-448b-b98e-71f6b579dea4:192.168.69.96:42052, 95b20011-2e58-4a94-a7ae-3b1213f1c518:192.168.69.96:39413], old=null
2019-09-11 10:32:44,329 [pool-47-thread-1] INFO  server.RaftServerConfigKeys (ConfUtils.java:logGet(43)) - raft.server.snapshot.retention.num.files = -1 (default)
2019-09-11 10:32:44,329 [pool-97-thread-1] INFO  impl.RaftServerImpl (RaftServerImpl.java:setRole(174)) - 95b20011-2e58-4a94-a7ae-3b1213f1c518@group-2722138C0FE0: changes role from      null to FOLLOWER at term 0 for startAsFollower
2019-09-11 10:32:44,329 [pool-97-thread-1] INFO  impl.RoleInfo (RoleInfo.java:updateAndGet(143)) - 95b20011-2e58-4a94-a7ae-3b1213f1c518: start FollowerState
2019-09-11 10:32:44,329 [pool-47-thread-1] INFO  server.RaftServerConfigKeys (ConfUtils.java:logGet(43)) - raft.server.retrycache.expirytime = 600000ms (custom)
2019-09-11 10:32:44,330 [pool-97-thread-1] INFO  util.JmxRegister (JmxRegister.java:tryRegister(44)) - Successfully registered JMX Bean with object name Ratis:service=RaftServer,group=group-2722138C0FE0,id=95b20011-2e58-4a94-a7ae-3b1213f1c518
2019-09-11 10:32:44,337 [pool-117-thread-1] INFO  impl.RaftServerImpl (RaftServerImpl.java:start(185)) - a8d859d1-6640-4c40-83aa-447d1cb68642@group-2722138C0FE0: start as a follower, conf=-1: [a8d859d1-6640-4c40-83aa-447d1cb68642:192.168.69.96:35156, aeb2043f-b21f-448b-b98e-71f6b579dea4:192.168.69.96:42052, 95b20011-2e58-4a94-a7ae-3b1213f1c518:192.168.69.96:39413], old=null
2019-09-11 10:32:44,338 [pool-117-thread-1] INFO  impl.RaftServerImpl (RaftServerImpl.java:setRole(174)) - a8d859d1-6640-4c40-83aa-447d1cb68642@group-2722138C0FE0: changes role from      null to FOLLOWER at term 0 for startAsFollower
2019-09-11 10:32:44,338 [pool-117-thread-1] INFO  impl.RoleInfo (RoleInfo.java:updateAndGet(143)) - a8d859d1-6640-4c40-83aa-447d1cb68642: start FollowerState
2019-09-11 10:32:44,338 [pool-117-thread-1] INFO  util.JmxRegister (JmxRegister.java:tryRegister(44)) - Successfully registered JMX Bean with object name Ratis:service=RaftServer,group=group-2722138C0FE0,id=a8d859d1-6640-4c40-83aa-447d1cb68642
2019-09-11 10:32:44,339 [pool-47-thread-1] INFO  impl.RaftServerImpl (RaftServerImpl.java:start(185)) - aeb2043f-b21f-448b-b98e-71f6b579dea4@group-2722138C0FE0: start as a follower, conf=-1: [a8d859d1-6640-4c40-83aa-447d1cb68642:192.168.69.96:35156, aeb2043f-b21f-448b-b98e-71f6b579dea4:192.168.69.96:42052, 95b20011-2e58-4a94-a7ae-3b1213f1c518:192.168.69.96:39413], old=null
2019-09-11 10:32:44,339 [pool-47-thread-1] INFO  impl.RaftServerImpl (RaftServerImpl.java:setRole(174)) - aeb2043f-b21f-448b-b98e-71f6b579dea4@group-2722138C0FE0: changes role from      null to FOLLOWER at term 0 for startAsFollower
2019-09-11 10:32:44,339 [pool-47-thread-1] INFO  impl.RoleInfo (RoleInfo.java:updateAndGet(143)) - aeb2043f-b21f-448b-b98e-71f6b579dea4: start FollowerState
2019-09-11 10:32:44,339 [pool-47-thread-1] INFO  util.JmxRegister (JmxRegister.java:tryRegister(44)) - Successfully registered JMX Bean with object name Ratis:service=RaftServer,group=group-2722138C0FE0,id=aeb2043f-b21f-448b-b98e-71f6b579dea4
2019-09-11 10:32:44,348 [RatisPipelineUtilsThread] INFO  pipeline.PipelineStateManager (PipelineStateManager.java:addPipeline(56)) - Created pipeline Pipeline[ Id: e8f86b12-a110-46ad-9495-2722138c0fe0, Nodes: 95b20011-2e58-4a94-a7ae-3b1213f1c518{ip: 192.168.69.96, host: pr-hdds-1982-decom-states-q64lx-3787986432, networkLocation: /default-rack, certSerialId: null}a8d859d1-6640-4c40-83aa-447d1cb68642{ip: 192.168.69.96, host: pr-hdds-1982-decom-states-q64lx-3787986432, networkLocation: /default-rack, certSerialId: null}aeb2043f-b21f-448b-b98e-71f6b579dea4{ip: 192.168.69.96, host: pr-hdds-1982-decom-states-q64lx-3787986432, networkLocation: /default-rack, certSerialId: null}, Type:RATIS, Factor:THREE, State:OPEN]
2019-09-11 10:32:44,413 [Thread-297] INFO  impl.FollowerState (FollowerState.java:run(106)) - d898b401-bc34-4650-97cf-b91d52192f1e:group-EE040B5274C0 changes to CANDIDATE, lastRpcTime:2553, electionTimeout:1084ms
2019-09-11 10:32:44,413 [Thread-297] INFO  impl.RoleInfo (RoleInfo.java:shutdownFollowerState(121)) - d898b401-bc34-4650-97cf-b91d52192f1e: shutdown FollowerState
2019-09-11 10:32:44,414 [Thread-297] INFO  impl.RaftServerImpl (RaftServerImpl.java:setRole(174)) - d898b401-bc34-4650-97cf-b91d52192f1e@group-EE040B5274C0: changes role from  FOLLOWER to CANDIDATE at term 0 for changeToCandidate
2019-09-11 10:32:44,417 [Thread-297] INFO  impl.RoleInfo (RoleInfo.java:updateAndGet(143)) - d898b401-bc34-4650-97cf-b91d52192f1e: start LeaderElection
2019-09-11 10:32:44,454 [d898b401-bc34-4650-97cf-b91d52192f1e@group-EE040B5274C0:LeaderElection13] INFO  impl.LeaderElection (LeaderElection.java:askForVotes(182)) - d898b401-bc34-4650-97cf-b91d52192f1e@group-EE040B5274C0:LeaderElection13: begin an election at term 1 for -1: [d898b401-bc34-4650-97cf-b91d52192f1e:192.168.69.96:37663], old=null
2019-09-11 10:32:44,457 [d898b401-bc34-4650-97cf-b91d52192f1e@group-EE040B5274C0:LeaderElection13] INFO  impl.RoleInfo (RoleInfo.java:shutdownLeaderElection(134)) - d898b401-bc34-4650-97cf-b91d52192f1e: shutdown LeaderElection
2019-09-11 10:32:44,457 [d898b401-bc34-4650-97cf-b91d52192f1e@group-EE040B5274C0:LeaderElection13] INFO  impl.RaftServerImpl (RaftServerImpl.java:setRole(174)) - d898b401-bc34-4650-97cf-b91d52192f1e@group-EE040B5274C0: changes role from CANDIDATE to LEADER at term 1 for changeToLeader
2019-09-11 10:32:44,457 [d898b401-bc34-4650-97cf-b91d52192f1e@group-EE040B5274C0:LeaderElection13] INFO  impl.RaftServerImpl (ServerState.java:setLeader(253)) - d898b401-bc34-4650-97cf-b91d52192f1e@group-EE040B5274C0: change Leader from null to d898b401-bc34-4650-97cf-b91d52192f1e at term 1 for becomeLeader, leader elected after 2611ms
2019-09-11 10:32:44,457 [d898b401-bc34-4650-97cf-b91d52192f1e@group-EE040B5274C0:LeaderElection13] INFO  server.RaftServerConfigKeys (ConfUtils.java:logGet(43)) - raft.server.staging.catchup.gap = 1000 (default)
2019-09-11 10:32:44,457 [d898b401-bc34-4650-97cf-b91d52192f1e@group-EE040B5274C0:LeaderElection13] INFO  server.RaftServerConfigKeys (ConfUtils.java:logGet(43)) - raft.server.rpc.sleep.time = 25ms (default)
2019-09-11 10:32:44,458 [d898b401-bc34-4650-97cf-b91d52192f1e@group-EE040B5274C0:LeaderElection13] INFO  server.RaftServerConfigKeys (ConfUtils.java:logGet(43)) - raft.server.write.element-limit = 4096 (default)
2019-09-11 10:32:44,458 [d898b401-bc34-4650-97cf-b91d52192f1e@group-EE040B5274C0:LeaderElection13] INFO  server.RaftServerConfigKeys (ConfUtils.java:logGet(43)) - raft.server.watch.timeout = 10s (default)
2019-09-11 10:32:44,458 [d898b401-bc34-4650-97cf-b91d52192f1e@group-EE040B5274C0:LeaderElection13] INFO  server.RaftServerConfigKeys (ConfUtils.java:logGet(43)) - raft.server.watch.timeout.denomination = 1s (default)
2019-09-11 10:32:44,458 [d898b401-bc34-4650-97cf-b91d52192f1e@group-EE040B5274C0:LeaderElection13] INFO  server.RaftServerConfigKeys (ConfUtils.java:logGet(43)) - raft.server.watch.element-limit = 65536 (default)
2019-09-11 10:32:44,461 [d898b401-bc34-4650-97cf-b91d52192f1e@group-EE040B5274C0:LeaderElection13] INFO  impl.RoleInfo (RoleInfo.java:updateAndGet(143)) - d898b401-bc34-4650-97cf-b91d52192f1e: start LeaderState
2019-09-11 10:32:44,462 [d898b401-bc34-4650-97cf-b91d52192f1e@group-EE040B5274C0:LeaderElection13] INFO  segmented.SegmentedRaftLogWorker (SegmentedRaftLogWorker.java:startLogSegment(380)) - d898b401-bc34-4650-97cf-b91d52192f1e@group-EE040B5274C0-SegmentedRaftLogWorker: Starting segment from index:0
2019-09-11 10:32:44,462 [d898b401-bc34-4650-97cf-b91d52192f1e@group-EE040B5274C0:LeaderElection13] INFO  impl.RaftServerImpl (ServerState.java:setRaftConf(354)) - d898b401-bc34-4650-97cf-b91d52192f1e@group-EE040B5274C0: set configuration 0: [d898b401-bc34-4650-97cf-b91d52192f1e:192.168.69.96:37663], old=null at 0
2019-09-11 10:32:44,517 [d898b401-bc34-4650-97cf-b91d52192f1e@group-EE040B5274C0-SegmentedRaftLogWorker] INFO  segmented.SegmentedRaftLogWorker (SegmentedRaftLogWorker.java:execute(569)) - d898b401-bc34-4650-97cf-b91d52192f1e@group-EE040B5274C0-SegmentedRaftLogWorker: created new log segment /workdir/hadoop-ozone/integration-test/target/test-dir/MiniOzoneClusterImpl-62578b9c-93b1-4e23-b83e-ebaf05b7c577/datanode-8/data/ratis/91f540bd-836f-4527-9864-ee040b5274c0/current/log_inprogress_0
2019-09-11 10:32:44,701 [main] INFO  impl.MetricsSystemImpl (MetricsSystemImpl.java:init(158)) - XceiverClientMetrics metrics system started (again)
2019-09-11 10:32:44,830 [grpc-default-executor-2] INFO  client.GrpcClientProtocolClient (GrpcClientProtocolClient.java:onNext(264)) - client-93B8AFC33C87->057fef34-657c-4281-ab7d-192648031ede: receive RaftClientReply:client-93B8AFC33C87->057fef34-657c-4281-ab7d-192648031ede@group-8BAF5038FCF7, cid=19, FAILED org.apache.ratis.protocol.NotLeaderException: Server 057fef34-657c-4281-ab7d-192648031ede@group-8BAF5038FCF7 is not the leader, logIndex=0, commits[057fef34-657c-4281-ab7d-192648031ede:c-1]
2019-09-11 10:32:45,294 [Thread-363] INFO  impl.FollowerState (FollowerState.java:run(106)) - d898b401-bc34-4650-97cf-b91d52192f1e:group-42EC5F47EE4E changes to CANDIDATE, lastRpcTime:1069, electionTimeout:1067ms
2019-09-11 10:32:45,295 [Thread-363] INFO  impl.RoleInfo (RoleInfo.java:shutdownFollowerState(121)) - d898b401-bc34-4650-97cf-b91d52192f1e: shutdown FollowerState
2019-09-11 10:32:45,295 [Thread-363] INFO  impl.RaftServerImpl (RaftServerImpl.java:setRole(174)) - d898b401-bc34-4650-97cf-b91d52192f1e@group-42EC5F47EE4E: changes role from  FOLLOWER to CANDIDATE at term 0 for changeToCandidate
2019-09-11 10:32:45,295 [Thread-363] INFO  impl.RoleInfo (RoleInfo.java:updateAndGet(143)) - d898b401-bc34-4650-97cf-b91d52192f1e: start LeaderElection
2019-09-11 10:32:45,305 [Thread-359] INFO  impl.FollowerState (FollowerState.java:run(106)) - a147bf4e-e47b-4bef-becd-030e3c92d985:group-42EC5F47EE4E changes to CANDIDATE, lastRpcTime:1135, electionTimeout:1135ms
2019-09-11 10:32:45,305 [Thread-359] INFO  impl.RoleInfo (RoleInfo.java:shutdownFollowerState(121)) - a147bf4e-e47b-4bef-becd-030e3c92d985: shutdown FollowerState
2019-09-11 10:32:45,305 [Thread-359] INFO  impl.RaftServerImpl (RaftServerImpl.java:setRole(174)) - a147bf4e-e47b-4bef-becd-030e3c92d985@group-42EC5F47EE4E: changes role from  FOLLOWER to CANDIDATE at term 0 for changeToCandidate
2019-09-11 10:32:45,306 [Thread-359] INFO  impl.RoleInfo (RoleInfo.java:updateAndGet(143)) - a147bf4e-e47b-4bef-becd-030e3c92d985: start LeaderElection
2019-09-11 10:32:45,315 [Thread-354] INFO  impl.FollowerState (FollowerState.java:run(106)) - 84160365-33de-4d43-a4b9-c2ba02cae000:group-42EC5F47EE4E changes to CANDIDATE, lastRpcTime:1161, electionTimeout:1161ms
2019-09-11 10:32:45,315 [Thread-354] INFO  impl.RoleInfo (RoleInfo.java:shutdownFollowerState(121)) - 84160365-33de-4d43-a4b9-c2ba02cae000: shutdown FollowerState
2019-09-11 10:32:45,315 [Thread-354] INFO  impl.RaftServerImpl (RaftServerImpl.java:setRole(174)) - 84160365-33de-4d43-a4b9-c2ba02cae000@group-42EC5F47EE4E: changes role from  FOLLOWER to CANDIDATE at term 0 for changeToCandidate
2019-09-11 10:32:45,316 [Thread-354] INFO  impl.RoleInfo (RoleInfo.java:updateAndGet(143)) - 84160365-33de-4d43-a4b9-c2ba02cae000: start LeaderElection
2019-09-11 10:32:45,316 [Thread-362] INFO  impl.FollowerState (FollowerState.java:run(106)) - 0ef303e2-5bf5-4b6c-9a73-acca672dcd1f:group-8BAF5038FCF7 changes to CANDIDATE, lastRpcTime:1091, electionTimeout:1089ms
2019-09-11 10:32:45,316 [Thread-362] INFO  impl.RoleInfo (RoleInfo.java:shutdownFollowerState(121)) - 0ef303e2-5bf5-4b6c-9a73-acca672dcd1f: shutdown FollowerState
2019-09-11 10:32:45,316 [Thread-362] INFO  impl.RaftServerImpl (RaftServerImpl.java:setRole(174)) - 0ef303e2-5bf5-4b6c-9a73-acca672dcd1f@group-8BAF5038FCF7: changes role from  FOLLOWER to CANDIDATE at term 1 for changeToCandidate
2019-09-11 10:32:45,321 [Thread-362] INFO  impl.RoleInfo (RoleInfo.java:updateAndGet(143)) - 0ef303e2-5bf5-4b6c-9a73-acca672dcd1f: start LeaderElection
2019-09-11 10:32:45,325 [Thread-366] INFO  impl.FollowerState (FollowerState.java:run(106)) - 057fef34-657c-4281-ab7d-192648031ede:group-8BAF5038FCF7 changes to CANDIDATE, lastRpcTime:1066, electionTimeout:1064ms
2019-09-11 10:32:45,325 [Thread-366] INFO  impl.RoleInfo (RoleInfo.java:shutdownFollowerState(121)) - 057fef34-657c-4281-ab7d-192648031ede: shutdown FollowerState
2019-09-11 10:32:45,325 [Thread-366] INFO  impl.RaftServerImpl (RaftServerImpl.java:setRole(174)) - 057fef34-657c-4281-ab7d-192648031ede@group-8BAF5038FCF7: changes role from  FOLLOWER to CANDIDATE at term 1 for changeToCandidate
2019-09-11 10:32:45,326 [Thread-366] INFO  impl.RoleInfo (RoleInfo.java:updateAndGet(143)) - 057fef34-657c-4281-ab7d-192648031ede: start LeaderElection
2019-09-11 10:32:45,334 [d898b401-bc34-4650-97cf-b91d52192f1e@group-42EC5F47EE4E:LeaderElection14] INFO  impl.LeaderElection (LeaderElection.java:askForVotes(182)) - d898b401-bc34-4650-97cf-b91d52192f1e@group-42EC5F47EE4E:LeaderElection14: begin an election at term 1 for -1: [a147bf4e-e47b-4bef-becd-030e3c92d985:192.168.69.96:46724, 84160365-33de-4d43-a4b9-c2ba02cae000:192.168.69.96:44334, d898b401-bc34-4650-97cf-b91d52192f1e:192.168.69.96:37663], old=null
2019-09-11 10:32:45,334 [a147bf4e-e47b-4bef-becd-030e3c92d985@group-42EC5F47EE4E:LeaderElection15] INFO  impl.LeaderElection (LeaderElection.java:askForVotes(182)) - a147bf4e-e47b-4bef-becd-030e3c92d985@group-42EC5F47EE4E:LeaderElection15: begin an election at term 1 for -1: [a147bf4e-e47b-4bef-becd-030e3c92d985:192.168.69.96:46724, 84160365-33de-4d43-a4b9-c2ba02cae000:192.168.69.96:44334, d898b401-bc34-4650-97cf-b91d52192f1e:192.168.69.96:37663], old=null
2019-09-11 10:32:45,352 [0ef303e2-5bf5-4b6c-9a73-acca672dcd1f@group-8BAF5038FCF7:LeaderElection17] INFO  impl.LeaderElection (LeaderElection.java:askForVotes(182)) - 0ef303e2-5bf5-4b6c-9a73-acca672dcd1f@group-8BAF5038FCF7:LeaderElection17: begin an election at term 2 for -1: [057fef34-657c-4281-ab7d-192648031ede:192.168.69.96:35772, 0ef303e2-5bf5-4b6c-9a73-acca672dcd1f:192.168.69.96:44333, 36d8287a-f445-472c-84c0-3ac4479cc6b6:192.168.69.96:43141], old=null
2019-09-11 10:32:45,352 [84160365-33de-4d43-a4b9-c2ba02cae000@group-42EC5F47EE4E:LeaderElection16] INFO  impl.LeaderElection (LeaderElection.java:askForVotes(182)) - 84160365-33de-4d43-a4b9-c2ba02cae000@group-42EC5F47EE4E:LeaderElection16: begin an election at term 1 for -1: [a147bf4e-e47b-4bef-becd-030e3c92d985:192.168.69.96:46724, 84160365-33de-4d43-a4b9-c2ba02cae000:192.168.69.96:44334, d898b401-bc34-4650-97cf-b91d52192f1e:192.168.69.96:37663], old=null
2019-09-11 10:32:45,352 [057fef34-657c-4281-ab7d-192648031ede@group-8BAF5038FCF7:LeaderElection18] INFO  impl.LeaderElection (LeaderElection.java:askForVotes(182)) - 057fef34-657c-4281-ab7d-192648031ede@group-8BAF5038FCF7:LeaderElection18: begin an election at term 2 for -1: [057fef34-657c-4281-ab7d-192648031ede:192.168.69.96:35772, 0ef303e2-5bf5-4b6c-9a73-acca672dcd1f:192.168.69.96:44333, 36d8287a-f445-472c-84c0-3ac4479cc6b6:192.168.69.96:43141], old=null
2019-09-11 10:32:45,356 [Thread-364] INFO  impl.FollowerState (FollowerState.java:run(106)) - 36d8287a-f445-472c-84c0-3ac4479cc6b6:group-8BAF5038FCF7 changes to CANDIDATE, lastRpcTime:1128, electionTimeout:1128ms
2019-09-11 10:32:45,356 [Thread-364] INFO  impl.RoleInfo (RoleInfo.java:shutdownFollowerState(121)) - 36d8287a-f445-472c-84c0-3ac4479cc6b6: shutdown FollowerState
2019-09-11 10:32:45,356 [Thread-364] INFO  impl.RaftServerImpl (RaftServerImpl.java:setRole(174)) - 36d8287a-f445-472c-84c0-3ac4479cc6b6@group-8BAF5038FCF7: changes role from  FOLLOWER to CANDIDATE at term 1 for changeToCandidate
2019-09-11 10:32:45,358 [Thread-374] INFO  impl.FollowerState (FollowerState.java:run(106)) - aeb2043f-b21f-448b-b98e-71f6b579dea4:group-2722138C0FE0 changes to CANDIDATE, lastRpcTime:1019, electionTimeout:1018ms
2019-09-11 10:32:45,359 [Thread-374] INFO  impl.RoleInfo (RoleInfo.java:shutdownFollowerState(121)) - aeb2043f-b21f-448b-b98e-71f6b579dea4: shutdown FollowerState
2019-09-11 10:32:45,359 [Thread-374] INFO  impl.RaftServerImpl (RaftServerImpl.java:setRole(174)) - aeb2043f-b21f-448b-b98e-71f6b579dea4@group-2722138C0FE0: changes role from  FOLLOWER to CANDIDATE at term 0 for changeToCandidate
2019-09-11 10:32:45,359 [Thread-364] INFO  impl.RoleInfo (RoleInfo.java:updateAndGet(143)) - 36d8287a-f445-472c-84c0-3ac4479cc6b6: start LeaderElection
2019-09-11 10:32:45,359 [Thread-374] INFO  impl.RoleInfo (RoleInfo.java:updateAndGet(143)) - aeb2043f-b21f-448b-b98e-71f6b579dea4: start LeaderElection
2019-09-11 10:32:45,396 [aeb2043f-b21f-448b-b98e-71f6b579dea4@group-2722138C0FE0:LeaderElection20] INFO  impl.LeaderElection (LeaderElection.java:askForVotes(182)) - aeb2043f-b21f-448b-b98e-71f6b579dea4@group-2722138C0FE0:LeaderElection20: begin an election at term 1 for -1: [a8d859d1-6640-4c40-83aa-447d1cb68642:192.168.69.96:35156, aeb2043f-b21f-448b-b98e-71f6b579dea4:192.168.69.96:42052, 95b20011-2e58-4a94-a7ae-3b1213f1c518:192.168.69.96:39413], old=null
2019-09-11 10:32:45,396 [36d8287a-f445-472c-84c0-3ac4479cc6b6@group-8BAF5038FCF7:LeaderElection19] INFO  impl.LeaderElection (LeaderElection.java:askForVotes(182)) - 36d8287a-f445-472c-84c0-3ac4479cc6b6@group-8BAF5038FCF7:LeaderElection19: begin an election at term 2 for -1: [057fef34-657c-4281-ab7d-192648031ede:192.168.69.96:35772, 0ef303e2-5bf5-4b6c-9a73-acca672dcd1f:192.168.69.96:44333, 36d8287a-f445-472c-84c0-3ac4479cc6b6:192.168.69.96:43141], old=null
2019-09-11 10:32:45,400 [a147bf4e-e47b-4bef-becd-030e3c92d985@group-42EC5F47EE4E:LeaderElection15] INFO  impl.LeaderElection (LeaderElection.java:logAndReturn(56)) - a147bf4e-e47b-4bef-becd-030e3c92d985@group-42EC5F47EE4E:LeaderElection15: Election REJECTED; received 2 response(s) [a147bf4e-e47b-4bef-becd-030e3c92d985<-d898b401-bc34-4650-97cf-b91d52192f1e#0:FAIL-t1, a147bf4e-e47b-4bef-becd-030e3c92d985<-84160365-33de-4d43-a4b9-c2ba02cae000#0:FAIL-t1] and 0 exception(s); a147bf4e-e47b-4bef-becd-030e3c92d985@group-42EC5F47EE4E:t1, leader=null, voted=a147bf4e-e47b-4bef-becd-030e3c92d985, raftlog=a147bf4e-e47b-4bef-becd-030e3c92d985@group-42EC5F47EE4E-SegmentedRaftLog:OPENED:c-1,f-1,i0, conf=-1: [a147bf4e-e47b-4bef-becd-030e3c92d985:192.168.69.96:46724, 84160365-33de-4d43-a4b9-c2ba02cae000:192.168.69.96:44334, d898b401-bc34-4650-97cf-b91d52192f1e:192.168.69.96:37663], old=null
2019-09-11 10:32:45,402 [a147bf4e-e47b-4bef-becd-030e3c92d985@group-42EC5F47EE4E:LeaderElection15] INFO  impl.RaftServerImpl (RaftServerImpl.java:setRole(174)) - a147bf4e-e47b-4bef-becd-030e3c92d985@group-42EC5F47EE4E: changes role from CANDIDATE to FOLLOWER at term 1 for DISCOVERED_A_NEW_TERM
2019-09-11 10:32:45,402 [a147bf4e-e47b-4bef-becd-030e3c92d985@group-42EC5F47EE4E:LeaderElection15] INFO  impl.RoleInfo (RoleInfo.java:shutdownLeaderElection(134)) - a147bf4e-e47b-4bef-becd-030e3c92d985: shutdown LeaderElection
2019-09-11 10:32:45,405 [a147bf4e-e47b-4bef-becd-030e3c92d985@group-42EC5F47EE4E:LeaderElection15] INFO  impl.RoleInfo (RoleInfo.java:updateAndGet(143)) - a147bf4e-e47b-4bef-becd-030e3c92d985: start FollowerState
2019-09-11 10:32:45,407 [Thread-372] INFO  impl.FollowerState (FollowerState.java:run(106)) - a8d859d1-6640-4c40-83aa-447d1cb68642:group-2722138C0FE0 changes to CANDIDATE, lastRpcTime:1069, electionTimeout:1068ms
2019-09-11 10:32:45,409 [Thread-372] INFO  impl.RoleInfo (RoleInfo.java:shutdownFollowerState(121)) - a8d859d1-6640-4c40-83aa-447d1cb68642: shutdown FollowerState
2019-09-11 10:32:45,409 [Thread-372] INFO  impl.RaftServerImpl (RaftServerImpl.java:setRole(174)) - a8d859d1-6640-4c40-83aa-447d1cb68642@group-2722138C0FE0: changes role from  FOLLOWER to CANDIDATE at term 0 for changeToCandidate
2019-09-11 10:32:45,409 [Thread-372] INFO  impl.RoleInfo (RoleInfo.java:updateAndGet(143)) - a8d859d1-6640-4c40-83aa-447d1cb68642: start LeaderElection
2019-09-11 10:32:45,415 [057fef34-657c-4281-ab7d-192648031ede@group-8BAF5038FCF7:LeaderElection18] INFO  impl.LeaderElection (LeaderElection.java:logAndReturn(56)) - 057fef34-657c-4281-ab7d-192648031ede@group-8BAF5038FCF7:LeaderElection18: Election REJECTED; received 2 response(s) [057fef34-657c-4281-ab7d-192648031ede<-0ef303e2-5bf5-4b6c-9a73-acca672dcd1f#0:FAIL-t2, 057fef34-657c-4281-ab7d-192648031ede<-36d8287a-f445-472c-84c0-3ac4479cc6b6#0:FAIL-t2] and 0 exception(s); 057fef34-657c-4281-ab7d-192648031ede@group-8BAF5038FCF7:t2, leader=null, voted=057fef34-657c-4281-ab7d-192648031ede, raftlog=057fef34-657c-4281-ab7d-192648031ede@group-8BAF5038FCF7-SegmentedRaftLog:OPENED:c-1,f-1,i0, conf=-1: [057fef34-657c-4281-ab7d-192648031ede:192.168.69.96:35772, 0ef303e2-5bf5-4b6c-9a73-acca672dcd1f:192.168.69.96:44333, 36d8287a-f445-472c-84c0-3ac4479cc6b6:192.168.69.96:43141], old=null
2019-09-11 10:32:45,415 [057fef34-657c-4281-ab7d-192648031ede@group-8BAF5038FCF7:LeaderElection18] INFO  impl.RaftServerImpl (RaftServerImpl.java:setRole(174)) - 057fef34-657c-4281-ab7d-192648031ede@group-8BAF5038FCF7: changes role from CANDIDATE to FOLLOWER at term 2 for DISCOVERED_A_NEW_TERM
2019-09-11 10:32:45,419 [057fef34-657c-4281-ab7d-192648031ede@group-8BAF5038FCF7:LeaderElection18] INFO  impl.RoleInfo (RoleInfo.java:shutdownLeaderElection(134)) - 057fef34-657c-4281-ab7d-192648031ede: shutdown LeaderElection
2019-09-11 10:32:45,419 [057fef34-657c-4281-ab7d-192648031ede@group-8BAF5038FCF7:LeaderElection18] INFO  impl.RoleInfo (RoleInfo.java:updateAndGet(143)) - 057fef34-657c-4281-ab7d-192648031ede: start FollowerState
2019-09-11 10:32:45,429 [a8d859d1-6640-4c40-83aa-447d1cb68642@group-2722138C0FE0:LeaderElection21] INFO  impl.LeaderElection (LeaderElection.java:askForVotes(182)) - a8d859d1-6640-4c40-83aa-447d1cb68642@group-2722138C0FE0:LeaderElection21: begin an election at term 1 for -1: [a8d859d1-6640-4c40-83aa-447d1cb68642:192.168.69.96:35156, aeb2043f-b21f-448b-b98e-71f6b579dea4:192.168.69.96:42052, 95b20011-2e58-4a94-a7ae-3b1213f1c518:192.168.69.96:39413], old=null
2019-09-11 10:32:45,433 [d898b401-bc34-4650-97cf-b91d52192f1e@group-42EC5F47EE4E:LeaderElection14] INFO  impl.LeaderElection (LeaderElection.java:logAndReturn(56)) - d898b401-bc34-4650-97cf-b91d52192f1e@group-42EC5F47EE4E:LeaderElection14: Election REJECTED; received 2 response(s) [d898b401-bc34-4650-97cf-b91d52192f1e<-a147bf4e-e47b-4bef-becd-030e3c92d985#0:FAIL-t1, d898b401-bc34-4650-97cf-b91d52192f1e<-84160365-33de-4d43-a4b9-c2ba02cae000#0:FAIL-t1] and 0 exception(s); d898b401-bc34-4650-97cf-b91d52192f1e@group-42EC5F47EE4E:t1, leader=null, voted=d898b401-bc34-4650-97cf-b91d52192f1e, raftlog=d898b401-bc34-4650-97cf-b91d52192f1e@group-42EC5F47EE4E-SegmentedRaftLog:OPENED:c-1,f-1,i0, conf=-1: [a147bf4e-e47b-4bef-becd-030e3c92d985:192.168.69.96:46724, 84160365-33de-4d43-a4b9-c2ba02cae000:192.168.69.96:44334, d898b401-bc34-4650-97cf-b91d52192f1e:192.168.69.96:37663], old=null
2019-09-11 10:32:45,433 [d898b401-bc34-4650-97cf-b91d52192f1e@group-42EC5F47EE4E:LeaderElection14] INFO  impl.RaftServerImpl (RaftServerImpl.java:setRole(174)) - d898b401-bc34-4650-97cf-b91d52192f1e@group-42EC5F47EE4E: changes role from CANDIDATE to FOLLOWER at term 1 for DISCOVERED_A_NEW_TERM
2019-09-11 10:32:45,435 [d898b401-bc34-4650-97cf-b91d52192f1e@group-42EC5F47EE4E:LeaderElection14] INFO  impl.RoleInfo (RoleInfo.java:shutdownLeaderElection(134)) - d898b401-bc34-4650-97cf-b91d52192f1e: shutdown LeaderElection
2019-09-11 10:32:45,444 [d898b401-bc34-4650-97cf-b91d52192f1e@group-42EC5F47EE4E:LeaderElection14] INFO  impl.RoleInfo (RoleInfo.java:updateAndGet(143)) - d898b401-bc34-4650-97cf-b91d52192f1e: start FollowerState
2019-09-11 10:32:45,450 [0ef303e2-5bf5-4b6c-9a73-acca672dcd1f@group-8BAF5038FCF7:LeaderElection17] INFO  impl.LeaderElection (LeaderElection.java:logAndReturn(56)) - 0ef303e2-5bf5-4b6c-9a73-acca672dcd1f@group-8BAF5038FCF7:LeaderElection17: Election REJECTED; received 2 response(s) [0ef303e2-5bf5-4b6c-9a73-acca672dcd1f<-057fef34-657c-4281-ab7d-192648031ede#0:FAIL-t2, 0ef303e2-5bf5-4b6c-9a73-acca672dcd1f<-36d8287a-f445-472c-84c0-3ac4479cc6b6#0:FAIL-t2] and 0 exception(s); 0ef303e2-5bf5-4b6c-9a73-acca672dcd1f@group-8BAF5038FCF7:t2, leader=null, voted=0ef303e2-5bf5-4b6c-9a73-acca672dcd1f, raftlog=0ef303e2-5bf5-4b6c-9a73-acca672dcd1f@group-8BAF5038FCF7-SegmentedRaftLog:OPENED:c-1,f-1,i0, conf=-1: [057fef34-657c-4281-ab7d-192648031ede:192.168.69.96:35772, 0ef303e2-5bf5-4b6c-9a73-acca672dcd1f:192.168.69.96:44333, 36d8287a-f445-472c-84c0-3ac4479cc6b6:192.168.69.96:43141], old=null
2019-09-11 10:32:45,452 [0ef303e2-5bf5-4b6c-9a73-acca672dcd1f@group-8BAF5038FCF7:LeaderElection17] INFO  impl.RaftServerImpl (RaftServerImpl.java:setRole(174)) - 0ef303e2-5bf5-4b6c-9a73-acca672dcd1f@group-8BAF5038FCF7: changes role from CANDIDATE to FOLLOWER at term 2 for DISCOVERED_A_NEW_TERM
2019-09-11 10:32:45,455 [0ef303e2-5bf5-4b6c-9a73-acca672dcd1f@group-8BAF5038FCF7:LeaderElection17] INFO  impl.RoleInfo (RoleInfo.java:shutdownLeaderElection(134)) - 0ef303e2-5bf5-4b6c-9a73-acca672dcd1f: shutdown LeaderElection
2019-09-11 10:32:45,455 [0ef303e2-5bf5-4b6c-9a73-acca672dcd1f@group-8BAF5038FCF7:LeaderElection17] INFO  impl.RoleInfo (RoleInfo.java:updateAndGet(143)) - 0ef303e2-5bf5-4b6c-9a73-acca672dcd1f: start FollowerState
2019-09-11 10:32:45,486 [grpc-default-executor-3] INFO  impl.RaftServerImpl (RaftServerImpl.java:setRole(174)) - 95b20011-2e58-4a94-a7ae-3b1213f1c518@group-2722138C0FE0: changes role from  FOLLOWER to FOLLOWER at term 1 for recognizeCandidate:aeb2043f-b21f-448b-b98e-71f6b579dea4
2019-09-11 10:32:45,491 [grpc-default-executor-3] INFO  impl.RoleInfo (RoleInfo.java:shutdownFollowerState(121)) - 95b20011-2e58-4a94-a7ae-3b1213f1c518: shutdown FollowerState
2019-09-11 10:32:45,491 [grpc-default-executor-3] INFO  impl.RoleInfo (RoleInfo.java:updateAndGet(143)) - 95b20011-2e58-4a94-a7ae-3b1213f1c518: start FollowerState
2019-09-11 10:32:45,491 [Thread-370] INFO  impl.FollowerState (FollowerState.java:run(115)) - 95b20011-2e58-4a94-a7ae-3b1213f1c518: FollowerState was interrupted: java.lang.InterruptedException: sleep interrupted
2019-09-11 10:32:45,491 [84160365-33de-4d43-a4b9-c2ba02cae000@group-42EC5F47EE4E:LeaderElection16] INFO  impl.LeaderElection (LeaderElection.java:logAndReturn(56)) - 84160365-33de-4d43-a4b9-c2ba02cae000@group-42EC5F47EE4E:LeaderElection16: Election REJECTED; received 2 response(s) [84160365-33de-4d43-a4b9-c2ba02cae000<-a147bf4e-e47b-4bef-becd-030e3c92d985#0:FAIL-t1, 84160365-33de-4d43-a4b9-c2ba02cae000<-d898b401-bc34-4650-97cf-b91d52192f1e#0:FAIL-t1] and 0 exception(s); 84160365-33de-4d43-a4b9-c2ba02cae000@group-42EC5F47EE4E:t1, leader=null, voted=84160365-33de-4d43-a4b9-c2ba02cae000, raftlog=84160365-33de-4d43-a4b9-c2ba02cae000@group-42EC5F47EE4E-SegmentedRaftLog:OPENED:c-1,f-1,i0, conf=-1: [a147bf4e-e47b-4bef-becd-030e3c92d985:192.168.69.96:46724, 84160365-33de-4d43-a4b9-c2ba02cae000:192.168.69.96:44334, d898b401-bc34-4650-97cf-b91d52192f1e:192.168.69.96:37663], old=null
2019-09-11 10:32:45,492 [36d8287a-f445-472c-84c0-3ac4479cc6b6@group-8BAF5038FCF7:LeaderElection19] INFO  impl.LeaderElection (LeaderElection.java:logAndReturn(56)) - 36d8287a-f445-472c-84c0-3ac4479cc6b6@group-8BAF5038FCF7:LeaderElection19: Election REJECTED; received 2 response(s) [36d8287a-f445-472c-84c0-3ac4479cc6b6<-057fef34-657c-4281-ab7d-192648031ede#0:FAIL-t2, 36d8287a-f445-472c-84c0-3ac4479cc6b6<-0ef303e2-5bf5-4b6c-9a73-acca672dcd1f#0:FAIL-t2] and 0 exception(s); 36d8287a-f445-472c-84c0-3ac4479cc6b6@group-8BAF5038FCF7:t2, leader=null, voted=36d8287a-f445-472c-84c0-3ac4479cc6b6, raftlog=36d8287a-f445-472c-84c0-3ac4479cc6b6@group-8BAF5038FCF7-SegmentedRaftLog:OPENED:c-1,f-1,i0, conf=-1: [057fef34-657c-4281-ab7d-192648031ede:192.168.69.96:35772, 0ef303e2-5bf5-4b6c-9a73-acca672dcd1f:192.168.69.96:44333, 36d8287a-f445-472c-84c0-3ac4479cc6b6:192.168.69.96:43141], old=null
2019-09-11 10:32:45,492 [84160365-33de-4d43-a4b9-c2ba02cae000@group-42EC5F47EE4E:LeaderElection16] INFO  impl.RaftServerImpl (RaftServerImpl.java:setRole(174)) - 84160365-33de-4d43-a4b9-c2ba02cae000@group-42EC5F47EE4E: changes role from CANDIDATE to FOLLOWER at term 1 for DISCOVERED_A_NEW_TERM
2019-09-11 10:32:45,500 [36d8287a-f445-472c-84c0-3ac4479cc6b6@group-8BAF5038FCF7:LeaderElection19] INFO  impl.RaftServerImpl (RaftServerImpl.java:setRole(174)) - 36d8287a-f445-472c-84c0-3ac4479cc6b6@group-8BAF5038FCF7: changes role from CANDIDATE to FOLLOWER at term 2 for DISCOVERED_A_NEW_TERM
2019-09-11 10:32:45,502 [84160365-33de-4d43-a4b9-c2ba02cae000@group-42EC5F47EE4E:LeaderElection16] INFO  impl.RoleInfo (RoleInfo.java:shutdownLeaderElection(134)) - 84160365-33de-4d43-a4b9-c2ba02cae000: shutdown LeaderElection
2019-09-11 10:32:45,504 [36d8287a-f445-472c-84c0-3ac4479cc6b6@group-8BAF5038FCF7:LeaderElection19] INFO  impl.RoleInfo (RoleInfo.java:shutdownLeaderElection(134)) - 36d8287a-f445-472c-84c0-3ac4479cc6b6: shutdown LeaderElection
2019-09-11 10:32:45,504 [36d8287a-f445-472c-84c0-3ac4479cc6b6@group-8BAF5038FCF7:LeaderElection19] INFO  impl.RoleInfo (RoleInfo.java:updateAndGet(143)) - 36d8287a-f445-472c-84c0-3ac4479cc6b6: start FollowerState
2019-09-11 10:32:45,504 [84160365-33de-4d43-a4b9-c2ba02cae000@group-42EC5F47EE4E:LeaderElection16] INFO  impl.RoleInfo (RoleInfo.java:updateAndGet(143)) - 84160365-33de-4d43-a4b9-c2ba02cae000: start FollowerState
2019-09-11 10:32:45,568 [aeb2043f-b21f-448b-b98e-71f6b579dea4@group-2722138C0FE0:LeaderElection20] INFO  impl.LeaderElection (LeaderElection.java:logAndReturn(56)) - aeb2043f-b21f-448b-b98e-71f6b579dea4@group-2722138C0FE0:LeaderElection20: Election PASSED; received 2 response(s) [aeb2043f-b21f-448b-b98e-71f6b579dea4<-a8d859d1-6640-4c40-83aa-447d1cb68642#0:FAIL-t1, aeb2043f-b21f-448b-b98e-71f6b579dea4<-95b20011-2e58-4a94-a7ae-3b1213f1c518#0:OK-t1] and 0 exception(s); aeb2043f-b21f-448b-b98e-71f6b579dea4@group-2722138C0FE0:t1, leader=null, voted=aeb2043f-b21f-448b-b98e-71f6b579dea4, raftlog=aeb2043f-b21f-448b-b98e-71f6b579dea4@group-2722138C0FE0-SegmentedRaftLog:OPENED:c-1,f-1,i0, conf=-1: [a8d859d1-6640-4c40-83aa-447d1cb68642:192.168.69.96:35156, aeb2043f-b21f-448b-b98e-71f6b579dea4:192.168.69.96:42052, 95b20011-2e58-4a94-a7ae-3b1213f1c518:192.168.69.96:39413], old=null
2019-09-11 10:32:45,568 [a8d859d1-6640-4c40-83aa-447d1cb68642@group-2722138C0FE0:LeaderElection21] INFO  impl.LeaderElection (LeaderElection.java:logAndReturn(56)) - a8d859d1-6640-4c40-83aa-447d1cb68642@group-2722138C0FE0:LeaderElection21: Election REJECTED; received 2 response(s) [a8d859d1-6640-4c40-83aa-447d1cb68642<-aeb2043f-b21f-448b-b98e-71f6b579dea4#0:FAIL-t1, a8d859d1-6640-4c40-83aa-447d1cb68642<-95b20011-2e58-4a94-a7ae-3b1213f1c518#0:FAIL-t1] and 0 exception(s); a8d859d1-6640-4c40-83aa-447d1cb68642@group-2722138C0FE0:t1, leader=null, voted=a8d859d1-6640-4c40-83aa-447d1cb68642, raftlog=a8d859d1-6640-4c40-83aa-447d1cb68642@group-2722138C0FE0-SegmentedRaftLog:OPENED:c-1,f-1,i0, conf=-1: [a8d859d1-6640-4c40-83aa-447d1cb68642:192.168.69.96:35156, aeb2043f-b21f-448b-b98e-71f6b579dea4:192.168.69.96:42052, 95b20011-2e58-4a94-a7ae-3b1213f1c518:192.168.69.96:39413], old=null
2019-09-11 10:32:45,568 [aeb2043f-b21f-448b-b98e-71f6b579dea4@group-2722138C0FE0:LeaderElection20] INFO  impl.RoleInfo (RoleInfo.java:shutdownLeaderElection(134)) - aeb2043f-b21f-448b-b98e-71f6b579dea4: shutdown LeaderElection
2019-09-11 10:32:45,583 [aeb2043f-b21f-448b-b98e-71f6b579dea4@group-2722138C0FE0:LeaderElection20] INFO  impl.RaftServerImpl (RaftServerImpl.java:setRole(174)) - aeb2043f-b21f-448b-b98e-71f6b579dea4@group-2722138C0FE0: changes role from CANDIDATE to LEADER at term 1 for changeToLeader
2019-09-11 10:32:45,583 [a8d859d1-6640-4c40-83aa-447d1cb68642@group-2722138C0FE0:LeaderElection21] INFO  impl.RaftServerImpl (RaftServerImpl.java:setRole(174)) - a8d859d1-6640-4c40-83aa-447d1cb68642@group-2722138C0FE0: changes role from CANDIDATE to FOLLOWER at term 1 for DISCOVERED_A_NEW_TERM
2019-09-11 10:32:45,585 [a8d859d1-6640-4c40-83aa-447d1cb68642@group-2722138C0FE0:LeaderElection21] INFO  impl.RoleInfo (RoleInfo.java:shutdownLeaderElection(134)) - a8d859d1-6640-4c40-83aa-447d1cb68642: shutdown LeaderElection
2019-09-11 10:32:45,583 [aeb2043f-b21f-448b-b98e-71f6b579dea4@group-2722138C0FE0:LeaderElection20] INFO  impl.RaftServerImpl (ServerState.java:setLeader(253)) - aeb2043f-b21f-448b-b98e-71f6b579dea4@group-2722138C0FE0: change Leader from null to aeb2043f-b21f-448b-b98e-71f6b579dea4 at term 1 for becomeLeader, leader elected after 1262ms
2019-09-11 10:32:45,585 [a8d859d1-6640-4c40-83aa-447d1cb68642@group-2722138C0FE0:LeaderElection21] INFO  impl.RoleInfo (RoleInfo.java:updateAndGet(143)) - a8d859d1-6640-4c40-83aa-447d1cb68642: start FollowerState
2019-09-11 10:32:45,585 [aeb2043f-b21f-448b-b98e-71f6b579dea4@group-2722138C0FE0:LeaderElection20] INFO  server.RaftServerConfigKeys (ConfUtils.java:logGet(43)) - raft.server.staging.catchup.gap = 1000 (default)
2019-09-11 10:32:45,586 [aeb2043f-b21f-448b-b98e-71f6b579dea4@group-2722138C0FE0:LeaderElection20] INFO  server.RaftServerConfigKeys (ConfUtils.java:logGet(43)) - raft.server.rpc.sleep.time = 25ms (default)
2019-09-11 10:32:45,586 [aeb2043f-b21f-448b-b98e-71f6b579dea4@group-2722138C0FE0:LeaderElection20] INFO  server.RaftServerConfigKeys (ConfUtils.java:logGet(43)) - raft.server.write.element-limit = 4096 (default)
2019-09-11 10:32:45,586 [aeb2043f-b21f-448b-b98e-71f6b579dea4@group-2722138C0FE0:LeaderElection20] INFO  server.RaftServerConfigKeys (ConfUtils.java:logGet(43)) - raft.server.watch.timeout = 10s (default)
2019-09-11 10:32:45,586 [aeb2043f-b21f-448b-b98e-71f6b579dea4@group-2722138C0FE0:LeaderElection20] INFO  server.RaftServerConfigKeys (ConfUtils.java:logGet(43)) - raft.server.watch.timeout.denomination = 1s (default)
2019-09-11 10:32:45,586 [aeb2043f-b21f-448b-b98e-71f6b579dea4@group-2722138C0FE0:LeaderElection20] INFO  server.RaftServerConfigKeys (ConfUtils.java:logGet(43)) - raft.server.watch.element-limit = 65536 (default)
2019-09-11 10:32:45,592 [aeb2043f-b21f-448b-b98e-71f6b579dea4@group-2722138C0FE0:LeaderElection20] INFO  server.RaftServerConfigKeys (ConfUtils.java:logGet(43)) - raft.server.log.appender.snapshot.chunk.size.max = 16MB (=16777216) (default)
2019-09-11 10:32:45,593 [aeb2043f-b21f-448b-b98e-71f6b579dea4@group-2722138C0FE0:LeaderElection20] INFO  server.RaftServerConfigKeys (ConfUtils.java:logGet(43)) - raft.server.log.appender.buffer.byte-limit = 33554432 (custom)
2019-09-11 10:32:45,593 [aeb2043f-b21f-448b-b98e-71f6b579dea4@group-2722138C0FE0:LeaderElection20] INFO  server.RaftServerConfigKeys (ConfUtils.java:logGet(43)) - raft.server.log.appender.buffer.element-limit = 1 (custom)
2019-09-11 10:32:45,597 [aeb2043f-b21f-448b-b98e-71f6b579dea4@group-2722138C0FE0:LeaderElection20] INFO  grpc.GrpcConfigKeys$Server (ConfUtils.java:logGet(43)) - raft.grpc.server.leader.outstanding.appends.max = 128 (default)
2019-09-11 10:32:45,598 [aeb2043f-b21f-448b-b98e-71f6b579dea4@group-2722138C0FE0:LeaderElection20] INFO  server.RaftServerConfigKeys (ConfUtils.java:logGet(43)) - raft.server.rpc.request.timeout = 3000ms (default)
2019-09-11 10:32:45,598 [aeb2043f-b21f-448b-b98e-71f6b579dea4@group-2722138C0FE0:LeaderElection20] INFO  server.RaftServerConfigKeys (ConfUtils.java:logGet(43)) - raft.server.log.appender.install.snapshot.enabled = false (custom)
2019-09-11 10:32:45,599 [aeb2043f-b21f-448b-b98e-71f6b579dea4@group-2722138C0FE0:LeaderElection20] INFO  server.RaftServerConfigKeys (ConfUtils.java:logGet(43)) - raft.server.log.appender.snapshot.chunk.size.max = 16MB (=16777216) (default)
2019-09-11 10:32:45,599 [aeb2043f-b21f-448b-b98e-71f6b579dea4@group-2722138C0FE0:LeaderElection20] INFO  server.RaftServerConfigKeys (ConfUtils.java:logGet(43)) - raft.server.log.appender.buffer.byte-limit = 33554432 (custom)
2019-09-11 10:32:45,600 [aeb2043f-b21f-448b-b98e-71f6b579dea4@group-2722138C0FE0:LeaderElection20] INFO  server.RaftServerConfigKeys (ConfUtils.java:logGet(43)) - raft.server.log.appender.buffer.element-limit = 1 (custom)
2019-09-11 10:32:45,600 [aeb2043f-b21f-448b-b98e-71f6b579dea4@group-2722138C0FE0:LeaderElection20] INFO  grpc.GrpcConfigKeys$Server (ConfUtils.java:logGet(43)) - raft.grpc.server.leader.outstanding.appends.max = 128 (default)
2019-09-11 10:32:45,600 [aeb2043f-b21f-448b-b98e-71f6b579dea4@group-2722138C0FE0:LeaderElection20] INFO  server.RaftServerConfigKeys (ConfUtils.java:logGet(43)) - raft.server.rpc.request.timeout = 3000ms (default)
2019-09-11 10:32:45,600 [aeb2043f-b21f-448b-b98e-71f6b579dea4@group-2722138C0FE0:LeaderElection20] INFO  server.RaftServerConfigKeys (ConfUtils.java:logGet(43)) - raft.server.log.appender.install.snapshot.enabled = false (custom)
2019-09-11 10:32:45,602 [aeb2043f-b21f-448b-b98e-71f6b579dea4@group-2722138C0FE0:LeaderElection20] INFO  impl.RoleInfo (RoleInfo.java:updateAndGet(143)) - aeb2043f-b21f-448b-b98e-71f6b579dea4: start LeaderState
2019-09-11 10:32:45,602 [aeb2043f-b21f-448b-b98e-71f6b579dea4@group-2722138C0FE0:LeaderElection20] INFO  segmented.SegmentedRaftLogWorker (SegmentedRaftLogWorker.java:startLogSegment(380)) - aeb2043f-b21f-448b-b98e-71f6b579dea4@group-2722138C0FE0-SegmentedRaftLogWorker: Starting segment from index:0
2019-09-11 10:32:45,603 [aeb2043f-b21f-448b-b98e-71f6b579dea4@group-2722138C0FE0:LeaderElection20] INFO  impl.RaftServerImpl (ServerState.java:setRaftConf(354)) - aeb2043f-b21f-448b-b98e-71f6b579dea4@group-2722138C0FE0: set configuration 0: [a8d859d1-6640-4c40-83aa-447d1cb68642:192.168.69.96:35156, aeb2043f-b21f-448b-b98e-71f6b579dea4:192.168.69.96:42052, 95b20011-2e58-4a94-a7ae-3b1213f1c518:192.168.69.96:39413], old=null at 0
2019-09-11 10:32:45,666 [aeb2043f-b21f-448b-b98e-71f6b579dea4@group-2722138C0FE0-SegmentedRaftLogWorker] INFO  segmented.SegmentedRaftLogWorker (SegmentedRaftLogWorker.java:execute(569)) - aeb2043f-b21f-448b-b98e-71f6b579dea4@group-2722138C0FE0-SegmentedRaftLogWorker: created new log segment /workdir/hadoop-ozone/integration-test/target/test-dir/MiniOzoneClusterImpl-62578b9c-93b1-4e23-b83e-ebaf05b7c577/datanode-2/data/ratis/e8f86b12-a110-46ad-9495-2722138c0fe0/current/log_inprogress_0
2019-09-11 10:32:45,671 [grpc-default-executor-5] INFO  impl.RaftServerImpl (ServerState.java:setLeader(253)) - a8d859d1-6640-4c40-83aa-447d1cb68642@group-2722138C0FE0: change Leader from null to aeb2043f-b21f-448b-b98e-71f6b579dea4 at term 1 for appendEntries, leader elected after 1349ms
2019-09-11 10:32:45,671 [grpc-default-executor-3] INFO  impl.RaftServerImpl (ServerState.java:setLeader(253)) - 95b20011-2e58-4a94-a7ae-3b1213f1c518@group-2722138C0FE0: change Leader from null to aeb2043f-b21f-448b-b98e-71f6b579dea4 at term 1 for appendEntries, leader elected after 1350ms
2019-09-11 10:32:45,700 [grpc-default-executor-5] INFO  impl.RaftServerImpl (ServerState.java:setRaftConf(354)) - 95b20011-2e58-4a94-a7ae-3b1213f1c518@group-2722138C0FE0: set configuration 0: [a8d859d1-6640-4c40-83aa-447d1cb68642:192.168.69.96:35156, aeb2043f-b21f-448b-b98e-71f6b579dea4:192.168.69.96:42052, 95b20011-2e58-4a94-a7ae-3b1213f1c518:192.168.69.96:39413], old=null at 0
2019-09-11 10:32:45,700 [grpc-default-executor-3] INFO  impl.RaftServerImpl (ServerState.java:setRaftConf(354)) - a8d859d1-6640-4c40-83aa-447d1cb68642@group-2722138C0FE0: set configuration 0: [a8d859d1-6640-4c40-83aa-447d1cb68642:192.168.69.96:35156, aeb2043f-b21f-448b-b98e-71f6b579dea4:192.168.69.96:42052, 95b20011-2e58-4a94-a7ae-3b1213f1c518:192.168.69.96:39413], old=null at 0
2019-09-11 10:32:45,701 [grpc-default-executor-5] INFO  segmented.SegmentedRaftLogWorker (SegmentedRaftLogWorker.java:startLogSegment(380)) - 95b20011-2e58-4a94-a7ae-3b1213f1c518@group-2722138C0FE0-SegmentedRaftLogWorker: Starting segment from index:0
2019-09-11 10:32:45,701 [grpc-default-executor-3] INFO  segmented.SegmentedRaftLogWorker (SegmentedRaftLogWorker.java:startLogSegment(380)) - a8d859d1-6640-4c40-83aa-447d1cb68642@group-2722138C0FE0-SegmentedRaftLogWorker: Starting segment from index:0
2019-09-11 10:32:45,758 [a8d859d1-6640-4c40-83aa-447d1cb68642@group-2722138C0FE0-SegmentedRaftLogWorker] INFO  segmented.SegmentedRaftLogWorker (SegmentedRaftLogWorker.java:execute(569)) - a8d859d1-6640-4c40-83aa-447d1cb68642@group-2722138C0FE0-SegmentedRaftLogWorker: created new log segment /workdir/hadoop-ozone/integration-test/target/test-dir/MiniOzoneClusterImpl-62578b9c-93b1-4e23-b83e-ebaf05b7c577/datanode-9/data/ratis/e8f86b12-a110-46ad-9495-2722138c0fe0/current/log_inprogress_0
2019-09-11 10:32:45,758 [95b20011-2e58-4a94-a7ae-3b1213f1c518@group-2722138C0FE0-SegmentedRaftLogWorker] INFO  segmented.SegmentedRaftLogWorker (SegmentedRaftLogWorker.java:execute(569)) - 95b20011-2e58-4a94-a7ae-3b1213f1c518@group-2722138C0FE0-SegmentedRaftLogWorker: created new log segment /workdir/hadoop-ozone/integration-test/target/test-dir/MiniOzoneClusterImpl-62578b9c-93b1-4e23-b83e-ebaf05b7c577/datanode-7/data/ratis/e8f86b12-a110-46ad-9495-2722138c0fe0/current/log_inprogress_0
2019-09-11 10:32:45,900 [grpc-default-executor-5] INFO  client.GrpcClientProtocolClient (GrpcClientProtocolClient.java:onNext(264)) - client-93B8AFC33C87->36d8287a-f445-472c-84c0-3ac4479cc6b6: receive RaftClientReply:client-93B8AFC33C87->36d8287a-f445-472c-84c0-3ac4479cc6b6@group-8BAF5038FCF7, cid=19, FAILED org.apache.ratis.protocol.NotLeaderException: Server 36d8287a-f445-472c-84c0-3ac4479cc6b6@group-8BAF5038FCF7 is not the leader, logIndex=0, commits[36d8287a-f445-472c-84c0-3ac4479cc6b6:c-1]
2019-09-11 10:32:46,468 [Thread-402] INFO  impl.FollowerState (FollowerState.java:run(106)) - a147bf4e-e47b-4bef-becd-030e3c92d985:group-42EC5F47EE4E changes to CANDIDATE, lastRpcTime:1063, electionTimeout:1054ms
2019-09-11 10:32:46,469 [Thread-402] INFO  impl.RoleInfo (RoleInfo.java:shutdownFollowerState(121)) - a147bf4e-e47b-4bef-becd-030e3c92d985: shutdown FollowerState
2019-09-11 10:32:46,469 [Thread-402] INFO  impl.RaftServerImpl (RaftServerImpl.java:setRole(174)) - a147bf4e-e47b-4bef-becd-030e3c92d985@group-42EC5F47EE4E: changes role from  FOLLOWER to CANDIDATE at term 1 for changeToCandidate
2019-09-11 10:32:46,469 [Thread-402] INFO  impl.RoleInfo (RoleInfo.java:updateAndGet(143)) - a147bf4e-e47b-4bef-becd-030e3c92d985: start LeaderElection
2019-09-11 10:32:46,488 [Thread-404] INFO  impl.FollowerState (FollowerState.java:run(106)) - 057fef34-657c-4281-ab7d-192648031ede:group-8BAF5038FCF7 changes to CANDIDATE, lastRpcTime:1069, electionTimeout:1065ms
2019-09-11 10:32:46,488 [Thread-404] INFO  impl.RoleInfo (RoleInfo.java:shutdownFollowerState(121)) - 057fef34-657c-4281-ab7d-192648031ede: shutdown FollowerState
2019-09-11 10:32:46,489 [Thread-404] INFO  impl.RaftServerImpl (RaftServerImpl.java:setRole(174)) - 057fef34-657c-4281-ab7d-192648031ede@group-8BAF5038FCF7: changes role from  FOLLOWER to CANDIDATE at term 2 for changeToCandidate
2019-09-11 10:32:46,489 [Thread-404] INFO  impl.RoleInfo (RoleInfo.java:updateAndGet(143)) - 057fef34-657c-4281-ab7d-192648031ede: start LeaderElection
2019-09-11 10:32:46,492 [a147bf4e-e47b-4bef-becd-030e3c92d985@group-42EC5F47EE4E:LeaderElection22] INFO  impl.LeaderElection (LeaderElection.java:askForVotes(182)) - a147bf4e-e47b-4bef-becd-030e3c92d985@group-42EC5F47EE4E:LeaderElection22: begin an election at term 2 for -1: [a147bf4e-e47b-4bef-becd-030e3c92d985:192.168.69.96:46724, 84160365-33de-4d43-a4b9-c2ba02cae000:192.168.69.96:44334, d898b401-bc34-4650-97cf-b91d52192f1e:192.168.69.96:37663], old=null
2019-09-11 10:32:46,496 [grpc-default-executor-5] INFO  impl.RaftServerImpl (RaftServerImpl.java:setRole(174)) - 84160365-33de-4d43-a4b9-c2ba02cae000@group-42EC5F47EE4E: changes role from  FOLLOWER to FOLLOWER at term 2 for recognizeCandidate:a147bf4e-e47b-4bef-becd-030e3c92d985
2019-09-11 10:32:46,496 [grpc-default-executor-3] INFO  impl.RaftServerImpl (RaftServerImpl.java:setRole(174)) - d898b401-bc34-4650-97cf-b91d52192f1e@group-42EC5F47EE4E: changes role from  FOLLOWER to FOLLOWER at term 2 for recognizeCandidate:a147bf4e-e47b-4bef-becd-030e3c92d985
2019-09-11 10:32:46,496 [grpc-default-executor-5] INFO  impl.RoleInfo (RoleInfo.java:shutdownFollowerState(121)) - 84160365-33de-4d43-a4b9-c2ba02cae000: shutdown FollowerState
2019-09-11 10:32:46,497 [grpc-default-executor-3] INFO  impl.RoleInfo (RoleInfo.java:shutdownFollowerState(121)) - d898b401-bc34-4650-97cf-b91d52192f1e: shutdown FollowerState
2019-09-11 10:32:46,497 [grpc-default-executor-5] INFO  impl.RoleInfo (RoleInfo.java:updateAndGet(143)) - 84160365-33de-4d43-a4b9-c2ba02cae000: start FollowerState
2019-09-11 10:32:46,497 [Thread-407] INFO  impl.FollowerState (FollowerState.java:run(115)) - d898b401-bc34-4650-97cf-b91d52192f1e: FollowerState was interrupted: java.lang.InterruptedException: sleep interrupted
2019-09-11 10:32:46,497 [grpc-default-executor-3] INFO  impl.RoleInfo (RoleInfo.java:updateAndGet(143)) - d898b401-bc34-4650-97cf-b91d52192f1e: start FollowerState
2019-09-11 10:32:46,497 [Thread-410] INFO  impl.FollowerState (FollowerState.java:run(115)) - 84160365-33de-4d43-a4b9-c2ba02cae000: FollowerState was interrupted: java.lang.InterruptedException: sleep interrupted
2019-09-11 10:32:46,509 [057fef34-657c-4281-ab7d-192648031ede@group-8BAF5038FCF7:LeaderElection23] INFO  impl.LeaderElection (LeaderElection.java:askForVotes(182)) - 057fef34-657c-4281-ab7d-192648031ede@group-8BAF5038FCF7:LeaderElection23: begin an election at term 3 for -1: [057fef34-657c-4281-ab7d-192648031ede:192.168.69.96:35772, 0ef303e2-5bf5-4b6c-9a73-acca672dcd1f:192.168.69.96:44333, 36d8287a-f445-472c-84c0-3ac4479cc6b6:192.168.69.96:43141], old=null
2019-09-11 10:32:46,512 [grpc-default-executor-2] INFO  impl.RaftServerImpl (RaftServerImpl.java:setRole(174)) - 0ef303e2-5bf5-4b6c-9a73-acca672dcd1f@group-8BAF5038FCF7: changes role from  FOLLOWER to FOLLOWER at term 3 for recognizeCandidate:057fef34-657c-4281-ab7d-192648031ede
2019-09-11 10:32:46,513 [grpc-default-executor-2] INFO  impl.RoleInfo (RoleInfo.java:shutdownFollowerState(121)) - 0ef303e2-5bf5-4b6c-9a73-acca672dcd1f: shutdown FollowerState
2019-09-11 10:32:46,513 [grpc-default-executor-2] INFO  impl.RoleInfo (RoleInfo.java:updateAndGet(143)) - 0ef303e2-5bf5-4b6c-9a73-acca672dcd1f: start FollowerState
2019-09-11 10:32:46,513 [Thread-408] INFO  impl.FollowerState (FollowerState.java:run(115)) - 0ef303e2-5bf5-4b6c-9a73-acca672dcd1f: FollowerState was interrupted: java.lang.InterruptedException: sleep interrupted
2019-09-11 10:32:46,513 [grpc-default-executor-1] INFO  impl.RaftServerImpl (RaftServerImpl.java:setRole(174)) - 36d8287a-f445-472c-84c0-3ac4479cc6b6@group-8BAF5038FCF7: changes role from  FOLLOWER to FOLLOWER at term 3 for recognizeCandidate:057fef34-657c-4281-ab7d-192648031ede
2019-09-11 10:32:46,516 [grpc-default-executor-1] INFO  impl.RoleInfo (RoleInfo.java:shutdownFollowerState(121)) - 36d8287a-f445-472c-84c0-3ac4479cc6b6: shutdown FollowerState
2019-09-11 10:32:46,517 [grpc-default-executor-1] INFO  impl.RoleInfo (RoleInfo.java:updateAndGet(143)) - 36d8287a-f445-472c-84c0-3ac4479cc6b6: start FollowerState
2019-09-11 10:32:46,517 [Thread-411] INFO  impl.FollowerState (FollowerState.java:run(115)) - 36d8287a-f445-472c-84c0-3ac4479cc6b6: FollowerState was interrupted: java.lang.InterruptedException: sleep interrupted
2019-09-11 10:32:46,528 [a147bf4e-e47b-4bef-becd-030e3c92d985@group-42EC5F47EE4E:LeaderElection22] INFO  impl.LeaderElection (LeaderElection.java:logAndReturn(56)) - a147bf4e-e47b-4bef-becd-030e3c92d985@group-42EC5F47EE4E:LeaderElection22: Election PASSED; received 1 response(s) [a147bf4e-e47b-4bef-becd-030e3c92d985<-d898b401-bc34-4650-97cf-b91d52192f1e#0:OK-t2] and 0 exception(s); a147bf4e-e47b-4bef-becd-030e3c92d985@group-42EC5F47EE4E:t2, leader=null, voted=a147bf4e-e47b-4bef-becd-030e3c92d985, raftlog=a147bf4e-e47b-4bef-becd-030e3c92d985@group-42EC5F47EE4E-SegmentedRaftLog:OPENED:c-1,f-1,i0, conf=-1: [a147bf4e-e47b-4bef-becd-030e3c92d985:192.168.69.96:46724, 84160365-33de-4d43-a4b9-c2ba02cae000:192.168.69.96:44334, d898b401-bc34-4650-97cf-b91d52192f1e:192.168.69.96:37663], old=null
2019-09-11 10:32:46,528 [a147bf4e-e47b-4bef-becd-030e3c92d985@group-42EC5F47EE4E:LeaderElection22] INFO  impl.RoleInfo (RoleInfo.java:shutdownLeaderElection(134)) - a147bf4e-e47b-4bef-becd-030e3c92d985: shutdown LeaderElection
2019-09-11 10:32:46,528 [a147bf4e-e47b-4bef-becd-030e3c92d985@group-42EC5F47EE4E:LeaderElection22] INFO  impl.RaftServerImpl (RaftServerImpl.java:setRole(174)) - a147bf4e-e47b-4bef-becd-030e3c92d985@group-42EC5F47EE4E: changes role from CANDIDATE to LEADER at term 2 for changeToLeader
2019-09-11 10:32:46,529 [a147bf4e-e47b-4bef-becd-030e3c92d985@group-42EC5F47EE4E:LeaderElection22] INFO  impl.RaftServerImpl (ServerState.java:setLeader(253)) - a147bf4e-e47b-4bef-becd-030e3c92d985@group-42EC5F47EE4E: change Leader from null to a147bf4e-e47b-4bef-becd-030e3c92d985 at term 2 for becomeLeader, leader elected after 2395ms
2019-09-11 10:32:46,529 [a147bf4e-e47b-4bef-becd-030e3c92d985@group-42EC5F47EE4E:LeaderElection22] INFO  server.RaftServerConfigKeys (ConfUtils.java:logGet(43)) - raft.server.staging.catchup.gap = 1000 (default)
2019-09-11 10:32:46,529 [a147bf4e-e47b-4bef-becd-030e3c92d985@group-42EC5F47EE4E:LeaderElection22] INFO  server.RaftServerConfigKeys (ConfUtils.java:logGet(43)) - raft.server.rpc.sleep.time = 25ms (default)
2019-09-11 10:32:46,529 [a147bf4e-e47b-4bef-becd-030e3c92d985@group-42EC5F47EE4E:LeaderElection22] INFO  server.RaftServerConfigKeys (ConfUtils.java:logGet(43)) - raft.server.write.element-limit = 4096 (default)
2019-09-11 10:32:46,530 [a147bf4e-e47b-4bef-becd-030e3c92d985@group-42EC5F47EE4E:LeaderElection22] INFO  server.RaftServerConfigKeys (ConfUtils.java:logGet(43)) - raft.server.watch.timeout = 10s (default)
2019-09-11 10:32:46,530 [a147bf4e-e47b-4bef-becd-030e3c92d985@group-42EC5F47EE4E:LeaderElection22] INFO  server.RaftServerConfigKeys (ConfUtils.java:logGet(43)) - raft.server.watch.timeout.denomination = 1s (default)
2019-09-11 10:32:46,530 [a147bf4e-e47b-4bef-becd-030e3c92d985@group-42EC5F47EE4E:LeaderElection22] INFO  server.RaftServerConfigKeys (ConfUtils.java:logGet(43)) - raft.server.watch.element-limit = 65536 (default)
2019-09-11 10:32:46,535 [a147bf4e-e47b-4bef-becd-030e3c92d985@group-42EC5F47EE4E:LeaderElection22] INFO  server.RaftServerConfigKeys (ConfUtils.java:logGet(43)) - raft.server.log.appender.snapshot.chunk.size.max = 16MB (=16777216) (default)
2019-09-11 10:32:46,535 [a147bf4e-e47b-4bef-becd-030e3c92d985@group-42EC5F47EE4E:LeaderElection22] INFO  server.RaftServerConfigKeys (ConfUtils.java:logGet(43)) - raft.server.log.appender.buffer.byte-limit = 33554432 (custom)
2019-09-11 10:32:46,536 [a147bf4e-e47b-4bef-becd-030e3c92d985@group-42EC5F47EE4E:LeaderElection22] INFO  server.RaftServerConfigKeys (ConfUtils.java:logGet(43)) - raft.server.log.appender.buffer.element-limit = 1 (custom)
2019-09-11 10:32:46,536 [a147bf4e-e47b-4bef-becd-030e3c92d985@group-42EC5F47EE4E:LeaderElection22] INFO  grpc.GrpcConfigKeys$Server (ConfUtils.java:logGet(43)) - raft.grpc.server.leader.outstanding.appends.max = 128 (default)
2019-09-11 10:32:46,539 [a147bf4e-e47b-4bef-becd-030e3c92d985@group-42EC5F47EE4E:LeaderElection22] INFO  server.RaftServerConfigKeys (ConfUtils.java:logGet(43)) - raft.server.rpc.request.timeout = 3000ms (default)
2019-09-11 10:32:46,539 [a147bf4e-e47b-4bef-becd-030e3c92d985@group-42EC5F47EE4E:LeaderElection22] INFO  server.RaftServerConfigKeys (ConfUtils.java:logGet(43)) - raft.server.log.appender.install.snapshot.enabled = false (custom)
2019-09-11 10:32:46,540 [a147bf4e-e47b-4bef-becd-030e3c92d985@group-42EC5F47EE4E:LeaderElection22] INFO  server.RaftServerConfigKeys (ConfUtils.java:logGet(43)) - raft.server.log.appender.snapshot.chunk.size.max = 16MB (=16777216) (default)
2019-09-11 10:32:46,540 [a147bf4e-e47b-4bef-becd-030e3c92d985@group-42EC5F47EE4E:LeaderElection22] INFO  server.RaftServerConfigKeys (ConfUtils.java:logGet(43)) - raft.server.log.appender.buffer.byte-limit = 33554432 (custom)
2019-09-11 10:32:46,540 [a147bf4e-e47b-4bef-becd-030e3c92d985@group-42EC5F47EE4E:LeaderElection22] INFO  server.RaftServerConfigKeys (ConfUtils.java:logGet(43)) - raft.server.log.appender.buffer.element-limit = 1 (custom)
2019-09-11 10:32:46,541 [a147bf4e-e47b-4bef-becd-030e3c92d985@group-42EC5F47EE4E:LeaderElection22] INFO  grpc.GrpcConfigKeys$Server (ConfUtils.java:logGet(43)) - raft.grpc.server.leader.outstanding.appends.max = 128 (default)
2019-09-11 10:32:46,541 [a147bf4e-e47b-4bef-becd-030e3c92d985@group-42EC5F47EE4E:LeaderElection22] INFO  server.RaftServerConfigKeys (ConfUtils.java:logGet(43)) - raft.server.rpc.request.timeout = 3000ms (default)
2019-09-11 10:32:46,541 [a147bf4e-e47b-4bef-becd-030e3c92d985@group-42EC5F47EE4E:LeaderElection22] INFO  server.RaftServerConfigKeys (ConfUtils.java:logGet(43)) - raft.server.log.appender.install.snapshot.enabled = false (custom)
2019-09-11 10:32:46,542 [a147bf4e-e47b-4bef-becd-030e3c92d985@group-42EC5F47EE4E:LeaderElection22] INFO  impl.RoleInfo (RoleInfo.java:updateAndGet(143)) - a147bf4e-e47b-4bef-becd-030e3c92d985: start LeaderState
2019-09-11 10:32:46,542 [a147bf4e-e47b-4bef-becd-030e3c92d985@group-42EC5F47EE4E:LeaderElection22] INFO  segmented.SegmentedRaftLogWorker (SegmentedRaftLogWorker.java:startLogSegment(380)) - a147bf4e-e47b-4bef-becd-030e3c92d985@group-42EC5F47EE4E-SegmentedRaftLogWorker: Starting segment from index:0
2019-09-11 10:32:46,543 [a147bf4e-e47b-4bef-becd-030e3c92d985@group-42EC5F47EE4E:LeaderElection22] INFO  impl.RaftServerImpl (ServerState.java:setRaftConf(354)) - a147bf4e-e47b-4bef-becd-030e3c92d985@group-42EC5F47EE4E: set configuration 0: [a147bf4e-e47b-4bef-becd-030e3c92d985:192.168.69.96:46724, 84160365-33de-4d43-a4b9-c2ba02cae000:192.168.69.96:44334, d898b401-bc34-4650-97cf-b91d52192f1e:192.168.69.96:37663], old=null at 0
2019-09-11 10:32:46,545 [grpc-default-executor-3] INFO  impl.RaftServerImpl (ServerState.java:setLeader(253)) - d898b401-bc34-4650-97cf-b91d52192f1e@group-42EC5F47EE4E: change Leader from null to a147bf4e-e47b-4bef-becd-030e3c92d985 at term 2 for appendEntries, leader elected after 2353ms
2019-09-11 10:32:46,580 [grpc-default-executor-5] INFO  impl.RaftServerImpl (ServerState.java:setLeader(253)) - 84160365-33de-4d43-a4b9-c2ba02cae000@group-42EC5F47EE4E: change Leader from null to a147bf4e-e47b-4bef-becd-030e3c92d985 at term 2 for appendEntries, leader elected after 2508ms
2019-09-11 10:32:46,582 [057fef34-657c-4281-ab7d-192648031ede@group-8BAF5038FCF7:LeaderElection23] INFO  impl.LeaderElection (LeaderElection.java:logAndReturn(56)) - 057fef34-657c-4281-ab7d-192648031ede@group-8BAF5038FCF7:LeaderElection23: Election PASSED; received 1 response(s) [057fef34-657c-4281-ab7d-192648031ede<-0ef303e2-5bf5-4b6c-9a73-acca672dcd1f#0:OK-t3] and 0 exception(s); 057fef34-657c-4281-ab7d-192648031ede@group-8BAF5038FCF7:t3, leader=null, voted=057fef34-657c-4281-ab7d-192648031ede, raftlog=057fef34-657c-4281-ab7d-192648031ede@group-8BAF5038FCF7-SegmentedRaftLog:OPENED:c-1,f-1,i0, conf=-1: [057fef34-657c-4281-ab7d-192648031ede:192.168.69.96:35772, 0ef303e2-5bf5-4b6c-9a73-acca672dcd1f:192.168.69.96:44333, 36d8287a-f445-472c-84c0-3ac4479cc6b6:192.168.69.96:43141], old=null
2019-09-11 10:32:46,582 [057fef34-657c-4281-ab7d-192648031ede@group-8BAF5038FCF7:LeaderElection23] INFO  impl.RoleInfo (RoleInfo.java:shutdownLeaderElection(134)) - 057fef34-657c-4281-ab7d-192648031ede: shutdown LeaderElection
2019-09-11 10:32:46,582 [057fef34-657c-4281-ab7d-192648031ede@group-8BAF5038FCF7:LeaderElection23] INFO  impl.RaftServerImpl (RaftServerImpl.java:setRole(174)) - 057fef34-657c-4281-ab7d-192648031ede@group-8BAF5038FCF7: changes role from CANDIDATE to LEADER at term 3 for changeToLeader
2019-09-11 10:32:46,582 [057fef34-657c-4281-ab7d-192648031ede@group-8BAF5038FCF7:LeaderElection23] INFO  impl.RaftServerImpl (ServerState.java:setLeader(253)) - 057fef34-657c-4281-ab7d-192648031ede@group-8BAF5038FCF7: change Leader from null to 057fef34-657c-4281-ab7d-192648031ede at term 3 for becomeLeader, leader elected after 3703ms
2019-09-11 10:32:46,582 [057fef34-657c-4281-ab7d-192648031ede@group-8BAF5038FCF7:LeaderElection23] INFO  server.RaftServerConfigKeys (ConfUtils.java:logGet(43)) - raft.server.staging.catchup.gap = 1000 (default)
2019-09-11 10:32:46,582 [057fef34-657c-4281-ab7d-192648031ede@group-8BAF5038FCF7:LeaderElection23] INFO  server.RaftServerConfigKeys (ConfUtils.java:logGet(43)) - raft.server.rpc.sleep.time = 25ms (default)
2019-09-11 10:32:46,583 [057fef34-657c-4281-ab7d-192648031ede@group-8BAF5038FCF7:LeaderElection23] INFO  server.RaftServerConfigKeys (ConfUtils.java:logGet(43)) - raft.server.write.element-limit = 4096 (default)
2019-09-11 10:32:46,583 [057fef34-657c-4281-ab7d-192648031ede@group-8BAF5038FCF7:LeaderElection23] INFO  server.RaftServerConfigKeys (ConfUtils.java:logGet(43)) - raft.server.watch.timeout = 10s (default)
2019-09-11 10:32:46,583 [057fef34-657c-4281-ab7d-192648031ede@group-8BAF5038FCF7:LeaderElection23] INFO  server.RaftServerConfigKeys (ConfUtils.java:logGet(43)) - raft.server.watch.timeout.denomination = 1s (default)
2019-09-11 10:32:46,583 [057fef34-657c-4281-ab7d-192648031ede@group-8BAF5038FCF7:LeaderElection23] INFO  server.RaftServerConfigKeys (ConfUtils.java:logGet(43)) - raft.server.watch.element-limit = 65536 (default)
2019-09-11 10:32:46,584 [grpc-default-executor-3] INFO  impl.RaftServerImpl (ServerState.java:setRaftConf(354)) - d898b401-bc34-4650-97cf-b91d52192f1e@group-42EC5F47EE4E: set configuration 0: [a147bf4e-e47b-4bef-becd-030e3c92d985:192.168.69.96:46724, 84160365-33de-4d43-a4b9-c2ba02cae000:192.168.69.96:44334, d898b401-bc34-4650-97cf-b91d52192f1e:192.168.69.96:37663], old=null at 0
2019-09-11 10:32:46,587 [grpc-default-executor-3] INFO  segmented.SegmentedRaftLogWorker (SegmentedRaftLogWorker.java:startLogSegment(380)) - d898b401-bc34-4650-97cf-b91d52192f1e@group-42EC5F47EE4E-SegmentedRaftLogWorker: Starting segment from index:0
2019-09-11 10:32:46,588 [grpc-default-executor-3] INFO  impl.RaftServerImpl (ServerState.java:setRaftConf(354)) - 84160365-33de-4d43-a4b9-c2ba02cae000@group-42EC5F47EE4E: set configuration 0: [a147bf4e-e47b-4bef-becd-030e3c92d985:192.168.69.96:46724, 84160365-33de-4d43-a4b9-c2ba02cae000:192.168.69.96:44334, d898b401-bc34-4650-97cf-b91d52192f1e:192.168.69.96:37663], old=null at 0
2019-09-11 10:32:46,589 [grpc-default-executor-3] INFO  segmented.SegmentedRaftLogWorker (SegmentedRaftLogWorker.java:startLogSegment(380)) - 84160365-33de-4d43-a4b9-c2ba02cae000@group-42EC5F47EE4E-SegmentedRaftLogWorker: Starting segment from index:0
2019-09-11 10:32:46,590 [057fef34-657c-4281-ab7d-192648031ede@group-8BAF5038FCF7:LeaderElection23] INFO  server.RaftServerConfigKeys (ConfUtils.java:logGet(43)) - raft.server.log.appender.snapshot.chunk.size.max = 16MB (=16777216) (default)
2019-09-11 10:32:46,590 [057fef34-657c-4281-ab7d-192648031ede@group-8BAF5038FCF7:LeaderElection23] INFO  server.RaftServerConfigKeys (ConfUtils.java:logGet(43)) - raft.server.log.appender.buffer.byte-limit = 33554432 (custom)
2019-09-11 10:32:46,590 [057fef34-657c-4281-ab7d-192648031ede@group-8BAF5038FCF7:LeaderElection23] INFO  server.RaftServerConfigKeys (ConfUtils.java:logGet(43)) - raft.server.log.appender.buffer.element-limit = 1 (custom)
2019-09-11 10:32:46,591 [057fef34-657c-4281-ab7d-192648031ede@group-8BAF5038FCF7:LeaderElection23] INFO  grpc.GrpcConfigKeys$Server (ConfUtils.java:logGet(43)) - raft.grpc.server.leader.outstanding.appends.max = 128 (default)
2019-09-11 10:32:46,591 [057fef34-657c-4281-ab7d-192648031ede@group-8BAF5038FCF7:LeaderElection23] INFO  server.RaftServerConfigKeys (ConfUtils.java:logGet(43)) - raft.server.rpc.request.timeout = 3000ms (default)
2019-09-11 10:32:46,591 [057fef34-657c-4281-ab7d-192648031ede@group-8BAF5038FCF7:LeaderElection23] INFO  server.RaftServerConfigKeys (ConfUtils.java:logGet(43)) - raft.server.log.appender.install.snapshot.enabled = false (custom)
2019-09-11 10:32:46,592 [057fef34-657c-4281-ab7d-192648031ede@group-8BAF5038FCF7:LeaderElection23] INFO  server.RaftServerConfigKeys (ConfUtils.java:logGet(43)) - raft.server.log.appender.snapshot.chunk.size.max = 16MB (=16777216) (default)
2019-09-11 10:32:46,592 [057fef34-657c-4281-ab7d-192648031ede@group-8BAF5038FCF7:LeaderElection23] INFO  server.RaftServerConfigKeys (ConfUtils.java:logGet(43)) - raft.server.log.appender.buffer.byte-limit = 33554432 (custom)
2019-09-11 10:32:46,592 [057fef34-657c-4281-ab7d-192648031ede@group-8BAF5038FCF7:LeaderElection23] INFO  server.RaftServerConfigKeys (ConfUtils.java:logGet(43)) - raft.server.log.appender.buffer.element-limit = 1 (custom)
2019-09-11 10:32:46,592 [057fef34-657c-4281-ab7d-192648031ede@group-8BAF5038FCF7:LeaderElection23] INFO  grpc.GrpcConfigKeys$Server (ConfUtils.java:logGet(43)) - raft.grpc.server.leader.outstanding.appends.max = 128 (default)
2019-09-11 10:32:46,593 [057fef34-657c-4281-ab7d-192648031ede@group-8BAF5038FCF7:LeaderElection23] INFO  server.RaftServerConfigKeys (ConfUtils.java:logGet(43)) - raft.server.rpc.request.timeout = 3000ms (default)
2019-09-11 10:32:46,593 [057fef34-657c-4281-ab7d-192648031ede@group-8BAF5038FCF7:LeaderElection23] INFO  server.RaftServerConfigKeys (ConfUtils.java:logGet(43)) - raft.server.log.appender.install.snapshot.enabled = false (custom)
2019-09-11 10:32:46,593 [057fef34-657c-4281-ab7d-192648031ede@group-8BAF5038FCF7:LeaderElection23] INFO  impl.RoleInfo (RoleInfo.java:updateAndGet(143)) - 057fef34-657c-4281-ab7d-192648031ede: start LeaderState
2019-09-11 10:32:46,594 [057fef34-657c-4281-ab7d-192648031ede@group-8BAF5038FCF7:LeaderElection23] INFO  segmented.SegmentedRaftLogWorker (SegmentedRaftLogWorker.java:startLogSegment(380)) - 057fef34-657c-4281-ab7d-192648031ede@group-8BAF5038FCF7-SegmentedRaftLogWorker: Starting segment from index:0
2019-09-11 10:32:46,595 [057fef34-657c-4281-ab7d-192648031ede@group-8BAF5038FCF7:LeaderElection23] INFO  impl.RaftServerImpl (ServerState.java:setRaftConf(354)) - 057fef34-657c-4281-ab7d-192648031ede@group-8BAF5038FCF7: set configuration 0: [057fef34-657c-4281-ab7d-192648031ede:192.168.69.96:35772, 0ef303e2-5bf5-4b6c-9a73-acca672dcd1f:192.168.69.96:44333, 36d8287a-f445-472c-84c0-3ac4479cc6b6:192.168.69.96:43141], old=null at 0
2019-09-11 10:32:46,597 [grpc-default-executor-5] INFO  impl.RaftServerImpl (ServerState.java:setLeader(253)) - 0ef303e2-5bf5-4b6c-9a73-acca672dcd1f@group-8BAF5038FCF7: change Leader from null to 057fef34-657c-4281-ab7d-192648031ede at term 3 for appendEntries, leader elected after 3718ms
2019-09-11 10:32:46,597 [grpc-default-executor-3] INFO  impl.RaftServerImpl (ServerState.java:setLeader(253)) - 36d8287a-f445-472c-84c0-3ac4479cc6b6@group-8BAF5038FCF7: change Leader from null to 057fef34-657c-4281-ab7d-192648031ede at term 3 for appendEntries, leader elected after 3719ms
2019-09-11 10:32:46,602 [grpc-default-executor-3] INFO  impl.RaftServerImpl (ServerState.java:setRaftConf(354)) - 0ef303e2-5bf5-4b6c-9a73-acca672dcd1f@group-8BAF5038FCF7: set configuration 0: [057fef34-657c-4281-ab7d-192648031ede:192.168.69.96:35772, 0ef303e2-5bf5-4b6c-9a73-acca672dcd1f:192.168.69.96:44333, 36d8287a-f445-472c-84c0-3ac4479cc6b6:192.168.69.96:43141], old=null at 0
2019-09-11 10:32:46,602 [grpc-default-executor-3] INFO  segmented.SegmentedRaftLogWorker (SegmentedRaftLogWorker.java:startLogSegment(380)) - 0ef303e2-5bf5-4b6c-9a73-acca672dcd1f@group-8BAF5038FCF7-SegmentedRaftLogWorker: Starting segment from index:0
2019-09-11 10:32:46,602 [grpc-default-executor-5] INFO  impl.RaftServerImpl (ServerState.java:setRaftConf(354)) - 36d8287a-f445-472c-84c0-3ac4479cc6b6@group-8BAF5038FCF7: set configuration 0: [057fef34-657c-4281-ab7d-192648031ede:192.168.69.96:35772, 0ef303e2-5bf5-4b6c-9a73-acca672dcd1f:192.168.69.96:44333, 36d8287a-f445-472c-84c0-3ac4479cc6b6:192.168.69.96:43141], old=null at 0
2019-09-11 10:32:46,603 [grpc-default-executor-5] INFO  segmented.SegmentedRaftLogWorker (SegmentedRaftLogWorker.java:startLogSegment(380)) - 36d8287a-f445-472c-84c0-3ac4479cc6b6@group-8BAF5038FCF7-SegmentedRaftLogWorker: Starting segment from index:0
2019-09-11 10:32:46,603 [a147bf4e-e47b-4bef-becd-030e3c92d985@group-42EC5F47EE4E-SegmentedRaftLogWorker] INFO  segmented.SegmentedRaftLogWorker (SegmentedRaftLogWorker.java:execute(569)) - a147bf4e-e47b-4bef-becd-030e3c92d985@group-42EC5F47EE4E-SegmentedRaftLogWorker: created new log segment /workdir/hadoop-ozone/integration-test/target/test-dir/MiniOzoneClusterImpl-62578b9c-93b1-4e23-b83e-ebaf05b7c577/datanode-6/data/ratis/d92856a0-e862-4960-888e-42ec5f47ee4e/current/log_inprogress_0
2019-09-11 10:32:46,645 [84160365-33de-4d43-a4b9-c2ba02cae000@group-42EC5F47EE4E-SegmentedRaftLogWorker] INFO  segmented.SegmentedRaftLogWorker (SegmentedRaftLogWorker.java:execute(569)) - 84160365-33de-4d43-a4b9-c2ba02cae000@group-42EC5F47EE4E-SegmentedRaftLogWorker: created new log segment /workdir/hadoop-ozone/integration-test/target/test-dir/MiniOzoneClusterImpl-62578b9c-93b1-4e23-b83e-ebaf05b7c577/datanode-4/data/ratis/d92856a0-e862-4960-888e-42ec5f47ee4e/current/log_inprogress_0
2019-09-11 10:32:46,645 [d898b401-bc34-4650-97cf-b91d52192f1e@group-42EC5F47EE4E-SegmentedRaftLogWorker] INFO  segmented.SegmentedRaftLogWorker (SegmentedRaftLogWorker.java:execute(569)) - d898b401-bc34-4650-97cf-b91d52192f1e@group-42EC5F47EE4E-SegmentedRaftLogWorker: created new log segment /workdir/hadoop-ozone/integration-test/target/test-dir/MiniOzoneClusterImpl-62578b9c-93b1-4e23-b83e-ebaf05b7c577/datanode-8/data/ratis/d92856a0-e862-4960-888e-42ec5f47ee4e/current/log_inprogress_0
2019-09-11 10:32:46,662 [36d8287a-f445-472c-84c0-3ac4479cc6b6@group-8BAF5038FCF7-SegmentedRaftLogWorker] INFO  segmented.SegmentedRaftLogWorker (SegmentedRaftLogWorker.java:execute(569)) - 36d8287a-f445-472c-84c0-3ac4479cc6b6@group-8BAF5038FCF7-SegmentedRaftLogWorker: created new log segment /workdir/hadoop-ozone/integration-test/target/test-dir/MiniOzoneClusterImpl-62578b9c-93b1-4e23-b83e-ebaf05b7c577/datanode-1/data/ratis/1de8d17f-9482-4cd5-af13-8baf5038fcf7/current/log_inprogress_0
2019-09-11 10:32:46,662 [0ef303e2-5bf5-4b6c-9a73-acca672dcd1f@group-8BAF5038FCF7-SegmentedRaftLogWorker] INFO  segmented.SegmentedRaftLogWorker (SegmentedRaftLogWorker.java:execute(569)) - 0ef303e2-5bf5-4b6c-9a73-acca672dcd1f@group-8BAF5038FCF7-SegmentedRaftLogWorker: created new log segment /workdir/hadoop-ozone/integration-test/target/test-dir/MiniOzoneClusterImpl-62578b9c-93b1-4e23-b83e-ebaf05b7c577/datanode-5/data/ratis/1de8d17f-9482-4cd5-af13-8baf5038fcf7/current/log_inprogress_0
2019-09-11 10:32:46,662 [057fef34-657c-4281-ab7d-192648031ede@group-8BAF5038FCF7-SegmentedRaftLogWorker] INFO  segmented.SegmentedRaftLogWorker (SegmentedRaftLogWorker.java:execute(569)) - 057fef34-657c-4281-ab7d-192648031ede@group-8BAF5038FCF7-SegmentedRaftLogWorker: created new log segment /workdir/hadoop-ozone/integration-test/target/test-dir/MiniOzoneClusterImpl-62578b9c-93b1-4e23-b83e-ebaf05b7c577/datanode-0/data/ratis/1de8d17f-9482-4cd5-af13-8baf5038fcf7/current/log_inprogress_0
2019-09-11 10:32:46,944 [grpc-default-executor-3] INFO  client.GrpcClientProtocolClient (GrpcClientProtocolClient.java:onNext(264)) - client-93B8AFC33C87->0ef303e2-5bf5-4b6c-9a73-acca672dcd1f: receive RaftClientReply:client-93B8AFC33C87->0ef303e2-5bf5-4b6c-9a73-acca672dcd1f@group-8BAF5038FCF7, cid=19, FAILED org.apache.ratis.protocol.NotLeaderException: Server 0ef303e2-5bf5-4b6c-9a73-acca672dcd1f@group-8BAF5038FCF7 is not the leader 057fef34-657c-4281-ab7d-192648031ede:192.168.69.96:35772, logIndex=0, commits[0ef303e2-5bf5-4b6c-9a73-acca672dcd1f:c-1, 057fef34-657c-4281-ab7d-192648031ede:c-1, 36d8287a-f445-472c-84c0-3ac4479cc6b6:c-1]
2019-09-11 10:32:47,309 [grpc-default-executor-3] INFO  client.GrpcClientProtocolClient (GrpcClientProtocolClient.java:onNext(264)) - client-93B8AFC33C87->057fef34-657c-4281-ab7d-192648031ede: receive RaftClientReply:client-93B8AFC33C87->057fef34-657c-4281-ab7d-192648031ede@group-8BAF5038FCF7, cid=19, SUCCESS, logIndex=1, commits[057fef34-657c-4281-ab7d-192648031ede:c2, 0ef303e2-5bf5-4b6c-9a73-acca672dcd1f:c-1, 36d8287a-f445-472c-84c0-3ac4479cc6b6:c1]
2019-09-11 10:32:47,490 [grpc-default-executor-2] INFO  client.GrpcClientProtocolClient (GrpcClientProtocolClient.java:onNext(264)) - client-93B8AFC33C87->057fef34-657c-4281-ab7d-192648031ede: receive RaftClientReply:client-93B8AFC33C87->057fef34-657c-4281-ab7d-192648031ede@group-8BAF5038FCF7, cid=20, SUCCESS, logIndex=3, commits[057fef34-657c-4281-ab7d-192648031ede:c7, 0ef303e2-5bf5-4b6c-9a73-acca672dcd1f:c4, 36d8287a-f445-472c-84c0-3ac4479cc6b6:c6]
2019-09-11 10:32:47,496 [grpc-default-executor-2] INFO  client.GrpcClientProtocolClient (GrpcClientProtocolClient.java:onNext(264)) - client-93B8AFC33C87->057fef34-657c-4281-ab7d-192648031ede: receive RaftClientReply:client-93B8AFC33C87->057fef34-657c-4281-ab7d-192648031ede@group-8BAF5038FCF7, cid=21, SUCCESS, logIndex=4, commits[057fef34-657c-4281-ab7d-192648031ede:c7, 0ef303e2-5bf5-4b6c-9a73-acca672dcd1f:c4, 36d8287a-f445-472c-84c0-3ac4479cc6b6:c6]
2019-09-11 10:32:47,607 [grpc-default-executor-2] INFO  client.GrpcClientProtocolClient (GrpcClientProtocolClient.java:onNext(264)) - client-93B8AFC33C87->057fef34-657c-4281-ab7d-192648031ede: receive RaftClientReply:client-93B8AFC33C87->057fef34-657c-4281-ab7d-192648031ede@group-8BAF5038FCF7, cid=22, SUCCESS, logIndex=5, commits[057fef34-657c-4281-ab7d-192648031ede:c7, 0ef303e2-5bf5-4b6c-9a73-acca672dcd1f:c4, 36d8287a-f445-472c-84c0-3ac4479cc6b6:c6]
2019-09-11 10:32:47,653 [grpc-default-executor-5] INFO  client.GrpcClientProtocolClient (GrpcClientProtocolClient.java:onNext(264)) - client-93B8AFC33C87->057fef34-657c-4281-ab7d-192648031ede: receive RaftClientReply:client-93B8AFC33C87->057fef34-657c-4281-ab7d-192648031ede@group-8BAF5038FCF7, cid=23, SUCCESS, logIndex=8, commits[057fef34-657c-4281-ab7d-192648031ede:c9, 0ef303e2-5bf5-4b6c-9a73-acca672dcd1f:c7, 36d8287a-f445-472c-84c0-3ac4479cc6b6:c7]
2019-09-11 10:32:47,655 [grpc-default-executor-5] INFO  client.GrpcClientProtocolClient (GrpcClientProtocolClient.java:onNext(264)) - client-93B8AFC33C87->057fef34-657c-4281-ab7d-192648031ede: receive RaftClientReply:client-93B8AFC33C87->057fef34-657c-4281-ab7d-192648031ede@group-8BAF5038FCF7, cid=24, SUCCESS, logIndex=9, commits[057fef34-657c-4281-ab7d-192648031ede:c9, 0ef303e2-5bf5-4b6c-9a73-acca672dcd1f:c7, 36d8287a-f445-472c-84c0-3ac4479cc6b6:c7]
2019-09-11 10:32:47,716 [grpc-default-executor-5] INFO  client.GrpcClientProtocolClient (GrpcClientProtocolClient.java:onNext(264)) - client-93B8AFC33C87->057fef34-657c-4281-ab7d-192648031ede: receive RaftClientReply:client-93B8AFC33C87->057fef34-657c-4281-ab7d-192648031ede@group-8BAF5038FCF7, cid=25, SUCCESS, logIndex=12, commits[057fef34-657c-4281-ab7d-192648031ede:c13, 0ef303e2-5bf5-4b6c-9a73-acca672dcd1f:c11, 36d8287a-f445-472c-84c0-3ac4479cc6b6:c11]
2019-09-11 10:32:47,717 [grpc-default-executor-5] INFO  client.GrpcClientProtocolClient (GrpcClientProtocolClient.java:onNext(264)) - client-93B8AFC33C87->057fef34-657c-4281-ab7d-192648031ede: receive RaftClientReply:client-93B8AFC33C87->057fef34-657c-4281-ab7d-192648031ede@group-8BAF5038FCF7, cid=26, SUCCESS, logIndex=13, commits[057fef34-657c-4281-ab7d-192648031ede:c13, 0ef303e2-5bf5-4b6c-9a73-acca672dcd1f:c11, 36d8287a-f445-472c-84c0-3ac4479cc6b6:c11]
2019-09-11 10:32:47,741 [grpc-default-executor-5] INFO  client.GrpcClientProtocolClient (GrpcClientProtocolClient.java:onNext(264)) - client-93B8AFC33C87->057fef34-657c-4281-ab7d-192648031ede: receive RaftClientReply:client-93B8AFC33C87->057fef34-657c-4281-ab7d-192648031ede@group-8BAF5038FCF7, cid=27, SUCCESS, logIndex=0, commits[057fef34-657c-4281-ab7d-192648031ede:c15, 0ef303e2-5bf5-4b6c-9a73-acca672dcd1f:c13, 36d8287a-f445-472c-84c0-3ac4479cc6b6:c13]
2019-09-11 10:32:50,761 [java.util.concurrent.ThreadPoolExecutor$Worker@5d158a42[State = -1, empty queue]] WARN  server.GrpcLogAppender (GrpcLogAppender.java:timeoutAppendRequest(200)) - 057fef34-657c-4281-ab7d-192648031ede@group-8BAF5038FCF7->0ef303e2-5bf5-4b6c-9a73-acca672dcd1f-GrpcLogAppender: appendEntries Timeout, request=057fef34-657c-4281-ab7d-192648031ede->0ef303e2-5bf5-4b6c-9a73-acca672dcd1f#17-t3, previous=(t:3, i:15), leaderCommit=15, initializing? false, entries: size=1, first=(t:3, i:16), STATEMACHINELOGENTRY, client-93B8AFC33C87, cid=28
2019-09-11 10:32:50,761 [java.util.concurrent.ThreadPoolExecutor$Worker@71c62e45[State = -1, empty queue]] WARN  server.GrpcLogAppender (GrpcLogAppender.java:timeoutAppendRequest(200)) - 057fef34-657c-4281-ab7d-192648031ede@group-8BAF5038FCF7->36d8287a-f445-472c-84c0-3ac4479cc6b6-GrpcLogAppender: appendEntries Timeout, request=057fef34-657c-4281-ab7d-192648031ede->36d8287a-f445-472c-84c0-3ac4479cc6b6#17-t3, previous=(t:3, i:15), leaderCommit=15, initializing? false, entries: size=1, first=(t:3, i:16), STATEMACHINELOGENTRY, client-93B8AFC33C87, cid=28
2019-09-11 10:32:50,766 [java.util.concurrent.ThreadPoolExecutor$Worker@5d158a42[State = -1, empty queue]] WARN  server.GrpcLogAppender (GrpcLogAppender.java:timeoutAppendRequest(200)) - 057fef34-657c-4281-ab7d-192648031ede@group-8BAF5038FCF7->0ef303e2-5bf5-4b6c-9a73-acca672dcd1f-GrpcLogAppender: appendEntries Timeout, request=057fef34-657c-4281-ab7d-192648031ede->0ef303e2-5bf5-4b6c-9a73-acca672dcd1f#18-t3, previous=(t:3, i:16), leaderCommit=15, initializing? false, entries: size=1, first=(t:3, i:17), STATEMACHINELOGENTRY, client-93B8AFC33C87, cid=29
2019-09-11 10:32:50,773 [java.util.concurrent.ThreadPoolExecutor$Worker@71c62e45[State = -1, empty queue]] WARN  server.GrpcLogAppender (GrpcLogAppender.java:timeoutAppendRequest(200)) - 057fef34-657c-4281-ab7d-192648031ede@group-8BAF5038FCF7->36d8287a-f445-472c-84c0-3ac4479cc6b6-GrpcLogAppender: appendEntries Timeout, request=057fef34-657c-4281-ab7d-192648031ede->36d8287a-f445-472c-84c0-3ac4479cc6b6#18-t3, previous=(t:3, i:16), leaderCommit=15, initializing? false, entries: size=1, first=(t:3, i:17), STATEMACHINELOGENTRY, client-93B8AFC33C87, cid=29
2019-09-11 10:32:50,800 [java.util.concurrent.ThreadPoolExecutor$Worker@71c62e45[State = -1, empty queue]] WARN  server.GrpcLogAppender (GrpcLogAppender.java:timeoutAppendRequest(200)) - 057fef34-657c-4281-ab7d-192648031ede@group-8BAF5038FCF7->36d8287a-f445-472c-84c0-3ac4479cc6b6-GrpcLogAppender: appendEntries Timeout, request=057fef34-657c-4281-ab7d-192648031ede->36d8287a-f445-472c-84c0-3ac4479cc6b6#19-t3, previous=(t:3, i:17), leaderCommit=15, initializing? false, entries: size=1, first=(t:3, i:18), STATEMACHINELOGENTRY, client-93B8AFC33C87, cid=30
2019-09-11 10:32:50,800 [java.util.concurrent.ThreadPoolExecutor$Worker@5d158a42[State = -1, empty queue]] WARN  server.GrpcLogAppender (GrpcLogAppender.java:timeoutAppendRequest(200)) - 057fef34-657c-4281-ab7d-192648031ede@group-8BAF5038FCF7->0ef303e2-5bf5-4b6c-9a73-acca672dcd1f-GrpcLogAppender: appendEntries Timeout, request=057fef34-657c-4281-ab7d-192648031ede->0ef303e2-5bf5-4b6c-9a73-acca672dcd1f#19-t3, previous=(t:3, i:17), leaderCommit=15, initializing? false, entries: size=1, first=(t:3, i:18), STATEMACHINELOGENTRY, client-93B8AFC33C87, cid=30
2019-09-11 10:32:50,804 [java.util.concurrent.ThreadPoolExecutor$Worker@71c62e45[State = -1, empty queue]] WARN  server.GrpcLogAppender (GrpcLogAppender.java:timeoutAppendRequest(200)) - 057fef34-657c-4281-ab7d-192648031ede@group-8BAF5038FCF7->36d8287a-f445-472c-84c0-3ac4479cc6b6-GrpcLogAppender: appendEntries Timeout, request=057fef34-657c-4281-ab7d-192648031ede->36d8287a-f445-472c-84c0-3ac4479cc6b6#20-t3, previous=(t:3, i:18), leaderCommit=15, initializing? false, entries: size=1, first=(t:3, i:19), STATEMACHINELOGENTRY, client-93B8AFC33C87, cid=31
2019-09-11 10:32:50,821 [java.util.concurrent.ThreadPoolExecutor$Worker@5d158a42[State = -1, empty queue]] WARN  server.GrpcLogAppender (GrpcLogAppender.java:timeoutAppendRequest(200)) - 057fef34-657c-4281-ab7d-192648031ede@group-8BAF5038FCF7->0ef303e2-5bf5-4b6c-9a73-acca672dcd1f-GrpcLogAppender: appendEntries Timeout, request=057fef34-657c-4281-ab7d-192648031ede->0ef303e2-5bf5-4b6c-9a73-acca672dcd1f#20-t3, previous=(t:3, i:18), leaderCommit=15, initializing? false, entries: size=1, first=(t:3, i:19), STATEMACHINELOGENTRY, client-93B8AFC33C87, cid=31
2019-09-11 10:32:51,301 [java.util.concurrent.ThreadPoolExecutor$Worker@71c62e45[State = -1, empty queue]] WARN  server.GrpcLogAppender (GrpcLogAppender.java:timeoutAppendRequest(200)) - 057fef34-657c-4281-ab7d-192648031ede@group-8BAF5038FCF7->36d8287a-f445-472c-84c0-3ac4479cc6b6-GrpcLogAppender: appendEntries Timeout, request=057fef34-657c-4281-ab7d-192648031ede->36d8287a-f445-472c-84c0-3ac4479cc6b6#21-t3, previous=(t:3, i:19), leaderCommit=15, initializing? false, entries: <empty>
2019-09-11 10:32:51,301 [java.util.concurrent.ThreadPoolExecutor$Worker@5d158a42[State = -1, empty queue]] WARN  server.GrpcLogAppender (GrpcLogAppender.java:timeoutAppendRequest(200)) - 057fef34-657c-4281-ab7d-192648031ede@group-8BAF5038FCF7->0ef303e2-5bf5-4b6c-9a73-acca672dcd1f-GrpcLogAppender: appendEntries Timeout, request=057fef34-657c-4281-ab7d-192648031ede->0ef303e2-5bf5-4b6c-9a73-acca672dcd1f#21-t3, previous=(t:3, i:19), leaderCommit=15, initializing? false, entries: <empty>
2019-09-11 10:32:51,806 [java.util.concurrent.ThreadPoolExecutor$Worker@5d158a42[State = -1, empty queue]] WARN  server.GrpcLogAppender (GrpcLogAppender.java:timeoutAppendRequest(200)) - 057fef34-657c-4281-ab7d-192648031ede@group-8BAF5038FCF7->0ef303e2-5bf5-4b6c-9a73-acca672dcd1f-GrpcLogAppender: appendEntries Timeout, request=057fef34-657c-4281-ab7d-192648031ede->0ef303e2-5bf5-4b6c-9a73-acca672dcd1f#22-t3, previous=(t:3, i:19), leaderCommit=15, initializing? false, entries: <empty>
2019-09-11 10:32:51,806 [java.util.concurrent.ThreadPoolExecutor$Worker@71c62e45[State = -1, empty queue]] WARN  server.GrpcLogAppender (GrpcLogAppender.java:timeoutAppendRequest(200)) - 057fef34-657c-4281-ab7d-192648031ede@group-8BAF5038FCF7->36d8287a-f445-472c-84c0-3ac4479cc6b6-GrpcLogAppender: appendEntries Timeout, request=057fef34-657c-4281-ab7d-192648031ede->36d8287a-f445-472c-84c0-3ac4479cc6b6#22-t3, previous=(t:3, i:19), leaderCommit=15, initializing? false, entries: <empty>
2019-09-11 10:32:52,303 [java.util.concurrent.ThreadPoolExecutor$Worker@71c62e45[State = -1, empty queue]] WARN  server.GrpcLogAppender (GrpcLogAppender.java:timeoutAppendRequest(200)) - 057fef34-657c-4281-ab7d-192648031ede@group-8BAF5038FCF7->36d8287a-f445-472c-84c0-3ac4479cc6b6-GrpcLogAppender: appendEntries Timeout, request=057fef34-657c-4281-ab7d-192648031ede->36d8287a-f445-472c-84c0-3ac4479cc6b6#23-t3, previous=(t:3, i:19), leaderCommit=15, initializing? false, entries: <empty>
2019-09-11 10:32:52,303 [java.util.concurrent.ThreadPoolExecutor$Worker@5d158a42[State = -1, empty queue]] WARN  server.GrpcLogAppender (GrpcLogAppender.java:timeoutAppendRequest(200)) - 057fef34-657c-4281-ab7d-192648031ede@group-8BAF5038FCF7->0ef303e2-5bf5-4b6c-9a73-acca672dcd1f-GrpcLogAppender: appendEntries Timeout, request=057fef34-657c-4281-ab7d-192648031ede->0ef303e2-5bf5-4b6c-9a73-acca672dcd1f#23-t3, previous=(t:3, i:19), leaderCommit=15, initializing? false, entries: <empty>
2019-09-11 10:32:52,803 [java.util.concurrent.ThreadPoolExecutor$Worker@71c62e45[State = -1, empty queue]] WARN  server.GrpcLogAppender (GrpcLogAppender.java:timeoutAppendRequest(200)) - 057fef34-657c-4281-ab7d-192648031ede@group-8BAF5038FCF7->36d8287a-f445-472c-84c0-3ac4479cc6b6-GrpcLogAppender: appendEntries Timeout, request=057fef34-657c-4281-ab7d-192648031ede->36d8287a-f445-472c-84c0-3ac4479cc6b6#24-t3, previous=(t:3, i:19), leaderCommit=15, initializing? false, entries: <empty>
2019-09-11 10:32:52,803 [java.util.concurrent.ThreadPoolExecutor$Worker@5d158a42[State = -1, empty queue]] WARN  server.GrpcLogAppender (GrpcLogAppender.java:timeoutAppendRequest(200)) - 057fef34-657c-4281-ab7d-192648031ede@group-8BAF5038FCF7->0ef303e2-5bf5-4b6c-9a73-acca672dcd1f-GrpcLogAppender: appendEntries Timeout, request=057fef34-657c-4281-ab7d-192648031ede->0ef303e2-5bf5-4b6c-9a73-acca672dcd1f#24-t3, previous=(t:3, i:19), leaderCommit=15, initializing? false, entries: <empty>
2019-09-11 10:32:52,842 [grpc-default-executor-2] INFO  client.GrpcClientProtocolClient (GrpcClientProtocolClient.java:onNext(264)) - client-93B8AFC33C87->36d8287a-f445-472c-84c0-3ac4479cc6b6: receive RaftClientReply:client-93B8AFC33C87->36d8287a-f445-472c-84c0-3ac4479cc6b6@group-8BAF5038FCF7, cid=28, FAILED org.apache.ratis.protocol.NotLeaderException: Server 36d8287a-f445-472c-84c0-3ac4479cc6b6@group-8BAF5038FCF7 is not the leader 057fef34-657c-4281-ab7d-192648031ede:192.168.69.96:35772, logIndex=0, commits[36d8287a-f445-472c-84c0-3ac4479cc6b6:c15, 057fef34-657c-4281-ab7d-192648031ede:c15, 0ef303e2-5bf5-4b6c-9a73-acca672dcd1f:c13]
2019-09-11 10:32:53,304 [java.util.concurrent.ThreadPoolExecutor$Worker@71c62e45[State = -1, empty queue]] WARN  server.GrpcLogAppender (GrpcLogAppender.java:timeoutAppendRequest(200)) - 057fef34-657c-4281-ab7d-192648031ede@group-8BAF5038FCF7->36d8287a-f445-472c-84c0-3ac4479cc6b6-GrpcLogAppender: appendEntries Timeout, request=057fef34-657c-4281-ab7d-192648031ede->36d8287a-f445-472c-84c0-3ac4479cc6b6#25-t3, previous=(t:3, i:19), leaderCommit=15, initializing? false, entries: <empty>
2019-09-11 10:32:53,304 [java.util.concurrent.ThreadPoolExecutor$Worker@5d158a42[State = -1, empty queue]] WARN  server.GrpcLogAppender (GrpcLogAppender.java:timeoutAppendRequest(200)) - 057fef34-657c-4281-ab7d-192648031ede@group-8BAF5038FCF7->0ef303e2-5bf5-4b6c-9a73-acca672dcd1f-GrpcLogAppender: appendEntries Timeout, request=057fef34-657c-4281-ab7d-192648031ede->0ef303e2-5bf5-4b6c-9a73-acca672dcd1f#25-t3, previous=(t:3, i:19), leaderCommit=15, initializing? false, entries: <empty>
2019-09-11 10:32:53,825 [java.util.concurrent.ThreadPoolExecutor$Worker@71c62e45[State = -1, empty queue]] WARN  server.GrpcLogAppender (GrpcLogAppender.java:timeoutAppendRequest(200)) - 057fef34-657c-4281-ab7d-192648031ede@group-8BAF5038FCF7->36d8287a-f445-472c-84c0-3ac4479cc6b6-GrpcLogAppender: appendEntries Timeout, request=057fef34-657c-4281-ab7d-192648031ede->36d8287a-f445-472c-84c0-3ac4479cc6b6#26-t3, previous=(t:3, i:19), leaderCommit=15, initializing? false, entries: <empty>
2019-09-11 10:32:53,825 [java.util.concurrent.ThreadPoolExecutor$Worker@5d158a42[State = -1, empty queue]] WARN  server.GrpcLogAppender (GrpcLogAppender.java:timeoutAppendRequest(200)) - 057fef34-657c-4281-ab7d-192648031ede@group-8BAF5038FCF7->0ef303e2-5bf5-4b6c-9a73-acca672dcd1f-GrpcLogAppender: appendEntries Timeout, request=057fef34-657c-4281-ab7d-192648031ede->0ef303e2-5bf5-4b6c-9a73-acca672dcd1f#26-t3, previous=(t:3, i:19), leaderCommit=15, initializing? false, entries: <empty>
2019-09-11 10:32:54,325 [java.util.concurrent.ThreadPoolExecutor$Worker@5d158a42[State = -1, empty queue]] WARN  server.GrpcLogAppender (GrpcLogAppender.java:timeoutAppendRequest(200)) - 057fef34-657c-4281-ab7d-192648031ede@group-8BAF5038FCF7->0ef303e2-5bf5-4b6c-9a73-acca672dcd1f-GrpcLogAppender: appendEntries Timeout, request=057fef34-657c-4281-ab7d-192648031ede->0ef303e2-5bf5-4b6c-9a73-acca672dcd1f#27-t3, previous=(t:3, i:19), leaderCommit=15, initializing? false, entries: <empty>
2019-09-11 10:32:54,325 [java.util.concurrent.ThreadPoolExecutor$Worker@71c62e45[State = -1, empty queue]] WARN  server.GrpcLogAppender (GrpcLogAppender.java:timeoutAppendRequest(200)) - 057fef34-657c-4281-ab7d-192648031ede@group-8BAF5038FCF7->36d8287a-f445-472c-84c0-3ac4479cc6b6-GrpcLogAppender: appendEntries Timeout, request=057fef34-657c-4281-ab7d-192648031ede->36d8287a-f445-472c-84c0-3ac4479cc6b6#27-t3, previous=(t:3, i:19), leaderCommit=15, initializing? false, entries: <empty>
2019-09-11 10:32:54,826 [java.util.concurrent.ThreadPoolExecutor$Worker@5d158a42[State = -1, empty queue]] WARN  server.GrpcLogAppender (GrpcLogAppender.java:timeoutAppendRequest(200)) - 057fef34-657c-4281-ab7d-192648031ede@group-8BAF5038FCF7->0ef303e2-5bf5-4b6c-9a73-acca672dcd1f-GrpcLogAppender: appendEntries Timeout, request=057fef34-657c-4281-ab7d-192648031ede->0ef303e2-5bf5-4b6c-9a73-acca672dcd1f#28-t3, previous=(t:3, i:19), leaderCommit=15, initializing? false, entries: <empty>
2019-09-11 10:32:54,826 [java.util.concurrent.ThreadPoolExecutor$Worker@71c62e45[State = -1, empty queue]] WARN  server.GrpcLogAppender (GrpcLogAppender.java:timeoutAppendRequest(200)) - 057fef34-657c-4281-ab7d-192648031ede@group-8BAF5038FCF7->36d8287a-f445-472c-84c0-3ac4479cc6b6-GrpcLogAppender: appendEntries Timeout, request=057fef34-657c-4281-ab7d-192648031ede->36d8287a-f445-472c-84c0-3ac4479cc6b6#28-t3, previous=(t:3, i:19), leaderCommit=15, initializing? false, entries: <empty>
2019-09-11 10:32:55,326 [java.util.concurrent.ThreadPoolExecutor$Worker@71c62e45[State = -1, empty queue]] WARN  server.GrpcLogAppender (GrpcLogAppender.java:timeoutAppendRequest(200)) - 057fef34-657c-4281-ab7d-192648031ede@group-8BAF5038FCF7->36d8287a-f445-472c-84c0-3ac4479cc6b6-GrpcLogAppender: appendEntries Timeout, request=057fef34-657c-4281-ab7d-192648031ede->36d8287a-f445-472c-84c0-3ac4479cc6b6#29-t3, previous=(t:3, i:19), leaderCommit=15, initializing? false, entries: <empty>
2019-09-11 10:32:55,326 [java.util.concurrent.ThreadPoolExecutor$Worker@5d158a42[State = -1, empty queue]] WARN  server.GrpcLogAppender (GrpcLogAppender.java:timeoutAppendRequest(200)) - 057fef34-657c-4281-ab7d-192648031ede@group-8BAF5038FCF7->0ef303e2-5bf5-4b6c-9a73-acca672dcd1f-GrpcLogAppender: appendEntries Timeout, request=057fef34-657c-4281-ab7d-192648031ede->0ef303e2-5bf5-4b6c-9a73-acca672dcd1f#29-t3, previous=(t:3, i:19), leaderCommit=15, initializing? false, entries: <empty>
2019-09-11 10:32:55,827 [java.util.concurrent.ThreadPoolExecutor$Worker@71c62e45[State = -1, empty queue]] WARN  server.GrpcLogAppender (GrpcLogAppender.java:timeoutAppendRequest(200)) - 057fef34-657c-4281-ab7d-192648031ede@group-8BAF5038FCF7->36d8287a-f445-472c-84c0-3ac4479cc6b6-GrpcLogAppender: appendEntries Timeout, request=057fef34-657c-4281-ab7d-192648031ede->36d8287a-f445-472c-84c0-3ac4479cc6b6#30-t3, previous=(t:3, i:19), leaderCommit=15, initializing? false, entries: <empty>
2019-09-11 10:32:55,827 [java.util.concurrent.ThreadPoolExecutor$Worker@5d158a42[State = -1, empty queue]] WARN  server.GrpcLogAppender (GrpcLogAppender.java:timeoutAppendRequest(200)) - 057fef34-657c-4281-ab7d-192648031ede@group-8BAF5038FCF7->0ef303e2-5bf5-4b6c-9a73-acca672dcd1f-GrpcLogAppender: appendEntries Timeout, request=057fef34-657c-4281-ab7d-192648031ede->0ef303e2-5bf5-4b6c-9a73-acca672dcd1f#30-t3, previous=(t:3, i:19), leaderCommit=15, initializing? false, entries: <empty>
2019-09-11 10:32:56,327 [java.util.concurrent.ThreadPoolExecutor$Worker@5d158a42[State = -1, empty queue]] WARN  server.GrpcLogAppender (GrpcLogAppender.java:timeoutAppendRequest(200)) - 057fef34-657c-4281-ab7d-192648031ede@group-8BAF5038FCF7->0ef303e2-5bf5-4b6c-9a73-acca672dcd1f-GrpcLogAppender: appendEntries Timeout, request=057fef34-657c-4281-ab7d-192648031ede->0ef303e2-5bf5-4b6c-9a73-acca672dcd1f#31-t3, previous=(t:3, i:19), leaderCommit=15, initializing? false, entries: <empty>
2019-09-11 10:32:56,327 [java.util.concurrent.ThreadPoolExecutor$Worker@71c62e45[State = -1, empty queue]] WARN  server.GrpcLogAppender (GrpcLogAppender.java:timeoutAppendRequest(200)) - 057fef34-657c-4281-ab7d-192648031ede@group-8BAF5038FCF7->36d8287a-f445-472c-84c0-3ac4479cc6b6-GrpcLogAppender: appendEntries Timeout, request=057fef34-657c-4281-ab7d-192648031ede->36d8287a-f445-472c-84c0-3ac4479cc6b6#31-t3, previous=(t:3, i:19), leaderCommit=15, initializing? false, entries: <empty>
2019-09-11 10:32:56,828 [java.util.concurrent.ThreadPoolExecutor$Worker@5d158a42[State = -1, empty queue]] WARN  server.GrpcLogAppender (GrpcLogAppender.java:timeoutAppendRequest(200)) - 057fef34-657c-4281-ab7d-192648031ede@group-8BAF5038FCF7->0ef303e2-5bf5-4b6c-9a73-acca672dcd1f-GrpcLogAppender: appendEntries Timeout, request=057fef34-657c-4281-ab7d-192648031ede->0ef303e2-5bf5-4b6c-9a73-acca672dcd1f#32-t3, previous=(t:3, i:19), leaderCommit=15, initializing? false, entries: <empty>
2019-09-11 10:32:56,828 [java.util.concurrent.ThreadPoolExecutor$Worker@71c62e45[State = -1, empty queue]] WARN  server.GrpcLogAppender (GrpcLogAppender.java:timeoutAppendRequest(200)) - 057fef34-657c-4281-ab7d-192648031ede@group-8BAF5038FCF7->36d8287a-f445-472c-84c0-3ac4479cc6b6-GrpcLogAppender: appendEntries Timeout, request=057fef34-657c-4281-ab7d-192648031ede->36d8287a-f445-472c-84c0-3ac4479cc6b6#32-t3, previous=(t:3, i:19), leaderCommit=15, initializing? false, entries: <empty>
2019-09-11 10:32:57,328 [java.util.concurrent.ThreadPoolExecutor$Worker@71c62e45[State = -1, empty queue]] WARN  server.GrpcLogAppender (GrpcLogAppender.java:timeoutAppendRequest(200)) - 057fef34-657c-4281-ab7d-192648031ede@group-8BAF5038FCF7->36d8287a-f445-472c-84c0-3ac4479cc6b6-GrpcLogAppender: appendEntries Timeout, request=057fef34-657c-4281-ab7d-192648031ede->36d8287a-f445-472c-84c0-3ac4479cc6b6#33-t3, previous=(t:3, i:19), leaderCommit=15, initializing? false, entries: <empty>
2019-09-11 10:32:57,328 [java.util.concurrent.ThreadPoolExecutor$Worker@5d158a42[State = -1, empty queue]] WARN  server.GrpcLogAppender (GrpcLogAppender.java:timeoutAppendRequest(200)) - 057fef34-657c-4281-ab7d-192648031ede@group-8BAF5038FCF7->0ef303e2-5bf5-4b6c-9a73-acca672dcd1f-GrpcLogAppender: appendEntries Timeout, request=057fef34-657c-4281-ab7d-192648031ede->0ef303e2-5bf5-4b6c-9a73-acca672dcd1f#33-t3, previous=(t:3, i:19), leaderCommit=15, initializing? false, entries: <empty>
2019-09-11 10:32:57,829 [java.util.concurrent.ThreadPoolExecutor$Worker@71c62e45[State = -1, empty queue]] WARN  server.GrpcLogAppender (GrpcLogAppender.java:timeoutAppendRequest(200)) - 057fef34-657c-4281-ab7d-192648031ede@group-8BAF5038FCF7->36d8287a-f445-472c-84c0-3ac4479cc6b6-GrpcLogAppender: appendEntries Timeout, request=057fef34-657c-4281-ab7d-192648031ede->36d8287a-f445-472c-84c0-3ac4479cc6b6#34-t3, previous=(t:3, i:19), leaderCommit=15, initializing? false, entries: <empty>
2019-09-11 10:32:57,829 [java.util.concurrent.ThreadPoolExecutor$Worker@5d158a42[State = -1, empty queue]] WARN  server.GrpcLogAppender (GrpcLogAppender.java:timeoutAppendRequest(200)) - 057fef34-657c-4281-ab7d-192648031ede@group-8BAF5038FCF7->0ef303e2-5bf5-4b6c-9a73-acca672dcd1f-GrpcLogAppender: appendEntries Timeout, request=057fef34-657c-4281-ab7d-192648031ede->0ef303e2-5bf5-4b6c-9a73-acca672dcd1f#34-t3, previous=(t:3, i:19), leaderCommit=15, initializing? false, entries: <empty>
2019-09-11 10:32:57,927 [grpc-default-executor-2] INFO  client.GrpcClientProtocolClient (GrpcClientProtocolClient.java:onNext(264)) - client-93B8AFC33C87->0ef303e2-5bf5-4b6c-9a73-acca672dcd1f: receive RaftClientReply:client-93B8AFC33C87->0ef303e2-5bf5-4b6c-9a73-acca672dcd1f@group-8BAF5038FCF7, cid=28, FAILED org.apache.ratis.protocol.NotLeaderException: Server 0ef303e2-5bf5-4b6c-9a73-acca672dcd1f@group-8BAF5038FCF7 is not the leader 057fef34-657c-4281-ab7d-192648031ede:192.168.69.96:35772, logIndex=0, commits[0ef303e2-5bf5-4b6c-9a73-acca672dcd1f:c15, 057fef34-657c-4281-ab7d-192648031ede:c15, 36d8287a-f445-472c-84c0-3ac4479cc6b6:c13]
2019-09-11 10:32:57,982 [057fef34-657c-4281-ab7d-192648031ede@group-8BAF5038FCF7-SegmentedRaftLogWorker] WARN  segmented.SegmentedRaftLogWorker (SegmentedRaftLogWorker.java:getFromFuture(90)) - Timeout 0/~
org.apache.ratis.protocol.TimeoutIOException: Timeout 10s: WriteLog:18: (t:3, i:18), STATEMACHINELOGENTRY, client-93B8AFC33C87, cid=30-writeStateMachineData
	at org.apache.ratis.util.IOUtils.getFromFuture(IOUtils.java:87)
	at org.apache.ratis.server.raftlog.segmented.SegmentedRaftLogWorker$StateMachineDataPolicy.getFromFuture(SegmentedRaftLogWorker.java:87)
	at org.apache.ratis.server.raftlog.segmented.SegmentedRaftLogWorker$WriteLog.execute(SegmentedRaftLogWorker.java:477)
	at org.apache.ratis.server.raftlog.segmented.SegmentedRaftLogWorker.run(SegmentedRaftLogWorker.java:289)
	at java.lang.Thread.run(Thread.java:748)
Caused by: java.util.concurrent.TimeoutException
	at java.util.concurrent.CompletableFuture.timedGet(CompletableFuture.java:1771)
	at java.util.concurrent.CompletableFuture.get(CompletableFuture.java:1915)
	at org.apache.ratis.util.IOUtils.getFromFuture(IOUtils.java:79)
	... 4 more
2019-09-11 10:32:57,982 [0ef303e2-5bf5-4b6c-9a73-acca672dcd1f@group-8BAF5038FCF7-SegmentedRaftLogWorker] WARN  segmented.SegmentedRaftLogWorker (SegmentedRaftLogWorker.java:getFromFuture(90)) - Timeout 0/~
org.apache.ratis.protocol.TimeoutIOException: Timeout 10s: WriteLog:18: (t:3, i:18), STATEMACHINELOGENTRY, client-93B8AFC33C87, cid=30-writeStateMachineData
	at org.apache.ratis.util.IOUtils.getFromFuture(IOUtils.java:87)
	at org.apache.ratis.server.raftlog.segmented.SegmentedRaftLogWorker$StateMachineDataPolicy.getFromFuture(SegmentedRaftLogWorker.java:87)
	at org.apache.ratis.server.raftlog.segmented.SegmentedRaftLogWorker$WriteLog.execute(SegmentedRaftLogWorker.java:477)
	at org.apache.ratis.server.raftlog.segmented.SegmentedRaftLogWorker.run(SegmentedRaftLogWorker.java:289)
	at java.lang.Thread.run(Thread.java:748)
Caused by: java.util.concurrent.TimeoutException
	at java.util.concurrent.CompletableFuture.timedGet(CompletableFuture.java:1771)
	at java.util.concurrent.CompletableFuture.get(CompletableFuture.java:1915)
	at org.apache.ratis.util.IOUtils.getFromFuture(IOUtils.java:79)
	... 4 more
2019-09-11 10:32:58,009 [36d8287a-f445-472c-84c0-3ac4479cc6b6@group-8BAF5038FCF7-SegmentedRaftLogWorker] WARN  segmented.SegmentedRaftLogWorker (SegmentedRaftLogWorker.java:getFromFuture(90)) - Timeout 0/~
org.apache.ratis.protocol.TimeoutIOException: Timeout 10s: WriteLog:18: (t:3, i:18), STATEMACHINELOGENTRY, client-93B8AFC33C87, cid=30-writeStateMachineData
	at org.apache.ratis.util.IOUtils.getFromFuture(IOUtils.java:87)
	at org.apache.ratis.server.raftlog.segmented.SegmentedRaftLogWorker$StateMachineDataPolicy.getFromFuture(SegmentedRaftLogWorker.java:87)
	at org.apache.ratis.server.raftlog.segmented.SegmentedRaftLogWorker$WriteLog.execute(SegmentedRaftLogWorker.java:477)
	at org.apache.ratis.server.raftlog.segmented.SegmentedRaftLogWorker.run(SegmentedRaftLogWorker.java:289)
	at java.lang.Thread.run(Thread.java:748)
Caused by: java.util.concurrent.TimeoutException
	at java.util.concurrent.CompletableFuture.timedGet(CompletableFuture.java:1771)
	at java.util.concurrent.CompletableFuture.get(CompletableFuture.java:1915)
	at org.apache.ratis.util.IOUtils.getFromFuture(IOUtils.java:79)
	... 4 more
2019-09-11 10:32:58,329 [java.util.concurrent.ThreadPoolExecutor$Worker@5d158a42[State = -1, empty queue]] WARN  server.GrpcLogAppender (GrpcLogAppender.java:timeoutAppendRequest(200)) - 057fef34-657c-4281-ab7d-192648031ede@group-8BAF5038FCF7->0ef303e2-5bf5-4b6c-9a73-acca672dcd1f-GrpcLogAppender: appendEntries Timeout, request=057fef34-657c-4281-ab7d-192648031ede->0ef303e2-5bf5-4b6c-9a73-acca672dcd1f#35-t3, previous=(t:3, i:19), leaderCommit=15, initializing? false, entries: <empty>
2019-09-11 10:32:58,329 [java.util.concurrent.ThreadPoolExecutor$Worker@71c62e45[State = -1, empty queue]] WARN  server.GrpcLogAppender (GrpcLogAppender.java:timeoutAppendRequest(200)) - 057fef34-657c-4281-ab7d-192648031ede@group-8BAF5038FCF7->36d8287a-f445-472c-84c0-3ac4479cc6b6-GrpcLogAppender: appendEntries Timeout, request=057fef34-657c-4281-ab7d-192648031ede->36d8287a-f445-472c-84c0-3ac4479cc6b6#35-t3, previous=(t:3, i:19), leaderCommit=15, initializing? false, entries: <empty>
2019-09-11 10:32:58,830 [java.util.concurrent.ThreadPoolExecutor$Worker@71c62e45[State = -1, empty queue]] WARN  server.GrpcLogAppender (GrpcLogAppender.java:timeoutAppendRequest(200)) - 057fef34-657c-4281-ab7d-192648031ede@group-8BAF5038FCF7->36d8287a-f445-472c-84c0-3ac4479cc6b6-GrpcLogAppender: appendEntries Timeout, request=057fef34-657c-4281-ab7d-192648031ede->36d8287a-f445-472c-84c0-3ac4479cc6b6#36-t3, previous=(t:3, i:19), leaderCommit=15, initializing? false, entries: <empty>
2019-09-11 10:32:58,830 [java.util.concurrent.ThreadPoolExecutor$Worker@5d158a42[State = -1, empty queue]] WARN  server.GrpcLogAppender (GrpcLogAppender.java:timeoutAppendRequest(200)) - 057fef34-657c-4281-ab7d-192648031ede@group-8BAF5038FCF7->0ef303e2-5bf5-4b6c-9a73-acca672dcd1f-GrpcLogAppender: appendEntries Timeout, request=057fef34-657c-4281-ab7d-192648031ede->0ef303e2-5bf5-4b6c-9a73-acca672dcd1f#36-t3, previous=(t:3, i:19), leaderCommit=15, initializing? false, entries: <empty>
2019-09-11 10:32:59,330 [java.util.concurrent.ThreadPoolExecutor$Worker@71c62e45[State = -1, empty queue]] WARN  server.GrpcLogAppender (GrpcLogAppender.java:timeoutAppendRequest(200)) - 057fef34-657c-4281-ab7d-192648031ede@group-8BAF5038FCF7->36d8287a-f445-472c-84c0-3ac4479cc6b6-GrpcLogAppender: appendEntries Timeout, request=057fef34-657c-4281-ab7d-192648031ede->36d8287a-f445-472c-84c0-3ac4479cc6b6#37-t3, previous=(t:3, i:19), leaderCommit=15, initializing? false, entries: <empty>
2019-09-11 10:32:59,330 [java.util.concurrent.ThreadPoolExecutor$Worker@5d158a42[State = -1, empty queue]] WARN  server.GrpcLogAppender (GrpcLogAppender.java:timeoutAppendRequest(200)) - 057fef34-657c-4281-ab7d-192648031ede@group-8BAF5038FCF7->0ef303e2-5bf5-4b6c-9a73-acca672dcd1f-GrpcLogAppender: appendEntries Timeout, request=057fef34-657c-4281-ab7d-192648031ede->0ef303e2-5bf5-4b6c-9a73-acca672dcd1f#37-t3, previous=(t:3, i:19), leaderCommit=15, initializing? false, entries: <empty>
2019-09-11 10:32:59,831 [java.util.concurrent.ThreadPoolExecutor$Worker@71c62e45[State = -1, empty queue]] WARN  server.GrpcLogAppender (GrpcLogAppender.java:timeoutAppendRequest(200)) - 057fef34-657c-4281-ab7d-192648031ede@group-8BAF5038FCF7->36d8287a-f445-472c-84c0-3ac4479cc6b6-GrpcLogAppender: appendEntries Timeout, request=057fef34-657c-4281-ab7d-192648031ede->36d8287a-f445-472c-84c0-3ac4479cc6b6#38-t3, previous=(t:3, i:19), leaderCommit=15, initializing? false, entries: <empty>
2019-09-11 10:32:59,831 [java.util.concurrent.ThreadPoolExecutor$Worker@5d158a42[State = -1, empty queue]] WARN  server.GrpcLogAppender (GrpcLogAppender.java:timeoutAppendRequest(200)) - 057fef34-657c-4281-ab7d-192648031ede@group-8BAF5038FCF7->0ef303e2-5bf5-4b6c-9a73-acca672dcd1f-GrpcLogAppender: appendEntries Timeout, request=057fef34-657c-4281-ab7d-192648031ede->0ef303e2-5bf5-4b6c-9a73-acca672dcd1f#38-t3, previous=(t:3, i:19), leaderCommit=15, initializing? false, entries: <empty>
2019-09-11 10:33:00,331 [java.util.concurrent.ThreadPoolExecutor$Worker@71c62e45[State = -1, empty queue]] WARN  server.GrpcLogAppender (GrpcLogAppender.java:timeoutAppendRequest(200)) - 057fef34-657c-4281-ab7d-192648031ede@group-8BAF5038FCF7->36d8287a-f445-472c-84c0-3ac4479cc6b6-GrpcLogAppender: appendEntries Timeout, request=057fef34-657c-4281-ab7d-192648031ede->36d8287a-f445-472c-84c0-3ac4479cc6b6#39-t3, previous=(t:3, i:19), leaderCommit=15, initializing? false, entries: <empty>
2019-09-11 10:33:00,331 [java.util.concurrent.ThreadPoolExecutor$Worker@5d158a42[State = -1, empty queue]] WARN  server.GrpcLogAppender (GrpcLogAppender.java:timeoutAppendRequest(200)) - 057fef34-657c-4281-ab7d-192648031ede@group-8BAF5038FCF7->0ef303e2-5bf5-4b6c-9a73-acca672dcd1f-GrpcLogAppender: appendEntries Timeout, request=057fef34-657c-4281-ab7d-192648031ede->0ef303e2-5bf5-4b6c-9a73-acca672dcd1f#39-t3, previous=(t:3, i:19), leaderCommit=15, initializing? false, entries: <empty>
2019-09-11 10:33:00,832 [java.util.concurrent.ThreadPoolExecutor$Worker@71c62e45[State = -1, empty queue]] WARN  server.GrpcLogAppender (GrpcLogAppender.java:timeoutAppendRequest(200)) - 057fef34-657c-4281-ab7d-192648031ede@group-8BAF5038FCF7->36d8287a-f445-472c-84c0-3ac4479cc6b6-GrpcLogAppender: appendEntries Timeout, request=057fef34-657c-4281-ab7d-192648031ede->36d8287a-f445-472c-84c0-3ac4479cc6b6#40-t3, previous=(t:3, i:19), leaderCommit=15, initializing? false, entries: <empty>
2019-09-11 10:33:00,832 [java.util.concurrent.ThreadPoolExecutor$Worker@5d158a42[State = -1, empty queue]] WARN  server.GrpcLogAppender (GrpcLogAppender.java:timeoutAppendRequest(200)) - 057fef34-657c-4281-ab7d-192648031ede@group-8BAF5038FCF7->0ef303e2-5bf5-4b6c-9a73-acca672dcd1f-GrpcLogAppender: appendEntries Timeout, request=057fef34-657c-4281-ab7d-192648031ede->0ef303e2-5bf5-4b6c-9a73-acca672dcd1f#40-t3, previous=(t:3, i:19), leaderCommit=15, initializing? false, entries: <empty>
2019-09-11 10:33:01,332 [java.util.concurrent.ThreadPoolExecutor$Worker@71c62e45[State = -1, empty queue]] WARN  server.GrpcLogAppender (GrpcLogAppender.java:timeoutAppendRequest(200)) - 057fef34-657c-4281-ab7d-192648031ede@group-8BAF5038FCF7->36d8287a-f445-472c-84c0-3ac4479cc6b6-GrpcLogAppender: appendEntries Timeout, request=057fef34-657c-4281-ab7d-192648031ede->36d8287a-f445-472c-84c0-3ac4479cc6b6#41-t3, previous=(t:3, i:19), leaderCommit=15, initializing? false, entries: <empty>
2019-09-11 10:33:01,332 [java.util.concurrent.ThreadPoolExecutor$Worker@5d158a42[State = -1, empty queue]] WARN  server.GrpcLogAppender (GrpcLogAppender.java:timeoutAppendRequest(200)) - 057fef34-657c-4281-ab7d-192648031ede@group-8BAF5038FCF7->0ef303e2-5bf5-4b6c-9a73-acca672dcd1f-GrpcLogAppender: appendEntries Timeout, request=057fef34-657c-4281-ab7d-192648031ede->0ef303e2-5bf5-4b6c-9a73-acca672dcd1f#41-t3, previous=(t:3, i:19), leaderCommit=15, initializing? false, entries: <empty>
2019-09-11 10:33:01,832 [java.util.concurrent.ThreadPoolExecutor$Worker@5d158a42[State = -1, empty queue]] WARN  server.GrpcLogAppender (GrpcLogAppender.java:timeoutAppendRequest(200)) - 057fef34-657c-4281-ab7d-192648031ede@group-8BAF5038FCF7->0ef303e2-5bf5-4b6c-9a73-acca672dcd1f-GrpcLogAppender: appendEntries Timeout, request=057fef34-657c-4281-ab7d-192648031ede->0ef303e2-5bf5-4b6c-9a73-acca672dcd1f#42-t3, previous=(t:3, i:19), leaderCommit=15, initializing? false, entries: <empty>
2019-09-11 10:33:01,832 [java.util.concurrent.ThreadPoolExecutor$Worker@71c62e45[State = -1, empty queue]] WARN  server.GrpcLogAppender (GrpcLogAppender.java:timeoutAppendRequest(200)) - 057fef34-657c-4281-ab7d-192648031ede@group-8BAF5038FCF7->36d8287a-f445-472c-84c0-3ac4479cc6b6-GrpcLogAppender: appendEntries Timeout, request=057fef34-657c-4281-ab7d-192648031ede->36d8287a-f445-472c-84c0-3ac4479cc6b6#42-t3, previous=(t:3, i:19), leaderCommit=15, initializing? false, entries: <empty>
2019-09-11 10:33:02,333 [java.util.concurrent.ThreadPoolExecutor$Worker@5d158a42[State = -1, empty queue]] WARN  server.GrpcLogAppender (GrpcLogAppender.java:timeoutAppendRequest(200)) - 057fef34-657c-4281-ab7d-192648031ede@group-8BAF5038FCF7->0ef303e2-5bf5-4b6c-9a73-acca672dcd1f-GrpcLogAppender: appendEntries Timeout, request=057fef34-657c-4281-ab7d-192648031ede->0ef303e2-5bf5-4b6c-9a73-acca672dcd1f#43-t3, previous=(t:3, i:19), leaderCommit=15, initializing? false, entries: <empty>
2019-09-11 10:33:02,333 [java.util.concurrent.ThreadPoolExecutor$Worker@71c62e45[State = -1, empty queue]] WARN  server.GrpcLogAppender (GrpcLogAppender.java:timeoutAppendRequest(200)) - 057fef34-657c-4281-ab7d-192648031ede@group-8BAF5038FCF7->36d8287a-f445-472c-84c0-3ac4479cc6b6-GrpcLogAppender: appendEntries Timeout, request=057fef34-657c-4281-ab7d-192648031ede->36d8287a-f445-472c-84c0-3ac4479cc6b6#43-t3, previous=(t:3, i:19), leaderCommit=15, initializing? false, entries: <empty>
2019-09-11 10:33:02,833 [java.util.concurrent.ThreadPoolExecutor$Worker@5d158a42[State = -1, empty queue]] WARN  server.GrpcLogAppender (GrpcLogAppender.java:timeoutAppendRequest(200)) - 057fef34-657c-4281-ab7d-192648031ede@group-8BAF5038FCF7->0ef303e2-5bf5-4b6c-9a73-acca672dcd1f-GrpcLogAppender: appendEntries Timeout, request=057fef34-657c-4281-ab7d-192648031ede->0ef303e2-5bf5-4b6c-9a73-acca672dcd1f#44-t3, previous=(t:3, i:19), leaderCommit=15, initializing? false, entries: <empty>
2019-09-11 10:33:02,833 [java.util.concurrent.ThreadPoolExecutor$Worker@71c62e45[State = -1, empty queue]] WARN  server.GrpcLogAppender (GrpcLogAppender.java:timeoutAppendRequest(200)) - 057fef34-657c-4281-ab7d-192648031ede@group-8BAF5038FCF7->36d8287a-f445-472c-84c0-3ac4479cc6b6-GrpcLogAppender: appendEntries Timeout, request=057fef34-657c-4281-ab7d-192648031ede->36d8287a-f445-472c-84c0-3ac4479cc6b6#44-t3, previous=(t:3, i:19), leaderCommit=15, initializing? false, entries: <empty>
2019-09-11 10:33:02,986 [grpc-default-executor-1] INFO  client.GrpcClientProtocolClient (GrpcClientProtocolClient.java:onNext(264)) - client-93B8AFC33C87->36d8287a-f445-472c-84c0-3ac4479cc6b6: receive RaftClientReply:client-93B8AFC33C87->36d8287a-f445-472c-84c0-3ac4479cc6b6@group-8BAF5038FCF7, cid=28, FAILED org.apache.ratis.protocol.NotLeaderException: Server 36d8287a-f445-472c-84c0-3ac4479cc6b6@group-8BAF5038FCF7 is not the leader 057fef34-657c-4281-ab7d-192648031ede:192.168.69.96:35772, logIndex=0, commits[36d8287a-f445-472c-84c0-3ac4479cc6b6:c15, 057fef34-657c-4281-ab7d-192648031ede:c15, 0ef303e2-5bf5-4b6c-9a73-acca672dcd1f:c13]
2019-09-11 10:33:03,334 [java.util.concurrent.ThreadPoolExecutor$Worker@5d158a42[State = -1, empty queue]] WARN  server.GrpcLogAppender (GrpcLogAppender.java:timeoutAppendRequest(200)) - 057fef34-657c-4281-ab7d-192648031ede@group-8BAF5038FCF7->0ef303e2-5bf5-4b6c-9a73-acca672dcd1f-GrpcLogAppender: appendEntries Timeout, request=057fef34-657c-4281-ab7d-192648031ede->0ef303e2-5bf5-4b6c-9a73-acca672dcd1f#45-t3, previous=(t:3, i:19), leaderCommit=15, initializing? false, entries: <empty>
2019-09-11 10:33:03,334 [java.util.concurrent.ThreadPoolExecutor$Worker@71c62e45[State = -1, empty queue]] WARN  server.GrpcLogAppender (GrpcLogAppender.java:timeoutAppendRequest(200)) - 057fef34-657c-4281-ab7d-192648031ede@group-8BAF5038FCF7->36d8287a-f445-472c-84c0-3ac4479cc6b6-GrpcLogAppender: appendEntries Timeout, request=057fef34-657c-4281-ab7d-192648031ede->36d8287a-f445-472c-84c0-3ac4479cc6b6#45-t3, previous=(t:3, i:19), leaderCommit=15, initializing? false, entries: <empty>
2019-09-11 10:33:03,834 [java.util.concurrent.ThreadPoolExecutor$Worker@5d158a42[State = -1, empty queue]] WARN  server.GrpcLogAppender (GrpcLogAppender.java:timeoutAppendRequest(200)) - 057fef34-657c-4281-ab7d-192648031ede@group-8BAF5038FCF7->0ef303e2-5bf5-4b6c-9a73-acca672dcd1f-GrpcLogAppender: appendEntries Timeout, request=057fef34-657c-4281-ab7d-192648031ede->0ef303e2-5bf5-4b6c-9a73-acca672dcd1f#46-t3, previous=(t:3, i:19), leaderCommit=15, initializing? false, entries: <empty>
2019-09-11 10:33:03,834 [java.util.concurrent.ThreadPoolExecutor$Worker@71c62e45[State = -1, empty queue]] WARN  server.GrpcLogAppender (GrpcLogAppender.java:timeoutAppendRequest(200)) - 057fef34-657c-4281-ab7d-192648031ede@group-8BAF5038FCF7->36d8287a-f445-472c-84c0-3ac4479cc6b6-GrpcLogAppender: appendEntries Timeout, request=057fef34-657c-4281-ab7d-192648031ede->36d8287a-f445-472c-84c0-3ac4479cc6b6#46-t3, previous=(t:3, i:19), leaderCommit=15, initializing? false, entries: <empty>
2019-09-11 10:33:04,334 [java.util.concurrent.ThreadPoolExecutor$Worker@5d158a42[State = -1, empty queue]] WARN  server.GrpcLogAppender (GrpcLogAppender.java:timeoutAppendRequest(200)) - 057fef34-657c-4281-ab7d-192648031ede@group-8BAF5038FCF7->0ef303e2-5bf5-4b6c-9a73-acca672dcd1f-GrpcLogAppender: appendEntries Timeout, request=057fef34-657c-4281-ab7d-192648031ede->0ef303e2-5bf5-4b6c-9a73-acca672dcd1f#47-t3, previous=(t:3, i:19), leaderCommit=15, initializing? false, entries: <empty>
2019-09-11 10:33:04,334 [java.util.concurrent.ThreadPoolExecutor$Worker@71c62e45[State = -1, empty queue]] WARN  server.GrpcLogAppender (GrpcLogAppender.java:timeoutAppendRequest(200)) - 057fef34-657c-4281-ab7d-192648031ede@group-8BAF5038FCF7->36d8287a-f445-472c-84c0-3ac4479cc6b6-GrpcLogAppender: appendEntries Timeout, request=057fef34-657c-4281-ab7d-192648031ede->36d8287a-f445-472c-84c0-3ac4479cc6b6#47-t3, previous=(t:3, i:19), leaderCommit=15, initializing? false, entries: <empty>
2019-09-11 10:33:04,835 [java.util.concurrent.ThreadPoolExecutor$Worker@5d158a42[State = -1, empty queue]] WARN  server.GrpcLogAppender (GrpcLogAppender.java:timeoutAppendRequest(200)) - 057fef34-657c-4281-ab7d-192648031ede@group-8BAF5038FCF7->0ef303e2-5bf5-4b6c-9a73-acca672dcd1f-GrpcLogAppender: appendEntries Timeout, request=057fef34-657c-4281-ab7d-192648031ede->0ef303e2-5bf5-4b6c-9a73-acca672dcd1f#48-t3, previous=(t:3, i:19), leaderCommit=15, initializing? false, entries: <empty>
2019-09-11 10:33:04,835 [java.util.concurrent.ThreadPoolExecutor$Worker@71c62e45[State = -1, empty queue]] WARN  server.GrpcLogAppender (GrpcLogAppender.java:timeoutAppendRequest(200)) - 057fef34-657c-4281-ab7d-192648031ede@group-8BAF5038FCF7->36d8287a-f445-472c-84c0-3ac4479cc6b6-GrpcLogAppender: appendEntries Timeout, request=057fef34-657c-4281-ab7d-192648031ede->36d8287a-f445-472c-84c0-3ac4479cc6b6#48-t3, previous=(t:3, i:19), leaderCommit=15, initializing? false, entries: <empty>
2019-09-11 10:33:05,335 [java.util.concurrent.ThreadPoolExecutor$Worker@71c62e45[State = -1, empty queue]] WARN  server.GrpcLogAppender (GrpcLogAppender.java:timeoutAppendRequest(200)) - 057fef34-657c-4281-ab7d-192648031ede@group-8BAF5038FCF7->36d8287a-f445-472c-84c0-3ac4479cc6b6-GrpcLogAppender: appendEntries Timeout, request=057fef34-657c-4281-ab7d-192648031ede->36d8287a-f445-472c-84c0-3ac4479cc6b6#49-t3, previous=(t:3, i:19), leaderCommit=15, initializing? false, entries: <empty>
2019-09-11 10:33:05,335 [java.util.concurrent.ThreadPoolExecutor$Worker@5d158a42[State = -1, empty queue]] WARN  server.GrpcLogAppender (GrpcLogAppender.java:timeoutAppendRequest(200)) - 057fef34-657c-4281-ab7d-192648031ede@group-8BAF5038FCF7->0ef303e2-5bf5-4b6c-9a73-acca672dcd1f-GrpcLogAppender: appendEntries Timeout, request=057fef34-657c-4281-ab7d-192648031ede->0ef303e2-5bf5-4b6c-9a73-acca672dcd1f#49-t3, previous=(t:3, i:19), leaderCommit=15, initializing? false, entries: <empty>
2019-09-11 10:33:05,836 [java.util.concurrent.ThreadPoolExecutor$Worker@71c62e45[State = -1, empty queue]] WARN  server.GrpcLogAppender (GrpcLogAppender.java:timeoutAppendRequest(200)) - 057fef34-657c-4281-ab7d-192648031ede@group-8BAF5038FCF7->36d8287a-f445-472c-84c0-3ac4479cc6b6-GrpcLogAppender: appendEntries Timeout, request=057fef34-657c-4281-ab7d-192648031ede->36d8287a-f445-472c-84c0-3ac4479cc6b6#50-t3, previous=(t:3, i:19), leaderCommit=15, initializing? false, entries: <empty>
2019-09-11 10:33:05,836 [java.util.concurrent.ThreadPoolExecutor$Worker@5d158a42[State = -1, empty queue]] WARN  server.GrpcLogAppender (GrpcLogAppender.java:timeoutAppendRequest(200)) - 057fef34-657c-4281-ab7d-192648031ede@group-8BAF5038FCF7->0ef303e2-5bf5-4b6c-9a73-acca672dcd1f-GrpcLogAppender: appendEntries Timeout, request=057fef34-657c-4281-ab7d-192648031ede->0ef303e2-5bf5-4b6c-9a73-acca672dcd1f#50-t3, previous=(t:3, i:19), leaderCommit=15, initializing? false, entries: <empty>
2019-09-11 10:33:06,019 [main] WARN  io.KeyOutputStream (KeyOutputStream.java:handleException(276)) - Encountered exception java.io.IOException: Unexpected Storage Container Exception: java.util.concurrent.CompletionException: java.util.concurrent.CompletionException: org.apache.ratis.protocol.RaftRetryFailureException: Failed RaftClientRequest:client-93B8AFC33C87->057fef34-657c-4281-ab7d-192648031ede@group-8BAF5038FCF7, cid=28, seq=9*, RW, org.apache.hadoop.hdds.scm.XceiverClientRatis$$Lambda$464/873295241@6004aead for 10 attempts with RetryLimited(maxAttempts=10, sleepTime=1000ms) on the pipeline Pipeline[ Id: 1de8d17f-9482-4cd5-af13-8baf5038fcf7, Nodes: 057fef34-657c-4281-ab7d-192648031ede{ip: 192.168.69.96, host: pr-hdds-1982-decom-states-q64lx-3787986432, networkLocation: /default-rack, certSerialId: null}0ef303e2-5bf5-4b6c-9a73-acca672dcd1f{ip: 192.168.69.96, host: pr-hdds-1982-decom-states-q64lx-3787986432, networkLocation: /default-rack, certSerialId: null}36d8287a-f445-472c-84c0-3ac4479cc6b6{ip: 192.168.69.96, host: pr-hdds-1982-decom-states-q64lx-3787986432, networkLocation: /default-rack, certSerialId: null}, Type:RATIS, Factor:THREE, State:OPEN]. The last committed block length is 0, uncommitted data length is 2097152 retry count 0
2019-09-11 10:33:06,054 [grpc-default-executor-2] INFO  client.GrpcClientProtocolClient (GrpcClientProtocolClient.java:onNext(264)) - client-64EACE15C54A->84160365-33de-4d43-a4b9-c2ba02cae000: receive RaftClientReply:client-64EACE15C54A->84160365-33de-4d43-a4b9-c2ba02cae000@group-42EC5F47EE4E, cid=32, FAILED org.apache.ratis.protocol.NotLeaderException: Server 84160365-33de-4d43-a4b9-c2ba02cae000@group-42EC5F47EE4E is not the leader a147bf4e-e47b-4bef-becd-030e3c92d985:192.168.69.96:46724, logIndex=0, commits[84160365-33de-4d43-a4b9-c2ba02cae000:c0, a147bf4e-e47b-4bef-becd-030e3c92d985:c0, d898b401-bc34-4650-97cf-b91d52192f1e:c0]
2019-09-11 10:33:06,307 [grpc-default-executor-1] INFO  client.GrpcClientProtocolClient (GrpcClientProtocolClient.java:onNext(264)) - client-64EACE15C54A->a147bf4e-e47b-4bef-becd-030e3c92d985: receive RaftClientReply:client-64EACE15C54A->a147bf4e-e47b-4bef-becd-030e3c92d985@group-42EC5F47EE4E, cid=32, SUCCESS, logIndex=1, commits[a147bf4e-e47b-4bef-becd-030e3c92d985:c1, 84160365-33de-4d43-a4b9-c2ba02cae000:c0, d898b401-bc34-4650-97cf-b91d52192f1e:c0]
2019-09-11 10:33:06,338 [java.util.concurrent.ThreadPoolExecutor$Worker@71c62e45[State = -1, empty queue]] WARN  server.GrpcLogAppender (GrpcLogAppender.java:timeoutAppendRequest(200)) - 057fef34-657c-4281-ab7d-192648031ede@group-8BAF5038FCF7->36d8287a-f445-472c-84c0-3ac4479cc6b6-GrpcLogAppender: appendEntries Timeout, request=057fef34-657c-4281-ab7d-192648031ede->36d8287a-f445-472c-84c0-3ac4479cc6b6#51-t3, previous=(t:3, i:19), leaderCommit=15, initializing? false, entries: <empty>
2019-09-11 10:33:06,340 [java.util.concurrent.ThreadPoolExecutor$Worker@5d158a42[State = -1, empty queue]] WARN  server.GrpcLogAppender (GrpcLogAppender.java:timeoutAppendRequest(200)) - 057fef34-657c-4281-ab7d-192648031ede@group-8BAF5038FCF7->0ef303e2-5bf5-4b6c-9a73-acca672dcd1f-GrpcLogAppender: appendEntries Timeout, request=057fef34-657c-4281-ab7d-192648031ede->0ef303e2-5bf5-4b6c-9a73-acca672dcd1f#51-t3, previous=(t:3, i:19), leaderCommit=15, initializing? false, entries: <empty>
2019-09-11 10:33:06,445 [grpc-default-executor-2] INFO  client.GrpcClientProtocolClient (GrpcClientProtocolClient.java:onNext(264)) - client-64EACE15C54A->a147bf4e-e47b-4bef-becd-030e3c92d985: receive RaftClientReply:client-64EACE15C54A->a147bf4e-e47b-4bef-becd-030e3c92d985@group-42EC5F47EE4E, cid=33, SUCCESS, logIndex=3, commits[a147bf4e-e47b-4bef-becd-030e3c92d985:c8, 84160365-33de-4d43-a4b9-c2ba02cae000:c5, d898b401-bc34-4650-97cf-b91d52192f1e:c5]
2019-09-11 10:33:06,446 [grpc-default-executor-2] INFO  client.GrpcClientProtocolClient (GrpcClientProtocolClient.java:onNext(264)) - client-64EACE15C54A->a147bf4e-e47b-4bef-becd-030e3c92d985: receive RaftClientReply:client-64EACE15C54A->a147bf4e-e47b-4bef-becd-030e3c92d985@group-42EC5F47EE4E, cid=34, SUCCESS, logIndex=4, commits[a147bf4e-e47b-4bef-becd-030e3c92d985:c8, 84160365-33de-4d43-a4b9-c2ba02cae000:c5, d898b401-bc34-4650-97cf-b91d52192f1e:c5]
2019-09-11 10:33:06,658 [grpc-default-executor-2] INFO  client.GrpcClientProtocolClient (GrpcClientProtocolClient.java:onNext(264)) - client-64EACE15C54A->a147bf4e-e47b-4bef-becd-030e3c92d985: receive RaftClientReply:client-64EACE15C54A->a147bf4e-e47b-4bef-becd-030e3c92d985@group-42EC5F47EE4E, cid=35, SUCCESS, logIndex=5, commits[a147bf4e-e47b-4bef-becd-030e3c92d985:c8, 84160365-33de-4d43-a4b9-c2ba02cae000:c5, d898b401-bc34-4650-97cf-b91d52192f1e:c5]
2019-09-11 10:33:06,900 [java.util.concurrent.ThreadPoolExecutor$Worker@71c62e45[State = -1, empty queue]] WARN  server.GrpcLogAppender (GrpcLogAppender.java:timeoutAppendRequest(200)) - 057fef34-657c-4281-ab7d-192648031ede@group-8BAF5038FCF7->36d8287a-f445-472c-84c0-3ac4479cc6b6-GrpcLogAppender: appendEntries Timeout, request=057fef34-657c-4281-ab7d-192648031ede->36d8287a-f445-472c-84c0-3ac4479cc6b6#52-t3, previous=(t:3, i:19), leaderCommit=15, initializing? false, entries: <empty>
2019-09-11 10:33:06,900 [java.util.concurrent.ThreadPoolExecutor$Worker@5d158a42[State = -1, empty queue]] WARN  server.GrpcLogAppender (GrpcLogAppender.java:timeoutAppendRequest(200)) - 057fef34-657c-4281-ab7d-192648031ede@group-8BAF5038FCF7->0ef303e2-5bf5-4b6c-9a73-acca672dcd1f-GrpcLogAppender: appendEntries Timeout, request=057fef34-657c-4281-ab7d-192648031ede->0ef303e2-5bf5-4b6c-9a73-acca672dcd1f#52-t3, previous=(t:3, i:19), leaderCommit=15, initializing? false, entries: <empty>
2019-09-11 10:33:06,910 [grpc-default-executor-5] INFO  client.GrpcClientProtocolClient (GrpcClientProtocolClient.java:onNext(264)) - client-64EACE15C54A->a147bf4e-e47b-4bef-becd-030e3c92d985: receive RaftClientReply:client-64EACE15C54A->a147bf4e-e47b-4bef-becd-030e3c92d985@group-42EC5F47EE4E, cid=36, SUCCESS, logIndex=9, commits[a147bf4e-e47b-4bef-becd-030e3c92d985:c10, 84160365-33de-4d43-a4b9-c2ba02cae000:c8, d898b401-bc34-4650-97cf-b91d52192f1e:c8]
2019-09-11 10:33:06,911 [grpc-default-executor-2] INFO  client.GrpcClientProtocolClient (GrpcClientProtocolClient.java:onNext(264)) - client-64EACE15C54A->a147bf4e-e47b-4bef-becd-030e3c92d985: receive RaftClientReply:client-64EACE15C54A->a147bf4e-e47b-4bef-becd-030e3c92d985@group-42EC5F47EE4E, cid=37, SUCCESS, logIndex=10, commits[a147bf4e-e47b-4bef-becd-030e3c92d985:c10, 84160365-33de-4d43-a4b9-c2ba02cae000:c8, d898b401-bc34-4650-97cf-b91d52192f1e:c8]
2019-09-11 10:33:06,920 [grpc-default-executor-1] INFO  client.GrpcClientProtocolClient (GrpcClientProtocolClient.java:onNext(264)) - client-64EACE15C54A->a147bf4e-e47b-4bef-becd-030e3c92d985: receive RaftClientReply:client-64EACE15C54A->a147bf4e-e47b-4bef-becd-030e3c92d985@group-42EC5F47EE4E, cid=38, SUCCESS, logIndex=11, commits[a147bf4e-e47b-4bef-becd-030e3c92d985:c14, 84160365-33de-4d43-a4b9-c2ba02cae000:c9, d898b401-bc34-4650-97cf-b91d52192f1e:c10]
2019-09-11 10:33:06,921 [grpc-default-executor-1] INFO  client.GrpcClientProtocolClient (GrpcClientProtocolClient.java:onNext(264)) - client-64EACE15C54A->a147bf4e-e47b-4bef-becd-030e3c92d985: receive RaftClientReply:client-64EACE15C54A->a147bf4e-e47b-4bef-becd-030e3c92d985@group-42EC5F47EE4E, cid=39, SUCCESS, logIndex=12, commits[a147bf4e-e47b-4bef-becd-030e3c92d985:c14, 84160365-33de-4d43-a4b9-c2ba02cae000:c10, d898b401-bc34-4650-97cf-b91d52192f1e:c10]
2019-09-11 10:33:07,337 [java.util.concurrent.ThreadPoolExecutor$Worker@5d158a42[State = -1, empty queue]] WARN  server.GrpcLogAppender (GrpcLogAppender.java:timeoutAppendRequest(200)) - 057fef34-657c-4281-ab7d-192648031ede@group-8BAF5038FCF7->0ef303e2-5bf5-4b6c-9a73-acca672dcd1f-GrpcLogAppender: appendEntries Timeout, request=057fef34-657c-4281-ab7d-192648031ede->0ef303e2-5bf5-4b6c-9a73-acca672dcd1f#53-t3, previous=(t:3, i:19), leaderCommit=15, initializing? false, entries: <empty>
2019-09-11 10:33:07,337 [java.util.concurrent.ThreadPoolExecutor$Worker@71c62e45[State = -1, empty queue]] WARN  server.GrpcLogAppender (GrpcLogAppender.java:timeoutAppendRequest(200)) - 057fef34-657c-4281-ab7d-192648031ede@group-8BAF5038FCF7->36d8287a-f445-472c-84c0-3ac4479cc6b6-GrpcLogAppender: appendEntries Timeout, request=057fef34-657c-4281-ab7d-192648031ede->36d8287a-f445-472c-84c0-3ac4479cc6b6#53-t3, previous=(t:3, i:19), leaderCommit=15, initializing? false, entries: <empty>
2019-09-11 10:33:07,439 [grpc-default-executor-1] INFO  client.GrpcClientProtocolClient (GrpcClientProtocolClient.java:onNext(264)) - client-64EACE15C54A->a147bf4e-e47b-4bef-becd-030e3c92d985: receive RaftClientReply:client-64EACE15C54A->a147bf4e-e47b-4bef-becd-030e3c92d985@group-42EC5F47EE4E, cid=40, SUCCESS, logIndex=0, commits[a147bf4e-e47b-4bef-becd-030e3c92d985:c15, 84160365-33de-4d43-a4b9-c2ba02cae000:c15, d898b401-bc34-4650-97cf-b91d52192f1e:c15]
2019-09-11 10:33:07,456 [grpc-default-executor-1] INFO  client.GrpcClientProtocolClient (GrpcClientProtocolClient.java:onNext(264)) - client-88C0A8EE5E46->95b20011-2e58-4a94-a7ae-3b1213f1c518: receive RaftClientReply:client-88C0A8EE5E46->95b20011-2e58-4a94-a7ae-3b1213f1c518@group-2722138C0FE0, cid=41, FAILED org.apache.ratis.protocol.NotLeaderException: Server 95b20011-2e58-4a94-a7ae-3b1213f1c518@group-2722138C0FE0 is not the leader aeb2043f-b21f-448b-b98e-71f6b579dea4:192.168.69.96:42052, logIndex=0, commits[95b20011-2e58-4a94-a7ae-3b1213f1c518:c0, a8d859d1-6640-4c40-83aa-447d1cb68642:c0, aeb2043f-b21f-448b-b98e-71f6b579dea4:c0]
2019-09-11 10:33:07,661 [grpc-default-executor-1] INFO  client.GrpcClientProtocolClient (GrpcClientProtocolClient.java:onNext(264)) - client-88C0A8EE5E46->aeb2043f-b21f-448b-b98e-71f6b579dea4: receive RaftClientReply:client-88C0A8EE5E46->aeb2043f-b21f-448b-b98e-71f6b579dea4@group-2722138C0FE0, cid=41, SUCCESS, logIndex=1, commits[aeb2043f-b21f-448b-b98e-71f6b579dea4:c1, a8d859d1-6640-4c40-83aa-447d1cb68642:c0, 95b20011-2e58-4a94-a7ae-3b1213f1c518:c0]
2019-09-11 10:33:07,776 [grpc-default-executor-5] INFO  client.GrpcClientProtocolClient (GrpcClientProtocolClient.java:onNext(264)) - client-88C0A8EE5E46->aeb2043f-b21f-448b-b98e-71f6b579dea4: receive RaftClientReply:client-88C0A8EE5E46->aeb2043f-b21f-448b-b98e-71f6b579dea4@group-2722138C0FE0, cid=42, SUCCESS, logIndex=3, commits[aeb2043f-b21f-448b-b98e-71f6b579dea4:c8, a8d859d1-6640-4c40-83aa-447d1cb68642:c5, 95b20011-2e58-4a94-a7ae-3b1213f1c518:c6]
2019-09-11 10:33:07,779 [grpc-default-executor-5] INFO  client.GrpcClientProtocolClient (GrpcClientProtocolClient.java:onNext(264)) - client-88C0A8EE5E46->aeb2043f-b21f-448b-b98e-71f6b579dea4: receive RaftClientReply:client-88C0A8EE5E46->aeb2043f-b21f-448b-b98e-71f6b579dea4@group-2722138C0FE0, cid=43, SUCCESS, logIndex=4, commits[aeb2043f-b21f-448b-b98e-71f6b579dea4:c8, a8d859d1-6640-4c40-83aa-447d1cb68642:c5, 95b20011-2e58-4a94-a7ae-3b1213f1c518:c6]
2019-09-11 10:33:07,837 [java.util.concurrent.ThreadPoolExecutor$Worker@5d158a42[State = -1, empty queue]] WARN  server.GrpcLogAppender (GrpcLogAppender.java:timeoutAppendRequest(200)) - 057fef34-657c-4281-ab7d-192648031ede@group-8BAF5038FCF7->0ef303e2-5bf5-4b6c-9a73-acca672dcd1f-GrpcLogAppender: appendEntries Timeout, request=057fef34-657c-4281-ab7d-192648031ede->0ef303e2-5bf5-4b6c-9a73-acca672dcd1f#54-t3, previous=(t:3, i:19), leaderCommit=15, initializing? false, entries: <empty>
2019-09-11 10:33:07,837 [java.util.concurrent.ThreadPoolExecutor$Worker@71c62e45[State = -1, empty queue]] WARN  server.GrpcLogAppender (GrpcLogAppender.java:timeoutAppendRequest(200)) - 057fef34-657c-4281-ab7d-192648031ede@group-8BAF5038FCF7->36d8287a-f445-472c-84c0-3ac4479cc6b6-GrpcLogAppender: appendEntries Timeout, request=057fef34-657c-4281-ab7d-192648031ede->36d8287a-f445-472c-84c0-3ac4479cc6b6#54-t3, previous=(t:3, i:19), leaderCommit=15, initializing? false, entries: <empty>
2019-09-11 10:33:07,922 [grpc-default-executor-5] INFO  client.GrpcClientProtocolClient (GrpcClientProtocolClient.java:onNext(264)) - client-88C0A8EE5E46->aeb2043f-b21f-448b-b98e-71f6b579dea4: receive RaftClientReply:client-88C0A8EE5E46->aeb2043f-b21f-448b-b98e-71f6b579dea4@group-2722138C0FE0, cid=44, SUCCESS, logIndex=5, commits[aeb2043f-b21f-448b-b98e-71f6b579dea4:c8, a8d859d1-6640-4c40-83aa-447d1cb68642:c5, 95b20011-2e58-4a94-a7ae-3b1213f1c518:c6]
2019-09-11 10:33:07,973 [Datanode State Machine Thread - 0] INFO  statemachine.DatanodeStateMachine (DatanodeStateMachine.java:lambda$startDaemon$0(350)) - Ozone container server started.
2019-09-11 10:33:07,985 [057fef34-657c-4281-ab7d-192648031ede@group-8BAF5038FCF7-SegmentedRaftLogWorker] WARN  segmented.SegmentedRaftLogWorker (SegmentedRaftLogWorker.java:getFromFuture(90)) - Timeout 1/~
org.apache.ratis.protocol.TimeoutIOException: Timeout 10s: WriteLog:18: (t:3, i:18), STATEMACHINELOGENTRY, client-93B8AFC33C87, cid=30-writeStateMachineData
	at org.apache.ratis.util.IOUtils.getFromFuture(IOUtils.java:87)
	at org.apache.ratis.server.raftlog.segmented.SegmentedRaftLogWorker$StateMachineDataPolicy.getFromFuture(SegmentedRaftLogWorker.java:87)
	at org.apache.ratis.server.raftlog.segmented.SegmentedRaftLogWorker$WriteLog.execute(SegmentedRaftLogWorker.java:477)
	at org.apache.ratis.server.raftlog.segmented.SegmentedRaftLogWorker.run(SegmentedRaftLogWorker.java:289)
	at java.lang.Thread.run(Thread.java:748)
Caused by: java.util.concurrent.TimeoutException
	at java.util.concurrent.CompletableFuture.timedGet(CompletableFuture.java:1771)
	at java.util.concurrent.CompletableFuture.get(CompletableFuture.java:1915)
	at org.apache.ratis.util.IOUtils.getFromFuture(IOUtils.java:79)
	... 4 more
2019-09-11 10:33:07,989 [0ef303e2-5bf5-4b6c-9a73-acca672dcd1f@group-8BAF5038FCF7-SegmentedRaftLogWorker] WARN  segmented.SegmentedRaftLogWorker (SegmentedRaftLogWorker.java:getFromFuture(90)) - Timeout 1/~
org.apache.ratis.protocol.TimeoutIOException: Timeout 10s: WriteLog:18: (t:3, i:18), STATEMACHINELOGENTRY, client-93B8AFC33C87, cid=30-writeStateMachineData
	at org.apache.ratis.util.IOUtils.getFromFuture(IOUtils.java:87)
	at org.apache.ratis.server.raftlog.segmented.SegmentedRaftLogWorker$StateMachineDataPolicy.getFromFuture(SegmentedRaftLogWorker.java:87)
	at org.apache.ratis.server.raftlog.segmented.SegmentedRaftLogWorker$WriteLog.execute(SegmentedRaftLogWorker.java:477)
	at org.apache.ratis.server.raftlog.segmented.SegmentedRaftLogWorker.run(SegmentedRaftLogWorker.java:289)
	at java.lang.Thread.run(Thread.java:748)
Caused by: java.util.concurrent.TimeoutException
	at java.util.concurrent.CompletableFuture.timedGet(CompletableFuture.java:1771)
	at java.util.concurrent.CompletableFuture.get(CompletableFuture.java:1915)
	at org.apache.ratis.util.IOUtils.getFromFuture(IOUtils.java:79)
	... 4 more
2019-09-11 10:33:08,010 [36d8287a-f445-472c-84c0-3ac4479cc6b6@group-8BAF5038FCF7-SegmentedRaftLogWorker] WARN  segmented.SegmentedRaftLogWorker (SegmentedRaftLogWorker.java:getFromFuture(90)) - Timeout 1/~
org.apache.ratis.protocol.TimeoutIOException: Timeout 10s: WriteLog:18: (t:3, i:18), STATEMACHINELOGENTRY, client-93B8AFC33C87, cid=30-writeStateMachineData
	at org.apache.ratis.util.IOUtils.getFromFuture(IOUtils.java:87)
	at org.apache.ratis.server.raftlog.segmented.SegmentedRaftLogWorker$StateMachineDataPolicy.getFromFuture(SegmentedRaftLogWorker.java:87)
	at org.apache.ratis.server.raftlog.segmented.SegmentedRaftLogWorker$WriteLog.execute(SegmentedRaftLogWorker.java:477)
	at org.apache.ratis.server.raftlog.segmented.SegmentedRaftLogWorker.run(SegmentedRaftLogWorker.java:289)
	at java.lang.Thread.run(Thread.java:748)
Caused by: java.util.concurrent.TimeoutException
	at java.util.concurrent.CompletableFuture.timedGet(CompletableFuture.java:1771)
	at java.util.concurrent.CompletableFuture.get(CompletableFuture.java:1915)
	at org.apache.ratis.util.IOUtils.getFromFuture(IOUtils.java:79)
	... 4 more
2019-09-11 10:33:08,338 [java.util.concurrent.ThreadPoolExecutor$Worker@5d158a42[State = -1, empty queue]] WARN  server.GrpcLogAppender (GrpcLogAppender.java:timeoutAppendRequest(200)) - 057fef34-657c-4281-ab7d-192648031ede@group-8BAF5038FCF7->0ef303e2-5bf5-4b6c-9a73-acca672dcd1f-GrpcLogAppender: appendEntries Timeout, request=057fef34-657c-4281-ab7d-192648031ede->0ef303e2-5bf5-4b6c-9a73-acca672dcd1f#55-t3, previous=(t:3, i:19), leaderCommit=15, initializing? false, entries: <empty>
2019-09-11 10:33:08,338 [java.util.concurrent.ThreadPoolExecutor$Worker@71c62e45[State = -1, empty queue]] WARN  server.GrpcLogAppender (GrpcLogAppender.java:timeoutAppendRequest(200)) - 057fef34-657c-4281-ab7d-192648031ede@group-8BAF5038FCF7->36d8287a-f445-472c-84c0-3ac4479cc6b6-GrpcLogAppender: appendEntries Timeout, request=057fef34-657c-4281-ab7d-192648031ede->36d8287a-f445-472c-84c0-3ac4479cc6b6#55-t3, previous=(t:3, i:19), leaderCommit=15, initializing? false, entries: <empty>
2019-09-11 10:33:08,838 [java.util.concurrent.ThreadPoolExecutor$Worker@5d158a42[State = -1, empty queue]] WARN  server.GrpcLogAppender (GrpcLogAppender.java:timeoutAppendRequest(200)) - 057fef34-657c-4281-ab7d-192648031ede@group-8BAF5038FCF7->0ef303e2-5bf5-4b6c-9a73-acca672dcd1f-GrpcLogAppender: appendEntries Timeout, request=057fef34-657c-4281-ab7d-192648031ede->0ef303e2-5bf5-4b6c-9a73-acca672dcd1f#56-t3, previous=(t:3, i:19), leaderCommit=15, initializing? false, entries: <empty>
2019-09-11 10:33:08,838 [java.util.concurrent.ThreadPoolExecutor$Worker@71c62e45[State = -1, empty queue]] WARN  server.GrpcLogAppender (GrpcLogAppender.java:timeoutAppendRequest(200)) - 057fef34-657c-4281-ab7d-192648031ede@group-8BAF5038FCF7->36d8287a-f445-472c-84c0-3ac4479cc6b6-GrpcLogAppender: appendEntries Timeout, request=057fef34-657c-4281-ab7d-192648031ede->36d8287a-f445-472c-84c0-3ac4479cc6b6#56-t3, previous=(t:3, i:19), leaderCommit=15, initializing? false, entries: <empty>
2019-09-11 10:33:09,338 [java.util.concurrent.ThreadPoolExecutor$Worker@5d158a42[State = -1, empty queue]] WARN  server.GrpcLogAppender (GrpcLogAppender.java:timeoutAppendRequest(200)) - 057fef34-657c-4281-ab7d-192648031ede@group-8BAF5038FCF7->0ef303e2-5bf5-4b6c-9a73-acca672dcd1f-GrpcLogAppender: appendEntries Timeout, request=057fef34-657c-4281-ab7d-192648031ede->0ef303e2-5bf5-4b6c-9a73-acca672dcd1f#57-t3, previous=(t:3, i:19), leaderCommit=15, initializing? false, entries: <empty>
2019-09-11 10:33:09,338 [java.util.concurrent.ThreadPoolExecutor$Worker@71c62e45[State = -1, empty queue]] WARN  server.GrpcLogAppender (GrpcLogAppender.java:timeoutAppendRequest(200)) - 057fef34-657c-4281-ab7d-192648031ede@group-8BAF5038FCF7->36d8287a-f445-472c-84c0-3ac4479cc6b6-GrpcLogAppender: appendEntries Timeout, request=057fef34-657c-4281-ab7d-192648031ede->36d8287a-f445-472c-84c0-3ac4479cc6b6#57-t3, previous=(t:3, i:19), leaderCommit=15, initializing? false, entries: <empty>
2019-09-11 10:33:09,900 [java.util.concurrent.ThreadPoolExecutor$Worker@71c62e45[State = -1, empty queue]] WARN  server.GrpcLogAppender (GrpcLogAppender.java:timeoutAppendRequest(200)) - 057fef34-657c-4281-ab7d-192648031ede@group-8BAF5038FCF7->36d8287a-f445-472c-84c0-3ac4479cc6b6-GrpcLogAppender: appendEntries Timeout, request=057fef34-657c-4281-ab7d-192648031ede->36d8287a-f445-472c-84c0-3ac4479cc6b6#58-t3, previous=(t:3, i:19), leaderCommit=15, initializing? false, entries: <empty>
2019-09-11 10:33:09,900 [java.util.concurrent.ThreadPoolExecutor$Worker@5d158a42[State = -1, empty queue]] WARN  server.GrpcLogAppender (GrpcLogAppender.java:timeoutAppendRequest(200)) - 057fef34-657c-4281-ab7d-192648031ede@group-8BAF5038FCF7->0ef303e2-5bf5-4b6c-9a73-acca672dcd1f-GrpcLogAppender: appendEntries Timeout, request=057fef34-657c-4281-ab7d-192648031ede->0ef303e2-5bf5-4b6c-9a73-acca672dcd1f#58-t3, previous=(t:3, i:19), leaderCommit=15, initializing? false, entries: <empty>
2019-09-11 10:33:10,401 [java.util.concurrent.ThreadPoolExecutor$Worker@5d158a42[State = -1, empty queue]] WARN  server.GrpcLogAppender (GrpcLogAppender.java:timeoutAppendRequest(200)) - 057fef34-657c-4281-ab7d-192648031ede@group-8BAF5038FCF7->0ef303e2-5bf5-4b6c-9a73-acca672dcd1f-GrpcLogAppender: appendEntries Timeout, request=057fef34-657c-4281-ab7d-192648031ede->0ef303e2-5bf5-4b6c-9a73-acca672dcd1f#59-t3, previous=(t:3, i:19), leaderCommit=15, initializing? false, entries: <empty>
2019-09-11 10:33:10,401 [java.util.concurrent.ThreadPoolExecutor$Worker@71c62e45[State = -1, empty queue]] WARN  server.GrpcLogAppender (GrpcLogAppender.java:timeoutAppendRequest(200)) - 057fef34-657c-4281-ab7d-192648031ede@group-8BAF5038FCF7->36d8287a-f445-472c-84c0-3ac4479cc6b6-GrpcLogAppender: appendEntries Timeout, request=057fef34-657c-4281-ab7d-192648031ede->36d8287a-f445-472c-84c0-3ac4479cc6b6#59-t3, previous=(t:3, i:19), leaderCommit=15, initializing? false, entries: <empty>
2019-09-11 10:33:10,901 [java.util.concurrent.ThreadPoolExecutor$Worker@5d158a42[State = -1, empty queue]] WARN  server.GrpcLogAppender (GrpcLogAppender.java:timeoutAppendRequest(200)) - 057fef34-657c-4281-ab7d-192648031ede@group-8BAF5038FCF7->0ef303e2-5bf5-4b6c-9a73-acca672dcd1f-GrpcLogAppender: appendEntries Timeout, request=057fef34-657c-4281-ab7d-192648031ede->0ef303e2-5bf5-4b6c-9a73-acca672dcd1f#60-t3, previous=(t:3, i:19), leaderCommit=15, initializing? false, entries: <empty>
2019-09-11 10:33:10,901 [java.util.concurrent.ThreadPoolExecutor$Worker@71c62e45[State = -1, empty queue]] WARN  server.GrpcLogAppender (GrpcLogAppender.java:timeoutAppendRequest(200)) - 057fef34-657c-4281-ab7d-192648031ede@group-8BAF5038FCF7->36d8287a-f445-472c-84c0-3ac4479cc6b6-GrpcLogAppender: appendEntries Timeout, request=057fef34-657c-4281-ab7d-192648031ede->36d8287a-f445-472c-84c0-3ac4479cc6b6#60-t3, previous=(t:3, i:19), leaderCommit=15, initializing? false, entries: <empty>
2019-09-11 10:33:11,402 [java.util.concurrent.ThreadPoolExecutor$Worker@5d158a42[State = -1, empty queue]] WARN  server.GrpcLogAppender (GrpcLogAppender.java:timeoutAppendRequest(200)) - 057fef34-657c-4281-ab7d-192648031ede@group-8BAF5038FCF7->0ef303e2-5bf5-4b6c-9a73-acca672dcd1f-GrpcLogAppender: appendEntries Timeout, request=057fef34-657c-4281-ab7d-192648031ede->0ef303e2-5bf5-4b6c-9a73-acca672dcd1f#61-t3, previous=(t:3, i:19), leaderCommit=15, initializing? false, entries: <empty>
2019-09-11 10:33:11,402 [java.util.concurrent.ThreadPoolExecutor$Worker@71c62e45[State = -1, empty queue]] WARN  server.GrpcLogAppender (GrpcLogAppender.java:timeoutAppendRequest(200)) - 057fef34-657c-4281-ab7d-192648031ede@group-8BAF5038FCF7->36d8287a-f445-472c-84c0-3ac4479cc6b6-GrpcLogAppender: appendEntries Timeout, request=057fef34-657c-4281-ab7d-192648031ede->36d8287a-f445-472c-84c0-3ac4479cc6b6#61-t3, previous=(t:3, i:19), leaderCommit=15, initializing? false, entries: <empty>
2019-09-11 10:33:11,902 [java.util.concurrent.ThreadPoolExecutor$Worker@5d158a42[State = -1, empty queue]] WARN  server.GrpcLogAppender (GrpcLogAppender.java:timeoutAppendRequest(200)) - 057fef34-657c-4281-ab7d-192648031ede@group-8BAF5038FCF7->0ef303e2-5bf5-4b6c-9a73-acca672dcd1f-GrpcLogAppender: appendEntries Timeout, request=057fef34-657c-4281-ab7d-192648031ede->0ef303e2-5bf5-4b6c-9a73-acca672dcd1f#62-t3, previous=(t:3, i:19), leaderCommit=15, initializing? false, entries: <empty>
2019-09-11 10:33:11,902 [java.util.concurrent.ThreadPoolExecutor$Worker@71c62e45[State = -1, empty queue]] WARN  server.GrpcLogAppender (GrpcLogAppender.java:timeoutAppendRequest(200)) - 057fef34-657c-4281-ab7d-192648031ede@group-8BAF5038FCF7->36d8287a-f445-472c-84c0-3ac4479cc6b6-GrpcLogAppender: appendEntries Timeout, request=057fef34-657c-4281-ab7d-192648031ede->36d8287a-f445-472c-84c0-3ac4479cc6b6#62-t3, previous=(t:3, i:19), leaderCommit=15, initializing? false, entries: <empty>
2019-09-11 10:33:12,402 [java.util.concurrent.ThreadPoolExecutor$Worker@5d158a42[State = -1, empty queue]] WARN  server.GrpcLogAppender (GrpcLogAppender.java:timeoutAppendRequest(200)) - 057fef34-657c-4281-ab7d-192648031ede@group-8BAF5038FCF7->0ef303e2-5bf5-4b6c-9a73-acca672dcd1f-GrpcLogAppender: appendEntries Timeout, request=057fef34-657c-4281-ab7d-192648031ede->0ef303e2-5bf5-4b6c-9a73-acca672dcd1f#63-t3, previous=(t:3, i:19), leaderCommit=15, initializing? false, entries: <empty>
2019-09-11 10:33:12,402 [java.util.concurrent.ThreadPoolExecutor$Worker@71c62e45[State = -1, empty queue]] WARN  server.GrpcLogAppender (GrpcLogAppender.java:timeoutAppendRequest(200)) - 057fef34-657c-4281-ab7d-192648031ede@group-8BAF5038FCF7->36d8287a-f445-472c-84c0-3ac4479cc6b6-GrpcLogAppender: appendEntries Timeout, request=057fef34-657c-4281-ab7d-192648031ede->36d8287a-f445-472c-84c0-3ac4479cc6b6#63-t3, previous=(t:3, i:19), leaderCommit=15, initializing? false, entries: <empty>
2019-09-11 10:33:12,902 [java.util.concurrent.ThreadPoolExecutor$Worker@5d158a42[State = -1, empty queue]] WARN  server.GrpcLogAppender (GrpcLogAppender.java:timeoutAppendRequest(200)) - 057fef34-657c-4281-ab7d-192648031ede@group-8BAF5038FCF7->0ef303e2-5bf5-4b6c-9a73-acca672dcd1f-GrpcLogAppender: appendEntries Timeout, request=057fef34-657c-4281-ab7d-192648031ede->0ef303e2-5bf5-4b6c-9a73-acca672dcd1f#64-t3, previous=(t:3, i:19), leaderCommit=15, initializing? false, entries: <empty>
2019-09-11 10:33:12,902 [java.util.concurrent.ThreadPoolExecutor$Worker@71c62e45[State = -1, empty queue]] WARN  server.GrpcLogAppender (GrpcLogAppender.java:timeoutAppendRequest(200)) - 057fef34-657c-4281-ab7d-192648031ede@group-8BAF5038FCF7->36d8287a-f445-472c-84c0-3ac4479cc6b6-GrpcLogAppender: appendEntries Timeout, request=057fef34-657c-4281-ab7d-192648031ede->36d8287a-f445-472c-84c0-3ac4479cc6b6#64-t3, previous=(t:3, i:19), leaderCommit=15, initializing? false, entries: <empty>
2019-09-11 10:33:12,928 [main] INFO  ozoneimpl.OzoneContainer (OzoneContainer.java:stop(231)) - Attempting to stop container services.
2019-09-11 10:33:12,930 [main] INFO  impl.RaftServerProxy (RaftServerProxy.java:lambda$close$4(314)) - 057fef34-657c-4281-ab7d-192648031ede: close
2019-09-11 10:33:12,933 [main] INFO  impl.RaftServerImpl (RaftServerImpl.java:lambda$shutdown$3(251)) - 057fef34-657c-4281-ab7d-192648031ede@group-25CF19187149: shutdown
2019-09-11 10:33:12,934 [main] INFO  util.JmxRegister (JmxRegister.java:unregister(73)) - Successfully un-registered JMX Bean with object name Ratis:service=RaftServer,group=group-25CF19187149,id=057fef34-657c-4281-ab7d-192648031ede
2019-09-11 10:33:12,935 [main] INFO  impl.RoleInfo (RoleInfo.java:shutdownLeaderState(104)) - 057fef34-657c-4281-ab7d-192648031ede: shutdown LeaderState
2019-09-11 10:33:12,936 [main] INFO  impl.PendingRequests (PendingRequests.java:sendNotLeaderResponses(202)) - 057fef34-657c-4281-ab7d-192648031ede-PendingRequests: sendNotLeaderResponses
2019-09-11 10:33:12,940 [main] INFO  impl.StateMachineUpdater (StateMachineUpdater.java:stopAndJoin(125)) - 057fef34-657c-4281-ab7d-192648031ede@group-25CF19187149-StateMachineUpdater: set stopIndex = 0
2019-09-11 10:33:12,941 [main] INFO  impl.RaftServerImpl (ServerState.java:close(385)) - 057fef34-657c-4281-ab7d-192648031ede@group-25CF19187149: closes. applyIndex: 0
2019-09-11 10:33:12,951 [057fef34-657c-4281-ab7d-192648031ede@group-25CF19187149-SegmentedRaftLogWorker] INFO  segmented.SegmentedRaftLogWorker (SegmentedRaftLogWorker.java:run(313)) - 057fef34-657c-4281-ab7d-192648031ede@group-25CF19187149-SegmentedRaftLogWorker was interrupted, exiting. There are 0 tasks remaining in the queue.
2019-09-11 10:33:12,954 [main] INFO  segmented.SegmentedRaftLogWorker (SegmentedRaftLogWorker.java:close(228)) - 057fef34-657c-4281-ab7d-192648031ede@group-25CF19187149-SegmentedRaftLogWorker close()
2019-09-11 10:33:12,960 [main] INFO  impl.RaftServerImpl (RaftServerImpl.java:lambda$shutdown$3(251)) - 057fef34-657c-4281-ab7d-192648031ede@group-8BAF5038FCF7: shutdown
2019-09-11 10:33:12,960 [main] INFO  util.JmxRegister (JmxRegister.java:unregister(73)) - Successfully un-registered JMX Bean with object name Ratis:service=RaftServer,group=group-8BAF5038FCF7,id=057fef34-657c-4281-ab7d-192648031ede
2019-09-11 10:33:12,960 [main] INFO  impl.RoleInfo (RoleInfo.java:shutdownLeaderState(104)) - 057fef34-657c-4281-ab7d-192648031ede: shutdown LeaderState
2019-09-11 10:33:12,966 [main] INFO  impl.PendingRequests (PendingRequests.java:sendNotLeaderResponses(202)) - 057fef34-657c-4281-ab7d-192648031ede-PendingRequests: sendNotLeaderResponses
2019-09-11 10:33:12,966 [org.apache.ratis.server.impl.LogAppender$AppenderDaemon$$Lambda$535/1661948244@652e6e88] WARN  server.GrpcLogAppender (GrpcLogAppender.java:mayWait(143)) - 057fef34-657c-4281-ab7d-192648031ede@group-8BAF5038FCF7->0ef303e2-5bf5-4b6c-9a73-acca672dcd1f-GrpcLogAppender: Wait interrupted by java.lang.InterruptedException
2019-09-11 10:33:12,966 [org.apache.ratis.server.impl.LogAppender$AppenderDaemon$$Lambda$535/1661948244@6b880de3] WARN  server.GrpcLogAppender (GrpcLogAppender.java:mayWait(143)) - 057fef34-657c-4281-ab7d-192648031ede@group-8BAF5038FCF7->36d8287a-f445-472c-84c0-3ac4479cc6b6-GrpcLogAppender: Wait interrupted by java.lang.InterruptedException
2019-09-11 10:33:12,971 [main] INFO  impl.StateMachineUpdater (StateMachineUpdater.java:stopAndJoin(125)) - 057fef34-657c-4281-ab7d-192648031ede@group-8BAF5038FCF7-StateMachineUpdater: set stopIndex = 15
2019-09-11 10:33:12,972 [057fef34-657c-4281-ab7d-192648031ede@group-8BAF5038FCF7-StateMachineUpdater] INFO  ratis.ContainerStateMachine (ContainerStateMachine.java:takeSnapshot(289)) - group-8BAF5038FCF7: Taking a snapshot at:(t:3, i:13) file /workdir/hadoop-ozone/integration-test/target/test-dir/MiniOzoneClusterImpl-62578b9c-93b1-4e23-b83e-ebaf05b7c577/datanode-0/data/ratis/1de8d17f-9482-4cd5-af13-8baf5038fcf7/sm/snapshot.3_13
2019-09-11 10:33:12,972 [grpc-default-executor-5] INFO  server.GrpcServerProtocolService (GrpcServerProtocolService.java:onCompleted(113)) - 0ef303e2-5bf5-4b6c-9a73-acca672dcd1f: Completed APPEND_ENTRIES, lastRequest: 057fef34-657c-4281-ab7d-192648031ede->0ef303e2-5bf5-4b6c-9a73-acca672dcd1f#70-t3, previous=(t:3, i:19), leaderCommit=15, initializing? false, entries: <empty>
2019-09-11 10:33:12,972 [grpc-default-executor-2] INFO  server.GrpcServerProtocolService (GrpcServerProtocolService.java:onCompleted(113)) - 36d8287a-f445-472c-84c0-3ac4479cc6b6: Completed APPEND_ENTRIES, lastRequest: 057fef34-657c-4281-ab7d-192648031ede->36d8287a-f445-472c-84c0-3ac4479cc6b6#70-t3, previous=(t:3, i:19), leaderCommit=15, initializing? false, entries: <empty>
2019-09-11 10:33:12,976 [grpc-default-executor-2] INFO  server.GrpcLogAppender (GrpcLogAppender.java:onCompleted(293)) - 057fef34-657c-4281-ab7d-192648031ede@group-8BAF5038FCF7->0ef303e2-5bf5-4b6c-9a73-acca672dcd1f-AppendLogResponseHandler: follower responses appendEntries COMPLETED
2019-09-11 10:33:12,976 [grpc-default-executor-5] INFO  server.GrpcLogAppender (GrpcLogAppender.java:onCompleted(293)) - 057fef34-657c-4281-ab7d-192648031ede@group-8BAF5038FCF7->36d8287a-f445-472c-84c0-3ac4479cc6b6-AppendLogResponseHandler: follower responses appendEntries COMPLETED
2019-09-11 10:33:12,982 [grpc-default-executor-2] INFO  impl.FollowerInfo (FollowerInfo.java:lambda$new$0(51)) - 057fef34-657c-4281-ab7d-192648031ede@group-8BAF5038FCF7->0ef303e2-5bf5-4b6c-9a73-acca672dcd1f: nextIndex: updateUnconditionally 20 -> 16
2019-09-11 10:33:12,982 [grpc-default-executor-5] INFO  impl.FollowerInfo (FollowerInfo.java:lambda$new$0(51)) - 057fef34-657c-4281-ab7d-192648031ede@group-8BAF5038FCF7->36d8287a-f445-472c-84c0-3ac4479cc6b6: nextIndex: updateUnconditionally 20 -> 16
2019-09-11 10:33:13,022 [057fef34-657c-4281-ab7d-192648031ede@group-8BAF5038FCF7-StateMachineUpdater] INFO  ratis.ContainerStateMachine (ContainerStateMachine.java:takeSnapshot(300)) - group-8BAF5038FCF7: Finished taking a snapshot at:(t:3, i:13) file:/workdir/hadoop-ozone/integration-test/target/test-dir/MiniOzoneClusterImpl-62578b9c-93b1-4e23-b83e-ebaf05b7c577/datanode-0/data/ratis/1de8d17f-9482-4cd5-af13-8baf5038fcf7/sm/snapshot.3_13 time:51
2019-09-11 10:33:13,022 [057fef34-657c-4281-ab7d-192648031ede@group-8BAF5038FCF7-StateMachineUpdater] INFO  impl.StateMachineUpdater (StateMachineUpdater.java:takeSnapshot(258)) - 057fef34-657c-4281-ab7d-192648031ede@group-8BAF5038FCF7-StateMachineUpdater: Took a snapshot at index 13
2019-09-11 10:33:13,025 [057fef34-657c-4281-ab7d-192648031ede@group-8BAF5038FCF7-StateMachineUpdater] INFO  impl.StateMachineUpdater (StateMachineUpdater.java:lambda$new$0(83)) - 057fef34-657c-4281-ab7d-192648031ede@group-8BAF5038FCF7-StateMachineUpdater: snapshotIndex: updateIncreasingly -1 -> 13
2019-09-11 10:33:13,033 [057fef34-657c-4281-ab7d-192648031ede@group-8BAF5038FCF7-StateMachineUpdater] INFO  ratis.ContainerStateMachine (ContainerStateMachine.java:takeSnapshot(289)) - group-8BAF5038FCF7: Taking a snapshot at:(t:3, i:13) file /workdir/hadoop-ozone/integration-test/target/test-dir/MiniOzoneClusterImpl-62578b9c-93b1-4e23-b83e-ebaf05b7c577/datanode-0/data/ratis/1de8d17f-9482-4cd5-af13-8baf5038fcf7/sm/snapshot.3_13
2019-09-11 10:33:13,061 [057fef34-657c-4281-ab7d-192648031ede@group-8BAF5038FCF7-StateMachineUpdater] INFO  ratis.ContainerStateMachine (ContainerStateMachine.java:takeSnapshot(300)) - group-8BAF5038FCF7: Finished taking a snapshot at:(t:3, i:13) file:/workdir/hadoop-ozone/integration-test/target/test-dir/MiniOzoneClusterImpl-62578b9c-93b1-4e23-b83e-ebaf05b7c577/datanode-0/data/ratis/1de8d17f-9482-4cd5-af13-8baf5038fcf7/sm/snapshot.3_13 time:28
2019-09-11 10:33:13,061 [057fef34-657c-4281-ab7d-192648031ede@group-8BAF5038FCF7-StateMachineUpdater] INFO  impl.StateMachineUpdater (StateMachineUpdater.java:takeSnapshot(258)) - 057fef34-657c-4281-ab7d-192648031ede@group-8BAF5038FCF7-StateMachineUpdater: Took a snapshot at index 13
2019-09-11 10:33:13,061 [057fef34-657c-4281-ab7d-192648031ede@group-8BAF5038FCF7-StateMachineUpdater] INFO  impl.StateMachineUpdater (StateMachineUpdater.java:lambda$new$0(83)) - 057fef34-657c-4281-ab7d-192648031ede@group-8BAF5038FCF7-StateMachineUpdater: snapshotIndex: updateIncreasingly 13 -> 13
2019-09-11 10:33:13,061 [main] INFO  impl.RaftServerImpl (ServerState.java:close(385)) - 057fef34-657c-4281-ab7d-192648031ede@group-8BAF5038FCF7: closes. applyIndex: 15
2019-09-11 10:33:13,072 [057fef34-657c-4281-ab7d-192648031ede@group-8BAF5038FCF7-SegmentedRaftLogWorker] ERROR ratis.XceiverServerRatis (XceiverServerRatis.java:triggerPipelineClose(568)) - pipeline Action CLOSE  on pipeline PipelineID=1de8d17f-9482-4cd5-af13-8baf5038fcf7.Reason : WriteLog:18: (t:3, i:18), STATEMACHINELOGENTRY, client-93B8AFC33C87, cid=30-writeStateMachineData interrupted.
2019-09-11 10:33:13,272 [main] INFO  segmented.SegmentedRaftLogWorker (SegmentedRaftLogWorker.java:close(228)) - 057fef34-657c-4281-ab7d-192648031ede@group-8BAF5038FCF7-SegmentedRaftLogWorker close()
2019-09-11 10:33:13,293 [main] INFO  server.GrpcService (GrpcService.java:closeImpl(164)) - 057fef34-657c-4281-ab7d-192648031ede: shutdown server with port 35772 now
2019-09-11 10:33:13,296 [main] INFO  server.GrpcService (GrpcService.java:closeImpl(172)) - 057fef34-657c-4281-ab7d-192648031ede: shutdown server with port 35772 successfully
2019-09-11 10:33:13,339 [refreshUsed-/workdir/hadoop-ozone/integration-test/target/test-dir/MiniOzoneClusterImpl-62578b9c-93b1-4e23-b83e-ebaf05b7c577/datanode-0/data/containers] WARN  fs.CachingGetSpaceUsed (CachingGetSpaceUsed.java:run(183)) - Thread Interrupted waiting to refresh disk information: sleep interrupted
2019-09-11 10:33:13,359 [main] INFO  utils.BackgroundService (BackgroundService.java:shutdown(148)) - Shutting down service BlockDeletingService
2019-09-11 10:33:13,369 [main] INFO  statemachine.DatanodeStateMachine (DatanodeStateMachine.java:stopDaemon(395)) - Ozone container server stopped.
2019-09-11 10:33:13,376 [main] INFO  handler.ContextHandler (ContextHandler.java:doStop(910)) - Stopped o.e.j.w.WebAppContext@895416d{/,null,UNAVAILABLE}{/hddsDatanode}
2019-09-11 10:33:13,383 [main] INFO  server.AbstractConnector (AbstractConnector.java:doStop(318)) - Stopped ServerConnector@71a06021{HTTP/1.1,[http/1.1]}{0.0.0.0:0}
2019-09-11 10:33:13,383 [main] INFO  handler.ContextHandler (ContextHandler.java:doStop(910)) - Stopped o.e.j.s.ServletContextHandler@2f236de0{/static,jar:file:/home/user/.m2/repository/org/apache/hadoop/hadoop-hdds-container-service/0.5.0-SNAPSHOT/hadoop-hdds-container-service-0.5.0-SNAPSHOT.jar!/webapps/static,UNAVAILABLE}
2019-09-11 10:33:13,383 [main] INFO  handler.ContextHandler (ContextHandler.java:doStop(910)) - Stopped o.e.j.s.ServletContextHandler@2643d762{/logs,file:///workdir/hadoop-ozone/integration-test/target/log,UNAVAILABLE}
2019-09-11 10:33:13,446 [grpc-default-executor-2] INFO  client.GrpcClientProtocolClient (GrpcClientProtocolClient.java:onNext(264)) - client-88C0A8EE5E46->aeb2043f-b21f-448b-b98e-71f6b579dea4: receive RaftClientReply:client-88C0A8EE5E46->aeb2043f-b21f-448b-b98e-71f6b579dea4@group-2722138C0FE0, cid=45, SUCCESS, logIndex=9, commits[aeb2043f-b21f-448b-b98e-71f6b579dea4:c12, a8d859d1-6640-4c40-83aa-447d1cb68642:c8, 95b20011-2e58-4a94-a7ae-3b1213f1c518:c8]
2019-09-11 10:33:13,448 [grpc-default-executor-2] INFO  client.GrpcClientProtocolClient (GrpcClientProtocolClient.java:onNext(264)) - client-88C0A8EE5E46->aeb2043f-b21f-448b-b98e-71f6b579dea4: receive RaftClientReply:client-88C0A8EE5E46->aeb2043f-b21f-448b-b98e-71f6b579dea4@group-2722138C0FE0, cid=46, SUCCESS, logIndex=10, commits[aeb2043f-b21f-448b-b98e-71f6b579dea4:c12, a8d859d1-6640-4c40-83aa-447d1cb68642:c8, 95b20011-2e58-4a94-a7ae-3b1213f1c518:c8]
2019-09-11 10:33:13,474 [grpc-default-executor-2] INFO  client.GrpcClientProtocolClient (GrpcClientProtocolClient.java:onNext(264)) - client-88C0A8EE5E46->aeb2043f-b21f-448b-b98e-71f6b579dea4: receive RaftClientReply:client-88C0A8EE5E46->aeb2043f-b21f-448b-b98e-71f6b579dea4@group-2722138C0FE0, cid=47, SUCCESS, logIndex=11, commits[aeb2043f-b21f-448b-b98e-71f6b579dea4:c12, a8d859d1-6640-4c40-83aa-447d1cb68642:c8, 95b20011-2e58-4a94-a7ae-3b1213f1c518:c8]
2019-09-11 10:33:13,475 [grpc-default-executor-2] INFO  client.GrpcClientProtocolClient (GrpcClientProtocolClient.java:onNext(264)) - client-88C0A8EE5E46->aeb2043f-b21f-448b-b98e-71f6b579dea4: receive RaftClientReply:client-88C0A8EE5E46->aeb2043f-b21f-448b-b98e-71f6b579dea4@group-2722138C0FE0, cid=48, SUCCESS, logIndex=12, commits[aeb2043f-b21f-448b-b98e-71f6b579dea4:c12, a8d859d1-6640-4c40-83aa-447d1cb68642:c8, 95b20011-2e58-4a94-a7ae-3b1213f1c518:c8]
2019-09-11 10:33:13,501 [grpc-default-executor-2] INFO  client.GrpcClientProtocolClient (GrpcClientProtocolClient.java:onNext(264)) - client-88C0A8EE5E46->aeb2043f-b21f-448b-b98e-71f6b579dea4: receive RaftClientReply:client-88C0A8EE5E46->aeb2043f-b21f-448b-b98e-71f6b579dea4@group-2722138C0FE0, cid=49, SUCCESS, logIndex=0, commits[aeb2043f-b21f-448b-b98e-71f6b579dea4:c13, a8d859d1-6640-4c40-83aa-447d1cb68642:c12, 95b20011-2e58-4a94-a7ae-3b1213f1c518:c12]
2019-09-11 10:33:13,503 [grpc-default-executor-2] INFO  client.GrpcClientProtocolClient (GrpcClientProtocolClient.java:onNext(264)) - client-88C0A8EE5E46->aeb2043f-b21f-448b-b98e-71f6b579dea4: receive RaftClientReply:client-88C0A8EE5E46->aeb2043f-b21f-448b-b98e-71f6b579dea4@group-2722138C0FE0, cid=50, SUCCESS, logIndex=0, commits[aeb2043f-b21f-448b-b98e-71f6b579dea4:c14, a8d859d1-6640-4c40-83aa-447d1cb68642:c12, 95b20011-2e58-4a94-a7ae-3b1213f1c518:c12]
2019-09-11 10:33:16,555 [java.util.concurrent.ThreadPoolExecutor$Worker@6cfe6b9e[State = -1, empty queue]] WARN  server.GrpcLogAppender (GrpcLogAppender.java:timeoutAppendRequest(200)) - aeb2043f-b21f-448b-b98e-71f6b579dea4@group-2722138C0FE0->a8d859d1-6640-4c40-83aa-447d1cb68642-GrpcLogAppender: appendEntries Timeout, request=aeb2043f-b21f-448b-b98e-71f6b579dea4->a8d859d1-6640-4c40-83aa-447d1cb68642#70-t1, previous=(t:1, i:14), leaderCommit=14, initializing? false, entries: size=1, first=(t:1, i:15), STATEMACHINELOGENTRY, client-88C0A8EE5E46, cid=51
2019-09-11 10:33:16,555 [java.util.concurrent.ThreadPoolExecutor$Worker@7d2632d6[State = -1, empty queue]] WARN  server.GrpcLogAppender (GrpcLogAppender.java:timeoutAppendRequest(200)) - aeb2043f-b21f-448b-b98e-71f6b579dea4@group-2722138C0FE0->95b20011-2e58-4a94-a7ae-3b1213f1c518-GrpcLogAppender: appendEntries Timeout, request=aeb2043f-b21f-448b-b98e-71f6b579dea4->95b20011-2e58-4a94-a7ae-3b1213f1c518#70-t1, previous=(t:1, i:14), leaderCommit=14, initializing? false, entries: size=1, first=(t:1, i:15), STATEMACHINELOGENTRY, client-88C0A8EE5E46, cid=51
2019-09-11 10:33:16,556 [java.util.concurrent.ThreadPoolExecutor$Worker@6cfe6b9e[State = -1, empty queue]] WARN  server.GrpcLogAppender (GrpcLogAppender.java:timeoutAppendRequest(200)) - aeb2043f-b21f-448b-b98e-71f6b579dea4@group-2722138C0FE0->a8d859d1-6640-4c40-83aa-447d1cb68642-GrpcLogAppender: appendEntries Timeout, request=aeb2043f-b21f-448b-b98e-71f6b579dea4->a8d859d1-6640-4c40-83aa-447d1cb68642#71-t1, previous=(t:1, i:15), leaderCommit=14, initializing? false, entries: size=1, first=(t:1, i:16), STATEMACHINELOGENTRY, client-88C0A8EE5E46, cid=52
2019-09-11 10:33:16,560 [java.util.concurrent.ThreadPoolExecutor$Worker@7d2632d6[State = -1, empty queue]] WARN  server.GrpcLogAppender (GrpcLogAppender.java:timeoutAppendRequest(200)) - aeb2043f-b21f-448b-b98e-71f6b579dea4@group-2722138C0FE0->95b20011-2e58-4a94-a7ae-3b1213f1c518-GrpcLogAppender: appendEntries Timeout, request=aeb2043f-b21f-448b-b98e-71f6b579dea4->95b20011-2e58-4a94-a7ae-3b1213f1c518#71-t1, previous=(t:1, i:15), leaderCommit=14, initializing? false, entries: size=1, first=(t:1, i:16), STATEMACHINELOGENTRY, client-88C0A8EE5E46, cid=52
2019-09-11 10:33:16,563 [java.util.concurrent.ThreadPoolExecutor$Worker@6cfe6b9e[State = -1, empty queue]] WARN  server.GrpcLogAppender (GrpcLogAppender.java:timeoutAppendRequest(200)) - aeb2043f-b21f-448b-b98e-71f6b579dea4@group-2722138C0FE0->a8d859d1-6640-4c40-83aa-447d1cb68642-GrpcLogAppender: appendEntries Timeout, request=aeb2043f-b21f-448b-b98e-71f6b579dea4->a8d859d1-6640-4c40-83aa-447d1cb68642#72-t1, previous=(t:1, i:16), leaderCommit=14, initializing? false, entries: size=1, first=(t:1, i:17), STATEMACHINELOGENTRY, client-88C0A8EE5E46, cid=53
2019-09-11 10:33:16,567 [java.util.concurrent.ThreadPoolExecutor$Worker@7d2632d6[State = -1, empty queue]] WARN  server.GrpcLogAppender (GrpcLogAppender.java:timeoutAppendRequest(200)) - aeb2043f-b21f-448b-b98e-71f6b579dea4@group-2722138C0FE0->95b20011-2e58-4a94-a7ae-3b1213f1c518-GrpcLogAppender: appendEntries Timeout, request=aeb2043f-b21f-448b-b98e-71f6b579dea4->95b20011-2e58-4a94-a7ae-3b1213f1c518#72-t1, previous=(t:1, i:16), leaderCommit=14, initializing? false, entries: size=1, first=(t:1, i:17), STATEMACHINELOGENTRY, client-88C0A8EE5E46, cid=53
2019-09-11 10:33:16,570 [java.util.concurrent.ThreadPoolExecutor$Worker@6cfe6b9e[State = -1, empty queue]] WARN  server.GrpcLogAppender (GrpcLogAppender.java:timeoutAppendRequest(200)) - aeb2043f-b21f-448b-b98e-71f6b579dea4@group-2722138C0FE0->a8d859d1-6640-4c40-83aa-447d1cb68642-GrpcLogAppender: appendEntries Timeout, request=aeb2043f-b21f-448b-b98e-71f6b579dea4->a8d859d1-6640-4c40-83aa-447d1cb68642#73-t1, previous=(t:1, i:17), leaderCommit=14, initializing? false, entries: size=1, first=(t:1, i:18), STATEMACHINELOGENTRY, client-88C0A8EE5E46, cid=54
2019-09-11 10:33:16,572 [java.util.concurrent.ThreadPoolExecutor$Worker@7d2632d6[State = -1, empty queue]] WARN  server.GrpcLogAppender (GrpcLogAppender.java:timeoutAppendRequest(200)) - aeb2043f-b21f-448b-b98e-71f6b579dea4@group-2722138C0FE0->95b20011-2e58-4a94-a7ae-3b1213f1c518-GrpcLogAppender: appendEntries Timeout, request=aeb2043f-b21f-448b-b98e-71f6b579dea4->95b20011-2e58-4a94-a7ae-3b1213f1c518#73-t1, previous=(t:1, i:17), leaderCommit=14, initializing? false, entries: size=1, first=(t:1, i:18), STATEMACHINELOGENTRY, client-88C0A8EE5E46, cid=54
2019-09-11 10:33:17,060 [java.util.concurrent.ThreadPoolExecutor$Worker@6cfe6b9e[State = -1, empty queue]] WARN  server.GrpcLogAppender (GrpcLogAppender.java:timeoutAppendRequest(200)) - aeb2043f-b21f-448b-b98e-71f6b579dea4@group-2722138C0FE0->a8d859d1-6640-4c40-83aa-447d1cb68642-GrpcLogAppender: appendEntries Timeout, request=aeb2043f-b21f-448b-b98e-71f6b579dea4->a8d859d1-6640-4c40-83aa-447d1cb68642#74-t1, previous=(t:1, i:18), leaderCommit=14, initializing? false, entries: <empty>
2019-09-11 10:33:17,064 [java.util.concurrent.ThreadPoolExecutor$Worker@7d2632d6[State = -1, empty queue]] WARN  server.GrpcLogAppender (GrpcLogAppender.java:timeoutAppendRequest(200)) - aeb2043f-b21f-448b-b98e-71f6b579dea4@group-2722138C0FE0->95b20011-2e58-4a94-a7ae-3b1213f1c518-GrpcLogAppender: appendEntries Timeout, request=aeb2043f-b21f-448b-b98e-71f6b579dea4->95b20011-2e58-4a94-a7ae-3b1213f1c518#74-t1, previous=(t:1, i:18), leaderCommit=14, initializing? false, entries: <empty>
2019-09-11 10:33:17,564 [java.util.concurrent.ThreadPoolExecutor$Worker@7d2632d6[State = -1, empty queue]] WARN  server.GrpcLogAppender (GrpcLogAppender.java:timeoutAppendRequest(200)) - aeb2043f-b21f-448b-b98e-71f6b579dea4@group-2722138C0FE0->95b20011-2e58-4a94-a7ae-3b1213f1c518-GrpcLogAppender: appendEntries Timeout, request=aeb2043f-b21f-448b-b98e-71f6b579dea4->95b20011-2e58-4a94-a7ae-3b1213f1c518#75-t1, previous=(t:1, i:18), leaderCommit=14, initializing? false, entries: <empty>
2019-09-11 10:33:17,564 [java.util.concurrent.ThreadPoolExecutor$Worker@6cfe6b9e[State = -1, empty queue]] WARN  server.GrpcLogAppender (GrpcLogAppender.java:timeoutAppendRequest(200)) - aeb2043f-b21f-448b-b98e-71f6b579dea4@group-2722138C0FE0->a8d859d1-6640-4c40-83aa-447d1cb68642-GrpcLogAppender: appendEntries Timeout, request=aeb2043f-b21f-448b-b98e-71f6b579dea4->a8d859d1-6640-4c40-83aa-447d1cb68642#75-t1, previous=(t:1, i:18), leaderCommit=14, initializing? false, entries: <empty>
2019-09-11 10:33:17,990 [0ef303e2-5bf5-4b6c-9a73-acca672dcd1f@group-8BAF5038FCF7-SegmentedRaftLogWorker] WARN  segmented.SegmentedRaftLogWorker (SegmentedRaftLogWorker.java:getFromFuture(90)) - Timeout 2/~
org.apache.ratis.protocol.TimeoutIOException: Timeout 10s: WriteLog:18: (t:3, i:18), STATEMACHINELOGENTRY, client-93B8AFC33C87, cid=30-writeStateMachineData
	at org.apache.ratis.util.IOUtils.getFromFuture(IOUtils.java:87)
	at org.apache.ratis.server.raftlog.segmented.SegmentedRaftLogWorker$StateMachineDataPolicy.getFromFuture(SegmentedRaftLogWorker.java:87)
	at org.apache.ratis.server.raftlog.segmented.SegmentedRaftLogWorker$WriteLog.execute(SegmentedRaftLogWorker.java:477)
	at org.apache.ratis.server.raftlog.segmented.SegmentedRaftLogWorker.run(SegmentedRaftLogWorker.java:289)
	at java.lang.Thread.run(Thread.java:748)
Caused by: java.util.concurrent.TimeoutException
	at java.util.concurrent.CompletableFuture.timedGet(CompletableFuture.java:1771)
	at java.util.concurrent.CompletableFuture.get(CompletableFuture.java:1915)
	at org.apache.ratis.util.IOUtils.getFromFuture(IOUtils.java:79)
	... 4 more
2019-09-11 10:33:18,011 [36d8287a-f445-472c-84c0-3ac4479cc6b6@group-8BAF5038FCF7-SegmentedRaftLogWorker] WARN  segmented.SegmentedRaftLogWorker (SegmentedRaftLogWorker.java:getFromFuture(90)) - Timeout 2/~
org.apache.ratis.protocol.TimeoutIOException: Timeout 10s: WriteLog:18: (t:3, i:18), STATEMACHINELOGENTRY, client-93B8AFC33C87, cid=30-writeStateMachineData
	at org.apache.ratis.util.IOUtils.getFromFuture(IOUtils.java:87)
	at org.apache.ratis.server.raftlog.segmented.SegmentedRaftLogWorker$StateMachineDataPolicy.getFromFuture(SegmentedRaftLogWorker.java:87)
	at org.apache.ratis.server.raftlog.segmented.SegmentedRaftLogWorker$WriteLog.execute(SegmentedRaftLogWorker.java:477)
	at org.apache.ratis.server.raftlog.segmented.SegmentedRaftLogWorker.run(SegmentedRaftLogWorker.java:289)
	at java.lang.Thread.run(Thread.java:748)
Caused by: java.util.concurrent.TimeoutException
	at java.util.concurrent.CompletableFuture.timedGet(CompletableFuture.java:1771)
	at java.util.concurrent.CompletableFuture.get(CompletableFuture.java:1915)
	at org.apache.ratis.util.IOUtils.getFromFuture(IOUtils.java:79)
	... 4 more
2019-09-11 10:33:18,061 [java.util.concurrent.ThreadPoolExecutor$Worker@6cfe6b9e[State = -1, empty queue]] WARN  server.GrpcLogAppender (GrpcLogAppender.java:timeoutAppendRequest(200)) - aeb2043f-b21f-448b-b98e-71f6b579dea4@group-2722138C0FE0->a8d859d1-6640-4c40-83aa-447d1cb68642-GrpcLogAppender: appendEntries Timeout, request=aeb2043f-b21f-448b-b98e-71f6b579dea4->a8d859d1-6640-4c40-83aa-447d1cb68642#76-t1, previous=(t:1, i:18), leaderCommit=14, initializing? false, entries: <empty>
2019-09-11 10:33:18,061 [java.util.concurrent.ThreadPoolExecutor$Worker@7d2632d6[State = -1, empty queue]] WARN  server.GrpcLogAppender (GrpcLogAppender.java:timeoutAppendRequest(200)) - aeb2043f-b21f-448b-b98e-71f6b579dea4@group-2722138C0FE0->95b20011-2e58-4a94-a7ae-3b1213f1c518-GrpcLogAppender: appendEntries Timeout, request=aeb2043f-b21f-448b-b98e-71f6b579dea4->95b20011-2e58-4a94-a7ae-3b1213f1c518#76-t1, previous=(t:1, i:18), leaderCommit=14, initializing? false, entries: <empty>
2019-09-11 10:33:18,561 [java.util.concurrent.ThreadPoolExecutor$Worker@6cfe6b9e[State = -1, empty queue]] WARN  server.GrpcLogAppender (GrpcLogAppender.java:timeoutAppendRequest(200)) - aeb2043f-b21f-448b-b98e-71f6b579dea4@group-2722138C0FE0->a8d859d1-6640-4c40-83aa-447d1cb68642-GrpcLogAppender: appendEntries Timeout, request=aeb2043f-b21f-448b-b98e-71f6b579dea4->a8d859d1-6640-4c40-83aa-447d1cb68642#77-t1, previous=(t:1, i:18), leaderCommit=14, initializing? false, entries: <empty>
2019-09-11 10:33:18,562 [java.util.concurrent.ThreadPoolExecutor$Worker@7d2632d6[State = -1, empty queue]] WARN  server.GrpcLogAppender (GrpcLogAppender.java:timeoutAppendRequest(200)) - aeb2043f-b21f-448b-b98e-71f6b579dea4@group-2722138C0FE0->95b20011-2e58-4a94-a7ae-3b1213f1c518-GrpcLogAppender: appendEntries Timeout, request=aeb2043f-b21f-448b-b98e-71f6b579dea4->95b20011-2e58-4a94-a7ae-3b1213f1c518#77-t1, previous=(t:1, i:18), leaderCommit=14, initializing? false, entries: <empty>
2019-09-11 10:33:18,580 [grpc-default-executor-1] INFO  client.GrpcClientProtocolClient (GrpcClientProtocolClient.java:onNext(264)) - client-88C0A8EE5E46->95b20011-2e58-4a94-a7ae-3b1213f1c518: receive RaftClientReply:client-88C0A8EE5E46->95b20011-2e58-4a94-a7ae-3b1213f1c518@group-2722138C0FE0, cid=51, FAILED org.apache.ratis.protocol.NotLeaderException: Server 95b20011-2e58-4a94-a7ae-3b1213f1c518@group-2722138C0FE0 is not the leader aeb2043f-b21f-448b-b98e-71f6b579dea4:192.168.69.96:42052, logIndex=0, commits[95b20011-2e58-4a94-a7ae-3b1213f1c518:c14, a8d859d1-6640-4c40-83aa-447d1cb68642:c12, aeb2043f-b21f-448b-b98e-71f6b579dea4:c14]
2019-09-11 10:33:19,062 [java.util.concurrent.ThreadPoolExecutor$Worker@6cfe6b9e[State = -1, empty queue]] WARN  server.GrpcLogAppender (GrpcLogAppender.java:timeoutAppendRequest(200)) - aeb2043f-b21f-448b-b98e-71f6b579dea4@group-2722138C0FE0->a8d859d1-6640-4c40-83aa-447d1cb68642-GrpcLogAppender: appendEntries Timeout, request=aeb2043f-b21f-448b-b98e-71f6b579dea4->a8d859d1-6640-4c40-83aa-447d1cb68642#78-t1, previous=(t:1, i:18), leaderCommit=14, initializing? false, entries: <empty>
2019-09-11 10:33:19,062 [java.util.concurrent.ThreadPoolExecutor$Worker@7d2632d6[State = -1, empty queue]] WARN  server.GrpcLogAppender (GrpcLogAppender.java:timeoutAppendRequest(200)) - aeb2043f-b21f-448b-b98e-71f6b579dea4@group-2722138C0FE0->95b20011-2e58-4a94-a7ae-3b1213f1c518-GrpcLogAppender: appendEntries Timeout, request=aeb2043f-b21f-448b-b98e-71f6b579dea4->95b20011-2e58-4a94-a7ae-3b1213f1c518#78-t1, previous=(t:1, i:18), leaderCommit=14, initializing? false, entries: <empty>
2019-09-11 10:33:19,567 [java.util.concurrent.ThreadPoolExecutor$Worker@6cfe6b9e[State = -1, empty queue]] WARN  server.GrpcLogAppender (GrpcLogAppender.java:timeoutAppendRequest(200)) - aeb2043f-b21f-448b-b98e-71f6b579dea4@group-2722138C0FE0->a8d859d1-6640-4c40-83aa-447d1cb68642-GrpcLogAppender: appendEntries Timeout, request=aeb2043f-b21f-448b-b98e-71f6b579dea4->a8d859d1-6640-4c40-83aa-447d1cb68642#79-t1, previous=(t:1, i:18), leaderCommit=14, initializing? false, entries: <empty>
2019-09-11 10:33:19,567 [java.util.concurrent.ThreadPoolExecutor$Worker@7d2632d6[State = -1, empty queue]] WARN  server.GrpcLogAppender (GrpcLogAppender.java:timeoutAppendRequest(200)) - aeb2043f-b21f-448b-b98e-71f6b579dea4@group-2722138C0FE0->95b20011-2e58-4a94-a7ae-3b1213f1c518-GrpcLogAppender: appendEntries Timeout, request=aeb2043f-b21f-448b-b98e-71f6b579dea4->95b20011-2e58-4a94-a7ae-3b1213f1c518#79-t1, previous=(t:1, i:18), leaderCommit=14, initializing? false, entries: <empty>
2019-09-11 10:33:20,068 [java.util.concurrent.ThreadPoolExecutor$Worker@6cfe6b9e[State = -1, empty queue]] WARN  server.GrpcLogAppender (GrpcLogAppender.java:timeoutAppendRequest(200)) - aeb2043f-b21f-448b-b98e-71f6b579dea4@group-2722138C0FE0->a8d859d1-6640-4c40-83aa-447d1cb68642-GrpcLogAppender: appendEntries Timeout, request=aeb2043f-b21f-448b-b98e-71f6b579dea4->a8d859d1-6640-4c40-83aa-447d1cb68642#80-t1, previous=(t:1, i:18), leaderCommit=14, initializing? false, entries: <empty>
2019-09-11 10:33:20,068 [java.util.concurrent.ThreadPoolExecutor$Worker@7d2632d6[State = -1, empty queue]] WARN  server.GrpcLogAppender (GrpcLogAppender.java:timeoutAppendRequest(200)) - aeb2043f-b21f-448b-b98e-71f6b579dea4@group-2722138C0FE0->95b20011-2e58-4a94-a7ae-3b1213f1c518-GrpcLogAppender: appendEntries Timeout, request=aeb2043f-b21f-448b-b98e-71f6b579dea4->95b20011-2e58-4a94-a7ae-3b1213f1c518#80-t1, previous=(t:1, i:18), leaderCommit=14, initializing? false, entries: <empty>
2019-09-11 10:33:20,568 [java.util.concurrent.ThreadPoolExecutor$Worker@7d2632d6[State = -1, empty queue]] WARN  server.GrpcLogAppender (GrpcLogAppender.java:timeoutAppendRequest(200)) - aeb2043f-b21f-448b-b98e-71f6b579dea4@group-2722138C0FE0->95b20011-2e58-4a94-a7ae-3b1213f1c518-GrpcLogAppender: appendEntries Timeout, request=aeb2043f-b21f-448b-b98e-71f6b579dea4->95b20011-2e58-4a94-a7ae-3b1213f1c518#81-t1, previous=(t:1, i:18), leaderCommit=14, initializing? false, entries: <empty>
2019-09-11 10:33:20,568 [java.util.concurrent.ThreadPoolExecutor$Worker@6cfe6b9e[State = -1, empty queue]] WARN  server.GrpcLogAppender (GrpcLogAppender.java:timeoutAppendRequest(200)) - aeb2043f-b21f-448b-b98e-71f6b579dea4@group-2722138C0FE0->a8d859d1-6640-4c40-83aa-447d1cb68642-GrpcLogAppender: appendEntries Timeout, request=aeb2043f-b21f-448b-b98e-71f6b579dea4->a8d859d1-6640-4c40-83aa-447d1cb68642#81-t1, previous=(t:1, i:18), leaderCommit=14, initializing? false, entries: <empty>
2019-09-11 10:33:21,072 [java.util.concurrent.ThreadPoolExecutor$Worker@7d2632d6[State = -1, empty queue]] WARN  server.GrpcLogAppender (GrpcLogAppender.java:timeoutAppendRequest(200)) - aeb2043f-b21f-448b-b98e-71f6b579dea4@group-2722138C0FE0->95b20011-2e58-4a94-a7ae-3b1213f1c518-GrpcLogAppender: appendEntries Timeout, request=aeb2043f-b21f-448b-b98e-71f6b579dea4->95b20011-2e58-4a94-a7ae-3b1213f1c518#82-t1, previous=(t:1, i:18), leaderCommit=14, initializing? false, entries: <empty>
2019-09-11 10:33:21,072 [java.util.concurrent.ThreadPoolExecutor$Worker@6cfe6b9e[State = -1, empty queue]] WARN  server.GrpcLogAppender (GrpcLogAppender.java:timeoutAppendRequest(200)) - aeb2043f-b21f-448b-b98e-71f6b579dea4@group-2722138C0FE0->a8d859d1-6640-4c40-83aa-447d1cb68642-GrpcLogAppender: appendEntries Timeout, request=aeb2043f-b21f-448b-b98e-71f6b579dea4->a8d859d1-6640-4c40-83aa-447d1cb68642#82-t1, previous=(t:1, i:18), leaderCommit=14, initializing? false, entries: <empty>
2019-09-11 10:33:21,569 [java.util.concurrent.ThreadPoolExecutor$Worker@6cfe6b9e[State = -1, empty queue]] WARN  server.GrpcLogAppender (GrpcLogAppender.java:timeoutAppendRequest(200)) - aeb2043f-b21f-448b-b98e-71f6b579dea4@group-2722138C0FE0->a8d859d1-6640-4c40-83aa-447d1cb68642-GrpcLogAppender: appendEntries Timeout, request=aeb2043f-b21f-448b-b98e-71f6b579dea4->a8d859d1-6640-4c40-83aa-447d1cb68642#83-t1, previous=(t:1, i:18), leaderCommit=14, initializing? false, entries: <empty>
2019-09-11 10:33:21,569 [java.util.concurrent.ThreadPoolExecutor$Worker@7d2632d6[State = -1, empty queue]] WARN  server.GrpcLogAppender (GrpcLogAppender.java:timeoutAppendRequest(200)) - aeb2043f-b21f-448b-b98e-71f6b579dea4@group-2722138C0FE0->95b20011-2e58-4a94-a7ae-3b1213f1c518-GrpcLogAppender: appendEntries Timeout, request=aeb2043f-b21f-448b-b98e-71f6b579dea4->95b20011-2e58-4a94-a7ae-3b1213f1c518#83-t1, previous=(t:1, i:18), leaderCommit=14, initializing? false, entries: <empty>
2019-09-11 10:33:22,069 [java.util.concurrent.ThreadPoolExecutor$Worker@6cfe6b9e[State = -1, empty queue]] WARN  server.GrpcLogAppender (GrpcLogAppender.java:timeoutAppendRequest(200)) - aeb2043f-b21f-448b-b98e-71f6b579dea4@group-2722138C0FE0->a8d859d1-6640-4c40-83aa-447d1cb68642-GrpcLogAppender: appendEntries Timeout, request=aeb2043f-b21f-448b-b98e-71f6b579dea4->a8d859d1-6640-4c40-83aa-447d1cb68642#84-t1, previous=(t:1, i:18), leaderCommit=14, initializing? false, entries: <empty>
2019-09-11 10:33:22,069 [java.util.concurrent.ThreadPoolExecutor$Worker@7d2632d6[State = -1, empty queue]] WARN  server.GrpcLogAppender (GrpcLogAppender.java:timeoutAppendRequest(200)) - aeb2043f-b21f-448b-b98e-71f6b579dea4@group-2722138C0FE0->95b20011-2e58-4a94-a7ae-3b1213f1c518-GrpcLogAppender: appendEntries Timeout, request=aeb2043f-b21f-448b-b98e-71f6b579dea4->95b20011-2e58-4a94-a7ae-3b1213f1c518#84-t1, previous=(t:1, i:18), leaderCommit=14, initializing? false, entries: <empty>
2019-09-11 10:33:22,569 [java.util.concurrent.ThreadPoolExecutor$Worker@6cfe6b9e[State = -1, empty queue]] WARN  server.GrpcLogAppender (GrpcLogAppender.java:timeoutAppendRequest(200)) - aeb2043f-b21f-448b-b98e-71f6b579dea4@group-2722138C0FE0->a8d859d1-6640-4c40-83aa-447d1cb68642-GrpcLogAppender: appendEntries Timeout, request=aeb2043f-b21f-448b-b98e-71f6b579dea4->a8d859d1-6640-4c40-83aa-447d1cb68642#85-t1, previous=(t:1, i:18), leaderCommit=14, initializing? false, entries: <empty>
2019-09-11 10:33:22,570 [java.util.concurrent.ThreadPoolExecutor$Worker@7d2632d6[State = -1, empty queue]] WARN  server.GrpcLogAppender (GrpcLogAppender.java:timeoutAppendRequest(200)) - aeb2043f-b21f-448b-b98e-71f6b579dea4@group-2722138C0FE0->95b20011-2e58-4a94-a7ae-3b1213f1c518-GrpcLogAppender: appendEntries Timeout, request=aeb2043f-b21f-448b-b98e-71f6b579dea4->95b20011-2e58-4a94-a7ae-3b1213f1c518#85-t1, previous=(t:1, i:18), leaderCommit=14, initializing? false, entries: <empty>
2019-09-11 10:33:23,070 [java.util.concurrent.ThreadPoolExecutor$Worker@6cfe6b9e[State = -1, empty queue]] WARN  server.GrpcLogAppender (GrpcLogAppender.java:timeoutAppendRequest(200)) - aeb2043f-b21f-448b-b98e-71f6b579dea4@group-2722138C0FE0->a8d859d1-6640-4c40-83aa-447d1cb68642-GrpcLogAppender: appendEntries Timeout, request=aeb2043f-b21f-448b-b98e-71f6b579dea4->a8d859d1-6640-4c40-83aa-447d1cb68642#86-t1, previous=(t:1, i:18), leaderCommit=14, initializing? false, entries: <empty>
2019-09-11 10:33:23,070 [java.util.concurrent.ThreadPoolExecutor$Worker@7d2632d6[State = -1, empty queue]] WARN  server.GrpcLogAppender (GrpcLogAppender.java:timeoutAppendRequest(200)) - aeb2043f-b21f-448b-b98e-71f6b579dea4@group-2722138C0FE0->95b20011-2e58-4a94-a7ae-3b1213f1c518-GrpcLogAppender: appendEntries Timeout, request=aeb2043f-b21f-448b-b98e-71f6b579dea4->95b20011-2e58-4a94-a7ae-3b1213f1c518#86-t1, previous=(t:1, i:18), leaderCommit=14, initializing? false, entries: <empty>
2019-09-11 10:33:23,555 [aeb2043f-b21f-448b-b98e-71f6b579dea4@group-2722138C0FE0-SegmentedRaftLogWorker] WARN  segmented.SegmentedRaftLogWorker (SegmentedRaftLogWorker.java:getFromFuture(90)) - Timeout 0/~
org.apache.ratis.protocol.TimeoutIOException: Timeout 10s: WriteLog:15: (t:1, i:15), STATEMACHINELOGENTRY, client-88C0A8EE5E46, cid=51-writeStateMachineData
	at org.apache.ratis.util.IOUtils.getFromFuture(IOUtils.java:87)
	at org.apache.ratis.server.raftlog.segmented.SegmentedRaftLogWorker$StateMachineDataPolicy.getFromFuture(SegmentedRaftLogWorker.java:87)
	at org.apache.ratis.server.raftlog.segmented.SegmentedRaftLogWorker$WriteLog.execute(SegmentedRaftLogWorker.java:477)
	at org.apache.ratis.server.raftlog.segmented.SegmentedRaftLogWorker.run(SegmentedRaftLogWorker.java:289)
	at java.lang.Thread.run(Thread.java:748)
Caused by: java.util.concurrent.TimeoutException
	at java.util.concurrent.CompletableFuture.timedGet(CompletableFuture.java:1771)
	at java.util.concurrent.CompletableFuture.get(CompletableFuture.java:1915)
	at org.apache.ratis.util.IOUtils.getFromFuture(IOUtils.java:79)
	... 4 more
2019-09-11 10:33:23,560 [95b20011-2e58-4a94-a7ae-3b1213f1c518@group-2722138C0FE0-SegmentedRaftLogWorker] WARN  segmented.SegmentedRaftLogWorker (SegmentedRaftLogWorker.java:getFromFuture(90)) - Timeout 0/~
org.apache.ratis.protocol.TimeoutIOException: Timeout 10s: WriteLog:15: (t:1, i:15), STATEMACHINELOGENTRY, client-88C0A8EE5E46, cid=51-writeStateMachineData
	at org.apache.ratis.util.IOUtils.getFromFuture(IOUtils.java:87)
	at org.apache.ratis.server.raftlog.segmented.SegmentedRaftLogWorker$StateMachineDataPolicy.getFromFuture(SegmentedRaftLogWorker.java:87)
	at org.apache.ratis.server.raftlog.segmented.SegmentedRaftLogWorker$WriteLog.execute(SegmentedRaftLogWorker.java:477)
	at org.apache.ratis.server.raftlog.segmented.SegmentedRaftLogWorker.run(SegmentedRaftLogWorker.java:289)
	at java.lang.Thread.run(Thread.java:748)
Caused by: java.util.concurrent.TimeoutException
	at java.util.concurrent.CompletableFuture.timedGet(CompletableFuture.java:1771)
	at java.util.concurrent.CompletableFuture.get(CompletableFuture.java:1915)
	at org.apache.ratis.util.IOUtils.getFromFuture(IOUtils.java:79)
	... 4 more
2019-09-11 10:33:23,570 [java.util.concurrent.ThreadPoolExecutor$Worker@6cfe6b9e[State = -1, empty queue]] WARN  server.GrpcLogAppender (GrpcLogAppender.java:timeoutAppendRequest(200)) - aeb2043f-b21f-448b-b98e-71f6b579dea4@group-2722138C0FE0->a8d859d1-6640-4c40-83aa-447d1cb68642-GrpcLogAppender: appendEntries Timeout, request=aeb2043f-b21f-448b-b98e-71f6b579dea4->a8d859d1-6640-4c40-83aa-447d1cb68642#87-t1, previous=(t:1, i:18), leaderCommit=14, initializing? false, entries: <empty>
2019-09-11 10:33:23,570 [java.util.concurrent.ThreadPoolExecutor$Worker@7d2632d6[State = -1, empty queue]] WARN  server.GrpcLogAppender (GrpcLogAppender.java:timeoutAppendRequest(200)) - aeb2043f-b21f-448b-b98e-71f6b579dea4@group-2722138C0FE0->95b20011-2e58-4a94-a7ae-3b1213f1c518-GrpcLogAppender: appendEntries Timeout, request=aeb2043f-b21f-448b-b98e-71f6b579dea4->95b20011-2e58-4a94-a7ae-3b1213f1c518#87-t1, previous=(t:1, i:18), leaderCommit=14, initializing? false, entries: <empty>
2019-09-11 10:33:23,629 [grpc-default-executor-2] INFO  client.GrpcClientProtocolClient (GrpcClientProtocolClient.java:onNext(264)) - client-88C0A8EE5E46->95b20011-2e58-4a94-a7ae-3b1213f1c518: receive RaftClientReply:client-88C0A8EE5E46->95b20011-2e58-4a94-a7ae-3b1213f1c518@group-2722138C0FE0, cid=51, FAILED org.apache.ratis.protocol.NotLeaderException: Server 95b20011-2e58-4a94-a7ae-3b1213f1c518@group-2722138C0FE0 is not the leader aeb2043f-b21f-448b-b98e-71f6b579dea4:192.168.69.96:42052, logIndex=0, commits[95b20011-2e58-4a94-a7ae-3b1213f1c518:c14, a8d859d1-6640-4c40-83aa-447d1cb68642:c12, aeb2043f-b21f-448b-b98e-71f6b579dea4:c14]
2019-09-11 10:33:23,803 [a8d859d1-6640-4c40-83aa-447d1cb68642@group-2722138C0FE0-SegmentedRaftLogWorker] WARN  segmented.SegmentedRaftLogWorker (SegmentedRaftLogWorker.java:getFromFuture(90)) - Timeout 0/~
org.apache.ratis.protocol.TimeoutIOException: Timeout 10s: WriteLog:17: (t:1, i:17), STATEMACHINELOGENTRY, client-88C0A8EE5E46, cid=53-writeStateMachineData
	at org.apache.ratis.util.IOUtils.getFromFuture(IOUtils.java:87)
	at org.apache.ratis.server.raftlog.segmented.SegmentedRaftLogWorker$StateMachineDataPolicy.getFromFuture(SegmentedRaftLogWorker.java:87)
	at org.apache.ratis.server.raftlog.segmented.SegmentedRaftLogWorker$WriteLog.execute(SegmentedRaftLogWorker.java:477)
	at org.apache.ratis.server.raftlog.segmented.SegmentedRaftLogWorker.run(SegmentedRaftLogWorker.java:289)
	at java.lang.Thread.run(Thread.java:748)
Caused by: java.util.concurrent.TimeoutException
	at java.util.concurrent.CompletableFuture.timedGet(CompletableFuture.java:1771)
	at java.util.concurrent.CompletableFuture.get(CompletableFuture.java:1915)
	at org.apache.ratis.util.IOUtils.getFromFuture(IOUtils.java:79)
	... 4 more
2019-09-11 10:33:24,072 [java.util.concurrent.ThreadPoolExecutor$Worker@6cfe6b9e[State = -1, empty queue]] WARN  server.GrpcLogAppender (GrpcLogAppender.java:timeoutAppendRequest(200)) - aeb2043f-b21f-448b-b98e-71f6b579dea4@group-2722138C0FE0->a8d859d1-6640-4c40-83aa-447d1cb68642-GrpcLogAppender: appendEntries Timeout, request=aeb2043f-b21f-448b-b98e-71f6b579dea4->a8d859d1-6640-4c40-83aa-447d1cb68642#88-t1, previous=(t:1, i:18), leaderCommit=14, initializing? false, entries: <empty>
2019-09-11 10:33:24,072 [java.util.concurrent.ThreadPoolExecutor$Worker@7d2632d6[State = -1, empty queue]] WARN  server.GrpcLogAppender (GrpcLogAppender.java:timeoutAppendRequest(200)) - aeb2043f-b21f-448b-b98e-71f6b579dea4@group-2722138C0FE0->95b20011-2e58-4a94-a7ae-3b1213f1c518-GrpcLogAppender: appendEntries Timeout, request=aeb2043f-b21f-448b-b98e-71f6b579dea4->95b20011-2e58-4a94-a7ae-3b1213f1c518#88-t1, previous=(t:1, i:18), leaderCommit=14, initializing? false, entries: <empty>
2019-09-11 10:33:24,572 [java.util.concurrent.ThreadPoolExecutor$Worker@7d2632d6[State = -1, empty queue]] WARN  server.GrpcLogAppender (GrpcLogAppender.java:timeoutAppendRequest(200)) - aeb2043f-b21f-448b-b98e-71f6b579dea4@group-2722138C0FE0->95b20011-2e58-4a94-a7ae-3b1213f1c518-GrpcLogAppender: appendEntries Timeout, request=aeb2043f-b21f-448b-b98e-71f6b579dea4->95b20011-2e58-4a94-a7ae-3b1213f1c518#89-t1, previous=(t:1, i:18), leaderCommit=14, initializing? false, entries: <empty>
2019-09-11 10:33:24,572 [java.util.concurrent.ThreadPoolExecutor$Worker@6cfe6b9e[State = -1, empty queue]] WARN  server.GrpcLogAppender (GrpcLogAppender.java:timeoutAppendRequest(200)) - aeb2043f-b21f-448b-b98e-71f6b579dea4@group-2722138C0FE0->a8d859d1-6640-4c40-83aa-447d1cb68642-GrpcLogAppender: appendEntries Timeout, request=aeb2043f-b21f-448b-b98e-71f6b579dea4->a8d859d1-6640-4c40-83aa-447d1cb68642#89-t1, previous=(t:1, i:18), leaderCommit=14, initializing? false, entries: <empty>
2019-09-11 10:33:25,072 [java.util.concurrent.ThreadPoolExecutor$Worker@7d2632d6[State = -1, empty queue]] WARN  server.GrpcLogAppender (GrpcLogAppender.java:timeoutAppendRequest(200)) - aeb2043f-b21f-448b-b98e-71f6b579dea4@group-2722138C0FE0->95b20011-2e58-4a94-a7ae-3b1213f1c518-GrpcLogAppender: appendEntries Timeout, request=aeb2043f-b21f-448b-b98e-71f6b579dea4->95b20011-2e58-4a94-a7ae-3b1213f1c518#90-t1, previous=(t:1, i:18), leaderCommit=14, initializing? false, entries: <empty>
2019-09-11 10:33:25,072 [java.util.concurrent.ThreadPoolExecutor$Worker@6cfe6b9e[State = -1, empty queue]] WARN  server.GrpcLogAppender (GrpcLogAppender.java:timeoutAppendRequest(200)) - aeb2043f-b21f-448b-b98e-71f6b579dea4@group-2722138C0FE0->a8d859d1-6640-4c40-83aa-447d1cb68642-GrpcLogAppender: appendEntries Timeout, request=aeb2043f-b21f-448b-b98e-71f6b579dea4->a8d859d1-6640-4c40-83aa-447d1cb68642#90-t1, previous=(t:1, i:18), leaderCommit=14, initializing? false, entries: <empty>
2019-09-11 10:33:25,573 [java.util.concurrent.ThreadPoolExecutor$Worker@6cfe6b9e[State = -1, empty queue]] WARN  server.GrpcLogAppender (GrpcLogAppender.java:timeoutAppendRequest(200)) - aeb2043f-b21f-448b-b98e-71f6b579dea4@group-2722138C0FE0->a8d859d1-6640-4c40-83aa-447d1cb68642-GrpcLogAppender: appendEntries Timeout, request=aeb2043f-b21f-448b-b98e-71f6b579dea4->a8d859d1-6640-4c40-83aa-447d1cb68642#91-t1, previous=(t:1, i:18), leaderCommit=14, initializing? false, entries: <empty>
2019-09-11 10:33:25,573 [java.util.concurrent.ThreadPoolExecutor$Worker@7d2632d6[State = -1, empty queue]] WARN  server.GrpcLogAppender (GrpcLogAppender.java:timeoutAppendRequest(200)) - aeb2043f-b21f-448b-b98e-71f6b579dea4@group-2722138C0FE0->95b20011-2e58-4a94-a7ae-3b1213f1c518-GrpcLogAppender: appendEntries Timeout, request=aeb2043f-b21f-448b-b98e-71f6b579dea4->95b20011-2e58-4a94-a7ae-3b1213f1c518#91-t1, previous=(t:1, i:18), leaderCommit=14, initializing? false, entries: <empty>
2019-09-11 10:33:26,073 [java.util.concurrent.ThreadPoolExecutor$Worker@6cfe6b9e[State = -1, empty queue]] WARN  server.GrpcLogAppender (GrpcLogAppender.java:timeoutAppendRequest(200)) - aeb2043f-b21f-448b-b98e-71f6b579dea4@group-2722138C0FE0->a8d859d1-6640-4c40-83aa-447d1cb68642-GrpcLogAppender: appendEntries Timeout, request=aeb2043f-b21f-448b-b98e-71f6b579dea4->a8d859d1-6640-4c40-83aa-447d1cb68642#92-t1, previous=(t:1, i:18), leaderCommit=14, initializing? false, entries: <empty>
2019-09-11 10:33:26,073 [java.util.concurrent.ThreadPoolExecutor$Worker@7d2632d6[State = -1, empty queue]] WARN  server.GrpcLogAppender (GrpcLogAppender.java:timeoutAppendRequest(200)) - aeb2043f-b21f-448b-b98e-71f6b579dea4@group-2722138C0FE0->95b20011-2e58-4a94-a7ae-3b1213f1c518-GrpcLogAppender: appendEntries Timeout, request=aeb2043f-b21f-448b-b98e-71f6b579dea4->95b20011-2e58-4a94-a7ae-3b1213f1c518#92-t1, previous=(t:1, i:18), leaderCommit=14, initializing? false, entries: <empty>
2019-09-11 10:33:26,573 [java.util.concurrent.ThreadPoolExecutor$Worker@6cfe6b9e[State = -1, empty queue]] WARN  server.GrpcLogAppender (GrpcLogAppender.java:timeoutAppendRequest(200)) - aeb2043f-b21f-448b-b98e-71f6b579dea4@group-2722138C0FE0->a8d859d1-6640-4c40-83aa-447d1cb68642-GrpcLogAppender: appendEntries Timeout, request=aeb2043f-b21f-448b-b98e-71f6b579dea4->a8d859d1-6640-4c40-83aa-447d1cb68642#93-t1, previous=(t:1, i:18), leaderCommit=14, initializing? false, entries: <empty>
2019-09-11 10:33:26,574 [java.util.concurrent.ThreadPoolExecutor$Worker@7d2632d6[State = -1, empty queue]] WARN  server.GrpcLogAppender (GrpcLogAppender.java:timeoutAppendRequest(200)) - aeb2043f-b21f-448b-b98e-71f6b579dea4@group-2722138C0FE0->95b20011-2e58-4a94-a7ae-3b1213f1c518-GrpcLogAppender: appendEntries Timeout, request=aeb2043f-b21f-448b-b98e-71f6b579dea4->95b20011-2e58-4a94-a7ae-3b1213f1c518#93-t1, previous=(t:1, i:18), leaderCommit=14, initializing? false, entries: <empty>
2019-09-11 10:33:27,074 [java.util.concurrent.ThreadPoolExecutor$Worker@6cfe6b9e[State = -1, empty queue]] WARN  server.GrpcLogAppender (GrpcLogAppender.java:timeoutAppendRequest(200)) - aeb2043f-b21f-448b-b98e-71f6b579dea4@group-2722138C0FE0->a8d859d1-6640-4c40-83aa-447d1cb68642-GrpcLogAppender: appendEntries Timeout, request=aeb2043f-b21f-448b-b98e-71f6b579dea4->a8d859d1-6640-4c40-83aa-447d1cb68642#94-t1, previous=(t:1, i:18), leaderCommit=14, initializing? false, entries: <empty>
2019-09-11 10:33:27,074 [java.util.concurrent.ThreadPoolExecutor$Worker@7d2632d6[State = -1, empty queue]] WARN  server.GrpcLogAppender (GrpcLogAppender.java:timeoutAppendRequest(200)) - aeb2043f-b21f-448b-b98e-71f6b579dea4@group-2722138C0FE0->95b20011-2e58-4a94-a7ae-3b1213f1c518-GrpcLogAppender: appendEntries Timeout, request=aeb2043f-b21f-448b-b98e-71f6b579dea4->95b20011-2e58-4a94-a7ae-3b1213f1c518#94-t1, previous=(t:1, i:18), leaderCommit=14, initializing? false, entries: <empty>
2019-09-11 10:33:27,574 [java.util.concurrent.ThreadPoolExecutor$Worker@6cfe6b9e[State = -1, empty queue]] WARN  server.GrpcLogAppender (GrpcLogAppender.java:timeoutAppendRequest(200)) - aeb2043f-b21f-448b-b98e-71f6b579dea4@group-2722138C0FE0->a8d859d1-6640-4c40-83aa-447d1cb68642-GrpcLogAppender: appendEntries Timeout, request=aeb2043f-b21f-448b-b98e-71f6b579dea4->a8d859d1-6640-4c40-83aa-447d1cb68642#95-t1, previous=(t:1, i:18), leaderCommit=14, initializing? false, entries: <empty>
2019-09-11 10:33:27,574 [java.util.concurrent.ThreadPoolExecutor$Worker@7d2632d6[State = -1, empty queue]] WARN  server.GrpcLogAppender (GrpcLogAppender.java:timeoutAppendRequest(200)) - aeb2043f-b21f-448b-b98e-71f6b579dea4@group-2722138C0FE0->95b20011-2e58-4a94-a7ae-3b1213f1c518-GrpcLogAppender: appendEntries Timeout, request=aeb2043f-b21f-448b-b98e-71f6b579dea4->95b20011-2e58-4a94-a7ae-3b1213f1c518#95-t1, previous=(t:1, i:18), leaderCommit=14, initializing? false, entries: <empty>
2019-09-11 10:33:27,991 [0ef303e2-5bf5-4b6c-9a73-acca672dcd1f@group-8BAF5038FCF7-SegmentedRaftLogWorker] WARN  segmented.SegmentedRaftLogWorker (SegmentedRaftLogWorker.java:getFromFuture(90)) - Timeout 3/~
org.apache.ratis.protocol.TimeoutIOException: Timeout 10s: WriteLog:18: (t:3, i:18), STATEMACHINELOGENTRY, client-93B8AFC33C87, cid=30-writeStateMachineData
	at org.apache.ratis.util.IOUtils.getFromFuture(IOUtils.java:87)
	at org.apache.ratis.server.raftlog.segmented.SegmentedRaftLogWorker$StateMachineDataPolicy.getFromFuture(SegmentedRaftLogWorker.java:87)
	at org.apache.ratis.server.raftlog.segmented.SegmentedRaftLogWorker$WriteLog.execute(SegmentedRaftLogWorker.java:477)
	at org.apache.ratis.server.raftlog.segmented.SegmentedRaftLogWorker.run(SegmentedRaftLogWorker.java:289)
	at java.lang.Thread.run(Thread.java:748)
Caused by: java.util.concurrent.TimeoutException
	at java.util.concurrent.CompletableFuture.timedGet(CompletableFuture.java:1771)
	at java.util.concurrent.CompletableFuture.get(CompletableFuture.java:1915)
	at org.apache.ratis.util.IOUtils.getFromFuture(IOUtils.java:79)
	... 4 more
2019-09-11 10:33:28,011 [36d8287a-f445-472c-84c0-3ac4479cc6b6@group-8BAF5038FCF7-SegmentedRaftLogWorker] WARN  segmented.SegmentedRaftLogWorker (SegmentedRaftLogWorker.java:getFromFuture(90)) - Timeout 3/~
org.apache.ratis.protocol.TimeoutIOException: Timeout 10s: WriteLog:18: (t:3, i:18), STATEMACHINELOGENTRY, client-93B8AFC33C87, cid=30-writeStateMachineData
	at org.apache.ratis.util.IOUtils.getFromFuture(IOUtils.java:87)
	at org.apache.ratis.server.raftlog.segmented.SegmentedRaftLogWorker$StateMachineDataPolicy.getFromFuture(SegmentedRaftLogWorker.java:87)
	at org.apache.ratis.server.raftlog.segmented.SegmentedRaftLogWorker$WriteLog.execute(SegmentedRaftLogWorker.java:477)
	at org.apache.ratis.server.raftlog.segmented.SegmentedRaftLogWorker.run(SegmentedRaftLogWorker.java:289)
	at java.lang.Thread.run(Thread.java:748)
Caused by: java.util.concurrent.TimeoutException
	at java.util.concurrent.CompletableFuture.timedGet(CompletableFuture.java:1771)
	at java.util.concurrent.CompletableFuture.get(CompletableFuture.java:1915)
	at org.apache.ratis.util.IOUtils.getFromFuture(IOUtils.java:79)
	... 4 more
2019-09-11 10:33:28,080 [java.util.concurrent.ThreadPoolExecutor$Worker@7d2632d6[State = -1, empty queue]] WARN  server.GrpcLogAppender (GrpcLogAppender.java:timeoutAppendRequest(200)) - aeb2043f-b21f-448b-b98e-71f6b579dea4@group-2722138C0FE0->95b20011-2e58-4a94-a7ae-3b1213f1c518-GrpcLogAppender: appendEntries Timeout, request=aeb2043f-b21f-448b-b98e-71f6b579dea4->95b20011-2e58-4a94-a7ae-3b1213f1c518#96-t1, previous=(t:1, i:18), leaderCommit=14, initializing? false, entries: <empty>
2019-09-11 10:33:28,080 [java.util.concurrent.ThreadPoolExecutor$Worker@6cfe6b9e[State = -1, empty queue]] WARN  server.GrpcLogAppender (GrpcLogAppender.java:timeoutAppendRequest(200)) - aeb2043f-b21f-448b-b98e-71f6b579dea4@group-2722138C0FE0->a8d859d1-6640-4c40-83aa-447d1cb68642-GrpcLogAppender: appendEntries Timeout, request=aeb2043f-b21f-448b-b98e-71f6b579dea4->a8d859d1-6640-4c40-83aa-447d1cb68642#96-t1, previous=(t:1, i:18), leaderCommit=14, initializing? false, entries: <empty>
2019-09-11 10:33:28,580 [java.util.concurrent.ThreadPoolExecutor$Worker@6cfe6b9e[State = -1, empty queue]] WARN  server.GrpcLogAppender (GrpcLogAppender.java:timeoutAppendRequest(200)) - aeb2043f-b21f-448b-b98e-71f6b579dea4@group-2722138C0FE0->a8d859d1-6640-4c40-83aa-447d1cb68642-GrpcLogAppender: appendEntries Timeout, request=aeb2043f-b21f-448b-b98e-71f6b579dea4->a8d859d1-6640-4c40-83aa-447d1cb68642#97-t1, previous=(t:1, i:18), leaderCommit=14, initializing? false, entries: <empty>
2019-09-11 10:33:28,580 [java.util.concurrent.ThreadPoolExecutor$Worker@7d2632d6[State = -1, empty queue]] WARN  server.GrpcLogAppender (GrpcLogAppender.java:timeoutAppendRequest(200)) - aeb2043f-b21f-448b-b98e-71f6b579dea4@group-2722138C0FE0->95b20011-2e58-4a94-a7ae-3b1213f1c518-GrpcLogAppender: appendEntries Timeout, request=aeb2043f-b21f-448b-b98e-71f6b579dea4->95b20011-2e58-4a94-a7ae-3b1213f1c518#97-t1, previous=(t:1, i:18), leaderCommit=14, initializing? false, entries: <empty>
2019-09-11 10:33:28,712 [grpc-default-executor-5] INFO  client.GrpcClientProtocolClient (GrpcClientProtocolClient.java:onNext(264)) - client-88C0A8EE5E46->a8d859d1-6640-4c40-83aa-447d1cb68642: receive RaftClientReply:client-88C0A8EE5E46->a8d859d1-6640-4c40-83aa-447d1cb68642@group-2722138C0FE0, cid=51, FAILED org.apache.ratis.protocol.NotLeaderException: Server a8d859d1-6640-4c40-83aa-447d1cb68642@group-2722138C0FE0 is not the leader aeb2043f-b21f-448b-b98e-71f6b579dea4:192.168.69.96:42052, logIndex=0, commits[a8d859d1-6640-4c40-83aa-447d1cb68642:c14, aeb2043f-b21f-448b-b98e-71f6b579dea4:c14, 95b20011-2e58-4a94-a7ae-3b1213f1c518:c12]
2019-09-11 10:33:29,082 [java.util.concurrent.ThreadPoolExecutor$Worker@6cfe6b9e[State = -1, empty queue]] WARN  server.GrpcLogAppender (GrpcLogAppender.java:timeoutAppendRequest(200)) - aeb2043f-b21f-448b-b98e-71f6b579dea4@group-2722138C0FE0->a8d859d1-6640-4c40-83aa-447d1cb68642-GrpcLogAppender: appendEntries Timeout, request=aeb2043f-b21f-448b-b98e-71f6b579dea4->a8d859d1-6640-4c40-83aa-447d1cb68642#98-t1, previous=(t:1, i:18), leaderCommit=14, initializing? false, entries: <empty>
2019-09-11 10:33:29,082 [java.util.concurrent.ThreadPoolExecutor$Worker@7d2632d6[State = -1, empty queue]] WARN  server.GrpcLogAppender (GrpcLogAppender.java:timeoutAppendRequest(200)) - aeb2043f-b21f-448b-b98e-71f6b579dea4@group-2722138C0FE0->95b20011-2e58-4a94-a7ae-3b1213f1c518-GrpcLogAppender: appendEntries Timeout, request=aeb2043f-b21f-448b-b98e-71f6b579dea4->95b20011-2e58-4a94-a7ae-3b1213f1c518#98-t1, previous=(t:1, i:18), leaderCommit=14, initializing? false, entries: <empty>
2019-09-11 10:33:29,583 [java.util.concurrent.ThreadPoolExecutor$Worker@6cfe6b9e[State = -1, empty queue]] WARN  server.GrpcLogAppender (GrpcLogAppender.java:timeoutAppendRequest(200)) - aeb2043f-b21f-448b-b98e-71f6b579dea4@group-2722138C0FE0->a8d859d1-6640-4c40-83aa-447d1cb68642-GrpcLogAppender: appendEntries Timeout, request=aeb2043f-b21f-448b-b98e-71f6b579dea4->a8d859d1-6640-4c40-83aa-447d1cb68642#99-t1, previous=(t:1, i:18), leaderCommit=14, initializing? false, entries: <empty>
2019-09-11 10:33:29,583 [java.util.concurrent.ThreadPoolExecutor$Worker@7d2632d6[State = -1, empty queue]] WARN  server.GrpcLogAppender (GrpcLogAppender.java:timeoutAppendRequest(200)) - aeb2043f-b21f-448b-b98e-71f6b579dea4@group-2722138C0FE0->95b20011-2e58-4a94-a7ae-3b1213f1c518-GrpcLogAppender: appendEntries Timeout, request=aeb2043f-b21f-448b-b98e-71f6b579dea4->95b20011-2e58-4a94-a7ae-3b1213f1c518#99-t1, previous=(t:1, i:18), leaderCommit=14, initializing? false, entries: <empty>
2019-09-11 10:33:30,083 [java.util.concurrent.ThreadPoolExecutor$Worker@6cfe6b9e[State = -1, empty queue]] WARN  server.GrpcLogAppender (GrpcLogAppender.java:timeoutAppendRequest(200)) - aeb2043f-b21f-448b-b98e-71f6b579dea4@group-2722138C0FE0->a8d859d1-6640-4c40-83aa-447d1cb68642-GrpcLogAppender: appendEntries Timeout, request=aeb2043f-b21f-448b-b98e-71f6b579dea4->a8d859d1-6640-4c40-83aa-447d1cb68642#100-t1, previous=(t:1, i:18), leaderCommit=14, initializing? false, entries: <empty>
2019-09-11 10:33:30,083 [java.util.concurrent.ThreadPoolExecutor$Worker@7d2632d6[State = -1, empty queue]] WARN  server.GrpcLogAppender (GrpcLogAppender.java:timeoutAppendRequest(200)) - aeb2043f-b21f-448b-b98e-71f6b579dea4@group-2722138C0FE0->95b20011-2e58-4a94-a7ae-3b1213f1c518-GrpcLogAppender: appendEntries Timeout, request=aeb2043f-b21f-448b-b98e-71f6b579dea4->95b20011-2e58-4a94-a7ae-3b1213f1c518#100-t1, previous=(t:1, i:18), leaderCommit=14, initializing? false, entries: <empty>
2019-09-11 10:33:30,583 [java.util.concurrent.ThreadPoolExecutor$Worker@6cfe6b9e[State = -1, empty queue]] WARN  server.GrpcLogAppender (GrpcLogAppender.java:timeoutAppendRequest(200)) - aeb2043f-b21f-448b-b98e-71f6b579dea4@group-2722138C0FE0->a8d859d1-6640-4c40-83aa-447d1cb68642-GrpcLogAppender: appendEntries Timeout, request=aeb2043f-b21f-448b-b98e-71f6b579dea4->a8d859d1-6640-4c40-83aa-447d1cb68642#101-t1, previous=(t:1, i:18), leaderCommit=14, initializing? false, entries: <empty>
2019-09-11 10:33:30,583 [java.util.concurrent.ThreadPoolExecutor$Worker@7d2632d6[State = -1, empty queue]] WARN  server.GrpcLogAppender (GrpcLogAppender.java:timeoutAppendRequest(200)) - aeb2043f-b21f-448b-b98e-71f6b579dea4@group-2722138C0FE0->95b20011-2e58-4a94-a7ae-3b1213f1c518-GrpcLogAppender: appendEntries Timeout, request=aeb2043f-b21f-448b-b98e-71f6b579dea4->95b20011-2e58-4a94-a7ae-3b1213f1c518#101-t1, previous=(t:1, i:18), leaderCommit=14, initializing? false, entries: <empty>
2019-09-11 10:33:31,083 [java.util.concurrent.ThreadPoolExecutor$Worker@6cfe6b9e[State = -1, empty queue]] WARN  server.GrpcLogAppender (GrpcLogAppender.java:timeoutAppendRequest(200)) - aeb2043f-b21f-448b-b98e-71f6b579dea4@group-2722138C0FE0->a8d859d1-6640-4c40-83aa-447d1cb68642-GrpcLogAppender: appendEntries Timeout, request=aeb2043f-b21f-448b-b98e-71f6b579dea4->a8d859d1-6640-4c40-83aa-447d1cb68642#102-t1, previous=(t:1, i:18), leaderCommit=14, initializing? false, entries: <empty>
2019-09-11 10:33:31,084 [java.util.concurrent.ThreadPoolExecutor$Worker@7d2632d6[State = -1, empty queue]] WARN  server.GrpcLogAppender (GrpcLogAppender.java:timeoutAppendRequest(200)) - aeb2043f-b21f-448b-b98e-71f6b579dea4@group-2722138C0FE0->95b20011-2e58-4a94-a7ae-3b1213f1c518-GrpcLogAppender: appendEntries Timeout, request=aeb2043f-b21f-448b-b98e-71f6b579dea4->95b20011-2e58-4a94-a7ae-3b1213f1c518#102-t1, previous=(t:1, i:18), leaderCommit=14, initializing? false, entries: <empty>
2019-09-11 10:33:31,584 [java.util.concurrent.ThreadPoolExecutor$Worker@6cfe6b9e[State = -1, empty queue]] WARN  server.GrpcLogAppender (GrpcLogAppender.java:timeoutAppendRequest(200)) - aeb2043f-b21f-448b-b98e-71f6b579dea4@group-2722138C0FE0->a8d859d1-6640-4c40-83aa-447d1cb68642-GrpcLogAppender: appendEntries Timeout, request=aeb2043f-b21f-448b-b98e-71f6b579dea4->a8d859d1-6640-4c40-83aa-447d1cb68642#103-t1, previous=(t:1, i:18), leaderCommit=14, initializing? false, entries: <empty>
2019-09-11 10:33:31,584 [java.util.concurrent.ThreadPoolExecutor$Worker@7d2632d6[State = -1, empty queue]] WARN  server.GrpcLogAppender (GrpcLogAppender.java:timeoutAppendRequest(200)) - aeb2043f-b21f-448b-b98e-71f6b579dea4@group-2722138C0FE0->95b20011-2e58-4a94-a7ae-3b1213f1c518-GrpcLogAppender: appendEntries Timeout, request=aeb2043f-b21f-448b-b98e-71f6b579dea4->95b20011-2e58-4a94-a7ae-3b1213f1c518#103-t1, previous=(t:1, i:18), leaderCommit=14, initializing? false, entries: <empty>
2019-09-11 10:33:31,744 [main] WARN  io.KeyOutputStream (KeyOutputStream.java:handleException(276)) - Encountered exception java.io.IOException: Unexpected Storage Container Exception: java.util.concurrent.CompletionException: java.util.concurrent.CompletionException: org.apache.ratis.protocol.RaftRetryFailureException: Failed RaftClientRequest:client-88C0A8EE5E46->aeb2043f-b21f-448b-b98e-71f6b579dea4@group-2722138C0FE0, cid=51, seq=9*, RW, org.apache.hadoop.hdds.scm.XceiverClientRatis$$Lambda$464/873295241@44b6df91 for 10 attempts with RetryLimited(maxAttempts=10, sleepTime=1000ms) on the pipeline Pipeline[ Id: e8f86b12-a110-46ad-9495-2722138c0fe0, Nodes: 95b20011-2e58-4a94-a7ae-3b1213f1c518{ip: 192.168.69.96, host: pr-hdds-1982-decom-states-q64lx-3787986432, networkLocation: /default-rack, certSerialId: null}a8d859d1-6640-4c40-83aa-447d1cb68642{ip: 192.168.69.96, host: pr-hdds-1982-decom-states-q64lx-3787986432, networkLocation: /default-rack, certSerialId: null}aeb2043f-b21f-448b-b98e-71f6b579dea4{ip: 192.168.69.96, host: pr-hdds-1982-decom-states-q64lx-3787986432, networkLocation: /default-rack, certSerialId: null}, Type:RATIS, Factor:THREE, State:OPEN]. The last committed block length is 0, uncommitted data length is 2097152 retry count 0
2019-09-11 10:33:31,810 [grpc-default-executor-2] INFO  client.GrpcClientProtocolClient (GrpcClientProtocolClient.java:onNext(264)) - client-001DCA5E84A8->84160365-33de-4d43-a4b9-c2ba02cae000: receive RaftClientReply:client-001DCA5E84A8->84160365-33de-4d43-a4b9-c2ba02cae000@group-42EC5F47EE4E, cid=55, FAILED org.apache.ratis.protocol.NotLeaderException: Server 84160365-33de-4d43-a4b9-c2ba02cae000@group-42EC5F47EE4E is not the leader a147bf4e-e47b-4bef-becd-030e3c92d985:192.168.69.96:46724, logIndex=0, commits[84160365-33de-4d43-a4b9-c2ba02cae000:c15, a147bf4e-e47b-4bef-becd-030e3c92d985:c15, d898b401-bc34-4650-97cf-b91d52192f1e:c15]
2019-09-11 10:33:32,028 [grpc-default-executor-2] INFO  client.GrpcClientProtocolClient (GrpcClientProtocolClient.java:onNext(264)) - client-001DCA5E84A8->a147bf4e-e47b-4bef-becd-030e3c92d985: receive RaftClientReply:client-001DCA5E84A8->a147bf4e-e47b-4bef-becd-030e3c92d985@group-42EC5F47EE4E, cid=55, SUCCESS, logIndex=16, commits[a147bf4e-e47b-4bef-becd-030e3c92d985:c16, 84160365-33de-4d43-a4b9-c2ba02cae000:c15, d898b401-bc34-4650-97cf-b91d52192f1e:c15]
2019-09-11 10:33:32,087 [java.util.concurrent.ThreadPoolExecutor$Worker@6cfe6b9e[State = -1, empty queue]] WARN  server.GrpcLogAppender (GrpcLogAppender.java:timeoutAppendRequest(200)) - aeb2043f-b21f-448b-b98e-71f6b579dea4@group-2722138C0FE0->a8d859d1-6640-4c40-83aa-447d1cb68642-GrpcLogAppender: appendEntries Timeout, request=aeb2043f-b21f-448b-b98e-71f6b579dea4->a8d859d1-6640-4c40-83aa-447d1cb68642#104-t1, previous=(t:1, i:18), leaderCommit=14, initializing? false, entries: <empty>
2019-09-11 10:33:32,087 [java.util.concurrent.ThreadPoolExecutor$Worker@7d2632d6[State = -1, empty queue]] WARN  server.GrpcLogAppender (GrpcLogAppender.java:timeoutAppendRequest(200)) - aeb2043f-b21f-448b-b98e-71f6b579dea4@group-2722138C0FE0->95b20011-2e58-4a94-a7ae-3b1213f1c518-GrpcLogAppender: appendEntries Timeout, request=aeb2043f-b21f-448b-b98e-71f6b579dea4->95b20011-2e58-4a94-a7ae-3b1213f1c518#104-t1, previous=(t:1, i:18), leaderCommit=14, initializing? false, entries: <empty>
2019-09-11 10:33:32,118 [grpc-default-executor-5] INFO  client.GrpcClientProtocolClient (GrpcClientProtocolClient.java:onNext(264)) - client-001DCA5E84A8->a147bf4e-e47b-4bef-becd-030e3c92d985: receive RaftClientReply:client-001DCA5E84A8->a147bf4e-e47b-4bef-becd-030e3c92d985@group-42EC5F47EE4E, cid=56, SUCCESS, logIndex=18, commits[a147bf4e-e47b-4bef-becd-030e3c92d985:c23, 84160365-33de-4d43-a4b9-c2ba02cae000:c21, d898b401-bc34-4650-97cf-b91d52192f1e:c21]
2019-09-11 10:33:32,119 [grpc-default-executor-5] INFO  client.GrpcClientProtocolClient (GrpcClientProtocolClient.java:onNext(264)) - client-001DCA5E84A8->a147bf4e-e47b-4bef-becd-030e3c92d985: receive RaftClientReply:client-001DCA5E84A8->a147bf4e-e47b-4bef-becd-030e3c92d985@group-42EC5F47EE4E, cid=57, SUCCESS, logIndex=19, commits[a147bf4e-e47b-4bef-becd-030e3c92d985:c23, 84160365-33de-4d43-a4b9-c2ba02cae000:c21, d898b401-bc34-4650-97cf-b91d52192f1e:c21]
2019-09-11 10:33:32,270 [grpc-default-executor-5] INFO  client.GrpcClientProtocolClient (GrpcClientProtocolClient.java:onNext(264)) - client-001DCA5E84A8->a147bf4e-e47b-4bef-becd-030e3c92d985: receive RaftClientReply:client-001DCA5E84A8->a147bf4e-e47b-4bef-becd-030e3c92d985@group-42EC5F47EE4E, cid=58, SUCCESS, logIndex=21, commits[a147bf4e-e47b-4bef-becd-030e3c92d985:c23, 84160365-33de-4d43-a4b9-c2ba02cae000:c21, d898b401-bc34-4650-97cf-b91d52192f1e:c21]
2019-09-11 10:33:32,294 [grpc-default-executor-5] INFO  client.GrpcClientProtocolClient (GrpcClientProtocolClient.java:onNext(264)) - client-001DCA5E84A8->a147bf4e-e47b-4bef-becd-030e3c92d985: receive RaftClientReply:client-001DCA5E84A8->a147bf4e-e47b-4bef-becd-030e3c92d985@group-42EC5F47EE4E, cid=59, SUCCESS, logIndex=24, commits[a147bf4e-e47b-4bef-becd-030e3c92d985:c25, 84160365-33de-4d43-a4b9-c2ba02cae000:c23, d898b401-bc34-4650-97cf-b91d52192f1e:c21]
2019-09-11 10:33:32,295 [grpc-default-executor-5] INFO  client.GrpcClientProtocolClient (GrpcClientProtocolClient.java:onNext(264)) - client-001DCA5E84A8->a147bf4e-e47b-4bef-becd-030e3c92d985: receive RaftClientReply:client-001DCA5E84A8->a147bf4e-e47b-4bef-becd-030e3c92d985@group-42EC5F47EE4E, cid=60, SUCCESS, logIndex=25, commits[a147bf4e-e47b-4bef-becd-030e3c92d985:c25, 84160365-33de-4d43-a4b9-c2ba02cae000:c23, d898b401-bc34-4650-97cf-b91d52192f1e:c21]
2019-09-11 10:33:32,587 [java.util.concurrent.ThreadPoolExecutor$Worker@6cfe6b9e[State = -1, empty queue]] WARN  server.GrpcLogAppender (GrpcLogAppender.java:timeoutAppendRequest(200)) - aeb2043f-b21f-448b-b98e-71f6b579dea4@group-2722138C0FE0->a8d859d1-6640-4c40-83aa-447d1cb68642-GrpcLogAppender: appendEntries Timeout, request=aeb2043f-b21f-448b-b98e-71f6b579dea4->a8d859d1-6640-4c40-83aa-447d1cb68642#105-t1, previous=(t:1, i:18), leaderCommit=14, initializing? false, entries: <empty>
2019-09-11 10:33:32,587 [java.util.concurrent.ThreadPoolExecutor$Worker@7d2632d6[State = -1, empty queue]] WARN  server.GrpcLogAppender (GrpcLogAppender.java:timeoutAppendRequest(200)) - aeb2043f-b21f-448b-b98e-71f6b579dea4@group-2722138C0FE0->95b20011-2e58-4a94-a7ae-3b1213f1c518-GrpcLogAppender: appendEntries Timeout, request=aeb2043f-b21f-448b-b98e-71f6b579dea4->95b20011-2e58-4a94-a7ae-3b1213f1c518#105-t1, previous=(t:1, i:18), leaderCommit=14, initializing? false, entries: <empty>
2019-09-11 10:33:32,978 [Datanode State Machine Thread - 0] INFO  statemachine.DatanodeStateMachine (DatanodeStateMachine.java:lambda$startDaemon$0(350)) - Ozone container server started.
2019-09-11 10:33:33,092 [java.util.concurrent.ThreadPoolExecutor$Worker@7d2632d6[State = -1, empty queue]] WARN  server.GrpcLogAppender (GrpcLogAppender.java:timeoutAppendRequest(200)) - aeb2043f-b21f-448b-b98e-71f6b579dea4@group-2722138C0FE0->95b20011-2e58-4a94-a7ae-3b1213f1c518-GrpcLogAppender: appendEntries Timeout, request=aeb2043f-b21f-448b-b98e-71f6b579dea4->95b20011-2e58-4a94-a7ae-3b1213f1c518#106-t1, previous=(t:1, i:18), leaderCommit=14, initializing? false, entries: <empty>
2019-09-11 10:33:33,092 [java.util.concurrent.ThreadPoolExecutor$Worker@6cfe6b9e[State = -1, empty queue]] WARN  server.GrpcLogAppender (GrpcLogAppender.java:timeoutAppendRequest(200)) - aeb2043f-b21f-448b-b98e-71f6b579dea4@group-2722138C0FE0->a8d859d1-6640-4c40-83aa-447d1cb68642-GrpcLogAppender: appendEntries Timeout, request=aeb2043f-b21f-448b-b98e-71f6b579dea4->a8d859d1-6640-4c40-83aa-447d1cb68642#106-t1, previous=(t:1, i:18), leaderCommit=14, initializing? false, entries: <empty>
2019-09-11 10:33:33,556 [aeb2043f-b21f-448b-b98e-71f6b579dea4@group-2722138C0FE0-SegmentedRaftLogWorker] WARN  segmented.SegmentedRaftLogWorker (SegmentedRaftLogWorker.java:getFromFuture(90)) - Timeout 1/~
org.apache.ratis.protocol.TimeoutIOException: Timeout 10s: WriteLog:15: (t:1, i:15), STATEMACHINELOGENTRY, client-88C0A8EE5E46, cid=51-writeStateMachineData
	at org.apache.ratis.util.IOUtils.getFromFuture(IOUtils.java:87)
	at org.apache.ratis.server.raftlog.segmented.SegmentedRaftLogWorker$StateMachineDataPolicy.getFromFuture(SegmentedRaftLogWorker.java:87)
	at org.apache.ratis.server.raftlog.segmented.SegmentedRaftLogWorker$WriteLog.execute(SegmentedRaftLogWorker.java:477)
	at org.apache.ratis.server.raftlog.segmented.SegmentedRaftLogWorker.run(SegmentedRaftLogWorker.java:289)
	at java.lang.Thread.run(Thread.java:748)
Caused by: java.util.concurrent.TimeoutException
	at java.util.concurrent.CompletableFuture.timedGet(CompletableFuture.java:1771)
	at java.util.concurrent.CompletableFuture.get(CompletableFuture.java:1915)
	at org.apache.ratis.util.IOUtils.getFromFuture(IOUtils.java:79)
	... 4 more
2019-09-11 10:33:33,561 [95b20011-2e58-4a94-a7ae-3b1213f1c518@group-2722138C0FE0-SegmentedRaftLogWorker] WARN  segmented.SegmentedRaftLogWorker (SegmentedRaftLogWorker.java:getFromFuture(90)) - Timeout 1/~
org.apache.ratis.protocol.TimeoutIOException: Timeout 10s: WriteLog:15: (t:1, i:15), STATEMACHINELOGENTRY, client-88C0A8EE5E46, cid=51-writeStateMachineData
	at org.apache.ratis.util.IOUtils.getFromFuture(IOUtils.java:87)
	at org.apache.ratis.server.raftlog.segmented.SegmentedRaftLogWorker$StateMachineDataPolicy.getFromFuture(SegmentedRaftLogWorker.java:87)
	at org.apache.ratis.server.raftlog.segmented.SegmentedRaftLogWorker$WriteLog.execute(SegmentedRaftLogWorker.java:477)
	at org.apache.ratis.server.raftlog.segmented.SegmentedRaftLogWorker.run(SegmentedRaftLogWorker.java:289)
	at java.lang.Thread.run(Thread.java:748)
Caused by: java.util.concurrent.TimeoutException
	at java.util.concurrent.CompletableFuture.timedGet(CompletableFuture.java:1771)
	at java.util.concurrent.CompletableFuture.get(CompletableFuture.java:1915)
	at org.apache.ratis.util.IOUtils.getFromFuture(IOUtils.java:79)
	... 4 more
2019-09-11 10:33:33,593 [java.util.concurrent.ThreadPoolExecutor$Worker@7d2632d6[State = -1, empty queue]] WARN  server.GrpcLogAppender (GrpcLogAppender.java:timeoutAppendRequest(200)) - aeb2043f-b21f-448b-b98e-71f6b579dea4@group-2722138C0FE0->95b20011-2e58-4a94-a7ae-3b1213f1c518-GrpcLogAppender: appendEntries Timeout, request=aeb2043f-b21f-448b-b98e-71f6b579dea4->95b20011-2e58-4a94-a7ae-3b1213f1c518#107-t1, previous=(t:1, i:18), leaderCommit=14, initializing? false, entries: <empty>
2019-09-11 10:33:33,593 [java.util.concurrent.ThreadPoolExecutor$Worker@6cfe6b9e[State = -1, empty queue]] WARN  server.GrpcLogAppender (GrpcLogAppender.java:timeoutAppendRequest(200)) - aeb2043f-b21f-448b-b98e-71f6b579dea4@group-2722138C0FE0->a8d859d1-6640-4c40-83aa-447d1cb68642-GrpcLogAppender: appendEntries Timeout, request=aeb2043f-b21f-448b-b98e-71f6b579dea4->a8d859d1-6640-4c40-83aa-447d1cb68642#107-t1, previous=(t:1, i:18), leaderCommit=14, initializing? false, entries: <empty>
2019-09-11 10:33:33,804 [a8d859d1-6640-4c40-83aa-447d1cb68642@group-2722138C0FE0-SegmentedRaftLogWorker] WARN  segmented.SegmentedRaftLogWorker (SegmentedRaftLogWorker.java:getFromFuture(90)) - Timeout 1/~
org.apache.ratis.protocol.TimeoutIOException: Timeout 10s: WriteLog:17: (t:1, i:17), STATEMACHINELOGENTRY, client-88C0A8EE5E46, cid=53-writeStateMachineData
	at org.apache.ratis.util.IOUtils.getFromFuture(IOUtils.java:87)
	at org.apache.ratis.server.raftlog.segmented.SegmentedRaftLogWorker$StateMachineDataPolicy.getFromFuture(SegmentedRaftLogWorker.java:87)
	at org.apache.ratis.server.raftlog.segmented.SegmentedRaftLogWorker$WriteLog.execute(SegmentedRaftLogWorker.java:477)
	at org.apache.ratis.server.raftlog.segmented.SegmentedRaftLogWorker.run(SegmentedRaftLogWorker.java:289)
	at java.lang.Thread.run(Thread.java:748)
Caused by: java.util.concurrent.TimeoutException
	at java.util.concurrent.CompletableFuture.timedGet(CompletableFuture.java:1771)
	at java.util.concurrent.CompletableFuture.get(CompletableFuture.java:1915)
	at org.apache.ratis.util.IOUtils.getFromFuture(IOUtils.java:79)
	... 4 more
2019-09-11 10:33:34,097 [java.util.concurrent.ThreadPoolExecutor$Worker@6cfe6b9e[State = -1, empty queue]] WARN  server.GrpcLogAppender (GrpcLogAppender.java:timeoutAppendRequest(200)) - aeb2043f-b21f-448b-b98e-71f6b579dea4@group-2722138C0FE0->a8d859d1-6640-4c40-83aa-447d1cb68642-GrpcLogAppender: appendEntries Timeout, request=aeb2043f-b21f-448b-b98e-71f6b579dea4->a8d859d1-6640-4c40-83aa-447d1cb68642#108-t1, previous=(t:1, i:18), leaderCommit=14, initializing? false, entries: <empty>
2019-09-11 10:33:34,097 [java.util.concurrent.ThreadPoolExecutor$Worker@7d2632d6[State = -1, empty queue]] WARN  server.GrpcLogAppender (GrpcLogAppender.java:timeoutAppendRequest(200)) - aeb2043f-b21f-448b-b98e-71f6b579dea4@group-2722138C0FE0->95b20011-2e58-4a94-a7ae-3b1213f1c518-GrpcLogAppender: appendEntries Timeout, request=aeb2043f-b21f-448b-b98e-71f6b579dea4->95b20011-2e58-4a94-a7ae-3b1213f1c518#108-t1, previous=(t:1, i:18), leaderCommit=14, initializing? false, entries: <empty>
2019-09-11 10:33:34,597 [java.util.concurrent.ThreadPoolExecutor$Worker@6cfe6b9e[State = -1, empty queue]] WARN  server.GrpcLogAppender (GrpcLogAppender.java:timeoutAppendRequest(200)) - aeb2043f-b21f-448b-b98e-71f6b579dea4@group-2722138C0FE0->a8d859d1-6640-4c40-83aa-447d1cb68642-GrpcLogAppender: appendEntries Timeout, request=aeb2043f-b21f-448b-b98e-71f6b579dea4->a8d859d1-6640-4c40-83aa-447d1cb68642#109-t1, previous=(t:1, i:18), leaderCommit=14, initializing? false, entries: <empty>
2019-09-11 10:33:34,597 [java.util.concurrent.ThreadPoolExecutor$Worker@7d2632d6[State = -1, empty queue]] WARN  server.GrpcLogAppender (GrpcLogAppender.java:timeoutAppendRequest(200)) - aeb2043f-b21f-448b-b98e-71f6b579dea4@group-2722138C0FE0->95b20011-2e58-4a94-a7ae-3b1213f1c518-GrpcLogAppender: appendEntries Timeout, request=aeb2043f-b21f-448b-b98e-71f6b579dea4->95b20011-2e58-4a94-a7ae-3b1213f1c518#109-t1, previous=(t:1, i:18), leaderCommit=14, initializing? false, entries: <empty>
2019-09-11 10:33:35,097 [java.util.concurrent.ThreadPoolExecutor$Worker@6cfe6b9e[State = -1, empty queue]] WARN  server.GrpcLogAppender (GrpcLogAppender.java:timeoutAppendRequest(200)) - aeb2043f-b21f-448b-b98e-71f6b579dea4@group-2722138C0FE0->a8d859d1-6640-4c40-83aa-447d1cb68642-GrpcLogAppender: appendEntries Timeout, request=aeb2043f-b21f-448b-b98e-71f6b579dea4->a8d859d1-6640-4c40-83aa-447d1cb68642#110-t1, previous=(t:1, i:18), leaderCommit=14, initializing? false, entries: <empty>
2019-09-11 10:33:35,097 [java.util.concurrent.ThreadPoolExecutor$Worker@7d2632d6[State = -1, empty queue]] WARN  server.GrpcLogAppender (GrpcLogAppender.java:timeoutAppendRequest(200)) - aeb2043f-b21f-448b-b98e-71f6b579dea4@group-2722138C0FE0->95b20011-2e58-4a94-a7ae-3b1213f1c518-GrpcLogAppender: appendEntries Timeout, request=aeb2043f-b21f-448b-b98e-71f6b579dea4->95b20011-2e58-4a94-a7ae-3b1213f1c518#110-t1, previous=(t:1, i:18), leaderCommit=14, initializing? false, entries: <empty>
2019-09-11 10:33:35,597 [java.util.concurrent.ThreadPoolExecutor$Worker@7d2632d6[State = -1, empty queue]] WARN  server.GrpcLogAppender (GrpcLogAppender.java:timeoutAppendRequest(200)) - aeb2043f-b21f-448b-b98e-71f6b579dea4@group-2722138C0FE0->95b20011-2e58-4a94-a7ae-3b1213f1c518-GrpcLogAppender: appendEntries Timeout, request=aeb2043f-b21f-448b-b98e-71f6b579dea4->95b20011-2e58-4a94-a7ae-3b1213f1c518#111-t1, previous=(t:1, i:18), leaderCommit=14, initializing? false, entries: <empty>
2019-09-11 10:33:35,597 [java.util.concurrent.ThreadPoolExecutor$Worker@6cfe6b9e[State = -1, empty queue]] WARN  server.GrpcLogAppender (GrpcLogAppender.java:timeoutAppendRequest(200)) - aeb2043f-b21f-448b-b98e-71f6b579dea4@group-2722138C0FE0->a8d859d1-6640-4c40-83aa-447d1cb68642-GrpcLogAppender: appendEntries Timeout, request=aeb2043f-b21f-448b-b98e-71f6b579dea4->a8d859d1-6640-4c40-83aa-447d1cb68642#111-t1, previous=(t:1, i:18), leaderCommit=14, initializing? false, entries: <empty>
2019-09-11 10:33:36,098 [java.util.concurrent.ThreadPoolExecutor$Worker@6cfe6b9e[State = -1, empty queue]] WARN  server.GrpcLogAppender (GrpcLogAppender.java:timeoutAppendRequest(200)) - aeb2043f-b21f-448b-b98e-71f6b579dea4@group-2722138C0FE0->a8d859d1-6640-4c40-83aa-447d1cb68642-GrpcLogAppender: appendEntries Timeout, request=aeb2043f-b21f-448b-b98e-71f6b579dea4->a8d859d1-6640-4c40-83aa-447d1cb68642#112-t1, previous=(t:1, i:18), leaderCommit=14, initializing? false, entries: <empty>
2019-09-11 10:33:36,098 [java.util.concurrent.ThreadPoolExecutor$Worker@7d2632d6[State = -1, empty queue]] WARN  server.GrpcLogAppender (GrpcLogAppender.java:timeoutAppendRequest(200)) - aeb2043f-b21f-448b-b98e-71f6b579dea4@group-2722138C0FE0->95b20011-2e58-4a94-a7ae-3b1213f1c518-GrpcLogAppender: appendEntries Timeout, request=aeb2043f-b21f-448b-b98e-71f6b579dea4->95b20011-2e58-4a94-a7ae-3b1213f1c518#112-t1, previous=(t:1, i:18), leaderCommit=14, initializing? false, entries: <empty>
2019-09-11 10:33:36,598 [java.util.concurrent.ThreadPoolExecutor$Worker@6cfe6b9e[State = -1, empty queue]] WARN  server.GrpcLogAppender (GrpcLogAppender.java:timeoutAppendRequest(200)) - aeb2043f-b21f-448b-b98e-71f6b579dea4@group-2722138C0FE0->a8d859d1-6640-4c40-83aa-447d1cb68642-GrpcLogAppender: appendEntries Timeout, request=aeb2043f-b21f-448b-b98e-71f6b579dea4->a8d859d1-6640-4c40-83aa-447d1cb68642#113-t1, previous=(t:1, i:18), leaderCommit=14, initializing? false, entries: <empty>
2019-09-11 10:33:36,598 [java.util.concurrent.ThreadPoolExecutor$Worker@7d2632d6[State = -1, empty queue]] WARN  server.GrpcLogAppender (GrpcLogAppender.java:timeoutAppendRequest(200)) - aeb2043f-b21f-448b-b98e-71f6b579dea4@group-2722138C0FE0->95b20011-2e58-4a94-a7ae-3b1213f1c518-GrpcLogAppender: appendEntries Timeout, request=aeb2043f-b21f-448b-b98e-71f6b579dea4->95b20011-2e58-4a94-a7ae-3b1213f1c518#113-t1, previous=(t:1, i:18), leaderCommit=14, initializing? false, entries: <empty>
2019-09-11 10:33:37,098 [java.util.concurrent.ThreadPoolExecutor$Worker@6cfe6b9e[State = -1, empty queue]] WARN  server.GrpcLogAppender (GrpcLogAppender.java:timeoutAppendRequest(200)) - aeb2043f-b21f-448b-b98e-71f6b579dea4@group-2722138C0FE0->a8d859d1-6640-4c40-83aa-447d1cb68642-GrpcLogAppender: appendEntries Timeout, request=aeb2043f-b21f-448b-b98e-71f6b579dea4->a8d859d1-6640-4c40-83aa-447d1cb68642#114-t1, previous=(t:1, i:18), leaderCommit=14, initializing? false, entries: <empty>
2019-09-11 10:33:37,098 [java.util.concurrent.ThreadPoolExecutor$Worker@7d2632d6[State = -1, empty queue]] WARN  server.GrpcLogAppender (GrpcLogAppender.java:timeoutAppendRequest(200)) - aeb2043f-b21f-448b-b98e-71f6b579dea4@group-2722138C0FE0->95b20011-2e58-4a94-a7ae-3b1213f1c518-GrpcLogAppender: appendEntries Timeout, request=aeb2043f-b21f-448b-b98e-71f6b579dea4->95b20011-2e58-4a94-a7ae-3b1213f1c518#114-t1, previous=(t:1, i:18), leaderCommit=14, initializing? false, entries: <empty>
2019-09-11 10:33:37,278 [main] INFO  ozoneimpl.OzoneContainer (OzoneContainer.java:stop(231)) - Attempting to stop container services.
2019-09-11 10:33:37,279 [main] INFO  impl.RaftServerProxy (RaftServerProxy.java:lambda$close$4(314)) - 0ef303e2-5bf5-4b6c-9a73-acca672dcd1f: close
2019-09-11 10:33:37,280 [main] INFO  impl.RaftServerImpl (RaftServerImpl.java:lambda$shutdown$3(251)) - 0ef303e2-5bf5-4b6c-9a73-acca672dcd1f@group-8BAF5038FCF7: shutdown
2019-09-11 10:33:37,280 [ForkJoinPool.commonPool-worker-0] INFO  impl.RaftServerImpl (RaftServerImpl.java:lambda$shutdown$3(251)) - 0ef303e2-5bf5-4b6c-9a73-acca672dcd1f@group-C4F115257A75: shutdown
2019-09-11 10:33:37,281 [main] INFO  util.JmxRegister (JmxRegister.java:unregister(73)) - Successfully un-registered JMX Bean with object name Ratis:service=RaftServer,group=group-8BAF5038FCF7,id=0ef303e2-5bf5-4b6c-9a73-acca672dcd1f
2019-09-11 10:33:37,281 [ForkJoinPool.commonPool-worker-0] INFO  util.JmxRegister (JmxRegister.java:unregister(73)) - Successfully un-registered JMX Bean with object name Ratis:service=RaftServer,group=group-C4F115257A75,id=0ef303e2-5bf5-4b6c-9a73-acca672dcd1f
2019-09-11 10:33:37,281 [main] INFO  impl.RoleInfo (RoleInfo.java:shutdownFollowerState(121)) - 0ef303e2-5bf5-4b6c-9a73-acca672dcd1f: shutdown FollowerState
2019-09-11 10:33:37,281 [ForkJoinPool.commonPool-worker-0] INFO  impl.RoleInfo (RoleInfo.java:shutdownLeaderState(104)) - 0ef303e2-5bf5-4b6c-9a73-acca672dcd1f: shutdown LeaderState
2019-09-11 10:33:37,282 [Thread-434] INFO  impl.FollowerState (FollowerState.java:run(115)) - 0ef303e2-5bf5-4b6c-9a73-acca672dcd1f: FollowerState was interrupted: java.lang.InterruptedException: sleep interrupted
2019-09-11 10:33:37,282 [0ef303e2-5bf5-4b6c-9a73-acca672dcd1f@group-8BAF5038FCF7-StateMachineUpdater] INFO  ratis.ContainerStateMachine (ContainerStateMachine.java:takeSnapshot(289)) - group-8BAF5038FCF7: Taking a snapshot at:(t:3, i:13) file /workdir/hadoop-ozone/integration-test/target/test-dir/MiniOzoneClusterImpl-62578b9c-93b1-4e23-b83e-ebaf05b7c577/datanode-5/data/ratis/1de8d17f-9482-4cd5-af13-8baf5038fcf7/sm/snapshot.3_13
2019-09-11 10:33:37,282 [main] INFO  impl.StateMachineUpdater (StateMachineUpdater.java:stopAndJoin(125)) - 0ef303e2-5bf5-4b6c-9a73-acca672dcd1f@group-8BAF5038FCF7-StateMachineUpdater: set stopIndex = 15
2019-09-11 10:33:37,282 [ForkJoinPool.commonPool-worker-0] INFO  impl.PendingRequests (PendingRequests.java:sendNotLeaderResponses(202)) - 0ef303e2-5bf5-4b6c-9a73-acca672dcd1f-PendingRequests: sendNotLeaderResponses
2019-09-11 10:33:37,291 [ForkJoinPool.commonPool-worker-0] INFO  impl.StateMachineUpdater (StateMachineUpdater.java:stopAndJoin(125)) - 0ef303e2-5bf5-4b6c-9a73-acca672dcd1f@group-C4F115257A75-StateMachineUpdater: set stopIndex = 0
2019-09-11 10:33:37,291 [ForkJoinPool.commonPool-worker-0] INFO  impl.RaftServerImpl (ServerState.java:close(385)) - 0ef303e2-5bf5-4b6c-9a73-acca672dcd1f@group-C4F115257A75: closes. applyIndex: 0
2019-09-11 10:33:37,292 [0ef303e2-5bf5-4b6c-9a73-acca672dcd1f@group-C4F115257A75-SegmentedRaftLogWorker] INFO  segmented.SegmentedRaftLogWorker (SegmentedRaftLogWorker.java:run(313)) - 0ef303e2-5bf5-4b6c-9a73-acca672dcd1f@group-C4F115257A75-SegmentedRaftLogWorker was interrupted, exiting. There are 0 tasks remaining in the queue.
2019-09-11 10:33:37,301 [ForkJoinPool.commonPool-worker-0] INFO  segmented.SegmentedRaftLogWorker (SegmentedRaftLogWorker.java:close(228)) - 0ef303e2-5bf5-4b6c-9a73-acca672dcd1f@group-C4F115257A75-SegmentedRaftLogWorker close()
2019-09-11 10:33:37,321 [0ef303e2-5bf5-4b6c-9a73-acca672dcd1f@group-8BAF5038FCF7-StateMachineUpdater] INFO  ratis.ContainerStateMachine (ContainerStateMachine.java:takeSnapshot(300)) - group-8BAF5038FCF7: Finished taking a snapshot at:(t:3, i:13) file:/workdir/hadoop-ozone/integration-test/target/test-dir/MiniOzoneClusterImpl-62578b9c-93b1-4e23-b83e-ebaf05b7c577/datanode-5/data/ratis/1de8d17f-9482-4cd5-af13-8baf5038fcf7/sm/snapshot.3_13 time:38
2019-09-11 10:33:37,321 [0ef303e2-5bf5-4b6c-9a73-acca672dcd1f@group-8BAF5038FCF7-StateMachineUpdater] INFO  impl.StateMachineUpdater (StateMachineUpdater.java:takeSnapshot(258)) - 0ef303e2-5bf5-4b6c-9a73-acca672dcd1f@group-8BAF5038FCF7-StateMachineUpdater: Took a snapshot at index 13
2019-09-11 10:33:37,321 [0ef303e2-5bf5-4b6c-9a73-acca672dcd1f@group-8BAF5038FCF7-StateMachineUpdater] INFO  impl.StateMachineUpdater (StateMachineUpdater.java:lambda$new$0(83)) - 0ef303e2-5bf5-4b6c-9a73-acca672dcd1f@group-8BAF5038FCF7-StateMachineUpdater: snapshotIndex: updateIncreasingly -1 -> 13
2019-09-11 10:33:37,321 [0ef303e2-5bf5-4b6c-9a73-acca672dcd1f@group-8BAF5038FCF7-StateMachineUpdater] INFO  ratis.ContainerStateMachine (ContainerStateMachine.java:takeSnapshot(289)) - group-8BAF5038FCF7: Taking a snapshot at:(t:3, i:13) file /workdir/hadoop-ozone/integration-test/target/test-dir/MiniOzoneClusterImpl-62578b9c-93b1-4e23-b83e-ebaf05b7c577/datanode-5/data/ratis/1de8d17f-9482-4cd5-af13-8baf5038fcf7/sm/snapshot.3_13
2019-09-11 10:33:37,337 [0ef303e2-5bf5-4b6c-9a73-acca672dcd1f@group-8BAF5038FCF7-StateMachineUpdater] INFO  ratis.ContainerStateMachine (ContainerStateMachine.java:takeSnapshot(300)) - group-8BAF5038FCF7: Finished taking a snapshot at:(t:3, i:13) file:/workdir/hadoop-ozone/integration-test/target/test-dir/MiniOzoneClusterImpl-62578b9c-93b1-4e23-b83e-ebaf05b7c577/datanode-5/data/ratis/1de8d17f-9482-4cd5-af13-8baf5038fcf7/sm/snapshot.3_13 time:16
2019-09-11 10:33:37,337 [0ef303e2-5bf5-4b6c-9a73-acca672dcd1f@group-8BAF5038FCF7-StateMachineUpdater] INFO  impl.StateMachineUpdater (StateMachineUpdater.java:takeSnapshot(258)) - 0ef303e2-5bf5-4b6c-9a73-acca672dcd1f@group-8BAF5038FCF7-StateMachineUpdater: Took a snapshot at index 13
2019-09-11 10:33:37,338 [0ef303e2-5bf5-4b6c-9a73-acca672dcd1f@group-8BAF5038FCF7-StateMachineUpdater] INFO  impl.StateMachineUpdater (StateMachineUpdater.java:lambda$new$0(83)) - 0ef303e2-5bf5-4b6c-9a73-acca672dcd1f@group-8BAF5038FCF7-StateMachineUpdater: snapshotIndex: updateIncreasingly 13 -> 13
2019-09-11 10:33:37,338 [main] INFO  impl.RaftServerImpl (ServerState.java:close(385)) - 0ef303e2-5bf5-4b6c-9a73-acca672dcd1f@group-8BAF5038FCF7: closes. applyIndex: 15
2019-09-11 10:33:37,342 [0ef303e2-5bf5-4b6c-9a73-acca672dcd1f@group-8BAF5038FCF7-SegmentedRaftLogWorker] ERROR ratis.XceiverServerRatis (XceiverServerRatis.java:triggerPipelineClose(568)) - pipeline Action CLOSE  on pipeline PipelineID=1de8d17f-9482-4cd5-af13-8baf5038fcf7.Reason : WriteLog:18: (t:3, i:18), STATEMACHINELOGENTRY, client-93B8AFC33C87, cid=30-writeStateMachineData interrupted.
2019-09-11 10:33:37,347 [main] INFO  segmented.SegmentedRaftLogWorker (SegmentedRaftLogWorker.java:close(228)) - 0ef303e2-5bf5-4b6c-9a73-acca672dcd1f@group-8BAF5038FCF7-SegmentedRaftLogWorker close()
2019-09-11 10:33:37,352 [main] INFO  server.GrpcService (GrpcService.java:closeImpl(164)) - 0ef303e2-5bf5-4b6c-9a73-acca672dcd1f: shutdown server with port 44333 now
2019-09-11 10:33:37,353 [main] INFO  server.GrpcService (GrpcService.java:closeImpl(172)) - 0ef303e2-5bf5-4b6c-9a73-acca672dcd1f: shutdown server with port 44333 successfully
2019-09-11 10:33:37,355 [refreshUsed-/workdir/hadoop-ozone/integration-test/target/test-dir/MiniOzoneClusterImpl-62578b9c-93b1-4e23-b83e-ebaf05b7c577/datanode-5/data/containers] WARN  fs.CachingGetSpaceUsed (CachingGetSpaceUsed.java:run(183)) - Thread Interrupted waiting to refresh disk information: sleep interrupted
2019-09-11 10:33:37,374 [main] INFO  utils.BackgroundService (BackgroundService.java:shutdown(148)) - Shutting down service BlockDeletingService
2019-09-11 10:33:37,380 [main] INFO  statemachine.DatanodeStateMachine (DatanodeStateMachine.java:stopDaemon(395)) - Ozone container server stopped.
2019-09-11 10:33:37,381 [main] INFO  handler.ContextHandler (ContextHandler.java:doStop(910)) - Stopped o.e.j.w.WebAppContext@64d4f7c7{/,null,UNAVAILABLE}{/hddsDatanode}
2019-09-11 10:33:37,382 [main] INFO  server.AbstractConnector (AbstractConnector.java:doStop(318)) - Stopped ServerConnector@54e02f6a{HTTP/1.1,[http/1.1]}{0.0.0.0:0}
2019-09-11 10:33:37,383 [main] INFO  handler.ContextHandler (ContextHandler.java:doStop(910)) - Stopped o.e.j.s.ServletContextHandler@1352434e{/static,jar:file:/home/user/.m2/repository/org/apache/hadoop/hadoop-hdds-container-service/0.5.0-SNAPSHOT/hadoop-hdds-container-service-0.5.0-SNAPSHOT.jar!/webapps/static,UNAVAILABLE}
2019-09-11 10:33:37,383 [main] INFO  handler.ContextHandler (ContextHandler.java:doStop(910)) - Stopped o.e.j.s.ServletContextHandler@12eedfee{/logs,file:///workdir/hadoop-ozone/integration-test/target/log,UNAVAILABLE}
2019-09-11 10:33:37,438 [grpc-default-executor-1] INFO  client.GrpcClientProtocolClient (GrpcClientProtocolClient.java:onNext(264)) - client-001DCA5E84A8->a147bf4e-e47b-4bef-becd-030e3c92d985: receive RaftClientReply:client-001DCA5E84A8->a147bf4e-e47b-4bef-becd-030e3c92d985@group-42EC5F47EE4E, cid=61, SUCCESS, logIndex=28, commits[a147bf4e-e47b-4bef-becd-030e3c92d985:c29, 84160365-33de-4d43-a4b9-c2ba02cae000:c27, d898b401-bc34-4650-97cf-b91d52192f1e:c27]
2019-09-11 10:33:37,439 [grpc-default-executor-1] INFO  client.GrpcClientProtocolClient (GrpcClientProtocolClient.java:onNext(264)) - client-001DCA5E84A8->a147bf4e-e47b-4bef-becd-030e3c92d985: receive RaftClientReply:client-001DCA5E84A8->a147bf4e-e47b-4bef-becd-030e3c92d985@group-42EC5F47EE4E, cid=62, SUCCESS, logIndex=29, commits[a147bf4e-e47b-4bef-becd-030e3c92d985:c29, 84160365-33de-4d43-a4b9-c2ba02cae000:c27, d898b401-bc34-4650-97cf-b91d52192f1e:c27]
2019-09-11 10:33:37,457 [grpc-default-executor-5] INFO  client.GrpcClientProtocolClient (GrpcClientProtocolClient.java:onNext(264)) - client-001DCA5E84A8->a147bf4e-e47b-4bef-becd-030e3c92d985: receive RaftClientReply:client-001DCA5E84A8->a147bf4e-e47b-4bef-becd-030e3c92d985@group-42EC5F47EE4E, cid=63, SUCCESS, logIndex=0, commits[a147bf4e-e47b-4bef-becd-030e3c92d985:c30, 84160365-33de-4d43-a4b9-c2ba02cae000:c29, d898b401-bc34-4650-97cf-b91d52192f1e:c29]
2019-09-11 10:33:37,598 [java.util.concurrent.ThreadPoolExecutor$Worker@7d2632d6[State = -1, empty queue]] WARN  server.GrpcLogAppender (GrpcLogAppender.java:timeoutAppendRequest(200)) - aeb2043f-b21f-448b-b98e-71f6b579dea4@group-2722138C0FE0->95b20011-2e58-4a94-a7ae-3b1213f1c518-GrpcLogAppender: appendEntries Timeout, request=aeb2043f-b21f-448b-b98e-71f6b579dea4->95b20011-2e58-4a94-a7ae-3b1213f1c518#115-t1, previous=(t:1, i:18), leaderCommit=14, initializing? false, entries: <empty>
2019-09-11 10:33:37,598 [java.util.concurrent.ThreadPoolExecutor$Worker@6cfe6b9e[State = -1, empty queue]] WARN  server.GrpcLogAppender (GrpcLogAppender.java:timeoutAppendRequest(200)) - aeb2043f-b21f-448b-b98e-71f6b579dea4@group-2722138C0FE0->a8d859d1-6640-4c40-83aa-447d1cb68642-GrpcLogAppender: appendEntries Timeout, request=aeb2043f-b21f-448b-b98e-71f6b579dea4->a8d859d1-6640-4c40-83aa-447d1cb68642#115-t1, previous=(t:1, i:18), leaderCommit=14, initializing? false, entries: <empty>
2019-09-11 10:33:38,012 [36d8287a-f445-472c-84c0-3ac4479cc6b6@group-8BAF5038FCF7-SegmentedRaftLogWorker] WARN  segmented.SegmentedRaftLogWorker (SegmentedRaftLogWorker.java:getFromFuture(90)) - Timeout 4/~
org.apache.ratis.protocol.TimeoutIOException: Timeout 10s: WriteLog:18: (t:3, i:18), STATEMACHINELOGENTRY, client-93B8AFC33C87, cid=30-writeStateMachineData
	at org.apache.ratis.util.IOUtils.getFromFuture(IOUtils.java:87)
	at org.apache.ratis.server.raftlog.segmented.SegmentedRaftLogWorker$StateMachineDataPolicy.getFromFuture(SegmentedRaftLogWorker.java:87)
	at org.apache.ratis.server.raftlog.segmented.SegmentedRaftLogWorker$WriteLog.execute(SegmentedRaftLogWorker.java:477)
	at org.apache.ratis.server.raftlog.segmented.SegmentedRaftLogWorker.run(SegmentedRaftLogWorker.java:289)
	at java.lang.Thread.run(Thread.java:748)
Caused by: java.util.concurrent.TimeoutException
	at java.util.concurrent.CompletableFuture.timedGet(CompletableFuture.java:1771)
	at java.util.concurrent.CompletableFuture.get(CompletableFuture.java:1915)
	at org.apache.ratis.util.IOUtils.getFromFuture(IOUtils.java:79)
	... 4 more
2019-09-11 10:33:38,099 [java.util.concurrent.ThreadPoolExecutor$Worker@7d2632d6[State = -1, empty queue]] WARN  server.GrpcLogAppender (GrpcLogAppender.java:timeoutAppendRequest(200)) - aeb2043f-b21f-448b-b98e-71f6b579dea4@group-2722138C0FE0->95b20011-2e58-4a94-a7ae-3b1213f1c518-GrpcLogAppender: appendEntries Timeout, request=aeb2043f-b21f-448b-b98e-71f6b579dea4->95b20011-2e58-4a94-a7ae-3b1213f1c518#116-t1, previous=(t:1, i:18), leaderCommit=14, initializing? false, entries: <empty>
2019-09-11 10:33:38,099 [java.util.concurrent.ThreadPoolExecutor$Worker@6cfe6b9e[State = -1, empty queue]] WARN  server.GrpcLogAppender (GrpcLogAppender.java:timeoutAppendRequest(200)) - aeb2043f-b21f-448b-b98e-71f6b579dea4@group-2722138C0FE0->a8d859d1-6640-4c40-83aa-447d1cb68642-GrpcLogAppender: appendEntries Timeout, request=aeb2043f-b21f-448b-b98e-71f6b579dea4->a8d859d1-6640-4c40-83aa-447d1cb68642#116-t1, previous=(t:1, i:18), leaderCommit=14, initializing? false, entries: <empty>
2019-09-11 10:33:38,599 [java.util.concurrent.ThreadPoolExecutor$Worker@6cfe6b9e[State = -1, empty queue]] WARN  server.GrpcLogAppender (GrpcLogAppender.java:timeoutAppendRequest(200)) - aeb2043f-b21f-448b-b98e-71f6b579dea4@group-2722138C0FE0->a8d859d1-6640-4c40-83aa-447d1cb68642-GrpcLogAppender: appendEntries Timeout, request=aeb2043f-b21f-448b-b98e-71f6b579dea4->a8d859d1-6640-4c40-83aa-447d1cb68642#117-t1, previous=(t:1, i:18), leaderCommit=14, initializing? false, entries: <empty>
2019-09-11 10:33:38,599 [java.util.concurrent.ThreadPoolExecutor$Worker@7d2632d6[State = -1, empty queue]] WARN  server.GrpcLogAppender (GrpcLogAppender.java:timeoutAppendRequest(200)) - aeb2043f-b21f-448b-b98e-71f6b579dea4@group-2722138C0FE0->95b20011-2e58-4a94-a7ae-3b1213f1c518-GrpcLogAppender: appendEntries Timeout, request=aeb2043f-b21f-448b-b98e-71f6b579dea4->95b20011-2e58-4a94-a7ae-3b1213f1c518#117-t1, previous=(t:1, i:18), leaderCommit=14, initializing? false, entries: <empty>
2019-09-11 10:33:39,099 [java.util.concurrent.ThreadPoolExecutor$Worker@6cfe6b9e[State = -1, empty queue]] WARN  server.GrpcLogAppender (GrpcLogAppender.java:timeoutAppendRequest(200)) - aeb2043f-b21f-448b-b98e-71f6b579dea4@group-2722138C0FE0->a8d859d1-6640-4c40-83aa-447d1cb68642-GrpcLogAppender: appendEntries Timeout, request=aeb2043f-b21f-448b-b98e-71f6b579dea4->a8d859d1-6640-4c40-83aa-447d1cb68642#118-t1, previous=(t:1, i:18), leaderCommit=14, initializing? false, entries: <empty>
2019-09-11 10:33:39,099 [java.util.concurrent.ThreadPoolExecutor$Worker@7d2632d6[State = -1, empty queue]] WARN  server.GrpcLogAppender (GrpcLogAppender.java:timeoutAppendRequest(200)) - aeb2043f-b21f-448b-b98e-71f6b579dea4@group-2722138C0FE0->95b20011-2e58-4a94-a7ae-3b1213f1c518-GrpcLogAppender: appendEntries Timeout, request=aeb2043f-b21f-448b-b98e-71f6b579dea4->95b20011-2e58-4a94-a7ae-3b1213f1c518#118-t1, previous=(t:1, i:18), leaderCommit=14, initializing? false, entries: <empty>
2019-09-11 10:33:39,600 [java.util.concurrent.ThreadPoolExecutor$Worker@6cfe6b9e[State = -1, empty queue]] WARN  server.GrpcLogAppender (GrpcLogAppender.java:timeoutAppendRequest(200)) - aeb2043f-b21f-448b-b98e-71f6b579dea4@group-2722138C0FE0->a8d859d1-6640-4c40-83aa-447d1cb68642-GrpcLogAppender: appendEntries Timeout, request=aeb2043f-b21f-448b-b98e-71f6b579dea4->a8d859d1-6640-4c40-83aa-447d1cb68642#119-t1, previous=(t:1, i:18), leaderCommit=14, initializing? false, entries: <empty>
2019-09-11 10:33:39,600 [java.util.concurrent.ThreadPoolExecutor$Worker@7d2632d6[State = -1, empty queue]] WARN  server.GrpcLogAppender (GrpcLogAppender.java:timeoutAppendRequest(200)) - aeb2043f-b21f-448b-b98e-71f6b579dea4@group-2722138C0FE0->95b20011-2e58-4a94-a7ae-3b1213f1c518-GrpcLogAppender: appendEntries Timeout, request=aeb2043f-b21f-448b-b98e-71f6b579dea4->95b20011-2e58-4a94-a7ae-3b1213f1c518#119-t1, previous=(t:1, i:18), leaderCommit=14, initializing? false, entries: <empty>
2019-09-11 10:33:40,100 [java.util.concurrent.ThreadPoolExecutor$Worker@6cfe6b9e[State = -1, empty queue]] WARN  server.GrpcLogAppender (GrpcLogAppender.java:timeoutAppendRequest(200)) - aeb2043f-b21f-448b-b98e-71f6b579dea4@group-2722138C0FE0->a8d859d1-6640-4c40-83aa-447d1cb68642-GrpcLogAppender: appendEntries Timeout, request=aeb2043f-b21f-448b-b98e-71f6b579dea4->a8d859d1-6640-4c40-83aa-447d1cb68642#120-t1, previous=(t:1, i:18), leaderCommit=14, initializing? false, entries: <empty>
2019-09-11 10:33:40,100 [java.util.concurrent.ThreadPoolExecutor$Worker@7d2632d6[State = -1, empty queue]] WARN  server.GrpcLogAppender (GrpcLogAppender.java:timeoutAppendRequest(200)) - aeb2043f-b21f-448b-b98e-71f6b579dea4@group-2722138C0FE0->95b20011-2e58-4a94-a7ae-3b1213f1c518-GrpcLogAppender: appendEntries Timeout, request=aeb2043f-b21f-448b-b98e-71f6b579dea4->95b20011-2e58-4a94-a7ae-3b1213f1c518#120-t1, previous=(t:1, i:18), leaderCommit=14, initializing? false, entries: <empty>
2019-09-11 10:33:40,484 [java.util.concurrent.ThreadPoolExecutor$Worker@3cd8d43b[State = -1, empty queue]] WARN  server.GrpcLogAppender (GrpcLogAppender.java:timeoutAppendRequest(200)) - a147bf4e-e47b-4bef-becd-030e3c92d985@group-42EC5F47EE4E->d898b401-bc34-4650-97cf-b91d52192f1e-GrpcLogAppender: appendEntries Timeout, request=a147bf4e-e47b-4bef-becd-030e3c92d985->d898b401-bc34-4650-97cf-b91d52192f1e#130-t2, previous=(t:2, i:31), leaderCommit=31, initializing? false, entries: size=1, first=(t:2, i:32), STATEMACHINELOGENTRY, client-001DCA5E84A8, cid=64
2019-09-11 10:33:40,484 [java.util.concurrent.ThreadPoolExecutor$Worker@73f440d5[State = -1, empty queue]] WARN  server.GrpcLogAppender (GrpcLogAppender.java:timeoutAppendRequest(200)) - a147bf4e-e47b-4bef-becd-030e3c92d985@group-42EC5F47EE4E->84160365-33de-4d43-a4b9-c2ba02cae000-GrpcLogAppender: appendEntries Timeout, request=a147bf4e-e47b-4bef-becd-030e3c92d985->84160365-33de-4d43-a4b9-c2ba02cae000#130-t2, previous=(t:2, i:31), leaderCommit=31, initializing? false, entries: size=1, first=(t:2, i:32), STATEMACHINELOGENTRY, client-001DCA5E84A8, cid=64
2019-09-11 10:33:40,485 [java.util.concurrent.ThreadPoolExecutor$Worker@3cd8d43b[State = -1, empty queue]] WARN  server.GrpcLogAppender (GrpcLogAppender.java:timeoutAppendRequest(200)) - a147bf4e-e47b-4bef-becd-030e3c92d985@group-42EC5F47EE4E->d898b401-bc34-4650-97cf-b91d52192f1e-GrpcLogAppender: appendEntries Timeout, request=a147bf4e-e47b-4bef-becd-030e3c92d985->d898b401-bc34-4650-97cf-b91d52192f1e#131-t2, previous=(t:2, i:32), leaderCommit=31, initializing? false, entries: size=1, first=(t:2, i:33), STATEMACHINELOGENTRY, client-001DCA5E84A8, cid=65
2019-09-11 10:33:40,488 [java.util.concurrent.ThreadPoolExecutor$Worker@73f440d5[State = -1, empty queue]] WARN  server.GrpcLogAppender (GrpcLogAppender.java:timeoutAppendRequest(200)) - a147bf4e-e47b-4bef-becd-030e3c92d985@group-42EC5F47EE4E->84160365-33de-4d43-a4b9-c2ba02cae000-GrpcLogAppender: appendEntries Timeout, request=a147bf4e-e47b-4bef-becd-030e3c92d985->84160365-33de-4d43-a4b9-c2ba02cae000#131-t2, previous=(t:2, i:32), leaderCommit=31, initializing? false, entries: size=1, first=(t:2, i:33), STATEMACHINELOGENTRY, client-001DCA5E84A8, cid=65
2019-09-11 10:33:40,491 [java.util.concurrent.ThreadPoolExecutor$Worker@3cd8d43b[State = -1, empty queue]] WARN  server.GrpcLogAppender (GrpcLogAppender.java:timeoutAppendRequest(200)) - a147bf4e-e47b-4bef-becd-030e3c92d985@group-42EC5F47EE4E->d898b401-bc34-4650-97cf-b91d52192f1e-GrpcLogAppender: appendEntries Timeout, request=a147bf4e-e47b-4bef-becd-030e3c92d985->d898b401-bc34-4650-97cf-b91d52192f1e#132-t2, previous=(t:2, i:33), leaderCommit=31, initializing? false, entries: size=1, first=(t:2, i:34), STATEMACHINELOGENTRY, client-001DCA5E84A8, cid=66
2019-09-11 10:33:40,494 [java.util.concurrent.ThreadPoolExecutor$Worker@73f440d5[State = -1, empty queue]] WARN  server.GrpcLogAppender (GrpcLogAppender.java:timeoutAppendRequest(200)) - a147bf4e-e47b-4bef-becd-030e3c92d985@group-42EC5F47EE4E->84160365-33de-4d43-a4b9-c2ba02cae000-GrpcLogAppender: appendEntries Timeout, request=a147bf4e-e47b-4bef-becd-030e3c92d985->84160365-33de-4d43-a4b9-c2ba02cae000#132-t2, previous=(t:2, i:33), leaderCommit=31, initializing? false, entries: size=1, first=(t:2, i:34), STATEMACHINELOGENTRY, client-001DCA5E84A8, cid=66
2019-09-11 10:33:40,497 [java.util.concurrent.ThreadPoolExecutor$Worker@3cd8d43b[State = -1, empty queue]] WARN  server.GrpcLogAppender (GrpcLogAppender.java:timeoutAppendRequest(200)) - a147bf4e-e47b-4bef-becd-030e3c92d985@group-42EC5F47EE4E->d898b401-bc34-4650-97cf-b91d52192f1e-GrpcLogAppender: appendEntries Timeout, request=a147bf4e-e47b-4bef-becd-030e3c92d985->d898b401-bc34-4650-97cf-b91d52192f1e#133-t2, previous=(t:2, i:34), leaderCommit=31, initializing? false, entries: size=1, first=(t:2, i:35), STATEMACHINELOGENTRY, client-001DCA5E84A8, cid=67
2019-09-11 10:33:40,501 [java.util.concurrent.ThreadPoolExecutor$Worker@73f440d5[State = -1, empty queue]] WARN  server.GrpcLogAppender (GrpcLogAppender.java:timeoutAppendRequest(200)) - a147bf4e-e47b-4bef-becd-030e3c92d985@group-42EC5F47EE4E->84160365-33de-4d43-a4b9-c2ba02cae000-GrpcLogAppender: appendEntries Timeout, request=a147bf4e-e47b-4bef-becd-030e3c92d985->84160365-33de-4d43-a4b9-c2ba02cae000#133-t2, previous=(t:2, i:34), leaderCommit=31, initializing? false, entries: size=1, first=(t:2, i:35), STATEMACHINELOGENTRY, client-001DCA5E84A8, cid=67
2019-09-11 10:33:40,600 [java.util.concurrent.ThreadPoolExecutor$Worker@7d2632d6[State = -1, empty queue]] WARN  server.GrpcLogAppender (GrpcLogAppender.java:timeoutAppendRequest(200)) - aeb2043f-b21f-448b-b98e-71f6b579dea4@group-2722138C0FE0->95b20011-2e58-4a94-a7ae-3b1213f1c518-GrpcLogAppender: appendEntries Timeout, request=aeb2043f-b21f-448b-b98e-71f6b579dea4->95b20011-2e58-4a94-a7ae-3b1213f1c518#121-t1, previous=(t:1, i:18), leaderCommit=14, initializing? false, entries: <empty>
2019-09-11 10:33:40,602 [java.util.concurrent.ThreadPoolExecutor$Worker@6cfe6b9e[State = -1, empty queue]] WARN  server.GrpcLogAppender (GrpcLogAppender.java:timeoutAppendRequest(200)) - aeb2043f-b21f-448b-b98e-71f6b579dea4@group-2722138C0FE0->a8d859d1-6640-4c40-83aa-447d1cb68642-GrpcLogAppender: appendEntries Timeout, request=aeb2043f-b21f-448b-b98e-71f6b579dea4->a8d859d1-6640-4c40-83aa-447d1cb68642#121-t1, previous=(t:1, i:18), leaderCommit=14, initializing? false, entries: <empty>
2019-09-11 10:33:40,988 [java.util.concurrent.ThreadPoolExecutor$Worker@3cd8d43b[State = -1, empty queue]] WARN  server.GrpcLogAppender (GrpcLogAppender.java:timeoutAppendRequest(200)) - a147bf4e-e47b-4bef-becd-030e3c92d985@group-42EC5F47EE4E->d898b401-bc34-4650-97cf-b91d52192f1e-GrpcLogAppender: appendEntries Timeout, request=a147bf4e-e47b-4bef-becd-030e3c92d985->d898b401-bc34-4650-97cf-b91d52192f1e#134-t2, previous=(t:2, i:35), leaderCommit=31, initializing? false, entries: <empty>
2019-09-11 10:33:40,997 [java.util.concurrent.ThreadPoolExecutor$Worker@73f440d5[State = -1, empty queue]] WARN  server.GrpcLogAppender (GrpcLogAppender.java:timeoutAppendRequest(200)) - a147bf4e-e47b-4bef-becd-030e3c92d985@group-42EC5F47EE4E->84160365-33de-4d43-a4b9-c2ba02cae000-GrpcLogAppender: appendEntries Timeout, request=a147bf4e-e47b-4bef-becd-030e3c92d985->84160365-33de-4d43-a4b9-c2ba02cae000#134-t2, previous=(t:2, i:35), leaderCommit=31, initializing? false, entries: <empty>
2019-09-11 10:33:41,100 [java.util.concurrent.ThreadPoolExecutor$Worker@7d2632d6[State = -1, empty queue]] WARN  server.GrpcLogAppender (GrpcLogAppender.java:timeoutAppendRequest(200)) - aeb2043f-b21f-448b-b98e-71f6b579dea4@group-2722138C0FE0->95b20011-2e58-4a94-a7ae-3b1213f1c518-GrpcLogAppender: appendEntries Timeout, request=aeb2043f-b21f-448b-b98e-71f6b579dea4->95b20011-2e58-4a94-a7ae-3b1213f1c518#122-t1, previous=(t:1, i:18), leaderCommit=14, initializing? false, entries: <empty>
2019-09-11 10:33:41,100 [java.util.concurrent.ThreadPoolExecutor$Worker@6cfe6b9e[State = -1, empty queue]] WARN  server.GrpcLogAppender (GrpcLogAppender.java:timeoutAppendRequest(200)) - aeb2043f-b21f-448b-b98e-71f6b579dea4@group-2722138C0FE0->a8d859d1-6640-4c40-83aa-447d1cb68642-GrpcLogAppender: appendEntries Timeout, request=aeb2043f-b21f-448b-b98e-71f6b579dea4->a8d859d1-6640-4c40-83aa-447d1cb68642#122-t1, previous=(t:1, i:18), leaderCommit=14, initializing? false, entries: <empty>
2019-09-11 10:33:41,488 [java.util.concurrent.ThreadPoolExecutor$Worker@3cd8d43b[State = -1, empty queue]] WARN  server.GrpcLogAppender (GrpcLogAppender.java:timeoutAppendRequest(200)) - a147bf4e-e47b-4bef-becd-030e3c92d985@group-42EC5F47EE4E->d898b401-bc34-4650-97cf-b91d52192f1e-GrpcLogAppender: appendEntries Timeout, request=a147bf4e-e47b-4bef-becd-030e3c92d985->d898b401-bc34-4650-97cf-b91d52192f1e#135-t2, previous=(t:2, i:35), leaderCommit=31, initializing? false, entries: <empty>
2019-09-11 10:33:41,488 [java.util.concurrent.ThreadPoolExecutor$Worker@73f440d5[State = -1, empty queue]] WARN  server.GrpcLogAppender (GrpcLogAppender.java:timeoutAppendRequest(200)) - a147bf4e-e47b-4bef-becd-030e3c92d985@group-42EC5F47EE4E->84160365-33de-4d43-a4b9-c2ba02cae000-GrpcLogAppender: appendEntries Timeout, request=a147bf4e-e47b-4bef-becd-030e3c92d985->84160365-33de-4d43-a4b9-c2ba02cae000#135-t2, previous=(t:2, i:35), leaderCommit=31, initializing? false, entries: <empty>
2019-09-11 10:33:41,600 [java.util.concurrent.ThreadPoolExecutor$Worker@7d2632d6[State = -1, empty queue]] WARN  server.GrpcLogAppender (GrpcLogAppender.java:timeoutAppendRequest(200)) - aeb2043f-b21f-448b-b98e-71f6b579dea4@group-2722138C0FE0->95b20011-2e58-4a94-a7ae-3b1213f1c518-GrpcLogAppender: appendEntries Timeout, request=aeb2043f-b21f-448b-b98e-71f6b579dea4->95b20011-2e58-4a94-a7ae-3b1213f1c518#123-t1, previous=(t:1, i:18), leaderCommit=14, initializing? false, entries: <empty>
2019-09-11 10:33:41,600 [java.util.concurrent.ThreadPoolExecutor$Worker@6cfe6b9e[State = -1, empty queue]] WARN  server.GrpcLogAppender (GrpcLogAppender.java:timeoutAppendRequest(200)) - aeb2043f-b21f-448b-b98e-71f6b579dea4@group-2722138C0FE0->a8d859d1-6640-4c40-83aa-447d1cb68642-GrpcLogAppender: appendEntries Timeout, request=aeb2043f-b21f-448b-b98e-71f6b579dea4->a8d859d1-6640-4c40-83aa-447d1cb68642#123-t1, previous=(t:1, i:18), leaderCommit=14, initializing? false, entries: <empty>
2019-09-11 10:33:41,989 [java.util.concurrent.ThreadPoolExecutor$Worker@3cd8d43b[State = -1, empty queue]] WARN  server.GrpcLogAppender (GrpcLogAppender.java:timeoutAppendRequest(200)) - a147bf4e-e47b-4bef-becd-030e3c92d985@group-42EC5F47EE4E->d898b401-bc34-4650-97cf-b91d52192f1e-GrpcLogAppender: appendEntries Timeout, request=a147bf4e-e47b-4bef-becd-030e3c92d985->d898b401-bc34-4650-97cf-b91d52192f1e#136-t2, previous=(t:2, i:35), leaderCommit=31, initializing? false, entries: <empty>
2019-09-11 10:33:41,989 [java.util.concurrent.ThreadPoolExecutor$Worker@73f440d5[State = -1, empty queue]] WARN  server.GrpcLogAppender (GrpcLogAppender.java:timeoutAppendRequest(200)) - a147bf4e-e47b-4bef-becd-030e3c92d985@group-42EC5F47EE4E->84160365-33de-4d43-a4b9-c2ba02cae000-GrpcLogAppender: appendEntries Timeout, request=a147bf4e-e47b-4bef-becd-030e3c92d985->84160365-33de-4d43-a4b9-c2ba02cae000#136-t2, previous=(t:2, i:35), leaderCommit=31, initializing? false, entries: <empty>
2019-09-11 10:33:42,101 [java.util.concurrent.ThreadPoolExecutor$Worker@6cfe6b9e[State = -1, empty queue]] WARN  server.GrpcLogAppender (GrpcLogAppender.java:timeoutAppendRequest(200)) - aeb2043f-b21f-448b-b98e-71f6b579dea4@group-2722138C0FE0->a8d859d1-6640-4c40-83aa-447d1cb68642-GrpcLogAppender: appendEntries Timeout, request=aeb2043f-b21f-448b-b98e-71f6b579dea4->a8d859d1-6640-4c40-83aa-447d1cb68642#124-t1, previous=(t:1, i:18), leaderCommit=14, initializing? false, entries: <empty>
2019-09-11 10:33:42,101 [java.util.concurrent.ThreadPoolExecutor$Worker@7d2632d6[State = -1, empty queue]] WARN  server.GrpcLogAppender (GrpcLogAppender.java:timeoutAppendRequest(200)) - aeb2043f-b21f-448b-b98e-71f6b579dea4@group-2722138C0FE0->95b20011-2e58-4a94-a7ae-3b1213f1c518-GrpcLogAppender: appendEntries Timeout, request=aeb2043f-b21f-448b-b98e-71f6b579dea4->95b20011-2e58-4a94-a7ae-3b1213f1c518#124-t1, previous=(t:1, i:18), leaderCommit=14, initializing? false, entries: <empty>
2019-09-11 10:33:42,489 [java.util.concurrent.ThreadPoolExecutor$Worker@3cd8d43b[State = -1, empty queue]] WARN  server.GrpcLogAppender (GrpcLogAppender.java:timeoutAppendRequest(200)) - a147bf4e-e47b-4bef-becd-030e3c92d985@group-42EC5F47EE4E->d898b401-bc34-4650-97cf-b91d52192f1e-GrpcLogAppender: appendEntries Timeout, request=a147bf4e-e47b-4bef-becd-030e3c92d985->d898b401-bc34-4650-97cf-b91d52192f1e#137-t2, previous=(t:2, i:35), leaderCommit=31, initializing? false, entries: <empty>
2019-09-11 10:33:42,489 [java.util.concurrent.ThreadPoolExecutor$Worker@73f440d5[State = -1, empty queue]] WARN  server.GrpcLogAppender (GrpcLogAppender.java:timeoutAppendRequest(200)) - a147bf4e-e47b-4bef-becd-030e3c92d985@group-42EC5F47EE4E->84160365-33de-4d43-a4b9-c2ba02cae000-GrpcLogAppender: appendEntries Timeout, request=a147bf4e-e47b-4bef-becd-030e3c92d985->84160365-33de-4d43-a4b9-c2ba02cae000#137-t2, previous=(t:2, i:35), leaderCommit=31, initializing? false, entries: <empty>
2019-09-11 10:33:42,530 [grpc-default-executor-3] INFO  client.GrpcClientProtocolClient (GrpcClientProtocolClient.java:onNext(264)) - client-001DCA5E84A8->84160365-33de-4d43-a4b9-c2ba02cae000: receive RaftClientReply:client-001DCA5E84A8->84160365-33de-4d43-a4b9-c2ba02cae000@group-42EC5F47EE4E, cid=64, FAILED org.apache.ratis.protocol.NotLeaderException: Server 84160365-33de-4d43-a4b9-c2ba02cae000@group-42EC5F47EE4E is not the leader a147bf4e-e47b-4bef-becd-030e3c92d985:192.168.69.96:46724, logIndex=0, commits[84160365-33de-4d43-a4b9-c2ba02cae000:c31, a147bf4e-e47b-4bef-becd-030e3c92d985:c31, d898b401-bc34-4650-97cf-b91d52192f1e:c29]
2019-09-11 10:33:42,601 [java.util.concurrent.ThreadPoolExecutor$Worker@7d2632d6[State = -1, empty queue]] WARN  server.GrpcLogAppender (GrpcLogAppender.java:timeoutAppendRequest(200)) - aeb2043f-b21f-448b-b98e-71f6b579dea4@group-2722138C0FE0->95b20011-2e58-4a94-a7ae-3b1213f1c518-GrpcLogAppender: appendEntries Timeout, request=aeb2043f-b21f-448b-b98e-71f6b579dea4->95b20011-2e58-4a94-a7ae-3b1213f1c518#125-t1, previous=(t:1, i:18), leaderCommit=14, initializing? false, entries: <empty>
2019-09-11 10:33:42,601 [java.util.concurrent.ThreadPoolExecutor$Worker@6cfe6b9e[State = -1, empty queue]] WARN  server.GrpcLogAppender (GrpcLogAppender.java:timeoutAppendRequest(200)) - aeb2043f-b21f-448b-b98e-71f6b579dea4@group-2722138C0FE0->a8d859d1-6640-4c40-83aa-447d1cb68642-GrpcLogAppender: appendEntries Timeout, request=aeb2043f-b21f-448b-b98e-71f6b579dea4->a8d859d1-6640-4c40-83aa-447d1cb68642#125-t1, previous=(t:1, i:18), leaderCommit=14, initializing? false, entries: <empty>
2019-09-11 10:33:42,989 [java.util.concurrent.ThreadPoolExecutor$Worker@3cd8d43b[State = -1, empty queue]] WARN  server.GrpcLogAppender (GrpcLogAppender.java:timeoutAppendRequest(200)) - a147bf4e-e47b-4bef-becd-030e3c92d985@group-42EC5F47EE4E->d898b401-bc34-4650-97cf-b91d52192f1e-GrpcLogAppender: appendEntries Timeout, request=a147bf4e-e47b-4bef-becd-030e3c92d985->d898b401-bc34-4650-97cf-b91d52192f1e#138-t2, previous=(t:2, i:35), leaderCommit=31, initializing? false, entries: <empty>
2019-09-11 10:33:42,989 [java.util.concurrent.ThreadPoolExecutor$Worker@73f440d5[State = -1, empty queue]] WARN  server.GrpcLogAppender (GrpcLogAppender.java:timeoutAppendRequest(200)) - a147bf4e-e47b-4bef-becd-030e3c92d985@group-42EC5F47EE4E->84160365-33de-4d43-a4b9-c2ba02cae000-GrpcLogAppender: appendEntries Timeout, request=a147bf4e-e47b-4bef-becd-030e3c92d985->84160365-33de-4d43-a4b9-c2ba02cae000#138-t2, previous=(t:2, i:35), leaderCommit=31, initializing? false, entries: <empty>
2019-09-11 10:33:43,101 [java.util.concurrent.ThreadPoolExecutor$Worker@7d2632d6[State = -1, empty queue]] WARN  server.GrpcLogAppender (GrpcLogAppender.java:timeoutAppendRequest(200)) - aeb2043f-b21f-448b-b98e-71f6b579dea4@group-2722138C0FE0->95b20011-2e58-4a94-a7ae-3b1213f1c518-GrpcLogAppender: appendEntries Timeout, request=aeb2043f-b21f-448b-b98e-71f6b579dea4->95b20011-2e58-4a94-a7ae-3b1213f1c518#126-t1, previous=(t:1, i:18), leaderCommit=14, initializing? false, entries: <empty>
2019-09-11 10:33:43,101 [java.util.concurrent.ThreadPoolExecutor$Worker@6cfe6b9e[State = -1, empty queue]] WARN  server.GrpcLogAppender (GrpcLogAppender.java:timeoutAppendRequest(200)) - aeb2043f-b21f-448b-b98e-71f6b579dea4@group-2722138C0FE0->a8d859d1-6640-4c40-83aa-447d1cb68642-GrpcLogAppender: appendEntries Timeout, request=aeb2043f-b21f-448b-b98e-71f6b579dea4->a8d859d1-6640-4c40-83aa-447d1cb68642#126-t1, previous=(t:1, i:18), leaderCommit=14, initializing? false, entries: <empty>
2019-09-11 10:33:43,491 [java.util.concurrent.ThreadPoolExecutor$Worker@73f440d5[State = -1, empty queue]] WARN  server.GrpcLogAppender (GrpcLogAppender.java:timeoutAppendRequest(200)) - a147bf4e-e47b-4bef-becd-030e3c92d985@group-42EC5F47EE4E->84160365-33de-4d43-a4b9-c2ba02cae000-GrpcLogAppender: appendEntries Timeout, request=a147bf4e-e47b-4bef-becd-030e3c92d985->84160365-33de-4d43-a4b9-c2ba02cae000#139-t2, previous=(t:2, i:35), leaderCommit=31, initializing? false, entries: <empty>
2019-09-11 10:33:43,491 [java.util.concurrent.ThreadPoolExecutor$Worker@3cd8d43b[State = -1, empty queue]] WARN  server.GrpcLogAppender (GrpcLogAppender.java:timeoutAppendRequest(200)) - a147bf4e-e47b-4bef-becd-030e3c92d985@group-42EC5F47EE4E->d898b401-bc34-4650-97cf-b91d52192f1e-GrpcLogAppender: appendEntries Timeout, request=a147bf4e-e47b-4bef-becd-030e3c92d985->d898b401-bc34-4650-97cf-b91d52192f1e#139-t2, previous=(t:2, i:35), leaderCommit=31, initializing? false, entries: <empty>
2019-09-11 10:33:43,557 [aeb2043f-b21f-448b-b98e-71f6b579dea4@group-2722138C0FE0-SegmentedRaftLogWorker] WARN  segmented.SegmentedRaftLogWorker (SegmentedRaftLogWorker.java:getFromFuture(90)) - Timeout 2/~
org.apache.ratis.protocol.TimeoutIOException: Timeout 10s: WriteLog:15: (t:1, i:15), STATEMACHINELOGENTRY, client-88C0A8EE5E46, cid=51-writeStateMachineData
	at org.apache.ratis.util.IOUtils.getFromFuture(IOUtils.java:87)
	at org.apache.ratis.server.raftlog.segmented.SegmentedRaftLogWorker$StateMachineDataPolicy.getFromFuture(SegmentedRaftLogWorker.java:87)
	at org.apache.ratis.server.raftlog.segmented.SegmentedRaftLogWorker$WriteLog.execute(SegmentedRaftLogWorker.java:477)
	at org.apache.ratis.server.raftlog.segmented.SegmentedRaftLogWorker.run(SegmentedRaftLogWorker.java:289)
	at java.lang.Thread.run(Thread.java:748)
Caused by: java.util.concurrent.TimeoutException
	at java.util.concurrent.CompletableFuture.timedGet(CompletableFuture.java:1771)
	at java.util.concurrent.CompletableFuture.get(CompletableFuture.java:1915)
	at org.apache.ratis.util.IOUtils.getFromFuture(IOUtils.java:79)
	... 4 more
2019-09-11 10:33:43,562 [95b20011-2e58-4a94-a7ae-3b1213f1c518@group-2722138C0FE0-SegmentedRaftLogWorker] WARN  segmented.SegmentedRaftLogWorker (SegmentedRaftLogWorker.java:getFromFuture(90)) - Timeout 2/~
org.apache.ratis.protocol.TimeoutIOException: Timeout 10s: WriteLog:15: (t:1, i:15), STATEMACHINELOGENTRY, client-88C0A8EE5E46, cid=51-writeStateMachineData
	at org.apache.ratis.util.IOUtils.getFromFuture(IOUtils.java:87)
	at org.apache.ratis.server.raftlog.segmented.SegmentedRaftLogWorker$StateMachineDataPolicy.getFromFuture(SegmentedRaftLogWorker.java:87)
	at org.apache.ratis.server.raftlog.segmented.SegmentedRaftLogWorker$WriteLog.execute(SegmentedRaftLogWorker.java:477)
	at org.apache.ratis.server.raftlog.segmented.SegmentedRaftLogWorker.run(SegmentedRaftLogWorker.java:289)
	at java.lang.Thread.run(Thread.java:748)
Caused by: java.util.concurrent.TimeoutException
	at java.util.concurrent.CompletableFuture.timedGet(CompletableFuture.java:1771)
	at java.util.concurrent.CompletableFuture.get(CompletableFuture.java:1915)
	at org.apache.ratis.util.IOUtils.getFromFuture(IOUtils.java:79)
	... 4 more
2019-09-11 10:33:43,603 [java.util.concurrent.ThreadPoolExecutor$Worker@7d2632d6[State = -1, empty queue]] WARN  server.GrpcLogAppender (GrpcLogAppender.java:timeoutAppendRequest(200)) - aeb2043f-b21f-448b-b98e-71f6b579dea4@group-2722138C0FE0->95b20011-2e58-4a94-a7ae-3b1213f1c518-GrpcLogAppender: appendEntries Timeout, request=aeb2043f-b21f-448b-b98e-71f6b579dea4->95b20011-2e58-4a94-a7ae-3b1213f1c518#127-t1, previous=(t:1, i:18), leaderCommit=14, initializing? false, entries: <empty>
2019-09-11 10:33:43,603 [java.util.concurrent.ThreadPoolExecutor$Worker@6cfe6b9e[State = -1, empty queue]] WARN  server.GrpcLogAppender (GrpcLogAppender.java:timeoutAppendRequest(200)) - aeb2043f-b21f-448b-b98e-71f6b579dea4@group-2722138C0FE0->a8d859d1-6640-4c40-83aa-447d1cb68642-GrpcLogAppender: appendEntries Timeout, request=aeb2043f-b21f-448b-b98e-71f6b579dea4->a8d859d1-6640-4c40-83aa-447d1cb68642#127-t1, previous=(t:1, i:18), leaderCommit=14, initializing? false, entries: <empty>
2019-09-11 10:33:43,805 [a8d859d1-6640-4c40-83aa-447d1cb68642@group-2722138C0FE0-SegmentedRaftLogWorker] WARN  segmented.SegmentedRaftLogWorker (SegmentedRaftLogWorker.java:getFromFuture(90)) - Timeout 2/~
org.apache.ratis.protocol.TimeoutIOException: Timeout 10s: WriteLog:17: (t:1, i:17), STATEMACHINELOGENTRY, client-88C0A8EE5E46, cid=53-writeStateMachineData
	at org.apache.ratis.util.IOUtils.getFromFuture(IOUtils.java:87)
	at org.apache.ratis.server.raftlog.segmented.SegmentedRaftLogWorker$StateMachineDataPolicy.getFromFuture(SegmentedRaftLogWorker.java:87)
	at org.apache.ratis.server.raftlog.segmented.SegmentedRaftLogWorker$WriteLog.execute(SegmentedRaftLogWorker.java:477)
	at org.apache.ratis.server.raftlog.segmented.SegmentedRaftLogWorker.run(SegmentedRaftLogWorker.java:289)
	at java.lang.Thread.run(Thread.java:748)
Caused by: java.util.concurrent.TimeoutException
	at java.util.concurrent.CompletableFuture.timedGet(CompletableFuture.java:1771)
	at java.util.concurrent.CompletableFuture.get(CompletableFuture.java:1915)
	at org.apache.ratis.util.IOUtils.getFromFuture(IOUtils.java:79)
	... 4 more
2019-09-11 10:33:43,998 [java.util.concurrent.ThreadPoolExecutor$Worker@73f440d5[State = -1, empty queue]] WARN  server.GrpcLogAppender (GrpcLogAppender.java:timeoutAppendRequest(200)) - a147bf4e-e47b-4bef-becd-030e3c92d985@group-42EC5F47EE4E->84160365-33de-4d43-a4b9-c2ba02cae000-GrpcLogAppender: appendEntries Timeout, request=a147bf4e-e47b-4bef-becd-030e3c92d985->84160365-33de-4d43-a4b9-c2ba02cae000#140-t2, previous=(t:2, i:35), leaderCommit=31, initializing? false, entries: <empty>
2019-09-11 10:33:43,998 [java.util.concurrent.ThreadPoolExecutor$Worker@3cd8d43b[State = -1, empty queue]] WARN  server.GrpcLogAppender (GrpcLogAppender.java:timeoutAppendRequest(200)) - a147bf4e-e47b-4bef-becd-030e3c92d985@group-42EC5F47EE4E->d898b401-bc34-4650-97cf-b91d52192f1e-GrpcLogAppender: appendEntries Timeout, request=a147bf4e-e47b-4bef-becd-030e3c92d985->d898b401-bc34-4650-97cf-b91d52192f1e#140-t2, previous=(t:2, i:35), leaderCommit=31, initializing? false, entries: <empty>
2019-09-11 10:33:44,103 [java.util.concurrent.ThreadPoolExecutor$Worker@7d2632d6[State = -1, empty queue]] WARN  server.GrpcLogAppender (GrpcLogAppender.java:timeoutAppendRequest(200)) - aeb2043f-b21f-448b-b98e-71f6b579dea4@group-2722138C0FE0->95b20011-2e58-4a94-a7ae-3b1213f1c518-GrpcLogAppender: appendEntries Timeout, request=aeb2043f-b21f-448b-b98e-71f6b579dea4->95b20011-2e58-4a94-a7ae-3b1213f1c518#128-t1, previous=(t:1, i:18), leaderCommit=14, initializing? false, entries: <empty>
2019-09-11 10:33:44,103 [java.util.concurrent.ThreadPoolExecutor$Worker@6cfe6b9e[State = -1, empty queue]] WARN  server.GrpcLogAppender (GrpcLogAppender.java:timeoutAppendRequest(200)) - aeb2043f-b21f-448b-b98e-71f6b579dea4@group-2722138C0FE0->a8d859d1-6640-4c40-83aa-447d1cb68642-GrpcLogAppender: appendEntries Timeout, request=aeb2043f-b21f-448b-b98e-71f6b579dea4->a8d859d1-6640-4c40-83aa-447d1cb68642#128-t1, previous=(t:1, i:18), leaderCommit=14, initializing? false, entries: <empty>
2019-09-11 10:33:44,500 [java.util.concurrent.ThreadPoolExecutor$Worker@73f440d5[State = -1, empty queue]] WARN  server.GrpcLogAppender (GrpcLogAppender.java:timeoutAppendRequest(200)) - a147bf4e-e47b-4bef-becd-030e3c92d985@group-42EC5F47EE4E->84160365-33de-4d43-a4b9-c2ba02cae000-GrpcLogAppender: appendEntries Timeout, request=a147bf4e-e47b-4bef-becd-030e3c92d985->84160365-33de-4d43-a4b9-c2ba02cae000#141-t2, previous=(t:2, i:35), leaderCommit=31, initializing? false, entries: <empty>
2019-09-11 10:33:44,500 [java.util.concurrent.ThreadPoolExecutor$Worker@3cd8d43b[State = -1, empty queue]] WARN  server.GrpcLogAppender (GrpcLogAppender.java:timeoutAppendRequest(200)) - a147bf4e-e47b-4bef-becd-030e3c92d985@group-42EC5F47EE4E->d898b401-bc34-4650-97cf-b91d52192f1e-GrpcLogAppender: appendEntries Timeout, request=a147bf4e-e47b-4bef-becd-030e3c92d985->d898b401-bc34-4650-97cf-b91d52192f1e#141-t2, previous=(t:2, i:35), leaderCommit=31, initializing? false, entries: <empty>
2019-09-11 10:33:44,603 [java.util.concurrent.ThreadPoolExecutor$Worker@7d2632d6[State = -1, empty queue]] WARN  server.GrpcLogAppender (GrpcLogAppender.java:timeoutAppendRequest(200)) - aeb2043f-b21f-448b-b98e-71f6b579dea4@group-2722138C0FE0->95b20011-2e58-4a94-a7ae-3b1213f1c518-GrpcLogAppender: appendEntries Timeout, request=aeb2043f-b21f-448b-b98e-71f6b579dea4->95b20011-2e58-4a94-a7ae-3b1213f1c518#129-t1, previous=(t:1, i:18), leaderCommit=14, initializing? false, entries: <empty>
2019-09-11 10:33:44,603 [java.util.concurrent.ThreadPoolExecutor$Worker@6cfe6b9e[State = -1, empty queue]] WARN  server.GrpcLogAppender (GrpcLogAppender.java:timeoutAppendRequest(200)) - aeb2043f-b21f-448b-b98e-71f6b579dea4@group-2722138C0FE0->a8d859d1-6640-4c40-83aa-447d1cb68642-GrpcLogAppender: appendEntries Timeout, request=aeb2043f-b21f-448b-b98e-71f6b579dea4->a8d859d1-6640-4c40-83aa-447d1cb68642#129-t1, previous=(t:1, i:18), leaderCommit=14, initializing? false, entries: <empty>
2019-09-11 10:33:45,002 [java.util.concurrent.ThreadPoolExecutor$Worker@73f440d5[State = -1, empty queue]] WARN  server.GrpcLogAppender (GrpcLogAppender.java:timeoutAppendRequest(200)) - a147bf4e-e47b-4bef-becd-030e3c92d985@group-42EC5F47EE4E->84160365-33de-4d43-a4b9-c2ba02cae000-GrpcLogAppender: appendEntries Timeout, request=a147bf4e-e47b-4bef-becd-030e3c92d985->84160365-33de-4d43-a4b9-c2ba02cae000#142-t2, previous=(t:2, i:35), leaderCommit=31, initializing? false, entries: <empty>
2019-09-11 10:33:45,002 [java.util.concurrent.ThreadPoolExecutor$Worker@3cd8d43b[State = -1, empty queue]] WARN  server.GrpcLogAppender (GrpcLogAppender.java:timeoutAppendRequest(200)) - a147bf4e-e47b-4bef-becd-030e3c92d985@group-42EC5F47EE4E->d898b401-bc34-4650-97cf-b91d52192f1e-GrpcLogAppender: appendEntries Timeout, request=a147bf4e-e47b-4bef-becd-030e3c92d985->d898b401-bc34-4650-97cf-b91d52192f1e#142-t2, previous=(t:2, i:35), leaderCommit=31, initializing? false, entries: <empty>
2019-09-11 10:33:45,103 [java.util.concurrent.ThreadPoolExecutor$Worker@6cfe6b9e[State = -1, empty queue]] WARN  server.GrpcLogAppender (GrpcLogAppender.java:timeoutAppendRequest(200)) - aeb2043f-b21f-448b-b98e-71f6b579dea4@group-2722138C0FE0->a8d859d1-6640-4c40-83aa-447d1cb68642-GrpcLogAppender: appendEntries Timeout, request=aeb2043f-b21f-448b-b98e-71f6b579dea4->a8d859d1-6640-4c40-83aa-447d1cb68642#130-t1, previous=(t:1, i:18), leaderCommit=14, initializing? false, entries: <empty>
2019-09-11 10:33:45,103 [java.util.concurrent.ThreadPoolExecutor$Worker@7d2632d6[State = -1, empty queue]] WARN  server.GrpcLogAppender (GrpcLogAppender.java:timeoutAppendRequest(200)) - aeb2043f-b21f-448b-b98e-71f6b579dea4@group-2722138C0FE0->95b20011-2e58-4a94-a7ae-3b1213f1c518-GrpcLogAppender: appendEntries Timeout, request=aeb2043f-b21f-448b-b98e-71f6b579dea4->95b20011-2e58-4a94-a7ae-3b1213f1c518#130-t1, previous=(t:1, i:18), leaderCommit=14, initializing? false, entries: <empty>
2019-09-11 10:33:45,502 [java.util.concurrent.ThreadPoolExecutor$Worker@3cd8d43b[State = -1, empty queue]] WARN  server.GrpcLogAppender (GrpcLogAppender.java:timeoutAppendRequest(200)) - a147bf4e-e47b-4bef-becd-030e3c92d985@group-42EC5F47EE4E->d898b401-bc34-4650-97cf-b91d52192f1e-GrpcLogAppender: appendEntries Timeout, request=a147bf4e-e47b-4bef-becd-030e3c92d985->d898b401-bc34-4650-97cf-b91d52192f1e#143-t2, previous=(t:2, i:35), leaderCommit=31, initializing? false, entries: <empty>
2019-09-11 10:33:45,502 [java.util.concurrent.ThreadPoolExecutor$Worker@73f440d5[State = -1, empty queue]] WARN  server.GrpcLogAppender (GrpcLogAppender.java:timeoutAppendRequest(200)) - a147bf4e-e47b-4bef-becd-030e3c92d985@group-42EC5F47EE4E->84160365-33de-4d43-a4b9-c2ba02cae000-GrpcLogAppender: appendEntries Timeout, request=a147bf4e-e47b-4bef-becd-030e3c92d985->84160365-33de-4d43-a4b9-c2ba02cae000#143-t2, previous=(t:2, i:35), leaderCommit=31, initializing? false, entries: <empty>
2019-09-11 10:33:45,605 [java.util.concurrent.ThreadPoolExecutor$Worker@6cfe6b9e[State = -1, empty queue]] WARN  server.GrpcLogAppender (GrpcLogAppender.java:timeoutAppendRequest(200)) - aeb2043f-b21f-448b-b98e-71f6b579dea4@group-2722138C0FE0->a8d859d1-6640-4c40-83aa-447d1cb68642-GrpcLogAppender: appendEntries Timeout, request=aeb2043f-b21f-448b-b98e-71f6b579dea4->a8d859d1-6640-4c40-83aa-447d1cb68642#131-t1, previous=(t:1, i:18), leaderCommit=14, initializing? false, entries: <empty>
2019-09-11 10:33:45,605 [java.util.concurrent.ThreadPoolExecutor$Worker@7d2632d6[State = -1, empty queue]] WARN  server.GrpcLogAppender (GrpcLogAppender.java:timeoutAppendRequest(200)) - aeb2043f-b21f-448b-b98e-71f6b579dea4@group-2722138C0FE0->95b20011-2e58-4a94-a7ae-3b1213f1c518-GrpcLogAppender: appendEntries Timeout, request=aeb2043f-b21f-448b-b98e-71f6b579dea4->95b20011-2e58-4a94-a7ae-3b1213f1c518#131-t1, previous=(t:1, i:18), leaderCommit=14, initializing? false, entries: <empty>
2019-09-11 10:33:46,002 [java.util.concurrent.ThreadPoolExecutor$Worker@73f440d5[State = -1, empty queue]] WARN  server.GrpcLogAppender (GrpcLogAppender.java:timeoutAppendRequest(200)) - a147bf4e-e47b-4bef-becd-030e3c92d985@group-42EC5F47EE4E->84160365-33de-4d43-a4b9-c2ba02cae000-GrpcLogAppender: appendEntries Timeout, request=a147bf4e-e47b-4bef-becd-030e3c92d985->84160365-33de-4d43-a4b9-c2ba02cae000#144-t2, previous=(t:2, i:35), leaderCommit=31, initializing? false, entries: <empty>
2019-09-11 10:33:46,002 [java.util.concurrent.ThreadPoolExecutor$Worker@3cd8d43b[State = -1, empty queue]] WARN  server.GrpcLogAppender (GrpcLogAppender.java:timeoutAppendRequest(200)) - a147bf4e-e47b-4bef-becd-030e3c92d985@group-42EC5F47EE4E->d898b401-bc34-4650-97cf-b91d52192f1e-GrpcLogAppender: appendEntries Timeout, request=a147bf4e-e47b-4bef-becd-030e3c92d985->d898b401-bc34-4650-97cf-b91d52192f1e#144-t2, previous=(t:2, i:35), leaderCommit=31, initializing? false, entries: <empty>
2019-09-11 10:33:46,106 [java.util.concurrent.ThreadPoolExecutor$Worker@7d2632d6[State = -1, empty queue]] WARN  server.GrpcLogAppender (GrpcLogAppender.java:timeoutAppendRequest(200)) - aeb2043f-b21f-448b-b98e-71f6b579dea4@group-2722138C0FE0->95b20011-2e58-4a94-a7ae-3b1213f1c518-GrpcLogAppender: appendEntries Timeout, request=aeb2043f-b21f-448b-b98e-71f6b579dea4->95b20011-2e58-4a94-a7ae-3b1213f1c518#132-t1, previous=(t:1, i:18), leaderCommit=14, initializing? false, entries: <empty>
2019-09-11 10:33:46,106 [java.util.concurrent.ThreadPoolExecutor$Worker@6cfe6b9e[State = -1, empty queue]] WARN  server.GrpcLogAppender (GrpcLogAppender.java:timeoutAppendRequest(200)) - aeb2043f-b21f-448b-b98e-71f6b579dea4@group-2722138C0FE0->a8d859d1-6640-4c40-83aa-447d1cb68642-GrpcLogAppender: appendEntries Timeout, request=aeb2043f-b21f-448b-b98e-71f6b579dea4->a8d859d1-6640-4c40-83aa-447d1cb68642#132-t1, previous=(t:1, i:18), leaderCommit=14, initializing? false, entries: <empty>
2019-09-11 10:33:46,503 [java.util.concurrent.ThreadPoolExecutor$Worker@3cd8d43b[State = -1, empty queue]] WARN  server.GrpcLogAppender (GrpcLogAppender.java:timeoutAppendRequest(200)) - a147bf4e-e47b-4bef-becd-030e3c92d985@group-42EC5F47EE4E->d898b401-bc34-4650-97cf-b91d52192f1e-GrpcLogAppender: appendEntries Timeout, request=a147bf4e-e47b-4bef-becd-030e3c92d985->d898b401-bc34-4650-97cf-b91d52192f1e#145-t2, previous=(t:2, i:35), leaderCommit=31, initializing? false, entries: <empty>
2019-09-11 10:33:46,503 [java.util.concurrent.ThreadPoolExecutor$Worker@73f440d5[State = -1, empty queue]] WARN  server.GrpcLogAppender (GrpcLogAppender.java:timeoutAppendRequest(200)) - a147bf4e-e47b-4bef-becd-030e3c92d985@group-42EC5F47EE4E->84160365-33de-4d43-a4b9-c2ba02cae000-GrpcLogAppender: appendEntries Timeout, request=a147bf4e-e47b-4bef-becd-030e3c92d985->84160365-33de-4d43-a4b9-c2ba02cae000#145-t2, previous=(t:2, i:35), leaderCommit=31, initializing? false, entries: <empty>
2019-09-11 10:33:46,615 [java.util.concurrent.ThreadPoolExecutor$Worker@7d2632d6[State = -1, empty queue]] WARN  server.GrpcLogAppender (GrpcLogAppender.java:timeoutAppendRequest(200)) - aeb2043f-b21f-448b-b98e-71f6b579dea4@group-2722138C0FE0->95b20011-2e58-4a94-a7ae-3b1213f1c518-GrpcLogAppender: appendEntries Timeout, request=aeb2043f-b21f-448b-b98e-71f6b579dea4->95b20011-2e58-4a94-a7ae-3b1213f1c518#133-t1, previous=(t:1, i:18), leaderCommit=14, initializing? false, entries: <empty>
2019-09-11 10:33:46,615 [java.util.concurrent.ThreadPoolExecutor$Worker@6cfe6b9e[State = -1, empty queue]] WARN  server.GrpcLogAppender (GrpcLogAppender.java:timeoutAppendRequest(200)) - aeb2043f-b21f-448b-b98e-71f6b579dea4@group-2722138C0FE0->a8d859d1-6640-4c40-83aa-447d1cb68642-GrpcLogAppender: appendEntries Timeout, request=aeb2043f-b21f-448b-b98e-71f6b579dea4->a8d859d1-6640-4c40-83aa-447d1cb68642#133-t1, previous=(t:1, i:18), leaderCommit=14, initializing? false, entries: <empty>
2019-09-11 10:33:47,003 [java.util.concurrent.ThreadPoolExecutor$Worker@73f440d5[State = -1, empty queue]] WARN  server.GrpcLogAppender (GrpcLogAppender.java:timeoutAppendRequest(200)) - a147bf4e-e47b-4bef-becd-030e3c92d985@group-42EC5F47EE4E->84160365-33de-4d43-a4b9-c2ba02cae000-GrpcLogAppender: appendEntries Timeout, request=a147bf4e-e47b-4bef-becd-030e3c92d985->84160365-33de-4d43-a4b9-c2ba02cae000#146-t2, previous=(t:2, i:35), leaderCommit=31, initializing? false, entries: <empty>
2019-09-11 10:33:47,003 [java.util.concurrent.ThreadPoolExecutor$Worker@3cd8d43b[State = -1, empty queue]] WARN  server.GrpcLogAppender (GrpcLogAppender.java:timeoutAppendRequest(200)) - a147bf4e-e47b-4bef-becd-030e3c92d985@group-42EC5F47EE4E->d898b401-bc34-4650-97cf-b91d52192f1e-GrpcLogAppender: appendEntries Timeout, request=a147bf4e-e47b-4bef-becd-030e3c92d985->d898b401-bc34-4650-97cf-b91d52192f1e#146-t2, previous=(t:2, i:35), leaderCommit=31, initializing? false, entries: <empty>
2019-09-11 10:33:47,116 [java.util.concurrent.ThreadPoolExecutor$Worker@6cfe6b9e[State = -1, empty queue]] WARN  server.GrpcLogAppender (GrpcLogAppender.java:timeoutAppendRequest(200)) - aeb2043f-b21f-448b-b98e-71f6b579dea4@group-2722138C0FE0->a8d859d1-6640-4c40-83aa-447d1cb68642-GrpcLogAppender: appendEntries Timeout, request=aeb2043f-b21f-448b-b98e-71f6b579dea4->a8d859d1-6640-4c40-83aa-447d1cb68642#134-t1, previous=(t:1, i:18), leaderCommit=14, initializing? false, entries: <empty>
2019-09-11 10:33:47,116 [java.util.concurrent.ThreadPoolExecutor$Worker@7d2632d6[State = -1, empty queue]] WARN  server.GrpcLogAppender (GrpcLogAppender.java:timeoutAppendRequest(200)) - aeb2043f-b21f-448b-b98e-71f6b579dea4@group-2722138C0FE0->95b20011-2e58-4a94-a7ae-3b1213f1c518-GrpcLogAppender: appendEntries Timeout, request=aeb2043f-b21f-448b-b98e-71f6b579dea4->95b20011-2e58-4a94-a7ae-3b1213f1c518#134-t1, previous=(t:1, i:18), leaderCommit=14, initializing? false, entries: <empty>
2019-09-11 10:33:47,488 [84160365-33de-4d43-a4b9-c2ba02cae000@group-42EC5F47EE4E-SegmentedRaftLogWorker] WARN  segmented.SegmentedRaftLogWorker (SegmentedRaftLogWorker.java:getFromFuture(90)) - Timeout 0/~
org.apache.ratis.protocol.TimeoutIOException: Timeout 10s: WriteLog:32: (t:2, i:32), STATEMACHINELOGENTRY, client-001DCA5E84A8, cid=64-writeStateMachineData
	at org.apache.ratis.util.IOUtils.getFromFuture(IOUtils.java:87)
	at org.apache.ratis.server.raftlog.segmented.SegmentedRaftLogWorker$StateMachineDataPolicy.getFromFuture(SegmentedRaftLogWorker.java:87)
	at org.apache.ratis.server.raftlog.segmented.SegmentedRaftLogWorker$WriteLog.execute(SegmentedRaftLogWorker.java:477)
	at org.apache.ratis.server.raftlog.segmented.SegmentedRaftLogWorker.run(SegmentedRaftLogWorker.java:289)
	at java.lang.Thread.run(Thread.java:748)
Caused by: java.util.concurrent.TimeoutException
	at java.util.concurrent.CompletableFuture.timedGet(CompletableFuture.java:1771)
	at java.util.concurrent.CompletableFuture.get(CompletableFuture.java:1915)
	at org.apache.ratis.util.IOUtils.getFromFuture(IOUtils.java:79)
	... 4 more
2019-09-11 10:33:47,488 [d898b401-bc34-4650-97cf-b91d52192f1e@group-42EC5F47EE4E-SegmentedRaftLogWorker] WARN  segmented.SegmentedRaftLogWorker (SegmentedRaftLogWorker.java:getFromFuture(90)) - Timeout 0/~
org.apache.ratis.protocol.TimeoutIOException: Timeout 10s: WriteLog:32: (t:2, i:32), STATEMACHINELOGENTRY, client-001DCA5E84A8, cid=64-writeStateMachineData
	at org.apache.ratis.util.IOUtils.getFromFuture(IOUtils.java:87)
	at org.apache.ratis.server.raftlog.segmented.SegmentedRaftLogWorker$StateMachineDataPolicy.getFromFuture(SegmentedRaftLogWorker.java:87)
	at org.apache.ratis.server.raftlog.segmented.SegmentedRaftLogWorker$WriteLog.execute(SegmentedRaftLogWorker.java:477)
	at org.apache.ratis.server.raftlog.segmented.SegmentedRaftLogWorker.run(SegmentedRaftLogWorker.java:289)
	at java.lang.Thread.run(Thread.java:748)
Caused by: java.util.concurrent.TimeoutException
	at java.util.concurrent.CompletableFuture.timedGet(CompletableFuture.java:1771)
	at java.util.concurrent.CompletableFuture.get(CompletableFuture.java:1915)
	at org.apache.ratis.util.IOUtils.getFromFuture(IOUtils.java:79)
	... 4 more
2019-09-11 10:33:47,503 [java.util.concurrent.ThreadPoolExecutor$Worker@73f440d5[State = -1, empty queue]] WARN  server.GrpcLogAppender (GrpcLogAppender.java:timeoutAppendRequest(200)) - a147bf4e-e47b-4bef-becd-030e3c92d985@group-42EC5F47EE4E->84160365-33de-4d43-a4b9-c2ba02cae000-GrpcLogAppender: appendEntries Timeout, request=a147bf4e-e47b-4bef-becd-030e3c92d985->84160365-33de-4d43-a4b9-c2ba02cae000#147-t2, previous=(t:2, i:35), leaderCommit=31, initializing? false, entries: <empty>
2019-09-11 10:33:47,503 [java.util.concurrent.ThreadPoolExecutor$Worker@3cd8d43b[State = -1, empty queue]] WARN  server.GrpcLogAppender (GrpcLogAppender.java:timeoutAppendRequest(200)) - a147bf4e-e47b-4bef-becd-030e3c92d985@group-42EC5F47EE4E->d898b401-bc34-4650-97cf-b91d52192f1e-GrpcLogAppender: appendEntries Timeout, request=a147bf4e-e47b-4bef-becd-030e3c92d985->d898b401-bc34-4650-97cf-b91d52192f1e#147-t2, previous=(t:2, i:35), leaderCommit=31, initializing? false, entries: <empty>
2019-09-11 10:33:47,591 [grpc-default-executor-1] INFO  client.GrpcClientProtocolClient (GrpcClientProtocolClient.java:onNext(264)) - client-001DCA5E84A8->d898b401-bc34-4650-97cf-b91d52192f1e: receive RaftClientReply:client-001DCA5E84A8->d898b401-bc34-4650-97cf-b91d52192f1e@group-42EC5F47EE4E, cid=64, FAILED org.apache.ratis.protocol.NotLeaderException: Server d898b401-bc34-4650-97cf-b91d52192f1e@group-42EC5F47EE4E is not the leader a147bf4e-e47b-4bef-becd-030e3c92d985:192.168.69.96:46724, logIndex=0, commits[d898b401-bc34-4650-97cf-b91d52192f1e:c31, a147bf4e-e47b-4bef-becd-030e3c92d985:c31, 84160365-33de-4d43-a4b9-c2ba02cae000:c29]
2019-09-11 10:33:47,616 [java.util.concurrent.ThreadPoolExecutor$Worker@7d2632d6[State = -1, empty queue]] WARN  server.GrpcLogAppender (GrpcLogAppender.java:timeoutAppendRequest(200)) - aeb2043f-b21f-448b-b98e-71f6b579dea4@group-2722138C0FE0->95b20011-2e58-4a94-a7ae-3b1213f1c518-GrpcLogAppender: appendEntries Timeout, request=aeb2043f-b21f-448b-b98e-71f6b579dea4->95b20011-2e58-4a94-a7ae-3b1213f1c518#135-t1, previous=(t:1, i:18), leaderCommit=14, initializing? false, entries: <empty>
2019-09-11 10:33:47,616 [java.util.concurrent.ThreadPoolExecutor$Worker@6cfe6b9e[State = -1, empty queue]] WARN  server.GrpcLogAppender (GrpcLogAppender.java:timeoutAppendRequest(200)) - aeb2043f-b21f-448b-b98e-71f6b579dea4@group-2722138C0FE0->a8d859d1-6640-4c40-83aa-447d1cb68642-GrpcLogAppender: appendEntries Timeout, request=aeb2043f-b21f-448b-b98e-71f6b579dea4->a8d859d1-6640-4c40-83aa-447d1cb68642#135-t1, previous=(t:1, i:18), leaderCommit=14, initializing? false, entries: <empty>
2019-09-11 10:33:47,671 [a147bf4e-e47b-4bef-becd-030e3c92d985@group-42EC5F47EE4E-SegmentedRaftLogWorker] WARN  segmented.SegmentedRaftLogWorker (SegmentedRaftLogWorker.java:getFromFuture(90)) - Timeout 0/~
org.apache.ratis.protocol.TimeoutIOException: Timeout 10s: WriteLog:34: (t:2, i:34), STATEMACHINELOGENTRY, client-001DCA5E84A8, cid=66-writeStateMachineData
	at org.apache.ratis.util.IOUtils.getFromFuture(IOUtils.java:87)
	at org.apache.ratis.server.raftlog.segmented.SegmentedRaftLogWorker$StateMachineDataPolicy.getFromFuture(SegmentedRaftLogWorker.java:87)
	at org.apache.ratis.server.raftlog.segmented.SegmentedRaftLogWorker$WriteLog.execute(SegmentedRaftLogWorker.java:477)
	at org.apache.ratis.server.raftlog.segmented.SegmentedRaftLogWorker.run(SegmentedRaftLogWorker.java:289)
	at java.lang.Thread.run(Thread.java:748)
Caused by: java.util.concurrent.TimeoutException
	at java.util.concurrent.CompletableFuture.timedGet(CompletableFuture.java:1771)
	at java.util.concurrent.CompletableFuture.get(CompletableFuture.java:1915)
	at org.apache.ratis.util.IOUtils.getFromFuture(IOUtils.java:79)
	... 4 more
2019-09-11 10:33:48,004 [java.util.concurrent.ThreadPoolExecutor$Worker@3cd8d43b[State = -1, empty queue]] WARN  server.GrpcLogAppender (GrpcLogAppender.java:timeoutAppendRequest(200)) - a147bf4e-e47b-4bef-becd-030e3c92d985@group-42EC5F47EE4E->d898b401-bc34-4650-97cf-b91d52192f1e-GrpcLogAppender: appendEntries Timeout, request=a147bf4e-e47b-4bef-becd-030e3c92d985->d898b401-bc34-4650-97cf-b91d52192f1e#148-t2, previous=(t:2, i:35), leaderCommit=31, initializing? false, entries: <empty>
2019-09-11 10:33:48,004 [java.util.concurrent.ThreadPoolExecutor$Worker@73f440d5[State = -1, empty queue]] WARN  server.GrpcLogAppender (GrpcLogAppender.java:timeoutAppendRequest(200)) - a147bf4e-e47b-4bef-becd-030e3c92d985@group-42EC5F47EE4E->84160365-33de-4d43-a4b9-c2ba02cae000-GrpcLogAppender: appendEntries Timeout, request=a147bf4e-e47b-4bef-becd-030e3c92d985->84160365-33de-4d43-a4b9-c2ba02cae000#148-t2, previous=(t:2, i:35), leaderCommit=31, initializing? false, entries: <empty>
2019-09-11 10:33:48,013 [36d8287a-f445-472c-84c0-3ac4479cc6b6@group-8BAF5038FCF7-SegmentedRaftLogWorker] WARN  segmented.SegmentedRaftLogWorker (SegmentedRaftLogWorker.java:getFromFuture(90)) - Timeout 5/~
org.apache.ratis.protocol.TimeoutIOException: Timeout 10s: WriteLog:18: (t:3, i:18), STATEMACHINELOGENTRY, client-93B8AFC33C87, cid=30-writeStateMachineData
	at org.apache.ratis.util.IOUtils.getFromFuture(IOUtils.java:87)
	at org.apache.ratis.server.raftlog.segmented.SegmentedRaftLogWorker$StateMachineDataPolicy.getFromFuture(SegmentedRaftLogWorker.java:87)
	at org.apache.ratis.server.raftlog.segmented.SegmentedRaftLogWorker$WriteLog.execute(SegmentedRaftLogWorker.java:477)
	at org.apache.ratis.server.raftlog.segmented.SegmentedRaftLogWorker.run(SegmentedRaftLogWorker.java:289)
	at java.lang.Thread.run(Thread.java:748)
Caused by: java.util.concurrent.TimeoutException
	at java.util.concurrent.CompletableFuture.timedGet(CompletableFuture.java:1771)
	at java.util.concurrent.CompletableFuture.get(CompletableFuture.java:1915)
	at org.apache.ratis.util.IOUtils.getFromFuture(IOUtils.java:79)
	... 4 more
2019-09-11 10:33:48,116 [java.util.concurrent.ThreadPoolExecutor$Worker@6cfe6b9e[State = -1, empty queue]] WARN  server.GrpcLogAppender (GrpcLogAppender.java:timeoutAppendRequest(200)) - aeb2043f-b21f-448b-b98e-71f6b579dea4@group-2722138C0FE0->a8d859d1-6640-4c40-83aa-447d1cb68642-GrpcLogAppender: appendEntries Timeout, request=aeb2043f-b21f-448b-b98e-71f6b579dea4->a8d859d1-6640-4c40-83aa-447d1cb68642#136-t1, previous=(t:1, i:18), leaderCommit=14, initializing? false, entries: <empty>
2019-09-11 10:33:48,116 [java.util.concurrent.ThreadPoolExecutor$Worker@7d2632d6[State = -1, empty queue]] WARN  server.GrpcLogAppender (GrpcLogAppender.java:timeoutAppendRequest(200)) - aeb2043f-b21f-448b-b98e-71f6b579dea4@group-2722138C0FE0->95b20011-2e58-4a94-a7ae-3b1213f1c518-GrpcLogAppender: appendEntries Timeout, request=aeb2043f-b21f-448b-b98e-71f6b579dea4->95b20011-2e58-4a94-a7ae-3b1213f1c518#136-t1, previous=(t:1, i:18), leaderCommit=14, initializing? false, entries: <empty>
2019-09-11 10:33:48,504 [java.util.concurrent.ThreadPoolExecutor$Worker@3cd8d43b[State = -1, empty queue]] WARN  server.GrpcLogAppender (GrpcLogAppender.java:timeoutAppendRequest(200)) - a147bf4e-e47b-4bef-becd-030e3c92d985@group-42EC5F47EE4E->d898b401-bc34-4650-97cf-b91d52192f1e-GrpcLogAppender: appendEntries Timeout, request=a147bf4e-e47b-4bef-becd-030e3c92d985->d898b401-bc34-4650-97cf-b91d52192f1e#149-t2, previous=(t:2, i:35), leaderCommit=31, initializing? false, entries: <empty>
2019-09-11 10:33:48,504 [java.util.concurrent.ThreadPoolExecutor$Worker@73f440d5[State = -1, empty queue]] WARN  server.GrpcLogAppender (GrpcLogAppender.java:timeoutAppendRequest(200)) - a147bf4e-e47b-4bef-becd-030e3c92d985@group-42EC5F47EE4E->84160365-33de-4d43-a4b9-c2ba02cae000-GrpcLogAppender: appendEntries Timeout, request=a147bf4e-e47b-4bef-becd-030e3c92d985->84160365-33de-4d43-a4b9-c2ba02cae000#149-t2, previous=(t:2, i:35), leaderCommit=31, initializing? false, entries: <empty>
2019-09-11 10:33:48,616 [java.util.concurrent.ThreadPoolExecutor$Worker@7d2632d6[State = -1, empty queue]] WARN  server.GrpcLogAppender (GrpcLogAppender.java:timeoutAppendRequest(200)) - aeb2043f-b21f-448b-b98e-71f6b579dea4@group-2722138C0FE0->95b20011-2e58-4a94-a7ae-3b1213f1c518-GrpcLogAppender: appendEntries Timeout, request=aeb2043f-b21f-448b-b98e-71f6b579dea4->95b20011-2e58-4a94-a7ae-3b1213f1c518#137-t1, previous=(t:1, i:18), leaderCommit=14, initializing? false, entries: <empty>
2019-09-11 10:33:48,616 [java.util.concurrent.ThreadPoolExecutor$Worker@6cfe6b9e[State = -1, empty queue]] WARN  server.GrpcLogAppender (GrpcLogAppender.java:timeoutAppendRequest(200)) - aeb2043f-b21f-448b-b98e-71f6b579dea4@group-2722138C0FE0->a8d859d1-6640-4c40-83aa-447d1cb68642-GrpcLogAppender: appendEntries Timeout, request=aeb2043f-b21f-448b-b98e-71f6b579dea4->a8d859d1-6640-4c40-83aa-447d1cb68642#137-t1, previous=(t:1, i:18), leaderCommit=14, initializing? false, entries: <empty>
2019-09-11 10:33:49,004 [java.util.concurrent.ThreadPoolExecutor$Worker@3cd8d43b[State = -1, empty queue]] WARN  server.GrpcLogAppender (GrpcLogAppender.java:timeoutAppendRequest(200)) - a147bf4e-e47b-4bef-becd-030e3c92d985@group-42EC5F47EE4E->d898b401-bc34-4650-97cf-b91d52192f1e-GrpcLogAppender: appendEntries Timeout, request=a147bf4e-e47b-4bef-becd-030e3c92d985->d898b401-bc34-4650-97cf-b91d52192f1e#150-t2, previous=(t:2, i:35), leaderCommit=31, initializing? false, entries: <empty>
2019-09-11 10:33:49,004 [java.util.concurrent.ThreadPoolExecutor$Worker@73f440d5[State = -1, empty queue]] WARN  server.GrpcLogAppender (GrpcLogAppender.java:timeoutAppendRequest(200)) - a147bf4e-e47b-4bef-becd-030e3c92d985@group-42EC5F47EE4E->84160365-33de-4d43-a4b9-c2ba02cae000-GrpcLogAppender: appendEntries Timeout, request=a147bf4e-e47b-4bef-becd-030e3c92d985->84160365-33de-4d43-a4b9-c2ba02cae000#150-t2, previous=(t:2, i:35), leaderCommit=31, initializing? false, entries: <empty>
2019-09-11 10:33:49,117 [java.util.concurrent.ThreadPoolExecutor$Worker@7d2632d6[State = -1, empty queue]] WARN  server.GrpcLogAppender (GrpcLogAppender.java:timeoutAppendRequest(200)) - aeb2043f-b21f-448b-b98e-71f6b579dea4@group-2722138C0FE0->95b20011-2e58-4a94-a7ae-3b1213f1c518-GrpcLogAppender: appendEntries Timeout, request=aeb2043f-b21f-448b-b98e-71f6b579dea4->95b20011-2e58-4a94-a7ae-3b1213f1c518#138-t1, previous=(t:1, i:18), leaderCommit=14, initializing? false, entries: <empty>
2019-09-11 10:33:49,117 [java.util.concurrent.ThreadPoolExecutor$Worker@6cfe6b9e[State = -1, empty queue]] WARN  server.GrpcLogAppender (GrpcLogAppender.java:timeoutAppendRequest(200)) - aeb2043f-b21f-448b-b98e-71f6b579dea4@group-2722138C0FE0->a8d859d1-6640-4c40-83aa-447d1cb68642-GrpcLogAppender: appendEntries Timeout, request=aeb2043f-b21f-448b-b98e-71f6b579dea4->a8d859d1-6640-4c40-83aa-447d1cb68642#138-t1, previous=(t:1, i:18), leaderCommit=14, initializing? false, entries: <empty>
2019-09-11 10:33:49,505 [java.util.concurrent.ThreadPoolExecutor$Worker@73f440d5[State = -1, empty queue]] WARN  server.GrpcLogAppender (GrpcLogAppender.java:timeoutAppendRequest(200)) - a147bf4e-e47b-4bef-becd-030e3c92d985@group-42EC5F47EE4E->84160365-33de-4d43-a4b9-c2ba02cae000-GrpcLogAppender: appendEntries Timeout, request=a147bf4e-e47b-4bef-becd-030e3c92d985->84160365-33de-4d43-a4b9-c2ba02cae000#151-t2, previous=(t:2, i:35), leaderCommit=31, initializing? false, entries: <empty>
2019-09-11 10:33:49,505 [java.util.concurrent.ThreadPoolExecutor$Worker@3cd8d43b[State = -1, empty queue]] WARN  server.GrpcLogAppender (GrpcLogAppender.java:timeoutAppendRequest(200)) - a147bf4e-e47b-4bef-becd-030e3c92d985@group-42EC5F47EE4E->d898b401-bc34-4650-97cf-b91d52192f1e-GrpcLogAppender: appendEntries Timeout, request=a147bf4e-e47b-4bef-becd-030e3c92d985->d898b401-bc34-4650-97cf-b91d52192f1e#151-t2, previous=(t:2, i:35), leaderCommit=31, initializing? false, entries: <empty>
2019-09-11 10:33:49,617 [java.util.concurrent.ThreadPoolExecutor$Worker@6cfe6b9e[State = -1, empty queue]] WARN  server.GrpcLogAppender (GrpcLogAppender.java:timeoutAppendRequest(200)) - aeb2043f-b21f-448b-b98e-71f6b579dea4@group-2722138C0FE0->a8d859d1-6640-4c40-83aa-447d1cb68642-GrpcLogAppender: appendEntries Timeout, request=aeb2043f-b21f-448b-b98e-71f6b579dea4->a8d859d1-6640-4c40-83aa-447d1cb68642#139-t1, previous=(t:1, i:18), leaderCommit=14, initializing? false, entries: <empty>
2019-09-11 10:33:49,617 [java.util.concurrent.ThreadPoolExecutor$Worker@7d2632d6[State = -1, empty queue]] WARN  server.GrpcLogAppender (GrpcLogAppender.java:timeoutAppendRequest(200)) - aeb2043f-b21f-448b-b98e-71f6b579dea4@group-2722138C0FE0->95b20011-2e58-4a94-a7ae-3b1213f1c518-GrpcLogAppender: appendEntries Timeout, request=aeb2043f-b21f-448b-b98e-71f6b579dea4->95b20011-2e58-4a94-a7ae-3b1213f1c518#139-t1, previous=(t:1, i:18), leaderCommit=14, initializing? false, entries: <empty>
2019-09-11 10:33:50,006 [java.util.concurrent.ThreadPoolExecutor$Worker@73f440d5[State = -1, empty queue]] WARN  server.GrpcLogAppender (GrpcLogAppender.java:timeoutAppendRequest(200)) - a147bf4e-e47b-4bef-becd-030e3c92d985@group-42EC5F47EE4E->84160365-33de-4d43-a4b9-c2ba02cae000-GrpcLogAppender: appendEntries Timeout, request=a147bf4e-e47b-4bef-becd-030e3c92d985->84160365-33de-4d43-a4b9-c2ba02cae000#152-t2, previous=(t:2, i:35), leaderCommit=31, initializing? false, entries: <empty>
2019-09-11 10:33:50,006 [java.util.concurrent.ThreadPoolExecutor$Worker@3cd8d43b[State = -1, empty queue]] WARN  server.GrpcLogAppender (GrpcLogAppender.java:timeoutAppendRequest(200)) - a147bf4e-e47b-4bef-becd-030e3c92d985@group-42EC5F47EE4E->d898b401-bc34-4650-97cf-b91d52192f1e-GrpcLogAppender: appendEntries Timeout, request=a147bf4e-e47b-4bef-becd-030e3c92d985->d898b401-bc34-4650-97cf-b91d52192f1e#152-t2, previous=(t:2, i:35), leaderCommit=31, initializing? false, entries: <empty>
2019-09-11 10:33:50,117 [java.util.concurrent.ThreadPoolExecutor$Worker@6cfe6b9e[State = -1, empty queue]] WARN  server.GrpcLogAppender (GrpcLogAppender.java:timeoutAppendRequest(200)) - aeb2043f-b21f-448b-b98e-71f6b579dea4@group-2722138C0FE0->a8d859d1-6640-4c40-83aa-447d1cb68642-GrpcLogAppender: appendEntries Timeout, request=aeb2043f-b21f-448b-b98e-71f6b579dea4->a8d859d1-6640-4c40-83aa-447d1cb68642#140-t1, previous=(t:1, i:18), leaderCommit=14, initializing? false, entries: <empty>
2019-09-11 10:33:50,117 [java.util.concurrent.ThreadPoolExecutor$Worker@7d2632d6[State = -1, empty queue]] WARN  server.GrpcLogAppender (GrpcLogAppender.java:timeoutAppendRequest(200)) - aeb2043f-b21f-448b-b98e-71f6b579dea4@group-2722138C0FE0->95b20011-2e58-4a94-a7ae-3b1213f1c518-GrpcLogAppender: appendEntries Timeout, request=aeb2043f-b21f-448b-b98e-71f6b579dea4->95b20011-2e58-4a94-a7ae-3b1213f1c518#140-t1, previous=(t:1, i:18), leaderCommit=14, initializing? false, entries: <empty>
2019-09-11 10:33:50,506 [java.util.concurrent.ThreadPoolExecutor$Worker@73f440d5[State = -1, empty queue]] WARN  server.GrpcLogAppender (GrpcLogAppender.java:timeoutAppendRequest(200)) - a147bf4e-e47b-4bef-becd-030e3c92d985@group-42EC5F47EE4E->84160365-33de-4d43-a4b9-c2ba02cae000-GrpcLogAppender: appendEntries Timeout, request=a147bf4e-e47b-4bef-becd-030e3c92d985->84160365-33de-4d43-a4b9-c2ba02cae000#153-t2, previous=(t:2, i:35), leaderCommit=31, initializing? false, entries: <empty>
2019-09-11 10:33:50,506 [java.util.concurrent.ThreadPoolExecutor$Worker@3cd8d43b[State = -1, empty queue]] WARN  server.GrpcLogAppender (GrpcLogAppender.java:timeoutAppendRequest(200)) - a147bf4e-e47b-4bef-becd-030e3c92d985@group-42EC5F47EE4E->d898b401-bc34-4650-97cf-b91d52192f1e-GrpcLogAppender: appendEntries Timeout, request=a147bf4e-e47b-4bef-becd-030e3c92d985->d898b401-bc34-4650-97cf-b91d52192f1e#153-t2, previous=(t:2, i:35), leaderCommit=31, initializing? false, entries: <empty>
2019-09-11 10:33:50,619 [java.util.concurrent.ThreadPoolExecutor$Worker@7d2632d6[State = -1, empty queue]] WARN  server.GrpcLogAppender (GrpcLogAppender.java:timeoutAppendRequest(200)) - aeb2043f-b21f-448b-b98e-71f6b579dea4@group-2722138C0FE0->95b20011-2e58-4a94-a7ae-3b1213f1c518-GrpcLogAppender: appendEntries Timeout, request=aeb2043f-b21f-448b-b98e-71f6b579dea4->95b20011-2e58-4a94-a7ae-3b1213f1c518#141-t1, previous=(t:1, i:18), leaderCommit=14, initializing? false, entries: <empty>
2019-09-11 10:33:50,619 [java.util.concurrent.ThreadPoolExecutor$Worker@6cfe6b9e[State = -1, empty queue]] WARN  server.GrpcLogAppender (GrpcLogAppender.java:timeoutAppendRequest(200)) - aeb2043f-b21f-448b-b98e-71f6b579dea4@group-2722138C0FE0->a8d859d1-6640-4c40-83aa-447d1cb68642-GrpcLogAppender: appendEntries Timeout, request=aeb2043f-b21f-448b-b98e-71f6b579dea4->a8d859d1-6640-4c40-83aa-447d1cb68642#141-t1, previous=(t:1, i:18), leaderCommit=14, initializing? false, entries: <empty>
2019-09-11 10:33:51,006 [java.util.concurrent.ThreadPoolExecutor$Worker@3cd8d43b[State = -1, empty queue]] WARN  server.GrpcLogAppender (GrpcLogAppender.java:timeoutAppendRequest(200)) - a147bf4e-e47b-4bef-becd-030e3c92d985@group-42EC5F47EE4E->d898b401-bc34-4650-97cf-b91d52192f1e-GrpcLogAppender: appendEntries Timeout, request=a147bf4e-e47b-4bef-becd-030e3c92d985->d898b401-bc34-4650-97cf-b91d52192f1e#154-t2, previous=(t:2, i:35), leaderCommit=31, initializing? false, entries: <empty>
2019-09-11 10:33:51,006 [java.util.concurrent.ThreadPoolExecutor$Worker@73f440d5[State = -1, empty queue]] WARN  server.GrpcLogAppender (GrpcLogAppender.java:timeoutAppendRequest(200)) - a147bf4e-e47b-4bef-becd-030e3c92d985@group-42EC5F47EE4E->84160365-33de-4d43-a4b9-c2ba02cae000-GrpcLogAppender: appendEntries Timeout, request=a147bf4e-e47b-4bef-becd-030e3c92d985->84160365-33de-4d43-a4b9-c2ba02cae000#154-t2, previous=(t:2, i:35), leaderCommit=31, initializing? false, entries: <empty>
2019-09-11 10:33:51,119 [java.util.concurrent.ThreadPoolExecutor$Worker@7d2632d6[State = -1, empty queue]] WARN  server.GrpcLogAppender (GrpcLogAppender.java:timeoutAppendRequest(200)) - aeb2043f-b21f-448b-b98e-71f6b579dea4@group-2722138C0FE0->95b20011-2e58-4a94-a7ae-3b1213f1c518-GrpcLogAppender: appendEntries Timeout, request=aeb2043f-b21f-448b-b98e-71f6b579dea4->95b20011-2e58-4a94-a7ae-3b1213f1c518#142-t1, previous=(t:1, i:18), leaderCommit=14, initializing? false, entries: <empty>
2019-09-11 10:33:51,119 [java.util.concurrent.ThreadPoolExecutor$Worker@6cfe6b9e[State = -1, empty queue]] WARN  server.GrpcLogAppender (GrpcLogAppender.java:timeoutAppendRequest(200)) - aeb2043f-b21f-448b-b98e-71f6b579dea4@group-2722138C0FE0->a8d859d1-6640-4c40-83aa-447d1cb68642-GrpcLogAppender: appendEntries Timeout, request=aeb2043f-b21f-448b-b98e-71f6b579dea4->a8d859d1-6640-4c40-83aa-447d1cb68642#142-t1, previous=(t:1, i:18), leaderCommit=14, initializing? false, entries: <empty>
2019-09-11 10:33:51,506 [java.util.concurrent.ThreadPoolExecutor$Worker@3cd8d43b[State = -1, empty queue]] WARN  server.GrpcLogAppender (GrpcLogAppender.java:timeoutAppendRequest(200)) - a147bf4e-e47b-4bef-becd-030e3c92d985@group-42EC5F47EE4E->d898b401-bc34-4650-97cf-b91d52192f1e-GrpcLogAppender: appendEntries Timeout, request=a147bf4e-e47b-4bef-becd-030e3c92d985->d898b401-bc34-4650-97cf-b91d52192f1e#155-t2, previous=(t:2, i:35), leaderCommit=31, initializing? false, entries: <empty>
2019-09-11 10:33:51,506 [java.util.concurrent.ThreadPoolExecutor$Worker@73f440d5[State = -1, empty queue]] WARN  server.GrpcLogAppender (GrpcLogAppender.java:timeoutAppendRequest(200)) - a147bf4e-e47b-4bef-becd-030e3c92d985@group-42EC5F47EE4E->84160365-33de-4d43-a4b9-c2ba02cae000-GrpcLogAppender: appendEntries Timeout, request=a147bf4e-e47b-4bef-becd-030e3c92d985->84160365-33de-4d43-a4b9-c2ba02cae000#155-t2, previous=(t:2, i:35), leaderCommit=31, initializing? false, entries: <empty>
2019-09-11 10:33:51,619 [java.util.concurrent.ThreadPoolExecutor$Worker@7d2632d6[State = -1, empty queue]] WARN  server.GrpcLogAppender (GrpcLogAppender.java:timeoutAppendRequest(200)) - aeb2043f-b21f-448b-b98e-71f6b579dea4@group-2722138C0FE0->95b20011-2e58-4a94-a7ae-3b1213f1c518-GrpcLogAppender: appendEntries Timeout, request=aeb2043f-b21f-448b-b98e-71f6b579dea4->95b20011-2e58-4a94-a7ae-3b1213f1c518#143-t1, previous=(t:1, i:18), leaderCommit=14, initializing? false, entries: <empty>
2019-09-11 10:33:51,619 [java.util.concurrent.ThreadPoolExecutor$Worker@6cfe6b9e[State = -1, empty queue]] WARN  server.GrpcLogAppender (GrpcLogAppender.java:timeoutAppendRequest(200)) - aeb2043f-b21f-448b-b98e-71f6b579dea4@group-2722138C0FE0->a8d859d1-6640-4c40-83aa-447d1cb68642-GrpcLogAppender: appendEntries Timeout, request=aeb2043f-b21f-448b-b98e-71f6b579dea4->a8d859d1-6640-4c40-83aa-447d1cb68642#143-t1, previous=(t:1, i:18), leaderCommit=14, initializing? false, entries: <empty>
2019-09-11 10:33:52,007 [java.util.concurrent.ThreadPoolExecutor$Worker@3cd8d43b[State = -1, empty queue]] WARN  server.GrpcLogAppender (GrpcLogAppender.java:timeoutAppendRequest(200)) - a147bf4e-e47b-4bef-becd-030e3c92d985@group-42EC5F47EE4E->d898b401-bc34-4650-97cf-b91d52192f1e-GrpcLogAppender: appendEntries Timeout, request=a147bf4e-e47b-4bef-becd-030e3c92d985->d898b401-bc34-4650-97cf-b91d52192f1e#156-t2, previous=(t:2, i:35), leaderCommit=31, initializing? false, entries: <empty>
2019-09-11 10:33:52,007 [java.util.concurrent.ThreadPoolExecutor$Worker@73f440d5[State = -1, empty queue]] WARN  server.GrpcLogAppender (GrpcLogAppender.java:timeoutAppendRequest(200)) - a147bf4e-e47b-4bef-becd-030e3c92d985@group-42EC5F47EE4E->84160365-33de-4d43-a4b9-c2ba02cae000-GrpcLogAppender: appendEntries Timeout, request=a147bf4e-e47b-4bef-becd-030e3c92d985->84160365-33de-4d43-a4b9-c2ba02cae000#156-t2, previous=(t:2, i:35), leaderCommit=31, initializing? false, entries: <empty>
2019-09-11 10:33:52,120 [java.util.concurrent.ThreadPoolExecutor$Worker@6cfe6b9e[State = -1, empty queue]] WARN  server.GrpcLogAppender (GrpcLogAppender.java:timeoutAppendRequest(200)) - aeb2043f-b21f-448b-b98e-71f6b579dea4@group-2722138C0FE0->a8d859d1-6640-4c40-83aa-447d1cb68642-GrpcLogAppender: appendEntries Timeout, request=aeb2043f-b21f-448b-b98e-71f6b579dea4->a8d859d1-6640-4c40-83aa-447d1cb68642#144-t1, previous=(t:1, i:18), leaderCommit=14, initializing? false, entries: <empty>
2019-09-11 10:33:52,120 [java.util.concurrent.ThreadPoolExecutor$Worker@7d2632d6[State = -1, empty queue]] WARN  server.GrpcLogAppender (GrpcLogAppender.java:timeoutAppendRequest(200)) - aeb2043f-b21f-448b-b98e-71f6b579dea4@group-2722138C0FE0->95b20011-2e58-4a94-a7ae-3b1213f1c518-GrpcLogAppender: appendEntries Timeout, request=aeb2043f-b21f-448b-b98e-71f6b579dea4->95b20011-2e58-4a94-a7ae-3b1213f1c518#144-t1, previous=(t:1, i:18), leaderCommit=14, initializing? false, entries: <empty>
2019-09-11 10:33:52,507 [java.util.concurrent.ThreadPoolExecutor$Worker@73f440d5[State = -1, empty queue]] WARN  server.GrpcLogAppender (GrpcLogAppender.java:timeoutAppendRequest(200)) - a147bf4e-e47b-4bef-becd-030e3c92d985@group-42EC5F47EE4E->84160365-33de-4d43-a4b9-c2ba02cae000-GrpcLogAppender: appendEntries Timeout, request=a147bf4e-e47b-4bef-becd-030e3c92d985->84160365-33de-4d43-a4b9-c2ba02cae000#157-t2, previous=(t:2, i:35), leaderCommit=31, initializing? false, entries: <empty>
2019-09-11 10:33:52,507 [java.util.concurrent.ThreadPoolExecutor$Worker@3cd8d43b[State = -1, empty queue]] WARN  server.GrpcLogAppender (GrpcLogAppender.java:timeoutAppendRequest(200)) - a147bf4e-e47b-4bef-becd-030e3c92d985@group-42EC5F47EE4E->d898b401-bc34-4650-97cf-b91d52192f1e-GrpcLogAppender: appendEntries Timeout, request=a147bf4e-e47b-4bef-becd-030e3c92d985->d898b401-bc34-4650-97cf-b91d52192f1e#157-t2, previous=(t:2, i:35), leaderCommit=31, initializing? false, entries: <empty>
2019-09-11 10:33:52,621 [java.util.concurrent.ThreadPoolExecutor$Worker@6cfe6b9e[State = -1, empty queue]] WARN  server.GrpcLogAppender (GrpcLogAppender.java:timeoutAppendRequest(200)) - aeb2043f-b21f-448b-b98e-71f6b579dea4@group-2722138C0FE0->a8d859d1-6640-4c40-83aa-447d1cb68642-GrpcLogAppender: appendEntries Timeout, request=aeb2043f-b21f-448b-b98e-71f6b579dea4->a8d859d1-6640-4c40-83aa-447d1cb68642#145-t1, previous=(t:1, i:18), leaderCommit=14, initializing? false, entries: <empty>
2019-09-11 10:33:52,621 [java.util.concurrent.ThreadPoolExecutor$Worker@7d2632d6[State = -1, empty queue]] WARN  server.GrpcLogAppender (GrpcLogAppender.java:timeoutAppendRequest(200)) - aeb2043f-b21f-448b-b98e-71f6b579dea4@group-2722138C0FE0->95b20011-2e58-4a94-a7ae-3b1213f1c518-GrpcLogAppender: appendEntries Timeout, request=aeb2043f-b21f-448b-b98e-71f6b579dea4->95b20011-2e58-4a94-a7ae-3b1213f1c518#145-t1, previous=(t:1, i:18), leaderCommit=14, initializing? false, entries: <empty>
2019-09-11 10:33:52,654 [grpc-default-executor-1] INFO  client.GrpcClientProtocolClient (GrpcClientProtocolClient.java:onNext(264)) - client-001DCA5E84A8->84160365-33de-4d43-a4b9-c2ba02cae000: receive RaftClientReply:client-001DCA5E84A8->84160365-33de-4d43-a4b9-c2ba02cae000@group-42EC5F47EE4E, cid=64, FAILED org.apache.ratis.protocol.NotLeaderException: Server 84160365-33de-4d43-a4b9-c2ba02cae000@group-42EC5F47EE4E is not the leader a147bf4e-e47b-4bef-becd-030e3c92d985:192.168.69.96:46724, logIndex=0, commits[84160365-33de-4d43-a4b9-c2ba02cae000:c31, a147bf4e-e47b-4bef-becd-030e3c92d985:c31, d898b401-bc34-4650-97cf-b91d52192f1e:c29]
2019-09-11 10:33:53,007 [java.util.concurrent.ThreadPoolExecutor$Worker@73f440d5[State = -1, empty queue]] WARN  server.GrpcLogAppender (GrpcLogAppender.java:timeoutAppendRequest(200)) - a147bf4e-e47b-4bef-becd-030e3c92d985@group-42EC5F47EE4E->84160365-33de-4d43-a4b9-c2ba02cae000-GrpcLogAppender: appendEntries Timeout, request=a147bf4e-e47b-4bef-becd-030e3c92d985->84160365-33de-4d43-a4b9-c2ba02cae000#158-t2, previous=(t:2, i:35), leaderCommit=31, initializing? false, entries: <empty>
2019-09-11 10:33:53,007 [java.util.concurrent.ThreadPoolExecutor$Worker@3cd8d43b[State = -1, empty queue]] WARN  server.GrpcLogAppender (GrpcLogAppender.java:timeoutAppendRequest(200)) - a147bf4e-e47b-4bef-becd-030e3c92d985@group-42EC5F47EE4E->d898b401-bc34-4650-97cf-b91d52192f1e-GrpcLogAppender: appendEntries Timeout, request=a147bf4e-e47b-4bef-becd-030e3c92d985->d898b401-bc34-4650-97cf-b91d52192f1e#158-t2, previous=(t:2, i:35), leaderCommit=31, initializing? false, entries: <empty>
2019-09-11 10:33:53,121 [java.util.concurrent.ThreadPoolExecutor$Worker@7d2632d6[State = -1, empty queue]] WARN  server.GrpcLogAppender (GrpcLogAppender.java:timeoutAppendRequest(200)) - aeb2043f-b21f-448b-b98e-71f6b579dea4@group-2722138C0FE0->95b20011-2e58-4a94-a7ae-3b1213f1c518-GrpcLogAppender: appendEntries Timeout, request=aeb2043f-b21f-448b-b98e-71f6b579dea4->95b20011-2e58-4a94-a7ae-3b1213f1c518#146-t1, previous=(t:1, i:18), leaderCommit=14, initializing? false, entries: <empty>
2019-09-11 10:33:53,121 [java.util.concurrent.ThreadPoolExecutor$Worker@6cfe6b9e[State = -1, empty queue]] WARN  server.GrpcLogAppender (GrpcLogAppender.java:timeoutAppendRequest(200)) - aeb2043f-b21f-448b-b98e-71f6b579dea4@group-2722138C0FE0->a8d859d1-6640-4c40-83aa-447d1cb68642-GrpcLogAppender: appendEntries Timeout, request=aeb2043f-b21f-448b-b98e-71f6b579dea4->a8d859d1-6640-4c40-83aa-447d1cb68642#146-t1, previous=(t:1, i:18), leaderCommit=14, initializing? false, entries: <empty>
2019-09-11 10:33:53,508 [java.util.concurrent.ThreadPoolExecutor$Worker@73f440d5[State = -1, empty queue]] WARN  server.GrpcLogAppender (GrpcLogAppender.java:timeoutAppendRequest(200)) - a147bf4e-e47b-4bef-becd-030e3c92d985@group-42EC5F47EE4E->84160365-33de-4d43-a4b9-c2ba02cae000-GrpcLogAppender: appendEntries Timeout, request=a147bf4e-e47b-4bef-becd-030e3c92d985->84160365-33de-4d43-a4b9-c2ba02cae000#159-t2, previous=(t:2, i:35), leaderCommit=31, initializing? false, entries: <empty>
2019-09-11 10:33:53,508 [java.util.concurrent.ThreadPoolExecutor$Worker@3cd8d43b[State = -1, empty queue]] WARN  server.GrpcLogAppender (GrpcLogAppender.java:timeoutAppendRequest(200)) - a147bf4e-e47b-4bef-becd-030e3c92d985@group-42EC5F47EE4E->d898b401-bc34-4650-97cf-b91d52192f1e-GrpcLogAppender: appendEntries Timeout, request=a147bf4e-e47b-4bef-becd-030e3c92d985->d898b401-bc34-4650-97cf-b91d52192f1e#159-t2, previous=(t:2, i:35), leaderCommit=31, initializing? false, entries: <empty>
2019-09-11 10:33:53,558 [aeb2043f-b21f-448b-b98e-71f6b579dea4@group-2722138C0FE0-SegmentedRaftLogWorker] WARN  segmented.SegmentedRaftLogWorker (SegmentedRaftLogWorker.java:getFromFuture(90)) - Timeout 3/~
org.apache.ratis.protocol.TimeoutIOException: Timeout 10s: WriteLog:15: (t:1, i:15), STATEMACHINELOGENTRY, client-88C0A8EE5E46, cid=51-writeStateMachineData
	at org.apache.ratis.util.IOUtils.getFromFuture(IOUtils.java:87)
	at org.apache.ratis.server.raftlog.segmented.SegmentedRaftLogWorker$StateMachineDataPolicy.getFromFuture(SegmentedRaftLogWorker.java:87)
	at org.apache.ratis.server.raftlog.segmented.SegmentedRaftLogWorker$WriteLog.execute(SegmentedRaftLogWorker.java:477)
	at org.apache.ratis.server.raftlog.segmented.SegmentedRaftLogWorker.run(SegmentedRaftLogWorker.java:289)
	at java.lang.Thread.run(Thread.java:748)
Caused by: java.util.concurrent.TimeoutException
	at java.util.concurrent.CompletableFuture.timedGet(CompletableFuture.java:1771)
	at java.util.concurrent.CompletableFuture.get(CompletableFuture.java:1915)
	at org.apache.ratis.util.IOUtils.getFromFuture(IOUtils.java:79)
	... 4 more
2019-09-11 10:33:53,562 [95b20011-2e58-4a94-a7ae-3b1213f1c518@group-2722138C0FE0-SegmentedRaftLogWorker] WARN  segmented.SegmentedRaftLogWorker (SegmentedRaftLogWorker.java:getFromFuture(90)) - Timeout 3/~
org.apache.ratis.protocol.TimeoutIOException: Timeout 10s: WriteLog:15: (t:1, i:15), STATEMACHINELOGENTRY, client-88C0A8EE5E46, cid=51-writeStateMachineData
	at org.apache.ratis.util.IOUtils.getFromFuture(IOUtils.java:87)
	at org.apache.ratis.server.raftlog.segmented.SegmentedRaftLogWorker$StateMachineDataPolicy.getFromFuture(SegmentedRaftLogWorker.java:87)
	at org.apache.ratis.server.raftlog.segmented.SegmentedRaftLogWorker$WriteLog.execute(SegmentedRaftLogWorker.java:477)
	at org.apache.ratis.server.raftlog.segmented.SegmentedRaftLogWorker.run(SegmentedRaftLogWorker.java:289)
	at java.lang.Thread.run(Thread.java:748)
Caused by: java.util.concurrent.TimeoutException
	at java.util.concurrent.CompletableFuture.timedGet(CompletableFuture.java:1771)
	at java.util.concurrent.CompletableFuture.get(CompletableFuture.java:1915)
	at org.apache.ratis.util.IOUtils.getFromFuture(IOUtils.java:79)
	... 4 more
2019-09-11 10:33:53,621 [java.util.concurrent.ThreadPoolExecutor$Worker@7d2632d6[State = -1, empty queue]] WARN  server.GrpcLogAppender (GrpcLogAppender.java:timeoutAppendRequest(200)) - aeb2043f-b21f-448b-b98e-71f6b579dea4@group-2722138C0FE0->95b20011-2e58-4a94-a7ae-3b1213f1c518-GrpcLogAppender: appendEntries Timeout, request=aeb2043f-b21f-448b-b98e-71f6b579dea4->95b20011-2e58-4a94-a7ae-3b1213f1c518#147-t1, previous=(t:1, i:18), leaderCommit=14, initializing? false, entries: <empty>
2019-09-11 10:33:53,621 [java.util.concurrent.ThreadPoolExecutor$Worker@6cfe6b9e[State = -1, empty queue]] WARN  server.GrpcLogAppender (GrpcLogAppender.java:timeoutAppendRequest(200)) - aeb2043f-b21f-448b-b98e-71f6b579dea4@group-2722138C0FE0->a8d859d1-6640-4c40-83aa-447d1cb68642-GrpcLogAppender: appendEntries Timeout, request=aeb2043f-b21f-448b-b98e-71f6b579dea4->a8d859d1-6640-4c40-83aa-447d1cb68642#147-t1, previous=(t:1, i:18), leaderCommit=14, initializing? false, entries: <empty>
2019-09-11 10:33:53,824 [a8d859d1-6640-4c40-83aa-447d1cb68642@group-2722138C0FE0-SegmentedRaftLogWorker] WARN  segmented.SegmentedRaftLogWorker (SegmentedRaftLogWorker.java:getFromFuture(90)) - Timeout 3/~
org.apache.ratis.protocol.TimeoutIOException: Timeout 10s: WriteLog:17: (t:1, i:17), STATEMACHINELOGENTRY, client-88C0A8EE5E46, cid=53-writeStateMachineData
	at org.apache.ratis.util.IOUtils.getFromFuture(IOUtils.java:87)
	at org.apache.ratis.server.raftlog.segmented.SegmentedRaftLogWorker$StateMachineDataPolicy.getFromFuture(SegmentedRaftLogWorker.java:87)
	at org.apache.ratis.server.raftlog.segmented.SegmentedRaftLogWorker$WriteLog.execute(SegmentedRaftLogWorker.java:477)
	at org.apache.ratis.server.raftlog.segmented.SegmentedRaftLogWorker.run(SegmentedRaftLogWorker.java:289)
	at java.lang.Thread.run(Thread.java:748)
Caused by: java.util.concurrent.TimeoutException
	at java.util.concurrent.CompletableFuture.timedGet(CompletableFuture.java:1771)
	at java.util.concurrent.CompletableFuture.get(CompletableFuture.java:1915)
	at org.apache.ratis.util.IOUtils.getFromFuture(IOUtils.java:79)
	... 4 more
2019-09-11 10:33:54,009 [java.util.concurrent.ThreadPoolExecutor$Worker@3cd8d43b[State = -1, empty queue]] WARN  server.GrpcLogAppender (GrpcLogAppender.java:timeoutAppendRequest(200)) - a147bf4e-e47b-4bef-becd-030e3c92d985@group-42EC5F47EE4E->d898b401-bc34-4650-97cf-b91d52192f1e-GrpcLogAppender: appendEntries Timeout, request=a147bf4e-e47b-4bef-becd-030e3c92d985->d898b401-bc34-4650-97cf-b91d52192f1e#160-t2, previous=(t:2, i:35), leaderCommit=31, initializing? false, entries: <empty>
2019-09-11 10:33:54,009 [java.util.concurrent.ThreadPoolExecutor$Worker@73f440d5[State = -1, empty queue]] WARN  server.GrpcLogAppender (GrpcLogAppender.java:timeoutAppendRequest(200)) - a147bf4e-e47b-4bef-becd-030e3c92d985@group-42EC5F47EE4E->84160365-33de-4d43-a4b9-c2ba02cae000-GrpcLogAppender: appendEntries Timeout, request=a147bf4e-e47b-4bef-becd-030e3c92d985->84160365-33de-4d43-a4b9-c2ba02cae000#160-t2, previous=(t:2, i:35), leaderCommit=31, initializing? false, entries: <empty>
2019-09-11 10:33:54,122 [java.util.concurrent.ThreadPoolExecutor$Worker@6cfe6b9e[State = -1, empty queue]] WARN  server.GrpcLogAppender (GrpcLogAppender.java:timeoutAppendRequest(200)) - aeb2043f-b21f-448b-b98e-71f6b579dea4@group-2722138C0FE0->a8d859d1-6640-4c40-83aa-447d1cb68642-GrpcLogAppender: appendEntries Timeout, request=aeb2043f-b21f-448b-b98e-71f6b579dea4->a8d859d1-6640-4c40-83aa-447d1cb68642#148-t1, previous=(t:1, i:18), leaderCommit=14, initializing? false, entries: <empty>
2019-09-11 10:33:54,122 [java.util.concurrent.ThreadPoolExecutor$Worker@7d2632d6[State = -1, empty queue]] WARN  server.GrpcLogAppender (GrpcLogAppender.java:timeoutAppendRequest(200)) - aeb2043f-b21f-448b-b98e-71f6b579dea4@group-2722138C0FE0->95b20011-2e58-4a94-a7ae-3b1213f1c518-GrpcLogAppender: appendEntries Timeout, request=aeb2043f-b21f-448b-b98e-71f6b579dea4->95b20011-2e58-4a94-a7ae-3b1213f1c518#148-t1, previous=(t:1, i:18), leaderCommit=14, initializing? false, entries: <empty>
2019-09-11 10:33:54,509 [java.util.concurrent.ThreadPoolExecutor$Worker@73f440d5[State = -1, empty queue]] WARN  server.GrpcLogAppender (GrpcLogAppender.java:timeoutAppendRequest(200)) - a147bf4e-e47b-4bef-becd-030e3c92d985@group-42EC5F47EE4E->84160365-33de-4d43-a4b9-c2ba02cae000-GrpcLogAppender: appendEntries Timeout, request=a147bf4e-e47b-4bef-becd-030e3c92d985->84160365-33de-4d43-a4b9-c2ba02cae000#161-t2, previous=(t:2, i:35), leaderCommit=31, initializing? false, entries: <empty>
2019-09-11 10:33:54,509 [java.util.concurrent.ThreadPoolExecutor$Worker@3cd8d43b[State = -1, empty queue]] WARN  server.GrpcLogAppender (GrpcLogAppender.java:timeoutAppendRequest(200)) - a147bf4e-e47b-4bef-becd-030e3c92d985@group-42EC5F47EE4E->d898b401-bc34-4650-97cf-b91d52192f1e-GrpcLogAppender: appendEntries Timeout, request=a147bf4e-e47b-4bef-becd-030e3c92d985->d898b401-bc34-4650-97cf-b91d52192f1e#161-t2, previous=(t:2, i:35), leaderCommit=31, initializing? false, entries: <empty>
2019-09-11 10:33:54,625 [java.util.concurrent.ThreadPoolExecutor$Worker@7d2632d6[State = -1, empty queue]] WARN  server.GrpcLogAppender (GrpcLogAppender.java:timeoutAppendRequest(200)) - aeb2043f-b21f-448b-b98e-71f6b579dea4@group-2722138C0FE0->95b20011-2e58-4a94-a7ae-3b1213f1c518-GrpcLogAppender: appendEntries Timeout, request=aeb2043f-b21f-448b-b98e-71f6b579dea4->95b20011-2e58-4a94-a7ae-3b1213f1c518#149-t1, previous=(t:1, i:18), leaderCommit=14, initializing? false, entries: <empty>
2019-09-11 10:33:54,625 [java.util.concurrent.ThreadPoolExecutor$Worker@6cfe6b9e[State = -1, empty queue]] WARN  server.GrpcLogAppender (GrpcLogAppender.java:timeoutAppendRequest(200)) - aeb2043f-b21f-448b-b98e-71f6b579dea4@group-2722138C0FE0->a8d859d1-6640-4c40-83aa-447d1cb68642-GrpcLogAppender: appendEntries Timeout, request=aeb2043f-b21f-448b-b98e-71f6b579dea4->a8d859d1-6640-4c40-83aa-447d1cb68642#149-t1, previous=(t:1, i:18), leaderCommit=14, initializing? false, entries: <empty>
2019-09-11 10:33:55,010 [java.util.concurrent.ThreadPoolExecutor$Worker@73f440d5[State = -1, empty queue]] WARN  server.GrpcLogAppender (GrpcLogAppender.java:timeoutAppendRequest(200)) - a147bf4e-e47b-4bef-becd-030e3c92d985@group-42EC5F47EE4E->84160365-33de-4d43-a4b9-c2ba02cae000-GrpcLogAppender: appendEntries Timeout, request=a147bf4e-e47b-4bef-becd-030e3c92d985->84160365-33de-4d43-a4b9-c2ba02cae000#162-t2, previous=(t:2, i:35), leaderCommit=31, initializing? false, entries: <empty>
2019-09-11 10:33:55,010 [java.util.concurrent.ThreadPoolExecutor$Worker@3cd8d43b[State = -1, empty queue]] WARN  server.GrpcLogAppender (GrpcLogAppender.java:timeoutAppendRequest(200)) - a147bf4e-e47b-4bef-becd-030e3c92d985@group-42EC5F47EE4E->d898b401-bc34-4650-97cf-b91d52192f1e-GrpcLogAppender: appendEntries Timeout, request=a147bf4e-e47b-4bef-becd-030e3c92d985->d898b401-bc34-4650-97cf-b91d52192f1e#162-t2, previous=(t:2, i:35), leaderCommit=31, initializing? false, entries: <empty>
2019-09-11 10:33:55,125 [java.util.concurrent.ThreadPoolExecutor$Worker@7d2632d6[State = -1, empty queue]] WARN  server.GrpcLogAppender (GrpcLogAppender.java:timeoutAppendRequest(200)) - aeb2043f-b21f-448b-b98e-71f6b579dea4@group-2722138C0FE0->95b20011-2e58-4a94-a7ae-3b1213f1c518-GrpcLogAppender: appendEntries Timeout, request=aeb2043f-b21f-448b-b98e-71f6b579dea4->95b20011-2e58-4a94-a7ae-3b1213f1c518#150-t1, previous=(t:1, i:18), leaderCommit=14, initializing? false, entries: <empty>
2019-09-11 10:33:55,125 [java.util.concurrent.ThreadPoolExecutor$Worker@6cfe6b9e[State = -1, empty queue]] WARN  server.GrpcLogAppender (GrpcLogAppender.java:timeoutAppendRequest(200)) - aeb2043f-b21f-448b-b98e-71f6b579dea4@group-2722138C0FE0->a8d859d1-6640-4c40-83aa-447d1cb68642-GrpcLogAppender: appendEntries Timeout, request=aeb2043f-b21f-448b-b98e-71f6b579dea4->a8d859d1-6640-4c40-83aa-447d1cb68642#150-t1, previous=(t:1, i:18), leaderCommit=14, initializing? false, entries: <empty>
2019-09-11 10:33:55,510 [java.util.concurrent.ThreadPoolExecutor$Worker@73f440d5[State = -1, empty queue]] WARN  server.GrpcLogAppender (GrpcLogAppender.java:timeoutAppendRequest(200)) - a147bf4e-e47b-4bef-becd-030e3c92d985@group-42EC5F47EE4E->84160365-33de-4d43-a4b9-c2ba02cae000-GrpcLogAppender: appendEntries Timeout, request=a147bf4e-e47b-4bef-becd-030e3c92d985->84160365-33de-4d43-a4b9-c2ba02cae000#163-t2, previous=(t:2, i:35), leaderCommit=31, initializing? false, entries: <empty>
2019-09-11 10:33:55,510 [java.util.concurrent.ThreadPoolExecutor$Worker@3cd8d43b[State = -1, empty queue]] WARN  server.GrpcLogAppender (GrpcLogAppender.java:timeoutAppendRequest(200)) - a147bf4e-e47b-4bef-becd-030e3c92d985@group-42EC5F47EE4E->d898b401-bc34-4650-97cf-b91d52192f1e-GrpcLogAppender: appendEntries Timeout, request=a147bf4e-e47b-4bef-becd-030e3c92d985->d898b401-bc34-4650-97cf-b91d52192f1e#163-t2, previous=(t:2, i:35), leaderCommit=31, initializing? false, entries: <empty>
2019-09-11 10:33:55,625 [java.util.concurrent.ThreadPoolExecutor$Worker@6cfe6b9e[State = -1, empty queue]] WARN  server.GrpcLogAppender (GrpcLogAppender.java:timeoutAppendRequest(200)) - aeb2043f-b21f-448b-b98e-71f6b579dea4@group-2722138C0FE0->a8d859d1-6640-4c40-83aa-447d1cb68642-GrpcLogAppender: appendEntries Timeout, request=aeb2043f-b21f-448b-b98e-71f6b579dea4->a8d859d1-6640-4c40-83aa-447d1cb68642#151-t1, previous=(t:1, i:18), leaderCommit=14, initializing? false, entries: <empty>
2019-09-11 10:33:55,625 [java.util.concurrent.ThreadPoolExecutor$Worker@7d2632d6[State = -1, empty queue]] WARN  server.GrpcLogAppender (GrpcLogAppender.java:timeoutAppendRequest(200)) - aeb2043f-b21f-448b-b98e-71f6b579dea4@group-2722138C0FE0->95b20011-2e58-4a94-a7ae-3b1213f1c518-GrpcLogAppender: appendEntries Timeout, request=aeb2043f-b21f-448b-b98e-71f6b579dea4->95b20011-2e58-4a94-a7ae-3b1213f1c518#151-t1, previous=(t:1, i:18), leaderCommit=14, initializing? false, entries: <empty>
2019-09-11 10:33:55,690 [main] WARN  io.KeyOutputStream (KeyOutputStream.java:handleException(276)) - Encountered exception java.io.IOException: Unexpected Storage Container Exception: java.util.concurrent.CompletionException: java.util.concurrent.CompletionException: org.apache.ratis.protocol.RaftRetryFailureException: Failed RaftClientRequest:client-001DCA5E84A8->a147bf4e-e47b-4bef-becd-030e3c92d985@group-42EC5F47EE4E, cid=64, seq=9*, RW, org.apache.hadoop.hdds.scm.XceiverClientRatis$$Lambda$464/873295241@5802cab for 10 attempts with RetryLimited(maxAttempts=10, sleepTime=1000ms) on the pipeline Pipeline[ Id: d92856a0-e862-4960-888e-42ec5f47ee4e, Nodes: 84160365-33de-4d43-a4b9-c2ba02cae000{ip: 192.168.69.96, host: pr-hdds-1982-decom-states-q64lx-3787986432, networkLocation: /default-rack, certSerialId: null}d898b401-bc34-4650-97cf-b91d52192f1e{ip: 192.168.69.96, host: pr-hdds-1982-decom-states-q64lx-3787986432, networkLocation: /default-rack, certSerialId: null}a147bf4e-e47b-4bef-becd-030e3c92d985{ip: 192.168.69.96, host: pr-hdds-1982-decom-states-q64lx-3787986432, networkLocation: /default-rack, certSerialId: null}, Type:RATIS, Factor:THREE, State:OPEN]. The last committed block length is 0, uncommitted data length is 2097152 retry count 0
2019-09-11 10:33:55,735 [IPC Server handler 1 on 40668] WARN  block.BlockManagerImpl (BlockManagerImpl.java:allocateBlock(192)) - Pipeline creation failed for type:RATIS factor:THREE. Retrying get pipelines call once.
org.apache.hadoop.hdds.scm.pipeline.InsufficientDatanodesException: Cannot create pipeline of factor 3 using 1 nodes.
	at org.apache.hadoop.hdds.scm.pipeline.RatisPipelineProvider.create(RatisPipelineProvider.java:152)
	at org.apache.hadoop.hdds.scm.pipeline.PipelineFactory.create(PipelineFactory.java:57)
	at org.apache.hadoop.hdds.scm.pipeline.SCMPipelineManager.createPipeline(SCMPipelineManager.java:151)
	at org.apache.hadoop.hdds.scm.block.BlockManagerImpl.allocateBlock(BlockManagerImpl.java:190)
	at org.apache.hadoop.hdds.scm.server.SCMBlockProtocolServer.allocateBlock(SCMBlockProtocolServer.java:182)
	at org.apache.hadoop.ozone.protocolPB.ScmBlockLocationProtocolServerSideTranslatorPB.allocateScmBlock(ScmBlockLocationProtocolServerSideTranslatorPB.java:183)
	at org.apache.hadoop.ozone.protocolPB.ScmBlockLocationProtocolServerSideTranslatorPB.processMessage(ScmBlockLocationProtocolServerSideTranslatorPB.java:141)
	at org.apache.hadoop.ozone.protocolPB.ScmBlockLocationProtocolServerSideTranslatorPB.send(ScmBlockLocationProtocolServerSideTranslatorPB.java:116)
	at org.apache.hadoop.hdds.protocol.proto.ScmBlockLocationProtocolProtos$ScmBlockLocationProtocolService$2.callBlockingMethod(ScmBlockLocationProtocolProtos.java:13157)
	at org.apache.hadoop.ipc.ProtobufRpcEngine$Server$ProtoBufRpcInvoker.call(ProtobufRpcEngine.java:524)
	at org.apache.hadoop.ipc.RPC$Server.call(RPC.java:1025)
	at org.apache.hadoop.ipc.Server$RpcCall.run(Server.java:876)
	at org.apache.hadoop.ipc.Server$RpcCall.run(Server.java:822)
	at java.security.AccessController.doPrivileged(Native Method)
	at javax.security.auth.Subject.doAs(Subject.java:422)
	at org.apache.hadoop.security.UserGroupInformation.doAs(UserGroupInformation.java:1730)
	at org.apache.hadoop.ipc.Server$Handler.run(Server.java:2682)
2019-09-11 10:33:55,736 [IPC Server handler 1 on 40668] INFO  block.BlockManagerImpl (BlockManagerImpl.java:allocateBlock(198)) - Could not find available pipeline of type:RATIS and factor:THREE even after retrying
2019-09-11 10:33:55,736 [IPC Server handler 1 on 40668] ERROR block.BlockManagerImpl (BlockManagerImpl.java:allocateBlock(222)) - Unable to allocate a block for the size: 4194304, type: RATIS, factor: THREE
2019-09-11 10:33:55,742 [main] ERROR io.BlockOutputStreamEntryPool (BlockOutputStreamEntryPool.java:allocateBlockIfNeeded(299)) - Try to allocate more blocks for write failed, already allocated 0 blocks for this write.
INTERNAL_ERROR org.apache.hadoop.ozone.om.exceptions.OMException: Allocated 0 blocks. Requested 1 blocks
	at org.apache.hadoop.ozone.om.protocolPB.OzoneManagerProtocolClientSideTranslatorPB.handleError(OzoneManagerProtocolClientSideTranslatorPB.java:725)
	at org.apache.hadoop.ozone.om.protocolPB.OzoneManagerProtocolClientSideTranslatorPB.allocateBlock(OzoneManagerProtocolClientSideTranslatorPB.java:757)
	at org.apache.hadoop.ozone.client.io.BlockOutputStreamEntryPool.allocateNewBlock(BlockOutputStreamEntryPool.java:248)
	at org.apache.hadoop.ozone.client.io.BlockOutputStreamEntryPool.allocateBlockIfNeeded(BlockOutputStreamEntryPool.java:296)
	at org.apache.hadoop.ozone.client.io.KeyOutputStream.handleWrite(KeyOutputStream.java:201)
	at org.apache.hadoop.ozone.client.io.KeyOutputStream.handleRetry(KeyOutputStream.java:376)
	at org.apache.hadoop.ozone.client.io.KeyOutputStream.handleException(KeyOutputStream.java:325)
	at org.apache.hadoop.ozone.client.io.KeyOutputStream.handleWrite(KeyOutputStream.java:231)
	at org.apache.hadoop.ozone.client.io.KeyOutputStream.write(KeyOutputStream.java:193)
	at org.apache.hadoop.ozone.client.io.OzoneOutputStream.write(OzoneOutputStream.java:49)
	at java.io.OutputStream.write(OutputStream.java:75)
	at org.apache.hadoop.ozone.client.rpc.TestMultiBlockWritesWithDnFailures.testMultiBlockWritesWithIntermittentDnFailures(TestMultiBlockWritesWithDnFailures.java:196)
	at sun.reflect.NativeMethodAccessorImpl.invoke0(Native Method)
	at sun.reflect.NativeMethodAccessorImpl.invoke(NativeMethodAccessorImpl.java:62)
	at sun.reflect.DelegatingMethodAccessorImpl.invoke(DelegatingMethodAccessorImpl.java:43)
	at java.lang.reflect.Method.invoke(Method.java:498)
	at org.junit.runners.model.FrameworkMethod$1.runReflectiveCall(FrameworkMethod.java:47)
	at org.junit.internal.runners.model.ReflectiveCallable.run(ReflectiveCallable.java:12)
	at org.junit.runners.model.FrameworkMethod.invokeExplosively(FrameworkMethod.java:44)
	at org.junit.internal.runners.statements.InvokeMethod.evaluate(InvokeMethod.java:17)
	at org.junit.internal.runners.statements.RunAfters.evaluate(RunAfters.java:27)
	at org.junit.runners.ParentRunner.runLeaf(ParentRunner.java:271)
	at org.junit.runners.BlockJUnit4ClassRunner.runChild(BlockJUnit4ClassRunner.java:70)
	at org.junit.runners.BlockJUnit4ClassRunner.runChild(BlockJUnit4ClassRunner.java:50)
	at org.junit.runners.ParentRunner$3.run(ParentRunner.java:238)
	at org.junit.runners.ParentRunner$1.schedule(ParentRunner.java:63)
	at org.junit.runners.ParentRunner.runChildren(ParentRunner.java:236)
	at org.junit.runners.ParentRunner.access$000(ParentRunner.java:53)
	at org.junit.runners.ParentRunner$2.evaluate(ParentRunner.java:229)
	at org.junit.runners.ParentRunner.run(ParentRunner.java:309)
	at org.apache.maven.surefire.junit4.JUnit4Provider.execute(JUnit4Provider.java:365)
	at org.apache.maven.surefire.junit4.JUnit4Provider.executeWithRerun(JUnit4Provider.java:273)
	at org.apache.maven.surefire.junit4.JUnit4Provider.executeTestSet(JUnit4Provider.java:238)
	at org.apache.maven.surefire.junit4.JUnit4Provider.invoke(JUnit4Provider.java:159)
	at org.apache.maven.surefire.booter.ForkedBooter.invokeProviderInSameClassLoader(ForkedBooter.java:384)
	at org.apache.maven.surefire.booter.ForkedBooter.runSuitesInProcess(ForkedBooter.java:345)
	at org.apache.maven.surefire.booter.ForkedBooter.execute(ForkedBooter.java:126)
	at org.apache.maven.surefire.booter.ForkedBooter.main(ForkedBooter.java:418)
2019-09-11 10:33:55,746 [main] INFO  ozone.MiniOzoneClusterImpl (MiniOzoneClusterImpl.java:shutdown(307)) - Shutting down the Mini Ozone Cluster
2019-09-11 10:33:55,746 [main] INFO  ozone.MiniOzoneClusterImpl (MiniOzoneClusterImpl.java:stop(322)) - Stopping the Mini Ozone Cluster
2019-09-11 10:33:55,747 [main] INFO  ozone.MiniOzoneClusterImpl (MiniOzoneClusterImpl.java:stop(324)) - Stopping the OzoneManager
2019-09-11 10:33:55,747 [main] INFO  ipc.Server (Server.java:stop(3082)) - Stopping server on 40406
2019-09-11 10:33:55,756 [IPC Server listener on 40406] INFO  ipc.Server (Server.java:run(1185)) - Stopping IPC Server listener on 40406
2019-09-11 10:33:55,756 [main] INFO  ratis.OzoneManagerDoubleBuffer (OzoneManagerDoubleBuffer.java:stop(248)) - Stopping OMDoubleBuffer flush thread
2019-09-11 10:33:55,762 [IPC Server Responder] INFO  ipc.Server (Server.java:run(1319)) - Stopping IPC Server Responder
2019-09-11 10:33:55,770 [OMDoubleBufferFlushThread] INFO  ratis.OzoneManagerDoubleBuffer (OzoneManagerDoubleBuffer.java:flushTransactions(191)) - OMDoubleBuffer flush thread OMDoubleBufferFlushThread is interrupted and will exit. OMDoubleBufferFlushThread
2019-09-11 10:33:55,779 [main] INFO  utils.BackgroundService (BackgroundService.java:shutdown(148)) - Shutting down service KeyDeletingService
2019-09-11 10:33:55,800 [main] INFO  handler.ContextHandler (ContextHandler.java:doStop(910)) - Stopped o.e.j.w.WebAppContext@1cbb3d3b{/,null,UNAVAILABLE}{/ozoneManager}
2019-09-11 10:33:55,801 [main] INFO  server.AbstractConnector (AbstractConnector.java:doStop(318)) - Stopped ServerConnector@529cfee5{HTTP/1.1,[http/1.1]}{0.0.0.0:0}
2019-09-11 10:33:55,802 [main] INFO  handler.ContextHandler (ContextHandler.java:doStop(910)) - Stopped o.e.j.s.ServletContextHandler@629f066f{/static,file:///workdir/hadoop-ozone/integration-test/target/test-classes/webapps/static,UNAVAILABLE}
2019-09-11 10:33:55,802 [main] INFO  handler.ContextHandler (ContextHandler.java:doStop(910)) - Stopped o.e.j.s.ServletContextHandler@5cf8edcf{/logs,file:///workdir/hadoop-ozone/integration-test/target/log,UNAVAILABLE}
2019-09-11 10:33:55,806 [main] INFO  ozone.MiniOzoneClusterImpl (MiniOzoneClusterImpl.java:stop(330)) - Shutting the HddsDatanodes
2019-09-11 10:33:56,013 [java.util.concurrent.ThreadPoolExecutor$Worker@73f440d5[State = -1, empty queue]] WARN  server.GrpcLogAppender (GrpcLogAppender.java:timeoutAppendRequest(200)) - a147bf4e-e47b-4bef-becd-030e3c92d985@group-42EC5F47EE4E->84160365-33de-4d43-a4b9-c2ba02cae000-GrpcLogAppender: appendEntries Timeout, request=a147bf4e-e47b-4bef-becd-030e3c92d985->84160365-33de-4d43-a4b9-c2ba02cae000#164-t2, previous=(t:2, i:35), leaderCommit=31, initializing? false, entries: <empty>
2019-09-11 10:33:56,013 [java.util.concurrent.ThreadPoolExecutor$Worker@3cd8d43b[State = -1, empty queue]] WARN  server.GrpcLogAppender (GrpcLogAppender.java:timeoutAppendRequest(200)) - a147bf4e-e47b-4bef-becd-030e3c92d985@group-42EC5F47EE4E->d898b401-bc34-4650-97cf-b91d52192f1e-GrpcLogAppender: appendEntries Timeout, request=a147bf4e-e47b-4bef-becd-030e3c92d985->d898b401-bc34-4650-97cf-b91d52192f1e#164-t2, previous=(t:2, i:35), leaderCommit=31, initializing? false, entries: <empty>
2019-09-11 10:33:56,125 [java.util.concurrent.ThreadPoolExecutor$Worker@7d2632d6[State = -1, empty queue]] WARN  server.GrpcLogAppender (GrpcLogAppender.java:timeoutAppendRequest(200)) - aeb2043f-b21f-448b-b98e-71f6b579dea4@group-2722138C0FE0->95b20011-2e58-4a94-a7ae-3b1213f1c518-GrpcLogAppender: appendEntries Timeout, request=aeb2043f-b21f-448b-b98e-71f6b579dea4->95b20011-2e58-4a94-a7ae-3b1213f1c518#152-t1, previous=(t:1, i:18), leaderCommit=14, initializing? false, entries: <empty>
2019-09-11 10:33:56,125 [java.util.concurrent.ThreadPoolExecutor$Worker@6cfe6b9e[State = -1, empty queue]] WARN  server.GrpcLogAppender (GrpcLogAppender.java:timeoutAppendRequest(200)) - aeb2043f-b21f-448b-b98e-71f6b579dea4@group-2722138C0FE0->a8d859d1-6640-4c40-83aa-447d1cb68642-GrpcLogAppender: appendEntries Timeout, request=aeb2043f-b21f-448b-b98e-71f6b579dea4->a8d859d1-6640-4c40-83aa-447d1cb68642#152-t1, previous=(t:1, i:18), leaderCommit=14, initializing? false, entries: <empty>
2019-09-11 10:33:56,514 [java.util.concurrent.ThreadPoolExecutor$Worker@73f440d5[State = -1, empty queue]] WARN  server.GrpcLogAppender (GrpcLogAppender.java:timeoutAppendRequest(200)) - a147bf4e-e47b-4bef-becd-030e3c92d985@group-42EC5F47EE4E->84160365-33de-4d43-a4b9-c2ba02cae000-GrpcLogAppender: appendEntries Timeout, request=a147bf4e-e47b-4bef-becd-030e3c92d985->84160365-33de-4d43-a4b9-c2ba02cae000#165-t2, previous=(t:2, i:35), leaderCommit=31, initializing? false, entries: <empty>
2019-09-11 10:33:56,514 [java.util.concurrent.ThreadPoolExecutor$Worker@3cd8d43b[State = -1, empty queue]] WARN  server.GrpcLogAppender (GrpcLogAppender.java:timeoutAppendRequest(200)) - a147bf4e-e47b-4bef-becd-030e3c92d985@group-42EC5F47EE4E->d898b401-bc34-4650-97cf-b91d52192f1e-GrpcLogAppender: appendEntries Timeout, request=a147bf4e-e47b-4bef-becd-030e3c92d985->d898b401-bc34-4650-97cf-b91d52192f1e#165-t2, previous=(t:2, i:35), leaderCommit=31, initializing? false, entries: <empty>
2019-09-11 10:33:56,626 [java.util.concurrent.ThreadPoolExecutor$Worker@7d2632d6[State = -1, empty queue]] WARN  server.GrpcLogAppender (GrpcLogAppender.java:timeoutAppendRequest(200)) - aeb2043f-b21f-448b-b98e-71f6b579dea4@group-2722138C0FE0->95b20011-2e58-4a94-a7ae-3b1213f1c518-GrpcLogAppender: appendEntries Timeout, request=aeb2043f-b21f-448b-b98e-71f6b579dea4->95b20011-2e58-4a94-a7ae-3b1213f1c518#153-t1, previous=(t:1, i:18), leaderCommit=14, initializing? false, entries: <empty>
2019-09-11 10:33:56,626 [java.util.concurrent.ThreadPoolExecutor$Worker@6cfe6b9e[State = -1, empty queue]] WARN  server.GrpcLogAppender (GrpcLogAppender.java:timeoutAppendRequest(200)) - aeb2043f-b21f-448b-b98e-71f6b579dea4@group-2722138C0FE0->a8d859d1-6640-4c40-83aa-447d1cb68642-GrpcLogAppender: appendEntries Timeout, request=aeb2043f-b21f-448b-b98e-71f6b579dea4->a8d859d1-6640-4c40-83aa-447d1cb68642#153-t1, previous=(t:1, i:18), leaderCommit=14, initializing? false, entries: <empty>
2019-09-11 10:33:56,667 [Datanode State Machine Thread - 0] INFO  statemachine.DatanodeStateMachine (DatanodeStateMachine.java:lambda$startDaemon$0(350)) - Ozone container server started.
2019-09-11 10:33:56,803 [Datanode State Machine Thread - 0] INFO  statemachine.DatanodeStateMachine (DatanodeStateMachine.java:lambda$startDaemon$0(350)) - Ozone container server started.
2019-09-11 10:33:57,018 [java.util.concurrent.ThreadPoolExecutor$Worker@3cd8d43b[State = -1, empty queue]] WARN  server.GrpcLogAppender (GrpcLogAppender.java:timeoutAppendRequest(200)) - a147bf4e-e47b-4bef-becd-030e3c92d985@group-42EC5F47EE4E->d898b401-bc34-4650-97cf-b91d52192f1e-GrpcLogAppender: appendEntries Timeout, request=a147bf4e-e47b-4bef-becd-030e3c92d985->d898b401-bc34-4650-97cf-b91d52192f1e#166-t2, previous=(t:2, i:35), leaderCommit=31, initializing? false, entries: <empty>
2019-09-11 10:33:57,018 [java.util.concurrent.ThreadPoolExecutor$Worker@73f440d5[State = -1, empty queue]] WARN  server.GrpcLogAppender (GrpcLogAppender.java:timeoutAppendRequest(200)) - a147bf4e-e47b-4bef-becd-030e3c92d985@group-42EC5F47EE4E->84160365-33de-4d43-a4b9-c2ba02cae000-GrpcLogAppender: appendEntries Timeout, request=a147bf4e-e47b-4bef-becd-030e3c92d985->84160365-33de-4d43-a4b9-c2ba02cae000#166-t2, previous=(t:2, i:35), leaderCommit=31, initializing? false, entries: <empty>
2019-09-11 10:33:57,126 [java.util.concurrent.ThreadPoolExecutor$Worker@7d2632d6[State = -1, empty queue]] WARN  server.GrpcLogAppender (GrpcLogAppender.java:timeoutAppendRequest(200)) - aeb2043f-b21f-448b-b98e-71f6b579dea4@group-2722138C0FE0->95b20011-2e58-4a94-a7ae-3b1213f1c518-GrpcLogAppender: appendEntries Timeout, request=aeb2043f-b21f-448b-b98e-71f6b579dea4->95b20011-2e58-4a94-a7ae-3b1213f1c518#154-t1, previous=(t:1, i:18), leaderCommit=14, initializing? false, entries: <empty>
2019-09-11 10:33:57,126 [java.util.concurrent.ThreadPoolExecutor$Worker@6cfe6b9e[State = -1, empty queue]] WARN  server.GrpcLogAppender (GrpcLogAppender.java:timeoutAppendRequest(200)) - aeb2043f-b21f-448b-b98e-71f6b579dea4@group-2722138C0FE0->a8d859d1-6640-4c40-83aa-447d1cb68642-GrpcLogAppender: appendEntries Timeout, request=aeb2043f-b21f-448b-b98e-71f6b579dea4->a8d859d1-6640-4c40-83aa-447d1cb68642#154-t1, previous=(t:1, i:18), leaderCommit=14, initializing? false, entries: <empty>
2019-09-11 10:33:57,489 [84160365-33de-4d43-a4b9-c2ba02cae000@group-42EC5F47EE4E-SegmentedRaftLogWorker] WARN  segmented.SegmentedRaftLogWorker (SegmentedRaftLogWorker.java:getFromFuture(90)) - Timeout 1/~
org.apache.ratis.protocol.TimeoutIOException: Timeout 10s: WriteLog:32: (t:2, i:32), STATEMACHINELOGENTRY, client-001DCA5E84A8, cid=64-writeStateMachineData
	at org.apache.ratis.util.IOUtils.getFromFuture(IOUtils.java:87)
	at org.apache.ratis.server.raftlog.segmented.SegmentedRaftLogWorker$StateMachineDataPolicy.getFromFuture(SegmentedRaftLogWorker.java:87)
	at org.apache.ratis.server.raftlog.segmented.SegmentedRaftLogWorker$WriteLog.execute(SegmentedRaftLogWorker.java:477)
	at org.apache.ratis.server.raftlog.segmented.SegmentedRaftLogWorker.run(SegmentedRaftLogWorker.java:289)
	at java.lang.Thread.run(Thread.java:748)
Caused by: java.util.concurrent.TimeoutException
	at java.util.concurrent.CompletableFuture.timedGet(CompletableFuture.java:1771)
	at java.util.concurrent.CompletableFuture.get(CompletableFuture.java:1915)
	at org.apache.ratis.util.IOUtils.getFromFuture(IOUtils.java:79)
	... 4 more
2019-09-11 10:33:57,490 [d898b401-bc34-4650-97cf-b91d52192f1e@group-42EC5F47EE4E-SegmentedRaftLogWorker] WARN  segmented.SegmentedRaftLogWorker (SegmentedRaftLogWorker.java:getFromFuture(90)) - Timeout 1/~
org.apache.ratis.protocol.TimeoutIOException: Timeout 10s: WriteLog:32: (t:2, i:32), STATEMACHINELOGENTRY, client-001DCA5E84A8, cid=64-writeStateMachineData
	at org.apache.ratis.util.IOUtils.getFromFuture(IOUtils.java:87)
	at org.apache.ratis.server.raftlog.segmented.SegmentedRaftLogWorker$StateMachineDataPolicy.getFromFuture(SegmentedRaftLogWorker.java:87)
	at org.apache.ratis.server.raftlog.segmented.SegmentedRaftLogWorker$WriteLog.execute(SegmentedRaftLogWorker.java:477)
	at org.apache.ratis.server.raftlog.segmented.SegmentedRaftLogWorker.run(SegmentedRaftLogWorker.java:289)
	at java.lang.Thread.run(Thread.java:748)
Caused by: java.util.concurrent.TimeoutException
	at java.util.concurrent.CompletableFuture.timedGet(CompletableFuture.java:1771)
	at java.util.concurrent.CompletableFuture.get(CompletableFuture.java:1915)
	at org.apache.ratis.util.IOUtils.getFromFuture(IOUtils.java:79)
	... 4 more
2019-09-11 10:33:57,519 [java.util.concurrent.ThreadPoolExecutor$Worker@73f440d5[State = -1, empty queue]] WARN  server.GrpcLogAppender (GrpcLogAppender.java:timeoutAppendRequest(200)) - a147bf4e-e47b-4bef-becd-030e3c92d985@group-42EC5F47EE4E->84160365-33de-4d43-a4b9-c2ba02cae000-GrpcLogAppender: appendEntries Timeout, request=a147bf4e-e47b-4bef-becd-030e3c92d985->84160365-33de-4d43-a4b9-c2ba02cae000#167-t2, previous=(t:2, i:35), leaderCommit=31, initializing? false, entries: <empty>
2019-09-11 10:33:57,519 [java.util.concurrent.ThreadPoolExecutor$Worker@3cd8d43b[State = -1, empty queue]] WARN  server.GrpcLogAppender (GrpcLogAppender.java:timeoutAppendRequest(200)) - a147bf4e-e47b-4bef-becd-030e3c92d985@group-42EC5F47EE4E->d898b401-bc34-4650-97cf-b91d52192f1e-GrpcLogAppender: appendEntries Timeout, request=a147bf4e-e47b-4bef-becd-030e3c92d985->d898b401-bc34-4650-97cf-b91d52192f1e#167-t2, previous=(t:2, i:35), leaderCommit=31, initializing? false, entries: <empty>
2019-09-11 10:33:57,626 [java.util.concurrent.ThreadPoolExecutor$Worker@6cfe6b9e[State = -1, empty queue]] WARN  server.GrpcLogAppender (GrpcLogAppender.java:timeoutAppendRequest(200)) - aeb2043f-b21f-448b-b98e-71f6b579dea4@group-2722138C0FE0->a8d859d1-6640-4c40-83aa-447d1cb68642-GrpcLogAppender: appendEntries Timeout, request=aeb2043f-b21f-448b-b98e-71f6b579dea4->a8d859d1-6640-4c40-83aa-447d1cb68642#155-t1, previous=(t:1, i:18), leaderCommit=14, initializing? false, entries: <empty>
2019-09-11 10:33:57,626 [java.util.concurrent.ThreadPoolExecutor$Worker@7d2632d6[State = -1, empty queue]] WARN  server.GrpcLogAppender (GrpcLogAppender.java:timeoutAppendRequest(200)) - aeb2043f-b21f-448b-b98e-71f6b579dea4@group-2722138C0FE0->95b20011-2e58-4a94-a7ae-3b1213f1c518-GrpcLogAppender: appendEntries Timeout, request=aeb2043f-b21f-448b-b98e-71f6b579dea4->95b20011-2e58-4a94-a7ae-3b1213f1c518#155-t1, previous=(t:1, i:18), leaderCommit=14, initializing? false, entries: <empty>
2019-09-11 10:33:57,672 [a147bf4e-e47b-4bef-becd-030e3c92d985@group-42EC5F47EE4E-SegmentedRaftLogWorker] WARN  segmented.SegmentedRaftLogWorker (SegmentedRaftLogWorker.java:getFromFuture(90)) - Timeout 1/~
org.apache.ratis.protocol.TimeoutIOException: Timeout 10s: WriteLog:34: (t:2, i:34), STATEMACHINELOGENTRY, client-001DCA5E84A8, cid=66-writeStateMachineData
	at org.apache.ratis.util.IOUtils.getFromFuture(IOUtils.java:87)
	at org.apache.ratis.server.raftlog.segmented.SegmentedRaftLogWorker$StateMachineDataPolicy.getFromFuture(SegmentedRaftLogWorker.java:87)
	at org.apache.ratis.server.raftlog.segmented.SegmentedRaftLogWorker$WriteLog.execute(SegmentedRaftLogWorker.java:477)
	at org.apache.ratis.server.raftlog.segmented.SegmentedRaftLogWorker.run(SegmentedRaftLogWorker.java:289)
	at java.lang.Thread.run(Thread.java:748)
Caused by: java.util.concurrent.TimeoutException
	at java.util.concurrent.CompletableFuture.timedGet(CompletableFuture.java:1771)
	at java.util.concurrent.CompletableFuture.get(CompletableFuture.java:1915)
	at org.apache.ratis.util.IOUtils.getFromFuture(IOUtils.java:79)
	... 4 more
2019-09-11 10:33:58,014 [36d8287a-f445-472c-84c0-3ac4479cc6b6@group-8BAF5038FCF7-SegmentedRaftLogWorker] WARN  segmented.SegmentedRaftLogWorker (SegmentedRaftLogWorker.java:getFromFuture(90)) - Timeout 6/~
org.apache.ratis.protocol.TimeoutIOException: Timeout 10s: WriteLog:18: (t:3, i:18), STATEMACHINELOGENTRY, client-93B8AFC33C87, cid=30-writeStateMachineData
	at org.apache.ratis.util.IOUtils.getFromFuture(IOUtils.java:87)
	at org.apache.ratis.server.raftlog.segmented.SegmentedRaftLogWorker$StateMachineDataPolicy.getFromFuture(SegmentedRaftLogWorker.java:87)
	at org.apache.ratis.server.raftlog.segmented.SegmentedRaftLogWorker$WriteLog.execute(SegmentedRaftLogWorker.java:477)
	at org.apache.ratis.server.raftlog.segmented.SegmentedRaftLogWorker.run(SegmentedRaftLogWorker.java:289)
	at java.lang.Thread.run(Thread.java:748)
Caused by: java.util.concurrent.TimeoutException
	at java.util.concurrent.CompletableFuture.timedGet(CompletableFuture.java:1771)
	at java.util.concurrent.CompletableFuture.get(CompletableFuture.java:1915)
	at org.apache.ratis.util.IOUtils.getFromFuture(IOUtils.java:79)
	... 4 more
2019-09-11 10:33:58,019 [java.util.concurrent.ThreadPoolExecutor$Worker@73f440d5[State = -1, empty queue]] WARN  server.GrpcLogAppender (GrpcLogAppender.java:timeoutAppendRequest(200)) - a147bf4e-e47b-4bef-becd-030e3c92d985@group-42EC5F47EE4E->84160365-33de-4d43-a4b9-c2ba02cae000-GrpcLogAppender: appendEntries Timeout, request=a147bf4e-e47b-4bef-becd-030e3c92d985->84160365-33de-4d43-a4b9-c2ba02cae000#168-t2, previous=(t:2, i:35), leaderCommit=31, initializing? false, entries: <empty>
2019-09-11 10:33:58,019 [java.util.concurrent.ThreadPoolExecutor$Worker@3cd8d43b[State = -1, empty queue]] WARN  server.GrpcLogAppender (GrpcLogAppender.java:timeoutAppendRequest(200)) - a147bf4e-e47b-4bef-becd-030e3c92d985@group-42EC5F47EE4E->d898b401-bc34-4650-97cf-b91d52192f1e-GrpcLogAppender: appendEntries Timeout, request=a147bf4e-e47b-4bef-becd-030e3c92d985->d898b401-bc34-4650-97cf-b91d52192f1e#168-t2, previous=(t:2, i:35), leaderCommit=31, initializing? false, entries: <empty>
2019-09-11 10:33:58,126 [java.util.concurrent.ThreadPoolExecutor$Worker@6cfe6b9e[State = -1, empty queue]] WARN  server.GrpcLogAppender (GrpcLogAppender.java:timeoutAppendRequest(200)) - aeb2043f-b21f-448b-b98e-71f6b579dea4@group-2722138C0FE0->a8d859d1-6640-4c40-83aa-447d1cb68642-GrpcLogAppender: appendEntries Timeout, request=aeb2043f-b21f-448b-b98e-71f6b579dea4->a8d859d1-6640-4c40-83aa-447d1cb68642#156-t1, previous=(t:1, i:18), leaderCommit=14, initializing? false, entries: <empty>
2019-09-11 10:33:58,126 [java.util.concurrent.ThreadPoolExecutor$Worker@7d2632d6[State = -1, empty queue]] WARN  server.GrpcLogAppender (GrpcLogAppender.java:timeoutAppendRequest(200)) - aeb2043f-b21f-448b-b98e-71f6b579dea4@group-2722138C0FE0->95b20011-2e58-4a94-a7ae-3b1213f1c518-GrpcLogAppender: appendEntries Timeout, request=aeb2043f-b21f-448b-b98e-71f6b579dea4->95b20011-2e58-4a94-a7ae-3b1213f1c518#156-t1, previous=(t:1, i:18), leaderCommit=14, initializing? false, entries: <empty>
2019-09-11 10:33:58,520 [java.util.concurrent.ThreadPoolExecutor$Worker@73f440d5[State = -1, empty queue]] WARN  server.GrpcLogAppender (GrpcLogAppender.java:timeoutAppendRequest(200)) - a147bf4e-e47b-4bef-becd-030e3c92d985@group-42EC5F47EE4E->84160365-33de-4d43-a4b9-c2ba02cae000-GrpcLogAppender: appendEntries Timeout, request=a147bf4e-e47b-4bef-becd-030e3c92d985->84160365-33de-4d43-a4b9-c2ba02cae000#169-t2, previous=(t:2, i:35), leaderCommit=31, initializing? false, entries: <empty>
2019-09-11 10:33:58,520 [java.util.concurrent.ThreadPoolExecutor$Worker@3cd8d43b[State = -1, empty queue]] WARN  server.GrpcLogAppender (GrpcLogAppender.java:timeoutAppendRequest(200)) - a147bf4e-e47b-4bef-becd-030e3c92d985@group-42EC5F47EE4E->d898b401-bc34-4650-97cf-b91d52192f1e-GrpcLogAppender: appendEntries Timeout, request=a147bf4e-e47b-4bef-becd-030e3c92d985->d898b401-bc34-4650-97cf-b91d52192f1e#169-t2, previous=(t:2, i:35), leaderCommit=31, initializing? false, entries: <empty>
2019-09-11 10:33:58,627 [java.util.concurrent.ThreadPoolExecutor$Worker@6cfe6b9e[State = -1, empty queue]] WARN  server.GrpcLogAppender (GrpcLogAppender.java:timeoutAppendRequest(200)) - aeb2043f-b21f-448b-b98e-71f6b579dea4@group-2722138C0FE0->a8d859d1-6640-4c40-83aa-447d1cb68642-GrpcLogAppender: appendEntries Timeout, request=aeb2043f-b21f-448b-b98e-71f6b579dea4->a8d859d1-6640-4c40-83aa-447d1cb68642#157-t1, previous=(t:1, i:18), leaderCommit=14, initializing? false, entries: <empty>
2019-09-11 10:33:58,627 [java.util.concurrent.ThreadPoolExecutor$Worker@7d2632d6[State = -1, empty queue]] WARN  server.GrpcLogAppender (GrpcLogAppender.java:timeoutAppendRequest(200)) - aeb2043f-b21f-448b-b98e-71f6b579dea4@group-2722138C0FE0->95b20011-2e58-4a94-a7ae-3b1213f1c518-GrpcLogAppender: appendEntries Timeout, request=aeb2043f-b21f-448b-b98e-71f6b579dea4->95b20011-2e58-4a94-a7ae-3b1213f1c518#157-t1, previous=(t:1, i:18), leaderCommit=14, initializing? false, entries: <empty>
2019-09-11 10:33:59,020 [java.util.concurrent.ThreadPoolExecutor$Worker@3cd8d43b[State = -1, empty queue]] WARN  server.GrpcLogAppender (GrpcLogAppender.java:timeoutAppendRequest(200)) - a147bf4e-e47b-4bef-becd-030e3c92d985@group-42EC5F47EE4E->d898b401-bc34-4650-97cf-b91d52192f1e-GrpcLogAppender: appendEntries Timeout, request=a147bf4e-e47b-4bef-becd-030e3c92d985->d898b401-bc34-4650-97cf-b91d52192f1e#170-t2, previous=(t:2, i:35), leaderCommit=31, initializing? false, entries: <empty>
2019-09-11 10:33:59,020 [java.util.concurrent.ThreadPoolExecutor$Worker@73f440d5[State = -1, empty queue]] WARN  server.GrpcLogAppender (GrpcLogAppender.java:timeoutAppendRequest(200)) - a147bf4e-e47b-4bef-becd-030e3c92d985@group-42EC5F47EE4E->84160365-33de-4d43-a4b9-c2ba02cae000-GrpcLogAppender: appendEntries Timeout, request=a147bf4e-e47b-4bef-becd-030e3c92d985->84160365-33de-4d43-a4b9-c2ba02cae000#170-t2, previous=(t:2, i:35), leaderCommit=31, initializing? false, entries: <empty>
2019-09-11 10:33:59,127 [java.util.concurrent.ThreadPoolExecutor$Worker@6cfe6b9e[State = -1, empty queue]] WARN  server.GrpcLogAppender (GrpcLogAppender.java:timeoutAppendRequest(200)) - aeb2043f-b21f-448b-b98e-71f6b579dea4@group-2722138C0FE0->a8d859d1-6640-4c40-83aa-447d1cb68642-GrpcLogAppender: appendEntries Timeout, request=aeb2043f-b21f-448b-b98e-71f6b579dea4->a8d859d1-6640-4c40-83aa-447d1cb68642#158-t1, previous=(t:1, i:18), leaderCommit=14, initializing? false, entries: <empty>
2019-09-11 10:33:59,127 [java.util.concurrent.ThreadPoolExecutor$Worker@7d2632d6[State = -1, empty queue]] WARN  server.GrpcLogAppender (GrpcLogAppender.java:timeoutAppendRequest(200)) - aeb2043f-b21f-448b-b98e-71f6b579dea4@group-2722138C0FE0->95b20011-2e58-4a94-a7ae-3b1213f1c518-GrpcLogAppender: appendEntries Timeout, request=aeb2043f-b21f-448b-b98e-71f6b579dea4->95b20011-2e58-4a94-a7ae-3b1213f1c518#158-t1, previous=(t:1, i:18), leaderCommit=14, initializing? false, entries: <empty>
2019-09-11 10:33:59,520 [java.util.concurrent.ThreadPoolExecutor$Worker@3cd8d43b[State = -1, empty queue]] WARN  server.GrpcLogAppender (GrpcLogAppender.java:timeoutAppendRequest(200)) - a147bf4e-e47b-4bef-becd-030e3c92d985@group-42EC5F47EE4E->d898b401-bc34-4650-97cf-b91d52192f1e-GrpcLogAppender: appendEntries Timeout, request=a147bf4e-e47b-4bef-becd-030e3c92d985->d898b401-bc34-4650-97cf-b91d52192f1e#171-t2, previous=(t:2, i:35), leaderCommit=31, initializing? false, entries: <empty>
2019-09-11 10:33:59,520 [java.util.concurrent.ThreadPoolExecutor$Worker@73f440d5[State = -1, empty queue]] WARN  server.GrpcLogAppender (GrpcLogAppender.java:timeoutAppendRequest(200)) - a147bf4e-e47b-4bef-becd-030e3c92d985@group-42EC5F47EE4E->84160365-33de-4d43-a4b9-c2ba02cae000-GrpcLogAppender: appendEntries Timeout, request=a147bf4e-e47b-4bef-becd-030e3c92d985->84160365-33de-4d43-a4b9-c2ba02cae000#171-t2, previous=(t:2, i:35), leaderCommit=31, initializing? false, entries: <empty>
2019-09-11 10:33:59,627 [java.util.concurrent.ThreadPoolExecutor$Worker@7d2632d6[State = -1, empty queue]] WARN  server.GrpcLogAppender (GrpcLogAppender.java:timeoutAppendRequest(200)) - aeb2043f-b21f-448b-b98e-71f6b579dea4@group-2722138C0FE0->95b20011-2e58-4a94-a7ae-3b1213f1c518-GrpcLogAppender: appendEntries Timeout, request=aeb2043f-b21f-448b-b98e-71f6b579dea4->95b20011-2e58-4a94-a7ae-3b1213f1c518#159-t1, previous=(t:1, i:18), leaderCommit=14, initializing? false, entries: <empty>
2019-09-11 10:33:59,627 [java.util.concurrent.ThreadPoolExecutor$Worker@6cfe6b9e[State = -1, empty queue]] WARN  server.GrpcLogAppender (GrpcLogAppender.java:timeoutAppendRequest(200)) - aeb2043f-b21f-448b-b98e-71f6b579dea4@group-2722138C0FE0->a8d859d1-6640-4c40-83aa-447d1cb68642-GrpcLogAppender: appendEntries Timeout, request=aeb2043f-b21f-448b-b98e-71f6b579dea4->a8d859d1-6640-4c40-83aa-447d1cb68642#159-t1, previous=(t:1, i:18), leaderCommit=14, initializing? false, entries: <empty>
2019-09-11 10:34:00,021 [java.util.concurrent.ThreadPoolExecutor$Worker@3cd8d43b[State = -1, empty queue]] WARN  server.GrpcLogAppender (GrpcLogAppender.java:timeoutAppendRequest(200)) - a147bf4e-e47b-4bef-becd-030e3c92d985@group-42EC5F47EE4E->d898b401-bc34-4650-97cf-b91d52192f1e-GrpcLogAppender: appendEntries Timeout, request=a147bf4e-e47b-4bef-becd-030e3c92d985->d898b401-bc34-4650-97cf-b91d52192f1e#172-t2, previous=(t:2, i:35), leaderCommit=31, initializing? false, entries: <empty>
2019-09-11 10:34:00,021 [java.util.concurrent.ThreadPoolExecutor$Worker@73f440d5[State = -1, empty queue]] WARN  server.GrpcLogAppender (GrpcLogAppender.java:timeoutAppendRequest(200)) - a147bf4e-e47b-4bef-becd-030e3c92d985@group-42EC5F47EE4E->84160365-33de-4d43-a4b9-c2ba02cae000-GrpcLogAppender: appendEntries Timeout, request=a147bf4e-e47b-4bef-becd-030e3c92d985->84160365-33de-4d43-a4b9-c2ba02cae000#172-t2, previous=(t:2, i:35), leaderCommit=31, initializing? false, entries: <empty>
2019-09-11 10:34:00,127 [java.util.concurrent.ThreadPoolExecutor$Worker@7d2632d6[State = -1, empty queue]] WARN  server.GrpcLogAppender (GrpcLogAppender.java:timeoutAppendRequest(200)) - aeb2043f-b21f-448b-b98e-71f6b579dea4@group-2722138C0FE0->95b20011-2e58-4a94-a7ae-3b1213f1c518-GrpcLogAppender: appendEntries Timeout, request=aeb2043f-b21f-448b-b98e-71f6b579dea4->95b20011-2e58-4a94-a7ae-3b1213f1c518#160-t1, previous=(t:1, i:18), leaderCommit=14, initializing? false, entries: <empty>
2019-09-11 10:34:00,127 [java.util.concurrent.ThreadPoolExecutor$Worker@6cfe6b9e[State = -1, empty queue]] WARN  server.GrpcLogAppender (GrpcLogAppender.java:timeoutAppendRequest(200)) - aeb2043f-b21f-448b-b98e-71f6b579dea4@group-2722138C0FE0->a8d859d1-6640-4c40-83aa-447d1cb68642-GrpcLogAppender: appendEntries Timeout, request=aeb2043f-b21f-448b-b98e-71f6b579dea4->a8d859d1-6640-4c40-83aa-447d1cb68642#160-t1, previous=(t:1, i:18), leaderCommit=14, initializing? false, entries: <empty>
2019-09-11 10:34:00,521 [java.util.concurrent.ThreadPoolExecutor$Worker@3cd8d43b[State = -1, empty queue]] WARN  server.GrpcLogAppender (GrpcLogAppender.java:timeoutAppendRequest(200)) - a147bf4e-e47b-4bef-becd-030e3c92d985@group-42EC5F47EE4E->d898b401-bc34-4650-97cf-b91d52192f1e-GrpcLogAppender: appendEntries Timeout, request=a147bf4e-e47b-4bef-becd-030e3c92d985->d898b401-bc34-4650-97cf-b91d52192f1e#173-t2, previous=(t:2, i:35), leaderCommit=31, initializing? false, entries: <empty>
2019-09-11 10:34:00,521 [java.util.concurrent.ThreadPoolExecutor$Worker@73f440d5[State = -1, empty queue]] WARN  server.GrpcLogAppender (GrpcLogAppender.java:timeoutAppendRequest(200)) - a147bf4e-e47b-4bef-becd-030e3c92d985@group-42EC5F47EE4E->84160365-33de-4d43-a4b9-c2ba02cae000-GrpcLogAppender: appendEntries Timeout, request=a147bf4e-e47b-4bef-becd-030e3c92d985->84160365-33de-4d43-a4b9-c2ba02cae000#173-t2, previous=(t:2, i:35), leaderCommit=31, initializing? false, entries: <empty>
2019-09-11 10:34:00,628 [java.util.concurrent.ThreadPoolExecutor$Worker@7d2632d6[State = -1, empty queue]] WARN  server.GrpcLogAppender (GrpcLogAppender.java:timeoutAppendRequest(200)) - aeb2043f-b21f-448b-b98e-71f6b579dea4@group-2722138C0FE0->95b20011-2e58-4a94-a7ae-3b1213f1c518-GrpcLogAppender: appendEntries Timeout, request=aeb2043f-b21f-448b-b98e-71f6b579dea4->95b20011-2e58-4a94-a7ae-3b1213f1c518#161-t1, previous=(t:1, i:18), leaderCommit=14, initializing? false, entries: <empty>
2019-09-11 10:34:00,628 [java.util.concurrent.ThreadPoolExecutor$Worker@6cfe6b9e[State = -1, empty queue]] WARN  server.GrpcLogAppender (GrpcLogAppender.java:timeoutAppendRequest(200)) - aeb2043f-b21f-448b-b98e-71f6b579dea4@group-2722138C0FE0->a8d859d1-6640-4c40-83aa-447d1cb68642-GrpcLogAppender: appendEntries Timeout, request=aeb2043f-b21f-448b-b98e-71f6b579dea4->a8d859d1-6640-4c40-83aa-447d1cb68642#161-t1, previous=(t:1, i:18), leaderCommit=14, initializing? false, entries: <empty>
2019-09-11 10:34:00,809 [main] INFO  ozoneimpl.OzoneContainer (OzoneContainer.java:stop(231)) - Attempting to stop container services.
2019-09-11 10:34:00,809 [ForkJoinPool.commonPool-worker-0] INFO  ozoneimpl.OzoneContainer (OzoneContainer.java:stop(231)) - Attempting to stop container services.
2019-09-11 10:34:00,812 [main] INFO  impl.RaftServerProxy (RaftServerProxy.java:lambda$close$4(314)) - a147bf4e-e47b-4bef-becd-030e3c92d985: close
2019-09-11 10:34:00,812 [ForkJoinPool.commonPool-worker-0] INFO  impl.RaftServerProxy (RaftServerProxy.java:lambda$close$4(314)) - aeb2043f-b21f-448b-b98e-71f6b579dea4: close
2019-09-11 10:34:00,812 [main] INFO  impl.RaftServerImpl (RaftServerImpl.java:lambda$shutdown$3(251)) - a147bf4e-e47b-4bef-becd-030e3c92d985@group-42EC5F47EE4E: shutdown
2019-09-11 10:34:00,812 [ForkJoinPool.commonPool-worker-0] INFO  impl.RaftServerImpl (RaftServerImpl.java:lambda$shutdown$3(251)) - aeb2043f-b21f-448b-b98e-71f6b579dea4@group-AB18E6B01809: shutdown
2019-09-11 10:34:00,813 [main] INFO  util.JmxRegister (JmxRegister.java:unregister(73)) - Successfully un-registered JMX Bean with object name Ratis:service=RaftServer,group=group-42EC5F47EE4E,id=a147bf4e-e47b-4bef-becd-030e3c92d985
2019-09-11 10:34:00,813 [ForkJoinPool.commonPool-worker-0] INFO  util.JmxRegister (JmxRegister.java:unregister(73)) - Successfully un-registered JMX Bean with object name Ratis:service=RaftServer,group=group-AB18E6B01809,id=aeb2043f-b21f-448b-b98e-71f6b579dea4
2019-09-11 10:34:00,814 [main] INFO  impl.RoleInfo (RoleInfo.java:shutdownLeaderState(104)) - a147bf4e-e47b-4bef-becd-030e3c92d985: shutdown LeaderState
2019-09-11 10:34:00,814 [ForkJoinPool.commonPool-worker-0] INFO  impl.RoleInfo (RoleInfo.java:shutdownLeaderState(104)) - aeb2043f-b21f-448b-b98e-71f6b579dea4: shutdown LeaderState
2019-09-11 10:34:00,823 [org.apache.ratis.server.impl.LogAppender$AppenderDaemon$$Lambda$535/1661948244@98fefe1] WARN  server.GrpcLogAppender (GrpcLogAppender.java:mayWait(143)) - a147bf4e-e47b-4bef-becd-030e3c92d985@group-42EC5F47EE4E->84160365-33de-4d43-a4b9-c2ba02cae000-GrpcLogAppender: Wait interrupted by java.lang.InterruptedException
2019-09-11 10:34:00,823 [org.apache.ratis.server.impl.LogAppender$AppenderDaemon$$Lambda$535/1661948244@678f2387] WARN  server.GrpcLogAppender (GrpcLogAppender.java:mayWait(143)) - a147bf4e-e47b-4bef-becd-030e3c92d985@group-42EC5F47EE4E->d898b401-bc34-4650-97cf-b91d52192f1e-GrpcLogAppender: Wait interrupted by java.lang.InterruptedException
2019-09-11 10:34:00,823 [main] INFO  impl.PendingRequests (PendingRequests.java:sendNotLeaderResponses(202)) - a147bf4e-e47b-4bef-becd-030e3c92d985-PendingRequests: sendNotLeaderResponses
2019-09-11 10:34:00,823 [ForkJoinPool.commonPool-worker-0] INFO  impl.PendingRequests (PendingRequests.java:sendNotLeaderResponses(202)) - aeb2043f-b21f-448b-b98e-71f6b579dea4-PendingRequests: sendNotLeaderResponses
2019-09-11 10:34:00,824 [grpc-default-executor-2] INFO  server.GrpcServerProtocolService (GrpcServerProtocolService.java:onCompleted(113)) - d898b401-bc34-4650-97cf-b91d52192f1e: Completed APPEND_ENTRIES, lastRequest: a147bf4e-e47b-4bef-becd-030e3c92d985->d898b401-bc34-4650-97cf-b91d52192f1e#179-t2, previous=(t:2, i:35), leaderCommit=31, initializing? false, entries: <empty>
2019-09-11 10:34:00,824 [grpc-default-executor-1] INFO  server.GrpcServerProtocolService (GrpcServerProtocolService.java:onCompleted(113)) - 84160365-33de-4d43-a4b9-c2ba02cae000: Completed APPEND_ENTRIES, lastRequest: a147bf4e-e47b-4bef-becd-030e3c92d985->84160365-33de-4d43-a4b9-c2ba02cae000#179-t2, previous=(t:2, i:35), leaderCommit=31, initializing? false, entries: <empty>
2019-09-11 10:34:00,826 [ForkJoinPool.commonPool-worker-0] INFO  impl.StateMachineUpdater (StateMachineUpdater.java:stopAndJoin(125)) - aeb2043f-b21f-448b-b98e-71f6b579dea4@group-AB18E6B01809-StateMachineUpdater: set stopIndex = 0
2019-09-11 10:34:00,829 [ForkJoinPool.commonPool-worker-0] INFO  impl.RaftServerImpl (ServerState.java:close(385)) - aeb2043f-b21f-448b-b98e-71f6b579dea4@group-AB18E6B01809: closes. applyIndex: 0
2019-09-11 10:34:00,830 [main] INFO  impl.StateMachineUpdater (StateMachineUpdater.java:stopAndJoin(125)) - a147bf4e-e47b-4bef-becd-030e3c92d985@group-42EC5F47EE4E-StateMachineUpdater: set stopIndex = 31
2019-09-11 10:34:00,830 [a147bf4e-e47b-4bef-becd-030e3c92d985@group-42EC5F47EE4E-StateMachineUpdater] INFO  ratis.ContainerStateMachine (ContainerStateMachine.java:takeSnapshot(289)) - group-42EC5F47EE4E: Taking a snapshot at:(t:2, i:29) file /workdir/hadoop-ozone/integration-test/target/test-dir/MiniOzoneClusterImpl-62578b9c-93b1-4e23-b83e-ebaf05b7c577/datanode-6/data/ratis/d92856a0-e862-4960-888e-42ec5f47ee4e/sm/snapshot.2_29
2019-09-11 10:34:00,830 [aeb2043f-b21f-448b-b98e-71f6b579dea4@group-AB18E6B01809-SegmentedRaftLogWorker] INFO  segmented.SegmentedRaftLogWorker (SegmentedRaftLogWorker.java:run(313)) - aeb2043f-b21f-448b-b98e-71f6b579dea4@group-AB18E6B01809-SegmentedRaftLogWorker was interrupted, exiting. There are 0 tasks remaining in the queue.
2019-09-11 10:34:00,830 [grpc-default-executor-1] INFO  server.GrpcLogAppender (GrpcLogAppender.java:onCompleted(293)) - a147bf4e-e47b-4bef-becd-030e3c92d985@group-42EC5F47EE4E->84160365-33de-4d43-a4b9-c2ba02cae000-AppendLogResponseHandler: follower responses appendEntries COMPLETED
2019-09-11 10:34:00,831 [grpc-default-executor-2] INFO  server.GrpcLogAppender (GrpcLogAppender.java:onCompleted(293)) - a147bf4e-e47b-4bef-becd-030e3c92d985@group-42EC5F47EE4E->d898b401-bc34-4650-97cf-b91d52192f1e-AppendLogResponseHandler: follower responses appendEntries COMPLETED
2019-09-11 10:34:00,834 [ForkJoinPool.commonPool-worker-0] INFO  segmented.SegmentedRaftLogWorker (SegmentedRaftLogWorker.java:close(228)) - aeb2043f-b21f-448b-b98e-71f6b579dea4@group-AB18E6B01809-SegmentedRaftLogWorker close()
2019-09-11 10:34:00,836 [grpc-default-executor-1] INFO  impl.FollowerInfo (FollowerInfo.java:lambda$new$0(51)) - a147bf4e-e47b-4bef-becd-030e3c92d985@group-42EC5F47EE4E->84160365-33de-4d43-a4b9-c2ba02cae000: nextIndex: updateUnconditionally 36 -> 32
2019-09-11 10:34:00,841 [grpc-default-executor-2] INFO  impl.FollowerInfo (FollowerInfo.java:lambda$new$0(51)) - a147bf4e-e47b-4bef-becd-030e3c92d985@group-42EC5F47EE4E->d898b401-bc34-4650-97cf-b91d52192f1e: nextIndex: updateUnconditionally 36 -> 32
2019-09-11 10:34:00,841 [ForkJoinPool.commonPool-worker-0] INFO  impl.RaftServerImpl (RaftServerImpl.java:lambda$shutdown$3(251)) - aeb2043f-b21f-448b-b98e-71f6b579dea4@group-2722138C0FE0: shutdown
2019-09-11 10:34:00,841 [ForkJoinPool.commonPool-worker-0] INFO  util.JmxRegister (JmxRegister.java:unregister(73)) - Successfully un-registered JMX Bean with object name Ratis:service=RaftServer,group=group-2722138C0FE0,id=aeb2043f-b21f-448b-b98e-71f6b579dea4
2019-09-11 10:34:00,841 [ForkJoinPool.commonPool-worker-0] INFO  impl.RoleInfo (RoleInfo.java:shutdownLeaderState(104)) - aeb2043f-b21f-448b-b98e-71f6b579dea4: shutdown LeaderState
2019-09-11 10:34:00,846 [ForkJoinPool.commonPool-worker-0] INFO  impl.PendingRequests (PendingRequests.java:sendNotLeaderResponses(202)) - aeb2043f-b21f-448b-b98e-71f6b579dea4-PendingRequests: sendNotLeaderResponses
2019-09-11 10:34:00,846 [org.apache.ratis.server.impl.LogAppender$AppenderDaemon$$Lambda$535/1661948244@3f68d8f3] WARN  server.GrpcLogAppender (GrpcLogAppender.java:mayWait(143)) - aeb2043f-b21f-448b-b98e-71f6b579dea4@group-2722138C0FE0->95b20011-2e58-4a94-a7ae-3b1213f1c518-GrpcLogAppender: Wait interrupted by java.lang.InterruptedException
2019-09-11 10:34:00,846 [org.apache.ratis.server.impl.LogAppender$AppenderDaemon$$Lambda$535/1661948244@70bd1397] WARN  server.GrpcLogAppender (GrpcLogAppender.java:mayWait(143)) - aeb2043f-b21f-448b-b98e-71f6b579dea4@group-2722138C0FE0->a8d859d1-6640-4c40-83aa-447d1cb68642-GrpcLogAppender: Wait interrupted by java.lang.InterruptedException
2019-09-11 10:34:00,847 [grpc-default-executor-2] INFO  server.GrpcServerProtocolService (GrpcServerProtocolService.java:onCompleted(113)) - 95b20011-2e58-4a94-a7ae-3b1213f1c518: Completed APPEND_ENTRIES, lastRequest: aeb2043f-b21f-448b-b98e-71f6b579dea4->95b20011-2e58-4a94-a7ae-3b1213f1c518#167-t1, previous=(t:1, i:18), leaderCommit=14, initializing? false, entries: <empty>
2019-09-11 10:34:00,847 [grpc-default-executor-1] INFO  server.GrpcServerProtocolService (GrpcServerProtocolService.java:onCompleted(113)) - a8d859d1-6640-4c40-83aa-447d1cb68642: Completed APPEND_ENTRIES, lastRequest: aeb2043f-b21f-448b-b98e-71f6b579dea4->a8d859d1-6640-4c40-83aa-447d1cb68642#167-t1, previous=(t:1, i:18), leaderCommit=14, initializing? false, entries: <empty>
2019-09-11 10:34:00,848 [grpc-default-executor-1] INFO  server.GrpcLogAppender (GrpcLogAppender.java:onCompleted(293)) - aeb2043f-b21f-448b-b98e-71f6b579dea4@group-2722138C0FE0->95b20011-2e58-4a94-a7ae-3b1213f1c518-AppendLogResponseHandler: follower responses appendEntries COMPLETED
2019-09-11 10:34:00,851 [grpc-default-executor-2] INFO  server.GrpcLogAppender (GrpcLogAppender.java:onCompleted(293)) - aeb2043f-b21f-448b-b98e-71f6b579dea4@group-2722138C0FE0->a8d859d1-6640-4c40-83aa-447d1cb68642-AppendLogResponseHandler: follower responses appendEntries COMPLETED
2019-09-11 10:34:00,851 [grpc-default-executor-1] INFO  impl.FollowerInfo (FollowerInfo.java:lambda$new$0(51)) - aeb2043f-b21f-448b-b98e-71f6b579dea4@group-2722138C0FE0->95b20011-2e58-4a94-a7ae-3b1213f1c518: nextIndex: updateUnconditionally 19 -> 15
2019-09-11 10:34:00,851 [grpc-default-executor-2] INFO  impl.FollowerInfo (FollowerInfo.java:lambda$new$0(51)) - aeb2043f-b21f-448b-b98e-71f6b579dea4@group-2722138C0FE0->a8d859d1-6640-4c40-83aa-447d1cb68642: nextIndex: updateUnconditionally 19 -> 15
2019-09-11 10:34:00,851 [aeb2043f-b21f-448b-b98e-71f6b579dea4@group-2722138C0FE0-StateMachineUpdater] INFO  ratis.ContainerStateMachine (ContainerStateMachine.java:takeSnapshot(289)) - group-2722138C0FE0: Taking a snapshot at:(t:1, i:12) file /workdir/hadoop-ozone/integration-test/target/test-dir/MiniOzoneClusterImpl-62578b9c-93b1-4e23-b83e-ebaf05b7c577/datanode-2/data/ratis/e8f86b12-a110-46ad-9495-2722138c0fe0/sm/snapshot.1_12
2019-09-11 10:34:00,851 [ForkJoinPool.commonPool-worker-0] INFO  impl.StateMachineUpdater (StateMachineUpdater.java:stopAndJoin(125)) - aeb2043f-b21f-448b-b98e-71f6b579dea4@group-2722138C0FE0-StateMachineUpdater: set stopIndex = 14
2019-09-11 10:34:00,855 [a147bf4e-e47b-4bef-becd-030e3c92d985@group-42EC5F47EE4E-StateMachineUpdater] INFO  ratis.ContainerStateMachine (ContainerStateMachine.java:takeSnapshot(300)) - group-42EC5F47EE4E: Finished taking a snapshot at:(t:2, i:29) file:/workdir/hadoop-ozone/integration-test/target/test-dir/MiniOzoneClusterImpl-62578b9c-93b1-4e23-b83e-ebaf05b7c577/datanode-6/data/ratis/d92856a0-e862-4960-888e-42ec5f47ee4e/sm/snapshot.2_29 time:26
2019-09-11 10:34:00,856 [a147bf4e-e47b-4bef-becd-030e3c92d985@group-42EC5F47EE4E-StateMachineUpdater] INFO  impl.StateMachineUpdater (StateMachineUpdater.java:takeSnapshot(258)) - a147bf4e-e47b-4bef-becd-030e3c92d985@group-42EC5F47EE4E-StateMachineUpdater: Took a snapshot at index 29
2019-09-11 10:34:00,856 [a147bf4e-e47b-4bef-becd-030e3c92d985@group-42EC5F47EE4E-StateMachineUpdater] INFO  impl.StateMachineUpdater (StateMachineUpdater.java:lambda$new$0(83)) - a147bf4e-e47b-4bef-becd-030e3c92d985@group-42EC5F47EE4E-StateMachineUpdater: snapshotIndex: updateIncreasingly -1 -> 29
2019-09-11 10:34:00,856 [a147bf4e-e47b-4bef-becd-030e3c92d985@group-42EC5F47EE4E-StateMachineUpdater] INFO  ratis.ContainerStateMachine (ContainerStateMachine.java:takeSnapshot(289)) - group-42EC5F47EE4E: Taking a snapshot at:(t:2, i:29) file /workdir/hadoop-ozone/integration-test/target/test-dir/MiniOzoneClusterImpl-62578b9c-93b1-4e23-b83e-ebaf05b7c577/datanode-6/data/ratis/d92856a0-e862-4960-888e-42ec5f47ee4e/sm/snapshot.2_29
2019-09-11 10:34:00,866 [a147bf4e-e47b-4bef-becd-030e3c92d985@group-42EC5F47EE4E-StateMachineUpdater] INFO  ratis.ContainerStateMachine (ContainerStateMachine.java:takeSnapshot(300)) - group-42EC5F47EE4E: Finished taking a snapshot at:(t:2, i:29) file:/workdir/hadoop-ozone/integration-test/target/test-dir/MiniOzoneClusterImpl-62578b9c-93b1-4e23-b83e-ebaf05b7c577/datanode-6/data/ratis/d92856a0-e862-4960-888e-42ec5f47ee4e/sm/snapshot.2_29 time:9
2019-09-11 10:34:00,866 [aeb2043f-b21f-448b-b98e-71f6b579dea4@group-2722138C0FE0-StateMachineUpdater] INFO  ratis.ContainerStateMachine (ContainerStateMachine.java:takeSnapshot(300)) - group-2722138C0FE0: Finished taking a snapshot at:(t:1, i:12) file:/workdir/hadoop-ozone/integration-test/target/test-dir/MiniOzoneClusterImpl-62578b9c-93b1-4e23-b83e-ebaf05b7c577/datanode-2/data/ratis/e8f86b12-a110-46ad-9495-2722138c0fe0/sm/snapshot.1_12 time:14
2019-09-11 10:34:00,866 [a147bf4e-e47b-4bef-becd-030e3c92d985@group-42EC5F47EE4E-StateMachineUpdater] INFO  impl.StateMachineUpdater (StateMachineUpdater.java:takeSnapshot(258)) - a147bf4e-e47b-4bef-becd-030e3c92d985@group-42EC5F47EE4E-StateMachineUpdater: Took a snapshot at index 29
2019-09-11 10:34:00,866 [aeb2043f-b21f-448b-b98e-71f6b579dea4@group-2722138C0FE0-StateMachineUpdater] INFO  impl.StateMachineUpdater (StateMachineUpdater.java:takeSnapshot(258)) - aeb2043f-b21f-448b-b98e-71f6b579dea4@group-2722138C0FE0-StateMachineUpdater: Took a snapshot at index 12
2019-09-11 10:34:00,866 [a147bf4e-e47b-4bef-becd-030e3c92d985@group-42EC5F47EE4E-StateMachineUpdater] INFO  impl.StateMachineUpdater (StateMachineUpdater.java:lambda$new$0(83)) - a147bf4e-e47b-4bef-becd-030e3c92d985@group-42EC5F47EE4E-StateMachineUpdater: snapshotIndex: updateIncreasingly 29 -> 29
2019-09-11 10:34:00,866 [aeb2043f-b21f-448b-b98e-71f6b579dea4@group-2722138C0FE0-StateMachineUpdater] INFO  impl.StateMachineUpdater (StateMachineUpdater.java:lambda$new$0(83)) - aeb2043f-b21f-448b-b98e-71f6b579dea4@group-2722138C0FE0-StateMachineUpdater: snapshotIndex: updateIncreasingly -1 -> 12
2019-09-11 10:34:00,866 [main] INFO  impl.RaftServerImpl (ServerState.java:close(385)) - a147bf4e-e47b-4bef-becd-030e3c92d985@group-42EC5F47EE4E: closes. applyIndex: 31
2019-09-11 10:34:00,866 [aeb2043f-b21f-448b-b98e-71f6b579dea4@group-2722138C0FE0-StateMachineUpdater] INFO  ratis.ContainerStateMachine (ContainerStateMachine.java:takeSnapshot(289)) - group-2722138C0FE0: Taking a snapshot at:(t:1, i:12) file /workdir/hadoop-ozone/integration-test/target/test-dir/MiniOzoneClusterImpl-62578b9c-93b1-4e23-b83e-ebaf05b7c577/datanode-2/data/ratis/e8f86b12-a110-46ad-9495-2722138c0fe0/sm/snapshot.1_12
2019-09-11 10:34:00,870 [a147bf4e-e47b-4bef-becd-030e3c92d985@group-42EC5F47EE4E-SegmentedRaftLogWorker] ERROR ratis.XceiverServerRatis (XceiverServerRatis.java:triggerPipelineClose(568)) - pipeline Action CLOSE  on pipeline PipelineID=d92856a0-e862-4960-888e-42ec5f47ee4e.Reason : WriteLog:34: (t:2, i:34), STATEMACHINELOGENTRY, client-001DCA5E84A8, cid=66-writeStateMachineData interrupted.
2019-09-11 10:34:00,872 [aeb2043f-b21f-448b-b98e-71f6b579dea4@group-2722138C0FE0-StateMachineUpdater] INFO  ratis.ContainerStateMachine (ContainerStateMachine.java:takeSnapshot(300)) - group-2722138C0FE0: Finished taking a snapshot at:(t:1, i:12) file:/workdir/hadoop-ozone/integration-test/target/test-dir/MiniOzoneClusterImpl-62578b9c-93b1-4e23-b83e-ebaf05b7c577/datanode-2/data/ratis/e8f86b12-a110-46ad-9495-2722138c0fe0/sm/snapshot.1_12 time:6
2019-09-11 10:34:00,872 [aeb2043f-b21f-448b-b98e-71f6b579dea4@group-2722138C0FE0-StateMachineUpdater] INFO  impl.StateMachineUpdater (StateMachineUpdater.java:takeSnapshot(258)) - aeb2043f-b21f-448b-b98e-71f6b579dea4@group-2722138C0FE0-StateMachineUpdater: Took a snapshot at index 12
2019-09-11 10:34:00,872 [aeb2043f-b21f-448b-b98e-71f6b579dea4@group-2722138C0FE0-StateMachineUpdater] INFO  impl.StateMachineUpdater (StateMachineUpdater.java:lambda$new$0(83)) - aeb2043f-b21f-448b-b98e-71f6b579dea4@group-2722138C0FE0-StateMachineUpdater: snapshotIndex: updateIncreasingly 12 -> 12
2019-09-11 10:34:00,873 [ForkJoinPool.commonPool-worker-0] INFO  impl.RaftServerImpl (ServerState.java:close(385)) - aeb2043f-b21f-448b-b98e-71f6b579dea4@group-2722138C0FE0: closes. applyIndex: 14
2019-09-11 10:34:00,876 [aeb2043f-b21f-448b-b98e-71f6b579dea4@group-2722138C0FE0-SegmentedRaftLogWorker] ERROR ratis.XceiverServerRatis (XceiverServerRatis.java:triggerPipelineClose(568)) - pipeline Action CLOSE  on pipeline PipelineID=e8f86b12-a110-46ad-9495-2722138c0fe0.Reason : WriteLog:15: (t:1, i:15), STATEMACHINELOGENTRY, client-88C0A8EE5E46, cid=51-writeStateMachineData interrupted.
2019-09-11 10:34:00,878 [ForkJoinPool.commonPool-worker-0] INFO  segmented.SegmentedRaftLogWorker (SegmentedRaftLogWorker.java:close(228)) - aeb2043f-b21f-448b-b98e-71f6b579dea4@group-2722138C0FE0-SegmentedRaftLogWorker close()
2019-09-11 10:34:00,882 [main] INFO  segmented.SegmentedRaftLogWorker (SegmentedRaftLogWorker.java:close(228)) - a147bf4e-e47b-4bef-becd-030e3c92d985@group-42EC5F47EE4E-SegmentedRaftLogWorker close()
2019-09-11 10:34:00,882 [ForkJoinPool.commonPool-worker-0] INFO  server.GrpcService (GrpcService.java:closeImpl(164)) - aeb2043f-b21f-448b-b98e-71f6b579dea4: shutdown server with port 42052 now
2019-09-11 10:34:00,887 [main] INFO  impl.RaftServerImpl (RaftServerImpl.java:lambda$shutdown$3(251)) - a147bf4e-e47b-4bef-becd-030e3c92d985@group-B3A9ACD663D7: shutdown
2019-09-11 10:34:00,887 [ForkJoinPool.commonPool-worker-0] INFO  server.GrpcService (GrpcService.java:closeImpl(172)) - aeb2043f-b21f-448b-b98e-71f6b579dea4: shutdown server with port 42052 successfully
2019-09-11 10:34:00,887 [main] INFO  util.JmxRegister (JmxRegister.java:unregister(73)) - Successfully un-registered JMX Bean with object name Ratis:service=RaftServer,group=group-B3A9ACD663D7,id=a147bf4e-e47b-4bef-becd-030e3c92d985
2019-09-11 10:34:00,888 [main] INFO  impl.RoleInfo (RoleInfo.java:shutdownLeaderState(104)) - a147bf4e-e47b-4bef-becd-030e3c92d985: shutdown LeaderState
2019-09-11 10:34:00,889 [main] INFO  impl.PendingRequests (PendingRequests.java:sendNotLeaderResponses(202)) - a147bf4e-e47b-4bef-becd-030e3c92d985-PendingRequests: sendNotLeaderResponses
2019-09-11 10:34:00,889 [main] INFO  impl.StateMachineUpdater (StateMachineUpdater.java:stopAndJoin(125)) - a147bf4e-e47b-4bef-becd-030e3c92d985@group-B3A9ACD663D7-StateMachineUpdater: set stopIndex = 0
2019-09-11 10:34:00,890 [main] INFO  impl.RaftServerImpl (ServerState.java:close(385)) - a147bf4e-e47b-4bef-becd-030e3c92d985@group-B3A9ACD663D7: closes. applyIndex: 0
2019-09-11 10:34:00,890 [a147bf4e-e47b-4bef-becd-030e3c92d985@group-B3A9ACD663D7-SegmentedRaftLogWorker] INFO  segmented.SegmentedRaftLogWorker (SegmentedRaftLogWorker.java:run(313)) - a147bf4e-e47b-4bef-becd-030e3c92d985@group-B3A9ACD663D7-SegmentedRaftLogWorker was interrupted, exiting. There are 0 tasks remaining in the queue.
2019-09-11 10:34:00,892 [main] INFO  segmented.SegmentedRaftLogWorker (SegmentedRaftLogWorker.java:close(228)) - a147bf4e-e47b-4bef-becd-030e3c92d985@group-B3A9ACD663D7-SegmentedRaftLogWorker close()
2019-09-11 10:34:00,896 [main] INFO  server.GrpcService (GrpcService.java:closeImpl(164)) - a147bf4e-e47b-4bef-becd-030e3c92d985: shutdown server with port 46724 now
2019-09-11 10:34:00,897 [main] INFO  server.GrpcService (GrpcService.java:closeImpl(172)) - a147bf4e-e47b-4bef-becd-030e3c92d985: shutdown server with port 46724 successfully
2019-09-11 10:34:00,909 [refreshUsed-/workdir/hadoop-ozone/integration-test/target/test-dir/MiniOzoneClusterImpl-62578b9c-93b1-4e23-b83e-ebaf05b7c577/datanode-2/data/containers] WARN  fs.CachingGetSpaceUsed (CachingGetSpaceUsed.java:run(183)) - Thread Interrupted waiting to refresh disk information: sleep interrupted
2019-09-11 10:34:00,912 [refreshUsed-/workdir/hadoop-ozone/integration-test/target/test-dir/MiniOzoneClusterImpl-62578b9c-93b1-4e23-b83e-ebaf05b7c577/datanode-6/data/containers] WARN  fs.CachingGetSpaceUsed (CachingGetSpaceUsed.java:run(183)) - Thread Interrupted waiting to refresh disk information: sleep interrupted
2019-09-11 10:34:00,929 [ForkJoinPool.commonPool-worker-0] INFO  utils.BackgroundService (BackgroundService.java:shutdown(148)) - Shutting down service BlockDeletingService
2019-09-11 10:34:00,934 [ForkJoinPool.commonPool-worker-0] INFO  statemachine.DatanodeStateMachine (DatanodeStateMachine.java:stopDaemon(395)) - Ozone container server stopped.
2019-09-11 10:34:00,939 [ForkJoinPool.commonPool-worker-0] INFO  handler.ContextHandler (ContextHandler.java:doStop(910)) - Stopped o.e.j.w.WebAppContext@588f63c{/,null,UNAVAILABLE}{/hddsDatanode}
2019-09-11 10:34:00,940 [ForkJoinPool.commonPool-worker-0] INFO  server.AbstractConnector (AbstractConnector.java:doStop(318)) - Stopped ServerConnector@5a6fa56e{HTTP/1.1,[http/1.1]}{0.0.0.0:0}
2019-09-11 10:34:00,942 [ForkJoinPool.commonPool-worker-0] INFO  handler.ContextHandler (ContextHandler.java:doStop(910)) - Stopped o.e.j.s.ServletContextHandler@32e54a9d{/static,jar:file:/home/user/.m2/repository/org/apache/hadoop/hadoop-hdds-container-service/0.5.0-SNAPSHOT/hadoop-hdds-container-service-0.5.0-SNAPSHOT.jar!/webapps/static,UNAVAILABLE}
2019-09-11 10:34:00,945 [ForkJoinPool.commonPool-worker-0] INFO  handler.ContextHandler (ContextHandler.java:doStop(910)) - Stopped o.e.j.s.ServletContextHandler@7100dea{/logs,file:///workdir/hadoop-ozone/integration-test/target/log,UNAVAILABLE}
2019-09-11 10:34:00,951 [main] INFO  utils.BackgroundService (BackgroundService.java:shutdown(148)) - Shutting down service BlockDeletingService
2019-09-11 10:34:00,956 [main] INFO  statemachine.DatanodeStateMachine (DatanodeStateMachine.java:stopDaemon(395)) - Ozone container server stopped.
2019-09-11 10:34:00,957 [main] INFO  handler.ContextHandler (ContextHandler.java:doStop(910)) - Stopped o.e.j.w.WebAppContext@648d0e6d{/,null,UNAVAILABLE}{/hddsDatanode}
2019-09-11 10:34:00,958 [main] INFO  server.AbstractConnector (AbstractConnector.java:doStop(318)) - Stopped ServerConnector@79e66b2f{HTTP/1.1,[http/1.1]}{0.0.0.0:0}
2019-09-11 10:34:00,958 [main] INFO  handler.ContextHandler (ContextHandler.java:doStop(910)) - Stopped o.e.j.s.ServletContextHandler@4437ac07{/static,jar:file:/home/user/.m2/repository/org/apache/hadoop/hadoop-hdds-container-service/0.5.0-SNAPSHOT/hadoop-hdds-container-service-0.5.0-SNAPSHOT.jar!/webapps/static,UNAVAILABLE}
2019-09-11 10:34:00,958 [main] INFO  handler.ContextHandler (ContextHandler.java:doStop(910)) - Stopped o.e.j.s.ServletContextHandler@66b59b7d{/logs,file:///workdir/hadoop-ozone/integration-test/target/log,UNAVAILABLE}
2019-09-11 10:34:01,419 [Datanode State Machine Thread - 0] INFO  statemachine.DatanodeStateMachine (DatanodeStateMachine.java:lambda$startDaemon$0(350)) - Ozone container server started.
2019-09-11 10:34:01,669 [Datanode State Machine Thread - 0] INFO  statemachine.DatanodeStateMachine (DatanodeStateMachine.java:lambda$startDaemon$0(350)) - Ozone container server started.
2019-09-11 10:34:03,563 [95b20011-2e58-4a94-a7ae-3b1213f1c518@group-2722138C0FE0-SegmentedRaftLogWorker] WARN  segmented.SegmentedRaftLogWorker (SegmentedRaftLogWorker.java:getFromFuture(90)) - Timeout 4/~
org.apache.ratis.protocol.TimeoutIOException: Timeout 10s: WriteLog:15: (t:1, i:15), STATEMACHINELOGENTRY, client-88C0A8EE5E46, cid=51-writeStateMachineData
	at org.apache.ratis.util.IOUtils.getFromFuture(IOUtils.java:87)
	at org.apache.ratis.server.raftlog.segmented.SegmentedRaftLogWorker$StateMachineDataPolicy.getFromFuture(SegmentedRaftLogWorker.java:87)
	at org.apache.ratis.server.raftlog.segmented.SegmentedRaftLogWorker$WriteLog.execute(SegmentedRaftLogWorker.java:477)
	at org.apache.ratis.server.raftlog.segmented.SegmentedRaftLogWorker.run(SegmentedRaftLogWorker.java:289)
	at java.lang.Thread.run(Thread.java:748)
Caused by: java.util.concurrent.TimeoutException
	at java.util.concurrent.CompletableFuture.timedGet(CompletableFuture.java:1771)
	at java.util.concurrent.CompletableFuture.get(CompletableFuture.java:1915)
	at org.apache.ratis.util.IOUtils.getFromFuture(IOUtils.java:79)
	... 4 more
2019-09-11 10:34:03,825 [a8d859d1-6640-4c40-83aa-447d1cb68642@group-2722138C0FE0-SegmentedRaftLogWorker] WARN  segmented.SegmentedRaftLogWorker (SegmentedRaftLogWorker.java:getFromFuture(90)) - Timeout 4/~
org.apache.ratis.protocol.TimeoutIOException: Timeout 10s: WriteLog:17: (t:1, i:17), STATEMACHINELOGENTRY, client-88C0A8EE5E46, cid=53-writeStateMachineData
	at org.apache.ratis.util.IOUtils.getFromFuture(IOUtils.java:87)
	at org.apache.ratis.server.raftlog.segmented.SegmentedRaftLogWorker$StateMachineDataPolicy.getFromFuture(SegmentedRaftLogWorker.java:87)
	at org.apache.ratis.server.raftlog.segmented.SegmentedRaftLogWorker$WriteLog.execute(SegmentedRaftLogWorker.java:477)
	at org.apache.ratis.server.raftlog.segmented.SegmentedRaftLogWorker.run(SegmentedRaftLogWorker.java:289)
	at java.lang.Thread.run(Thread.java:748)
Caused by: java.util.concurrent.TimeoutException
	at java.util.concurrent.CompletableFuture.timedGet(CompletableFuture.java:1771)
	at java.util.concurrent.CompletableFuture.get(CompletableFuture.java:1915)
	at org.apache.ratis.util.IOUtils.getFromFuture(IOUtils.java:79)
	... 4 more
2019-09-11 10:34:05,949 [ForkJoinPool.commonPool-worker-0] INFO  ozoneimpl.OzoneContainer (OzoneContainer.java:stop(231)) - Attempting to stop container services.
2019-09-11 10:34:05,952 [ForkJoinPool.commonPool-worker-0] INFO  impl.RaftServerProxy (RaftServerProxy.java:lambda$close$4(314)) - d7731897-8454-4248-86db-3bcd47c96a99: close
2019-09-11 10:34:05,953 [ForkJoinPool.commonPool-worker-0] INFO  impl.RaftServerImpl (RaftServerImpl.java:lambda$shutdown$3(251)) - d7731897-8454-4248-86db-3bcd47c96a99@group-4ACABC773A71: shutdown
2019-09-11 10:34:05,954 [ForkJoinPool.commonPool-worker-0] INFO  util.JmxRegister (JmxRegister.java:unregister(73)) - Successfully un-registered JMX Bean with object name Ratis:service=RaftServer,group=group-4ACABC773A71,id=d7731897-8454-4248-86db-3bcd47c96a99
2019-09-11 10:34:05,954 [ForkJoinPool.commonPool-worker-0] INFO  impl.RoleInfo (RoleInfo.java:shutdownLeaderState(104)) - d7731897-8454-4248-86db-3bcd47c96a99: shutdown LeaderState
2019-09-11 10:34:05,956 [ForkJoinPool.commonPool-worker-0] INFO  impl.PendingRequests (PendingRequests.java:sendNotLeaderResponses(202)) - d7731897-8454-4248-86db-3bcd47c96a99-PendingRequests: sendNotLeaderResponses
2019-09-11 10:34:05,957 [ForkJoinPool.commonPool-worker-0] INFO  impl.StateMachineUpdater (StateMachineUpdater.java:stopAndJoin(125)) - d7731897-8454-4248-86db-3bcd47c96a99@group-4ACABC773A71-StateMachineUpdater: set stopIndex = 0
2019-09-11 10:34:05,958 [ForkJoinPool.commonPool-worker-0] INFO  impl.RaftServerImpl (ServerState.java:close(385)) - d7731897-8454-4248-86db-3bcd47c96a99@group-4ACABC773A71: closes. applyIndex: 0
2019-09-11 10:34:05,959 [d7731897-8454-4248-86db-3bcd47c96a99@group-4ACABC773A71-SegmentedRaftLogWorker] INFO  segmented.SegmentedRaftLogWorker (SegmentedRaftLogWorker.java:run(313)) - d7731897-8454-4248-86db-3bcd47c96a99@group-4ACABC773A71-SegmentedRaftLogWorker was interrupted, exiting. There are 0 tasks remaining in the queue.
2019-09-11 10:34:05,966 [ForkJoinPool.commonPool-worker-0] INFO  segmented.SegmentedRaftLogWorker (SegmentedRaftLogWorker.java:close(228)) - d7731897-8454-4248-86db-3bcd47c96a99@group-4ACABC773A71-SegmentedRaftLogWorker close()
2019-09-11 10:34:05,967 [main] INFO  ozoneimpl.OzoneContainer (OzoneContainer.java:stop(231)) - Attempting to stop container services.
2019-09-11 10:34:05,972 [ForkJoinPool.commonPool-worker-0] INFO  server.GrpcService (GrpcService.java:closeImpl(164)) - d7731897-8454-4248-86db-3bcd47c96a99: shutdown server with port 44589 now
2019-09-11 10:34:05,973 [main] INFO  impl.RaftServerProxy (RaftServerProxy.java:lambda$close$4(314)) - d898b401-bc34-4650-97cf-b91d52192f1e: close
2019-09-11 10:34:05,973 [main] INFO  impl.RaftServerImpl (RaftServerImpl.java:lambda$shutdown$3(251)) - d898b401-bc34-4650-97cf-b91d52192f1e@group-42EC5F47EE4E: shutdown
2019-09-11 10:34:05,973 [main] INFO  util.JmxRegister (JmxRegister.java:unregister(73)) - Successfully un-registered JMX Bean with object name Ratis:service=RaftServer,group=group-42EC5F47EE4E,id=d898b401-bc34-4650-97cf-b91d52192f1e
2019-09-11 10:34:05,976 [main] INFO  impl.RoleInfo (RoleInfo.java:shutdownFollowerState(121)) - d898b401-bc34-4650-97cf-b91d52192f1e: shutdown FollowerState
2019-09-11 10:34:05,976 [ForkJoinPool.commonPool-worker-0] INFO  server.GrpcService (GrpcService.java:closeImpl(172)) - d7731897-8454-4248-86db-3bcd47c96a99: shutdown server with port 44589 successfully
2019-09-11 10:34:05,976 [Thread-431] INFO  impl.FollowerState (FollowerState.java:run(115)) - d898b401-bc34-4650-97cf-b91d52192f1e: FollowerState was interrupted: java.lang.InterruptedException: sleep interrupted
2019-09-11 10:34:05,976 [main] INFO  impl.StateMachineUpdater (StateMachineUpdater.java:stopAndJoin(125)) - d898b401-bc34-4650-97cf-b91d52192f1e@group-42EC5F47EE4E-StateMachineUpdater: set stopIndex = 31
2019-09-11 10:34:05,976 [d898b401-bc34-4650-97cf-b91d52192f1e@group-42EC5F47EE4E-StateMachineUpdater] INFO  ratis.ContainerStateMachine (ContainerStateMachine.java:takeSnapshot(289)) - group-42EC5F47EE4E: Taking a snapshot at:(t:2, i:29) file /workdir/hadoop-ozone/integration-test/target/test-dir/MiniOzoneClusterImpl-62578b9c-93b1-4e23-b83e-ebaf05b7c577/datanode-8/data/ratis/d92856a0-e862-4960-888e-42ec5f47ee4e/sm/snapshot.2_29
2019-09-11 10:34:05,990 [refreshUsed-/workdir/hadoop-ozone/integration-test/target/test-dir/MiniOzoneClusterImpl-62578b9c-93b1-4e23-b83e-ebaf05b7c577/datanode-3/data/containers] WARN  fs.CachingGetSpaceUsed (CachingGetSpaceUsed.java:run(183)) - Thread Interrupted waiting to refresh disk information: sleep interrupted
2019-09-11 10:34:06,009 [ForkJoinPool.commonPool-worker-0] INFO  utils.BackgroundService (BackgroundService.java:shutdown(148)) - Shutting down service BlockDeletingService
2019-09-11 10:34:06,014 [ForkJoinPool.commonPool-worker-0] INFO  statemachine.DatanodeStateMachine (DatanodeStateMachine.java:stopDaemon(395)) - Ozone container server stopped.
2019-09-11 10:34:06,021 [ForkJoinPool.commonPool-worker-0] INFO  handler.ContextHandler (ContextHandler.java:doStop(910)) - Stopped o.e.j.w.WebAppContext@715b886f{/,null,UNAVAILABLE}{/hddsDatanode}
2019-09-11 10:34:06,022 [ForkJoinPool.commonPool-worker-0] INFO  server.AbstractConnector (AbstractConnector.java:doStop(318)) - Stopped ServerConnector@7fb29ca9{HTTP/1.1,[http/1.1]}{0.0.0.0:0}
2019-09-11 10:34:06,024 [ForkJoinPool.commonPool-worker-0] INFO  handler.ContextHandler (ContextHandler.java:doStop(910)) - Stopped o.e.j.s.ServletContextHandler@762637be{/static,jar:file:/home/user/.m2/repository/org/apache/hadoop/hadoop-hdds-container-service/0.5.0-SNAPSHOT/hadoop-hdds-container-service-0.5.0-SNAPSHOT.jar!/webapps/static,UNAVAILABLE}
2019-09-11 10:34:06,026 [ForkJoinPool.commonPool-worker-0] INFO  handler.ContextHandler (ContextHandler.java:doStop(910)) - Stopped o.e.j.s.ServletContextHandler@72f9f27c{/logs,file:///workdir/hadoop-ozone/integration-test/target/log,UNAVAILABLE}
2019-09-11 10:34:06,045 [d898b401-bc34-4650-97cf-b91d52192f1e@group-42EC5F47EE4E-StateMachineUpdater] INFO  ratis.ContainerStateMachine (ContainerStateMachine.java:takeSnapshot(300)) - group-42EC5F47EE4E: Finished taking a snapshot at:(t:2, i:29) file:/workdir/hadoop-ozone/integration-test/target/test-dir/MiniOzoneClusterImpl-62578b9c-93b1-4e23-b83e-ebaf05b7c577/datanode-8/data/ratis/d92856a0-e862-4960-888e-42ec5f47ee4e/sm/snapshot.2_29 time:68
2019-09-11 10:34:06,045 [d898b401-bc34-4650-97cf-b91d52192f1e@group-42EC5F47EE4E-StateMachineUpdater] INFO  impl.StateMachineUpdater (StateMachineUpdater.java:takeSnapshot(258)) - d898b401-bc34-4650-97cf-b91d52192f1e@group-42EC5F47EE4E-StateMachineUpdater: Took a snapshot at index 29
2019-09-11 10:34:06,045 [d898b401-bc34-4650-97cf-b91d52192f1e@group-42EC5F47EE4E-StateMachineUpdater] INFO  impl.StateMachineUpdater (StateMachineUpdater.java:lambda$new$0(83)) - d898b401-bc34-4650-97cf-b91d52192f1e@group-42EC5F47EE4E-StateMachineUpdater: snapshotIndex: updateIncreasingly -1 -> 29
2019-09-11 10:34:06,045 [d898b401-bc34-4650-97cf-b91d52192f1e@group-42EC5F47EE4E-StateMachineUpdater] INFO  ratis.ContainerStateMachine (ContainerStateMachine.java:takeSnapshot(289)) - group-42EC5F47EE4E: Taking a snapshot at:(t:2, i:29) file /workdir/hadoop-ozone/integration-test/target/test-dir/MiniOzoneClusterImpl-62578b9c-93b1-4e23-b83e-ebaf05b7c577/datanode-8/data/ratis/d92856a0-e862-4960-888e-42ec5f47ee4e/sm/snapshot.2_29
2019-09-11 10:34:06,067 [d898b401-bc34-4650-97cf-b91d52192f1e@group-42EC5F47EE4E-StateMachineUpdater] INFO  ratis.ContainerStateMachine (ContainerStateMachine.java:takeSnapshot(300)) - group-42EC5F47EE4E: Finished taking a snapshot at:(t:2, i:29) file:/workdir/hadoop-ozone/integration-test/target/test-dir/MiniOzoneClusterImpl-62578b9c-93b1-4e23-b83e-ebaf05b7c577/datanode-8/data/ratis/d92856a0-e862-4960-888e-42ec5f47ee4e/sm/snapshot.2_29 time:22
2019-09-11 10:34:06,067 [d898b401-bc34-4650-97cf-b91d52192f1e@group-42EC5F47EE4E-StateMachineUpdater] INFO  impl.StateMachineUpdater (StateMachineUpdater.java:takeSnapshot(258)) - d898b401-bc34-4650-97cf-b91d52192f1e@group-42EC5F47EE4E-StateMachineUpdater: Took a snapshot at index 29
2019-09-11 10:34:06,067 [d898b401-bc34-4650-97cf-b91d52192f1e@group-42EC5F47EE4E-StateMachineUpdater] INFO  impl.StateMachineUpdater (StateMachineUpdater.java:lambda$new$0(83)) - d898b401-bc34-4650-97cf-b91d52192f1e@group-42EC5F47EE4E-StateMachineUpdater: snapshotIndex: updateIncreasingly 29 -> 29
2019-09-11 10:34:06,068 [main] INFO  impl.RaftServerImpl (ServerState.java:close(385)) - d898b401-bc34-4650-97cf-b91d52192f1e@group-42EC5F47EE4E: closes. applyIndex: 31
2019-09-11 10:34:06,070 [d898b401-bc34-4650-97cf-b91d52192f1e@group-42EC5F47EE4E-SegmentedRaftLogWorker] ERROR ratis.XceiverServerRatis (XceiverServerRatis.java:triggerPipelineClose(568)) - pipeline Action CLOSE  on pipeline PipelineID=d92856a0-e862-4960-888e-42ec5f47ee4e.Reason : WriteLog:32: (t:2, i:32), STATEMACHINELOGENTRY, client-001DCA5E84A8, cid=64-writeStateMachineData interrupted.
2019-09-11 10:34:06,072 [main] INFO  segmented.SegmentedRaftLogWorker (SegmentedRaftLogWorker.java:close(228)) - d898b401-bc34-4650-97cf-b91d52192f1e@group-42EC5F47EE4E-SegmentedRaftLogWorker close()
2019-09-11 10:34:06,086 [main] INFO  impl.RaftServerImpl (RaftServerImpl.java:lambda$shutdown$3(251)) - d898b401-bc34-4650-97cf-b91d52192f1e@group-EE040B5274C0: shutdown
2019-09-11 10:34:06,087 [main] INFO  util.JmxRegister (JmxRegister.java:unregister(73)) - Successfully un-registered JMX Bean with object name Ratis:service=RaftServer,group=group-EE040B5274C0,id=d898b401-bc34-4650-97cf-b91d52192f1e
2019-09-11 10:34:06,087 [main] INFO  impl.RoleInfo (RoleInfo.java:shutdownLeaderState(104)) - d898b401-bc34-4650-97cf-b91d52192f1e: shutdown LeaderState
2019-09-11 10:34:06,087 [main] INFO  impl.PendingRequests (PendingRequests.java:sendNotLeaderResponses(202)) - d898b401-bc34-4650-97cf-b91d52192f1e-PendingRequests: sendNotLeaderResponses
2019-09-11 10:34:06,088 [main] INFO  impl.StateMachineUpdater (StateMachineUpdater.java:stopAndJoin(125)) - d898b401-bc34-4650-97cf-b91d52192f1e@group-EE040B5274C0-StateMachineUpdater: set stopIndex = 0
2019-09-11 10:34:06,088 [main] INFO  impl.RaftServerImpl (ServerState.java:close(385)) - d898b401-bc34-4650-97cf-b91d52192f1e@group-EE040B5274C0: closes. applyIndex: 0
2019-09-11 10:34:06,089 [d898b401-bc34-4650-97cf-b91d52192f1e@group-EE040B5274C0-SegmentedRaftLogWorker] INFO  segmented.SegmentedRaftLogWorker (SegmentedRaftLogWorker.java:run(313)) - d898b401-bc34-4650-97cf-b91d52192f1e@group-EE040B5274C0-SegmentedRaftLogWorker was interrupted, exiting. There are 0 tasks remaining in the queue.
2019-09-11 10:34:06,089 [main] INFO  segmented.SegmentedRaftLogWorker (SegmentedRaftLogWorker.java:close(228)) - d898b401-bc34-4650-97cf-b91d52192f1e@group-EE040B5274C0-SegmentedRaftLogWorker close()
2019-09-11 10:34:06,091 [main] INFO  server.GrpcService (GrpcService.java:closeImpl(164)) - d898b401-bc34-4650-97cf-b91d52192f1e: shutdown server with port 37663 now
2019-09-11 10:34:06,092 [main] INFO  server.GrpcService (GrpcService.java:closeImpl(172)) - d898b401-bc34-4650-97cf-b91d52192f1e: shutdown server with port 37663 successfully
2019-09-11 10:34:06,094 [refreshUsed-/workdir/hadoop-ozone/integration-test/target/test-dir/MiniOzoneClusterImpl-62578b9c-93b1-4e23-b83e-ebaf05b7c577/datanode-8/data/containers] WARN  fs.CachingGetSpaceUsed (CachingGetSpaceUsed.java:run(183)) - Thread Interrupted waiting to refresh disk information: sleep interrupted
2019-09-11 10:34:06,112 [main] INFO  utils.BackgroundService (BackgroundService.java:shutdown(148)) - Shutting down service BlockDeletingService
2019-09-11 10:34:06,117 [main] INFO  statemachine.DatanodeStateMachine (DatanodeStateMachine.java:stopDaemon(395)) - Ozone container server stopped.
2019-09-11 10:34:06,118 [main] INFO  handler.ContextHandler (ContextHandler.java:doStop(910)) - Stopped o.e.j.w.WebAppContext@7601bc96{/,null,UNAVAILABLE}{/hddsDatanode}
2019-09-11 10:34:06,119 [main] INFO  server.AbstractConnector (AbstractConnector.java:doStop(318)) - Stopped ServerConnector@48a0c8aa{HTTP/1.1,[http/1.1]}{0.0.0.0:0}
2019-09-11 10:34:06,120 [main] INFO  handler.ContextHandler (ContextHandler.java:doStop(910)) - Stopped o.e.j.s.ServletContextHandler@37468787{/static,jar:file:/home/user/.m2/repository/org/apache/hadoop/hadoop-hdds-container-service/0.5.0-SNAPSHOT/hadoop-hdds-container-service-0.5.0-SNAPSHOT.jar!/webapps/static,UNAVAILABLE}
2019-09-11 10:34:06,120 [main] INFO  handler.ContextHandler (ContextHandler.java:doStop(910)) - Stopped o.e.j.s.ServletContextHandler@c2584d3{/logs,file:///workdir/hadoop-ozone/integration-test/target/log,UNAVAILABLE}
2019-09-11 10:34:06,668 [Datanode State Machine Thread - 0] INFO  statemachine.DatanodeStateMachine (DatanodeStateMachine.java:lambda$startDaemon$0(350)) - Ozone container server started.
2019-09-11 10:34:06,805 [Datanode State Machine Thread - 0] INFO  statemachine.DatanodeStateMachine (DatanodeStateMachine.java:lambda$startDaemon$0(350)) - Ozone container server started.
2019-09-11 10:34:07,495 [84160365-33de-4d43-a4b9-c2ba02cae000@group-42EC5F47EE4E-SegmentedRaftLogWorker] WARN  segmented.SegmentedRaftLogWorker (SegmentedRaftLogWorker.java:getFromFuture(90)) - Timeout 2/~
org.apache.ratis.protocol.TimeoutIOException: Timeout 10s: WriteLog:32: (t:2, i:32), STATEMACHINELOGENTRY, client-001DCA5E84A8, cid=64-writeStateMachineData
	at org.apache.ratis.util.IOUtils.getFromFuture(IOUtils.java:87)
	at org.apache.ratis.server.raftlog.segmented.SegmentedRaftLogWorker$StateMachineDataPolicy.getFromFuture(SegmentedRaftLogWorker.java:87)
	at org.apache.ratis.server.raftlog.segmented.SegmentedRaftLogWorker$WriteLog.execute(SegmentedRaftLogWorker.java:477)
	at org.apache.ratis.server.raftlog.segmented.SegmentedRaftLogWorker.run(SegmentedRaftLogWorker.java:289)
	at java.lang.Thread.run(Thread.java:748)
Caused by: java.util.concurrent.TimeoutException
	at java.util.concurrent.CompletableFuture.timedGet(CompletableFuture.java:1771)
	at java.util.concurrent.CompletableFuture.get(CompletableFuture.java:1915)
	at org.apache.ratis.util.IOUtils.getFromFuture(IOUtils.java:79)
	... 4 more
2019-09-11 10:34:08,015 [36d8287a-f445-472c-84c0-3ac4479cc6b6@group-8BAF5038FCF7-SegmentedRaftLogWorker] WARN  segmented.SegmentedRaftLogWorker (SegmentedRaftLogWorker.java:getFromFuture(90)) - Timeout 7/~
org.apache.ratis.protocol.TimeoutIOException: Timeout 10s: WriteLog:18: (t:3, i:18), STATEMACHINELOGENTRY, client-93B8AFC33C87, cid=30-writeStateMachineData
	at org.apache.ratis.util.IOUtils.getFromFuture(IOUtils.java:87)
	at org.apache.ratis.server.raftlog.segmented.SegmentedRaftLogWorker$StateMachineDataPolicy.getFromFuture(SegmentedRaftLogWorker.java:87)
	at org.apache.ratis.server.raftlog.segmented.SegmentedRaftLogWorker$WriteLog.execute(SegmentedRaftLogWorker.java:477)
	at org.apache.ratis.server.raftlog.segmented.SegmentedRaftLogWorker.run(SegmentedRaftLogWorker.java:289)
	at java.lang.Thread.run(Thread.java:748)
Caused by: java.util.concurrent.TimeoutException
	at java.util.concurrent.CompletableFuture.timedGet(CompletableFuture.java:1771)
	at java.util.concurrent.CompletableFuture.get(CompletableFuture.java:1915)
	at org.apache.ratis.util.IOUtils.getFromFuture(IOUtils.java:79)
	... 4 more
2019-09-11 10:34:11,029 [ForkJoinPool.commonPool-worker-0] INFO  ozoneimpl.OzoneContainer (OzoneContainer.java:stop(231)) - Attempting to stop container services.
2019-09-11 10:34:11,031 [ForkJoinPool.commonPool-worker-0] INFO  impl.RaftServerProxy (RaftServerProxy.java:lambda$close$4(314)) - 84160365-33de-4d43-a4b9-c2ba02cae000: close
2019-09-11 10:34:11,032 [ForkJoinPool.commonPool-worker-0] INFO  impl.RaftServerImpl (RaftServerImpl.java:lambda$shutdown$3(251)) - 84160365-33de-4d43-a4b9-c2ba02cae000@group-42EC5F47EE4E: shutdown
2019-09-11 10:34:11,032 [ForkJoinPool.commonPool-worker-0] INFO  util.JmxRegister (JmxRegister.java:unregister(73)) - Successfully un-registered JMX Bean with object name Ratis:service=RaftServer,group=group-42EC5F47EE4E,id=84160365-33de-4d43-a4b9-c2ba02cae000
2019-09-11 10:34:11,033 [ForkJoinPool.commonPool-worker-0] INFO  impl.RoleInfo (RoleInfo.java:shutdownFollowerState(121)) - 84160365-33de-4d43-a4b9-c2ba02cae000: shutdown FollowerState
2019-09-11 10:34:11,033 [ForkJoinPool.commonPool-worker-0] INFO  impl.StateMachineUpdater (StateMachineUpdater.java:stopAndJoin(125)) - 84160365-33de-4d43-a4b9-c2ba02cae000@group-42EC5F47EE4E-StateMachineUpdater: set stopIndex = 31
2019-09-11 10:34:11,033 [Thread-430] INFO  impl.FollowerState (FollowerState.java:run(115)) - 84160365-33de-4d43-a4b9-c2ba02cae000: FollowerState was interrupted: java.lang.InterruptedException: sleep interrupted
2019-09-11 10:34:11,034 [84160365-33de-4d43-a4b9-c2ba02cae000@group-42EC5F47EE4E-StateMachineUpdater] INFO  ratis.ContainerStateMachine (ContainerStateMachine.java:takeSnapshot(289)) - group-42EC5F47EE4E: Taking a snapshot at:(t:2, i:29) file /workdir/hadoop-ozone/integration-test/target/test-dir/MiniOzoneClusterImpl-62578b9c-93b1-4e23-b83e-ebaf05b7c577/datanode-4/data/ratis/d92856a0-e862-4960-888e-42ec5f47ee4e/sm/snapshot.2_29
2019-09-11 10:34:11,057 [84160365-33de-4d43-a4b9-c2ba02cae000@group-42EC5F47EE4E-StateMachineUpdater] INFO  ratis.ContainerStateMachine (ContainerStateMachine.java:takeSnapshot(300)) - group-42EC5F47EE4E: Finished taking a snapshot at:(t:2, i:29) file:/workdir/hadoop-ozone/integration-test/target/test-dir/MiniOzoneClusterImpl-62578b9c-93b1-4e23-b83e-ebaf05b7c577/datanode-4/data/ratis/d92856a0-e862-4960-888e-42ec5f47ee4e/sm/snapshot.2_29 time:23
2019-09-11 10:34:11,057 [84160365-33de-4d43-a4b9-c2ba02cae000@group-42EC5F47EE4E-StateMachineUpdater] INFO  impl.StateMachineUpdater (StateMachineUpdater.java:takeSnapshot(258)) - 84160365-33de-4d43-a4b9-c2ba02cae000@group-42EC5F47EE4E-StateMachineUpdater: Took a snapshot at index 29
2019-09-11 10:34:11,057 [84160365-33de-4d43-a4b9-c2ba02cae000@group-42EC5F47EE4E-StateMachineUpdater] INFO  impl.StateMachineUpdater (StateMachineUpdater.java:lambda$new$0(83)) - 84160365-33de-4d43-a4b9-c2ba02cae000@group-42EC5F47EE4E-StateMachineUpdater: snapshotIndex: updateIncreasingly -1 -> 29
2019-09-11 10:34:11,058 [84160365-33de-4d43-a4b9-c2ba02cae000@group-42EC5F47EE4E-StateMachineUpdater] INFO  ratis.ContainerStateMachine (ContainerStateMachine.java:takeSnapshot(289)) - group-42EC5F47EE4E: Taking a snapshot at:(t:2, i:29) file /workdir/hadoop-ozone/integration-test/target/test-dir/MiniOzoneClusterImpl-62578b9c-93b1-4e23-b83e-ebaf05b7c577/datanode-4/data/ratis/d92856a0-e862-4960-888e-42ec5f47ee4e/sm/snapshot.2_29
2019-09-11 10:34:11,080 [84160365-33de-4d43-a4b9-c2ba02cae000@group-42EC5F47EE4E-StateMachineUpdater] INFO  ratis.ContainerStateMachine (ContainerStateMachine.java:takeSnapshot(300)) - group-42EC5F47EE4E: Finished taking a snapshot at:(t:2, i:29) file:/workdir/hadoop-ozone/integration-test/target/test-dir/MiniOzoneClusterImpl-62578b9c-93b1-4e23-b83e-ebaf05b7c577/datanode-4/data/ratis/d92856a0-e862-4960-888e-42ec5f47ee4e/sm/snapshot.2_29 time:22
2019-09-11 10:34:11,080 [84160365-33de-4d43-a4b9-c2ba02cae000@group-42EC5F47EE4E-StateMachineUpdater] INFO  impl.StateMachineUpdater (StateMachineUpdater.java:takeSnapshot(258)) - 84160365-33de-4d43-a4b9-c2ba02cae000@group-42EC5F47EE4E-StateMachineUpdater: Took a snapshot at index 29
2019-09-11 10:34:11,080 [84160365-33de-4d43-a4b9-c2ba02cae000@group-42EC5F47EE4E-StateMachineUpdater] INFO  impl.StateMachineUpdater (StateMachineUpdater.java:lambda$new$0(83)) - 84160365-33de-4d43-a4b9-c2ba02cae000@group-42EC5F47EE4E-StateMachineUpdater: snapshotIndex: updateIncreasingly 29 -> 29
2019-09-11 10:34:11,081 [ForkJoinPool.commonPool-worker-0] INFO  impl.RaftServerImpl (ServerState.java:close(385)) - 84160365-33de-4d43-a4b9-c2ba02cae000@group-42EC5F47EE4E: closes. applyIndex: 31
2019-09-11 10:34:11,084 [84160365-33de-4d43-a4b9-c2ba02cae000@group-42EC5F47EE4E-SegmentedRaftLogWorker] ERROR ratis.XceiverServerRatis (XceiverServerRatis.java:triggerPipelineClose(568)) - pipeline Action CLOSE  on pipeline PipelineID=d92856a0-e862-4960-888e-42ec5f47ee4e.Reason : WriteLog:32: (t:2, i:32), STATEMACHINELOGENTRY, client-001DCA5E84A8, cid=64-writeStateMachineData interrupted.
2019-09-11 10:34:11,085 [ForkJoinPool.commonPool-worker-0] INFO  segmented.SegmentedRaftLogWorker (SegmentedRaftLogWorker.java:close(228)) - 84160365-33de-4d43-a4b9-c2ba02cae000@group-42EC5F47EE4E-SegmentedRaftLogWorker close()
2019-09-11 10:34:11,087 [ForkJoinPool.commonPool-worker-0] INFO  impl.RaftServerImpl (RaftServerImpl.java:lambda$shutdown$3(251)) - 84160365-33de-4d43-a4b9-c2ba02cae000@group-31EA82492D69: shutdown
2019-09-11 10:34:11,087 [ForkJoinPool.commonPool-worker-0] INFO  util.JmxRegister (JmxRegister.java:unregister(73)) - Successfully un-registered JMX Bean with object name Ratis:service=RaftServer,group=group-31EA82492D69,id=84160365-33de-4d43-a4b9-c2ba02cae000
2019-09-11 10:34:11,087 [ForkJoinPool.commonPool-worker-0] INFO  impl.RoleInfo (RoleInfo.java:shutdownLeaderState(104)) - 84160365-33de-4d43-a4b9-c2ba02cae000: shutdown LeaderState
2019-09-11 10:34:11,088 [ForkJoinPool.commonPool-worker-0] INFO  impl.PendingRequests (PendingRequests.java:sendNotLeaderResponses(202)) - 84160365-33de-4d43-a4b9-c2ba02cae000-PendingRequests: sendNotLeaderResponses
2019-09-11 10:34:11,089 [ForkJoinPool.commonPool-worker-0] INFO  impl.StateMachineUpdater (StateMachineUpdater.java:stopAndJoin(125)) - 84160365-33de-4d43-a4b9-c2ba02cae000@group-31EA82492D69-StateMachineUpdater: set stopIndex = 0
2019-09-11 10:34:11,089 [ForkJoinPool.commonPool-worker-0] INFO  impl.RaftServerImpl (ServerState.java:close(385)) - 84160365-33de-4d43-a4b9-c2ba02cae000@group-31EA82492D69: closes. applyIndex: 0
2019-09-11 10:34:11,089 [84160365-33de-4d43-a4b9-c2ba02cae000@group-31EA82492D69-SegmentedRaftLogWorker] INFO  segmented.SegmentedRaftLogWorker (SegmentedRaftLogWorker.java:run(313)) - 84160365-33de-4d43-a4b9-c2ba02cae000@group-31EA82492D69-SegmentedRaftLogWorker was interrupted, exiting. There are 0 tasks remaining in the queue.
2019-09-11 10:34:11,090 [ForkJoinPool.commonPool-worker-0] INFO  segmented.SegmentedRaftLogWorker (SegmentedRaftLogWorker.java:close(228)) - 84160365-33de-4d43-a4b9-c2ba02cae000@group-31EA82492D69-SegmentedRaftLogWorker close()
2019-09-11 10:34:11,092 [ForkJoinPool.commonPool-worker-0] INFO  server.GrpcService (GrpcService.java:closeImpl(164)) - 84160365-33de-4d43-a4b9-c2ba02cae000: shutdown server with port 44334 now
2019-09-11 10:34:11,093 [ForkJoinPool.commonPool-worker-0] INFO  server.GrpcService (GrpcService.java:closeImpl(172)) - 84160365-33de-4d43-a4b9-c2ba02cae000: shutdown server with port 44334 successfully
2019-09-11 10:34:11,095 [refreshUsed-/workdir/hadoop-ozone/integration-test/target/test-dir/MiniOzoneClusterImpl-62578b9c-93b1-4e23-b83e-ebaf05b7c577/datanode-4/data/containers] WARN  fs.CachingGetSpaceUsed (CachingGetSpaceUsed.java:run(183)) - Thread Interrupted waiting to refresh disk information: sleep interrupted
2019-09-11 10:34:11,125 [main] INFO  ozoneimpl.OzoneContainer (OzoneContainer.java:stop(231)) - Attempting to stop container services.
2019-09-11 10:34:11,126 [main] INFO  impl.RaftServerProxy (RaftServerProxy.java:lambda$close$4(314)) - a8d859d1-6640-4c40-83aa-447d1cb68642: close
2019-09-11 10:34:11,126 [main] INFO  impl.RaftServerImpl (RaftServerImpl.java:lambda$shutdown$3(251)) - a8d859d1-6640-4c40-83aa-447d1cb68642@group-2722138C0FE0: shutdown
2019-09-11 10:34:11,127 [main] INFO  util.JmxRegister (JmxRegister.java:unregister(73)) - Successfully un-registered JMX Bean with object name Ratis:service=RaftServer,group=group-2722138C0FE0,id=a8d859d1-6640-4c40-83aa-447d1cb68642
2019-09-11 10:34:11,127 [main] INFO  impl.RoleInfo (RoleInfo.java:shutdownFollowerState(121)) - a8d859d1-6640-4c40-83aa-447d1cb68642: shutdown FollowerState
2019-09-11 10:34:11,128 [main] INFO  impl.StateMachineUpdater (StateMachineUpdater.java:stopAndJoin(125)) - a8d859d1-6640-4c40-83aa-447d1cb68642@group-2722138C0FE0-StateMachineUpdater: set stopIndex = 14
2019-09-11 10:34:11,128 [Thread-412] INFO  impl.FollowerState (FollowerState.java:run(115)) - a8d859d1-6640-4c40-83aa-447d1cb68642: FollowerState was interrupted: java.lang.InterruptedException: sleep interrupted
2019-09-11 10:34:11,128 [a8d859d1-6640-4c40-83aa-447d1cb68642@group-2722138C0FE0-StateMachineUpdater] INFO  ratis.ContainerStateMachine (ContainerStateMachine.java:takeSnapshot(289)) - group-2722138C0FE0: Taking a snapshot at:(t:1, i:12) file /workdir/hadoop-ozone/integration-test/target/test-dir/MiniOzoneClusterImpl-62578b9c-93b1-4e23-b83e-ebaf05b7c577/datanode-9/data/ratis/e8f86b12-a110-46ad-9495-2722138c0fe0/sm/snapshot.1_12
2019-09-11 10:34:11,132 [ForkJoinPool.commonPool-worker-0] INFO  utils.BackgroundService (BackgroundService.java:shutdown(148)) - Shutting down service BlockDeletingService
2019-09-11 10:34:11,137 [ForkJoinPool.commonPool-worker-0] INFO  statemachine.DatanodeStateMachine (DatanodeStateMachine.java:stopDaemon(395)) - Ozone container server stopped.
2019-09-11 10:34:11,143 [ForkJoinPool.commonPool-worker-0] INFO  handler.ContextHandler (ContextHandler.java:doStop(910)) - Stopped o.e.j.w.WebAppContext@2630dbc4{/,null,UNAVAILABLE}{/hddsDatanode}
2019-09-11 10:34:11,145 [ForkJoinPool.commonPool-worker-0] INFO  server.AbstractConnector (AbstractConnector.java:doStop(318)) - Stopped ServerConnector@5ea4300e{HTTP/1.1,[http/1.1]}{0.0.0.0:0}
2019-09-11 10:34:11,146 [ForkJoinPool.commonPool-worker-0] INFO  handler.ContextHandler (ContextHandler.java:doStop(910)) - Stopped o.e.j.s.ServletContextHandler@4228bf58{/static,jar:file:/home/user/.m2/repository/org/apache/hadoop/hadoop-hdds-container-service/0.5.0-SNAPSHOT/hadoop-hdds-container-service-0.5.0-SNAPSHOT.jar!/webapps/static,UNAVAILABLE}
2019-09-11 10:34:11,148 [ForkJoinPool.commonPool-worker-0] INFO  handler.ContextHandler (ContextHandler.java:doStop(910)) - Stopped o.e.j.s.ServletContextHandler@6f94fb9d{/logs,file:///workdir/hadoop-ozone/integration-test/target/log,UNAVAILABLE}
2019-09-11 10:34:11,154 [a8d859d1-6640-4c40-83aa-447d1cb68642@group-2722138C0FE0-StateMachineUpdater] INFO  ratis.ContainerStateMachine (ContainerStateMachine.java:takeSnapshot(300)) - group-2722138C0FE0: Finished taking a snapshot at:(t:1, i:12) file:/workdir/hadoop-ozone/integration-test/target/test-dir/MiniOzoneClusterImpl-62578b9c-93b1-4e23-b83e-ebaf05b7c577/datanode-9/data/ratis/e8f86b12-a110-46ad-9495-2722138c0fe0/sm/snapshot.1_12 time:26
2019-09-11 10:34:11,154 [a8d859d1-6640-4c40-83aa-447d1cb68642@group-2722138C0FE0-StateMachineUpdater] INFO  impl.StateMachineUpdater (StateMachineUpdater.java:takeSnapshot(258)) - a8d859d1-6640-4c40-83aa-447d1cb68642@group-2722138C0FE0-StateMachineUpdater: Took a snapshot at index 12
2019-09-11 10:34:11,154 [a8d859d1-6640-4c40-83aa-447d1cb68642@group-2722138C0FE0-StateMachineUpdater] INFO  impl.StateMachineUpdater (StateMachineUpdater.java:lambda$new$0(83)) - a8d859d1-6640-4c40-83aa-447d1cb68642@group-2722138C0FE0-StateMachineUpdater: snapshotIndex: updateIncreasingly -1 -> 12
2019-09-11 10:34:11,154 [a8d859d1-6640-4c40-83aa-447d1cb68642@group-2722138C0FE0-StateMachineUpdater] INFO  ratis.ContainerStateMachine (ContainerStateMachine.java:takeSnapshot(289)) - group-2722138C0FE0: Taking a snapshot at:(t:1, i:12) file /workdir/hadoop-ozone/integration-test/target/test-dir/MiniOzoneClusterImpl-62578b9c-93b1-4e23-b83e-ebaf05b7c577/datanode-9/data/ratis/e8f86b12-a110-46ad-9495-2722138c0fe0/sm/snapshot.1_12
2019-09-11 10:34:11,173 [a8d859d1-6640-4c40-83aa-447d1cb68642@group-2722138C0FE0-StateMachineUpdater] INFO  ratis.ContainerStateMachine (ContainerStateMachine.java:takeSnapshot(300)) - group-2722138C0FE0: Finished taking a snapshot at:(t:1, i:12) file:/workdir/hadoop-ozone/integration-test/target/test-dir/MiniOzoneClusterImpl-62578b9c-93b1-4e23-b83e-ebaf05b7c577/datanode-9/data/ratis/e8f86b12-a110-46ad-9495-2722138c0fe0/sm/snapshot.1_12 time:18
2019-09-11 10:34:11,173 [a8d859d1-6640-4c40-83aa-447d1cb68642@group-2722138C0FE0-StateMachineUpdater] INFO  impl.StateMachineUpdater (StateMachineUpdater.java:takeSnapshot(258)) - a8d859d1-6640-4c40-83aa-447d1cb68642@group-2722138C0FE0-StateMachineUpdater: Took a snapshot at index 12
2019-09-11 10:34:11,173 [a8d859d1-6640-4c40-83aa-447d1cb68642@group-2722138C0FE0-StateMachineUpdater] INFO  impl.StateMachineUpdater (StateMachineUpdater.java:lambda$new$0(83)) - a8d859d1-6640-4c40-83aa-447d1cb68642@group-2722138C0FE0-StateMachineUpdater: snapshotIndex: updateIncreasingly 12 -> 12
2019-09-11 10:34:11,173 [main] INFO  impl.RaftServerImpl (ServerState.java:close(385)) - a8d859d1-6640-4c40-83aa-447d1cb68642@group-2722138C0FE0: closes. applyIndex: 14
2019-09-11 10:34:11,176 [a8d859d1-6640-4c40-83aa-447d1cb68642@group-2722138C0FE0-SegmentedRaftLogWorker] ERROR ratis.XceiverServerRatis (XceiverServerRatis.java:triggerPipelineClose(568)) - pipeline Action CLOSE  on pipeline PipelineID=e8f86b12-a110-46ad-9495-2722138c0fe0.Reason : WriteLog:17: (t:1, i:17), STATEMACHINELOGENTRY, client-88C0A8EE5E46, cid=53-writeStateMachineData interrupted.
2019-09-11 10:34:11,188 [main] INFO  segmented.SegmentedRaftLogWorker (SegmentedRaftLogWorker.java:close(228)) - a8d859d1-6640-4c40-83aa-447d1cb68642@group-2722138C0FE0-SegmentedRaftLogWorker close()
2019-09-11 10:34:11,190 [main] INFO  impl.RaftServerImpl (RaftServerImpl.java:lambda$shutdown$3(251)) - a8d859d1-6640-4c40-83aa-447d1cb68642@group-1895E4B077D6: shutdown
2019-09-11 10:34:11,191 [main] INFO  util.JmxRegister (JmxRegister.java:unregister(73)) - Successfully un-registered JMX Bean with object name Ratis:service=RaftServer,group=group-1895E4B077D6,id=a8d859d1-6640-4c40-83aa-447d1cb68642
2019-09-11 10:34:11,191 [main] INFO  impl.RoleInfo (RoleInfo.java:shutdownLeaderState(104)) - a8d859d1-6640-4c40-83aa-447d1cb68642: shutdown LeaderState
2019-09-11 10:34:11,191 [main] INFO  impl.PendingRequests (PendingRequests.java:sendNotLeaderResponses(202)) - a8d859d1-6640-4c40-83aa-447d1cb68642-PendingRequests: sendNotLeaderResponses
2019-09-11 10:34:11,192 [main] INFO  impl.StateMachineUpdater (StateMachineUpdater.java:stopAndJoin(125)) - a8d859d1-6640-4c40-83aa-447d1cb68642@group-1895E4B077D6-StateMachineUpdater: set stopIndex = 0
2019-09-11 10:34:11,192 [main] INFO  impl.RaftServerImpl (ServerState.java:close(385)) - a8d859d1-6640-4c40-83aa-447d1cb68642@group-1895E4B077D6: closes. applyIndex: 0
2019-09-11 10:34:11,193 [a8d859d1-6640-4c40-83aa-447d1cb68642@group-1895E4B077D6-SegmentedRaftLogWorker] INFO  segmented.SegmentedRaftLogWorker (SegmentedRaftLogWorker.java:run(313)) - a8d859d1-6640-4c40-83aa-447d1cb68642@group-1895E4B077D6-SegmentedRaftLogWorker was interrupted, exiting. There are 0 tasks remaining in the queue.
2019-09-11 10:34:11,193 [main] INFO  segmented.SegmentedRaftLogWorker (SegmentedRaftLogWorker.java:close(228)) - a8d859d1-6640-4c40-83aa-447d1cb68642@group-1895E4B077D6-SegmentedRaftLogWorker close()
2019-09-11 10:34:11,195 [main] INFO  server.GrpcService (GrpcService.java:closeImpl(164)) - a8d859d1-6640-4c40-83aa-447d1cb68642: shutdown server with port 35156 now
2019-09-11 10:34:11,196 [main] INFO  server.GrpcService (GrpcService.java:closeImpl(172)) - a8d859d1-6640-4c40-83aa-447d1cb68642: shutdown server with port 35156 successfully
2019-09-11 10:34:11,198 [refreshUsed-/workdir/hadoop-ozone/integration-test/target/test-dir/MiniOzoneClusterImpl-62578b9c-93b1-4e23-b83e-ebaf05b7c577/datanode-9/data/containers] WARN  fs.CachingGetSpaceUsed (CachingGetSpaceUsed.java:run(183)) - Thread Interrupted waiting to refresh disk information: sleep interrupted
2019-09-11 10:34:11,215 [main] INFO  utils.BackgroundService (BackgroundService.java:shutdown(148)) - Shutting down service BlockDeletingService
2019-09-11 10:34:11,220 [main] INFO  statemachine.DatanodeStateMachine (DatanodeStateMachine.java:stopDaemon(395)) - Ozone container server stopped.
2019-09-11 10:34:11,221 [main] INFO  handler.ContextHandler (ContextHandler.java:doStop(910)) - Stopped o.e.j.w.WebAppContext@507d64aa{/,null,UNAVAILABLE}{/hddsDatanode}
2019-09-11 10:34:11,221 [main] INFO  server.AbstractConnector (AbstractConnector.java:doStop(318)) - Stopped ServerConnector@37045b48{HTTP/1.1,[http/1.1]}{0.0.0.0:0}
2019-09-11 10:34:11,222 [main] INFO  handler.ContextHandler (ContextHandler.java:doStop(910)) - Stopped o.e.j.s.ServletContextHandler@1d1cbd0f{/static,jar:file:/home/user/.m2/repository/org/apache/hadoop/hadoop-hdds-container-service/0.5.0-SNAPSHOT/hadoop-hdds-container-service-0.5.0-SNAPSHOT.jar!/webapps/static,UNAVAILABLE}
2019-09-11 10:34:11,222 [main] INFO  handler.ContextHandler (ContextHandler.java:doStop(910)) - Stopped o.e.j.s.ServletContextHandler@12e5da86{/logs,file:///workdir/hadoop-ozone/integration-test/target/log,UNAVAILABLE}
2019-09-11 10:34:11,826 [Datanode State Machine Thread - 0] INFO  statemachine.DatanodeStateMachine (DatanodeStateMachine.java:lambda$startDaemon$0(350)) - Ozone container server started.
2019-09-11 10:34:12,026 [Datanode State Machine Thread - 0] INFO  statemachine.DatanodeStateMachine (DatanodeStateMachine.java:lambda$startDaemon$0(350)) - Ozone container server started.
2019-09-11 10:34:13,565 [95b20011-2e58-4a94-a7ae-3b1213f1c518@group-2722138C0FE0-SegmentedRaftLogWorker] WARN  segmented.SegmentedRaftLogWorker (SegmentedRaftLogWorker.java:getFromFuture(90)) - Timeout 5/~
org.apache.ratis.protocol.TimeoutIOException: Timeout 10s: WriteLog:15: (t:1, i:15), STATEMACHINELOGENTRY, client-88C0A8EE5E46, cid=51-writeStateMachineData
	at org.apache.ratis.util.IOUtils.getFromFuture(IOUtils.java:87)
	at org.apache.ratis.server.raftlog.segmented.SegmentedRaftLogWorker$StateMachineDataPolicy.getFromFuture(SegmentedRaftLogWorker.java:87)
	at org.apache.ratis.server.raftlog.segmented.SegmentedRaftLogWorker$WriteLog.execute(SegmentedRaftLogWorker.java:477)
	at org.apache.ratis.server.raftlog.segmented.SegmentedRaftLogWorker.run(SegmentedRaftLogWorker.java:289)
	at java.lang.Thread.run(Thread.java:748)
Caused by: java.util.concurrent.TimeoutException
	at java.util.concurrent.CompletableFuture.timedGet(CompletableFuture.java:1771)
	at java.util.concurrent.CompletableFuture.get(CompletableFuture.java:1915)
	at org.apache.ratis.util.IOUtils.getFromFuture(IOUtils.java:79)
	... 4 more
2019-09-11 10:34:16,152 [ForkJoinPool.commonPool-worker-0] INFO  ozoneimpl.OzoneContainer (OzoneContainer.java:stop(231)) - Attempting to stop container services.
2019-09-11 10:34:16,155 [ForkJoinPool.commonPool-worker-0] INFO  impl.RaftServerProxy (RaftServerProxy.java:lambda$close$4(314)) - 36d8287a-f445-472c-84c0-3ac4479cc6b6: close
2019-09-11 10:34:16,156 [ForkJoinPool.commonPool-worker-0] INFO  impl.RaftServerImpl (RaftServerImpl.java:lambda$shutdown$3(251)) - 36d8287a-f445-472c-84c0-3ac4479cc6b6@group-8BAF5038FCF7: shutdown
2019-09-11 10:34:16,156 [ForkJoinPool.commonPool-worker-0] INFO  util.JmxRegister (JmxRegister.java:unregister(73)) - Successfully un-registered JMX Bean with object name Ratis:service=RaftServer,group=group-8BAF5038FCF7,id=36d8287a-f445-472c-84c0-3ac4479cc6b6
2019-09-11 10:34:16,157 [ForkJoinPool.commonPool-worker-0] INFO  impl.RoleInfo (RoleInfo.java:shutdownFollowerState(121)) - 36d8287a-f445-472c-84c0-3ac4479cc6b6: shutdown FollowerState
2019-09-11 10:34:16,157 [ForkJoinPool.commonPool-worker-0] INFO  impl.StateMachineUpdater (StateMachineUpdater.java:stopAndJoin(125)) - 36d8287a-f445-472c-84c0-3ac4479cc6b6@group-8BAF5038FCF7-StateMachineUpdater: set stopIndex = 15
2019-09-11 10:34:16,158 [Thread-435] INFO  impl.FollowerState (FollowerState.java:run(115)) - 36d8287a-f445-472c-84c0-3ac4479cc6b6: FollowerState was interrupted: java.lang.InterruptedException: sleep interrupted
2019-09-11 10:34:16,158 [36d8287a-f445-472c-84c0-3ac4479cc6b6@group-8BAF5038FCF7-StateMachineUpdater] INFO  ratis.ContainerStateMachine (ContainerStateMachine.java:takeSnapshot(289)) - group-8BAF5038FCF7: Taking a snapshot at:(t:3, i:13) file /workdir/hadoop-ozone/integration-test/target/test-dir/MiniOzoneClusterImpl-62578b9c-93b1-4e23-b83e-ebaf05b7c577/datanode-1/data/ratis/1de8d17f-9482-4cd5-af13-8baf5038fcf7/sm/snapshot.3_13
2019-09-11 10:34:16,188 [36d8287a-f445-472c-84c0-3ac4479cc6b6@group-8BAF5038FCF7-StateMachineUpdater] INFO  ratis.ContainerStateMachine (ContainerStateMachine.java:takeSnapshot(300)) - group-8BAF5038FCF7: Finished taking a snapshot at:(t:3, i:13) file:/workdir/hadoop-ozone/integration-test/target/test-dir/MiniOzoneClusterImpl-62578b9c-93b1-4e23-b83e-ebaf05b7c577/datanode-1/data/ratis/1de8d17f-9482-4cd5-af13-8baf5038fcf7/sm/snapshot.3_13 time:31
2019-09-11 10:34:16,188 [36d8287a-f445-472c-84c0-3ac4479cc6b6@group-8BAF5038FCF7-StateMachineUpdater] INFO  impl.StateMachineUpdater (StateMachineUpdater.java:takeSnapshot(258)) - 36d8287a-f445-472c-84c0-3ac4479cc6b6@group-8BAF5038FCF7-StateMachineUpdater: Took a snapshot at index 13
2019-09-11 10:34:16,189 [36d8287a-f445-472c-84c0-3ac4479cc6b6@group-8BAF5038FCF7-StateMachineUpdater] INFO  impl.StateMachineUpdater (StateMachineUpdater.java:lambda$new$0(83)) - 36d8287a-f445-472c-84c0-3ac4479cc6b6@group-8BAF5038FCF7-StateMachineUpdater: snapshotIndex: updateIncreasingly -1 -> 13
2019-09-11 10:34:16,190 [36d8287a-f445-472c-84c0-3ac4479cc6b6@group-8BAF5038FCF7-StateMachineUpdater] INFO  ratis.ContainerStateMachine (ContainerStateMachine.java:takeSnapshot(289)) - group-8BAF5038FCF7: Taking a snapshot at:(t:3, i:13) file /workdir/hadoop-ozone/integration-test/target/test-dir/MiniOzoneClusterImpl-62578b9c-93b1-4e23-b83e-ebaf05b7c577/datanode-1/data/ratis/1de8d17f-9482-4cd5-af13-8baf5038fcf7/sm/snapshot.3_13
2019-09-11 10:34:16,209 [36d8287a-f445-472c-84c0-3ac4479cc6b6@group-8BAF5038FCF7-StateMachineUpdater] INFO  ratis.ContainerStateMachine (ContainerStateMachine.java:takeSnapshot(300)) - group-8BAF5038FCF7: Finished taking a snapshot at:(t:3, i:13) file:/workdir/hadoop-ozone/integration-test/target/test-dir/MiniOzoneClusterImpl-62578b9c-93b1-4e23-b83e-ebaf05b7c577/datanode-1/data/ratis/1de8d17f-9482-4cd5-af13-8baf5038fcf7/sm/snapshot.3_13 time:18
2019-09-11 10:34:16,209 [36d8287a-f445-472c-84c0-3ac4479cc6b6@group-8BAF5038FCF7-StateMachineUpdater] INFO  impl.StateMachineUpdater (StateMachineUpdater.java:takeSnapshot(258)) - 36d8287a-f445-472c-84c0-3ac4479cc6b6@group-8BAF5038FCF7-StateMachineUpdater: Took a snapshot at index 13
2019-09-11 10:34:16,209 [36d8287a-f445-472c-84c0-3ac4479cc6b6@group-8BAF5038FCF7-StateMachineUpdater] INFO  impl.StateMachineUpdater (StateMachineUpdater.java:lambda$new$0(83)) - 36d8287a-f445-472c-84c0-3ac4479cc6b6@group-8BAF5038FCF7-StateMachineUpdater: snapshotIndex: updateIncreasingly 13 -> 13
2019-09-11 10:34:16,210 [ForkJoinPool.commonPool-worker-0] INFO  impl.RaftServerImpl (ServerState.java:close(385)) - 36d8287a-f445-472c-84c0-3ac4479cc6b6@group-8BAF5038FCF7: closes. applyIndex: 15
2019-09-11 10:34:16,213 [36d8287a-f445-472c-84c0-3ac4479cc6b6@group-8BAF5038FCF7-SegmentedRaftLogWorker] ERROR ratis.XceiverServerRatis (XceiverServerRatis.java:triggerPipelineClose(568)) - pipeline Action CLOSE  on pipeline PipelineID=1de8d17f-9482-4cd5-af13-8baf5038fcf7.Reason : WriteLog:18: (t:3, i:18), STATEMACHINELOGENTRY, client-93B8AFC33C87, cid=30-writeStateMachineData interrupted.
2019-09-11 10:34:16,217 [ForkJoinPool.commonPool-worker-0] INFO  segmented.SegmentedRaftLogWorker (SegmentedRaftLogWorker.java:close(228)) - 36d8287a-f445-472c-84c0-3ac4479cc6b6@group-8BAF5038FCF7-SegmentedRaftLogWorker close()
2019-09-11 10:34:16,219 [ForkJoinPool.commonPool-worker-0] INFO  impl.RaftServerImpl (RaftServerImpl.java:lambda$shutdown$3(251)) - 36d8287a-f445-472c-84c0-3ac4479cc6b6@group-82C38AE7BA5A: shutdown
2019-09-11 10:34:16,219 [ForkJoinPool.commonPool-worker-0] INFO  util.JmxRegister (JmxRegister.java:unregister(73)) - Successfully un-registered JMX Bean with object name Ratis:service=RaftServer,group=group-82C38AE7BA5A,id=36d8287a-f445-472c-84c0-3ac4479cc6b6
2019-09-11 10:34:16,219 [ForkJoinPool.commonPool-worker-0] INFO  impl.RoleInfo (RoleInfo.java:shutdownLeaderState(104)) - 36d8287a-f445-472c-84c0-3ac4479cc6b6: shutdown LeaderState
2019-09-11 10:34:16,220 [ForkJoinPool.commonPool-worker-0] INFO  impl.PendingRequests (PendingRequests.java:sendNotLeaderResponses(202)) - 36d8287a-f445-472c-84c0-3ac4479cc6b6-PendingRequests: sendNotLeaderResponses
2019-09-11 10:34:16,221 [ForkJoinPool.commonPool-worker-0] INFO  impl.StateMachineUpdater (StateMachineUpdater.java:stopAndJoin(125)) - 36d8287a-f445-472c-84c0-3ac4479cc6b6@group-82C38AE7BA5A-StateMachineUpdater: set stopIndex = 0
2019-09-11 10:34:16,221 [ForkJoinPool.commonPool-worker-0] INFO  impl.RaftServerImpl (ServerState.java:close(385)) - 36d8287a-f445-472c-84c0-3ac4479cc6b6@group-82C38AE7BA5A: closes. applyIndex: 0
2019-09-11 10:34:16,222 [36d8287a-f445-472c-84c0-3ac4479cc6b6@group-82C38AE7BA5A-SegmentedRaftLogWorker] INFO  segmented.SegmentedRaftLogWorker (SegmentedRaftLogWorker.java:run(313)) - 36d8287a-f445-472c-84c0-3ac4479cc6b6@group-82C38AE7BA5A-SegmentedRaftLogWorker was interrupted, exiting. There are 0 tasks remaining in the queue.
2019-09-11 10:34:16,222 [ForkJoinPool.commonPool-worker-0] INFO  segmented.SegmentedRaftLogWorker (SegmentedRaftLogWorker.java:close(228)) - 36d8287a-f445-472c-84c0-3ac4479cc6b6@group-82C38AE7BA5A-SegmentedRaftLogWorker close()
2019-09-11 10:34:16,223 [ForkJoinPool.commonPool-worker-0] INFO  server.GrpcService (GrpcService.java:closeImpl(164)) - 36d8287a-f445-472c-84c0-3ac4479cc6b6: shutdown server with port 43141 now
2019-09-11 10:34:16,224 [main] INFO  ozoneimpl.OzoneContainer (OzoneContainer.java:stop(231)) - Attempting to stop container services.
2019-09-11 10:34:16,224 [ForkJoinPool.commonPool-worker-0] INFO  server.GrpcService (GrpcService.java:closeImpl(172)) - 36d8287a-f445-472c-84c0-3ac4479cc6b6: shutdown server with port 43141 successfully
2019-09-11 10:34:16,225 [main] INFO  impl.RaftServerProxy (RaftServerProxy.java:lambda$close$4(314)) - 95b20011-2e58-4a94-a7ae-3b1213f1c518: close
2019-09-11 10:34:16,226 [main] INFO  impl.RaftServerImpl (RaftServerImpl.java:lambda$shutdown$3(251)) - 95b20011-2e58-4a94-a7ae-3b1213f1c518@group-2722138C0FE0: shutdown
2019-09-11 10:34:16,227 [refreshUsed-/workdir/hadoop-ozone/integration-test/target/test-dir/MiniOzoneClusterImpl-62578b9c-93b1-4e23-b83e-ebaf05b7c577/datanode-1/data/containers] WARN  fs.CachingGetSpaceUsed (CachingGetSpaceUsed.java:run(183)) - Thread Interrupted waiting to refresh disk information: sleep interrupted
2019-09-11 10:34:16,227 [main] INFO  util.JmxRegister (JmxRegister.java:unregister(73)) - Successfully un-registered JMX Bean with object name Ratis:service=RaftServer,group=group-2722138C0FE0,id=95b20011-2e58-4a94-a7ae-3b1213f1c518
2019-09-11 10:34:16,228 [main] INFO  impl.RoleInfo (RoleInfo.java:shutdownFollowerState(121)) - 95b20011-2e58-4a94-a7ae-3b1213f1c518: shutdown FollowerState
2019-09-11 10:34:16,228 [main] INFO  impl.StateMachineUpdater (StateMachineUpdater.java:stopAndJoin(125)) - 95b20011-2e58-4a94-a7ae-3b1213f1c518@group-2722138C0FE0-StateMachineUpdater: set stopIndex = 14
2019-09-11 10:34:16,229 [95b20011-2e58-4a94-a7ae-3b1213f1c518@group-2722138C0FE0-StateMachineUpdater] INFO  ratis.ContainerStateMachine (ContainerStateMachine.java:takeSnapshot(289)) - group-2722138C0FE0: Taking a snapshot at:(t:1, i:12) file /workdir/hadoop-ozone/integration-test/target/test-dir/MiniOzoneClusterImpl-62578b9c-93b1-4e23-b83e-ebaf05b7c577/datanode-7/data/ratis/e8f86b12-a110-46ad-9495-2722138c0fe0/sm/snapshot.1_12
2019-09-11 10:34:16,229 [Thread-409] INFO  impl.FollowerState (FollowerState.java:run(115)) - 95b20011-2e58-4a94-a7ae-3b1213f1c518: FollowerState was interrupted: java.lang.InterruptedException: sleep interrupted
2019-09-11 10:34:16,246 [95b20011-2e58-4a94-a7ae-3b1213f1c518@group-2722138C0FE0-StateMachineUpdater] INFO  ratis.ContainerStateMachine (ContainerStateMachine.java:takeSnapshot(300)) - group-2722138C0FE0: Finished taking a snapshot at:(t:1, i:12) file:/workdir/hadoop-ozone/integration-test/target/test-dir/MiniOzoneClusterImpl-62578b9c-93b1-4e23-b83e-ebaf05b7c577/datanode-7/data/ratis/e8f86b12-a110-46ad-9495-2722138c0fe0/sm/snapshot.1_12 time:18
2019-09-11 10:34:16,247 [95b20011-2e58-4a94-a7ae-3b1213f1c518@group-2722138C0FE0-StateMachineUpdater] INFO  impl.StateMachineUpdater (StateMachineUpdater.java:takeSnapshot(258)) - 95b20011-2e58-4a94-a7ae-3b1213f1c518@group-2722138C0FE0-StateMachineUpdater: Took a snapshot at index 12
2019-09-11 10:34:16,247 [ForkJoinPool.commonPool-worker-0] INFO  utils.BackgroundService (BackgroundService.java:shutdown(148)) - Shutting down service BlockDeletingService
2019-09-11 10:34:16,247 [95b20011-2e58-4a94-a7ae-3b1213f1c518@group-2722138C0FE0-StateMachineUpdater] INFO  impl.StateMachineUpdater (StateMachineUpdater.java:lambda$new$0(83)) - 95b20011-2e58-4a94-a7ae-3b1213f1c518@group-2722138C0FE0-StateMachineUpdater: snapshotIndex: updateIncreasingly -1 -> 12
2019-09-11 10:34:16,247 [95b20011-2e58-4a94-a7ae-3b1213f1c518@group-2722138C0FE0-StateMachineUpdater] INFO  ratis.ContainerStateMachine (ContainerStateMachine.java:takeSnapshot(289)) - group-2722138C0FE0: Taking a snapshot at:(t:1, i:12) file /workdir/hadoop-ozone/integration-test/target/test-dir/MiniOzoneClusterImpl-62578b9c-93b1-4e23-b83e-ebaf05b7c577/datanode-7/data/ratis/e8f86b12-a110-46ad-9495-2722138c0fe0/sm/snapshot.1_12
2019-09-11 10:34:16,250 [ForkJoinPool.commonPool-worker-0] INFO  statemachine.DatanodeStateMachine (DatanodeStateMachine.java:stopDaemon(395)) - Ozone container server stopped.
2019-09-11 10:34:16,254 [ForkJoinPool.commonPool-worker-0] INFO  handler.ContextHandler (ContextHandler.java:doStop(910)) - Stopped o.e.j.w.WebAppContext@52d97ab6{/,null,UNAVAILABLE}{/hddsDatanode}
2019-09-11 10:34:16,254 [ForkJoinPool.commonPool-worker-0] INFO  server.AbstractConnector (AbstractConnector.java:doStop(318)) - Stopped ServerConnector@4da6d664{HTTP/1.1,[http/1.1]}{0.0.0.0:0}
2019-09-11 10:34:16,256 [ForkJoinPool.commonPool-worker-0] INFO  handler.ContextHandler (ContextHandler.java:doStop(910)) - Stopped o.e.j.s.ServletContextHandler@1a2bcd56{/static,jar:file:/home/user/.m2/repository/org/apache/hadoop/hadoop-hdds-container-service/0.5.0-SNAPSHOT/hadoop-hdds-container-service-0.5.0-SNAPSHOT.jar!/webapps/static,UNAVAILABLE}
2019-09-11 10:34:16,257 [ForkJoinPool.commonPool-worker-0] INFO  handler.ContextHandler (ContextHandler.java:doStop(910)) - Stopped o.e.j.s.ServletContextHandler@c27a3a2{/logs,file:///workdir/hadoop-ozone/integration-test/target/log,UNAVAILABLE}
2019-09-11 10:34:16,267 [95b20011-2e58-4a94-a7ae-3b1213f1c518@group-2722138C0FE0-StateMachineUpdater] INFO  ratis.ContainerStateMachine (ContainerStateMachine.java:takeSnapshot(300)) - group-2722138C0FE0: Finished taking a snapshot at:(t:1, i:12) file:/workdir/hadoop-ozone/integration-test/target/test-dir/MiniOzoneClusterImpl-62578b9c-93b1-4e23-b83e-ebaf05b7c577/datanode-7/data/ratis/e8f86b12-a110-46ad-9495-2722138c0fe0/sm/snapshot.1_12 time:20
2019-09-11 10:34:16,267 [95b20011-2e58-4a94-a7ae-3b1213f1c518@group-2722138C0FE0-StateMachineUpdater] INFO  impl.StateMachineUpdater (StateMachineUpdater.java:takeSnapshot(258)) - 95b20011-2e58-4a94-a7ae-3b1213f1c518@group-2722138C0FE0-StateMachineUpdater: Took a snapshot at index 12
2019-09-11 10:34:16,267 [95b20011-2e58-4a94-a7ae-3b1213f1c518@group-2722138C0FE0-StateMachineUpdater] INFO  impl.StateMachineUpdater (StateMachineUpdater.java:lambda$new$0(83)) - 95b20011-2e58-4a94-a7ae-3b1213f1c518@group-2722138C0FE0-StateMachineUpdater: snapshotIndex: updateIncreasingly 12 -> 12
2019-09-11 10:34:16,268 [main] INFO  impl.RaftServerImpl (ServerState.java:close(385)) - 95b20011-2e58-4a94-a7ae-3b1213f1c518@group-2722138C0FE0: closes. applyIndex: 14
2019-09-11 10:34:16,269 [95b20011-2e58-4a94-a7ae-3b1213f1c518@group-2722138C0FE0-SegmentedRaftLogWorker] ERROR ratis.XceiverServerRatis (XceiverServerRatis.java:triggerPipelineClose(568)) - pipeline Action CLOSE  on pipeline PipelineID=e8f86b12-a110-46ad-9495-2722138c0fe0.Reason : WriteLog:15: (t:1, i:15), STATEMACHINELOGENTRY, client-88C0A8EE5E46, cid=51-writeStateMachineData interrupted.
2019-09-11 10:34:16,270 [main] INFO  segmented.SegmentedRaftLogWorker (SegmentedRaftLogWorker.java:close(228)) - 95b20011-2e58-4a94-a7ae-3b1213f1c518@group-2722138C0FE0-SegmentedRaftLogWorker close()
2019-09-11 10:34:16,271 [main] INFO  impl.RaftServerImpl (RaftServerImpl.java:lambda$shutdown$3(251)) - 95b20011-2e58-4a94-a7ae-3b1213f1c518@group-2E43ED8F9078: shutdown
2019-09-11 10:34:16,272 [main] INFO  util.JmxRegister (JmxRegister.java:unregister(73)) - Successfully un-registered JMX Bean with object name Ratis:service=RaftServer,group=group-2E43ED8F9078,id=95b20011-2e58-4a94-a7ae-3b1213f1c518
2019-09-11 10:34:16,272 [main] INFO  impl.RoleInfo (RoleInfo.java:shutdownLeaderState(104)) - 95b20011-2e58-4a94-a7ae-3b1213f1c518: shutdown LeaderState
2019-09-11 10:34:16,273 [main] INFO  impl.PendingRequests (PendingRequests.java:sendNotLeaderResponses(202)) - 95b20011-2e58-4a94-a7ae-3b1213f1c518-PendingRequests: sendNotLeaderResponses
2019-09-11 10:34:16,273 [main] INFO  impl.StateMachineUpdater (StateMachineUpdater.java:stopAndJoin(125)) - 95b20011-2e58-4a94-a7ae-3b1213f1c518@group-2E43ED8F9078-StateMachineUpdater: set stopIndex = 0
2019-09-11 10:34:16,274 [main] INFO  impl.RaftServerImpl (ServerState.java:close(385)) - 95b20011-2e58-4a94-a7ae-3b1213f1c518@group-2E43ED8F9078: closes. applyIndex: 0
2019-09-11 10:34:16,274 [95b20011-2e58-4a94-a7ae-3b1213f1c518@group-2E43ED8F9078-SegmentedRaftLogWorker] INFO  segmented.SegmentedRaftLogWorker (SegmentedRaftLogWorker.java:run(313)) - 95b20011-2e58-4a94-a7ae-3b1213f1c518@group-2E43ED8F9078-SegmentedRaftLogWorker was interrupted, exiting. There are 0 tasks remaining in the queue.
2019-09-11 10:34:16,274 [main] INFO  segmented.SegmentedRaftLogWorker (SegmentedRaftLogWorker.java:close(228)) - 95b20011-2e58-4a94-a7ae-3b1213f1c518@group-2E43ED8F9078-SegmentedRaftLogWorker close()
2019-09-11 10:34:16,276 [main] INFO  server.GrpcService (GrpcService.java:closeImpl(164)) - 95b20011-2e58-4a94-a7ae-3b1213f1c518: shutdown server with port 39413 now
2019-09-11 10:34:16,276 [main] INFO  server.GrpcService (GrpcService.java:closeImpl(172)) - 95b20011-2e58-4a94-a7ae-3b1213f1c518: shutdown server with port 39413 successfully
2019-09-11 10:34:16,278 [refreshUsed-/workdir/hadoop-ozone/integration-test/target/test-dir/MiniOzoneClusterImpl-62578b9c-93b1-4e23-b83e-ebaf05b7c577/datanode-7/data/containers] WARN  fs.CachingGetSpaceUsed (CachingGetSpaceUsed.java:run(183)) - Thread Interrupted waiting to refresh disk information: sleep interrupted
2019-09-11 10:34:16,296 [main] INFO  utils.BackgroundService (BackgroundService.java:shutdown(148)) - Shutting down service BlockDeletingService
2019-09-11 10:34:16,299 [main] INFO  statemachine.DatanodeStateMachine (DatanodeStateMachine.java:stopDaemon(395)) - Ozone container server stopped.
2019-09-11 10:34:16,300 [main] INFO  handler.ContextHandler (ContextHandler.java:doStop(910)) - Stopped o.e.j.w.WebAppContext@70e94ecb{/,null,UNAVAILABLE}{/hddsDatanode}
2019-09-11 10:34:16,301 [main] INFO  server.AbstractConnector (AbstractConnector.java:doStop(318)) - Stopped ServerConnector@56cfe111{HTTP/1.1,[http/1.1]}{0.0.0.0:0}
2019-09-11 10:34:16,301 [main] INFO  handler.ContextHandler (ContextHandler.java:doStop(910)) - Stopped o.e.j.s.ServletContextHandler@29a98d9f{/static,jar:file:/home/user/.m2/repository/org/apache/hadoop/hadoop-hdds-container-service/0.5.0-SNAPSHOT/hadoop-hdds-container-service-0.5.0-SNAPSHOT.jar!/webapps/static,UNAVAILABLE}
2019-09-11 10:34:16,302 [main] INFO  handler.ContextHandler (ContextHandler.java:doStop(910)) - Stopped o.e.j.s.ServletContextHandler@55d58825{/logs,file:///workdir/hadoop-ozone/integration-test/target/log,UNAVAILABLE}
2019-09-11 10:34:16,308 [main] INFO  ozone.MiniOzoneClusterImpl (MiniOzoneClusterImpl.java:stop(339)) - Stopping the StorageContainerManager
2019-09-11 10:34:16,308 [main] INFO  server.StorageContainerManager (StorageContainerManager.java:stop(801)) - Stopping Replication Manager Service.
2019-09-11 10:34:16,308 [main] INFO  container.ReplicationManager (ReplicationManager.java:stop(203)) - Stopping Replication Monitor Thread.
2019-09-11 10:34:16,309 [main] INFO  server.StorageContainerManager (StorageContainerManager.java:stop(808)) - Stopping Lease Manager of the command watchers
2019-09-11 10:34:16,309 [main] INFO  server.StorageContainerManager (StorageContainerManager.java:stop(815)) - Stopping datanode service RPC server
2019-09-11 10:34:16,310 [main] INFO  server.SCMDatanodeProtocolServer (SCMDatanodeProtocolServer.java:stop(367)) - Stopping the RPC server for DataNodes
2019-09-11 10:34:16,310 [main] INFO  ipc.Server (Server.java:stop(3082)) - Stopping server on 38578
2019-09-11 10:34:16,312 [IPC Server listener on 38578] INFO  ipc.Server (Server.java:run(1185)) - Stopping IPC Server listener on 38578
2019-09-11 10:34:16,312 [IPC Server Responder] INFO  ipc.Server (Server.java:run(1319)) - Stopping IPC Server Responder
2019-09-11 10:34:16,333 [SCM Heartbeat Processing Thread - 0] WARN  node.NodeStateManager (NodeStateManager.java:scheduleNextHealthCheck(653)) - Current Thread is interrupted, shutting down HB processing thread for Node Manager.
2019-09-11 10:34:16,333 [main] INFO  server.StorageContainerManager (StorageContainerManager.java:stop(823)) - Stopping block service RPC server
2019-09-11 10:34:16,333 [main] INFO  server.SCMBlockProtocolServer (SCMBlockProtocolServer.java:stop(155)) - Stopping the RPC server for Block Protocol
2019-09-11 10:34:16,334 [main] INFO  ipc.Server (Server.java:stop(3082)) - Stopping server on 40668
2019-09-11 10:34:16,335 [IPC Server listener on 40668] INFO  ipc.Server (Server.java:run(1185)) - Stopping IPC Server listener on 40668
2019-09-11 10:34:16,335 [main] INFO  server.StorageContainerManager (StorageContainerManager.java:stop(830)) - Stopping the StorageContainerLocationProtocol RPC server
2019-09-11 10:34:16,335 [IPC Server Responder] INFO  ipc.Server (Server.java:run(1319)) - Stopping IPC Server Responder
2019-09-11 10:34:16,335 [main] INFO  server.SCMClientProtocolServer (SCMClientProtocolServer.java:stop(159)) - Stopping the RPC server for Client Protocol
2019-09-11 10:34:16,336 [main] INFO  ipc.Server (Server.java:stop(3082)) - Stopping server on 38407
2019-09-11 10:34:16,337 [IPC Server listener on 38407] INFO  ipc.Server (Server.java:run(1185)) - Stopping IPC Server listener on 38407
2019-09-11 10:34:16,337 [main] INFO  server.StorageContainerManager (StorageContainerManager.java:stop(837)) - Stopping Storage Container Manager HTTP server.
2019-09-11 10:34:16,337 [IPC Server Responder] INFO  ipc.Server (Server.java:run(1319)) - Stopping IPC Server Responder
2019-09-11 10:34:16,338 [main] INFO  handler.ContextHandler (ContextHandler.java:doStop(910)) - Stopped o.e.j.w.WebAppContext@27e0f2f5{/,null,UNAVAILABLE}{/scm}
2019-09-11 10:34:16,339 [main] INFO  server.AbstractConnector (AbstractConnector.java:doStop(318)) - Stopped ServerConnector@3dd69f5a{HTTP/1.1,[http/1.1]}{0.0.0.0:0}
2019-09-11 10:34:16,339 [main] INFO  handler.ContextHandler (ContextHandler.java:doStop(910)) - Stopped o.e.j.s.ServletContextHandler@4aa83f4f{/static,file:///workdir/hadoop-ozone/integration-test/target/test-classes/webapps/static,UNAVAILABLE}
2019-09-11 10:34:16,339 [main] INFO  handler.ContextHandler (ContextHandler.java:doStop(910)) - Stopped o.e.j.s.ServletContextHandler@615091b8{/logs,file:///workdir/hadoop-ozone/integration-test/target/log,UNAVAILABLE}
2019-09-11 10:34:16,340 [main] INFO  server.StorageContainerManager (StorageContainerManager.java:stop(848)) - Stopping Block Manager Service.
2019-09-11 10:34:16,340 [main] INFO  utils.BackgroundService (BackgroundService.java:shutdown(148)) - Shutting down service SCMBlockDeletingService
2019-09-11 10:34:16,340 [main] INFO  utils.BackgroundService (BackgroundService.java:shutdown(148)) - Shutting down service SCMBlockDeletingService
2019-09-11 10:34:16,341 [main] INFO  server.StorageContainerManager (StorageContainerManager.java:stop(870)) - Stopping SCM Event Queue.
2019-09-11 10:34:16,347 [main] INFO  impl.MetricsSystemImpl (MetricsSystemImpl.java:stop(210)) - Stopping XceiverClientMetrics metrics system...
2019-09-11 10:34:16,356 [prometheus] INFO  impl.MetricsSinkAdapter (MetricsSinkAdapter.java:publishMetricsFromQueue(141)) - prometheus thread interrupted.
2019-09-11 10:34:16,356 [main] INFO  impl.MetricsSystemImpl (MetricsSystemImpl.java:stop(216)) - XceiverClientMetrics metrics system stopped.
]]></system-out>
    <system-err><![CDATA[ERROR StatusLogger No Log4j 2 configuration file found. Using default configuration (logging only errors to the console), or user programmatically provided configurations. Set system property 'log4j2.debug' to show Log4j 2 internal initialization logging. See https://logging.apache.org/log4j/2.x/manual/configuration.html for instructions on how to configure Log4j 2
]]></system-err>
  </testcase>
  <testcase name="testMultiBlockWritesWithDnFailures" classname="org.apache.hadoop.ozone.client.rpc.TestMultiBlockWritesWithDnFailures" time="43.12"/>
</testsuite>