<?xml version="1.0" encoding="UTF-8"?>
<testsuite xmlns:xsi="http://www.w3.org/2001/XMLSchema-instance" xsi:noNamespaceSchemaLocation="https://maven.apache.org/surefire/maven-surefire-plugin/xsd/surefire-test-report.xsd" name="org.apache.hadoop.ozone.client.rpc.TestBlockOutputStream" time="248.382" tests="6" errors="0" skipped="0" failures="1">
  <properties>
    <property name="awt.toolkit" value="sun.awt.X11.XToolkit"/>
    <property name="file.encoding.pkg" value="sun.io"/>
    <property name="java.specification.version" value="1.8"/>
    <property name="sun.cpu.isalist" value=""/>
    <property name="sun.jnu.encoding" value="UTF-8"/>
    <property name="java.class.path" value="/workdir/hadoop-ozone/integration-test/target/test-classes:/workdir/hadoop-ozone/integration-test/target/classes:/home/user/.m2/repository/org/apache/hadoop/hadoop-ozone-common/0.5.0-SNAPSHOT/hadoop-ozone-common-0.5.0-SNAPSHOT.jar:/home/user/.m2/repository/org/apache/commons/commons-compress/1.4.1/commons-compress-1.4.1.jar:/home/user/.m2/repository/org/tukaani/xz/1.0/xz-1.0.jar:/home/user/.m2/repository/org/apache/hadoop/hadoop-common/3.2.0/hadoop-common-3.2.0.jar:/home/user/.m2/repository/org/apache/hadoop/hadoop-hdfs/3.2.0/hadoop-hdfs-3.2.0.jar:/home/user/.m2/repository/org/apache/hadoop/hadoop-hdfs-client/3.2.0/hadoop-hdfs-client-3.2.0.jar:/home/user/.m2/repository/com/fasterxml/jackson/core/jackson-annotations/2.9.5/jackson-annotations-2.9.5.jar:/home/user/.m2/repository/org/apache/hadoop/hadoop-hdds-common/0.5.0-SNAPSHOT/hadoop-hdds-common-0.5.0-SNAPSHOT.jar:/home/user/.m2/repository/javax/annotation/javax.annotation-api/1.2/javax.annotation-api-1.2.jar:/home/user/.m2/repository/org/apache/ratis/ratis-server/0.4.0-78e95b9-SNAPSHOT/ratis-server-0.4.0-78e95b9-SNAPSHOT.jar:/home/user/.m2/repository/org/apache/ratis/ratis-thirdparty-misc/0.2.0/ratis-thirdparty-misc-0.2.0.jar:/home/user/.m2/repository/org/apache/ratis/ratis-proto/0.4.0-78e95b9-SNAPSHOT/ratis-proto-0.4.0-78e95b9-SNAPSHOT.jar:/home/user/.m2/repository/org/apache/ratis/ratis-common/0.4.0-78e95b9-SNAPSHOT/ratis-common-0.4.0-78e95b9-SNAPSHOT.jar:/home/user/.m2/repository/org/apache/ratis/ratis-client/0.4.0-78e95b9-SNAPSHOT/ratis-client-0.4.0-78e95b9-SNAPSHOT.jar:/home/user/.m2/repository/org/apache/ratis/ratis-metrics/0.4.0-78e95b9-SNAPSHOT/ratis-metrics-0.4.0-78e95b9-SNAPSHOT.jar:/home/user/.m2/repository/com/github/joshelser/dropwizard-metrics-hadoop-metrics2-reporter/0.1.2/dropwizard-metrics-hadoop-metrics2-reporter-0.1.2.jar:/home/user/.m2/repository/io/dropwizard/metrics/metrics-jvm/3.2.5/metrics-jvm-3.2.5.jar:/home/user/.m2/repository/io/dropwizard/metrics/metrics-ganglia/3.2.5/metrics-ganglia-3.2.5.jar:/home/user/.m2/repository/info/ganglia/gmetric4j/gmetric4j/1.0.7/gmetric4j-1.0.7.jar:/home/user/.m2/repository/org/apache/ratis/ratis-netty/0.4.0-78e95b9-SNAPSHOT/ratis-netty-0.4.0-78e95b9-SNAPSHOT.jar:/home/user/.m2/repository/org/apache/ratis/ratis-grpc/0.4.0-78e95b9-SNAPSHOT/ratis-grpc-0.4.0-78e95b9-SNAPSHOT.jar:/home/user/.m2/repository/org/rocksdb/rocksdbjni/6.0.1/rocksdbjni-6.0.1.jar:/home/user/.m2/repository/org/apache/logging/log4j/log4j-api/2.11.0/log4j-api-2.11.0.jar:/home/user/.m2/repository/org/apache/logging/log4j/log4j-core/2.11.0/log4j-core-2.11.0.jar:/home/user/.m2/repository/com/lmax/disruptor/3.4.2/disruptor-3.4.2.jar:/home/user/.m2/repository/org/apache/commons/commons-pool2/2.6.0/commons-pool2-2.6.0.jar:/home/user/.m2/repository/org/bouncycastle/bcpkix-jdk15on/1.60/bcpkix-jdk15on-1.60.jar:/home/user/.m2/repository/commons-validator/commons-validator/1.6/commons-validator-1.6.jar:/home/user/.m2/repository/commons-digester/commons-digester/1.8.1/commons-digester-1.8.1.jar:/home/user/.m2/repository/io/jaegertracing/jaeger-client/0.33.1/jaeger-client-0.33.1.jar:/home/user/.m2/repository/io/jaegertracing/jaeger-thrift/0.33.1/jaeger-thrift-0.33.1.jar:/home/user/.m2/repository/org/apache/thrift/libthrift/0.11.0/libthrift-0.11.0.jar:/home/user/.m2/repository/com/squareup/okhttp3/okhttp/3.9.0/okhttp-3.9.0.jar:/home/user/.m2/repository/com/squareup/okio/okio/1.13.0/okio-1.13.0.jar:/home/user/.m2/repository/io/jaegertracing/jaeger-core/0.33.1/jaeger-core-0.33.1.jar:/home/user/.m2/repository/io/jaegertracing/jaeger-tracerresolver/0.33.1/jaeger-tracerresolver-0.33.1.jar:/home/user/.m2/repository/io/opentracing/contrib/opentracing-tracerresolver/0.1.5/opentracing-tracerresolver-0.1.5.jar:/home/user/.m2/repository/io/opentracing/opentracing-util/0.31.0/opentracing-util-0.31.0.jar:/home/user/.m2/repository/io/opentracing/opentracing-api/0.31.0/opentracing-api-0.31.0.jar:/home/user/.m2/repository/io/opentracing/opentracing-noop/0.31.0/opentracing-noop-0.31.0.jar:/home/user/.m2/repository/org/apache/hadoop/hadoop-hdds-server-framework/0.5.0-SNAPSHOT/hadoop-hdds-server-framework-0.5.0-SNAPSHOT.jar:/home/user/.m2/repository/org/apache/hadoop/hadoop-hdds-container-service/0.5.0-SNAPSHOT/hadoop-hdds-container-service-0.5.0-SNAPSHOT.jar:/home/user/.m2/repository/org/apache/hadoop/hadoop-hdds-client/0.5.0-SNAPSHOT/hadoop-hdds-client-0.5.0-SNAPSHOT.jar:/home/user/.m2/repository/org/apache/hadoop/hadoop-hdds-tools/0.5.0-SNAPSHOT/hadoop-hdds-tools-0.5.0-SNAPSHOT.jar:/home/user/.m2/repository/org/apache/hadoop/hadoop-hdds-server-scm/0.5.0-SNAPSHOT/hadoop-hdds-server-scm-0.5.0-SNAPSHOT.jar:/home/user/.m2/repository/org/apache/hadoop/hadoop-hdds-docs/0.5.0-SNAPSHOT/hadoop-hdds-docs-0.5.0-SNAPSHOT.jar:/home/user/.m2/repository/io/dropwizard/metrics/metrics-core/3.2.4/metrics-core-3.2.4.jar:/home/user/.m2/repository/org/hamcrest/hamcrest-all/1.3/hamcrest-all-1.3.jar:/home/user/.m2/repository/org/bouncycastle/bcprov-jdk15on/1.60/bcprov-jdk15on-1.60.jar:/home/user/.m2/repository/info/picocli/picocli/3.9.6/picocli-3.9.6.jar:/home/user/.m2/repository/com/google/protobuf/protobuf-java/2.5.0/protobuf-java-2.5.0.jar:/home/user/.m2/repository/com/google/guava/guava/11.0.2/guava-11.0.2.jar:/home/user/.m2/repository/org/apache/hadoop/hadoop-ozone-ozone-manager/0.5.0-SNAPSHOT/hadoop-ozone-ozone-manager-0.5.0-SNAPSHOT.jar:/home/user/.m2/repository/org/apache/hadoop/hadoop-minikdc/3.2.0/hadoop-minikdc-3.2.0.jar:/home/user/.m2/repository/commons-io/commons-io/2.5/commons-io-2.5.jar:/home/user/.m2/repository/org/apache/kerby/kerb-simplekdc/1.0.1/kerb-simplekdc-1.0.1.jar:/home/user/.m2/repository/org/apache/kerby/kerb-client/1.0.1/kerb-client-1.0.1.jar:/home/user/.m2/repository/org/apache/kerby/kerby-config/1.0.1/kerby-config-1.0.1.jar:/home/user/.m2/repository/org/apache/kerby/kerb-core/1.0.1/kerb-core-1.0.1.jar:/home/user/.m2/repository/org/apache/kerby/kerby-pkix/1.0.1/kerby-pkix-1.0.1.jar:/home/user/.m2/repository/org/apache/kerby/kerby-asn1/1.0.1/kerby-asn1-1.0.1.jar:/home/user/.m2/repository/org/apache/kerby/kerby-util/1.0.1/kerby-util-1.0.1.jar:/home/user/.m2/repository/org/apache/kerby/kerb-common/1.0.1/kerb-common-1.0.1.jar:/home/user/.m2/repository/org/apache/kerby/kerb-crypto/1.0.1/kerb-crypto-1.0.1.jar:/home/user/.m2/repository/org/apache/kerby/kerb-util/1.0.1/kerb-util-1.0.1.jar:/home/user/.m2/repository/org/apache/kerby/token-provider/1.0.1/token-provider-1.0.1.jar:/home/user/.m2/repository/org/apache/kerby/kerb-admin/1.0.1/kerb-admin-1.0.1.jar:/home/user/.m2/repository/org/apache/kerby/kerb-server/1.0.1/kerb-server-1.0.1.jar:/home/user/.m2/repository/org/apache/kerby/kerb-identity/1.0.1/kerb-identity-1.0.1.jar:/home/user/.m2/repository/org/apache/kerby/kerby-xdr/1.0.1/kerby-xdr-1.0.1.jar:/home/user/.m2/repository/org/slf4j/slf4j-log4j12/1.7.25/slf4j-log4j12-1.7.25.jar:/home/user/.m2/repository/org/apache/hadoop/hadoop-ozone-s3gateway/0.5.0-SNAPSHOT/hadoop-ozone-s3gateway-0.5.0-SNAPSHOT.jar:/home/user/.m2/repository/org/jboss/weld/servlet/weld-servlet/2.4.7.Final/weld-servlet-2.4.7.Final.jar:/home/user/.m2/repository/org/glassfish/jersey/containers/jersey-container-servlet-core/2.27/jersey-container-servlet-core-2.27.jar:/home/user/.m2/repository/org/glassfish/hk2/external/javax.inject/2.5.0-b42/javax.inject-2.5.0-b42.jar:/home/user/.m2/repository/org/glassfish/jersey/core/jersey-common/2.27/jersey-common-2.27.jar:/home/user/.m2/repository/org/glassfish/hk2/osgi-resource-locator/1.0.1/osgi-resource-locator-1.0.1.jar:/home/user/.m2/repository/javax/ws/rs/javax.ws.rs-api/2.1/javax.ws.rs-api-2.1.jar:/home/user/.m2/repository/org/glassfish/jersey/ext/cdi/jersey-cdi1x/2.27/jersey-cdi1x-2.27.jar:/home/user/.m2/repository/org/glassfish/jersey/inject/jersey-hk2/2.27/jersey-hk2-2.27.jar:/home/user/.m2/repository/org/glassfish/hk2/hk2-locator/2.5.0-b42/hk2-locator-2.5.0-b42.jar:/home/user/.m2/repository/org/javassist/javassist/3.22.0-CR2/javassist-3.22.0-CR2.jar:/home/user/.m2/repository/org/glassfish/hk2/hk2-api/2.5.0/hk2-api-2.5.0.jar:/home/user/.m2/repository/org/glassfish/hk2/external/jakarta.inject/2.5.0/jakarta.inject-2.5.0.jar:/home/user/.m2/repository/org/glassfish/hk2/hk2-utils/2.5.0/hk2-utils-2.5.0.jar:/home/user/.m2/repository/jakarta/annotation/jakarta.annotation-api/1.3.4/jakarta.annotation-api-1.3.4.jar:/home/user/.m2/repository/org/glassfish/hk2/external/aopalliance-repackaged/2.5.0/aopalliance-repackaged-2.5.0.jar:/home/user/.m2/repository/com/fasterxml/jackson/dataformat/jackson-dataformat-xml/2.9.0/jackson-dataformat-xml-2.9.0.jar:/home/user/.m2/repository/com/fasterxml/jackson/core/jackson-core/2.9.5/jackson-core-2.9.5.jar:/home/user/.m2/repository/com/fasterxml/jackson/module/jackson-module-jaxb-annotations/2.9.5/jackson-module-jaxb-annotations-2.9.5.jar:/home/user/.m2/repository/javax/enterprise/cdi-api/1.2/cdi-api-1.2.jar:/home/user/.m2/repository/javax/el/javax.el-api/3.0.0/javax.el-api-3.0.0.jar:/home/user/.m2/repository/javax/interceptor/javax.interceptor-api/1.2/javax.interceptor-api-1.2.jar:/home/user/.m2/repository/javax/inject/javax.inject/1/javax.inject-1.jar:/home/user/.m2/repository/com/sun/xml/bind/jaxb-impl/2.3.0.1/jaxb-impl-2.3.0.1.jar:/home/user/.m2/repository/com/sun/xml/bind/jaxb-core/2.3.0.1/jaxb-core-2.3.0.1.jar:/home/user/.m2/repository/javax/xml/bind/jaxb-api/2.3.0/jaxb-api-2.3.0.jar:/home/user/.m2/repository/javax/activation/activation/1.1.1/activation-1.1.1.jar:/home/user/.m2/repository/org/apache/hadoop/hadoop-ozone-csi/0.5.0-SNAPSHOT/hadoop-ozone-csi-0.5.0-SNAPSHOT.jar:/home/user/.m2/repository/com/google/protobuf/protobuf-java-util/3.5.1/protobuf-java-util-3.5.1.jar:/home/user/.m2/repository/org/apache/hadoop/hadoop-hdds-config/0.5.0-SNAPSHOT/hadoop-hdds-config-0.5.0-SNAPSHOT.jar:/home/user/.m2/repository/io/grpc/grpc-netty/1.17.1/grpc-netty-1.17.1.jar:/home/user/.m2/repository/io/grpc/grpc-core/1.17.1/grpc-core-1.17.1.jar:/home/user/.m2/repository/io/grpc/grpc-context/1.17.1/grpc-context-1.17.1.jar:/home/user/.m2/repository/com/google/errorprone/error_prone_annotations/2.2.0/error_prone_annotations-2.2.0.jar:/home/user/.m2/repository/org/codehaus/mojo/animal-sniffer-annotations/1.17/animal-sniffer-annotations-1.17.jar:/home/user/.m2/repository/io/opencensus/opencensus-api/0.17.0/opencensus-api-0.17.0.jar:/home/user/.m2/repository/io/opencensus/opencensus-contrib-grpc-metrics/0.17.0/opencensus-contrib-grpc-metrics-0.17.0.jar:/home/user/.m2/repository/io/netty/netty-codec-http2/4.1.30.Final/netty-codec-http2-4.1.30.Final.jar:/home/user/.m2/repository/io/netty/netty-codec-http/4.1.30.Final/netty-codec-http-4.1.30.Final.jar:/home/user/.m2/repository/io/netty/netty-codec/4.1.30.Final/netty-codec-4.1.30.Final.jar:/home/user/.m2/repository/io/netty/netty-handler/4.1.30.Final/netty-handler-4.1.30.Final.jar:/home/user/.m2/repository/io/netty/netty-handler-proxy/4.1.30.Final/netty-handler-proxy-4.1.30.Final.jar:/home/user/.m2/repository/io/netty/netty-codec-socks/4.1.30.Final/netty-codec-socks-4.1.30.Final.jar:/home/user/.m2/repository/io/netty/netty-transport-native-epoll/4.1.30.Final/netty-transport-native-epoll-4.1.30.Final.jar:/home/user/.m2/repository/io/netty/netty-common/4.1.30.Final/netty-common-4.1.30.Final.jar:/home/user/.m2/repository/io/netty/netty-buffer/4.1.30.Final/netty-buffer-4.1.30.Final.jar:/home/user/.m2/repository/io/netty/netty-transport/4.1.30.Final/netty-transport-4.1.30.Final.jar:/home/user/.m2/repository/io/netty/netty-resolver/4.1.30.Final/netty-resolver-4.1.30.Final.jar:/home/user/.m2/repository/io/netty/netty-transport-native-unix-common/4.1.30.Final/netty-transport-native-unix-common-4.1.30.Final.jar:/home/user/.m2/repository/io/grpc/grpc-protobuf/1.17.1/grpc-protobuf-1.17.1.jar:/home/user/.m2/repository/com/google/api/grpc/proto-google-common-protos/1.0.0/proto-google-common-protos-1.0.0.jar:/home/user/.m2/repository/io/grpc/grpc-protobuf-lite/1.17.1/grpc-protobuf-lite-1.17.1.jar:/home/user/.m2/repository/io/grpc/grpc-stub/1.17.1/grpc-stub-1.17.1.jar:/home/user/.m2/repository/org/apache/hadoop/hadoop-ozone-recon/0.5.0-SNAPSHOT/hadoop-ozone-recon-0.5.0-SNAPSHOT.jar:/home/user/.m2/repository/org/apache/hadoop/hadoop-ozone-reconcodegen/0.5.0-SNAPSHOT/hadoop-ozone-reconcodegen-0.5.0-SNAPSHOT.jar:/home/user/.m2/repository/com/google/inject/extensions/guice-multibindings/4.0/guice-multibindings-4.0.jar:/home/user/.m2/repository/com/google/inject/guice/4.0/guice-4.0.jar:/home/user/.m2/repository/aopalliance/aopalliance/1.0/aopalliance-1.0.jar:/home/user/.m2/repository/com/google/inject/extensions/guice-servlet/4.0/guice-servlet-4.0.jar:/home/user/.m2/repository/org/glassfish/jersey/containers/jersey-container-servlet/2.27/jersey-container-servlet-2.27.jar:/home/user/.m2/repository/org/glassfish/hk2/guice-bridge/2.5.0/guice-bridge-2.5.0.jar:/home/user/.m2/repository/org/glassfish/jersey/core/jersey-server/2.27/jersey-server-2.27.jar:/home/user/.m2/repository/org/glassfish/jersey/core/jersey-client/2.27/jersey-client-2.27.jar:/home/user/.m2/repository/org/glassfish/jersey/media/jersey-media-jaxb/2.27/jersey-media-jaxb-2.27.jar:/home/user/.m2/repository/javax/validation/validation-api/1.1.0.Final/validation-api-1.1.0.Final.jar:/home/user/.m2/repository/org/glassfish/jersey/media/jersey-media-json-jackson/2.27/jersey-media-json-jackson-2.27.jar:/home/user/.m2/repository/org/glassfish/jersey/ext/jersey-entity-filtering/2.27/jersey-entity-filtering-2.27.jar:/home/user/.m2/repository/com/google/inject/extensions/guice-assistedinject/4.0/guice-assistedinject-4.0.jar:/home/user/.m2/repository/org/jooq/jooq/3.11.10/jooq-3.11.10.jar:/home/user/.m2/repository/org/jooq/jooq-meta/3.11.10/jooq-meta-3.11.10.jar:/home/user/.m2/repository/org/jooq/jooq-codegen/3.11.10/jooq-codegen-3.11.10.jar:/home/user/.m2/repository/com/jolbox/bonecp/0.8.0.RELEASE/bonecp-0.8.0.RELEASE.jar:/home/user/.m2/repository/org/xerial/sqlite-jdbc/3.25.2/sqlite-jdbc-3.25.2.jar:/home/user/.m2/repository/org/springframework/spring-jdbc/5.1.3.RELEASE/spring-jdbc-5.1.3.RELEASE.jar:/home/user/.m2/repository/org/springframework/spring-beans/5.1.3.RELEASE/spring-beans-5.1.3.RELEASE.jar:/home/user/.m2/repository/org/springframework/spring-core/5.1.3.RELEASE/spring-core-5.1.3.RELEASE.jar:/home/user/.m2/repository/org/springframework/spring-jcl/5.1.3.RELEASE/spring-jcl-5.1.3.RELEASE.jar:/home/user/.m2/repository/org/springframework/spring-tx/5.1.3.RELEASE/spring-tx-5.1.3.RELEASE.jar:/home/user/.m2/repository/org/apache/hadoop/hadoop-ozone-client/0.5.0-SNAPSHOT/hadoop-ozone-client-0.5.0-SNAPSHOT.jar:/home/user/.m2/repository/commons-lang/commons-lang/2.6/commons-lang-2.6.jar:/home/user/.m2/repository/org/apache/hadoop/hadoop-ozone-ozone-manager/0.5.0-SNAPSHOT/hadoop-ozone-ozone-manager-0.5.0-SNAPSHOT-tests.jar:/home/user/.m2/repository/junit/junit/4.11/junit-4.11.jar:/home/user/.m2/repository/org/hamcrest/hamcrest-core/1.3/hamcrest-core-1.3.jar:/home/user/.m2/repository/org/openjdk/jmh/jmh-core/1.19/jmh-core-1.19.jar:/home/user/.m2/repository/net/sf/jopt-simple/jopt-simple/4.6/jopt-simple-4.6.jar:/home/user/.m2/repository/org/apache/commons/commons-math3/3.1.1/commons-math3-3.1.1.jar:/home/user/.m2/repository/org/openjdk/jmh/jmh-generator-annprocess/1.19/jmh-generator-annprocess-1.19.jar:/home/user/.m2/repository/org/mockito/mockito-all/1.8.5/mockito-all-1.8.5.jar:/home/user/.m2/repository/org/apache/hadoop/hadoop-kms/3.2.0/hadoop-kms-3.2.0.jar:/home/user/.m2/repository/org/apache/hadoop/hadoop-auth/3.2.0/hadoop-auth-3.2.0.jar:/home/user/.m2/repository/com/nimbusds/nimbus-jose-jwt/4.41.1/nimbus-jose-jwt-4.41.1.jar:/home/user/.m2/repository/com/github/stephenc/jcip/jcip-annotations/1.0-1/jcip-annotations-1.0-1.jar:/home/user/.m2/repository/net/minidev/json-smart/2.3/json-smart-2.3.jar:/home/user/.m2/repository/net/minidev/accessors-smart/1.2/accessors-smart-1.2.jar:/home/user/.m2/repository/org/ow2/asm/asm/5.0.4/asm-5.0.4.jar:/home/user/.m2/repository/org/apache/curator/curator-framework/2.12.0/curator-framework-2.12.0.jar:/home/user/.m2/repository/com/sun/jersey/jersey-core/1.19/jersey-core-1.19.jar:/home/user/.m2/repository/javax/ws/rs/jsr311-api/1.1.1/jsr311-api-1.1.1.jar:/home/user/.m2/repository/com/sun/jersey/jersey-server/1.19/jersey-server-1.19.jar:/home/user/.m2/repository/javax/servlet/javax.servlet-api/3.1.0/javax.servlet-api-3.1.0.jar:/home/user/.m2/repository/org/eclipse/jetty/jetty-server/9.3.24.v20180605/jetty-server-9.3.24.v20180605.jar:/home/user/.m2/repository/org/eclipse/jetty/jetty-http/9.3.24.v20180605/jetty-http-9.3.24.v20180605.jar:/home/user/.m2/repository/org/eclipse/jetty/jetty-io/9.3.24.v20180605/jetty-io-9.3.24.v20180605.jar:/home/user/.m2/repository/org/eclipse/jetty/jetty-webapp/9.3.24.v20180605/jetty-webapp-9.3.24.v20180605.jar:/home/user/.m2/repository/org/eclipse/jetty/jetty-xml/9.3.24.v20180605/jetty-xml-9.3.24.v20180605.jar:/home/user/.m2/repository/log4j/log4j/1.2.17/log4j-1.2.17.jar:/home/user/.m2/repository/org/slf4j/slf4j-api/1.7.25/slf4j-api-1.7.25.jar:/home/user/.m2/repository/org/slf4j/jul-to-slf4j/1.7.25/jul-to-slf4j-1.7.25.jar:/home/user/.m2/repository/org/eclipse/jetty/jetty-util/9.3.24.v20180605/jetty-util-9.3.24.v20180605.jar:/home/user/.m2/repository/com/fasterxml/jackson/core/jackson-databind/2.9.5/jackson-databind-2.9.5.jar:/home/user/.m2/repository/org/apache/hadoop/hadoop-kms/3.2.0/hadoop-kms-3.2.0-tests.jar:/home/user/.m2/repository/org/apache/hadoop/hadoop-hdds-server-scm/0.5.0-SNAPSHOT/hadoop-hdds-server-scm-0.5.0-SNAPSHOT-tests.jar:/home/user/.m2/repository/org/apache/hadoop/hadoop-hdds-container-service/0.5.0-SNAPSHOT/hadoop-hdds-container-service-0.5.0-SNAPSHOT-tests.jar:/home/user/.m2/repository/org/yaml/snakeyaml/1.16/snakeyaml-1.16.jar:/home/user/.m2/repository/org/apache/hadoop/hadoop-common/3.2.0/hadoop-common-3.2.0-tests.jar:/home/user/.m2/repository/org/apache/hadoop/hadoop-annotations/3.2.0/hadoop-annotations-3.2.0.jar:/usr/lib/jvm/java-1.8-openjdk/jre/../lib/tools.jar:/home/user/.m2/repository/commons-cli/commons-cli/1.2/commons-cli-1.2.jar:/home/user/.m2/repository/org/apache/httpcomponents/httpclient/4.5.2/httpclient-4.5.2.jar:/home/user/.m2/repository/org/apache/httpcomponents/httpcore/4.4.4/httpcore-4.4.4.jar:/home/user/.m2/repository/commons-codec/commons-codec/1.11/commons-codec-1.11.jar:/home/user/.m2/repository/commons-net/commons-net/3.6/commons-net-3.6.jar:/home/user/.m2/repository/commons-collections/commons-collections/3.2.2/commons-collections-3.2.2.jar:/home/user/.m2/repository/org/eclipse/jetty/jetty-servlet/9.3.24.v20180605/jetty-servlet-9.3.24.v20180605.jar:/home/user/.m2/repository/org/eclipse/jetty/jetty-security/9.3.24.v20180605/jetty-security-9.3.24.v20180605.jar:/home/user/.m2/repository/javax/servlet/jsp/jsp-api/2.1/jsp-api-2.1.jar:/home/user/.m2/repository/com/sun/jersey/jersey-servlet/1.19/jersey-servlet-1.19.jar:/home/user/.m2/repository/com/sun/jersey/jersey-json/1.19/jersey-json-1.19.jar:/home/user/.m2/repository/org/codehaus/jettison/jettison/1.1/jettison-1.1.jar:/home/user/.m2/repository/org/codehaus/jackson/jackson-core-asl/1.9.13/jackson-core-asl-1.9.13.jar:/home/user/.m2/repository/org/codehaus/jackson/jackson-mapper-asl/1.9.13/jackson-mapper-asl-1.9.13.jar:/home/user/.m2/repository/org/codehaus/jackson/jackson-jaxrs/1.9.13/jackson-jaxrs-1.9.13.jar:/home/user/.m2/repository/org/codehaus/jackson/jackson-xc/1.9.13/jackson-xc-1.9.13.jar:/home/user/.m2/repository/commons-logging/commons-logging/1.1.3/commons-logging-1.1.3.jar:/home/user/.m2/repository/commons-beanutils/commons-beanutils/1.9.3/commons-beanutils-1.9.3.jar:/home/user/.m2/repository/org/apache/commons/commons-configuration2/2.1.1/commons-configuration2-2.1.1.jar:/home/user/.m2/repository/org/apache/commons/commons-lang3/3.7/commons-lang3-3.7.jar:/home/user/.m2/repository/org/apache/commons/commons-text/1.4/commons-text-1.4.jar:/home/user/.m2/repository/org/apache/avro/avro/1.7.7/avro-1.7.7.jar:/home/user/.m2/repository/com/thoughtworks/paranamer/paranamer/2.3/paranamer-2.3.jar:/home/user/.m2/repository/org/xerial/snappy/snappy-java/1.0.5/snappy-java-1.0.5.jar:/home/user/.m2/repository/com/google/re2j/re2j/1.1/re2j-1.1.jar:/home/user/.m2/repository/com/google/code/gson/gson/2.2.4/gson-2.2.4.jar:/home/user/.m2/repository/com/jcraft/jsch/0.1.54/jsch-0.1.54.jar:/home/user/.m2/repository/org/apache/curator/curator-client/2.12.0/curator-client-2.12.0.jar:/home/user/.m2/repository/org/apache/curator/curator-recipes/2.12.0/curator-recipes-2.12.0.jar:/home/user/.m2/repository/com/google/code/findbugs/jsr305/3.0.0/jsr305-3.0.0.jar:/home/user/.m2/repository/org/apache/htrace/htrace-core4/4.1.0-incubating/htrace-core4-4.1.0-incubating.jar:/home/user/.m2/repository/org/apache/zookeeper/zookeeper/3.4.13/zookeeper-3.4.13.jar:/home/user/.m2/repository/org/apache/yetus/audience-annotations/0.5.0/audience-annotations-0.5.0.jar:/home/user/.m2/repository/org/codehaus/woodstox/stax2-api/3.1.4/stax2-api-3.1.4.jar:/home/user/.m2/repository/com/fasterxml/woodstox/woodstox-core/5.0.3/woodstox-core-5.0.3.jar:/home/user/.m2/repository/dnsjava/dnsjava/2.1.7/dnsjava-2.1.7.jar:/home/user/.m2/repository/org/apache/hadoop/hadoop-hdfs/3.2.0/hadoop-hdfs-3.2.0-tests.jar:/home/user/.m2/repository/org/eclipse/jetty/jetty-util-ajax/9.3.24.v20180605/jetty-util-ajax-9.3.24.v20180605.jar:/home/user/.m2/repository/commons-daemon/commons-daemon/1.0.13/commons-daemon-1.0.13.jar:/home/user/.m2/repository/io/netty/netty/3.10.5.Final/netty-3.10.5.Final.jar:/home/user/.m2/repository/io/netty/netty-all/4.0.52.Final/netty-all-4.0.52.Final.jar:/home/user/.m2/repository/org/fusesource/leveldbjni/leveldbjni-all/1.8/leveldbjni-all-1.8.jar:"/>
    <property name="java.vm.vendor" value="IcedTea"/>
    <property name="sun.arch.data.model" value="64"/>
    <property name="test.build.dir" value="/workdir/hadoop-ozone/integration-test/target/test-dir"/>
    <property name="test.cache.data" value=""/>
    <property name="java.vendor.url" value="https://icedtea.classpath.org"/>
    <property name="user.timezone" value=""/>
    <property name="java.vm.specification.version" value="1.8"/>
    <property name="os.name" value="Linux"/>
    <property name="test.build.data" value="/workdir/hadoop-ozone/integration-test/target/test-dir"/>
    <property name="user.country" value="US"/>
    <property name="sun.java.launcher" value="SUN_STANDARD"/>
    <property name="sun.boot.library.path" value="/usr/lib/jvm/java-1.8-openjdk/jre/lib/amd64"/>
    <property name="sun.java.command" value="/workdir/hadoop-ozone/integration-test/target/surefire/surefirebooter805444060664176771.jar /workdir/hadoop-ozone/integration-test/target/surefire 2019-09-11T09-51-54_257-jvmRun1 surefire4393535540148301323tmp surefire_368944759311299106969tmp"/>
    <property name="test" value="!TestMiniChaosOzoneCluster"/>
    <property name="surefire.test.class.path" value="/workdir/hadoop-ozone/integration-test/target/test-classes:/workdir/hadoop-ozone/integration-test/target/classes:/home/user/.m2/repository/org/apache/hadoop/hadoop-ozone-common/0.5.0-SNAPSHOT/hadoop-ozone-common-0.5.0-SNAPSHOT.jar:/home/user/.m2/repository/org/apache/commons/commons-compress/1.4.1/commons-compress-1.4.1.jar:/home/user/.m2/repository/org/tukaani/xz/1.0/xz-1.0.jar:/home/user/.m2/repository/org/apache/hadoop/hadoop-common/3.2.0/hadoop-common-3.2.0.jar:/home/user/.m2/repository/org/apache/hadoop/hadoop-hdfs/3.2.0/hadoop-hdfs-3.2.0.jar:/home/user/.m2/repository/org/apache/hadoop/hadoop-hdfs-client/3.2.0/hadoop-hdfs-client-3.2.0.jar:/home/user/.m2/repository/com/fasterxml/jackson/core/jackson-annotations/2.9.5/jackson-annotations-2.9.5.jar:/home/user/.m2/repository/org/apache/hadoop/hadoop-hdds-common/0.5.0-SNAPSHOT/hadoop-hdds-common-0.5.0-SNAPSHOT.jar:/home/user/.m2/repository/javax/annotation/javax.annotation-api/1.2/javax.annotation-api-1.2.jar:/home/user/.m2/repository/org/apache/ratis/ratis-server/0.4.0-78e95b9-SNAPSHOT/ratis-server-0.4.0-78e95b9-SNAPSHOT.jar:/home/user/.m2/repository/org/apache/ratis/ratis-thirdparty-misc/0.2.0/ratis-thirdparty-misc-0.2.0.jar:/home/user/.m2/repository/org/apache/ratis/ratis-proto/0.4.0-78e95b9-SNAPSHOT/ratis-proto-0.4.0-78e95b9-SNAPSHOT.jar:/home/user/.m2/repository/org/apache/ratis/ratis-common/0.4.0-78e95b9-SNAPSHOT/ratis-common-0.4.0-78e95b9-SNAPSHOT.jar:/home/user/.m2/repository/org/apache/ratis/ratis-client/0.4.0-78e95b9-SNAPSHOT/ratis-client-0.4.0-78e95b9-SNAPSHOT.jar:/home/user/.m2/repository/org/apache/ratis/ratis-metrics/0.4.0-78e95b9-SNAPSHOT/ratis-metrics-0.4.0-78e95b9-SNAPSHOT.jar:/home/user/.m2/repository/com/github/joshelser/dropwizard-metrics-hadoop-metrics2-reporter/0.1.2/dropwizard-metrics-hadoop-metrics2-reporter-0.1.2.jar:/home/user/.m2/repository/io/dropwizard/metrics/metrics-jvm/3.2.5/metrics-jvm-3.2.5.jar:/home/user/.m2/repository/io/dropwizard/metrics/metrics-ganglia/3.2.5/metrics-ganglia-3.2.5.jar:/home/user/.m2/repository/info/ganglia/gmetric4j/gmetric4j/1.0.7/gmetric4j-1.0.7.jar:/home/user/.m2/repository/org/apache/ratis/ratis-netty/0.4.0-78e95b9-SNAPSHOT/ratis-netty-0.4.0-78e95b9-SNAPSHOT.jar:/home/user/.m2/repository/org/apache/ratis/ratis-grpc/0.4.0-78e95b9-SNAPSHOT/ratis-grpc-0.4.0-78e95b9-SNAPSHOT.jar:/home/user/.m2/repository/org/rocksdb/rocksdbjni/6.0.1/rocksdbjni-6.0.1.jar:/home/user/.m2/repository/org/apache/logging/log4j/log4j-api/2.11.0/log4j-api-2.11.0.jar:/home/user/.m2/repository/org/apache/logging/log4j/log4j-core/2.11.0/log4j-core-2.11.0.jar:/home/user/.m2/repository/com/lmax/disruptor/3.4.2/disruptor-3.4.2.jar:/home/user/.m2/repository/org/apache/commons/commons-pool2/2.6.0/commons-pool2-2.6.0.jar:/home/user/.m2/repository/org/bouncycastle/bcpkix-jdk15on/1.60/bcpkix-jdk15on-1.60.jar:/home/user/.m2/repository/commons-validator/commons-validator/1.6/commons-validator-1.6.jar:/home/user/.m2/repository/commons-digester/commons-digester/1.8.1/commons-digester-1.8.1.jar:/home/user/.m2/repository/io/jaegertracing/jaeger-client/0.33.1/jaeger-client-0.33.1.jar:/home/user/.m2/repository/io/jaegertracing/jaeger-thrift/0.33.1/jaeger-thrift-0.33.1.jar:/home/user/.m2/repository/org/apache/thrift/libthrift/0.11.0/libthrift-0.11.0.jar:/home/user/.m2/repository/com/squareup/okhttp3/okhttp/3.9.0/okhttp-3.9.0.jar:/home/user/.m2/repository/com/squareup/okio/okio/1.13.0/okio-1.13.0.jar:/home/user/.m2/repository/io/jaegertracing/jaeger-core/0.33.1/jaeger-core-0.33.1.jar:/home/user/.m2/repository/io/jaegertracing/jaeger-tracerresolver/0.33.1/jaeger-tracerresolver-0.33.1.jar:/home/user/.m2/repository/io/opentracing/contrib/opentracing-tracerresolver/0.1.5/opentracing-tracerresolver-0.1.5.jar:/home/user/.m2/repository/io/opentracing/opentracing-util/0.31.0/opentracing-util-0.31.0.jar:/home/user/.m2/repository/io/opentracing/opentracing-api/0.31.0/opentracing-api-0.31.0.jar:/home/user/.m2/repository/io/opentracing/opentracing-noop/0.31.0/opentracing-noop-0.31.0.jar:/home/user/.m2/repository/org/apache/hadoop/hadoop-hdds-server-framework/0.5.0-SNAPSHOT/hadoop-hdds-server-framework-0.5.0-SNAPSHOT.jar:/home/user/.m2/repository/org/apache/hadoop/hadoop-hdds-container-service/0.5.0-SNAPSHOT/hadoop-hdds-container-service-0.5.0-SNAPSHOT.jar:/home/user/.m2/repository/org/apache/hadoop/hadoop-hdds-client/0.5.0-SNAPSHOT/hadoop-hdds-client-0.5.0-SNAPSHOT.jar:/home/user/.m2/repository/org/apache/hadoop/hadoop-hdds-tools/0.5.0-SNAPSHOT/hadoop-hdds-tools-0.5.0-SNAPSHOT.jar:/home/user/.m2/repository/org/apache/hadoop/hadoop-hdds-server-scm/0.5.0-SNAPSHOT/hadoop-hdds-server-scm-0.5.0-SNAPSHOT.jar:/home/user/.m2/repository/org/apache/hadoop/hadoop-hdds-docs/0.5.0-SNAPSHOT/hadoop-hdds-docs-0.5.0-SNAPSHOT.jar:/home/user/.m2/repository/io/dropwizard/metrics/metrics-core/3.2.4/metrics-core-3.2.4.jar:/home/user/.m2/repository/org/hamcrest/hamcrest-all/1.3/hamcrest-all-1.3.jar:/home/user/.m2/repository/org/bouncycastle/bcprov-jdk15on/1.60/bcprov-jdk15on-1.60.jar:/home/user/.m2/repository/info/picocli/picocli/3.9.6/picocli-3.9.6.jar:/home/user/.m2/repository/com/google/protobuf/protobuf-java/2.5.0/protobuf-java-2.5.0.jar:/home/user/.m2/repository/com/google/guava/guava/11.0.2/guava-11.0.2.jar:/home/user/.m2/repository/org/apache/hadoop/hadoop-ozone-ozone-manager/0.5.0-SNAPSHOT/hadoop-ozone-ozone-manager-0.5.0-SNAPSHOT.jar:/home/user/.m2/repository/org/apache/hadoop/hadoop-minikdc/3.2.0/hadoop-minikdc-3.2.0.jar:/home/user/.m2/repository/commons-io/commons-io/2.5/commons-io-2.5.jar:/home/user/.m2/repository/org/apache/kerby/kerb-simplekdc/1.0.1/kerb-simplekdc-1.0.1.jar:/home/user/.m2/repository/org/apache/kerby/kerb-client/1.0.1/kerb-client-1.0.1.jar:/home/user/.m2/repository/org/apache/kerby/kerby-config/1.0.1/kerby-config-1.0.1.jar:/home/user/.m2/repository/org/apache/kerby/kerb-core/1.0.1/kerb-core-1.0.1.jar:/home/user/.m2/repository/org/apache/kerby/kerby-pkix/1.0.1/kerby-pkix-1.0.1.jar:/home/user/.m2/repository/org/apache/kerby/kerby-asn1/1.0.1/kerby-asn1-1.0.1.jar:/home/user/.m2/repository/org/apache/kerby/kerby-util/1.0.1/kerby-util-1.0.1.jar:/home/user/.m2/repository/org/apache/kerby/kerb-common/1.0.1/kerb-common-1.0.1.jar:/home/user/.m2/repository/org/apache/kerby/kerb-crypto/1.0.1/kerb-crypto-1.0.1.jar:/home/user/.m2/repository/org/apache/kerby/kerb-util/1.0.1/kerb-util-1.0.1.jar:/home/user/.m2/repository/org/apache/kerby/token-provider/1.0.1/token-provider-1.0.1.jar:/home/user/.m2/repository/org/apache/kerby/kerb-admin/1.0.1/kerb-admin-1.0.1.jar:/home/user/.m2/repository/org/apache/kerby/kerb-server/1.0.1/kerb-server-1.0.1.jar:/home/user/.m2/repository/org/apache/kerby/kerb-identity/1.0.1/kerb-identity-1.0.1.jar:/home/user/.m2/repository/org/apache/kerby/kerby-xdr/1.0.1/kerby-xdr-1.0.1.jar:/home/user/.m2/repository/org/slf4j/slf4j-log4j12/1.7.25/slf4j-log4j12-1.7.25.jar:/home/user/.m2/repository/org/apache/hadoop/hadoop-ozone-s3gateway/0.5.0-SNAPSHOT/hadoop-ozone-s3gateway-0.5.0-SNAPSHOT.jar:/home/user/.m2/repository/org/jboss/weld/servlet/weld-servlet/2.4.7.Final/weld-servlet-2.4.7.Final.jar:/home/user/.m2/repository/org/glassfish/jersey/containers/jersey-container-servlet-core/2.27/jersey-container-servlet-core-2.27.jar:/home/user/.m2/repository/org/glassfish/hk2/external/javax.inject/2.5.0-b42/javax.inject-2.5.0-b42.jar:/home/user/.m2/repository/org/glassfish/jersey/core/jersey-common/2.27/jersey-common-2.27.jar:/home/user/.m2/repository/org/glassfish/hk2/osgi-resource-locator/1.0.1/osgi-resource-locator-1.0.1.jar:/home/user/.m2/repository/javax/ws/rs/javax.ws.rs-api/2.1/javax.ws.rs-api-2.1.jar:/home/user/.m2/repository/org/glassfish/jersey/ext/cdi/jersey-cdi1x/2.27/jersey-cdi1x-2.27.jar:/home/user/.m2/repository/org/glassfish/jersey/inject/jersey-hk2/2.27/jersey-hk2-2.27.jar:/home/user/.m2/repository/org/glassfish/hk2/hk2-locator/2.5.0-b42/hk2-locator-2.5.0-b42.jar:/home/user/.m2/repository/org/javassist/javassist/3.22.0-CR2/javassist-3.22.0-CR2.jar:/home/user/.m2/repository/org/glassfish/hk2/hk2-api/2.5.0/hk2-api-2.5.0.jar:/home/user/.m2/repository/org/glassfish/hk2/external/jakarta.inject/2.5.0/jakarta.inject-2.5.0.jar:/home/user/.m2/repository/org/glassfish/hk2/hk2-utils/2.5.0/hk2-utils-2.5.0.jar:/home/user/.m2/repository/jakarta/annotation/jakarta.annotation-api/1.3.4/jakarta.annotation-api-1.3.4.jar:/home/user/.m2/repository/org/glassfish/hk2/external/aopalliance-repackaged/2.5.0/aopalliance-repackaged-2.5.0.jar:/home/user/.m2/repository/com/fasterxml/jackson/dataformat/jackson-dataformat-xml/2.9.0/jackson-dataformat-xml-2.9.0.jar:/home/user/.m2/repository/com/fasterxml/jackson/core/jackson-core/2.9.5/jackson-core-2.9.5.jar:/home/user/.m2/repository/com/fasterxml/jackson/module/jackson-module-jaxb-annotations/2.9.5/jackson-module-jaxb-annotations-2.9.5.jar:/home/user/.m2/repository/javax/enterprise/cdi-api/1.2/cdi-api-1.2.jar:/home/user/.m2/repository/javax/el/javax.el-api/3.0.0/javax.el-api-3.0.0.jar:/home/user/.m2/repository/javax/interceptor/javax.interceptor-api/1.2/javax.interceptor-api-1.2.jar:/home/user/.m2/repository/javax/inject/javax.inject/1/javax.inject-1.jar:/home/user/.m2/repository/com/sun/xml/bind/jaxb-impl/2.3.0.1/jaxb-impl-2.3.0.1.jar:/home/user/.m2/repository/com/sun/xml/bind/jaxb-core/2.3.0.1/jaxb-core-2.3.0.1.jar:/home/user/.m2/repository/javax/xml/bind/jaxb-api/2.3.0/jaxb-api-2.3.0.jar:/home/user/.m2/repository/javax/activation/activation/1.1.1/activation-1.1.1.jar:/home/user/.m2/repository/org/apache/hadoop/hadoop-ozone-csi/0.5.0-SNAPSHOT/hadoop-ozone-csi-0.5.0-SNAPSHOT.jar:/home/user/.m2/repository/com/google/protobuf/protobuf-java-util/3.5.1/protobuf-java-util-3.5.1.jar:/home/user/.m2/repository/org/apache/hadoop/hadoop-hdds-config/0.5.0-SNAPSHOT/hadoop-hdds-config-0.5.0-SNAPSHOT.jar:/home/user/.m2/repository/io/grpc/grpc-netty/1.17.1/grpc-netty-1.17.1.jar:/home/user/.m2/repository/io/grpc/grpc-core/1.17.1/grpc-core-1.17.1.jar:/home/user/.m2/repository/io/grpc/grpc-context/1.17.1/grpc-context-1.17.1.jar:/home/user/.m2/repository/com/google/errorprone/error_prone_annotations/2.2.0/error_prone_annotations-2.2.0.jar:/home/user/.m2/repository/org/codehaus/mojo/animal-sniffer-annotations/1.17/animal-sniffer-annotations-1.17.jar:/home/user/.m2/repository/io/opencensus/opencensus-api/0.17.0/opencensus-api-0.17.0.jar:/home/user/.m2/repository/io/opencensus/opencensus-contrib-grpc-metrics/0.17.0/opencensus-contrib-grpc-metrics-0.17.0.jar:/home/user/.m2/repository/io/netty/netty-codec-http2/4.1.30.Final/netty-codec-http2-4.1.30.Final.jar:/home/user/.m2/repository/io/netty/netty-codec-http/4.1.30.Final/netty-codec-http-4.1.30.Final.jar:/home/user/.m2/repository/io/netty/netty-codec/4.1.30.Final/netty-codec-4.1.30.Final.jar:/home/user/.m2/repository/io/netty/netty-handler/4.1.30.Final/netty-handler-4.1.30.Final.jar:/home/user/.m2/repository/io/netty/netty-handler-proxy/4.1.30.Final/netty-handler-proxy-4.1.30.Final.jar:/home/user/.m2/repository/io/netty/netty-codec-socks/4.1.30.Final/netty-codec-socks-4.1.30.Final.jar:/home/user/.m2/repository/io/netty/netty-transport-native-epoll/4.1.30.Final/netty-transport-native-epoll-4.1.30.Final.jar:/home/user/.m2/repository/io/netty/netty-common/4.1.30.Final/netty-common-4.1.30.Final.jar:/home/user/.m2/repository/io/netty/netty-buffer/4.1.30.Final/netty-buffer-4.1.30.Final.jar:/home/user/.m2/repository/io/netty/netty-transport/4.1.30.Final/netty-transport-4.1.30.Final.jar:/home/user/.m2/repository/io/netty/netty-resolver/4.1.30.Final/netty-resolver-4.1.30.Final.jar:/home/user/.m2/repository/io/netty/netty-transport-native-unix-common/4.1.30.Final/netty-transport-native-unix-common-4.1.30.Final.jar:/home/user/.m2/repository/io/grpc/grpc-protobuf/1.17.1/grpc-protobuf-1.17.1.jar:/home/user/.m2/repository/com/google/api/grpc/proto-google-common-protos/1.0.0/proto-google-common-protos-1.0.0.jar:/home/user/.m2/repository/io/grpc/grpc-protobuf-lite/1.17.1/grpc-protobuf-lite-1.17.1.jar:/home/user/.m2/repository/io/grpc/grpc-stub/1.17.1/grpc-stub-1.17.1.jar:/home/user/.m2/repository/org/apache/hadoop/hadoop-ozone-recon/0.5.0-SNAPSHOT/hadoop-ozone-recon-0.5.0-SNAPSHOT.jar:/home/user/.m2/repository/org/apache/hadoop/hadoop-ozone-reconcodegen/0.5.0-SNAPSHOT/hadoop-ozone-reconcodegen-0.5.0-SNAPSHOT.jar:/home/user/.m2/repository/com/google/inject/extensions/guice-multibindings/4.0/guice-multibindings-4.0.jar:/home/user/.m2/repository/com/google/inject/guice/4.0/guice-4.0.jar:/home/user/.m2/repository/aopalliance/aopalliance/1.0/aopalliance-1.0.jar:/home/user/.m2/repository/com/google/inject/extensions/guice-servlet/4.0/guice-servlet-4.0.jar:/home/user/.m2/repository/org/glassfish/jersey/containers/jersey-container-servlet/2.27/jersey-container-servlet-2.27.jar:/home/user/.m2/repository/org/glassfish/hk2/guice-bridge/2.5.0/guice-bridge-2.5.0.jar:/home/user/.m2/repository/org/glassfish/jersey/core/jersey-server/2.27/jersey-server-2.27.jar:/home/user/.m2/repository/org/glassfish/jersey/core/jersey-client/2.27/jersey-client-2.27.jar:/home/user/.m2/repository/org/glassfish/jersey/media/jersey-media-jaxb/2.27/jersey-media-jaxb-2.27.jar:/home/user/.m2/repository/javax/validation/validation-api/1.1.0.Final/validation-api-1.1.0.Final.jar:/home/user/.m2/repository/org/glassfish/jersey/media/jersey-media-json-jackson/2.27/jersey-media-json-jackson-2.27.jar:/home/user/.m2/repository/org/glassfish/jersey/ext/jersey-entity-filtering/2.27/jersey-entity-filtering-2.27.jar:/home/user/.m2/repository/com/google/inject/extensions/guice-assistedinject/4.0/guice-assistedinject-4.0.jar:/home/user/.m2/repository/org/jooq/jooq/3.11.10/jooq-3.11.10.jar:/home/user/.m2/repository/org/jooq/jooq-meta/3.11.10/jooq-meta-3.11.10.jar:/home/user/.m2/repository/org/jooq/jooq-codegen/3.11.10/jooq-codegen-3.11.10.jar:/home/user/.m2/repository/com/jolbox/bonecp/0.8.0.RELEASE/bonecp-0.8.0.RELEASE.jar:/home/user/.m2/repository/org/xerial/sqlite-jdbc/3.25.2/sqlite-jdbc-3.25.2.jar:/home/user/.m2/repository/org/springframework/spring-jdbc/5.1.3.RELEASE/spring-jdbc-5.1.3.RELEASE.jar:/home/user/.m2/repository/org/springframework/spring-beans/5.1.3.RELEASE/spring-beans-5.1.3.RELEASE.jar:/home/user/.m2/repository/org/springframework/spring-core/5.1.3.RELEASE/spring-core-5.1.3.RELEASE.jar:/home/user/.m2/repository/org/springframework/spring-jcl/5.1.3.RELEASE/spring-jcl-5.1.3.RELEASE.jar:/home/user/.m2/repository/org/springframework/spring-tx/5.1.3.RELEASE/spring-tx-5.1.3.RELEASE.jar:/home/user/.m2/repository/org/apache/hadoop/hadoop-ozone-client/0.5.0-SNAPSHOT/hadoop-ozone-client-0.5.0-SNAPSHOT.jar:/home/user/.m2/repository/commons-lang/commons-lang/2.6/commons-lang-2.6.jar:/home/user/.m2/repository/org/apache/hadoop/hadoop-ozone-ozone-manager/0.5.0-SNAPSHOT/hadoop-ozone-ozone-manager-0.5.0-SNAPSHOT-tests.jar:/home/user/.m2/repository/junit/junit/4.11/junit-4.11.jar:/home/user/.m2/repository/org/hamcrest/hamcrest-core/1.3/hamcrest-core-1.3.jar:/home/user/.m2/repository/org/openjdk/jmh/jmh-core/1.19/jmh-core-1.19.jar:/home/user/.m2/repository/net/sf/jopt-simple/jopt-simple/4.6/jopt-simple-4.6.jar:/home/user/.m2/repository/org/apache/commons/commons-math3/3.1.1/commons-math3-3.1.1.jar:/home/user/.m2/repository/org/openjdk/jmh/jmh-generator-annprocess/1.19/jmh-generator-annprocess-1.19.jar:/home/user/.m2/repository/org/mockito/mockito-all/1.8.5/mockito-all-1.8.5.jar:/home/user/.m2/repository/org/apache/hadoop/hadoop-kms/3.2.0/hadoop-kms-3.2.0.jar:/home/user/.m2/repository/org/apache/hadoop/hadoop-auth/3.2.0/hadoop-auth-3.2.0.jar:/home/user/.m2/repository/com/nimbusds/nimbus-jose-jwt/4.41.1/nimbus-jose-jwt-4.41.1.jar:/home/user/.m2/repository/com/github/stephenc/jcip/jcip-annotations/1.0-1/jcip-annotations-1.0-1.jar:/home/user/.m2/repository/net/minidev/json-smart/2.3/json-smart-2.3.jar:/home/user/.m2/repository/net/minidev/accessors-smart/1.2/accessors-smart-1.2.jar:/home/user/.m2/repository/org/ow2/asm/asm/5.0.4/asm-5.0.4.jar:/home/user/.m2/repository/org/apache/curator/curator-framework/2.12.0/curator-framework-2.12.0.jar:/home/user/.m2/repository/com/sun/jersey/jersey-core/1.19/jersey-core-1.19.jar:/home/user/.m2/repository/javax/ws/rs/jsr311-api/1.1.1/jsr311-api-1.1.1.jar:/home/user/.m2/repository/com/sun/jersey/jersey-server/1.19/jersey-server-1.19.jar:/home/user/.m2/repository/javax/servlet/javax.servlet-api/3.1.0/javax.servlet-api-3.1.0.jar:/home/user/.m2/repository/org/eclipse/jetty/jetty-server/9.3.24.v20180605/jetty-server-9.3.24.v20180605.jar:/home/user/.m2/repository/org/eclipse/jetty/jetty-http/9.3.24.v20180605/jetty-http-9.3.24.v20180605.jar:/home/user/.m2/repository/org/eclipse/jetty/jetty-io/9.3.24.v20180605/jetty-io-9.3.24.v20180605.jar:/home/user/.m2/repository/org/eclipse/jetty/jetty-webapp/9.3.24.v20180605/jetty-webapp-9.3.24.v20180605.jar:/home/user/.m2/repository/org/eclipse/jetty/jetty-xml/9.3.24.v20180605/jetty-xml-9.3.24.v20180605.jar:/home/user/.m2/repository/log4j/log4j/1.2.17/log4j-1.2.17.jar:/home/user/.m2/repository/org/slf4j/slf4j-api/1.7.25/slf4j-api-1.7.25.jar:/home/user/.m2/repository/org/slf4j/jul-to-slf4j/1.7.25/jul-to-slf4j-1.7.25.jar:/home/user/.m2/repository/org/eclipse/jetty/jetty-util/9.3.24.v20180605/jetty-util-9.3.24.v20180605.jar:/home/user/.m2/repository/com/fasterxml/jackson/core/jackson-databind/2.9.5/jackson-databind-2.9.5.jar:/home/user/.m2/repository/org/apache/hadoop/hadoop-kms/3.2.0/hadoop-kms-3.2.0-tests.jar:/home/user/.m2/repository/org/apache/hadoop/hadoop-hdds-server-scm/0.5.0-SNAPSHOT/hadoop-hdds-server-scm-0.5.0-SNAPSHOT-tests.jar:/home/user/.m2/repository/org/apache/hadoop/hadoop-hdds-container-service/0.5.0-SNAPSHOT/hadoop-hdds-container-service-0.5.0-SNAPSHOT-tests.jar:/home/user/.m2/repository/org/yaml/snakeyaml/1.16/snakeyaml-1.16.jar:/home/user/.m2/repository/org/apache/hadoop/hadoop-common/3.2.0/hadoop-common-3.2.0-tests.jar:/home/user/.m2/repository/org/apache/hadoop/hadoop-annotations/3.2.0/hadoop-annotations-3.2.0.jar:/usr/lib/jvm/java-1.8-openjdk/jre/../lib/tools.jar:/home/user/.m2/repository/commons-cli/commons-cli/1.2/commons-cli-1.2.jar:/home/user/.m2/repository/org/apache/httpcomponents/httpclient/4.5.2/httpclient-4.5.2.jar:/home/user/.m2/repository/org/apache/httpcomponents/httpcore/4.4.4/httpcore-4.4.4.jar:/home/user/.m2/repository/commons-codec/commons-codec/1.11/commons-codec-1.11.jar:/home/user/.m2/repository/commons-net/commons-net/3.6/commons-net-3.6.jar:/home/user/.m2/repository/commons-collections/commons-collections/3.2.2/commons-collections-3.2.2.jar:/home/user/.m2/repository/org/eclipse/jetty/jetty-servlet/9.3.24.v20180605/jetty-servlet-9.3.24.v20180605.jar:/home/user/.m2/repository/org/eclipse/jetty/jetty-security/9.3.24.v20180605/jetty-security-9.3.24.v20180605.jar:/home/user/.m2/repository/javax/servlet/jsp/jsp-api/2.1/jsp-api-2.1.jar:/home/user/.m2/repository/com/sun/jersey/jersey-servlet/1.19/jersey-servlet-1.19.jar:/home/user/.m2/repository/com/sun/jersey/jersey-json/1.19/jersey-json-1.19.jar:/home/user/.m2/repository/org/codehaus/jettison/jettison/1.1/jettison-1.1.jar:/home/user/.m2/repository/org/codehaus/jackson/jackson-core-asl/1.9.13/jackson-core-asl-1.9.13.jar:/home/user/.m2/repository/org/codehaus/jackson/jackson-mapper-asl/1.9.13/jackson-mapper-asl-1.9.13.jar:/home/user/.m2/repository/org/codehaus/jackson/jackson-jaxrs/1.9.13/jackson-jaxrs-1.9.13.jar:/home/user/.m2/repository/org/codehaus/jackson/jackson-xc/1.9.13/jackson-xc-1.9.13.jar:/home/user/.m2/repository/commons-logging/commons-logging/1.1.3/commons-logging-1.1.3.jar:/home/user/.m2/repository/commons-beanutils/commons-beanutils/1.9.3/commons-beanutils-1.9.3.jar:/home/user/.m2/repository/org/apache/commons/commons-configuration2/2.1.1/commons-configuration2-2.1.1.jar:/home/user/.m2/repository/org/apache/commons/commons-lang3/3.7/commons-lang3-3.7.jar:/home/user/.m2/repository/org/apache/commons/commons-text/1.4/commons-text-1.4.jar:/home/user/.m2/repository/org/apache/avro/avro/1.7.7/avro-1.7.7.jar:/home/user/.m2/repository/com/thoughtworks/paranamer/paranamer/2.3/paranamer-2.3.jar:/home/user/.m2/repository/org/xerial/snappy/snappy-java/1.0.5/snappy-java-1.0.5.jar:/home/user/.m2/repository/com/google/re2j/re2j/1.1/re2j-1.1.jar:/home/user/.m2/repository/com/google/code/gson/gson/2.2.4/gson-2.2.4.jar:/home/user/.m2/repository/com/jcraft/jsch/0.1.54/jsch-0.1.54.jar:/home/user/.m2/repository/org/apache/curator/curator-client/2.12.0/curator-client-2.12.0.jar:/home/user/.m2/repository/org/apache/curator/curator-recipes/2.12.0/curator-recipes-2.12.0.jar:/home/user/.m2/repository/com/google/code/findbugs/jsr305/3.0.0/jsr305-3.0.0.jar:/home/user/.m2/repository/org/apache/htrace/htrace-core4/4.1.0-incubating/htrace-core4-4.1.0-incubating.jar:/home/user/.m2/repository/org/apache/zookeeper/zookeeper/3.4.13/zookeeper-3.4.13.jar:/home/user/.m2/repository/org/apache/yetus/audience-annotations/0.5.0/audience-annotations-0.5.0.jar:/home/user/.m2/repository/org/codehaus/woodstox/stax2-api/3.1.4/stax2-api-3.1.4.jar:/home/user/.m2/repository/com/fasterxml/woodstox/woodstox-core/5.0.3/woodstox-core-5.0.3.jar:/home/user/.m2/repository/dnsjava/dnsjava/2.1.7/dnsjava-2.1.7.jar:/home/user/.m2/repository/org/apache/hadoop/hadoop-hdfs/3.2.0/hadoop-hdfs-3.2.0-tests.jar:/home/user/.m2/repository/org/eclipse/jetty/jetty-util-ajax/9.3.24.v20180605/jetty-util-ajax-9.3.24.v20180605.jar:/home/user/.m2/repository/commons-daemon/commons-daemon/1.0.13/commons-daemon-1.0.13.jar:/home/user/.m2/repository/io/netty/netty/3.10.5.Final/netty-3.10.5.Final.jar:/home/user/.m2/repository/io/netty/netty-all/4.0.52.Final/netty-all-4.0.52.Final.jar:/home/user/.m2/repository/org/fusesource/leveldbjni/leveldbjni-all/1.8/leveldbjni-all-1.8.jar:"/>
    <property name="sun.cpu.endian" value="little"/>
    <property name="user.home" value="/home/user"/>
    <property name="user.language" value="en"/>
    <property name="java.specification.vendor" value="Oracle Corporation"/>
    <property name="java.home" value="/usr/lib/jvm/java-1.8-openjdk/jre"/>
    <property name="java.security.krb5.conf" value="/workdir/hadoop-ozone/integration-test/target/test-classes/krb5.conf"/>
    <property name="basedir" value="/workdir/hadoop-ozone/integration-test"/>
    <property name="file.separator" value="/"/>
    <property name="line.separator" value="&#10;"/>
    <property name="java.vm.specification.vendor" value="Oracle Corporation"/>
    <property name="java.specification.name" value="Java Platform API Specification"/>
    <property name="java.awt.graphicsenv" value="sun.awt.X11GraphicsEnvironment"/>
    <property name="surefire.real.class.path" value="/workdir/hadoop-ozone/integration-test/target/surefire/surefirebooter805444060664176771.jar"/>
    <property name="hadoop.log.dir" value="/workdir/hadoop-ozone/integration-test/target/log"/>
    <property name="sun.boot.class.path" value="/usr/lib/jvm/java-1.8-openjdk/jre/lib/resources.jar:/usr/lib/jvm/java-1.8-openjdk/jre/lib/rt.jar:/usr/lib/jvm/java-1.8-openjdk/jre/lib/sunrsasign.jar:/usr/lib/jvm/java-1.8-openjdk/jre/lib/jsse.jar:/usr/lib/jvm/java-1.8-openjdk/jre/lib/jce.jar:/usr/lib/jvm/java-1.8-openjdk/jre/lib/charsets.jar:/usr/lib/jvm/java-1.8-openjdk/jre/lib/jfr.jar:/usr/lib/jvm/java-1.8-openjdk/jre/classes"/>
    <property name="sun.management.compiler" value="HotSpot 64-Bit Tiered Compilers"/>
    <property name="java.runtime.version" value="1.8.0_212-b04"/>
    <property name="java.net.preferIPv4Stack" value="true"/>
    <property name="user.name" value="jenkins1000"/>
    <property name="path.separator" value=":"/>
    <property name="java.security.egd" value="file:///dev/urandom"/>
    <property name="os.version" value="3.10.0-957.12.2.el7.x86_64"/>
    <property name="java.endorsed.dirs" value="/usr/lib/jvm/java-1.8-openjdk/jre/lib/endorsed"/>
    <property name="java.runtime.name" value="OpenJDK Runtime Environment"/>
    <property name="file.encoding" value="UTF-8"/>
    <property name="java.vm.name" value="OpenJDK 64-Bit Server VM"/>
    <property name="test.build.webapps" value=""/>
    <property name="localRepository" value="/home/user/.m2/repository"/>
    <property name="java.vendor.url.bug" value="https://icedtea.classpath.org/bugzilla"/>
    <property name="java.io.tmpdir" value="/tmp"/>
    <property name="require.test.libhadoop" value=""/>
    <property name="java.version" value="1.8.0_212"/>
    <property name="user.dir" value="/workdir/hadoop-ozone/integration-test"/>
    <property name="os.arch" value="amd64"/>
    <property name="java.vm.specification.name" value="Java Virtual Machine Specification"/>
    <property name="test.build.classes" value="/workdir/hadoop-ozone/integration-test/target/test-classes"/>
    <property name="java.awt.printerjob" value="sun.print.PSPrinterJob"/>
    <property name="sun.os.patch.level" value="unknown"/>
    <property name="hadoop.tmp.dir" value="/workdir/hadoop-ozone/integration-test/target/tmp"/>
    <property name="java.library.path" value="/usr/lib/jvm/java-1.8-openjdk/jre/lib/amd64/server:/usr/lib/jvm/java-1.8-openjdk/jre/lib/amd64:/usr/lib/jvm/java-1.8-openjdk/jre/../lib/amd64:/workdir/hadoop-ozone/integration-test/target/native/target/usr/local/lib:/workdir/hadoop-ozone/integration-test/../../hadoop-common-project/hadoop-common/target/native/target/usr/local/lib:/usr/java/packages/lib/amd64:/usr/lib64:/lib64:/lib:/usr/lib"/>
    <property name="java.vm.info" value="mixed mode"/>
    <property name="java.vendor" value="IcedTea"/>
    <property name="java.vm.version" value="25.212-b04"/>
    <property name="java.ext.dirs" value="/usr/lib/jvm/java-1.8-openjdk/jre/lib/ext:/usr/java/packages/lib/ext"/>
    <property name="sun.io.unicode.encoding" value="UnicodeLittle"/>
    <property name="java.class.version" value="52.0"/>
  </properties>
  <testcase name="testFlushChunk" classname="org.apache.hadoop.ozone.client.rpc.TestBlockOutputStream" time="5.777"/>
  <testcase name="testMultiChunkWrite2" classname="org.apache.hadoop.ozone.client.rpc.TestBlockOutputStream" time="10.871"/>
  <testcase name="testMultiChunkWrite" classname="org.apache.hadoop.ozone.client.rpc.TestBlockOutputStream" time="0.562"/>
  <testcase name="testFullBufferCondition" classname="org.apache.hadoop.ozone.client.rpc.TestBlockOutputStream" time="187.412">
    <failure type="java.lang.AssertionError">java.lang.AssertionError
	at org.junit.Assert.fail(Assert.java:86)
	at org.junit.Assert.assertTrue(Assert.java:41)
	at org.junit.Assert.assertTrue(Assert.java:52)
	at org.apache.hadoop.ozone.client.rpc.TestBlockOutputStream.testFullBufferCondition(TestBlockOutputStream.java:515)
	at sun.reflect.NativeMethodAccessorImpl.invoke0(Native Method)
	at sun.reflect.NativeMethodAccessorImpl.invoke(NativeMethodAccessorImpl.java:62)
	at sun.reflect.DelegatingMethodAccessorImpl.invoke(DelegatingMethodAccessorImpl.java:43)
	at java.lang.reflect.Method.invoke(Method.java:498)
	at org.junit.runners.model.FrameworkMethod$1.runReflectiveCall(FrameworkMethod.java:47)
	at org.junit.internal.runners.model.ReflectiveCallable.run(ReflectiveCallable.java:12)
	at org.junit.runners.model.FrameworkMethod.invokeExplosively(FrameworkMethod.java:44)
	at org.junit.internal.runners.statements.InvokeMethod.evaluate(InvokeMethod.java:17)
	at org.junit.runners.ParentRunner.runLeaf(ParentRunner.java:271)
	at org.junit.runners.BlockJUnit4ClassRunner.runChild(BlockJUnit4ClassRunner.java:70)
	at org.junit.runners.BlockJUnit4ClassRunner.runChild(BlockJUnit4ClassRunner.java:50)
	at org.junit.runners.ParentRunner$3.run(ParentRunner.java:238)
	at org.junit.runners.ParentRunner$1.schedule(ParentRunner.java:63)
	at org.junit.runners.ParentRunner.runChildren(ParentRunner.java:236)
	at org.junit.runners.ParentRunner.access$000(ParentRunner.java:53)
	at org.junit.runners.ParentRunner$2.evaluate(ParentRunner.java:229)
	at org.junit.internal.runners.statements.RunBefores.evaluate(RunBefores.java:26)
	at org.junit.internal.runners.statements.RunAfters.evaluate(RunAfters.java:27)
	at org.junit.runners.ParentRunner.run(ParentRunner.java:309)
	at org.apache.maven.surefire.junit4.JUnit4Provider.execute(JUnit4Provider.java:365)
	at org.apache.maven.surefire.junit4.JUnit4Provider.executeWithRerun(JUnit4Provider.java:273)
	at org.apache.maven.surefire.junit4.JUnit4Provider.executeTestSet(JUnit4Provider.java:238)
	at org.apache.maven.surefire.junit4.JUnit4Provider.invoke(JUnit4Provider.java:159)
	at org.apache.maven.surefire.booter.ForkedBooter.invokeProviderInSameClassLoader(ForkedBooter.java:384)
	at org.apache.maven.surefire.booter.ForkedBooter.runSuitesInProcess(ForkedBooter.java:345)
	at org.apache.maven.surefire.booter.ForkedBooter.execute(ForkedBooter.java:126)
	at org.apache.maven.surefire.booter.ForkedBooter.main(ForkedBooter.java:418)
</failure>
    <system-out><![CDATA[2019-09-11 10:47:12,624 [java.util.concurrent.ThreadPoolExecutor$Worker@6d0702d2[State = -1, empty queue]] WARN  server.GrpcLogAppender (GrpcLogAppender.java:timeoutAppendRequest(200)) - f6b80f64-c556-46c5-aceb-f6fa21a9cee0@group-D9F36A19AC90->c1836fb8-e3d9-406d-898c-264811801e32-GrpcLogAppender: appendEntries Timeout, request=f6b80f64-c556-46c5-aceb-f6fa21a9cee0->c1836fb8-e3d9-406d-898c-264811801e32#18-t3, previous=(t:3, i:16), leaderCommit=16, initializing? false, entries: size=1, first=(t:3, i:17), STATEMACHINELOGENTRY, client-188F4EEF7D07, cid=24
2019-09-11 10:47:12,624 [java.util.concurrent.ThreadPoolExecutor$Worker@19f1ff50[State = -1, empty queue]] WARN  server.GrpcLogAppender (GrpcLogAppender.java:timeoutAppendRequest(200)) - f6b80f64-c556-46c5-aceb-f6fa21a9cee0@group-D9F36A19AC90->d3702e78-1ca1-4dfa-b662-c69ae136cdc5-GrpcLogAppender: appendEntries Timeout, request=f6b80f64-c556-46c5-aceb-f6fa21a9cee0->d3702e78-1ca1-4dfa-b662-c69ae136cdc5#18-t3, previous=(t:3, i:16), leaderCommit=16, initializing? false, entries: size=1, first=(t:3, i:17), STATEMACHINELOGENTRY, client-188F4EEF7D07, cid=24
2019-09-11 10:47:12,628 [java.util.concurrent.ThreadPoolExecutor$Worker@6d0702d2[State = -1, empty queue]] WARN  server.GrpcLogAppender (GrpcLogAppender.java:timeoutAppendRequest(200)) - f6b80f64-c556-46c5-aceb-f6fa21a9cee0@group-D9F36A19AC90->c1836fb8-e3d9-406d-898c-264811801e32-GrpcLogAppender: appendEntries Timeout, request=f6b80f64-c556-46c5-aceb-f6fa21a9cee0->c1836fb8-e3d9-406d-898c-264811801e32#19-t3, previous=(t:3, i:17), leaderCommit=16, initializing? false, entries: size=1, first=(t:3, i:18), STATEMACHINELOGENTRY, client-188F4EEF7D07, cid=25
2019-09-11 10:47:12,631 [java.util.concurrent.ThreadPoolExecutor$Worker@19f1ff50[State = -1, empty queue]] WARN  server.GrpcLogAppender (GrpcLogAppender.java:timeoutAppendRequest(200)) - f6b80f64-c556-46c5-aceb-f6fa21a9cee0@group-D9F36A19AC90->d3702e78-1ca1-4dfa-b662-c69ae136cdc5-GrpcLogAppender: appendEntries Timeout, request=f6b80f64-c556-46c5-aceb-f6fa21a9cee0->d3702e78-1ca1-4dfa-b662-c69ae136cdc5#19-t3, previous=(t:3, i:17), leaderCommit=16, initializing? false, entries: size=1, first=(t:3, i:18), STATEMACHINELOGENTRY, client-188F4EEF7D07, cid=25
2019-09-11 10:47:12,634 [java.util.concurrent.ThreadPoolExecutor$Worker@6d0702d2[State = -1, empty queue]] WARN  server.GrpcLogAppender (GrpcLogAppender.java:timeoutAppendRequest(200)) - f6b80f64-c556-46c5-aceb-f6fa21a9cee0@group-D9F36A19AC90->c1836fb8-e3d9-406d-898c-264811801e32-GrpcLogAppender: appendEntries Timeout, request=f6b80f64-c556-46c5-aceb-f6fa21a9cee0->c1836fb8-e3d9-406d-898c-264811801e32#20-t3, previous=(t:3, i:18), leaderCommit=16, initializing? false, entries: size=1, first=(t:3, i:19), STATEMACHINELOGENTRY, client-188F4EEF7D07, cid=26
2019-09-11 10:47:12,636 [java.util.concurrent.ThreadPoolExecutor$Worker@19f1ff50[State = -1, empty queue]] WARN  server.GrpcLogAppender (GrpcLogAppender.java:timeoutAppendRequest(200)) - f6b80f64-c556-46c5-aceb-f6fa21a9cee0@group-D9F36A19AC90->d3702e78-1ca1-4dfa-b662-c69ae136cdc5-GrpcLogAppender: appendEntries Timeout, request=f6b80f64-c556-46c5-aceb-f6fa21a9cee0->d3702e78-1ca1-4dfa-b662-c69ae136cdc5#20-t3, previous=(t:3, i:18), leaderCommit=16, initializing? false, entries: size=1, first=(t:3, i:19), STATEMACHINELOGENTRY, client-188F4EEF7D07, cid=26
2019-09-11 10:47:12,639 [java.util.concurrent.ThreadPoolExecutor$Worker@6d0702d2[State = -1, empty queue]] WARN  server.GrpcLogAppender (GrpcLogAppender.java:timeoutAppendRequest(200)) - f6b80f64-c556-46c5-aceb-f6fa21a9cee0@group-D9F36A19AC90->c1836fb8-e3d9-406d-898c-264811801e32-GrpcLogAppender: appendEntries Timeout, request=f6b80f64-c556-46c5-aceb-f6fa21a9cee0->c1836fb8-e3d9-406d-898c-264811801e32#21-t3, previous=(t:3, i:19), leaderCommit=16, initializing? false, entries: size=1, first=(t:3, i:20), STATEMACHINELOGENTRY, client-188F4EEF7D07, cid=27
2019-09-11 10:47:12,641 [java.util.concurrent.ThreadPoolExecutor$Worker@19f1ff50[State = -1, empty queue]] WARN  server.GrpcLogAppender (GrpcLogAppender.java:timeoutAppendRequest(200)) - f6b80f64-c556-46c5-aceb-f6fa21a9cee0@group-D9F36A19AC90->d3702e78-1ca1-4dfa-b662-c69ae136cdc5-GrpcLogAppender: appendEntries Timeout, request=f6b80f64-c556-46c5-aceb-f6fa21a9cee0->d3702e78-1ca1-4dfa-b662-c69ae136cdc5#21-t3, previous=(t:3, i:19), leaderCommit=16, initializing? false, entries: size=1, first=(t:3, i:20), STATEMACHINELOGENTRY, client-188F4EEF7D07, cid=27
2019-09-11 10:47:12,643 [java.util.concurrent.ThreadPoolExecutor$Worker@6d0702d2[State = -1, empty queue]] WARN  server.GrpcLogAppender (GrpcLogAppender.java:timeoutAppendRequest(200)) - f6b80f64-c556-46c5-aceb-f6fa21a9cee0@group-D9F36A19AC90->c1836fb8-e3d9-406d-898c-264811801e32-GrpcLogAppender: appendEntries Timeout, request=f6b80f64-c556-46c5-aceb-f6fa21a9cee0->c1836fb8-e3d9-406d-898c-264811801e32#22-t3, previous=(t:3, i:20), leaderCommit=16, initializing? false, entries: size=1, first=(t:3, i:21), STATEMACHINELOGENTRY, client-188F4EEF7D07, cid=28
2019-09-11 10:47:12,646 [java.util.concurrent.ThreadPoolExecutor$Worker@19f1ff50[State = -1, empty queue]] WARN  server.GrpcLogAppender (GrpcLogAppender.java:timeoutAppendRequest(200)) - f6b80f64-c556-46c5-aceb-f6fa21a9cee0@group-D9F36A19AC90->d3702e78-1ca1-4dfa-b662-c69ae136cdc5-GrpcLogAppender: appendEntries Timeout, request=f6b80f64-c556-46c5-aceb-f6fa21a9cee0->d3702e78-1ca1-4dfa-b662-c69ae136cdc5#22-t3, previous=(t:3, i:20), leaderCommit=16, initializing? false, entries: size=1, first=(t:3, i:21), STATEMACHINELOGENTRY, client-188F4EEF7D07, cid=28
2019-09-11 10:47:12,648 [java.util.concurrent.ThreadPoolExecutor$Worker@6d0702d2[State = -1, empty queue]] WARN  server.GrpcLogAppender (GrpcLogAppender.java:timeoutAppendRequest(200)) - f6b80f64-c556-46c5-aceb-f6fa21a9cee0@group-D9F36A19AC90->c1836fb8-e3d9-406d-898c-264811801e32-GrpcLogAppender: appendEntries Timeout, request=f6b80f64-c556-46c5-aceb-f6fa21a9cee0->c1836fb8-e3d9-406d-898c-264811801e32#23-t3, previous=(t:3, i:21), leaderCommit=16, initializing? false, entries: size=1, first=(t:3, i:22), STATEMACHINELOGENTRY, client-188F4EEF7D07, cid=29
2019-09-11 10:47:12,659 [java.util.concurrent.ThreadPoolExecutor$Worker@19f1ff50[State = -1, empty queue]] WARN  server.GrpcLogAppender (GrpcLogAppender.java:timeoutAppendRequest(200)) - f6b80f64-c556-46c5-aceb-f6fa21a9cee0@group-D9F36A19AC90->d3702e78-1ca1-4dfa-b662-c69ae136cdc5-GrpcLogAppender: appendEntries Timeout, request=f6b80f64-c556-46c5-aceb-f6fa21a9cee0->d3702e78-1ca1-4dfa-b662-c69ae136cdc5#23-t3, previous=(t:3, i:21), leaderCommit=16, initializing? false, entries: size=1, first=(t:3, i:22), STATEMACHINELOGENTRY, client-188F4EEF7D07, cid=29
2019-09-11 10:47:14,690 [grpc-default-executor-3] INFO  client.GrpcClientProtocolClient (GrpcClientProtocolClient.java:onNext(264)) - client-188F4EEF7D07->c1836fb8-e3d9-406d-898c-264811801e32: receive RaftClientReply:client-188F4EEF7D07->c1836fb8-e3d9-406d-898c-264811801e32@group-D9F36A19AC90, cid=24, FAILED org.apache.ratis.protocol.NotLeaderException: Server c1836fb8-e3d9-406d-898c-264811801e32@group-D9F36A19AC90 is not the leader f6b80f64-c556-46c5-aceb-f6fa21a9cee0:192.168.69.96:37990, logIndex=0, commits[c1836fb8-e3d9-406d-898c-264811801e32:c16, d3702e78-1ca1-4dfa-b662-c69ae136cdc5:c14, f6b80f64-c556-46c5-aceb-f6fa21a9cee0:c16]
2019-09-11 10:47:15,132 [java.util.concurrent.ThreadPoolExecutor$Worker@19f1ff50[State = -1, empty queue]] WARN  server.GrpcLogAppender (GrpcLogAppender.java:timeoutAppendRequest(200)) - f6b80f64-c556-46c5-aceb-f6fa21a9cee0@group-D9F36A19AC90->d3702e78-1ca1-4dfa-b662-c69ae136cdc5-GrpcLogAppender: appendEntries Timeout, request=f6b80f64-c556-46c5-aceb-f6fa21a9cee0->d3702e78-1ca1-4dfa-b662-c69ae136cdc5#24-t3, previous=(t:3, i:22), leaderCommit=16, initializing? false, entries: <empty>
2019-09-11 10:47:15,132 [java.util.concurrent.ThreadPoolExecutor$Worker@6d0702d2[State = -1, empty queue]] WARN  server.GrpcLogAppender (GrpcLogAppender.java:timeoutAppendRequest(200)) - f6b80f64-c556-46c5-aceb-f6fa21a9cee0@group-D9F36A19AC90->c1836fb8-e3d9-406d-898c-264811801e32-GrpcLogAppender: appendEntries Timeout, request=f6b80f64-c556-46c5-aceb-f6fa21a9cee0->c1836fb8-e3d9-406d-898c-264811801e32#24-t3, previous=(t:3, i:22), leaderCommit=16, initializing? false, entries: <empty>
2019-09-11 10:47:17,633 [java.util.concurrent.ThreadPoolExecutor$Worker@19f1ff50[State = -1, empty queue]] WARN  server.GrpcLogAppender (GrpcLogAppender.java:timeoutAppendRequest(200)) - f6b80f64-c556-46c5-aceb-f6fa21a9cee0@group-D9F36A19AC90->d3702e78-1ca1-4dfa-b662-c69ae136cdc5-GrpcLogAppender: appendEntries Timeout, request=f6b80f64-c556-46c5-aceb-f6fa21a9cee0->d3702e78-1ca1-4dfa-b662-c69ae136cdc5#25-t3, previous=(t:3, i:22), leaderCommit=16, initializing? false, entries: <empty>
2019-09-11 10:47:17,633 [java.util.concurrent.ThreadPoolExecutor$Worker@6d0702d2[State = -1, empty queue]] WARN  server.GrpcLogAppender (GrpcLogAppender.java:timeoutAppendRequest(200)) - f6b80f64-c556-46c5-aceb-f6fa21a9cee0@group-D9F36A19AC90->c1836fb8-e3d9-406d-898c-264811801e32-GrpcLogAppender: appendEntries Timeout, request=f6b80f64-c556-46c5-aceb-f6fa21a9cee0->c1836fb8-e3d9-406d-898c-264811801e32#25-t3, previous=(t:3, i:22), leaderCommit=16, initializing? false, entries: <empty>
2019-09-11 10:47:19,742 [grpc-default-executor-0] INFO  client.GrpcClientProtocolClient (GrpcClientProtocolClient.java:onNext(264)) - client-188F4EEF7D07->c1836fb8-e3d9-406d-898c-264811801e32: receive RaftClientReply:client-188F4EEF7D07->c1836fb8-e3d9-406d-898c-264811801e32@group-D9F36A19AC90, cid=24, FAILED org.apache.ratis.protocol.NotLeaderException: Server c1836fb8-e3d9-406d-898c-264811801e32@group-D9F36A19AC90 is not the leader f6b80f64-c556-46c5-aceb-f6fa21a9cee0:192.168.69.96:37990, logIndex=0, commits[c1836fb8-e3d9-406d-898c-264811801e32:c16, d3702e78-1ca1-4dfa-b662-c69ae136cdc5:c14, f6b80f64-c556-46c5-aceb-f6fa21a9cee0:c16]
2019-09-11 10:47:19,789 [c1836fb8-e3d9-406d-898c-264811801e32@group-D9F36A19AC90-SegmentedRaftLogWorker] WARN  segmented.SegmentedRaftLogWorker (SegmentedRaftLogWorker.java:getFromFuture(90)) - Timeout 0/~
org.apache.ratis.protocol.TimeoutIOException: Timeout 10s: WriteLog:18: (t:3, i:18), STATEMACHINELOGENTRY, client-188F4EEF7D07, cid=25-writeStateMachineData
	at org.apache.ratis.util.IOUtils.getFromFuture(IOUtils.java:87)
	at org.apache.ratis.server.raftlog.segmented.SegmentedRaftLogWorker$StateMachineDataPolicy.getFromFuture(SegmentedRaftLogWorker.java:87)
	at org.apache.ratis.server.raftlog.segmented.SegmentedRaftLogWorker$WriteLog.execute(SegmentedRaftLogWorker.java:477)
	at org.apache.ratis.server.raftlog.segmented.SegmentedRaftLogWorker.run(SegmentedRaftLogWorker.java:289)
	at java.lang.Thread.run(Thread.java:748)
Caused by: java.util.concurrent.TimeoutException
	at java.util.concurrent.CompletableFuture.timedGet(CompletableFuture.java:1771)
	at java.util.concurrent.CompletableFuture.get(CompletableFuture.java:1915)
	at org.apache.ratis.util.IOUtils.getFromFuture(IOUtils.java:79)
	... 4 more
2019-09-11 10:47:19,789 [f6b80f64-c556-46c5-aceb-f6fa21a9cee0@group-D9F36A19AC90-SegmentedRaftLogWorker] WARN  segmented.SegmentedRaftLogWorker (SegmentedRaftLogWorker.java:getFromFuture(90)) - Timeout 0/~
org.apache.ratis.protocol.TimeoutIOException: Timeout 10s: WriteLog:18: (t:3, i:18), STATEMACHINELOGENTRY, client-188F4EEF7D07, cid=25-writeStateMachineData
	at org.apache.ratis.util.IOUtils.getFromFuture(IOUtils.java:87)
	at org.apache.ratis.server.raftlog.segmented.SegmentedRaftLogWorker$StateMachineDataPolicy.getFromFuture(SegmentedRaftLogWorker.java:87)
	at org.apache.ratis.server.raftlog.segmented.SegmentedRaftLogWorker$WriteLog.execute(SegmentedRaftLogWorker.java:477)
	at org.apache.ratis.server.raftlog.segmented.SegmentedRaftLogWorker.run(SegmentedRaftLogWorker.java:289)
	at java.lang.Thread.run(Thread.java:748)
Caused by: java.util.concurrent.TimeoutException
	at java.util.concurrent.CompletableFuture.timedGet(CompletableFuture.java:1771)
	at java.util.concurrent.CompletableFuture.get(CompletableFuture.java:1915)
	at org.apache.ratis.util.IOUtils.getFromFuture(IOUtils.java:79)
	... 4 more
2019-09-11 10:47:19,789 [d3702e78-1ca1-4dfa-b662-c69ae136cdc5@group-D9F36A19AC90-SegmentedRaftLogWorker] WARN  segmented.SegmentedRaftLogWorker (SegmentedRaftLogWorker.java:getFromFuture(90)) - Timeout 0/~
org.apache.ratis.protocol.TimeoutIOException: Timeout 10s: WriteLog:18: (t:3, i:18), STATEMACHINELOGENTRY, client-188F4EEF7D07, cid=25-writeStateMachineData
	at org.apache.ratis.util.IOUtils.getFromFuture(IOUtils.java:87)
	at org.apache.ratis.server.raftlog.segmented.SegmentedRaftLogWorker$StateMachineDataPolicy.getFromFuture(SegmentedRaftLogWorker.java:87)
	at org.apache.ratis.server.raftlog.segmented.SegmentedRaftLogWorker$WriteLog.execute(SegmentedRaftLogWorker.java:477)
	at org.apache.ratis.server.raftlog.segmented.SegmentedRaftLogWorker.run(SegmentedRaftLogWorker.java:289)
	at java.lang.Thread.run(Thread.java:748)
Caused by: java.util.concurrent.TimeoutException
	at java.util.concurrent.CompletableFuture.timedGet(CompletableFuture.java:1771)
	at java.util.concurrent.CompletableFuture.get(CompletableFuture.java:1915)
	at org.apache.ratis.util.IOUtils.getFromFuture(IOUtils.java:79)
	... 4 more
2019-09-11 10:47:20,134 [java.util.concurrent.ThreadPoolExecutor$Worker@6d0702d2[State = -1, empty queue]] WARN  server.GrpcLogAppender (GrpcLogAppender.java:timeoutAppendRequest(200)) - f6b80f64-c556-46c5-aceb-f6fa21a9cee0@group-D9F36A19AC90->c1836fb8-e3d9-406d-898c-264811801e32-GrpcLogAppender: appendEntries Timeout, request=f6b80f64-c556-46c5-aceb-f6fa21a9cee0->c1836fb8-e3d9-406d-898c-264811801e32#26-t3, previous=(t:3, i:22), leaderCommit=16, initializing? false, entries: <empty>
2019-09-11 10:47:20,134 [java.util.concurrent.ThreadPoolExecutor$Worker@19f1ff50[State = -1, empty queue]] WARN  server.GrpcLogAppender (GrpcLogAppender.java:timeoutAppendRequest(200)) - f6b80f64-c556-46c5-aceb-f6fa21a9cee0@group-D9F36A19AC90->d3702e78-1ca1-4dfa-b662-c69ae136cdc5-GrpcLogAppender: appendEntries Timeout, request=f6b80f64-c556-46c5-aceb-f6fa21a9cee0->d3702e78-1ca1-4dfa-b662-c69ae136cdc5#26-t3, previous=(t:3, i:22), leaderCommit=16, initializing? false, entries: <empty>
2019-09-11 10:47:22,635 [java.util.concurrent.ThreadPoolExecutor$Worker@6d0702d2[State = -1, empty queue]] WARN  server.GrpcLogAppender (GrpcLogAppender.java:timeoutAppendRequest(200)) - f6b80f64-c556-46c5-aceb-f6fa21a9cee0@group-D9F36A19AC90->c1836fb8-e3d9-406d-898c-264811801e32-GrpcLogAppender: appendEntries Timeout, request=f6b80f64-c556-46c5-aceb-f6fa21a9cee0->c1836fb8-e3d9-406d-898c-264811801e32#27-t3, previous=(t:3, i:22), leaderCommit=16, initializing? false, entries: <empty>
2019-09-11 10:47:22,635 [java.util.concurrent.ThreadPoolExecutor$Worker@19f1ff50[State = -1, empty queue]] WARN  server.GrpcLogAppender (GrpcLogAppender.java:timeoutAppendRequest(200)) - f6b80f64-c556-46c5-aceb-f6fa21a9cee0@group-D9F36A19AC90->d3702e78-1ca1-4dfa-b662-c69ae136cdc5-GrpcLogAppender: appendEntries Timeout, request=f6b80f64-c556-46c5-aceb-f6fa21a9cee0->d3702e78-1ca1-4dfa-b662-c69ae136cdc5#27-t3, previous=(t:3, i:22), leaderCommit=16, initializing? false, entries: <empty>
2019-09-11 10:47:24,797 [grpc-default-executor-3] INFO  client.GrpcClientProtocolClient (GrpcClientProtocolClient.java:onNext(264)) - client-188F4EEF7D07->c1836fb8-e3d9-406d-898c-264811801e32: receive RaftClientReply:client-188F4EEF7D07->c1836fb8-e3d9-406d-898c-264811801e32@group-D9F36A19AC90, cid=24, FAILED org.apache.ratis.protocol.NotLeaderException: Server c1836fb8-e3d9-406d-898c-264811801e32@group-D9F36A19AC90 is not the leader f6b80f64-c556-46c5-aceb-f6fa21a9cee0:192.168.69.96:37990, logIndex=0, commits[c1836fb8-e3d9-406d-898c-264811801e32:c16, d3702e78-1ca1-4dfa-b662-c69ae136cdc5:c14, f6b80f64-c556-46c5-aceb-f6fa21a9cee0:c16]
2019-09-11 10:47:25,137 [java.util.concurrent.ThreadPoolExecutor$Worker@19f1ff50[State = -1, empty queue]] WARN  server.GrpcLogAppender (GrpcLogAppender.java:timeoutAppendRequest(200)) - f6b80f64-c556-46c5-aceb-f6fa21a9cee0@group-D9F36A19AC90->d3702e78-1ca1-4dfa-b662-c69ae136cdc5-GrpcLogAppender: appendEntries Timeout, request=f6b80f64-c556-46c5-aceb-f6fa21a9cee0->d3702e78-1ca1-4dfa-b662-c69ae136cdc5#28-t3, previous=(t:3, i:22), leaderCommit=16, initializing? false, entries: <empty>
2019-09-11 10:47:25,137 [java.util.concurrent.ThreadPoolExecutor$Worker@6d0702d2[State = -1, empty queue]] WARN  server.GrpcLogAppender (GrpcLogAppender.java:timeoutAppendRequest(200)) - f6b80f64-c556-46c5-aceb-f6fa21a9cee0@group-D9F36A19AC90->c1836fb8-e3d9-406d-898c-264811801e32-GrpcLogAppender: appendEntries Timeout, request=f6b80f64-c556-46c5-aceb-f6fa21a9cee0->c1836fb8-e3d9-406d-898c-264811801e32#28-t3, previous=(t:3, i:22), leaderCommit=16, initializing? false, entries: <empty>
2019-09-11 10:47:27,639 [java.util.concurrent.ThreadPoolExecutor$Worker@6d0702d2[State = -1, empty queue]] WARN  server.GrpcLogAppender (GrpcLogAppender.java:timeoutAppendRequest(200)) - f6b80f64-c556-46c5-aceb-f6fa21a9cee0@group-D9F36A19AC90->c1836fb8-e3d9-406d-898c-264811801e32-GrpcLogAppender: appendEntries Timeout, request=f6b80f64-c556-46c5-aceb-f6fa21a9cee0->c1836fb8-e3d9-406d-898c-264811801e32#29-t3, previous=(t:3, i:22), leaderCommit=16, initializing? false, entries: <empty>
2019-09-11 10:47:27,639 [java.util.concurrent.ThreadPoolExecutor$Worker@19f1ff50[State = -1, empty queue]] WARN  server.GrpcLogAppender (GrpcLogAppender.java:timeoutAppendRequest(200)) - f6b80f64-c556-46c5-aceb-f6fa21a9cee0@group-D9F36A19AC90->d3702e78-1ca1-4dfa-b662-c69ae136cdc5-GrpcLogAppender: appendEntries Timeout, request=f6b80f64-c556-46c5-aceb-f6fa21a9cee0->d3702e78-1ca1-4dfa-b662-c69ae136cdc5#29-t3, previous=(t:3, i:22), leaderCommit=16, initializing? false, entries: <empty>
2019-09-11 10:47:29,791 [c1836fb8-e3d9-406d-898c-264811801e32@group-D9F36A19AC90-SegmentedRaftLogWorker] WARN  segmented.SegmentedRaftLogWorker (SegmentedRaftLogWorker.java:getFromFuture(90)) - Timeout 1/~
org.apache.ratis.protocol.TimeoutIOException: Timeout 10s: WriteLog:18: (t:3, i:18), STATEMACHINELOGENTRY, client-188F4EEF7D07, cid=25-writeStateMachineData
	at org.apache.ratis.util.IOUtils.getFromFuture(IOUtils.java:87)
	at org.apache.ratis.server.raftlog.segmented.SegmentedRaftLogWorker$StateMachineDataPolicy.getFromFuture(SegmentedRaftLogWorker.java:87)
	at org.apache.ratis.server.raftlog.segmented.SegmentedRaftLogWorker$WriteLog.execute(SegmentedRaftLogWorker.java:477)
	at org.apache.ratis.server.raftlog.segmented.SegmentedRaftLogWorker.run(SegmentedRaftLogWorker.java:289)
	at java.lang.Thread.run(Thread.java:748)
Caused by: java.util.concurrent.TimeoutException
	at java.util.concurrent.CompletableFuture.timedGet(CompletableFuture.java:1771)
	at java.util.concurrent.CompletableFuture.get(CompletableFuture.java:1915)
	at org.apache.ratis.util.IOUtils.getFromFuture(IOUtils.java:79)
	... 4 more
2019-09-11 10:47:29,793 [f6b80f64-c556-46c5-aceb-f6fa21a9cee0@group-D9F36A19AC90-SegmentedRaftLogWorker] WARN  segmented.SegmentedRaftLogWorker (SegmentedRaftLogWorker.java:getFromFuture(90)) - Timeout 1/~
org.apache.ratis.protocol.TimeoutIOException: Timeout 10s: WriteLog:18: (t:3, i:18), STATEMACHINELOGENTRY, client-188F4EEF7D07, cid=25-writeStateMachineData
	at org.apache.ratis.util.IOUtils.getFromFuture(IOUtils.java:87)
	at org.apache.ratis.server.raftlog.segmented.SegmentedRaftLogWorker$StateMachineDataPolicy.getFromFuture(SegmentedRaftLogWorker.java:87)
	at org.apache.ratis.server.raftlog.segmented.SegmentedRaftLogWorker$WriteLog.execute(SegmentedRaftLogWorker.java:477)
	at org.apache.ratis.server.raftlog.segmented.SegmentedRaftLogWorker.run(SegmentedRaftLogWorker.java:289)
	at java.lang.Thread.run(Thread.java:748)
Caused by: java.util.concurrent.TimeoutException
	at java.util.concurrent.CompletableFuture.timedGet(CompletableFuture.java:1771)
	at java.util.concurrent.CompletableFuture.get(CompletableFuture.java:1915)
	at org.apache.ratis.util.IOUtils.getFromFuture(IOUtils.java:79)
	... 4 more
2019-09-11 10:47:29,793 [d3702e78-1ca1-4dfa-b662-c69ae136cdc5@group-D9F36A19AC90-SegmentedRaftLogWorker] WARN  segmented.SegmentedRaftLogWorker (SegmentedRaftLogWorker.java:getFromFuture(90)) - Timeout 1/~
org.apache.ratis.protocol.TimeoutIOException: Timeout 10s: WriteLog:18: (t:3, i:18), STATEMACHINELOGENTRY, client-188F4EEF7D07, cid=25-writeStateMachineData
	at org.apache.ratis.util.IOUtils.getFromFuture(IOUtils.java:87)
	at org.apache.ratis.server.raftlog.segmented.SegmentedRaftLogWorker$StateMachineDataPolicy.getFromFuture(SegmentedRaftLogWorker.java:87)
	at org.apache.ratis.server.raftlog.segmented.SegmentedRaftLogWorker$WriteLog.execute(SegmentedRaftLogWorker.java:477)
	at org.apache.ratis.server.raftlog.segmented.SegmentedRaftLogWorker.run(SegmentedRaftLogWorker.java:289)
	at java.lang.Thread.run(Thread.java:748)
Caused by: java.util.concurrent.TimeoutException
	at java.util.concurrent.CompletableFuture.timedGet(CompletableFuture.java:1771)
	at java.util.concurrent.CompletableFuture.get(CompletableFuture.java:1915)
	at org.apache.ratis.util.IOUtils.getFromFuture(IOUtils.java:79)
	... 4 more
2019-09-11 10:47:29,847 [grpc-default-executor-0] INFO  client.GrpcClientProtocolClient (GrpcClientProtocolClient.java:onNext(264)) - client-188F4EEF7D07->c1836fb8-e3d9-406d-898c-264811801e32: receive RaftClientReply:client-188F4EEF7D07->c1836fb8-e3d9-406d-898c-264811801e32@group-D9F36A19AC90, cid=24, FAILED org.apache.ratis.protocol.NotLeaderException: Server c1836fb8-e3d9-406d-898c-264811801e32@group-D9F36A19AC90 is not the leader f6b80f64-c556-46c5-aceb-f6fa21a9cee0:192.168.69.96:37990, logIndex=0, commits[c1836fb8-e3d9-406d-898c-264811801e32:c16, d3702e78-1ca1-4dfa-b662-c69ae136cdc5:c14, f6b80f64-c556-46c5-aceb-f6fa21a9cee0:c16]
2019-09-11 10:47:30,141 [java.util.concurrent.ThreadPoolExecutor$Worker@19f1ff50[State = -1, empty queue]] WARN  server.GrpcLogAppender (GrpcLogAppender.java:timeoutAppendRequest(200)) - f6b80f64-c556-46c5-aceb-f6fa21a9cee0@group-D9F36A19AC90->d3702e78-1ca1-4dfa-b662-c69ae136cdc5-GrpcLogAppender: appendEntries Timeout, request=f6b80f64-c556-46c5-aceb-f6fa21a9cee0->d3702e78-1ca1-4dfa-b662-c69ae136cdc5#30-t3, previous=(t:3, i:22), leaderCommit=16, initializing? false, entries: <empty>
2019-09-11 10:47:30,141 [java.util.concurrent.ThreadPoolExecutor$Worker@6d0702d2[State = -1, empty queue]] WARN  server.GrpcLogAppender (GrpcLogAppender.java:timeoutAppendRequest(200)) - f6b80f64-c556-46c5-aceb-f6fa21a9cee0@group-D9F36A19AC90->c1836fb8-e3d9-406d-898c-264811801e32-GrpcLogAppender: appendEntries Timeout, request=f6b80f64-c556-46c5-aceb-f6fa21a9cee0->c1836fb8-e3d9-406d-898c-264811801e32#30-t3, previous=(t:3, i:22), leaderCommit=16, initializing? false, entries: <empty>
2019-09-11 10:47:32,645 [java.util.concurrent.ThreadPoolExecutor$Worker@19f1ff50[State = -1, empty queue]] WARN  server.GrpcLogAppender (GrpcLogAppender.java:timeoutAppendRequest(200)) - f6b80f64-c556-46c5-aceb-f6fa21a9cee0@group-D9F36A19AC90->d3702e78-1ca1-4dfa-b662-c69ae136cdc5-GrpcLogAppender: appendEntries Timeout, request=f6b80f64-c556-46c5-aceb-f6fa21a9cee0->d3702e78-1ca1-4dfa-b662-c69ae136cdc5#31-t3, previous=(t:3, i:22), leaderCommit=16, initializing? false, entries: <empty>
2019-09-11 10:47:32,645 [java.util.concurrent.ThreadPoolExecutor$Worker@6d0702d2[State = -1, empty queue]] WARN  server.GrpcLogAppender (GrpcLogAppender.java:timeoutAppendRequest(200)) - f6b80f64-c556-46c5-aceb-f6fa21a9cee0@group-D9F36A19AC90->c1836fb8-e3d9-406d-898c-264811801e32-GrpcLogAppender: appendEntries Timeout, request=f6b80f64-c556-46c5-aceb-f6fa21a9cee0->c1836fb8-e3d9-406d-898c-264811801e32#31-t3, previous=(t:3, i:22), leaderCommit=16, initializing? false, entries: <empty>
2019-09-11 10:47:34,896 [grpc-default-executor-3] INFO  client.GrpcClientProtocolClient (GrpcClientProtocolClient.java:onNext(264)) - client-188F4EEF7D07->c1836fb8-e3d9-406d-898c-264811801e32: receive RaftClientReply:client-188F4EEF7D07->c1836fb8-e3d9-406d-898c-264811801e32@group-D9F36A19AC90, cid=24, FAILED org.apache.ratis.protocol.NotLeaderException: Server c1836fb8-e3d9-406d-898c-264811801e32@group-D9F36A19AC90 is not the leader f6b80f64-c556-46c5-aceb-f6fa21a9cee0:192.168.69.96:37990, logIndex=0, commits[c1836fb8-e3d9-406d-898c-264811801e32:c16, d3702e78-1ca1-4dfa-b662-c69ae136cdc5:c14, f6b80f64-c556-46c5-aceb-f6fa21a9cee0:c16]
2019-09-11 10:47:35,146 [java.util.concurrent.ThreadPoolExecutor$Worker@19f1ff50[State = -1, empty queue]] WARN  server.GrpcLogAppender (GrpcLogAppender.java:timeoutAppendRequest(200)) - f6b80f64-c556-46c5-aceb-f6fa21a9cee0@group-D9F36A19AC90->d3702e78-1ca1-4dfa-b662-c69ae136cdc5-GrpcLogAppender: appendEntries Timeout, request=f6b80f64-c556-46c5-aceb-f6fa21a9cee0->d3702e78-1ca1-4dfa-b662-c69ae136cdc5#32-t3, previous=(t:3, i:22), leaderCommit=16, initializing? false, entries: <empty>
2019-09-11 10:47:35,146 [java.util.concurrent.ThreadPoolExecutor$Worker@6d0702d2[State = -1, empty queue]] WARN  server.GrpcLogAppender (GrpcLogAppender.java:timeoutAppendRequest(200)) - f6b80f64-c556-46c5-aceb-f6fa21a9cee0@group-D9F36A19AC90->c1836fb8-e3d9-406d-898c-264811801e32-GrpcLogAppender: appendEntries Timeout, request=f6b80f64-c556-46c5-aceb-f6fa21a9cee0->c1836fb8-e3d9-406d-898c-264811801e32#32-t3, previous=(t:3, i:22), leaderCommit=16, initializing? false, entries: <empty>
2019-09-11 10:47:37,647 [java.util.concurrent.ThreadPoolExecutor$Worker@6d0702d2[State = -1, empty queue]] WARN  server.GrpcLogAppender (GrpcLogAppender.java:timeoutAppendRequest(200)) - f6b80f64-c556-46c5-aceb-f6fa21a9cee0@group-D9F36A19AC90->c1836fb8-e3d9-406d-898c-264811801e32-GrpcLogAppender: appendEntries Timeout, request=f6b80f64-c556-46c5-aceb-f6fa21a9cee0->c1836fb8-e3d9-406d-898c-264811801e32#33-t3, previous=(t:3, i:22), leaderCommit=16, initializing? false, entries: <empty>
2019-09-11 10:47:37,647 [java.util.concurrent.ThreadPoolExecutor$Worker@19f1ff50[State = -1, empty queue]] WARN  server.GrpcLogAppender (GrpcLogAppender.java:timeoutAppendRequest(200)) - f6b80f64-c556-46c5-aceb-f6fa21a9cee0@group-D9F36A19AC90->d3702e78-1ca1-4dfa-b662-c69ae136cdc5-GrpcLogAppender: appendEntries Timeout, request=f6b80f64-c556-46c5-aceb-f6fa21a9cee0->d3702e78-1ca1-4dfa-b662-c69ae136cdc5#33-t3, previous=(t:3, i:22), leaderCommit=16, initializing? false, entries: <empty>
2019-09-11 10:47:39,793 [c1836fb8-e3d9-406d-898c-264811801e32@group-D9F36A19AC90-SegmentedRaftLogWorker] WARN  segmented.SegmentedRaftLogWorker (SegmentedRaftLogWorker.java:getFromFuture(90)) - Timeout 2/~
org.apache.ratis.protocol.TimeoutIOException: Timeout 10s: WriteLog:18: (t:3, i:18), STATEMACHINELOGENTRY, client-188F4EEF7D07, cid=25-writeStateMachineData
	at org.apache.ratis.util.IOUtils.getFromFuture(IOUtils.java:87)
	at org.apache.ratis.server.raftlog.segmented.SegmentedRaftLogWorker$StateMachineDataPolicy.getFromFuture(SegmentedRaftLogWorker.java:87)
	at org.apache.ratis.server.raftlog.segmented.SegmentedRaftLogWorker$WriteLog.execute(SegmentedRaftLogWorker.java:477)
	at org.apache.ratis.server.raftlog.segmented.SegmentedRaftLogWorker.run(SegmentedRaftLogWorker.java:289)
	at java.lang.Thread.run(Thread.java:748)
Caused by: java.util.concurrent.TimeoutException
	at java.util.concurrent.CompletableFuture.timedGet(CompletableFuture.java:1771)
	at java.util.concurrent.CompletableFuture.get(CompletableFuture.java:1915)
	at org.apache.ratis.util.IOUtils.getFromFuture(IOUtils.java:79)
	... 4 more
2019-09-11 10:47:39,794 [f6b80f64-c556-46c5-aceb-f6fa21a9cee0@group-D9F36A19AC90-SegmentedRaftLogWorker] WARN  segmented.SegmentedRaftLogWorker (SegmentedRaftLogWorker.java:getFromFuture(90)) - Timeout 2/~
org.apache.ratis.protocol.TimeoutIOException: Timeout 10s: WriteLog:18: (t:3, i:18), STATEMACHINELOGENTRY, client-188F4EEF7D07, cid=25-writeStateMachineData
	at org.apache.ratis.util.IOUtils.getFromFuture(IOUtils.java:87)
	at org.apache.ratis.server.raftlog.segmented.SegmentedRaftLogWorker$StateMachineDataPolicy.getFromFuture(SegmentedRaftLogWorker.java:87)
	at org.apache.ratis.server.raftlog.segmented.SegmentedRaftLogWorker$WriteLog.execute(SegmentedRaftLogWorker.java:477)
	at org.apache.ratis.server.raftlog.segmented.SegmentedRaftLogWorker.run(SegmentedRaftLogWorker.java:289)
	at java.lang.Thread.run(Thread.java:748)
Caused by: java.util.concurrent.TimeoutException
	at java.util.concurrent.CompletableFuture.timedGet(CompletableFuture.java:1771)
	at java.util.concurrent.CompletableFuture.get(CompletableFuture.java:1915)
	at org.apache.ratis.util.IOUtils.getFromFuture(IOUtils.java:79)
	... 4 more
2019-09-11 10:47:39,794 [d3702e78-1ca1-4dfa-b662-c69ae136cdc5@group-D9F36A19AC90-SegmentedRaftLogWorker] WARN  segmented.SegmentedRaftLogWorker (SegmentedRaftLogWorker.java:getFromFuture(90)) - Timeout 2/~
org.apache.ratis.protocol.TimeoutIOException: Timeout 10s: WriteLog:18: (t:3, i:18), STATEMACHINELOGENTRY, client-188F4EEF7D07, cid=25-writeStateMachineData
	at org.apache.ratis.util.IOUtils.getFromFuture(IOUtils.java:87)
	at org.apache.ratis.server.raftlog.segmented.SegmentedRaftLogWorker$StateMachineDataPolicy.getFromFuture(SegmentedRaftLogWorker.java:87)
	at org.apache.ratis.server.raftlog.segmented.SegmentedRaftLogWorker$WriteLog.execute(SegmentedRaftLogWorker.java:477)
	at org.apache.ratis.server.raftlog.segmented.SegmentedRaftLogWorker.run(SegmentedRaftLogWorker.java:289)
	at java.lang.Thread.run(Thread.java:748)
Caused by: java.util.concurrent.TimeoutException
	at java.util.concurrent.CompletableFuture.timedGet(CompletableFuture.java:1771)
	at java.util.concurrent.CompletableFuture.get(CompletableFuture.java:1915)
	at org.apache.ratis.util.IOUtils.getFromFuture(IOUtils.java:79)
	... 4 more
2019-09-11 10:47:39,953 [grpc-default-executor-3] INFO  client.GrpcClientProtocolClient (GrpcClientProtocolClient.java:onNext(264)) - client-188F4EEF7D07->d3702e78-1ca1-4dfa-b662-c69ae136cdc5: receive RaftClientReply:client-188F4EEF7D07->d3702e78-1ca1-4dfa-b662-c69ae136cdc5@group-D9F36A19AC90, cid=24, FAILED org.apache.ratis.protocol.NotLeaderException: Server d3702e78-1ca1-4dfa-b662-c69ae136cdc5@group-D9F36A19AC90 is not the leader f6b80f64-c556-46c5-aceb-f6fa21a9cee0:192.168.69.96:37990, logIndex=0, commits[d3702e78-1ca1-4dfa-b662-c69ae136cdc5:c16, c1836fb8-e3d9-406d-898c-264811801e32:c14, f6b80f64-c556-46c5-aceb-f6fa21a9cee0:c16]
2019-09-11 10:47:40,148 [java.util.concurrent.ThreadPoolExecutor$Worker@19f1ff50[State = -1, empty queue]] WARN  server.GrpcLogAppender (GrpcLogAppender.java:timeoutAppendRequest(200)) - f6b80f64-c556-46c5-aceb-f6fa21a9cee0@group-D9F36A19AC90->d3702e78-1ca1-4dfa-b662-c69ae136cdc5-GrpcLogAppender: appendEntries Timeout, request=f6b80f64-c556-46c5-aceb-f6fa21a9cee0->d3702e78-1ca1-4dfa-b662-c69ae136cdc5#34-t3, previous=(t:3, i:22), leaderCommit=16, initializing? false, entries: <empty>
2019-09-11 10:47:40,148 [java.util.concurrent.ThreadPoolExecutor$Worker@6d0702d2[State = -1, empty queue]] WARN  server.GrpcLogAppender (GrpcLogAppender.java:timeoutAppendRequest(200)) - f6b80f64-c556-46c5-aceb-f6fa21a9cee0@group-D9F36A19AC90->c1836fb8-e3d9-406d-898c-264811801e32-GrpcLogAppender: appendEntries Timeout, request=f6b80f64-c556-46c5-aceb-f6fa21a9cee0->c1836fb8-e3d9-406d-898c-264811801e32#34-t3, previous=(t:3, i:22), leaderCommit=16, initializing? false, entries: <empty>
2019-09-11 10:47:42,651 [java.util.concurrent.ThreadPoolExecutor$Worker@6d0702d2[State = -1, empty queue]] WARN  server.GrpcLogAppender (GrpcLogAppender.java:timeoutAppendRequest(200)) - f6b80f64-c556-46c5-aceb-f6fa21a9cee0@group-D9F36A19AC90->c1836fb8-e3d9-406d-898c-264811801e32-GrpcLogAppender: appendEntries Timeout, request=f6b80f64-c556-46c5-aceb-f6fa21a9cee0->c1836fb8-e3d9-406d-898c-264811801e32#35-t3, previous=(t:3, i:22), leaderCommit=16, initializing? false, entries: <empty>
2019-09-11 10:47:42,651 [java.util.concurrent.ThreadPoolExecutor$Worker@19f1ff50[State = -1, empty queue]] WARN  server.GrpcLogAppender (GrpcLogAppender.java:timeoutAppendRequest(200)) - f6b80f64-c556-46c5-aceb-f6fa21a9cee0@group-D9F36A19AC90->d3702e78-1ca1-4dfa-b662-c69ae136cdc5-GrpcLogAppender: appendEntries Timeout, request=f6b80f64-c556-46c5-aceb-f6fa21a9cee0->d3702e78-1ca1-4dfa-b662-c69ae136cdc5#35-t3, previous=(t:3, i:22), leaderCommit=16, initializing? false, entries: <empty>
2019-09-11 10:47:44,996 [grpc-default-executor-2] INFO  client.GrpcClientProtocolClient (GrpcClientProtocolClient.java:onNext(264)) - client-188F4EEF7D07->c1836fb8-e3d9-406d-898c-264811801e32: receive RaftClientReply:client-188F4EEF7D07->c1836fb8-e3d9-406d-898c-264811801e32@group-D9F36A19AC90, cid=24, FAILED org.apache.ratis.protocol.NotLeaderException: Server c1836fb8-e3d9-406d-898c-264811801e32@group-D9F36A19AC90 is not the leader f6b80f64-c556-46c5-aceb-f6fa21a9cee0:192.168.69.96:37990, logIndex=0, commits[c1836fb8-e3d9-406d-898c-264811801e32:c16, d3702e78-1ca1-4dfa-b662-c69ae136cdc5:c14, f6b80f64-c556-46c5-aceb-f6fa21a9cee0:c16]
2019-09-11 10:47:45,164 [java.util.concurrent.ThreadPoolExecutor$Worker@6d0702d2[State = -1, empty queue]] WARN  server.GrpcLogAppender (GrpcLogAppender.java:timeoutAppendRequest(200)) - f6b80f64-c556-46c5-aceb-f6fa21a9cee0@group-D9F36A19AC90->c1836fb8-e3d9-406d-898c-264811801e32-GrpcLogAppender: appendEntries Timeout, request=f6b80f64-c556-46c5-aceb-f6fa21a9cee0->c1836fb8-e3d9-406d-898c-264811801e32#36-t3, previous=(t:3, i:22), leaderCommit=16, initializing? false, entries: <empty>
2019-09-11 10:47:45,164 [java.util.concurrent.ThreadPoolExecutor$Worker@19f1ff50[State = -1, empty queue]] WARN  server.GrpcLogAppender (GrpcLogAppender.java:timeoutAppendRequest(200)) - f6b80f64-c556-46c5-aceb-f6fa21a9cee0@group-D9F36A19AC90->d3702e78-1ca1-4dfa-b662-c69ae136cdc5-GrpcLogAppender: appendEntries Timeout, request=f6b80f64-c556-46c5-aceb-f6fa21a9cee0->d3702e78-1ca1-4dfa-b662-c69ae136cdc5#36-t3, previous=(t:3, i:22), leaderCommit=16, initializing? false, entries: <empty>
2019-09-11 10:47:47,665 [java.util.concurrent.ThreadPoolExecutor$Worker@6d0702d2[State = -1, empty queue]] WARN  server.GrpcLogAppender (GrpcLogAppender.java:timeoutAppendRequest(200)) - f6b80f64-c556-46c5-aceb-f6fa21a9cee0@group-D9F36A19AC90->c1836fb8-e3d9-406d-898c-264811801e32-GrpcLogAppender: appendEntries Timeout, request=f6b80f64-c556-46c5-aceb-f6fa21a9cee0->c1836fb8-e3d9-406d-898c-264811801e32#37-t3, previous=(t:3, i:22), leaderCommit=16, initializing? false, entries: <empty>
2019-09-11 10:47:47,665 [java.util.concurrent.ThreadPoolExecutor$Worker@19f1ff50[State = -1, empty queue]] WARN  server.GrpcLogAppender (GrpcLogAppender.java:timeoutAppendRequest(200)) - f6b80f64-c556-46c5-aceb-f6fa21a9cee0@group-D9F36A19AC90->d3702e78-1ca1-4dfa-b662-c69ae136cdc5-GrpcLogAppender: appendEntries Timeout, request=f6b80f64-c556-46c5-aceb-f6fa21a9cee0->d3702e78-1ca1-4dfa-b662-c69ae136cdc5#37-t3, previous=(t:3, i:22), leaderCommit=16, initializing? false, entries: <empty>
2019-09-11 10:47:49,794 [c1836fb8-e3d9-406d-898c-264811801e32@group-D9F36A19AC90-SegmentedRaftLogWorker] WARN  segmented.SegmentedRaftLogWorker (SegmentedRaftLogWorker.java:getFromFuture(90)) - Timeout 3/~
org.apache.ratis.protocol.TimeoutIOException: Timeout 10s: WriteLog:18: (t:3, i:18), STATEMACHINELOGENTRY, client-188F4EEF7D07, cid=25-writeStateMachineData
	at org.apache.ratis.util.IOUtils.getFromFuture(IOUtils.java:87)
	at org.apache.ratis.server.raftlog.segmented.SegmentedRaftLogWorker$StateMachineDataPolicy.getFromFuture(SegmentedRaftLogWorker.java:87)
	at org.apache.ratis.server.raftlog.segmented.SegmentedRaftLogWorker$WriteLog.execute(SegmentedRaftLogWorker.java:477)
	at org.apache.ratis.server.raftlog.segmented.SegmentedRaftLogWorker.run(SegmentedRaftLogWorker.java:289)
	at java.lang.Thread.run(Thread.java:748)
Caused by: java.util.concurrent.TimeoutException
	at java.util.concurrent.CompletableFuture.timedGet(CompletableFuture.java:1771)
	at java.util.concurrent.CompletableFuture.get(CompletableFuture.java:1915)
	at org.apache.ratis.util.IOUtils.getFromFuture(IOUtils.java:79)
	... 4 more
2019-09-11 10:47:49,795 [d3702e78-1ca1-4dfa-b662-c69ae136cdc5@group-D9F36A19AC90-SegmentedRaftLogWorker] WARN  segmented.SegmentedRaftLogWorker (SegmentedRaftLogWorker.java:getFromFuture(90)) - Timeout 3/~
org.apache.ratis.protocol.TimeoutIOException: Timeout 10s: WriteLog:18: (t:3, i:18), STATEMACHINELOGENTRY, client-188F4EEF7D07, cid=25-writeStateMachineData
	at org.apache.ratis.util.IOUtils.getFromFuture(IOUtils.java:87)
	at org.apache.ratis.server.raftlog.segmented.SegmentedRaftLogWorker$StateMachineDataPolicy.getFromFuture(SegmentedRaftLogWorker.java:87)
	at org.apache.ratis.server.raftlog.segmented.SegmentedRaftLogWorker$WriteLog.execute(SegmentedRaftLogWorker.java:477)
	at org.apache.ratis.server.raftlog.segmented.SegmentedRaftLogWorker.run(SegmentedRaftLogWorker.java:289)
	at java.lang.Thread.run(Thread.java:748)
Caused by: java.util.concurrent.TimeoutException
	at java.util.concurrent.CompletableFuture.timedGet(CompletableFuture.java:1771)
	at java.util.concurrent.CompletableFuture.get(CompletableFuture.java:1915)
	at org.apache.ratis.util.IOUtils.getFromFuture(IOUtils.java:79)
	... 4 more
2019-09-11 10:47:49,795 [f6b80f64-c556-46c5-aceb-f6fa21a9cee0@group-D9F36A19AC90-SegmentedRaftLogWorker] WARN  segmented.SegmentedRaftLogWorker (SegmentedRaftLogWorker.java:getFromFuture(90)) - Timeout 3/~
org.apache.ratis.protocol.TimeoutIOException: Timeout 10s: WriteLog:18: (t:3, i:18), STATEMACHINELOGENTRY, client-188F4EEF7D07, cid=25-writeStateMachineData
	at org.apache.ratis.util.IOUtils.getFromFuture(IOUtils.java:87)
	at org.apache.ratis.server.raftlog.segmented.SegmentedRaftLogWorker$StateMachineDataPolicy.getFromFuture(SegmentedRaftLogWorker.java:87)
	at org.apache.ratis.server.raftlog.segmented.SegmentedRaftLogWorker$WriteLog.execute(SegmentedRaftLogWorker.java:477)
	at org.apache.ratis.server.raftlog.segmented.SegmentedRaftLogWorker.run(SegmentedRaftLogWorker.java:289)
	at java.lang.Thread.run(Thread.java:748)
Caused by: java.util.concurrent.TimeoutException
	at java.util.concurrent.CompletableFuture.timedGet(CompletableFuture.java:1771)
	at java.util.concurrent.CompletableFuture.get(CompletableFuture.java:1915)
	at org.apache.ratis.util.IOUtils.getFromFuture(IOUtils.java:79)
	... 4 more
2019-09-11 10:47:50,035 [grpc-default-executor-2] INFO  client.GrpcClientProtocolClient (GrpcClientProtocolClient.java:onNext(264)) - client-188F4EEF7D07->d3702e78-1ca1-4dfa-b662-c69ae136cdc5: receive RaftClientReply:client-188F4EEF7D07->d3702e78-1ca1-4dfa-b662-c69ae136cdc5@group-D9F36A19AC90, cid=24, FAILED org.apache.ratis.protocol.NotLeaderException: Server d3702e78-1ca1-4dfa-b662-c69ae136cdc5@group-D9F36A19AC90 is not the leader f6b80f64-c556-46c5-aceb-f6fa21a9cee0:192.168.69.96:37990, logIndex=0, commits[d3702e78-1ca1-4dfa-b662-c69ae136cdc5:c16, c1836fb8-e3d9-406d-898c-264811801e32:c14, f6b80f64-c556-46c5-aceb-f6fa21a9cee0:c16]
2019-09-11 10:47:50,165 [java.util.concurrent.ThreadPoolExecutor$Worker@6d0702d2[State = -1, empty queue]] WARN  server.GrpcLogAppender (GrpcLogAppender.java:timeoutAppendRequest(200)) - f6b80f64-c556-46c5-aceb-f6fa21a9cee0@group-D9F36A19AC90->c1836fb8-e3d9-406d-898c-264811801e32-GrpcLogAppender: appendEntries Timeout, request=f6b80f64-c556-46c5-aceb-f6fa21a9cee0->c1836fb8-e3d9-406d-898c-264811801e32#38-t3, previous=(t:3, i:22), leaderCommit=16, initializing? false, entries: <empty>
2019-09-11 10:47:50,165 [java.util.concurrent.ThreadPoolExecutor$Worker@19f1ff50[State = -1, empty queue]] WARN  server.GrpcLogAppender (GrpcLogAppender.java:timeoutAppendRequest(200)) - f6b80f64-c556-46c5-aceb-f6fa21a9cee0@group-D9F36A19AC90->d3702e78-1ca1-4dfa-b662-c69ae136cdc5-GrpcLogAppender: appendEntries Timeout, request=f6b80f64-c556-46c5-aceb-f6fa21a9cee0->d3702e78-1ca1-4dfa-b662-c69ae136cdc5#38-t3, previous=(t:3, i:22), leaderCommit=16, initializing? false, entries: <empty>
2019-09-11 10:47:52,666 [java.util.concurrent.ThreadPoolExecutor$Worker@6d0702d2[State = -1, empty queue]] WARN  server.GrpcLogAppender (GrpcLogAppender.java:timeoutAppendRequest(200)) - f6b80f64-c556-46c5-aceb-f6fa21a9cee0@group-D9F36A19AC90->c1836fb8-e3d9-406d-898c-264811801e32-GrpcLogAppender: appendEntries Timeout, request=f6b80f64-c556-46c5-aceb-f6fa21a9cee0->c1836fb8-e3d9-406d-898c-264811801e32#39-t3, previous=(t:3, i:22), leaderCommit=16, initializing? false, entries: <empty>
2019-09-11 10:47:52,666 [java.util.concurrent.ThreadPoolExecutor$Worker@19f1ff50[State = -1, empty queue]] WARN  server.GrpcLogAppender (GrpcLogAppender.java:timeoutAppendRequest(200)) - f6b80f64-c556-46c5-aceb-f6fa21a9cee0@group-D9F36A19AC90->d3702e78-1ca1-4dfa-b662-c69ae136cdc5-GrpcLogAppender: appendEntries Timeout, request=f6b80f64-c556-46c5-aceb-f6fa21a9cee0->d3702e78-1ca1-4dfa-b662-c69ae136cdc5#39-t3, previous=(t:3, i:22), leaderCommit=16, initializing? false, entries: <empty>
2019-09-11 10:47:55,079 [grpc-default-executor-0] INFO  client.GrpcClientProtocolClient (GrpcClientProtocolClient.java:onNext(264)) - client-188F4EEF7D07->c1836fb8-e3d9-406d-898c-264811801e32: receive RaftClientReply:client-188F4EEF7D07->c1836fb8-e3d9-406d-898c-264811801e32@group-D9F36A19AC90, cid=24, FAILED org.apache.ratis.protocol.NotLeaderException: Server c1836fb8-e3d9-406d-898c-264811801e32@group-D9F36A19AC90 is not the leader f6b80f64-c556-46c5-aceb-f6fa21a9cee0:192.168.69.96:37990, logIndex=0, commits[c1836fb8-e3d9-406d-898c-264811801e32:c16, d3702e78-1ca1-4dfa-b662-c69ae136cdc5:c14, f6b80f64-c556-46c5-aceb-f6fa21a9cee0:c16]
2019-09-11 10:47:55,168 [java.util.concurrent.ThreadPoolExecutor$Worker@19f1ff50[State = -1, empty queue]] WARN  server.GrpcLogAppender (GrpcLogAppender.java:timeoutAppendRequest(200)) - f6b80f64-c556-46c5-aceb-f6fa21a9cee0@group-D9F36A19AC90->d3702e78-1ca1-4dfa-b662-c69ae136cdc5-GrpcLogAppender: appendEntries Timeout, request=f6b80f64-c556-46c5-aceb-f6fa21a9cee0->d3702e78-1ca1-4dfa-b662-c69ae136cdc5#40-t3, previous=(t:3, i:22), leaderCommit=16, initializing? false, entries: <empty>
2019-09-11 10:47:55,168 [java.util.concurrent.ThreadPoolExecutor$Worker@6d0702d2[State = -1, empty queue]] WARN  server.GrpcLogAppender (GrpcLogAppender.java:timeoutAppendRequest(200)) - f6b80f64-c556-46c5-aceb-f6fa21a9cee0@group-D9F36A19AC90->c1836fb8-e3d9-406d-898c-264811801e32-GrpcLogAppender: appendEntries Timeout, request=f6b80f64-c556-46c5-aceb-f6fa21a9cee0->c1836fb8-e3d9-406d-898c-264811801e32#40-t3, previous=(t:3, i:22), leaderCommit=16, initializing? false, entries: <empty>
2019-09-11 10:47:57,670 [java.util.concurrent.ThreadPoolExecutor$Worker@6d0702d2[State = -1, empty queue]] WARN  server.GrpcLogAppender (GrpcLogAppender.java:timeoutAppendRequest(200)) - f6b80f64-c556-46c5-aceb-f6fa21a9cee0@group-D9F36A19AC90->c1836fb8-e3d9-406d-898c-264811801e32-GrpcLogAppender: appendEntries Timeout, request=f6b80f64-c556-46c5-aceb-f6fa21a9cee0->c1836fb8-e3d9-406d-898c-264811801e32#41-t3, previous=(t:3, i:22), leaderCommit=16, initializing? false, entries: <empty>
2019-09-11 10:47:57,670 [java.util.concurrent.ThreadPoolExecutor$Worker@19f1ff50[State = -1, empty queue]] WARN  server.GrpcLogAppender (GrpcLogAppender.java:timeoutAppendRequest(200)) - f6b80f64-c556-46c5-aceb-f6fa21a9cee0@group-D9F36A19AC90->d3702e78-1ca1-4dfa-b662-c69ae136cdc5-GrpcLogAppender: appendEntries Timeout, request=f6b80f64-c556-46c5-aceb-f6fa21a9cee0->d3702e78-1ca1-4dfa-b662-c69ae136cdc5#41-t3, previous=(t:3, i:22), leaderCommit=16, initializing? false, entries: <empty>
2019-09-11 10:47:59,796 [c1836fb8-e3d9-406d-898c-264811801e32@group-D9F36A19AC90-SegmentedRaftLogWorker] WARN  segmented.SegmentedRaftLogWorker (SegmentedRaftLogWorker.java:getFromFuture(90)) - Timeout 4/~
org.apache.ratis.protocol.TimeoutIOException: Timeout 10s: WriteLog:18: (t:3, i:18), STATEMACHINELOGENTRY, client-188F4EEF7D07, cid=25-writeStateMachineData
	at org.apache.ratis.util.IOUtils.getFromFuture(IOUtils.java:87)
	at org.apache.ratis.server.raftlog.segmented.SegmentedRaftLogWorker$StateMachineDataPolicy.getFromFuture(SegmentedRaftLogWorker.java:87)
	at org.apache.ratis.server.raftlog.segmented.SegmentedRaftLogWorker$WriteLog.execute(SegmentedRaftLogWorker.java:477)
	at org.apache.ratis.server.raftlog.segmented.SegmentedRaftLogWorker.run(SegmentedRaftLogWorker.java:289)
	at java.lang.Thread.run(Thread.java:748)
Caused by: java.util.concurrent.TimeoutException
	at java.util.concurrent.CompletableFuture.timedGet(CompletableFuture.java:1771)
	at java.util.concurrent.CompletableFuture.get(CompletableFuture.java:1915)
	at org.apache.ratis.util.IOUtils.getFromFuture(IOUtils.java:79)
	... 4 more
2019-09-11 10:47:59,796 [d3702e78-1ca1-4dfa-b662-c69ae136cdc5@group-D9F36A19AC90-SegmentedRaftLogWorker] WARN  segmented.SegmentedRaftLogWorker (SegmentedRaftLogWorker.java:getFromFuture(90)) - Timeout 4/~
org.apache.ratis.protocol.TimeoutIOException: Timeout 10s: WriteLog:18: (t:3, i:18), STATEMACHINELOGENTRY, client-188F4EEF7D07, cid=25-writeStateMachineData
	at org.apache.ratis.util.IOUtils.getFromFuture(IOUtils.java:87)
	at org.apache.ratis.server.raftlog.segmented.SegmentedRaftLogWorker$StateMachineDataPolicy.getFromFuture(SegmentedRaftLogWorker.java:87)
	at org.apache.ratis.server.raftlog.segmented.SegmentedRaftLogWorker$WriteLog.execute(SegmentedRaftLogWorker.java:477)
	at org.apache.ratis.server.raftlog.segmented.SegmentedRaftLogWorker.run(SegmentedRaftLogWorker.java:289)
	at java.lang.Thread.run(Thread.java:748)
Caused by: java.util.concurrent.TimeoutException
	at java.util.concurrent.CompletableFuture.timedGet(CompletableFuture.java:1771)
	at java.util.concurrent.CompletableFuture.get(CompletableFuture.java:1915)
	at org.apache.ratis.util.IOUtils.getFromFuture(IOUtils.java:79)
	... 4 more
2019-09-11 10:47:59,797 [f6b80f64-c556-46c5-aceb-f6fa21a9cee0@group-D9F36A19AC90-SegmentedRaftLogWorker] WARN  segmented.SegmentedRaftLogWorker (SegmentedRaftLogWorker.java:getFromFuture(90)) - Timeout 4/~
org.apache.ratis.protocol.TimeoutIOException: Timeout 10s: WriteLog:18: (t:3, i:18), STATEMACHINELOGENTRY, client-188F4EEF7D07, cid=25-writeStateMachineData
	at org.apache.ratis.util.IOUtils.getFromFuture(IOUtils.java:87)
	at org.apache.ratis.server.raftlog.segmented.SegmentedRaftLogWorker$StateMachineDataPolicy.getFromFuture(SegmentedRaftLogWorker.java:87)
	at org.apache.ratis.server.raftlog.segmented.SegmentedRaftLogWorker$WriteLog.execute(SegmentedRaftLogWorker.java:477)
	at org.apache.ratis.server.raftlog.segmented.SegmentedRaftLogWorker.run(SegmentedRaftLogWorker.java:289)
	at java.lang.Thread.run(Thread.java:748)
Caused by: java.util.concurrent.TimeoutException
	at java.util.concurrent.CompletableFuture.timedGet(CompletableFuture.java:1771)
	at java.util.concurrent.CompletableFuture.get(CompletableFuture.java:1915)
	at org.apache.ratis.util.IOUtils.getFromFuture(IOUtils.java:79)
	... 4 more
2019-09-11 10:48:00,124 [grpc-default-executor-0] INFO  client.GrpcClientProtocolClient (GrpcClientProtocolClient.java:onNext(264)) - client-188F4EEF7D07->d3702e78-1ca1-4dfa-b662-c69ae136cdc5: receive RaftClientReply:client-188F4EEF7D07->d3702e78-1ca1-4dfa-b662-c69ae136cdc5@group-D9F36A19AC90, cid=24, FAILED org.apache.ratis.protocol.NotLeaderException: Server d3702e78-1ca1-4dfa-b662-c69ae136cdc5@group-D9F36A19AC90 is not the leader f6b80f64-c556-46c5-aceb-f6fa21a9cee0:192.168.69.96:37990, logIndex=0, commits[d3702e78-1ca1-4dfa-b662-c69ae136cdc5:c16, c1836fb8-e3d9-406d-898c-264811801e32:c14, f6b80f64-c556-46c5-aceb-f6fa21a9cee0:c16]
2019-09-11 10:48:00,171 [java.util.concurrent.ThreadPoolExecutor$Worker@19f1ff50[State = -1, empty queue]] WARN  server.GrpcLogAppender (GrpcLogAppender.java:timeoutAppendRequest(200)) - f6b80f64-c556-46c5-aceb-f6fa21a9cee0@group-D9F36A19AC90->d3702e78-1ca1-4dfa-b662-c69ae136cdc5-GrpcLogAppender: appendEntries Timeout, request=f6b80f64-c556-46c5-aceb-f6fa21a9cee0->d3702e78-1ca1-4dfa-b662-c69ae136cdc5#42-t3, previous=(t:3, i:22), leaderCommit=16, initializing? false, entries: <empty>
2019-09-11 10:48:00,171 [java.util.concurrent.ThreadPoolExecutor$Worker@6d0702d2[State = -1, empty queue]] WARN  server.GrpcLogAppender (GrpcLogAppender.java:timeoutAppendRequest(200)) - f6b80f64-c556-46c5-aceb-f6fa21a9cee0@group-D9F36A19AC90->c1836fb8-e3d9-406d-898c-264811801e32-GrpcLogAppender: appendEntries Timeout, request=f6b80f64-c556-46c5-aceb-f6fa21a9cee0->c1836fb8-e3d9-406d-898c-264811801e32#42-t3, previous=(t:3, i:22), leaderCommit=16, initializing? false, entries: <empty>
2019-09-11 10:48:02,672 [java.util.concurrent.ThreadPoolExecutor$Worker@19f1ff50[State = -1, empty queue]] WARN  server.GrpcLogAppender (GrpcLogAppender.java:timeoutAppendRequest(200)) - f6b80f64-c556-46c5-aceb-f6fa21a9cee0@group-D9F36A19AC90->d3702e78-1ca1-4dfa-b662-c69ae136cdc5-GrpcLogAppender: appendEntries Timeout, request=f6b80f64-c556-46c5-aceb-f6fa21a9cee0->d3702e78-1ca1-4dfa-b662-c69ae136cdc5#43-t3, previous=(t:3, i:22), leaderCommit=16, initializing? false, entries: <empty>
2019-09-11 10:48:02,672 [java.util.concurrent.ThreadPoolExecutor$Worker@6d0702d2[State = -1, empty queue]] WARN  server.GrpcLogAppender (GrpcLogAppender.java:timeoutAppendRequest(200)) - f6b80f64-c556-46c5-aceb-f6fa21a9cee0@group-D9F36A19AC90->c1836fb8-e3d9-406d-898c-264811801e32-GrpcLogAppender: appendEntries Timeout, request=f6b80f64-c556-46c5-aceb-f6fa21a9cee0->c1836fb8-e3d9-406d-898c-264811801e32#43-t3, previous=(t:3, i:22), leaderCommit=16, initializing? false, entries: <empty>
2019-09-11 10:48:05,166 [grpc-default-executor-0] INFO  client.GrpcClientProtocolClient (GrpcClientProtocolClient.java:onNext(264)) - client-188F4EEF7D07->d3702e78-1ca1-4dfa-b662-c69ae136cdc5: receive RaftClientReply:client-188F4EEF7D07->d3702e78-1ca1-4dfa-b662-c69ae136cdc5@group-D9F36A19AC90, cid=24, FAILED org.apache.ratis.protocol.NotLeaderException: Server d3702e78-1ca1-4dfa-b662-c69ae136cdc5@group-D9F36A19AC90 is not the leader f6b80f64-c556-46c5-aceb-f6fa21a9cee0:192.168.69.96:37990, logIndex=0, commits[d3702e78-1ca1-4dfa-b662-c69ae136cdc5:c16, c1836fb8-e3d9-406d-898c-264811801e32:c14, f6b80f64-c556-46c5-aceb-f6fa21a9cee0:c16]
2019-09-11 10:48:05,174 [java.util.concurrent.ThreadPoolExecutor$Worker@19f1ff50[State = -1, empty queue]] WARN  server.GrpcLogAppender (GrpcLogAppender.java:timeoutAppendRequest(200)) - f6b80f64-c556-46c5-aceb-f6fa21a9cee0@group-D9F36A19AC90->d3702e78-1ca1-4dfa-b662-c69ae136cdc5-GrpcLogAppender: appendEntries Timeout, request=f6b80f64-c556-46c5-aceb-f6fa21a9cee0->d3702e78-1ca1-4dfa-b662-c69ae136cdc5#44-t3, previous=(t:3, i:22), leaderCommit=16, initializing? false, entries: <empty>
2019-09-11 10:48:05,174 [java.util.concurrent.ThreadPoolExecutor$Worker@6d0702d2[State = -1, empty queue]] WARN  server.GrpcLogAppender (GrpcLogAppender.java:timeoutAppendRequest(200)) - f6b80f64-c556-46c5-aceb-f6fa21a9cee0@group-D9F36A19AC90->c1836fb8-e3d9-406d-898c-264811801e32-GrpcLogAppender: appendEntries Timeout, request=f6b80f64-c556-46c5-aceb-f6fa21a9cee0->c1836fb8-e3d9-406d-898c-264811801e32#44-t3, previous=(t:3, i:22), leaderCommit=16, initializing? false, entries: <empty>
2019-09-11 10:48:07,675 [java.util.concurrent.ThreadPoolExecutor$Worker@6d0702d2[State = -1, empty queue]] WARN  server.GrpcLogAppender (GrpcLogAppender.java:timeoutAppendRequest(200)) - f6b80f64-c556-46c5-aceb-f6fa21a9cee0@group-D9F36A19AC90->c1836fb8-e3d9-406d-898c-264811801e32-GrpcLogAppender: appendEntries Timeout, request=f6b80f64-c556-46c5-aceb-f6fa21a9cee0->c1836fb8-e3d9-406d-898c-264811801e32#45-t3, previous=(t:3, i:22), leaderCommit=16, initializing? false, entries: <empty>
2019-09-11 10:48:07,675 [java.util.concurrent.ThreadPoolExecutor$Worker@19f1ff50[State = -1, empty queue]] WARN  server.GrpcLogAppender (GrpcLogAppender.java:timeoutAppendRequest(200)) - f6b80f64-c556-46c5-aceb-f6fa21a9cee0@group-D9F36A19AC90->d3702e78-1ca1-4dfa-b662-c69ae136cdc5-GrpcLogAppender: appendEntries Timeout, request=f6b80f64-c556-46c5-aceb-f6fa21a9cee0->d3702e78-1ca1-4dfa-b662-c69ae136cdc5#45-t3, previous=(t:3, i:22), leaderCommit=16, initializing? false, entries: <empty>
2019-09-11 10:48:09,797 [c1836fb8-e3d9-406d-898c-264811801e32@group-D9F36A19AC90-SegmentedRaftLogWorker] WARN  segmented.SegmentedRaftLogWorker (SegmentedRaftLogWorker.java:getFromFuture(90)) - Timeout 5/~
org.apache.ratis.protocol.TimeoutIOException: Timeout 10s: WriteLog:18: (t:3, i:18), STATEMACHINELOGENTRY, client-188F4EEF7D07, cid=25-writeStateMachineData
	at org.apache.ratis.util.IOUtils.getFromFuture(IOUtils.java:87)
	at org.apache.ratis.server.raftlog.segmented.SegmentedRaftLogWorker$StateMachineDataPolicy.getFromFuture(SegmentedRaftLogWorker.java:87)
	at org.apache.ratis.server.raftlog.segmented.SegmentedRaftLogWorker$WriteLog.execute(SegmentedRaftLogWorker.java:477)
	at org.apache.ratis.server.raftlog.segmented.SegmentedRaftLogWorker.run(SegmentedRaftLogWorker.java:289)
	at java.lang.Thread.run(Thread.java:748)
Caused by: java.util.concurrent.TimeoutException
	at java.util.concurrent.CompletableFuture.timedGet(CompletableFuture.java:1771)
	at java.util.concurrent.CompletableFuture.get(CompletableFuture.java:1915)
	at org.apache.ratis.util.IOUtils.getFromFuture(IOUtils.java:79)
	... 4 more
2019-09-11 10:48:09,797 [d3702e78-1ca1-4dfa-b662-c69ae136cdc5@group-D9F36A19AC90-SegmentedRaftLogWorker] WARN  segmented.SegmentedRaftLogWorker (SegmentedRaftLogWorker.java:getFromFuture(90)) - Timeout 5/~
org.apache.ratis.protocol.TimeoutIOException: Timeout 10s: WriteLog:18: (t:3, i:18), STATEMACHINELOGENTRY, client-188F4EEF7D07, cid=25-writeStateMachineData
	at org.apache.ratis.util.IOUtils.getFromFuture(IOUtils.java:87)
	at org.apache.ratis.server.raftlog.segmented.SegmentedRaftLogWorker$StateMachineDataPolicy.getFromFuture(SegmentedRaftLogWorker.java:87)
	at org.apache.ratis.server.raftlog.segmented.SegmentedRaftLogWorker$WriteLog.execute(SegmentedRaftLogWorker.java:477)
	at org.apache.ratis.server.raftlog.segmented.SegmentedRaftLogWorker.run(SegmentedRaftLogWorker.java:289)
	at java.lang.Thread.run(Thread.java:748)
Caused by: java.util.concurrent.TimeoutException
	at java.util.concurrent.CompletableFuture.timedGet(CompletableFuture.java:1771)
	at java.util.concurrent.CompletableFuture.get(CompletableFuture.java:1915)
	at org.apache.ratis.util.IOUtils.getFromFuture(IOUtils.java:79)
	... 4 more
2019-09-11 10:48:09,798 [f6b80f64-c556-46c5-aceb-f6fa21a9cee0@group-D9F36A19AC90-SegmentedRaftLogWorker] WARN  segmented.SegmentedRaftLogWorker (SegmentedRaftLogWorker.java:getFromFuture(90)) - Timeout 5/~
org.apache.ratis.protocol.TimeoutIOException: Timeout 10s: WriteLog:18: (t:3, i:18), STATEMACHINELOGENTRY, client-188F4EEF7D07, cid=25-writeStateMachineData
	at org.apache.ratis.util.IOUtils.getFromFuture(IOUtils.java:87)
	at org.apache.ratis.server.raftlog.segmented.SegmentedRaftLogWorker$StateMachineDataPolicy.getFromFuture(SegmentedRaftLogWorker.java:87)
	at org.apache.ratis.server.raftlog.segmented.SegmentedRaftLogWorker$WriteLog.execute(SegmentedRaftLogWorker.java:477)
	at org.apache.ratis.server.raftlog.segmented.SegmentedRaftLogWorker.run(SegmentedRaftLogWorker.java:289)
	at java.lang.Thread.run(Thread.java:748)
Caused by: java.util.concurrent.TimeoutException
	at java.util.concurrent.CompletableFuture.timedGet(CompletableFuture.java:1771)
	at java.util.concurrent.CompletableFuture.get(CompletableFuture.java:1915)
	at org.apache.ratis.util.IOUtils.getFromFuture(IOUtils.java:79)
	... 4 more
2019-09-11 10:48:10,175 [java.util.concurrent.ThreadPoolExecutor$Worker@19f1ff50[State = -1, empty queue]] WARN  server.GrpcLogAppender (GrpcLogAppender.java:timeoutAppendRequest(200)) - f6b80f64-c556-46c5-aceb-f6fa21a9cee0@group-D9F36A19AC90->d3702e78-1ca1-4dfa-b662-c69ae136cdc5-GrpcLogAppender: appendEntries Timeout, request=f6b80f64-c556-46c5-aceb-f6fa21a9cee0->d3702e78-1ca1-4dfa-b662-c69ae136cdc5#46-t3, previous=(t:3, i:22), leaderCommit=16, initializing? false, entries: <empty>
2019-09-11 10:48:10,175 [java.util.concurrent.ThreadPoolExecutor$Worker@6d0702d2[State = -1, empty queue]] WARN  server.GrpcLogAppender (GrpcLogAppender.java:timeoutAppendRequest(200)) - f6b80f64-c556-46c5-aceb-f6fa21a9cee0@group-D9F36A19AC90->c1836fb8-e3d9-406d-898c-264811801e32-GrpcLogAppender: appendEntries Timeout, request=f6b80f64-c556-46c5-aceb-f6fa21a9cee0->c1836fb8-e3d9-406d-898c-264811801e32#46-t3, previous=(t:3, i:22), leaderCommit=16, initializing? false, entries: <empty>
2019-09-11 10:48:10,210 [grpc-default-executor-3] INFO  client.GrpcClientProtocolClient (GrpcClientProtocolClient.java:onNext(264)) - client-188F4EEF7D07->c1836fb8-e3d9-406d-898c-264811801e32: receive RaftClientReply:client-188F4EEF7D07->c1836fb8-e3d9-406d-898c-264811801e32@group-D9F36A19AC90, cid=24, FAILED org.apache.ratis.protocol.NotLeaderException: Server c1836fb8-e3d9-406d-898c-264811801e32@group-D9F36A19AC90 is not the leader f6b80f64-c556-46c5-aceb-f6fa21a9cee0:192.168.69.96:37990, logIndex=0, commits[c1836fb8-e3d9-406d-898c-264811801e32:c16, d3702e78-1ca1-4dfa-b662-c69ae136cdc5:c14, f6b80f64-c556-46c5-aceb-f6fa21a9cee0:c16]
2019-09-11 10:48:12,676 [java.util.concurrent.ThreadPoolExecutor$Worker@6d0702d2[State = -1, empty queue]] WARN  server.GrpcLogAppender (GrpcLogAppender.java:timeoutAppendRequest(200)) - f6b80f64-c556-46c5-aceb-f6fa21a9cee0@group-D9F36A19AC90->c1836fb8-e3d9-406d-898c-264811801e32-GrpcLogAppender: appendEntries Timeout, request=f6b80f64-c556-46c5-aceb-f6fa21a9cee0->c1836fb8-e3d9-406d-898c-264811801e32#47-t3, previous=(t:3, i:22), leaderCommit=16, initializing? false, entries: <empty>
2019-09-11 10:48:12,677 [java.util.concurrent.ThreadPoolExecutor$Worker@19f1ff50[State = -1, empty queue]] WARN  server.GrpcLogAppender (GrpcLogAppender.java:timeoutAppendRequest(200)) - f6b80f64-c556-46c5-aceb-f6fa21a9cee0@group-D9F36A19AC90->d3702e78-1ca1-4dfa-b662-c69ae136cdc5-GrpcLogAppender: appendEntries Timeout, request=f6b80f64-c556-46c5-aceb-f6fa21a9cee0->d3702e78-1ca1-4dfa-b662-c69ae136cdc5#47-t3, previous=(t:3, i:22), leaderCommit=16, initializing? false, entries: <empty>
2019-09-11 10:48:15,177 [java.util.concurrent.ThreadPoolExecutor$Worker@19f1ff50[State = -1, empty queue]] WARN  server.GrpcLogAppender (GrpcLogAppender.java:timeoutAppendRequest(200)) - f6b80f64-c556-46c5-aceb-f6fa21a9cee0@group-D9F36A19AC90->d3702e78-1ca1-4dfa-b662-c69ae136cdc5-GrpcLogAppender: appendEntries Timeout, request=f6b80f64-c556-46c5-aceb-f6fa21a9cee0->d3702e78-1ca1-4dfa-b662-c69ae136cdc5#48-t3, previous=(t:3, i:22), leaderCommit=16, initializing? false, entries: <empty>
2019-09-11 10:48:15,177 [java.util.concurrent.ThreadPoolExecutor$Worker@6d0702d2[State = -1, empty queue]] WARN  server.GrpcLogAppender (GrpcLogAppender.java:timeoutAppendRequest(200)) - f6b80f64-c556-46c5-aceb-f6fa21a9cee0@group-D9F36A19AC90->c1836fb8-e3d9-406d-898c-264811801e32-GrpcLogAppender: appendEntries Timeout, request=f6b80f64-c556-46c5-aceb-f6fa21a9cee0->c1836fb8-e3d9-406d-898c-264811801e32#48-t3, previous=(t:3, i:22), leaderCommit=16, initializing? false, entries: <empty>
2019-09-11 10:48:15,255 [grpc-default-executor-3] INFO  client.GrpcClientProtocolClient (GrpcClientProtocolClient.java:onNext(264)) - client-188F4EEF7D07->d3702e78-1ca1-4dfa-b662-c69ae136cdc5: receive RaftClientReply:client-188F4EEF7D07->d3702e78-1ca1-4dfa-b662-c69ae136cdc5@group-D9F36A19AC90, cid=24, FAILED org.apache.ratis.protocol.NotLeaderException: Server d3702e78-1ca1-4dfa-b662-c69ae136cdc5@group-D9F36A19AC90 is not the leader f6b80f64-c556-46c5-aceb-f6fa21a9cee0:192.168.69.96:37990, logIndex=0, commits[d3702e78-1ca1-4dfa-b662-c69ae136cdc5:c16, c1836fb8-e3d9-406d-898c-264811801e32:c14, f6b80f64-c556-46c5-aceb-f6fa21a9cee0:c16]
2019-09-11 10:48:17,678 [java.util.concurrent.ThreadPoolExecutor$Worker@6d0702d2[State = -1, empty queue]] WARN  server.GrpcLogAppender (GrpcLogAppender.java:timeoutAppendRequest(200)) - f6b80f64-c556-46c5-aceb-f6fa21a9cee0@group-D9F36A19AC90->c1836fb8-e3d9-406d-898c-264811801e32-GrpcLogAppender: appendEntries Timeout, request=f6b80f64-c556-46c5-aceb-f6fa21a9cee0->c1836fb8-e3d9-406d-898c-264811801e32#49-t3, previous=(t:3, i:22), leaderCommit=16, initializing? false, entries: <empty>
2019-09-11 10:48:17,678 [java.util.concurrent.ThreadPoolExecutor$Worker@19f1ff50[State = -1, empty queue]] WARN  server.GrpcLogAppender (GrpcLogAppender.java:timeoutAppendRequest(200)) - f6b80f64-c556-46c5-aceb-f6fa21a9cee0@group-D9F36A19AC90->d3702e78-1ca1-4dfa-b662-c69ae136cdc5-GrpcLogAppender: appendEntries Timeout, request=f6b80f64-c556-46c5-aceb-f6fa21a9cee0->d3702e78-1ca1-4dfa-b662-c69ae136cdc5#49-t3, previous=(t:3, i:22), leaderCommit=16, initializing? false, entries: <empty>
2019-09-11 10:48:19,798 [c1836fb8-e3d9-406d-898c-264811801e32@group-D9F36A19AC90-SegmentedRaftLogWorker] WARN  segmented.SegmentedRaftLogWorker (SegmentedRaftLogWorker.java:getFromFuture(90)) - Timeout 6/~
org.apache.ratis.protocol.TimeoutIOException: Timeout 10s: WriteLog:18: (t:3, i:18), STATEMACHINELOGENTRY, client-188F4EEF7D07, cid=25-writeStateMachineData
	at org.apache.ratis.util.IOUtils.getFromFuture(IOUtils.java:87)
	at org.apache.ratis.server.raftlog.segmented.SegmentedRaftLogWorker$StateMachineDataPolicy.getFromFuture(SegmentedRaftLogWorker.java:87)
	at org.apache.ratis.server.raftlog.segmented.SegmentedRaftLogWorker$WriteLog.execute(SegmentedRaftLogWorker.java:477)
	at org.apache.ratis.server.raftlog.segmented.SegmentedRaftLogWorker.run(SegmentedRaftLogWorker.java:289)
	at java.lang.Thread.run(Thread.java:748)
Caused by: java.util.concurrent.TimeoutException
	at java.util.concurrent.CompletableFuture.timedGet(CompletableFuture.java:1771)
	at java.util.concurrent.CompletableFuture.get(CompletableFuture.java:1915)
	at org.apache.ratis.util.IOUtils.getFromFuture(IOUtils.java:79)
	... 4 more
2019-09-11 10:48:19,798 [d3702e78-1ca1-4dfa-b662-c69ae136cdc5@group-D9F36A19AC90-SegmentedRaftLogWorker] WARN  segmented.SegmentedRaftLogWorker (SegmentedRaftLogWorker.java:getFromFuture(90)) - Timeout 6/~
org.apache.ratis.protocol.TimeoutIOException: Timeout 10s: WriteLog:18: (t:3, i:18), STATEMACHINELOGENTRY, client-188F4EEF7D07, cid=25-writeStateMachineData
	at org.apache.ratis.util.IOUtils.getFromFuture(IOUtils.java:87)
	at org.apache.ratis.server.raftlog.segmented.SegmentedRaftLogWorker$StateMachineDataPolicy.getFromFuture(SegmentedRaftLogWorker.java:87)
	at org.apache.ratis.server.raftlog.segmented.SegmentedRaftLogWorker$WriteLog.execute(SegmentedRaftLogWorker.java:477)
	at org.apache.ratis.server.raftlog.segmented.SegmentedRaftLogWorker.run(SegmentedRaftLogWorker.java:289)
	at java.lang.Thread.run(Thread.java:748)
Caused by: java.util.concurrent.TimeoutException
	at java.util.concurrent.CompletableFuture.timedGet(CompletableFuture.java:1771)
	at java.util.concurrent.CompletableFuture.get(CompletableFuture.java:1915)
	at org.apache.ratis.util.IOUtils.getFromFuture(IOUtils.java:79)
	... 4 more
2019-09-11 10:48:19,822 [f6b80f64-c556-46c5-aceb-f6fa21a9cee0@group-D9F36A19AC90-SegmentedRaftLogWorker] WARN  segmented.SegmentedRaftLogWorker (SegmentedRaftLogWorker.java:getFromFuture(90)) - Timeout 6/~
org.apache.ratis.protocol.TimeoutIOException: Timeout 10s: WriteLog:18: (t:3, i:18), STATEMACHINELOGENTRY, client-188F4EEF7D07, cid=25-writeStateMachineData
	at org.apache.ratis.util.IOUtils.getFromFuture(IOUtils.java:87)
	at org.apache.ratis.server.raftlog.segmented.SegmentedRaftLogWorker$StateMachineDataPolicy.getFromFuture(SegmentedRaftLogWorker.java:87)
	at org.apache.ratis.server.raftlog.segmented.SegmentedRaftLogWorker$WriteLog.execute(SegmentedRaftLogWorker.java:477)
	at org.apache.ratis.server.raftlog.segmented.SegmentedRaftLogWorker.run(SegmentedRaftLogWorker.java:289)
	at java.lang.Thread.run(Thread.java:748)
Caused by: java.util.concurrent.TimeoutException
	at java.util.concurrent.CompletableFuture.timedGet(CompletableFuture.java:1771)
	at java.util.concurrent.CompletableFuture.get(CompletableFuture.java:1915)
	at org.apache.ratis.util.IOUtils.getFromFuture(IOUtils.java:79)
	... 4 more
2019-09-11 10:48:20,179 [java.util.concurrent.ThreadPoolExecutor$Worker@6d0702d2[State = -1, empty queue]] WARN  server.GrpcLogAppender (GrpcLogAppender.java:timeoutAppendRequest(200)) - f6b80f64-c556-46c5-aceb-f6fa21a9cee0@group-D9F36A19AC90->c1836fb8-e3d9-406d-898c-264811801e32-GrpcLogAppender: appendEntries Timeout, request=f6b80f64-c556-46c5-aceb-f6fa21a9cee0->c1836fb8-e3d9-406d-898c-264811801e32#50-t3, previous=(t:3, i:22), leaderCommit=16, initializing? false, entries: <empty>
2019-09-11 10:48:20,179 [java.util.concurrent.ThreadPoolExecutor$Worker@19f1ff50[State = -1, empty queue]] WARN  server.GrpcLogAppender (GrpcLogAppender.java:timeoutAppendRequest(200)) - f6b80f64-c556-46c5-aceb-f6fa21a9cee0@group-D9F36A19AC90->d3702e78-1ca1-4dfa-b662-c69ae136cdc5-GrpcLogAppender: appendEntries Timeout, request=f6b80f64-c556-46c5-aceb-f6fa21a9cee0->d3702e78-1ca1-4dfa-b662-c69ae136cdc5#50-t3, previous=(t:3, i:22), leaderCommit=16, initializing? false, entries: <empty>
2019-09-11 10:48:20,296 [grpc-default-executor-3] INFO  client.GrpcClientProtocolClient (GrpcClientProtocolClient.java:onNext(264)) - client-188F4EEF7D07->c1836fb8-e3d9-406d-898c-264811801e32: receive RaftClientReply:client-188F4EEF7D07->c1836fb8-e3d9-406d-898c-264811801e32@group-D9F36A19AC90, cid=24, FAILED org.apache.ratis.protocol.NotLeaderException: Server c1836fb8-e3d9-406d-898c-264811801e32@group-D9F36A19AC90 is not the leader f6b80f64-c556-46c5-aceb-f6fa21a9cee0:192.168.69.96:37990, logIndex=0, commits[c1836fb8-e3d9-406d-898c-264811801e32:c16, d3702e78-1ca1-4dfa-b662-c69ae136cdc5:c14, f6b80f64-c556-46c5-aceb-f6fa21a9cee0:c16]
2019-09-11 10:48:22,679 [java.util.concurrent.ThreadPoolExecutor$Worker@19f1ff50[State = -1, empty queue]] WARN  server.GrpcLogAppender (GrpcLogAppender.java:timeoutAppendRequest(200)) - f6b80f64-c556-46c5-aceb-f6fa21a9cee0@group-D9F36A19AC90->d3702e78-1ca1-4dfa-b662-c69ae136cdc5-GrpcLogAppender: appendEntries Timeout, request=f6b80f64-c556-46c5-aceb-f6fa21a9cee0->d3702e78-1ca1-4dfa-b662-c69ae136cdc5#51-t3, previous=(t:3, i:22), leaderCommit=16, initializing? false, entries: <empty>
2019-09-11 10:48:22,679 [java.util.concurrent.ThreadPoolExecutor$Worker@6d0702d2[State = -1, empty queue]] WARN  server.GrpcLogAppender (GrpcLogAppender.java:timeoutAppendRequest(200)) - f6b80f64-c556-46c5-aceb-f6fa21a9cee0@group-D9F36A19AC90->c1836fb8-e3d9-406d-898c-264811801e32-GrpcLogAppender: appendEntries Timeout, request=f6b80f64-c556-46c5-aceb-f6fa21a9cee0->c1836fb8-e3d9-406d-898c-264811801e32#51-t3, previous=(t:3, i:22), leaderCommit=16, initializing? false, entries: <empty>
2019-09-11 10:48:25,180 [java.util.concurrent.ThreadPoolExecutor$Worker@6d0702d2[State = -1, empty queue]] WARN  server.GrpcLogAppender (GrpcLogAppender.java:timeoutAppendRequest(200)) - f6b80f64-c556-46c5-aceb-f6fa21a9cee0@group-D9F36A19AC90->c1836fb8-e3d9-406d-898c-264811801e32-GrpcLogAppender: appendEntries Timeout, request=f6b80f64-c556-46c5-aceb-f6fa21a9cee0->c1836fb8-e3d9-406d-898c-264811801e32#52-t3, previous=(t:3, i:22), leaderCommit=16, initializing? false, entries: <empty>
2019-09-11 10:48:25,180 [java.util.concurrent.ThreadPoolExecutor$Worker@19f1ff50[State = -1, empty queue]] WARN  server.GrpcLogAppender (GrpcLogAppender.java:timeoutAppendRequest(200)) - f6b80f64-c556-46c5-aceb-f6fa21a9cee0@group-D9F36A19AC90->d3702e78-1ca1-4dfa-b662-c69ae136cdc5-GrpcLogAppender: appendEntries Timeout, request=f6b80f64-c556-46c5-aceb-f6fa21a9cee0->d3702e78-1ca1-4dfa-b662-c69ae136cdc5#52-t3, previous=(t:3, i:22), leaderCommit=16, initializing? false, entries: <empty>
2019-09-11 10:48:25,347 [grpc-default-executor-3] INFO  client.GrpcClientProtocolClient (GrpcClientProtocolClient.java:onNext(264)) - client-188F4EEF7D07->d3702e78-1ca1-4dfa-b662-c69ae136cdc5: receive RaftClientReply:client-188F4EEF7D07->d3702e78-1ca1-4dfa-b662-c69ae136cdc5@group-D9F36A19AC90, cid=24, FAILED org.apache.ratis.protocol.NotLeaderException: Server d3702e78-1ca1-4dfa-b662-c69ae136cdc5@group-D9F36A19AC90 is not the leader f6b80f64-c556-46c5-aceb-f6fa21a9cee0:192.168.69.96:37990, logIndex=0, commits[d3702e78-1ca1-4dfa-b662-c69ae136cdc5:c16, c1836fb8-e3d9-406d-898c-264811801e32:c14, f6b80f64-c556-46c5-aceb-f6fa21a9cee0:c16]
2019-09-11 10:48:27,681 [java.util.concurrent.ThreadPoolExecutor$Worker@6d0702d2[State = -1, empty queue]] WARN  server.GrpcLogAppender (GrpcLogAppender.java:timeoutAppendRequest(200)) - f6b80f64-c556-46c5-aceb-f6fa21a9cee0@group-D9F36A19AC90->c1836fb8-e3d9-406d-898c-264811801e32-GrpcLogAppender: appendEntries Timeout, request=f6b80f64-c556-46c5-aceb-f6fa21a9cee0->c1836fb8-e3d9-406d-898c-264811801e32#53-t3, previous=(t:3, i:22), leaderCommit=16, initializing? false, entries: <empty>
2019-09-11 10:48:27,681 [java.util.concurrent.ThreadPoolExecutor$Worker@19f1ff50[State = -1, empty queue]] WARN  server.GrpcLogAppender (GrpcLogAppender.java:timeoutAppendRequest(200)) - f6b80f64-c556-46c5-aceb-f6fa21a9cee0@group-D9F36A19AC90->d3702e78-1ca1-4dfa-b662-c69ae136cdc5-GrpcLogAppender: appendEntries Timeout, request=f6b80f64-c556-46c5-aceb-f6fa21a9cee0->d3702e78-1ca1-4dfa-b662-c69ae136cdc5#53-t3, previous=(t:3, i:22), leaderCommit=16, initializing? false, entries: <empty>
2019-09-11 10:48:29,799 [c1836fb8-e3d9-406d-898c-264811801e32@group-D9F36A19AC90-SegmentedRaftLogWorker] WARN  segmented.SegmentedRaftLogWorker (SegmentedRaftLogWorker.java:getFromFuture(90)) - Timeout 7/~
org.apache.ratis.protocol.TimeoutIOException: Timeout 10s: WriteLog:18: (t:3, i:18), STATEMACHINELOGENTRY, client-188F4EEF7D07, cid=25-writeStateMachineData
	at org.apache.ratis.util.IOUtils.getFromFuture(IOUtils.java:87)
	at org.apache.ratis.server.raftlog.segmented.SegmentedRaftLogWorker$StateMachineDataPolicy.getFromFuture(SegmentedRaftLogWorker.java:87)
	at org.apache.ratis.server.raftlog.segmented.SegmentedRaftLogWorker$WriteLog.execute(SegmentedRaftLogWorker.java:477)
	at org.apache.ratis.server.raftlog.segmented.SegmentedRaftLogWorker.run(SegmentedRaftLogWorker.java:289)
	at java.lang.Thread.run(Thread.java:748)
Caused by: java.util.concurrent.TimeoutException
	at java.util.concurrent.CompletableFuture.timedGet(CompletableFuture.java:1771)
	at java.util.concurrent.CompletableFuture.get(CompletableFuture.java:1915)
	at org.apache.ratis.util.IOUtils.getFromFuture(IOUtils.java:79)
	... 4 more
2019-09-11 10:48:29,822 [d3702e78-1ca1-4dfa-b662-c69ae136cdc5@group-D9F36A19AC90-SegmentedRaftLogWorker] WARN  segmented.SegmentedRaftLogWorker (SegmentedRaftLogWorker.java:getFromFuture(90)) - Timeout 7/~
org.apache.ratis.protocol.TimeoutIOException: Timeout 10s: WriteLog:18: (t:3, i:18), STATEMACHINELOGENTRY, client-188F4EEF7D07, cid=25-writeStateMachineData
	at org.apache.ratis.util.IOUtils.getFromFuture(IOUtils.java:87)
	at org.apache.ratis.server.raftlog.segmented.SegmentedRaftLogWorker$StateMachineDataPolicy.getFromFuture(SegmentedRaftLogWorker.java:87)
	at org.apache.ratis.server.raftlog.segmented.SegmentedRaftLogWorker$WriteLog.execute(SegmentedRaftLogWorker.java:477)
	at org.apache.ratis.server.raftlog.segmented.SegmentedRaftLogWorker.run(SegmentedRaftLogWorker.java:289)
	at java.lang.Thread.run(Thread.java:748)
Caused by: java.util.concurrent.TimeoutException
	at java.util.concurrent.CompletableFuture.timedGet(CompletableFuture.java:1771)
	at java.util.concurrent.CompletableFuture.get(CompletableFuture.java:1915)
	at org.apache.ratis.util.IOUtils.getFromFuture(IOUtils.java:79)
	... 4 more
2019-09-11 10:48:29,823 [f6b80f64-c556-46c5-aceb-f6fa21a9cee0@group-D9F36A19AC90-SegmentedRaftLogWorker] WARN  segmented.SegmentedRaftLogWorker (SegmentedRaftLogWorker.java:getFromFuture(90)) - Timeout 7/~
org.apache.ratis.protocol.TimeoutIOException: Timeout 10s: WriteLog:18: (t:3, i:18), STATEMACHINELOGENTRY, client-188F4EEF7D07, cid=25-writeStateMachineData
	at org.apache.ratis.util.IOUtils.getFromFuture(IOUtils.java:87)
	at org.apache.ratis.server.raftlog.segmented.SegmentedRaftLogWorker$StateMachineDataPolicy.getFromFuture(SegmentedRaftLogWorker.java:87)
	at org.apache.ratis.server.raftlog.segmented.SegmentedRaftLogWorker$WriteLog.execute(SegmentedRaftLogWorker.java:477)
	at org.apache.ratis.server.raftlog.segmented.SegmentedRaftLogWorker.run(SegmentedRaftLogWorker.java:289)
	at java.lang.Thread.run(Thread.java:748)
Caused by: java.util.concurrent.TimeoutException
	at java.util.concurrent.CompletableFuture.timedGet(CompletableFuture.java:1771)
	at java.util.concurrent.CompletableFuture.get(CompletableFuture.java:1915)
	at org.apache.ratis.util.IOUtils.getFromFuture(IOUtils.java:79)
	... 4 more
2019-09-11 10:48:30,182 [java.util.concurrent.ThreadPoolExecutor$Worker@6d0702d2[State = -1, empty queue]] WARN  server.GrpcLogAppender (GrpcLogAppender.java:timeoutAppendRequest(200)) - f6b80f64-c556-46c5-aceb-f6fa21a9cee0@group-D9F36A19AC90->c1836fb8-e3d9-406d-898c-264811801e32-GrpcLogAppender: appendEntries Timeout, request=f6b80f64-c556-46c5-aceb-f6fa21a9cee0->c1836fb8-e3d9-406d-898c-264811801e32#54-t3, previous=(t:3, i:22), leaderCommit=16, initializing? false, entries: <empty>
2019-09-11 10:48:30,182 [java.util.concurrent.ThreadPoolExecutor$Worker@19f1ff50[State = -1, empty queue]] WARN  server.GrpcLogAppender (GrpcLogAppender.java:timeoutAppendRequest(200)) - f6b80f64-c556-46c5-aceb-f6fa21a9cee0@group-D9F36A19AC90->d3702e78-1ca1-4dfa-b662-c69ae136cdc5-GrpcLogAppender: appendEntries Timeout, request=f6b80f64-c556-46c5-aceb-f6fa21a9cee0->d3702e78-1ca1-4dfa-b662-c69ae136cdc5#54-t3, previous=(t:3, i:22), leaderCommit=16, initializing? false, entries: <empty>
2019-09-11 10:48:30,392 [grpc-default-executor-3] INFO  client.GrpcClientProtocolClient (GrpcClientProtocolClient.java:onNext(264)) - client-188F4EEF7D07->c1836fb8-e3d9-406d-898c-264811801e32: receive RaftClientReply:client-188F4EEF7D07->c1836fb8-e3d9-406d-898c-264811801e32@group-D9F36A19AC90, cid=24, FAILED org.apache.ratis.protocol.NotLeaderException: Server c1836fb8-e3d9-406d-898c-264811801e32@group-D9F36A19AC90 is not the leader f6b80f64-c556-46c5-aceb-f6fa21a9cee0:192.168.69.96:37990, logIndex=0, commits[c1836fb8-e3d9-406d-898c-264811801e32:c16, d3702e78-1ca1-4dfa-b662-c69ae136cdc5:c14, f6b80f64-c556-46c5-aceb-f6fa21a9cee0:c16]
2019-09-11 10:48:32,682 [java.util.concurrent.ThreadPoolExecutor$Worker@6d0702d2[State = -1, empty queue]] WARN  server.GrpcLogAppender (GrpcLogAppender.java:timeoutAppendRequest(200)) - f6b80f64-c556-46c5-aceb-f6fa21a9cee0@group-D9F36A19AC90->c1836fb8-e3d9-406d-898c-264811801e32-GrpcLogAppender: appendEntries Timeout, request=f6b80f64-c556-46c5-aceb-f6fa21a9cee0->c1836fb8-e3d9-406d-898c-264811801e32#55-t3, previous=(t:3, i:22), leaderCommit=16, initializing? false, entries: <empty>
2019-09-11 10:48:32,682 [java.util.concurrent.ThreadPoolExecutor$Worker@19f1ff50[State = -1, empty queue]] WARN  server.GrpcLogAppender (GrpcLogAppender.java:timeoutAppendRequest(200)) - f6b80f64-c556-46c5-aceb-f6fa21a9cee0@group-D9F36A19AC90->d3702e78-1ca1-4dfa-b662-c69ae136cdc5-GrpcLogAppender: appendEntries Timeout, request=f6b80f64-c556-46c5-aceb-f6fa21a9cee0->d3702e78-1ca1-4dfa-b662-c69ae136cdc5#55-t3, previous=(t:3, i:22), leaderCommit=16, initializing? false, entries: <empty>
2019-09-11 10:48:35,183 [java.util.concurrent.ThreadPoolExecutor$Worker@6d0702d2[State = -1, empty queue]] WARN  server.GrpcLogAppender (GrpcLogAppender.java:timeoutAppendRequest(200)) - f6b80f64-c556-46c5-aceb-f6fa21a9cee0@group-D9F36A19AC90->c1836fb8-e3d9-406d-898c-264811801e32-GrpcLogAppender: appendEntries Timeout, request=f6b80f64-c556-46c5-aceb-f6fa21a9cee0->c1836fb8-e3d9-406d-898c-264811801e32#56-t3, previous=(t:3, i:22), leaderCommit=16, initializing? false, entries: <empty>
2019-09-11 10:48:35,183 [java.util.concurrent.ThreadPoolExecutor$Worker@19f1ff50[State = -1, empty queue]] WARN  server.GrpcLogAppender (GrpcLogAppender.java:timeoutAppendRequest(200)) - f6b80f64-c556-46c5-aceb-f6fa21a9cee0@group-D9F36A19AC90->d3702e78-1ca1-4dfa-b662-c69ae136cdc5-GrpcLogAppender: appendEntries Timeout, request=f6b80f64-c556-46c5-aceb-f6fa21a9cee0->d3702e78-1ca1-4dfa-b662-c69ae136cdc5#56-t3, previous=(t:3, i:22), leaderCommit=16, initializing? false, entries: <empty>
2019-09-11 10:48:35,459 [grpc-default-executor-3] INFO  client.GrpcClientProtocolClient (GrpcClientProtocolClient.java:onNext(264)) - client-188F4EEF7D07->d3702e78-1ca1-4dfa-b662-c69ae136cdc5: receive RaftClientReply:client-188F4EEF7D07->d3702e78-1ca1-4dfa-b662-c69ae136cdc5@group-D9F36A19AC90, cid=24, FAILED org.apache.ratis.protocol.NotLeaderException: Server d3702e78-1ca1-4dfa-b662-c69ae136cdc5@group-D9F36A19AC90 is not the leader f6b80f64-c556-46c5-aceb-f6fa21a9cee0:192.168.69.96:37990, logIndex=0, commits[d3702e78-1ca1-4dfa-b662-c69ae136cdc5:c16, c1836fb8-e3d9-406d-898c-264811801e32:c14, f6b80f64-c556-46c5-aceb-f6fa21a9cee0:c16]
2019-09-11 10:48:37,683 [java.util.concurrent.ThreadPoolExecutor$Worker@6d0702d2[State = -1, empty queue]] WARN  server.GrpcLogAppender (GrpcLogAppender.java:timeoutAppendRequest(200)) - f6b80f64-c556-46c5-aceb-f6fa21a9cee0@group-D9F36A19AC90->c1836fb8-e3d9-406d-898c-264811801e32-GrpcLogAppender: appendEntries Timeout, request=f6b80f64-c556-46c5-aceb-f6fa21a9cee0->c1836fb8-e3d9-406d-898c-264811801e32#57-t3, previous=(t:3, i:22), leaderCommit=16, initializing? false, entries: <empty>
2019-09-11 10:48:37,683 [java.util.concurrent.ThreadPoolExecutor$Worker@19f1ff50[State = -1, empty queue]] WARN  server.GrpcLogAppender (GrpcLogAppender.java:timeoutAppendRequest(200)) - f6b80f64-c556-46c5-aceb-f6fa21a9cee0@group-D9F36A19AC90->d3702e78-1ca1-4dfa-b662-c69ae136cdc5-GrpcLogAppender: appendEntries Timeout, request=f6b80f64-c556-46c5-aceb-f6fa21a9cee0->d3702e78-1ca1-4dfa-b662-c69ae136cdc5#57-t3, previous=(t:3, i:22), leaderCommit=16, initializing? false, entries: <empty>
2019-09-11 10:48:39,800 [c1836fb8-e3d9-406d-898c-264811801e32@group-D9F36A19AC90-SegmentedRaftLogWorker] WARN  segmented.SegmentedRaftLogWorker (SegmentedRaftLogWorker.java:getFromFuture(90)) - Timeout 8/~
org.apache.ratis.protocol.TimeoutIOException: Timeout 10s: WriteLog:18: (t:3, i:18), STATEMACHINELOGENTRY, client-188F4EEF7D07, cid=25-writeStateMachineData
	at org.apache.ratis.util.IOUtils.getFromFuture(IOUtils.java:87)
	at org.apache.ratis.server.raftlog.segmented.SegmentedRaftLogWorker$StateMachineDataPolicy.getFromFuture(SegmentedRaftLogWorker.java:87)
	at org.apache.ratis.server.raftlog.segmented.SegmentedRaftLogWorker$WriteLog.execute(SegmentedRaftLogWorker.java:477)
	at org.apache.ratis.server.raftlog.segmented.SegmentedRaftLogWorker.run(SegmentedRaftLogWorker.java:289)
	at java.lang.Thread.run(Thread.java:748)
Caused by: java.util.concurrent.TimeoutException
	at java.util.concurrent.CompletableFuture.timedGet(CompletableFuture.java:1771)
	at java.util.concurrent.CompletableFuture.get(CompletableFuture.java:1915)
	at org.apache.ratis.util.IOUtils.getFromFuture(IOUtils.java:79)
	... 4 more
2019-09-11 10:48:39,823 [d3702e78-1ca1-4dfa-b662-c69ae136cdc5@group-D9F36A19AC90-SegmentedRaftLogWorker] WARN  segmented.SegmentedRaftLogWorker (SegmentedRaftLogWorker.java:getFromFuture(90)) - Timeout 8/~
org.apache.ratis.protocol.TimeoutIOException: Timeout 10s: WriteLog:18: (t:3, i:18), STATEMACHINELOGENTRY, client-188F4EEF7D07, cid=25-writeStateMachineData
	at org.apache.ratis.util.IOUtils.getFromFuture(IOUtils.java:87)
	at org.apache.ratis.server.raftlog.segmented.SegmentedRaftLogWorker$StateMachineDataPolicy.getFromFuture(SegmentedRaftLogWorker.java:87)
	at org.apache.ratis.server.raftlog.segmented.SegmentedRaftLogWorker$WriteLog.execute(SegmentedRaftLogWorker.java:477)
	at org.apache.ratis.server.raftlog.segmented.SegmentedRaftLogWorker.run(SegmentedRaftLogWorker.java:289)
	at java.lang.Thread.run(Thread.java:748)
Caused by: java.util.concurrent.TimeoutException
	at java.util.concurrent.CompletableFuture.timedGet(CompletableFuture.java:1771)
	at java.util.concurrent.CompletableFuture.get(CompletableFuture.java:1915)
	at org.apache.ratis.util.IOUtils.getFromFuture(IOUtils.java:79)
	... 4 more
2019-09-11 10:48:39,823 [f6b80f64-c556-46c5-aceb-f6fa21a9cee0@group-D9F36A19AC90-SegmentedRaftLogWorker] WARN  segmented.SegmentedRaftLogWorker (SegmentedRaftLogWorker.java:getFromFuture(90)) - Timeout 8/~
org.apache.ratis.protocol.TimeoutIOException: Timeout 10s: WriteLog:18: (t:3, i:18), STATEMACHINELOGENTRY, client-188F4EEF7D07, cid=25-writeStateMachineData
	at org.apache.ratis.util.IOUtils.getFromFuture(IOUtils.java:87)
	at org.apache.ratis.server.raftlog.segmented.SegmentedRaftLogWorker$StateMachineDataPolicy.getFromFuture(SegmentedRaftLogWorker.java:87)
	at org.apache.ratis.server.raftlog.segmented.SegmentedRaftLogWorker$WriteLog.execute(SegmentedRaftLogWorker.java:477)
	at org.apache.ratis.server.raftlog.segmented.SegmentedRaftLogWorker.run(SegmentedRaftLogWorker.java:289)
	at java.lang.Thread.run(Thread.java:748)
Caused by: java.util.concurrent.TimeoutException
	at java.util.concurrent.CompletableFuture.timedGet(CompletableFuture.java:1771)
	at java.util.concurrent.CompletableFuture.get(CompletableFuture.java:1915)
	at org.apache.ratis.util.IOUtils.getFromFuture(IOUtils.java:79)
	... 4 more
2019-09-11 10:48:40,184 [java.util.concurrent.ThreadPoolExecutor$Worker@19f1ff50[State = -1, empty queue]] WARN  server.GrpcLogAppender (GrpcLogAppender.java:timeoutAppendRequest(200)) - f6b80f64-c556-46c5-aceb-f6fa21a9cee0@group-D9F36A19AC90->d3702e78-1ca1-4dfa-b662-c69ae136cdc5-GrpcLogAppender: appendEntries Timeout, request=f6b80f64-c556-46c5-aceb-f6fa21a9cee0->d3702e78-1ca1-4dfa-b662-c69ae136cdc5#58-t3, previous=(t:3, i:22), leaderCommit=16, initializing? false, entries: <empty>
2019-09-11 10:48:40,184 [java.util.concurrent.ThreadPoolExecutor$Worker@6d0702d2[State = -1, empty queue]] WARN  server.GrpcLogAppender (GrpcLogAppender.java:timeoutAppendRequest(200)) - f6b80f64-c556-46c5-aceb-f6fa21a9cee0@group-D9F36A19AC90->c1836fb8-e3d9-406d-898c-264811801e32-GrpcLogAppender: appendEntries Timeout, request=f6b80f64-c556-46c5-aceb-f6fa21a9cee0->c1836fb8-e3d9-406d-898c-264811801e32#58-t3, previous=(t:3, i:22), leaderCommit=16, initializing? false, entries: <empty>
2019-09-11 10:48:40,503 [grpc-default-executor-2] INFO  client.GrpcClientProtocolClient (GrpcClientProtocolClient.java:onNext(264)) - client-188F4EEF7D07->c1836fb8-e3d9-406d-898c-264811801e32: receive RaftClientReply:client-188F4EEF7D07->c1836fb8-e3d9-406d-898c-264811801e32@group-D9F36A19AC90, cid=24, FAILED org.apache.ratis.protocol.NotLeaderException: Server c1836fb8-e3d9-406d-898c-264811801e32@group-D9F36A19AC90 is not the leader f6b80f64-c556-46c5-aceb-f6fa21a9cee0:192.168.69.96:37990, logIndex=0, commits[c1836fb8-e3d9-406d-898c-264811801e32:c16, d3702e78-1ca1-4dfa-b662-c69ae136cdc5:c14, f6b80f64-c556-46c5-aceb-f6fa21a9cee0:c16]
2019-09-11 10:48:42,684 [java.util.concurrent.ThreadPoolExecutor$Worker@19f1ff50[State = -1, empty queue]] WARN  server.GrpcLogAppender (GrpcLogAppender.java:timeoutAppendRequest(200)) - f6b80f64-c556-46c5-aceb-f6fa21a9cee0@group-D9F36A19AC90->d3702e78-1ca1-4dfa-b662-c69ae136cdc5-GrpcLogAppender: appendEntries Timeout, request=f6b80f64-c556-46c5-aceb-f6fa21a9cee0->d3702e78-1ca1-4dfa-b662-c69ae136cdc5#59-t3, previous=(t:3, i:22), leaderCommit=16, initializing? false, entries: <empty>
2019-09-11 10:48:42,684 [java.util.concurrent.ThreadPoolExecutor$Worker@6d0702d2[State = -1, empty queue]] WARN  server.GrpcLogAppender (GrpcLogAppender.java:timeoutAppendRequest(200)) - f6b80f64-c556-46c5-aceb-f6fa21a9cee0@group-D9F36A19AC90->c1836fb8-e3d9-406d-898c-264811801e32-GrpcLogAppender: appendEntries Timeout, request=f6b80f64-c556-46c5-aceb-f6fa21a9cee0->c1836fb8-e3d9-406d-898c-264811801e32#59-t3, previous=(t:3, i:22), leaderCommit=16, initializing? false, entries: <empty>
2019-09-11 10:48:45,185 [java.util.concurrent.ThreadPoolExecutor$Worker@6d0702d2[State = -1, empty queue]] WARN  server.GrpcLogAppender (GrpcLogAppender.java:timeoutAppendRequest(200)) - f6b80f64-c556-46c5-aceb-f6fa21a9cee0@group-D9F36A19AC90->c1836fb8-e3d9-406d-898c-264811801e32-GrpcLogAppender: appendEntries Timeout, request=f6b80f64-c556-46c5-aceb-f6fa21a9cee0->c1836fb8-e3d9-406d-898c-264811801e32#60-t3, previous=(t:3, i:22), leaderCommit=16, initializing? false, entries: <empty>
2019-09-11 10:48:45,185 [java.util.concurrent.ThreadPoolExecutor$Worker@19f1ff50[State = -1, empty queue]] WARN  server.GrpcLogAppender (GrpcLogAppender.java:timeoutAppendRequest(200)) - f6b80f64-c556-46c5-aceb-f6fa21a9cee0@group-D9F36A19AC90->d3702e78-1ca1-4dfa-b662-c69ae136cdc5-GrpcLogAppender: appendEntries Timeout, request=f6b80f64-c556-46c5-aceb-f6fa21a9cee0->d3702e78-1ca1-4dfa-b662-c69ae136cdc5#60-t3, previous=(t:3, i:22), leaderCommit=16, initializing? false, entries: <empty>
2019-09-11 10:48:45,550 [grpc-default-executor-3] INFO  client.GrpcClientProtocolClient (GrpcClientProtocolClient.java:onNext(264)) - client-188F4EEF7D07->c1836fb8-e3d9-406d-898c-264811801e32: receive RaftClientReply:client-188F4EEF7D07->c1836fb8-e3d9-406d-898c-264811801e32@group-D9F36A19AC90, cid=24, FAILED org.apache.ratis.protocol.NotLeaderException: Server c1836fb8-e3d9-406d-898c-264811801e32@group-D9F36A19AC90 is not the leader f6b80f64-c556-46c5-aceb-f6fa21a9cee0:192.168.69.96:37990, logIndex=0, commits[c1836fb8-e3d9-406d-898c-264811801e32:c16, d3702e78-1ca1-4dfa-b662-c69ae136cdc5:c14, f6b80f64-c556-46c5-aceb-f6fa21a9cee0:c16]
2019-09-11 10:48:47,685 [java.util.concurrent.ThreadPoolExecutor$Worker@6d0702d2[State = -1, empty queue]] WARN  server.GrpcLogAppender (GrpcLogAppender.java:timeoutAppendRequest(200)) - f6b80f64-c556-46c5-aceb-f6fa21a9cee0@group-D9F36A19AC90->c1836fb8-e3d9-406d-898c-264811801e32-GrpcLogAppender: appendEntries Timeout, request=f6b80f64-c556-46c5-aceb-f6fa21a9cee0->c1836fb8-e3d9-406d-898c-264811801e32#61-t3, previous=(t:3, i:22), leaderCommit=16, initializing? false, entries: <empty>
2019-09-11 10:48:47,685 [java.util.concurrent.ThreadPoolExecutor$Worker@19f1ff50[State = -1, empty queue]] WARN  server.GrpcLogAppender (GrpcLogAppender.java:timeoutAppendRequest(200)) - f6b80f64-c556-46c5-aceb-f6fa21a9cee0@group-D9F36A19AC90->d3702e78-1ca1-4dfa-b662-c69ae136cdc5-GrpcLogAppender: appendEntries Timeout, request=f6b80f64-c556-46c5-aceb-f6fa21a9cee0->d3702e78-1ca1-4dfa-b662-c69ae136cdc5#61-t3, previous=(t:3, i:22), leaderCommit=16, initializing? false, entries: <empty>
2019-09-11 10:48:49,801 [c1836fb8-e3d9-406d-898c-264811801e32@group-D9F36A19AC90-SegmentedRaftLogWorker] WARN  segmented.SegmentedRaftLogWorker (SegmentedRaftLogWorker.java:getFromFuture(90)) - Timeout 9/~
org.apache.ratis.protocol.TimeoutIOException: Timeout 10s: WriteLog:18: (t:3, i:18), STATEMACHINELOGENTRY, client-188F4EEF7D07, cid=25-writeStateMachineData
	at org.apache.ratis.util.IOUtils.getFromFuture(IOUtils.java:87)
	at org.apache.ratis.server.raftlog.segmented.SegmentedRaftLogWorker$StateMachineDataPolicy.getFromFuture(SegmentedRaftLogWorker.java:87)
	at org.apache.ratis.server.raftlog.segmented.SegmentedRaftLogWorker$WriteLog.execute(SegmentedRaftLogWorker.java:477)
	at org.apache.ratis.server.raftlog.segmented.SegmentedRaftLogWorker.run(SegmentedRaftLogWorker.java:289)
	at java.lang.Thread.run(Thread.java:748)
Caused by: java.util.concurrent.TimeoutException
	at java.util.concurrent.CompletableFuture.timedGet(CompletableFuture.java:1771)
	at java.util.concurrent.CompletableFuture.get(CompletableFuture.java:1915)
	at org.apache.ratis.util.IOUtils.getFromFuture(IOUtils.java:79)
	... 4 more
2019-09-11 10:48:49,824 [d3702e78-1ca1-4dfa-b662-c69ae136cdc5@group-D9F36A19AC90-SegmentedRaftLogWorker] WARN  segmented.SegmentedRaftLogWorker (SegmentedRaftLogWorker.java:getFromFuture(90)) - Timeout 9/~
org.apache.ratis.protocol.TimeoutIOException: Timeout 10s: WriteLog:18: (t:3, i:18), STATEMACHINELOGENTRY, client-188F4EEF7D07, cid=25-writeStateMachineData
	at org.apache.ratis.util.IOUtils.getFromFuture(IOUtils.java:87)
	at org.apache.ratis.server.raftlog.segmented.SegmentedRaftLogWorker$StateMachineDataPolicy.getFromFuture(SegmentedRaftLogWorker.java:87)
	at org.apache.ratis.server.raftlog.segmented.SegmentedRaftLogWorker$WriteLog.execute(SegmentedRaftLogWorker.java:477)
	at org.apache.ratis.server.raftlog.segmented.SegmentedRaftLogWorker.run(SegmentedRaftLogWorker.java:289)
	at java.lang.Thread.run(Thread.java:748)
Caused by: java.util.concurrent.TimeoutException
	at java.util.concurrent.CompletableFuture.timedGet(CompletableFuture.java:1771)
	at java.util.concurrent.CompletableFuture.get(CompletableFuture.java:1915)
	at org.apache.ratis.util.IOUtils.getFromFuture(IOUtils.java:79)
	... 4 more
2019-09-11 10:48:49,824 [f6b80f64-c556-46c5-aceb-f6fa21a9cee0@group-D9F36A19AC90-SegmentedRaftLogWorker] WARN  segmented.SegmentedRaftLogWorker (SegmentedRaftLogWorker.java:getFromFuture(90)) - Timeout 9/~
org.apache.ratis.protocol.TimeoutIOException: Timeout 10s: WriteLog:18: (t:3, i:18), STATEMACHINELOGENTRY, client-188F4EEF7D07, cid=25-writeStateMachineData
	at org.apache.ratis.util.IOUtils.getFromFuture(IOUtils.java:87)
	at org.apache.ratis.server.raftlog.segmented.SegmentedRaftLogWorker$StateMachineDataPolicy.getFromFuture(SegmentedRaftLogWorker.java:87)
	at org.apache.ratis.server.raftlog.segmented.SegmentedRaftLogWorker$WriteLog.execute(SegmentedRaftLogWorker.java:477)
	at org.apache.ratis.server.raftlog.segmented.SegmentedRaftLogWorker.run(SegmentedRaftLogWorker.java:289)
	at java.lang.Thread.run(Thread.java:748)
Caused by: java.util.concurrent.TimeoutException
	at java.util.concurrent.CompletableFuture.timedGet(CompletableFuture.java:1771)
	at java.util.concurrent.CompletableFuture.get(CompletableFuture.java:1915)
	at org.apache.ratis.util.IOUtils.getFromFuture(IOUtils.java:79)
	... 4 more
2019-09-11 10:48:50,186 [java.util.concurrent.ThreadPoolExecutor$Worker@19f1ff50[State = -1, empty queue]] WARN  server.GrpcLogAppender (GrpcLogAppender.java:timeoutAppendRequest(200)) - f6b80f64-c556-46c5-aceb-f6fa21a9cee0@group-D9F36A19AC90->d3702e78-1ca1-4dfa-b662-c69ae136cdc5-GrpcLogAppender: appendEntries Timeout, request=f6b80f64-c556-46c5-aceb-f6fa21a9cee0->d3702e78-1ca1-4dfa-b662-c69ae136cdc5#62-t3, previous=(t:3, i:22), leaderCommit=16, initializing? false, entries: <empty>
2019-09-11 10:48:50,186 [java.util.concurrent.ThreadPoolExecutor$Worker@6d0702d2[State = -1, empty queue]] WARN  server.GrpcLogAppender (GrpcLogAppender.java:timeoutAppendRequest(200)) - f6b80f64-c556-46c5-aceb-f6fa21a9cee0@group-D9F36A19AC90->c1836fb8-e3d9-406d-898c-264811801e32-GrpcLogAppender: appendEntries Timeout, request=f6b80f64-c556-46c5-aceb-f6fa21a9cee0->c1836fb8-e3d9-406d-898c-264811801e32#62-t3, previous=(t:3, i:22), leaderCommit=16, initializing? false, entries: <empty>
2019-09-11 10:48:50,600 [grpc-default-executor-3] INFO  client.GrpcClientProtocolClient (GrpcClientProtocolClient.java:onNext(264)) - client-188F4EEF7D07->d3702e78-1ca1-4dfa-b662-c69ae136cdc5: receive RaftClientReply:client-188F4EEF7D07->d3702e78-1ca1-4dfa-b662-c69ae136cdc5@group-D9F36A19AC90, cid=24, FAILED org.apache.ratis.protocol.NotLeaderException: Server d3702e78-1ca1-4dfa-b662-c69ae136cdc5@group-D9F36A19AC90 is not the leader f6b80f64-c556-46c5-aceb-f6fa21a9cee0:192.168.69.96:37990, logIndex=0, commits[d3702e78-1ca1-4dfa-b662-c69ae136cdc5:c16, c1836fb8-e3d9-406d-898c-264811801e32:c14, f6b80f64-c556-46c5-aceb-f6fa21a9cee0:c16]
2019-09-11 10:48:52,686 [java.util.concurrent.ThreadPoolExecutor$Worker@19f1ff50[State = -1, empty queue]] WARN  server.GrpcLogAppender (GrpcLogAppender.java:timeoutAppendRequest(200)) - f6b80f64-c556-46c5-aceb-f6fa21a9cee0@group-D9F36A19AC90->d3702e78-1ca1-4dfa-b662-c69ae136cdc5-GrpcLogAppender: appendEntries Timeout, request=f6b80f64-c556-46c5-aceb-f6fa21a9cee0->d3702e78-1ca1-4dfa-b662-c69ae136cdc5#63-t3, previous=(t:3, i:22), leaderCommit=16, initializing? false, entries: <empty>
2019-09-11 10:48:52,687 [java.util.concurrent.ThreadPoolExecutor$Worker@6d0702d2[State = -1, empty queue]] WARN  server.GrpcLogAppender (GrpcLogAppender.java:timeoutAppendRequest(200)) - f6b80f64-c556-46c5-aceb-f6fa21a9cee0@group-D9F36A19AC90->c1836fb8-e3d9-406d-898c-264811801e32-GrpcLogAppender: appendEntries Timeout, request=f6b80f64-c556-46c5-aceb-f6fa21a9cee0->c1836fb8-e3d9-406d-898c-264811801e32#63-t3, previous=(t:3, i:22), leaderCommit=16, initializing? false, entries: <empty>
2019-09-11 10:48:55,187 [java.util.concurrent.ThreadPoolExecutor$Worker@6d0702d2[State = -1, empty queue]] WARN  server.GrpcLogAppender (GrpcLogAppender.java:timeoutAppendRequest(200)) - f6b80f64-c556-46c5-aceb-f6fa21a9cee0@group-D9F36A19AC90->c1836fb8-e3d9-406d-898c-264811801e32-GrpcLogAppender: appendEntries Timeout, request=f6b80f64-c556-46c5-aceb-f6fa21a9cee0->c1836fb8-e3d9-406d-898c-264811801e32#64-t3, previous=(t:3, i:22), leaderCommit=16, initializing? false, entries: <empty>
2019-09-11 10:48:55,187 [java.util.concurrent.ThreadPoolExecutor$Worker@19f1ff50[State = -1, empty queue]] WARN  server.GrpcLogAppender (GrpcLogAppender.java:timeoutAppendRequest(200)) - f6b80f64-c556-46c5-aceb-f6fa21a9cee0@group-D9F36A19AC90->d3702e78-1ca1-4dfa-b662-c69ae136cdc5-GrpcLogAppender: appendEntries Timeout, request=f6b80f64-c556-46c5-aceb-f6fa21a9cee0->d3702e78-1ca1-4dfa-b662-c69ae136cdc5#64-t3, previous=(t:3, i:22), leaderCommit=16, initializing? false, entries: <empty>
2019-09-11 10:48:55,648 [grpc-default-executor-2] INFO  client.GrpcClientProtocolClient (GrpcClientProtocolClient.java:onNext(264)) - client-188F4EEF7D07->d3702e78-1ca1-4dfa-b662-c69ae136cdc5: receive RaftClientReply:client-188F4EEF7D07->d3702e78-1ca1-4dfa-b662-c69ae136cdc5@group-D9F36A19AC90, cid=24, FAILED org.apache.ratis.protocol.NotLeaderException: Server d3702e78-1ca1-4dfa-b662-c69ae136cdc5@group-D9F36A19AC90 is not the leader f6b80f64-c556-46c5-aceb-f6fa21a9cee0:192.168.69.96:37990, logIndex=0, commits[d3702e78-1ca1-4dfa-b662-c69ae136cdc5:c16, c1836fb8-e3d9-406d-898c-264811801e32:c14, f6b80f64-c556-46c5-aceb-f6fa21a9cee0:c16]
2019-09-11 10:48:57,687 [java.util.concurrent.ThreadPoolExecutor$Worker@19f1ff50[State = -1, empty queue]] WARN  server.GrpcLogAppender (GrpcLogAppender.java:timeoutAppendRequest(200)) - f6b80f64-c556-46c5-aceb-f6fa21a9cee0@group-D9F36A19AC90->d3702e78-1ca1-4dfa-b662-c69ae136cdc5-GrpcLogAppender: appendEntries Timeout, request=f6b80f64-c556-46c5-aceb-f6fa21a9cee0->d3702e78-1ca1-4dfa-b662-c69ae136cdc5#65-t3, previous=(t:3, i:22), leaderCommit=16, initializing? false, entries: <empty>
2019-09-11 10:48:57,687 [java.util.concurrent.ThreadPoolExecutor$Worker@6d0702d2[State = -1, empty queue]] WARN  server.GrpcLogAppender (GrpcLogAppender.java:timeoutAppendRequest(200)) - f6b80f64-c556-46c5-aceb-f6fa21a9cee0@group-D9F36A19AC90->c1836fb8-e3d9-406d-898c-264811801e32-GrpcLogAppender: appendEntries Timeout, request=f6b80f64-c556-46c5-aceb-f6fa21a9cee0->c1836fb8-e3d9-406d-898c-264811801e32#65-t3, previous=(t:3, i:22), leaderCommit=16, initializing? false, entries: <empty>
2019-09-11 10:48:59,806 [c1836fb8-e3d9-406d-898c-264811801e32@group-D9F36A19AC90-SegmentedRaftLogWorker] WARN  segmented.SegmentedRaftLogWorker (SegmentedRaftLogWorker.java:getFromFuture(90)) - Timeout 10/~
org.apache.ratis.protocol.TimeoutIOException: Timeout 10s: WriteLog:18: (t:3, i:18), STATEMACHINELOGENTRY, client-188F4EEF7D07, cid=25-writeStateMachineData
	at org.apache.ratis.util.IOUtils.getFromFuture(IOUtils.java:87)
	at org.apache.ratis.server.raftlog.segmented.SegmentedRaftLogWorker$StateMachineDataPolicy.getFromFuture(SegmentedRaftLogWorker.java:87)
	at org.apache.ratis.server.raftlog.segmented.SegmentedRaftLogWorker$WriteLog.execute(SegmentedRaftLogWorker.java:477)
	at org.apache.ratis.server.raftlog.segmented.SegmentedRaftLogWorker.run(SegmentedRaftLogWorker.java:289)
	at java.lang.Thread.run(Thread.java:748)
Caused by: java.util.concurrent.TimeoutException
	at java.util.concurrent.CompletableFuture.timedGet(CompletableFuture.java:1771)
	at java.util.concurrent.CompletableFuture.get(CompletableFuture.java:1915)
	at org.apache.ratis.util.IOUtils.getFromFuture(IOUtils.java:79)
	... 4 more
2019-09-11 10:48:59,824 [d3702e78-1ca1-4dfa-b662-c69ae136cdc5@group-D9F36A19AC90-SegmentedRaftLogWorker] WARN  segmented.SegmentedRaftLogWorker (SegmentedRaftLogWorker.java:getFromFuture(90)) - Timeout 10/~
org.apache.ratis.protocol.TimeoutIOException: Timeout 10s: WriteLog:18: (t:3, i:18), STATEMACHINELOGENTRY, client-188F4EEF7D07, cid=25-writeStateMachineData
	at org.apache.ratis.util.IOUtils.getFromFuture(IOUtils.java:87)
	at org.apache.ratis.server.raftlog.segmented.SegmentedRaftLogWorker$StateMachineDataPolicy.getFromFuture(SegmentedRaftLogWorker.java:87)
	at org.apache.ratis.server.raftlog.segmented.SegmentedRaftLogWorker$WriteLog.execute(SegmentedRaftLogWorker.java:477)
	at org.apache.ratis.server.raftlog.segmented.SegmentedRaftLogWorker.run(SegmentedRaftLogWorker.java:289)
	at java.lang.Thread.run(Thread.java:748)
Caused by: java.util.concurrent.TimeoutException
	at java.util.concurrent.CompletableFuture.timedGet(CompletableFuture.java:1771)
	at java.util.concurrent.CompletableFuture.get(CompletableFuture.java:1915)
	at org.apache.ratis.util.IOUtils.getFromFuture(IOUtils.java:79)
	... 4 more
2019-09-11 10:48:59,825 [f6b80f64-c556-46c5-aceb-f6fa21a9cee0@group-D9F36A19AC90-SegmentedRaftLogWorker] WARN  segmented.SegmentedRaftLogWorker (SegmentedRaftLogWorker.java:getFromFuture(90)) - Timeout 10/~
org.apache.ratis.protocol.TimeoutIOException: Timeout 10s: WriteLog:18: (t:3, i:18), STATEMACHINELOGENTRY, client-188F4EEF7D07, cid=25-writeStateMachineData
	at org.apache.ratis.util.IOUtils.getFromFuture(IOUtils.java:87)
	at org.apache.ratis.server.raftlog.segmented.SegmentedRaftLogWorker$StateMachineDataPolicy.getFromFuture(SegmentedRaftLogWorker.java:87)
	at org.apache.ratis.server.raftlog.segmented.SegmentedRaftLogWorker$WriteLog.execute(SegmentedRaftLogWorker.java:477)
	at org.apache.ratis.server.raftlog.segmented.SegmentedRaftLogWorker.run(SegmentedRaftLogWorker.java:289)
	at java.lang.Thread.run(Thread.java:748)
Caused by: java.util.concurrent.TimeoutException
	at java.util.concurrent.CompletableFuture.timedGet(CompletableFuture.java:1771)
	at java.util.concurrent.CompletableFuture.get(CompletableFuture.java:1915)
	at org.apache.ratis.util.IOUtils.getFromFuture(IOUtils.java:79)
	... 4 more
2019-09-11 10:49:00,188 [java.util.concurrent.ThreadPoolExecutor$Worker@6d0702d2[State = -1, empty queue]] WARN  server.GrpcLogAppender (GrpcLogAppender.java:timeoutAppendRequest(200)) - f6b80f64-c556-46c5-aceb-f6fa21a9cee0@group-D9F36A19AC90->c1836fb8-e3d9-406d-898c-264811801e32-GrpcLogAppender: appendEntries Timeout, request=f6b80f64-c556-46c5-aceb-f6fa21a9cee0->c1836fb8-e3d9-406d-898c-264811801e32#66-t3, previous=(t:3, i:22), leaderCommit=16, initializing? false, entries: <empty>
2019-09-11 10:49:00,188 [java.util.concurrent.ThreadPoolExecutor$Worker@19f1ff50[State = -1, empty queue]] WARN  server.GrpcLogAppender (GrpcLogAppender.java:timeoutAppendRequest(200)) - f6b80f64-c556-46c5-aceb-f6fa21a9cee0@group-D9F36A19AC90->d3702e78-1ca1-4dfa-b662-c69ae136cdc5-GrpcLogAppender: appendEntries Timeout, request=f6b80f64-c556-46c5-aceb-f6fa21a9cee0->d3702e78-1ca1-4dfa-b662-c69ae136cdc5#66-t3, previous=(t:3, i:22), leaderCommit=16, initializing? false, entries: <empty>
2019-09-11 10:49:00,684 [grpc-default-executor-2] INFO  client.GrpcClientProtocolClient (GrpcClientProtocolClient.java:onNext(264)) - client-188F4EEF7D07->d3702e78-1ca1-4dfa-b662-c69ae136cdc5: receive RaftClientReply:client-188F4EEF7D07->d3702e78-1ca1-4dfa-b662-c69ae136cdc5@group-D9F36A19AC90, cid=24, FAILED org.apache.ratis.protocol.NotLeaderException: Server d3702e78-1ca1-4dfa-b662-c69ae136cdc5@group-D9F36A19AC90 is not the leader f6b80f64-c556-46c5-aceb-f6fa21a9cee0:192.168.69.96:37990, logIndex=0, commits[d3702e78-1ca1-4dfa-b662-c69ae136cdc5:c16, c1836fb8-e3d9-406d-898c-264811801e32:c14, f6b80f64-c556-46c5-aceb-f6fa21a9cee0:c16]
2019-09-11 10:49:02,689 [java.util.concurrent.ThreadPoolExecutor$Worker@6d0702d2[State = -1, empty queue]] WARN  server.GrpcLogAppender (GrpcLogAppender.java:timeoutAppendRequest(200)) - f6b80f64-c556-46c5-aceb-f6fa21a9cee0@group-D9F36A19AC90->c1836fb8-e3d9-406d-898c-264811801e32-GrpcLogAppender: appendEntries Timeout, request=f6b80f64-c556-46c5-aceb-f6fa21a9cee0->c1836fb8-e3d9-406d-898c-264811801e32#67-t3, previous=(t:3, i:22), leaderCommit=16, initializing? false, entries: <empty>
2019-09-11 10:49:02,689 [java.util.concurrent.ThreadPoolExecutor$Worker@19f1ff50[State = -1, empty queue]] WARN  server.GrpcLogAppender (GrpcLogAppender.java:timeoutAppendRequest(200)) - f6b80f64-c556-46c5-aceb-f6fa21a9cee0@group-D9F36A19AC90->d3702e78-1ca1-4dfa-b662-c69ae136cdc5-GrpcLogAppender: appendEntries Timeout, request=f6b80f64-c556-46c5-aceb-f6fa21a9cee0->d3702e78-1ca1-4dfa-b662-c69ae136cdc5#67-t3, previous=(t:3, i:22), leaderCommit=16, initializing? false, entries: <empty>
2019-09-11 10:49:05,189 [java.util.concurrent.ThreadPoolExecutor$Worker@19f1ff50[State = -1, empty queue]] WARN  server.GrpcLogAppender (GrpcLogAppender.java:timeoutAppendRequest(200)) - f6b80f64-c556-46c5-aceb-f6fa21a9cee0@group-D9F36A19AC90->d3702e78-1ca1-4dfa-b662-c69ae136cdc5-GrpcLogAppender: appendEntries Timeout, request=f6b80f64-c556-46c5-aceb-f6fa21a9cee0->d3702e78-1ca1-4dfa-b662-c69ae136cdc5#68-t3, previous=(t:3, i:22), leaderCommit=16, initializing? false, entries: <empty>
2019-09-11 10:49:05,189 [java.util.concurrent.ThreadPoolExecutor$Worker@6d0702d2[State = -1, empty queue]] WARN  server.GrpcLogAppender (GrpcLogAppender.java:timeoutAppendRequest(200)) - f6b80f64-c556-46c5-aceb-f6fa21a9cee0@group-D9F36A19AC90->c1836fb8-e3d9-406d-898c-264811801e32-GrpcLogAppender: appendEntries Timeout, request=f6b80f64-c556-46c5-aceb-f6fa21a9cee0->c1836fb8-e3d9-406d-898c-264811801e32#68-t3, previous=(t:3, i:22), leaderCommit=16, initializing? false, entries: <empty>
2019-09-11 10:49:05,722 [grpc-default-executor-2] INFO  client.GrpcClientProtocolClient (GrpcClientProtocolClient.java:onNext(264)) - client-188F4EEF7D07->d3702e78-1ca1-4dfa-b662-c69ae136cdc5: receive RaftClientReply:client-188F4EEF7D07->d3702e78-1ca1-4dfa-b662-c69ae136cdc5@group-D9F36A19AC90, cid=24, FAILED org.apache.ratis.protocol.NotLeaderException: Server d3702e78-1ca1-4dfa-b662-c69ae136cdc5@group-D9F36A19AC90 is not the leader f6b80f64-c556-46c5-aceb-f6fa21a9cee0:192.168.69.96:37990, logIndex=0, commits[d3702e78-1ca1-4dfa-b662-c69ae136cdc5:c16, c1836fb8-e3d9-406d-898c-264811801e32:c14, f6b80f64-c556-46c5-aceb-f6fa21a9cee0:c16]
2019-09-11 10:49:07,690 [java.util.concurrent.ThreadPoolExecutor$Worker@19f1ff50[State = -1, empty queue]] WARN  server.GrpcLogAppender (GrpcLogAppender.java:timeoutAppendRequest(200)) - f6b80f64-c556-46c5-aceb-f6fa21a9cee0@group-D9F36A19AC90->d3702e78-1ca1-4dfa-b662-c69ae136cdc5-GrpcLogAppender: appendEntries Timeout, request=f6b80f64-c556-46c5-aceb-f6fa21a9cee0->d3702e78-1ca1-4dfa-b662-c69ae136cdc5#69-t3, previous=(t:3, i:22), leaderCommit=16, initializing? false, entries: <empty>
2019-09-11 10:49:07,690 [java.util.concurrent.ThreadPoolExecutor$Worker@6d0702d2[State = -1, empty queue]] WARN  server.GrpcLogAppender (GrpcLogAppender.java:timeoutAppendRequest(200)) - f6b80f64-c556-46c5-aceb-f6fa21a9cee0@group-D9F36A19AC90->c1836fb8-e3d9-406d-898c-264811801e32-GrpcLogAppender: appendEntries Timeout, request=f6b80f64-c556-46c5-aceb-f6fa21a9cee0->c1836fb8-e3d9-406d-898c-264811801e32#69-t3, previous=(t:3, i:22), leaderCommit=16, initializing? false, entries: <empty>
2019-09-11 10:49:09,750 [org.apache.ratis.server.impl.LogAppender$AppenderDaemon$$Lambda$484/326972403@76ac9e34] ERROR ratis.XceiverServerRatis (XceiverServerRatis.java:triggerPipelineClose(568)) - pipeline Action CLOSE  on pipeline PipelineID=ab228776-ec0e-4011-86ce-d9f36a19ac90.Reason : f6b80f64-c556-46c5-aceb-f6fa21a9cee0 has not seen follower/s d3702e78-1ca1-4dfa-b662-c69ae136cdc5 for 120409ms c1836fb8-e3d9-406d-898c-264811801e32 for 120414ms
2019-09-11 10:49:09,750 [org.apache.ratis.server.impl.LogAppender$AppenderDaemon$$Lambda$484/326972403@24bdd9b5] ERROR ratis.XceiverServerRatis (XceiverServerRatis.java:triggerPipelineClose(568)) - pipeline Action CLOSE  on pipeline PipelineID=ab228776-ec0e-4011-86ce-d9f36a19ac90.Reason : f6b80f64-c556-46c5-aceb-f6fa21a9cee0 has not seen follower/s d3702e78-1ca1-4dfa-b662-c69ae136cdc5 for 120409ms c1836fb8-e3d9-406d-898c-264811801e32 for 120414ms
2019-09-11 10:49:09,807 [c1836fb8-e3d9-406d-898c-264811801e32@group-D9F36A19AC90-SegmentedRaftLogWorker] WARN  segmented.SegmentedRaftLogWorker (SegmentedRaftLogWorker.java:getFromFuture(90)) - Timeout 11/~
org.apache.ratis.protocol.TimeoutIOException: Timeout 10s: WriteLog:18: (t:3, i:18), STATEMACHINELOGENTRY, client-188F4EEF7D07, cid=25-writeStateMachineData
	at org.apache.ratis.util.IOUtils.getFromFuture(IOUtils.java:87)
	at org.apache.ratis.server.raftlog.segmented.SegmentedRaftLogWorker$StateMachineDataPolicy.getFromFuture(SegmentedRaftLogWorker.java:87)
	at org.apache.ratis.server.raftlog.segmented.SegmentedRaftLogWorker$WriteLog.execute(SegmentedRaftLogWorker.java:477)
	at org.apache.ratis.server.raftlog.segmented.SegmentedRaftLogWorker.run(SegmentedRaftLogWorker.java:289)
	at java.lang.Thread.run(Thread.java:748)
Caused by: java.util.concurrent.TimeoutException
	at java.util.concurrent.CompletableFuture.timedGet(CompletableFuture.java:1771)
	at java.util.concurrent.CompletableFuture.get(CompletableFuture.java:1915)
	at org.apache.ratis.util.IOUtils.getFromFuture(IOUtils.java:79)
	... 4 more
2019-09-11 10:49:09,825 [d3702e78-1ca1-4dfa-b662-c69ae136cdc5@group-D9F36A19AC90-SegmentedRaftLogWorker] WARN  segmented.SegmentedRaftLogWorker (SegmentedRaftLogWorker.java:getFromFuture(90)) - Timeout 11/~
org.apache.ratis.protocol.TimeoutIOException: Timeout 10s: WriteLog:18: (t:3, i:18), STATEMACHINELOGENTRY, client-188F4EEF7D07, cid=25-writeStateMachineData
	at org.apache.ratis.util.IOUtils.getFromFuture(IOUtils.java:87)
	at org.apache.ratis.server.raftlog.segmented.SegmentedRaftLogWorker$StateMachineDataPolicy.getFromFuture(SegmentedRaftLogWorker.java:87)
	at org.apache.ratis.server.raftlog.segmented.SegmentedRaftLogWorker$WriteLog.execute(SegmentedRaftLogWorker.java:477)
	at org.apache.ratis.server.raftlog.segmented.SegmentedRaftLogWorker.run(SegmentedRaftLogWorker.java:289)
	at java.lang.Thread.run(Thread.java:748)
Caused by: java.util.concurrent.TimeoutException
	at java.util.concurrent.CompletableFuture.timedGet(CompletableFuture.java:1771)
	at java.util.concurrent.CompletableFuture.get(CompletableFuture.java:1915)
	at org.apache.ratis.util.IOUtils.getFromFuture(IOUtils.java:79)
	... 4 more
2019-09-11 10:49:09,826 [f6b80f64-c556-46c5-aceb-f6fa21a9cee0@group-D9F36A19AC90-SegmentedRaftLogWorker] WARN  segmented.SegmentedRaftLogWorker (SegmentedRaftLogWorker.java:getFromFuture(90)) - Timeout 11/~
org.apache.ratis.protocol.TimeoutIOException: Timeout 10s: WriteLog:18: (t:3, i:18), STATEMACHINELOGENTRY, client-188F4EEF7D07, cid=25-writeStateMachineData
	at org.apache.ratis.util.IOUtils.getFromFuture(IOUtils.java:87)
	at org.apache.ratis.server.raftlog.segmented.SegmentedRaftLogWorker$StateMachineDataPolicy.getFromFuture(SegmentedRaftLogWorker.java:87)
	at org.apache.ratis.server.raftlog.segmented.SegmentedRaftLogWorker$WriteLog.execute(SegmentedRaftLogWorker.java:477)
	at org.apache.ratis.server.raftlog.segmented.SegmentedRaftLogWorker.run(SegmentedRaftLogWorker.java:289)
	at java.lang.Thread.run(Thread.java:748)
Caused by: java.util.concurrent.TimeoutException
	at java.util.concurrent.CompletableFuture.timedGet(CompletableFuture.java:1771)
	at java.util.concurrent.CompletableFuture.get(CompletableFuture.java:1915)
	at org.apache.ratis.util.IOUtils.getFromFuture(IOUtils.java:79)
	... 4 more
2019-09-11 10:49:09,832 [EventQueue-PipelineActionsForPipelineActionHandler] ERROR pipeline.PipelineActionHandler (PipelineActionHandler.java:onMessage(60)) - Received pipeline action CLOSE for Pipeline[ Id: ab228776-ec0e-4011-86ce-d9f36a19ac90, Nodes: f6b80f64-c556-46c5-aceb-f6fa21a9cee0{ip: 192.168.69.96, host: pr-hdds-1982-decom-states-q64lx-3787986432, networkLocation: /default-rack, certSerialId: null}d3702e78-1ca1-4dfa-b662-c69ae136cdc5{ip: 192.168.69.96, host: pr-hdds-1982-decom-states-q64lx-3787986432, networkLocation: /default-rack, certSerialId: null}c1836fb8-e3d9-406d-898c-264811801e32{ip: 192.168.69.96, host: pr-hdds-1982-decom-states-q64lx-3787986432, networkLocation: /default-rack, certSerialId: null}, Type:RATIS, Factor:THREE, State:OPEN] from datanode f6b80f64-c556-46c5-aceb-f6fa21a9cee0{ip: 192.168.69.96, host: pr-hdds-1982-decom-states-q64lx-3787986432, networkLocation: /default-rack, certSerialId: null}. Reason : f6b80f64-c556-46c5-aceb-f6fa21a9cee0 has not seen follower/s d3702e78-1ca1-4dfa-b662-c69ae136cdc5 for 120409ms c1836fb8-e3d9-406d-898c-264811801e32 for 120414ms
2019-09-11 10:49:09,832 [EventQueue-PipelineActionsForPipelineActionHandler] INFO  pipeline.SCMPipelineManager (SCMPipelineManager.java:finalizeAndDestroyPipeline(311)) - destroying pipeline:Pipeline[ Id: ab228776-ec0e-4011-86ce-d9f36a19ac90, Nodes: f6b80f64-c556-46c5-aceb-f6fa21a9cee0{ip: 192.168.69.96, host: pr-hdds-1982-decom-states-q64lx-3787986432, networkLocation: /default-rack, certSerialId: null}d3702e78-1ca1-4dfa-b662-c69ae136cdc5{ip: 192.168.69.96, host: pr-hdds-1982-decom-states-q64lx-3787986432, networkLocation: /default-rack, certSerialId: null}c1836fb8-e3d9-406d-898c-264811801e32{ip: 192.168.69.96, host: pr-hdds-1982-decom-states-q64lx-3787986432, networkLocation: /default-rack, certSerialId: null}, Type:RATIS, Factor:THREE, State:OPEN]
2019-09-11 10:49:09,833 [EventQueue-PipelineActionsForPipelineActionHandler] INFO  pipeline.PipelineStateManager (PipelineStateManager.java:finalizePipeline(123)) - Pipeline Pipeline[ Id: ab228776-ec0e-4011-86ce-d9f36a19ac90, Nodes: f6b80f64-c556-46c5-aceb-f6fa21a9cee0{ip: 192.168.69.96, host: pr-hdds-1982-decom-states-q64lx-3787986432, networkLocation: /default-rack, certSerialId: null}d3702e78-1ca1-4dfa-b662-c69ae136cdc5{ip: 192.168.69.96, host: pr-hdds-1982-decom-states-q64lx-3787986432, networkLocation: /default-rack, certSerialId: null}c1836fb8-e3d9-406d-898c-264811801e32{ip: 192.168.69.96, host: pr-hdds-1982-decom-states-q64lx-3787986432, networkLocation: /default-rack, certSerialId: null}, Type:RATIS, Factor:THREE, State:CLOSED] moved to CLOSED state
2019-09-11 10:49:09,837 [EventQueue-CloseContainerForCloseContainerEventHandler] INFO  container.CloseContainerEventHandler (CloseContainerEventHandler.java:onMessage(61)) - Close container Event triggered for container : #2
2019-09-11 10:49:09,844 [EventQueue-CloseContainerForCloseContainerEventHandler] INFO  container.CloseContainerEventHandler (CloseContainerEventHandler.java:onMessage(61)) - Close container Event triggered for container : #3
2019-09-11 10:49:09,844 [EventQueue-CloseContainerForCloseContainerEventHandler] INFO  container.CloseContainerEventHandler (CloseContainerEventHandler.java:onMessage(61)) - Close container Event triggered for container : #4
2019-09-11 10:49:10,190 [java.util.concurrent.ThreadPoolExecutor$Worker@19f1ff50[State = -1, empty queue]] WARN  server.GrpcLogAppender (GrpcLogAppender.java:timeoutAppendRequest(200)) - f6b80f64-c556-46c5-aceb-f6fa21a9cee0@group-D9F36A19AC90->d3702e78-1ca1-4dfa-b662-c69ae136cdc5-GrpcLogAppender: appendEntries Timeout, request=f6b80f64-c556-46c5-aceb-f6fa21a9cee0->d3702e78-1ca1-4dfa-b662-c69ae136cdc5#70-t3, previous=(t:3, i:22), leaderCommit=16, initializing? false, entries: <empty>
2019-09-11 10:49:10,190 [java.util.concurrent.ThreadPoolExecutor$Worker@6d0702d2[State = -1, empty queue]] WARN  server.GrpcLogAppender (GrpcLogAppender.java:timeoutAppendRequest(200)) - f6b80f64-c556-46c5-aceb-f6fa21a9cee0@group-D9F36A19AC90->c1836fb8-e3d9-406d-898c-264811801e32-GrpcLogAppender: appendEntries Timeout, request=f6b80f64-c556-46c5-aceb-f6fa21a9cee0->c1836fb8-e3d9-406d-898c-264811801e32#70-t3, previous=(t:3, i:22), leaderCommit=16, initializing? false, entries: <empty>
2019-09-11 10:49:10,771 [grpc-default-executor-2] INFO  client.GrpcClientProtocolClient (GrpcClientProtocolClient.java:onNext(264)) - client-188F4EEF7D07->d3702e78-1ca1-4dfa-b662-c69ae136cdc5: receive RaftClientReply:client-188F4EEF7D07->d3702e78-1ca1-4dfa-b662-c69ae136cdc5@group-D9F36A19AC90, cid=24, FAILED org.apache.ratis.protocol.NotLeaderException: Server d3702e78-1ca1-4dfa-b662-c69ae136cdc5@group-D9F36A19AC90 is not the leader f6b80f64-c556-46c5-aceb-f6fa21a9cee0:192.168.69.96:37990, logIndex=0, commits[d3702e78-1ca1-4dfa-b662-c69ae136cdc5:c16, c1836fb8-e3d9-406d-898c-264811801e32:c14, f6b80f64-c556-46c5-aceb-f6fa21a9cee0:c16]
2019-09-11 10:49:12,193 [org.apache.ratis.server.impl.LogAppender$AppenderDaemon$$Lambda$484/326972403@76ac9e34] ERROR ratis.XceiverServerRatis (XceiverServerRatis.java:triggerPipelineClose(568)) - pipeline Action CLOSE  on pipeline PipelineID=ab228776-ec0e-4011-86ce-d9f36a19ac90.Reason : f6b80f64-c556-46c5-aceb-f6fa21a9cee0 has not seen follower/s d3702e78-1ca1-4dfa-b662-c69ae136cdc5 for 122886ms c1836fb8-e3d9-406d-898c-264811801e32 for 122887ms
2019-09-11 10:49:12,193 [org.apache.ratis.server.impl.LogAppender$AppenderDaemon$$Lambda$484/326972403@24bdd9b5] ERROR ratis.XceiverServerRatis (XceiverServerRatis.java:triggerPipelineClose(568)) - pipeline Action CLOSE  on pipeline PipelineID=ab228776-ec0e-4011-86ce-d9f36a19ac90.Reason : f6b80f64-c556-46c5-aceb-f6fa21a9cee0 has not seen follower/s d3702e78-1ca1-4dfa-b662-c69ae136cdc5 for 122886ms c1836fb8-e3d9-406d-898c-264811801e32 for 122887ms
2019-09-11 10:49:12,692 [java.util.concurrent.ThreadPoolExecutor$Worker@6d0702d2[State = -1, empty queue]] WARN  server.GrpcLogAppender (GrpcLogAppender.java:timeoutAppendRequest(200)) - f6b80f64-c556-46c5-aceb-f6fa21a9cee0@group-D9F36A19AC90->c1836fb8-e3d9-406d-898c-264811801e32-GrpcLogAppender: appendEntries Timeout, request=f6b80f64-c556-46c5-aceb-f6fa21a9cee0->c1836fb8-e3d9-406d-898c-264811801e32#71-t3, previous=(t:3, i:22), leaderCommit=16, initializing? false, entries: <empty>
2019-09-11 10:49:12,692 [java.util.concurrent.ThreadPoolExecutor$Worker@19f1ff50[State = -1, empty queue]] WARN  server.GrpcLogAppender (GrpcLogAppender.java:timeoutAppendRequest(200)) - f6b80f64-c556-46c5-aceb-f6fa21a9cee0@group-D9F36A19AC90->d3702e78-1ca1-4dfa-b662-c69ae136cdc5-GrpcLogAppender: appendEntries Timeout, request=f6b80f64-c556-46c5-aceb-f6fa21a9cee0->d3702e78-1ca1-4dfa-b662-c69ae136cdc5#71-t3, previous=(t:3, i:22), leaderCommit=16, initializing? false, entries: <empty>
2019-09-11 10:49:12,828 [EventQueue-PipelineActionsForPipelineActionHandler] ERROR pipeline.PipelineActionHandler (PipelineActionHandler.java:onMessage(60)) - Received pipeline action CLOSE for Pipeline[ Id: ab228776-ec0e-4011-86ce-d9f36a19ac90, Nodes: f6b80f64-c556-46c5-aceb-f6fa21a9cee0{ip: 192.168.69.96, host: pr-hdds-1982-decom-states-q64lx-3787986432, networkLocation: /default-rack, certSerialId: null}d3702e78-1ca1-4dfa-b662-c69ae136cdc5{ip: 192.168.69.96, host: pr-hdds-1982-decom-states-q64lx-3787986432, networkLocation: /default-rack, certSerialId: null}c1836fb8-e3d9-406d-898c-264811801e32{ip: 192.168.69.96, host: pr-hdds-1982-decom-states-q64lx-3787986432, networkLocation: /default-rack, certSerialId: null}, Type:RATIS, Factor:THREE, State:CLOSED] from datanode f6b80f64-c556-46c5-aceb-f6fa21a9cee0{ip: 192.168.69.96, host: pr-hdds-1982-decom-states-q64lx-3787986432, networkLocation: /default-rack, certSerialId: null}. Reason : f6b80f64-c556-46c5-aceb-f6fa21a9cee0 has not seen follower/s d3702e78-1ca1-4dfa-b662-c69ae136cdc5 for 122886ms c1836fb8-e3d9-406d-898c-264811801e32 for 122887ms
2019-09-11 10:49:12,828 [EventQueue-PipelineActionsForPipelineActionHandler] INFO  pipeline.SCMPipelineManager (SCMPipelineManager.java:finalizeAndDestroyPipeline(311)) - destroying pipeline:Pipeline[ Id: ab228776-ec0e-4011-86ce-d9f36a19ac90, Nodes: f6b80f64-c556-46c5-aceb-f6fa21a9cee0{ip: 192.168.69.96, host: pr-hdds-1982-decom-states-q64lx-3787986432, networkLocation: /default-rack, certSerialId: null}d3702e78-1ca1-4dfa-b662-c69ae136cdc5{ip: 192.168.69.96, host: pr-hdds-1982-decom-states-q64lx-3787986432, networkLocation: /default-rack, certSerialId: null}c1836fb8-e3d9-406d-898c-264811801e32{ip: 192.168.69.96, host: pr-hdds-1982-decom-states-q64lx-3787986432, networkLocation: /default-rack, certSerialId: null}, Type:RATIS, Factor:THREE, State:CLOSED]
2019-09-11 10:49:12,857 [org.apache.ratis.server.impl.LogAppender$AppenderDaemon$$Lambda$484/326972403@76ac9e34] ERROR ratis.XceiverServerRatis (XceiverServerRatis.java:triggerPipelineClose(568)) - pipeline Action CLOSE  on pipeline PipelineID=ab228776-ec0e-4011-86ce-d9f36a19ac90.Reason : f6b80f64-c556-46c5-aceb-f6fa21a9cee0 has not seen follower/s d3702e78-1ca1-4dfa-b662-c69ae136cdc5 for 123550ms c1836fb8-e3d9-406d-898c-264811801e32 for 123550ms
2019-09-11 10:49:12,857 [org.apache.ratis.server.impl.LogAppender$AppenderDaemon$$Lambda$484/326972403@24bdd9b5] ERROR ratis.XceiverServerRatis (XceiverServerRatis.java:triggerPipelineClose(568)) - pipeline Action CLOSE  on pipeline PipelineID=ab228776-ec0e-4011-86ce-d9f36a19ac90.Reason : f6b80f64-c556-46c5-aceb-f6fa21a9cee0 has not seen follower/s d3702e78-1ca1-4dfa-b662-c69ae136cdc5 for 123550ms c1836fb8-e3d9-406d-898c-264811801e32 for 123550ms
2019-09-11 10:49:13,855 [EventQueue-PipelineActionsForPipelineActionHandler] ERROR pipeline.PipelineActionHandler (PipelineActionHandler.java:onMessage(60)) - Received pipeline action CLOSE for Pipeline[ Id: ab228776-ec0e-4011-86ce-d9f36a19ac90, Nodes: f6b80f64-c556-46c5-aceb-f6fa21a9cee0{ip: 192.168.69.96, host: pr-hdds-1982-decom-states-q64lx-3787986432, networkLocation: /default-rack, certSerialId: null}d3702e78-1ca1-4dfa-b662-c69ae136cdc5{ip: 192.168.69.96, host: pr-hdds-1982-decom-states-q64lx-3787986432, networkLocation: /default-rack, certSerialId: null}c1836fb8-e3d9-406d-898c-264811801e32{ip: 192.168.69.96, host: pr-hdds-1982-decom-states-q64lx-3787986432, networkLocation: /default-rack, certSerialId: null}, Type:RATIS, Factor:THREE, State:CLOSED] from datanode f6b80f64-c556-46c5-aceb-f6fa21a9cee0{ip: 192.168.69.96, host: pr-hdds-1982-decom-states-q64lx-3787986432, networkLocation: /default-rack, certSerialId: null}. Reason : f6b80f64-c556-46c5-aceb-f6fa21a9cee0 has not seen follower/s d3702e78-1ca1-4dfa-b662-c69ae136cdc5 for 123550ms c1836fb8-e3d9-406d-898c-264811801e32 for 123550ms
2019-09-11 10:49:13,856 [EventQueue-PipelineActionsForPipelineActionHandler] INFO  pipeline.SCMPipelineManager (SCMPipelineManager.java:finalizeAndDestroyPipeline(311)) - destroying pipeline:Pipeline[ Id: ab228776-ec0e-4011-86ce-d9f36a19ac90, Nodes: f6b80f64-c556-46c5-aceb-f6fa21a9cee0{ip: 192.168.69.96, host: pr-hdds-1982-decom-states-q64lx-3787986432, networkLocation: /default-rack, certSerialId: null}d3702e78-1ca1-4dfa-b662-c69ae136cdc5{ip: 192.168.69.96, host: pr-hdds-1982-decom-states-q64lx-3787986432, networkLocation: /default-rack, certSerialId: null}c1836fb8-e3d9-406d-898c-264811801e32{ip: 192.168.69.96, host: pr-hdds-1982-decom-states-q64lx-3787986432, networkLocation: /default-rack, certSerialId: null}, Type:RATIS, Factor:THREE, State:CLOSED]
2019-09-11 10:49:15,194 [java.util.concurrent.ThreadPoolExecutor$Worker@6d0702d2[State = -1, empty queue]] WARN  server.GrpcLogAppender (GrpcLogAppender.java:timeoutAppendRequest(200)) - f6b80f64-c556-46c5-aceb-f6fa21a9cee0@group-D9F36A19AC90->c1836fb8-e3d9-406d-898c-264811801e32-GrpcLogAppender: appendEntries Timeout, request=f6b80f64-c556-46c5-aceb-f6fa21a9cee0->c1836fb8-e3d9-406d-898c-264811801e32#72-t3, previous=(t:3, i:22), leaderCommit=16, initializing? false, entries: <empty>
2019-09-11 10:49:15,194 [java.util.concurrent.ThreadPoolExecutor$Worker@19f1ff50[State = -1, empty queue]] WARN  server.GrpcLogAppender (GrpcLogAppender.java:timeoutAppendRequest(200)) - f6b80f64-c556-46c5-aceb-f6fa21a9cee0@group-D9F36A19AC90->d3702e78-1ca1-4dfa-b662-c69ae136cdc5-GrpcLogAppender: appendEntries Timeout, request=f6b80f64-c556-46c5-aceb-f6fa21a9cee0->d3702e78-1ca1-4dfa-b662-c69ae136cdc5#72-t3, previous=(t:3, i:22), leaderCommit=16, initializing? false, entries: <empty>
2019-09-11 10:49:15,358 [org.apache.ratis.server.impl.LogAppender$AppenderDaemon$$Lambda$484/326972403@76ac9e34] ERROR ratis.XceiverServerRatis (XceiverServerRatis.java:triggerPipelineClose(568)) - pipeline Action CLOSE  on pipeline PipelineID=ab228776-ec0e-4011-86ce-d9f36a19ac90.Reason : f6b80f64-c556-46c5-aceb-f6fa21a9cee0 has not seen follower/s d3702e78-1ca1-4dfa-b662-c69ae136cdc5 for 126051ms c1836fb8-e3d9-406d-898c-264811801e32 for 126051ms
2019-09-11 10:49:15,358 [org.apache.ratis.server.impl.LogAppender$AppenderDaemon$$Lambda$484/326972403@24bdd9b5] ERROR ratis.XceiverServerRatis (XceiverServerRatis.java:triggerPipelineClose(568)) - pipeline Action CLOSE  on pipeline PipelineID=ab228776-ec0e-4011-86ce-d9f36a19ac90.Reason : f6b80f64-c556-46c5-aceb-f6fa21a9cee0 has not seen follower/s d3702e78-1ca1-4dfa-b662-c69ae136cdc5 for 126051ms c1836fb8-e3d9-406d-898c-264811801e32 for 126051ms
2019-09-11 10:49:15,817 [grpc-default-executor-2] INFO  client.GrpcClientProtocolClient (GrpcClientProtocolClient.java:onNext(264)) - client-188F4EEF7D07->d3702e78-1ca1-4dfa-b662-c69ae136cdc5: receive RaftClientReply:client-188F4EEF7D07->d3702e78-1ca1-4dfa-b662-c69ae136cdc5@group-D9F36A19AC90, cid=24, FAILED org.apache.ratis.protocol.NotLeaderException: Server d3702e78-1ca1-4dfa-b662-c69ae136cdc5@group-D9F36A19AC90 is not the leader f6b80f64-c556-46c5-aceb-f6fa21a9cee0:192.168.69.96:37990, logIndex=0, commits[d3702e78-1ca1-4dfa-b662-c69ae136cdc5:c16, c1836fb8-e3d9-406d-898c-264811801e32:c14, f6b80f64-c556-46c5-aceb-f6fa21a9cee0:c16]
2019-09-11 10:49:15,856 [EventQueue-PipelineActionsForPipelineActionHandler] ERROR pipeline.PipelineActionHandler (PipelineActionHandler.java:onMessage(60)) - Received pipeline action CLOSE for Pipeline[ Id: ab228776-ec0e-4011-86ce-d9f36a19ac90, Nodes: f6b80f64-c556-46c5-aceb-f6fa21a9cee0{ip: 192.168.69.96, host: pr-hdds-1982-decom-states-q64lx-3787986432, networkLocation: /default-rack, certSerialId: null}d3702e78-1ca1-4dfa-b662-c69ae136cdc5{ip: 192.168.69.96, host: pr-hdds-1982-decom-states-q64lx-3787986432, networkLocation: /default-rack, certSerialId: null}c1836fb8-e3d9-406d-898c-264811801e32{ip: 192.168.69.96, host: pr-hdds-1982-decom-states-q64lx-3787986432, networkLocation: /default-rack, certSerialId: null}, Type:RATIS, Factor:THREE, State:CLOSED] from datanode f6b80f64-c556-46c5-aceb-f6fa21a9cee0{ip: 192.168.69.96, host: pr-hdds-1982-decom-states-q64lx-3787986432, networkLocation: /default-rack, certSerialId: null}. Reason : f6b80f64-c556-46c5-aceb-f6fa21a9cee0 has not seen follower/s d3702e78-1ca1-4dfa-b662-c69ae136cdc5 for 126051ms c1836fb8-e3d9-406d-898c-264811801e32 for 126051ms
2019-09-11 10:49:15,857 [EventQueue-PipelineActionsForPipelineActionHandler] INFO  pipeline.SCMPipelineManager (SCMPipelineManager.java:finalizeAndDestroyPipeline(311)) - destroying pipeline:Pipeline[ Id: ab228776-ec0e-4011-86ce-d9f36a19ac90, Nodes: f6b80f64-c556-46c5-aceb-f6fa21a9cee0{ip: 192.168.69.96, host: pr-hdds-1982-decom-states-q64lx-3787986432, networkLocation: /default-rack, certSerialId: null}d3702e78-1ca1-4dfa-b662-c69ae136cdc5{ip: 192.168.69.96, host: pr-hdds-1982-decom-states-q64lx-3787986432, networkLocation: /default-rack, certSerialId: null}c1836fb8-e3d9-406d-898c-264811801e32{ip: 192.168.69.96, host: pr-hdds-1982-decom-states-q64lx-3787986432, networkLocation: /default-rack, certSerialId: null}, Type:RATIS, Factor:THREE, State:CLOSED]
2019-09-11 10:49:15,857 [java.util.concurrent.ThreadPoolExecutor$Worker@6d0702d2[State = -1, empty queue]] WARN  server.GrpcLogAppender (GrpcLogAppender.java:timeoutAppendRequest(200)) - f6b80f64-c556-46c5-aceb-f6fa21a9cee0@group-D9F36A19AC90->c1836fb8-e3d9-406d-898c-264811801e32-GrpcLogAppender: appendEntries Timeout, request=f6b80f64-c556-46c5-aceb-f6fa21a9cee0->c1836fb8-e3d9-406d-898c-264811801e32#73-t3, previous=(t:3, i:22), leaderCommit=16, initializing? false, entries: size=1, first=(t:3, i:23), STATEMACHINELOGENTRY, client-14F4D6DC35BC, cid=4
2019-09-11 10:49:15,857 [java.util.concurrent.ThreadPoolExecutor$Worker@19f1ff50[State = -1, empty queue]] WARN  server.GrpcLogAppender (GrpcLogAppender.java:timeoutAppendRequest(200)) - f6b80f64-c556-46c5-aceb-f6fa21a9cee0@group-D9F36A19AC90->d3702e78-1ca1-4dfa-b662-c69ae136cdc5-GrpcLogAppender: appendEntries Timeout, request=f6b80f64-c556-46c5-aceb-f6fa21a9cee0->d3702e78-1ca1-4dfa-b662-c69ae136cdc5#73-t3, previous=(t:3, i:22), leaderCommit=16, initializing? false, entries: size=1, first=(t:3, i:23), STATEMACHINELOGENTRY, client-14F4D6DC35BC, cid=4
2019-09-11 10:49:17,859 [org.apache.ratis.server.impl.LogAppender$AppenderDaemon$$Lambda$484/326972403@76ac9e34] ERROR ratis.XceiverServerRatis (XceiverServerRatis.java:triggerPipelineClose(568)) - pipeline Action CLOSE  on pipeline PipelineID=ab228776-ec0e-4011-86ce-d9f36a19ac90.Reason : f6b80f64-c556-46c5-aceb-f6fa21a9cee0 has not seen follower/s d3702e78-1ca1-4dfa-b662-c69ae136cdc5 for 128552ms c1836fb8-e3d9-406d-898c-264811801e32 for 128552ms
2019-09-11 10:49:17,859 [org.apache.ratis.server.impl.LogAppender$AppenderDaemon$$Lambda$484/326972403@24bdd9b5] ERROR ratis.XceiverServerRatis (XceiverServerRatis.java:triggerPipelineClose(568)) - pipeline Action CLOSE  on pipeline PipelineID=ab228776-ec0e-4011-86ce-d9f36a19ac90.Reason : f6b80f64-c556-46c5-aceb-f6fa21a9cee0 has not seen follower/s d3702e78-1ca1-4dfa-b662-c69ae136cdc5 for 128552ms c1836fb8-e3d9-406d-898c-264811801e32 for 128552ms
2019-09-11 10:49:18,358 [java.util.concurrent.ThreadPoolExecutor$Worker@6d0702d2[State = -1, empty queue]] WARN  server.GrpcLogAppender (GrpcLogAppender.java:timeoutAppendRequest(200)) - f6b80f64-c556-46c5-aceb-f6fa21a9cee0@group-D9F36A19AC90->c1836fb8-e3d9-406d-898c-264811801e32-GrpcLogAppender: appendEntries Timeout, request=f6b80f64-c556-46c5-aceb-f6fa21a9cee0->c1836fb8-e3d9-406d-898c-264811801e32#74-t3, previous=(t:3, i:23), leaderCommit=16, initializing? false, entries: <empty>
2019-09-11 10:49:18,358 [java.util.concurrent.ThreadPoolExecutor$Worker@19f1ff50[State = -1, empty queue]] WARN  server.GrpcLogAppender (GrpcLogAppender.java:timeoutAppendRequest(200)) - f6b80f64-c556-46c5-aceb-f6fa21a9cee0@group-D9F36A19AC90->d3702e78-1ca1-4dfa-b662-c69ae136cdc5-GrpcLogAppender: appendEntries Timeout, request=f6b80f64-c556-46c5-aceb-f6fa21a9cee0->d3702e78-1ca1-4dfa-b662-c69ae136cdc5#74-t3, previous=(t:3, i:23), leaderCommit=16, initializing? false, entries: <empty>
2019-09-11 10:49:18,857 [EventQueue-PipelineActionsForPipelineActionHandler] ERROR pipeline.PipelineActionHandler (PipelineActionHandler.java:onMessage(60)) - Received pipeline action CLOSE for Pipeline[ Id: ab228776-ec0e-4011-86ce-d9f36a19ac90, Nodes: f6b80f64-c556-46c5-aceb-f6fa21a9cee0{ip: 192.168.69.96, host: pr-hdds-1982-decom-states-q64lx-3787986432, networkLocation: /default-rack, certSerialId: null}d3702e78-1ca1-4dfa-b662-c69ae136cdc5{ip: 192.168.69.96, host: pr-hdds-1982-decom-states-q64lx-3787986432, networkLocation: /default-rack, certSerialId: null}c1836fb8-e3d9-406d-898c-264811801e32{ip: 192.168.69.96, host: pr-hdds-1982-decom-states-q64lx-3787986432, networkLocation: /default-rack, certSerialId: null}, Type:RATIS, Factor:THREE, State:CLOSED] from datanode f6b80f64-c556-46c5-aceb-f6fa21a9cee0{ip: 192.168.69.96, host: pr-hdds-1982-decom-states-q64lx-3787986432, networkLocation: /default-rack, certSerialId: null}. Reason : f6b80f64-c556-46c5-aceb-f6fa21a9cee0 has not seen follower/s d3702e78-1ca1-4dfa-b662-c69ae136cdc5 for 128552ms c1836fb8-e3d9-406d-898c-264811801e32 for 128552ms
2019-09-11 10:49:18,857 [EventQueue-PipelineActionsForPipelineActionHandler] INFO  pipeline.SCMPipelineManager (SCMPipelineManager.java:finalizeAndDestroyPipeline(311)) - destroying pipeline:Pipeline[ Id: ab228776-ec0e-4011-86ce-d9f36a19ac90, Nodes: f6b80f64-c556-46c5-aceb-f6fa21a9cee0{ip: 192.168.69.96, host: pr-hdds-1982-decom-states-q64lx-3787986432, networkLocation: /default-rack, certSerialId: null}d3702e78-1ca1-4dfa-b662-c69ae136cdc5{ip: 192.168.69.96, host: pr-hdds-1982-decom-states-q64lx-3787986432, networkLocation: /default-rack, certSerialId: null}c1836fb8-e3d9-406d-898c-264811801e32{ip: 192.168.69.96, host: pr-hdds-1982-decom-states-q64lx-3787986432, networkLocation: /default-rack, certSerialId: null}, Type:RATIS, Factor:THREE, State:CLOSED]
2019-09-11 10:49:19,808 [c1836fb8-e3d9-406d-898c-264811801e32@group-D9F36A19AC90-SegmentedRaftLogWorker] WARN  segmented.SegmentedRaftLogWorker (SegmentedRaftLogWorker.java:getFromFuture(90)) - Timeout 12/~
org.apache.ratis.protocol.TimeoutIOException: Timeout 10s: WriteLog:18: (t:3, i:18), STATEMACHINELOGENTRY, client-188F4EEF7D07, cid=25-writeStateMachineData
	at org.apache.ratis.util.IOUtils.getFromFuture(IOUtils.java:87)
	at org.apache.ratis.server.raftlog.segmented.SegmentedRaftLogWorker$StateMachineDataPolicy.getFromFuture(SegmentedRaftLogWorker.java:87)
	at org.apache.ratis.server.raftlog.segmented.SegmentedRaftLogWorker$WriteLog.execute(SegmentedRaftLogWorker.java:477)
	at org.apache.ratis.server.raftlog.segmented.SegmentedRaftLogWorker.run(SegmentedRaftLogWorker.java:289)
	at java.lang.Thread.run(Thread.java:748)
Caused by: java.util.concurrent.TimeoutException
	at java.util.concurrent.CompletableFuture.timedGet(CompletableFuture.java:1771)
	at java.util.concurrent.CompletableFuture.get(CompletableFuture.java:1915)
	at org.apache.ratis.util.IOUtils.getFromFuture(IOUtils.java:79)
	... 4 more
2019-09-11 10:49:19,826 [d3702e78-1ca1-4dfa-b662-c69ae136cdc5@group-D9F36A19AC90-SegmentedRaftLogWorker] WARN  segmented.SegmentedRaftLogWorker (SegmentedRaftLogWorker.java:getFromFuture(90)) - Timeout 12/~
org.apache.ratis.protocol.TimeoutIOException: Timeout 10s: WriteLog:18: (t:3, i:18), STATEMACHINELOGENTRY, client-188F4EEF7D07, cid=25-writeStateMachineData
	at org.apache.ratis.util.IOUtils.getFromFuture(IOUtils.java:87)
	at org.apache.ratis.server.raftlog.segmented.SegmentedRaftLogWorker$StateMachineDataPolicy.getFromFuture(SegmentedRaftLogWorker.java:87)
	at org.apache.ratis.server.raftlog.segmented.SegmentedRaftLogWorker$WriteLog.execute(SegmentedRaftLogWorker.java:477)
	at org.apache.ratis.server.raftlog.segmented.SegmentedRaftLogWorker.run(SegmentedRaftLogWorker.java:289)
	at java.lang.Thread.run(Thread.java:748)
Caused by: java.util.concurrent.TimeoutException
	at java.util.concurrent.CompletableFuture.timedGet(CompletableFuture.java:1771)
	at java.util.concurrent.CompletableFuture.get(CompletableFuture.java:1915)
	at org.apache.ratis.util.IOUtils.getFromFuture(IOUtils.java:79)
	... 4 more
2019-09-11 10:49:19,828 [f6b80f64-c556-46c5-aceb-f6fa21a9cee0@group-D9F36A19AC90-SegmentedRaftLogWorker] WARN  segmented.SegmentedRaftLogWorker (SegmentedRaftLogWorker.java:getFromFuture(90)) - Timeout 12/~
org.apache.ratis.protocol.TimeoutIOException: Timeout 10s: WriteLog:18: (t:3, i:18), STATEMACHINELOGENTRY, client-188F4EEF7D07, cid=25-writeStateMachineData
	at org.apache.ratis.util.IOUtils.getFromFuture(IOUtils.java:87)
	at org.apache.ratis.server.raftlog.segmented.SegmentedRaftLogWorker$StateMachineDataPolicy.getFromFuture(SegmentedRaftLogWorker.java:87)
	at org.apache.ratis.server.raftlog.segmented.SegmentedRaftLogWorker$WriteLog.execute(SegmentedRaftLogWorker.java:477)
	at org.apache.ratis.server.raftlog.segmented.SegmentedRaftLogWorker.run(SegmentedRaftLogWorker.java:289)
	at java.lang.Thread.run(Thread.java:748)
Caused by: java.util.concurrent.TimeoutException
	at java.util.concurrent.CompletableFuture.timedGet(CompletableFuture.java:1771)
	at java.util.concurrent.CompletableFuture.get(CompletableFuture.java:1915)
	at org.apache.ratis.util.IOUtils.getFromFuture(IOUtils.java:79)
	... 4 more
2019-09-11 10:49:20,360 [org.apache.ratis.server.impl.LogAppender$AppenderDaemon$$Lambda$484/326972403@76ac9e34] ERROR ratis.XceiverServerRatis (XceiverServerRatis.java:triggerPipelineClose(568)) - pipeline Action CLOSE  on pipeline PipelineID=ab228776-ec0e-4011-86ce-d9f36a19ac90.Reason : f6b80f64-c556-46c5-aceb-f6fa21a9cee0 has not seen follower/s d3702e78-1ca1-4dfa-b662-c69ae136cdc5 for 131053ms c1836fb8-e3d9-406d-898c-264811801e32 for 131053ms
2019-09-11 10:49:20,360 [org.apache.ratis.server.impl.LogAppender$AppenderDaemon$$Lambda$484/326972403@24bdd9b5] ERROR ratis.XceiverServerRatis (XceiverServerRatis.java:triggerPipelineClose(568)) - pipeline Action CLOSE  on pipeline PipelineID=ab228776-ec0e-4011-86ce-d9f36a19ac90.Reason : f6b80f64-c556-46c5-aceb-f6fa21a9cee0 has not seen follower/s d3702e78-1ca1-4dfa-b662-c69ae136cdc5 for 131053ms c1836fb8-e3d9-406d-898c-264811801e32 for 131053ms
2019-09-11 10:49:20,853 [grpc-default-executor-3] INFO  client.GrpcClientProtocolClient (GrpcClientProtocolClient.java:onNext(264)) - client-188F4EEF7D07->d3702e78-1ca1-4dfa-b662-c69ae136cdc5: receive RaftClientReply:client-188F4EEF7D07->d3702e78-1ca1-4dfa-b662-c69ae136cdc5@group-D9F36A19AC90, cid=24, FAILED org.apache.ratis.protocol.NotLeaderException: Server d3702e78-1ca1-4dfa-b662-c69ae136cdc5@group-D9F36A19AC90 is not the leader f6b80f64-c556-46c5-aceb-f6fa21a9cee0:192.168.69.96:37990, logIndex=0, commits[d3702e78-1ca1-4dfa-b662-c69ae136cdc5:c16, c1836fb8-e3d9-406d-898c-264811801e32:c14, f6b80f64-c556-46c5-aceb-f6fa21a9cee0:c16]
2019-09-11 10:49:20,875 [java.util.concurrent.ThreadPoolExecutor$Worker@19f1ff50[State = -1, empty queue]] WARN  server.GrpcLogAppender (GrpcLogAppender.java:timeoutAppendRequest(200)) - f6b80f64-c556-46c5-aceb-f6fa21a9cee0@group-D9F36A19AC90->d3702e78-1ca1-4dfa-b662-c69ae136cdc5-GrpcLogAppender: appendEntries Timeout, request=f6b80f64-c556-46c5-aceb-f6fa21a9cee0->d3702e78-1ca1-4dfa-b662-c69ae136cdc5#75-t3, previous=(t:3, i:23), leaderCommit=16, initializing? false, entries: <empty>
2019-09-11 10:49:20,875 [java.util.concurrent.ThreadPoolExecutor$Worker@6d0702d2[State = -1, empty queue]] WARN  server.GrpcLogAppender (GrpcLogAppender.java:timeoutAppendRequest(200)) - f6b80f64-c556-46c5-aceb-f6fa21a9cee0@group-D9F36A19AC90->c1836fb8-e3d9-406d-898c-264811801e32-GrpcLogAppender: appendEntries Timeout, request=f6b80f64-c556-46c5-aceb-f6fa21a9cee0->c1836fb8-e3d9-406d-898c-264811801e32#75-t3, previous=(t:3, i:23), leaderCommit=16, initializing? false, entries: <empty>
2019-09-11 10:49:20,877 [EventQueue-PipelineActionsForPipelineActionHandler] ERROR pipeline.PipelineActionHandler (PipelineActionHandler.java:onMessage(60)) - Received pipeline action CLOSE for Pipeline[ Id: ab228776-ec0e-4011-86ce-d9f36a19ac90, Nodes: f6b80f64-c556-46c5-aceb-f6fa21a9cee0{ip: 192.168.69.96, host: pr-hdds-1982-decom-states-q64lx-3787986432, networkLocation: /default-rack, certSerialId: null}d3702e78-1ca1-4dfa-b662-c69ae136cdc5{ip: 192.168.69.96, host: pr-hdds-1982-decom-states-q64lx-3787986432, networkLocation: /default-rack, certSerialId: null}c1836fb8-e3d9-406d-898c-264811801e32{ip: 192.168.69.96, host: pr-hdds-1982-decom-states-q64lx-3787986432, networkLocation: /default-rack, certSerialId: null}, Type:RATIS, Factor:THREE, State:CLOSED] from datanode f6b80f64-c556-46c5-aceb-f6fa21a9cee0{ip: 192.168.69.96, host: pr-hdds-1982-decom-states-q64lx-3787986432, networkLocation: /default-rack, certSerialId: null}. Reason : f6b80f64-c556-46c5-aceb-f6fa21a9cee0 has not seen follower/s d3702e78-1ca1-4dfa-b662-c69ae136cdc5 for 131053ms c1836fb8-e3d9-406d-898c-264811801e32 for 131053ms
2019-09-11 10:49:20,878 [EventQueue-PipelineActionsForPipelineActionHandler] INFO  pipeline.SCMPipelineManager (SCMPipelineManager.java:finalizeAndDestroyPipeline(311)) - destroying pipeline:Pipeline[ Id: ab228776-ec0e-4011-86ce-d9f36a19ac90, Nodes: f6b80f64-c556-46c5-aceb-f6fa21a9cee0{ip: 192.168.69.96, host: pr-hdds-1982-decom-states-q64lx-3787986432, networkLocation: /default-rack, certSerialId: null}d3702e78-1ca1-4dfa-b662-c69ae136cdc5{ip: 192.168.69.96, host: pr-hdds-1982-decom-states-q64lx-3787986432, networkLocation: /default-rack, certSerialId: null}c1836fb8-e3d9-406d-898c-264811801e32{ip: 192.168.69.96, host: pr-hdds-1982-decom-states-q64lx-3787986432, networkLocation: /default-rack, certSerialId: null}, Type:RATIS, Factor:THREE, State:CLOSED]
2019-09-11 10:49:22,860 [org.apache.ratis.server.impl.LogAppender$AppenderDaemon$$Lambda$484/326972403@76ac9e34] ERROR ratis.XceiverServerRatis (XceiverServerRatis.java:triggerPipelineClose(568)) - pipeline Action CLOSE  on pipeline PipelineID=ab228776-ec0e-4011-86ce-d9f36a19ac90.Reason : f6b80f64-c556-46c5-aceb-f6fa21a9cee0 has not seen follower/s d3702e78-1ca1-4dfa-b662-c69ae136cdc5 for 133553ms c1836fb8-e3d9-406d-898c-264811801e32 for 133554ms
2019-09-11 10:49:22,864 [org.apache.ratis.server.impl.LogAppender$AppenderDaemon$$Lambda$484/326972403@24bdd9b5] ERROR ratis.XceiverServerRatis (XceiverServerRatis.java:triggerPipelineClose(568)) - pipeline Action CLOSE  on pipeline PipelineID=ab228776-ec0e-4011-86ce-d9f36a19ac90.Reason : f6b80f64-c556-46c5-aceb-f6fa21a9cee0 has not seen follower/s d3702e78-1ca1-4dfa-b662-c69ae136cdc5 for 133554ms c1836fb8-e3d9-406d-898c-264811801e32 for 133554ms
2019-09-11 10:49:23,360 [java.util.concurrent.ThreadPoolExecutor$Worker@6d0702d2[State = -1, empty queue]] WARN  server.GrpcLogAppender (GrpcLogAppender.java:timeoutAppendRequest(200)) - f6b80f64-c556-46c5-aceb-f6fa21a9cee0@group-D9F36A19AC90->c1836fb8-e3d9-406d-898c-264811801e32-GrpcLogAppender: appendEntries Timeout, request=f6b80f64-c556-46c5-aceb-f6fa21a9cee0->c1836fb8-e3d9-406d-898c-264811801e32#76-t3, previous=(t:3, i:23), leaderCommit=16, initializing? false, entries: <empty>
2019-09-11 10:49:23,360 [java.util.concurrent.ThreadPoolExecutor$Worker@19f1ff50[State = -1, empty queue]] WARN  server.GrpcLogAppender (GrpcLogAppender.java:timeoutAppendRequest(200)) - f6b80f64-c556-46c5-aceb-f6fa21a9cee0@group-D9F36A19AC90->d3702e78-1ca1-4dfa-b662-c69ae136cdc5-GrpcLogAppender: appendEntries Timeout, request=f6b80f64-c556-46c5-aceb-f6fa21a9cee0->d3702e78-1ca1-4dfa-b662-c69ae136cdc5#76-t3, previous=(t:3, i:23), leaderCommit=16, initializing? false, entries: <empty>
2019-09-11 10:49:23,860 [EventQueue-PipelineActionsForPipelineActionHandler] ERROR pipeline.PipelineActionHandler (PipelineActionHandler.java:onMessage(60)) - Received pipeline action CLOSE for Pipeline[ Id: ab228776-ec0e-4011-86ce-d9f36a19ac90, Nodes: f6b80f64-c556-46c5-aceb-f6fa21a9cee0{ip: 192.168.69.96, host: pr-hdds-1982-decom-states-q64lx-3787986432, networkLocation: /default-rack, certSerialId: null}d3702e78-1ca1-4dfa-b662-c69ae136cdc5{ip: 192.168.69.96, host: pr-hdds-1982-decom-states-q64lx-3787986432, networkLocation: /default-rack, certSerialId: null}c1836fb8-e3d9-406d-898c-264811801e32{ip: 192.168.69.96, host: pr-hdds-1982-decom-states-q64lx-3787986432, networkLocation: /default-rack, certSerialId: null}, Type:RATIS, Factor:THREE, State:CLOSED] from datanode f6b80f64-c556-46c5-aceb-f6fa21a9cee0{ip: 192.168.69.96, host: pr-hdds-1982-decom-states-q64lx-3787986432, networkLocation: /default-rack, certSerialId: null}. Reason : f6b80f64-c556-46c5-aceb-f6fa21a9cee0 has not seen follower/s d3702e78-1ca1-4dfa-b662-c69ae136cdc5 for 133553ms c1836fb8-e3d9-406d-898c-264811801e32 for 133554ms
2019-09-11 10:49:23,861 [EventQueue-PipelineActionsForPipelineActionHandler] INFO  pipeline.SCMPipelineManager (SCMPipelineManager.java:finalizeAndDestroyPipeline(311)) - destroying pipeline:Pipeline[ Id: ab228776-ec0e-4011-86ce-d9f36a19ac90, Nodes: f6b80f64-c556-46c5-aceb-f6fa21a9cee0{ip: 192.168.69.96, host: pr-hdds-1982-decom-states-q64lx-3787986432, networkLocation: /default-rack, certSerialId: null}d3702e78-1ca1-4dfa-b662-c69ae136cdc5{ip: 192.168.69.96, host: pr-hdds-1982-decom-states-q64lx-3787986432, networkLocation: /default-rack, certSerialId: null}c1836fb8-e3d9-406d-898c-264811801e32{ip: 192.168.69.96, host: pr-hdds-1982-decom-states-q64lx-3787986432, networkLocation: /default-rack, certSerialId: null}, Type:RATIS, Factor:THREE, State:CLOSED]
2019-09-11 10:49:25,362 [org.apache.ratis.server.impl.LogAppender$AppenderDaemon$$Lambda$484/326972403@76ac9e34] ERROR ratis.XceiverServerRatis (XceiverServerRatis.java:triggerPipelineClose(568)) - pipeline Action CLOSE  on pipeline PipelineID=ab228776-ec0e-4011-86ce-d9f36a19ac90.Reason : f6b80f64-c556-46c5-aceb-f6fa21a9cee0 has not seen follower/s d3702e78-1ca1-4dfa-b662-c69ae136cdc5 for 136055ms c1836fb8-e3d9-406d-898c-264811801e32 for 136055ms
2019-09-11 10:49:25,365 [org.apache.ratis.server.impl.LogAppender$AppenderDaemon$$Lambda$484/326972403@24bdd9b5] ERROR ratis.XceiverServerRatis (XceiverServerRatis.java:triggerPipelineClose(568)) - pipeline Action CLOSE  on pipeline PipelineID=ab228776-ec0e-4011-86ce-d9f36a19ac90.Reason : f6b80f64-c556-46c5-aceb-f6fa21a9cee0 has not seen follower/s d3702e78-1ca1-4dfa-b662-c69ae136cdc5 for 136055ms c1836fb8-e3d9-406d-898c-264811801e32 for 136055ms
2019-09-11 10:49:25,860 [java.util.concurrent.ThreadPoolExecutor$Worker@6d0702d2[State = -1, empty queue]] WARN  server.GrpcLogAppender (GrpcLogAppender.java:timeoutAppendRequest(200)) - f6b80f64-c556-46c5-aceb-f6fa21a9cee0@group-D9F36A19AC90->c1836fb8-e3d9-406d-898c-264811801e32-GrpcLogAppender: appendEntries Timeout, request=f6b80f64-c556-46c5-aceb-f6fa21a9cee0->c1836fb8-e3d9-406d-898c-264811801e32#77-t3, previous=(t:3, i:23), leaderCommit=16, initializing? false, entries: <empty>
2019-09-11 10:49:25,861 [java.util.concurrent.ThreadPoolExecutor$Worker@19f1ff50[State = -1, empty queue]] WARN  server.GrpcLogAppender (GrpcLogAppender.java:timeoutAppendRequest(200)) - f6b80f64-c556-46c5-aceb-f6fa21a9cee0@group-D9F36A19AC90->d3702e78-1ca1-4dfa-b662-c69ae136cdc5-GrpcLogAppender: appendEntries Timeout, request=f6b80f64-c556-46c5-aceb-f6fa21a9cee0->d3702e78-1ca1-4dfa-b662-c69ae136cdc5#77-t3, previous=(t:3, i:23), leaderCommit=16, initializing? false, entries: <empty>
2019-09-11 10:49:25,861 [EventQueue-PipelineActionsForPipelineActionHandler] ERROR pipeline.PipelineActionHandler (PipelineActionHandler.java:onMessage(60)) - Received pipeline action CLOSE for Pipeline[ Id: ab228776-ec0e-4011-86ce-d9f36a19ac90, Nodes: f6b80f64-c556-46c5-aceb-f6fa21a9cee0{ip: 192.168.69.96, host: pr-hdds-1982-decom-states-q64lx-3787986432, networkLocation: /default-rack, certSerialId: null}d3702e78-1ca1-4dfa-b662-c69ae136cdc5{ip: 192.168.69.96, host: pr-hdds-1982-decom-states-q64lx-3787986432, networkLocation: /default-rack, certSerialId: null}c1836fb8-e3d9-406d-898c-264811801e32{ip: 192.168.69.96, host: pr-hdds-1982-decom-states-q64lx-3787986432, networkLocation: /default-rack, certSerialId: null}, Type:RATIS, Factor:THREE, State:CLOSED] from datanode f6b80f64-c556-46c5-aceb-f6fa21a9cee0{ip: 192.168.69.96, host: pr-hdds-1982-decom-states-q64lx-3787986432, networkLocation: /default-rack, certSerialId: null}. Reason : f6b80f64-c556-46c5-aceb-f6fa21a9cee0 has not seen follower/s d3702e78-1ca1-4dfa-b662-c69ae136cdc5 for 136055ms c1836fb8-e3d9-406d-898c-264811801e32 for 136055ms
2019-09-11 10:49:25,861 [EventQueue-PipelineActionsForPipelineActionHandler] INFO  pipeline.SCMPipelineManager (SCMPipelineManager.java:finalizeAndDestroyPipeline(311)) - destroying pipeline:Pipeline[ Id: ab228776-ec0e-4011-86ce-d9f36a19ac90, Nodes: f6b80f64-c556-46c5-aceb-f6fa21a9cee0{ip: 192.168.69.96, host: pr-hdds-1982-decom-states-q64lx-3787986432, networkLocation: /default-rack, certSerialId: null}d3702e78-1ca1-4dfa-b662-c69ae136cdc5{ip: 192.168.69.96, host: pr-hdds-1982-decom-states-q64lx-3787986432, networkLocation: /default-rack, certSerialId: null}c1836fb8-e3d9-406d-898c-264811801e32{ip: 192.168.69.96, host: pr-hdds-1982-decom-states-q64lx-3787986432, networkLocation: /default-rack, certSerialId: null}, Type:RATIS, Factor:THREE, State:CLOSED]
2019-09-11 10:49:25,901 [grpc-default-executor-2] INFO  client.GrpcClientProtocolClient (GrpcClientProtocolClient.java:onNext(264)) - client-188F4EEF7D07->c1836fb8-e3d9-406d-898c-264811801e32: receive RaftClientReply:client-188F4EEF7D07->c1836fb8-e3d9-406d-898c-264811801e32@group-D9F36A19AC90, cid=24, FAILED org.apache.ratis.protocol.NotLeaderException: Server c1836fb8-e3d9-406d-898c-264811801e32@group-D9F36A19AC90 is not the leader f6b80f64-c556-46c5-aceb-f6fa21a9cee0:192.168.69.96:37990, logIndex=0, commits[c1836fb8-e3d9-406d-898c-264811801e32:c16, d3702e78-1ca1-4dfa-b662-c69ae136cdc5:c14, f6b80f64-c556-46c5-aceb-f6fa21a9cee0:c16]
2019-09-11 10:49:27,862 [org.apache.ratis.server.impl.LogAppender$AppenderDaemon$$Lambda$484/326972403@24bdd9b5] ERROR ratis.XceiverServerRatis (XceiverServerRatis.java:triggerPipelineClose(568)) - pipeline Action CLOSE  on pipeline PipelineID=ab228776-ec0e-4011-86ce-d9f36a19ac90.Reason : f6b80f64-c556-46c5-aceb-f6fa21a9cee0 has not seen follower/s d3702e78-1ca1-4dfa-b662-c69ae136cdc5 for 138556ms c1836fb8-e3d9-406d-898c-264811801e32 for 138556ms
2019-09-11 10:49:27,863 [org.apache.ratis.server.impl.LogAppender$AppenderDaemon$$Lambda$484/326972403@76ac9e34] ERROR ratis.XceiverServerRatis (XceiverServerRatis.java:triggerPipelineClose(568)) - pipeline Action CLOSE  on pipeline PipelineID=ab228776-ec0e-4011-86ce-d9f36a19ac90.Reason : f6b80f64-c556-46c5-aceb-f6fa21a9cee0 has not seen follower/s d3702e78-1ca1-4dfa-b662-c69ae136cdc5 for 138556ms c1836fb8-e3d9-406d-898c-264811801e32 for 138556ms
2019-09-11 10:49:28,362 [java.util.concurrent.ThreadPoolExecutor$Worker@6d0702d2[State = -1, empty queue]] WARN  server.GrpcLogAppender (GrpcLogAppender.java:timeoutAppendRequest(200)) - f6b80f64-c556-46c5-aceb-f6fa21a9cee0@group-D9F36A19AC90->c1836fb8-e3d9-406d-898c-264811801e32-GrpcLogAppender: appendEntries Timeout, request=f6b80f64-c556-46c5-aceb-f6fa21a9cee0->c1836fb8-e3d9-406d-898c-264811801e32#78-t3, previous=(t:3, i:23), leaderCommit=16, initializing? false, entries: <empty>
2019-09-11 10:49:28,362 [java.util.concurrent.ThreadPoolExecutor$Worker@19f1ff50[State = -1, empty queue]] WARN  server.GrpcLogAppender (GrpcLogAppender.java:timeoutAppendRequest(200)) - f6b80f64-c556-46c5-aceb-f6fa21a9cee0@group-D9F36A19AC90->d3702e78-1ca1-4dfa-b662-c69ae136cdc5-GrpcLogAppender: appendEntries Timeout, request=f6b80f64-c556-46c5-aceb-f6fa21a9cee0->d3702e78-1ca1-4dfa-b662-c69ae136cdc5#78-t3, previous=(t:3, i:23), leaderCommit=16, initializing? false, entries: <empty>
2019-09-11 10:49:28,862 [EventQueue-PipelineActionsForPipelineActionHandler] ERROR pipeline.PipelineActionHandler (PipelineActionHandler.java:onMessage(60)) - Received pipeline action CLOSE for Pipeline[ Id: ab228776-ec0e-4011-86ce-d9f36a19ac90, Nodes: f6b80f64-c556-46c5-aceb-f6fa21a9cee0{ip: 192.168.69.96, host: pr-hdds-1982-decom-states-q64lx-3787986432, networkLocation: /default-rack, certSerialId: null}d3702e78-1ca1-4dfa-b662-c69ae136cdc5{ip: 192.168.69.96, host: pr-hdds-1982-decom-states-q64lx-3787986432, networkLocation: /default-rack, certSerialId: null}c1836fb8-e3d9-406d-898c-264811801e32{ip: 192.168.69.96, host: pr-hdds-1982-decom-states-q64lx-3787986432, networkLocation: /default-rack, certSerialId: null}, Type:RATIS, Factor:THREE, State:CLOSED] from datanode f6b80f64-c556-46c5-aceb-f6fa21a9cee0{ip: 192.168.69.96, host: pr-hdds-1982-decom-states-q64lx-3787986432, networkLocation: /default-rack, certSerialId: null}. Reason : f6b80f64-c556-46c5-aceb-f6fa21a9cee0 has not seen follower/s d3702e78-1ca1-4dfa-b662-c69ae136cdc5 for 138556ms c1836fb8-e3d9-406d-898c-264811801e32 for 138556ms
2019-09-11 10:49:28,862 [EventQueue-PipelineActionsForPipelineActionHandler] INFO  pipeline.SCMPipelineManager (SCMPipelineManager.java:finalizeAndDestroyPipeline(311)) - destroying pipeline:Pipeline[ Id: ab228776-ec0e-4011-86ce-d9f36a19ac90, Nodes: f6b80f64-c556-46c5-aceb-f6fa21a9cee0{ip: 192.168.69.96, host: pr-hdds-1982-decom-states-q64lx-3787986432, networkLocation: /default-rack, certSerialId: null}d3702e78-1ca1-4dfa-b662-c69ae136cdc5{ip: 192.168.69.96, host: pr-hdds-1982-decom-states-q64lx-3787986432, networkLocation: /default-rack, certSerialId: null}c1836fb8-e3d9-406d-898c-264811801e32{ip: 192.168.69.96, host: pr-hdds-1982-decom-states-q64lx-3787986432, networkLocation: /default-rack, certSerialId: null}, Type:RATIS, Factor:THREE, State:CLOSED]
2019-09-11 10:49:29,813 [c1836fb8-e3d9-406d-898c-264811801e32@group-D9F36A19AC90-SegmentedRaftLogWorker] WARN  segmented.SegmentedRaftLogWorker (SegmentedRaftLogWorker.java:getFromFuture(90)) - Timeout 13/~
org.apache.ratis.protocol.TimeoutIOException: Timeout 10s: WriteLog:18: (t:3, i:18), STATEMACHINELOGENTRY, client-188F4EEF7D07, cid=25-writeStateMachineData
	at org.apache.ratis.util.IOUtils.getFromFuture(IOUtils.java:87)
	at org.apache.ratis.server.raftlog.segmented.SegmentedRaftLogWorker$StateMachineDataPolicy.getFromFuture(SegmentedRaftLogWorker.java:87)
	at org.apache.ratis.server.raftlog.segmented.SegmentedRaftLogWorker$WriteLog.execute(SegmentedRaftLogWorker.java:477)
	at org.apache.ratis.server.raftlog.segmented.SegmentedRaftLogWorker.run(SegmentedRaftLogWorker.java:289)
	at java.lang.Thread.run(Thread.java:748)
Caused by: java.util.concurrent.TimeoutException
	at java.util.concurrent.CompletableFuture.timedGet(CompletableFuture.java:1771)
	at java.util.concurrent.CompletableFuture.get(CompletableFuture.java:1915)
	at org.apache.ratis.util.IOUtils.getFromFuture(IOUtils.java:79)
	... 4 more
2019-09-11 10:49:29,829 [d3702e78-1ca1-4dfa-b662-c69ae136cdc5@group-D9F36A19AC90-SegmentedRaftLogWorker] WARN  segmented.SegmentedRaftLogWorker (SegmentedRaftLogWorker.java:getFromFuture(90)) - Timeout 13/~
org.apache.ratis.protocol.TimeoutIOException: Timeout 10s: WriteLog:18: (t:3, i:18), STATEMACHINELOGENTRY, client-188F4EEF7D07, cid=25-writeStateMachineData
	at org.apache.ratis.util.IOUtils.getFromFuture(IOUtils.java:87)
	at org.apache.ratis.server.raftlog.segmented.SegmentedRaftLogWorker$StateMachineDataPolicy.getFromFuture(SegmentedRaftLogWorker.java:87)
	at org.apache.ratis.server.raftlog.segmented.SegmentedRaftLogWorker$WriteLog.execute(SegmentedRaftLogWorker.java:477)
	at org.apache.ratis.server.raftlog.segmented.SegmentedRaftLogWorker.run(SegmentedRaftLogWorker.java:289)
	at java.lang.Thread.run(Thread.java:748)
Caused by: java.util.concurrent.TimeoutException
	at java.util.concurrent.CompletableFuture.timedGet(CompletableFuture.java:1771)
	at java.util.concurrent.CompletableFuture.get(CompletableFuture.java:1915)
	at org.apache.ratis.util.IOUtils.getFromFuture(IOUtils.java:79)
	... 4 more
2019-09-11 10:49:29,829 [f6b80f64-c556-46c5-aceb-f6fa21a9cee0@group-D9F36A19AC90-SegmentedRaftLogWorker] WARN  segmented.SegmentedRaftLogWorker (SegmentedRaftLogWorker.java:getFromFuture(90)) - Timeout 13/~
org.apache.ratis.protocol.TimeoutIOException: Timeout 10s: WriteLog:18: (t:3, i:18), STATEMACHINELOGENTRY, client-188F4EEF7D07, cid=25-writeStateMachineData
	at org.apache.ratis.util.IOUtils.getFromFuture(IOUtils.java:87)
	at org.apache.ratis.server.raftlog.segmented.SegmentedRaftLogWorker$StateMachineDataPolicy.getFromFuture(SegmentedRaftLogWorker.java:87)
	at org.apache.ratis.server.raftlog.segmented.SegmentedRaftLogWorker$WriteLog.execute(SegmentedRaftLogWorker.java:477)
	at org.apache.ratis.server.raftlog.segmented.SegmentedRaftLogWorker.run(SegmentedRaftLogWorker.java:289)
	at java.lang.Thread.run(Thread.java:748)
Caused by: java.util.concurrent.TimeoutException
	at java.util.concurrent.CompletableFuture.timedGet(CompletableFuture.java:1771)
	at java.util.concurrent.CompletableFuture.get(CompletableFuture.java:1915)
	at org.apache.ratis.util.IOUtils.getFromFuture(IOUtils.java:79)
	... 4 more
2019-09-11 10:49:30,364 [org.apache.ratis.server.impl.LogAppender$AppenderDaemon$$Lambda$484/326972403@24bdd9b5] ERROR ratis.XceiverServerRatis (XceiverServerRatis.java:triggerPipelineClose(568)) - pipeline Action CLOSE  on pipeline PipelineID=ab228776-ec0e-4011-86ce-d9f36a19ac90.Reason : f6b80f64-c556-46c5-aceb-f6fa21a9cee0 has not seen follower/s d3702e78-1ca1-4dfa-b662-c69ae136cdc5 for 141057ms c1836fb8-e3d9-406d-898c-264811801e32 for 141057ms
2019-09-11 10:49:30,364 [org.apache.ratis.server.impl.LogAppender$AppenderDaemon$$Lambda$484/326972403@76ac9e34] ERROR ratis.XceiverServerRatis (XceiverServerRatis.java:triggerPipelineClose(568)) - pipeline Action CLOSE  on pipeline PipelineID=ab228776-ec0e-4011-86ce-d9f36a19ac90.Reason : f6b80f64-c556-46c5-aceb-f6fa21a9cee0 has not seen follower/s d3702e78-1ca1-4dfa-b662-c69ae136cdc5 for 141057ms c1836fb8-e3d9-406d-898c-264811801e32 for 141057ms
2019-09-11 10:49:30,862 [EventQueue-PipelineActionsForPipelineActionHandler] ERROR pipeline.PipelineActionHandler (PipelineActionHandler.java:onMessage(60)) - Received pipeline action CLOSE for Pipeline[ Id: ab228776-ec0e-4011-86ce-d9f36a19ac90, Nodes: f6b80f64-c556-46c5-aceb-f6fa21a9cee0{ip: 192.168.69.96, host: pr-hdds-1982-decom-states-q64lx-3787986432, networkLocation: /default-rack, certSerialId: null}d3702e78-1ca1-4dfa-b662-c69ae136cdc5{ip: 192.168.69.96, host: pr-hdds-1982-decom-states-q64lx-3787986432, networkLocation: /default-rack, certSerialId: null}c1836fb8-e3d9-406d-898c-264811801e32{ip: 192.168.69.96, host: pr-hdds-1982-decom-states-q64lx-3787986432, networkLocation: /default-rack, certSerialId: null}, Type:RATIS, Factor:THREE, State:CLOSED] from datanode f6b80f64-c556-46c5-aceb-f6fa21a9cee0{ip: 192.168.69.96, host: pr-hdds-1982-decom-states-q64lx-3787986432, networkLocation: /default-rack, certSerialId: null}. Reason : f6b80f64-c556-46c5-aceb-f6fa21a9cee0 has not seen follower/s d3702e78-1ca1-4dfa-b662-c69ae136cdc5 for 141057ms c1836fb8-e3d9-406d-898c-264811801e32 for 141057ms
2019-09-11 10:49:30,862 [EventQueue-PipelineActionsForPipelineActionHandler] INFO  pipeline.SCMPipelineManager (SCMPipelineManager.java:finalizeAndDestroyPipeline(311)) - destroying pipeline:Pipeline[ Id: ab228776-ec0e-4011-86ce-d9f36a19ac90, Nodes: f6b80f64-c556-46c5-aceb-f6fa21a9cee0{ip: 192.168.69.96, host: pr-hdds-1982-decom-states-q64lx-3787986432, networkLocation: /default-rack, certSerialId: null}d3702e78-1ca1-4dfa-b662-c69ae136cdc5{ip: 192.168.69.96, host: pr-hdds-1982-decom-states-q64lx-3787986432, networkLocation: /default-rack, certSerialId: null}c1836fb8-e3d9-406d-898c-264811801e32{ip: 192.168.69.96, host: pr-hdds-1982-decom-states-q64lx-3787986432, networkLocation: /default-rack, certSerialId: null}, Type:RATIS, Factor:THREE, State:CLOSED]
2019-09-11 10:49:30,863 [java.util.concurrent.ThreadPoolExecutor$Worker@6d0702d2[State = -1, empty queue]] WARN  server.GrpcLogAppender (GrpcLogAppender.java:timeoutAppendRequest(200)) - f6b80f64-c556-46c5-aceb-f6fa21a9cee0@group-D9F36A19AC90->c1836fb8-e3d9-406d-898c-264811801e32-GrpcLogAppender: appendEntries Timeout, request=f6b80f64-c556-46c5-aceb-f6fa21a9cee0->c1836fb8-e3d9-406d-898c-264811801e32#79-t3, previous=(t:3, i:23), leaderCommit=16, initializing? false, entries: <empty>
2019-09-11 10:49:30,863 [java.util.concurrent.ThreadPoolExecutor$Worker@19f1ff50[State = -1, empty queue]] WARN  server.GrpcLogAppender (GrpcLogAppender.java:timeoutAppendRequest(200)) - f6b80f64-c556-46c5-aceb-f6fa21a9cee0@group-D9F36A19AC90->d3702e78-1ca1-4dfa-b662-c69ae136cdc5-GrpcLogAppender: appendEntries Timeout, request=f6b80f64-c556-46c5-aceb-f6fa21a9cee0->d3702e78-1ca1-4dfa-b662-c69ae136cdc5#79-t3, previous=(t:3, i:23), leaderCommit=16, initializing? false, entries: <empty>
2019-09-11 10:49:30,940 [grpc-default-executor-2] INFO  client.GrpcClientProtocolClient (GrpcClientProtocolClient.java:onNext(264)) - client-188F4EEF7D07->c1836fb8-e3d9-406d-898c-264811801e32: receive RaftClientReply:client-188F4EEF7D07->c1836fb8-e3d9-406d-898c-264811801e32@group-D9F36A19AC90, cid=24, FAILED org.apache.ratis.protocol.NotLeaderException: Server c1836fb8-e3d9-406d-898c-264811801e32@group-D9F36A19AC90 is not the leader f6b80f64-c556-46c5-aceb-f6fa21a9cee0:192.168.69.96:37990, logIndex=0, commits[c1836fb8-e3d9-406d-898c-264811801e32:c16, d3702e78-1ca1-4dfa-b662-c69ae136cdc5:c14, f6b80f64-c556-46c5-aceb-f6fa21a9cee0:c16]
2019-09-11 10:49:32,866 [org.apache.ratis.server.impl.LogAppender$AppenderDaemon$$Lambda$484/326972403@24bdd9b5] ERROR ratis.XceiverServerRatis (XceiverServerRatis.java:triggerPipelineClose(568)) - pipeline Action CLOSE  on pipeline PipelineID=ab228776-ec0e-4011-86ce-d9f36a19ac90.Reason : f6b80f64-c556-46c5-aceb-f6fa21a9cee0 has not seen follower/s d3702e78-1ca1-4dfa-b662-c69ae136cdc5 for 143559ms c1836fb8-e3d9-406d-898c-264811801e32 for 143560ms
2019-09-11 10:49:32,866 [org.apache.ratis.server.impl.LogAppender$AppenderDaemon$$Lambda$484/326972403@76ac9e34] ERROR ratis.XceiverServerRatis (XceiverServerRatis.java:triggerPipelineClose(568)) - pipeline Action CLOSE  on pipeline PipelineID=ab228776-ec0e-4011-86ce-d9f36a19ac90.Reason : f6b80f64-c556-46c5-aceb-f6fa21a9cee0 has not seen follower/s d3702e78-1ca1-4dfa-b662-c69ae136cdc5 for 143559ms c1836fb8-e3d9-406d-898c-264811801e32 for 143560ms
2019-09-11 10:49:33,364 [java.util.concurrent.ThreadPoolExecutor$Worker@6d0702d2[State = -1, empty queue]] WARN  server.GrpcLogAppender (GrpcLogAppender.java:timeoutAppendRequest(200)) - f6b80f64-c556-46c5-aceb-f6fa21a9cee0@group-D9F36A19AC90->c1836fb8-e3d9-406d-898c-264811801e32-GrpcLogAppender: appendEntries Timeout, request=f6b80f64-c556-46c5-aceb-f6fa21a9cee0->c1836fb8-e3d9-406d-898c-264811801e32#80-t3, previous=(t:3, i:23), leaderCommit=16, initializing? false, entries: <empty>
2019-09-11 10:49:33,364 [java.util.concurrent.ThreadPoolExecutor$Worker@19f1ff50[State = -1, empty queue]] WARN  server.GrpcLogAppender (GrpcLogAppender.java:timeoutAppendRequest(200)) - f6b80f64-c556-46c5-aceb-f6fa21a9cee0@group-D9F36A19AC90->d3702e78-1ca1-4dfa-b662-c69ae136cdc5-GrpcLogAppender: appendEntries Timeout, request=f6b80f64-c556-46c5-aceb-f6fa21a9cee0->d3702e78-1ca1-4dfa-b662-c69ae136cdc5#80-t3, previous=(t:3, i:23), leaderCommit=16, initializing? false, entries: <empty>
2019-09-11 10:49:33,863 [EventQueue-PipelineActionsForPipelineActionHandler] ERROR pipeline.PipelineActionHandler (PipelineActionHandler.java:onMessage(60)) - Received pipeline action CLOSE for Pipeline[ Id: ab228776-ec0e-4011-86ce-d9f36a19ac90, Nodes: f6b80f64-c556-46c5-aceb-f6fa21a9cee0{ip: 192.168.69.96, host: pr-hdds-1982-decom-states-q64lx-3787986432, networkLocation: /default-rack, certSerialId: null}d3702e78-1ca1-4dfa-b662-c69ae136cdc5{ip: 192.168.69.96, host: pr-hdds-1982-decom-states-q64lx-3787986432, networkLocation: /default-rack, certSerialId: null}c1836fb8-e3d9-406d-898c-264811801e32{ip: 192.168.69.96, host: pr-hdds-1982-decom-states-q64lx-3787986432, networkLocation: /default-rack, certSerialId: null}, Type:RATIS, Factor:THREE, State:CLOSED] from datanode f6b80f64-c556-46c5-aceb-f6fa21a9cee0{ip: 192.168.69.96, host: pr-hdds-1982-decom-states-q64lx-3787986432, networkLocation: /default-rack, certSerialId: null}. Reason : f6b80f64-c556-46c5-aceb-f6fa21a9cee0 has not seen follower/s d3702e78-1ca1-4dfa-b662-c69ae136cdc5 for 143559ms c1836fb8-e3d9-406d-898c-264811801e32 for 143560ms
2019-09-11 10:49:33,863 [EventQueue-PipelineActionsForPipelineActionHandler] INFO  pipeline.SCMPipelineManager (SCMPipelineManager.java:finalizeAndDestroyPipeline(311)) - destroying pipeline:Pipeline[ Id: ab228776-ec0e-4011-86ce-d9f36a19ac90, Nodes: f6b80f64-c556-46c5-aceb-f6fa21a9cee0{ip: 192.168.69.96, host: pr-hdds-1982-decom-states-q64lx-3787986432, networkLocation: /default-rack, certSerialId: null}d3702e78-1ca1-4dfa-b662-c69ae136cdc5{ip: 192.168.69.96, host: pr-hdds-1982-decom-states-q64lx-3787986432, networkLocation: /default-rack, certSerialId: null}c1836fb8-e3d9-406d-898c-264811801e32{ip: 192.168.69.96, host: pr-hdds-1982-decom-states-q64lx-3787986432, networkLocation: /default-rack, certSerialId: null}, Type:RATIS, Factor:THREE, State:CLOSED]
2019-09-11 10:49:35,367 [org.apache.ratis.server.impl.LogAppender$AppenderDaemon$$Lambda$484/326972403@24bdd9b5] ERROR ratis.XceiverServerRatis (XceiverServerRatis.java:triggerPipelineClose(568)) - pipeline Action CLOSE  on pipeline PipelineID=ab228776-ec0e-4011-86ce-d9f36a19ac90.Reason : f6b80f64-c556-46c5-aceb-f6fa21a9cee0 has not seen follower/s d3702e78-1ca1-4dfa-b662-c69ae136cdc5 for 146060ms c1836fb8-e3d9-406d-898c-264811801e32 for 146060ms
2019-09-11 10:49:35,367 [org.apache.ratis.server.impl.LogAppender$AppenderDaemon$$Lambda$484/326972403@76ac9e34] ERROR ratis.XceiverServerRatis (XceiverServerRatis.java:triggerPipelineClose(568)) - pipeline Action CLOSE  on pipeline PipelineID=ab228776-ec0e-4011-86ce-d9f36a19ac90.Reason : f6b80f64-c556-46c5-aceb-f6fa21a9cee0 has not seen follower/s d3702e78-1ca1-4dfa-b662-c69ae136cdc5 for 146060ms c1836fb8-e3d9-406d-898c-264811801e32 for 146060ms
2019-09-11 10:49:35,863 [EventQueue-PipelineActionsForPipelineActionHandler] ERROR pipeline.PipelineActionHandler (PipelineActionHandler.java:onMessage(60)) - Received pipeline action CLOSE for Pipeline[ Id: ab228776-ec0e-4011-86ce-d9f36a19ac90, Nodes: f6b80f64-c556-46c5-aceb-f6fa21a9cee0{ip: 192.168.69.96, host: pr-hdds-1982-decom-states-q64lx-3787986432, networkLocation: /default-rack, certSerialId: null}d3702e78-1ca1-4dfa-b662-c69ae136cdc5{ip: 192.168.69.96, host: pr-hdds-1982-decom-states-q64lx-3787986432, networkLocation: /default-rack, certSerialId: null}c1836fb8-e3d9-406d-898c-264811801e32{ip: 192.168.69.96, host: pr-hdds-1982-decom-states-q64lx-3787986432, networkLocation: /default-rack, certSerialId: null}, Type:RATIS, Factor:THREE, State:CLOSED] from datanode f6b80f64-c556-46c5-aceb-f6fa21a9cee0{ip: 192.168.69.96, host: pr-hdds-1982-decom-states-q64lx-3787986432, networkLocation: /default-rack, certSerialId: null}. Reason : f6b80f64-c556-46c5-aceb-f6fa21a9cee0 has not seen follower/s d3702e78-1ca1-4dfa-b662-c69ae136cdc5 for 146060ms c1836fb8-e3d9-406d-898c-264811801e32 for 146060ms
2019-09-11 10:49:35,863 [EventQueue-PipelineActionsForPipelineActionHandler] INFO  pipeline.SCMPipelineManager (SCMPipelineManager.java:finalizeAndDestroyPipeline(311)) - destroying pipeline:Pipeline[ Id: ab228776-ec0e-4011-86ce-d9f36a19ac90, Nodes: f6b80f64-c556-46c5-aceb-f6fa21a9cee0{ip: 192.168.69.96, host: pr-hdds-1982-decom-states-q64lx-3787986432, networkLocation: /default-rack, certSerialId: null}d3702e78-1ca1-4dfa-b662-c69ae136cdc5{ip: 192.168.69.96, host: pr-hdds-1982-decom-states-q64lx-3787986432, networkLocation: /default-rack, certSerialId: null}c1836fb8-e3d9-406d-898c-264811801e32{ip: 192.168.69.96, host: pr-hdds-1982-decom-states-q64lx-3787986432, networkLocation: /default-rack, certSerialId: null}, Type:RATIS, Factor:THREE, State:CLOSED]
2019-09-11 10:49:35,866 [java.util.concurrent.ThreadPoolExecutor$Worker@19f1ff50[State = -1, empty queue]] WARN  server.GrpcLogAppender (GrpcLogAppender.java:timeoutAppendRequest(200)) - f6b80f64-c556-46c5-aceb-f6fa21a9cee0@group-D9F36A19AC90->d3702e78-1ca1-4dfa-b662-c69ae136cdc5-GrpcLogAppender: appendEntries Timeout, request=f6b80f64-c556-46c5-aceb-f6fa21a9cee0->d3702e78-1ca1-4dfa-b662-c69ae136cdc5#81-t3, previous=(t:3, i:23), leaderCommit=16, initializing? false, entries: <empty>
2019-09-11 10:49:35,866 [java.util.concurrent.ThreadPoolExecutor$Worker@6d0702d2[State = -1, empty queue]] WARN  server.GrpcLogAppender (GrpcLogAppender.java:timeoutAppendRequest(200)) - f6b80f64-c556-46c5-aceb-f6fa21a9cee0@group-D9F36A19AC90->c1836fb8-e3d9-406d-898c-264811801e32-GrpcLogAppender: appendEntries Timeout, request=f6b80f64-c556-46c5-aceb-f6fa21a9cee0->c1836fb8-e3d9-406d-898c-264811801e32#81-t3, previous=(t:3, i:23), leaderCommit=16, initializing? false, entries: <empty>
2019-09-11 10:49:35,988 [grpc-default-executor-4] INFO  client.GrpcClientProtocolClient (GrpcClientProtocolClient.java:onNext(264)) - client-188F4EEF7D07->c1836fb8-e3d9-406d-898c-264811801e32: receive RaftClientReply:client-188F4EEF7D07->c1836fb8-e3d9-406d-898c-264811801e32@group-D9F36A19AC90, cid=24, FAILED org.apache.ratis.protocol.NotLeaderException: Server c1836fb8-e3d9-406d-898c-264811801e32@group-D9F36A19AC90 is not the leader f6b80f64-c556-46c5-aceb-f6fa21a9cee0:192.168.69.96:37990, logIndex=0, commits[c1836fb8-e3d9-406d-898c-264811801e32:c16, d3702e78-1ca1-4dfa-b662-c69ae136cdc5:c14, f6b80f64-c556-46c5-aceb-f6fa21a9cee0:c16]
2019-09-11 10:49:37,868 [org.apache.ratis.server.impl.LogAppender$AppenderDaemon$$Lambda$484/326972403@24bdd9b5] ERROR ratis.XceiverServerRatis (XceiverServerRatis.java:triggerPipelineClose(568)) - pipeline Action CLOSE  on pipeline PipelineID=ab228776-ec0e-4011-86ce-d9f36a19ac90.Reason : f6b80f64-c556-46c5-aceb-f6fa21a9cee0 has not seen follower/s d3702e78-1ca1-4dfa-b662-c69ae136cdc5 for 148561ms c1836fb8-e3d9-406d-898c-264811801e32 for 148561ms
2019-09-11 10:49:37,868 [org.apache.ratis.server.impl.LogAppender$AppenderDaemon$$Lambda$484/326972403@76ac9e34] ERROR ratis.XceiverServerRatis (XceiverServerRatis.java:triggerPipelineClose(568)) - pipeline Action CLOSE  on pipeline PipelineID=ab228776-ec0e-4011-86ce-d9f36a19ac90.Reason : f6b80f64-c556-46c5-aceb-f6fa21a9cee0 has not seen follower/s d3702e78-1ca1-4dfa-b662-c69ae136cdc5 for 148561ms c1836fb8-e3d9-406d-898c-264811801e32 for 148561ms
2019-09-11 10:49:38,367 [java.util.concurrent.ThreadPoolExecutor$Worker@19f1ff50[State = -1, empty queue]] WARN  server.GrpcLogAppender (GrpcLogAppender.java:timeoutAppendRequest(200)) - f6b80f64-c556-46c5-aceb-f6fa21a9cee0@group-D9F36A19AC90->d3702e78-1ca1-4dfa-b662-c69ae136cdc5-GrpcLogAppender: appendEntries Timeout, request=f6b80f64-c556-46c5-aceb-f6fa21a9cee0->d3702e78-1ca1-4dfa-b662-c69ae136cdc5#82-t3, previous=(t:3, i:23), leaderCommit=16, initializing? false, entries: <empty>
2019-09-11 10:49:38,367 [java.util.concurrent.ThreadPoolExecutor$Worker@6d0702d2[State = -1, empty queue]] WARN  server.GrpcLogAppender (GrpcLogAppender.java:timeoutAppendRequest(200)) - f6b80f64-c556-46c5-aceb-f6fa21a9cee0@group-D9F36A19AC90->c1836fb8-e3d9-406d-898c-264811801e32-GrpcLogAppender: appendEntries Timeout, request=f6b80f64-c556-46c5-aceb-f6fa21a9cee0->c1836fb8-e3d9-406d-898c-264811801e32#82-t3, previous=(t:3, i:23), leaderCommit=16, initializing? false, entries: <empty>
2019-09-11 10:49:38,863 [EventQueue-PipelineActionsForPipelineActionHandler] ERROR pipeline.PipelineActionHandler (PipelineActionHandler.java:onMessage(60)) - Received pipeline action CLOSE for Pipeline[ Id: ab228776-ec0e-4011-86ce-d9f36a19ac90, Nodes: f6b80f64-c556-46c5-aceb-f6fa21a9cee0{ip: 192.168.69.96, host: pr-hdds-1982-decom-states-q64lx-3787986432, networkLocation: /default-rack, certSerialId: null}d3702e78-1ca1-4dfa-b662-c69ae136cdc5{ip: 192.168.69.96, host: pr-hdds-1982-decom-states-q64lx-3787986432, networkLocation: /default-rack, certSerialId: null}c1836fb8-e3d9-406d-898c-264811801e32{ip: 192.168.69.96, host: pr-hdds-1982-decom-states-q64lx-3787986432, networkLocation: /default-rack, certSerialId: null}, Type:RATIS, Factor:THREE, State:CLOSED] from datanode f6b80f64-c556-46c5-aceb-f6fa21a9cee0{ip: 192.168.69.96, host: pr-hdds-1982-decom-states-q64lx-3787986432, networkLocation: /default-rack, certSerialId: null}. Reason : f6b80f64-c556-46c5-aceb-f6fa21a9cee0 has not seen follower/s d3702e78-1ca1-4dfa-b662-c69ae136cdc5 for 148561ms c1836fb8-e3d9-406d-898c-264811801e32 for 148561ms
2019-09-11 10:49:38,864 [EventQueue-PipelineActionsForPipelineActionHandler] INFO  pipeline.SCMPipelineManager (SCMPipelineManager.java:finalizeAndDestroyPipeline(311)) - destroying pipeline:Pipeline[ Id: ab228776-ec0e-4011-86ce-d9f36a19ac90, Nodes: f6b80f64-c556-46c5-aceb-f6fa21a9cee0{ip: 192.168.69.96, host: pr-hdds-1982-decom-states-q64lx-3787986432, networkLocation: /default-rack, certSerialId: null}d3702e78-1ca1-4dfa-b662-c69ae136cdc5{ip: 192.168.69.96, host: pr-hdds-1982-decom-states-q64lx-3787986432, networkLocation: /default-rack, certSerialId: null}c1836fb8-e3d9-406d-898c-264811801e32{ip: 192.168.69.96, host: pr-hdds-1982-decom-states-q64lx-3787986432, networkLocation: /default-rack, certSerialId: null}, Type:RATIS, Factor:THREE, State:CLOSED]
2019-09-11 10:49:39,814 [c1836fb8-e3d9-406d-898c-264811801e32@group-D9F36A19AC90-SegmentedRaftLogWorker] WARN  segmented.SegmentedRaftLogWorker (SegmentedRaftLogWorker.java:getFromFuture(90)) - Timeout 14/~
org.apache.ratis.protocol.TimeoutIOException: Timeout 10s: WriteLog:18: (t:3, i:18), STATEMACHINELOGENTRY, client-188F4EEF7D07, cid=25-writeStateMachineData
	at org.apache.ratis.util.IOUtils.getFromFuture(IOUtils.java:87)
	at org.apache.ratis.server.raftlog.segmented.SegmentedRaftLogWorker$StateMachineDataPolicy.getFromFuture(SegmentedRaftLogWorker.java:87)
	at org.apache.ratis.server.raftlog.segmented.SegmentedRaftLogWorker$WriteLog.execute(SegmentedRaftLogWorker.java:477)
	at org.apache.ratis.server.raftlog.segmented.SegmentedRaftLogWorker.run(SegmentedRaftLogWorker.java:289)
	at java.lang.Thread.run(Thread.java:748)
Caused by: java.util.concurrent.TimeoutException
	at java.util.concurrent.CompletableFuture.timedGet(CompletableFuture.java:1771)
	at java.util.concurrent.CompletableFuture.get(CompletableFuture.java:1915)
	at org.apache.ratis.util.IOUtils.getFromFuture(IOUtils.java:79)
	... 4 more
2019-09-11 10:49:39,829 [d3702e78-1ca1-4dfa-b662-c69ae136cdc5@group-D9F36A19AC90-SegmentedRaftLogWorker] WARN  segmented.SegmentedRaftLogWorker (SegmentedRaftLogWorker.java:getFromFuture(90)) - Timeout 14/~
org.apache.ratis.protocol.TimeoutIOException: Timeout 10s: WriteLog:18: (t:3, i:18), STATEMACHINELOGENTRY, client-188F4EEF7D07, cid=25-writeStateMachineData
	at org.apache.ratis.util.IOUtils.getFromFuture(IOUtils.java:87)
	at org.apache.ratis.server.raftlog.segmented.SegmentedRaftLogWorker$StateMachineDataPolicy.getFromFuture(SegmentedRaftLogWorker.java:87)
	at org.apache.ratis.server.raftlog.segmented.SegmentedRaftLogWorker$WriteLog.execute(SegmentedRaftLogWorker.java:477)
	at org.apache.ratis.server.raftlog.segmented.SegmentedRaftLogWorker.run(SegmentedRaftLogWorker.java:289)
	at java.lang.Thread.run(Thread.java:748)
Caused by: java.util.concurrent.TimeoutException
	at java.util.concurrent.CompletableFuture.timedGet(CompletableFuture.java:1771)
	at java.util.concurrent.CompletableFuture.get(CompletableFuture.java:1915)
	at org.apache.ratis.util.IOUtils.getFromFuture(IOUtils.java:79)
	... 4 more
2019-09-11 10:49:39,830 [f6b80f64-c556-46c5-aceb-f6fa21a9cee0@group-D9F36A19AC90-SegmentedRaftLogWorker] WARN  segmented.SegmentedRaftLogWorker (SegmentedRaftLogWorker.java:getFromFuture(90)) - Timeout 14/~
org.apache.ratis.protocol.TimeoutIOException: Timeout 10s: WriteLog:18: (t:3, i:18), STATEMACHINELOGENTRY, client-188F4EEF7D07, cid=25-writeStateMachineData
	at org.apache.ratis.util.IOUtils.getFromFuture(IOUtils.java:87)
	at org.apache.ratis.server.raftlog.segmented.SegmentedRaftLogWorker$StateMachineDataPolicy.getFromFuture(SegmentedRaftLogWorker.java:87)
	at org.apache.ratis.server.raftlog.segmented.SegmentedRaftLogWorker$WriteLog.execute(SegmentedRaftLogWorker.java:477)
	at org.apache.ratis.server.raftlog.segmented.SegmentedRaftLogWorker.run(SegmentedRaftLogWorker.java:289)
	at java.lang.Thread.run(Thread.java:748)
Caused by: java.util.concurrent.TimeoutException
	at java.util.concurrent.CompletableFuture.timedGet(CompletableFuture.java:1771)
	at java.util.concurrent.CompletableFuture.get(CompletableFuture.java:1915)
	at org.apache.ratis.util.IOUtils.getFromFuture(IOUtils.java:79)
	... 4 more
2019-09-11 10:49:40,369 [org.apache.ratis.server.impl.LogAppender$AppenderDaemon$$Lambda$484/326972403@24bdd9b5] ERROR ratis.XceiverServerRatis (XceiverServerRatis.java:triggerPipelineClose(568)) - pipeline Action CLOSE  on pipeline PipelineID=ab228776-ec0e-4011-86ce-d9f36a19ac90.Reason : f6b80f64-c556-46c5-aceb-f6fa21a9cee0 has not seen follower/s d3702e78-1ca1-4dfa-b662-c69ae136cdc5 for 151062ms c1836fb8-e3d9-406d-898c-264811801e32 for 151062ms
2019-09-11 10:49:40,369 [org.apache.ratis.server.impl.LogAppender$AppenderDaemon$$Lambda$484/326972403@76ac9e34] ERROR ratis.XceiverServerRatis (XceiverServerRatis.java:triggerPipelineClose(568)) - pipeline Action CLOSE  on pipeline PipelineID=ab228776-ec0e-4011-86ce-d9f36a19ac90.Reason : f6b80f64-c556-46c5-aceb-f6fa21a9cee0 has not seen follower/s d3702e78-1ca1-4dfa-b662-c69ae136cdc5 for 151062ms c1836fb8-e3d9-406d-898c-264811801e32 for 151062ms
2019-09-11 10:49:40,863 [EventQueue-PipelineActionsForPipelineActionHandler] ERROR pipeline.PipelineActionHandler (PipelineActionHandler.java:onMessage(60)) - Received pipeline action CLOSE for Pipeline[ Id: ab228776-ec0e-4011-86ce-d9f36a19ac90, Nodes: f6b80f64-c556-46c5-aceb-f6fa21a9cee0{ip: 192.168.69.96, host: pr-hdds-1982-decom-states-q64lx-3787986432, networkLocation: /default-rack, certSerialId: null}d3702e78-1ca1-4dfa-b662-c69ae136cdc5{ip: 192.168.69.96, host: pr-hdds-1982-decom-states-q64lx-3787986432, networkLocation: /default-rack, certSerialId: null}c1836fb8-e3d9-406d-898c-264811801e32{ip: 192.168.69.96, host: pr-hdds-1982-decom-states-q64lx-3787986432, networkLocation: /default-rack, certSerialId: null}, Type:RATIS, Factor:THREE, State:CLOSED] from datanode f6b80f64-c556-46c5-aceb-f6fa21a9cee0{ip: 192.168.69.96, host: pr-hdds-1982-decom-states-q64lx-3787986432, networkLocation: /default-rack, certSerialId: null}. Reason : f6b80f64-c556-46c5-aceb-f6fa21a9cee0 has not seen follower/s d3702e78-1ca1-4dfa-b662-c69ae136cdc5 for 151062ms c1836fb8-e3d9-406d-898c-264811801e32 for 151062ms
2019-09-11 10:49:40,863 [EventQueue-PipelineActionsForPipelineActionHandler] INFO  pipeline.SCMPipelineManager (SCMPipelineManager.java:finalizeAndDestroyPipeline(311)) - destroying pipeline:Pipeline[ Id: ab228776-ec0e-4011-86ce-d9f36a19ac90, Nodes: f6b80f64-c556-46c5-aceb-f6fa21a9cee0{ip: 192.168.69.96, host: pr-hdds-1982-decom-states-q64lx-3787986432, networkLocation: /default-rack, certSerialId: null}d3702e78-1ca1-4dfa-b662-c69ae136cdc5{ip: 192.168.69.96, host: pr-hdds-1982-decom-states-q64lx-3787986432, networkLocation: /default-rack, certSerialId: null}c1836fb8-e3d9-406d-898c-264811801e32{ip: 192.168.69.96, host: pr-hdds-1982-decom-states-q64lx-3787986432, networkLocation: /default-rack, certSerialId: null}, Type:RATIS, Factor:THREE, State:CLOSED]
2019-09-11 10:49:40,868 [java.util.concurrent.ThreadPoolExecutor$Worker@19f1ff50[State = -1, empty queue]] WARN  server.GrpcLogAppender (GrpcLogAppender.java:timeoutAppendRequest(200)) - f6b80f64-c556-46c5-aceb-f6fa21a9cee0@group-D9F36A19AC90->d3702e78-1ca1-4dfa-b662-c69ae136cdc5-GrpcLogAppender: appendEntries Timeout, request=f6b80f64-c556-46c5-aceb-f6fa21a9cee0->d3702e78-1ca1-4dfa-b662-c69ae136cdc5#83-t3, previous=(t:3, i:23), leaderCommit=16, initializing? false, entries: <empty>
2019-09-11 10:49:40,868 [java.util.concurrent.ThreadPoolExecutor$Worker@6d0702d2[State = -1, empty queue]] WARN  server.GrpcLogAppender (GrpcLogAppender.java:timeoutAppendRequest(200)) - f6b80f64-c556-46c5-aceb-f6fa21a9cee0@group-D9F36A19AC90->c1836fb8-e3d9-406d-898c-264811801e32-GrpcLogAppender: appendEntries Timeout, request=f6b80f64-c556-46c5-aceb-f6fa21a9cee0->c1836fb8-e3d9-406d-898c-264811801e32#83-t3, previous=(t:3, i:23), leaderCommit=16, initializing? false, entries: <empty>
2019-09-11 10:49:41,024 [grpc-default-executor-2] INFO  client.GrpcClientProtocolClient (GrpcClientProtocolClient.java:onNext(264)) - client-188F4EEF7D07->d3702e78-1ca1-4dfa-b662-c69ae136cdc5: receive RaftClientReply:client-188F4EEF7D07->d3702e78-1ca1-4dfa-b662-c69ae136cdc5@group-D9F36A19AC90, cid=24, FAILED org.apache.ratis.protocol.NotLeaderException: Server d3702e78-1ca1-4dfa-b662-c69ae136cdc5@group-D9F36A19AC90 is not the leader f6b80f64-c556-46c5-aceb-f6fa21a9cee0:192.168.69.96:37990, logIndex=0, commits[d3702e78-1ca1-4dfa-b662-c69ae136cdc5:c16, c1836fb8-e3d9-406d-898c-264811801e32:c14, f6b80f64-c556-46c5-aceb-f6fa21a9cee0:c16]
2019-09-11 10:49:42,869 [org.apache.ratis.server.impl.LogAppender$AppenderDaemon$$Lambda$484/326972403@24bdd9b5] ERROR ratis.XceiverServerRatis (XceiverServerRatis.java:triggerPipelineClose(568)) - pipeline Action CLOSE  on pipeline PipelineID=ab228776-ec0e-4011-86ce-d9f36a19ac90.Reason : f6b80f64-c556-46c5-aceb-f6fa21a9cee0 has not seen follower/s d3702e78-1ca1-4dfa-b662-c69ae136cdc5 for 153563ms c1836fb8-e3d9-406d-898c-264811801e32 for 153563ms
2019-09-11 10:49:42,870 [org.apache.ratis.server.impl.LogAppender$AppenderDaemon$$Lambda$484/326972403@76ac9e34] ERROR ratis.XceiverServerRatis (XceiverServerRatis.java:triggerPipelineClose(568)) - pipeline Action CLOSE  on pipeline PipelineID=ab228776-ec0e-4011-86ce-d9f36a19ac90.Reason : f6b80f64-c556-46c5-aceb-f6fa21a9cee0 has not seen follower/s d3702e78-1ca1-4dfa-b662-c69ae136cdc5 for 153563ms c1836fb8-e3d9-406d-898c-264811801e32 for 153563ms
2019-09-11 10:49:43,369 [java.util.concurrent.ThreadPoolExecutor$Worker@19f1ff50[State = -1, empty queue]] WARN  server.GrpcLogAppender (GrpcLogAppender.java:timeoutAppendRequest(200)) - f6b80f64-c556-46c5-aceb-f6fa21a9cee0@group-D9F36A19AC90->d3702e78-1ca1-4dfa-b662-c69ae136cdc5-GrpcLogAppender: appendEntries Timeout, request=f6b80f64-c556-46c5-aceb-f6fa21a9cee0->d3702e78-1ca1-4dfa-b662-c69ae136cdc5#84-t3, previous=(t:3, i:23), leaderCommit=16, initializing? false, entries: <empty>
2019-09-11 10:49:43,369 [java.util.concurrent.ThreadPoolExecutor$Worker@6d0702d2[State = -1, empty queue]] WARN  server.GrpcLogAppender (GrpcLogAppender.java:timeoutAppendRequest(200)) - f6b80f64-c556-46c5-aceb-f6fa21a9cee0@group-D9F36A19AC90->c1836fb8-e3d9-406d-898c-264811801e32-GrpcLogAppender: appendEntries Timeout, request=f6b80f64-c556-46c5-aceb-f6fa21a9cee0->c1836fb8-e3d9-406d-898c-264811801e32#84-t3, previous=(t:3, i:23), leaderCommit=16, initializing? false, entries: <empty>
2019-09-11 10:49:43,863 [EventQueue-PipelineActionsForPipelineActionHandler] ERROR pipeline.PipelineActionHandler (PipelineActionHandler.java:onMessage(60)) - Received pipeline action CLOSE for Pipeline[ Id: ab228776-ec0e-4011-86ce-d9f36a19ac90, Nodes: f6b80f64-c556-46c5-aceb-f6fa21a9cee0{ip: 192.168.69.96, host: pr-hdds-1982-decom-states-q64lx-3787986432, networkLocation: /default-rack, certSerialId: null}d3702e78-1ca1-4dfa-b662-c69ae136cdc5{ip: 192.168.69.96, host: pr-hdds-1982-decom-states-q64lx-3787986432, networkLocation: /default-rack, certSerialId: null}c1836fb8-e3d9-406d-898c-264811801e32{ip: 192.168.69.96, host: pr-hdds-1982-decom-states-q64lx-3787986432, networkLocation: /default-rack, certSerialId: null}, Type:RATIS, Factor:THREE, State:CLOSED] from datanode f6b80f64-c556-46c5-aceb-f6fa21a9cee0{ip: 192.168.69.96, host: pr-hdds-1982-decom-states-q64lx-3787986432, networkLocation: /default-rack, certSerialId: null}. Reason : f6b80f64-c556-46c5-aceb-f6fa21a9cee0 has not seen follower/s d3702e78-1ca1-4dfa-b662-c69ae136cdc5 for 153563ms c1836fb8-e3d9-406d-898c-264811801e32 for 153563ms
2019-09-11 10:49:43,863 [EventQueue-PipelineActionsForPipelineActionHandler] INFO  pipeline.SCMPipelineManager (SCMPipelineManager.java:finalizeAndDestroyPipeline(311)) - destroying pipeline:Pipeline[ Id: ab228776-ec0e-4011-86ce-d9f36a19ac90, Nodes: f6b80f64-c556-46c5-aceb-f6fa21a9cee0{ip: 192.168.69.96, host: pr-hdds-1982-decom-states-q64lx-3787986432, networkLocation: /default-rack, certSerialId: null}d3702e78-1ca1-4dfa-b662-c69ae136cdc5{ip: 192.168.69.96, host: pr-hdds-1982-decom-states-q64lx-3787986432, networkLocation: /default-rack, certSerialId: null}c1836fb8-e3d9-406d-898c-264811801e32{ip: 192.168.69.96, host: pr-hdds-1982-decom-states-q64lx-3787986432, networkLocation: /default-rack, certSerialId: null}, Type:RATIS, Factor:THREE, State:CLOSED]
2019-09-11 10:49:45,370 [org.apache.ratis.server.impl.LogAppender$AppenderDaemon$$Lambda$484/326972403@24bdd9b5] ERROR ratis.XceiverServerRatis (XceiverServerRatis.java:triggerPipelineClose(568)) - pipeline Action CLOSE  on pipeline PipelineID=ab228776-ec0e-4011-86ce-d9f36a19ac90.Reason : f6b80f64-c556-46c5-aceb-f6fa21a9cee0 has not seen follower/s d3702e78-1ca1-4dfa-b662-c69ae136cdc5 for 156064ms c1836fb8-e3d9-406d-898c-264811801e32 for 156064ms
2019-09-11 10:49:45,371 [org.apache.ratis.server.impl.LogAppender$AppenderDaemon$$Lambda$484/326972403@76ac9e34] ERROR ratis.XceiverServerRatis (XceiverServerRatis.java:triggerPipelineClose(568)) - pipeline Action CLOSE  on pipeline PipelineID=ab228776-ec0e-4011-86ce-d9f36a19ac90.Reason : f6b80f64-c556-46c5-aceb-f6fa21a9cee0 has not seen follower/s d3702e78-1ca1-4dfa-b662-c69ae136cdc5 for 156064ms c1836fb8-e3d9-406d-898c-264811801e32 for 156064ms
2019-09-11 10:49:45,863 [EventQueue-PipelineActionsForPipelineActionHandler] ERROR pipeline.PipelineActionHandler (PipelineActionHandler.java:onMessage(60)) - Received pipeline action CLOSE for Pipeline[ Id: ab228776-ec0e-4011-86ce-d9f36a19ac90, Nodes: f6b80f64-c556-46c5-aceb-f6fa21a9cee0{ip: 192.168.69.96, host: pr-hdds-1982-decom-states-q64lx-3787986432, networkLocation: /default-rack, certSerialId: null}d3702e78-1ca1-4dfa-b662-c69ae136cdc5{ip: 192.168.69.96, host: pr-hdds-1982-decom-states-q64lx-3787986432, networkLocation: /default-rack, certSerialId: null}c1836fb8-e3d9-406d-898c-264811801e32{ip: 192.168.69.96, host: pr-hdds-1982-decom-states-q64lx-3787986432, networkLocation: /default-rack, certSerialId: null}, Type:RATIS, Factor:THREE, State:CLOSED] from datanode f6b80f64-c556-46c5-aceb-f6fa21a9cee0{ip: 192.168.69.96, host: pr-hdds-1982-decom-states-q64lx-3787986432, networkLocation: /default-rack, certSerialId: null}. Reason : f6b80f64-c556-46c5-aceb-f6fa21a9cee0 has not seen follower/s d3702e78-1ca1-4dfa-b662-c69ae136cdc5 for 156064ms c1836fb8-e3d9-406d-898c-264811801e32 for 156064ms
2019-09-11 10:49:45,863 [EventQueue-PipelineActionsForPipelineActionHandler] INFO  pipeline.SCMPipelineManager (SCMPipelineManager.java:finalizeAndDestroyPipeline(311)) - destroying pipeline:Pipeline[ Id: ab228776-ec0e-4011-86ce-d9f36a19ac90, Nodes: f6b80f64-c556-46c5-aceb-f6fa21a9cee0{ip: 192.168.69.96, host: pr-hdds-1982-decom-states-q64lx-3787986432, networkLocation: /default-rack, certSerialId: null}d3702e78-1ca1-4dfa-b662-c69ae136cdc5{ip: 192.168.69.96, host: pr-hdds-1982-decom-states-q64lx-3787986432, networkLocation: /default-rack, certSerialId: null}c1836fb8-e3d9-406d-898c-264811801e32{ip: 192.168.69.96, host: pr-hdds-1982-decom-states-q64lx-3787986432, networkLocation: /default-rack, certSerialId: null}, Type:RATIS, Factor:THREE, State:CLOSED]
2019-09-11 10:49:45,870 [java.util.concurrent.ThreadPoolExecutor$Worker@19f1ff50[State = -1, empty queue]] WARN  server.GrpcLogAppender (GrpcLogAppender.java:timeoutAppendRequest(200)) - f6b80f64-c556-46c5-aceb-f6fa21a9cee0@group-D9F36A19AC90->d3702e78-1ca1-4dfa-b662-c69ae136cdc5-GrpcLogAppender: appendEntries Timeout, request=f6b80f64-c556-46c5-aceb-f6fa21a9cee0->d3702e78-1ca1-4dfa-b662-c69ae136cdc5#85-t3, previous=(t:3, i:23), leaderCommit=16, initializing? false, entries: <empty>
2019-09-11 10:49:45,870 [java.util.concurrent.ThreadPoolExecutor$Worker@6d0702d2[State = -1, empty queue]] WARN  server.GrpcLogAppender (GrpcLogAppender.java:timeoutAppendRequest(200)) - f6b80f64-c556-46c5-aceb-f6fa21a9cee0@group-D9F36A19AC90->c1836fb8-e3d9-406d-898c-264811801e32-GrpcLogAppender: appendEntries Timeout, request=f6b80f64-c556-46c5-aceb-f6fa21a9cee0->c1836fb8-e3d9-406d-898c-264811801e32#85-t3, previous=(t:3, i:23), leaderCommit=16, initializing? false, entries: <empty>
2019-09-11 10:49:46,066 [grpc-default-executor-4] INFO  client.GrpcClientProtocolClient (GrpcClientProtocolClient.java:onNext(264)) - client-188F4EEF7D07->d3702e78-1ca1-4dfa-b662-c69ae136cdc5: receive RaftClientReply:client-188F4EEF7D07->d3702e78-1ca1-4dfa-b662-c69ae136cdc5@group-D9F36A19AC90, cid=24, FAILED org.apache.ratis.protocol.NotLeaderException: Server d3702e78-1ca1-4dfa-b662-c69ae136cdc5@group-D9F36A19AC90 is not the leader f6b80f64-c556-46c5-aceb-f6fa21a9cee0:192.168.69.96:37990, logIndex=0, commits[d3702e78-1ca1-4dfa-b662-c69ae136cdc5:c16, c1836fb8-e3d9-406d-898c-264811801e32:c14, f6b80f64-c556-46c5-aceb-f6fa21a9cee0:c16]
2019-09-11 10:49:47,873 [org.apache.ratis.server.impl.LogAppender$AppenderDaemon$$Lambda$484/326972403@76ac9e34] ERROR ratis.XceiverServerRatis (XceiverServerRatis.java:triggerPipelineClose(568)) - pipeline Action CLOSE  on pipeline PipelineID=ab228776-ec0e-4011-86ce-d9f36a19ac90.Reason : f6b80f64-c556-46c5-aceb-f6fa21a9cee0 has not seen follower/s d3702e78-1ca1-4dfa-b662-c69ae136cdc5 for 158566ms c1836fb8-e3d9-406d-898c-264811801e32 for 158566ms
2019-09-11 10:49:47,873 [org.apache.ratis.server.impl.LogAppender$AppenderDaemon$$Lambda$484/326972403@24bdd9b5] ERROR ratis.XceiverServerRatis (XceiverServerRatis.java:triggerPipelineClose(568)) - pipeline Action CLOSE  on pipeline PipelineID=ab228776-ec0e-4011-86ce-d9f36a19ac90.Reason : f6b80f64-c556-46c5-aceb-f6fa21a9cee0 has not seen follower/s d3702e78-1ca1-4dfa-b662-c69ae136cdc5 for 158566ms c1836fb8-e3d9-406d-898c-264811801e32 for 158566ms
2019-09-11 10:49:48,371 [java.util.concurrent.ThreadPoolExecutor$Worker@19f1ff50[State = -1, empty queue]] WARN  server.GrpcLogAppender (GrpcLogAppender.java:timeoutAppendRequest(200)) - f6b80f64-c556-46c5-aceb-f6fa21a9cee0@group-D9F36A19AC90->d3702e78-1ca1-4dfa-b662-c69ae136cdc5-GrpcLogAppender: appendEntries Timeout, request=f6b80f64-c556-46c5-aceb-f6fa21a9cee0->d3702e78-1ca1-4dfa-b662-c69ae136cdc5#86-t3, previous=(t:3, i:23), leaderCommit=16, initializing? false, entries: <empty>
2019-09-11 10:49:48,371 [java.util.concurrent.ThreadPoolExecutor$Worker@6d0702d2[State = -1, empty queue]] WARN  server.GrpcLogAppender (GrpcLogAppender.java:timeoutAppendRequest(200)) - f6b80f64-c556-46c5-aceb-f6fa21a9cee0@group-D9F36A19AC90->c1836fb8-e3d9-406d-898c-264811801e32-GrpcLogAppender: appendEntries Timeout, request=f6b80f64-c556-46c5-aceb-f6fa21a9cee0->c1836fb8-e3d9-406d-898c-264811801e32#86-t3, previous=(t:3, i:23), leaderCommit=16, initializing? false, entries: <empty>
2019-09-11 10:49:48,865 [EventQueue-PipelineActionsForPipelineActionHandler] ERROR pipeline.PipelineActionHandler (PipelineActionHandler.java:onMessage(60)) - Received pipeline action CLOSE for Pipeline[ Id: ab228776-ec0e-4011-86ce-d9f36a19ac90, Nodes: f6b80f64-c556-46c5-aceb-f6fa21a9cee0{ip: 192.168.69.96, host: pr-hdds-1982-decom-states-q64lx-3787986432, networkLocation: /default-rack, certSerialId: null}d3702e78-1ca1-4dfa-b662-c69ae136cdc5{ip: 192.168.69.96, host: pr-hdds-1982-decom-states-q64lx-3787986432, networkLocation: /default-rack, certSerialId: null}c1836fb8-e3d9-406d-898c-264811801e32{ip: 192.168.69.96, host: pr-hdds-1982-decom-states-q64lx-3787986432, networkLocation: /default-rack, certSerialId: null}, Type:RATIS, Factor:THREE, State:CLOSED] from datanode f6b80f64-c556-46c5-aceb-f6fa21a9cee0{ip: 192.168.69.96, host: pr-hdds-1982-decom-states-q64lx-3787986432, networkLocation: /default-rack, certSerialId: null}. Reason : f6b80f64-c556-46c5-aceb-f6fa21a9cee0 has not seen follower/s d3702e78-1ca1-4dfa-b662-c69ae136cdc5 for 158566ms c1836fb8-e3d9-406d-898c-264811801e32 for 158566ms
2019-09-11 10:49:48,865 [EventQueue-PipelineActionsForPipelineActionHandler] INFO  pipeline.SCMPipelineManager (SCMPipelineManager.java:finalizeAndDestroyPipeline(311)) - destroying pipeline:Pipeline[ Id: ab228776-ec0e-4011-86ce-d9f36a19ac90, Nodes: f6b80f64-c556-46c5-aceb-f6fa21a9cee0{ip: 192.168.69.96, host: pr-hdds-1982-decom-states-q64lx-3787986432, networkLocation: /default-rack, certSerialId: null}d3702e78-1ca1-4dfa-b662-c69ae136cdc5{ip: 192.168.69.96, host: pr-hdds-1982-decom-states-q64lx-3787986432, networkLocation: /default-rack, certSerialId: null}c1836fb8-e3d9-406d-898c-264811801e32{ip: 192.168.69.96, host: pr-hdds-1982-decom-states-q64lx-3787986432, networkLocation: /default-rack, certSerialId: null}, Type:RATIS, Factor:THREE, State:CLOSED]
2019-09-11 10:49:49,815 [c1836fb8-e3d9-406d-898c-264811801e32@group-D9F36A19AC90-SegmentedRaftLogWorker] WARN  segmented.SegmentedRaftLogWorker (SegmentedRaftLogWorker.java:getFromFuture(90)) - Timeout 15/~
org.apache.ratis.protocol.TimeoutIOException: Timeout 10s: WriteLog:18: (t:3, i:18), STATEMACHINELOGENTRY, client-188F4EEF7D07, cid=25-writeStateMachineData
	at org.apache.ratis.util.IOUtils.getFromFuture(IOUtils.java:87)
	at org.apache.ratis.server.raftlog.segmented.SegmentedRaftLogWorker$StateMachineDataPolicy.getFromFuture(SegmentedRaftLogWorker.java:87)
	at org.apache.ratis.server.raftlog.segmented.SegmentedRaftLogWorker$WriteLog.execute(SegmentedRaftLogWorker.java:477)
	at org.apache.ratis.server.raftlog.segmented.SegmentedRaftLogWorker.run(SegmentedRaftLogWorker.java:289)
	at java.lang.Thread.run(Thread.java:748)
Caused by: java.util.concurrent.TimeoutException
	at java.util.concurrent.CompletableFuture.timedGet(CompletableFuture.java:1771)
	at java.util.concurrent.CompletableFuture.get(CompletableFuture.java:1915)
	at org.apache.ratis.util.IOUtils.getFromFuture(IOUtils.java:79)
	... 4 more
2019-09-11 10:49:49,830 [d3702e78-1ca1-4dfa-b662-c69ae136cdc5@group-D9F36A19AC90-SegmentedRaftLogWorker] WARN  segmented.SegmentedRaftLogWorker (SegmentedRaftLogWorker.java:getFromFuture(90)) - Timeout 15/~
org.apache.ratis.protocol.TimeoutIOException: Timeout 10s: WriteLog:18: (t:3, i:18), STATEMACHINELOGENTRY, client-188F4EEF7D07, cid=25-writeStateMachineData
	at org.apache.ratis.util.IOUtils.getFromFuture(IOUtils.java:87)
	at org.apache.ratis.server.raftlog.segmented.SegmentedRaftLogWorker$StateMachineDataPolicy.getFromFuture(SegmentedRaftLogWorker.java:87)
	at org.apache.ratis.server.raftlog.segmented.SegmentedRaftLogWorker$WriteLog.execute(SegmentedRaftLogWorker.java:477)
	at org.apache.ratis.server.raftlog.segmented.SegmentedRaftLogWorker.run(SegmentedRaftLogWorker.java:289)
	at java.lang.Thread.run(Thread.java:748)
Caused by: java.util.concurrent.TimeoutException
	at java.util.concurrent.CompletableFuture.timedGet(CompletableFuture.java:1771)
	at java.util.concurrent.CompletableFuture.get(CompletableFuture.java:1915)
	at org.apache.ratis.util.IOUtils.getFromFuture(IOUtils.java:79)
	... 4 more
2019-09-11 10:49:49,845 [f6b80f64-c556-46c5-aceb-f6fa21a9cee0@group-D9F36A19AC90-SegmentedRaftLogWorker] WARN  segmented.SegmentedRaftLogWorker (SegmentedRaftLogWorker.java:getFromFuture(90)) - Timeout 15/~
org.apache.ratis.protocol.TimeoutIOException: Timeout 10s: WriteLog:18: (t:3, i:18), STATEMACHINELOGENTRY, client-188F4EEF7D07, cid=25-writeStateMachineData
	at org.apache.ratis.util.IOUtils.getFromFuture(IOUtils.java:87)
	at org.apache.ratis.server.raftlog.segmented.SegmentedRaftLogWorker$StateMachineDataPolicy.getFromFuture(SegmentedRaftLogWorker.java:87)
	at org.apache.ratis.server.raftlog.segmented.SegmentedRaftLogWorker$WriteLog.execute(SegmentedRaftLogWorker.java:477)
	at org.apache.ratis.server.raftlog.segmented.SegmentedRaftLogWorker.run(SegmentedRaftLogWorker.java:289)
	at java.lang.Thread.run(Thread.java:748)
Caused by: java.util.concurrent.TimeoutException
	at java.util.concurrent.CompletableFuture.timedGet(CompletableFuture.java:1771)
	at java.util.concurrent.CompletableFuture.get(CompletableFuture.java:1915)
	at org.apache.ratis.util.IOUtils.getFromFuture(IOUtils.java:79)
	... 4 more
2019-09-11 10:49:50,373 [org.apache.ratis.server.impl.LogAppender$AppenderDaemon$$Lambda$484/326972403@76ac9e34] ERROR ratis.XceiverServerRatis (XceiverServerRatis.java:triggerPipelineClose(568)) - pipeline Action CLOSE  on pipeline PipelineID=ab228776-ec0e-4011-86ce-d9f36a19ac90.Reason : f6b80f64-c556-46c5-aceb-f6fa21a9cee0 has not seen follower/s d3702e78-1ca1-4dfa-b662-c69ae136cdc5 for 161066ms c1836fb8-e3d9-406d-898c-264811801e32 for 161067ms
2019-09-11 10:49:50,373 [org.apache.ratis.server.impl.LogAppender$AppenderDaemon$$Lambda$484/326972403@24bdd9b5] ERROR ratis.XceiverServerRatis (XceiverServerRatis.java:triggerPipelineClose(568)) - pipeline Action CLOSE  on pipeline PipelineID=ab228776-ec0e-4011-86ce-d9f36a19ac90.Reason : f6b80f64-c556-46c5-aceb-f6fa21a9cee0 has not seen follower/s d3702e78-1ca1-4dfa-b662-c69ae136cdc5 for 161066ms c1836fb8-e3d9-406d-898c-264811801e32 for 161067ms
2019-09-11 10:49:50,864 [EventQueue-PipelineActionsForPipelineActionHandler] ERROR pipeline.PipelineActionHandler (PipelineActionHandler.java:onMessage(60)) - Received pipeline action CLOSE for Pipeline[ Id: ab228776-ec0e-4011-86ce-d9f36a19ac90, Nodes: f6b80f64-c556-46c5-aceb-f6fa21a9cee0{ip: 192.168.69.96, host: pr-hdds-1982-decom-states-q64lx-3787986432, networkLocation: /default-rack, certSerialId: null}d3702e78-1ca1-4dfa-b662-c69ae136cdc5{ip: 192.168.69.96, host: pr-hdds-1982-decom-states-q64lx-3787986432, networkLocation: /default-rack, certSerialId: null}c1836fb8-e3d9-406d-898c-264811801e32{ip: 192.168.69.96, host: pr-hdds-1982-decom-states-q64lx-3787986432, networkLocation: /default-rack, certSerialId: null}, Type:RATIS, Factor:THREE, State:CLOSED] from datanode f6b80f64-c556-46c5-aceb-f6fa21a9cee0{ip: 192.168.69.96, host: pr-hdds-1982-decom-states-q64lx-3787986432, networkLocation: /default-rack, certSerialId: null}. Reason : f6b80f64-c556-46c5-aceb-f6fa21a9cee0 has not seen follower/s d3702e78-1ca1-4dfa-b662-c69ae136cdc5 for 161066ms c1836fb8-e3d9-406d-898c-264811801e32 for 161067ms
2019-09-11 10:49:50,864 [EventQueue-PipelineActionsForPipelineActionHandler] INFO  pipeline.SCMPipelineManager (SCMPipelineManager.java:finalizeAndDestroyPipeline(311)) - destroying pipeline:Pipeline[ Id: ab228776-ec0e-4011-86ce-d9f36a19ac90, Nodes: f6b80f64-c556-46c5-aceb-f6fa21a9cee0{ip: 192.168.69.96, host: pr-hdds-1982-decom-states-q64lx-3787986432, networkLocation: /default-rack, certSerialId: null}d3702e78-1ca1-4dfa-b662-c69ae136cdc5{ip: 192.168.69.96, host: pr-hdds-1982-decom-states-q64lx-3787986432, networkLocation: /default-rack, certSerialId: null}c1836fb8-e3d9-406d-898c-264811801e32{ip: 192.168.69.96, host: pr-hdds-1982-decom-states-q64lx-3787986432, networkLocation: /default-rack, certSerialId: null}, Type:RATIS, Factor:THREE, State:CLOSED]
2019-09-11 10:49:50,873 [java.util.concurrent.ThreadPoolExecutor$Worker@19f1ff50[State = -1, empty queue]] WARN  server.GrpcLogAppender (GrpcLogAppender.java:timeoutAppendRequest(200)) - f6b80f64-c556-46c5-aceb-f6fa21a9cee0@group-D9F36A19AC90->d3702e78-1ca1-4dfa-b662-c69ae136cdc5-GrpcLogAppender: appendEntries Timeout, request=f6b80f64-c556-46c5-aceb-f6fa21a9cee0->d3702e78-1ca1-4dfa-b662-c69ae136cdc5#87-t3, previous=(t:3, i:23), leaderCommit=16, initializing? false, entries: <empty>
2019-09-11 10:49:50,873 [java.util.concurrent.ThreadPoolExecutor$Worker@6d0702d2[State = -1, empty queue]] WARN  server.GrpcLogAppender (GrpcLogAppender.java:timeoutAppendRequest(200)) - f6b80f64-c556-46c5-aceb-f6fa21a9cee0@group-D9F36A19AC90->c1836fb8-e3d9-406d-898c-264811801e32-GrpcLogAppender: appendEntries Timeout, request=f6b80f64-c556-46c5-aceb-f6fa21a9cee0->c1836fb8-e3d9-406d-898c-264811801e32#87-t3, previous=(t:3, i:23), leaderCommit=16, initializing? false, entries: <empty>
2019-09-11 10:49:51,116 [grpc-default-executor-2] INFO  client.GrpcClientProtocolClient (GrpcClientProtocolClient.java:onNext(264)) - client-188F4EEF7D07->c1836fb8-e3d9-406d-898c-264811801e32: receive RaftClientReply:client-188F4EEF7D07->c1836fb8-e3d9-406d-898c-264811801e32@group-D9F36A19AC90, cid=24, FAILED org.apache.ratis.protocol.NotLeaderException: Server c1836fb8-e3d9-406d-898c-264811801e32@group-D9F36A19AC90 is not the leader f6b80f64-c556-46c5-aceb-f6fa21a9cee0:192.168.69.96:37990, logIndex=0, commits[c1836fb8-e3d9-406d-898c-264811801e32:c16, d3702e78-1ca1-4dfa-b662-c69ae136cdc5:c14, f6b80f64-c556-46c5-aceb-f6fa21a9cee0:c16]
2019-09-11 10:49:52,875 [org.apache.ratis.server.impl.LogAppender$AppenderDaemon$$Lambda$484/326972403@76ac9e34] ERROR ratis.XceiverServerRatis (XceiverServerRatis.java:triggerPipelineClose(568)) - pipeline Action CLOSE  on pipeline PipelineID=ab228776-ec0e-4011-86ce-d9f36a19ac90.Reason : f6b80f64-c556-46c5-aceb-f6fa21a9cee0 has not seen follower/s d3702e78-1ca1-4dfa-b662-c69ae136cdc5 for 163568ms c1836fb8-e3d9-406d-898c-264811801e32 for 163569ms
2019-09-11 10:49:52,875 [org.apache.ratis.server.impl.LogAppender$AppenderDaemon$$Lambda$484/326972403@24bdd9b5] ERROR ratis.XceiverServerRatis (XceiverServerRatis.java:triggerPipelineClose(568)) - pipeline Action CLOSE  on pipeline PipelineID=ab228776-ec0e-4011-86ce-d9f36a19ac90.Reason : f6b80f64-c556-46c5-aceb-f6fa21a9cee0 has not seen follower/s d3702e78-1ca1-4dfa-b662-c69ae136cdc5 for 163568ms c1836fb8-e3d9-406d-898c-264811801e32 for 163569ms
2019-09-11 10:49:53,373 [java.util.concurrent.ThreadPoolExecutor$Worker@6d0702d2[State = -1, empty queue]] WARN  server.GrpcLogAppender (GrpcLogAppender.java:timeoutAppendRequest(200)) - f6b80f64-c556-46c5-aceb-f6fa21a9cee0@group-D9F36A19AC90->c1836fb8-e3d9-406d-898c-264811801e32-GrpcLogAppender: appendEntries Timeout, request=f6b80f64-c556-46c5-aceb-f6fa21a9cee0->c1836fb8-e3d9-406d-898c-264811801e32#88-t3, previous=(t:3, i:23), leaderCommit=16, initializing? false, entries: <empty>
2019-09-11 10:49:53,373 [java.util.concurrent.ThreadPoolExecutor$Worker@19f1ff50[State = -1, empty queue]] WARN  server.GrpcLogAppender (GrpcLogAppender.java:timeoutAppendRequest(200)) - f6b80f64-c556-46c5-aceb-f6fa21a9cee0@group-D9F36A19AC90->d3702e78-1ca1-4dfa-b662-c69ae136cdc5-GrpcLogAppender: appendEntries Timeout, request=f6b80f64-c556-46c5-aceb-f6fa21a9cee0->d3702e78-1ca1-4dfa-b662-c69ae136cdc5#88-t3, previous=(t:3, i:23), leaderCommit=16, initializing? false, entries: <empty>
2019-09-11 10:49:53,865 [EventQueue-PipelineActionsForPipelineActionHandler] ERROR pipeline.PipelineActionHandler (PipelineActionHandler.java:onMessage(60)) - Received pipeline action CLOSE for Pipeline[ Id: ab228776-ec0e-4011-86ce-d9f36a19ac90, Nodes: f6b80f64-c556-46c5-aceb-f6fa21a9cee0{ip: 192.168.69.96, host: pr-hdds-1982-decom-states-q64lx-3787986432, networkLocation: /default-rack, certSerialId: null}d3702e78-1ca1-4dfa-b662-c69ae136cdc5{ip: 192.168.69.96, host: pr-hdds-1982-decom-states-q64lx-3787986432, networkLocation: /default-rack, certSerialId: null}c1836fb8-e3d9-406d-898c-264811801e32{ip: 192.168.69.96, host: pr-hdds-1982-decom-states-q64lx-3787986432, networkLocation: /default-rack, certSerialId: null}, Type:RATIS, Factor:THREE, State:CLOSED] from datanode f6b80f64-c556-46c5-aceb-f6fa21a9cee0{ip: 192.168.69.96, host: pr-hdds-1982-decom-states-q64lx-3787986432, networkLocation: /default-rack, certSerialId: null}. Reason : f6b80f64-c556-46c5-aceb-f6fa21a9cee0 has not seen follower/s d3702e78-1ca1-4dfa-b662-c69ae136cdc5 for 163568ms c1836fb8-e3d9-406d-898c-264811801e32 for 163569ms
2019-09-11 10:49:53,866 [EventQueue-PipelineActionsForPipelineActionHandler] INFO  pipeline.SCMPipelineManager (SCMPipelineManager.java:finalizeAndDestroyPipeline(311)) - destroying pipeline:Pipeline[ Id: ab228776-ec0e-4011-86ce-d9f36a19ac90, Nodes: f6b80f64-c556-46c5-aceb-f6fa21a9cee0{ip: 192.168.69.96, host: pr-hdds-1982-decom-states-q64lx-3787986432, networkLocation: /default-rack, certSerialId: null}d3702e78-1ca1-4dfa-b662-c69ae136cdc5{ip: 192.168.69.96, host: pr-hdds-1982-decom-states-q64lx-3787986432, networkLocation: /default-rack, certSerialId: null}c1836fb8-e3d9-406d-898c-264811801e32{ip: 192.168.69.96, host: pr-hdds-1982-decom-states-q64lx-3787986432, networkLocation: /default-rack, certSerialId: null}, Type:RATIS, Factor:THREE, State:CLOSED]
2019-09-11 10:49:55,376 [org.apache.ratis.server.impl.LogAppender$AppenderDaemon$$Lambda$484/326972403@24bdd9b5] ERROR ratis.XceiverServerRatis (XceiverServerRatis.java:triggerPipelineClose(568)) - pipeline Action CLOSE  on pipeline PipelineID=ab228776-ec0e-4011-86ce-d9f36a19ac90.Reason : f6b80f64-c556-46c5-aceb-f6fa21a9cee0 has not seen follower/s d3702e78-1ca1-4dfa-b662-c69ae136cdc5 for 166069ms c1836fb8-e3d9-406d-898c-264811801e32 for 166070ms
2019-09-11 10:49:55,376 [org.apache.ratis.server.impl.LogAppender$AppenderDaemon$$Lambda$484/326972403@76ac9e34] ERROR ratis.XceiverServerRatis (XceiverServerRatis.java:triggerPipelineClose(568)) - pipeline Action CLOSE  on pipeline PipelineID=ab228776-ec0e-4011-86ce-d9f36a19ac90.Reason : f6b80f64-c556-46c5-aceb-f6fa21a9cee0 has not seen follower/s d3702e78-1ca1-4dfa-b662-c69ae136cdc5 for 166069ms c1836fb8-e3d9-406d-898c-264811801e32 for 166070ms
2019-09-11 10:49:55,864 [EventQueue-PipelineActionsForPipelineActionHandler] ERROR pipeline.PipelineActionHandler (PipelineActionHandler.java:onMessage(60)) - Received pipeline action CLOSE for Pipeline[ Id: ab228776-ec0e-4011-86ce-d9f36a19ac90, Nodes: f6b80f64-c556-46c5-aceb-f6fa21a9cee0{ip: 192.168.69.96, host: pr-hdds-1982-decom-states-q64lx-3787986432, networkLocation: /default-rack, certSerialId: null}d3702e78-1ca1-4dfa-b662-c69ae136cdc5{ip: 192.168.69.96, host: pr-hdds-1982-decom-states-q64lx-3787986432, networkLocation: /default-rack, certSerialId: null}c1836fb8-e3d9-406d-898c-264811801e32{ip: 192.168.69.96, host: pr-hdds-1982-decom-states-q64lx-3787986432, networkLocation: /default-rack, certSerialId: null}, Type:RATIS, Factor:THREE, State:CLOSED] from datanode f6b80f64-c556-46c5-aceb-f6fa21a9cee0{ip: 192.168.69.96, host: pr-hdds-1982-decom-states-q64lx-3787986432, networkLocation: /default-rack, certSerialId: null}. Reason : f6b80f64-c556-46c5-aceb-f6fa21a9cee0 has not seen follower/s d3702e78-1ca1-4dfa-b662-c69ae136cdc5 for 166069ms c1836fb8-e3d9-406d-898c-264811801e32 for 166070ms
2019-09-11 10:49:55,864 [EventQueue-PipelineActionsForPipelineActionHandler] INFO  pipeline.SCMPipelineManager (SCMPipelineManager.java:finalizeAndDestroyPipeline(311)) - destroying pipeline:Pipeline[ Id: ab228776-ec0e-4011-86ce-d9f36a19ac90, Nodes: f6b80f64-c556-46c5-aceb-f6fa21a9cee0{ip: 192.168.69.96, host: pr-hdds-1982-decom-states-q64lx-3787986432, networkLocation: /default-rack, certSerialId: null}d3702e78-1ca1-4dfa-b662-c69ae136cdc5{ip: 192.168.69.96, host: pr-hdds-1982-decom-states-q64lx-3787986432, networkLocation: /default-rack, certSerialId: null}c1836fb8-e3d9-406d-898c-264811801e32{ip: 192.168.69.96, host: pr-hdds-1982-decom-states-q64lx-3787986432, networkLocation: /default-rack, certSerialId: null}, Type:RATIS, Factor:THREE, State:CLOSED]
2019-09-11 10:49:55,875 [java.util.concurrent.ThreadPoolExecutor$Worker@19f1ff50[State = -1, empty queue]] WARN  server.GrpcLogAppender (GrpcLogAppender.java:timeoutAppendRequest(200)) - f6b80f64-c556-46c5-aceb-f6fa21a9cee0@group-D9F36A19AC90->d3702e78-1ca1-4dfa-b662-c69ae136cdc5-GrpcLogAppender: appendEntries Timeout, request=f6b80f64-c556-46c5-aceb-f6fa21a9cee0->d3702e78-1ca1-4dfa-b662-c69ae136cdc5#89-t3, previous=(t:3, i:23), leaderCommit=16, initializing? false, entries: <empty>
2019-09-11 10:49:55,875 [java.util.concurrent.ThreadPoolExecutor$Worker@6d0702d2[State = -1, empty queue]] WARN  server.GrpcLogAppender (GrpcLogAppender.java:timeoutAppendRequest(200)) - f6b80f64-c556-46c5-aceb-f6fa21a9cee0@group-D9F36A19AC90->c1836fb8-e3d9-406d-898c-264811801e32-GrpcLogAppender: appendEntries Timeout, request=f6b80f64-c556-46c5-aceb-f6fa21a9cee0->c1836fb8-e3d9-406d-898c-264811801e32#89-t3, previous=(t:3, i:23), leaderCommit=16, initializing? false, entries: <empty>
2019-09-11 10:49:56,171 [grpc-default-executor-2] INFO  client.GrpcClientProtocolClient (GrpcClientProtocolClient.java:onNext(264)) - client-188F4EEF7D07->d3702e78-1ca1-4dfa-b662-c69ae136cdc5: receive RaftClientReply:client-188F4EEF7D07->d3702e78-1ca1-4dfa-b662-c69ae136cdc5@group-D9F36A19AC90, cid=24, FAILED org.apache.ratis.protocol.NotLeaderException: Server d3702e78-1ca1-4dfa-b662-c69ae136cdc5@group-D9F36A19AC90 is not the leader f6b80f64-c556-46c5-aceb-f6fa21a9cee0:192.168.69.96:37990, logIndex=0, commits[d3702e78-1ca1-4dfa-b662-c69ae136cdc5:c16, c1836fb8-e3d9-406d-898c-264811801e32:c14, f6b80f64-c556-46c5-aceb-f6fa21a9cee0:c16]
2019-09-11 10:49:57,878 [org.apache.ratis.server.impl.LogAppender$AppenderDaemon$$Lambda$484/326972403@24bdd9b5] ERROR ratis.XceiverServerRatis (XceiverServerRatis.java:triggerPipelineClose(568)) - pipeline Action CLOSE  on pipeline PipelineID=ab228776-ec0e-4011-86ce-d9f36a19ac90.Reason : f6b80f64-c556-46c5-aceb-f6fa21a9cee0 has not seen follower/s d3702e78-1ca1-4dfa-b662-c69ae136cdc5 for 168571ms c1836fb8-e3d9-406d-898c-264811801e32 for 168571ms
2019-09-11 10:49:57,878 [org.apache.ratis.server.impl.LogAppender$AppenderDaemon$$Lambda$484/326972403@76ac9e34] ERROR ratis.XceiverServerRatis (XceiverServerRatis.java:triggerPipelineClose(568)) - pipeline Action CLOSE  on pipeline PipelineID=ab228776-ec0e-4011-86ce-d9f36a19ac90.Reason : f6b80f64-c556-46c5-aceb-f6fa21a9cee0 has not seen follower/s d3702e78-1ca1-4dfa-b662-c69ae136cdc5 for 168571ms c1836fb8-e3d9-406d-898c-264811801e32 for 168571ms
2019-09-11 10:49:58,376 [java.util.concurrent.ThreadPoolExecutor$Worker@19f1ff50[State = -1, empty queue]] WARN  server.GrpcLogAppender (GrpcLogAppender.java:timeoutAppendRequest(200)) - f6b80f64-c556-46c5-aceb-f6fa21a9cee0@group-D9F36A19AC90->d3702e78-1ca1-4dfa-b662-c69ae136cdc5-GrpcLogAppender: appendEntries Timeout, request=f6b80f64-c556-46c5-aceb-f6fa21a9cee0->d3702e78-1ca1-4dfa-b662-c69ae136cdc5#90-t3, previous=(t:3, i:23), leaderCommit=16, initializing? false, entries: <empty>
2019-09-11 10:49:58,376 [java.util.concurrent.ThreadPoolExecutor$Worker@6d0702d2[State = -1, empty queue]] WARN  server.GrpcLogAppender (GrpcLogAppender.java:timeoutAppendRequest(200)) - f6b80f64-c556-46c5-aceb-f6fa21a9cee0@group-D9F36A19AC90->c1836fb8-e3d9-406d-898c-264811801e32-GrpcLogAppender: appendEntries Timeout, request=f6b80f64-c556-46c5-aceb-f6fa21a9cee0->c1836fb8-e3d9-406d-898c-264811801e32#90-t3, previous=(t:3, i:23), leaderCommit=16, initializing? false, entries: <empty>
2019-09-11 10:49:58,865 [EventQueue-PipelineActionsForPipelineActionHandler] ERROR pipeline.PipelineActionHandler (PipelineActionHandler.java:onMessage(60)) - Received pipeline action CLOSE for Pipeline[ Id: ab228776-ec0e-4011-86ce-d9f36a19ac90, Nodes: f6b80f64-c556-46c5-aceb-f6fa21a9cee0{ip: 192.168.69.96, host: pr-hdds-1982-decom-states-q64lx-3787986432, networkLocation: /default-rack, certSerialId: null}d3702e78-1ca1-4dfa-b662-c69ae136cdc5{ip: 192.168.69.96, host: pr-hdds-1982-decom-states-q64lx-3787986432, networkLocation: /default-rack, certSerialId: null}c1836fb8-e3d9-406d-898c-264811801e32{ip: 192.168.69.96, host: pr-hdds-1982-decom-states-q64lx-3787986432, networkLocation: /default-rack, certSerialId: null}, Type:RATIS, Factor:THREE, State:CLOSED] from datanode f6b80f64-c556-46c5-aceb-f6fa21a9cee0{ip: 192.168.69.96, host: pr-hdds-1982-decom-states-q64lx-3787986432, networkLocation: /default-rack, certSerialId: null}. Reason : f6b80f64-c556-46c5-aceb-f6fa21a9cee0 has not seen follower/s d3702e78-1ca1-4dfa-b662-c69ae136cdc5 for 168571ms c1836fb8-e3d9-406d-898c-264811801e32 for 168571ms
2019-09-11 10:49:58,865 [EventQueue-PipelineActionsForPipelineActionHandler] INFO  pipeline.SCMPipelineManager (SCMPipelineManager.java:finalizeAndDestroyPipeline(311)) - destroying pipeline:Pipeline[ Id: ab228776-ec0e-4011-86ce-d9f36a19ac90, Nodes: f6b80f64-c556-46c5-aceb-f6fa21a9cee0{ip: 192.168.69.96, host: pr-hdds-1982-decom-states-q64lx-3787986432, networkLocation: /default-rack, certSerialId: null}d3702e78-1ca1-4dfa-b662-c69ae136cdc5{ip: 192.168.69.96, host: pr-hdds-1982-decom-states-q64lx-3787986432, networkLocation: /default-rack, certSerialId: null}c1836fb8-e3d9-406d-898c-264811801e32{ip: 192.168.69.96, host: pr-hdds-1982-decom-states-q64lx-3787986432, networkLocation: /default-rack, certSerialId: null}, Type:RATIS, Factor:THREE, State:CLOSED]
2019-09-11 10:49:59,816 [c1836fb8-e3d9-406d-898c-264811801e32@group-D9F36A19AC90-SegmentedRaftLogWorker] WARN  segmented.SegmentedRaftLogWorker (SegmentedRaftLogWorker.java:getFromFuture(90)) - Timeout 16/~
org.apache.ratis.protocol.TimeoutIOException: Timeout 10s: WriteLog:18: (t:3, i:18), STATEMACHINELOGENTRY, client-188F4EEF7D07, cid=25-writeStateMachineData
	at org.apache.ratis.util.IOUtils.getFromFuture(IOUtils.java:87)
	at org.apache.ratis.server.raftlog.segmented.SegmentedRaftLogWorker$StateMachineDataPolicy.getFromFuture(SegmentedRaftLogWorker.java:87)
	at org.apache.ratis.server.raftlog.segmented.SegmentedRaftLogWorker$WriteLog.execute(SegmentedRaftLogWorker.java:477)
	at org.apache.ratis.server.raftlog.segmented.SegmentedRaftLogWorker.run(SegmentedRaftLogWorker.java:289)
	at java.lang.Thread.run(Thread.java:748)
Caused by: java.util.concurrent.TimeoutException
	at java.util.concurrent.CompletableFuture.timedGet(CompletableFuture.java:1771)
	at java.util.concurrent.CompletableFuture.get(CompletableFuture.java:1915)
	at org.apache.ratis.util.IOUtils.getFromFuture(IOUtils.java:79)
	... 4 more
2019-09-11 10:49:59,845 [d3702e78-1ca1-4dfa-b662-c69ae136cdc5@group-D9F36A19AC90-SegmentedRaftLogWorker] WARN  segmented.SegmentedRaftLogWorker (SegmentedRaftLogWorker.java:getFromFuture(90)) - Timeout 16/~
org.apache.ratis.protocol.TimeoutIOException: Timeout 10s: WriteLog:18: (t:3, i:18), STATEMACHINELOGENTRY, client-188F4EEF7D07, cid=25-writeStateMachineData
	at org.apache.ratis.util.IOUtils.getFromFuture(IOUtils.java:87)
	at org.apache.ratis.server.raftlog.segmented.SegmentedRaftLogWorker$StateMachineDataPolicy.getFromFuture(SegmentedRaftLogWorker.java:87)
	at org.apache.ratis.server.raftlog.segmented.SegmentedRaftLogWorker$WriteLog.execute(SegmentedRaftLogWorker.java:477)
	at org.apache.ratis.server.raftlog.segmented.SegmentedRaftLogWorker.run(SegmentedRaftLogWorker.java:289)
	at java.lang.Thread.run(Thread.java:748)
Caused by: java.util.concurrent.TimeoutException
	at java.util.concurrent.CompletableFuture.timedGet(CompletableFuture.java:1771)
	at java.util.concurrent.CompletableFuture.get(CompletableFuture.java:1915)
	at org.apache.ratis.util.IOUtils.getFromFuture(IOUtils.java:79)
	... 4 more
2019-09-11 10:49:59,845 [f6b80f64-c556-46c5-aceb-f6fa21a9cee0@group-D9F36A19AC90-SegmentedRaftLogWorker] WARN  segmented.SegmentedRaftLogWorker (SegmentedRaftLogWorker.java:getFromFuture(90)) - Timeout 16/~
org.apache.ratis.protocol.TimeoutIOException: Timeout 10s: WriteLog:18: (t:3, i:18), STATEMACHINELOGENTRY, client-188F4EEF7D07, cid=25-writeStateMachineData
	at org.apache.ratis.util.IOUtils.getFromFuture(IOUtils.java:87)
	at org.apache.ratis.server.raftlog.segmented.SegmentedRaftLogWorker$StateMachineDataPolicy.getFromFuture(SegmentedRaftLogWorker.java:87)
	at org.apache.ratis.server.raftlog.segmented.SegmentedRaftLogWorker$WriteLog.execute(SegmentedRaftLogWorker.java:477)
	at org.apache.ratis.server.raftlog.segmented.SegmentedRaftLogWorker.run(SegmentedRaftLogWorker.java:289)
	at java.lang.Thread.run(Thread.java:748)
Caused by: java.util.concurrent.TimeoutException
	at java.util.concurrent.CompletableFuture.timedGet(CompletableFuture.java:1771)
	at java.util.concurrent.CompletableFuture.get(CompletableFuture.java:1915)
	at org.apache.ratis.util.IOUtils.getFromFuture(IOUtils.java:79)
	... 4 more
2019-09-11 10:50:00,379 [org.apache.ratis.server.impl.LogAppender$AppenderDaemon$$Lambda$484/326972403@24bdd9b5] ERROR ratis.XceiverServerRatis (XceiverServerRatis.java:triggerPipelineClose(568)) - pipeline Action CLOSE  on pipeline PipelineID=ab228776-ec0e-4011-86ce-d9f36a19ac90.Reason : f6b80f64-c556-46c5-aceb-f6fa21a9cee0 has not seen follower/s d3702e78-1ca1-4dfa-b662-c69ae136cdc5 for 171072ms c1836fb8-e3d9-406d-898c-264811801e32 for 171072ms
2019-09-11 10:50:00,379 [org.apache.ratis.server.impl.LogAppender$AppenderDaemon$$Lambda$484/326972403@76ac9e34] ERROR ratis.XceiverServerRatis (XceiverServerRatis.java:triggerPipelineClose(568)) - pipeline Action CLOSE  on pipeline PipelineID=ab228776-ec0e-4011-86ce-d9f36a19ac90.Reason : f6b80f64-c556-46c5-aceb-f6fa21a9cee0 has not seen follower/s d3702e78-1ca1-4dfa-b662-c69ae136cdc5 for 171072ms c1836fb8-e3d9-406d-898c-264811801e32 for 171072ms
2019-09-11 10:50:00,864 [EventQueue-PipelineActionsForPipelineActionHandler] ERROR pipeline.PipelineActionHandler (PipelineActionHandler.java:onMessage(60)) - Received pipeline action CLOSE for Pipeline[ Id: ab228776-ec0e-4011-86ce-d9f36a19ac90, Nodes: f6b80f64-c556-46c5-aceb-f6fa21a9cee0{ip: 192.168.69.96, host: pr-hdds-1982-decom-states-q64lx-3787986432, networkLocation: /default-rack, certSerialId: null}d3702e78-1ca1-4dfa-b662-c69ae136cdc5{ip: 192.168.69.96, host: pr-hdds-1982-decom-states-q64lx-3787986432, networkLocation: /default-rack, certSerialId: null}c1836fb8-e3d9-406d-898c-264811801e32{ip: 192.168.69.96, host: pr-hdds-1982-decom-states-q64lx-3787986432, networkLocation: /default-rack, certSerialId: null}, Type:RATIS, Factor:THREE, State:CLOSED] from datanode f6b80f64-c556-46c5-aceb-f6fa21a9cee0{ip: 192.168.69.96, host: pr-hdds-1982-decom-states-q64lx-3787986432, networkLocation: /default-rack, certSerialId: null}. Reason : f6b80f64-c556-46c5-aceb-f6fa21a9cee0 has not seen follower/s d3702e78-1ca1-4dfa-b662-c69ae136cdc5 for 171072ms c1836fb8-e3d9-406d-898c-264811801e32 for 171072ms
2019-09-11 10:50:00,864 [EventQueue-PipelineActionsForPipelineActionHandler] INFO  pipeline.SCMPipelineManager (SCMPipelineManager.java:finalizeAndDestroyPipeline(311)) - destroying pipeline:Pipeline[ Id: ab228776-ec0e-4011-86ce-d9f36a19ac90, Nodes: f6b80f64-c556-46c5-aceb-f6fa21a9cee0{ip: 192.168.69.96, host: pr-hdds-1982-decom-states-q64lx-3787986432, networkLocation: /default-rack, certSerialId: null}d3702e78-1ca1-4dfa-b662-c69ae136cdc5{ip: 192.168.69.96, host: pr-hdds-1982-decom-states-q64lx-3787986432, networkLocation: /default-rack, certSerialId: null}c1836fb8-e3d9-406d-898c-264811801e32{ip: 192.168.69.96, host: pr-hdds-1982-decom-states-q64lx-3787986432, networkLocation: /default-rack, certSerialId: null}, Type:RATIS, Factor:THREE, State:CLOSED]
2019-09-11 10:50:00,878 [java.util.concurrent.ThreadPoolExecutor$Worker@6d0702d2[State = -1, empty queue]] WARN  server.GrpcLogAppender (GrpcLogAppender.java:timeoutAppendRequest(200)) - f6b80f64-c556-46c5-aceb-f6fa21a9cee0@group-D9F36A19AC90->c1836fb8-e3d9-406d-898c-264811801e32-GrpcLogAppender: appendEntries Timeout, request=f6b80f64-c556-46c5-aceb-f6fa21a9cee0->c1836fb8-e3d9-406d-898c-264811801e32#91-t3, previous=(t:3, i:23), leaderCommit=16, initializing? false, entries: <empty>
2019-09-11 10:50:00,878 [java.util.concurrent.ThreadPoolExecutor$Worker@19f1ff50[State = -1, empty queue]] WARN  server.GrpcLogAppender (GrpcLogAppender.java:timeoutAppendRequest(200)) - f6b80f64-c556-46c5-aceb-f6fa21a9cee0@group-D9F36A19AC90->d3702e78-1ca1-4dfa-b662-c69ae136cdc5-GrpcLogAppender: appendEntries Timeout, request=f6b80f64-c556-46c5-aceb-f6fa21a9cee0->d3702e78-1ca1-4dfa-b662-c69ae136cdc5#91-t3, previous=(t:3, i:23), leaderCommit=16, initializing? false, entries: <empty>
2019-09-11 10:50:01,225 [grpc-default-executor-4] INFO  client.GrpcClientProtocolClient (GrpcClientProtocolClient.java:onNext(264)) - client-188F4EEF7D07->c1836fb8-e3d9-406d-898c-264811801e32: receive RaftClientReply:client-188F4EEF7D07->c1836fb8-e3d9-406d-898c-264811801e32@group-D9F36A19AC90, cid=24, FAILED org.apache.ratis.protocol.NotLeaderException: Server c1836fb8-e3d9-406d-898c-264811801e32@group-D9F36A19AC90 is not the leader f6b80f64-c556-46c5-aceb-f6fa21a9cee0:192.168.69.96:37990, logIndex=0, commits[c1836fb8-e3d9-406d-898c-264811801e32:c16, d3702e78-1ca1-4dfa-b662-c69ae136cdc5:c14, f6b80f64-c556-46c5-aceb-f6fa21a9cee0:c16]
2019-09-11 10:50:02,881 [org.apache.ratis.server.impl.LogAppender$AppenderDaemon$$Lambda$484/326972403@24bdd9b5] ERROR ratis.XceiverServerRatis (XceiverServerRatis.java:triggerPipelineClose(568)) - pipeline Action CLOSE  on pipeline PipelineID=ab228776-ec0e-4011-86ce-d9f36a19ac90.Reason : f6b80f64-c556-46c5-aceb-f6fa21a9cee0 has not seen follower/s d3702e78-1ca1-4dfa-b662-c69ae136cdc5 for 173574ms c1836fb8-e3d9-406d-898c-264811801e32 for 173574ms
2019-09-11 10:50:02,881 [org.apache.ratis.server.impl.LogAppender$AppenderDaemon$$Lambda$484/326972403@76ac9e34] ERROR ratis.XceiverServerRatis (XceiverServerRatis.java:triggerPipelineClose(568)) - pipeline Action CLOSE  on pipeline PipelineID=ab228776-ec0e-4011-86ce-d9f36a19ac90.Reason : f6b80f64-c556-46c5-aceb-f6fa21a9cee0 has not seen follower/s d3702e78-1ca1-4dfa-b662-c69ae136cdc5 for 173574ms c1836fb8-e3d9-406d-898c-264811801e32 for 173574ms
2019-09-11 10:50:03,379 [java.util.concurrent.ThreadPoolExecutor$Worker@19f1ff50[State = -1, empty queue]] WARN  server.GrpcLogAppender (GrpcLogAppender.java:timeoutAppendRequest(200)) - f6b80f64-c556-46c5-aceb-f6fa21a9cee0@group-D9F36A19AC90->d3702e78-1ca1-4dfa-b662-c69ae136cdc5-GrpcLogAppender: appendEntries Timeout, request=f6b80f64-c556-46c5-aceb-f6fa21a9cee0->d3702e78-1ca1-4dfa-b662-c69ae136cdc5#92-t3, previous=(t:3, i:23), leaderCommit=16, initializing? false, entries: <empty>
2019-09-11 10:50:03,379 [java.util.concurrent.ThreadPoolExecutor$Worker@6d0702d2[State = -1, empty queue]] WARN  server.GrpcLogAppender (GrpcLogAppender.java:timeoutAppendRequest(200)) - f6b80f64-c556-46c5-aceb-f6fa21a9cee0@group-D9F36A19AC90->c1836fb8-e3d9-406d-898c-264811801e32-GrpcLogAppender: appendEntries Timeout, request=f6b80f64-c556-46c5-aceb-f6fa21a9cee0->c1836fb8-e3d9-406d-898c-264811801e32#92-t3, previous=(t:3, i:23), leaderCommit=16, initializing? false, entries: <empty>
2019-09-11 10:50:03,865 [EventQueue-PipelineActionsForPipelineActionHandler] ERROR pipeline.PipelineActionHandler (PipelineActionHandler.java:onMessage(60)) - Received pipeline action CLOSE for Pipeline[ Id: ab228776-ec0e-4011-86ce-d9f36a19ac90, Nodes: f6b80f64-c556-46c5-aceb-f6fa21a9cee0{ip: 192.168.69.96, host: pr-hdds-1982-decom-states-q64lx-3787986432, networkLocation: /default-rack, certSerialId: null}d3702e78-1ca1-4dfa-b662-c69ae136cdc5{ip: 192.168.69.96, host: pr-hdds-1982-decom-states-q64lx-3787986432, networkLocation: /default-rack, certSerialId: null}c1836fb8-e3d9-406d-898c-264811801e32{ip: 192.168.69.96, host: pr-hdds-1982-decom-states-q64lx-3787986432, networkLocation: /default-rack, certSerialId: null}, Type:RATIS, Factor:THREE, State:CLOSED] from datanode f6b80f64-c556-46c5-aceb-f6fa21a9cee0{ip: 192.168.69.96, host: pr-hdds-1982-decom-states-q64lx-3787986432, networkLocation: /default-rack, certSerialId: null}. Reason : f6b80f64-c556-46c5-aceb-f6fa21a9cee0 has not seen follower/s d3702e78-1ca1-4dfa-b662-c69ae136cdc5 for 173574ms c1836fb8-e3d9-406d-898c-264811801e32 for 173574ms
2019-09-11 10:50:03,866 [EventQueue-PipelineActionsForPipelineActionHandler] INFO  pipeline.SCMPipelineManager (SCMPipelineManager.java:finalizeAndDestroyPipeline(311)) - destroying pipeline:Pipeline[ Id: ab228776-ec0e-4011-86ce-d9f36a19ac90, Nodes: f6b80f64-c556-46c5-aceb-f6fa21a9cee0{ip: 192.168.69.96, host: pr-hdds-1982-decom-states-q64lx-3787986432, networkLocation: /default-rack, certSerialId: null}d3702e78-1ca1-4dfa-b662-c69ae136cdc5{ip: 192.168.69.96, host: pr-hdds-1982-decom-states-q64lx-3787986432, networkLocation: /default-rack, certSerialId: null}c1836fb8-e3d9-406d-898c-264811801e32{ip: 192.168.69.96, host: pr-hdds-1982-decom-states-q64lx-3787986432, networkLocation: /default-rack, certSerialId: null}, Type:RATIS, Factor:THREE, State:CLOSED]
2019-09-11 10:50:05,382 [org.apache.ratis.server.impl.LogAppender$AppenderDaemon$$Lambda$484/326972403@76ac9e34] ERROR ratis.XceiverServerRatis (XceiverServerRatis.java:triggerPipelineClose(568)) - pipeline Action CLOSE  on pipeline PipelineID=ab228776-ec0e-4011-86ce-d9f36a19ac90.Reason : f6b80f64-c556-46c5-aceb-f6fa21a9cee0 has not seen follower/s d3702e78-1ca1-4dfa-b662-c69ae136cdc5 for 176075ms c1836fb8-e3d9-406d-898c-264811801e32 for 176075ms
2019-09-11 10:50:05,382 [org.apache.ratis.server.impl.LogAppender$AppenderDaemon$$Lambda$484/326972403@24bdd9b5] ERROR ratis.XceiverServerRatis (XceiverServerRatis.java:triggerPipelineClose(568)) - pipeline Action CLOSE  on pipeline PipelineID=ab228776-ec0e-4011-86ce-d9f36a19ac90.Reason : f6b80f64-c556-46c5-aceb-f6fa21a9cee0 has not seen follower/s d3702e78-1ca1-4dfa-b662-c69ae136cdc5 for 176075ms c1836fb8-e3d9-406d-898c-264811801e32 for 176075ms
2019-09-11 10:50:05,864 [EventQueue-PipelineActionsForPipelineActionHandler] ERROR pipeline.PipelineActionHandler (PipelineActionHandler.java:onMessage(60)) - Received pipeline action CLOSE for Pipeline[ Id: ab228776-ec0e-4011-86ce-d9f36a19ac90, Nodes: f6b80f64-c556-46c5-aceb-f6fa21a9cee0{ip: 192.168.69.96, host: pr-hdds-1982-decom-states-q64lx-3787986432, networkLocation: /default-rack, certSerialId: null}d3702e78-1ca1-4dfa-b662-c69ae136cdc5{ip: 192.168.69.96, host: pr-hdds-1982-decom-states-q64lx-3787986432, networkLocation: /default-rack, certSerialId: null}c1836fb8-e3d9-406d-898c-264811801e32{ip: 192.168.69.96, host: pr-hdds-1982-decom-states-q64lx-3787986432, networkLocation: /default-rack, certSerialId: null}, Type:RATIS, Factor:THREE, State:CLOSED] from datanode f6b80f64-c556-46c5-aceb-f6fa21a9cee0{ip: 192.168.69.96, host: pr-hdds-1982-decom-states-q64lx-3787986432, networkLocation: /default-rack, certSerialId: null}. Reason : f6b80f64-c556-46c5-aceb-f6fa21a9cee0 has not seen follower/s d3702e78-1ca1-4dfa-b662-c69ae136cdc5 for 176075ms c1836fb8-e3d9-406d-898c-264811801e32 for 176075ms
2019-09-11 10:50:05,865 [EventQueue-PipelineActionsForPipelineActionHandler] INFO  pipeline.SCMPipelineManager (SCMPipelineManager.java:finalizeAndDestroyPipeline(311)) - destroying pipeline:Pipeline[ Id: ab228776-ec0e-4011-86ce-d9f36a19ac90, Nodes: f6b80f64-c556-46c5-aceb-f6fa21a9cee0{ip: 192.168.69.96, host: pr-hdds-1982-decom-states-q64lx-3787986432, networkLocation: /default-rack, certSerialId: null}d3702e78-1ca1-4dfa-b662-c69ae136cdc5{ip: 192.168.69.96, host: pr-hdds-1982-decom-states-q64lx-3787986432, networkLocation: /default-rack, certSerialId: null}c1836fb8-e3d9-406d-898c-264811801e32{ip: 192.168.69.96, host: pr-hdds-1982-decom-states-q64lx-3787986432, networkLocation: /default-rack, certSerialId: null}, Type:RATIS, Factor:THREE, State:CLOSED]
2019-09-11 10:50:05,881 [java.util.concurrent.ThreadPoolExecutor$Worker@19f1ff50[State = -1, empty queue]] WARN  server.GrpcLogAppender (GrpcLogAppender.java:timeoutAppendRequest(200)) - f6b80f64-c556-46c5-aceb-f6fa21a9cee0@group-D9F36A19AC90->d3702e78-1ca1-4dfa-b662-c69ae136cdc5-GrpcLogAppender: appendEntries Timeout, request=f6b80f64-c556-46c5-aceb-f6fa21a9cee0->d3702e78-1ca1-4dfa-b662-c69ae136cdc5#93-t3, previous=(t:3, i:23), leaderCommit=16, initializing? false, entries: <empty>
2019-09-11 10:50:05,881 [java.util.concurrent.ThreadPoolExecutor$Worker@6d0702d2[State = -1, empty queue]] WARN  server.GrpcLogAppender (GrpcLogAppender.java:timeoutAppendRequest(200)) - f6b80f64-c556-46c5-aceb-f6fa21a9cee0@group-D9F36A19AC90->c1836fb8-e3d9-406d-898c-264811801e32-GrpcLogAppender: appendEntries Timeout, request=f6b80f64-c556-46c5-aceb-f6fa21a9cee0->c1836fb8-e3d9-406d-898c-264811801e32#93-t3, previous=(t:3, i:23), leaderCommit=16, initializing? false, entries: <empty>
2019-09-11 10:50:06,279 [grpc-default-executor-2] INFO  client.GrpcClientProtocolClient (GrpcClientProtocolClient.java:onNext(264)) - client-188F4EEF7D07->d3702e78-1ca1-4dfa-b662-c69ae136cdc5: receive RaftClientReply:client-188F4EEF7D07->d3702e78-1ca1-4dfa-b662-c69ae136cdc5@group-D9F36A19AC90, cid=24, FAILED org.apache.ratis.protocol.NotLeaderException: Server d3702e78-1ca1-4dfa-b662-c69ae136cdc5@group-D9F36A19AC90 is not the leader f6b80f64-c556-46c5-aceb-f6fa21a9cee0:192.168.69.96:37990, logIndex=0, commits[d3702e78-1ca1-4dfa-b662-c69ae136cdc5:c16, c1836fb8-e3d9-406d-898c-264811801e32:c14, f6b80f64-c556-46c5-aceb-f6fa21a9cee0:c16]
2019-09-11 10:50:07,882 [org.apache.ratis.server.impl.LogAppender$AppenderDaemon$$Lambda$484/326972403@24bdd9b5] ERROR ratis.XceiverServerRatis (XceiverServerRatis.java:triggerPipelineClose(568)) - pipeline Action CLOSE  on pipeline PipelineID=ab228776-ec0e-4011-86ce-d9f36a19ac90.Reason : f6b80f64-c556-46c5-aceb-f6fa21a9cee0 has not seen follower/s d3702e78-1ca1-4dfa-b662-c69ae136cdc5 for 178575ms c1836fb8-e3d9-406d-898c-264811801e32 for 178576ms
2019-09-11 10:50:07,883 [org.apache.ratis.server.impl.LogAppender$AppenderDaemon$$Lambda$484/326972403@76ac9e34] ERROR ratis.XceiverServerRatis (XceiverServerRatis.java:triggerPipelineClose(568)) - pipeline Action CLOSE  on pipeline PipelineID=ab228776-ec0e-4011-86ce-d9f36a19ac90.Reason : f6b80f64-c556-46c5-aceb-f6fa21a9cee0 has not seen follower/s d3702e78-1ca1-4dfa-b662-c69ae136cdc5 for 178576ms c1836fb8-e3d9-406d-898c-264811801e32 for 178577ms
2019-09-11 10:50:08,382 [java.util.concurrent.ThreadPoolExecutor$Worker@6d0702d2[State = -1, empty queue]] WARN  server.GrpcLogAppender (GrpcLogAppender.java:timeoutAppendRequest(200)) - f6b80f64-c556-46c5-aceb-f6fa21a9cee0@group-D9F36A19AC90->c1836fb8-e3d9-406d-898c-264811801e32-GrpcLogAppender: appendEntries Timeout, request=f6b80f64-c556-46c5-aceb-f6fa21a9cee0->c1836fb8-e3d9-406d-898c-264811801e32#94-t3, previous=(t:3, i:23), leaderCommit=16, initializing? false, entries: <empty>
2019-09-11 10:50:08,382 [java.util.concurrent.ThreadPoolExecutor$Worker@19f1ff50[State = -1, empty queue]] WARN  server.GrpcLogAppender (GrpcLogAppender.java:timeoutAppendRequest(200)) - f6b80f64-c556-46c5-aceb-f6fa21a9cee0@group-D9F36A19AC90->d3702e78-1ca1-4dfa-b662-c69ae136cdc5-GrpcLogAppender: appendEntries Timeout, request=f6b80f64-c556-46c5-aceb-f6fa21a9cee0->d3702e78-1ca1-4dfa-b662-c69ae136cdc5#94-t3, previous=(t:3, i:23), leaderCommit=16, initializing? false, entries: <empty>
2019-09-11 10:50:08,864 [EventQueue-PipelineActionsForPipelineActionHandler] ERROR pipeline.PipelineActionHandler (PipelineActionHandler.java:onMessage(60)) - Received pipeline action CLOSE for Pipeline[ Id: ab228776-ec0e-4011-86ce-d9f36a19ac90, Nodes: f6b80f64-c556-46c5-aceb-f6fa21a9cee0{ip: 192.168.69.96, host: pr-hdds-1982-decom-states-q64lx-3787986432, networkLocation: /default-rack, certSerialId: null}d3702e78-1ca1-4dfa-b662-c69ae136cdc5{ip: 192.168.69.96, host: pr-hdds-1982-decom-states-q64lx-3787986432, networkLocation: /default-rack, certSerialId: null}c1836fb8-e3d9-406d-898c-264811801e32{ip: 192.168.69.96, host: pr-hdds-1982-decom-states-q64lx-3787986432, networkLocation: /default-rack, certSerialId: null}, Type:RATIS, Factor:THREE, State:CLOSED] from datanode f6b80f64-c556-46c5-aceb-f6fa21a9cee0{ip: 192.168.69.96, host: pr-hdds-1982-decom-states-q64lx-3787986432, networkLocation: /default-rack, certSerialId: null}. Reason : f6b80f64-c556-46c5-aceb-f6fa21a9cee0 has not seen follower/s d3702e78-1ca1-4dfa-b662-c69ae136cdc5 for 178575ms c1836fb8-e3d9-406d-898c-264811801e32 for 178576ms
2019-09-11 10:50:08,865 [EventQueue-PipelineActionsForPipelineActionHandler] INFO  pipeline.SCMPipelineManager (SCMPipelineManager.java:finalizeAndDestroyPipeline(311)) - destroying pipeline:Pipeline[ Id: ab228776-ec0e-4011-86ce-d9f36a19ac90, Nodes: f6b80f64-c556-46c5-aceb-f6fa21a9cee0{ip: 192.168.69.96, host: pr-hdds-1982-decom-states-q64lx-3787986432, networkLocation: /default-rack, certSerialId: null}d3702e78-1ca1-4dfa-b662-c69ae136cdc5{ip: 192.168.69.96, host: pr-hdds-1982-decom-states-q64lx-3787986432, networkLocation: /default-rack, certSerialId: null}c1836fb8-e3d9-406d-898c-264811801e32{ip: 192.168.69.96, host: pr-hdds-1982-decom-states-q64lx-3787986432, networkLocation: /default-rack, certSerialId: null}, Type:RATIS, Factor:THREE, State:CLOSED]
2019-09-11 10:50:09,818 [c1836fb8-e3d9-406d-898c-264811801e32@group-D9F36A19AC90-SegmentedRaftLogWorker] WARN  segmented.SegmentedRaftLogWorker (SegmentedRaftLogWorker.java:getFromFuture(90)) - Timeout 17/~
org.apache.ratis.protocol.TimeoutIOException: Timeout 10s: WriteLog:18: (t:3, i:18), STATEMACHINELOGENTRY, client-188F4EEF7D07, cid=25-writeStateMachineData
	at org.apache.ratis.util.IOUtils.getFromFuture(IOUtils.java:87)
	at org.apache.ratis.server.raftlog.segmented.SegmentedRaftLogWorker$StateMachineDataPolicy.getFromFuture(SegmentedRaftLogWorker.java:87)
	at org.apache.ratis.server.raftlog.segmented.SegmentedRaftLogWorker$WriteLog.execute(SegmentedRaftLogWorker.java:477)
	at org.apache.ratis.server.raftlog.segmented.SegmentedRaftLogWorker.run(SegmentedRaftLogWorker.java:289)
	at java.lang.Thread.run(Thread.java:748)
Caused by: java.util.concurrent.TimeoutException
	at java.util.concurrent.CompletableFuture.timedGet(CompletableFuture.java:1771)
	at java.util.concurrent.CompletableFuture.get(CompletableFuture.java:1915)
	at org.apache.ratis.util.IOUtils.getFromFuture(IOUtils.java:79)
	... 4 more
2019-09-11 10:50:09,845 [d3702e78-1ca1-4dfa-b662-c69ae136cdc5@group-D9F36A19AC90-SegmentedRaftLogWorker] WARN  segmented.SegmentedRaftLogWorker (SegmentedRaftLogWorker.java:getFromFuture(90)) - Timeout 17/~
org.apache.ratis.protocol.TimeoutIOException: Timeout 10s: WriteLog:18: (t:3, i:18), STATEMACHINELOGENTRY, client-188F4EEF7D07, cid=25-writeStateMachineData
	at org.apache.ratis.util.IOUtils.getFromFuture(IOUtils.java:87)
	at org.apache.ratis.server.raftlog.segmented.SegmentedRaftLogWorker$StateMachineDataPolicy.getFromFuture(SegmentedRaftLogWorker.java:87)
	at org.apache.ratis.server.raftlog.segmented.SegmentedRaftLogWorker$WriteLog.execute(SegmentedRaftLogWorker.java:477)
	at org.apache.ratis.server.raftlog.segmented.SegmentedRaftLogWorker.run(SegmentedRaftLogWorker.java:289)
	at java.lang.Thread.run(Thread.java:748)
Caused by: java.util.concurrent.TimeoutException
	at java.util.concurrent.CompletableFuture.timedGet(CompletableFuture.java:1771)
	at java.util.concurrent.CompletableFuture.get(CompletableFuture.java:1915)
	at org.apache.ratis.util.IOUtils.getFromFuture(IOUtils.java:79)
	... 4 more
2019-09-11 10:50:09,846 [f6b80f64-c556-46c5-aceb-f6fa21a9cee0@group-D9F36A19AC90-SegmentedRaftLogWorker] WARN  segmented.SegmentedRaftLogWorker (SegmentedRaftLogWorker.java:getFromFuture(90)) - Timeout 17/~
org.apache.ratis.protocol.TimeoutIOException: Timeout 10s: WriteLog:18: (t:3, i:18), STATEMACHINELOGENTRY, client-188F4EEF7D07, cid=25-writeStateMachineData
	at org.apache.ratis.util.IOUtils.getFromFuture(IOUtils.java:87)
	at org.apache.ratis.server.raftlog.segmented.SegmentedRaftLogWorker$StateMachineDataPolicy.getFromFuture(SegmentedRaftLogWorker.java:87)
	at org.apache.ratis.server.raftlog.segmented.SegmentedRaftLogWorker$WriteLog.execute(SegmentedRaftLogWorker.java:477)
	at org.apache.ratis.server.raftlog.segmented.SegmentedRaftLogWorker.run(SegmentedRaftLogWorker.java:289)
	at java.lang.Thread.run(Thread.java:748)
Caused by: java.util.concurrent.TimeoutException
	at java.util.concurrent.CompletableFuture.timedGet(CompletableFuture.java:1771)
	at java.util.concurrent.CompletableFuture.get(CompletableFuture.java:1915)
	at org.apache.ratis.util.IOUtils.getFromFuture(IOUtils.java:79)
	... 4 more
2019-09-11 10:50:10,384 [org.apache.ratis.server.impl.LogAppender$AppenderDaemon$$Lambda$484/326972403@24bdd9b5] ERROR ratis.XceiverServerRatis (XceiverServerRatis.java:triggerPipelineClose(568)) - pipeline Action CLOSE  on pipeline PipelineID=ab228776-ec0e-4011-86ce-d9f36a19ac90.Reason : f6b80f64-c556-46c5-aceb-f6fa21a9cee0 has not seen follower/s d3702e78-1ca1-4dfa-b662-c69ae136cdc5 for 181077ms c1836fb8-e3d9-406d-898c-264811801e32 for 181077ms
2019-09-11 10:50:10,384 [org.apache.ratis.server.impl.LogAppender$AppenderDaemon$$Lambda$484/326972403@76ac9e34] ERROR ratis.XceiverServerRatis (XceiverServerRatis.java:triggerPipelineClose(568)) - pipeline Action CLOSE  on pipeline PipelineID=ab228776-ec0e-4011-86ce-d9f36a19ac90.Reason : f6b80f64-c556-46c5-aceb-f6fa21a9cee0 has not seen follower/s d3702e78-1ca1-4dfa-b662-c69ae136cdc5 for 181077ms c1836fb8-e3d9-406d-898c-264811801e32 for 181077ms
2019-09-11 10:50:10,865 [EventQueue-PipelineActionsForPipelineActionHandler] ERROR pipeline.PipelineActionHandler (PipelineActionHandler.java:onMessage(60)) - Received pipeline action CLOSE for Pipeline[ Id: ab228776-ec0e-4011-86ce-d9f36a19ac90, Nodes: f6b80f64-c556-46c5-aceb-f6fa21a9cee0{ip: 192.168.69.96, host: pr-hdds-1982-decom-states-q64lx-3787986432, networkLocation: /default-rack, certSerialId: null}d3702e78-1ca1-4dfa-b662-c69ae136cdc5{ip: 192.168.69.96, host: pr-hdds-1982-decom-states-q64lx-3787986432, networkLocation: /default-rack, certSerialId: null}c1836fb8-e3d9-406d-898c-264811801e32{ip: 192.168.69.96, host: pr-hdds-1982-decom-states-q64lx-3787986432, networkLocation: /default-rack, certSerialId: null}, Type:RATIS, Factor:THREE, State:CLOSED] from datanode f6b80f64-c556-46c5-aceb-f6fa21a9cee0{ip: 192.168.69.96, host: pr-hdds-1982-decom-states-q64lx-3787986432, networkLocation: /default-rack, certSerialId: null}. Reason : f6b80f64-c556-46c5-aceb-f6fa21a9cee0 has not seen follower/s d3702e78-1ca1-4dfa-b662-c69ae136cdc5 for 181077ms c1836fb8-e3d9-406d-898c-264811801e32 for 181077ms
2019-09-11 10:50:10,866 [EventQueue-PipelineActionsForPipelineActionHandler] INFO  pipeline.SCMPipelineManager (SCMPipelineManager.java:finalizeAndDestroyPipeline(311)) - destroying pipeline:Pipeline[ Id: ab228776-ec0e-4011-86ce-d9f36a19ac90, Nodes: f6b80f64-c556-46c5-aceb-f6fa21a9cee0{ip: 192.168.69.96, host: pr-hdds-1982-decom-states-q64lx-3787986432, networkLocation: /default-rack, certSerialId: null}d3702e78-1ca1-4dfa-b662-c69ae136cdc5{ip: 192.168.69.96, host: pr-hdds-1982-decom-states-q64lx-3787986432, networkLocation: /default-rack, certSerialId: null}c1836fb8-e3d9-406d-898c-264811801e32{ip: 192.168.69.96, host: pr-hdds-1982-decom-states-q64lx-3787986432, networkLocation: /default-rack, certSerialId: null}, Type:RATIS, Factor:THREE, State:CLOSED]
2019-09-11 10:50:10,882 [java.util.concurrent.ThreadPoolExecutor$Worker@19f1ff50[State = -1, empty queue]] WARN  server.GrpcLogAppender (GrpcLogAppender.java:timeoutAppendRequest(200)) - f6b80f64-c556-46c5-aceb-f6fa21a9cee0@group-D9F36A19AC90->d3702e78-1ca1-4dfa-b662-c69ae136cdc5-GrpcLogAppender: appendEntries Timeout, request=f6b80f64-c556-46c5-aceb-f6fa21a9cee0->d3702e78-1ca1-4dfa-b662-c69ae136cdc5#95-t3, previous=(t:3, i:23), leaderCommit=16, initializing? false, entries: <empty>
2019-09-11 10:50:10,883 [java.util.concurrent.ThreadPoolExecutor$Worker@6d0702d2[State = -1, empty queue]] WARN  server.GrpcLogAppender (GrpcLogAppender.java:timeoutAppendRequest(200)) - f6b80f64-c556-46c5-aceb-f6fa21a9cee0@group-D9F36A19AC90->c1836fb8-e3d9-406d-898c-264811801e32-GrpcLogAppender: appendEntries Timeout, request=f6b80f64-c556-46c5-aceb-f6fa21a9cee0->c1836fb8-e3d9-406d-898c-264811801e32#95-t3, previous=(t:3, i:23), leaderCommit=16, initializing? false, entries: <empty>
2019-09-11 10:50:11,327 [grpc-default-executor-3] INFO  client.GrpcClientProtocolClient (GrpcClientProtocolClient.java:onNext(264)) - client-188F4EEF7D07->c1836fb8-e3d9-406d-898c-264811801e32: receive RaftClientReply:client-188F4EEF7D07->c1836fb8-e3d9-406d-898c-264811801e32@group-D9F36A19AC90, cid=24, FAILED org.apache.ratis.protocol.NotLeaderException: Server c1836fb8-e3d9-406d-898c-264811801e32@group-D9F36A19AC90 is not the leader f6b80f64-c556-46c5-aceb-f6fa21a9cee0:192.168.69.96:37990, logIndex=0, commits[c1836fb8-e3d9-406d-898c-264811801e32:c16, d3702e78-1ca1-4dfa-b662-c69ae136cdc5:c14, f6b80f64-c556-46c5-aceb-f6fa21a9cee0:c16]
2019-09-11 10:50:12,886 [org.apache.ratis.server.impl.LogAppender$AppenderDaemon$$Lambda$484/326972403@24bdd9b5] ERROR ratis.XceiverServerRatis (XceiverServerRatis.java:triggerPipelineClose(568)) - pipeline Action CLOSE  on pipeline PipelineID=ab228776-ec0e-4011-86ce-d9f36a19ac90.Reason : f6b80f64-c556-46c5-aceb-f6fa21a9cee0 has not seen follower/s d3702e78-1ca1-4dfa-b662-c69ae136cdc5 for 183579ms c1836fb8-e3d9-406d-898c-264811801e32 for 183579ms
2019-09-11 10:50:12,886 [org.apache.ratis.server.impl.LogAppender$AppenderDaemon$$Lambda$484/326972403@76ac9e34] ERROR ratis.XceiverServerRatis (XceiverServerRatis.java:triggerPipelineClose(568)) - pipeline Action CLOSE  on pipeline PipelineID=ab228776-ec0e-4011-86ce-d9f36a19ac90.Reason : f6b80f64-c556-46c5-aceb-f6fa21a9cee0 has not seen follower/s d3702e78-1ca1-4dfa-b662-c69ae136cdc5 for 183579ms c1836fb8-e3d9-406d-898c-264811801e32 for 183579ms
2019-09-11 10:50:13,384 [java.util.concurrent.ThreadPoolExecutor$Worker@6d0702d2[State = -1, empty queue]] WARN  server.GrpcLogAppender (GrpcLogAppender.java:timeoutAppendRequest(200)) - f6b80f64-c556-46c5-aceb-f6fa21a9cee0@group-D9F36A19AC90->c1836fb8-e3d9-406d-898c-264811801e32-GrpcLogAppender: appendEntries Timeout, request=f6b80f64-c556-46c5-aceb-f6fa21a9cee0->c1836fb8-e3d9-406d-898c-264811801e32#96-t3, previous=(t:3, i:23), leaderCommit=16, initializing? false, entries: <empty>
2019-09-11 10:50:13,384 [java.util.concurrent.ThreadPoolExecutor$Worker@19f1ff50[State = -1, empty queue]] WARN  server.GrpcLogAppender (GrpcLogAppender.java:timeoutAppendRequest(200)) - f6b80f64-c556-46c5-aceb-f6fa21a9cee0@group-D9F36A19AC90->d3702e78-1ca1-4dfa-b662-c69ae136cdc5-GrpcLogAppender: appendEntries Timeout, request=f6b80f64-c556-46c5-aceb-f6fa21a9cee0->d3702e78-1ca1-4dfa-b662-c69ae136cdc5#96-t3, previous=(t:3, i:23), leaderCommit=16, initializing? false, entries: <empty>
2019-09-11 10:50:13,866 [EventQueue-PipelineActionsForPipelineActionHandler] ERROR pipeline.PipelineActionHandler (PipelineActionHandler.java:onMessage(60)) - Received pipeline action CLOSE for Pipeline[ Id: ab228776-ec0e-4011-86ce-d9f36a19ac90, Nodes: f6b80f64-c556-46c5-aceb-f6fa21a9cee0{ip: 192.168.69.96, host: pr-hdds-1982-decom-states-q64lx-3787986432, networkLocation: /default-rack, certSerialId: null}d3702e78-1ca1-4dfa-b662-c69ae136cdc5{ip: 192.168.69.96, host: pr-hdds-1982-decom-states-q64lx-3787986432, networkLocation: /default-rack, certSerialId: null}c1836fb8-e3d9-406d-898c-264811801e32{ip: 192.168.69.96, host: pr-hdds-1982-decom-states-q64lx-3787986432, networkLocation: /default-rack, certSerialId: null}, Type:RATIS, Factor:THREE, State:CLOSED] from datanode f6b80f64-c556-46c5-aceb-f6fa21a9cee0{ip: 192.168.69.96, host: pr-hdds-1982-decom-states-q64lx-3787986432, networkLocation: /default-rack, certSerialId: null}. Reason : f6b80f64-c556-46c5-aceb-f6fa21a9cee0 has not seen follower/s d3702e78-1ca1-4dfa-b662-c69ae136cdc5 for 183579ms c1836fb8-e3d9-406d-898c-264811801e32 for 183579ms
2019-09-11 10:50:13,866 [EventQueue-PipelineActionsForPipelineActionHandler] INFO  pipeline.SCMPipelineManager (SCMPipelineManager.java:finalizeAndDestroyPipeline(311)) - destroying pipeline:Pipeline[ Id: ab228776-ec0e-4011-86ce-d9f36a19ac90, Nodes: f6b80f64-c556-46c5-aceb-f6fa21a9cee0{ip: 192.168.69.96, host: pr-hdds-1982-decom-states-q64lx-3787986432, networkLocation: /default-rack, certSerialId: null}d3702e78-1ca1-4dfa-b662-c69ae136cdc5{ip: 192.168.69.96, host: pr-hdds-1982-decom-states-q64lx-3787986432, networkLocation: /default-rack, certSerialId: null}c1836fb8-e3d9-406d-898c-264811801e32{ip: 192.168.69.96, host: pr-hdds-1982-decom-states-q64lx-3787986432, networkLocation: /default-rack, certSerialId: null}, Type:RATIS, Factor:THREE, State:CLOSED]
2019-09-11 10:50:15,387 [org.apache.ratis.server.impl.LogAppender$AppenderDaemon$$Lambda$484/326972403@76ac9e34] ERROR ratis.XceiverServerRatis (XceiverServerRatis.java:triggerPipelineClose(568)) - pipeline Action CLOSE  on pipeline PipelineID=ab228776-ec0e-4011-86ce-d9f36a19ac90.Reason : f6b80f64-c556-46c5-aceb-f6fa21a9cee0 has not seen follower/s d3702e78-1ca1-4dfa-b662-c69ae136cdc5 for 186080ms c1836fb8-e3d9-406d-898c-264811801e32 for 186080ms
2019-09-11 10:50:15,387 [org.apache.ratis.server.impl.LogAppender$AppenderDaemon$$Lambda$484/326972403@24bdd9b5] ERROR ratis.XceiverServerRatis (XceiverServerRatis.java:triggerPipelineClose(568)) - pipeline Action CLOSE  on pipeline PipelineID=ab228776-ec0e-4011-86ce-d9f36a19ac90.Reason : f6b80f64-c556-46c5-aceb-f6fa21a9cee0 has not seen follower/s d3702e78-1ca1-4dfa-b662-c69ae136cdc5 for 186080ms c1836fb8-e3d9-406d-898c-264811801e32 for 186080ms
2019-09-11 10:50:15,858 [grpc-default-executor-3] INFO  impl.RaftServerProxy (RaftServerProxy.java:remove(95)) - f6b80f64-c556-46c5-aceb-f6fa21a9cee0: remove    LEADER f6b80f64-c556-46c5-aceb-f6fa21a9cee0@group-D9F36A19AC90:t3, leader=f6b80f64-c556-46c5-aceb-f6fa21a9cee0, voted=f6b80f64-c556-46c5-aceb-f6fa21a9cee0, raftlog=f6b80f64-c556-46c5-aceb-f6fa21a9cee0@group-D9F36A19AC90-SegmentedRaftLog:OPENED:c16,f16,i23, conf=0: [d3702e78-1ca1-4dfa-b662-c69ae136cdc5:192.168.69.96:32817, c1836fb8-e3d9-406d-898c-264811801e32:192.168.69.96:33949, f6b80f64-c556-46c5-aceb-f6fa21a9cee0:192.168.69.96:37990], old=null RUNNING
2019-09-11 10:50:15,864 [grpc-default-executor-3] INFO  impl.RaftServerImpl (RaftServerImpl.java:lambda$shutdown$3(251)) - f6b80f64-c556-46c5-aceb-f6fa21a9cee0@group-D9F36A19AC90: shutdown
2019-09-11 10:50:15,865 [grpc-default-executor-3] INFO  util.JmxRegister (JmxRegister.java:unregister(73)) - Successfully un-registered JMX Bean with object name Ratis:service=RaftServer,group=group-D9F36A19AC90,id=f6b80f64-c556-46c5-aceb-f6fa21a9cee0
2019-09-11 10:50:15,865 [grpc-default-executor-3] INFO  impl.RoleInfo (RoleInfo.java:shutdownLeaderState(104)) - f6b80f64-c556-46c5-aceb-f6fa21a9cee0: shutdown LeaderState
2019-09-11 10:50:15,870 [grpc-default-executor-3] INFO  impl.PendingRequests (PendingRequests.java:sendNotLeaderResponses(202)) - f6b80f64-c556-46c5-aceb-f6fa21a9cee0-PendingRequests: sendNotLeaderResponses
2019-09-11 10:50:15,870 [org.apache.ratis.server.impl.LogAppender$AppenderDaemon$$Lambda$484/326972403@24bdd9b5] WARN  server.GrpcLogAppender (GrpcLogAppender.java:mayWait(143)) - f6b80f64-c556-46c5-aceb-f6fa21a9cee0@group-D9F36A19AC90->d3702e78-1ca1-4dfa-b662-c69ae136cdc5-GrpcLogAppender: Wait interrupted by java.lang.InterruptedException
2019-09-11 10:50:15,870 [org.apache.ratis.server.impl.LogAppender$AppenderDaemon$$Lambda$484/326972403@76ac9e34] WARN  server.GrpcLogAppender (GrpcLogAppender.java:mayWait(143)) - f6b80f64-c556-46c5-aceb-f6fa21a9cee0@group-D9F36A19AC90->c1836fb8-e3d9-406d-898c-264811801e32-GrpcLogAppender: Wait interrupted by java.lang.InterruptedException
2019-09-11 10:50:15,872 [EventQueue-PipelineActionsForPipelineActionHandler] ERROR pipeline.PipelineActionHandler (PipelineActionHandler.java:onMessage(60)) - Received pipeline action CLOSE for Pipeline[ Id: ab228776-ec0e-4011-86ce-d9f36a19ac90, Nodes: f6b80f64-c556-46c5-aceb-f6fa21a9cee0{ip: 192.168.69.96, host: pr-hdds-1982-decom-states-q64lx-3787986432, networkLocation: /default-rack, certSerialId: null}d3702e78-1ca1-4dfa-b662-c69ae136cdc5{ip: 192.168.69.96, host: pr-hdds-1982-decom-states-q64lx-3787986432, networkLocation: /default-rack, certSerialId: null}c1836fb8-e3d9-406d-898c-264811801e32{ip: 192.168.69.96, host: pr-hdds-1982-decom-states-q64lx-3787986432, networkLocation: /default-rack, certSerialId: null}, Type:RATIS, Factor:THREE, State:CLOSED] from datanode f6b80f64-c556-46c5-aceb-f6fa21a9cee0{ip: 192.168.69.96, host: pr-hdds-1982-decom-states-q64lx-3787986432, networkLocation: /default-rack, certSerialId: null}. Reason : f6b80f64-c556-46c5-aceb-f6fa21a9cee0 has not seen follower/s d3702e78-1ca1-4dfa-b662-c69ae136cdc5 for 186080ms c1836fb8-e3d9-406d-898c-264811801e32 for 186080ms
2019-09-11 10:50:15,872 [EventQueue-PipelineActionsForPipelineActionHandler] INFO  pipeline.SCMPipelineManager (SCMPipelineManager.java:finalizeAndDestroyPipeline(311)) - destroying pipeline:Pipeline[ Id: ab228776-ec0e-4011-86ce-d9f36a19ac90, Nodes: f6b80f64-c556-46c5-aceb-f6fa21a9cee0{ip: 192.168.69.96, host: pr-hdds-1982-decom-states-q64lx-3787986432, networkLocation: /default-rack, certSerialId: null}d3702e78-1ca1-4dfa-b662-c69ae136cdc5{ip: 192.168.69.96, host: pr-hdds-1982-decom-states-q64lx-3787986432, networkLocation: /default-rack, certSerialId: null}c1836fb8-e3d9-406d-898c-264811801e32{ip: 192.168.69.96, host: pr-hdds-1982-decom-states-q64lx-3787986432, networkLocation: /default-rack, certSerialId: null}, Type:RATIS, Factor:THREE, State:CLOSED]
2019-09-11 10:50:15,874 [grpc-default-executor-4] INFO  server.GrpcServerProtocolService (GrpcServerProtocolService.java:onCompleted(113)) - d3702e78-1ca1-4dfa-b662-c69ae136cdc5: Completed APPEND_ENTRIES, lastRequest: f6b80f64-c556-46c5-aceb-f6fa21a9cee0->d3702e78-1ca1-4dfa-b662-c69ae136cdc5#98-t3, previous=(t:3, i:23), leaderCommit=16, initializing? false, entries: <empty>
2019-09-11 10:50:15,874 [grpc-default-executor-5] INFO  server.GrpcServerProtocolService (GrpcServerProtocolService.java:onCompleted(113)) - c1836fb8-e3d9-406d-898c-264811801e32: Completed APPEND_ENTRIES, lastRequest: f6b80f64-c556-46c5-aceb-f6fa21a9cee0->c1836fb8-e3d9-406d-898c-264811801e32#98-t3, previous=(t:3, i:23), leaderCommit=16, initializing? false, entries: <empty>
2019-09-11 10:50:15,878 [grpc-default-executor-5] INFO  server.GrpcLogAppender (GrpcLogAppender.java:onCompleted(293)) - f6b80f64-c556-46c5-aceb-f6fa21a9cee0@group-D9F36A19AC90->d3702e78-1ca1-4dfa-b662-c69ae136cdc5-AppendLogResponseHandler: follower responses appendEntries COMPLETED
2019-09-11 10:50:15,878 [grpc-default-executor-3] INFO  impl.StateMachineUpdater (StateMachineUpdater.java:stopAndJoin(125)) - f6b80f64-c556-46c5-aceb-f6fa21a9cee0@group-D9F36A19AC90-StateMachineUpdater: set stopIndex = 16
2019-09-11 10:50:15,879 [grpc-default-executor-4] INFO  server.GrpcLogAppender (GrpcLogAppender.java:onCompleted(293)) - f6b80f64-c556-46c5-aceb-f6fa21a9cee0@group-D9F36A19AC90->c1836fb8-e3d9-406d-898c-264811801e32-AppendLogResponseHandler: follower responses appendEntries COMPLETED
2019-09-11 10:50:15,879 [f6b80f64-c556-46c5-aceb-f6fa21a9cee0@group-D9F36A19AC90-StateMachineUpdater] INFO  ratis.ContainerStateMachine (ContainerStateMachine.java:takeSnapshot(289)) - group-D9F36A19AC90: Taking a snapshot at:(t:3, i:16) file /workdir/hadoop-ozone/integration-test/target/test-dir/MiniOzoneClusterImpl-297df1df-0710-46bf-964b-7d382fc2ac5f/datanode-3/data/ratis/ab228776-ec0e-4011-86ce-d9f36a19ac90/sm/snapshot.3_16
2019-09-11 10:50:15,880 [grpc-default-executor-4] INFO  impl.FollowerInfo (FollowerInfo.java:lambda$new$0(51)) - f6b80f64-c556-46c5-aceb-f6fa21a9cee0@group-D9F36A19AC90->c1836fb8-e3d9-406d-898c-264811801e32: nextIndex: updateUnconditionally 24 -> 17
2019-09-11 10:50:15,880 [grpc-default-executor-5] INFO  impl.FollowerInfo (FollowerInfo.java:lambda$new$0(51)) - f6b80f64-c556-46c5-aceb-f6fa21a9cee0@group-D9F36A19AC90->d3702e78-1ca1-4dfa-b662-c69ae136cdc5: nextIndex: updateUnconditionally 24 -> 17
2019-09-11 10:50:15,906 [Command processor thread] ERROR commandhandler.CloseContainerCommandHandler (CloseContainerCommandHandler.java:handle(125)) - Can't close container #3
java.io.IOException: org.apache.ratis.protocol.GroupMismatchException: f6b80f64-c556-46c5-aceb-f6fa21a9cee0: group-D9F36A19AC90 not found.
	at org.apache.hadoop.ozone.container.common.transport.server.ratis.XceiverServerRatis.submitRequest(XceiverServerRatis.java:495)
	at org.apache.hadoop.ozone.container.common.statemachine.commandhandler.CloseContainerCommandHandler.handle(CloseContainerCommandHandler.java:102)
	at org.apache.hadoop.ozone.container.common.statemachine.commandhandler.CommandDispatcher.handle(CommandDispatcher.java:99)
	at org.apache.hadoop.ozone.container.common.statemachine.DatanodeStateMachine.lambda$initCommandHandlerThread$1(DatanodeStateMachine.java:432)
	at java.lang.Thread.run(Thread.java:748)
Caused by: java.util.concurrent.ExecutionException: org.apache.ratis.protocol.GroupMismatchException: f6b80f64-c556-46c5-aceb-f6fa21a9cee0: group-D9F36A19AC90 not found.
	at java.util.concurrent.CompletableFuture.reportGet(CompletableFuture.java:357)
	at java.util.concurrent.CompletableFuture.get(CompletableFuture.java:1895)
	at org.apache.hadoop.ozone.container.common.transport.server.ratis.XceiverServerRatis.submitRequest(XceiverServerRatis.java:493)
	... 4 more
Caused by: org.apache.ratis.protocol.GroupMismatchException: f6b80f64-c556-46c5-aceb-f6fa21a9cee0: group-D9F36A19AC90 not found.
	at org.apache.ratis.server.impl.RaftServerProxy$ImplMap.get(RaftServerProxy.java:122)
	at org.apache.ratis.server.impl.RaftServerProxy.getImplFuture(RaftServerProxy.java:269)
	at org.apache.ratis.server.impl.RaftServerProxy.submitRequest(RaftServerProxy.java:327)
	at org.apache.ratis.server.impl.RaftServerProxy.submitClientRequestAsync(RaftServerProxy.java:333)
	... 5 more
2019-09-11 10:50:15,932 [f6b80f64-c556-46c5-aceb-f6fa21a9cee0@group-D9F36A19AC90-StateMachineUpdater] INFO  ratis.ContainerStateMachine (ContainerStateMachine.java:takeSnapshot(300)) - group-D9F36A19AC90: Finished taking a snapshot at:(t:3, i:16) file:/workdir/hadoop-ozone/integration-test/target/test-dir/MiniOzoneClusterImpl-297df1df-0710-46bf-964b-7d382fc2ac5f/datanode-3/data/ratis/ab228776-ec0e-4011-86ce-d9f36a19ac90/sm/snapshot.3_16 time:54
2019-09-11 10:50:15,933 [f6b80f64-c556-46c5-aceb-f6fa21a9cee0@group-D9F36A19AC90-StateMachineUpdater] INFO  impl.StateMachineUpdater (StateMachineUpdater.java:takeSnapshot(258)) - f6b80f64-c556-46c5-aceb-f6fa21a9cee0@group-D9F36A19AC90-StateMachineUpdater: Took a snapshot at index 16
2019-09-11 10:50:15,936 [f6b80f64-c556-46c5-aceb-f6fa21a9cee0@group-D9F36A19AC90-StateMachineUpdater] INFO  impl.StateMachineUpdater (StateMachineUpdater.java:lambda$new$0(83)) - f6b80f64-c556-46c5-aceb-f6fa21a9cee0@group-D9F36A19AC90-StateMachineUpdater: snapshotIndex: updateIncreasingly -1 -> 16
2019-09-11 10:50:15,936 [Command processor thread] ERROR commandhandler.CloseContainerCommandHandler (CloseContainerCommandHandler.java:handle(125)) - Can't close container #4
java.io.IOException: org.apache.ratis.protocol.GroupMismatchException: f6b80f64-c556-46c5-aceb-f6fa21a9cee0: group-D9F36A19AC90 not found.
	at org.apache.hadoop.ozone.container.common.transport.server.ratis.XceiverServerRatis.submitRequest(XceiverServerRatis.java:495)
	at org.apache.hadoop.ozone.container.common.statemachine.commandhandler.CloseContainerCommandHandler.handle(CloseContainerCommandHandler.java:102)
	at org.apache.hadoop.ozone.container.common.statemachine.commandhandler.CommandDispatcher.handle(CommandDispatcher.java:99)
	at org.apache.hadoop.ozone.container.common.statemachine.DatanodeStateMachine.lambda$initCommandHandlerThread$1(DatanodeStateMachine.java:432)
	at java.lang.Thread.run(Thread.java:748)
Caused by: java.util.concurrent.ExecutionException: org.apache.ratis.protocol.GroupMismatchException: f6b80f64-c556-46c5-aceb-f6fa21a9cee0: group-D9F36A19AC90 not found.
	at java.util.concurrent.CompletableFuture.reportGet(CompletableFuture.java:357)
	at java.util.concurrent.CompletableFuture.get(CompletableFuture.java:1895)
	at org.apache.hadoop.ozone.container.common.transport.server.ratis.XceiverServerRatis.submitRequest(XceiverServerRatis.java:493)
	... 4 more
Caused by: org.apache.ratis.protocol.GroupMismatchException: f6b80f64-c556-46c5-aceb-f6fa21a9cee0: group-D9F36A19AC90 not found.
	at org.apache.ratis.server.impl.RaftServerProxy$ImplMap.get(RaftServerProxy.java:122)
	at org.apache.ratis.server.impl.RaftServerProxy.getImplFuture(RaftServerProxy.java:269)
	at org.apache.ratis.server.impl.RaftServerProxy.submitRequest(RaftServerProxy.java:327)
	at org.apache.ratis.server.impl.RaftServerProxy.submitClientRequestAsync(RaftServerProxy.java:333)
	... 5 more
2019-09-11 10:50:15,942 [grpc-default-executor-3] INFO  impl.RaftServerImpl (ServerState.java:close(385)) - f6b80f64-c556-46c5-aceb-f6fa21a9cee0@group-D9F36A19AC90: closes. applyIndex: 16
2019-09-11 10:50:15,944 [f6b80f64-c556-46c5-aceb-f6fa21a9cee0@group-D9F36A19AC90-SegmentedRaftLogWorker] ERROR ratis.XceiverServerRatis (XceiverServerRatis.java:triggerPipelineClose(568)) - pipeline Action CLOSE  on pipeline PipelineID=ab228776-ec0e-4011-86ce-d9f36a19ac90.Reason : WriteLog:18: (t:3, i:18), STATEMACHINELOGENTRY, client-188F4EEF7D07, cid=25-writeStateMachineData interrupted.
2019-09-11 10:50:15,947 [EventQueue-PipelineActionsForPipelineActionHandler] ERROR pipeline.PipelineActionHandler (PipelineActionHandler.java:onMessage(60)) - Received pipeline action CLOSE for Pipeline[ Id: ab228776-ec0e-4011-86ce-d9f36a19ac90, Nodes: f6b80f64-c556-46c5-aceb-f6fa21a9cee0{ip: 192.168.69.96, host: pr-hdds-1982-decom-states-q64lx-3787986432, networkLocation: /default-rack, certSerialId: null}d3702e78-1ca1-4dfa-b662-c69ae136cdc5{ip: 192.168.69.96, host: pr-hdds-1982-decom-states-q64lx-3787986432, networkLocation: /default-rack, certSerialId: null}c1836fb8-e3d9-406d-898c-264811801e32{ip: 192.168.69.96, host: pr-hdds-1982-decom-states-q64lx-3787986432, networkLocation: /default-rack, certSerialId: null}, Type:RATIS, Factor:THREE, State:CLOSED] from datanode f6b80f64-c556-46c5-aceb-f6fa21a9cee0{ip: 192.168.69.96, host: pr-hdds-1982-decom-states-q64lx-3787986432, networkLocation: /default-rack, certSerialId: null}. Reason : WriteLog:18: (t:3, i:18), STATEMACHINELOGENTRY, client-188F4EEF7D07, cid=25-writeStateMachineData interrupted.
2019-09-11 10:50:15,947 [EventQueue-PipelineActionsForPipelineActionHandler] INFO  pipeline.SCMPipelineManager (SCMPipelineManager.java:finalizeAndDestroyPipeline(311)) - destroying pipeline:Pipeline[ Id: ab228776-ec0e-4011-86ce-d9f36a19ac90, Nodes: f6b80f64-c556-46c5-aceb-f6fa21a9cee0{ip: 192.168.69.96, host: pr-hdds-1982-decom-states-q64lx-3787986432, networkLocation: /default-rack, certSerialId: null}d3702e78-1ca1-4dfa-b662-c69ae136cdc5{ip: 192.168.69.96, host: pr-hdds-1982-decom-states-q64lx-3787986432, networkLocation: /default-rack, certSerialId: null}c1836fb8-e3d9-406d-898c-264811801e32{ip: 192.168.69.96, host: pr-hdds-1982-decom-states-q64lx-3787986432, networkLocation: /default-rack, certSerialId: null}, Type:RATIS, Factor:THREE, State:CLOSED]
2019-09-11 10:50:15,957 [grpc-default-executor-3] INFO  segmented.SegmentedRaftLogWorker (SegmentedRaftLogWorker.java:close(228)) - f6b80f64-c556-46c5-aceb-f6fa21a9cee0@group-D9F36A19AC90-SegmentedRaftLogWorker close()
2019-09-11 10:50:15,977 [grpc-default-executor-3] INFO  interfaces.Container (KeyValueContainer.java:flushAndSyncDB(386)) - Container 2 is synced with bcsId 6.
2019-09-11 10:50:15,977 [grpc-default-executor-3] INFO  interfaces.Container (KeyValueContainer.java:flushAndSyncDB(386)) - Container 2 is synced with bcsId 6.
2019-09-11 10:50:16,002 [EventQueue-IncrementalContainerReportForIncrementalContainerReportHandler] INFO  container.IncrementalContainerReportHandler (AbstractContainerReportHandler.java:updateContainerState(169)) - Moving container #2 to QUASI_CLOSED state, datanode f6b80f64-c556-46c5-aceb-f6fa21a9cee0{ip: 192.168.69.96, host: pr-hdds-1982-decom-states-q64lx-3787986432, networkLocation: /default-rack, certSerialId: null} reported QUASI_CLOSED replica.
2019-09-11 10:50:16,003 [grpc-default-executor-3] INFO  interfaces.Container (KeyValueContainer.java:flushAndSyncDB(386)) - Container 3 is synced with bcsId 14.
2019-09-11 10:50:16,003 [grpc-default-executor-3] INFO  interfaces.Container (KeyValueContainer.java:flushAndSyncDB(386)) - Container 3 is synced with bcsId 14.
2019-09-11 10:50:16,028 [EventQueue-IncrementalContainerReportForIncrementalContainerReportHandler] INFO  container.IncrementalContainerReportHandler (AbstractContainerReportHandler.java:updateContainerState(169)) - Moving container #3 to QUASI_CLOSED state, datanode f6b80f64-c556-46c5-aceb-f6fa21a9cee0{ip: 192.168.69.96, host: pr-hdds-1982-decom-states-q64lx-3787986432, networkLocation: /default-rack, certSerialId: null} reported QUASI_CLOSED replica.
2019-09-11 10:50:16,092 [grpc-default-executor-3] INFO  interfaces.Container (KeyValueContainer.java:flushAndSyncDB(386)) - Container 4 is synced with bcsId 0.
2019-09-11 10:50:16,092 [grpc-default-executor-3] INFO  interfaces.Container (KeyValueContainer.java:flushAndSyncDB(386)) - Container 4 is synced with bcsId 0.
2019-09-11 10:50:16,107 [EventQueue-IncrementalContainerReportForIncrementalContainerReportHandler] INFO  container.IncrementalContainerReportHandler (AbstractContainerReportHandler.java:updateContainerState(169)) - Moving container #4 to QUASI_CLOSED state, datanode f6b80f64-c556-46c5-aceb-f6fa21a9cee0{ip: 192.168.69.96, host: pr-hdds-1982-decom-states-q64lx-3787986432, networkLocation: /default-rack, certSerialId: null} reported QUASI_CLOSED replica.
2019-09-11 10:50:16,114 [grpc-default-executor-3] INFO  impl.RaftServerProxy (RaftServerProxy.java:remove(95)) - d3702e78-1ca1-4dfa-b662-c69ae136cdc5: remove  FOLLOWER d3702e78-1ca1-4dfa-b662-c69ae136cdc5@group-D9F36A19AC90:t3, leader=f6b80f64-c556-46c5-aceb-f6fa21a9cee0, voted=f6b80f64-c556-46c5-aceb-f6fa21a9cee0, raftlog=d3702e78-1ca1-4dfa-b662-c69ae136cdc5@group-D9F36A19AC90-SegmentedRaftLog:OPENED:c16,f16,i23, conf=0: [d3702e78-1ca1-4dfa-b662-c69ae136cdc5:192.168.69.96:32817, c1836fb8-e3d9-406d-898c-264811801e32:192.168.69.96:33949, f6b80f64-c556-46c5-aceb-f6fa21a9cee0:192.168.69.96:37990], old=null RUNNING
2019-09-11 10:50:16,114 [grpc-default-executor-3] INFO  impl.RaftServerImpl (RaftServerImpl.java:lambda$shutdown$3(251)) - d3702e78-1ca1-4dfa-b662-c69ae136cdc5@group-D9F36A19AC90: shutdown
2019-09-11 10:50:16,115 [grpc-default-executor-3] INFO  util.JmxRegister (JmxRegister.java:unregister(73)) - Successfully un-registered JMX Bean with object name Ratis:service=RaftServer,group=group-D9F36A19AC90,id=d3702e78-1ca1-4dfa-b662-c69ae136cdc5
2019-09-11 10:50:16,115 [grpc-default-executor-3] INFO  impl.RoleInfo (RoleInfo.java:shutdownFollowerState(121)) - d3702e78-1ca1-4dfa-b662-c69ae136cdc5: shutdown FollowerState
2019-09-11 10:50:16,115 [grpc-default-executor-3] INFO  impl.StateMachineUpdater (StateMachineUpdater.java:stopAndJoin(125)) - d3702e78-1ca1-4dfa-b662-c69ae136cdc5@group-D9F36A19AC90-StateMachineUpdater: set stopIndex = 16
2019-09-11 10:50:16,115 [Thread-396] INFO  impl.FollowerState (FollowerState.java:run(115)) - d3702e78-1ca1-4dfa-b662-c69ae136cdc5: FollowerState was interrupted: java.lang.InterruptedException: sleep interrupted
2019-09-11 10:50:16,115 [d3702e78-1ca1-4dfa-b662-c69ae136cdc5@group-D9F36A19AC90-StateMachineUpdater] INFO  ratis.ContainerStateMachine (ContainerStateMachine.java:takeSnapshot(289)) - group-D9F36A19AC90: Taking a snapshot at:(t:3, i:14) file /workdir/hadoop-ozone/integration-test/target/test-dir/MiniOzoneClusterImpl-297df1df-0710-46bf-964b-7d382fc2ac5f/datanode-0/data/ratis/ab228776-ec0e-4011-86ce-d9f36a19ac90/sm/snapshot.3_14
2019-09-11 10:50:16,144 [d3702e78-1ca1-4dfa-b662-c69ae136cdc5@group-D9F36A19AC90-StateMachineUpdater] INFO  ratis.ContainerStateMachine (ContainerStateMachine.java:takeSnapshot(300)) - group-D9F36A19AC90: Finished taking a snapshot at:(t:3, i:14) file:/workdir/hadoop-ozone/integration-test/target/test-dir/MiniOzoneClusterImpl-297df1df-0710-46bf-964b-7d382fc2ac5f/datanode-0/data/ratis/ab228776-ec0e-4011-86ce-d9f36a19ac90/sm/snapshot.3_14 time:30
2019-09-11 10:50:16,144 [d3702e78-1ca1-4dfa-b662-c69ae136cdc5@group-D9F36A19AC90-StateMachineUpdater] INFO  impl.StateMachineUpdater (StateMachineUpdater.java:takeSnapshot(258)) - d3702e78-1ca1-4dfa-b662-c69ae136cdc5@group-D9F36A19AC90-StateMachineUpdater: Took a snapshot at index 14
2019-09-11 10:50:16,145 [d3702e78-1ca1-4dfa-b662-c69ae136cdc5@group-D9F36A19AC90-StateMachineUpdater] INFO  impl.StateMachineUpdater (StateMachineUpdater.java:lambda$new$0(83)) - d3702e78-1ca1-4dfa-b662-c69ae136cdc5@group-D9F36A19AC90-StateMachineUpdater: snapshotIndex: updateIncreasingly -1 -> 14
2019-09-11 10:50:16,145 [d3702e78-1ca1-4dfa-b662-c69ae136cdc5@group-D9F36A19AC90-StateMachineUpdater] INFO  ratis.ContainerStateMachine (ContainerStateMachine.java:takeSnapshot(289)) - group-D9F36A19AC90: Taking a snapshot at:(t:3, i:14) file /workdir/hadoop-ozone/integration-test/target/test-dir/MiniOzoneClusterImpl-297df1df-0710-46bf-964b-7d382fc2ac5f/datanode-0/data/ratis/ab228776-ec0e-4011-86ce-d9f36a19ac90/sm/snapshot.3_14
2019-09-11 10:50:16,169 [d3702e78-1ca1-4dfa-b662-c69ae136cdc5@group-D9F36A19AC90-StateMachineUpdater] INFO  ratis.ContainerStateMachine (ContainerStateMachine.java:takeSnapshot(300)) - group-D9F36A19AC90: Finished taking a snapshot at:(t:3, i:14) file:/workdir/hadoop-ozone/integration-test/target/test-dir/MiniOzoneClusterImpl-297df1df-0710-46bf-964b-7d382fc2ac5f/datanode-0/data/ratis/ab228776-ec0e-4011-86ce-d9f36a19ac90/sm/snapshot.3_14 time:25
2019-09-11 10:50:16,169 [d3702e78-1ca1-4dfa-b662-c69ae136cdc5@group-D9F36A19AC90-StateMachineUpdater] INFO  impl.StateMachineUpdater (StateMachineUpdater.java:takeSnapshot(258)) - d3702e78-1ca1-4dfa-b662-c69ae136cdc5@group-D9F36A19AC90-StateMachineUpdater: Took a snapshot at index 14
2019-09-11 10:50:16,170 [d3702e78-1ca1-4dfa-b662-c69ae136cdc5@group-D9F36A19AC90-StateMachineUpdater] INFO  impl.StateMachineUpdater (StateMachineUpdater.java:lambda$new$0(83)) - d3702e78-1ca1-4dfa-b662-c69ae136cdc5@group-D9F36A19AC90-StateMachineUpdater: snapshotIndex: updateIncreasingly 14 -> 14
2019-09-11 10:50:16,170 [grpc-default-executor-3] INFO  impl.RaftServerImpl (ServerState.java:close(385)) - d3702e78-1ca1-4dfa-b662-c69ae136cdc5@group-D9F36A19AC90: closes. applyIndex: 16
2019-09-11 10:50:16,173 [d3702e78-1ca1-4dfa-b662-c69ae136cdc5@group-D9F36A19AC90-SegmentedRaftLogWorker] ERROR ratis.XceiverServerRatis (XceiverServerRatis.java:triggerPipelineClose(568)) - pipeline Action CLOSE  on pipeline PipelineID=ab228776-ec0e-4011-86ce-d9f36a19ac90.Reason : WriteLog:18: (t:3, i:18), STATEMACHINELOGENTRY, client-188F4EEF7D07, cid=25-writeStateMachineData interrupted.
2019-09-11 10:50:16,176 [EventQueue-PipelineActionsForPipelineActionHandler] ERROR pipeline.PipelineActionHandler (PipelineActionHandler.java:onMessage(60)) - Received pipeline action CLOSE for Pipeline[ Id: ab228776-ec0e-4011-86ce-d9f36a19ac90, Nodes: f6b80f64-c556-46c5-aceb-f6fa21a9cee0{ip: 192.168.69.96, host: pr-hdds-1982-decom-states-q64lx-3787986432, networkLocation: /default-rack, certSerialId: null}d3702e78-1ca1-4dfa-b662-c69ae136cdc5{ip: 192.168.69.96, host: pr-hdds-1982-decom-states-q64lx-3787986432, networkLocation: /default-rack, certSerialId: null}c1836fb8-e3d9-406d-898c-264811801e32{ip: 192.168.69.96, host: pr-hdds-1982-decom-states-q64lx-3787986432, networkLocation: /default-rack, certSerialId: null}, Type:RATIS, Factor:THREE, State:CLOSED] from datanode d3702e78-1ca1-4dfa-b662-c69ae136cdc5{ip: 192.168.69.96, host: pr-hdds-1982-decom-states-q64lx-3787986432, networkLocation: /default-rack, certSerialId: null}. Reason : WriteLog:18: (t:3, i:18), STATEMACHINELOGENTRY, client-188F4EEF7D07, cid=25-writeStateMachineData interrupted.
2019-09-11 10:50:16,177 [EventQueue-PipelineActionsForPipelineActionHandler] INFO  pipeline.SCMPipelineManager (SCMPipelineManager.java:finalizeAndDestroyPipeline(311)) - destroying pipeline:Pipeline[ Id: ab228776-ec0e-4011-86ce-d9f36a19ac90, Nodes: f6b80f64-c556-46c5-aceb-f6fa21a9cee0{ip: 192.168.69.96, host: pr-hdds-1982-decom-states-q64lx-3787986432, networkLocation: /default-rack, certSerialId: null}d3702e78-1ca1-4dfa-b662-c69ae136cdc5{ip: 192.168.69.96, host: pr-hdds-1982-decom-states-q64lx-3787986432, networkLocation: /default-rack, certSerialId: null}c1836fb8-e3d9-406d-898c-264811801e32{ip: 192.168.69.96, host: pr-hdds-1982-decom-states-q64lx-3787986432, networkLocation: /default-rack, certSerialId: null}, Type:RATIS, Factor:THREE, State:CLOSED]
2019-09-11 10:50:16,179 [grpc-default-executor-3] INFO  segmented.SegmentedRaftLogWorker (SegmentedRaftLogWorker.java:close(228)) - d3702e78-1ca1-4dfa-b662-c69ae136cdc5@group-D9F36A19AC90-SegmentedRaftLogWorker close()
2019-09-11 10:50:16,203 [grpc-default-executor-3] INFO  interfaces.Container (KeyValueContainer.java:flushAndSyncDB(386)) - Container 2 is synced with bcsId 6.
2019-09-11 10:50:16,204 [grpc-default-executor-3] INFO  interfaces.Container (KeyValueContainer.java:flushAndSyncDB(386)) - Container 2 is synced with bcsId 6.
2019-09-11 10:50:16,246 [grpc-default-executor-3] INFO  interfaces.Container (KeyValueContainer.java:flushAndSyncDB(386)) - Container 3 is synced with bcsId 14.
2019-09-11 10:50:16,246 [grpc-default-executor-3] INFO  interfaces.Container (KeyValueContainer.java:flushAndSyncDB(386)) - Container 3 is synced with bcsId 14.
2019-09-11 10:50:16,361 [grpc-default-executor-3] INFO  interfaces.Container (KeyValueContainer.java:flushAndSyncDB(386)) - Container 4 is synced with bcsId 0.
2019-09-11 10:50:16,361 [grpc-default-executor-3] INFO  interfaces.Container (KeyValueContainer.java:flushAndSyncDB(386)) - Container 4 is synced with bcsId 0.
2019-09-11 10:50:16,380 [grpc-default-executor-5] INFO  client.GrpcClientProtocolClient (GrpcClientProtocolClient.java:onNext(264)) - client-188F4EEF7D07->c1836fb8-e3d9-406d-898c-264811801e32: receive RaftClientReply:client-188F4EEF7D07->c1836fb8-e3d9-406d-898c-264811801e32@group-D9F36A19AC90, cid=24, FAILED org.apache.ratis.protocol.NotLeaderException: Server c1836fb8-e3d9-406d-898c-264811801e32@group-D9F36A19AC90 is not the leader f6b80f64-c556-46c5-aceb-f6fa21a9cee0:192.168.69.96:37990, logIndex=0, commits[c1836fb8-e3d9-406d-898c-264811801e32:c16, d3702e78-1ca1-4dfa-b662-c69ae136cdc5:c14, f6b80f64-c556-46c5-aceb-f6fa21a9cee0:c16]
2019-09-11 10:50:16,397 [grpc-default-executor-5] INFO  impl.RaftServerProxy (RaftServerProxy.java:remove(95)) - c1836fb8-e3d9-406d-898c-264811801e32: remove  FOLLOWER c1836fb8-e3d9-406d-898c-264811801e32@group-D9F36A19AC90:t3, leader=f6b80f64-c556-46c5-aceb-f6fa21a9cee0, voted=f6b80f64-c556-46c5-aceb-f6fa21a9cee0, raftlog=c1836fb8-e3d9-406d-898c-264811801e32@group-D9F36A19AC90-SegmentedRaftLog:OPENED:c16,f16,i23, conf=0: [d3702e78-1ca1-4dfa-b662-c69ae136cdc5:192.168.69.96:32817, c1836fb8-e3d9-406d-898c-264811801e32:192.168.69.96:33949, f6b80f64-c556-46c5-aceb-f6fa21a9cee0:192.168.69.96:37990], old=null RUNNING
2019-09-11 10:50:16,397 [grpc-default-executor-5] INFO  impl.RaftServerImpl (RaftServerImpl.java:lambda$shutdown$3(251)) - c1836fb8-e3d9-406d-898c-264811801e32@group-D9F36A19AC90: shutdown
2019-09-11 10:50:16,398 [grpc-default-executor-5] INFO  util.JmxRegister (JmxRegister.java:unregister(73)) - Successfully un-registered JMX Bean with object name Ratis:service=RaftServer,group=group-D9F36A19AC90,id=c1836fb8-e3d9-406d-898c-264811801e32
2019-09-11 10:50:16,398 [grpc-default-executor-5] INFO  impl.RoleInfo (RoleInfo.java:shutdownFollowerState(121)) - c1836fb8-e3d9-406d-898c-264811801e32: shutdown FollowerState
2019-09-11 10:50:16,406 [grpc-default-executor-5] INFO  impl.StateMachineUpdater (StateMachineUpdater.java:stopAndJoin(125)) - c1836fb8-e3d9-406d-898c-264811801e32@group-D9F36A19AC90-StateMachineUpdater: set stopIndex = 16
2019-09-11 10:50:16,407 [c1836fb8-e3d9-406d-898c-264811801e32@group-D9F36A19AC90-StateMachineUpdater] INFO  ratis.ContainerStateMachine (ContainerStateMachine.java:takeSnapshot(289)) - group-D9F36A19AC90: Taking a snapshot at:(t:3, i:14) file /workdir/hadoop-ozone/integration-test/target/test-dir/MiniOzoneClusterImpl-297df1df-0710-46bf-964b-7d382fc2ac5f/datanode-5/data/ratis/ab228776-ec0e-4011-86ce-d9f36a19ac90/sm/snapshot.3_14
2019-09-11 10:50:16,407 [Thread-395] INFO  impl.FollowerState (FollowerState.java:run(115)) - c1836fb8-e3d9-406d-898c-264811801e32: FollowerState was interrupted: java.lang.InterruptedException: sleep interrupted
2019-09-11 10:50:16,423 [main] WARN  io.KeyOutputStream (KeyOutputStream.java:handleException(276)) - Encountered exception java.io.IOException: Unexpected Storage Container Exception: java.util.concurrent.CompletionException: java.util.concurrent.CompletionException: org.apache.ratis.protocol.GroupMismatchException: f6b80f64-c556-46c5-aceb-f6fa21a9cee0: group-D9F36A19AC90 not found. on the pipeline Pipeline[ Id: ab228776-ec0e-4011-86ce-d9f36a19ac90, Nodes: f6b80f64-c556-46c5-aceb-f6fa21a9cee0{ip: 192.168.69.96, host: pr-hdds-1982-decom-states-q64lx-3787986432, networkLocation: /default-rack, certSerialId: null}d3702e78-1ca1-4dfa-b662-c69ae136cdc5{ip: 192.168.69.96, host: pr-hdds-1982-decom-states-q64lx-3787986432, networkLocation: /default-rack, certSerialId: null}c1836fb8-e3d9-406d-898c-264811801e32{ip: 192.168.69.96, host: pr-hdds-1982-decom-states-q64lx-3787986432, networkLocation: /default-rack, certSerialId: null}, Type:RATIS, Factor:THREE, State:OPEN]. The last committed block length is 0, uncommitted data length is 400 retry count 0
2019-09-11 10:50:16,430 [c1836fb8-e3d9-406d-898c-264811801e32@group-D9F36A19AC90-StateMachineUpdater] INFO  ratis.ContainerStateMachine (ContainerStateMachine.java:takeSnapshot(300)) - group-D9F36A19AC90: Finished taking a snapshot at:(t:3, i:14) file:/workdir/hadoop-ozone/integration-test/target/test-dir/MiniOzoneClusterImpl-297df1df-0710-46bf-964b-7d382fc2ac5f/datanode-5/data/ratis/ab228776-ec0e-4011-86ce-d9f36a19ac90/sm/snapshot.3_14 time:24
2019-09-11 10:50:16,432 [c1836fb8-e3d9-406d-898c-264811801e32@group-D9F36A19AC90-StateMachineUpdater] INFO  impl.StateMachineUpdater (StateMachineUpdater.java:takeSnapshot(258)) - c1836fb8-e3d9-406d-898c-264811801e32@group-D9F36A19AC90-StateMachineUpdater: Took a snapshot at index 14
2019-09-11 10:50:16,437 [c1836fb8-e3d9-406d-898c-264811801e32@group-D9F36A19AC90-StateMachineUpdater] INFO  impl.StateMachineUpdater (StateMachineUpdater.java:lambda$new$0(83)) - c1836fb8-e3d9-406d-898c-264811801e32@group-D9F36A19AC90-StateMachineUpdater: snapshotIndex: updateIncreasingly -1 -> 14
2019-09-11 10:50:16,437 [c1836fb8-e3d9-406d-898c-264811801e32@group-D9F36A19AC90-StateMachineUpdater] INFO  ratis.ContainerStateMachine (ContainerStateMachine.java:takeSnapshot(289)) - group-D9F36A19AC90: Taking a snapshot at:(t:3, i:14) file /workdir/hadoop-ozone/integration-test/target/test-dir/MiniOzoneClusterImpl-297df1df-0710-46bf-964b-7d382fc2ac5f/datanode-5/data/ratis/ab228776-ec0e-4011-86ce-d9f36a19ac90/sm/snapshot.3_14
2019-09-11 10:50:16,474 [c1836fb8-e3d9-406d-898c-264811801e32@group-D9F36A19AC90-StateMachineUpdater] INFO  ratis.ContainerStateMachine (ContainerStateMachine.java:takeSnapshot(300)) - group-D9F36A19AC90: Finished taking a snapshot at:(t:3, i:14) file:/workdir/hadoop-ozone/integration-test/target/test-dir/MiniOzoneClusterImpl-297df1df-0710-46bf-964b-7d382fc2ac5f/datanode-5/data/ratis/ab228776-ec0e-4011-86ce-d9f36a19ac90/sm/snapshot.3_14 time:38
2019-09-11 10:50:16,474 [c1836fb8-e3d9-406d-898c-264811801e32@group-D9F36A19AC90-StateMachineUpdater] INFO  impl.StateMachineUpdater (StateMachineUpdater.java:takeSnapshot(258)) - c1836fb8-e3d9-406d-898c-264811801e32@group-D9F36A19AC90-StateMachineUpdater: Took a snapshot at index 14
2019-09-11 10:50:16,474 [c1836fb8-e3d9-406d-898c-264811801e32@group-D9F36A19AC90-StateMachineUpdater] INFO  impl.StateMachineUpdater (StateMachineUpdater.java:lambda$new$0(83)) - c1836fb8-e3d9-406d-898c-264811801e32@group-D9F36A19AC90-StateMachineUpdater: snapshotIndex: updateIncreasingly 14 -> 14
2019-09-11 10:50:16,475 [grpc-default-executor-5] INFO  impl.RaftServerImpl (ServerState.java:close(385)) - c1836fb8-e3d9-406d-898c-264811801e32@group-D9F36A19AC90: closes. applyIndex: 16
2019-09-11 10:50:16,478 [c1836fb8-e3d9-406d-898c-264811801e32@group-D9F36A19AC90-SegmentedRaftLogWorker] ERROR ratis.XceiverServerRatis (XceiverServerRatis.java:triggerPipelineClose(568)) - pipeline Action CLOSE  on pipeline PipelineID=ab228776-ec0e-4011-86ce-d9f36a19ac90.Reason : WriteLog:18: (t:3, i:18), STATEMACHINELOGENTRY, client-188F4EEF7D07, cid=25-writeStateMachineData interrupted.
2019-09-11 10:50:16,482 [EventQueue-PipelineActionsForPipelineActionHandler] ERROR pipeline.PipelineActionHandler (PipelineActionHandler.java:onMessage(60)) - Received pipeline action CLOSE for Pipeline[ Id: ab228776-ec0e-4011-86ce-d9f36a19ac90, Nodes: f6b80f64-c556-46c5-aceb-f6fa21a9cee0{ip: 192.168.69.96, host: pr-hdds-1982-decom-states-q64lx-3787986432, networkLocation: /default-rack, certSerialId: null}d3702e78-1ca1-4dfa-b662-c69ae136cdc5{ip: 192.168.69.96, host: pr-hdds-1982-decom-states-q64lx-3787986432, networkLocation: /default-rack, certSerialId: null}c1836fb8-e3d9-406d-898c-264811801e32{ip: 192.168.69.96, host: pr-hdds-1982-decom-states-q64lx-3787986432, networkLocation: /default-rack, certSerialId: null}, Type:RATIS, Factor:THREE, State:CLOSED] from datanode c1836fb8-e3d9-406d-898c-264811801e32{ip: 192.168.69.96, host: pr-hdds-1982-decom-states-q64lx-3787986432, networkLocation: /default-rack, certSerialId: null}. Reason : WriteLog:18: (t:3, i:18), STATEMACHINELOGENTRY, client-188F4EEF7D07, cid=25-writeStateMachineData interrupted.
2019-09-11 10:50:16,483 [EventQueue-PipelineActionsForPipelineActionHandler] INFO  pipeline.SCMPipelineManager (SCMPipelineManager.java:finalizeAndDestroyPipeline(311)) - destroying pipeline:Pipeline[ Id: ab228776-ec0e-4011-86ce-d9f36a19ac90, Nodes: f6b80f64-c556-46c5-aceb-f6fa21a9cee0{ip: 192.168.69.96, host: pr-hdds-1982-decom-states-q64lx-3787986432, networkLocation: /default-rack, certSerialId: null}d3702e78-1ca1-4dfa-b662-c69ae136cdc5{ip: 192.168.69.96, host: pr-hdds-1982-decom-states-q64lx-3787986432, networkLocation: /default-rack, certSerialId: null}c1836fb8-e3d9-406d-898c-264811801e32{ip: 192.168.69.96, host: pr-hdds-1982-decom-states-q64lx-3787986432, networkLocation: /default-rack, certSerialId: null}, Type:RATIS, Factor:THREE, State:CLOSED]
2019-09-11 10:50:16,492 [grpc-default-executor-4] INFO  client.GrpcClientProtocolClient (GrpcClientProtocolClient.java:onNext(264)) - client-AE8D50DBBA60->c700e686-cd5d-4589-a85c-855c3d411f03: receive RaftClientReply:client-AE8D50DBBA60->c700e686-cd5d-4589-a85c-855c3d411f03@group-B391A177F02D, cid=33, FAILED org.apache.ratis.protocol.NotLeaderException: Server c700e686-cd5d-4589-a85c-855c3d411f03@group-B391A177F02D is not the leader 0b636d87-96bf-4b94-9c3d-67103f83ac63:192.168.69.96:35238, logIndex=0, commits[c700e686-cd5d-4589-a85c-855c3d411f03:c6, 0b636d87-96bf-4b94-9c3d-67103f83ac63:c6, c7b9545f-c236-470c-aa8a-7cf63461d0d4:c6]
2019-09-11 10:50:16,502 [grpc-default-executor-5] INFO  segmented.SegmentedRaftLogWorker (SegmentedRaftLogWorker.java:close(228)) - c1836fb8-e3d9-406d-898c-264811801e32@group-D9F36A19AC90-SegmentedRaftLogWorker close()
2019-09-11 10:50:16,533 [grpc-default-executor-5] INFO  interfaces.Container (KeyValueContainer.java:flushAndSyncDB(386)) - Container 2 is synced with bcsId 6.
2019-09-11 10:50:16,536 [grpc-default-executor-5] INFO  interfaces.Container (KeyValueContainer.java:flushAndSyncDB(386)) - Container 2 is synced with bcsId 6.
2019-09-11 10:50:16,574 [grpc-default-executor-5] INFO  interfaces.Container (KeyValueContainer.java:flushAndSyncDB(386)) - Container 3 is synced with bcsId 14.
2019-09-11 10:50:16,575 [grpc-default-executor-5] INFO  interfaces.Container (KeyValueContainer.java:flushAndSyncDB(386)) - Container 3 is synced with bcsId 14.
2019-09-11 10:50:16,688 [grpc-default-executor-5] INFO  interfaces.Container (KeyValueContainer.java:flushAndSyncDB(386)) - Container 4 is synced with bcsId 0.
2019-09-11 10:50:16,688 [grpc-default-executor-5] INFO  interfaces.Container (KeyValueContainer.java:flushAndSyncDB(386)) - Container 4 is synced with bcsId 0.
2019-09-11 10:50:16,722 [grpc-default-executor-5] INFO  client.GrpcClientProtocolClient (GrpcClientProtocolClient.java:onNext(264)) - client-AE8D50DBBA60->0b636d87-96bf-4b94-9c3d-67103f83ac63: receive RaftClientReply:client-AE8D50DBBA60->0b636d87-96bf-4b94-9c3d-67103f83ac63@group-B391A177F02D, cid=33, SUCCESS, logIndex=7, commits[0b636d87-96bf-4b94-9c3d-67103f83ac63:c7, c700e686-cd5d-4589-a85c-855c3d411f03:c6, c7b9545f-c236-470c-aa8a-7cf63461d0d4:c6]
2019-09-11 10:50:16,731 [RatisPipelineUtilsThread] INFO  pipeline.PipelineStateManager (PipelineStateManager.java:removePipeline(108)) - Pipeline Pipeline[ Id: ab228776-ec0e-4011-86ce-d9f36a19ac90, Nodes: f6b80f64-c556-46c5-aceb-f6fa21a9cee0{ip: 192.168.69.96, host: pr-hdds-1982-decom-states-q64lx-3787986432, networkLocation: /default-rack, certSerialId: null}d3702e78-1ca1-4dfa-b662-c69ae136cdc5{ip: 192.168.69.96, host: pr-hdds-1982-decom-states-q64lx-3787986432, networkLocation: /default-rack, certSerialId: null}c1836fb8-e3d9-406d-898c-264811801e32{ip: 192.168.69.96, host: pr-hdds-1982-decom-states-q64lx-3787986432, networkLocation: /default-rack, certSerialId: null}, Type:RATIS, Factor:THREE, State:CLOSED] removed from db
2019-09-11 10:50:16,750 [grpc-default-executor-5] INFO  impl.RaftServerProxy (RaftServerProxy.java:addNew(89)) - d3702e78-1ca1-4dfa-b662-c69ae136cdc5: addNew group-909655ECDC6E:[d3702e78-1ca1-4dfa-b662-c69ae136cdc5:192.168.69.96:32817, c1836fb8-e3d9-406d-898c-264811801e32:192.168.69.96:33949, f6b80f64-c556-46c5-aceb-f6fa21a9cee0:192.168.69.96:37990] returns group-909655ECDC6E:java.util.concurrent.CompletableFuture@1264d990[Not completed]
2019-09-11 10:50:16,751 [grpc-default-executor-6] INFO  impl.RaftServerProxy (RaftServerProxy.java:addNew(89)) - c1836fb8-e3d9-406d-898c-264811801e32: addNew group-909655ECDC6E:[d3702e78-1ca1-4dfa-b662-c69ae136cdc5:192.168.69.96:32817, c1836fb8-e3d9-406d-898c-264811801e32:192.168.69.96:33949, f6b80f64-c556-46c5-aceb-f6fa21a9cee0:192.168.69.96:37990] returns group-909655ECDC6E:java.util.concurrent.CompletableFuture@2ce28662[Not completed]
2019-09-11 10:50:16,751 [grpc-default-executor-7] INFO  impl.RaftServerProxy (RaftServerProxy.java:addNew(89)) - f6b80f64-c556-46c5-aceb-f6fa21a9cee0: addNew group-909655ECDC6E:[d3702e78-1ca1-4dfa-b662-c69ae136cdc5:192.168.69.96:32817, c1836fb8-e3d9-406d-898c-264811801e32:192.168.69.96:33949, f6b80f64-c556-46c5-aceb-f6fa21a9cee0:192.168.69.96:37990] returns group-909655ECDC6E:java.util.concurrent.CompletableFuture@e9ed00f[Not completed]
2019-09-11 10:50:16,753 [pool-77-thread-1] INFO  impl.RaftServerImpl (RaftServerImpl.java:<init>(95)) - c1836fb8-e3d9-406d-898c-264811801e32: new RaftServerImpl for group-909655ECDC6E:[d3702e78-1ca1-4dfa-b662-c69ae136cdc5:192.168.69.96:32817, c1836fb8-e3d9-406d-898c-264811801e32:192.168.69.96:33949, f6b80f64-c556-46c5-aceb-f6fa21a9cee0:192.168.69.96:37990] with ContainerStateMachine:uninitialized
2019-09-11 10:50:16,754 [pool-77-thread-1] INFO  server.RaftServerConfigKeys (ConfUtils.java:logGet(43)) - raft.server.rpc.timeout.min = 5s (custom)
2019-09-11 10:50:16,754 [pool-77-thread-1] INFO  server.RaftServerConfigKeys (ConfUtils.java:logGet(43)) - raft.server.rpc.timeout.max = 5200ms (custom)
2019-09-11 10:50:16,754 [pool-77-thread-1] INFO  server.RaftServerConfigKeys (ConfUtils.java:logGet(43)) - raft.server.rpcslowness.timeout = 120s (custom)
2019-09-11 10:50:16,754 [pool-77-thread-1] INFO  server.RaftServerConfigKeys (ConfUtils.java:logGet(43)) - raft.server.sleep.deviation.threshold = 300 (default)
2019-09-11 10:50:16,754 [pool-77-thread-1] INFO  server.RaftServerConfigKeys (ConfUtils.java:logGet(43)) - raft.server.log.appender.install.snapshot.enabled = false (custom)
2019-09-11 10:50:16,755 [pool-77-thread-1] INFO  impl.RaftServerImpl (ServerState.java:<init>(103)) - c1836fb8-e3d9-406d-898c-264811801e32@group-909655ECDC6E: ConfigurationManager, init=-1: [d3702e78-1ca1-4dfa-b662-c69ae136cdc5:192.168.69.96:32817, c1836fb8-e3d9-406d-898c-264811801e32:192.168.69.96:33949, f6b80f64-c556-46c5-aceb-f6fa21a9cee0:192.168.69.96:37990], old=null, confs=<EMPTY_MAP>
2019-09-11 10:50:16,755 [pool-77-thread-1] INFO  server.RaftServerConfigKeys (ConfUtils.java:logGet(43)) - raft.server.storage.dir = [/workdir/hadoop-ozone/integration-test/target/test-dir/MiniOzoneClusterImpl-297df1df-0710-46bf-964b-7d382fc2ac5f/datanode-5/data/ratis] (custom)
2019-09-11 10:50:16,758 [pool-77-thread-1] INFO  storage.RaftStorageDirectory (RaftStorageDirectory.java:analyzeStorage(246)) - The storage directory /workdir/hadoop-ozone/integration-test/target/test-dir/MiniOzoneClusterImpl-297df1df-0710-46bf-964b-7d382fc2ac5f/datanode-5/data/ratis/8434d67d-9fb9-47ae-aa1c-909655ecdc6e does not exist. Creating ...
2019-09-11 10:50:16,758 [pool-27-thread-1] INFO  impl.RaftServerImpl (RaftServerImpl.java:<init>(95)) - d3702e78-1ca1-4dfa-b662-c69ae136cdc5: new RaftServerImpl for group-909655ECDC6E:[d3702e78-1ca1-4dfa-b662-c69ae136cdc5:192.168.69.96:32817, c1836fb8-e3d9-406d-898c-264811801e32:192.168.69.96:33949, f6b80f64-c556-46c5-aceb-f6fa21a9cee0:192.168.69.96:37990] with ContainerStateMachine:uninitialized
2019-09-11 10:50:16,760 [pool-27-thread-1] INFO  server.RaftServerConfigKeys (ConfUtils.java:logGet(43)) - raft.server.rpc.timeout.min = 5s (custom)
2019-09-11 10:50:16,762 [pool-27-thread-1] INFO  server.RaftServerConfigKeys (ConfUtils.java:logGet(43)) - raft.server.rpc.timeout.max = 5200ms (custom)
2019-09-11 10:50:16,762 [pool-27-thread-1] INFO  server.RaftServerConfigKeys (ConfUtils.java:logGet(43)) - raft.server.rpcslowness.timeout = 120s (custom)
2019-09-11 10:50:16,763 [pool-27-thread-1] INFO  server.RaftServerConfigKeys (ConfUtils.java:logGet(43)) - raft.server.sleep.deviation.threshold = 300 (default)
2019-09-11 10:50:16,763 [pool-27-thread-1] INFO  server.RaftServerConfigKeys (ConfUtils.java:logGet(43)) - raft.server.log.appender.install.snapshot.enabled = false (custom)
2019-09-11 10:50:16,763 [grpc-default-executor-7] INFO  client.GrpcClientProtocolClient (GrpcClientProtocolClient.java:onNext(264)) - client-AE8D50DBBA60->0b636d87-96bf-4b94-9c3d-67103f83ac63: receive RaftClientReply:client-AE8D50DBBA60->0b636d87-96bf-4b94-9c3d-67103f83ac63@group-B391A177F02D, cid=34, SUCCESS, logIndex=9, commits[0b636d87-96bf-4b94-9c3d-67103f83ac63:c10, c700e686-cd5d-4589-a85c-855c3d411f03:c8, c7b9545f-c236-470c-aa8a-7cf63461d0d4:c8]
2019-09-11 10:50:16,763 [pool-27-thread-1] INFO  impl.RaftServerImpl (ServerState.java:<init>(103)) - d3702e78-1ca1-4dfa-b662-c69ae136cdc5@group-909655ECDC6E: ConfigurationManager, init=-1: [d3702e78-1ca1-4dfa-b662-c69ae136cdc5:192.168.69.96:32817, c1836fb8-e3d9-406d-898c-264811801e32:192.168.69.96:33949, f6b80f64-c556-46c5-aceb-f6fa21a9cee0:192.168.69.96:37990], old=null, confs=<EMPTY_MAP>
2019-09-11 10:50:16,763 [pool-27-thread-1] INFO  server.RaftServerConfigKeys (ConfUtils.java:logGet(43)) - raft.server.storage.dir = [/workdir/hadoop-ozone/integration-test/target/test-dir/MiniOzoneClusterImpl-297df1df-0710-46bf-964b-7d382fc2ac5f/datanode-0/data/ratis] (custom)
2019-09-11 10:50:16,764 [pool-57-thread-1] INFO  impl.RaftServerImpl (RaftServerImpl.java:<init>(95)) - f6b80f64-c556-46c5-aceb-f6fa21a9cee0: new RaftServerImpl for group-909655ECDC6E:[d3702e78-1ca1-4dfa-b662-c69ae136cdc5:192.168.69.96:32817, c1836fb8-e3d9-406d-898c-264811801e32:192.168.69.96:33949, f6b80f64-c556-46c5-aceb-f6fa21a9cee0:192.168.69.96:37990] with ContainerStateMachine:uninitialized
2019-09-11 10:50:16,764 [pool-57-thread-1] INFO  server.RaftServerConfigKeys (ConfUtils.java:logGet(43)) - raft.server.rpc.timeout.min = 5s (custom)
2019-09-11 10:50:16,764 [pool-27-thread-1] INFO  storage.RaftStorageDirectory (RaftStorageDirectory.java:analyzeStorage(246)) - The storage directory /workdir/hadoop-ozone/integration-test/target/test-dir/MiniOzoneClusterImpl-297df1df-0710-46bf-964b-7d382fc2ac5f/datanode-0/data/ratis/8434d67d-9fb9-47ae-aa1c-909655ecdc6e does not exist. Creating ...
2019-09-11 10:50:16,764 [pool-57-thread-1] INFO  server.RaftServerConfigKeys (ConfUtils.java:logGet(43)) - raft.server.rpc.timeout.max = 5200ms (custom)
2019-09-11 10:50:16,764 [pool-57-thread-1] INFO  server.RaftServerConfigKeys (ConfUtils.java:logGet(43)) - raft.server.rpcslowness.timeout = 120s (custom)
2019-09-11 10:50:16,764 [pool-57-thread-1] INFO  server.RaftServerConfigKeys (ConfUtils.java:logGet(43)) - raft.server.sleep.deviation.threshold = 300 (default)
2019-09-11 10:50:16,765 [pool-57-thread-1] INFO  server.RaftServerConfigKeys (ConfUtils.java:logGet(43)) - raft.server.log.appender.install.snapshot.enabled = false (custom)
2019-09-11 10:50:16,765 [pool-57-thread-1] INFO  impl.RaftServerImpl (ServerState.java:<init>(103)) - f6b80f64-c556-46c5-aceb-f6fa21a9cee0@group-909655ECDC6E: ConfigurationManager, init=-1: [d3702e78-1ca1-4dfa-b662-c69ae136cdc5:192.168.69.96:32817, c1836fb8-e3d9-406d-898c-264811801e32:192.168.69.96:33949, f6b80f64-c556-46c5-aceb-f6fa21a9cee0:192.168.69.96:37990], old=null, confs=<EMPTY_MAP>
2019-09-11 10:50:16,765 [pool-57-thread-1] INFO  server.RaftServerConfigKeys (ConfUtils.java:logGet(43)) - raft.server.storage.dir = [/workdir/hadoop-ozone/integration-test/target/test-dir/MiniOzoneClusterImpl-297df1df-0710-46bf-964b-7d382fc2ac5f/datanode-3/data/ratis] (custom)
2019-09-11 10:50:16,765 [pool-57-thread-1] INFO  storage.RaftStorageDirectory (RaftStorageDirectory.java:analyzeStorage(246)) - The storage directory /workdir/hadoop-ozone/integration-test/target/test-dir/MiniOzoneClusterImpl-297df1df-0710-46bf-964b-7d382fc2ac5f/datanode-3/data/ratis/8434d67d-9fb9-47ae-aa1c-909655ecdc6e does not exist. Creating ...
2019-09-11 10:50:16,793 [pool-27-thread-1] INFO  storage.RaftStorageDirectory (RaftStorageDirectory.java:tryLock(328)) - Lock on /workdir/hadoop-ozone/integration-test/target/test-dir/MiniOzoneClusterImpl-297df1df-0710-46bf-964b-7d382fc2ac5f/datanode-0/data/ratis/8434d67d-9fb9-47ae-aa1c-909655ecdc6e/in_use.lock acquired by nodename 27748@pr-hdds-1982-decom-states-q64lx-3787986432
2019-09-11 10:50:16,793 [pool-77-thread-1] INFO  storage.RaftStorageDirectory (RaftStorageDirectory.java:tryLock(328)) - Lock on /workdir/hadoop-ozone/integration-test/target/test-dir/MiniOzoneClusterImpl-297df1df-0710-46bf-964b-7d382fc2ac5f/datanode-5/data/ratis/8434d67d-9fb9-47ae-aa1c-909655ecdc6e/in_use.lock acquired by nodename 27748@pr-hdds-1982-decom-states-q64lx-3787986432
2019-09-11 10:50:16,805 [pool-57-thread-1] INFO  storage.RaftStorageDirectory (RaftStorageDirectory.java:tryLock(328)) - Lock on /workdir/hadoop-ozone/integration-test/target/test-dir/MiniOzoneClusterImpl-297df1df-0710-46bf-964b-7d382fc2ac5f/datanode-3/data/ratis/8434d67d-9fb9-47ae-aa1c-909655ecdc6e/in_use.lock acquired by nodename 27748@pr-hdds-1982-decom-states-q64lx-3787986432
2019-09-11 10:50:16,806 [pool-27-thread-1] INFO  storage.RaftStorage (RaftStorage.java:format(72)) - Storage directory /workdir/hadoop-ozone/integration-test/target/test-dir/MiniOzoneClusterImpl-297df1df-0710-46bf-964b-7d382fc2ac5f/datanode-0/data/ratis/8434d67d-9fb9-47ae-aa1c-909655ecdc6e has been successfully formatted.
2019-09-11 10:50:16,806 [pool-77-thread-1] INFO  storage.RaftStorage (RaftStorage.java:format(72)) - Storage directory /workdir/hadoop-ozone/integration-test/target/test-dir/MiniOzoneClusterImpl-297df1df-0710-46bf-964b-7d382fc2ac5f/datanode-5/data/ratis/8434d67d-9fb9-47ae-aa1c-909655ecdc6e has been successfully formatted.
2019-09-11 10:50:16,806 [pool-27-thread-1] INFO  ratis.ContainerStateMachine (ContainerStateMachine.java:loadSnapshot(230)) - group-909655ECDC6E: The snapshot info is null. Setting the last applied indexto:(t:0, i:~)
2019-09-11 10:50:16,806 [pool-77-thread-1] INFO  ratis.ContainerStateMachine (ContainerStateMachine.java:loadSnapshot(230)) - group-909655ECDC6E: The snapshot info is null. Setting the last applied indexto:(t:0, i:~)
2019-09-11 10:50:16,806 [pool-27-thread-1] INFO  server.RaftServerConfigKeys (ConfUtils.java:logGet(43)) - raft.server.notification.no-leader.timeout = 120s (custom)
2019-09-11 10:50:16,806 [pool-77-thread-1] INFO  server.RaftServerConfigKeys (ConfUtils.java:logGet(43)) - raft.server.notification.no-leader.timeout = 120s (custom)
2019-09-11 10:50:16,806 [pool-27-thread-1] INFO  server.RaftServerConfigKeys (ConfUtils.java:logGet(43)) - raft.server.log.use.memory = false (default)
2019-09-11 10:50:16,807 [pool-77-thread-1] INFO  server.RaftServerConfigKeys (ConfUtils.java:logGet(43)) - raft.server.log.use.memory = false (default)
2019-09-11 10:50:16,807 [pool-27-thread-1] INFO  server.RaftServerConfigKeys (ConfUtils.java:logGet(43)) - raft.server.log.purge.gap = 1000000 (custom)
2019-09-11 10:50:16,807 [pool-77-thread-1] INFO  server.RaftServerConfigKeys (ConfUtils.java:logGet(43)) - raft.server.log.purge.gap = 1000000 (custom)
2019-09-11 10:50:16,807 [pool-27-thread-1] INFO  server.RaftServerConfigKeys (ConfUtils.java:logGet(43)) - raft.server.log.appender.buffer.byte-limit = 33554432 (custom)
2019-09-11 10:50:16,807 [pool-77-thread-1] INFO  server.RaftServerConfigKeys (ConfUtils.java:logGet(43)) - raft.server.log.appender.buffer.byte-limit = 33554432 (custom)
2019-09-11 10:50:16,807 [pool-27-thread-1] INFO  server.RaftServerConfigKeys (ConfUtils.java:logGet(43)) - raft.server.log.segment.size.max = 1048576 (custom)
2019-09-11 10:50:16,807 [pool-77-thread-1] INFO  server.RaftServerConfigKeys (ConfUtils.java:logGet(43)) - raft.server.log.segment.size.max = 1048576 (custom)
2019-09-11 10:50:16,807 [pool-27-thread-1] INFO  server.RaftServerConfigKeys (ConfUtils.java:logGet(43)) - raft.server.log.segment.cache.num.max = 2 (custom)
2019-09-11 10:50:16,807 [pool-77-thread-1] INFO  server.RaftServerConfigKeys (ConfUtils.java:logGet(43)) - raft.server.log.segment.cache.num.max = 2 (custom)
2019-09-11 10:50:16,807 [pool-27-thread-1] INFO  segmented.SegmentedRaftLogWorker (SegmentedRaftLogWorker.java:<init>(172)) - new d3702e78-1ca1-4dfa-b662-c69ae136cdc5@group-909655ECDC6E-SegmentedRaftLogWorker for RaftStorage:Storage Directory /workdir/hadoop-ozone/integration-test/target/test-dir/MiniOzoneClusterImpl-297df1df-0710-46bf-964b-7d382fc2ac5f/datanode-0/data/ratis/8434d67d-9fb9-47ae-aa1c-909655ecdc6e
2019-09-11 10:50:16,808 [pool-77-thread-1] INFO  segmented.SegmentedRaftLogWorker (SegmentedRaftLogWorker.java:<init>(172)) - new c1836fb8-e3d9-406d-898c-264811801e32@group-909655ECDC6E-SegmentedRaftLogWorker for RaftStorage:Storage Directory /workdir/hadoop-ozone/integration-test/target/test-dir/MiniOzoneClusterImpl-297df1df-0710-46bf-964b-7d382fc2ac5f/datanode-5/data/ratis/8434d67d-9fb9-47ae-aa1c-909655ecdc6e
2019-09-11 10:50:16,808 [pool-27-thread-1] INFO  server.RaftServerConfigKeys (ConfUtils.java:logGet(43)) - raft.server.log.queue.byte-limit = 2147483647 (custom)
2019-09-11 10:50:16,808 [pool-77-thread-1] INFO  server.RaftServerConfigKeys (ConfUtils.java:logGet(43)) - raft.server.log.queue.byte-limit = 2147483647 (custom)
2019-09-11 10:50:16,808 [pool-27-thread-1] INFO  server.RaftServerConfigKeys (ConfUtils.java:logGet(43)) - raft.server.log.queue.element-limit = 1024 (custom)
2019-09-11 10:50:16,808 [pool-77-thread-1] INFO  server.RaftServerConfigKeys (ConfUtils.java:logGet(43)) - raft.server.log.queue.element-limit = 1024 (custom)
2019-09-11 10:50:16,808 [pool-27-thread-1] INFO  server.RaftServerConfigKeys (ConfUtils.java:logGet(43)) - raft.server.log.segment.size.max = 1048576 (custom)
2019-09-11 10:50:16,808 [pool-77-thread-1] INFO  server.RaftServerConfigKeys (ConfUtils.java:logGet(43)) - raft.server.log.segment.size.max = 1048576 (custom)
2019-09-11 10:50:16,808 [pool-27-thread-1] INFO  server.RaftServerConfigKeys (ConfUtils.java:logGet(43)) - raft.server.log.preallocated.size = 16384 (custom)
2019-09-11 10:50:16,809 [pool-77-thread-1] INFO  server.RaftServerConfigKeys (ConfUtils.java:logGet(43)) - raft.server.log.preallocated.size = 16384 (custom)
2019-09-11 10:50:16,809 [pool-27-thread-1] INFO  server.RaftServerConfigKeys (ConfUtils.java:logGet(43)) - raft.server.log.write.buffer.size = 33554432 (custom)
2019-09-11 10:50:16,809 [pool-77-thread-1] INFO  server.RaftServerConfigKeys (ConfUtils.java:logGet(43)) - raft.server.log.write.buffer.size = 33554432 (custom)
2019-09-11 10:50:16,809 [pool-27-thread-1] INFO  server.RaftServerConfigKeys (ConfUtils.java:logGet(43)) - raft.server.log.force.sync.num = 128 (default)
2019-09-11 10:50:16,809 [pool-77-thread-1] INFO  server.RaftServerConfigKeys (ConfUtils.java:logGet(43)) - raft.server.log.force.sync.num = 128 (default)
2019-09-11 10:50:16,809 [pool-27-thread-1] INFO  server.RaftServerConfigKeys (ConfUtils.java:logGet(43)) - raft.server.log.statemachine.data.sync = true (default)
2019-09-11 10:50:16,809 [pool-77-thread-1] INFO  server.RaftServerConfigKeys (ConfUtils.java:logGet(43)) - raft.server.log.statemachine.data.sync = true (default)
2019-09-11 10:50:16,809 [pool-27-thread-1] INFO  server.RaftServerConfigKeys (ConfUtils.java:logGet(43)) - raft.server.log.statemachine.data.sync.timeout = 10s (default)
2019-09-11 10:50:16,809 [pool-77-thread-1] INFO  server.RaftServerConfigKeys (ConfUtils.java:logGet(43)) - raft.server.log.statemachine.data.sync.timeout = 10s (default)
2019-09-11 10:50:16,809 [pool-27-thread-1] INFO  server.RaftServerConfigKeys (ConfUtils.java:logGet(43)) - raft.server.log.statemachine.data.sync.timeout.retry = -1 (default)
2019-09-11 10:50:16,810 [pool-77-thread-1] INFO  server.RaftServerConfigKeys (ConfUtils.java:logGet(43)) - raft.server.log.statemachine.data.sync.timeout.retry = -1 (default)
2019-09-11 10:50:16,810 [pool-27-thread-1] INFO  server.RaftServerConfigKeys (ConfUtils.java:logGet(43)) - raft.server.log.statemachine.data.caching.enabled = true (custom)
2019-09-11 10:50:16,810 [pool-77-thread-1] INFO  server.RaftServerConfigKeys (ConfUtils.java:logGet(43)) - raft.server.log.statemachine.data.caching.enabled = true (custom)
2019-09-11 10:50:16,810 [pool-27-thread-1] INFO  segmented.SegmentedRaftLogWorker (SegmentedRaftLogWorker.java:lambda$new$0(132)) - d3702e78-1ca1-4dfa-b662-c69ae136cdc5@group-909655ECDC6E-SegmentedRaftLogWorker: flushIndex: setUnconditionally 0 -> -1
2019-09-11 10:50:16,810 [pool-77-thread-1] INFO  segmented.SegmentedRaftLogWorker (SegmentedRaftLogWorker.java:lambda$new$0(132)) - c1836fb8-e3d9-406d-898c-264811801e32@group-909655ECDC6E-SegmentedRaftLogWorker: flushIndex: setUnconditionally 0 -> -1
2019-09-11 10:50:16,810 [pool-27-thread-1] INFO  server.RaftServerConfigKeys (ConfUtils.java:logGet(43)) - raft.server.snapshot.auto.trigger.enabled = true (custom)
2019-09-11 10:50:16,811 [pool-77-thread-1] INFO  server.RaftServerConfigKeys (ConfUtils.java:logGet(43)) - raft.server.snapshot.auto.trigger.enabled = true (custom)
2019-09-11 10:50:16,811 [pool-27-thread-1] INFO  server.RaftServerConfigKeys (ConfUtils.java:logGet(43)) - raft.server.snapshot.auto.trigger.threshold = 10000 (custom)
2019-09-11 10:50:16,811 [pool-77-thread-1] INFO  server.RaftServerConfigKeys (ConfUtils.java:logGet(43)) - raft.server.snapshot.auto.trigger.threshold = 10000 (custom)
2019-09-11 10:50:16,811 [pool-27-thread-1] INFO  server.RaftServerConfigKeys (ConfUtils.java:logGet(43)) - raft.server.snapshot.retention.num.files = -1 (default)
2019-09-11 10:50:16,811 [pool-77-thread-1] INFO  server.RaftServerConfigKeys (ConfUtils.java:logGet(43)) - raft.server.snapshot.retention.num.files = -1 (default)
2019-09-11 10:50:16,811 [pool-27-thread-1] INFO  server.RaftServerConfigKeys (ConfUtils.java:logGet(43)) - raft.server.retrycache.expirytime = 600000ms (custom)
2019-09-11 10:50:16,811 [pool-77-thread-1] INFO  server.RaftServerConfigKeys (ConfUtils.java:logGet(43)) - raft.server.retrycache.expirytime = 600000ms (custom)
2019-09-11 10:50:16,814 [pool-27-thread-1] INFO  impl.RaftServerImpl (RaftServerImpl.java:start(185)) - d3702e78-1ca1-4dfa-b662-c69ae136cdc5@group-909655ECDC6E: start as a follower, conf=-1: [d3702e78-1ca1-4dfa-b662-c69ae136cdc5:192.168.69.96:32817, c1836fb8-e3d9-406d-898c-264811801e32:192.168.69.96:33949, f6b80f64-c556-46c5-aceb-f6fa21a9cee0:192.168.69.96:37990], old=null
2019-09-11 10:50:16,814 [pool-27-thread-1] INFO  impl.RaftServerImpl (RaftServerImpl.java:setRole(174)) - d3702e78-1ca1-4dfa-b662-c69ae136cdc5@group-909655ECDC6E: changes role from      null to FOLLOWER at term 0 for startAsFollower
2019-09-11 10:50:16,814 [pool-77-thread-1] INFO  impl.RaftServerImpl (RaftServerImpl.java:start(185)) - c1836fb8-e3d9-406d-898c-264811801e32@group-909655ECDC6E: start as a follower, conf=-1: [d3702e78-1ca1-4dfa-b662-c69ae136cdc5:192.168.69.96:32817, c1836fb8-e3d9-406d-898c-264811801e32:192.168.69.96:33949, f6b80f64-c556-46c5-aceb-f6fa21a9cee0:192.168.69.96:37990], old=null
2019-09-11 10:50:16,814 [pool-27-thread-1] INFO  impl.RoleInfo (RoleInfo.java:updateAndGet(143)) - d3702e78-1ca1-4dfa-b662-c69ae136cdc5: start FollowerState
2019-09-11 10:50:16,814 [pool-77-thread-1] INFO  impl.RaftServerImpl (RaftServerImpl.java:setRole(174)) - c1836fb8-e3d9-406d-898c-264811801e32@group-909655ECDC6E: changes role from      null to FOLLOWER at term 0 for startAsFollower
2019-09-11 10:50:16,814 [pool-77-thread-1] INFO  impl.RoleInfo (RoleInfo.java:updateAndGet(143)) - c1836fb8-e3d9-406d-898c-264811801e32: start FollowerState
2019-09-11 10:50:16,815 [pool-27-thread-1] INFO  util.JmxRegister (JmxRegister.java:tryRegister(44)) - Successfully registered JMX Bean with object name Ratis:service=RaftServer,group=group-909655ECDC6E,id=d3702e78-1ca1-4dfa-b662-c69ae136cdc5
2019-09-11 10:50:16,815 [pool-77-thread-1] INFO  util.JmxRegister (JmxRegister.java:tryRegister(44)) - Successfully registered JMX Bean with object name Ratis:service=RaftServer,group=group-909655ECDC6E,id=c1836fb8-e3d9-406d-898c-264811801e32
2019-09-11 10:50:16,822 [pool-57-thread-1] INFO  storage.RaftStorage (RaftStorage.java:format(72)) - Storage directory /workdir/hadoop-ozone/integration-test/target/test-dir/MiniOzoneClusterImpl-297df1df-0710-46bf-964b-7d382fc2ac5f/datanode-3/data/ratis/8434d67d-9fb9-47ae-aa1c-909655ecdc6e has been successfully formatted.
2019-09-11 10:50:16,823 [pool-57-thread-1] INFO  ratis.ContainerStateMachine (ContainerStateMachine.java:loadSnapshot(230)) - group-909655ECDC6E: The snapshot info is null. Setting the last applied indexto:(t:0, i:~)
2019-09-11 10:50:16,823 [pool-57-thread-1] INFO  server.RaftServerConfigKeys (ConfUtils.java:logGet(43)) - raft.server.notification.no-leader.timeout = 120s (custom)
2019-09-11 10:50:16,823 [pool-57-thread-1] INFO  server.RaftServerConfigKeys (ConfUtils.java:logGet(43)) - raft.server.log.use.memory = false (default)
2019-09-11 10:50:16,823 [pool-57-thread-1] INFO  server.RaftServerConfigKeys (ConfUtils.java:logGet(43)) - raft.server.log.purge.gap = 1000000 (custom)
2019-09-11 10:50:16,823 [pool-57-thread-1] INFO  server.RaftServerConfigKeys (ConfUtils.java:logGet(43)) - raft.server.log.appender.buffer.byte-limit = 33554432 (custom)
2019-09-11 10:50:16,823 [pool-57-thread-1] INFO  server.RaftServerConfigKeys (ConfUtils.java:logGet(43)) - raft.server.log.segment.size.max = 1048576 (custom)
2019-09-11 10:50:16,823 [pool-57-thread-1] INFO  server.RaftServerConfigKeys (ConfUtils.java:logGet(43)) - raft.server.log.segment.cache.num.max = 2 (custom)
2019-09-11 10:50:16,823 [pool-57-thread-1] INFO  segmented.SegmentedRaftLogWorker (SegmentedRaftLogWorker.java:<init>(172)) - new f6b80f64-c556-46c5-aceb-f6fa21a9cee0@group-909655ECDC6E-SegmentedRaftLogWorker for RaftStorage:Storage Directory /workdir/hadoop-ozone/integration-test/target/test-dir/MiniOzoneClusterImpl-297df1df-0710-46bf-964b-7d382fc2ac5f/datanode-3/data/ratis/8434d67d-9fb9-47ae-aa1c-909655ecdc6e
2019-09-11 10:50:16,824 [pool-57-thread-1] INFO  server.RaftServerConfigKeys (ConfUtils.java:logGet(43)) - raft.server.log.queue.byte-limit = 2147483647 (custom)
2019-09-11 10:50:16,824 [pool-57-thread-1] INFO  server.RaftServerConfigKeys (ConfUtils.java:logGet(43)) - raft.server.log.queue.element-limit = 1024 (custom)
2019-09-11 10:50:16,824 [pool-57-thread-1] INFO  server.RaftServerConfigKeys (ConfUtils.java:logGet(43)) - raft.server.log.segment.size.max = 1048576 (custom)
2019-09-11 10:50:16,824 [pool-57-thread-1] INFO  server.RaftServerConfigKeys (ConfUtils.java:logGet(43)) - raft.server.log.preallocated.size = 16384 (custom)
2019-09-11 10:50:16,824 [pool-57-thread-1] INFO  server.RaftServerConfigKeys (ConfUtils.java:logGet(43)) - raft.server.log.write.buffer.size = 33554432 (custom)
2019-09-11 10:50:16,824 [pool-57-thread-1] INFO  server.RaftServerConfigKeys (ConfUtils.java:logGet(43)) - raft.server.log.force.sync.num = 128 (default)
2019-09-11 10:50:16,824 [pool-57-thread-1] INFO  server.RaftServerConfigKeys (ConfUtils.java:logGet(43)) - raft.server.log.statemachine.data.sync = true (default)
2019-09-11 10:50:16,824 [pool-57-thread-1] INFO  server.RaftServerConfigKeys (ConfUtils.java:logGet(43)) - raft.server.log.statemachine.data.sync.timeout = 10s (default)
2019-09-11 10:50:16,824 [pool-57-thread-1] INFO  server.RaftServerConfigKeys (ConfUtils.java:logGet(43)) - raft.server.log.statemachine.data.sync.timeout.retry = -1 (default)
2019-09-11 10:50:16,825 [pool-57-thread-1] INFO  server.RaftServerConfigKeys (ConfUtils.java:logGet(43)) - raft.server.log.statemachine.data.caching.enabled = true (custom)
2019-09-11 10:50:16,834 [pool-57-thread-1] INFO  segmented.SegmentedRaftLogWorker (SegmentedRaftLogWorker.java:lambda$new$0(132)) - f6b80f64-c556-46c5-aceb-f6fa21a9cee0@group-909655ECDC6E-SegmentedRaftLogWorker: flushIndex: setUnconditionally 0 -> -1
2019-09-11 10:50:16,834 [pool-57-thread-1] INFO  server.RaftServerConfigKeys (ConfUtils.java:logGet(43)) - raft.server.snapshot.auto.trigger.enabled = true (custom)
2019-09-11 10:50:16,834 [pool-57-thread-1] INFO  server.RaftServerConfigKeys (ConfUtils.java:logGet(43)) - raft.server.snapshot.auto.trigger.threshold = 10000 (custom)
2019-09-11 10:50:16,834 [pool-57-thread-1] INFO  server.RaftServerConfigKeys (ConfUtils.java:logGet(43)) - raft.server.snapshot.retention.num.files = -1 (default)
2019-09-11 10:50:16,835 [pool-57-thread-1] INFO  server.RaftServerConfigKeys (ConfUtils.java:logGet(43)) - raft.server.retrycache.expirytime = 600000ms (custom)
2019-09-11 10:50:16,836 [pool-57-thread-1] INFO  impl.RaftServerImpl (RaftServerImpl.java:start(185)) - f6b80f64-c556-46c5-aceb-f6fa21a9cee0@group-909655ECDC6E: start as a follower, conf=-1: [d3702e78-1ca1-4dfa-b662-c69ae136cdc5:192.168.69.96:32817, c1836fb8-e3d9-406d-898c-264811801e32:192.168.69.96:33949, f6b80f64-c556-46c5-aceb-f6fa21a9cee0:192.168.69.96:37990], old=null
2019-09-11 10:50:16,837 [pool-57-thread-1] INFO  impl.RaftServerImpl (RaftServerImpl.java:setRole(174)) - f6b80f64-c556-46c5-aceb-f6fa21a9cee0@group-909655ECDC6E: changes role from      null to FOLLOWER at term 0 for startAsFollower
2019-09-11 10:50:16,837 [pool-57-thread-1] INFO  impl.RoleInfo (RoleInfo.java:updateAndGet(143)) - f6b80f64-c556-46c5-aceb-f6fa21a9cee0: start FollowerState
2019-09-11 10:50:16,837 [pool-57-thread-1] INFO  util.JmxRegister (JmxRegister.java:tryRegister(44)) - Successfully registered JMX Bean with object name Ratis:service=RaftServer,group=group-909655ECDC6E,id=f6b80f64-c556-46c5-aceb-f6fa21a9cee0
2019-09-11 10:50:16,839 [RatisPipelineUtilsThread] INFO  pipeline.PipelineStateManager (PipelineStateManager.java:addPipeline(56)) - Created pipeline Pipeline[ Id: 8434d67d-9fb9-47ae-aa1c-909655ecdc6e, Nodes: f6b80f64-c556-46c5-aceb-f6fa21a9cee0{ip: 192.168.69.96, host: pr-hdds-1982-decom-states-q64lx-3787986432, networkLocation: /default-rack, certSerialId: null}d3702e78-1ca1-4dfa-b662-c69ae136cdc5{ip: 192.168.69.96, host: pr-hdds-1982-decom-states-q64lx-3787986432, networkLocation: /default-rack, certSerialId: null}c1836fb8-e3d9-406d-898c-264811801e32{ip: 192.168.69.96, host: pr-hdds-1982-decom-states-q64lx-3787986432, networkLocation: /default-rack, certSerialId: null}, Type:RATIS, Factor:THREE, State:OPEN]
2019-09-11 10:50:16,859 [grpc-default-executor-5] INFO  client.GrpcClientProtocolClient (GrpcClientProtocolClient.java:onNext(264)) - client-AE8D50DBBA60->0b636d87-96bf-4b94-9c3d-67103f83ac63: receive RaftClientReply:client-AE8D50DBBA60->0b636d87-96bf-4b94-9c3d-67103f83ac63@group-B391A177F02D, cid=35, SUCCESS, logIndex=10, commits[0b636d87-96bf-4b94-9c3d-67103f83ac63:c18, c700e686-cd5d-4589-a85c-855c3d411f03:c13, c7b9545f-c236-470c-aa8a-7cf63461d0d4:c13]
2019-09-11 10:50:16,860 [grpc-default-executor-5] INFO  client.GrpcClientProtocolClient (GrpcClientProtocolClient.java:onNext(264)) - client-AE8D50DBBA60->0b636d87-96bf-4b94-9c3d-67103f83ac63: receive RaftClientReply:client-AE8D50DBBA60->0b636d87-96bf-4b94-9c3d-67103f83ac63@group-B391A177F02D, cid=36, SUCCESS, logIndex=11, commits[0b636d87-96bf-4b94-9c3d-67103f83ac63:c18, c700e686-cd5d-4589-a85c-855c3d411f03:c13, c7b9545f-c236-470c-aa8a-7cf63461d0d4:c13]
2019-09-11 10:50:16,860 [grpc-default-executor-5] INFO  client.GrpcClientProtocolClient (GrpcClientProtocolClient.java:onNext(264)) - client-AE8D50DBBA60->0b636d87-96bf-4b94-9c3d-67103f83ac63: receive RaftClientReply:client-AE8D50DBBA60->0b636d87-96bf-4b94-9c3d-67103f83ac63@group-B391A177F02D, cid=37, SUCCESS, logIndex=12, commits[0b636d87-96bf-4b94-9c3d-67103f83ac63:c18, c700e686-cd5d-4589-a85c-855c3d411f03:c13, c7b9545f-c236-470c-aa8a-7cf63461d0d4:c13]
2019-09-11 10:50:16,997 [grpc-default-executor-5] INFO  client.GrpcClientProtocolClient (GrpcClientProtocolClient.java:onNext(264)) - client-AE8D50DBBA60->0b636d87-96bf-4b94-9c3d-67103f83ac63: receive RaftClientReply:client-AE8D50DBBA60->0b636d87-96bf-4b94-9c3d-67103f83ac63@group-B391A177F02D, cid=38, SUCCESS, logIndex=13, commits[0b636d87-96bf-4b94-9c3d-67103f83ac63:c18, c700e686-cd5d-4589-a85c-855c3d411f03:c13, c7b9545f-c236-470c-aa8a-7cf63461d0d4:c13]
]]></system-out>
  </testcase>
  <testcase name="testBufferCaching" classname="org.apache.hadoop.ozone.client.rpc.TestBlockOutputStream" time="10.719"/>
  <testcase name="testWriteWithExceedingMaxBufferLimit" classname="org.apache.hadoop.ozone.client.rpc.TestBlockOutputStream" time="0.57"/>
</testsuite>